<?xml version="1.0" encoding="UTF-8"?>
<testsuite xmlns:xsi="http://www.w3.org/2001/XMLSchema-instance" xsi:noNamespaceSchemaLocation="https://maven.apache.org/surefire/maven-surefire-plugin/xsd/surefire-test-report.xsd" name="org.apache.hadoop.ozone.client.rpc.TestOzoneClientRetriesOnException" time="410.843" tests="2" errors="1" skipped="0" failures="0">
  <properties>
    <property name="awt.toolkit" value="sun.awt.X11.XToolkit"/>
    <property name="file.encoding.pkg" value="sun.io"/>
    <property name="java.specification.version" value="1.8"/>
    <property name="sun.cpu.isalist" value=""/>
    <property name="sun.jnu.encoding" value="UTF-8"/>
    <property name="java.class.path" value="/workdir/hadoop-ozone/integration-test/target/test-classes:/workdir/hadoop-ozone/integration-test/target/classes:/home/user/.m2/repository/org/apache/hadoop/hadoop-ozone-common/0.5.0-SNAPSHOT/hadoop-ozone-common-0.5.0-SNAPSHOT.jar:/home/user/.m2/repository/org/apache/commons/commons-compress/1.4.1/commons-compress-1.4.1.jar:/home/user/.m2/repository/org/tukaani/xz/1.0/xz-1.0.jar:/home/user/.m2/repository/org/apache/hadoop/hadoop-common/3.2.0/hadoop-common-3.2.0.jar:/home/user/.m2/repository/org/apache/hadoop/hadoop-hdfs/3.2.0/hadoop-hdfs-3.2.0.jar:/home/user/.m2/repository/org/apache/hadoop/hadoop-hdfs-client/3.2.0/hadoop-hdfs-client-3.2.0.jar:/home/user/.m2/repository/com/fasterxml/jackson/core/jackson-annotations/2.9.5/jackson-annotations-2.9.5.jar:/home/user/.m2/repository/org/apache/hadoop/hadoop-hdds-common/0.5.0-SNAPSHOT/hadoop-hdds-common-0.5.0-SNAPSHOT.jar:/home/user/.m2/repository/javax/annotation/javax.annotation-api/1.2/javax.annotation-api-1.2.jar:/home/user/.m2/repository/org/apache/ratis/ratis-server/0.4.0-2337318-SNAPSHOT/ratis-server-0.4.0-2337318-SNAPSHOT.jar:/home/user/.m2/repository/org/apache/ratis/ratis-thirdparty-misc/0.2.0/ratis-thirdparty-misc-0.2.0.jar:/home/user/.m2/repository/org/apache/ratis/ratis-proto/0.4.0-2337318-SNAPSHOT/ratis-proto-0.4.0-2337318-SNAPSHOT.jar:/home/user/.m2/repository/org/apache/ratis/ratis-common/0.4.0-2337318-SNAPSHOT/ratis-common-0.4.0-2337318-SNAPSHOT.jar:/home/user/.m2/repository/org/apache/ratis/ratis-client/0.4.0-2337318-SNAPSHOT/ratis-client-0.4.0-2337318-SNAPSHOT.jar:/home/user/.m2/repository/org/apache/ratis/ratis-metrics/0.4.0-2337318-SNAPSHOT/ratis-metrics-0.4.0-2337318-SNAPSHOT.jar:/home/user/.m2/repository/org/apache/ratis/ratis-netty/0.4.0-2337318-SNAPSHOT/ratis-netty-0.4.0-2337318-SNAPSHOT.jar:/home/user/.m2/repository/org/apache/ratis/ratis-grpc/0.4.0-2337318-SNAPSHOT/ratis-grpc-0.4.0-2337318-SNAPSHOT.jar:/home/user/.m2/repository/org/rocksdb/rocksdbjni/6.0.1/rocksdbjni-6.0.1.jar:/home/user/.m2/repository/org/apache/logging/log4j/log4j-api/2.11.0/log4j-api-2.11.0.jar:/home/user/.m2/repository/org/apache/logging/log4j/log4j-core/2.11.0/log4j-core-2.11.0.jar:/home/user/.m2/repository/com/lmax/disruptor/3.4.2/disruptor-3.4.2.jar:/home/user/.m2/repository/org/apache/commons/commons-pool2/2.6.0/commons-pool2-2.6.0.jar:/home/user/.m2/repository/org/bouncycastle/bcpkix-jdk15on/1.60/bcpkix-jdk15on-1.60.jar:/home/user/.m2/repository/commons-validator/commons-validator/1.6/commons-validator-1.6.jar:/home/user/.m2/repository/commons-digester/commons-digester/1.8.1/commons-digester-1.8.1.jar:/home/user/.m2/repository/io/jaegertracing/jaeger-client/0.33.1/jaeger-client-0.33.1.jar:/home/user/.m2/repository/io/jaegertracing/jaeger-thrift/0.33.1/jaeger-thrift-0.33.1.jar:/home/user/.m2/repository/org/apache/thrift/libthrift/0.11.0/libthrift-0.11.0.jar:/home/user/.m2/repository/com/squareup/okhttp3/okhttp/3.9.0/okhttp-3.9.0.jar:/home/user/.m2/repository/com/squareup/okio/okio/1.13.0/okio-1.13.0.jar:/home/user/.m2/repository/io/jaegertracing/jaeger-core/0.33.1/jaeger-core-0.33.1.jar:/home/user/.m2/repository/io/jaegertracing/jaeger-tracerresolver/0.33.1/jaeger-tracerresolver-0.33.1.jar:/home/user/.m2/repository/io/opentracing/contrib/opentracing-tracerresolver/0.1.5/opentracing-tracerresolver-0.1.5.jar:/home/user/.m2/repository/io/opentracing/opentracing-util/0.31.0/opentracing-util-0.31.0.jar:/home/user/.m2/repository/io/opentracing/opentracing-api/0.31.0/opentracing-api-0.31.0.jar:/home/user/.m2/repository/io/opentracing/opentracing-noop/0.31.0/opentracing-noop-0.31.0.jar:/home/user/.m2/repository/org/apache/hadoop/hadoop-hdds-server-framework/0.5.0-SNAPSHOT/hadoop-hdds-server-framework-0.5.0-SNAPSHOT.jar:/home/user/.m2/repository/org/apache/hadoop/hadoop-hdds-container-service/0.5.0-SNAPSHOT/hadoop-hdds-container-service-0.5.0-SNAPSHOT.jar:/home/user/.m2/repository/org/apache/hadoop/hadoop-hdds-client/0.5.0-SNAPSHOT/hadoop-hdds-client-0.5.0-SNAPSHOT.jar:/home/user/.m2/repository/org/apache/hadoop/hadoop-hdds-tools/0.5.0-SNAPSHOT/hadoop-hdds-tools-0.5.0-SNAPSHOT.jar:/home/user/.m2/repository/org/apache/hadoop/hadoop-hdds-server-scm/0.5.0-SNAPSHOT/hadoop-hdds-server-scm-0.5.0-SNAPSHOT.jar:/home/user/.m2/repository/org/apache/hadoop/hadoop-hdds-docs/0.5.0-SNAPSHOT/hadoop-hdds-docs-0.5.0-SNAPSHOT.jar:/home/user/.m2/repository/io/dropwizard/metrics/metrics-core/3.2.4/metrics-core-3.2.4.jar:/home/user/.m2/repository/org/hamcrest/hamcrest-all/1.3/hamcrest-all-1.3.jar:/home/user/.m2/repository/org/bouncycastle/bcprov-jdk15on/1.60/bcprov-jdk15on-1.60.jar:/home/user/.m2/repository/info/picocli/picocli/3.9.6/picocli-3.9.6.jar:/home/user/.m2/repository/com/google/protobuf/protobuf-java/2.5.0/protobuf-java-2.5.0.jar:/home/user/.m2/repository/com/google/guava/guava/11.0.2/guava-11.0.2.jar:/home/user/.m2/repository/org/apache/hadoop/hadoop-ozone-ozone-manager/0.5.0-SNAPSHOT/hadoop-ozone-ozone-manager-0.5.0-SNAPSHOT.jar:/home/user/.m2/repository/org/apache/hadoop/hadoop-minikdc/3.2.0/hadoop-minikdc-3.2.0.jar:/home/user/.m2/repository/commons-io/commons-io/2.5/commons-io-2.5.jar:/home/user/.m2/repository/org/apache/kerby/kerb-simplekdc/1.0.1/kerb-simplekdc-1.0.1.jar:/home/user/.m2/repository/org/apache/kerby/kerb-client/1.0.1/kerb-client-1.0.1.jar:/home/user/.m2/repository/org/apache/kerby/kerby-config/1.0.1/kerby-config-1.0.1.jar:/home/user/.m2/repository/org/apache/kerby/kerb-core/1.0.1/kerb-core-1.0.1.jar:/home/user/.m2/repository/org/apache/kerby/kerby-pkix/1.0.1/kerby-pkix-1.0.1.jar:/home/user/.m2/repository/org/apache/kerby/kerby-asn1/1.0.1/kerby-asn1-1.0.1.jar:/home/user/.m2/repository/org/apache/kerby/kerby-util/1.0.1/kerby-util-1.0.1.jar:/home/user/.m2/repository/org/apache/kerby/kerb-common/1.0.1/kerb-common-1.0.1.jar:/home/user/.m2/repository/org/apache/kerby/kerb-crypto/1.0.1/kerb-crypto-1.0.1.jar:/home/user/.m2/repository/org/apache/kerby/kerb-util/1.0.1/kerb-util-1.0.1.jar:/home/user/.m2/repository/org/apache/kerby/token-provider/1.0.1/token-provider-1.0.1.jar:/home/user/.m2/repository/org/apache/kerby/kerb-admin/1.0.1/kerb-admin-1.0.1.jar:/home/user/.m2/repository/org/apache/kerby/kerb-server/1.0.1/kerb-server-1.0.1.jar:/home/user/.m2/repository/org/apache/kerby/kerb-identity/1.0.1/kerb-identity-1.0.1.jar:/home/user/.m2/repository/org/apache/kerby/kerby-xdr/1.0.1/kerby-xdr-1.0.1.jar:/home/user/.m2/repository/org/slf4j/slf4j-log4j12/1.7.25/slf4j-log4j12-1.7.25.jar:/home/user/.m2/repository/org/apache/hadoop/hadoop-ozone-objectstore-service/0.5.0-SNAPSHOT/hadoop-ozone-objectstore-service-0.5.0-SNAPSHOT.jar:/home/user/.m2/repository/org/apache/hadoop/hadoop-ozone-s3gateway/0.5.0-SNAPSHOT/hadoop-ozone-s3gateway-0.5.0-SNAPSHOT.jar:/home/user/.m2/repository/org/jboss/weld/servlet/weld-servlet/2.4.7.Final/weld-servlet-2.4.7.Final.jar:/home/user/.m2/repository/org/glassfish/jersey/containers/jersey-container-servlet-core/2.27/jersey-container-servlet-core-2.27.jar:/home/user/.m2/repository/org/glassfish/hk2/external/javax.inject/2.5.0-b42/javax.inject-2.5.0-b42.jar:/home/user/.m2/repository/org/glassfish/jersey/core/jersey-common/2.27/jersey-common-2.27.jar:/home/user/.m2/repository/org/glassfish/hk2/osgi-resource-locator/1.0.1/osgi-resource-locator-1.0.1.jar:/home/user/.m2/repository/javax/ws/rs/javax.ws.rs-api/2.1/javax.ws.rs-api-2.1.jar:/home/user/.m2/repository/org/glassfish/jersey/ext/cdi/jersey-cdi1x/2.27/jersey-cdi1x-2.27.jar:/home/user/.m2/repository/org/glassfish/jersey/inject/jersey-hk2/2.27/jersey-hk2-2.27.jar:/home/user/.m2/repository/org/glassfish/hk2/hk2-locator/2.5.0-b42/hk2-locator-2.5.0-b42.jar:/home/user/.m2/repository/org/javassist/javassist/3.22.0-CR2/javassist-3.22.0-CR2.jar:/home/user/.m2/repository/org/glassfish/hk2/hk2-api/2.5.0/hk2-api-2.5.0.jar:/home/user/.m2/repository/org/glassfish/hk2/external/jakarta.inject/2.5.0/jakarta.inject-2.5.0.jar:/home/user/.m2/repository/org/glassfish/hk2/hk2-utils/2.5.0/hk2-utils-2.5.0.jar:/home/user/.m2/repository/jakarta/annotation/jakarta.annotation-api/1.3.4/jakarta.annotation-api-1.3.4.jar:/home/user/.m2/repository/org/glassfish/hk2/external/aopalliance-repackaged/2.5.0/aopalliance-repackaged-2.5.0.jar:/home/user/.m2/repository/com/fasterxml/jackson/dataformat/jackson-dataformat-xml/2.9.0/jackson-dataformat-xml-2.9.0.jar:/home/user/.m2/repository/com/fasterxml/jackson/core/jackson-core/2.9.5/jackson-core-2.9.5.jar:/home/user/.m2/repository/com/fasterxml/jackson/module/jackson-module-jaxb-annotations/2.9.5/jackson-module-jaxb-annotations-2.9.5.jar:/home/user/.m2/repository/javax/enterprise/cdi-api/1.2/cdi-api-1.2.jar:/home/user/.m2/repository/javax/el/javax.el-api/3.0.0/javax.el-api-3.0.0.jar:/home/user/.m2/repository/javax/interceptor/javax.interceptor-api/1.2/javax.interceptor-api-1.2.jar:/home/user/.m2/repository/javax/inject/javax.inject/1/javax.inject-1.jar:/home/user/.m2/repository/com/sun/xml/bind/jaxb-impl/2.3.0.1/jaxb-impl-2.3.0.1.jar:/home/user/.m2/repository/com/sun/xml/bind/jaxb-core/2.3.0.1/jaxb-core-2.3.0.1.jar:/home/user/.m2/repository/javax/xml/bind/jaxb-api/2.3.0/jaxb-api-2.3.0.jar:/home/user/.m2/repository/javax/activation/activation/1.1.1/activation-1.1.1.jar:/home/user/.m2/repository/org/apache/hadoop/hadoop-ozone-csi/0.5.0-SNAPSHOT/hadoop-ozone-csi-0.5.0-SNAPSHOT.jar:/home/user/.m2/repository/com/google/protobuf/protobuf-java-util/3.5.1/protobuf-java-util-3.5.1.jar:/home/user/.m2/repository/org/apache/hadoop/hadoop-hdds-config/0.5.0-SNAPSHOT/hadoop-hdds-config-0.5.0-SNAPSHOT.jar:/home/user/.m2/repository/io/grpc/grpc-netty/1.17.1/grpc-netty-1.17.1.jar:/home/user/.m2/repository/io/grpc/grpc-core/1.17.1/grpc-core-1.17.1.jar:/home/user/.m2/repository/io/grpc/grpc-context/1.17.1/grpc-context-1.17.1.jar:/home/user/.m2/repository/com/google/errorprone/error_prone_annotations/2.2.0/error_prone_annotations-2.2.0.jar:/home/user/.m2/repository/org/codehaus/mojo/animal-sniffer-annotations/1.17/animal-sniffer-annotations-1.17.jar:/home/user/.m2/repository/io/opencensus/opencensus-api/0.17.0/opencensus-api-0.17.0.jar:/home/user/.m2/repository/io/opencensus/opencensus-contrib-grpc-metrics/0.17.0/opencensus-contrib-grpc-metrics-0.17.0.jar:/home/user/.m2/repository/io/netty/netty-codec-http2/4.1.30.Final/netty-codec-http2-4.1.30.Final.jar:/home/user/.m2/repository/io/netty/netty-codec-http/4.1.30.Final/netty-codec-http-4.1.30.Final.jar:/home/user/.m2/repository/io/netty/netty-codec/4.1.30.Final/netty-codec-4.1.30.Final.jar:/home/user/.m2/repository/io/netty/netty-handler/4.1.30.Final/netty-handler-4.1.30.Final.jar:/home/user/.m2/repository/io/netty/netty-handler-proxy/4.1.30.Final/netty-handler-proxy-4.1.30.Final.jar:/home/user/.m2/repository/io/netty/netty-codec-socks/4.1.30.Final/netty-codec-socks-4.1.30.Final.jar:/home/user/.m2/repository/io/netty/netty-transport-native-epoll/4.1.30.Final/netty-transport-native-epoll-4.1.30.Final.jar:/home/user/.m2/repository/io/netty/netty-common/4.1.30.Final/netty-common-4.1.30.Final.jar:/home/user/.m2/repository/io/netty/netty-buffer/4.1.30.Final/netty-buffer-4.1.30.Final.jar:/home/user/.m2/repository/io/netty/netty-transport/4.1.30.Final/netty-transport-4.1.30.Final.jar:/home/user/.m2/repository/io/netty/netty-resolver/4.1.30.Final/netty-resolver-4.1.30.Final.jar:/home/user/.m2/repository/io/netty/netty-transport-native-unix-common/4.1.30.Final/netty-transport-native-unix-common-4.1.30.Final.jar:/home/user/.m2/repository/io/grpc/grpc-protobuf/1.17.1/grpc-protobuf-1.17.1.jar:/home/user/.m2/repository/com/google/api/grpc/proto-google-common-protos/1.0.0/proto-google-common-protos-1.0.0.jar:/home/user/.m2/repository/io/grpc/grpc-protobuf-lite/1.17.1/grpc-protobuf-lite-1.17.1.jar:/home/user/.m2/repository/io/grpc/grpc-stub/1.17.1/grpc-stub-1.17.1.jar:/home/user/.m2/repository/org/apache/hadoop/hadoop-ozone-recon/0.5.0-SNAPSHOT/hadoop-ozone-recon-0.5.0-SNAPSHOT.jar:/home/user/.m2/repository/org/apache/hadoop/hadoop-ozone-reconcodegen/0.5.0-SNAPSHOT/hadoop-ozone-reconcodegen-0.5.0-SNAPSHOT.jar:/home/user/.m2/repository/com/google/inject/extensions/guice-multibindings/4.0/guice-multibindings-4.0.jar:/home/user/.m2/repository/com/google/inject/guice/4.0/guice-4.0.jar:/home/user/.m2/repository/aopalliance/aopalliance/1.0/aopalliance-1.0.jar:/home/user/.m2/repository/com/google/inject/extensions/guice-servlet/4.0/guice-servlet-4.0.jar:/home/user/.m2/repository/org/glassfish/jersey/containers/jersey-container-servlet/2.27/jersey-container-servlet-2.27.jar:/home/user/.m2/repository/org/glassfish/hk2/guice-bridge/2.5.0/guice-bridge-2.5.0.jar:/home/user/.m2/repository/org/glassfish/jersey/core/jersey-server/2.27/jersey-server-2.27.jar:/home/user/.m2/repository/org/glassfish/jersey/core/jersey-client/2.27/jersey-client-2.27.jar:/home/user/.m2/repository/org/glassfish/jersey/media/jersey-media-jaxb/2.27/jersey-media-jaxb-2.27.jar:/home/user/.m2/repository/javax/validation/validation-api/1.1.0.Final/validation-api-1.1.0.Final.jar:/home/user/.m2/repository/org/glassfish/jersey/media/jersey-media-json-jackson/2.27/jersey-media-json-jackson-2.27.jar:/home/user/.m2/repository/org/glassfish/jersey/ext/jersey-entity-filtering/2.27/jersey-entity-filtering-2.27.jar:/home/user/.m2/repository/com/google/inject/extensions/guice-assistedinject/4.0/guice-assistedinject-4.0.jar:/home/user/.m2/repository/org/jooq/jooq/3.11.10/jooq-3.11.10.jar:/home/user/.m2/repository/org/jooq/jooq-meta/3.11.10/jooq-meta-3.11.10.jar:/home/user/.m2/repository/org/jooq/jooq-codegen/3.11.10/jooq-codegen-3.11.10.jar:/home/user/.m2/repository/com/jolbox/bonecp/0.8.0.RELEASE/bonecp-0.8.0.RELEASE.jar:/home/user/.m2/repository/org/xerial/sqlite-jdbc/3.25.2/sqlite-jdbc-3.25.2.jar:/home/user/.m2/repository/org/springframework/spring-jdbc/5.1.3.RELEASE/spring-jdbc-5.1.3.RELEASE.jar:/home/user/.m2/repository/org/springframework/spring-beans/5.1.3.RELEASE/spring-beans-5.1.3.RELEASE.jar:/home/user/.m2/repository/org/springframework/spring-core/5.1.3.RELEASE/spring-core-5.1.3.RELEASE.jar:/home/user/.m2/repository/org/springframework/spring-jcl/5.1.3.RELEASE/spring-jcl-5.1.3.RELEASE.jar:/home/user/.m2/repository/org/springframework/spring-tx/5.1.3.RELEASE/spring-tx-5.1.3.RELEASE.jar:/home/user/.m2/repository/org/apache/hadoop/hadoop-ozone-client/0.5.0-SNAPSHOT/hadoop-ozone-client-0.5.0-SNAPSHOT.jar:/home/user/.m2/repository/commons-lang/commons-lang/2.6/commons-lang-2.6.jar:/home/user/.m2/repository/org/apache/hadoop/hadoop-ozone-ozone-manager/0.5.0-SNAPSHOT/hadoop-ozone-ozone-manager-0.5.0-SNAPSHOT-tests.jar:/home/user/.m2/repository/junit/junit/4.11/junit-4.11.jar:/home/user/.m2/repository/org/hamcrest/hamcrest-core/1.3/hamcrest-core-1.3.jar:/home/user/.m2/repository/org/openjdk/jmh/jmh-core/1.19/jmh-core-1.19.jar:/home/user/.m2/repository/net/sf/jopt-simple/jopt-simple/4.6/jopt-simple-4.6.jar:/home/user/.m2/repository/org/apache/commons/commons-math3/3.1.1/commons-math3-3.1.1.jar:/home/user/.m2/repository/org/openjdk/jmh/jmh-generator-annprocess/1.19/jmh-generator-annprocess-1.19.jar:/home/user/.m2/repository/org/mockito/mockito-all/1.8.5/mockito-all-1.8.5.jar:/home/user/.m2/repository/org/apache/hadoop/hadoop-kms/3.2.0/hadoop-kms-3.2.0.jar:/home/user/.m2/repository/org/apache/hadoop/hadoop-auth/3.2.0/hadoop-auth-3.2.0.jar:/home/user/.m2/repository/com/nimbusds/nimbus-jose-jwt/4.41.1/nimbus-jose-jwt-4.41.1.jar:/home/user/.m2/repository/com/github/stephenc/jcip/jcip-annotations/1.0-1/jcip-annotations-1.0-1.jar:/home/user/.m2/repository/net/minidev/json-smart/2.3/json-smart-2.3.jar:/home/user/.m2/repository/net/minidev/accessors-smart/1.2/accessors-smart-1.2.jar:/home/user/.m2/repository/org/ow2/asm/asm/5.0.4/asm-5.0.4.jar:/home/user/.m2/repository/org/apache/curator/curator-framework/2.12.0/curator-framework-2.12.0.jar:/home/user/.m2/repository/com/sun/jersey/jersey-core/1.19/jersey-core-1.19.jar:/home/user/.m2/repository/javax/ws/rs/jsr311-api/1.1.1/jsr311-api-1.1.1.jar:/home/user/.m2/repository/com/sun/jersey/jersey-server/1.19/jersey-server-1.19.jar:/home/user/.m2/repository/javax/servlet/javax.servlet-api/3.1.0/javax.servlet-api-3.1.0.jar:/home/user/.m2/repository/org/eclipse/jetty/jetty-server/9.3.24.v20180605/jetty-server-9.3.24.v20180605.jar:/home/user/.m2/repository/org/eclipse/jetty/jetty-http/9.3.24.v20180605/jetty-http-9.3.24.v20180605.jar:/home/user/.m2/repository/org/eclipse/jetty/jetty-io/9.3.24.v20180605/jetty-io-9.3.24.v20180605.jar:/home/user/.m2/repository/org/eclipse/jetty/jetty-webapp/9.3.24.v20180605/jetty-webapp-9.3.24.v20180605.jar:/home/user/.m2/repository/org/eclipse/jetty/jetty-xml/9.3.24.v20180605/jetty-xml-9.3.24.v20180605.jar:/home/user/.m2/repository/log4j/log4j/1.2.17/log4j-1.2.17.jar:/home/user/.m2/repository/org/slf4j/slf4j-api/1.7.25/slf4j-api-1.7.25.jar:/home/user/.m2/repository/org/slf4j/jul-to-slf4j/1.7.25/jul-to-slf4j-1.7.25.jar:/home/user/.m2/repository/org/eclipse/jetty/jetty-util/9.3.24.v20180605/jetty-util-9.3.24.v20180605.jar:/home/user/.m2/repository/com/fasterxml/jackson/core/jackson-databind/2.9.5/jackson-databind-2.9.5.jar:/home/user/.m2/repository/org/apache/hadoop/hadoop-kms/3.2.0/hadoop-kms-3.2.0-tests.jar:/home/user/.m2/repository/org/apache/hadoop/hadoop-hdds-server-scm/0.5.0-SNAPSHOT/hadoop-hdds-server-scm-0.5.0-SNAPSHOT-tests.jar:/home/user/.m2/repository/org/apache/hadoop/hadoop-hdds-container-service/0.5.0-SNAPSHOT/hadoop-hdds-container-service-0.5.0-SNAPSHOT-tests.jar:/home/user/.m2/repository/org/yaml/snakeyaml/1.16/snakeyaml-1.16.jar:/home/user/.m2/repository/org/apache/hadoop/hadoop-common/3.2.0/hadoop-common-3.2.0-tests.jar:/home/user/.m2/repository/org/apache/hadoop/hadoop-annotations/3.2.0/hadoop-annotations-3.2.0.jar:/usr/lib/jvm/java-1.8-openjdk/jre/../lib/tools.jar:/home/user/.m2/repository/commons-cli/commons-cli/1.2/commons-cli-1.2.jar:/home/user/.m2/repository/org/apache/httpcomponents/httpclient/4.5.2/httpclient-4.5.2.jar:/home/user/.m2/repository/org/apache/httpcomponents/httpcore/4.4.4/httpcore-4.4.4.jar:/home/user/.m2/repository/commons-codec/commons-codec/1.11/commons-codec-1.11.jar:/home/user/.m2/repository/commons-net/commons-net/3.6/commons-net-3.6.jar:/home/user/.m2/repository/commons-collections/commons-collections/3.2.2/commons-collections-3.2.2.jar:/home/user/.m2/repository/org/eclipse/jetty/jetty-servlet/9.3.24.v20180605/jetty-servlet-9.3.24.v20180605.jar:/home/user/.m2/repository/org/eclipse/jetty/jetty-security/9.3.24.v20180605/jetty-security-9.3.24.v20180605.jar:/home/user/.m2/repository/javax/servlet/jsp/jsp-api/2.1/jsp-api-2.1.jar:/home/user/.m2/repository/com/sun/jersey/jersey-servlet/1.19/jersey-servlet-1.19.jar:/home/user/.m2/repository/com/sun/jersey/jersey-json/1.19/jersey-json-1.19.jar:/home/user/.m2/repository/org/codehaus/jettison/jettison/1.1/jettison-1.1.jar:/home/user/.m2/repository/org/codehaus/jackson/jackson-core-asl/1.9.13/jackson-core-asl-1.9.13.jar:/home/user/.m2/repository/org/codehaus/jackson/jackson-mapper-asl/1.9.13/jackson-mapper-asl-1.9.13.jar:/home/user/.m2/repository/org/codehaus/jackson/jackson-jaxrs/1.9.13/jackson-jaxrs-1.9.13.jar:/home/user/.m2/repository/org/codehaus/jackson/jackson-xc/1.9.13/jackson-xc-1.9.13.jar:/home/user/.m2/repository/commons-logging/commons-logging/1.1.3/commons-logging-1.1.3.jar:/home/user/.m2/repository/commons-beanutils/commons-beanutils/1.9.3/commons-beanutils-1.9.3.jar:/home/user/.m2/repository/org/apache/commons/commons-configuration2/2.1.1/commons-configuration2-2.1.1.jar:/home/user/.m2/repository/org/apache/commons/commons-lang3/3.7/commons-lang3-3.7.jar:/home/user/.m2/repository/org/apache/commons/commons-text/1.4/commons-text-1.4.jar:/home/user/.m2/repository/org/apache/avro/avro/1.7.7/avro-1.7.7.jar:/home/user/.m2/repository/com/thoughtworks/paranamer/paranamer/2.3/paranamer-2.3.jar:/home/user/.m2/repository/org/xerial/snappy/snappy-java/1.0.5/snappy-java-1.0.5.jar:/home/user/.m2/repository/com/google/re2j/re2j/1.1/re2j-1.1.jar:/home/user/.m2/repository/com/google/code/gson/gson/2.2.4/gson-2.2.4.jar:/home/user/.m2/repository/com/jcraft/jsch/0.1.54/jsch-0.1.54.jar:/home/user/.m2/repository/org/apache/curator/curator-client/2.12.0/curator-client-2.12.0.jar:/home/user/.m2/repository/org/apache/curator/curator-recipes/2.12.0/curator-recipes-2.12.0.jar:/home/user/.m2/repository/com/google/code/findbugs/jsr305/3.0.0/jsr305-3.0.0.jar:/home/user/.m2/repository/org/apache/htrace/htrace-core4/4.1.0-incubating/htrace-core4-4.1.0-incubating.jar:/home/user/.m2/repository/org/apache/zookeeper/zookeeper/3.4.13/zookeeper-3.4.13.jar:/home/user/.m2/repository/org/apache/yetus/audience-annotations/0.5.0/audience-annotations-0.5.0.jar:/home/user/.m2/repository/org/codehaus/woodstox/stax2-api/3.1.4/stax2-api-3.1.4.jar:/home/user/.m2/repository/com/fasterxml/woodstox/woodstox-core/5.0.3/woodstox-core-5.0.3.jar:/home/user/.m2/repository/dnsjava/dnsjava/2.1.7/dnsjava-2.1.7.jar:/home/user/.m2/repository/org/apache/hadoop/hadoop-hdfs/3.2.0/hadoop-hdfs-3.2.0-tests.jar:/home/user/.m2/repository/org/eclipse/jetty/jetty-util-ajax/9.3.24.v20180605/jetty-util-ajax-9.3.24.v20180605.jar:/home/user/.m2/repository/commons-daemon/commons-daemon/1.0.13/commons-daemon-1.0.13.jar:/home/user/.m2/repository/io/netty/netty/3.10.5.Final/netty-3.10.5.Final.jar:/home/user/.m2/repository/io/netty/netty-all/4.0.52.Final/netty-all-4.0.52.Final.jar:/home/user/.m2/repository/org/fusesource/leveldbjni/leveldbjni-all/1.8/leveldbjni-all-1.8.jar:"/>
    <property name="java.vm.vendor" value="IcedTea"/>
    <property name="sun.arch.data.model" value="64"/>
    <property name="test.build.dir" value="/workdir/hadoop-ozone/integration-test/target/test-dir"/>
    <property name="test.cache.data" value=""/>
    <property name="java.vendor.url" value="https://icedtea.classpath.org"/>
    <property name="user.timezone" value=""/>
    <property name="java.vm.specification.version" value="1.8"/>
    <property name="os.name" value="Linux"/>
    <property name="test.build.data" value="/workdir/hadoop-ozone/integration-test/target/test-dir"/>
    <property name="user.country" value="US"/>
    <property name="sun.java.launcher" value="SUN_STANDARD"/>
    <property name="sun.boot.library.path" value="/usr/lib/jvm/java-1.8-openjdk/jre/lib/amd64"/>
    <property name="sun.java.command" value="/workdir/hadoop-ozone/integration-test/target/surefire/surefirebooter949347778607631079.jar /workdir/hadoop-ozone/integration-test/target/surefire 2019-09-20T08-06-11_675-jvmRun1 surefire7759051455395482081tmp surefire_786950235995287452054tmp"/>
    <property name="test" value="!TestMiniChaosOzoneCluster"/>
    <property name="surefire.test.class.path" value="/workdir/hadoop-ozone/integration-test/target/test-classes:/workdir/hadoop-ozone/integration-test/target/classes:/home/user/.m2/repository/org/apache/hadoop/hadoop-ozone-common/0.5.0-SNAPSHOT/hadoop-ozone-common-0.5.0-SNAPSHOT.jar:/home/user/.m2/repository/org/apache/commons/commons-compress/1.4.1/commons-compress-1.4.1.jar:/home/user/.m2/repository/org/tukaani/xz/1.0/xz-1.0.jar:/home/user/.m2/repository/org/apache/hadoop/hadoop-common/3.2.0/hadoop-common-3.2.0.jar:/home/user/.m2/repository/org/apache/hadoop/hadoop-hdfs/3.2.0/hadoop-hdfs-3.2.0.jar:/home/user/.m2/repository/org/apache/hadoop/hadoop-hdfs-client/3.2.0/hadoop-hdfs-client-3.2.0.jar:/home/user/.m2/repository/com/fasterxml/jackson/core/jackson-annotations/2.9.5/jackson-annotations-2.9.5.jar:/home/user/.m2/repository/org/apache/hadoop/hadoop-hdds-common/0.5.0-SNAPSHOT/hadoop-hdds-common-0.5.0-SNAPSHOT.jar:/home/user/.m2/repository/javax/annotation/javax.annotation-api/1.2/javax.annotation-api-1.2.jar:/home/user/.m2/repository/org/apache/ratis/ratis-server/0.4.0-2337318-SNAPSHOT/ratis-server-0.4.0-2337318-SNAPSHOT.jar:/home/user/.m2/repository/org/apache/ratis/ratis-thirdparty-misc/0.2.0/ratis-thirdparty-misc-0.2.0.jar:/home/user/.m2/repository/org/apache/ratis/ratis-proto/0.4.0-2337318-SNAPSHOT/ratis-proto-0.4.0-2337318-SNAPSHOT.jar:/home/user/.m2/repository/org/apache/ratis/ratis-common/0.4.0-2337318-SNAPSHOT/ratis-common-0.4.0-2337318-SNAPSHOT.jar:/home/user/.m2/repository/org/apache/ratis/ratis-client/0.4.0-2337318-SNAPSHOT/ratis-client-0.4.0-2337318-SNAPSHOT.jar:/home/user/.m2/repository/org/apache/ratis/ratis-metrics/0.4.0-2337318-SNAPSHOT/ratis-metrics-0.4.0-2337318-SNAPSHOT.jar:/home/user/.m2/repository/org/apache/ratis/ratis-netty/0.4.0-2337318-SNAPSHOT/ratis-netty-0.4.0-2337318-SNAPSHOT.jar:/home/user/.m2/repository/org/apache/ratis/ratis-grpc/0.4.0-2337318-SNAPSHOT/ratis-grpc-0.4.0-2337318-SNAPSHOT.jar:/home/user/.m2/repository/org/rocksdb/rocksdbjni/6.0.1/rocksdbjni-6.0.1.jar:/home/user/.m2/repository/org/apache/logging/log4j/log4j-api/2.11.0/log4j-api-2.11.0.jar:/home/user/.m2/repository/org/apache/logging/log4j/log4j-core/2.11.0/log4j-core-2.11.0.jar:/home/user/.m2/repository/com/lmax/disruptor/3.4.2/disruptor-3.4.2.jar:/home/user/.m2/repository/org/apache/commons/commons-pool2/2.6.0/commons-pool2-2.6.0.jar:/home/user/.m2/repository/org/bouncycastle/bcpkix-jdk15on/1.60/bcpkix-jdk15on-1.60.jar:/home/user/.m2/repository/commons-validator/commons-validator/1.6/commons-validator-1.6.jar:/home/user/.m2/repository/commons-digester/commons-digester/1.8.1/commons-digester-1.8.1.jar:/home/user/.m2/repository/io/jaegertracing/jaeger-client/0.33.1/jaeger-client-0.33.1.jar:/home/user/.m2/repository/io/jaegertracing/jaeger-thrift/0.33.1/jaeger-thrift-0.33.1.jar:/home/user/.m2/repository/org/apache/thrift/libthrift/0.11.0/libthrift-0.11.0.jar:/home/user/.m2/repository/com/squareup/okhttp3/okhttp/3.9.0/okhttp-3.9.0.jar:/home/user/.m2/repository/com/squareup/okio/okio/1.13.0/okio-1.13.0.jar:/home/user/.m2/repository/io/jaegertracing/jaeger-core/0.33.1/jaeger-core-0.33.1.jar:/home/user/.m2/repository/io/jaegertracing/jaeger-tracerresolver/0.33.1/jaeger-tracerresolver-0.33.1.jar:/home/user/.m2/repository/io/opentracing/contrib/opentracing-tracerresolver/0.1.5/opentracing-tracerresolver-0.1.5.jar:/home/user/.m2/repository/io/opentracing/opentracing-util/0.31.0/opentracing-util-0.31.0.jar:/home/user/.m2/repository/io/opentracing/opentracing-api/0.31.0/opentracing-api-0.31.0.jar:/home/user/.m2/repository/io/opentracing/opentracing-noop/0.31.0/opentracing-noop-0.31.0.jar:/home/user/.m2/repository/org/apache/hadoop/hadoop-hdds-server-framework/0.5.0-SNAPSHOT/hadoop-hdds-server-framework-0.5.0-SNAPSHOT.jar:/home/user/.m2/repository/org/apache/hadoop/hadoop-hdds-container-service/0.5.0-SNAPSHOT/hadoop-hdds-container-service-0.5.0-SNAPSHOT.jar:/home/user/.m2/repository/org/apache/hadoop/hadoop-hdds-client/0.5.0-SNAPSHOT/hadoop-hdds-client-0.5.0-SNAPSHOT.jar:/home/user/.m2/repository/org/apache/hadoop/hadoop-hdds-tools/0.5.0-SNAPSHOT/hadoop-hdds-tools-0.5.0-SNAPSHOT.jar:/home/user/.m2/repository/org/apache/hadoop/hadoop-hdds-server-scm/0.5.0-SNAPSHOT/hadoop-hdds-server-scm-0.5.0-SNAPSHOT.jar:/home/user/.m2/repository/org/apache/hadoop/hadoop-hdds-docs/0.5.0-SNAPSHOT/hadoop-hdds-docs-0.5.0-SNAPSHOT.jar:/home/user/.m2/repository/io/dropwizard/metrics/metrics-core/3.2.4/metrics-core-3.2.4.jar:/home/user/.m2/repository/org/hamcrest/hamcrest-all/1.3/hamcrest-all-1.3.jar:/home/user/.m2/repository/org/bouncycastle/bcprov-jdk15on/1.60/bcprov-jdk15on-1.60.jar:/home/user/.m2/repository/info/picocli/picocli/3.9.6/picocli-3.9.6.jar:/home/user/.m2/repository/com/google/protobuf/protobuf-java/2.5.0/protobuf-java-2.5.0.jar:/home/user/.m2/repository/com/google/guava/guava/11.0.2/guava-11.0.2.jar:/home/user/.m2/repository/org/apache/hadoop/hadoop-ozone-ozone-manager/0.5.0-SNAPSHOT/hadoop-ozone-ozone-manager-0.5.0-SNAPSHOT.jar:/home/user/.m2/repository/org/apache/hadoop/hadoop-minikdc/3.2.0/hadoop-minikdc-3.2.0.jar:/home/user/.m2/repository/commons-io/commons-io/2.5/commons-io-2.5.jar:/home/user/.m2/repository/org/apache/kerby/kerb-simplekdc/1.0.1/kerb-simplekdc-1.0.1.jar:/home/user/.m2/repository/org/apache/kerby/kerb-client/1.0.1/kerb-client-1.0.1.jar:/home/user/.m2/repository/org/apache/kerby/kerby-config/1.0.1/kerby-config-1.0.1.jar:/home/user/.m2/repository/org/apache/kerby/kerb-core/1.0.1/kerb-core-1.0.1.jar:/home/user/.m2/repository/org/apache/kerby/kerby-pkix/1.0.1/kerby-pkix-1.0.1.jar:/home/user/.m2/repository/org/apache/kerby/kerby-asn1/1.0.1/kerby-asn1-1.0.1.jar:/home/user/.m2/repository/org/apache/kerby/kerby-util/1.0.1/kerby-util-1.0.1.jar:/home/user/.m2/repository/org/apache/kerby/kerb-common/1.0.1/kerb-common-1.0.1.jar:/home/user/.m2/repository/org/apache/kerby/kerb-crypto/1.0.1/kerb-crypto-1.0.1.jar:/home/user/.m2/repository/org/apache/kerby/kerb-util/1.0.1/kerb-util-1.0.1.jar:/home/user/.m2/repository/org/apache/kerby/token-provider/1.0.1/token-provider-1.0.1.jar:/home/user/.m2/repository/org/apache/kerby/kerb-admin/1.0.1/kerb-admin-1.0.1.jar:/home/user/.m2/repository/org/apache/kerby/kerb-server/1.0.1/kerb-server-1.0.1.jar:/home/user/.m2/repository/org/apache/kerby/kerb-identity/1.0.1/kerb-identity-1.0.1.jar:/home/user/.m2/repository/org/apache/kerby/kerby-xdr/1.0.1/kerby-xdr-1.0.1.jar:/home/user/.m2/repository/org/slf4j/slf4j-log4j12/1.7.25/slf4j-log4j12-1.7.25.jar:/home/user/.m2/repository/org/apache/hadoop/hadoop-ozone-objectstore-service/0.5.0-SNAPSHOT/hadoop-ozone-objectstore-service-0.5.0-SNAPSHOT.jar:/home/user/.m2/repository/org/apache/hadoop/hadoop-ozone-s3gateway/0.5.0-SNAPSHOT/hadoop-ozone-s3gateway-0.5.0-SNAPSHOT.jar:/home/user/.m2/repository/org/jboss/weld/servlet/weld-servlet/2.4.7.Final/weld-servlet-2.4.7.Final.jar:/home/user/.m2/repository/org/glassfish/jersey/containers/jersey-container-servlet-core/2.27/jersey-container-servlet-core-2.27.jar:/home/user/.m2/repository/org/glassfish/hk2/external/javax.inject/2.5.0-b42/javax.inject-2.5.0-b42.jar:/home/user/.m2/repository/org/glassfish/jersey/core/jersey-common/2.27/jersey-common-2.27.jar:/home/user/.m2/repository/org/glassfish/hk2/osgi-resource-locator/1.0.1/osgi-resource-locator-1.0.1.jar:/home/user/.m2/repository/javax/ws/rs/javax.ws.rs-api/2.1/javax.ws.rs-api-2.1.jar:/home/user/.m2/repository/org/glassfish/jersey/ext/cdi/jersey-cdi1x/2.27/jersey-cdi1x-2.27.jar:/home/user/.m2/repository/org/glassfish/jersey/inject/jersey-hk2/2.27/jersey-hk2-2.27.jar:/home/user/.m2/repository/org/glassfish/hk2/hk2-locator/2.5.0-b42/hk2-locator-2.5.0-b42.jar:/home/user/.m2/repository/org/javassist/javassist/3.22.0-CR2/javassist-3.22.0-CR2.jar:/home/user/.m2/repository/org/glassfish/hk2/hk2-api/2.5.0/hk2-api-2.5.0.jar:/home/user/.m2/repository/org/glassfish/hk2/external/jakarta.inject/2.5.0/jakarta.inject-2.5.0.jar:/home/user/.m2/repository/org/glassfish/hk2/hk2-utils/2.5.0/hk2-utils-2.5.0.jar:/home/user/.m2/repository/jakarta/annotation/jakarta.annotation-api/1.3.4/jakarta.annotation-api-1.3.4.jar:/home/user/.m2/repository/org/glassfish/hk2/external/aopalliance-repackaged/2.5.0/aopalliance-repackaged-2.5.0.jar:/home/user/.m2/repository/com/fasterxml/jackson/dataformat/jackson-dataformat-xml/2.9.0/jackson-dataformat-xml-2.9.0.jar:/home/user/.m2/repository/com/fasterxml/jackson/core/jackson-core/2.9.5/jackson-core-2.9.5.jar:/home/user/.m2/repository/com/fasterxml/jackson/module/jackson-module-jaxb-annotations/2.9.5/jackson-module-jaxb-annotations-2.9.5.jar:/home/user/.m2/repository/javax/enterprise/cdi-api/1.2/cdi-api-1.2.jar:/home/user/.m2/repository/javax/el/javax.el-api/3.0.0/javax.el-api-3.0.0.jar:/home/user/.m2/repository/javax/interceptor/javax.interceptor-api/1.2/javax.interceptor-api-1.2.jar:/home/user/.m2/repository/javax/inject/javax.inject/1/javax.inject-1.jar:/home/user/.m2/repository/com/sun/xml/bind/jaxb-impl/2.3.0.1/jaxb-impl-2.3.0.1.jar:/home/user/.m2/repository/com/sun/xml/bind/jaxb-core/2.3.0.1/jaxb-core-2.3.0.1.jar:/home/user/.m2/repository/javax/xml/bind/jaxb-api/2.3.0/jaxb-api-2.3.0.jar:/home/user/.m2/repository/javax/activation/activation/1.1.1/activation-1.1.1.jar:/home/user/.m2/repository/org/apache/hadoop/hadoop-ozone-csi/0.5.0-SNAPSHOT/hadoop-ozone-csi-0.5.0-SNAPSHOT.jar:/home/user/.m2/repository/com/google/protobuf/protobuf-java-util/3.5.1/protobuf-java-util-3.5.1.jar:/home/user/.m2/repository/org/apache/hadoop/hadoop-hdds-config/0.5.0-SNAPSHOT/hadoop-hdds-config-0.5.0-SNAPSHOT.jar:/home/user/.m2/repository/io/grpc/grpc-netty/1.17.1/grpc-netty-1.17.1.jar:/home/user/.m2/repository/io/grpc/grpc-core/1.17.1/grpc-core-1.17.1.jar:/home/user/.m2/repository/io/grpc/grpc-context/1.17.1/grpc-context-1.17.1.jar:/home/user/.m2/repository/com/google/errorprone/error_prone_annotations/2.2.0/error_prone_annotations-2.2.0.jar:/home/user/.m2/repository/org/codehaus/mojo/animal-sniffer-annotations/1.17/animal-sniffer-annotations-1.17.jar:/home/user/.m2/repository/io/opencensus/opencensus-api/0.17.0/opencensus-api-0.17.0.jar:/home/user/.m2/repository/io/opencensus/opencensus-contrib-grpc-metrics/0.17.0/opencensus-contrib-grpc-metrics-0.17.0.jar:/home/user/.m2/repository/io/netty/netty-codec-http2/4.1.30.Final/netty-codec-http2-4.1.30.Final.jar:/home/user/.m2/repository/io/netty/netty-codec-http/4.1.30.Final/netty-codec-http-4.1.30.Final.jar:/home/user/.m2/repository/io/netty/netty-codec/4.1.30.Final/netty-codec-4.1.30.Final.jar:/home/user/.m2/repository/io/netty/netty-handler/4.1.30.Final/netty-handler-4.1.30.Final.jar:/home/user/.m2/repository/io/netty/netty-handler-proxy/4.1.30.Final/netty-handler-proxy-4.1.30.Final.jar:/home/user/.m2/repository/io/netty/netty-codec-socks/4.1.30.Final/netty-codec-socks-4.1.30.Final.jar:/home/user/.m2/repository/io/netty/netty-transport-native-epoll/4.1.30.Final/netty-transport-native-epoll-4.1.30.Final.jar:/home/user/.m2/repository/io/netty/netty-common/4.1.30.Final/netty-common-4.1.30.Final.jar:/home/user/.m2/repository/io/netty/netty-buffer/4.1.30.Final/netty-buffer-4.1.30.Final.jar:/home/user/.m2/repository/io/netty/netty-transport/4.1.30.Final/netty-transport-4.1.30.Final.jar:/home/user/.m2/repository/io/netty/netty-resolver/4.1.30.Final/netty-resolver-4.1.30.Final.jar:/home/user/.m2/repository/io/netty/netty-transport-native-unix-common/4.1.30.Final/netty-transport-native-unix-common-4.1.30.Final.jar:/home/user/.m2/repository/io/grpc/grpc-protobuf/1.17.1/grpc-protobuf-1.17.1.jar:/home/user/.m2/repository/com/google/api/grpc/proto-google-common-protos/1.0.0/proto-google-common-protos-1.0.0.jar:/home/user/.m2/repository/io/grpc/grpc-protobuf-lite/1.17.1/grpc-protobuf-lite-1.17.1.jar:/home/user/.m2/repository/io/grpc/grpc-stub/1.17.1/grpc-stub-1.17.1.jar:/home/user/.m2/repository/org/apache/hadoop/hadoop-ozone-recon/0.5.0-SNAPSHOT/hadoop-ozone-recon-0.5.0-SNAPSHOT.jar:/home/user/.m2/repository/org/apache/hadoop/hadoop-ozone-reconcodegen/0.5.0-SNAPSHOT/hadoop-ozone-reconcodegen-0.5.0-SNAPSHOT.jar:/home/user/.m2/repository/com/google/inject/extensions/guice-multibindings/4.0/guice-multibindings-4.0.jar:/home/user/.m2/repository/com/google/inject/guice/4.0/guice-4.0.jar:/home/user/.m2/repository/aopalliance/aopalliance/1.0/aopalliance-1.0.jar:/home/user/.m2/repository/com/google/inject/extensions/guice-servlet/4.0/guice-servlet-4.0.jar:/home/user/.m2/repository/org/glassfish/jersey/containers/jersey-container-servlet/2.27/jersey-container-servlet-2.27.jar:/home/user/.m2/repository/org/glassfish/hk2/guice-bridge/2.5.0/guice-bridge-2.5.0.jar:/home/user/.m2/repository/org/glassfish/jersey/core/jersey-server/2.27/jersey-server-2.27.jar:/home/user/.m2/repository/org/glassfish/jersey/core/jersey-client/2.27/jersey-client-2.27.jar:/home/user/.m2/repository/org/glassfish/jersey/media/jersey-media-jaxb/2.27/jersey-media-jaxb-2.27.jar:/home/user/.m2/repository/javax/validation/validation-api/1.1.0.Final/validation-api-1.1.0.Final.jar:/home/user/.m2/repository/org/glassfish/jersey/media/jersey-media-json-jackson/2.27/jersey-media-json-jackson-2.27.jar:/home/user/.m2/repository/org/glassfish/jersey/ext/jersey-entity-filtering/2.27/jersey-entity-filtering-2.27.jar:/home/user/.m2/repository/com/google/inject/extensions/guice-assistedinject/4.0/guice-assistedinject-4.0.jar:/home/user/.m2/repository/org/jooq/jooq/3.11.10/jooq-3.11.10.jar:/home/user/.m2/repository/org/jooq/jooq-meta/3.11.10/jooq-meta-3.11.10.jar:/home/user/.m2/repository/org/jooq/jooq-codegen/3.11.10/jooq-codegen-3.11.10.jar:/home/user/.m2/repository/com/jolbox/bonecp/0.8.0.RELEASE/bonecp-0.8.0.RELEASE.jar:/home/user/.m2/repository/org/xerial/sqlite-jdbc/3.25.2/sqlite-jdbc-3.25.2.jar:/home/user/.m2/repository/org/springframework/spring-jdbc/5.1.3.RELEASE/spring-jdbc-5.1.3.RELEASE.jar:/home/user/.m2/repository/org/springframework/spring-beans/5.1.3.RELEASE/spring-beans-5.1.3.RELEASE.jar:/home/user/.m2/repository/org/springframework/spring-core/5.1.3.RELEASE/spring-core-5.1.3.RELEASE.jar:/home/user/.m2/repository/org/springframework/spring-jcl/5.1.3.RELEASE/spring-jcl-5.1.3.RELEASE.jar:/home/user/.m2/repository/org/springframework/spring-tx/5.1.3.RELEASE/spring-tx-5.1.3.RELEASE.jar:/home/user/.m2/repository/org/apache/hadoop/hadoop-ozone-client/0.5.0-SNAPSHOT/hadoop-ozone-client-0.5.0-SNAPSHOT.jar:/home/user/.m2/repository/commons-lang/commons-lang/2.6/commons-lang-2.6.jar:/home/user/.m2/repository/org/apache/hadoop/hadoop-ozone-ozone-manager/0.5.0-SNAPSHOT/hadoop-ozone-ozone-manager-0.5.0-SNAPSHOT-tests.jar:/home/user/.m2/repository/junit/junit/4.11/junit-4.11.jar:/home/user/.m2/repository/org/hamcrest/hamcrest-core/1.3/hamcrest-core-1.3.jar:/home/user/.m2/repository/org/openjdk/jmh/jmh-core/1.19/jmh-core-1.19.jar:/home/user/.m2/repository/net/sf/jopt-simple/jopt-simple/4.6/jopt-simple-4.6.jar:/home/user/.m2/repository/org/apache/commons/commons-math3/3.1.1/commons-math3-3.1.1.jar:/home/user/.m2/repository/org/openjdk/jmh/jmh-generator-annprocess/1.19/jmh-generator-annprocess-1.19.jar:/home/user/.m2/repository/org/mockito/mockito-all/1.8.5/mockito-all-1.8.5.jar:/home/user/.m2/repository/org/apache/hadoop/hadoop-kms/3.2.0/hadoop-kms-3.2.0.jar:/home/user/.m2/repository/org/apache/hadoop/hadoop-auth/3.2.0/hadoop-auth-3.2.0.jar:/home/user/.m2/repository/com/nimbusds/nimbus-jose-jwt/4.41.1/nimbus-jose-jwt-4.41.1.jar:/home/user/.m2/repository/com/github/stephenc/jcip/jcip-annotations/1.0-1/jcip-annotations-1.0-1.jar:/home/user/.m2/repository/net/minidev/json-smart/2.3/json-smart-2.3.jar:/home/user/.m2/repository/net/minidev/accessors-smart/1.2/accessors-smart-1.2.jar:/home/user/.m2/repository/org/ow2/asm/asm/5.0.4/asm-5.0.4.jar:/home/user/.m2/repository/org/apache/curator/curator-framework/2.12.0/curator-framework-2.12.0.jar:/home/user/.m2/repository/com/sun/jersey/jersey-core/1.19/jersey-core-1.19.jar:/home/user/.m2/repository/javax/ws/rs/jsr311-api/1.1.1/jsr311-api-1.1.1.jar:/home/user/.m2/repository/com/sun/jersey/jersey-server/1.19/jersey-server-1.19.jar:/home/user/.m2/repository/javax/servlet/javax.servlet-api/3.1.0/javax.servlet-api-3.1.0.jar:/home/user/.m2/repository/org/eclipse/jetty/jetty-server/9.3.24.v20180605/jetty-server-9.3.24.v20180605.jar:/home/user/.m2/repository/org/eclipse/jetty/jetty-http/9.3.24.v20180605/jetty-http-9.3.24.v20180605.jar:/home/user/.m2/repository/org/eclipse/jetty/jetty-io/9.3.24.v20180605/jetty-io-9.3.24.v20180605.jar:/home/user/.m2/repository/org/eclipse/jetty/jetty-webapp/9.3.24.v20180605/jetty-webapp-9.3.24.v20180605.jar:/home/user/.m2/repository/org/eclipse/jetty/jetty-xml/9.3.24.v20180605/jetty-xml-9.3.24.v20180605.jar:/home/user/.m2/repository/log4j/log4j/1.2.17/log4j-1.2.17.jar:/home/user/.m2/repository/org/slf4j/slf4j-api/1.7.25/slf4j-api-1.7.25.jar:/home/user/.m2/repository/org/slf4j/jul-to-slf4j/1.7.25/jul-to-slf4j-1.7.25.jar:/home/user/.m2/repository/org/eclipse/jetty/jetty-util/9.3.24.v20180605/jetty-util-9.3.24.v20180605.jar:/home/user/.m2/repository/com/fasterxml/jackson/core/jackson-databind/2.9.5/jackson-databind-2.9.5.jar:/home/user/.m2/repository/org/apache/hadoop/hadoop-kms/3.2.0/hadoop-kms-3.2.0-tests.jar:/home/user/.m2/repository/org/apache/hadoop/hadoop-hdds-server-scm/0.5.0-SNAPSHOT/hadoop-hdds-server-scm-0.5.0-SNAPSHOT-tests.jar:/home/user/.m2/repository/org/apache/hadoop/hadoop-hdds-container-service/0.5.0-SNAPSHOT/hadoop-hdds-container-service-0.5.0-SNAPSHOT-tests.jar:/home/user/.m2/repository/org/yaml/snakeyaml/1.16/snakeyaml-1.16.jar:/home/user/.m2/repository/org/apache/hadoop/hadoop-common/3.2.0/hadoop-common-3.2.0-tests.jar:/home/user/.m2/repository/org/apache/hadoop/hadoop-annotations/3.2.0/hadoop-annotations-3.2.0.jar:/usr/lib/jvm/java-1.8-openjdk/jre/../lib/tools.jar:/home/user/.m2/repository/commons-cli/commons-cli/1.2/commons-cli-1.2.jar:/home/user/.m2/repository/org/apache/httpcomponents/httpclient/4.5.2/httpclient-4.5.2.jar:/home/user/.m2/repository/org/apache/httpcomponents/httpcore/4.4.4/httpcore-4.4.4.jar:/home/user/.m2/repository/commons-codec/commons-codec/1.11/commons-codec-1.11.jar:/home/user/.m2/repository/commons-net/commons-net/3.6/commons-net-3.6.jar:/home/user/.m2/repository/commons-collections/commons-collections/3.2.2/commons-collections-3.2.2.jar:/home/user/.m2/repository/org/eclipse/jetty/jetty-servlet/9.3.24.v20180605/jetty-servlet-9.3.24.v20180605.jar:/home/user/.m2/repository/org/eclipse/jetty/jetty-security/9.3.24.v20180605/jetty-security-9.3.24.v20180605.jar:/home/user/.m2/repository/javax/servlet/jsp/jsp-api/2.1/jsp-api-2.1.jar:/home/user/.m2/repository/com/sun/jersey/jersey-servlet/1.19/jersey-servlet-1.19.jar:/home/user/.m2/repository/com/sun/jersey/jersey-json/1.19/jersey-json-1.19.jar:/home/user/.m2/repository/org/codehaus/jettison/jettison/1.1/jettison-1.1.jar:/home/user/.m2/repository/org/codehaus/jackson/jackson-core-asl/1.9.13/jackson-core-asl-1.9.13.jar:/home/user/.m2/repository/org/codehaus/jackson/jackson-mapper-asl/1.9.13/jackson-mapper-asl-1.9.13.jar:/home/user/.m2/repository/org/codehaus/jackson/jackson-jaxrs/1.9.13/jackson-jaxrs-1.9.13.jar:/home/user/.m2/repository/org/codehaus/jackson/jackson-xc/1.9.13/jackson-xc-1.9.13.jar:/home/user/.m2/repository/commons-logging/commons-logging/1.1.3/commons-logging-1.1.3.jar:/home/user/.m2/repository/commons-beanutils/commons-beanutils/1.9.3/commons-beanutils-1.9.3.jar:/home/user/.m2/repository/org/apache/commons/commons-configuration2/2.1.1/commons-configuration2-2.1.1.jar:/home/user/.m2/repository/org/apache/commons/commons-lang3/3.7/commons-lang3-3.7.jar:/home/user/.m2/repository/org/apache/commons/commons-text/1.4/commons-text-1.4.jar:/home/user/.m2/repository/org/apache/avro/avro/1.7.7/avro-1.7.7.jar:/home/user/.m2/repository/com/thoughtworks/paranamer/paranamer/2.3/paranamer-2.3.jar:/home/user/.m2/repository/org/xerial/snappy/snappy-java/1.0.5/snappy-java-1.0.5.jar:/home/user/.m2/repository/com/google/re2j/re2j/1.1/re2j-1.1.jar:/home/user/.m2/repository/com/google/code/gson/gson/2.2.4/gson-2.2.4.jar:/home/user/.m2/repository/com/jcraft/jsch/0.1.54/jsch-0.1.54.jar:/home/user/.m2/repository/org/apache/curator/curator-client/2.12.0/curator-client-2.12.0.jar:/home/user/.m2/repository/org/apache/curator/curator-recipes/2.12.0/curator-recipes-2.12.0.jar:/home/user/.m2/repository/com/google/code/findbugs/jsr305/3.0.0/jsr305-3.0.0.jar:/home/user/.m2/repository/org/apache/htrace/htrace-core4/4.1.0-incubating/htrace-core4-4.1.0-incubating.jar:/home/user/.m2/repository/org/apache/zookeeper/zookeeper/3.4.13/zookeeper-3.4.13.jar:/home/user/.m2/repository/org/apache/yetus/audience-annotations/0.5.0/audience-annotations-0.5.0.jar:/home/user/.m2/repository/org/codehaus/woodstox/stax2-api/3.1.4/stax2-api-3.1.4.jar:/home/user/.m2/repository/com/fasterxml/woodstox/woodstox-core/5.0.3/woodstox-core-5.0.3.jar:/home/user/.m2/repository/dnsjava/dnsjava/2.1.7/dnsjava-2.1.7.jar:/home/user/.m2/repository/org/apache/hadoop/hadoop-hdfs/3.2.0/hadoop-hdfs-3.2.0-tests.jar:/home/user/.m2/repository/org/eclipse/jetty/jetty-util-ajax/9.3.24.v20180605/jetty-util-ajax-9.3.24.v20180605.jar:/home/user/.m2/repository/commons-daemon/commons-daemon/1.0.13/commons-daemon-1.0.13.jar:/home/user/.m2/repository/io/netty/netty/3.10.5.Final/netty-3.10.5.Final.jar:/home/user/.m2/repository/io/netty/netty-all/4.0.52.Final/netty-all-4.0.52.Final.jar:/home/user/.m2/repository/org/fusesource/leveldbjni/leveldbjni-all/1.8/leveldbjni-all-1.8.jar:"/>
    <property name="sun.cpu.endian" value="little"/>
    <property name="user.home" value="/home/user"/>
    <property name="user.language" value="en"/>
    <property name="java.specification.vendor" value="Oracle Corporation"/>
    <property name="java.home" value="/usr/lib/jvm/java-1.8-openjdk/jre"/>
    <property name="java.security.krb5.conf" value="/workdir/hadoop-ozone/integration-test/target/test-classes/krb5.conf"/>
    <property name="basedir" value="/workdir/hadoop-ozone/integration-test"/>
    <property name="file.separator" value="/"/>
    <property name="line.separator" value="&#10;"/>
    <property name="java.vm.specification.vendor" value="Oracle Corporation"/>
    <property name="java.specification.name" value="Java Platform API Specification"/>
    <property name="java.awt.graphicsenv" value="sun.awt.X11GraphicsEnvironment"/>
    <property name="surefire.real.class.path" value="/workdir/hadoop-ozone/integration-test/target/surefire/surefirebooter949347778607631079.jar"/>
    <property name="hadoop.log.dir" value="/workdir/hadoop-ozone/integration-test/target/log"/>
    <property name="sun.boot.class.path" value="/usr/lib/jvm/java-1.8-openjdk/jre/lib/resources.jar:/usr/lib/jvm/java-1.8-openjdk/jre/lib/rt.jar:/usr/lib/jvm/java-1.8-openjdk/jre/lib/sunrsasign.jar:/usr/lib/jvm/java-1.8-openjdk/jre/lib/jsse.jar:/usr/lib/jvm/java-1.8-openjdk/jre/lib/jce.jar:/usr/lib/jvm/java-1.8-openjdk/jre/lib/charsets.jar:/usr/lib/jvm/java-1.8-openjdk/jre/lib/jfr.jar:/usr/lib/jvm/java-1.8-openjdk/jre/classes"/>
    <property name="sun.management.compiler" value="HotSpot 64-Bit Tiered Compilers"/>
    <property name="java.runtime.version" value="1.8.0_212-b04"/>
    <property name="java.net.preferIPv4Stack" value="true"/>
    <property name="user.name" value="jenkins1000"/>
    <property name="path.separator" value=":"/>
    <property name="java.security.egd" value="file:///dev/urandom"/>
    <property name="os.version" value="3.10.0-957.12.2.el7.x86_64"/>
    <property name="java.endorsed.dirs" value="/usr/lib/jvm/java-1.8-openjdk/jre/lib/endorsed"/>
    <property name="java.runtime.name" value="OpenJDK Runtime Environment"/>
    <property name="file.encoding" value="UTF-8"/>
    <property name="java.vm.name" value="OpenJDK 64-Bit Server VM"/>
    <property name="test.build.webapps" value=""/>
    <property name="localRepository" value="/home/user/.m2/repository"/>
    <property name="java.vendor.url.bug" value="https://icedtea.classpath.org/bugzilla"/>
    <property name="java.io.tmpdir" value="/tmp"/>
    <property name="require.test.libhadoop" value=""/>
    <property name="java.version" value="1.8.0_212"/>
    <property name="user.dir" value="/workdir/hadoop-ozone/integration-test"/>
    <property name="os.arch" value="amd64"/>
    <property name="java.vm.specification.name" value="Java Virtual Machine Specification"/>
    <property name="test.build.classes" value="/workdir/hadoop-ozone/integration-test/target/test-classes"/>
    <property name="java.awt.printerjob" value="sun.print.PSPrinterJob"/>
    <property name="sun.os.patch.level" value="unknown"/>
    <property name="hadoop.tmp.dir" value="/workdir/hadoop-ozone/integration-test/target/tmp"/>
    <property name="java.library.path" value="/usr/lib/jvm/java-1.8-openjdk/jre/lib/amd64/server:/usr/lib/jvm/java-1.8-openjdk/jre/lib/amd64:/usr/lib/jvm/java-1.8-openjdk/jre/../lib/amd64:/workdir/hadoop-ozone/integration-test/target/native/target/usr/local/lib:/workdir/hadoop-ozone/integration-test/../../hadoop-common-project/hadoop-common/target/native/target/usr/local/lib:/usr/java/packages/lib/amd64:/usr/lib64:/lib64:/lib:/usr/lib"/>
    <property name="java.vm.info" value="mixed mode"/>
    <property name="java.vendor" value="IcedTea"/>
    <property name="java.vm.version" value="25.212-b04"/>
    <property name="java.ext.dirs" value="/usr/lib/jvm/java-1.8-openjdk/jre/lib/ext:/usr/java/packages/lib/ext"/>
    <property name="sun.io.unicode.encoding" value="UnicodeLittle"/>
    <property name="java.class.version" value="52.0"/>
  </properties>
  <testcase name="testGroupMismatchExceptionHandling" classname="org.apache.hadoop.ozone.client.rpc.TestOzoneClientRetriesOnException" time="73.363"/>
  <testcase name="testMaxRetriesByOzoneClient" classname="org.apache.hadoop.ozone.client.rpc.TestOzoneClientRetriesOnException" time="337.254">
    <error message="Failed to command cmdType: CreateContainer&#10;containerID: 1&#10;datanodeUuid: &quot;d072c18a-1b53-41d5-bae5-b82be0790279&quot;&#10;createContainer {&#10;}&#10;" type="java.io.IOException">java.io.IOException: 
Failed to command cmdType: CreateContainer
containerID: 1
datanodeUuid: "d072c18a-1b53-41d5-bae5-b82be0790279"
createContainer {
}

	at org.apache.hadoop.hdds.scm.XceiverClientSpi.sendCommand(XceiverClientSpi.java:113)
	at org.apache.hadoop.ozone.client.rpc.TestOzoneClientRetriesOnException.testMaxRetriesByOzoneClient(TestOzoneClientRetriesOnException.java:190)
	at sun.reflect.NativeMethodAccessorImpl.invoke0(Native Method)
	at sun.reflect.NativeMethodAccessorImpl.invoke(NativeMethodAccessorImpl.java:62)
	at sun.reflect.DelegatingMethodAccessorImpl.invoke(DelegatingMethodAccessorImpl.java:43)
	at java.lang.reflect.Method.invoke(Method.java:498)
	at org.junit.runners.model.FrameworkMethod$1.runReflectiveCall(FrameworkMethod.java:47)
	at org.junit.internal.runners.model.ReflectiveCallable.run(ReflectiveCallable.java:12)
	at org.junit.runners.model.FrameworkMethod.invokeExplosively(FrameworkMethod.java:44)
	at org.junit.internal.runners.statements.InvokeMethod.evaluate(InvokeMethod.java:17)
	at org.junit.internal.runners.statements.RunBefores.evaluate(RunBefores.java:26)
	at org.junit.internal.runners.statements.RunAfters.evaluate(RunAfters.java:27)
	at org.junit.runners.ParentRunner.runLeaf(ParentRunner.java:271)
	at org.junit.runners.BlockJUnit4ClassRunner.runChild(BlockJUnit4ClassRunner.java:70)
	at org.junit.runners.BlockJUnit4ClassRunner.runChild(BlockJUnit4ClassRunner.java:50)
	at org.junit.runners.ParentRunner$3.run(ParentRunner.java:238)
	at org.junit.runners.ParentRunner$1.schedule(ParentRunner.java:63)
	at org.junit.runners.ParentRunner.runChildren(ParentRunner.java:236)
	at org.junit.runners.ParentRunner.access$000(ParentRunner.java:53)
	at org.junit.runners.ParentRunner$2.evaluate(ParentRunner.java:229)
	at org.junit.runners.ParentRunner.run(ParentRunner.java:309)
	at org.apache.maven.surefire.junit4.JUnit4Provider.execute(JUnit4Provider.java:365)
	at org.apache.maven.surefire.junit4.JUnit4Provider.executeWithRerun(JUnit4Provider.java:273)
	at org.apache.maven.surefire.junit4.JUnit4Provider.executeTestSet(JUnit4Provider.java:238)
	at org.apache.maven.surefire.junit4.JUnit4Provider.invoke(JUnit4Provider.java:159)
	at org.apache.maven.surefire.booter.ForkedBooter.invokeProviderInSameClassLoader(ForkedBooter.java:384)
	at org.apache.maven.surefire.booter.ForkedBooter.runSuitesInProcess(ForkedBooter.java:345)
	at org.apache.maven.surefire.booter.ForkedBooter.execute(ForkedBooter.java:126)
	at org.apache.maven.surefire.booter.ForkedBooter.main(ForkedBooter.java:418)
Caused by: java.util.concurrent.ExecutionException: org.apache.ratis.protocol.RaftRetryFailureException: Failed RaftClientRequest:client-05D5A58C38F8->d072c18a-1b53-41d5-bae5-b82be0790279@group-13440712A48A, cid=45, seq=4*, RW, org.apache.hadoop.hdds.scm.XceiverClientRatis$$Lambda$648/454958850@3cd09aae for 180 attempts with RetryLimited(maxAttempts=180, sleepTime=1000ms)
	at java.util.concurrent.CompletableFuture.reportGet(CompletableFuture.java:357)
	at java.util.concurrent.CompletableFuture.get(CompletableFuture.java:1895)
	at org.apache.hadoop.hdds.scm.XceiverClientSpi.sendCommand(XceiverClientSpi.java:110)
	... 28 more
Caused by: org.apache.ratis.protocol.RaftRetryFailureException: Failed RaftClientRequest:client-05D5A58C38F8->d072c18a-1b53-41d5-bae5-b82be0790279@group-13440712A48A, cid=45, seq=4*, RW, org.apache.hadoop.hdds.scm.XceiverClientRatis$$Lambda$648/454958850@3cd09aae for 180 attempts with RetryLimited(maxAttempts=180, sleepTime=1000ms)
	at org.apache.ratis.client.impl.RaftClientImpl.noMoreRetries(RaftClientImpl.java:272)
	at org.apache.ratis.client.impl.OrderedAsync.handleAsyncRetryFailure(OrderedAsync.java:138)
	at org.apache.ratis.client.impl.OrderedAsync.lambda$sendRequest$10(OrderedAsync.java:230)
	at java.util.concurrent.CompletableFuture.uniExceptionally(CompletableFuture.java:870)
	at java.util.concurrent.CompletableFuture$UniExceptionally.tryFire(CompletableFuture.java:852)
	at java.util.concurrent.CompletableFuture.postComplete(CompletableFuture.java:474)
	at java.util.concurrent.CompletableFuture.completeExceptionally(CompletableFuture.java:1977)
	at org.apache.ratis.grpc.client.GrpcClientProtocolClient$AsyncStreamObservers.completeReplyExceptionally(GrpcClientProtocolClient.java:330)
	at org.apache.ratis.grpc.client.GrpcClientProtocolClient$AsyncStreamObservers.access$000(GrpcClientProtocolClient.java:246)
	at org.apache.ratis.grpc.client.GrpcClientProtocolClient$AsyncStreamObservers$1.onNext(GrpcClientProtocolClient.java:258)
	at org.apache.ratis.grpc.client.GrpcClientProtocolClient$AsyncStreamObservers$1.onNext(GrpcClientProtocolClient.java:249)
	at org.apache.ratis.thirdparty.io.grpc.stub.ClientCalls$StreamObserverToCallListenerAdapter.onMessage(ClientCalls.java:421)
	at org.apache.ratis.thirdparty.io.grpc.ForwardingClientCallListener.onMessage(ForwardingClientCallListener.java:33)
	at org.apache.ratis.thirdparty.io.grpc.ForwardingClientCallListener.onMessage(ForwardingClientCallListener.java:33)
	at org.apache.ratis.thirdparty.io.grpc.internal.ClientCallImpl$ClientStreamListenerImpl$1MessagesAvailable.runInContext(ClientCallImpl.java:519)
	at org.apache.ratis.thirdparty.io.grpc.internal.ContextRunnable.run(ContextRunnable.java:37)
	at org.apache.ratis.thirdparty.io.grpc.internal.SerializingExecutor.run(SerializingExecutor.java:123)
	at java.util.concurrent.ThreadPoolExecutor.runWorker(ThreadPoolExecutor.java:1149)
	at java.util.concurrent.ThreadPoolExecutor$Worker.run(ThreadPoolExecutor.java:624)
	at java.lang.Thread.run(Thread.java:748)
Caused by: org.apache.ratis.protocol.NotLeaderException: Server d072c18a-1b53-41d5-bae5-b82be0790279 is not the leader (37b777df-de08-4da5-9630-325a3e0e88a6:192.168.151.119:35524). Request must be sent to leader.
	at org.apache.ratis.client.impl.ClientProtoUtils.toRaftClientReply(ClientProtoUtils.java:242)
	at org.apache.ratis.grpc.client.GrpcClientProtocolClient$AsyncStreamObservers$1.onNext(GrpcClientProtocolClient.java:254)
	... 10 more
</error>
    <system-out><![CDATA[2019-09-20 09:33:10,226 [main] WARN  server.ServerUtils (ServerUtils.java:getScmDbDir(145)) - ozone.scm.db.dirs is not configured. We recommend adding this setting. Falling back to ozone.metadata.dirs instead.
2019-09-20 09:33:10,282 [main] WARN  server.ServerUtils (ServerUtils.java:getScmDbDir(145)) - ozone.scm.db.dirs is not configured. We recommend adding this setting. Falling back to ozone.metadata.dirs instead.
2019-09-20 09:33:10,283 [main] WARN  server.ServerUtils (ServerUtils.java:getScmDbDir(145)) - ozone.scm.db.dirs is not configured. We recommend adding this setting. Falling back to ozone.metadata.dirs instead.
2019-09-20 09:33:10,284 [main] INFO  db.DBStoreBuilder (DBStoreBuilder.java:addTable(110)) - using custom profile for table: deletedBlocks
2019-09-20 09:33:10,284 [main] INFO  db.DBStoreBuilder (DBStoreBuilder.java:processTables(161)) - Using default column profile:DBProfile.DISK for Table:deletedBlocks
2019-09-20 09:33:10,285 [main] INFO  db.DBStoreBuilder (DBStoreBuilder.java:addTable(110)) - using custom profile for table: validCerts
2019-09-20 09:33:10,285 [main] INFO  db.DBStoreBuilder (DBStoreBuilder.java:processTables(161)) - Using default column profile:DBProfile.DISK for Table:validCerts
2019-09-20 09:33:10,285 [main] INFO  db.DBStoreBuilder (DBStoreBuilder.java:addTable(110)) - using custom profile for table: revokedCerts
2019-09-20 09:33:10,286 [main] INFO  db.DBStoreBuilder (DBStoreBuilder.java:processTables(161)) - Using default column profile:DBProfile.DISK for Table:revokedCerts
2019-09-20 09:33:10,286 [main] INFO  db.DBStoreBuilder (DBStoreBuilder.java:addTable(110)) - using custom profile for table: default
2019-09-20 09:33:10,286 [main] INFO  db.DBStoreBuilder (DBStoreBuilder.java:processTables(167)) - Using default column profile:DBProfile.DISK for Table:default
2019-09-20 09:33:10,287 [main] INFO  db.DBStoreBuilder (DBStoreBuilder.java:getDbProfile(198)) - Using default options. DBProfile.DISK
2019-09-20 09:33:10,445 [main] INFO  net.NodeSchemaLoader (NodeSchemaLoader.java:loadSchemaFromFile(125)) - Loading file from sun.misc.CompoundEnumeration@44eb2452
2019-09-20 09:33:10,445 [main] INFO  net.NodeSchemaLoader (NodeSchemaLoader.java:loadSchema(171)) - Loading network topology layer schema file
2019-09-20 09:33:10,451 [main] WARN  server.ServerUtils (ServerUtils.java:sanitizeUserArgs(70)) - ozone.scm.stale.node.interval value = 300000 is larger than max = 100000 based on the key value of ozone.scm.heartbeat.thread.interval, reset to the max value 100000.
2019-09-20 09:33:10,452 [main] WARN  server.ServerUtils (ServerUtils.java:sanitizeUserArgs(70)) - ozone.scm.stale.node.interval value = 300000 is larger than max = 100000 based on the key value of ozone.scm.heartbeat.thread.interval, reset to the max value 100000.
2019-09-20 09:33:10,452 [main] INFO  node.SCMNodeManager (SCMNodeManager.java:<init>(121)) - Entering startup safe mode.
2019-09-20 09:33:10,453 [main] INFO  algorithms.ContainerPlacementPolicyFactory (ContainerPlacementPolicyFactory.java:getPolicy(56)) - Create container placement policy of type org.apache.hadoop.hdds.scm.container.placement.algorithms.SCMContainerPlacementRandom
2019-09-20 09:33:10,453 [main] WARN  server.ServerUtils (ServerUtils.java:getScmDbDir(145)) - ozone.scm.db.dirs is not configured. We recommend adding this setting. Falling back to ozone.metadata.dirs instead.
2019-09-20 09:33:10,486 [main] INFO  pipeline.SCMPipelineManager (SCMPipelineManager.java:initializePipelineState(145)) - No pipeline exists in current db
2019-09-20 09:33:10,486 [main] WARN  server.ServerUtils (ServerUtils.java:getScmDbDir(145)) - ozone.scm.db.dirs is not configured. We recommend adding this setting. Falling back to ozone.metadata.dirs instead.
2019-09-20 09:33:10,539 [main] INFO  safemode.HealthyPipelineSafeModeRule (HealthyPipelineSafeModeRule.java:<init>(89)) -  Total pipeline count is 0, healthy pipeline threshold count is 1
2019-09-20 09:33:10,539 [main] INFO  safemode.OneReplicaPipelineSafeModeRule (OneReplicaPipelineSafeModeRule.java:<init>(80)) - Total pipeline count is 0, pipeline's with at least one datanode reported threshold count is 0
2019-09-20 09:33:10,540 [main] WARN  events.EventQueue (EventQueue.java:fireEvent(175)) - No event handler registered for event TypedEvent{payloadType=SafeModeStatus, name='SafeModeStatus'}
2019-09-20 09:33:10,541 [main] INFO  ipc.CallQueueManager (CallQueueManager.java:<init>(84)) - Using callQueue: class java.util.concurrent.LinkedBlockingQueue, queueCapacity: 2000, scheduler: class org.apache.hadoop.ipc.DefaultRpcScheduler, ipcBackoff: false.
2019-09-20 09:33:10,542 [Socket Reader #1 for port 34800] INFO  ipc.Server (Server.java:run(1074)) - Starting Socket Reader #1 for port 34800
2019-09-20 09:33:10,544 [main] INFO  ipc.CallQueueManager (CallQueueManager.java:<init>(84)) - Using callQueue: class java.util.concurrent.LinkedBlockingQueue, queueCapacity: 2000, scheduler: class org.apache.hadoop.ipc.DefaultRpcScheduler, ipcBackoff: false.
2019-09-20 09:33:10,545 [Socket Reader #1 for port 35006] INFO  ipc.Server (Server.java:run(1074)) - Starting Socket Reader #1 for port 35006
2019-09-20 09:33:10,546 [main] INFO  ipc.CallQueueManager (CallQueueManager.java:<init>(84)) - Using callQueue: class java.util.concurrent.LinkedBlockingQueue, queueCapacity: 2000, scheduler: class org.apache.hadoop.ipc.DefaultRpcScheduler, ipcBackoff: false.
2019-09-20 09:33:10,547 [Socket Reader #1 for port 40425] INFO  ipc.Server (Server.java:run(1074)) - Starting Socket Reader #1 for port 40425
2019-09-20 09:33:10,550 [main] INFO  hdfs.DFSUtil (DFSUtil.java:httpServerTemplateForNNAndJN(1641)) - Starting Web-server for scm at: http://0.0.0.0:0
2019-09-20 09:33:10,553 [main] INFO  server.AuthenticationFilter (AuthenticationFilter.java:constructSecretProvider(240)) - Unable to initialize FileSignerSecretProvider, falling back to use random secrets.
2019-09-20 09:33:10,553 [main] WARN  http.HttpRequestLog (HttpRequestLog.java:getRequestLog(97)) - Jetty request log can only be enabled using Log4j
2019-09-20 09:33:10,556 [main] INFO  http.HttpServer2 (HttpServer2.java:addGlobalFilter(975)) - Added global filter 'safety' (class=org.apache.hadoop.http.HttpServer2$QuotingInputFilter)
2019-09-20 09:33:10,557 [main] INFO  http.HttpServer2 (HttpServer2.java:addFilter(948)) - Added filter static_user_filter (class=org.apache.hadoop.http.lib.StaticUserWebFilter$StaticUserFilter) to context scm
2019-09-20 09:33:10,558 [main] INFO  http.HttpServer2 (HttpServer2.java:addFilter(958)) - Added filter static_user_filter (class=org.apache.hadoop.http.lib.StaticUserWebFilter$StaticUserFilter) to context logs
2019-09-20 09:33:10,558 [main] INFO  http.HttpServer2 (HttpServer2.java:addFilter(958)) - Added filter static_user_filter (class=org.apache.hadoop.http.lib.StaticUserWebFilter$StaticUserFilter) to context static
2019-09-20 09:33:10,562 [main] INFO  server.StorageContainerManager (StorageContainerManager.java:start(761)) - StorageContainerLocationProtocol RPC server is listening at /0.0.0.0:40425
2019-09-20 09:33:10,565 [main] WARN  impl.MetricsConfig (MetricsConfig.java:loadFirst(134)) - Cannot locate configuration: tried hadoop-metrics2-storagecontainermanager.properties,hadoop-metrics2.properties
2019-09-20 09:33:10,566 [main] INFO  impl.MetricsSystemImpl (MetricsSystemImpl.java:startTimer(374)) - Scheduled Metric snapshot period at 10 second(s).
2019-09-20 09:33:10,566 [main] INFO  impl.MetricsSystemImpl (MetricsSystemImpl.java:start(191)) - StorageContainerManager metrics system started
2019-09-20 09:33:10,637 [main] INFO  server.SCMClientProtocolServer (SCMClientProtocolServer.java:start(151)) - RPC server for Client  is listening at /0.0.0.0:40425
2019-09-20 09:33:10,637 [IPC Server Responder] INFO  ipc.Server (Server.java:run(1314)) - IPC Server Responder: starting
2019-09-20 09:33:10,637 [IPC Server listener on 40425] INFO  ipc.Server (Server.java:run(1153)) - IPC Server listener on 40425: starting
2019-09-20 09:33:10,642 [main] INFO  server.StorageContainerManager (StorageContainerManager.java:start(771)) - ScmBlockLocationProtocol RPC server is listening at /0.0.0.0:35006
2019-09-20 09:33:10,642 [main] INFO  server.SCMBlockProtocolServer (SCMBlockProtocolServer.java:start(140)) - RPC server for Block Protocol is listening at /0.0.0.0:35006
2019-09-20 09:33:10,642 [IPC Server Responder] INFO  ipc.Server (Server.java:run(1314)) - IPC Server Responder: starting
2019-09-20 09:33:10,642 [IPC Server listener on 35006] INFO  ipc.Server (Server.java:run(1153)) - IPC Server listener on 35006: starting
2019-09-20 09:33:10,646 [main] INFO  server.StorageContainerManager (StorageContainerManager.java:start(775)) - ScmDatanodeProtocl RPC server is listening at /0.0.0.0:34800
2019-09-20 09:33:10,647 [main] INFO  server.SCMDatanodeProtocolServer (SCMDatanodeProtocolServer.java:start(199)) - RPC server for DataNodes is listening at /0.0.0.0:34800
2019-09-20 09:33:10,647 [IPC Server Responder] INFO  ipc.Server (Server.java:run(1314)) - IPC Server Responder: starting
2019-09-20 09:33:10,648 [IPC Server listener on 34800] INFO  ipc.Server (Server.java:run(1153)) - IPC Server listener on 34800: starting
2019-09-20 09:33:10,651 [main] INFO  http.HttpServer2 (HttpServer2.java:bindListener(1191)) - Jetty bound to port 43121
2019-09-20 09:33:10,651 [main] INFO  server.Server (Server.java:doStart(351)) - jetty-9.3.24.v20180605, build timestamp: 2018-06-05T17:11:56Z, git hash: 84205aa28f11a4f31f2a3b86d1bba2cc8ab69827
2019-09-20 09:33:10,653 [main] INFO  handler.ContextHandler (ContextHandler.java:doStart(781)) - Started o.e.j.s.ServletContextHandler@41d20f06{/logs,file:///workdir/hadoop-ozone/integration-test/target/log,AVAILABLE}
2019-09-20 09:33:10,654 [main] INFO  handler.ContextHandler (ContextHandler.java:doStart(781)) - Started o.e.j.s.ServletContextHandler@1573e8a5{/static,file:///workdir/hadoop-ozone/integration-test/target/test-classes/webapps/static,AVAILABLE}
2019-09-20 09:33:10,659 [main] INFO  handler.ContextHandler (ContextHandler.java:doStart(781)) - Started o.e.j.w.WebAppContext@481ed95c{/,file:///workdir/hadoop-ozone/integration-test/target/test-classes/webapps/scm/,AVAILABLE}{/scm}
2019-09-20 09:33:10,659 [main] INFO  server.AbstractConnector (AbstractConnector.java:doStart(278)) - Started ServerConnector@40cf6254{HTTP/1.1,[http/1.1]}{0.0.0.0:43121}
2019-09-20 09:33:10,660 [main] INFO  server.Server (Server.java:doStart(419)) - Started @74378ms
2019-09-20 09:33:10,662 [main] INFO  server.BaseHttpServer (BaseHttpServer.java:updateConnectorAddress(213)) - HTTP server of SCM is listening at http://0.0.0.0:43121
2019-09-20 09:33:10,663 [main] WARN  server.ServerUtils (ServerUtils.java:getDBPath(222)) - ozone.om.db.dirs is not configured. We recommend adding this setting. Falling back to ozone.metadata.dirs instead.
2019-09-20 09:33:10,664 [org.apache.hadoop.util.JvmPauseMonitor$Monitor@2c77344f] INFO  util.JvmPauseMonitor (JvmPauseMonitor.java:run(188)) - Starting JVM pause monitor
2019-09-20 09:33:10,680 [main] WARN  server.ServerUtils (ServerUtils.java:getDBPath(222)) - ozone.om.db.dirs is not configured. We recommend adding this setting. Falling back to ozone.metadata.dirs instead.
2019-09-20 09:33:10,680 [main] WARN  server.ServerUtils (ServerUtils.java:getDBPath(222)) - ozone.om.db.dirs is not configured. We recommend adding this setting. Falling back to ozone.metadata.dirs instead.
2019-09-20 09:33:10,681 [main] INFO  om.OzoneManager (OzoneManager.java:setOMNodeDetails(645)) - OM Service ID is not set. Setting it to the default ID: omServiceIdDefault
2019-09-20 09:33:10,681 [main] INFO  om.OzoneManager (OzoneManager.java:setOMNodeDetails(651)) - OM Node ID is not set. Setting it to the OmStorage's OmID: 155c0ae0-94c0-4c81-b8bc-3033c3cbc4b7
2019-09-20 09:33:10,681 [main] INFO  om.OzoneManager (OzoneManager.java:loadOMHAConfigs(602)) - Found matching OM address with OMServiceId: null, OMNodeId: null, RPC Address: localhost:0 and Ratis port: 9872
2019-09-20 09:33:10,685 | INFO  | SCMAudit | user=jenkins1000 | ip=192.168.151.119 | op=GET_SCM_INFO null | ret=SUCCESS |  
2019-09-20 09:33:10,688 [main] WARN  server.ServerUtils (ServerUtils.java:getDBPath(222)) - ozone.om.db.dirs is not configured. We recommend adding this setting. Falling back to ozone.metadata.dirs instead.
2019-09-20 09:33:10,688 [main] INFO  db.DBStoreBuilder (DBStoreBuilder.java:addTable(110)) - using custom profile for table: userTable
2019-09-20 09:33:10,688 [main] INFO  db.DBStoreBuilder (DBStoreBuilder.java:processTables(161)) - Using default column profile:DBProfile.DISK for Table:userTable
2019-09-20 09:33:10,689 [main] INFO  db.DBStoreBuilder (DBStoreBuilder.java:addTable(110)) - using custom profile for table: volumeTable
2019-09-20 09:33:10,689 [main] INFO  db.DBStoreBuilder (DBStoreBuilder.java:processTables(161)) - Using default column profile:DBProfile.DISK for Table:volumeTable
2019-09-20 09:33:10,689 [main] INFO  db.DBStoreBuilder (DBStoreBuilder.java:addTable(110)) - using custom profile for table: bucketTable
2019-09-20 09:33:10,689 [main] INFO  db.DBStoreBuilder (DBStoreBuilder.java:processTables(161)) - Using default column profile:DBProfile.DISK for Table:bucketTable
2019-09-20 09:33:10,690 [main] INFO  db.DBStoreBuilder (DBStoreBuilder.java:addTable(110)) - using custom profile for table: keyTable
2019-09-20 09:33:10,690 [main] INFO  db.DBStoreBuilder (DBStoreBuilder.java:processTables(161)) - Using default column profile:DBProfile.DISK for Table:keyTable
2019-09-20 09:33:10,690 [main] INFO  db.DBStoreBuilder (DBStoreBuilder.java:addTable(110)) - using custom profile for table: deletedTable
2019-09-20 09:33:10,690 [main] INFO  db.DBStoreBuilder (DBStoreBuilder.java:processTables(161)) - Using default column profile:DBProfile.DISK for Table:deletedTable
2019-09-20 09:33:10,690 [main] INFO  db.DBStoreBuilder (DBStoreBuilder.java:addTable(110)) - using custom profile for table: openKeyTable
2019-09-20 09:33:10,691 [main] INFO  db.DBStoreBuilder (DBStoreBuilder.java:processTables(161)) - Using default column profile:DBProfile.DISK for Table:openKeyTable
2019-09-20 09:33:10,691 [main] INFO  db.DBStoreBuilder (DBStoreBuilder.java:addTable(110)) - using custom profile for table: s3Table
2019-09-20 09:33:10,691 [main] INFO  db.DBStoreBuilder (DBStoreBuilder.java:processTables(161)) - Using default column profile:DBProfile.DISK for Table:s3Table
2019-09-20 09:33:10,691 [main] INFO  db.DBStoreBuilder (DBStoreBuilder.java:addTable(110)) - using custom profile for table: multipartInfoTable
2019-09-20 09:33:10,691 [main] INFO  db.DBStoreBuilder (DBStoreBuilder.java:processTables(161)) - Using default column profile:DBProfile.DISK for Table:multipartInfoTable
2019-09-20 09:33:10,692 [main] INFO  db.DBStoreBuilder (DBStoreBuilder.java:addTable(110)) - using custom profile for table: dTokenTable
2019-09-20 09:33:10,692 [main] INFO  db.DBStoreBuilder (DBStoreBuilder.java:processTables(161)) - Using default column profile:DBProfile.DISK for Table:dTokenTable
2019-09-20 09:33:10,692 [main] INFO  db.DBStoreBuilder (DBStoreBuilder.java:addTable(110)) - using custom profile for table: s3SecretTable
2019-09-20 09:33:10,692 [main] INFO  db.DBStoreBuilder (DBStoreBuilder.java:processTables(161)) - Using default column profile:DBProfile.DISK for Table:s3SecretTable
2019-09-20 09:33:10,692 [main] INFO  db.DBStoreBuilder (DBStoreBuilder.java:addTable(110)) - using custom profile for table: prefixTable
2019-09-20 09:33:10,693 [main] INFO  db.DBStoreBuilder (DBStoreBuilder.java:processTables(161)) - Using default column profile:DBProfile.DISK for Table:prefixTable
2019-09-20 09:33:10,693 [main] INFO  db.DBStoreBuilder (DBStoreBuilder.java:addTable(110)) - using custom profile for table: default
2019-09-20 09:33:10,693 [main] INFO  db.DBStoreBuilder (DBStoreBuilder.java:processTables(167)) - Using default column profile:DBProfile.DISK for Table:default
2019-09-20 09:33:10,693 [main] INFO  db.DBStoreBuilder (DBStoreBuilder.java:getDbProfile(198)) - Using default options. DBProfile.DISK
2019-09-20 09:33:11,182 [main] INFO  ipc.CallQueueManager (CallQueueManager.java:<init>(84)) - Using callQueue: class java.util.concurrent.LinkedBlockingQueue, queueCapacity: 2000, scheduler: class org.apache.hadoop.ipc.DefaultRpcScheduler, ipcBackoff: false.
2019-09-20 09:33:11,183 [Socket Reader #1 for port 42917] INFO  ipc.Server (Server.java:run(1074)) - Starting Socket Reader #1 for port 42917
2019-09-20 09:33:11,195 [main] INFO  om.OzoneManager (OzoneManager.java:start(1256)) - OzoneManager RPC server is listening at localhost/127.0.0.1:42917
2019-09-20 09:33:11,196 [main] INFO  impl.MetricsSystemImpl (MetricsSystemImpl.java:init(158)) - OzoneManager metrics system started (again)
2019-09-20 09:33:11,196 [IPC Server Responder] INFO  ipc.Server (Server.java:run(1314)) - IPC Server Responder: starting
2019-09-20 09:33:11,197 [IPC Server listener on 42917] INFO  ipc.Server (Server.java:run(1153)) - IPC Server listener on 42917: starting
2019-09-20 09:33:11,201 [main] INFO  hdfs.DFSUtil (DFSUtil.java:httpServerTemplateForNNAndJN(1641)) - Starting Web-server for ozoneManager at: http://0.0.0.0:0
2019-09-20 09:33:11,203 [main] INFO  server.AuthenticationFilter (AuthenticationFilter.java:constructSecretProvider(240)) - Unable to initialize FileSignerSecretProvider, falling back to use random secrets.
2019-09-20 09:33:11,204 [main] WARN  http.HttpRequestLog (HttpRequestLog.java:getRequestLog(97)) - Jetty request log can only be enabled using Log4j
2019-09-20 09:33:11,206 [main] INFO  http.HttpServer2 (HttpServer2.java:addGlobalFilter(975)) - Added global filter 'safety' (class=org.apache.hadoop.http.HttpServer2$QuotingInputFilter)
2019-09-20 09:33:11,207 [main] INFO  http.HttpServer2 (HttpServer2.java:addFilter(948)) - Added filter static_user_filter (class=org.apache.hadoop.http.lib.StaticUserWebFilter$StaticUserFilter) to context ozoneManager
2019-09-20 09:33:11,207 [main] INFO  http.HttpServer2 (HttpServer2.java:addFilter(958)) - Added filter static_user_filter (class=org.apache.hadoop.http.lib.StaticUserWebFilter$StaticUserFilter) to context logs
2019-09-20 09:33:11,207 [main] INFO  http.HttpServer2 (HttpServer2.java:addFilter(958)) - Added filter static_user_filter (class=org.apache.hadoop.http.lib.StaticUserWebFilter$StaticUserFilter) to context static
2019-09-20 09:33:11,208 [main] INFO  http.HttpServer2 (HttpServer2.java:bindListener(1191)) - Jetty bound to port 45626
2019-09-20 09:33:11,208 [main] INFO  server.Server (Server.java:doStart(351)) - jetty-9.3.24.v20180605, build timestamp: 2018-06-05T17:11:56Z, git hash: 84205aa28f11a4f31f2a3b86d1bba2cc8ab69827
2019-09-20 09:33:11,211 [main] INFO  handler.ContextHandler (ContextHandler.java:doStart(781)) - Started o.e.j.s.ServletContextHandler@601f264d{/logs,file:///workdir/hadoop-ozone/integration-test/target/log,AVAILABLE}
2019-09-20 09:33:11,211 [main] INFO  handler.ContextHandler (ContextHandler.java:doStart(781)) - Started o.e.j.s.ServletContextHandler@261275ae{/static,file:///workdir/hadoop-ozone/integration-test/target/test-classes/webapps/static,AVAILABLE}
2019-09-20 09:33:11,215 [main] INFO  handler.ContextHandler (ContextHandler.java:doStart(781)) - Started o.e.j.w.WebAppContext@68b3248a{/,file:///workdir/hadoop-ozone/integration-test/target/test-classes/webapps/ozoneManager/,AVAILABLE}{/ozoneManager}
2019-09-20 09:33:11,216 [main] INFO  server.AbstractConnector (AbstractConnector.java:doStart(278)) - Started ServerConnector@5e158f33{HTTP/1.1,[http/1.1]}{0.0.0.0:45626}
2019-09-20 09:33:11,217 [main] INFO  server.Server (Server.java:doStart(419)) - Started @74934ms
2019-09-20 09:33:11,218 [main] INFO  server.BaseHttpServer (BaseHttpServer.java:updateConnectorAddress(213)) - HTTP server of OZONEMANAGER is listening at http://0.0.0.0:45626
2019-09-20 09:33:11,234 [main] INFO  impl.MetricsSystemImpl (MetricsSystemImpl.java:init(158)) - HddsDatanode metrics system started (again)
2019-09-20 09:33:11,237 [main] INFO  ozone.HddsDatanodeService (HddsDatanodeService.java:start(184)) - HddsDatanodeService host:pr-hdds-2034-wmsbd-1222111393 ip:192.168.151.119
2019-09-20 09:33:11,244 [main] INFO  volume.HddsVolume (HddsVolume.java:<init>(176)) - Creating Volume: /workdir/hadoop-ozone/integration-test/target/test-dir/MiniOzoneClusterImpl-b51a347c-4d32-49ce-97bb-8b27036901e7/datanode-0/data/containers/hdds of  storage type : DISK and capacity : 1482555576320
2019-09-20 09:33:11,245 [main] INFO  volume.VolumeSet (VolumeSet.java:initializeVolumeSet(170)) - Added Volume : /workdir/hadoop-ozone/integration-test/target/test-dir/MiniOzoneClusterImpl-b51a347c-4d32-49ce-97bb-8b27036901e7/datanode-0/data/containers/hdds to VolumeSet
2019-09-20 09:33:11,245 [main] INFO  volume.ThrottledAsyncChecker (ThrottledAsyncChecker.java:schedule(140)) - Scheduling a check for org.apache.hadoop.ozone.container.common.volume.HddsVolume@3dbb3fb7
2019-09-20 09:33:11,245 [main] INFO  volume.HddsVolumeChecker (HddsVolumeChecker.java:checkAllVolumes(203)) - Scheduled health check for volume org.apache.hadoop.ozone.container.common.volume.HddsVolume@3dbb3fb7
2019-09-20 09:33:11,261 [main] INFO  impl.RaftServerProxy (ConfUtils.java:logGet(43)) - raft.rpc.type = GRPC (default)
2019-09-20 09:33:11,261 [main] INFO  grpc.GrpcFactory (GrpcFactory.java:checkPooledByteBufAllocatorUseCacheForAllThreads(45)) - PERFORMANCE WARNING: useCacheForAllThreads is true that may cause Netty to create a lot garbage objects and, as a result, trigger GC.
	It is recommended to disable useCacheForAllThreads by setting -Dorg.apache.ratis.thirdparty.io.netty.allocator.useCacheForAllThreads=false in command line.
2019-09-20 09:33:11,261 [main] INFO  grpc.GrpcConfigKeys$Server (ConfUtils.java:logGet(43)) - raft.grpc.server.port = 0 (default)
2019-09-20 09:33:11,262 [main] INFO  server.GrpcService (ConfUtils.java:logGet(43)) - raft.grpc.message.size.max = 33570816 (custom)
2019-09-20 09:33:11,262 [main] INFO  server.RaftServerConfigKeys (ConfUtils.java:logGet(43)) - raft.server.log.appender.buffer.byte-limit = 33554432 (custom)
2019-09-20 09:33:11,262 [main] INFO  server.GrpcService (ConfUtils.java:logGet(43)) - raft.grpc.flow.control.window = 1MB (=1048576) (default)
2019-09-20 09:33:11,262 [main] INFO  server.RaftServerConfigKeys (ConfUtils.java:logGet(43)) - raft.server.rpc.request.timeout = 3000ms (default)
2019-09-20 09:33:11,263 [main] INFO  server.RaftServerConfigKeys (ConfUtils.java:logGet(43)) - raft.server.storage.dir = [/workdir/hadoop-ozone/integration-test/target/test-dir/MiniOzoneClusterImpl-b51a347c-4d32-49ce-97bb-8b27036901e7/datanode-0/data/ratis] (custom)
2019-09-20 09:33:11,263 [main] INFO  replication.SimpleContainerDownloader (SimpleContainerDownloader.java:<init>(72)) - Starting container downloader service to copy containers to replicate.
2019-09-20 09:33:11,264 [main] INFO  hdfs.DFSUtil (DFSUtil.java:httpServerTemplateForNNAndJN(1641)) - Starting Web-server for hddsDatanode at: http://0.0.0.0:0
2019-09-20 09:33:11,266 [main] INFO  server.AuthenticationFilter (AuthenticationFilter.java:constructSecretProvider(240)) - Unable to initialize FileSignerSecretProvider, falling back to use random secrets.
2019-09-20 09:33:11,266 [main] WARN  http.HttpRequestLog (HttpRequestLog.java:getRequestLog(97)) - Jetty request log can only be enabled using Log4j
2019-09-20 09:33:11,268 [main] INFO  http.HttpServer2 (HttpServer2.java:addGlobalFilter(975)) - Added global filter 'safety' (class=org.apache.hadoop.http.HttpServer2$QuotingInputFilter)
2019-09-20 09:33:11,268 [main] INFO  http.HttpServer2 (HttpServer2.java:addFilter(948)) - Added filter static_user_filter (class=org.apache.hadoop.http.lib.StaticUserWebFilter$StaticUserFilter) to context hddsDatanode
2019-09-20 09:33:11,268 [main] INFO  http.HttpServer2 (HttpServer2.java:addFilter(958)) - Added filter static_user_filter (class=org.apache.hadoop.http.lib.StaticUserWebFilter$StaticUserFilter) to context logs
2019-09-20 09:33:11,268 [main] INFO  http.HttpServer2 (HttpServer2.java:addFilter(958)) - Added filter static_user_filter (class=org.apache.hadoop.http.lib.StaticUserWebFilter$StaticUserFilter) to context static
2019-09-20 09:33:11,269 [main] INFO  http.HttpServer2 (HttpServer2.java:bindListener(1191)) - Jetty bound to port 36817
2019-09-20 09:33:11,269 [main] INFO  server.Server (Server.java:doStart(351)) - jetty-9.3.24.v20180605, build timestamp: 2018-06-05T17:11:56Z, git hash: 84205aa28f11a4f31f2a3b86d1bba2cc8ab69827
2019-09-20 09:33:11,271 [main] INFO  handler.ContextHandler (ContextHandler.java:doStart(781)) - Started o.e.j.s.ServletContextHandler@7645e64{/logs,file:///workdir/hadoop-ozone/integration-test/target/log,AVAILABLE}
2019-09-20 09:33:11,272 [main] INFO  handler.ContextHandler (ContextHandler.java:doStart(781)) - Started o.e.j.s.ServletContextHandler@12214f2f{/static,jar:file:/home/user/.m2/repository/org/apache/hadoop/hadoop-hdds-container-service/0.5.0-SNAPSHOT/hadoop-hdds-container-service-0.5.0-SNAPSHOT.jar!/webapps/static,AVAILABLE}
2019-09-20 09:33:11,301 [main] INFO  handler.ContextHandler (ContextHandler.java:doStart(781)) - Started o.e.j.w.WebAppContext@6029f2a4{/,file:///tmp/jetty-0.0.0.0-36817-hddsDatanode-_-any-7318032334773302488.dir/webapp/,AVAILABLE}{/hddsDatanode}
2019-09-20 09:33:11,302 [main] INFO  server.AbstractConnector (AbstractConnector.java:doStart(278)) - Started ServerConnector@42576db9{HTTP/1.1,[http/1.1]}{0.0.0.0:36817}
2019-09-20 09:33:11,304 [main] INFO  server.Server (Server.java:doStart(419)) - Started @75021ms
2019-09-20 09:33:11,304 [main] INFO  server.BaseHttpServer (BaseHttpServer.java:updateConnectorAddress(213)) - HTTP server of HDDSDATANODE is listening at http://0.0.0.0:36817
2019-09-20 09:33:11,468 | INFO  | ObjectStoreRestHttpServer | Listening HDDS REST traffic on /0.0.0.0:36325 |  
2019-09-20 09:33:11,468 [main] INFO  ozone.HddsDatanodeService (HddsDatanodeService.java:startPlugins(395)) - Started plug-in org.apache.hadoop.ozone.web.OzoneHddsDatanodeService@1c18ee69
2019-09-20 09:33:11,468 [main] INFO  impl.MetricsSystemImpl (MetricsSystemImpl.java:init(158)) - HddsDatanode metrics system started (again)
2019-09-20 09:33:11,474 [org.apache.hadoop.util.JvmPauseMonitor$Monitor@6f2cafe8] INFO  util.JvmPauseMonitor (JvmPauseMonitor.java:run(188)) - Starting JVM pause monitor
2019-09-20 09:33:11,474 [main] INFO  ozone.HddsDatanodeService (HddsDatanodeService.java:start(184)) - HddsDatanodeService host:pr-hdds-2034-wmsbd-1222111393 ip:192.168.151.119
2019-09-20 09:33:11,476 [Datanode State Machine Thread - 0] INFO  datanode.InitDatanodeState (InitDatanodeState.java:persistContainerDatanodeDetails(140)) - DatanodeDetails is persisted to /workdir/hadoop-ozone/integration-test/target/test-dir/MiniOzoneClusterImpl-b51a347c-4d32-49ce-97bb-8b27036901e7/datanode-0/meta/datanode.id
2019-09-20 09:33:11,484 [main] INFO  volume.HddsVolume (HddsVolume.java:<init>(176)) - Creating Volume: /workdir/hadoop-ozone/integration-test/target/test-dir/MiniOzoneClusterImpl-b51a347c-4d32-49ce-97bb-8b27036901e7/datanode-1/data/containers/hdds of  storage type : DISK and capacity : 1482555576320
2019-09-20 09:33:11,484 [main] INFO  volume.VolumeSet (VolumeSet.java:initializeVolumeSet(170)) - Added Volume : /workdir/hadoop-ozone/integration-test/target/test-dir/MiniOzoneClusterImpl-b51a347c-4d32-49ce-97bb-8b27036901e7/datanode-1/data/containers/hdds to VolumeSet
2019-09-20 09:33:11,485 [main] INFO  volume.ThrottledAsyncChecker (ThrottledAsyncChecker.java:schedule(140)) - Scheduling a check for org.apache.hadoop.ozone.container.common.volume.HddsVolume@48277712
2019-09-20 09:33:11,485 [main] INFO  volume.HddsVolumeChecker (HddsVolumeChecker.java:checkAllVolumes(203)) - Scheduled health check for volume org.apache.hadoop.ozone.container.common.volume.HddsVolume@48277712
2019-09-20 09:33:11,508 [main] INFO  impl.RaftServerProxy (ConfUtils.java:logGet(43)) - raft.rpc.type = GRPC (default)
2019-09-20 09:33:11,509 [main] INFO  grpc.GrpcFactory (GrpcFactory.java:checkPooledByteBufAllocatorUseCacheForAllThreads(45)) - PERFORMANCE WARNING: useCacheForAllThreads is true that may cause Netty to create a lot garbage objects and, as a result, trigger GC.
	It is recommended to disable useCacheForAllThreads by setting -Dorg.apache.ratis.thirdparty.io.netty.allocator.useCacheForAllThreads=false in command line.
2019-09-20 09:33:11,509 [main] INFO  grpc.GrpcConfigKeys$Server (ConfUtils.java:logGet(43)) - raft.grpc.server.port = 0 (default)
2019-09-20 09:33:11,509 [main] INFO  server.GrpcService (ConfUtils.java:logGet(43)) - raft.grpc.message.size.max = 33570816 (custom)
2019-09-20 09:33:11,509 [main] INFO  server.RaftServerConfigKeys (ConfUtils.java:logGet(43)) - raft.server.log.appender.buffer.byte-limit = 33554432 (custom)
2019-09-20 09:33:11,509 [main] INFO  server.GrpcService (ConfUtils.java:logGet(43)) - raft.grpc.flow.control.window = 1MB (=1048576) (default)
2019-09-20 09:33:11,510 [main] INFO  server.RaftServerConfigKeys (ConfUtils.java:logGet(43)) - raft.server.rpc.request.timeout = 3000ms (default)
2019-09-20 09:33:11,510 [main] INFO  server.RaftServerConfigKeys (ConfUtils.java:logGet(43)) - raft.server.storage.dir = [/workdir/hadoop-ozone/integration-test/target/test-dir/MiniOzoneClusterImpl-b51a347c-4d32-49ce-97bb-8b27036901e7/datanode-1/data/ratis] (custom)
2019-09-20 09:33:11,510 [main] INFO  replication.SimpleContainerDownloader (SimpleContainerDownloader.java:<init>(72)) - Starting container downloader service to copy containers to replicate.
2019-09-20 09:33:11,512 [main] INFO  hdfs.DFSUtil (DFSUtil.java:httpServerTemplateForNNAndJN(1641)) - Starting Web-server for hddsDatanode at: http://0.0.0.0:0
2019-09-20 09:33:11,513 [main] INFO  server.AuthenticationFilter (AuthenticationFilter.java:constructSecretProvider(240)) - Unable to initialize FileSignerSecretProvider, falling back to use random secrets.
2019-09-20 09:33:11,513 [main] WARN  http.HttpRequestLog (HttpRequestLog.java:getRequestLog(97)) - Jetty request log can only be enabled using Log4j
2019-09-20 09:33:11,515 [main] INFO  http.HttpServer2 (HttpServer2.java:addGlobalFilter(975)) - Added global filter 'safety' (class=org.apache.hadoop.http.HttpServer2$QuotingInputFilter)
2019-09-20 09:33:11,515 [main] INFO  http.HttpServer2 (HttpServer2.java:addFilter(948)) - Added filter static_user_filter (class=org.apache.hadoop.http.lib.StaticUserWebFilter$StaticUserFilter) to context hddsDatanode
2019-09-20 09:33:11,515 [main] INFO  http.HttpServer2 (HttpServer2.java:addFilter(958)) - Added filter static_user_filter (class=org.apache.hadoop.http.lib.StaticUserWebFilter$StaticUserFilter) to context logs
2019-09-20 09:33:11,516 [main] INFO  http.HttpServer2 (HttpServer2.java:addFilter(958)) - Added filter static_user_filter (class=org.apache.hadoop.http.lib.StaticUserWebFilter$StaticUserFilter) to context static
2019-09-20 09:33:11,516 [main] INFO  http.HttpServer2 (HttpServer2.java:bindListener(1191)) - Jetty bound to port 43108
2019-09-20 09:33:11,516 [main] INFO  server.Server (Server.java:doStart(351)) - jetty-9.3.24.v20180605, build timestamp: 2018-06-05T17:11:56Z, git hash: 84205aa28f11a4f31f2a3b86d1bba2cc8ab69827
2019-09-20 09:33:11,518 [main] INFO  handler.ContextHandler (ContextHandler.java:doStart(781)) - Started o.e.j.s.ServletContextHandler@4809c771{/logs,file:///workdir/hadoop-ozone/integration-test/target/log,AVAILABLE}
2019-09-20 09:33:11,518 [main] INFO  handler.ContextHandler (ContextHandler.java:doStart(781)) - Started o.e.j.s.ServletContextHandler@359e27d2{/static,jar:file:/home/user/.m2/repository/org/apache/hadoop/hadoop-hdds-container-service/0.5.0-SNAPSHOT/hadoop-hdds-container-service-0.5.0-SNAPSHOT.jar!/webapps/static,AVAILABLE}
2019-09-20 09:33:11,548 [main] INFO  handler.ContextHandler (ContextHandler.java:doStart(781)) - Started o.e.j.w.WebAppContext@9f1ca74{/,file:///tmp/jetty-0.0.0.0-43108-hddsDatanode-_-any-7297444580175317823.dir/webapp/,AVAILABLE}{/hddsDatanode}
2019-09-20 09:33:11,548 [main] INFO  server.AbstractConnector (AbstractConnector.java:doStart(278)) - Started ServerConnector@67b8d45{HTTP/1.1,[http/1.1]}{0.0.0.0:43108}
2019-09-20 09:33:11,550 [main] INFO  server.Server (Server.java:doStart(419)) - Started @75268ms
2019-09-20 09:33:11,551 [main] INFO  server.BaseHttpServer (BaseHttpServer.java:updateConnectorAddress(213)) - HTTP server of HDDSDATANODE is listening at http://0.0.0.0:43108
2019-09-20 09:33:11,687 | INFO  | ObjectStoreRestHttpServer | Listening HDDS REST traffic on /0.0.0.0:41129 |  
2019-09-20 09:33:11,688 [main] INFO  ozone.HddsDatanodeService (HddsDatanodeService.java:startPlugins(395)) - Started plug-in org.apache.hadoop.ozone.web.OzoneHddsDatanodeService@4aeaff64
2019-09-20 09:33:11,688 [main] INFO  impl.MetricsSystemImpl (MetricsSystemImpl.java:init(158)) - HddsDatanode metrics system started (again)
2019-09-20 09:33:11,693 [org.apache.hadoop.util.JvmPauseMonitor$Monitor@5bc33c88] INFO  util.JvmPauseMonitor (JvmPauseMonitor.java:run(188)) - Starting JVM pause monitor
2019-09-20 09:33:11,693 [main] INFO  ozone.HddsDatanodeService (HddsDatanodeService.java:start(184)) - HddsDatanodeService host:pr-hdds-2034-wmsbd-1222111393 ip:192.168.151.119
2019-09-20 09:33:11,695 [Datanode State Machine Thread - 0] INFO  datanode.InitDatanodeState (InitDatanodeState.java:persistContainerDatanodeDetails(140)) - DatanodeDetails is persisted to /workdir/hadoop-ozone/integration-test/target/test-dir/MiniOzoneClusterImpl-b51a347c-4d32-49ce-97bb-8b27036901e7/datanode-1/meta/datanode.id
2019-09-20 09:33:11,701 [main] INFO  volume.HddsVolume (HddsVolume.java:<init>(176)) - Creating Volume: /workdir/hadoop-ozone/integration-test/target/test-dir/MiniOzoneClusterImpl-b51a347c-4d32-49ce-97bb-8b27036901e7/datanode-2/data/containers/hdds of  storage type : DISK and capacity : 1482555576320
2019-09-20 09:33:11,701 [main] INFO  volume.VolumeSet (VolumeSet.java:initializeVolumeSet(170)) - Added Volume : /workdir/hadoop-ozone/integration-test/target/test-dir/MiniOzoneClusterImpl-b51a347c-4d32-49ce-97bb-8b27036901e7/datanode-2/data/containers/hdds to VolumeSet
2019-09-20 09:33:11,701 [main] INFO  volume.ThrottledAsyncChecker (ThrottledAsyncChecker.java:schedule(140)) - Scheduling a check for org.apache.hadoop.ozone.container.common.volume.HddsVolume@2e93108a
2019-09-20 09:33:11,702 [main] INFO  volume.HddsVolumeChecker (HddsVolumeChecker.java:checkAllVolumes(203)) - Scheduled health check for volume org.apache.hadoop.ozone.container.common.volume.HddsVolume@2e93108a
2019-09-20 09:33:11,717 [main] INFO  impl.RaftServerProxy (ConfUtils.java:logGet(43)) - raft.rpc.type = GRPC (default)
2019-09-20 09:33:11,718 [main] INFO  grpc.GrpcFactory (GrpcFactory.java:checkPooledByteBufAllocatorUseCacheForAllThreads(45)) - PERFORMANCE WARNING: useCacheForAllThreads is true that may cause Netty to create a lot garbage objects and, as a result, trigger GC.
	It is recommended to disable useCacheForAllThreads by setting -Dorg.apache.ratis.thirdparty.io.netty.allocator.useCacheForAllThreads=false in command line.
2019-09-20 09:33:11,718 [main] INFO  grpc.GrpcConfigKeys$Server (ConfUtils.java:logGet(43)) - raft.grpc.server.port = 0 (default)
2019-09-20 09:33:11,718 [main] INFO  server.GrpcService (ConfUtils.java:logGet(43)) - raft.grpc.message.size.max = 33570816 (custom)
2019-09-20 09:33:11,718 [main] INFO  server.RaftServerConfigKeys (ConfUtils.java:logGet(43)) - raft.server.log.appender.buffer.byte-limit = 33554432 (custom)
2019-09-20 09:33:11,719 [main] INFO  server.GrpcService (ConfUtils.java:logGet(43)) - raft.grpc.flow.control.window = 1MB (=1048576) (default)
2019-09-20 09:33:11,719 [main] INFO  server.RaftServerConfigKeys (ConfUtils.java:logGet(43)) - raft.server.rpc.request.timeout = 3000ms (default)
2019-09-20 09:33:11,719 [main] INFO  server.RaftServerConfigKeys (ConfUtils.java:logGet(43)) - raft.server.storage.dir = [/workdir/hadoop-ozone/integration-test/target/test-dir/MiniOzoneClusterImpl-b51a347c-4d32-49ce-97bb-8b27036901e7/datanode-2/data/ratis] (custom)
2019-09-20 09:33:11,720 [main] INFO  replication.SimpleContainerDownloader (SimpleContainerDownloader.java:<init>(72)) - Starting container downloader service to copy containers to replicate.
2019-09-20 09:33:11,721 [main] INFO  hdfs.DFSUtil (DFSUtil.java:httpServerTemplateForNNAndJN(1641)) - Starting Web-server for hddsDatanode at: http://0.0.0.0:0
2019-09-20 09:33:11,723 [main] INFO  server.AuthenticationFilter (AuthenticationFilter.java:constructSecretProvider(240)) - Unable to initialize FileSignerSecretProvider, falling back to use random secrets.
2019-09-20 09:33:11,723 [main] WARN  http.HttpRequestLog (HttpRequestLog.java:getRequestLog(97)) - Jetty request log can only be enabled using Log4j
2019-09-20 09:33:11,725 [main] INFO  http.HttpServer2 (HttpServer2.java:addGlobalFilter(975)) - Added global filter 'safety' (class=org.apache.hadoop.http.HttpServer2$QuotingInputFilter)
2019-09-20 09:33:11,726 [main] INFO  http.HttpServer2 (HttpServer2.java:addFilter(948)) - Added filter static_user_filter (class=org.apache.hadoop.http.lib.StaticUserWebFilter$StaticUserFilter) to context hddsDatanode
2019-09-20 09:33:11,726 [main] INFO  http.HttpServer2 (HttpServer2.java:addFilter(958)) - Added filter static_user_filter (class=org.apache.hadoop.http.lib.StaticUserWebFilter$StaticUserFilter) to context static
2019-09-20 09:33:11,726 [main] INFO  http.HttpServer2 (HttpServer2.java:addFilter(958)) - Added filter static_user_filter (class=org.apache.hadoop.http.lib.StaticUserWebFilter$StaticUserFilter) to context logs
2019-09-20 09:33:11,727 [main] INFO  http.HttpServer2 (HttpServer2.java:bindListener(1191)) - Jetty bound to port 38000
2019-09-20 09:33:11,728 [main] INFO  server.Server (Server.java:doStart(351)) - jetty-9.3.24.v20180605, build timestamp: 2018-06-05T17:11:56Z, git hash: 84205aa28f11a4f31f2a3b86d1bba2cc8ab69827
2019-09-20 09:33:11,731 [main] INFO  handler.ContextHandler (ContextHandler.java:doStart(781)) - Started o.e.j.s.ServletContextHandler@70d687b8{/logs,file:///workdir/hadoop-ozone/integration-test/target/log,AVAILABLE}
2019-09-20 09:33:11,732 [main] INFO  handler.ContextHandler (ContextHandler.java:doStart(781)) - Started o.e.j.s.ServletContextHandler@f49e81a{/static,jar:file:/home/user/.m2/repository/org/apache/hadoop/hadoop-hdds-container-service/0.5.0-SNAPSHOT/hadoop-hdds-container-service-0.5.0-SNAPSHOT.jar!/webapps/static,AVAILABLE}
2019-09-20 09:33:11,776 [main] INFO  handler.ContextHandler (ContextHandler.java:doStart(781)) - Started o.e.j.w.WebAppContext@28f90752{/,file:///tmp/jetty-0.0.0.0-38000-hddsDatanode-_-any-2997880823614948304.dir/webapp/,AVAILABLE}{/hddsDatanode}
2019-09-20 09:33:11,776 [main] INFO  server.AbstractConnector (AbstractConnector.java:doStart(278)) - Started ServerConnector@4f20b022{HTTP/1.1,[http/1.1]}{0.0.0.0:38000}
2019-09-20 09:33:11,778 [main] INFO  server.Server (Server.java:doStart(419)) - Started @75496ms
2019-09-20 09:33:11,779 [main] INFO  server.BaseHttpServer (BaseHttpServer.java:updateConnectorAddress(213)) - HTTP server of HDDSDATANODE is listening at http://0.0.0.0:38000
2019-09-20 09:33:12,068 | INFO  | ObjectStoreRestHttpServer | Listening HDDS REST traffic on /0.0.0.0:41870 |  
2019-09-20 09:33:12,079 [main] INFO  ozone.HddsDatanodeService (HddsDatanodeService.java:startPlugins(395)) - Started plug-in org.apache.hadoop.ozone.web.OzoneHddsDatanodeService@186295cc
2019-09-20 09:33:12,102 [main] INFO  impl.MetricsSystemImpl (MetricsSystemImpl.java:init(158)) - HddsDatanode metrics system started (again)
2019-09-20 09:33:12,153 [org.apache.hadoop.util.JvmPauseMonitor$Monitor@4cc5fc89] INFO  util.JvmPauseMonitor (JvmPauseMonitor.java:run(188)) - Starting JVM pause monitor
2019-09-20 09:33:12,153 [main] INFO  ozone.HddsDatanodeService (HddsDatanodeService.java:start(184)) - HddsDatanodeService host:pr-hdds-2034-wmsbd-1222111393 ip:192.168.151.119
2019-09-20 09:33:12,155 [Datanode State Machine Thread - 0] INFO  datanode.InitDatanodeState (InitDatanodeState.java:persistContainerDatanodeDetails(140)) - DatanodeDetails is persisted to /workdir/hadoop-ozone/integration-test/target/test-dir/MiniOzoneClusterImpl-b51a347c-4d32-49ce-97bb-8b27036901e7/datanode-2/meta/datanode.id
2019-09-20 09:33:12,162 [main] INFO  volume.HddsVolume (HddsVolume.java:<init>(176)) - Creating Volume: /workdir/hadoop-ozone/integration-test/target/test-dir/MiniOzoneClusterImpl-b51a347c-4d32-49ce-97bb-8b27036901e7/datanode-3/data/containers/hdds of  storage type : DISK and capacity : 1482555576320
2019-09-20 09:33:12,163 [main] INFO  volume.VolumeSet (VolumeSet.java:initializeVolumeSet(170)) - Added Volume : /workdir/hadoop-ozone/integration-test/target/test-dir/MiniOzoneClusterImpl-b51a347c-4d32-49ce-97bb-8b27036901e7/datanode-3/data/containers/hdds to VolumeSet
2019-09-20 09:33:12,163 [main] INFO  volume.ThrottledAsyncChecker (ThrottledAsyncChecker.java:schedule(140)) - Scheduling a check for org.apache.hadoop.ozone.container.common.volume.HddsVolume@fbbd90c
2019-09-20 09:33:12,164 [main] INFO  volume.HddsVolumeChecker (HddsVolumeChecker.java:checkAllVolumes(203)) - Scheduled health check for volume org.apache.hadoop.ozone.container.common.volume.HddsVolume@fbbd90c
2019-09-20 09:33:12,187 [main] INFO  impl.RaftServerProxy (ConfUtils.java:logGet(43)) - raft.rpc.type = GRPC (default)
2019-09-20 09:33:12,187 [main] INFO  grpc.GrpcFactory (GrpcFactory.java:checkPooledByteBufAllocatorUseCacheForAllThreads(45)) - PERFORMANCE WARNING: useCacheForAllThreads is true that may cause Netty to create a lot garbage objects and, as a result, trigger GC.
	It is recommended to disable useCacheForAllThreads by setting -Dorg.apache.ratis.thirdparty.io.netty.allocator.useCacheForAllThreads=false in command line.
2019-09-20 09:33:12,188 [main] INFO  grpc.GrpcConfigKeys$Server (ConfUtils.java:logGet(43)) - raft.grpc.server.port = 0 (default)
2019-09-20 09:33:12,188 [main] INFO  server.GrpcService (ConfUtils.java:logGet(43)) - raft.grpc.message.size.max = 33570816 (custom)
2019-09-20 09:33:12,188 [main] INFO  server.RaftServerConfigKeys (ConfUtils.java:logGet(43)) - raft.server.log.appender.buffer.byte-limit = 33554432 (custom)
2019-09-20 09:33:12,189 [main] INFO  server.GrpcService (ConfUtils.java:logGet(43)) - raft.grpc.flow.control.window = 1MB (=1048576) (default)
2019-09-20 09:33:12,189 [main] INFO  server.RaftServerConfigKeys (ConfUtils.java:logGet(43)) - raft.server.rpc.request.timeout = 3000ms (default)
2019-09-20 09:33:12,190 [main] INFO  server.RaftServerConfigKeys (ConfUtils.java:logGet(43)) - raft.server.storage.dir = [/workdir/hadoop-ozone/integration-test/target/test-dir/MiniOzoneClusterImpl-b51a347c-4d32-49ce-97bb-8b27036901e7/datanode-3/data/ratis] (custom)
2019-09-20 09:33:12,190 [main] INFO  replication.SimpleContainerDownloader (SimpleContainerDownloader.java:<init>(72)) - Starting container downloader service to copy containers to replicate.
2019-09-20 09:33:12,192 [main] INFO  hdfs.DFSUtil (DFSUtil.java:httpServerTemplateForNNAndJN(1641)) - Starting Web-server for hddsDatanode at: http://0.0.0.0:0
2019-09-20 09:33:12,193 [main] INFO  server.AuthenticationFilter (AuthenticationFilter.java:constructSecretProvider(240)) - Unable to initialize FileSignerSecretProvider, falling back to use random secrets.
2019-09-20 09:33:12,195 [main] WARN  http.HttpRequestLog (HttpRequestLog.java:getRequestLog(97)) - Jetty request log can only be enabled using Log4j
2019-09-20 09:33:12,197 [main] INFO  http.HttpServer2 (HttpServer2.java:addGlobalFilter(975)) - Added global filter 'safety' (class=org.apache.hadoop.http.HttpServer2$QuotingInputFilter)
2019-09-20 09:33:12,198 [main] INFO  http.HttpServer2 (HttpServer2.java:addFilter(948)) - Added filter static_user_filter (class=org.apache.hadoop.http.lib.StaticUserWebFilter$StaticUserFilter) to context hddsDatanode
2019-09-20 09:33:12,198 [main] INFO  http.HttpServer2 (HttpServer2.java:addFilter(958)) - Added filter static_user_filter (class=org.apache.hadoop.http.lib.StaticUserWebFilter$StaticUserFilter) to context static
2019-09-20 09:33:12,198 [main] INFO  http.HttpServer2 (HttpServer2.java:addFilter(958)) - Added filter static_user_filter (class=org.apache.hadoop.http.lib.StaticUserWebFilter$StaticUserFilter) to context logs
2019-09-20 09:33:12,199 [main] INFO  http.HttpServer2 (HttpServer2.java:bindListener(1191)) - Jetty bound to port 34011
2019-09-20 09:33:12,199 [main] INFO  server.Server (Server.java:doStart(351)) - jetty-9.3.24.v20180605, build timestamp: 2018-06-05T17:11:56Z, git hash: 84205aa28f11a4f31f2a3b86d1bba2cc8ab69827
2019-09-20 09:33:12,202 [main] INFO  handler.ContextHandler (ContextHandler.java:doStart(781)) - Started o.e.j.s.ServletContextHandler@5f20b6fe{/logs,file:///workdir/hadoop-ozone/integration-test/target/log,AVAILABLE}
2019-09-20 09:33:12,202 [main] INFO  handler.ContextHandler (ContextHandler.java:doStart(781)) - Started o.e.j.s.ServletContextHandler@79295932{/static,jar:file:/home/user/.m2/repository/org/apache/hadoop/hadoop-hdds-container-service/0.5.0-SNAPSHOT/hadoop-hdds-container-service-0.5.0-SNAPSHOT.jar!/webapps/static,AVAILABLE}
2019-09-20 09:33:12,232 [main] INFO  handler.ContextHandler (ContextHandler.java:doStart(781)) - Started o.e.j.w.WebAppContext@2b6b487c{/,file:///tmp/jetty-0.0.0.0-34011-hddsDatanode-_-any-1865996004720158255.dir/webapp/,AVAILABLE}{/hddsDatanode}
2019-09-20 09:33:12,232 [main] INFO  server.AbstractConnector (AbstractConnector.java:doStart(278)) - Started ServerConnector@2d73767e{HTTP/1.1,[http/1.1]}{0.0.0.0:34011}
2019-09-20 09:33:12,238 [main] INFO  server.Server (Server.java:doStart(419)) - Started @75956ms
2019-09-20 09:33:12,239 [main] INFO  server.BaseHttpServer (BaseHttpServer.java:updateConnectorAddress(213)) - HTTP server of HDDSDATANODE is listening at http://0.0.0.0:34011
2019-09-20 09:33:12,382 | INFO  | ObjectStoreRestHttpServer | Listening HDDS REST traffic on /0.0.0.0:35424 |  
2019-09-20 09:33:12,382 [main] INFO  ozone.HddsDatanodeService (HddsDatanodeService.java:startPlugins(395)) - Started plug-in org.apache.hadoop.ozone.web.OzoneHddsDatanodeService@61d011e
2019-09-20 09:33:12,382 [main] INFO  impl.MetricsSystemImpl (MetricsSystemImpl.java:init(158)) - HddsDatanode metrics system started (again)
2019-09-20 09:33:12,389 [main] INFO  ozone.HddsDatanodeService (HddsDatanodeService.java:start(184)) - HddsDatanodeService host:pr-hdds-2034-wmsbd-1222111393 ip:192.168.151.119
2019-09-20 09:33:12,389 [org.apache.hadoop.util.JvmPauseMonitor$Monitor@68e31af8] INFO  util.JvmPauseMonitor (JvmPauseMonitor.java:run(188)) - Starting JVM pause monitor
2019-09-20 09:33:12,392 [Datanode State Machine Thread - 0] INFO  datanode.InitDatanodeState (InitDatanodeState.java:persistContainerDatanodeDetails(140)) - DatanodeDetails is persisted to /workdir/hadoop-ozone/integration-test/target/test-dir/MiniOzoneClusterImpl-b51a347c-4d32-49ce-97bb-8b27036901e7/datanode-3/meta/datanode.id
2019-09-20 09:33:12,397 [main] INFO  volume.HddsVolume (HddsVolume.java:<init>(176)) - Creating Volume: /workdir/hadoop-ozone/integration-test/target/test-dir/MiniOzoneClusterImpl-b51a347c-4d32-49ce-97bb-8b27036901e7/datanode-4/data/containers/hdds of  storage type : DISK and capacity : 1482555576320
2019-09-20 09:33:12,397 [main] INFO  volume.VolumeSet (VolumeSet.java:initializeVolumeSet(170)) - Added Volume : /workdir/hadoop-ozone/integration-test/target/test-dir/MiniOzoneClusterImpl-b51a347c-4d32-49ce-97bb-8b27036901e7/datanode-4/data/containers/hdds to VolumeSet
2019-09-20 09:33:12,397 [main] INFO  volume.ThrottledAsyncChecker (ThrottledAsyncChecker.java:schedule(140)) - Scheduling a check for org.apache.hadoop.ozone.container.common.volume.HddsVolume@131d977f
2019-09-20 09:33:12,398 [main] INFO  volume.HddsVolumeChecker (HddsVolumeChecker.java:checkAllVolumes(203)) - Scheduled health check for volume org.apache.hadoop.ozone.container.common.volume.HddsVolume@131d977f
2019-09-20 09:33:12,413 [main] INFO  impl.RaftServerProxy (ConfUtils.java:logGet(43)) - raft.rpc.type = GRPC (default)
2019-09-20 09:33:12,413 [main] INFO  grpc.GrpcFactory (GrpcFactory.java:checkPooledByteBufAllocatorUseCacheForAllThreads(45)) - PERFORMANCE WARNING: useCacheForAllThreads is true that may cause Netty to create a lot garbage objects and, as a result, trigger GC.
	It is recommended to disable useCacheForAllThreads by setting -Dorg.apache.ratis.thirdparty.io.netty.allocator.useCacheForAllThreads=false in command line.
2019-09-20 09:33:12,413 [main] INFO  grpc.GrpcConfigKeys$Server (ConfUtils.java:logGet(43)) - raft.grpc.server.port = 0 (default)
2019-09-20 09:33:12,413 [main] INFO  server.GrpcService (ConfUtils.java:logGet(43)) - raft.grpc.message.size.max = 33570816 (custom)
2019-09-20 09:33:12,413 [main] INFO  server.RaftServerConfigKeys (ConfUtils.java:logGet(43)) - raft.server.log.appender.buffer.byte-limit = 33554432 (custom)
2019-09-20 09:33:12,414 [main] INFO  server.GrpcService (ConfUtils.java:logGet(43)) - raft.grpc.flow.control.window = 1MB (=1048576) (default)
2019-09-20 09:33:12,414 [main] INFO  server.RaftServerConfigKeys (ConfUtils.java:logGet(43)) - raft.server.rpc.request.timeout = 3000ms (default)
2019-09-20 09:33:12,414 [main] INFO  server.RaftServerConfigKeys (ConfUtils.java:logGet(43)) - raft.server.storage.dir = [/workdir/hadoop-ozone/integration-test/target/test-dir/MiniOzoneClusterImpl-b51a347c-4d32-49ce-97bb-8b27036901e7/datanode-4/data/ratis] (custom)
2019-09-20 09:33:12,415 [main] INFO  replication.SimpleContainerDownloader (SimpleContainerDownloader.java:<init>(72)) - Starting container downloader service to copy containers to replicate.
2019-09-20 09:33:12,416 [main] INFO  hdfs.DFSUtil (DFSUtil.java:httpServerTemplateForNNAndJN(1641)) - Starting Web-server for hddsDatanode at: http://0.0.0.0:0
2019-09-20 09:33:12,417 [main] INFO  server.AuthenticationFilter (AuthenticationFilter.java:constructSecretProvider(240)) - Unable to initialize FileSignerSecretProvider, falling back to use random secrets.
2019-09-20 09:33:12,418 [main] WARN  http.HttpRequestLog (HttpRequestLog.java:getRequestLog(97)) - Jetty request log can only be enabled using Log4j
2019-09-20 09:33:12,419 [main] INFO  http.HttpServer2 (HttpServer2.java:addGlobalFilter(975)) - Added global filter 'safety' (class=org.apache.hadoop.http.HttpServer2$QuotingInputFilter)
2019-09-20 09:33:12,419 [main] INFO  http.HttpServer2 (HttpServer2.java:addFilter(948)) - Added filter static_user_filter (class=org.apache.hadoop.http.lib.StaticUserWebFilter$StaticUserFilter) to context hddsDatanode
2019-09-20 09:33:12,420 [main] INFO  http.HttpServer2 (HttpServer2.java:addFilter(958)) - Added filter static_user_filter (class=org.apache.hadoop.http.lib.StaticUserWebFilter$StaticUserFilter) to context logs
2019-09-20 09:33:12,420 [main] INFO  http.HttpServer2 (HttpServer2.java:addFilter(958)) - Added filter static_user_filter (class=org.apache.hadoop.http.lib.StaticUserWebFilter$StaticUserFilter) to context static
2019-09-20 09:33:12,420 [main] INFO  http.HttpServer2 (HttpServer2.java:bindListener(1191)) - Jetty bound to port 39742
2019-09-20 09:33:12,421 [main] INFO  server.Server (Server.java:doStart(351)) - jetty-9.3.24.v20180605, build timestamp: 2018-06-05T17:11:56Z, git hash: 84205aa28f11a4f31f2a3b86d1bba2cc8ab69827
2019-09-20 09:33:12,423 [main] INFO  handler.ContextHandler (ContextHandler.java:doStart(781)) - Started o.e.j.s.ServletContextHandler@30bbe83{/logs,file:///workdir/hadoop-ozone/integration-test/target/log,AVAILABLE}
2019-09-20 09:33:12,423 [main] INFO  handler.ContextHandler (ContextHandler.java:doStart(781)) - Started o.e.j.s.ServletContextHandler@67e4928c{/static,jar:file:/home/user/.m2/repository/org/apache/hadoop/hadoop-hdds-container-service/0.5.0-SNAPSHOT/hadoop-hdds-container-service-0.5.0-SNAPSHOT.jar!/webapps/static,AVAILABLE}
2019-09-20 09:33:12,453 [main] INFO  handler.ContextHandler (ContextHandler.java:doStart(781)) - Started o.e.j.w.WebAppContext@4b8a0d03{/,file:///tmp/jetty-0.0.0.0-39742-hddsDatanode-_-any-7434258441126876138.dir/webapp/,AVAILABLE}{/hddsDatanode}
2019-09-20 09:33:12,453 [main] INFO  server.AbstractConnector (AbstractConnector.java:doStart(278)) - Started ServerConnector@54f373d4{HTTP/1.1,[http/1.1]}{0.0.0.0:39742}
2019-09-20 09:33:12,455 [main] INFO  server.Server (Server.java:doStart(419)) - Started @76173ms
2019-09-20 09:33:12,456 [main] INFO  server.BaseHttpServer (BaseHttpServer.java:updateConnectorAddress(213)) - HTTP server of HDDSDATANODE is listening at http://0.0.0.0:39742
2019-09-20 09:33:12,581 | INFO  | ObjectStoreRestHttpServer | Listening HDDS REST traffic on /0.0.0.0:42939 |  
2019-09-20 09:33:12,581 [main] INFO  ozone.HddsDatanodeService (HddsDatanodeService.java:startPlugins(395)) - Started plug-in org.apache.hadoop.ozone.web.OzoneHddsDatanodeService@3dc2f14
2019-09-20 09:33:12,581 [main] INFO  impl.MetricsSystemImpl (MetricsSystemImpl.java:init(158)) - HddsDatanode metrics system started (again)
2019-09-20 09:33:12,588 [org.apache.hadoop.util.JvmPauseMonitor$Monitor@64a6c49e] INFO  util.JvmPauseMonitor (JvmPauseMonitor.java:run(188)) - Starting JVM pause monitor
2019-09-20 09:33:12,588 [main] INFO  ozone.HddsDatanodeService (HddsDatanodeService.java:start(184)) - HddsDatanodeService host:pr-hdds-2034-wmsbd-1222111393 ip:192.168.151.119
2019-09-20 09:33:12,591 [Datanode State Machine Thread - 0] INFO  datanode.InitDatanodeState (InitDatanodeState.java:persistContainerDatanodeDetails(140)) - DatanodeDetails is persisted to /workdir/hadoop-ozone/integration-test/target/test-dir/MiniOzoneClusterImpl-b51a347c-4d32-49ce-97bb-8b27036901e7/datanode-4/meta/datanode.id
2019-09-20 09:33:12,598 [main] INFO  volume.HddsVolume (HddsVolume.java:<init>(176)) - Creating Volume: /workdir/hadoop-ozone/integration-test/target/test-dir/MiniOzoneClusterImpl-b51a347c-4d32-49ce-97bb-8b27036901e7/datanode-5/data/containers/hdds of  storage type : DISK and capacity : 1482555576320
2019-09-20 09:33:12,599 [main] INFO  volume.VolumeSet (VolumeSet.java:initializeVolumeSet(170)) - Added Volume : /workdir/hadoop-ozone/integration-test/target/test-dir/MiniOzoneClusterImpl-b51a347c-4d32-49ce-97bb-8b27036901e7/datanode-5/data/containers/hdds to VolumeSet
2019-09-20 09:33:12,599 [main] INFO  volume.ThrottledAsyncChecker (ThrottledAsyncChecker.java:schedule(140)) - Scheduling a check for org.apache.hadoop.ozone.container.common.volume.HddsVolume@683fe7b5
2019-09-20 09:33:12,599 [main] INFO  volume.HddsVolumeChecker (HddsVolumeChecker.java:checkAllVolumes(203)) - Scheduled health check for volume org.apache.hadoop.ozone.container.common.volume.HddsVolume@683fe7b5
2019-09-20 09:33:12,616 [main] INFO  impl.RaftServerProxy (ConfUtils.java:logGet(43)) - raft.rpc.type = GRPC (default)
2019-09-20 09:33:12,616 [main] INFO  grpc.GrpcFactory (GrpcFactory.java:checkPooledByteBufAllocatorUseCacheForAllThreads(45)) - PERFORMANCE WARNING: useCacheForAllThreads is true that may cause Netty to create a lot garbage objects and, as a result, trigger GC.
	It is recommended to disable useCacheForAllThreads by setting -Dorg.apache.ratis.thirdparty.io.netty.allocator.useCacheForAllThreads=false in command line.
2019-09-20 09:33:12,616 [main] INFO  grpc.GrpcConfigKeys$Server (ConfUtils.java:logGet(43)) - raft.grpc.server.port = 0 (default)
2019-09-20 09:33:12,617 [main] INFO  server.GrpcService (ConfUtils.java:logGet(43)) - raft.grpc.message.size.max = 33570816 (custom)
2019-09-20 09:33:12,617 [main] INFO  server.RaftServerConfigKeys (ConfUtils.java:logGet(43)) - raft.server.log.appender.buffer.byte-limit = 33554432 (custom)
2019-09-20 09:33:12,617 [main] INFO  server.GrpcService (ConfUtils.java:logGet(43)) - raft.grpc.flow.control.window = 1MB (=1048576) (default)
2019-09-20 09:33:12,617 [main] INFO  server.RaftServerConfigKeys (ConfUtils.java:logGet(43)) - raft.server.rpc.request.timeout = 3000ms (default)
2019-09-20 09:33:12,618 [main] INFO  server.RaftServerConfigKeys (ConfUtils.java:logGet(43)) - raft.server.storage.dir = [/workdir/hadoop-ozone/integration-test/target/test-dir/MiniOzoneClusterImpl-b51a347c-4d32-49ce-97bb-8b27036901e7/datanode-5/data/ratis] (custom)
2019-09-20 09:33:12,619 [main] INFO  replication.SimpleContainerDownloader (SimpleContainerDownloader.java:<init>(72)) - Starting container downloader service to copy containers to replicate.
2019-09-20 09:33:12,620 [main] INFO  hdfs.DFSUtil (DFSUtil.java:httpServerTemplateForNNAndJN(1641)) - Starting Web-server for hddsDatanode at: http://0.0.0.0:0
2019-09-20 09:33:12,621 [main] INFO  server.AuthenticationFilter (AuthenticationFilter.java:constructSecretProvider(240)) - Unable to initialize FileSignerSecretProvider, falling back to use random secrets.
2019-09-20 09:33:12,621 [main] WARN  http.HttpRequestLog (HttpRequestLog.java:getRequestLog(97)) - Jetty request log can only be enabled using Log4j
2019-09-20 09:33:12,622 [main] INFO  http.HttpServer2 (HttpServer2.java:addGlobalFilter(975)) - Added global filter 'safety' (class=org.apache.hadoop.http.HttpServer2$QuotingInputFilter)
2019-09-20 09:33:12,623 [main] INFO  http.HttpServer2 (HttpServer2.java:addFilter(948)) - Added filter static_user_filter (class=org.apache.hadoop.http.lib.StaticUserWebFilter$StaticUserFilter) to context hddsDatanode
2019-09-20 09:33:12,623 [main] INFO  http.HttpServer2 (HttpServer2.java:addFilter(958)) - Added filter static_user_filter (class=org.apache.hadoop.http.lib.StaticUserWebFilter$StaticUserFilter) to context static
2019-09-20 09:33:12,623 [main] INFO  http.HttpServer2 (HttpServer2.java:addFilter(958)) - Added filter static_user_filter (class=org.apache.hadoop.http.lib.StaticUserWebFilter$StaticUserFilter) to context logs
2019-09-20 09:33:12,624 [main] INFO  http.HttpServer2 (HttpServer2.java:bindListener(1191)) - Jetty bound to port 36142
2019-09-20 09:33:12,624 [main] INFO  server.Server (Server.java:doStart(351)) - jetty-9.3.24.v20180605, build timestamp: 2018-06-05T17:11:56Z, git hash: 84205aa28f11a4f31f2a3b86d1bba2cc8ab69827
2019-09-20 09:33:12,626 [main] INFO  handler.ContextHandler (ContextHandler.java:doStart(781)) - Started o.e.j.s.ServletContextHandler@3a1a0bc{/logs,file:///workdir/hadoop-ozone/integration-test/target/log,AVAILABLE}
2019-09-20 09:33:12,626 [main] INFO  handler.ContextHandler (ContextHandler.java:doStart(781)) - Started o.e.j.s.ServletContextHandler@3684d2c0{/static,jar:file:/home/user/.m2/repository/org/apache/hadoop/hadoop-hdds-container-service/0.5.0-SNAPSHOT/hadoop-hdds-container-service-0.5.0-SNAPSHOT.jar!/webapps/static,AVAILABLE}
2019-09-20 09:33:12,655 [main] INFO  handler.ContextHandler (ContextHandler.java:doStart(781)) - Started o.e.j.w.WebAppContext@236a4d30{/,file:///tmp/jetty-0.0.0.0-36142-hddsDatanode-_-any-6272359010897650718.dir/webapp/,AVAILABLE}{/hddsDatanode}
2019-09-20 09:33:12,656 [main] INFO  server.AbstractConnector (AbstractConnector.java:doStart(278)) - Started ServerConnector@736788b{HTTP/1.1,[http/1.1]}{0.0.0.0:36142}
2019-09-20 09:33:12,658 [main] INFO  server.Server (Server.java:doStart(419)) - Started @76376ms
2019-09-20 09:33:12,659 [main] INFO  server.BaseHttpServer (BaseHttpServer.java:updateConnectorAddress(213)) - HTTP server of HDDSDATANODE is listening at http://0.0.0.0:36142
2019-09-20 09:33:12,782 | INFO  | ObjectStoreRestHttpServer | Listening HDDS REST traffic on /0.0.0.0:41302 |  
2019-09-20 09:33:12,782 [main] INFO  ozone.HddsDatanodeService (HddsDatanodeService.java:startPlugins(395)) - Started plug-in org.apache.hadoop.ozone.web.OzoneHddsDatanodeService@4a6facb0
2019-09-20 09:33:12,783 [main] INFO  impl.MetricsSystemImpl (MetricsSystemImpl.java:init(158)) - HddsDatanode metrics system started (again)
2019-09-20 09:33:12,789 [org.apache.hadoop.util.JvmPauseMonitor$Monitor@65e08319] INFO  util.JvmPauseMonitor (JvmPauseMonitor.java:run(188)) - Starting JVM pause monitor
2019-09-20 09:33:12,789 [main] INFO  ozone.HddsDatanodeService (HddsDatanodeService.java:start(184)) - HddsDatanodeService host:pr-hdds-2034-wmsbd-1222111393 ip:192.168.151.119
2019-09-20 09:33:12,791 [Datanode State Machine Thread - 0] INFO  datanode.InitDatanodeState (InitDatanodeState.java:persistContainerDatanodeDetails(140)) - DatanodeDetails is persisted to /workdir/hadoop-ozone/integration-test/target/test-dir/MiniOzoneClusterImpl-b51a347c-4d32-49ce-97bb-8b27036901e7/datanode-5/meta/datanode.id
2019-09-20 09:33:12,798 [main] INFO  volume.HddsVolume (HddsVolume.java:<init>(176)) - Creating Volume: /workdir/hadoop-ozone/integration-test/target/test-dir/MiniOzoneClusterImpl-b51a347c-4d32-49ce-97bb-8b27036901e7/datanode-6/data/containers/hdds of  storage type : DISK and capacity : 1482555576320
2019-09-20 09:33:12,798 [main] INFO  volume.VolumeSet (VolumeSet.java:initializeVolumeSet(170)) - Added Volume : /workdir/hadoop-ozone/integration-test/target/test-dir/MiniOzoneClusterImpl-b51a347c-4d32-49ce-97bb-8b27036901e7/datanode-6/data/containers/hdds to VolumeSet
2019-09-20 09:33:12,799 [main] INFO  volume.ThrottledAsyncChecker (ThrottledAsyncChecker.java:schedule(140)) - Scheduling a check for org.apache.hadoop.ozone.container.common.volume.HddsVolume@575d48db
2019-09-20 09:33:12,799 [main] INFO  volume.HddsVolumeChecker (HddsVolumeChecker.java:checkAllVolumes(203)) - Scheduled health check for volume org.apache.hadoop.ozone.container.common.volume.HddsVolume@575d48db
2019-09-20 09:33:12,814 [main] INFO  impl.RaftServerProxy (ConfUtils.java:logGet(43)) - raft.rpc.type = GRPC (default)
2019-09-20 09:33:12,814 [main] INFO  grpc.GrpcFactory (GrpcFactory.java:checkPooledByteBufAllocatorUseCacheForAllThreads(45)) - PERFORMANCE WARNING: useCacheForAllThreads is true that may cause Netty to create a lot garbage objects and, as a result, trigger GC.
	It is recommended to disable useCacheForAllThreads by setting -Dorg.apache.ratis.thirdparty.io.netty.allocator.useCacheForAllThreads=false in command line.
2019-09-20 09:33:12,815 [main] INFO  grpc.GrpcConfigKeys$Server (ConfUtils.java:logGet(43)) - raft.grpc.server.port = 0 (default)
2019-09-20 09:33:12,815 [main] INFO  server.GrpcService (ConfUtils.java:logGet(43)) - raft.grpc.message.size.max = 33570816 (custom)
2019-09-20 09:33:12,815 [main] INFO  server.RaftServerConfigKeys (ConfUtils.java:logGet(43)) - raft.server.log.appender.buffer.byte-limit = 33554432 (custom)
2019-09-20 09:33:12,815 [main] INFO  server.GrpcService (ConfUtils.java:logGet(43)) - raft.grpc.flow.control.window = 1MB (=1048576) (default)
2019-09-20 09:33:12,815 [main] INFO  server.RaftServerConfigKeys (ConfUtils.java:logGet(43)) - raft.server.rpc.request.timeout = 3000ms (default)
2019-09-20 09:33:12,816 [main] INFO  server.RaftServerConfigKeys (ConfUtils.java:logGet(43)) - raft.server.storage.dir = [/workdir/hadoop-ozone/integration-test/target/test-dir/MiniOzoneClusterImpl-b51a347c-4d32-49ce-97bb-8b27036901e7/datanode-6/data/ratis] (custom)
2019-09-20 09:33:12,816 [main] INFO  replication.SimpleContainerDownloader (SimpleContainerDownloader.java:<init>(72)) - Starting container downloader service to copy containers to replicate.
2019-09-20 09:33:12,817 [main] INFO  hdfs.DFSUtil (DFSUtil.java:httpServerTemplateForNNAndJN(1641)) - Starting Web-server for hddsDatanode at: http://0.0.0.0:0
2019-09-20 09:33:12,819 [main] INFO  server.AuthenticationFilter (AuthenticationFilter.java:constructSecretProvider(240)) - Unable to initialize FileSignerSecretProvider, falling back to use random secrets.
2019-09-20 09:33:12,819 [main] WARN  http.HttpRequestLog (HttpRequestLog.java:getRequestLog(97)) - Jetty request log can only be enabled using Log4j
2019-09-20 09:33:12,821 [main] INFO  http.HttpServer2 (HttpServer2.java:addGlobalFilter(975)) - Added global filter 'safety' (class=org.apache.hadoop.http.HttpServer2$QuotingInputFilter)
2019-09-20 09:33:12,823 [main] INFO  http.HttpServer2 (HttpServer2.java:addFilter(948)) - Added filter static_user_filter (class=org.apache.hadoop.http.lib.StaticUserWebFilter$StaticUserFilter) to context hddsDatanode
2019-09-20 09:33:12,823 [main] INFO  http.HttpServer2 (HttpServer2.java:addFilter(958)) - Added filter static_user_filter (class=org.apache.hadoop.http.lib.StaticUserWebFilter$StaticUserFilter) to context logs
2019-09-20 09:33:12,823 [main] INFO  http.HttpServer2 (HttpServer2.java:addFilter(958)) - Added filter static_user_filter (class=org.apache.hadoop.http.lib.StaticUserWebFilter$StaticUserFilter) to context static
2019-09-20 09:33:12,824 [main] INFO  http.HttpServer2 (HttpServer2.java:bindListener(1191)) - Jetty bound to port 41151
2019-09-20 09:33:12,824 [main] INFO  server.Server (Server.java:doStart(351)) - jetty-9.3.24.v20180605, build timestamp: 2018-06-05T17:11:56Z, git hash: 84205aa28f11a4f31f2a3b86d1bba2cc8ab69827
2019-09-20 09:33:12,825 [main] INFO  handler.ContextHandler (ContextHandler.java:doStart(781)) - Started o.e.j.s.ServletContextHandler@6c6919ff{/logs,file:///workdir/hadoop-ozone/integration-test/target/log,AVAILABLE}
2019-09-20 09:33:12,826 [main] INFO  handler.ContextHandler (ContextHandler.java:doStart(781)) - Started o.e.j.s.ServletContextHandler@1e029a04{/static,jar:file:/home/user/.m2/repository/org/apache/hadoop/hadoop-hdds-container-service/0.5.0-SNAPSHOT/hadoop-hdds-container-service-0.5.0-SNAPSHOT.jar!/webapps/static,AVAILABLE}
2019-09-20 09:33:12,854 [main] INFO  handler.ContextHandler (ContextHandler.java:doStart(781)) - Started o.e.j.w.WebAppContext@4efed0e0{/,file:///tmp/jetty-0.0.0.0-41151-hddsDatanode-_-any-1893260202440150164.dir/webapp/,AVAILABLE}{/hddsDatanode}
2019-09-20 09:33:12,855 [main] INFO  server.AbstractConnector (AbstractConnector.java:doStart(278)) - Started ServerConnector@4ac0ed65{HTTP/1.1,[http/1.1]}{0.0.0.0:41151}
2019-09-20 09:33:12,857 [main] INFO  server.Server (Server.java:doStart(419)) - Started @76574ms
2019-09-20 09:33:12,857 [main] INFO  server.BaseHttpServer (BaseHttpServer.java:updateConnectorAddress(213)) - HTTP server of HDDSDATANODE is listening at http://0.0.0.0:41151
2019-09-20 09:33:12,981 | INFO  | ObjectStoreRestHttpServer | Listening HDDS REST traffic on /0.0.0.0:32989 |  
2019-09-20 09:33:12,981 [main] INFO  ozone.HddsDatanodeService (HddsDatanodeService.java:startPlugins(395)) - Started plug-in org.apache.hadoop.ozone.web.OzoneHddsDatanodeService@44864ebe
2019-09-20 09:33:12,982 [main] INFO  ozone.MiniOzoneClusterImpl (MiniOzoneClusterImpl.java:lambda$waitForClusterToBeReady$0(145)) - Waiting for nodes to be ready. Got 0 of 7 DN Heartbeats.
2019-09-20 09:33:12,982 [main] INFO  ozone.MiniOzoneClusterImpl (MiniOzoneClusterImpl.java:lambda$waitForClusterToBeReady$0(148)) - Waiting for cluster to exit safe mode
2019-09-20 09:33:12,985 [org.apache.hadoop.util.JvmPauseMonitor$Monitor@3ec498c3] INFO  util.JvmPauseMonitor (JvmPauseMonitor.java:run(188)) - Starting JVM pause monitor
2019-09-20 09:33:12,989 [Datanode State Machine Thread - 0] INFO  datanode.InitDatanodeState (InitDatanodeState.java:persistContainerDatanodeDetails(140)) - DatanodeDetails is persisted to /workdir/hadoop-ozone/integration-test/target/test-dir/MiniOzoneClusterImpl-b51a347c-4d32-49ce-97bb-8b27036901e7/datanode-6/meta/datanode.id
2019-09-20 09:33:13,480 | INFO  | SCMAudit | user=jenkins1000 | ip=192.168.151.119 | op=GET_VERSION null | ret=SUCCESS |  
2019-09-20 09:33:13,554 [Datanode State Machine Thread - 0] INFO  ozoneimpl.OzoneContainer (OzoneContainer.java:start(186)) - Attempting to start container services.
2019-09-20 09:33:13,558 [Datanode State Machine Thread - 0] INFO  ozoneimpl.OzoneContainer (OzoneContainer.java:startContainerScrub(160)) - Background container scrubber has been disabled by hdds.containerscrub.enabled
2019-09-20 09:33:13,558 [Datanode State Machine Thread - 0] INFO  ratis.XceiverServerRatis (XceiverServerRatis.java:start(404)) - Starting XceiverServerRatis 37b777df-de08-4da5-9630-325a3e0e88a6 at port 0
2019-09-20 09:33:13,563 [Datanode State Machine Thread - 0] INFO  impl.RaftServerProxy (RaftServerProxy.java:lambda$start$3(299)) - 37b777df-de08-4da5-9630-325a3e0e88a6: start RPC server
2019-09-20 09:33:13,565 [Datanode State Machine Thread - 0] INFO  server.GrpcService (GrpcService.java:startImpl(149)) - 37b777df-de08-4da5-9630-325a3e0e88a6: GrpcService started, listening on 0.0.0.0/0.0.0.0:35524
2019-09-20 09:33:13,565 [Datanode State Machine Thread - 0] INFO  ratis.XceiverServerRatis (XceiverServerRatis.java:start(414)) - XceiverServerRatis 37b777df-de08-4da5-9630-325a3e0e88a6 is started using port 35524
2019-09-20 09:33:13,566 [Datanode State Machine Thread - 0] INFO  server.XceiverServerGrpc (XceiverServerGrpc.java:start(163)) - XceiverServerGrpc 37b777df-de08-4da5-9630-325a3e0e88a6 is started using port 39514
2019-09-20 09:33:13,693 | INFO  | SCMAudit | user=jenkins1000 | ip=192.168.151.119 | op=GET_VERSION null | ret=SUCCESS |  
2019-09-20 09:33:13,707 [Datanode State Machine Thread - 0] INFO  ozoneimpl.OzoneContainer (OzoneContainer.java:start(186)) - Attempting to start container services.
2019-09-20 09:33:13,715 [Datanode State Machine Thread - 0] INFO  ozoneimpl.OzoneContainer (OzoneContainer.java:startContainerScrub(160)) - Background container scrubber has been disabled by hdds.containerscrub.enabled
2019-09-20 09:33:13,715 [Datanode State Machine Thread - 0] INFO  ratis.XceiverServerRatis (XceiverServerRatis.java:start(404)) - Starting XceiverServerRatis d072c18a-1b53-41d5-bae5-b82be0790279 at port 0
2019-09-20 09:33:13,722 [Datanode State Machine Thread - 0] INFO  impl.RaftServerProxy (RaftServerProxy.java:lambda$start$3(299)) - d072c18a-1b53-41d5-bae5-b82be0790279: start RPC server
2019-09-20 09:33:13,723 [Datanode State Machine Thread - 0] INFO  server.GrpcService (GrpcService.java:startImpl(149)) - d072c18a-1b53-41d5-bae5-b82be0790279: GrpcService started, listening on 0.0.0.0/0.0.0.0:38666
2019-09-20 09:33:13,723 [Datanode State Machine Thread - 0] INFO  ratis.XceiverServerRatis (XceiverServerRatis.java:start(414)) - XceiverServerRatis d072c18a-1b53-41d5-bae5-b82be0790279 is started using port 38666
2019-09-20 09:33:13,730 [Datanode State Machine Thread - 0] INFO  server.XceiverServerGrpc (XceiverServerGrpc.java:start(163)) - XceiverServerGrpc d072c18a-1b53-41d5-bae5-b82be0790279 is started using port 41349
2019-09-20 09:33:13,984 [main] INFO  ozone.MiniOzoneClusterImpl (MiniOzoneClusterImpl.java:lambda$waitForClusterToBeReady$0(145)) - Waiting for nodes to be ready. Got 0 of 7 DN Heartbeats.
2019-09-20 09:33:13,984 [main] INFO  ozone.MiniOzoneClusterImpl (MiniOzoneClusterImpl.java:lambda$waitForClusterToBeReady$0(148)) - Waiting for cluster to exit safe mode
2019-09-20 09:33:14,154 | INFO  | SCMAudit | user=jenkins1000 | ip=192.168.151.119 | op=GET_VERSION null | ret=SUCCESS |  
2019-09-20 09:33:14,171 [Datanode State Machine Thread - 0] INFO  ozoneimpl.OzoneContainer (OzoneContainer.java:start(186)) - Attempting to start container services.
2019-09-20 09:33:14,171 [Datanode State Machine Thread - 0] INFO  ozoneimpl.OzoneContainer (OzoneContainer.java:startContainerScrub(160)) - Background container scrubber has been disabled by hdds.containerscrub.enabled
2019-09-20 09:33:14,171 [Datanode State Machine Thread - 0] INFO  ratis.XceiverServerRatis (XceiverServerRatis.java:start(404)) - Starting XceiverServerRatis 4d6fff4c-5cb6-40a3-b677-a76fbdc0054d at port 0
2019-09-20 09:33:14,178 [Datanode State Machine Thread - 0] INFO  impl.RaftServerProxy (RaftServerProxy.java:lambda$start$3(299)) - 4d6fff4c-5cb6-40a3-b677-a76fbdc0054d: start RPC server
2019-09-20 09:33:14,180 [Datanode State Machine Thread - 0] INFO  server.GrpcService (GrpcService.java:startImpl(149)) - 4d6fff4c-5cb6-40a3-b677-a76fbdc0054d: GrpcService started, listening on 0.0.0.0/0.0.0.0:46744
2019-09-20 09:33:14,180 [Datanode State Machine Thread - 0] INFO  ratis.XceiverServerRatis (XceiverServerRatis.java:start(414)) - XceiverServerRatis 4d6fff4c-5cb6-40a3-b677-a76fbdc0054d is started using port 46744
2019-09-20 09:33:14,191 [Datanode State Machine Thread - 0] INFO  server.XceiverServerGrpc (XceiverServerGrpc.java:start(163)) - XceiverServerGrpc 4d6fff4c-5cb6-40a3-b677-a76fbdc0054d is started using port 36044
2019-09-20 09:33:14,390 | INFO  | SCMAudit | user=jenkins1000 | ip=192.168.151.119 | op=GET_VERSION null | ret=SUCCESS |  
2019-09-20 09:33:14,404 [Datanode State Machine Thread - 0] INFO  ozoneimpl.OzoneContainer (OzoneContainer.java:start(186)) - Attempting to start container services.
2019-09-20 09:33:14,404 [Datanode State Machine Thread - 0] INFO  ozoneimpl.OzoneContainer (OzoneContainer.java:startContainerScrub(160)) - Background container scrubber has been disabled by hdds.containerscrub.enabled
2019-09-20 09:33:14,405 [Datanode State Machine Thread - 0] INFO  ratis.XceiverServerRatis (XceiverServerRatis.java:start(404)) - Starting XceiverServerRatis ba1e65fe-7169-476d-a778-4df70d7cdd6e at port 0
2019-09-20 09:33:14,412 [Datanode State Machine Thread - 0] INFO  impl.RaftServerProxy (RaftServerProxy.java:lambda$start$3(299)) - ba1e65fe-7169-476d-a778-4df70d7cdd6e: start RPC server
2019-09-20 09:33:14,413 [Datanode State Machine Thread - 0] INFO  server.GrpcService (GrpcService.java:startImpl(149)) - ba1e65fe-7169-476d-a778-4df70d7cdd6e: GrpcService started, listening on 0.0.0.0/0.0.0.0:46724
2019-09-20 09:33:14,414 [Datanode State Machine Thread - 0] INFO  ratis.XceiverServerRatis (XceiverServerRatis.java:start(414)) - XceiverServerRatis ba1e65fe-7169-476d-a778-4df70d7cdd6e is started using port 46724
2019-09-20 09:33:14,414 [Datanode State Machine Thread - 0] INFO  server.XceiverServerGrpc (XceiverServerGrpc.java:start(163)) - XceiverServerGrpc ba1e65fe-7169-476d-a778-4df70d7cdd6e is started using port 42184
2019-09-20 09:33:14,588 | INFO  | SCMAudit | user=jenkins1000 | ip=192.168.151.119 | op=GET_VERSION null | ret=SUCCESS |  
2019-09-20 09:33:14,633 [Datanode State Machine Thread - 0] INFO  ozoneimpl.OzoneContainer (OzoneContainer.java:start(186)) - Attempting to start container services.
2019-09-20 09:33:14,633 [Datanode State Machine Thread - 0] INFO  ozoneimpl.OzoneContainer (OzoneContainer.java:startContainerScrub(160)) - Background container scrubber has been disabled by hdds.containerscrub.enabled
2019-09-20 09:33:14,633 [Datanode State Machine Thread - 0] INFO  ratis.XceiverServerRatis (XceiverServerRatis.java:start(404)) - Starting XceiverServerRatis 10741cbd-d620-4a9b-9e67-51db8a2e0e6a at port 0
2019-09-20 09:33:14,641 [Datanode State Machine Thread - 0] INFO  impl.RaftServerProxy (RaftServerProxy.java:lambda$start$3(299)) - 10741cbd-d620-4a9b-9e67-51db8a2e0e6a: start RPC server
2019-09-20 09:33:14,642 [Datanode State Machine Thread - 0] INFO  server.GrpcService (GrpcService.java:startImpl(149)) - 10741cbd-d620-4a9b-9e67-51db8a2e0e6a: GrpcService started, listening on 0.0.0.0/0.0.0.0:43615
2019-09-20 09:33:14,642 [Datanode State Machine Thread - 0] INFO  ratis.XceiverServerRatis (XceiverServerRatis.java:start(414)) - XceiverServerRatis 10741cbd-d620-4a9b-9e67-51db8a2e0e6a is started using port 43615
2019-09-20 09:33:14,643 [Datanode State Machine Thread - 0] INFO  server.XceiverServerGrpc (XceiverServerGrpc.java:start(163)) - XceiverServerGrpc 10741cbd-d620-4a9b-9e67-51db8a2e0e6a is started using port 45073
2019-09-20 09:33:14,790 | INFO  | SCMAudit | user=jenkins1000 | ip=192.168.151.119 | op=GET_VERSION null | ret=SUCCESS |  
2019-09-20 09:33:14,815 [Datanode State Machine Thread - 0] INFO  ozoneimpl.OzoneContainer (OzoneContainer.java:start(186)) - Attempting to start container services.
2019-09-20 09:33:14,815 [Datanode State Machine Thread - 0] INFO  ozoneimpl.OzoneContainer (OzoneContainer.java:startContainerScrub(160)) - Background container scrubber has been disabled by hdds.containerscrub.enabled
2019-09-20 09:33:14,816 [Datanode State Machine Thread - 0] INFO  ratis.XceiverServerRatis (XceiverServerRatis.java:start(404)) - Starting XceiverServerRatis d4fa05df-3099-4015-ad0e-4200365d2035 at port 0
2019-09-20 09:33:14,821 [Datanode State Machine Thread - 0] INFO  impl.RaftServerProxy (RaftServerProxy.java:lambda$start$3(299)) - d4fa05df-3099-4015-ad0e-4200365d2035: start RPC server
2019-09-20 09:33:14,822 [Datanode State Machine Thread - 0] INFO  server.GrpcService (GrpcService.java:startImpl(149)) - d4fa05df-3099-4015-ad0e-4200365d2035: GrpcService started, listening on 0.0.0.0/0.0.0.0:43786
2019-09-20 09:33:14,822 [Datanode State Machine Thread - 0] INFO  ratis.XceiverServerRatis (XceiverServerRatis.java:start(414)) - XceiverServerRatis d4fa05df-3099-4015-ad0e-4200365d2035 is started using port 43786
2019-09-20 09:33:14,822 [Datanode State Machine Thread - 0] INFO  server.XceiverServerGrpc (XceiverServerGrpc.java:start(163)) - XceiverServerGrpc d4fa05df-3099-4015-ad0e-4200365d2035 is started using port 43972
2019-09-20 09:33:14,984 [main] INFO  ozone.MiniOzoneClusterImpl (MiniOzoneClusterImpl.java:lambda$waitForClusterToBeReady$0(145)) - Waiting for nodes to be ready. Got 0 of 7 DN Heartbeats.
2019-09-20 09:33:14,985 [main] INFO  ozone.MiniOzoneClusterImpl (MiniOzoneClusterImpl.java:lambda$waitForClusterToBeReady$0(148)) - Waiting for cluster to exit safe mode
2019-09-20 09:33:14,987 | INFO  | SCMAudit | user=jenkins1000 | ip=192.168.151.119 | op=GET_VERSION null | ret=SUCCESS |  
2019-09-20 09:33:15,009 [Datanode State Machine Thread - 0] INFO  ozoneimpl.OzoneContainer (OzoneContainer.java:start(186)) - Attempting to start container services.
2019-09-20 09:33:15,009 [Datanode State Machine Thread - 0] INFO  ozoneimpl.OzoneContainer (OzoneContainer.java:startContainerScrub(160)) - Background container scrubber has been disabled by hdds.containerscrub.enabled
2019-09-20 09:33:15,009 [Datanode State Machine Thread - 0] INFO  ratis.XceiverServerRatis (XceiverServerRatis.java:start(404)) - Starting XceiverServerRatis 86933813-1e1e-464a-ae0f-2ef91831d02b at port 0
2019-09-20 09:33:15,017 [Datanode State Machine Thread - 0] INFO  impl.RaftServerProxy (RaftServerProxy.java:lambda$start$3(299)) - 86933813-1e1e-464a-ae0f-2ef91831d02b: start RPC server
2019-09-20 09:33:15,022 [Datanode State Machine Thread - 0] INFO  server.GrpcService (GrpcService.java:startImpl(149)) - 86933813-1e1e-464a-ae0f-2ef91831d02b: GrpcService started, listening on 0.0.0.0/0.0.0.0:44448
2019-09-20 09:33:15,022 [Datanode State Machine Thread - 0] INFO  ratis.XceiverServerRatis (XceiverServerRatis.java:start(414)) - XceiverServerRatis 86933813-1e1e-464a-ae0f-2ef91831d02b is started using port 44448
2019-09-20 09:33:15,023 [Datanode State Machine Thread - 0] INFO  server.XceiverServerGrpc (XceiverServerGrpc.java:start(163)) - XceiverServerGrpc 86933813-1e1e-464a-ae0f-2ef91831d02b is started using port 37997
2019-09-20 09:33:15,479 [IPC Server handler 1 on 34800] INFO  net.NetworkTopology (NetworkTopologyImpl.java:add(110)) - Added a new node: /default-rack/37b777df-de08-4da5-9630-325a3e0e88a6
2019-09-20 09:33:15,480 [IPC Server handler 1 on 34800] INFO  node.SCMNodeManager (SCMNodeManager.java:register(273)) - Registered Data node : 37b777df-de08-4da5-9630-325a3e0e88a6{ip: 192.168.151.119, host: pr-hdds-2034-wmsbd-1222111393, networkLocation: /default-rack, certSerialId: null}
2019-09-20 09:33:15,480 [RatisPipelineUtilsThread] INFO  pipeline.RatisPipelineProvider (RatisPipelineProvider.java:lambda$create$4(164)) - Send pipeline:PipelineID=9c217ec5-c6e8-4811-8942-e6971277b14e create command to datanode 37b777df-de08-4da5-9630-325a3e0e88a6
2019-09-20 09:33:15,481 [EventQueue-NodeRegistrationContainerReportForDataNodeSafeModeRule] INFO  safemode.SCMSafeModeManager (DataNodeSafeModeRule.java:process(71)) - SCM in safe mode. 1 DataNodes registered, 1 required.
2019-09-20 09:33:15,481 [EventQueue-NodeRegistrationContainerReportForDataNodeSafeModeRule] INFO  safemode.SCMSafeModeManager (SCMSafeModeManager.java:validateSafeModeExitRules(169)) - DataNodeSafeModeRule rule is successfully validated
2019-09-20 09:33:15,484 [EventQueue-NodeRegistrationContainerReportForContainerSafeModeRule] INFO  safemode.SCMSafeModeManager (SCMSafeModeManager.java:validateSafeModeExitRules(169)) - ContainerSafeModeRule rule is successfully validated
2019-09-20 09:33:15,484 | INFO  | SCMAudit | user=jenkins1000 | ip=192.168.151.119 | op=REGISTER {datanodeDetails=37b777df-de08-4da5-9630-325a3e0e88a6{ip: 192.168.151.119, host: pr-hdds-2034-wmsbd-1222111393, networkLocation: /default-rack, certSerialId: null}} | ret=SUCCESS |  
2019-09-20 09:33:15,695 [IPC Server handler 3 on 34800] INFO  net.NetworkTopology (NetworkTopologyImpl.java:add(110)) - Added a new node: /default-rack/d072c18a-1b53-41d5-bae5-b82be0790279
2019-09-20 09:33:15,695 [IPC Server handler 3 on 34800] INFO  node.SCMNodeManager (SCMNodeManager.java:register(273)) - Registered Data node : d072c18a-1b53-41d5-bae5-b82be0790279{ip: 192.168.151.119, host: pr-hdds-2034-wmsbd-1222111393, networkLocation: /default-rack, certSerialId: null}
2019-09-20 09:33:15,695 | INFO  | SCMAudit | user=jenkins1000 | ip=192.168.151.119 | op=REGISTER {datanodeDetails=d072c18a-1b53-41d5-bae5-b82be0790279{ip: 192.168.151.119, host: pr-hdds-2034-wmsbd-1222111393, networkLocation: /default-rack, certSerialId: null}} | ret=SUCCESS |  
2019-09-20 09:33:15,695 [EventQueue-NodeRegistrationContainerReportForDataNodeSafeModeRule] INFO  safemode.SCMSafeModeManager (SCMSafeModeManager.java:validateSafeModeExitRules(169)) - DataNodeSafeModeRule rule is successfully validated
2019-09-20 09:33:15,695 [RatisPipelineUtilsThread] INFO  pipeline.RatisPipelineProvider (RatisPipelineProvider.java:lambda$create$4(164)) - Send pipeline:PipelineID=2faa7694-0e50-4b8e-a98b-73e47566ab1d create command to datanode d072c18a-1b53-41d5-bae5-b82be0790279
2019-09-20 09:33:15,696 [EventQueue-NodeRegistrationContainerReportForContainerSafeModeRule] INFO  safemode.SCMSafeModeManager (SCMSafeModeManager.java:validateSafeModeExitRules(169)) - ContainerSafeModeRule rule is successfully validated
2019-09-20 09:33:15,985 [main] INFO  ozone.MiniOzoneClusterImpl (MiniOzoneClusterImpl.java:lambda$waitForClusterToBeReady$0(145)) - Waiting for nodes to be ready. Got 2 of 7 DN Heartbeats.
2019-09-20 09:33:15,986 [main] INFO  ozone.MiniOzoneClusterImpl (MiniOzoneClusterImpl.java:lambda$waitForClusterToBeReady$0(148)) - Waiting for cluster to exit safe mode
2019-09-20 09:33:16,154 [IPC Server handler 1 on 34800] INFO  net.NetworkTopology (NetworkTopologyImpl.java:add(110)) - Added a new node: /default-rack/4d6fff4c-5cb6-40a3-b677-a76fbdc0054d
2019-09-20 09:33:16,154 [IPC Server handler 1 on 34800] INFO  node.SCMNodeManager (SCMNodeManager.java:register(273)) - Registered Data node : 4d6fff4c-5cb6-40a3-b677-a76fbdc0054d{ip: 192.168.151.119, host: pr-hdds-2034-wmsbd-1222111393, networkLocation: /default-rack, certSerialId: null}
2019-09-20 09:33:16,155 | INFO  | SCMAudit | user=jenkins1000 | ip=192.168.151.119 | op=REGISTER {datanodeDetails=4d6fff4c-5cb6-40a3-b677-a76fbdc0054d{ip: 192.168.151.119, host: pr-hdds-2034-wmsbd-1222111393, networkLocation: /default-rack, certSerialId: null}} | ret=SUCCESS |  
2019-09-20 09:33:16,155 [EventQueue-NodeRegistrationContainerReportForDataNodeSafeModeRule] INFO  safemode.SCMSafeModeManager (SCMSafeModeManager.java:validateSafeModeExitRules(169)) - DataNodeSafeModeRule rule is successfully validated
2019-09-20 09:33:16,158 [EventQueue-NodeRegistrationContainerReportForContainerSafeModeRule] INFO  safemode.SCMSafeModeManager (SCMSafeModeManager.java:validateSafeModeExitRules(169)) - ContainerSafeModeRule rule is successfully validated
2019-09-20 09:33:16,158 [RatisPipelineUtilsThread] INFO  pipeline.RatisPipelineProvider (RatisPipelineProvider.java:lambda$create$4(164)) - Send pipeline:PipelineID=7ccf7e89-21ca-470b-9a90-c3b80024a580 create command to datanode 4d6fff4c-5cb6-40a3-b677-a76fbdc0054d
2019-09-20 09:33:16,162 [RatisPipelineUtilsThread] INFO  pipeline.RatisPipelineProvider (RatisPipelineProvider.java:lambda$create$4(164)) - Send pipeline:PipelineID=6b21fe18-2200-4b20-94b6-13440712a48a create command to datanode d072c18a-1b53-41d5-bae5-b82be0790279
2019-09-20 09:33:16,162 [RatisPipelineUtilsThread] INFO  pipeline.RatisPipelineProvider (RatisPipelineProvider.java:lambda$create$4(164)) - Send pipeline:PipelineID=6b21fe18-2200-4b20-94b6-13440712a48a create command to datanode 4d6fff4c-5cb6-40a3-b677-a76fbdc0054d
2019-09-20 09:33:16,162 [RatisPipelineUtilsThread] INFO  pipeline.RatisPipelineProvider (RatisPipelineProvider.java:lambda$create$4(164)) - Send pipeline:PipelineID=6b21fe18-2200-4b20-94b6-13440712a48a create command to datanode 37b777df-de08-4da5-9630-325a3e0e88a6
2019-09-20 09:33:16,390 [IPC Server handler 4 on 34800] INFO  net.NetworkTopology (NetworkTopologyImpl.java:add(110)) - Added a new node: /default-rack/ba1e65fe-7169-476d-a778-4df70d7cdd6e
2019-09-20 09:33:16,390 [IPC Server handler 4 on 34800] INFO  node.SCMNodeManager (SCMNodeManager.java:register(273)) - Registered Data node : ba1e65fe-7169-476d-a778-4df70d7cdd6e{ip: 192.168.151.119, host: pr-hdds-2034-wmsbd-1222111393, networkLocation: /default-rack, certSerialId: null}
2019-09-20 09:33:16,391 [RatisPipelineUtilsThread] INFO  pipeline.RatisPipelineProvider (RatisPipelineProvider.java:lambda$create$4(164)) - Send pipeline:PipelineID=3fe5f95f-621c-4581-a628-bc63da3246aa create command to datanode ba1e65fe-7169-476d-a778-4df70d7cdd6e
2019-09-20 09:33:16,391 | INFO  | SCMAudit | user=jenkins1000 | ip=192.168.151.119 | op=REGISTER {datanodeDetails=ba1e65fe-7169-476d-a778-4df70d7cdd6e{ip: 192.168.151.119, host: pr-hdds-2034-wmsbd-1222111393, networkLocation: /default-rack, certSerialId: null}} | ret=SUCCESS |  
2019-09-20 09:33:16,391 [EventQueue-NodeRegistrationContainerReportForDataNodeSafeModeRule] INFO  safemode.SCMSafeModeManager (SCMSafeModeManager.java:validateSafeModeExitRules(169)) - DataNodeSafeModeRule rule is successfully validated
2019-09-20 09:33:16,391 [EventQueue-NodeRegistrationContainerReportForContainerSafeModeRule] INFO  safemode.SCMSafeModeManager (SCMSafeModeManager.java:validateSafeModeExitRules(169)) - ContainerSafeModeRule rule is successfully validated
2019-09-20 09:33:16,590 [IPC Server handler 6 on 34800] INFO  net.NetworkTopology (NetworkTopologyImpl.java:add(110)) - Added a new node: /default-rack/10741cbd-d620-4a9b-9e67-51db8a2e0e6a
2019-09-20 09:33:16,590 [IPC Server handler 6 on 34800] INFO  node.SCMNodeManager (SCMNodeManager.java:register(273)) - Registered Data node : 10741cbd-d620-4a9b-9e67-51db8a2e0e6a{ip: 192.168.151.119, host: pr-hdds-2034-wmsbd-1222111393, networkLocation: /default-rack, certSerialId: null}
2019-09-20 09:33:16,590 | INFO  | SCMAudit | user=jenkins1000 | ip=192.168.151.119 | op=REGISTER {datanodeDetails=10741cbd-d620-4a9b-9e67-51db8a2e0e6a{ip: 192.168.151.119, host: pr-hdds-2034-wmsbd-1222111393, networkLocation: /default-rack, certSerialId: null}} | ret=SUCCESS |  
2019-09-20 09:33:16,590 [EventQueue-NodeRegistrationContainerReportForDataNodeSafeModeRule] INFO  safemode.SCMSafeModeManager (SCMSafeModeManager.java:validateSafeModeExitRules(169)) - DataNodeSafeModeRule rule is successfully validated
2019-09-20 09:33:16,590 [RatisPipelineUtilsThread] INFO  pipeline.RatisPipelineProvider (RatisPipelineProvider.java:lambda$create$4(164)) - Send pipeline:PipelineID=7512e4f8-687e-4af8-bb72-a09878a86b11 create command to datanode 10741cbd-d620-4a9b-9e67-51db8a2e0e6a
2019-09-20 09:33:16,590 [EventQueue-NodeRegistrationContainerReportForContainerSafeModeRule] INFO  safemode.SCMSafeModeManager (SCMSafeModeManager.java:validateSafeModeExitRules(169)) - ContainerSafeModeRule rule is successfully validated
2019-09-20 09:33:16,792 [IPC Server handler 2 on 34800] INFO  net.NetworkTopology (NetworkTopologyImpl.java:add(110)) - Added a new node: /default-rack/d4fa05df-3099-4015-ad0e-4200365d2035
2019-09-20 09:33:16,792 [IPC Server handler 2 on 34800] INFO  node.SCMNodeManager (SCMNodeManager.java:register(273)) - Registered Data node : d4fa05df-3099-4015-ad0e-4200365d2035{ip: 192.168.151.119, host: pr-hdds-2034-wmsbd-1222111393, networkLocation: /default-rack, certSerialId: null}
2019-09-20 09:33:16,792 [EventQueue-NodeRegistrationContainerReportForDataNodeSafeModeRule] INFO  safemode.SCMSafeModeManager (SCMSafeModeManager.java:validateSafeModeExitRules(169)) - DataNodeSafeModeRule rule is successfully validated
2019-09-20 09:33:16,795 | INFO  | SCMAudit | user=jenkins1000 | ip=192.168.151.119 | op=REGISTER {datanodeDetails=d4fa05df-3099-4015-ad0e-4200365d2035{ip: 192.168.151.119, host: pr-hdds-2034-wmsbd-1222111393, networkLocation: /default-rack, certSerialId: null}} | ret=SUCCESS |  
2019-09-20 09:33:16,795 [EventQueue-NodeRegistrationContainerReportForContainerSafeModeRule] INFO  safemode.SCMSafeModeManager (SCMSafeModeManager.java:validateSafeModeExitRules(169)) - ContainerSafeModeRule rule is successfully validated
2019-09-20 09:33:16,795 [RatisPipelineUtilsThread] INFO  pipeline.RatisPipelineProvider (RatisPipelineProvider.java:lambda$create$4(164)) - Send pipeline:PipelineID=c02e05ea-29b8-474a-a7f4-54fd04f27c82 create command to datanode d4fa05df-3099-4015-ad0e-4200365d2035
2019-09-20 09:33:16,802 [RatisPipelineUtilsThread] INFO  pipeline.RatisPipelineProvider (RatisPipelineProvider.java:lambda$create$4(164)) - Send pipeline:PipelineID=72ec9e48-db96-4ff8-ab10-26ba44e1c42b create command to datanode ba1e65fe-7169-476d-a778-4df70d7cdd6e
2019-09-20 09:33:16,802 [RatisPipelineUtilsThread] INFO  pipeline.RatisPipelineProvider (RatisPipelineProvider.java:lambda$create$4(164)) - Send pipeline:PipelineID=72ec9e48-db96-4ff8-ab10-26ba44e1c42b create command to datanode 10741cbd-d620-4a9b-9e67-51db8a2e0e6a
2019-09-20 09:33:16,802 [RatisPipelineUtilsThread] INFO  pipeline.RatisPipelineProvider (RatisPipelineProvider.java:lambda$create$4(164)) - Send pipeline:PipelineID=72ec9e48-db96-4ff8-ab10-26ba44e1c42b create command to datanode d4fa05df-3099-4015-ad0e-4200365d2035
2019-09-20 09:33:16,986 [main] INFO  ozone.MiniOzoneClusterImpl (MiniOzoneClusterImpl.java:lambda$waitForClusterToBeReady$0(145)) - Waiting for nodes to be ready. Got 6 of 7 DN Heartbeats.
2019-09-20 09:33:16,986 [main] INFO  ozone.MiniOzoneClusterImpl (MiniOzoneClusterImpl.java:lambda$waitForClusterToBeReady$0(148)) - Waiting for cluster to exit safe mode
2019-09-20 09:33:16,988 [IPC Server handler 1 on 34800] INFO  net.NetworkTopology (NetworkTopologyImpl.java:add(110)) - Added a new node: /default-rack/86933813-1e1e-464a-ae0f-2ef91831d02b
2019-09-20 09:33:16,988 [IPC Server handler 1 on 34800] INFO  node.SCMNodeManager (SCMNodeManager.java:register(273)) - Registered Data node : 86933813-1e1e-464a-ae0f-2ef91831d02b{ip: 192.168.151.119, host: pr-hdds-2034-wmsbd-1222111393, networkLocation: /default-rack, certSerialId: null}
2019-09-20 09:33:17,002 [EventQueue-NodeRegistrationContainerReportForContainerSafeModeRule] INFO  safemode.SCMSafeModeManager (SCMSafeModeManager.java:validateSafeModeExitRules(169)) - ContainerSafeModeRule rule is successfully validated
2019-09-20 09:33:17,002 | INFO  | SCMAudit | user=jenkins1000 | ip=192.168.151.119 | op=REGISTER {datanodeDetails=86933813-1e1e-464a-ae0f-2ef91831d02b{ip: 192.168.151.119, host: pr-hdds-2034-wmsbd-1222111393, networkLocation: /default-rack, certSerialId: null}} | ret=SUCCESS |  
2019-09-20 09:33:17,002 [RatisPipelineUtilsThread] INFO  pipeline.RatisPipelineProvider (RatisPipelineProvider.java:lambda$create$4(164)) - Send pipeline:PipelineID=e05c9f1b-d954-4a7c-bb45-f09811a33c7b create command to datanode 86933813-1e1e-464a-ae0f-2ef91831d02b
2019-09-20 09:33:17,002 [EventQueue-NodeRegistrationContainerReportForDataNodeSafeModeRule] INFO  safemode.SCMSafeModeManager (SCMSafeModeManager.java:validateSafeModeExitRules(169)) - DataNodeSafeModeRule rule is successfully validated
2019-09-20 09:33:17,477 | INFO  | SCMAudit | user=jenkins1000 | ip=192.168.151.119 | op=SEND_HEARTBEAT {datanodeUUID=37b777df-de08-4da5-9630-325a3e0e88a6, command=[commandType: createPipelineCommand createPipelineCommandProto { pipelineID { id: "9c217ec5-c6e8-4811-8942-e6971277b14e" } type: RATIS factor: ONE datanode { uuid: "37b777df-de08-4da5-9630-325a3e0e88a6" ipAddress: "192.168.151.119" hostName: "pr-hdds-2034-wmsbd-1222111393" ports { name: "REST" value: 36325 } ports { name: "RATIS" value: 35524 } ports { name: "STANDALONE" value: 39514 } networkName: "37b777df-de08-4da5-9630-325a3e0e88a6" networkLocation: "/default-rack" } cmdId: 1568971926511 } , commandType: createPipelineCommand createPipelineCommandProto { pipelineID { id: "6b21fe18-2200-4b20-94b6-13440712a48a" } type: RATIS factor: THREE datanode { uuid: "d072c18a-1b53-41d5-bae5-b82be0790279" ipAddress: "192.168.151.119" hostName: "pr-hdds-2034-wmsbd-1222111393" ports { name: "REST" value: 41129 } ports { name: "RATIS" value: 38666 } ports { name: "STANDALONE" value: 41349 } networkName: "d072c18a-1b53-41d5-bae5-b82be0790279" networkLocation: "/default-rack" } datanode { uuid: "4d6fff4c-5cb6-40a3-b677-a76fbdc0054d" ipAddress: "192.168.151.119" hostName: "pr-hdds-2034-wmsbd-1222111393" ports { name: "REST" value: 41870 } ports { name: "RATIS" value: 46744 } ports { name: "STANDALONE" value: 36044 } networkName: "4d6fff4c-5cb6-40a3-b677-a76fbdc0054d" networkLocation: "/default-rack" } datanode { uuid: "37b777df-de08-4da5-9630-325a3e0e88a6" ipAddress: "192.168.151.119" hostName: "pr-hdds-2034-wmsbd-1222111393" ports { name: "REST" value: 36325 } ports { name: "RATIS" value: 35524 } ports { name: "STANDALONE" value: 39514 } networkName: "37b777df-de08-4da5-9630-325a3e0e88a6" networkLocation: "/default-rack" } cmdId: 1568971926514 } ]} | ret=SUCCESS |  
2019-09-20 09:33:17,696 | INFO  | SCMAudit | user=jenkins1000 | ip=192.168.151.119 | op=SEND_HEARTBEAT {datanodeUUID=d072c18a-1b53-41d5-bae5-b82be0790279, command=[commandType: createPipelineCommand createPipelineCommandProto { pipelineID { id: "2faa7694-0e50-4b8e-a98b-73e47566ab1d" } type: RATIS factor: ONE datanode { uuid: "d072c18a-1b53-41d5-bae5-b82be0790279" ipAddress: "192.168.151.119" hostName: "pr-hdds-2034-wmsbd-1222111393" ports { name: "REST" value: 41129 } ports { name: "RATIS" value: 38666 } ports { name: "STANDALONE" value: 41349 } networkName: "d072c18a-1b53-41d5-bae5-b82be0790279" networkLocation: "/default-rack" } cmdId: 1568971926512 } , commandType: createPipelineCommand createPipelineCommandProto { pipelineID { id: "6b21fe18-2200-4b20-94b6-13440712a48a" } type: RATIS factor: THREE datanode { uuid: "d072c18a-1b53-41d5-bae5-b82be0790279" ipAddress: "192.168.151.119" hostName: "pr-hdds-2034-wmsbd-1222111393" ports { name: "REST" value: 41129 } ports { name: "RATIS" value: 38666 } ports { name: "STANDALONE" value: 41349 } networkName: "d072c18a-1b53-41d5-bae5-b82be0790279" networkLocation: "/default-rack" } datanode { uuid: "4d6fff4c-5cb6-40a3-b677-a76fbdc0054d" ipAddress: "192.168.151.119" hostName: "pr-hdds-2034-wmsbd-1222111393" ports { name: "REST" value: 41870 } ports { name: "RATIS" value: 46744 } ports { name: "STANDALONE" value: 36044 } networkName: "4d6fff4c-5cb6-40a3-b677-a76fbdc0054d" networkLocation: "/default-rack" } datanode { uuid: "37b777df-de08-4da5-9630-325a3e0e88a6" ipAddress: "192.168.151.119" hostName: "pr-hdds-2034-wmsbd-1222111393" ports { name: "REST" value: 36325 } ports { name: "RATIS" value: 35524 } ports { name: "STANDALONE" value: 39514 } networkName: "37b777df-de08-4da5-9630-325a3e0e88a6" networkLocation: "/default-rack" } cmdId: 1568971926514 } ]} | ret=SUCCESS |  
2019-09-20 09:33:17,987 [main] INFO  ozone.MiniOzoneClusterImpl (MiniOzoneClusterImpl.java:lambda$waitForClusterToBeReady$0(145)) - Nodes are ready. Got 7 of 7 DN Heartbeats.
2019-09-20 09:33:17,987 [main] INFO  ozone.MiniOzoneClusterImpl (MiniOzoneClusterImpl.java:lambda$waitForClusterToBeReady$0(148)) - Waiting for cluster to exit safe mode
2019-09-20 09:33:18,155 | INFO  | SCMAudit | user=jenkins1000 | ip=192.168.151.119 | op=SEND_HEARTBEAT {datanodeUUID=4d6fff4c-5cb6-40a3-b677-a76fbdc0054d, command=[commandType: createPipelineCommand createPipelineCommandProto { pipelineID { id: "7ccf7e89-21ca-470b-9a90-c3b80024a580" } type: RATIS factor: ONE datanode { uuid: "4d6fff4c-5cb6-40a3-b677-a76fbdc0054d" ipAddress: "192.168.151.119" hostName: "pr-hdds-2034-wmsbd-1222111393" ports { name: "REST" value: 41870 } ports { name: "RATIS" value: 46744 } ports { name: "STANDALONE" value: 36044 } networkName: "4d6fff4c-5cb6-40a3-b677-a76fbdc0054d" networkLocation: "/default-rack" } cmdId: 1568971926513 } , commandType: createPipelineCommand createPipelineCommandProto { pipelineID { id: "6b21fe18-2200-4b20-94b6-13440712a48a" } type: RATIS factor: THREE datanode { uuid: "d072c18a-1b53-41d5-bae5-b82be0790279" ipAddress: "192.168.151.119" hostName: "pr-hdds-2034-wmsbd-1222111393" ports { name: "REST" value: 41129 } ports { name: "RATIS" value: 38666 } ports { name: "STANDALONE" value: 41349 } networkName: "d072c18a-1b53-41d5-bae5-b82be0790279" networkLocation: "/default-rack" } datanode { uuid: "4d6fff4c-5cb6-40a3-b677-a76fbdc0054d" ipAddress: "192.168.151.119" hostName: "pr-hdds-2034-wmsbd-1222111393" ports { name: "REST" value: 41870 } ports { name: "RATIS" value: 46744 } ports { name: "STANDALONE" value: 36044 } networkName: "4d6fff4c-5cb6-40a3-b677-a76fbdc0054d" networkLocation: "/default-rack" } datanode { uuid: "37b777df-de08-4da5-9630-325a3e0e88a6" ipAddress: "192.168.151.119" hostName: "pr-hdds-2034-wmsbd-1222111393" ports { name: "REST" value: 36325 } ports { name: "RATIS" value: 35524 } ports { name: "STANDALONE" value: 39514 } networkName: "37b777df-de08-4da5-9630-325a3e0e88a6" networkLocation: "/default-rack" } cmdId: 1568971926514 } ]} | ret=SUCCESS |  
2019-09-20 09:33:18,391 | INFO  | SCMAudit | user=jenkins1000 | ip=192.168.151.119 | op=SEND_HEARTBEAT {datanodeUUID=ba1e65fe-7169-476d-a778-4df70d7cdd6e, command=[commandType: createPipelineCommand createPipelineCommandProto { pipelineID { id: "3fe5f95f-621c-4581-a628-bc63da3246aa" } type: RATIS factor: ONE datanode { uuid: "ba1e65fe-7169-476d-a778-4df70d7cdd6e" ipAddress: "192.168.151.119" hostName: "pr-hdds-2034-wmsbd-1222111393" ports { name: "REST" value: 35424 } ports { name: "RATIS" value: 46724 } ports { name: "STANDALONE" value: 42184 } networkName: "ba1e65fe-7169-476d-a778-4df70d7cdd6e" networkLocation: "/default-rack" } cmdId: 1568971926515 } , commandType: createPipelineCommand createPipelineCommandProto { pipelineID { id: "72ec9e48-db96-4ff8-ab10-26ba44e1c42b" } type: RATIS factor: THREE datanode { uuid: "ba1e65fe-7169-476d-a778-4df70d7cdd6e" ipAddress: "192.168.151.119" hostName: "pr-hdds-2034-wmsbd-1222111393" ports { name: "REST" value: 35424 } ports { name: "RATIS" value: 46724 } ports { name: "STANDALONE" value: 42184 } networkName: "ba1e65fe-7169-476d-a778-4df70d7cdd6e" networkLocation: "/default-rack" } datanode { uuid: "10741cbd-d620-4a9b-9e67-51db8a2e0e6a" ipAddress: "192.168.151.119" hostName: "pr-hdds-2034-wmsbd-1222111393" ports { name: "REST" value: 42939 } ports { name: "RATIS" value: 43615 } ports { name: "STANDALONE" value: 45073 } networkName: "10741cbd-d620-4a9b-9e67-51db8a2e0e6a" networkLocation: "/default-rack" } datanode { uuid: "d4fa05df-3099-4015-ad0e-4200365d2035" ipAddress: "192.168.151.119" hostName: "pr-hdds-2034-wmsbd-1222111393" ports { name: "REST" value: 41302 } ports { name: "RATIS" value: 43786 } ports { name: "STANDALONE" value: 43972 } networkName: "d4fa05df-3099-4015-ad0e-4200365d2035" networkLocation: "/default-rack" } cmdId: 1568971926518 } ]} | ret=SUCCESS |  
2019-09-20 09:33:18,475 | INFO  | SCMAudit | user=jenkins1000 | ip=192.168.151.119 | op=SEND_HEARTBEAT {datanodeUUID=37b777df-de08-4da5-9630-325a3e0e88a6, command=[]} | ret=SUCCESS |  
2019-09-20 09:33:18,489 [grpc-default-executor-2] INFO  impl.RaftServerProxy (RaftServerProxy.java:addNew(89)) - 37b777df-de08-4da5-9630-325a3e0e88a6: addNew group-E6971277B14E:[37b777df-de08-4da5-9630-325a3e0e88a6:192.168.151.119:35524] returns group-E6971277B14E:java.util.concurrent.CompletableFuture@485d9ff1[Not completed]
2019-09-20 09:33:18,490 [pool-126-thread-1] INFO  impl.RaftServerImpl (RaftServerImpl.java:<init>(93)) - 37b777df-de08-4da5-9630-325a3e0e88a6: new RaftServerImpl for group-E6971277B14E:[37b777df-de08-4da5-9630-325a3e0e88a6:192.168.151.119:35524] with ContainerStateMachine:uninitialized
2019-09-20 09:33:18,491 [pool-126-thread-1] INFO  server.RaftServerConfigKeys (ConfUtils.java:logGet(43)) - raft.server.rpc.timeout.min = 5s (custom)
2019-09-20 09:33:18,491 [pool-126-thread-1] INFO  server.RaftServerConfigKeys (ConfUtils.java:logGet(43)) - raft.server.rpc.timeout.max = 5200ms (custom)
2019-09-20 09:33:18,491 [pool-126-thread-1] INFO  server.RaftServerConfigKeys (ConfUtils.java:logGet(43)) - raft.server.rpcslowness.timeout = 120s (custom)
2019-09-20 09:33:18,491 [pool-126-thread-1] INFO  server.RaftServerConfigKeys (ConfUtils.java:logGet(43)) - raft.server.sleep.deviation.threshold = 300 (default)
2019-09-20 09:33:18,491 [pool-126-thread-1] INFO  server.RaftServerConfigKeys (ConfUtils.java:logGet(43)) - raft.server.log.appender.install.snapshot.enabled = false (custom)
2019-09-20 09:33:18,491 [pool-126-thread-1] INFO  impl.RaftServerImpl (ServerState.java:<init>(105)) - 37b777df-de08-4da5-9630-325a3e0e88a6:group-E6971277B14E ConfigurationManager, init=-1: [37b777df-de08-4da5-9630-325a3e0e88a6:192.168.151.119:35524], old=null, confs=<EMPTY_MAP>
2019-09-20 09:33:18,492 [pool-126-thread-1] INFO  server.RaftServerConfigKeys (ConfUtils.java:logGet(43)) - raft.server.storage.dir = [/workdir/hadoop-ozone/integration-test/target/test-dir/MiniOzoneClusterImpl-b51a347c-4d32-49ce-97bb-8b27036901e7/datanode-0/data/ratis] (custom)
2019-09-20 09:33:18,492 [pool-126-thread-1] INFO  storage.RaftStorageDirectory (RaftStorageDirectory.java:analyzeStorage(246)) - The storage directory /workdir/hadoop-ozone/integration-test/target/test-dir/MiniOzoneClusterImpl-b51a347c-4d32-49ce-97bb-8b27036901e7/datanode-0/data/ratis/9c217ec5-c6e8-4811-8942-e6971277b14e does not exist. Creating ...
2019-09-20 09:33:18,539 [pool-126-thread-1] INFO  storage.RaftStorageDirectory (RaftStorageDirectory.java:tryLock(328)) - Lock on /workdir/hadoop-ozone/integration-test/target/test-dir/MiniOzoneClusterImpl-b51a347c-4d32-49ce-97bb-8b27036901e7/datanode-0/data/ratis/9c217ec5-c6e8-4811-8942-e6971277b14e/in_use.lock acquired by nodename 20900@pr-hdds-2034-wmsbd-1222111393
2019-09-20 09:33:18,563 [pool-126-thread-1] INFO  storage.RaftStorage (RaftStorage.java:format(72)) - Storage directory /workdir/hadoop-ozone/integration-test/target/test-dir/MiniOzoneClusterImpl-b51a347c-4d32-49ce-97bb-8b27036901e7/datanode-0/data/ratis/9c217ec5-c6e8-4811-8942-e6971277b14e has been successfully formatted.
2019-09-20 09:33:18,563 [pool-126-thread-1] INFO  ratis.ContainerStateMachine (ContainerStateMachine.java:loadSnapshot(226)) - group-E6971277B14E: The snapshot info is null. Setting the last applied indexto:(t:0, i:~)
2019-09-20 09:33:18,564 [pool-126-thread-1] INFO  server.RaftServerConfigKeys (ConfUtils.java:logGet(43)) - raft.server.leader.election.timeout = 120s (custom)
2019-09-20 09:33:18,564 [pool-126-thread-1] INFO  server.RaftServerConfigKeys (ConfUtils.java:logGet(43)) - raft.server.log.use.memory = false (default)
2019-09-20 09:33:18,564 [pool-126-thread-1] INFO  server.RaftServerConfigKeys (ConfUtils.java:logGet(43)) - raft.server.log.purge.gap = 1000000 (custom)
2019-09-20 09:33:18,564 [pool-126-thread-1] INFO  server.RaftServerConfigKeys (ConfUtils.java:logGet(43)) - raft.server.log.appender.buffer.byte-limit = 33554432 (custom)
2019-09-20 09:33:18,564 [pool-126-thread-1] INFO  server.RaftServerConfigKeys (ConfUtils.java:logGet(43)) - raft.server.log.segment.size.max = 1048576 (custom)
2019-09-20 09:33:18,565 [pool-126-thread-1] INFO  server.RaftServerConfigKeys (ConfUtils.java:logGet(43)) - raft.server.log.segment.cache.num.max = 2 (custom)
2019-09-20 09:33:18,565 [pool-126-thread-1] INFO  segmented.SegmentedRaftLogWorker (SegmentedRaftLogWorker.java:<init>(172)) - new 37b777df-de08-4da5-9630-325a3e0e88a6-SegmentedRaftLogWorker:Storage Directory /workdir/hadoop-ozone/integration-test/target/test-dir/MiniOzoneClusterImpl-b51a347c-4d32-49ce-97bb-8b27036901e7/datanode-0/data/ratis/9c217ec5-c6e8-4811-8942-e6971277b14e for RaftStorage:Storage Directory /workdir/hadoop-ozone/integration-test/target/test-dir/MiniOzoneClusterImpl-b51a347c-4d32-49ce-97bb-8b27036901e7/datanode-0/data/ratis/9c217ec5-c6e8-4811-8942-e6971277b14e
2019-09-20 09:33:18,565 [pool-126-thread-1] INFO  server.RaftServerConfigKeys (ConfUtils.java:logGet(43)) - raft.server.log.queue.byte-limit = 2147483647 (custom)
2019-09-20 09:33:18,565 [pool-126-thread-1] INFO  server.RaftServerConfigKeys (ConfUtils.java:logGet(43)) - raft.server.log.queue.element-limit = 1024 (custom)
2019-09-20 09:33:18,566 [pool-126-thread-1] INFO  server.RaftServerConfigKeys (ConfUtils.java:logGet(43)) - raft.server.log.segment.size.max = 1048576 (custom)
2019-09-20 09:33:18,566 [pool-126-thread-1] INFO  server.RaftServerConfigKeys (ConfUtils.java:logGet(43)) - raft.server.log.preallocated.size = 16384 (custom)
2019-09-20 09:33:18,566 [pool-126-thread-1] INFO  server.RaftServerConfigKeys (ConfUtils.java:logGet(43)) - raft.server.log.write.buffer.size = 33554432 (custom)
2019-09-20 09:33:18,566 [pool-126-thread-1] INFO  server.RaftServerConfigKeys (ConfUtils.java:logGet(43)) - raft.server.log.force.sync.num = 128 (default)
2019-09-20 09:33:18,567 [pool-126-thread-1] INFO  server.RaftServerConfigKeys (ConfUtils.java:logGet(43)) - raft.server.log.statemachine.data.sync = true (default)
2019-09-20 09:33:18,567 [pool-126-thread-1] INFO  server.RaftServerConfigKeys (ConfUtils.java:logGet(43)) - raft.server.log.statemachine.data.sync.timeout = 10s (default)
2019-09-20 09:33:18,567 [pool-126-thread-1] INFO  server.RaftServerConfigKeys (ConfUtils.java:logGet(43)) - raft.server.log.statemachine.data.sync.timeout.retry = -1 (default)
2019-09-20 09:33:18,567 [pool-126-thread-1] INFO  server.RaftServerConfigKeys (ConfUtils.java:logGet(43)) - raft.server.log.statemachine.data.caching.enabled = true (custom)
2019-09-20 09:33:18,568 [pool-126-thread-1] INFO  segmented.SegmentedRaftLogWorker (SegmentedRaftLogWorker.java:lambda$new$0(132)) - 37b777df-de08-4da5-9630-325a3e0e88a6-SegmentedRaftLogWorker:Storage Directory /workdir/hadoop-ozone/integration-test/target/test-dir/MiniOzoneClusterImpl-b51a347c-4d32-49ce-97bb-8b27036901e7/datanode-0/data/ratis/9c217ec5-c6e8-4811-8942-e6971277b14e: flushIndex: setUnconditionally 0 -> -1
2019-09-20 09:33:18,568 [pool-126-thread-1] INFO  server.RaftServerConfigKeys (ConfUtils.java:logGet(43)) - raft.server.snapshot.auto.trigger.enabled = true (custom)
2019-09-20 09:33:18,568 [pool-126-thread-1] INFO  server.RaftServerConfigKeys (ConfUtils.java:logGet(43)) - raft.server.snapshot.auto.trigger.threshold = 10000 (custom)
2019-09-20 09:33:18,568 [pool-126-thread-1] INFO  server.RaftServerConfigKeys (ConfUtils.java:logGet(43)) - raft.server.retrycache.expirytime = 600000ms (custom)
2019-09-20 09:33:18,569 [pool-126-thread-1] INFO  impl.RaftServerImpl (RaftServerImpl.java:start(180)) - 37b777df-de08-4da5-9630-325a3e0e88a6: start group-E6971277B14E
2019-09-20 09:33:18,569 [pool-126-thread-1] INFO  impl.RaftServerImpl (RaftServerImpl.java:setRole(171)) - 37b777df-de08-4da5-9630-325a3e0e88a6:group-E6971277B14E changes role from null to FOLLOWER at term 0 for startAsFollower
2019-09-20 09:33:18,569 [pool-126-thread-1] INFO  impl.RoleInfo (RoleInfo.java:updateAndGet(143)) - 37b777df-de08-4da5-9630-325a3e0e88a6: start FollowerState
2019-09-20 09:33:18,584 [pool-126-thread-1] INFO  util.JmxRegister (JmxRegister.java:tryRegister(44)) - Successfully registered JMX Bean with object name Ratis:service=RaftServer,group=group-E6971277B14E,id=37b777df-de08-4da5-9630-325a3e0e88a6
2019-09-20 09:33:18,587 [Command processor thread] INFO  commandhandler.CreatePipelineCommandHandler (CreatePipelineCommandHandler.java:handle(112)) - Create Pipeline RATIS ONE #PipelineID=9c217ec5-c6e8-4811-8942-e6971277b14e command succeed on datanode 37b777df-de08-4da5-9630-325a3e0e88a6.
2019-09-20 09:33:18,590 | INFO  | SCMAudit | user=jenkins1000 | ip=192.168.151.119 | op=SEND_HEARTBEAT {datanodeUUID=10741cbd-d620-4a9b-9e67-51db8a2e0e6a, command=[commandType: createPipelineCommand createPipelineCommandProto { pipelineID { id: "7512e4f8-687e-4af8-bb72-a09878a86b11" } type: RATIS factor: ONE datanode { uuid: "10741cbd-d620-4a9b-9e67-51db8a2e0e6a" ipAddress: "192.168.151.119" hostName: "pr-hdds-2034-wmsbd-1222111393" ports { name: "REST" value: 42939 } ports { name: "RATIS" value: 43615 } ports { name: "STANDALONE" value: 45073 } networkName: "10741cbd-d620-4a9b-9e67-51db8a2e0e6a" networkLocation: "/default-rack" } cmdId: 1568971926516 } , commandType: createPipelineCommand createPipelineCommandProto { pipelineID { id: "72ec9e48-db96-4ff8-ab10-26ba44e1c42b" } type: RATIS factor: THREE datanode { uuid: "ba1e65fe-7169-476d-a778-4df70d7cdd6e" ipAddress: "192.168.151.119" hostName: "pr-hdds-2034-wmsbd-1222111393" ports { name: "REST" value: 35424 } ports { name: "RATIS" value: 46724 } ports { name: "STANDALONE" value: 42184 } networkName: "ba1e65fe-7169-476d-a778-4df70d7cdd6e" networkLocation: "/default-rack" } datanode { uuid: "10741cbd-d620-4a9b-9e67-51db8a2e0e6a" ipAddress: "192.168.151.119" hostName: "pr-hdds-2034-wmsbd-1222111393" ports { name: "REST" value: 42939 } ports { name: "RATIS" value: 43615 } ports { name: "STANDALONE" value: 45073 } networkName: "10741cbd-d620-4a9b-9e67-51db8a2e0e6a" networkLocation: "/default-rack" } datanode { uuid: "d4fa05df-3099-4015-ad0e-4200365d2035" ipAddress: "192.168.151.119" hostName: "pr-hdds-2034-wmsbd-1222111393" ports { name: "REST" value: 41302 } ports { name: "RATIS" value: 43786 } ports { name: "STANDALONE" value: 43972 } networkName: "d4fa05df-3099-4015-ad0e-4200365d2035" networkLocation: "/default-rack" } cmdId: 1568971926518 } ]} | ret=SUCCESS |  
2019-09-20 09:33:18,594 [grpc-default-executor-2] INFO  impl.RaftServerProxy (RaftServerProxy.java:addNew(89)) - 37b777df-de08-4da5-9630-325a3e0e88a6: addNew group-13440712A48A:[d072c18a-1b53-41d5-bae5-b82be0790279:192.168.151.119:38666, 37b777df-de08-4da5-9630-325a3e0e88a6:192.168.151.119:35524, 4d6fff4c-5cb6-40a3-b677-a76fbdc0054d:192.168.151.119:46744] returns group-13440712A48A:java.util.concurrent.CompletableFuture@44cd10f7[Not completed]
2019-09-20 09:33:18,596 [pool-126-thread-1] INFO  impl.RaftServerImpl (RaftServerImpl.java:<init>(93)) - 37b777df-de08-4da5-9630-325a3e0e88a6: new RaftServerImpl for group-13440712A48A:[d072c18a-1b53-41d5-bae5-b82be0790279:192.168.151.119:38666, 37b777df-de08-4da5-9630-325a3e0e88a6:192.168.151.119:35524, 4d6fff4c-5cb6-40a3-b677-a76fbdc0054d:192.168.151.119:46744] with ContainerStateMachine:uninitialized
2019-09-20 09:33:18,596 [pool-126-thread-1] INFO  server.RaftServerConfigKeys (ConfUtils.java:logGet(43)) - raft.server.rpc.timeout.min = 5s (custom)
2019-09-20 09:33:18,596 [pool-126-thread-1] INFO  server.RaftServerConfigKeys (ConfUtils.java:logGet(43)) - raft.server.rpc.timeout.max = 5200ms (custom)
2019-09-20 09:33:18,596 [pool-126-thread-1] INFO  server.RaftServerConfigKeys (ConfUtils.java:logGet(43)) - raft.server.rpcslowness.timeout = 120s (custom)
2019-09-20 09:33:18,596 [pool-126-thread-1] INFO  server.RaftServerConfigKeys (ConfUtils.java:logGet(43)) - raft.server.sleep.deviation.threshold = 300 (default)
2019-09-20 09:33:18,597 [pool-126-thread-1] INFO  server.RaftServerConfigKeys (ConfUtils.java:logGet(43)) - raft.server.log.appender.install.snapshot.enabled = false (custom)
2019-09-20 09:33:18,597 [pool-126-thread-1] INFO  impl.RaftServerImpl (ServerState.java:<init>(105)) - 37b777df-de08-4da5-9630-325a3e0e88a6:group-13440712A48A ConfigurationManager, init=-1: [d072c18a-1b53-41d5-bae5-b82be0790279:192.168.151.119:38666, 37b777df-de08-4da5-9630-325a3e0e88a6:192.168.151.119:35524, 4d6fff4c-5cb6-40a3-b677-a76fbdc0054d:192.168.151.119:46744], old=null, confs=<EMPTY_MAP>
2019-09-20 09:33:18,597 [pool-126-thread-1] INFO  server.RaftServerConfigKeys (ConfUtils.java:logGet(43)) - raft.server.storage.dir = [/workdir/hadoop-ozone/integration-test/target/test-dir/MiniOzoneClusterImpl-b51a347c-4d32-49ce-97bb-8b27036901e7/datanode-0/data/ratis] (custom)
2019-09-20 09:33:18,597 [pool-126-thread-1] INFO  storage.RaftStorageDirectory (RaftStorageDirectory.java:analyzeStorage(246)) - The storage directory /workdir/hadoop-ozone/integration-test/target/test-dir/MiniOzoneClusterImpl-b51a347c-4d32-49ce-97bb-8b27036901e7/datanode-0/data/ratis/6b21fe18-2200-4b20-94b6-13440712a48a does not exist. Creating ...
2019-09-20 09:33:18,611 [pool-126-thread-1] INFO  storage.RaftStorageDirectory (RaftStorageDirectory.java:tryLock(328)) - Lock on /workdir/hadoop-ozone/integration-test/target/test-dir/MiniOzoneClusterImpl-b51a347c-4d32-49ce-97bb-8b27036901e7/datanode-0/data/ratis/6b21fe18-2200-4b20-94b6-13440712a48a/in_use.lock acquired by nodename 20900@pr-hdds-2034-wmsbd-1222111393
2019-09-20 09:33:18,624 [pool-126-thread-1] INFO  storage.RaftStorage (RaftStorage.java:format(72)) - Storage directory /workdir/hadoop-ozone/integration-test/target/test-dir/MiniOzoneClusterImpl-b51a347c-4d32-49ce-97bb-8b27036901e7/datanode-0/data/ratis/6b21fe18-2200-4b20-94b6-13440712a48a has been successfully formatted.
2019-09-20 09:33:18,625 [pool-126-thread-1] INFO  ratis.ContainerStateMachine (ContainerStateMachine.java:loadSnapshot(226)) - group-13440712A48A: The snapshot info is null. Setting the last applied indexto:(t:0, i:~)
2019-09-20 09:33:18,625 [pool-126-thread-1] INFO  server.RaftServerConfigKeys (ConfUtils.java:logGet(43)) - raft.server.leader.election.timeout = 120s (custom)
2019-09-20 09:33:18,625 [pool-126-thread-1] INFO  server.RaftServerConfigKeys (ConfUtils.java:logGet(43)) - raft.server.log.use.memory = false (default)
2019-09-20 09:33:18,625 [pool-126-thread-1] INFO  server.RaftServerConfigKeys (ConfUtils.java:logGet(43)) - raft.server.log.purge.gap = 1000000 (custom)
2019-09-20 09:33:18,625 [pool-126-thread-1] INFO  server.RaftServerConfigKeys (ConfUtils.java:logGet(43)) - raft.server.log.appender.buffer.byte-limit = 33554432 (custom)
2019-09-20 09:33:18,626 [pool-126-thread-1] INFO  server.RaftServerConfigKeys (ConfUtils.java:logGet(43)) - raft.server.log.segment.size.max = 1048576 (custom)
2019-09-20 09:33:18,626 [pool-126-thread-1] INFO  server.RaftServerConfigKeys (ConfUtils.java:logGet(43)) - raft.server.log.segment.cache.num.max = 2 (custom)
2019-09-20 09:33:18,626 [pool-126-thread-1] INFO  segmented.SegmentedRaftLogWorker (SegmentedRaftLogWorker.java:<init>(172)) - new 37b777df-de08-4da5-9630-325a3e0e88a6-SegmentedRaftLogWorker:Storage Directory /workdir/hadoop-ozone/integration-test/target/test-dir/MiniOzoneClusterImpl-b51a347c-4d32-49ce-97bb-8b27036901e7/datanode-0/data/ratis/6b21fe18-2200-4b20-94b6-13440712a48a for RaftStorage:Storage Directory /workdir/hadoop-ozone/integration-test/target/test-dir/MiniOzoneClusterImpl-b51a347c-4d32-49ce-97bb-8b27036901e7/datanode-0/data/ratis/6b21fe18-2200-4b20-94b6-13440712a48a
2019-09-20 09:33:18,626 [pool-126-thread-1] INFO  server.RaftServerConfigKeys (ConfUtils.java:logGet(43)) - raft.server.log.queue.byte-limit = 2147483647 (custom)
2019-09-20 09:33:18,626 [pool-126-thread-1] INFO  server.RaftServerConfigKeys (ConfUtils.java:logGet(43)) - raft.server.log.queue.element-limit = 1024 (custom)
2019-09-20 09:33:18,627 [pool-126-thread-1] INFO  server.RaftServerConfigKeys (ConfUtils.java:logGet(43)) - raft.server.log.segment.size.max = 1048576 (custom)
2019-09-20 09:33:18,627 [pool-126-thread-1] INFO  server.RaftServerConfigKeys (ConfUtils.java:logGet(43)) - raft.server.log.preallocated.size = 16384 (custom)
2019-09-20 09:33:18,627 [pool-126-thread-1] INFO  server.RaftServerConfigKeys (ConfUtils.java:logGet(43)) - raft.server.log.write.buffer.size = 33554432 (custom)
2019-09-20 09:33:18,627 [pool-126-thread-1] INFO  server.RaftServerConfigKeys (ConfUtils.java:logGet(43)) - raft.server.log.force.sync.num = 128 (default)
2019-09-20 09:33:18,627 [pool-126-thread-1] INFO  server.RaftServerConfigKeys (ConfUtils.java:logGet(43)) - raft.server.log.statemachine.data.sync = true (default)
2019-09-20 09:33:18,627 [pool-126-thread-1] INFO  server.RaftServerConfigKeys (ConfUtils.java:logGet(43)) - raft.server.log.statemachine.data.sync.timeout = 10s (default)
2019-09-20 09:33:18,628 [pool-126-thread-1] INFO  server.RaftServerConfigKeys (ConfUtils.java:logGet(43)) - raft.server.log.statemachine.data.sync.timeout.retry = -1 (default)
2019-09-20 09:33:18,628 [pool-126-thread-1] INFO  server.RaftServerConfigKeys (ConfUtils.java:logGet(43)) - raft.server.log.statemachine.data.caching.enabled = true (custom)
2019-09-20 09:33:18,628 [pool-126-thread-1] INFO  segmented.SegmentedRaftLogWorker (SegmentedRaftLogWorker.java:lambda$new$0(132)) - 37b777df-de08-4da5-9630-325a3e0e88a6-SegmentedRaftLogWorker:Storage Directory /workdir/hadoop-ozone/integration-test/target/test-dir/MiniOzoneClusterImpl-b51a347c-4d32-49ce-97bb-8b27036901e7/datanode-0/data/ratis/6b21fe18-2200-4b20-94b6-13440712a48a: flushIndex: setUnconditionally 0 -> -1
2019-09-20 09:33:18,629 [pool-126-thread-1] INFO  server.RaftServerConfigKeys (ConfUtils.java:logGet(43)) - raft.server.snapshot.auto.trigger.enabled = true (custom)
2019-09-20 09:33:18,629 [pool-126-thread-1] INFO  server.RaftServerConfigKeys (ConfUtils.java:logGet(43)) - raft.server.snapshot.auto.trigger.threshold = 10000 (custom)
2019-09-20 09:33:18,629 [pool-126-thread-1] INFO  server.RaftServerConfigKeys (ConfUtils.java:logGet(43)) - raft.server.retrycache.expirytime = 600000ms (custom)
2019-09-20 09:33:18,629 [pool-126-thread-1] INFO  impl.RaftServerImpl (RaftServerImpl.java:start(180)) - 37b777df-de08-4da5-9630-325a3e0e88a6: start group-13440712A48A
2019-09-20 09:33:18,629 [pool-126-thread-1] INFO  impl.RaftServerImpl (RaftServerImpl.java:setRole(171)) - 37b777df-de08-4da5-9630-325a3e0e88a6:group-13440712A48A changes role from null to FOLLOWER at term 0 for startAsFollower
2019-09-20 09:33:18,630 [pool-126-thread-1] INFO  impl.RoleInfo (RoleInfo.java:updateAndGet(143)) - 37b777df-de08-4da5-9630-325a3e0e88a6: start FollowerState
2019-09-20 09:33:18,630 [pool-126-thread-1] INFO  util.JmxRegister (JmxRegister.java:tryRegister(44)) - Successfully registered JMX Bean with object name Ratis:service=RaftServer,group=group-13440712A48A,id=37b777df-de08-4da5-9630-325a3e0e88a6
2019-09-20 09:33:18,633 [Command processor thread] INFO  commandhandler.CreatePipelineCommandHandler (CreatePipelineCommandHandler.java:handle(112)) - Create Pipeline RATIS THREE #PipelineID=6b21fe18-2200-4b20-94b6-13440712a48a command succeed on datanode 37b777df-de08-4da5-9630-325a3e0e88a6.
2019-09-20 09:33:18,694 | INFO  | SCMAudit | user=jenkins1000 | ip=192.168.151.119 | op=SEND_HEARTBEAT {datanodeUUID=d072c18a-1b53-41d5-bae5-b82be0790279, command=[]} | ret=SUCCESS |  
2019-09-20 09:33:18,703 [grpc-default-executor-2] INFO  impl.RaftServerProxy (RaftServerProxy.java:addNew(89)) - d072c18a-1b53-41d5-bae5-b82be0790279: addNew group-73E47566AB1D:[d072c18a-1b53-41d5-bae5-b82be0790279:192.168.151.119:38666] returns group-73E47566AB1D:java.util.concurrent.CompletableFuture@373435fc[Not completed]
2019-09-20 09:33:18,708 [pool-137-thread-1] INFO  impl.RaftServerImpl (RaftServerImpl.java:<init>(93)) - d072c18a-1b53-41d5-bae5-b82be0790279: new RaftServerImpl for group-73E47566AB1D:[d072c18a-1b53-41d5-bae5-b82be0790279:192.168.151.119:38666] with ContainerStateMachine:uninitialized
2019-09-20 09:33:18,708 [pool-137-thread-1] INFO  server.RaftServerConfigKeys (ConfUtils.java:logGet(43)) - raft.server.rpc.timeout.min = 5s (custom)
2019-09-20 09:33:18,709 [pool-137-thread-1] INFO  server.RaftServerConfigKeys (ConfUtils.java:logGet(43)) - raft.server.rpc.timeout.max = 5200ms (custom)
2019-09-20 09:33:18,709 [pool-137-thread-1] INFO  server.RaftServerConfigKeys (ConfUtils.java:logGet(43)) - raft.server.rpcslowness.timeout = 120s (custom)
2019-09-20 09:33:18,709 [pool-137-thread-1] INFO  server.RaftServerConfigKeys (ConfUtils.java:logGet(43)) - raft.server.sleep.deviation.threshold = 300 (default)
2019-09-20 09:33:18,709 [pool-137-thread-1] INFO  server.RaftServerConfigKeys (ConfUtils.java:logGet(43)) - raft.server.log.appender.install.snapshot.enabled = false (custom)
2019-09-20 09:33:18,709 [pool-137-thread-1] INFO  impl.RaftServerImpl (ServerState.java:<init>(105)) - d072c18a-1b53-41d5-bae5-b82be0790279:group-73E47566AB1D ConfigurationManager, init=-1: [d072c18a-1b53-41d5-bae5-b82be0790279:192.168.151.119:38666], old=null, confs=<EMPTY_MAP>
2019-09-20 09:33:18,709 [pool-137-thread-1] INFO  server.RaftServerConfigKeys (ConfUtils.java:logGet(43)) - raft.server.storage.dir = [/workdir/hadoop-ozone/integration-test/target/test-dir/MiniOzoneClusterImpl-b51a347c-4d32-49ce-97bb-8b27036901e7/datanode-1/data/ratis] (custom)
2019-09-20 09:33:18,710 [pool-137-thread-1] INFO  storage.RaftStorageDirectory (RaftStorageDirectory.java:analyzeStorage(246)) - The storage directory /workdir/hadoop-ozone/integration-test/target/test-dir/MiniOzoneClusterImpl-b51a347c-4d32-49ce-97bb-8b27036901e7/datanode-1/data/ratis/2faa7694-0e50-4b8e-a98b-73e47566ab1d does not exist. Creating ...
2019-09-20 09:33:18,723 [pool-137-thread-1] INFO  storage.RaftStorageDirectory (RaftStorageDirectory.java:tryLock(328)) - Lock on /workdir/hadoop-ozone/integration-test/target/test-dir/MiniOzoneClusterImpl-b51a347c-4d32-49ce-97bb-8b27036901e7/datanode-1/data/ratis/2faa7694-0e50-4b8e-a98b-73e47566ab1d/in_use.lock acquired by nodename 20900@pr-hdds-2034-wmsbd-1222111393
2019-09-20 09:33:18,736 [pool-137-thread-1] INFO  storage.RaftStorage (RaftStorage.java:format(72)) - Storage directory /workdir/hadoop-ozone/integration-test/target/test-dir/MiniOzoneClusterImpl-b51a347c-4d32-49ce-97bb-8b27036901e7/datanode-1/data/ratis/2faa7694-0e50-4b8e-a98b-73e47566ab1d has been successfully formatted.
2019-09-20 09:33:18,736 [pool-137-thread-1] INFO  ratis.ContainerStateMachine (ContainerStateMachine.java:loadSnapshot(226)) - group-73E47566AB1D: The snapshot info is null. Setting the last applied indexto:(t:0, i:~)
2019-09-20 09:33:18,737 [pool-137-thread-1] INFO  server.RaftServerConfigKeys (ConfUtils.java:logGet(43)) - raft.server.leader.election.timeout = 120s (custom)
2019-09-20 09:33:18,737 [pool-137-thread-1] INFO  server.RaftServerConfigKeys (ConfUtils.java:logGet(43)) - raft.server.log.use.memory = false (default)
2019-09-20 09:33:18,737 [pool-137-thread-1] INFO  server.RaftServerConfigKeys (ConfUtils.java:logGet(43)) - raft.server.log.purge.gap = 1000000 (custom)
2019-09-20 09:33:18,737 [pool-137-thread-1] INFO  server.RaftServerConfigKeys (ConfUtils.java:logGet(43)) - raft.server.log.appender.buffer.byte-limit = 33554432 (custom)
2019-09-20 09:33:18,737 [pool-137-thread-1] INFO  server.RaftServerConfigKeys (ConfUtils.java:logGet(43)) - raft.server.log.segment.size.max = 1048576 (custom)
2019-09-20 09:33:18,737 [pool-137-thread-1] INFO  server.RaftServerConfigKeys (ConfUtils.java:logGet(43)) - raft.server.log.segment.cache.num.max = 2 (custom)
2019-09-20 09:33:18,737 [pool-137-thread-1] INFO  segmented.SegmentedRaftLogWorker (SegmentedRaftLogWorker.java:<init>(172)) - new d072c18a-1b53-41d5-bae5-b82be0790279-SegmentedRaftLogWorker:Storage Directory /workdir/hadoop-ozone/integration-test/target/test-dir/MiniOzoneClusterImpl-b51a347c-4d32-49ce-97bb-8b27036901e7/datanode-1/data/ratis/2faa7694-0e50-4b8e-a98b-73e47566ab1d for RaftStorage:Storage Directory /workdir/hadoop-ozone/integration-test/target/test-dir/MiniOzoneClusterImpl-b51a347c-4d32-49ce-97bb-8b27036901e7/datanode-1/data/ratis/2faa7694-0e50-4b8e-a98b-73e47566ab1d
2019-09-20 09:33:18,738 [pool-137-thread-1] INFO  server.RaftServerConfigKeys (ConfUtils.java:logGet(43)) - raft.server.log.queue.byte-limit = 2147483647 (custom)
2019-09-20 09:33:18,738 [pool-137-thread-1] INFO  server.RaftServerConfigKeys (ConfUtils.java:logGet(43)) - raft.server.log.queue.element-limit = 1024 (custom)
2019-09-20 09:33:18,738 [pool-137-thread-1] INFO  server.RaftServerConfigKeys (ConfUtils.java:logGet(43)) - raft.server.log.segment.size.max = 1048576 (custom)
2019-09-20 09:33:18,738 [pool-137-thread-1] INFO  server.RaftServerConfigKeys (ConfUtils.java:logGet(43)) - raft.server.log.preallocated.size = 16384 (custom)
2019-09-20 09:33:18,738 [pool-137-thread-1] INFO  server.RaftServerConfigKeys (ConfUtils.java:logGet(43)) - raft.server.log.write.buffer.size = 33554432 (custom)
2019-09-20 09:33:18,739 [pool-137-thread-1] INFO  server.RaftServerConfigKeys (ConfUtils.java:logGet(43)) - raft.server.log.force.sync.num = 128 (default)
2019-09-20 09:33:18,739 [pool-137-thread-1] INFO  server.RaftServerConfigKeys (ConfUtils.java:logGet(43)) - raft.server.log.statemachine.data.sync = true (default)
2019-09-20 09:33:18,739 [pool-137-thread-1] INFO  server.RaftServerConfigKeys (ConfUtils.java:logGet(43)) - raft.server.log.statemachine.data.sync.timeout = 10s (default)
2019-09-20 09:33:18,739 [pool-137-thread-1] INFO  server.RaftServerConfigKeys (ConfUtils.java:logGet(43)) - raft.server.log.statemachine.data.sync.timeout.retry = -1 (default)
2019-09-20 09:33:18,739 [pool-137-thread-1] INFO  server.RaftServerConfigKeys (ConfUtils.java:logGet(43)) - raft.server.log.statemachine.data.caching.enabled = true (custom)
2019-09-20 09:33:18,740 [pool-137-thread-1] INFO  segmented.SegmentedRaftLogWorker (SegmentedRaftLogWorker.java:lambda$new$0(132)) - d072c18a-1b53-41d5-bae5-b82be0790279-SegmentedRaftLogWorker:Storage Directory /workdir/hadoop-ozone/integration-test/target/test-dir/MiniOzoneClusterImpl-b51a347c-4d32-49ce-97bb-8b27036901e7/datanode-1/data/ratis/2faa7694-0e50-4b8e-a98b-73e47566ab1d: flushIndex: setUnconditionally 0 -> -1
2019-09-20 09:33:18,740 [pool-137-thread-1] INFO  server.RaftServerConfigKeys (ConfUtils.java:logGet(43)) - raft.server.snapshot.auto.trigger.enabled = true (custom)
2019-09-20 09:33:18,740 [pool-137-thread-1] INFO  server.RaftServerConfigKeys (ConfUtils.java:logGet(43)) - raft.server.snapshot.auto.trigger.threshold = 10000 (custom)
2019-09-20 09:33:18,740 [pool-137-thread-1] INFO  server.RaftServerConfigKeys (ConfUtils.java:logGet(43)) - raft.server.retrycache.expirytime = 600000ms (custom)
2019-09-20 09:33:18,741 [pool-137-thread-1] INFO  impl.RaftServerImpl (RaftServerImpl.java:start(180)) - d072c18a-1b53-41d5-bae5-b82be0790279: start group-73E47566AB1D
2019-09-20 09:33:18,741 [pool-137-thread-1] INFO  impl.RaftServerImpl (RaftServerImpl.java:setRole(171)) - d072c18a-1b53-41d5-bae5-b82be0790279:group-73E47566AB1D changes role from null to FOLLOWER at term 0 for startAsFollower
2019-09-20 09:33:18,741 [pool-137-thread-1] INFO  impl.RoleInfo (RoleInfo.java:updateAndGet(143)) - d072c18a-1b53-41d5-bae5-b82be0790279: start FollowerState
2019-09-20 09:33:18,741 [pool-137-thread-1] INFO  util.JmxRegister (JmxRegister.java:tryRegister(44)) - Successfully registered JMX Bean with object name Ratis:service=RaftServer,group=group-73E47566AB1D,id=d072c18a-1b53-41d5-bae5-b82be0790279
2019-09-20 09:33:18,743 [Command processor thread] INFO  commandhandler.CreatePipelineCommandHandler (CreatePipelineCommandHandler.java:handle(112)) - Create Pipeline RATIS ONE #PipelineID=2faa7694-0e50-4b8e-a98b-73e47566ab1d command succeed on datanode d072c18a-1b53-41d5-bae5-b82be0790279.
2019-09-20 09:33:18,749 [grpc-default-executor-2] INFO  impl.RaftServerProxy (RaftServerProxy.java:addNew(89)) - d072c18a-1b53-41d5-bae5-b82be0790279: addNew group-13440712A48A:[d072c18a-1b53-41d5-bae5-b82be0790279:192.168.151.119:38666, 37b777df-de08-4da5-9630-325a3e0e88a6:192.168.151.119:35524, 4d6fff4c-5cb6-40a3-b677-a76fbdc0054d:192.168.151.119:46744] returns group-13440712A48A:java.util.concurrent.CompletableFuture@1408e410[Not completed]
2019-09-20 09:33:18,750 [pool-137-thread-1] INFO  impl.RaftServerImpl (RaftServerImpl.java:<init>(93)) - d072c18a-1b53-41d5-bae5-b82be0790279: new RaftServerImpl for group-13440712A48A:[d072c18a-1b53-41d5-bae5-b82be0790279:192.168.151.119:38666, 37b777df-de08-4da5-9630-325a3e0e88a6:192.168.151.119:35524, 4d6fff4c-5cb6-40a3-b677-a76fbdc0054d:192.168.151.119:46744] with ContainerStateMachine:uninitialized
2019-09-20 09:33:18,750 [pool-137-thread-1] INFO  server.RaftServerConfigKeys (ConfUtils.java:logGet(43)) - raft.server.rpc.timeout.min = 5s (custom)
2019-09-20 09:33:18,750 [pool-137-thread-1] INFO  server.RaftServerConfigKeys (ConfUtils.java:logGet(43)) - raft.server.rpc.timeout.max = 5200ms (custom)
2019-09-20 09:33:18,750 [pool-137-thread-1] INFO  server.RaftServerConfigKeys (ConfUtils.java:logGet(43)) - raft.server.rpcslowness.timeout = 120s (custom)
2019-09-20 09:33:18,751 [pool-137-thread-1] INFO  server.RaftServerConfigKeys (ConfUtils.java:logGet(43)) - raft.server.sleep.deviation.threshold = 300 (default)
2019-09-20 09:33:18,751 [pool-137-thread-1] INFO  server.RaftServerConfigKeys (ConfUtils.java:logGet(43)) - raft.server.log.appender.install.snapshot.enabled = false (custom)
2019-09-20 09:33:18,751 [pool-137-thread-1] INFO  impl.RaftServerImpl (ServerState.java:<init>(105)) - d072c18a-1b53-41d5-bae5-b82be0790279:group-13440712A48A ConfigurationManager, init=-1: [d072c18a-1b53-41d5-bae5-b82be0790279:192.168.151.119:38666, 37b777df-de08-4da5-9630-325a3e0e88a6:192.168.151.119:35524, 4d6fff4c-5cb6-40a3-b677-a76fbdc0054d:192.168.151.119:46744], old=null, confs=<EMPTY_MAP>
2019-09-20 09:33:18,751 [pool-137-thread-1] INFO  server.RaftServerConfigKeys (ConfUtils.java:logGet(43)) - raft.server.storage.dir = [/workdir/hadoop-ozone/integration-test/target/test-dir/MiniOzoneClusterImpl-b51a347c-4d32-49ce-97bb-8b27036901e7/datanode-1/data/ratis] (custom)
2019-09-20 09:33:18,751 [pool-137-thread-1] INFO  storage.RaftStorageDirectory (RaftStorageDirectory.java:analyzeStorage(246)) - The storage directory /workdir/hadoop-ozone/integration-test/target/test-dir/MiniOzoneClusterImpl-b51a347c-4d32-49ce-97bb-8b27036901e7/datanode-1/data/ratis/6b21fe18-2200-4b20-94b6-13440712a48a does not exist. Creating ...
2019-09-20 09:33:18,764 [pool-137-thread-1] INFO  storage.RaftStorageDirectory (RaftStorageDirectory.java:tryLock(328)) - Lock on /workdir/hadoop-ozone/integration-test/target/test-dir/MiniOzoneClusterImpl-b51a347c-4d32-49ce-97bb-8b27036901e7/datanode-1/data/ratis/6b21fe18-2200-4b20-94b6-13440712a48a/in_use.lock acquired by nodename 20900@pr-hdds-2034-wmsbd-1222111393
2019-09-20 09:33:18,782 [pool-137-thread-1] INFO  storage.RaftStorage (RaftStorage.java:format(72)) - Storage directory /workdir/hadoop-ozone/integration-test/target/test-dir/MiniOzoneClusterImpl-b51a347c-4d32-49ce-97bb-8b27036901e7/datanode-1/data/ratis/6b21fe18-2200-4b20-94b6-13440712a48a has been successfully formatted.
2019-09-20 09:33:18,783 [pool-137-thread-1] INFO  ratis.ContainerStateMachine (ContainerStateMachine.java:loadSnapshot(226)) - group-13440712A48A: The snapshot info is null. Setting the last applied indexto:(t:0, i:~)
2019-09-20 09:33:18,783 [pool-137-thread-1] INFO  server.RaftServerConfigKeys (ConfUtils.java:logGet(43)) - raft.server.leader.election.timeout = 120s (custom)
2019-09-20 09:33:18,783 [pool-137-thread-1] INFO  server.RaftServerConfigKeys (ConfUtils.java:logGet(43)) - raft.server.log.use.memory = false (default)
2019-09-20 09:33:18,783 [pool-137-thread-1] INFO  server.RaftServerConfigKeys (ConfUtils.java:logGet(43)) - raft.server.log.purge.gap = 1000000 (custom)
2019-09-20 09:33:18,783 [pool-137-thread-1] INFO  server.RaftServerConfigKeys (ConfUtils.java:logGet(43)) - raft.server.log.appender.buffer.byte-limit = 33554432 (custom)
2019-09-20 09:33:18,783 [pool-137-thread-1] INFO  server.RaftServerConfigKeys (ConfUtils.java:logGet(43)) - raft.server.log.segment.size.max = 1048576 (custom)
2019-09-20 09:33:18,783 [pool-137-thread-1] INFO  server.RaftServerConfigKeys (ConfUtils.java:logGet(43)) - raft.server.log.segment.cache.num.max = 2 (custom)
2019-09-20 09:33:18,784 [pool-137-thread-1] INFO  segmented.SegmentedRaftLogWorker (SegmentedRaftLogWorker.java:<init>(172)) - new d072c18a-1b53-41d5-bae5-b82be0790279-SegmentedRaftLogWorker:Storage Directory /workdir/hadoop-ozone/integration-test/target/test-dir/MiniOzoneClusterImpl-b51a347c-4d32-49ce-97bb-8b27036901e7/datanode-1/data/ratis/6b21fe18-2200-4b20-94b6-13440712a48a for RaftStorage:Storage Directory /workdir/hadoop-ozone/integration-test/target/test-dir/MiniOzoneClusterImpl-b51a347c-4d32-49ce-97bb-8b27036901e7/datanode-1/data/ratis/6b21fe18-2200-4b20-94b6-13440712a48a
2019-09-20 09:33:18,784 [pool-137-thread-1] INFO  server.RaftServerConfigKeys (ConfUtils.java:logGet(43)) - raft.server.log.queue.byte-limit = 2147483647 (custom)
2019-09-20 09:33:18,784 [pool-137-thread-1] INFO  server.RaftServerConfigKeys (ConfUtils.java:logGet(43)) - raft.server.log.queue.element-limit = 1024 (custom)
2019-09-20 09:33:18,784 [pool-137-thread-1] INFO  server.RaftServerConfigKeys (ConfUtils.java:logGet(43)) - raft.server.log.segment.size.max = 1048576 (custom)
2019-09-20 09:33:18,784 [pool-137-thread-1] INFO  server.RaftServerConfigKeys (ConfUtils.java:logGet(43)) - raft.server.log.preallocated.size = 16384 (custom)
2019-09-20 09:33:18,784 [pool-137-thread-1] INFO  server.RaftServerConfigKeys (ConfUtils.java:logGet(43)) - raft.server.log.write.buffer.size = 33554432 (custom)
2019-09-20 09:33:18,784 [pool-137-thread-1] INFO  server.RaftServerConfigKeys (ConfUtils.java:logGet(43)) - raft.server.log.force.sync.num = 128 (default)
2019-09-20 09:33:18,784 [pool-137-thread-1] INFO  server.RaftServerConfigKeys (ConfUtils.java:logGet(43)) - raft.server.log.statemachine.data.sync = true (default)
2019-09-20 09:33:18,785 [pool-137-thread-1] INFO  server.RaftServerConfigKeys (ConfUtils.java:logGet(43)) - raft.server.log.statemachine.data.sync.timeout = 10s (default)
2019-09-20 09:33:18,785 [pool-137-thread-1] INFO  server.RaftServerConfigKeys (ConfUtils.java:logGet(43)) - raft.server.log.statemachine.data.sync.timeout.retry = -1 (default)
2019-09-20 09:33:18,785 [pool-137-thread-1] INFO  server.RaftServerConfigKeys (ConfUtils.java:logGet(43)) - raft.server.log.statemachine.data.caching.enabled = true (custom)
2019-09-20 09:33:18,785 [pool-137-thread-1] INFO  segmented.SegmentedRaftLogWorker (SegmentedRaftLogWorker.java:lambda$new$0(132)) - d072c18a-1b53-41d5-bae5-b82be0790279-SegmentedRaftLogWorker:Storage Directory /workdir/hadoop-ozone/integration-test/target/test-dir/MiniOzoneClusterImpl-b51a347c-4d32-49ce-97bb-8b27036901e7/datanode-1/data/ratis/6b21fe18-2200-4b20-94b6-13440712a48a: flushIndex: setUnconditionally 0 -> -1
2019-09-20 09:33:18,786 [pool-137-thread-1] INFO  server.RaftServerConfigKeys (ConfUtils.java:logGet(43)) - raft.server.snapshot.auto.trigger.enabled = true (custom)
2019-09-20 09:33:18,786 [pool-137-thread-1] INFO  server.RaftServerConfigKeys (ConfUtils.java:logGet(43)) - raft.server.snapshot.auto.trigger.threshold = 10000 (custom)
2019-09-20 09:33:18,786 [pool-137-thread-1] INFO  server.RaftServerConfigKeys (ConfUtils.java:logGet(43)) - raft.server.retrycache.expirytime = 600000ms (custom)
2019-09-20 09:33:18,786 [pool-137-thread-1] INFO  impl.RaftServerImpl (RaftServerImpl.java:start(180)) - d072c18a-1b53-41d5-bae5-b82be0790279: start group-13440712A48A
2019-09-20 09:33:18,786 [pool-137-thread-1] INFO  impl.RaftServerImpl (RaftServerImpl.java:setRole(171)) - d072c18a-1b53-41d5-bae5-b82be0790279:group-13440712A48A changes role from null to FOLLOWER at term 0 for startAsFollower
2019-09-20 09:33:18,786 [pool-137-thread-1] INFO  impl.RoleInfo (RoleInfo.java:updateAndGet(143)) - d072c18a-1b53-41d5-bae5-b82be0790279: start FollowerState
2019-09-20 09:33:18,798 [pool-137-thread-1] INFO  util.JmxRegister (JmxRegister.java:tryRegister(44)) - Successfully registered JMX Bean with object name Ratis:service=RaftServer,group=group-13440712A48A,id=d072c18a-1b53-41d5-bae5-b82be0790279
2019-09-20 09:33:18,810 | INFO  | SCMAudit | user=jenkins1000 | ip=192.168.151.119 | op=SEND_HEARTBEAT {datanodeUUID=d4fa05df-3099-4015-ad0e-4200365d2035, command=[commandType: createPipelineCommand createPipelineCommandProto { pipelineID { id: "c02e05ea-29b8-474a-a7f4-54fd04f27c82" } type: RATIS factor: ONE datanode { uuid: "d4fa05df-3099-4015-ad0e-4200365d2035" ipAddress: "192.168.151.119" hostName: "pr-hdds-2034-wmsbd-1222111393" ports { name: "REST" value: 41302 } ports { name: "RATIS" value: 43786 } ports { name: "STANDALONE" value: 43972 } networkName: "d4fa05df-3099-4015-ad0e-4200365d2035" networkLocation: "/default-rack" } cmdId: 1568971926517 } , commandType: createPipelineCommand createPipelineCommandProto { pipelineID { id: "72ec9e48-db96-4ff8-ab10-26ba44e1c42b" } type: RATIS factor: THREE datanode { uuid: "ba1e65fe-7169-476d-a778-4df70d7cdd6e" ipAddress: "192.168.151.119" hostName: "pr-hdds-2034-wmsbd-1222111393" ports { name: "REST" value: 35424 } ports { name: "RATIS" value: 46724 } ports { name: "STANDALONE" value: 42184 } networkName: "ba1e65fe-7169-476d-a778-4df70d7cdd6e" networkLocation: "/default-rack" } datanode { uuid: "10741cbd-d620-4a9b-9e67-51db8a2e0e6a" ipAddress: "192.168.151.119" hostName: "pr-hdds-2034-wmsbd-1222111393" ports { name: "REST" value: 42939 } ports { name: "RATIS" value: 43615 } ports { name: "STANDALONE" value: 45073 } networkName: "10741cbd-d620-4a9b-9e67-51db8a2e0e6a" networkLocation: "/default-rack" } datanode { uuid: "d4fa05df-3099-4015-ad0e-4200365d2035" ipAddress: "192.168.151.119" hostName: "pr-hdds-2034-wmsbd-1222111393" ports { name: "REST" value: 41302 } ports { name: "RATIS" value: 43786 } ports { name: "STANDALONE" value: 43972 } networkName: "d4fa05df-3099-4015-ad0e-4200365d2035" networkLocation: "/default-rack" } cmdId: 1568971926518 } ]} | ret=SUCCESS |  
2019-09-20 09:33:18,810 [Command processor thread] INFO  commandhandler.CreatePipelineCommandHandler (CreatePipelineCommandHandler.java:handle(112)) - Create Pipeline RATIS THREE #PipelineID=6b21fe18-2200-4b20-94b6-13440712a48a command succeed on datanode d072c18a-1b53-41d5-bae5-b82be0790279.
2019-09-20 09:33:18,988 | INFO  | SCMAudit | user=jenkins1000 | ip=192.168.151.119 | op=SEND_HEARTBEAT {datanodeUUID=86933813-1e1e-464a-ae0f-2ef91831d02b, command=[commandType: createPipelineCommand createPipelineCommandProto { pipelineID { id: "e05c9f1b-d954-4a7c-bb45-f09811a33c7b" } type: RATIS factor: ONE datanode { uuid: "86933813-1e1e-464a-ae0f-2ef91831d02b" ipAddress: "192.168.151.119" hostName: "pr-hdds-2034-wmsbd-1222111393" ports { name: "REST" value: 32989 } ports { name: "RATIS" value: 44448 } ports { name: "STANDALONE" value: 37997 } networkName: "86933813-1e1e-464a-ae0f-2ef91831d02b" networkLocation: "/default-rack" } cmdId: 1568971926519 } ]} | ret=SUCCESS |  
2019-09-20 09:33:18,987 [main] INFO  ozone.MiniOzoneClusterImpl (MiniOzoneClusterImpl.java:lambda$waitForClusterToBeReady$0(145)) - Nodes are ready. Got 7 of 7 DN Heartbeats.
2019-09-20 09:33:18,988 [main] INFO  ozone.MiniOzoneClusterImpl (MiniOzoneClusterImpl.java:lambda$waitForClusterToBeReady$0(148)) - Waiting for cluster to exit safe mode
2019-09-20 09:33:19,154 | INFO  | SCMAudit | user=jenkins1000 | ip=192.168.151.119 | op=SEND_HEARTBEAT {datanodeUUID=4d6fff4c-5cb6-40a3-b677-a76fbdc0054d, command=[]} | ret=SUCCESS |  
2019-09-20 09:33:19,164 [grpc-default-executor-2] INFO  impl.RaftServerProxy (RaftServerProxy.java:addNew(89)) - 4d6fff4c-5cb6-40a3-b677-a76fbdc0054d: addNew group-C3B80024A580:[4d6fff4c-5cb6-40a3-b677-a76fbdc0054d:192.168.151.119:46744] returns group-C3B80024A580:java.util.concurrent.CompletableFuture@1141b426[Not completed]
2019-09-20 09:33:19,172 [pool-148-thread-1] INFO  impl.RaftServerImpl (RaftServerImpl.java:<init>(93)) - 4d6fff4c-5cb6-40a3-b677-a76fbdc0054d: new RaftServerImpl for group-C3B80024A580:[4d6fff4c-5cb6-40a3-b677-a76fbdc0054d:192.168.151.119:46744] with ContainerStateMachine:uninitialized
2019-09-20 09:33:19,172 [pool-148-thread-1] INFO  server.RaftServerConfigKeys (ConfUtils.java:logGet(43)) - raft.server.rpc.timeout.min = 5s (custom)
2019-09-20 09:33:19,172 [pool-148-thread-1] INFO  server.RaftServerConfigKeys (ConfUtils.java:logGet(43)) - raft.server.rpc.timeout.max = 5200ms (custom)
2019-09-20 09:33:19,172 [pool-148-thread-1] INFO  server.RaftServerConfigKeys (ConfUtils.java:logGet(43)) - raft.server.rpcslowness.timeout = 120s (custom)
2019-09-20 09:33:19,172 [pool-148-thread-1] INFO  server.RaftServerConfigKeys (ConfUtils.java:logGet(43)) - raft.server.sleep.deviation.threshold = 300 (default)
2019-09-20 09:33:19,173 [pool-148-thread-1] INFO  server.RaftServerConfigKeys (ConfUtils.java:logGet(43)) - raft.server.log.appender.install.snapshot.enabled = false (custom)
2019-09-20 09:33:19,173 [pool-148-thread-1] INFO  impl.RaftServerImpl (ServerState.java:<init>(105)) - 4d6fff4c-5cb6-40a3-b677-a76fbdc0054d:group-C3B80024A580 ConfigurationManager, init=-1: [4d6fff4c-5cb6-40a3-b677-a76fbdc0054d:192.168.151.119:46744], old=null, confs=<EMPTY_MAP>
2019-09-20 09:33:19,173 [pool-148-thread-1] INFO  server.RaftServerConfigKeys (ConfUtils.java:logGet(43)) - raft.server.storage.dir = [/workdir/hadoop-ozone/integration-test/target/test-dir/MiniOzoneClusterImpl-b51a347c-4d32-49ce-97bb-8b27036901e7/datanode-2/data/ratis] (custom)
2019-09-20 09:33:19,174 [pool-148-thread-1] INFO  storage.RaftStorageDirectory (RaftStorageDirectory.java:analyzeStorage(246)) - The storage directory /workdir/hadoop-ozone/integration-test/target/test-dir/MiniOzoneClusterImpl-b51a347c-4d32-49ce-97bb-8b27036901e7/datanode-2/data/ratis/7ccf7e89-21ca-470b-9a90-c3b80024a580 does not exist. Creating ...
2019-09-20 09:33:19,188 [pool-148-thread-1] INFO  storage.RaftStorageDirectory (RaftStorageDirectory.java:tryLock(328)) - Lock on /workdir/hadoop-ozone/integration-test/target/test-dir/MiniOzoneClusterImpl-b51a347c-4d32-49ce-97bb-8b27036901e7/datanode-2/data/ratis/7ccf7e89-21ca-470b-9a90-c3b80024a580/in_use.lock acquired by nodename 20900@pr-hdds-2034-wmsbd-1222111393
2019-09-20 09:33:19,201 [pool-148-thread-1] INFO  storage.RaftStorage (RaftStorage.java:format(72)) - Storage directory /workdir/hadoop-ozone/integration-test/target/test-dir/MiniOzoneClusterImpl-b51a347c-4d32-49ce-97bb-8b27036901e7/datanode-2/data/ratis/7ccf7e89-21ca-470b-9a90-c3b80024a580 has been successfully formatted.
2019-09-20 09:33:19,202 [pool-148-thread-1] INFO  ratis.ContainerStateMachine (ContainerStateMachine.java:loadSnapshot(226)) - group-C3B80024A580: The snapshot info is null. Setting the last applied indexto:(t:0, i:~)
2019-09-20 09:33:19,202 [pool-148-thread-1] INFO  server.RaftServerConfigKeys (ConfUtils.java:logGet(43)) - raft.server.leader.election.timeout = 120s (custom)
2019-09-20 09:33:19,202 [pool-148-thread-1] INFO  server.RaftServerConfigKeys (ConfUtils.java:logGet(43)) - raft.server.log.use.memory = false (default)
2019-09-20 09:33:19,202 [pool-148-thread-1] INFO  server.RaftServerConfigKeys (ConfUtils.java:logGet(43)) - raft.server.log.purge.gap = 1000000 (custom)
2019-09-20 09:33:19,202 [pool-148-thread-1] INFO  server.RaftServerConfigKeys (ConfUtils.java:logGet(43)) - raft.server.log.appender.buffer.byte-limit = 33554432 (custom)
2019-09-20 09:33:19,203 [pool-148-thread-1] INFO  server.RaftServerConfigKeys (ConfUtils.java:logGet(43)) - raft.server.log.segment.size.max = 1048576 (custom)
2019-09-20 09:33:19,203 [pool-148-thread-1] INFO  server.RaftServerConfigKeys (ConfUtils.java:logGet(43)) - raft.server.log.segment.cache.num.max = 2 (custom)
2019-09-20 09:33:19,203 [pool-148-thread-1] INFO  segmented.SegmentedRaftLogWorker (SegmentedRaftLogWorker.java:<init>(172)) - new 4d6fff4c-5cb6-40a3-b677-a76fbdc0054d-SegmentedRaftLogWorker:Storage Directory /workdir/hadoop-ozone/integration-test/target/test-dir/MiniOzoneClusterImpl-b51a347c-4d32-49ce-97bb-8b27036901e7/datanode-2/data/ratis/7ccf7e89-21ca-470b-9a90-c3b80024a580 for RaftStorage:Storage Directory /workdir/hadoop-ozone/integration-test/target/test-dir/MiniOzoneClusterImpl-b51a347c-4d32-49ce-97bb-8b27036901e7/datanode-2/data/ratis/7ccf7e89-21ca-470b-9a90-c3b80024a580
2019-09-20 09:33:19,203 [pool-148-thread-1] INFO  server.RaftServerConfigKeys (ConfUtils.java:logGet(43)) - raft.server.log.queue.byte-limit = 2147483647 (custom)
2019-09-20 09:33:19,203 [pool-148-thread-1] INFO  server.RaftServerConfigKeys (ConfUtils.java:logGet(43)) - raft.server.log.queue.element-limit = 1024 (custom)
2019-09-20 09:33:19,204 [pool-148-thread-1] INFO  server.RaftServerConfigKeys (ConfUtils.java:logGet(43)) - raft.server.log.segment.size.max = 1048576 (custom)
2019-09-20 09:33:19,204 [pool-148-thread-1] INFO  server.RaftServerConfigKeys (ConfUtils.java:logGet(43)) - raft.server.log.preallocated.size = 16384 (custom)
2019-09-20 09:33:19,204 [pool-148-thread-1] INFO  server.RaftServerConfigKeys (ConfUtils.java:logGet(43)) - raft.server.log.write.buffer.size = 33554432 (custom)
2019-09-20 09:33:19,204 [pool-148-thread-1] INFO  server.RaftServerConfigKeys (ConfUtils.java:logGet(43)) - raft.server.log.force.sync.num = 128 (default)
2019-09-20 09:33:19,204 [pool-148-thread-1] INFO  server.RaftServerConfigKeys (ConfUtils.java:logGet(43)) - raft.server.log.statemachine.data.sync = true (default)
2019-09-20 09:33:19,205 [pool-148-thread-1] INFO  server.RaftServerConfigKeys (ConfUtils.java:logGet(43)) - raft.server.log.statemachine.data.sync.timeout = 10s (default)
2019-09-20 09:33:19,205 [pool-148-thread-1] INFO  server.RaftServerConfigKeys (ConfUtils.java:logGet(43)) - raft.server.log.statemachine.data.sync.timeout.retry = -1 (default)
2019-09-20 09:33:19,205 [pool-148-thread-1] INFO  server.RaftServerConfigKeys (ConfUtils.java:logGet(43)) - raft.server.log.statemachine.data.caching.enabled = true (custom)
2019-09-20 09:33:19,206 [pool-148-thread-1] INFO  segmented.SegmentedRaftLogWorker (SegmentedRaftLogWorker.java:lambda$new$0(132)) - 4d6fff4c-5cb6-40a3-b677-a76fbdc0054d-SegmentedRaftLogWorker:Storage Directory /workdir/hadoop-ozone/integration-test/target/test-dir/MiniOzoneClusterImpl-b51a347c-4d32-49ce-97bb-8b27036901e7/datanode-2/data/ratis/7ccf7e89-21ca-470b-9a90-c3b80024a580: flushIndex: setUnconditionally 0 -> -1
2019-09-20 09:33:19,206 [pool-148-thread-1] INFO  server.RaftServerConfigKeys (ConfUtils.java:logGet(43)) - raft.server.snapshot.auto.trigger.enabled = true (custom)
2019-09-20 09:33:19,206 [pool-148-thread-1] INFO  server.RaftServerConfigKeys (ConfUtils.java:logGet(43)) - raft.server.snapshot.auto.trigger.threshold = 10000 (custom)
2019-09-20 09:33:19,206 [pool-148-thread-1] INFO  server.RaftServerConfigKeys (ConfUtils.java:logGet(43)) - raft.server.retrycache.expirytime = 600000ms (custom)
2019-09-20 09:33:19,207 [pool-148-thread-1] INFO  impl.RaftServerImpl (RaftServerImpl.java:start(180)) - 4d6fff4c-5cb6-40a3-b677-a76fbdc0054d: start group-C3B80024A580
2019-09-20 09:33:19,207 [pool-148-thread-1] INFO  impl.RaftServerImpl (RaftServerImpl.java:setRole(171)) - 4d6fff4c-5cb6-40a3-b677-a76fbdc0054d:group-C3B80024A580 changes role from null to FOLLOWER at term 0 for startAsFollower
2019-09-20 09:33:19,207 [pool-148-thread-1] INFO  impl.RoleInfo (RoleInfo.java:updateAndGet(143)) - 4d6fff4c-5cb6-40a3-b677-a76fbdc0054d: start FollowerState
2019-09-20 09:33:19,207 [pool-148-thread-1] INFO  util.JmxRegister (JmxRegister.java:tryRegister(44)) - Successfully registered JMX Bean with object name Ratis:service=RaftServer,group=group-C3B80024A580,id=4d6fff4c-5cb6-40a3-b677-a76fbdc0054d
2019-09-20 09:33:19,209 [Command processor thread] INFO  commandhandler.CreatePipelineCommandHandler (CreatePipelineCommandHandler.java:handle(112)) - Create Pipeline RATIS ONE #PipelineID=7ccf7e89-21ca-470b-9a90-c3b80024a580 command succeed on datanode 4d6fff4c-5cb6-40a3-b677-a76fbdc0054d.
2019-09-20 09:33:19,215 [grpc-default-executor-2] INFO  impl.RaftServerProxy (RaftServerProxy.java:addNew(89)) - 4d6fff4c-5cb6-40a3-b677-a76fbdc0054d: addNew group-13440712A48A:[d072c18a-1b53-41d5-bae5-b82be0790279:192.168.151.119:38666, 37b777df-de08-4da5-9630-325a3e0e88a6:192.168.151.119:35524, 4d6fff4c-5cb6-40a3-b677-a76fbdc0054d:192.168.151.119:46744] returns group-13440712A48A:java.util.concurrent.CompletableFuture@2287996[Not completed]
2019-09-20 09:33:19,216 [pool-148-thread-1] INFO  impl.RaftServerImpl (RaftServerImpl.java:<init>(93)) - 4d6fff4c-5cb6-40a3-b677-a76fbdc0054d: new RaftServerImpl for group-13440712A48A:[d072c18a-1b53-41d5-bae5-b82be0790279:192.168.151.119:38666, 37b777df-de08-4da5-9630-325a3e0e88a6:192.168.151.119:35524, 4d6fff4c-5cb6-40a3-b677-a76fbdc0054d:192.168.151.119:46744] with ContainerStateMachine:uninitialized
2019-09-20 09:33:19,216 [pool-148-thread-1] INFO  server.RaftServerConfigKeys (ConfUtils.java:logGet(43)) - raft.server.rpc.timeout.min = 5s (custom)
2019-09-20 09:33:19,216 [pool-148-thread-1] INFO  server.RaftServerConfigKeys (ConfUtils.java:logGet(43)) - raft.server.rpc.timeout.max = 5200ms (custom)
2019-09-20 09:33:19,216 [pool-148-thread-1] INFO  server.RaftServerConfigKeys (ConfUtils.java:logGet(43)) - raft.server.rpcslowness.timeout = 120s (custom)
2019-09-20 09:33:19,216 [pool-148-thread-1] INFO  server.RaftServerConfigKeys (ConfUtils.java:logGet(43)) - raft.server.sleep.deviation.threshold = 300 (default)
2019-09-20 09:33:19,217 [pool-148-thread-1] INFO  server.RaftServerConfigKeys (ConfUtils.java:logGet(43)) - raft.server.log.appender.install.snapshot.enabled = false (custom)
2019-09-20 09:33:19,217 [pool-148-thread-1] INFO  impl.RaftServerImpl (ServerState.java:<init>(105)) - 4d6fff4c-5cb6-40a3-b677-a76fbdc0054d:group-13440712A48A ConfigurationManager, init=-1: [d072c18a-1b53-41d5-bae5-b82be0790279:192.168.151.119:38666, 37b777df-de08-4da5-9630-325a3e0e88a6:192.168.151.119:35524, 4d6fff4c-5cb6-40a3-b677-a76fbdc0054d:192.168.151.119:46744], old=null, confs=<EMPTY_MAP>
2019-09-20 09:33:19,217 [pool-148-thread-1] INFO  server.RaftServerConfigKeys (ConfUtils.java:logGet(43)) - raft.server.storage.dir = [/workdir/hadoop-ozone/integration-test/target/test-dir/MiniOzoneClusterImpl-b51a347c-4d32-49ce-97bb-8b27036901e7/datanode-2/data/ratis] (custom)
2019-09-20 09:33:19,217 [pool-148-thread-1] INFO  storage.RaftStorageDirectory (RaftStorageDirectory.java:analyzeStorage(246)) - The storage directory /workdir/hadoop-ozone/integration-test/target/test-dir/MiniOzoneClusterImpl-b51a347c-4d32-49ce-97bb-8b27036901e7/datanode-2/data/ratis/6b21fe18-2200-4b20-94b6-13440712a48a does not exist. Creating ...
2019-09-20 09:33:19,230 [pool-148-thread-1] INFO  storage.RaftStorageDirectory (RaftStorageDirectory.java:tryLock(328)) - Lock on /workdir/hadoop-ozone/integration-test/target/test-dir/MiniOzoneClusterImpl-b51a347c-4d32-49ce-97bb-8b27036901e7/datanode-2/data/ratis/6b21fe18-2200-4b20-94b6-13440712a48a/in_use.lock acquired by nodename 20900@pr-hdds-2034-wmsbd-1222111393
2019-09-20 09:33:19,244 [pool-148-thread-1] INFO  storage.RaftStorage (RaftStorage.java:format(72)) - Storage directory /workdir/hadoop-ozone/integration-test/target/test-dir/MiniOzoneClusterImpl-b51a347c-4d32-49ce-97bb-8b27036901e7/datanode-2/data/ratis/6b21fe18-2200-4b20-94b6-13440712a48a has been successfully formatted.
2019-09-20 09:33:19,244 [pool-148-thread-1] INFO  ratis.ContainerStateMachine (ContainerStateMachine.java:loadSnapshot(226)) - group-13440712A48A: The snapshot info is null. Setting the last applied indexto:(t:0, i:~)
2019-09-20 09:33:19,244 [pool-148-thread-1] INFO  server.RaftServerConfigKeys (ConfUtils.java:logGet(43)) - raft.server.leader.election.timeout = 120s (custom)
2019-09-20 09:33:19,244 [pool-148-thread-1] INFO  server.RaftServerConfigKeys (ConfUtils.java:logGet(43)) - raft.server.log.use.memory = false (default)
2019-09-20 09:33:19,244 [pool-148-thread-1] INFO  server.RaftServerConfigKeys (ConfUtils.java:logGet(43)) - raft.server.log.purge.gap = 1000000 (custom)
2019-09-20 09:33:19,245 [pool-148-thread-1] INFO  server.RaftServerConfigKeys (ConfUtils.java:logGet(43)) - raft.server.log.appender.buffer.byte-limit = 33554432 (custom)
2019-09-20 09:33:19,245 [pool-148-thread-1] INFO  server.RaftServerConfigKeys (ConfUtils.java:logGet(43)) - raft.server.log.segment.size.max = 1048576 (custom)
2019-09-20 09:33:19,245 [pool-148-thread-1] INFO  server.RaftServerConfigKeys (ConfUtils.java:logGet(43)) - raft.server.log.segment.cache.num.max = 2 (custom)
2019-09-20 09:33:19,245 [pool-148-thread-1] INFO  segmented.SegmentedRaftLogWorker (SegmentedRaftLogWorker.java:<init>(172)) - new 4d6fff4c-5cb6-40a3-b677-a76fbdc0054d-SegmentedRaftLogWorker:Storage Directory /workdir/hadoop-ozone/integration-test/target/test-dir/MiniOzoneClusterImpl-b51a347c-4d32-49ce-97bb-8b27036901e7/datanode-2/data/ratis/6b21fe18-2200-4b20-94b6-13440712a48a for RaftStorage:Storage Directory /workdir/hadoop-ozone/integration-test/target/test-dir/MiniOzoneClusterImpl-b51a347c-4d32-49ce-97bb-8b27036901e7/datanode-2/data/ratis/6b21fe18-2200-4b20-94b6-13440712a48a
2019-09-20 09:33:19,245 [pool-148-thread-1] INFO  server.RaftServerConfigKeys (ConfUtils.java:logGet(43)) - raft.server.log.queue.byte-limit = 2147483647 (custom)
2019-09-20 09:33:19,245 [pool-148-thread-1] INFO  server.RaftServerConfigKeys (ConfUtils.java:logGet(43)) - raft.server.log.queue.element-limit = 1024 (custom)
2019-09-20 09:33:19,245 [pool-148-thread-1] INFO  server.RaftServerConfigKeys (ConfUtils.java:logGet(43)) - raft.server.log.segment.size.max = 1048576 (custom)
2019-09-20 09:33:19,246 [pool-148-thread-1] INFO  server.RaftServerConfigKeys (ConfUtils.java:logGet(43)) - raft.server.log.preallocated.size = 16384 (custom)
2019-09-20 09:33:19,246 [pool-148-thread-1] INFO  server.RaftServerConfigKeys (ConfUtils.java:logGet(43)) - raft.server.log.write.buffer.size = 33554432 (custom)
2019-09-20 09:33:19,246 [pool-148-thread-1] INFO  server.RaftServerConfigKeys (ConfUtils.java:logGet(43)) - raft.server.log.force.sync.num = 128 (default)
2019-09-20 09:33:19,246 [pool-148-thread-1] INFO  server.RaftServerConfigKeys (ConfUtils.java:logGet(43)) - raft.server.log.statemachine.data.sync = true (default)
2019-09-20 09:33:19,246 [pool-148-thread-1] INFO  server.RaftServerConfigKeys (ConfUtils.java:logGet(43)) - raft.server.log.statemachine.data.sync.timeout = 10s (default)
2019-09-20 09:33:19,246 [pool-148-thread-1] INFO  server.RaftServerConfigKeys (ConfUtils.java:logGet(43)) - raft.server.log.statemachine.data.sync.timeout.retry = -1 (default)
2019-09-20 09:33:19,246 [pool-148-thread-1] INFO  server.RaftServerConfigKeys (ConfUtils.java:logGet(43)) - raft.server.log.statemachine.data.caching.enabled = true (custom)
2019-09-20 09:33:19,247 [pool-148-thread-1] INFO  segmented.SegmentedRaftLogWorker (SegmentedRaftLogWorker.java:lambda$new$0(132)) - 4d6fff4c-5cb6-40a3-b677-a76fbdc0054d-SegmentedRaftLogWorker:Storage Directory /workdir/hadoop-ozone/integration-test/target/test-dir/MiniOzoneClusterImpl-b51a347c-4d32-49ce-97bb-8b27036901e7/datanode-2/data/ratis/6b21fe18-2200-4b20-94b6-13440712a48a: flushIndex: setUnconditionally 0 -> -1
2019-09-20 09:33:19,247 [pool-148-thread-1] INFO  server.RaftServerConfigKeys (ConfUtils.java:logGet(43)) - raft.server.snapshot.auto.trigger.enabled = true (custom)
2019-09-20 09:33:19,247 [pool-148-thread-1] INFO  server.RaftServerConfigKeys (ConfUtils.java:logGet(43)) - raft.server.snapshot.auto.trigger.threshold = 10000 (custom)
2019-09-20 09:33:19,247 [pool-148-thread-1] INFO  server.RaftServerConfigKeys (ConfUtils.java:logGet(43)) - raft.server.retrycache.expirytime = 600000ms (custom)
2019-09-20 09:33:19,248 [pool-148-thread-1] INFO  impl.RaftServerImpl (RaftServerImpl.java:start(180)) - 4d6fff4c-5cb6-40a3-b677-a76fbdc0054d: start group-13440712A48A
2019-09-20 09:33:19,248 [pool-148-thread-1] INFO  impl.RaftServerImpl (RaftServerImpl.java:setRole(171)) - 4d6fff4c-5cb6-40a3-b677-a76fbdc0054d:group-13440712A48A changes role from null to FOLLOWER at term 0 for startAsFollower
2019-09-20 09:33:19,248 [pool-148-thread-1] INFO  impl.RoleInfo (RoleInfo.java:updateAndGet(143)) - 4d6fff4c-5cb6-40a3-b677-a76fbdc0054d: start FollowerState
2019-09-20 09:33:19,248 [pool-148-thread-1] INFO  util.JmxRegister (JmxRegister.java:tryRegister(44)) - Successfully registered JMX Bean with object name Ratis:service=RaftServer,group=group-13440712A48A,id=4d6fff4c-5cb6-40a3-b677-a76fbdc0054d
2019-09-20 09:33:19,250 [Command processor thread] INFO  commandhandler.CreatePipelineCommandHandler (CreatePipelineCommandHandler.java:handle(112)) - Create Pipeline RATIS THREE #PipelineID=6b21fe18-2200-4b20-94b6-13440712a48a command succeed on datanode 4d6fff4c-5cb6-40a3-b677-a76fbdc0054d.
2019-09-20 09:33:19,390 | INFO  | SCMAudit | user=jenkins1000 | ip=192.168.151.119 | op=SEND_HEARTBEAT {datanodeUUID=ba1e65fe-7169-476d-a778-4df70d7cdd6e, command=[]} | ret=SUCCESS |  
2019-09-20 09:33:19,398 [grpc-default-executor-2] INFO  impl.RaftServerProxy (RaftServerProxy.java:addNew(89)) - ba1e65fe-7169-476d-a778-4df70d7cdd6e: addNew group-BC63DA3246AA:[ba1e65fe-7169-476d-a778-4df70d7cdd6e:192.168.151.119:46724] returns group-BC63DA3246AA:java.util.concurrent.CompletableFuture@37b0af70[Not completed]
2019-09-20 09:33:19,405 [pool-159-thread-1] INFO  impl.RaftServerImpl (RaftServerImpl.java:<init>(93)) - ba1e65fe-7169-476d-a778-4df70d7cdd6e: new RaftServerImpl for group-BC63DA3246AA:[ba1e65fe-7169-476d-a778-4df70d7cdd6e:192.168.151.119:46724] with ContainerStateMachine:uninitialized
2019-09-20 09:33:19,405 [pool-159-thread-1] INFO  server.RaftServerConfigKeys (ConfUtils.java:logGet(43)) - raft.server.rpc.timeout.min = 5s (custom)
2019-09-20 09:33:19,405 [pool-159-thread-1] INFO  server.RaftServerConfigKeys (ConfUtils.java:logGet(43)) - raft.server.rpc.timeout.max = 5200ms (custom)
2019-09-20 09:33:19,405 [pool-159-thread-1] INFO  server.RaftServerConfigKeys (ConfUtils.java:logGet(43)) - raft.server.rpcslowness.timeout = 120s (custom)
2019-09-20 09:33:19,406 [pool-159-thread-1] INFO  server.RaftServerConfigKeys (ConfUtils.java:logGet(43)) - raft.server.sleep.deviation.threshold = 300 (default)
2019-09-20 09:33:19,406 [pool-159-thread-1] INFO  server.RaftServerConfigKeys (ConfUtils.java:logGet(43)) - raft.server.log.appender.install.snapshot.enabled = false (custom)
2019-09-20 09:33:19,406 [pool-159-thread-1] INFO  impl.RaftServerImpl (ServerState.java:<init>(105)) - ba1e65fe-7169-476d-a778-4df70d7cdd6e:group-BC63DA3246AA ConfigurationManager, init=-1: [ba1e65fe-7169-476d-a778-4df70d7cdd6e:192.168.151.119:46724], old=null, confs=<EMPTY_MAP>
2019-09-20 09:33:19,406 [pool-159-thread-1] INFO  server.RaftServerConfigKeys (ConfUtils.java:logGet(43)) - raft.server.storage.dir = [/workdir/hadoop-ozone/integration-test/target/test-dir/MiniOzoneClusterImpl-b51a347c-4d32-49ce-97bb-8b27036901e7/datanode-3/data/ratis] (custom)
2019-09-20 09:33:19,407 [pool-159-thread-1] INFO  storage.RaftStorageDirectory (RaftStorageDirectory.java:analyzeStorage(246)) - The storage directory /workdir/hadoop-ozone/integration-test/target/test-dir/MiniOzoneClusterImpl-b51a347c-4d32-49ce-97bb-8b27036901e7/datanode-3/data/ratis/3fe5f95f-621c-4581-a628-bc63da3246aa does not exist. Creating ...
2019-09-20 09:33:19,420 [pool-159-thread-1] INFO  storage.RaftStorageDirectory (RaftStorageDirectory.java:tryLock(328)) - Lock on /workdir/hadoop-ozone/integration-test/target/test-dir/MiniOzoneClusterImpl-b51a347c-4d32-49ce-97bb-8b27036901e7/datanode-3/data/ratis/3fe5f95f-621c-4581-a628-bc63da3246aa/in_use.lock acquired by nodename 20900@pr-hdds-2034-wmsbd-1222111393
2019-09-20 09:33:19,433 [pool-159-thread-1] INFO  storage.RaftStorage (RaftStorage.java:format(72)) - Storage directory /workdir/hadoop-ozone/integration-test/target/test-dir/MiniOzoneClusterImpl-b51a347c-4d32-49ce-97bb-8b27036901e7/datanode-3/data/ratis/3fe5f95f-621c-4581-a628-bc63da3246aa has been successfully formatted.
2019-09-20 09:33:19,434 [pool-159-thread-1] INFO  ratis.ContainerStateMachine (ContainerStateMachine.java:loadSnapshot(226)) - group-BC63DA3246AA: The snapshot info is null. Setting the last applied indexto:(t:0, i:~)
2019-09-20 09:33:19,434 [pool-159-thread-1] INFO  server.RaftServerConfigKeys (ConfUtils.java:logGet(43)) - raft.server.leader.election.timeout = 120s (custom)
2019-09-20 09:33:19,434 [pool-159-thread-1] INFO  server.RaftServerConfigKeys (ConfUtils.java:logGet(43)) - raft.server.log.use.memory = false (default)
2019-09-20 09:33:19,434 [pool-159-thread-1] INFO  server.RaftServerConfigKeys (ConfUtils.java:logGet(43)) - raft.server.log.purge.gap = 1000000 (custom)
2019-09-20 09:33:19,434 [pool-159-thread-1] INFO  server.RaftServerConfigKeys (ConfUtils.java:logGet(43)) - raft.server.log.appender.buffer.byte-limit = 33554432 (custom)
2019-09-20 09:33:19,435 [pool-159-thread-1] INFO  server.RaftServerConfigKeys (ConfUtils.java:logGet(43)) - raft.server.log.segment.size.max = 1048576 (custom)
2019-09-20 09:33:19,435 [pool-159-thread-1] INFO  server.RaftServerConfigKeys (ConfUtils.java:logGet(43)) - raft.server.log.segment.cache.num.max = 2 (custom)
2019-09-20 09:33:19,435 [pool-159-thread-1] INFO  segmented.SegmentedRaftLogWorker (SegmentedRaftLogWorker.java:<init>(172)) - new ba1e65fe-7169-476d-a778-4df70d7cdd6e-SegmentedRaftLogWorker:Storage Directory /workdir/hadoop-ozone/integration-test/target/test-dir/MiniOzoneClusterImpl-b51a347c-4d32-49ce-97bb-8b27036901e7/datanode-3/data/ratis/3fe5f95f-621c-4581-a628-bc63da3246aa for RaftStorage:Storage Directory /workdir/hadoop-ozone/integration-test/target/test-dir/MiniOzoneClusterImpl-b51a347c-4d32-49ce-97bb-8b27036901e7/datanode-3/data/ratis/3fe5f95f-621c-4581-a628-bc63da3246aa
2019-09-20 09:33:19,435 [pool-159-thread-1] INFO  server.RaftServerConfigKeys (ConfUtils.java:logGet(43)) - raft.server.log.queue.byte-limit = 2147483647 (custom)
2019-09-20 09:33:19,435 [pool-159-thread-1] INFO  server.RaftServerConfigKeys (ConfUtils.java:logGet(43)) - raft.server.log.queue.element-limit = 1024 (custom)
2019-09-20 09:33:19,436 [pool-159-thread-1] INFO  server.RaftServerConfigKeys (ConfUtils.java:logGet(43)) - raft.server.log.segment.size.max = 1048576 (custom)
2019-09-20 09:33:19,436 [pool-159-thread-1] INFO  server.RaftServerConfigKeys (ConfUtils.java:logGet(43)) - raft.server.log.preallocated.size = 16384 (custom)
2019-09-20 09:33:19,436 [pool-159-thread-1] INFO  server.RaftServerConfigKeys (ConfUtils.java:logGet(43)) - raft.server.log.write.buffer.size = 33554432 (custom)
2019-09-20 09:33:19,436 [pool-159-thread-1] INFO  server.RaftServerConfigKeys (ConfUtils.java:logGet(43)) - raft.server.log.force.sync.num = 128 (default)
2019-09-20 09:33:19,436 [pool-159-thread-1] INFO  server.RaftServerConfigKeys (ConfUtils.java:logGet(43)) - raft.server.log.statemachine.data.sync = true (default)
2019-09-20 09:33:19,436 [pool-159-thread-1] INFO  server.RaftServerConfigKeys (ConfUtils.java:logGet(43)) - raft.server.log.statemachine.data.sync.timeout = 10s (default)
2019-09-20 09:33:19,437 [pool-159-thread-1] INFO  server.RaftServerConfigKeys (ConfUtils.java:logGet(43)) - raft.server.log.statemachine.data.sync.timeout.retry = -1 (default)
2019-09-20 09:33:19,437 [pool-159-thread-1] INFO  server.RaftServerConfigKeys (ConfUtils.java:logGet(43)) - raft.server.log.statemachine.data.caching.enabled = true (custom)
2019-09-20 09:33:19,437 [pool-159-thread-1] INFO  segmented.SegmentedRaftLogWorker (SegmentedRaftLogWorker.java:lambda$new$0(132)) - ba1e65fe-7169-476d-a778-4df70d7cdd6e-SegmentedRaftLogWorker:Storage Directory /workdir/hadoop-ozone/integration-test/target/test-dir/MiniOzoneClusterImpl-b51a347c-4d32-49ce-97bb-8b27036901e7/datanode-3/data/ratis/3fe5f95f-621c-4581-a628-bc63da3246aa: flushIndex: setUnconditionally 0 -> -1
2019-09-20 09:33:19,438 [pool-159-thread-1] INFO  server.RaftServerConfigKeys (ConfUtils.java:logGet(43)) - raft.server.snapshot.auto.trigger.enabled = true (custom)
2019-09-20 09:33:19,438 [pool-159-thread-1] INFO  server.RaftServerConfigKeys (ConfUtils.java:logGet(43)) - raft.server.snapshot.auto.trigger.threshold = 10000 (custom)
2019-09-20 09:33:19,438 [pool-159-thread-1] INFO  server.RaftServerConfigKeys (ConfUtils.java:logGet(43)) - raft.server.retrycache.expirytime = 600000ms (custom)
2019-09-20 09:33:19,438 [pool-159-thread-1] INFO  impl.RaftServerImpl (RaftServerImpl.java:start(180)) - ba1e65fe-7169-476d-a778-4df70d7cdd6e: start group-BC63DA3246AA
2019-09-20 09:33:19,438 [pool-159-thread-1] INFO  impl.RaftServerImpl (RaftServerImpl.java:setRole(171)) - ba1e65fe-7169-476d-a778-4df70d7cdd6e:group-BC63DA3246AA changes role from null to FOLLOWER at term 0 for startAsFollower
2019-09-20 09:33:19,439 [pool-159-thread-1] INFO  impl.RoleInfo (RoleInfo.java:updateAndGet(143)) - ba1e65fe-7169-476d-a778-4df70d7cdd6e: start FollowerState
2019-09-20 09:33:19,439 [pool-159-thread-1] INFO  util.JmxRegister (JmxRegister.java:tryRegister(44)) - Successfully registered JMX Bean with object name Ratis:service=RaftServer,group=group-BC63DA3246AA,id=ba1e65fe-7169-476d-a778-4df70d7cdd6e
2019-09-20 09:33:19,442 [Command processor thread] INFO  commandhandler.CreatePipelineCommandHandler (CreatePipelineCommandHandler.java:handle(112)) - Create Pipeline RATIS ONE #PipelineID=3fe5f95f-621c-4581-a628-bc63da3246aa command succeed on datanode ba1e65fe-7169-476d-a778-4df70d7cdd6e.
2019-09-20 09:33:19,447 [grpc-default-executor-2] INFO  impl.RaftServerProxy (RaftServerProxy.java:addNew(89)) - ba1e65fe-7169-476d-a778-4df70d7cdd6e: addNew group-26BA44E1C42B:[d4fa05df-3099-4015-ad0e-4200365d2035:192.168.151.119:43786, 10741cbd-d620-4a9b-9e67-51db8a2e0e6a:192.168.151.119:43615, ba1e65fe-7169-476d-a778-4df70d7cdd6e:192.168.151.119:46724] returns group-26BA44E1C42B:java.util.concurrent.CompletableFuture@484301e5[Not completed]
2019-09-20 09:33:19,449 [pool-159-thread-1] INFO  impl.RaftServerImpl (RaftServerImpl.java:<init>(93)) - ba1e65fe-7169-476d-a778-4df70d7cdd6e: new RaftServerImpl for group-26BA44E1C42B:[d4fa05df-3099-4015-ad0e-4200365d2035:192.168.151.119:43786, 10741cbd-d620-4a9b-9e67-51db8a2e0e6a:192.168.151.119:43615, ba1e65fe-7169-476d-a778-4df70d7cdd6e:192.168.151.119:46724] with ContainerStateMachine:uninitialized
2019-09-20 09:33:19,449 [pool-159-thread-1] INFO  server.RaftServerConfigKeys (ConfUtils.java:logGet(43)) - raft.server.rpc.timeout.min = 5s (custom)
2019-09-20 09:33:19,449 [pool-159-thread-1] INFO  server.RaftServerConfigKeys (ConfUtils.java:logGet(43)) - raft.server.rpc.timeout.max = 5200ms (custom)
2019-09-20 09:33:19,449 [pool-159-thread-1] INFO  server.RaftServerConfigKeys (ConfUtils.java:logGet(43)) - raft.server.rpcslowness.timeout = 120s (custom)
2019-09-20 09:33:19,449 [pool-159-thread-1] INFO  server.RaftServerConfigKeys (ConfUtils.java:logGet(43)) - raft.server.sleep.deviation.threshold = 300 (default)
2019-09-20 09:33:19,449 [pool-159-thread-1] INFO  server.RaftServerConfigKeys (ConfUtils.java:logGet(43)) - raft.server.log.appender.install.snapshot.enabled = false (custom)
2019-09-20 09:33:19,449 [pool-159-thread-1] INFO  impl.RaftServerImpl (ServerState.java:<init>(105)) - ba1e65fe-7169-476d-a778-4df70d7cdd6e:group-26BA44E1C42B ConfigurationManager, init=-1: [d4fa05df-3099-4015-ad0e-4200365d2035:192.168.151.119:43786, 10741cbd-d620-4a9b-9e67-51db8a2e0e6a:192.168.151.119:43615, ba1e65fe-7169-476d-a778-4df70d7cdd6e:192.168.151.119:46724], old=null, confs=<EMPTY_MAP>
2019-09-20 09:33:19,450 [pool-159-thread-1] INFO  server.RaftServerConfigKeys (ConfUtils.java:logGet(43)) - raft.server.storage.dir = [/workdir/hadoop-ozone/integration-test/target/test-dir/MiniOzoneClusterImpl-b51a347c-4d32-49ce-97bb-8b27036901e7/datanode-3/data/ratis] (custom)
2019-09-20 09:33:19,450 [pool-159-thread-1] INFO  storage.RaftStorageDirectory (RaftStorageDirectory.java:analyzeStorage(246)) - The storage directory /workdir/hadoop-ozone/integration-test/target/test-dir/MiniOzoneClusterImpl-b51a347c-4d32-49ce-97bb-8b27036901e7/datanode-3/data/ratis/72ec9e48-db96-4ff8-ab10-26ba44e1c42b does not exist. Creating ...
2019-09-20 09:33:19,463 [pool-159-thread-1] INFO  storage.RaftStorageDirectory (RaftStorageDirectory.java:tryLock(328)) - Lock on /workdir/hadoop-ozone/integration-test/target/test-dir/MiniOzoneClusterImpl-b51a347c-4d32-49ce-97bb-8b27036901e7/datanode-3/data/ratis/72ec9e48-db96-4ff8-ab10-26ba44e1c42b/in_use.lock acquired by nodename 20900@pr-hdds-2034-wmsbd-1222111393
2019-09-20 09:33:19,477 [pool-159-thread-1] INFO  storage.RaftStorage (RaftStorage.java:format(72)) - Storage directory /workdir/hadoop-ozone/integration-test/target/test-dir/MiniOzoneClusterImpl-b51a347c-4d32-49ce-97bb-8b27036901e7/datanode-3/data/ratis/72ec9e48-db96-4ff8-ab10-26ba44e1c42b has been successfully formatted.
2019-09-20 09:33:19,478 [pool-159-thread-1] INFO  ratis.ContainerStateMachine (ContainerStateMachine.java:loadSnapshot(226)) - group-26BA44E1C42B: The snapshot info is null. Setting the last applied indexto:(t:0, i:~)
2019-09-20 09:33:19,478 [pool-159-thread-1] INFO  server.RaftServerConfigKeys (ConfUtils.java:logGet(43)) - raft.server.leader.election.timeout = 120s (custom)
2019-09-20 09:33:19,478 [pool-159-thread-1] INFO  server.RaftServerConfigKeys (ConfUtils.java:logGet(43)) - raft.server.log.use.memory = false (default)
2019-09-20 09:33:19,478 | INFO  | SCMAudit | user=jenkins1000 | ip=192.168.151.119 | op=SEND_HEARTBEAT {datanodeUUID=37b777df-de08-4da5-9630-325a3e0e88a6, command=[]} | ret=SUCCESS |  
2019-09-20 09:33:19,478 [pool-159-thread-1] INFO  server.RaftServerConfigKeys (ConfUtils.java:logGet(43)) - raft.server.log.purge.gap = 1000000 (custom)
2019-09-20 09:33:19,478 [pool-159-thread-1] INFO  server.RaftServerConfigKeys (ConfUtils.java:logGet(43)) - raft.server.log.appender.buffer.byte-limit = 33554432 (custom)
2019-09-20 09:33:19,478 [pool-159-thread-1] INFO  server.RaftServerConfigKeys (ConfUtils.java:logGet(43)) - raft.server.log.segment.size.max = 1048576 (custom)
2019-09-20 09:33:19,478 [pool-159-thread-1] INFO  server.RaftServerConfigKeys (ConfUtils.java:logGet(43)) - raft.server.log.segment.cache.num.max = 2 (custom)
2019-09-20 09:33:19,479 [pool-159-thread-1] INFO  segmented.SegmentedRaftLogWorker (SegmentedRaftLogWorker.java:<init>(172)) - new ba1e65fe-7169-476d-a778-4df70d7cdd6e-SegmentedRaftLogWorker:Storage Directory /workdir/hadoop-ozone/integration-test/target/test-dir/MiniOzoneClusterImpl-b51a347c-4d32-49ce-97bb-8b27036901e7/datanode-3/data/ratis/72ec9e48-db96-4ff8-ab10-26ba44e1c42b for RaftStorage:Storage Directory /workdir/hadoop-ozone/integration-test/target/test-dir/MiniOzoneClusterImpl-b51a347c-4d32-49ce-97bb-8b27036901e7/datanode-3/data/ratis/72ec9e48-db96-4ff8-ab10-26ba44e1c42b
2019-09-20 09:33:19,479 [pool-159-thread-1] INFO  server.RaftServerConfigKeys (ConfUtils.java:logGet(43)) - raft.server.log.queue.byte-limit = 2147483647 (custom)
2019-09-20 09:33:19,479 [pool-159-thread-1] INFO  server.RaftServerConfigKeys (ConfUtils.java:logGet(43)) - raft.server.log.queue.element-limit = 1024 (custom)
2019-09-20 09:33:19,479 [pool-159-thread-1] INFO  server.RaftServerConfigKeys (ConfUtils.java:logGet(43)) - raft.server.log.segment.size.max = 1048576 (custom)
2019-09-20 09:33:19,479 [pool-159-thread-1] INFO  server.RaftServerConfigKeys (ConfUtils.java:logGet(43)) - raft.server.log.preallocated.size = 16384 (custom)
2019-09-20 09:33:19,479 [pool-159-thread-1] INFO  server.RaftServerConfigKeys (ConfUtils.java:logGet(43)) - raft.server.log.write.buffer.size = 33554432 (custom)
2019-09-20 09:33:19,479 [pool-159-thread-1] INFO  server.RaftServerConfigKeys (ConfUtils.java:logGet(43)) - raft.server.log.force.sync.num = 128 (default)
2019-09-20 09:33:19,480 [pool-159-thread-1] INFO  server.RaftServerConfigKeys (ConfUtils.java:logGet(43)) - raft.server.log.statemachine.data.sync = true (default)
2019-09-20 09:33:19,480 [pool-159-thread-1] INFO  server.RaftServerConfigKeys (ConfUtils.java:logGet(43)) - raft.server.log.statemachine.data.sync.timeout = 10s (default)
2019-09-20 09:33:19,480 [pool-159-thread-1] INFO  server.RaftServerConfigKeys (ConfUtils.java:logGet(43)) - raft.server.log.statemachine.data.sync.timeout.retry = -1 (default)
2019-09-20 09:33:19,480 [pool-159-thread-1] INFO  server.RaftServerConfigKeys (ConfUtils.java:logGet(43)) - raft.server.log.statemachine.data.caching.enabled = true (custom)
2019-09-20 09:33:19,480 [pool-159-thread-1] INFO  segmented.SegmentedRaftLogWorker (SegmentedRaftLogWorker.java:lambda$new$0(132)) - ba1e65fe-7169-476d-a778-4df70d7cdd6e-SegmentedRaftLogWorker:Storage Directory /workdir/hadoop-ozone/integration-test/target/test-dir/MiniOzoneClusterImpl-b51a347c-4d32-49ce-97bb-8b27036901e7/datanode-3/data/ratis/72ec9e48-db96-4ff8-ab10-26ba44e1c42b: flushIndex: setUnconditionally 0 -> -1
2019-09-20 09:33:19,481 [pool-159-thread-1] INFO  server.RaftServerConfigKeys (ConfUtils.java:logGet(43)) - raft.server.snapshot.auto.trigger.enabled = true (custom)
2019-09-20 09:33:19,481 [pool-159-thread-1] INFO  server.RaftServerConfigKeys (ConfUtils.java:logGet(43)) - raft.server.snapshot.auto.trigger.threshold = 10000 (custom)
2019-09-20 09:33:19,481 [pool-159-thread-1] INFO  server.RaftServerConfigKeys (ConfUtils.java:logGet(43)) - raft.server.retrycache.expirytime = 600000ms (custom)
2019-09-20 09:33:19,481 [pool-159-thread-1] INFO  impl.RaftServerImpl (RaftServerImpl.java:start(180)) - ba1e65fe-7169-476d-a778-4df70d7cdd6e: start group-26BA44E1C42B
2019-09-20 09:33:19,481 [pool-159-thread-1] INFO  impl.RaftServerImpl (RaftServerImpl.java:setRole(171)) - ba1e65fe-7169-476d-a778-4df70d7cdd6e:group-26BA44E1C42B changes role from null to FOLLOWER at term 0 for startAsFollower
2019-09-20 09:33:19,481 [pool-159-thread-1] INFO  impl.RoleInfo (RoleInfo.java:updateAndGet(143)) - ba1e65fe-7169-476d-a778-4df70d7cdd6e: start FollowerState
2019-09-20 09:33:19,482 [pool-159-thread-1] INFO  util.JmxRegister (JmxRegister.java:tryRegister(44)) - Successfully registered JMX Bean with object name Ratis:service=RaftServer,group=group-26BA44E1C42B,id=ba1e65fe-7169-476d-a778-4df70d7cdd6e
2019-09-20 09:33:19,484 [Command processor thread] INFO  commandhandler.CreatePipelineCommandHandler (CreatePipelineCommandHandler.java:handle(112)) - Create Pipeline RATIS THREE #PipelineID=72ec9e48-db96-4ff8-ab10-26ba44e1c42b command succeed on datanode ba1e65fe-7169-476d-a778-4df70d7cdd6e.
2019-09-20 09:33:19,589 | INFO  | SCMAudit | user=jenkins1000 | ip=192.168.151.119 | op=SEND_HEARTBEAT {datanodeUUID=10741cbd-d620-4a9b-9e67-51db8a2e0e6a, command=[]} | ret=SUCCESS |  
2019-09-20 09:33:19,597 [grpc-default-executor-2] INFO  impl.RaftServerProxy (RaftServerProxy.java:addNew(89)) - 10741cbd-d620-4a9b-9e67-51db8a2e0e6a: addNew group-A09878A86B11:[10741cbd-d620-4a9b-9e67-51db8a2e0e6a:192.168.151.119:43615] returns group-A09878A86B11:java.util.concurrent.CompletableFuture@611d3aa1[Not completed]
2019-09-20 09:33:19,603 [pool-170-thread-1] INFO  impl.RaftServerImpl (RaftServerImpl.java:<init>(93)) - 10741cbd-d620-4a9b-9e67-51db8a2e0e6a: new RaftServerImpl for group-A09878A86B11:[10741cbd-d620-4a9b-9e67-51db8a2e0e6a:192.168.151.119:43615] with ContainerStateMachine:uninitialized
2019-09-20 09:33:19,604 [pool-170-thread-1] INFO  server.RaftServerConfigKeys (ConfUtils.java:logGet(43)) - raft.server.rpc.timeout.min = 5s (custom)
2019-09-20 09:33:19,604 [pool-170-thread-1] INFO  server.RaftServerConfigKeys (ConfUtils.java:logGet(43)) - raft.server.rpc.timeout.max = 5200ms (custom)
2019-09-20 09:33:19,604 [pool-170-thread-1] INFO  server.RaftServerConfigKeys (ConfUtils.java:logGet(43)) - raft.server.rpcslowness.timeout = 120s (custom)
2019-09-20 09:33:19,604 [pool-170-thread-1] INFO  server.RaftServerConfigKeys (ConfUtils.java:logGet(43)) - raft.server.sleep.deviation.threshold = 300 (default)
2019-09-20 09:33:19,604 [pool-170-thread-1] INFO  server.RaftServerConfigKeys (ConfUtils.java:logGet(43)) - raft.server.log.appender.install.snapshot.enabled = false (custom)
2019-09-20 09:33:19,604 [pool-170-thread-1] INFO  impl.RaftServerImpl (ServerState.java:<init>(105)) - 10741cbd-d620-4a9b-9e67-51db8a2e0e6a:group-A09878A86B11 ConfigurationManager, init=-1: [10741cbd-d620-4a9b-9e67-51db8a2e0e6a:192.168.151.119:43615], old=null, confs=<EMPTY_MAP>
2019-09-20 09:33:19,604 [pool-170-thread-1] INFO  server.RaftServerConfigKeys (ConfUtils.java:logGet(43)) - raft.server.storage.dir = [/workdir/hadoop-ozone/integration-test/target/test-dir/MiniOzoneClusterImpl-b51a347c-4d32-49ce-97bb-8b27036901e7/datanode-4/data/ratis] (custom)
2019-09-20 09:33:19,605 [pool-170-thread-1] INFO  storage.RaftStorageDirectory (RaftStorageDirectory.java:analyzeStorage(246)) - The storage directory /workdir/hadoop-ozone/integration-test/target/test-dir/MiniOzoneClusterImpl-b51a347c-4d32-49ce-97bb-8b27036901e7/datanode-4/data/ratis/7512e4f8-687e-4af8-bb72-a09878a86b11 does not exist. Creating ...
2019-09-20 09:33:19,618 [pool-170-thread-1] INFO  storage.RaftStorageDirectory (RaftStorageDirectory.java:tryLock(328)) - Lock on /workdir/hadoop-ozone/integration-test/target/test-dir/MiniOzoneClusterImpl-b51a347c-4d32-49ce-97bb-8b27036901e7/datanode-4/data/ratis/7512e4f8-687e-4af8-bb72-a09878a86b11/in_use.lock acquired by nodename 20900@pr-hdds-2034-wmsbd-1222111393
2019-09-20 09:33:19,631 [pool-170-thread-1] INFO  storage.RaftStorage (RaftStorage.java:format(72)) - Storage directory /workdir/hadoop-ozone/integration-test/target/test-dir/MiniOzoneClusterImpl-b51a347c-4d32-49ce-97bb-8b27036901e7/datanode-4/data/ratis/7512e4f8-687e-4af8-bb72-a09878a86b11 has been successfully formatted.
2019-09-20 09:33:19,632 [pool-170-thread-1] INFO  ratis.ContainerStateMachine (ContainerStateMachine.java:loadSnapshot(226)) - group-A09878A86B11: The snapshot info is null. Setting the last applied indexto:(t:0, i:~)
2019-09-20 09:33:19,632 [pool-170-thread-1] INFO  server.RaftServerConfigKeys (ConfUtils.java:logGet(43)) - raft.server.leader.election.timeout = 120s (custom)
2019-09-20 09:33:19,632 [pool-170-thread-1] INFO  server.RaftServerConfigKeys (ConfUtils.java:logGet(43)) - raft.server.log.use.memory = false (default)
2019-09-20 09:33:19,632 [pool-170-thread-1] INFO  server.RaftServerConfigKeys (ConfUtils.java:logGet(43)) - raft.server.log.purge.gap = 1000000 (custom)
2019-09-20 09:33:19,632 [pool-170-thread-1] INFO  server.RaftServerConfigKeys (ConfUtils.java:logGet(43)) - raft.server.log.appender.buffer.byte-limit = 33554432 (custom)
2019-09-20 09:33:19,632 [pool-170-thread-1] INFO  server.RaftServerConfigKeys (ConfUtils.java:logGet(43)) - raft.server.log.segment.size.max = 1048576 (custom)
2019-09-20 09:33:19,633 [pool-170-thread-1] INFO  server.RaftServerConfigKeys (ConfUtils.java:logGet(43)) - raft.server.log.segment.cache.num.max = 2 (custom)
2019-09-20 09:33:19,633 [pool-170-thread-1] INFO  segmented.SegmentedRaftLogWorker (SegmentedRaftLogWorker.java:<init>(172)) - new 10741cbd-d620-4a9b-9e67-51db8a2e0e6a-SegmentedRaftLogWorker:Storage Directory /workdir/hadoop-ozone/integration-test/target/test-dir/MiniOzoneClusterImpl-b51a347c-4d32-49ce-97bb-8b27036901e7/datanode-4/data/ratis/7512e4f8-687e-4af8-bb72-a09878a86b11 for RaftStorage:Storage Directory /workdir/hadoop-ozone/integration-test/target/test-dir/MiniOzoneClusterImpl-b51a347c-4d32-49ce-97bb-8b27036901e7/datanode-4/data/ratis/7512e4f8-687e-4af8-bb72-a09878a86b11
2019-09-20 09:33:19,633 [pool-170-thread-1] INFO  server.RaftServerConfigKeys (ConfUtils.java:logGet(43)) - raft.server.log.queue.byte-limit = 2147483647 (custom)
2019-09-20 09:33:19,633 [pool-170-thread-1] INFO  server.RaftServerConfigKeys (ConfUtils.java:logGet(43)) - raft.server.log.queue.element-limit = 1024 (custom)
2019-09-20 09:33:19,633 [pool-170-thread-1] INFO  server.RaftServerConfigKeys (ConfUtils.java:logGet(43)) - raft.server.log.segment.size.max = 1048576 (custom)
2019-09-20 09:33:19,634 [pool-170-thread-1] INFO  server.RaftServerConfigKeys (ConfUtils.java:logGet(43)) - raft.server.log.preallocated.size = 16384 (custom)
2019-09-20 09:33:19,634 [pool-170-thread-1] INFO  server.RaftServerConfigKeys (ConfUtils.java:logGet(43)) - raft.server.log.write.buffer.size = 33554432 (custom)
2019-09-20 09:33:19,634 [pool-170-thread-1] INFO  server.RaftServerConfigKeys (ConfUtils.java:logGet(43)) - raft.server.log.force.sync.num = 128 (default)
2019-09-20 09:33:19,634 [pool-170-thread-1] INFO  server.RaftServerConfigKeys (ConfUtils.java:logGet(43)) - raft.server.log.statemachine.data.sync = true (default)
2019-09-20 09:33:19,634 [pool-170-thread-1] INFO  server.RaftServerConfigKeys (ConfUtils.java:logGet(43)) - raft.server.log.statemachine.data.sync.timeout = 10s (default)
2019-09-20 09:33:19,634 [pool-170-thread-1] INFO  server.RaftServerConfigKeys (ConfUtils.java:logGet(43)) - raft.server.log.statemachine.data.sync.timeout.retry = -1 (default)
2019-09-20 09:33:19,635 [pool-170-thread-1] INFO  server.RaftServerConfigKeys (ConfUtils.java:logGet(43)) - raft.server.log.statemachine.data.caching.enabled = true (custom)
2019-09-20 09:33:19,635 [pool-170-thread-1] INFO  segmented.SegmentedRaftLogWorker (SegmentedRaftLogWorker.java:lambda$new$0(132)) - 10741cbd-d620-4a9b-9e67-51db8a2e0e6a-SegmentedRaftLogWorker:Storage Directory /workdir/hadoop-ozone/integration-test/target/test-dir/MiniOzoneClusterImpl-b51a347c-4d32-49ce-97bb-8b27036901e7/datanode-4/data/ratis/7512e4f8-687e-4af8-bb72-a09878a86b11: flushIndex: setUnconditionally 0 -> -1
2019-09-20 09:33:19,635 [pool-170-thread-1] INFO  server.RaftServerConfigKeys (ConfUtils.java:logGet(43)) - raft.server.snapshot.auto.trigger.enabled = true (custom)
2019-09-20 09:33:19,635 [pool-170-thread-1] INFO  server.RaftServerConfigKeys (ConfUtils.java:logGet(43)) - raft.server.snapshot.auto.trigger.threshold = 10000 (custom)
2019-09-20 09:33:19,636 [pool-170-thread-1] INFO  server.RaftServerConfigKeys (ConfUtils.java:logGet(43)) - raft.server.retrycache.expirytime = 600000ms (custom)
2019-09-20 09:33:19,636 [pool-170-thread-1] INFO  impl.RaftServerImpl (RaftServerImpl.java:start(180)) - 10741cbd-d620-4a9b-9e67-51db8a2e0e6a: start group-A09878A86B11
2019-09-20 09:33:19,636 [pool-170-thread-1] INFO  impl.RaftServerImpl (RaftServerImpl.java:setRole(171)) - 10741cbd-d620-4a9b-9e67-51db8a2e0e6a:group-A09878A86B11 changes role from null to FOLLOWER at term 0 for startAsFollower
2019-09-20 09:33:19,636 [pool-170-thread-1] INFO  impl.RoleInfo (RoleInfo.java:updateAndGet(143)) - 10741cbd-d620-4a9b-9e67-51db8a2e0e6a: start FollowerState
2019-09-20 09:33:19,636 [pool-170-thread-1] INFO  util.JmxRegister (JmxRegister.java:tryRegister(44)) - Successfully registered JMX Bean with object name Ratis:service=RaftServer,group=group-A09878A86B11,id=10741cbd-d620-4a9b-9e67-51db8a2e0e6a
2019-09-20 09:33:19,638 [Command processor thread] INFO  commandhandler.CreatePipelineCommandHandler (CreatePipelineCommandHandler.java:handle(112)) - Create Pipeline RATIS ONE #PipelineID=7512e4f8-687e-4af8-bb72-a09878a86b11 command succeed on datanode 10741cbd-d620-4a9b-9e67-51db8a2e0e6a.
2019-09-20 09:33:19,643 [grpc-default-executor-2] INFO  impl.RaftServerProxy (RaftServerProxy.java:addNew(89)) - 10741cbd-d620-4a9b-9e67-51db8a2e0e6a: addNew group-26BA44E1C42B:[d4fa05df-3099-4015-ad0e-4200365d2035:192.168.151.119:43786, 10741cbd-d620-4a9b-9e67-51db8a2e0e6a:192.168.151.119:43615, ba1e65fe-7169-476d-a778-4df70d7cdd6e:192.168.151.119:46724] returns group-26BA44E1C42B:java.util.concurrent.CompletableFuture@55d1f6dd[Not completed]
2019-09-20 09:33:19,644 [pool-170-thread-1] INFO  impl.RaftServerImpl (RaftServerImpl.java:<init>(93)) - 10741cbd-d620-4a9b-9e67-51db8a2e0e6a: new RaftServerImpl for group-26BA44E1C42B:[d4fa05df-3099-4015-ad0e-4200365d2035:192.168.151.119:43786, 10741cbd-d620-4a9b-9e67-51db8a2e0e6a:192.168.151.119:43615, ba1e65fe-7169-476d-a778-4df70d7cdd6e:192.168.151.119:46724] with ContainerStateMachine:uninitialized
2019-09-20 09:33:19,644 [pool-170-thread-1] INFO  server.RaftServerConfigKeys (ConfUtils.java:logGet(43)) - raft.server.rpc.timeout.min = 5s (custom)
2019-09-20 09:33:19,644 [pool-170-thread-1] INFO  server.RaftServerConfigKeys (ConfUtils.java:logGet(43)) - raft.server.rpc.timeout.max = 5200ms (custom)
2019-09-20 09:33:19,644 [pool-170-thread-1] INFO  server.RaftServerConfigKeys (ConfUtils.java:logGet(43)) - raft.server.rpcslowness.timeout = 120s (custom)
2019-09-20 09:33:19,645 [pool-170-thread-1] INFO  server.RaftServerConfigKeys (ConfUtils.java:logGet(43)) - raft.server.sleep.deviation.threshold = 300 (default)
2019-09-20 09:33:19,645 [pool-170-thread-1] INFO  server.RaftServerConfigKeys (ConfUtils.java:logGet(43)) - raft.server.log.appender.install.snapshot.enabled = false (custom)
2019-09-20 09:33:19,645 [pool-170-thread-1] INFO  impl.RaftServerImpl (ServerState.java:<init>(105)) - 10741cbd-d620-4a9b-9e67-51db8a2e0e6a:group-26BA44E1C42B ConfigurationManager, init=-1: [d4fa05df-3099-4015-ad0e-4200365d2035:192.168.151.119:43786, 10741cbd-d620-4a9b-9e67-51db8a2e0e6a:192.168.151.119:43615, ba1e65fe-7169-476d-a778-4df70d7cdd6e:192.168.151.119:46724], old=null, confs=<EMPTY_MAP>
2019-09-20 09:33:19,645 [pool-170-thread-1] INFO  server.RaftServerConfigKeys (ConfUtils.java:logGet(43)) - raft.server.storage.dir = [/workdir/hadoop-ozone/integration-test/target/test-dir/MiniOzoneClusterImpl-b51a347c-4d32-49ce-97bb-8b27036901e7/datanode-4/data/ratis] (custom)
2019-09-20 09:33:19,645 [pool-170-thread-1] INFO  storage.RaftStorageDirectory (RaftStorageDirectory.java:analyzeStorage(246)) - The storage directory /workdir/hadoop-ozone/integration-test/target/test-dir/MiniOzoneClusterImpl-b51a347c-4d32-49ce-97bb-8b27036901e7/datanode-4/data/ratis/72ec9e48-db96-4ff8-ab10-26ba44e1c42b does not exist. Creating ...
2019-09-20 09:33:19,658 [pool-170-thread-1] INFO  storage.RaftStorageDirectory (RaftStorageDirectory.java:tryLock(328)) - Lock on /workdir/hadoop-ozone/integration-test/target/test-dir/MiniOzoneClusterImpl-b51a347c-4d32-49ce-97bb-8b27036901e7/datanode-4/data/ratis/72ec9e48-db96-4ff8-ab10-26ba44e1c42b/in_use.lock acquired by nodename 20900@pr-hdds-2034-wmsbd-1222111393
2019-09-20 09:33:19,661 [pool-170-thread-1] INFO  storage.RaftStorage (RaftStorage.java:format(72)) - Storage directory /workdir/hadoop-ozone/integration-test/target/test-dir/MiniOzoneClusterImpl-b51a347c-4d32-49ce-97bb-8b27036901e7/datanode-4/data/ratis/72ec9e48-db96-4ff8-ab10-26ba44e1c42b has been successfully formatted.
2019-09-20 09:33:19,662 [pool-170-thread-1] INFO  ratis.ContainerStateMachine (ContainerStateMachine.java:loadSnapshot(226)) - group-26BA44E1C42B: The snapshot info is null. Setting the last applied indexto:(t:0, i:~)
2019-09-20 09:33:19,662 [pool-170-thread-1] INFO  server.RaftServerConfigKeys (ConfUtils.java:logGet(43)) - raft.server.leader.election.timeout = 120s (custom)
2019-09-20 09:33:19,662 [pool-170-thread-1] INFO  server.RaftServerConfigKeys (ConfUtils.java:logGet(43)) - raft.server.log.use.memory = false (default)
2019-09-20 09:33:19,663 [pool-170-thread-1] INFO  server.RaftServerConfigKeys (ConfUtils.java:logGet(43)) - raft.server.log.purge.gap = 1000000 (custom)
2019-09-20 09:33:19,663 [pool-170-thread-1] INFO  server.RaftServerConfigKeys (ConfUtils.java:logGet(43)) - raft.server.log.appender.buffer.byte-limit = 33554432 (custom)
2019-09-20 09:33:19,663 [pool-170-thread-1] INFO  server.RaftServerConfigKeys (ConfUtils.java:logGet(43)) - raft.server.log.segment.size.max = 1048576 (custom)
2019-09-20 09:33:19,663 [pool-170-thread-1] INFO  server.RaftServerConfigKeys (ConfUtils.java:logGet(43)) - raft.server.log.segment.cache.num.max = 2 (custom)
2019-09-20 09:33:19,663 [pool-170-thread-1] INFO  segmented.SegmentedRaftLogWorker (SegmentedRaftLogWorker.java:<init>(172)) - new 10741cbd-d620-4a9b-9e67-51db8a2e0e6a-SegmentedRaftLogWorker:Storage Directory /workdir/hadoop-ozone/integration-test/target/test-dir/MiniOzoneClusterImpl-b51a347c-4d32-49ce-97bb-8b27036901e7/datanode-4/data/ratis/72ec9e48-db96-4ff8-ab10-26ba44e1c42b for RaftStorage:Storage Directory /workdir/hadoop-ozone/integration-test/target/test-dir/MiniOzoneClusterImpl-b51a347c-4d32-49ce-97bb-8b27036901e7/datanode-4/data/ratis/72ec9e48-db96-4ff8-ab10-26ba44e1c42b
2019-09-20 09:33:19,663 [pool-170-thread-1] INFO  server.RaftServerConfigKeys (ConfUtils.java:logGet(43)) - raft.server.log.queue.byte-limit = 2147483647 (custom)
2019-09-20 09:33:19,663 [pool-170-thread-1] INFO  server.RaftServerConfigKeys (ConfUtils.java:logGet(43)) - raft.server.log.queue.element-limit = 1024 (custom)
2019-09-20 09:33:19,663 [pool-170-thread-1] INFO  server.RaftServerConfigKeys (ConfUtils.java:logGet(43)) - raft.server.log.segment.size.max = 1048576 (custom)
2019-09-20 09:33:19,664 [pool-170-thread-1] INFO  server.RaftServerConfigKeys (ConfUtils.java:logGet(43)) - raft.server.log.preallocated.size = 16384 (custom)
2019-09-20 09:33:19,664 [pool-170-thread-1] INFO  server.RaftServerConfigKeys (ConfUtils.java:logGet(43)) - raft.server.log.write.buffer.size = 33554432 (custom)
2019-09-20 09:33:19,664 [pool-170-thread-1] INFO  server.RaftServerConfigKeys (ConfUtils.java:logGet(43)) - raft.server.log.force.sync.num = 128 (default)
2019-09-20 09:33:19,664 [pool-170-thread-1] INFO  server.RaftServerConfigKeys (ConfUtils.java:logGet(43)) - raft.server.log.statemachine.data.sync = true (default)
2019-09-20 09:33:19,664 [pool-170-thread-1] INFO  server.RaftServerConfigKeys (ConfUtils.java:logGet(43)) - raft.server.log.statemachine.data.sync.timeout = 10s (default)
2019-09-20 09:33:19,664 [pool-170-thread-1] INFO  server.RaftServerConfigKeys (ConfUtils.java:logGet(43)) - raft.server.log.statemachine.data.sync.timeout.retry = -1 (default)
2019-09-20 09:33:19,664 [pool-170-thread-1] INFO  server.RaftServerConfigKeys (ConfUtils.java:logGet(43)) - raft.server.log.statemachine.data.caching.enabled = true (custom)
2019-09-20 09:33:19,665 [pool-170-thread-1] INFO  segmented.SegmentedRaftLogWorker (SegmentedRaftLogWorker.java:lambda$new$0(132)) - 10741cbd-d620-4a9b-9e67-51db8a2e0e6a-SegmentedRaftLogWorker:Storage Directory /workdir/hadoop-ozone/integration-test/target/test-dir/MiniOzoneClusterImpl-b51a347c-4d32-49ce-97bb-8b27036901e7/datanode-4/data/ratis/72ec9e48-db96-4ff8-ab10-26ba44e1c42b: flushIndex: setUnconditionally 0 -> -1
2019-09-20 09:33:19,665 [pool-170-thread-1] INFO  server.RaftServerConfigKeys (ConfUtils.java:logGet(43)) - raft.server.snapshot.auto.trigger.enabled = true (custom)
2019-09-20 09:33:19,665 [pool-170-thread-1] INFO  server.RaftServerConfigKeys (ConfUtils.java:logGet(43)) - raft.server.snapshot.auto.trigger.threshold = 10000 (custom)
2019-09-20 09:33:19,665 [pool-170-thread-1] INFO  server.RaftServerConfigKeys (ConfUtils.java:logGet(43)) - raft.server.retrycache.expirytime = 600000ms (custom)
2019-09-20 09:33:19,665 [pool-170-thread-1] INFO  impl.RaftServerImpl (RaftServerImpl.java:start(180)) - 10741cbd-d620-4a9b-9e67-51db8a2e0e6a: start group-26BA44E1C42B
2019-09-20 09:33:19,665 [pool-170-thread-1] INFO  impl.RaftServerImpl (RaftServerImpl.java:setRole(171)) - 10741cbd-d620-4a9b-9e67-51db8a2e0e6a:group-26BA44E1C42B changes role from null to FOLLOWER at term 0 for startAsFollower
2019-09-20 09:33:19,666 [pool-170-thread-1] INFO  impl.RoleInfo (RoleInfo.java:updateAndGet(143)) - 10741cbd-d620-4a9b-9e67-51db8a2e0e6a: start FollowerState
2019-09-20 09:33:19,666 [pool-170-thread-1] INFO  util.JmxRegister (JmxRegister.java:tryRegister(44)) - Successfully registered JMX Bean with object name Ratis:service=RaftServer,group=group-26BA44E1C42B,id=10741cbd-d620-4a9b-9e67-51db8a2e0e6a
2019-09-20 09:33:19,668 [Command processor thread] INFO  commandhandler.CreatePipelineCommandHandler (CreatePipelineCommandHandler.java:handle(112)) - Create Pipeline RATIS THREE #PipelineID=72ec9e48-db96-4ff8-ab10-26ba44e1c42b command succeed on datanode 10741cbd-d620-4a9b-9e67-51db8a2e0e6a.
2019-09-20 09:33:19,697 | INFO  | SCMAudit | user=jenkins1000 | ip=192.168.151.119 | op=SEND_HEARTBEAT {datanodeUUID=d072c18a-1b53-41d5-bae5-b82be0790279, command=[]} | ret=SUCCESS |  
2019-09-20 09:33:19,700 [EventQueue-CreatePipelineStatusForSCMPipelineManager] INFO  pipeline.SCMPipelineManager (SCMPipelineManager.java:onMessage(479)) - receive pipeline PipelineID=6b21fe18-2200-4b20-94b6-13440712a48a create status EXECUTED
2019-09-20 09:33:19,700 [EventQueue-CreatePipelineStatusForSCMPipelineManager] INFO  pipeline.PipelineStateManager (PipelineStateManager.java:openPipeline(134)) - Pipeline Pipeline[ Id: 6b21fe18-2200-4b20-94b6-13440712a48a, Nodes: d072c18a-1b53-41d5-bae5-b82be0790279{ip: 192.168.151.119, host: pr-hdds-2034-wmsbd-1222111393, networkLocation: /default-rack, certSerialId: null}4d6fff4c-5cb6-40a3-b677-a76fbdc0054d{ip: 192.168.151.119, host: pr-hdds-2034-wmsbd-1222111393, networkLocation: /default-rack, certSerialId: null}37b777df-de08-4da5-9630-325a3e0e88a6{ip: 192.168.151.119, host: pr-hdds-2034-wmsbd-1222111393, networkLocation: /default-rack, certSerialId: null}, Type:RATIS, Factor:THREE, State:ALLOCATED] moved to OPEN state
add pipeline PipelineID=6b21fe18-2200-4b20-94b6-13440712a48a to metrics map
2019-09-20 09:33:19,701 [EventQueue-OpenPipelineForOneReplicaPipelineSafeModeRule] INFO  safemode.OneReplicaPipelineSafeModeRule (OneReplicaPipelineSafeModeRule.java:validate(96)) - OneReplicaPipelineSafeModeRule rule satisfied
2019-09-20 09:33:19,701 [EventQueue-OpenPipelineForOneReplicaPipelineSafeModeRule] INFO  safemode.SCMSafeModeManager (SCMSafeModeManager.java:validateSafeModeExitRules(169)) - AtleastOneDatanodeReportedRule rule is successfully validated
2019-09-20 09:33:19,701 [EventQueue-OpenPipelineForHealthyPipelineSafeModeRule] INFO  safemode.SCMSafeModeManager (HealthyPipelineSafeModeRule.java:process(123)) - SCM in safe mode. Healthy pipelines reported count is 1, required healthy pipeline reported count is 1
2019-09-20 09:33:19,701 [EventQueue-OpenPipelineForHealthyPipelineSafeModeRule] INFO  safemode.HealthyPipelineSafeModeRule (HealthyPipelineSafeModeRule.java:validate(104)) - HealthyPipelineSafeModeRule rule satisfied
2019-09-20 09:33:19,701 [EventQueue-OpenPipelineForHealthyPipelineSafeModeRule] INFO  safemode.SCMSafeModeManager (SCMSafeModeManager.java:validateSafeModeExitRules(169)) - HealthyPipelineSafeModeRule rule is successfully validated
2019-09-20 09:33:19,701 [EventQueue-OpenPipelineForHealthyPipelineSafeModeRule] INFO  safemode.SCMSafeModeManager (SCMSafeModeManager.java:validateSafeModeExitRules(178)) - ScmSafeModeManager, all rules are successfully validated
2019-09-20 09:33:19,701 [EventQueue-OpenPipelineForHealthyPipelineSafeModeRule] INFO  safemode.SCMSafeModeManager (SCMSafeModeManager.java:exitSafeMode(194)) - SCM exiting safe mode.
2019-09-20 09:33:19,701 [EventQueue-CreatePipelineStatusForSCMPipelineManager] INFO  pipeline.SCMPipelineManager (SCMPipelineManager.java:onMessage(479)) - receive pipeline PipelineID=2faa7694-0e50-4b8e-a98b-73e47566ab1d create status EXECUTED
2019-09-20 09:33:19,702 [EventQueue-CreatePipelineStatusForSCMPipelineManager] INFO  pipeline.PipelineStateManager (PipelineStateManager.java:openPipeline(134)) - Pipeline Pipeline[ Id: 2faa7694-0e50-4b8e-a98b-73e47566ab1d, Nodes: d072c18a-1b53-41d5-bae5-b82be0790279{ip: 192.168.151.119, host: pr-hdds-2034-wmsbd-1222111393, networkLocation: /default-rack, certSerialId: null}, Type:RATIS, Factor:ONE, State:ALLOCATED] moved to OPEN state
add pipeline PipelineID=2faa7694-0e50-4b8e-a98b-73e47566ab1d to metrics map
2019-09-20 09:33:19,801 [grpc-default-executor-2] INFO  impl.RaftServerProxy (RaftServerProxy.java:addNew(89)) - d4fa05df-3099-4015-ad0e-4200365d2035: addNew group-54FD04F27C82:[d4fa05df-3099-4015-ad0e-4200365d2035:192.168.151.119:43786] returns group-54FD04F27C82:java.util.concurrent.CompletableFuture@7fcedbc9[Not completed]
2019-09-20 09:33:19,802 | INFO  | SCMAudit | user=jenkins1000 | ip=192.168.151.119 | op=SEND_HEARTBEAT {datanodeUUID=d4fa05df-3099-4015-ad0e-4200365d2035, command=[]} | ret=SUCCESS |  
2019-09-20 09:33:19,807 [pool-181-thread-1] INFO  impl.RaftServerImpl (RaftServerImpl.java:<init>(93)) - d4fa05df-3099-4015-ad0e-4200365d2035: new RaftServerImpl for group-54FD04F27C82:[d4fa05df-3099-4015-ad0e-4200365d2035:192.168.151.119:43786] with ContainerStateMachine:uninitialized
2019-09-20 09:33:19,807 [pool-181-thread-1] INFO  server.RaftServerConfigKeys (ConfUtils.java:logGet(43)) - raft.server.rpc.timeout.min = 5s (custom)
2019-09-20 09:33:19,807 [pool-181-thread-1] INFO  server.RaftServerConfigKeys (ConfUtils.java:logGet(43)) - raft.server.rpc.timeout.max = 5200ms (custom)
2019-09-20 09:33:19,807 [pool-181-thread-1] INFO  server.RaftServerConfigKeys (ConfUtils.java:logGet(43)) - raft.server.rpcslowness.timeout = 120s (custom)
2019-09-20 09:33:19,808 [pool-181-thread-1] INFO  server.RaftServerConfigKeys (ConfUtils.java:logGet(43)) - raft.server.sleep.deviation.threshold = 300 (default)
2019-09-20 09:33:19,808 [pool-181-thread-1] INFO  server.RaftServerConfigKeys (ConfUtils.java:logGet(43)) - raft.server.log.appender.install.snapshot.enabled = false (custom)
2019-09-20 09:33:19,808 [pool-181-thread-1] INFO  impl.RaftServerImpl (ServerState.java:<init>(105)) - d4fa05df-3099-4015-ad0e-4200365d2035:group-54FD04F27C82 ConfigurationManager, init=-1: [d4fa05df-3099-4015-ad0e-4200365d2035:192.168.151.119:43786], old=null, confs=<EMPTY_MAP>
2019-09-20 09:33:19,808 [pool-181-thread-1] INFO  server.RaftServerConfigKeys (ConfUtils.java:logGet(43)) - raft.server.storage.dir = [/workdir/hadoop-ozone/integration-test/target/test-dir/MiniOzoneClusterImpl-b51a347c-4d32-49ce-97bb-8b27036901e7/datanode-5/data/ratis] (custom)
2019-09-20 09:33:19,809 [pool-181-thread-1] INFO  storage.RaftStorageDirectory (RaftStorageDirectory.java:analyzeStorage(246)) - The storage directory /workdir/hadoop-ozone/integration-test/target/test-dir/MiniOzoneClusterImpl-b51a347c-4d32-49ce-97bb-8b27036901e7/datanode-5/data/ratis/c02e05ea-29b8-474a-a7f4-54fd04f27c82 does not exist. Creating ...
2019-09-20 09:33:19,823 [pool-181-thread-1] INFO  storage.RaftStorageDirectory (RaftStorageDirectory.java:tryLock(328)) - Lock on /workdir/hadoop-ozone/integration-test/target/test-dir/MiniOzoneClusterImpl-b51a347c-4d32-49ce-97bb-8b27036901e7/datanode-5/data/ratis/c02e05ea-29b8-474a-a7f4-54fd04f27c82/in_use.lock acquired by nodename 20900@pr-hdds-2034-wmsbd-1222111393
2019-09-20 09:33:19,836 [pool-181-thread-1] INFO  storage.RaftStorage (RaftStorage.java:format(72)) - Storage directory /workdir/hadoop-ozone/integration-test/target/test-dir/MiniOzoneClusterImpl-b51a347c-4d32-49ce-97bb-8b27036901e7/datanode-5/data/ratis/c02e05ea-29b8-474a-a7f4-54fd04f27c82 has been successfully formatted.
2019-09-20 09:33:19,837 [pool-181-thread-1] INFO  ratis.ContainerStateMachine (ContainerStateMachine.java:loadSnapshot(226)) - group-54FD04F27C82: The snapshot info is null. Setting the last applied indexto:(t:0, i:~)
2019-09-20 09:33:19,837 [pool-181-thread-1] INFO  server.RaftServerConfigKeys (ConfUtils.java:logGet(43)) - raft.server.leader.election.timeout = 120s (custom)
2019-09-20 09:33:19,837 [pool-181-thread-1] INFO  server.RaftServerConfigKeys (ConfUtils.java:logGet(43)) - raft.server.log.use.memory = false (default)
2019-09-20 09:33:19,837 [pool-181-thread-1] INFO  server.RaftServerConfigKeys (ConfUtils.java:logGet(43)) - raft.server.log.purge.gap = 1000000 (custom)
2019-09-20 09:33:19,837 [pool-181-thread-1] INFO  server.RaftServerConfigKeys (ConfUtils.java:logGet(43)) - raft.server.log.appender.buffer.byte-limit = 33554432 (custom)
2019-09-20 09:33:19,838 [pool-181-thread-1] INFO  server.RaftServerConfigKeys (ConfUtils.java:logGet(43)) - raft.server.log.segment.size.max = 1048576 (custom)
2019-09-20 09:33:19,838 [pool-181-thread-1] INFO  server.RaftServerConfigKeys (ConfUtils.java:logGet(43)) - raft.server.log.segment.cache.num.max = 2 (custom)
2019-09-20 09:33:19,838 [pool-181-thread-1] INFO  segmented.SegmentedRaftLogWorker (SegmentedRaftLogWorker.java:<init>(172)) - new d4fa05df-3099-4015-ad0e-4200365d2035-SegmentedRaftLogWorker:Storage Directory /workdir/hadoop-ozone/integration-test/target/test-dir/MiniOzoneClusterImpl-b51a347c-4d32-49ce-97bb-8b27036901e7/datanode-5/data/ratis/c02e05ea-29b8-474a-a7f4-54fd04f27c82 for RaftStorage:Storage Directory /workdir/hadoop-ozone/integration-test/target/test-dir/MiniOzoneClusterImpl-b51a347c-4d32-49ce-97bb-8b27036901e7/datanode-5/data/ratis/c02e05ea-29b8-474a-a7f4-54fd04f27c82
2019-09-20 09:33:19,838 [pool-181-thread-1] INFO  server.RaftServerConfigKeys (ConfUtils.java:logGet(43)) - raft.server.log.queue.byte-limit = 2147483647 (custom)
2019-09-20 09:33:19,838 [pool-181-thread-1] INFO  server.RaftServerConfigKeys (ConfUtils.java:logGet(43)) - raft.server.log.queue.element-limit = 1024 (custom)
2019-09-20 09:33:19,839 [pool-181-thread-1] INFO  server.RaftServerConfigKeys (ConfUtils.java:logGet(43)) - raft.server.log.segment.size.max = 1048576 (custom)
2019-09-20 09:33:19,839 [pool-181-thread-1] INFO  server.RaftServerConfigKeys (ConfUtils.java:logGet(43)) - raft.server.log.preallocated.size = 16384 (custom)
2019-09-20 09:33:19,839 [pool-181-thread-1] INFO  server.RaftServerConfigKeys (ConfUtils.java:logGet(43)) - raft.server.log.write.buffer.size = 33554432 (custom)
2019-09-20 09:33:19,839 [pool-181-thread-1] INFO  server.RaftServerConfigKeys (ConfUtils.java:logGet(43)) - raft.server.log.force.sync.num = 128 (default)
2019-09-20 09:33:19,839 [pool-181-thread-1] INFO  server.RaftServerConfigKeys (ConfUtils.java:logGet(43)) - raft.server.log.statemachine.data.sync = true (default)
2019-09-20 09:33:19,839 [pool-181-thread-1] INFO  server.RaftServerConfigKeys (ConfUtils.java:logGet(43)) - raft.server.log.statemachine.data.sync.timeout = 10s (default)
2019-09-20 09:33:19,840 [pool-181-thread-1] INFO  server.RaftServerConfigKeys (ConfUtils.java:logGet(43)) - raft.server.log.statemachine.data.sync.timeout.retry = -1 (default)
2019-09-20 09:33:19,840 [pool-181-thread-1] INFO  server.RaftServerConfigKeys (ConfUtils.java:logGet(43)) - raft.server.log.statemachine.data.caching.enabled = true (custom)
2019-09-20 09:33:19,840 [pool-181-thread-1] INFO  segmented.SegmentedRaftLogWorker (SegmentedRaftLogWorker.java:lambda$new$0(132)) - d4fa05df-3099-4015-ad0e-4200365d2035-SegmentedRaftLogWorker:Storage Directory /workdir/hadoop-ozone/integration-test/target/test-dir/MiniOzoneClusterImpl-b51a347c-4d32-49ce-97bb-8b27036901e7/datanode-5/data/ratis/c02e05ea-29b8-474a-a7f4-54fd04f27c82: flushIndex: setUnconditionally 0 -> -1
2019-09-20 09:33:19,841 [pool-181-thread-1] INFO  server.RaftServerConfigKeys (ConfUtils.java:logGet(43)) - raft.server.snapshot.auto.trigger.enabled = true (custom)
2019-09-20 09:33:19,841 [pool-181-thread-1] INFO  server.RaftServerConfigKeys (ConfUtils.java:logGet(43)) - raft.server.snapshot.auto.trigger.threshold = 10000 (custom)
2019-09-20 09:33:19,841 [pool-181-thread-1] INFO  server.RaftServerConfigKeys (ConfUtils.java:logGet(43)) - raft.server.retrycache.expirytime = 600000ms (custom)
2019-09-20 09:33:19,841 [pool-181-thread-1] INFO  impl.RaftServerImpl (RaftServerImpl.java:start(180)) - d4fa05df-3099-4015-ad0e-4200365d2035: start group-54FD04F27C82
2019-09-20 09:33:19,841 [pool-181-thread-1] INFO  impl.RaftServerImpl (RaftServerImpl.java:setRole(171)) - d4fa05df-3099-4015-ad0e-4200365d2035:group-54FD04F27C82 changes role from null to FOLLOWER at term 0 for startAsFollower
2019-09-20 09:33:19,842 [pool-181-thread-1] INFO  impl.RoleInfo (RoleInfo.java:updateAndGet(143)) - d4fa05df-3099-4015-ad0e-4200365d2035: start FollowerState
2019-09-20 09:33:19,842 [pool-181-thread-1] INFO  util.JmxRegister (JmxRegister.java:tryRegister(44)) - Successfully registered JMX Bean with object name Ratis:service=RaftServer,group=group-54FD04F27C82,id=d4fa05df-3099-4015-ad0e-4200365d2035
2019-09-20 09:33:19,845 [Command processor thread] INFO  commandhandler.CreatePipelineCommandHandler (CreatePipelineCommandHandler.java:handle(112)) - Create Pipeline RATIS ONE #PipelineID=c02e05ea-29b8-474a-a7f4-54fd04f27c82 command succeed on datanode d4fa05df-3099-4015-ad0e-4200365d2035.
2019-09-20 09:33:19,850 [grpc-default-executor-2] INFO  impl.RaftServerProxy (RaftServerProxy.java:addNew(89)) - d4fa05df-3099-4015-ad0e-4200365d2035: addNew group-26BA44E1C42B:[d4fa05df-3099-4015-ad0e-4200365d2035:192.168.151.119:43786, 10741cbd-d620-4a9b-9e67-51db8a2e0e6a:192.168.151.119:43615, ba1e65fe-7169-476d-a778-4df70d7cdd6e:192.168.151.119:46724] returns group-26BA44E1C42B:java.util.concurrent.CompletableFuture@1920a692[Not completed]
2019-09-20 09:33:19,852 [pool-181-thread-1] INFO  impl.RaftServerImpl (RaftServerImpl.java:<init>(93)) - d4fa05df-3099-4015-ad0e-4200365d2035: new RaftServerImpl for group-26BA44E1C42B:[d4fa05df-3099-4015-ad0e-4200365d2035:192.168.151.119:43786, 10741cbd-d620-4a9b-9e67-51db8a2e0e6a:192.168.151.119:43615, ba1e65fe-7169-476d-a778-4df70d7cdd6e:192.168.151.119:46724] with ContainerStateMachine:uninitialized
2019-09-20 09:33:19,852 [pool-181-thread-1] INFO  server.RaftServerConfigKeys (ConfUtils.java:logGet(43)) - raft.server.rpc.timeout.min = 5s (custom)
2019-09-20 09:33:19,852 [pool-181-thread-1] INFO  server.RaftServerConfigKeys (ConfUtils.java:logGet(43)) - raft.server.rpc.timeout.max = 5200ms (custom)
2019-09-20 09:33:19,852 [pool-181-thread-1] INFO  server.RaftServerConfigKeys (ConfUtils.java:logGet(43)) - raft.server.rpcslowness.timeout = 120s (custom)
2019-09-20 09:33:19,852 [pool-181-thread-1] INFO  server.RaftServerConfigKeys (ConfUtils.java:logGet(43)) - raft.server.sleep.deviation.threshold = 300 (default)
2019-09-20 09:33:19,852 [pool-181-thread-1] INFO  server.RaftServerConfigKeys (ConfUtils.java:logGet(43)) - raft.server.log.appender.install.snapshot.enabled = false (custom)
2019-09-20 09:33:19,853 [pool-181-thread-1] INFO  impl.RaftServerImpl (ServerState.java:<init>(105)) - d4fa05df-3099-4015-ad0e-4200365d2035:group-26BA44E1C42B ConfigurationManager, init=-1: [d4fa05df-3099-4015-ad0e-4200365d2035:192.168.151.119:43786, 10741cbd-d620-4a9b-9e67-51db8a2e0e6a:192.168.151.119:43615, ba1e65fe-7169-476d-a778-4df70d7cdd6e:192.168.151.119:46724], old=null, confs=<EMPTY_MAP>
2019-09-20 09:33:19,853 [pool-181-thread-1] INFO  server.RaftServerConfigKeys (ConfUtils.java:logGet(43)) - raft.server.storage.dir = [/workdir/hadoop-ozone/integration-test/target/test-dir/MiniOzoneClusterImpl-b51a347c-4d32-49ce-97bb-8b27036901e7/datanode-5/data/ratis] (custom)
2019-09-20 09:33:19,853 [pool-181-thread-1] INFO  storage.RaftStorageDirectory (RaftStorageDirectory.java:analyzeStorage(246)) - The storage directory /workdir/hadoop-ozone/integration-test/target/test-dir/MiniOzoneClusterImpl-b51a347c-4d32-49ce-97bb-8b27036901e7/datanode-5/data/ratis/72ec9e48-db96-4ff8-ab10-26ba44e1c42b does not exist. Creating ...
2019-09-20 09:33:19,866 [pool-181-thread-1] INFO  storage.RaftStorageDirectory (RaftStorageDirectory.java:tryLock(328)) - Lock on /workdir/hadoop-ozone/integration-test/target/test-dir/MiniOzoneClusterImpl-b51a347c-4d32-49ce-97bb-8b27036901e7/datanode-5/data/ratis/72ec9e48-db96-4ff8-ab10-26ba44e1c42b/in_use.lock acquired by nodename 20900@pr-hdds-2034-wmsbd-1222111393
2019-09-20 09:33:19,879 [pool-181-thread-1] INFO  storage.RaftStorage (RaftStorage.java:format(72)) - Storage directory /workdir/hadoop-ozone/integration-test/target/test-dir/MiniOzoneClusterImpl-b51a347c-4d32-49ce-97bb-8b27036901e7/datanode-5/data/ratis/72ec9e48-db96-4ff8-ab10-26ba44e1c42b has been successfully formatted.
2019-09-20 09:33:19,879 [pool-181-thread-1] INFO  ratis.ContainerStateMachine (ContainerStateMachine.java:loadSnapshot(226)) - group-26BA44E1C42B: The snapshot info is null. Setting the last applied indexto:(t:0, i:~)
2019-09-20 09:33:19,879 [pool-181-thread-1] INFO  server.RaftServerConfigKeys (ConfUtils.java:logGet(43)) - raft.server.leader.election.timeout = 120s (custom)
2019-09-20 09:33:19,879 [pool-181-thread-1] INFO  server.RaftServerConfigKeys (ConfUtils.java:logGet(43)) - raft.server.log.use.memory = false (default)
2019-09-20 09:33:19,880 [pool-181-thread-1] INFO  server.RaftServerConfigKeys (ConfUtils.java:logGet(43)) - raft.server.log.purge.gap = 1000000 (custom)
2019-09-20 09:33:19,880 [pool-181-thread-1] INFO  server.RaftServerConfigKeys (ConfUtils.java:logGet(43)) - raft.server.log.appender.buffer.byte-limit = 33554432 (custom)
2019-09-20 09:33:19,880 [pool-181-thread-1] INFO  server.RaftServerConfigKeys (ConfUtils.java:logGet(43)) - raft.server.log.segment.size.max = 1048576 (custom)
2019-09-20 09:33:19,880 [pool-181-thread-1] INFO  server.RaftServerConfigKeys (ConfUtils.java:logGet(43)) - raft.server.log.segment.cache.num.max = 2 (custom)
2019-09-20 09:33:19,880 [pool-181-thread-1] INFO  segmented.SegmentedRaftLogWorker (SegmentedRaftLogWorker.java:<init>(172)) - new d4fa05df-3099-4015-ad0e-4200365d2035-SegmentedRaftLogWorker:Storage Directory /workdir/hadoop-ozone/integration-test/target/test-dir/MiniOzoneClusterImpl-b51a347c-4d32-49ce-97bb-8b27036901e7/datanode-5/data/ratis/72ec9e48-db96-4ff8-ab10-26ba44e1c42b for RaftStorage:Storage Directory /workdir/hadoop-ozone/integration-test/target/test-dir/MiniOzoneClusterImpl-b51a347c-4d32-49ce-97bb-8b27036901e7/datanode-5/data/ratis/72ec9e48-db96-4ff8-ab10-26ba44e1c42b
2019-09-20 09:33:19,880 [pool-181-thread-1] INFO  server.RaftServerConfigKeys (ConfUtils.java:logGet(43)) - raft.server.log.queue.byte-limit = 2147483647 (custom)
2019-09-20 09:33:19,881 [pool-181-thread-1] INFO  server.RaftServerConfigKeys (ConfUtils.java:logGet(43)) - raft.server.log.queue.element-limit = 1024 (custom)
2019-09-20 09:33:19,881 [pool-181-thread-1] INFO  server.RaftServerConfigKeys (ConfUtils.java:logGet(43)) - raft.server.log.segment.size.max = 1048576 (custom)
2019-09-20 09:33:19,881 [pool-181-thread-1] INFO  server.RaftServerConfigKeys (ConfUtils.java:logGet(43)) - raft.server.log.preallocated.size = 16384 (custom)
2019-09-20 09:33:19,881 [pool-181-thread-1] INFO  server.RaftServerConfigKeys (ConfUtils.java:logGet(43)) - raft.server.log.write.buffer.size = 33554432 (custom)
2019-09-20 09:33:19,881 [pool-181-thread-1] INFO  server.RaftServerConfigKeys (ConfUtils.java:logGet(43)) - raft.server.log.force.sync.num = 128 (default)
2019-09-20 09:33:19,881 [pool-181-thread-1] INFO  server.RaftServerConfigKeys (ConfUtils.java:logGet(43)) - raft.server.log.statemachine.data.sync = true (default)
2019-09-20 09:33:19,882 [pool-181-thread-1] INFO  server.RaftServerConfigKeys (ConfUtils.java:logGet(43)) - raft.server.log.statemachine.data.sync.timeout = 10s (default)
2019-09-20 09:33:19,882 [pool-181-thread-1] INFO  server.RaftServerConfigKeys (ConfUtils.java:logGet(43)) - raft.server.log.statemachine.data.sync.timeout.retry = -1 (default)
2019-09-20 09:33:19,882 [pool-181-thread-1] INFO  server.RaftServerConfigKeys (ConfUtils.java:logGet(43)) - raft.server.log.statemachine.data.caching.enabled = true (custom)
2019-09-20 09:33:19,882 [pool-181-thread-1] INFO  segmented.SegmentedRaftLogWorker (SegmentedRaftLogWorker.java:lambda$new$0(132)) - d4fa05df-3099-4015-ad0e-4200365d2035-SegmentedRaftLogWorker:Storage Directory /workdir/hadoop-ozone/integration-test/target/test-dir/MiniOzoneClusterImpl-b51a347c-4d32-49ce-97bb-8b27036901e7/datanode-5/data/ratis/72ec9e48-db96-4ff8-ab10-26ba44e1c42b: flushIndex: setUnconditionally 0 -> -1
2019-09-20 09:33:19,883 [pool-181-thread-1] INFO  server.RaftServerConfigKeys (ConfUtils.java:logGet(43)) - raft.server.snapshot.auto.trigger.enabled = true (custom)
2019-09-20 09:33:19,883 [pool-181-thread-1] INFO  server.RaftServerConfigKeys (ConfUtils.java:logGet(43)) - raft.server.snapshot.auto.trigger.threshold = 10000 (custom)
2019-09-20 09:33:19,883 [pool-181-thread-1] INFO  server.RaftServerConfigKeys (ConfUtils.java:logGet(43)) - raft.server.retrycache.expirytime = 600000ms (custom)
2019-09-20 09:33:19,883 [pool-181-thread-1] INFO  impl.RaftServerImpl (RaftServerImpl.java:start(180)) - d4fa05df-3099-4015-ad0e-4200365d2035: start group-26BA44E1C42B
2019-09-20 09:33:19,883 [pool-181-thread-1] INFO  impl.RaftServerImpl (RaftServerImpl.java:setRole(171)) - d4fa05df-3099-4015-ad0e-4200365d2035:group-26BA44E1C42B changes role from null to FOLLOWER at term 0 for startAsFollower
2019-09-20 09:33:19,884 [pool-181-thread-1] INFO  impl.RoleInfo (RoleInfo.java:updateAndGet(143)) - d4fa05df-3099-4015-ad0e-4200365d2035: start FollowerState
2019-09-20 09:33:19,884 [pool-181-thread-1] INFO  util.JmxRegister (JmxRegister.java:tryRegister(44)) - Successfully registered JMX Bean with object name Ratis:service=RaftServer,group=group-26BA44E1C42B,id=d4fa05df-3099-4015-ad0e-4200365d2035
2019-09-20 09:33:19,887 [Command processor thread] INFO  commandhandler.CreatePipelineCommandHandler (CreatePipelineCommandHandler.java:handle(112)) - Create Pipeline RATIS THREE #PipelineID=72ec9e48-db96-4ff8-ab10-26ba44e1c42b command succeed on datanode d4fa05df-3099-4015-ad0e-4200365d2035.
2019-09-20 09:33:19,987 | INFO  | SCMAudit | user=jenkins1000 | ip=192.168.151.119 | op=SEND_HEARTBEAT {datanodeUUID=86933813-1e1e-464a-ae0f-2ef91831d02b, command=[]} | ret=SUCCESS |  
2019-09-20 09:33:19,988 [main] INFO  ozone.MiniOzoneClusterImpl (MiniOzoneClusterImpl.java:lambda$waitForClusterToBeReady$0(145)) - Nodes are ready. Got 7 of 7 DN Heartbeats.
2019-09-20 09:33:19,988 [main] INFO  ozone.MiniOzoneClusterImpl (MiniOzoneClusterImpl.java:lambda$waitForClusterToBeReady$0(148)) - Cluster exits safe mode
2019-09-20 09:33:19,996 [grpc-default-executor-2] INFO  impl.RaftServerProxy (RaftServerProxy.java:addNew(89)) - 86933813-1e1e-464a-ae0f-2ef91831d02b: addNew group-F09811A33C7B:[86933813-1e1e-464a-ae0f-2ef91831d02b:192.168.151.119:44448] returns group-F09811A33C7B:java.util.concurrent.CompletableFuture@1b991a13[Not completed]
2019-09-20 09:33:20,007 [pool-192-thread-1] INFO  impl.RaftServerImpl (RaftServerImpl.java:<init>(93)) - 86933813-1e1e-464a-ae0f-2ef91831d02b: new RaftServerImpl for group-F09811A33C7B:[86933813-1e1e-464a-ae0f-2ef91831d02b:192.168.151.119:44448] with ContainerStateMachine:uninitialized
2019-09-20 09:33:20,007 [pool-192-thread-1] INFO  server.RaftServerConfigKeys (ConfUtils.java:logGet(43)) - raft.server.rpc.timeout.min = 5s (custom)
2019-09-20 09:33:20,007 [pool-192-thread-1] INFO  server.RaftServerConfigKeys (ConfUtils.java:logGet(43)) - raft.server.rpc.timeout.max = 5200ms (custom)
2019-09-20 09:33:20,008 [pool-192-thread-1] INFO  server.RaftServerConfigKeys (ConfUtils.java:logGet(43)) - raft.server.rpcslowness.timeout = 120s (custom)
2019-09-20 09:33:20,008 [pool-192-thread-1] INFO  server.RaftServerConfigKeys (ConfUtils.java:logGet(43)) - raft.server.sleep.deviation.threshold = 300 (default)
2019-09-20 09:33:20,008 [pool-192-thread-1] INFO  server.RaftServerConfigKeys (ConfUtils.java:logGet(43)) - raft.server.log.appender.install.snapshot.enabled = false (custom)
2019-09-20 09:33:20,008 [pool-192-thread-1] INFO  impl.RaftServerImpl (ServerState.java:<init>(105)) - 86933813-1e1e-464a-ae0f-2ef91831d02b:group-F09811A33C7B ConfigurationManager, init=-1: [86933813-1e1e-464a-ae0f-2ef91831d02b:192.168.151.119:44448], old=null, confs=<EMPTY_MAP>
2019-09-20 09:33:20,008 [pool-192-thread-1] INFO  server.RaftServerConfigKeys (ConfUtils.java:logGet(43)) - raft.server.storage.dir = [/workdir/hadoop-ozone/integration-test/target/test-dir/MiniOzoneClusterImpl-b51a347c-4d32-49ce-97bb-8b27036901e7/datanode-6/data/ratis] (custom)
2019-09-20 09:33:20,009 [pool-192-thread-1] INFO  storage.RaftStorageDirectory (RaftStorageDirectory.java:analyzeStorage(246)) - The storage directory /workdir/hadoop-ozone/integration-test/target/test-dir/MiniOzoneClusterImpl-b51a347c-4d32-49ce-97bb-8b27036901e7/datanode-6/data/ratis/e05c9f1b-d954-4a7c-bb45-f09811a33c7b does not exist. Creating ...
2019-09-20 09:33:20,038 [pool-192-thread-1] INFO  storage.RaftStorageDirectory (RaftStorageDirectory.java:tryLock(328)) - Lock on /workdir/hadoop-ozone/integration-test/target/test-dir/MiniOzoneClusterImpl-b51a347c-4d32-49ce-97bb-8b27036901e7/datanode-6/data/ratis/e05c9f1b-d954-4a7c-bb45-f09811a33c7b/in_use.lock acquired by nodename 20900@pr-hdds-2034-wmsbd-1222111393
2019-09-20 09:33:20,046 [main] INFO  rpc.RpcClient (RpcClient.java:createVolume(293)) - Creating Volume: testblockoutputstreamwithretries, with jenkins1000 as owner.
2019-09-20 09:33:20,049 | INFO  | OMAudit | user=jenkins1000 | ip=127.0.0.1 | op=CREATE_VOLUME {admin=jenkins1000, owner=jenkins1000, volume=testblockoutputstreamwithretries, creationTime=1568972000048, quotaInBytes=1152921504606846976} | ret=SUCCESS |  
2019-09-20 09:33:20,052 [pool-192-thread-1] INFO  storage.RaftStorage (RaftStorage.java:format(72)) - Storage directory /workdir/hadoop-ozone/integration-test/target/test-dir/MiniOzoneClusterImpl-b51a347c-4d32-49ce-97bb-8b27036901e7/datanode-6/data/ratis/e05c9f1b-d954-4a7c-bb45-f09811a33c7b has been successfully formatted.
2019-09-20 09:33:20,052 [pool-192-thread-1] INFO  ratis.ContainerStateMachine (ContainerStateMachine.java:loadSnapshot(226)) - group-F09811A33C7B: The snapshot info is null. Setting the last applied indexto:(t:0, i:~)
2019-09-20 09:33:20,052 [pool-192-thread-1] INFO  server.RaftServerConfigKeys (ConfUtils.java:logGet(43)) - raft.server.leader.election.timeout = 120s (custom)
2019-09-20 09:33:20,052 [pool-192-thread-1] INFO  server.RaftServerConfigKeys (ConfUtils.java:logGet(43)) - raft.server.log.use.memory = false (default)
2019-09-20 09:33:20,053 [pool-192-thread-1] INFO  server.RaftServerConfigKeys (ConfUtils.java:logGet(43)) - raft.server.log.purge.gap = 1000000 (custom)
2019-09-20 09:33:20,053 [pool-192-thread-1] INFO  server.RaftServerConfigKeys (ConfUtils.java:logGet(43)) - raft.server.log.appender.buffer.byte-limit = 33554432 (custom)
2019-09-20 09:33:20,059 [pool-192-thread-1] INFO  server.RaftServerConfigKeys (ConfUtils.java:logGet(43)) - raft.server.log.segment.size.max = 1048576 (custom)
2019-09-20 09:33:20,061 | INFO  | OMAudit | user=jenkins1000 | ip=127.0.0.1 | op=READ_VOLUME {volume=testblockoutputstreamwithretries} | ret=SUCCESS |  
2019-09-20 09:33:20,061 [pool-192-thread-1] INFO  server.RaftServerConfigKeys (ConfUtils.java:logGet(43)) - raft.server.log.segment.cache.num.max = 2 (custom)
2019-09-20 09:33:20,061 [pool-192-thread-1] INFO  segmented.SegmentedRaftLogWorker (SegmentedRaftLogWorker.java:<init>(172)) - new 86933813-1e1e-464a-ae0f-2ef91831d02b-SegmentedRaftLogWorker:Storage Directory /workdir/hadoop-ozone/integration-test/target/test-dir/MiniOzoneClusterImpl-b51a347c-4d32-49ce-97bb-8b27036901e7/datanode-6/data/ratis/e05c9f1b-d954-4a7c-bb45-f09811a33c7b for RaftStorage:Storage Directory /workdir/hadoop-ozone/integration-test/target/test-dir/MiniOzoneClusterImpl-b51a347c-4d32-49ce-97bb-8b27036901e7/datanode-6/data/ratis/e05c9f1b-d954-4a7c-bb45-f09811a33c7b
2019-09-20 09:33:20,061 [pool-192-thread-1] INFO  server.RaftServerConfigKeys (ConfUtils.java:logGet(43)) - raft.server.log.queue.byte-limit = 2147483647 (custom)
2019-09-20 09:33:20,061 [pool-192-thread-1] INFO  server.RaftServerConfigKeys (ConfUtils.java:logGet(43)) - raft.server.log.queue.element-limit = 1024 (custom)
2019-09-20 09:33:20,062 [main] INFO  rpc.RpcClient (RpcClient.java:createBucket(432)) - Creating Bucket: testblockoutputstreamwithretries/testblockoutputstreamwithretries, with Versioning false and Storage Type set to DISK and Encryption set to false 
2019-09-20 09:33:20,062 [pool-192-thread-1] INFO  server.RaftServerConfigKeys (ConfUtils.java:logGet(43)) - raft.server.log.segment.size.max = 1048576 (custom)
2019-09-20 09:33:20,062 [pool-192-thread-1] INFO  server.RaftServerConfigKeys (ConfUtils.java:logGet(43)) - raft.server.log.preallocated.size = 16384 (custom)
2019-09-20 09:33:20,062 [pool-192-thread-1] INFO  server.RaftServerConfigKeys (ConfUtils.java:logGet(43)) - raft.server.log.write.buffer.size = 33554432 (custom)
2019-09-20 09:33:20,062 [pool-192-thread-1] INFO  server.RaftServerConfigKeys (ConfUtils.java:logGet(43)) - raft.server.log.force.sync.num = 128 (default)
2019-09-20 09:33:20,062 [pool-192-thread-1] INFO  server.RaftServerConfigKeys (ConfUtils.java:logGet(43)) - raft.server.log.statemachine.data.sync = true (default)
2019-09-20 09:33:20,063 [pool-192-thread-1] INFO  server.RaftServerConfigKeys (ConfUtils.java:logGet(43)) - raft.server.log.statemachine.data.sync.timeout = 10s (default)
2019-09-20 09:33:20,063 [pool-192-thread-1] INFO  server.RaftServerConfigKeys (ConfUtils.java:logGet(43)) - raft.server.log.statemachine.data.sync.timeout.retry = -1 (default)
2019-09-20 09:33:20,063 [pool-192-thread-1] INFO  server.RaftServerConfigKeys (ConfUtils.java:logGet(43)) - raft.server.log.statemachine.data.caching.enabled = true (custom)
2019-09-20 09:33:20,063 [pool-192-thread-1] INFO  segmented.SegmentedRaftLogWorker (SegmentedRaftLogWorker.java:lambda$new$0(132)) - 86933813-1e1e-464a-ae0f-2ef91831d02b-SegmentedRaftLogWorker:Storage Directory /workdir/hadoop-ozone/integration-test/target/test-dir/MiniOzoneClusterImpl-b51a347c-4d32-49ce-97bb-8b27036901e7/datanode-6/data/ratis/e05c9f1b-d954-4a7c-bb45-f09811a33c7b: flushIndex: setUnconditionally 0 -> -1
2019-09-20 09:33:20,064 [pool-192-thread-1] INFO  server.RaftServerConfigKeys (ConfUtils.java:logGet(43)) - raft.server.snapshot.auto.trigger.enabled = true (custom)
2019-09-20 09:33:20,066 [pool-192-thread-1] INFO  server.RaftServerConfigKeys (ConfUtils.java:logGet(43)) - raft.server.snapshot.auto.trigger.threshold = 10000 (custom)
2019-09-20 09:33:20,066 [pool-192-thread-1] INFO  server.RaftServerConfigKeys (ConfUtils.java:logGet(43)) - raft.server.retrycache.expirytime = 600000ms (custom)
2019-09-20 09:33:20,067 [pool-192-thread-1] INFO  impl.RaftServerImpl (RaftServerImpl.java:start(180)) - 86933813-1e1e-464a-ae0f-2ef91831d02b: start group-F09811A33C7B
2019-09-20 09:33:20,067 | INFO  | OMAudit | user=jenkins1000 | ip=127.0.0.1 | op=CREATE_BUCKET {volume=testblockoutputstreamwithretries, bucket=testblockoutputstreamwithretries, acls=[user:jenkins1000:a[ACCESS], group:default:a[ACCESS]], isVersionEnabled=false, storageType=DISK, creationTime=0} | ret=SUCCESS |  
2019-09-20 09:33:20,067 [pool-192-thread-1] INFO  impl.RaftServerImpl (RaftServerImpl.java:setRole(171)) - 86933813-1e1e-464a-ae0f-2ef91831d02b:group-F09811A33C7B changes role from null to FOLLOWER at term 0 for startAsFollower
2019-09-20 09:33:20,067 [pool-192-thread-1] INFO  impl.RoleInfo (RoleInfo.java:updateAndGet(143)) - 86933813-1e1e-464a-ae0f-2ef91831d02b: start FollowerState
2019-09-20 09:33:20,067 [pool-192-thread-1] INFO  util.JmxRegister (JmxRegister.java:tryRegister(44)) - Successfully registered JMX Bean with object name Ratis:service=RaftServer,group=group-F09811A33C7B,id=86933813-1e1e-464a-ae0f-2ef91831d02b
2019-09-20 09:33:20,068 | INFO  | OMAudit | user=jenkins1000 | ip=127.0.0.1 | op=READ_VOLUME {volume=testblockoutputstreamwithretries} | ret=SUCCESS |  
2019-09-20 09:33:20,070 [Command processor thread] INFO  commandhandler.CreatePipelineCommandHandler (CreatePipelineCommandHandler.java:handle(112)) - Create Pipeline RATIS ONE #PipelineID=e05c9f1b-d954-4a7c-bb45-f09811a33c7b command succeed on datanode 86933813-1e1e-464a-ae0f-2ef91831d02b.
2019-09-20 09:33:20,070 | INFO  | OMAudit | user=jenkins1000 | ip=127.0.0.1 | op=READ_BUCKET {volume=testblockoutputstreamwithretries, bucket=testblockoutputstreamwithretries} | ret=SUCCESS |  
2019-09-20 09:33:20,075 | INFO  | SCMAudit | user=jenkins1000 | ip=192.168.151.119 | op=ALLOCATE_BLOCK {owner=155c0ae0-94c0-4c81-b8bc-3033c3cbc4b7, size=800, type=RATIS, factor=THREE} | ret=SUCCESS |  
2019-09-20 09:33:20,077 | INFO  | OMAudit | user=jenkins1000 | ip=127.0.0.1 | op=ALLOCATE_KEY {volume=testblockoutputstreamwithretries, bucket=testblockoutputstreamwithretries, key=bbdcc6fa-28ac-49a2-8581-564770407ca5, dataSize=3200, replicationType=RATIS, replicationFactor=THREE, keyLocationInfo=null} | ret=SUCCESS |  
2019-09-20 09:33:20,094 [grpc-default-executor-2] INFO  client.GrpcClientProtocolClient (GrpcClientProtocolClient.java:onNext(255)) - client-05D5A58C38F8->d072c18a-1b53-41d5-bae5-b82be0790279: receive RaftClientReply:client-05D5A58C38F8->d072c18a-1b53-41d5-bae5-b82be0790279@group-13440712A48A, cid=42, FAILED org.apache.ratis.protocol.NotLeaderException: Server d072c18a-1b53-41d5-bae5-b82be0790279 is not the leader (null). Request must be sent to leader., logIndex=0, commits[d072c18a-1b53-41d5-bae5-b82be0790279:c-1]
2019-09-20 09:33:20,155 | INFO  | SCMAudit | user=jenkins1000 | ip=192.168.151.119 | op=SEND_HEARTBEAT {datanodeUUID=4d6fff4c-5cb6-40a3-b677-a76fbdc0054d, command=[]} | ret=SUCCESS |  
2019-09-20 09:33:20,155 [EventQueue-CreatePipelineStatusForSCMPipelineManager] INFO  pipeline.SCMPipelineManager (SCMPipelineManager.java:onMessage(479)) - receive pipeline PipelineID=6b21fe18-2200-4b20-94b6-13440712a48a create status EXECUTED
2019-09-20 09:33:20,156 [EventQueue-CreatePipelineStatusForSCMPipelineManager] INFO  pipeline.SCMPipelineManager (SCMPipelineManager.java:onMessage(479)) - receive pipeline PipelineID=7ccf7e89-21ca-470b-9a90-c3b80024a580 create status EXECUTED
2019-09-20 09:33:20,156 [EventQueue-CreatePipelineStatusForSCMPipelineManager] INFO  pipeline.PipelineStateManager (PipelineStateManager.java:openPipeline(134)) - Pipeline Pipeline[ Id: 7ccf7e89-21ca-470b-9a90-c3b80024a580, Nodes: 4d6fff4c-5cb6-40a3-b677-a76fbdc0054d{ip: 192.168.151.119, host: pr-hdds-2034-wmsbd-1222111393, networkLocation: /default-rack, certSerialId: null}, Type:RATIS, Factor:ONE, State:ALLOCATED] moved to OPEN state
add pipeline PipelineID=7ccf7e89-21ca-470b-9a90-c3b80024a580 to metrics map
2019-09-20 09:33:20,395 [EventQueue-CreatePipelineStatusForSCMPipelineManager] INFO  pipeline.SCMPipelineManager (SCMPipelineManager.java:onMessage(479)) - receive pipeline PipelineID=72ec9e48-db96-4ff8-ab10-26ba44e1c42b create status EXECUTED
2019-09-20 09:33:20,395 | INFO  | SCMAudit | user=jenkins1000 | ip=192.168.151.119 | op=SEND_HEARTBEAT {datanodeUUID=ba1e65fe-7169-476d-a778-4df70d7cdd6e, command=[]} | ret=SUCCESS |  
2019-09-20 09:33:20,396 [EventQueue-CreatePipelineStatusForSCMPipelineManager] INFO  pipeline.PipelineStateManager (PipelineStateManager.java:openPipeline(134)) - Pipeline Pipeline[ Id: 72ec9e48-db96-4ff8-ab10-26ba44e1c42b, Nodes: ba1e65fe-7169-476d-a778-4df70d7cdd6e{ip: 192.168.151.119, host: pr-hdds-2034-wmsbd-1222111393, networkLocation: /default-rack, certSerialId: null}10741cbd-d620-4a9b-9e67-51db8a2e0e6a{ip: 192.168.151.119, host: pr-hdds-2034-wmsbd-1222111393, networkLocation: /default-rack, certSerialId: null}d4fa05df-3099-4015-ad0e-4200365d2035{ip: 192.168.151.119, host: pr-hdds-2034-wmsbd-1222111393, networkLocation: /default-rack, certSerialId: null}, Type:RATIS, Factor:THREE, State:ALLOCATED] moved to OPEN state
add pipeline PipelineID=72ec9e48-db96-4ff8-ab10-26ba44e1c42b to metrics map
2019-09-20 09:33:20,396 [EventQueue-CreatePipelineStatusForSCMPipelineManager] INFO  pipeline.SCMPipelineManager (SCMPipelineManager.java:onMessage(479)) - receive pipeline PipelineID=3fe5f95f-621c-4581-a628-bc63da3246aa create status EXECUTED
2019-09-20 09:33:20,396 [EventQueue-CreatePipelineStatusForSCMPipelineManager] INFO  pipeline.PipelineStateManager (PipelineStateManager.java:openPipeline(134)) - Pipeline Pipeline[ Id: 3fe5f95f-621c-4581-a628-bc63da3246aa, Nodes: ba1e65fe-7169-476d-a778-4df70d7cdd6e{ip: 192.168.151.119, host: pr-hdds-2034-wmsbd-1222111393, networkLocation: /default-rack, certSerialId: null}, Type:RATIS, Factor:ONE, State:ALLOCATED] moved to OPEN state
add pipeline PipelineID=3fe5f95f-621c-4581-a628-bc63da3246aa to metrics map
2019-09-20 09:33:20,475 | INFO  | SCMAudit | user=jenkins1000 | ip=192.168.151.119 | op=SEND_HEARTBEAT {datanodeUUID=37b777df-de08-4da5-9630-325a3e0e88a6, command=[]} | ret=SUCCESS |  
2019-09-20 09:33:20,475 [EventQueue-CreatePipelineStatusForSCMPipelineManager] INFO  pipeline.SCMPipelineManager (SCMPipelineManager.java:onMessage(479)) - receive pipeline PipelineID=9c217ec5-c6e8-4811-8942-e6971277b14e create status EXECUTED
2019-09-20 09:33:20,476 [EventQueue-CreatePipelineStatusForSCMPipelineManager] INFO  pipeline.PipelineStateManager (PipelineStateManager.java:openPipeline(134)) - Pipeline Pipeline[ Id: 9c217ec5-c6e8-4811-8942-e6971277b14e, Nodes: 37b777df-de08-4da5-9630-325a3e0e88a6{ip: 192.168.151.119, host: pr-hdds-2034-wmsbd-1222111393, networkLocation: /default-rack, certSerialId: null}, Type:RATIS, Factor:ONE, State:ALLOCATED] moved to OPEN state
add pipeline PipelineID=9c217ec5-c6e8-4811-8942-e6971277b14e to metrics map
2019-09-20 09:33:20,476 [EventQueue-CreatePipelineStatusForSCMPipelineManager] INFO  pipeline.SCMPipelineManager (SCMPipelineManager.java:onMessage(479)) - receive pipeline PipelineID=6b21fe18-2200-4b20-94b6-13440712a48a create status EXECUTED
add pipeline PipelineID=6b21fe18-2200-4b20-94b6-13440712a48a to metrics map
2019-09-20 09:33:20,591 [EventQueue-CreatePipelineStatusForSCMPipelineManager] INFO  pipeline.SCMPipelineManager (SCMPipelineManager.java:onMessage(479)) - receive pipeline PipelineID=72ec9e48-db96-4ff8-ab10-26ba44e1c42b create status EXECUTED
2019-09-20 09:33:20,591 | INFO  | SCMAudit | user=jenkins1000 | ip=192.168.151.119 | op=SEND_HEARTBEAT {datanodeUUID=10741cbd-d620-4a9b-9e67-51db8a2e0e6a, command=[]} | ret=SUCCESS |  
2019-09-20 09:33:20,591 [EventQueue-CreatePipelineStatusForSCMPipelineManager] INFO  pipeline.SCMPipelineManager (SCMPipelineManager.java:onMessage(479)) - receive pipeline PipelineID=7512e4f8-687e-4af8-bb72-a09878a86b11 create status EXECUTED
2019-09-20 09:33:20,592 [EventQueue-CreatePipelineStatusForSCMPipelineManager] INFO  pipeline.PipelineStateManager (PipelineStateManager.java:openPipeline(134)) - Pipeline Pipeline[ Id: 7512e4f8-687e-4af8-bb72-a09878a86b11, Nodes: 10741cbd-d620-4a9b-9e67-51db8a2e0e6a{ip: 192.168.151.119, host: pr-hdds-2034-wmsbd-1222111393, networkLocation: /default-rack, certSerialId: null}, Type:RATIS, Factor:ONE, State:ALLOCATED] moved to OPEN state
add pipeline PipelineID=7512e4f8-687e-4af8-bb72-a09878a86b11 to metrics map
2019-09-20 09:33:20,697 | INFO  | SCMAudit | user=jenkins1000 | ip=192.168.151.119 | op=SEND_HEARTBEAT {datanodeUUID=d072c18a-1b53-41d5-bae5-b82be0790279, command=[]} | ret=SUCCESS |  
2019-09-20 09:33:20,802 | INFO  | SCMAudit | user=jenkins1000 | ip=192.168.151.119 | op=SEND_HEARTBEAT {datanodeUUID=d4fa05df-3099-4015-ad0e-4200365d2035, command=[]} | ret=SUCCESS |  
2019-09-20 09:33:20,802 [EventQueue-CreatePipelineStatusForSCMPipelineManager] INFO  pipeline.SCMPipelineManager (SCMPipelineManager.java:onMessage(479)) - receive pipeline PipelineID=72ec9e48-db96-4ff8-ab10-26ba44e1c42b create status EXECUTED
add pipeline PipelineID=72ec9e48-db96-4ff8-ab10-26ba44e1c42b to metrics map
2019-09-20 09:33:20,802 [EventQueue-CreatePipelineStatusForSCMPipelineManager] INFO  pipeline.SCMPipelineManager (SCMPipelineManager.java:onMessage(479)) - receive pipeline PipelineID=c02e05ea-29b8-474a-a7f4-54fd04f27c82 create status EXECUTED
2019-09-20 09:33:20,802 [EventQueue-CreatePipelineStatusForSCMPipelineManager] INFO  pipeline.PipelineStateManager (PipelineStateManager.java:openPipeline(134)) - Pipeline Pipeline[ Id: c02e05ea-29b8-474a-a7f4-54fd04f27c82, Nodes: d4fa05df-3099-4015-ad0e-4200365d2035{ip: 192.168.151.119, host: pr-hdds-2034-wmsbd-1222111393, networkLocation: /default-rack, certSerialId: null}, Type:RATIS, Factor:ONE, State:ALLOCATED] moved to OPEN state
add pipeline PipelineID=c02e05ea-29b8-474a-a7f4-54fd04f27c82 to metrics map
2019-09-20 09:33:20,991 | INFO  | SCMAudit | user=jenkins1000 | ip=192.168.151.119 | op=SEND_HEARTBEAT {datanodeUUID=86933813-1e1e-464a-ae0f-2ef91831d02b, command=[]} | ret=SUCCESS |  
2019-09-20 09:33:21,116 [grpc-default-executor-2] INFO  client.GrpcClientProtocolClient (GrpcClientProtocolClient.java:onNext(255)) - client-05D5A58C38F8->4d6fff4c-5cb6-40a3-b677-a76fbdc0054d: receive RaftClientReply:client-05D5A58C38F8->4d6fff4c-5cb6-40a3-b677-a76fbdc0054d@group-13440712A48A, cid=42, FAILED org.apache.ratis.protocol.NotLeaderException: Server 4d6fff4c-5cb6-40a3-b677-a76fbdc0054d is not the leader (null). Request must be sent to leader., logIndex=0, commits[4d6fff4c-5cb6-40a3-b677-a76fbdc0054d:c-1]
2019-09-20 09:33:21,155 | INFO  | SCMAudit | user=jenkins1000 | ip=192.168.151.119 | op=SEND_HEARTBEAT {datanodeUUID=4d6fff4c-5cb6-40a3-b677-a76fbdc0054d, command=[]} | ret=SUCCESS |  
2019-09-20 09:33:21,395 | INFO  | SCMAudit | user=jenkins1000 | ip=192.168.151.119 | op=SEND_HEARTBEAT {datanodeUUID=ba1e65fe-7169-476d-a778-4df70d7cdd6e, command=[]} | ret=SUCCESS |  
2019-09-20 09:33:21,475 | INFO  | SCMAudit | user=jenkins1000 | ip=192.168.151.119 | op=SEND_HEARTBEAT {datanodeUUID=37b777df-de08-4da5-9630-325a3e0e88a6, command=[]} | ret=SUCCESS |  
2019-09-20 09:33:21,591 | INFO  | SCMAudit | user=jenkins1000 | ip=192.168.151.119 | op=SEND_HEARTBEAT {datanodeUUID=10741cbd-d620-4a9b-9e67-51db8a2e0e6a, command=[]} | ret=SUCCESS |  
2019-09-20 09:33:21,696 | INFO  | SCMAudit | user=jenkins1000 | ip=192.168.151.119 | op=SEND_HEARTBEAT {datanodeUUID=d072c18a-1b53-41d5-bae5-b82be0790279, command=[]} | ret=SUCCESS |  
2019-09-20 09:33:21,802 | INFO  | SCMAudit | user=jenkins1000 | ip=192.168.151.119 | op=SEND_HEARTBEAT {datanodeUUID=d4fa05df-3099-4015-ad0e-4200365d2035, command=[]} | ret=SUCCESS |  
2019-09-20 09:33:21,987 | INFO  | SCMAudit | user=jenkins1000 | ip=192.168.151.119 | op=SEND_HEARTBEAT {datanodeUUID=86933813-1e1e-464a-ae0f-2ef91831d02b, command=[]} | ret=SUCCESS |  
2019-09-20 09:33:21,987 [EventQueue-CreatePipelineStatusForSCMPipelineManager] INFO  pipeline.SCMPipelineManager (SCMPipelineManager.java:onMessage(479)) - receive pipeline PipelineID=e05c9f1b-d954-4a7c-bb45-f09811a33c7b create status EXECUTED
2019-09-20 09:33:21,988 [EventQueue-CreatePipelineStatusForSCMPipelineManager] INFO  pipeline.PipelineStateManager (PipelineStateManager.java:openPipeline(134)) - Pipeline Pipeline[ Id: e05c9f1b-d954-4a7c-bb45-f09811a33c7b, Nodes: 86933813-1e1e-464a-ae0f-2ef91831d02b{ip: 192.168.151.119, host: pr-hdds-2034-wmsbd-1222111393, networkLocation: /default-rack, certSerialId: null}, Type:RATIS, Factor:ONE, State:ALLOCATED] moved to OPEN state
add pipeline PipelineID=e05c9f1b-d954-4a7c-bb45-f09811a33c7b to metrics map
2019-09-20 09:33:22,131 [grpc-default-executor-5] INFO  client.GrpcClientProtocolClient (GrpcClientProtocolClient.java:onNext(255)) - client-05D5A58C38F8->d072c18a-1b53-41d5-bae5-b82be0790279: receive RaftClientReply:client-05D5A58C38F8->d072c18a-1b53-41d5-bae5-b82be0790279@group-13440712A48A, cid=42, FAILED org.apache.ratis.protocol.NotLeaderException: Server d072c18a-1b53-41d5-bae5-b82be0790279 is not the leader (null). Request must be sent to leader., logIndex=0, commits[d072c18a-1b53-41d5-bae5-b82be0790279:c-1]
2019-09-20 09:33:22,155 | INFO  | SCMAudit | user=jenkins1000 | ip=192.168.151.119 | op=SEND_HEARTBEAT {datanodeUUID=4d6fff4c-5cb6-40a3-b677-a76fbdc0054d, command=[]} | ret=SUCCESS |  
2019-09-20 09:33:22,395 | INFO  | SCMAudit | user=jenkins1000 | ip=192.168.151.119 | op=SEND_HEARTBEAT {datanodeUUID=ba1e65fe-7169-476d-a778-4df70d7cdd6e, command=[]} | ret=SUCCESS |  
2019-09-20 09:33:22,476 | INFO  | SCMAudit | user=jenkins1000 | ip=192.168.151.119 | op=SEND_HEARTBEAT {datanodeUUID=37b777df-de08-4da5-9630-325a3e0e88a6, command=[]} | ret=SUCCESS |  
2019-09-20 09:33:22,592 | INFO  | SCMAudit | user=jenkins1000 | ip=192.168.151.119 | op=SEND_HEARTBEAT {datanodeUUID=10741cbd-d620-4a9b-9e67-51db8a2e0e6a, command=[]} | ret=SUCCESS |  
2019-09-20 09:33:22,697 | INFO  | SCMAudit | user=jenkins1000 | ip=192.168.151.119 | op=SEND_HEARTBEAT {datanodeUUID=d072c18a-1b53-41d5-bae5-b82be0790279, command=[]} | ret=SUCCESS |  
2019-09-20 09:33:22,702 [Thread-911] INFO  container.ReplicationManager (ReplicationManager.java:start(151)) - Starting Replication Monitor Thread.
2019-09-20 09:33:22,707 [ReplicationMonitor] INFO  container.ReplicationManager (ReplicationManager.java:run(214)) - Replication Monitor Thread took 1 milliseconds for processing 3 containers.
2019-09-20 09:33:22,802 | INFO  | SCMAudit | user=jenkins1000 | ip=192.168.151.119 | op=SEND_HEARTBEAT {datanodeUUID=d4fa05df-3099-4015-ad0e-4200365d2035, command=[]} | ret=SUCCESS |  
2019-09-20 09:33:22,987 | INFO  | SCMAudit | user=jenkins1000 | ip=192.168.151.119 | op=SEND_HEARTBEAT {datanodeUUID=86933813-1e1e-464a-ae0f-2ef91831d02b, command=[]} | ret=SUCCESS |  
2019-09-20 09:33:23,148 [grpc-default-executor-2] INFO  client.GrpcClientProtocolClient (GrpcClientProtocolClient.java:onNext(255)) - client-05D5A58C38F8->37b777df-de08-4da5-9630-325a3e0e88a6: receive RaftClientReply:client-05D5A58C38F8->37b777df-de08-4da5-9630-325a3e0e88a6@group-13440712A48A, cid=42, FAILED org.apache.ratis.protocol.NotLeaderException: Server 37b777df-de08-4da5-9630-325a3e0e88a6 is not the leader (null). Request must be sent to leader., logIndex=0, commits[37b777df-de08-4da5-9630-325a3e0e88a6:c-1]
2019-09-20 09:33:23,156 | INFO  | SCMAudit | user=jenkins1000 | ip=192.168.151.119 | op=SEND_HEARTBEAT {datanodeUUID=4d6fff4c-5cb6-40a3-b677-a76fbdc0054d, command=[]} | ret=SUCCESS |  
2019-09-20 09:33:23,395 | INFO  | SCMAudit | user=jenkins1000 | ip=192.168.151.119 | op=SEND_HEARTBEAT {datanodeUUID=ba1e65fe-7169-476d-a778-4df70d7cdd6e, command=[]} | ret=SUCCESS |  
2019-09-20 09:33:23,475 | INFO  | SCMAudit | user=jenkins1000 | ip=192.168.151.119 | op=SEND_HEARTBEAT {datanodeUUID=37b777df-de08-4da5-9630-325a3e0e88a6, command=[]} | ret=SUCCESS |  
2019-09-20 09:33:23,591 | INFO  | SCMAudit | user=jenkins1000 | ip=192.168.151.119 | op=SEND_HEARTBEAT {datanodeUUID=10741cbd-d620-4a9b-9e67-51db8a2e0e6a, command=[]} | ret=SUCCESS |  
2019-09-20 09:33:23,640 [Thread-877] INFO  impl.FollowerState (FollowerState.java:run(106)) - 37b777df-de08-4da5-9630-325a3e0e88a6:group-E6971277B14E changes to CANDIDATE, lastRpcTime:5070, electionTimeout:5070ms
2019-09-20 09:33:23,640 [Thread-877] INFO  impl.RoleInfo (RoleInfo.java:shutdownFollowerState(121)) - 37b777df-de08-4da5-9630-325a3e0e88a6: shutdown FollowerState
2019-09-20 09:33:23,640 [Thread-877] INFO  impl.RaftServerImpl (RaftServerImpl.java:setRole(171)) - 37b777df-de08-4da5-9630-325a3e0e88a6:group-E6971277B14E changes role from FOLLOWER to CANDIDATE at term 0 for changeToCandidate
2019-09-20 09:33:23,640 [Thread-877] INFO  impl.RoleInfo (RoleInfo.java:updateAndGet(143)) - 37b777df-de08-4da5-9630-325a3e0e88a6: start LeaderElection
2019-09-20 09:33:23,696 | INFO  | SCMAudit | user=jenkins1000 | ip=192.168.151.119 | op=SEND_HEARTBEAT {datanodeUUID=d072c18a-1b53-41d5-bae5-b82be0790279, command=[]} | ret=SUCCESS |  
2019-09-20 09:33:23,702 [37b777df-de08-4da5-9630-325a3e0e88a6:group-E6971277B14E:LeaderElection39] INFO  impl.LeaderElection (LeaderElection.java:askForVotes(181)) - 37b777df-de08-4da5-9630-325a3e0e88a6:group-E6971277B14E:LeaderElection39: begin an election at term 1 for -1: [37b777df-de08-4da5-9630-325a3e0e88a6:192.168.151.119:35524], old=null
2019-09-20 09:33:23,702 [37b777df-de08-4da5-9630-325a3e0e88a6:group-E6971277B14E:LeaderElection39] INFO  impl.RoleInfo (RoleInfo.java:shutdownLeaderElection(134)) - 37b777df-de08-4da5-9630-325a3e0e88a6: shutdown LeaderElection
2019-09-20 09:33:23,702 [37b777df-de08-4da5-9630-325a3e0e88a6:group-E6971277B14E:LeaderElection39] INFO  impl.RaftServerImpl (RaftServerImpl.java:setRole(171)) - 37b777df-de08-4da5-9630-325a3e0e88a6:group-E6971277B14E changes role from CANDIDATE to LEADER at term 1 for changeToLeader
2019-09-20 09:33:23,702 [37b777df-de08-4da5-9630-325a3e0e88a6:group-E6971277B14E:LeaderElection39] INFO  impl.RaftServerImpl (ServerState.java:setLeader(263)) - 37b777df-de08-4da5-9630-325a3e0e88a6:group-E6971277B14E change Leader from null to 37b777df-de08-4da5-9630-325a3e0e88a6 at term 1 for becomeLeader, leader elected after 5138ms
2019-09-20 09:33:23,705 [37b777df-de08-4da5-9630-325a3e0e88a6:group-E6971277B14E:LeaderElection39] INFO  server.RaftServerConfigKeys (ConfUtils.java:logGet(43)) - raft.server.staging.catchup.gap = 1000 (default)
2019-09-20 09:33:23,705 [37b777df-de08-4da5-9630-325a3e0e88a6:group-E6971277B14E:LeaderElection39] INFO  server.RaftServerConfigKeys (ConfUtils.java:logGet(43)) - raft.server.rpc.sleep.time = 25ms (default)
2019-09-20 09:33:23,706 [37b777df-de08-4da5-9630-325a3e0e88a6:group-E6971277B14E:LeaderElection39] INFO  server.RaftServerConfigKeys (ConfUtils.java:logGet(43)) - raft.server.write.element-limit = 4096 (default)
2019-09-20 09:33:23,706 [37b777df-de08-4da5-9630-325a3e0e88a6:group-E6971277B14E:LeaderElection39] INFO  server.RaftServerConfigKeys (ConfUtils.java:logGet(43)) - raft.server.watch.timeout = 10s (default)
2019-09-20 09:33:23,706 [37b777df-de08-4da5-9630-325a3e0e88a6:group-E6971277B14E:LeaderElection39] INFO  server.RaftServerConfigKeys (ConfUtils.java:logGet(43)) - raft.server.watch.timeout.denomination = 1s (default)
2019-09-20 09:33:23,706 [37b777df-de08-4da5-9630-325a3e0e88a6:group-E6971277B14E:LeaderElection39] INFO  server.RaftServerConfigKeys (ConfUtils.java:logGet(43)) - raft.server.watch.element-limit = 65536 (default)
2019-09-20 09:33:23,707 [37b777df-de08-4da5-9630-325a3e0e88a6:group-E6971277B14E:LeaderElection39] INFO  impl.RoleInfo (RoleInfo.java:updateAndGet(143)) - 37b777df-de08-4da5-9630-325a3e0e88a6: start LeaderState
2019-09-20 09:33:23,707 [37b777df-de08-4da5-9630-325a3e0e88a6:group-E6971277B14E:LeaderElection39] INFO  segmented.SegmentedRaftLogWorker (SegmentedRaftLogWorker.java:startLogSegment(380)) - 37b777df-de08-4da5-9630-325a3e0e88a6-SegmentedRaftLogWorker:Storage Directory /workdir/hadoop-ozone/integration-test/target/test-dir/MiniOzoneClusterImpl-b51a347c-4d32-49ce-97bb-8b27036901e7/datanode-0/data/ratis/9c217ec5-c6e8-4811-8942-e6971277b14e: Starting segment from index:0
2019-09-20 09:33:23,708 [37b777df-de08-4da5-9630-325a3e0e88a6:group-E6971277B14E:LeaderElection39] INFO  impl.RaftServerImpl (ServerState.java:setRaftConf(361)) - 37b777df-de08-4da5-9630-325a3e0e88a6:group-E6971277B14E set configuration 0: [37b777df-de08-4da5-9630-325a3e0e88a6:192.168.151.119:35524], old=null at 0
2019-09-20 09:33:23,747 [Thread-880] INFO  impl.FollowerState (FollowerState.java:run(106)) - 37b777df-de08-4da5-9630-325a3e0e88a6:group-13440712A48A changes to CANDIDATE, lastRpcTime:5117, electionTimeout:5099ms
2019-09-20 09:33:23,747 [Thread-880] INFO  impl.RoleInfo (RoleInfo.java:shutdownFollowerState(121)) - 37b777df-de08-4da5-9630-325a3e0e88a6: shutdown FollowerState
2019-09-20 09:33:23,748 [Thread-880] INFO  impl.RaftServerImpl (RaftServerImpl.java:setRole(171)) - 37b777df-de08-4da5-9630-325a3e0e88a6:group-13440712A48A changes role from FOLLOWER to CANDIDATE at term 0 for changeToCandidate
2019-09-20 09:33:23,748 [Thread-880] INFO  impl.RoleInfo (RoleInfo.java:updateAndGet(143)) - 37b777df-de08-4da5-9630-325a3e0e88a6: start LeaderElection
2019-09-20 09:33:23,760 [37b777df-de08-4da5-9630-325a3e0e88a6-SegmentedRaftLogWorker:Storage Directory /workdir/hadoop-ozone/integration-test/target/test-dir/MiniOzoneClusterImpl-b51a347c-4d32-49ce-97bb-8b27036901e7/datanode-0/data/ratis/9c217ec5-c6e8-4811-8942-e6971277b14e] INFO  segmented.SegmentedRaftLogWorker (SegmentedRaftLogWorker.java:execute(569)) - 37b777df-de08-4da5-9630-325a3e0e88a6-SegmentedRaftLogWorker:Storage Directory /workdir/hadoop-ozone/integration-test/target/test-dir/MiniOzoneClusterImpl-b51a347c-4d32-49ce-97bb-8b27036901e7/datanode-0/data/ratis/9c217ec5-c6e8-4811-8942-e6971277b14e: created new log segment /workdir/hadoop-ozone/integration-test/target/test-dir/MiniOzoneClusterImpl-b51a347c-4d32-49ce-97bb-8b27036901e7/datanode-0/data/ratis/9c217ec5-c6e8-4811-8942-e6971277b14e/current/log_inprogress_0
2019-09-20 09:33:23,760 [37b777df-de08-4da5-9630-325a3e0e88a6:group-13440712A48A:LeaderElection40] INFO  impl.LeaderElection (LeaderElection.java:askForVotes(181)) - 37b777df-de08-4da5-9630-325a3e0e88a6:group-13440712A48A:LeaderElection40: begin an election at term 1 for -1: [d072c18a-1b53-41d5-bae5-b82be0790279:192.168.151.119:38666, 37b777df-de08-4da5-9630-325a3e0e88a6:192.168.151.119:35524, 4d6fff4c-5cb6-40a3-b677-a76fbdc0054d:192.168.151.119:46744], old=null
2019-09-20 09:33:23,766 [grpc-default-executor-2] INFO  impl.RaftServerImpl (RaftServerImpl.java:setRole(171)) - 4d6fff4c-5cb6-40a3-b677-a76fbdc0054d:group-13440712A48A changes role from FOLLOWER to FOLLOWER at term 1 for recognizeCandidate:37b777df-de08-4da5-9630-325a3e0e88a6
2019-09-20 09:33:23,766 [grpc-default-executor-5] INFO  impl.RaftServerImpl (RaftServerImpl.java:setRole(171)) - d072c18a-1b53-41d5-bae5-b82be0790279:group-13440712A48A changes role from FOLLOWER to FOLLOWER at term 1 for recognizeCandidate:37b777df-de08-4da5-9630-325a3e0e88a6
2019-09-20 09:33:23,766 [grpc-default-executor-2] INFO  impl.RoleInfo (RoleInfo.java:shutdownFollowerState(121)) - 4d6fff4c-5cb6-40a3-b677-a76fbdc0054d: shutdown FollowerState
2019-09-20 09:33:23,766 [grpc-default-executor-5] INFO  impl.RoleInfo (RoleInfo.java:shutdownFollowerState(121)) - d072c18a-1b53-41d5-bae5-b82be0790279: shutdown FollowerState
2019-09-20 09:33:23,766 [Thread-892] INFO  impl.FollowerState (FollowerState.java:run(114)) - 4d6fff4c-5cb6-40a3-b677-a76fbdc0054d: FollowerState was interrupted: java.lang.InterruptedException: sleep interrupted
2019-09-20 09:33:23,766 [grpc-default-executor-2] INFO  impl.RoleInfo (RoleInfo.java:updateAndGet(143)) - 4d6fff4c-5cb6-40a3-b677-a76fbdc0054d: start FollowerState
2019-09-20 09:33:23,767 [Thread-886] INFO  impl.FollowerState (FollowerState.java:run(114)) - d072c18a-1b53-41d5-bae5-b82be0790279: FollowerState was interrupted: java.lang.InterruptedException: sleep interrupted
2019-09-20 09:33:23,766 [grpc-default-executor-5] INFO  impl.RoleInfo (RoleInfo.java:updateAndGet(143)) - d072c18a-1b53-41d5-bae5-b82be0790279: start FollowerState
2019-09-20 09:33:23,787 [37b777df-de08-4da5-9630-325a3e0e88a6:group-13440712A48A:LeaderElection40] INFO  impl.LeaderElection (LeaderElection.java:logAndReturn(56)) - 37b777df-de08-4da5-9630-325a3e0e88a6:group-13440712A48A:LeaderElection40: Election PASSED; received 1 response(s) [37b777df-de08-4da5-9630-325a3e0e88a6<-d072c18a-1b53-41d5-bae5-b82be0790279#0:OK-t1] and 0 exception(s); 37b777df-de08-4da5-9630-325a3e0e88a6:t1, leader=null, voted=37b777df-de08-4da5-9630-325a3e0e88a6, raftlog=37b777df-de08-4da5-9630-325a3e0e88a6-SegmentedRaftLog:OPENED:c-1,f-1,i0, conf=-1: [d072c18a-1b53-41d5-bae5-b82be0790279:192.168.151.119:38666, 37b777df-de08-4da5-9630-325a3e0e88a6:192.168.151.119:35524, 4d6fff4c-5cb6-40a3-b677-a76fbdc0054d:192.168.151.119:46744], old=null
2019-09-20 09:33:23,787 [37b777df-de08-4da5-9630-325a3e0e88a6:group-13440712A48A:LeaderElection40] INFO  impl.RoleInfo (RoleInfo.java:shutdownLeaderElection(134)) - 37b777df-de08-4da5-9630-325a3e0e88a6: shutdown LeaderElection
2019-09-20 09:33:23,787 [37b777df-de08-4da5-9630-325a3e0e88a6:group-13440712A48A:LeaderElection40] INFO  impl.RaftServerImpl (RaftServerImpl.java:setRole(171)) - 37b777df-de08-4da5-9630-325a3e0e88a6:group-13440712A48A changes role from CANDIDATE to LEADER at term 1 for changeToLeader
2019-09-20 09:33:23,787 [37b777df-de08-4da5-9630-325a3e0e88a6:group-13440712A48A:LeaderElection40] INFO  impl.RaftServerImpl (ServerState.java:setLeader(263)) - 37b777df-de08-4da5-9630-325a3e0e88a6:group-13440712A48A change Leader from null to 37b777df-de08-4da5-9630-325a3e0e88a6 at term 1 for becomeLeader, leader elected after 5162ms
2019-09-20 09:33:23,787 [37b777df-de08-4da5-9630-325a3e0e88a6:group-13440712A48A:LeaderElection40] INFO  server.RaftServerConfigKeys (ConfUtils.java:logGet(43)) - raft.server.staging.catchup.gap = 1000 (default)
2019-09-20 09:33:23,788 [37b777df-de08-4da5-9630-325a3e0e88a6:group-13440712A48A:LeaderElection40] INFO  server.RaftServerConfigKeys (ConfUtils.java:logGet(43)) - raft.server.rpc.sleep.time = 25ms (default)
2019-09-20 09:33:23,788 [37b777df-de08-4da5-9630-325a3e0e88a6:group-13440712A48A:LeaderElection40] INFO  server.RaftServerConfigKeys (ConfUtils.java:logGet(43)) - raft.server.write.element-limit = 4096 (default)
2019-09-20 09:33:23,788 [37b777df-de08-4da5-9630-325a3e0e88a6:group-13440712A48A:LeaderElection40] INFO  server.RaftServerConfigKeys (ConfUtils.java:logGet(43)) - raft.server.watch.timeout = 10s (default)
2019-09-20 09:33:23,788 [37b777df-de08-4da5-9630-325a3e0e88a6:group-13440712A48A:LeaderElection40] INFO  server.RaftServerConfigKeys (ConfUtils.java:logGet(43)) - raft.server.watch.timeout.denomination = 1s (default)
2019-09-20 09:33:23,788 [37b777df-de08-4da5-9630-325a3e0e88a6:group-13440712A48A:LeaderElection40] INFO  server.RaftServerConfigKeys (ConfUtils.java:logGet(43)) - raft.server.watch.element-limit = 65536 (default)
2019-09-20 09:33:23,788 [37b777df-de08-4da5-9630-325a3e0e88a6:group-13440712A48A:LeaderElection40] INFO  server.RaftServerConfigKeys (ConfUtils.java:logGet(43)) - raft.server.log.appender.snapshot.chunk.size.max = 16MB (=16777216) (default)
2019-09-20 09:33:23,789 [37b777df-de08-4da5-9630-325a3e0e88a6:group-13440712A48A:LeaderElection40] INFO  server.RaftServerConfigKeys (ConfUtils.java:logGet(43)) - raft.server.log.appender.buffer.byte-limit = 33554432 (custom)
2019-09-20 09:33:23,789 [37b777df-de08-4da5-9630-325a3e0e88a6:group-13440712A48A:LeaderElection40] INFO  server.RaftServerConfigKeys (ConfUtils.java:logGet(43)) - raft.server.log.appender.buffer.element-limit = 1 (custom)
2019-09-20 09:33:23,789 [37b777df-de08-4da5-9630-325a3e0e88a6:group-13440712A48A:LeaderElection40] INFO  grpc.GrpcConfigKeys$Server (ConfUtils.java:logGet(43)) - raft.grpc.server.leader.outstanding.appends.max = 128 (default)
2019-09-20 09:33:23,789 [37b777df-de08-4da5-9630-325a3e0e88a6:group-13440712A48A:LeaderElection40] INFO  server.RaftServerConfigKeys (ConfUtils.java:logGet(43)) - raft.server.rpc.request.timeout = 3000ms (default)
2019-09-20 09:33:23,789 [37b777df-de08-4da5-9630-325a3e0e88a6:group-13440712A48A:LeaderElection40] INFO  server.RaftServerConfigKeys (ConfUtils.java:logGet(43)) - raft.server.log.appender.install.snapshot.enabled = false (custom)
2019-09-20 09:33:23,790 [37b777df-de08-4da5-9630-325a3e0e88a6:group-13440712A48A:LeaderElection40] INFO  server.RaftServerConfigKeys (ConfUtils.java:logGet(43)) - raft.server.log.appender.snapshot.chunk.size.max = 16MB (=16777216) (default)
2019-09-20 09:33:23,790 [37b777df-de08-4da5-9630-325a3e0e88a6:group-13440712A48A:LeaderElection40] INFO  server.RaftServerConfigKeys (ConfUtils.java:logGet(43)) - raft.server.log.appender.buffer.byte-limit = 33554432 (custom)
2019-09-20 09:33:23,790 [37b777df-de08-4da5-9630-325a3e0e88a6:group-13440712A48A:LeaderElection40] INFO  server.RaftServerConfigKeys (ConfUtils.java:logGet(43)) - raft.server.log.appender.buffer.element-limit = 1 (custom)
2019-09-20 09:33:23,790 [37b777df-de08-4da5-9630-325a3e0e88a6:group-13440712A48A:LeaderElection40] INFO  grpc.GrpcConfigKeys$Server (ConfUtils.java:logGet(43)) - raft.grpc.server.leader.outstanding.appends.max = 128 (default)
2019-09-20 09:33:23,790 [37b777df-de08-4da5-9630-325a3e0e88a6:group-13440712A48A:LeaderElection40] INFO  server.RaftServerConfigKeys (ConfUtils.java:logGet(43)) - raft.server.rpc.request.timeout = 3000ms (default)
2019-09-20 09:33:23,790 [37b777df-de08-4da5-9630-325a3e0e88a6:group-13440712A48A:LeaderElection40] INFO  server.RaftServerConfigKeys (ConfUtils.java:logGet(43)) - raft.server.log.appender.install.snapshot.enabled = false (custom)
2019-09-20 09:33:23,791 [37b777df-de08-4da5-9630-325a3e0e88a6:group-13440712A48A:LeaderElection40] INFO  impl.RoleInfo (RoleInfo.java:updateAndGet(143)) - 37b777df-de08-4da5-9630-325a3e0e88a6: start LeaderState
2019-09-20 09:33:23,791 [37b777df-de08-4da5-9630-325a3e0e88a6:group-13440712A48A:LeaderElection40] INFO  segmented.SegmentedRaftLogWorker (SegmentedRaftLogWorker.java:startLogSegment(380)) - 37b777df-de08-4da5-9630-325a3e0e88a6-SegmentedRaftLogWorker:Storage Directory /workdir/hadoop-ozone/integration-test/target/test-dir/MiniOzoneClusterImpl-b51a347c-4d32-49ce-97bb-8b27036901e7/datanode-0/data/ratis/6b21fe18-2200-4b20-94b6-13440712a48a: Starting segment from index:0
2019-09-20 09:33:23,792 [37b777df-de08-4da5-9630-325a3e0e88a6:group-13440712A48A:LeaderElection40] INFO  impl.RaftServerImpl (ServerState.java:setRaftConf(361)) - 37b777df-de08-4da5-9630-325a3e0e88a6:group-13440712A48A set configuration 0: [d072c18a-1b53-41d5-bae5-b82be0790279:192.168.151.119:38666, 37b777df-de08-4da5-9630-325a3e0e88a6:192.168.151.119:35524, 4d6fff4c-5cb6-40a3-b677-a76fbdc0054d:192.168.151.119:46744], old=null at 0
2019-09-20 09:33:23,825 | INFO  | SCMAudit | user=jenkins1000 | ip=192.168.151.119 | op=SEND_HEARTBEAT {datanodeUUID=d4fa05df-3099-4015-ad0e-4200365d2035, command=[]} | ret=SUCCESS |  
2019-09-20 09:33:23,826 [grpc-default-executor-5] INFO  impl.RaftServerImpl (ServerState.java:setLeader(263)) - d072c18a-1b53-41d5-bae5-b82be0790279:group-13440712A48A change Leader from null to 37b777df-de08-4da5-9630-325a3e0e88a6 at term 1 for appendEntries, leader elected after 5042ms
2019-09-20 09:33:23,826 [grpc-default-executor-2] INFO  impl.RaftServerImpl (ServerState.java:setLeader(263)) - 4d6fff4c-5cb6-40a3-b677-a76fbdc0054d:group-13440712A48A change Leader from null to 37b777df-de08-4da5-9630-325a3e0e88a6 at term 1 for appendEntries, leader elected after 4581ms
2019-09-20 09:33:23,837 [37b777df-de08-4da5-9630-325a3e0e88a6-SegmentedRaftLogWorker:Storage Directory /workdir/hadoop-ozone/integration-test/target/test-dir/MiniOzoneClusterImpl-b51a347c-4d32-49ce-97bb-8b27036901e7/datanode-0/data/ratis/6b21fe18-2200-4b20-94b6-13440712a48a] INFO  segmented.SegmentedRaftLogWorker (SegmentedRaftLogWorker.java:execute(569)) - 37b777df-de08-4da5-9630-325a3e0e88a6-SegmentedRaftLogWorker:Storage Directory /workdir/hadoop-ozone/integration-test/target/test-dir/MiniOzoneClusterImpl-b51a347c-4d32-49ce-97bb-8b27036901e7/datanode-0/data/ratis/6b21fe18-2200-4b20-94b6-13440712a48a: created new log segment /workdir/hadoop-ozone/integration-test/target/test-dir/MiniOzoneClusterImpl-b51a347c-4d32-49ce-97bb-8b27036901e7/datanode-0/data/ratis/6b21fe18-2200-4b20-94b6-13440712a48a/current/log_inprogress_0
2019-09-20 09:33:23,840 [grpc-default-executor-2] INFO  impl.RaftServerImpl (ServerState.java:setRaftConf(361)) - 4d6fff4c-5cb6-40a3-b677-a76fbdc0054d:group-13440712A48A set configuration 0: [d072c18a-1b53-41d5-bae5-b82be0790279:192.168.151.119:38666, 37b777df-de08-4da5-9630-325a3e0e88a6:192.168.151.119:35524, 4d6fff4c-5cb6-40a3-b677-a76fbdc0054d:192.168.151.119:46744], old=null at 0
2019-09-20 09:33:23,840 [grpc-default-executor-5] INFO  impl.RaftServerImpl (ServerState.java:setRaftConf(361)) - d072c18a-1b53-41d5-bae5-b82be0790279:group-13440712A48A set configuration 0: [d072c18a-1b53-41d5-bae5-b82be0790279:192.168.151.119:38666, 37b777df-de08-4da5-9630-325a3e0e88a6:192.168.151.119:35524, 4d6fff4c-5cb6-40a3-b677-a76fbdc0054d:192.168.151.119:46744], old=null at 0
2019-09-20 09:33:23,840 [grpc-default-executor-2] INFO  segmented.SegmentedRaftLogWorker (SegmentedRaftLogWorker.java:startLogSegment(380)) - 4d6fff4c-5cb6-40a3-b677-a76fbdc0054d-SegmentedRaftLogWorker:Storage Directory /workdir/hadoop-ozone/integration-test/target/test-dir/MiniOzoneClusterImpl-b51a347c-4d32-49ce-97bb-8b27036901e7/datanode-2/data/ratis/6b21fe18-2200-4b20-94b6-13440712a48a: Starting segment from index:0
2019-09-20 09:33:23,840 [grpc-default-executor-5] INFO  segmented.SegmentedRaftLogWorker (SegmentedRaftLogWorker.java:startLogSegment(380)) - d072c18a-1b53-41d5-bae5-b82be0790279-SegmentedRaftLogWorker:Storage Directory /workdir/hadoop-ozone/integration-test/target/test-dir/MiniOzoneClusterImpl-b51a347c-4d32-49ce-97bb-8b27036901e7/datanode-1/data/ratis/6b21fe18-2200-4b20-94b6-13440712a48a: Starting segment from index:0
2019-09-20 09:33:23,862 [Thread-883] INFO  impl.FollowerState (FollowerState.java:run(106)) - d072c18a-1b53-41d5-bae5-b82be0790279:group-73E47566AB1D changes to CANDIDATE, lastRpcTime:5121, electionTimeout:5121ms
2019-09-20 09:33:23,862 [Thread-883] INFO  impl.RoleInfo (RoleInfo.java:shutdownFollowerState(121)) - d072c18a-1b53-41d5-bae5-b82be0790279: shutdown FollowerState
2019-09-20 09:33:23,863 [Thread-883] INFO  impl.RaftServerImpl (RaftServerImpl.java:setRole(171)) - d072c18a-1b53-41d5-bae5-b82be0790279:group-73E47566AB1D changes role from FOLLOWER to CANDIDATE at term 0 for changeToCandidate
2019-09-20 09:33:23,863 [Thread-883] INFO  impl.RoleInfo (RoleInfo.java:updateAndGet(143)) - d072c18a-1b53-41d5-bae5-b82be0790279: start LeaderElection
2019-09-20 09:33:23,885 [4d6fff4c-5cb6-40a3-b677-a76fbdc0054d-SegmentedRaftLogWorker:Storage Directory /workdir/hadoop-ozone/integration-test/target/test-dir/MiniOzoneClusterImpl-b51a347c-4d32-49ce-97bb-8b27036901e7/datanode-2/data/ratis/6b21fe18-2200-4b20-94b6-13440712a48a] INFO  segmented.SegmentedRaftLogWorker (SegmentedRaftLogWorker.java:execute(569)) - 4d6fff4c-5cb6-40a3-b677-a76fbdc0054d-SegmentedRaftLogWorker:Storage Directory /workdir/hadoop-ozone/integration-test/target/test-dir/MiniOzoneClusterImpl-b51a347c-4d32-49ce-97bb-8b27036901e7/datanode-2/data/ratis/6b21fe18-2200-4b20-94b6-13440712a48a: created new log segment /workdir/hadoop-ozone/integration-test/target/test-dir/MiniOzoneClusterImpl-b51a347c-4d32-49ce-97bb-8b27036901e7/datanode-2/data/ratis/6b21fe18-2200-4b20-94b6-13440712a48a/current/log_inprogress_0
2019-09-20 09:33:23,885 [d072c18a-1b53-41d5-bae5-b82be0790279-SegmentedRaftLogWorker:Storage Directory /workdir/hadoop-ozone/integration-test/target/test-dir/MiniOzoneClusterImpl-b51a347c-4d32-49ce-97bb-8b27036901e7/datanode-1/data/ratis/6b21fe18-2200-4b20-94b6-13440712a48a] INFO  segmented.SegmentedRaftLogWorker (SegmentedRaftLogWorker.java:execute(569)) - d072c18a-1b53-41d5-bae5-b82be0790279-SegmentedRaftLogWorker:Storage Directory /workdir/hadoop-ozone/integration-test/target/test-dir/MiniOzoneClusterImpl-b51a347c-4d32-49ce-97bb-8b27036901e7/datanode-1/data/ratis/6b21fe18-2200-4b20-94b6-13440712a48a: created new log segment /workdir/hadoop-ozone/integration-test/target/test-dir/MiniOzoneClusterImpl-b51a347c-4d32-49ce-97bb-8b27036901e7/datanode-1/data/ratis/6b21fe18-2200-4b20-94b6-13440712a48a/current/log_inprogress_0
2019-09-20 09:33:23,885 [d072c18a-1b53-41d5-bae5-b82be0790279:group-73E47566AB1D:LeaderElection41] INFO  impl.LeaderElection (LeaderElection.java:askForVotes(181)) - d072c18a-1b53-41d5-bae5-b82be0790279:group-73E47566AB1D:LeaderElection41: begin an election at term 1 for -1: [d072c18a-1b53-41d5-bae5-b82be0790279:192.168.151.119:38666], old=null
2019-09-20 09:33:23,886 [d072c18a-1b53-41d5-bae5-b82be0790279:group-73E47566AB1D:LeaderElection41] INFO  impl.RoleInfo (RoleInfo.java:shutdownLeaderElection(134)) - d072c18a-1b53-41d5-bae5-b82be0790279: shutdown LeaderElection
2019-09-20 09:33:23,886 [d072c18a-1b53-41d5-bae5-b82be0790279:group-73E47566AB1D:LeaderElection41] INFO  impl.RaftServerImpl (RaftServerImpl.java:setRole(171)) - d072c18a-1b53-41d5-bae5-b82be0790279:group-73E47566AB1D changes role from CANDIDATE to LEADER at term 1 for changeToLeader
2019-09-20 09:33:23,886 [d072c18a-1b53-41d5-bae5-b82be0790279:group-73E47566AB1D:LeaderElection41] INFO  impl.RaftServerImpl (ServerState.java:setLeader(263)) - d072c18a-1b53-41d5-bae5-b82be0790279:group-73E47566AB1D change Leader from null to d072c18a-1b53-41d5-bae5-b82be0790279 at term 1 for becomeLeader, leader elected after 5149ms
2019-09-20 09:33:23,888 [d072c18a-1b53-41d5-bae5-b82be0790279:group-73E47566AB1D:LeaderElection41] INFO  server.RaftServerConfigKeys (ConfUtils.java:logGet(43)) - raft.server.staging.catchup.gap = 1000 (default)
2019-09-20 09:33:23,888 [d072c18a-1b53-41d5-bae5-b82be0790279:group-73E47566AB1D:LeaderElection41] INFO  server.RaftServerConfigKeys (ConfUtils.java:logGet(43)) - raft.server.rpc.sleep.time = 25ms (default)
2019-09-20 09:33:23,889 [d072c18a-1b53-41d5-bae5-b82be0790279:group-73E47566AB1D:LeaderElection41] INFO  server.RaftServerConfigKeys (ConfUtils.java:logGet(43)) - raft.server.write.element-limit = 4096 (default)
2019-09-20 09:33:23,889 [d072c18a-1b53-41d5-bae5-b82be0790279:group-73E47566AB1D:LeaderElection41] INFO  server.RaftServerConfigKeys (ConfUtils.java:logGet(43)) - raft.server.watch.timeout = 10s (default)
2019-09-20 09:33:23,889 [d072c18a-1b53-41d5-bae5-b82be0790279:group-73E47566AB1D:LeaderElection41] INFO  server.RaftServerConfigKeys (ConfUtils.java:logGet(43)) - raft.server.watch.timeout.denomination = 1s (default)
2019-09-20 09:33:23,889 [d072c18a-1b53-41d5-bae5-b82be0790279:group-73E47566AB1D:LeaderElection41] INFO  server.RaftServerConfigKeys (ConfUtils.java:logGet(43)) - raft.server.watch.element-limit = 65536 (default)
2019-09-20 09:33:23,889 [d072c18a-1b53-41d5-bae5-b82be0790279:group-73E47566AB1D:LeaderElection41] INFO  impl.RoleInfo (RoleInfo.java:updateAndGet(143)) - d072c18a-1b53-41d5-bae5-b82be0790279: start LeaderState
2019-09-20 09:33:23,890 [d072c18a-1b53-41d5-bae5-b82be0790279:group-73E47566AB1D:LeaderElection41] INFO  segmented.SegmentedRaftLogWorker (SegmentedRaftLogWorker.java:startLogSegment(380)) - d072c18a-1b53-41d5-bae5-b82be0790279-SegmentedRaftLogWorker:Storage Directory /workdir/hadoop-ozone/integration-test/target/test-dir/MiniOzoneClusterImpl-b51a347c-4d32-49ce-97bb-8b27036901e7/datanode-1/data/ratis/2faa7694-0e50-4b8e-a98b-73e47566ab1d: Starting segment from index:0
2019-09-20 09:33:23,890 [d072c18a-1b53-41d5-bae5-b82be0790279:group-73E47566AB1D:LeaderElection41] INFO  impl.RaftServerImpl (ServerState.java:setRaftConf(361)) - d072c18a-1b53-41d5-bae5-b82be0790279:group-73E47566AB1D set configuration 0: [d072c18a-1b53-41d5-bae5-b82be0790279:192.168.151.119:38666], old=null at 0
2019-09-20 09:33:23,937 [d072c18a-1b53-41d5-bae5-b82be0790279-SegmentedRaftLogWorker:Storage Directory /workdir/hadoop-ozone/integration-test/target/test-dir/MiniOzoneClusterImpl-b51a347c-4d32-49ce-97bb-8b27036901e7/datanode-1/data/ratis/2faa7694-0e50-4b8e-a98b-73e47566ab1d] INFO  segmented.SegmentedRaftLogWorker (SegmentedRaftLogWorker.java:execute(569)) - d072c18a-1b53-41d5-bae5-b82be0790279-SegmentedRaftLogWorker:Storage Directory /workdir/hadoop-ozone/integration-test/target/test-dir/MiniOzoneClusterImpl-b51a347c-4d32-49ce-97bb-8b27036901e7/datanode-1/data/ratis/2faa7694-0e50-4b8e-a98b-73e47566ab1d: created new log segment /workdir/hadoop-ozone/integration-test/target/test-dir/MiniOzoneClusterImpl-b51a347c-4d32-49ce-97bb-8b27036901e7/datanode-1/data/ratis/2faa7694-0e50-4b8e-a98b-73e47566ab1d/current/log_inprogress_0
2019-09-20 09:33:23,987 | INFO  | SCMAudit | user=jenkins1000 | ip=192.168.151.119 | op=SEND_HEARTBEAT {datanodeUUID=86933813-1e1e-464a-ae0f-2ef91831d02b, command=[]} | ret=SUCCESS |  
2019-09-20 09:33:24,156 | INFO  | SCMAudit | user=jenkins1000 | ip=192.168.151.119 | op=SEND_HEARTBEAT {datanodeUUID=4d6fff4c-5cb6-40a3-b677-a76fbdc0054d, command=[]} | ret=SUCCESS |  
2019-09-20 09:33:24,163 [grpc-default-executor-2] INFO  client.GrpcClientProtocolClient (GrpcClientProtocolClient.java:onNext(255)) - client-05D5A58C38F8->4d6fff4c-5cb6-40a3-b677-a76fbdc0054d: receive RaftClientReply:client-05D5A58C38F8->4d6fff4c-5cb6-40a3-b677-a76fbdc0054d@group-13440712A48A, cid=42, FAILED org.apache.ratis.protocol.NotLeaderException: Server 4d6fff4c-5cb6-40a3-b677-a76fbdc0054d is not the leader (37b777df-de08-4da5-9630-325a3e0e88a6:192.168.151.119:35524). Request must be sent to leader., logIndex=0, commits[4d6fff4c-5cb6-40a3-b677-a76fbdc0054d:c-1, d072c18a-1b53-41d5-bae5-b82be0790279:c-1, 37b777df-de08-4da5-9630-325a3e0e88a6:c-1]
2019-09-20 09:33:24,278 | INFO  | DNAudit | user=null | ip=null | op=CREATE_CONTAINER {containerID=1, containerType=KeyValueContainer} | ret=SUCCESS |  
2019-09-20 09:33:24,286 | INFO  | SCMAudit | user=jenkins1000 | ip=192.168.151.119 | op=SEND_HEARTBEAT {datanodeUUID=37b777df-de08-4da5-9630-325a3e0e88a6, command=[]} | ret=SUCCESS |  
2019-09-20 09:33:24,287 [grpc-default-executor-5] INFO  client.GrpcClientProtocolClient (GrpcClientProtocolClient.java:onNext(255)) - client-05D5A58C38F8->37b777df-de08-4da5-9630-325a3e0e88a6: receive RaftClientReply:client-05D5A58C38F8->37b777df-de08-4da5-9630-325a3e0e88a6@group-13440712A48A, cid=42, SUCCESS, logIndex=1, commits[37b777df-de08-4da5-9630-325a3e0e88a6:c2, d072c18a-1b53-41d5-bae5-b82be0790279:c1, 4d6fff4c-5cb6-40a3-b677-a76fbdc0054d:c1]
2019-09-20 09:33:24,312 | INFO  | DNAudit | user=null | ip=null | op=CREATE_CONTAINER {containerID=1, containerType=KeyValueContainer} | ret=SUCCESS |  
2019-09-20 09:33:24,312 | INFO  | DNAudit | user=null | ip=null | op=CREATE_CONTAINER {containerID=1, containerType=KeyValueContainer} | ret=SUCCESS |  
2019-09-20 09:33:24,313 | INFO  | SCMAudit | user=jenkins1000 | ip=192.168.151.119 | op=SEND_HEARTBEAT {datanodeUUID=d072c18a-1b53-41d5-bae5-b82be0790279, command=[]} | ret=SUCCESS |  
2019-09-20 09:33:24,313 | INFO  | SCMAudit | user=jenkins1000 | ip=192.168.151.119 | op=SEND_HEARTBEAT {datanodeUUID=4d6fff4c-5cb6-40a3-b677-a76fbdc0054d, command=[]} | ret=SUCCESS |  
2019-09-20 09:33:24,319 [Thread-889] INFO  impl.FollowerState (FollowerState.java:run(106)) - 4d6fff4c-5cb6-40a3-b677-a76fbdc0054d:group-C3B80024A580 changes to CANDIDATE, lastRpcTime:5112, electionTimeout:5112ms
2019-09-20 09:33:24,319 [Thread-889] INFO  impl.RoleInfo (RoleInfo.java:shutdownFollowerState(121)) - 4d6fff4c-5cb6-40a3-b677-a76fbdc0054d: shutdown FollowerState
2019-09-20 09:33:24,320 [Thread-889] INFO  impl.RaftServerImpl (RaftServerImpl.java:setRole(171)) - 4d6fff4c-5cb6-40a3-b677-a76fbdc0054d:group-C3B80024A580 changes role from FOLLOWER to CANDIDATE at term 0 for changeToCandidate
2019-09-20 09:33:24,320 [Thread-889] INFO  impl.RoleInfo (RoleInfo.java:updateAndGet(143)) - 4d6fff4c-5cb6-40a3-b677-a76fbdc0054d: start LeaderElection
2019-09-20 09:33:24,326 [4d6fff4c-5cb6-40a3-b677-a76fbdc0054d:group-C3B80024A580:LeaderElection42] INFO  impl.LeaderElection (LeaderElection.java:askForVotes(181)) - 4d6fff4c-5cb6-40a3-b677-a76fbdc0054d:group-C3B80024A580:LeaderElection42: begin an election at term 1 for -1: [4d6fff4c-5cb6-40a3-b677-a76fbdc0054d:192.168.151.119:46744], old=null
2019-09-20 09:33:24,326 [4d6fff4c-5cb6-40a3-b677-a76fbdc0054d:group-C3B80024A580:LeaderElection42] INFO  impl.RoleInfo (RoleInfo.java:shutdownLeaderElection(134)) - 4d6fff4c-5cb6-40a3-b677-a76fbdc0054d: shutdown LeaderElection
2019-09-20 09:33:24,326 [4d6fff4c-5cb6-40a3-b677-a76fbdc0054d:group-C3B80024A580:LeaderElection42] INFO  impl.RaftServerImpl (RaftServerImpl.java:setRole(171)) - 4d6fff4c-5cb6-40a3-b677-a76fbdc0054d:group-C3B80024A580 changes role from CANDIDATE to LEADER at term 1 for changeToLeader
2019-09-20 09:33:24,327 [4d6fff4c-5cb6-40a3-b677-a76fbdc0054d:group-C3B80024A580:LeaderElection42] INFO  impl.RaftServerImpl (ServerState.java:setLeader(263)) - 4d6fff4c-5cb6-40a3-b677-a76fbdc0054d:group-C3B80024A580 change Leader from null to 4d6fff4c-5cb6-40a3-b677-a76fbdc0054d at term 1 for becomeLeader, leader elected after 5124ms
2019-09-20 09:33:24,328 [4d6fff4c-5cb6-40a3-b677-a76fbdc0054d:group-C3B80024A580:LeaderElection42] INFO  server.RaftServerConfigKeys (ConfUtils.java:logGet(43)) - raft.server.staging.catchup.gap = 1000 (default)
2019-09-20 09:33:24,328 [4d6fff4c-5cb6-40a3-b677-a76fbdc0054d:group-C3B80024A580:LeaderElection42] INFO  server.RaftServerConfigKeys (ConfUtils.java:logGet(43)) - raft.server.rpc.sleep.time = 25ms (default)
2019-09-20 09:33:24,329 [4d6fff4c-5cb6-40a3-b677-a76fbdc0054d:group-C3B80024A580:LeaderElection42] INFO  server.RaftServerConfigKeys (ConfUtils.java:logGet(43)) - raft.server.write.element-limit = 4096 (default)
2019-09-20 09:33:24,329 [4d6fff4c-5cb6-40a3-b677-a76fbdc0054d:group-C3B80024A580:LeaderElection42] INFO  server.RaftServerConfigKeys (ConfUtils.java:logGet(43)) - raft.server.watch.timeout = 10s (default)
2019-09-20 09:33:24,329 [4d6fff4c-5cb6-40a3-b677-a76fbdc0054d:group-C3B80024A580:LeaderElection42] INFO  server.RaftServerConfigKeys (ConfUtils.java:logGet(43)) - raft.server.watch.timeout.denomination = 1s (default)
2019-09-20 09:33:24,329 [4d6fff4c-5cb6-40a3-b677-a76fbdc0054d:group-C3B80024A580:LeaderElection42] INFO  server.RaftServerConfigKeys (ConfUtils.java:logGet(43)) - raft.server.watch.element-limit = 65536 (default)
2019-09-20 09:33:24,329 [4d6fff4c-5cb6-40a3-b677-a76fbdc0054d:group-C3B80024A580:LeaderElection42] INFO  impl.RoleInfo (RoleInfo.java:updateAndGet(143)) - 4d6fff4c-5cb6-40a3-b677-a76fbdc0054d: start LeaderState
2019-09-20 09:33:24,329 [4d6fff4c-5cb6-40a3-b677-a76fbdc0054d:group-C3B80024A580:LeaderElection42] INFO  segmented.SegmentedRaftLogWorker (SegmentedRaftLogWorker.java:startLogSegment(380)) - 4d6fff4c-5cb6-40a3-b677-a76fbdc0054d-SegmentedRaftLogWorker:Storage Directory /workdir/hadoop-ozone/integration-test/target/test-dir/MiniOzoneClusterImpl-b51a347c-4d32-49ce-97bb-8b27036901e7/datanode-2/data/ratis/7ccf7e89-21ca-470b-9a90-c3b80024a580: Starting segment from index:0
2019-09-20 09:33:24,330 [4d6fff4c-5cb6-40a3-b677-a76fbdc0054d:group-C3B80024A580:LeaderElection42] INFO  impl.RaftServerImpl (ServerState.java:setRaftConf(361)) - 4d6fff4c-5cb6-40a3-b677-a76fbdc0054d:group-C3B80024A580 set configuration 0: [4d6fff4c-5cb6-40a3-b677-a76fbdc0054d:192.168.151.119:46744], old=null at 0
2019-09-20 09:33:24,370 [4d6fff4c-5cb6-40a3-b677-a76fbdc0054d-SegmentedRaftLogWorker:Storage Directory /workdir/hadoop-ozone/integration-test/target/test-dir/MiniOzoneClusterImpl-b51a347c-4d32-49ce-97bb-8b27036901e7/datanode-2/data/ratis/7ccf7e89-21ca-470b-9a90-c3b80024a580] INFO  segmented.SegmentedRaftLogWorker (SegmentedRaftLogWorker.java:execute(569)) - 4d6fff4c-5cb6-40a3-b677-a76fbdc0054d-SegmentedRaftLogWorker:Storage Directory /workdir/hadoop-ozone/integration-test/target/test-dir/MiniOzoneClusterImpl-b51a347c-4d32-49ce-97bb-8b27036901e7/datanode-2/data/ratis/7ccf7e89-21ca-470b-9a90-c3b80024a580: created new log segment /workdir/hadoop-ozone/integration-test/target/test-dir/MiniOzoneClusterImpl-b51a347c-4d32-49ce-97bb-8b27036901e7/datanode-2/data/ratis/7ccf7e89-21ca-470b-9a90-c3b80024a580/current/log_inprogress_0
2019-09-20 09:33:24,372 | INFO  | DNAudit | user=null | ip=null | op=CREATE_CONTAINER {containerID=2, containerType=KeyValueContainer} | ret=SUCCESS |  
2019-09-20 09:33:24,377 | INFO  | SCMAudit | user=jenkins1000 | ip=192.168.151.119 | op=SEND_HEARTBEAT {datanodeUUID=37b777df-de08-4da5-9630-325a3e0e88a6, command=[]} | ret=SUCCESS |  
2019-09-20 09:33:24,377 [grpc-default-executor-2] INFO  client.GrpcClientProtocolClient (GrpcClientProtocolClient.java:onNext(255)) - client-05D5A58C38F8->37b777df-de08-4da5-9630-325a3e0e88a6: receive RaftClientReply:client-05D5A58C38F8->37b777df-de08-4da5-9630-325a3e0e88a6@group-13440712A48A, cid=43, SUCCESS, logIndex=3, commits[37b777df-de08-4da5-9630-325a3e0e88a6:c4, d072c18a-1b53-41d5-bae5-b82be0790279:c3, 4d6fff4c-5cb6-40a3-b677-a76fbdc0054d:c3]
2019-09-20 09:33:24,395 | INFO  | SCMAudit | user=jenkins1000 | ip=192.168.151.119 | op=SEND_HEARTBEAT {datanodeUUID=ba1e65fe-7169-476d-a778-4df70d7cdd6e, command=[]} | ret=SUCCESS |  
2019-09-20 09:33:24,405 | INFO  | DNAudit | user=null | ip=null | op=CREATE_CONTAINER {containerID=2, containerType=KeyValueContainer} | ret=SUCCESS |  
2019-09-20 09:33:24,405 | INFO  | DNAudit | user=null | ip=null | op=CREATE_CONTAINER {containerID=2, containerType=KeyValueContainer} | ret=SUCCESS |  
2019-09-20 09:33:24,408 | INFO  | SCMAudit | user=jenkins1000 | ip=192.168.151.119 | op=SEND_HEARTBEAT {datanodeUUID=d072c18a-1b53-41d5-bae5-b82be0790279, command=[]} | ret=SUCCESS |  
2019-09-20 09:33:24,408 | INFO  | SCMAudit | user=jenkins1000 | ip=192.168.151.119 | op=SEND_HEARTBEAT {datanodeUUID=4d6fff4c-5cb6-40a3-b677-a76fbdc0054d, command=[]} | ret=SUCCESS |  
2019-09-20 09:33:24,461 | INFO  | DNAudit | user=null | ip=null | op=CREATE_CONTAINER {containerID=3, containerType=KeyValueContainer} | ret=SUCCESS |  
2019-09-20 09:33:24,462 | INFO  | SCMAudit | user=jenkins1000 | ip=192.168.151.119 | op=SEND_HEARTBEAT {datanodeUUID=37b777df-de08-4da5-9630-325a3e0e88a6, command=[]} | ret=SUCCESS |  
2019-09-20 09:33:24,463 [grpc-default-executor-2] INFO  client.GrpcClientProtocolClient (GrpcClientProtocolClient.java:onNext(255)) - client-05D5A58C38F8->37b777df-de08-4da5-9630-325a3e0e88a6: receive RaftClientReply:client-05D5A58C38F8->37b777df-de08-4da5-9630-325a3e0e88a6@group-13440712A48A, cid=44, SUCCESS, logIndex=5, commits[37b777df-de08-4da5-9630-325a3e0e88a6:c6, d072c18a-1b53-41d5-bae5-b82be0790279:c5, 4d6fff4c-5cb6-40a3-b677-a76fbdc0054d:c5]
2019-09-20 09:33:24,475 [Thread-895] INFO  impl.FollowerState (FollowerState.java:run(106)) - ba1e65fe-7169-476d-a778-4df70d7cdd6e:group-BC63DA3246AA changes to CANDIDATE, lastRpcTime:5036, electionTimeout:5036ms
2019-09-20 09:33:24,475 [Thread-895] INFO  impl.RoleInfo (RoleInfo.java:shutdownFollowerState(121)) - ba1e65fe-7169-476d-a778-4df70d7cdd6e: shutdown FollowerState
2019-09-20 09:33:24,475 [Thread-895] INFO  impl.RaftServerImpl (RaftServerImpl.java:setRole(171)) - ba1e65fe-7169-476d-a778-4df70d7cdd6e:group-BC63DA3246AA changes role from FOLLOWER to CANDIDATE at term 0 for changeToCandidate
2019-09-20 09:33:24,475 [Thread-895] INFO  impl.RoleInfo (RoleInfo.java:updateAndGet(143)) - ba1e65fe-7169-476d-a778-4df70d7cdd6e: start LeaderElection
2019-09-20 09:33:24,495 [ba1e65fe-7169-476d-a778-4df70d7cdd6e:group-BC63DA3246AA:LeaderElection43] INFO  impl.LeaderElection (LeaderElection.java:askForVotes(181)) - ba1e65fe-7169-476d-a778-4df70d7cdd6e:group-BC63DA3246AA:LeaderElection43: begin an election at term 1 for -1: [ba1e65fe-7169-476d-a778-4df70d7cdd6e:192.168.151.119:46724], old=null
2019-09-20 09:33:24,496 [ba1e65fe-7169-476d-a778-4df70d7cdd6e:group-BC63DA3246AA:LeaderElection43] INFO  impl.RoleInfo (RoleInfo.java:shutdownLeaderElection(134)) - ba1e65fe-7169-476d-a778-4df70d7cdd6e: shutdown LeaderElection
2019-09-20 09:33:24,496 | INFO  | DNAudit | user=null | ip=null | op=CREATE_CONTAINER {containerID=3, containerType=KeyValueContainer} | ret=SUCCESS |  
2019-09-20 09:33:24,496 | INFO  | DNAudit | user=null | ip=null | op=CREATE_CONTAINER {containerID=3, containerType=KeyValueContainer} | ret=SUCCESS |  
2019-09-20 09:33:24,496 [ba1e65fe-7169-476d-a778-4df70d7cdd6e:group-BC63DA3246AA:LeaderElection43] INFO  impl.RaftServerImpl (RaftServerImpl.java:setRole(171)) - ba1e65fe-7169-476d-a778-4df70d7cdd6e:group-BC63DA3246AA changes role from CANDIDATE to LEADER at term 1 for changeToLeader
2019-09-20 09:33:24,496 [ba1e65fe-7169-476d-a778-4df70d7cdd6e:group-BC63DA3246AA:LeaderElection43] INFO  impl.RaftServerImpl (ServerState.java:setLeader(263)) - ba1e65fe-7169-476d-a778-4df70d7cdd6e:group-BC63DA3246AA change Leader from null to ba1e65fe-7169-476d-a778-4df70d7cdd6e at term 1 for becomeLeader, leader elected after 5062ms
2019-09-20 09:33:24,499 [ba1e65fe-7169-476d-a778-4df70d7cdd6e:group-BC63DA3246AA:LeaderElection43] INFO  server.RaftServerConfigKeys (ConfUtils.java:logGet(43)) - raft.server.staging.catchup.gap = 1000 (default)
2019-09-20 09:33:24,499 [ba1e65fe-7169-476d-a778-4df70d7cdd6e:group-BC63DA3246AA:LeaderElection43] INFO  server.RaftServerConfigKeys (ConfUtils.java:logGet(43)) - raft.server.rpc.sleep.time = 25ms (default)
2019-09-20 09:33:24,499 [ba1e65fe-7169-476d-a778-4df70d7cdd6e:group-BC63DA3246AA:LeaderElection43] INFO  server.RaftServerConfigKeys (ConfUtils.java:logGet(43)) - raft.server.write.element-limit = 4096 (default)
2019-09-20 09:33:24,499 [ba1e65fe-7169-476d-a778-4df70d7cdd6e:group-BC63DA3246AA:LeaderElection43] INFO  server.RaftServerConfigKeys (ConfUtils.java:logGet(43)) - raft.server.watch.timeout = 10s (default)
2019-09-20 09:33:24,499 [ba1e65fe-7169-476d-a778-4df70d7cdd6e:group-BC63DA3246AA:LeaderElection43] INFO  server.RaftServerConfigKeys (ConfUtils.java:logGet(43)) - raft.server.watch.timeout.denomination = 1s (default)
2019-09-20 09:33:24,499 | INFO  | SCMAudit | user=jenkins1000 | ip=192.168.151.119 | op=SEND_HEARTBEAT {datanodeUUID=4d6fff4c-5cb6-40a3-b677-a76fbdc0054d, command=[]} | ret=SUCCESS |  
2019-09-20 09:33:24,499 | INFO  | SCMAudit | user=jenkins1000 | ip=192.168.151.119 | op=SEND_HEARTBEAT {datanodeUUID=d072c18a-1b53-41d5-bae5-b82be0790279, command=[]} | ret=SUCCESS |  
2019-09-20 09:33:24,499 [ba1e65fe-7169-476d-a778-4df70d7cdd6e:group-BC63DA3246AA:LeaderElection43] INFO  server.RaftServerConfigKeys (ConfUtils.java:logGet(43)) - raft.server.watch.element-limit = 65536 (default)
2019-09-20 09:33:24,500 [ba1e65fe-7169-476d-a778-4df70d7cdd6e:group-BC63DA3246AA:LeaderElection43] INFO  impl.RoleInfo (RoleInfo.java:updateAndGet(143)) - ba1e65fe-7169-476d-a778-4df70d7cdd6e: start LeaderState
2019-09-20 09:33:24,500 [ba1e65fe-7169-476d-a778-4df70d7cdd6e:group-BC63DA3246AA:LeaderElection43] INFO  segmented.SegmentedRaftLogWorker (SegmentedRaftLogWorker.java:startLogSegment(380)) - ba1e65fe-7169-476d-a778-4df70d7cdd6e-SegmentedRaftLogWorker:Storage Directory /workdir/hadoop-ozone/integration-test/target/test-dir/MiniOzoneClusterImpl-b51a347c-4d32-49ce-97bb-8b27036901e7/datanode-3/data/ratis/3fe5f95f-621c-4581-a628-bc63da3246aa: Starting segment from index:0
2019-09-20 09:33:24,500 [ba1e65fe-7169-476d-a778-4df70d7cdd6e:group-BC63DA3246AA:LeaderElection43] INFO  impl.RaftServerImpl (ServerState.java:setRaftConf(361)) - ba1e65fe-7169-476d-a778-4df70d7cdd6e:group-BC63DA3246AA set configuration 0: [ba1e65fe-7169-476d-a778-4df70d7cdd6e:192.168.151.119:46724], old=null at 0
2019-09-20 09:33:24,541 [ba1e65fe-7169-476d-a778-4df70d7cdd6e-SegmentedRaftLogWorker:Storage Directory /workdir/hadoop-ozone/integration-test/target/test-dir/MiniOzoneClusterImpl-b51a347c-4d32-49ce-97bb-8b27036901e7/datanode-3/data/ratis/3fe5f95f-621c-4581-a628-bc63da3246aa] INFO  segmented.SegmentedRaftLogWorker (SegmentedRaftLogWorker.java:execute(569)) - ba1e65fe-7169-476d-a778-4df70d7cdd6e-SegmentedRaftLogWorker:Storage Directory /workdir/hadoop-ozone/integration-test/target/test-dir/MiniOzoneClusterImpl-b51a347c-4d32-49ce-97bb-8b27036901e7/datanode-3/data/ratis/3fe5f95f-621c-4581-a628-bc63da3246aa: created new log segment /workdir/hadoop-ozone/integration-test/target/test-dir/MiniOzoneClusterImpl-b51a347c-4d32-49ce-97bb-8b27036901e7/datanode-3/data/ratis/3fe5f95f-621c-4581-a628-bc63da3246aa/current/log_inprogress_0
2019-09-20 09:33:24,578 [Thread-898] INFO  impl.FollowerState (FollowerState.java:run(106)) - ba1e65fe-7169-476d-a778-4df70d7cdd6e:group-26BA44E1C42B changes to CANDIDATE, lastRpcTime:5096, electionTimeout:5096ms
2019-09-20 09:33:24,578 [Thread-898] INFO  impl.RoleInfo (RoleInfo.java:shutdownFollowerState(121)) - ba1e65fe-7169-476d-a778-4df70d7cdd6e: shutdown FollowerState
2019-09-20 09:33:24,578 [Thread-898] INFO  impl.RaftServerImpl (RaftServerImpl.java:setRole(171)) - ba1e65fe-7169-476d-a778-4df70d7cdd6e:group-26BA44E1C42B changes role from FOLLOWER to CANDIDATE at term 0 for changeToCandidate
2019-09-20 09:33:24,578 [Thread-898] INFO  impl.RoleInfo (RoleInfo.java:updateAndGet(143)) - ba1e65fe-7169-476d-a778-4df70d7cdd6e: start LeaderElection
2019-09-20 09:33:24,592 | INFO  | SCMAudit | user=jenkins1000 | ip=192.168.151.119 | op=SEND_HEARTBEAT {datanodeUUID=10741cbd-d620-4a9b-9e67-51db8a2e0e6a, command=[]} | ret=SUCCESS |  
2019-09-20 09:33:24,666 [Thread-904] INFO  impl.FollowerState (FollowerState.java:run(106)) - 10741cbd-d620-4a9b-9e67-51db8a2e0e6a:group-26BA44E1C42B changes to CANDIDATE, lastRpcTime:5000, electionTimeout:5000ms
2019-09-20 09:33:24,666 [Thread-904] INFO  impl.RoleInfo (RoleInfo.java:shutdownFollowerState(121)) - 10741cbd-d620-4a9b-9e67-51db8a2e0e6a: shutdown FollowerState
2019-09-20 09:33:24,666 [Thread-904] INFO  impl.RaftServerImpl (RaftServerImpl.java:setRole(171)) - 10741cbd-d620-4a9b-9e67-51db8a2e0e6a:group-26BA44E1C42B changes role from FOLLOWER to CANDIDATE at term 0 for changeToCandidate
2019-09-20 09:33:24,667 [Thread-904] INFO  impl.RoleInfo (RoleInfo.java:updateAndGet(143)) - 10741cbd-d620-4a9b-9e67-51db8a2e0e6a: start LeaderElection
2019-09-20 09:33:24,762 [ba1e65fe-7169-476d-a778-4df70d7cdd6e:group-26BA44E1C42B:LeaderElection44] INFO  impl.LeaderElection (LeaderElection.java:askForVotes(181)) - ba1e65fe-7169-476d-a778-4df70d7cdd6e:group-26BA44E1C42B:LeaderElection44: begin an election at term 1 for -1: [d4fa05df-3099-4015-ad0e-4200365d2035:192.168.151.119:43786, 10741cbd-d620-4a9b-9e67-51db8a2e0e6a:192.168.151.119:43615, ba1e65fe-7169-476d-a778-4df70d7cdd6e:192.168.151.119:46724], old=null
2019-09-20 09:33:24,762 [10741cbd-d620-4a9b-9e67-51db8a2e0e6a:group-26BA44E1C42B:LeaderElection45] INFO  impl.LeaderElection (LeaderElection.java:askForVotes(181)) - 10741cbd-d620-4a9b-9e67-51db8a2e0e6a:group-26BA44E1C42B:LeaderElection45: begin an election at term 1 for -1: [d4fa05df-3099-4015-ad0e-4200365d2035:192.168.151.119:43786, 10741cbd-d620-4a9b-9e67-51db8a2e0e6a:192.168.151.119:43615, ba1e65fe-7169-476d-a778-4df70d7cdd6e:192.168.151.119:46724], old=null
2019-09-20 09:33:24,775 [grpc-default-executor-2] INFO  impl.RaftServerImpl (RaftServerImpl.java:setRole(171)) - d4fa05df-3099-4015-ad0e-4200365d2035:group-26BA44E1C42B changes role from FOLLOWER to FOLLOWER at term 1 for recognizeCandidate:ba1e65fe-7169-476d-a778-4df70d7cdd6e
2019-09-20 09:33:24,775 [grpc-default-executor-2] INFO  impl.RoleInfo (RoleInfo.java:shutdownFollowerState(121)) - d4fa05df-3099-4015-ad0e-4200365d2035: shutdown FollowerState
2019-09-20 09:33:24,783 [grpc-default-executor-2] INFO  impl.RoleInfo (RoleInfo.java:updateAndGet(143)) - d4fa05df-3099-4015-ad0e-4200365d2035: start FollowerState
2019-09-20 09:33:24,783 [Thread-916] INFO  impl.FollowerState (FollowerState.java:run(114)) - d4fa05df-3099-4015-ad0e-4200365d2035: FollowerState was interrupted: java.lang.InterruptedException: sleep interrupted
2019-09-20 09:33:24,799 [ba1e65fe-7169-476d-a778-4df70d7cdd6e:group-26BA44E1C42B:LeaderElection44] INFO  impl.LeaderElection (LeaderElection.java:logAndReturn(56)) - ba1e65fe-7169-476d-a778-4df70d7cdd6e:group-26BA44E1C42B:LeaderElection44: Election PASSED; received 2 response(s) [ba1e65fe-7169-476d-a778-4df70d7cdd6e<-d4fa05df-3099-4015-ad0e-4200365d2035#0:OK-t1, ba1e65fe-7169-476d-a778-4df70d7cdd6e<-10741cbd-d620-4a9b-9e67-51db8a2e0e6a#0:FAIL-t1] and 0 exception(s); ba1e65fe-7169-476d-a778-4df70d7cdd6e:t1, leader=null, voted=ba1e65fe-7169-476d-a778-4df70d7cdd6e, raftlog=ba1e65fe-7169-476d-a778-4df70d7cdd6e-SegmentedRaftLog:OPENED:c-1,f-1,i0, conf=-1: [d4fa05df-3099-4015-ad0e-4200365d2035:192.168.151.119:43786, 10741cbd-d620-4a9b-9e67-51db8a2e0e6a:192.168.151.119:43615, ba1e65fe-7169-476d-a778-4df70d7cdd6e:192.168.151.119:46724], old=null
2019-09-20 09:33:24,799 [ba1e65fe-7169-476d-a778-4df70d7cdd6e:group-26BA44E1C42B:LeaderElection44] INFO  impl.RoleInfo (RoleInfo.java:shutdownLeaderElection(134)) - ba1e65fe-7169-476d-a778-4df70d7cdd6e: shutdown LeaderElection
2019-09-20 09:33:24,799 [ba1e65fe-7169-476d-a778-4df70d7cdd6e:group-26BA44E1C42B:LeaderElection44] INFO  impl.RaftServerImpl (RaftServerImpl.java:setRole(171)) - ba1e65fe-7169-476d-a778-4df70d7cdd6e:group-26BA44E1C42B changes role from CANDIDATE to LEADER at term 1 for changeToLeader
2019-09-20 09:33:24,800 [10741cbd-d620-4a9b-9e67-51db8a2e0e6a:group-26BA44E1C42B:LeaderElection45] INFO  impl.LeaderElection (LeaderElection.java:logAndReturn(56)) - 10741cbd-d620-4a9b-9e67-51db8a2e0e6a:group-26BA44E1C42B:LeaderElection45: Election REJECTED; received 2 response(s) [10741cbd-d620-4a9b-9e67-51db8a2e0e6a<-d4fa05df-3099-4015-ad0e-4200365d2035#0:FAIL-t1, 10741cbd-d620-4a9b-9e67-51db8a2e0e6a<-ba1e65fe-7169-476d-a778-4df70d7cdd6e#0:FAIL-t1] and 0 exception(s); 10741cbd-d620-4a9b-9e67-51db8a2e0e6a:t1, leader=null, voted=10741cbd-d620-4a9b-9e67-51db8a2e0e6a, raftlog=10741cbd-d620-4a9b-9e67-51db8a2e0e6a-SegmentedRaftLog:OPENED:c-1,f-1,i0, conf=-1: [d4fa05df-3099-4015-ad0e-4200365d2035:192.168.151.119:43786, 10741cbd-d620-4a9b-9e67-51db8a2e0e6a:192.168.151.119:43615, ba1e65fe-7169-476d-a778-4df70d7cdd6e:192.168.151.119:46724], old=null
2019-09-20 09:33:24,800 [ba1e65fe-7169-476d-a778-4df70d7cdd6e:group-26BA44E1C42B:LeaderElection44] INFO  impl.RaftServerImpl (ServerState.java:setLeader(263)) - ba1e65fe-7169-476d-a778-4df70d7cdd6e:group-26BA44E1C42B change Leader from null to ba1e65fe-7169-476d-a778-4df70d7cdd6e at term 1 for becomeLeader, leader elected after 5321ms
2019-09-20 09:33:24,800 [10741cbd-d620-4a9b-9e67-51db8a2e0e6a:group-26BA44E1C42B:LeaderElection45] INFO  impl.RaftServerImpl (RaftServerImpl.java:setRole(171)) - 10741cbd-d620-4a9b-9e67-51db8a2e0e6a:group-26BA44E1C42B changes role from CANDIDATE to FOLLOWER at term 1 for DISCOVERED_A_NEW_TERM
2019-09-20 09:33:24,800 [ba1e65fe-7169-476d-a778-4df70d7cdd6e:group-26BA44E1C42B:LeaderElection44] INFO  server.RaftServerConfigKeys (ConfUtils.java:logGet(43)) - raft.server.staging.catchup.gap = 1000 (default)
2019-09-20 09:33:24,800 [10741cbd-d620-4a9b-9e67-51db8a2e0e6a:group-26BA44E1C42B:LeaderElection45] INFO  impl.RoleInfo (RoleInfo.java:shutdownLeaderElection(134)) - 10741cbd-d620-4a9b-9e67-51db8a2e0e6a: shutdown LeaderElection
2019-09-20 09:33:24,800 [ba1e65fe-7169-476d-a778-4df70d7cdd6e:group-26BA44E1C42B:LeaderElection44] INFO  server.RaftServerConfigKeys (ConfUtils.java:logGet(43)) - raft.server.rpc.sleep.time = 25ms (default)
2019-09-20 09:33:24,800 [10741cbd-d620-4a9b-9e67-51db8a2e0e6a:group-26BA44E1C42B:LeaderElection45] INFO  impl.RoleInfo (RoleInfo.java:updateAndGet(143)) - 10741cbd-d620-4a9b-9e67-51db8a2e0e6a: start FollowerState
2019-09-20 09:33:24,800 [ba1e65fe-7169-476d-a778-4df70d7cdd6e:group-26BA44E1C42B:LeaderElection44] INFO  server.RaftServerConfigKeys (ConfUtils.java:logGet(43)) - raft.server.write.element-limit = 4096 (default)
2019-09-20 09:33:24,801 [ba1e65fe-7169-476d-a778-4df70d7cdd6e:group-26BA44E1C42B:LeaderElection44] INFO  server.RaftServerConfigKeys (ConfUtils.java:logGet(43)) - raft.server.watch.timeout = 10s (default)
2019-09-20 09:33:24,801 [ba1e65fe-7169-476d-a778-4df70d7cdd6e:group-26BA44E1C42B:LeaderElection44] INFO  server.RaftServerConfigKeys (ConfUtils.java:logGet(43)) - raft.server.watch.timeout.denomination = 1s (default)
2019-09-20 09:33:24,801 [ba1e65fe-7169-476d-a778-4df70d7cdd6e:group-26BA44E1C42B:LeaderElection44] INFO  server.RaftServerConfigKeys (ConfUtils.java:logGet(43)) - raft.server.watch.element-limit = 65536 (default)
2019-09-20 09:33:24,801 [ba1e65fe-7169-476d-a778-4df70d7cdd6e:group-26BA44E1C42B:LeaderElection44] INFO  server.RaftServerConfigKeys (ConfUtils.java:logGet(43)) - raft.server.log.appender.snapshot.chunk.size.max = 16MB (=16777216) (default)
2019-09-20 09:33:24,801 [ba1e65fe-7169-476d-a778-4df70d7cdd6e:group-26BA44E1C42B:LeaderElection44] INFO  server.RaftServerConfigKeys (ConfUtils.java:logGet(43)) - raft.server.log.appender.buffer.byte-limit = 33554432 (custom)
2019-09-20 09:33:24,802 [ba1e65fe-7169-476d-a778-4df70d7cdd6e:group-26BA44E1C42B:LeaderElection44] INFO  server.RaftServerConfigKeys (ConfUtils.java:logGet(43)) - raft.server.log.appender.buffer.element-limit = 1 (custom)
2019-09-20 09:33:24,802 [ba1e65fe-7169-476d-a778-4df70d7cdd6e:group-26BA44E1C42B:LeaderElection44] INFO  grpc.GrpcConfigKeys$Server (ConfUtils.java:logGet(43)) - raft.grpc.server.leader.outstanding.appends.max = 128 (default)
2019-09-20 09:33:24,802 [ba1e65fe-7169-476d-a778-4df70d7cdd6e:group-26BA44E1C42B:LeaderElection44] INFO  server.RaftServerConfigKeys (ConfUtils.java:logGet(43)) - raft.server.rpc.request.timeout = 3000ms (default)
2019-09-20 09:33:24,802 [ba1e65fe-7169-476d-a778-4df70d7cdd6e:group-26BA44E1C42B:LeaderElection44] INFO  server.RaftServerConfigKeys (ConfUtils.java:logGet(43)) - raft.server.log.appender.install.snapshot.enabled = false (custom)
2019-09-20 09:33:24,802 [ba1e65fe-7169-476d-a778-4df70d7cdd6e:group-26BA44E1C42B:LeaderElection44] INFO  server.RaftServerConfigKeys (ConfUtils.java:logGet(43)) - raft.server.log.appender.snapshot.chunk.size.max = 16MB (=16777216) (default)
2019-09-20 09:33:24,802 [ba1e65fe-7169-476d-a778-4df70d7cdd6e:group-26BA44E1C42B:LeaderElection44] INFO  server.RaftServerConfigKeys (ConfUtils.java:logGet(43)) - raft.server.log.appender.buffer.byte-limit = 33554432 (custom)
2019-09-20 09:33:24,803 [ba1e65fe-7169-476d-a778-4df70d7cdd6e:group-26BA44E1C42B:LeaderElection44] INFO  server.RaftServerConfigKeys (ConfUtils.java:logGet(43)) - raft.server.log.appender.buffer.element-limit = 1 (custom)
2019-09-20 09:33:24,803 [ba1e65fe-7169-476d-a778-4df70d7cdd6e:group-26BA44E1C42B:LeaderElection44] INFO  grpc.GrpcConfigKeys$Server (ConfUtils.java:logGet(43)) - raft.grpc.server.leader.outstanding.appends.max = 128 (default)
2019-09-20 09:33:24,803 [ba1e65fe-7169-476d-a778-4df70d7cdd6e:group-26BA44E1C42B:LeaderElection44] INFO  server.RaftServerConfigKeys (ConfUtils.java:logGet(43)) - raft.server.rpc.request.timeout = 3000ms (default)
2019-09-20 09:33:24,803 [ba1e65fe-7169-476d-a778-4df70d7cdd6e:group-26BA44E1C42B:LeaderElection44] INFO  server.RaftServerConfigKeys (ConfUtils.java:logGet(43)) - raft.server.log.appender.install.snapshot.enabled = false (custom)
2019-09-20 09:33:24,803 [ba1e65fe-7169-476d-a778-4df70d7cdd6e:group-26BA44E1C42B:LeaderElection44] INFO  impl.RoleInfo (RoleInfo.java:updateAndGet(143)) - ba1e65fe-7169-476d-a778-4df70d7cdd6e: start LeaderState
2019-09-20 09:33:24,804 [ba1e65fe-7169-476d-a778-4df70d7cdd6e:group-26BA44E1C42B:LeaderElection44] INFO  segmented.SegmentedRaftLogWorker (SegmentedRaftLogWorker.java:startLogSegment(380)) - ba1e65fe-7169-476d-a778-4df70d7cdd6e-SegmentedRaftLogWorker:Storage Directory /workdir/hadoop-ozone/integration-test/target/test-dir/MiniOzoneClusterImpl-b51a347c-4d32-49ce-97bb-8b27036901e7/datanode-3/data/ratis/72ec9e48-db96-4ff8-ab10-26ba44e1c42b: Starting segment from index:0
2019-09-20 09:33:24,804 [ba1e65fe-7169-476d-a778-4df70d7cdd6e:group-26BA44E1C42B:LeaderElection44] INFO  impl.RaftServerImpl (ServerState.java:setRaftConf(361)) - ba1e65fe-7169-476d-a778-4df70d7cdd6e:group-26BA44E1C42B set configuration 0: [d4fa05df-3099-4015-ad0e-4200365d2035:192.168.151.119:43786, 10741cbd-d620-4a9b-9e67-51db8a2e0e6a:192.168.151.119:43615, ba1e65fe-7169-476d-a778-4df70d7cdd6e:192.168.151.119:46724], old=null at 0
2019-09-20 09:33:24,835 [Thread-901] INFO  impl.FollowerState (FollowerState.java:run(106)) - 10741cbd-d620-4a9b-9e67-51db8a2e0e6a:group-A09878A86B11 changes to CANDIDATE, lastRpcTime:5199, electionTimeout:5185ms
2019-09-20 09:33:24,835 [Thread-901] INFO  impl.RoleInfo (RoleInfo.java:shutdownFollowerState(121)) - 10741cbd-d620-4a9b-9e67-51db8a2e0e6a: shutdown FollowerState
2019-09-20 09:33:24,835 [Thread-901] INFO  impl.RaftServerImpl (RaftServerImpl.java:setRole(171)) - 10741cbd-d620-4a9b-9e67-51db8a2e0e6a:group-A09878A86B11 changes role from FOLLOWER to CANDIDATE at term 0 for changeToCandidate
2019-09-20 09:33:24,836 [Thread-901] INFO  impl.RoleInfo (RoleInfo.java:updateAndGet(143)) - 10741cbd-d620-4a9b-9e67-51db8a2e0e6a: start LeaderElection
2019-09-20 09:33:24,842 | INFO  | SCMAudit | user=jenkins1000 | ip=192.168.151.119 | op=SEND_HEARTBEAT {datanodeUUID=d4fa05df-3099-4015-ad0e-4200365d2035, command=[]} | ret=SUCCESS |  
2019-09-20 09:33:24,842 [grpc-default-executor-2] INFO  impl.RaftServerImpl (ServerState.java:setLeader(263)) - d4fa05df-3099-4015-ad0e-4200365d2035:group-26BA44E1C42B change Leader from null to ba1e65fe-7169-476d-a778-4df70d7cdd6e at term 1 for appendEntries, leader elected after 4962ms
2019-09-20 09:33:24,842 [grpc-default-executor-0] INFO  impl.RaftServerImpl (ServerState.java:setLeader(263)) - 10741cbd-d620-4a9b-9e67-51db8a2e0e6a:group-26BA44E1C42B change Leader from null to ba1e65fe-7169-476d-a778-4df70d7cdd6e at term 1 for appendEntries, leader elected after 5179ms
2019-09-20 09:33:24,845 [grpc-default-executor-0] INFO  impl.RaftServerImpl (ServerState.java:setRaftConf(361)) - d4fa05df-3099-4015-ad0e-4200365d2035:group-26BA44E1C42B set configuration 0: [d4fa05df-3099-4015-ad0e-4200365d2035:192.168.151.119:43786, 10741cbd-d620-4a9b-9e67-51db8a2e0e6a:192.168.151.119:43615, ba1e65fe-7169-476d-a778-4df70d7cdd6e:192.168.151.119:46724], old=null at 0
2019-09-20 09:33:24,845 [grpc-default-executor-2] INFO  impl.RaftServerImpl (ServerState.java:setRaftConf(361)) - 10741cbd-d620-4a9b-9e67-51db8a2e0e6a:group-26BA44E1C42B set configuration 0: [d4fa05df-3099-4015-ad0e-4200365d2035:192.168.151.119:43786, 10741cbd-d620-4a9b-9e67-51db8a2e0e6a:192.168.151.119:43615, ba1e65fe-7169-476d-a778-4df70d7cdd6e:192.168.151.119:46724], old=null at 0
2019-09-20 09:33:24,845 [grpc-default-executor-0] INFO  segmented.SegmentedRaftLogWorker (SegmentedRaftLogWorker.java:startLogSegment(380)) - d4fa05df-3099-4015-ad0e-4200365d2035-SegmentedRaftLogWorker:Storage Directory /workdir/hadoop-ozone/integration-test/target/test-dir/MiniOzoneClusterImpl-b51a347c-4d32-49ce-97bb-8b27036901e7/datanode-5/data/ratis/72ec9e48-db96-4ff8-ab10-26ba44e1c42b: Starting segment from index:0
2019-09-20 09:33:24,845 [grpc-default-executor-2] INFO  segmented.SegmentedRaftLogWorker (SegmentedRaftLogWorker.java:startLogSegment(380)) - 10741cbd-d620-4a9b-9e67-51db8a2e0e6a-SegmentedRaftLogWorker:Storage Directory /workdir/hadoop-ozone/integration-test/target/test-dir/MiniOzoneClusterImpl-b51a347c-4d32-49ce-97bb-8b27036901e7/datanode-4/data/ratis/72ec9e48-db96-4ff8-ab10-26ba44e1c42b: Starting segment from index:0
2019-09-20 09:33:24,847 [ba1e65fe-7169-476d-a778-4df70d7cdd6e-SegmentedRaftLogWorker:Storage Directory /workdir/hadoop-ozone/integration-test/target/test-dir/MiniOzoneClusterImpl-b51a347c-4d32-49ce-97bb-8b27036901e7/datanode-3/data/ratis/72ec9e48-db96-4ff8-ab10-26ba44e1c42b] INFO  segmented.SegmentedRaftLogWorker (SegmentedRaftLogWorker.java:execute(569)) - ba1e65fe-7169-476d-a778-4df70d7cdd6e-SegmentedRaftLogWorker:Storage Directory /workdir/hadoop-ozone/integration-test/target/test-dir/MiniOzoneClusterImpl-b51a347c-4d32-49ce-97bb-8b27036901e7/datanode-3/data/ratis/72ec9e48-db96-4ff8-ab10-26ba44e1c42b: created new log segment /workdir/hadoop-ozone/integration-test/target/test-dir/MiniOzoneClusterImpl-b51a347c-4d32-49ce-97bb-8b27036901e7/datanode-3/data/ratis/72ec9e48-db96-4ff8-ab10-26ba44e1c42b/current/log_inprogress_0
2019-09-20 09:33:24,847 [10741cbd-d620-4a9b-9e67-51db8a2e0e6a:group-A09878A86B11:LeaderElection46] INFO  impl.LeaderElection (LeaderElection.java:askForVotes(181)) - 10741cbd-d620-4a9b-9e67-51db8a2e0e6a:group-A09878A86B11:LeaderElection46: begin an election at term 1 for -1: [10741cbd-d620-4a9b-9e67-51db8a2e0e6a:192.168.151.119:43615], old=null
2019-09-20 09:33:24,847 [10741cbd-d620-4a9b-9e67-51db8a2e0e6a:group-A09878A86B11:LeaderElection46] INFO  impl.RoleInfo (RoleInfo.java:shutdownLeaderElection(134)) - 10741cbd-d620-4a9b-9e67-51db8a2e0e6a: shutdown LeaderElection
2019-09-20 09:33:24,848 [10741cbd-d620-4a9b-9e67-51db8a2e0e6a:group-A09878A86B11:LeaderElection46] INFO  impl.RaftServerImpl (RaftServerImpl.java:setRole(171)) - 10741cbd-d620-4a9b-9e67-51db8a2e0e6a:group-A09878A86B11 changes role from CANDIDATE to LEADER at term 1 for changeToLeader
2019-09-20 09:33:24,848 [10741cbd-d620-4a9b-9e67-51db8a2e0e6a:group-A09878A86B11:LeaderElection46] INFO  impl.RaftServerImpl (ServerState.java:setLeader(263)) - 10741cbd-d620-4a9b-9e67-51db8a2e0e6a:group-A09878A86B11 change Leader from null to 10741cbd-d620-4a9b-9e67-51db8a2e0e6a at term 1 for becomeLeader, leader elected after 5215ms
2019-09-20 09:33:24,885 [10741cbd-d620-4a9b-9e67-51db8a2e0e6a:group-A09878A86B11:LeaderElection46] INFO  server.RaftServerConfigKeys (ConfUtils.java:logGet(43)) - raft.server.staging.catchup.gap = 1000 (default)
2019-09-20 09:33:24,885 [10741cbd-d620-4a9b-9e67-51db8a2e0e6a:group-A09878A86B11:LeaderElection46] INFO  server.RaftServerConfigKeys (ConfUtils.java:logGet(43)) - raft.server.rpc.sleep.time = 25ms (default)
2019-09-20 09:33:24,885 [10741cbd-d620-4a9b-9e67-51db8a2e0e6a:group-A09878A86B11:LeaderElection46] INFO  server.RaftServerConfigKeys (ConfUtils.java:logGet(43)) - raft.server.write.element-limit = 4096 (default)
2019-09-20 09:33:24,885 [10741cbd-d620-4a9b-9e67-51db8a2e0e6a:group-A09878A86B11:LeaderElection46] INFO  server.RaftServerConfigKeys (ConfUtils.java:logGet(43)) - raft.server.watch.timeout = 10s (default)
2019-09-20 09:33:24,886 [10741cbd-d620-4a9b-9e67-51db8a2e0e6a:group-A09878A86B11:LeaderElection46] INFO  server.RaftServerConfigKeys (ConfUtils.java:logGet(43)) - raft.server.watch.timeout.denomination = 1s (default)
2019-09-20 09:33:24,886 [10741cbd-d620-4a9b-9e67-51db8a2e0e6a:group-A09878A86B11:LeaderElection46] INFO  server.RaftServerConfigKeys (ConfUtils.java:logGet(43)) - raft.server.watch.element-limit = 65536 (default)
2019-09-20 09:33:24,886 [10741cbd-d620-4a9b-9e67-51db8a2e0e6a:group-A09878A86B11:LeaderElection46] INFO  impl.RoleInfo (RoleInfo.java:updateAndGet(143)) - 10741cbd-d620-4a9b-9e67-51db8a2e0e6a: start LeaderState
2019-09-20 09:33:24,886 [10741cbd-d620-4a9b-9e67-51db8a2e0e6a:group-A09878A86B11:LeaderElection46] INFO  segmented.SegmentedRaftLogWorker (SegmentedRaftLogWorker.java:startLogSegment(380)) - 10741cbd-d620-4a9b-9e67-51db8a2e0e6a-SegmentedRaftLogWorker:Storage Directory /workdir/hadoop-ozone/integration-test/target/test-dir/MiniOzoneClusterImpl-b51a347c-4d32-49ce-97bb-8b27036901e7/datanode-4/data/ratis/7512e4f8-687e-4af8-bb72-a09878a86b11: Starting segment from index:0
2019-09-20 09:33:24,887 [10741cbd-d620-4a9b-9e67-51db8a2e0e6a:group-A09878A86B11:LeaderElection46] INFO  impl.RaftServerImpl (ServerState.java:setRaftConf(361)) - 10741cbd-d620-4a9b-9e67-51db8a2e0e6a:group-A09878A86B11 set configuration 0: [10741cbd-d620-4a9b-9e67-51db8a2e0e6a:192.168.151.119:43615], old=null at 0
2019-09-20 09:33:24,919 [10741cbd-d620-4a9b-9e67-51db8a2e0e6a-SegmentedRaftLogWorker:Storage Directory /workdir/hadoop-ozone/integration-test/target/test-dir/MiniOzoneClusterImpl-b51a347c-4d32-49ce-97bb-8b27036901e7/datanode-4/data/ratis/72ec9e48-db96-4ff8-ab10-26ba44e1c42b] INFO  segmented.SegmentedRaftLogWorker (SegmentedRaftLogWorker.java:execute(569)) - 10741cbd-d620-4a9b-9e67-51db8a2e0e6a-SegmentedRaftLogWorker:Storage Directory /workdir/hadoop-ozone/integration-test/target/test-dir/MiniOzoneClusterImpl-b51a347c-4d32-49ce-97bb-8b27036901e7/datanode-4/data/ratis/72ec9e48-db96-4ff8-ab10-26ba44e1c42b: created new log segment /workdir/hadoop-ozone/integration-test/target/test-dir/MiniOzoneClusterImpl-b51a347c-4d32-49ce-97bb-8b27036901e7/datanode-4/data/ratis/72ec9e48-db96-4ff8-ab10-26ba44e1c42b/current/log_inprogress_0
2019-09-20 09:33:24,919 [d4fa05df-3099-4015-ad0e-4200365d2035-SegmentedRaftLogWorker:Storage Directory /workdir/hadoop-ozone/integration-test/target/test-dir/MiniOzoneClusterImpl-b51a347c-4d32-49ce-97bb-8b27036901e7/datanode-5/data/ratis/72ec9e48-db96-4ff8-ab10-26ba44e1c42b] INFO  segmented.SegmentedRaftLogWorker (SegmentedRaftLogWorker.java:execute(569)) - d4fa05df-3099-4015-ad0e-4200365d2035-SegmentedRaftLogWorker:Storage Directory /workdir/hadoop-ozone/integration-test/target/test-dir/MiniOzoneClusterImpl-b51a347c-4d32-49ce-97bb-8b27036901e7/datanode-5/data/ratis/72ec9e48-db96-4ff8-ab10-26ba44e1c42b: created new log segment /workdir/hadoop-ozone/integration-test/target/test-dir/MiniOzoneClusterImpl-b51a347c-4d32-49ce-97bb-8b27036901e7/datanode-5/data/ratis/72ec9e48-db96-4ff8-ab10-26ba44e1c42b/current/log_inprogress_0
2019-09-20 09:33:24,927 [10741cbd-d620-4a9b-9e67-51db8a2e0e6a-SegmentedRaftLogWorker:Storage Directory /workdir/hadoop-ozone/integration-test/target/test-dir/MiniOzoneClusterImpl-b51a347c-4d32-49ce-97bb-8b27036901e7/datanode-4/data/ratis/7512e4f8-687e-4af8-bb72-a09878a86b11] INFO  segmented.SegmentedRaftLogWorker (SegmentedRaftLogWorker.java:execute(569)) - 10741cbd-d620-4a9b-9e67-51db8a2e0e6a-SegmentedRaftLogWorker:Storage Directory /workdir/hadoop-ozone/integration-test/target/test-dir/MiniOzoneClusterImpl-b51a347c-4d32-49ce-97bb-8b27036901e7/datanode-4/data/ratis/7512e4f8-687e-4af8-bb72-a09878a86b11: created new log segment /workdir/hadoop-ozone/integration-test/target/test-dir/MiniOzoneClusterImpl-b51a347c-4d32-49ce-97bb-8b27036901e7/datanode-4/data/ratis/7512e4f8-687e-4af8-bb72-a09878a86b11/current/log_inprogress_0
2019-09-20 09:33:24,987 | INFO  | SCMAudit | user=jenkins1000 | ip=192.168.151.119 | op=SEND_HEARTBEAT {datanodeUUID=86933813-1e1e-464a-ae0f-2ef91831d02b, command=[]} | ret=SUCCESS |  
2019-09-20 09:33:25,007 [Thread-913] INFO  impl.FollowerState (FollowerState.java:run(106)) - d4fa05df-3099-4015-ad0e-4200365d2035:group-54FD04F27C82 changes to CANDIDATE, lastRpcTime:5165, electionTimeout:5165ms
2019-09-20 09:33:25,007 [Thread-913] INFO  impl.RoleInfo (RoleInfo.java:shutdownFollowerState(121)) - d4fa05df-3099-4015-ad0e-4200365d2035: shutdown FollowerState
2019-09-20 09:33:25,008 [Thread-913] INFO  impl.RaftServerImpl (RaftServerImpl.java:setRole(171)) - d4fa05df-3099-4015-ad0e-4200365d2035:group-54FD04F27C82 changes role from FOLLOWER to CANDIDATE at term 0 for changeToCandidate
2019-09-20 09:33:25,008 [Thread-913] INFO  impl.RoleInfo (RoleInfo.java:updateAndGet(143)) - d4fa05df-3099-4015-ad0e-4200365d2035: start LeaderElection
2019-09-20 09:33:25,028 [d4fa05df-3099-4015-ad0e-4200365d2035:group-54FD04F27C82:LeaderElection47] INFO  impl.LeaderElection (LeaderElection.java:askForVotes(181)) - d4fa05df-3099-4015-ad0e-4200365d2035:group-54FD04F27C82:LeaderElection47: begin an election at term 1 for -1: [d4fa05df-3099-4015-ad0e-4200365d2035:192.168.151.119:43786], old=null
2019-09-20 09:33:25,028 [d4fa05df-3099-4015-ad0e-4200365d2035:group-54FD04F27C82:LeaderElection47] INFO  impl.RoleInfo (RoleInfo.java:shutdownLeaderElection(134)) - d4fa05df-3099-4015-ad0e-4200365d2035: shutdown LeaderElection
2019-09-20 09:33:25,028 [d4fa05df-3099-4015-ad0e-4200365d2035:group-54FD04F27C82:LeaderElection47] INFO  impl.RaftServerImpl (RaftServerImpl.java:setRole(171)) - d4fa05df-3099-4015-ad0e-4200365d2035:group-54FD04F27C82 changes role from CANDIDATE to LEADER at term 1 for changeToLeader
2019-09-20 09:33:25,028 [d4fa05df-3099-4015-ad0e-4200365d2035:group-54FD04F27C82:LeaderElection47] INFO  impl.RaftServerImpl (ServerState.java:setLeader(263)) - d4fa05df-3099-4015-ad0e-4200365d2035:group-54FD04F27C82 change Leader from null to d4fa05df-3099-4015-ad0e-4200365d2035 at term 1 for becomeLeader, leader elected after 5191ms
2019-09-20 09:33:25,030 [d4fa05df-3099-4015-ad0e-4200365d2035:group-54FD04F27C82:LeaderElection47] INFO  server.RaftServerConfigKeys (ConfUtils.java:logGet(43)) - raft.server.staging.catchup.gap = 1000 (default)
2019-09-20 09:33:25,030 [d4fa05df-3099-4015-ad0e-4200365d2035:group-54FD04F27C82:LeaderElection47] INFO  server.RaftServerConfigKeys (ConfUtils.java:logGet(43)) - raft.server.rpc.sleep.time = 25ms (default)
2019-09-20 09:33:25,031 [d4fa05df-3099-4015-ad0e-4200365d2035:group-54FD04F27C82:LeaderElection47] INFO  server.RaftServerConfigKeys (ConfUtils.java:logGet(43)) - raft.server.write.element-limit = 4096 (default)
2019-09-20 09:33:25,031 [d4fa05df-3099-4015-ad0e-4200365d2035:group-54FD04F27C82:LeaderElection47] INFO  server.RaftServerConfigKeys (ConfUtils.java:logGet(43)) - raft.server.watch.timeout = 10s (default)
2019-09-20 09:33:25,031 [d4fa05df-3099-4015-ad0e-4200365d2035:group-54FD04F27C82:LeaderElection47] INFO  server.RaftServerConfigKeys (ConfUtils.java:logGet(43)) - raft.server.watch.timeout.denomination = 1s (default)
2019-09-20 09:33:25,031 [d4fa05df-3099-4015-ad0e-4200365d2035:group-54FD04F27C82:LeaderElection47] INFO  server.RaftServerConfigKeys (ConfUtils.java:logGet(43)) - raft.server.watch.element-limit = 65536 (default)
2019-09-20 09:33:25,031 [d4fa05df-3099-4015-ad0e-4200365d2035:group-54FD04F27C82:LeaderElection47] INFO  impl.RoleInfo (RoleInfo.java:updateAndGet(143)) - d4fa05df-3099-4015-ad0e-4200365d2035: start LeaderState
2019-09-20 09:33:25,031 [d4fa05df-3099-4015-ad0e-4200365d2035:group-54FD04F27C82:LeaderElection47] INFO  segmented.SegmentedRaftLogWorker (SegmentedRaftLogWorker.java:startLogSegment(380)) - d4fa05df-3099-4015-ad0e-4200365d2035-SegmentedRaftLogWorker:Storage Directory /workdir/hadoop-ozone/integration-test/target/test-dir/MiniOzoneClusterImpl-b51a347c-4d32-49ce-97bb-8b27036901e7/datanode-5/data/ratis/c02e05ea-29b8-474a-a7f4-54fd04f27c82: Starting segment from index:0
2019-09-20 09:33:25,032 [d4fa05df-3099-4015-ad0e-4200365d2035:group-54FD04F27C82:LeaderElection47] INFO  impl.RaftServerImpl (ServerState.java:setRaftConf(361)) - d4fa05df-3099-4015-ad0e-4200365d2035:group-54FD04F27C82 set configuration 0: [d4fa05df-3099-4015-ad0e-4200365d2035:192.168.151.119:43786], old=null at 0
2019-09-20 09:33:25,084 [d4fa05df-3099-4015-ad0e-4200365d2035-SegmentedRaftLogWorker:Storage Directory /workdir/hadoop-ozone/integration-test/target/test-dir/MiniOzoneClusterImpl-b51a347c-4d32-49ce-97bb-8b27036901e7/datanode-5/data/ratis/c02e05ea-29b8-474a-a7f4-54fd04f27c82] INFO  segmented.SegmentedRaftLogWorker (SegmentedRaftLogWorker.java:execute(569)) - d4fa05df-3099-4015-ad0e-4200365d2035-SegmentedRaftLogWorker:Storage Directory /workdir/hadoop-ozone/integration-test/target/test-dir/MiniOzoneClusterImpl-b51a347c-4d32-49ce-97bb-8b27036901e7/datanode-5/data/ratis/c02e05ea-29b8-474a-a7f4-54fd04f27c82: created new log segment /workdir/hadoop-ozone/integration-test/target/test-dir/MiniOzoneClusterImpl-b51a347c-4d32-49ce-97bb-8b27036901e7/datanode-5/data/ratis/c02e05ea-29b8-474a-a7f4-54fd04f27c82/current/log_inprogress_0
2019-09-20 09:33:25,090 [Thread-921] INFO  impl.FollowerState (FollowerState.java:run(106)) - 86933813-1e1e-464a-ae0f-2ef91831d02b:group-F09811A33C7B changes to CANDIDATE, lastRpcTime:5023, electionTimeout:5023ms
2019-09-20 09:33:25,091 [Thread-921] INFO  impl.RoleInfo (RoleInfo.java:shutdownFollowerState(121)) - 86933813-1e1e-464a-ae0f-2ef91831d02b: shutdown FollowerState
2019-09-20 09:33:25,091 [Thread-921] INFO  impl.RaftServerImpl (RaftServerImpl.java:setRole(171)) - 86933813-1e1e-464a-ae0f-2ef91831d02b:group-F09811A33C7B changes role from FOLLOWER to CANDIDATE at term 0 for changeToCandidate
2019-09-20 09:33:25,091 [Thread-921] INFO  impl.RoleInfo (RoleInfo.java:updateAndGet(143)) - 86933813-1e1e-464a-ae0f-2ef91831d02b: start LeaderElection
2019-09-20 09:33:25,098 [86933813-1e1e-464a-ae0f-2ef91831d02b:group-F09811A33C7B:LeaderElection48] INFO  impl.LeaderElection (LeaderElection.java:askForVotes(181)) - 86933813-1e1e-464a-ae0f-2ef91831d02b:group-F09811A33C7B:LeaderElection48: begin an election at term 1 for -1: [86933813-1e1e-464a-ae0f-2ef91831d02b:192.168.151.119:44448], old=null
2019-09-20 09:33:25,098 [86933813-1e1e-464a-ae0f-2ef91831d02b:group-F09811A33C7B:LeaderElection48] INFO  impl.RoleInfo (RoleInfo.java:shutdownLeaderElection(134)) - 86933813-1e1e-464a-ae0f-2ef91831d02b: shutdown LeaderElection
2019-09-20 09:33:25,098 [86933813-1e1e-464a-ae0f-2ef91831d02b:group-F09811A33C7B:LeaderElection48] INFO  impl.RaftServerImpl (RaftServerImpl.java:setRole(171)) - 86933813-1e1e-464a-ae0f-2ef91831d02b:group-F09811A33C7B changes role from CANDIDATE to LEADER at term 1 for changeToLeader
2019-09-20 09:33:25,098 [86933813-1e1e-464a-ae0f-2ef91831d02b:group-F09811A33C7B:LeaderElection48] INFO  impl.RaftServerImpl (ServerState.java:setLeader(263)) - 86933813-1e1e-464a-ae0f-2ef91831d02b:group-F09811A33C7B change Leader from null to 86933813-1e1e-464a-ae0f-2ef91831d02b at term 1 for becomeLeader, leader elected after 5046ms
2019-09-20 09:33:25,108 [86933813-1e1e-464a-ae0f-2ef91831d02b:group-F09811A33C7B:LeaderElection48] INFO  server.RaftServerConfigKeys (ConfUtils.java:logGet(43)) - raft.server.staging.catchup.gap = 1000 (default)
2019-09-20 09:33:25,108 [86933813-1e1e-464a-ae0f-2ef91831d02b:group-F09811A33C7B:LeaderElection48] INFO  server.RaftServerConfigKeys (ConfUtils.java:logGet(43)) - raft.server.rpc.sleep.time = 25ms (default)
2019-09-20 09:33:25,108 [86933813-1e1e-464a-ae0f-2ef91831d02b:group-F09811A33C7B:LeaderElection48] INFO  server.RaftServerConfigKeys (ConfUtils.java:logGet(43)) - raft.server.write.element-limit = 4096 (default)
2019-09-20 09:33:25,108 [86933813-1e1e-464a-ae0f-2ef91831d02b:group-F09811A33C7B:LeaderElection48] INFO  server.RaftServerConfigKeys (ConfUtils.java:logGet(43)) - raft.server.watch.timeout = 10s (default)
2019-09-20 09:33:25,108 [86933813-1e1e-464a-ae0f-2ef91831d02b:group-F09811A33C7B:LeaderElection48] INFO  server.RaftServerConfigKeys (ConfUtils.java:logGet(43)) - raft.server.watch.timeout.denomination = 1s (default)
2019-09-20 09:33:25,109 [86933813-1e1e-464a-ae0f-2ef91831d02b:group-F09811A33C7B:LeaderElection48] INFO  server.RaftServerConfigKeys (ConfUtils.java:logGet(43)) - raft.server.watch.element-limit = 65536 (default)
2019-09-20 09:33:25,109 [86933813-1e1e-464a-ae0f-2ef91831d02b:group-F09811A33C7B:LeaderElection48] INFO  impl.RoleInfo (RoleInfo.java:updateAndGet(143)) - 86933813-1e1e-464a-ae0f-2ef91831d02b: start LeaderState
2019-09-20 09:33:25,109 [86933813-1e1e-464a-ae0f-2ef91831d02b:group-F09811A33C7B:LeaderElection48] INFO  segmented.SegmentedRaftLogWorker (SegmentedRaftLogWorker.java:startLogSegment(380)) - 86933813-1e1e-464a-ae0f-2ef91831d02b-SegmentedRaftLogWorker:Storage Directory /workdir/hadoop-ozone/integration-test/target/test-dir/MiniOzoneClusterImpl-b51a347c-4d32-49ce-97bb-8b27036901e7/datanode-6/data/ratis/e05c9f1b-d954-4a7c-bb45-f09811a33c7b: Starting segment from index:0
2019-09-20 09:33:25,110 [86933813-1e1e-464a-ae0f-2ef91831d02b:group-F09811A33C7B:LeaderElection48] INFO  impl.RaftServerImpl (ServerState.java:setRaftConf(361)) - 86933813-1e1e-464a-ae0f-2ef91831d02b:group-F09811A33C7B set configuration 0: [86933813-1e1e-464a-ae0f-2ef91831d02b:192.168.151.119:44448], old=null at 0
2019-09-20 09:33:25,162 [86933813-1e1e-464a-ae0f-2ef91831d02b-SegmentedRaftLogWorker:Storage Directory /workdir/hadoop-ozone/integration-test/target/test-dir/MiniOzoneClusterImpl-b51a347c-4d32-49ce-97bb-8b27036901e7/datanode-6/data/ratis/e05c9f1b-d954-4a7c-bb45-f09811a33c7b] INFO  segmented.SegmentedRaftLogWorker (SegmentedRaftLogWorker.java:execute(569)) - 86933813-1e1e-464a-ae0f-2ef91831d02b-SegmentedRaftLogWorker:Storage Directory /workdir/hadoop-ozone/integration-test/target/test-dir/MiniOzoneClusterImpl-b51a347c-4d32-49ce-97bb-8b27036901e7/datanode-6/data/ratis/e05c9f1b-d954-4a7c-bb45-f09811a33c7b: created new log segment /workdir/hadoop-ozone/integration-test/target/test-dir/MiniOzoneClusterImpl-b51a347c-4d32-49ce-97bb-8b27036901e7/datanode-6/data/ratis/e05c9f1b-d954-4a7c-bb45-f09811a33c7b/current/log_inprogress_0
2019-09-20 09:33:25,395 | INFO  | SCMAudit | user=jenkins1000 | ip=192.168.151.119 | op=SEND_HEARTBEAT {datanodeUUID=ba1e65fe-7169-476d-a778-4df70d7cdd6e, command=[]} | ret=SUCCESS |  
2019-09-20 09:33:25,461 | INFO  | SCMAudit | user=jenkins1000 | ip=192.168.151.119 | op=SEND_HEARTBEAT {datanodeUUID=37b777df-de08-4da5-9630-325a3e0e88a6, command=[]} | ret=SUCCESS |  
2019-09-20 09:33:25,497 | INFO  | SCMAudit | user=jenkins1000 | ip=192.168.151.119 | op=SEND_HEARTBEAT {datanodeUUID=4d6fff4c-5cb6-40a3-b677-a76fbdc0054d, command=[]} | ret=SUCCESS |  
2019-09-20 09:33:25,497 | INFO  | SCMAudit | user=jenkins1000 | ip=192.168.151.119 | op=SEND_HEARTBEAT {datanodeUUID=d072c18a-1b53-41d5-bae5-b82be0790279, command=[]} | ret=SUCCESS |  
2019-09-20 09:33:25,593 | INFO  | SCMAudit | user=jenkins1000 | ip=192.168.151.119 | op=SEND_HEARTBEAT {datanodeUUID=10741cbd-d620-4a9b-9e67-51db8a2e0e6a, command=[]} | ret=SUCCESS |  
2019-09-20 09:33:25,836 | INFO  | SCMAudit | user=jenkins1000 | ip=192.168.151.119 | op=SEND_HEARTBEAT {datanodeUUID=d4fa05df-3099-4015-ad0e-4200365d2035, command=[]} | ret=SUCCESS |  
2019-09-20 09:33:25,987 | INFO  | SCMAudit | user=jenkins1000 | ip=192.168.151.119 | op=SEND_HEARTBEAT {datanodeUUID=86933813-1e1e-464a-ae0f-2ef91831d02b, command=[]} | ret=SUCCESS |  
2019-09-20 09:33:26,396 | INFO  | SCMAudit | user=jenkins1000 | ip=192.168.151.119 | op=SEND_HEARTBEAT {datanodeUUID=ba1e65fe-7169-476d-a778-4df70d7cdd6e, command=[]} | ret=SUCCESS |  
2019-09-20 09:33:26,462 | INFO  | SCMAudit | user=jenkins1000 | ip=192.168.151.119 | op=SEND_HEARTBEAT {datanodeUUID=37b777df-de08-4da5-9630-325a3e0e88a6, command=[]} | ret=SUCCESS |  
2019-09-20 09:33:26,496 | INFO  | SCMAudit | user=jenkins1000 | ip=192.168.151.119 | op=SEND_HEARTBEAT {datanodeUUID=d072c18a-1b53-41d5-bae5-b82be0790279, command=[]} | ret=SUCCESS |  
2019-09-20 09:33:26,496 | INFO  | SCMAudit | user=jenkins1000 | ip=192.168.151.119 | op=SEND_HEARTBEAT {datanodeUUID=4d6fff4c-5cb6-40a3-b677-a76fbdc0054d, command=[]} | ret=SUCCESS |  
2019-09-20 09:33:26,592 | INFO  | SCMAudit | user=jenkins1000 | ip=192.168.151.119 | op=SEND_HEARTBEAT {datanodeUUID=10741cbd-d620-4a9b-9e67-51db8a2e0e6a, command=[]} | ret=SUCCESS |  
2019-09-20 09:33:26,837 | INFO  | SCMAudit | user=jenkins1000 | ip=192.168.151.119 | op=SEND_HEARTBEAT {datanodeUUID=d4fa05df-3099-4015-ad0e-4200365d2035, command=[]} | ret=SUCCESS |  
2019-09-20 09:33:26,987 | INFO  | SCMAudit | user=jenkins1000 | ip=192.168.151.119 | op=SEND_HEARTBEAT {datanodeUUID=86933813-1e1e-464a-ae0f-2ef91831d02b, command=[]} | ret=SUCCESS |  
2019-09-20 09:33:27,397 | INFO  | SCMAudit | user=jenkins1000 | ip=192.168.151.119 | op=SEND_HEARTBEAT {datanodeUUID=ba1e65fe-7169-476d-a778-4df70d7cdd6e, command=[]} | ret=SUCCESS |  
2019-09-20 09:33:27,462 | INFO  | SCMAudit | user=jenkins1000 | ip=192.168.151.119 | op=SEND_HEARTBEAT {datanodeUUID=37b777df-de08-4da5-9630-325a3e0e88a6, command=[]} | ret=SUCCESS |  
2019-09-20 09:33:27,496 | INFO  | SCMAudit | user=jenkins1000 | ip=192.168.151.119 | op=SEND_HEARTBEAT {datanodeUUID=d072c18a-1b53-41d5-bae5-b82be0790279, command=[]} | ret=SUCCESS |  
2019-09-20 09:33:27,497 | INFO  | SCMAudit | user=jenkins1000 | ip=192.168.151.119 | op=SEND_HEARTBEAT {datanodeUUID=4d6fff4c-5cb6-40a3-b677-a76fbdc0054d, command=[]} | ret=SUCCESS |  
2019-09-20 09:33:27,593 | INFO  | SCMAudit | user=jenkins1000 | ip=192.168.151.119 | op=SEND_HEARTBEAT {datanodeUUID=10741cbd-d620-4a9b-9e67-51db8a2e0e6a, command=[]} | ret=SUCCESS |  
2019-09-20 09:33:27,836 | INFO  | SCMAudit | user=jenkins1000 | ip=192.168.151.119 | op=SEND_HEARTBEAT {datanodeUUID=d4fa05df-3099-4015-ad0e-4200365d2035, command=[]} | ret=SUCCESS |  
2019-09-20 09:33:27,987 | INFO  | SCMAudit | user=jenkins1000 | ip=192.168.151.119 | op=SEND_HEARTBEAT {datanodeUUID=86933813-1e1e-464a-ae0f-2ef91831d02b, command=[]} | ret=SUCCESS |  
2019-09-20 09:33:28,396 | INFO  | SCMAudit | user=jenkins1000 | ip=192.168.151.119 | op=SEND_HEARTBEAT {datanodeUUID=ba1e65fe-7169-476d-a778-4df70d7cdd6e, command=[]} | ret=SUCCESS |  
2019-09-20 09:33:28,462 | INFO  | SCMAudit | user=jenkins1000 | ip=192.168.151.119 | op=SEND_HEARTBEAT {datanodeUUID=37b777df-de08-4da5-9630-325a3e0e88a6, command=[]} | ret=SUCCESS |  
2019-09-20 09:33:28,497 | INFO  | SCMAudit | user=jenkins1000 | ip=192.168.151.119 | op=SEND_HEARTBEAT {datanodeUUID=d072c18a-1b53-41d5-bae5-b82be0790279, command=[]} | ret=SUCCESS |  
2019-09-20 09:33:28,497 | INFO  | SCMAudit | user=jenkins1000 | ip=192.168.151.119 | op=SEND_HEARTBEAT {datanodeUUID=4d6fff4c-5cb6-40a3-b677-a76fbdc0054d, command=[]} | ret=SUCCESS |  
2019-09-20 09:33:28,593 | INFO  | SCMAudit | user=jenkins1000 | ip=192.168.151.119 | op=SEND_HEARTBEAT {datanodeUUID=10741cbd-d620-4a9b-9e67-51db8a2e0e6a, command=[]} | ret=SUCCESS |  
2019-09-20 09:33:28,837 | INFO  | SCMAudit | user=jenkins1000 | ip=192.168.151.119 | op=SEND_HEARTBEAT {datanodeUUID=d4fa05df-3099-4015-ad0e-4200365d2035, command=[]} | ret=SUCCESS |  
2019-09-20 09:33:28,988 | INFO  | SCMAudit | user=jenkins1000 | ip=192.168.151.119 | op=SEND_HEARTBEAT {datanodeUUID=86933813-1e1e-464a-ae0f-2ef91831d02b, command=[]} | ret=SUCCESS |  
2019-09-20 09:33:29,397 | INFO  | SCMAudit | user=jenkins1000 | ip=192.168.151.119 | op=SEND_HEARTBEAT {datanodeUUID=ba1e65fe-7169-476d-a778-4df70d7cdd6e, command=[]} | ret=SUCCESS |  
2019-09-20 09:33:29,463 | INFO  | SCMAudit | user=jenkins1000 | ip=192.168.151.119 | op=SEND_HEARTBEAT {datanodeUUID=37b777df-de08-4da5-9630-325a3e0e88a6, command=[]} | ret=SUCCESS |  
2019-09-20 09:33:29,501 | INFO  | SCMAudit | user=jenkins1000 | ip=192.168.151.119 | op=SEND_HEARTBEAT {datanodeUUID=d072c18a-1b53-41d5-bae5-b82be0790279, command=[]} | ret=SUCCESS |  
2019-09-20 09:33:29,501 | INFO  | SCMAudit | user=jenkins1000 | ip=192.168.151.119 | op=SEND_HEARTBEAT {datanodeUUID=4d6fff4c-5cb6-40a3-b677-a76fbdc0054d, command=[]} | ret=SUCCESS |  
2019-09-20 09:33:29,510 [grpc-default-executor-0] INFO  client.GrpcClientProtocolClient (GrpcClientProtocolClient.java:onNext(255)) - client-05D5A58C38F8->4d6fff4c-5cb6-40a3-b677-a76fbdc0054d: receive RaftClientReply:client-05D5A58C38F8->4d6fff4c-5cb6-40a3-b677-a76fbdc0054d@group-13440712A48A, cid=45, FAILED org.apache.ratis.protocol.NotLeaderException: Server 4d6fff4c-5cb6-40a3-b677-a76fbdc0054d is not the leader (37b777df-de08-4da5-9630-325a3e0e88a6:192.168.151.119:35524). Request must be sent to leader., logIndex=0, commits[4d6fff4c-5cb6-40a3-b677-a76fbdc0054d:c8, d072c18a-1b53-41d5-bae5-b82be0790279:c8, 37b777df-de08-4da5-9630-325a3e0e88a6:c8]
2019-09-20 09:33:29,593 | INFO  | SCMAudit | user=jenkins1000 | ip=192.168.151.119 | op=SEND_HEARTBEAT {datanodeUUID=10741cbd-d620-4a9b-9e67-51db8a2e0e6a, command=[]} | ret=SUCCESS |  
2019-09-20 09:33:29,837 | INFO  | SCMAudit | user=jenkins1000 | ip=192.168.151.119 | op=SEND_HEARTBEAT {datanodeUUID=d4fa05df-3099-4015-ad0e-4200365d2035, command=[]} | ret=SUCCESS |  
2019-09-20 09:33:29,988 | INFO  | SCMAudit | user=jenkins1000 | ip=192.168.151.119 | op=SEND_HEARTBEAT {datanodeUUID=86933813-1e1e-464a-ae0f-2ef91831d02b, command=[]} | ret=SUCCESS |  
2019-09-20 09:33:30,398 | INFO  | SCMAudit | user=jenkins1000 | ip=192.168.151.119 | op=SEND_HEARTBEAT {datanodeUUID=ba1e65fe-7169-476d-a778-4df70d7cdd6e, command=[]} | ret=SUCCESS |  
2019-09-20 09:33:30,462 | INFO  | SCMAudit | user=jenkins1000 | ip=192.168.151.119 | op=SEND_HEARTBEAT {datanodeUUID=37b777df-de08-4da5-9630-325a3e0e88a6, command=[]} | ret=SUCCESS |  
2019-09-20 09:33:30,500 | INFO  | SCMAudit | user=jenkins1000 | ip=192.168.151.119 | op=SEND_HEARTBEAT {datanodeUUID=4d6fff4c-5cb6-40a3-b677-a76fbdc0054d, command=[]} | ret=SUCCESS |  
2019-09-20 09:33:30,501 | INFO  | SCMAudit | user=jenkins1000 | ip=192.168.151.119 | op=SEND_HEARTBEAT {datanodeUUID=d072c18a-1b53-41d5-bae5-b82be0790279, command=[]} | ret=SUCCESS |  
2019-09-20 09:33:30,593 | INFO  | SCMAudit | user=jenkins1000 | ip=192.168.151.119 | op=SEND_HEARTBEAT {datanodeUUID=10741cbd-d620-4a9b-9e67-51db8a2e0e6a, command=[]} | ret=SUCCESS |  
2019-09-20 09:33:30,838 | INFO  | SCMAudit | user=jenkins1000 | ip=192.168.151.119 | op=SEND_HEARTBEAT {datanodeUUID=d4fa05df-3099-4015-ad0e-4200365d2035, command=[]} | ret=SUCCESS |  
2019-09-20 09:33:30,988 | INFO  | SCMAudit | user=jenkins1000 | ip=192.168.151.119 | op=SEND_HEARTBEAT {datanodeUUID=86933813-1e1e-464a-ae0f-2ef91831d02b, command=[]} | ret=SUCCESS |  
2019-09-20 09:33:31,397 | INFO  | SCMAudit | user=jenkins1000 | ip=192.168.151.119 | op=SEND_HEARTBEAT {datanodeUUID=ba1e65fe-7169-476d-a778-4df70d7cdd6e, command=[]} | ret=SUCCESS |  
2019-09-20 09:33:31,463 | INFO  | SCMAudit | user=jenkins1000 | ip=192.168.151.119 | op=SEND_HEARTBEAT {datanodeUUID=37b777df-de08-4da5-9630-325a3e0e88a6, command=[]} | ret=SUCCESS |  
2019-09-20 09:33:31,501 | INFO  | SCMAudit | user=jenkins1000 | ip=192.168.151.119 | op=SEND_HEARTBEAT {datanodeUUID=4d6fff4c-5cb6-40a3-b677-a76fbdc0054d, command=[]} | ret=SUCCESS |  
2019-09-20 09:33:31,501 | INFO  | SCMAudit | user=jenkins1000 | ip=192.168.151.119 | op=SEND_HEARTBEAT {datanodeUUID=d072c18a-1b53-41d5-bae5-b82be0790279, command=[]} | ret=SUCCESS |  
2019-09-20 09:33:31,592 | INFO  | SCMAudit | user=jenkins1000 | ip=192.168.151.119 | op=SEND_HEARTBEAT {datanodeUUID=10741cbd-d620-4a9b-9e67-51db8a2e0e6a, command=[]} | ret=SUCCESS |  
2019-09-20 09:33:31,837 | INFO  | SCMAudit | user=jenkins1000 | ip=192.168.151.119 | op=SEND_HEARTBEAT {datanodeUUID=d4fa05df-3099-4015-ad0e-4200365d2035, command=[]} | ret=SUCCESS |  
2019-09-20 09:33:31,989 | INFO  | SCMAudit | user=jenkins1000 | ip=192.168.151.119 | op=SEND_HEARTBEAT {datanodeUUID=86933813-1e1e-464a-ae0f-2ef91831d02b, command=[]} | ret=SUCCESS |  
2019-09-20 09:33:32,398 | INFO  | SCMAudit | user=jenkins1000 | ip=192.168.151.119 | op=SEND_HEARTBEAT {datanodeUUID=ba1e65fe-7169-476d-a778-4df70d7cdd6e, command=[]} | ret=SUCCESS |  
2019-09-20 09:33:32,462 | INFO  | SCMAudit | user=jenkins1000 | ip=192.168.151.119 | op=SEND_HEARTBEAT {datanodeUUID=37b777df-de08-4da5-9630-325a3e0e88a6, command=[]} | ret=SUCCESS |  
2019-09-20 09:33:32,500 | INFO  | SCMAudit | user=jenkins1000 | ip=192.168.151.119 | op=SEND_HEARTBEAT {datanodeUUID=4d6fff4c-5cb6-40a3-b677-a76fbdc0054d, command=[]} | ret=SUCCESS |  
2019-09-20 09:33:32,501 | INFO  | SCMAudit | user=jenkins1000 | ip=192.168.151.119 | op=SEND_HEARTBEAT {datanodeUUID=d072c18a-1b53-41d5-bae5-b82be0790279, command=[]} | ret=SUCCESS |  
2019-09-20 09:33:32,593 | INFO  | SCMAudit | user=jenkins1000 | ip=192.168.151.119 | op=SEND_HEARTBEAT {datanodeUUID=10741cbd-d620-4a9b-9e67-51db8a2e0e6a, command=[]} | ret=SUCCESS |  
2019-09-20 09:33:32,838 | INFO  | SCMAudit | user=jenkins1000 | ip=192.168.151.119 | op=SEND_HEARTBEAT {datanodeUUID=d4fa05df-3099-4015-ad0e-4200365d2035, command=[]} | ret=SUCCESS |  
2019-09-20 09:33:32,988 | INFO  | SCMAudit | user=jenkins1000 | ip=192.168.151.119 | op=SEND_HEARTBEAT {datanodeUUID=86933813-1e1e-464a-ae0f-2ef91831d02b, command=[]} | ret=SUCCESS |  
2019-09-20 09:33:33,398 | INFO  | SCMAudit | user=jenkins1000 | ip=192.168.151.119 | op=SEND_HEARTBEAT {datanodeUUID=ba1e65fe-7169-476d-a778-4df70d7cdd6e, command=[]} | ret=SUCCESS |  
2019-09-20 09:33:33,463 | INFO  | SCMAudit | user=jenkins1000 | ip=192.168.151.119 | op=SEND_HEARTBEAT {datanodeUUID=37b777df-de08-4da5-9630-325a3e0e88a6, command=[]} | ret=SUCCESS |  
2019-09-20 09:33:33,502 | INFO  | SCMAudit | user=jenkins1000 | ip=192.168.151.119 | op=SEND_HEARTBEAT {datanodeUUID=4d6fff4c-5cb6-40a3-b677-a76fbdc0054d, command=[]} | ret=SUCCESS |  
2019-09-20 09:33:33,502 | INFO  | SCMAudit | user=jenkins1000 | ip=192.168.151.119 | op=SEND_HEARTBEAT {datanodeUUID=d072c18a-1b53-41d5-bae5-b82be0790279, command=[]} | ret=SUCCESS |  
2019-09-20 09:33:33,592 | INFO  | SCMAudit | user=jenkins1000 | ip=192.168.151.119 | op=SEND_HEARTBEAT {datanodeUUID=10741cbd-d620-4a9b-9e67-51db8a2e0e6a, command=[]} | ret=SUCCESS |  
2019-09-20 09:33:33,838 | INFO  | SCMAudit | user=jenkins1000 | ip=192.168.151.119 | op=SEND_HEARTBEAT {datanodeUUID=d4fa05df-3099-4015-ad0e-4200365d2035, command=[]} | ret=SUCCESS |  
2019-09-20 09:33:33,989 | INFO  | SCMAudit | user=jenkins1000 | ip=192.168.151.119 | op=SEND_HEARTBEAT {datanodeUUID=86933813-1e1e-464a-ae0f-2ef91831d02b, command=[]} | ret=SUCCESS |  
2019-09-20 09:33:34,398 | INFO  | SCMAudit | user=jenkins1000 | ip=192.168.151.119 | op=SEND_HEARTBEAT {datanodeUUID=ba1e65fe-7169-476d-a778-4df70d7cdd6e, command=[]} | ret=SUCCESS |  
2019-09-20 09:33:34,463 | INFO  | SCMAudit | user=jenkins1000 | ip=192.168.151.119 | op=SEND_HEARTBEAT {datanodeUUID=37b777df-de08-4da5-9630-325a3e0e88a6, command=[]} | ret=SUCCESS |  
2019-09-20 09:33:34,502 | INFO  | SCMAudit | user=jenkins1000 | ip=192.168.151.119 | op=SEND_HEARTBEAT {datanodeUUID=4d6fff4c-5cb6-40a3-b677-a76fbdc0054d, command=[]} | ret=SUCCESS |  
2019-09-20 09:33:34,502 | INFO  | SCMAudit | user=jenkins1000 | ip=192.168.151.119 | op=SEND_HEARTBEAT {datanodeUUID=d072c18a-1b53-41d5-bae5-b82be0790279, command=[]} | ret=SUCCESS |  
2019-09-20 09:33:34,547 [grpc-default-executor-0] INFO  client.GrpcClientProtocolClient (GrpcClientProtocolClient.java:onNext(255)) - client-05D5A58C38F8->4d6fff4c-5cb6-40a3-b677-a76fbdc0054d: receive RaftClientReply:client-05D5A58C38F8->4d6fff4c-5cb6-40a3-b677-a76fbdc0054d@group-13440712A48A, cid=45, FAILED org.apache.ratis.protocol.NotLeaderException: Server 4d6fff4c-5cb6-40a3-b677-a76fbdc0054d is not the leader (37b777df-de08-4da5-9630-325a3e0e88a6:192.168.151.119:35524). Request must be sent to leader., logIndex=0, commits[4d6fff4c-5cb6-40a3-b677-a76fbdc0054d:c8, d072c18a-1b53-41d5-bae5-b82be0790279:c8, 37b777df-de08-4da5-9630-325a3e0e88a6:c8]
2019-09-20 09:33:34,593 | INFO  | SCMAudit | user=jenkins1000 | ip=192.168.151.119 | op=SEND_HEARTBEAT {datanodeUUID=10741cbd-d620-4a9b-9e67-51db8a2e0e6a, command=[]} | ret=SUCCESS |  
2019-09-20 09:33:34,837 | INFO  | SCMAudit | user=jenkins1000 | ip=192.168.151.119 | op=SEND_HEARTBEAT {datanodeUUID=d4fa05df-3099-4015-ad0e-4200365d2035, command=[]} | ret=SUCCESS |  
2019-09-20 09:33:34,990 | INFO  | SCMAudit | user=jenkins1000 | ip=192.168.151.119 | op=SEND_HEARTBEAT {datanodeUUID=86933813-1e1e-464a-ae0f-2ef91831d02b, command=[]} | ret=SUCCESS |  
2019-09-20 09:33:35,399 | INFO  | SCMAudit | user=jenkins1000 | ip=192.168.151.119 | op=SEND_HEARTBEAT {datanodeUUID=ba1e65fe-7169-476d-a778-4df70d7cdd6e, command=[]} | ret=SUCCESS |  
2019-09-20 09:33:35,463 | INFO  | SCMAudit | user=jenkins1000 | ip=192.168.151.119 | op=SEND_HEARTBEAT {datanodeUUID=37b777df-de08-4da5-9630-325a3e0e88a6, command=[]} | ret=SUCCESS |  
2019-09-20 09:33:35,501 | INFO  | SCMAudit | user=jenkins1000 | ip=192.168.151.119 | op=SEND_HEARTBEAT {datanodeUUID=d072c18a-1b53-41d5-bae5-b82be0790279, command=[]} | ret=SUCCESS |  
2019-09-20 09:33:35,501 | INFO  | SCMAudit | user=jenkins1000 | ip=192.168.151.119 | op=SEND_HEARTBEAT {datanodeUUID=4d6fff4c-5cb6-40a3-b677-a76fbdc0054d, command=[]} | ret=SUCCESS |  
2019-09-20 09:33:35,592 | INFO  | SCMAudit | user=jenkins1000 | ip=192.168.151.119 | op=SEND_HEARTBEAT {datanodeUUID=10741cbd-d620-4a9b-9e67-51db8a2e0e6a, command=[]} | ret=SUCCESS |  
2019-09-20 09:33:35,838 | INFO  | SCMAudit | user=jenkins1000 | ip=192.168.151.119 | op=SEND_HEARTBEAT {datanodeUUID=d4fa05df-3099-4015-ad0e-4200365d2035, command=[]} | ret=SUCCESS |  
2019-09-20 09:33:35,989 | INFO  | SCMAudit | user=jenkins1000 | ip=192.168.151.119 | op=SEND_HEARTBEAT {datanodeUUID=86933813-1e1e-464a-ae0f-2ef91831d02b, command=[]} | ret=SUCCESS |  
2019-09-20 09:33:36,399 | INFO  | SCMAudit | user=jenkins1000 | ip=192.168.151.119 | op=SEND_HEARTBEAT {datanodeUUID=ba1e65fe-7169-476d-a778-4df70d7cdd6e, command=[]} | ret=SUCCESS |  
2019-09-20 09:33:36,464 | INFO  | SCMAudit | user=jenkins1000 | ip=192.168.151.119 | op=SEND_HEARTBEAT {datanodeUUID=37b777df-de08-4da5-9630-325a3e0e88a6, command=[]} | ret=SUCCESS |  
2019-09-20 09:33:36,501 | INFO  | SCMAudit | user=jenkins1000 | ip=192.168.151.119 | op=SEND_HEARTBEAT {datanodeUUID=d072c18a-1b53-41d5-bae5-b82be0790279, command=[]} | ret=SUCCESS |  
2019-09-20 09:33:36,501 | INFO  | SCMAudit | user=jenkins1000 | ip=192.168.151.119 | op=SEND_HEARTBEAT {datanodeUUID=4d6fff4c-5cb6-40a3-b677-a76fbdc0054d, command=[]} | ret=SUCCESS |  
2019-09-20 09:33:36,592 | INFO  | SCMAudit | user=jenkins1000 | ip=192.168.151.119 | op=SEND_HEARTBEAT {datanodeUUID=10741cbd-d620-4a9b-9e67-51db8a2e0e6a, command=[]} | ret=SUCCESS |  
2019-09-20 09:33:36,837 | INFO  | SCMAudit | user=jenkins1000 | ip=192.168.151.119 | op=SEND_HEARTBEAT {datanodeUUID=d4fa05df-3099-4015-ad0e-4200365d2035, command=[]} | ret=SUCCESS |  
2019-09-20 09:33:36,990 | INFO  | SCMAudit | user=jenkins1000 | ip=192.168.151.119 | op=SEND_HEARTBEAT {datanodeUUID=86933813-1e1e-464a-ae0f-2ef91831d02b, command=[]} | ret=SUCCESS |  
2019-09-20 09:33:37,399 | INFO  | SCMAudit | user=jenkins1000 | ip=192.168.151.119 | op=SEND_HEARTBEAT {datanodeUUID=ba1e65fe-7169-476d-a778-4df70d7cdd6e, command=[]} | ret=SUCCESS |  
2019-09-20 09:33:37,463 | INFO  | SCMAudit | user=jenkins1000 | ip=192.168.151.119 | op=SEND_HEARTBEAT {datanodeUUID=37b777df-de08-4da5-9630-325a3e0e88a6, command=[]} | ret=SUCCESS |  
2019-09-20 09:33:37,502 | INFO  | SCMAudit | user=jenkins1000 | ip=192.168.151.119 | op=SEND_HEARTBEAT {datanodeUUID=d072c18a-1b53-41d5-bae5-b82be0790279, command=[]} | ret=SUCCESS |  
2019-09-20 09:33:37,502 | INFO  | SCMAudit | user=jenkins1000 | ip=192.168.151.119 | op=SEND_HEARTBEAT {datanodeUUID=4d6fff4c-5cb6-40a3-b677-a76fbdc0054d, command=[]} | ret=SUCCESS |  
2019-09-20 09:33:37,593 | INFO  | SCMAudit | user=jenkins1000 | ip=192.168.151.119 | op=SEND_HEARTBEAT {datanodeUUID=10741cbd-d620-4a9b-9e67-51db8a2e0e6a, command=[]} | ret=SUCCESS |  
2019-09-20 09:33:37,838 | INFO  | SCMAudit | user=jenkins1000 | ip=192.168.151.119 | op=SEND_HEARTBEAT {datanodeUUID=d4fa05df-3099-4015-ad0e-4200365d2035, command=[]} | ret=SUCCESS |  
2019-09-20 09:33:37,990 | INFO  | SCMAudit | user=jenkins1000 | ip=192.168.151.119 | op=SEND_HEARTBEAT {datanodeUUID=86933813-1e1e-464a-ae0f-2ef91831d02b, command=[]} | ret=SUCCESS |  
2019-09-20 09:33:38,399 | INFO  | SCMAudit | user=jenkins1000 | ip=192.168.151.119 | op=SEND_HEARTBEAT {datanodeUUID=ba1e65fe-7169-476d-a778-4df70d7cdd6e, command=[]} | ret=SUCCESS |  
2019-09-20 09:33:38,464 | INFO  | SCMAudit | user=jenkins1000 | ip=192.168.151.119 | op=SEND_HEARTBEAT {datanodeUUID=37b777df-de08-4da5-9630-325a3e0e88a6, command=[]} | ret=SUCCESS |  
2019-09-20 09:33:38,501 | INFO  | SCMAudit | user=jenkins1000 | ip=192.168.151.119 | op=SEND_HEARTBEAT {datanodeUUID=d072c18a-1b53-41d5-bae5-b82be0790279, command=[]} | ret=SUCCESS |  
2019-09-20 09:33:38,501 | INFO  | SCMAudit | user=jenkins1000 | ip=192.168.151.119 | op=SEND_HEARTBEAT {datanodeUUID=4d6fff4c-5cb6-40a3-b677-a76fbdc0054d, command=[]} | ret=SUCCESS |  
2019-09-20 09:33:38,592 | INFO  | SCMAudit | user=jenkins1000 | ip=192.168.151.119 | op=SEND_HEARTBEAT {datanodeUUID=10741cbd-d620-4a9b-9e67-51db8a2e0e6a, command=[]} | ret=SUCCESS |  
2019-09-20 09:33:38,838 | INFO  | SCMAudit | user=jenkins1000 | ip=192.168.151.119 | op=SEND_HEARTBEAT {datanodeUUID=d4fa05df-3099-4015-ad0e-4200365d2035, command=[]} | ret=SUCCESS |  
2019-09-20 09:33:38,990 | INFO  | SCMAudit | user=jenkins1000 | ip=192.168.151.119 | op=SEND_HEARTBEAT {datanodeUUID=86933813-1e1e-464a-ae0f-2ef91831d02b, command=[]} | ret=SUCCESS |  
2019-09-20 09:33:39,399 | INFO  | SCMAudit | user=jenkins1000 | ip=192.168.151.119 | op=SEND_HEARTBEAT {datanodeUUID=ba1e65fe-7169-476d-a778-4df70d7cdd6e, command=[]} | ret=SUCCESS |  
2019-09-20 09:33:39,463 | INFO  | SCMAudit | user=jenkins1000 | ip=192.168.151.119 | op=SEND_HEARTBEAT {datanodeUUID=37b777df-de08-4da5-9630-325a3e0e88a6, command=[]} | ret=SUCCESS |  
2019-09-20 09:33:39,501 | INFO  | SCMAudit | user=jenkins1000 | ip=192.168.151.119 | op=SEND_HEARTBEAT {datanodeUUID=d072c18a-1b53-41d5-bae5-b82be0790279, command=[]} | ret=SUCCESS |  
2019-09-20 09:33:39,502 | INFO  | SCMAudit | user=jenkins1000 | ip=192.168.151.119 | op=SEND_HEARTBEAT {datanodeUUID=4d6fff4c-5cb6-40a3-b677-a76fbdc0054d, command=[]} | ret=SUCCESS |  
2019-09-20 09:33:39,594 | INFO  | SCMAudit | user=jenkins1000 | ip=192.168.151.119 | op=SEND_HEARTBEAT {datanodeUUID=10741cbd-d620-4a9b-9e67-51db8a2e0e6a, command=[]} | ret=SUCCESS |  
2019-09-20 09:33:39,595 [grpc-default-executor-5] INFO  client.GrpcClientProtocolClient (GrpcClientProtocolClient.java:onNext(255)) - client-05D5A58C38F8->d072c18a-1b53-41d5-bae5-b82be0790279: receive RaftClientReply:client-05D5A58C38F8->d072c18a-1b53-41d5-bae5-b82be0790279@group-13440712A48A, cid=45, FAILED org.apache.ratis.protocol.NotLeaderException: Server d072c18a-1b53-41d5-bae5-b82be0790279 is not the leader (37b777df-de08-4da5-9630-325a3e0e88a6:192.168.151.119:35524). Request must be sent to leader., logIndex=0, commits[d072c18a-1b53-41d5-bae5-b82be0790279:c8, 37b777df-de08-4da5-9630-325a3e0e88a6:c8, 4d6fff4c-5cb6-40a3-b677-a76fbdc0054d:c8]
2019-09-20 09:33:39,838 | INFO  | SCMAudit | user=jenkins1000 | ip=192.168.151.119 | op=SEND_HEARTBEAT {datanodeUUID=d4fa05df-3099-4015-ad0e-4200365d2035, command=[]} | ret=SUCCESS |  
2019-09-20 09:33:39,991 | INFO  | SCMAudit | user=jenkins1000 | ip=192.168.151.119 | op=SEND_HEARTBEAT {datanodeUUID=86933813-1e1e-464a-ae0f-2ef91831d02b, command=[]} | ret=SUCCESS |  
2019-09-20 09:33:40,398 | INFO  | SCMAudit | user=jenkins1000 | ip=192.168.151.119 | op=SEND_HEARTBEAT {datanodeUUID=ba1e65fe-7169-476d-a778-4df70d7cdd6e, command=[]} | ret=SUCCESS |  
2019-09-20 09:33:40,464 | INFO  | SCMAudit | user=jenkins1000 | ip=192.168.151.119 | op=SEND_HEARTBEAT {datanodeUUID=37b777df-de08-4da5-9630-325a3e0e88a6, command=[]} | ret=SUCCESS |  
2019-09-20 09:33:40,501 | INFO  | SCMAudit | user=jenkins1000 | ip=192.168.151.119 | op=SEND_HEARTBEAT {datanodeUUID=d072c18a-1b53-41d5-bae5-b82be0790279, command=[]} | ret=SUCCESS |  
2019-09-20 09:33:40,502 | INFO  | SCMAudit | user=jenkins1000 | ip=192.168.151.119 | op=SEND_HEARTBEAT {datanodeUUID=4d6fff4c-5cb6-40a3-b677-a76fbdc0054d, command=[]} | ret=SUCCESS |  
2019-09-20 09:33:40,595 | INFO  | SCMAudit | user=jenkins1000 | ip=192.168.151.119 | op=SEND_HEARTBEAT {datanodeUUID=10741cbd-d620-4a9b-9e67-51db8a2e0e6a, command=[]} | ret=SUCCESS |  
2019-09-20 09:33:40,837 | INFO  | SCMAudit | user=jenkins1000 | ip=192.168.151.119 | op=SEND_HEARTBEAT {datanodeUUID=d4fa05df-3099-4015-ad0e-4200365d2035, command=[]} | ret=SUCCESS |  
2019-09-20 09:33:40,991 | INFO  | SCMAudit | user=jenkins1000 | ip=192.168.151.119 | op=SEND_HEARTBEAT {datanodeUUID=86933813-1e1e-464a-ae0f-2ef91831d02b, command=[]} | ret=SUCCESS |  
2019-09-20 09:33:41,399 | INFO  | SCMAudit | user=jenkins1000 | ip=192.168.151.119 | op=SEND_HEARTBEAT {datanodeUUID=ba1e65fe-7169-476d-a778-4df70d7cdd6e, command=[]} | ret=SUCCESS |  
2019-09-20 09:33:41,463 | INFO  | SCMAudit | user=jenkins1000 | ip=192.168.151.119 | op=SEND_HEARTBEAT {datanodeUUID=37b777df-de08-4da5-9630-325a3e0e88a6, command=[]} | ret=SUCCESS |  
2019-09-20 09:33:41,502 | INFO  | SCMAudit | user=jenkins1000 | ip=192.168.151.119 | op=SEND_HEARTBEAT {datanodeUUID=4d6fff4c-5cb6-40a3-b677-a76fbdc0054d, command=[]} | ret=SUCCESS |  
2019-09-20 09:33:41,502 | INFO  | SCMAudit | user=jenkins1000 | ip=192.168.151.119 | op=SEND_HEARTBEAT {datanodeUUID=d072c18a-1b53-41d5-bae5-b82be0790279, command=[]} | ret=SUCCESS |  
2019-09-20 09:33:41,594 | INFO  | SCMAudit | user=jenkins1000 | ip=192.168.151.119 | op=SEND_HEARTBEAT {datanodeUUID=10741cbd-d620-4a9b-9e67-51db8a2e0e6a, command=[]} | ret=SUCCESS |  
2019-09-20 09:33:41,838 | INFO  | SCMAudit | user=jenkins1000 | ip=192.168.151.119 | op=SEND_HEARTBEAT {datanodeUUID=d4fa05df-3099-4015-ad0e-4200365d2035, command=[]} | ret=SUCCESS |  
2019-09-20 09:33:41,990 | INFO  | SCMAudit | user=jenkins1000 | ip=192.168.151.119 | op=SEND_HEARTBEAT {datanodeUUID=86933813-1e1e-464a-ae0f-2ef91831d02b, command=[]} | ret=SUCCESS |  
2019-09-20 09:33:42,399 | INFO  | SCMAudit | user=jenkins1000 | ip=192.168.151.119 | op=SEND_HEARTBEAT {datanodeUUID=ba1e65fe-7169-476d-a778-4df70d7cdd6e, command=[]} | ret=SUCCESS |  
2019-09-20 09:33:42,463 | INFO  | SCMAudit | user=jenkins1000 | ip=192.168.151.119 | op=SEND_HEARTBEAT {datanodeUUID=37b777df-de08-4da5-9630-325a3e0e88a6, command=[]} | ret=SUCCESS |  
2019-09-20 09:33:42,501 | INFO  | SCMAudit | user=jenkins1000 | ip=192.168.151.119 | op=SEND_HEARTBEAT {datanodeUUID=d072c18a-1b53-41d5-bae5-b82be0790279, command=[]} | ret=SUCCESS |  
2019-09-20 09:33:42,502 | INFO  | SCMAudit | user=jenkins1000 | ip=192.168.151.119 | op=SEND_HEARTBEAT {datanodeUUID=4d6fff4c-5cb6-40a3-b677-a76fbdc0054d, command=[]} | ret=SUCCESS |  
2019-09-20 09:33:42,595 | INFO  | SCMAudit | user=jenkins1000 | ip=192.168.151.119 | op=SEND_HEARTBEAT {datanodeUUID=10741cbd-d620-4a9b-9e67-51db8a2e0e6a, command=[]} | ret=SUCCESS |  
2019-09-20 09:33:42,837 | INFO  | SCMAudit | user=jenkins1000 | ip=192.168.151.119 | op=SEND_HEARTBEAT {datanodeUUID=d4fa05df-3099-4015-ad0e-4200365d2035, command=[]} | ret=SUCCESS |  
2019-09-20 09:33:42,991 | INFO  | SCMAudit | user=jenkins1000 | ip=192.168.151.119 | op=SEND_HEARTBEAT {datanodeUUID=86933813-1e1e-464a-ae0f-2ef91831d02b, command=[]} | ret=SUCCESS |  
2019-09-20 09:33:43,400 | INFO  | SCMAudit | user=jenkins1000 | ip=192.168.151.119 | op=SEND_HEARTBEAT {datanodeUUID=ba1e65fe-7169-476d-a778-4df70d7cdd6e, command=[]} | ret=SUCCESS |  
2019-09-20 09:33:43,464 | INFO  | SCMAudit | user=jenkins1000 | ip=192.168.151.119 | op=SEND_HEARTBEAT {datanodeUUID=37b777df-de08-4da5-9630-325a3e0e88a6, command=[]} | ret=SUCCESS |  
2019-09-20 09:33:43,502 | INFO  | SCMAudit | user=jenkins1000 | ip=192.168.151.119 | op=SEND_HEARTBEAT {datanodeUUID=d072c18a-1b53-41d5-bae5-b82be0790279, command=[]} | ret=SUCCESS |  
2019-09-20 09:33:43,502 | INFO  | SCMAudit | user=jenkins1000 | ip=192.168.151.119 | op=SEND_HEARTBEAT {datanodeUUID=4d6fff4c-5cb6-40a3-b677-a76fbdc0054d, command=[]} | ret=SUCCESS |  
2019-09-20 09:33:43,594 | INFO  | SCMAudit | user=jenkins1000 | ip=192.168.151.119 | op=SEND_HEARTBEAT {datanodeUUID=10741cbd-d620-4a9b-9e67-51db8a2e0e6a, command=[]} | ret=SUCCESS |  
2019-09-20 09:33:43,838 | INFO  | SCMAudit | user=jenkins1000 | ip=192.168.151.119 | op=SEND_HEARTBEAT {datanodeUUID=d4fa05df-3099-4015-ad0e-4200365d2035, command=[]} | ret=SUCCESS |  
2019-09-20 09:33:43,991 | INFO  | SCMAudit | user=jenkins1000 | ip=192.168.151.119 | op=SEND_HEARTBEAT {datanodeUUID=86933813-1e1e-464a-ae0f-2ef91831d02b, command=[]} | ret=SUCCESS |  
2019-09-20 09:33:44,400 | INFO  | SCMAudit | user=jenkins1000 | ip=192.168.151.119 | op=SEND_HEARTBEAT {datanodeUUID=ba1e65fe-7169-476d-a778-4df70d7cdd6e, command=[]} | ret=SUCCESS |  
2019-09-20 09:33:44,463 | INFO  | SCMAudit | user=jenkins1000 | ip=192.168.151.119 | op=SEND_HEARTBEAT {datanodeUUID=37b777df-de08-4da5-9630-325a3e0e88a6, command=[]} | ret=SUCCESS |  
2019-09-20 09:33:44,502 | INFO  | SCMAudit | user=jenkins1000 | ip=192.168.151.119 | op=SEND_HEARTBEAT {datanodeUUID=d072c18a-1b53-41d5-bae5-b82be0790279, command=[]} | ret=SUCCESS |  
2019-09-20 09:33:44,503 | INFO  | SCMAudit | user=jenkins1000 | ip=192.168.151.119 | op=SEND_HEARTBEAT {datanodeUUID=4d6fff4c-5cb6-40a3-b677-a76fbdc0054d, command=[]} | ret=SUCCESS |  
2019-09-20 09:33:44,595 | INFO  | SCMAudit | user=jenkins1000 | ip=192.168.151.119 | op=SEND_HEARTBEAT {datanodeUUID=10741cbd-d620-4a9b-9e67-51db8a2e0e6a, command=[]} | ret=SUCCESS |  
2019-09-20 09:33:44,637 [grpc-default-executor-0] INFO  client.GrpcClientProtocolClient (GrpcClientProtocolClient.java:onNext(255)) - client-05D5A58C38F8->d072c18a-1b53-41d5-bae5-b82be0790279: receive RaftClientReply:client-05D5A58C38F8->d072c18a-1b53-41d5-bae5-b82be0790279@group-13440712A48A, cid=45, FAILED org.apache.ratis.protocol.NotLeaderException: Server d072c18a-1b53-41d5-bae5-b82be0790279 is not the leader (37b777df-de08-4da5-9630-325a3e0e88a6:192.168.151.119:35524). Request must be sent to leader., logIndex=0, commits[d072c18a-1b53-41d5-bae5-b82be0790279:c8, 37b777df-de08-4da5-9630-325a3e0e88a6:c8, 4d6fff4c-5cb6-40a3-b677-a76fbdc0054d:c8]
2019-09-20 09:33:44,837 | INFO  | SCMAudit | user=jenkins1000 | ip=192.168.151.119 | op=SEND_HEARTBEAT {datanodeUUID=d4fa05df-3099-4015-ad0e-4200365d2035, command=[]} | ret=SUCCESS |  
2019-09-20 09:33:44,991 | INFO  | SCMAudit | user=jenkins1000 | ip=192.168.151.119 | op=SEND_HEARTBEAT {datanodeUUID=86933813-1e1e-464a-ae0f-2ef91831d02b, command=[]} | ret=SUCCESS |  
2019-09-20 09:33:45,399 | INFO  | SCMAudit | user=jenkins1000 | ip=192.168.151.119 | op=SEND_HEARTBEAT {datanodeUUID=ba1e65fe-7169-476d-a778-4df70d7cdd6e, command=[]} | ret=SUCCESS |  
2019-09-20 09:33:45,464 | INFO  | SCMAudit | user=jenkins1000 | ip=192.168.151.119 | op=SEND_HEARTBEAT {datanodeUUID=37b777df-de08-4da5-9630-325a3e0e88a6, command=[]} | ret=SUCCESS |  
2019-09-20 09:33:45,501 | INFO  | SCMAudit | user=jenkins1000 | ip=192.168.151.119 | op=SEND_HEARTBEAT {datanodeUUID=d072c18a-1b53-41d5-bae5-b82be0790279, command=[]} | ret=SUCCESS |  
2019-09-20 09:33:45,503 | INFO  | SCMAudit | user=jenkins1000 | ip=192.168.151.119 | op=SEND_HEARTBEAT {datanodeUUID=4d6fff4c-5cb6-40a3-b677-a76fbdc0054d, command=[]} | ret=SUCCESS |  
2019-09-20 09:33:45,594 | INFO  | SCMAudit | user=jenkins1000 | ip=192.168.151.119 | op=SEND_HEARTBEAT {datanodeUUID=10741cbd-d620-4a9b-9e67-51db8a2e0e6a, command=[]} | ret=SUCCESS |  
2019-09-20 09:33:45,838 | INFO  | SCMAudit | user=jenkins1000 | ip=192.168.151.119 | op=SEND_HEARTBEAT {datanodeUUID=d4fa05df-3099-4015-ad0e-4200365d2035, command=[]} | ret=SUCCESS |  
2019-09-20 09:33:45,990 | INFO  | SCMAudit | user=jenkins1000 | ip=192.168.151.119 | op=SEND_HEARTBEAT {datanodeUUID=86933813-1e1e-464a-ae0f-2ef91831d02b, command=[]} | ret=SUCCESS |  
2019-09-20 09:33:46,400 | INFO  | SCMAudit | user=jenkins1000 | ip=192.168.151.119 | op=SEND_HEARTBEAT {datanodeUUID=ba1e65fe-7169-476d-a778-4df70d7cdd6e, command=[]} | ret=SUCCESS |  
2019-09-20 09:33:46,463 | INFO  | SCMAudit | user=jenkins1000 | ip=192.168.151.119 | op=SEND_HEARTBEAT {datanodeUUID=37b777df-de08-4da5-9630-325a3e0e88a6, command=[]} | ret=SUCCESS |  
2019-09-20 09:33:46,502 | INFO  | SCMAudit | user=jenkins1000 | ip=192.168.151.119 | op=SEND_HEARTBEAT {datanodeUUID=d072c18a-1b53-41d5-bae5-b82be0790279, command=[]} | ret=SUCCESS |  
2019-09-20 09:33:46,504 | INFO  | SCMAudit | user=jenkins1000 | ip=192.168.151.119 | op=SEND_HEARTBEAT {datanodeUUID=4d6fff4c-5cb6-40a3-b677-a76fbdc0054d, command=[]} | ret=SUCCESS |  
2019-09-20 09:33:46,594 | INFO  | SCMAudit | user=jenkins1000 | ip=192.168.151.119 | op=SEND_HEARTBEAT {datanodeUUID=10741cbd-d620-4a9b-9e67-51db8a2e0e6a, command=[]} | ret=SUCCESS |  
2019-09-20 09:33:46,837 | INFO  | SCMAudit | user=jenkins1000 | ip=192.168.151.119 | op=SEND_HEARTBEAT {datanodeUUID=d4fa05df-3099-4015-ad0e-4200365d2035, command=[]} | ret=SUCCESS |  
2019-09-20 09:33:46,991 | INFO  | SCMAudit | user=jenkins1000 | ip=192.168.151.119 | op=SEND_HEARTBEAT {datanodeUUID=86933813-1e1e-464a-ae0f-2ef91831d02b, command=[]} | ret=SUCCESS |  
2019-09-20 09:33:47,401 | INFO  | SCMAudit | user=jenkins1000 | ip=192.168.151.119 | op=SEND_HEARTBEAT {datanodeUUID=ba1e65fe-7169-476d-a778-4df70d7cdd6e, command=[]} | ret=SUCCESS |  
2019-09-20 09:33:47,464 | INFO  | SCMAudit | user=jenkins1000 | ip=192.168.151.119 | op=SEND_HEARTBEAT {datanodeUUID=37b777df-de08-4da5-9630-325a3e0e88a6, command=[]} | ret=SUCCESS |  
2019-09-20 09:33:47,502 | INFO  | SCMAudit | user=jenkins1000 | ip=192.168.151.119 | op=SEND_HEARTBEAT {datanodeUUID=d072c18a-1b53-41d5-bae5-b82be0790279, command=[]} | ret=SUCCESS |  
2019-09-20 09:33:47,503 | INFO  | SCMAudit | user=jenkins1000 | ip=192.168.151.119 | op=SEND_HEARTBEAT {datanodeUUID=4d6fff4c-5cb6-40a3-b677-a76fbdc0054d, command=[]} | ret=SUCCESS |  
2019-09-20 09:33:47,595 | INFO  | SCMAudit | user=jenkins1000 | ip=192.168.151.119 | op=SEND_HEARTBEAT {datanodeUUID=10741cbd-d620-4a9b-9e67-51db8a2e0e6a, command=[]} | ret=SUCCESS |  
2019-09-20 09:33:47,838 | INFO  | SCMAudit | user=jenkins1000 | ip=192.168.151.119 | op=SEND_HEARTBEAT {datanodeUUID=d4fa05df-3099-4015-ad0e-4200365d2035, command=[]} | ret=SUCCESS |  
2019-09-20 09:33:47,990 | INFO  | SCMAudit | user=jenkins1000 | ip=192.168.151.119 | op=SEND_HEARTBEAT {datanodeUUID=86933813-1e1e-464a-ae0f-2ef91831d02b, command=[]} | ret=SUCCESS |  
2019-09-20 09:33:48,401 | INFO  | SCMAudit | user=jenkins1000 | ip=192.168.151.119 | op=SEND_HEARTBEAT {datanodeUUID=ba1e65fe-7169-476d-a778-4df70d7cdd6e, command=[]} | ret=SUCCESS |  
2019-09-20 09:33:48,463 | INFO  | SCMAudit | user=jenkins1000 | ip=192.168.151.119 | op=SEND_HEARTBEAT {datanodeUUID=37b777df-de08-4da5-9630-325a3e0e88a6, command=[]} | ret=SUCCESS |  
2019-09-20 09:33:48,501 | INFO  | SCMAudit | user=jenkins1000 | ip=192.168.151.119 | op=SEND_HEARTBEAT {datanodeUUID=d072c18a-1b53-41d5-bae5-b82be0790279, command=[]} | ret=SUCCESS |  
2019-09-20 09:33:48,503 | INFO  | SCMAudit | user=jenkins1000 | ip=192.168.151.119 | op=SEND_HEARTBEAT {datanodeUUID=4d6fff4c-5cb6-40a3-b677-a76fbdc0054d, command=[]} | ret=SUCCESS |  
2019-09-20 09:33:48,594 | INFO  | SCMAudit | user=jenkins1000 | ip=192.168.151.119 | op=SEND_HEARTBEAT {datanodeUUID=10741cbd-d620-4a9b-9e67-51db8a2e0e6a, command=[]} | ret=SUCCESS |  
2019-09-20 09:33:48,837 | INFO  | SCMAudit | user=jenkins1000 | ip=192.168.151.119 | op=SEND_HEARTBEAT {datanodeUUID=d4fa05df-3099-4015-ad0e-4200365d2035, command=[]} | ret=SUCCESS |  
2019-09-20 09:33:48,991 | INFO  | SCMAudit | user=jenkins1000 | ip=192.168.151.119 | op=SEND_HEARTBEAT {datanodeUUID=86933813-1e1e-464a-ae0f-2ef91831d02b, command=[]} | ret=SUCCESS |  
2019-09-20 09:33:49,400 | INFO  | SCMAudit | user=jenkins1000 | ip=192.168.151.119 | op=SEND_HEARTBEAT {datanodeUUID=ba1e65fe-7169-476d-a778-4df70d7cdd6e, command=[]} | ret=SUCCESS |  
2019-09-20 09:33:49,463 | INFO  | SCMAudit | user=jenkins1000 | ip=192.168.151.119 | op=SEND_HEARTBEAT {datanodeUUID=37b777df-de08-4da5-9630-325a3e0e88a6, command=[]} | ret=SUCCESS |  
2019-09-20 09:33:49,501 | INFO  | SCMAudit | user=jenkins1000 | ip=192.168.151.119 | op=SEND_HEARTBEAT {datanodeUUID=d072c18a-1b53-41d5-bae5-b82be0790279, command=[]} | ret=SUCCESS |  
2019-09-20 09:33:49,504 | INFO  | SCMAudit | user=jenkins1000 | ip=192.168.151.119 | op=SEND_HEARTBEAT {datanodeUUID=4d6fff4c-5cb6-40a3-b677-a76fbdc0054d, command=[]} | ret=SUCCESS |  
2019-09-20 09:33:49,594 | INFO  | SCMAudit | user=jenkins1000 | ip=192.168.151.119 | op=SEND_HEARTBEAT {datanodeUUID=10741cbd-d620-4a9b-9e67-51db8a2e0e6a, command=[]} | ret=SUCCESS |  
2019-09-20 09:33:49,674 [grpc-default-executor-5] INFO  client.GrpcClientProtocolClient (GrpcClientProtocolClient.java:onNext(255)) - client-05D5A58C38F8->4d6fff4c-5cb6-40a3-b677-a76fbdc0054d: receive RaftClientReply:client-05D5A58C38F8->4d6fff4c-5cb6-40a3-b677-a76fbdc0054d@group-13440712A48A, cid=45, FAILED org.apache.ratis.protocol.NotLeaderException: Server 4d6fff4c-5cb6-40a3-b677-a76fbdc0054d is not the leader (37b777df-de08-4da5-9630-325a3e0e88a6:192.168.151.119:35524). Request must be sent to leader., logIndex=0, commits[4d6fff4c-5cb6-40a3-b677-a76fbdc0054d:c8, d072c18a-1b53-41d5-bae5-b82be0790279:c8, 37b777df-de08-4da5-9630-325a3e0e88a6:c8]
2019-09-20 09:33:49,838 | INFO  | SCMAudit | user=jenkins1000 | ip=192.168.151.119 | op=SEND_HEARTBEAT {datanodeUUID=d4fa05df-3099-4015-ad0e-4200365d2035, command=[]} | ret=SUCCESS |  
2019-09-20 09:33:49,992 | INFO  | SCMAudit | user=jenkins1000 | ip=192.168.151.119 | op=SEND_HEARTBEAT {datanodeUUID=86933813-1e1e-464a-ae0f-2ef91831d02b, command=[]} | ret=SUCCESS |  
2019-09-20 09:33:50,401 | INFO  | SCMAudit | user=jenkins1000 | ip=192.168.151.119 | op=SEND_HEARTBEAT {datanodeUUID=ba1e65fe-7169-476d-a778-4df70d7cdd6e, command=[]} | ret=SUCCESS |  
2019-09-20 09:33:50,464 | INFO  | SCMAudit | user=jenkins1000 | ip=192.168.151.119 | op=SEND_HEARTBEAT {datanodeUUID=37b777df-de08-4da5-9630-325a3e0e88a6, command=[]} | ret=SUCCESS |  
2019-09-20 09:33:50,503 | INFO  | SCMAudit | user=jenkins1000 | ip=192.168.151.119 | op=SEND_HEARTBEAT {datanodeUUID=d072c18a-1b53-41d5-bae5-b82be0790279, command=[]} | ret=SUCCESS |  
2019-09-20 09:33:50,504 | INFO  | SCMAudit | user=jenkins1000 | ip=192.168.151.119 | op=SEND_HEARTBEAT {datanodeUUID=4d6fff4c-5cb6-40a3-b677-a76fbdc0054d, command=[]} | ret=SUCCESS |  
2019-09-20 09:33:50,594 | INFO  | SCMAudit | user=jenkins1000 | ip=192.168.151.119 | op=SEND_HEARTBEAT {datanodeUUID=10741cbd-d620-4a9b-9e67-51db8a2e0e6a, command=[]} | ret=SUCCESS |  
2019-09-20 09:33:50,837 | INFO  | SCMAudit | user=jenkins1000 | ip=192.168.151.119 | op=SEND_HEARTBEAT {datanodeUUID=d4fa05df-3099-4015-ad0e-4200365d2035, command=[]} | ret=SUCCESS |  
2019-09-20 09:33:50,991 | INFO  | SCMAudit | user=jenkins1000 | ip=192.168.151.119 | op=SEND_HEARTBEAT {datanodeUUID=86933813-1e1e-464a-ae0f-2ef91831d02b, command=[]} | ret=SUCCESS |  
2019-09-20 09:33:51,401 | INFO  | SCMAudit | user=jenkins1000 | ip=192.168.151.119 | op=SEND_HEARTBEAT {datanodeUUID=ba1e65fe-7169-476d-a778-4df70d7cdd6e, command=[]} | ret=SUCCESS |  
2019-09-20 09:33:51,463 | INFO  | SCMAudit | user=jenkins1000 | ip=192.168.151.119 | op=SEND_HEARTBEAT {datanodeUUID=37b777df-de08-4da5-9630-325a3e0e88a6, command=[]} | ret=SUCCESS |  
2019-09-20 09:33:51,501 | INFO  | SCMAudit | user=jenkins1000 | ip=192.168.151.119 | op=SEND_HEARTBEAT {datanodeUUID=d072c18a-1b53-41d5-bae5-b82be0790279, command=[]} | ret=SUCCESS |  
2019-09-20 09:33:51,503 | INFO  | SCMAudit | user=jenkins1000 | ip=192.168.151.119 | op=SEND_HEARTBEAT {datanodeUUID=4d6fff4c-5cb6-40a3-b677-a76fbdc0054d, command=[]} | ret=SUCCESS |  
2019-09-20 09:33:51,595 | INFO  | SCMAudit | user=jenkins1000 | ip=192.168.151.119 | op=SEND_HEARTBEAT {datanodeUUID=10741cbd-d620-4a9b-9e67-51db8a2e0e6a, command=[]} | ret=SUCCESS |  
2019-09-20 09:33:51,838 | INFO  | SCMAudit | user=jenkins1000 | ip=192.168.151.119 | op=SEND_HEARTBEAT {datanodeUUID=d4fa05df-3099-4015-ad0e-4200365d2035, command=[]} | ret=SUCCESS |  
2019-09-20 09:33:51,992 | INFO  | SCMAudit | user=jenkins1000 | ip=192.168.151.119 | op=SEND_HEARTBEAT {datanodeUUID=86933813-1e1e-464a-ae0f-2ef91831d02b, command=[]} | ret=SUCCESS |  
2019-09-20 09:33:52,401 | INFO  | SCMAudit | user=jenkins1000 | ip=192.168.151.119 | op=SEND_HEARTBEAT {datanodeUUID=ba1e65fe-7169-476d-a778-4df70d7cdd6e, command=[]} | ret=SUCCESS |  
2019-09-20 09:33:52,464 | INFO  | SCMAudit | user=jenkins1000 | ip=192.168.151.119 | op=SEND_HEARTBEAT {datanodeUUID=37b777df-de08-4da5-9630-325a3e0e88a6, command=[]} | ret=SUCCESS |  
2019-09-20 09:33:52,501 | INFO  | SCMAudit | user=jenkins1000 | ip=192.168.151.119 | op=SEND_HEARTBEAT {datanodeUUID=d072c18a-1b53-41d5-bae5-b82be0790279, command=[]} | ret=SUCCESS |  
2019-09-20 09:33:52,503 | INFO  | SCMAudit | user=jenkins1000 | ip=192.168.151.119 | op=SEND_HEARTBEAT {datanodeUUID=4d6fff4c-5cb6-40a3-b677-a76fbdc0054d, command=[]} | ret=SUCCESS |  
2019-09-20 09:33:52,594 | INFO  | SCMAudit | user=jenkins1000 | ip=192.168.151.119 | op=SEND_HEARTBEAT {datanodeUUID=10741cbd-d620-4a9b-9e67-51db8a2e0e6a, command=[]} | ret=SUCCESS |  
2019-09-20 09:33:52,837 | INFO  | SCMAudit | user=jenkins1000 | ip=192.168.151.119 | op=SEND_HEARTBEAT {datanodeUUID=d4fa05df-3099-4015-ad0e-4200365d2035, command=[]} | ret=SUCCESS |  
2019-09-20 09:33:52,992 | INFO  | SCMAudit | user=jenkins1000 | ip=192.168.151.119 | op=SEND_HEARTBEAT {datanodeUUID=86933813-1e1e-464a-ae0f-2ef91831d02b, command=[]} | ret=SUCCESS |  
2019-09-20 09:33:53,400 | INFO  | SCMAudit | user=jenkins1000 | ip=192.168.151.119 | op=SEND_HEARTBEAT {datanodeUUID=ba1e65fe-7169-476d-a778-4df70d7cdd6e, command=[]} | ret=SUCCESS |  
2019-09-20 09:33:53,463 | INFO  | SCMAudit | user=jenkins1000 | ip=192.168.151.119 | op=SEND_HEARTBEAT {datanodeUUID=37b777df-de08-4da5-9630-325a3e0e88a6, command=[]} | ret=SUCCESS |  
2019-09-20 09:33:53,502 | INFO  | SCMAudit | user=jenkins1000 | ip=192.168.151.119 | op=SEND_HEARTBEAT {datanodeUUID=d072c18a-1b53-41d5-bae5-b82be0790279, command=[]} | ret=SUCCESS |  
2019-09-20 09:33:53,503 | INFO  | SCMAudit | user=jenkins1000 | ip=192.168.151.119 | op=SEND_HEARTBEAT {datanodeUUID=4d6fff4c-5cb6-40a3-b677-a76fbdc0054d, command=[]} | ret=SUCCESS |  
2019-09-20 09:33:53,594 | INFO  | SCMAudit | user=jenkins1000 | ip=192.168.151.119 | op=SEND_HEARTBEAT {datanodeUUID=10741cbd-d620-4a9b-9e67-51db8a2e0e6a, command=[]} | ret=SUCCESS |  
2019-09-20 09:33:53,838 | INFO  | SCMAudit | user=jenkins1000 | ip=192.168.151.119 | op=SEND_HEARTBEAT {datanodeUUID=d4fa05df-3099-4015-ad0e-4200365d2035, command=[]} | ret=SUCCESS |  
2019-09-20 09:33:53,993 | INFO  | SCMAudit | user=jenkins1000 | ip=192.168.151.119 | op=SEND_HEARTBEAT {datanodeUUID=86933813-1e1e-464a-ae0f-2ef91831d02b, command=[]} | ret=SUCCESS |  
2019-09-20 09:33:54,401 | INFO  | SCMAudit | user=jenkins1000 | ip=192.168.151.119 | op=SEND_HEARTBEAT {datanodeUUID=ba1e65fe-7169-476d-a778-4df70d7cdd6e, command=[]} | ret=SUCCESS |  
2019-09-20 09:33:54,463 | INFO  | SCMAudit | user=jenkins1000 | ip=192.168.151.119 | op=SEND_HEARTBEAT {datanodeUUID=37b777df-de08-4da5-9630-325a3e0e88a6, command=[]} | ret=SUCCESS |  
2019-09-20 09:33:54,501 | INFO  | SCMAudit | user=jenkins1000 | ip=192.168.151.119 | op=SEND_HEARTBEAT {datanodeUUID=d072c18a-1b53-41d5-bae5-b82be0790279, command=[]} | ret=SUCCESS |  
2019-09-20 09:33:54,503 | INFO  | SCMAudit | user=jenkins1000 | ip=192.168.151.119 | op=SEND_HEARTBEAT {datanodeUUID=4d6fff4c-5cb6-40a3-b677-a76fbdc0054d, command=[]} | ret=SUCCESS |  
2019-09-20 09:33:54,595 | INFO  | SCMAudit | user=jenkins1000 | ip=192.168.151.119 | op=SEND_HEARTBEAT {datanodeUUID=10741cbd-d620-4a9b-9e67-51db8a2e0e6a, command=[]} | ret=SUCCESS |  
2019-09-20 09:33:54,726 [grpc-default-executor-5] INFO  client.GrpcClientProtocolClient (GrpcClientProtocolClient.java:onNext(255)) - client-05D5A58C38F8->d072c18a-1b53-41d5-bae5-b82be0790279: receive RaftClientReply:client-05D5A58C38F8->d072c18a-1b53-41d5-bae5-b82be0790279@group-13440712A48A, cid=45, FAILED org.apache.ratis.protocol.NotLeaderException: Server d072c18a-1b53-41d5-bae5-b82be0790279 is not the leader (37b777df-de08-4da5-9630-325a3e0e88a6:192.168.151.119:35524). Request must be sent to leader., logIndex=0, commits[d072c18a-1b53-41d5-bae5-b82be0790279:c8, 37b777df-de08-4da5-9630-325a3e0e88a6:c8, 4d6fff4c-5cb6-40a3-b677-a76fbdc0054d:c8]
2019-09-20 09:33:54,837 | INFO  | SCMAudit | user=jenkins1000 | ip=192.168.151.119 | op=SEND_HEARTBEAT {datanodeUUID=d4fa05df-3099-4015-ad0e-4200365d2035, command=[]} | ret=SUCCESS |  
2019-09-20 09:33:54,992 | INFO  | SCMAudit | user=jenkins1000 | ip=192.168.151.119 | op=SEND_HEARTBEAT {datanodeUUID=86933813-1e1e-464a-ae0f-2ef91831d02b, command=[]} | ret=SUCCESS |  
2019-09-20 09:33:55,401 | INFO  | SCMAudit | user=jenkins1000 | ip=192.168.151.119 | op=SEND_HEARTBEAT {datanodeUUID=ba1e65fe-7169-476d-a778-4df70d7cdd6e, command=[]} | ret=SUCCESS |  
2019-09-20 09:33:55,464 | INFO  | SCMAudit | user=jenkins1000 | ip=192.168.151.119 | op=SEND_HEARTBEAT {datanodeUUID=37b777df-de08-4da5-9630-325a3e0e88a6, command=[]} | ret=SUCCESS |  
2019-09-20 09:33:55,501 | INFO  | SCMAudit | user=jenkins1000 | ip=192.168.151.119 | op=SEND_HEARTBEAT {datanodeUUID=d072c18a-1b53-41d5-bae5-b82be0790279, command=[]} | ret=SUCCESS |  
2019-09-20 09:33:55,503 | INFO  | SCMAudit | user=jenkins1000 | ip=192.168.151.119 | op=SEND_HEARTBEAT {datanodeUUID=4d6fff4c-5cb6-40a3-b677-a76fbdc0054d, command=[]} | ret=SUCCESS |  
2019-09-20 09:33:55,594 | INFO  | SCMAudit | user=jenkins1000 | ip=192.168.151.119 | op=SEND_HEARTBEAT {datanodeUUID=10741cbd-d620-4a9b-9e67-51db8a2e0e6a, command=[]} | ret=SUCCESS |  
2019-09-20 09:33:55,838 | INFO  | SCMAudit | user=jenkins1000 | ip=192.168.151.119 | op=SEND_HEARTBEAT {datanodeUUID=d4fa05df-3099-4015-ad0e-4200365d2035, command=[]} | ret=SUCCESS |  
2019-09-20 09:33:55,992 | INFO  | SCMAudit | user=jenkins1000 | ip=192.168.151.119 | op=SEND_HEARTBEAT {datanodeUUID=86933813-1e1e-464a-ae0f-2ef91831d02b, command=[]} | ret=SUCCESS |  
2019-09-20 09:33:56,401 | INFO  | SCMAudit | user=jenkins1000 | ip=192.168.151.119 | op=SEND_HEARTBEAT {datanodeUUID=ba1e65fe-7169-476d-a778-4df70d7cdd6e, command=[]} | ret=SUCCESS |  
2019-09-20 09:33:56,464 | INFO  | SCMAudit | user=jenkins1000 | ip=192.168.151.119 | op=SEND_HEARTBEAT {datanodeUUID=37b777df-de08-4da5-9630-325a3e0e88a6, command=[]} | ret=SUCCESS |  
2019-09-20 09:33:56,502 | INFO  | SCMAudit | user=jenkins1000 | ip=192.168.151.119 | op=SEND_HEARTBEAT {datanodeUUID=d072c18a-1b53-41d5-bae5-b82be0790279, command=[]} | ret=SUCCESS |  
2019-09-20 09:33:56,504 | INFO  | SCMAudit | user=jenkins1000 | ip=192.168.151.119 | op=SEND_HEARTBEAT {datanodeUUID=4d6fff4c-5cb6-40a3-b677-a76fbdc0054d, command=[]} | ret=SUCCESS |  
2019-09-20 09:33:56,595 | INFO  | SCMAudit | user=jenkins1000 | ip=192.168.151.119 | op=SEND_HEARTBEAT {datanodeUUID=10741cbd-d620-4a9b-9e67-51db8a2e0e6a, command=[]} | ret=SUCCESS |  
2019-09-20 09:33:56,837 | INFO  | SCMAudit | user=jenkins1000 | ip=192.168.151.119 | op=SEND_HEARTBEAT {datanodeUUID=d4fa05df-3099-4015-ad0e-4200365d2035, command=[]} | ret=SUCCESS |  
2019-09-20 09:33:56,993 | INFO  | SCMAudit | user=jenkins1000 | ip=192.168.151.119 | op=SEND_HEARTBEAT {datanodeUUID=86933813-1e1e-464a-ae0f-2ef91831d02b, command=[]} | ret=SUCCESS |  
2019-09-20 09:33:57,400 | INFO  | SCMAudit | user=jenkins1000 | ip=192.168.151.119 | op=SEND_HEARTBEAT {datanodeUUID=ba1e65fe-7169-476d-a778-4df70d7cdd6e, command=[]} | ret=SUCCESS |  
2019-09-20 09:33:57,464 | INFO  | SCMAudit | user=jenkins1000 | ip=192.168.151.119 | op=SEND_HEARTBEAT {datanodeUUID=37b777df-de08-4da5-9630-325a3e0e88a6, command=[]} | ret=SUCCESS |  
2019-09-20 09:33:57,502 | INFO  | SCMAudit | user=jenkins1000 | ip=192.168.151.119 | op=SEND_HEARTBEAT {datanodeUUID=d072c18a-1b53-41d5-bae5-b82be0790279, command=[]} | ret=SUCCESS |  
2019-09-20 09:33:57,504 | INFO  | SCMAudit | user=jenkins1000 | ip=192.168.151.119 | op=SEND_HEARTBEAT {datanodeUUID=4d6fff4c-5cb6-40a3-b677-a76fbdc0054d, command=[]} | ret=SUCCESS |  
2019-09-20 09:33:57,594 | INFO  | SCMAudit | user=jenkins1000 | ip=192.168.151.119 | op=SEND_HEARTBEAT {datanodeUUID=10741cbd-d620-4a9b-9e67-51db8a2e0e6a, command=[]} | ret=SUCCESS |  
2019-09-20 09:33:57,838 | INFO  | SCMAudit | user=jenkins1000 | ip=192.168.151.119 | op=SEND_HEARTBEAT {datanodeUUID=d4fa05df-3099-4015-ad0e-4200365d2035, command=[]} | ret=SUCCESS |  
2019-09-20 09:33:57,992 | INFO  | SCMAudit | user=jenkins1000 | ip=192.168.151.119 | op=SEND_HEARTBEAT {datanodeUUID=86933813-1e1e-464a-ae0f-2ef91831d02b, command=[]} | ret=SUCCESS |  
2019-09-20 09:33:58,401 | INFO  | SCMAudit | user=jenkins1000 | ip=192.168.151.119 | op=SEND_HEARTBEAT {datanodeUUID=ba1e65fe-7169-476d-a778-4df70d7cdd6e, command=[]} | ret=SUCCESS |  
2019-09-20 09:33:58,465 | INFO  | SCMAudit | user=jenkins1000 | ip=192.168.151.119 | op=SEND_HEARTBEAT {datanodeUUID=37b777df-de08-4da5-9630-325a3e0e88a6, command=[]} | ret=SUCCESS |  
2019-09-20 09:33:58,501 | INFO  | SCMAudit | user=jenkins1000 | ip=192.168.151.119 | op=SEND_HEARTBEAT {datanodeUUID=d072c18a-1b53-41d5-bae5-b82be0790279, command=[]} | ret=SUCCESS |  
2019-09-20 09:33:58,504 | INFO  | SCMAudit | user=jenkins1000 | ip=192.168.151.119 | op=SEND_HEARTBEAT {datanodeUUID=4d6fff4c-5cb6-40a3-b677-a76fbdc0054d, command=[]} | ret=SUCCESS |  
2019-09-20 09:33:58,594 | INFO  | SCMAudit | user=jenkins1000 | ip=192.168.151.119 | op=SEND_HEARTBEAT {datanodeUUID=10741cbd-d620-4a9b-9e67-51db8a2e0e6a, command=[]} | ret=SUCCESS |  
2019-09-20 09:33:58,837 | INFO  | SCMAudit | user=jenkins1000 | ip=192.168.151.119 | op=SEND_HEARTBEAT {datanodeUUID=d4fa05df-3099-4015-ad0e-4200365d2035, command=[]} | ret=SUCCESS |  
2019-09-20 09:33:58,993 | INFO  | SCMAudit | user=jenkins1000 | ip=192.168.151.119 | op=SEND_HEARTBEAT {datanodeUUID=86933813-1e1e-464a-ae0f-2ef91831d02b, command=[]} | ret=SUCCESS |  
2019-09-20 09:33:59,401 | INFO  | SCMAudit | user=jenkins1000 | ip=192.168.151.119 | op=SEND_HEARTBEAT {datanodeUUID=ba1e65fe-7169-476d-a778-4df70d7cdd6e, command=[]} | ret=SUCCESS |  
2019-09-20 09:33:59,465 | INFO  | SCMAudit | user=jenkins1000 | ip=192.168.151.119 | op=SEND_HEARTBEAT {datanodeUUID=37b777df-de08-4da5-9630-325a3e0e88a6, command=[]} | ret=SUCCESS |  
2019-09-20 09:33:59,501 | INFO  | SCMAudit | user=jenkins1000 | ip=192.168.151.119 | op=SEND_HEARTBEAT {datanodeUUID=d072c18a-1b53-41d5-bae5-b82be0790279, command=[]} | ret=SUCCESS |  
2019-09-20 09:33:59,504 | INFO  | SCMAudit | user=jenkins1000 | ip=192.168.151.119 | op=SEND_HEARTBEAT {datanodeUUID=4d6fff4c-5cb6-40a3-b677-a76fbdc0054d, command=[]} | ret=SUCCESS |  
2019-09-20 09:33:59,595 | INFO  | SCMAudit | user=jenkins1000 | ip=192.168.151.119 | op=SEND_HEARTBEAT {datanodeUUID=10741cbd-d620-4a9b-9e67-51db8a2e0e6a, command=[]} | ret=SUCCESS |  
2019-09-20 09:33:59,763 [grpc-default-executor-0] INFO  client.GrpcClientProtocolClient (GrpcClientProtocolClient.java:onNext(255)) - client-05D5A58C38F8->d072c18a-1b53-41d5-bae5-b82be0790279: receive RaftClientReply:client-05D5A58C38F8->d072c18a-1b53-41d5-bae5-b82be0790279@group-13440712A48A, cid=45, FAILED org.apache.ratis.protocol.NotLeaderException: Server d072c18a-1b53-41d5-bae5-b82be0790279 is not the leader (37b777df-de08-4da5-9630-325a3e0e88a6:192.168.151.119:35524). Request must be sent to leader., logIndex=0, commits[d072c18a-1b53-41d5-bae5-b82be0790279:c8, 37b777df-de08-4da5-9630-325a3e0e88a6:c8, 4d6fff4c-5cb6-40a3-b677-a76fbdc0054d:c8]
2019-09-20 09:33:59,838 | INFO  | SCMAudit | user=jenkins1000 | ip=192.168.151.119 | op=SEND_HEARTBEAT {datanodeUUID=d4fa05df-3099-4015-ad0e-4200365d2035, command=[]} | ret=SUCCESS |  
2019-09-20 09:33:59,993 | INFO  | SCMAudit | user=jenkins1000 | ip=192.168.151.119 | op=SEND_HEARTBEAT {datanodeUUID=86933813-1e1e-464a-ae0f-2ef91831d02b, command=[]} | ret=SUCCESS |  
2019-09-20 09:34:00,401 | INFO  | SCMAudit | user=jenkins1000 | ip=192.168.151.119 | op=SEND_HEARTBEAT {datanodeUUID=ba1e65fe-7169-476d-a778-4df70d7cdd6e, command=[]} | ret=SUCCESS |  
2019-09-20 09:34:00,465 | INFO  | SCMAudit | user=jenkins1000 | ip=192.168.151.119 | op=SEND_HEARTBEAT {datanodeUUID=37b777df-de08-4da5-9630-325a3e0e88a6, command=[]} | ret=SUCCESS |  
2019-09-20 09:34:00,502 | INFO  | SCMAudit | user=jenkins1000 | ip=192.168.151.119 | op=SEND_HEARTBEAT {datanodeUUID=d072c18a-1b53-41d5-bae5-b82be0790279, command=[]} | ret=SUCCESS |  
2019-09-20 09:34:00,504 | INFO  | SCMAudit | user=jenkins1000 | ip=192.168.151.119 | op=SEND_HEARTBEAT {datanodeUUID=4d6fff4c-5cb6-40a3-b677-a76fbdc0054d, command=[]} | ret=SUCCESS |  
2019-09-20 09:34:00,595 | INFO  | SCMAudit | user=jenkins1000 | ip=192.168.151.119 | op=SEND_HEARTBEAT {datanodeUUID=10741cbd-d620-4a9b-9e67-51db8a2e0e6a, command=[]} | ret=SUCCESS |  
2019-09-20 09:34:00,837 | INFO  | SCMAudit | user=jenkins1000 | ip=192.168.151.119 | op=SEND_HEARTBEAT {datanodeUUID=d4fa05df-3099-4015-ad0e-4200365d2035, command=[]} | ret=SUCCESS |  
2019-09-20 09:34:00,992 | INFO  | SCMAudit | user=jenkins1000 | ip=192.168.151.119 | op=SEND_HEARTBEAT {datanodeUUID=86933813-1e1e-464a-ae0f-2ef91831d02b, command=[]} | ret=SUCCESS |  
2019-09-20 09:34:01,400 | INFO  | SCMAudit | user=jenkins1000 | ip=192.168.151.119 | op=SEND_HEARTBEAT {datanodeUUID=ba1e65fe-7169-476d-a778-4df70d7cdd6e, command=[]} | ret=SUCCESS |  
2019-09-20 09:34:01,466 | INFO  | SCMAudit | user=jenkins1000 | ip=192.168.151.119 | op=SEND_HEARTBEAT {datanodeUUID=37b777df-de08-4da5-9630-325a3e0e88a6, command=[]} | ret=SUCCESS |  
2019-09-20 09:34:01,502 | INFO  | SCMAudit | user=jenkins1000 | ip=192.168.151.119 | op=SEND_HEARTBEAT {datanodeUUID=d072c18a-1b53-41d5-bae5-b82be0790279, command=[]} | ret=SUCCESS |  
2019-09-20 09:34:01,504 | INFO  | SCMAudit | user=jenkins1000 | ip=192.168.151.119 | op=SEND_HEARTBEAT {datanodeUUID=4d6fff4c-5cb6-40a3-b677-a76fbdc0054d, command=[]} | ret=SUCCESS |  
2019-09-20 09:34:01,595 | INFO  | SCMAudit | user=jenkins1000 | ip=192.168.151.119 | op=SEND_HEARTBEAT {datanodeUUID=10741cbd-d620-4a9b-9e67-51db8a2e0e6a, command=[]} | ret=SUCCESS |  
2019-09-20 09:34:01,838 | INFO  | SCMAudit | user=jenkins1000 | ip=192.168.151.119 | op=SEND_HEARTBEAT {datanodeUUID=d4fa05df-3099-4015-ad0e-4200365d2035, command=[]} | ret=SUCCESS |  
2019-09-20 09:34:01,993 | INFO  | SCMAudit | user=jenkins1000 | ip=192.168.151.119 | op=SEND_HEARTBEAT {datanodeUUID=86933813-1e1e-464a-ae0f-2ef91831d02b, command=[]} | ret=SUCCESS |  
2019-09-20 09:34:02,401 | INFO  | SCMAudit | user=jenkins1000 | ip=192.168.151.119 | op=SEND_HEARTBEAT {datanodeUUID=ba1e65fe-7169-476d-a778-4df70d7cdd6e, command=[]} | ret=SUCCESS |  
2019-09-20 09:34:02,466 | INFO  | SCMAudit | user=jenkins1000 | ip=192.168.151.119 | op=SEND_HEARTBEAT {datanodeUUID=37b777df-de08-4da5-9630-325a3e0e88a6, command=[]} | ret=SUCCESS |  
2019-09-20 09:34:02,501 | INFO  | SCMAudit | user=jenkins1000 | ip=192.168.151.119 | op=SEND_HEARTBEAT {datanodeUUID=d072c18a-1b53-41d5-bae5-b82be0790279, command=[]} | ret=SUCCESS |  
2019-09-20 09:34:02,505 | INFO  | SCMAudit | user=jenkins1000 | ip=192.168.151.119 | op=SEND_HEARTBEAT {datanodeUUID=4d6fff4c-5cb6-40a3-b677-a76fbdc0054d, command=[]} | ret=SUCCESS |  
2019-09-20 09:34:02,596 | INFO  | SCMAudit | user=jenkins1000 | ip=192.168.151.119 | op=SEND_HEARTBEAT {datanodeUUID=10741cbd-d620-4a9b-9e67-51db8a2e0e6a, command=[]} | ret=SUCCESS |  
2019-09-20 09:34:02,837 | INFO  | SCMAudit | user=jenkins1000 | ip=192.168.151.119 | op=SEND_HEARTBEAT {datanodeUUID=d4fa05df-3099-4015-ad0e-4200365d2035, command=[]} | ret=SUCCESS |  
2019-09-20 09:34:02,992 | INFO  | SCMAudit | user=jenkins1000 | ip=192.168.151.119 | op=SEND_HEARTBEAT {datanodeUUID=86933813-1e1e-464a-ae0f-2ef91831d02b, command=[]} | ret=SUCCESS |  
2019-09-20 09:34:03,400 | INFO  | SCMAudit | user=jenkins1000 | ip=192.168.151.119 | op=SEND_HEARTBEAT {datanodeUUID=ba1e65fe-7169-476d-a778-4df70d7cdd6e, command=[]} | ret=SUCCESS |  
2019-09-20 09:34:03,466 | INFO  | SCMAudit | user=jenkins1000 | ip=192.168.151.119 | op=SEND_HEARTBEAT {datanodeUUID=37b777df-de08-4da5-9630-325a3e0e88a6, command=[]} | ret=SUCCESS |  
2019-09-20 09:34:03,502 | INFO  | SCMAudit | user=jenkins1000 | ip=192.168.151.119 | op=SEND_HEARTBEAT {datanodeUUID=d072c18a-1b53-41d5-bae5-b82be0790279, command=[]} | ret=SUCCESS |  
2019-09-20 09:34:03,505 | INFO  | SCMAudit | user=jenkins1000 | ip=192.168.151.119 | op=SEND_HEARTBEAT {datanodeUUID=4d6fff4c-5cb6-40a3-b677-a76fbdc0054d, command=[]} | ret=SUCCESS |  
2019-09-20 09:34:03,596 | INFO  | SCMAudit | user=jenkins1000 | ip=192.168.151.119 | op=SEND_HEARTBEAT {datanodeUUID=10741cbd-d620-4a9b-9e67-51db8a2e0e6a, command=[]} | ret=SUCCESS |  
2019-09-20 09:34:03,837 | INFO  | SCMAudit | user=jenkins1000 | ip=192.168.151.119 | op=SEND_HEARTBEAT {datanodeUUID=d4fa05df-3099-4015-ad0e-4200365d2035, command=[]} | ret=SUCCESS |  
2019-09-20 09:34:03,993 | INFO  | SCMAudit | user=jenkins1000 | ip=192.168.151.119 | op=SEND_HEARTBEAT {datanodeUUID=86933813-1e1e-464a-ae0f-2ef91831d02b, command=[]} | ret=SUCCESS |  
2019-09-20 09:34:04,401 | INFO  | SCMAudit | user=jenkins1000 | ip=192.168.151.119 | op=SEND_HEARTBEAT {datanodeUUID=ba1e65fe-7169-476d-a778-4df70d7cdd6e, command=[]} | ret=SUCCESS |  
2019-09-20 09:34:04,467 | INFO  | SCMAudit | user=jenkins1000 | ip=192.168.151.119 | op=SEND_HEARTBEAT {datanodeUUID=37b777df-de08-4da5-9630-325a3e0e88a6, command=[]} | ret=SUCCESS |  
2019-09-20 09:34:04,501 | INFO  | SCMAudit | user=jenkins1000 | ip=192.168.151.119 | op=SEND_HEARTBEAT {datanodeUUID=d072c18a-1b53-41d5-bae5-b82be0790279, command=[]} | ret=SUCCESS |  
2019-09-20 09:34:04,504 | INFO  | SCMAudit | user=jenkins1000 | ip=192.168.151.119 | op=SEND_HEARTBEAT {datanodeUUID=4d6fff4c-5cb6-40a3-b677-a76fbdc0054d, command=[]} | ret=SUCCESS |  
2019-09-20 09:34:04,596 | INFO  | SCMAudit | user=jenkins1000 | ip=192.168.151.119 | op=SEND_HEARTBEAT {datanodeUUID=10741cbd-d620-4a9b-9e67-51db8a2e0e6a, command=[]} | ret=SUCCESS |  
2019-09-20 09:34:04,826 [grpc-default-executor-5] INFO  client.GrpcClientProtocolClient (GrpcClientProtocolClient.java:onNext(255)) - client-05D5A58C38F8->d072c18a-1b53-41d5-bae5-b82be0790279: receive RaftClientReply:client-05D5A58C38F8->d072c18a-1b53-41d5-bae5-b82be0790279@group-13440712A48A, cid=45, FAILED org.apache.ratis.protocol.NotLeaderException: Server d072c18a-1b53-41d5-bae5-b82be0790279 is not the leader (37b777df-de08-4da5-9630-325a3e0e88a6:192.168.151.119:35524). Request must be sent to leader., logIndex=0, commits[d072c18a-1b53-41d5-bae5-b82be0790279:c8, 37b777df-de08-4da5-9630-325a3e0e88a6:c8, 4d6fff4c-5cb6-40a3-b677-a76fbdc0054d:c8]
2019-09-20 09:34:04,838 | INFO  | SCMAudit | user=jenkins1000 | ip=192.168.151.119 | op=SEND_HEARTBEAT {datanodeUUID=d4fa05df-3099-4015-ad0e-4200365d2035, command=[]} | ret=SUCCESS |  
2019-09-20 09:34:04,993 | INFO  | SCMAudit | user=jenkins1000 | ip=192.168.151.119 | op=SEND_HEARTBEAT {datanodeUUID=86933813-1e1e-464a-ae0f-2ef91831d02b, command=[]} | ret=SUCCESS |  
2019-09-20 09:34:05,400 | INFO  | SCMAudit | user=jenkins1000 | ip=192.168.151.119 | op=SEND_HEARTBEAT {datanodeUUID=ba1e65fe-7169-476d-a778-4df70d7cdd6e, command=[]} | ret=SUCCESS |  
2019-09-20 09:34:05,466 | INFO  | SCMAudit | user=jenkins1000 | ip=192.168.151.119 | op=SEND_HEARTBEAT {datanodeUUID=37b777df-de08-4da5-9630-325a3e0e88a6, command=[]} | ret=SUCCESS |  
2019-09-20 09:34:05,501 | INFO  | SCMAudit | user=jenkins1000 | ip=192.168.151.119 | op=SEND_HEARTBEAT {datanodeUUID=d072c18a-1b53-41d5-bae5-b82be0790279, command=[]} | ret=SUCCESS |  
2019-09-20 09:34:05,504 | INFO  | SCMAudit | user=jenkins1000 | ip=192.168.151.119 | op=SEND_HEARTBEAT {datanodeUUID=4d6fff4c-5cb6-40a3-b677-a76fbdc0054d, command=[]} | ret=SUCCESS |  
2019-09-20 09:34:05,597 | INFO  | SCMAudit | user=jenkins1000 | ip=192.168.151.119 | op=SEND_HEARTBEAT {datanodeUUID=10741cbd-d620-4a9b-9e67-51db8a2e0e6a, command=[]} | ret=SUCCESS |  
2019-09-20 09:34:05,837 | INFO  | SCMAudit | user=jenkins1000 | ip=192.168.151.119 | op=SEND_HEARTBEAT {datanodeUUID=d4fa05df-3099-4015-ad0e-4200365d2035, command=[]} | ret=SUCCESS |  
2019-09-20 09:34:05,993 | INFO  | SCMAudit | user=jenkins1000 | ip=192.168.151.119 | op=SEND_HEARTBEAT {datanodeUUID=86933813-1e1e-464a-ae0f-2ef91831d02b, command=[]} | ret=SUCCESS |  
2019-09-20 09:34:06,401 | INFO  | SCMAudit | user=jenkins1000 | ip=192.168.151.119 | op=SEND_HEARTBEAT {datanodeUUID=ba1e65fe-7169-476d-a778-4df70d7cdd6e, command=[]} | ret=SUCCESS |  
2019-09-20 09:34:06,466 | INFO  | SCMAudit | user=jenkins1000 | ip=192.168.151.119 | op=SEND_HEARTBEAT {datanodeUUID=37b777df-de08-4da5-9630-325a3e0e88a6, command=[]} | ret=SUCCESS |  
2019-09-20 09:34:06,502 | INFO  | SCMAudit | user=jenkins1000 | ip=192.168.151.119 | op=SEND_HEARTBEAT {datanodeUUID=d072c18a-1b53-41d5-bae5-b82be0790279, command=[]} | ret=SUCCESS |  
2019-09-20 09:34:06,504 | INFO  | SCMAudit | user=jenkins1000 | ip=192.168.151.119 | op=SEND_HEARTBEAT {datanodeUUID=4d6fff4c-5cb6-40a3-b677-a76fbdc0054d, command=[]} | ret=SUCCESS |  
2019-09-20 09:34:06,596 | INFO  | SCMAudit | user=jenkins1000 | ip=192.168.151.119 | op=SEND_HEARTBEAT {datanodeUUID=10741cbd-d620-4a9b-9e67-51db8a2e0e6a, command=[]} | ret=SUCCESS |  
2019-09-20 09:34:06,837 | INFO  | SCMAudit | user=jenkins1000 | ip=192.168.151.119 | op=SEND_HEARTBEAT {datanodeUUID=d4fa05df-3099-4015-ad0e-4200365d2035, command=[]} | ret=SUCCESS |  
2019-09-20 09:34:06,994 | INFO  | SCMAudit | user=jenkins1000 | ip=192.168.151.119 | op=SEND_HEARTBEAT {datanodeUUID=86933813-1e1e-464a-ae0f-2ef91831d02b, command=[]} | ret=SUCCESS |  
2019-09-20 09:34:07,400 | INFO  | SCMAudit | user=jenkins1000 | ip=192.168.151.119 | op=SEND_HEARTBEAT {datanodeUUID=ba1e65fe-7169-476d-a778-4df70d7cdd6e, command=[]} | ret=SUCCESS |  
2019-09-20 09:34:07,467 | INFO  | SCMAudit | user=jenkins1000 | ip=192.168.151.119 | op=SEND_HEARTBEAT {datanodeUUID=37b777df-de08-4da5-9630-325a3e0e88a6, command=[]} | ret=SUCCESS |  
2019-09-20 09:34:07,502 | INFO  | SCMAudit | user=jenkins1000 | ip=192.168.151.119 | op=SEND_HEARTBEAT {datanodeUUID=d072c18a-1b53-41d5-bae5-b82be0790279, command=[]} | ret=SUCCESS |  
2019-09-20 09:34:07,504 | INFO  | SCMAudit | user=jenkins1000 | ip=192.168.151.119 | op=SEND_HEARTBEAT {datanodeUUID=4d6fff4c-5cb6-40a3-b677-a76fbdc0054d, command=[]} | ret=SUCCESS |  
2019-09-20 09:34:07,597 | INFO  | SCMAudit | user=jenkins1000 | ip=192.168.151.119 | op=SEND_HEARTBEAT {datanodeUUID=10741cbd-d620-4a9b-9e67-51db8a2e0e6a, command=[]} | ret=SUCCESS |  
2019-09-20 09:34:07,838 | INFO  | SCMAudit | user=jenkins1000 | ip=192.168.151.119 | op=SEND_HEARTBEAT {datanodeUUID=d4fa05df-3099-4015-ad0e-4200365d2035, command=[]} | ret=SUCCESS |  
2019-09-20 09:34:07,993 | INFO  | SCMAudit | user=jenkins1000 | ip=192.168.151.119 | op=SEND_HEARTBEAT {datanodeUUID=86933813-1e1e-464a-ae0f-2ef91831d02b, command=[]} | ret=SUCCESS |  
2019-09-20 09:34:08,401 | INFO  | SCMAudit | user=jenkins1000 | ip=192.168.151.119 | op=SEND_HEARTBEAT {datanodeUUID=ba1e65fe-7169-476d-a778-4df70d7cdd6e, command=[]} | ret=SUCCESS |  
2019-09-20 09:34:08,467 | INFO  | SCMAudit | user=jenkins1000 | ip=192.168.151.119 | op=SEND_HEARTBEAT {datanodeUUID=37b777df-de08-4da5-9630-325a3e0e88a6, command=[]} | ret=SUCCESS |  
2019-09-20 09:34:08,502 | INFO  | SCMAudit | user=jenkins1000 | ip=192.168.151.119 | op=SEND_HEARTBEAT {datanodeUUID=d072c18a-1b53-41d5-bae5-b82be0790279, command=[]} | ret=SUCCESS |  
2019-09-20 09:34:08,505 | INFO  | SCMAudit | user=jenkins1000 | ip=192.168.151.119 | op=SEND_HEARTBEAT {datanodeUUID=4d6fff4c-5cb6-40a3-b677-a76fbdc0054d, command=[]} | ret=SUCCESS |  
2019-09-20 09:34:08,597 | INFO  | SCMAudit | user=jenkins1000 | ip=192.168.151.119 | op=SEND_HEARTBEAT {datanodeUUID=10741cbd-d620-4a9b-9e67-51db8a2e0e6a, command=[]} | ret=SUCCESS |  
2019-09-20 09:34:08,837 | INFO  | SCMAudit | user=jenkins1000 | ip=192.168.151.119 | op=SEND_HEARTBEAT {datanodeUUID=d4fa05df-3099-4015-ad0e-4200365d2035, command=[]} | ret=SUCCESS |  
2019-09-20 09:34:08,994 | INFO  | SCMAudit | user=jenkins1000 | ip=192.168.151.119 | op=SEND_HEARTBEAT {datanodeUUID=86933813-1e1e-464a-ae0f-2ef91831d02b, command=[]} | ret=SUCCESS |  
2019-09-20 09:34:09,400 | INFO  | SCMAudit | user=jenkins1000 | ip=192.168.151.119 | op=SEND_HEARTBEAT {datanodeUUID=ba1e65fe-7169-476d-a778-4df70d7cdd6e, command=[]} | ret=SUCCESS |  
2019-09-20 09:34:09,467 | INFO  | SCMAudit | user=jenkins1000 | ip=192.168.151.119 | op=SEND_HEARTBEAT {datanodeUUID=37b777df-de08-4da5-9630-325a3e0e88a6, command=[]} | ret=SUCCESS |  
2019-09-20 09:34:09,503 | INFO  | SCMAudit | user=jenkins1000 | ip=192.168.151.119 | op=SEND_HEARTBEAT {datanodeUUID=d072c18a-1b53-41d5-bae5-b82be0790279, command=[]} | ret=SUCCESS |  
2019-09-20 09:34:09,505 | INFO  | SCMAudit | user=jenkins1000 | ip=192.168.151.119 | op=SEND_HEARTBEAT {datanodeUUID=4d6fff4c-5cb6-40a3-b677-a76fbdc0054d, command=[]} | ret=SUCCESS |  
2019-09-20 09:34:09,596 | INFO  | SCMAudit | user=jenkins1000 | ip=192.168.151.119 | op=SEND_HEARTBEAT {datanodeUUID=10741cbd-d620-4a9b-9e67-51db8a2e0e6a, command=[]} | ret=SUCCESS |  
2019-09-20 09:34:09,838 | INFO  | SCMAudit | user=jenkins1000 | ip=192.168.151.119 | op=SEND_HEARTBEAT {datanodeUUID=d4fa05df-3099-4015-ad0e-4200365d2035, command=[]} | ret=SUCCESS |  
2019-09-20 09:34:09,862 [grpc-default-executor-5] INFO  client.GrpcClientProtocolClient (GrpcClientProtocolClient.java:onNext(255)) - client-05D5A58C38F8->d072c18a-1b53-41d5-bae5-b82be0790279: receive RaftClientReply:client-05D5A58C38F8->d072c18a-1b53-41d5-bae5-b82be0790279@group-13440712A48A, cid=45, FAILED org.apache.ratis.protocol.NotLeaderException: Server d072c18a-1b53-41d5-bae5-b82be0790279 is not the leader (37b777df-de08-4da5-9630-325a3e0e88a6:192.168.151.119:35524). Request must be sent to leader., logIndex=0, commits[d072c18a-1b53-41d5-bae5-b82be0790279:c8, 37b777df-de08-4da5-9630-325a3e0e88a6:c8, 4d6fff4c-5cb6-40a3-b677-a76fbdc0054d:c8]
2019-09-20 09:34:09,993 | INFO  | SCMAudit | user=jenkins1000 | ip=192.168.151.119 | op=SEND_HEARTBEAT {datanodeUUID=86933813-1e1e-464a-ae0f-2ef91831d02b, command=[]} | ret=SUCCESS |  
2019-09-20 09:34:10,401 | INFO  | SCMAudit | user=jenkins1000 | ip=192.168.151.119 | op=SEND_HEARTBEAT {datanodeUUID=ba1e65fe-7169-476d-a778-4df70d7cdd6e, command=[]} | ret=SUCCESS |  
2019-09-20 09:34:10,468 | INFO  | SCMAudit | user=jenkins1000 | ip=192.168.151.119 | op=SEND_HEARTBEAT {datanodeUUID=37b777df-de08-4da5-9630-325a3e0e88a6, command=[]} | ret=SUCCESS |  
2019-09-20 09:34:10,503 | INFO  | SCMAudit | user=jenkins1000 | ip=192.168.151.119 | op=SEND_HEARTBEAT {datanodeUUID=d072c18a-1b53-41d5-bae5-b82be0790279, command=[]} | ret=SUCCESS |  
2019-09-20 09:34:10,505 | INFO  | SCMAudit | user=jenkins1000 | ip=192.168.151.119 | op=SEND_HEARTBEAT {datanodeUUID=4d6fff4c-5cb6-40a3-b677-a76fbdc0054d, command=[]} | ret=SUCCESS |  
2019-09-20 09:34:10,617 | INFO  | SCMAudit | user=jenkins1000 | ip=192.168.151.119 | op=SEND_HEARTBEAT {datanodeUUID=10741cbd-d620-4a9b-9e67-51db8a2e0e6a, command=[]} | ret=SUCCESS |  
2019-09-20 09:34:10,838 | INFO  | SCMAudit | user=jenkins1000 | ip=192.168.151.119 | op=SEND_HEARTBEAT {datanodeUUID=d4fa05df-3099-4015-ad0e-4200365d2035, command=[]} | ret=SUCCESS |  
2019-09-20 09:34:10,994 | INFO  | SCMAudit | user=jenkins1000 | ip=192.168.151.119 | op=SEND_HEARTBEAT {datanodeUUID=86933813-1e1e-464a-ae0f-2ef91831d02b, command=[]} | ret=SUCCESS |  
2019-09-20 09:34:11,400 | INFO  | SCMAudit | user=jenkins1000 | ip=192.168.151.119 | op=SEND_HEARTBEAT {datanodeUUID=ba1e65fe-7169-476d-a778-4df70d7cdd6e, command=[]} | ret=SUCCESS |  
2019-09-20 09:34:11,467 | INFO  | SCMAudit | user=jenkins1000 | ip=192.168.151.119 | op=SEND_HEARTBEAT {datanodeUUID=37b777df-de08-4da5-9630-325a3e0e88a6, command=[]} | ret=SUCCESS |  
2019-09-20 09:34:11,502 | INFO  | SCMAudit | user=jenkins1000 | ip=192.168.151.119 | op=SEND_HEARTBEAT {datanodeUUID=d072c18a-1b53-41d5-bae5-b82be0790279, command=[]} | ret=SUCCESS |  
2019-09-20 09:34:11,505 | INFO  | SCMAudit | user=jenkins1000 | ip=192.168.151.119 | op=SEND_HEARTBEAT {datanodeUUID=4d6fff4c-5cb6-40a3-b677-a76fbdc0054d, command=[]} | ret=SUCCESS |  
2019-09-20 09:34:11,596 | INFO  | SCMAudit | user=jenkins1000 | ip=192.168.151.119 | op=SEND_HEARTBEAT {datanodeUUID=10741cbd-d620-4a9b-9e67-51db8a2e0e6a, command=[]} | ret=SUCCESS |  
2019-09-20 09:34:11,838 | INFO  | SCMAudit | user=jenkins1000 | ip=192.168.151.119 | op=SEND_HEARTBEAT {datanodeUUID=d4fa05df-3099-4015-ad0e-4200365d2035, command=[]} | ret=SUCCESS |  
2019-09-20 09:34:11,994 | INFO  | SCMAudit | user=jenkins1000 | ip=192.168.151.119 | op=SEND_HEARTBEAT {datanodeUUID=86933813-1e1e-464a-ae0f-2ef91831d02b, command=[]} | ret=SUCCESS |  
2019-09-20 09:34:12,402 | INFO  | SCMAudit | user=jenkins1000 | ip=192.168.151.119 | op=SEND_HEARTBEAT {datanodeUUID=ba1e65fe-7169-476d-a778-4df70d7cdd6e, command=[]} | ret=SUCCESS |  
2019-09-20 09:34:12,468 | INFO  | SCMAudit | user=jenkins1000 | ip=192.168.151.119 | op=SEND_HEARTBEAT {datanodeUUID=37b777df-de08-4da5-9630-325a3e0e88a6, command=[]} | ret=SUCCESS |  
2019-09-20 09:34:12,502 | INFO  | SCMAudit | user=jenkins1000 | ip=192.168.151.119 | op=SEND_HEARTBEAT {datanodeUUID=d072c18a-1b53-41d5-bae5-b82be0790279, command=[]} | ret=SUCCESS |  
2019-09-20 09:34:12,505 | INFO  | SCMAudit | user=jenkins1000 | ip=192.168.151.119 | op=SEND_HEARTBEAT {datanodeUUID=4d6fff4c-5cb6-40a3-b677-a76fbdc0054d, command=[]} | ret=SUCCESS |  
2019-09-20 09:34:12,597 | INFO  | SCMAudit | user=jenkins1000 | ip=192.168.151.119 | op=SEND_HEARTBEAT {datanodeUUID=10741cbd-d620-4a9b-9e67-51db8a2e0e6a, command=[]} | ret=SUCCESS |  
2019-09-20 09:34:12,839 | INFO  | SCMAudit | user=jenkins1000 | ip=192.168.151.119 | op=SEND_HEARTBEAT {datanodeUUID=d4fa05df-3099-4015-ad0e-4200365d2035, command=[]} | ret=SUCCESS |  
2019-09-20 09:34:12,994 | INFO  | SCMAudit | user=jenkins1000 | ip=192.168.151.119 | op=SEND_HEARTBEAT {datanodeUUID=86933813-1e1e-464a-ae0f-2ef91831d02b, command=[]} | ret=SUCCESS |  
2019-09-20 09:34:13,401 | INFO  | SCMAudit | user=jenkins1000 | ip=192.168.151.119 | op=SEND_HEARTBEAT {datanodeUUID=ba1e65fe-7169-476d-a778-4df70d7cdd6e, command=[]} | ret=SUCCESS |  
2019-09-20 09:34:13,467 | INFO  | SCMAudit | user=jenkins1000 | ip=192.168.151.119 | op=SEND_HEARTBEAT {datanodeUUID=37b777df-de08-4da5-9630-325a3e0e88a6, command=[]} | ret=SUCCESS |  
2019-09-20 09:34:13,503 | INFO  | SCMAudit | user=jenkins1000 | ip=192.168.151.119 | op=SEND_HEARTBEAT {datanodeUUID=d072c18a-1b53-41d5-bae5-b82be0790279, command=[]} | ret=SUCCESS |  
2019-09-20 09:34:13,505 | INFO  | SCMAudit | user=jenkins1000 | ip=192.168.151.119 | op=SEND_HEARTBEAT {datanodeUUID=4d6fff4c-5cb6-40a3-b677-a76fbdc0054d, command=[]} | ret=SUCCESS |  
2019-09-20 09:34:13,597 | INFO  | SCMAudit | user=jenkins1000 | ip=192.168.151.119 | op=SEND_HEARTBEAT {datanodeUUID=10741cbd-d620-4a9b-9e67-51db8a2e0e6a, command=[]} | ret=SUCCESS |  
2019-09-20 09:34:13,838 | INFO  | SCMAudit | user=jenkins1000 | ip=192.168.151.119 | op=SEND_HEARTBEAT {datanodeUUID=d4fa05df-3099-4015-ad0e-4200365d2035, command=[]} | ret=SUCCESS |  
2019-09-20 09:34:13,995 | INFO  | SCMAudit | user=jenkins1000 | ip=192.168.151.119 | op=SEND_HEARTBEAT {datanodeUUID=86933813-1e1e-464a-ae0f-2ef91831d02b, command=[]} | ret=SUCCESS |  
2019-09-20 09:34:14,401 | INFO  | SCMAudit | user=jenkins1000 | ip=192.168.151.119 | op=SEND_HEARTBEAT {datanodeUUID=ba1e65fe-7169-476d-a778-4df70d7cdd6e, command=[]} | ret=SUCCESS |  
2019-09-20 09:34:14,467 | INFO  | SCMAudit | user=jenkins1000 | ip=192.168.151.119 | op=SEND_HEARTBEAT {datanodeUUID=37b777df-de08-4da5-9630-325a3e0e88a6, command=[]} | ret=SUCCESS |  
2019-09-20 09:34:14,503 | INFO  | SCMAudit | user=jenkins1000 | ip=192.168.151.119 | op=SEND_HEARTBEAT {datanodeUUID=d072c18a-1b53-41d5-bae5-b82be0790279, command=[]} | ret=SUCCESS |  
2019-09-20 09:34:14,505 | INFO  | SCMAudit | user=jenkins1000 | ip=192.168.151.119 | op=SEND_HEARTBEAT {datanodeUUID=4d6fff4c-5cb6-40a3-b677-a76fbdc0054d, command=[]} | ret=SUCCESS |  
2019-09-20 09:34:14,597 | INFO  | SCMAudit | user=jenkins1000 | ip=192.168.151.119 | op=SEND_HEARTBEAT {datanodeUUID=10741cbd-d620-4a9b-9e67-51db8a2e0e6a, command=[]} | ret=SUCCESS |  
2019-09-20 09:34:14,839 | INFO  | SCMAudit | user=jenkins1000 | ip=192.168.151.119 | op=SEND_HEARTBEAT {datanodeUUID=d4fa05df-3099-4015-ad0e-4200365d2035, command=[]} | ret=SUCCESS |  
2019-09-20 09:34:14,897 [grpc-default-executor-5] INFO  client.GrpcClientProtocolClient (GrpcClientProtocolClient.java:onNext(255)) - client-05D5A58C38F8->4d6fff4c-5cb6-40a3-b677-a76fbdc0054d: receive RaftClientReply:client-05D5A58C38F8->4d6fff4c-5cb6-40a3-b677-a76fbdc0054d@group-13440712A48A, cid=45, FAILED org.apache.ratis.protocol.NotLeaderException: Server 4d6fff4c-5cb6-40a3-b677-a76fbdc0054d is not the leader (37b777df-de08-4da5-9630-325a3e0e88a6:192.168.151.119:35524). Request must be sent to leader., logIndex=0, commits[4d6fff4c-5cb6-40a3-b677-a76fbdc0054d:c8, d072c18a-1b53-41d5-bae5-b82be0790279:c8, 37b777df-de08-4da5-9630-325a3e0e88a6:c8]
2019-09-20 09:34:14,994 | INFO  | SCMAudit | user=jenkins1000 | ip=192.168.151.119 | op=SEND_HEARTBEAT {datanodeUUID=86933813-1e1e-464a-ae0f-2ef91831d02b, command=[]} | ret=SUCCESS |  
2019-09-20 09:34:15,402 | INFO  | SCMAudit | user=jenkins1000 | ip=192.168.151.119 | op=SEND_HEARTBEAT {datanodeUUID=ba1e65fe-7169-476d-a778-4df70d7cdd6e, command=[]} | ret=SUCCESS |  
2019-09-20 09:34:15,468 | INFO  | SCMAudit | user=jenkins1000 | ip=192.168.151.119 | op=SEND_HEARTBEAT {datanodeUUID=37b777df-de08-4da5-9630-325a3e0e88a6, command=[]} | ret=SUCCESS |  
2019-09-20 09:34:15,503 | INFO  | SCMAudit | user=jenkins1000 | ip=192.168.151.119 | op=SEND_HEARTBEAT {datanodeUUID=d072c18a-1b53-41d5-bae5-b82be0790279, command=[]} | ret=SUCCESS |  
2019-09-20 09:34:15,505 | INFO  | SCMAudit | user=jenkins1000 | ip=192.168.151.119 | op=SEND_HEARTBEAT {datanodeUUID=4d6fff4c-5cb6-40a3-b677-a76fbdc0054d, command=[]} | ret=SUCCESS |  
2019-09-20 09:34:15,598 | INFO  | SCMAudit | user=jenkins1000 | ip=192.168.151.119 | op=SEND_HEARTBEAT {datanodeUUID=10741cbd-d620-4a9b-9e67-51db8a2e0e6a, command=[]} | ret=SUCCESS |  
2019-09-20 09:34:15,839 | INFO  | SCMAudit | user=jenkins1000 | ip=192.168.151.119 | op=SEND_HEARTBEAT {datanodeUUID=d4fa05df-3099-4015-ad0e-4200365d2035, command=[]} | ret=SUCCESS |  
2019-09-20 09:34:15,994 | INFO  | SCMAudit | user=jenkins1000 | ip=192.168.151.119 | op=SEND_HEARTBEAT {datanodeUUID=86933813-1e1e-464a-ae0f-2ef91831d02b, command=[]} | ret=SUCCESS |  
2019-09-20 09:34:16,401 | INFO  | SCMAudit | user=jenkins1000 | ip=192.168.151.119 | op=SEND_HEARTBEAT {datanodeUUID=ba1e65fe-7169-476d-a778-4df70d7cdd6e, command=[]} | ret=SUCCESS |  
2019-09-20 09:34:16,468 | INFO  | SCMAudit | user=jenkins1000 | ip=192.168.151.119 | op=SEND_HEARTBEAT {datanodeUUID=37b777df-de08-4da5-9630-325a3e0e88a6, command=[]} | ret=SUCCESS |  
2019-09-20 09:34:16,502 | INFO  | SCMAudit | user=jenkins1000 | ip=192.168.151.119 | op=SEND_HEARTBEAT {datanodeUUID=d072c18a-1b53-41d5-bae5-b82be0790279, command=[]} | ret=SUCCESS |  
2019-09-20 09:34:16,505 | INFO  | SCMAudit | user=jenkins1000 | ip=192.168.151.119 | op=SEND_HEARTBEAT {datanodeUUID=4d6fff4c-5cb6-40a3-b677-a76fbdc0054d, command=[]} | ret=SUCCESS |  
2019-09-20 09:34:16,597 | INFO  | SCMAudit | user=jenkins1000 | ip=192.168.151.119 | op=SEND_HEARTBEAT {datanodeUUID=10741cbd-d620-4a9b-9e67-51db8a2e0e6a, command=[]} | ret=SUCCESS |  
2019-09-20 09:34:16,839 | INFO  | SCMAudit | user=jenkins1000 | ip=192.168.151.119 | op=SEND_HEARTBEAT {datanodeUUID=d4fa05df-3099-4015-ad0e-4200365d2035, command=[]} | ret=SUCCESS |  
2019-09-20 09:34:16,995 | INFO  | SCMAudit | user=jenkins1000 | ip=192.168.151.119 | op=SEND_HEARTBEAT {datanodeUUID=86933813-1e1e-464a-ae0f-2ef91831d02b, command=[]} | ret=SUCCESS |  
2019-09-20 09:34:17,401 | INFO  | SCMAudit | user=jenkins1000 | ip=192.168.151.119 | op=SEND_HEARTBEAT {datanodeUUID=ba1e65fe-7169-476d-a778-4df70d7cdd6e, command=[]} | ret=SUCCESS |  
2019-09-20 09:34:17,467 | INFO  | SCMAudit | user=jenkins1000 | ip=192.168.151.119 | op=SEND_HEARTBEAT {datanodeUUID=37b777df-de08-4da5-9630-325a3e0e88a6, command=[]} | ret=SUCCESS |  
2019-09-20 09:34:17,502 | INFO  | SCMAudit | user=jenkins1000 | ip=192.168.151.119 | op=SEND_HEARTBEAT {datanodeUUID=d072c18a-1b53-41d5-bae5-b82be0790279, command=[]} | ret=SUCCESS |  
2019-09-20 09:34:17,505 | INFO  | SCMAudit | user=jenkins1000 | ip=192.168.151.119 | op=SEND_HEARTBEAT {datanodeUUID=4d6fff4c-5cb6-40a3-b677-a76fbdc0054d, command=[]} | ret=SUCCESS |  
2019-09-20 09:34:17,597 | INFO  | SCMAudit | user=jenkins1000 | ip=192.168.151.119 | op=SEND_HEARTBEAT {datanodeUUID=10741cbd-d620-4a9b-9e67-51db8a2e0e6a, command=[]} | ret=SUCCESS |  
2019-09-20 09:34:17,839 | INFO  | SCMAudit | user=jenkins1000 | ip=192.168.151.119 | op=SEND_HEARTBEAT {datanodeUUID=d4fa05df-3099-4015-ad0e-4200365d2035, command=[]} | ret=SUCCESS |  
2019-09-20 09:34:17,995 | INFO  | SCMAudit | user=jenkins1000 | ip=192.168.151.119 | op=SEND_HEARTBEAT {datanodeUUID=86933813-1e1e-464a-ae0f-2ef91831d02b, command=[]} | ret=SUCCESS |  
2019-09-20 09:34:18,402 | INFO  | SCMAudit | user=jenkins1000 | ip=192.168.151.119 | op=SEND_HEARTBEAT {datanodeUUID=ba1e65fe-7169-476d-a778-4df70d7cdd6e, command=[]} | ret=SUCCESS |  
2019-09-20 09:34:18,468 | INFO  | SCMAudit | user=jenkins1000 | ip=192.168.151.119 | op=SEND_HEARTBEAT {datanodeUUID=37b777df-de08-4da5-9630-325a3e0e88a6, command=[]} | ret=SUCCESS |  
2019-09-20 09:34:18,503 | INFO  | SCMAudit | user=jenkins1000 | ip=192.168.151.119 | op=SEND_HEARTBEAT {datanodeUUID=d072c18a-1b53-41d5-bae5-b82be0790279, command=[]} | ret=SUCCESS |  
2019-09-20 09:34:18,506 | INFO  | SCMAudit | user=jenkins1000 | ip=192.168.151.119 | op=SEND_HEARTBEAT {datanodeUUID=4d6fff4c-5cb6-40a3-b677-a76fbdc0054d, command=[]} | ret=SUCCESS |  
2019-09-20 09:34:18,598 | INFO  | SCMAudit | user=jenkins1000 | ip=192.168.151.119 | op=SEND_HEARTBEAT {datanodeUUID=10741cbd-d620-4a9b-9e67-51db8a2e0e6a, command=[]} | ret=SUCCESS |  
2019-09-20 09:34:18,840 | INFO  | SCMAudit | user=jenkins1000 | ip=192.168.151.119 | op=SEND_HEARTBEAT {datanodeUUID=d4fa05df-3099-4015-ad0e-4200365d2035, command=[]} | ret=SUCCESS |  
2019-09-20 09:34:18,994 | INFO  | SCMAudit | user=jenkins1000 | ip=192.168.151.119 | op=SEND_HEARTBEAT {datanodeUUID=86933813-1e1e-464a-ae0f-2ef91831d02b, command=[]} | ret=SUCCESS |  
2019-09-20 09:34:19,401 | INFO  | SCMAudit | user=jenkins1000 | ip=192.168.151.119 | op=SEND_HEARTBEAT {datanodeUUID=ba1e65fe-7169-476d-a778-4df70d7cdd6e, command=[]} | ret=SUCCESS |  
2019-09-20 09:34:19,467 | INFO  | SCMAudit | user=jenkins1000 | ip=192.168.151.119 | op=SEND_HEARTBEAT {datanodeUUID=37b777df-de08-4da5-9630-325a3e0e88a6, command=[]} | ret=SUCCESS |  
2019-09-20 09:34:19,503 | INFO  | SCMAudit | user=jenkins1000 | ip=192.168.151.119 | op=SEND_HEARTBEAT {datanodeUUID=d072c18a-1b53-41d5-bae5-b82be0790279, command=[]} | ret=SUCCESS |  
2019-09-20 09:34:19,506 | INFO  | SCMAudit | user=jenkins1000 | ip=192.168.151.119 | op=SEND_HEARTBEAT {datanodeUUID=4d6fff4c-5cb6-40a3-b677-a76fbdc0054d, command=[]} | ret=SUCCESS |  
2019-09-20 09:34:19,598 | INFO  | SCMAudit | user=jenkins1000 | ip=192.168.151.119 | op=SEND_HEARTBEAT {datanodeUUID=10741cbd-d620-4a9b-9e67-51db8a2e0e6a, command=[]} | ret=SUCCESS |  
2019-09-20 09:34:19,840 | INFO  | SCMAudit | user=jenkins1000 | ip=192.168.151.119 | op=SEND_HEARTBEAT {datanodeUUID=d4fa05df-3099-4015-ad0e-4200365d2035, command=[]} | ret=SUCCESS |  
2019-09-20 09:34:19,932 [grpc-default-executor-0] INFO  client.GrpcClientProtocolClient (GrpcClientProtocolClient.java:onNext(255)) - client-05D5A58C38F8->4d6fff4c-5cb6-40a3-b677-a76fbdc0054d: receive RaftClientReply:client-05D5A58C38F8->4d6fff4c-5cb6-40a3-b677-a76fbdc0054d@group-13440712A48A, cid=45, FAILED org.apache.ratis.protocol.NotLeaderException: Server 4d6fff4c-5cb6-40a3-b677-a76fbdc0054d is not the leader (37b777df-de08-4da5-9630-325a3e0e88a6:192.168.151.119:35524). Request must be sent to leader., logIndex=0, commits[4d6fff4c-5cb6-40a3-b677-a76fbdc0054d:c8, d072c18a-1b53-41d5-bae5-b82be0790279:c8, 37b777df-de08-4da5-9630-325a3e0e88a6:c8]
2019-09-20 09:34:19,994 | INFO  | SCMAudit | user=jenkins1000 | ip=192.168.151.119 | op=SEND_HEARTBEAT {datanodeUUID=86933813-1e1e-464a-ae0f-2ef91831d02b, command=[]} | ret=SUCCESS |  
2019-09-20 09:34:20,402 | INFO  | SCMAudit | user=jenkins1000 | ip=192.168.151.119 | op=SEND_HEARTBEAT {datanodeUUID=ba1e65fe-7169-476d-a778-4df70d7cdd6e, command=[]} | ret=SUCCESS |  
2019-09-20 09:34:20,467 | INFO  | SCMAudit | user=jenkins1000 | ip=192.168.151.119 | op=SEND_HEARTBEAT {datanodeUUID=37b777df-de08-4da5-9630-325a3e0e88a6, command=[]} | ret=SUCCESS |  
2019-09-20 09:34:20,503 | INFO  | SCMAudit | user=jenkins1000 | ip=192.168.151.119 | op=SEND_HEARTBEAT {datanodeUUID=d072c18a-1b53-41d5-bae5-b82be0790279, command=[]} | ret=SUCCESS |  
2019-09-20 09:34:20,507 | INFO  | SCMAudit | user=jenkins1000 | ip=192.168.151.119 | op=SEND_HEARTBEAT {datanodeUUID=4d6fff4c-5cb6-40a3-b677-a76fbdc0054d, command=[]} | ret=SUCCESS |  
2019-09-20 09:34:20,598 | INFO  | SCMAudit | user=jenkins1000 | ip=192.168.151.119 | op=SEND_HEARTBEAT {datanodeUUID=10741cbd-d620-4a9b-9e67-51db8a2e0e6a, command=[]} | ret=SUCCESS |  
2019-09-20 09:34:20,839 | INFO  | SCMAudit | user=jenkins1000 | ip=192.168.151.119 | op=SEND_HEARTBEAT {datanodeUUID=d4fa05df-3099-4015-ad0e-4200365d2035, command=[]} | ret=SUCCESS |  
2019-09-20 09:34:20,995 | INFO  | SCMAudit | user=jenkins1000 | ip=192.168.151.119 | op=SEND_HEARTBEAT {datanodeUUID=86933813-1e1e-464a-ae0f-2ef91831d02b, command=[]} | ret=SUCCESS |  
2019-09-20 09:34:21,402 | INFO  | SCMAudit | user=jenkins1000 | ip=192.168.151.119 | op=SEND_HEARTBEAT {datanodeUUID=ba1e65fe-7169-476d-a778-4df70d7cdd6e, command=[]} | ret=SUCCESS |  
2019-09-20 09:34:21,468 | INFO  | SCMAudit | user=jenkins1000 | ip=192.168.151.119 | op=SEND_HEARTBEAT {datanodeUUID=37b777df-de08-4da5-9630-325a3e0e88a6, command=[]} | ret=SUCCESS |  
2019-09-20 09:34:21,504 | INFO  | SCMAudit | user=jenkins1000 | ip=192.168.151.119 | op=SEND_HEARTBEAT {datanodeUUID=d072c18a-1b53-41d5-bae5-b82be0790279, command=[]} | ret=SUCCESS |  
2019-09-20 09:34:21,507 | INFO  | SCMAudit | user=jenkins1000 | ip=192.168.151.119 | op=SEND_HEARTBEAT {datanodeUUID=4d6fff4c-5cb6-40a3-b677-a76fbdc0054d, command=[]} | ret=SUCCESS |  
2019-09-20 09:34:21,599 | INFO  | SCMAudit | user=jenkins1000 | ip=192.168.151.119 | op=SEND_HEARTBEAT {datanodeUUID=10741cbd-d620-4a9b-9e67-51db8a2e0e6a, command=[]} | ret=SUCCESS |  
2019-09-20 09:34:21,839 | INFO  | SCMAudit | user=jenkins1000 | ip=192.168.151.119 | op=SEND_HEARTBEAT {datanodeUUID=d4fa05df-3099-4015-ad0e-4200365d2035, command=[]} | ret=SUCCESS |  
2019-09-20 09:34:21,994 | INFO  | SCMAudit | user=jenkins1000 | ip=192.168.151.119 | op=SEND_HEARTBEAT {datanodeUUID=86933813-1e1e-464a-ae0f-2ef91831d02b, command=[]} | ret=SUCCESS |  
2019-09-20 09:34:22,401 | INFO  | SCMAudit | user=jenkins1000 | ip=192.168.151.119 | op=SEND_HEARTBEAT {datanodeUUID=ba1e65fe-7169-476d-a778-4df70d7cdd6e, command=[]} | ret=SUCCESS |  
2019-09-20 09:34:22,467 | INFO  | SCMAudit | user=jenkins1000 | ip=192.168.151.119 | op=SEND_HEARTBEAT {datanodeUUID=37b777df-de08-4da5-9630-325a3e0e88a6, command=[]} | ret=SUCCESS |  
2019-09-20 09:34:22,504 | INFO  | SCMAudit | user=jenkins1000 | ip=192.168.151.119 | op=SEND_HEARTBEAT {datanodeUUID=d072c18a-1b53-41d5-bae5-b82be0790279, command=[]} | ret=SUCCESS |  
2019-09-20 09:34:22,507 | INFO  | SCMAudit | user=jenkins1000 | ip=192.168.151.119 | op=SEND_HEARTBEAT {datanodeUUID=4d6fff4c-5cb6-40a3-b677-a76fbdc0054d, command=[]} | ret=SUCCESS |  
2019-09-20 09:34:22,599 | INFO  | SCMAudit | user=jenkins1000 | ip=192.168.151.119 | op=SEND_HEARTBEAT {datanodeUUID=10741cbd-d620-4a9b-9e67-51db8a2e0e6a, command=[]} | ret=SUCCESS |  
2019-09-20 09:34:22,840 | INFO  | SCMAudit | user=jenkins1000 | ip=192.168.151.119 | op=SEND_HEARTBEAT {datanodeUUID=d4fa05df-3099-4015-ad0e-4200365d2035, command=[]} | ret=SUCCESS |  
2019-09-20 09:34:22,995 | INFO  | SCMAudit | user=jenkins1000 | ip=192.168.151.119 | op=SEND_HEARTBEAT {datanodeUUID=86933813-1e1e-464a-ae0f-2ef91831d02b, command=[]} | ret=SUCCESS |  
2019-09-20 09:34:23,402 | INFO  | SCMAudit | user=jenkins1000 | ip=192.168.151.119 | op=SEND_HEARTBEAT {datanodeUUID=ba1e65fe-7169-476d-a778-4df70d7cdd6e, command=[]} | ret=SUCCESS |  
2019-09-20 09:34:23,467 | INFO  | SCMAudit | user=jenkins1000 | ip=192.168.151.119 | op=SEND_HEARTBEAT {datanodeUUID=37b777df-de08-4da5-9630-325a3e0e88a6, command=[]} | ret=SUCCESS |  
2019-09-20 09:34:23,504 | INFO  | SCMAudit | user=jenkins1000 | ip=192.168.151.119 | op=SEND_HEARTBEAT {datanodeUUID=d072c18a-1b53-41d5-bae5-b82be0790279, command=[]} | ret=SUCCESS |  
2019-09-20 09:34:23,508 | INFO  | SCMAudit | user=jenkins1000 | ip=192.168.151.119 | op=SEND_HEARTBEAT {datanodeUUID=4d6fff4c-5cb6-40a3-b677-a76fbdc0054d, command=[]} | ret=SUCCESS |  
2019-09-20 09:34:23,599 | INFO  | SCMAudit | user=jenkins1000 | ip=192.168.151.119 | op=SEND_HEARTBEAT {datanodeUUID=10741cbd-d620-4a9b-9e67-51db8a2e0e6a, command=[]} | ret=SUCCESS |  
2019-09-20 09:34:23,839 | INFO  | SCMAudit | user=jenkins1000 | ip=192.168.151.119 | op=SEND_HEARTBEAT {datanodeUUID=d4fa05df-3099-4015-ad0e-4200365d2035, command=[]} | ret=SUCCESS |  
2019-09-20 09:34:23,995 | INFO  | SCMAudit | user=jenkins1000 | ip=192.168.151.119 | op=SEND_HEARTBEAT {datanodeUUID=86933813-1e1e-464a-ae0f-2ef91831d02b, command=[]} | ret=SUCCESS |  
2019-09-20 09:34:24,402 | INFO  | SCMAudit | user=jenkins1000 | ip=192.168.151.119 | op=SEND_HEARTBEAT {datanodeUUID=ba1e65fe-7169-476d-a778-4df70d7cdd6e, command=[]} | ret=SUCCESS |  
2019-09-20 09:34:24,468 | INFO  | SCMAudit | user=jenkins1000 | ip=192.168.151.119 | op=SEND_HEARTBEAT {datanodeUUID=37b777df-de08-4da5-9630-325a3e0e88a6, command=[]} | ret=SUCCESS |  
2019-09-20 09:34:24,505 | INFO  | SCMAudit | user=jenkins1000 | ip=192.168.151.119 | op=SEND_HEARTBEAT {datanodeUUID=d072c18a-1b53-41d5-bae5-b82be0790279, command=[]} | ret=SUCCESS |  
2019-09-20 09:34:24,507 | INFO  | SCMAudit | user=jenkins1000 | ip=192.168.151.119 | op=SEND_HEARTBEAT {datanodeUUID=4d6fff4c-5cb6-40a3-b677-a76fbdc0054d, command=[]} | ret=SUCCESS |  
2019-09-20 09:34:24,600 | INFO  | SCMAudit | user=jenkins1000 | ip=192.168.151.119 | op=SEND_HEARTBEAT {datanodeUUID=10741cbd-d620-4a9b-9e67-51db8a2e0e6a, command=[]} | ret=SUCCESS |  
2019-09-20 09:34:24,839 | INFO  | SCMAudit | user=jenkins1000 | ip=192.168.151.119 | op=SEND_HEARTBEAT {datanodeUUID=d4fa05df-3099-4015-ad0e-4200365d2035, command=[]} | ret=SUCCESS |  
2019-09-20 09:34:24,995 [grpc-default-executor-5] INFO  client.GrpcClientProtocolClient (GrpcClientProtocolClient.java:onNext(255)) - client-05D5A58C38F8->d072c18a-1b53-41d5-bae5-b82be0790279: receive RaftClientReply:client-05D5A58C38F8->d072c18a-1b53-41d5-bae5-b82be0790279@group-13440712A48A, cid=45, FAILED org.apache.ratis.protocol.NotLeaderException: Server d072c18a-1b53-41d5-bae5-b82be0790279 is not the leader (37b777df-de08-4da5-9630-325a3e0e88a6:192.168.151.119:35524). Request must be sent to leader., logIndex=0, commits[d072c18a-1b53-41d5-bae5-b82be0790279:c8, 37b777df-de08-4da5-9630-325a3e0e88a6:c8, 4d6fff4c-5cb6-40a3-b677-a76fbdc0054d:c8]
2019-09-20 09:34:24,995 | INFO  | SCMAudit | user=jenkins1000 | ip=192.168.151.119 | op=SEND_HEARTBEAT {datanodeUUID=86933813-1e1e-464a-ae0f-2ef91831d02b, command=[]} | ret=SUCCESS |  
2019-09-20 09:34:25,403 | INFO  | SCMAudit | user=jenkins1000 | ip=192.168.151.119 | op=SEND_HEARTBEAT {datanodeUUID=ba1e65fe-7169-476d-a778-4df70d7cdd6e, command=[]} | ret=SUCCESS |  
2019-09-20 09:34:25,470 | INFO  | SCMAudit | user=jenkins1000 | ip=192.168.151.119 | op=SEND_HEARTBEAT {datanodeUUID=37b777df-de08-4da5-9630-325a3e0e88a6, command=[]} | ret=SUCCESS |  
2019-09-20 09:34:25,505 | INFO  | SCMAudit | user=jenkins1000 | ip=192.168.151.119 | op=SEND_HEARTBEAT {datanodeUUID=d072c18a-1b53-41d5-bae5-b82be0790279, command=[]} | ret=SUCCESS |  
2019-09-20 09:34:25,507 | INFO  | SCMAudit | user=jenkins1000 | ip=192.168.151.119 | op=SEND_HEARTBEAT {datanodeUUID=4d6fff4c-5cb6-40a3-b677-a76fbdc0054d, command=[]} | ret=SUCCESS |  
2019-09-20 09:34:25,600 | INFO  | SCMAudit | user=jenkins1000 | ip=192.168.151.119 | op=SEND_HEARTBEAT {datanodeUUID=10741cbd-d620-4a9b-9e67-51db8a2e0e6a, command=[]} | ret=SUCCESS |  
2019-09-20 09:34:25,840 | INFO  | SCMAudit | user=jenkins1000 | ip=192.168.151.119 | op=SEND_HEARTBEAT {datanodeUUID=d4fa05df-3099-4015-ad0e-4200365d2035, command=[]} | ret=SUCCESS |  
2019-09-20 09:34:25,995 | INFO  | SCMAudit | user=jenkins1000 | ip=192.168.151.119 | op=SEND_HEARTBEAT {datanodeUUID=86933813-1e1e-464a-ae0f-2ef91831d02b, command=[]} | ret=SUCCESS |  
2019-09-20 09:34:26,402 | INFO  | SCMAudit | user=jenkins1000 | ip=192.168.151.119 | op=SEND_HEARTBEAT {datanodeUUID=ba1e65fe-7169-476d-a778-4df70d7cdd6e, command=[]} | ret=SUCCESS |  
2019-09-20 09:34:26,467 | INFO  | SCMAudit | user=jenkins1000 | ip=192.168.151.119 | op=SEND_HEARTBEAT {datanodeUUID=37b777df-de08-4da5-9630-325a3e0e88a6, command=[]} | ret=SUCCESS |  
2019-09-20 09:34:26,505 | INFO  | SCMAudit | user=jenkins1000 | ip=192.168.151.119 | op=SEND_HEARTBEAT {datanodeUUID=d072c18a-1b53-41d5-bae5-b82be0790279, command=[]} | ret=SUCCESS |  
2019-09-20 09:34:26,508 | INFO  | SCMAudit | user=jenkins1000 | ip=192.168.151.119 | op=SEND_HEARTBEAT {datanodeUUID=4d6fff4c-5cb6-40a3-b677-a76fbdc0054d, command=[]} | ret=SUCCESS |  
2019-09-20 09:34:26,599 | INFO  | SCMAudit | user=jenkins1000 | ip=192.168.151.119 | op=SEND_HEARTBEAT {datanodeUUID=10741cbd-d620-4a9b-9e67-51db8a2e0e6a, command=[]} | ret=SUCCESS |  
2019-09-20 09:34:26,840 | INFO  | SCMAudit | user=jenkins1000 | ip=192.168.151.119 | op=SEND_HEARTBEAT {datanodeUUID=d4fa05df-3099-4015-ad0e-4200365d2035, command=[]} | ret=SUCCESS |  
2019-09-20 09:34:26,995 | INFO  | SCMAudit | user=jenkins1000 | ip=192.168.151.119 | op=SEND_HEARTBEAT {datanodeUUID=86933813-1e1e-464a-ae0f-2ef91831d02b, command=[]} | ret=SUCCESS |  
2019-09-20 09:34:27,402 | INFO  | SCMAudit | user=jenkins1000 | ip=192.168.151.119 | op=SEND_HEARTBEAT {datanodeUUID=ba1e65fe-7169-476d-a778-4df70d7cdd6e, command=[]} | ret=SUCCESS |  
2019-09-20 09:34:27,467 | INFO  | SCMAudit | user=jenkins1000 | ip=192.168.151.119 | op=SEND_HEARTBEAT {datanodeUUID=37b777df-de08-4da5-9630-325a3e0e88a6, command=[]} | ret=SUCCESS |  
2019-09-20 09:34:27,505 | INFO  | SCMAudit | user=jenkins1000 | ip=192.168.151.119 | op=SEND_HEARTBEAT {datanodeUUID=d072c18a-1b53-41d5-bae5-b82be0790279, command=[]} | ret=SUCCESS |  
2019-09-20 09:34:27,508 | INFO  | SCMAudit | user=jenkins1000 | ip=192.168.151.119 | op=SEND_HEARTBEAT {datanodeUUID=4d6fff4c-5cb6-40a3-b677-a76fbdc0054d, command=[]} | ret=SUCCESS |  
2019-09-20 09:34:27,599 | INFO  | SCMAudit | user=jenkins1000 | ip=192.168.151.119 | op=SEND_HEARTBEAT {datanodeUUID=10741cbd-d620-4a9b-9e67-51db8a2e0e6a, command=[]} | ret=SUCCESS |  
2019-09-20 09:34:27,839 | INFO  | SCMAudit | user=jenkins1000 | ip=192.168.151.119 | op=SEND_HEARTBEAT {datanodeUUID=d4fa05df-3099-4015-ad0e-4200365d2035, command=[]} | ret=SUCCESS |  
2019-09-20 09:34:27,995 | INFO  | SCMAudit | user=jenkins1000 | ip=192.168.151.119 | op=SEND_HEARTBEAT {datanodeUUID=86933813-1e1e-464a-ae0f-2ef91831d02b, command=[]} | ret=SUCCESS |  
2019-09-20 09:34:28,403 | INFO  | SCMAudit | user=jenkins1000 | ip=192.168.151.119 | op=SEND_HEARTBEAT {datanodeUUID=ba1e65fe-7169-476d-a778-4df70d7cdd6e, command=[]} | ret=SUCCESS |  
2019-09-20 09:34:28,467 | INFO  | SCMAudit | user=jenkins1000 | ip=192.168.151.119 | op=SEND_HEARTBEAT {datanodeUUID=37b777df-de08-4da5-9630-325a3e0e88a6, command=[]} | ret=SUCCESS |  
2019-09-20 09:34:28,506 | INFO  | SCMAudit | user=jenkins1000 | ip=192.168.151.119 | op=SEND_HEARTBEAT {datanodeUUID=d072c18a-1b53-41d5-bae5-b82be0790279, command=[]} | ret=SUCCESS |  
2019-09-20 09:34:28,508 | INFO  | SCMAudit | user=jenkins1000 | ip=192.168.151.119 | op=SEND_HEARTBEAT {datanodeUUID=4d6fff4c-5cb6-40a3-b677-a76fbdc0054d, command=[]} | ret=SUCCESS |  
2019-09-20 09:34:28,600 | INFO  | SCMAudit | user=jenkins1000 | ip=192.168.151.119 | op=SEND_HEARTBEAT {datanodeUUID=10741cbd-d620-4a9b-9e67-51db8a2e0e6a, command=[]} | ret=SUCCESS |  
2019-09-20 09:34:28,839 | INFO  | SCMAudit | user=jenkins1000 | ip=192.168.151.119 | op=SEND_HEARTBEAT {datanodeUUID=d4fa05df-3099-4015-ad0e-4200365d2035, command=[]} | ret=SUCCESS |  
2019-09-20 09:34:28,995 | INFO  | SCMAudit | user=jenkins1000 | ip=192.168.151.119 | op=SEND_HEARTBEAT {datanodeUUID=86933813-1e1e-464a-ae0f-2ef91831d02b, command=[]} | ret=SUCCESS |  
2019-09-20 09:34:29,402 | INFO  | SCMAudit | user=jenkins1000 | ip=192.168.151.119 | op=SEND_HEARTBEAT {datanodeUUID=ba1e65fe-7169-476d-a778-4df70d7cdd6e, command=[]} | ret=SUCCESS |  
2019-09-20 09:34:29,468 | INFO  | SCMAudit | user=jenkins1000 | ip=192.168.151.119 | op=SEND_HEARTBEAT {datanodeUUID=37b777df-de08-4da5-9630-325a3e0e88a6, command=[]} | ret=SUCCESS |  
2019-09-20 09:34:29,506 | INFO  | SCMAudit | user=jenkins1000 | ip=192.168.151.119 | op=SEND_HEARTBEAT {datanodeUUID=d072c18a-1b53-41d5-bae5-b82be0790279, command=[]} | ret=SUCCESS |  
2019-09-20 09:34:29,508 | INFO  | SCMAudit | user=jenkins1000 | ip=192.168.151.119 | op=SEND_HEARTBEAT {datanodeUUID=4d6fff4c-5cb6-40a3-b677-a76fbdc0054d, command=[]} | ret=SUCCESS |  
2019-09-20 09:34:29,599 | INFO  | SCMAudit | user=jenkins1000 | ip=192.168.151.119 | op=SEND_HEARTBEAT {datanodeUUID=10741cbd-d620-4a9b-9e67-51db8a2e0e6a, command=[]} | ret=SUCCESS |  
2019-09-20 09:34:29,840 | INFO  | SCMAudit | user=jenkins1000 | ip=192.168.151.119 | op=SEND_HEARTBEAT {datanodeUUID=d4fa05df-3099-4015-ad0e-4200365d2035, command=[]} | ret=SUCCESS |  
2019-09-20 09:34:29,996 | INFO  | SCMAudit | user=jenkins1000 | ip=192.168.151.119 | op=SEND_HEARTBEAT {datanodeUUID=86933813-1e1e-464a-ae0f-2ef91831d02b, command=[]} | ret=SUCCESS |  
2019-09-20 09:34:30,038 [grpc-default-executor-0] INFO  client.GrpcClientProtocolClient (GrpcClientProtocolClient.java:onNext(255)) - client-05D5A58C38F8->4d6fff4c-5cb6-40a3-b677-a76fbdc0054d: receive RaftClientReply:client-05D5A58C38F8->4d6fff4c-5cb6-40a3-b677-a76fbdc0054d@group-13440712A48A, cid=45, FAILED org.apache.ratis.protocol.NotLeaderException: Server 4d6fff4c-5cb6-40a3-b677-a76fbdc0054d is not the leader (37b777df-de08-4da5-9630-325a3e0e88a6:192.168.151.119:35524). Request must be sent to leader., logIndex=0, commits[4d6fff4c-5cb6-40a3-b677-a76fbdc0054d:c8, d072c18a-1b53-41d5-bae5-b82be0790279:c8, 37b777df-de08-4da5-9630-325a3e0e88a6:c8]
2019-09-20 09:34:30,403 | INFO  | SCMAudit | user=jenkins1000 | ip=192.168.151.119 | op=SEND_HEARTBEAT {datanodeUUID=ba1e65fe-7169-476d-a778-4df70d7cdd6e, command=[]} | ret=SUCCESS |  
2019-09-20 09:34:30,467 | INFO  | SCMAudit | user=jenkins1000 | ip=192.168.151.119 | op=SEND_HEARTBEAT {datanodeUUID=37b777df-de08-4da5-9630-325a3e0e88a6, command=[]} | ret=SUCCESS |  
2019-09-20 09:34:30,506 | INFO  | SCMAudit | user=jenkins1000 | ip=192.168.151.119 | op=SEND_HEARTBEAT {datanodeUUID=d072c18a-1b53-41d5-bae5-b82be0790279, command=[]} | ret=SUCCESS |  
2019-09-20 09:34:30,508 | INFO  | SCMAudit | user=jenkins1000 | ip=192.168.151.119 | op=SEND_HEARTBEAT {datanodeUUID=4d6fff4c-5cb6-40a3-b677-a76fbdc0054d, command=[]} | ret=SUCCESS |  
2019-09-20 09:34:30,600 | INFO  | SCMAudit | user=jenkins1000 | ip=192.168.151.119 | op=SEND_HEARTBEAT {datanodeUUID=10741cbd-d620-4a9b-9e67-51db8a2e0e6a, command=[]} | ret=SUCCESS |  
2019-09-20 09:34:30,840 | INFO  | SCMAudit | user=jenkins1000 | ip=192.168.151.119 | op=SEND_HEARTBEAT {datanodeUUID=d4fa05df-3099-4015-ad0e-4200365d2035, command=[]} | ret=SUCCESS |  
2019-09-20 09:34:30,996 | INFO  | SCMAudit | user=jenkins1000 | ip=192.168.151.119 | op=SEND_HEARTBEAT {datanodeUUID=86933813-1e1e-464a-ae0f-2ef91831d02b, command=[]} | ret=SUCCESS |  
2019-09-20 09:34:31,403 | INFO  | SCMAudit | user=jenkins1000 | ip=192.168.151.119 | op=SEND_HEARTBEAT {datanodeUUID=ba1e65fe-7169-476d-a778-4df70d7cdd6e, command=[]} | ret=SUCCESS |  
2019-09-20 09:34:31,468 | INFO  | SCMAudit | user=jenkins1000 | ip=192.168.151.119 | op=SEND_HEARTBEAT {datanodeUUID=37b777df-de08-4da5-9630-325a3e0e88a6, command=[]} | ret=SUCCESS |  
2019-09-20 09:34:31,506 | INFO  | SCMAudit | user=jenkins1000 | ip=192.168.151.119 | op=SEND_HEARTBEAT {datanodeUUID=d072c18a-1b53-41d5-bae5-b82be0790279, command=[]} | ret=SUCCESS |  
2019-09-20 09:34:31,508 | INFO  | SCMAudit | user=jenkins1000 | ip=192.168.151.119 | op=SEND_HEARTBEAT {datanodeUUID=4d6fff4c-5cb6-40a3-b677-a76fbdc0054d, command=[]} | ret=SUCCESS |  
2019-09-20 09:34:31,600 | INFO  | SCMAudit | user=jenkins1000 | ip=192.168.151.119 | op=SEND_HEARTBEAT {datanodeUUID=10741cbd-d620-4a9b-9e67-51db8a2e0e6a, command=[]} | ret=SUCCESS |  
2019-09-20 09:34:31,840 | INFO  | SCMAudit | user=jenkins1000 | ip=192.168.151.119 | op=SEND_HEARTBEAT {datanodeUUID=d4fa05df-3099-4015-ad0e-4200365d2035, command=[]} | ret=SUCCESS |  
2019-09-20 09:34:31,995 | INFO  | SCMAudit | user=jenkins1000 | ip=192.168.151.119 | op=SEND_HEARTBEAT {datanodeUUID=86933813-1e1e-464a-ae0f-2ef91831d02b, command=[]} | ret=SUCCESS |  
2019-09-20 09:34:32,403 | INFO  | SCMAudit | user=jenkins1000 | ip=192.168.151.119 | op=SEND_HEARTBEAT {datanodeUUID=ba1e65fe-7169-476d-a778-4df70d7cdd6e, command=[]} | ret=SUCCESS |  
2019-09-20 09:34:32,468 | INFO  | SCMAudit | user=jenkins1000 | ip=192.168.151.119 | op=SEND_HEARTBEAT {datanodeUUID=37b777df-de08-4da5-9630-325a3e0e88a6, command=[]} | ret=SUCCESS |  
2019-09-20 09:34:32,506 | INFO  | SCMAudit | user=jenkins1000 | ip=192.168.151.119 | op=SEND_HEARTBEAT {datanodeUUID=d072c18a-1b53-41d5-bae5-b82be0790279, command=[]} | ret=SUCCESS |  
2019-09-20 09:34:32,508 | INFO  | SCMAudit | user=jenkins1000 | ip=192.168.151.119 | op=SEND_HEARTBEAT {datanodeUUID=4d6fff4c-5cb6-40a3-b677-a76fbdc0054d, command=[]} | ret=SUCCESS |  
2019-09-20 09:34:32,600 | INFO  | SCMAudit | user=jenkins1000 | ip=192.168.151.119 | op=SEND_HEARTBEAT {datanodeUUID=10741cbd-d620-4a9b-9e67-51db8a2e0e6a, command=[]} | ret=SUCCESS |  
2019-09-20 09:34:32,841 | INFO  | SCMAudit | user=jenkins1000 | ip=192.168.151.119 | op=SEND_HEARTBEAT {datanodeUUID=d4fa05df-3099-4015-ad0e-4200365d2035, command=[]} | ret=SUCCESS |  
2019-09-20 09:34:32,995 | INFO  | SCMAudit | user=jenkins1000 | ip=192.168.151.119 | op=SEND_HEARTBEAT {datanodeUUID=86933813-1e1e-464a-ae0f-2ef91831d02b, command=[]} | ret=SUCCESS |  
2019-09-20 09:34:33,404 | INFO  | SCMAudit | user=jenkins1000 | ip=192.168.151.119 | op=SEND_HEARTBEAT {datanodeUUID=ba1e65fe-7169-476d-a778-4df70d7cdd6e, command=[]} | ret=SUCCESS |  
2019-09-20 09:34:33,468 | INFO  | SCMAudit | user=jenkins1000 | ip=192.168.151.119 | op=SEND_HEARTBEAT {datanodeUUID=37b777df-de08-4da5-9630-325a3e0e88a6, command=[]} | ret=SUCCESS |  
2019-09-20 09:34:33,507 | INFO  | SCMAudit | user=jenkins1000 | ip=192.168.151.119 | op=SEND_HEARTBEAT {datanodeUUID=d072c18a-1b53-41d5-bae5-b82be0790279, command=[]} | ret=SUCCESS |  
2019-09-20 09:34:33,508 | INFO  | SCMAudit | user=jenkins1000 | ip=192.168.151.119 | op=SEND_HEARTBEAT {datanodeUUID=4d6fff4c-5cb6-40a3-b677-a76fbdc0054d, command=[]} | ret=SUCCESS |  
2019-09-20 09:34:33,601 | INFO  | SCMAudit | user=jenkins1000 | ip=192.168.151.119 | op=SEND_HEARTBEAT {datanodeUUID=10741cbd-d620-4a9b-9e67-51db8a2e0e6a, command=[]} | ret=SUCCESS |  
2019-09-20 09:34:33,841 | INFO  | SCMAudit | user=jenkins1000 | ip=192.168.151.119 | op=SEND_HEARTBEAT {datanodeUUID=d4fa05df-3099-4015-ad0e-4200365d2035, command=[]} | ret=SUCCESS |  
2019-09-20 09:34:33,996 | INFO  | SCMAudit | user=jenkins1000 | ip=192.168.151.119 | op=SEND_HEARTBEAT {datanodeUUID=86933813-1e1e-464a-ae0f-2ef91831d02b, command=[]} | ret=SUCCESS |  
2019-09-20 09:34:34,403 | INFO  | SCMAudit | user=jenkins1000 | ip=192.168.151.119 | op=SEND_HEARTBEAT {datanodeUUID=ba1e65fe-7169-476d-a778-4df70d7cdd6e, command=[]} | ret=SUCCESS |  
2019-09-20 09:34:34,468 | INFO  | SCMAudit | user=jenkins1000 | ip=192.168.151.119 | op=SEND_HEARTBEAT {datanodeUUID=37b777df-de08-4da5-9630-325a3e0e88a6, command=[]} | ret=SUCCESS |  
2019-09-20 09:34:34,507 | INFO  | SCMAudit | user=jenkins1000 | ip=192.168.151.119 | op=SEND_HEARTBEAT {datanodeUUID=d072c18a-1b53-41d5-bae5-b82be0790279, command=[]} | ret=SUCCESS |  
2019-09-20 09:34:34,508 | INFO  | SCMAudit | user=jenkins1000 | ip=192.168.151.119 | op=SEND_HEARTBEAT {datanodeUUID=4d6fff4c-5cb6-40a3-b677-a76fbdc0054d, command=[]} | ret=SUCCESS |  
2019-09-20 09:34:34,601 | INFO  | SCMAudit | user=jenkins1000 | ip=192.168.151.119 | op=SEND_HEARTBEAT {datanodeUUID=10741cbd-d620-4a9b-9e67-51db8a2e0e6a, command=[]} | ret=SUCCESS |  
2019-09-20 09:34:34,841 | INFO  | SCMAudit | user=jenkins1000 | ip=192.168.151.119 | op=SEND_HEARTBEAT {datanodeUUID=d4fa05df-3099-4015-ad0e-4200365d2035, command=[]} | ret=SUCCESS |  
2019-09-20 09:34:34,996 | INFO  | SCMAudit | user=jenkins1000 | ip=192.168.151.119 | op=SEND_HEARTBEAT {datanodeUUID=86933813-1e1e-464a-ae0f-2ef91831d02b, command=[]} | ret=SUCCESS |  
2019-09-20 09:34:35,077 [grpc-default-executor-0] INFO  client.GrpcClientProtocolClient (GrpcClientProtocolClient.java:onNext(255)) - client-05D5A58C38F8->d072c18a-1b53-41d5-bae5-b82be0790279: receive RaftClientReply:client-05D5A58C38F8->d072c18a-1b53-41d5-bae5-b82be0790279@group-13440712A48A, cid=45, FAILED org.apache.ratis.protocol.NotLeaderException: Server d072c18a-1b53-41d5-bae5-b82be0790279 is not the leader (37b777df-de08-4da5-9630-325a3e0e88a6:192.168.151.119:35524). Request must be sent to leader., logIndex=0, commits[d072c18a-1b53-41d5-bae5-b82be0790279:c8, 37b777df-de08-4da5-9630-325a3e0e88a6:c8, 4d6fff4c-5cb6-40a3-b677-a76fbdc0054d:c8]
2019-09-20 09:34:35,404 | INFO  | SCMAudit | user=jenkins1000 | ip=192.168.151.119 | op=SEND_HEARTBEAT {datanodeUUID=ba1e65fe-7169-476d-a778-4df70d7cdd6e, command=[]} | ret=SUCCESS |  
2019-09-20 09:34:35,469 | INFO  | SCMAudit | user=jenkins1000 | ip=192.168.151.119 | op=SEND_HEARTBEAT {datanodeUUID=37b777df-de08-4da5-9630-325a3e0e88a6, command=[]} | ret=SUCCESS |  
2019-09-20 09:34:35,507 | INFO  | SCMAudit | user=jenkins1000 | ip=192.168.151.119 | op=SEND_HEARTBEAT {datanodeUUID=d072c18a-1b53-41d5-bae5-b82be0790279, command=[]} | ret=SUCCESS |  
2019-09-20 09:34:35,508 | INFO  | SCMAudit | user=jenkins1000 | ip=192.168.151.119 | op=SEND_HEARTBEAT {datanodeUUID=4d6fff4c-5cb6-40a3-b677-a76fbdc0054d, command=[]} | ret=SUCCESS |  
2019-09-20 09:34:35,601 | INFO  | SCMAudit | user=jenkins1000 | ip=192.168.151.119 | op=SEND_HEARTBEAT {datanodeUUID=10741cbd-d620-4a9b-9e67-51db8a2e0e6a, command=[]} | ret=SUCCESS |  
2019-09-20 09:34:35,840 | INFO  | SCMAudit | user=jenkins1000 | ip=192.168.151.119 | op=SEND_HEARTBEAT {datanodeUUID=d4fa05df-3099-4015-ad0e-4200365d2035, command=[]} | ret=SUCCESS |  
2019-09-20 09:34:35,995 | INFO  | SCMAudit | user=jenkins1000 | ip=192.168.151.119 | op=SEND_HEARTBEAT {datanodeUUID=86933813-1e1e-464a-ae0f-2ef91831d02b, command=[]} | ret=SUCCESS |  
2019-09-20 09:34:36,403 | INFO  | SCMAudit | user=jenkins1000 | ip=192.168.151.119 | op=SEND_HEARTBEAT {datanodeUUID=ba1e65fe-7169-476d-a778-4df70d7cdd6e, command=[]} | ret=SUCCESS |  
2019-09-20 09:34:36,469 | INFO  | SCMAudit | user=jenkins1000 | ip=192.168.151.119 | op=SEND_HEARTBEAT {datanodeUUID=37b777df-de08-4da5-9630-325a3e0e88a6, command=[]} | ret=SUCCESS |  
2019-09-20 09:34:36,508 | INFO  | SCMAudit | user=jenkins1000 | ip=192.168.151.119 | op=SEND_HEARTBEAT {datanodeUUID=d072c18a-1b53-41d5-bae5-b82be0790279, command=[]} | ret=SUCCESS |  
2019-09-20 09:34:36,508 | INFO  | SCMAudit | user=jenkins1000 | ip=192.168.151.119 | op=SEND_HEARTBEAT {datanodeUUID=4d6fff4c-5cb6-40a3-b677-a76fbdc0054d, command=[]} | ret=SUCCESS |  
2019-09-20 09:34:36,601 | INFO  | SCMAudit | user=jenkins1000 | ip=192.168.151.119 | op=SEND_HEARTBEAT {datanodeUUID=10741cbd-d620-4a9b-9e67-51db8a2e0e6a, command=[]} | ret=SUCCESS |  
2019-09-20 09:34:36,840 | INFO  | SCMAudit | user=jenkins1000 | ip=192.168.151.119 | op=SEND_HEARTBEAT {datanodeUUID=d4fa05df-3099-4015-ad0e-4200365d2035, command=[]} | ret=SUCCESS |  
2019-09-20 09:34:36,995 | INFO  | SCMAudit | user=jenkins1000 | ip=192.168.151.119 | op=SEND_HEARTBEAT {datanodeUUID=86933813-1e1e-464a-ae0f-2ef91831d02b, command=[]} | ret=SUCCESS |  
2019-09-20 09:34:37,404 | INFO  | SCMAudit | user=jenkins1000 | ip=192.168.151.119 | op=SEND_HEARTBEAT {datanodeUUID=ba1e65fe-7169-476d-a778-4df70d7cdd6e, command=[]} | ret=SUCCESS |  
2019-09-20 09:34:37,468 | INFO  | SCMAudit | user=jenkins1000 | ip=192.168.151.119 | op=SEND_HEARTBEAT {datanodeUUID=37b777df-de08-4da5-9630-325a3e0e88a6, command=[]} | ret=SUCCESS |  
2019-09-20 09:34:37,508 | INFO  | SCMAudit | user=jenkins1000 | ip=192.168.151.119 | op=SEND_HEARTBEAT {datanodeUUID=d072c18a-1b53-41d5-bae5-b82be0790279, command=[]} | ret=SUCCESS |  
2019-09-20 09:34:37,508 | INFO  | SCMAudit | user=jenkins1000 | ip=192.168.151.119 | op=SEND_HEARTBEAT {datanodeUUID=4d6fff4c-5cb6-40a3-b677-a76fbdc0054d, command=[]} | ret=SUCCESS |  
2019-09-20 09:34:37,602 | INFO  | SCMAudit | user=jenkins1000 | ip=192.168.151.119 | op=SEND_HEARTBEAT {datanodeUUID=10741cbd-d620-4a9b-9e67-51db8a2e0e6a, command=[]} | ret=SUCCESS |  
2019-09-20 09:34:37,841 | INFO  | SCMAudit | user=jenkins1000 | ip=192.168.151.119 | op=SEND_HEARTBEAT {datanodeUUID=d4fa05df-3099-4015-ad0e-4200365d2035, command=[]} | ret=SUCCESS |  
2019-09-20 09:34:37,996 | INFO  | SCMAudit | user=jenkins1000 | ip=192.168.151.119 | op=SEND_HEARTBEAT {datanodeUUID=86933813-1e1e-464a-ae0f-2ef91831d02b, command=[]} | ret=SUCCESS |  
2019-09-20 09:34:38,404 | INFO  | SCMAudit | user=jenkins1000 | ip=192.168.151.119 | op=SEND_HEARTBEAT {datanodeUUID=ba1e65fe-7169-476d-a778-4df70d7cdd6e, command=[]} | ret=SUCCESS |  
2019-09-20 09:34:38,469 | INFO  | SCMAudit | user=jenkins1000 | ip=192.168.151.119 | op=SEND_HEARTBEAT {datanodeUUID=37b777df-de08-4da5-9630-325a3e0e88a6, command=[]} | ret=SUCCESS |  
2019-09-20 09:34:38,508 | INFO  | SCMAudit | user=jenkins1000 | ip=192.168.151.119 | op=SEND_HEARTBEAT {datanodeUUID=4d6fff4c-5cb6-40a3-b677-a76fbdc0054d, command=[]} | ret=SUCCESS |  
2019-09-20 09:34:38,508 | INFO  | SCMAudit | user=jenkins1000 | ip=192.168.151.119 | op=SEND_HEARTBEAT {datanodeUUID=d072c18a-1b53-41d5-bae5-b82be0790279, command=[]} | ret=SUCCESS |  
2019-09-20 09:34:38,602 | INFO  | SCMAudit | user=jenkins1000 | ip=192.168.151.119 | op=SEND_HEARTBEAT {datanodeUUID=10741cbd-d620-4a9b-9e67-51db8a2e0e6a, command=[]} | ret=SUCCESS |  
2019-09-20 09:34:38,841 | INFO  | SCMAudit | user=jenkins1000 | ip=192.168.151.119 | op=SEND_HEARTBEAT {datanodeUUID=d4fa05df-3099-4015-ad0e-4200365d2035, command=[]} | ret=SUCCESS |  
2019-09-20 09:34:38,996 | INFO  | SCMAudit | user=jenkins1000 | ip=192.168.151.119 | op=SEND_HEARTBEAT {datanodeUUID=86933813-1e1e-464a-ae0f-2ef91831d02b, command=[]} | ret=SUCCESS |  
2019-09-20 09:34:39,405 | INFO  | SCMAudit | user=jenkins1000 | ip=192.168.151.119 | op=SEND_HEARTBEAT {datanodeUUID=ba1e65fe-7169-476d-a778-4df70d7cdd6e, command=[]} | ret=SUCCESS |  
2019-09-20 09:34:39,468 | INFO  | SCMAudit | user=jenkins1000 | ip=192.168.151.119 | op=SEND_HEARTBEAT {datanodeUUID=37b777df-de08-4da5-9630-325a3e0e88a6, command=[]} | ret=SUCCESS |  
2019-09-20 09:34:39,509 | INFO  | SCMAudit | user=jenkins1000 | ip=192.168.151.119 | op=SEND_HEARTBEAT {datanodeUUID=4d6fff4c-5cb6-40a3-b677-a76fbdc0054d, command=[]} | ret=SUCCESS |  
2019-09-20 09:34:39,509 | INFO  | SCMAudit | user=jenkins1000 | ip=192.168.151.119 | op=SEND_HEARTBEAT {datanodeUUID=d072c18a-1b53-41d5-bae5-b82be0790279, command=[]} | ret=SUCCESS |  
2019-09-20 09:34:39,602 | INFO  | SCMAudit | user=jenkins1000 | ip=192.168.151.119 | op=SEND_HEARTBEAT {datanodeUUID=10741cbd-d620-4a9b-9e67-51db8a2e0e6a, command=[]} | ret=SUCCESS |  
2019-09-20 09:34:39,841 | INFO  | SCMAudit | user=jenkins1000 | ip=192.168.151.119 | op=SEND_HEARTBEAT {datanodeUUID=d4fa05df-3099-4015-ad0e-4200365d2035, command=[]} | ret=SUCCESS |  
2019-09-20 09:34:39,996 | INFO  | SCMAudit | user=jenkins1000 | ip=192.168.151.119 | op=SEND_HEARTBEAT {datanodeUUID=86933813-1e1e-464a-ae0f-2ef91831d02b, command=[]} | ret=SUCCESS |  
2019-09-20 09:34:40,123 [grpc-default-executor-5] INFO  client.GrpcClientProtocolClient (GrpcClientProtocolClient.java:onNext(255)) - client-05D5A58C38F8->4d6fff4c-5cb6-40a3-b677-a76fbdc0054d: receive RaftClientReply:client-05D5A58C38F8->4d6fff4c-5cb6-40a3-b677-a76fbdc0054d@group-13440712A48A, cid=45, FAILED org.apache.ratis.protocol.NotLeaderException: Server 4d6fff4c-5cb6-40a3-b677-a76fbdc0054d is not the leader (37b777df-de08-4da5-9630-325a3e0e88a6:192.168.151.119:35524). Request must be sent to leader., logIndex=0, commits[4d6fff4c-5cb6-40a3-b677-a76fbdc0054d:c8, d072c18a-1b53-41d5-bae5-b82be0790279:c8, 37b777df-de08-4da5-9630-325a3e0e88a6:c8]
2019-09-20 09:34:40,407 | INFO  | SCMAudit | user=jenkins1000 | ip=192.168.151.119 | op=SEND_HEARTBEAT {datanodeUUID=ba1e65fe-7169-476d-a778-4df70d7cdd6e, command=[]} | ret=SUCCESS |  
2019-09-20 09:34:40,468 | INFO  | SCMAudit | user=jenkins1000 | ip=192.168.151.119 | op=SEND_HEARTBEAT {datanodeUUID=37b777df-de08-4da5-9630-325a3e0e88a6, command=[]} | ret=SUCCESS |  
2019-09-20 09:34:40,509 | INFO  | SCMAudit | user=jenkins1000 | ip=192.168.151.119 | op=SEND_HEARTBEAT {datanodeUUID=4d6fff4c-5cb6-40a3-b677-a76fbdc0054d, command=[]} | ret=SUCCESS |  
2019-09-20 09:34:40,509 | INFO  | SCMAudit | user=jenkins1000 | ip=192.168.151.119 | op=SEND_HEARTBEAT {datanodeUUID=d072c18a-1b53-41d5-bae5-b82be0790279, command=[]} | ret=SUCCESS |  
2019-09-20 09:34:40,602 | INFO  | SCMAudit | user=jenkins1000 | ip=192.168.151.119 | op=SEND_HEARTBEAT {datanodeUUID=10741cbd-d620-4a9b-9e67-51db8a2e0e6a, command=[]} | ret=SUCCESS |  
2019-09-20 09:34:40,842 | INFO  | SCMAudit | user=jenkins1000 | ip=192.168.151.119 | op=SEND_HEARTBEAT {datanodeUUID=d4fa05df-3099-4015-ad0e-4200365d2035, command=[]} | ret=SUCCESS |  
2019-09-20 09:34:40,996 | INFO  | SCMAudit | user=jenkins1000 | ip=192.168.151.119 | op=SEND_HEARTBEAT {datanodeUUID=86933813-1e1e-464a-ae0f-2ef91831d02b, command=[]} | ret=SUCCESS |  
2019-09-20 09:34:41,405 | INFO  | SCMAudit | user=jenkins1000 | ip=192.168.151.119 | op=SEND_HEARTBEAT {datanodeUUID=ba1e65fe-7169-476d-a778-4df70d7cdd6e, command=[]} | ret=SUCCESS |  
2019-09-20 09:34:41,469 | INFO  | SCMAudit | user=jenkins1000 | ip=192.168.151.119 | op=SEND_HEARTBEAT {datanodeUUID=37b777df-de08-4da5-9630-325a3e0e88a6, command=[]} | ret=SUCCESS |  
2019-09-20 09:34:41,509 | INFO  | SCMAudit | user=jenkins1000 | ip=192.168.151.119 | op=SEND_HEARTBEAT {datanodeUUID=4d6fff4c-5cb6-40a3-b677-a76fbdc0054d, command=[]} | ret=SUCCESS |  
2019-09-20 09:34:41,509 | INFO  | SCMAudit | user=jenkins1000 | ip=192.168.151.119 | op=SEND_HEARTBEAT {datanodeUUID=d072c18a-1b53-41d5-bae5-b82be0790279, command=[]} | ret=SUCCESS |  
2019-09-20 09:34:41,603 | INFO  | SCMAudit | user=jenkins1000 | ip=192.168.151.119 | op=SEND_HEARTBEAT {datanodeUUID=10741cbd-d620-4a9b-9e67-51db8a2e0e6a, command=[]} | ret=SUCCESS |  
2019-09-20 09:34:41,841 | INFO  | SCMAudit | user=jenkins1000 | ip=192.168.151.119 | op=SEND_HEARTBEAT {datanodeUUID=d4fa05df-3099-4015-ad0e-4200365d2035, command=[]} | ret=SUCCESS |  
2019-09-20 09:34:41,997 | INFO  | SCMAudit | user=jenkins1000 | ip=192.168.151.119 | op=SEND_HEARTBEAT {datanodeUUID=86933813-1e1e-464a-ae0f-2ef91831d02b, command=[]} | ret=SUCCESS |  
2019-09-20 09:34:42,406 | INFO  | SCMAudit | user=jenkins1000 | ip=192.168.151.119 | op=SEND_HEARTBEAT {datanodeUUID=ba1e65fe-7169-476d-a778-4df70d7cdd6e, command=[]} | ret=SUCCESS |  
2019-09-20 09:34:42,468 | INFO  | SCMAudit | user=jenkins1000 | ip=192.168.151.119 | op=SEND_HEARTBEAT {datanodeUUID=37b777df-de08-4da5-9630-325a3e0e88a6, command=[]} | ret=SUCCESS |  
2019-09-20 09:34:42,509 | INFO  | SCMAudit | user=jenkins1000 | ip=192.168.151.119 | op=SEND_HEARTBEAT {datanodeUUID=d072c18a-1b53-41d5-bae5-b82be0790279, command=[]} | ret=SUCCESS |  
2019-09-20 09:34:42,509 | INFO  | SCMAudit | user=jenkins1000 | ip=192.168.151.119 | op=SEND_HEARTBEAT {datanodeUUID=4d6fff4c-5cb6-40a3-b677-a76fbdc0054d, command=[]} | ret=SUCCESS |  
2019-09-20 09:34:42,603 | INFO  | SCMAudit | user=jenkins1000 | ip=192.168.151.119 | op=SEND_HEARTBEAT {datanodeUUID=10741cbd-d620-4a9b-9e67-51db8a2e0e6a, command=[]} | ret=SUCCESS |  
2019-09-20 09:34:42,841 | INFO  | SCMAudit | user=jenkins1000 | ip=192.168.151.119 | op=SEND_HEARTBEAT {datanodeUUID=d4fa05df-3099-4015-ad0e-4200365d2035, command=[]} | ret=SUCCESS |  
2019-09-20 09:34:42,996 | INFO  | SCMAudit | user=jenkins1000 | ip=192.168.151.119 | op=SEND_HEARTBEAT {datanodeUUID=86933813-1e1e-464a-ae0f-2ef91831d02b, command=[]} | ret=SUCCESS |  
2019-09-20 09:34:43,406 | INFO  | SCMAudit | user=jenkins1000 | ip=192.168.151.119 | op=SEND_HEARTBEAT {datanodeUUID=ba1e65fe-7169-476d-a778-4df70d7cdd6e, command=[]} | ret=SUCCESS |  
2019-09-20 09:34:43,469 | INFO  | SCMAudit | user=jenkins1000 | ip=192.168.151.119 | op=SEND_HEARTBEAT {datanodeUUID=37b777df-de08-4da5-9630-325a3e0e88a6, command=[]} | ret=SUCCESS |  
2019-09-20 09:34:43,509 | INFO  | SCMAudit | user=jenkins1000 | ip=192.168.151.119 | op=SEND_HEARTBEAT {datanodeUUID=d072c18a-1b53-41d5-bae5-b82be0790279, command=[]} | ret=SUCCESS |  
2019-09-20 09:34:43,509 | INFO  | SCMAudit | user=jenkins1000 | ip=192.168.151.119 | op=SEND_HEARTBEAT {datanodeUUID=4d6fff4c-5cb6-40a3-b677-a76fbdc0054d, command=[]} | ret=SUCCESS |  
2019-09-20 09:34:43,603 | INFO  | SCMAudit | user=jenkins1000 | ip=192.168.151.119 | op=SEND_HEARTBEAT {datanodeUUID=10741cbd-d620-4a9b-9e67-51db8a2e0e6a, command=[]} | ret=SUCCESS |  
2019-09-20 09:34:43,842 | INFO  | SCMAudit | user=jenkins1000 | ip=192.168.151.119 | op=SEND_HEARTBEAT {datanodeUUID=d4fa05df-3099-4015-ad0e-4200365d2035, command=[]} | ret=SUCCESS |  
2019-09-20 09:34:43,996 | INFO  | SCMAudit | user=jenkins1000 | ip=192.168.151.119 | op=SEND_HEARTBEAT {datanodeUUID=86933813-1e1e-464a-ae0f-2ef91831d02b, command=[]} | ret=SUCCESS |  
2019-09-20 09:34:44,405 | INFO  | SCMAudit | user=jenkins1000 | ip=192.168.151.119 | op=SEND_HEARTBEAT {datanodeUUID=ba1e65fe-7169-476d-a778-4df70d7cdd6e, command=[]} | ret=SUCCESS |  
2019-09-20 09:34:44,469 | INFO  | SCMAudit | user=jenkins1000 | ip=192.168.151.119 | op=SEND_HEARTBEAT {datanodeUUID=37b777df-de08-4da5-9630-325a3e0e88a6, command=[]} | ret=SUCCESS |  
2019-09-20 09:34:44,509 | INFO  | SCMAudit | user=jenkins1000 | ip=192.168.151.119 | op=SEND_HEARTBEAT {datanodeUUID=d072c18a-1b53-41d5-bae5-b82be0790279, command=[]} | ret=SUCCESS |  
2019-09-20 09:34:44,509 | INFO  | SCMAudit | user=jenkins1000 | ip=192.168.151.119 | op=SEND_HEARTBEAT {datanodeUUID=4d6fff4c-5cb6-40a3-b677-a76fbdc0054d, command=[]} | ret=SUCCESS |  
2019-09-20 09:34:44,603 | INFO  | SCMAudit | user=jenkins1000 | ip=192.168.151.119 | op=SEND_HEARTBEAT {datanodeUUID=10741cbd-d620-4a9b-9e67-51db8a2e0e6a, command=[]} | ret=SUCCESS |  
2019-09-20 09:34:44,842 | INFO  | SCMAudit | user=jenkins1000 | ip=192.168.151.119 | op=SEND_HEARTBEAT {datanodeUUID=d4fa05df-3099-4015-ad0e-4200365d2035, command=[]} | ret=SUCCESS |  
2019-09-20 09:34:44,997 | INFO  | SCMAudit | user=jenkins1000 | ip=192.168.151.119 | op=SEND_HEARTBEAT {datanodeUUID=86933813-1e1e-464a-ae0f-2ef91831d02b, command=[]} | ret=SUCCESS |  
2019-09-20 09:34:45,161 [grpc-default-executor-5] INFO  client.GrpcClientProtocolClient (GrpcClientProtocolClient.java:onNext(255)) - client-05D5A58C38F8->4d6fff4c-5cb6-40a3-b677-a76fbdc0054d: receive RaftClientReply:client-05D5A58C38F8->4d6fff4c-5cb6-40a3-b677-a76fbdc0054d@group-13440712A48A, cid=45, FAILED org.apache.ratis.protocol.NotLeaderException: Server 4d6fff4c-5cb6-40a3-b677-a76fbdc0054d is not the leader (37b777df-de08-4da5-9630-325a3e0e88a6:192.168.151.119:35524). Request must be sent to leader., logIndex=0, commits[4d6fff4c-5cb6-40a3-b677-a76fbdc0054d:c8, d072c18a-1b53-41d5-bae5-b82be0790279:c8, 37b777df-de08-4da5-9630-325a3e0e88a6:c8]
2019-09-20 09:34:45,405 | INFO  | SCMAudit | user=jenkins1000 | ip=192.168.151.119 | op=SEND_HEARTBEAT {datanodeUUID=ba1e65fe-7169-476d-a778-4df70d7cdd6e, command=[]} | ret=SUCCESS |  
2019-09-20 09:34:45,468 | INFO  | SCMAudit | user=jenkins1000 | ip=192.168.151.119 | op=SEND_HEARTBEAT {datanodeUUID=37b777df-de08-4da5-9630-325a3e0e88a6, command=[]} | ret=SUCCESS |  
2019-09-20 09:34:45,510 | INFO  | SCMAudit | user=jenkins1000 | ip=192.168.151.119 | op=SEND_HEARTBEAT {datanodeUUID=d072c18a-1b53-41d5-bae5-b82be0790279, command=[]} | ret=SUCCESS |  
2019-09-20 09:34:45,510 | INFO  | SCMAudit | user=jenkins1000 | ip=192.168.151.119 | op=SEND_HEARTBEAT {datanodeUUID=4d6fff4c-5cb6-40a3-b677-a76fbdc0054d, command=[]} | ret=SUCCESS |  
2019-09-20 09:34:45,603 | INFO  | SCMAudit | user=jenkins1000 | ip=192.168.151.119 | op=SEND_HEARTBEAT {datanodeUUID=10741cbd-d620-4a9b-9e67-51db8a2e0e6a, command=[]} | ret=SUCCESS |  
2019-09-20 09:34:45,842 | INFO  | SCMAudit | user=jenkins1000 | ip=192.168.151.119 | op=SEND_HEARTBEAT {datanodeUUID=d4fa05df-3099-4015-ad0e-4200365d2035, command=[]} | ret=SUCCESS |  
2019-09-20 09:34:45,997 | INFO  | SCMAudit | user=jenkins1000 | ip=192.168.151.119 | op=SEND_HEARTBEAT {datanodeUUID=86933813-1e1e-464a-ae0f-2ef91831d02b, command=[]} | ret=SUCCESS |  
2019-09-20 09:34:46,406 | INFO  | SCMAudit | user=jenkins1000 | ip=192.168.151.119 | op=SEND_HEARTBEAT {datanodeUUID=ba1e65fe-7169-476d-a778-4df70d7cdd6e, command=[]} | ret=SUCCESS |  
2019-09-20 09:34:46,469 | INFO  | SCMAudit | user=jenkins1000 | ip=192.168.151.119 | op=SEND_HEARTBEAT {datanodeUUID=37b777df-de08-4da5-9630-325a3e0e88a6, command=[]} | ret=SUCCESS |  
2019-09-20 09:34:46,510 | INFO  | SCMAudit | user=jenkins1000 | ip=192.168.151.119 | op=SEND_HEARTBEAT {datanodeUUID=d072c18a-1b53-41d5-bae5-b82be0790279, command=[]} | ret=SUCCESS |  
2019-09-20 09:34:46,510 | INFO  | SCMAudit | user=jenkins1000 | ip=192.168.151.119 | op=SEND_HEARTBEAT {datanodeUUID=4d6fff4c-5cb6-40a3-b677-a76fbdc0054d, command=[]} | ret=SUCCESS |  
2019-09-20 09:34:46,603 | INFO  | SCMAudit | user=jenkins1000 | ip=192.168.151.119 | op=SEND_HEARTBEAT {datanodeUUID=10741cbd-d620-4a9b-9e67-51db8a2e0e6a, command=[]} | ret=SUCCESS |  
2019-09-20 09:34:46,842 | INFO  | SCMAudit | user=jenkins1000 | ip=192.168.151.119 | op=SEND_HEARTBEAT {datanodeUUID=d4fa05df-3099-4015-ad0e-4200365d2035, command=[]} | ret=SUCCESS |  
2019-09-20 09:34:46,996 | INFO  | SCMAudit | user=jenkins1000 | ip=192.168.151.119 | op=SEND_HEARTBEAT {datanodeUUID=86933813-1e1e-464a-ae0f-2ef91831d02b, command=[]} | ret=SUCCESS |  
2019-09-20 09:34:47,406 | INFO  | SCMAudit | user=jenkins1000 | ip=192.168.151.119 | op=SEND_HEARTBEAT {datanodeUUID=ba1e65fe-7169-476d-a778-4df70d7cdd6e, command=[]} | ret=SUCCESS |  
2019-09-20 09:34:47,469 | INFO  | SCMAudit | user=jenkins1000 | ip=192.168.151.119 | op=SEND_HEARTBEAT {datanodeUUID=37b777df-de08-4da5-9630-325a3e0e88a6, command=[]} | ret=SUCCESS |  
2019-09-20 09:34:47,510 | INFO  | SCMAudit | user=jenkins1000 | ip=192.168.151.119 | op=SEND_HEARTBEAT {datanodeUUID=d072c18a-1b53-41d5-bae5-b82be0790279, command=[]} | ret=SUCCESS |  
2019-09-20 09:34:47,510 | INFO  | SCMAudit | user=jenkins1000 | ip=192.168.151.119 | op=SEND_HEARTBEAT {datanodeUUID=4d6fff4c-5cb6-40a3-b677-a76fbdc0054d, command=[]} | ret=SUCCESS |  
2019-09-20 09:34:47,604 | INFO  | SCMAudit | user=jenkins1000 | ip=192.168.151.119 | op=SEND_HEARTBEAT {datanodeUUID=10741cbd-d620-4a9b-9e67-51db8a2e0e6a, command=[]} | ret=SUCCESS |  
2019-09-20 09:34:47,843 | INFO  | SCMAudit | user=jenkins1000 | ip=192.168.151.119 | op=SEND_HEARTBEAT {datanodeUUID=d4fa05df-3099-4015-ad0e-4200365d2035, command=[]} | ret=SUCCESS |  
2019-09-20 09:34:47,996 | INFO  | SCMAudit | user=jenkins1000 | ip=192.168.151.119 | op=SEND_HEARTBEAT {datanodeUUID=86933813-1e1e-464a-ae0f-2ef91831d02b, command=[]} | ret=SUCCESS |  
2019-09-20 09:34:48,407 | INFO  | SCMAudit | user=jenkins1000 | ip=192.168.151.119 | op=SEND_HEARTBEAT {datanodeUUID=ba1e65fe-7169-476d-a778-4df70d7cdd6e, command=[]} | ret=SUCCESS |  
2019-09-20 09:34:48,469 | INFO  | SCMAudit | user=jenkins1000 | ip=192.168.151.119 | op=SEND_HEARTBEAT {datanodeUUID=37b777df-de08-4da5-9630-325a3e0e88a6, command=[]} | ret=SUCCESS |  
2019-09-20 09:34:48,510 | INFO  | SCMAudit | user=jenkins1000 | ip=192.168.151.119 | op=SEND_HEARTBEAT {datanodeUUID=d072c18a-1b53-41d5-bae5-b82be0790279, command=[]} | ret=SUCCESS |  
2019-09-20 09:34:48,510 | INFO  | SCMAudit | user=jenkins1000 | ip=192.168.151.119 | op=SEND_HEARTBEAT {datanodeUUID=4d6fff4c-5cb6-40a3-b677-a76fbdc0054d, command=[]} | ret=SUCCESS |  
2019-09-20 09:34:48,604 | INFO  | SCMAudit | user=jenkins1000 | ip=192.168.151.119 | op=SEND_HEARTBEAT {datanodeUUID=10741cbd-d620-4a9b-9e67-51db8a2e0e6a, command=[]} | ret=SUCCESS |  
2019-09-20 09:34:48,842 | INFO  | SCMAudit | user=jenkins1000 | ip=192.168.151.119 | op=SEND_HEARTBEAT {datanodeUUID=d4fa05df-3099-4015-ad0e-4200365d2035, command=[]} | ret=SUCCESS |  
2019-09-20 09:34:48,997 | INFO  | SCMAudit | user=jenkins1000 | ip=192.168.151.119 | op=SEND_HEARTBEAT {datanodeUUID=86933813-1e1e-464a-ae0f-2ef91831d02b, command=[]} | ret=SUCCESS |  
2019-09-20 09:34:49,407 | INFO  | SCMAudit | user=jenkins1000 | ip=192.168.151.119 | op=SEND_HEARTBEAT {datanodeUUID=ba1e65fe-7169-476d-a778-4df70d7cdd6e, command=[]} | ret=SUCCESS |  
2019-09-20 09:34:49,470 | INFO  | SCMAudit | user=jenkins1000 | ip=192.168.151.119 | op=SEND_HEARTBEAT {datanodeUUID=37b777df-de08-4da5-9630-325a3e0e88a6, command=[]} | ret=SUCCESS |  
2019-09-20 09:34:49,510 | INFO  | SCMAudit | user=jenkins1000 | ip=192.168.151.119 | op=SEND_HEARTBEAT {datanodeUUID=d072c18a-1b53-41d5-bae5-b82be0790279, command=[]} | ret=SUCCESS |  
2019-09-20 09:34:49,510 | INFO  | SCMAudit | user=jenkins1000 | ip=192.168.151.119 | op=SEND_HEARTBEAT {datanodeUUID=4d6fff4c-5cb6-40a3-b677-a76fbdc0054d, command=[]} | ret=SUCCESS |  
2019-09-20 09:34:49,604 | INFO  | SCMAudit | user=jenkins1000 | ip=192.168.151.119 | op=SEND_HEARTBEAT {datanodeUUID=10741cbd-d620-4a9b-9e67-51db8a2e0e6a, command=[]} | ret=SUCCESS |  
2019-09-20 09:34:49,842 | INFO  | SCMAudit | user=jenkins1000 | ip=192.168.151.119 | op=SEND_HEARTBEAT {datanodeUUID=d4fa05df-3099-4015-ad0e-4200365d2035, command=[]} | ret=SUCCESS |  
2019-09-20 09:34:49,997 | INFO  | SCMAudit | user=jenkins1000 | ip=192.168.151.119 | op=SEND_HEARTBEAT {datanodeUUID=86933813-1e1e-464a-ae0f-2ef91831d02b, command=[]} | ret=SUCCESS |  
2019-09-20 09:34:50,199 [grpc-default-executor-0] INFO  client.GrpcClientProtocolClient (GrpcClientProtocolClient.java:onNext(255)) - client-05D5A58C38F8->4d6fff4c-5cb6-40a3-b677-a76fbdc0054d: receive RaftClientReply:client-05D5A58C38F8->4d6fff4c-5cb6-40a3-b677-a76fbdc0054d@group-13440712A48A, cid=45, FAILED org.apache.ratis.protocol.NotLeaderException: Server 4d6fff4c-5cb6-40a3-b677-a76fbdc0054d is not the leader (37b777df-de08-4da5-9630-325a3e0e88a6:192.168.151.119:35524). Request must be sent to leader., logIndex=0, commits[4d6fff4c-5cb6-40a3-b677-a76fbdc0054d:c8, d072c18a-1b53-41d5-bae5-b82be0790279:c8, 37b777df-de08-4da5-9630-325a3e0e88a6:c8]
2019-09-20 09:34:50,407 | INFO  | SCMAudit | user=jenkins1000 | ip=192.168.151.119 | op=SEND_HEARTBEAT {datanodeUUID=ba1e65fe-7169-476d-a778-4df70d7cdd6e, command=[]} | ret=SUCCESS |  
2019-09-20 09:34:50,470 | INFO  | SCMAudit | user=jenkins1000 | ip=192.168.151.119 | op=SEND_HEARTBEAT {datanodeUUID=37b777df-de08-4da5-9630-325a3e0e88a6, command=[]} | ret=SUCCESS |  
2019-09-20 09:34:50,510 | INFO  | SCMAudit | user=jenkins1000 | ip=192.168.151.119 | op=SEND_HEARTBEAT {datanodeUUID=4d6fff4c-5cb6-40a3-b677-a76fbdc0054d, command=[]} | ret=SUCCESS |  
2019-09-20 09:34:50,510 | INFO  | SCMAudit | user=jenkins1000 | ip=192.168.151.119 | op=SEND_HEARTBEAT {datanodeUUID=d072c18a-1b53-41d5-bae5-b82be0790279, command=[]} | ret=SUCCESS |  
2019-09-20 09:34:50,604 | INFO  | SCMAudit | user=jenkins1000 | ip=192.168.151.119 | op=SEND_HEARTBEAT {datanodeUUID=10741cbd-d620-4a9b-9e67-51db8a2e0e6a, command=[]} | ret=SUCCESS |  
2019-09-20 09:34:50,843 | INFO  | SCMAudit | user=jenkins1000 | ip=192.168.151.119 | op=SEND_HEARTBEAT {datanodeUUID=d4fa05df-3099-4015-ad0e-4200365d2035, command=[]} | ret=SUCCESS |  
2019-09-20 09:34:50,996 | INFO  | SCMAudit | user=jenkins1000 | ip=192.168.151.119 | op=SEND_HEARTBEAT {datanodeUUID=86933813-1e1e-464a-ae0f-2ef91831d02b, command=[]} | ret=SUCCESS |  
2019-09-20 09:34:51,407 | INFO  | SCMAudit | user=jenkins1000 | ip=192.168.151.119 | op=SEND_HEARTBEAT {datanodeUUID=ba1e65fe-7169-476d-a778-4df70d7cdd6e, command=[]} | ret=SUCCESS |  
2019-09-20 09:34:51,469 | INFO  | SCMAudit | user=jenkins1000 | ip=192.168.151.119 | op=SEND_HEARTBEAT {datanodeUUID=37b777df-de08-4da5-9630-325a3e0e88a6, command=[]} | ret=SUCCESS |  
2019-09-20 09:34:51,510 | INFO  | SCMAudit | user=jenkins1000 | ip=192.168.151.119 | op=SEND_HEARTBEAT {datanodeUUID=d072c18a-1b53-41d5-bae5-b82be0790279, command=[]} | ret=SUCCESS |  
2019-09-20 09:34:51,510 | INFO  | SCMAudit | user=jenkins1000 | ip=192.168.151.119 | op=SEND_HEARTBEAT {datanodeUUID=4d6fff4c-5cb6-40a3-b677-a76fbdc0054d, command=[]} | ret=SUCCESS |  
2019-09-20 09:34:51,605 | INFO  | SCMAudit | user=jenkins1000 | ip=192.168.151.119 | op=SEND_HEARTBEAT {datanodeUUID=10741cbd-d620-4a9b-9e67-51db8a2e0e6a, command=[]} | ret=SUCCESS |  
2019-09-20 09:34:51,843 | INFO  | SCMAudit | user=jenkins1000 | ip=192.168.151.119 | op=SEND_HEARTBEAT {datanodeUUID=d4fa05df-3099-4015-ad0e-4200365d2035, command=[]} | ret=SUCCESS |  
2019-09-20 09:34:51,996 | INFO  | SCMAudit | user=jenkins1000 | ip=192.168.151.119 | op=SEND_HEARTBEAT {datanodeUUID=86933813-1e1e-464a-ae0f-2ef91831d02b, command=[]} | ret=SUCCESS |  
2019-09-20 09:34:52,408 | INFO  | SCMAudit | user=jenkins1000 | ip=192.168.151.119 | op=SEND_HEARTBEAT {datanodeUUID=ba1e65fe-7169-476d-a778-4df70d7cdd6e, command=[]} | ret=SUCCESS |  
2019-09-20 09:34:52,470 | INFO  | SCMAudit | user=jenkins1000 | ip=192.168.151.119 | op=SEND_HEARTBEAT {datanodeUUID=37b777df-de08-4da5-9630-325a3e0e88a6, command=[]} | ret=SUCCESS |  
2019-09-20 09:34:52,511 | INFO  | SCMAudit | user=jenkins1000 | ip=192.168.151.119 | op=SEND_HEARTBEAT {datanodeUUID=d072c18a-1b53-41d5-bae5-b82be0790279, command=[]} | ret=SUCCESS |  
2019-09-20 09:34:52,511 | INFO  | SCMAudit | user=jenkins1000 | ip=192.168.151.119 | op=SEND_HEARTBEAT {datanodeUUID=4d6fff4c-5cb6-40a3-b677-a76fbdc0054d, command=[]} | ret=SUCCESS |  
2019-09-20 09:34:52,605 | INFO  | SCMAudit | user=jenkins1000 | ip=192.168.151.119 | op=SEND_HEARTBEAT {datanodeUUID=10741cbd-d620-4a9b-9e67-51db8a2e0e6a, command=[]} | ret=SUCCESS |  
2019-09-20 09:34:52,842 | INFO  | SCMAudit | user=jenkins1000 | ip=192.168.151.119 | op=SEND_HEARTBEAT {datanodeUUID=d4fa05df-3099-4015-ad0e-4200365d2035, command=[]} | ret=SUCCESS |  
2019-09-20 09:34:52,997 | INFO  | SCMAudit | user=jenkins1000 | ip=192.168.151.119 | op=SEND_HEARTBEAT {datanodeUUID=86933813-1e1e-464a-ae0f-2ef91831d02b, command=[]} | ret=SUCCESS |  
2019-09-20 09:34:53,407 | INFO  | SCMAudit | user=jenkins1000 | ip=192.168.151.119 | op=SEND_HEARTBEAT {datanodeUUID=ba1e65fe-7169-476d-a778-4df70d7cdd6e, command=[]} | ret=SUCCESS |  
2019-09-20 09:34:53,470 | INFO  | SCMAudit | user=jenkins1000 | ip=192.168.151.119 | op=SEND_HEARTBEAT {datanodeUUID=37b777df-de08-4da5-9630-325a3e0e88a6, command=[]} | ret=SUCCESS |  
2019-09-20 09:34:53,511 | INFO  | SCMAudit | user=jenkins1000 | ip=192.168.151.119 | op=SEND_HEARTBEAT {datanodeUUID=d072c18a-1b53-41d5-bae5-b82be0790279, command=[]} | ret=SUCCESS |  
2019-09-20 09:34:53,511 | INFO  | SCMAudit | user=jenkins1000 | ip=192.168.151.119 | op=SEND_HEARTBEAT {datanodeUUID=4d6fff4c-5cb6-40a3-b677-a76fbdc0054d, command=[]} | ret=SUCCESS |  
2019-09-20 09:34:53,604 | INFO  | SCMAudit | user=jenkins1000 | ip=192.168.151.119 | op=SEND_HEARTBEAT {datanodeUUID=10741cbd-d620-4a9b-9e67-51db8a2e0e6a, command=[]} | ret=SUCCESS |  
2019-09-20 09:34:53,843 | INFO  | SCMAudit | user=jenkins1000 | ip=192.168.151.119 | op=SEND_HEARTBEAT {datanodeUUID=d4fa05df-3099-4015-ad0e-4200365d2035, command=[]} | ret=SUCCESS |  
2019-09-20 09:34:53,997 | INFO  | SCMAudit | user=jenkins1000 | ip=192.168.151.119 | op=SEND_HEARTBEAT {datanodeUUID=86933813-1e1e-464a-ae0f-2ef91831d02b, command=[]} | ret=SUCCESS |  
2019-09-20 09:34:54,407 | INFO  | SCMAudit | user=jenkins1000 | ip=192.168.151.119 | op=SEND_HEARTBEAT {datanodeUUID=ba1e65fe-7169-476d-a778-4df70d7cdd6e, command=[]} | ret=SUCCESS |  
2019-09-20 09:34:54,469 | INFO  | SCMAudit | user=jenkins1000 | ip=192.168.151.119 | op=SEND_HEARTBEAT {datanodeUUID=37b777df-de08-4da5-9630-325a3e0e88a6, command=[]} | ret=SUCCESS |  
2019-09-20 09:34:54,511 | INFO  | SCMAudit | user=jenkins1000 | ip=192.168.151.119 | op=SEND_HEARTBEAT {datanodeUUID=4d6fff4c-5cb6-40a3-b677-a76fbdc0054d, command=[]} | ret=SUCCESS |  
2019-09-20 09:34:54,511 | INFO  | SCMAudit | user=jenkins1000 | ip=192.168.151.119 | op=SEND_HEARTBEAT {datanodeUUID=d072c18a-1b53-41d5-bae5-b82be0790279, command=[]} | ret=SUCCESS |  
2019-09-20 09:34:54,604 | INFO  | SCMAudit | user=jenkins1000 | ip=192.168.151.119 | op=SEND_HEARTBEAT {datanodeUUID=10741cbd-d620-4a9b-9e67-51db8a2e0e6a, command=[]} | ret=SUCCESS |  
2019-09-20 09:34:54,842 | INFO  | SCMAudit | user=jenkins1000 | ip=192.168.151.119 | op=SEND_HEARTBEAT {datanodeUUID=d4fa05df-3099-4015-ad0e-4200365d2035, command=[]} | ret=SUCCESS |  
2019-09-20 09:34:54,996 | INFO  | SCMAudit | user=jenkins1000 | ip=192.168.151.119 | op=SEND_HEARTBEAT {datanodeUUID=86933813-1e1e-464a-ae0f-2ef91831d02b, command=[]} | ret=SUCCESS |  
2019-09-20 09:34:55,240 [grpc-default-executor-5] INFO  client.GrpcClientProtocolClient (GrpcClientProtocolClient.java:onNext(255)) - client-05D5A58C38F8->4d6fff4c-5cb6-40a3-b677-a76fbdc0054d: receive RaftClientReply:client-05D5A58C38F8->4d6fff4c-5cb6-40a3-b677-a76fbdc0054d@group-13440712A48A, cid=45, FAILED org.apache.ratis.protocol.NotLeaderException: Server 4d6fff4c-5cb6-40a3-b677-a76fbdc0054d is not the leader (37b777df-de08-4da5-9630-325a3e0e88a6:192.168.151.119:35524). Request must be sent to leader., logIndex=0, commits[4d6fff4c-5cb6-40a3-b677-a76fbdc0054d:c8, d072c18a-1b53-41d5-bae5-b82be0790279:c8, 37b777df-de08-4da5-9630-325a3e0e88a6:c8]
2019-09-20 09:34:55,408 | INFO  | SCMAudit | user=jenkins1000 | ip=192.168.151.119 | op=SEND_HEARTBEAT {datanodeUUID=ba1e65fe-7169-476d-a778-4df70d7cdd6e, command=[]} | ret=SUCCESS |  
2019-09-20 09:34:55,469 | INFO  | SCMAudit | user=jenkins1000 | ip=192.168.151.119 | op=SEND_HEARTBEAT {datanodeUUID=37b777df-de08-4da5-9630-325a3e0e88a6, command=[]} | ret=SUCCESS |  
2019-09-20 09:34:55,511 | INFO  | SCMAudit | user=jenkins1000 | ip=192.168.151.119 | op=SEND_HEARTBEAT {datanodeUUID=d072c18a-1b53-41d5-bae5-b82be0790279, command=[]} | ret=SUCCESS |  
2019-09-20 09:34:55,511 | INFO  | SCMAudit | user=jenkins1000 | ip=192.168.151.119 | op=SEND_HEARTBEAT {datanodeUUID=4d6fff4c-5cb6-40a3-b677-a76fbdc0054d, command=[]} | ret=SUCCESS |  
2019-09-20 09:34:55,605 | INFO  | SCMAudit | user=jenkins1000 | ip=192.168.151.119 | op=SEND_HEARTBEAT {datanodeUUID=10741cbd-d620-4a9b-9e67-51db8a2e0e6a, command=[]} | ret=SUCCESS |  
2019-09-20 09:34:55,842 | INFO  | SCMAudit | user=jenkins1000 | ip=192.168.151.119 | op=SEND_HEARTBEAT {datanodeUUID=d4fa05df-3099-4015-ad0e-4200365d2035, command=[]} | ret=SUCCESS |  
2019-09-20 09:34:55,996 | INFO  | SCMAudit | user=jenkins1000 | ip=192.168.151.119 | op=SEND_HEARTBEAT {datanodeUUID=86933813-1e1e-464a-ae0f-2ef91831d02b, command=[]} | ret=SUCCESS |  
2019-09-20 09:34:56,407 | INFO  | SCMAudit | user=jenkins1000 | ip=192.168.151.119 | op=SEND_HEARTBEAT {datanodeUUID=ba1e65fe-7169-476d-a778-4df70d7cdd6e, command=[]} | ret=SUCCESS |  
2019-09-20 09:34:56,470 | INFO  | SCMAudit | user=jenkins1000 | ip=192.168.151.119 | op=SEND_HEARTBEAT {datanodeUUID=37b777df-de08-4da5-9630-325a3e0e88a6, command=[]} | ret=SUCCESS |  
2019-09-20 09:34:56,511 | INFO  | SCMAudit | user=jenkins1000 | ip=192.168.151.119 | op=SEND_HEARTBEAT {datanodeUUID=4d6fff4c-5cb6-40a3-b677-a76fbdc0054d, command=[]} | ret=SUCCESS |  
2019-09-20 09:34:56,511 | INFO  | SCMAudit | user=jenkins1000 | ip=192.168.151.119 | op=SEND_HEARTBEAT {datanodeUUID=d072c18a-1b53-41d5-bae5-b82be0790279, command=[]} | ret=SUCCESS |  
2019-09-20 09:34:56,604 | INFO  | SCMAudit | user=jenkins1000 | ip=192.168.151.119 | op=SEND_HEARTBEAT {datanodeUUID=10741cbd-d620-4a9b-9e67-51db8a2e0e6a, command=[]} | ret=SUCCESS |  
2019-09-20 09:34:56,843 | INFO  | SCMAudit | user=jenkins1000 | ip=192.168.151.119 | op=SEND_HEARTBEAT {datanodeUUID=d4fa05df-3099-4015-ad0e-4200365d2035, command=[]} | ret=SUCCESS |  
2019-09-20 09:34:56,997 | INFO  | SCMAudit | user=jenkins1000 | ip=192.168.151.119 | op=SEND_HEARTBEAT {datanodeUUID=86933813-1e1e-464a-ae0f-2ef91831d02b, command=[]} | ret=SUCCESS |  
2019-09-20 09:34:57,407 | INFO  | SCMAudit | user=jenkins1000 | ip=192.168.151.119 | op=SEND_HEARTBEAT {datanodeUUID=ba1e65fe-7169-476d-a778-4df70d7cdd6e, command=[]} | ret=SUCCESS |  
2019-09-20 09:34:57,470 | INFO  | SCMAudit | user=jenkins1000 | ip=192.168.151.119 | op=SEND_HEARTBEAT {datanodeUUID=37b777df-de08-4da5-9630-325a3e0e88a6, command=[]} | ret=SUCCESS |  
2019-09-20 09:34:57,512 | INFO  | SCMAudit | user=jenkins1000 | ip=192.168.151.119 | op=SEND_HEARTBEAT {datanodeUUID=d072c18a-1b53-41d5-bae5-b82be0790279, command=[]} | ret=SUCCESS |  
2019-09-20 09:34:57,512 | INFO  | SCMAudit | user=jenkins1000 | ip=192.168.151.119 | op=SEND_HEARTBEAT {datanodeUUID=4d6fff4c-5cb6-40a3-b677-a76fbdc0054d, command=[]} | ret=SUCCESS |  
2019-09-20 09:34:57,604 | INFO  | SCMAudit | user=jenkins1000 | ip=192.168.151.119 | op=SEND_HEARTBEAT {datanodeUUID=10741cbd-d620-4a9b-9e67-51db8a2e0e6a, command=[]} | ret=SUCCESS |  
2019-09-20 09:34:57,843 | INFO  | SCMAudit | user=jenkins1000 | ip=192.168.151.119 | op=SEND_HEARTBEAT {datanodeUUID=d4fa05df-3099-4015-ad0e-4200365d2035, command=[]} | ret=SUCCESS |  
2019-09-20 09:34:57,997 | INFO  | SCMAudit | user=jenkins1000 | ip=192.168.151.119 | op=SEND_HEARTBEAT {datanodeUUID=86933813-1e1e-464a-ae0f-2ef91831d02b, command=[]} | ret=SUCCESS |  
2019-09-20 09:34:58,408 | INFO  | SCMAudit | user=jenkins1000 | ip=192.168.151.119 | op=SEND_HEARTBEAT {datanodeUUID=ba1e65fe-7169-476d-a778-4df70d7cdd6e, command=[]} | ret=SUCCESS |  
2019-09-20 09:34:58,470 | INFO  | SCMAudit | user=jenkins1000 | ip=192.168.151.119 | op=SEND_HEARTBEAT {datanodeUUID=37b777df-de08-4da5-9630-325a3e0e88a6, command=[]} | ret=SUCCESS |  
2019-09-20 09:34:58,512 | INFO  | SCMAudit | user=jenkins1000 | ip=192.168.151.119 | op=SEND_HEARTBEAT {datanodeUUID=d072c18a-1b53-41d5-bae5-b82be0790279, command=[]} | ret=SUCCESS |  
2019-09-20 09:34:58,512 | INFO  | SCMAudit | user=jenkins1000 | ip=192.168.151.119 | op=SEND_HEARTBEAT {datanodeUUID=4d6fff4c-5cb6-40a3-b677-a76fbdc0054d, command=[]} | ret=SUCCESS |  
2019-09-20 09:34:58,605 | INFO  | SCMAudit | user=jenkins1000 | ip=192.168.151.119 | op=SEND_HEARTBEAT {datanodeUUID=10741cbd-d620-4a9b-9e67-51db8a2e0e6a, command=[]} | ret=SUCCESS |  
2019-09-20 09:34:58,842 | INFO  | SCMAudit | user=jenkins1000 | ip=192.168.151.119 | op=SEND_HEARTBEAT {datanodeUUID=d4fa05df-3099-4015-ad0e-4200365d2035, command=[]} | ret=SUCCESS |  
2019-09-20 09:34:58,998 | INFO  | SCMAudit | user=jenkins1000 | ip=192.168.151.119 | op=SEND_HEARTBEAT {datanodeUUID=86933813-1e1e-464a-ae0f-2ef91831d02b, command=[]} | ret=SUCCESS |  
2019-09-20 09:34:59,407 | INFO  | SCMAudit | user=jenkins1000 | ip=192.168.151.119 | op=SEND_HEARTBEAT {datanodeUUID=ba1e65fe-7169-476d-a778-4df70d7cdd6e, command=[]} | ret=SUCCESS |  
2019-09-20 09:34:59,471 | INFO  | SCMAudit | user=jenkins1000 | ip=192.168.151.119 | op=SEND_HEARTBEAT {datanodeUUID=37b777df-de08-4da5-9630-325a3e0e88a6, command=[]} | ret=SUCCESS |  
2019-09-20 09:34:59,512 | INFO  | SCMAudit | user=jenkins1000 | ip=192.168.151.119 | op=SEND_HEARTBEAT {datanodeUUID=d072c18a-1b53-41d5-bae5-b82be0790279, command=[]} | ret=SUCCESS |  
2019-09-20 09:34:59,512 | INFO  | SCMAudit | user=jenkins1000 | ip=192.168.151.119 | op=SEND_HEARTBEAT {datanodeUUID=4d6fff4c-5cb6-40a3-b677-a76fbdc0054d, command=[]} | ret=SUCCESS |  
2019-09-20 09:34:59,605 | INFO  | SCMAudit | user=jenkins1000 | ip=192.168.151.119 | op=SEND_HEARTBEAT {datanodeUUID=10741cbd-d620-4a9b-9e67-51db8a2e0e6a, command=[]} | ret=SUCCESS |  
2019-09-20 09:34:59,842 | INFO  | SCMAudit | user=jenkins1000 | ip=192.168.151.119 | op=SEND_HEARTBEAT {datanodeUUID=d4fa05df-3099-4015-ad0e-4200365d2035, command=[]} | ret=SUCCESS |  
2019-09-20 09:34:59,998 | INFO  | SCMAudit | user=jenkins1000 | ip=192.168.151.119 | op=SEND_HEARTBEAT {datanodeUUID=86933813-1e1e-464a-ae0f-2ef91831d02b, command=[]} | ret=SUCCESS |  
2019-09-20 09:35:00,283 [grpc-default-executor-0] INFO  client.GrpcClientProtocolClient (GrpcClientProtocolClient.java:onNext(255)) - client-05D5A58C38F8->4d6fff4c-5cb6-40a3-b677-a76fbdc0054d: receive RaftClientReply:client-05D5A58C38F8->4d6fff4c-5cb6-40a3-b677-a76fbdc0054d@group-13440712A48A, cid=45, FAILED org.apache.ratis.protocol.NotLeaderException: Server 4d6fff4c-5cb6-40a3-b677-a76fbdc0054d is not the leader (37b777df-de08-4da5-9630-325a3e0e88a6:192.168.151.119:35524). Request must be sent to leader., logIndex=0, commits[4d6fff4c-5cb6-40a3-b677-a76fbdc0054d:c8, d072c18a-1b53-41d5-bae5-b82be0790279:c8, 37b777df-de08-4da5-9630-325a3e0e88a6:c8]
2019-09-20 09:35:00,408 | INFO  | SCMAudit | user=jenkins1000 | ip=192.168.151.119 | op=SEND_HEARTBEAT {datanodeUUID=ba1e65fe-7169-476d-a778-4df70d7cdd6e, command=[]} | ret=SUCCESS |  
2019-09-20 09:35:00,471 | INFO  | SCMAudit | user=jenkins1000 | ip=192.168.151.119 | op=SEND_HEARTBEAT {datanodeUUID=37b777df-de08-4da5-9630-325a3e0e88a6, command=[]} | ret=SUCCESS |  
2019-09-20 09:35:00,512 | INFO  | SCMAudit | user=jenkins1000 | ip=192.168.151.119 | op=SEND_HEARTBEAT {datanodeUUID=d072c18a-1b53-41d5-bae5-b82be0790279, command=[]} | ret=SUCCESS |  
2019-09-20 09:35:00,512 | INFO  | SCMAudit | user=jenkins1000 | ip=192.168.151.119 | op=SEND_HEARTBEAT {datanodeUUID=4d6fff4c-5cb6-40a3-b677-a76fbdc0054d, command=[]} | ret=SUCCESS |  
2019-09-20 09:35:00,605 | INFO  | SCMAudit | user=jenkins1000 | ip=192.168.151.119 | op=SEND_HEARTBEAT {datanodeUUID=10741cbd-d620-4a9b-9e67-51db8a2e0e6a, command=[]} | ret=SUCCESS |  
2019-09-20 09:35:00,843 | INFO  | SCMAudit | user=jenkins1000 | ip=192.168.151.119 | op=SEND_HEARTBEAT {datanodeUUID=d4fa05df-3099-4015-ad0e-4200365d2035, command=[]} | ret=SUCCESS |  
2019-09-20 09:35:00,998 | INFO  | SCMAudit | user=jenkins1000 | ip=192.168.151.119 | op=SEND_HEARTBEAT {datanodeUUID=86933813-1e1e-464a-ae0f-2ef91831d02b, command=[]} | ret=SUCCESS |  
2019-09-20 09:35:01,408 | INFO  | SCMAudit | user=jenkins1000 | ip=192.168.151.119 | op=SEND_HEARTBEAT {datanodeUUID=ba1e65fe-7169-476d-a778-4df70d7cdd6e, command=[]} | ret=SUCCESS |  
2019-09-20 09:35:01,471 | INFO  | SCMAudit | user=jenkins1000 | ip=192.168.151.119 | op=SEND_HEARTBEAT {datanodeUUID=37b777df-de08-4da5-9630-325a3e0e88a6, command=[]} | ret=SUCCESS |  
2019-09-20 09:35:01,512 | INFO  | SCMAudit | user=jenkins1000 | ip=192.168.151.119 | op=SEND_HEARTBEAT {datanodeUUID=4d6fff4c-5cb6-40a3-b677-a76fbdc0054d, command=[]} | ret=SUCCESS |  
2019-09-20 09:35:01,512 | INFO  | SCMAudit | user=jenkins1000 | ip=192.168.151.119 | op=SEND_HEARTBEAT {datanodeUUID=d072c18a-1b53-41d5-bae5-b82be0790279, command=[]} | ret=SUCCESS |  
2019-09-20 09:35:01,606 | INFO  | SCMAudit | user=jenkins1000 | ip=192.168.151.119 | op=SEND_HEARTBEAT {datanodeUUID=10741cbd-d620-4a9b-9e67-51db8a2e0e6a, command=[]} | ret=SUCCESS |  
2019-09-20 09:35:01,843 | INFO  | SCMAudit | user=jenkins1000 | ip=192.168.151.119 | op=SEND_HEARTBEAT {datanodeUUID=d4fa05df-3099-4015-ad0e-4200365d2035, command=[]} | ret=SUCCESS |  
2019-09-20 09:35:01,999 | INFO  | SCMAudit | user=jenkins1000 | ip=192.168.151.119 | op=SEND_HEARTBEAT {datanodeUUID=86933813-1e1e-464a-ae0f-2ef91831d02b, command=[]} | ret=SUCCESS |  
2019-09-20 09:35:02,407 | INFO  | SCMAudit | user=jenkins1000 | ip=192.168.151.119 | op=SEND_HEARTBEAT {datanodeUUID=ba1e65fe-7169-476d-a778-4df70d7cdd6e, command=[]} | ret=SUCCESS |  
2019-09-20 09:35:02,472 | INFO  | SCMAudit | user=jenkins1000 | ip=192.168.151.119 | op=SEND_HEARTBEAT {datanodeUUID=37b777df-de08-4da5-9630-325a3e0e88a6, command=[]} | ret=SUCCESS |  
2019-09-20 09:35:02,512 | INFO  | SCMAudit | user=jenkins1000 | ip=192.168.151.119 | op=SEND_HEARTBEAT {datanodeUUID=4d6fff4c-5cb6-40a3-b677-a76fbdc0054d, command=[]} | ret=SUCCESS |  
2019-09-20 09:35:02,512 | INFO  | SCMAudit | user=jenkins1000 | ip=192.168.151.119 | op=SEND_HEARTBEAT {datanodeUUID=d072c18a-1b53-41d5-bae5-b82be0790279, command=[]} | ret=SUCCESS |  
2019-09-20 09:35:02,606 | INFO  | SCMAudit | user=jenkins1000 | ip=192.168.151.119 | op=SEND_HEARTBEAT {datanodeUUID=10741cbd-d620-4a9b-9e67-51db8a2e0e6a, command=[]} | ret=SUCCESS |  
2019-09-20 09:35:02,843 | INFO  | SCMAudit | user=jenkins1000 | ip=192.168.151.119 | op=SEND_HEARTBEAT {datanodeUUID=d4fa05df-3099-4015-ad0e-4200365d2035, command=[]} | ret=SUCCESS |  
2019-09-20 09:35:02,999 | INFO  | SCMAudit | user=jenkins1000 | ip=192.168.151.119 | op=SEND_HEARTBEAT {datanodeUUID=86933813-1e1e-464a-ae0f-2ef91831d02b, command=[]} | ret=SUCCESS |  
2019-09-20 09:35:03,407 | INFO  | SCMAudit | user=jenkins1000 | ip=192.168.151.119 | op=SEND_HEARTBEAT {datanodeUUID=ba1e65fe-7169-476d-a778-4df70d7cdd6e, command=[]} | ret=SUCCESS |  
2019-09-20 09:35:03,472 | INFO  | SCMAudit | user=jenkins1000 | ip=192.168.151.119 | op=SEND_HEARTBEAT {datanodeUUID=37b777df-de08-4da5-9630-325a3e0e88a6, command=[]} | ret=SUCCESS |  
2019-09-20 09:35:03,512 | INFO  | SCMAudit | user=jenkins1000 | ip=192.168.151.119 | op=SEND_HEARTBEAT {datanodeUUID=4d6fff4c-5cb6-40a3-b677-a76fbdc0054d, command=[]} | ret=SUCCESS |  
2019-09-20 09:35:03,513 | INFO  | SCMAudit | user=jenkins1000 | ip=192.168.151.119 | op=SEND_HEARTBEAT {datanodeUUID=d072c18a-1b53-41d5-bae5-b82be0790279, command=[]} | ret=SUCCESS |  
2019-09-20 09:35:03,606 | INFO  | SCMAudit | user=jenkins1000 | ip=192.168.151.119 | op=SEND_HEARTBEAT {datanodeUUID=10741cbd-d620-4a9b-9e67-51db8a2e0e6a, command=[]} | ret=SUCCESS |  
2019-09-20 09:35:03,844 | INFO  | SCMAudit | user=jenkins1000 | ip=192.168.151.119 | op=SEND_HEARTBEAT {datanodeUUID=d4fa05df-3099-4015-ad0e-4200365d2035, command=[]} | ret=SUCCESS |  
2019-09-20 09:35:03,999 | INFO  | SCMAudit | user=jenkins1000 | ip=192.168.151.119 | op=SEND_HEARTBEAT {datanodeUUID=86933813-1e1e-464a-ae0f-2ef91831d02b, command=[]} | ret=SUCCESS |  
2019-09-20 09:35:04,408 | INFO  | SCMAudit | user=jenkins1000 | ip=192.168.151.119 | op=SEND_HEARTBEAT {datanodeUUID=ba1e65fe-7169-476d-a778-4df70d7cdd6e, command=[]} | ret=SUCCESS |  
2019-09-20 09:35:04,472 | INFO  | SCMAudit | user=jenkins1000 | ip=192.168.151.119 | op=SEND_HEARTBEAT {datanodeUUID=37b777df-de08-4da5-9630-325a3e0e88a6, command=[]} | ret=SUCCESS |  
2019-09-20 09:35:04,512 | INFO  | SCMAudit | user=jenkins1000 | ip=192.168.151.119 | op=SEND_HEARTBEAT {datanodeUUID=4d6fff4c-5cb6-40a3-b677-a76fbdc0054d, command=[]} | ret=SUCCESS |  
2019-09-20 09:35:04,512 | INFO  | SCMAudit | user=jenkins1000 | ip=192.168.151.119 | op=SEND_HEARTBEAT {datanodeUUID=d072c18a-1b53-41d5-bae5-b82be0790279, command=[]} | ret=SUCCESS |  
2019-09-20 09:35:04,606 | INFO  | SCMAudit | user=jenkins1000 | ip=192.168.151.119 | op=SEND_HEARTBEAT {datanodeUUID=10741cbd-d620-4a9b-9e67-51db8a2e0e6a, command=[]} | ret=SUCCESS |  
2019-09-20 09:35:04,844 | INFO  | SCMAudit | user=jenkins1000 | ip=192.168.151.119 | op=SEND_HEARTBEAT {datanodeUUID=d4fa05df-3099-4015-ad0e-4200365d2035, command=[]} | ret=SUCCESS |  
2019-09-20 09:35:04,999 | INFO  | SCMAudit | user=jenkins1000 | ip=192.168.151.119 | op=SEND_HEARTBEAT {datanodeUUID=86933813-1e1e-464a-ae0f-2ef91831d02b, command=[]} | ret=SUCCESS |  
2019-09-20 09:35:05,338 [grpc-default-executor-0] INFO  client.GrpcClientProtocolClient (GrpcClientProtocolClient.java:onNext(255)) - client-05D5A58C38F8->4d6fff4c-5cb6-40a3-b677-a76fbdc0054d: receive RaftClientReply:client-05D5A58C38F8->4d6fff4c-5cb6-40a3-b677-a76fbdc0054d@group-13440712A48A, cid=45, FAILED org.apache.ratis.protocol.NotLeaderException: Server 4d6fff4c-5cb6-40a3-b677-a76fbdc0054d is not the leader (37b777df-de08-4da5-9630-325a3e0e88a6:192.168.151.119:35524). Request must be sent to leader., logIndex=0, commits[4d6fff4c-5cb6-40a3-b677-a76fbdc0054d:c8, d072c18a-1b53-41d5-bae5-b82be0790279:c8, 37b777df-de08-4da5-9630-325a3e0e88a6:c8]
2019-09-20 09:35:05,408 | INFO  | SCMAudit | user=jenkins1000 | ip=192.168.151.119 | op=SEND_HEARTBEAT {datanodeUUID=ba1e65fe-7169-476d-a778-4df70d7cdd6e, command=[]} | ret=SUCCESS |  
2019-09-20 09:35:05,472 | INFO  | SCMAudit | user=jenkins1000 | ip=192.168.151.119 | op=SEND_HEARTBEAT {datanodeUUID=37b777df-de08-4da5-9630-325a3e0e88a6, command=[]} | ret=SUCCESS |  
2019-09-20 09:35:05,512 | INFO  | SCMAudit | user=jenkins1000 | ip=192.168.151.119 | op=SEND_HEARTBEAT {datanodeUUID=4d6fff4c-5cb6-40a3-b677-a76fbdc0054d, command=[]} | ret=SUCCESS |  
2019-09-20 09:35:05,512 | INFO  | SCMAudit | user=jenkins1000 | ip=192.168.151.119 | op=SEND_HEARTBEAT {datanodeUUID=d072c18a-1b53-41d5-bae5-b82be0790279, command=[]} | ret=SUCCESS |  
2019-09-20 09:35:05,607 | INFO  | SCMAudit | user=jenkins1000 | ip=192.168.151.119 | op=SEND_HEARTBEAT {datanodeUUID=10741cbd-d620-4a9b-9e67-51db8a2e0e6a, command=[]} | ret=SUCCESS |  
2019-09-20 09:35:05,844 | INFO  | SCMAudit | user=jenkins1000 | ip=192.168.151.119 | op=SEND_HEARTBEAT {datanodeUUID=d4fa05df-3099-4015-ad0e-4200365d2035, command=[]} | ret=SUCCESS |  
2019-09-20 09:35:06,000 | INFO  | SCMAudit | user=jenkins1000 | ip=192.168.151.119 | op=SEND_HEARTBEAT {datanodeUUID=86933813-1e1e-464a-ae0f-2ef91831d02b, command=[]} | ret=SUCCESS |  
2019-09-20 09:35:06,407 | INFO  | SCMAudit | user=jenkins1000 | ip=192.168.151.119 | op=SEND_HEARTBEAT {datanodeUUID=ba1e65fe-7169-476d-a778-4df70d7cdd6e, command=[]} | ret=SUCCESS |  
2019-09-20 09:35:06,473 | INFO  | SCMAudit | user=jenkins1000 | ip=192.168.151.119 | op=SEND_HEARTBEAT {datanodeUUID=37b777df-de08-4da5-9630-325a3e0e88a6, command=[]} | ret=SUCCESS |  
2019-09-20 09:35:06,513 | INFO  | SCMAudit | user=jenkins1000 | ip=192.168.151.119 | op=SEND_HEARTBEAT {datanodeUUID=4d6fff4c-5cb6-40a3-b677-a76fbdc0054d, command=[]} | ret=SUCCESS |  
2019-09-20 09:35:06,513 | INFO  | SCMAudit | user=jenkins1000 | ip=192.168.151.119 | op=SEND_HEARTBEAT {datanodeUUID=d072c18a-1b53-41d5-bae5-b82be0790279, command=[]} | ret=SUCCESS |  
2019-09-20 09:35:06,606 | INFO  | SCMAudit | user=jenkins1000 | ip=192.168.151.119 | op=SEND_HEARTBEAT {datanodeUUID=10741cbd-d620-4a9b-9e67-51db8a2e0e6a, command=[]} | ret=SUCCESS |  
2019-09-20 09:35:06,844 | INFO  | SCMAudit | user=jenkins1000 | ip=192.168.151.119 | op=SEND_HEARTBEAT {datanodeUUID=d4fa05df-3099-4015-ad0e-4200365d2035, command=[]} | ret=SUCCESS |  
2019-09-20 09:35:07,000 | INFO  | SCMAudit | user=jenkins1000 | ip=192.168.151.119 | op=SEND_HEARTBEAT {datanodeUUID=86933813-1e1e-464a-ae0f-2ef91831d02b, command=[]} | ret=SUCCESS |  
2019-09-20 09:35:07,407 | INFO  | SCMAudit | user=jenkins1000 | ip=192.168.151.119 | op=SEND_HEARTBEAT {datanodeUUID=ba1e65fe-7169-476d-a778-4df70d7cdd6e, command=[]} | ret=SUCCESS |  
2019-09-20 09:35:07,472 | INFO  | SCMAudit | user=jenkins1000 | ip=192.168.151.119 | op=SEND_HEARTBEAT {datanodeUUID=37b777df-de08-4da5-9630-325a3e0e88a6, command=[]} | ret=SUCCESS |  
2019-09-20 09:35:07,512 | INFO  | SCMAudit | user=jenkins1000 | ip=192.168.151.119 | op=SEND_HEARTBEAT {datanodeUUID=4d6fff4c-5cb6-40a3-b677-a76fbdc0054d, command=[]} | ret=SUCCESS |  
2019-09-20 09:35:07,513 | INFO  | SCMAudit | user=jenkins1000 | ip=192.168.151.119 | op=SEND_HEARTBEAT {datanodeUUID=d072c18a-1b53-41d5-bae5-b82be0790279, command=[]} | ret=SUCCESS |  
2019-09-20 09:35:07,606 | INFO  | SCMAudit | user=jenkins1000 | ip=192.168.151.119 | op=SEND_HEARTBEAT {datanodeUUID=10741cbd-d620-4a9b-9e67-51db8a2e0e6a, command=[]} | ret=SUCCESS |  
2019-09-20 09:35:07,845 | INFO  | SCMAudit | user=jenkins1000 | ip=192.168.151.119 | op=SEND_HEARTBEAT {datanodeUUID=d4fa05df-3099-4015-ad0e-4200365d2035, command=[]} | ret=SUCCESS |  
2019-09-20 09:35:07,999 | INFO  | SCMAudit | user=jenkins1000 | ip=192.168.151.119 | op=SEND_HEARTBEAT {datanodeUUID=86933813-1e1e-464a-ae0f-2ef91831d02b, command=[]} | ret=SUCCESS |  
2019-09-20 09:35:08,408 | INFO  | SCMAudit | user=jenkins1000 | ip=192.168.151.119 | op=SEND_HEARTBEAT {datanodeUUID=ba1e65fe-7169-476d-a778-4df70d7cdd6e, command=[]} | ret=SUCCESS |  
2019-09-20 09:35:08,473 | INFO  | SCMAudit | user=jenkins1000 | ip=192.168.151.119 | op=SEND_HEARTBEAT {datanodeUUID=37b777df-de08-4da5-9630-325a3e0e88a6, command=[]} | ret=SUCCESS |  
2019-09-20 09:35:08,512 | INFO  | SCMAudit | user=jenkins1000 | ip=192.168.151.119 | op=SEND_HEARTBEAT {datanodeUUID=4d6fff4c-5cb6-40a3-b677-a76fbdc0054d, command=[]} | ret=SUCCESS |  
2019-09-20 09:35:08,514 | INFO  | SCMAudit | user=jenkins1000 | ip=192.168.151.119 | op=SEND_HEARTBEAT {datanodeUUID=d072c18a-1b53-41d5-bae5-b82be0790279, command=[]} | ret=SUCCESS |  
2019-09-20 09:35:08,607 | INFO  | SCMAudit | user=jenkins1000 | ip=192.168.151.119 | op=SEND_HEARTBEAT {datanodeUUID=10741cbd-d620-4a9b-9e67-51db8a2e0e6a, command=[]} | ret=SUCCESS |  
2019-09-20 09:35:08,845 | INFO  | SCMAudit | user=jenkins1000 | ip=192.168.151.119 | op=SEND_HEARTBEAT {datanodeUUID=d4fa05df-3099-4015-ad0e-4200365d2035, command=[]} | ret=SUCCESS |  
2019-09-20 09:35:08,999 | INFO  | SCMAudit | user=jenkins1000 | ip=192.168.151.119 | op=SEND_HEARTBEAT {datanodeUUID=86933813-1e1e-464a-ae0f-2ef91831d02b, command=[]} | ret=SUCCESS |  
2019-09-20 09:35:09,408 | INFO  | SCMAudit | user=jenkins1000 | ip=192.168.151.119 | op=SEND_HEARTBEAT {datanodeUUID=ba1e65fe-7169-476d-a778-4df70d7cdd6e, command=[]} | ret=SUCCESS |  
2019-09-20 09:35:09,473 | INFO  | SCMAudit | user=jenkins1000 | ip=192.168.151.119 | op=SEND_HEARTBEAT {datanodeUUID=37b777df-de08-4da5-9630-325a3e0e88a6, command=[]} | ret=SUCCESS |  
2019-09-20 09:35:09,512 | INFO  | SCMAudit | user=jenkins1000 | ip=192.168.151.119 | op=SEND_HEARTBEAT {datanodeUUID=4d6fff4c-5cb6-40a3-b677-a76fbdc0054d, command=[]} | ret=SUCCESS |  
2019-09-20 09:35:09,513 | INFO  | SCMAudit | user=jenkins1000 | ip=192.168.151.119 | op=SEND_HEARTBEAT {datanodeUUID=d072c18a-1b53-41d5-bae5-b82be0790279, command=[]} | ret=SUCCESS |  
2019-09-20 09:35:09,607 | INFO  | SCMAudit | user=jenkins1000 | ip=192.168.151.119 | op=SEND_HEARTBEAT {datanodeUUID=10741cbd-d620-4a9b-9e67-51db8a2e0e6a, command=[]} | ret=SUCCESS |  
2019-09-20 09:35:09,845 | INFO  | SCMAudit | user=jenkins1000 | ip=192.168.151.119 | op=SEND_HEARTBEAT {datanodeUUID=d4fa05df-3099-4015-ad0e-4200365d2035, command=[]} | ret=SUCCESS |  
2019-09-20 09:35:09,999 | INFO  | SCMAudit | user=jenkins1000 | ip=192.168.151.119 | op=SEND_HEARTBEAT {datanodeUUID=86933813-1e1e-464a-ae0f-2ef91831d02b, command=[]} | ret=SUCCESS |  
2019-09-20 09:35:10,376 [grpc-default-executor-0] INFO  client.GrpcClientProtocolClient (GrpcClientProtocolClient.java:onNext(255)) - client-05D5A58C38F8->4d6fff4c-5cb6-40a3-b677-a76fbdc0054d: receive RaftClientReply:client-05D5A58C38F8->4d6fff4c-5cb6-40a3-b677-a76fbdc0054d@group-13440712A48A, cid=45, FAILED org.apache.ratis.protocol.NotLeaderException: Server 4d6fff4c-5cb6-40a3-b677-a76fbdc0054d is not the leader (37b777df-de08-4da5-9630-325a3e0e88a6:192.168.151.119:35524). Request must be sent to leader., logIndex=0, commits[4d6fff4c-5cb6-40a3-b677-a76fbdc0054d:c8, d072c18a-1b53-41d5-bae5-b82be0790279:c8, 37b777df-de08-4da5-9630-325a3e0e88a6:c8]
2019-09-20 09:35:10,409 | INFO  | SCMAudit | user=jenkins1000 | ip=192.168.151.119 | op=SEND_HEARTBEAT {datanodeUUID=ba1e65fe-7169-476d-a778-4df70d7cdd6e, command=[]} | ret=SUCCESS |  
2019-09-20 09:35:10,473 | INFO  | SCMAudit | user=jenkins1000 | ip=192.168.151.119 | op=SEND_HEARTBEAT {datanodeUUID=37b777df-de08-4da5-9630-325a3e0e88a6, command=[]} | ret=SUCCESS |  
2019-09-20 09:35:10,512 | INFO  | SCMAudit | user=jenkins1000 | ip=192.168.151.119 | op=SEND_HEARTBEAT {datanodeUUID=4d6fff4c-5cb6-40a3-b677-a76fbdc0054d, command=[]} | ret=SUCCESS |  
2019-09-20 09:35:10,513 | INFO  | SCMAudit | user=jenkins1000 | ip=192.168.151.119 | op=SEND_HEARTBEAT {datanodeUUID=d072c18a-1b53-41d5-bae5-b82be0790279, command=[]} | ret=SUCCESS |  
2019-09-20 09:35:10,606 | INFO  | SCMAudit | user=jenkins1000 | ip=192.168.151.119 | op=SEND_HEARTBEAT {datanodeUUID=10741cbd-d620-4a9b-9e67-51db8a2e0e6a, command=[]} | ret=SUCCESS |  
2019-09-20 09:35:10,845 | INFO  | SCMAudit | user=jenkins1000 | ip=192.168.151.119 | op=SEND_HEARTBEAT {datanodeUUID=d4fa05df-3099-4015-ad0e-4200365d2035, command=[]} | ret=SUCCESS |  
2019-09-20 09:35:11,000 | INFO  | SCMAudit | user=jenkins1000 | ip=192.168.151.119 | op=SEND_HEARTBEAT {datanodeUUID=86933813-1e1e-464a-ae0f-2ef91831d02b, command=[]} | ret=SUCCESS |  
2019-09-20 09:35:11,409 | INFO  | SCMAudit | user=jenkins1000 | ip=192.168.151.119 | op=SEND_HEARTBEAT {datanodeUUID=ba1e65fe-7169-476d-a778-4df70d7cdd6e, command=[]} | ret=SUCCESS |  
2019-09-20 09:35:11,474 | INFO  | SCMAudit | user=jenkins1000 | ip=192.168.151.119 | op=SEND_HEARTBEAT {datanodeUUID=37b777df-de08-4da5-9630-325a3e0e88a6, command=[]} | ret=SUCCESS |  
2019-09-20 09:35:11,513 | INFO  | SCMAudit | user=jenkins1000 | ip=192.168.151.119 | op=SEND_HEARTBEAT {datanodeUUID=4d6fff4c-5cb6-40a3-b677-a76fbdc0054d, command=[]} | ret=SUCCESS |  
2019-09-20 09:35:11,513 | INFO  | SCMAudit | user=jenkins1000 | ip=192.168.151.119 | op=SEND_HEARTBEAT {datanodeUUID=d072c18a-1b53-41d5-bae5-b82be0790279, command=[]} | ret=SUCCESS |  
2019-09-20 09:35:11,607 | INFO  | SCMAudit | user=jenkins1000 | ip=192.168.151.119 | op=SEND_HEARTBEAT {datanodeUUID=10741cbd-d620-4a9b-9e67-51db8a2e0e6a, command=[]} | ret=SUCCESS |  
2019-09-20 09:35:11,845 | INFO  | SCMAudit | user=jenkins1000 | ip=192.168.151.119 | op=SEND_HEARTBEAT {datanodeUUID=d4fa05df-3099-4015-ad0e-4200365d2035, command=[]} | ret=SUCCESS |  
2019-09-20 09:35:12,000 | INFO  | SCMAudit | user=jenkins1000 | ip=192.168.151.119 | op=SEND_HEARTBEAT {datanodeUUID=86933813-1e1e-464a-ae0f-2ef91831d02b, command=[]} | ret=SUCCESS |  
2019-09-20 09:35:12,410 | INFO  | SCMAudit | user=jenkins1000 | ip=192.168.151.119 | op=SEND_HEARTBEAT {datanodeUUID=ba1e65fe-7169-476d-a778-4df70d7cdd6e, command=[]} | ret=SUCCESS |  
2019-09-20 09:35:12,474 | INFO  | SCMAudit | user=jenkins1000 | ip=192.168.151.119 | op=SEND_HEARTBEAT {datanodeUUID=37b777df-de08-4da5-9630-325a3e0e88a6, command=[]} | ret=SUCCESS |  
2019-09-20 09:35:12,513 | INFO  | SCMAudit | user=jenkins1000 | ip=192.168.151.119 | op=SEND_HEARTBEAT {datanodeUUID=4d6fff4c-5cb6-40a3-b677-a76fbdc0054d, command=[]} | ret=SUCCESS |  
2019-09-20 09:35:12,513 | INFO  | SCMAudit | user=jenkins1000 | ip=192.168.151.119 | op=SEND_HEARTBEAT {datanodeUUID=d072c18a-1b53-41d5-bae5-b82be0790279, command=[]} | ret=SUCCESS |  
2019-09-20 09:35:12,607 | INFO  | SCMAudit | user=jenkins1000 | ip=192.168.151.119 | op=SEND_HEARTBEAT {datanodeUUID=10741cbd-d620-4a9b-9e67-51db8a2e0e6a, command=[]} | ret=SUCCESS |  
2019-09-20 09:35:12,846 | INFO  | SCMAudit | user=jenkins1000 | ip=192.168.151.119 | op=SEND_HEARTBEAT {datanodeUUID=d4fa05df-3099-4015-ad0e-4200365d2035, command=[]} | ret=SUCCESS |  
2019-09-20 09:35:12,999 | INFO  | SCMAudit | user=jenkins1000 | ip=192.168.151.119 | op=SEND_HEARTBEAT {datanodeUUID=86933813-1e1e-464a-ae0f-2ef91831d02b, command=[]} | ret=SUCCESS |  
2019-09-20 09:35:13,410 | INFO  | SCMAudit | user=jenkins1000 | ip=192.168.151.119 | op=SEND_HEARTBEAT {datanodeUUID=ba1e65fe-7169-476d-a778-4df70d7cdd6e, command=[]} | ret=SUCCESS |  
2019-09-20 09:35:13,474 | INFO  | SCMAudit | user=jenkins1000 | ip=192.168.151.119 | op=SEND_HEARTBEAT {datanodeUUID=37b777df-de08-4da5-9630-325a3e0e88a6, command=[]} | ret=SUCCESS |  
2019-09-20 09:35:13,512 | INFO  | SCMAudit | user=jenkins1000 | ip=192.168.151.119 | op=SEND_HEARTBEAT {datanodeUUID=4d6fff4c-5cb6-40a3-b677-a76fbdc0054d, command=[]} | ret=SUCCESS |  
2019-09-20 09:35:13,513 | INFO  | SCMAudit | user=jenkins1000 | ip=192.168.151.119 | op=SEND_HEARTBEAT {datanodeUUID=d072c18a-1b53-41d5-bae5-b82be0790279, command=[]} | ret=SUCCESS |  
2019-09-20 09:35:13,606 | INFO  | SCMAudit | user=jenkins1000 | ip=192.168.151.119 | op=SEND_HEARTBEAT {datanodeUUID=10741cbd-d620-4a9b-9e67-51db8a2e0e6a, command=[]} | ret=SUCCESS |  
2019-09-20 09:35:13,845 | INFO  | SCMAudit | user=jenkins1000 | ip=192.168.151.119 | op=SEND_HEARTBEAT {datanodeUUID=d4fa05df-3099-4015-ad0e-4200365d2035, command=[]} | ret=SUCCESS |  
2019-09-20 09:35:13,999 | INFO  | SCMAudit | user=jenkins1000 | ip=192.168.151.119 | op=SEND_HEARTBEAT {datanodeUUID=86933813-1e1e-464a-ae0f-2ef91831d02b, command=[]} | ret=SUCCESS |  
2019-09-20 09:35:14,410 | INFO  | SCMAudit | user=jenkins1000 | ip=192.168.151.119 | op=SEND_HEARTBEAT {datanodeUUID=ba1e65fe-7169-476d-a778-4df70d7cdd6e, command=[]} | ret=SUCCESS |  
2019-09-20 09:35:14,474 | INFO  | SCMAudit | user=jenkins1000 | ip=192.168.151.119 | op=SEND_HEARTBEAT {datanodeUUID=37b777df-de08-4da5-9630-325a3e0e88a6, command=[]} | ret=SUCCESS |  
2019-09-20 09:35:14,512 | INFO  | SCMAudit | user=jenkins1000 | ip=192.168.151.119 | op=SEND_HEARTBEAT {datanodeUUID=4d6fff4c-5cb6-40a3-b677-a76fbdc0054d, command=[]} | ret=SUCCESS |  
2019-09-20 09:35:14,513 | INFO  | SCMAudit | user=jenkins1000 | ip=192.168.151.119 | op=SEND_HEARTBEAT {datanodeUUID=d072c18a-1b53-41d5-bae5-b82be0790279, command=[]} | ret=SUCCESS |  
2019-09-20 09:35:14,606 | INFO  | SCMAudit | user=jenkins1000 | ip=192.168.151.119 | op=SEND_HEARTBEAT {datanodeUUID=10741cbd-d620-4a9b-9e67-51db8a2e0e6a, command=[]} | ret=SUCCESS |  
2019-09-20 09:35:14,845 | INFO  | SCMAudit | user=jenkins1000 | ip=192.168.151.119 | op=SEND_HEARTBEAT {datanodeUUID=d4fa05df-3099-4015-ad0e-4200365d2035, command=[]} | ret=SUCCESS |  
2019-09-20 09:35:15,000 | INFO  | SCMAudit | user=jenkins1000 | ip=192.168.151.119 | op=SEND_HEARTBEAT {datanodeUUID=86933813-1e1e-464a-ae0f-2ef91831d02b, command=[]} | ret=SUCCESS |  
2019-09-20 09:35:15,414 | INFO  | SCMAudit | user=jenkins1000 | ip=192.168.151.119 | op=SEND_HEARTBEAT {datanodeUUID=ba1e65fe-7169-476d-a778-4df70d7cdd6e, command=[]} | ret=SUCCESS |  
2019-09-20 09:35:15,415 [grpc-default-executor-0] INFO  client.GrpcClientProtocolClient (GrpcClientProtocolClient.java:onNext(255)) - client-05D5A58C38F8->d072c18a-1b53-41d5-bae5-b82be0790279: receive RaftClientReply:client-05D5A58C38F8->d072c18a-1b53-41d5-bae5-b82be0790279@group-13440712A48A, cid=45, FAILED org.apache.ratis.protocol.NotLeaderException: Server d072c18a-1b53-41d5-bae5-b82be0790279 is not the leader (37b777df-de08-4da5-9630-325a3e0e88a6:192.168.151.119:35524). Request must be sent to leader., logIndex=0, commits[d072c18a-1b53-41d5-bae5-b82be0790279:c8, 37b777df-de08-4da5-9630-325a3e0e88a6:c8, 4d6fff4c-5cb6-40a3-b677-a76fbdc0054d:c8]
2019-09-20 09:35:15,475 | INFO  | SCMAudit | user=jenkins1000 | ip=192.168.151.119 | op=SEND_HEARTBEAT {datanodeUUID=37b777df-de08-4da5-9630-325a3e0e88a6, command=[]} | ret=SUCCESS |  
2019-09-20 09:35:15,512 | INFO  | SCMAudit | user=jenkins1000 | ip=192.168.151.119 | op=SEND_HEARTBEAT {datanodeUUID=4d6fff4c-5cb6-40a3-b677-a76fbdc0054d, command=[]} | ret=SUCCESS |  
2019-09-20 09:35:15,514 | INFO  | SCMAudit | user=jenkins1000 | ip=192.168.151.119 | op=SEND_HEARTBEAT {datanodeUUID=d072c18a-1b53-41d5-bae5-b82be0790279, command=[]} | ret=SUCCESS |  
2019-09-20 09:35:15,607 | INFO  | SCMAudit | user=jenkins1000 | ip=192.168.151.119 | op=SEND_HEARTBEAT {datanodeUUID=10741cbd-d620-4a9b-9e67-51db8a2e0e6a, command=[]} | ret=SUCCESS |  
2019-09-20 09:35:15,846 | INFO  | SCMAudit | user=jenkins1000 | ip=192.168.151.119 | op=SEND_HEARTBEAT {datanodeUUID=d4fa05df-3099-4015-ad0e-4200365d2035, command=[]} | ret=SUCCESS |  
2019-09-20 09:35:15,999 | INFO  | SCMAudit | user=jenkins1000 | ip=192.168.151.119 | op=SEND_HEARTBEAT {datanodeUUID=86933813-1e1e-464a-ae0f-2ef91831d02b, command=[]} | ret=SUCCESS |  
2019-09-20 09:35:16,413 | INFO  | SCMAudit | user=jenkins1000 | ip=192.168.151.119 | op=SEND_HEARTBEAT {datanodeUUID=ba1e65fe-7169-476d-a778-4df70d7cdd6e, command=[]} | ret=SUCCESS |  
2019-09-20 09:35:16,475 | INFO  | SCMAudit | user=jenkins1000 | ip=192.168.151.119 | op=SEND_HEARTBEAT {datanodeUUID=37b777df-de08-4da5-9630-325a3e0e88a6, command=[]} | ret=SUCCESS |  
2019-09-20 09:35:16,513 | INFO  | SCMAudit | user=jenkins1000 | ip=192.168.151.119 | op=SEND_HEARTBEAT {datanodeUUID=4d6fff4c-5cb6-40a3-b677-a76fbdc0054d, command=[]} | ret=SUCCESS |  
2019-09-20 09:35:16,514 | INFO  | SCMAudit | user=jenkins1000 | ip=192.168.151.119 | op=SEND_HEARTBEAT {datanodeUUID=d072c18a-1b53-41d5-bae5-b82be0790279, command=[]} | ret=SUCCESS |  
2019-09-20 09:35:16,607 | INFO  | SCMAudit | user=jenkins1000 | ip=192.168.151.119 | op=SEND_HEARTBEAT {datanodeUUID=10741cbd-d620-4a9b-9e67-51db8a2e0e6a, command=[]} | ret=SUCCESS |  
2019-09-20 09:35:16,846 | INFO  | SCMAudit | user=jenkins1000 | ip=192.168.151.119 | op=SEND_HEARTBEAT {datanodeUUID=d4fa05df-3099-4015-ad0e-4200365d2035, command=[]} | ret=SUCCESS |  
2019-09-20 09:35:16,999 | INFO  | SCMAudit | user=jenkins1000 | ip=192.168.151.119 | op=SEND_HEARTBEAT {datanodeUUID=86933813-1e1e-464a-ae0f-2ef91831d02b, command=[]} | ret=SUCCESS |  
2019-09-20 09:35:17,413 | INFO  | SCMAudit | user=jenkins1000 | ip=192.168.151.119 | op=SEND_HEARTBEAT {datanodeUUID=ba1e65fe-7169-476d-a778-4df70d7cdd6e, command=[]} | ret=SUCCESS |  
2019-09-20 09:35:17,475 | INFO  | SCMAudit | user=jenkins1000 | ip=192.168.151.119 | op=SEND_HEARTBEAT {datanodeUUID=37b777df-de08-4da5-9630-325a3e0e88a6, command=[]} | ret=SUCCESS |  
2019-09-20 09:35:17,513 | INFO  | SCMAudit | user=jenkins1000 | ip=192.168.151.119 | op=SEND_HEARTBEAT {datanodeUUID=4d6fff4c-5cb6-40a3-b677-a76fbdc0054d, command=[]} | ret=SUCCESS |  
2019-09-20 09:35:17,514 | INFO  | SCMAudit | user=jenkins1000 | ip=192.168.151.119 | op=SEND_HEARTBEAT {datanodeUUID=d072c18a-1b53-41d5-bae5-b82be0790279, command=[]} | ret=SUCCESS |  
2019-09-20 09:35:17,607 | INFO  | SCMAudit | user=jenkins1000 | ip=192.168.151.119 | op=SEND_HEARTBEAT {datanodeUUID=10741cbd-d620-4a9b-9e67-51db8a2e0e6a, command=[]} | ret=SUCCESS |  
2019-09-20 09:35:17,846 | INFO  | SCMAudit | user=jenkins1000 | ip=192.168.151.119 | op=SEND_HEARTBEAT {datanodeUUID=d4fa05df-3099-4015-ad0e-4200365d2035, command=[]} | ret=SUCCESS |  
2019-09-20 09:35:18,000 | INFO  | SCMAudit | user=jenkins1000 | ip=192.168.151.119 | op=SEND_HEARTBEAT {datanodeUUID=86933813-1e1e-464a-ae0f-2ef91831d02b, command=[]} | ret=SUCCESS |  
2019-09-20 09:35:18,413 | INFO  | SCMAudit | user=jenkins1000 | ip=192.168.151.119 | op=SEND_HEARTBEAT {datanodeUUID=ba1e65fe-7169-476d-a778-4df70d7cdd6e, command=[]} | ret=SUCCESS |  
2019-09-20 09:35:18,475 | INFO  | SCMAudit | user=jenkins1000 | ip=192.168.151.119 | op=SEND_HEARTBEAT {datanodeUUID=37b777df-de08-4da5-9630-325a3e0e88a6, command=[]} | ret=SUCCESS |  
2019-09-20 09:35:18,513 | INFO  | SCMAudit | user=jenkins1000 | ip=192.168.151.119 | op=SEND_HEARTBEAT {datanodeUUID=4d6fff4c-5cb6-40a3-b677-a76fbdc0054d, command=[]} | ret=SUCCESS |  
2019-09-20 09:35:18,514 | INFO  | SCMAudit | user=jenkins1000 | ip=192.168.151.119 | op=SEND_HEARTBEAT {datanodeUUID=d072c18a-1b53-41d5-bae5-b82be0790279, command=[]} | ret=SUCCESS |  
2019-09-20 09:35:18,608 | INFO  | SCMAudit | user=jenkins1000 | ip=192.168.151.119 | op=SEND_HEARTBEAT {datanodeUUID=10741cbd-d620-4a9b-9e67-51db8a2e0e6a, command=[]} | ret=SUCCESS |  
2019-09-20 09:35:18,846 | INFO  | SCMAudit | user=jenkins1000 | ip=192.168.151.119 | op=SEND_HEARTBEAT {datanodeUUID=d4fa05df-3099-4015-ad0e-4200365d2035, command=[]} | ret=SUCCESS |  
2019-09-20 09:35:19,000 | INFO  | SCMAudit | user=jenkins1000 | ip=192.168.151.119 | op=SEND_HEARTBEAT {datanodeUUID=86933813-1e1e-464a-ae0f-2ef91831d02b, command=[]} | ret=SUCCESS |  
2019-09-20 09:35:19,414 | INFO  | SCMAudit | user=jenkins1000 | ip=192.168.151.119 | op=SEND_HEARTBEAT {datanodeUUID=ba1e65fe-7169-476d-a778-4df70d7cdd6e, command=[]} | ret=SUCCESS |  
2019-09-20 09:35:19,475 | INFO  | SCMAudit | user=jenkins1000 | ip=192.168.151.119 | op=SEND_HEARTBEAT {datanodeUUID=37b777df-de08-4da5-9630-325a3e0e88a6, command=[]} | ret=SUCCESS |  
2019-09-20 09:35:19,513 | INFO  | SCMAudit | user=jenkins1000 | ip=192.168.151.119 | op=SEND_HEARTBEAT {datanodeUUID=4d6fff4c-5cb6-40a3-b677-a76fbdc0054d, command=[]} | ret=SUCCESS |  
2019-09-20 09:35:19,515 | INFO  | SCMAudit | user=jenkins1000 | ip=192.168.151.119 | op=SEND_HEARTBEAT {datanodeUUID=d072c18a-1b53-41d5-bae5-b82be0790279, command=[]} | ret=SUCCESS |  
2019-09-20 09:35:19,608 | INFO  | SCMAudit | user=jenkins1000 | ip=192.168.151.119 | op=SEND_HEARTBEAT {datanodeUUID=10741cbd-d620-4a9b-9e67-51db8a2e0e6a, command=[]} | ret=SUCCESS |  
2019-09-20 09:35:19,846 | INFO  | SCMAudit | user=jenkins1000 | ip=192.168.151.119 | op=SEND_HEARTBEAT {datanodeUUID=d4fa05df-3099-4015-ad0e-4200365d2035, command=[]} | ret=SUCCESS |  
2019-09-20 09:35:20,000 | INFO  | SCMAudit | user=jenkins1000 | ip=192.168.151.119 | op=SEND_HEARTBEAT {datanodeUUID=86933813-1e1e-464a-ae0f-2ef91831d02b, command=[]} | ret=SUCCESS |  
2019-09-20 09:35:20,414 | INFO  | SCMAudit | user=jenkins1000 | ip=192.168.151.119 | op=SEND_HEARTBEAT {datanodeUUID=ba1e65fe-7169-476d-a778-4df70d7cdd6e, command=[]} | ret=SUCCESS |  
2019-09-20 09:35:20,472 [grpc-default-executor-0] INFO  client.GrpcClientProtocolClient (GrpcClientProtocolClient.java:onNext(255)) - client-05D5A58C38F8->d072c18a-1b53-41d5-bae5-b82be0790279: receive RaftClientReply:client-05D5A58C38F8->d072c18a-1b53-41d5-bae5-b82be0790279@group-13440712A48A, cid=45, FAILED org.apache.ratis.protocol.NotLeaderException: Server d072c18a-1b53-41d5-bae5-b82be0790279 is not the leader (37b777df-de08-4da5-9630-325a3e0e88a6:192.168.151.119:35524). Request must be sent to leader., logIndex=0, commits[d072c18a-1b53-41d5-bae5-b82be0790279:c8, 37b777df-de08-4da5-9630-325a3e0e88a6:c8, 4d6fff4c-5cb6-40a3-b677-a76fbdc0054d:c8]
2019-09-20 09:35:20,482 | INFO  | SCMAudit | user=jenkins1000 | ip=192.168.151.119 | op=SEND_HEARTBEAT {datanodeUUID=37b777df-de08-4da5-9630-325a3e0e88a6, command=[]} | ret=SUCCESS |  
2019-09-20 09:35:20,513 | INFO  | SCMAudit | user=jenkins1000 | ip=192.168.151.119 | op=SEND_HEARTBEAT {datanodeUUID=4d6fff4c-5cb6-40a3-b677-a76fbdc0054d, command=[]} | ret=SUCCESS |  
2019-09-20 09:35:20,516 | INFO  | SCMAudit | user=jenkins1000 | ip=192.168.151.119 | op=SEND_HEARTBEAT {datanodeUUID=d072c18a-1b53-41d5-bae5-b82be0790279, command=[]} | ret=SUCCESS |  
2019-09-20 09:35:20,608 | INFO  | SCMAudit | user=jenkins1000 | ip=192.168.151.119 | op=SEND_HEARTBEAT {datanodeUUID=10741cbd-d620-4a9b-9e67-51db8a2e0e6a, command=[]} | ret=SUCCESS |  
2019-09-20 09:35:20,846 | INFO  | SCMAudit | user=jenkins1000 | ip=192.168.151.119 | op=SEND_HEARTBEAT {datanodeUUID=d4fa05df-3099-4015-ad0e-4200365d2035, command=[]} | ret=SUCCESS |  
2019-09-20 09:35:21,000 | INFO  | SCMAudit | user=jenkins1000 | ip=192.168.151.119 | op=SEND_HEARTBEAT {datanodeUUID=86933813-1e1e-464a-ae0f-2ef91831d02b, command=[]} | ret=SUCCESS |  
2019-09-20 09:35:21,414 | INFO  | SCMAudit | user=jenkins1000 | ip=192.168.151.119 | op=SEND_HEARTBEAT {datanodeUUID=ba1e65fe-7169-476d-a778-4df70d7cdd6e, command=[]} | ret=SUCCESS |  
2019-09-20 09:35:21,479 | INFO  | SCMAudit | user=jenkins1000 | ip=192.168.151.119 | op=SEND_HEARTBEAT {datanodeUUID=37b777df-de08-4da5-9630-325a3e0e88a6, command=[]} | ret=SUCCESS |  
2019-09-20 09:35:21,513 | INFO  | SCMAudit | user=jenkins1000 | ip=192.168.151.119 | op=SEND_HEARTBEAT {datanodeUUID=4d6fff4c-5cb6-40a3-b677-a76fbdc0054d, command=[]} | ret=SUCCESS |  
2019-09-20 09:35:21,516 | INFO  | SCMAudit | user=jenkins1000 | ip=192.168.151.119 | op=SEND_HEARTBEAT {datanodeUUID=d072c18a-1b53-41d5-bae5-b82be0790279, command=[]} | ret=SUCCESS |  
2019-09-20 09:35:21,608 | INFO  | SCMAudit | user=jenkins1000 | ip=192.168.151.119 | op=SEND_HEARTBEAT {datanodeUUID=10741cbd-d620-4a9b-9e67-51db8a2e0e6a, command=[]} | ret=SUCCESS |  
2019-09-20 09:35:21,846 | INFO  | SCMAudit | user=jenkins1000 | ip=192.168.151.119 | op=SEND_HEARTBEAT {datanodeUUID=d4fa05df-3099-4015-ad0e-4200365d2035, command=[]} | ret=SUCCESS |  
2019-09-20 09:35:22,000 | INFO  | SCMAudit | user=jenkins1000 | ip=192.168.151.119 | op=SEND_HEARTBEAT {datanodeUUID=86933813-1e1e-464a-ae0f-2ef91831d02b, command=[]} | ret=SUCCESS |  
2019-09-20 09:35:22,414 | INFO  | SCMAudit | user=jenkins1000 | ip=192.168.151.119 | op=SEND_HEARTBEAT {datanodeUUID=ba1e65fe-7169-476d-a778-4df70d7cdd6e, command=[]} | ret=SUCCESS |  
2019-09-20 09:35:22,480 | INFO  | SCMAudit | user=jenkins1000 | ip=192.168.151.119 | op=SEND_HEARTBEAT {datanodeUUID=37b777df-de08-4da5-9630-325a3e0e88a6, command=[]} | ret=SUCCESS |  
2019-09-20 09:35:22,514 | INFO  | SCMAudit | user=jenkins1000 | ip=192.168.151.119 | op=SEND_HEARTBEAT {datanodeUUID=4d6fff4c-5cb6-40a3-b677-a76fbdc0054d, command=[]} | ret=SUCCESS |  
2019-09-20 09:35:22,516 | INFO  | SCMAudit | user=jenkins1000 | ip=192.168.151.119 | op=SEND_HEARTBEAT {datanodeUUID=d072c18a-1b53-41d5-bae5-b82be0790279, command=[]} | ret=SUCCESS |  
2019-09-20 09:35:22,608 | INFO  | SCMAudit | user=jenkins1000 | ip=192.168.151.119 | op=SEND_HEARTBEAT {datanodeUUID=10741cbd-d620-4a9b-9e67-51db8a2e0e6a, command=[]} | ret=SUCCESS |  
2019-09-20 09:35:22,847 | INFO  | SCMAudit | user=jenkins1000 | ip=192.168.151.119 | op=SEND_HEARTBEAT {datanodeUUID=d4fa05df-3099-4015-ad0e-4200365d2035, command=[]} | ret=SUCCESS |  
2019-09-20 09:35:23,001 | INFO  | SCMAudit | user=jenkins1000 | ip=192.168.151.119 | op=SEND_HEARTBEAT {datanodeUUID=86933813-1e1e-464a-ae0f-2ef91831d02b, command=[]} | ret=SUCCESS |  
2019-09-20 09:35:23,415 | INFO  | SCMAudit | user=jenkins1000 | ip=192.168.151.119 | op=SEND_HEARTBEAT {datanodeUUID=ba1e65fe-7169-476d-a778-4df70d7cdd6e, command=[]} | ret=SUCCESS |  
2019-09-20 09:35:23,480 | INFO  | SCMAudit | user=jenkins1000 | ip=192.168.151.119 | op=SEND_HEARTBEAT {datanodeUUID=37b777df-de08-4da5-9630-325a3e0e88a6, command=[]} | ret=SUCCESS |  
2019-09-20 09:35:23,514 | INFO  | SCMAudit | user=jenkins1000 | ip=192.168.151.119 | op=SEND_HEARTBEAT {datanodeUUID=4d6fff4c-5cb6-40a3-b677-a76fbdc0054d, command=[]} | ret=SUCCESS |  
2019-09-20 09:35:23,516 | INFO  | SCMAudit | user=jenkins1000 | ip=192.168.151.119 | op=SEND_HEARTBEAT {datanodeUUID=d072c18a-1b53-41d5-bae5-b82be0790279, command=[]} | ret=SUCCESS |  
2019-09-20 09:35:23,609 | INFO  | SCMAudit | user=jenkins1000 | ip=192.168.151.119 | op=SEND_HEARTBEAT {datanodeUUID=10741cbd-d620-4a9b-9e67-51db8a2e0e6a, command=[]} | ret=SUCCESS |  
2019-09-20 09:35:23,847 | INFO  | SCMAudit | user=jenkins1000 | ip=192.168.151.119 | op=SEND_HEARTBEAT {datanodeUUID=d4fa05df-3099-4015-ad0e-4200365d2035, command=[]} | ret=SUCCESS |  
2019-09-20 09:35:24,001 | INFO  | SCMAudit | user=jenkins1000 | ip=192.168.151.119 | op=SEND_HEARTBEAT {datanodeUUID=86933813-1e1e-464a-ae0f-2ef91831d02b, command=[]} | ret=SUCCESS |  
2019-09-20 09:35:24,415 | INFO  | SCMAudit | user=jenkins1000 | ip=192.168.151.119 | op=SEND_HEARTBEAT {datanodeUUID=ba1e65fe-7169-476d-a778-4df70d7cdd6e, command=[]} | ret=SUCCESS |  
2019-09-20 09:35:24,480 | INFO  | SCMAudit | user=jenkins1000 | ip=192.168.151.119 | op=SEND_HEARTBEAT {datanodeUUID=37b777df-de08-4da5-9630-325a3e0e88a6, command=[]} | ret=SUCCESS |  
2019-09-20 09:35:24,514 | INFO  | SCMAudit | user=jenkins1000 | ip=192.168.151.119 | op=SEND_HEARTBEAT {datanodeUUID=4d6fff4c-5cb6-40a3-b677-a76fbdc0054d, command=[]} | ret=SUCCESS |  
2019-09-20 09:35:24,516 | INFO  | SCMAudit | user=jenkins1000 | ip=192.168.151.119 | op=SEND_HEARTBEAT {datanodeUUID=d072c18a-1b53-41d5-bae5-b82be0790279, command=[]} | ret=SUCCESS |  
2019-09-20 09:35:24,609 | INFO  | SCMAudit | user=jenkins1000 | ip=192.168.151.119 | op=SEND_HEARTBEAT {datanodeUUID=10741cbd-d620-4a9b-9e67-51db8a2e0e6a, command=[]} | ret=SUCCESS |  
2019-09-20 09:35:24,847 | INFO  | SCMAudit | user=jenkins1000 | ip=192.168.151.119 | op=SEND_HEARTBEAT {datanodeUUID=d4fa05df-3099-4015-ad0e-4200365d2035, command=[]} | ret=SUCCESS |  
2019-09-20 09:35:25,001 | INFO  | SCMAudit | user=jenkins1000 | ip=192.168.151.119 | op=SEND_HEARTBEAT {datanodeUUID=86933813-1e1e-464a-ae0f-2ef91831d02b, command=[]} | ret=SUCCESS |  
2019-09-20 09:35:25,415 | INFO  | SCMAudit | user=jenkins1000 | ip=192.168.151.119 | op=SEND_HEARTBEAT {datanodeUUID=ba1e65fe-7169-476d-a778-4df70d7cdd6e, command=[]} | ret=SUCCESS |  
2019-09-20 09:35:25,480 | INFO  | SCMAudit | user=jenkins1000 | ip=192.168.151.119 | op=SEND_HEARTBEAT {datanodeUUID=37b777df-de08-4da5-9630-325a3e0e88a6, command=[]} | ret=SUCCESS |  
2019-09-20 09:35:25,509 [grpc-default-executor-0] INFO  client.GrpcClientProtocolClient (GrpcClientProtocolClient.java:onNext(255)) - client-05D5A58C38F8->4d6fff4c-5cb6-40a3-b677-a76fbdc0054d: receive RaftClientReply:client-05D5A58C38F8->4d6fff4c-5cb6-40a3-b677-a76fbdc0054d@group-13440712A48A, cid=45, FAILED org.apache.ratis.protocol.NotLeaderException: Server 4d6fff4c-5cb6-40a3-b677-a76fbdc0054d is not the leader (37b777df-de08-4da5-9630-325a3e0e88a6:192.168.151.119:35524). Request must be sent to leader., logIndex=0, commits[4d6fff4c-5cb6-40a3-b677-a76fbdc0054d:c8, d072c18a-1b53-41d5-bae5-b82be0790279:c8, 37b777df-de08-4da5-9630-325a3e0e88a6:c8]
2019-09-20 09:35:25,518 | INFO  | SCMAudit | user=jenkins1000 | ip=192.168.151.119 | op=SEND_HEARTBEAT {datanodeUUID=4d6fff4c-5cb6-40a3-b677-a76fbdc0054d, command=[]} | ret=SUCCESS |  
2019-09-20 09:35:25,518 | INFO  | SCMAudit | user=jenkins1000 | ip=192.168.151.119 | op=SEND_HEARTBEAT {datanodeUUID=d072c18a-1b53-41d5-bae5-b82be0790279, command=[]} | ret=SUCCESS |  
2019-09-20 09:35:25,609 | INFO  | SCMAudit | user=jenkins1000 | ip=192.168.151.119 | op=SEND_HEARTBEAT {datanodeUUID=10741cbd-d620-4a9b-9e67-51db8a2e0e6a, command=[]} | ret=SUCCESS |  
2019-09-20 09:35:25,847 | INFO  | SCMAudit | user=jenkins1000 | ip=192.168.151.119 | op=SEND_HEARTBEAT {datanodeUUID=d4fa05df-3099-4015-ad0e-4200365d2035, command=[]} | ret=SUCCESS |  
2019-09-20 09:35:26,000 | INFO  | SCMAudit | user=jenkins1000 | ip=192.168.151.119 | op=SEND_HEARTBEAT {datanodeUUID=86933813-1e1e-464a-ae0f-2ef91831d02b, command=[]} | ret=SUCCESS |  
2019-09-20 09:35:26,415 | INFO  | SCMAudit | user=jenkins1000 | ip=192.168.151.119 | op=SEND_HEARTBEAT {datanodeUUID=ba1e65fe-7169-476d-a778-4df70d7cdd6e, command=[]} | ret=SUCCESS |  
2019-09-20 09:35:26,480 | INFO  | SCMAudit | user=jenkins1000 | ip=192.168.151.119 | op=SEND_HEARTBEAT {datanodeUUID=37b777df-de08-4da5-9630-325a3e0e88a6, command=[]} | ret=SUCCESS |  
2019-09-20 09:35:26,516 | INFO  | SCMAudit | user=jenkins1000 | ip=192.168.151.119 | op=SEND_HEARTBEAT {datanodeUUID=4d6fff4c-5cb6-40a3-b677-a76fbdc0054d, command=[]} | ret=SUCCESS |  
2019-09-20 09:35:26,518 | INFO  | SCMAudit | user=jenkins1000 | ip=192.168.151.119 | op=SEND_HEARTBEAT {datanodeUUID=d072c18a-1b53-41d5-bae5-b82be0790279, command=[]} | ret=SUCCESS |  
2019-09-20 09:35:26,610 | INFO  | SCMAudit | user=jenkins1000 | ip=192.168.151.119 | op=SEND_HEARTBEAT {datanodeUUID=10741cbd-d620-4a9b-9e67-51db8a2e0e6a, command=[]} | ret=SUCCESS |  
2019-09-20 09:35:26,847 | INFO  | SCMAudit | user=jenkins1000 | ip=192.168.151.119 | op=SEND_HEARTBEAT {datanodeUUID=d4fa05df-3099-4015-ad0e-4200365d2035, command=[]} | ret=SUCCESS |  
2019-09-20 09:35:27,000 | INFO  | SCMAudit | user=jenkins1000 | ip=192.168.151.119 | op=SEND_HEARTBEAT {datanodeUUID=86933813-1e1e-464a-ae0f-2ef91831d02b, command=[]} | ret=SUCCESS |  
2019-09-20 09:35:27,417 | INFO  | SCMAudit | user=jenkins1000 | ip=192.168.151.119 | op=SEND_HEARTBEAT {datanodeUUID=ba1e65fe-7169-476d-a778-4df70d7cdd6e, command=[]} | ret=SUCCESS |  
2019-09-20 09:35:27,481 | INFO  | SCMAudit | user=jenkins1000 | ip=192.168.151.119 | op=SEND_HEARTBEAT {datanodeUUID=37b777df-de08-4da5-9630-325a3e0e88a6, command=[]} | ret=SUCCESS |  
2019-09-20 09:35:27,516 | INFO  | SCMAudit | user=jenkins1000 | ip=192.168.151.119 | op=SEND_HEARTBEAT {datanodeUUID=4d6fff4c-5cb6-40a3-b677-a76fbdc0054d, command=[]} | ret=SUCCESS |  
2019-09-20 09:35:27,525 | INFO  | SCMAudit | user=jenkins1000 | ip=192.168.151.119 | op=SEND_HEARTBEAT {datanodeUUID=d072c18a-1b53-41d5-bae5-b82be0790279, command=[]} | ret=SUCCESS |  
2019-09-20 09:35:27,610 | INFO  | SCMAudit | user=jenkins1000 | ip=192.168.151.119 | op=SEND_HEARTBEAT {datanodeUUID=10741cbd-d620-4a9b-9e67-51db8a2e0e6a, command=[]} | ret=SUCCESS |  
2019-09-20 09:35:27,848 | INFO  | SCMAudit | user=jenkins1000 | ip=192.168.151.119 | op=SEND_HEARTBEAT {datanodeUUID=d4fa05df-3099-4015-ad0e-4200365d2035, command=[]} | ret=SUCCESS |  
2019-09-20 09:35:28,000 | INFO  | SCMAudit | user=jenkins1000 | ip=192.168.151.119 | op=SEND_HEARTBEAT {datanodeUUID=86933813-1e1e-464a-ae0f-2ef91831d02b, command=[]} | ret=SUCCESS |  
2019-09-20 09:35:28,416 | INFO  | SCMAudit | user=jenkins1000 | ip=192.168.151.119 | op=SEND_HEARTBEAT {datanodeUUID=ba1e65fe-7169-476d-a778-4df70d7cdd6e, command=[]} | ret=SUCCESS |  
2019-09-20 09:35:28,480 | INFO  | SCMAudit | user=jenkins1000 | ip=192.168.151.119 | op=SEND_HEARTBEAT {datanodeUUID=37b777df-de08-4da5-9630-325a3e0e88a6, command=[]} | ret=SUCCESS |  
2019-09-20 09:35:28,517 | INFO  | SCMAudit | user=jenkins1000 | ip=192.168.151.119 | op=SEND_HEARTBEAT {datanodeUUID=4d6fff4c-5cb6-40a3-b677-a76fbdc0054d, command=[]} | ret=SUCCESS |  
2019-09-20 09:35:28,528 | INFO  | SCMAudit | user=jenkins1000 | ip=192.168.151.119 | op=SEND_HEARTBEAT {datanodeUUID=d072c18a-1b53-41d5-bae5-b82be0790279, command=[]} | ret=SUCCESS |  
2019-09-20 09:35:28,610 | INFO  | SCMAudit | user=jenkins1000 | ip=192.168.151.119 | op=SEND_HEARTBEAT {datanodeUUID=10741cbd-d620-4a9b-9e67-51db8a2e0e6a, command=[]} | ret=SUCCESS |  
2019-09-20 09:35:28,848 | INFO  | SCMAudit | user=jenkins1000 | ip=192.168.151.119 | op=SEND_HEARTBEAT {datanodeUUID=d4fa05df-3099-4015-ad0e-4200365d2035, command=[]} | ret=SUCCESS |  
2019-09-20 09:35:29,001 | INFO  | SCMAudit | user=jenkins1000 | ip=192.168.151.119 | op=SEND_HEARTBEAT {datanodeUUID=86933813-1e1e-464a-ae0f-2ef91831d02b, command=[]} | ret=SUCCESS |  
2019-09-20 09:35:29,416 | INFO  | SCMAudit | user=jenkins1000 | ip=192.168.151.119 | op=SEND_HEARTBEAT {datanodeUUID=ba1e65fe-7169-476d-a778-4df70d7cdd6e, command=[]} | ret=SUCCESS |  
2019-09-20 09:35:29,480 | INFO  | SCMAudit | user=jenkins1000 | ip=192.168.151.119 | op=SEND_HEARTBEAT {datanodeUUID=37b777df-de08-4da5-9630-325a3e0e88a6, command=[]} | ret=SUCCESS |  
2019-09-20 09:35:29,516 | INFO  | SCMAudit | user=jenkins1000 | ip=192.168.151.119 | op=SEND_HEARTBEAT {datanodeUUID=4d6fff4c-5cb6-40a3-b677-a76fbdc0054d, command=[]} | ret=SUCCESS |  
2019-09-20 09:35:29,535 | INFO  | SCMAudit | user=jenkins1000 | ip=192.168.151.119 | op=SEND_HEARTBEAT {datanodeUUID=d072c18a-1b53-41d5-bae5-b82be0790279, command=[]} | ret=SUCCESS |  
2019-09-20 09:35:29,611 | INFO  | SCMAudit | user=jenkins1000 | ip=192.168.151.119 | op=SEND_HEARTBEAT {datanodeUUID=10741cbd-d620-4a9b-9e67-51db8a2e0e6a, command=[]} | ret=SUCCESS |  
2019-09-20 09:35:29,848 | INFO  | SCMAudit | user=jenkins1000 | ip=192.168.151.119 | op=SEND_HEARTBEAT {datanodeUUID=d4fa05df-3099-4015-ad0e-4200365d2035, command=[]} | ret=SUCCESS |  
2019-09-20 09:35:30,001 | INFO  | SCMAudit | user=jenkins1000 | ip=192.168.151.119 | op=SEND_HEARTBEAT {datanodeUUID=86933813-1e1e-464a-ae0f-2ef91831d02b, command=[]} | ret=SUCCESS |  
2019-09-20 09:35:30,416 | INFO  | SCMAudit | user=jenkins1000 | ip=192.168.151.119 | op=SEND_HEARTBEAT {datanodeUUID=ba1e65fe-7169-476d-a778-4df70d7cdd6e, command=[]} | ret=SUCCESS |  
2019-09-20 09:35:30,481 | INFO  | SCMAudit | user=jenkins1000 | ip=192.168.151.119 | op=SEND_HEARTBEAT {datanodeUUID=37b777df-de08-4da5-9630-325a3e0e88a6, command=[]} | ret=SUCCESS |  
2019-09-20 09:35:30,516 | INFO  | SCMAudit | user=jenkins1000 | ip=192.168.151.119 | op=SEND_HEARTBEAT {datanodeUUID=4d6fff4c-5cb6-40a3-b677-a76fbdc0054d, command=[]} | ret=SUCCESS |  
2019-09-20 09:35:30,531 | INFO  | SCMAudit | user=jenkins1000 | ip=192.168.151.119 | op=SEND_HEARTBEAT {datanodeUUID=d072c18a-1b53-41d5-bae5-b82be0790279, command=[]} | ret=SUCCESS |  
2019-09-20 09:35:30,559 [grpc-default-executor-0] INFO  client.GrpcClientProtocolClient (GrpcClientProtocolClient.java:onNext(255)) - client-05D5A58C38F8->4d6fff4c-5cb6-40a3-b677-a76fbdc0054d: receive RaftClientReply:client-05D5A58C38F8->4d6fff4c-5cb6-40a3-b677-a76fbdc0054d@group-13440712A48A, cid=45, FAILED org.apache.ratis.protocol.NotLeaderException: Server 4d6fff4c-5cb6-40a3-b677-a76fbdc0054d is not the leader (37b777df-de08-4da5-9630-325a3e0e88a6:192.168.151.119:35524). Request must be sent to leader., logIndex=0, commits[4d6fff4c-5cb6-40a3-b677-a76fbdc0054d:c8, d072c18a-1b53-41d5-bae5-b82be0790279:c8, 37b777df-de08-4da5-9630-325a3e0e88a6:c8]
2019-09-20 09:35:30,611 | INFO  | SCMAudit | user=jenkins1000 | ip=192.168.151.119 | op=SEND_HEARTBEAT {datanodeUUID=10741cbd-d620-4a9b-9e67-51db8a2e0e6a, command=[]} | ret=SUCCESS |  
2019-09-20 09:35:30,847 | INFO  | SCMAudit | user=jenkins1000 | ip=192.168.151.119 | op=SEND_HEARTBEAT {datanodeUUID=d4fa05df-3099-4015-ad0e-4200365d2035, command=[]} | ret=SUCCESS |  
2019-09-20 09:35:31,000 | INFO  | SCMAudit | user=jenkins1000 | ip=192.168.151.119 | op=SEND_HEARTBEAT {datanodeUUID=86933813-1e1e-464a-ae0f-2ef91831d02b, command=[]} | ret=SUCCESS |  
2019-09-20 09:35:31,417 | INFO  | SCMAudit | user=jenkins1000 | ip=192.168.151.119 | op=SEND_HEARTBEAT {datanodeUUID=ba1e65fe-7169-476d-a778-4df70d7cdd6e, command=[]} | ret=SUCCESS |  
2019-09-20 09:35:31,481 | INFO  | SCMAudit | user=jenkins1000 | ip=192.168.151.119 | op=SEND_HEARTBEAT {datanodeUUID=37b777df-de08-4da5-9630-325a3e0e88a6, command=[]} | ret=SUCCESS |  
2019-09-20 09:35:31,516 | INFO  | SCMAudit | user=jenkins1000 | ip=192.168.151.119 | op=SEND_HEARTBEAT {datanodeUUID=4d6fff4c-5cb6-40a3-b677-a76fbdc0054d, command=[]} | ret=SUCCESS |  
2019-09-20 09:35:31,531 | INFO  | SCMAudit | user=jenkins1000 | ip=192.168.151.119 | op=SEND_HEARTBEAT {datanodeUUID=d072c18a-1b53-41d5-bae5-b82be0790279, command=[]} | ret=SUCCESS |  
2019-09-20 09:35:31,611 | INFO  | SCMAudit | user=jenkins1000 | ip=192.168.151.119 | op=SEND_HEARTBEAT {datanodeUUID=10741cbd-d620-4a9b-9e67-51db8a2e0e6a, command=[]} | ret=SUCCESS |  
2019-09-20 09:35:31,847 | INFO  | SCMAudit | user=jenkins1000 | ip=192.168.151.119 | op=SEND_HEARTBEAT {datanodeUUID=d4fa05df-3099-4015-ad0e-4200365d2035, command=[]} | ret=SUCCESS |  
2019-09-20 09:35:32,001 | INFO  | SCMAudit | user=jenkins1000 | ip=192.168.151.119 | op=SEND_HEARTBEAT {datanodeUUID=86933813-1e1e-464a-ae0f-2ef91831d02b, command=[]} | ret=SUCCESS |  
2019-09-20 09:35:32,417 | INFO  | SCMAudit | user=jenkins1000 | ip=192.168.151.119 | op=SEND_HEARTBEAT {datanodeUUID=ba1e65fe-7169-476d-a778-4df70d7cdd6e, command=[]} | ret=SUCCESS |  
2019-09-20 09:35:32,481 | INFO  | SCMAudit | user=jenkins1000 | ip=192.168.151.119 | op=SEND_HEARTBEAT {datanodeUUID=37b777df-de08-4da5-9630-325a3e0e88a6, command=[]} | ret=SUCCESS |  
2019-09-20 09:35:32,517 | INFO  | SCMAudit | user=jenkins1000 | ip=192.168.151.119 | op=SEND_HEARTBEAT {datanodeUUID=4d6fff4c-5cb6-40a3-b677-a76fbdc0054d, command=[]} | ret=SUCCESS |  
2019-09-20 09:35:32,531 | INFO  | SCMAudit | user=jenkins1000 | ip=192.168.151.119 | op=SEND_HEARTBEAT {datanodeUUID=d072c18a-1b53-41d5-bae5-b82be0790279, command=[]} | ret=SUCCESS |  
2019-09-20 09:35:32,611 | INFO  | SCMAudit | user=jenkins1000 | ip=192.168.151.119 | op=SEND_HEARTBEAT {datanodeUUID=10741cbd-d620-4a9b-9e67-51db8a2e0e6a, command=[]} | ret=SUCCESS |  
2019-09-20 09:35:32,848 | INFO  | SCMAudit | user=jenkins1000 | ip=192.168.151.119 | op=SEND_HEARTBEAT {datanodeUUID=d4fa05df-3099-4015-ad0e-4200365d2035, command=[]} | ret=SUCCESS |  
2019-09-20 09:35:33,000 | INFO  | SCMAudit | user=jenkins1000 | ip=192.168.151.119 | op=SEND_HEARTBEAT {datanodeUUID=86933813-1e1e-464a-ae0f-2ef91831d02b, command=[]} | ret=SUCCESS |  
2019-09-20 09:35:33,417 | INFO  | SCMAudit | user=jenkins1000 | ip=192.168.151.119 | op=SEND_HEARTBEAT {datanodeUUID=ba1e65fe-7169-476d-a778-4df70d7cdd6e, command=[]} | ret=SUCCESS |  
2019-09-20 09:35:33,481 | INFO  | SCMAudit | user=jenkins1000 | ip=192.168.151.119 | op=SEND_HEARTBEAT {datanodeUUID=37b777df-de08-4da5-9630-325a3e0e88a6, command=[]} | ret=SUCCESS |  
2019-09-20 09:35:33,517 | INFO  | SCMAudit | user=jenkins1000 | ip=192.168.151.119 | op=SEND_HEARTBEAT {datanodeUUID=4d6fff4c-5cb6-40a3-b677-a76fbdc0054d, command=[]} | ret=SUCCESS |  
2019-09-20 09:35:33,531 | INFO  | SCMAudit | user=jenkins1000 | ip=192.168.151.119 | op=SEND_HEARTBEAT {datanodeUUID=d072c18a-1b53-41d5-bae5-b82be0790279, command=[]} | ret=SUCCESS |  
2019-09-20 09:35:33,611 | INFO  | SCMAudit | user=jenkins1000 | ip=192.168.151.119 | op=SEND_HEARTBEAT {datanodeUUID=10741cbd-d620-4a9b-9e67-51db8a2e0e6a, command=[]} | ret=SUCCESS |  
2019-09-20 09:35:33,848 | INFO  | SCMAudit | user=jenkins1000 | ip=192.168.151.119 | op=SEND_HEARTBEAT {datanodeUUID=d4fa05df-3099-4015-ad0e-4200365d2035, command=[]} | ret=SUCCESS |  
2019-09-20 09:35:34,000 | INFO  | SCMAudit | user=jenkins1000 | ip=192.168.151.119 | op=SEND_HEARTBEAT {datanodeUUID=86933813-1e1e-464a-ae0f-2ef91831d02b, command=[]} | ret=SUCCESS |  
2019-09-20 09:35:34,417 | INFO  | SCMAudit | user=jenkins1000 | ip=192.168.151.119 | op=SEND_HEARTBEAT {datanodeUUID=ba1e65fe-7169-476d-a778-4df70d7cdd6e, command=[]} | ret=SUCCESS |  
2019-09-20 09:35:34,482 | INFO  | SCMAudit | user=jenkins1000 | ip=192.168.151.119 | op=SEND_HEARTBEAT {datanodeUUID=37b777df-de08-4da5-9630-325a3e0e88a6, command=[]} | ret=SUCCESS |  
2019-09-20 09:35:34,517 | INFO  | SCMAudit | user=jenkins1000 | ip=192.168.151.119 | op=SEND_HEARTBEAT {datanodeUUID=4d6fff4c-5cb6-40a3-b677-a76fbdc0054d, command=[]} | ret=SUCCESS |  
2019-09-20 09:35:34,531 | INFO  | SCMAudit | user=jenkins1000 | ip=192.168.151.119 | op=SEND_HEARTBEAT {datanodeUUID=d072c18a-1b53-41d5-bae5-b82be0790279, command=[]} | ret=SUCCESS |  
2019-09-20 09:35:34,612 | INFO  | SCMAudit | user=jenkins1000 | ip=192.168.151.119 | op=SEND_HEARTBEAT {datanodeUUID=10741cbd-d620-4a9b-9e67-51db8a2e0e6a, command=[]} | ret=SUCCESS |  
2019-09-20 09:35:34,847 | INFO  | SCMAudit | user=jenkins1000 | ip=192.168.151.119 | op=SEND_HEARTBEAT {datanodeUUID=d4fa05df-3099-4015-ad0e-4200365d2035, command=[]} | ret=SUCCESS |  
2019-09-20 09:35:35,001 | INFO  | SCMAudit | user=jenkins1000 | ip=192.168.151.119 | op=SEND_HEARTBEAT {datanodeUUID=86933813-1e1e-464a-ae0f-2ef91831d02b, command=[]} | ret=SUCCESS |  
2019-09-20 09:35:35,417 | INFO  | SCMAudit | user=jenkins1000 | ip=192.168.151.119 | op=SEND_HEARTBEAT {datanodeUUID=ba1e65fe-7169-476d-a778-4df70d7cdd6e, command=[]} | ret=SUCCESS |  
2019-09-20 09:35:35,482 | INFO  | SCMAudit | user=jenkins1000 | ip=192.168.151.119 | op=SEND_HEARTBEAT {datanodeUUID=37b777df-de08-4da5-9630-325a3e0e88a6, command=[]} | ret=SUCCESS |  
2019-09-20 09:35:35,517 | INFO  | SCMAudit | user=jenkins1000 | ip=192.168.151.119 | op=SEND_HEARTBEAT {datanodeUUID=4d6fff4c-5cb6-40a3-b677-a76fbdc0054d, command=[]} | ret=SUCCESS |  
2019-09-20 09:35:35,531 | INFO  | SCMAudit | user=jenkins1000 | ip=192.168.151.119 | op=SEND_HEARTBEAT {datanodeUUID=d072c18a-1b53-41d5-bae5-b82be0790279, command=[]} | ret=SUCCESS |  
2019-09-20 09:35:35,603 [grpc-default-executor-0] INFO  client.GrpcClientProtocolClient (GrpcClientProtocolClient.java:onNext(255)) - client-05D5A58C38F8->4d6fff4c-5cb6-40a3-b677-a76fbdc0054d: receive RaftClientReply:client-05D5A58C38F8->4d6fff4c-5cb6-40a3-b677-a76fbdc0054d@group-13440712A48A, cid=45, FAILED org.apache.ratis.protocol.NotLeaderException: Server 4d6fff4c-5cb6-40a3-b677-a76fbdc0054d is not the leader (37b777df-de08-4da5-9630-325a3e0e88a6:192.168.151.119:35524). Request must be sent to leader., logIndex=0, commits[4d6fff4c-5cb6-40a3-b677-a76fbdc0054d:c8, d072c18a-1b53-41d5-bae5-b82be0790279:c8, 37b777df-de08-4da5-9630-325a3e0e88a6:c8]
2019-09-20 09:35:35,613 | INFO  | SCMAudit | user=jenkins1000 | ip=192.168.151.119 | op=SEND_HEARTBEAT {datanodeUUID=10741cbd-d620-4a9b-9e67-51db8a2e0e6a, command=[]} | ret=SUCCESS |  
2019-09-20 09:35:35,847 | INFO  | SCMAudit | user=jenkins1000 | ip=192.168.151.119 | op=SEND_HEARTBEAT {datanodeUUID=d4fa05df-3099-4015-ad0e-4200365d2035, command=[]} | ret=SUCCESS |  
2019-09-20 09:35:36,000 | INFO  | SCMAudit | user=jenkins1000 | ip=192.168.151.119 | op=SEND_HEARTBEAT {datanodeUUID=86933813-1e1e-464a-ae0f-2ef91831d02b, command=[]} | ret=SUCCESS |  
2019-09-20 09:35:36,417 | INFO  | SCMAudit | user=jenkins1000 | ip=192.168.151.119 | op=SEND_HEARTBEAT {datanodeUUID=ba1e65fe-7169-476d-a778-4df70d7cdd6e, command=[]} | ret=SUCCESS |  
2019-09-20 09:35:36,482 | INFO  | SCMAudit | user=jenkins1000 | ip=192.168.151.119 | op=SEND_HEARTBEAT {datanodeUUID=37b777df-de08-4da5-9630-325a3e0e88a6, command=[]} | ret=SUCCESS |  
2019-09-20 09:35:36,517 | INFO  | SCMAudit | user=jenkins1000 | ip=192.168.151.119 | op=SEND_HEARTBEAT {datanodeUUID=4d6fff4c-5cb6-40a3-b677-a76fbdc0054d, command=[]} | ret=SUCCESS |  
2019-09-20 09:35:36,532 | INFO  | SCMAudit | user=jenkins1000 | ip=192.168.151.119 | op=SEND_HEARTBEAT {datanodeUUID=d072c18a-1b53-41d5-bae5-b82be0790279, command=[]} | ret=SUCCESS |  
2019-09-20 09:35:36,614 | INFO  | SCMAudit | user=jenkins1000 | ip=192.168.151.119 | op=SEND_HEARTBEAT {datanodeUUID=10741cbd-d620-4a9b-9e67-51db8a2e0e6a, command=[]} | ret=SUCCESS |  
2019-09-20 09:35:36,848 | INFO  | SCMAudit | user=jenkins1000 | ip=192.168.151.119 | op=SEND_HEARTBEAT {datanodeUUID=d4fa05df-3099-4015-ad0e-4200365d2035, command=[]} | ret=SUCCESS |  
2019-09-20 09:35:37,001 | INFO  | SCMAudit | user=jenkins1000 | ip=192.168.151.119 | op=SEND_HEARTBEAT {datanodeUUID=86933813-1e1e-464a-ae0f-2ef91831d02b, command=[]} | ret=SUCCESS |  
2019-09-20 09:35:37,418 | INFO  | SCMAudit | user=jenkins1000 | ip=192.168.151.119 | op=SEND_HEARTBEAT {datanodeUUID=ba1e65fe-7169-476d-a778-4df70d7cdd6e, command=[]} | ret=SUCCESS |  
2019-09-20 09:35:37,483 | INFO  | SCMAudit | user=jenkins1000 | ip=192.168.151.119 | op=SEND_HEARTBEAT {datanodeUUID=37b777df-de08-4da5-9630-325a3e0e88a6, command=[]} | ret=SUCCESS |  
2019-09-20 09:35:37,517 | INFO  | SCMAudit | user=jenkins1000 | ip=192.168.151.119 | op=SEND_HEARTBEAT {datanodeUUID=4d6fff4c-5cb6-40a3-b677-a76fbdc0054d, command=[]} | ret=SUCCESS |  
2019-09-20 09:35:37,532 | INFO  | SCMAudit | user=jenkins1000 | ip=192.168.151.119 | op=SEND_HEARTBEAT {datanodeUUID=d072c18a-1b53-41d5-bae5-b82be0790279, command=[]} | ret=SUCCESS |  
2019-09-20 09:35:37,613 | INFO  | SCMAudit | user=jenkins1000 | ip=192.168.151.119 | op=SEND_HEARTBEAT {datanodeUUID=10741cbd-d620-4a9b-9e67-51db8a2e0e6a, command=[]} | ret=SUCCESS |  
2019-09-20 09:35:37,848 | INFO  | SCMAudit | user=jenkins1000 | ip=192.168.151.119 | op=SEND_HEARTBEAT {datanodeUUID=d4fa05df-3099-4015-ad0e-4200365d2035, command=[]} | ret=SUCCESS |  
2019-09-20 09:35:38,001 | INFO  | SCMAudit | user=jenkins1000 | ip=192.168.151.119 | op=SEND_HEARTBEAT {datanodeUUID=86933813-1e1e-464a-ae0f-2ef91831d02b, command=[]} | ret=SUCCESS |  
2019-09-20 09:35:38,418 | INFO  | SCMAudit | user=jenkins1000 | ip=192.168.151.119 | op=SEND_HEARTBEAT {datanodeUUID=ba1e65fe-7169-476d-a778-4df70d7cdd6e, command=[]} | ret=SUCCESS |  
2019-09-20 09:35:38,483 | INFO  | SCMAudit | user=jenkins1000 | ip=192.168.151.119 | op=SEND_HEARTBEAT {datanodeUUID=37b777df-de08-4da5-9630-325a3e0e88a6, command=[]} | ret=SUCCESS |  
2019-09-20 09:35:38,518 | INFO  | SCMAudit | user=jenkins1000 | ip=192.168.151.119 | op=SEND_HEARTBEAT {datanodeUUID=4d6fff4c-5cb6-40a3-b677-a76fbdc0054d, command=[]} | ret=SUCCESS |  
2019-09-20 09:35:38,531 | INFO  | SCMAudit | user=jenkins1000 | ip=192.168.151.119 | op=SEND_HEARTBEAT {datanodeUUID=d072c18a-1b53-41d5-bae5-b82be0790279, command=[]} | ret=SUCCESS |  
2019-09-20 09:35:38,613 | INFO  | SCMAudit | user=jenkins1000 | ip=192.168.151.119 | op=SEND_HEARTBEAT {datanodeUUID=10741cbd-d620-4a9b-9e67-51db8a2e0e6a, command=[]} | ret=SUCCESS |  
2019-09-20 09:35:38,848 | INFO  | SCMAudit | user=jenkins1000 | ip=192.168.151.119 | op=SEND_HEARTBEAT {datanodeUUID=d4fa05df-3099-4015-ad0e-4200365d2035, command=[]} | ret=SUCCESS |  
2019-09-20 09:35:39,000 | INFO  | SCMAudit | user=jenkins1000 | ip=192.168.151.119 | op=SEND_HEARTBEAT {datanodeUUID=86933813-1e1e-464a-ae0f-2ef91831d02b, command=[]} | ret=SUCCESS |  
2019-09-20 09:35:39,417 | INFO  | SCMAudit | user=jenkins1000 | ip=192.168.151.119 | op=SEND_HEARTBEAT {datanodeUUID=ba1e65fe-7169-476d-a778-4df70d7cdd6e, command=[]} | ret=SUCCESS |  
2019-09-20 09:35:39,483 | INFO  | SCMAudit | user=jenkins1000 | ip=192.168.151.119 | op=SEND_HEARTBEAT {datanodeUUID=37b777df-de08-4da5-9630-325a3e0e88a6, command=[]} | ret=SUCCESS |  
2019-09-20 09:35:39,518 | INFO  | SCMAudit | user=jenkins1000 | ip=192.168.151.119 | op=SEND_HEARTBEAT {datanodeUUID=4d6fff4c-5cb6-40a3-b677-a76fbdc0054d, command=[]} | ret=SUCCESS |  
2019-09-20 09:35:39,531 | INFO  | SCMAudit | user=jenkins1000 | ip=192.168.151.119 | op=SEND_HEARTBEAT {datanodeUUID=d072c18a-1b53-41d5-bae5-b82be0790279, command=[]} | ret=SUCCESS |  
2019-09-20 09:35:39,613 | INFO  | SCMAudit | user=jenkins1000 | ip=192.168.151.119 | op=SEND_HEARTBEAT {datanodeUUID=10741cbd-d620-4a9b-9e67-51db8a2e0e6a, command=[]} | ret=SUCCESS |  
2019-09-20 09:35:39,848 | INFO  | SCMAudit | user=jenkins1000 | ip=192.168.151.119 | op=SEND_HEARTBEAT {datanodeUUID=d4fa05df-3099-4015-ad0e-4200365d2035, command=[]} | ret=SUCCESS |  
2019-09-20 09:35:40,001 | INFO  | SCMAudit | user=jenkins1000 | ip=192.168.151.119 | op=SEND_HEARTBEAT {datanodeUUID=86933813-1e1e-464a-ae0f-2ef91831d02b, command=[]} | ret=SUCCESS |  
2019-09-20 09:35:40,417 | INFO  | SCMAudit | user=jenkins1000 | ip=192.168.151.119 | op=SEND_HEARTBEAT {datanodeUUID=ba1e65fe-7169-476d-a778-4df70d7cdd6e, command=[]} | ret=SUCCESS |  
2019-09-20 09:35:40,483 | INFO  | SCMAudit | user=jenkins1000 | ip=192.168.151.119 | op=SEND_HEARTBEAT {datanodeUUID=37b777df-de08-4da5-9630-325a3e0e88a6, command=[]} | ret=SUCCESS |  
2019-09-20 09:35:40,518 | INFO  | SCMAudit | user=jenkins1000 | ip=192.168.151.119 | op=SEND_HEARTBEAT {datanodeUUID=4d6fff4c-5cb6-40a3-b677-a76fbdc0054d, command=[]} | ret=SUCCESS |  
2019-09-20 09:35:40,531 | INFO  | SCMAudit | user=jenkins1000 | ip=192.168.151.119 | op=SEND_HEARTBEAT {datanodeUUID=d072c18a-1b53-41d5-bae5-b82be0790279, command=[]} | ret=SUCCESS |  
2019-09-20 09:35:40,613 | INFO  | SCMAudit | user=jenkins1000 | ip=192.168.151.119 | op=SEND_HEARTBEAT {datanodeUUID=10741cbd-d620-4a9b-9e67-51db8a2e0e6a, command=[]} | ret=SUCCESS |  
2019-09-20 09:35:40,637 [grpc-default-executor-5] INFO  client.GrpcClientProtocolClient (GrpcClientProtocolClient.java:onNext(255)) - client-05D5A58C38F8->d072c18a-1b53-41d5-bae5-b82be0790279: receive RaftClientReply:client-05D5A58C38F8->d072c18a-1b53-41d5-bae5-b82be0790279@group-13440712A48A, cid=45, FAILED org.apache.ratis.protocol.NotLeaderException: Server d072c18a-1b53-41d5-bae5-b82be0790279 is not the leader (37b777df-de08-4da5-9630-325a3e0e88a6:192.168.151.119:35524). Request must be sent to leader., logIndex=0, commits[d072c18a-1b53-41d5-bae5-b82be0790279:c8, 37b777df-de08-4da5-9630-325a3e0e88a6:c8, 4d6fff4c-5cb6-40a3-b677-a76fbdc0054d:c8]
2019-09-20 09:35:40,849 | INFO  | SCMAudit | user=jenkins1000 | ip=192.168.151.119 | op=SEND_HEARTBEAT {datanodeUUID=d4fa05df-3099-4015-ad0e-4200365d2035, command=[]} | ret=SUCCESS |  
2019-09-20 09:35:41,001 | INFO  | SCMAudit | user=jenkins1000 | ip=192.168.151.119 | op=SEND_HEARTBEAT {datanodeUUID=86933813-1e1e-464a-ae0f-2ef91831d02b, command=[]} | ret=SUCCESS |  
2019-09-20 09:35:41,417 | INFO  | SCMAudit | user=jenkins1000 | ip=192.168.151.119 | op=SEND_HEARTBEAT {datanodeUUID=ba1e65fe-7169-476d-a778-4df70d7cdd6e, command=[]} | ret=SUCCESS |  
2019-09-20 09:35:41,483 | INFO  | SCMAudit | user=jenkins1000 | ip=192.168.151.119 | op=SEND_HEARTBEAT {datanodeUUID=37b777df-de08-4da5-9630-325a3e0e88a6, command=[]} | ret=SUCCESS |  
2019-09-20 09:35:41,518 | INFO  | SCMAudit | user=jenkins1000 | ip=192.168.151.119 | op=SEND_HEARTBEAT {datanodeUUID=4d6fff4c-5cb6-40a3-b677-a76fbdc0054d, command=[]} | ret=SUCCESS |  
2019-09-20 09:35:41,531 | INFO  | SCMAudit | user=jenkins1000 | ip=192.168.151.119 | op=SEND_HEARTBEAT {datanodeUUID=d072c18a-1b53-41d5-bae5-b82be0790279, command=[]} | ret=SUCCESS |  
2019-09-20 09:35:41,614 | INFO  | SCMAudit | user=jenkins1000 | ip=192.168.151.119 | op=SEND_HEARTBEAT {datanodeUUID=10741cbd-d620-4a9b-9e67-51db8a2e0e6a, command=[]} | ret=SUCCESS |  
2019-09-20 09:35:41,849 | INFO  | SCMAudit | user=jenkins1000 | ip=192.168.151.119 | op=SEND_HEARTBEAT {datanodeUUID=d4fa05df-3099-4015-ad0e-4200365d2035, command=[]} | ret=SUCCESS |  
2019-09-20 09:35:42,000 | INFO  | SCMAudit | user=jenkins1000 | ip=192.168.151.119 | op=SEND_HEARTBEAT {datanodeUUID=86933813-1e1e-464a-ae0f-2ef91831d02b, command=[]} | ret=SUCCESS |  
2019-09-20 09:35:42,417 | INFO  | SCMAudit | user=jenkins1000 | ip=192.168.151.119 | op=SEND_HEARTBEAT {datanodeUUID=ba1e65fe-7169-476d-a778-4df70d7cdd6e, command=[]} | ret=SUCCESS |  
2019-09-20 09:35:42,484 | INFO  | SCMAudit | user=jenkins1000 | ip=192.168.151.119 | op=SEND_HEARTBEAT {datanodeUUID=37b777df-de08-4da5-9630-325a3e0e88a6, command=[]} | ret=SUCCESS |  
2019-09-20 09:35:42,519 | INFO  | SCMAudit | user=jenkins1000 | ip=192.168.151.119 | op=SEND_HEARTBEAT {datanodeUUID=4d6fff4c-5cb6-40a3-b677-a76fbdc0054d, command=[]} | ret=SUCCESS |  
2019-09-20 09:35:42,531 | INFO  | SCMAudit | user=jenkins1000 | ip=192.168.151.119 | op=SEND_HEARTBEAT {datanodeUUID=d072c18a-1b53-41d5-bae5-b82be0790279, command=[]} | ret=SUCCESS |  
2019-09-20 09:35:42,614 | INFO  | SCMAudit | user=jenkins1000 | ip=192.168.151.119 | op=SEND_HEARTBEAT {datanodeUUID=10741cbd-d620-4a9b-9e67-51db8a2e0e6a, command=[]} | ret=SUCCESS |  
2019-09-20 09:35:42,848 | INFO  | SCMAudit | user=jenkins1000 | ip=192.168.151.119 | op=SEND_HEARTBEAT {datanodeUUID=d4fa05df-3099-4015-ad0e-4200365d2035, command=[]} | ret=SUCCESS |  
2019-09-20 09:35:43,001 | INFO  | SCMAudit | user=jenkins1000 | ip=192.168.151.119 | op=SEND_HEARTBEAT {datanodeUUID=86933813-1e1e-464a-ae0f-2ef91831d02b, command=[]} | ret=SUCCESS |  
2019-09-20 09:35:43,418 | INFO  | SCMAudit | user=jenkins1000 | ip=192.168.151.119 | op=SEND_HEARTBEAT {datanodeUUID=ba1e65fe-7169-476d-a778-4df70d7cdd6e, command=[]} | ret=SUCCESS |  
2019-09-20 09:35:43,484 | INFO  | SCMAudit | user=jenkins1000 | ip=192.168.151.119 | op=SEND_HEARTBEAT {datanodeUUID=37b777df-de08-4da5-9630-325a3e0e88a6, command=[]} | ret=SUCCESS |  
2019-09-20 09:35:43,519 | INFO  | SCMAudit | user=jenkins1000 | ip=192.168.151.119 | op=SEND_HEARTBEAT {datanodeUUID=4d6fff4c-5cb6-40a3-b677-a76fbdc0054d, command=[]} | ret=SUCCESS |  
2019-09-20 09:35:43,531 | INFO  | SCMAudit | user=jenkins1000 | ip=192.168.151.119 | op=SEND_HEARTBEAT {datanodeUUID=d072c18a-1b53-41d5-bae5-b82be0790279, command=[]} | ret=SUCCESS |  
2019-09-20 09:35:43,614 | INFO  | SCMAudit | user=jenkins1000 | ip=192.168.151.119 | op=SEND_HEARTBEAT {datanodeUUID=10741cbd-d620-4a9b-9e67-51db8a2e0e6a, command=[]} | ret=SUCCESS |  
2019-09-20 09:35:43,848 | INFO  | SCMAudit | user=jenkins1000 | ip=192.168.151.119 | op=SEND_HEARTBEAT {datanodeUUID=d4fa05df-3099-4015-ad0e-4200365d2035, command=[]} | ret=SUCCESS |  
2019-09-20 09:35:44,000 | INFO  | SCMAudit | user=jenkins1000 | ip=192.168.151.119 | op=SEND_HEARTBEAT {datanodeUUID=86933813-1e1e-464a-ae0f-2ef91831d02b, command=[]} | ret=SUCCESS |  
2019-09-20 09:35:44,418 | INFO  | SCMAudit | user=jenkins1000 | ip=192.168.151.119 | op=SEND_HEARTBEAT {datanodeUUID=ba1e65fe-7169-476d-a778-4df70d7cdd6e, command=[]} | ret=SUCCESS |  
2019-09-20 09:35:44,484 | INFO  | SCMAudit | user=jenkins1000 | ip=192.168.151.119 | op=SEND_HEARTBEAT {datanodeUUID=37b777df-de08-4da5-9630-325a3e0e88a6, command=[]} | ret=SUCCESS |  
2019-09-20 09:35:44,519 | INFO  | SCMAudit | user=jenkins1000 | ip=192.168.151.119 | op=SEND_HEARTBEAT {datanodeUUID=4d6fff4c-5cb6-40a3-b677-a76fbdc0054d, command=[]} | ret=SUCCESS |  
2019-09-20 09:35:44,531 | INFO  | SCMAudit | user=jenkins1000 | ip=192.168.151.119 | op=SEND_HEARTBEAT {datanodeUUID=d072c18a-1b53-41d5-bae5-b82be0790279, command=[]} | ret=SUCCESS |  
2019-09-20 09:35:44,614 | INFO  | SCMAudit | user=jenkins1000 | ip=192.168.151.119 | op=SEND_HEARTBEAT {datanodeUUID=10741cbd-d620-4a9b-9e67-51db8a2e0e6a, command=[]} | ret=SUCCESS |  
2019-09-20 09:35:44,848 | INFO  | SCMAudit | user=jenkins1000 | ip=192.168.151.119 | op=SEND_HEARTBEAT {datanodeUUID=d4fa05df-3099-4015-ad0e-4200365d2035, command=[]} | ret=SUCCESS |  
2019-09-20 09:35:45,001 | INFO  | SCMAudit | user=jenkins1000 | ip=192.168.151.119 | op=SEND_HEARTBEAT {datanodeUUID=86933813-1e1e-464a-ae0f-2ef91831d02b, command=[]} | ret=SUCCESS |  
2019-09-20 09:35:45,418 | INFO  | SCMAudit | user=jenkins1000 | ip=192.168.151.119 | op=SEND_HEARTBEAT {datanodeUUID=ba1e65fe-7169-476d-a778-4df70d7cdd6e, command=[]} | ret=SUCCESS |  
2019-09-20 09:35:45,484 | INFO  | SCMAudit | user=jenkins1000 | ip=192.168.151.119 | op=SEND_HEARTBEAT {datanodeUUID=37b777df-de08-4da5-9630-325a3e0e88a6, command=[]} | ret=SUCCESS |  
2019-09-20 09:35:45,519 | INFO  | SCMAudit | user=jenkins1000 | ip=192.168.151.119 | op=SEND_HEARTBEAT {datanodeUUID=4d6fff4c-5cb6-40a3-b677-a76fbdc0054d, command=[]} | ret=SUCCESS |  
2019-09-20 09:35:45,531 | INFO  | SCMAudit | user=jenkins1000 | ip=192.168.151.119 | op=SEND_HEARTBEAT {datanodeUUID=d072c18a-1b53-41d5-bae5-b82be0790279, command=[]} | ret=SUCCESS |  
2019-09-20 09:35:45,614 | INFO  | SCMAudit | user=jenkins1000 | ip=192.168.151.119 | op=SEND_HEARTBEAT {datanodeUUID=10741cbd-d620-4a9b-9e67-51db8a2e0e6a, command=[]} | ret=SUCCESS |  
2019-09-20 09:35:45,678 [grpc-default-executor-12] INFO  client.GrpcClientProtocolClient (GrpcClientProtocolClient.java:onNext(255)) - client-05D5A58C38F8->d072c18a-1b53-41d5-bae5-b82be0790279: receive RaftClientReply:client-05D5A58C38F8->d072c18a-1b53-41d5-bae5-b82be0790279@group-13440712A48A, cid=45, FAILED org.apache.ratis.protocol.NotLeaderException: Server d072c18a-1b53-41d5-bae5-b82be0790279 is not the leader (37b777df-de08-4da5-9630-325a3e0e88a6:192.168.151.119:35524). Request must be sent to leader., logIndex=0, commits[d072c18a-1b53-41d5-bae5-b82be0790279:c8, 37b777df-de08-4da5-9630-325a3e0e88a6:c8, 4d6fff4c-5cb6-40a3-b677-a76fbdc0054d:c8]
2019-09-20 09:35:45,849 | INFO  | SCMAudit | user=jenkins1000 | ip=192.168.151.119 | op=SEND_HEARTBEAT {datanodeUUID=d4fa05df-3099-4015-ad0e-4200365d2035, command=[]} | ret=SUCCESS |  
2019-09-20 09:35:46,001 | INFO  | SCMAudit | user=jenkins1000 | ip=192.168.151.119 | op=SEND_HEARTBEAT {datanodeUUID=86933813-1e1e-464a-ae0f-2ef91831d02b, command=[]} | ret=SUCCESS |  
2019-09-20 09:35:46,418 | INFO  | SCMAudit | user=jenkins1000 | ip=192.168.151.119 | op=SEND_HEARTBEAT {datanodeUUID=ba1e65fe-7169-476d-a778-4df70d7cdd6e, command=[]} | ret=SUCCESS |  
2019-09-20 09:35:46,484 | INFO  | SCMAudit | user=jenkins1000 | ip=192.168.151.119 | op=SEND_HEARTBEAT {datanodeUUID=37b777df-de08-4da5-9630-325a3e0e88a6, command=[]} | ret=SUCCESS |  
2019-09-20 09:35:46,519 | INFO  | SCMAudit | user=jenkins1000 | ip=192.168.151.119 | op=SEND_HEARTBEAT {datanodeUUID=4d6fff4c-5cb6-40a3-b677-a76fbdc0054d, command=[]} | ret=SUCCESS |  
2019-09-20 09:35:46,531 | INFO  | SCMAudit | user=jenkins1000 | ip=192.168.151.119 | op=SEND_HEARTBEAT {datanodeUUID=d072c18a-1b53-41d5-bae5-b82be0790279, command=[]} | ret=SUCCESS |  
2019-09-20 09:35:46,615 | INFO  | SCMAudit | user=jenkins1000 | ip=192.168.151.119 | op=SEND_HEARTBEAT {datanodeUUID=10741cbd-d620-4a9b-9e67-51db8a2e0e6a, command=[]} | ret=SUCCESS |  
2019-09-20 09:35:46,849 | INFO  | SCMAudit | user=jenkins1000 | ip=192.168.151.119 | op=SEND_HEARTBEAT {datanodeUUID=d4fa05df-3099-4015-ad0e-4200365d2035, command=[]} | ret=SUCCESS |  
2019-09-20 09:35:47,001 | INFO  | SCMAudit | user=jenkins1000 | ip=192.168.151.119 | op=SEND_HEARTBEAT {datanodeUUID=86933813-1e1e-464a-ae0f-2ef91831d02b, command=[]} | ret=SUCCESS |  
2019-09-20 09:35:47,418 | INFO  | SCMAudit | user=jenkins1000 | ip=192.168.151.119 | op=SEND_HEARTBEAT {datanodeUUID=ba1e65fe-7169-476d-a778-4df70d7cdd6e, command=[]} | ret=SUCCESS |  
2019-09-20 09:35:47,511 | INFO  | SCMAudit | user=jenkins1000 | ip=192.168.151.119 | op=SEND_HEARTBEAT {datanodeUUID=37b777df-de08-4da5-9630-325a3e0e88a6, command=[]} | ret=SUCCESS |  
2019-09-20 09:35:47,519 | INFO  | SCMAudit | user=jenkins1000 | ip=192.168.151.119 | op=SEND_HEARTBEAT {datanodeUUID=4d6fff4c-5cb6-40a3-b677-a76fbdc0054d, command=[]} | ret=SUCCESS |  
2019-09-20 09:35:47,531 | INFO  | SCMAudit | user=jenkins1000 | ip=192.168.151.119 | op=SEND_HEARTBEAT {datanodeUUID=d072c18a-1b53-41d5-bae5-b82be0790279, command=[]} | ret=SUCCESS |  
2019-09-20 09:35:47,615 | INFO  | SCMAudit | user=jenkins1000 | ip=192.168.151.119 | op=SEND_HEARTBEAT {datanodeUUID=10741cbd-d620-4a9b-9e67-51db8a2e0e6a, command=[]} | ret=SUCCESS |  
2019-09-20 09:35:47,849 | INFO  | SCMAudit | user=jenkins1000 | ip=192.168.151.119 | op=SEND_HEARTBEAT {datanodeUUID=d4fa05df-3099-4015-ad0e-4200365d2035, command=[]} | ret=SUCCESS |  
2019-09-20 09:35:48,001 | INFO  | SCMAudit | user=jenkins1000 | ip=192.168.151.119 | op=SEND_HEARTBEAT {datanodeUUID=86933813-1e1e-464a-ae0f-2ef91831d02b, command=[]} | ret=SUCCESS |  
2019-09-20 09:35:48,418 | INFO  | SCMAudit | user=jenkins1000 | ip=192.168.151.119 | op=SEND_HEARTBEAT {datanodeUUID=ba1e65fe-7169-476d-a778-4df70d7cdd6e, command=[]} | ret=SUCCESS |  
2019-09-20 09:35:48,485 | INFO  | SCMAudit | user=jenkins1000 | ip=192.168.151.119 | op=SEND_HEARTBEAT {datanodeUUID=37b777df-de08-4da5-9630-325a3e0e88a6, command=[]} | ret=SUCCESS |  
2019-09-20 09:35:48,519 | INFO  | SCMAudit | user=jenkins1000 | ip=192.168.151.119 | op=SEND_HEARTBEAT {datanodeUUID=4d6fff4c-5cb6-40a3-b677-a76fbdc0054d, command=[]} | ret=SUCCESS |  
2019-09-20 09:35:48,531 | INFO  | SCMAudit | user=jenkins1000 | ip=192.168.151.119 | op=SEND_HEARTBEAT {datanodeUUID=d072c18a-1b53-41d5-bae5-b82be0790279, command=[]} | ret=SUCCESS |  
2019-09-20 09:35:48,615 | INFO  | SCMAudit | user=jenkins1000 | ip=192.168.151.119 | op=SEND_HEARTBEAT {datanodeUUID=10741cbd-d620-4a9b-9e67-51db8a2e0e6a, command=[]} | ret=SUCCESS |  
2019-09-20 09:35:48,849 | INFO  | SCMAudit | user=jenkins1000 | ip=192.168.151.119 | op=SEND_HEARTBEAT {datanodeUUID=d4fa05df-3099-4015-ad0e-4200365d2035, command=[]} | ret=SUCCESS |  
2019-09-20 09:35:49,002 | INFO  | SCMAudit | user=jenkins1000 | ip=192.168.151.119 | op=SEND_HEARTBEAT {datanodeUUID=86933813-1e1e-464a-ae0f-2ef91831d02b, command=[]} | ret=SUCCESS |  
2019-09-20 09:35:49,418 | INFO  | SCMAudit | user=jenkins1000 | ip=192.168.151.119 | op=SEND_HEARTBEAT {datanodeUUID=ba1e65fe-7169-476d-a778-4df70d7cdd6e, command=[]} | ret=SUCCESS |  
2019-09-20 09:35:49,485 | INFO  | SCMAudit | user=jenkins1000 | ip=192.168.151.119 | op=SEND_HEARTBEAT {datanodeUUID=37b777df-de08-4da5-9630-325a3e0e88a6, command=[]} | ret=SUCCESS |  
2019-09-20 09:35:49,520 | INFO  | SCMAudit | user=jenkins1000 | ip=192.168.151.119 | op=SEND_HEARTBEAT {datanodeUUID=4d6fff4c-5cb6-40a3-b677-a76fbdc0054d, command=[]} | ret=SUCCESS |  
2019-09-20 09:35:49,531 | INFO  | SCMAudit | user=jenkins1000 | ip=192.168.151.119 | op=SEND_HEARTBEAT {datanodeUUID=d072c18a-1b53-41d5-bae5-b82be0790279, command=[]} | ret=SUCCESS |  
2019-09-20 09:35:49,615 | INFO  | SCMAudit | user=jenkins1000 | ip=192.168.151.119 | op=SEND_HEARTBEAT {datanodeUUID=10741cbd-d620-4a9b-9e67-51db8a2e0e6a, command=[]} | ret=SUCCESS |  
2019-09-20 09:35:49,849 | INFO  | SCMAudit | user=jenkins1000 | ip=192.168.151.119 | op=SEND_HEARTBEAT {datanodeUUID=d4fa05df-3099-4015-ad0e-4200365d2035, command=[]} | ret=SUCCESS |  
2019-09-20 09:35:50,003 | INFO  | SCMAudit | user=jenkins1000 | ip=192.168.151.119 | op=SEND_HEARTBEAT {datanodeUUID=86933813-1e1e-464a-ae0f-2ef91831d02b, command=[]} | ret=SUCCESS |  
2019-09-20 09:35:50,418 | INFO  | SCMAudit | user=jenkins1000 | ip=192.168.151.119 | op=SEND_HEARTBEAT {datanodeUUID=ba1e65fe-7169-476d-a778-4df70d7cdd6e, command=[]} | ret=SUCCESS |  
2019-09-20 09:35:50,485 | INFO  | SCMAudit | user=jenkins1000 | ip=192.168.151.119 | op=SEND_HEARTBEAT {datanodeUUID=37b777df-de08-4da5-9630-325a3e0e88a6, command=[]} | ret=SUCCESS |  
2019-09-20 09:35:50,519 | INFO  | SCMAudit | user=jenkins1000 | ip=192.168.151.119 | op=SEND_HEARTBEAT {datanodeUUID=4d6fff4c-5cb6-40a3-b677-a76fbdc0054d, command=[]} | ret=SUCCESS |  
2019-09-20 09:35:50,532 | INFO  | SCMAudit | user=jenkins1000 | ip=192.168.151.119 | op=SEND_HEARTBEAT {datanodeUUID=d072c18a-1b53-41d5-bae5-b82be0790279, command=[]} | ret=SUCCESS |  
2019-09-20 09:35:50,615 | INFO  | SCMAudit | user=jenkins1000 | ip=192.168.151.119 | op=SEND_HEARTBEAT {datanodeUUID=10741cbd-d620-4a9b-9e67-51db8a2e0e6a, command=[]} | ret=SUCCESS |  
2019-09-20 09:35:50,727 [grpc-default-executor-12] INFO  client.GrpcClientProtocolClient (GrpcClientProtocolClient.java:onNext(255)) - client-05D5A58C38F8->d072c18a-1b53-41d5-bae5-b82be0790279: receive RaftClientReply:client-05D5A58C38F8->d072c18a-1b53-41d5-bae5-b82be0790279@group-13440712A48A, cid=45, FAILED org.apache.ratis.protocol.NotLeaderException: Server d072c18a-1b53-41d5-bae5-b82be0790279 is not the leader (37b777df-de08-4da5-9630-325a3e0e88a6:192.168.151.119:35524). Request must be sent to leader., logIndex=0, commits[d072c18a-1b53-41d5-bae5-b82be0790279:c8, 37b777df-de08-4da5-9630-325a3e0e88a6:c8, 4d6fff4c-5cb6-40a3-b677-a76fbdc0054d:c8]
2019-09-20 09:35:50,850 | INFO  | SCMAudit | user=jenkins1000 | ip=192.168.151.119 | op=SEND_HEARTBEAT {datanodeUUID=d4fa05df-3099-4015-ad0e-4200365d2035, command=[]} | ret=SUCCESS |  
2019-09-20 09:35:51,003 | INFO  | SCMAudit | user=jenkins1000 | ip=192.168.151.119 | op=SEND_HEARTBEAT {datanodeUUID=86933813-1e1e-464a-ae0f-2ef91831d02b, command=[]} | ret=SUCCESS |  
2019-09-20 09:35:51,418 | INFO  | SCMAudit | user=jenkins1000 | ip=192.168.151.119 | op=SEND_HEARTBEAT {datanodeUUID=ba1e65fe-7169-476d-a778-4df70d7cdd6e, command=[]} | ret=SUCCESS |  
2019-09-20 09:35:51,485 | INFO  | SCMAudit | user=jenkins1000 | ip=192.168.151.119 | op=SEND_HEARTBEAT {datanodeUUID=37b777df-de08-4da5-9630-325a3e0e88a6, command=[]} | ret=SUCCESS |  
2019-09-20 09:35:51,519 | INFO  | SCMAudit | user=jenkins1000 | ip=192.168.151.119 | op=SEND_HEARTBEAT {datanodeUUID=4d6fff4c-5cb6-40a3-b677-a76fbdc0054d, command=[]} | ret=SUCCESS |  
2019-09-20 09:35:51,531 | INFO  | SCMAudit | user=jenkins1000 | ip=192.168.151.119 | op=SEND_HEARTBEAT {datanodeUUID=d072c18a-1b53-41d5-bae5-b82be0790279, command=[]} | ret=SUCCESS |  
2019-09-20 09:35:51,615 | INFO  | SCMAudit | user=jenkins1000 | ip=192.168.151.119 | op=SEND_HEARTBEAT {datanodeUUID=10741cbd-d620-4a9b-9e67-51db8a2e0e6a, command=[]} | ret=SUCCESS |  
2019-09-20 09:35:51,849 | INFO  | SCMAudit | user=jenkins1000 | ip=192.168.151.119 | op=SEND_HEARTBEAT {datanodeUUID=d4fa05df-3099-4015-ad0e-4200365d2035, command=[]} | ret=SUCCESS |  
2019-09-20 09:35:52,003 | INFO  | SCMAudit | user=jenkins1000 | ip=192.168.151.119 | op=SEND_HEARTBEAT {datanodeUUID=86933813-1e1e-464a-ae0f-2ef91831d02b, command=[]} | ret=SUCCESS |  
2019-09-20 09:35:52,419 | INFO  | SCMAudit | user=jenkins1000 | ip=192.168.151.119 | op=SEND_HEARTBEAT {datanodeUUID=ba1e65fe-7169-476d-a778-4df70d7cdd6e, command=[]} | ret=SUCCESS |  
2019-09-20 09:35:52,486 | INFO  | SCMAudit | user=jenkins1000 | ip=192.168.151.119 | op=SEND_HEARTBEAT {datanodeUUID=37b777df-de08-4da5-9630-325a3e0e88a6, command=[]} | ret=SUCCESS |  
2019-09-20 09:35:52,519 | INFO  | SCMAudit | user=jenkins1000 | ip=192.168.151.119 | op=SEND_HEARTBEAT {datanodeUUID=4d6fff4c-5cb6-40a3-b677-a76fbdc0054d, command=[]} | ret=SUCCESS |  
2019-09-20 09:35:52,531 | INFO  | SCMAudit | user=jenkins1000 | ip=192.168.151.119 | op=SEND_HEARTBEAT {datanodeUUID=d072c18a-1b53-41d5-bae5-b82be0790279, command=[]} | ret=SUCCESS |  
2019-09-20 09:35:52,617 | INFO  | SCMAudit | user=jenkins1000 | ip=192.168.151.119 | op=SEND_HEARTBEAT {datanodeUUID=10741cbd-d620-4a9b-9e67-51db8a2e0e6a, command=[]} | ret=SUCCESS |  
2019-09-20 09:35:52,850 | INFO  | SCMAudit | user=jenkins1000 | ip=192.168.151.119 | op=SEND_HEARTBEAT {datanodeUUID=d4fa05df-3099-4015-ad0e-4200365d2035, command=[]} | ret=SUCCESS |  
2019-09-20 09:35:53,003 | INFO  | SCMAudit | user=jenkins1000 | ip=192.168.151.119 | op=SEND_HEARTBEAT {datanodeUUID=86933813-1e1e-464a-ae0f-2ef91831d02b, command=[]} | ret=SUCCESS |  
2019-09-20 09:35:53,419 | INFO  | SCMAudit | user=jenkins1000 | ip=192.168.151.119 | op=SEND_HEARTBEAT {datanodeUUID=ba1e65fe-7169-476d-a778-4df70d7cdd6e, command=[]} | ret=SUCCESS |  
2019-09-20 09:35:53,486 | INFO  | SCMAudit | user=jenkins1000 | ip=192.168.151.119 | op=SEND_HEARTBEAT {datanodeUUID=37b777df-de08-4da5-9630-325a3e0e88a6, command=[]} | ret=SUCCESS |  
2019-09-20 09:35:53,519 | INFO  | SCMAudit | user=jenkins1000 | ip=192.168.151.119 | op=SEND_HEARTBEAT {datanodeUUID=4d6fff4c-5cb6-40a3-b677-a76fbdc0054d, command=[]} | ret=SUCCESS |  
2019-09-20 09:35:53,532 | INFO  | SCMAudit | user=jenkins1000 | ip=192.168.151.119 | op=SEND_HEARTBEAT {datanodeUUID=d072c18a-1b53-41d5-bae5-b82be0790279, command=[]} | ret=SUCCESS |  
2019-09-20 09:35:53,615 | INFO  | SCMAudit | user=jenkins1000 | ip=192.168.151.119 | op=SEND_HEARTBEAT {datanodeUUID=10741cbd-d620-4a9b-9e67-51db8a2e0e6a, command=[]} | ret=SUCCESS |  
2019-09-20 09:35:53,850 | INFO  | SCMAudit | user=jenkins1000 | ip=192.168.151.119 | op=SEND_HEARTBEAT {datanodeUUID=d4fa05df-3099-4015-ad0e-4200365d2035, command=[]} | ret=SUCCESS |  
2019-09-20 09:35:54,004 | INFO  | SCMAudit | user=jenkins1000 | ip=192.168.151.119 | op=SEND_HEARTBEAT {datanodeUUID=86933813-1e1e-464a-ae0f-2ef91831d02b, command=[]} | ret=SUCCESS |  
2019-09-20 09:35:54,419 | INFO  | SCMAudit | user=jenkins1000 | ip=192.168.151.119 | op=SEND_HEARTBEAT {datanodeUUID=ba1e65fe-7169-476d-a778-4df70d7cdd6e, command=[]} | ret=SUCCESS |  
2019-09-20 09:35:54,486 | INFO  | SCMAudit | user=jenkins1000 | ip=192.168.151.119 | op=SEND_HEARTBEAT {datanodeUUID=37b777df-de08-4da5-9630-325a3e0e88a6, command=[]} | ret=SUCCESS |  
2019-09-20 09:35:54,520 | INFO  | SCMAudit | user=jenkins1000 | ip=192.168.151.119 | op=SEND_HEARTBEAT {datanodeUUID=4d6fff4c-5cb6-40a3-b677-a76fbdc0054d, command=[]} | ret=SUCCESS |  
2019-09-20 09:35:54,532 | INFO  | SCMAudit | user=jenkins1000 | ip=192.168.151.119 | op=SEND_HEARTBEAT {datanodeUUID=d072c18a-1b53-41d5-bae5-b82be0790279, command=[]} | ret=SUCCESS |  
2019-09-20 09:35:54,616 | INFO  | SCMAudit | user=jenkins1000 | ip=192.168.151.119 | op=SEND_HEARTBEAT {datanodeUUID=10741cbd-d620-4a9b-9e67-51db8a2e0e6a, command=[]} | ret=SUCCESS |  
2019-09-20 09:35:54,850 | INFO  | SCMAudit | user=jenkins1000 | ip=192.168.151.119 | op=SEND_HEARTBEAT {datanodeUUID=d4fa05df-3099-4015-ad0e-4200365d2035, command=[]} | ret=SUCCESS |  
2019-09-20 09:35:55,004 | INFO  | SCMAudit | user=jenkins1000 | ip=192.168.151.119 | op=SEND_HEARTBEAT {datanodeUUID=86933813-1e1e-464a-ae0f-2ef91831d02b, command=[]} | ret=SUCCESS |  
2019-09-20 09:35:55,419 | INFO  | SCMAudit | user=jenkins1000 | ip=192.168.151.119 | op=SEND_HEARTBEAT {datanodeUUID=ba1e65fe-7169-476d-a778-4df70d7cdd6e, command=[]} | ret=SUCCESS |  
2019-09-20 09:35:55,487 | INFO  | SCMAudit | user=jenkins1000 | ip=192.168.151.119 | op=SEND_HEARTBEAT {datanodeUUID=37b777df-de08-4da5-9630-325a3e0e88a6, command=[]} | ret=SUCCESS |  
2019-09-20 09:35:55,520 | INFO  | SCMAudit | user=jenkins1000 | ip=192.168.151.119 | op=SEND_HEARTBEAT {datanodeUUID=4d6fff4c-5cb6-40a3-b677-a76fbdc0054d, command=[]} | ret=SUCCESS |  
2019-09-20 09:35:55,531 | INFO  | SCMAudit | user=jenkins1000 | ip=192.168.151.119 | op=SEND_HEARTBEAT {datanodeUUID=d072c18a-1b53-41d5-bae5-b82be0790279, command=[]} | ret=SUCCESS |  
2019-09-20 09:35:55,616 | INFO  | SCMAudit | user=jenkins1000 | ip=192.168.151.119 | op=SEND_HEARTBEAT {datanodeUUID=10741cbd-d620-4a9b-9e67-51db8a2e0e6a, command=[]} | ret=SUCCESS |  
2019-09-20 09:35:55,771 [grpc-default-executor-0] INFO  client.GrpcClientProtocolClient (GrpcClientProtocolClient.java:onNext(255)) - client-05D5A58C38F8->d072c18a-1b53-41d5-bae5-b82be0790279: receive RaftClientReply:client-05D5A58C38F8->d072c18a-1b53-41d5-bae5-b82be0790279@group-13440712A48A, cid=45, FAILED org.apache.ratis.protocol.NotLeaderException: Server d072c18a-1b53-41d5-bae5-b82be0790279 is not the leader (37b777df-de08-4da5-9630-325a3e0e88a6:192.168.151.119:35524). Request must be sent to leader., logIndex=0, commits[d072c18a-1b53-41d5-bae5-b82be0790279:c8, 37b777df-de08-4da5-9630-325a3e0e88a6:c8, 4d6fff4c-5cb6-40a3-b677-a76fbdc0054d:c8]
2019-09-20 09:35:55,850 | INFO  | SCMAudit | user=jenkins1000 | ip=192.168.151.119 | op=SEND_HEARTBEAT {datanodeUUID=d4fa05df-3099-4015-ad0e-4200365d2035, command=[]} | ret=SUCCESS |  
2019-09-20 09:35:56,004 | INFO  | SCMAudit | user=jenkins1000 | ip=192.168.151.119 | op=SEND_HEARTBEAT {datanodeUUID=86933813-1e1e-464a-ae0f-2ef91831d02b, command=[]} | ret=SUCCESS |  
2019-09-20 09:35:56,419 | INFO  | SCMAudit | user=jenkins1000 | ip=192.168.151.119 | op=SEND_HEARTBEAT {datanodeUUID=ba1e65fe-7169-476d-a778-4df70d7cdd6e, command=[]} | ret=SUCCESS |  
2019-09-20 09:35:56,487 | INFO  | SCMAudit | user=jenkins1000 | ip=192.168.151.119 | op=SEND_HEARTBEAT {datanodeUUID=37b777df-de08-4da5-9630-325a3e0e88a6, command=[]} | ret=SUCCESS |  
2019-09-20 09:35:56,520 | INFO  | SCMAudit | user=jenkins1000 | ip=192.168.151.119 | op=SEND_HEARTBEAT {datanodeUUID=4d6fff4c-5cb6-40a3-b677-a76fbdc0054d, command=[]} | ret=SUCCESS |  
2019-09-20 09:35:56,531 | INFO  | SCMAudit | user=jenkins1000 | ip=192.168.151.119 | op=SEND_HEARTBEAT {datanodeUUID=d072c18a-1b53-41d5-bae5-b82be0790279, command=[]} | ret=SUCCESS |  
2019-09-20 09:35:56,616 | INFO  | SCMAudit | user=jenkins1000 | ip=192.168.151.119 | op=SEND_HEARTBEAT {datanodeUUID=10741cbd-d620-4a9b-9e67-51db8a2e0e6a, command=[]} | ret=SUCCESS |  
2019-09-20 09:35:56,850 | INFO  | SCMAudit | user=jenkins1000 | ip=192.168.151.119 | op=SEND_HEARTBEAT {datanodeUUID=d4fa05df-3099-4015-ad0e-4200365d2035, command=[]} | ret=SUCCESS |  
2019-09-20 09:35:57,004 | INFO  | SCMAudit | user=jenkins1000 | ip=192.168.151.119 | op=SEND_HEARTBEAT {datanodeUUID=86933813-1e1e-464a-ae0f-2ef91831d02b, command=[]} | ret=SUCCESS |  
2019-09-20 09:35:57,420 | INFO  | SCMAudit | user=jenkins1000 | ip=192.168.151.119 | op=SEND_HEARTBEAT {datanodeUUID=ba1e65fe-7169-476d-a778-4df70d7cdd6e, command=[]} | ret=SUCCESS |  
2019-09-20 09:35:57,487 | INFO  | SCMAudit | user=jenkins1000 | ip=192.168.151.119 | op=SEND_HEARTBEAT {datanodeUUID=37b777df-de08-4da5-9630-325a3e0e88a6, command=[]} | ret=SUCCESS |  
2019-09-20 09:35:57,521 | INFO  | SCMAudit | user=jenkins1000 | ip=192.168.151.119 | op=SEND_HEARTBEAT {datanodeUUID=4d6fff4c-5cb6-40a3-b677-a76fbdc0054d, command=[]} | ret=SUCCESS |  
2019-09-20 09:35:57,531 | INFO  | SCMAudit | user=jenkins1000 | ip=192.168.151.119 | op=SEND_HEARTBEAT {datanodeUUID=d072c18a-1b53-41d5-bae5-b82be0790279, command=[]} | ret=SUCCESS |  
2019-09-20 09:35:57,616 | INFO  | SCMAudit | user=jenkins1000 | ip=192.168.151.119 | op=SEND_HEARTBEAT {datanodeUUID=10741cbd-d620-4a9b-9e67-51db8a2e0e6a, command=[]} | ret=SUCCESS |  
2019-09-20 09:35:57,851 | INFO  | SCMAudit | user=jenkins1000 | ip=192.168.151.119 | op=SEND_HEARTBEAT {datanodeUUID=d4fa05df-3099-4015-ad0e-4200365d2035, command=[]} | ret=SUCCESS |  
2019-09-20 09:35:58,005 | INFO  | SCMAudit | user=jenkins1000 | ip=192.168.151.119 | op=SEND_HEARTBEAT {datanodeUUID=86933813-1e1e-464a-ae0f-2ef91831d02b, command=[]} | ret=SUCCESS |  
2019-09-20 09:35:58,419 | INFO  | SCMAudit | user=jenkins1000 | ip=192.168.151.119 | op=SEND_HEARTBEAT {datanodeUUID=ba1e65fe-7169-476d-a778-4df70d7cdd6e, command=[]} | ret=SUCCESS |  
2019-09-20 09:35:58,487 | INFO  | SCMAudit | user=jenkins1000 | ip=192.168.151.119 | op=SEND_HEARTBEAT {datanodeUUID=37b777df-de08-4da5-9630-325a3e0e88a6, command=[]} | ret=SUCCESS |  
2019-09-20 09:35:58,521 | INFO  | SCMAudit | user=jenkins1000 | ip=192.168.151.119 | op=SEND_HEARTBEAT {datanodeUUID=4d6fff4c-5cb6-40a3-b677-a76fbdc0054d, command=[]} | ret=SUCCESS |  
2019-09-20 09:35:58,531 | INFO  | SCMAudit | user=jenkins1000 | ip=192.168.151.119 | op=SEND_HEARTBEAT {datanodeUUID=d072c18a-1b53-41d5-bae5-b82be0790279, command=[]} | ret=SUCCESS |  
2019-09-20 09:35:58,616 | INFO  | SCMAudit | user=jenkins1000 | ip=192.168.151.119 | op=SEND_HEARTBEAT {datanodeUUID=10741cbd-d620-4a9b-9e67-51db8a2e0e6a, command=[]} | ret=SUCCESS |  
2019-09-20 09:35:58,851 | INFO  | SCMAudit | user=jenkins1000 | ip=192.168.151.119 | op=SEND_HEARTBEAT {datanodeUUID=d4fa05df-3099-4015-ad0e-4200365d2035, command=[]} | ret=SUCCESS |  
2019-09-20 09:35:59,005 | INFO  | SCMAudit | user=jenkins1000 | ip=192.168.151.119 | op=SEND_HEARTBEAT {datanodeUUID=86933813-1e1e-464a-ae0f-2ef91831d02b, command=[]} | ret=SUCCESS |  
2019-09-20 09:35:59,420 | INFO  | SCMAudit | user=jenkins1000 | ip=192.168.151.119 | op=SEND_HEARTBEAT {datanodeUUID=ba1e65fe-7169-476d-a778-4df70d7cdd6e, command=[]} | ret=SUCCESS |  
2019-09-20 09:35:59,487 | INFO  | SCMAudit | user=jenkins1000 | ip=192.168.151.119 | op=SEND_HEARTBEAT {datanodeUUID=37b777df-de08-4da5-9630-325a3e0e88a6, command=[]} | ret=SUCCESS |  
2019-09-20 09:35:59,521 | INFO  | SCMAudit | user=jenkins1000 | ip=192.168.151.119 | op=SEND_HEARTBEAT {datanodeUUID=4d6fff4c-5cb6-40a3-b677-a76fbdc0054d, command=[]} | ret=SUCCESS |  
2019-09-20 09:35:59,531 | INFO  | SCMAudit | user=jenkins1000 | ip=192.168.151.119 | op=SEND_HEARTBEAT {datanodeUUID=d072c18a-1b53-41d5-bae5-b82be0790279, command=[]} | ret=SUCCESS |  
2019-09-20 09:35:59,617 | INFO  | SCMAudit | user=jenkins1000 | ip=192.168.151.119 | op=SEND_HEARTBEAT {datanodeUUID=10741cbd-d620-4a9b-9e67-51db8a2e0e6a, command=[]} | ret=SUCCESS |  
2019-09-20 09:35:59,851 | INFO  | SCMAudit | user=jenkins1000 | ip=192.168.151.119 | op=SEND_HEARTBEAT {datanodeUUID=d4fa05df-3099-4015-ad0e-4200365d2035, command=[]} | ret=SUCCESS |  
2019-09-20 09:36:00,006 | INFO  | SCMAudit | user=jenkins1000 | ip=192.168.151.119 | op=SEND_HEARTBEAT {datanodeUUID=86933813-1e1e-464a-ae0f-2ef91831d02b, command=[]} | ret=SUCCESS |  
2019-09-20 09:36:00,420 | INFO  | SCMAudit | user=jenkins1000 | ip=192.168.151.119 | op=SEND_HEARTBEAT {datanodeUUID=ba1e65fe-7169-476d-a778-4df70d7cdd6e, command=[]} | ret=SUCCESS |  
2019-09-20 09:36:00,488 | INFO  | SCMAudit | user=jenkins1000 | ip=192.168.151.119 | op=SEND_HEARTBEAT {datanodeUUID=37b777df-de08-4da5-9630-325a3e0e88a6, command=[]} | ret=SUCCESS |  
2019-09-20 09:36:00,521 | INFO  | SCMAudit | user=jenkins1000 | ip=192.168.151.119 | op=SEND_HEARTBEAT {datanodeUUID=4d6fff4c-5cb6-40a3-b677-a76fbdc0054d, command=[]} | ret=SUCCESS |  
2019-09-20 09:36:00,531 | INFO  | SCMAudit | user=jenkins1000 | ip=192.168.151.119 | op=SEND_HEARTBEAT {datanodeUUID=d072c18a-1b53-41d5-bae5-b82be0790279, command=[]} | ret=SUCCESS |  
2019-09-20 09:36:00,617 | INFO  | SCMAudit | user=jenkins1000 | ip=192.168.151.119 | op=SEND_HEARTBEAT {datanodeUUID=10741cbd-d620-4a9b-9e67-51db8a2e0e6a, command=[]} | ret=SUCCESS |  
2019-09-20 09:36:00,806 [grpc-default-executor-0] INFO  client.GrpcClientProtocolClient (GrpcClientProtocolClient.java:onNext(255)) - client-05D5A58C38F8->4d6fff4c-5cb6-40a3-b677-a76fbdc0054d: receive RaftClientReply:client-05D5A58C38F8->4d6fff4c-5cb6-40a3-b677-a76fbdc0054d@group-13440712A48A, cid=45, FAILED org.apache.ratis.protocol.NotLeaderException: Server 4d6fff4c-5cb6-40a3-b677-a76fbdc0054d is not the leader (37b777df-de08-4da5-9630-325a3e0e88a6:192.168.151.119:35524). Request must be sent to leader., logIndex=0, commits[4d6fff4c-5cb6-40a3-b677-a76fbdc0054d:c8, d072c18a-1b53-41d5-bae5-b82be0790279:c8, 37b777df-de08-4da5-9630-325a3e0e88a6:c8]
2019-09-20 09:36:00,851 | INFO  | SCMAudit | user=jenkins1000 | ip=192.168.151.119 | op=SEND_HEARTBEAT {datanodeUUID=d4fa05df-3099-4015-ad0e-4200365d2035, command=[]} | ret=SUCCESS |  
2019-09-20 09:36:01,006 | INFO  | SCMAudit | user=jenkins1000 | ip=192.168.151.119 | op=SEND_HEARTBEAT {datanodeUUID=86933813-1e1e-464a-ae0f-2ef91831d02b, command=[]} | ret=SUCCESS |  
2019-09-20 09:36:01,419 | INFO  | SCMAudit | user=jenkins1000 | ip=192.168.151.119 | op=SEND_HEARTBEAT {datanodeUUID=ba1e65fe-7169-476d-a778-4df70d7cdd6e, command=[]} | ret=SUCCESS |  
2019-09-20 09:36:01,488 | INFO  | SCMAudit | user=jenkins1000 | ip=192.168.151.119 | op=SEND_HEARTBEAT {datanodeUUID=37b777df-de08-4da5-9630-325a3e0e88a6, command=[]} | ret=SUCCESS |  
2019-09-20 09:36:01,521 | INFO  | SCMAudit | user=jenkins1000 | ip=192.168.151.119 | op=SEND_HEARTBEAT {datanodeUUID=4d6fff4c-5cb6-40a3-b677-a76fbdc0054d, command=[]} | ret=SUCCESS |  
2019-09-20 09:36:01,532 | INFO  | SCMAudit | user=jenkins1000 | ip=192.168.151.119 | op=SEND_HEARTBEAT {datanodeUUID=d072c18a-1b53-41d5-bae5-b82be0790279, command=[]} | ret=SUCCESS |  
2019-09-20 09:36:01,617 | INFO  | SCMAudit | user=jenkins1000 | ip=192.168.151.119 | op=SEND_HEARTBEAT {datanodeUUID=10741cbd-d620-4a9b-9e67-51db8a2e0e6a, command=[]} | ret=SUCCESS |  
2019-09-20 09:36:01,852 | INFO  | SCMAudit | user=jenkins1000 | ip=192.168.151.119 | op=SEND_HEARTBEAT {datanodeUUID=d4fa05df-3099-4015-ad0e-4200365d2035, command=[]} | ret=SUCCESS |  
2019-09-20 09:36:02,006 | INFO  | SCMAudit | user=jenkins1000 | ip=192.168.151.119 | op=SEND_HEARTBEAT {datanodeUUID=86933813-1e1e-464a-ae0f-2ef91831d02b, command=[]} | ret=SUCCESS |  
2019-09-20 09:36:02,420 | INFO  | SCMAudit | user=jenkins1000 | ip=192.168.151.119 | op=SEND_HEARTBEAT {datanodeUUID=ba1e65fe-7169-476d-a778-4df70d7cdd6e, command=[]} | ret=SUCCESS |  
2019-09-20 09:36:02,488 | INFO  | SCMAudit | user=jenkins1000 | ip=192.168.151.119 | op=SEND_HEARTBEAT {datanodeUUID=37b777df-de08-4da5-9630-325a3e0e88a6, command=[]} | ret=SUCCESS |  
2019-09-20 09:36:02,521 | INFO  | SCMAudit | user=jenkins1000 | ip=192.168.151.119 | op=SEND_HEARTBEAT {datanodeUUID=4d6fff4c-5cb6-40a3-b677-a76fbdc0054d, command=[]} | ret=SUCCESS |  
2019-09-20 09:36:02,533 | INFO  | SCMAudit | user=jenkins1000 | ip=192.168.151.119 | op=SEND_HEARTBEAT {datanodeUUID=d072c18a-1b53-41d5-bae5-b82be0790279, command=[]} | ret=SUCCESS |  
2019-09-20 09:36:02,617 | INFO  | SCMAudit | user=jenkins1000 | ip=192.168.151.119 | op=SEND_HEARTBEAT {datanodeUUID=10741cbd-d620-4a9b-9e67-51db8a2e0e6a, command=[]} | ret=SUCCESS |  
2019-09-20 09:36:02,852 | INFO  | SCMAudit | user=jenkins1000 | ip=192.168.151.119 | op=SEND_HEARTBEAT {datanodeUUID=d4fa05df-3099-4015-ad0e-4200365d2035, command=[]} | ret=SUCCESS |  
2019-09-20 09:36:03,006 | INFO  | SCMAudit | user=jenkins1000 | ip=192.168.151.119 | op=SEND_HEARTBEAT {datanodeUUID=86933813-1e1e-464a-ae0f-2ef91831d02b, command=[]} | ret=SUCCESS |  
2019-09-20 09:36:03,420 | INFO  | SCMAudit | user=jenkins1000 | ip=192.168.151.119 | op=SEND_HEARTBEAT {datanodeUUID=ba1e65fe-7169-476d-a778-4df70d7cdd6e, command=[]} | ret=SUCCESS |  
2019-09-20 09:36:03,488 | INFO  | SCMAudit | user=jenkins1000 | ip=192.168.151.119 | op=SEND_HEARTBEAT {datanodeUUID=37b777df-de08-4da5-9630-325a3e0e88a6, command=[]} | ret=SUCCESS |  
2019-09-20 09:36:03,521 | INFO  | SCMAudit | user=jenkins1000 | ip=192.168.151.119 | op=SEND_HEARTBEAT {datanodeUUID=4d6fff4c-5cb6-40a3-b677-a76fbdc0054d, command=[]} | ret=SUCCESS |  
2019-09-20 09:36:03,532 | INFO  | SCMAudit | user=jenkins1000 | ip=192.168.151.119 | op=SEND_HEARTBEAT {datanodeUUID=d072c18a-1b53-41d5-bae5-b82be0790279, command=[]} | ret=SUCCESS |  
2019-09-20 09:36:03,617 | INFO  | SCMAudit | user=jenkins1000 | ip=192.168.151.119 | op=SEND_HEARTBEAT {datanodeUUID=10741cbd-d620-4a9b-9e67-51db8a2e0e6a, command=[]} | ret=SUCCESS |  
2019-09-20 09:36:03,852 | INFO  | SCMAudit | user=jenkins1000 | ip=192.168.151.119 | op=SEND_HEARTBEAT {datanodeUUID=d4fa05df-3099-4015-ad0e-4200365d2035, command=[]} | ret=SUCCESS |  
2019-09-20 09:36:04,007 | INFO  | SCMAudit | user=jenkins1000 | ip=192.168.151.119 | op=SEND_HEARTBEAT {datanodeUUID=86933813-1e1e-464a-ae0f-2ef91831d02b, command=[]} | ret=SUCCESS |  
2019-09-20 09:36:04,420 | INFO  | SCMAudit | user=jenkins1000 | ip=192.168.151.119 | op=SEND_HEARTBEAT {datanodeUUID=ba1e65fe-7169-476d-a778-4df70d7cdd6e, command=[]} | ret=SUCCESS |  
2019-09-20 09:36:04,488 | INFO  | SCMAudit | user=jenkins1000 | ip=192.168.151.119 | op=SEND_HEARTBEAT {datanodeUUID=37b777df-de08-4da5-9630-325a3e0e88a6, command=[]} | ret=SUCCESS |  
2019-09-20 09:36:04,521 | INFO  | SCMAudit | user=jenkins1000 | ip=192.168.151.119 | op=SEND_HEARTBEAT {datanodeUUID=4d6fff4c-5cb6-40a3-b677-a76fbdc0054d, command=[]} | ret=SUCCESS |  
2019-09-20 09:36:04,532 | INFO  | SCMAudit | user=jenkins1000 | ip=192.168.151.119 | op=SEND_HEARTBEAT {datanodeUUID=d072c18a-1b53-41d5-bae5-b82be0790279, command=[]} | ret=SUCCESS |  
2019-09-20 09:36:04,618 | INFO  | SCMAudit | user=jenkins1000 | ip=192.168.151.119 | op=SEND_HEARTBEAT {datanodeUUID=10741cbd-d620-4a9b-9e67-51db8a2e0e6a, command=[]} | ret=SUCCESS |  
2019-09-20 09:36:04,852 | INFO  | SCMAudit | user=jenkins1000 | ip=192.168.151.119 | op=SEND_HEARTBEAT {datanodeUUID=d4fa05df-3099-4015-ad0e-4200365d2035, command=[]} | ret=SUCCESS |  
2019-09-20 09:36:05,007 | INFO  | SCMAudit | user=jenkins1000 | ip=192.168.151.119 | op=SEND_HEARTBEAT {datanodeUUID=86933813-1e1e-464a-ae0f-2ef91831d02b, command=[]} | ret=SUCCESS |  
2019-09-20 09:36:05,421 | INFO  | SCMAudit | user=jenkins1000 | ip=192.168.151.119 | op=SEND_HEARTBEAT {datanodeUUID=ba1e65fe-7169-476d-a778-4df70d7cdd6e, command=[]} | ret=SUCCESS |  
2019-09-20 09:36:05,489 | INFO  | SCMAudit | user=jenkins1000 | ip=192.168.151.119 | op=SEND_HEARTBEAT {datanodeUUID=37b777df-de08-4da5-9630-325a3e0e88a6, command=[]} | ret=SUCCESS |  
2019-09-20 09:36:05,521 | INFO  | SCMAudit | user=jenkins1000 | ip=192.168.151.119 | op=SEND_HEARTBEAT {datanodeUUID=4d6fff4c-5cb6-40a3-b677-a76fbdc0054d, command=[]} | ret=SUCCESS |  
2019-09-20 09:36:05,532 | INFO  | SCMAudit | user=jenkins1000 | ip=192.168.151.119 | op=SEND_HEARTBEAT {datanodeUUID=d072c18a-1b53-41d5-bae5-b82be0790279, command=[]} | ret=SUCCESS |  
2019-09-20 09:36:05,618 | INFO  | SCMAudit | user=jenkins1000 | ip=192.168.151.119 | op=SEND_HEARTBEAT {datanodeUUID=10741cbd-d620-4a9b-9e67-51db8a2e0e6a, command=[]} | ret=SUCCESS |  
2019-09-20 09:36:05,843 [grpc-default-executor-0] INFO  client.GrpcClientProtocolClient (GrpcClientProtocolClient.java:onNext(255)) - client-05D5A58C38F8->4d6fff4c-5cb6-40a3-b677-a76fbdc0054d: receive RaftClientReply:client-05D5A58C38F8->4d6fff4c-5cb6-40a3-b677-a76fbdc0054d@group-13440712A48A, cid=45, FAILED org.apache.ratis.protocol.NotLeaderException: Server 4d6fff4c-5cb6-40a3-b677-a76fbdc0054d is not the leader (37b777df-de08-4da5-9630-325a3e0e88a6:192.168.151.119:35524). Request must be sent to leader., logIndex=0, commits[4d6fff4c-5cb6-40a3-b677-a76fbdc0054d:c8, d072c18a-1b53-41d5-bae5-b82be0790279:c8, 37b777df-de08-4da5-9630-325a3e0e88a6:c8]
2019-09-20 09:36:05,854 | INFO  | SCMAudit | user=jenkins1000 | ip=192.168.151.119 | op=SEND_HEARTBEAT {datanodeUUID=d4fa05df-3099-4015-ad0e-4200365d2035, command=[]} | ret=SUCCESS |  
2019-09-20 09:36:06,006 | INFO  | SCMAudit | user=jenkins1000 | ip=192.168.151.119 | op=SEND_HEARTBEAT {datanodeUUID=86933813-1e1e-464a-ae0f-2ef91831d02b, command=[]} | ret=SUCCESS |  
2019-09-20 09:36:06,421 | INFO  | SCMAudit | user=jenkins1000 | ip=192.168.151.119 | op=SEND_HEARTBEAT {datanodeUUID=ba1e65fe-7169-476d-a778-4df70d7cdd6e, command=[]} | ret=SUCCESS |  
2019-09-20 09:36:06,489 | INFO  | SCMAudit | user=jenkins1000 | ip=192.168.151.119 | op=SEND_HEARTBEAT {datanodeUUID=37b777df-de08-4da5-9630-325a3e0e88a6, command=[]} | ret=SUCCESS |  
2019-09-20 09:36:06,522 | INFO  | SCMAudit | user=jenkins1000 | ip=192.168.151.119 | op=SEND_HEARTBEAT {datanodeUUID=4d6fff4c-5cb6-40a3-b677-a76fbdc0054d, command=[]} | ret=SUCCESS |  
2019-09-20 09:36:06,532 | INFO  | SCMAudit | user=jenkins1000 | ip=192.168.151.119 | op=SEND_HEARTBEAT {datanodeUUID=d072c18a-1b53-41d5-bae5-b82be0790279, command=[]} | ret=SUCCESS |  
2019-09-20 09:36:06,617 | INFO  | SCMAudit | user=jenkins1000 | ip=192.168.151.119 | op=SEND_HEARTBEAT {datanodeUUID=10741cbd-d620-4a9b-9e67-51db8a2e0e6a, command=[]} | ret=SUCCESS |  
2019-09-20 09:36:06,858 | INFO  | SCMAudit | user=jenkins1000 | ip=192.168.151.119 | op=SEND_HEARTBEAT {datanodeUUID=d4fa05df-3099-4015-ad0e-4200365d2035, command=[]} | ret=SUCCESS |  
2019-09-20 09:36:07,007 | INFO  | SCMAudit | user=jenkins1000 | ip=192.168.151.119 | op=SEND_HEARTBEAT {datanodeUUID=86933813-1e1e-464a-ae0f-2ef91831d02b, command=[]} | ret=SUCCESS |  
2019-09-20 09:36:07,421 | INFO  | SCMAudit | user=jenkins1000 | ip=192.168.151.119 | op=SEND_HEARTBEAT {datanodeUUID=ba1e65fe-7169-476d-a778-4df70d7cdd6e, command=[]} | ret=SUCCESS |  
2019-09-20 09:36:07,488 | INFO  | SCMAudit | user=jenkins1000 | ip=192.168.151.119 | op=SEND_HEARTBEAT {datanodeUUID=37b777df-de08-4da5-9630-325a3e0e88a6, command=[]} | ret=SUCCESS |  
2019-09-20 09:36:07,522 | INFO  | SCMAudit | user=jenkins1000 | ip=192.168.151.119 | op=SEND_HEARTBEAT {datanodeUUID=4d6fff4c-5cb6-40a3-b677-a76fbdc0054d, command=[]} | ret=SUCCESS |  
2019-09-20 09:36:07,532 | INFO  | SCMAudit | user=jenkins1000 | ip=192.168.151.119 | op=SEND_HEARTBEAT {datanodeUUID=d072c18a-1b53-41d5-bae5-b82be0790279, command=[]} | ret=SUCCESS |  
2019-09-20 09:36:07,618 | INFO  | SCMAudit | user=jenkins1000 | ip=192.168.151.119 | op=SEND_HEARTBEAT {datanodeUUID=10741cbd-d620-4a9b-9e67-51db8a2e0e6a, command=[]} | ret=SUCCESS |  
2019-09-20 09:36:07,858 | INFO  | SCMAudit | user=jenkins1000 | ip=192.168.151.119 | op=SEND_HEARTBEAT {datanodeUUID=d4fa05df-3099-4015-ad0e-4200365d2035, command=[]} | ret=SUCCESS |  
2019-09-20 09:36:08,006 | INFO  | SCMAudit | user=jenkins1000 | ip=192.168.151.119 | op=SEND_HEARTBEAT {datanodeUUID=86933813-1e1e-464a-ae0f-2ef91831d02b, command=[]} | ret=SUCCESS |  
2019-09-20 09:36:08,420 | INFO  | SCMAudit | user=jenkins1000 | ip=192.168.151.119 | op=SEND_HEARTBEAT {datanodeUUID=ba1e65fe-7169-476d-a778-4df70d7cdd6e, command=[]} | ret=SUCCESS |  
2019-09-20 09:36:08,489 | INFO  | SCMAudit | user=jenkins1000 | ip=192.168.151.119 | op=SEND_HEARTBEAT {datanodeUUID=37b777df-de08-4da5-9630-325a3e0e88a6, command=[]} | ret=SUCCESS |  
2019-09-20 09:36:08,522 | INFO  | SCMAudit | user=jenkins1000 | ip=192.168.151.119 | op=SEND_HEARTBEAT {datanodeUUID=4d6fff4c-5cb6-40a3-b677-a76fbdc0054d, command=[]} | ret=SUCCESS |  
2019-09-20 09:36:08,532 | INFO  | SCMAudit | user=jenkins1000 | ip=192.168.151.119 | op=SEND_HEARTBEAT {datanodeUUID=d072c18a-1b53-41d5-bae5-b82be0790279, command=[]} | ret=SUCCESS |  
2019-09-20 09:36:08,618 | INFO  | SCMAudit | user=jenkins1000 | ip=192.168.151.119 | op=SEND_HEARTBEAT {datanodeUUID=10741cbd-d620-4a9b-9e67-51db8a2e0e6a, command=[]} | ret=SUCCESS |  
2019-09-20 09:36:08,858 | INFO  | SCMAudit | user=jenkins1000 | ip=192.168.151.119 | op=SEND_HEARTBEAT {datanodeUUID=d4fa05df-3099-4015-ad0e-4200365d2035, command=[]} | ret=SUCCESS |  
2019-09-20 09:36:09,006 | INFO  | SCMAudit | user=jenkins1000 | ip=192.168.151.119 | op=SEND_HEARTBEAT {datanodeUUID=86933813-1e1e-464a-ae0f-2ef91831d02b, command=[]} | ret=SUCCESS |  
2019-09-20 09:36:09,420 | INFO  | SCMAudit | user=jenkins1000 | ip=192.168.151.119 | op=SEND_HEARTBEAT {datanodeUUID=ba1e65fe-7169-476d-a778-4df70d7cdd6e, command=[]} | ret=SUCCESS |  
2019-09-20 09:36:09,489 | INFO  | SCMAudit | user=jenkins1000 | ip=192.168.151.119 | op=SEND_HEARTBEAT {datanodeUUID=37b777df-de08-4da5-9630-325a3e0e88a6, command=[]} | ret=SUCCESS |  
2019-09-20 09:36:09,522 | INFO  | SCMAudit | user=jenkins1000 | ip=192.168.151.119 | op=SEND_HEARTBEAT {datanodeUUID=4d6fff4c-5cb6-40a3-b677-a76fbdc0054d, command=[]} | ret=SUCCESS |  
2019-09-20 09:36:09,532 | INFO  | SCMAudit | user=jenkins1000 | ip=192.168.151.119 | op=SEND_HEARTBEAT {datanodeUUID=d072c18a-1b53-41d5-bae5-b82be0790279, command=[]} | ret=SUCCESS |  
2019-09-20 09:36:09,618 | INFO  | SCMAudit | user=jenkins1000 | ip=192.168.151.119 | op=SEND_HEARTBEAT {datanodeUUID=10741cbd-d620-4a9b-9e67-51db8a2e0e6a, command=[]} | ret=SUCCESS |  
2019-09-20 09:36:09,862 | INFO  | SCMAudit | user=jenkins1000 | ip=192.168.151.119 | op=SEND_HEARTBEAT {datanodeUUID=d4fa05df-3099-4015-ad0e-4200365d2035, command=[]} | ret=SUCCESS |  
2019-09-20 09:36:10,006 | INFO  | SCMAudit | user=jenkins1000 | ip=192.168.151.119 | op=SEND_HEARTBEAT {datanodeUUID=86933813-1e1e-464a-ae0f-2ef91831d02b, command=[]} | ret=SUCCESS |  
2019-09-20 09:36:10,420 | INFO  | SCMAudit | user=jenkins1000 | ip=192.168.151.119 | op=SEND_HEARTBEAT {datanodeUUID=ba1e65fe-7169-476d-a778-4df70d7cdd6e, command=[]} | ret=SUCCESS |  
2019-09-20 09:36:10,490 | INFO  | SCMAudit | user=jenkins1000 | ip=192.168.151.119 | op=SEND_HEARTBEAT {datanodeUUID=37b777df-de08-4da5-9630-325a3e0e88a6, command=[]} | ret=SUCCESS |  
2019-09-20 09:36:10,523 | INFO  | SCMAudit | user=jenkins1000 | ip=192.168.151.119 | op=SEND_HEARTBEAT {datanodeUUID=4d6fff4c-5cb6-40a3-b677-a76fbdc0054d, command=[]} | ret=SUCCESS |  
2019-09-20 09:36:10,532 | INFO  | SCMAudit | user=jenkins1000 | ip=192.168.151.119 | op=SEND_HEARTBEAT {datanodeUUID=d072c18a-1b53-41d5-bae5-b82be0790279, command=[]} | ret=SUCCESS |  
2019-09-20 09:36:10,617 | INFO  | SCMAudit | user=jenkins1000 | ip=192.168.151.119 | op=SEND_HEARTBEAT {datanodeUUID=10741cbd-d620-4a9b-9e67-51db8a2e0e6a, command=[]} | ret=SUCCESS |  
2019-09-20 09:36:10,859 | INFO  | SCMAudit | user=jenkins1000 | ip=192.168.151.119 | op=SEND_HEARTBEAT {datanodeUUID=d4fa05df-3099-4015-ad0e-4200365d2035, command=[]} | ret=SUCCESS |  
2019-09-20 09:36:10,879 [grpc-default-executor-12] INFO  client.GrpcClientProtocolClient (GrpcClientProtocolClient.java:onNext(255)) - client-05D5A58C38F8->4d6fff4c-5cb6-40a3-b677-a76fbdc0054d: receive RaftClientReply:client-05D5A58C38F8->4d6fff4c-5cb6-40a3-b677-a76fbdc0054d@group-13440712A48A, cid=45, FAILED org.apache.ratis.protocol.NotLeaderException: Server 4d6fff4c-5cb6-40a3-b677-a76fbdc0054d is not the leader (37b777df-de08-4da5-9630-325a3e0e88a6:192.168.151.119:35524). Request must be sent to leader., logIndex=0, commits[4d6fff4c-5cb6-40a3-b677-a76fbdc0054d:c8, d072c18a-1b53-41d5-bae5-b82be0790279:c8, 37b777df-de08-4da5-9630-325a3e0e88a6:c8]
2019-09-20 09:36:11,006 | INFO  | SCMAudit | user=jenkins1000 | ip=192.168.151.119 | op=SEND_HEARTBEAT {datanodeUUID=86933813-1e1e-464a-ae0f-2ef91831d02b, command=[]} | ret=SUCCESS |  
2019-09-20 09:36:11,421 | INFO  | SCMAudit | user=jenkins1000 | ip=192.168.151.119 | op=SEND_HEARTBEAT {datanodeUUID=ba1e65fe-7169-476d-a778-4df70d7cdd6e, command=[]} | ret=SUCCESS |  
2019-09-20 09:36:11,490 | INFO  | SCMAudit | user=jenkins1000 | ip=192.168.151.119 | op=SEND_HEARTBEAT {datanodeUUID=37b777df-de08-4da5-9630-325a3e0e88a6, command=[]} | ret=SUCCESS |  
2019-09-20 09:36:11,523 | INFO  | SCMAudit | user=jenkins1000 | ip=192.168.151.119 | op=SEND_HEARTBEAT {datanodeUUID=4d6fff4c-5cb6-40a3-b677-a76fbdc0054d, command=[]} | ret=SUCCESS |  
2019-09-20 09:36:11,532 | INFO  | SCMAudit | user=jenkins1000 | ip=192.168.151.119 | op=SEND_HEARTBEAT {datanodeUUID=d072c18a-1b53-41d5-bae5-b82be0790279, command=[]} | ret=SUCCESS |  
2019-09-20 09:36:11,617 | INFO  | SCMAudit | user=jenkins1000 | ip=192.168.151.119 | op=SEND_HEARTBEAT {datanodeUUID=10741cbd-d620-4a9b-9e67-51db8a2e0e6a, command=[]} | ret=SUCCESS |  
2019-09-20 09:36:11,859 | INFO  | SCMAudit | user=jenkins1000 | ip=192.168.151.119 | op=SEND_HEARTBEAT {datanodeUUID=d4fa05df-3099-4015-ad0e-4200365d2035, command=[]} | ret=SUCCESS |  
2019-09-20 09:36:12,006 | INFO  | SCMAudit | user=jenkins1000 | ip=192.168.151.119 | op=SEND_HEARTBEAT {datanodeUUID=86933813-1e1e-464a-ae0f-2ef91831d02b, command=[]} | ret=SUCCESS |  
2019-09-20 09:36:12,421 | INFO  | SCMAudit | user=jenkins1000 | ip=192.168.151.119 | op=SEND_HEARTBEAT {datanodeUUID=ba1e65fe-7169-476d-a778-4df70d7cdd6e, command=[]} | ret=SUCCESS |  
2019-09-20 09:36:12,489 | INFO  | SCMAudit | user=jenkins1000 | ip=192.168.151.119 | op=SEND_HEARTBEAT {datanodeUUID=37b777df-de08-4da5-9630-325a3e0e88a6, command=[]} | ret=SUCCESS |  
2019-09-20 09:36:12,523 | INFO  | SCMAudit | user=jenkins1000 | ip=192.168.151.119 | op=SEND_HEARTBEAT {datanodeUUID=4d6fff4c-5cb6-40a3-b677-a76fbdc0054d, command=[]} | ret=SUCCESS |  
2019-09-20 09:36:12,532 | INFO  | SCMAudit | user=jenkins1000 | ip=192.168.151.119 | op=SEND_HEARTBEAT {datanodeUUID=d072c18a-1b53-41d5-bae5-b82be0790279, command=[]} | ret=SUCCESS |  
2019-09-20 09:36:12,617 | INFO  | SCMAudit | user=jenkins1000 | ip=192.168.151.119 | op=SEND_HEARTBEAT {datanodeUUID=10741cbd-d620-4a9b-9e67-51db8a2e0e6a, command=[]} | ret=SUCCESS |  
2019-09-20 09:36:12,860 | INFO  | SCMAudit | user=jenkins1000 | ip=192.168.151.119 | op=SEND_HEARTBEAT {datanodeUUID=d4fa05df-3099-4015-ad0e-4200365d2035, command=[]} | ret=SUCCESS |  
2019-09-20 09:36:13,007 | INFO  | SCMAudit | user=jenkins1000 | ip=192.168.151.119 | op=SEND_HEARTBEAT {datanodeUUID=86933813-1e1e-464a-ae0f-2ef91831d02b, command=[]} | ret=SUCCESS |  
2019-09-20 09:36:13,422 | INFO  | SCMAudit | user=jenkins1000 | ip=192.168.151.119 | op=SEND_HEARTBEAT {datanodeUUID=ba1e65fe-7169-476d-a778-4df70d7cdd6e, command=[]} | ret=SUCCESS |  
2019-09-20 09:36:13,489 | INFO  | SCMAudit | user=jenkins1000 | ip=192.168.151.119 | op=SEND_HEARTBEAT {datanodeUUID=37b777df-de08-4da5-9630-325a3e0e88a6, command=[]} | ret=SUCCESS |  
2019-09-20 09:36:13,523 | INFO  | SCMAudit | user=jenkins1000 | ip=192.168.151.119 | op=SEND_HEARTBEAT {datanodeUUID=4d6fff4c-5cb6-40a3-b677-a76fbdc0054d, command=[]} | ret=SUCCESS |  
2019-09-20 09:36:13,532 | INFO  | SCMAudit | user=jenkins1000 | ip=192.168.151.119 | op=SEND_HEARTBEAT {datanodeUUID=d072c18a-1b53-41d5-bae5-b82be0790279, command=[]} | ret=SUCCESS |  
2019-09-20 09:36:13,617 | INFO  | SCMAudit | user=jenkins1000 | ip=192.168.151.119 | op=SEND_HEARTBEAT {datanodeUUID=10741cbd-d620-4a9b-9e67-51db8a2e0e6a, command=[]} | ret=SUCCESS |  
2019-09-20 09:36:13,859 | INFO  | SCMAudit | user=jenkins1000 | ip=192.168.151.119 | op=SEND_HEARTBEAT {datanodeUUID=d4fa05df-3099-4015-ad0e-4200365d2035, command=[]} | ret=SUCCESS |  
2019-09-20 09:36:14,007 | INFO  | SCMAudit | user=jenkins1000 | ip=192.168.151.119 | op=SEND_HEARTBEAT {datanodeUUID=86933813-1e1e-464a-ae0f-2ef91831d02b, command=[]} | ret=SUCCESS |  
2019-09-20 09:36:14,422 | INFO  | SCMAudit | user=jenkins1000 | ip=192.168.151.119 | op=SEND_HEARTBEAT {datanodeUUID=ba1e65fe-7169-476d-a778-4df70d7cdd6e, command=[]} | ret=SUCCESS |  
2019-09-20 09:36:14,489 | INFO  | SCMAudit | user=jenkins1000 | ip=192.168.151.119 | op=SEND_HEARTBEAT {datanodeUUID=37b777df-de08-4da5-9630-325a3e0e88a6, command=[]} | ret=SUCCESS |  
2019-09-20 09:36:14,523 | INFO  | SCMAudit | user=jenkins1000 | ip=192.168.151.119 | op=SEND_HEARTBEAT {datanodeUUID=4d6fff4c-5cb6-40a3-b677-a76fbdc0054d, command=[]} | ret=SUCCESS |  
2019-09-20 09:36:14,532 | INFO  | SCMAudit | user=jenkins1000 | ip=192.168.151.119 | op=SEND_HEARTBEAT {datanodeUUID=d072c18a-1b53-41d5-bae5-b82be0790279, command=[]} | ret=SUCCESS |  
2019-09-20 09:36:14,617 | INFO  | SCMAudit | user=jenkins1000 | ip=192.168.151.119 | op=SEND_HEARTBEAT {datanodeUUID=10741cbd-d620-4a9b-9e67-51db8a2e0e6a, command=[]} | ret=SUCCESS |  
2019-09-20 09:36:14,859 | INFO  | SCMAudit | user=jenkins1000 | ip=192.168.151.119 | op=SEND_HEARTBEAT {datanodeUUID=d4fa05df-3099-4015-ad0e-4200365d2035, command=[]} | ret=SUCCESS |  
2019-09-20 09:36:15,007 | INFO  | SCMAudit | user=jenkins1000 | ip=192.168.151.119 | op=SEND_HEARTBEAT {datanodeUUID=86933813-1e1e-464a-ae0f-2ef91831d02b, command=[]} | ret=SUCCESS |  
2019-09-20 09:36:15,422 | INFO  | SCMAudit | user=jenkins1000 | ip=192.168.151.119 | op=SEND_HEARTBEAT {datanodeUUID=ba1e65fe-7169-476d-a778-4df70d7cdd6e, command=[]} | ret=SUCCESS |  
2019-09-20 09:36:15,490 | INFO  | SCMAudit | user=jenkins1000 | ip=192.168.151.119 | op=SEND_HEARTBEAT {datanodeUUID=37b777df-de08-4da5-9630-325a3e0e88a6, command=[]} | ret=SUCCESS |  
2019-09-20 09:36:15,523 | INFO  | SCMAudit | user=jenkins1000 | ip=192.168.151.119 | op=SEND_HEARTBEAT {datanodeUUID=4d6fff4c-5cb6-40a3-b677-a76fbdc0054d, command=[]} | ret=SUCCESS |  
2019-09-20 09:36:15,532 | INFO  | SCMAudit | user=jenkins1000 | ip=192.168.151.119 | op=SEND_HEARTBEAT {datanodeUUID=d072c18a-1b53-41d5-bae5-b82be0790279, command=[]} | ret=SUCCESS |  
2019-09-20 09:36:15,618 | INFO  | SCMAudit | user=jenkins1000 | ip=192.168.151.119 | op=SEND_HEARTBEAT {datanodeUUID=10741cbd-d620-4a9b-9e67-51db8a2e0e6a, command=[]} | ret=SUCCESS |  
2019-09-20 09:36:15,859 | INFO  | SCMAudit | user=jenkins1000 | ip=192.168.151.119 | op=SEND_HEARTBEAT {datanodeUUID=d4fa05df-3099-4015-ad0e-4200365d2035, command=[]} | ret=SUCCESS |  
2019-09-20 09:36:15,916 [grpc-default-executor-0] INFO  client.GrpcClientProtocolClient (GrpcClientProtocolClient.java:onNext(255)) - client-05D5A58C38F8->4d6fff4c-5cb6-40a3-b677-a76fbdc0054d: receive RaftClientReply:client-05D5A58C38F8->4d6fff4c-5cb6-40a3-b677-a76fbdc0054d@group-13440712A48A, cid=45, FAILED org.apache.ratis.protocol.NotLeaderException: Server 4d6fff4c-5cb6-40a3-b677-a76fbdc0054d is not the leader (37b777df-de08-4da5-9630-325a3e0e88a6:192.168.151.119:35524). Request must be sent to leader., logIndex=0, commits[4d6fff4c-5cb6-40a3-b677-a76fbdc0054d:c8, d072c18a-1b53-41d5-bae5-b82be0790279:c8, 37b777df-de08-4da5-9630-325a3e0e88a6:c8]
2019-09-20 09:36:16,006 | INFO  | SCMAudit | user=jenkins1000 | ip=192.168.151.119 | op=SEND_HEARTBEAT {datanodeUUID=86933813-1e1e-464a-ae0f-2ef91831d02b, command=[]} | ret=SUCCESS |  
2019-09-20 09:36:16,422 | INFO  | SCMAudit | user=jenkins1000 | ip=192.168.151.119 | op=SEND_HEARTBEAT {datanodeUUID=ba1e65fe-7169-476d-a778-4df70d7cdd6e, command=[]} | ret=SUCCESS |  
2019-09-20 09:36:16,490 | INFO  | SCMAudit | user=jenkins1000 | ip=192.168.151.119 | op=SEND_HEARTBEAT {datanodeUUID=37b777df-de08-4da5-9630-325a3e0e88a6, command=[]} | ret=SUCCESS |  
2019-09-20 09:36:16,523 | INFO  | SCMAudit | user=jenkins1000 | ip=192.168.151.119 | op=SEND_HEARTBEAT {datanodeUUID=4d6fff4c-5cb6-40a3-b677-a76fbdc0054d, command=[]} | ret=SUCCESS |  
2019-09-20 09:36:16,533 | INFO  | SCMAudit | user=jenkins1000 | ip=192.168.151.119 | op=SEND_HEARTBEAT {datanodeUUID=d072c18a-1b53-41d5-bae5-b82be0790279, command=[]} | ret=SUCCESS |  
2019-09-20 09:36:16,618 | INFO  | SCMAudit | user=jenkins1000 | ip=192.168.151.119 | op=SEND_HEARTBEAT {datanodeUUID=10741cbd-d620-4a9b-9e67-51db8a2e0e6a, command=[]} | ret=SUCCESS |  
2019-09-20 09:36:16,860 | INFO  | SCMAudit | user=jenkins1000 | ip=192.168.151.119 | op=SEND_HEARTBEAT {datanodeUUID=d4fa05df-3099-4015-ad0e-4200365d2035, command=[]} | ret=SUCCESS |  
2019-09-20 09:36:17,006 | INFO  | SCMAudit | user=jenkins1000 | ip=192.168.151.119 | op=SEND_HEARTBEAT {datanodeUUID=86933813-1e1e-464a-ae0f-2ef91831d02b, command=[]} | ret=SUCCESS |  
2019-09-20 09:36:17,422 | INFO  | SCMAudit | user=jenkins1000 | ip=192.168.151.119 | op=SEND_HEARTBEAT {datanodeUUID=ba1e65fe-7169-476d-a778-4df70d7cdd6e, command=[]} | ret=SUCCESS |  
2019-09-20 09:36:17,490 | INFO  | SCMAudit | user=jenkins1000 | ip=192.168.151.119 | op=SEND_HEARTBEAT {datanodeUUID=37b777df-de08-4da5-9630-325a3e0e88a6, command=[]} | ret=SUCCESS |  
2019-09-20 09:36:17,523 | INFO  | SCMAudit | user=jenkins1000 | ip=192.168.151.119 | op=SEND_HEARTBEAT {datanodeUUID=4d6fff4c-5cb6-40a3-b677-a76fbdc0054d, command=[]} | ret=SUCCESS |  
2019-09-20 09:36:17,533 | INFO  | SCMAudit | user=jenkins1000 | ip=192.168.151.119 | op=SEND_HEARTBEAT {datanodeUUID=d072c18a-1b53-41d5-bae5-b82be0790279, command=[]} | ret=SUCCESS |  
2019-09-20 09:36:17,618 | INFO  | SCMAudit | user=jenkins1000 | ip=192.168.151.119 | op=SEND_HEARTBEAT {datanodeUUID=10741cbd-d620-4a9b-9e67-51db8a2e0e6a, command=[]} | ret=SUCCESS |  
2019-09-20 09:36:17,860 | INFO  | SCMAudit | user=jenkins1000 | ip=192.168.151.119 | op=SEND_HEARTBEAT {datanodeUUID=d4fa05df-3099-4015-ad0e-4200365d2035, command=[]} | ret=SUCCESS |  
2019-09-20 09:36:18,007 | INFO  | SCMAudit | user=jenkins1000 | ip=192.168.151.119 | op=SEND_HEARTBEAT {datanodeUUID=86933813-1e1e-464a-ae0f-2ef91831d02b, command=[]} | ret=SUCCESS |  
2019-09-20 09:36:18,423 | INFO  | SCMAudit | user=jenkins1000 | ip=192.168.151.119 | op=SEND_HEARTBEAT {datanodeUUID=ba1e65fe-7169-476d-a778-4df70d7cdd6e, command=[]} | ret=SUCCESS |  
2019-09-20 09:36:18,490 | INFO  | SCMAudit | user=jenkins1000 | ip=192.168.151.119 | op=SEND_HEARTBEAT {datanodeUUID=37b777df-de08-4da5-9630-325a3e0e88a6, command=[]} | ret=SUCCESS |  
2019-09-20 09:36:18,523 | INFO  | SCMAudit | user=jenkins1000 | ip=192.168.151.119 | op=SEND_HEARTBEAT {datanodeUUID=4d6fff4c-5cb6-40a3-b677-a76fbdc0054d, command=[]} | ret=SUCCESS |  
2019-09-20 09:36:18,534 | INFO  | SCMAudit | user=jenkins1000 | ip=192.168.151.119 | op=SEND_HEARTBEAT {datanodeUUID=d072c18a-1b53-41d5-bae5-b82be0790279, command=[]} | ret=SUCCESS |  
2019-09-20 09:36:18,618 | INFO  | SCMAudit | user=jenkins1000 | ip=192.168.151.119 | op=SEND_HEARTBEAT {datanodeUUID=10741cbd-d620-4a9b-9e67-51db8a2e0e6a, command=[]} | ret=SUCCESS |  
2019-09-20 09:36:18,859 | INFO  | SCMAudit | user=jenkins1000 | ip=192.168.151.119 | op=SEND_HEARTBEAT {datanodeUUID=d4fa05df-3099-4015-ad0e-4200365d2035, command=[]} | ret=SUCCESS |  
2019-09-20 09:36:19,007 | INFO  | SCMAudit | user=jenkins1000 | ip=192.168.151.119 | op=SEND_HEARTBEAT {datanodeUUID=86933813-1e1e-464a-ae0f-2ef91831d02b, command=[]} | ret=SUCCESS |  
2019-09-20 09:36:19,422 | INFO  | SCMAudit | user=jenkins1000 | ip=192.168.151.119 | op=SEND_HEARTBEAT {datanodeUUID=ba1e65fe-7169-476d-a778-4df70d7cdd6e, command=[]} | ret=SUCCESS |  
2019-09-20 09:36:19,491 | INFO  | SCMAudit | user=jenkins1000 | ip=192.168.151.119 | op=SEND_HEARTBEAT {datanodeUUID=37b777df-de08-4da5-9630-325a3e0e88a6, command=[]} | ret=SUCCESS |  
2019-09-20 09:36:19,524 | INFO  | SCMAudit | user=jenkins1000 | ip=192.168.151.119 | op=SEND_HEARTBEAT {datanodeUUID=4d6fff4c-5cb6-40a3-b677-a76fbdc0054d, command=[]} | ret=SUCCESS |  
2019-09-20 09:36:19,534 | INFO  | SCMAudit | user=jenkins1000 | ip=192.168.151.119 | op=SEND_HEARTBEAT {datanodeUUID=d072c18a-1b53-41d5-bae5-b82be0790279, command=[]} | ret=SUCCESS |  
2019-09-20 09:36:19,619 | INFO  | SCMAudit | user=jenkins1000 | ip=192.168.151.119 | op=SEND_HEARTBEAT {datanodeUUID=10741cbd-d620-4a9b-9e67-51db8a2e0e6a, command=[]} | ret=SUCCESS |  
2019-09-20 09:36:19,859 | INFO  | SCMAudit | user=jenkins1000 | ip=192.168.151.119 | op=SEND_HEARTBEAT {datanodeUUID=d4fa05df-3099-4015-ad0e-4200365d2035, command=[]} | ret=SUCCESS |  
2019-09-20 09:36:20,008 | INFO  | SCMAudit | user=jenkins1000 | ip=192.168.151.119 | op=SEND_HEARTBEAT {datanodeUUID=86933813-1e1e-464a-ae0f-2ef91831d02b, command=[]} | ret=SUCCESS |  
2019-09-20 09:36:20,422 | INFO  | SCMAudit | user=jenkins1000 | ip=192.168.151.119 | op=SEND_HEARTBEAT {datanodeUUID=ba1e65fe-7169-476d-a778-4df70d7cdd6e, command=[]} | ret=SUCCESS |  
2019-09-20 09:36:20,491 | INFO  | SCMAudit | user=jenkins1000 | ip=192.168.151.119 | op=SEND_HEARTBEAT {datanodeUUID=37b777df-de08-4da5-9630-325a3e0e88a6, command=[]} | ret=SUCCESS |  
2019-09-20 09:36:20,524 | INFO  | SCMAudit | user=jenkins1000 | ip=192.168.151.119 | op=SEND_HEARTBEAT {datanodeUUID=4d6fff4c-5cb6-40a3-b677-a76fbdc0054d, command=[]} | ret=SUCCESS |  
2019-09-20 09:36:20,535 | INFO  | SCMAudit | user=jenkins1000 | ip=192.168.151.119 | op=SEND_HEARTBEAT {datanodeUUID=d072c18a-1b53-41d5-bae5-b82be0790279, command=[]} | ret=SUCCESS |  
2019-09-20 09:36:20,619 | INFO  | SCMAudit | user=jenkins1000 | ip=192.168.151.119 | op=SEND_HEARTBEAT {datanodeUUID=10741cbd-d620-4a9b-9e67-51db8a2e0e6a, command=[]} | ret=SUCCESS |  
2019-09-20 09:36:20,860 | INFO  | SCMAudit | user=jenkins1000 | ip=192.168.151.119 | op=SEND_HEARTBEAT {datanodeUUID=d4fa05df-3099-4015-ad0e-4200365d2035, command=[]} | ret=SUCCESS |  
2019-09-20 09:36:20,965 [grpc-default-executor-0] INFO  client.GrpcClientProtocolClient (GrpcClientProtocolClient.java:onNext(255)) - client-05D5A58C38F8->4d6fff4c-5cb6-40a3-b677-a76fbdc0054d: receive RaftClientReply:client-05D5A58C38F8->4d6fff4c-5cb6-40a3-b677-a76fbdc0054d@group-13440712A48A, cid=45, FAILED org.apache.ratis.protocol.NotLeaderException: Server 4d6fff4c-5cb6-40a3-b677-a76fbdc0054d is not the leader (37b777df-de08-4da5-9630-325a3e0e88a6:192.168.151.119:35524). Request must be sent to leader., logIndex=0, commits[4d6fff4c-5cb6-40a3-b677-a76fbdc0054d:c8, d072c18a-1b53-41d5-bae5-b82be0790279:c8, 37b777df-de08-4da5-9630-325a3e0e88a6:c8]
2019-09-20 09:36:21,007 | INFO  | SCMAudit | user=jenkins1000 | ip=192.168.151.119 | op=SEND_HEARTBEAT {datanodeUUID=86933813-1e1e-464a-ae0f-2ef91831d02b, command=[]} | ret=SUCCESS |  
2019-09-20 09:36:21,423 | INFO  | SCMAudit | user=jenkins1000 | ip=192.168.151.119 | op=SEND_HEARTBEAT {datanodeUUID=ba1e65fe-7169-476d-a778-4df70d7cdd6e, command=[]} | ret=SUCCESS |  
2019-09-20 09:36:21,491 | INFO  | SCMAudit | user=jenkins1000 | ip=192.168.151.119 | op=SEND_HEARTBEAT {datanodeUUID=37b777df-de08-4da5-9630-325a3e0e88a6, command=[]} | ret=SUCCESS |  
2019-09-20 09:36:21,523 | INFO  | SCMAudit | user=jenkins1000 | ip=192.168.151.119 | op=SEND_HEARTBEAT {datanodeUUID=4d6fff4c-5cb6-40a3-b677-a76fbdc0054d, command=[]} | ret=SUCCESS |  
2019-09-20 09:36:21,536 | INFO  | SCMAudit | user=jenkins1000 | ip=192.168.151.119 | op=SEND_HEARTBEAT {datanodeUUID=d072c18a-1b53-41d5-bae5-b82be0790279, command=[]} | ret=SUCCESS |  
2019-09-20 09:36:21,619 | INFO  | SCMAudit | user=jenkins1000 | ip=192.168.151.119 | op=SEND_HEARTBEAT {datanodeUUID=10741cbd-d620-4a9b-9e67-51db8a2e0e6a, command=[]} | ret=SUCCESS |  
2019-09-20 09:36:21,860 | INFO  | SCMAudit | user=jenkins1000 | ip=192.168.151.119 | op=SEND_HEARTBEAT {datanodeUUID=d4fa05df-3099-4015-ad0e-4200365d2035, command=[]} | ret=SUCCESS |  
2019-09-20 09:36:22,007 | INFO  | SCMAudit | user=jenkins1000 | ip=192.168.151.119 | op=SEND_HEARTBEAT {datanodeUUID=86933813-1e1e-464a-ae0f-2ef91831d02b, command=[]} | ret=SUCCESS |  
2019-09-20 09:36:22,423 | INFO  | SCMAudit | user=jenkins1000 | ip=192.168.151.119 | op=SEND_HEARTBEAT {datanodeUUID=ba1e65fe-7169-476d-a778-4df70d7cdd6e, command=[]} | ret=SUCCESS |  
2019-09-20 09:36:22,491 | INFO  | SCMAudit | user=jenkins1000 | ip=192.168.151.119 | op=SEND_HEARTBEAT {datanodeUUID=37b777df-de08-4da5-9630-325a3e0e88a6, command=[]} | ret=SUCCESS |  
2019-09-20 09:36:22,523 | INFO  | SCMAudit | user=jenkins1000 | ip=192.168.151.119 | op=SEND_HEARTBEAT {datanodeUUID=4d6fff4c-5cb6-40a3-b677-a76fbdc0054d, command=[]} | ret=SUCCESS |  
2019-09-20 09:36:22,536 | INFO  | SCMAudit | user=jenkins1000 | ip=192.168.151.119 | op=SEND_HEARTBEAT {datanodeUUID=d072c18a-1b53-41d5-bae5-b82be0790279, command=[]} | ret=SUCCESS |  
2019-09-20 09:36:22,619 | INFO  | SCMAudit | user=jenkins1000 | ip=192.168.151.119 | op=SEND_HEARTBEAT {datanodeUUID=10741cbd-d620-4a9b-9e67-51db8a2e0e6a, command=[]} | ret=SUCCESS |  
2019-09-20 09:36:22,860 | INFO  | SCMAudit | user=jenkins1000 | ip=192.168.151.119 | op=SEND_HEARTBEAT {datanodeUUID=d4fa05df-3099-4015-ad0e-4200365d2035, command=[]} | ret=SUCCESS |  
2019-09-20 09:36:23,007 | INFO  | SCMAudit | user=jenkins1000 | ip=192.168.151.119 | op=SEND_HEARTBEAT {datanodeUUID=86933813-1e1e-464a-ae0f-2ef91831d02b, command=[]} | ret=SUCCESS |  
2019-09-20 09:36:23,423 | INFO  | SCMAudit | user=jenkins1000 | ip=192.168.151.119 | op=SEND_HEARTBEAT {datanodeUUID=ba1e65fe-7169-476d-a778-4df70d7cdd6e, command=[]} | ret=SUCCESS |  
2019-09-20 09:36:23,492 | INFO  | SCMAudit | user=jenkins1000 | ip=192.168.151.119 | op=SEND_HEARTBEAT {datanodeUUID=37b777df-de08-4da5-9630-325a3e0e88a6, command=[]} | ret=SUCCESS |  
2019-09-20 09:36:23,523 | INFO  | SCMAudit | user=jenkins1000 | ip=192.168.151.119 | op=SEND_HEARTBEAT {datanodeUUID=4d6fff4c-5cb6-40a3-b677-a76fbdc0054d, command=[]} | ret=SUCCESS |  
2019-09-20 09:36:23,536 | INFO  | SCMAudit | user=jenkins1000 | ip=192.168.151.119 | op=SEND_HEARTBEAT {datanodeUUID=d072c18a-1b53-41d5-bae5-b82be0790279, command=[]} | ret=SUCCESS |  
2019-09-20 09:36:23,619 | INFO  | SCMAudit | user=jenkins1000 | ip=192.168.151.119 | op=SEND_HEARTBEAT {datanodeUUID=10741cbd-d620-4a9b-9e67-51db8a2e0e6a, command=[]} | ret=SUCCESS |  
2019-09-20 09:36:23,860 | INFO  | SCMAudit | user=jenkins1000 | ip=192.168.151.119 | op=SEND_HEARTBEAT {datanodeUUID=d4fa05df-3099-4015-ad0e-4200365d2035, command=[]} | ret=SUCCESS |  
2019-09-20 09:36:24,008 | INFO  | SCMAudit | user=jenkins1000 | ip=192.168.151.119 | op=SEND_HEARTBEAT {datanodeUUID=86933813-1e1e-464a-ae0f-2ef91831d02b, command=[]} | ret=SUCCESS |  
2019-09-20 09:36:24,423 | INFO  | SCMAudit | user=jenkins1000 | ip=192.168.151.119 | op=SEND_HEARTBEAT {datanodeUUID=ba1e65fe-7169-476d-a778-4df70d7cdd6e, command=[]} | ret=SUCCESS |  
2019-09-20 09:36:24,492 | INFO  | SCMAudit | user=jenkins1000 | ip=192.168.151.119 | op=SEND_HEARTBEAT {datanodeUUID=37b777df-de08-4da5-9630-325a3e0e88a6, command=[]} | ret=SUCCESS |  
2019-09-20 09:36:24,523 | INFO  | SCMAudit | user=jenkins1000 | ip=192.168.151.119 | op=SEND_HEARTBEAT {datanodeUUID=4d6fff4c-5cb6-40a3-b677-a76fbdc0054d, command=[]} | ret=SUCCESS |  
2019-09-20 09:36:24,536 | INFO  | SCMAudit | user=jenkins1000 | ip=192.168.151.119 | op=SEND_HEARTBEAT {datanodeUUID=d072c18a-1b53-41d5-bae5-b82be0790279, command=[]} | ret=SUCCESS |  
2019-09-20 09:36:24,620 | INFO  | SCMAudit | user=jenkins1000 | ip=192.168.151.119 | op=SEND_HEARTBEAT {datanodeUUID=10741cbd-d620-4a9b-9e67-51db8a2e0e6a, command=[]} | ret=SUCCESS |  
2019-09-20 09:36:24,861 | INFO  | SCMAudit | user=jenkins1000 | ip=192.168.151.119 | op=SEND_HEARTBEAT {datanodeUUID=d4fa05df-3099-4015-ad0e-4200365d2035, command=[]} | ret=SUCCESS |  
2019-09-20 09:36:25,008 | INFO  | SCMAudit | user=jenkins1000 | ip=192.168.151.119 | op=SEND_HEARTBEAT {datanodeUUID=86933813-1e1e-464a-ae0f-2ef91831d02b, command=[]} | ret=SUCCESS |  
2019-09-20 09:36:25,424 | INFO  | SCMAudit | user=jenkins1000 | ip=192.168.151.119 | op=SEND_HEARTBEAT {datanodeUUID=ba1e65fe-7169-476d-a778-4df70d7cdd6e, command=[]} | ret=SUCCESS |  
2019-09-20 09:36:25,492 | INFO  | SCMAudit | user=jenkins1000 | ip=192.168.151.119 | op=SEND_HEARTBEAT {datanodeUUID=37b777df-de08-4da5-9630-325a3e0e88a6, command=[]} | ret=SUCCESS |  
2019-09-20 09:36:25,524 | INFO  | SCMAudit | user=jenkins1000 | ip=192.168.151.119 | op=SEND_HEARTBEAT {datanodeUUID=4d6fff4c-5cb6-40a3-b677-a76fbdc0054d, command=[]} | ret=SUCCESS |  
2019-09-20 09:36:25,537 | INFO  | SCMAudit | user=jenkins1000 | ip=192.168.151.119 | op=SEND_HEARTBEAT {datanodeUUID=d072c18a-1b53-41d5-bae5-b82be0790279, command=[]} | ret=SUCCESS |  
2019-09-20 09:36:25,619 | INFO  | SCMAudit | user=jenkins1000 | ip=192.168.151.119 | op=SEND_HEARTBEAT {datanodeUUID=10741cbd-d620-4a9b-9e67-51db8a2e0e6a, command=[]} | ret=SUCCESS |  
2019-09-20 09:36:25,860 | INFO  | SCMAudit | user=jenkins1000 | ip=192.168.151.119 | op=SEND_HEARTBEAT {datanodeUUID=d4fa05df-3099-4015-ad0e-4200365d2035, command=[]} | ret=SUCCESS |  
2019-09-20 09:36:26,001 [grpc-default-executor-0] INFO  client.GrpcClientProtocolClient (GrpcClientProtocolClient.java:onNext(255)) - client-05D5A58C38F8->d072c18a-1b53-41d5-bae5-b82be0790279: receive RaftClientReply:client-05D5A58C38F8->d072c18a-1b53-41d5-bae5-b82be0790279@group-13440712A48A, cid=45, FAILED org.apache.ratis.protocol.NotLeaderException: Server d072c18a-1b53-41d5-bae5-b82be0790279 is not the leader (37b777df-de08-4da5-9630-325a3e0e88a6:192.168.151.119:35524). Request must be sent to leader., logIndex=0, commits[d072c18a-1b53-41d5-bae5-b82be0790279:c8, 37b777df-de08-4da5-9630-325a3e0e88a6:c8, 4d6fff4c-5cb6-40a3-b677-a76fbdc0054d:c8]
2019-09-20 09:36:26,011 | INFO  | SCMAudit | user=jenkins1000 | ip=192.168.151.119 | op=SEND_HEARTBEAT {datanodeUUID=86933813-1e1e-464a-ae0f-2ef91831d02b, command=[]} | ret=SUCCESS |  
2019-09-20 09:36:26,424 | INFO  | SCMAudit | user=jenkins1000 | ip=192.168.151.119 | op=SEND_HEARTBEAT {datanodeUUID=ba1e65fe-7169-476d-a778-4df70d7cdd6e, command=[]} | ret=SUCCESS |  
2019-09-20 09:36:26,492 | INFO  | SCMAudit | user=jenkins1000 | ip=192.168.151.119 | op=SEND_HEARTBEAT {datanodeUUID=37b777df-de08-4da5-9630-325a3e0e88a6, command=[]} | ret=SUCCESS |  
2019-09-20 09:36:26,524 | INFO  | SCMAudit | user=jenkins1000 | ip=192.168.151.119 | op=SEND_HEARTBEAT {datanodeUUID=4d6fff4c-5cb6-40a3-b677-a76fbdc0054d, command=[]} | ret=SUCCESS |  
2019-09-20 09:36:26,537 | INFO  | SCMAudit | user=jenkins1000 | ip=192.168.151.119 | op=SEND_HEARTBEAT {datanodeUUID=d072c18a-1b53-41d5-bae5-b82be0790279, command=[]} | ret=SUCCESS |  
2019-09-20 09:36:26,619 | INFO  | SCMAudit | user=jenkins1000 | ip=192.168.151.119 | op=SEND_HEARTBEAT {datanodeUUID=10741cbd-d620-4a9b-9e67-51db8a2e0e6a, command=[]} | ret=SUCCESS |  
2019-09-20 09:36:26,861 | INFO  | SCMAudit | user=jenkins1000 | ip=192.168.151.119 | op=SEND_HEARTBEAT {datanodeUUID=d4fa05df-3099-4015-ad0e-4200365d2035, command=[]} | ret=SUCCESS |  
2019-09-20 09:36:27,009 | INFO  | SCMAudit | user=jenkins1000 | ip=192.168.151.119 | op=SEND_HEARTBEAT {datanodeUUID=86933813-1e1e-464a-ae0f-2ef91831d02b, command=[]} | ret=SUCCESS |  
2019-09-20 09:36:27,424 | INFO  | SCMAudit | user=jenkins1000 | ip=192.168.151.119 | op=SEND_HEARTBEAT {datanodeUUID=ba1e65fe-7169-476d-a778-4df70d7cdd6e, command=[]} | ret=SUCCESS |  
2019-09-20 09:36:27,492 | INFO  | SCMAudit | user=jenkins1000 | ip=192.168.151.119 | op=SEND_HEARTBEAT {datanodeUUID=37b777df-de08-4da5-9630-325a3e0e88a6, command=[]} | ret=SUCCESS |  
2019-09-20 09:36:27,524 | INFO  | SCMAudit | user=jenkins1000 | ip=192.168.151.119 | op=SEND_HEARTBEAT {datanodeUUID=4d6fff4c-5cb6-40a3-b677-a76fbdc0054d, command=[]} | ret=SUCCESS |  
2019-09-20 09:36:27,537 | INFO  | SCMAudit | user=jenkins1000 | ip=192.168.151.119 | op=SEND_HEARTBEAT {datanodeUUID=d072c18a-1b53-41d5-bae5-b82be0790279, command=[]} | ret=SUCCESS |  
2019-09-20 09:36:27,620 | INFO  | SCMAudit | user=jenkins1000 | ip=192.168.151.119 | op=SEND_HEARTBEAT {datanodeUUID=10741cbd-d620-4a9b-9e67-51db8a2e0e6a, command=[]} | ret=SUCCESS |  
2019-09-20 09:36:27,860 | INFO  | SCMAudit | user=jenkins1000 | ip=192.168.151.119 | op=SEND_HEARTBEAT {datanodeUUID=d4fa05df-3099-4015-ad0e-4200365d2035, command=[]} | ret=SUCCESS |  
2019-09-20 09:36:28,009 | INFO  | SCMAudit | user=jenkins1000 | ip=192.168.151.119 | op=SEND_HEARTBEAT {datanodeUUID=86933813-1e1e-464a-ae0f-2ef91831d02b, command=[]} | ret=SUCCESS |  
2019-09-20 09:36:28,424 | INFO  | SCMAudit | user=jenkins1000 | ip=192.168.151.119 | op=SEND_HEARTBEAT {datanodeUUID=ba1e65fe-7169-476d-a778-4df70d7cdd6e, command=[]} | ret=SUCCESS |  
2019-09-20 09:36:28,492 | INFO  | SCMAudit | user=jenkins1000 | ip=192.168.151.119 | op=SEND_HEARTBEAT {datanodeUUID=37b777df-de08-4da5-9630-325a3e0e88a6, command=[]} | ret=SUCCESS |  
2019-09-20 09:36:28,525 | INFO  | SCMAudit | user=jenkins1000 | ip=192.168.151.119 | op=SEND_HEARTBEAT {datanodeUUID=4d6fff4c-5cb6-40a3-b677-a76fbdc0054d, command=[]} | ret=SUCCESS |  
2019-09-20 09:36:28,537 | INFO  | SCMAudit | user=jenkins1000 | ip=192.168.151.119 | op=SEND_HEARTBEAT {datanodeUUID=d072c18a-1b53-41d5-bae5-b82be0790279, command=[]} | ret=SUCCESS |  
2019-09-20 09:36:28,620 | INFO  | SCMAudit | user=jenkins1000 | ip=192.168.151.119 | op=SEND_HEARTBEAT {datanodeUUID=10741cbd-d620-4a9b-9e67-51db8a2e0e6a, command=[]} | ret=SUCCESS |  
2019-09-20 09:36:28,860 | INFO  | SCMAudit | user=jenkins1000 | ip=192.168.151.119 | op=SEND_HEARTBEAT {datanodeUUID=d4fa05df-3099-4015-ad0e-4200365d2035, command=[]} | ret=SUCCESS |  
2019-09-20 09:36:29,009 | INFO  | SCMAudit | user=jenkins1000 | ip=192.168.151.119 | op=SEND_HEARTBEAT {datanodeUUID=86933813-1e1e-464a-ae0f-2ef91831d02b, command=[]} | ret=SUCCESS |  
2019-09-20 09:36:29,424 | INFO  | SCMAudit | user=jenkins1000 | ip=192.168.151.119 | op=SEND_HEARTBEAT {datanodeUUID=ba1e65fe-7169-476d-a778-4df70d7cdd6e, command=[]} | ret=SUCCESS |  
2019-09-20 09:36:29,492 | INFO  | SCMAudit | user=jenkins1000 | ip=192.168.151.119 | op=SEND_HEARTBEAT {datanodeUUID=37b777df-de08-4da5-9630-325a3e0e88a6, command=[]} | ret=SUCCESS |  
2019-09-20 09:36:29,525 | INFO  | SCMAudit | user=jenkins1000 | ip=192.168.151.119 | op=SEND_HEARTBEAT {datanodeUUID=4d6fff4c-5cb6-40a3-b677-a76fbdc0054d, command=[]} | ret=SUCCESS |  
2019-09-20 09:36:29,537 | INFO  | SCMAudit | user=jenkins1000 | ip=192.168.151.119 | op=SEND_HEARTBEAT {datanodeUUID=d072c18a-1b53-41d5-bae5-b82be0790279, command=[]} | ret=SUCCESS |  
2019-09-20 09:36:29,620 | INFO  | SCMAudit | user=jenkins1000 | ip=192.168.151.119 | op=SEND_HEARTBEAT {datanodeUUID=10741cbd-d620-4a9b-9e67-51db8a2e0e6a, command=[]} | ret=SUCCESS |  
2019-09-20 09:36:29,860 | INFO  | SCMAudit | user=jenkins1000 | ip=192.168.151.119 | op=SEND_HEARTBEAT {datanodeUUID=d4fa05df-3099-4015-ad0e-4200365d2035, command=[]} | ret=SUCCESS |  
2019-09-20 09:36:30,009 | INFO  | SCMAudit | user=jenkins1000 | ip=192.168.151.119 | op=SEND_HEARTBEAT {datanodeUUID=86933813-1e1e-464a-ae0f-2ef91831d02b, command=[]} | ret=SUCCESS |  
2019-09-20 09:36:30,424 | INFO  | SCMAudit | user=jenkins1000 | ip=192.168.151.119 | op=SEND_HEARTBEAT {datanodeUUID=ba1e65fe-7169-476d-a778-4df70d7cdd6e, command=[]} | ret=SUCCESS |  
2019-09-20 09:36:30,493 | INFO  | SCMAudit | user=jenkins1000 | ip=192.168.151.119 | op=SEND_HEARTBEAT {datanodeUUID=37b777df-de08-4da5-9630-325a3e0e88a6, command=[]} | ret=SUCCESS |  
2019-09-20 09:36:30,525 | INFO  | SCMAudit | user=jenkins1000 | ip=192.168.151.119 | op=SEND_HEARTBEAT {datanodeUUID=4d6fff4c-5cb6-40a3-b677-a76fbdc0054d, command=[]} | ret=SUCCESS |  
2019-09-20 09:36:30,537 | INFO  | SCMAudit | user=jenkins1000 | ip=192.168.151.119 | op=SEND_HEARTBEAT {datanodeUUID=d072c18a-1b53-41d5-bae5-b82be0790279, command=[]} | ret=SUCCESS |  
2019-09-20 09:36:30,620 | INFO  | SCMAudit | user=jenkins1000 | ip=192.168.151.119 | op=SEND_HEARTBEAT {datanodeUUID=10741cbd-d620-4a9b-9e67-51db8a2e0e6a, command=[]} | ret=SUCCESS |  
2019-09-20 09:36:30,861 | INFO  | SCMAudit | user=jenkins1000 | ip=192.168.151.119 | op=SEND_HEARTBEAT {datanodeUUID=d4fa05df-3099-4015-ad0e-4200365d2035, command=[]} | ret=SUCCESS |  
2019-09-20 09:36:31,009 | INFO  | SCMAudit | user=jenkins1000 | ip=192.168.151.119 | op=SEND_HEARTBEAT {datanodeUUID=86933813-1e1e-464a-ae0f-2ef91831d02b, command=[]} | ret=SUCCESS |  
2019-09-20 09:36:31,060 [grpc-default-executor-0] INFO  client.GrpcClientProtocolClient (GrpcClientProtocolClient.java:onNext(255)) - client-05D5A58C38F8->d072c18a-1b53-41d5-bae5-b82be0790279: receive RaftClientReply:client-05D5A58C38F8->d072c18a-1b53-41d5-bae5-b82be0790279@group-13440712A48A, cid=45, FAILED org.apache.ratis.protocol.NotLeaderException: Server d072c18a-1b53-41d5-bae5-b82be0790279 is not the leader (37b777df-de08-4da5-9630-325a3e0e88a6:192.168.151.119:35524). Request must be sent to leader., logIndex=0, commits[d072c18a-1b53-41d5-bae5-b82be0790279:c8, 37b777df-de08-4da5-9630-325a3e0e88a6:c8, 4d6fff4c-5cb6-40a3-b677-a76fbdc0054d:c8]
2019-09-20 09:36:31,425 | INFO  | SCMAudit | user=jenkins1000 | ip=192.168.151.119 | op=SEND_HEARTBEAT {datanodeUUID=ba1e65fe-7169-476d-a778-4df70d7cdd6e, command=[]} | ret=SUCCESS |  
2019-09-20 09:36:31,493 | INFO  | SCMAudit | user=jenkins1000 | ip=192.168.151.119 | op=SEND_HEARTBEAT {datanodeUUID=37b777df-de08-4da5-9630-325a3e0e88a6, command=[]} | ret=SUCCESS |  
2019-09-20 09:36:31,525 | INFO  | SCMAudit | user=jenkins1000 | ip=192.168.151.119 | op=SEND_HEARTBEAT {datanodeUUID=4d6fff4c-5cb6-40a3-b677-a76fbdc0054d, command=[]} | ret=SUCCESS |  
2019-09-20 09:36:31,537 | INFO  | SCMAudit | user=jenkins1000 | ip=192.168.151.119 | op=SEND_HEARTBEAT {datanodeUUID=d072c18a-1b53-41d5-bae5-b82be0790279, command=[]} | ret=SUCCESS |  
2019-09-20 09:36:31,620 | INFO  | SCMAudit | user=jenkins1000 | ip=192.168.151.119 | op=SEND_HEARTBEAT {datanodeUUID=10741cbd-d620-4a9b-9e67-51db8a2e0e6a, command=[]} | ret=SUCCESS |  
2019-09-20 09:36:31,861 | INFO  | SCMAudit | user=jenkins1000 | ip=192.168.151.119 | op=SEND_HEARTBEAT {datanodeUUID=d4fa05df-3099-4015-ad0e-4200365d2035, command=[]} | ret=SUCCESS |  
2019-09-20 09:36:32,009 | INFO  | SCMAudit | user=jenkins1000 | ip=192.168.151.119 | op=SEND_HEARTBEAT {datanodeUUID=86933813-1e1e-464a-ae0f-2ef91831d02b, command=[]} | ret=SUCCESS |  
2019-09-20 09:36:32,425 | INFO  | SCMAudit | user=jenkins1000 | ip=192.168.151.119 | op=SEND_HEARTBEAT {datanodeUUID=ba1e65fe-7169-476d-a778-4df70d7cdd6e, command=[]} | ret=SUCCESS |  
2019-09-20 09:36:32,493 | INFO  | SCMAudit | user=jenkins1000 | ip=192.168.151.119 | op=SEND_HEARTBEAT {datanodeUUID=37b777df-de08-4da5-9630-325a3e0e88a6, command=[]} | ret=SUCCESS |  
2019-09-20 09:36:32,525 | INFO  | SCMAudit | user=jenkins1000 | ip=192.168.151.119 | op=SEND_HEARTBEAT {datanodeUUID=4d6fff4c-5cb6-40a3-b677-a76fbdc0054d, command=[]} | ret=SUCCESS |  
2019-09-20 09:36:32,537 | INFO  | SCMAudit | user=jenkins1000 | ip=192.168.151.119 | op=SEND_HEARTBEAT {datanodeUUID=d072c18a-1b53-41d5-bae5-b82be0790279, command=[]} | ret=SUCCESS |  
2019-09-20 09:36:32,620 | INFO  | SCMAudit | user=jenkins1000 | ip=192.168.151.119 | op=SEND_HEARTBEAT {datanodeUUID=10741cbd-d620-4a9b-9e67-51db8a2e0e6a, command=[]} | ret=SUCCESS |  
2019-09-20 09:36:32,861 | INFO  | SCMAudit | user=jenkins1000 | ip=192.168.151.119 | op=SEND_HEARTBEAT {datanodeUUID=d4fa05df-3099-4015-ad0e-4200365d2035, command=[]} | ret=SUCCESS |  
2019-09-20 09:36:33,010 | INFO  | SCMAudit | user=jenkins1000 | ip=192.168.151.119 | op=SEND_HEARTBEAT {datanodeUUID=86933813-1e1e-464a-ae0f-2ef91831d02b, command=[]} | ret=SUCCESS |  
2019-09-20 09:36:33,425 | INFO  | SCMAudit | user=jenkins1000 | ip=192.168.151.119 | op=SEND_HEARTBEAT {datanodeUUID=ba1e65fe-7169-476d-a778-4df70d7cdd6e, command=[]} | ret=SUCCESS |  
2019-09-20 09:36:33,493 | INFO  | SCMAudit | user=jenkins1000 | ip=192.168.151.119 | op=SEND_HEARTBEAT {datanodeUUID=37b777df-de08-4da5-9630-325a3e0e88a6, command=[]} | ret=SUCCESS |  
2019-09-20 09:36:33,525 | INFO  | SCMAudit | user=jenkins1000 | ip=192.168.151.119 | op=SEND_HEARTBEAT {datanodeUUID=4d6fff4c-5cb6-40a3-b677-a76fbdc0054d, command=[]} | ret=SUCCESS |  
2019-09-20 09:36:33,537 | INFO  | SCMAudit | user=jenkins1000 | ip=192.168.151.119 | op=SEND_HEARTBEAT {datanodeUUID=d072c18a-1b53-41d5-bae5-b82be0790279, command=[]} | ret=SUCCESS |  
2019-09-20 09:36:33,620 | INFO  | SCMAudit | user=jenkins1000 | ip=192.168.151.119 | op=SEND_HEARTBEAT {datanodeUUID=10741cbd-d620-4a9b-9e67-51db8a2e0e6a, command=[]} | ret=SUCCESS |  
2019-09-20 09:36:33,861 | INFO  | SCMAudit | user=jenkins1000 | ip=192.168.151.119 | op=SEND_HEARTBEAT {datanodeUUID=d4fa05df-3099-4015-ad0e-4200365d2035, command=[]} | ret=SUCCESS |  
2019-09-20 09:36:34,010 | INFO  | SCMAudit | user=jenkins1000 | ip=192.168.151.119 | op=SEND_HEARTBEAT {datanodeUUID=86933813-1e1e-464a-ae0f-2ef91831d02b, command=[]} | ret=SUCCESS |  
2019-09-20 09:36:34,425 | INFO  | SCMAudit | user=jenkins1000 | ip=192.168.151.119 | op=SEND_HEARTBEAT {datanodeUUID=ba1e65fe-7169-476d-a778-4df70d7cdd6e, command=[]} | ret=SUCCESS |  
2019-09-20 09:36:34,493 | INFO  | SCMAudit | user=jenkins1000 | ip=192.168.151.119 | op=SEND_HEARTBEAT {datanodeUUID=37b777df-de08-4da5-9630-325a3e0e88a6, command=[]} | ret=SUCCESS |  
2019-09-20 09:36:34,525 | INFO  | SCMAudit | user=jenkins1000 | ip=192.168.151.119 | op=SEND_HEARTBEAT {datanodeUUID=4d6fff4c-5cb6-40a3-b677-a76fbdc0054d, command=[]} | ret=SUCCESS |  
2019-09-20 09:36:34,537 | INFO  | SCMAudit | user=jenkins1000 | ip=192.168.151.119 | op=SEND_HEARTBEAT {datanodeUUID=d072c18a-1b53-41d5-bae5-b82be0790279, command=[]} | ret=SUCCESS |  
2019-09-20 09:36:34,621 | INFO  | SCMAudit | user=jenkins1000 | ip=192.168.151.119 | op=SEND_HEARTBEAT {datanodeUUID=10741cbd-d620-4a9b-9e67-51db8a2e0e6a, command=[]} | ret=SUCCESS |  
2019-09-20 09:36:34,862 | INFO  | SCMAudit | user=jenkins1000 | ip=192.168.151.119 | op=SEND_HEARTBEAT {datanodeUUID=d4fa05df-3099-4015-ad0e-4200365d2035, command=[]} | ret=SUCCESS |  
2019-09-20 09:36:35,010 | INFO  | SCMAudit | user=jenkins1000 | ip=192.168.151.119 | op=SEND_HEARTBEAT {datanodeUUID=86933813-1e1e-464a-ae0f-2ef91831d02b, command=[]} | ret=SUCCESS |  
2019-09-20 09:36:35,425 | INFO  | SCMAudit | user=jenkins1000 | ip=192.168.151.119 | op=SEND_HEARTBEAT {datanodeUUID=ba1e65fe-7169-476d-a778-4df70d7cdd6e, command=[]} | ret=SUCCESS |  
2019-09-20 09:36:35,493 | INFO  | SCMAudit | user=jenkins1000 | ip=192.168.151.119 | op=SEND_HEARTBEAT {datanodeUUID=37b777df-de08-4da5-9630-325a3e0e88a6, command=[]} | ret=SUCCESS |  
2019-09-20 09:36:35,526 | INFO  | SCMAudit | user=jenkins1000 | ip=192.168.151.119 | op=SEND_HEARTBEAT {datanodeUUID=4d6fff4c-5cb6-40a3-b677-a76fbdc0054d, command=[]} | ret=SUCCESS |  
2019-09-20 09:36:35,537 | INFO  | SCMAudit | user=jenkins1000 | ip=192.168.151.119 | op=SEND_HEARTBEAT {datanodeUUID=d072c18a-1b53-41d5-bae5-b82be0790279, command=[]} | ret=SUCCESS |  
2019-09-20 09:36:35,621 | INFO  | SCMAudit | user=jenkins1000 | ip=192.168.151.119 | op=SEND_HEARTBEAT {datanodeUUID=10741cbd-d620-4a9b-9e67-51db8a2e0e6a, command=[]} | ret=SUCCESS |  
2019-09-20 09:36:35,862 | INFO  | SCMAudit | user=jenkins1000 | ip=192.168.151.119 | op=SEND_HEARTBEAT {datanodeUUID=d4fa05df-3099-4015-ad0e-4200365d2035, command=[]} | ret=SUCCESS |  
2019-09-20 09:36:36,010 | INFO  | SCMAudit | user=jenkins1000 | ip=192.168.151.119 | op=SEND_HEARTBEAT {datanodeUUID=86933813-1e1e-464a-ae0f-2ef91831d02b, command=[]} | ret=SUCCESS |  
2019-09-20 09:36:36,096 [grpc-default-executor-0] INFO  client.GrpcClientProtocolClient (GrpcClientProtocolClient.java:onNext(255)) - client-05D5A58C38F8->d072c18a-1b53-41d5-bae5-b82be0790279: receive RaftClientReply:client-05D5A58C38F8->d072c18a-1b53-41d5-bae5-b82be0790279@group-13440712A48A, cid=45, FAILED org.apache.ratis.protocol.NotLeaderException: Server d072c18a-1b53-41d5-bae5-b82be0790279 is not the leader (37b777df-de08-4da5-9630-325a3e0e88a6:192.168.151.119:35524). Request must be sent to leader., logIndex=0, commits[d072c18a-1b53-41d5-bae5-b82be0790279:c8, 37b777df-de08-4da5-9630-325a3e0e88a6:c8, 4d6fff4c-5cb6-40a3-b677-a76fbdc0054d:c8]
2019-09-20 09:36:36,426 | INFO  | SCMAudit | user=jenkins1000 | ip=192.168.151.119 | op=SEND_HEARTBEAT {datanodeUUID=ba1e65fe-7169-476d-a778-4df70d7cdd6e, command=[]} | ret=SUCCESS |  
2019-09-20 09:36:36,494 | INFO  | SCMAudit | user=jenkins1000 | ip=192.168.151.119 | op=SEND_HEARTBEAT {datanodeUUID=37b777df-de08-4da5-9630-325a3e0e88a6, command=[]} | ret=SUCCESS |  
2019-09-20 09:36:36,526 | INFO  | SCMAudit | user=jenkins1000 | ip=192.168.151.119 | op=SEND_HEARTBEAT {datanodeUUID=4d6fff4c-5cb6-40a3-b677-a76fbdc0054d, command=[]} | ret=SUCCESS |  
2019-09-20 09:36:36,537 | INFO  | SCMAudit | user=jenkins1000 | ip=192.168.151.119 | op=SEND_HEARTBEAT {datanodeUUID=d072c18a-1b53-41d5-bae5-b82be0790279, command=[]} | ret=SUCCESS |  
2019-09-20 09:36:36,621 | INFO  | SCMAudit | user=jenkins1000 | ip=192.168.151.119 | op=SEND_HEARTBEAT {datanodeUUID=10741cbd-d620-4a9b-9e67-51db8a2e0e6a, command=[]} | ret=SUCCESS |  
2019-09-20 09:36:36,861 | INFO  | SCMAudit | user=jenkins1000 | ip=192.168.151.119 | op=SEND_HEARTBEAT {datanodeUUID=d4fa05df-3099-4015-ad0e-4200365d2035, command=[]} | ret=SUCCESS |  
2019-09-20 09:36:37,010 | INFO  | SCMAudit | user=jenkins1000 | ip=192.168.151.119 | op=SEND_HEARTBEAT {datanodeUUID=86933813-1e1e-464a-ae0f-2ef91831d02b, command=[]} | ret=SUCCESS |  
2019-09-20 09:36:37,425 | INFO  | SCMAudit | user=jenkins1000 | ip=192.168.151.119 | op=SEND_HEARTBEAT {datanodeUUID=ba1e65fe-7169-476d-a778-4df70d7cdd6e, command=[]} | ret=SUCCESS |  
2019-09-20 09:36:37,494 | INFO  | SCMAudit | user=jenkins1000 | ip=192.168.151.119 | op=SEND_HEARTBEAT {datanodeUUID=37b777df-de08-4da5-9630-325a3e0e88a6, command=[]} | ret=SUCCESS |  
2019-09-20 09:36:37,526 | INFO  | SCMAudit | user=jenkins1000 | ip=192.168.151.119 | op=SEND_HEARTBEAT {datanodeUUID=4d6fff4c-5cb6-40a3-b677-a76fbdc0054d, command=[]} | ret=SUCCESS |  
2019-09-20 09:36:37,537 | INFO  | SCMAudit | user=jenkins1000 | ip=192.168.151.119 | op=SEND_HEARTBEAT {datanodeUUID=d072c18a-1b53-41d5-bae5-b82be0790279, command=[]} | ret=SUCCESS |  
2019-09-20 09:36:37,621 | INFO  | SCMAudit | user=jenkins1000 | ip=192.168.151.119 | op=SEND_HEARTBEAT {datanodeUUID=10741cbd-d620-4a9b-9e67-51db8a2e0e6a, command=[]} | ret=SUCCESS |  
2019-09-20 09:36:37,861 | INFO  | SCMAudit | user=jenkins1000 | ip=192.168.151.119 | op=SEND_HEARTBEAT {datanodeUUID=d4fa05df-3099-4015-ad0e-4200365d2035, command=[]} | ret=SUCCESS |  
2019-09-20 09:36:38,011 | INFO  | SCMAudit | user=jenkins1000 | ip=192.168.151.119 | op=SEND_HEARTBEAT {datanodeUUID=86933813-1e1e-464a-ae0f-2ef91831d02b, command=[]} | ret=SUCCESS |  
2019-09-20 09:36:38,426 | INFO  | SCMAudit | user=jenkins1000 | ip=192.168.151.119 | op=SEND_HEARTBEAT {datanodeUUID=ba1e65fe-7169-476d-a778-4df70d7cdd6e, command=[]} | ret=SUCCESS |  
2019-09-20 09:36:38,494 | INFO  | SCMAudit | user=jenkins1000 | ip=192.168.151.119 | op=SEND_HEARTBEAT {datanodeUUID=37b777df-de08-4da5-9630-325a3e0e88a6, command=[]} | ret=SUCCESS |  
2019-09-20 09:36:38,526 | INFO  | SCMAudit | user=jenkins1000 | ip=192.168.151.119 | op=SEND_HEARTBEAT {datanodeUUID=4d6fff4c-5cb6-40a3-b677-a76fbdc0054d, command=[]} | ret=SUCCESS |  
2019-09-20 09:36:38,537 | INFO  | SCMAudit | user=jenkins1000 | ip=192.168.151.119 | op=SEND_HEARTBEAT {datanodeUUID=d072c18a-1b53-41d5-bae5-b82be0790279, command=[]} | ret=SUCCESS |  
2019-09-20 09:36:38,621 | INFO  | SCMAudit | user=jenkins1000 | ip=192.168.151.119 | op=SEND_HEARTBEAT {datanodeUUID=10741cbd-d620-4a9b-9e67-51db8a2e0e6a, command=[]} | ret=SUCCESS |  
2019-09-20 09:36:38,861 | INFO  | SCMAudit | user=jenkins1000 | ip=192.168.151.119 | op=SEND_HEARTBEAT {datanodeUUID=d4fa05df-3099-4015-ad0e-4200365d2035, command=[]} | ret=SUCCESS |  
2019-09-20 09:36:39,010 | INFO  | SCMAudit | user=jenkins1000 | ip=192.168.151.119 | op=SEND_HEARTBEAT {datanodeUUID=86933813-1e1e-464a-ae0f-2ef91831d02b, command=[]} | ret=SUCCESS |  
2019-09-20 09:36:39,426 | INFO  | SCMAudit | user=jenkins1000 | ip=192.168.151.119 | op=SEND_HEARTBEAT {datanodeUUID=ba1e65fe-7169-476d-a778-4df70d7cdd6e, command=[]} | ret=SUCCESS |  
2019-09-20 09:36:39,494 | INFO  | SCMAudit | user=jenkins1000 | ip=192.168.151.119 | op=SEND_HEARTBEAT {datanodeUUID=37b777df-de08-4da5-9630-325a3e0e88a6, command=[]} | ret=SUCCESS |  
2019-09-20 09:36:39,526 | INFO  | SCMAudit | user=jenkins1000 | ip=192.168.151.119 | op=SEND_HEARTBEAT {datanodeUUID=4d6fff4c-5cb6-40a3-b677-a76fbdc0054d, command=[]} | ret=SUCCESS |  
2019-09-20 09:36:39,537 | INFO  | SCMAudit | user=jenkins1000 | ip=192.168.151.119 | op=SEND_HEARTBEAT {datanodeUUID=d072c18a-1b53-41d5-bae5-b82be0790279, command=[]} | ret=SUCCESS |  
2019-09-20 09:36:39,621 | INFO  | SCMAudit | user=jenkins1000 | ip=192.168.151.119 | op=SEND_HEARTBEAT {datanodeUUID=10741cbd-d620-4a9b-9e67-51db8a2e0e6a, command=[]} | ret=SUCCESS |  
2019-09-20 09:36:39,861 | INFO  | SCMAudit | user=jenkins1000 | ip=192.168.151.119 | op=SEND_HEARTBEAT {datanodeUUID=d4fa05df-3099-4015-ad0e-4200365d2035, command=[]} | ret=SUCCESS |  
2019-09-20 09:36:40,010 | INFO  | SCMAudit | user=jenkins1000 | ip=192.168.151.119 | op=SEND_HEARTBEAT {datanodeUUID=86933813-1e1e-464a-ae0f-2ef91831d02b, command=[]} | ret=SUCCESS |  
2019-09-20 09:36:40,427 | INFO  | SCMAudit | user=jenkins1000 | ip=192.168.151.119 | op=SEND_HEARTBEAT {datanodeUUID=ba1e65fe-7169-476d-a778-4df70d7cdd6e, command=[]} | ret=SUCCESS |  
2019-09-20 09:36:40,494 | INFO  | SCMAudit | user=jenkins1000 | ip=192.168.151.119 | op=SEND_HEARTBEAT {datanodeUUID=37b777df-de08-4da5-9630-325a3e0e88a6, command=[]} | ret=SUCCESS |  
2019-09-20 09:36:40,526 | INFO  | SCMAudit | user=jenkins1000 | ip=192.168.151.119 | op=SEND_HEARTBEAT {datanodeUUID=4d6fff4c-5cb6-40a3-b677-a76fbdc0054d, command=[]} | ret=SUCCESS |  
2019-09-20 09:36:40,537 | INFO  | SCMAudit | user=jenkins1000 | ip=192.168.151.119 | op=SEND_HEARTBEAT {datanodeUUID=d072c18a-1b53-41d5-bae5-b82be0790279, command=[]} | ret=SUCCESS |  
2019-09-20 09:36:40,622 | INFO  | SCMAudit | user=jenkins1000 | ip=192.168.151.119 | op=SEND_HEARTBEAT {datanodeUUID=10741cbd-d620-4a9b-9e67-51db8a2e0e6a, command=[]} | ret=SUCCESS |  
2019-09-20 09:36:40,862 | INFO  | SCMAudit | user=jenkins1000 | ip=192.168.151.119 | op=SEND_HEARTBEAT {datanodeUUID=d4fa05df-3099-4015-ad0e-4200365d2035, command=[]} | ret=SUCCESS |  
2019-09-20 09:36:41,010 | INFO  | SCMAudit | user=jenkins1000 | ip=192.168.151.119 | op=SEND_HEARTBEAT {datanodeUUID=86933813-1e1e-464a-ae0f-2ef91831d02b, command=[]} | ret=SUCCESS |  
2019-09-20 09:36:41,148 [grpc-default-executor-0] INFO  client.GrpcClientProtocolClient (GrpcClientProtocolClient.java:onNext(255)) - client-05D5A58C38F8->4d6fff4c-5cb6-40a3-b677-a76fbdc0054d: receive RaftClientReply:client-05D5A58C38F8->4d6fff4c-5cb6-40a3-b677-a76fbdc0054d@group-13440712A48A, cid=45, FAILED org.apache.ratis.protocol.NotLeaderException: Server 4d6fff4c-5cb6-40a3-b677-a76fbdc0054d is not the leader (37b777df-de08-4da5-9630-325a3e0e88a6:192.168.151.119:35524). Request must be sent to leader., logIndex=0, commits[4d6fff4c-5cb6-40a3-b677-a76fbdc0054d:c8, d072c18a-1b53-41d5-bae5-b82be0790279:c8, 37b777df-de08-4da5-9630-325a3e0e88a6:c8]
2019-09-20 09:36:41,427 | INFO  | SCMAudit | user=jenkins1000 | ip=192.168.151.119 | op=SEND_HEARTBEAT {datanodeUUID=ba1e65fe-7169-476d-a778-4df70d7cdd6e, command=[]} | ret=SUCCESS |  
2019-09-20 09:36:41,495 | INFO  | SCMAudit | user=jenkins1000 | ip=192.168.151.119 | op=SEND_HEARTBEAT {datanodeUUID=37b777df-de08-4da5-9630-325a3e0e88a6, command=[]} | ret=SUCCESS |  
2019-09-20 09:36:41,526 | INFO  | SCMAudit | user=jenkins1000 | ip=192.168.151.119 | op=SEND_HEARTBEAT {datanodeUUID=4d6fff4c-5cb6-40a3-b677-a76fbdc0054d, command=[]} | ret=SUCCESS |  
2019-09-20 09:36:41,537 | INFO  | SCMAudit | user=jenkins1000 | ip=192.168.151.119 | op=SEND_HEARTBEAT {datanodeUUID=d072c18a-1b53-41d5-bae5-b82be0790279, command=[]} | ret=SUCCESS |  
2019-09-20 09:36:41,622 | INFO  | SCMAudit | user=jenkins1000 | ip=192.168.151.119 | op=SEND_HEARTBEAT {datanodeUUID=10741cbd-d620-4a9b-9e67-51db8a2e0e6a, command=[]} | ret=SUCCESS |  
2019-09-20 09:36:41,862 | INFO  | SCMAudit | user=jenkins1000 | ip=192.168.151.119 | op=SEND_HEARTBEAT {datanodeUUID=d4fa05df-3099-4015-ad0e-4200365d2035, command=[]} | ret=SUCCESS |  
2019-09-20 09:36:42,011 | INFO  | SCMAudit | user=jenkins1000 | ip=192.168.151.119 | op=SEND_HEARTBEAT {datanodeUUID=86933813-1e1e-464a-ae0f-2ef91831d02b, command=[]} | ret=SUCCESS |  
2019-09-20 09:36:42,428 | INFO  | SCMAudit | user=jenkins1000 | ip=192.168.151.119 | op=SEND_HEARTBEAT {datanodeUUID=ba1e65fe-7169-476d-a778-4df70d7cdd6e, command=[]} | ret=SUCCESS |  
2019-09-20 09:36:42,495 | INFO  | SCMAudit | user=jenkins1000 | ip=192.168.151.119 | op=SEND_HEARTBEAT {datanodeUUID=37b777df-de08-4da5-9630-325a3e0e88a6, command=[]} | ret=SUCCESS |  
2019-09-20 09:36:42,526 | INFO  | SCMAudit | user=jenkins1000 | ip=192.168.151.119 | op=SEND_HEARTBEAT {datanodeUUID=4d6fff4c-5cb6-40a3-b677-a76fbdc0054d, command=[]} | ret=SUCCESS |  
2019-09-20 09:36:42,537 | INFO  | SCMAudit | user=jenkins1000 | ip=192.168.151.119 | op=SEND_HEARTBEAT {datanodeUUID=d072c18a-1b53-41d5-bae5-b82be0790279, command=[]} | ret=SUCCESS |  
2019-09-20 09:36:42,621 | INFO  | SCMAudit | user=jenkins1000 | ip=192.168.151.119 | op=SEND_HEARTBEAT {datanodeUUID=10741cbd-d620-4a9b-9e67-51db8a2e0e6a, command=[]} | ret=SUCCESS |  
2019-09-20 09:36:42,861 | INFO  | SCMAudit | user=jenkins1000 | ip=192.168.151.119 | op=SEND_HEARTBEAT {datanodeUUID=d4fa05df-3099-4015-ad0e-4200365d2035, command=[]} | ret=SUCCESS |  
2019-09-20 09:36:43,011 | INFO  | SCMAudit | user=jenkins1000 | ip=192.168.151.119 | op=SEND_HEARTBEAT {datanodeUUID=86933813-1e1e-464a-ae0f-2ef91831d02b, command=[]} | ret=SUCCESS |  
2019-09-20 09:36:43,427 | INFO  | SCMAudit | user=jenkins1000 | ip=192.168.151.119 | op=SEND_HEARTBEAT {datanodeUUID=ba1e65fe-7169-476d-a778-4df70d7cdd6e, command=[]} | ret=SUCCESS |  
2019-09-20 09:36:43,495 | INFO  | SCMAudit | user=jenkins1000 | ip=192.168.151.119 | op=SEND_HEARTBEAT {datanodeUUID=37b777df-de08-4da5-9630-325a3e0e88a6, command=[]} | ret=SUCCESS |  
2019-09-20 09:36:43,527 | INFO  | SCMAudit | user=jenkins1000 | ip=192.168.151.119 | op=SEND_HEARTBEAT {datanodeUUID=4d6fff4c-5cb6-40a3-b677-a76fbdc0054d, command=[]} | ret=SUCCESS |  
2019-09-20 09:36:43,537 | INFO  | SCMAudit | user=jenkins1000 | ip=192.168.151.119 | op=SEND_HEARTBEAT {datanodeUUID=d072c18a-1b53-41d5-bae5-b82be0790279, command=[]} | ret=SUCCESS |  
2019-09-20 09:36:43,622 | INFO  | SCMAudit | user=jenkins1000 | ip=192.168.151.119 | op=SEND_HEARTBEAT {datanodeUUID=10741cbd-d620-4a9b-9e67-51db8a2e0e6a, command=[]} | ret=SUCCESS |  
2019-09-20 09:36:43,861 | INFO  | SCMAudit | user=jenkins1000 | ip=192.168.151.119 | op=SEND_HEARTBEAT {datanodeUUID=d4fa05df-3099-4015-ad0e-4200365d2035, command=[]} | ret=SUCCESS |  
2019-09-20 09:36:44,010 | INFO  | SCMAudit | user=jenkins1000 | ip=192.168.151.119 | op=SEND_HEARTBEAT {datanodeUUID=86933813-1e1e-464a-ae0f-2ef91831d02b, command=[]} | ret=SUCCESS |  
2019-09-20 09:36:44,428 | INFO  | SCMAudit | user=jenkins1000 | ip=192.168.151.119 | op=SEND_HEARTBEAT {datanodeUUID=ba1e65fe-7169-476d-a778-4df70d7cdd6e, command=[]} | ret=SUCCESS |  
2019-09-20 09:36:44,495 | INFO  | SCMAudit | user=jenkins1000 | ip=192.168.151.119 | op=SEND_HEARTBEAT {datanodeUUID=37b777df-de08-4da5-9630-325a3e0e88a6, command=[]} | ret=SUCCESS |  
2019-09-20 09:36:44,527 | INFO  | SCMAudit | user=jenkins1000 | ip=192.168.151.119 | op=SEND_HEARTBEAT {datanodeUUID=4d6fff4c-5cb6-40a3-b677-a76fbdc0054d, command=[]} | ret=SUCCESS |  
2019-09-20 09:36:44,537 | INFO  | SCMAudit | user=jenkins1000 | ip=192.168.151.119 | op=SEND_HEARTBEAT {datanodeUUID=d072c18a-1b53-41d5-bae5-b82be0790279, command=[]} | ret=SUCCESS |  
2019-09-20 09:36:44,622 | INFO  | SCMAudit | user=jenkins1000 | ip=192.168.151.119 | op=SEND_HEARTBEAT {datanodeUUID=10741cbd-d620-4a9b-9e67-51db8a2e0e6a, command=[]} | ret=SUCCESS |  
2019-09-20 09:36:44,862 | INFO  | SCMAudit | user=jenkins1000 | ip=192.168.151.119 | op=SEND_HEARTBEAT {datanodeUUID=d4fa05df-3099-4015-ad0e-4200365d2035, command=[]} | ret=SUCCESS |  
2019-09-20 09:36:45,010 | INFO  | SCMAudit | user=jenkins1000 | ip=192.168.151.119 | op=SEND_HEARTBEAT {datanodeUUID=86933813-1e1e-464a-ae0f-2ef91831d02b, command=[]} | ret=SUCCESS |  
2019-09-20 09:36:45,427 | INFO  | SCMAudit | user=jenkins1000 | ip=192.168.151.119 | op=SEND_HEARTBEAT {datanodeUUID=ba1e65fe-7169-476d-a778-4df70d7cdd6e, command=[]} | ret=SUCCESS |  
2019-09-20 09:36:45,495 | INFO  | SCMAudit | user=jenkins1000 | ip=192.168.151.119 | op=SEND_HEARTBEAT {datanodeUUID=37b777df-de08-4da5-9630-325a3e0e88a6, command=[]} | ret=SUCCESS |  
2019-09-20 09:36:45,527 | INFO  | SCMAudit | user=jenkins1000 | ip=192.168.151.119 | op=SEND_HEARTBEAT {datanodeUUID=4d6fff4c-5cb6-40a3-b677-a76fbdc0054d, command=[]} | ret=SUCCESS |  
2019-09-20 09:36:45,537 | INFO  | SCMAudit | user=jenkins1000 | ip=192.168.151.119 | op=SEND_HEARTBEAT {datanodeUUID=d072c18a-1b53-41d5-bae5-b82be0790279, command=[]} | ret=SUCCESS |  
2019-09-20 09:36:45,621 | INFO  | SCMAudit | user=jenkins1000 | ip=192.168.151.119 | op=SEND_HEARTBEAT {datanodeUUID=10741cbd-d620-4a9b-9e67-51db8a2e0e6a, command=[]} | ret=SUCCESS |  
2019-09-20 09:36:45,861 | INFO  | SCMAudit | user=jenkins1000 | ip=192.168.151.119 | op=SEND_HEARTBEAT {datanodeUUID=d4fa05df-3099-4015-ad0e-4200365d2035, command=[]} | ret=SUCCESS |  
2019-09-20 09:36:46,011 | INFO  | SCMAudit | user=jenkins1000 | ip=192.168.151.119 | op=SEND_HEARTBEAT {datanodeUUID=86933813-1e1e-464a-ae0f-2ef91831d02b, command=[]} | ret=SUCCESS |  
2019-09-20 09:36:46,186 [grpc-default-executor-12] INFO  client.GrpcClientProtocolClient (GrpcClientProtocolClient.java:onNext(255)) - client-05D5A58C38F8->d072c18a-1b53-41d5-bae5-b82be0790279: receive RaftClientReply:client-05D5A58C38F8->d072c18a-1b53-41d5-bae5-b82be0790279@group-13440712A48A, cid=45, FAILED org.apache.ratis.protocol.NotLeaderException: Server d072c18a-1b53-41d5-bae5-b82be0790279 is not the leader (37b777df-de08-4da5-9630-325a3e0e88a6:192.168.151.119:35524). Request must be sent to leader., logIndex=0, commits[d072c18a-1b53-41d5-bae5-b82be0790279:c8, 37b777df-de08-4da5-9630-325a3e0e88a6:c8, 4d6fff4c-5cb6-40a3-b677-a76fbdc0054d:c8]
2019-09-20 09:36:46,427 | INFO  | SCMAudit | user=jenkins1000 | ip=192.168.151.119 | op=SEND_HEARTBEAT {datanodeUUID=ba1e65fe-7169-476d-a778-4df70d7cdd6e, command=[]} | ret=SUCCESS |  
2019-09-20 09:36:46,496 | INFO  | SCMAudit | user=jenkins1000 | ip=192.168.151.119 | op=SEND_HEARTBEAT {datanodeUUID=37b777df-de08-4da5-9630-325a3e0e88a6, command=[]} | ret=SUCCESS |  
2019-09-20 09:36:46,527 | INFO  | SCMAudit | user=jenkins1000 | ip=192.168.151.119 | op=SEND_HEARTBEAT {datanodeUUID=4d6fff4c-5cb6-40a3-b677-a76fbdc0054d, command=[]} | ret=SUCCESS |  
2019-09-20 09:36:46,537 | INFO  | SCMAudit | user=jenkins1000 | ip=192.168.151.119 | op=SEND_HEARTBEAT {datanodeUUID=d072c18a-1b53-41d5-bae5-b82be0790279, command=[]} | ret=SUCCESS |  
2019-09-20 09:36:46,621 | INFO  | SCMAudit | user=jenkins1000 | ip=192.168.151.119 | op=SEND_HEARTBEAT {datanodeUUID=10741cbd-d620-4a9b-9e67-51db8a2e0e6a, command=[]} | ret=SUCCESS |  
2019-09-20 09:36:46,861 | INFO  | SCMAudit | user=jenkins1000 | ip=192.168.151.119 | op=SEND_HEARTBEAT {datanodeUUID=d4fa05df-3099-4015-ad0e-4200365d2035, command=[]} | ret=SUCCESS |  
2019-09-20 09:36:47,011 | INFO  | SCMAudit | user=jenkins1000 | ip=192.168.151.119 | op=SEND_HEARTBEAT {datanodeUUID=86933813-1e1e-464a-ae0f-2ef91831d02b, command=[]} | ret=SUCCESS |  
2019-09-20 09:36:47,427 | INFO  | SCMAudit | user=jenkins1000 | ip=192.168.151.119 | op=SEND_HEARTBEAT {datanodeUUID=ba1e65fe-7169-476d-a778-4df70d7cdd6e, command=[]} | ret=SUCCESS |  
2019-09-20 09:36:47,495 | INFO  | SCMAudit | user=jenkins1000 | ip=192.168.151.119 | op=SEND_HEARTBEAT {datanodeUUID=37b777df-de08-4da5-9630-325a3e0e88a6, command=[]} | ret=SUCCESS |  
2019-09-20 09:36:47,527 | INFO  | SCMAudit | user=jenkins1000 | ip=192.168.151.119 | op=SEND_HEARTBEAT {datanodeUUID=4d6fff4c-5cb6-40a3-b677-a76fbdc0054d, command=[]} | ret=SUCCESS |  
2019-09-20 09:36:47,537 | INFO  | SCMAudit | user=jenkins1000 | ip=192.168.151.119 | op=SEND_HEARTBEAT {datanodeUUID=d072c18a-1b53-41d5-bae5-b82be0790279, command=[]} | ret=SUCCESS |  
2019-09-20 09:36:47,621 | INFO  | SCMAudit | user=jenkins1000 | ip=192.168.151.119 | op=SEND_HEARTBEAT {datanodeUUID=10741cbd-d620-4a9b-9e67-51db8a2e0e6a, command=[]} | ret=SUCCESS |  
2019-09-20 09:36:47,861 | INFO  | SCMAudit | user=jenkins1000 | ip=192.168.151.119 | op=SEND_HEARTBEAT {datanodeUUID=d4fa05df-3099-4015-ad0e-4200365d2035, command=[]} | ret=SUCCESS |  
2019-09-20 09:36:48,011 | INFO  | SCMAudit | user=jenkins1000 | ip=192.168.151.119 | op=SEND_HEARTBEAT {datanodeUUID=86933813-1e1e-464a-ae0f-2ef91831d02b, command=[]} | ret=SUCCESS |  
2019-09-20 09:36:48,428 | INFO  | SCMAudit | user=jenkins1000 | ip=192.168.151.119 | op=SEND_HEARTBEAT {datanodeUUID=ba1e65fe-7169-476d-a778-4df70d7cdd6e, command=[]} | ret=SUCCESS |  
2019-09-20 09:36:48,496 | INFO  | SCMAudit | user=jenkins1000 | ip=192.168.151.119 | op=SEND_HEARTBEAT {datanodeUUID=37b777df-de08-4da5-9630-325a3e0e88a6, command=[]} | ret=SUCCESS |  
2019-09-20 09:36:48,527 | INFO  | SCMAudit | user=jenkins1000 | ip=192.168.151.119 | op=SEND_HEARTBEAT {datanodeUUID=4d6fff4c-5cb6-40a3-b677-a76fbdc0054d, command=[]} | ret=SUCCESS |  
2019-09-20 09:36:48,538 | INFO  | SCMAudit | user=jenkins1000 | ip=192.168.151.119 | op=SEND_HEARTBEAT {datanodeUUID=d072c18a-1b53-41d5-bae5-b82be0790279, command=[]} | ret=SUCCESS |  
2019-09-20 09:36:48,621 | INFO  | SCMAudit | user=jenkins1000 | ip=192.168.151.119 | op=SEND_HEARTBEAT {datanodeUUID=10741cbd-d620-4a9b-9e67-51db8a2e0e6a, command=[]} | ret=SUCCESS |  
2019-09-20 09:36:48,861 | INFO  | SCMAudit | user=jenkins1000 | ip=192.168.151.119 | op=SEND_HEARTBEAT {datanodeUUID=d4fa05df-3099-4015-ad0e-4200365d2035, command=[]} | ret=SUCCESS |  
2019-09-20 09:36:49,011 | INFO  | SCMAudit | user=jenkins1000 | ip=192.168.151.119 | op=SEND_HEARTBEAT {datanodeUUID=86933813-1e1e-464a-ae0f-2ef91831d02b, command=[]} | ret=SUCCESS |  
2019-09-20 09:36:49,428 | INFO  | SCMAudit | user=jenkins1000 | ip=192.168.151.119 | op=SEND_HEARTBEAT {datanodeUUID=ba1e65fe-7169-476d-a778-4df70d7cdd6e, command=[]} | ret=SUCCESS |  
2019-09-20 09:36:49,495 | INFO  | SCMAudit | user=jenkins1000 | ip=192.168.151.119 | op=SEND_HEARTBEAT {datanodeUUID=37b777df-de08-4da5-9630-325a3e0e88a6, command=[]} | ret=SUCCESS |  
2019-09-20 09:36:49,527 | INFO  | SCMAudit | user=jenkins1000 | ip=192.168.151.119 | op=SEND_HEARTBEAT {datanodeUUID=4d6fff4c-5cb6-40a3-b677-a76fbdc0054d, command=[]} | ret=SUCCESS |  
2019-09-20 09:36:49,538 | INFO  | SCMAudit | user=jenkins1000 | ip=192.168.151.119 | op=SEND_HEARTBEAT {datanodeUUID=d072c18a-1b53-41d5-bae5-b82be0790279, command=[]} | ret=SUCCESS |  
2019-09-20 09:36:49,622 | INFO  | SCMAudit | user=jenkins1000 | ip=192.168.151.119 | op=SEND_HEARTBEAT {datanodeUUID=10741cbd-d620-4a9b-9e67-51db8a2e0e6a, command=[]} | ret=SUCCESS |  
2019-09-20 09:36:49,861 | INFO  | SCMAudit | user=jenkins1000 | ip=192.168.151.119 | op=SEND_HEARTBEAT {datanodeUUID=d4fa05df-3099-4015-ad0e-4200365d2035, command=[]} | ret=SUCCESS |  
2019-09-20 09:36:50,010 | INFO  | SCMAudit | user=jenkins1000 | ip=192.168.151.119 | op=SEND_HEARTBEAT {datanodeUUID=86933813-1e1e-464a-ae0f-2ef91831d02b, command=[]} | ret=SUCCESS |  
2019-09-20 09:36:50,427 | INFO  | SCMAudit | user=jenkins1000 | ip=192.168.151.119 | op=SEND_HEARTBEAT {datanodeUUID=ba1e65fe-7169-476d-a778-4df70d7cdd6e, command=[]} | ret=SUCCESS |  
2019-09-20 09:36:50,496 | INFO  | SCMAudit | user=jenkins1000 | ip=192.168.151.119 | op=SEND_HEARTBEAT {datanodeUUID=37b777df-de08-4da5-9630-325a3e0e88a6, command=[]} | ret=SUCCESS |  
2019-09-20 09:36:50,526 | INFO  | SCMAudit | user=jenkins1000 | ip=192.168.151.119 | op=SEND_HEARTBEAT {datanodeUUID=4d6fff4c-5cb6-40a3-b677-a76fbdc0054d, command=[]} | ret=SUCCESS |  
2019-09-20 09:36:50,538 | INFO  | SCMAudit | user=jenkins1000 | ip=192.168.151.119 | op=SEND_HEARTBEAT {datanodeUUID=d072c18a-1b53-41d5-bae5-b82be0790279, command=[]} | ret=SUCCESS |  
2019-09-20 09:36:50,622 | INFO  | SCMAudit | user=jenkins1000 | ip=192.168.151.119 | op=SEND_HEARTBEAT {datanodeUUID=10741cbd-d620-4a9b-9e67-51db8a2e0e6a, command=[]} | ret=SUCCESS |  
2019-09-20 09:36:50,861 | INFO  | SCMAudit | user=jenkins1000 | ip=192.168.151.119 | op=SEND_HEARTBEAT {datanodeUUID=d4fa05df-3099-4015-ad0e-4200365d2035, command=[]} | ret=SUCCESS |  
2019-09-20 09:36:51,010 | INFO  | SCMAudit | user=jenkins1000 | ip=192.168.151.119 | op=SEND_HEARTBEAT {datanodeUUID=86933813-1e1e-464a-ae0f-2ef91831d02b, command=[]} | ret=SUCCESS |  
2019-09-20 09:36:51,221 [grpc-default-executor-0] INFO  client.GrpcClientProtocolClient (GrpcClientProtocolClient.java:onNext(255)) - client-05D5A58C38F8->4d6fff4c-5cb6-40a3-b677-a76fbdc0054d: receive RaftClientReply:client-05D5A58C38F8->4d6fff4c-5cb6-40a3-b677-a76fbdc0054d@group-13440712A48A, cid=45, FAILED org.apache.ratis.protocol.NotLeaderException: Server 4d6fff4c-5cb6-40a3-b677-a76fbdc0054d is not the leader (37b777df-de08-4da5-9630-325a3e0e88a6:192.168.151.119:35524). Request must be sent to leader., logIndex=0, commits[4d6fff4c-5cb6-40a3-b677-a76fbdc0054d:c8, d072c18a-1b53-41d5-bae5-b82be0790279:c8, 37b777df-de08-4da5-9630-325a3e0e88a6:c8]
2019-09-20 09:36:51,427 | INFO  | SCMAudit | user=jenkins1000 | ip=192.168.151.119 | op=SEND_HEARTBEAT {datanodeUUID=ba1e65fe-7169-476d-a778-4df70d7cdd6e, command=[]} | ret=SUCCESS |  
2019-09-20 09:36:51,496 | INFO  | SCMAudit | user=jenkins1000 | ip=192.168.151.119 | op=SEND_HEARTBEAT {datanodeUUID=37b777df-de08-4da5-9630-325a3e0e88a6, command=[]} | ret=SUCCESS |  
2019-09-20 09:36:51,527 | INFO  | SCMAudit | user=jenkins1000 | ip=192.168.151.119 | op=SEND_HEARTBEAT {datanodeUUID=4d6fff4c-5cb6-40a3-b677-a76fbdc0054d, command=[]} | ret=SUCCESS |  
2019-09-20 09:36:51,538 | INFO  | SCMAudit | user=jenkins1000 | ip=192.168.151.119 | op=SEND_HEARTBEAT {datanodeUUID=d072c18a-1b53-41d5-bae5-b82be0790279, command=[]} | ret=SUCCESS |  
2019-09-20 09:36:51,622 | INFO  | SCMAudit | user=jenkins1000 | ip=192.168.151.119 | op=SEND_HEARTBEAT {datanodeUUID=10741cbd-d620-4a9b-9e67-51db8a2e0e6a, command=[]} | ret=SUCCESS |  
2019-09-20 09:36:51,862 | INFO  | SCMAudit | user=jenkins1000 | ip=192.168.151.119 | op=SEND_HEARTBEAT {datanodeUUID=d4fa05df-3099-4015-ad0e-4200365d2035, command=[]} | ret=SUCCESS |  
2019-09-20 09:36:52,011 | INFO  | SCMAudit | user=jenkins1000 | ip=192.168.151.119 | op=SEND_HEARTBEAT {datanodeUUID=86933813-1e1e-464a-ae0f-2ef91831d02b, command=[]} | ret=SUCCESS |  
2019-09-20 09:36:52,428 | INFO  | SCMAudit | user=jenkins1000 | ip=192.168.151.119 | op=SEND_HEARTBEAT {datanodeUUID=ba1e65fe-7169-476d-a778-4df70d7cdd6e, command=[]} | ret=SUCCESS |  
2019-09-20 09:36:52,496 | INFO  | SCMAudit | user=jenkins1000 | ip=192.168.151.119 | op=SEND_HEARTBEAT {datanodeUUID=37b777df-de08-4da5-9630-325a3e0e88a6, command=[]} | ret=SUCCESS |  
2019-09-20 09:36:52,527 | INFO  | SCMAudit | user=jenkins1000 | ip=192.168.151.119 | op=SEND_HEARTBEAT {datanodeUUID=4d6fff4c-5cb6-40a3-b677-a76fbdc0054d, command=[]} | ret=SUCCESS |  
2019-09-20 09:36:52,538 | INFO  | SCMAudit | user=jenkins1000 | ip=192.168.151.119 | op=SEND_HEARTBEAT {datanodeUUID=d072c18a-1b53-41d5-bae5-b82be0790279, command=[]} | ret=SUCCESS |  
2019-09-20 09:36:52,622 | INFO  | SCMAudit | user=jenkins1000 | ip=192.168.151.119 | op=SEND_HEARTBEAT {datanodeUUID=10741cbd-d620-4a9b-9e67-51db8a2e0e6a, command=[]} | ret=SUCCESS |  
2019-09-20 09:36:52,862 | INFO  | SCMAudit | user=jenkins1000 | ip=192.168.151.119 | op=SEND_HEARTBEAT {datanodeUUID=d4fa05df-3099-4015-ad0e-4200365d2035, command=[]} | ret=SUCCESS |  
2019-09-20 09:36:53,011 | INFO  | SCMAudit | user=jenkins1000 | ip=192.168.151.119 | op=SEND_HEARTBEAT {datanodeUUID=86933813-1e1e-464a-ae0f-2ef91831d02b, command=[]} | ret=SUCCESS |  
2019-09-20 09:36:53,428 | INFO  | SCMAudit | user=jenkins1000 | ip=192.168.151.119 | op=SEND_HEARTBEAT {datanodeUUID=ba1e65fe-7169-476d-a778-4df70d7cdd6e, command=[]} | ret=SUCCESS |  
2019-09-20 09:36:53,496 | INFO  | SCMAudit | user=jenkins1000 | ip=192.168.151.119 | op=SEND_HEARTBEAT {datanodeUUID=37b777df-de08-4da5-9630-325a3e0e88a6, command=[]} | ret=SUCCESS |  
2019-09-20 09:36:53,527 | INFO  | SCMAudit | user=jenkins1000 | ip=192.168.151.119 | op=SEND_HEARTBEAT {datanodeUUID=4d6fff4c-5cb6-40a3-b677-a76fbdc0054d, command=[]} | ret=SUCCESS |  
2019-09-20 09:36:53,538 | INFO  | SCMAudit | user=jenkins1000 | ip=192.168.151.119 | op=SEND_HEARTBEAT {datanodeUUID=d072c18a-1b53-41d5-bae5-b82be0790279, command=[]} | ret=SUCCESS |  
2019-09-20 09:36:53,622 | INFO  | SCMAudit | user=jenkins1000 | ip=192.168.151.119 | op=SEND_HEARTBEAT {datanodeUUID=10741cbd-d620-4a9b-9e67-51db8a2e0e6a, command=[]} | ret=SUCCESS |  
2019-09-20 09:36:53,862 | INFO  | SCMAudit | user=jenkins1000 | ip=192.168.151.119 | op=SEND_HEARTBEAT {datanodeUUID=d4fa05df-3099-4015-ad0e-4200365d2035, command=[]} | ret=SUCCESS |  
2019-09-20 09:36:54,010 | INFO  | SCMAudit | user=jenkins1000 | ip=192.168.151.119 | op=SEND_HEARTBEAT {datanodeUUID=86933813-1e1e-464a-ae0f-2ef91831d02b, command=[]} | ret=SUCCESS |  
2019-09-20 09:36:54,428 | INFO  | SCMAudit | user=jenkins1000 | ip=192.168.151.119 | op=SEND_HEARTBEAT {datanodeUUID=ba1e65fe-7169-476d-a778-4df70d7cdd6e, command=[]} | ret=SUCCESS |  
2019-09-20 09:36:54,496 | INFO  | SCMAudit | user=jenkins1000 | ip=192.168.151.119 | op=SEND_HEARTBEAT {datanodeUUID=37b777df-de08-4da5-9630-325a3e0e88a6, command=[]} | ret=SUCCESS |  
2019-09-20 09:36:54,527 | INFO  | SCMAudit | user=jenkins1000 | ip=192.168.151.119 | op=SEND_HEARTBEAT {datanodeUUID=4d6fff4c-5cb6-40a3-b677-a76fbdc0054d, command=[]} | ret=SUCCESS |  
2019-09-20 09:36:54,538 | INFO  | SCMAudit | user=jenkins1000 | ip=192.168.151.119 | op=SEND_HEARTBEAT {datanodeUUID=d072c18a-1b53-41d5-bae5-b82be0790279, command=[]} | ret=SUCCESS |  
2019-09-20 09:36:54,623 | INFO  | SCMAudit | user=jenkins1000 | ip=192.168.151.119 | op=SEND_HEARTBEAT {datanodeUUID=10741cbd-d620-4a9b-9e67-51db8a2e0e6a, command=[]} | ret=SUCCESS |  
2019-09-20 09:36:54,862 | INFO  | SCMAudit | user=jenkins1000 | ip=192.168.151.119 | op=SEND_HEARTBEAT {datanodeUUID=d4fa05df-3099-4015-ad0e-4200365d2035, command=[]} | ret=SUCCESS |  
2019-09-20 09:36:55,010 | INFO  | SCMAudit | user=jenkins1000 | ip=192.168.151.119 | op=SEND_HEARTBEAT {datanodeUUID=86933813-1e1e-464a-ae0f-2ef91831d02b, command=[]} | ret=SUCCESS |  
2019-09-20 09:36:55,428 | INFO  | SCMAudit | user=jenkins1000 | ip=192.168.151.119 | op=SEND_HEARTBEAT {datanodeUUID=ba1e65fe-7169-476d-a778-4df70d7cdd6e, command=[]} | ret=SUCCESS |  
2019-09-20 09:36:55,497 | INFO  | SCMAudit | user=jenkins1000 | ip=192.168.151.119 | op=SEND_HEARTBEAT {datanodeUUID=37b777df-de08-4da5-9630-325a3e0e88a6, command=[]} | ret=SUCCESS |  
2019-09-20 09:36:55,527 | INFO  | SCMAudit | user=jenkins1000 | ip=192.168.151.119 | op=SEND_HEARTBEAT {datanodeUUID=4d6fff4c-5cb6-40a3-b677-a76fbdc0054d, command=[]} | ret=SUCCESS |  
2019-09-20 09:36:55,538 | INFO  | SCMAudit | user=jenkins1000 | ip=192.168.151.119 | op=SEND_HEARTBEAT {datanodeUUID=d072c18a-1b53-41d5-bae5-b82be0790279, command=[]} | ret=SUCCESS |  
2019-09-20 09:36:55,623 | INFO  | SCMAudit | user=jenkins1000 | ip=192.168.151.119 | op=SEND_HEARTBEAT {datanodeUUID=10741cbd-d620-4a9b-9e67-51db8a2e0e6a, command=[]} | ret=SUCCESS |  
2019-09-20 09:36:55,862 | INFO  | SCMAudit | user=jenkins1000 | ip=192.168.151.119 | op=SEND_HEARTBEAT {datanodeUUID=d4fa05df-3099-4015-ad0e-4200365d2035, command=[]} | ret=SUCCESS |  
2019-09-20 09:36:56,011 | INFO  | SCMAudit | user=jenkins1000 | ip=192.168.151.119 | op=SEND_HEARTBEAT {datanodeUUID=86933813-1e1e-464a-ae0f-2ef91831d02b, command=[]} | ret=SUCCESS |  
2019-09-20 09:36:56,253 [grpc-default-executor-0] INFO  client.GrpcClientProtocolClient (GrpcClientProtocolClient.java:onNext(255)) - client-05D5A58C38F8->4d6fff4c-5cb6-40a3-b677-a76fbdc0054d: receive RaftClientReply:client-05D5A58C38F8->4d6fff4c-5cb6-40a3-b677-a76fbdc0054d@group-13440712A48A, cid=45, FAILED org.apache.ratis.protocol.NotLeaderException: Server 4d6fff4c-5cb6-40a3-b677-a76fbdc0054d is not the leader (37b777df-de08-4da5-9630-325a3e0e88a6:192.168.151.119:35524). Request must be sent to leader., logIndex=0, commits[4d6fff4c-5cb6-40a3-b677-a76fbdc0054d:c8, d072c18a-1b53-41d5-bae5-b82be0790279:c8, 37b777df-de08-4da5-9630-325a3e0e88a6:c8]
2019-09-20 09:36:56,428 | INFO  | SCMAudit | user=jenkins1000 | ip=192.168.151.119 | op=SEND_HEARTBEAT {datanodeUUID=ba1e65fe-7169-476d-a778-4df70d7cdd6e, command=[]} | ret=SUCCESS |  
2019-09-20 09:36:56,496 | INFO  | SCMAudit | user=jenkins1000 | ip=192.168.151.119 | op=SEND_HEARTBEAT {datanodeUUID=37b777df-de08-4da5-9630-325a3e0e88a6, command=[]} | ret=SUCCESS |  
2019-09-20 09:36:56,527 | INFO  | SCMAudit | user=jenkins1000 | ip=192.168.151.119 | op=SEND_HEARTBEAT {datanodeUUID=4d6fff4c-5cb6-40a3-b677-a76fbdc0054d, command=[]} | ret=SUCCESS |  
2019-09-20 09:36:56,538 | INFO  | SCMAudit | user=jenkins1000 | ip=192.168.151.119 | op=SEND_HEARTBEAT {datanodeUUID=d072c18a-1b53-41d5-bae5-b82be0790279, command=[]} | ret=SUCCESS |  
2019-09-20 09:36:56,623 | INFO  | SCMAudit | user=jenkins1000 | ip=192.168.151.119 | op=SEND_HEARTBEAT {datanodeUUID=10741cbd-d620-4a9b-9e67-51db8a2e0e6a, command=[]} | ret=SUCCESS |  
2019-09-20 09:36:56,863 | INFO  | SCMAudit | user=jenkins1000 | ip=192.168.151.119 | op=SEND_HEARTBEAT {datanodeUUID=d4fa05df-3099-4015-ad0e-4200365d2035, command=[]} | ret=SUCCESS |  
2019-09-20 09:36:57,010 | INFO  | SCMAudit | user=jenkins1000 | ip=192.168.151.119 | op=SEND_HEARTBEAT {datanodeUUID=86933813-1e1e-464a-ae0f-2ef91831d02b, command=[]} | ret=SUCCESS |  
2019-09-20 09:36:57,428 | INFO  | SCMAudit | user=jenkins1000 | ip=192.168.151.119 | op=SEND_HEARTBEAT {datanodeUUID=ba1e65fe-7169-476d-a778-4df70d7cdd6e, command=[]} | ret=SUCCESS |  
2019-09-20 09:36:57,496 | INFO  | SCMAudit | user=jenkins1000 | ip=192.168.151.119 | op=SEND_HEARTBEAT {datanodeUUID=37b777df-de08-4da5-9630-325a3e0e88a6, command=[]} | ret=SUCCESS |  
2019-09-20 09:36:57,527 | INFO  | SCMAudit | user=jenkins1000 | ip=192.168.151.119 | op=SEND_HEARTBEAT {datanodeUUID=4d6fff4c-5cb6-40a3-b677-a76fbdc0054d, command=[]} | ret=SUCCESS |  
2019-09-20 09:36:57,538 | INFO  | SCMAudit | user=jenkins1000 | ip=192.168.151.119 | op=SEND_HEARTBEAT {datanodeUUID=d072c18a-1b53-41d5-bae5-b82be0790279, command=[]} | ret=SUCCESS |  
2019-09-20 09:36:57,623 | INFO  | SCMAudit | user=jenkins1000 | ip=192.168.151.119 | op=SEND_HEARTBEAT {datanodeUUID=10741cbd-d620-4a9b-9e67-51db8a2e0e6a, command=[]} | ret=SUCCESS |  
2019-09-20 09:36:57,863 | INFO  | SCMAudit | user=jenkins1000 | ip=192.168.151.119 | op=SEND_HEARTBEAT {datanodeUUID=d4fa05df-3099-4015-ad0e-4200365d2035, command=[]} | ret=SUCCESS |  
2019-09-20 09:36:58,010 | INFO  | SCMAudit | user=jenkins1000 | ip=192.168.151.119 | op=SEND_HEARTBEAT {datanodeUUID=86933813-1e1e-464a-ae0f-2ef91831d02b, command=[]} | ret=SUCCESS |  
2019-09-20 09:36:58,429 | INFO  | SCMAudit | user=jenkins1000 | ip=192.168.151.119 | op=SEND_HEARTBEAT {datanodeUUID=ba1e65fe-7169-476d-a778-4df70d7cdd6e, command=[]} | ret=SUCCESS |  
2019-09-20 09:36:58,496 | INFO  | SCMAudit | user=jenkins1000 | ip=192.168.151.119 | op=SEND_HEARTBEAT {datanodeUUID=37b777df-de08-4da5-9630-325a3e0e88a6, command=[]} | ret=SUCCESS |  
2019-09-20 09:36:58,527 | INFO  | SCMAudit | user=jenkins1000 | ip=192.168.151.119 | op=SEND_HEARTBEAT {datanodeUUID=4d6fff4c-5cb6-40a3-b677-a76fbdc0054d, command=[]} | ret=SUCCESS |  
2019-09-20 09:36:58,538 | INFO  | SCMAudit | user=jenkins1000 | ip=192.168.151.119 | op=SEND_HEARTBEAT {datanodeUUID=d072c18a-1b53-41d5-bae5-b82be0790279, command=[]} | ret=SUCCESS |  
2019-09-20 09:36:58,624 | INFO  | SCMAudit | user=jenkins1000 | ip=192.168.151.119 | op=SEND_HEARTBEAT {datanodeUUID=10741cbd-d620-4a9b-9e67-51db8a2e0e6a, command=[]} | ret=SUCCESS |  
2019-09-20 09:36:58,863 | INFO  | SCMAudit | user=jenkins1000 | ip=192.168.151.119 | op=SEND_HEARTBEAT {datanodeUUID=d4fa05df-3099-4015-ad0e-4200365d2035, command=[]} | ret=SUCCESS |  
2019-09-20 09:36:59,010 | INFO  | SCMAudit | user=jenkins1000 | ip=192.168.151.119 | op=SEND_HEARTBEAT {datanodeUUID=86933813-1e1e-464a-ae0f-2ef91831d02b, command=[]} | ret=SUCCESS |  
2019-09-20 09:36:59,429 | INFO  | SCMAudit | user=jenkins1000 | ip=192.168.151.119 | op=SEND_HEARTBEAT {datanodeUUID=ba1e65fe-7169-476d-a778-4df70d7cdd6e, command=[]} | ret=SUCCESS |  
2019-09-20 09:36:59,496 | INFO  | SCMAudit | user=jenkins1000 | ip=192.168.151.119 | op=SEND_HEARTBEAT {datanodeUUID=37b777df-de08-4da5-9630-325a3e0e88a6, command=[]} | ret=SUCCESS |  
2019-09-20 09:36:59,527 | INFO  | SCMAudit | user=jenkins1000 | ip=192.168.151.119 | op=SEND_HEARTBEAT {datanodeUUID=4d6fff4c-5cb6-40a3-b677-a76fbdc0054d, command=[]} | ret=SUCCESS |  
2019-09-20 09:36:59,538 | INFO  | SCMAudit | user=jenkins1000 | ip=192.168.151.119 | op=SEND_HEARTBEAT {datanodeUUID=d072c18a-1b53-41d5-bae5-b82be0790279, command=[]} | ret=SUCCESS |  
2019-09-20 09:36:59,624 | INFO  | SCMAudit | user=jenkins1000 | ip=192.168.151.119 | op=SEND_HEARTBEAT {datanodeUUID=10741cbd-d620-4a9b-9e67-51db8a2e0e6a, command=[]} | ret=SUCCESS |  
2019-09-20 09:36:59,863 | INFO  | SCMAudit | user=jenkins1000 | ip=192.168.151.119 | op=SEND_HEARTBEAT {datanodeUUID=d4fa05df-3099-4015-ad0e-4200365d2035, command=[]} | ret=SUCCESS |  
2019-09-20 09:37:00,011 | INFO  | SCMAudit | user=jenkins1000 | ip=192.168.151.119 | op=SEND_HEARTBEAT {datanodeUUID=86933813-1e1e-464a-ae0f-2ef91831d02b, command=[]} | ret=SUCCESS |  
2019-09-20 09:37:00,428 | INFO  | SCMAudit | user=jenkins1000 | ip=192.168.151.119 | op=SEND_HEARTBEAT {datanodeUUID=ba1e65fe-7169-476d-a778-4df70d7cdd6e, command=[]} | ret=SUCCESS |  
2019-09-20 09:37:00,497 | INFO  | SCMAudit | user=jenkins1000 | ip=192.168.151.119 | op=SEND_HEARTBEAT {datanodeUUID=37b777df-de08-4da5-9630-325a3e0e88a6, command=[]} | ret=SUCCESS |  
2019-09-20 09:37:00,528 | INFO  | SCMAudit | user=jenkins1000 | ip=192.168.151.119 | op=SEND_HEARTBEAT {datanodeUUID=4d6fff4c-5cb6-40a3-b677-a76fbdc0054d, command=[]} | ret=SUCCESS |  
2019-09-20 09:37:00,538 | INFO  | SCMAudit | user=jenkins1000 | ip=192.168.151.119 | op=SEND_HEARTBEAT {datanodeUUID=d072c18a-1b53-41d5-bae5-b82be0790279, command=[]} | ret=SUCCESS |  
2019-09-20 09:37:00,624 | INFO  | SCMAudit | user=jenkins1000 | ip=192.168.151.119 | op=SEND_HEARTBEAT {datanodeUUID=10741cbd-d620-4a9b-9e67-51db8a2e0e6a, command=[]} | ret=SUCCESS |  
2019-09-20 09:37:00,863 | INFO  | SCMAudit | user=jenkins1000 | ip=192.168.151.119 | op=SEND_HEARTBEAT {datanodeUUID=d4fa05df-3099-4015-ad0e-4200365d2035, command=[]} | ret=SUCCESS |  
2019-09-20 09:37:01,011 | INFO  | SCMAudit | user=jenkins1000 | ip=192.168.151.119 | op=SEND_HEARTBEAT {datanodeUUID=86933813-1e1e-464a-ae0f-2ef91831d02b, command=[]} | ret=SUCCESS |  
2019-09-20 09:37:01,286 [grpc-default-executor-13] INFO  client.GrpcClientProtocolClient (GrpcClientProtocolClient.java:onNext(255)) - client-05D5A58C38F8->d072c18a-1b53-41d5-bae5-b82be0790279: receive RaftClientReply:client-05D5A58C38F8->d072c18a-1b53-41d5-bae5-b82be0790279@group-13440712A48A, cid=45, FAILED org.apache.ratis.protocol.NotLeaderException: Server d072c18a-1b53-41d5-bae5-b82be0790279 is not the leader (37b777df-de08-4da5-9630-325a3e0e88a6:192.168.151.119:35524). Request must be sent to leader., logIndex=0, commits[d072c18a-1b53-41d5-bae5-b82be0790279:c8, 37b777df-de08-4da5-9630-325a3e0e88a6:c8, 4d6fff4c-5cb6-40a3-b677-a76fbdc0054d:c8]
2019-09-20 09:37:01,429 | INFO  | SCMAudit | user=jenkins1000 | ip=192.168.151.119 | op=SEND_HEARTBEAT {datanodeUUID=ba1e65fe-7169-476d-a778-4df70d7cdd6e, command=[]} | ret=SUCCESS |  
2019-09-20 09:37:01,497 | INFO  | SCMAudit | user=jenkins1000 | ip=192.168.151.119 | op=SEND_HEARTBEAT {datanodeUUID=37b777df-de08-4da5-9630-325a3e0e88a6, command=[]} | ret=SUCCESS |  
2019-09-20 09:37:01,527 | INFO  | SCMAudit | user=jenkins1000 | ip=192.168.151.119 | op=SEND_HEARTBEAT {datanodeUUID=4d6fff4c-5cb6-40a3-b677-a76fbdc0054d, command=[]} | ret=SUCCESS |  
2019-09-20 09:37:01,538 | INFO  | SCMAudit | user=jenkins1000 | ip=192.168.151.119 | op=SEND_HEARTBEAT {datanodeUUID=d072c18a-1b53-41d5-bae5-b82be0790279, command=[]} | ret=SUCCESS |  
2019-09-20 09:37:01,624 | INFO  | SCMAudit | user=jenkins1000 | ip=192.168.151.119 | op=SEND_HEARTBEAT {datanodeUUID=10741cbd-d620-4a9b-9e67-51db8a2e0e6a, command=[]} | ret=SUCCESS |  
2019-09-20 09:37:01,863 | INFO  | SCMAudit | user=jenkins1000 | ip=192.168.151.119 | op=SEND_HEARTBEAT {datanodeUUID=d4fa05df-3099-4015-ad0e-4200365d2035, command=[]} | ret=SUCCESS |  
2019-09-20 09:37:02,011 | INFO  | SCMAudit | user=jenkins1000 | ip=192.168.151.119 | op=SEND_HEARTBEAT {datanodeUUID=86933813-1e1e-464a-ae0f-2ef91831d02b, command=[]} | ret=SUCCESS |  
2019-09-20 09:37:02,429 | INFO  | SCMAudit | user=jenkins1000 | ip=192.168.151.119 | op=SEND_HEARTBEAT {datanodeUUID=ba1e65fe-7169-476d-a778-4df70d7cdd6e, command=[]} | ret=SUCCESS |  
2019-09-20 09:37:02,496 | INFO  | SCMAudit | user=jenkins1000 | ip=192.168.151.119 | op=SEND_HEARTBEAT {datanodeUUID=37b777df-de08-4da5-9630-325a3e0e88a6, command=[]} | ret=SUCCESS |  
2019-09-20 09:37:02,528 | INFO  | SCMAudit | user=jenkins1000 | ip=192.168.151.119 | op=SEND_HEARTBEAT {datanodeUUID=4d6fff4c-5cb6-40a3-b677-a76fbdc0054d, command=[]} | ret=SUCCESS |  
2019-09-20 09:37:02,538 | INFO  | SCMAudit | user=jenkins1000 | ip=192.168.151.119 | op=SEND_HEARTBEAT {datanodeUUID=d072c18a-1b53-41d5-bae5-b82be0790279, command=[]} | ret=SUCCESS |  
2019-09-20 09:37:02,624 | INFO  | SCMAudit | user=jenkins1000 | ip=192.168.151.119 | op=SEND_HEARTBEAT {datanodeUUID=10741cbd-d620-4a9b-9e67-51db8a2e0e6a, command=[]} | ret=SUCCESS |  
2019-09-20 09:37:02,864 | INFO  | SCMAudit | user=jenkins1000 | ip=192.168.151.119 | op=SEND_HEARTBEAT {datanodeUUID=d4fa05df-3099-4015-ad0e-4200365d2035, command=[]} | ret=SUCCESS |  
2019-09-20 09:37:03,011 | INFO  | SCMAudit | user=jenkins1000 | ip=192.168.151.119 | op=SEND_HEARTBEAT {datanodeUUID=86933813-1e1e-464a-ae0f-2ef91831d02b, command=[]} | ret=SUCCESS |  
2019-09-20 09:37:03,429 | INFO  | SCMAudit | user=jenkins1000 | ip=192.168.151.119 | op=SEND_HEARTBEAT {datanodeUUID=ba1e65fe-7169-476d-a778-4df70d7cdd6e, command=[]} | ret=SUCCESS |  
2019-09-20 09:37:03,496 | INFO  | SCMAudit | user=jenkins1000 | ip=192.168.151.119 | op=SEND_HEARTBEAT {datanodeUUID=37b777df-de08-4da5-9630-325a3e0e88a6, command=[]} | ret=SUCCESS |  
2019-09-20 09:37:03,528 | INFO  | SCMAudit | user=jenkins1000 | ip=192.168.151.119 | op=SEND_HEARTBEAT {datanodeUUID=4d6fff4c-5cb6-40a3-b677-a76fbdc0054d, command=[]} | ret=SUCCESS |  
2019-09-20 09:37:03,539 | INFO  | SCMAudit | user=jenkins1000 | ip=192.168.151.119 | op=SEND_HEARTBEAT {datanodeUUID=d072c18a-1b53-41d5-bae5-b82be0790279, command=[]} | ret=SUCCESS |  
2019-09-20 09:37:03,624 | INFO  | SCMAudit | user=jenkins1000 | ip=192.168.151.119 | op=SEND_HEARTBEAT {datanodeUUID=10741cbd-d620-4a9b-9e67-51db8a2e0e6a, command=[]} | ret=SUCCESS |  
2019-09-20 09:37:03,864 | INFO  | SCMAudit | user=jenkins1000 | ip=192.168.151.119 | op=SEND_HEARTBEAT {datanodeUUID=d4fa05df-3099-4015-ad0e-4200365d2035, command=[]} | ret=SUCCESS |  
2019-09-20 09:37:04,011 | INFO  | SCMAudit | user=jenkins1000 | ip=192.168.151.119 | op=SEND_HEARTBEAT {datanodeUUID=86933813-1e1e-464a-ae0f-2ef91831d02b, command=[]} | ret=SUCCESS |  
2019-09-20 09:37:04,429 | INFO  | SCMAudit | user=jenkins1000 | ip=192.168.151.119 | op=SEND_HEARTBEAT {datanodeUUID=ba1e65fe-7169-476d-a778-4df70d7cdd6e, command=[]} | ret=SUCCESS |  
2019-09-20 09:37:04,496 | INFO  | SCMAudit | user=jenkins1000 | ip=192.168.151.119 | op=SEND_HEARTBEAT {datanodeUUID=37b777df-de08-4da5-9630-325a3e0e88a6, command=[]} | ret=SUCCESS |  
2019-09-20 09:37:04,528 | INFO  | SCMAudit | user=jenkins1000 | ip=192.168.151.119 | op=SEND_HEARTBEAT {datanodeUUID=4d6fff4c-5cb6-40a3-b677-a76fbdc0054d, command=[]} | ret=SUCCESS |  
2019-09-20 09:37:04,538 | INFO  | SCMAudit | user=jenkins1000 | ip=192.168.151.119 | op=SEND_HEARTBEAT {datanodeUUID=d072c18a-1b53-41d5-bae5-b82be0790279, command=[]} | ret=SUCCESS |  
2019-09-20 09:37:04,624 | INFO  | SCMAudit | user=jenkins1000 | ip=192.168.151.119 | op=SEND_HEARTBEAT {datanodeUUID=10741cbd-d620-4a9b-9e67-51db8a2e0e6a, command=[]} | ret=SUCCESS |  
2019-09-20 09:37:04,864 | INFO  | SCMAudit | user=jenkins1000 | ip=192.168.151.119 | op=SEND_HEARTBEAT {datanodeUUID=d4fa05df-3099-4015-ad0e-4200365d2035, command=[]} | ret=SUCCESS |  
2019-09-20 09:37:05,012 | INFO  | SCMAudit | user=jenkins1000 | ip=192.168.151.119 | op=SEND_HEARTBEAT {datanodeUUID=86933813-1e1e-464a-ae0f-2ef91831d02b, command=[]} | ret=SUCCESS |  
2019-09-20 09:37:05,430 | INFO  | SCMAudit | user=jenkins1000 | ip=192.168.151.119 | op=SEND_HEARTBEAT {datanodeUUID=ba1e65fe-7169-476d-a778-4df70d7cdd6e, command=[]} | ret=SUCCESS |  
2019-09-20 09:37:05,497 | INFO  | SCMAudit | user=jenkins1000 | ip=192.168.151.119 | op=SEND_HEARTBEAT {datanodeUUID=37b777df-de08-4da5-9630-325a3e0e88a6, command=[]} | ret=SUCCESS |  
2019-09-20 09:37:05,528 | INFO  | SCMAudit | user=jenkins1000 | ip=192.168.151.119 | op=SEND_HEARTBEAT {datanodeUUID=4d6fff4c-5cb6-40a3-b677-a76fbdc0054d, command=[]} | ret=SUCCESS |  
2019-09-20 09:37:05,539 | INFO  | SCMAudit | user=jenkins1000 | ip=192.168.151.119 | op=SEND_HEARTBEAT {datanodeUUID=d072c18a-1b53-41d5-bae5-b82be0790279, command=[]} | ret=SUCCESS |  
2019-09-20 09:37:05,624 | INFO  | SCMAudit | user=jenkins1000 | ip=192.168.151.119 | op=SEND_HEARTBEAT {datanodeUUID=10741cbd-d620-4a9b-9e67-51db8a2e0e6a, command=[]} | ret=SUCCESS |  
2019-09-20 09:37:05,864 | INFO  | SCMAudit | user=jenkins1000 | ip=192.168.151.119 | op=SEND_HEARTBEAT {datanodeUUID=d4fa05df-3099-4015-ad0e-4200365d2035, command=[]} | ret=SUCCESS |  
2019-09-20 09:37:06,011 | INFO  | SCMAudit | user=jenkins1000 | ip=192.168.151.119 | op=SEND_HEARTBEAT {datanodeUUID=86933813-1e1e-464a-ae0f-2ef91831d02b, command=[]} | ret=SUCCESS |  
2019-09-20 09:37:06,333 [grpc-default-executor-13] INFO  client.GrpcClientProtocolClient (GrpcClientProtocolClient.java:onNext(255)) - client-05D5A58C38F8->d072c18a-1b53-41d5-bae5-b82be0790279: receive RaftClientReply:client-05D5A58C38F8->d072c18a-1b53-41d5-bae5-b82be0790279@group-13440712A48A, cid=45, FAILED org.apache.ratis.protocol.NotLeaderException: Server d072c18a-1b53-41d5-bae5-b82be0790279 is not the leader (37b777df-de08-4da5-9630-325a3e0e88a6:192.168.151.119:35524). Request must be sent to leader., logIndex=0, commits[d072c18a-1b53-41d5-bae5-b82be0790279:c8, 37b777df-de08-4da5-9630-325a3e0e88a6:c8, 4d6fff4c-5cb6-40a3-b677-a76fbdc0054d:c8]
2019-09-20 09:37:06,430 | INFO  | SCMAudit | user=jenkins1000 | ip=192.168.151.119 | op=SEND_HEARTBEAT {datanodeUUID=ba1e65fe-7169-476d-a778-4df70d7cdd6e, command=[]} | ret=SUCCESS |  
2019-09-20 09:37:06,497 | INFO  | SCMAudit | user=jenkins1000 | ip=192.168.151.119 | op=SEND_HEARTBEAT {datanodeUUID=37b777df-de08-4da5-9630-325a3e0e88a6, command=[]} | ret=SUCCESS |  
2019-09-20 09:37:06,528 | INFO  | SCMAudit | user=jenkins1000 | ip=192.168.151.119 | op=SEND_HEARTBEAT {datanodeUUID=4d6fff4c-5cb6-40a3-b677-a76fbdc0054d, command=[]} | ret=SUCCESS |  
2019-09-20 09:37:06,540 | INFO  | SCMAudit | user=jenkins1000 | ip=192.168.151.119 | op=SEND_HEARTBEAT {datanodeUUID=d072c18a-1b53-41d5-bae5-b82be0790279, command=[]} | ret=SUCCESS |  
2019-09-20 09:37:06,625 | INFO  | SCMAudit | user=jenkins1000 | ip=192.168.151.119 | op=SEND_HEARTBEAT {datanodeUUID=10741cbd-d620-4a9b-9e67-51db8a2e0e6a, command=[]} | ret=SUCCESS |  
2019-09-20 09:37:06,865 | INFO  | SCMAudit | user=jenkins1000 | ip=192.168.151.119 | op=SEND_HEARTBEAT {datanodeUUID=d4fa05df-3099-4015-ad0e-4200365d2035, command=[]} | ret=SUCCESS |  
2019-09-20 09:37:07,011 | INFO  | SCMAudit | user=jenkins1000 | ip=192.168.151.119 | op=SEND_HEARTBEAT {datanodeUUID=86933813-1e1e-464a-ae0f-2ef91831d02b, command=[]} | ret=SUCCESS |  
2019-09-20 09:37:07,429 | INFO  | SCMAudit | user=jenkins1000 | ip=192.168.151.119 | op=SEND_HEARTBEAT {datanodeUUID=ba1e65fe-7169-476d-a778-4df70d7cdd6e, command=[]} | ret=SUCCESS |  
2019-09-20 09:37:07,497 | INFO  | SCMAudit | user=jenkins1000 | ip=192.168.151.119 | op=SEND_HEARTBEAT {datanodeUUID=37b777df-de08-4da5-9630-325a3e0e88a6, command=[]} | ret=SUCCESS |  
2019-09-20 09:37:07,528 | INFO  | SCMAudit | user=jenkins1000 | ip=192.168.151.119 | op=SEND_HEARTBEAT {datanodeUUID=4d6fff4c-5cb6-40a3-b677-a76fbdc0054d, command=[]} | ret=SUCCESS |  
2019-09-20 09:37:07,540 | INFO  | SCMAudit | user=jenkins1000 | ip=192.168.151.119 | op=SEND_HEARTBEAT {datanodeUUID=d072c18a-1b53-41d5-bae5-b82be0790279, command=[]} | ret=SUCCESS |  
2019-09-20 09:37:07,625 | INFO  | SCMAudit | user=jenkins1000 | ip=192.168.151.119 | op=SEND_HEARTBEAT {datanodeUUID=10741cbd-d620-4a9b-9e67-51db8a2e0e6a, command=[]} | ret=SUCCESS |  
2019-09-20 09:37:07,865 | INFO  | SCMAudit | user=jenkins1000 | ip=192.168.151.119 | op=SEND_HEARTBEAT {datanodeUUID=d4fa05df-3099-4015-ad0e-4200365d2035, command=[]} | ret=SUCCESS |  
2019-09-20 09:37:08,011 | INFO  | SCMAudit | user=jenkins1000 | ip=192.168.151.119 | op=SEND_HEARTBEAT {datanodeUUID=86933813-1e1e-464a-ae0f-2ef91831d02b, command=[]} | ret=SUCCESS |  
2019-09-20 09:37:08,429 | INFO  | SCMAudit | user=jenkins1000 | ip=192.168.151.119 | op=SEND_HEARTBEAT {datanodeUUID=ba1e65fe-7169-476d-a778-4df70d7cdd6e, command=[]} | ret=SUCCESS |  
2019-09-20 09:37:08,497 | INFO  | SCMAudit | user=jenkins1000 | ip=192.168.151.119 | op=SEND_HEARTBEAT {datanodeUUID=37b777df-de08-4da5-9630-325a3e0e88a6, command=[]} | ret=SUCCESS |  
2019-09-20 09:37:08,528 | INFO  | SCMAudit | user=jenkins1000 | ip=192.168.151.119 | op=SEND_HEARTBEAT {datanodeUUID=4d6fff4c-5cb6-40a3-b677-a76fbdc0054d, command=[]} | ret=SUCCESS |  
2019-09-20 09:37:08,540 | INFO  | SCMAudit | user=jenkins1000 | ip=192.168.151.119 | op=SEND_HEARTBEAT {datanodeUUID=d072c18a-1b53-41d5-bae5-b82be0790279, command=[]} | ret=SUCCESS |  
2019-09-20 09:37:08,625 | INFO  | SCMAudit | user=jenkins1000 | ip=192.168.151.119 | op=SEND_HEARTBEAT {datanodeUUID=10741cbd-d620-4a9b-9e67-51db8a2e0e6a, command=[]} | ret=SUCCESS |  
2019-09-20 09:37:08,865 | INFO  | SCMAudit | user=jenkins1000 | ip=192.168.151.119 | op=SEND_HEARTBEAT {datanodeUUID=d4fa05df-3099-4015-ad0e-4200365d2035, command=[]} | ret=SUCCESS |  
2019-09-20 09:37:09,012 | INFO  | SCMAudit | user=jenkins1000 | ip=192.168.151.119 | op=SEND_HEARTBEAT {datanodeUUID=86933813-1e1e-464a-ae0f-2ef91831d02b, command=[]} | ret=SUCCESS |  
2019-09-20 09:37:09,430 | INFO  | SCMAudit | user=jenkins1000 | ip=192.168.151.119 | op=SEND_HEARTBEAT {datanodeUUID=ba1e65fe-7169-476d-a778-4df70d7cdd6e, command=[]} | ret=SUCCESS |  
2019-09-20 09:37:09,497 | INFO  | SCMAudit | user=jenkins1000 | ip=192.168.151.119 | op=SEND_HEARTBEAT {datanodeUUID=37b777df-de08-4da5-9630-325a3e0e88a6, command=[]} | ret=SUCCESS |  
2019-09-20 09:37:09,529 | INFO  | SCMAudit | user=jenkins1000 | ip=192.168.151.119 | op=SEND_HEARTBEAT {datanodeUUID=4d6fff4c-5cb6-40a3-b677-a76fbdc0054d, command=[]} | ret=SUCCESS |  
2019-09-20 09:37:09,540 | INFO  | SCMAudit | user=jenkins1000 | ip=192.168.151.119 | op=SEND_HEARTBEAT {datanodeUUID=d072c18a-1b53-41d5-bae5-b82be0790279, command=[]} | ret=SUCCESS |  
2019-09-20 09:37:09,625 | INFO  | SCMAudit | user=jenkins1000 | ip=192.168.151.119 | op=SEND_HEARTBEAT {datanodeUUID=10741cbd-d620-4a9b-9e67-51db8a2e0e6a, command=[]} | ret=SUCCESS |  
2019-09-20 09:37:09,867 | INFO  | SCMAudit | user=jenkins1000 | ip=192.168.151.119 | op=SEND_HEARTBEAT {datanodeUUID=d4fa05df-3099-4015-ad0e-4200365d2035, command=[]} | ret=SUCCESS |  
2019-09-20 09:37:10,012 | INFO  | SCMAudit | user=jenkins1000 | ip=192.168.151.119 | op=SEND_HEARTBEAT {datanodeUUID=86933813-1e1e-464a-ae0f-2ef91831d02b, command=[]} | ret=SUCCESS |  
2019-09-20 09:37:10,429 | INFO  | SCMAudit | user=jenkins1000 | ip=192.168.151.119 | op=SEND_HEARTBEAT {datanodeUUID=ba1e65fe-7169-476d-a778-4df70d7cdd6e, command=[]} | ret=SUCCESS |  
2019-09-20 09:37:10,499 | INFO  | SCMAudit | user=jenkins1000 | ip=192.168.151.119 | op=SEND_HEARTBEAT {datanodeUUID=37b777df-de08-4da5-9630-325a3e0e88a6, command=[]} | ret=SUCCESS |  
2019-09-20 09:37:10,529 | INFO  | SCMAudit | user=jenkins1000 | ip=192.168.151.119 | op=SEND_HEARTBEAT {datanodeUUID=4d6fff4c-5cb6-40a3-b677-a76fbdc0054d, command=[]} | ret=SUCCESS |  
2019-09-20 09:37:10,540 | INFO  | SCMAudit | user=jenkins1000 | ip=192.168.151.119 | op=SEND_HEARTBEAT {datanodeUUID=d072c18a-1b53-41d5-bae5-b82be0790279, command=[]} | ret=SUCCESS |  
2019-09-20 09:37:10,625 | INFO  | SCMAudit | user=jenkins1000 | ip=192.168.151.119 | op=SEND_HEARTBEAT {datanodeUUID=10741cbd-d620-4a9b-9e67-51db8a2e0e6a, command=[]} | ret=SUCCESS |  
2019-09-20 09:37:10,865 | INFO  | SCMAudit | user=jenkins1000 | ip=192.168.151.119 | op=SEND_HEARTBEAT {datanodeUUID=d4fa05df-3099-4015-ad0e-4200365d2035, command=[]} | ret=SUCCESS |  
2019-09-20 09:37:11,011 | INFO  | SCMAudit | user=jenkins1000 | ip=192.168.151.119 | op=SEND_HEARTBEAT {datanodeUUID=86933813-1e1e-464a-ae0f-2ef91831d02b, command=[]} | ret=SUCCESS |  
2019-09-20 09:37:11,371 [grpc-default-executor-13] INFO  client.GrpcClientProtocolClient (GrpcClientProtocolClient.java:onNext(255)) - client-05D5A58C38F8->d072c18a-1b53-41d5-bae5-b82be0790279: receive RaftClientReply:client-05D5A58C38F8->d072c18a-1b53-41d5-bae5-b82be0790279@group-13440712A48A, cid=45, FAILED org.apache.ratis.protocol.NotLeaderException: Server d072c18a-1b53-41d5-bae5-b82be0790279 is not the leader (37b777df-de08-4da5-9630-325a3e0e88a6:192.168.151.119:35524). Request must be sent to leader., logIndex=0, commits[d072c18a-1b53-41d5-bae5-b82be0790279:c8, 37b777df-de08-4da5-9630-325a3e0e88a6:c8, 4d6fff4c-5cb6-40a3-b677-a76fbdc0054d:c8]
2019-09-20 09:37:11,429 | INFO  | SCMAudit | user=jenkins1000 | ip=192.168.151.119 | op=SEND_HEARTBEAT {datanodeUUID=ba1e65fe-7169-476d-a778-4df70d7cdd6e, command=[]} | ret=SUCCESS |  
2019-09-20 09:37:11,500 | INFO  | SCMAudit | user=jenkins1000 | ip=192.168.151.119 | op=SEND_HEARTBEAT {datanodeUUID=37b777df-de08-4da5-9630-325a3e0e88a6, command=[]} | ret=SUCCESS |  
2019-09-20 09:37:11,529 | INFO  | SCMAudit | user=jenkins1000 | ip=192.168.151.119 | op=SEND_HEARTBEAT {datanodeUUID=4d6fff4c-5cb6-40a3-b677-a76fbdc0054d, command=[]} | ret=SUCCESS |  
2019-09-20 09:37:11,540 | INFO  | SCMAudit | user=jenkins1000 | ip=192.168.151.119 | op=SEND_HEARTBEAT {datanodeUUID=d072c18a-1b53-41d5-bae5-b82be0790279, command=[]} | ret=SUCCESS |  
2019-09-20 09:37:11,625 | INFO  | SCMAudit | user=jenkins1000 | ip=192.168.151.119 | op=SEND_HEARTBEAT {datanodeUUID=10741cbd-d620-4a9b-9e67-51db8a2e0e6a, command=[]} | ret=SUCCESS |  
2019-09-20 09:37:11,865 | INFO  | SCMAudit | user=jenkins1000 | ip=192.168.151.119 | op=SEND_HEARTBEAT {datanodeUUID=d4fa05df-3099-4015-ad0e-4200365d2035, command=[]} | ret=SUCCESS |  
2019-09-20 09:37:12,011 | INFO  | SCMAudit | user=jenkins1000 | ip=192.168.151.119 | op=SEND_HEARTBEAT {datanodeUUID=86933813-1e1e-464a-ae0f-2ef91831d02b, command=[]} | ret=SUCCESS |  
2019-09-20 09:37:12,429 | INFO  | SCMAudit | user=jenkins1000 | ip=192.168.151.119 | op=SEND_HEARTBEAT {datanodeUUID=ba1e65fe-7169-476d-a778-4df70d7cdd6e, command=[]} | ret=SUCCESS |  
2019-09-20 09:37:12,502 | INFO  | SCMAudit | user=jenkins1000 | ip=192.168.151.119 | op=SEND_HEARTBEAT {datanodeUUID=37b777df-de08-4da5-9630-325a3e0e88a6, command=[]} | ret=SUCCESS |  
2019-09-20 09:37:12,529 | INFO  | SCMAudit | user=jenkins1000 | ip=192.168.151.119 | op=SEND_HEARTBEAT {datanodeUUID=4d6fff4c-5cb6-40a3-b677-a76fbdc0054d, command=[]} | ret=SUCCESS |  
2019-09-20 09:37:12,540 | INFO  | SCMAudit | user=jenkins1000 | ip=192.168.151.119 | op=SEND_HEARTBEAT {datanodeUUID=d072c18a-1b53-41d5-bae5-b82be0790279, command=[]} | ret=SUCCESS |  
2019-09-20 09:37:12,626 | INFO  | SCMAudit | user=jenkins1000 | ip=192.168.151.119 | op=SEND_HEARTBEAT {datanodeUUID=10741cbd-d620-4a9b-9e67-51db8a2e0e6a, command=[]} | ret=SUCCESS |  
2019-09-20 09:37:12,866 | INFO  | SCMAudit | user=jenkins1000 | ip=192.168.151.119 | op=SEND_HEARTBEAT {datanodeUUID=d4fa05df-3099-4015-ad0e-4200365d2035, command=[]} | ret=SUCCESS |  
2019-09-20 09:37:13,012 | INFO  | SCMAudit | user=jenkins1000 | ip=192.168.151.119 | op=SEND_HEARTBEAT {datanodeUUID=86933813-1e1e-464a-ae0f-2ef91831d02b, command=[]} | ret=SUCCESS |  
2019-09-20 09:37:13,429 | INFO  | SCMAudit | user=jenkins1000 | ip=192.168.151.119 | op=SEND_HEARTBEAT {datanodeUUID=ba1e65fe-7169-476d-a778-4df70d7cdd6e, command=[]} | ret=SUCCESS |  
2019-09-20 09:37:13,503 | INFO  | SCMAudit | user=jenkins1000 | ip=192.168.151.119 | op=SEND_HEARTBEAT {datanodeUUID=37b777df-de08-4da5-9630-325a3e0e88a6, command=[]} | ret=SUCCESS |  
2019-09-20 09:37:13,528 | INFO  | SCMAudit | user=jenkins1000 | ip=192.168.151.119 | op=SEND_HEARTBEAT {datanodeUUID=4d6fff4c-5cb6-40a3-b677-a76fbdc0054d, command=[]} | ret=SUCCESS |  
2019-09-20 09:37:13,541 | INFO  | SCMAudit | user=jenkins1000 | ip=192.168.151.119 | op=SEND_HEARTBEAT {datanodeUUID=d072c18a-1b53-41d5-bae5-b82be0790279, command=[]} | ret=SUCCESS |  
2019-09-20 09:37:13,626 | INFO  | SCMAudit | user=jenkins1000 | ip=192.168.151.119 | op=SEND_HEARTBEAT {datanodeUUID=10741cbd-d620-4a9b-9e67-51db8a2e0e6a, command=[]} | ret=SUCCESS |  
2019-09-20 09:37:13,865 | INFO  | SCMAudit | user=jenkins1000 | ip=192.168.151.119 | op=SEND_HEARTBEAT {datanodeUUID=d4fa05df-3099-4015-ad0e-4200365d2035, command=[]} | ret=SUCCESS |  
2019-09-20 09:37:14,012 | INFO  | SCMAudit | user=jenkins1000 | ip=192.168.151.119 | op=SEND_HEARTBEAT {datanodeUUID=86933813-1e1e-464a-ae0f-2ef91831d02b, command=[]} | ret=SUCCESS |  
2019-09-20 09:37:14,430 | INFO  | SCMAudit | user=jenkins1000 | ip=192.168.151.119 | op=SEND_HEARTBEAT {datanodeUUID=ba1e65fe-7169-476d-a778-4df70d7cdd6e, command=[]} | ret=SUCCESS |  
2019-09-20 09:37:14,503 | INFO  | SCMAudit | user=jenkins1000 | ip=192.168.151.119 | op=SEND_HEARTBEAT {datanodeUUID=37b777df-de08-4da5-9630-325a3e0e88a6, command=[]} | ret=SUCCESS |  
2019-09-20 09:37:14,528 | INFO  | SCMAudit | user=jenkins1000 | ip=192.168.151.119 | op=SEND_HEARTBEAT {datanodeUUID=4d6fff4c-5cb6-40a3-b677-a76fbdc0054d, command=[]} | ret=SUCCESS |  
2019-09-20 09:37:14,541 | INFO  | SCMAudit | user=jenkins1000 | ip=192.168.151.119 | op=SEND_HEARTBEAT {datanodeUUID=d072c18a-1b53-41d5-bae5-b82be0790279, command=[]} | ret=SUCCESS |  
2019-09-20 09:37:14,626 | INFO  | SCMAudit | user=jenkins1000 | ip=192.168.151.119 | op=SEND_HEARTBEAT {datanodeUUID=10741cbd-d620-4a9b-9e67-51db8a2e0e6a, command=[]} | ret=SUCCESS |  
2019-09-20 09:37:14,865 | INFO  | SCMAudit | user=jenkins1000 | ip=192.168.151.119 | op=SEND_HEARTBEAT {datanodeUUID=d4fa05df-3099-4015-ad0e-4200365d2035, command=[]} | ret=SUCCESS |  
2019-09-20 09:37:15,011 | INFO  | SCMAudit | user=jenkins1000 | ip=192.168.151.119 | op=SEND_HEARTBEAT {datanodeUUID=86933813-1e1e-464a-ae0f-2ef91831d02b, command=[]} | ret=SUCCESS |  
2019-09-20 09:37:15,430 | INFO  | SCMAudit | user=jenkins1000 | ip=192.168.151.119 | op=SEND_HEARTBEAT {datanodeUUID=ba1e65fe-7169-476d-a778-4df70d7cdd6e, command=[]} | ret=SUCCESS |  
2019-09-20 09:37:15,503 | INFO  | SCMAudit | user=jenkins1000 | ip=192.168.151.119 | op=SEND_HEARTBEAT {datanodeUUID=37b777df-de08-4da5-9630-325a3e0e88a6, command=[]} | ret=SUCCESS |  
2019-09-20 09:37:15,528 | INFO  | SCMAudit | user=jenkins1000 | ip=192.168.151.119 | op=SEND_HEARTBEAT {datanodeUUID=4d6fff4c-5cb6-40a3-b677-a76fbdc0054d, command=[]} | ret=SUCCESS |  
2019-09-20 09:37:15,541 | INFO  | SCMAudit | user=jenkins1000 | ip=192.168.151.119 | op=SEND_HEARTBEAT {datanodeUUID=d072c18a-1b53-41d5-bae5-b82be0790279, command=[]} | ret=SUCCESS |  
2019-09-20 09:37:15,626 | INFO  | SCMAudit | user=jenkins1000 | ip=192.168.151.119 | op=SEND_HEARTBEAT {datanodeUUID=10741cbd-d620-4a9b-9e67-51db8a2e0e6a, command=[]} | ret=SUCCESS |  
2019-09-20 09:37:15,865 | INFO  | SCMAudit | user=jenkins1000 | ip=192.168.151.119 | op=SEND_HEARTBEAT {datanodeUUID=d4fa05df-3099-4015-ad0e-4200365d2035, command=[]} | ret=SUCCESS |  
2019-09-20 09:37:16,011 | INFO  | SCMAudit | user=jenkins1000 | ip=192.168.151.119 | op=SEND_HEARTBEAT {datanodeUUID=86933813-1e1e-464a-ae0f-2ef91831d02b, command=[]} | ret=SUCCESS |  
2019-09-20 09:37:16,414 [grpc-default-executor-0] INFO  client.GrpcClientProtocolClient (GrpcClientProtocolClient.java:onNext(255)) - client-05D5A58C38F8->4d6fff4c-5cb6-40a3-b677-a76fbdc0054d: receive RaftClientReply:client-05D5A58C38F8->4d6fff4c-5cb6-40a3-b677-a76fbdc0054d@group-13440712A48A, cid=45, FAILED org.apache.ratis.protocol.NotLeaderException: Server 4d6fff4c-5cb6-40a3-b677-a76fbdc0054d is not the leader (37b777df-de08-4da5-9630-325a3e0e88a6:192.168.151.119:35524). Request must be sent to leader., logIndex=0, commits[4d6fff4c-5cb6-40a3-b677-a76fbdc0054d:c8, d072c18a-1b53-41d5-bae5-b82be0790279:c8, 37b777df-de08-4da5-9630-325a3e0e88a6:c8]
2019-09-20 09:37:16,430 | INFO  | SCMAudit | user=jenkins1000 | ip=192.168.151.119 | op=SEND_HEARTBEAT {datanodeUUID=ba1e65fe-7169-476d-a778-4df70d7cdd6e, command=[]} | ret=SUCCESS |  
2019-09-20 09:37:16,503 | INFO  | SCMAudit | user=jenkins1000 | ip=192.168.151.119 | op=SEND_HEARTBEAT {datanodeUUID=37b777df-de08-4da5-9630-325a3e0e88a6, command=[]} | ret=SUCCESS |  
2019-09-20 09:37:16,528 | INFO  | SCMAudit | user=jenkins1000 | ip=192.168.151.119 | op=SEND_HEARTBEAT {datanodeUUID=4d6fff4c-5cb6-40a3-b677-a76fbdc0054d, command=[]} | ret=SUCCESS |  
2019-09-20 09:37:16,541 | INFO  | SCMAudit | user=jenkins1000 | ip=192.168.151.119 | op=SEND_HEARTBEAT {datanodeUUID=d072c18a-1b53-41d5-bae5-b82be0790279, command=[]} | ret=SUCCESS |  
2019-09-20 09:37:16,626 | INFO  | SCMAudit | user=jenkins1000 | ip=192.168.151.119 | op=SEND_HEARTBEAT {datanodeUUID=10741cbd-d620-4a9b-9e67-51db8a2e0e6a, command=[]} | ret=SUCCESS |  
2019-09-20 09:37:16,866 | INFO  | SCMAudit | user=jenkins1000 | ip=192.168.151.119 | op=SEND_HEARTBEAT {datanodeUUID=d4fa05df-3099-4015-ad0e-4200365d2035, command=[]} | ret=SUCCESS |  
2019-09-20 09:37:17,011 | INFO  | SCMAudit | user=jenkins1000 | ip=192.168.151.119 | op=SEND_HEARTBEAT {datanodeUUID=86933813-1e1e-464a-ae0f-2ef91831d02b, command=[]} | ret=SUCCESS |  
2019-09-20 09:37:17,430 | INFO  | SCMAudit | user=jenkins1000 | ip=192.168.151.119 | op=SEND_HEARTBEAT {datanodeUUID=ba1e65fe-7169-476d-a778-4df70d7cdd6e, command=[]} | ret=SUCCESS |  
2019-09-20 09:37:17,504 | INFO  | SCMAudit | user=jenkins1000 | ip=192.168.151.119 | op=SEND_HEARTBEAT {datanodeUUID=37b777df-de08-4da5-9630-325a3e0e88a6, command=[]} | ret=SUCCESS |  
2019-09-20 09:37:17,528 | INFO  | SCMAudit | user=jenkins1000 | ip=192.168.151.119 | op=SEND_HEARTBEAT {datanodeUUID=4d6fff4c-5cb6-40a3-b677-a76fbdc0054d, command=[]} | ret=SUCCESS |  
2019-09-20 09:37:17,541 | INFO  | SCMAudit | user=jenkins1000 | ip=192.168.151.119 | op=SEND_HEARTBEAT {datanodeUUID=d072c18a-1b53-41d5-bae5-b82be0790279, command=[]} | ret=SUCCESS |  
2019-09-20 09:37:17,626 | INFO  | SCMAudit | user=jenkins1000 | ip=192.168.151.119 | op=SEND_HEARTBEAT {datanodeUUID=10741cbd-d620-4a9b-9e67-51db8a2e0e6a, command=[]} | ret=SUCCESS |  
2019-09-20 09:37:17,866 | INFO  | SCMAudit | user=jenkins1000 | ip=192.168.151.119 | op=SEND_HEARTBEAT {datanodeUUID=d4fa05df-3099-4015-ad0e-4200365d2035, command=[]} | ret=SUCCESS |  
2019-09-20 09:37:18,012 | INFO  | SCMAudit | user=jenkins1000 | ip=192.168.151.119 | op=SEND_HEARTBEAT {datanodeUUID=86933813-1e1e-464a-ae0f-2ef91831d02b, command=[]} | ret=SUCCESS |  
2019-09-20 09:37:18,430 | INFO  | SCMAudit | user=jenkins1000 | ip=192.168.151.119 | op=SEND_HEARTBEAT {datanodeUUID=ba1e65fe-7169-476d-a778-4df70d7cdd6e, command=[]} | ret=SUCCESS |  
2019-09-20 09:37:18,504 | INFO  | SCMAudit | user=jenkins1000 | ip=192.168.151.119 | op=SEND_HEARTBEAT {datanodeUUID=37b777df-de08-4da5-9630-325a3e0e88a6, command=[]} | ret=SUCCESS |  
2019-09-20 09:37:18,529 | INFO  | SCMAudit | user=jenkins1000 | ip=192.168.151.119 | op=SEND_HEARTBEAT {datanodeUUID=4d6fff4c-5cb6-40a3-b677-a76fbdc0054d, command=[]} | ret=SUCCESS |  
2019-09-20 09:37:18,541 | INFO  | SCMAudit | user=jenkins1000 | ip=192.168.151.119 | op=SEND_HEARTBEAT {datanodeUUID=d072c18a-1b53-41d5-bae5-b82be0790279, command=[]} | ret=SUCCESS |  
2019-09-20 09:37:18,626 | INFO  | SCMAudit | user=jenkins1000 | ip=192.168.151.119 | op=SEND_HEARTBEAT {datanodeUUID=10741cbd-d620-4a9b-9e67-51db8a2e0e6a, command=[]} | ret=SUCCESS |  
2019-09-20 09:37:18,865 | INFO  | SCMAudit | user=jenkins1000 | ip=192.168.151.119 | op=SEND_HEARTBEAT {datanodeUUID=d4fa05df-3099-4015-ad0e-4200365d2035, command=[]} | ret=SUCCESS |  
2019-09-20 09:37:19,012 | INFO  | SCMAudit | user=jenkins1000 | ip=192.168.151.119 | op=SEND_HEARTBEAT {datanodeUUID=86933813-1e1e-464a-ae0f-2ef91831d02b, command=[]} | ret=SUCCESS |  
2019-09-20 09:37:19,430 | INFO  | SCMAudit | user=jenkins1000 | ip=192.168.151.119 | op=SEND_HEARTBEAT {datanodeUUID=ba1e65fe-7169-476d-a778-4df70d7cdd6e, command=[]} | ret=SUCCESS |  
2019-09-20 09:37:19,504 | INFO  | SCMAudit | user=jenkins1000 | ip=192.168.151.119 | op=SEND_HEARTBEAT {datanodeUUID=37b777df-de08-4da5-9630-325a3e0e88a6, command=[]} | ret=SUCCESS |  
2019-09-20 09:37:19,529 | INFO  | SCMAudit | user=jenkins1000 | ip=192.168.151.119 | op=SEND_HEARTBEAT {datanodeUUID=4d6fff4c-5cb6-40a3-b677-a76fbdc0054d, command=[]} | ret=SUCCESS |  
2019-09-20 09:37:19,541 | INFO  | SCMAudit | user=jenkins1000 | ip=192.168.151.119 | op=SEND_HEARTBEAT {datanodeUUID=d072c18a-1b53-41d5-bae5-b82be0790279, command=[]} | ret=SUCCESS |  
2019-09-20 09:37:19,626 | INFO  | SCMAudit | user=jenkins1000 | ip=192.168.151.119 | op=SEND_HEARTBEAT {datanodeUUID=10741cbd-d620-4a9b-9e67-51db8a2e0e6a, command=[]} | ret=SUCCESS |  
2019-09-20 09:37:19,866 | INFO  | SCMAudit | user=jenkins1000 | ip=192.168.151.119 | op=SEND_HEARTBEAT {datanodeUUID=d4fa05df-3099-4015-ad0e-4200365d2035, command=[]} | ret=SUCCESS |  
2019-09-20 09:37:20,012 | INFO  | SCMAudit | user=jenkins1000 | ip=192.168.151.119 | op=SEND_HEARTBEAT {datanodeUUID=86933813-1e1e-464a-ae0f-2ef91831d02b, command=[]} | ret=SUCCESS |  
2019-09-20 09:37:20,436 | INFO  | SCMAudit | user=jenkins1000 | ip=192.168.151.119 | op=SEND_HEARTBEAT {datanodeUUID=ba1e65fe-7169-476d-a778-4df70d7cdd6e, command=[]} | ret=SUCCESS |  
2019-09-20 09:37:20,505 | INFO  | SCMAudit | user=jenkins1000 | ip=192.168.151.119 | op=SEND_HEARTBEAT {datanodeUUID=37b777df-de08-4da5-9630-325a3e0e88a6, command=[]} | ret=SUCCESS |  
2019-09-20 09:37:20,528 | INFO  | SCMAudit | user=jenkins1000 | ip=192.168.151.119 | op=SEND_HEARTBEAT {datanodeUUID=4d6fff4c-5cb6-40a3-b677-a76fbdc0054d, command=[]} | ret=SUCCESS |  
2019-09-20 09:37:20,541 | INFO  | SCMAudit | user=jenkins1000 | ip=192.168.151.119 | op=SEND_HEARTBEAT {datanodeUUID=d072c18a-1b53-41d5-bae5-b82be0790279, command=[]} | ret=SUCCESS |  
2019-09-20 09:37:20,627 | INFO  | SCMAudit | user=jenkins1000 | ip=192.168.151.119 | op=SEND_HEARTBEAT {datanodeUUID=10741cbd-d620-4a9b-9e67-51db8a2e0e6a, command=[]} | ret=SUCCESS |  
2019-09-20 09:37:20,866 | INFO  | SCMAudit | user=jenkins1000 | ip=192.168.151.119 | op=SEND_HEARTBEAT {datanodeUUID=d4fa05df-3099-4015-ad0e-4200365d2035, command=[]} | ret=SUCCESS |  
2019-09-20 09:37:21,012 | INFO  | SCMAudit | user=jenkins1000 | ip=192.168.151.119 | op=SEND_HEARTBEAT {datanodeUUID=86933813-1e1e-464a-ae0f-2ef91831d02b, command=[]} | ret=SUCCESS |  
2019-09-20 09:37:21,432 | INFO  | SCMAudit | user=jenkins1000 | ip=192.168.151.119 | op=SEND_HEARTBEAT {datanodeUUID=ba1e65fe-7169-476d-a778-4df70d7cdd6e, command=[]} | ret=SUCCESS |  
2019-09-20 09:37:21,455 [grpc-default-executor-0] INFO  client.GrpcClientProtocolClient (GrpcClientProtocolClient.java:onNext(255)) - client-05D5A58C38F8->4d6fff4c-5cb6-40a3-b677-a76fbdc0054d: receive RaftClientReply:client-05D5A58C38F8->4d6fff4c-5cb6-40a3-b677-a76fbdc0054d@group-13440712A48A, cid=45, FAILED org.apache.ratis.protocol.NotLeaderException: Server 4d6fff4c-5cb6-40a3-b677-a76fbdc0054d is not the leader (37b777df-de08-4da5-9630-325a3e0e88a6:192.168.151.119:35524). Request must be sent to leader., logIndex=0, commits[4d6fff4c-5cb6-40a3-b677-a76fbdc0054d:c8, d072c18a-1b53-41d5-bae5-b82be0790279:c8, 37b777df-de08-4da5-9630-325a3e0e88a6:c8]
2019-09-20 09:37:21,505 | INFO  | SCMAudit | user=jenkins1000 | ip=192.168.151.119 | op=SEND_HEARTBEAT {datanodeUUID=37b777df-de08-4da5-9630-325a3e0e88a6, command=[]} | ret=SUCCESS |  
2019-09-20 09:37:21,528 | INFO  | SCMAudit | user=jenkins1000 | ip=192.168.151.119 | op=SEND_HEARTBEAT {datanodeUUID=4d6fff4c-5cb6-40a3-b677-a76fbdc0054d, command=[]} | ret=SUCCESS |  
2019-09-20 09:37:21,541 | INFO  | SCMAudit | user=jenkins1000 | ip=192.168.151.119 | op=SEND_HEARTBEAT {datanodeUUID=d072c18a-1b53-41d5-bae5-b82be0790279, command=[]} | ret=SUCCESS |  
2019-09-20 09:37:21,627 | INFO  | SCMAudit | user=jenkins1000 | ip=192.168.151.119 | op=SEND_HEARTBEAT {datanodeUUID=10741cbd-d620-4a9b-9e67-51db8a2e0e6a, command=[]} | ret=SUCCESS |  
2019-09-20 09:37:21,866 | INFO  | SCMAudit | user=jenkins1000 | ip=192.168.151.119 | op=SEND_HEARTBEAT {datanodeUUID=d4fa05df-3099-4015-ad0e-4200365d2035, command=[]} | ret=SUCCESS |  
2019-09-20 09:37:22,012 | INFO  | SCMAudit | user=jenkins1000 | ip=192.168.151.119 | op=SEND_HEARTBEAT {datanodeUUID=86933813-1e1e-464a-ae0f-2ef91831d02b, command=[]} | ret=SUCCESS |  
2019-09-20 09:37:22,432 | INFO  | SCMAudit | user=jenkins1000 | ip=192.168.151.119 | op=SEND_HEARTBEAT {datanodeUUID=ba1e65fe-7169-476d-a778-4df70d7cdd6e, command=[]} | ret=SUCCESS |  
2019-09-20 09:37:22,505 | INFO  | SCMAudit | user=jenkins1000 | ip=192.168.151.119 | op=SEND_HEARTBEAT {datanodeUUID=37b777df-de08-4da5-9630-325a3e0e88a6, command=[]} | ret=SUCCESS |  
2019-09-20 09:37:22,528 | INFO  | SCMAudit | user=jenkins1000 | ip=192.168.151.119 | op=SEND_HEARTBEAT {datanodeUUID=4d6fff4c-5cb6-40a3-b677-a76fbdc0054d, command=[]} | ret=SUCCESS |  
2019-09-20 09:37:22,541 | INFO  | SCMAudit | user=jenkins1000 | ip=192.168.151.119 | op=SEND_HEARTBEAT {datanodeUUID=d072c18a-1b53-41d5-bae5-b82be0790279, command=[]} | ret=SUCCESS |  
2019-09-20 09:37:22,627 | INFO  | SCMAudit | user=jenkins1000 | ip=192.168.151.119 | op=SEND_HEARTBEAT {datanodeUUID=10741cbd-d620-4a9b-9e67-51db8a2e0e6a, command=[]} | ret=SUCCESS |  
2019-09-20 09:37:22,867 | INFO  | SCMAudit | user=jenkins1000 | ip=192.168.151.119 | op=SEND_HEARTBEAT {datanodeUUID=d4fa05df-3099-4015-ad0e-4200365d2035, command=[]} | ret=SUCCESS |  
2019-09-20 09:37:23,012 | INFO  | SCMAudit | user=jenkins1000 | ip=192.168.151.119 | op=SEND_HEARTBEAT {datanodeUUID=86933813-1e1e-464a-ae0f-2ef91831d02b, command=[]} | ret=SUCCESS |  
2019-09-20 09:37:23,433 | INFO  | SCMAudit | user=jenkins1000 | ip=192.168.151.119 | op=SEND_HEARTBEAT {datanodeUUID=ba1e65fe-7169-476d-a778-4df70d7cdd6e, command=[]} | ret=SUCCESS |  
2019-09-20 09:37:23,506 | INFO  | SCMAudit | user=jenkins1000 | ip=192.168.151.119 | op=SEND_HEARTBEAT {datanodeUUID=37b777df-de08-4da5-9630-325a3e0e88a6, command=[]} | ret=SUCCESS |  
2019-09-20 09:37:23,528 | INFO  | SCMAudit | user=jenkins1000 | ip=192.168.151.119 | op=SEND_HEARTBEAT {datanodeUUID=4d6fff4c-5cb6-40a3-b677-a76fbdc0054d, command=[]} | ret=SUCCESS |  
2019-09-20 09:37:23,541 | INFO  | SCMAudit | user=jenkins1000 | ip=192.168.151.119 | op=SEND_HEARTBEAT {datanodeUUID=d072c18a-1b53-41d5-bae5-b82be0790279, command=[]} | ret=SUCCESS |  
2019-09-20 09:37:23,627 | INFO  | SCMAudit | user=jenkins1000 | ip=192.168.151.119 | op=SEND_HEARTBEAT {datanodeUUID=10741cbd-d620-4a9b-9e67-51db8a2e0e6a, command=[]} | ret=SUCCESS |  
2019-09-20 09:37:23,867 | INFO  | SCMAudit | user=jenkins1000 | ip=192.168.151.119 | op=SEND_HEARTBEAT {datanodeUUID=d4fa05df-3099-4015-ad0e-4200365d2035, command=[]} | ret=SUCCESS |  
2019-09-20 09:37:24,013 | INFO  | SCMAudit | user=jenkins1000 | ip=192.168.151.119 | op=SEND_HEARTBEAT {datanodeUUID=86933813-1e1e-464a-ae0f-2ef91831d02b, command=[]} | ret=SUCCESS |  
2019-09-20 09:37:24,432 | INFO  | SCMAudit | user=jenkins1000 | ip=192.168.151.119 | op=SEND_HEARTBEAT {datanodeUUID=ba1e65fe-7169-476d-a778-4df70d7cdd6e, command=[]} | ret=SUCCESS |  
2019-09-20 09:37:24,506 | INFO  | SCMAudit | user=jenkins1000 | ip=192.168.151.119 | op=SEND_HEARTBEAT {datanodeUUID=37b777df-de08-4da5-9630-325a3e0e88a6, command=[]} | ret=SUCCESS |  
2019-09-20 09:37:24,528 | INFO  | SCMAudit | user=jenkins1000 | ip=192.168.151.119 | op=SEND_HEARTBEAT {datanodeUUID=4d6fff4c-5cb6-40a3-b677-a76fbdc0054d, command=[]} | ret=SUCCESS |  
2019-09-20 09:37:24,541 | INFO  | SCMAudit | user=jenkins1000 | ip=192.168.151.119 | op=SEND_HEARTBEAT {datanodeUUID=d072c18a-1b53-41d5-bae5-b82be0790279, command=[]} | ret=SUCCESS |  
2019-09-20 09:37:24,627 | INFO  | SCMAudit | user=jenkins1000 | ip=192.168.151.119 | op=SEND_HEARTBEAT {datanodeUUID=10741cbd-d620-4a9b-9e67-51db8a2e0e6a, command=[]} | ret=SUCCESS |  
2019-09-20 09:37:24,867 | INFO  | SCMAudit | user=jenkins1000 | ip=192.168.151.119 | op=SEND_HEARTBEAT {datanodeUUID=d4fa05df-3099-4015-ad0e-4200365d2035, command=[]} | ret=SUCCESS |  
2019-09-20 09:37:25,013 | INFO  | SCMAudit | user=jenkins1000 | ip=192.168.151.119 | op=SEND_HEARTBEAT {datanodeUUID=86933813-1e1e-464a-ae0f-2ef91831d02b, command=[]} | ret=SUCCESS |  
2019-09-20 09:37:25,433 | INFO  | SCMAudit | user=jenkins1000 | ip=192.168.151.119 | op=SEND_HEARTBEAT {datanodeUUID=ba1e65fe-7169-476d-a778-4df70d7cdd6e, command=[]} | ret=SUCCESS |  
2019-09-20 09:37:25,506 | INFO  | SCMAudit | user=jenkins1000 | ip=192.168.151.119 | op=SEND_HEARTBEAT {datanodeUUID=37b777df-de08-4da5-9630-325a3e0e88a6, command=[]} | ret=SUCCESS |  
2019-09-20 09:37:25,528 | INFO  | SCMAudit | user=jenkins1000 | ip=192.168.151.119 | op=SEND_HEARTBEAT {datanodeUUID=4d6fff4c-5cb6-40a3-b677-a76fbdc0054d, command=[]} | ret=SUCCESS |  
2019-09-20 09:37:25,542 | INFO  | SCMAudit | user=jenkins1000 | ip=192.168.151.119 | op=SEND_HEARTBEAT {datanodeUUID=d072c18a-1b53-41d5-bae5-b82be0790279, command=[]} | ret=SUCCESS |  
2019-09-20 09:37:25,627 | INFO  | SCMAudit | user=jenkins1000 | ip=192.168.151.119 | op=SEND_HEARTBEAT {datanodeUUID=10741cbd-d620-4a9b-9e67-51db8a2e0e6a, command=[]} | ret=SUCCESS |  
2019-09-20 09:37:25,867 | INFO  | SCMAudit | user=jenkins1000 | ip=192.168.151.119 | op=SEND_HEARTBEAT {datanodeUUID=d4fa05df-3099-4015-ad0e-4200365d2035, command=[]} | ret=SUCCESS |  
2019-09-20 09:37:26,013 | INFO  | SCMAudit | user=jenkins1000 | ip=192.168.151.119 | op=SEND_HEARTBEAT {datanodeUUID=86933813-1e1e-464a-ae0f-2ef91831d02b, command=[]} | ret=SUCCESS |  
2019-09-20 09:37:26,433 | INFO  | SCMAudit | user=jenkins1000 | ip=192.168.151.119 | op=SEND_HEARTBEAT {datanodeUUID=ba1e65fe-7169-476d-a778-4df70d7cdd6e, command=[]} | ret=SUCCESS |  
2019-09-20 09:37:26,484 [grpc-default-executor-13] INFO  client.GrpcClientProtocolClient (GrpcClientProtocolClient.java:onNext(255)) - client-05D5A58C38F8->4d6fff4c-5cb6-40a3-b677-a76fbdc0054d: receive RaftClientReply:client-05D5A58C38F8->4d6fff4c-5cb6-40a3-b677-a76fbdc0054d@group-13440712A48A, cid=45, FAILED org.apache.ratis.protocol.NotLeaderException: Server 4d6fff4c-5cb6-40a3-b677-a76fbdc0054d is not the leader (37b777df-de08-4da5-9630-325a3e0e88a6:192.168.151.119:35524). Request must be sent to leader., logIndex=0, commits[4d6fff4c-5cb6-40a3-b677-a76fbdc0054d:c8, d072c18a-1b53-41d5-bae5-b82be0790279:c8, 37b777df-de08-4da5-9630-325a3e0e88a6:c8]
2019-09-20 09:37:26,506 | INFO  | SCMAudit | user=jenkins1000 | ip=192.168.151.119 | op=SEND_HEARTBEAT {datanodeUUID=37b777df-de08-4da5-9630-325a3e0e88a6, command=[]} | ret=SUCCESS |  
2019-09-20 09:37:26,529 | INFO  | SCMAudit | user=jenkins1000 | ip=192.168.151.119 | op=SEND_HEARTBEAT {datanodeUUID=4d6fff4c-5cb6-40a3-b677-a76fbdc0054d, command=[]} | ret=SUCCESS |  
2019-09-20 09:37:26,543 | INFO  | SCMAudit | user=jenkins1000 | ip=192.168.151.119 | op=SEND_HEARTBEAT {datanodeUUID=d072c18a-1b53-41d5-bae5-b82be0790279, command=[]} | ret=SUCCESS |  
2019-09-20 09:37:26,627 | INFO  | SCMAudit | user=jenkins1000 | ip=192.168.151.119 | op=SEND_HEARTBEAT {datanodeUUID=10741cbd-d620-4a9b-9e67-51db8a2e0e6a, command=[]} | ret=SUCCESS |  
2019-09-20 09:37:26,867 | INFO  | SCMAudit | user=jenkins1000 | ip=192.168.151.119 | op=SEND_HEARTBEAT {datanodeUUID=d4fa05df-3099-4015-ad0e-4200365d2035, command=[]} | ret=SUCCESS |  
2019-09-20 09:37:27,013 | INFO  | SCMAudit | user=jenkins1000 | ip=192.168.151.119 | op=SEND_HEARTBEAT {datanodeUUID=86933813-1e1e-464a-ae0f-2ef91831d02b, command=[]} | ret=SUCCESS |  
2019-09-20 09:37:27,433 | INFO  | SCMAudit | user=jenkins1000 | ip=192.168.151.119 | op=SEND_HEARTBEAT {datanodeUUID=ba1e65fe-7169-476d-a778-4df70d7cdd6e, command=[]} | ret=SUCCESS |  
2019-09-20 09:37:27,506 | INFO  | SCMAudit | user=jenkins1000 | ip=192.168.151.119 | op=SEND_HEARTBEAT {datanodeUUID=37b777df-de08-4da5-9630-325a3e0e88a6, command=[]} | ret=SUCCESS |  
2019-09-20 09:37:27,529 | INFO  | SCMAudit | user=jenkins1000 | ip=192.168.151.119 | op=SEND_HEARTBEAT {datanodeUUID=4d6fff4c-5cb6-40a3-b677-a76fbdc0054d, command=[]} | ret=SUCCESS |  
2019-09-20 09:37:27,543 | INFO  | SCMAudit | user=jenkins1000 | ip=192.168.151.119 | op=SEND_HEARTBEAT {datanodeUUID=d072c18a-1b53-41d5-bae5-b82be0790279, command=[]} | ret=SUCCESS |  
2019-09-20 09:37:27,627 | INFO  | SCMAudit | user=jenkins1000 | ip=192.168.151.119 | op=SEND_HEARTBEAT {datanodeUUID=10741cbd-d620-4a9b-9e67-51db8a2e0e6a, command=[]} | ret=SUCCESS |  
2019-09-20 09:37:27,867 | INFO  | SCMAudit | user=jenkins1000 | ip=192.168.151.119 | op=SEND_HEARTBEAT {datanodeUUID=d4fa05df-3099-4015-ad0e-4200365d2035, command=[]} | ret=SUCCESS |  
2019-09-20 09:37:28,013 | INFO  | SCMAudit | user=jenkins1000 | ip=192.168.151.119 | op=SEND_HEARTBEAT {datanodeUUID=86933813-1e1e-464a-ae0f-2ef91831d02b, command=[]} | ret=SUCCESS |  
2019-09-20 09:37:28,434 | INFO  | SCMAudit | user=jenkins1000 | ip=192.168.151.119 | op=SEND_HEARTBEAT {datanodeUUID=ba1e65fe-7169-476d-a778-4df70d7cdd6e, command=[]} | ret=SUCCESS |  
2019-09-20 09:37:28,505 | INFO  | SCMAudit | user=jenkins1000 | ip=192.168.151.119 | op=SEND_HEARTBEAT {datanodeUUID=37b777df-de08-4da5-9630-325a3e0e88a6, command=[]} | ret=SUCCESS |  
2019-09-20 09:37:28,529 | INFO  | SCMAudit | user=jenkins1000 | ip=192.168.151.119 | op=SEND_HEARTBEAT {datanodeUUID=4d6fff4c-5cb6-40a3-b677-a76fbdc0054d, command=[]} | ret=SUCCESS |  
2019-09-20 09:37:28,543 | INFO  | SCMAudit | user=jenkins1000 | ip=192.168.151.119 | op=SEND_HEARTBEAT {datanodeUUID=d072c18a-1b53-41d5-bae5-b82be0790279, command=[]} | ret=SUCCESS |  
2019-09-20 09:37:28,627 | INFO  | SCMAudit | user=jenkins1000 | ip=192.168.151.119 | op=SEND_HEARTBEAT {datanodeUUID=10741cbd-d620-4a9b-9e67-51db8a2e0e6a, command=[]} | ret=SUCCESS |  
2019-09-20 09:37:28,867 | INFO  | SCMAudit | user=jenkins1000 | ip=192.168.151.119 | op=SEND_HEARTBEAT {datanodeUUID=d4fa05df-3099-4015-ad0e-4200365d2035, command=[]} | ret=SUCCESS |  
2019-09-20 09:37:29,013 | INFO  | SCMAudit | user=jenkins1000 | ip=192.168.151.119 | op=SEND_HEARTBEAT {datanodeUUID=86933813-1e1e-464a-ae0f-2ef91831d02b, command=[]} | ret=SUCCESS |  
2019-09-20 09:37:29,434 | INFO  | SCMAudit | user=jenkins1000 | ip=192.168.151.119 | op=SEND_HEARTBEAT {datanodeUUID=ba1e65fe-7169-476d-a778-4df70d7cdd6e, command=[]} | ret=SUCCESS |  
2019-09-20 09:37:29,505 | INFO  | SCMAudit | user=jenkins1000 | ip=192.168.151.119 | op=SEND_HEARTBEAT {datanodeUUID=37b777df-de08-4da5-9630-325a3e0e88a6, command=[]} | ret=SUCCESS |  
2019-09-20 09:37:29,530 | INFO  | SCMAudit | user=jenkins1000 | ip=192.168.151.119 | op=SEND_HEARTBEAT {datanodeUUID=4d6fff4c-5cb6-40a3-b677-a76fbdc0054d, command=[]} | ret=SUCCESS |  
2019-09-20 09:37:29,543 | INFO  | SCMAudit | user=jenkins1000 | ip=192.168.151.119 | op=SEND_HEARTBEAT {datanodeUUID=d072c18a-1b53-41d5-bae5-b82be0790279, command=[]} | ret=SUCCESS |  
2019-09-20 09:37:29,627 | INFO  | SCMAudit | user=jenkins1000 | ip=192.168.151.119 | op=SEND_HEARTBEAT {datanodeUUID=10741cbd-d620-4a9b-9e67-51db8a2e0e6a, command=[]} | ret=SUCCESS |  
2019-09-20 09:37:29,868 | INFO  | SCMAudit | user=jenkins1000 | ip=192.168.151.119 | op=SEND_HEARTBEAT {datanodeUUID=d4fa05df-3099-4015-ad0e-4200365d2035, command=[]} | ret=SUCCESS |  
2019-09-20 09:37:30,013 | INFO  | SCMAudit | user=jenkins1000 | ip=192.168.151.119 | op=SEND_HEARTBEAT {datanodeUUID=86933813-1e1e-464a-ae0f-2ef91831d02b, command=[]} | ret=SUCCESS |  
2019-09-20 09:37:30,435 | INFO  | SCMAudit | user=jenkins1000 | ip=192.168.151.119 | op=SEND_HEARTBEAT {datanodeUUID=ba1e65fe-7169-476d-a778-4df70d7cdd6e, command=[]} | ret=SUCCESS |  
2019-09-20 09:37:30,518 | INFO  | SCMAudit | user=jenkins1000 | ip=192.168.151.119 | op=SEND_HEARTBEAT {datanodeUUID=37b777df-de08-4da5-9630-325a3e0e88a6, command=[]} | ret=SUCCESS |  
2019-09-20 09:37:30,531 | INFO  | SCMAudit | user=jenkins1000 | ip=192.168.151.119 | op=SEND_HEARTBEAT {datanodeUUID=4d6fff4c-5cb6-40a3-b677-a76fbdc0054d, command=[]} | ret=SUCCESS |  
2019-09-20 09:37:30,543 | INFO  | SCMAudit | user=jenkins1000 | ip=192.168.151.119 | op=SEND_HEARTBEAT {datanodeUUID=d072c18a-1b53-41d5-bae5-b82be0790279, command=[]} | ret=SUCCESS |  
2019-09-20 09:37:30,628 | INFO  | SCMAudit | user=jenkins1000 | ip=192.168.151.119 | op=SEND_HEARTBEAT {datanodeUUID=10741cbd-d620-4a9b-9e67-51db8a2e0e6a, command=[]} | ret=SUCCESS |  
2019-09-20 09:37:30,868 | INFO  | SCMAudit | user=jenkins1000 | ip=192.168.151.119 | op=SEND_HEARTBEAT {datanodeUUID=d4fa05df-3099-4015-ad0e-4200365d2035, command=[]} | ret=SUCCESS |  
2019-09-20 09:37:31,013 | INFO  | SCMAudit | user=jenkins1000 | ip=192.168.151.119 | op=SEND_HEARTBEAT {datanodeUUID=86933813-1e1e-464a-ae0f-2ef91831d02b, command=[]} | ret=SUCCESS |  
2019-09-20 09:37:31,435 | INFO  | SCMAudit | user=jenkins1000 | ip=192.168.151.119 | op=SEND_HEARTBEAT {datanodeUUID=ba1e65fe-7169-476d-a778-4df70d7cdd6e, command=[]} | ret=SUCCESS |  
2019-09-20 09:37:31,506 | INFO  | SCMAudit | user=jenkins1000 | ip=192.168.151.119 | op=SEND_HEARTBEAT {datanodeUUID=37b777df-de08-4da5-9630-325a3e0e88a6, command=[]} | ret=SUCCESS |  
2019-09-20 09:37:31,527 [grpc-default-executor-13] INFO  client.GrpcClientProtocolClient (GrpcClientProtocolClient.java:onNext(255)) - client-05D5A58C38F8->4d6fff4c-5cb6-40a3-b677-a76fbdc0054d: receive RaftClientReply:client-05D5A58C38F8->4d6fff4c-5cb6-40a3-b677-a76fbdc0054d@group-13440712A48A, cid=45, FAILED org.apache.ratis.protocol.NotLeaderException: Server 4d6fff4c-5cb6-40a3-b677-a76fbdc0054d is not the leader (37b777df-de08-4da5-9630-325a3e0e88a6:192.168.151.119:35524). Request must be sent to leader., logIndex=0, commits[4d6fff4c-5cb6-40a3-b677-a76fbdc0054d:c8, d072c18a-1b53-41d5-bae5-b82be0790279:c8, 37b777df-de08-4da5-9630-325a3e0e88a6:c8]
2019-09-20 09:37:31,536 | INFO  | SCMAudit | user=jenkins1000 | ip=192.168.151.119 | op=SEND_HEARTBEAT {datanodeUUID=4d6fff4c-5cb6-40a3-b677-a76fbdc0054d, command=[]} | ret=SUCCESS |  
2019-09-20 09:37:31,543 | INFO  | SCMAudit | user=jenkins1000 | ip=192.168.151.119 | op=SEND_HEARTBEAT {datanodeUUID=d072c18a-1b53-41d5-bae5-b82be0790279, command=[]} | ret=SUCCESS |  
2019-09-20 09:37:31,628 | INFO  | SCMAudit | user=jenkins1000 | ip=192.168.151.119 | op=SEND_HEARTBEAT {datanodeUUID=10741cbd-d620-4a9b-9e67-51db8a2e0e6a, command=[]} | ret=SUCCESS |  
2019-09-20 09:37:31,868 | INFO  | SCMAudit | user=jenkins1000 | ip=192.168.151.119 | op=SEND_HEARTBEAT {datanodeUUID=d4fa05df-3099-4015-ad0e-4200365d2035, command=[]} | ret=SUCCESS |  
2019-09-20 09:37:32,013 | INFO  | SCMAudit | user=jenkins1000 | ip=192.168.151.119 | op=SEND_HEARTBEAT {datanodeUUID=86933813-1e1e-464a-ae0f-2ef91831d02b, command=[]} | ret=SUCCESS |  
2019-09-20 09:37:32,435 | INFO  | SCMAudit | user=jenkins1000 | ip=192.168.151.119 | op=SEND_HEARTBEAT {datanodeUUID=ba1e65fe-7169-476d-a778-4df70d7cdd6e, command=[]} | ret=SUCCESS |  
2019-09-20 09:37:32,506 | INFO  | SCMAudit | user=jenkins1000 | ip=192.168.151.119 | op=SEND_HEARTBEAT {datanodeUUID=37b777df-de08-4da5-9630-325a3e0e88a6, command=[]} | ret=SUCCESS |  
2019-09-20 09:37:32,533 | INFO  | SCMAudit | user=jenkins1000 | ip=192.168.151.119 | op=SEND_HEARTBEAT {datanodeUUID=4d6fff4c-5cb6-40a3-b677-a76fbdc0054d, command=[]} | ret=SUCCESS |  
2019-09-20 09:37:32,544 | INFO  | SCMAudit | user=jenkins1000 | ip=192.168.151.119 | op=SEND_HEARTBEAT {datanodeUUID=d072c18a-1b53-41d5-bae5-b82be0790279, command=[]} | ret=SUCCESS |  
2019-09-20 09:37:32,629 | INFO  | SCMAudit | user=jenkins1000 | ip=192.168.151.119 | op=SEND_HEARTBEAT {datanodeUUID=10741cbd-d620-4a9b-9e67-51db8a2e0e6a, command=[]} | ret=SUCCESS |  
2019-09-20 09:37:32,868 | INFO  | SCMAudit | user=jenkins1000 | ip=192.168.151.119 | op=SEND_HEARTBEAT {datanodeUUID=d4fa05df-3099-4015-ad0e-4200365d2035, command=[]} | ret=SUCCESS |  
2019-09-20 09:37:33,014 | INFO  | SCMAudit | user=jenkins1000 | ip=192.168.151.119 | op=SEND_HEARTBEAT {datanodeUUID=86933813-1e1e-464a-ae0f-2ef91831d02b, command=[]} | ret=SUCCESS |  
2019-09-20 09:37:33,436 | INFO  | SCMAudit | user=jenkins1000 | ip=192.168.151.119 | op=SEND_HEARTBEAT {datanodeUUID=ba1e65fe-7169-476d-a778-4df70d7cdd6e, command=[]} | ret=SUCCESS |  
2019-09-20 09:37:33,506 | INFO  | SCMAudit | user=jenkins1000 | ip=192.168.151.119 | op=SEND_HEARTBEAT {datanodeUUID=37b777df-de08-4da5-9630-325a3e0e88a6, command=[]} | ret=SUCCESS |  
2019-09-20 09:37:33,533 | INFO  | SCMAudit | user=jenkins1000 | ip=192.168.151.119 | op=SEND_HEARTBEAT {datanodeUUID=4d6fff4c-5cb6-40a3-b677-a76fbdc0054d, command=[]} | ret=SUCCESS |  
2019-09-20 09:37:33,544 | INFO  | SCMAudit | user=jenkins1000 | ip=192.168.151.119 | op=SEND_HEARTBEAT {datanodeUUID=d072c18a-1b53-41d5-bae5-b82be0790279, command=[]} | ret=SUCCESS |  
2019-09-20 09:37:33,628 | INFO  | SCMAudit | user=jenkins1000 | ip=192.168.151.119 | op=SEND_HEARTBEAT {datanodeUUID=10741cbd-d620-4a9b-9e67-51db8a2e0e6a, command=[]} | ret=SUCCESS |  
2019-09-20 09:37:33,867 | INFO  | SCMAudit | user=jenkins1000 | ip=192.168.151.119 | op=SEND_HEARTBEAT {datanodeUUID=d4fa05df-3099-4015-ad0e-4200365d2035, command=[]} | ret=SUCCESS |  
2019-09-20 09:37:34,013 | INFO  | SCMAudit | user=jenkins1000 | ip=192.168.151.119 | op=SEND_HEARTBEAT {datanodeUUID=86933813-1e1e-464a-ae0f-2ef91831d02b, command=[]} | ret=SUCCESS |  
2019-09-20 09:37:34,436 | INFO  | SCMAudit | user=jenkins1000 | ip=192.168.151.119 | op=SEND_HEARTBEAT {datanodeUUID=ba1e65fe-7169-476d-a778-4df70d7cdd6e, command=[]} | ret=SUCCESS |  
2019-09-20 09:37:34,507 | INFO  | SCMAudit | user=jenkins1000 | ip=192.168.151.119 | op=SEND_HEARTBEAT {datanodeUUID=37b777df-de08-4da5-9630-325a3e0e88a6, command=[]} | ret=SUCCESS |  
2019-09-20 09:37:34,533 | INFO  | SCMAudit | user=jenkins1000 | ip=192.168.151.119 | op=SEND_HEARTBEAT {datanodeUUID=4d6fff4c-5cb6-40a3-b677-a76fbdc0054d, command=[]} | ret=SUCCESS |  
2019-09-20 09:37:34,545 | INFO  | SCMAudit | user=jenkins1000 | ip=192.168.151.119 | op=SEND_HEARTBEAT {datanodeUUID=d072c18a-1b53-41d5-bae5-b82be0790279, command=[]} | ret=SUCCESS |  
2019-09-20 09:37:34,627 | INFO  | SCMAudit | user=jenkins1000 | ip=192.168.151.119 | op=SEND_HEARTBEAT {datanodeUUID=10741cbd-d620-4a9b-9e67-51db8a2e0e6a, command=[]} | ret=SUCCESS |  
2019-09-20 09:37:34,867 | INFO  | SCMAudit | user=jenkins1000 | ip=192.168.151.119 | op=SEND_HEARTBEAT {datanodeUUID=d4fa05df-3099-4015-ad0e-4200365d2035, command=[]} | ret=SUCCESS |  
2019-09-20 09:37:35,013 | INFO  | SCMAudit | user=jenkins1000 | ip=192.168.151.119 | op=SEND_HEARTBEAT {datanodeUUID=86933813-1e1e-464a-ae0f-2ef91831d02b, command=[]} | ret=SUCCESS |  
2019-09-20 09:37:35,436 | INFO  | SCMAudit | user=jenkins1000 | ip=192.168.151.119 | op=SEND_HEARTBEAT {datanodeUUID=ba1e65fe-7169-476d-a778-4df70d7cdd6e, command=[]} | ret=SUCCESS |  
2019-09-20 09:37:35,506 | INFO  | SCMAudit | user=jenkins1000 | ip=192.168.151.119 | op=SEND_HEARTBEAT {datanodeUUID=37b777df-de08-4da5-9630-325a3e0e88a6, command=[]} | ret=SUCCESS |  
2019-09-20 09:37:35,533 | INFO  | SCMAudit | user=jenkins1000 | ip=192.168.151.119 | op=SEND_HEARTBEAT {datanodeUUID=4d6fff4c-5cb6-40a3-b677-a76fbdc0054d, command=[]} | ret=SUCCESS |  
2019-09-20 09:37:35,545 | INFO  | SCMAudit | user=jenkins1000 | ip=192.168.151.119 | op=SEND_HEARTBEAT {datanodeUUID=d072c18a-1b53-41d5-bae5-b82be0790279, command=[]} | ret=SUCCESS |  
2019-09-20 09:37:35,627 | INFO  | SCMAudit | user=jenkins1000 | ip=192.168.151.119 | op=SEND_HEARTBEAT {datanodeUUID=10741cbd-d620-4a9b-9e67-51db8a2e0e6a, command=[]} | ret=SUCCESS |  
2019-09-20 09:37:35,867 | INFO  | SCMAudit | user=jenkins1000 | ip=192.168.151.119 | op=SEND_HEARTBEAT {datanodeUUID=d4fa05df-3099-4015-ad0e-4200365d2035, command=[]} | ret=SUCCESS |  
2019-09-20 09:37:36,014 | INFO  | SCMAudit | user=jenkins1000 | ip=192.168.151.119 | op=SEND_HEARTBEAT {datanodeUUID=86933813-1e1e-464a-ae0f-2ef91831d02b, command=[]} | ret=SUCCESS |  
2019-09-20 09:37:36,436 | INFO  | SCMAudit | user=jenkins1000 | ip=192.168.151.119 | op=SEND_HEARTBEAT {datanodeUUID=ba1e65fe-7169-476d-a778-4df70d7cdd6e, command=[]} | ret=SUCCESS |  
2019-09-20 09:37:36,506 | INFO  | SCMAudit | user=jenkins1000 | ip=192.168.151.119 | op=SEND_HEARTBEAT {datanodeUUID=37b777df-de08-4da5-9630-325a3e0e88a6, command=[]} | ret=SUCCESS |  
2019-09-20 09:37:36,533 | INFO  | SCMAudit | user=jenkins1000 | ip=192.168.151.119 | op=SEND_HEARTBEAT {datanodeUUID=4d6fff4c-5cb6-40a3-b677-a76fbdc0054d, command=[]} | ret=SUCCESS |  
2019-09-20 09:37:36,545 | INFO  | SCMAudit | user=jenkins1000 | ip=192.168.151.119 | op=SEND_HEARTBEAT {datanodeUUID=d072c18a-1b53-41d5-bae5-b82be0790279, command=[]} | ret=SUCCESS |  
2019-09-20 09:37:36,558 [grpc-default-executor-0] INFO  client.GrpcClientProtocolClient (GrpcClientProtocolClient.java:onNext(255)) - client-05D5A58C38F8->4d6fff4c-5cb6-40a3-b677-a76fbdc0054d: receive RaftClientReply:client-05D5A58C38F8->4d6fff4c-5cb6-40a3-b677-a76fbdc0054d@group-13440712A48A, cid=45, FAILED org.apache.ratis.protocol.NotLeaderException: Server 4d6fff4c-5cb6-40a3-b677-a76fbdc0054d is not the leader (37b777df-de08-4da5-9630-325a3e0e88a6:192.168.151.119:35524). Request must be sent to leader., logIndex=0, commits[4d6fff4c-5cb6-40a3-b677-a76fbdc0054d:c8, d072c18a-1b53-41d5-bae5-b82be0790279:c8, 37b777df-de08-4da5-9630-325a3e0e88a6:c8]
2019-09-20 09:37:36,627 | INFO  | SCMAudit | user=jenkins1000 | ip=192.168.151.119 | op=SEND_HEARTBEAT {datanodeUUID=10741cbd-d620-4a9b-9e67-51db8a2e0e6a, command=[]} | ret=SUCCESS |  
2019-09-20 09:37:36,868 | INFO  | SCMAudit | user=jenkins1000 | ip=192.168.151.119 | op=SEND_HEARTBEAT {datanodeUUID=d4fa05df-3099-4015-ad0e-4200365d2035, command=[]} | ret=SUCCESS |  
2019-09-20 09:37:37,014 | INFO  | SCMAudit | user=jenkins1000 | ip=192.168.151.119 | op=SEND_HEARTBEAT {datanodeUUID=86933813-1e1e-464a-ae0f-2ef91831d02b, command=[]} | ret=SUCCESS |  
2019-09-20 09:37:37,436 | INFO  | SCMAudit | user=jenkins1000 | ip=192.168.151.119 | op=SEND_HEARTBEAT {datanodeUUID=ba1e65fe-7169-476d-a778-4df70d7cdd6e, command=[]} | ret=SUCCESS |  
2019-09-20 09:37:37,507 | INFO  | SCMAudit | user=jenkins1000 | ip=192.168.151.119 | op=SEND_HEARTBEAT {datanodeUUID=37b777df-de08-4da5-9630-325a3e0e88a6, command=[]} | ret=SUCCESS |  
2019-09-20 09:37:37,533 | INFO  | SCMAudit | user=jenkins1000 | ip=192.168.151.119 | op=SEND_HEARTBEAT {datanodeUUID=4d6fff4c-5cb6-40a3-b677-a76fbdc0054d, command=[]} | ret=SUCCESS |  
2019-09-20 09:37:37,545 | INFO  | SCMAudit | user=jenkins1000 | ip=192.168.151.119 | op=SEND_HEARTBEAT {datanodeUUID=d072c18a-1b53-41d5-bae5-b82be0790279, command=[]} | ret=SUCCESS |  
2019-09-20 09:37:37,627 | INFO  | SCMAudit | user=jenkins1000 | ip=192.168.151.119 | op=SEND_HEARTBEAT {datanodeUUID=10741cbd-d620-4a9b-9e67-51db8a2e0e6a, command=[]} | ret=SUCCESS |  
2019-09-20 09:37:37,868 | INFO  | SCMAudit | user=jenkins1000 | ip=192.168.151.119 | op=SEND_HEARTBEAT {datanodeUUID=d4fa05df-3099-4015-ad0e-4200365d2035, command=[]} | ret=SUCCESS |  
2019-09-20 09:37:38,014 | INFO  | SCMAudit | user=jenkins1000 | ip=192.168.151.119 | op=SEND_HEARTBEAT {datanodeUUID=86933813-1e1e-464a-ae0f-2ef91831d02b, command=[]} | ret=SUCCESS |  
2019-09-20 09:37:38,436 | INFO  | SCMAudit | user=jenkins1000 | ip=192.168.151.119 | op=SEND_HEARTBEAT {datanodeUUID=ba1e65fe-7169-476d-a778-4df70d7cdd6e, command=[]} | ret=SUCCESS |  
2019-09-20 09:37:38,507 | INFO  | SCMAudit | user=jenkins1000 | ip=192.168.151.119 | op=SEND_HEARTBEAT {datanodeUUID=37b777df-de08-4da5-9630-325a3e0e88a6, command=[]} | ret=SUCCESS |  
2019-09-20 09:37:38,533 | INFO  | SCMAudit | user=jenkins1000 | ip=192.168.151.119 | op=SEND_HEARTBEAT {datanodeUUID=4d6fff4c-5cb6-40a3-b677-a76fbdc0054d, command=[]} | ret=SUCCESS |  
2019-09-20 09:37:38,545 | INFO  | SCMAudit | user=jenkins1000 | ip=192.168.151.119 | op=SEND_HEARTBEAT {datanodeUUID=d072c18a-1b53-41d5-bae5-b82be0790279, command=[]} | ret=SUCCESS |  
2019-09-20 09:37:38,627 | INFO  | SCMAudit | user=jenkins1000 | ip=192.168.151.119 | op=SEND_HEARTBEAT {datanodeUUID=10741cbd-d620-4a9b-9e67-51db8a2e0e6a, command=[]} | ret=SUCCESS |  
2019-09-20 09:37:38,867 | INFO  | SCMAudit | user=jenkins1000 | ip=192.168.151.119 | op=SEND_HEARTBEAT {datanodeUUID=d4fa05df-3099-4015-ad0e-4200365d2035, command=[]} | ret=SUCCESS |  
2019-09-20 09:37:39,014 | INFO  | SCMAudit | user=jenkins1000 | ip=192.168.151.119 | op=SEND_HEARTBEAT {datanodeUUID=86933813-1e1e-464a-ae0f-2ef91831d02b, command=[]} | ret=SUCCESS |  
2019-09-20 09:37:39,437 | INFO  | SCMAudit | user=jenkins1000 | ip=192.168.151.119 | op=SEND_HEARTBEAT {datanodeUUID=ba1e65fe-7169-476d-a778-4df70d7cdd6e, command=[]} | ret=SUCCESS |  
2019-09-20 09:37:39,507 | INFO  | SCMAudit | user=jenkins1000 | ip=192.168.151.119 | op=SEND_HEARTBEAT {datanodeUUID=37b777df-de08-4da5-9630-325a3e0e88a6, command=[]} | ret=SUCCESS |  
2019-09-20 09:37:39,533 | INFO  | SCMAudit | user=jenkins1000 | ip=192.168.151.119 | op=SEND_HEARTBEAT {datanodeUUID=4d6fff4c-5cb6-40a3-b677-a76fbdc0054d, command=[]} | ret=SUCCESS |  
2019-09-20 09:37:39,545 | INFO  | SCMAudit | user=jenkins1000 | ip=192.168.151.119 | op=SEND_HEARTBEAT {datanodeUUID=d072c18a-1b53-41d5-bae5-b82be0790279, command=[]} | ret=SUCCESS |  
2019-09-20 09:37:39,628 | INFO  | SCMAudit | user=jenkins1000 | ip=192.168.151.119 | op=SEND_HEARTBEAT {datanodeUUID=10741cbd-d620-4a9b-9e67-51db8a2e0e6a, command=[]} | ret=SUCCESS |  
2019-09-20 09:37:39,868 | INFO  | SCMAudit | user=jenkins1000 | ip=192.168.151.119 | op=SEND_HEARTBEAT {datanodeUUID=d4fa05df-3099-4015-ad0e-4200365d2035, command=[]} | ret=SUCCESS |  
2019-09-20 09:37:40,014 | INFO  | SCMAudit | user=jenkins1000 | ip=192.168.151.119 | op=SEND_HEARTBEAT {datanodeUUID=86933813-1e1e-464a-ae0f-2ef91831d02b, command=[]} | ret=SUCCESS |  
2019-09-20 09:37:40,437 | INFO  | SCMAudit | user=jenkins1000 | ip=192.168.151.119 | op=SEND_HEARTBEAT {datanodeUUID=ba1e65fe-7169-476d-a778-4df70d7cdd6e, command=[]} | ret=SUCCESS |  
2019-09-20 09:37:40,508 | INFO  | SCMAudit | user=jenkins1000 | ip=192.168.151.119 | op=SEND_HEARTBEAT {datanodeUUID=37b777df-de08-4da5-9630-325a3e0e88a6, command=[]} | ret=SUCCESS |  
2019-09-20 09:37:40,533 | INFO  | SCMAudit | user=jenkins1000 | ip=192.168.151.119 | op=SEND_HEARTBEAT {datanodeUUID=4d6fff4c-5cb6-40a3-b677-a76fbdc0054d, command=[]} | ret=SUCCESS |  
2019-09-20 09:37:40,545 | INFO  | SCMAudit | user=jenkins1000 | ip=192.168.151.119 | op=SEND_HEARTBEAT {datanodeUUID=d072c18a-1b53-41d5-bae5-b82be0790279, command=[]} | ret=SUCCESS |  
2019-09-20 09:37:40,628 | INFO  | SCMAudit | user=jenkins1000 | ip=192.168.151.119 | op=SEND_HEARTBEAT {datanodeUUID=10741cbd-d620-4a9b-9e67-51db8a2e0e6a, command=[]} | ret=SUCCESS |  
2019-09-20 09:37:40,868 | INFO  | SCMAudit | user=jenkins1000 | ip=192.168.151.119 | op=SEND_HEARTBEAT {datanodeUUID=d4fa05df-3099-4015-ad0e-4200365d2035, command=[]} | ret=SUCCESS |  
2019-09-20 09:37:41,015 | INFO  | SCMAudit | user=jenkins1000 | ip=192.168.151.119 | op=SEND_HEARTBEAT {datanodeUUID=86933813-1e1e-464a-ae0f-2ef91831d02b, command=[]} | ret=SUCCESS |  
2019-09-20 09:37:41,438 | INFO  | SCMAudit | user=jenkins1000 | ip=192.168.151.119 | op=SEND_HEARTBEAT {datanodeUUID=ba1e65fe-7169-476d-a778-4df70d7cdd6e, command=[]} | ret=SUCCESS |  
2019-09-20 09:37:41,508 | INFO  | SCMAudit | user=jenkins1000 | ip=192.168.151.119 | op=SEND_HEARTBEAT {datanodeUUID=37b777df-de08-4da5-9630-325a3e0e88a6, command=[]} | ret=SUCCESS |  
2019-09-20 09:37:41,534 | INFO  | SCMAudit | user=jenkins1000 | ip=192.168.151.119 | op=SEND_HEARTBEAT {datanodeUUID=4d6fff4c-5cb6-40a3-b677-a76fbdc0054d, command=[]} | ret=SUCCESS |  
2019-09-20 09:37:41,545 | INFO  | SCMAudit | user=jenkins1000 | ip=192.168.151.119 | op=SEND_HEARTBEAT {datanodeUUID=d072c18a-1b53-41d5-bae5-b82be0790279, command=[]} | ret=SUCCESS |  
2019-09-20 09:37:41,592 [grpc-default-executor-13] INFO  client.GrpcClientProtocolClient (GrpcClientProtocolClient.java:onNext(255)) - client-05D5A58C38F8->4d6fff4c-5cb6-40a3-b677-a76fbdc0054d: receive RaftClientReply:client-05D5A58C38F8->4d6fff4c-5cb6-40a3-b677-a76fbdc0054d@group-13440712A48A, cid=45, FAILED org.apache.ratis.protocol.NotLeaderException: Server 4d6fff4c-5cb6-40a3-b677-a76fbdc0054d is not the leader (37b777df-de08-4da5-9630-325a3e0e88a6:192.168.151.119:35524). Request must be sent to leader., logIndex=0, commits[4d6fff4c-5cb6-40a3-b677-a76fbdc0054d:c8, d072c18a-1b53-41d5-bae5-b82be0790279:c8, 37b777df-de08-4da5-9630-325a3e0e88a6:c8]
2019-09-20 09:37:41,627 | INFO  | SCMAudit | user=jenkins1000 | ip=192.168.151.119 | op=SEND_HEARTBEAT {datanodeUUID=10741cbd-d620-4a9b-9e67-51db8a2e0e6a, command=[]} | ret=SUCCESS |  
2019-09-20 09:37:41,869 | INFO  | SCMAudit | user=jenkins1000 | ip=192.168.151.119 | op=SEND_HEARTBEAT {datanodeUUID=d4fa05df-3099-4015-ad0e-4200365d2035, command=[]} | ret=SUCCESS |  
2019-09-20 09:37:42,015 | INFO  | SCMAudit | user=jenkins1000 | ip=192.168.151.119 | op=SEND_HEARTBEAT {datanodeUUID=86933813-1e1e-464a-ae0f-2ef91831d02b, command=[]} | ret=SUCCESS |  
2019-09-20 09:37:42,438 | INFO  | SCMAudit | user=jenkins1000 | ip=192.168.151.119 | op=SEND_HEARTBEAT {datanodeUUID=ba1e65fe-7169-476d-a778-4df70d7cdd6e, command=[]} | ret=SUCCESS |  
2019-09-20 09:37:42,508 | INFO  | SCMAudit | user=jenkins1000 | ip=192.168.151.119 | op=SEND_HEARTBEAT {datanodeUUID=37b777df-de08-4da5-9630-325a3e0e88a6, command=[]} | ret=SUCCESS |  
2019-09-20 09:37:42,535 | INFO  | SCMAudit | user=jenkins1000 | ip=192.168.151.119 | op=SEND_HEARTBEAT {datanodeUUID=4d6fff4c-5cb6-40a3-b677-a76fbdc0054d, command=[]} | ret=SUCCESS |  
2019-09-20 09:37:42,545 | INFO  | SCMAudit | user=jenkins1000 | ip=192.168.151.119 | op=SEND_HEARTBEAT {datanodeUUID=d072c18a-1b53-41d5-bae5-b82be0790279, command=[]} | ret=SUCCESS |  
2019-09-20 09:37:42,627 | INFO  | SCMAudit | user=jenkins1000 | ip=192.168.151.119 | op=SEND_HEARTBEAT {datanodeUUID=10741cbd-d620-4a9b-9e67-51db8a2e0e6a, command=[]} | ret=SUCCESS |  
2019-09-20 09:37:42,869 | INFO  | SCMAudit | user=jenkins1000 | ip=192.168.151.119 | op=SEND_HEARTBEAT {datanodeUUID=d4fa05df-3099-4015-ad0e-4200365d2035, command=[]} | ret=SUCCESS |  
2019-09-20 09:37:43,015 | INFO  | SCMAudit | user=jenkins1000 | ip=192.168.151.119 | op=SEND_HEARTBEAT {datanodeUUID=86933813-1e1e-464a-ae0f-2ef91831d02b, command=[]} | ret=SUCCESS |  
2019-09-20 09:37:43,438 | INFO  | SCMAudit | user=jenkins1000 | ip=192.168.151.119 | op=SEND_HEARTBEAT {datanodeUUID=ba1e65fe-7169-476d-a778-4df70d7cdd6e, command=[]} | ret=SUCCESS |  
2019-09-20 09:37:43,508 | INFO  | SCMAudit | user=jenkins1000 | ip=192.168.151.119 | op=SEND_HEARTBEAT {datanodeUUID=37b777df-de08-4da5-9630-325a3e0e88a6, command=[]} | ret=SUCCESS |  
2019-09-20 09:37:43,535 | INFO  | SCMAudit | user=jenkins1000 | ip=192.168.151.119 | op=SEND_HEARTBEAT {datanodeUUID=4d6fff4c-5cb6-40a3-b677-a76fbdc0054d, command=[]} | ret=SUCCESS |  
2019-09-20 09:37:43,545 | INFO  | SCMAudit | user=jenkins1000 | ip=192.168.151.119 | op=SEND_HEARTBEAT {datanodeUUID=d072c18a-1b53-41d5-bae5-b82be0790279, command=[]} | ret=SUCCESS |  
2019-09-20 09:37:43,627 | INFO  | SCMAudit | user=jenkins1000 | ip=192.168.151.119 | op=SEND_HEARTBEAT {datanodeUUID=10741cbd-d620-4a9b-9e67-51db8a2e0e6a, command=[]} | ret=SUCCESS |  
2019-09-20 09:37:43,869 | INFO  | SCMAudit | user=jenkins1000 | ip=192.168.151.119 | op=SEND_HEARTBEAT {datanodeUUID=d4fa05df-3099-4015-ad0e-4200365d2035, command=[]} | ret=SUCCESS |  
2019-09-20 09:37:44,015 | INFO  | SCMAudit | user=jenkins1000 | ip=192.168.151.119 | op=SEND_HEARTBEAT {datanodeUUID=86933813-1e1e-464a-ae0f-2ef91831d02b, command=[]} | ret=SUCCESS |  
2019-09-20 09:37:44,438 | INFO  | SCMAudit | user=jenkins1000 | ip=192.168.151.119 | op=SEND_HEARTBEAT {datanodeUUID=ba1e65fe-7169-476d-a778-4df70d7cdd6e, command=[]} | ret=SUCCESS |  
2019-09-20 09:37:44,508 | INFO  | SCMAudit | user=jenkins1000 | ip=192.168.151.119 | op=SEND_HEARTBEAT {datanodeUUID=37b777df-de08-4da5-9630-325a3e0e88a6, command=[]} | ret=SUCCESS |  
2019-09-20 09:37:44,536 | INFO  | SCMAudit | user=jenkins1000 | ip=192.168.151.119 | op=SEND_HEARTBEAT {datanodeUUID=4d6fff4c-5cb6-40a3-b677-a76fbdc0054d, command=[]} | ret=SUCCESS |  
2019-09-20 09:37:44,546 | INFO  | SCMAudit | user=jenkins1000 | ip=192.168.151.119 | op=SEND_HEARTBEAT {datanodeUUID=d072c18a-1b53-41d5-bae5-b82be0790279, command=[]} | ret=SUCCESS |  
2019-09-20 09:37:44,627 | INFO  | SCMAudit | user=jenkins1000 | ip=192.168.151.119 | op=SEND_HEARTBEAT {datanodeUUID=10741cbd-d620-4a9b-9e67-51db8a2e0e6a, command=[]} | ret=SUCCESS |  
2019-09-20 09:37:44,868 | INFO  | SCMAudit | user=jenkins1000 | ip=192.168.151.119 | op=SEND_HEARTBEAT {datanodeUUID=d4fa05df-3099-4015-ad0e-4200365d2035, command=[]} | ret=SUCCESS |  
2019-09-20 09:37:45,015 | INFO  | SCMAudit | user=jenkins1000 | ip=192.168.151.119 | op=SEND_HEARTBEAT {datanodeUUID=86933813-1e1e-464a-ae0f-2ef91831d02b, command=[]} | ret=SUCCESS |  
2019-09-20 09:37:45,439 | INFO  | SCMAudit | user=jenkins1000 | ip=192.168.151.119 | op=SEND_HEARTBEAT {datanodeUUID=ba1e65fe-7169-476d-a778-4df70d7cdd6e, command=[]} | ret=SUCCESS |  
2019-09-20 09:37:45,509 | INFO  | SCMAudit | user=jenkins1000 | ip=192.168.151.119 | op=SEND_HEARTBEAT {datanodeUUID=37b777df-de08-4da5-9630-325a3e0e88a6, command=[]} | ret=SUCCESS |  
2019-09-20 09:37:45,536 | INFO  | SCMAudit | user=jenkins1000 | ip=192.168.151.119 | op=SEND_HEARTBEAT {datanodeUUID=4d6fff4c-5cb6-40a3-b677-a76fbdc0054d, command=[]} | ret=SUCCESS |  
2019-09-20 09:37:45,545 | INFO  | SCMAudit | user=jenkins1000 | ip=192.168.151.119 | op=SEND_HEARTBEAT {datanodeUUID=d072c18a-1b53-41d5-bae5-b82be0790279, command=[]} | ret=SUCCESS |  
2019-09-20 09:37:45,630 | INFO  | SCMAudit | user=jenkins1000 | ip=192.168.151.119 | op=SEND_HEARTBEAT {datanodeUUID=10741cbd-d620-4a9b-9e67-51db8a2e0e6a, command=[]} | ret=SUCCESS |  
2019-09-20 09:37:45,869 | INFO  | SCMAudit | user=jenkins1000 | ip=192.168.151.119 | op=SEND_HEARTBEAT {datanodeUUID=d4fa05df-3099-4015-ad0e-4200365d2035, command=[]} | ret=SUCCESS |  
2019-09-20 09:37:46,015 | INFO  | SCMAudit | user=jenkins1000 | ip=192.168.151.119 | op=SEND_HEARTBEAT {datanodeUUID=86933813-1e1e-464a-ae0f-2ef91831d02b, command=[]} | ret=SUCCESS |  
2019-09-20 09:37:46,438 | INFO  | SCMAudit | user=jenkins1000 | ip=192.168.151.119 | op=SEND_HEARTBEAT {datanodeUUID=ba1e65fe-7169-476d-a778-4df70d7cdd6e, command=[]} | ret=SUCCESS |  
2019-09-20 09:37:46,509 | INFO  | SCMAudit | user=jenkins1000 | ip=192.168.151.119 | op=SEND_HEARTBEAT {datanodeUUID=37b777df-de08-4da5-9630-325a3e0e88a6, command=[]} | ret=SUCCESS |  
2019-09-20 09:37:46,535 | INFO  | SCMAudit | user=jenkins1000 | ip=192.168.151.119 | op=SEND_HEARTBEAT {datanodeUUID=4d6fff4c-5cb6-40a3-b677-a76fbdc0054d, command=[]} | ret=SUCCESS |  
2019-09-20 09:37:46,545 | INFO  | SCMAudit | user=jenkins1000 | ip=192.168.151.119 | op=SEND_HEARTBEAT {datanodeUUID=d072c18a-1b53-41d5-bae5-b82be0790279, command=[]} | ret=SUCCESS |  
2019-09-20 09:37:46,628 | INFO  | SCMAudit | user=jenkins1000 | ip=192.168.151.119 | op=SEND_HEARTBEAT {datanodeUUID=10741cbd-d620-4a9b-9e67-51db8a2e0e6a, command=[]} | ret=SUCCESS |  
2019-09-20 09:37:46,645 [grpc-default-executor-0] INFO  client.GrpcClientProtocolClient (GrpcClientProtocolClient.java:onNext(255)) - client-05D5A58C38F8->4d6fff4c-5cb6-40a3-b677-a76fbdc0054d: receive RaftClientReply:client-05D5A58C38F8->4d6fff4c-5cb6-40a3-b677-a76fbdc0054d@group-13440712A48A, cid=45, FAILED org.apache.ratis.protocol.NotLeaderException: Server 4d6fff4c-5cb6-40a3-b677-a76fbdc0054d is not the leader (37b777df-de08-4da5-9630-325a3e0e88a6:192.168.151.119:35524). Request must be sent to leader., logIndex=0, commits[4d6fff4c-5cb6-40a3-b677-a76fbdc0054d:c8, d072c18a-1b53-41d5-bae5-b82be0790279:c8, 37b777df-de08-4da5-9630-325a3e0e88a6:c8]
2019-09-20 09:37:46,869 | INFO  | SCMAudit | user=jenkins1000 | ip=192.168.151.119 | op=SEND_HEARTBEAT {datanodeUUID=d4fa05df-3099-4015-ad0e-4200365d2035, command=[]} | ret=SUCCESS |  
2019-09-20 09:37:47,016 | INFO  | SCMAudit | user=jenkins1000 | ip=192.168.151.119 | op=SEND_HEARTBEAT {datanodeUUID=86933813-1e1e-464a-ae0f-2ef91831d02b, command=[]} | ret=SUCCESS |  
2019-09-20 09:37:47,439 | INFO  | SCMAudit | user=jenkins1000 | ip=192.168.151.119 | op=SEND_HEARTBEAT {datanodeUUID=ba1e65fe-7169-476d-a778-4df70d7cdd6e, command=[]} | ret=SUCCESS |  
2019-09-20 09:37:47,510 | INFO  | SCMAudit | user=jenkins1000 | ip=192.168.151.119 | op=SEND_HEARTBEAT {datanodeUUID=37b777df-de08-4da5-9630-325a3e0e88a6, command=[]} | ret=SUCCESS |  
2019-09-20 09:37:47,535 | INFO  | SCMAudit | user=jenkins1000 | ip=192.168.151.119 | op=SEND_HEARTBEAT {datanodeUUID=4d6fff4c-5cb6-40a3-b677-a76fbdc0054d, command=[]} | ret=SUCCESS |  
2019-09-20 09:37:47,545 | INFO  | SCMAudit | user=jenkins1000 | ip=192.168.151.119 | op=SEND_HEARTBEAT {datanodeUUID=d072c18a-1b53-41d5-bae5-b82be0790279, command=[]} | ret=SUCCESS |  
2019-09-20 09:37:47,627 | INFO  | SCMAudit | user=jenkins1000 | ip=192.168.151.119 | op=SEND_HEARTBEAT {datanodeUUID=10741cbd-d620-4a9b-9e67-51db8a2e0e6a, command=[]} | ret=SUCCESS |  
2019-09-20 09:37:47,869 | INFO  | SCMAudit | user=jenkins1000 | ip=192.168.151.119 | op=SEND_HEARTBEAT {datanodeUUID=d4fa05df-3099-4015-ad0e-4200365d2035, command=[]} | ret=SUCCESS |  
2019-09-20 09:37:48,017 | INFO  | SCMAudit | user=jenkins1000 | ip=192.168.151.119 | op=SEND_HEARTBEAT {datanodeUUID=86933813-1e1e-464a-ae0f-2ef91831d02b, command=[]} | ret=SUCCESS |  
2019-09-20 09:37:48,439 | INFO  | SCMAudit | user=jenkins1000 | ip=192.168.151.119 | op=SEND_HEARTBEAT {datanodeUUID=ba1e65fe-7169-476d-a778-4df70d7cdd6e, command=[]} | ret=SUCCESS |  
2019-09-20 09:37:48,509 | INFO  | SCMAudit | user=jenkins1000 | ip=192.168.151.119 | op=SEND_HEARTBEAT {datanodeUUID=37b777df-de08-4da5-9630-325a3e0e88a6, command=[]} | ret=SUCCESS |  
2019-09-20 09:37:48,535 | INFO  | SCMAudit | user=jenkins1000 | ip=192.168.151.119 | op=SEND_HEARTBEAT {datanodeUUID=4d6fff4c-5cb6-40a3-b677-a76fbdc0054d, command=[]} | ret=SUCCESS |  
2019-09-20 09:37:48,545 | INFO  | SCMAudit | user=jenkins1000 | ip=192.168.151.119 | op=SEND_HEARTBEAT {datanodeUUID=d072c18a-1b53-41d5-bae5-b82be0790279, command=[]} | ret=SUCCESS |  
2019-09-20 09:37:48,627 | INFO  | SCMAudit | user=jenkins1000 | ip=192.168.151.119 | op=SEND_HEARTBEAT {datanodeUUID=10741cbd-d620-4a9b-9e67-51db8a2e0e6a, command=[]} | ret=SUCCESS |  
2019-09-20 09:37:48,869 | INFO  | SCMAudit | user=jenkins1000 | ip=192.168.151.119 | op=SEND_HEARTBEAT {datanodeUUID=d4fa05df-3099-4015-ad0e-4200365d2035, command=[]} | ret=SUCCESS |  
2019-09-20 09:37:49,018 | INFO  | SCMAudit | user=jenkins1000 | ip=192.168.151.119 | op=SEND_HEARTBEAT {datanodeUUID=86933813-1e1e-464a-ae0f-2ef91831d02b, command=[]} | ret=SUCCESS |  
2019-09-20 09:37:49,439 | INFO  | SCMAudit | user=jenkins1000 | ip=192.168.151.119 | op=SEND_HEARTBEAT {datanodeUUID=ba1e65fe-7169-476d-a778-4df70d7cdd6e, command=[]} | ret=SUCCESS |  
2019-09-20 09:37:49,509 | INFO  | SCMAudit | user=jenkins1000 | ip=192.168.151.119 | op=SEND_HEARTBEAT {datanodeUUID=37b777df-de08-4da5-9630-325a3e0e88a6, command=[]} | ret=SUCCESS |  
2019-09-20 09:37:49,535 | INFO  | SCMAudit | user=jenkins1000 | ip=192.168.151.119 | op=SEND_HEARTBEAT {datanodeUUID=4d6fff4c-5cb6-40a3-b677-a76fbdc0054d, command=[]} | ret=SUCCESS |  
2019-09-20 09:37:49,545 | INFO  | SCMAudit | user=jenkins1000 | ip=192.168.151.119 | op=SEND_HEARTBEAT {datanodeUUID=d072c18a-1b53-41d5-bae5-b82be0790279, command=[]} | ret=SUCCESS |  
2019-09-20 09:37:49,627 | INFO  | SCMAudit | user=jenkins1000 | ip=192.168.151.119 | op=SEND_HEARTBEAT {datanodeUUID=10741cbd-d620-4a9b-9e67-51db8a2e0e6a, command=[]} | ret=SUCCESS |  
2019-09-20 09:37:49,869 | INFO  | SCMAudit | user=jenkins1000 | ip=192.168.151.119 | op=SEND_HEARTBEAT {datanodeUUID=d4fa05df-3099-4015-ad0e-4200365d2035, command=[]} | ret=SUCCESS |  
2019-09-20 09:37:50,017 | INFO  | SCMAudit | user=jenkins1000 | ip=192.168.151.119 | op=SEND_HEARTBEAT {datanodeUUID=86933813-1e1e-464a-ae0f-2ef91831d02b, command=[]} | ret=SUCCESS |  
2019-09-20 09:37:50,439 | INFO  | SCMAudit | user=jenkins1000 | ip=192.168.151.119 | op=SEND_HEARTBEAT {datanodeUUID=ba1e65fe-7169-476d-a778-4df70d7cdd6e, command=[]} | ret=SUCCESS |  
2019-09-20 09:37:50,509 | INFO  | SCMAudit | user=jenkins1000 | ip=192.168.151.119 | op=SEND_HEARTBEAT {datanodeUUID=37b777df-de08-4da5-9630-325a3e0e88a6, command=[]} | ret=SUCCESS |  
2019-09-20 09:37:50,535 | INFO  | SCMAudit | user=jenkins1000 | ip=192.168.151.119 | op=SEND_HEARTBEAT {datanodeUUID=4d6fff4c-5cb6-40a3-b677-a76fbdc0054d, command=[]} | ret=SUCCESS |  
2019-09-20 09:37:50,546 | INFO  | SCMAudit | user=jenkins1000 | ip=192.168.151.119 | op=SEND_HEARTBEAT {datanodeUUID=d072c18a-1b53-41d5-bae5-b82be0790279, command=[]} | ret=SUCCESS |  
2019-09-20 09:37:50,627 | INFO  | SCMAudit | user=jenkins1000 | ip=192.168.151.119 | op=SEND_HEARTBEAT {datanodeUUID=10741cbd-d620-4a9b-9e67-51db8a2e0e6a, command=[]} | ret=SUCCESS |  
2019-09-20 09:37:50,869 | INFO  | SCMAudit | user=jenkins1000 | ip=192.168.151.119 | op=SEND_HEARTBEAT {datanodeUUID=d4fa05df-3099-4015-ad0e-4200365d2035, command=[]} | ret=SUCCESS |  
2019-09-20 09:37:51,018 | INFO  | SCMAudit | user=jenkins1000 | ip=192.168.151.119 | op=SEND_HEARTBEAT {datanodeUUID=86933813-1e1e-464a-ae0f-2ef91831d02b, command=[]} | ret=SUCCESS |  
2019-09-20 09:37:51,439 | INFO  | SCMAudit | user=jenkins1000 | ip=192.168.151.119 | op=SEND_HEARTBEAT {datanodeUUID=ba1e65fe-7169-476d-a778-4df70d7cdd6e, command=[]} | ret=SUCCESS |  
2019-09-20 09:37:51,509 | INFO  | SCMAudit | user=jenkins1000 | ip=192.168.151.119 | op=SEND_HEARTBEAT {datanodeUUID=37b777df-de08-4da5-9630-325a3e0e88a6, command=[]} | ret=SUCCESS |  
2019-09-20 09:37:51,535 | INFO  | SCMAudit | user=jenkins1000 | ip=192.168.151.119 | op=SEND_HEARTBEAT {datanodeUUID=4d6fff4c-5cb6-40a3-b677-a76fbdc0054d, command=[]} | ret=SUCCESS |  
2019-09-20 09:37:51,547 | INFO  | SCMAudit | user=jenkins1000 | ip=192.168.151.119 | op=SEND_HEARTBEAT {datanodeUUID=d072c18a-1b53-41d5-bae5-b82be0790279, command=[]} | ret=SUCCESS |  
2019-09-20 09:37:51,627 | INFO  | SCMAudit | user=jenkins1000 | ip=192.168.151.119 | op=SEND_HEARTBEAT {datanodeUUID=10741cbd-d620-4a9b-9e67-51db8a2e0e6a, command=[]} | ret=SUCCESS |  
2019-09-20 09:37:51,680 [grpc-default-executor-13] INFO  client.GrpcClientProtocolClient (GrpcClientProtocolClient.java:onNext(255)) - client-05D5A58C38F8->d072c18a-1b53-41d5-bae5-b82be0790279: receive RaftClientReply:client-05D5A58C38F8->d072c18a-1b53-41d5-bae5-b82be0790279@group-13440712A48A, cid=45, FAILED org.apache.ratis.protocol.NotLeaderException: Server d072c18a-1b53-41d5-bae5-b82be0790279 is not the leader (37b777df-de08-4da5-9630-325a3e0e88a6:192.168.151.119:35524). Request must be sent to leader., logIndex=0, commits[d072c18a-1b53-41d5-bae5-b82be0790279:c8, 37b777df-de08-4da5-9630-325a3e0e88a6:c8, 4d6fff4c-5cb6-40a3-b677-a76fbdc0054d:c8]
2019-09-20 09:37:51,869 | INFO  | SCMAudit | user=jenkins1000 | ip=192.168.151.119 | op=SEND_HEARTBEAT {datanodeUUID=d4fa05df-3099-4015-ad0e-4200365d2035, command=[]} | ret=SUCCESS |  
2019-09-20 09:37:52,019 | INFO  | SCMAudit | user=jenkins1000 | ip=192.168.151.119 | op=SEND_HEARTBEAT {datanodeUUID=86933813-1e1e-464a-ae0f-2ef91831d02b, command=[]} | ret=SUCCESS |  
2019-09-20 09:37:52,439 | INFO  | SCMAudit | user=jenkins1000 | ip=192.168.151.119 | op=SEND_HEARTBEAT {datanodeUUID=ba1e65fe-7169-476d-a778-4df70d7cdd6e, command=[]} | ret=SUCCESS |  
2019-09-20 09:37:52,509 | INFO  | SCMAudit | user=jenkins1000 | ip=192.168.151.119 | op=SEND_HEARTBEAT {datanodeUUID=37b777df-de08-4da5-9630-325a3e0e88a6, command=[]} | ret=SUCCESS |  
2019-09-20 09:37:52,535 | INFO  | SCMAudit | user=jenkins1000 | ip=192.168.151.119 | op=SEND_HEARTBEAT {datanodeUUID=4d6fff4c-5cb6-40a3-b677-a76fbdc0054d, command=[]} | ret=SUCCESS |  
2019-09-20 09:37:52,546 | INFO  | SCMAudit | user=jenkins1000 | ip=192.168.151.119 | op=SEND_HEARTBEAT {datanodeUUID=d072c18a-1b53-41d5-bae5-b82be0790279, command=[]} | ret=SUCCESS |  
2019-09-20 09:37:52,627 | INFO  | SCMAudit | user=jenkins1000 | ip=192.168.151.119 | op=SEND_HEARTBEAT {datanodeUUID=10741cbd-d620-4a9b-9e67-51db8a2e0e6a, command=[]} | ret=SUCCESS |  
2019-09-20 09:37:52,870 | INFO  | SCMAudit | user=jenkins1000 | ip=192.168.151.119 | op=SEND_HEARTBEAT {datanodeUUID=d4fa05df-3099-4015-ad0e-4200365d2035, command=[]} | ret=SUCCESS |  
2019-09-20 09:37:53,019 | INFO  | SCMAudit | user=jenkins1000 | ip=192.168.151.119 | op=SEND_HEARTBEAT {datanodeUUID=86933813-1e1e-464a-ae0f-2ef91831d02b, command=[]} | ret=SUCCESS |  
2019-09-20 09:37:53,439 | INFO  | SCMAudit | user=jenkins1000 | ip=192.168.151.119 | op=SEND_HEARTBEAT {datanodeUUID=ba1e65fe-7169-476d-a778-4df70d7cdd6e, command=[]} | ret=SUCCESS |  
2019-09-20 09:37:53,509 | INFO  | SCMAudit | user=jenkins1000 | ip=192.168.151.119 | op=SEND_HEARTBEAT {datanodeUUID=37b777df-de08-4da5-9630-325a3e0e88a6, command=[]} | ret=SUCCESS |  
2019-09-20 09:37:53,536 | INFO  | SCMAudit | user=jenkins1000 | ip=192.168.151.119 | op=SEND_HEARTBEAT {datanodeUUID=4d6fff4c-5cb6-40a3-b677-a76fbdc0054d, command=[]} | ret=SUCCESS |  
2019-09-20 09:37:53,546 | INFO  | SCMAudit | user=jenkins1000 | ip=192.168.151.119 | op=SEND_HEARTBEAT {datanodeUUID=d072c18a-1b53-41d5-bae5-b82be0790279, command=[]} | ret=SUCCESS |  
2019-09-20 09:37:53,628 | INFO  | SCMAudit | user=jenkins1000 | ip=192.168.151.119 | op=SEND_HEARTBEAT {datanodeUUID=10741cbd-d620-4a9b-9e67-51db8a2e0e6a, command=[]} | ret=SUCCESS |  
2019-09-20 09:37:53,869 | INFO  | SCMAudit | user=jenkins1000 | ip=192.168.151.119 | op=SEND_HEARTBEAT {datanodeUUID=d4fa05df-3099-4015-ad0e-4200365d2035, command=[]} | ret=SUCCESS |  
2019-09-20 09:37:54,019 | INFO  | SCMAudit | user=jenkins1000 | ip=192.168.151.119 | op=SEND_HEARTBEAT {datanodeUUID=86933813-1e1e-464a-ae0f-2ef91831d02b, command=[]} | ret=SUCCESS |  
2019-09-20 09:37:54,440 | INFO  | SCMAudit | user=jenkins1000 | ip=192.168.151.119 | op=SEND_HEARTBEAT {datanodeUUID=ba1e65fe-7169-476d-a778-4df70d7cdd6e, command=[]} | ret=SUCCESS |  
2019-09-20 09:37:54,509 | INFO  | SCMAudit | user=jenkins1000 | ip=192.168.151.119 | op=SEND_HEARTBEAT {datanodeUUID=37b777df-de08-4da5-9630-325a3e0e88a6, command=[]} | ret=SUCCESS |  
2019-09-20 09:37:54,535 | INFO  | SCMAudit | user=jenkins1000 | ip=192.168.151.119 | op=SEND_HEARTBEAT {datanodeUUID=4d6fff4c-5cb6-40a3-b677-a76fbdc0054d, command=[]} | ret=SUCCESS |  
2019-09-20 09:37:54,546 | INFO  | SCMAudit | user=jenkins1000 | ip=192.168.151.119 | op=SEND_HEARTBEAT {datanodeUUID=d072c18a-1b53-41d5-bae5-b82be0790279, command=[]} | ret=SUCCESS |  
2019-09-20 09:37:54,628 | INFO  | SCMAudit | user=jenkins1000 | ip=192.168.151.119 | op=SEND_HEARTBEAT {datanodeUUID=10741cbd-d620-4a9b-9e67-51db8a2e0e6a, command=[]} | ret=SUCCESS |  
2019-09-20 09:37:54,869 | INFO  | SCMAudit | user=jenkins1000 | ip=192.168.151.119 | op=SEND_HEARTBEAT {datanodeUUID=d4fa05df-3099-4015-ad0e-4200365d2035, command=[]} | ret=SUCCESS |  
2019-09-20 09:37:55,019 | INFO  | SCMAudit | user=jenkins1000 | ip=192.168.151.119 | op=SEND_HEARTBEAT {datanodeUUID=86933813-1e1e-464a-ae0f-2ef91831d02b, command=[]} | ret=SUCCESS |  
2019-09-20 09:37:55,440 | INFO  | SCMAudit | user=jenkins1000 | ip=192.168.151.119 | op=SEND_HEARTBEAT {datanodeUUID=ba1e65fe-7169-476d-a778-4df70d7cdd6e, command=[]} | ret=SUCCESS |  
2019-09-20 09:37:55,510 | INFO  | SCMAudit | user=jenkins1000 | ip=192.168.151.119 | op=SEND_HEARTBEAT {datanodeUUID=37b777df-de08-4da5-9630-325a3e0e88a6, command=[]} | ret=SUCCESS |  
2019-09-20 09:37:55,535 | INFO  | SCMAudit | user=jenkins1000 | ip=192.168.151.119 | op=SEND_HEARTBEAT {datanodeUUID=4d6fff4c-5cb6-40a3-b677-a76fbdc0054d, command=[]} | ret=SUCCESS |  
2019-09-20 09:37:55,546 | INFO  | SCMAudit | user=jenkins1000 | ip=192.168.151.119 | op=SEND_HEARTBEAT {datanodeUUID=d072c18a-1b53-41d5-bae5-b82be0790279, command=[]} | ret=SUCCESS |  
2019-09-20 09:37:55,627 | INFO  | SCMAudit | user=jenkins1000 | ip=192.168.151.119 | op=SEND_HEARTBEAT {datanodeUUID=10741cbd-d620-4a9b-9e67-51db8a2e0e6a, command=[]} | ret=SUCCESS |  
2019-09-20 09:37:55,869 | INFO  | SCMAudit | user=jenkins1000 | ip=192.168.151.119 | op=SEND_HEARTBEAT {datanodeUUID=d4fa05df-3099-4015-ad0e-4200365d2035, command=[]} | ret=SUCCESS |  
2019-09-20 09:37:56,019 | INFO  | SCMAudit | user=jenkins1000 | ip=192.168.151.119 | op=SEND_HEARTBEAT {datanodeUUID=86933813-1e1e-464a-ae0f-2ef91831d02b, command=[]} | ret=SUCCESS |  
2019-09-20 09:37:56,439 | INFO  | SCMAudit | user=jenkins1000 | ip=192.168.151.119 | op=SEND_HEARTBEAT {datanodeUUID=ba1e65fe-7169-476d-a778-4df70d7cdd6e, command=[]} | ret=SUCCESS |  
2019-09-20 09:37:56,510 | INFO  | SCMAudit | user=jenkins1000 | ip=192.168.151.119 | op=SEND_HEARTBEAT {datanodeUUID=37b777df-de08-4da5-9630-325a3e0e88a6, command=[]} | ret=SUCCESS |  
2019-09-20 09:37:56,535 | INFO  | SCMAudit | user=jenkins1000 | ip=192.168.151.119 | op=SEND_HEARTBEAT {datanodeUUID=4d6fff4c-5cb6-40a3-b677-a76fbdc0054d, command=[]} | ret=SUCCESS |  
2019-09-20 09:37:56,546 | INFO  | SCMAudit | user=jenkins1000 | ip=192.168.151.119 | op=SEND_HEARTBEAT {datanodeUUID=d072c18a-1b53-41d5-bae5-b82be0790279, command=[]} | ret=SUCCESS |  
2019-09-20 09:37:56,627 | INFO  | SCMAudit | user=jenkins1000 | ip=192.168.151.119 | op=SEND_HEARTBEAT {datanodeUUID=10741cbd-d620-4a9b-9e67-51db8a2e0e6a, command=[]} | ret=SUCCESS |  
2019-09-20 09:37:56,724 [grpc-default-executor-13] INFO  client.GrpcClientProtocolClient (GrpcClientProtocolClient.java:onNext(255)) - client-05D5A58C38F8->d072c18a-1b53-41d5-bae5-b82be0790279: receive RaftClientReply:client-05D5A58C38F8->d072c18a-1b53-41d5-bae5-b82be0790279@group-13440712A48A, cid=45, FAILED org.apache.ratis.protocol.NotLeaderException: Server d072c18a-1b53-41d5-bae5-b82be0790279 is not the leader (37b777df-de08-4da5-9630-325a3e0e88a6:192.168.151.119:35524). Request must be sent to leader., logIndex=0, commits[d072c18a-1b53-41d5-bae5-b82be0790279:c8, 37b777df-de08-4da5-9630-325a3e0e88a6:c8, 4d6fff4c-5cb6-40a3-b677-a76fbdc0054d:c8]
2019-09-20 09:37:56,869 | INFO  | SCMAudit | user=jenkins1000 | ip=192.168.151.119 | op=SEND_HEARTBEAT {datanodeUUID=d4fa05df-3099-4015-ad0e-4200365d2035, command=[]} | ret=SUCCESS |  
2019-09-20 09:37:57,020 | INFO  | SCMAudit | user=jenkins1000 | ip=192.168.151.119 | op=SEND_HEARTBEAT {datanodeUUID=86933813-1e1e-464a-ae0f-2ef91831d02b, command=[]} | ret=SUCCESS |  
2019-09-20 09:37:57,440 | INFO  | SCMAudit | user=jenkins1000 | ip=192.168.151.119 | op=SEND_HEARTBEAT {datanodeUUID=ba1e65fe-7169-476d-a778-4df70d7cdd6e, command=[]} | ret=SUCCESS |  
2019-09-20 09:37:57,510 | INFO  | SCMAudit | user=jenkins1000 | ip=192.168.151.119 | op=SEND_HEARTBEAT {datanodeUUID=37b777df-de08-4da5-9630-325a3e0e88a6, command=[]} | ret=SUCCESS |  
2019-09-20 09:37:57,535 | INFO  | SCMAudit | user=jenkins1000 | ip=192.168.151.119 | op=SEND_HEARTBEAT {datanodeUUID=4d6fff4c-5cb6-40a3-b677-a76fbdc0054d, command=[]} | ret=SUCCESS |  
2019-09-20 09:37:57,546 | INFO  | SCMAudit | user=jenkins1000 | ip=192.168.151.119 | op=SEND_HEARTBEAT {datanodeUUID=d072c18a-1b53-41d5-bae5-b82be0790279, command=[]} | ret=SUCCESS |  
2019-09-20 09:37:57,627 | INFO  | SCMAudit | user=jenkins1000 | ip=192.168.151.119 | op=SEND_HEARTBEAT {datanodeUUID=10741cbd-d620-4a9b-9e67-51db8a2e0e6a, command=[]} | ret=SUCCESS |  
2019-09-20 09:37:57,869 | INFO  | SCMAudit | user=jenkins1000 | ip=192.168.151.119 | op=SEND_HEARTBEAT {datanodeUUID=d4fa05df-3099-4015-ad0e-4200365d2035, command=[]} | ret=SUCCESS |  
2019-09-20 09:37:58,019 | INFO  | SCMAudit | user=jenkins1000 | ip=192.168.151.119 | op=SEND_HEARTBEAT {datanodeUUID=86933813-1e1e-464a-ae0f-2ef91831d02b, command=[]} | ret=SUCCESS |  
2019-09-20 09:37:58,439 | INFO  | SCMAudit | user=jenkins1000 | ip=192.168.151.119 | op=SEND_HEARTBEAT {datanodeUUID=ba1e65fe-7169-476d-a778-4df70d7cdd6e, command=[]} | ret=SUCCESS |  
2019-09-20 09:37:58,510 | INFO  | SCMAudit | user=jenkins1000 | ip=192.168.151.119 | op=SEND_HEARTBEAT {datanodeUUID=37b777df-de08-4da5-9630-325a3e0e88a6, command=[]} | ret=SUCCESS |  
2019-09-20 09:37:58,535 | INFO  | SCMAudit | user=jenkins1000 | ip=192.168.151.119 | op=SEND_HEARTBEAT {datanodeUUID=4d6fff4c-5cb6-40a3-b677-a76fbdc0054d, command=[]} | ret=SUCCESS |  
2019-09-20 09:37:58,546 | INFO  | SCMAudit | user=jenkins1000 | ip=192.168.151.119 | op=SEND_HEARTBEAT {datanodeUUID=d072c18a-1b53-41d5-bae5-b82be0790279, command=[]} | ret=SUCCESS |  
2019-09-20 09:37:58,627 | INFO  | SCMAudit | user=jenkins1000 | ip=192.168.151.119 | op=SEND_HEARTBEAT {datanodeUUID=10741cbd-d620-4a9b-9e67-51db8a2e0e6a, command=[]} | ret=SUCCESS |  
2019-09-20 09:37:58,870 | INFO  | SCMAudit | user=jenkins1000 | ip=192.168.151.119 | op=SEND_HEARTBEAT {datanodeUUID=d4fa05df-3099-4015-ad0e-4200365d2035, command=[]} | ret=SUCCESS |  
2019-09-20 09:37:59,019 | INFO  | SCMAudit | user=jenkins1000 | ip=192.168.151.119 | op=SEND_HEARTBEAT {datanodeUUID=86933813-1e1e-464a-ae0f-2ef91831d02b, command=[]} | ret=SUCCESS |  
2019-09-20 09:37:59,440 | INFO  | SCMAudit | user=jenkins1000 | ip=192.168.151.119 | op=SEND_HEARTBEAT {datanodeUUID=ba1e65fe-7169-476d-a778-4df70d7cdd6e, command=[]} | ret=SUCCESS |  
2019-09-20 09:37:59,510 | INFO  | SCMAudit | user=jenkins1000 | ip=192.168.151.119 | op=SEND_HEARTBEAT {datanodeUUID=37b777df-de08-4da5-9630-325a3e0e88a6, command=[]} | ret=SUCCESS |  
2019-09-20 09:37:59,535 | INFO  | SCMAudit | user=jenkins1000 | ip=192.168.151.119 | op=SEND_HEARTBEAT {datanodeUUID=4d6fff4c-5cb6-40a3-b677-a76fbdc0054d, command=[]} | ret=SUCCESS |  
2019-09-20 09:37:59,546 | INFO  | SCMAudit | user=jenkins1000 | ip=192.168.151.119 | op=SEND_HEARTBEAT {datanodeUUID=d072c18a-1b53-41d5-bae5-b82be0790279, command=[]} | ret=SUCCESS |  
2019-09-20 09:37:59,628 | INFO  | SCMAudit | user=jenkins1000 | ip=192.168.151.119 | op=SEND_HEARTBEAT {datanodeUUID=10741cbd-d620-4a9b-9e67-51db8a2e0e6a, command=[]} | ret=SUCCESS |  
2019-09-20 09:37:59,870 | INFO  | SCMAudit | user=jenkins1000 | ip=192.168.151.119 | op=SEND_HEARTBEAT {datanodeUUID=d4fa05df-3099-4015-ad0e-4200365d2035, command=[]} | ret=SUCCESS |  
2019-09-20 09:38:00,019 | INFO  | SCMAudit | user=jenkins1000 | ip=192.168.151.119 | op=SEND_HEARTBEAT {datanodeUUID=86933813-1e1e-464a-ae0f-2ef91831d02b, command=[]} | ret=SUCCESS |  
2019-09-20 09:38:00,440 | INFO  | SCMAudit | user=jenkins1000 | ip=192.168.151.119 | op=SEND_HEARTBEAT {datanodeUUID=ba1e65fe-7169-476d-a778-4df70d7cdd6e, command=[]} | ret=SUCCESS |  
2019-09-20 09:38:00,510 | INFO  | SCMAudit | user=jenkins1000 | ip=192.168.151.119 | op=SEND_HEARTBEAT {datanodeUUID=37b777df-de08-4da5-9630-325a3e0e88a6, command=[]} | ret=SUCCESS |  
2019-09-20 09:38:00,535 | INFO  | SCMAudit | user=jenkins1000 | ip=192.168.151.119 | op=SEND_HEARTBEAT {datanodeUUID=4d6fff4c-5cb6-40a3-b677-a76fbdc0054d, command=[]} | ret=SUCCESS |  
2019-09-20 09:38:00,546 | INFO  | SCMAudit | user=jenkins1000 | ip=192.168.151.119 | op=SEND_HEARTBEAT {datanodeUUID=d072c18a-1b53-41d5-bae5-b82be0790279, command=[]} | ret=SUCCESS |  
2019-09-20 09:38:00,628 | INFO  | SCMAudit | user=jenkins1000 | ip=192.168.151.119 | op=SEND_HEARTBEAT {datanodeUUID=10741cbd-d620-4a9b-9e67-51db8a2e0e6a, command=[]} | ret=SUCCESS |  
2019-09-20 09:38:00,869 | INFO  | SCMAudit | user=jenkins1000 | ip=192.168.151.119 | op=SEND_HEARTBEAT {datanodeUUID=d4fa05df-3099-4015-ad0e-4200365d2035, command=[]} | ret=SUCCESS |  
2019-09-20 09:38:01,020 | INFO  | SCMAudit | user=jenkins1000 | ip=192.168.151.119 | op=SEND_HEARTBEAT {datanodeUUID=86933813-1e1e-464a-ae0f-2ef91831d02b, command=[]} | ret=SUCCESS |  
2019-09-20 09:38:01,439 | INFO  | SCMAudit | user=jenkins1000 | ip=192.168.151.119 | op=SEND_HEARTBEAT {datanodeUUID=ba1e65fe-7169-476d-a778-4df70d7cdd6e, command=[]} | ret=SUCCESS |  
2019-09-20 09:38:01,510 | INFO  | SCMAudit | user=jenkins1000 | ip=192.168.151.119 | op=SEND_HEARTBEAT {datanodeUUID=37b777df-de08-4da5-9630-325a3e0e88a6, command=[]} | ret=SUCCESS |  
2019-09-20 09:38:01,535 | INFO  | SCMAudit | user=jenkins1000 | ip=192.168.151.119 | op=SEND_HEARTBEAT {datanodeUUID=4d6fff4c-5cb6-40a3-b677-a76fbdc0054d, command=[]} | ret=SUCCESS |  
2019-09-20 09:38:01,546 | INFO  | SCMAudit | user=jenkins1000 | ip=192.168.151.119 | op=SEND_HEARTBEAT {datanodeUUID=d072c18a-1b53-41d5-bae5-b82be0790279, command=[]} | ret=SUCCESS |  
2019-09-20 09:38:01,629 | INFO  | SCMAudit | user=jenkins1000 | ip=192.168.151.119 | op=SEND_HEARTBEAT {datanodeUUID=10741cbd-d620-4a9b-9e67-51db8a2e0e6a, command=[]} | ret=SUCCESS |  
2019-09-20 09:38:01,760 [grpc-default-executor-13] INFO  client.GrpcClientProtocolClient (GrpcClientProtocolClient.java:onNext(255)) - client-05D5A58C38F8->4d6fff4c-5cb6-40a3-b677-a76fbdc0054d: receive RaftClientReply:client-05D5A58C38F8->4d6fff4c-5cb6-40a3-b677-a76fbdc0054d@group-13440712A48A, cid=45, FAILED org.apache.ratis.protocol.NotLeaderException: Server 4d6fff4c-5cb6-40a3-b677-a76fbdc0054d is not the leader (37b777df-de08-4da5-9630-325a3e0e88a6:192.168.151.119:35524). Request must be sent to leader., logIndex=0, commits[4d6fff4c-5cb6-40a3-b677-a76fbdc0054d:c8, d072c18a-1b53-41d5-bae5-b82be0790279:c8, 37b777df-de08-4da5-9630-325a3e0e88a6:c8]
2019-09-20 09:38:01,869 | INFO  | SCMAudit | user=jenkins1000 | ip=192.168.151.119 | op=SEND_HEARTBEAT {datanodeUUID=d4fa05df-3099-4015-ad0e-4200365d2035, command=[]} | ret=SUCCESS |  
2019-09-20 09:38:02,020 | INFO  | SCMAudit | user=jenkins1000 | ip=192.168.151.119 | op=SEND_HEARTBEAT {datanodeUUID=86933813-1e1e-464a-ae0f-2ef91831d02b, command=[]} | ret=SUCCESS |  
2019-09-20 09:38:02,439 | INFO  | SCMAudit | user=jenkins1000 | ip=192.168.151.119 | op=SEND_HEARTBEAT {datanodeUUID=ba1e65fe-7169-476d-a778-4df70d7cdd6e, command=[]} | ret=SUCCESS |  
2019-09-20 09:38:02,510 | INFO  | SCMAudit | user=jenkins1000 | ip=192.168.151.119 | op=SEND_HEARTBEAT {datanodeUUID=37b777df-de08-4da5-9630-325a3e0e88a6, command=[]} | ret=SUCCESS |  
2019-09-20 09:38:02,535 | INFO  | SCMAudit | user=jenkins1000 | ip=192.168.151.119 | op=SEND_HEARTBEAT {datanodeUUID=4d6fff4c-5cb6-40a3-b677-a76fbdc0054d, command=[]} | ret=SUCCESS |  
2019-09-20 09:38:02,546 | INFO  | SCMAudit | user=jenkins1000 | ip=192.168.151.119 | op=SEND_HEARTBEAT {datanodeUUID=d072c18a-1b53-41d5-bae5-b82be0790279, command=[]} | ret=SUCCESS |  
2019-09-20 09:38:02,630 | INFO  | SCMAudit | user=jenkins1000 | ip=192.168.151.119 | op=SEND_HEARTBEAT {datanodeUUID=10741cbd-d620-4a9b-9e67-51db8a2e0e6a, command=[]} | ret=SUCCESS |  
2019-09-20 09:38:02,869 | INFO  | SCMAudit | user=jenkins1000 | ip=192.168.151.119 | op=SEND_HEARTBEAT {datanodeUUID=d4fa05df-3099-4015-ad0e-4200365d2035, command=[]} | ret=SUCCESS |  
2019-09-20 09:38:03,020 | INFO  | SCMAudit | user=jenkins1000 | ip=192.168.151.119 | op=SEND_HEARTBEAT {datanodeUUID=86933813-1e1e-464a-ae0f-2ef91831d02b, command=[]} | ret=SUCCESS |  
2019-09-20 09:38:03,440 | INFO  | SCMAudit | user=jenkins1000 | ip=192.168.151.119 | op=SEND_HEARTBEAT {datanodeUUID=ba1e65fe-7169-476d-a778-4df70d7cdd6e, command=[]} | ret=SUCCESS |  
2019-09-20 09:38:03,510 | INFO  | SCMAudit | user=jenkins1000 | ip=192.168.151.119 | op=SEND_HEARTBEAT {datanodeUUID=37b777df-de08-4da5-9630-325a3e0e88a6, command=[]} | ret=SUCCESS |  
2019-09-20 09:38:03,536 | INFO  | SCMAudit | user=jenkins1000 | ip=192.168.151.119 | op=SEND_HEARTBEAT {datanodeUUID=4d6fff4c-5cb6-40a3-b677-a76fbdc0054d, command=[]} | ret=SUCCESS |  
2019-09-20 09:38:03,546 | INFO  | SCMAudit | user=jenkins1000 | ip=192.168.151.119 | op=SEND_HEARTBEAT {datanodeUUID=d072c18a-1b53-41d5-bae5-b82be0790279, command=[]} | ret=SUCCESS |  
2019-09-20 09:38:03,630 | INFO  | SCMAudit | user=jenkins1000 | ip=192.168.151.119 | op=SEND_HEARTBEAT {datanodeUUID=10741cbd-d620-4a9b-9e67-51db8a2e0e6a, command=[]} | ret=SUCCESS |  
2019-09-20 09:38:03,870 | INFO  | SCMAudit | user=jenkins1000 | ip=192.168.151.119 | op=SEND_HEARTBEAT {datanodeUUID=d4fa05df-3099-4015-ad0e-4200365d2035, command=[]} | ret=SUCCESS |  
2019-09-20 09:38:04,020 | INFO  | SCMAudit | user=jenkins1000 | ip=192.168.151.119 | op=SEND_HEARTBEAT {datanodeUUID=86933813-1e1e-464a-ae0f-2ef91831d02b, command=[]} | ret=SUCCESS |  
2019-09-20 09:38:04,439 | INFO  | SCMAudit | user=jenkins1000 | ip=192.168.151.119 | op=SEND_HEARTBEAT {datanodeUUID=ba1e65fe-7169-476d-a778-4df70d7cdd6e, command=[]} | ret=SUCCESS |  
2019-09-20 09:38:04,510 | INFO  | SCMAudit | user=jenkins1000 | ip=192.168.151.119 | op=SEND_HEARTBEAT {datanodeUUID=37b777df-de08-4da5-9630-325a3e0e88a6, command=[]} | ret=SUCCESS |  
2019-09-20 09:38:04,537 | INFO  | SCMAudit | user=jenkins1000 | ip=192.168.151.119 | op=SEND_HEARTBEAT {datanodeUUID=4d6fff4c-5cb6-40a3-b677-a76fbdc0054d, command=[]} | ret=SUCCESS |  
2019-09-20 09:38:04,546 | INFO  | SCMAudit | user=jenkins1000 | ip=192.168.151.119 | op=SEND_HEARTBEAT {datanodeUUID=d072c18a-1b53-41d5-bae5-b82be0790279, command=[]} | ret=SUCCESS |  
2019-09-20 09:38:04,630 | INFO  | SCMAudit | user=jenkins1000 | ip=192.168.151.119 | op=SEND_HEARTBEAT {datanodeUUID=10741cbd-d620-4a9b-9e67-51db8a2e0e6a, command=[]} | ret=SUCCESS |  
2019-09-20 09:38:04,870 | INFO  | SCMAudit | user=jenkins1000 | ip=192.168.151.119 | op=SEND_HEARTBEAT {datanodeUUID=d4fa05df-3099-4015-ad0e-4200365d2035, command=[]} | ret=SUCCESS |  
2019-09-20 09:38:05,020 | INFO  | SCMAudit | user=jenkins1000 | ip=192.168.151.119 | op=SEND_HEARTBEAT {datanodeUUID=86933813-1e1e-464a-ae0f-2ef91831d02b, command=[]} | ret=SUCCESS |  
2019-09-20 09:38:05,439 | INFO  | SCMAudit | user=jenkins1000 | ip=192.168.151.119 | op=SEND_HEARTBEAT {datanodeUUID=ba1e65fe-7169-476d-a778-4df70d7cdd6e, command=[]} | ret=SUCCESS |  
2019-09-20 09:38:05,511 | INFO  | SCMAudit | user=jenkins1000 | ip=192.168.151.119 | op=SEND_HEARTBEAT {datanodeUUID=37b777df-de08-4da5-9630-325a3e0e88a6, command=[]} | ret=SUCCESS |  
2019-09-20 09:38:05,538 | INFO  | SCMAudit | user=jenkins1000 | ip=192.168.151.119 | op=SEND_HEARTBEAT {datanodeUUID=4d6fff4c-5cb6-40a3-b677-a76fbdc0054d, command=[]} | ret=SUCCESS |  
2019-09-20 09:38:05,546 | INFO  | SCMAudit | user=jenkins1000 | ip=192.168.151.119 | op=SEND_HEARTBEAT {datanodeUUID=d072c18a-1b53-41d5-bae5-b82be0790279, command=[]} | ret=SUCCESS |  
2019-09-20 09:38:05,630 | INFO  | SCMAudit | user=jenkins1000 | ip=192.168.151.119 | op=SEND_HEARTBEAT {datanodeUUID=10741cbd-d620-4a9b-9e67-51db8a2e0e6a, command=[]} | ret=SUCCESS |  
2019-09-20 09:38:05,870 | INFO  | SCMAudit | user=jenkins1000 | ip=192.168.151.119 | op=SEND_HEARTBEAT {datanodeUUID=d4fa05df-3099-4015-ad0e-4200365d2035, command=[]} | ret=SUCCESS |  
2019-09-20 09:38:06,020 | INFO  | SCMAudit | user=jenkins1000 | ip=192.168.151.119 | op=SEND_HEARTBEAT {datanodeUUID=86933813-1e1e-464a-ae0f-2ef91831d02b, command=[]} | ret=SUCCESS |  
2019-09-20 09:38:06,440 | INFO  | SCMAudit | user=jenkins1000 | ip=192.168.151.119 | op=SEND_HEARTBEAT {datanodeUUID=ba1e65fe-7169-476d-a778-4df70d7cdd6e, command=[]} | ret=SUCCESS |  
2019-09-20 09:38:06,511 | INFO  | SCMAudit | user=jenkins1000 | ip=192.168.151.119 | op=SEND_HEARTBEAT {datanodeUUID=37b777df-de08-4da5-9630-325a3e0e88a6, command=[]} | ret=SUCCESS |  
2019-09-20 09:38:06,538 | INFO  | SCMAudit | user=jenkins1000 | ip=192.168.151.119 | op=SEND_HEARTBEAT {datanodeUUID=4d6fff4c-5cb6-40a3-b677-a76fbdc0054d, command=[]} | ret=SUCCESS |  
2019-09-20 09:38:06,546 | INFO  | SCMAudit | user=jenkins1000 | ip=192.168.151.119 | op=SEND_HEARTBEAT {datanodeUUID=d072c18a-1b53-41d5-bae5-b82be0790279, command=[]} | ret=SUCCESS |  
2019-09-20 09:38:06,630 | INFO  | SCMAudit | user=jenkins1000 | ip=192.168.151.119 | op=SEND_HEARTBEAT {datanodeUUID=10741cbd-d620-4a9b-9e67-51db8a2e0e6a, command=[]} | ret=SUCCESS |  
2019-09-20 09:38:06,800 [grpc-default-executor-13] INFO  client.GrpcClientProtocolClient (GrpcClientProtocolClient.java:onNext(255)) - client-05D5A58C38F8->d072c18a-1b53-41d5-bae5-b82be0790279: receive RaftClientReply:client-05D5A58C38F8->d072c18a-1b53-41d5-bae5-b82be0790279@group-13440712A48A, cid=45, FAILED org.apache.ratis.protocol.NotLeaderException: Server d072c18a-1b53-41d5-bae5-b82be0790279 is not the leader (37b777df-de08-4da5-9630-325a3e0e88a6:192.168.151.119:35524). Request must be sent to leader., logIndex=0, commits[d072c18a-1b53-41d5-bae5-b82be0790279:c8, 37b777df-de08-4da5-9630-325a3e0e88a6:c8, 4d6fff4c-5cb6-40a3-b677-a76fbdc0054d:c8]
2019-09-20 09:38:06,870 | INFO  | SCMAudit | user=jenkins1000 | ip=192.168.151.119 | op=SEND_HEARTBEAT {datanodeUUID=d4fa05df-3099-4015-ad0e-4200365d2035, command=[]} | ret=SUCCESS |  
2019-09-20 09:38:07,020 | INFO  | SCMAudit | user=jenkins1000 | ip=192.168.151.119 | op=SEND_HEARTBEAT {datanodeUUID=86933813-1e1e-464a-ae0f-2ef91831d02b, command=[]} | ret=SUCCESS |  
2019-09-20 09:38:07,440 | INFO  | SCMAudit | user=jenkins1000 | ip=192.168.151.119 | op=SEND_HEARTBEAT {datanodeUUID=ba1e65fe-7169-476d-a778-4df70d7cdd6e, command=[]} | ret=SUCCESS |  
2019-09-20 09:38:07,512 | INFO  | SCMAudit | user=jenkins1000 | ip=192.168.151.119 | op=SEND_HEARTBEAT {datanodeUUID=37b777df-de08-4da5-9630-325a3e0e88a6, command=[]} | ret=SUCCESS |  
2019-09-20 09:38:07,538 | INFO  | SCMAudit | user=jenkins1000 | ip=192.168.151.119 | op=SEND_HEARTBEAT {datanodeUUID=4d6fff4c-5cb6-40a3-b677-a76fbdc0054d, command=[]} | ret=SUCCESS |  
2019-09-20 09:38:07,546 | INFO  | SCMAudit | user=jenkins1000 | ip=192.168.151.119 | op=SEND_HEARTBEAT {datanodeUUID=d072c18a-1b53-41d5-bae5-b82be0790279, command=[]} | ret=SUCCESS |  
2019-09-20 09:38:07,630 | INFO  | SCMAudit | user=jenkins1000 | ip=192.168.151.119 | op=SEND_HEARTBEAT {datanodeUUID=10741cbd-d620-4a9b-9e67-51db8a2e0e6a, command=[]} | ret=SUCCESS |  
2019-09-20 09:38:07,870 | INFO  | SCMAudit | user=jenkins1000 | ip=192.168.151.119 | op=SEND_HEARTBEAT {datanodeUUID=d4fa05df-3099-4015-ad0e-4200365d2035, command=[]} | ret=SUCCESS |  
2019-09-20 09:38:08,020 | INFO  | SCMAudit | user=jenkins1000 | ip=192.168.151.119 | op=SEND_HEARTBEAT {datanodeUUID=86933813-1e1e-464a-ae0f-2ef91831d02b, command=[]} | ret=SUCCESS |  
2019-09-20 09:38:08,440 | INFO  | SCMAudit | user=jenkins1000 | ip=192.168.151.119 | op=SEND_HEARTBEAT {datanodeUUID=ba1e65fe-7169-476d-a778-4df70d7cdd6e, command=[]} | ret=SUCCESS |  
2019-09-20 09:38:08,513 | INFO  | SCMAudit | user=jenkins1000 | ip=192.168.151.119 | op=SEND_HEARTBEAT {datanodeUUID=37b777df-de08-4da5-9630-325a3e0e88a6, command=[]} | ret=SUCCESS |  
2019-09-20 09:38:08,538 | INFO  | SCMAudit | user=jenkins1000 | ip=192.168.151.119 | op=SEND_HEARTBEAT {datanodeUUID=4d6fff4c-5cb6-40a3-b677-a76fbdc0054d, command=[]} | ret=SUCCESS |  
2019-09-20 09:38:08,546 | INFO  | SCMAudit | user=jenkins1000 | ip=192.168.151.119 | op=SEND_HEARTBEAT {datanodeUUID=d072c18a-1b53-41d5-bae5-b82be0790279, command=[]} | ret=SUCCESS |  
2019-09-20 09:38:08,630 | INFO  | SCMAudit | user=jenkins1000 | ip=192.168.151.119 | op=SEND_HEARTBEAT {datanodeUUID=10741cbd-d620-4a9b-9e67-51db8a2e0e6a, command=[]} | ret=SUCCESS |  
2019-09-20 09:38:08,870 | INFO  | SCMAudit | user=jenkins1000 | ip=192.168.151.119 | op=SEND_HEARTBEAT {datanodeUUID=d4fa05df-3099-4015-ad0e-4200365d2035, command=[]} | ret=SUCCESS |  
2019-09-20 09:38:09,021 | INFO  | SCMAudit | user=jenkins1000 | ip=192.168.151.119 | op=SEND_HEARTBEAT {datanodeUUID=86933813-1e1e-464a-ae0f-2ef91831d02b, command=[]} | ret=SUCCESS |  
2019-09-20 09:38:09,441 | INFO  | SCMAudit | user=jenkins1000 | ip=192.168.151.119 | op=SEND_HEARTBEAT {datanodeUUID=ba1e65fe-7169-476d-a778-4df70d7cdd6e, command=[]} | ret=SUCCESS |  
2019-09-20 09:38:09,514 | INFO  | SCMAudit | user=jenkins1000 | ip=192.168.151.119 | op=SEND_HEARTBEAT {datanodeUUID=37b777df-de08-4da5-9630-325a3e0e88a6, command=[]} | ret=SUCCESS |  
2019-09-20 09:38:09,538 | INFO  | SCMAudit | user=jenkins1000 | ip=192.168.151.119 | op=SEND_HEARTBEAT {datanodeUUID=4d6fff4c-5cb6-40a3-b677-a76fbdc0054d, command=[]} | ret=SUCCESS |  
2019-09-20 09:38:09,546 | INFO  | SCMAudit | user=jenkins1000 | ip=192.168.151.119 | op=SEND_HEARTBEAT {datanodeUUID=d072c18a-1b53-41d5-bae5-b82be0790279, command=[]} | ret=SUCCESS |  
2019-09-20 09:38:09,631 | INFO  | SCMAudit | user=jenkins1000 | ip=192.168.151.119 | op=SEND_HEARTBEAT {datanodeUUID=10741cbd-d620-4a9b-9e67-51db8a2e0e6a, command=[]} | ret=SUCCESS |  
2019-09-20 09:38:09,870 | INFO  | SCMAudit | user=jenkins1000 | ip=192.168.151.119 | op=SEND_HEARTBEAT {datanodeUUID=d4fa05df-3099-4015-ad0e-4200365d2035, command=[]} | ret=SUCCESS |  
2019-09-20 09:38:10,021 | INFO  | SCMAudit | user=jenkins1000 | ip=192.168.151.119 | op=SEND_HEARTBEAT {datanodeUUID=86933813-1e1e-464a-ae0f-2ef91831d02b, command=[]} | ret=SUCCESS |  
2019-09-20 09:38:10,440 | INFO  | SCMAudit | user=jenkins1000 | ip=192.168.151.119 | op=SEND_HEARTBEAT {datanodeUUID=ba1e65fe-7169-476d-a778-4df70d7cdd6e, command=[]} | ret=SUCCESS |  
2019-09-20 09:38:10,514 | INFO  | SCMAudit | user=jenkins1000 | ip=192.168.151.119 | op=SEND_HEARTBEAT {datanodeUUID=37b777df-de08-4da5-9630-325a3e0e88a6, command=[]} | ret=SUCCESS |  
2019-09-20 09:38:10,538 | INFO  | SCMAudit | user=jenkins1000 | ip=192.168.151.119 | op=SEND_HEARTBEAT {datanodeUUID=4d6fff4c-5cb6-40a3-b677-a76fbdc0054d, command=[]} | ret=SUCCESS |  
2019-09-20 09:38:10,546 | INFO  | SCMAudit | user=jenkins1000 | ip=192.168.151.119 | op=SEND_HEARTBEAT {datanodeUUID=d072c18a-1b53-41d5-bae5-b82be0790279, command=[]} | ret=SUCCESS |  
2019-09-20 09:38:10,631 | INFO  | SCMAudit | user=jenkins1000 | ip=192.168.151.119 | op=SEND_HEARTBEAT {datanodeUUID=10741cbd-d620-4a9b-9e67-51db8a2e0e6a, command=[]} | ret=SUCCESS |  
2019-09-20 09:38:10,871 | INFO  | SCMAudit | user=jenkins1000 | ip=192.168.151.119 | op=SEND_HEARTBEAT {datanodeUUID=d4fa05df-3099-4015-ad0e-4200365d2035, command=[]} | ret=SUCCESS |  
2019-09-20 09:38:11,021 | INFO  | SCMAudit | user=jenkins1000 | ip=192.168.151.119 | op=SEND_HEARTBEAT {datanodeUUID=86933813-1e1e-464a-ae0f-2ef91831d02b, command=[]} | ret=SUCCESS |  
2019-09-20 09:38:11,440 | INFO  | SCMAudit | user=jenkins1000 | ip=192.168.151.119 | op=SEND_HEARTBEAT {datanodeUUID=ba1e65fe-7169-476d-a778-4df70d7cdd6e, command=[]} | ret=SUCCESS |  
2019-09-20 09:38:11,514 | INFO  | SCMAudit | user=jenkins1000 | ip=192.168.151.119 | op=SEND_HEARTBEAT {datanodeUUID=37b777df-de08-4da5-9630-325a3e0e88a6, command=[]} | ret=SUCCESS |  
2019-09-20 09:38:11,538 | INFO  | SCMAudit | user=jenkins1000 | ip=192.168.151.119 | op=SEND_HEARTBEAT {datanodeUUID=4d6fff4c-5cb6-40a3-b677-a76fbdc0054d, command=[]} | ret=SUCCESS |  
2019-09-20 09:38:11,546 | INFO  | SCMAudit | user=jenkins1000 | ip=192.168.151.119 | op=SEND_HEARTBEAT {datanodeUUID=d072c18a-1b53-41d5-bae5-b82be0790279, command=[]} | ret=SUCCESS |  
2019-09-20 09:38:11,631 | INFO  | SCMAudit | user=jenkins1000 | ip=192.168.151.119 | op=SEND_HEARTBEAT {datanodeUUID=10741cbd-d620-4a9b-9e67-51db8a2e0e6a, command=[]} | ret=SUCCESS |  
2019-09-20 09:38:11,836 [grpc-default-executor-13] INFO  client.GrpcClientProtocolClient (GrpcClientProtocolClient.java:onNext(255)) - client-05D5A58C38F8->4d6fff4c-5cb6-40a3-b677-a76fbdc0054d: receive RaftClientReply:client-05D5A58C38F8->4d6fff4c-5cb6-40a3-b677-a76fbdc0054d@group-13440712A48A, cid=45, FAILED org.apache.ratis.protocol.NotLeaderException: Server 4d6fff4c-5cb6-40a3-b677-a76fbdc0054d is not the leader (37b777df-de08-4da5-9630-325a3e0e88a6:192.168.151.119:35524). Request must be sent to leader., logIndex=0, commits[4d6fff4c-5cb6-40a3-b677-a76fbdc0054d:c8, d072c18a-1b53-41d5-bae5-b82be0790279:c8, 37b777df-de08-4da5-9630-325a3e0e88a6:c8]
2019-09-20 09:38:11,871 | INFO  | SCMAudit | user=jenkins1000 | ip=192.168.151.119 | op=SEND_HEARTBEAT {datanodeUUID=d4fa05df-3099-4015-ad0e-4200365d2035, command=[]} | ret=SUCCESS |  
2019-09-20 09:38:12,021 | INFO  | SCMAudit | user=jenkins1000 | ip=192.168.151.119 | op=SEND_HEARTBEAT {datanodeUUID=86933813-1e1e-464a-ae0f-2ef91831d02b, command=[]} | ret=SUCCESS |  
2019-09-20 09:38:12,440 | INFO  | SCMAudit | user=jenkins1000 | ip=192.168.151.119 | op=SEND_HEARTBEAT {datanodeUUID=ba1e65fe-7169-476d-a778-4df70d7cdd6e, command=[]} | ret=SUCCESS |  
2019-09-20 09:38:12,515 | INFO  | SCMAudit | user=jenkins1000 | ip=192.168.151.119 | op=SEND_HEARTBEAT {datanodeUUID=37b777df-de08-4da5-9630-325a3e0e88a6, command=[]} | ret=SUCCESS |  
2019-09-20 09:38:12,539 | INFO  | SCMAudit | user=jenkins1000 | ip=192.168.151.119 | op=SEND_HEARTBEAT {datanodeUUID=4d6fff4c-5cb6-40a3-b677-a76fbdc0054d, command=[]} | ret=SUCCESS |  
2019-09-20 09:38:12,546 | INFO  | SCMAudit | user=jenkins1000 | ip=192.168.151.119 | op=SEND_HEARTBEAT {datanodeUUID=d072c18a-1b53-41d5-bae5-b82be0790279, command=[]} | ret=SUCCESS |  
2019-09-20 09:38:12,631 | INFO  | SCMAudit | user=jenkins1000 | ip=192.168.151.119 | op=SEND_HEARTBEAT {datanodeUUID=10741cbd-d620-4a9b-9e67-51db8a2e0e6a, command=[]} | ret=SUCCESS |  
2019-09-20 09:38:12,871 | INFO  | SCMAudit | user=jenkins1000 | ip=192.168.151.119 | op=SEND_HEARTBEAT {datanodeUUID=d4fa05df-3099-4015-ad0e-4200365d2035, command=[]} | ret=SUCCESS |  
2019-09-20 09:38:13,021 | INFO  | SCMAudit | user=jenkins1000 | ip=192.168.151.119 | op=SEND_HEARTBEAT {datanodeUUID=86933813-1e1e-464a-ae0f-2ef91831d02b, command=[]} | ret=SUCCESS |  
2019-09-20 09:38:13,441 | INFO  | SCMAudit | user=jenkins1000 | ip=192.168.151.119 | op=SEND_HEARTBEAT {datanodeUUID=ba1e65fe-7169-476d-a778-4df70d7cdd6e, command=[]} | ret=SUCCESS |  
2019-09-20 09:38:13,514 | INFO  | SCMAudit | user=jenkins1000 | ip=192.168.151.119 | op=SEND_HEARTBEAT {datanodeUUID=37b777df-de08-4da5-9630-325a3e0e88a6, command=[]} | ret=SUCCESS |  
2019-09-20 09:38:13,539 | INFO  | SCMAudit | user=jenkins1000 | ip=192.168.151.119 | op=SEND_HEARTBEAT {datanodeUUID=4d6fff4c-5cb6-40a3-b677-a76fbdc0054d, command=[]} | ret=SUCCESS |  
2019-09-20 09:38:13,546 | INFO  | SCMAudit | user=jenkins1000 | ip=192.168.151.119 | op=SEND_HEARTBEAT {datanodeUUID=d072c18a-1b53-41d5-bae5-b82be0790279, command=[]} | ret=SUCCESS |  
2019-09-20 09:38:13,631 | INFO  | SCMAudit | user=jenkins1000 | ip=192.168.151.119 | op=SEND_HEARTBEAT {datanodeUUID=10741cbd-d620-4a9b-9e67-51db8a2e0e6a, command=[]} | ret=SUCCESS |  
2019-09-20 09:38:13,870 | INFO  | SCMAudit | user=jenkins1000 | ip=192.168.151.119 | op=SEND_HEARTBEAT {datanodeUUID=d4fa05df-3099-4015-ad0e-4200365d2035, command=[]} | ret=SUCCESS |  
2019-09-20 09:38:14,020 | INFO  | SCMAudit | user=jenkins1000 | ip=192.168.151.119 | op=SEND_HEARTBEAT {datanodeUUID=86933813-1e1e-464a-ae0f-2ef91831d02b, command=[]} | ret=SUCCESS |  
2019-09-20 09:38:14,440 | INFO  | SCMAudit | user=jenkins1000 | ip=192.168.151.119 | op=SEND_HEARTBEAT {datanodeUUID=ba1e65fe-7169-476d-a778-4df70d7cdd6e, command=[]} | ret=SUCCESS |  
2019-09-20 09:38:14,514 | INFO  | SCMAudit | user=jenkins1000 | ip=192.168.151.119 | op=SEND_HEARTBEAT {datanodeUUID=37b777df-de08-4da5-9630-325a3e0e88a6, command=[]} | ret=SUCCESS |  
2019-09-20 09:38:14,540 | INFO  | SCMAudit | user=jenkins1000 | ip=192.168.151.119 | op=SEND_HEARTBEAT {datanodeUUID=4d6fff4c-5cb6-40a3-b677-a76fbdc0054d, command=[]} | ret=SUCCESS |  
2019-09-20 09:38:14,546 | INFO  | SCMAudit | user=jenkins1000 | ip=192.168.151.119 | op=SEND_HEARTBEAT {datanodeUUID=d072c18a-1b53-41d5-bae5-b82be0790279, command=[]} | ret=SUCCESS |  
2019-09-20 09:38:14,631 | INFO  | SCMAudit | user=jenkins1000 | ip=192.168.151.119 | op=SEND_HEARTBEAT {datanodeUUID=10741cbd-d620-4a9b-9e67-51db8a2e0e6a, command=[]} | ret=SUCCESS |  
2019-09-20 09:38:14,870 | INFO  | SCMAudit | user=jenkins1000 | ip=192.168.151.119 | op=SEND_HEARTBEAT {datanodeUUID=d4fa05df-3099-4015-ad0e-4200365d2035, command=[]} | ret=SUCCESS |  
2019-09-20 09:38:15,020 | INFO  | SCMAudit | user=jenkins1000 | ip=192.168.151.119 | op=SEND_HEARTBEAT {datanodeUUID=86933813-1e1e-464a-ae0f-2ef91831d02b, command=[]} | ret=SUCCESS |  
2019-09-20 09:38:15,440 | INFO  | SCMAudit | user=jenkins1000 | ip=192.168.151.119 | op=SEND_HEARTBEAT {datanodeUUID=ba1e65fe-7169-476d-a778-4df70d7cdd6e, command=[]} | ret=SUCCESS |  
2019-09-20 09:38:15,514 | INFO  | SCMAudit | user=jenkins1000 | ip=192.168.151.119 | op=SEND_HEARTBEAT {datanodeUUID=37b777df-de08-4da5-9630-325a3e0e88a6, command=[]} | ret=SUCCESS |  
2019-09-20 09:38:15,541 | INFO  | SCMAudit | user=jenkins1000 | ip=192.168.151.119 | op=SEND_HEARTBEAT {datanodeUUID=4d6fff4c-5cb6-40a3-b677-a76fbdc0054d, command=[]} | ret=SUCCESS |  
2019-09-20 09:38:15,546 | INFO  | SCMAudit | user=jenkins1000 | ip=192.168.151.119 | op=SEND_HEARTBEAT {datanodeUUID=d072c18a-1b53-41d5-bae5-b82be0790279, command=[]} | ret=SUCCESS |  
2019-09-20 09:38:15,631 | INFO  | SCMAudit | user=jenkins1000 | ip=192.168.151.119 | op=SEND_HEARTBEAT {datanodeUUID=10741cbd-d620-4a9b-9e67-51db8a2e0e6a, command=[]} | ret=SUCCESS |  
2019-09-20 09:38:15,871 | INFO  | SCMAudit | user=jenkins1000 | ip=192.168.151.119 | op=SEND_HEARTBEAT {datanodeUUID=d4fa05df-3099-4015-ad0e-4200365d2035, command=[]} | ret=SUCCESS |  
2019-09-20 09:38:16,020 | INFO  | SCMAudit | user=jenkins1000 | ip=192.168.151.119 | op=SEND_HEARTBEAT {datanodeUUID=86933813-1e1e-464a-ae0f-2ef91831d02b, command=[]} | ret=SUCCESS |  
2019-09-20 09:38:16,440 | INFO  | SCMAudit | user=jenkins1000 | ip=192.168.151.119 | op=SEND_HEARTBEAT {datanodeUUID=ba1e65fe-7169-476d-a778-4df70d7cdd6e, command=[]} | ret=SUCCESS |  
2019-09-20 09:38:16,514 | INFO  | SCMAudit | user=jenkins1000 | ip=192.168.151.119 | op=SEND_HEARTBEAT {datanodeUUID=37b777df-de08-4da5-9630-325a3e0e88a6, command=[]} | ret=SUCCESS |  
2019-09-20 09:38:16,541 | INFO  | SCMAudit | user=jenkins1000 | ip=192.168.151.119 | op=SEND_HEARTBEAT {datanodeUUID=4d6fff4c-5cb6-40a3-b677-a76fbdc0054d, command=[]} | ret=SUCCESS |  
2019-09-20 09:38:16,546 | INFO  | SCMAudit | user=jenkins1000 | ip=192.168.151.119 | op=SEND_HEARTBEAT {datanodeUUID=d072c18a-1b53-41d5-bae5-b82be0790279, command=[]} | ret=SUCCESS |  
2019-09-20 09:38:16,631 | INFO  | SCMAudit | user=jenkins1000 | ip=192.168.151.119 | op=SEND_HEARTBEAT {datanodeUUID=10741cbd-d620-4a9b-9e67-51db8a2e0e6a, command=[]} | ret=SUCCESS |  
2019-09-20 09:38:16,872 | INFO  | SCMAudit | user=jenkins1000 | ip=192.168.151.119 | op=SEND_HEARTBEAT {datanodeUUID=d4fa05df-3099-4015-ad0e-4200365d2035, command=[]} | ret=SUCCESS |  
2019-09-20 09:38:16,873 [grpc-default-executor-0] INFO  client.GrpcClientProtocolClient (GrpcClientProtocolClient.java:onNext(255)) - client-05D5A58C38F8->d072c18a-1b53-41d5-bae5-b82be0790279: receive RaftClientReply:client-05D5A58C38F8->d072c18a-1b53-41d5-bae5-b82be0790279@group-13440712A48A, cid=45, FAILED org.apache.ratis.protocol.NotLeaderException: Server d072c18a-1b53-41d5-bae5-b82be0790279 is not the leader (37b777df-de08-4da5-9630-325a3e0e88a6:192.168.151.119:35524). Request must be sent to leader., logIndex=0, commits[d072c18a-1b53-41d5-bae5-b82be0790279:c8, 37b777df-de08-4da5-9630-325a3e0e88a6:c8, 4d6fff4c-5cb6-40a3-b677-a76fbdc0054d:c8]
2019-09-20 09:38:17,021 | INFO  | SCMAudit | user=jenkins1000 | ip=192.168.151.119 | op=SEND_HEARTBEAT {datanodeUUID=86933813-1e1e-464a-ae0f-2ef91831d02b, command=[]} | ret=SUCCESS |  
2019-09-20 09:38:17,441 | INFO  | SCMAudit | user=jenkins1000 | ip=192.168.151.119 | op=SEND_HEARTBEAT {datanodeUUID=ba1e65fe-7169-476d-a778-4df70d7cdd6e, command=[]} | ret=SUCCESS |  
2019-09-20 09:38:17,514 | INFO  | SCMAudit | user=jenkins1000 | ip=192.168.151.119 | op=SEND_HEARTBEAT {datanodeUUID=37b777df-de08-4da5-9630-325a3e0e88a6, command=[]} | ret=SUCCESS |  
2019-09-20 09:38:17,541 | INFO  | SCMAudit | user=jenkins1000 | ip=192.168.151.119 | op=SEND_HEARTBEAT {datanodeUUID=4d6fff4c-5cb6-40a3-b677-a76fbdc0054d, command=[]} | ret=SUCCESS |  
2019-09-20 09:38:17,546 | INFO  | SCMAudit | user=jenkins1000 | ip=192.168.151.119 | op=SEND_HEARTBEAT {datanodeUUID=d072c18a-1b53-41d5-bae5-b82be0790279, command=[]} | ret=SUCCESS |  
2019-09-20 09:38:17,631 | INFO  | SCMAudit | user=jenkins1000 | ip=192.168.151.119 | op=SEND_HEARTBEAT {datanodeUUID=10741cbd-d620-4a9b-9e67-51db8a2e0e6a, command=[]} | ret=SUCCESS |  
2019-09-20 09:38:17,872 | INFO  | SCMAudit | user=jenkins1000 | ip=192.168.151.119 | op=SEND_HEARTBEAT {datanodeUUID=d4fa05df-3099-4015-ad0e-4200365d2035, command=[]} | ret=SUCCESS |  
2019-09-20 09:38:18,021 | INFO  | SCMAudit | user=jenkins1000 | ip=192.168.151.119 | op=SEND_HEARTBEAT {datanodeUUID=86933813-1e1e-464a-ae0f-2ef91831d02b, command=[]} | ret=SUCCESS |  
2019-09-20 09:38:18,441 | INFO  | SCMAudit | user=jenkins1000 | ip=192.168.151.119 | op=SEND_HEARTBEAT {datanodeUUID=ba1e65fe-7169-476d-a778-4df70d7cdd6e, command=[]} | ret=SUCCESS |  
2019-09-20 09:38:18,514 | INFO  | SCMAudit | user=jenkins1000 | ip=192.168.151.119 | op=SEND_HEARTBEAT {datanodeUUID=37b777df-de08-4da5-9630-325a3e0e88a6, command=[]} | ret=SUCCESS |  
2019-09-20 09:38:18,540 | INFO  | SCMAudit | user=jenkins1000 | ip=192.168.151.119 | op=SEND_HEARTBEAT {datanodeUUID=4d6fff4c-5cb6-40a3-b677-a76fbdc0054d, command=[]} | ret=SUCCESS |  
2019-09-20 09:38:18,546 | INFO  | SCMAudit | user=jenkins1000 | ip=192.168.151.119 | op=SEND_HEARTBEAT {datanodeUUID=d072c18a-1b53-41d5-bae5-b82be0790279, command=[]} | ret=SUCCESS |  
2019-09-20 09:38:18,631 | INFO  | SCMAudit | user=jenkins1000 | ip=192.168.151.119 | op=SEND_HEARTBEAT {datanodeUUID=10741cbd-d620-4a9b-9e67-51db8a2e0e6a, command=[]} | ret=SUCCESS |  
2019-09-20 09:38:18,872 | INFO  | SCMAudit | user=jenkins1000 | ip=192.168.151.119 | op=SEND_HEARTBEAT {datanodeUUID=d4fa05df-3099-4015-ad0e-4200365d2035, command=[]} | ret=SUCCESS |  
2019-09-20 09:38:19,021 | INFO  | SCMAudit | user=jenkins1000 | ip=192.168.151.119 | op=SEND_HEARTBEAT {datanodeUUID=86933813-1e1e-464a-ae0f-2ef91831d02b, command=[]} | ret=SUCCESS |  
2019-09-20 09:38:19,441 | INFO  | SCMAudit | user=jenkins1000 | ip=192.168.151.119 | op=SEND_HEARTBEAT {datanodeUUID=ba1e65fe-7169-476d-a778-4df70d7cdd6e, command=[]} | ret=SUCCESS |  
2019-09-20 09:38:19,514 | INFO  | SCMAudit | user=jenkins1000 | ip=192.168.151.119 | op=SEND_HEARTBEAT {datanodeUUID=37b777df-de08-4da5-9630-325a3e0e88a6, command=[]} | ret=SUCCESS |  
2019-09-20 09:38:19,540 | INFO  | SCMAudit | user=jenkins1000 | ip=192.168.151.119 | op=SEND_HEARTBEAT {datanodeUUID=4d6fff4c-5cb6-40a3-b677-a76fbdc0054d, command=[]} | ret=SUCCESS |  
2019-09-20 09:38:19,546 | INFO  | SCMAudit | user=jenkins1000 | ip=192.168.151.119 | op=SEND_HEARTBEAT {datanodeUUID=d072c18a-1b53-41d5-bae5-b82be0790279, command=[]} | ret=SUCCESS |  
2019-09-20 09:38:19,631 | INFO  | SCMAudit | user=jenkins1000 | ip=192.168.151.119 | op=SEND_HEARTBEAT {datanodeUUID=10741cbd-d620-4a9b-9e67-51db8a2e0e6a, command=[]} | ret=SUCCESS |  
2019-09-20 09:38:19,873 | INFO  | SCMAudit | user=jenkins1000 | ip=192.168.151.119 | op=SEND_HEARTBEAT {datanodeUUID=d4fa05df-3099-4015-ad0e-4200365d2035, command=[]} | ret=SUCCESS |  
2019-09-20 09:38:20,021 | INFO  | SCMAudit | user=jenkins1000 | ip=192.168.151.119 | op=SEND_HEARTBEAT {datanodeUUID=86933813-1e1e-464a-ae0f-2ef91831d02b, command=[]} | ret=SUCCESS |  
2019-09-20 09:38:20,442 | INFO  | SCMAudit | user=jenkins1000 | ip=192.168.151.119 | op=SEND_HEARTBEAT {datanodeUUID=ba1e65fe-7169-476d-a778-4df70d7cdd6e, command=[]} | ret=SUCCESS |  
2019-09-20 09:38:20,514 | INFO  | SCMAudit | user=jenkins1000 | ip=192.168.151.119 | op=SEND_HEARTBEAT {datanodeUUID=37b777df-de08-4da5-9630-325a3e0e88a6, command=[]} | ret=SUCCESS |  
2019-09-20 09:38:20,540 | INFO  | SCMAudit | user=jenkins1000 | ip=192.168.151.119 | op=SEND_HEARTBEAT {datanodeUUID=4d6fff4c-5cb6-40a3-b677-a76fbdc0054d, command=[]} | ret=SUCCESS |  
2019-09-20 09:38:20,546 | INFO  | SCMAudit | user=jenkins1000 | ip=192.168.151.119 | op=SEND_HEARTBEAT {datanodeUUID=d072c18a-1b53-41d5-bae5-b82be0790279, command=[]} | ret=SUCCESS |  
2019-09-20 09:38:20,631 | INFO  | SCMAudit | user=jenkins1000 | ip=192.168.151.119 | op=SEND_HEARTBEAT {datanodeUUID=10741cbd-d620-4a9b-9e67-51db8a2e0e6a, command=[]} | ret=SUCCESS |  
2019-09-20 09:38:20,873 | INFO  | SCMAudit | user=jenkins1000 | ip=192.168.151.119 | op=SEND_HEARTBEAT {datanodeUUID=d4fa05df-3099-4015-ad0e-4200365d2035, command=[]} | ret=SUCCESS |  
2019-09-20 09:38:21,021 | INFO  | SCMAudit | user=jenkins1000 | ip=192.168.151.119 | op=SEND_HEARTBEAT {datanodeUUID=86933813-1e1e-464a-ae0f-2ef91831d02b, command=[]} | ret=SUCCESS |  
2019-09-20 09:38:21,441 | INFO  | SCMAudit | user=jenkins1000 | ip=192.168.151.119 | op=SEND_HEARTBEAT {datanodeUUID=ba1e65fe-7169-476d-a778-4df70d7cdd6e, command=[]} | ret=SUCCESS |  
2019-09-20 09:38:21,515 | INFO  | SCMAudit | user=jenkins1000 | ip=192.168.151.119 | op=SEND_HEARTBEAT {datanodeUUID=37b777df-de08-4da5-9630-325a3e0e88a6, command=[]} | ret=SUCCESS |  
2019-09-20 09:38:21,540 | INFO  | SCMAudit | user=jenkins1000 | ip=192.168.151.119 | op=SEND_HEARTBEAT {datanodeUUID=4d6fff4c-5cb6-40a3-b677-a76fbdc0054d, command=[]} | ret=SUCCESS |  
2019-09-20 09:38:21,546 | INFO  | SCMAudit | user=jenkins1000 | ip=192.168.151.119 | op=SEND_HEARTBEAT {datanodeUUID=d072c18a-1b53-41d5-bae5-b82be0790279, command=[]} | ret=SUCCESS |  
2019-09-20 09:38:21,632 | INFO  | SCMAudit | user=jenkins1000 | ip=192.168.151.119 | op=SEND_HEARTBEAT {datanodeUUID=10741cbd-d620-4a9b-9e67-51db8a2e0e6a, command=[]} | ret=SUCCESS |  
2019-09-20 09:38:21,873 | INFO  | SCMAudit | user=jenkins1000 | ip=192.168.151.119 | op=SEND_HEARTBEAT {datanodeUUID=d4fa05df-3099-4015-ad0e-4200365d2035, command=[]} | ret=SUCCESS |  
2019-09-20 09:38:21,911 [grpc-default-executor-13] INFO  client.GrpcClientProtocolClient (GrpcClientProtocolClient.java:onNext(255)) - client-05D5A58C38F8->4d6fff4c-5cb6-40a3-b677-a76fbdc0054d: receive RaftClientReply:client-05D5A58C38F8->4d6fff4c-5cb6-40a3-b677-a76fbdc0054d@group-13440712A48A, cid=45, FAILED org.apache.ratis.protocol.NotLeaderException: Server 4d6fff4c-5cb6-40a3-b677-a76fbdc0054d is not the leader (37b777df-de08-4da5-9630-325a3e0e88a6:192.168.151.119:35524). Request must be sent to leader., logIndex=0, commits[4d6fff4c-5cb6-40a3-b677-a76fbdc0054d:c8, d072c18a-1b53-41d5-bae5-b82be0790279:c8, 37b777df-de08-4da5-9630-325a3e0e88a6:c8]
2019-09-20 09:38:22,021 | INFO  | SCMAudit | user=jenkins1000 | ip=192.168.151.119 | op=SEND_HEARTBEAT {datanodeUUID=86933813-1e1e-464a-ae0f-2ef91831d02b, command=[]} | ret=SUCCESS |  
2019-09-20 09:38:22,441 | INFO  | SCMAudit | user=jenkins1000 | ip=192.168.151.119 | op=SEND_HEARTBEAT {datanodeUUID=ba1e65fe-7169-476d-a778-4df70d7cdd6e, command=[]} | ret=SUCCESS |  
2019-09-20 09:38:22,515 | INFO  | SCMAudit | user=jenkins1000 | ip=192.168.151.119 | op=SEND_HEARTBEAT {datanodeUUID=37b777df-de08-4da5-9630-325a3e0e88a6, command=[]} | ret=SUCCESS |  
2019-09-20 09:38:22,540 | INFO  | SCMAudit | user=jenkins1000 | ip=192.168.151.119 | op=SEND_HEARTBEAT {datanodeUUID=4d6fff4c-5cb6-40a3-b677-a76fbdc0054d, command=[]} | ret=SUCCESS |  
2019-09-20 09:38:22,546 | INFO  | SCMAudit | user=jenkins1000 | ip=192.168.151.119 | op=SEND_HEARTBEAT {datanodeUUID=d072c18a-1b53-41d5-bae5-b82be0790279, command=[]} | ret=SUCCESS |  
2019-09-20 09:38:22,632 | INFO  | SCMAudit | user=jenkins1000 | ip=192.168.151.119 | op=SEND_HEARTBEAT {datanodeUUID=10741cbd-d620-4a9b-9e67-51db8a2e0e6a, command=[]} | ret=SUCCESS |  
2019-09-20 09:38:22,708 [ReplicationMonitor] INFO  container.ReplicationManager (ReplicationManager.java:run(214)) - Replication Monitor Thread took 1 milliseconds for processing 3 containers.
2019-09-20 09:38:22,874 | INFO  | SCMAudit | user=jenkins1000 | ip=192.168.151.119 | op=SEND_HEARTBEAT {datanodeUUID=d4fa05df-3099-4015-ad0e-4200365d2035, command=[]} | ret=SUCCESS |  
2019-09-20 09:38:23,022 | INFO  | SCMAudit | user=jenkins1000 | ip=192.168.151.119 | op=SEND_HEARTBEAT {datanodeUUID=86933813-1e1e-464a-ae0f-2ef91831d02b, command=[]} | ret=SUCCESS |  
2019-09-20 09:38:23,442 | INFO  | SCMAudit | user=jenkins1000 | ip=192.168.151.119 | op=SEND_HEARTBEAT {datanodeUUID=ba1e65fe-7169-476d-a778-4df70d7cdd6e, command=[]} | ret=SUCCESS |  
2019-09-20 09:38:23,515 | INFO  | SCMAudit | user=jenkins1000 | ip=192.168.151.119 | op=SEND_HEARTBEAT {datanodeUUID=37b777df-de08-4da5-9630-325a3e0e88a6, command=[]} | ret=SUCCESS |  
2019-09-20 09:38:23,540 | INFO  | SCMAudit | user=jenkins1000 | ip=192.168.151.119 | op=SEND_HEARTBEAT {datanodeUUID=4d6fff4c-5cb6-40a3-b677-a76fbdc0054d, command=[]} | ret=SUCCESS |  
2019-09-20 09:38:23,546 | INFO  | SCMAudit | user=jenkins1000 | ip=192.168.151.119 | op=SEND_HEARTBEAT {datanodeUUID=d072c18a-1b53-41d5-bae5-b82be0790279, command=[]} | ret=SUCCESS |  
2019-09-20 09:38:23,632 | INFO  | SCMAudit | user=jenkins1000 | ip=192.168.151.119 | op=SEND_HEARTBEAT {datanodeUUID=10741cbd-d620-4a9b-9e67-51db8a2e0e6a, command=[]} | ret=SUCCESS |  
2019-09-20 09:38:23,875 | INFO  | SCMAudit | user=jenkins1000 | ip=192.168.151.119 | op=SEND_HEARTBEAT {datanodeUUID=d4fa05df-3099-4015-ad0e-4200365d2035, command=[]} | ret=SUCCESS |  
2019-09-20 09:38:24,022 | INFO  | SCMAudit | user=jenkins1000 | ip=192.168.151.119 | op=SEND_HEARTBEAT {datanodeUUID=86933813-1e1e-464a-ae0f-2ef91831d02b, command=[]} | ret=SUCCESS |  
2019-09-20 09:38:24,442 | INFO  | SCMAudit | user=jenkins1000 | ip=192.168.151.119 | op=SEND_HEARTBEAT {datanodeUUID=ba1e65fe-7169-476d-a778-4df70d7cdd6e, command=[]} | ret=SUCCESS |  
2019-09-20 09:38:24,515 | INFO  | SCMAudit | user=jenkins1000 | ip=192.168.151.119 | op=SEND_HEARTBEAT {datanodeUUID=37b777df-de08-4da5-9630-325a3e0e88a6, command=[]} | ret=SUCCESS |  
2019-09-20 09:38:24,540 | INFO  | SCMAudit | user=jenkins1000 | ip=192.168.151.119 | op=SEND_HEARTBEAT {datanodeUUID=4d6fff4c-5cb6-40a3-b677-a76fbdc0054d, command=[]} | ret=SUCCESS |  
2019-09-20 09:38:24,546 | INFO  | SCMAudit | user=jenkins1000 | ip=192.168.151.119 | op=SEND_HEARTBEAT {datanodeUUID=d072c18a-1b53-41d5-bae5-b82be0790279, command=[]} | ret=SUCCESS |  
2019-09-20 09:38:24,632 | INFO  | SCMAudit | user=jenkins1000 | ip=192.168.151.119 | op=SEND_HEARTBEAT {datanodeUUID=10741cbd-d620-4a9b-9e67-51db8a2e0e6a, command=[]} | ret=SUCCESS |  
2019-09-20 09:38:24,875 | INFO  | SCMAudit | user=jenkins1000 | ip=192.168.151.119 | op=SEND_HEARTBEAT {datanodeUUID=d4fa05df-3099-4015-ad0e-4200365d2035, command=[]} | ret=SUCCESS |  
2019-09-20 09:38:25,022 | INFO  | SCMAudit | user=jenkins1000 | ip=192.168.151.119 | op=SEND_HEARTBEAT {datanodeUUID=86933813-1e1e-464a-ae0f-2ef91831d02b, command=[]} | ret=SUCCESS |  
2019-09-20 09:38:25,442 | INFO  | SCMAudit | user=jenkins1000 | ip=192.168.151.119 | op=SEND_HEARTBEAT {datanodeUUID=ba1e65fe-7169-476d-a778-4df70d7cdd6e, command=[]} | ret=SUCCESS |  
2019-09-20 09:38:25,515 | INFO  | SCMAudit | user=jenkins1000 | ip=192.168.151.119 | op=SEND_HEARTBEAT {datanodeUUID=37b777df-de08-4da5-9630-325a3e0e88a6, command=[]} | ret=SUCCESS |  
2019-09-20 09:38:25,540 | INFO  | SCMAudit | user=jenkins1000 | ip=192.168.151.119 | op=SEND_HEARTBEAT {datanodeUUID=4d6fff4c-5cb6-40a3-b677-a76fbdc0054d, command=[]} | ret=SUCCESS |  
2019-09-20 09:38:25,546 | INFO  | SCMAudit | user=jenkins1000 | ip=192.168.151.119 | op=SEND_HEARTBEAT {datanodeUUID=d072c18a-1b53-41d5-bae5-b82be0790279, command=[]} | ret=SUCCESS |  
2019-09-20 09:38:25,632 | INFO  | SCMAudit | user=jenkins1000 | ip=192.168.151.119 | op=SEND_HEARTBEAT {datanodeUUID=10741cbd-d620-4a9b-9e67-51db8a2e0e6a, command=[]} | ret=SUCCESS |  
2019-09-20 09:38:25,875 | INFO  | SCMAudit | user=jenkins1000 | ip=192.168.151.119 | op=SEND_HEARTBEAT {datanodeUUID=d4fa05df-3099-4015-ad0e-4200365d2035, command=[]} | ret=SUCCESS |  
2019-09-20 09:38:26,022 | INFO  | SCMAudit | user=jenkins1000 | ip=192.168.151.119 | op=SEND_HEARTBEAT {datanodeUUID=86933813-1e1e-464a-ae0f-2ef91831d02b, command=[]} | ret=SUCCESS |  
2019-09-20 09:38:26,442 | INFO  | SCMAudit | user=jenkins1000 | ip=192.168.151.119 | op=SEND_HEARTBEAT {datanodeUUID=ba1e65fe-7169-476d-a778-4df70d7cdd6e, command=[]} | ret=SUCCESS |  
2019-09-20 09:38:26,515 | INFO  | SCMAudit | user=jenkins1000 | ip=192.168.151.119 | op=SEND_HEARTBEAT {datanodeUUID=37b777df-de08-4da5-9630-325a3e0e88a6, command=[]} | ret=SUCCESS |  
2019-09-20 09:38:26,540 | INFO  | SCMAudit | user=jenkins1000 | ip=192.168.151.119 | op=SEND_HEARTBEAT {datanodeUUID=4d6fff4c-5cb6-40a3-b677-a76fbdc0054d, command=[]} | ret=SUCCESS |  
2019-09-20 09:38:26,546 | INFO  | SCMAudit | user=jenkins1000 | ip=192.168.151.119 | op=SEND_HEARTBEAT {datanodeUUID=d072c18a-1b53-41d5-bae5-b82be0790279, command=[]} | ret=SUCCESS |  
2019-09-20 09:38:26,631 | INFO  | SCMAudit | user=jenkins1000 | ip=192.168.151.119 | op=SEND_HEARTBEAT {datanodeUUID=10741cbd-d620-4a9b-9e67-51db8a2e0e6a, command=[]} | ret=SUCCESS |  
2019-09-20 09:38:26,875 | INFO  | SCMAudit | user=jenkins1000 | ip=192.168.151.119 | op=SEND_HEARTBEAT {datanodeUUID=d4fa05df-3099-4015-ad0e-4200365d2035, command=[]} | ret=SUCCESS |  
2019-09-20 09:38:26,947 [grpc-default-executor-0] INFO  client.GrpcClientProtocolClient (GrpcClientProtocolClient.java:onNext(255)) - client-05D5A58C38F8->d072c18a-1b53-41d5-bae5-b82be0790279: receive RaftClientReply:client-05D5A58C38F8->d072c18a-1b53-41d5-bae5-b82be0790279@group-13440712A48A, cid=45, FAILED org.apache.ratis.protocol.NotLeaderException: Server d072c18a-1b53-41d5-bae5-b82be0790279 is not the leader (37b777df-de08-4da5-9630-325a3e0e88a6:192.168.151.119:35524). Request must be sent to leader., logIndex=0, commits[d072c18a-1b53-41d5-bae5-b82be0790279:c8, 37b777df-de08-4da5-9630-325a3e0e88a6:c8, 4d6fff4c-5cb6-40a3-b677-a76fbdc0054d:c8]
2019-09-20 09:38:26,957 [main] INFO  ozone.MiniOzoneClusterImpl (MiniOzoneClusterImpl.java:shutdown(327)) - Shutting down the Mini Ozone Cluster
2019-09-20 09:38:26,958 | INFO  | SCMAudit | user=null | ip=null | op=GET_SCM_INFO null | ret=SUCCESS |  
2019-09-20 09:38:26,958 [main] INFO  ozone.MiniOzoneClusterImpl (MiniOzoneClusterImpl.java:stop(342)) - Stopping the Mini Ozone Cluster
2019-09-20 09:38:26,958 [main] INFO  ozone.MiniOzoneClusterImpl (MiniOzoneClusterImpl.java:stop(344)) - Stopping the OzoneManager
2019-09-20 09:38:26,959 [main] INFO  ipc.Server (Server.java:stop(3082)) - Stopping server on 42917
2019-09-20 09:38:26,984 [IPC Server listener on 42917] INFO  ipc.Server (Server.java:run(1185)) - Stopping IPC Server listener on 42917
2019-09-20 09:38:27,000 [main] INFO  ratis.OzoneManagerDoubleBuffer (OzoneManagerDoubleBuffer.java:stop(248)) - Stopping OMDoubleBuffer flush thread
2019-09-20 09:38:27,000 [IPC Server Responder] INFO  ipc.Server (Server.java:run(1319)) - Stopping IPC Server Responder
2019-09-20 09:38:27,002 [OMDoubleBufferFlushThread] INFO  ratis.OzoneManagerDoubleBuffer (OzoneManagerDoubleBuffer.java:flushTransactions(191)) - OMDoubleBuffer flush thread OMDoubleBufferFlushThread is interrupted and will exit. OMDoubleBufferFlushThread
2019-09-20 09:38:27,003 [main] INFO  utils.BackgroundService (BackgroundService.java:shutdown(148)) - Shutting down service KeyDeletingService
2019-09-20 09:38:27,005 [main] INFO  handler.ContextHandler (ContextHandler.java:doStop(910)) - Stopped o.e.j.w.WebAppContext@68b3248a{/,null,UNAVAILABLE}{/ozoneManager}
2019-09-20 09:38:27,006 [main] INFO  server.AbstractConnector (AbstractConnector.java:doStop(318)) - Stopped ServerConnector@5e158f33{HTTP/1.1,[http/1.1]}{0.0.0.0:0}
2019-09-20 09:38:27,007 [main] INFO  handler.ContextHandler (ContextHandler.java:doStop(910)) - Stopped o.e.j.s.ServletContextHandler@261275ae{/static,file:///workdir/hadoop-ozone/integration-test/target/test-classes/webapps/static,UNAVAILABLE}
2019-09-20 09:38:27,007 [main] INFO  handler.ContextHandler (ContextHandler.java:doStop(910)) - Stopped o.e.j.s.ServletContextHandler@601f264d{/logs,file:///workdir/hadoop-ozone/integration-test/target/log,UNAVAILABLE}
2019-09-20 09:38:27,012 [main] INFO  ozone.MiniOzoneClusterImpl (MiniOzoneClusterImpl.java:stop(350)) - Shutting the HddsDatanodes
2019-09-20 09:38:27,012 [main] INFO  datanode.ObjectStoreHandler (ObjectStoreHandler.java:close(155)) - Closing ObjectStoreHandler.
2019-09-20 09:38:27,013 [ForkJoinPool.commonPool-worker-0] INFO  datanode.ObjectStoreHandler (ObjectStoreHandler.java:close(155)) - Closing ObjectStoreHandler.
2019-09-20 09:38:27,014 [main] INFO  ozone.HddsDatanodeService (HddsDatanodeService.java:stop(451)) - Stopped plug-in org.apache.hadoop.ozone.web.OzoneHddsDatanodeService@3dc2f14
2019-09-20 09:38:27,015 [ForkJoinPool.commonPool-worker-0] INFO  ozone.HddsDatanodeService (HddsDatanodeService.java:stop(451)) - Stopped plug-in org.apache.hadoop.ozone.web.OzoneHddsDatanodeService@4aeaff64
2019-09-20 09:38:27,022 | INFO  | SCMAudit | user=jenkins1000 | ip=192.168.151.119 | op=SEND_HEARTBEAT {datanodeUUID=86933813-1e1e-464a-ae0f-2ef91831d02b, command=[]} | ret=SUCCESS |  
2019-09-20 09:38:27,442 | INFO  | SCMAudit | user=jenkins1000 | ip=192.168.151.119 | op=SEND_HEARTBEAT {datanodeUUID=ba1e65fe-7169-476d-a778-4df70d7cdd6e, command=[]} | ret=SUCCESS |  
2019-09-20 09:38:27,515 | INFO  | SCMAudit | user=jenkins1000 | ip=192.168.151.119 | op=SEND_HEARTBEAT {datanodeUUID=37b777df-de08-4da5-9630-325a3e0e88a6, command=[]} | ret=SUCCESS |  
2019-09-20 09:38:27,540 | INFO  | SCMAudit | user=jenkins1000 | ip=192.168.151.119 | op=SEND_HEARTBEAT {datanodeUUID=4d6fff4c-5cb6-40a3-b677-a76fbdc0054d, command=[]} | ret=SUCCESS |  
2019-09-20 09:38:27,546 [Datanode State Machine Thread - 0] INFO  statemachine.DatanodeStateMachine (DatanodeStateMachine.java:lambda$startDaemon$0(356)) - Ozone container server started.
2019-09-20 09:38:27,630 [Datanode State Machine Thread - 0] INFO  statemachine.DatanodeStateMachine (DatanodeStateMachine.java:lambda$startDaemon$0(356)) - Ozone container server started.
2019-09-20 09:38:27,876 | INFO  | SCMAudit | user=jenkins1000 | ip=192.168.151.119 | op=SEND_HEARTBEAT {datanodeUUID=d4fa05df-3099-4015-ad0e-4200365d2035, command=[]} | ret=SUCCESS |  
2019-09-20 09:38:28,022 | INFO  | SCMAudit | user=jenkins1000 | ip=192.168.151.119 | op=SEND_HEARTBEAT {datanodeUUID=86933813-1e1e-464a-ae0f-2ef91831d02b, command=[]} | ret=SUCCESS |  
2019-09-20 09:38:28,443 | INFO  | SCMAudit | user=jenkins1000 | ip=192.168.151.119 | op=SEND_HEARTBEAT {datanodeUUID=ba1e65fe-7169-476d-a778-4df70d7cdd6e, command=[]} | ret=SUCCESS |  
2019-09-20 09:38:28,515 | INFO  | SCMAudit | user=jenkins1000 | ip=192.168.151.119 | op=SEND_HEARTBEAT {datanodeUUID=37b777df-de08-4da5-9630-325a3e0e88a6, command=[]} | ret=SUCCESS |  
2019-09-20 09:38:28,540 | INFO  | SCMAudit | user=jenkins1000 | ip=192.168.151.119 | op=SEND_HEARTBEAT {datanodeUUID=4d6fff4c-5cb6-40a3-b677-a76fbdc0054d, command=[]} | ret=SUCCESS |  
2019-09-20 09:38:28,876 | INFO  | SCMAudit | user=jenkins1000 | ip=192.168.151.119 | op=SEND_HEARTBEAT {datanodeUUID=d4fa05df-3099-4015-ad0e-4200365d2035, command=[]} | ret=SUCCESS |  
2019-09-20 09:38:29,023 | INFO  | SCMAudit | user=jenkins1000 | ip=192.168.151.119 | op=SEND_HEARTBEAT {datanodeUUID=86933813-1e1e-464a-ae0f-2ef91831d02b, command=[]} | ret=SUCCESS |  
2019-09-20 09:38:29,442 | INFO  | SCMAudit | user=jenkins1000 | ip=192.168.151.119 | op=SEND_HEARTBEAT {datanodeUUID=ba1e65fe-7169-476d-a778-4df70d7cdd6e, command=[]} | ret=SUCCESS |  
2019-09-20 09:38:29,515 | INFO  | SCMAudit | user=jenkins1000 | ip=192.168.151.119 | op=SEND_HEARTBEAT {datanodeUUID=37b777df-de08-4da5-9630-325a3e0e88a6, command=[]} | ret=SUCCESS |  
2019-09-20 09:38:29,540 | INFO  | SCMAudit | user=jenkins1000 | ip=192.168.151.119 | op=SEND_HEARTBEAT {datanodeUUID=4d6fff4c-5cb6-40a3-b677-a76fbdc0054d, command=[]} | ret=SUCCESS |  
2019-09-20 09:38:29,875 | INFO  | SCMAudit | user=jenkins1000 | ip=192.168.151.119 | op=SEND_HEARTBEAT {datanodeUUID=d4fa05df-3099-4015-ad0e-4200365d2035, command=[]} | ret=SUCCESS |  
2019-09-20 09:38:30,022 | INFO  | SCMAudit | user=jenkins1000 | ip=192.168.151.119 | op=SEND_HEARTBEAT {datanodeUUID=86933813-1e1e-464a-ae0f-2ef91831d02b, command=[]} | ret=SUCCESS |  
2019-09-20 09:38:30,443 | INFO  | SCMAudit | user=jenkins1000 | ip=192.168.151.119 | op=SEND_HEARTBEAT {datanodeUUID=ba1e65fe-7169-476d-a778-4df70d7cdd6e, command=[]} | ret=SUCCESS |  
2019-09-20 09:38:30,515 | INFO  | SCMAudit | user=jenkins1000 | ip=192.168.151.119 | op=SEND_HEARTBEAT {datanodeUUID=37b777df-de08-4da5-9630-325a3e0e88a6, command=[]} | ret=SUCCESS |  
2019-09-20 09:38:30,540 | INFO  | SCMAudit | user=jenkins1000 | ip=192.168.151.119 | op=SEND_HEARTBEAT {datanodeUUID=4d6fff4c-5cb6-40a3-b677-a76fbdc0054d, command=[]} | ret=SUCCESS |  
2019-09-20 09:38:30,875 | INFO  | SCMAudit | user=jenkins1000 | ip=192.168.151.119 | op=SEND_HEARTBEAT {datanodeUUID=d4fa05df-3099-4015-ad0e-4200365d2035, command=[]} | ret=SUCCESS |  
2019-09-20 09:38:31,022 | INFO  | SCMAudit | user=jenkins1000 | ip=192.168.151.119 | op=SEND_HEARTBEAT {datanodeUUID=86933813-1e1e-464a-ae0f-2ef91831d02b, command=[]} | ret=SUCCESS |  
2019-09-20 09:38:31,442 | INFO  | SCMAudit | user=jenkins1000 | ip=192.168.151.119 | op=SEND_HEARTBEAT {datanodeUUID=ba1e65fe-7169-476d-a778-4df70d7cdd6e, command=[]} | ret=SUCCESS |  
2019-09-20 09:38:31,516 | INFO  | SCMAudit | user=jenkins1000 | ip=192.168.151.119 | op=SEND_HEARTBEAT {datanodeUUID=37b777df-de08-4da5-9630-325a3e0e88a6, command=[]} | ret=SUCCESS |  
2019-09-20 09:38:31,540 | INFO  | SCMAudit | user=jenkins1000 | ip=192.168.151.119 | op=SEND_HEARTBEAT {datanodeUUID=4d6fff4c-5cb6-40a3-b677-a76fbdc0054d, command=[]} | ret=SUCCESS |  
2019-09-20 09:38:31,876 | INFO  | SCMAudit | user=jenkins1000 | ip=192.168.151.119 | op=SEND_HEARTBEAT {datanodeUUID=d4fa05df-3099-4015-ad0e-4200365d2035, command=[]} | ret=SUCCESS |  
2019-09-20 09:38:32,015 [main] INFO  ozoneimpl.OzoneContainer (OzoneContainer.java:stop(199)) - Attempting to stop container services.
2019-09-20 09:38:32,016 [ForkJoinPool.commonPool-worker-0] INFO  ozoneimpl.OzoneContainer (OzoneContainer.java:stop(199)) - Attempting to stop container services.
2019-09-20 09:38:32,016 [main] INFO  impl.RaftServerProxy (RaftServerProxy.java:lambda$close$4(314)) - 10741cbd-d620-4a9b-9e67-51db8a2e0e6a: close
2019-09-20 09:38:32,017 [ForkJoinPool.commonPool-worker-0] INFO  impl.RaftServerProxy (RaftServerProxy.java:lambda$close$4(314)) - d072c18a-1b53-41d5-bae5-b82be0790279: close
2019-09-20 09:38:32,017 [main] INFO  impl.RaftServerImpl (RaftServerImpl.java:lambda$shutdown$3(245)) - 10741cbd-d620-4a9b-9e67-51db8a2e0e6a: shutdown group-26BA44E1C42B
2019-09-20 09:38:32,017 [ForkJoinPool.commonPool-worker-0] INFO  impl.RaftServerImpl (RaftServerImpl.java:lambda$shutdown$3(245)) - d072c18a-1b53-41d5-bae5-b82be0790279: shutdown group-13440712A48A
2019-09-20 09:38:32,018 [main] INFO  util.JmxRegister (JmxRegister.java:unregister(73)) - Successfully un-registered JMX Bean with object name Ratis:service=RaftServer,group=group-26BA44E1C42B,id=10741cbd-d620-4a9b-9e67-51db8a2e0e6a
2019-09-20 09:38:32,018 [ForkJoinPool.commonPool-worker-0] INFO  util.JmxRegister (JmxRegister.java:unregister(73)) - Successfully un-registered JMX Bean with object name Ratis:service=RaftServer,group=group-13440712A48A,id=d072c18a-1b53-41d5-bae5-b82be0790279
2019-09-20 09:38:32,018 [main] INFO  impl.RoleInfo (RoleInfo.java:shutdownFollowerState(121)) - 10741cbd-d620-4a9b-9e67-51db8a2e0e6a: shutdown FollowerState
2019-09-20 09:38:32,019 [ForkJoinPool.commonPool-worker-0] INFO  impl.RoleInfo (RoleInfo.java:shutdownFollowerState(121)) - d072c18a-1b53-41d5-bae5-b82be0790279: shutdown FollowerState
2019-09-20 09:38:32,019 [Thread-1000] INFO  impl.FollowerState (FollowerState.java:run(114)) - 10741cbd-d620-4a9b-9e67-51db8a2e0e6a: FollowerState was interrupted: java.lang.InterruptedException: sleep interrupted
2019-09-20 09:38:32,019 [main] INFO  impl.StateMachineUpdater (StateMachineUpdater.java:stopAndJoin(115)) - StateMachineUpdater:10741cbd-d620-4a9b-9e67-51db8a2e0e6a:group-26BA44E1C42B: set stopIndex = 0
2019-09-20 09:38:32,020 [StateMachineUpdater:d072c18a-1b53-41d5-bae5-b82be0790279:group-13440712A48A] INFO  ratis.ContainerStateMachine (ContainerStateMachine.java:takeSnapshot(283)) - group-13440712A48A: Taking a snapshot at:(t:1, i:6) file /workdir/hadoop-ozone/integration-test/target/test-dir/MiniOzoneClusterImpl-b51a347c-4d32-49ce-97bb-8b27036901e7/datanode-1/data/ratis/6b21fe18-2200-4b20-94b6-13440712a48a/sm/snapshot.1_6
2019-09-20 09:38:32,020 [Thread-942] INFO  impl.FollowerState (FollowerState.java:run(114)) - d072c18a-1b53-41d5-bae5-b82be0790279: FollowerState was interrupted: java.lang.InterruptedException: sleep interrupted
2019-09-20 09:38:32,020 [ForkJoinPool.commonPool-worker-0] INFO  impl.StateMachineUpdater (StateMachineUpdater.java:stopAndJoin(115)) - StateMachineUpdater:d072c18a-1b53-41d5-bae5-b82be0790279:group-13440712A48A: set stopIndex = 8
2019-09-20 09:38:32,020 [main] INFO  impl.RaftServerImpl (ServerState.java:close(394)) - 10741cbd-d620-4a9b-9e67-51db8a2e0e6a:group-26BA44E1C42B closes. The last applied log index is 0
2019-09-20 09:38:32,022 | INFO  | SCMAudit | user=jenkins1000 | ip=192.168.151.119 | op=SEND_HEARTBEAT {datanodeUUID=86933813-1e1e-464a-ae0f-2ef91831d02b, command=[]} | ret=SUCCESS |  
2019-09-20 09:38:32,022 [10741cbd-d620-4a9b-9e67-51db8a2e0e6a-SegmentedRaftLogWorker:Storage Directory /workdir/hadoop-ozone/integration-test/target/test-dir/MiniOzoneClusterImpl-b51a347c-4d32-49ce-97bb-8b27036901e7/datanode-4/data/ratis/72ec9e48-db96-4ff8-ab10-26ba44e1c42b] INFO  segmented.SegmentedRaftLogWorker (SegmentedRaftLogWorker.java:run(313)) - 10741cbd-d620-4a9b-9e67-51db8a2e0e6a-SegmentedRaftLogWorker:Storage Directory /workdir/hadoop-ozone/integration-test/target/test-dir/MiniOzoneClusterImpl-b51a347c-4d32-49ce-97bb-8b27036901e7/datanode-4/data/ratis/72ec9e48-db96-4ff8-ab10-26ba44e1c42b was interrupted, exiting. There are 0 tasks remaining in the queue.
2019-09-20 09:38:32,048 [main] INFO  segmented.SegmentedRaftLogWorker (SegmentedRaftLogWorker.java:close(228)) - 10741cbd-d620-4a9b-9e67-51db8a2e0e6a-SegmentedRaftLogWorker:Storage Directory /workdir/hadoop-ozone/integration-test/target/test-dir/MiniOzoneClusterImpl-b51a347c-4d32-49ce-97bb-8b27036901e7/datanode-4/data/ratis/72ec9e48-db96-4ff8-ab10-26ba44e1c42b close()
2019-09-20 09:38:32,054 [StateMachineUpdater:d072c18a-1b53-41d5-bae5-b82be0790279:group-13440712A48A] INFO  ratis.ContainerStateMachine (ContainerStateMachine.java:takeSnapshot(294)) - group-13440712A48A: Finished taking a snapshot at:(t:1, i:6) file:/workdir/hadoop-ozone/integration-test/target/test-dir/MiniOzoneClusterImpl-b51a347c-4d32-49ce-97bb-8b27036901e7/datanode-1/data/ratis/6b21fe18-2200-4b20-94b6-13440712a48a/sm/snapshot.1_6 time:32
2019-09-20 09:38:32,054 [main] INFO  impl.RaftServerImpl (RaftServerImpl.java:lambda$shutdown$3(245)) - 10741cbd-d620-4a9b-9e67-51db8a2e0e6a: shutdown group-A09878A86B11
2019-09-20 09:38:32,054 [StateMachineUpdater:d072c18a-1b53-41d5-bae5-b82be0790279:group-13440712A48A] INFO  impl.StateMachineUpdater (StateMachineUpdater.java:takeSnapshot(242)) - StateMachineUpdater:d072c18a-1b53-41d5-bae5-b82be0790279:group-13440712A48A: Took a snapshot at index 6
2019-09-20 09:38:32,054 [main] INFO  util.JmxRegister (JmxRegister.java:unregister(73)) - Successfully un-registered JMX Bean with object name Ratis:service=RaftServer,group=group-A09878A86B11,id=10741cbd-d620-4a9b-9e67-51db8a2e0e6a
2019-09-20 09:38:32,054 [StateMachineUpdater:d072c18a-1b53-41d5-bae5-b82be0790279:group-13440712A48A] INFO  impl.StateMachineUpdater (StateMachineUpdater.java:lambda$new$0(80)) - StateMachineUpdater:d072c18a-1b53-41d5-bae5-b82be0790279:group-13440712A48A: snapshotIndex: updateIncreasingly -1 -> 6
2019-09-20 09:38:32,055 [main] INFO  impl.RoleInfo (RoleInfo.java:shutdownLeaderState(104)) - 10741cbd-d620-4a9b-9e67-51db8a2e0e6a: shutdown LeaderState
2019-09-20 09:38:32,055 [ForkJoinPool.commonPool-worker-0] INFO  impl.RaftServerImpl (ServerState.java:close(394)) - d072c18a-1b53-41d5-bae5-b82be0790279:group-13440712A48A closes. The last applied log index is 8
2019-09-20 09:38:32,056 [main] INFO  impl.PendingRequests (PendingRequests.java:sendNotLeaderResponses(202)) - 10741cbd-d620-4a9b-9e67-51db8a2e0e6a-PendingRequests: sendNotLeaderResponses
2019-09-20 09:38:32,056 [d072c18a-1b53-41d5-bae5-b82be0790279-SegmentedRaftLogWorker:Storage Directory /workdir/hadoop-ozone/integration-test/target/test-dir/MiniOzoneClusterImpl-b51a347c-4d32-49ce-97bb-8b27036901e7/datanode-1/data/ratis/6b21fe18-2200-4b20-94b6-13440712a48a] INFO  segmented.SegmentedRaftLogWorker (SegmentedRaftLogWorker.java:run(313)) - d072c18a-1b53-41d5-bae5-b82be0790279-SegmentedRaftLogWorker:Storage Directory /workdir/hadoop-ozone/integration-test/target/test-dir/MiniOzoneClusterImpl-b51a347c-4d32-49ce-97bb-8b27036901e7/datanode-1/data/ratis/6b21fe18-2200-4b20-94b6-13440712a48a was interrupted, exiting. There are 0 tasks remaining in the queue.
2019-09-20 09:38:32,059 [main] INFO  impl.StateMachineUpdater (StateMachineUpdater.java:stopAndJoin(115)) - StateMachineUpdater:10741cbd-d620-4a9b-9e67-51db8a2e0e6a:group-A09878A86B11: set stopIndex = 0
2019-09-20 09:38:32,059 [ForkJoinPool.commonPool-worker-0] INFO  segmented.SegmentedRaftLogWorker (SegmentedRaftLogWorker.java:close(228)) - d072c18a-1b53-41d5-bae5-b82be0790279-SegmentedRaftLogWorker:Storage Directory /workdir/hadoop-ozone/integration-test/target/test-dir/MiniOzoneClusterImpl-b51a347c-4d32-49ce-97bb-8b27036901e7/datanode-1/data/ratis/6b21fe18-2200-4b20-94b6-13440712a48a close()
2019-09-20 09:38:32,060 [main] INFO  impl.RaftServerImpl (ServerState.java:close(394)) - 10741cbd-d620-4a9b-9e67-51db8a2e0e6a:group-A09878A86B11 closes. The last applied log index is 0
2019-09-20 09:38:32,065 [ForkJoinPool.commonPool-worker-0] INFO  impl.RaftServerImpl (RaftServerImpl.java:lambda$shutdown$3(245)) - d072c18a-1b53-41d5-bae5-b82be0790279: shutdown group-73E47566AB1D
2019-09-20 09:38:32,065 [10741cbd-d620-4a9b-9e67-51db8a2e0e6a-SegmentedRaftLogWorker:Storage Directory /workdir/hadoop-ozone/integration-test/target/test-dir/MiniOzoneClusterImpl-b51a347c-4d32-49ce-97bb-8b27036901e7/datanode-4/data/ratis/7512e4f8-687e-4af8-bb72-a09878a86b11] INFO  segmented.SegmentedRaftLogWorker (SegmentedRaftLogWorker.java:run(313)) - 10741cbd-d620-4a9b-9e67-51db8a2e0e6a-SegmentedRaftLogWorker:Storage Directory /workdir/hadoop-ozone/integration-test/target/test-dir/MiniOzoneClusterImpl-b51a347c-4d32-49ce-97bb-8b27036901e7/datanode-4/data/ratis/7512e4f8-687e-4af8-bb72-a09878a86b11 was interrupted, exiting. There are 0 tasks remaining in the queue.
2019-09-20 09:38:32,065 [ForkJoinPool.commonPool-worker-0] INFO  util.JmxRegister (JmxRegister.java:unregister(73)) - Successfully un-registered JMX Bean with object name Ratis:service=RaftServer,group=group-73E47566AB1D,id=d072c18a-1b53-41d5-bae5-b82be0790279
2019-09-20 09:38:32,068 [main] INFO  segmented.SegmentedRaftLogWorker (SegmentedRaftLogWorker.java:close(228)) - 10741cbd-d620-4a9b-9e67-51db8a2e0e6a-SegmentedRaftLogWorker:Storage Directory /workdir/hadoop-ozone/integration-test/target/test-dir/MiniOzoneClusterImpl-b51a347c-4d32-49ce-97bb-8b27036901e7/datanode-4/data/ratis/7512e4f8-687e-4af8-bb72-a09878a86b11 close()
2019-09-20 09:38:32,068 [ForkJoinPool.commonPool-worker-0] INFO  impl.RoleInfo (RoleInfo.java:shutdownLeaderState(104)) - d072c18a-1b53-41d5-bae5-b82be0790279: shutdown LeaderState
2019-09-20 09:38:32,073 [main] INFO  server.GrpcService (GrpcService.java:closeImpl(155)) - 10741cbd-d620-4a9b-9e67-51db8a2e0e6a: shutdown server with port 43615 now
2019-09-20 09:38:32,073 [ForkJoinPool.commonPool-worker-0] INFO  impl.PendingRequests (PendingRequests.java:sendNotLeaderResponses(202)) - d072c18a-1b53-41d5-bae5-b82be0790279-PendingRequests: sendNotLeaderResponses
2019-09-20 09:38:32,078 [ForkJoinPool.commonPool-worker-0] INFO  impl.StateMachineUpdater (StateMachineUpdater.java:stopAndJoin(115)) - StateMachineUpdater:d072c18a-1b53-41d5-bae5-b82be0790279:group-73E47566AB1D: set stopIndex = 0
2019-09-20 09:38:32,078 [ForkJoinPool.commonPool-worker-0] INFO  impl.RaftServerImpl (ServerState.java:close(394)) - d072c18a-1b53-41d5-bae5-b82be0790279:group-73E47566AB1D closes. The last applied log index is 0
2019-09-20 09:38:32,079 [grpc-default-executor-13] WARN  server.GrpcServerProtocolService (LogUtils.java:warn(134)) - 10741cbd-d620-4a9b-9e67-51db8a2e0e6a: appendEntries onError: org.apache.ratis.thirdparty.io.grpc.StatusRuntimeException: CANCELLED: cancelled before receiving half close
2019-09-20 09:38:32,079 [d072c18a-1b53-41d5-bae5-b82be0790279-SegmentedRaftLogWorker:Storage Directory /workdir/hadoop-ozone/integration-test/target/test-dir/MiniOzoneClusterImpl-b51a347c-4d32-49ce-97bb-8b27036901e7/datanode-1/data/ratis/2faa7694-0e50-4b8e-a98b-73e47566ab1d] INFO  segmented.SegmentedRaftLogWorker (SegmentedRaftLogWorker.java:run(313)) - d072c18a-1b53-41d5-bae5-b82be0790279-SegmentedRaftLogWorker:Storage Directory /workdir/hadoop-ozone/integration-test/target/test-dir/MiniOzoneClusterImpl-b51a347c-4d32-49ce-97bb-8b27036901e7/datanode-1/data/ratis/2faa7694-0e50-4b8e-a98b-73e47566ab1d was interrupted, exiting. There are 0 tasks remaining in the queue.
2019-09-20 09:38:32,079 [main] INFO  server.GrpcService (GrpcService.java:closeImpl(163)) - 10741cbd-d620-4a9b-9e67-51db8a2e0e6a: shutdown server with port 43615 successfully
2019-09-20 09:38:32,082 [ForkJoinPool.commonPool-worker-0] INFO  segmented.SegmentedRaftLogWorker (SegmentedRaftLogWorker.java:close(228)) - d072c18a-1b53-41d5-bae5-b82be0790279-SegmentedRaftLogWorker:Storage Directory /workdir/hadoop-ozone/integration-test/target/test-dir/MiniOzoneClusterImpl-b51a347c-4d32-49ce-97bb-8b27036901e7/datanode-1/data/ratis/2faa7694-0e50-4b8e-a98b-73e47566ab1d close()
2019-09-20 09:38:32,082 [grpc-default-executor-14] WARN  server.GrpcLogAppender (LogUtils.java:warn(134)) - ba1e65fe-7169-476d-a778-4df70d7cdd6e->10741cbd-d620-4a9b-9e67-51db8a2e0e6a: Failed appendEntries: org.apache.ratis.thirdparty.io.grpc.StatusRuntimeException: CANCELLED: HTTP/2 error code: CANCEL
Received Rst Stream
2019-09-20 09:38:32,101 [ForkJoinPool.commonPool-worker-0] INFO  server.GrpcService (GrpcService.java:closeImpl(155)) - d072c18a-1b53-41d5-bae5-b82be0790279: shutdown server with port 38666 now
2019-09-20 09:38:32,104 [grpc-default-executor-14] INFO  impl.FollowerInfo (FollowerInfo.java:lambda$new$0(50)) - ba1e65fe-7169-476d-a778-4df70d7cdd6e->10741cbd-d620-4a9b-9e67-51db8a2e0e6a: nextIndex: updateUnconditionally 1 -> 0
2019-09-20 09:38:32,104 [main] INFO  utils.BackgroundService (BackgroundService.java:shutdown(148)) - Shutting down service BlockDeletingService
2019-09-20 09:38:32,105 [ForkJoinPool.commonPool-worker-0] INFO  server.GrpcService (GrpcService.java:closeImpl(163)) - d072c18a-1b53-41d5-bae5-b82be0790279: shutdown server with port 38666 successfully
2019-09-20 09:38:32,105 [grpc-default-executor-15] WARN  server.GrpcServerProtocolService (LogUtils.java:warn(134)) - d072c18a-1b53-41d5-bae5-b82be0790279: appendEntries onError: org.apache.ratis.thirdparty.io.grpc.StatusRuntimeException: CANCELLED: cancelled before receiving half close
2019-09-20 09:38:32,105 [grpc-default-executor-13] WARN  server.GrpcLogAppender (LogUtils.java:warn(134)) - 37b777df-de08-4da5-9630-325a3e0e88a6->d072c18a-1b53-41d5-bae5-b82be0790279: Failed appendEntries: org.apache.ratis.thirdparty.io.grpc.StatusRuntimeException: CANCELLED: HTTP/2 error code: CANCEL
Received Rst Stream
2019-09-20 09:38:32,109 [grpc-default-executor-13] INFO  impl.FollowerInfo (FollowerInfo.java:lambda$new$0(50)) - 37b777df-de08-4da5-9630-325a3e0e88a6->d072c18a-1b53-41d5-bae5-b82be0790279: nextIndex: updateUnconditionally 9 -> 8
2019-09-20 09:38:32,109 [grpc-default-executor-0] WARN  client.GrpcClientProtocolService (LogUtils.java:warn(134)) - 27-OrderedRequestStreamObserver27: onError: org.apache.ratis.thirdparty.io.grpc.StatusRuntimeException: CANCELLED: cancelled before receiving half close
2019-09-20 09:38:32,111 [refreshUsed-/workdir/hadoop-ozone/integration-test/target/test-dir/MiniOzoneClusterImpl-b51a347c-4d32-49ce-97bb-8b27036901e7/datanode-4/data/containers] WARN  fs.CachingGetSpaceUsed (CachingGetSpaceUsed.java:run(183)) - Thread Interrupted waiting to refresh disk information: sleep interrupted
2019-09-20 09:38:32,114 [ForkJoinPool.commonPool-worker-0] INFO  utils.BackgroundService (BackgroundService.java:shutdown(148)) - Shutting down service BlockDeletingService
2019-09-20 09:38:32,118 [refreshUsed-/workdir/hadoop-ozone/integration-test/target/test-dir/MiniOzoneClusterImpl-b51a347c-4d32-49ce-97bb-8b27036901e7/datanode-1/data/containers] WARN  fs.CachingGetSpaceUsed (CachingGetSpaceUsed.java:run(183)) - Thread Interrupted waiting to refresh disk information: sleep interrupted
2019-09-20 09:38:32,140 [ForkJoinPool.commonPool-worker-0] INFO  statemachine.DatanodeStateMachine (DatanodeStateMachine.java:stopDaemon(401)) - Ozone container server stopped.
2019-09-20 09:38:32,146 [ForkJoinPool.commonPool-worker-0] INFO  handler.ContextHandler (ContextHandler.java:doStop(910)) - Stopped o.e.j.w.WebAppContext@9f1ca74{/,null,UNAVAILABLE}{/hddsDatanode}
2019-09-20 09:38:32,147 [ForkJoinPool.commonPool-worker-0] INFO  server.AbstractConnector (AbstractConnector.java:doStop(318)) - Stopped ServerConnector@67b8d45{HTTP/1.1,[http/1.1]}{0.0.0.0:0}
2019-09-20 09:38:32,154 [main] INFO  statemachine.DatanodeStateMachine (DatanodeStateMachine.java:stopDaemon(401)) - Ozone container server stopped.
2019-09-20 09:38:32,154 [ForkJoinPool.commonPool-worker-0] INFO  handler.ContextHandler (ContextHandler.java:doStop(910)) - Stopped o.e.j.s.ServletContextHandler@359e27d2{/static,jar:file:/home/user/.m2/repository/org/apache/hadoop/hadoop-hdds-container-service/0.5.0-SNAPSHOT/hadoop-hdds-container-service-0.5.0-SNAPSHOT.jar!/webapps/static,UNAVAILABLE}
2019-09-20 09:38:32,156 [ForkJoinPool.commonPool-worker-0] INFO  handler.ContextHandler (ContextHandler.java:doStop(910)) - Stopped o.e.j.s.ServletContextHandler@4809c771{/logs,file:///workdir/hadoop-ozone/integration-test/target/log,UNAVAILABLE}
2019-09-20 09:38:32,157 [main] INFO  handler.ContextHandler (ContextHandler.java:doStop(910)) - Stopped o.e.j.w.WebAppContext@4b8a0d03{/,null,UNAVAILABLE}{/hddsDatanode}
2019-09-20 09:38:32,157 [ForkJoinPool.commonPool-worker-0] INFO  datanode.ObjectStoreHandler (ObjectStoreHandler.java:close(155)) - Closing ObjectStoreHandler.
2019-09-20 09:38:32,158 [ForkJoinPool.commonPool-worker-0] INFO  ozone.HddsDatanodeService (HddsDatanodeService.java:stop(451)) - Stopped plug-in org.apache.hadoop.ozone.web.OzoneHddsDatanodeService@186295cc
2019-09-20 09:38:32,158 [main] INFO  server.AbstractConnector (AbstractConnector.java:doStop(318)) - Stopped ServerConnector@54f373d4{HTTP/1.1,[http/1.1]}{0.0.0.0:0}
2019-09-20 09:38:32,159 [main] INFO  handler.ContextHandler (ContextHandler.java:doStop(910)) - Stopped o.e.j.s.ServletContextHandler@67e4928c{/static,jar:file:/home/user/.m2/repository/org/apache/hadoop/hadoop-hdds-container-service/0.5.0-SNAPSHOT/hadoop-hdds-container-service-0.5.0-SNAPSHOT.jar!/webapps/static,UNAVAILABLE}
2019-09-20 09:38:32,159 [main] INFO  handler.ContextHandler (ContextHandler.java:doStop(910)) - Stopped o.e.j.s.ServletContextHandler@30bbe83{/logs,file:///workdir/hadoop-ozone/integration-test/target/log,UNAVAILABLE}
2019-09-20 09:38:32,161 [main] INFO  datanode.ObjectStoreHandler (ObjectStoreHandler.java:close(155)) - Closing ObjectStoreHandler.
2019-09-20 09:38:32,161 [main] INFO  ozone.HddsDatanodeService (HddsDatanodeService.java:stop(451)) - Stopped plug-in org.apache.hadoop.ozone.web.OzoneHddsDatanodeService@61d011e
2019-09-20 09:38:32,334 [grpc-default-executor-15] WARN  server.GrpcLogAppender (LogUtils.java:warn(134)) - 37b777df-de08-4da5-9630-325a3e0e88a6->d072c18a-1b53-41d5-bae5-b82be0790279: Failed appendEntries: org.apache.ratis.thirdparty.io.grpc.StatusRuntimeException: UNAVAILABLE: io exception
2019-09-20 09:38:32,337 [grpc-default-executor-15] INFO  impl.FollowerInfo (FollowerInfo.java:lambda$new$0(50)) - 37b777df-de08-4da5-9630-325a3e0e88a6->d072c18a-1b53-41d5-bae5-b82be0790279: nextIndex: updateUnconditionally 8 -> 7
2019-09-20 09:38:32,442 [Datanode State Machine Thread - 0] INFO  statemachine.DatanodeStateMachine (DatanodeStateMachine.java:lambda$startDaemon$0(356)) - Ozone container server started.
2019-09-20 09:38:32,516 | INFO  | SCMAudit | user=jenkins1000 | ip=192.168.151.119 | op=SEND_HEARTBEAT {datanodeUUID=37b777df-de08-4da5-9630-325a3e0e88a6, command=[]} | ret=SUCCESS |  
2019-09-20 09:38:32,540 [Datanode State Machine Thread - 0] INFO  statemachine.DatanodeStateMachine (DatanodeStateMachine.java:lambda$startDaemon$0(356)) - Ozone container server started.
2019-09-20 09:38:32,780 [grpc-default-executor-13] WARN  server.GrpcLogAppender (LogUtils.java:warn(134)) - ba1e65fe-7169-476d-a778-4df70d7cdd6e->10741cbd-d620-4a9b-9e67-51db8a2e0e6a: Failed appendEntries: org.apache.ratis.thirdparty.io.grpc.StatusRuntimeException: UNAVAILABLE: io exception
2019-09-20 09:38:32,784 [grpc-default-executor-13] INFO  impl.FollowerInfo (FollowerInfo.java:lambda$new$0(50)) - ba1e65fe-7169-476d-a778-4df70d7cdd6e->10741cbd-d620-4a9b-9e67-51db8a2e0e6a: nextIndex: updateUnconditionally 0 -> 0
2019-09-20 09:38:32,876 | INFO  | SCMAudit | user=jenkins1000 | ip=192.168.151.119 | op=SEND_HEARTBEAT {datanodeUUID=d4fa05df-3099-4015-ad0e-4200365d2035, command=[]} | ret=SUCCESS |  
2019-09-20 09:38:33,023 | INFO  | SCMAudit | user=jenkins1000 | ip=192.168.151.119 | op=SEND_HEARTBEAT {datanodeUUID=86933813-1e1e-464a-ae0f-2ef91831d02b, command=[]} | ret=SUCCESS |  
2019-09-20 09:38:33,516 | INFO  | SCMAudit | user=jenkins1000 | ip=192.168.151.119 | op=SEND_HEARTBEAT {datanodeUUID=37b777df-de08-4da5-9630-325a3e0e88a6, command=[]} | ret=SUCCESS |  
2019-09-20 09:38:33,876 | INFO  | SCMAudit | user=jenkins1000 | ip=192.168.151.119 | op=SEND_HEARTBEAT {datanodeUUID=d4fa05df-3099-4015-ad0e-4200365d2035, command=[]} | ret=SUCCESS |  
2019-09-20 09:38:34,023 | INFO  | SCMAudit | user=jenkins1000 | ip=192.168.151.119 | op=SEND_HEARTBEAT {datanodeUUID=86933813-1e1e-464a-ae0f-2ef91831d02b, command=[]} | ret=SUCCESS |  
2019-09-20 09:38:34,517 | INFO  | SCMAudit | user=jenkins1000 | ip=192.168.151.119 | op=SEND_HEARTBEAT {datanodeUUID=37b777df-de08-4da5-9630-325a3e0e88a6, command=[]} | ret=SUCCESS |  
2019-09-20 09:38:34,836 [grpc-default-executor-15] WARN  server.GrpcLogAppender (LogUtils.java:warn(134)) - 37b777df-de08-4da5-9630-325a3e0e88a6->d072c18a-1b53-41d5-bae5-b82be0790279: Failed appendEntries: org.apache.ratis.thirdparty.io.grpc.StatusRuntimeException: UNAVAILABLE: io exception
2019-09-20 09:38:34,848 [grpc-default-executor-15] INFO  impl.FollowerInfo (FollowerInfo.java:lambda$new$0(50)) - 37b777df-de08-4da5-9630-325a3e0e88a6->d072c18a-1b53-41d5-bae5-b82be0790279: nextIndex: updateUnconditionally 7 -> 6
2019-09-20 09:38:34,877 | INFO  | SCMAudit | user=jenkins1000 | ip=192.168.151.119 | op=SEND_HEARTBEAT {datanodeUUID=d4fa05df-3099-4015-ad0e-4200365d2035, command=[]} | ret=SUCCESS |  
2019-09-20 09:38:35,023 | INFO  | SCMAudit | user=jenkins1000 | ip=192.168.151.119 | op=SEND_HEARTBEAT {datanodeUUID=86933813-1e1e-464a-ae0f-2ef91831d02b, command=[]} | ret=SUCCESS |  
2019-09-20 09:38:35,283 [grpc-default-executor-13] WARN  server.GrpcLogAppender (LogUtils.java:warn(134)) - ba1e65fe-7169-476d-a778-4df70d7cdd6e->10741cbd-d620-4a9b-9e67-51db8a2e0e6a: Failed appendEntries: org.apache.ratis.thirdparty.io.grpc.StatusRuntimeException: UNAVAILABLE: io exception
2019-09-20 09:38:35,288 [grpc-default-executor-13] INFO  impl.FollowerInfo (FollowerInfo.java:lambda$new$0(50)) - ba1e65fe-7169-476d-a778-4df70d7cdd6e->10741cbd-d620-4a9b-9e67-51db8a2e0e6a: nextIndex: updateUnconditionally 0 -> 0
2019-09-20 09:38:35,516 | INFO  | SCMAudit | user=jenkins1000 | ip=192.168.151.119 | op=SEND_HEARTBEAT {datanodeUUID=37b777df-de08-4da5-9630-325a3e0e88a6, command=[]} | ret=SUCCESS |  
2019-09-20 09:38:35,877 | INFO  | SCMAudit | user=jenkins1000 | ip=192.168.151.119 | op=SEND_HEARTBEAT {datanodeUUID=d4fa05df-3099-4015-ad0e-4200365d2035, command=[]} | ret=SUCCESS |  
2019-09-20 09:38:36,023 | INFO  | SCMAudit | user=jenkins1000 | ip=192.168.151.119 | op=SEND_HEARTBEAT {datanodeUUID=86933813-1e1e-464a-ae0f-2ef91831d02b, command=[]} | ret=SUCCESS |  
2019-09-20 09:38:36,517 | INFO  | SCMAudit | user=jenkins1000 | ip=192.168.151.119 | op=SEND_HEARTBEAT {datanodeUUID=37b777df-de08-4da5-9630-325a3e0e88a6, command=[]} | ret=SUCCESS |  
2019-09-20 09:38:36,877 | INFO  | SCMAudit | user=jenkins1000 | ip=192.168.151.119 | op=SEND_HEARTBEAT {datanodeUUID=d4fa05df-3099-4015-ad0e-4200365d2035, command=[]} | ret=SUCCESS |  
2019-09-20 09:38:37,024 | INFO  | SCMAudit | user=jenkins1000 | ip=192.168.151.119 | op=SEND_HEARTBEAT {datanodeUUID=86933813-1e1e-464a-ae0f-2ef91831d02b, command=[]} | ret=SUCCESS |  
2019-09-20 09:38:37,159 [ForkJoinPool.commonPool-worker-0] INFO  ozoneimpl.OzoneContainer (OzoneContainer.java:stop(199)) - Attempting to stop container services.
2019-09-20 09:38:37,159 [ForkJoinPool.commonPool-worker-0] INFO  impl.RaftServerProxy (RaftServerProxy.java:lambda$close$4(314)) - 4d6fff4c-5cb6-40a3-b677-a76fbdc0054d: close
2019-09-20 09:38:37,159 [ForkJoinPool.commonPool-worker-0] INFO  impl.RaftServerImpl (RaftServerImpl.java:lambda$shutdown$3(245)) - 4d6fff4c-5cb6-40a3-b677-a76fbdc0054d: shutdown group-13440712A48A
2019-09-20 09:38:37,160 [ForkJoinPool.commonPool-worker-0] INFO  util.JmxRegister (JmxRegister.java:unregister(73)) - Successfully un-registered JMX Bean with object name Ratis:service=RaftServer,group=group-13440712A48A,id=4d6fff4c-5cb6-40a3-b677-a76fbdc0054d
2019-09-20 09:38:37,160 [ForkJoinPool.commonPool-worker-0] INFO  impl.RoleInfo (RoleInfo.java:shutdownFollowerState(121)) - 4d6fff4c-5cb6-40a3-b677-a76fbdc0054d: shutdown FollowerState
2019-09-20 09:38:37,160 [ForkJoinPool.commonPool-worker-0] INFO  impl.StateMachineUpdater (StateMachineUpdater.java:stopAndJoin(115)) - StateMachineUpdater:4d6fff4c-5cb6-40a3-b677-a76fbdc0054d:group-13440712A48A: set stopIndex = 8
2019-09-20 09:38:37,160 [StateMachineUpdater:4d6fff4c-5cb6-40a3-b677-a76fbdc0054d:group-13440712A48A] INFO  ratis.ContainerStateMachine (ContainerStateMachine.java:takeSnapshot(283)) - group-13440712A48A: Taking a snapshot at:(t:1, i:6) file /workdir/hadoop-ozone/integration-test/target/test-dir/MiniOzoneClusterImpl-b51a347c-4d32-49ce-97bb-8b27036901e7/datanode-2/data/ratis/6b21fe18-2200-4b20-94b6-13440712a48a/sm/snapshot.1_6
2019-09-20 09:38:37,160 [Thread-941] INFO  impl.FollowerState (FollowerState.java:run(114)) - 4d6fff4c-5cb6-40a3-b677-a76fbdc0054d: FollowerState was interrupted: java.lang.InterruptedException: sleep interrupted
2019-09-20 09:38:37,162 [main] INFO  ozoneimpl.OzoneContainer (OzoneContainer.java:stop(199)) - Attempting to stop container services.
2019-09-20 09:38:37,163 [main] INFO  impl.RaftServerProxy (RaftServerProxy.java:lambda$close$4(314)) - ba1e65fe-7169-476d-a778-4df70d7cdd6e: close
2019-09-20 09:38:37,163 [main] INFO  impl.RaftServerImpl (RaftServerImpl.java:lambda$shutdown$3(245)) - ba1e65fe-7169-476d-a778-4df70d7cdd6e: shutdown group-BC63DA3246AA
2019-09-20 09:38:37,164 [main] INFO  util.JmxRegister (JmxRegister.java:unregister(73)) - Successfully un-registered JMX Bean with object name Ratis:service=RaftServer,group=group-BC63DA3246AA,id=ba1e65fe-7169-476d-a778-4df70d7cdd6e
2019-09-20 09:38:37,164 [main] INFO  impl.RoleInfo (RoleInfo.java:shutdownLeaderState(104)) - ba1e65fe-7169-476d-a778-4df70d7cdd6e: shutdown LeaderState
2019-09-20 09:38:37,164 [main] INFO  impl.PendingRequests (PendingRequests.java:sendNotLeaderResponses(202)) - ba1e65fe-7169-476d-a778-4df70d7cdd6e-PendingRequests: sendNotLeaderResponses
2019-09-20 09:38:37,165 [main] INFO  impl.StateMachineUpdater (StateMachineUpdater.java:stopAndJoin(115)) - StateMachineUpdater:ba1e65fe-7169-476d-a778-4df70d7cdd6e:group-BC63DA3246AA: set stopIndex = 0
2019-09-20 09:38:37,166 [main] INFO  impl.RaftServerImpl (ServerState.java:close(394)) - ba1e65fe-7169-476d-a778-4df70d7cdd6e:group-BC63DA3246AA closes. The last applied log index is 0
2019-09-20 09:38:37,166 [ba1e65fe-7169-476d-a778-4df70d7cdd6e-SegmentedRaftLogWorker:Storage Directory /workdir/hadoop-ozone/integration-test/target/test-dir/MiniOzoneClusterImpl-b51a347c-4d32-49ce-97bb-8b27036901e7/datanode-3/data/ratis/3fe5f95f-621c-4581-a628-bc63da3246aa] INFO  segmented.SegmentedRaftLogWorker (SegmentedRaftLogWorker.java:run(313)) - ba1e65fe-7169-476d-a778-4df70d7cdd6e-SegmentedRaftLogWorker:Storage Directory /workdir/hadoop-ozone/integration-test/target/test-dir/MiniOzoneClusterImpl-b51a347c-4d32-49ce-97bb-8b27036901e7/datanode-3/data/ratis/3fe5f95f-621c-4581-a628-bc63da3246aa was interrupted, exiting. There are 0 tasks remaining in the queue.
2019-09-20 09:38:37,173 [main] INFO  segmented.SegmentedRaftLogWorker (SegmentedRaftLogWorker.java:close(228)) - ba1e65fe-7169-476d-a778-4df70d7cdd6e-SegmentedRaftLogWorker:Storage Directory /workdir/hadoop-ozone/integration-test/target/test-dir/MiniOzoneClusterImpl-b51a347c-4d32-49ce-97bb-8b27036901e7/datanode-3/data/ratis/3fe5f95f-621c-4581-a628-bc63da3246aa close()
2019-09-20 09:38:37,175 [StateMachineUpdater:4d6fff4c-5cb6-40a3-b677-a76fbdc0054d:group-13440712A48A] INFO  ratis.ContainerStateMachine (ContainerStateMachine.java:takeSnapshot(294)) - group-13440712A48A: Finished taking a snapshot at:(t:1, i:6) file:/workdir/hadoop-ozone/integration-test/target/test-dir/MiniOzoneClusterImpl-b51a347c-4d32-49ce-97bb-8b27036901e7/datanode-2/data/ratis/6b21fe18-2200-4b20-94b6-13440712a48a/sm/snapshot.1_6 time:14
2019-09-20 09:38:37,175 [main] INFO  impl.RaftServerImpl (RaftServerImpl.java:lambda$shutdown$3(245)) - ba1e65fe-7169-476d-a778-4df70d7cdd6e: shutdown group-26BA44E1C42B
2019-09-20 09:38:37,175 [StateMachineUpdater:4d6fff4c-5cb6-40a3-b677-a76fbdc0054d:group-13440712A48A] INFO  impl.StateMachineUpdater (StateMachineUpdater.java:takeSnapshot(242)) - StateMachineUpdater:4d6fff4c-5cb6-40a3-b677-a76fbdc0054d:group-13440712A48A: Took a snapshot at index 6
2019-09-20 09:38:37,175 [main] INFO  util.JmxRegister (JmxRegister.java:unregister(73)) - Successfully un-registered JMX Bean with object name Ratis:service=RaftServer,group=group-26BA44E1C42B,id=ba1e65fe-7169-476d-a778-4df70d7cdd6e
2019-09-20 09:38:37,176 [main] INFO  impl.RoleInfo (RoleInfo.java:shutdownLeaderState(104)) - ba1e65fe-7169-476d-a778-4df70d7cdd6e: shutdown LeaderState
2019-09-20 09:38:37,176 [StateMachineUpdater:4d6fff4c-5cb6-40a3-b677-a76fbdc0054d:group-13440712A48A] INFO  impl.StateMachineUpdater (StateMachineUpdater.java:lambda$new$0(80)) - StateMachineUpdater:4d6fff4c-5cb6-40a3-b677-a76fbdc0054d:group-13440712A48A: snapshotIndex: updateIncreasingly -1 -> 6
2019-09-20 09:38:37,179 [main] INFO  impl.PendingRequests (PendingRequests.java:sendNotLeaderResponses(202)) - ba1e65fe-7169-476d-a778-4df70d7cdd6e-PendingRequests: sendNotLeaderResponses
2019-09-20 09:38:37,179 [ForkJoinPool.commonPool-worker-0] INFO  impl.RaftServerImpl (ServerState.java:close(394)) - 4d6fff4c-5cb6-40a3-b677-a76fbdc0054d:group-13440712A48A closes. The last applied log index is 8
2019-09-20 09:38:37,179 [org.apache.ratis.server.impl.LogAppender$AppenderDaemon$$Lambda$1023/1798246754@7a2c32ef] WARN  server.GrpcLogAppender (GrpcLogAppender.java:mayWait(143)) - GrpcLogAppender(ba1e65fe-7169-476d-a778-4df70d7cdd6e->d4fa05df-3099-4015-ad0e-4200365d2035): Wait interrupted by java.lang.InterruptedException
2019-09-20 09:38:37,179 [org.apache.ratis.server.impl.LogAppender$AppenderDaemon$$Lambda$1023/1798246754@3f2eb3ce] WARN  server.GrpcLogAppender (GrpcLogAppender.java:mayWait(143)) - GrpcLogAppender(ba1e65fe-7169-476d-a778-4df70d7cdd6e->10741cbd-d620-4a9b-9e67-51db8a2e0e6a): Wait interrupted by java.lang.InterruptedException
2019-09-20 09:38:37,180 [4d6fff4c-5cb6-40a3-b677-a76fbdc0054d-SegmentedRaftLogWorker:Storage Directory /workdir/hadoop-ozone/integration-test/target/test-dir/MiniOzoneClusterImpl-b51a347c-4d32-49ce-97bb-8b27036901e7/datanode-2/data/ratis/6b21fe18-2200-4b20-94b6-13440712a48a] INFO  segmented.SegmentedRaftLogWorker (SegmentedRaftLogWorker.java:run(313)) - 4d6fff4c-5cb6-40a3-b677-a76fbdc0054d-SegmentedRaftLogWorker:Storage Directory /workdir/hadoop-ozone/integration-test/target/test-dir/MiniOzoneClusterImpl-b51a347c-4d32-49ce-97bb-8b27036901e7/datanode-2/data/ratis/6b21fe18-2200-4b20-94b6-13440712a48a was interrupted, exiting. There are 0 tasks remaining in the queue.
2019-09-20 09:38:37,180 [main] INFO  impl.StateMachineUpdater (StateMachineUpdater.java:stopAndJoin(115)) - StateMachineUpdater:ba1e65fe-7169-476d-a778-4df70d7cdd6e:group-26BA44E1C42B: set stopIndex = 0
2019-09-20 09:38:37,183 [main] INFO  impl.RaftServerImpl (ServerState.java:close(394)) - ba1e65fe-7169-476d-a778-4df70d7cdd6e:group-26BA44E1C42B closes. The last applied log index is 0
2019-09-20 09:38:37,183 [ForkJoinPool.commonPool-worker-0] INFO  segmented.SegmentedRaftLogWorker (SegmentedRaftLogWorker.java:close(228)) - 4d6fff4c-5cb6-40a3-b677-a76fbdc0054d-SegmentedRaftLogWorker:Storage Directory /workdir/hadoop-ozone/integration-test/target/test-dir/MiniOzoneClusterImpl-b51a347c-4d32-49ce-97bb-8b27036901e7/datanode-2/data/ratis/6b21fe18-2200-4b20-94b6-13440712a48a close()
2019-09-20 09:38:37,181 [grpc-default-executor-13] INFO  server.GrpcServerProtocolService (GrpcServerProtocolService.java:onCompleted(104)) - d4fa05df-3099-4015-ad0e-4200365d2035: appendEntries completed
2019-09-20 09:38:37,185 [ForkJoinPool.commonPool-worker-0] INFO  impl.RaftServerImpl (RaftServerImpl.java:lambda$shutdown$3(245)) - 4d6fff4c-5cb6-40a3-b677-a76fbdc0054d: shutdown group-C3B80024A580
2019-09-20 09:38:37,183 [ba1e65fe-7169-476d-a778-4df70d7cdd6e-SegmentedRaftLogWorker:Storage Directory /workdir/hadoop-ozone/integration-test/target/test-dir/MiniOzoneClusterImpl-b51a347c-4d32-49ce-97bb-8b27036901e7/datanode-3/data/ratis/72ec9e48-db96-4ff8-ab10-26ba44e1c42b] INFO  segmented.SegmentedRaftLogWorker (SegmentedRaftLogWorker.java:run(313)) - ba1e65fe-7169-476d-a778-4df70d7cdd6e-SegmentedRaftLogWorker:Storage Directory /workdir/hadoop-ozone/integration-test/target/test-dir/MiniOzoneClusterImpl-b51a347c-4d32-49ce-97bb-8b27036901e7/datanode-3/data/ratis/72ec9e48-db96-4ff8-ab10-26ba44e1c42b was interrupted, exiting. There are 0 tasks remaining in the queue.
2019-09-20 09:38:37,186 [ForkJoinPool.commonPool-worker-0] INFO  util.JmxRegister (JmxRegister.java:unregister(73)) - Successfully un-registered JMX Bean with object name Ratis:service=RaftServer,group=group-C3B80024A580,id=4d6fff4c-5cb6-40a3-b677-a76fbdc0054d
2019-09-20 09:38:37,188 [main] INFO  segmented.SegmentedRaftLogWorker (SegmentedRaftLogWorker.java:close(228)) - ba1e65fe-7169-476d-a778-4df70d7cdd6e-SegmentedRaftLogWorker:Storage Directory /workdir/hadoop-ozone/integration-test/target/test-dir/MiniOzoneClusterImpl-b51a347c-4d32-49ce-97bb-8b27036901e7/datanode-3/data/ratis/72ec9e48-db96-4ff8-ab10-26ba44e1c42b close()
2019-09-20 09:38:37,186 [grpc-default-executor-13] INFO  server.GrpcLogAppender (GrpcLogAppender.java:onCompleted(292)) - ba1e65fe-7169-476d-a778-4df70d7cdd6e->d4fa05df-3099-4015-ad0e-4200365d2035: follower responses appendEntries COMPLETED
2019-09-20 09:38:37,190 [main] INFO  server.GrpcService (GrpcService.java:closeImpl(155)) - ba1e65fe-7169-476d-a778-4df70d7cdd6e: shutdown server with port 46724 now
2019-09-20 09:38:37,188 [ForkJoinPool.commonPool-worker-0] INFO  impl.RoleInfo (RoleInfo.java:shutdownLeaderState(104)) - 4d6fff4c-5cb6-40a3-b677-a76fbdc0054d: shutdown LeaderState
2019-09-20 09:38:37,191 [main] INFO  server.GrpcService (GrpcService.java:closeImpl(163)) - ba1e65fe-7169-476d-a778-4df70d7cdd6e: shutdown server with port 46724 successfully
2019-09-20 09:38:37,190 [grpc-default-executor-13] INFO  impl.FollowerInfo (FollowerInfo.java:lambda$new$0(50)) - ba1e65fe-7169-476d-a778-4df70d7cdd6e->d4fa05df-3099-4015-ad0e-4200365d2035: nextIndex: updateUnconditionally 1 -> 0
2019-09-20 09:38:37,191 [ForkJoinPool.commonPool-worker-0] INFO  impl.PendingRequests (PendingRequests.java:sendNotLeaderResponses(202)) - 4d6fff4c-5cb6-40a3-b677-a76fbdc0054d-PendingRequests: sendNotLeaderResponses
2019-09-20 09:38:37,192 [ForkJoinPool.commonPool-worker-0] INFO  impl.StateMachineUpdater (StateMachineUpdater.java:stopAndJoin(115)) - StateMachineUpdater:4d6fff4c-5cb6-40a3-b677-a76fbdc0054d:group-C3B80024A580: set stopIndex = 0
2019-09-20 09:38:37,192 [main] INFO  utils.BackgroundService (BackgroundService.java:shutdown(148)) - Shutting down service BlockDeletingService
2019-09-20 09:38:37,192 [ForkJoinPool.commonPool-worker-0] INFO  impl.RaftServerImpl (ServerState.java:close(394)) - 4d6fff4c-5cb6-40a3-b677-a76fbdc0054d:group-C3B80024A580 closes. The last applied log index is 0
2019-09-20 09:38:37,193 [4d6fff4c-5cb6-40a3-b677-a76fbdc0054d-SegmentedRaftLogWorker:Storage Directory /workdir/hadoop-ozone/integration-test/target/test-dir/MiniOzoneClusterImpl-b51a347c-4d32-49ce-97bb-8b27036901e7/datanode-2/data/ratis/7ccf7e89-21ca-470b-9a90-c3b80024a580] INFO  segmented.SegmentedRaftLogWorker (SegmentedRaftLogWorker.java:run(313)) - 4d6fff4c-5cb6-40a3-b677-a76fbdc0054d-SegmentedRaftLogWorker:Storage Directory /workdir/hadoop-ozone/integration-test/target/test-dir/MiniOzoneClusterImpl-b51a347c-4d32-49ce-97bb-8b27036901e7/datanode-2/data/ratis/7ccf7e89-21ca-470b-9a90-c3b80024a580 was interrupted, exiting. There are 0 tasks remaining in the queue.
2019-09-20 09:38:37,194 [refreshUsed-/workdir/hadoop-ozone/integration-test/target/test-dir/MiniOzoneClusterImpl-b51a347c-4d32-49ce-97bb-8b27036901e7/datanode-3/data/containers] WARN  fs.CachingGetSpaceUsed (CachingGetSpaceUsed.java:run(183)) - Thread Interrupted waiting to refresh disk information: sleep interrupted
2019-09-20 09:38:37,196 [ForkJoinPool.commonPool-worker-0] INFO  segmented.SegmentedRaftLogWorker (SegmentedRaftLogWorker.java:close(228)) - 4d6fff4c-5cb6-40a3-b677-a76fbdc0054d-SegmentedRaftLogWorker:Storage Directory /workdir/hadoop-ozone/integration-test/target/test-dir/MiniOzoneClusterImpl-b51a347c-4d32-49ce-97bb-8b27036901e7/datanode-2/data/ratis/7ccf7e89-21ca-470b-9a90-c3b80024a580 close()
2019-09-20 09:38:37,198 [ForkJoinPool.commonPool-worker-0] INFO  server.GrpcService (GrpcService.java:closeImpl(155)) - 4d6fff4c-5cb6-40a3-b677-a76fbdc0054d: shutdown server with port 46744 now
2019-09-20 09:38:37,199 [ForkJoinPool.commonPool-worker-0] INFO  server.GrpcService (GrpcService.java:closeImpl(163)) - 4d6fff4c-5cb6-40a3-b677-a76fbdc0054d: shutdown server with port 46744 successfully
2019-09-20 09:38:37,199 [grpc-default-executor-0] WARN  server.GrpcLogAppender (LogUtils.java:warn(134)) - 37b777df-de08-4da5-9630-325a3e0e88a6->4d6fff4c-5cb6-40a3-b677-a76fbdc0054d: Failed appendEntries: org.apache.ratis.thirdparty.io.grpc.StatusRuntimeException: CANCELLED: HTTP/2 error code: CANCEL
Received Rst Stream
2019-09-20 09:38:37,199 [grpc-default-executor-15] WARN  server.GrpcServerProtocolService (LogUtils.java:warn(134)) - 4d6fff4c-5cb6-40a3-b677-a76fbdc0054d: appendEntries onError: org.apache.ratis.thirdparty.io.grpc.StatusRuntimeException: CANCELLED: cancelled before receiving half close
2019-09-20 09:38:37,200 [grpc-default-executor-0] INFO  impl.FollowerInfo (FollowerInfo.java:lambda$new$0(50)) - 37b777df-de08-4da5-9630-325a3e0e88a6->4d6fff4c-5cb6-40a3-b677-a76fbdc0054d: nextIndex: updateUnconditionally 9 -> 8
2019-09-20 09:38:37,202 [ForkJoinPool.commonPool-worker-0] INFO  utils.BackgroundService (BackgroundService.java:shutdown(148)) - Shutting down service BlockDeletingService
2019-09-20 09:38:37,206 [refreshUsed-/workdir/hadoop-ozone/integration-test/target/test-dir/MiniOzoneClusterImpl-b51a347c-4d32-49ce-97bb-8b27036901e7/datanode-2/data/containers] WARN  fs.CachingGetSpaceUsed (CachingGetSpaceUsed.java:run(183)) - Thread Interrupted waiting to refresh disk information: sleep interrupted
2019-09-20 09:38:37,222 [main] INFO  statemachine.DatanodeStateMachine (DatanodeStateMachine.java:stopDaemon(401)) - Ozone container server stopped.
2019-09-20 09:38:37,224 [main] INFO  handler.ContextHandler (ContextHandler.java:doStop(910)) - Stopped o.e.j.w.WebAppContext@2b6b487c{/,null,UNAVAILABLE}{/hddsDatanode}
2019-09-20 09:38:37,225 [main] INFO  server.AbstractConnector (AbstractConnector.java:doStop(318)) - Stopped ServerConnector@2d73767e{HTTP/1.1,[http/1.1]}{0.0.0.0:0}
2019-09-20 09:38:37,225 [main] INFO  handler.ContextHandler (ContextHandler.java:doStop(910)) - Stopped o.e.j.s.ServletContextHandler@79295932{/static,jar:file:/home/user/.m2/repository/org/apache/hadoop/hadoop-hdds-container-service/0.5.0-SNAPSHOT/hadoop-hdds-container-service-0.5.0-SNAPSHOT.jar!/webapps/static,UNAVAILABLE}
2019-09-20 09:38:37,226 [main] INFO  handler.ContextHandler (ContextHandler.java:doStop(910)) - Stopped o.e.j.s.ServletContextHandler@5f20b6fe{/logs,file:///workdir/hadoop-ozone/integration-test/target/log,UNAVAILABLE}
2019-09-20 09:38:37,227 [main] INFO  datanode.ObjectStoreHandler (ObjectStoreHandler.java:close(155)) - Closing ObjectStoreHandler.
2019-09-20 09:38:37,228 [main] INFO  ozone.HddsDatanodeService (HddsDatanodeService.java:stop(451)) - Stopped plug-in org.apache.hadoop.ozone.web.OzoneHddsDatanodeService@44864ebe
2019-09-20 09:38:37,235 [ForkJoinPool.commonPool-worker-0] INFO  statemachine.DatanodeStateMachine (DatanodeStateMachine.java:stopDaemon(401)) - Ozone container server stopped.
2019-09-20 09:38:37,239 [ForkJoinPool.commonPool-worker-0] INFO  handler.ContextHandler (ContextHandler.java:doStop(910)) - Stopped o.e.j.w.WebAppContext@28f90752{/,null,UNAVAILABLE}{/hddsDatanode}
2019-09-20 09:38:37,239 [ForkJoinPool.commonPool-worker-0] INFO  server.AbstractConnector (AbstractConnector.java:doStop(318)) - Stopped ServerConnector@4f20b022{HTTP/1.1,[http/1.1]}{0.0.0.0:0}
2019-09-20 09:38:37,241 [ForkJoinPool.commonPool-worker-0] INFO  handler.ContextHandler (ContextHandler.java:doStop(910)) - Stopped o.e.j.s.ServletContextHandler@f49e81a{/static,jar:file:/home/user/.m2/repository/org/apache/hadoop/hadoop-hdds-container-service/0.5.0-SNAPSHOT/hadoop-hdds-container-service-0.5.0-SNAPSHOT.jar!/webapps/static,UNAVAILABLE}
2019-09-20 09:38:37,242 [ForkJoinPool.commonPool-worker-0] INFO  handler.ContextHandler (ContextHandler.java:doStop(910)) - Stopped o.e.j.s.ServletContextHandler@70d687b8{/logs,file:///workdir/hadoop-ozone/integration-test/target/log,UNAVAILABLE}
2019-09-20 09:38:37,243 [ForkJoinPool.commonPool-worker-0] INFO  datanode.ObjectStoreHandler (ObjectStoreHandler.java:close(155)) - Closing ObjectStoreHandler.
2019-09-20 09:38:37,243 [ForkJoinPool.commonPool-worker-0] INFO  ozone.HddsDatanodeService (HddsDatanodeService.java:stop(451)) - Stopped plug-in org.apache.hadoop.ozone.web.OzoneHddsDatanodeService@1c18ee69
2019-09-20 09:38:37,336 [grpc-default-executor-13] WARN  server.GrpcLogAppender (LogUtils.java:warn(134)) - 37b777df-de08-4da5-9630-325a3e0e88a6->d072c18a-1b53-41d5-bae5-b82be0790279: Failed appendEntries: org.apache.ratis.thirdparty.io.grpc.StatusRuntimeException: UNAVAILABLE: io exception
2019-09-20 09:38:37,339 [grpc-default-executor-13] INFO  impl.FollowerInfo (FollowerInfo.java:lambda$new$0(50)) - 37b777df-de08-4da5-9630-325a3e0e88a6->d072c18a-1b53-41d5-bae5-b82be0790279: nextIndex: updateUnconditionally 6 -> 5
2019-09-20 09:38:37,350 [grpc-default-executor-15] WARN  server.GrpcLogAppender (LogUtils.java:warn(134)) - 37b777df-de08-4da5-9630-325a3e0e88a6->4d6fff4c-5cb6-40a3-b677-a76fbdc0054d: Failed appendEntries: org.apache.ratis.thirdparty.io.grpc.StatusRuntimeException: UNAVAILABLE: io exception
2019-09-20 09:38:37,351 [grpc-default-executor-15] INFO  impl.FollowerInfo (FollowerInfo.java:lambda$new$0(50)) - 37b777df-de08-4da5-9630-325a3e0e88a6->4d6fff4c-5cb6-40a3-b677-a76fbdc0054d: nextIndex: updateUnconditionally 8 -> 7
2019-09-20 09:38:37,516 [Datanode State Machine Thread - 0] INFO  statemachine.DatanodeStateMachine (DatanodeStateMachine.java:lambda$startDaemon$0(356)) - Ozone container server started.
2019-09-20 09:38:37,878 | INFO  | SCMAudit | user=jenkins1000 | ip=192.168.151.119 | op=SEND_HEARTBEAT {datanodeUUID=d4fa05df-3099-4015-ad0e-4200365d2035, command=[]} | ret=SUCCESS |  
2019-09-20 09:38:38,023 [Datanode State Machine Thread - 0] INFO  statemachine.DatanodeStateMachine (DatanodeStateMachine.java:lambda$startDaemon$0(356)) - Ozone container server started.
2019-09-20 09:38:38,877 | INFO  | SCMAudit | user=jenkins1000 | ip=192.168.151.119 | op=SEND_HEARTBEAT {datanodeUUID=d4fa05df-3099-4015-ad0e-4200365d2035, command=[]} | ret=SUCCESS |  
2019-09-20 09:38:39,837 [grpc-default-executor-13] WARN  server.GrpcLogAppender (LogUtils.java:warn(134)) - 37b777df-de08-4da5-9630-325a3e0e88a6->d072c18a-1b53-41d5-bae5-b82be0790279: Failed appendEntries: org.apache.ratis.thirdparty.io.grpc.StatusRuntimeException: UNAVAILABLE: io exception
2019-09-20 09:38:39,840 [grpc-default-executor-13] INFO  impl.FollowerInfo (FollowerInfo.java:lambda$new$0(50)) - 37b777df-de08-4da5-9630-325a3e0e88a6->d072c18a-1b53-41d5-bae5-b82be0790279: nextIndex: updateUnconditionally 5 -> 4
2019-09-20 09:38:39,842 [grpc-default-executor-0] WARN  server.GrpcLogAppender (LogUtils.java:warn(134)) - 37b777df-de08-4da5-9630-325a3e0e88a6->4d6fff4c-5cb6-40a3-b677-a76fbdc0054d: Failed appendEntries: org.apache.ratis.thirdparty.io.grpc.StatusRuntimeException: UNAVAILABLE: io exception
2019-09-20 09:38:39,844 [grpc-default-executor-0] INFO  impl.FollowerInfo (FollowerInfo.java:lambda$new$0(50)) - 37b777df-de08-4da5-9630-325a3e0e88a6->4d6fff4c-5cb6-40a3-b677-a76fbdc0054d: nextIndex: updateUnconditionally 7 -> 6
2019-09-20 09:38:39,877 | INFO  | SCMAudit | user=jenkins1000 | ip=192.168.151.119 | op=SEND_HEARTBEAT {datanodeUUID=d4fa05df-3099-4015-ad0e-4200365d2035, command=[]} | ret=SUCCESS |  
2019-09-20 09:38:40,794 [Thread-999] INFO  impl.FollowerState (FollowerState.java:run(106)) - d4fa05df-3099-4015-ad0e-4200365d2035:group-26BA44E1C42B changes to CANDIDATE, lastRpcTime:5512, electionTimeout:5190ms
2019-09-20 09:38:40,794 [Thread-999] INFO  impl.RoleInfo (RoleInfo.java:shutdownFollowerState(121)) - d4fa05df-3099-4015-ad0e-4200365d2035: shutdown FollowerState
2019-09-20 09:38:40,794 [Thread-999] INFO  impl.RaftServerImpl (RaftServerImpl.java:setRole(171)) - d4fa05df-3099-4015-ad0e-4200365d2035:group-26BA44E1C42B changes role from FOLLOWER to CANDIDATE at term 1 for changeToCandidate
2019-09-20 09:38:40,795 [Thread-999] INFO  impl.RoleInfo (RoleInfo.java:updateAndGet(143)) - d4fa05df-3099-4015-ad0e-4200365d2035: start LeaderElection
2019-09-20 09:38:40,795 [d4fa05df-3099-4015-ad0e-4200365d2035:group-26BA44E1C42B:LeaderElection49] INFO  impl.RaftServerImpl (ServerState.java:setLeader(263)) - d4fa05df-3099-4015-ad0e-4200365d2035:group-26BA44E1C42B change Leader from ba1e65fe-7169-476d-a778-4df70d7cdd6e to null at term 1 for initElection
2019-09-20 09:38:40,811 [d4fa05df-3099-4015-ad0e-4200365d2035:group-26BA44E1C42B:LeaderElection49] INFO  impl.LeaderElection (LeaderElection.java:askForVotes(181)) - d4fa05df-3099-4015-ad0e-4200365d2035:group-26BA44E1C42B:LeaderElection49: begin an election at term 2 for 0: [d4fa05df-3099-4015-ad0e-4200365d2035:192.168.151.119:43786, 10741cbd-d620-4a9b-9e67-51db8a2e0e6a:192.168.151.119:43615, ba1e65fe-7169-476d-a778-4df70d7cdd6e:192.168.151.119:46724], old=null
2019-09-20 09:38:40,816 [d4fa05df-3099-4015-ad0e-4200365d2035:group-26BA44E1C42B:LeaderElection49] INFO  impl.LeaderElection (LogUtils.java:infoOrTrace(149)) - d4fa05df-3099-4015-ad0e-4200365d2035:group-26BA44E1C42B:LeaderElection49 got exception when requesting votes: {}
java.util.concurrent.ExecutionException: org.apache.ratis.thirdparty.io.grpc.StatusRuntimeException: UNAVAILABLE: io exception
	at java.util.concurrent.FutureTask.report(FutureTask.java:122)
	at java.util.concurrent.FutureTask.get(FutureTask.java:192)
	at org.apache.ratis.server.impl.LeaderElection.waitForResults(LeaderElection.java:262)
	at org.apache.ratis.server.impl.LeaderElection.askForVotes(LeaderElection.java:200)
	at org.apache.ratis.server.impl.LeaderElection.run(LeaderElection.java:130)
	at java.lang.Thread.run(Thread.java:748)
Caused by: org.apache.ratis.thirdparty.io.grpc.StatusRuntimeException: UNAVAILABLE: io exception
	at org.apache.ratis.thirdparty.io.grpc.stub.ClientCalls.toStatusRuntimeException(ClientCalls.java:233)
	at org.apache.ratis.thirdparty.io.grpc.stub.ClientCalls.getUnchecked(ClientCalls.java:214)
	at org.apache.ratis.thirdparty.io.grpc.stub.ClientCalls.blockingUnaryCall(ClientCalls.java:139)
	at org.apache.ratis.proto.grpc.RaftServerProtocolServiceGrpc$RaftServerProtocolServiceBlockingStub.requestVote(RaftServerProtocolServiceGrpc.java:265)
	at org.apache.ratis.grpc.server.GrpcServerProtocolClient.requestVote(GrpcServerProtocolClient.java:83)
	at org.apache.ratis.grpc.server.GrpcService.requestVote(GrpcService.java:195)
	at org.apache.ratis.server.impl.LeaderElection.lambda$submitRequests$1(LeaderElection.java:237)
	at java.util.concurrent.FutureTask.run(FutureTask.java:266)
	at java.util.concurrent.Executors$RunnableAdapter.call(Executors.java:511)
	at java.util.concurrent.FutureTask.run(FutureTask.java:266)
	at java.util.concurrent.ThreadPoolExecutor.runWorker(ThreadPoolExecutor.java:1149)
	at java.util.concurrent.ThreadPoolExecutor$Worker.run(ThreadPoolExecutor.java:624)
	... 1 more
Caused by: org.apache.ratis.thirdparty.io.netty.channel.AbstractChannel$AnnotatedConnectException: Connection refused: /192.168.151.119:43615
	at sun.nio.ch.SocketChannelImpl.checkConnect(Native Method)
	at sun.nio.ch.SocketChannelImpl.finishConnect(SocketChannelImpl.java:717)
	at org.apache.ratis.thirdparty.io.netty.channel.socket.nio.NioSocketChannel.doFinishConnect(NioSocketChannel.java:327)
	at org.apache.ratis.thirdparty.io.netty.channel.nio.AbstractNioChannel$AbstractNioUnsafe.finishConnect(AbstractNioChannel.java:340)
	at org.apache.ratis.thirdparty.io.netty.channel.nio.NioEventLoop.processSelectedKey(NioEventLoop.java:632)
	at org.apache.ratis.thirdparty.io.netty.channel.nio.NioEventLoop.processSelectedKeysOptimized(NioEventLoop.java:579)
	at org.apache.ratis.thirdparty.io.netty.channel.nio.NioEventLoop.processSelectedKeys(NioEventLoop.java:496)
	at org.apache.ratis.thirdparty.io.netty.channel.nio.NioEventLoop.run(NioEventLoop.java:458)
	at org.apache.ratis.thirdparty.io.netty.util.concurrent.SingleThreadEventExecutor$5.run(SingleThreadEventExecutor.java:897)
	at org.apache.ratis.thirdparty.io.netty.util.concurrent.FastThreadLocalRunnable.run(FastThreadLocalRunnable.java:30)
	... 1 more
Caused by: java.net.ConnectException: Connection refused
	... 11 more
2019-09-20 09:38:40,819 [d4fa05df-3099-4015-ad0e-4200365d2035:group-26BA44E1C42B:LeaderElection49] INFO  impl.LeaderElection (LogUtils.java:infoOrTrace(149)) - d4fa05df-3099-4015-ad0e-4200365d2035:group-26BA44E1C42B:LeaderElection49 got exception when requesting votes: {}
java.util.concurrent.ExecutionException: org.apache.ratis.thirdparty.io.grpc.StatusRuntimeException: UNAVAILABLE: io exception
	at java.util.concurrent.FutureTask.report(FutureTask.java:122)
	at java.util.concurrent.FutureTask.get(FutureTask.java:192)
	at org.apache.ratis.server.impl.LeaderElection.waitForResults(LeaderElection.java:262)
	at org.apache.ratis.server.impl.LeaderElection.askForVotes(LeaderElection.java:200)
	at org.apache.ratis.server.impl.LeaderElection.run(LeaderElection.java:130)
	at java.lang.Thread.run(Thread.java:748)
Caused by: org.apache.ratis.thirdparty.io.grpc.StatusRuntimeException: UNAVAILABLE: io exception
	at org.apache.ratis.thirdparty.io.grpc.stub.ClientCalls.toStatusRuntimeException(ClientCalls.java:233)
	at org.apache.ratis.thirdparty.io.grpc.stub.ClientCalls.getUnchecked(ClientCalls.java:214)
	at org.apache.ratis.thirdparty.io.grpc.stub.ClientCalls.blockingUnaryCall(ClientCalls.java:139)
	at org.apache.ratis.proto.grpc.RaftServerProtocolServiceGrpc$RaftServerProtocolServiceBlockingStub.requestVote(RaftServerProtocolServiceGrpc.java:265)
	at org.apache.ratis.grpc.server.GrpcServerProtocolClient.requestVote(GrpcServerProtocolClient.java:83)
	at org.apache.ratis.grpc.server.GrpcService.requestVote(GrpcService.java:195)
	at org.apache.ratis.server.impl.LeaderElection.lambda$submitRequests$1(LeaderElection.java:237)
	at java.util.concurrent.FutureTask.run(FutureTask.java:266)
	at java.util.concurrent.Executors$RunnableAdapter.call(Executors.java:511)
	at java.util.concurrent.FutureTask.run(FutureTask.java:266)
	at java.util.concurrent.ThreadPoolExecutor.runWorker(ThreadPoolExecutor.java:1149)
	at java.util.concurrent.ThreadPoolExecutor$Worker.run(ThreadPoolExecutor.java:624)
	... 1 more
Caused by: org.apache.ratis.thirdparty.io.netty.channel.AbstractChannel$AnnotatedConnectException: Connection refused: /192.168.151.119:46724
	at sun.nio.ch.SocketChannelImpl.checkConnect(Native Method)
	at sun.nio.ch.SocketChannelImpl.finishConnect(SocketChannelImpl.java:717)
	at org.apache.ratis.thirdparty.io.netty.channel.socket.nio.NioSocketChannel.doFinishConnect(NioSocketChannel.java:327)
	at org.apache.ratis.thirdparty.io.netty.channel.nio.AbstractNioChannel$AbstractNioUnsafe.finishConnect(AbstractNioChannel.java:340)
	at org.apache.ratis.thirdparty.io.netty.channel.nio.NioEventLoop.processSelectedKey(NioEventLoop.java:632)
	at org.apache.ratis.thirdparty.io.netty.channel.nio.NioEventLoop.processSelectedKeysOptimized(NioEventLoop.java:579)
	at org.apache.ratis.thirdparty.io.netty.channel.nio.NioEventLoop.processSelectedKeys(NioEventLoop.java:496)
	at org.apache.ratis.thirdparty.io.netty.channel.nio.NioEventLoop.run(NioEventLoop.java:458)
	at org.apache.ratis.thirdparty.io.netty.util.concurrent.SingleThreadEventExecutor$5.run(SingleThreadEventExecutor.java:897)
	at org.apache.ratis.thirdparty.io.netty.util.concurrent.FastThreadLocalRunnable.run(FastThreadLocalRunnable.java:30)
	... 1 more
Caused by: java.net.ConnectException: Connection refused
	... 11 more
2019-09-20 09:38:40,821 [d4fa05df-3099-4015-ad0e-4200365d2035:group-26BA44E1C42B:LeaderElection49] INFO  impl.LeaderElection (LeaderElection.java:logAndReturn(56)) - d4fa05df-3099-4015-ad0e-4200365d2035:group-26BA44E1C42B:LeaderElection49: Election REJECTED; received 0 response(s) [] and 2 exception(s); d4fa05df-3099-4015-ad0e-4200365d2035:t2, leader=null, voted=d4fa05df-3099-4015-ad0e-4200365d2035, raftlog=d4fa05df-3099-4015-ad0e-4200365d2035-SegmentedRaftLog:OPENED:c0,f0,i0, conf=0: [d4fa05df-3099-4015-ad0e-4200365d2035:192.168.151.119:43786, 10741cbd-d620-4a9b-9e67-51db8a2e0e6a:192.168.151.119:43615, ba1e65fe-7169-476d-a778-4df70d7cdd6e:192.168.151.119:46724], old=null
2019-09-20 09:38:40,821 [d4fa05df-3099-4015-ad0e-4200365d2035:group-26BA44E1C42B:LeaderElection49] INFO  impl.LeaderElection (LogUtils.java:infoOrTrace(149)) -   Exception 0: {}
java.util.concurrent.ExecutionException: org.apache.ratis.thirdparty.io.grpc.StatusRuntimeException: UNAVAILABLE: io exception
	at java.util.concurrent.FutureTask.report(FutureTask.java:122)
	at java.util.concurrent.FutureTask.get(FutureTask.java:192)
	at org.apache.ratis.server.impl.LeaderElection.waitForResults(LeaderElection.java:262)
	at org.apache.ratis.server.impl.LeaderElection.askForVotes(LeaderElection.java:200)
	at org.apache.ratis.server.impl.LeaderElection.run(LeaderElection.java:130)
	at java.lang.Thread.run(Thread.java:748)
Caused by: org.apache.ratis.thirdparty.io.grpc.StatusRuntimeException: UNAVAILABLE: io exception
	at org.apache.ratis.thirdparty.io.grpc.stub.ClientCalls.toStatusRuntimeException(ClientCalls.java:233)
	at org.apache.ratis.thirdparty.io.grpc.stub.ClientCalls.getUnchecked(ClientCalls.java:214)
	at org.apache.ratis.thirdparty.io.grpc.stub.ClientCalls.blockingUnaryCall(ClientCalls.java:139)
	at org.apache.ratis.proto.grpc.RaftServerProtocolServiceGrpc$RaftServerProtocolServiceBlockingStub.requestVote(RaftServerProtocolServiceGrpc.java:265)
	at org.apache.ratis.grpc.server.GrpcServerProtocolClient.requestVote(GrpcServerProtocolClient.java:83)
	at org.apache.ratis.grpc.server.GrpcService.requestVote(GrpcService.java:195)
	at org.apache.ratis.server.impl.LeaderElection.lambda$submitRequests$1(LeaderElection.java:237)
	at java.util.concurrent.FutureTask.run(FutureTask.java:266)
	at java.util.concurrent.Executors$RunnableAdapter.call(Executors.java:511)
	at java.util.concurrent.FutureTask.run(FutureTask.java:266)
	at java.util.concurrent.ThreadPoolExecutor.runWorker(ThreadPoolExecutor.java:1149)
	at java.util.concurrent.ThreadPoolExecutor$Worker.run(ThreadPoolExecutor.java:624)
	... 1 more
Caused by: org.apache.ratis.thirdparty.io.netty.channel.AbstractChannel$AnnotatedConnectException: Connection refused: /192.168.151.119:43615
	at sun.nio.ch.SocketChannelImpl.checkConnect(Native Method)
	at sun.nio.ch.SocketChannelImpl.finishConnect(SocketChannelImpl.java:717)
	at org.apache.ratis.thirdparty.io.netty.channel.socket.nio.NioSocketChannel.doFinishConnect(NioSocketChannel.java:327)
	at org.apache.ratis.thirdparty.io.netty.channel.nio.AbstractNioChannel$AbstractNioUnsafe.finishConnect(AbstractNioChannel.java:340)
	at org.apache.ratis.thirdparty.io.netty.channel.nio.NioEventLoop.processSelectedKey(NioEventLoop.java:632)
	at org.apache.ratis.thirdparty.io.netty.channel.nio.NioEventLoop.processSelectedKeysOptimized(NioEventLoop.java:579)
	at org.apache.ratis.thirdparty.io.netty.channel.nio.NioEventLoop.processSelectedKeys(NioEventLoop.java:496)
	at org.apache.ratis.thirdparty.io.netty.channel.nio.NioEventLoop.run(NioEventLoop.java:458)
	at org.apache.ratis.thirdparty.io.netty.util.concurrent.SingleThreadEventExecutor$5.run(SingleThreadEventExecutor.java:897)
	at org.apache.ratis.thirdparty.io.netty.util.concurrent.FastThreadLocalRunnable.run(FastThreadLocalRunnable.java:30)
	... 1 more
Caused by: java.net.ConnectException: Connection refused
	... 11 more
2019-09-20 09:38:40,822 [d4fa05df-3099-4015-ad0e-4200365d2035:group-26BA44E1C42B:LeaderElection49] INFO  impl.LeaderElection (LogUtils.java:infoOrTrace(149)) -   Exception 1: {}
java.util.concurrent.ExecutionException: org.apache.ratis.thirdparty.io.grpc.StatusRuntimeException: UNAVAILABLE: io exception
	at java.util.concurrent.FutureTask.report(FutureTask.java:122)
	at java.util.concurrent.FutureTask.get(FutureTask.java:192)
	at org.apache.ratis.server.impl.LeaderElection.waitForResults(LeaderElection.java:262)
	at org.apache.ratis.server.impl.LeaderElection.askForVotes(LeaderElection.java:200)
	at org.apache.ratis.server.impl.LeaderElection.run(LeaderElection.java:130)
	at java.lang.Thread.run(Thread.java:748)
Caused by: org.apache.ratis.thirdparty.io.grpc.StatusRuntimeException: UNAVAILABLE: io exception
	at org.apache.ratis.thirdparty.io.grpc.stub.ClientCalls.toStatusRuntimeException(ClientCalls.java:233)
	at org.apache.ratis.thirdparty.io.grpc.stub.ClientCalls.getUnchecked(ClientCalls.java:214)
	at org.apache.ratis.thirdparty.io.grpc.stub.ClientCalls.blockingUnaryCall(ClientCalls.java:139)
	at org.apache.ratis.proto.grpc.RaftServerProtocolServiceGrpc$RaftServerProtocolServiceBlockingStub.requestVote(RaftServerProtocolServiceGrpc.java:265)
	at org.apache.ratis.grpc.server.GrpcServerProtocolClient.requestVote(GrpcServerProtocolClient.java:83)
	at org.apache.ratis.grpc.server.GrpcService.requestVote(GrpcService.java:195)
	at org.apache.ratis.server.impl.LeaderElection.lambda$submitRequests$1(LeaderElection.java:237)
	at java.util.concurrent.FutureTask.run(FutureTask.java:266)
	at java.util.concurrent.Executors$RunnableAdapter.call(Executors.java:511)
	at java.util.concurrent.FutureTask.run(FutureTask.java:266)
	at java.util.concurrent.ThreadPoolExecutor.runWorker(ThreadPoolExecutor.java:1149)
	at java.util.concurrent.ThreadPoolExecutor$Worker.run(ThreadPoolExecutor.java:624)
	... 1 more
Caused by: org.apache.ratis.thirdparty.io.netty.channel.AbstractChannel$AnnotatedConnectException: Connection refused: /192.168.151.119:46724
	at sun.nio.ch.SocketChannelImpl.checkConnect(Native Method)
	at sun.nio.ch.SocketChannelImpl.finishConnect(SocketChannelImpl.java:717)
	at org.apache.ratis.thirdparty.io.netty.channel.socket.nio.NioSocketChannel.doFinishConnect(NioSocketChannel.java:327)
	at org.apache.ratis.thirdparty.io.netty.channel.nio.AbstractNioChannel$AbstractNioUnsafe.finishConnect(AbstractNioChannel.java:340)
	at org.apache.ratis.thirdparty.io.netty.channel.nio.NioEventLoop.processSelectedKey(NioEventLoop.java:632)
	at org.apache.ratis.thirdparty.io.netty.channel.nio.NioEventLoop.processSelectedKeysOptimized(NioEventLoop.java:579)
	at org.apache.ratis.thirdparty.io.netty.channel.nio.NioEventLoop.processSelectedKeys(NioEventLoop.java:496)
	at org.apache.ratis.thirdparty.io.netty.channel.nio.NioEventLoop.run(NioEventLoop.java:458)
	at org.apache.ratis.thirdparty.io.netty.util.concurrent.SingleThreadEventExecutor$5.run(SingleThreadEventExecutor.java:897)
	at org.apache.ratis.thirdparty.io.netty.util.concurrent.FastThreadLocalRunnable.run(FastThreadLocalRunnable.java:30)
	... 1 more
Caused by: java.net.ConnectException: Connection refused
	... 11 more
2019-09-20 09:38:40,822 [d4fa05df-3099-4015-ad0e-4200365d2035:group-26BA44E1C42B:LeaderElection49] INFO  impl.RaftServerImpl (RaftServerImpl.java:setRole(171)) - d4fa05df-3099-4015-ad0e-4200365d2035:group-26BA44E1C42B changes role from CANDIDATE to FOLLOWER at term 2 for DISCOVERED_A_NEW_TERM
2019-09-20 09:38:40,823 [d4fa05df-3099-4015-ad0e-4200365d2035:group-26BA44E1C42B:LeaderElection49] INFO  impl.RoleInfo (RoleInfo.java:shutdownLeaderElection(134)) - d4fa05df-3099-4015-ad0e-4200365d2035: shutdown LeaderElection
2019-09-20 09:38:40,823 [d4fa05df-3099-4015-ad0e-4200365d2035:group-26BA44E1C42B:LeaderElection49] INFO  impl.RoleInfo (RoleInfo.java:updateAndGet(143)) - d4fa05df-3099-4015-ad0e-4200365d2035: start FollowerState
2019-09-20 09:38:40,877 | INFO  | SCMAudit | user=jenkins1000 | ip=192.168.151.119 | op=SEND_HEARTBEAT {datanodeUUID=d4fa05df-3099-4015-ad0e-4200365d2035, command=[]} | ret=SUCCESS |  
2019-09-20 09:38:41,878 | INFO  | SCMAudit | user=jenkins1000 | ip=192.168.151.119 | op=SEND_HEARTBEAT {datanodeUUID=d4fa05df-3099-4015-ad0e-4200365d2035, command=[]} | ret=SUCCESS |  
2019-09-20 09:38:42,229 [main] INFO  ozoneimpl.OzoneContainer (OzoneContainer.java:stop(199)) - Attempting to stop container services.
2019-09-20 09:38:42,230 [main] INFO  impl.RaftServerProxy (RaftServerProxy.java:lambda$close$4(314)) - 86933813-1e1e-464a-ae0f-2ef91831d02b: close
2019-09-20 09:38:42,230 [main] INFO  impl.RaftServerImpl (RaftServerImpl.java:lambda$shutdown$3(245)) - 86933813-1e1e-464a-ae0f-2ef91831d02b: shutdown group-F09811A33C7B
2019-09-20 09:38:42,231 [main] INFO  util.JmxRegister (JmxRegister.java:unregister(73)) - Successfully un-registered JMX Bean with object name Ratis:service=RaftServer,group=group-F09811A33C7B,id=86933813-1e1e-464a-ae0f-2ef91831d02b
2019-09-20 09:38:42,231 [main] INFO  impl.RoleInfo (RoleInfo.java:shutdownLeaderState(104)) - 86933813-1e1e-464a-ae0f-2ef91831d02b: shutdown LeaderState
2019-09-20 09:38:42,232 [main] INFO  impl.PendingRequests (PendingRequests.java:sendNotLeaderResponses(202)) - 86933813-1e1e-464a-ae0f-2ef91831d02b-PendingRequests: sendNotLeaderResponses
2019-09-20 09:38:42,232 [main] INFO  impl.StateMachineUpdater (StateMachineUpdater.java:stopAndJoin(115)) - StateMachineUpdater:86933813-1e1e-464a-ae0f-2ef91831d02b:group-F09811A33C7B: set stopIndex = 0
2019-09-20 09:38:42,233 [main] INFO  impl.RaftServerImpl (ServerState.java:close(394)) - 86933813-1e1e-464a-ae0f-2ef91831d02b:group-F09811A33C7B closes. The last applied log index is 0
2019-09-20 09:38:42,233 [86933813-1e1e-464a-ae0f-2ef91831d02b-SegmentedRaftLogWorker:Storage Directory /workdir/hadoop-ozone/integration-test/target/test-dir/MiniOzoneClusterImpl-b51a347c-4d32-49ce-97bb-8b27036901e7/datanode-6/data/ratis/e05c9f1b-d954-4a7c-bb45-f09811a33c7b] INFO  segmented.SegmentedRaftLogWorker (SegmentedRaftLogWorker.java:run(313)) - 86933813-1e1e-464a-ae0f-2ef91831d02b-SegmentedRaftLogWorker:Storage Directory /workdir/hadoop-ozone/integration-test/target/test-dir/MiniOzoneClusterImpl-b51a347c-4d32-49ce-97bb-8b27036901e7/datanode-6/data/ratis/e05c9f1b-d954-4a7c-bb45-f09811a33c7b was interrupted, exiting. There are 0 tasks remaining in the queue.
2019-09-20 09:38:42,235 [main] INFO  segmented.SegmentedRaftLogWorker (SegmentedRaftLogWorker.java:close(228)) - 86933813-1e1e-464a-ae0f-2ef91831d02b-SegmentedRaftLogWorker:Storage Directory /workdir/hadoop-ozone/integration-test/target/test-dir/MiniOzoneClusterImpl-b51a347c-4d32-49ce-97bb-8b27036901e7/datanode-6/data/ratis/e05c9f1b-d954-4a7c-bb45-f09811a33c7b close()
2019-09-20 09:38:42,237 [main] INFO  server.GrpcService (GrpcService.java:closeImpl(155)) - 86933813-1e1e-464a-ae0f-2ef91831d02b: shutdown server with port 44448 now
2019-09-20 09:38:42,239 [main] INFO  server.GrpcService (GrpcService.java:closeImpl(163)) - 86933813-1e1e-464a-ae0f-2ef91831d02b: shutdown server with port 44448 successfully
2019-09-20 09:38:42,241 [main] INFO  utils.BackgroundService (BackgroundService.java:shutdown(148)) - Shutting down service BlockDeletingService
2019-09-20 09:38:42,244 [refreshUsed-/workdir/hadoop-ozone/integration-test/target/test-dir/MiniOzoneClusterImpl-b51a347c-4d32-49ce-97bb-8b27036901e7/datanode-6/data/containers] WARN  fs.CachingGetSpaceUsed (CachingGetSpaceUsed.java:run(183)) - Thread Interrupted waiting to refresh disk information: sleep interrupted
2019-09-20 09:38:42,246 [ForkJoinPool.commonPool-worker-0] INFO  ozoneimpl.OzoneContainer (OzoneContainer.java:stop(199)) - Attempting to stop container services.
2019-09-20 09:38:42,247 [ForkJoinPool.commonPool-worker-0] INFO  impl.RaftServerProxy (RaftServerProxy.java:lambda$close$4(314)) - 37b777df-de08-4da5-9630-325a3e0e88a6: close
2019-09-20 09:38:42,248 [ForkJoinPool.commonPool-worker-0] INFO  impl.RaftServerImpl (RaftServerImpl.java:lambda$shutdown$3(245)) - 37b777df-de08-4da5-9630-325a3e0e88a6: shutdown group-E6971277B14E
2019-09-20 09:38:42,248 [ForkJoinPool.commonPool-worker-0] INFO  util.JmxRegister (JmxRegister.java:unregister(73)) - Successfully un-registered JMX Bean with object name Ratis:service=RaftServer,group=group-E6971277B14E,id=37b777df-de08-4da5-9630-325a3e0e88a6
2019-09-20 09:38:42,248 [ForkJoinPool.commonPool-worker-0] INFO  impl.RoleInfo (RoleInfo.java:shutdownLeaderState(104)) - 37b777df-de08-4da5-9630-325a3e0e88a6: shutdown LeaderState
2019-09-20 09:38:42,249 [ForkJoinPool.commonPool-worker-0] INFO  impl.PendingRequests (PendingRequests.java:sendNotLeaderResponses(202)) - 37b777df-de08-4da5-9630-325a3e0e88a6-PendingRequests: sendNotLeaderResponses
2019-09-20 09:38:42,249 [ForkJoinPool.commonPool-worker-0] INFO  impl.StateMachineUpdater (StateMachineUpdater.java:stopAndJoin(115)) - StateMachineUpdater:37b777df-de08-4da5-9630-325a3e0e88a6:group-E6971277B14E: set stopIndex = 0
2019-09-20 09:38:42,249 [ForkJoinPool.commonPool-worker-0] INFO  impl.RaftServerImpl (ServerState.java:close(394)) - 37b777df-de08-4da5-9630-325a3e0e88a6:group-E6971277B14E closes. The last applied log index is 0
2019-09-20 09:38:42,250 [37b777df-de08-4da5-9630-325a3e0e88a6-SegmentedRaftLogWorker:Storage Directory /workdir/hadoop-ozone/integration-test/target/test-dir/MiniOzoneClusterImpl-b51a347c-4d32-49ce-97bb-8b27036901e7/datanode-0/data/ratis/9c217ec5-c6e8-4811-8942-e6971277b14e] INFO  segmented.SegmentedRaftLogWorker (SegmentedRaftLogWorker.java:run(313)) - 37b777df-de08-4da5-9630-325a3e0e88a6-SegmentedRaftLogWorker:Storage Directory /workdir/hadoop-ozone/integration-test/target/test-dir/MiniOzoneClusterImpl-b51a347c-4d32-49ce-97bb-8b27036901e7/datanode-0/data/ratis/9c217ec5-c6e8-4811-8942-e6971277b14e was interrupted, exiting. There are 0 tasks remaining in the queue.
2019-09-20 09:38:42,252 [ForkJoinPool.commonPool-worker-0] INFO  segmented.SegmentedRaftLogWorker (SegmentedRaftLogWorker.java:close(228)) - 37b777df-de08-4da5-9630-325a3e0e88a6-SegmentedRaftLogWorker:Storage Directory /workdir/hadoop-ozone/integration-test/target/test-dir/MiniOzoneClusterImpl-b51a347c-4d32-49ce-97bb-8b27036901e7/datanode-0/data/ratis/9c217ec5-c6e8-4811-8942-e6971277b14e close()
2019-09-20 09:38:42,257 [ForkJoinPool.commonPool-worker-0] INFO  impl.RaftServerImpl (RaftServerImpl.java:lambda$shutdown$3(245)) - 37b777df-de08-4da5-9630-325a3e0e88a6: shutdown group-13440712A48A
2019-09-20 09:38:42,257 [ForkJoinPool.commonPool-worker-0] INFO  util.JmxRegister (JmxRegister.java:unregister(73)) - Successfully un-registered JMX Bean with object name Ratis:service=RaftServer,group=group-13440712A48A,id=37b777df-de08-4da5-9630-325a3e0e88a6
2019-09-20 09:38:42,258 [ForkJoinPool.commonPool-worker-0] INFO  impl.RoleInfo (RoleInfo.java:shutdownLeaderState(104)) - 37b777df-de08-4da5-9630-325a3e0e88a6: shutdown LeaderState
2019-09-20 09:38:42,260 [ForkJoinPool.commonPool-worker-0] INFO  impl.PendingRequests (PendingRequests.java:sendNotLeaderResponses(202)) - 37b777df-de08-4da5-9630-325a3e0e88a6-PendingRequests: sendNotLeaderResponses
2019-09-20 09:38:42,260 [org.apache.ratis.server.impl.LogAppender$AppenderDaemon$$Lambda$1023/1798246754@11cf710b] WARN  server.GrpcLogAppender (GrpcLogAppender.java:mayWait(143)) - GrpcLogAppender(37b777df-de08-4da5-9630-325a3e0e88a6->4d6fff4c-5cb6-40a3-b677-a76fbdc0054d): Wait interrupted by java.lang.InterruptedException
2019-09-20 09:38:42,260 [org.apache.ratis.server.impl.LogAppender$AppenderDaemon$$Lambda$1023/1798246754@54cdf5f6] WARN  server.GrpcLogAppender (GrpcLogAppender.java:mayWait(143)) - GrpcLogAppender(37b777df-de08-4da5-9630-325a3e0e88a6->d072c18a-1b53-41d5-bae5-b82be0790279): Wait interrupted by java.lang.InterruptedException
2019-09-20 09:38:42,264 [ForkJoinPool.commonPool-worker-0] INFO  impl.StateMachineUpdater (StateMachineUpdater.java:stopAndJoin(115)) - StateMachineUpdater:37b777df-de08-4da5-9630-325a3e0e88a6:group-13440712A48A: set stopIndex = 8
2019-09-20 09:38:42,264 [StateMachineUpdater:37b777df-de08-4da5-9630-325a3e0e88a6:group-13440712A48A] INFO  ratis.ContainerStateMachine (ContainerStateMachine.java:takeSnapshot(283)) - group-13440712A48A: Taking a snapshot at:(t:1, i:6) file /workdir/hadoop-ozone/integration-test/target/test-dir/MiniOzoneClusterImpl-b51a347c-4d32-49ce-97bb-8b27036901e7/datanode-0/data/ratis/6b21fe18-2200-4b20-94b6-13440712a48a/sm/snapshot.1_6
2019-09-20 09:38:42,277 [main] INFO  statemachine.DatanodeStateMachine (DatanodeStateMachine.java:stopDaemon(401)) - Ozone container server stopped.
2019-09-20 09:38:42,278 [StateMachineUpdater:37b777df-de08-4da5-9630-325a3e0e88a6:group-13440712A48A] INFO  ratis.ContainerStateMachine (ContainerStateMachine.java:takeSnapshot(294)) - group-13440712A48A: Finished taking a snapshot at:(t:1, i:6) file:/workdir/hadoop-ozone/integration-test/target/test-dir/MiniOzoneClusterImpl-b51a347c-4d32-49ce-97bb-8b27036901e7/datanode-0/data/ratis/6b21fe18-2200-4b20-94b6-13440712a48a/sm/snapshot.1_6 time:14
2019-09-20 09:38:42,278 [StateMachineUpdater:37b777df-de08-4da5-9630-325a3e0e88a6:group-13440712A48A] INFO  impl.StateMachineUpdater (StateMachineUpdater.java:takeSnapshot(242)) - StateMachineUpdater:37b777df-de08-4da5-9630-325a3e0e88a6:group-13440712A48A: Took a snapshot at index 6
2019-09-20 09:38:42,278 [StateMachineUpdater:37b777df-de08-4da5-9630-325a3e0e88a6:group-13440712A48A] INFO  impl.StateMachineUpdater (StateMachineUpdater.java:lambda$new$0(80)) - StateMachineUpdater:37b777df-de08-4da5-9630-325a3e0e88a6:group-13440712A48A: snapshotIndex: updateIncreasingly -1 -> 6
2019-09-20 09:38:42,278 [ForkJoinPool.commonPool-worker-0] INFO  impl.RaftServerImpl (ServerState.java:close(394)) - 37b777df-de08-4da5-9630-325a3e0e88a6:group-13440712A48A closes. The last applied log index is 8
2019-09-20 09:38:42,279 [37b777df-de08-4da5-9630-325a3e0e88a6-SegmentedRaftLogWorker:Storage Directory /workdir/hadoop-ozone/integration-test/target/test-dir/MiniOzoneClusterImpl-b51a347c-4d32-49ce-97bb-8b27036901e7/datanode-0/data/ratis/6b21fe18-2200-4b20-94b6-13440712a48a] INFO  segmented.SegmentedRaftLogWorker (SegmentedRaftLogWorker.java:run(313)) - 37b777df-de08-4da5-9630-325a3e0e88a6-SegmentedRaftLogWorker:Storage Directory /workdir/hadoop-ozone/integration-test/target/test-dir/MiniOzoneClusterImpl-b51a347c-4d32-49ce-97bb-8b27036901e7/datanode-0/data/ratis/6b21fe18-2200-4b20-94b6-13440712a48a was interrupted, exiting. There are 0 tasks remaining in the queue.
2019-09-20 09:38:42,280 [ForkJoinPool.commonPool-worker-0] INFO  segmented.SegmentedRaftLogWorker (SegmentedRaftLogWorker.java:close(228)) - 37b777df-de08-4da5-9630-325a3e0e88a6-SegmentedRaftLogWorker:Storage Directory /workdir/hadoop-ozone/integration-test/target/test-dir/MiniOzoneClusterImpl-b51a347c-4d32-49ce-97bb-8b27036901e7/datanode-0/data/ratis/6b21fe18-2200-4b20-94b6-13440712a48a close()
2019-09-20 09:38:42,280 [ForkJoinPool.commonPool-worker-0] INFO  server.GrpcService (GrpcService.java:closeImpl(155)) - 37b777df-de08-4da5-9630-325a3e0e88a6: shutdown server with port 35524 now
2019-09-20 09:38:42,281 [ForkJoinPool.commonPool-worker-0] INFO  server.GrpcService (GrpcService.java:closeImpl(163)) - 37b777df-de08-4da5-9630-325a3e0e88a6: shutdown server with port 35524 successfully
2019-09-20 09:38:42,282 [ForkJoinPool.commonPool-worker-0] INFO  utils.BackgroundService (BackgroundService.java:shutdown(148)) - Shutting down service BlockDeletingService
2019-09-20 09:38:42,285 [refreshUsed-/workdir/hadoop-ozone/integration-test/target/test-dir/MiniOzoneClusterImpl-b51a347c-4d32-49ce-97bb-8b27036901e7/datanode-0/data/containers] WARN  fs.CachingGetSpaceUsed (CachingGetSpaceUsed.java:run(183)) - Thread Interrupted waiting to refresh disk information: sleep interrupted
2019-09-20 09:38:42,290 [main] INFO  handler.ContextHandler (ContextHandler.java:doStop(910)) - Stopped o.e.j.w.WebAppContext@4efed0e0{/,null,UNAVAILABLE}{/hddsDatanode}
2019-09-20 09:38:42,291 [main] INFO  server.AbstractConnector (AbstractConnector.java:doStop(318)) - Stopped ServerConnector@4ac0ed65{HTTP/1.1,[http/1.1]}{0.0.0.0:0}
2019-09-20 09:38:42,292 [main] INFO  handler.ContextHandler (ContextHandler.java:doStop(910)) - Stopped o.e.j.s.ServletContextHandler@1e029a04{/static,jar:file:/home/user/.m2/repository/org/apache/hadoop/hadoop-hdds-container-service/0.5.0-SNAPSHOT/hadoop-hdds-container-service-0.5.0-SNAPSHOT.jar!/webapps/static,UNAVAILABLE}
2019-09-20 09:38:42,292 [main] INFO  handler.ContextHandler (ContextHandler.java:doStop(910)) - Stopped o.e.j.s.ServletContextHandler@6c6919ff{/logs,file:///workdir/hadoop-ozone/integration-test/target/log,UNAVAILABLE}
2019-09-20 09:38:42,294 [main] INFO  datanode.ObjectStoreHandler (ObjectStoreHandler.java:close(155)) - Closing ObjectStoreHandler.
2019-09-20 09:38:42,294 [main] INFO  ozone.HddsDatanodeService (HddsDatanodeService.java:stop(451)) - Stopped plug-in org.apache.hadoop.ozone.web.OzoneHddsDatanodeService@4a6facb0
2019-09-20 09:38:42,308 [ForkJoinPool.commonPool-worker-0] INFO  statemachine.DatanodeStateMachine (DatanodeStateMachine.java:stopDaemon(401)) - Ozone container server stopped.
2019-09-20 09:38:42,312 [ForkJoinPool.commonPool-worker-0] INFO  handler.ContextHandler (ContextHandler.java:doStop(910)) - Stopped o.e.j.w.WebAppContext@6029f2a4{/,null,UNAVAILABLE}{/hddsDatanode}
2019-09-20 09:38:42,313 [ForkJoinPool.commonPool-worker-0] INFO  server.AbstractConnector (AbstractConnector.java:doStop(318)) - Stopped ServerConnector@42576db9{HTTP/1.1,[http/1.1]}{0.0.0.0:0}
2019-09-20 09:38:42,316 [ForkJoinPool.commonPool-worker-0] INFO  handler.ContextHandler (ContextHandler.java:doStop(910)) - Stopped o.e.j.s.ServletContextHandler@12214f2f{/static,jar:file:/home/user/.m2/repository/org/apache/hadoop/hadoop-hdds-container-service/0.5.0-SNAPSHOT/hadoop-hdds-container-service-0.5.0-SNAPSHOT.jar!/webapps/static,UNAVAILABLE}
2019-09-20 09:38:42,317 [ForkJoinPool.commonPool-worker-0] INFO  handler.ContextHandler (ContextHandler.java:doStop(910)) - Stopped o.e.j.s.ServletContextHandler@7645e64{/logs,file:///workdir/hadoop-ozone/integration-test/target/log,UNAVAILABLE}
2019-09-20 09:38:42,876 [Datanode State Machine Thread - 0] INFO  statemachine.DatanodeStateMachine (DatanodeStateMachine.java:lambda$startDaemon$0(356)) - Ozone container server started.
2019-09-20 09:38:45,895 [Thread-1907] INFO  impl.FollowerState (FollowerState.java:run(106)) - d4fa05df-3099-4015-ad0e-4200365d2035:group-26BA44E1C42B changes to CANDIDATE, lastRpcTime:5071, electionTimeout:5071ms
2019-09-20 09:38:45,895 [Thread-1907] INFO  impl.RoleInfo (RoleInfo.java:shutdownFollowerState(121)) - d4fa05df-3099-4015-ad0e-4200365d2035: shutdown FollowerState
2019-09-20 09:38:45,895 [Thread-1907] INFO  impl.RaftServerImpl (RaftServerImpl.java:setRole(171)) - d4fa05df-3099-4015-ad0e-4200365d2035:group-26BA44E1C42B changes role from FOLLOWER to CANDIDATE at term 2 for changeToCandidate
2019-09-20 09:38:45,895 [Thread-1907] INFO  impl.RoleInfo (RoleInfo.java:updateAndGet(143)) - d4fa05df-3099-4015-ad0e-4200365d2035: start LeaderElection
2019-09-20 09:38:45,911 [d4fa05df-3099-4015-ad0e-4200365d2035:group-26BA44E1C42B:LeaderElection50] INFO  impl.LeaderElection (LeaderElection.java:askForVotes(181)) - d4fa05df-3099-4015-ad0e-4200365d2035:group-26BA44E1C42B:LeaderElection50: begin an election at term 3 for 0: [d4fa05df-3099-4015-ad0e-4200365d2035:192.168.151.119:43786, 10741cbd-d620-4a9b-9e67-51db8a2e0e6a:192.168.151.119:43615, ba1e65fe-7169-476d-a778-4df70d7cdd6e:192.168.151.119:46724], old=null
2019-09-20 09:38:45,913 [d4fa05df-3099-4015-ad0e-4200365d2035:group-26BA44E1C42B:LeaderElection50] INFO  impl.LeaderElection (LogUtils.java:infoOrTrace(149)) - d4fa05df-3099-4015-ad0e-4200365d2035:group-26BA44E1C42B:LeaderElection50 got exception when requesting votes: {}
java.util.concurrent.ExecutionException: org.apache.ratis.thirdparty.io.grpc.StatusRuntimeException: UNAVAILABLE: io exception
	at java.util.concurrent.FutureTask.report(FutureTask.java:122)
	at java.util.concurrent.FutureTask.get(FutureTask.java:192)
	at org.apache.ratis.server.impl.LeaderElection.waitForResults(LeaderElection.java:262)
	at org.apache.ratis.server.impl.LeaderElection.askForVotes(LeaderElection.java:200)
	at org.apache.ratis.server.impl.LeaderElection.run(LeaderElection.java:130)
	at java.lang.Thread.run(Thread.java:748)
Caused by: org.apache.ratis.thirdparty.io.grpc.StatusRuntimeException: UNAVAILABLE: io exception
	at org.apache.ratis.thirdparty.io.grpc.stub.ClientCalls.toStatusRuntimeException(ClientCalls.java:233)
	at org.apache.ratis.thirdparty.io.grpc.stub.ClientCalls.getUnchecked(ClientCalls.java:214)
	at org.apache.ratis.thirdparty.io.grpc.stub.ClientCalls.blockingUnaryCall(ClientCalls.java:139)
	at org.apache.ratis.proto.grpc.RaftServerProtocolServiceGrpc$RaftServerProtocolServiceBlockingStub.requestVote(RaftServerProtocolServiceGrpc.java:265)
	at org.apache.ratis.grpc.server.GrpcServerProtocolClient.requestVote(GrpcServerProtocolClient.java:83)
	at org.apache.ratis.grpc.server.GrpcService.requestVote(GrpcService.java:195)
	at org.apache.ratis.server.impl.LeaderElection.lambda$submitRequests$1(LeaderElection.java:237)
	at java.util.concurrent.FutureTask.run(FutureTask.java:266)
	at java.util.concurrent.Executors$RunnableAdapter.call(Executors.java:511)
	at java.util.concurrent.FutureTask.run(FutureTask.java:266)
	at java.util.concurrent.ThreadPoolExecutor.runWorker(ThreadPoolExecutor.java:1149)
	at java.util.concurrent.ThreadPoolExecutor$Worker.run(ThreadPoolExecutor.java:624)
	... 1 more
Caused by: org.apache.ratis.thirdparty.io.netty.channel.AbstractChannel$AnnotatedConnectException: Connection refused: /192.168.151.119:43615
	at sun.nio.ch.SocketChannelImpl.checkConnect(Native Method)
	at sun.nio.ch.SocketChannelImpl.finishConnect(SocketChannelImpl.java:717)
	at org.apache.ratis.thirdparty.io.netty.channel.socket.nio.NioSocketChannel.doFinishConnect(NioSocketChannel.java:327)
	at org.apache.ratis.thirdparty.io.netty.channel.nio.AbstractNioChannel$AbstractNioUnsafe.finishConnect(AbstractNioChannel.java:340)
	at org.apache.ratis.thirdparty.io.netty.channel.nio.NioEventLoop.processSelectedKey(NioEventLoop.java:632)
	at org.apache.ratis.thirdparty.io.netty.channel.nio.NioEventLoop.processSelectedKeysOptimized(NioEventLoop.java:579)
	at org.apache.ratis.thirdparty.io.netty.channel.nio.NioEventLoop.processSelectedKeys(NioEventLoop.java:496)
	at org.apache.ratis.thirdparty.io.netty.channel.nio.NioEventLoop.run(NioEventLoop.java:458)
	at org.apache.ratis.thirdparty.io.netty.util.concurrent.SingleThreadEventExecutor$5.run(SingleThreadEventExecutor.java:897)
	at org.apache.ratis.thirdparty.io.netty.util.concurrent.FastThreadLocalRunnable.run(FastThreadLocalRunnable.java:30)
	... 1 more
Caused by: java.net.ConnectException: Connection refused
	... 11 more
2019-09-20 09:38:45,915 [d4fa05df-3099-4015-ad0e-4200365d2035:group-26BA44E1C42B:LeaderElection50] INFO  impl.LeaderElection (LogUtils.java:infoOrTrace(149)) - d4fa05df-3099-4015-ad0e-4200365d2035:group-26BA44E1C42B:LeaderElection50 got exception when requesting votes: {}
java.util.concurrent.ExecutionException: org.apache.ratis.thirdparty.io.grpc.StatusRuntimeException: UNAVAILABLE: io exception
	at java.util.concurrent.FutureTask.report(FutureTask.java:122)
	at java.util.concurrent.FutureTask.get(FutureTask.java:192)
	at org.apache.ratis.server.impl.LeaderElection.waitForResults(LeaderElection.java:262)
	at org.apache.ratis.server.impl.LeaderElection.askForVotes(LeaderElection.java:200)
	at org.apache.ratis.server.impl.LeaderElection.run(LeaderElection.java:130)
	at java.lang.Thread.run(Thread.java:748)
Caused by: org.apache.ratis.thirdparty.io.grpc.StatusRuntimeException: UNAVAILABLE: io exception
	at org.apache.ratis.thirdparty.io.grpc.stub.ClientCalls.toStatusRuntimeException(ClientCalls.java:233)
	at org.apache.ratis.thirdparty.io.grpc.stub.ClientCalls.getUnchecked(ClientCalls.java:214)
	at org.apache.ratis.thirdparty.io.grpc.stub.ClientCalls.blockingUnaryCall(ClientCalls.java:139)
	at org.apache.ratis.proto.grpc.RaftServerProtocolServiceGrpc$RaftServerProtocolServiceBlockingStub.requestVote(RaftServerProtocolServiceGrpc.java:265)
	at org.apache.ratis.grpc.server.GrpcServerProtocolClient.requestVote(GrpcServerProtocolClient.java:83)
	at org.apache.ratis.grpc.server.GrpcService.requestVote(GrpcService.java:195)
	at org.apache.ratis.server.impl.LeaderElection.lambda$submitRequests$1(LeaderElection.java:237)
	at java.util.concurrent.FutureTask.run(FutureTask.java:266)
	at java.util.concurrent.Executors$RunnableAdapter.call(Executors.java:511)
	at java.util.concurrent.FutureTask.run(FutureTask.java:266)
	at java.util.concurrent.ThreadPoolExecutor.runWorker(ThreadPoolExecutor.java:1149)
	at java.util.concurrent.ThreadPoolExecutor$Worker.run(ThreadPoolExecutor.java:624)
	... 1 more
Caused by: org.apache.ratis.thirdparty.io.netty.channel.AbstractChannel$AnnotatedConnectException: Connection refused: /192.168.151.119:46724
	at sun.nio.ch.SocketChannelImpl.checkConnect(Native Method)
	at sun.nio.ch.SocketChannelImpl.finishConnect(SocketChannelImpl.java:717)
	at org.apache.ratis.thirdparty.io.netty.channel.socket.nio.NioSocketChannel.doFinishConnect(NioSocketChannel.java:327)
	at org.apache.ratis.thirdparty.io.netty.channel.nio.AbstractNioChannel$AbstractNioUnsafe.finishConnect(AbstractNioChannel.java:340)
	at org.apache.ratis.thirdparty.io.netty.channel.nio.NioEventLoop.processSelectedKey(NioEventLoop.java:632)
	at org.apache.ratis.thirdparty.io.netty.channel.nio.NioEventLoop.processSelectedKeysOptimized(NioEventLoop.java:579)
	at org.apache.ratis.thirdparty.io.netty.channel.nio.NioEventLoop.processSelectedKeys(NioEventLoop.java:496)
	at org.apache.ratis.thirdparty.io.netty.channel.nio.NioEventLoop.run(NioEventLoop.java:458)
	at org.apache.ratis.thirdparty.io.netty.util.concurrent.SingleThreadEventExecutor$5.run(SingleThreadEventExecutor.java:897)
	at org.apache.ratis.thirdparty.io.netty.util.concurrent.FastThreadLocalRunnable.run(FastThreadLocalRunnable.java:30)
	... 1 more
Caused by: java.net.ConnectException: Connection refused
	... 11 more
2019-09-20 09:38:45,917 [d4fa05df-3099-4015-ad0e-4200365d2035:group-26BA44E1C42B:LeaderElection50] INFO  impl.LeaderElection (LeaderElection.java:logAndReturn(56)) - d4fa05df-3099-4015-ad0e-4200365d2035:group-26BA44E1C42B:LeaderElection50: Election REJECTED; received 0 response(s) [] and 2 exception(s); d4fa05df-3099-4015-ad0e-4200365d2035:t3, leader=null, voted=d4fa05df-3099-4015-ad0e-4200365d2035, raftlog=d4fa05df-3099-4015-ad0e-4200365d2035-SegmentedRaftLog:OPENED:c0,f0,i0, conf=0: [d4fa05df-3099-4015-ad0e-4200365d2035:192.168.151.119:43786, 10741cbd-d620-4a9b-9e67-51db8a2e0e6a:192.168.151.119:43615, ba1e65fe-7169-476d-a778-4df70d7cdd6e:192.168.151.119:46724], old=null
2019-09-20 09:38:45,917 [d4fa05df-3099-4015-ad0e-4200365d2035:group-26BA44E1C42B:LeaderElection50] INFO  impl.LeaderElection (LogUtils.java:infoOrTrace(149)) -   Exception 0: {}
java.util.concurrent.ExecutionException: org.apache.ratis.thirdparty.io.grpc.StatusRuntimeException: UNAVAILABLE: io exception
	at java.util.concurrent.FutureTask.report(FutureTask.java:122)
	at java.util.concurrent.FutureTask.get(FutureTask.java:192)
	at org.apache.ratis.server.impl.LeaderElection.waitForResults(LeaderElection.java:262)
	at org.apache.ratis.server.impl.LeaderElection.askForVotes(LeaderElection.java:200)
	at org.apache.ratis.server.impl.LeaderElection.run(LeaderElection.java:130)
	at java.lang.Thread.run(Thread.java:748)
Caused by: org.apache.ratis.thirdparty.io.grpc.StatusRuntimeException: UNAVAILABLE: io exception
	at org.apache.ratis.thirdparty.io.grpc.stub.ClientCalls.toStatusRuntimeException(ClientCalls.java:233)
	at org.apache.ratis.thirdparty.io.grpc.stub.ClientCalls.getUnchecked(ClientCalls.java:214)
	at org.apache.ratis.thirdparty.io.grpc.stub.ClientCalls.blockingUnaryCall(ClientCalls.java:139)
	at org.apache.ratis.proto.grpc.RaftServerProtocolServiceGrpc$RaftServerProtocolServiceBlockingStub.requestVote(RaftServerProtocolServiceGrpc.java:265)
	at org.apache.ratis.grpc.server.GrpcServerProtocolClient.requestVote(GrpcServerProtocolClient.java:83)
	at org.apache.ratis.grpc.server.GrpcService.requestVote(GrpcService.java:195)
	at org.apache.ratis.server.impl.LeaderElection.lambda$submitRequests$1(LeaderElection.java:237)
	at java.util.concurrent.FutureTask.run(FutureTask.java:266)
	at java.util.concurrent.Executors$RunnableAdapter.call(Executors.java:511)
	at java.util.concurrent.FutureTask.run(FutureTask.java:266)
	at java.util.concurrent.ThreadPoolExecutor.runWorker(ThreadPoolExecutor.java:1149)
	at java.util.concurrent.ThreadPoolExecutor$Worker.run(ThreadPoolExecutor.java:624)
	... 1 more
Caused by: org.apache.ratis.thirdparty.io.netty.channel.AbstractChannel$AnnotatedConnectException: Connection refused: /192.168.151.119:43615
	at sun.nio.ch.SocketChannelImpl.checkConnect(Native Method)
	at sun.nio.ch.SocketChannelImpl.finishConnect(SocketChannelImpl.java:717)
	at org.apache.ratis.thirdparty.io.netty.channel.socket.nio.NioSocketChannel.doFinishConnect(NioSocketChannel.java:327)
	at org.apache.ratis.thirdparty.io.netty.channel.nio.AbstractNioChannel$AbstractNioUnsafe.finishConnect(AbstractNioChannel.java:340)
	at org.apache.ratis.thirdparty.io.netty.channel.nio.NioEventLoop.processSelectedKey(NioEventLoop.java:632)
	at org.apache.ratis.thirdparty.io.netty.channel.nio.NioEventLoop.processSelectedKeysOptimized(NioEventLoop.java:579)
	at org.apache.ratis.thirdparty.io.netty.channel.nio.NioEventLoop.processSelectedKeys(NioEventLoop.java:496)
	at org.apache.ratis.thirdparty.io.netty.channel.nio.NioEventLoop.run(NioEventLoop.java:458)
	at org.apache.ratis.thirdparty.io.netty.util.concurrent.SingleThreadEventExecutor$5.run(SingleThreadEventExecutor.java:897)
	at org.apache.ratis.thirdparty.io.netty.util.concurrent.FastThreadLocalRunnable.run(FastThreadLocalRunnable.java:30)
	... 1 more
Caused by: java.net.ConnectException: Connection refused
	... 11 more
2019-09-20 09:38:45,918 [d4fa05df-3099-4015-ad0e-4200365d2035:group-26BA44E1C42B:LeaderElection50] INFO  impl.LeaderElection (LogUtils.java:infoOrTrace(149)) -   Exception 1: {}
java.util.concurrent.ExecutionException: org.apache.ratis.thirdparty.io.grpc.StatusRuntimeException: UNAVAILABLE: io exception
	at java.util.concurrent.FutureTask.report(FutureTask.java:122)
	at java.util.concurrent.FutureTask.get(FutureTask.java:192)
	at org.apache.ratis.server.impl.LeaderElection.waitForResults(LeaderElection.java:262)
	at org.apache.ratis.server.impl.LeaderElection.askForVotes(LeaderElection.java:200)
	at org.apache.ratis.server.impl.LeaderElection.run(LeaderElection.java:130)
	at java.lang.Thread.run(Thread.java:748)
Caused by: org.apache.ratis.thirdparty.io.grpc.StatusRuntimeException: UNAVAILABLE: io exception
	at org.apache.ratis.thirdparty.io.grpc.stub.ClientCalls.toStatusRuntimeException(ClientCalls.java:233)
	at org.apache.ratis.thirdparty.io.grpc.stub.ClientCalls.getUnchecked(ClientCalls.java:214)
	at org.apache.ratis.thirdparty.io.grpc.stub.ClientCalls.blockingUnaryCall(ClientCalls.java:139)
	at org.apache.ratis.proto.grpc.RaftServerProtocolServiceGrpc$RaftServerProtocolServiceBlockingStub.requestVote(RaftServerProtocolServiceGrpc.java:265)
	at org.apache.ratis.grpc.server.GrpcServerProtocolClient.requestVote(GrpcServerProtocolClient.java:83)
	at org.apache.ratis.grpc.server.GrpcService.requestVote(GrpcService.java:195)
	at org.apache.ratis.server.impl.LeaderElection.lambda$submitRequests$1(LeaderElection.java:237)
	at java.util.concurrent.FutureTask.run(FutureTask.java:266)
	at java.util.concurrent.Executors$RunnableAdapter.call(Executors.java:511)
	at java.util.concurrent.FutureTask.run(FutureTask.java:266)
	at java.util.concurrent.ThreadPoolExecutor.runWorker(ThreadPoolExecutor.java:1149)
	at java.util.concurrent.ThreadPoolExecutor$Worker.run(ThreadPoolExecutor.java:624)
	... 1 more
Caused by: org.apache.ratis.thirdparty.io.netty.channel.AbstractChannel$AnnotatedConnectException: Connection refused: /192.168.151.119:46724
	at sun.nio.ch.SocketChannelImpl.checkConnect(Native Method)
	at sun.nio.ch.SocketChannelImpl.finishConnect(SocketChannelImpl.java:717)
	at org.apache.ratis.thirdparty.io.netty.channel.socket.nio.NioSocketChannel.doFinishConnect(NioSocketChannel.java:327)
	at org.apache.ratis.thirdparty.io.netty.channel.nio.AbstractNioChannel$AbstractNioUnsafe.finishConnect(AbstractNioChannel.java:340)
	at org.apache.ratis.thirdparty.io.netty.channel.nio.NioEventLoop.processSelectedKey(NioEventLoop.java:632)
	at org.apache.ratis.thirdparty.io.netty.channel.nio.NioEventLoop.processSelectedKeysOptimized(NioEventLoop.java:579)
	at org.apache.ratis.thirdparty.io.netty.channel.nio.NioEventLoop.processSelectedKeys(NioEventLoop.java:496)
	at org.apache.ratis.thirdparty.io.netty.channel.nio.NioEventLoop.run(NioEventLoop.java:458)
	at org.apache.ratis.thirdparty.io.netty.util.concurrent.SingleThreadEventExecutor$5.run(SingleThreadEventExecutor.java:897)
	at org.apache.ratis.thirdparty.io.netty.util.concurrent.FastThreadLocalRunnable.run(FastThreadLocalRunnable.java:30)
	... 1 more
Caused by: java.net.ConnectException: Connection refused
	... 11 more
2019-09-20 09:38:45,919 [d4fa05df-3099-4015-ad0e-4200365d2035:group-26BA44E1C42B:LeaderElection50] INFO  impl.RaftServerImpl (RaftServerImpl.java:setRole(171)) - d4fa05df-3099-4015-ad0e-4200365d2035:group-26BA44E1C42B changes role from CANDIDATE to FOLLOWER at term 3 for DISCOVERED_A_NEW_TERM
2019-09-20 09:38:45,919 [d4fa05df-3099-4015-ad0e-4200365d2035:group-26BA44E1C42B:LeaderElection50] INFO  impl.RoleInfo (RoleInfo.java:shutdownLeaderElection(134)) - d4fa05df-3099-4015-ad0e-4200365d2035: shutdown LeaderElection
2019-09-20 09:38:45,919 [d4fa05df-3099-4015-ad0e-4200365d2035:group-26BA44E1C42B:LeaderElection50] INFO  impl.RoleInfo (RoleInfo.java:updateAndGet(143)) - d4fa05df-3099-4015-ad0e-4200365d2035: start FollowerState
2019-09-20 09:38:47,295 [main] INFO  ozoneimpl.OzoneContainer (OzoneContainer.java:stop(199)) - Attempting to stop container services.
2019-09-20 09:38:47,296 [main] INFO  impl.RaftServerProxy (RaftServerProxy.java:lambda$close$4(314)) - d4fa05df-3099-4015-ad0e-4200365d2035: close
2019-09-20 09:38:47,297 [main] INFO  impl.RaftServerImpl (RaftServerImpl.java:lambda$shutdown$3(245)) - d4fa05df-3099-4015-ad0e-4200365d2035: shutdown group-26BA44E1C42B
2019-09-20 09:38:47,297 [main] INFO  util.JmxRegister (JmxRegister.java:unregister(73)) - Successfully un-registered JMX Bean with object name Ratis:service=RaftServer,group=group-26BA44E1C42B,id=d4fa05df-3099-4015-ad0e-4200365d2035
2019-09-20 09:38:47,297 [main] INFO  impl.RoleInfo (RoleInfo.java:shutdownFollowerState(121)) - d4fa05df-3099-4015-ad0e-4200365d2035: shutdown FollowerState
2019-09-20 09:38:47,298 [main] INFO  impl.StateMachineUpdater (StateMachineUpdater.java:stopAndJoin(115)) - StateMachineUpdater:d4fa05df-3099-4015-ad0e-4200365d2035:group-26BA44E1C42B: set stopIndex = 0
2019-09-20 09:38:47,298 [Thread-1912] INFO  impl.FollowerState (FollowerState.java:run(114)) - d4fa05df-3099-4015-ad0e-4200365d2035: FollowerState was interrupted: java.lang.InterruptedException: sleep interrupted
2019-09-20 09:38:47,298 [main] INFO  impl.RaftServerImpl (ServerState.java:close(394)) - d4fa05df-3099-4015-ad0e-4200365d2035:group-26BA44E1C42B closes. The last applied log index is 0
2019-09-20 09:38:47,300 [d4fa05df-3099-4015-ad0e-4200365d2035-SegmentedRaftLogWorker:Storage Directory /workdir/hadoop-ozone/integration-test/target/test-dir/MiniOzoneClusterImpl-b51a347c-4d32-49ce-97bb-8b27036901e7/datanode-5/data/ratis/72ec9e48-db96-4ff8-ab10-26ba44e1c42b] INFO  segmented.SegmentedRaftLogWorker (SegmentedRaftLogWorker.java:run(313)) - d4fa05df-3099-4015-ad0e-4200365d2035-SegmentedRaftLogWorker:Storage Directory /workdir/hadoop-ozone/integration-test/target/test-dir/MiniOzoneClusterImpl-b51a347c-4d32-49ce-97bb-8b27036901e7/datanode-5/data/ratis/72ec9e48-db96-4ff8-ab10-26ba44e1c42b was interrupted, exiting. There are 0 tasks remaining in the queue.
2019-09-20 09:38:47,301 [main] INFO  segmented.SegmentedRaftLogWorker (SegmentedRaftLogWorker.java:close(228)) - d4fa05df-3099-4015-ad0e-4200365d2035-SegmentedRaftLogWorker:Storage Directory /workdir/hadoop-ozone/integration-test/target/test-dir/MiniOzoneClusterImpl-b51a347c-4d32-49ce-97bb-8b27036901e7/datanode-5/data/ratis/72ec9e48-db96-4ff8-ab10-26ba44e1c42b close()
2019-09-20 09:38:47,301 [main] INFO  impl.RaftServerImpl (RaftServerImpl.java:lambda$shutdown$3(245)) - d4fa05df-3099-4015-ad0e-4200365d2035: shutdown group-54FD04F27C82
2019-09-20 09:38:47,302 [main] INFO  util.JmxRegister (JmxRegister.java:unregister(73)) - Successfully un-registered JMX Bean with object name Ratis:service=RaftServer,group=group-54FD04F27C82,id=d4fa05df-3099-4015-ad0e-4200365d2035
2019-09-20 09:38:47,302 [main] INFO  impl.RoleInfo (RoleInfo.java:shutdownLeaderState(104)) - d4fa05df-3099-4015-ad0e-4200365d2035: shutdown LeaderState
2019-09-20 09:38:47,303 [main] INFO  impl.PendingRequests (PendingRequests.java:sendNotLeaderResponses(202)) - d4fa05df-3099-4015-ad0e-4200365d2035-PendingRequests: sendNotLeaderResponses
2019-09-20 09:38:47,303 [main] INFO  impl.StateMachineUpdater (StateMachineUpdater.java:stopAndJoin(115)) - StateMachineUpdater:d4fa05df-3099-4015-ad0e-4200365d2035:group-54FD04F27C82: set stopIndex = 0
2019-09-20 09:38:47,303 [main] INFO  impl.RaftServerImpl (ServerState.java:close(394)) - d4fa05df-3099-4015-ad0e-4200365d2035:group-54FD04F27C82 closes. The last applied log index is 0
2019-09-20 09:38:47,304 [d4fa05df-3099-4015-ad0e-4200365d2035-SegmentedRaftLogWorker:Storage Directory /workdir/hadoop-ozone/integration-test/target/test-dir/MiniOzoneClusterImpl-b51a347c-4d32-49ce-97bb-8b27036901e7/datanode-5/data/ratis/c02e05ea-29b8-474a-a7f4-54fd04f27c82] INFO  segmented.SegmentedRaftLogWorker (SegmentedRaftLogWorker.java:run(313)) - d4fa05df-3099-4015-ad0e-4200365d2035-SegmentedRaftLogWorker:Storage Directory /workdir/hadoop-ozone/integration-test/target/test-dir/MiniOzoneClusterImpl-b51a347c-4d32-49ce-97bb-8b27036901e7/datanode-5/data/ratis/c02e05ea-29b8-474a-a7f4-54fd04f27c82 was interrupted, exiting. There are 0 tasks remaining in the queue.
2019-09-20 09:38:47,304 [main] INFO  segmented.SegmentedRaftLogWorker (SegmentedRaftLogWorker.java:close(228)) - d4fa05df-3099-4015-ad0e-4200365d2035-SegmentedRaftLogWorker:Storage Directory /workdir/hadoop-ozone/integration-test/target/test-dir/MiniOzoneClusterImpl-b51a347c-4d32-49ce-97bb-8b27036901e7/datanode-5/data/ratis/c02e05ea-29b8-474a-a7f4-54fd04f27c82 close()
2019-09-20 09:38:47,305 [main] INFO  server.GrpcService (GrpcService.java:closeImpl(155)) - d4fa05df-3099-4015-ad0e-4200365d2035: shutdown server with port 43786 now
2019-09-20 09:38:47,307 [main] INFO  server.GrpcService (GrpcService.java:closeImpl(163)) - d4fa05df-3099-4015-ad0e-4200365d2035: shutdown server with port 43786 successfully
2019-09-20 09:38:47,308 [main] INFO  utils.BackgroundService (BackgroundService.java:shutdown(148)) - Shutting down service BlockDeletingService
2019-09-20 09:38:47,311 [refreshUsed-/workdir/hadoop-ozone/integration-test/target/test-dir/MiniOzoneClusterImpl-b51a347c-4d32-49ce-97bb-8b27036901e7/datanode-5/data/containers] WARN  fs.CachingGetSpaceUsed (CachingGetSpaceUsed.java:run(183)) - Thread Interrupted waiting to refresh disk information: sleep interrupted
2019-09-20 09:38:47,332 [main] INFO  statemachine.DatanodeStateMachine (DatanodeStateMachine.java:stopDaemon(401)) - Ozone container server stopped.
2019-09-20 09:38:47,344 [main] INFO  handler.ContextHandler (ContextHandler.java:doStop(910)) - Stopped o.e.j.w.WebAppContext@236a4d30{/,null,UNAVAILABLE}{/hddsDatanode}
2019-09-20 09:38:47,346 [main] INFO  server.AbstractConnector (AbstractConnector.java:doStop(318)) - Stopped ServerConnector@736788b{HTTP/1.1,[http/1.1]}{0.0.0.0:0}
2019-09-20 09:38:47,346 [main] INFO  handler.ContextHandler (ContextHandler.java:doStop(910)) - Stopped o.e.j.s.ServletContextHandler@3684d2c0{/static,jar:file:/home/user/.m2/repository/org/apache/hadoop/hadoop-hdds-container-service/0.5.0-SNAPSHOT/hadoop-hdds-container-service-0.5.0-SNAPSHOT.jar!/webapps/static,UNAVAILABLE}
2019-09-20 09:38:47,347 [main] INFO  handler.ContextHandler (ContextHandler.java:doStop(910)) - Stopped o.e.j.s.ServletContextHandler@3a1a0bc{/logs,file:///workdir/hadoop-ozone/integration-test/target/log,UNAVAILABLE}
2019-09-20 09:38:47,348 [main] INFO  ozone.MiniOzoneClusterImpl (MiniOzoneClusterImpl.java:stop(359)) - Stopping the StorageContainerManager
2019-09-20 09:38:47,348 [main] INFO  server.StorageContainerManager (StorageContainerManager.java:stop(799)) - Stopping Replication Manager Service.
2019-09-20 09:38:47,348 [main] INFO  container.ReplicationManager (ReplicationManager.java:stop(192)) - Stopping Replication Monitor Thread.
2019-09-20 09:38:47,348 [main] INFO  server.StorageContainerManager (StorageContainerManager.java:stop(806)) - Stopping Lease Manager of the command watchers
2019-09-20 09:38:47,349 [main] INFO  server.StorageContainerManager (StorageContainerManager.java:stop(813)) - Stopping datanode service RPC server
2019-09-20 09:38:47,349 [main] INFO  server.SCMDatanodeProtocolServer (SCMDatanodeProtocolServer.java:stop(387)) - Stopping the RPC server for DataNodes
2019-09-20 09:38:47,349 [main] INFO  ipc.Server (Server.java:stop(3082)) - Stopping server on 34800
2019-09-20 09:38:47,352 [IPC Server listener on 34800] INFO  ipc.Server (Server.java:run(1185)) - Stopping IPC Server listener on 34800
2019-09-20 09:38:47,352 [IPC Server Responder] INFO  ipc.Server (Server.java:run(1319)) - Stopping IPC Server Responder
2019-09-20 09:38:47,366 [SCM Heartbeat Processing Thread - 0] WARN  node.NodeStateManager (NodeStateManager.java:scheduleNextHealthCheck(655)) - Current Thread is interrupted, shutting down HB processing thread for Node Manager.
2019-09-20 09:38:47,366 [main] INFO  server.StorageContainerManager (StorageContainerManager.java:stop(821)) - Stopping block service RPC server
2019-09-20 09:38:47,367 [main] INFO  server.SCMBlockProtocolServer (SCMBlockProtocolServer.java:stop(148)) - Stopping the RPC server for Block Protocol
2019-09-20 09:38:47,367 [main] INFO  ipc.Server (Server.java:stop(3082)) - Stopping server on 35006
2019-09-20 09:38:47,369 [IPC Server listener on 35006] INFO  ipc.Server (Server.java:run(1185)) - Stopping IPC Server listener on 35006
2019-09-20 09:38:47,370 [main] INFO  server.StorageContainerManager (StorageContainerManager.java:stop(828)) - Stopping the StorageContainerLocationProtocol RPC server
2019-09-20 09:38:47,370 [main] INFO  server.SCMClientProtocolServer (SCMClientProtocolServer.java:stop(159)) - Stopping the RPC server for Client Protocol
2019-09-20 09:38:47,370 [IPC Server Responder] INFO  ipc.Server (Server.java:run(1319)) - Stopping IPC Server Responder
2019-09-20 09:38:47,371 [main] INFO  ipc.Server (Server.java:stop(3082)) - Stopping server on 40425
2019-09-20 09:38:47,373 [IPC Server listener on 40425] INFO  ipc.Server (Server.java:run(1185)) - Stopping IPC Server listener on 40425
2019-09-20 09:38:47,373 [IPC Server Responder] INFO  ipc.Server (Server.java:run(1319)) - Stopping IPC Server Responder
2019-09-20 09:38:47,373 [main] INFO  server.StorageContainerManager (StorageContainerManager.java:stop(835)) - Stopping Storage Container Manager HTTP server.
2019-09-20 09:38:47,375 [main] INFO  handler.ContextHandler (ContextHandler.java:doStop(910)) - Stopped o.e.j.w.WebAppContext@481ed95c{/,null,UNAVAILABLE}{/scm}
2019-09-20 09:38:47,376 [main] INFO  server.AbstractConnector (AbstractConnector.java:doStop(318)) - Stopped ServerConnector@40cf6254{HTTP/1.1,[http/1.1]}{0.0.0.0:0}
2019-09-20 09:38:47,377 [main] INFO  handler.ContextHandler (ContextHandler.java:doStop(910)) - Stopped o.e.j.s.ServletContextHandler@1573e8a5{/static,file:///workdir/hadoop-ozone/integration-test/target/test-classes/webapps/static,UNAVAILABLE}
2019-09-20 09:38:47,377 [main] INFO  handler.ContextHandler (ContextHandler.java:doStop(910)) - Stopped o.e.j.s.ServletContextHandler@41d20f06{/logs,file:///workdir/hadoop-ozone/integration-test/target/log,UNAVAILABLE}
2019-09-20 09:38:47,378 [main] INFO  server.StorageContainerManager (StorageContainerManager.java:stop(846)) - Stopping Block Manager Service.
2019-09-20 09:38:47,378 [main] INFO  utils.BackgroundService (BackgroundService.java:shutdown(148)) - Shutting down service SCMBlockDeletingService
2019-09-20 09:38:47,379 [main] INFO  utils.BackgroundService (BackgroundService.java:shutdown(148)) - Shutting down service SCMBlockDeletingService
2019-09-20 09:38:47,379 [main] INFO  server.StorageContainerManager (StorageContainerManager.java:stop(868)) - Stopping SCM Event Queue.
2019-09-20 09:38:47,384 [main] INFO  impl.MetricsSystemImpl (MetricsSystemImpl.java:stop(210)) - Stopping HddsDatanode metrics system...
2019-09-20 09:38:47,390 [main] INFO  impl.MetricsSystemImpl (MetricsSystemImpl.java:stop(216)) - HddsDatanode metrics system stopped.
]]></system-out>
    <system-err><![CDATA[Sep 20, 2019 9:33:11 AM com.sun.jersey.server.impl.application.WebApplicationImpl _initiate
INFO: Initiating Jersey application, version 'Jersey: 1.19 02/11/2015 03:25 AM'
Sep 20, 2019 9:33:11 AM com.sun.jersey.server.impl.application.WebApplicationImpl _initiate
INFO: Initiating Jersey application, version 'Jersey: 1.19 02/11/2015 03:25 AM'
Sep 20, 2019 9:33:11 AM com.sun.jersey.server.impl.application.WebApplicationImpl _initiate
INFO: Initiating Jersey application, version 'Jersey: 1.19 02/11/2015 03:25 AM'
Sep 20, 2019 9:33:12 AM com.sun.jersey.server.impl.application.WebApplicationImpl _initiate
INFO: Initiating Jersey application, version 'Jersey: 1.19 02/11/2015 03:25 AM'
Sep 20, 2019 9:33:12 AM com.sun.jersey.server.impl.application.WebApplicationImpl _initiate
INFO: Initiating Jersey application, version 'Jersey: 1.19 02/11/2015 03:25 AM'
Sep 20, 2019 9:33:12 AM com.sun.jersey.server.impl.application.WebApplicationImpl _initiate
INFO: Initiating Jersey application, version 'Jersey: 1.19 02/11/2015 03:25 AM'
Sep 20, 2019 9:33:12 AM com.sun.jersey.server.impl.application.WebApplicationImpl _initiate
INFO: Initiating Jersey application, version 'Jersey: 1.19 02/11/2015 03:25 AM'
]]></system-err>
  </testcase>
</testsuite>