<?xml version="1.0" encoding="UTF-8"?>
<testsuite xmlns:xsi="http://www.w3.org/2001/XMLSchema-instance" xsi:noNamespaceSchemaLocation="https://maven.apache.org/surefire/maven-surefire-plugin/xsd/surefire-test-report.xsd" name="org.apache.hadoop.hdds.scm.pipeline.TestNode2PipelineMap" time="30.953" tests="1" errors="1" skipped="0" failures="0">
  <properties>
    <property name="awt.toolkit" value="sun.awt.X11.XToolkit"/>
    <property name="file.encoding.pkg" value="sun.io"/>
    <property name="java.specification.version" value="1.8"/>
    <property name="sun.cpu.isalist" value=""/>
    <property name="sun.jnu.encoding" value="UTF-8"/>
    <property name="java.class.path" value="/workdir/hadoop-ozone/integration-test/target/test-classes:/workdir/hadoop-ozone/integration-test/target/classes:/home/user/.m2/repository/org/apache/hadoop/hadoop-ozone-common/0.5.0-SNAPSHOT/hadoop-ozone-common-0.5.0-SNAPSHOT.jar:/home/user/.m2/repository/org/apache/commons/commons-compress/1.4.1/commons-compress-1.4.1.jar:/home/user/.m2/repository/org/tukaani/xz/1.0/xz-1.0.jar:/home/user/.m2/repository/org/apache/hadoop/hadoop-common/3.2.0/hadoop-common-3.2.0.jar:/home/user/.m2/repository/org/apache/hadoop/hadoop-hdfs/3.2.0/hadoop-hdfs-3.2.0.jar:/home/user/.m2/repository/org/apache/hadoop/hadoop-hdfs-client/3.2.0/hadoop-hdfs-client-3.2.0.jar:/home/user/.m2/repository/com/fasterxml/jackson/core/jackson-annotations/2.9.5/jackson-annotations-2.9.5.jar:/home/user/.m2/repository/org/apache/hadoop/hadoop-hdds-common/0.5.0-SNAPSHOT/hadoop-hdds-common-0.5.0-SNAPSHOT.jar:/home/user/.m2/repository/javax/annotation/javax.annotation-api/1.2/javax.annotation-api-1.2.jar:/home/user/.m2/repository/org/apache/ratis/ratis-server/0.4.0-2337318-SNAPSHOT/ratis-server-0.4.0-2337318-SNAPSHOT.jar:/home/user/.m2/repository/org/apache/ratis/ratis-thirdparty-misc/0.2.0/ratis-thirdparty-misc-0.2.0.jar:/home/user/.m2/repository/org/apache/ratis/ratis-proto/0.4.0-2337318-SNAPSHOT/ratis-proto-0.4.0-2337318-SNAPSHOT.jar:/home/user/.m2/repository/org/apache/ratis/ratis-common/0.4.0-2337318-SNAPSHOT/ratis-common-0.4.0-2337318-SNAPSHOT.jar:/home/user/.m2/repository/org/apache/ratis/ratis-client/0.4.0-2337318-SNAPSHOT/ratis-client-0.4.0-2337318-SNAPSHOT.jar:/home/user/.m2/repository/org/apache/ratis/ratis-metrics/0.4.0-2337318-SNAPSHOT/ratis-metrics-0.4.0-2337318-SNAPSHOT.jar:/home/user/.m2/repository/org/apache/ratis/ratis-netty/0.4.0-2337318-SNAPSHOT/ratis-netty-0.4.0-2337318-SNAPSHOT.jar:/home/user/.m2/repository/org/apache/ratis/ratis-grpc/0.4.0-2337318-SNAPSHOT/ratis-grpc-0.4.0-2337318-SNAPSHOT.jar:/home/user/.m2/repository/org/rocksdb/rocksdbjni/6.0.1/rocksdbjni-6.0.1.jar:/home/user/.m2/repository/org/apache/logging/log4j/log4j-api/2.11.0/log4j-api-2.11.0.jar:/home/user/.m2/repository/org/apache/logging/log4j/log4j-core/2.11.0/log4j-core-2.11.0.jar:/home/user/.m2/repository/com/lmax/disruptor/3.4.2/disruptor-3.4.2.jar:/home/user/.m2/repository/org/apache/commons/commons-pool2/2.6.0/commons-pool2-2.6.0.jar:/home/user/.m2/repository/org/bouncycastle/bcpkix-jdk15on/1.60/bcpkix-jdk15on-1.60.jar:/home/user/.m2/repository/commons-validator/commons-validator/1.6/commons-validator-1.6.jar:/home/user/.m2/repository/commons-digester/commons-digester/1.8.1/commons-digester-1.8.1.jar:/home/user/.m2/repository/io/jaegertracing/jaeger-client/0.33.1/jaeger-client-0.33.1.jar:/home/user/.m2/repository/io/jaegertracing/jaeger-thrift/0.33.1/jaeger-thrift-0.33.1.jar:/home/user/.m2/repository/org/apache/thrift/libthrift/0.11.0/libthrift-0.11.0.jar:/home/user/.m2/repository/com/squareup/okhttp3/okhttp/3.9.0/okhttp-3.9.0.jar:/home/user/.m2/repository/com/squareup/okio/okio/1.13.0/okio-1.13.0.jar:/home/user/.m2/repository/io/jaegertracing/jaeger-core/0.33.1/jaeger-core-0.33.1.jar:/home/user/.m2/repository/io/jaegertracing/jaeger-tracerresolver/0.33.1/jaeger-tracerresolver-0.33.1.jar:/home/user/.m2/repository/io/opentracing/contrib/opentracing-tracerresolver/0.1.5/opentracing-tracerresolver-0.1.5.jar:/home/user/.m2/repository/io/opentracing/opentracing-util/0.31.0/opentracing-util-0.31.0.jar:/home/user/.m2/repository/io/opentracing/opentracing-api/0.31.0/opentracing-api-0.31.0.jar:/home/user/.m2/repository/io/opentracing/opentracing-noop/0.31.0/opentracing-noop-0.31.0.jar:/home/user/.m2/repository/org/apache/hadoop/hadoop-hdds-server-framework/0.5.0-SNAPSHOT/hadoop-hdds-server-framework-0.5.0-SNAPSHOT.jar:/home/user/.m2/repository/org/apache/hadoop/hadoop-hdds-container-service/0.5.0-SNAPSHOT/hadoop-hdds-container-service-0.5.0-SNAPSHOT.jar:/home/user/.m2/repository/org/apache/hadoop/hadoop-hdds-client/0.5.0-SNAPSHOT/hadoop-hdds-client-0.5.0-SNAPSHOT.jar:/home/user/.m2/repository/org/apache/hadoop/hadoop-hdds-tools/0.5.0-SNAPSHOT/hadoop-hdds-tools-0.5.0-SNAPSHOT.jar:/home/user/.m2/repository/org/apache/hadoop/hadoop-hdds-server-scm/0.5.0-SNAPSHOT/hadoop-hdds-server-scm-0.5.0-SNAPSHOT.jar:/home/user/.m2/repository/org/apache/hadoop/hadoop-hdds-docs/0.5.0-SNAPSHOT/hadoop-hdds-docs-0.5.0-SNAPSHOT.jar:/home/user/.m2/repository/io/dropwizard/metrics/metrics-core/3.2.4/metrics-core-3.2.4.jar:/home/user/.m2/repository/org/hamcrest/hamcrest-all/1.3/hamcrest-all-1.3.jar:/home/user/.m2/repository/org/bouncycastle/bcprov-jdk15on/1.60/bcprov-jdk15on-1.60.jar:/home/user/.m2/repository/info/picocli/picocli/3.9.6/picocli-3.9.6.jar:/home/user/.m2/repository/com/google/protobuf/protobuf-java/2.5.0/protobuf-java-2.5.0.jar:/home/user/.m2/repository/com/google/guava/guava/11.0.2/guava-11.0.2.jar:/home/user/.m2/repository/org/apache/hadoop/hadoop-ozone-ozone-manager/0.5.0-SNAPSHOT/hadoop-ozone-ozone-manager-0.5.0-SNAPSHOT.jar:/home/user/.m2/repository/org/apache/hadoop/hadoop-minikdc/3.2.0/hadoop-minikdc-3.2.0.jar:/home/user/.m2/repository/commons-io/commons-io/2.5/commons-io-2.5.jar:/home/user/.m2/repository/org/apache/kerby/kerb-simplekdc/1.0.1/kerb-simplekdc-1.0.1.jar:/home/user/.m2/repository/org/apache/kerby/kerb-client/1.0.1/kerb-client-1.0.1.jar:/home/user/.m2/repository/org/apache/kerby/kerby-config/1.0.1/kerby-config-1.0.1.jar:/home/user/.m2/repository/org/apache/kerby/kerb-core/1.0.1/kerb-core-1.0.1.jar:/home/user/.m2/repository/org/apache/kerby/kerby-pkix/1.0.1/kerby-pkix-1.0.1.jar:/home/user/.m2/repository/org/apache/kerby/kerby-asn1/1.0.1/kerby-asn1-1.0.1.jar:/home/user/.m2/repository/org/apache/kerby/kerby-util/1.0.1/kerby-util-1.0.1.jar:/home/user/.m2/repository/org/apache/kerby/kerb-common/1.0.1/kerb-common-1.0.1.jar:/home/user/.m2/repository/org/apache/kerby/kerb-crypto/1.0.1/kerb-crypto-1.0.1.jar:/home/user/.m2/repository/org/apache/kerby/kerb-util/1.0.1/kerb-util-1.0.1.jar:/home/user/.m2/repository/org/apache/kerby/token-provider/1.0.1/token-provider-1.0.1.jar:/home/user/.m2/repository/org/apache/kerby/kerb-admin/1.0.1/kerb-admin-1.0.1.jar:/home/user/.m2/repository/org/apache/kerby/kerb-server/1.0.1/kerb-server-1.0.1.jar:/home/user/.m2/repository/org/apache/kerby/kerb-identity/1.0.1/kerb-identity-1.0.1.jar:/home/user/.m2/repository/org/apache/kerby/kerby-xdr/1.0.1/kerby-xdr-1.0.1.jar:/home/user/.m2/repository/org/slf4j/slf4j-log4j12/1.7.25/slf4j-log4j12-1.7.25.jar:/home/user/.m2/repository/org/apache/hadoop/hadoop-ozone-objectstore-service/0.5.0-SNAPSHOT/hadoop-ozone-objectstore-service-0.5.0-SNAPSHOT.jar:/home/user/.m2/repository/org/apache/hadoop/hadoop-ozone-s3gateway/0.5.0-SNAPSHOT/hadoop-ozone-s3gateway-0.5.0-SNAPSHOT.jar:/home/user/.m2/repository/org/jboss/weld/servlet/weld-servlet/2.4.7.Final/weld-servlet-2.4.7.Final.jar:/home/user/.m2/repository/org/glassfish/jersey/containers/jersey-container-servlet-core/2.27/jersey-container-servlet-core-2.27.jar:/home/user/.m2/repository/org/glassfish/hk2/external/javax.inject/2.5.0-b42/javax.inject-2.5.0-b42.jar:/home/user/.m2/repository/org/glassfish/jersey/core/jersey-common/2.27/jersey-common-2.27.jar:/home/user/.m2/repository/org/glassfish/hk2/osgi-resource-locator/1.0.1/osgi-resource-locator-1.0.1.jar:/home/user/.m2/repository/javax/ws/rs/javax.ws.rs-api/2.1/javax.ws.rs-api-2.1.jar:/home/user/.m2/repository/org/glassfish/jersey/ext/cdi/jersey-cdi1x/2.27/jersey-cdi1x-2.27.jar:/home/user/.m2/repository/org/glassfish/jersey/inject/jersey-hk2/2.27/jersey-hk2-2.27.jar:/home/user/.m2/repository/org/glassfish/hk2/hk2-locator/2.5.0-b42/hk2-locator-2.5.0-b42.jar:/home/user/.m2/repository/org/javassist/javassist/3.22.0-CR2/javassist-3.22.0-CR2.jar:/home/user/.m2/repository/org/glassfish/hk2/hk2-api/2.5.0/hk2-api-2.5.0.jar:/home/user/.m2/repository/org/glassfish/hk2/external/jakarta.inject/2.5.0/jakarta.inject-2.5.0.jar:/home/user/.m2/repository/org/glassfish/hk2/hk2-utils/2.5.0/hk2-utils-2.5.0.jar:/home/user/.m2/repository/jakarta/annotation/jakarta.annotation-api/1.3.4/jakarta.annotation-api-1.3.4.jar:/home/user/.m2/repository/org/glassfish/hk2/external/aopalliance-repackaged/2.5.0/aopalliance-repackaged-2.5.0.jar:/home/user/.m2/repository/com/fasterxml/jackson/dataformat/jackson-dataformat-xml/2.9.0/jackson-dataformat-xml-2.9.0.jar:/home/user/.m2/repository/com/fasterxml/jackson/core/jackson-core/2.9.5/jackson-core-2.9.5.jar:/home/user/.m2/repository/com/fasterxml/jackson/module/jackson-module-jaxb-annotations/2.9.5/jackson-module-jaxb-annotations-2.9.5.jar:/home/user/.m2/repository/javax/enterprise/cdi-api/1.2/cdi-api-1.2.jar:/home/user/.m2/repository/javax/el/javax.el-api/3.0.0/javax.el-api-3.0.0.jar:/home/user/.m2/repository/javax/interceptor/javax.interceptor-api/1.2/javax.interceptor-api-1.2.jar:/home/user/.m2/repository/javax/inject/javax.inject/1/javax.inject-1.jar:/home/user/.m2/repository/com/sun/xml/bind/jaxb-impl/2.3.0.1/jaxb-impl-2.3.0.1.jar:/home/user/.m2/repository/com/sun/xml/bind/jaxb-core/2.3.0.1/jaxb-core-2.3.0.1.jar:/home/user/.m2/repository/javax/xml/bind/jaxb-api/2.3.0/jaxb-api-2.3.0.jar:/home/user/.m2/repository/javax/activation/activation/1.1.1/activation-1.1.1.jar:/home/user/.m2/repository/org/apache/hadoop/hadoop-ozone-csi/0.5.0-SNAPSHOT/hadoop-ozone-csi-0.5.0-SNAPSHOT.jar:/home/user/.m2/repository/com/google/protobuf/protobuf-java-util/3.5.1/protobuf-java-util-3.5.1.jar:/home/user/.m2/repository/org/apache/hadoop/hadoop-hdds-config/0.5.0-SNAPSHOT/hadoop-hdds-config-0.5.0-SNAPSHOT.jar:/home/user/.m2/repository/io/grpc/grpc-netty/1.17.1/grpc-netty-1.17.1.jar:/home/user/.m2/repository/io/grpc/grpc-core/1.17.1/grpc-core-1.17.1.jar:/home/user/.m2/repository/io/grpc/grpc-context/1.17.1/grpc-context-1.17.1.jar:/home/user/.m2/repository/com/google/errorprone/error_prone_annotations/2.2.0/error_prone_annotations-2.2.0.jar:/home/user/.m2/repository/org/codehaus/mojo/animal-sniffer-annotations/1.17/animal-sniffer-annotations-1.17.jar:/home/user/.m2/repository/io/opencensus/opencensus-api/0.17.0/opencensus-api-0.17.0.jar:/home/user/.m2/repository/io/opencensus/opencensus-contrib-grpc-metrics/0.17.0/opencensus-contrib-grpc-metrics-0.17.0.jar:/home/user/.m2/repository/io/netty/netty-codec-http2/4.1.30.Final/netty-codec-http2-4.1.30.Final.jar:/home/user/.m2/repository/io/netty/netty-codec-http/4.1.30.Final/netty-codec-http-4.1.30.Final.jar:/home/user/.m2/repository/io/netty/netty-codec/4.1.30.Final/netty-codec-4.1.30.Final.jar:/home/user/.m2/repository/io/netty/netty-handler/4.1.30.Final/netty-handler-4.1.30.Final.jar:/home/user/.m2/repository/io/netty/netty-handler-proxy/4.1.30.Final/netty-handler-proxy-4.1.30.Final.jar:/home/user/.m2/repository/io/netty/netty-codec-socks/4.1.30.Final/netty-codec-socks-4.1.30.Final.jar:/home/user/.m2/repository/io/netty/netty-transport-native-epoll/4.1.30.Final/netty-transport-native-epoll-4.1.30.Final.jar:/home/user/.m2/repository/io/netty/netty-common/4.1.30.Final/netty-common-4.1.30.Final.jar:/home/user/.m2/repository/io/netty/netty-buffer/4.1.30.Final/netty-buffer-4.1.30.Final.jar:/home/user/.m2/repository/io/netty/netty-transport/4.1.30.Final/netty-transport-4.1.30.Final.jar:/home/user/.m2/repository/io/netty/netty-resolver/4.1.30.Final/netty-resolver-4.1.30.Final.jar:/home/user/.m2/repository/io/netty/netty-transport-native-unix-common/4.1.30.Final/netty-transport-native-unix-common-4.1.30.Final.jar:/home/user/.m2/repository/io/grpc/grpc-protobuf/1.17.1/grpc-protobuf-1.17.1.jar:/home/user/.m2/repository/com/google/api/grpc/proto-google-common-protos/1.0.0/proto-google-common-protos-1.0.0.jar:/home/user/.m2/repository/io/grpc/grpc-protobuf-lite/1.17.1/grpc-protobuf-lite-1.17.1.jar:/home/user/.m2/repository/io/grpc/grpc-stub/1.17.1/grpc-stub-1.17.1.jar:/home/user/.m2/repository/org/apache/hadoop/hadoop-ozone-recon/0.5.0-SNAPSHOT/hadoop-ozone-recon-0.5.0-SNAPSHOT.jar:/home/user/.m2/repository/org/apache/hadoop/hadoop-ozone-reconcodegen/0.5.0-SNAPSHOT/hadoop-ozone-reconcodegen-0.5.0-SNAPSHOT.jar:/home/user/.m2/repository/com/google/inject/extensions/guice-multibindings/4.0/guice-multibindings-4.0.jar:/home/user/.m2/repository/com/google/inject/guice/4.0/guice-4.0.jar:/home/user/.m2/repository/aopalliance/aopalliance/1.0/aopalliance-1.0.jar:/home/user/.m2/repository/com/google/inject/extensions/guice-servlet/4.0/guice-servlet-4.0.jar:/home/user/.m2/repository/org/glassfish/jersey/containers/jersey-container-servlet/2.27/jersey-container-servlet-2.27.jar:/home/user/.m2/repository/org/glassfish/hk2/guice-bridge/2.5.0/guice-bridge-2.5.0.jar:/home/user/.m2/repository/org/glassfish/jersey/core/jersey-server/2.27/jersey-server-2.27.jar:/home/user/.m2/repository/org/glassfish/jersey/core/jersey-client/2.27/jersey-client-2.27.jar:/home/user/.m2/repository/org/glassfish/jersey/media/jersey-media-jaxb/2.27/jersey-media-jaxb-2.27.jar:/home/user/.m2/repository/javax/validation/validation-api/1.1.0.Final/validation-api-1.1.0.Final.jar:/home/user/.m2/repository/org/glassfish/jersey/media/jersey-media-json-jackson/2.27/jersey-media-json-jackson-2.27.jar:/home/user/.m2/repository/org/glassfish/jersey/ext/jersey-entity-filtering/2.27/jersey-entity-filtering-2.27.jar:/home/user/.m2/repository/com/google/inject/extensions/guice-assistedinject/4.0/guice-assistedinject-4.0.jar:/home/user/.m2/repository/org/jooq/jooq/3.11.10/jooq-3.11.10.jar:/home/user/.m2/repository/org/jooq/jooq-meta/3.11.10/jooq-meta-3.11.10.jar:/home/user/.m2/repository/org/jooq/jooq-codegen/3.11.10/jooq-codegen-3.11.10.jar:/home/user/.m2/repository/com/jolbox/bonecp/0.8.0.RELEASE/bonecp-0.8.0.RELEASE.jar:/home/user/.m2/repository/org/xerial/sqlite-jdbc/3.25.2/sqlite-jdbc-3.25.2.jar:/home/user/.m2/repository/org/springframework/spring-jdbc/5.1.3.RELEASE/spring-jdbc-5.1.3.RELEASE.jar:/home/user/.m2/repository/org/springframework/spring-beans/5.1.3.RELEASE/spring-beans-5.1.3.RELEASE.jar:/home/user/.m2/repository/org/springframework/spring-core/5.1.3.RELEASE/spring-core-5.1.3.RELEASE.jar:/home/user/.m2/repository/org/springframework/spring-jcl/5.1.3.RELEASE/spring-jcl-5.1.3.RELEASE.jar:/home/user/.m2/repository/org/springframework/spring-tx/5.1.3.RELEASE/spring-tx-5.1.3.RELEASE.jar:/home/user/.m2/repository/org/apache/hadoop/hadoop-ozone-client/0.5.0-SNAPSHOT/hadoop-ozone-client-0.5.0-SNAPSHOT.jar:/home/user/.m2/repository/commons-lang/commons-lang/2.6/commons-lang-2.6.jar:/home/user/.m2/repository/org/apache/hadoop/hadoop-ozone-ozone-manager/0.5.0-SNAPSHOT/hadoop-ozone-ozone-manager-0.5.0-SNAPSHOT-tests.jar:/home/user/.m2/repository/junit/junit/4.11/junit-4.11.jar:/home/user/.m2/repository/org/hamcrest/hamcrest-core/1.3/hamcrest-core-1.3.jar:/home/user/.m2/repository/org/openjdk/jmh/jmh-core/1.19/jmh-core-1.19.jar:/home/user/.m2/repository/net/sf/jopt-simple/jopt-simple/4.6/jopt-simple-4.6.jar:/home/user/.m2/repository/org/apache/commons/commons-math3/3.1.1/commons-math3-3.1.1.jar:/home/user/.m2/repository/org/openjdk/jmh/jmh-generator-annprocess/1.19/jmh-generator-annprocess-1.19.jar:/home/user/.m2/repository/org/mockito/mockito-all/1.8.5/mockito-all-1.8.5.jar:/home/user/.m2/repository/org/apache/hadoop/hadoop-kms/3.2.0/hadoop-kms-3.2.0.jar:/home/user/.m2/repository/org/apache/hadoop/hadoop-auth/3.2.0/hadoop-auth-3.2.0.jar:/home/user/.m2/repository/com/nimbusds/nimbus-jose-jwt/4.41.1/nimbus-jose-jwt-4.41.1.jar:/home/user/.m2/repository/com/github/stephenc/jcip/jcip-annotations/1.0-1/jcip-annotations-1.0-1.jar:/home/user/.m2/repository/net/minidev/json-smart/2.3/json-smart-2.3.jar:/home/user/.m2/repository/net/minidev/accessors-smart/1.2/accessors-smart-1.2.jar:/home/user/.m2/repository/org/ow2/asm/asm/5.0.4/asm-5.0.4.jar:/home/user/.m2/repository/org/apache/curator/curator-framework/2.12.0/curator-framework-2.12.0.jar:/home/user/.m2/repository/com/sun/jersey/jersey-core/1.19/jersey-core-1.19.jar:/home/user/.m2/repository/javax/ws/rs/jsr311-api/1.1.1/jsr311-api-1.1.1.jar:/home/user/.m2/repository/com/sun/jersey/jersey-server/1.19/jersey-server-1.19.jar:/home/user/.m2/repository/javax/servlet/javax.servlet-api/3.1.0/javax.servlet-api-3.1.0.jar:/home/user/.m2/repository/org/eclipse/jetty/jetty-server/9.3.24.v20180605/jetty-server-9.3.24.v20180605.jar:/home/user/.m2/repository/org/eclipse/jetty/jetty-http/9.3.24.v20180605/jetty-http-9.3.24.v20180605.jar:/home/user/.m2/repository/org/eclipse/jetty/jetty-io/9.3.24.v20180605/jetty-io-9.3.24.v20180605.jar:/home/user/.m2/repository/org/eclipse/jetty/jetty-webapp/9.3.24.v20180605/jetty-webapp-9.3.24.v20180605.jar:/home/user/.m2/repository/org/eclipse/jetty/jetty-xml/9.3.24.v20180605/jetty-xml-9.3.24.v20180605.jar:/home/user/.m2/repository/log4j/log4j/1.2.17/log4j-1.2.17.jar:/home/user/.m2/repository/org/slf4j/slf4j-api/1.7.25/slf4j-api-1.7.25.jar:/home/user/.m2/repository/org/slf4j/jul-to-slf4j/1.7.25/jul-to-slf4j-1.7.25.jar:/home/user/.m2/repository/org/eclipse/jetty/jetty-util/9.3.24.v20180605/jetty-util-9.3.24.v20180605.jar:/home/user/.m2/repository/com/fasterxml/jackson/core/jackson-databind/2.9.5/jackson-databind-2.9.5.jar:/home/user/.m2/repository/org/apache/hadoop/hadoop-kms/3.2.0/hadoop-kms-3.2.0-tests.jar:/home/user/.m2/repository/org/apache/hadoop/hadoop-hdds-server-scm/0.5.0-SNAPSHOT/hadoop-hdds-server-scm-0.5.0-SNAPSHOT-tests.jar:/home/user/.m2/repository/org/apache/hadoop/hadoop-hdds-container-service/0.5.0-SNAPSHOT/hadoop-hdds-container-service-0.5.0-SNAPSHOT-tests.jar:/home/user/.m2/repository/org/yaml/snakeyaml/1.16/snakeyaml-1.16.jar:/home/user/.m2/repository/org/apache/hadoop/hadoop-common/3.2.0/hadoop-common-3.2.0-tests.jar:/home/user/.m2/repository/org/apache/hadoop/hadoop-annotations/3.2.0/hadoop-annotations-3.2.0.jar:/usr/lib/jvm/java-1.8-openjdk/jre/../lib/tools.jar:/home/user/.m2/repository/commons-cli/commons-cli/1.2/commons-cli-1.2.jar:/home/user/.m2/repository/org/apache/httpcomponents/httpclient/4.5.2/httpclient-4.5.2.jar:/home/user/.m2/repository/org/apache/httpcomponents/httpcore/4.4.4/httpcore-4.4.4.jar:/home/user/.m2/repository/commons-codec/commons-codec/1.11/commons-codec-1.11.jar:/home/user/.m2/repository/commons-net/commons-net/3.6/commons-net-3.6.jar:/home/user/.m2/repository/commons-collections/commons-collections/3.2.2/commons-collections-3.2.2.jar:/home/user/.m2/repository/org/eclipse/jetty/jetty-servlet/9.3.24.v20180605/jetty-servlet-9.3.24.v20180605.jar:/home/user/.m2/repository/org/eclipse/jetty/jetty-security/9.3.24.v20180605/jetty-security-9.3.24.v20180605.jar:/home/user/.m2/repository/javax/servlet/jsp/jsp-api/2.1/jsp-api-2.1.jar:/home/user/.m2/repository/com/sun/jersey/jersey-servlet/1.19/jersey-servlet-1.19.jar:/home/user/.m2/repository/com/sun/jersey/jersey-json/1.19/jersey-json-1.19.jar:/home/user/.m2/repository/org/codehaus/jettison/jettison/1.1/jettison-1.1.jar:/home/user/.m2/repository/org/codehaus/jackson/jackson-core-asl/1.9.13/jackson-core-asl-1.9.13.jar:/home/user/.m2/repository/org/codehaus/jackson/jackson-mapper-asl/1.9.13/jackson-mapper-asl-1.9.13.jar:/home/user/.m2/repository/org/codehaus/jackson/jackson-jaxrs/1.9.13/jackson-jaxrs-1.9.13.jar:/home/user/.m2/repository/org/codehaus/jackson/jackson-xc/1.9.13/jackson-xc-1.9.13.jar:/home/user/.m2/repository/commons-logging/commons-logging/1.1.3/commons-logging-1.1.3.jar:/home/user/.m2/repository/commons-beanutils/commons-beanutils/1.9.3/commons-beanutils-1.9.3.jar:/home/user/.m2/repository/org/apache/commons/commons-configuration2/2.1.1/commons-configuration2-2.1.1.jar:/home/user/.m2/repository/org/apache/commons/commons-lang3/3.7/commons-lang3-3.7.jar:/home/user/.m2/repository/org/apache/commons/commons-text/1.4/commons-text-1.4.jar:/home/user/.m2/repository/org/apache/avro/avro/1.7.7/avro-1.7.7.jar:/home/user/.m2/repository/com/thoughtworks/paranamer/paranamer/2.3/paranamer-2.3.jar:/home/user/.m2/repository/org/xerial/snappy/snappy-java/1.0.5/snappy-java-1.0.5.jar:/home/user/.m2/repository/com/google/re2j/re2j/1.1/re2j-1.1.jar:/home/user/.m2/repository/com/google/code/gson/gson/2.2.4/gson-2.2.4.jar:/home/user/.m2/repository/com/jcraft/jsch/0.1.54/jsch-0.1.54.jar:/home/user/.m2/repository/org/apache/curator/curator-client/2.12.0/curator-client-2.12.0.jar:/home/user/.m2/repository/org/apache/curator/curator-recipes/2.12.0/curator-recipes-2.12.0.jar:/home/user/.m2/repository/com/google/code/findbugs/jsr305/3.0.0/jsr305-3.0.0.jar:/home/user/.m2/repository/org/apache/htrace/htrace-core4/4.1.0-incubating/htrace-core4-4.1.0-incubating.jar:/home/user/.m2/repository/org/apache/zookeeper/zookeeper/3.4.13/zookeeper-3.4.13.jar:/home/user/.m2/repository/org/apache/yetus/audience-annotations/0.5.0/audience-annotations-0.5.0.jar:/home/user/.m2/repository/org/codehaus/woodstox/stax2-api/3.1.4/stax2-api-3.1.4.jar:/home/user/.m2/repository/com/fasterxml/woodstox/woodstox-core/5.0.3/woodstox-core-5.0.3.jar:/home/user/.m2/repository/dnsjava/dnsjava/2.1.7/dnsjava-2.1.7.jar:/home/user/.m2/repository/org/apache/hadoop/hadoop-hdfs/3.2.0/hadoop-hdfs-3.2.0-tests.jar:/home/user/.m2/repository/org/eclipse/jetty/jetty-util-ajax/9.3.24.v20180605/jetty-util-ajax-9.3.24.v20180605.jar:/home/user/.m2/repository/commons-daemon/commons-daemon/1.0.13/commons-daemon-1.0.13.jar:/home/user/.m2/repository/io/netty/netty/3.10.5.Final/netty-3.10.5.Final.jar:/home/user/.m2/repository/io/netty/netty-all/4.0.52.Final/netty-all-4.0.52.Final.jar:/home/user/.m2/repository/org/fusesource/leveldbjni/leveldbjni-all/1.8/leveldbjni-all-1.8.jar:"/>
    <property name="java.vm.vendor" value="IcedTea"/>
    <property name="sun.arch.data.model" value="64"/>
    <property name="test.build.dir" value="/workdir/hadoop-ozone/integration-test/target/test-dir"/>
    <property name="test.cache.data" value=""/>
    <property name="java.vendor.url" value="https://icedtea.classpath.org"/>
    <property name="user.timezone" value=""/>
    <property name="java.vm.specification.version" value="1.8"/>
    <property name="os.name" value="Linux"/>
    <property name="test.build.data" value="/workdir/hadoop-ozone/integration-test/target/test-dir"/>
    <property name="user.country" value="US"/>
    <property name="sun.java.launcher" value="SUN_STANDARD"/>
    <property name="sun.boot.library.path" value="/usr/lib/jvm/java-1.8-openjdk/jre/lib/amd64"/>
    <property name="sun.java.command" value="/workdir/hadoop-ozone/integration-test/target/surefire/surefirebooter2725863642752791425.jar /workdir/hadoop-ozone/integration-test/target/surefire 2019-09-20T08-06-11_675-jvmRun1 surefire1841570279565791439tmp surefire_935786142226862475720tmp"/>
    <property name="test" value="!TestMiniChaosOzoneCluster"/>
    <property name="surefire.test.class.path" value="/workdir/hadoop-ozone/integration-test/target/test-classes:/workdir/hadoop-ozone/integration-test/target/classes:/home/user/.m2/repository/org/apache/hadoop/hadoop-ozone-common/0.5.0-SNAPSHOT/hadoop-ozone-common-0.5.0-SNAPSHOT.jar:/home/user/.m2/repository/org/apache/commons/commons-compress/1.4.1/commons-compress-1.4.1.jar:/home/user/.m2/repository/org/tukaani/xz/1.0/xz-1.0.jar:/home/user/.m2/repository/org/apache/hadoop/hadoop-common/3.2.0/hadoop-common-3.2.0.jar:/home/user/.m2/repository/org/apache/hadoop/hadoop-hdfs/3.2.0/hadoop-hdfs-3.2.0.jar:/home/user/.m2/repository/org/apache/hadoop/hadoop-hdfs-client/3.2.0/hadoop-hdfs-client-3.2.0.jar:/home/user/.m2/repository/com/fasterxml/jackson/core/jackson-annotations/2.9.5/jackson-annotations-2.9.5.jar:/home/user/.m2/repository/org/apache/hadoop/hadoop-hdds-common/0.5.0-SNAPSHOT/hadoop-hdds-common-0.5.0-SNAPSHOT.jar:/home/user/.m2/repository/javax/annotation/javax.annotation-api/1.2/javax.annotation-api-1.2.jar:/home/user/.m2/repository/org/apache/ratis/ratis-server/0.4.0-2337318-SNAPSHOT/ratis-server-0.4.0-2337318-SNAPSHOT.jar:/home/user/.m2/repository/org/apache/ratis/ratis-thirdparty-misc/0.2.0/ratis-thirdparty-misc-0.2.0.jar:/home/user/.m2/repository/org/apache/ratis/ratis-proto/0.4.0-2337318-SNAPSHOT/ratis-proto-0.4.0-2337318-SNAPSHOT.jar:/home/user/.m2/repository/org/apache/ratis/ratis-common/0.4.0-2337318-SNAPSHOT/ratis-common-0.4.0-2337318-SNAPSHOT.jar:/home/user/.m2/repository/org/apache/ratis/ratis-client/0.4.0-2337318-SNAPSHOT/ratis-client-0.4.0-2337318-SNAPSHOT.jar:/home/user/.m2/repository/org/apache/ratis/ratis-metrics/0.4.0-2337318-SNAPSHOT/ratis-metrics-0.4.0-2337318-SNAPSHOT.jar:/home/user/.m2/repository/org/apache/ratis/ratis-netty/0.4.0-2337318-SNAPSHOT/ratis-netty-0.4.0-2337318-SNAPSHOT.jar:/home/user/.m2/repository/org/apache/ratis/ratis-grpc/0.4.0-2337318-SNAPSHOT/ratis-grpc-0.4.0-2337318-SNAPSHOT.jar:/home/user/.m2/repository/org/rocksdb/rocksdbjni/6.0.1/rocksdbjni-6.0.1.jar:/home/user/.m2/repository/org/apache/logging/log4j/log4j-api/2.11.0/log4j-api-2.11.0.jar:/home/user/.m2/repository/org/apache/logging/log4j/log4j-core/2.11.0/log4j-core-2.11.0.jar:/home/user/.m2/repository/com/lmax/disruptor/3.4.2/disruptor-3.4.2.jar:/home/user/.m2/repository/org/apache/commons/commons-pool2/2.6.0/commons-pool2-2.6.0.jar:/home/user/.m2/repository/org/bouncycastle/bcpkix-jdk15on/1.60/bcpkix-jdk15on-1.60.jar:/home/user/.m2/repository/commons-validator/commons-validator/1.6/commons-validator-1.6.jar:/home/user/.m2/repository/commons-digester/commons-digester/1.8.1/commons-digester-1.8.1.jar:/home/user/.m2/repository/io/jaegertracing/jaeger-client/0.33.1/jaeger-client-0.33.1.jar:/home/user/.m2/repository/io/jaegertracing/jaeger-thrift/0.33.1/jaeger-thrift-0.33.1.jar:/home/user/.m2/repository/org/apache/thrift/libthrift/0.11.0/libthrift-0.11.0.jar:/home/user/.m2/repository/com/squareup/okhttp3/okhttp/3.9.0/okhttp-3.9.0.jar:/home/user/.m2/repository/com/squareup/okio/okio/1.13.0/okio-1.13.0.jar:/home/user/.m2/repository/io/jaegertracing/jaeger-core/0.33.1/jaeger-core-0.33.1.jar:/home/user/.m2/repository/io/jaegertracing/jaeger-tracerresolver/0.33.1/jaeger-tracerresolver-0.33.1.jar:/home/user/.m2/repository/io/opentracing/contrib/opentracing-tracerresolver/0.1.5/opentracing-tracerresolver-0.1.5.jar:/home/user/.m2/repository/io/opentracing/opentracing-util/0.31.0/opentracing-util-0.31.0.jar:/home/user/.m2/repository/io/opentracing/opentracing-api/0.31.0/opentracing-api-0.31.0.jar:/home/user/.m2/repository/io/opentracing/opentracing-noop/0.31.0/opentracing-noop-0.31.0.jar:/home/user/.m2/repository/org/apache/hadoop/hadoop-hdds-server-framework/0.5.0-SNAPSHOT/hadoop-hdds-server-framework-0.5.0-SNAPSHOT.jar:/home/user/.m2/repository/org/apache/hadoop/hadoop-hdds-container-service/0.5.0-SNAPSHOT/hadoop-hdds-container-service-0.5.0-SNAPSHOT.jar:/home/user/.m2/repository/org/apache/hadoop/hadoop-hdds-client/0.5.0-SNAPSHOT/hadoop-hdds-client-0.5.0-SNAPSHOT.jar:/home/user/.m2/repository/org/apache/hadoop/hadoop-hdds-tools/0.5.0-SNAPSHOT/hadoop-hdds-tools-0.5.0-SNAPSHOT.jar:/home/user/.m2/repository/org/apache/hadoop/hadoop-hdds-server-scm/0.5.0-SNAPSHOT/hadoop-hdds-server-scm-0.5.0-SNAPSHOT.jar:/home/user/.m2/repository/org/apache/hadoop/hadoop-hdds-docs/0.5.0-SNAPSHOT/hadoop-hdds-docs-0.5.0-SNAPSHOT.jar:/home/user/.m2/repository/io/dropwizard/metrics/metrics-core/3.2.4/metrics-core-3.2.4.jar:/home/user/.m2/repository/org/hamcrest/hamcrest-all/1.3/hamcrest-all-1.3.jar:/home/user/.m2/repository/org/bouncycastle/bcprov-jdk15on/1.60/bcprov-jdk15on-1.60.jar:/home/user/.m2/repository/info/picocli/picocli/3.9.6/picocli-3.9.6.jar:/home/user/.m2/repository/com/google/protobuf/protobuf-java/2.5.0/protobuf-java-2.5.0.jar:/home/user/.m2/repository/com/google/guava/guava/11.0.2/guava-11.0.2.jar:/home/user/.m2/repository/org/apache/hadoop/hadoop-ozone-ozone-manager/0.5.0-SNAPSHOT/hadoop-ozone-ozone-manager-0.5.0-SNAPSHOT.jar:/home/user/.m2/repository/org/apache/hadoop/hadoop-minikdc/3.2.0/hadoop-minikdc-3.2.0.jar:/home/user/.m2/repository/commons-io/commons-io/2.5/commons-io-2.5.jar:/home/user/.m2/repository/org/apache/kerby/kerb-simplekdc/1.0.1/kerb-simplekdc-1.0.1.jar:/home/user/.m2/repository/org/apache/kerby/kerb-client/1.0.1/kerb-client-1.0.1.jar:/home/user/.m2/repository/org/apache/kerby/kerby-config/1.0.1/kerby-config-1.0.1.jar:/home/user/.m2/repository/org/apache/kerby/kerb-core/1.0.1/kerb-core-1.0.1.jar:/home/user/.m2/repository/org/apache/kerby/kerby-pkix/1.0.1/kerby-pkix-1.0.1.jar:/home/user/.m2/repository/org/apache/kerby/kerby-asn1/1.0.1/kerby-asn1-1.0.1.jar:/home/user/.m2/repository/org/apache/kerby/kerby-util/1.0.1/kerby-util-1.0.1.jar:/home/user/.m2/repository/org/apache/kerby/kerb-common/1.0.1/kerb-common-1.0.1.jar:/home/user/.m2/repository/org/apache/kerby/kerb-crypto/1.0.1/kerb-crypto-1.0.1.jar:/home/user/.m2/repository/org/apache/kerby/kerb-util/1.0.1/kerb-util-1.0.1.jar:/home/user/.m2/repository/org/apache/kerby/token-provider/1.0.1/token-provider-1.0.1.jar:/home/user/.m2/repository/org/apache/kerby/kerb-admin/1.0.1/kerb-admin-1.0.1.jar:/home/user/.m2/repository/org/apache/kerby/kerb-server/1.0.1/kerb-server-1.0.1.jar:/home/user/.m2/repository/org/apache/kerby/kerb-identity/1.0.1/kerb-identity-1.0.1.jar:/home/user/.m2/repository/org/apache/kerby/kerby-xdr/1.0.1/kerby-xdr-1.0.1.jar:/home/user/.m2/repository/org/slf4j/slf4j-log4j12/1.7.25/slf4j-log4j12-1.7.25.jar:/home/user/.m2/repository/org/apache/hadoop/hadoop-ozone-objectstore-service/0.5.0-SNAPSHOT/hadoop-ozone-objectstore-service-0.5.0-SNAPSHOT.jar:/home/user/.m2/repository/org/apache/hadoop/hadoop-ozone-s3gateway/0.5.0-SNAPSHOT/hadoop-ozone-s3gateway-0.5.0-SNAPSHOT.jar:/home/user/.m2/repository/org/jboss/weld/servlet/weld-servlet/2.4.7.Final/weld-servlet-2.4.7.Final.jar:/home/user/.m2/repository/org/glassfish/jersey/containers/jersey-container-servlet-core/2.27/jersey-container-servlet-core-2.27.jar:/home/user/.m2/repository/org/glassfish/hk2/external/javax.inject/2.5.0-b42/javax.inject-2.5.0-b42.jar:/home/user/.m2/repository/org/glassfish/jersey/core/jersey-common/2.27/jersey-common-2.27.jar:/home/user/.m2/repository/org/glassfish/hk2/osgi-resource-locator/1.0.1/osgi-resource-locator-1.0.1.jar:/home/user/.m2/repository/javax/ws/rs/javax.ws.rs-api/2.1/javax.ws.rs-api-2.1.jar:/home/user/.m2/repository/org/glassfish/jersey/ext/cdi/jersey-cdi1x/2.27/jersey-cdi1x-2.27.jar:/home/user/.m2/repository/org/glassfish/jersey/inject/jersey-hk2/2.27/jersey-hk2-2.27.jar:/home/user/.m2/repository/org/glassfish/hk2/hk2-locator/2.5.0-b42/hk2-locator-2.5.0-b42.jar:/home/user/.m2/repository/org/javassist/javassist/3.22.0-CR2/javassist-3.22.0-CR2.jar:/home/user/.m2/repository/org/glassfish/hk2/hk2-api/2.5.0/hk2-api-2.5.0.jar:/home/user/.m2/repository/org/glassfish/hk2/external/jakarta.inject/2.5.0/jakarta.inject-2.5.0.jar:/home/user/.m2/repository/org/glassfish/hk2/hk2-utils/2.5.0/hk2-utils-2.5.0.jar:/home/user/.m2/repository/jakarta/annotation/jakarta.annotation-api/1.3.4/jakarta.annotation-api-1.3.4.jar:/home/user/.m2/repository/org/glassfish/hk2/external/aopalliance-repackaged/2.5.0/aopalliance-repackaged-2.5.0.jar:/home/user/.m2/repository/com/fasterxml/jackson/dataformat/jackson-dataformat-xml/2.9.0/jackson-dataformat-xml-2.9.0.jar:/home/user/.m2/repository/com/fasterxml/jackson/core/jackson-core/2.9.5/jackson-core-2.9.5.jar:/home/user/.m2/repository/com/fasterxml/jackson/module/jackson-module-jaxb-annotations/2.9.5/jackson-module-jaxb-annotations-2.9.5.jar:/home/user/.m2/repository/javax/enterprise/cdi-api/1.2/cdi-api-1.2.jar:/home/user/.m2/repository/javax/el/javax.el-api/3.0.0/javax.el-api-3.0.0.jar:/home/user/.m2/repository/javax/interceptor/javax.interceptor-api/1.2/javax.interceptor-api-1.2.jar:/home/user/.m2/repository/javax/inject/javax.inject/1/javax.inject-1.jar:/home/user/.m2/repository/com/sun/xml/bind/jaxb-impl/2.3.0.1/jaxb-impl-2.3.0.1.jar:/home/user/.m2/repository/com/sun/xml/bind/jaxb-core/2.3.0.1/jaxb-core-2.3.0.1.jar:/home/user/.m2/repository/javax/xml/bind/jaxb-api/2.3.0/jaxb-api-2.3.0.jar:/home/user/.m2/repository/javax/activation/activation/1.1.1/activation-1.1.1.jar:/home/user/.m2/repository/org/apache/hadoop/hadoop-ozone-csi/0.5.0-SNAPSHOT/hadoop-ozone-csi-0.5.0-SNAPSHOT.jar:/home/user/.m2/repository/com/google/protobuf/protobuf-java-util/3.5.1/protobuf-java-util-3.5.1.jar:/home/user/.m2/repository/org/apache/hadoop/hadoop-hdds-config/0.5.0-SNAPSHOT/hadoop-hdds-config-0.5.0-SNAPSHOT.jar:/home/user/.m2/repository/io/grpc/grpc-netty/1.17.1/grpc-netty-1.17.1.jar:/home/user/.m2/repository/io/grpc/grpc-core/1.17.1/grpc-core-1.17.1.jar:/home/user/.m2/repository/io/grpc/grpc-context/1.17.1/grpc-context-1.17.1.jar:/home/user/.m2/repository/com/google/errorprone/error_prone_annotations/2.2.0/error_prone_annotations-2.2.0.jar:/home/user/.m2/repository/org/codehaus/mojo/animal-sniffer-annotations/1.17/animal-sniffer-annotations-1.17.jar:/home/user/.m2/repository/io/opencensus/opencensus-api/0.17.0/opencensus-api-0.17.0.jar:/home/user/.m2/repository/io/opencensus/opencensus-contrib-grpc-metrics/0.17.0/opencensus-contrib-grpc-metrics-0.17.0.jar:/home/user/.m2/repository/io/netty/netty-codec-http2/4.1.30.Final/netty-codec-http2-4.1.30.Final.jar:/home/user/.m2/repository/io/netty/netty-codec-http/4.1.30.Final/netty-codec-http-4.1.30.Final.jar:/home/user/.m2/repository/io/netty/netty-codec/4.1.30.Final/netty-codec-4.1.30.Final.jar:/home/user/.m2/repository/io/netty/netty-handler/4.1.30.Final/netty-handler-4.1.30.Final.jar:/home/user/.m2/repository/io/netty/netty-handler-proxy/4.1.30.Final/netty-handler-proxy-4.1.30.Final.jar:/home/user/.m2/repository/io/netty/netty-codec-socks/4.1.30.Final/netty-codec-socks-4.1.30.Final.jar:/home/user/.m2/repository/io/netty/netty-transport-native-epoll/4.1.30.Final/netty-transport-native-epoll-4.1.30.Final.jar:/home/user/.m2/repository/io/netty/netty-common/4.1.30.Final/netty-common-4.1.30.Final.jar:/home/user/.m2/repository/io/netty/netty-buffer/4.1.30.Final/netty-buffer-4.1.30.Final.jar:/home/user/.m2/repository/io/netty/netty-transport/4.1.30.Final/netty-transport-4.1.30.Final.jar:/home/user/.m2/repository/io/netty/netty-resolver/4.1.30.Final/netty-resolver-4.1.30.Final.jar:/home/user/.m2/repository/io/netty/netty-transport-native-unix-common/4.1.30.Final/netty-transport-native-unix-common-4.1.30.Final.jar:/home/user/.m2/repository/io/grpc/grpc-protobuf/1.17.1/grpc-protobuf-1.17.1.jar:/home/user/.m2/repository/com/google/api/grpc/proto-google-common-protos/1.0.0/proto-google-common-protos-1.0.0.jar:/home/user/.m2/repository/io/grpc/grpc-protobuf-lite/1.17.1/grpc-protobuf-lite-1.17.1.jar:/home/user/.m2/repository/io/grpc/grpc-stub/1.17.1/grpc-stub-1.17.1.jar:/home/user/.m2/repository/org/apache/hadoop/hadoop-ozone-recon/0.5.0-SNAPSHOT/hadoop-ozone-recon-0.5.0-SNAPSHOT.jar:/home/user/.m2/repository/org/apache/hadoop/hadoop-ozone-reconcodegen/0.5.0-SNAPSHOT/hadoop-ozone-reconcodegen-0.5.0-SNAPSHOT.jar:/home/user/.m2/repository/com/google/inject/extensions/guice-multibindings/4.0/guice-multibindings-4.0.jar:/home/user/.m2/repository/com/google/inject/guice/4.0/guice-4.0.jar:/home/user/.m2/repository/aopalliance/aopalliance/1.0/aopalliance-1.0.jar:/home/user/.m2/repository/com/google/inject/extensions/guice-servlet/4.0/guice-servlet-4.0.jar:/home/user/.m2/repository/org/glassfish/jersey/containers/jersey-container-servlet/2.27/jersey-container-servlet-2.27.jar:/home/user/.m2/repository/org/glassfish/hk2/guice-bridge/2.5.0/guice-bridge-2.5.0.jar:/home/user/.m2/repository/org/glassfish/jersey/core/jersey-server/2.27/jersey-server-2.27.jar:/home/user/.m2/repository/org/glassfish/jersey/core/jersey-client/2.27/jersey-client-2.27.jar:/home/user/.m2/repository/org/glassfish/jersey/media/jersey-media-jaxb/2.27/jersey-media-jaxb-2.27.jar:/home/user/.m2/repository/javax/validation/validation-api/1.1.0.Final/validation-api-1.1.0.Final.jar:/home/user/.m2/repository/org/glassfish/jersey/media/jersey-media-json-jackson/2.27/jersey-media-json-jackson-2.27.jar:/home/user/.m2/repository/org/glassfish/jersey/ext/jersey-entity-filtering/2.27/jersey-entity-filtering-2.27.jar:/home/user/.m2/repository/com/google/inject/extensions/guice-assistedinject/4.0/guice-assistedinject-4.0.jar:/home/user/.m2/repository/org/jooq/jooq/3.11.10/jooq-3.11.10.jar:/home/user/.m2/repository/org/jooq/jooq-meta/3.11.10/jooq-meta-3.11.10.jar:/home/user/.m2/repository/org/jooq/jooq-codegen/3.11.10/jooq-codegen-3.11.10.jar:/home/user/.m2/repository/com/jolbox/bonecp/0.8.0.RELEASE/bonecp-0.8.0.RELEASE.jar:/home/user/.m2/repository/org/xerial/sqlite-jdbc/3.25.2/sqlite-jdbc-3.25.2.jar:/home/user/.m2/repository/org/springframework/spring-jdbc/5.1.3.RELEASE/spring-jdbc-5.1.3.RELEASE.jar:/home/user/.m2/repository/org/springframework/spring-beans/5.1.3.RELEASE/spring-beans-5.1.3.RELEASE.jar:/home/user/.m2/repository/org/springframework/spring-core/5.1.3.RELEASE/spring-core-5.1.3.RELEASE.jar:/home/user/.m2/repository/org/springframework/spring-jcl/5.1.3.RELEASE/spring-jcl-5.1.3.RELEASE.jar:/home/user/.m2/repository/org/springframework/spring-tx/5.1.3.RELEASE/spring-tx-5.1.3.RELEASE.jar:/home/user/.m2/repository/org/apache/hadoop/hadoop-ozone-client/0.5.0-SNAPSHOT/hadoop-ozone-client-0.5.0-SNAPSHOT.jar:/home/user/.m2/repository/commons-lang/commons-lang/2.6/commons-lang-2.6.jar:/home/user/.m2/repository/org/apache/hadoop/hadoop-ozone-ozone-manager/0.5.0-SNAPSHOT/hadoop-ozone-ozone-manager-0.5.0-SNAPSHOT-tests.jar:/home/user/.m2/repository/junit/junit/4.11/junit-4.11.jar:/home/user/.m2/repository/org/hamcrest/hamcrest-core/1.3/hamcrest-core-1.3.jar:/home/user/.m2/repository/org/openjdk/jmh/jmh-core/1.19/jmh-core-1.19.jar:/home/user/.m2/repository/net/sf/jopt-simple/jopt-simple/4.6/jopt-simple-4.6.jar:/home/user/.m2/repository/org/apache/commons/commons-math3/3.1.1/commons-math3-3.1.1.jar:/home/user/.m2/repository/org/openjdk/jmh/jmh-generator-annprocess/1.19/jmh-generator-annprocess-1.19.jar:/home/user/.m2/repository/org/mockito/mockito-all/1.8.5/mockito-all-1.8.5.jar:/home/user/.m2/repository/org/apache/hadoop/hadoop-kms/3.2.0/hadoop-kms-3.2.0.jar:/home/user/.m2/repository/org/apache/hadoop/hadoop-auth/3.2.0/hadoop-auth-3.2.0.jar:/home/user/.m2/repository/com/nimbusds/nimbus-jose-jwt/4.41.1/nimbus-jose-jwt-4.41.1.jar:/home/user/.m2/repository/com/github/stephenc/jcip/jcip-annotations/1.0-1/jcip-annotations-1.0-1.jar:/home/user/.m2/repository/net/minidev/json-smart/2.3/json-smart-2.3.jar:/home/user/.m2/repository/net/minidev/accessors-smart/1.2/accessors-smart-1.2.jar:/home/user/.m2/repository/org/ow2/asm/asm/5.0.4/asm-5.0.4.jar:/home/user/.m2/repository/org/apache/curator/curator-framework/2.12.0/curator-framework-2.12.0.jar:/home/user/.m2/repository/com/sun/jersey/jersey-core/1.19/jersey-core-1.19.jar:/home/user/.m2/repository/javax/ws/rs/jsr311-api/1.1.1/jsr311-api-1.1.1.jar:/home/user/.m2/repository/com/sun/jersey/jersey-server/1.19/jersey-server-1.19.jar:/home/user/.m2/repository/javax/servlet/javax.servlet-api/3.1.0/javax.servlet-api-3.1.0.jar:/home/user/.m2/repository/org/eclipse/jetty/jetty-server/9.3.24.v20180605/jetty-server-9.3.24.v20180605.jar:/home/user/.m2/repository/org/eclipse/jetty/jetty-http/9.3.24.v20180605/jetty-http-9.3.24.v20180605.jar:/home/user/.m2/repository/org/eclipse/jetty/jetty-io/9.3.24.v20180605/jetty-io-9.3.24.v20180605.jar:/home/user/.m2/repository/org/eclipse/jetty/jetty-webapp/9.3.24.v20180605/jetty-webapp-9.3.24.v20180605.jar:/home/user/.m2/repository/org/eclipse/jetty/jetty-xml/9.3.24.v20180605/jetty-xml-9.3.24.v20180605.jar:/home/user/.m2/repository/log4j/log4j/1.2.17/log4j-1.2.17.jar:/home/user/.m2/repository/org/slf4j/slf4j-api/1.7.25/slf4j-api-1.7.25.jar:/home/user/.m2/repository/org/slf4j/jul-to-slf4j/1.7.25/jul-to-slf4j-1.7.25.jar:/home/user/.m2/repository/org/eclipse/jetty/jetty-util/9.3.24.v20180605/jetty-util-9.3.24.v20180605.jar:/home/user/.m2/repository/com/fasterxml/jackson/core/jackson-databind/2.9.5/jackson-databind-2.9.5.jar:/home/user/.m2/repository/org/apache/hadoop/hadoop-kms/3.2.0/hadoop-kms-3.2.0-tests.jar:/home/user/.m2/repository/org/apache/hadoop/hadoop-hdds-server-scm/0.5.0-SNAPSHOT/hadoop-hdds-server-scm-0.5.0-SNAPSHOT-tests.jar:/home/user/.m2/repository/org/apache/hadoop/hadoop-hdds-container-service/0.5.0-SNAPSHOT/hadoop-hdds-container-service-0.5.0-SNAPSHOT-tests.jar:/home/user/.m2/repository/org/yaml/snakeyaml/1.16/snakeyaml-1.16.jar:/home/user/.m2/repository/org/apache/hadoop/hadoop-common/3.2.0/hadoop-common-3.2.0-tests.jar:/home/user/.m2/repository/org/apache/hadoop/hadoop-annotations/3.2.0/hadoop-annotations-3.2.0.jar:/usr/lib/jvm/java-1.8-openjdk/jre/../lib/tools.jar:/home/user/.m2/repository/commons-cli/commons-cli/1.2/commons-cli-1.2.jar:/home/user/.m2/repository/org/apache/httpcomponents/httpclient/4.5.2/httpclient-4.5.2.jar:/home/user/.m2/repository/org/apache/httpcomponents/httpcore/4.4.4/httpcore-4.4.4.jar:/home/user/.m2/repository/commons-codec/commons-codec/1.11/commons-codec-1.11.jar:/home/user/.m2/repository/commons-net/commons-net/3.6/commons-net-3.6.jar:/home/user/.m2/repository/commons-collections/commons-collections/3.2.2/commons-collections-3.2.2.jar:/home/user/.m2/repository/org/eclipse/jetty/jetty-servlet/9.3.24.v20180605/jetty-servlet-9.3.24.v20180605.jar:/home/user/.m2/repository/org/eclipse/jetty/jetty-security/9.3.24.v20180605/jetty-security-9.3.24.v20180605.jar:/home/user/.m2/repository/javax/servlet/jsp/jsp-api/2.1/jsp-api-2.1.jar:/home/user/.m2/repository/com/sun/jersey/jersey-servlet/1.19/jersey-servlet-1.19.jar:/home/user/.m2/repository/com/sun/jersey/jersey-json/1.19/jersey-json-1.19.jar:/home/user/.m2/repository/org/codehaus/jettison/jettison/1.1/jettison-1.1.jar:/home/user/.m2/repository/org/codehaus/jackson/jackson-core-asl/1.9.13/jackson-core-asl-1.9.13.jar:/home/user/.m2/repository/org/codehaus/jackson/jackson-mapper-asl/1.9.13/jackson-mapper-asl-1.9.13.jar:/home/user/.m2/repository/org/codehaus/jackson/jackson-jaxrs/1.9.13/jackson-jaxrs-1.9.13.jar:/home/user/.m2/repository/org/codehaus/jackson/jackson-xc/1.9.13/jackson-xc-1.9.13.jar:/home/user/.m2/repository/commons-logging/commons-logging/1.1.3/commons-logging-1.1.3.jar:/home/user/.m2/repository/commons-beanutils/commons-beanutils/1.9.3/commons-beanutils-1.9.3.jar:/home/user/.m2/repository/org/apache/commons/commons-configuration2/2.1.1/commons-configuration2-2.1.1.jar:/home/user/.m2/repository/org/apache/commons/commons-lang3/3.7/commons-lang3-3.7.jar:/home/user/.m2/repository/org/apache/commons/commons-text/1.4/commons-text-1.4.jar:/home/user/.m2/repository/org/apache/avro/avro/1.7.7/avro-1.7.7.jar:/home/user/.m2/repository/com/thoughtworks/paranamer/paranamer/2.3/paranamer-2.3.jar:/home/user/.m2/repository/org/xerial/snappy/snappy-java/1.0.5/snappy-java-1.0.5.jar:/home/user/.m2/repository/com/google/re2j/re2j/1.1/re2j-1.1.jar:/home/user/.m2/repository/com/google/code/gson/gson/2.2.4/gson-2.2.4.jar:/home/user/.m2/repository/com/jcraft/jsch/0.1.54/jsch-0.1.54.jar:/home/user/.m2/repository/org/apache/curator/curator-client/2.12.0/curator-client-2.12.0.jar:/home/user/.m2/repository/org/apache/curator/curator-recipes/2.12.0/curator-recipes-2.12.0.jar:/home/user/.m2/repository/com/google/code/findbugs/jsr305/3.0.0/jsr305-3.0.0.jar:/home/user/.m2/repository/org/apache/htrace/htrace-core4/4.1.0-incubating/htrace-core4-4.1.0-incubating.jar:/home/user/.m2/repository/org/apache/zookeeper/zookeeper/3.4.13/zookeeper-3.4.13.jar:/home/user/.m2/repository/org/apache/yetus/audience-annotations/0.5.0/audience-annotations-0.5.0.jar:/home/user/.m2/repository/org/codehaus/woodstox/stax2-api/3.1.4/stax2-api-3.1.4.jar:/home/user/.m2/repository/com/fasterxml/woodstox/woodstox-core/5.0.3/woodstox-core-5.0.3.jar:/home/user/.m2/repository/dnsjava/dnsjava/2.1.7/dnsjava-2.1.7.jar:/home/user/.m2/repository/org/apache/hadoop/hadoop-hdfs/3.2.0/hadoop-hdfs-3.2.0-tests.jar:/home/user/.m2/repository/org/eclipse/jetty/jetty-util-ajax/9.3.24.v20180605/jetty-util-ajax-9.3.24.v20180605.jar:/home/user/.m2/repository/commons-daemon/commons-daemon/1.0.13/commons-daemon-1.0.13.jar:/home/user/.m2/repository/io/netty/netty/3.10.5.Final/netty-3.10.5.Final.jar:/home/user/.m2/repository/io/netty/netty-all/4.0.52.Final/netty-all-4.0.52.Final.jar:/home/user/.m2/repository/org/fusesource/leveldbjni/leveldbjni-all/1.8/leveldbjni-all-1.8.jar:"/>
    <property name="sun.cpu.endian" value="little"/>
    <property name="user.home" value="/home/user"/>
    <property name="user.language" value="en"/>
    <property name="java.specification.vendor" value="Oracle Corporation"/>
    <property name="java.home" value="/usr/lib/jvm/java-1.8-openjdk/jre"/>
    <property name="java.security.krb5.conf" value="/workdir/hadoop-ozone/integration-test/target/test-classes/krb5.conf"/>
    <property name="basedir" value="/workdir/hadoop-ozone/integration-test"/>
    <property name="file.separator" value="/"/>
    <property name="line.separator" value="&#10;"/>
    <property name="java.vm.specification.vendor" value="Oracle Corporation"/>
    <property name="java.specification.name" value="Java Platform API Specification"/>
    <property name="java.awt.graphicsenv" value="sun.awt.X11GraphicsEnvironment"/>
    <property name="surefire.real.class.path" value="/workdir/hadoop-ozone/integration-test/target/surefire/surefirebooter2725863642752791425.jar"/>
    <property name="hadoop.log.dir" value="/workdir/hadoop-ozone/integration-test/target/log"/>
    <property name="sun.boot.class.path" value="/usr/lib/jvm/java-1.8-openjdk/jre/lib/resources.jar:/usr/lib/jvm/java-1.8-openjdk/jre/lib/rt.jar:/usr/lib/jvm/java-1.8-openjdk/jre/lib/sunrsasign.jar:/usr/lib/jvm/java-1.8-openjdk/jre/lib/jsse.jar:/usr/lib/jvm/java-1.8-openjdk/jre/lib/jce.jar:/usr/lib/jvm/java-1.8-openjdk/jre/lib/charsets.jar:/usr/lib/jvm/java-1.8-openjdk/jre/lib/jfr.jar:/usr/lib/jvm/java-1.8-openjdk/jre/classes"/>
    <property name="sun.management.compiler" value="HotSpot 64-Bit Tiered Compilers"/>
    <property name="java.runtime.version" value="1.8.0_212-b04"/>
    <property name="java.net.preferIPv4Stack" value="true"/>
    <property name="user.name" value="jenkins1000"/>
    <property name="path.separator" value=":"/>
    <property name="java.security.egd" value="file:///dev/urandom"/>
    <property name="os.version" value="3.10.0-957.12.2.el7.x86_64"/>
    <property name="java.endorsed.dirs" value="/usr/lib/jvm/java-1.8-openjdk/jre/lib/endorsed"/>
    <property name="java.runtime.name" value="OpenJDK Runtime Environment"/>
    <property name="file.encoding" value="UTF-8"/>
    <property name="java.vm.name" value="OpenJDK 64-Bit Server VM"/>
    <property name="test.build.webapps" value=""/>
    <property name="localRepository" value="/home/user/.m2/repository"/>
    <property name="java.vendor.url.bug" value="https://icedtea.classpath.org/bugzilla"/>
    <property name="java.io.tmpdir" value="/tmp"/>
    <property name="require.test.libhadoop" value=""/>
    <property name="java.version" value="1.8.0_212"/>
    <property name="user.dir" value="/workdir/hadoop-ozone/integration-test"/>
    <property name="os.arch" value="amd64"/>
    <property name="java.vm.specification.name" value="Java Virtual Machine Specification"/>
    <property name="test.build.classes" value="/workdir/hadoop-ozone/integration-test/target/test-classes"/>
    <property name="java.awt.printerjob" value="sun.print.PSPrinterJob"/>
    <property name="sun.os.patch.level" value="unknown"/>
    <property name="hadoop.tmp.dir" value="/workdir/hadoop-ozone/integration-test/target/tmp"/>
    <property name="java.library.path" value="/usr/lib/jvm/java-1.8-openjdk/jre/lib/amd64/server:/usr/lib/jvm/java-1.8-openjdk/jre/lib/amd64:/usr/lib/jvm/java-1.8-openjdk/jre/../lib/amd64:/workdir/hadoop-ozone/integration-test/target/native/target/usr/local/lib:/workdir/hadoop-ozone/integration-test/../../hadoop-common-project/hadoop-common/target/native/target/usr/local/lib:/usr/java/packages/lib/amd64:/usr/lib64:/lib64:/lib:/usr/lib"/>
    <property name="java.vm.info" value="mixed mode"/>
    <property name="java.vendor" value="IcedTea"/>
    <property name="java.vm.version" value="25.212-b04"/>
    <property name="java.ext.dirs" value="/usr/lib/jvm/java-1.8-openjdk/jre/lib/ext:/usr/java/packages/lib/ext"/>
    <property name="sun.io.unicode.encoding" value="UnicodeLittle"/>
    <property name="java.class.version" value="52.0"/>
  </properties>
  <testcase name="testPipelineMap" classname="org.apache.hadoop.hdds.scm.pipeline.TestNode2PipelineMap" time="30.872">
    <error message="Could not allocate container. Cannot get any matching pipeline for Type:RATIS, Factor:THREE, State:PipelineState.OPEN" type="java.io.IOException">java.io.IOException: Could not allocate container. Cannot get any matching pipeline for Type:RATIS, Factor:THREE, State:PipelineState.OPEN
	at org.apache.hadoop.hdds.scm.container.ContainerStateManager.allocateContainer(ContainerStateManager.java:260)
	at org.apache.hadoop.hdds.scm.container.SCMContainerManager.allocateContainer(SCMContainerManager.java:247)
	at org.apache.hadoop.hdds.scm.pipeline.TestNode2PipelineMap.init(TestNode2PipelineMap.java:69)
	at sun.reflect.NativeMethodAccessorImpl.invoke0(Native Method)
	at sun.reflect.NativeMethodAccessorImpl.invoke(NativeMethodAccessorImpl.java:62)
	at sun.reflect.DelegatingMethodAccessorImpl.invoke(DelegatingMethodAccessorImpl.java:43)
	at java.lang.reflect.Method.invoke(Method.java:498)
	at org.junit.runners.model.FrameworkMethod$1.runReflectiveCall(FrameworkMethod.java:47)
	at org.junit.internal.runners.model.ReflectiveCallable.run(ReflectiveCallable.java:12)
	at org.junit.runners.model.FrameworkMethod.invokeExplosively(FrameworkMethod.java:44)
	at org.junit.internal.runners.statements.RunBefores.evaluate(RunBefores.java:24)
	at org.junit.internal.runners.statements.RunAfters.evaluate(RunAfters.java:27)
	at org.junit.runners.ParentRunner.runLeaf(ParentRunner.java:271)
	at org.junit.runners.BlockJUnit4ClassRunner.runChild(BlockJUnit4ClassRunner.java:70)
	at org.junit.runners.BlockJUnit4ClassRunner.runChild(BlockJUnit4ClassRunner.java:50)
	at org.junit.runners.ParentRunner$3.run(ParentRunner.java:238)
	at org.junit.runners.ParentRunner$1.schedule(ParentRunner.java:63)
	at org.junit.runners.ParentRunner.runChildren(ParentRunner.java:236)
	at org.junit.runners.ParentRunner.access$000(ParentRunner.java:53)
	at org.junit.runners.ParentRunner$2.evaluate(ParentRunner.java:229)
	at org.junit.runners.ParentRunner.run(ParentRunner.java:309)
	at org.apache.maven.surefire.junit4.JUnit4Provider.execute(JUnit4Provider.java:365)
	at org.apache.maven.surefire.junit4.JUnit4Provider.executeWithRerun(JUnit4Provider.java:273)
	at org.apache.maven.surefire.junit4.JUnit4Provider.executeTestSet(JUnit4Provider.java:238)
	at org.apache.maven.surefire.junit4.JUnit4Provider.invoke(JUnit4Provider.java:159)
	at org.apache.maven.surefire.booter.ForkedBooter.invokeProviderInSameClassLoader(ForkedBooter.java:384)
	at org.apache.maven.surefire.booter.ForkedBooter.runSuitesInProcess(ForkedBooter.java:345)
	at org.apache.maven.surefire.booter.ForkedBooter.execute(ForkedBooter.java:126)
	at org.apache.maven.surefire.booter.ForkedBooter.main(ForkedBooter.java:418)
</error>
    <system-out><![CDATA[2019-09-20 09:57:56,576 [main] WARN  server.ServerUtils (ServerUtils.java:getScmDbDir(145)) - ozone.scm.db.dirs is not configured. We recommend adding this setting. Falling back to ozone.metadata.dirs instead.
2019-09-20 09:57:56,673 [main] WARN  server.ServerUtils (ServerUtils.java:getScmDbDir(145)) - ozone.scm.db.dirs is not configured. We recommend adding this setting. Falling back to ozone.metadata.dirs instead.
2019-09-20 09:57:56,676 [main] WARN  server.ServerUtils (ServerUtils.java:getScmDbDir(145)) - ozone.scm.db.dirs is not configured. We recommend adding this setting. Falling back to ozone.metadata.dirs instead.
2019-09-20 09:57:56,694 [main] INFO  util.log (Log.java:initialized(192)) - Logging initialized @948ms
2019-09-20 09:57:56,804 [main] INFO  db.DBStoreBuilder (DBStoreBuilder.java:addTable(110)) - using custom profile for table: deletedBlocks
2019-09-20 09:57:56,804 [main] INFO  db.DBStoreBuilder (DBStoreBuilder.java:processTables(161)) - Using default column profile:DBProfile.DISK for Table:deletedBlocks
2019-09-20 09:57:56,805 [main] INFO  db.DBStoreBuilder (DBStoreBuilder.java:addTable(110)) - using custom profile for table: validCerts
2019-09-20 09:57:56,805 [main] INFO  db.DBStoreBuilder (DBStoreBuilder.java:processTables(161)) - Using default column profile:DBProfile.DISK for Table:validCerts
2019-09-20 09:57:56,805 [main] INFO  db.DBStoreBuilder (DBStoreBuilder.java:addTable(110)) - using custom profile for table: revokedCerts
2019-09-20 09:57:56,806 [main] INFO  db.DBStoreBuilder (DBStoreBuilder.java:processTables(161)) - Using default column profile:DBProfile.DISK for Table:revokedCerts
2019-09-20 09:57:56,819 [main] INFO  db.DBStoreBuilder (DBStoreBuilder.java:addTable(110)) - using custom profile for table: default
2019-09-20 09:57:56,819 [main] INFO  db.DBStoreBuilder (DBStoreBuilder.java:processTables(167)) - Using default column profile:DBProfile.DISK for Table:default
2019-09-20 09:57:56,821 [main] INFO  db.DBStoreBuilder (DBStoreBuilder.java:getDbProfile(198)) - Using default options. DBProfile.DISK
2019-09-20 09:57:57,031 [main] INFO  net.NodeSchemaLoader (NodeSchemaLoader.java:loadSchemaFromFile(125)) - Loading file from sun.misc.CompoundEnumeration@20deea7f
2019-09-20 09:57:57,034 [main] INFO  net.NodeSchemaLoader (NodeSchemaLoader.java:loadSchema(171)) - Loading network topology layer schema file
2019-09-20 09:57:57,117 [main] WARN  server.ServerUtils (ServerUtils.java:sanitizeUserArgs(70)) - ozone.scm.stale.node.interval value = 300000 is larger than max = 100000 based on the key value of ozone.scm.heartbeat.thread.interval, reset to the max value 100000.
2019-09-20 09:57:57,119 [main] WARN  server.ServerUtils (ServerUtils.java:sanitizeUserArgs(70)) - ozone.scm.stale.node.interval value = 300000 is larger than max = 100000 based on the key value of ozone.scm.heartbeat.thread.interval, reset to the max value 100000.
2019-09-20 09:57:57,122 [main] INFO  node.SCMNodeManager (SCMNodeManager.java:<init>(121)) - Entering startup safe mode.
2019-09-20 09:57:57,193 [main] INFO  algorithms.ContainerPlacementPolicyFactory (ContainerPlacementPolicyFactory.java:getPolicy(56)) - Create container placement policy of type org.apache.hadoop.hdds.scm.container.placement.algorithms.SCMContainerPlacementRandom
2019-09-20 09:57:57,208 [main] WARN  server.ServerUtils (ServerUtils.java:getScmDbDir(145)) - ozone.scm.db.dirs is not configured. We recommend adding this setting. Falling back to ozone.metadata.dirs instead.
2019-09-20 09:57:57,302 [main] INFO  pipeline.SCMPipelineManager (SCMPipelineManager.java:initializePipelineState(145)) - No pipeline exists in current db
2019-09-20 09:57:57,308 [main] WARN  server.ServerUtils (ServerUtils.java:getScmDbDir(145)) - ozone.scm.db.dirs is not configured. We recommend adding this setting. Falling back to ozone.metadata.dirs instead.
2019-09-20 09:57:57,406 [main] INFO  safemode.HealthyPipelineSafeModeRule (HealthyPipelineSafeModeRule.java:<init>(89)) -  Total pipeline count is 0, healthy pipeline threshold count is 1
2019-09-20 09:57:57,408 [main] INFO  safemode.OneReplicaPipelineSafeModeRule (OneReplicaPipelineSafeModeRule.java:<init>(80)) - Total pipeline count is 0, pipeline's with at least one datanode reported threshold count is 0
2019-09-20 09:57:57,409 [main] WARN  events.EventQueue (EventQueue.java:fireEvent(175)) - No event handler registered for event TypedEvent{payloadType=SafeModeStatus, name='SafeModeStatus'}
2019-09-20 09:57:58,242 [main] INFO  ipc.CallQueueManager (CallQueueManager.java:<init>(84)) - Using callQueue: class java.util.concurrent.LinkedBlockingQueue, queueCapacity: 2000, scheduler: class org.apache.hadoop.ipc.DefaultRpcScheduler, ipcBackoff: false.
2019-09-20 09:57:58,285 [Socket Reader #1 for port 41145] INFO  ipc.Server (Server.java:run(1074)) - Starting Socket Reader #1 for port 41145
2019-09-20 09:57:58,316 [main] INFO  ipc.CallQueueManager (CallQueueManager.java:<init>(84)) - Using callQueue: class java.util.concurrent.LinkedBlockingQueue, queueCapacity: 2000, scheduler: class org.apache.hadoop.ipc.DefaultRpcScheduler, ipcBackoff: false.
2019-09-20 09:57:58,317 [Socket Reader #1 for port 41225] INFO  ipc.Server (Server.java:run(1074)) - Starting Socket Reader #1 for port 41225
2019-09-20 09:57:58,326 [main] INFO  ipc.CallQueueManager (CallQueueManager.java:<init>(84)) - Using callQueue: class java.util.concurrent.LinkedBlockingQueue, queueCapacity: 2000, scheduler: class org.apache.hadoop.ipc.DefaultRpcScheduler, ipcBackoff: false.
2019-09-20 09:57:58,327 [Socket Reader #1 for port 36936] INFO  ipc.Server (Server.java:run(1074)) - Starting Socket Reader #1 for port 36936
2019-09-20 09:57:58,350 [main] INFO  hdfs.DFSUtil (DFSUtil.java:httpServerTemplateForNNAndJN(1641)) - Starting Web-server for scm at: http://0.0.0.0:0
2019-09-20 09:57:58,517 [main] INFO  server.AuthenticationFilter (AuthenticationFilter.java:constructSecretProvider(240)) - Unable to initialize FileSignerSecretProvider, falling back to use random secrets.
2019-09-20 09:57:58,526 [main] WARN  http.HttpRequestLog (HttpRequestLog.java:getRequestLog(97)) - Jetty request log can only be enabled using Log4j
2019-09-20 09:57:58,534 [main] INFO  http.HttpServer2 (HttpServer2.java:addGlobalFilter(975)) - Added global filter 'safety' (class=org.apache.hadoop.http.HttpServer2$QuotingInputFilter)
2019-09-20 09:57:58,536 [main] INFO  http.HttpServer2 (HttpServer2.java:addFilter(948)) - Added filter static_user_filter (class=org.apache.hadoop.http.lib.StaticUserWebFilter$StaticUserFilter) to context scm
2019-09-20 09:57:58,536 [main] INFO  http.HttpServer2 (HttpServer2.java:addFilter(958)) - Added filter static_user_filter (class=org.apache.hadoop.http.lib.StaticUserWebFilter$StaticUserFilter) to context static
2019-09-20 09:57:58,537 [main] INFO  http.HttpServer2 (HttpServer2.java:addFilter(958)) - Added filter static_user_filter (class=org.apache.hadoop.http.lib.StaticUserWebFilter$StaticUserFilter) to context logs
2019-09-20 09:57:58,562 [main] INFO  server.StorageContainerManager (StorageContainerManager.java:start(761)) - StorageContainerLocationProtocol RPC server is listening at /0.0.0.0:36936
2019-09-20 09:57:58,613 [main] WARN  impl.MetricsConfig (MetricsConfig.java:loadFirst(134)) - Cannot locate configuration: tried hadoop-metrics2-storagecontainermanager.properties,hadoop-metrics2.properties
2019-09-20 09:57:58,624 [main] INFO  impl.MetricsSystemImpl (MetricsSystemImpl.java:startTimer(374)) - Scheduled Metric snapshot period at 10 second(s).
2019-09-20 09:57:58,624 [main] INFO  impl.MetricsSystemImpl (MetricsSystemImpl.java:start(191)) - StorageContainerManager metrics system started
2019-09-20 09:57:58,821 [main] INFO  server.SCMClientProtocolServer (SCMClientProtocolServer.java:start(151)) - RPC server for Client  is listening at /0.0.0.0:36936
2019-09-20 09:57:58,821 [IPC Server Responder] INFO  ipc.Server (Server.java:run(1314)) - IPC Server Responder: starting
2019-09-20 09:57:58,821 [IPC Server listener on 36936] INFO  ipc.Server (Server.java:run(1153)) - IPC Server listener on 36936: starting
2019-09-20 09:57:58,824 [main] INFO  server.StorageContainerManager (StorageContainerManager.java:start(771)) - ScmBlockLocationProtocol RPC server is listening at /0.0.0.0:41225
2019-09-20 09:57:58,824 [main] INFO  server.SCMBlockProtocolServer (SCMBlockProtocolServer.java:start(140)) - RPC server for Block Protocol is listening at /0.0.0.0:41225
2019-09-20 09:57:58,824 [IPC Server Responder] INFO  ipc.Server (Server.java:run(1314)) - IPC Server Responder: starting
2019-09-20 09:57:58,824 [IPC Server listener on 41225] INFO  ipc.Server (Server.java:run(1153)) - IPC Server listener on 41225: starting
2019-09-20 09:57:58,826 [main] INFO  server.StorageContainerManager (StorageContainerManager.java:start(775)) - ScmDatanodeProtocl RPC server is listening at /0.0.0.0:41145
2019-09-20 09:57:58,827 [main] INFO  server.SCMDatanodeProtocolServer (SCMDatanodeProtocolServer.java:start(199)) - RPC server for DataNodes is listening at /0.0.0.0:41145
2019-09-20 09:57:58,827 [IPC Server Responder] INFO  ipc.Server (Server.java:run(1314)) - IPC Server Responder: starting
2019-09-20 09:57:58,827 [IPC Server listener on 41145] INFO  ipc.Server (Server.java:run(1153)) - IPC Server listener on 41145: starting
2019-09-20 09:57:58,831 [main] INFO  http.HttpServer2 (HttpServer2.java:bindListener(1191)) - Jetty bound to port 39943
2019-09-20 09:57:58,833 [main] INFO  server.Server (Server.java:doStart(351)) - jetty-9.3.24.v20180605, build timestamp: 2018-06-05T17:11:56Z, git hash: 84205aa28f11a4f31f2a3b86d1bba2cc8ab69827
2019-09-20 09:57:58,872 [main] INFO  handler.ContextHandler (ContextHandler.java:doStart(781)) - Started o.e.j.s.ServletContextHandler@1a45193b{/logs,file:///workdir/hadoop-ozone/integration-test/target/log,AVAILABLE}
2019-09-20 09:57:58,873 [main] INFO  handler.ContextHandler (ContextHandler.java:doStart(781)) - Started o.e.j.s.ServletContextHandler@5286c33a{/static,file:///workdir/hadoop-ozone/integration-test/target/test-classes/webapps/static,AVAILABLE}
2019-09-20 09:57:58,909 [main] INFO  handler.ContextHandler (ContextHandler.java:doStart(781)) - Started o.e.j.w.WebAppContext@48f5bde6{/,file:///workdir/hadoop-ozone/integration-test/target/test-classes/webapps/scm/,AVAILABLE}{/scm}
2019-09-20 09:57:58,915 [main] INFO  server.AbstractConnector (AbstractConnector.java:doStart(278)) - Started ServerConnector@6d511b5f{HTTP/1.1,[http/1.1]}{0.0.0.0:39943}
2019-09-20 09:57:58,915 [main] INFO  server.Server (Server.java:doStart(419)) - Started @3169ms
2019-09-20 09:57:58,917 [main] INFO  server.BaseHttpServer (BaseHttpServer.java:updateConnectorAddress(213)) - HTTP server of SCM is listening at http://0.0.0.0:39943
2019-09-20 09:57:58,923 [org.apache.hadoop.util.JvmPauseMonitor$Monitor@3b1bb3ab] INFO  util.JvmPauseMonitor (JvmPauseMonitor.java:run(188)) - Starting JVM pause monitor
2019-09-20 09:57:58,927 [main] WARN  server.ServerUtils (ServerUtils.java:getDBPath(222)) - ozone.om.db.dirs is not configured. We recommend adding this setting. Falling back to ozone.metadata.dirs instead.
2019-09-20 09:57:59,022 [main] WARN  server.ServerUtils (ServerUtils.java:getDBPath(222)) - ozone.om.db.dirs is not configured. We recommend adding this setting. Falling back to ozone.metadata.dirs instead.
2019-09-20 09:57:59,023 [main] WARN  server.ServerUtils (ServerUtils.java:getDBPath(222)) - ozone.om.db.dirs is not configured. We recommend adding this setting. Falling back to ozone.metadata.dirs instead.
2019-09-20 09:57:59,024 [main] INFO  om.OzoneManager (OzoneManager.java:setOMNodeDetails(645)) - OM Service ID is not set. Setting it to the default ID: omServiceIdDefault
2019-09-20 09:57:59,024 [main] INFO  om.OzoneManager (OzoneManager.java:setOMNodeDetails(651)) - OM Node ID is not set. Setting it to the OmStorage's OmID: 14539c46-148e-463a-96bf-ddfe9a059f94
2019-09-20 09:57:59,025 [main] INFO  om.OzoneManager (OzoneManager.java:loadOMHAConfigs(602)) - Found matching OM address with OMServiceId: null, OMNodeId: null, RPC Address: localhost:0 and Ratis port: 9872
2019-09-20 09:57:59,225 | INFO  | SCMAudit | user=jenkins1000 | ip=192.168.151.119 | op=GET_SCM_INFO null | ret=SUCCESS |  
2019-09-20 09:57:59,727 [main] WARN  server.ServerUtils (ServerUtils.java:getDBPath(222)) - ozone.om.db.dirs is not configured. We recommend adding this setting. Falling back to ozone.metadata.dirs instead.
2019-09-20 09:57:59,738 [main] INFO  db.DBStoreBuilder (DBStoreBuilder.java:addTable(110)) - using custom profile for table: userTable
2019-09-20 09:57:59,738 [main] INFO  db.DBStoreBuilder (DBStoreBuilder.java:processTables(161)) - Using default column profile:DBProfile.DISK for Table:userTable
2019-09-20 09:57:59,739 [main] INFO  db.DBStoreBuilder (DBStoreBuilder.java:addTable(110)) - using custom profile for table: volumeTable
2019-09-20 09:57:59,739 [main] INFO  db.DBStoreBuilder (DBStoreBuilder.java:processTables(161)) - Using default column profile:DBProfile.DISK for Table:volumeTable
2019-09-20 09:57:59,740 [main] INFO  db.DBStoreBuilder (DBStoreBuilder.java:addTable(110)) - using custom profile for table: bucketTable
2019-09-20 09:57:59,740 [main] INFO  db.DBStoreBuilder (DBStoreBuilder.java:processTables(161)) - Using default column profile:DBProfile.DISK for Table:bucketTable
2019-09-20 09:57:59,740 [main] INFO  db.DBStoreBuilder (DBStoreBuilder.java:addTable(110)) - using custom profile for table: keyTable
2019-09-20 09:57:59,741 [main] INFO  db.DBStoreBuilder (DBStoreBuilder.java:processTables(161)) - Using default column profile:DBProfile.DISK for Table:keyTable
2019-09-20 09:57:59,741 [main] INFO  db.DBStoreBuilder (DBStoreBuilder.java:addTable(110)) - using custom profile for table: deletedTable
2019-09-20 09:57:59,741 [main] INFO  db.DBStoreBuilder (DBStoreBuilder.java:processTables(161)) - Using default column profile:DBProfile.DISK for Table:deletedTable
2019-09-20 09:57:59,742 [main] INFO  db.DBStoreBuilder (DBStoreBuilder.java:addTable(110)) - using custom profile for table: openKeyTable
2019-09-20 09:57:59,742 [main] INFO  db.DBStoreBuilder (DBStoreBuilder.java:processTables(161)) - Using default column profile:DBProfile.DISK for Table:openKeyTable
2019-09-20 09:57:59,743 [main] INFO  db.DBStoreBuilder (DBStoreBuilder.java:addTable(110)) - using custom profile for table: s3Table
2019-09-20 09:57:59,743 [main] INFO  db.DBStoreBuilder (DBStoreBuilder.java:processTables(161)) - Using default column profile:DBProfile.DISK for Table:s3Table
2019-09-20 09:57:59,743 [main] INFO  db.DBStoreBuilder (DBStoreBuilder.java:addTable(110)) - using custom profile for table: multipartInfoTable
2019-09-20 09:57:59,744 [main] INFO  db.DBStoreBuilder (DBStoreBuilder.java:processTables(161)) - Using default column profile:DBProfile.DISK for Table:multipartInfoTable
2019-09-20 09:57:59,744 [main] INFO  db.DBStoreBuilder (DBStoreBuilder.java:addTable(110)) - using custom profile for table: dTokenTable
2019-09-20 09:57:59,744 [main] INFO  db.DBStoreBuilder (DBStoreBuilder.java:processTables(161)) - Using default column profile:DBProfile.DISK for Table:dTokenTable
2019-09-20 09:57:59,745 [main] INFO  db.DBStoreBuilder (DBStoreBuilder.java:addTable(110)) - using custom profile for table: s3SecretTable
2019-09-20 09:57:59,745 [main] INFO  db.DBStoreBuilder (DBStoreBuilder.java:processTables(161)) - Using default column profile:DBProfile.DISK for Table:s3SecretTable
2019-09-20 09:57:59,745 [main] INFO  db.DBStoreBuilder (DBStoreBuilder.java:addTable(110)) - using custom profile for table: prefixTable
2019-09-20 09:57:59,746 [main] INFO  db.DBStoreBuilder (DBStoreBuilder.java:processTables(161)) - Using default column profile:DBProfile.DISK for Table:prefixTable
2019-09-20 09:57:59,746 [main] INFO  db.DBStoreBuilder (DBStoreBuilder.java:addTable(110)) - using custom profile for table: default
2019-09-20 09:57:59,747 [main] INFO  db.DBStoreBuilder (DBStoreBuilder.java:processTables(167)) - Using default column profile:DBProfile.DISK for Table:default
2019-09-20 09:57:59,747 [main] INFO  db.DBStoreBuilder (DBStoreBuilder.java:getDbProfile(198)) - Using default options. DBProfile.DISK
2019-09-20 09:58:00,404 [main] INFO  ipc.CallQueueManager (CallQueueManager.java:<init>(84)) - Using callQueue: class java.util.concurrent.LinkedBlockingQueue, queueCapacity: 2000, scheduler: class org.apache.hadoop.ipc.DefaultRpcScheduler, ipcBackoff: false.
2019-09-20 09:58:00,405 [Socket Reader #1 for port 45113] INFO  ipc.Server (Server.java:run(1074)) - Starting Socket Reader #1 for port 45113
2019-09-20 09:58:00,435 [main] INFO  om.OzoneManager (OzoneManager.java:start(1256)) - OzoneManager RPC server is listening at localhost/127.0.0.1:45113
2019-09-20 09:58:00,435 [main] INFO  impl.MetricsSystemImpl (MetricsSystemImpl.java:init(158)) - OzoneManager metrics system started (again)
2019-09-20 09:58:00,438 [IPC Server Responder] INFO  ipc.Server (Server.java:run(1314)) - IPC Server Responder: starting
2019-09-20 09:58:00,438 [IPC Server listener on 45113] INFO  ipc.Server (Server.java:run(1153)) - IPC Server listener on 45113: starting
2019-09-20 09:58:00,445 [main] INFO  hdfs.DFSUtil (DFSUtil.java:httpServerTemplateForNNAndJN(1641)) - Starting Web-server for ozoneManager at: http://0.0.0.0:0
2019-09-20 09:58:00,447 [main] INFO  server.AuthenticationFilter (AuthenticationFilter.java:constructSecretProvider(240)) - Unable to initialize FileSignerSecretProvider, falling back to use random secrets.
2019-09-20 09:58:00,448 [main] WARN  http.HttpRequestLog (HttpRequestLog.java:getRequestLog(97)) - Jetty request log can only be enabled using Log4j
2019-09-20 09:58:00,451 [main] INFO  http.HttpServer2 (HttpServer2.java:addGlobalFilter(975)) - Added global filter 'safety' (class=org.apache.hadoop.http.HttpServer2$QuotingInputFilter)
2019-09-20 09:58:00,452 [main] INFO  http.HttpServer2 (HttpServer2.java:addFilter(948)) - Added filter static_user_filter (class=org.apache.hadoop.http.lib.StaticUserWebFilter$StaticUserFilter) to context ozoneManager
2019-09-20 09:58:00,453 [main] INFO  http.HttpServer2 (HttpServer2.java:addFilter(958)) - Added filter static_user_filter (class=org.apache.hadoop.http.lib.StaticUserWebFilter$StaticUserFilter) to context logs
2019-09-20 09:58:00,453 [main] INFO  http.HttpServer2 (HttpServer2.java:addFilter(958)) - Added filter static_user_filter (class=org.apache.hadoop.http.lib.StaticUserWebFilter$StaticUserFilter) to context static
2019-09-20 09:58:00,456 [main] INFO  http.HttpServer2 (HttpServer2.java:bindListener(1191)) - Jetty bound to port 35737
2019-09-20 09:58:00,456 [main] INFO  server.Server (Server.java:doStart(351)) - jetty-9.3.24.v20180605, build timestamp: 2018-06-05T17:11:56Z, git hash: 84205aa28f11a4f31f2a3b86d1bba2cc8ab69827
2019-09-20 09:58:00,458 [main] INFO  handler.ContextHandler (ContextHandler.java:doStart(781)) - Started o.e.j.s.ServletContextHandler@7fab4be7{/logs,file:///workdir/hadoop-ozone/integration-test/target/log,AVAILABLE}
2019-09-20 09:58:00,459 [main] INFO  handler.ContextHandler (ContextHandler.java:doStart(781)) - Started o.e.j.s.ServletContextHandler@4d74c3ba{/static,file:///workdir/hadoop-ozone/integration-test/target/test-classes/webapps/static,AVAILABLE}
2019-09-20 09:58:00,465 [main] INFO  handler.ContextHandler (ContextHandler.java:doStart(781)) - Started o.e.j.w.WebAppContext@60e5272{/,file:///workdir/hadoop-ozone/integration-test/target/test-classes/webapps/ozoneManager/,AVAILABLE}{/ozoneManager}
2019-09-20 09:58:00,465 [main] INFO  server.AbstractConnector (AbstractConnector.java:doStart(278)) - Started ServerConnector@7d755813{HTTP/1.1,[http/1.1]}{0.0.0.0:35737}
2019-09-20 09:58:00,466 [main] INFO  server.Server (Server.java:doStart(419)) - Started @4720ms
2019-09-20 09:58:00,469 [main] INFO  server.BaseHttpServer (BaseHttpServer.java:updateConnectorAddress(213)) - HTTP server of OZONEMANAGER is listening at http://0.0.0.0:35737
2019-09-20 09:58:00,625 [main] INFO  impl.MetricsSystemImpl (MetricsSystemImpl.java:init(158)) - HddsDatanode metrics system started (again)
2019-09-20 09:58:00,723 [main] INFO  ozone.HddsDatanodeService (HddsDatanodeService.java:start(184)) - HddsDatanodeService host:pr-hdds-2034-wmsbd-1222111393 ip:192.168.151.119
2019-09-20 09:58:00,755 [main] INFO  volume.HddsVolume (HddsVolume.java:<init>(176)) - Creating Volume: /workdir/hadoop-ozone/integration-test/target/test-dir/MiniOzoneClusterImpl-e374e5dc-9291-4f0f-8939-22f477a73ed1/datanode-0/data/containers/hdds of  storage type : DISK and capacity : 1482555576320
2019-09-20 09:58:00,756 [main] INFO  volume.VolumeSet (VolumeSet.java:initializeVolumeSet(170)) - Added Volume : /workdir/hadoop-ozone/integration-test/target/test-dir/MiniOzoneClusterImpl-e374e5dc-9291-4f0f-8939-22f477a73ed1/datanode-0/data/containers/hdds to VolumeSet
2019-09-20 09:58:00,759 [main] INFO  volume.ThrottledAsyncChecker (ThrottledAsyncChecker.java:schedule(140)) - Scheduling a check for org.apache.hadoop.ozone.container.common.volume.HddsVolume@3f49e266
2019-09-20 09:58:00,776 [main] INFO  volume.HddsVolumeChecker (HddsVolumeChecker.java:checkAllVolumes(203)) - Scheduled health check for volume org.apache.hadoop.ozone.container.common.volume.HddsVolume@3f49e266
2019-09-20 09:58:00,878 [main] INFO  impl.RaftServerProxy (ConfUtils.java:logGet(43)) - raft.rpc.type = GRPC (default)
2019-09-20 09:58:00,953 [main] INFO  grpc.GrpcFactory (GrpcFactory.java:checkPooledByteBufAllocatorUseCacheForAllThreads(45)) - PERFORMANCE WARNING: useCacheForAllThreads is true that may cause Netty to create a lot garbage objects and, as a result, trigger GC.
	It is recommended to disable useCacheForAllThreads by setting -Dorg.apache.ratis.thirdparty.io.netty.allocator.useCacheForAllThreads=false in command line.
2019-09-20 09:58:00,958 [main] INFO  grpc.GrpcConfigKeys$Server (ConfUtils.java:logGet(43)) - raft.grpc.server.port = 0 (default)
2019-09-20 09:58:00,959 [main] INFO  server.GrpcService (ConfUtils.java:logGet(43)) - raft.grpc.message.size.max = 33570816 (custom)
2019-09-20 09:58:00,961 [main] INFO  server.RaftServerConfigKeys (ConfUtils.java:logGet(43)) - raft.server.log.appender.buffer.byte-limit = 33554432 (custom)
2019-09-20 09:58:00,963 [main] INFO  server.GrpcService (ConfUtils.java:logGet(43)) - raft.grpc.flow.control.window = 1MB (=1048576) (default)
2019-09-20 09:58:00,963 [main] INFO  server.RaftServerConfigKeys (ConfUtils.java:logGet(43)) - raft.server.rpc.request.timeout = 3000ms (default)
2019-09-20 09:58:01,126 [main] INFO  server.RaftServerConfigKeys (ConfUtils.java:logGet(43)) - raft.server.storage.dir = [/workdir/hadoop-ozone/integration-test/target/test-dir/MiniOzoneClusterImpl-e374e5dc-9291-4f0f-8939-22f477a73ed1/datanode-0/data/ratis] (custom)
2019-09-20 09:58:01,163 [main] INFO  replication.SimpleContainerDownloader (SimpleContainerDownloader.java:<init>(72)) - Starting container downloader service to copy containers to replicate.
2019-09-20 09:58:01,178 [main] INFO  hdfs.DFSUtil (DFSUtil.java:httpServerTemplateForNNAndJN(1641)) - Starting Web-server for hddsDatanode at: http://0.0.0.0:0
2019-09-20 09:58:01,181 [main] INFO  server.AuthenticationFilter (AuthenticationFilter.java:constructSecretProvider(240)) - Unable to initialize FileSignerSecretProvider, falling back to use random secrets.
2019-09-20 09:58:01,182 [main] WARN  http.HttpRequestLog (HttpRequestLog.java:getRequestLog(97)) - Jetty request log can only be enabled using Log4j
2019-09-20 09:58:01,185 [main] INFO  http.HttpServer2 (HttpServer2.java:addGlobalFilter(975)) - Added global filter 'safety' (class=org.apache.hadoop.http.HttpServer2$QuotingInputFilter)
2019-09-20 09:58:01,187 [main] INFO  http.HttpServer2 (HttpServer2.java:addFilter(948)) - Added filter static_user_filter (class=org.apache.hadoop.http.lib.StaticUserWebFilter$StaticUserFilter) to context hddsDatanode
2019-09-20 09:58:01,187 [main] INFO  http.HttpServer2 (HttpServer2.java:addFilter(958)) - Added filter static_user_filter (class=org.apache.hadoop.http.lib.StaticUserWebFilter$StaticUserFilter) to context logs
2019-09-20 09:58:01,187 [main] INFO  http.HttpServer2 (HttpServer2.java:addFilter(958)) - Added filter static_user_filter (class=org.apache.hadoop.http.lib.StaticUserWebFilter$StaticUserFilter) to context static
2019-09-20 09:58:01,189 [main] INFO  http.HttpServer2 (HttpServer2.java:bindListener(1191)) - Jetty bound to port 36355
2019-09-20 09:58:01,190 [main] INFO  server.Server (Server.java:doStart(351)) - jetty-9.3.24.v20180605, build timestamp: 2018-06-05T17:11:56Z, git hash: 84205aa28f11a4f31f2a3b86d1bba2cc8ab69827
2019-09-20 09:58:01,193 [main] INFO  handler.ContextHandler (ContextHandler.java:doStart(781)) - Started o.e.j.s.ServletContextHandler@5d2828c9{/logs,file:///workdir/hadoop-ozone/integration-test/target/log,AVAILABLE}
2019-09-20 09:58:01,194 [main] INFO  handler.ContextHandler (ContextHandler.java:doStart(781)) - Started o.e.j.s.ServletContextHandler@45acdd11{/static,jar:file:/home/user/.m2/repository/org/apache/hadoop/hadoop-hdds-container-service/0.5.0-SNAPSHOT/hadoop-hdds-container-service-0.5.0-SNAPSHOT.jar!/webapps/static,AVAILABLE}
2019-09-20 09:58:01,246 [main] INFO  handler.ContextHandler (ContextHandler.java:doStart(781)) - Started o.e.j.w.WebAppContext@3bd2af5b{/,file:///tmp/jetty-0.0.0.0-36355-hddsDatanode-_-any-6345470761280153088.dir/webapp/,AVAILABLE}{/hddsDatanode}
2019-09-20 09:58:01,248 [main] INFO  server.AbstractConnector (AbstractConnector.java:doStart(278)) - Started ServerConnector@250a500b{HTTP/1.1,[http/1.1]}{0.0.0.0:36355}
2019-09-20 09:58:01,249 [main] INFO  server.Server (Server.java:doStart(419)) - Started @5502ms
2019-09-20 09:58:01,250 [main] INFO  server.BaseHttpServer (BaseHttpServer.java:updateConnectorAddress(213)) - HTTP server of HDDSDATANODE is listening at http://0.0.0.0:36355
2019-09-20 09:58:02,471 | INFO  | ObjectStoreRestHttpServer | Listening HDDS REST traffic on /0.0.0.0:33191 |  
2019-09-20 09:58:02,472 [main] INFO  ozone.HddsDatanodeService (HddsDatanodeService.java:startPlugins(395)) - Started plug-in org.apache.hadoop.ozone.web.OzoneHddsDatanodeService@15d3793b
2019-09-20 09:58:02,474 [main] INFO  impl.MetricsSystemImpl (MetricsSystemImpl.java:init(158)) - HddsDatanode metrics system started (again)
2019-09-20 09:58:02,478 [main] INFO  ozone.HddsDatanodeService (HddsDatanodeService.java:start(184)) - HddsDatanodeService host:pr-hdds-2034-wmsbd-1222111393 ip:192.168.151.119
2019-09-20 09:58:02,482 [org.apache.hadoop.util.JvmPauseMonitor$Monitor@78a9bc3e] INFO  util.JvmPauseMonitor (JvmPauseMonitor.java:run(188)) - Starting JVM pause monitor
2019-09-20 09:58:02,488 [main] INFO  volume.HddsVolume (HddsVolume.java:<init>(176)) - Creating Volume: /workdir/hadoop-ozone/integration-test/target/test-dir/MiniOzoneClusterImpl-e374e5dc-9291-4f0f-8939-22f477a73ed1/datanode-1/data/containers/hdds of  storage type : DISK and capacity : 1482555576320
2019-09-20 09:58:02,488 [main] INFO  volume.VolumeSet (VolumeSet.java:initializeVolumeSet(170)) - Added Volume : /workdir/hadoop-ozone/integration-test/target/test-dir/MiniOzoneClusterImpl-e374e5dc-9291-4f0f-8939-22f477a73ed1/datanode-1/data/containers/hdds to VolumeSet
2019-09-20 09:58:02,489 [main] INFO  volume.ThrottledAsyncChecker (ThrottledAsyncChecker.java:schedule(140)) - Scheduling a check for org.apache.hadoop.ozone.container.common.volume.HddsVolume@724bf25f
2019-09-20 09:58:02,490 [main] INFO  volume.HddsVolumeChecker (HddsVolumeChecker.java:checkAllVolumes(203)) - Scheduled health check for volume org.apache.hadoop.ozone.container.common.volume.HddsVolume@724bf25f
2019-09-20 09:58:02,511 [main] INFO  impl.RaftServerProxy (ConfUtils.java:logGet(43)) - raft.rpc.type = GRPC (default)
2019-09-20 09:58:02,511 [main] INFO  grpc.GrpcFactory (GrpcFactory.java:checkPooledByteBufAllocatorUseCacheForAllThreads(45)) - PERFORMANCE WARNING: useCacheForAllThreads is true that may cause Netty to create a lot garbage objects and, as a result, trigger GC.
	It is recommended to disable useCacheForAllThreads by setting -Dorg.apache.ratis.thirdparty.io.netty.allocator.useCacheForAllThreads=false in command line.
2019-09-20 09:58:02,511 [main] INFO  grpc.GrpcConfigKeys$Server (ConfUtils.java:logGet(43)) - raft.grpc.server.port = 0 (default)
2019-09-20 09:58:02,512 [main] INFO  server.GrpcService (ConfUtils.java:logGet(43)) - raft.grpc.message.size.max = 33570816 (custom)
2019-09-20 09:58:02,512 [main] INFO  server.RaftServerConfigKeys (ConfUtils.java:logGet(43)) - raft.server.log.appender.buffer.byte-limit = 33554432 (custom)
2019-09-20 09:58:02,512 [main] INFO  server.GrpcService (ConfUtils.java:logGet(43)) - raft.grpc.flow.control.window = 1MB (=1048576) (default)
2019-09-20 09:58:02,512 [main] INFO  server.RaftServerConfigKeys (ConfUtils.java:logGet(43)) - raft.server.rpc.request.timeout = 3000ms (default)
2019-09-20 09:58:02,513 [main] INFO  server.RaftServerConfigKeys (ConfUtils.java:logGet(43)) - raft.server.storage.dir = [/workdir/hadoop-ozone/integration-test/target/test-dir/MiniOzoneClusterImpl-e374e5dc-9291-4f0f-8939-22f477a73ed1/datanode-1/data/ratis] (custom)
2019-09-20 09:58:02,514 [main] INFO  replication.SimpleContainerDownloader (SimpleContainerDownloader.java:<init>(72)) - Starting container downloader service to copy containers to replicate.
2019-09-20 09:58:02,515 [main] INFO  hdfs.DFSUtil (DFSUtil.java:httpServerTemplateForNNAndJN(1641)) - Starting Web-server for hddsDatanode at: http://0.0.0.0:0
2019-09-20 09:58:02,517 [main] INFO  server.AuthenticationFilter (AuthenticationFilter.java:constructSecretProvider(240)) - Unable to initialize FileSignerSecretProvider, falling back to use random secrets.
2019-09-20 09:58:02,518 [main] WARN  http.HttpRequestLog (HttpRequestLog.java:getRequestLog(97)) - Jetty request log can only be enabled using Log4j
2019-09-20 09:58:02,521 [main] INFO  http.HttpServer2 (HttpServer2.java:addGlobalFilter(975)) - Added global filter 'safety' (class=org.apache.hadoop.http.HttpServer2$QuotingInputFilter)
2019-09-20 09:58:02,522 [main] INFO  http.HttpServer2 (HttpServer2.java:addFilter(948)) - Added filter static_user_filter (class=org.apache.hadoop.http.lib.StaticUserWebFilter$StaticUserFilter) to context hddsDatanode
2019-09-20 09:58:02,522 [main] INFO  http.HttpServer2 (HttpServer2.java:addFilter(958)) - Added filter static_user_filter (class=org.apache.hadoop.http.lib.StaticUserWebFilter$StaticUserFilter) to context static
2019-09-20 09:58:02,522 [main] INFO  http.HttpServer2 (HttpServer2.java:addFilter(958)) - Added filter static_user_filter (class=org.apache.hadoop.http.lib.StaticUserWebFilter$StaticUserFilter) to context logs
2019-09-20 09:58:02,524 [main] INFO  http.HttpServer2 (HttpServer2.java:bindListener(1191)) - Jetty bound to port 40217
2019-09-20 09:58:02,525 [main] INFO  server.Server (Server.java:doStart(351)) - jetty-9.3.24.v20180605, build timestamp: 2018-06-05T17:11:56Z, git hash: 84205aa28f11a4f31f2a3b86d1bba2cc8ab69827
2019-09-20 09:58:02,529 [main] INFO  handler.ContextHandler (ContextHandler.java:doStart(781)) - Started o.e.j.s.ServletContextHandler@39549f33{/logs,file:///workdir/hadoop-ozone/integration-test/target/log,AVAILABLE}
2019-09-20 09:58:02,530 [main] INFO  handler.ContextHandler (ContextHandler.java:doStart(781)) - Started o.e.j.s.ServletContextHandler@7a83ccd2{/static,jar:file:/home/user/.m2/repository/org/apache/hadoop/hadoop-hdds-container-service/0.5.0-SNAPSHOT/hadoop-hdds-container-service-0.5.0-SNAPSHOT.jar!/webapps/static,AVAILABLE}
2019-09-20 09:58:02,577 [main] INFO  handler.ContextHandler (ContextHandler.java:doStart(781)) - Started o.e.j.w.WebAppContext@626e0c86{/,file:///tmp/jetty-0.0.0.0-40217-hddsDatanode-_-any-5201381516182096948.dir/webapp/,AVAILABLE}{/hddsDatanode}
2019-09-20 09:58:02,577 [main] INFO  server.AbstractConnector (AbstractConnector.java:doStart(278)) - Started ServerConnector@28ee0a3c{HTTP/1.1,[http/1.1]}{0.0.0.0:40217}
2019-09-20 09:58:02,579 [main] INFO  server.Server (Server.java:doStart(419)) - Started @6832ms
2019-09-20 09:58:02,581 [main] INFO  server.BaseHttpServer (BaseHttpServer.java:updateConnectorAddress(213)) - HTTP server of HDDSDATANODE is listening at http://0.0.0.0:40217
2019-09-20 09:58:02,609 [Datanode State Machine Thread - 0] INFO  datanode.InitDatanodeState (InitDatanodeState.java:persistContainerDatanodeDetails(140)) - DatanodeDetails is persisted to /workdir/hadoop-ozone/integration-test/target/test-dir/MiniOzoneClusterImpl-e374e5dc-9291-4f0f-8939-22f477a73ed1/datanode-0/meta/datanode.id
2019-09-20 09:58:02,784 | INFO  | ObjectStoreRestHttpServer | Listening HDDS REST traffic on /0.0.0.0:34289 |  
2019-09-20 09:58:02,784 [main] INFO  ozone.HddsDatanodeService (HddsDatanodeService.java:startPlugins(395)) - Started plug-in org.apache.hadoop.ozone.web.OzoneHddsDatanodeService@40d848f9
2019-09-20 09:58:02,785 [main] INFO  impl.MetricsSystemImpl (MetricsSystemImpl.java:init(158)) - HddsDatanode metrics system started (again)
2019-09-20 09:58:02,790 [org.apache.hadoop.util.JvmPauseMonitor$Monitor@594a7191] INFO  util.JvmPauseMonitor (JvmPauseMonitor.java:run(188)) - Starting JVM pause monitor
2019-09-20 09:58:02,790 [main] INFO  ozone.HddsDatanodeService (HddsDatanodeService.java:start(184)) - HddsDatanodeService host:pr-hdds-2034-wmsbd-1222111393 ip:192.168.151.119
2019-09-20 09:58:02,797 [Datanode State Machine Thread - 0] INFO  datanode.InitDatanodeState (InitDatanodeState.java:persistContainerDatanodeDetails(140)) - DatanodeDetails is persisted to /workdir/hadoop-ozone/integration-test/target/test-dir/MiniOzoneClusterImpl-e374e5dc-9291-4f0f-8939-22f477a73ed1/datanode-1/meta/datanode.id
2019-09-20 09:58:02,804 [main] INFO  volume.HddsVolume (HddsVolume.java:<init>(176)) - Creating Volume: /workdir/hadoop-ozone/integration-test/target/test-dir/MiniOzoneClusterImpl-e374e5dc-9291-4f0f-8939-22f477a73ed1/datanode-2/data/containers/hdds of  storage type : DISK and capacity : 1482555576320
2019-09-20 09:58:02,804 [main] INFO  volume.VolumeSet (VolumeSet.java:initializeVolumeSet(170)) - Added Volume : /workdir/hadoop-ozone/integration-test/target/test-dir/MiniOzoneClusterImpl-e374e5dc-9291-4f0f-8939-22f477a73ed1/datanode-2/data/containers/hdds to VolumeSet
2019-09-20 09:58:02,805 [main] INFO  volume.ThrottledAsyncChecker (ThrottledAsyncChecker.java:schedule(140)) - Scheduling a check for org.apache.hadoop.ozone.container.common.volume.HddsVolume@764a3e5d
2019-09-20 09:58:02,805 [main] INFO  volume.HddsVolumeChecker (HddsVolumeChecker.java:checkAllVolumes(203)) - Scheduled health check for volume org.apache.hadoop.ozone.container.common.volume.HddsVolume@764a3e5d
2019-09-20 09:58:02,827 [main] INFO  impl.RaftServerProxy (ConfUtils.java:logGet(43)) - raft.rpc.type = GRPC (default)
2019-09-20 09:58:02,828 [main] INFO  grpc.GrpcFactory (GrpcFactory.java:checkPooledByteBufAllocatorUseCacheForAllThreads(45)) - PERFORMANCE WARNING: useCacheForAllThreads is true that may cause Netty to create a lot garbage objects and, as a result, trigger GC.
	It is recommended to disable useCacheForAllThreads by setting -Dorg.apache.ratis.thirdparty.io.netty.allocator.useCacheForAllThreads=false in command line.
2019-09-20 09:58:02,828 [main] INFO  grpc.GrpcConfigKeys$Server (ConfUtils.java:logGet(43)) - raft.grpc.server.port = 0 (default)
2019-09-20 09:58:02,828 [main] INFO  server.GrpcService (ConfUtils.java:logGet(43)) - raft.grpc.message.size.max = 33570816 (custom)
2019-09-20 09:58:02,829 [main] INFO  server.RaftServerConfigKeys (ConfUtils.java:logGet(43)) - raft.server.log.appender.buffer.byte-limit = 33554432 (custom)
2019-09-20 09:58:02,829 [main] INFO  server.GrpcService (ConfUtils.java:logGet(43)) - raft.grpc.flow.control.window = 1MB (=1048576) (default)
2019-09-20 09:58:02,829 [main] INFO  server.RaftServerConfigKeys (ConfUtils.java:logGet(43)) - raft.server.rpc.request.timeout = 3000ms (default)
2019-09-20 09:58:02,830 [main] INFO  server.RaftServerConfigKeys (ConfUtils.java:logGet(43)) - raft.server.storage.dir = [/workdir/hadoop-ozone/integration-test/target/test-dir/MiniOzoneClusterImpl-e374e5dc-9291-4f0f-8939-22f477a73ed1/datanode-2/data/ratis] (custom)
2019-09-20 09:58:02,831 [main] INFO  replication.SimpleContainerDownloader (SimpleContainerDownloader.java:<init>(72)) - Starting container downloader service to copy containers to replicate.
2019-09-20 09:58:02,833 [main] INFO  hdfs.DFSUtil (DFSUtil.java:httpServerTemplateForNNAndJN(1641)) - Starting Web-server for hddsDatanode at: http://0.0.0.0:0
2019-09-20 09:58:02,835 [main] INFO  server.AuthenticationFilter (AuthenticationFilter.java:constructSecretProvider(240)) - Unable to initialize FileSignerSecretProvider, falling back to use random secrets.
2019-09-20 09:58:02,836 [main] WARN  http.HttpRequestLog (HttpRequestLog.java:getRequestLog(97)) - Jetty request log can only be enabled using Log4j
2019-09-20 09:58:02,838 [main] INFO  http.HttpServer2 (HttpServer2.java:addGlobalFilter(975)) - Added global filter 'safety' (class=org.apache.hadoop.http.HttpServer2$QuotingInputFilter)
2019-09-20 09:58:02,840 [main] INFO  http.HttpServer2 (HttpServer2.java:addFilter(948)) - Added filter static_user_filter (class=org.apache.hadoop.http.lib.StaticUserWebFilter$StaticUserFilter) to context hddsDatanode
2019-09-20 09:58:02,840 [main] INFO  http.HttpServer2 (HttpServer2.java:addFilter(958)) - Added filter static_user_filter (class=org.apache.hadoop.http.lib.StaticUserWebFilter$StaticUserFilter) to context static
2019-09-20 09:58:02,840 [main] INFO  http.HttpServer2 (HttpServer2.java:addFilter(958)) - Added filter static_user_filter (class=org.apache.hadoop.http.lib.StaticUserWebFilter$StaticUserFilter) to context logs
2019-09-20 09:58:02,841 [main] INFO  http.HttpServer2 (HttpServer2.java:bindListener(1191)) - Jetty bound to port 37303
2019-09-20 09:58:02,842 [main] INFO  server.Server (Server.java:doStart(351)) - jetty-9.3.24.v20180605, build timestamp: 2018-06-05T17:11:56Z, git hash: 84205aa28f11a4f31f2a3b86d1bba2cc8ab69827
2019-09-20 09:58:02,844 [main] INFO  handler.ContextHandler (ContextHandler.java:doStart(781)) - Started o.e.j.s.ServletContextHandler@6ef2f7ad{/logs,file:///workdir/hadoop-ozone/integration-test/target/log,AVAILABLE}
2019-09-20 09:58:02,845 [main] INFO  handler.ContextHandler (ContextHandler.java:doStart(781)) - Started o.e.j.s.ServletContextHandler@5e85c21b{/static,jar:file:/home/user/.m2/repository/org/apache/hadoop/hadoop-hdds-container-service/0.5.0-SNAPSHOT/hadoop-hdds-container-service-0.5.0-SNAPSHOT.jar!/webapps/static,AVAILABLE}
2019-09-20 09:58:02,887 [main] INFO  handler.ContextHandler (ContextHandler.java:doStart(781)) - Started o.e.j.w.WebAppContext@11a3a45f{/,file:///tmp/jetty-0.0.0.0-37303-hddsDatanode-_-any-5938107798096858029.dir/webapp/,AVAILABLE}{/hddsDatanode}
2019-09-20 09:58:02,888 [main] INFO  server.AbstractConnector (AbstractConnector.java:doStart(278)) - Started ServerConnector@69796bd0{HTTP/1.1,[http/1.1]}{0.0.0.0:37303}
2019-09-20 09:58:02,890 [main] INFO  server.Server (Server.java:doStart(419)) - Started @7144ms
2019-09-20 09:58:02,891 [main] INFO  server.BaseHttpServer (BaseHttpServer.java:updateConnectorAddress(213)) - HTTP server of HDDSDATANODE is listening at http://0.0.0.0:37303
2019-09-20 09:58:03,079 | INFO  | ObjectStoreRestHttpServer | Listening HDDS REST traffic on /0.0.0.0:37824 |  
2019-09-20 09:58:03,079 [main] INFO  ozone.HddsDatanodeService (HddsDatanodeService.java:startPlugins(395)) - Started plug-in org.apache.hadoop.ozone.web.OzoneHddsDatanodeService@10b8b900
2019-09-20 09:58:03,079 [main] INFO  impl.MetricsSystemImpl (MetricsSystemImpl.java:init(158)) - HddsDatanode metrics system started (again)
2019-09-20 09:58:03,083 [main] INFO  ozone.HddsDatanodeService (HddsDatanodeService.java:start(184)) - HddsDatanodeService host:pr-hdds-2034-wmsbd-1222111393 ip:192.168.151.119
2019-09-20 09:58:03,087 [org.apache.hadoop.util.JvmPauseMonitor$Monitor@9792a1d] INFO  util.JvmPauseMonitor (JvmPauseMonitor.java:run(188)) - Starting JVM pause monitor
2019-09-20 09:58:03,090 [Datanode State Machine Thread - 0] INFO  datanode.InitDatanodeState (InitDatanodeState.java:persistContainerDatanodeDetails(140)) - DatanodeDetails is persisted to /workdir/hadoop-ozone/integration-test/target/test-dir/MiniOzoneClusterImpl-e374e5dc-9291-4f0f-8939-22f477a73ed1/datanode-2/meta/datanode.id
2019-09-20 09:58:03,093 [main] INFO  volume.HddsVolume (HddsVolume.java:<init>(176)) - Creating Volume: /workdir/hadoop-ozone/integration-test/target/test-dir/MiniOzoneClusterImpl-e374e5dc-9291-4f0f-8939-22f477a73ed1/datanode-3/data/containers/hdds of  storage type : DISK and capacity : 1482555576320
2019-09-20 09:58:03,093 [main] INFO  volume.VolumeSet (VolumeSet.java:initializeVolumeSet(170)) - Added Volume : /workdir/hadoop-ozone/integration-test/target/test-dir/MiniOzoneClusterImpl-e374e5dc-9291-4f0f-8939-22f477a73ed1/datanode-3/data/containers/hdds to VolumeSet
2019-09-20 09:58:03,094 [main] INFO  volume.ThrottledAsyncChecker (ThrottledAsyncChecker.java:schedule(140)) - Scheduling a check for org.apache.hadoop.ozone.container.common.volume.HddsVolume@5e905f2c
2019-09-20 09:58:03,094 [main] INFO  volume.HddsVolumeChecker (HddsVolumeChecker.java:checkAllVolumes(203)) - Scheduled health check for volume org.apache.hadoop.ozone.container.common.volume.HddsVolume@5e905f2c
2019-09-20 09:58:03,112 [main] INFO  impl.RaftServerProxy (ConfUtils.java:logGet(43)) - raft.rpc.type = GRPC (default)
2019-09-20 09:58:03,112 [main] INFO  grpc.GrpcFactory (GrpcFactory.java:checkPooledByteBufAllocatorUseCacheForAllThreads(45)) - PERFORMANCE WARNING: useCacheForAllThreads is true that may cause Netty to create a lot garbage objects and, as a result, trigger GC.
	It is recommended to disable useCacheForAllThreads by setting -Dorg.apache.ratis.thirdparty.io.netty.allocator.useCacheForAllThreads=false in command line.
2019-09-20 09:58:03,113 [main] INFO  grpc.GrpcConfigKeys$Server (ConfUtils.java:logGet(43)) - raft.grpc.server.port = 0 (default)
2019-09-20 09:58:03,113 [main] INFO  server.GrpcService (ConfUtils.java:logGet(43)) - raft.grpc.message.size.max = 33570816 (custom)
2019-09-20 09:58:03,113 [main] INFO  server.RaftServerConfigKeys (ConfUtils.java:logGet(43)) - raft.server.log.appender.buffer.byte-limit = 33554432 (custom)
2019-09-20 09:58:03,113 [main] INFO  server.GrpcService (ConfUtils.java:logGet(43)) - raft.grpc.flow.control.window = 1MB (=1048576) (default)
2019-09-20 09:58:03,113 [main] INFO  server.RaftServerConfigKeys (ConfUtils.java:logGet(43)) - raft.server.rpc.request.timeout = 3000ms (default)
2019-09-20 09:58:03,114 [main] INFO  server.RaftServerConfigKeys (ConfUtils.java:logGet(43)) - raft.server.storage.dir = [/workdir/hadoop-ozone/integration-test/target/test-dir/MiniOzoneClusterImpl-e374e5dc-9291-4f0f-8939-22f477a73ed1/datanode-3/data/ratis] (custom)
2019-09-20 09:58:03,115 [main] INFO  replication.SimpleContainerDownloader (SimpleContainerDownloader.java:<init>(72)) - Starting container downloader service to copy containers to replicate.
2019-09-20 09:58:03,116 [main] INFO  hdfs.DFSUtil (DFSUtil.java:httpServerTemplateForNNAndJN(1641)) - Starting Web-server for hddsDatanode at: http://0.0.0.0:0
2019-09-20 09:58:03,117 [main] INFO  server.AuthenticationFilter (AuthenticationFilter.java:constructSecretProvider(240)) - Unable to initialize FileSignerSecretProvider, falling back to use random secrets.
2019-09-20 09:58:03,118 [main] WARN  http.HttpRequestLog (HttpRequestLog.java:getRequestLog(97)) - Jetty request log can only be enabled using Log4j
2019-09-20 09:58:03,119 [main] INFO  http.HttpServer2 (HttpServer2.java:addGlobalFilter(975)) - Added global filter 'safety' (class=org.apache.hadoop.http.HttpServer2$QuotingInputFilter)
2019-09-20 09:58:03,120 [main] INFO  http.HttpServer2 (HttpServer2.java:addFilter(948)) - Added filter static_user_filter (class=org.apache.hadoop.http.lib.StaticUserWebFilter$StaticUserFilter) to context hddsDatanode
2019-09-20 09:58:03,120 [main] INFO  http.HttpServer2 (HttpServer2.java:addFilter(958)) - Added filter static_user_filter (class=org.apache.hadoop.http.lib.StaticUserWebFilter$StaticUserFilter) to context static
2019-09-20 09:58:03,120 [main] INFO  http.HttpServer2 (HttpServer2.java:addFilter(958)) - Added filter static_user_filter (class=org.apache.hadoop.http.lib.StaticUserWebFilter$StaticUserFilter) to context logs
2019-09-20 09:58:03,121 [main] INFO  http.HttpServer2 (HttpServer2.java:bindListener(1191)) - Jetty bound to port 33344
2019-09-20 09:58:03,121 [main] INFO  server.Server (Server.java:doStart(351)) - jetty-9.3.24.v20180605, build timestamp: 2018-06-05T17:11:56Z, git hash: 84205aa28f11a4f31f2a3b86d1bba2cc8ab69827
2019-09-20 09:58:03,125 [main] INFO  handler.ContextHandler (ContextHandler.java:doStart(781)) - Started o.e.j.s.ServletContextHandler@12192604{/logs,file:///workdir/hadoop-ozone/integration-test/target/log,AVAILABLE}
2019-09-20 09:58:03,126 [main] INFO  handler.ContextHandler (ContextHandler.java:doStart(781)) - Started o.e.j.s.ServletContextHandler@231cdda8{/static,jar:file:/home/user/.m2/repository/org/apache/hadoop/hadoop-hdds-container-service/0.5.0-SNAPSHOT/hadoop-hdds-container-service-0.5.0-SNAPSHOT.jar!/webapps/static,AVAILABLE}
2019-09-20 09:58:03,155 [main] INFO  handler.ContextHandler (ContextHandler.java:doStart(781)) - Started o.e.j.w.WebAppContext@7e3d2ebd{/,file:///tmp/jetty-0.0.0.0-33344-hddsDatanode-_-any-4376131898899372734.dir/webapp/,AVAILABLE}{/hddsDatanode}
2019-09-20 09:58:03,156 [main] INFO  server.AbstractConnector (AbstractConnector.java:doStart(278)) - Started ServerConnector@2b43f314{HTTP/1.1,[http/1.1]}{0.0.0.0:33344}
2019-09-20 09:58:03,157 [main] INFO  server.Server (Server.java:doStart(419)) - Started @7411ms
2019-09-20 09:58:03,158 [main] INFO  server.BaseHttpServer (BaseHttpServer.java:updateConnectorAddress(213)) - HTTP server of HDDSDATANODE is listening at http://0.0.0.0:33344
2019-09-20 09:58:03,339 | INFO  | ObjectStoreRestHttpServer | Listening HDDS REST traffic on /0.0.0.0:33239 |  
2019-09-20 09:58:03,339 [main] INFO  ozone.HddsDatanodeService (HddsDatanodeService.java:startPlugins(395)) - Started plug-in org.apache.hadoop.ozone.web.OzoneHddsDatanodeService@6f3bd37f
2019-09-20 09:58:03,339 [main] INFO  impl.MetricsSystemImpl (MetricsSystemImpl.java:init(158)) - HddsDatanode metrics system started (again)
2019-09-20 09:58:03,343 [main] INFO  ozone.HddsDatanodeService (HddsDatanodeService.java:start(184)) - HddsDatanodeService host:pr-hdds-2034-wmsbd-1222111393 ip:192.168.151.119
2019-09-20 09:58:03,343 [org.apache.hadoop.util.JvmPauseMonitor$Monitor@5d8de1ea] INFO  util.JvmPauseMonitor (JvmPauseMonitor.java:run(188)) - Starting JVM pause monitor
2019-09-20 09:58:03,347 [Datanode State Machine Thread - 0] INFO  datanode.InitDatanodeState (InitDatanodeState.java:persistContainerDatanodeDetails(140)) - DatanodeDetails is persisted to /workdir/hadoop-ozone/integration-test/target/test-dir/MiniOzoneClusterImpl-e374e5dc-9291-4f0f-8939-22f477a73ed1/datanode-3/meta/datanode.id
2019-09-20 09:58:03,352 [main] INFO  volume.HddsVolume (HddsVolume.java:<init>(176)) - Creating Volume: /workdir/hadoop-ozone/integration-test/target/test-dir/MiniOzoneClusterImpl-e374e5dc-9291-4f0f-8939-22f477a73ed1/datanode-4/data/containers/hdds of  storage type : DISK and capacity : 1482555576320
2019-09-20 09:58:03,352 [main] INFO  volume.VolumeSet (VolumeSet.java:initializeVolumeSet(170)) - Added Volume : /workdir/hadoop-ozone/integration-test/target/test-dir/MiniOzoneClusterImpl-e374e5dc-9291-4f0f-8939-22f477a73ed1/datanode-4/data/containers/hdds to VolumeSet
2019-09-20 09:58:03,353 [main] INFO  volume.ThrottledAsyncChecker (ThrottledAsyncChecker.java:schedule(140)) - Scheduling a check for org.apache.hadoop.ozone.container.common.volume.HddsVolume@1e495414
2019-09-20 09:58:03,353 [main] INFO  volume.HddsVolumeChecker (HddsVolumeChecker.java:checkAllVolumes(203)) - Scheduled health check for volume org.apache.hadoop.ozone.container.common.volume.HddsVolume@1e495414
2019-09-20 09:58:03,368 [main] INFO  impl.RaftServerProxy (ConfUtils.java:logGet(43)) - raft.rpc.type = GRPC (default)
2019-09-20 09:58:03,369 [main] INFO  grpc.GrpcFactory (GrpcFactory.java:checkPooledByteBufAllocatorUseCacheForAllThreads(45)) - PERFORMANCE WARNING: useCacheForAllThreads is true that may cause Netty to create a lot garbage objects and, as a result, trigger GC.
	It is recommended to disable useCacheForAllThreads by setting -Dorg.apache.ratis.thirdparty.io.netty.allocator.useCacheForAllThreads=false in command line.
2019-09-20 09:58:03,369 [main] INFO  grpc.GrpcConfigKeys$Server (ConfUtils.java:logGet(43)) - raft.grpc.server.port = 0 (default)
2019-09-20 09:58:03,369 [main] INFO  server.GrpcService (ConfUtils.java:logGet(43)) - raft.grpc.message.size.max = 33570816 (custom)
2019-09-20 09:58:03,369 [main] INFO  server.RaftServerConfigKeys (ConfUtils.java:logGet(43)) - raft.server.log.appender.buffer.byte-limit = 33554432 (custom)
2019-09-20 09:58:03,370 [main] INFO  server.GrpcService (ConfUtils.java:logGet(43)) - raft.grpc.flow.control.window = 1MB (=1048576) (default)
2019-09-20 09:58:03,370 [main] INFO  server.RaftServerConfigKeys (ConfUtils.java:logGet(43)) - raft.server.rpc.request.timeout = 3000ms (default)
2019-09-20 09:58:03,370 [main] INFO  server.RaftServerConfigKeys (ConfUtils.java:logGet(43)) - raft.server.storage.dir = [/workdir/hadoop-ozone/integration-test/target/test-dir/MiniOzoneClusterImpl-e374e5dc-9291-4f0f-8939-22f477a73ed1/datanode-4/data/ratis] (custom)
2019-09-20 09:58:03,371 [main] INFO  replication.SimpleContainerDownloader (SimpleContainerDownloader.java:<init>(72)) - Starting container downloader service to copy containers to replicate.
2019-09-20 09:58:03,372 [main] INFO  hdfs.DFSUtil (DFSUtil.java:httpServerTemplateForNNAndJN(1641)) - Starting Web-server for hddsDatanode at: http://0.0.0.0:0
2019-09-20 09:58:03,375 [main] INFO  server.AuthenticationFilter (AuthenticationFilter.java:constructSecretProvider(240)) - Unable to initialize FileSignerSecretProvider, falling back to use random secrets.
2019-09-20 09:58:03,375 [main] WARN  http.HttpRequestLog (HttpRequestLog.java:getRequestLog(97)) - Jetty request log can only be enabled using Log4j
2019-09-20 09:58:03,378 [main] INFO  http.HttpServer2 (HttpServer2.java:addGlobalFilter(975)) - Added global filter 'safety' (class=org.apache.hadoop.http.HttpServer2$QuotingInputFilter)
2019-09-20 09:58:03,379 [main] INFO  http.HttpServer2 (HttpServer2.java:addFilter(948)) - Added filter static_user_filter (class=org.apache.hadoop.http.lib.StaticUserWebFilter$StaticUserFilter) to context hddsDatanode
2019-09-20 09:58:03,380 [main] INFO  http.HttpServer2 (HttpServer2.java:addFilter(958)) - Added filter static_user_filter (class=org.apache.hadoop.http.lib.StaticUserWebFilter$StaticUserFilter) to context static
2019-09-20 09:58:03,380 [main] INFO  http.HttpServer2 (HttpServer2.java:addFilter(958)) - Added filter static_user_filter (class=org.apache.hadoop.http.lib.StaticUserWebFilter$StaticUserFilter) to context logs
2019-09-20 09:58:03,381 [main] INFO  http.HttpServer2 (HttpServer2.java:bindListener(1191)) - Jetty bound to port 36441
2019-09-20 09:58:03,381 [main] INFO  server.Server (Server.java:doStart(351)) - jetty-9.3.24.v20180605, build timestamp: 2018-06-05T17:11:56Z, git hash: 84205aa28f11a4f31f2a3b86d1bba2cc8ab69827
2019-09-20 09:58:03,385 [main] INFO  handler.ContextHandler (ContextHandler.java:doStart(781)) - Started o.e.j.s.ServletContextHandler@4409cae6{/logs,file:///workdir/hadoop-ozone/integration-test/target/log,AVAILABLE}
2019-09-20 09:58:03,386 [main] INFO  handler.ContextHandler (ContextHandler.java:doStart(781)) - Started o.e.j.s.ServletContextHandler@242ff747{/static,jar:file:/home/user/.m2/repository/org/apache/hadoop/hadoop-hdds-container-service/0.5.0-SNAPSHOT/hadoop-hdds-container-service-0.5.0-SNAPSHOT.jar!/webapps/static,AVAILABLE}
2019-09-20 09:58:03,433 [main] INFO  handler.ContextHandler (ContextHandler.java:doStart(781)) - Started o.e.j.w.WebAppContext@7af327e3{/,file:///tmp/jetty-0.0.0.0-36441-hddsDatanode-_-any-4804342699468606624.dir/webapp/,AVAILABLE}{/hddsDatanode}
2019-09-20 09:58:03,434 [main] INFO  server.AbstractConnector (AbstractConnector.java:doStart(278)) - Started ServerConnector@743d0d44{HTTP/1.1,[http/1.1]}{0.0.0.0:36441}
2019-09-20 09:58:03,435 [main] INFO  server.Server (Server.java:doStart(419)) - Started @7688ms
2019-09-20 09:58:03,436 [main] INFO  server.BaseHttpServer (BaseHttpServer.java:updateConnectorAddress(213)) - HTTP server of HDDSDATANODE is listening at http://0.0.0.0:36441
2019-09-20 09:58:03,617 | INFO  | ObjectStoreRestHttpServer | Listening HDDS REST traffic on /0.0.0.0:37686 |  
2019-09-20 09:58:03,617 [main] INFO  ozone.HddsDatanodeService (HddsDatanodeService.java:startPlugins(395)) - Started plug-in org.apache.hadoop.ozone.web.OzoneHddsDatanodeService@267891bf
2019-09-20 09:58:03,620 [main] INFO  ozone.MiniOzoneClusterImpl (MiniOzoneClusterImpl.java:lambda$waitForClusterToBeReady$0(145)) - Waiting for nodes to be ready. Got 0 of 5 DN Heartbeats.
2019-09-20 09:58:03,620 [main] INFO  ozone.MiniOzoneClusterImpl (MiniOzoneClusterImpl.java:lambda$waitForClusterToBeReady$0(148)) - Waiting for cluster to exit safe mode
2019-09-20 09:58:03,621 [org.apache.hadoop.util.JvmPauseMonitor$Monitor@a52378] INFO  util.JvmPauseMonitor (JvmPauseMonitor.java:run(188)) - Starting JVM pause monitor
2019-09-20 09:58:03,624 [Datanode State Machine Thread - 0] INFO  datanode.InitDatanodeState (InitDatanodeState.java:persistContainerDatanodeDetails(140)) - DatanodeDetails is persisted to /workdir/hadoop-ozone/integration-test/target/test-dir/MiniOzoneClusterImpl-e374e5dc-9291-4f0f-8939-22f477a73ed1/datanode-4/meta/datanode.id
2019-09-20 09:58:04,607 | INFO  | SCMAudit | user=jenkins1000 | ip=192.168.151.119 | op=GET_VERSION null | ret=SUCCESS |  
2019-09-20 09:58:04,620 [main] INFO  ozone.MiniOzoneClusterImpl (MiniOzoneClusterImpl.java:lambda$waitForClusterToBeReady$0(145)) - Waiting for nodes to be ready. Got 0 of 5 DN Heartbeats.
2019-09-20 09:58:04,621 [main] INFO  ozone.MiniOzoneClusterImpl (MiniOzoneClusterImpl.java:lambda$waitForClusterToBeReady$0(148)) - Waiting for cluster to exit safe mode
2019-09-20 09:58:04,655 [Datanode State Machine Thread - 0] INFO  ozoneimpl.OzoneContainer (OzoneContainer.java:start(186)) - Attempting to start container services.
2019-09-20 09:58:04,657 [Datanode State Machine Thread - 0] INFO  ozoneimpl.OzoneContainer (OzoneContainer.java:startContainerScrub(160)) - Background container scrubber has been disabled by hdds.containerscrub.enabled
2019-09-20 09:58:04,657 [Datanode State Machine Thread - 0] INFO  ratis.XceiverServerRatis (XceiverServerRatis.java:start(404)) - Starting XceiverServerRatis 3ae9388a-4567-4217-bf64-5c7336827dbd at port 0
2019-09-20 09:58:04,681 [Datanode State Machine Thread - 0] INFO  impl.RaftServerProxy (RaftServerProxy.java:lambda$start$3(299)) - 3ae9388a-4567-4217-bf64-5c7336827dbd: start RPC server
2019-09-20 09:58:04,792 | INFO  | SCMAudit | user=jenkins1000 | ip=192.168.151.119 | op=GET_VERSION null | ret=SUCCESS |  
2019-09-20 09:58:04,809 [Datanode State Machine Thread - 0] INFO  ozoneimpl.OzoneContainer (OzoneContainer.java:start(186)) - Attempting to start container services.
2019-09-20 09:58:04,813 [Datanode State Machine Thread - 0] INFO  ozoneimpl.OzoneContainer (OzoneContainer.java:startContainerScrub(160)) - Background container scrubber has been disabled by hdds.containerscrub.enabled
2019-09-20 09:58:04,813 [Datanode State Machine Thread - 0] INFO  ratis.XceiverServerRatis (XceiverServerRatis.java:start(404)) - Starting XceiverServerRatis 1e1028b0-b1ae-4fc9-b381-4161cbf4e605 at port 0
2019-09-20 09:58:04,824 [Datanode State Machine Thread - 0] INFO  server.GrpcService (GrpcService.java:startImpl(149)) - 3ae9388a-4567-4217-bf64-5c7336827dbd: GrpcService started, listening on 0.0.0.0/0.0.0.0:40807
2019-09-20 09:58:04,826 [Datanode State Machine Thread - 0] INFO  ratis.XceiverServerRatis (XceiverServerRatis.java:start(414)) - XceiverServerRatis 3ae9388a-4567-4217-bf64-5c7336827dbd is started using port 40807
2019-09-20 09:58:04,830 [Datanode State Machine Thread - 0] INFO  server.XceiverServerGrpc (XceiverServerGrpc.java:start(163)) - XceiverServerGrpc 3ae9388a-4567-4217-bf64-5c7336827dbd is started using port 40682
2019-09-20 09:58:04,830 [Datanode State Machine Thread - 0] INFO  impl.RaftServerProxy (RaftServerProxy.java:lambda$start$3(299)) - 1e1028b0-b1ae-4fc9-b381-4161cbf4e605: start RPC server
2019-09-20 09:58:04,835 [Datanode State Machine Thread - 0] INFO  server.GrpcService (GrpcService.java:startImpl(149)) - 1e1028b0-b1ae-4fc9-b381-4161cbf4e605: GrpcService started, listening on 0.0.0.0/0.0.0.0:43571
2019-09-20 09:58:04,835 [Datanode State Machine Thread - 0] INFO  ratis.XceiverServerRatis (XceiverServerRatis.java:start(414)) - XceiverServerRatis 1e1028b0-b1ae-4fc9-b381-4161cbf4e605 is started using port 43571
2019-09-20 09:58:04,839 [Datanode State Machine Thread - 0] INFO  server.XceiverServerGrpc (XceiverServerGrpc.java:start(163)) - XceiverServerGrpc 1e1028b0-b1ae-4fc9-b381-4161cbf4e605 is started using port 45160
2019-09-20 09:58:05,090 | INFO  | SCMAudit | user=jenkins1000 | ip=192.168.151.119 | op=GET_VERSION null | ret=SUCCESS |  
2019-09-20 09:58:05,116 [Datanode State Machine Thread - 0] INFO  ozoneimpl.OzoneContainer (OzoneContainer.java:start(186)) - Attempting to start container services.
2019-09-20 09:58:05,118 [Datanode State Machine Thread - 0] INFO  ozoneimpl.OzoneContainer (OzoneContainer.java:startContainerScrub(160)) - Background container scrubber has been disabled by hdds.containerscrub.enabled
2019-09-20 09:58:05,118 [Datanode State Machine Thread - 0] INFO  ratis.XceiverServerRatis (XceiverServerRatis.java:start(404)) - Starting XceiverServerRatis dbc0ab45-ebfe-467d-9e23-db8d387d8dfa at port 0
2019-09-20 09:58:05,128 [Datanode State Machine Thread - 0] INFO  impl.RaftServerProxy (RaftServerProxy.java:lambda$start$3(299)) - dbc0ab45-ebfe-467d-9e23-db8d387d8dfa: start RPC server
2019-09-20 09:58:05,131 [Datanode State Machine Thread - 0] INFO  server.GrpcService (GrpcService.java:startImpl(149)) - dbc0ab45-ebfe-467d-9e23-db8d387d8dfa: GrpcService started, listening on 0.0.0.0/0.0.0.0:46677
2019-09-20 09:58:05,131 [Datanode State Machine Thread - 0] INFO  ratis.XceiverServerRatis (XceiverServerRatis.java:start(414)) - XceiverServerRatis dbc0ab45-ebfe-467d-9e23-db8d387d8dfa is started using port 46677
2019-09-20 09:58:05,134 [Datanode State Machine Thread - 0] INFO  server.XceiverServerGrpc (XceiverServerGrpc.java:start(163)) - XceiverServerGrpc dbc0ab45-ebfe-467d-9e23-db8d387d8dfa is started using port 42026
2019-09-20 09:58:05,348 | INFO  | SCMAudit | user=jenkins1000 | ip=192.168.151.119 | op=GET_VERSION null | ret=SUCCESS |  
2019-09-20 09:58:05,375 [Datanode State Machine Thread - 0] INFO  ozoneimpl.OzoneContainer (OzoneContainer.java:start(186)) - Attempting to start container services.
2019-09-20 09:58:05,379 [Datanode State Machine Thread - 0] INFO  ozoneimpl.OzoneContainer (OzoneContainer.java:startContainerScrub(160)) - Background container scrubber has been disabled by hdds.containerscrub.enabled
2019-09-20 09:58:05,379 [Datanode State Machine Thread - 0] INFO  ratis.XceiverServerRatis (XceiverServerRatis.java:start(404)) - Starting XceiverServerRatis c7410048-26d9-4bf7-b464-854ccc21edd1 at port 0
2019-09-20 09:58:05,388 [Datanode State Machine Thread - 0] INFO  impl.RaftServerProxy (RaftServerProxy.java:lambda$start$3(299)) - c7410048-26d9-4bf7-b464-854ccc21edd1: start RPC server
2019-09-20 09:58:05,392 [Datanode State Machine Thread - 0] INFO  server.GrpcService (GrpcService.java:startImpl(149)) - c7410048-26d9-4bf7-b464-854ccc21edd1: GrpcService started, listening on 0.0.0.0/0.0.0.0:45397
2019-09-20 09:58:05,392 [Datanode State Machine Thread - 0] INFO  ratis.XceiverServerRatis (XceiverServerRatis.java:start(414)) - XceiverServerRatis c7410048-26d9-4bf7-b464-854ccc21edd1 is started using port 45397
2019-09-20 09:58:05,395 [Datanode State Machine Thread - 0] INFO  server.XceiverServerGrpc (XceiverServerGrpc.java:start(163)) - XceiverServerGrpc c7410048-26d9-4bf7-b464-854ccc21edd1 is started using port 34587
2019-09-20 09:58:05,622 [main] INFO  ozone.MiniOzoneClusterImpl (MiniOzoneClusterImpl.java:lambda$waitForClusterToBeReady$0(145)) - Waiting for nodes to be ready. Got 0 of 5 DN Heartbeats.
2019-09-20 09:58:05,623 [main] INFO  ozone.MiniOzoneClusterImpl (MiniOzoneClusterImpl.java:lambda$waitForClusterToBeReady$0(148)) - Waiting for cluster to exit safe mode
2019-09-20 09:58:05,623 | INFO  | SCMAudit | user=jenkins1000 | ip=192.168.151.119 | op=GET_VERSION null | ret=SUCCESS |  
2019-09-20 09:58:05,650 [Datanode State Machine Thread - 0] INFO  ozoneimpl.OzoneContainer (OzoneContainer.java:start(186)) - Attempting to start container services.
2019-09-20 09:58:05,656 [Datanode State Machine Thread - 0] INFO  ozoneimpl.OzoneContainer (OzoneContainer.java:startContainerScrub(160)) - Background container scrubber has been disabled by hdds.containerscrub.enabled
2019-09-20 09:58:05,657 [Datanode State Machine Thread - 0] INFO  ratis.XceiverServerRatis (XceiverServerRatis.java:start(404)) - Starting XceiverServerRatis 78d2b1a6-2047-44d1-abdb-de599321792b at port 0
2019-09-20 09:58:05,668 [Datanode State Machine Thread - 0] INFO  impl.RaftServerProxy (RaftServerProxy.java:lambda$start$3(299)) - 78d2b1a6-2047-44d1-abdb-de599321792b: start RPC server
2019-09-20 09:58:05,671 [Datanode State Machine Thread - 0] INFO  server.GrpcService (GrpcService.java:startImpl(149)) - 78d2b1a6-2047-44d1-abdb-de599321792b: GrpcService started, listening on 0.0.0.0/0.0.0.0:33115
2019-09-20 09:58:05,672 [Datanode State Machine Thread - 0] INFO  ratis.XceiverServerRatis (XceiverServerRatis.java:start(414)) - XceiverServerRatis 78d2b1a6-2047-44d1-abdb-de599321792b is started using port 33115
2019-09-20 09:58:05,677 [Datanode State Machine Thread - 0] INFO  server.XceiverServerGrpc (XceiverServerGrpc.java:start(163)) - XceiverServerGrpc 78d2b1a6-2047-44d1-abdb-de599321792b is started using port 42432
2019-09-20 09:58:06,529 [IPC Server handler 3 on 41145] INFO  net.NetworkTopology (NetworkTopologyImpl.java:add(110)) - Added a new node: /default-rack/3ae9388a-4567-4217-bf64-5c7336827dbd
2019-09-20 09:58:06,530 [IPC Server handler 3 on 41145] INFO  node.SCMNodeManager (SCMNodeManager.java:register(273)) - Registered Data node : 3ae9388a-4567-4217-bf64-5c7336827dbd{ip: 192.168.151.119, host: pr-hdds-2034-wmsbd-1222111393, networkLocation: /default-rack, certSerialId: null}
2019-09-20 09:58:06,534 [EventQueue-NodeRegistrationContainerReportForContainerSafeModeRule] INFO  safemode.SCMSafeModeManager (SCMSafeModeManager.java:validateSafeModeExitRules(169)) - ContainerSafeModeRule rule is successfully validated
2019-09-20 09:58:06,535 [EventQueue-NodeRegistrationContainerReportForDataNodeSafeModeRule] INFO  safemode.SCMSafeModeManager (DataNodeSafeModeRule.java:process(71)) - SCM in safe mode. 1 DataNodes registered, 1 required.
2019-09-20 09:58:06,535 [EventQueue-NodeRegistrationContainerReportForDataNodeSafeModeRule] INFO  safemode.SCMSafeModeManager (SCMSafeModeManager.java:validateSafeModeExitRules(169)) - DataNodeSafeModeRule rule is successfully validated
2019-09-20 09:58:06,539 [RatisPipelineUtilsThread] INFO  pipeline.RatisPipelineProvider (RatisPipelineProvider.java:lambda$create$4(164)) - Send pipeline:PipelineID=c9236fcb-2fad-471e-9717-70db6333bf9a create command to datanode 3ae9388a-4567-4217-bf64-5c7336827dbd
2019-09-20 09:58:06,546 | INFO  | SCMAudit | user=jenkins1000 | ip=192.168.151.119 | op=REGISTER {datanodeDetails=3ae9388a-4567-4217-bf64-5c7336827dbd{ip: 192.168.151.119, host: pr-hdds-2034-wmsbd-1222111393, networkLocation: /default-rack, certSerialId: null}} | ret=SUCCESS |  
2019-09-20 09:58:06,623 [main] INFO  ozone.MiniOzoneClusterImpl (MiniOzoneClusterImpl.java:lambda$waitForClusterToBeReady$0(145)) - Waiting for nodes to be ready. Got 1 of 5 DN Heartbeats.
2019-09-20 09:58:06,624 [main] INFO  ozone.MiniOzoneClusterImpl (MiniOzoneClusterImpl.java:lambda$waitForClusterToBeReady$0(148)) - Waiting for cluster to exit safe mode
2019-09-20 09:58:06,795 [IPC Server handler 2 on 41145] INFO  net.NetworkTopology (NetworkTopologyImpl.java:add(110)) - Added a new node: /default-rack/1e1028b0-b1ae-4fc9-b381-4161cbf4e605
2019-09-20 09:58:06,795 [IPC Server handler 2 on 41145] INFO  node.SCMNodeManager (SCMNodeManager.java:register(273)) - Registered Data node : 1e1028b0-b1ae-4fc9-b381-4161cbf4e605{ip: 192.168.151.119, host: pr-hdds-2034-wmsbd-1222111393, networkLocation: /default-rack, certSerialId: null}
2019-09-20 09:58:06,796 [EventQueue-NodeRegistrationContainerReportForContainerSafeModeRule] INFO  safemode.SCMSafeModeManager (SCMSafeModeManager.java:validateSafeModeExitRules(169)) - ContainerSafeModeRule rule is successfully validated
2019-09-20 09:58:06,796 [EventQueue-NodeRegistrationContainerReportForDataNodeSafeModeRule] INFO  safemode.SCMSafeModeManager (SCMSafeModeManager.java:validateSafeModeExitRules(169)) - DataNodeSafeModeRule rule is successfully validated
2019-09-20 09:58:06,796 | INFO  | SCMAudit | user=jenkins1000 | ip=192.168.151.119 | op=REGISTER {datanodeDetails=1e1028b0-b1ae-4fc9-b381-4161cbf4e605{ip: 192.168.151.119, host: pr-hdds-2034-wmsbd-1222111393, networkLocation: /default-rack, certSerialId: null}} | ret=SUCCESS |  
2019-09-20 09:58:06,800 [RatisPipelineUtilsThread] INFO  pipeline.RatisPipelineProvider (RatisPipelineProvider.java:lambda$create$4(164)) - Send pipeline:PipelineID=884b6864-767a-49e7-801a-e2fd7ebae310 create command to datanode 1e1028b0-b1ae-4fc9-b381-4161cbf4e605
2019-09-20 09:58:07,092 [IPC Server handler 1 on 41145] INFO  net.NetworkTopology (NetworkTopologyImpl.java:add(110)) - Added a new node: /default-rack/dbc0ab45-ebfe-467d-9e23-db8d387d8dfa
2019-09-20 09:58:07,094 [IPC Server handler 1 on 41145] INFO  node.SCMNodeManager (SCMNodeManager.java:register(273)) - Registered Data node : dbc0ab45-ebfe-467d-9e23-db8d387d8dfa{ip: 192.168.151.119, host: pr-hdds-2034-wmsbd-1222111393, networkLocation: /default-rack, certSerialId: null}
2019-09-20 09:58:07,094 [RatisPipelineUtilsThread] INFO  pipeline.RatisPipelineProvider (RatisPipelineProvider.java:lambda$create$4(164)) - Send pipeline:PipelineID=5a3e52e4-059d-4eed-9976-64c6e6ce1ac0 create command to datanode dbc0ab45-ebfe-467d-9e23-db8d387d8dfa
2019-09-20 09:58:07,094 | INFO  | SCMAudit | user=jenkins1000 | ip=192.168.151.119 | op=REGISTER {datanodeDetails=dbc0ab45-ebfe-467d-9e23-db8d387d8dfa{ip: 192.168.151.119, host: pr-hdds-2034-wmsbd-1222111393, networkLocation: /default-rack, certSerialId: null}} | ret=SUCCESS |  
2019-09-20 09:58:07,094 [EventQueue-NodeRegistrationContainerReportForContainerSafeModeRule] INFO  safemode.SCMSafeModeManager (SCMSafeModeManager.java:validateSafeModeExitRules(169)) - ContainerSafeModeRule rule is successfully validated
2019-09-20 09:58:07,095 [EventQueue-NodeRegistrationContainerReportForDataNodeSafeModeRule] INFO  safemode.SCMSafeModeManager (SCMSafeModeManager.java:validateSafeModeExitRules(169)) - DataNodeSafeModeRule rule is successfully validated
2019-09-20 09:58:07,099 [RatisPipelineUtilsThread] INFO  pipeline.RatisPipelineProvider (RatisPipelineProvider.java:lambda$create$4(164)) - Send pipeline:PipelineID=14114002-ba6d-4e85-b143-587569ed29eb create command to datanode 1e1028b0-b1ae-4fc9-b381-4161cbf4e605
2019-09-20 09:58:07,100 [RatisPipelineUtilsThread] INFO  pipeline.RatisPipelineProvider (RatisPipelineProvider.java:lambda$create$4(164)) - Send pipeline:PipelineID=14114002-ba6d-4e85-b143-587569ed29eb create command to datanode 3ae9388a-4567-4217-bf64-5c7336827dbd
2019-09-20 09:58:07,100 [RatisPipelineUtilsThread] INFO  pipeline.RatisPipelineProvider (RatisPipelineProvider.java:lambda$create$4(164)) - Send pipeline:PipelineID=14114002-ba6d-4e85-b143-587569ed29eb create command to datanode dbc0ab45-ebfe-467d-9e23-db8d387d8dfa
2019-09-20 09:58:07,350 [IPC Server handler 3 on 41145] INFO  net.NetworkTopology (NetworkTopologyImpl.java:add(110)) - Added a new node: /default-rack/c7410048-26d9-4bf7-b464-854ccc21edd1
2019-09-20 09:58:07,350 [IPC Server handler 3 on 41145] INFO  node.SCMNodeManager (SCMNodeManager.java:register(273)) - Registered Data node : c7410048-26d9-4bf7-b464-854ccc21edd1{ip: 192.168.151.119, host: pr-hdds-2034-wmsbd-1222111393, networkLocation: /default-rack, certSerialId: null}
2019-09-20 09:58:07,351 [EventQueue-NodeRegistrationContainerReportForContainerSafeModeRule] INFO  safemode.SCMSafeModeManager (SCMSafeModeManager.java:validateSafeModeExitRules(169)) - ContainerSafeModeRule rule is successfully validated
2019-09-20 09:58:07,351 | INFO  | SCMAudit | user=jenkins1000 | ip=192.168.151.119 | op=REGISTER {datanodeDetails=c7410048-26d9-4bf7-b464-854ccc21edd1{ip: 192.168.151.119, host: pr-hdds-2034-wmsbd-1222111393, networkLocation: /default-rack, certSerialId: null}} | ret=SUCCESS |  
2019-09-20 09:58:07,351 [RatisPipelineUtilsThread] INFO  pipeline.RatisPipelineProvider (RatisPipelineProvider.java:lambda$create$4(164)) - Send pipeline:PipelineID=b461abf9-3641-4a5b-8e9d-5558bdb326cf create command to datanode c7410048-26d9-4bf7-b464-854ccc21edd1
2019-09-20 09:58:07,351 [EventQueue-NodeRegistrationContainerReportForDataNodeSafeModeRule] INFO  safemode.SCMSafeModeManager (SCMSafeModeManager.java:validateSafeModeExitRules(169)) - DataNodeSafeModeRule rule is successfully validated
2019-09-20 09:58:07,624 [main] INFO  ozone.MiniOzoneClusterImpl (MiniOzoneClusterImpl.java:lambda$waitForClusterToBeReady$0(145)) - Waiting for nodes to be ready. Got 4 of 5 DN Heartbeats.
2019-09-20 09:58:07,625 [main] INFO  ozone.MiniOzoneClusterImpl (MiniOzoneClusterImpl.java:lambda$waitForClusterToBeReady$0(148)) - Waiting for cluster to exit safe mode
2019-09-20 09:58:07,626 [IPC Server handler 2 on 41145] INFO  net.NetworkTopology (NetworkTopologyImpl.java:add(110)) - Added a new node: /default-rack/78d2b1a6-2047-44d1-abdb-de599321792b
2019-09-20 09:58:07,626 [IPC Server handler 2 on 41145] INFO  node.SCMNodeManager (SCMNodeManager.java:register(273)) - Registered Data node : 78d2b1a6-2047-44d1-abdb-de599321792b{ip: 192.168.151.119, host: pr-hdds-2034-wmsbd-1222111393, networkLocation: /default-rack, certSerialId: null}
2019-09-20 09:58:07,627 [RatisPipelineUtilsThread] INFO  pipeline.RatisPipelineProvider (RatisPipelineProvider.java:lambda$create$4(164)) - Send pipeline:PipelineID=a9596c78-85da-408f-921d-58e7bd9a8157 create command to datanode 78d2b1a6-2047-44d1-abdb-de599321792b
2019-09-20 09:58:07,627 | INFO  | SCMAudit | user=jenkins1000 | ip=192.168.151.119 | op=REGISTER {datanodeDetails=78d2b1a6-2047-44d1-abdb-de599321792b{ip: 192.168.151.119, host: pr-hdds-2034-wmsbd-1222111393, networkLocation: /default-rack, certSerialId: null}} | ret=SUCCESS |  
2019-09-20 09:58:07,627 [EventQueue-NodeRegistrationContainerReportForContainerSafeModeRule] INFO  safemode.SCMSafeModeManager (SCMSafeModeManager.java:validateSafeModeExitRules(169)) - ContainerSafeModeRule rule is successfully validated
2019-09-20 09:58:07,627 [EventQueue-NodeRegistrationContainerReportForDataNodeSafeModeRule] INFO  safemode.SCMSafeModeManager (SCMSafeModeManager.java:validateSafeModeExitRules(169)) - DataNodeSafeModeRule rule is successfully validated
2019-09-20 09:58:08,561 | INFO  | SCMAudit | user=jenkins1000 | ip=192.168.151.119 | op=SEND_HEARTBEAT {datanodeUUID=3ae9388a-4567-4217-bf64-5c7336827dbd, command=[commandType: createPipelineCommand createPipelineCommandProto { pipelineID { id: "c9236fcb-2fad-471e-9717-70db6333bf9a" } type: RATIS factor: ONE datanode { uuid: "3ae9388a-4567-4217-bf64-5c7336827dbd" ipAddress: "192.168.151.119" hostName: "pr-hdds-2034-wmsbd-1222111393" ports { name: "REST" value: 33191 } ports { name: "RATIS" value: 40807 } ports { name: "STANDALONE" value: 40682 } networkName: "3ae9388a-4567-4217-bf64-5c7336827dbd" networkLocation: "/default-rack" } cmdId: 1568973486538 } , commandType: createPipelineCommand createPipelineCommandProto { pipelineID { id: "14114002-ba6d-4e85-b143-587569ed29eb" } type: RATIS factor: THREE datanode { uuid: "1e1028b0-b1ae-4fc9-b381-4161cbf4e605" ipAddress: "192.168.151.119" hostName: "pr-hdds-2034-wmsbd-1222111393" ports { name: "REST" value: 34289 } ports { name: "RATIS" value: 43571 } ports { name: "STANDALONE" value: 45160 } networkName: "1e1028b0-b1ae-4fc9-b381-4161cbf4e605" networkLocation: "/default-rack" } datanode { uuid: "3ae9388a-4567-4217-bf64-5c7336827dbd" ipAddress: "192.168.151.119" hostName: "pr-hdds-2034-wmsbd-1222111393" ports { name: "REST" value: 33191 } ports { name: "RATIS" value: 40807 } ports { name: "STANDALONE" value: 40682 } networkName: "3ae9388a-4567-4217-bf64-5c7336827dbd" networkLocation: "/default-rack" } datanode { uuid: "dbc0ab45-ebfe-467d-9e23-db8d387d8dfa" ipAddress: "192.168.151.119" hostName: "pr-hdds-2034-wmsbd-1222111393" ports { name: "REST" value: 37824 } ports { name: "RATIS" value: 46677 } ports { name: "STANDALONE" value: 42026 } networkName: "dbc0ab45-ebfe-467d-9e23-db8d387d8dfa" networkLocation: "/default-rack" } cmdId: 1568973486541 } ]} | ret=SUCCESS |  
2019-09-20 09:58:08,625 [main] INFO  ozone.MiniOzoneClusterImpl (MiniOzoneClusterImpl.java:lambda$waitForClusterToBeReady$0(145)) - Nodes are ready. Got 5 of 5 DN Heartbeats.
2019-09-20 09:58:08,626 [main] INFO  ozone.MiniOzoneClusterImpl (MiniOzoneClusterImpl.java:lambda$waitForClusterToBeReady$0(148)) - Waiting for cluster to exit safe mode
2019-09-20 09:58:08,798 | INFO  | SCMAudit | user=jenkins1000 | ip=192.168.151.119 | op=SEND_HEARTBEAT {datanodeUUID=1e1028b0-b1ae-4fc9-b381-4161cbf4e605, command=[commandType: createPipelineCommand createPipelineCommandProto { pipelineID { id: "884b6864-767a-49e7-801a-e2fd7ebae310" } type: RATIS factor: ONE datanode { uuid: "1e1028b0-b1ae-4fc9-b381-4161cbf4e605" ipAddress: "192.168.151.119" hostName: "pr-hdds-2034-wmsbd-1222111393" ports { name: "REST" value: 34289 } ports { name: "RATIS" value: 43571 } ports { name: "STANDALONE" value: 45160 } networkName: "1e1028b0-b1ae-4fc9-b381-4161cbf4e605" networkLocation: "/default-rack" } cmdId: 1568973486539 } , commandType: createPipelineCommand createPipelineCommandProto { pipelineID { id: "14114002-ba6d-4e85-b143-587569ed29eb" } type: RATIS factor: THREE datanode { uuid: "1e1028b0-b1ae-4fc9-b381-4161cbf4e605" ipAddress: "192.168.151.119" hostName: "pr-hdds-2034-wmsbd-1222111393" ports { name: "REST" value: 34289 } ports { name: "RATIS" value: 43571 } ports { name: "STANDALONE" value: 45160 } networkName: "1e1028b0-b1ae-4fc9-b381-4161cbf4e605" networkLocation: "/default-rack" } datanode { uuid: "3ae9388a-4567-4217-bf64-5c7336827dbd" ipAddress: "192.168.151.119" hostName: "pr-hdds-2034-wmsbd-1222111393" ports { name: "REST" value: 33191 } ports { name: "RATIS" value: 40807 } ports { name: "STANDALONE" value: 40682 } networkName: "3ae9388a-4567-4217-bf64-5c7336827dbd" networkLocation: "/default-rack" } datanode { uuid: "dbc0ab45-ebfe-467d-9e23-db8d387d8dfa" ipAddress: "192.168.151.119" hostName: "pr-hdds-2034-wmsbd-1222111393" ports { name: "REST" value: 37824 } ports { name: "RATIS" value: 46677 } ports { name: "STANDALONE" value: 42026 } networkName: "dbc0ab45-ebfe-467d-9e23-db8d387d8dfa" networkLocation: "/default-rack" } cmdId: 1568973486541 } ]} | ret=SUCCESS |  
2019-09-20 09:58:09,095 | INFO  | SCMAudit | user=jenkins1000 | ip=192.168.151.119 | op=SEND_HEARTBEAT {datanodeUUID=dbc0ab45-ebfe-467d-9e23-db8d387d8dfa, command=[commandType: createPipelineCommand createPipelineCommandProto { pipelineID { id: "5a3e52e4-059d-4eed-9976-64c6e6ce1ac0" } type: RATIS factor: ONE datanode { uuid: "dbc0ab45-ebfe-467d-9e23-db8d387d8dfa" ipAddress: "192.168.151.119" hostName: "pr-hdds-2034-wmsbd-1222111393" ports { name: "REST" value: 37824 } ports { name: "RATIS" value: 46677 } ports { name: "STANDALONE" value: 42026 } networkName: "dbc0ab45-ebfe-467d-9e23-db8d387d8dfa" networkLocation: "/default-rack" } cmdId: 1568973486540 } , commandType: createPipelineCommand createPipelineCommandProto { pipelineID { id: "14114002-ba6d-4e85-b143-587569ed29eb" } type: RATIS factor: THREE datanode { uuid: "1e1028b0-b1ae-4fc9-b381-4161cbf4e605" ipAddress: "192.168.151.119" hostName: "pr-hdds-2034-wmsbd-1222111393" ports { name: "REST" value: 34289 } ports { name: "RATIS" value: 43571 } ports { name: "STANDALONE" value: 45160 } networkName: "1e1028b0-b1ae-4fc9-b381-4161cbf4e605" networkLocation: "/default-rack" } datanode { uuid: "3ae9388a-4567-4217-bf64-5c7336827dbd" ipAddress: "192.168.151.119" hostName: "pr-hdds-2034-wmsbd-1222111393" ports { name: "REST" value: 33191 } ports { name: "RATIS" value: 40807 } ports { name: "STANDALONE" value: 40682 } networkName: "3ae9388a-4567-4217-bf64-5c7336827dbd" networkLocation: "/default-rack" } datanode { uuid: "dbc0ab45-ebfe-467d-9e23-db8d387d8dfa" ipAddress: "192.168.151.119" hostName: "pr-hdds-2034-wmsbd-1222111393" ports { name: "REST" value: 37824 } ports { name: "RATIS" value: 46677 } ports { name: "STANDALONE" value: 42026 } networkName: "dbc0ab45-ebfe-467d-9e23-db8d387d8dfa" networkLocation: "/default-rack" } cmdId: 1568973486541 } ]} | ret=SUCCESS |  
2019-09-20 09:58:09,351 | INFO  | SCMAudit | user=jenkins1000 | ip=192.168.151.119 | op=SEND_HEARTBEAT {datanodeUUID=c7410048-26d9-4bf7-b464-854ccc21edd1, command=[commandType: createPipelineCommand createPipelineCommandProto { pipelineID { id: "b461abf9-3641-4a5b-8e9d-5558bdb326cf" } type: RATIS factor: ONE datanode { uuid: "c7410048-26d9-4bf7-b464-854ccc21edd1" ipAddress: "192.168.151.119" hostName: "pr-hdds-2034-wmsbd-1222111393" ports { name: "REST" value: 33239 } ports { name: "RATIS" value: 45397 } ports { name: "STANDALONE" value: 34587 } networkName: "c7410048-26d9-4bf7-b464-854ccc21edd1" networkLocation: "/default-rack" } cmdId: 1568973486542 } ]} | ret=SUCCESS |  
2019-09-20 09:58:09,485 | INFO  | SCMAudit | user=jenkins1000 | ip=192.168.151.119 | op=SEND_HEARTBEAT {datanodeUUID=3ae9388a-4567-4217-bf64-5c7336827dbd, command=[]} | ret=SUCCESS |  
2019-09-20 09:58:09,626 | INFO  | SCMAudit | user=jenkins1000 | ip=192.168.151.119 | op=SEND_HEARTBEAT {datanodeUUID=78d2b1a6-2047-44d1-abdb-de599321792b, command=[commandType: createPipelineCommand createPipelineCommandProto { pipelineID { id: "a9596c78-85da-408f-921d-58e7bd9a8157" } type: RATIS factor: ONE datanode { uuid: "78d2b1a6-2047-44d1-abdb-de599321792b" ipAddress: "192.168.151.119" hostName: "pr-hdds-2034-wmsbd-1222111393" ports { name: "REST" value: 37686 } ports { name: "RATIS" value: 33115 } ports { name: "STANDALONE" value: 42432 } networkName: "78d2b1a6-2047-44d1-abdb-de599321792b" networkLocation: "/default-rack" } cmdId: 1568973486543 } ]} | ret=SUCCESS |  
2019-09-20 09:58:09,626 [main] INFO  ozone.MiniOzoneClusterImpl (MiniOzoneClusterImpl.java:lambda$waitForClusterToBeReady$0(145)) - Nodes are ready. Got 5 of 5 DN Heartbeats.
2019-09-20 09:58:09,627 [main] INFO  ozone.MiniOzoneClusterImpl (MiniOzoneClusterImpl.java:lambda$waitForClusterToBeReady$0(148)) - Waiting for cluster to exit safe mode
2019-09-20 09:58:09,794 | INFO  | SCMAudit | user=jenkins1000 | ip=192.168.151.119 | op=SEND_HEARTBEAT {datanodeUUID=1e1028b0-b1ae-4fc9-b381-4161cbf4e605, command=[]} | ret=SUCCESS |  
2019-09-20 09:58:10,237 | INFO  | SCMAudit | user=jenkins1000 | ip=192.168.151.119 | op=SEND_HEARTBEAT {datanodeUUID=dbc0ab45-ebfe-467d-9e23-db8d387d8dfa, command=[]} | ret=SUCCESS |  
2019-09-20 09:58:10,355 | INFO  | SCMAudit | user=jenkins1000 | ip=192.168.151.119 | op=SEND_HEARTBEAT {datanodeUUID=c7410048-26d9-4bf7-b464-854ccc21edd1, command=[]} | ret=SUCCESS |  
2019-09-20 09:58:10,493 | INFO  | SCMAudit | user=jenkins1000 | ip=192.168.151.119 | op=SEND_HEARTBEAT {datanodeUUID=3ae9388a-4567-4217-bf64-5c7336827dbd, command=[]} | ret=SUCCESS |  
2019-09-20 09:58:10,531 [grpc-default-executor-0] INFO  impl.RaftServerProxy (RaftServerProxy.java:addNew(89)) - dbc0ab45-ebfe-467d-9e23-db8d387d8dfa: addNew group-64C6E6CE1AC0:[dbc0ab45-ebfe-467d-9e23-db8d387d8dfa:192.168.151.119:46677] returns group-64C6E6CE1AC0:java.util.concurrent.CompletableFuture@2cf0b9a2[Not completed]
2019-09-20 09:58:10,531 [grpc-default-executor-3] INFO  impl.RaftServerProxy (RaftServerProxy.java:addNew(89)) - 3ae9388a-4567-4217-bf64-5c7336827dbd: addNew group-70DB6333BF9A:[3ae9388a-4567-4217-bf64-5c7336827dbd:192.168.151.119:40807] returns group-70DB6333BF9A:java.util.concurrent.CompletableFuture@41151692[Not completed]
2019-09-20 09:58:10,531 [grpc-default-executor-1] INFO  impl.RaftServerProxy (RaftServerProxy.java:addNew(89)) - c7410048-26d9-4bf7-b464-854ccc21edd1: addNew group-5558BDB326CF:[c7410048-26d9-4bf7-b464-854ccc21edd1:192.168.151.119:45397] returns group-5558BDB326CF:java.util.concurrent.CompletableFuture@29013646[Not completed]
2019-09-20 09:58:10,531 [grpc-default-executor-2] INFO  impl.RaftServerProxy (RaftServerProxy.java:addNew(89)) - 1e1028b0-b1ae-4fc9-b381-4161cbf4e605: addNew group-E2FD7EBAE310:[1e1028b0-b1ae-4fc9-b381-4161cbf4e605:192.168.151.119:43571] returns group-E2FD7EBAE310:java.util.concurrent.CompletableFuture@327f6078[Not completed]
2019-09-20 09:58:10,590 [pool-38-thread-1] INFO  impl.RaftServerImpl (RaftServerImpl.java:<init>(93)) - 1e1028b0-b1ae-4fc9-b381-4161cbf4e605: new RaftServerImpl for group-E2FD7EBAE310:[1e1028b0-b1ae-4fc9-b381-4161cbf4e605:192.168.151.119:43571] with ContainerStateMachine:uninitialized
2019-09-20 09:58:10,591 [pool-49-thread-1] INFO  impl.RaftServerImpl (RaftServerImpl.java:<init>(93)) - dbc0ab45-ebfe-467d-9e23-db8d387d8dfa: new RaftServerImpl for group-64C6E6CE1AC0:[dbc0ab45-ebfe-467d-9e23-db8d387d8dfa:192.168.151.119:46677] with ContainerStateMachine:uninitialized
2019-09-20 09:58:10,601 [pool-49-thread-1] INFO  server.RaftServerConfigKeys (ConfUtils.java:logGet(43)) - raft.server.rpc.timeout.min = 5s (custom)
2019-09-20 09:58:10,601 [pool-38-thread-1] INFO  server.RaftServerConfigKeys (ConfUtils.java:logGet(43)) - raft.server.rpc.timeout.min = 5s (custom)
2019-09-20 09:58:10,602 [pool-49-thread-1] INFO  server.RaftServerConfigKeys (ConfUtils.java:logGet(43)) - raft.server.rpc.timeout.max = 5200ms (custom)
2019-09-20 09:58:10,602 [pool-27-thread-1] INFO  impl.RaftServerImpl (RaftServerImpl.java:<init>(93)) - 3ae9388a-4567-4217-bf64-5c7336827dbd: new RaftServerImpl for group-70DB6333BF9A:[3ae9388a-4567-4217-bf64-5c7336827dbd:192.168.151.119:40807] with ContainerStateMachine:uninitialized
2019-09-20 09:58:10,602 [pool-38-thread-1] INFO  server.RaftServerConfigKeys (ConfUtils.java:logGet(43)) - raft.server.rpc.timeout.max = 5200ms (custom)
2019-09-20 09:58:10,602 [pool-27-thread-1] INFO  server.RaftServerConfigKeys (ConfUtils.java:logGet(43)) - raft.server.rpc.timeout.min = 5s (custom)
2019-09-20 09:58:10,602 [pool-49-thread-1] INFO  server.RaftServerConfigKeys (ConfUtils.java:logGet(43)) - raft.server.rpcslowness.timeout = 120s (custom)
2019-09-20 09:58:10,603 [pool-27-thread-1] INFO  server.RaftServerConfigKeys (ConfUtils.java:logGet(43)) - raft.server.rpc.timeout.max = 5200ms (custom)
2019-09-20 09:58:10,602 [pool-38-thread-1] INFO  server.RaftServerConfigKeys (ConfUtils.java:logGet(43)) - raft.server.rpcslowness.timeout = 120s (custom)
2019-09-20 09:58:10,603 [pool-60-thread-1] INFO  impl.RaftServerImpl (RaftServerImpl.java:<init>(93)) - c7410048-26d9-4bf7-b464-854ccc21edd1: new RaftServerImpl for group-5558BDB326CF:[c7410048-26d9-4bf7-b464-854ccc21edd1:192.168.151.119:45397] with ContainerStateMachine:uninitialized
2019-09-20 09:58:10,603 [pool-27-thread-1] INFO  server.RaftServerConfigKeys (ConfUtils.java:logGet(43)) - raft.server.rpcslowness.timeout = 120s (custom)
2019-09-20 09:58:10,603 [pool-49-thread-1] INFO  server.RaftServerConfigKeys (ConfUtils.java:logGet(43)) - raft.server.sleep.deviation.threshold = 300 (default)
2019-09-20 09:58:10,603 [pool-60-thread-1] INFO  server.RaftServerConfigKeys (ConfUtils.java:logGet(43)) - raft.server.rpc.timeout.min = 5s (custom)
2019-09-20 09:58:10,603 [pool-38-thread-1] INFO  server.RaftServerConfigKeys (ConfUtils.java:logGet(43)) - raft.server.sleep.deviation.threshold = 300 (default)
2019-09-20 09:58:10,603 [pool-27-thread-1] INFO  server.RaftServerConfigKeys (ConfUtils.java:logGet(43)) - raft.server.sleep.deviation.threshold = 300 (default)
2019-09-20 09:58:10,604 [pool-60-thread-1] INFO  server.RaftServerConfigKeys (ConfUtils.java:logGet(43)) - raft.server.rpc.timeout.max = 5200ms (custom)
2019-09-20 09:58:10,604 [pool-60-thread-1] INFO  server.RaftServerConfigKeys (ConfUtils.java:logGet(43)) - raft.server.rpcslowness.timeout = 120s (custom)
2019-09-20 09:58:10,604 [pool-49-thread-1] INFO  server.RaftServerConfigKeys (ConfUtils.java:logGet(43)) - raft.server.log.appender.install.snapshot.enabled = false (custom)
2019-09-20 09:58:10,604 [pool-38-thread-1] INFO  server.RaftServerConfigKeys (ConfUtils.java:logGet(43)) - raft.server.log.appender.install.snapshot.enabled = false (custom)
2019-09-20 09:58:10,605 [pool-27-thread-1] INFO  server.RaftServerConfigKeys (ConfUtils.java:logGet(43)) - raft.server.log.appender.install.snapshot.enabled = false (custom)
2019-09-20 09:58:10,604 [pool-60-thread-1] INFO  server.RaftServerConfigKeys (ConfUtils.java:logGet(43)) - raft.server.sleep.deviation.threshold = 300 (default)
2019-09-20 09:58:10,605 [pool-60-thread-1] INFO  server.RaftServerConfigKeys (ConfUtils.java:logGet(43)) - raft.server.log.appender.install.snapshot.enabled = false (custom)
2019-09-20 09:58:10,614 [pool-49-thread-1] INFO  impl.RaftServerImpl (ServerState.java:<init>(105)) - dbc0ab45-ebfe-467d-9e23-db8d387d8dfa:group-64C6E6CE1AC0 ConfigurationManager, init=-1: [dbc0ab45-ebfe-467d-9e23-db8d387d8dfa:192.168.151.119:46677], old=null, confs=<EMPTY_MAP>
2019-09-20 09:58:10,614 [pool-60-thread-1] INFO  impl.RaftServerImpl (ServerState.java:<init>(105)) - c7410048-26d9-4bf7-b464-854ccc21edd1:group-5558BDB326CF ConfigurationManager, init=-1: [c7410048-26d9-4bf7-b464-854ccc21edd1:192.168.151.119:45397], old=null, confs=<EMPTY_MAP>
2019-09-20 09:58:10,614 [pool-27-thread-1] INFO  impl.RaftServerImpl (ServerState.java:<init>(105)) - 3ae9388a-4567-4217-bf64-5c7336827dbd:group-70DB6333BF9A ConfigurationManager, init=-1: [3ae9388a-4567-4217-bf64-5c7336827dbd:192.168.151.119:40807], old=null, confs=<EMPTY_MAP>
2019-09-20 09:58:10,614 [pool-38-thread-1] INFO  impl.RaftServerImpl (ServerState.java:<init>(105)) - 1e1028b0-b1ae-4fc9-b381-4161cbf4e605:group-E2FD7EBAE310 ConfigurationManager, init=-1: [1e1028b0-b1ae-4fc9-b381-4161cbf4e605:192.168.151.119:43571], old=null, confs=<EMPTY_MAP>
2019-09-20 09:58:10,615 [pool-60-thread-1] INFO  server.RaftServerConfigKeys (ConfUtils.java:logGet(43)) - raft.server.storage.dir = [/workdir/hadoop-ozone/integration-test/target/test-dir/MiniOzoneClusterImpl-e374e5dc-9291-4f0f-8939-22f477a73ed1/datanode-3/data/ratis] (custom)
2019-09-20 09:58:10,615 [pool-49-thread-1] INFO  server.RaftServerConfigKeys (ConfUtils.java:logGet(43)) - raft.server.storage.dir = [/workdir/hadoop-ozone/integration-test/target/test-dir/MiniOzoneClusterImpl-e374e5dc-9291-4f0f-8939-22f477a73ed1/datanode-2/data/ratis] (custom)
2019-09-20 09:58:10,615 [pool-38-thread-1] INFO  server.RaftServerConfigKeys (ConfUtils.java:logGet(43)) - raft.server.storage.dir = [/workdir/hadoop-ozone/integration-test/target/test-dir/MiniOzoneClusterImpl-e374e5dc-9291-4f0f-8939-22f477a73ed1/datanode-1/data/ratis] (custom)
2019-09-20 09:58:10,615 [pool-27-thread-1] INFO  server.RaftServerConfigKeys (ConfUtils.java:logGet(43)) - raft.server.storage.dir = [/workdir/hadoop-ozone/integration-test/target/test-dir/MiniOzoneClusterImpl-e374e5dc-9291-4f0f-8939-22f477a73ed1/datanode-0/data/ratis] (custom)
2019-09-20 09:58:10,624 | INFO  | SCMAudit | user=jenkins1000 | ip=192.168.151.119 | op=SEND_HEARTBEAT {datanodeUUID=78d2b1a6-2047-44d1-abdb-de599321792b, command=[]} | ret=SUCCESS |  
2019-09-20 09:58:10,627 [main] INFO  ozone.MiniOzoneClusterImpl (MiniOzoneClusterImpl.java:lambda$waitForClusterToBeReady$0(145)) - Nodes are ready. Got 5 of 5 DN Heartbeats.
2019-09-20 09:58:10,628 [pool-27-thread-1] INFO  storage.RaftStorageDirectory (RaftStorageDirectory.java:analyzeStorage(246)) - The storage directory /workdir/hadoop-ozone/integration-test/target/test-dir/MiniOzoneClusterImpl-e374e5dc-9291-4f0f-8939-22f477a73ed1/datanode-0/data/ratis/c9236fcb-2fad-471e-9717-70db6333bf9a does not exist. Creating ...
2019-09-20 09:58:10,627 [pool-49-thread-1] INFO  storage.RaftStorageDirectory (RaftStorageDirectory.java:analyzeStorage(246)) - The storage directory /workdir/hadoop-ozone/integration-test/target/test-dir/MiniOzoneClusterImpl-e374e5dc-9291-4f0f-8939-22f477a73ed1/datanode-2/data/ratis/5a3e52e4-059d-4eed-9976-64c6e6ce1ac0 does not exist. Creating ...
2019-09-20 09:58:10,627 [pool-38-thread-1] INFO  storage.RaftStorageDirectory (RaftStorageDirectory.java:analyzeStorage(246)) - The storage directory /workdir/hadoop-ozone/integration-test/target/test-dir/MiniOzoneClusterImpl-e374e5dc-9291-4f0f-8939-22f477a73ed1/datanode-1/data/ratis/884b6864-767a-49e7-801a-e2fd7ebae310 does not exist. Creating ...
2019-09-20 09:58:10,628 [pool-60-thread-1] INFO  storage.RaftStorageDirectory (RaftStorageDirectory.java:analyzeStorage(246)) - The storage directory /workdir/hadoop-ozone/integration-test/target/test-dir/MiniOzoneClusterImpl-e374e5dc-9291-4f0f-8939-22f477a73ed1/datanode-3/data/ratis/b461abf9-3641-4a5b-8e9d-5558bdb326cf does not exist. Creating ...
2019-09-20 09:58:10,629 [main] INFO  ozone.MiniOzoneClusterImpl (MiniOzoneClusterImpl.java:lambda$waitForClusterToBeReady$0(148)) - Waiting for cluster to exit safe mode
2019-09-20 09:58:10,650 [grpc-default-executor-1] INFO  impl.RaftServerProxy (RaftServerProxy.java:addNew(89)) - 78d2b1a6-2047-44d1-abdb-de599321792b: addNew group-58E7BD9A8157:[78d2b1a6-2047-44d1-abdb-de599321792b:192.168.151.119:33115] returns group-58E7BD9A8157:java.util.concurrent.CompletableFuture@3927bae[Not completed]
2019-09-20 09:58:10,652 [pool-71-thread-1] INFO  impl.RaftServerImpl (RaftServerImpl.java:<init>(93)) - 78d2b1a6-2047-44d1-abdb-de599321792b: new RaftServerImpl for group-58E7BD9A8157:[78d2b1a6-2047-44d1-abdb-de599321792b:192.168.151.119:33115] with ContainerStateMachine:uninitialized
2019-09-20 09:58:10,653 [pool-71-thread-1] INFO  server.RaftServerConfigKeys (ConfUtils.java:logGet(43)) - raft.server.rpc.timeout.min = 5s (custom)
2019-09-20 09:58:10,653 [pool-71-thread-1] INFO  server.RaftServerConfigKeys (ConfUtils.java:logGet(43)) - raft.server.rpc.timeout.max = 5200ms (custom)
2019-09-20 09:58:10,653 [pool-71-thread-1] INFO  server.RaftServerConfigKeys (ConfUtils.java:logGet(43)) - raft.server.rpcslowness.timeout = 120s (custom)
2019-09-20 09:58:10,653 [pool-71-thread-1] INFO  server.RaftServerConfigKeys (ConfUtils.java:logGet(43)) - raft.server.sleep.deviation.threshold = 300 (default)
2019-09-20 09:58:10,653 [pool-71-thread-1] INFO  server.RaftServerConfigKeys (ConfUtils.java:logGet(43)) - raft.server.log.appender.install.snapshot.enabled = false (custom)
2019-09-20 09:58:10,653 [pool-71-thread-1] INFO  impl.RaftServerImpl (ServerState.java:<init>(105)) - 78d2b1a6-2047-44d1-abdb-de599321792b:group-58E7BD9A8157 ConfigurationManager, init=-1: [78d2b1a6-2047-44d1-abdb-de599321792b:192.168.151.119:33115], old=null, confs=<EMPTY_MAP>
2019-09-20 09:58:10,654 [pool-71-thread-1] INFO  server.RaftServerConfigKeys (ConfUtils.java:logGet(43)) - raft.server.storage.dir = [/workdir/hadoop-ozone/integration-test/target/test-dir/MiniOzoneClusterImpl-e374e5dc-9291-4f0f-8939-22f477a73ed1/datanode-4/data/ratis] (custom)
2019-09-20 09:58:10,654 [pool-71-thread-1] INFO  storage.RaftStorageDirectory (RaftStorageDirectory.java:analyzeStorage(246)) - The storage directory /workdir/hadoop-ozone/integration-test/target/test-dir/MiniOzoneClusterImpl-e374e5dc-9291-4f0f-8939-22f477a73ed1/datanode-4/data/ratis/a9596c78-85da-408f-921d-58e7bd9a8157 does not exist. Creating ...
2019-09-20 09:58:10,656 [pool-60-thread-1] INFO  storage.RaftStorageDirectory (RaftStorageDirectory.java:tryLock(328)) - Lock on /workdir/hadoop-ozone/integration-test/target/test-dir/MiniOzoneClusterImpl-e374e5dc-9291-4f0f-8939-22f477a73ed1/datanode-3/data/ratis/b461abf9-3641-4a5b-8e9d-5558bdb326cf/in_use.lock acquired by nodename 23327@pr-hdds-2034-wmsbd-1222111393
2019-09-20 09:58:10,656 [pool-27-thread-1] INFO  storage.RaftStorageDirectory (RaftStorageDirectory.java:tryLock(328)) - Lock on /workdir/hadoop-ozone/integration-test/target/test-dir/MiniOzoneClusterImpl-e374e5dc-9291-4f0f-8939-22f477a73ed1/datanode-0/data/ratis/c9236fcb-2fad-471e-9717-70db6333bf9a/in_use.lock acquired by nodename 23327@pr-hdds-2034-wmsbd-1222111393
2019-09-20 09:58:10,656 [pool-38-thread-1] INFO  storage.RaftStorageDirectory (RaftStorageDirectory.java:tryLock(328)) - Lock on /workdir/hadoop-ozone/integration-test/target/test-dir/MiniOzoneClusterImpl-e374e5dc-9291-4f0f-8939-22f477a73ed1/datanode-1/data/ratis/884b6864-767a-49e7-801a-e2fd7ebae310/in_use.lock acquired by nodename 23327@pr-hdds-2034-wmsbd-1222111393
2019-09-20 09:58:10,656 [pool-49-thread-1] INFO  storage.RaftStorageDirectory (RaftStorageDirectory.java:tryLock(328)) - Lock on /workdir/hadoop-ozone/integration-test/target/test-dir/MiniOzoneClusterImpl-e374e5dc-9291-4f0f-8939-22f477a73ed1/datanode-2/data/ratis/5a3e52e4-059d-4eed-9976-64c6e6ce1ac0/in_use.lock acquired by nodename 23327@pr-hdds-2034-wmsbd-1222111393
2019-09-20 09:58:10,658 [pool-71-thread-1] INFO  storage.RaftStorageDirectory (RaftStorageDirectory.java:tryLock(328)) - Lock on /workdir/hadoop-ozone/integration-test/target/test-dir/MiniOzoneClusterImpl-e374e5dc-9291-4f0f-8939-22f477a73ed1/datanode-4/data/ratis/a9596c78-85da-408f-921d-58e7bd9a8157/in_use.lock acquired by nodename 23327@pr-hdds-2034-wmsbd-1222111393
2019-09-20 09:58:10,672 [pool-49-thread-1] INFO  storage.RaftStorage (RaftStorage.java:format(72)) - Storage directory /workdir/hadoop-ozone/integration-test/target/test-dir/MiniOzoneClusterImpl-e374e5dc-9291-4f0f-8939-22f477a73ed1/datanode-2/data/ratis/5a3e52e4-059d-4eed-9976-64c6e6ce1ac0 has been successfully formatted.
2019-09-20 09:58:10,672 [pool-71-thread-1] INFO  storage.RaftStorage (RaftStorage.java:format(72)) - Storage directory /workdir/hadoop-ozone/integration-test/target/test-dir/MiniOzoneClusterImpl-e374e5dc-9291-4f0f-8939-22f477a73ed1/datanode-4/data/ratis/a9596c78-85da-408f-921d-58e7bd9a8157 has been successfully formatted.
2019-09-20 09:58:10,672 [pool-38-thread-1] INFO  storage.RaftStorage (RaftStorage.java:format(72)) - Storage directory /workdir/hadoop-ozone/integration-test/target/test-dir/MiniOzoneClusterImpl-e374e5dc-9291-4f0f-8939-22f477a73ed1/datanode-1/data/ratis/884b6864-767a-49e7-801a-e2fd7ebae310 has been successfully formatted.
2019-09-20 09:58:10,672 [pool-60-thread-1] INFO  storage.RaftStorage (RaftStorage.java:format(72)) - Storage directory /workdir/hadoop-ozone/integration-test/target/test-dir/MiniOzoneClusterImpl-e374e5dc-9291-4f0f-8939-22f477a73ed1/datanode-3/data/ratis/b461abf9-3641-4a5b-8e9d-5558bdb326cf has been successfully formatted.
2019-09-20 09:58:10,672 [pool-27-thread-1] INFO  storage.RaftStorage (RaftStorage.java:format(72)) - Storage directory /workdir/hadoop-ozone/integration-test/target/test-dir/MiniOzoneClusterImpl-e374e5dc-9291-4f0f-8939-22f477a73ed1/datanode-0/data/ratis/c9236fcb-2fad-471e-9717-70db6333bf9a has been successfully formatted.
2019-09-20 09:58:10,676 [pool-27-thread-1] INFO  ratis.ContainerStateMachine (ContainerStateMachine.java:loadSnapshot(226)) - group-70DB6333BF9A: The snapshot info is null. Setting the last applied indexto:(t:0, i:~)
2019-09-20 09:58:10,676 [pool-60-thread-1] INFO  ratis.ContainerStateMachine (ContainerStateMachine.java:loadSnapshot(226)) - group-5558BDB326CF: The snapshot info is null. Setting the last applied indexto:(t:0, i:~)
2019-09-20 09:58:10,676 [pool-71-thread-1] INFO  ratis.ContainerStateMachine (ContainerStateMachine.java:loadSnapshot(226)) - group-58E7BD9A8157: The snapshot info is null. Setting the last applied indexto:(t:0, i:~)
2019-09-20 09:58:10,676 [pool-49-thread-1] INFO  ratis.ContainerStateMachine (ContainerStateMachine.java:loadSnapshot(226)) - group-64C6E6CE1AC0: The snapshot info is null. Setting the last applied indexto:(t:0, i:~)
2019-09-20 09:58:10,676 [pool-38-thread-1] INFO  ratis.ContainerStateMachine (ContainerStateMachine.java:loadSnapshot(226)) - group-E2FD7EBAE310: The snapshot info is null. Setting the last applied indexto:(t:0, i:~)
2019-09-20 09:58:10,680 [pool-49-thread-1] INFO  server.RaftServerConfigKeys (ConfUtils.java:logGet(43)) - raft.server.leader.election.timeout = 120s (custom)
2019-09-20 09:58:10,680 [pool-71-thread-1] INFO  server.RaftServerConfigKeys (ConfUtils.java:logGet(43)) - raft.server.leader.election.timeout = 120s (custom)
2019-09-20 09:58:10,680 [pool-60-thread-1] INFO  server.RaftServerConfigKeys (ConfUtils.java:logGet(43)) - raft.server.leader.election.timeout = 120s (custom)
2019-09-20 09:58:10,680 [pool-27-thread-1] INFO  server.RaftServerConfigKeys (ConfUtils.java:logGet(43)) - raft.server.leader.election.timeout = 120s (custom)
2019-09-20 09:58:10,680 [pool-38-thread-1] INFO  server.RaftServerConfigKeys (ConfUtils.java:logGet(43)) - raft.server.leader.election.timeout = 120s (custom)
2019-09-20 09:58:10,682 [pool-38-thread-1] INFO  server.RaftServerConfigKeys (ConfUtils.java:logGet(43)) - raft.server.log.use.memory = false (default)
2019-09-20 09:58:10,682 [pool-60-thread-1] INFO  server.RaftServerConfigKeys (ConfUtils.java:logGet(43)) - raft.server.log.use.memory = false (default)
2019-09-20 09:58:10,682 [pool-27-thread-1] INFO  server.RaftServerConfigKeys (ConfUtils.java:logGet(43)) - raft.server.log.use.memory = false (default)
2019-09-20 09:58:10,682 [pool-49-thread-1] INFO  server.RaftServerConfigKeys (ConfUtils.java:logGet(43)) - raft.server.log.use.memory = false (default)
2019-09-20 09:58:10,682 [pool-71-thread-1] INFO  server.RaftServerConfigKeys (ConfUtils.java:logGet(43)) - raft.server.log.use.memory = false (default)
2019-09-20 09:58:10,688 [pool-49-thread-1] INFO  server.RaftServerConfigKeys (ConfUtils.java:logGet(43)) - raft.server.log.purge.gap = 1000000 (custom)
2019-09-20 09:58:10,688 [pool-71-thread-1] INFO  server.RaftServerConfigKeys (ConfUtils.java:logGet(43)) - raft.server.log.purge.gap = 1000000 (custom)
2019-09-20 09:58:10,688 [pool-38-thread-1] INFO  server.RaftServerConfigKeys (ConfUtils.java:logGet(43)) - raft.server.log.purge.gap = 1000000 (custom)
2019-09-20 09:58:10,688 [pool-71-thread-1] INFO  server.RaftServerConfigKeys (ConfUtils.java:logGet(43)) - raft.server.log.appender.buffer.byte-limit = 33554432 (custom)
2019-09-20 09:58:10,688 [pool-49-thread-1] INFO  server.RaftServerConfigKeys (ConfUtils.java:logGet(43)) - raft.server.log.appender.buffer.byte-limit = 33554432 (custom)
2019-09-20 09:58:10,688 [pool-27-thread-1] INFO  server.RaftServerConfigKeys (ConfUtils.java:logGet(43)) - raft.server.log.purge.gap = 1000000 (custom)
2019-09-20 09:58:10,688 [pool-60-thread-1] INFO  server.RaftServerConfigKeys (ConfUtils.java:logGet(43)) - raft.server.log.purge.gap = 1000000 (custom)
2019-09-20 09:58:10,689 [pool-27-thread-1] INFO  server.RaftServerConfigKeys (ConfUtils.java:logGet(43)) - raft.server.log.appender.buffer.byte-limit = 33554432 (custom)
2019-09-20 09:58:10,688 [pool-38-thread-1] INFO  server.RaftServerConfigKeys (ConfUtils.java:logGet(43)) - raft.server.log.appender.buffer.byte-limit = 33554432 (custom)
2019-09-20 09:58:10,689 [pool-60-thread-1] INFO  server.RaftServerConfigKeys (ConfUtils.java:logGet(43)) - raft.server.log.appender.buffer.byte-limit = 33554432 (custom)
2019-09-20 09:58:10,690 [pool-49-thread-1] INFO  server.RaftServerConfigKeys (ConfUtils.java:logGet(43)) - raft.server.log.segment.size.max = 1048576 (custom)
2019-09-20 09:58:10,690 [pool-38-thread-1] INFO  server.RaftServerConfigKeys (ConfUtils.java:logGet(43)) - raft.server.log.segment.size.max = 1048576 (custom)
2019-09-20 09:58:10,690 [pool-27-thread-1] INFO  server.RaftServerConfigKeys (ConfUtils.java:logGet(43)) - raft.server.log.segment.size.max = 1048576 (custom)
2019-09-20 09:58:10,691 [pool-60-thread-1] INFO  server.RaftServerConfigKeys (ConfUtils.java:logGet(43)) - raft.server.log.segment.size.max = 1048576 (custom)
2019-09-20 09:58:10,691 [pool-71-thread-1] INFO  server.RaftServerConfigKeys (ConfUtils.java:logGet(43)) - raft.server.log.segment.size.max = 1048576 (custom)
2019-09-20 09:58:10,696 [pool-49-thread-1] INFO  server.RaftServerConfigKeys (ConfUtils.java:logGet(43)) - raft.server.log.segment.cache.num.max = 2 (custom)
2019-09-20 09:58:10,696 [pool-38-thread-1] INFO  server.RaftServerConfigKeys (ConfUtils.java:logGet(43)) - raft.server.log.segment.cache.num.max = 2 (custom)
2019-09-20 09:58:10,696 [pool-60-thread-1] INFO  server.RaftServerConfigKeys (ConfUtils.java:logGet(43)) - raft.server.log.segment.cache.num.max = 2 (custom)
2019-09-20 09:58:10,696 [pool-71-thread-1] INFO  server.RaftServerConfigKeys (ConfUtils.java:logGet(43)) - raft.server.log.segment.cache.num.max = 2 (custom)
2019-09-20 09:58:10,696 [pool-27-thread-1] INFO  server.RaftServerConfigKeys (ConfUtils.java:logGet(43)) - raft.server.log.segment.cache.num.max = 2 (custom)
2019-09-20 09:58:10,701 [pool-38-thread-1] INFO  segmented.SegmentedRaftLogWorker (SegmentedRaftLogWorker.java:<init>(172)) - new 1e1028b0-b1ae-4fc9-b381-4161cbf4e605-SegmentedRaftLogWorker:Storage Directory /workdir/hadoop-ozone/integration-test/target/test-dir/MiniOzoneClusterImpl-e374e5dc-9291-4f0f-8939-22f477a73ed1/datanode-1/data/ratis/884b6864-767a-49e7-801a-e2fd7ebae310 for RaftStorage:Storage Directory /workdir/hadoop-ozone/integration-test/target/test-dir/MiniOzoneClusterImpl-e374e5dc-9291-4f0f-8939-22f477a73ed1/datanode-1/data/ratis/884b6864-767a-49e7-801a-e2fd7ebae310
2019-09-20 09:58:10,701 [pool-71-thread-1] INFO  segmented.SegmentedRaftLogWorker (SegmentedRaftLogWorker.java:<init>(172)) - new 78d2b1a6-2047-44d1-abdb-de599321792b-SegmentedRaftLogWorker:Storage Directory /workdir/hadoop-ozone/integration-test/target/test-dir/MiniOzoneClusterImpl-e374e5dc-9291-4f0f-8939-22f477a73ed1/datanode-4/data/ratis/a9596c78-85da-408f-921d-58e7bd9a8157 for RaftStorage:Storage Directory /workdir/hadoop-ozone/integration-test/target/test-dir/MiniOzoneClusterImpl-e374e5dc-9291-4f0f-8939-22f477a73ed1/datanode-4/data/ratis/a9596c78-85da-408f-921d-58e7bd9a8157
2019-09-20 09:58:10,701 [pool-49-thread-1] INFO  segmented.SegmentedRaftLogWorker (SegmentedRaftLogWorker.java:<init>(172)) - new dbc0ab45-ebfe-467d-9e23-db8d387d8dfa-SegmentedRaftLogWorker:Storage Directory /workdir/hadoop-ozone/integration-test/target/test-dir/MiniOzoneClusterImpl-e374e5dc-9291-4f0f-8939-22f477a73ed1/datanode-2/data/ratis/5a3e52e4-059d-4eed-9976-64c6e6ce1ac0 for RaftStorage:Storage Directory /workdir/hadoop-ozone/integration-test/target/test-dir/MiniOzoneClusterImpl-e374e5dc-9291-4f0f-8939-22f477a73ed1/datanode-2/data/ratis/5a3e52e4-059d-4eed-9976-64c6e6ce1ac0
2019-09-20 09:58:10,701 [pool-60-thread-1] INFO  segmented.SegmentedRaftLogWorker (SegmentedRaftLogWorker.java:<init>(172)) - new c7410048-26d9-4bf7-b464-854ccc21edd1-SegmentedRaftLogWorker:Storage Directory /workdir/hadoop-ozone/integration-test/target/test-dir/MiniOzoneClusterImpl-e374e5dc-9291-4f0f-8939-22f477a73ed1/datanode-3/data/ratis/b461abf9-3641-4a5b-8e9d-5558bdb326cf for RaftStorage:Storage Directory /workdir/hadoop-ozone/integration-test/target/test-dir/MiniOzoneClusterImpl-e374e5dc-9291-4f0f-8939-22f477a73ed1/datanode-3/data/ratis/b461abf9-3641-4a5b-8e9d-5558bdb326cf
2019-09-20 09:58:10,701 [pool-27-thread-1] INFO  segmented.SegmentedRaftLogWorker (SegmentedRaftLogWorker.java:<init>(172)) - new 3ae9388a-4567-4217-bf64-5c7336827dbd-SegmentedRaftLogWorker:Storage Directory /workdir/hadoop-ozone/integration-test/target/test-dir/MiniOzoneClusterImpl-e374e5dc-9291-4f0f-8939-22f477a73ed1/datanode-0/data/ratis/c9236fcb-2fad-471e-9717-70db6333bf9a for RaftStorage:Storage Directory /workdir/hadoop-ozone/integration-test/target/test-dir/MiniOzoneClusterImpl-e374e5dc-9291-4f0f-8939-22f477a73ed1/datanode-0/data/ratis/c9236fcb-2fad-471e-9717-70db6333bf9a
2019-09-20 09:58:10,718 [pool-38-thread-1] INFO  server.RaftServerConfigKeys (ConfUtils.java:logGet(43)) - raft.server.log.queue.byte-limit = 2147483647 (custom)
2019-09-20 09:58:10,718 [pool-27-thread-1] INFO  server.RaftServerConfigKeys (ConfUtils.java:logGet(43)) - raft.server.log.queue.byte-limit = 2147483647 (custom)
2019-09-20 09:58:10,718 [pool-49-thread-1] INFO  server.RaftServerConfigKeys (ConfUtils.java:logGet(43)) - raft.server.log.queue.byte-limit = 2147483647 (custom)
2019-09-20 09:58:10,720 [pool-71-thread-1] INFO  server.RaftServerConfigKeys (ConfUtils.java:logGet(43)) - raft.server.log.queue.byte-limit = 2147483647 (custom)
2019-09-20 09:58:10,720 [pool-27-thread-1] INFO  server.RaftServerConfigKeys (ConfUtils.java:logGet(43)) - raft.server.log.queue.element-limit = 1024 (custom)
2019-09-20 09:58:10,720 [pool-49-thread-1] INFO  server.RaftServerConfigKeys (ConfUtils.java:logGet(43)) - raft.server.log.queue.element-limit = 1024 (custom)
2019-09-20 09:58:10,720 [pool-60-thread-1] INFO  server.RaftServerConfigKeys (ConfUtils.java:logGet(43)) - raft.server.log.queue.byte-limit = 2147483647 (custom)
2019-09-20 09:58:10,720 [pool-71-thread-1] INFO  server.RaftServerConfigKeys (ConfUtils.java:logGet(43)) - raft.server.log.queue.element-limit = 1024 (custom)
2019-09-20 09:58:10,720 [pool-38-thread-1] INFO  server.RaftServerConfigKeys (ConfUtils.java:logGet(43)) - raft.server.log.queue.element-limit = 1024 (custom)
2019-09-20 09:58:10,721 [pool-60-thread-1] INFO  server.RaftServerConfigKeys (ConfUtils.java:logGet(43)) - raft.server.log.queue.element-limit = 1024 (custom)
2019-09-20 09:58:10,725 [pool-38-thread-1] INFO  server.RaftServerConfigKeys (ConfUtils.java:logGet(43)) - raft.server.log.segment.size.max = 1048576 (custom)
2019-09-20 09:58:10,726 [pool-71-thread-1] INFO  server.RaftServerConfigKeys (ConfUtils.java:logGet(43)) - raft.server.log.segment.size.max = 1048576 (custom)
2019-09-20 09:58:10,726 [pool-60-thread-1] INFO  server.RaftServerConfigKeys (ConfUtils.java:logGet(43)) - raft.server.log.segment.size.max = 1048576 (custom)
2019-09-20 09:58:10,725 [pool-27-thread-1] INFO  server.RaftServerConfigKeys (ConfUtils.java:logGet(43)) - raft.server.log.segment.size.max = 1048576 (custom)
2019-09-20 09:58:10,725 [pool-49-thread-1] INFO  server.RaftServerConfigKeys (ConfUtils.java:logGet(43)) - raft.server.log.segment.size.max = 1048576 (custom)
2019-09-20 09:58:10,726 [pool-27-thread-1] INFO  server.RaftServerConfigKeys (ConfUtils.java:logGet(43)) - raft.server.log.preallocated.size = 16384 (custom)
2019-09-20 09:58:10,726 [pool-60-thread-1] INFO  server.RaftServerConfigKeys (ConfUtils.java:logGet(43)) - raft.server.log.preallocated.size = 16384 (custom)
2019-09-20 09:58:10,726 [pool-38-thread-1] INFO  server.RaftServerConfigKeys (ConfUtils.java:logGet(43)) - raft.server.log.preallocated.size = 16384 (custom)
2019-09-20 09:58:10,726 [pool-49-thread-1] INFO  server.RaftServerConfigKeys (ConfUtils.java:logGet(43)) - raft.server.log.preallocated.size = 16384 (custom)
2019-09-20 09:58:10,726 [pool-71-thread-1] INFO  server.RaftServerConfigKeys (ConfUtils.java:logGet(43)) - raft.server.log.preallocated.size = 16384 (custom)
2019-09-20 09:58:10,727 [pool-60-thread-1] INFO  server.RaftServerConfigKeys (ConfUtils.java:logGet(43)) - raft.server.log.write.buffer.size = 33554432 (custom)
2019-09-20 09:58:10,727 [pool-49-thread-1] INFO  server.RaftServerConfigKeys (ConfUtils.java:logGet(43)) - raft.server.log.write.buffer.size = 33554432 (custom)
2019-09-20 09:58:10,727 [pool-38-thread-1] INFO  server.RaftServerConfigKeys (ConfUtils.java:logGet(43)) - raft.server.log.write.buffer.size = 33554432 (custom)
2019-09-20 09:58:10,727 [pool-27-thread-1] INFO  server.RaftServerConfigKeys (ConfUtils.java:logGet(43)) - raft.server.log.write.buffer.size = 33554432 (custom)
2019-09-20 09:58:10,727 [pool-71-thread-1] INFO  server.RaftServerConfigKeys (ConfUtils.java:logGet(43)) - raft.server.log.write.buffer.size = 33554432 (custom)
2019-09-20 09:58:10,727 [pool-60-thread-1] INFO  server.RaftServerConfigKeys (ConfUtils.java:logGet(43)) - raft.server.log.force.sync.num = 128 (default)
2019-09-20 09:58:10,727 [pool-49-thread-1] INFO  server.RaftServerConfigKeys (ConfUtils.java:logGet(43)) - raft.server.log.force.sync.num = 128 (default)
2019-09-20 09:58:10,728 [pool-27-thread-1] INFO  server.RaftServerConfigKeys (ConfUtils.java:logGet(43)) - raft.server.log.force.sync.num = 128 (default)
2019-09-20 09:58:10,728 [pool-71-thread-1] INFO  server.RaftServerConfigKeys (ConfUtils.java:logGet(43)) - raft.server.log.force.sync.num = 128 (default)
2019-09-20 09:58:10,727 [pool-38-thread-1] INFO  server.RaftServerConfigKeys (ConfUtils.java:logGet(43)) - raft.server.log.force.sync.num = 128 (default)
2019-09-20 09:58:10,729 [pool-38-thread-1] INFO  server.RaftServerConfigKeys (ConfUtils.java:logGet(43)) - raft.server.log.statemachine.data.sync = true (default)
2019-09-20 09:58:10,729 [pool-49-thread-1] INFO  server.RaftServerConfigKeys (ConfUtils.java:logGet(43)) - raft.server.log.statemachine.data.sync = true (default)
2019-09-20 09:58:10,729 [pool-60-thread-1] INFO  server.RaftServerConfigKeys (ConfUtils.java:logGet(43)) - raft.server.log.statemachine.data.sync = true (default)
2019-09-20 09:58:10,729 [pool-38-thread-1] INFO  server.RaftServerConfigKeys (ConfUtils.java:logGet(43)) - raft.server.log.statemachine.data.sync.timeout = 10s (default)
2019-09-20 09:58:10,729 [pool-71-thread-1] INFO  server.RaftServerConfigKeys (ConfUtils.java:logGet(43)) - raft.server.log.statemachine.data.sync = true (default)
2019-09-20 09:58:10,729 [pool-27-thread-1] INFO  server.RaftServerConfigKeys (ConfUtils.java:logGet(43)) - raft.server.log.statemachine.data.sync = true (default)
2019-09-20 09:58:10,729 [pool-71-thread-1] INFO  server.RaftServerConfigKeys (ConfUtils.java:logGet(43)) - raft.server.log.statemachine.data.sync.timeout = 10s (default)
2019-09-20 09:58:10,729 [pool-60-thread-1] INFO  server.RaftServerConfigKeys (ConfUtils.java:logGet(43)) - raft.server.log.statemachine.data.sync.timeout = 10s (default)
2019-09-20 09:58:10,729 [pool-49-thread-1] INFO  server.RaftServerConfigKeys (ConfUtils.java:logGet(43)) - raft.server.log.statemachine.data.sync.timeout = 10s (default)
2019-09-20 09:58:10,730 [pool-60-thread-1] INFO  server.RaftServerConfigKeys (ConfUtils.java:logGet(43)) - raft.server.log.statemachine.data.sync.timeout.retry = -1 (default)
2019-09-20 09:58:10,730 [pool-71-thread-1] INFO  server.RaftServerConfigKeys (ConfUtils.java:logGet(43)) - raft.server.log.statemachine.data.sync.timeout.retry = -1 (default)
2019-09-20 09:58:10,729 [pool-27-thread-1] INFO  server.RaftServerConfigKeys (ConfUtils.java:logGet(43)) - raft.server.log.statemachine.data.sync.timeout = 10s (default)
2019-09-20 09:58:10,729 [pool-38-thread-1] INFO  server.RaftServerConfigKeys (ConfUtils.java:logGet(43)) - raft.server.log.statemachine.data.sync.timeout.retry = -1 (default)
2019-09-20 09:58:10,730 [pool-27-thread-1] INFO  server.RaftServerConfigKeys (ConfUtils.java:logGet(43)) - raft.server.log.statemachine.data.sync.timeout.retry = -1 (default)
2019-09-20 09:58:10,730 [pool-49-thread-1] INFO  server.RaftServerConfigKeys (ConfUtils.java:logGet(43)) - raft.server.log.statemachine.data.sync.timeout.retry = -1 (default)
2019-09-20 09:58:10,740 [pool-27-thread-1] INFO  server.RaftServerConfigKeys (ConfUtils.java:logGet(43)) - raft.server.log.statemachine.data.caching.enabled = true (custom)
2019-09-20 09:58:10,740 [pool-49-thread-1] INFO  server.RaftServerConfigKeys (ConfUtils.java:logGet(43)) - raft.server.log.statemachine.data.caching.enabled = true (custom)
2019-09-20 09:58:10,740 [pool-71-thread-1] INFO  server.RaftServerConfigKeys (ConfUtils.java:logGet(43)) - raft.server.log.statemachine.data.caching.enabled = true (custom)
2019-09-20 09:58:10,740 [pool-60-thread-1] INFO  server.RaftServerConfigKeys (ConfUtils.java:logGet(43)) - raft.server.log.statemachine.data.caching.enabled = true (custom)
2019-09-20 09:58:10,740 [pool-38-thread-1] INFO  server.RaftServerConfigKeys (ConfUtils.java:logGet(43)) - raft.server.log.statemachine.data.caching.enabled = true (custom)
2019-09-20 09:58:10,747 [pool-49-thread-1] INFO  segmented.SegmentedRaftLogWorker (SegmentedRaftLogWorker.java:lambda$new$0(132)) - dbc0ab45-ebfe-467d-9e23-db8d387d8dfa-SegmentedRaftLogWorker:Storage Directory /workdir/hadoop-ozone/integration-test/target/test-dir/MiniOzoneClusterImpl-e374e5dc-9291-4f0f-8939-22f477a73ed1/datanode-2/data/ratis/5a3e52e4-059d-4eed-9976-64c6e6ce1ac0: flushIndex: setUnconditionally 0 -> -1
2019-09-20 09:58:10,747 [pool-60-thread-1] INFO  segmented.SegmentedRaftLogWorker (SegmentedRaftLogWorker.java:lambda$new$0(132)) - c7410048-26d9-4bf7-b464-854ccc21edd1-SegmentedRaftLogWorker:Storage Directory /workdir/hadoop-ozone/integration-test/target/test-dir/MiniOzoneClusterImpl-e374e5dc-9291-4f0f-8939-22f477a73ed1/datanode-3/data/ratis/b461abf9-3641-4a5b-8e9d-5558bdb326cf: flushIndex: setUnconditionally 0 -> -1
2019-09-20 09:58:10,747 [pool-27-thread-1] INFO  segmented.SegmentedRaftLogWorker (SegmentedRaftLogWorker.java:lambda$new$0(132)) - 3ae9388a-4567-4217-bf64-5c7336827dbd-SegmentedRaftLogWorker:Storage Directory /workdir/hadoop-ozone/integration-test/target/test-dir/MiniOzoneClusterImpl-e374e5dc-9291-4f0f-8939-22f477a73ed1/datanode-0/data/ratis/c9236fcb-2fad-471e-9717-70db6333bf9a: flushIndex: setUnconditionally 0 -> -1
2019-09-20 09:58:10,747 [pool-38-thread-1] INFO  segmented.SegmentedRaftLogWorker (SegmentedRaftLogWorker.java:lambda$new$0(132)) - 1e1028b0-b1ae-4fc9-b381-4161cbf4e605-SegmentedRaftLogWorker:Storage Directory /workdir/hadoop-ozone/integration-test/target/test-dir/MiniOzoneClusterImpl-e374e5dc-9291-4f0f-8939-22f477a73ed1/datanode-1/data/ratis/884b6864-767a-49e7-801a-e2fd7ebae310: flushIndex: setUnconditionally 0 -> -1
2019-09-20 09:58:10,747 [pool-71-thread-1] INFO  segmented.SegmentedRaftLogWorker (SegmentedRaftLogWorker.java:lambda$new$0(132)) - 78d2b1a6-2047-44d1-abdb-de599321792b-SegmentedRaftLogWorker:Storage Directory /workdir/hadoop-ozone/integration-test/target/test-dir/MiniOzoneClusterImpl-e374e5dc-9291-4f0f-8939-22f477a73ed1/datanode-4/data/ratis/a9596c78-85da-408f-921d-58e7bd9a8157: flushIndex: setUnconditionally 0 -> -1
2019-09-20 09:58:10,752 [pool-27-thread-1] INFO  server.RaftServerConfigKeys (ConfUtils.java:logGet(43)) - raft.server.snapshot.auto.trigger.enabled = true (custom)
2019-09-20 09:58:10,752 [pool-60-thread-1] INFO  server.RaftServerConfigKeys (ConfUtils.java:logGet(43)) - raft.server.snapshot.auto.trigger.enabled = true (custom)
2019-09-20 09:58:10,752 [pool-71-thread-1] INFO  server.RaftServerConfigKeys (ConfUtils.java:logGet(43)) - raft.server.snapshot.auto.trigger.enabled = true (custom)
2019-09-20 09:58:10,752 [pool-49-thread-1] INFO  server.RaftServerConfigKeys (ConfUtils.java:logGet(43)) - raft.server.snapshot.auto.trigger.enabled = true (custom)
2019-09-20 09:58:10,752 [pool-38-thread-1] INFO  server.RaftServerConfigKeys (ConfUtils.java:logGet(43)) - raft.server.snapshot.auto.trigger.enabled = true (custom)
2019-09-20 09:58:10,754 [pool-27-thread-1] INFO  server.RaftServerConfigKeys (ConfUtils.java:logGet(43)) - raft.server.snapshot.auto.trigger.threshold = 10000 (custom)
2019-09-20 09:58:10,754 [pool-49-thread-1] INFO  server.RaftServerConfigKeys (ConfUtils.java:logGet(43)) - raft.server.snapshot.auto.trigger.threshold = 10000 (custom)
2019-09-20 09:58:10,754 [pool-38-thread-1] INFO  server.RaftServerConfigKeys (ConfUtils.java:logGet(43)) - raft.server.snapshot.auto.trigger.threshold = 10000 (custom)
2019-09-20 09:58:10,754 [pool-27-thread-1] INFO  server.RaftServerConfigKeys (ConfUtils.java:logGet(43)) - raft.server.retrycache.expirytime = 600000ms (custom)
2019-09-20 09:58:10,754 [pool-49-thread-1] INFO  server.RaftServerConfigKeys (ConfUtils.java:logGet(43)) - raft.server.retrycache.expirytime = 600000ms (custom)
2019-09-20 09:58:10,754 [pool-71-thread-1] INFO  server.RaftServerConfigKeys (ConfUtils.java:logGet(43)) - raft.server.snapshot.auto.trigger.threshold = 10000 (custom)
2019-09-20 09:58:10,754 [pool-60-thread-1] INFO  server.RaftServerConfigKeys (ConfUtils.java:logGet(43)) - raft.server.snapshot.auto.trigger.threshold = 10000 (custom)
2019-09-20 09:58:10,755 [pool-71-thread-1] INFO  server.RaftServerConfigKeys (ConfUtils.java:logGet(43)) - raft.server.retrycache.expirytime = 600000ms (custom)
2019-09-20 09:58:10,754 [pool-38-thread-1] INFO  server.RaftServerConfigKeys (ConfUtils.java:logGet(43)) - raft.server.retrycache.expirytime = 600000ms (custom)
2019-09-20 09:58:10,755 [pool-60-thread-1] INFO  server.RaftServerConfigKeys (ConfUtils.java:logGet(43)) - raft.server.retrycache.expirytime = 600000ms (custom)
2019-09-20 09:58:10,774 [pool-27-thread-1] INFO  impl.RaftServerImpl (RaftServerImpl.java:start(180)) - 3ae9388a-4567-4217-bf64-5c7336827dbd: start group-70DB6333BF9A
2019-09-20 09:58:10,774 [pool-38-thread-1] INFO  impl.RaftServerImpl (RaftServerImpl.java:start(180)) - 1e1028b0-b1ae-4fc9-b381-4161cbf4e605: start group-E2FD7EBAE310
2019-09-20 09:58:10,774 [pool-49-thread-1] INFO  impl.RaftServerImpl (RaftServerImpl.java:start(180)) - dbc0ab45-ebfe-467d-9e23-db8d387d8dfa: start group-64C6E6CE1AC0
2019-09-20 09:58:10,774 [pool-71-thread-1] INFO  impl.RaftServerImpl (RaftServerImpl.java:start(180)) - 78d2b1a6-2047-44d1-abdb-de599321792b: start group-58E7BD9A8157
2019-09-20 09:58:10,774 [pool-60-thread-1] INFO  impl.RaftServerImpl (RaftServerImpl.java:start(180)) - c7410048-26d9-4bf7-b464-854ccc21edd1: start group-5558BDB326CF
2019-09-20 09:58:10,775 [pool-49-thread-1] INFO  impl.RaftServerImpl (RaftServerImpl.java:setRole(171)) - dbc0ab45-ebfe-467d-9e23-db8d387d8dfa:group-64C6E6CE1AC0 changes role from null to FOLLOWER at term 0 for startAsFollower
2019-09-20 09:58:10,775 [pool-71-thread-1] INFO  impl.RaftServerImpl (RaftServerImpl.java:setRole(171)) - 78d2b1a6-2047-44d1-abdb-de599321792b:group-58E7BD9A8157 changes role from null to FOLLOWER at term 0 for startAsFollower
2019-09-20 09:58:10,775 [pool-27-thread-1] INFO  impl.RaftServerImpl (RaftServerImpl.java:setRole(171)) - 3ae9388a-4567-4217-bf64-5c7336827dbd:group-70DB6333BF9A changes role from null to FOLLOWER at term 0 for startAsFollower
2019-09-20 09:58:10,775 [pool-60-thread-1] INFO  impl.RaftServerImpl (RaftServerImpl.java:setRole(171)) - c7410048-26d9-4bf7-b464-854ccc21edd1:group-5558BDB326CF changes role from null to FOLLOWER at term 0 for startAsFollower
2019-09-20 09:58:10,775 [pool-38-thread-1] INFO  impl.RaftServerImpl (RaftServerImpl.java:setRole(171)) - 1e1028b0-b1ae-4fc9-b381-4161cbf4e605:group-E2FD7EBAE310 changes role from null to FOLLOWER at term 0 for startAsFollower
2019-09-20 09:58:10,776 [pool-49-thread-1] INFO  impl.RoleInfo (RoleInfo.java:updateAndGet(143)) - dbc0ab45-ebfe-467d-9e23-db8d387d8dfa: start FollowerState
2019-09-20 09:58:10,776 [pool-27-thread-1] INFO  impl.RoleInfo (RoleInfo.java:updateAndGet(143)) - 3ae9388a-4567-4217-bf64-5c7336827dbd: start FollowerState
2019-09-20 09:58:10,776 [pool-38-thread-1] INFO  impl.RoleInfo (RoleInfo.java:updateAndGet(143)) - 1e1028b0-b1ae-4fc9-b381-4161cbf4e605: start FollowerState
2019-09-20 09:58:10,777 [pool-60-thread-1] INFO  impl.RoleInfo (RoleInfo.java:updateAndGet(143)) - c7410048-26d9-4bf7-b464-854ccc21edd1: start FollowerState
2019-09-20 09:58:10,777 [pool-71-thread-1] INFO  impl.RoleInfo (RoleInfo.java:updateAndGet(143)) - 78d2b1a6-2047-44d1-abdb-de599321792b: start FollowerState
2019-09-20 09:58:10,778 [pool-27-thread-1] INFO  util.JmxRegister (JmxRegister.java:tryRegister(44)) - Successfully registered JMX Bean with object name Ratis:service=RaftServer,group=group-70DB6333BF9A,id=3ae9388a-4567-4217-bf64-5c7336827dbd
2019-09-20 09:58:10,778 [pool-38-thread-1] INFO  util.JmxRegister (JmxRegister.java:tryRegister(44)) - Successfully registered JMX Bean with object name Ratis:service=RaftServer,group=group-E2FD7EBAE310,id=1e1028b0-b1ae-4fc9-b381-4161cbf4e605
2019-09-20 09:58:10,778 [pool-71-thread-1] INFO  util.JmxRegister (JmxRegister.java:tryRegister(44)) - Successfully registered JMX Bean with object name Ratis:service=RaftServer,group=group-58E7BD9A8157,id=78d2b1a6-2047-44d1-abdb-de599321792b
2019-09-20 09:58:10,779 [pool-49-thread-1] INFO  util.JmxRegister (JmxRegister.java:tryRegister(44)) - Successfully registered JMX Bean with object name Ratis:service=RaftServer,group=group-64C6E6CE1AC0,id=dbc0ab45-ebfe-467d-9e23-db8d387d8dfa
2019-09-20 09:58:10,779 [pool-60-thread-1] INFO  util.JmxRegister (JmxRegister.java:tryRegister(44)) - Successfully registered JMX Bean with object name Ratis:service=RaftServer,group=group-5558BDB326CF,id=c7410048-26d9-4bf7-b464-854ccc21edd1
2019-09-20 09:58:10,794 | INFO  | SCMAudit | user=jenkins1000 | ip=192.168.151.119 | op=SEND_HEARTBEAT {datanodeUUID=1e1028b0-b1ae-4fc9-b381-4161cbf4e605, command=[]} | ret=SUCCESS |  
2019-09-20 09:58:10,849 [Command processor thread] INFO  commandhandler.CreatePipelineCommandHandler (CreatePipelineCommandHandler.java:handle(112)) - Create Pipeline RATIS ONE #PipelineID=c9236fcb-2fad-471e-9717-70db6333bf9a command succeed on datanode 3ae9388a-4567-4217-bf64-5c7336827dbd.
2019-09-20 09:58:10,849 [Command processor thread] INFO  commandhandler.CreatePipelineCommandHandler (CreatePipelineCommandHandler.java:handle(112)) - Create Pipeline RATIS ONE #PipelineID=a9596c78-85da-408f-921d-58e7bd9a8157 command succeed on datanode 78d2b1a6-2047-44d1-abdb-de599321792b.
2019-09-20 09:58:10,849 [Command processor thread] INFO  commandhandler.CreatePipelineCommandHandler (CreatePipelineCommandHandler.java:handle(112)) - Create Pipeline RATIS ONE #PipelineID=b461abf9-3641-4a5b-8e9d-5558bdb326cf command succeed on datanode c7410048-26d9-4bf7-b464-854ccc21edd1.
2019-09-20 09:58:10,849 [Command processor thread] INFO  commandhandler.CreatePipelineCommandHandler (CreatePipelineCommandHandler.java:handle(112)) - Create Pipeline RATIS ONE #PipelineID=5a3e52e4-059d-4eed-9976-64c6e6ce1ac0 command succeed on datanode dbc0ab45-ebfe-467d-9e23-db8d387d8dfa.
2019-09-20 09:58:10,849 [Command processor thread] INFO  commandhandler.CreatePipelineCommandHandler (CreatePipelineCommandHandler.java:handle(112)) - Create Pipeline RATIS ONE #PipelineID=884b6864-767a-49e7-801a-e2fd7ebae310 command succeed on datanode 1e1028b0-b1ae-4fc9-b381-4161cbf4e605.
2019-09-20 09:58:10,891 [grpc-default-executor-1] INFO  impl.RaftServerProxy (RaftServerProxy.java:addNew(89)) - dbc0ab45-ebfe-467d-9e23-db8d387d8dfa: addNew group-587569ED29EB:[1e1028b0-b1ae-4fc9-b381-4161cbf4e605:192.168.151.119:43571, 3ae9388a-4567-4217-bf64-5c7336827dbd:192.168.151.119:40807, dbc0ab45-ebfe-467d-9e23-db8d387d8dfa:192.168.151.119:46677] returns group-587569ED29EB:java.util.concurrent.CompletableFuture@3cec6312[Not completed]
2019-09-20 09:58:10,895 [grpc-default-executor-1] INFO  impl.RaftServerProxy (RaftServerProxy.java:addNew(89)) - 3ae9388a-4567-4217-bf64-5c7336827dbd: addNew group-587569ED29EB:[1e1028b0-b1ae-4fc9-b381-4161cbf4e605:192.168.151.119:43571, 3ae9388a-4567-4217-bf64-5c7336827dbd:192.168.151.119:40807, dbc0ab45-ebfe-467d-9e23-db8d387d8dfa:192.168.151.119:46677] returns group-587569ED29EB:java.util.concurrent.CompletableFuture@29130e13[Not completed]
2019-09-20 09:58:10,895 [pool-49-thread-1] INFO  impl.RaftServerImpl (RaftServerImpl.java:<init>(93)) - dbc0ab45-ebfe-467d-9e23-db8d387d8dfa: new RaftServerImpl for group-587569ED29EB:[1e1028b0-b1ae-4fc9-b381-4161cbf4e605:192.168.151.119:43571, 3ae9388a-4567-4217-bf64-5c7336827dbd:192.168.151.119:40807, dbc0ab45-ebfe-467d-9e23-db8d387d8dfa:192.168.151.119:46677] with ContainerStateMachine:uninitialized
2019-09-20 09:58:10,896 [pool-49-thread-1] INFO  server.RaftServerConfigKeys (ConfUtils.java:logGet(43)) - raft.server.rpc.timeout.min = 5s (custom)
2019-09-20 09:58:10,897 [pool-49-thread-1] INFO  server.RaftServerConfigKeys (ConfUtils.java:logGet(43)) - raft.server.rpc.timeout.max = 5200ms (custom)
2019-09-20 09:58:10,897 [grpc-default-executor-1] INFO  impl.RaftServerProxy (RaftServerProxy.java:addNew(89)) - 1e1028b0-b1ae-4fc9-b381-4161cbf4e605: addNew group-587569ED29EB:[1e1028b0-b1ae-4fc9-b381-4161cbf4e605:192.168.151.119:43571, 3ae9388a-4567-4217-bf64-5c7336827dbd:192.168.151.119:40807, dbc0ab45-ebfe-467d-9e23-db8d387d8dfa:192.168.151.119:46677] returns group-587569ED29EB:java.util.concurrent.CompletableFuture@39cc5f94[Not completed]
2019-09-20 09:58:10,897 [pool-27-thread-1] INFO  impl.RaftServerImpl (RaftServerImpl.java:<init>(93)) - 3ae9388a-4567-4217-bf64-5c7336827dbd: new RaftServerImpl for group-587569ED29EB:[1e1028b0-b1ae-4fc9-b381-4161cbf4e605:192.168.151.119:43571, 3ae9388a-4567-4217-bf64-5c7336827dbd:192.168.151.119:40807, dbc0ab45-ebfe-467d-9e23-db8d387d8dfa:192.168.151.119:46677] with ContainerStateMachine:uninitialized
2019-09-20 09:58:10,897 [pool-49-thread-1] INFO  server.RaftServerConfigKeys (ConfUtils.java:logGet(43)) - raft.server.rpcslowness.timeout = 120s (custom)
2019-09-20 09:58:10,897 [pool-27-thread-1] INFO  server.RaftServerConfigKeys (ConfUtils.java:logGet(43)) - raft.server.rpc.timeout.min = 5s (custom)
2019-09-20 09:58:10,897 [pool-49-thread-1] INFO  server.RaftServerConfigKeys (ConfUtils.java:logGet(43)) - raft.server.sleep.deviation.threshold = 300 (default)
2019-09-20 09:58:10,898 [pool-27-thread-1] INFO  server.RaftServerConfigKeys (ConfUtils.java:logGet(43)) - raft.server.rpc.timeout.max = 5200ms (custom)
2019-09-20 09:58:10,898 [pool-49-thread-1] INFO  server.RaftServerConfigKeys (ConfUtils.java:logGet(43)) - raft.server.log.appender.install.snapshot.enabled = false (custom)
2019-09-20 09:58:10,898 [pool-27-thread-1] INFO  server.RaftServerConfigKeys (ConfUtils.java:logGet(43)) - raft.server.rpcslowness.timeout = 120s (custom)
2019-09-20 09:58:10,898 [pool-49-thread-1] INFO  impl.RaftServerImpl (ServerState.java:<init>(105)) - dbc0ab45-ebfe-467d-9e23-db8d387d8dfa:group-587569ED29EB ConfigurationManager, init=-1: [1e1028b0-b1ae-4fc9-b381-4161cbf4e605:192.168.151.119:43571, 3ae9388a-4567-4217-bf64-5c7336827dbd:192.168.151.119:40807, dbc0ab45-ebfe-467d-9e23-db8d387d8dfa:192.168.151.119:46677], old=null, confs=<EMPTY_MAP>
2019-09-20 09:58:10,898 [pool-27-thread-1] INFO  server.RaftServerConfigKeys (ConfUtils.java:logGet(43)) - raft.server.sleep.deviation.threshold = 300 (default)
2019-09-20 09:58:10,898 [pool-27-thread-1] INFO  server.RaftServerConfigKeys (ConfUtils.java:logGet(43)) - raft.server.log.appender.install.snapshot.enabled = false (custom)
2019-09-20 09:58:10,898 [pool-49-thread-1] INFO  server.RaftServerConfigKeys (ConfUtils.java:logGet(43)) - raft.server.storage.dir = [/workdir/hadoop-ozone/integration-test/target/test-dir/MiniOzoneClusterImpl-e374e5dc-9291-4f0f-8939-22f477a73ed1/datanode-2/data/ratis] (custom)
2019-09-20 09:58:10,899 [pool-38-thread-1] INFO  impl.RaftServerImpl (RaftServerImpl.java:<init>(93)) - 1e1028b0-b1ae-4fc9-b381-4161cbf4e605: new RaftServerImpl for group-587569ED29EB:[1e1028b0-b1ae-4fc9-b381-4161cbf4e605:192.168.151.119:43571, 3ae9388a-4567-4217-bf64-5c7336827dbd:192.168.151.119:40807, dbc0ab45-ebfe-467d-9e23-db8d387d8dfa:192.168.151.119:46677] with ContainerStateMachine:uninitialized
2019-09-20 09:58:10,898 [pool-27-thread-1] INFO  impl.RaftServerImpl (ServerState.java:<init>(105)) - 3ae9388a-4567-4217-bf64-5c7336827dbd:group-587569ED29EB ConfigurationManager, init=-1: [1e1028b0-b1ae-4fc9-b381-4161cbf4e605:192.168.151.119:43571, 3ae9388a-4567-4217-bf64-5c7336827dbd:192.168.151.119:40807, dbc0ab45-ebfe-467d-9e23-db8d387d8dfa:192.168.151.119:46677], old=null, confs=<EMPTY_MAP>
2019-09-20 09:58:10,899 [pool-38-thread-1] INFO  server.RaftServerConfigKeys (ConfUtils.java:logGet(43)) - raft.server.rpc.timeout.min = 5s (custom)
2019-09-20 09:58:10,899 [pool-27-thread-1] INFO  server.RaftServerConfigKeys (ConfUtils.java:logGet(43)) - raft.server.storage.dir = [/workdir/hadoop-ozone/integration-test/target/test-dir/MiniOzoneClusterImpl-e374e5dc-9291-4f0f-8939-22f477a73ed1/datanode-0/data/ratis] (custom)
2019-09-20 09:58:10,899 [pool-49-thread-1] INFO  storage.RaftStorageDirectory (RaftStorageDirectory.java:analyzeStorage(246)) - The storage directory /workdir/hadoop-ozone/integration-test/target/test-dir/MiniOzoneClusterImpl-e374e5dc-9291-4f0f-8939-22f477a73ed1/datanode-2/data/ratis/14114002-ba6d-4e85-b143-587569ed29eb does not exist. Creating ...
2019-09-20 09:58:10,899 [pool-38-thread-1] INFO  server.RaftServerConfigKeys (ConfUtils.java:logGet(43)) - raft.server.rpc.timeout.max = 5200ms (custom)
2019-09-20 09:58:10,899 [pool-27-thread-1] INFO  storage.RaftStorageDirectory (RaftStorageDirectory.java:analyzeStorage(246)) - The storage directory /workdir/hadoop-ozone/integration-test/target/test-dir/MiniOzoneClusterImpl-e374e5dc-9291-4f0f-8939-22f477a73ed1/datanode-0/data/ratis/14114002-ba6d-4e85-b143-587569ed29eb does not exist. Creating ...
2019-09-20 09:58:10,900 [pool-38-thread-1] INFO  server.RaftServerConfigKeys (ConfUtils.java:logGet(43)) - raft.server.rpcslowness.timeout = 120s (custom)
2019-09-20 09:58:10,900 [pool-38-thread-1] INFO  server.RaftServerConfigKeys (ConfUtils.java:logGet(43)) - raft.server.sleep.deviation.threshold = 300 (default)
2019-09-20 09:58:10,900 [pool-38-thread-1] INFO  server.RaftServerConfigKeys (ConfUtils.java:logGet(43)) - raft.server.log.appender.install.snapshot.enabled = false (custom)
2019-09-20 09:58:10,900 [pool-38-thread-1] INFO  impl.RaftServerImpl (ServerState.java:<init>(105)) - 1e1028b0-b1ae-4fc9-b381-4161cbf4e605:group-587569ED29EB ConfigurationManager, init=-1: [1e1028b0-b1ae-4fc9-b381-4161cbf4e605:192.168.151.119:43571, 3ae9388a-4567-4217-bf64-5c7336827dbd:192.168.151.119:40807, dbc0ab45-ebfe-467d-9e23-db8d387d8dfa:192.168.151.119:46677], old=null, confs=<EMPTY_MAP>
2019-09-20 09:58:10,900 [pool-38-thread-1] INFO  server.RaftServerConfigKeys (ConfUtils.java:logGet(43)) - raft.server.storage.dir = [/workdir/hadoop-ozone/integration-test/target/test-dir/MiniOzoneClusterImpl-e374e5dc-9291-4f0f-8939-22f477a73ed1/datanode-1/data/ratis] (custom)
2019-09-20 09:58:10,901 [pool-38-thread-1] INFO  storage.RaftStorageDirectory (RaftStorageDirectory.java:analyzeStorage(246)) - The storage directory /workdir/hadoop-ozone/integration-test/target/test-dir/MiniOzoneClusterImpl-e374e5dc-9291-4f0f-8939-22f477a73ed1/datanode-1/data/ratis/14114002-ba6d-4e85-b143-587569ed29eb does not exist. Creating ...
2019-09-20 09:58:10,913 [pool-38-thread-1] INFO  storage.RaftStorageDirectory (RaftStorageDirectory.java:tryLock(328)) - Lock on /workdir/hadoop-ozone/integration-test/target/test-dir/MiniOzoneClusterImpl-e374e5dc-9291-4f0f-8939-22f477a73ed1/datanode-1/data/ratis/14114002-ba6d-4e85-b143-587569ed29eb/in_use.lock acquired by nodename 23327@pr-hdds-2034-wmsbd-1222111393
2019-09-20 09:58:10,913 [pool-27-thread-1] INFO  storage.RaftStorageDirectory (RaftStorageDirectory.java:tryLock(328)) - Lock on /workdir/hadoop-ozone/integration-test/target/test-dir/MiniOzoneClusterImpl-e374e5dc-9291-4f0f-8939-22f477a73ed1/datanode-0/data/ratis/14114002-ba6d-4e85-b143-587569ed29eb/in_use.lock acquired by nodename 23327@pr-hdds-2034-wmsbd-1222111393
2019-09-20 09:58:10,913 [pool-49-thread-1] INFO  storage.RaftStorageDirectory (RaftStorageDirectory.java:tryLock(328)) - Lock on /workdir/hadoop-ozone/integration-test/target/test-dir/MiniOzoneClusterImpl-e374e5dc-9291-4f0f-8939-22f477a73ed1/datanode-2/data/ratis/14114002-ba6d-4e85-b143-587569ed29eb/in_use.lock acquired by nodename 23327@pr-hdds-2034-wmsbd-1222111393
2019-09-20 09:58:10,927 [pool-38-thread-1] INFO  storage.RaftStorage (RaftStorage.java:format(72)) - Storage directory /workdir/hadoop-ozone/integration-test/target/test-dir/MiniOzoneClusterImpl-e374e5dc-9291-4f0f-8939-22f477a73ed1/datanode-1/data/ratis/14114002-ba6d-4e85-b143-587569ed29eb has been successfully formatted.
2019-09-20 09:58:10,927 [pool-27-thread-1] INFO  storage.RaftStorage (RaftStorage.java:format(72)) - Storage directory /workdir/hadoop-ozone/integration-test/target/test-dir/MiniOzoneClusterImpl-e374e5dc-9291-4f0f-8939-22f477a73ed1/datanode-0/data/ratis/14114002-ba6d-4e85-b143-587569ed29eb has been successfully formatted.
2019-09-20 09:58:10,927 [pool-49-thread-1] INFO  storage.RaftStorage (RaftStorage.java:format(72)) - Storage directory /workdir/hadoop-ozone/integration-test/target/test-dir/MiniOzoneClusterImpl-e374e5dc-9291-4f0f-8939-22f477a73ed1/datanode-2/data/ratis/14114002-ba6d-4e85-b143-587569ed29eb has been successfully formatted.
2019-09-20 09:58:10,927 [pool-38-thread-1] INFO  ratis.ContainerStateMachine (ContainerStateMachine.java:loadSnapshot(226)) - group-587569ED29EB: The snapshot info is null. Setting the last applied indexto:(t:0, i:~)
2019-09-20 09:58:10,927 [pool-27-thread-1] INFO  ratis.ContainerStateMachine (ContainerStateMachine.java:loadSnapshot(226)) - group-587569ED29EB: The snapshot info is null. Setting the last applied indexto:(t:0, i:~)
2019-09-20 09:58:10,928 [pool-38-thread-1] INFO  server.RaftServerConfigKeys (ConfUtils.java:logGet(43)) - raft.server.leader.election.timeout = 120s (custom)
2019-09-20 09:58:10,928 [pool-49-thread-1] INFO  ratis.ContainerStateMachine (ContainerStateMachine.java:loadSnapshot(226)) - group-587569ED29EB: The snapshot info is null. Setting the last applied indexto:(t:0, i:~)
2019-09-20 09:58:10,928 [pool-38-thread-1] INFO  server.RaftServerConfigKeys (ConfUtils.java:logGet(43)) - raft.server.log.use.memory = false (default)
2019-09-20 09:58:10,928 [pool-27-thread-1] INFO  server.RaftServerConfigKeys (ConfUtils.java:logGet(43)) - raft.server.leader.election.timeout = 120s (custom)
2019-09-20 09:58:10,928 [pool-38-thread-1] INFO  server.RaftServerConfigKeys (ConfUtils.java:logGet(43)) - raft.server.log.purge.gap = 1000000 (custom)
2019-09-20 09:58:10,928 [pool-49-thread-1] INFO  server.RaftServerConfigKeys (ConfUtils.java:logGet(43)) - raft.server.leader.election.timeout = 120s (custom)
2019-09-20 09:58:10,929 [pool-38-thread-1] INFO  server.RaftServerConfigKeys (ConfUtils.java:logGet(43)) - raft.server.log.appender.buffer.byte-limit = 33554432 (custom)
2019-09-20 09:58:10,928 [pool-27-thread-1] INFO  server.RaftServerConfigKeys (ConfUtils.java:logGet(43)) - raft.server.log.use.memory = false (default)
2019-09-20 09:58:10,929 [pool-38-thread-1] INFO  server.RaftServerConfigKeys (ConfUtils.java:logGet(43)) - raft.server.log.segment.size.max = 1048576 (custom)
2019-09-20 09:58:10,929 [pool-49-thread-1] INFO  server.RaftServerConfigKeys (ConfUtils.java:logGet(43)) - raft.server.log.use.memory = false (default)
2019-09-20 09:58:10,929 [pool-38-thread-1] INFO  server.RaftServerConfigKeys (ConfUtils.java:logGet(43)) - raft.server.log.segment.cache.num.max = 2 (custom)
2019-09-20 09:58:10,929 [pool-27-thread-1] INFO  server.RaftServerConfigKeys (ConfUtils.java:logGet(43)) - raft.server.log.purge.gap = 1000000 (custom)
2019-09-20 09:58:10,930 [pool-38-thread-1] INFO  segmented.SegmentedRaftLogWorker (SegmentedRaftLogWorker.java:<init>(172)) - new 1e1028b0-b1ae-4fc9-b381-4161cbf4e605-SegmentedRaftLogWorker:Storage Directory /workdir/hadoop-ozone/integration-test/target/test-dir/MiniOzoneClusterImpl-e374e5dc-9291-4f0f-8939-22f477a73ed1/datanode-1/data/ratis/14114002-ba6d-4e85-b143-587569ed29eb for RaftStorage:Storage Directory /workdir/hadoop-ozone/integration-test/target/test-dir/MiniOzoneClusterImpl-e374e5dc-9291-4f0f-8939-22f477a73ed1/datanode-1/data/ratis/14114002-ba6d-4e85-b143-587569ed29eb
2019-09-20 09:58:10,929 [pool-49-thread-1] INFO  server.RaftServerConfigKeys (ConfUtils.java:logGet(43)) - raft.server.log.purge.gap = 1000000 (custom)
2019-09-20 09:58:10,930 [pool-38-thread-1] INFO  server.RaftServerConfigKeys (ConfUtils.java:logGet(43)) - raft.server.log.queue.byte-limit = 2147483647 (custom)
2019-09-20 09:58:10,930 [pool-27-thread-1] INFO  server.RaftServerConfigKeys (ConfUtils.java:logGet(43)) - raft.server.log.appender.buffer.byte-limit = 33554432 (custom)
2019-09-20 09:58:10,931 [pool-38-thread-1] INFO  server.RaftServerConfigKeys (ConfUtils.java:logGet(43)) - raft.server.log.queue.element-limit = 1024 (custom)
2019-09-20 09:58:10,930 [pool-49-thread-1] INFO  server.RaftServerConfigKeys (ConfUtils.java:logGet(43)) - raft.server.log.appender.buffer.byte-limit = 33554432 (custom)
2019-09-20 09:58:10,932 [pool-38-thread-1] INFO  server.RaftServerConfigKeys (ConfUtils.java:logGet(43)) - raft.server.log.segment.size.max = 1048576 (custom)
2019-09-20 09:58:10,932 [pool-27-thread-1] INFO  server.RaftServerConfigKeys (ConfUtils.java:logGet(43)) - raft.server.log.segment.size.max = 1048576 (custom)
2019-09-20 09:58:10,932 [pool-38-thread-1] INFO  server.RaftServerConfigKeys (ConfUtils.java:logGet(43)) - raft.server.log.preallocated.size = 16384 (custom)
2019-09-20 09:58:10,932 [pool-49-thread-1] INFO  server.RaftServerConfigKeys (ConfUtils.java:logGet(43)) - raft.server.log.segment.size.max = 1048576 (custom)
2019-09-20 09:58:10,932 [pool-38-thread-1] INFO  server.RaftServerConfigKeys (ConfUtils.java:logGet(43)) - raft.server.log.write.buffer.size = 33554432 (custom)
2019-09-20 09:58:10,932 [pool-27-thread-1] INFO  server.RaftServerConfigKeys (ConfUtils.java:logGet(43)) - raft.server.log.segment.cache.num.max = 2 (custom)
2019-09-20 09:58:10,933 [pool-38-thread-1] INFO  server.RaftServerConfigKeys (ConfUtils.java:logGet(43)) - raft.server.log.force.sync.num = 128 (default)
2019-09-20 09:58:10,933 [pool-49-thread-1] INFO  server.RaftServerConfigKeys (ConfUtils.java:logGet(43)) - raft.server.log.segment.cache.num.max = 2 (custom)
2019-09-20 09:58:10,933 [pool-38-thread-1] INFO  server.RaftServerConfigKeys (ConfUtils.java:logGet(43)) - raft.server.log.statemachine.data.sync = true (default)
2019-09-20 09:58:10,933 [pool-27-thread-1] INFO  segmented.SegmentedRaftLogWorker (SegmentedRaftLogWorker.java:<init>(172)) - new 3ae9388a-4567-4217-bf64-5c7336827dbd-SegmentedRaftLogWorker:Storage Directory /workdir/hadoop-ozone/integration-test/target/test-dir/MiniOzoneClusterImpl-e374e5dc-9291-4f0f-8939-22f477a73ed1/datanode-0/data/ratis/14114002-ba6d-4e85-b143-587569ed29eb for RaftStorage:Storage Directory /workdir/hadoop-ozone/integration-test/target/test-dir/MiniOzoneClusterImpl-e374e5dc-9291-4f0f-8939-22f477a73ed1/datanode-0/data/ratis/14114002-ba6d-4e85-b143-587569ed29eb
2019-09-20 09:58:10,933 [pool-38-thread-1] INFO  server.RaftServerConfigKeys (ConfUtils.java:logGet(43)) - raft.server.log.statemachine.data.sync.timeout = 10s (default)
2019-09-20 09:58:10,933 [pool-49-thread-1] INFO  segmented.SegmentedRaftLogWorker (SegmentedRaftLogWorker.java:<init>(172)) - new dbc0ab45-ebfe-467d-9e23-db8d387d8dfa-SegmentedRaftLogWorker:Storage Directory /workdir/hadoop-ozone/integration-test/target/test-dir/MiniOzoneClusterImpl-e374e5dc-9291-4f0f-8939-22f477a73ed1/datanode-2/data/ratis/14114002-ba6d-4e85-b143-587569ed29eb for RaftStorage:Storage Directory /workdir/hadoop-ozone/integration-test/target/test-dir/MiniOzoneClusterImpl-e374e5dc-9291-4f0f-8939-22f477a73ed1/datanode-2/data/ratis/14114002-ba6d-4e85-b143-587569ed29eb
2019-09-20 09:58:10,935 [pool-38-thread-1] INFO  server.RaftServerConfigKeys (ConfUtils.java:logGet(43)) - raft.server.log.statemachine.data.sync.timeout.retry = -1 (default)
2019-09-20 09:58:10,934 [pool-27-thread-1] INFO  server.RaftServerConfigKeys (ConfUtils.java:logGet(43)) - raft.server.log.queue.byte-limit = 2147483647 (custom)
2019-09-20 09:58:10,937 [pool-38-thread-1] INFO  server.RaftServerConfigKeys (ConfUtils.java:logGet(43)) - raft.server.log.statemachine.data.caching.enabled = true (custom)
2019-09-20 09:58:10,935 [pool-49-thread-1] INFO  server.RaftServerConfigKeys (ConfUtils.java:logGet(43)) - raft.server.log.queue.byte-limit = 2147483647 (custom)
2019-09-20 09:58:10,937 [pool-27-thread-1] INFO  server.RaftServerConfigKeys (ConfUtils.java:logGet(43)) - raft.server.log.queue.element-limit = 1024 (custom)
2019-09-20 09:58:10,937 [pool-38-thread-1] INFO  segmented.SegmentedRaftLogWorker (SegmentedRaftLogWorker.java:lambda$new$0(132)) - 1e1028b0-b1ae-4fc9-b381-4161cbf4e605-SegmentedRaftLogWorker:Storage Directory /workdir/hadoop-ozone/integration-test/target/test-dir/MiniOzoneClusterImpl-e374e5dc-9291-4f0f-8939-22f477a73ed1/datanode-1/data/ratis/14114002-ba6d-4e85-b143-587569ed29eb: flushIndex: setUnconditionally 0 -> -1
2019-09-20 09:58:10,937 [pool-49-thread-1] INFO  server.RaftServerConfigKeys (ConfUtils.java:logGet(43)) - raft.server.log.queue.element-limit = 1024 (custom)
2019-09-20 09:58:10,938 [pool-27-thread-1] INFO  server.RaftServerConfigKeys (ConfUtils.java:logGet(43)) - raft.server.log.segment.size.max = 1048576 (custom)
2019-09-20 09:58:10,938 [pool-38-thread-1] INFO  server.RaftServerConfigKeys (ConfUtils.java:logGet(43)) - raft.server.snapshot.auto.trigger.enabled = true (custom)
2019-09-20 09:58:10,938 [pool-49-thread-1] INFO  server.RaftServerConfigKeys (ConfUtils.java:logGet(43)) - raft.server.log.segment.size.max = 1048576 (custom)
2019-09-20 09:58:10,938 [pool-38-thread-1] INFO  server.RaftServerConfigKeys (ConfUtils.java:logGet(43)) - raft.server.snapshot.auto.trigger.threshold = 10000 (custom)
2019-09-20 09:58:10,938 [pool-27-thread-1] INFO  server.RaftServerConfigKeys (ConfUtils.java:logGet(43)) - raft.server.log.preallocated.size = 16384 (custom)
2019-09-20 09:58:10,939 [pool-38-thread-1] INFO  server.RaftServerConfigKeys (ConfUtils.java:logGet(43)) - raft.server.retrycache.expirytime = 600000ms (custom)
2019-09-20 09:58:10,938 [pool-49-thread-1] INFO  server.RaftServerConfigKeys (ConfUtils.java:logGet(43)) - raft.server.log.preallocated.size = 16384 (custom)
2019-09-20 09:58:10,939 [pool-38-thread-1] INFO  impl.RaftServerImpl (RaftServerImpl.java:start(180)) - 1e1028b0-b1ae-4fc9-b381-4161cbf4e605: start group-587569ED29EB
2019-09-20 09:58:10,939 [pool-49-thread-1] INFO  server.RaftServerConfigKeys (ConfUtils.java:logGet(43)) - raft.server.log.write.buffer.size = 33554432 (custom)
2019-09-20 09:58:10,939 [pool-27-thread-1] INFO  server.RaftServerConfigKeys (ConfUtils.java:logGet(43)) - raft.server.log.write.buffer.size = 33554432 (custom)
2019-09-20 09:58:10,939 [pool-49-thread-1] INFO  server.RaftServerConfigKeys (ConfUtils.java:logGet(43)) - raft.server.log.force.sync.num = 128 (default)
2019-09-20 09:58:10,939 [pool-38-thread-1] INFO  impl.RaftServerImpl (RaftServerImpl.java:setRole(171)) - 1e1028b0-b1ae-4fc9-b381-4161cbf4e605:group-587569ED29EB changes role from null to FOLLOWER at term 0 for startAsFollower
2019-09-20 09:58:10,940 [pool-49-thread-1] INFO  server.RaftServerConfigKeys (ConfUtils.java:logGet(43)) - raft.server.log.statemachine.data.sync = true (default)
2019-09-20 09:58:10,940 [pool-27-thread-1] INFO  server.RaftServerConfigKeys (ConfUtils.java:logGet(43)) - raft.server.log.force.sync.num = 128 (default)
2019-09-20 09:58:10,940 [pool-49-thread-1] INFO  server.RaftServerConfigKeys (ConfUtils.java:logGet(43)) - raft.server.log.statemachine.data.sync.timeout = 10s (default)
2019-09-20 09:58:10,940 [pool-38-thread-1] INFO  impl.RoleInfo (RoleInfo.java:updateAndGet(143)) - 1e1028b0-b1ae-4fc9-b381-4161cbf4e605: start FollowerState
2019-09-20 09:58:10,940 [pool-49-thread-1] INFO  server.RaftServerConfigKeys (ConfUtils.java:logGet(43)) - raft.server.log.statemachine.data.sync.timeout.retry = -1 (default)
2019-09-20 09:58:10,940 [pool-27-thread-1] INFO  server.RaftServerConfigKeys (ConfUtils.java:logGet(43)) - raft.server.log.statemachine.data.sync = true (default)
2019-09-20 09:58:10,941 [pool-49-thread-1] INFO  server.RaftServerConfigKeys (ConfUtils.java:logGet(43)) - raft.server.log.statemachine.data.caching.enabled = true (custom)
2019-09-20 09:58:10,941 [pool-38-thread-1] INFO  util.JmxRegister (JmxRegister.java:tryRegister(44)) - Successfully registered JMX Bean with object name Ratis:service=RaftServer,group=group-587569ED29EB,id=1e1028b0-b1ae-4fc9-b381-4161cbf4e605
2019-09-20 09:58:10,941 [pool-27-thread-1] INFO  server.RaftServerConfigKeys (ConfUtils.java:logGet(43)) - raft.server.log.statemachine.data.sync.timeout = 10s (default)
2019-09-20 09:58:10,941 [pool-49-thread-1] INFO  segmented.SegmentedRaftLogWorker (SegmentedRaftLogWorker.java:lambda$new$0(132)) - dbc0ab45-ebfe-467d-9e23-db8d387d8dfa-SegmentedRaftLogWorker:Storage Directory /workdir/hadoop-ozone/integration-test/target/test-dir/MiniOzoneClusterImpl-e374e5dc-9291-4f0f-8939-22f477a73ed1/datanode-2/data/ratis/14114002-ba6d-4e85-b143-587569ed29eb: flushIndex: setUnconditionally 0 -> -1
2019-09-20 09:58:10,941 [pool-27-thread-1] INFO  server.RaftServerConfigKeys (ConfUtils.java:logGet(43)) - raft.server.log.statemachine.data.sync.timeout.retry = -1 (default)
2019-09-20 09:58:10,941 [pool-49-thread-1] INFO  server.RaftServerConfigKeys (ConfUtils.java:logGet(43)) - raft.server.snapshot.auto.trigger.enabled = true (custom)
2019-09-20 09:58:10,942 [pool-27-thread-1] INFO  server.RaftServerConfigKeys (ConfUtils.java:logGet(43)) - raft.server.log.statemachine.data.caching.enabled = true (custom)
2019-09-20 09:58:10,942 [pool-49-thread-1] INFO  server.RaftServerConfigKeys (ConfUtils.java:logGet(43)) - raft.server.snapshot.auto.trigger.threshold = 10000 (custom)
2019-09-20 09:58:10,942 [pool-27-thread-1] INFO  segmented.SegmentedRaftLogWorker (SegmentedRaftLogWorker.java:lambda$new$0(132)) - 3ae9388a-4567-4217-bf64-5c7336827dbd-SegmentedRaftLogWorker:Storage Directory /workdir/hadoop-ozone/integration-test/target/test-dir/MiniOzoneClusterImpl-e374e5dc-9291-4f0f-8939-22f477a73ed1/datanode-0/data/ratis/14114002-ba6d-4e85-b143-587569ed29eb: flushIndex: setUnconditionally 0 -> -1
2019-09-20 09:58:10,942 [pool-49-thread-1] INFO  server.RaftServerConfigKeys (ConfUtils.java:logGet(43)) - raft.server.retrycache.expirytime = 600000ms (custom)
2019-09-20 09:58:10,942 [pool-27-thread-1] INFO  server.RaftServerConfigKeys (ConfUtils.java:logGet(43)) - raft.server.snapshot.auto.trigger.enabled = true (custom)
2019-09-20 09:58:10,942 [pool-49-thread-1] INFO  impl.RaftServerImpl (RaftServerImpl.java:start(180)) - dbc0ab45-ebfe-467d-9e23-db8d387d8dfa: start group-587569ED29EB
2019-09-20 09:58:10,942 [pool-27-thread-1] INFO  server.RaftServerConfigKeys (ConfUtils.java:logGet(43)) - raft.server.snapshot.auto.trigger.threshold = 10000 (custom)
2019-09-20 09:58:10,943 [pool-49-thread-1] INFO  impl.RaftServerImpl (RaftServerImpl.java:setRole(171)) - dbc0ab45-ebfe-467d-9e23-db8d387d8dfa:group-587569ED29EB changes role from null to FOLLOWER at term 0 for startAsFollower
2019-09-20 09:58:10,943 [pool-27-thread-1] INFO  server.RaftServerConfigKeys (ConfUtils.java:logGet(43)) - raft.server.retrycache.expirytime = 600000ms (custom)
2019-09-20 09:58:10,943 [pool-49-thread-1] INFO  impl.RoleInfo (RoleInfo.java:updateAndGet(143)) - dbc0ab45-ebfe-467d-9e23-db8d387d8dfa: start FollowerState
2019-09-20 09:58:10,943 [pool-27-thread-1] INFO  impl.RaftServerImpl (RaftServerImpl.java:start(180)) - 3ae9388a-4567-4217-bf64-5c7336827dbd: start group-587569ED29EB
2019-09-20 09:58:10,943 [pool-27-thread-1] INFO  impl.RaftServerImpl (RaftServerImpl.java:setRole(171)) - 3ae9388a-4567-4217-bf64-5c7336827dbd:group-587569ED29EB changes role from null to FOLLOWER at term 0 for startAsFollower
2019-09-20 09:58:10,943 [pool-49-thread-1] INFO  util.JmxRegister (JmxRegister.java:tryRegister(44)) - Successfully registered JMX Bean with object name Ratis:service=RaftServer,group=group-587569ED29EB,id=dbc0ab45-ebfe-467d-9e23-db8d387d8dfa
2019-09-20 09:58:10,943 [pool-27-thread-1] INFO  impl.RoleInfo (RoleInfo.java:updateAndGet(143)) - 3ae9388a-4567-4217-bf64-5c7336827dbd: start FollowerState
2019-09-20 09:58:10,944 [pool-27-thread-1] INFO  util.JmxRegister (JmxRegister.java:tryRegister(44)) - Successfully registered JMX Bean with object name Ratis:service=RaftServer,group=group-587569ED29EB,id=3ae9388a-4567-4217-bf64-5c7336827dbd
2019-09-20 09:58:10,948 [Command processor thread] INFO  commandhandler.CreatePipelineCommandHandler (CreatePipelineCommandHandler.java:handle(112)) - Create Pipeline RATIS THREE #PipelineID=14114002-ba6d-4e85-b143-587569ed29eb command succeed on datanode 1e1028b0-b1ae-4fc9-b381-4161cbf4e605.
2019-09-20 09:58:10,957 [Command processor thread] INFO  commandhandler.CreatePipelineCommandHandler (CreatePipelineCommandHandler.java:handle(112)) - Create Pipeline RATIS THREE #PipelineID=14114002-ba6d-4e85-b143-587569ed29eb command succeed on datanode dbc0ab45-ebfe-467d-9e23-db8d387d8dfa.
2019-09-20 09:58:10,961 [Command processor thread] INFO  commandhandler.CreatePipelineCommandHandler (CreatePipelineCommandHandler.java:handle(112)) - Create Pipeline RATIS THREE #PipelineID=14114002-ba6d-4e85-b143-587569ed29eb command succeed on datanode 3ae9388a-4567-4217-bf64-5c7336827dbd.
2019-09-20 09:58:11,237 | INFO  | SCMAudit | user=jenkins1000 | ip=192.168.151.119 | op=SEND_HEARTBEAT {datanodeUUID=dbc0ab45-ebfe-467d-9e23-db8d387d8dfa, command=[]} | ret=SUCCESS |  
2019-09-20 09:58:11,364 | INFO  | SCMAudit | user=jenkins1000 | ip=192.168.151.119 | op=SEND_HEARTBEAT {datanodeUUID=c7410048-26d9-4bf7-b464-854ccc21edd1, command=[]} | ret=SUCCESS |  
2019-09-20 09:58:11,369 [EventQueue-CreatePipelineStatusForSCMPipelineManager] INFO  pipeline.SCMPipelineManager (SCMPipelineManager.java:onMessage(479)) - receive pipeline PipelineID=b461abf9-3641-4a5b-8e9d-5558bdb326cf create status EXECUTED
2019-09-20 09:58:11,372 [EventQueue-CreatePipelineStatusForSCMPipelineManager] INFO  pipeline.PipelineStateManager (PipelineStateManager.java:openPipeline(134)) - Pipeline Pipeline[ Id: b461abf9-3641-4a5b-8e9d-5558bdb326cf, Nodes: c7410048-26d9-4bf7-b464-854ccc21edd1{ip: 192.168.151.119, host: pr-hdds-2034-wmsbd-1222111393, networkLocation: /default-rack, certSerialId: null}, Type:RATIS, Factor:ONE, State:ALLOCATED] moved to OPEN state
add pipeline PipelineID=b461abf9-3641-4a5b-8e9d-5558bdb326cf to metrics map
2019-09-20 09:58:11,373 [EventQueue-OpenPipelineForHealthyPipelineSafeModeRule] INFO  safemode.SCMSafeModeManager (HealthyPipelineSafeModeRule.java:process(123)) - SCM in safe mode. Healthy pipelines reported count is 1, required healthy pipeline reported count is 1
2019-09-20 09:58:11,374 [EventQueue-OpenPipelineForOneReplicaPipelineSafeModeRule] INFO  safemode.OneReplicaPipelineSafeModeRule (OneReplicaPipelineSafeModeRule.java:validate(96)) - OneReplicaPipelineSafeModeRule rule satisfied
2019-09-20 09:58:11,374 [EventQueue-OpenPipelineForHealthyPipelineSafeModeRule] INFO  safemode.HealthyPipelineSafeModeRule (HealthyPipelineSafeModeRule.java:validate(104)) - HealthyPipelineSafeModeRule rule satisfied
2019-09-20 09:58:11,374 [EventQueue-OpenPipelineForOneReplicaPipelineSafeModeRule] INFO  safemode.SCMSafeModeManager (SCMSafeModeManager.java:validateSafeModeExitRules(169)) - AtleastOneDatanodeReportedRule rule is successfully validated
2019-09-20 09:58:11,374 [EventQueue-OpenPipelineForHealthyPipelineSafeModeRule] INFO  safemode.SCMSafeModeManager (SCMSafeModeManager.java:validateSafeModeExitRules(169)) - HealthyPipelineSafeModeRule rule is successfully validated
2019-09-20 09:58:11,374 [EventQueue-OpenPipelineForHealthyPipelineSafeModeRule] INFO  safemode.SCMSafeModeManager (SCMSafeModeManager.java:validateSafeModeExitRules(178)) - ScmSafeModeManager, all rules are successfully validated
2019-09-20 09:58:11,374 [EventQueue-OpenPipelineForHealthyPipelineSafeModeRule] INFO  safemode.SCMSafeModeManager (SCMSafeModeManager.java:exitSafeMode(194)) - SCM exiting safe mode.
2019-09-20 09:58:11,486 | INFO  | SCMAudit | user=jenkins1000 | ip=192.168.151.119 | op=SEND_HEARTBEAT {datanodeUUID=3ae9388a-4567-4217-bf64-5c7336827dbd, command=[]} | ret=SUCCESS |  
2019-09-20 09:58:11,628 | INFO  | SCMAudit | user=jenkins1000 | ip=192.168.151.119 | op=SEND_HEARTBEAT {datanodeUUID=78d2b1a6-2047-44d1-abdb-de599321792b, command=[]} | ret=SUCCESS |  
2019-09-20 09:58:11,628 [EventQueue-CreatePipelineStatusForSCMPipelineManager] INFO  pipeline.SCMPipelineManager (SCMPipelineManager.java:onMessage(479)) - receive pipeline PipelineID=a9596c78-85da-408f-921d-58e7bd9a8157 create status EXECUTED
2019-09-20 09:58:11,629 [EventQueue-CreatePipelineStatusForSCMPipelineManager] INFO  pipeline.PipelineStateManager (PipelineStateManager.java:openPipeline(134)) - Pipeline Pipeline[ Id: a9596c78-85da-408f-921d-58e7bd9a8157, Nodes: 78d2b1a6-2047-44d1-abdb-de599321792b{ip: 192.168.151.119, host: pr-hdds-2034-wmsbd-1222111393, networkLocation: /default-rack, certSerialId: null}, Type:RATIS, Factor:ONE, State:ALLOCATED] moved to OPEN state
add pipeline PipelineID=a9596c78-85da-408f-921d-58e7bd9a8157 to metrics map
2019-09-20 09:58:11,632 [main] INFO  ozone.MiniOzoneClusterImpl (MiniOzoneClusterImpl.java:lambda$waitForClusterToBeReady$0(145)) - Nodes are ready. Got 5 of 5 DN Heartbeats.
2019-09-20 09:58:11,632 [main] INFO  ozone.MiniOzoneClusterImpl (MiniOzoneClusterImpl.java:lambda$waitForClusterToBeReady$0(148)) - Cluster exits safe mode
2019-09-20 09:58:11,635 [main] INFO  ozone.MiniOzoneClusterImpl (MiniOzoneClusterImpl.java:shutdown(327)) - Shutting down the Mini Ozone Cluster
2019-09-20 09:58:11,636 | INFO  | SCMAudit | user=null | ip=null | op=GET_SCM_INFO null | ret=SUCCESS |  
2019-09-20 09:58:11,636 [main] INFO  ozone.MiniOzoneClusterImpl (MiniOzoneClusterImpl.java:stop(342)) - Stopping the Mini Ozone Cluster
2019-09-20 09:58:11,636 [main] INFO  ozone.MiniOzoneClusterImpl (MiniOzoneClusterImpl.java:stop(344)) - Stopping the OzoneManager
2019-09-20 09:58:11,637 [main] INFO  ipc.Server (Server.java:stop(3082)) - Stopping server on 45113
2019-09-20 09:58:11,654 [IPC Server listener on 45113] INFO  ipc.Server (Server.java:run(1185)) - Stopping IPC Server listener on 45113
2019-09-20 09:58:11,658 [IPC Server Responder] INFO  ipc.Server (Server.java:run(1319)) - Stopping IPC Server Responder
2019-09-20 09:58:11,660 [main] INFO  ratis.OzoneManagerDoubleBuffer (OzoneManagerDoubleBuffer.java:stop(248)) - Stopping OMDoubleBuffer flush thread
2019-09-20 09:58:11,674 [OMDoubleBufferFlushThread] INFO  ratis.OzoneManagerDoubleBuffer (OzoneManagerDoubleBuffer.java:flushTransactions(191)) - OMDoubleBuffer flush thread OMDoubleBufferFlushThread is interrupted and will exit. OMDoubleBufferFlushThread
2019-09-20 09:58:11,676 [main] INFO  utils.BackgroundService (BackgroundService.java:shutdown(148)) - Shutting down service KeyDeletingService
2019-09-20 09:58:11,680 [main] INFO  handler.ContextHandler (ContextHandler.java:doStop(910)) - Stopped o.e.j.w.WebAppContext@60e5272{/,null,UNAVAILABLE}{/ozoneManager}
2019-09-20 09:58:11,687 [main] INFO  server.AbstractConnector (AbstractConnector.java:doStop(318)) - Stopped ServerConnector@7d755813{HTTP/1.1,[http/1.1]}{0.0.0.0:0}
2019-09-20 09:58:11,687 [main] INFO  handler.ContextHandler (ContextHandler.java:doStop(910)) - Stopped o.e.j.s.ServletContextHandler@4d74c3ba{/static,file:///workdir/hadoop-ozone/integration-test/target/test-classes/webapps/static,UNAVAILABLE}
2019-09-20 09:58:11,688 [main] INFO  handler.ContextHandler (ContextHandler.java:doStop(910)) - Stopped o.e.j.s.ServletContextHandler@7fab4be7{/logs,file:///workdir/hadoop-ozone/integration-test/target/log,UNAVAILABLE}
2019-09-20 09:58:11,693 [main] INFO  ozone.MiniOzoneClusterImpl (MiniOzoneClusterImpl.java:stop(350)) - Shutting the HddsDatanodes
2019-09-20 09:58:11,694 [main] INFO  datanode.ObjectStoreHandler (ObjectStoreHandler.java:close(155)) - Closing ObjectStoreHandler.
2019-09-20 09:58:11,694 [ForkJoinPool.commonPool-worker-0] INFO  datanode.ObjectStoreHandler (ObjectStoreHandler.java:close(155)) - Closing ObjectStoreHandler.
2019-09-20 09:58:11,709 [main] INFO  ozone.HddsDatanodeService (HddsDatanodeService.java:stop(451)) - Stopped plug-in org.apache.hadoop.ozone.web.OzoneHddsDatanodeService@10b8b900
2019-09-20 09:58:11,709 [ForkJoinPool.commonPool-worker-0] INFO  ozone.HddsDatanodeService (HddsDatanodeService.java:stop(451)) - Stopped plug-in org.apache.hadoop.ozone.web.OzoneHddsDatanodeService@40d848f9
2019-09-20 09:58:11,792 [Datanode State Machine Thread - 0] INFO  statemachine.DatanodeStateMachine (DatanodeStateMachine.java:lambda$startDaemon$0(356)) - Ozone container server started.
2019-09-20 09:58:12,233 [Datanode State Machine Thread - 0] INFO  statemachine.DatanodeStateMachine (DatanodeStateMachine.java:lambda$startDaemon$0(356)) - Ozone container server started.
2019-09-20 09:58:12,350 | INFO  | SCMAudit | user=jenkins1000 | ip=192.168.151.119 | op=SEND_HEARTBEAT {datanodeUUID=c7410048-26d9-4bf7-b464-854ccc21edd1, command=[]} | ret=SUCCESS |  
2019-09-20 09:58:12,487 | INFO  | SCMAudit | user=jenkins1000 | ip=192.168.151.119 | op=SEND_HEARTBEAT {datanodeUUID=3ae9388a-4567-4217-bf64-5c7336827dbd, command=[]} | ret=SUCCESS |  
2019-09-20 09:58:12,487 [EventQueue-CreatePipelineStatusForSCMPipelineManager] INFO  pipeline.SCMPipelineManager (SCMPipelineManager.java:onMessage(479)) - receive pipeline PipelineID=14114002-ba6d-4e85-b143-587569ed29eb create status EXECUTED
2019-09-20 09:58:12,487 [EventQueue-CreatePipelineStatusForSCMPipelineManager] INFO  pipeline.PipelineStateManager (PipelineStateManager.java:openPipeline(134)) - Pipeline Pipeline[ Id: 14114002-ba6d-4e85-b143-587569ed29eb, Nodes: 1e1028b0-b1ae-4fc9-b381-4161cbf4e605{ip: 192.168.151.119, host: pr-hdds-2034-wmsbd-1222111393, networkLocation: /default-rack, certSerialId: null}3ae9388a-4567-4217-bf64-5c7336827dbd{ip: 192.168.151.119, host: pr-hdds-2034-wmsbd-1222111393, networkLocation: /default-rack, certSerialId: null}dbc0ab45-ebfe-467d-9e23-db8d387d8dfa{ip: 192.168.151.119, host: pr-hdds-2034-wmsbd-1222111393, networkLocation: /default-rack, certSerialId: null}, Type:RATIS, Factor:THREE, State:ALLOCATED] moved to OPEN state
add pipeline PipelineID=14114002-ba6d-4e85-b143-587569ed29eb to metrics map
2019-09-20 09:58:12,487 [EventQueue-CreatePipelineStatusForSCMPipelineManager] INFO  pipeline.SCMPipelineManager (SCMPipelineManager.java:onMessage(479)) - receive pipeline PipelineID=c9236fcb-2fad-471e-9717-70db6333bf9a create status EXECUTED
2019-09-20 09:58:12,488 [EventQueue-CreatePipelineStatusForSCMPipelineManager] INFO  pipeline.PipelineStateManager (PipelineStateManager.java:openPipeline(134)) - Pipeline Pipeline[ Id: c9236fcb-2fad-471e-9717-70db6333bf9a, Nodes: 3ae9388a-4567-4217-bf64-5c7336827dbd{ip: 192.168.151.119, host: pr-hdds-2034-wmsbd-1222111393, networkLocation: /default-rack, certSerialId: null}, Type:RATIS, Factor:ONE, State:ALLOCATED] moved to OPEN state
add pipeline PipelineID=c9236fcb-2fad-471e-9717-70db6333bf9a to metrics map
2019-09-20 09:58:12,625 | INFO  | SCMAudit | user=jenkins1000 | ip=192.168.151.119 | op=SEND_HEARTBEAT {datanodeUUID=78d2b1a6-2047-44d1-abdb-de599321792b, command=[]} | ret=SUCCESS |  
2019-09-20 09:58:13,349 | INFO  | SCMAudit | user=jenkins1000 | ip=192.168.151.119 | op=SEND_HEARTBEAT {datanodeUUID=c7410048-26d9-4bf7-b464-854ccc21edd1, command=[]} | ret=SUCCESS |  
2019-09-20 09:58:13,485 | INFO  | SCMAudit | user=jenkins1000 | ip=192.168.151.119 | op=SEND_HEARTBEAT {datanodeUUID=3ae9388a-4567-4217-bf64-5c7336827dbd, command=[]} | ret=SUCCESS |  
2019-09-20 09:58:13,626 | INFO  | SCMAudit | user=jenkins1000 | ip=192.168.151.119 | op=SEND_HEARTBEAT {datanodeUUID=78d2b1a6-2047-44d1-abdb-de599321792b, command=[]} | ret=SUCCESS |  
2019-09-20 09:58:14,349 | INFO  | SCMAudit | user=jenkins1000 | ip=192.168.151.119 | op=SEND_HEARTBEAT {datanodeUUID=c7410048-26d9-4bf7-b464-854ccc21edd1, command=[]} | ret=SUCCESS |  
2019-09-20 09:58:14,377 [Thread-236] INFO  container.ReplicationManager (ReplicationManager.java:start(151)) - Starting Replication Monitor Thread.
2019-09-20 09:58:14,381 [ReplicationMonitor] INFO  container.ReplicationManager (ReplicationManager.java:run(214)) - Replication Monitor Thread took 1 milliseconds for processing 0 containers.
2019-09-20 09:58:14,486 | INFO  | SCMAudit | user=jenkins1000 | ip=192.168.151.119 | op=SEND_HEARTBEAT {datanodeUUID=3ae9388a-4567-4217-bf64-5c7336827dbd, command=[]} | ret=SUCCESS |  
2019-09-20 09:58:14,626 | INFO  | SCMAudit | user=jenkins1000 | ip=192.168.151.119 | op=SEND_HEARTBEAT {datanodeUUID=78d2b1a6-2047-44d1-abdb-de599321792b, command=[]} | ret=SUCCESS |  
2019-09-20 09:58:15,350 | INFO  | SCMAudit | user=jenkins1000 | ip=192.168.151.119 | op=SEND_HEARTBEAT {datanodeUUID=c7410048-26d9-4bf7-b464-854ccc21edd1, command=[]} | ret=SUCCESS |  
2019-09-20 09:58:15,487 | INFO  | SCMAudit | user=jenkins1000 | ip=192.168.151.119 | op=SEND_HEARTBEAT {datanodeUUID=3ae9388a-4567-4217-bf64-5c7336827dbd, command=[]} | ret=SUCCESS |  
2019-09-20 09:58:15,628 | INFO  | SCMAudit | user=jenkins1000 | ip=192.168.151.119 | op=SEND_HEARTBEAT {datanodeUUID=78d2b1a6-2047-44d1-abdb-de599321792b, command=[]} | ret=SUCCESS |  
2019-09-20 09:58:15,820 [Thread-212] INFO  impl.FollowerState (FollowerState.java:run(106)) - dbc0ab45-ebfe-467d-9e23-db8d387d8dfa:group-64C6E6CE1AC0 changes to CANDIDATE, lastRpcTime:5044, electionTimeout:5042ms
2019-09-20 09:58:15,820 [Thread-212] INFO  impl.RoleInfo (RoleInfo.java:shutdownFollowerState(121)) - dbc0ab45-ebfe-467d-9e23-db8d387d8dfa: shutdown FollowerState
2019-09-20 09:58:15,820 [Thread-212] INFO  impl.RaftServerImpl (RaftServerImpl.java:setRole(171)) - dbc0ab45-ebfe-467d-9e23-db8d387d8dfa:group-64C6E6CE1AC0 changes role from FOLLOWER to CANDIDATE at term 0 for changeToCandidate
2019-09-20 09:58:15,824 [Thread-212] INFO  impl.RoleInfo (RoleInfo.java:updateAndGet(143)) - dbc0ab45-ebfe-467d-9e23-db8d387d8dfa: start LeaderElection
2019-09-20 09:58:15,841 [Thread-214] INFO  impl.FollowerState (FollowerState.java:run(106)) - 1e1028b0-b1ae-4fc9-b381-4161cbf4e605:group-E2FD7EBAE310 changes to CANDIDATE, lastRpcTime:5065, electionTimeout:5063ms
2019-09-20 09:58:15,842 [Thread-214] INFO  impl.RoleInfo (RoleInfo.java:shutdownFollowerState(121)) - 1e1028b0-b1ae-4fc9-b381-4161cbf4e605: shutdown FollowerState
2019-09-20 09:58:15,842 [Thread-214] INFO  impl.RaftServerImpl (RaftServerImpl.java:setRole(171)) - 1e1028b0-b1ae-4fc9-b381-4161cbf4e605:group-E2FD7EBAE310 changes role from FOLLOWER to CANDIDATE at term 0 for changeToCandidate
2019-09-20 09:58:15,843 [Thread-214] INFO  impl.RoleInfo (RoleInfo.java:updateAndGet(143)) - 1e1028b0-b1ae-4fc9-b381-4161cbf4e605: start LeaderElection
2019-09-20 09:58:15,847 [dbc0ab45-ebfe-467d-9e23-db8d387d8dfa:group-64C6E6CE1AC0:LeaderElection1] INFO  impl.LeaderElection (LeaderElection.java:askForVotes(181)) - dbc0ab45-ebfe-467d-9e23-db8d387d8dfa:group-64C6E6CE1AC0:LeaderElection1: begin an election at term 1 for -1: [dbc0ab45-ebfe-467d-9e23-db8d387d8dfa:192.168.151.119:46677], old=null
2019-09-20 09:58:15,849 [dbc0ab45-ebfe-467d-9e23-db8d387d8dfa:group-64C6E6CE1AC0:LeaderElection1] INFO  impl.RoleInfo (RoleInfo.java:shutdownLeaderElection(134)) - dbc0ab45-ebfe-467d-9e23-db8d387d8dfa: shutdown LeaderElection
2019-09-20 09:58:15,850 [dbc0ab45-ebfe-467d-9e23-db8d387d8dfa:group-64C6E6CE1AC0:LeaderElection1] INFO  impl.RaftServerImpl (RaftServerImpl.java:setRole(171)) - dbc0ab45-ebfe-467d-9e23-db8d387d8dfa:group-64C6E6CE1AC0 changes role from CANDIDATE to LEADER at term 1 for changeToLeader
2019-09-20 09:58:15,850 [dbc0ab45-ebfe-467d-9e23-db8d387d8dfa:group-64C6E6CE1AC0:LeaderElection1] INFO  impl.RaftServerImpl (ServerState.java:setLeader(263)) - dbc0ab45-ebfe-467d-9e23-db8d387d8dfa:group-64C6E6CE1AC0 change Leader from null to dbc0ab45-ebfe-467d-9e23-db8d387d8dfa at term 1 for becomeLeader, leader elected after 5170ms
2019-09-20 09:58:15,860 [dbc0ab45-ebfe-467d-9e23-db8d387d8dfa:group-64C6E6CE1AC0:LeaderElection1] INFO  server.RaftServerConfigKeys (ConfUtils.java:logGet(43)) - raft.server.staging.catchup.gap = 1000 (default)
2019-09-20 09:58:15,860 [dbc0ab45-ebfe-467d-9e23-db8d387d8dfa:group-64C6E6CE1AC0:LeaderElection1] INFO  server.RaftServerConfigKeys (ConfUtils.java:logGet(43)) - raft.server.rpc.sleep.time = 25ms (default)
2019-09-20 09:58:15,861 [1e1028b0-b1ae-4fc9-b381-4161cbf4e605:group-E2FD7EBAE310:LeaderElection2] INFO  impl.LeaderElection (LeaderElection.java:askForVotes(181)) - 1e1028b0-b1ae-4fc9-b381-4161cbf4e605:group-E2FD7EBAE310:LeaderElection2: begin an election at term 1 for -1: [1e1028b0-b1ae-4fc9-b381-4161cbf4e605:192.168.151.119:43571], old=null
2019-09-20 09:58:15,862 [1e1028b0-b1ae-4fc9-b381-4161cbf4e605:group-E2FD7EBAE310:LeaderElection2] INFO  impl.RoleInfo (RoleInfo.java:shutdownLeaderElection(134)) - 1e1028b0-b1ae-4fc9-b381-4161cbf4e605: shutdown LeaderElection
2019-09-20 09:58:15,862 [1e1028b0-b1ae-4fc9-b381-4161cbf4e605:group-E2FD7EBAE310:LeaderElection2] INFO  impl.RaftServerImpl (RaftServerImpl.java:setRole(171)) - 1e1028b0-b1ae-4fc9-b381-4161cbf4e605:group-E2FD7EBAE310 changes role from CANDIDATE to LEADER at term 1 for changeToLeader
2019-09-20 09:58:15,863 [1e1028b0-b1ae-4fc9-b381-4161cbf4e605:group-E2FD7EBAE310:LeaderElection2] INFO  impl.RaftServerImpl (ServerState.java:setLeader(263)) - 1e1028b0-b1ae-4fc9-b381-4161cbf4e605:group-E2FD7EBAE310 change Leader from null to 1e1028b0-b1ae-4fc9-b381-4161cbf4e605 at term 1 for becomeLeader, leader elected after 5182ms
2019-09-20 09:58:15,864 [1e1028b0-b1ae-4fc9-b381-4161cbf4e605:group-E2FD7EBAE310:LeaderElection2] INFO  server.RaftServerConfigKeys (ConfUtils.java:logGet(43)) - raft.server.staging.catchup.gap = 1000 (default)
2019-09-20 09:58:15,864 [1e1028b0-b1ae-4fc9-b381-4161cbf4e605:group-E2FD7EBAE310:LeaderElection2] INFO  server.RaftServerConfigKeys (ConfUtils.java:logGet(43)) - raft.server.rpc.sleep.time = 25ms (default)
2019-09-20 09:58:15,866 [dbc0ab45-ebfe-467d-9e23-db8d387d8dfa:group-64C6E6CE1AC0:LeaderElection1] INFO  server.RaftServerConfigKeys (ConfUtils.java:logGet(43)) - raft.server.write.element-limit = 4096 (default)
2019-09-20 09:58:15,866 [1e1028b0-b1ae-4fc9-b381-4161cbf4e605:group-E2FD7EBAE310:LeaderElection2] INFO  server.RaftServerConfigKeys (ConfUtils.java:logGet(43)) - raft.server.write.element-limit = 4096 (default)
2019-09-20 09:58:15,870 [dbc0ab45-ebfe-467d-9e23-db8d387d8dfa:group-64C6E6CE1AC0:LeaderElection1] INFO  server.RaftServerConfigKeys (ConfUtils.java:logGet(43)) - raft.server.watch.timeout = 10s (default)
2019-09-20 09:58:15,870 [1e1028b0-b1ae-4fc9-b381-4161cbf4e605:group-E2FD7EBAE310:LeaderElection2] INFO  server.RaftServerConfigKeys (ConfUtils.java:logGet(43)) - raft.server.watch.timeout = 10s (default)
2019-09-20 09:58:15,870 [dbc0ab45-ebfe-467d-9e23-db8d387d8dfa:group-64C6E6CE1AC0:LeaderElection1] INFO  server.RaftServerConfigKeys (ConfUtils.java:logGet(43)) - raft.server.watch.timeout.denomination = 1s (default)
2019-09-20 09:58:15,870 [1e1028b0-b1ae-4fc9-b381-4161cbf4e605:group-E2FD7EBAE310:LeaderElection2] INFO  server.RaftServerConfigKeys (ConfUtils.java:logGet(43)) - raft.server.watch.timeout.denomination = 1s (default)
2019-09-20 09:58:15,872 [dbc0ab45-ebfe-467d-9e23-db8d387d8dfa:group-64C6E6CE1AC0:LeaderElection1] INFO  server.RaftServerConfigKeys (ConfUtils.java:logGet(43)) - raft.server.watch.element-limit = 65536 (default)
2019-09-20 09:58:15,872 [1e1028b0-b1ae-4fc9-b381-4161cbf4e605:group-E2FD7EBAE310:LeaderElection2] INFO  server.RaftServerConfigKeys (ConfUtils.java:logGet(43)) - raft.server.watch.element-limit = 65536 (default)
2019-09-20 09:58:15,890 [dbc0ab45-ebfe-467d-9e23-db8d387d8dfa:group-64C6E6CE1AC0:LeaderElection1] INFO  impl.RoleInfo (RoleInfo.java:updateAndGet(143)) - dbc0ab45-ebfe-467d-9e23-db8d387d8dfa: start LeaderState
2019-09-20 09:58:15,890 [1e1028b0-b1ae-4fc9-b381-4161cbf4e605:group-E2FD7EBAE310:LeaderElection2] INFO  impl.RoleInfo (RoleInfo.java:updateAndGet(143)) - 1e1028b0-b1ae-4fc9-b381-4161cbf4e605: start LeaderState
2019-09-20 09:58:15,905 [Thread-215] INFO  impl.FollowerState (FollowerState.java:run(106)) - 78d2b1a6-2047-44d1-abdb-de599321792b:group-58E7BD9A8157 changes to CANDIDATE, lastRpcTime:5129, electionTimeout:5127ms
2019-09-20 09:58:15,905 [Thread-215] INFO  impl.RoleInfo (RoleInfo.java:shutdownFollowerState(121)) - 78d2b1a6-2047-44d1-abdb-de599321792b: shutdown FollowerState
2019-09-20 09:58:15,905 [Thread-215] INFO  impl.RaftServerImpl (RaftServerImpl.java:setRole(171)) - 78d2b1a6-2047-44d1-abdb-de599321792b:group-58E7BD9A8157 changes role from FOLLOWER to CANDIDATE at term 0 for changeToCandidate
2019-09-20 09:58:15,906 [Thread-215] INFO  impl.RoleInfo (RoleInfo.java:updateAndGet(143)) - 78d2b1a6-2047-44d1-abdb-de599321792b: start LeaderElection
2019-09-20 09:58:15,920 [dbc0ab45-ebfe-467d-9e23-db8d387d8dfa:group-64C6E6CE1AC0:LeaderElection1] INFO  segmented.SegmentedRaftLogWorker (SegmentedRaftLogWorker.java:startLogSegment(380)) - dbc0ab45-ebfe-467d-9e23-db8d387d8dfa-SegmentedRaftLogWorker:Storage Directory /workdir/hadoop-ozone/integration-test/target/test-dir/MiniOzoneClusterImpl-e374e5dc-9291-4f0f-8939-22f477a73ed1/datanode-2/data/ratis/5a3e52e4-059d-4eed-9976-64c6e6ce1ac0: Starting segment from index:0
2019-09-20 09:58:15,920 [1e1028b0-b1ae-4fc9-b381-4161cbf4e605:group-E2FD7EBAE310:LeaderElection2] INFO  segmented.SegmentedRaftLogWorker (SegmentedRaftLogWorker.java:startLogSegment(380)) - 1e1028b0-b1ae-4fc9-b381-4161cbf4e605-SegmentedRaftLogWorker:Storage Directory /workdir/hadoop-ozone/integration-test/target/test-dir/MiniOzoneClusterImpl-e374e5dc-9291-4f0f-8939-22f477a73ed1/datanode-1/data/ratis/884b6864-767a-49e7-801a-e2fd7ebae310: Starting segment from index:0
2019-09-20 09:58:15,923 [78d2b1a6-2047-44d1-abdb-de599321792b:group-58E7BD9A8157:LeaderElection3] INFO  impl.LeaderElection (LeaderElection.java:askForVotes(181)) - 78d2b1a6-2047-44d1-abdb-de599321792b:group-58E7BD9A8157:LeaderElection3: begin an election at term 1 for -1: [78d2b1a6-2047-44d1-abdb-de599321792b:192.168.151.119:33115], old=null
2019-09-20 09:58:15,923 [78d2b1a6-2047-44d1-abdb-de599321792b:group-58E7BD9A8157:LeaderElection3] INFO  impl.RoleInfo (RoleInfo.java:shutdownLeaderElection(134)) - 78d2b1a6-2047-44d1-abdb-de599321792b: shutdown LeaderElection
2019-09-20 09:58:15,923 [78d2b1a6-2047-44d1-abdb-de599321792b:group-58E7BD9A8157:LeaderElection3] INFO  impl.RaftServerImpl (RaftServerImpl.java:setRole(171)) - 78d2b1a6-2047-44d1-abdb-de599321792b:group-58E7BD9A8157 changes role from CANDIDATE to LEADER at term 1 for changeToLeader
2019-09-20 09:58:15,923 [78d2b1a6-2047-44d1-abdb-de599321792b:group-58E7BD9A8157:LeaderElection3] INFO  impl.RaftServerImpl (ServerState.java:setLeader(263)) - 78d2b1a6-2047-44d1-abdb-de599321792b:group-58E7BD9A8157 change Leader from null to 78d2b1a6-2047-44d1-abdb-de599321792b at term 1 for becomeLeader, leader elected after 5243ms
2019-09-20 09:58:15,926 [78d2b1a6-2047-44d1-abdb-de599321792b:group-58E7BD9A8157:LeaderElection3] INFO  server.RaftServerConfigKeys (ConfUtils.java:logGet(43)) - raft.server.staging.catchup.gap = 1000 (default)
2019-09-20 09:58:15,926 [78d2b1a6-2047-44d1-abdb-de599321792b:group-58E7BD9A8157:LeaderElection3] INFO  server.RaftServerConfigKeys (ConfUtils.java:logGet(43)) - raft.server.rpc.sleep.time = 25ms (default)
2019-09-20 09:58:15,926 [78d2b1a6-2047-44d1-abdb-de599321792b:group-58E7BD9A8157:LeaderElection3] INFO  server.RaftServerConfigKeys (ConfUtils.java:logGet(43)) - raft.server.write.element-limit = 4096 (default)
2019-09-20 09:58:15,926 [78d2b1a6-2047-44d1-abdb-de599321792b:group-58E7BD9A8157:LeaderElection3] INFO  server.RaftServerConfigKeys (ConfUtils.java:logGet(43)) - raft.server.watch.timeout = 10s (default)
2019-09-20 09:58:15,926 [78d2b1a6-2047-44d1-abdb-de599321792b:group-58E7BD9A8157:LeaderElection3] INFO  server.RaftServerConfigKeys (ConfUtils.java:logGet(43)) - raft.server.watch.timeout.denomination = 1s (default)
2019-09-20 09:58:15,927 [78d2b1a6-2047-44d1-abdb-de599321792b:group-58E7BD9A8157:LeaderElection3] INFO  server.RaftServerConfigKeys (ConfUtils.java:logGet(43)) - raft.server.watch.element-limit = 65536 (default)
2019-09-20 09:58:15,927 [78d2b1a6-2047-44d1-abdb-de599321792b:group-58E7BD9A8157:LeaderElection3] INFO  impl.RoleInfo (RoleInfo.java:updateAndGet(143)) - 78d2b1a6-2047-44d1-abdb-de599321792b: start LeaderState
2019-09-20 09:58:15,927 [78d2b1a6-2047-44d1-abdb-de599321792b:group-58E7BD9A8157:LeaderElection3] INFO  segmented.SegmentedRaftLogWorker (SegmentedRaftLogWorker.java:startLogSegment(380)) - 78d2b1a6-2047-44d1-abdb-de599321792b-SegmentedRaftLogWorker:Storage Directory /workdir/hadoop-ozone/integration-test/target/test-dir/MiniOzoneClusterImpl-e374e5dc-9291-4f0f-8939-22f477a73ed1/datanode-4/data/ratis/a9596c78-85da-408f-921d-58e7bd9a8157: Starting segment from index:0
2019-09-20 09:58:15,933 [1e1028b0-b1ae-4fc9-b381-4161cbf4e605:group-E2FD7EBAE310:LeaderElection2] INFO  impl.RaftServerImpl (ServerState.java:setRaftConf(361)) - 1e1028b0-b1ae-4fc9-b381-4161cbf4e605:group-E2FD7EBAE310 set configuration 0: [1e1028b0-b1ae-4fc9-b381-4161cbf4e605:192.168.151.119:43571], old=null at 0
2019-09-20 09:58:15,933 [78d2b1a6-2047-44d1-abdb-de599321792b:group-58E7BD9A8157:LeaderElection3] INFO  impl.RaftServerImpl (ServerState.java:setRaftConf(361)) - 78d2b1a6-2047-44d1-abdb-de599321792b:group-58E7BD9A8157 set configuration 0: [78d2b1a6-2047-44d1-abdb-de599321792b:192.168.151.119:33115], old=null at 0
2019-09-20 09:58:15,933 [dbc0ab45-ebfe-467d-9e23-db8d387d8dfa:group-64C6E6CE1AC0:LeaderElection1] INFO  impl.RaftServerImpl (ServerState.java:setRaftConf(361)) - dbc0ab45-ebfe-467d-9e23-db8d387d8dfa:group-64C6E6CE1AC0 set configuration 0: [dbc0ab45-ebfe-467d-9e23-db8d387d8dfa:192.168.151.119:46677], old=null at 0
2019-09-20 09:58:15,963 [Thread-216] INFO  impl.FollowerState (FollowerState.java:run(106)) - c7410048-26d9-4bf7-b464-854ccc21edd1:group-5558BDB326CF changes to CANDIDATE, lastRpcTime:5187, electionTimeout:5185ms
2019-09-20 09:58:15,963 [Thread-216] INFO  impl.RoleInfo (RoleInfo.java:shutdownFollowerState(121)) - c7410048-26d9-4bf7-b464-854ccc21edd1: shutdown FollowerState
2019-09-20 09:58:15,963 [Thread-216] INFO  impl.RaftServerImpl (RaftServerImpl.java:setRole(171)) - c7410048-26d9-4bf7-b464-854ccc21edd1:group-5558BDB326CF changes role from FOLLOWER to CANDIDATE at term 0 for changeToCandidate
2019-09-20 09:58:15,963 [Thread-216] INFO  impl.RoleInfo (RoleInfo.java:updateAndGet(143)) - c7410048-26d9-4bf7-b464-854ccc21edd1: start LeaderElection
2019-09-20 09:58:15,975 [Thread-213] INFO  impl.FollowerState (FollowerState.java:run(106)) - 3ae9388a-4567-4217-bf64-5c7336827dbd:group-70DB6333BF9A changes to CANDIDATE, lastRpcTime:5199, electionTimeout:5197ms
2019-09-20 09:58:15,975 [Thread-213] INFO  impl.RoleInfo (RoleInfo.java:shutdownFollowerState(121)) - 3ae9388a-4567-4217-bf64-5c7336827dbd: shutdown FollowerState
2019-09-20 09:58:15,975 [Thread-213] INFO  impl.RaftServerImpl (RaftServerImpl.java:setRole(171)) - 3ae9388a-4567-4217-bf64-5c7336827dbd:group-70DB6333BF9A changes role from FOLLOWER to CANDIDATE at term 0 for changeToCandidate
2019-09-20 09:58:15,975 [Thread-213] INFO  impl.RoleInfo (RoleInfo.java:updateAndGet(143)) - 3ae9388a-4567-4217-bf64-5c7336827dbd: start LeaderElection
2019-09-20 09:58:15,982 [c7410048-26d9-4bf7-b464-854ccc21edd1:group-5558BDB326CF:LeaderElection4] INFO  impl.LeaderElection (LeaderElection.java:askForVotes(181)) - c7410048-26d9-4bf7-b464-854ccc21edd1:group-5558BDB326CF:LeaderElection4: begin an election at term 1 for -1: [c7410048-26d9-4bf7-b464-854ccc21edd1:192.168.151.119:45397], old=null
2019-09-20 09:58:15,983 [c7410048-26d9-4bf7-b464-854ccc21edd1:group-5558BDB326CF:LeaderElection4] INFO  impl.RoleInfo (RoleInfo.java:shutdownLeaderElection(134)) - c7410048-26d9-4bf7-b464-854ccc21edd1: shutdown LeaderElection
2019-09-20 09:58:15,983 [c7410048-26d9-4bf7-b464-854ccc21edd1:group-5558BDB326CF:LeaderElection4] INFO  impl.RaftServerImpl (RaftServerImpl.java:setRole(171)) - c7410048-26d9-4bf7-b464-854ccc21edd1:group-5558BDB326CF changes role from CANDIDATE to LEADER at term 1 for changeToLeader
2019-09-20 09:58:15,983 [c7410048-26d9-4bf7-b464-854ccc21edd1:group-5558BDB326CF:LeaderElection4] INFO  impl.RaftServerImpl (ServerState.java:setLeader(263)) - c7410048-26d9-4bf7-b464-854ccc21edd1:group-5558BDB326CF change Leader from null to c7410048-26d9-4bf7-b464-854ccc21edd1 at term 1 for becomeLeader, leader elected after 5303ms
2019-09-20 09:58:15,984 [c7410048-26d9-4bf7-b464-854ccc21edd1:group-5558BDB326CF:LeaderElection4] INFO  server.RaftServerConfigKeys (ConfUtils.java:logGet(43)) - raft.server.staging.catchup.gap = 1000 (default)
2019-09-20 09:58:15,985 [3ae9388a-4567-4217-bf64-5c7336827dbd:group-70DB6333BF9A:LeaderElection5] INFO  impl.LeaderElection (LeaderElection.java:askForVotes(181)) - 3ae9388a-4567-4217-bf64-5c7336827dbd:group-70DB6333BF9A:LeaderElection5: begin an election at term 1 for -1: [3ae9388a-4567-4217-bf64-5c7336827dbd:192.168.151.119:40807], old=null
2019-09-20 09:58:15,985 [c7410048-26d9-4bf7-b464-854ccc21edd1:group-5558BDB326CF:LeaderElection4] INFO  server.RaftServerConfigKeys (ConfUtils.java:logGet(43)) - raft.server.rpc.sleep.time = 25ms (default)
2019-09-20 09:58:15,985 [3ae9388a-4567-4217-bf64-5c7336827dbd:group-70DB6333BF9A:LeaderElection5] INFO  impl.RoleInfo (RoleInfo.java:shutdownLeaderElection(134)) - 3ae9388a-4567-4217-bf64-5c7336827dbd: shutdown LeaderElection
2019-09-20 09:58:15,985 [c7410048-26d9-4bf7-b464-854ccc21edd1:group-5558BDB326CF:LeaderElection4] INFO  server.RaftServerConfigKeys (ConfUtils.java:logGet(43)) - raft.server.write.element-limit = 4096 (default)
2019-09-20 09:58:15,985 [3ae9388a-4567-4217-bf64-5c7336827dbd:group-70DB6333BF9A:LeaderElection5] INFO  impl.RaftServerImpl (RaftServerImpl.java:setRole(171)) - 3ae9388a-4567-4217-bf64-5c7336827dbd:group-70DB6333BF9A changes role from CANDIDATE to LEADER at term 1 for changeToLeader
2019-09-20 09:58:15,985 [c7410048-26d9-4bf7-b464-854ccc21edd1:group-5558BDB326CF:LeaderElection4] INFO  server.RaftServerConfigKeys (ConfUtils.java:logGet(43)) - raft.server.watch.timeout = 10s (default)
2019-09-20 09:58:15,985 [3ae9388a-4567-4217-bf64-5c7336827dbd:group-70DB6333BF9A:LeaderElection5] INFO  impl.RaftServerImpl (ServerState.java:setLeader(263)) - 3ae9388a-4567-4217-bf64-5c7336827dbd:group-70DB6333BF9A change Leader from null to 3ae9388a-4567-4217-bf64-5c7336827dbd at term 1 for becomeLeader, leader elected after 5305ms
2019-09-20 09:58:15,986 [c7410048-26d9-4bf7-b464-854ccc21edd1:group-5558BDB326CF:LeaderElection4] INFO  server.RaftServerConfigKeys (ConfUtils.java:logGet(43)) - raft.server.watch.timeout.denomination = 1s (default)
2019-09-20 09:58:15,987 [3ae9388a-4567-4217-bf64-5c7336827dbd:group-70DB6333BF9A:LeaderElection5] INFO  server.RaftServerConfigKeys (ConfUtils.java:logGet(43)) - raft.server.staging.catchup.gap = 1000 (default)
2019-09-20 09:58:15,987 [c7410048-26d9-4bf7-b464-854ccc21edd1:group-5558BDB326CF:LeaderElection4] INFO  server.RaftServerConfigKeys (ConfUtils.java:logGet(43)) - raft.server.watch.element-limit = 65536 (default)
2019-09-20 09:58:15,987 [3ae9388a-4567-4217-bf64-5c7336827dbd:group-70DB6333BF9A:LeaderElection5] INFO  server.RaftServerConfigKeys (ConfUtils.java:logGet(43)) - raft.server.rpc.sleep.time = 25ms (default)
2019-09-20 09:58:15,988 [c7410048-26d9-4bf7-b464-854ccc21edd1:group-5558BDB326CF:LeaderElection4] INFO  impl.RoleInfo (RoleInfo.java:updateAndGet(143)) - c7410048-26d9-4bf7-b464-854ccc21edd1: start LeaderState
2019-09-20 09:58:15,988 [3ae9388a-4567-4217-bf64-5c7336827dbd:group-70DB6333BF9A:LeaderElection5] INFO  server.RaftServerConfigKeys (ConfUtils.java:logGet(43)) - raft.server.write.element-limit = 4096 (default)
2019-09-20 09:58:15,988 [c7410048-26d9-4bf7-b464-854ccc21edd1:group-5558BDB326CF:LeaderElection4] INFO  segmented.SegmentedRaftLogWorker (SegmentedRaftLogWorker.java:startLogSegment(380)) - c7410048-26d9-4bf7-b464-854ccc21edd1-SegmentedRaftLogWorker:Storage Directory /workdir/hadoop-ozone/integration-test/target/test-dir/MiniOzoneClusterImpl-e374e5dc-9291-4f0f-8939-22f477a73ed1/datanode-3/data/ratis/b461abf9-3641-4a5b-8e9d-5558bdb326cf: Starting segment from index:0
2019-09-20 09:58:15,988 [3ae9388a-4567-4217-bf64-5c7336827dbd:group-70DB6333BF9A:LeaderElection5] INFO  server.RaftServerConfigKeys (ConfUtils.java:logGet(43)) - raft.server.watch.timeout = 10s (default)
2019-09-20 09:58:15,988 [3ae9388a-4567-4217-bf64-5c7336827dbd:group-70DB6333BF9A:LeaderElection5] INFO  server.RaftServerConfigKeys (ConfUtils.java:logGet(43)) - raft.server.watch.timeout.denomination = 1s (default)
2019-09-20 09:58:15,988 [3ae9388a-4567-4217-bf64-5c7336827dbd:group-70DB6333BF9A:LeaderElection5] INFO  server.RaftServerConfigKeys (ConfUtils.java:logGet(43)) - raft.server.watch.element-limit = 65536 (default)
2019-09-20 09:58:15,988 [c7410048-26d9-4bf7-b464-854ccc21edd1:group-5558BDB326CF:LeaderElection4] INFO  impl.RaftServerImpl (ServerState.java:setRaftConf(361)) - c7410048-26d9-4bf7-b464-854ccc21edd1:group-5558BDB326CF set configuration 0: [c7410048-26d9-4bf7-b464-854ccc21edd1:192.168.151.119:45397], old=null at 0
2019-09-20 09:58:15,989 [3ae9388a-4567-4217-bf64-5c7336827dbd:group-70DB6333BF9A:LeaderElection5] INFO  impl.RoleInfo (RoleInfo.java:updateAndGet(143)) - 3ae9388a-4567-4217-bf64-5c7336827dbd: start LeaderState
2019-09-20 09:58:15,990 [3ae9388a-4567-4217-bf64-5c7336827dbd:group-70DB6333BF9A:LeaderElection5] INFO  segmented.SegmentedRaftLogWorker (SegmentedRaftLogWorker.java:startLogSegment(380)) - 3ae9388a-4567-4217-bf64-5c7336827dbd-SegmentedRaftLogWorker:Storage Directory /workdir/hadoop-ozone/integration-test/target/test-dir/MiniOzoneClusterImpl-e374e5dc-9291-4f0f-8939-22f477a73ed1/datanode-0/data/ratis/c9236fcb-2fad-471e-9717-70db6333bf9a: Starting segment from index:0
2019-09-20 09:58:15,991 [3ae9388a-4567-4217-bf64-5c7336827dbd:group-70DB6333BF9A:LeaderElection5] INFO  impl.RaftServerImpl (ServerState.java:setRaftConf(361)) - 3ae9388a-4567-4217-bf64-5c7336827dbd:group-70DB6333BF9A set configuration 0: [3ae9388a-4567-4217-bf64-5c7336827dbd:192.168.151.119:40807], old=null at 0
2019-09-20 09:58:16,006 [Thread-228] INFO  impl.FollowerState (FollowerState.java:run(106)) - 3ae9388a-4567-4217-bf64-5c7336827dbd:group-587569ED29EB changes to CANDIDATE, lastRpcTime:5062, electionTimeout:5062ms
2019-09-20 09:58:16,006 [Thread-228] INFO  impl.RoleInfo (RoleInfo.java:shutdownFollowerState(121)) - 3ae9388a-4567-4217-bf64-5c7336827dbd: shutdown FollowerState
2019-09-20 09:58:16,006 [Thread-228] INFO  impl.RaftServerImpl (RaftServerImpl.java:setRole(171)) - 3ae9388a-4567-4217-bf64-5c7336827dbd:group-587569ED29EB changes role from FOLLOWER to CANDIDATE at term 0 for changeToCandidate
2019-09-20 09:58:16,006 [Thread-228] INFO  impl.RoleInfo (RoleInfo.java:updateAndGet(143)) - 3ae9388a-4567-4217-bf64-5c7336827dbd: start LeaderElection
2019-09-20 09:58:16,035 [3ae9388a-4567-4217-bf64-5c7336827dbd:group-587569ED29EB:LeaderElection6] INFO  impl.LeaderElection (LeaderElection.java:askForVotes(181)) - 3ae9388a-4567-4217-bf64-5c7336827dbd:group-587569ED29EB:LeaderElection6: begin an election at term 1 for -1: [1e1028b0-b1ae-4fc9-b381-4161cbf4e605:192.168.151.119:43571, 3ae9388a-4567-4217-bf64-5c7336827dbd:192.168.151.119:40807, dbc0ab45-ebfe-467d-9e23-db8d387d8dfa:192.168.151.119:46677], old=null
2019-09-20 09:58:16,066 [grpc-default-executor-1] INFO  impl.RaftServerImpl (RaftServerImpl.java:setRole(171)) - dbc0ab45-ebfe-467d-9e23-db8d387d8dfa:group-587569ED29EB changes role from FOLLOWER to FOLLOWER at term 1 for recognizeCandidate:3ae9388a-4567-4217-bf64-5c7336827dbd
2019-09-20 09:58:16,066 [grpc-default-executor-2] INFO  impl.RaftServerImpl (RaftServerImpl.java:setRole(171)) - 1e1028b0-b1ae-4fc9-b381-4161cbf4e605:group-587569ED29EB changes role from FOLLOWER to FOLLOWER at term 1 for recognizeCandidate:3ae9388a-4567-4217-bf64-5c7336827dbd
2019-09-20 09:58:16,066 [grpc-default-executor-1] INFO  impl.RoleInfo (RoleInfo.java:shutdownFollowerState(121)) - dbc0ab45-ebfe-467d-9e23-db8d387d8dfa: shutdown FollowerState
2019-09-20 09:58:16,066 [grpc-default-executor-2] INFO  impl.RoleInfo (RoleInfo.java:shutdownFollowerState(121)) - 1e1028b0-b1ae-4fc9-b381-4161cbf4e605: shutdown FollowerState
2019-09-20 09:58:16,067 [Thread-227] INFO  impl.FollowerState (FollowerState.java:run(114)) - dbc0ab45-ebfe-467d-9e23-db8d387d8dfa: FollowerState was interrupted: java.lang.InterruptedException: sleep interrupted
2019-09-20 09:58:16,067 [grpc-default-executor-1] INFO  impl.RoleInfo (RoleInfo.java:updateAndGet(143)) - dbc0ab45-ebfe-467d-9e23-db8d387d8dfa: start FollowerState
2019-09-20 09:58:16,067 [Thread-223] INFO  impl.FollowerState (FollowerState.java:run(114)) - 1e1028b0-b1ae-4fc9-b381-4161cbf4e605: FollowerState was interrupted: java.lang.InterruptedException: sleep interrupted
2019-09-20 09:58:16,067 [grpc-default-executor-2] INFO  impl.RoleInfo (RoleInfo.java:updateAndGet(143)) - 1e1028b0-b1ae-4fc9-b381-4161cbf4e605: start FollowerState
2019-09-20 09:58:16,097 [3ae9388a-4567-4217-bf64-5c7336827dbd:group-587569ED29EB:LeaderElection6] INFO  impl.LeaderElection (LeaderElection.java:logAndReturn(56)) - 3ae9388a-4567-4217-bf64-5c7336827dbd:group-587569ED29EB:LeaderElection6: Election PASSED; received 1 response(s) [3ae9388a-4567-4217-bf64-5c7336827dbd<-dbc0ab45-ebfe-467d-9e23-db8d387d8dfa#0:OK-t1] and 0 exception(s); 3ae9388a-4567-4217-bf64-5c7336827dbd:t1, leader=null, voted=3ae9388a-4567-4217-bf64-5c7336827dbd, raftlog=3ae9388a-4567-4217-bf64-5c7336827dbd-SegmentedRaftLog:OPENED:c-1,f-1,i0, conf=-1: [1e1028b0-b1ae-4fc9-b381-4161cbf4e605:192.168.151.119:43571, 3ae9388a-4567-4217-bf64-5c7336827dbd:192.168.151.119:40807, dbc0ab45-ebfe-467d-9e23-db8d387d8dfa:192.168.151.119:46677], old=null
2019-09-20 09:58:16,097 [3ae9388a-4567-4217-bf64-5c7336827dbd:group-587569ED29EB:LeaderElection6] INFO  impl.RoleInfo (RoleInfo.java:shutdownLeaderElection(134)) - 3ae9388a-4567-4217-bf64-5c7336827dbd: shutdown LeaderElection
2019-09-20 09:58:16,097 [3ae9388a-4567-4217-bf64-5c7336827dbd:group-587569ED29EB:LeaderElection6] INFO  impl.RaftServerImpl (RaftServerImpl.java:setRole(171)) - 3ae9388a-4567-4217-bf64-5c7336827dbd:group-587569ED29EB changes role from CANDIDATE to LEADER at term 1 for changeToLeader
2019-09-20 09:58:16,098 [3ae9388a-4567-4217-bf64-5c7336827dbd:group-587569ED29EB:LeaderElection6] INFO  impl.RaftServerImpl (ServerState.java:setLeader(263)) - 3ae9388a-4567-4217-bf64-5c7336827dbd:group-587569ED29EB change Leader from null to 3ae9388a-4567-4217-bf64-5c7336827dbd at term 1 for becomeLeader, leader elected after 5169ms
2019-09-20 09:58:16,100 [3ae9388a-4567-4217-bf64-5c7336827dbd:group-587569ED29EB:LeaderElection6] INFO  server.RaftServerConfigKeys (ConfUtils.java:logGet(43)) - raft.server.staging.catchup.gap = 1000 (default)
2019-09-20 09:58:16,100 [3ae9388a-4567-4217-bf64-5c7336827dbd:group-587569ED29EB:LeaderElection6] INFO  server.RaftServerConfigKeys (ConfUtils.java:logGet(43)) - raft.server.rpc.sleep.time = 25ms (default)
2019-09-20 09:58:16,100 [3ae9388a-4567-4217-bf64-5c7336827dbd:group-587569ED29EB:LeaderElection6] INFO  server.RaftServerConfigKeys (ConfUtils.java:logGet(43)) - raft.server.write.element-limit = 4096 (default)
2019-09-20 09:58:16,101 [3ae9388a-4567-4217-bf64-5c7336827dbd:group-587569ED29EB:LeaderElection6] INFO  server.RaftServerConfigKeys (ConfUtils.java:logGet(43)) - raft.server.watch.timeout = 10s (default)
2019-09-20 09:58:16,101 [3ae9388a-4567-4217-bf64-5c7336827dbd:group-587569ED29EB:LeaderElection6] INFO  server.RaftServerConfigKeys (ConfUtils.java:logGet(43)) - raft.server.watch.timeout.denomination = 1s (default)
2019-09-20 09:58:16,101 [3ae9388a-4567-4217-bf64-5c7336827dbd:group-587569ED29EB:LeaderElection6] INFO  server.RaftServerConfigKeys (ConfUtils.java:logGet(43)) - raft.server.watch.element-limit = 65536 (default)
2019-09-20 09:58:16,103 [3ae9388a-4567-4217-bf64-5c7336827dbd:group-587569ED29EB:LeaderElection6] INFO  server.RaftServerConfigKeys (ConfUtils.java:logGet(43)) - raft.server.log.appender.snapshot.chunk.size.max = 16MB (=16777216) (default)
2019-09-20 09:58:16,103 [3ae9388a-4567-4217-bf64-5c7336827dbd:group-587569ED29EB:LeaderElection6] INFO  server.RaftServerConfigKeys (ConfUtils.java:logGet(43)) - raft.server.log.appender.buffer.byte-limit = 33554432 (custom)
2019-09-20 09:58:16,104 [3ae9388a-4567-4217-bf64-5c7336827dbd:group-587569ED29EB:LeaderElection6] INFO  server.RaftServerConfigKeys (ConfUtils.java:logGet(43)) - raft.server.log.appender.buffer.element-limit = 1 (custom)
2019-09-20 09:58:16,106 [3ae9388a-4567-4217-bf64-5c7336827dbd:group-587569ED29EB:LeaderElection6] INFO  grpc.GrpcConfigKeys$Server (ConfUtils.java:logGet(43)) - raft.grpc.server.leader.outstanding.appends.max = 128 (default)
2019-09-20 09:58:16,107 [3ae9388a-4567-4217-bf64-5c7336827dbd:group-587569ED29EB:LeaderElection6] INFO  server.RaftServerConfigKeys (ConfUtils.java:logGet(43)) - raft.server.rpc.request.timeout = 3000ms (default)
2019-09-20 09:58:16,107 [3ae9388a-4567-4217-bf64-5c7336827dbd:group-587569ED29EB:LeaderElection6] INFO  server.RaftServerConfigKeys (ConfUtils.java:logGet(43)) - raft.server.log.appender.install.snapshot.enabled = false (custom)
2019-09-20 09:58:16,107 [3ae9388a-4567-4217-bf64-5c7336827dbd:group-587569ED29EB:LeaderElection6] INFO  server.RaftServerConfigKeys (ConfUtils.java:logGet(43)) - raft.server.log.appender.snapshot.chunk.size.max = 16MB (=16777216) (default)
2019-09-20 09:58:16,107 [3ae9388a-4567-4217-bf64-5c7336827dbd:group-587569ED29EB:LeaderElection6] INFO  server.RaftServerConfigKeys (ConfUtils.java:logGet(43)) - raft.server.log.appender.buffer.byte-limit = 33554432 (custom)
2019-09-20 09:58:16,108 [3ae9388a-4567-4217-bf64-5c7336827dbd:group-587569ED29EB:LeaderElection6] INFO  server.RaftServerConfigKeys (ConfUtils.java:logGet(43)) - raft.server.log.appender.buffer.element-limit = 1 (custom)
2019-09-20 09:58:16,108 [3ae9388a-4567-4217-bf64-5c7336827dbd:group-587569ED29EB:LeaderElection6] INFO  grpc.GrpcConfigKeys$Server (ConfUtils.java:logGet(43)) - raft.grpc.server.leader.outstanding.appends.max = 128 (default)
2019-09-20 09:58:16,108 [3ae9388a-4567-4217-bf64-5c7336827dbd:group-587569ED29EB:LeaderElection6] INFO  server.RaftServerConfigKeys (ConfUtils.java:logGet(43)) - raft.server.rpc.request.timeout = 3000ms (default)
2019-09-20 09:58:16,108 [3ae9388a-4567-4217-bf64-5c7336827dbd:group-587569ED29EB:LeaderElection6] INFO  server.RaftServerConfigKeys (ConfUtils.java:logGet(43)) - raft.server.log.appender.install.snapshot.enabled = false (custom)
2019-09-20 09:58:16,113 [3ae9388a-4567-4217-bf64-5c7336827dbd:group-587569ED29EB:LeaderElection6] INFO  impl.RoleInfo (RoleInfo.java:updateAndGet(143)) - 3ae9388a-4567-4217-bf64-5c7336827dbd: start LeaderState
2019-09-20 09:58:16,113 [3ae9388a-4567-4217-bf64-5c7336827dbd:group-587569ED29EB:LeaderElection6] INFO  segmented.SegmentedRaftLogWorker (SegmentedRaftLogWorker.java:startLogSegment(380)) - 3ae9388a-4567-4217-bf64-5c7336827dbd-SegmentedRaftLogWorker:Storage Directory /workdir/hadoop-ozone/integration-test/target/test-dir/MiniOzoneClusterImpl-e374e5dc-9291-4f0f-8939-22f477a73ed1/datanode-0/data/ratis/14114002-ba6d-4e85-b143-587569ed29eb: Starting segment from index:0
2019-09-20 09:58:16,114 [3ae9388a-4567-4217-bf64-5c7336827dbd:group-587569ED29EB:LeaderElection6] INFO  impl.RaftServerImpl (ServerState.java:setRaftConf(361)) - 3ae9388a-4567-4217-bf64-5c7336827dbd:group-587569ED29EB set configuration 0: [1e1028b0-b1ae-4fc9-b381-4161cbf4e605:192.168.151.119:43571, 3ae9388a-4567-4217-bf64-5c7336827dbd:192.168.151.119:40807, dbc0ab45-ebfe-467d-9e23-db8d387d8dfa:192.168.151.119:46677], old=null at 0
2019-09-20 09:58:16,134 [grpc-default-executor-1] INFO  impl.RaftServerImpl (ServerState.java:setLeader(263)) - 1e1028b0-b1ae-4fc9-b381-4161cbf4e605:group-587569ED29EB change Leader from null to 3ae9388a-4567-4217-bf64-5c7336827dbd at term 1 for appendEntries, leader elected after 5206ms
2019-09-20 09:58:16,134 [grpc-default-executor-2] INFO  impl.RaftServerImpl (ServerState.java:setLeader(263)) - dbc0ab45-ebfe-467d-9e23-db8d387d8dfa:group-587569ED29EB change Leader from null to 3ae9388a-4567-4217-bf64-5c7336827dbd at term 1 for appendEntries, leader elected after 5206ms
2019-09-20 09:58:16,169 [grpc-default-executor-2] INFO  impl.RaftServerImpl (ServerState.java:setRaftConf(361)) - 1e1028b0-b1ae-4fc9-b381-4161cbf4e605:group-587569ED29EB set configuration 0: [1e1028b0-b1ae-4fc9-b381-4161cbf4e605:192.168.151.119:43571, 3ae9388a-4567-4217-bf64-5c7336827dbd:192.168.151.119:40807, dbc0ab45-ebfe-467d-9e23-db8d387d8dfa:192.168.151.119:46677], old=null at 0
2019-09-20 09:58:16,169 [grpc-default-executor-1] INFO  impl.RaftServerImpl (ServerState.java:setRaftConf(361)) - dbc0ab45-ebfe-467d-9e23-db8d387d8dfa:group-587569ED29EB set configuration 0: [1e1028b0-b1ae-4fc9-b381-4161cbf4e605:192.168.151.119:43571, 3ae9388a-4567-4217-bf64-5c7336827dbd:192.168.151.119:40807, dbc0ab45-ebfe-467d-9e23-db8d387d8dfa:192.168.151.119:46677], old=null at 0
2019-09-20 09:58:16,169 [grpc-default-executor-2] INFO  segmented.SegmentedRaftLogWorker (SegmentedRaftLogWorker.java:startLogSegment(380)) - 1e1028b0-b1ae-4fc9-b381-4161cbf4e605-SegmentedRaftLogWorker:Storage Directory /workdir/hadoop-ozone/integration-test/target/test-dir/MiniOzoneClusterImpl-e374e5dc-9291-4f0f-8939-22f477a73ed1/datanode-1/data/ratis/14114002-ba6d-4e85-b143-587569ed29eb: Starting segment from index:0
2019-09-20 09:58:16,170 [grpc-default-executor-1] INFO  segmented.SegmentedRaftLogWorker (SegmentedRaftLogWorker.java:startLogSegment(380)) - dbc0ab45-ebfe-467d-9e23-db8d387d8dfa-SegmentedRaftLogWorker:Storage Directory /workdir/hadoop-ozone/integration-test/target/test-dir/MiniOzoneClusterImpl-e374e5dc-9291-4f0f-8939-22f477a73ed1/datanode-2/data/ratis/14114002-ba6d-4e85-b143-587569ed29eb: Starting segment from index:0
2019-09-20 09:58:16,255 [dbc0ab45-ebfe-467d-9e23-db8d387d8dfa-SegmentedRaftLogWorker:Storage Directory /workdir/hadoop-ozone/integration-test/target/test-dir/MiniOzoneClusterImpl-e374e5dc-9291-4f0f-8939-22f477a73ed1/datanode-2/data/ratis/5a3e52e4-059d-4eed-9976-64c6e6ce1ac0] INFO  segmented.SegmentedRaftLogWorker (SegmentedRaftLogWorker.java:execute(569)) - dbc0ab45-ebfe-467d-9e23-db8d387d8dfa-SegmentedRaftLogWorker:Storage Directory /workdir/hadoop-ozone/integration-test/target/test-dir/MiniOzoneClusterImpl-e374e5dc-9291-4f0f-8939-22f477a73ed1/datanode-2/data/ratis/5a3e52e4-059d-4eed-9976-64c6e6ce1ac0: created new log segment /workdir/hadoop-ozone/integration-test/target/test-dir/MiniOzoneClusterImpl-e374e5dc-9291-4f0f-8939-22f477a73ed1/datanode-2/data/ratis/5a3e52e4-059d-4eed-9976-64c6e6ce1ac0/current/log_inprogress_0
2019-09-20 09:58:16,255 [c7410048-26d9-4bf7-b464-854ccc21edd1-SegmentedRaftLogWorker:Storage Directory /workdir/hadoop-ozone/integration-test/target/test-dir/MiniOzoneClusterImpl-e374e5dc-9291-4f0f-8939-22f477a73ed1/datanode-3/data/ratis/b461abf9-3641-4a5b-8e9d-5558bdb326cf] INFO  segmented.SegmentedRaftLogWorker (SegmentedRaftLogWorker.java:execute(569)) - c7410048-26d9-4bf7-b464-854ccc21edd1-SegmentedRaftLogWorker:Storage Directory /workdir/hadoop-ozone/integration-test/target/test-dir/MiniOzoneClusterImpl-e374e5dc-9291-4f0f-8939-22f477a73ed1/datanode-3/data/ratis/b461abf9-3641-4a5b-8e9d-5558bdb326cf: created new log segment /workdir/hadoop-ozone/integration-test/target/test-dir/MiniOzoneClusterImpl-e374e5dc-9291-4f0f-8939-22f477a73ed1/datanode-3/data/ratis/b461abf9-3641-4a5b-8e9d-5558bdb326cf/current/log_inprogress_0
2019-09-20 09:58:16,255 [dbc0ab45-ebfe-467d-9e23-db8d387d8dfa-SegmentedRaftLogWorker:Storage Directory /workdir/hadoop-ozone/integration-test/target/test-dir/MiniOzoneClusterImpl-e374e5dc-9291-4f0f-8939-22f477a73ed1/datanode-2/data/ratis/14114002-ba6d-4e85-b143-587569ed29eb] INFO  segmented.SegmentedRaftLogWorker (SegmentedRaftLogWorker.java:execute(569)) - dbc0ab45-ebfe-467d-9e23-db8d387d8dfa-SegmentedRaftLogWorker:Storage Directory /workdir/hadoop-ozone/integration-test/target/test-dir/MiniOzoneClusterImpl-e374e5dc-9291-4f0f-8939-22f477a73ed1/datanode-2/data/ratis/14114002-ba6d-4e85-b143-587569ed29eb: created new log segment /workdir/hadoop-ozone/integration-test/target/test-dir/MiniOzoneClusterImpl-e374e5dc-9291-4f0f-8939-22f477a73ed1/datanode-2/data/ratis/14114002-ba6d-4e85-b143-587569ed29eb/current/log_inprogress_0
2019-09-20 09:58:16,255 [1e1028b0-b1ae-4fc9-b381-4161cbf4e605-SegmentedRaftLogWorker:Storage Directory /workdir/hadoop-ozone/integration-test/target/test-dir/MiniOzoneClusterImpl-e374e5dc-9291-4f0f-8939-22f477a73ed1/datanode-1/data/ratis/884b6864-767a-49e7-801a-e2fd7ebae310] INFO  segmented.SegmentedRaftLogWorker (SegmentedRaftLogWorker.java:execute(569)) - 1e1028b0-b1ae-4fc9-b381-4161cbf4e605-SegmentedRaftLogWorker:Storage Directory /workdir/hadoop-ozone/integration-test/target/test-dir/MiniOzoneClusterImpl-e374e5dc-9291-4f0f-8939-22f477a73ed1/datanode-1/data/ratis/884b6864-767a-49e7-801a-e2fd7ebae310: created new log segment /workdir/hadoop-ozone/integration-test/target/test-dir/MiniOzoneClusterImpl-e374e5dc-9291-4f0f-8939-22f477a73ed1/datanode-1/data/ratis/884b6864-767a-49e7-801a-e2fd7ebae310/current/log_inprogress_0
2019-09-20 09:58:16,284 [3ae9388a-4567-4217-bf64-5c7336827dbd-SegmentedRaftLogWorker:Storage Directory /workdir/hadoop-ozone/integration-test/target/test-dir/MiniOzoneClusterImpl-e374e5dc-9291-4f0f-8939-22f477a73ed1/datanode-0/data/ratis/c9236fcb-2fad-471e-9717-70db6333bf9a] INFO  segmented.SegmentedRaftLogWorker (SegmentedRaftLogWorker.java:execute(569)) - 3ae9388a-4567-4217-bf64-5c7336827dbd-SegmentedRaftLogWorker:Storage Directory /workdir/hadoop-ozone/integration-test/target/test-dir/MiniOzoneClusterImpl-e374e5dc-9291-4f0f-8939-22f477a73ed1/datanode-0/data/ratis/c9236fcb-2fad-471e-9717-70db6333bf9a: created new log segment /workdir/hadoop-ozone/integration-test/target/test-dir/MiniOzoneClusterImpl-e374e5dc-9291-4f0f-8939-22f477a73ed1/datanode-0/data/ratis/c9236fcb-2fad-471e-9717-70db6333bf9a/current/log_inprogress_0
2019-09-20 09:58:16,284 [78d2b1a6-2047-44d1-abdb-de599321792b-SegmentedRaftLogWorker:Storage Directory /workdir/hadoop-ozone/integration-test/target/test-dir/MiniOzoneClusterImpl-e374e5dc-9291-4f0f-8939-22f477a73ed1/datanode-4/data/ratis/a9596c78-85da-408f-921d-58e7bd9a8157] INFO  segmented.SegmentedRaftLogWorker (SegmentedRaftLogWorker.java:execute(569)) - 78d2b1a6-2047-44d1-abdb-de599321792b-SegmentedRaftLogWorker:Storage Directory /workdir/hadoop-ozone/integration-test/target/test-dir/MiniOzoneClusterImpl-e374e5dc-9291-4f0f-8939-22f477a73ed1/datanode-4/data/ratis/a9596c78-85da-408f-921d-58e7bd9a8157: created new log segment /workdir/hadoop-ozone/integration-test/target/test-dir/MiniOzoneClusterImpl-e374e5dc-9291-4f0f-8939-22f477a73ed1/datanode-4/data/ratis/a9596c78-85da-408f-921d-58e7bd9a8157/current/log_inprogress_0
2019-09-20 09:58:16,284 [1e1028b0-b1ae-4fc9-b381-4161cbf4e605-SegmentedRaftLogWorker:Storage Directory /workdir/hadoop-ozone/integration-test/target/test-dir/MiniOzoneClusterImpl-e374e5dc-9291-4f0f-8939-22f477a73ed1/datanode-1/data/ratis/14114002-ba6d-4e85-b143-587569ed29eb] INFO  segmented.SegmentedRaftLogWorker (SegmentedRaftLogWorker.java:execute(569)) - 1e1028b0-b1ae-4fc9-b381-4161cbf4e605-SegmentedRaftLogWorker:Storage Directory /workdir/hadoop-ozone/integration-test/target/test-dir/MiniOzoneClusterImpl-e374e5dc-9291-4f0f-8939-22f477a73ed1/datanode-1/data/ratis/14114002-ba6d-4e85-b143-587569ed29eb: created new log segment /workdir/hadoop-ozone/integration-test/target/test-dir/MiniOzoneClusterImpl-e374e5dc-9291-4f0f-8939-22f477a73ed1/datanode-1/data/ratis/14114002-ba6d-4e85-b143-587569ed29eb/current/log_inprogress_0
2019-09-20 09:58:16,284 [3ae9388a-4567-4217-bf64-5c7336827dbd-SegmentedRaftLogWorker:Storage Directory /workdir/hadoop-ozone/integration-test/target/test-dir/MiniOzoneClusterImpl-e374e5dc-9291-4f0f-8939-22f477a73ed1/datanode-0/data/ratis/14114002-ba6d-4e85-b143-587569ed29eb] INFO  segmented.SegmentedRaftLogWorker (SegmentedRaftLogWorker.java:execute(569)) - 3ae9388a-4567-4217-bf64-5c7336827dbd-SegmentedRaftLogWorker:Storage Directory /workdir/hadoop-ozone/integration-test/target/test-dir/MiniOzoneClusterImpl-e374e5dc-9291-4f0f-8939-22f477a73ed1/datanode-0/data/ratis/14114002-ba6d-4e85-b143-587569ed29eb: created new log segment /workdir/hadoop-ozone/integration-test/target/test-dir/MiniOzoneClusterImpl-e374e5dc-9291-4f0f-8939-22f477a73ed1/datanode-0/data/ratis/14114002-ba6d-4e85-b143-587569ed29eb/current/log_inprogress_0
2019-09-20 09:58:16,349 | INFO  | SCMAudit | user=jenkins1000 | ip=192.168.151.119 | op=SEND_HEARTBEAT {datanodeUUID=c7410048-26d9-4bf7-b464-854ccc21edd1, command=[]} | ret=SUCCESS |  
2019-09-20 09:58:16,495 | INFO  | SCMAudit | user=jenkins1000 | ip=192.168.151.119 | op=SEND_HEARTBEAT {datanodeUUID=3ae9388a-4567-4217-bf64-5c7336827dbd, command=[]} | ret=SUCCESS |  
2019-09-20 09:58:16,626 | INFO  | SCMAudit | user=jenkins1000 | ip=192.168.151.119 | op=SEND_HEARTBEAT {datanodeUUID=78d2b1a6-2047-44d1-abdb-de599321792b, command=[]} | ret=SUCCESS |  
2019-09-20 09:58:16,712 [main] INFO  ozoneimpl.OzoneContainer (OzoneContainer.java:stop(199)) - Attempting to stop container services.
2019-09-20 09:58:16,712 [ForkJoinPool.commonPool-worker-0] INFO  ozoneimpl.OzoneContainer (OzoneContainer.java:stop(199)) - Attempting to stop container services.
2019-09-20 09:58:16,717 [main] INFO  impl.RaftServerProxy (RaftServerProxy.java:lambda$close$4(314)) - dbc0ab45-ebfe-467d-9e23-db8d387d8dfa: close
2019-09-20 09:58:16,717 [ForkJoinPool.commonPool-worker-0] INFO  impl.RaftServerProxy (RaftServerProxy.java:lambda$close$4(314)) - 1e1028b0-b1ae-4fc9-b381-4161cbf4e605: close
2019-09-20 09:58:16,720 [main] INFO  impl.RaftServerImpl (RaftServerImpl.java:lambda$shutdown$3(245)) - dbc0ab45-ebfe-467d-9e23-db8d387d8dfa: shutdown group-64C6E6CE1AC0
2019-09-20 09:58:16,720 [ForkJoinPool.commonPool-worker-0] INFO  impl.RaftServerImpl (RaftServerImpl.java:lambda$shutdown$3(245)) - 1e1028b0-b1ae-4fc9-b381-4161cbf4e605: shutdown group-587569ED29EB
2019-09-20 09:58:16,720 [main] INFO  util.JmxRegister (JmxRegister.java:unregister(73)) - Successfully un-registered JMX Bean with object name Ratis:service=RaftServer,group=group-64C6E6CE1AC0,id=dbc0ab45-ebfe-467d-9e23-db8d387d8dfa
2019-09-20 09:58:16,721 [ForkJoinPool.commonPool-worker-0] INFO  util.JmxRegister (JmxRegister.java:unregister(73)) - Successfully un-registered JMX Bean with object name Ratis:service=RaftServer,group=group-587569ED29EB,id=1e1028b0-b1ae-4fc9-b381-4161cbf4e605
2019-09-20 09:58:16,721 [main] INFO  impl.RoleInfo (RoleInfo.java:shutdownLeaderState(104)) - dbc0ab45-ebfe-467d-9e23-db8d387d8dfa: shutdown LeaderState
2019-09-20 09:58:16,721 [ForkJoinPool.commonPool-worker-0] INFO  impl.RoleInfo (RoleInfo.java:shutdownFollowerState(121)) - 1e1028b0-b1ae-4fc9-b381-4161cbf4e605: shutdown FollowerState
2019-09-20 09:58:16,722 [ForkJoinPool.commonPool-worker-0] INFO  impl.StateMachineUpdater (StateMachineUpdater.java:stopAndJoin(115)) - StateMachineUpdater:1e1028b0-b1ae-4fc9-b381-4161cbf4e605:group-587569ED29EB: set stopIndex = -1
2019-09-20 09:58:16,722 [Thread-252] INFO  impl.FollowerState (FollowerState.java:run(114)) - 1e1028b0-b1ae-4fc9-b381-4161cbf4e605: FollowerState was interrupted: java.lang.InterruptedException: sleep interrupted
2019-09-20 09:58:16,722 [main] INFO  impl.PendingRequests (PendingRequests.java:sendNotLeaderResponses(202)) - dbc0ab45-ebfe-467d-9e23-db8d387d8dfa-PendingRequests: sendNotLeaderResponses
2019-09-20 09:58:16,724 [ForkJoinPool.commonPool-worker-0] INFO  impl.RaftServerImpl (ServerState.java:close(394)) - 1e1028b0-b1ae-4fc9-b381-4161cbf4e605:group-587569ED29EB closes. The last applied log index is -1
2019-09-20 09:58:16,728 [main] INFO  impl.StateMachineUpdater (StateMachineUpdater.java:stopAndJoin(115)) - StateMachineUpdater:dbc0ab45-ebfe-467d-9e23-db8d387d8dfa:group-64C6E6CE1AC0: set stopIndex = 0
2019-09-20 09:58:16,731 [main] INFO  impl.RaftServerImpl (ServerState.java:close(394)) - dbc0ab45-ebfe-467d-9e23-db8d387d8dfa:group-64C6E6CE1AC0 closes. The last applied log index is 0
2019-09-20 09:58:16,731 [1e1028b0-b1ae-4fc9-b381-4161cbf4e605-SegmentedRaftLogWorker:Storage Directory /workdir/hadoop-ozone/integration-test/target/test-dir/MiniOzoneClusterImpl-e374e5dc-9291-4f0f-8939-22f477a73ed1/datanode-1/data/ratis/14114002-ba6d-4e85-b143-587569ed29eb] INFO  segmented.SegmentedRaftLogWorker (SegmentedRaftLogWorker.java:run(313)) - 1e1028b0-b1ae-4fc9-b381-4161cbf4e605-SegmentedRaftLogWorker:Storage Directory /workdir/hadoop-ozone/integration-test/target/test-dir/MiniOzoneClusterImpl-e374e5dc-9291-4f0f-8939-22f477a73ed1/datanode-1/data/ratis/14114002-ba6d-4e85-b143-587569ed29eb was interrupted, exiting. There are 0 tasks remaining in the queue.
2019-09-20 09:58:16,732 [dbc0ab45-ebfe-467d-9e23-db8d387d8dfa-SegmentedRaftLogWorker:Storage Directory /workdir/hadoop-ozone/integration-test/target/test-dir/MiniOzoneClusterImpl-e374e5dc-9291-4f0f-8939-22f477a73ed1/datanode-2/data/ratis/5a3e52e4-059d-4eed-9976-64c6e6ce1ac0] INFO  segmented.SegmentedRaftLogWorker (SegmentedRaftLogWorker.java:run(313)) - dbc0ab45-ebfe-467d-9e23-db8d387d8dfa-SegmentedRaftLogWorker:Storage Directory /workdir/hadoop-ozone/integration-test/target/test-dir/MiniOzoneClusterImpl-e374e5dc-9291-4f0f-8939-22f477a73ed1/datanode-2/data/ratis/5a3e52e4-059d-4eed-9976-64c6e6ce1ac0 was interrupted, exiting. There are 0 tasks remaining in the queue.
2019-09-20 09:58:16,736 [main] INFO  segmented.SegmentedRaftLogWorker (SegmentedRaftLogWorker.java:close(228)) - dbc0ab45-ebfe-467d-9e23-db8d387d8dfa-SegmentedRaftLogWorker:Storage Directory /workdir/hadoop-ozone/integration-test/target/test-dir/MiniOzoneClusterImpl-e374e5dc-9291-4f0f-8939-22f477a73ed1/datanode-2/data/ratis/5a3e52e4-059d-4eed-9976-64c6e6ce1ac0 close()
2019-09-20 09:58:16,736 [ForkJoinPool.commonPool-worker-0] INFO  segmented.SegmentedRaftLogWorker (SegmentedRaftLogWorker.java:close(228)) - 1e1028b0-b1ae-4fc9-b381-4161cbf4e605-SegmentedRaftLogWorker:Storage Directory /workdir/hadoop-ozone/integration-test/target/test-dir/MiniOzoneClusterImpl-e374e5dc-9291-4f0f-8939-22f477a73ed1/datanode-1/data/ratis/14114002-ba6d-4e85-b143-587569ed29eb close()
2019-09-20 09:58:16,754 [ForkJoinPool.commonPool-worker-0] INFO  impl.RaftServerImpl (RaftServerImpl.java:lambda$shutdown$3(245)) - 1e1028b0-b1ae-4fc9-b381-4161cbf4e605: shutdown group-E2FD7EBAE310
2019-09-20 09:58:16,754 [main] INFO  impl.RaftServerImpl (RaftServerImpl.java:lambda$shutdown$3(245)) - dbc0ab45-ebfe-467d-9e23-db8d387d8dfa: shutdown group-587569ED29EB
2019-09-20 09:58:16,756 [ForkJoinPool.commonPool-worker-0] INFO  util.JmxRegister (JmxRegister.java:unregister(73)) - Successfully un-registered JMX Bean with object name Ratis:service=RaftServer,group=group-E2FD7EBAE310,id=1e1028b0-b1ae-4fc9-b381-4161cbf4e605
2019-09-20 09:58:16,756 [main] INFO  util.JmxRegister (JmxRegister.java:unregister(73)) - Successfully un-registered JMX Bean with object name Ratis:service=RaftServer,group=group-587569ED29EB,id=dbc0ab45-ebfe-467d-9e23-db8d387d8dfa
2019-09-20 09:58:16,757 [main] INFO  impl.RoleInfo (RoleInfo.java:shutdownFollowerState(121)) - dbc0ab45-ebfe-467d-9e23-db8d387d8dfa: shutdown FollowerState
2019-09-20 09:58:16,757 [ForkJoinPool.commonPool-worker-0] INFO  impl.RoleInfo (RoleInfo.java:shutdownLeaderState(104)) - 1e1028b0-b1ae-4fc9-b381-4161cbf4e605: shutdown LeaderState
2019-09-20 09:58:16,757 [Thread-251] INFO  impl.FollowerState (FollowerState.java:run(114)) - dbc0ab45-ebfe-467d-9e23-db8d387d8dfa: FollowerState was interrupted: java.lang.InterruptedException: sleep interrupted
2019-09-20 09:58:16,757 [main] INFO  impl.StateMachineUpdater (StateMachineUpdater.java:stopAndJoin(115)) - StateMachineUpdater:dbc0ab45-ebfe-467d-9e23-db8d387d8dfa:group-587569ED29EB: set stopIndex = -1
2019-09-20 09:58:16,765 [main] INFO  impl.RaftServerImpl (ServerState.java:close(394)) - dbc0ab45-ebfe-467d-9e23-db8d387d8dfa:group-587569ED29EB closes. The last applied log index is -1
2019-09-20 09:58:16,759 [ForkJoinPool.commonPool-worker-0] INFO  impl.PendingRequests (PendingRequests.java:sendNotLeaderResponses(202)) - 1e1028b0-b1ae-4fc9-b381-4161cbf4e605-PendingRequests: sendNotLeaderResponses
2019-09-20 09:58:16,765 [dbc0ab45-ebfe-467d-9e23-db8d387d8dfa-SegmentedRaftLogWorker:Storage Directory /workdir/hadoop-ozone/integration-test/target/test-dir/MiniOzoneClusterImpl-e374e5dc-9291-4f0f-8939-22f477a73ed1/datanode-2/data/ratis/14114002-ba6d-4e85-b143-587569ed29eb] INFO  segmented.SegmentedRaftLogWorker (SegmentedRaftLogWorker.java:run(313)) - dbc0ab45-ebfe-467d-9e23-db8d387d8dfa-SegmentedRaftLogWorker:Storage Directory /workdir/hadoop-ozone/integration-test/target/test-dir/MiniOzoneClusterImpl-e374e5dc-9291-4f0f-8939-22f477a73ed1/datanode-2/data/ratis/14114002-ba6d-4e85-b143-587569ed29eb was interrupted, exiting. There are 0 tasks remaining in the queue.
2019-09-20 09:58:16,766 [ForkJoinPool.commonPool-worker-0] INFO  impl.StateMachineUpdater (StateMachineUpdater.java:stopAndJoin(115)) - StateMachineUpdater:1e1028b0-b1ae-4fc9-b381-4161cbf4e605:group-E2FD7EBAE310: set stopIndex = 0
2019-09-20 09:58:16,767 [main] INFO  segmented.SegmentedRaftLogWorker (SegmentedRaftLogWorker.java:close(228)) - dbc0ab45-ebfe-467d-9e23-db8d387d8dfa-SegmentedRaftLogWorker:Storage Directory /workdir/hadoop-ozone/integration-test/target/test-dir/MiniOzoneClusterImpl-e374e5dc-9291-4f0f-8939-22f477a73ed1/datanode-2/data/ratis/14114002-ba6d-4e85-b143-587569ed29eb close()
2019-09-20 09:58:16,768 [ForkJoinPool.commonPool-worker-0] INFO  impl.RaftServerImpl (ServerState.java:close(394)) - 1e1028b0-b1ae-4fc9-b381-4161cbf4e605:group-E2FD7EBAE310 closes. The last applied log index is 0
2019-09-20 09:58:16,773 [1e1028b0-b1ae-4fc9-b381-4161cbf4e605-SegmentedRaftLogWorker:Storage Directory /workdir/hadoop-ozone/integration-test/target/test-dir/MiniOzoneClusterImpl-e374e5dc-9291-4f0f-8939-22f477a73ed1/datanode-1/data/ratis/884b6864-767a-49e7-801a-e2fd7ebae310] INFO  segmented.SegmentedRaftLogWorker (SegmentedRaftLogWorker.java:run(313)) - 1e1028b0-b1ae-4fc9-b381-4161cbf4e605-SegmentedRaftLogWorker:Storage Directory /workdir/hadoop-ozone/integration-test/target/test-dir/MiniOzoneClusterImpl-e374e5dc-9291-4f0f-8939-22f477a73ed1/datanode-1/data/ratis/884b6864-767a-49e7-801a-e2fd7ebae310 was interrupted, exiting. There are 0 tasks remaining in the queue.
2019-09-20 09:58:16,773 [main] INFO  server.GrpcService (GrpcService.java:closeImpl(155)) - dbc0ab45-ebfe-467d-9e23-db8d387d8dfa: shutdown server with port 46677 now
2019-09-20 09:58:16,774 [ForkJoinPool.commonPool-worker-0] INFO  segmented.SegmentedRaftLogWorker (SegmentedRaftLogWorker.java:close(228)) - 1e1028b0-b1ae-4fc9-b381-4161cbf4e605-SegmentedRaftLogWorker:Storage Directory /workdir/hadoop-ozone/integration-test/target/test-dir/MiniOzoneClusterImpl-e374e5dc-9291-4f0f-8939-22f477a73ed1/datanode-1/data/ratis/884b6864-767a-49e7-801a-e2fd7ebae310 close()
2019-09-20 09:58:16,778 [ForkJoinPool.commonPool-worker-0] INFO  server.GrpcService (GrpcService.java:closeImpl(155)) - 1e1028b0-b1ae-4fc9-b381-4161cbf4e605: shutdown server with port 43571 now
2019-09-20 09:58:16,786 [grpc-default-executor-3] WARN  server.GrpcServerProtocolService (LogUtils.java:warn(134)) - 1e1028b0-b1ae-4fc9-b381-4161cbf4e605: appendEntries onError: org.apache.ratis.thirdparty.io.grpc.StatusRuntimeException: CANCELLED: cancelled before receiving half close
2019-09-20 09:58:16,786 [grpc-default-executor-5] WARN  server.GrpcServerProtocolService (LogUtils.java:warn(134)) - dbc0ab45-ebfe-467d-9e23-db8d387d8dfa: appendEntries onError: org.apache.ratis.thirdparty.io.grpc.StatusRuntimeException: CANCELLED: cancelled before receiving half close
2019-09-20 09:58:16,787 [ForkJoinPool.commonPool-worker-0] INFO  server.GrpcService (GrpcService.java:closeImpl(163)) - 1e1028b0-b1ae-4fc9-b381-4161cbf4e605: shutdown server with port 43571 successfully
2019-09-20 09:58:16,787 [main] INFO  server.GrpcService (GrpcService.java:closeImpl(163)) - dbc0ab45-ebfe-467d-9e23-db8d387d8dfa: shutdown server with port 46677 successfully
2019-09-20 09:58:16,788 [grpc-default-executor-5] WARN  server.GrpcLogAppender (LogUtils.java:warn(134)) - 3ae9388a-4567-4217-bf64-5c7336827dbd->dbc0ab45-ebfe-467d-9e23-db8d387d8dfa: Failed appendEntries: org.apache.ratis.thirdparty.io.grpc.StatusRuntimeException: CANCELLED: HTTP/2 error code: CANCEL
Received Rst Stream
2019-09-20 09:58:16,788 [grpc-default-executor-3] WARN  server.GrpcLogAppender (LogUtils.java:warn(134)) - 3ae9388a-4567-4217-bf64-5c7336827dbd->1e1028b0-b1ae-4fc9-b381-4161cbf4e605: Failed appendEntries: org.apache.ratis.thirdparty.io.grpc.StatusRuntimeException: CANCELLED: HTTP/2 error code: CANCEL
Received Rst Stream
2019-09-20 09:58:16,796 [main] INFO  utils.BackgroundService (BackgroundService.java:shutdown(148)) - Shutting down service BlockDeletingService
2019-09-20 09:58:16,797 [grpc-default-executor-5] INFO  impl.FollowerInfo (FollowerInfo.java:lambda$new$0(50)) - 3ae9388a-4567-4217-bf64-5c7336827dbd->dbc0ab45-ebfe-467d-9e23-db8d387d8dfa: nextIndex: updateUnconditionally 1 -> 0
2019-09-20 09:58:16,797 [ForkJoinPool.commonPool-worker-0] INFO  utils.BackgroundService (BackgroundService.java:shutdown(148)) - Shutting down service BlockDeletingService
2019-09-20 09:58:16,797 [grpc-default-executor-3] INFO  impl.FollowerInfo (FollowerInfo.java:lambda$new$0(50)) - 3ae9388a-4567-4217-bf64-5c7336827dbd->1e1028b0-b1ae-4fc9-b381-4161cbf4e605: nextIndex: updateUnconditionally 1 -> 0
2019-09-20 09:58:16,798 [refreshUsed-/workdir/hadoop-ozone/integration-test/target/test-dir/MiniOzoneClusterImpl-e374e5dc-9291-4f0f-8939-22f477a73ed1/datanode-2/data/containers] WARN  fs.CachingGetSpaceUsed (CachingGetSpaceUsed.java:run(183)) - Thread Interrupted waiting to refresh disk information: sleep interrupted
2019-09-20 09:58:16,803 [refreshUsed-/workdir/hadoop-ozone/integration-test/target/test-dir/MiniOzoneClusterImpl-e374e5dc-9291-4f0f-8939-22f477a73ed1/datanode-1/data/containers] WARN  fs.CachingGetSpaceUsed (CachingGetSpaceUsed.java:run(183)) - Thread Interrupted waiting to refresh disk information: sleep interrupted
2019-09-20 09:58:16,825 [ForkJoinPool.commonPool-worker-0] INFO  statemachine.DatanodeStateMachine (DatanodeStateMachine.java:stopDaemon(401)) - Ozone container server stopped.
2019-09-20 09:58:16,829 [ForkJoinPool.commonPool-worker-0] INFO  handler.ContextHandler (ContextHandler.java:doStop(910)) - Stopped o.e.j.w.WebAppContext@626e0c86{/,null,UNAVAILABLE}{/hddsDatanode}
2019-09-20 09:58:16,832 [main] INFO  statemachine.DatanodeStateMachine (DatanodeStateMachine.java:stopDaemon(401)) - Ozone container server stopped.
2019-09-20 09:58:16,832 [ForkJoinPool.commonPool-worker-0] INFO  server.AbstractConnector (AbstractConnector.java:doStop(318)) - Stopped ServerConnector@28ee0a3c{HTTP/1.1,[http/1.1]}{0.0.0.0:0}
2019-09-20 09:58:16,834 [ForkJoinPool.commonPool-worker-0] INFO  handler.ContextHandler (ContextHandler.java:doStop(910)) - Stopped o.e.j.s.ServletContextHandler@7a83ccd2{/static,jar:file:/home/user/.m2/repository/org/apache/hadoop/hadoop-hdds-container-service/0.5.0-SNAPSHOT/hadoop-hdds-container-service-0.5.0-SNAPSHOT.jar!/webapps/static,UNAVAILABLE}
2019-09-20 09:58:16,835 [main] INFO  handler.ContextHandler (ContextHandler.java:doStop(910)) - Stopped o.e.j.w.WebAppContext@11a3a45f{/,null,UNAVAILABLE}{/hddsDatanode}
2019-09-20 09:58:16,835 [ForkJoinPool.commonPool-worker-0] INFO  handler.ContextHandler (ContextHandler.java:doStop(910)) - Stopped o.e.j.s.ServletContextHandler@39549f33{/logs,file:///workdir/hadoop-ozone/integration-test/target/log,UNAVAILABLE}
2019-09-20 09:58:16,836 [ForkJoinPool.commonPool-worker-0] INFO  datanode.ObjectStoreHandler (ObjectStoreHandler.java:close(155)) - Closing ObjectStoreHandler.
2019-09-20 09:58:16,836 [main] INFO  server.AbstractConnector (AbstractConnector.java:doStop(318)) - Stopped ServerConnector@69796bd0{HTTP/1.1,[http/1.1]}{0.0.0.0:0}
2019-09-20 09:58:16,837 [ForkJoinPool.commonPool-worker-0] INFO  ozone.HddsDatanodeService (HddsDatanodeService.java:stop(451)) - Stopped plug-in org.apache.hadoop.ozone.web.OzoneHddsDatanodeService@15d3793b
2019-09-20 09:58:16,837 [main] INFO  handler.ContextHandler (ContextHandler.java:doStop(910)) - Stopped o.e.j.s.ServletContextHandler@5e85c21b{/static,jar:file:/home/user/.m2/repository/org/apache/hadoop/hadoop-hdds-container-service/0.5.0-SNAPSHOT/hadoop-hdds-container-service-0.5.0-SNAPSHOT.jar!/webapps/static,UNAVAILABLE}
2019-09-20 09:58:16,837 [main] INFO  handler.ContextHandler (ContextHandler.java:doStop(910)) - Stopped o.e.j.s.ServletContextHandler@6ef2f7ad{/logs,file:///workdir/hadoop-ozone/integration-test/target/log,UNAVAILABLE}
2019-09-20 09:58:16,838 [main] INFO  datanode.ObjectStoreHandler (ObjectStoreHandler.java:close(155)) - Closing ObjectStoreHandler.
2019-09-20 09:58:16,839 [main] INFO  ozone.HddsDatanodeService (HddsDatanodeService.java:stop(451)) - Stopped plug-in org.apache.hadoop.ozone.web.OzoneHddsDatanodeService@267891bf
2019-09-20 09:58:17,348 | INFO  | SCMAudit | user=jenkins1000 | ip=192.168.151.119 | op=SEND_HEARTBEAT {datanodeUUID=c7410048-26d9-4bf7-b464-854ccc21edd1, command=[]} | ret=SUCCESS |  
2019-09-20 09:58:17,483 [Datanode State Machine Thread - 0] INFO  statemachine.DatanodeStateMachine (DatanodeStateMachine.java:lambda$startDaemon$0(356)) - Ozone container server started.
2019-09-20 09:58:17,625 [Datanode State Machine Thread - 0] INFO  statemachine.DatanodeStateMachine (DatanodeStateMachine.java:lambda$startDaemon$0(356)) - Ozone container server started.
2019-09-20 09:58:18,348 | INFO  | SCMAudit | user=jenkins1000 | ip=192.168.151.119 | op=SEND_HEARTBEAT {datanodeUUID=c7410048-26d9-4bf7-b464-854ccc21edd1, command=[]} | ret=SUCCESS |  
2019-09-20 09:58:18,807 [grpc-default-executor-1] WARN  server.GrpcLogAppender (LogUtils.java:warn(134)) - 3ae9388a-4567-4217-bf64-5c7336827dbd->dbc0ab45-ebfe-467d-9e23-db8d387d8dfa: Failed appendEntries: org.apache.ratis.thirdparty.io.grpc.StatusRuntimeException: UNAVAILABLE: io exception
2019-09-20 09:58:18,811 [grpc-default-executor-1] INFO  impl.FollowerInfo (FollowerInfo.java:lambda$new$0(50)) - 3ae9388a-4567-4217-bf64-5c7336827dbd->dbc0ab45-ebfe-467d-9e23-db8d387d8dfa: nextIndex: updateUnconditionally 0 -> 0
2019-09-20 09:58:18,813 [grpc-default-executor-3] WARN  server.GrpcLogAppender (LogUtils.java:warn(134)) - 3ae9388a-4567-4217-bf64-5c7336827dbd->1e1028b0-b1ae-4fc9-b381-4161cbf4e605: Failed appendEntries: org.apache.ratis.thirdparty.io.grpc.StatusRuntimeException: UNAVAILABLE: io exception
2019-09-20 09:58:18,816 [grpc-default-executor-3] INFO  impl.FollowerInfo (FollowerInfo.java:lambda$new$0(50)) - 3ae9388a-4567-4217-bf64-5c7336827dbd->1e1028b0-b1ae-4fc9-b381-4161cbf4e605: nextIndex: updateUnconditionally 0 -> 0
2019-09-20 09:58:19,348 | INFO  | SCMAudit | user=jenkins1000 | ip=192.168.151.119 | op=SEND_HEARTBEAT {datanodeUUID=c7410048-26d9-4bf7-b464-854ccc21edd1, command=[]} | ret=SUCCESS |  
2019-09-20 09:58:20,347 | INFO  | SCMAudit | user=jenkins1000 | ip=192.168.151.119 | op=SEND_HEARTBEAT {datanodeUUID=c7410048-26d9-4bf7-b464-854ccc21edd1, command=[]} | ret=SUCCESS |  
2019-09-20 09:58:21,304 [grpc-default-executor-5] WARN  server.GrpcLogAppender (LogUtils.java:warn(134)) - 3ae9388a-4567-4217-bf64-5c7336827dbd->dbc0ab45-ebfe-467d-9e23-db8d387d8dfa: Failed appendEntries: org.apache.ratis.thirdparty.io.grpc.StatusRuntimeException: UNAVAILABLE: io exception
2019-09-20 09:58:21,309 [grpc-default-executor-5] INFO  impl.FollowerInfo (FollowerInfo.java:lambda$new$0(50)) - 3ae9388a-4567-4217-bf64-5c7336827dbd->dbc0ab45-ebfe-467d-9e23-db8d387d8dfa: nextIndex: updateUnconditionally 0 -> 0
2019-09-20 09:58:21,314 [grpc-default-executor-3] WARN  server.GrpcLogAppender (LogUtils.java:warn(134)) - 3ae9388a-4567-4217-bf64-5c7336827dbd->1e1028b0-b1ae-4fc9-b381-4161cbf4e605: Failed appendEntries: org.apache.ratis.thirdparty.io.grpc.StatusRuntimeException: UNAVAILABLE: io exception
2019-09-20 09:58:21,318 [grpc-default-executor-3] INFO  impl.FollowerInfo (FollowerInfo.java:lambda$new$0(50)) - 3ae9388a-4567-4217-bf64-5c7336827dbd->1e1028b0-b1ae-4fc9-b381-4161cbf4e605: nextIndex: updateUnconditionally 0 -> 0
2019-09-20 09:58:21,347 | INFO  | SCMAudit | user=jenkins1000 | ip=192.168.151.119 | op=SEND_HEARTBEAT {datanodeUUID=c7410048-26d9-4bf7-b464-854ccc21edd1, command=[]} | ret=SUCCESS |  
2019-09-20 09:58:21,838 [ForkJoinPool.commonPool-worker-0] INFO  ozoneimpl.OzoneContainer (OzoneContainer.java:stop(199)) - Attempting to stop container services.
2019-09-20 09:58:21,838 [ForkJoinPool.commonPool-worker-0] INFO  impl.RaftServerProxy (RaftServerProxy.java:lambda$close$4(314)) - 3ae9388a-4567-4217-bf64-5c7336827dbd: close
2019-09-20 09:58:21,839 [ForkJoinPool.commonPool-worker-0] INFO  impl.RaftServerImpl (RaftServerImpl.java:lambda$shutdown$3(245)) - 3ae9388a-4567-4217-bf64-5c7336827dbd: shutdown group-587569ED29EB
2019-09-20 09:58:21,839 [ForkJoinPool.commonPool-worker-0] INFO  util.JmxRegister (JmxRegister.java:unregister(73)) - Successfully un-registered JMX Bean with object name Ratis:service=RaftServer,group=group-587569ED29EB,id=3ae9388a-4567-4217-bf64-5c7336827dbd
2019-09-20 09:58:21,839 [ForkJoinPool.commonPool-worker-0] INFO  impl.RoleInfo (RoleInfo.java:shutdownLeaderState(104)) - 3ae9388a-4567-4217-bf64-5c7336827dbd: shutdown LeaderState
2019-09-20 09:58:21,840 [main] INFO  ozoneimpl.OzoneContainer (OzoneContainer.java:stop(199)) - Attempting to stop container services.
2019-09-20 09:58:21,843 [org.apache.ratis.server.impl.LogAppender$AppenderDaemon$$Lambda$629/1275909568@48a99dea] WARN  server.GrpcLogAppender (GrpcLogAppender.java:mayWait(143)) - GrpcLogAppender(3ae9388a-4567-4217-bf64-5c7336827dbd->dbc0ab45-ebfe-467d-9e23-db8d387d8dfa): Wait interrupted by java.lang.InterruptedException
2019-09-20 09:58:21,843 [org.apache.ratis.server.impl.LogAppender$AppenderDaemon$$Lambda$629/1275909568@9375ff0] WARN  server.GrpcLogAppender (GrpcLogAppender.java:mayWait(143)) - GrpcLogAppender(3ae9388a-4567-4217-bf64-5c7336827dbd->1e1028b0-b1ae-4fc9-b381-4161cbf4e605): Wait interrupted by java.lang.InterruptedException
2019-09-20 09:58:21,843 [ForkJoinPool.commonPool-worker-0] INFO  impl.PendingRequests (PendingRequests.java:sendNotLeaderResponses(202)) - 3ae9388a-4567-4217-bf64-5c7336827dbd-PendingRequests: sendNotLeaderResponses
2019-09-20 09:58:21,843 [main] INFO  impl.RaftServerProxy (RaftServerProxy.java:lambda$close$4(314)) - 78d2b1a6-2047-44d1-abdb-de599321792b: close
2019-09-20 09:58:21,844 [ForkJoinPool.commonPool-worker-0] INFO  impl.StateMachineUpdater (StateMachineUpdater.java:stopAndJoin(115)) - StateMachineUpdater:3ae9388a-4567-4217-bf64-5c7336827dbd:group-587569ED29EB: set stopIndex = 0
2019-09-20 09:58:21,846 [main] INFO  impl.RaftServerImpl (RaftServerImpl.java:lambda$shutdown$3(245)) - 78d2b1a6-2047-44d1-abdb-de599321792b: shutdown group-58E7BD9A8157
2019-09-20 09:58:21,846 [ForkJoinPool.commonPool-worker-0] INFO  impl.RaftServerImpl (ServerState.java:close(394)) - 3ae9388a-4567-4217-bf64-5c7336827dbd:group-587569ED29EB closes. The last applied log index is 0
2019-09-20 09:58:21,847 [main] INFO  util.JmxRegister (JmxRegister.java:unregister(73)) - Successfully un-registered JMX Bean with object name Ratis:service=RaftServer,group=group-58E7BD9A8157,id=78d2b1a6-2047-44d1-abdb-de599321792b
2019-09-20 09:58:21,847 [3ae9388a-4567-4217-bf64-5c7336827dbd-SegmentedRaftLogWorker:Storage Directory /workdir/hadoop-ozone/integration-test/target/test-dir/MiniOzoneClusterImpl-e374e5dc-9291-4f0f-8939-22f477a73ed1/datanode-0/data/ratis/14114002-ba6d-4e85-b143-587569ed29eb] INFO  segmented.SegmentedRaftLogWorker (SegmentedRaftLogWorker.java:run(313)) - 3ae9388a-4567-4217-bf64-5c7336827dbd-SegmentedRaftLogWorker:Storage Directory /workdir/hadoop-ozone/integration-test/target/test-dir/MiniOzoneClusterImpl-e374e5dc-9291-4f0f-8939-22f477a73ed1/datanode-0/data/ratis/14114002-ba6d-4e85-b143-587569ed29eb was interrupted, exiting. There are 0 tasks remaining in the queue.
2019-09-20 09:58:21,848 [main] INFO  impl.RoleInfo (RoleInfo.java:shutdownLeaderState(104)) - 78d2b1a6-2047-44d1-abdb-de599321792b: shutdown LeaderState
2019-09-20 09:58:21,849 [ForkJoinPool.commonPool-worker-0] INFO  segmented.SegmentedRaftLogWorker (SegmentedRaftLogWorker.java:close(228)) - 3ae9388a-4567-4217-bf64-5c7336827dbd-SegmentedRaftLogWorker:Storage Directory /workdir/hadoop-ozone/integration-test/target/test-dir/MiniOzoneClusterImpl-e374e5dc-9291-4f0f-8939-22f477a73ed1/datanode-0/data/ratis/14114002-ba6d-4e85-b143-587569ed29eb close()
2019-09-20 09:58:21,851 [main] INFO  impl.PendingRequests (PendingRequests.java:sendNotLeaderResponses(202)) - 78d2b1a6-2047-44d1-abdb-de599321792b-PendingRequests: sendNotLeaderResponses
2019-09-20 09:58:21,854 [ForkJoinPool.commonPool-worker-0] INFO  impl.RaftServerImpl (RaftServerImpl.java:lambda$shutdown$3(245)) - 3ae9388a-4567-4217-bf64-5c7336827dbd: shutdown group-70DB6333BF9A
2019-09-20 09:58:21,855 [main] INFO  impl.StateMachineUpdater (StateMachineUpdater.java:stopAndJoin(115)) - StateMachineUpdater:78d2b1a6-2047-44d1-abdb-de599321792b:group-58E7BD9A8157: set stopIndex = 0
2019-09-20 09:58:21,857 [ForkJoinPool.commonPool-worker-0] INFO  util.JmxRegister (JmxRegister.java:unregister(73)) - Successfully un-registered JMX Bean with object name Ratis:service=RaftServer,group=group-70DB6333BF9A,id=3ae9388a-4567-4217-bf64-5c7336827dbd
2019-09-20 09:58:21,857 [main] INFO  impl.RaftServerImpl (ServerState.java:close(394)) - 78d2b1a6-2047-44d1-abdb-de599321792b:group-58E7BD9A8157 closes. The last applied log index is 0
2019-09-20 09:58:21,857 [ForkJoinPool.commonPool-worker-0] INFO  impl.RoleInfo (RoleInfo.java:shutdownLeaderState(104)) - 3ae9388a-4567-4217-bf64-5c7336827dbd: shutdown LeaderState
2019-09-20 09:58:21,858 [78d2b1a6-2047-44d1-abdb-de599321792b-SegmentedRaftLogWorker:Storage Directory /workdir/hadoop-ozone/integration-test/target/test-dir/MiniOzoneClusterImpl-e374e5dc-9291-4f0f-8939-22f477a73ed1/datanode-4/data/ratis/a9596c78-85da-408f-921d-58e7bd9a8157] INFO  segmented.SegmentedRaftLogWorker (SegmentedRaftLogWorker.java:run(313)) - 78d2b1a6-2047-44d1-abdb-de599321792b-SegmentedRaftLogWorker:Storage Directory /workdir/hadoop-ozone/integration-test/target/test-dir/MiniOzoneClusterImpl-e374e5dc-9291-4f0f-8939-22f477a73ed1/datanode-4/data/ratis/a9596c78-85da-408f-921d-58e7bd9a8157 was interrupted, exiting. There are 0 tasks remaining in the queue.
2019-09-20 09:58:21,858 [ForkJoinPool.commonPool-worker-0] INFO  impl.PendingRequests (PendingRequests.java:sendNotLeaderResponses(202)) - 3ae9388a-4567-4217-bf64-5c7336827dbd-PendingRequests: sendNotLeaderResponses
2019-09-20 09:58:21,860 [main] INFO  segmented.SegmentedRaftLogWorker (SegmentedRaftLogWorker.java:close(228)) - 78d2b1a6-2047-44d1-abdb-de599321792b-SegmentedRaftLogWorker:Storage Directory /workdir/hadoop-ozone/integration-test/target/test-dir/MiniOzoneClusterImpl-e374e5dc-9291-4f0f-8939-22f477a73ed1/datanode-4/data/ratis/a9596c78-85da-408f-921d-58e7bd9a8157 close()
2019-09-20 09:58:21,862 [ForkJoinPool.commonPool-worker-0] INFO  impl.StateMachineUpdater (StateMachineUpdater.java:stopAndJoin(115)) - StateMachineUpdater:3ae9388a-4567-4217-bf64-5c7336827dbd:group-70DB6333BF9A: set stopIndex = 0
2019-09-20 09:58:21,866 [main] INFO  server.GrpcService (GrpcService.java:closeImpl(155)) - 78d2b1a6-2047-44d1-abdb-de599321792b: shutdown server with port 33115 now
2019-09-20 09:58:21,866 [ForkJoinPool.commonPool-worker-0] INFO  impl.RaftServerImpl (ServerState.java:close(394)) - 3ae9388a-4567-4217-bf64-5c7336827dbd:group-70DB6333BF9A closes. The last applied log index is 0
2019-09-20 09:58:21,868 [main] INFO  server.GrpcService (GrpcService.java:closeImpl(163)) - 78d2b1a6-2047-44d1-abdb-de599321792b: shutdown server with port 33115 successfully
2019-09-20 09:58:21,868 [3ae9388a-4567-4217-bf64-5c7336827dbd-SegmentedRaftLogWorker:Storage Directory /workdir/hadoop-ozone/integration-test/target/test-dir/MiniOzoneClusterImpl-e374e5dc-9291-4f0f-8939-22f477a73ed1/datanode-0/data/ratis/c9236fcb-2fad-471e-9717-70db6333bf9a] INFO  segmented.SegmentedRaftLogWorker (SegmentedRaftLogWorker.java:run(313)) - 3ae9388a-4567-4217-bf64-5c7336827dbd-SegmentedRaftLogWorker:Storage Directory /workdir/hadoop-ozone/integration-test/target/test-dir/MiniOzoneClusterImpl-e374e5dc-9291-4f0f-8939-22f477a73ed1/datanode-0/data/ratis/c9236fcb-2fad-471e-9717-70db6333bf9a was interrupted, exiting. There are 0 tasks remaining in the queue.
2019-09-20 09:58:21,870 [ForkJoinPool.commonPool-worker-0] INFO  segmented.SegmentedRaftLogWorker (SegmentedRaftLogWorker.java:close(228)) - 3ae9388a-4567-4217-bf64-5c7336827dbd-SegmentedRaftLogWorker:Storage Directory /workdir/hadoop-ozone/integration-test/target/test-dir/MiniOzoneClusterImpl-e374e5dc-9291-4f0f-8939-22f477a73ed1/datanode-0/data/ratis/c9236fcb-2fad-471e-9717-70db6333bf9a close()
2019-09-20 09:58:21,873 [ForkJoinPool.commonPool-worker-0] INFO  server.GrpcService (GrpcService.java:closeImpl(155)) - 3ae9388a-4567-4217-bf64-5c7336827dbd: shutdown server with port 40807 now
2019-09-20 09:58:21,873 [main] INFO  utils.BackgroundService (BackgroundService.java:shutdown(148)) - Shutting down service BlockDeletingService
2019-09-20 09:58:21,876 [ForkJoinPool.commonPool-worker-0] INFO  server.GrpcService (GrpcService.java:closeImpl(163)) - 3ae9388a-4567-4217-bf64-5c7336827dbd: shutdown server with port 40807 successfully
2019-09-20 09:58:21,876 [refreshUsed-/workdir/hadoop-ozone/integration-test/target/test-dir/MiniOzoneClusterImpl-e374e5dc-9291-4f0f-8939-22f477a73ed1/datanode-4/data/containers] WARN  fs.CachingGetSpaceUsed (CachingGetSpaceUsed.java:run(183)) - Thread Interrupted waiting to refresh disk information: sleep interrupted
2019-09-20 09:58:21,879 [ForkJoinPool.commonPool-worker-0] INFO  utils.BackgroundService (BackgroundService.java:shutdown(148)) - Shutting down service BlockDeletingService
2019-09-20 09:58:21,885 [refreshUsed-/workdir/hadoop-ozone/integration-test/target/test-dir/MiniOzoneClusterImpl-e374e5dc-9291-4f0f-8939-22f477a73ed1/datanode-0/data/containers] WARN  fs.CachingGetSpaceUsed (CachingGetSpaceUsed.java:run(183)) - Thread Interrupted waiting to refresh disk information: sleep interrupted
2019-09-20 09:58:21,896 [main] INFO  statemachine.DatanodeStateMachine (DatanodeStateMachine.java:stopDaemon(401)) - Ozone container server stopped.
2019-09-20 09:58:21,897 [main] INFO  handler.ContextHandler (ContextHandler.java:doStop(910)) - Stopped o.e.j.w.WebAppContext@7af327e3{/,null,UNAVAILABLE}{/hddsDatanode}
2019-09-20 09:58:21,898 [main] INFO  server.AbstractConnector (AbstractConnector.java:doStop(318)) - Stopped ServerConnector@743d0d44{HTTP/1.1,[http/1.1]}{0.0.0.0:0}
2019-09-20 09:58:21,898 [main] INFO  handler.ContextHandler (ContextHandler.java:doStop(910)) - Stopped o.e.j.s.ServletContextHandler@242ff747{/static,jar:file:/home/user/.m2/repository/org/apache/hadoop/hadoop-hdds-container-service/0.5.0-SNAPSHOT/hadoop-hdds-container-service-0.5.0-SNAPSHOT.jar!/webapps/static,UNAVAILABLE}
2019-09-20 09:58:21,899 [main] INFO  handler.ContextHandler (ContextHandler.java:doStop(910)) - Stopped o.e.j.s.ServletContextHandler@4409cae6{/logs,file:///workdir/hadoop-ozone/integration-test/target/log,UNAVAILABLE}
2019-09-20 09:58:21,900 [main] INFO  datanode.ObjectStoreHandler (ObjectStoreHandler.java:close(155)) - Closing ObjectStoreHandler.
2019-09-20 09:58:21,900 [main] INFO  ozone.HddsDatanodeService (HddsDatanodeService.java:stop(451)) - Stopped plug-in org.apache.hadoop.ozone.web.OzoneHddsDatanodeService@6f3bd37f
2019-09-20 09:58:21,903 [ForkJoinPool.commonPool-worker-0] INFO  statemachine.DatanodeStateMachine (DatanodeStateMachine.java:stopDaemon(401)) - Ozone container server stopped.
2019-09-20 09:58:21,906 [ForkJoinPool.commonPool-worker-0] INFO  handler.ContextHandler (ContextHandler.java:doStop(910)) - Stopped o.e.j.w.WebAppContext@3bd2af5b{/,null,UNAVAILABLE}{/hddsDatanode}
2019-09-20 09:58:21,907 [ForkJoinPool.commonPool-worker-0] INFO  server.AbstractConnector (AbstractConnector.java:doStop(318)) - Stopped ServerConnector@250a500b{HTTP/1.1,[http/1.1]}{0.0.0.0:0}
2019-09-20 09:58:21,907 [ForkJoinPool.commonPool-worker-0] INFO  handler.ContextHandler (ContextHandler.java:doStop(910)) - Stopped o.e.j.s.ServletContextHandler@45acdd11{/static,jar:file:/home/user/.m2/repository/org/apache/hadoop/hadoop-hdds-container-service/0.5.0-SNAPSHOT/hadoop-hdds-container-service-0.5.0-SNAPSHOT.jar!/webapps/static,UNAVAILABLE}
2019-09-20 09:58:21,908 [ForkJoinPool.commonPool-worker-0] INFO  handler.ContextHandler (ContextHandler.java:doStop(910)) - Stopped o.e.j.s.ServletContextHandler@5d2828c9{/logs,file:///workdir/hadoop-ozone/integration-test/target/log,UNAVAILABLE}
2019-09-20 09:58:22,346 [Datanode State Machine Thread - 0] INFO  statemachine.DatanodeStateMachine (DatanodeStateMachine.java:lambda$startDaemon$0(356)) - Ozone container server started.
2019-09-20 09:58:26,901 [main] INFO  ozoneimpl.OzoneContainer (OzoneContainer.java:stop(199)) - Attempting to stop container services.
2019-09-20 09:58:26,902 [main] INFO  impl.RaftServerProxy (RaftServerProxy.java:lambda$close$4(314)) - c7410048-26d9-4bf7-b464-854ccc21edd1: close
2019-09-20 09:58:26,903 [main] INFO  impl.RaftServerImpl (RaftServerImpl.java:lambda$shutdown$3(245)) - c7410048-26d9-4bf7-b464-854ccc21edd1: shutdown group-5558BDB326CF
2019-09-20 09:58:26,903 [main] INFO  util.JmxRegister (JmxRegister.java:unregister(73)) - Successfully un-registered JMX Bean with object name Ratis:service=RaftServer,group=group-5558BDB326CF,id=c7410048-26d9-4bf7-b464-854ccc21edd1
2019-09-20 09:58:26,904 [main] INFO  impl.RoleInfo (RoleInfo.java:shutdownLeaderState(104)) - c7410048-26d9-4bf7-b464-854ccc21edd1: shutdown LeaderState
2019-09-20 09:58:26,904 [main] INFO  impl.PendingRequests (PendingRequests.java:sendNotLeaderResponses(202)) - c7410048-26d9-4bf7-b464-854ccc21edd1-PendingRequests: sendNotLeaderResponses
2019-09-20 09:58:26,905 [main] INFO  impl.StateMachineUpdater (StateMachineUpdater.java:stopAndJoin(115)) - StateMachineUpdater:c7410048-26d9-4bf7-b464-854ccc21edd1:group-5558BDB326CF: set stopIndex = 0
2019-09-20 09:58:26,906 [main] INFO  impl.RaftServerImpl (ServerState.java:close(394)) - c7410048-26d9-4bf7-b464-854ccc21edd1:group-5558BDB326CF closes. The last applied log index is 0
2019-09-20 09:58:26,907 [c7410048-26d9-4bf7-b464-854ccc21edd1-SegmentedRaftLogWorker:Storage Directory /workdir/hadoop-ozone/integration-test/target/test-dir/MiniOzoneClusterImpl-e374e5dc-9291-4f0f-8939-22f477a73ed1/datanode-3/data/ratis/b461abf9-3641-4a5b-8e9d-5558bdb326cf] INFO  segmented.SegmentedRaftLogWorker (SegmentedRaftLogWorker.java:run(313)) - c7410048-26d9-4bf7-b464-854ccc21edd1-SegmentedRaftLogWorker:Storage Directory /workdir/hadoop-ozone/integration-test/target/test-dir/MiniOzoneClusterImpl-e374e5dc-9291-4f0f-8939-22f477a73ed1/datanode-3/data/ratis/b461abf9-3641-4a5b-8e9d-5558bdb326cf was interrupted, exiting. There are 0 tasks remaining in the queue.
2019-09-20 09:58:26,909 [main] INFO  segmented.SegmentedRaftLogWorker (SegmentedRaftLogWorker.java:close(228)) - c7410048-26d9-4bf7-b464-854ccc21edd1-SegmentedRaftLogWorker:Storage Directory /workdir/hadoop-ozone/integration-test/target/test-dir/MiniOzoneClusterImpl-e374e5dc-9291-4f0f-8939-22f477a73ed1/datanode-3/data/ratis/b461abf9-3641-4a5b-8e9d-5558bdb326cf close()
2019-09-20 09:58:26,911 [main] INFO  server.GrpcService (GrpcService.java:closeImpl(155)) - c7410048-26d9-4bf7-b464-854ccc21edd1: shutdown server with port 45397 now
2019-09-20 09:58:26,913 [main] INFO  server.GrpcService (GrpcService.java:closeImpl(163)) - c7410048-26d9-4bf7-b464-854ccc21edd1: shutdown server with port 45397 successfully
2019-09-20 09:58:26,916 [main] INFO  utils.BackgroundService (BackgroundService.java:shutdown(148)) - Shutting down service BlockDeletingService
2019-09-20 09:58:26,920 [refreshUsed-/workdir/hadoop-ozone/integration-test/target/test-dir/MiniOzoneClusterImpl-e374e5dc-9291-4f0f-8939-22f477a73ed1/datanode-3/data/containers] WARN  fs.CachingGetSpaceUsed (CachingGetSpaceUsed.java:run(183)) - Thread Interrupted waiting to refresh disk information: sleep interrupted
2019-09-20 09:58:26,939 [main] INFO  statemachine.DatanodeStateMachine (DatanodeStateMachine.java:stopDaemon(401)) - Ozone container server stopped.
2019-09-20 09:58:26,941 [main] INFO  handler.ContextHandler (ContextHandler.java:doStop(910)) - Stopped o.e.j.w.WebAppContext@7e3d2ebd{/,null,UNAVAILABLE}{/hddsDatanode}
2019-09-20 09:58:26,942 [main] INFO  server.AbstractConnector (AbstractConnector.java:doStop(318)) - Stopped ServerConnector@2b43f314{HTTP/1.1,[http/1.1]}{0.0.0.0:0}
2019-09-20 09:58:26,942 [main] INFO  handler.ContextHandler (ContextHandler.java:doStop(910)) - Stopped o.e.j.s.ServletContextHandler@231cdda8{/static,jar:file:/home/user/.m2/repository/org/apache/hadoop/hadoop-hdds-container-service/0.5.0-SNAPSHOT/hadoop-hdds-container-service-0.5.0-SNAPSHOT.jar!/webapps/static,UNAVAILABLE}
2019-09-20 09:58:26,943 [main] INFO  handler.ContextHandler (ContextHandler.java:doStop(910)) - Stopped o.e.j.s.ServletContextHandler@12192604{/logs,file:///workdir/hadoop-ozone/integration-test/target/log,UNAVAILABLE}
2019-09-20 09:58:26,943 [main] INFO  ozone.MiniOzoneClusterImpl (MiniOzoneClusterImpl.java:stop(359)) - Stopping the StorageContainerManager
2019-09-20 09:58:26,944 [main] INFO  server.StorageContainerManager (StorageContainerManager.java:stop(799)) - Stopping Replication Manager Service.
2019-09-20 09:58:26,944 [main] INFO  container.ReplicationManager (ReplicationManager.java:stop(192)) - Stopping Replication Monitor Thread.
2019-09-20 09:58:26,944 [main] INFO  server.StorageContainerManager (StorageContainerManager.java:stop(806)) - Stopping Lease Manager of the command watchers
2019-09-20 09:58:26,944 [main] INFO  server.StorageContainerManager (StorageContainerManager.java:stop(813)) - Stopping datanode service RPC server
2019-09-20 09:58:26,945 [main] INFO  server.SCMDatanodeProtocolServer (SCMDatanodeProtocolServer.java:stop(387)) - Stopping the RPC server for DataNodes
2019-09-20 09:58:26,945 [main] INFO  ipc.Server (Server.java:stop(3082)) - Stopping server on 41145
2019-09-20 09:58:26,946 [IPC Server listener on 41145] INFO  ipc.Server (Server.java:run(1185)) - Stopping IPC Server listener on 41145
2019-09-20 09:58:26,947 [IPC Server Responder] INFO  ipc.Server (Server.java:run(1319)) - Stopping IPC Server Responder
2019-09-20 09:58:26,991 [SCM Heartbeat Processing Thread - 0] WARN  node.NodeStateManager (NodeStateManager.java:scheduleNextHealthCheck(655)) - Current Thread is interrupted, shutting down HB processing thread for Node Manager.
2019-09-20 09:58:26,991 [main] INFO  server.StorageContainerManager (StorageContainerManager.java:stop(821)) - Stopping block service RPC server
2019-09-20 09:58:26,991 [main] INFO  server.SCMBlockProtocolServer (SCMBlockProtocolServer.java:stop(148)) - Stopping the RPC server for Block Protocol
2019-09-20 09:58:26,992 [main] INFO  ipc.Server (Server.java:stop(3082)) - Stopping server on 41225
2019-09-20 09:58:26,993 [IPC Server listener on 41225] INFO  ipc.Server (Server.java:run(1185)) - Stopping IPC Server listener on 41225
2019-09-20 09:58:26,993 [main] INFO  server.StorageContainerManager (StorageContainerManager.java:stop(828)) - Stopping the StorageContainerLocationProtocol RPC server
2019-09-20 09:58:26,994 [main] INFO  server.SCMClientProtocolServer (SCMClientProtocolServer.java:stop(159)) - Stopping the RPC server for Client Protocol
2019-09-20 09:58:26,994 [main] INFO  ipc.Server (Server.java:stop(3082)) - Stopping server on 36936
2019-09-20 09:58:26,994 [IPC Server Responder] INFO  ipc.Server (Server.java:run(1319)) - Stopping IPC Server Responder
2019-09-20 09:58:26,996 [IPC Server listener on 36936] INFO  ipc.Server (Server.java:run(1185)) - Stopping IPC Server listener on 36936
2019-09-20 09:58:26,996 [main] INFO  server.StorageContainerManager (StorageContainerManager.java:stop(835)) - Stopping Storage Container Manager HTTP server.
2019-09-20 09:58:26,997 [IPC Server Responder] INFO  ipc.Server (Server.java:run(1319)) - Stopping IPC Server Responder
2019-09-20 09:58:26,998 [main] INFO  handler.ContextHandler (ContextHandler.java:doStop(910)) - Stopped o.e.j.w.WebAppContext@48f5bde6{/,null,UNAVAILABLE}{/scm}
2019-09-20 09:58:26,999 [main] INFO  server.AbstractConnector (AbstractConnector.java:doStop(318)) - Stopped ServerConnector@6d511b5f{HTTP/1.1,[http/1.1]}{0.0.0.0:0}
2019-09-20 09:58:26,999 [main] INFO  handler.ContextHandler (ContextHandler.java:doStop(910)) - Stopped o.e.j.s.ServletContextHandler@5286c33a{/static,file:///workdir/hadoop-ozone/integration-test/target/test-classes/webapps/static,UNAVAILABLE}
2019-09-20 09:58:27,000 [main] INFO  handler.ContextHandler (ContextHandler.java:doStop(910)) - Stopped o.e.j.s.ServletContextHandler@1a45193b{/logs,file:///workdir/hadoop-ozone/integration-test/target/log,UNAVAILABLE}
2019-09-20 09:58:27,001 [main] INFO  server.StorageContainerManager (StorageContainerManager.java:stop(846)) - Stopping Block Manager Service.
2019-09-20 09:58:27,001 [main] INFO  utils.BackgroundService (BackgroundService.java:shutdown(148)) - Shutting down service SCMBlockDeletingService
2019-09-20 09:58:27,002 [main] INFO  utils.BackgroundService (BackgroundService.java:shutdown(148)) - Shutting down service SCMBlockDeletingService
2019-09-20 09:58:27,003 [main] INFO  server.StorageContainerManager (StorageContainerManager.java:stop(868)) - Stopping SCM Event Queue.
2019-09-20 09:58:27,011 [main] INFO  impl.MetricsSystemImpl (MetricsSystemImpl.java:stop(210)) - Stopping HddsDatanode metrics system...
2019-09-20 09:58:27,016 [main] INFO  impl.MetricsSystemImpl (MetricsSystemImpl.java:stop(216)) - HddsDatanode metrics system stopped.
]]></system-out>
    <system-err><![CDATA[Sep 20, 2019 9:58:01 AM com.sun.jersey.server.impl.application.WebApplicationImpl _initiate
INFO: Initiating Jersey application, version 'Jersey: 1.19 02/11/2015 03:25 AM'
Sep 20, 2019 9:58:02 AM com.sun.jersey.server.impl.application.WebApplicationImpl _initiate
INFO: Initiating Jersey application, version 'Jersey: 1.19 02/11/2015 03:25 AM'
Sep 20, 2019 9:58:02 AM com.sun.jersey.server.impl.application.WebApplicationImpl _initiate
INFO: Initiating Jersey application, version 'Jersey: 1.19 02/11/2015 03:25 AM'
Sep 20, 2019 9:58:03 AM com.sun.jersey.server.impl.application.WebApplicationImpl _initiate
INFO: Initiating Jersey application, version 'Jersey: 1.19 02/11/2015 03:25 AM'
Sep 20, 2019 9:58:03 AM com.sun.jersey.server.impl.application.WebApplicationImpl _initiate
INFO: Initiating Jersey application, version 'Jersey: 1.19 02/11/2015 03:25 AM'
]]></system-err>
  </testcase>
</testsuite>