<?xml version="1.0" encoding="UTF-8"?>
<testsuite xmlns:xsi="http://www.w3.org/2001/XMLSchema-instance" xsi:noNamespaceSchemaLocation="https://maven.apache.org/surefire/maven-surefire-plugin/xsd/surefire-test-report.xsd" name="org.apache.hadoop.ozone.client.rpc.TestContainerStateMachine" time="386.385" tests="1" errors="1" skipped="0" failures="0">
  <properties>
    <property name="awt.toolkit" value="sun.awt.X11.XToolkit"/>
    <property name="file.encoding.pkg" value="sun.io"/>
    <property name="java.specification.version" value="1.8"/>
    <property name="sun.cpu.isalist" value=""/>
    <property name="sun.jnu.encoding" value="UTF-8"/>
    <property name="java.class.path" value="/workdir/hadoop-ozone/integration-test/target/test-classes:/workdir/hadoop-ozone/integration-test/target/classes:/home/user/.m2/repository/org/apache/hadoop/hadoop-ozone-common/0.5.0-SNAPSHOT/hadoop-ozone-common-0.5.0-SNAPSHOT.jar:/home/user/.m2/repository/org/apache/commons/commons-compress/1.4.1/commons-compress-1.4.1.jar:/home/user/.m2/repository/org/tukaani/xz/1.0/xz-1.0.jar:/home/user/.m2/repository/org/apache/hadoop/hadoop-common/3.2.0/hadoop-common-3.2.0.jar:/home/user/.m2/repository/org/apache/hadoop/hadoop-hdfs/3.2.0/hadoop-hdfs-3.2.0.jar:/home/user/.m2/repository/org/apache/hadoop/hadoop-hdfs-client/3.2.0/hadoop-hdfs-client-3.2.0.jar:/home/user/.m2/repository/com/fasterxml/jackson/core/jackson-annotations/2.9.5/jackson-annotations-2.9.5.jar:/home/user/.m2/repository/org/apache/hadoop/hadoop-hdds-common/0.5.0-SNAPSHOT/hadoop-hdds-common-0.5.0-SNAPSHOT.jar:/home/user/.m2/repository/javax/annotation/javax.annotation-api/1.2/javax.annotation-api-1.2.jar:/home/user/.m2/repository/org/apache/ratis/ratis-server/0.4.0-2337318-SNAPSHOT/ratis-server-0.4.0-2337318-SNAPSHOT.jar:/home/user/.m2/repository/org/apache/ratis/ratis-thirdparty-misc/0.2.0/ratis-thirdparty-misc-0.2.0.jar:/home/user/.m2/repository/org/apache/ratis/ratis-proto/0.4.0-2337318-SNAPSHOT/ratis-proto-0.4.0-2337318-SNAPSHOT.jar:/home/user/.m2/repository/org/apache/ratis/ratis-common/0.4.0-2337318-SNAPSHOT/ratis-common-0.4.0-2337318-SNAPSHOT.jar:/home/user/.m2/repository/org/apache/ratis/ratis-client/0.4.0-2337318-SNAPSHOT/ratis-client-0.4.0-2337318-SNAPSHOT.jar:/home/user/.m2/repository/org/apache/ratis/ratis-metrics/0.4.0-2337318-SNAPSHOT/ratis-metrics-0.4.0-2337318-SNAPSHOT.jar:/home/user/.m2/repository/org/apache/ratis/ratis-netty/0.4.0-2337318-SNAPSHOT/ratis-netty-0.4.0-2337318-SNAPSHOT.jar:/home/user/.m2/repository/org/apache/ratis/ratis-grpc/0.4.0-2337318-SNAPSHOT/ratis-grpc-0.4.0-2337318-SNAPSHOT.jar:/home/user/.m2/repository/org/rocksdb/rocksdbjni/6.0.1/rocksdbjni-6.0.1.jar:/home/user/.m2/repository/org/apache/logging/log4j/log4j-api/2.11.0/log4j-api-2.11.0.jar:/home/user/.m2/repository/org/apache/logging/log4j/log4j-core/2.11.0/log4j-core-2.11.0.jar:/home/user/.m2/repository/com/lmax/disruptor/3.4.2/disruptor-3.4.2.jar:/home/user/.m2/repository/org/apache/commons/commons-pool2/2.6.0/commons-pool2-2.6.0.jar:/home/user/.m2/repository/org/bouncycastle/bcpkix-jdk15on/1.60/bcpkix-jdk15on-1.60.jar:/home/user/.m2/repository/commons-validator/commons-validator/1.6/commons-validator-1.6.jar:/home/user/.m2/repository/commons-digester/commons-digester/1.8.1/commons-digester-1.8.1.jar:/home/user/.m2/repository/io/jaegertracing/jaeger-client/0.33.1/jaeger-client-0.33.1.jar:/home/user/.m2/repository/io/jaegertracing/jaeger-thrift/0.33.1/jaeger-thrift-0.33.1.jar:/home/user/.m2/repository/org/apache/thrift/libthrift/0.11.0/libthrift-0.11.0.jar:/home/user/.m2/repository/com/squareup/okhttp3/okhttp/3.9.0/okhttp-3.9.0.jar:/home/user/.m2/repository/com/squareup/okio/okio/1.13.0/okio-1.13.0.jar:/home/user/.m2/repository/io/jaegertracing/jaeger-core/0.33.1/jaeger-core-0.33.1.jar:/home/user/.m2/repository/io/jaegertracing/jaeger-tracerresolver/0.33.1/jaeger-tracerresolver-0.33.1.jar:/home/user/.m2/repository/io/opentracing/contrib/opentracing-tracerresolver/0.1.5/opentracing-tracerresolver-0.1.5.jar:/home/user/.m2/repository/io/opentracing/opentracing-util/0.31.0/opentracing-util-0.31.0.jar:/home/user/.m2/repository/io/opentracing/opentracing-api/0.31.0/opentracing-api-0.31.0.jar:/home/user/.m2/repository/io/opentracing/opentracing-noop/0.31.0/opentracing-noop-0.31.0.jar:/home/user/.m2/repository/org/apache/hadoop/hadoop-hdds-server-framework/0.5.0-SNAPSHOT/hadoop-hdds-server-framework-0.5.0-SNAPSHOT.jar:/home/user/.m2/repository/org/apache/hadoop/hadoop-hdds-container-service/0.5.0-SNAPSHOT/hadoop-hdds-container-service-0.5.0-SNAPSHOT.jar:/home/user/.m2/repository/org/apache/hadoop/hadoop-hdds-client/0.5.0-SNAPSHOT/hadoop-hdds-client-0.5.0-SNAPSHOT.jar:/home/user/.m2/repository/org/apache/hadoop/hadoop-hdds-tools/0.5.0-SNAPSHOT/hadoop-hdds-tools-0.5.0-SNAPSHOT.jar:/home/user/.m2/repository/org/apache/hadoop/hadoop-hdds-server-scm/0.5.0-SNAPSHOT/hadoop-hdds-server-scm-0.5.0-SNAPSHOT.jar:/home/user/.m2/repository/org/apache/hadoop/hadoop-hdds-docs/0.5.0-SNAPSHOT/hadoop-hdds-docs-0.5.0-SNAPSHOT.jar:/home/user/.m2/repository/io/dropwizard/metrics/metrics-core/3.2.4/metrics-core-3.2.4.jar:/home/user/.m2/repository/org/hamcrest/hamcrest-all/1.3/hamcrest-all-1.3.jar:/home/user/.m2/repository/org/bouncycastle/bcprov-jdk15on/1.60/bcprov-jdk15on-1.60.jar:/home/user/.m2/repository/info/picocli/picocli/3.9.6/picocli-3.9.6.jar:/home/user/.m2/repository/com/google/protobuf/protobuf-java/2.5.0/protobuf-java-2.5.0.jar:/home/user/.m2/repository/com/google/guava/guava/11.0.2/guava-11.0.2.jar:/home/user/.m2/repository/org/apache/hadoop/hadoop-ozone-ozone-manager/0.5.0-SNAPSHOT/hadoop-ozone-ozone-manager-0.5.0-SNAPSHOT.jar:/home/user/.m2/repository/org/apache/hadoop/hadoop-minikdc/3.2.0/hadoop-minikdc-3.2.0.jar:/home/user/.m2/repository/commons-io/commons-io/2.5/commons-io-2.5.jar:/home/user/.m2/repository/org/apache/kerby/kerb-simplekdc/1.0.1/kerb-simplekdc-1.0.1.jar:/home/user/.m2/repository/org/apache/kerby/kerb-client/1.0.1/kerb-client-1.0.1.jar:/home/user/.m2/repository/org/apache/kerby/kerby-config/1.0.1/kerby-config-1.0.1.jar:/home/user/.m2/repository/org/apache/kerby/kerb-core/1.0.1/kerb-core-1.0.1.jar:/home/user/.m2/repository/org/apache/kerby/kerby-pkix/1.0.1/kerby-pkix-1.0.1.jar:/home/user/.m2/repository/org/apache/kerby/kerby-asn1/1.0.1/kerby-asn1-1.0.1.jar:/home/user/.m2/repository/org/apache/kerby/kerby-util/1.0.1/kerby-util-1.0.1.jar:/home/user/.m2/repository/org/apache/kerby/kerb-common/1.0.1/kerb-common-1.0.1.jar:/home/user/.m2/repository/org/apache/kerby/kerb-crypto/1.0.1/kerb-crypto-1.0.1.jar:/home/user/.m2/repository/org/apache/kerby/kerb-util/1.0.1/kerb-util-1.0.1.jar:/home/user/.m2/repository/org/apache/kerby/token-provider/1.0.1/token-provider-1.0.1.jar:/home/user/.m2/repository/org/apache/kerby/kerb-admin/1.0.1/kerb-admin-1.0.1.jar:/home/user/.m2/repository/org/apache/kerby/kerb-server/1.0.1/kerb-server-1.0.1.jar:/home/user/.m2/repository/org/apache/kerby/kerb-identity/1.0.1/kerb-identity-1.0.1.jar:/home/user/.m2/repository/org/apache/kerby/kerby-xdr/1.0.1/kerby-xdr-1.0.1.jar:/home/user/.m2/repository/org/slf4j/slf4j-log4j12/1.7.25/slf4j-log4j12-1.7.25.jar:/home/user/.m2/repository/org/apache/hadoop/hadoop-ozone-objectstore-service/0.5.0-SNAPSHOT/hadoop-ozone-objectstore-service-0.5.0-SNAPSHOT.jar:/home/user/.m2/repository/org/apache/hadoop/hadoop-ozone-s3gateway/0.5.0-SNAPSHOT/hadoop-ozone-s3gateway-0.5.0-SNAPSHOT.jar:/home/user/.m2/repository/org/jboss/weld/servlet/weld-servlet/2.4.7.Final/weld-servlet-2.4.7.Final.jar:/home/user/.m2/repository/org/glassfish/jersey/containers/jersey-container-servlet-core/2.27/jersey-container-servlet-core-2.27.jar:/home/user/.m2/repository/org/glassfish/hk2/external/javax.inject/2.5.0-b42/javax.inject-2.5.0-b42.jar:/home/user/.m2/repository/org/glassfish/jersey/core/jersey-common/2.27/jersey-common-2.27.jar:/home/user/.m2/repository/org/glassfish/hk2/osgi-resource-locator/1.0.1/osgi-resource-locator-1.0.1.jar:/home/user/.m2/repository/javax/ws/rs/javax.ws.rs-api/2.1/javax.ws.rs-api-2.1.jar:/home/user/.m2/repository/org/glassfish/jersey/ext/cdi/jersey-cdi1x/2.27/jersey-cdi1x-2.27.jar:/home/user/.m2/repository/org/glassfish/jersey/inject/jersey-hk2/2.27/jersey-hk2-2.27.jar:/home/user/.m2/repository/org/glassfish/hk2/hk2-locator/2.5.0-b42/hk2-locator-2.5.0-b42.jar:/home/user/.m2/repository/org/javassist/javassist/3.22.0-CR2/javassist-3.22.0-CR2.jar:/home/user/.m2/repository/org/glassfish/hk2/hk2-api/2.5.0/hk2-api-2.5.0.jar:/home/user/.m2/repository/org/glassfish/hk2/external/jakarta.inject/2.5.0/jakarta.inject-2.5.0.jar:/home/user/.m2/repository/org/glassfish/hk2/hk2-utils/2.5.0/hk2-utils-2.5.0.jar:/home/user/.m2/repository/jakarta/annotation/jakarta.annotation-api/1.3.4/jakarta.annotation-api-1.3.4.jar:/home/user/.m2/repository/org/glassfish/hk2/external/aopalliance-repackaged/2.5.0/aopalliance-repackaged-2.5.0.jar:/home/user/.m2/repository/com/fasterxml/jackson/dataformat/jackson-dataformat-xml/2.9.0/jackson-dataformat-xml-2.9.0.jar:/home/user/.m2/repository/com/fasterxml/jackson/core/jackson-core/2.9.5/jackson-core-2.9.5.jar:/home/user/.m2/repository/com/fasterxml/jackson/module/jackson-module-jaxb-annotations/2.9.5/jackson-module-jaxb-annotations-2.9.5.jar:/home/user/.m2/repository/javax/enterprise/cdi-api/1.2/cdi-api-1.2.jar:/home/user/.m2/repository/javax/el/javax.el-api/3.0.0/javax.el-api-3.0.0.jar:/home/user/.m2/repository/javax/interceptor/javax.interceptor-api/1.2/javax.interceptor-api-1.2.jar:/home/user/.m2/repository/javax/inject/javax.inject/1/javax.inject-1.jar:/home/user/.m2/repository/com/sun/xml/bind/jaxb-impl/2.3.0.1/jaxb-impl-2.3.0.1.jar:/home/user/.m2/repository/com/sun/xml/bind/jaxb-core/2.3.0.1/jaxb-core-2.3.0.1.jar:/home/user/.m2/repository/javax/xml/bind/jaxb-api/2.3.0/jaxb-api-2.3.0.jar:/home/user/.m2/repository/javax/activation/activation/1.1.1/activation-1.1.1.jar:/home/user/.m2/repository/org/apache/hadoop/hadoop-ozone-csi/0.5.0-SNAPSHOT/hadoop-ozone-csi-0.5.0-SNAPSHOT.jar:/home/user/.m2/repository/com/google/protobuf/protobuf-java-util/3.5.1/protobuf-java-util-3.5.1.jar:/home/user/.m2/repository/org/apache/hadoop/hadoop-hdds-config/0.5.0-SNAPSHOT/hadoop-hdds-config-0.5.0-SNAPSHOT.jar:/home/user/.m2/repository/io/grpc/grpc-netty/1.17.1/grpc-netty-1.17.1.jar:/home/user/.m2/repository/io/grpc/grpc-core/1.17.1/grpc-core-1.17.1.jar:/home/user/.m2/repository/io/grpc/grpc-context/1.17.1/grpc-context-1.17.1.jar:/home/user/.m2/repository/com/google/errorprone/error_prone_annotations/2.2.0/error_prone_annotations-2.2.0.jar:/home/user/.m2/repository/org/codehaus/mojo/animal-sniffer-annotations/1.17/animal-sniffer-annotations-1.17.jar:/home/user/.m2/repository/io/opencensus/opencensus-api/0.17.0/opencensus-api-0.17.0.jar:/home/user/.m2/repository/io/opencensus/opencensus-contrib-grpc-metrics/0.17.0/opencensus-contrib-grpc-metrics-0.17.0.jar:/home/user/.m2/repository/io/netty/netty-codec-http2/4.1.30.Final/netty-codec-http2-4.1.30.Final.jar:/home/user/.m2/repository/io/netty/netty-codec-http/4.1.30.Final/netty-codec-http-4.1.30.Final.jar:/home/user/.m2/repository/io/netty/netty-codec/4.1.30.Final/netty-codec-4.1.30.Final.jar:/home/user/.m2/repository/io/netty/netty-handler/4.1.30.Final/netty-handler-4.1.30.Final.jar:/home/user/.m2/repository/io/netty/netty-handler-proxy/4.1.30.Final/netty-handler-proxy-4.1.30.Final.jar:/home/user/.m2/repository/io/netty/netty-codec-socks/4.1.30.Final/netty-codec-socks-4.1.30.Final.jar:/home/user/.m2/repository/io/netty/netty-transport-native-epoll/4.1.30.Final/netty-transport-native-epoll-4.1.30.Final.jar:/home/user/.m2/repository/io/netty/netty-common/4.1.30.Final/netty-common-4.1.30.Final.jar:/home/user/.m2/repository/io/netty/netty-buffer/4.1.30.Final/netty-buffer-4.1.30.Final.jar:/home/user/.m2/repository/io/netty/netty-transport/4.1.30.Final/netty-transport-4.1.30.Final.jar:/home/user/.m2/repository/io/netty/netty-resolver/4.1.30.Final/netty-resolver-4.1.30.Final.jar:/home/user/.m2/repository/io/netty/netty-transport-native-unix-common/4.1.30.Final/netty-transport-native-unix-common-4.1.30.Final.jar:/home/user/.m2/repository/io/grpc/grpc-protobuf/1.17.1/grpc-protobuf-1.17.1.jar:/home/user/.m2/repository/com/google/api/grpc/proto-google-common-protos/1.0.0/proto-google-common-protos-1.0.0.jar:/home/user/.m2/repository/io/grpc/grpc-protobuf-lite/1.17.1/grpc-protobuf-lite-1.17.1.jar:/home/user/.m2/repository/io/grpc/grpc-stub/1.17.1/grpc-stub-1.17.1.jar:/home/user/.m2/repository/org/apache/hadoop/hadoop-ozone-recon/0.5.0-SNAPSHOT/hadoop-ozone-recon-0.5.0-SNAPSHOT.jar:/home/user/.m2/repository/org/apache/hadoop/hadoop-ozone-reconcodegen/0.5.0-SNAPSHOT/hadoop-ozone-reconcodegen-0.5.0-SNAPSHOT.jar:/home/user/.m2/repository/com/google/inject/extensions/guice-multibindings/4.0/guice-multibindings-4.0.jar:/home/user/.m2/repository/com/google/inject/guice/4.0/guice-4.0.jar:/home/user/.m2/repository/aopalliance/aopalliance/1.0/aopalliance-1.0.jar:/home/user/.m2/repository/com/google/inject/extensions/guice-servlet/4.0/guice-servlet-4.0.jar:/home/user/.m2/repository/org/glassfish/jersey/containers/jersey-container-servlet/2.27/jersey-container-servlet-2.27.jar:/home/user/.m2/repository/org/glassfish/hk2/guice-bridge/2.5.0/guice-bridge-2.5.0.jar:/home/user/.m2/repository/org/glassfish/jersey/core/jersey-server/2.27/jersey-server-2.27.jar:/home/user/.m2/repository/org/glassfish/jersey/core/jersey-client/2.27/jersey-client-2.27.jar:/home/user/.m2/repository/org/glassfish/jersey/media/jersey-media-jaxb/2.27/jersey-media-jaxb-2.27.jar:/home/user/.m2/repository/javax/validation/validation-api/1.1.0.Final/validation-api-1.1.0.Final.jar:/home/user/.m2/repository/org/glassfish/jersey/media/jersey-media-json-jackson/2.27/jersey-media-json-jackson-2.27.jar:/home/user/.m2/repository/org/glassfish/jersey/ext/jersey-entity-filtering/2.27/jersey-entity-filtering-2.27.jar:/home/user/.m2/repository/com/google/inject/extensions/guice-assistedinject/4.0/guice-assistedinject-4.0.jar:/home/user/.m2/repository/org/jooq/jooq/3.11.10/jooq-3.11.10.jar:/home/user/.m2/repository/org/jooq/jooq-meta/3.11.10/jooq-meta-3.11.10.jar:/home/user/.m2/repository/org/jooq/jooq-codegen/3.11.10/jooq-codegen-3.11.10.jar:/home/user/.m2/repository/com/jolbox/bonecp/0.8.0.RELEASE/bonecp-0.8.0.RELEASE.jar:/home/user/.m2/repository/org/xerial/sqlite-jdbc/3.25.2/sqlite-jdbc-3.25.2.jar:/home/user/.m2/repository/org/springframework/spring-jdbc/5.1.3.RELEASE/spring-jdbc-5.1.3.RELEASE.jar:/home/user/.m2/repository/org/springframework/spring-beans/5.1.3.RELEASE/spring-beans-5.1.3.RELEASE.jar:/home/user/.m2/repository/org/springframework/spring-core/5.1.3.RELEASE/spring-core-5.1.3.RELEASE.jar:/home/user/.m2/repository/org/springframework/spring-jcl/5.1.3.RELEASE/spring-jcl-5.1.3.RELEASE.jar:/home/user/.m2/repository/org/springframework/spring-tx/5.1.3.RELEASE/spring-tx-5.1.3.RELEASE.jar:/home/user/.m2/repository/org/apache/hadoop/hadoop-ozone-client/0.5.0-SNAPSHOT/hadoop-ozone-client-0.5.0-SNAPSHOT.jar:/home/user/.m2/repository/commons-lang/commons-lang/2.6/commons-lang-2.6.jar:/home/user/.m2/repository/org/apache/hadoop/hadoop-ozone-ozone-manager/0.5.0-SNAPSHOT/hadoop-ozone-ozone-manager-0.5.0-SNAPSHOT-tests.jar:/home/user/.m2/repository/junit/junit/4.11/junit-4.11.jar:/home/user/.m2/repository/org/hamcrest/hamcrest-core/1.3/hamcrest-core-1.3.jar:/home/user/.m2/repository/org/openjdk/jmh/jmh-core/1.19/jmh-core-1.19.jar:/home/user/.m2/repository/net/sf/jopt-simple/jopt-simple/4.6/jopt-simple-4.6.jar:/home/user/.m2/repository/org/apache/commons/commons-math3/3.1.1/commons-math3-3.1.1.jar:/home/user/.m2/repository/org/openjdk/jmh/jmh-generator-annprocess/1.19/jmh-generator-annprocess-1.19.jar:/home/user/.m2/repository/org/mockito/mockito-all/1.8.5/mockito-all-1.8.5.jar:/home/user/.m2/repository/org/apache/hadoop/hadoop-kms/3.2.0/hadoop-kms-3.2.0.jar:/home/user/.m2/repository/org/apache/hadoop/hadoop-auth/3.2.0/hadoop-auth-3.2.0.jar:/home/user/.m2/repository/com/nimbusds/nimbus-jose-jwt/4.41.1/nimbus-jose-jwt-4.41.1.jar:/home/user/.m2/repository/com/github/stephenc/jcip/jcip-annotations/1.0-1/jcip-annotations-1.0-1.jar:/home/user/.m2/repository/net/minidev/json-smart/2.3/json-smart-2.3.jar:/home/user/.m2/repository/net/minidev/accessors-smart/1.2/accessors-smart-1.2.jar:/home/user/.m2/repository/org/ow2/asm/asm/5.0.4/asm-5.0.4.jar:/home/user/.m2/repository/org/apache/curator/curator-framework/2.12.0/curator-framework-2.12.0.jar:/home/user/.m2/repository/com/sun/jersey/jersey-core/1.19/jersey-core-1.19.jar:/home/user/.m2/repository/javax/ws/rs/jsr311-api/1.1.1/jsr311-api-1.1.1.jar:/home/user/.m2/repository/com/sun/jersey/jersey-server/1.19/jersey-server-1.19.jar:/home/user/.m2/repository/javax/servlet/javax.servlet-api/3.1.0/javax.servlet-api-3.1.0.jar:/home/user/.m2/repository/org/eclipse/jetty/jetty-server/9.3.24.v20180605/jetty-server-9.3.24.v20180605.jar:/home/user/.m2/repository/org/eclipse/jetty/jetty-http/9.3.24.v20180605/jetty-http-9.3.24.v20180605.jar:/home/user/.m2/repository/org/eclipse/jetty/jetty-io/9.3.24.v20180605/jetty-io-9.3.24.v20180605.jar:/home/user/.m2/repository/org/eclipse/jetty/jetty-webapp/9.3.24.v20180605/jetty-webapp-9.3.24.v20180605.jar:/home/user/.m2/repository/org/eclipse/jetty/jetty-xml/9.3.24.v20180605/jetty-xml-9.3.24.v20180605.jar:/home/user/.m2/repository/log4j/log4j/1.2.17/log4j-1.2.17.jar:/home/user/.m2/repository/org/slf4j/slf4j-api/1.7.25/slf4j-api-1.7.25.jar:/home/user/.m2/repository/org/slf4j/jul-to-slf4j/1.7.25/jul-to-slf4j-1.7.25.jar:/home/user/.m2/repository/org/eclipse/jetty/jetty-util/9.3.24.v20180605/jetty-util-9.3.24.v20180605.jar:/home/user/.m2/repository/com/fasterxml/jackson/core/jackson-databind/2.9.5/jackson-databind-2.9.5.jar:/home/user/.m2/repository/org/apache/hadoop/hadoop-kms/3.2.0/hadoop-kms-3.2.0-tests.jar:/home/user/.m2/repository/org/apache/hadoop/hadoop-hdds-server-scm/0.5.0-SNAPSHOT/hadoop-hdds-server-scm-0.5.0-SNAPSHOT-tests.jar:/home/user/.m2/repository/org/apache/hadoop/hadoop-hdds-container-service/0.5.0-SNAPSHOT/hadoop-hdds-container-service-0.5.0-SNAPSHOT-tests.jar:/home/user/.m2/repository/org/yaml/snakeyaml/1.16/snakeyaml-1.16.jar:/home/user/.m2/repository/org/apache/hadoop/hadoop-common/3.2.0/hadoop-common-3.2.0-tests.jar:/home/user/.m2/repository/org/apache/hadoop/hadoop-annotations/3.2.0/hadoop-annotations-3.2.0.jar:/usr/lib/jvm/java-1.8-openjdk/jre/../lib/tools.jar:/home/user/.m2/repository/commons-cli/commons-cli/1.2/commons-cli-1.2.jar:/home/user/.m2/repository/org/apache/httpcomponents/httpclient/4.5.2/httpclient-4.5.2.jar:/home/user/.m2/repository/org/apache/httpcomponents/httpcore/4.4.4/httpcore-4.4.4.jar:/home/user/.m2/repository/commons-codec/commons-codec/1.11/commons-codec-1.11.jar:/home/user/.m2/repository/commons-net/commons-net/3.6/commons-net-3.6.jar:/home/user/.m2/repository/commons-collections/commons-collections/3.2.2/commons-collections-3.2.2.jar:/home/user/.m2/repository/org/eclipse/jetty/jetty-servlet/9.3.24.v20180605/jetty-servlet-9.3.24.v20180605.jar:/home/user/.m2/repository/org/eclipse/jetty/jetty-security/9.3.24.v20180605/jetty-security-9.3.24.v20180605.jar:/home/user/.m2/repository/javax/servlet/jsp/jsp-api/2.1/jsp-api-2.1.jar:/home/user/.m2/repository/com/sun/jersey/jersey-servlet/1.19/jersey-servlet-1.19.jar:/home/user/.m2/repository/com/sun/jersey/jersey-json/1.19/jersey-json-1.19.jar:/home/user/.m2/repository/org/codehaus/jettison/jettison/1.1/jettison-1.1.jar:/home/user/.m2/repository/org/codehaus/jackson/jackson-core-asl/1.9.13/jackson-core-asl-1.9.13.jar:/home/user/.m2/repository/org/codehaus/jackson/jackson-mapper-asl/1.9.13/jackson-mapper-asl-1.9.13.jar:/home/user/.m2/repository/org/codehaus/jackson/jackson-jaxrs/1.9.13/jackson-jaxrs-1.9.13.jar:/home/user/.m2/repository/org/codehaus/jackson/jackson-xc/1.9.13/jackson-xc-1.9.13.jar:/home/user/.m2/repository/commons-logging/commons-logging/1.1.3/commons-logging-1.1.3.jar:/home/user/.m2/repository/commons-beanutils/commons-beanutils/1.9.3/commons-beanutils-1.9.3.jar:/home/user/.m2/repository/org/apache/commons/commons-configuration2/2.1.1/commons-configuration2-2.1.1.jar:/home/user/.m2/repository/org/apache/commons/commons-lang3/3.7/commons-lang3-3.7.jar:/home/user/.m2/repository/org/apache/commons/commons-text/1.4/commons-text-1.4.jar:/home/user/.m2/repository/org/apache/avro/avro/1.7.7/avro-1.7.7.jar:/home/user/.m2/repository/com/thoughtworks/paranamer/paranamer/2.3/paranamer-2.3.jar:/home/user/.m2/repository/org/xerial/snappy/snappy-java/1.0.5/snappy-java-1.0.5.jar:/home/user/.m2/repository/com/google/re2j/re2j/1.1/re2j-1.1.jar:/home/user/.m2/repository/com/google/code/gson/gson/2.2.4/gson-2.2.4.jar:/home/user/.m2/repository/com/jcraft/jsch/0.1.54/jsch-0.1.54.jar:/home/user/.m2/repository/org/apache/curator/curator-client/2.12.0/curator-client-2.12.0.jar:/home/user/.m2/repository/org/apache/curator/curator-recipes/2.12.0/curator-recipes-2.12.0.jar:/home/user/.m2/repository/com/google/code/findbugs/jsr305/3.0.0/jsr305-3.0.0.jar:/home/user/.m2/repository/org/apache/htrace/htrace-core4/4.1.0-incubating/htrace-core4-4.1.0-incubating.jar:/home/user/.m2/repository/org/apache/zookeeper/zookeeper/3.4.13/zookeeper-3.4.13.jar:/home/user/.m2/repository/org/apache/yetus/audience-annotations/0.5.0/audience-annotations-0.5.0.jar:/home/user/.m2/repository/org/codehaus/woodstox/stax2-api/3.1.4/stax2-api-3.1.4.jar:/home/user/.m2/repository/com/fasterxml/woodstox/woodstox-core/5.0.3/woodstox-core-5.0.3.jar:/home/user/.m2/repository/dnsjava/dnsjava/2.1.7/dnsjava-2.1.7.jar:/home/user/.m2/repository/org/apache/hadoop/hadoop-hdfs/3.2.0/hadoop-hdfs-3.2.0-tests.jar:/home/user/.m2/repository/org/eclipse/jetty/jetty-util-ajax/9.3.24.v20180605/jetty-util-ajax-9.3.24.v20180605.jar:/home/user/.m2/repository/commons-daemon/commons-daemon/1.0.13/commons-daemon-1.0.13.jar:/home/user/.m2/repository/io/netty/netty/3.10.5.Final/netty-3.10.5.Final.jar:/home/user/.m2/repository/io/netty/netty-all/4.0.52.Final/netty-all-4.0.52.Final.jar:/home/user/.m2/repository/org/fusesource/leveldbjni/leveldbjni-all/1.8/leveldbjni-all-1.8.jar:"/>
    <property name="java.vm.vendor" value="IcedTea"/>
    <property name="sun.arch.data.model" value="64"/>
    <property name="test.build.dir" value="/workdir/hadoop-ozone/integration-test/target/test-dir"/>
    <property name="test.cache.data" value=""/>
    <property name="java.vendor.url" value="https://icedtea.classpath.org"/>
    <property name="user.timezone" value=""/>
    <property name="java.vm.specification.version" value="1.8"/>
    <property name="os.name" value="Linux"/>
    <property name="test.build.data" value="/workdir/hadoop-ozone/integration-test/target/test-dir"/>
    <property name="user.country" value="US"/>
    <property name="sun.java.launcher" value="SUN_STANDARD"/>
    <property name="sun.boot.library.path" value="/usr/lib/jvm/java-1.8-openjdk/jre/lib/amd64"/>
    <property name="sun.java.command" value="/workdir/hadoop-ozone/integration-test/target/surefire/surefirebooter2784949433986826223.jar /workdir/hadoop-ozone/integration-test/target/surefire 2019-09-20T08-06-11_675-jvmRun1 surefire6179922649375083993tmp surefire_713240577685162265066tmp"/>
    <property name="test" value="!TestMiniChaosOzoneCluster"/>
    <property name="surefire.test.class.path" value="/workdir/hadoop-ozone/integration-test/target/test-classes:/workdir/hadoop-ozone/integration-test/target/classes:/home/user/.m2/repository/org/apache/hadoop/hadoop-ozone-common/0.5.0-SNAPSHOT/hadoop-ozone-common-0.5.0-SNAPSHOT.jar:/home/user/.m2/repository/org/apache/commons/commons-compress/1.4.1/commons-compress-1.4.1.jar:/home/user/.m2/repository/org/tukaani/xz/1.0/xz-1.0.jar:/home/user/.m2/repository/org/apache/hadoop/hadoop-common/3.2.0/hadoop-common-3.2.0.jar:/home/user/.m2/repository/org/apache/hadoop/hadoop-hdfs/3.2.0/hadoop-hdfs-3.2.0.jar:/home/user/.m2/repository/org/apache/hadoop/hadoop-hdfs-client/3.2.0/hadoop-hdfs-client-3.2.0.jar:/home/user/.m2/repository/com/fasterxml/jackson/core/jackson-annotations/2.9.5/jackson-annotations-2.9.5.jar:/home/user/.m2/repository/org/apache/hadoop/hadoop-hdds-common/0.5.0-SNAPSHOT/hadoop-hdds-common-0.5.0-SNAPSHOT.jar:/home/user/.m2/repository/javax/annotation/javax.annotation-api/1.2/javax.annotation-api-1.2.jar:/home/user/.m2/repository/org/apache/ratis/ratis-server/0.4.0-2337318-SNAPSHOT/ratis-server-0.4.0-2337318-SNAPSHOT.jar:/home/user/.m2/repository/org/apache/ratis/ratis-thirdparty-misc/0.2.0/ratis-thirdparty-misc-0.2.0.jar:/home/user/.m2/repository/org/apache/ratis/ratis-proto/0.4.0-2337318-SNAPSHOT/ratis-proto-0.4.0-2337318-SNAPSHOT.jar:/home/user/.m2/repository/org/apache/ratis/ratis-common/0.4.0-2337318-SNAPSHOT/ratis-common-0.4.0-2337318-SNAPSHOT.jar:/home/user/.m2/repository/org/apache/ratis/ratis-client/0.4.0-2337318-SNAPSHOT/ratis-client-0.4.0-2337318-SNAPSHOT.jar:/home/user/.m2/repository/org/apache/ratis/ratis-metrics/0.4.0-2337318-SNAPSHOT/ratis-metrics-0.4.0-2337318-SNAPSHOT.jar:/home/user/.m2/repository/org/apache/ratis/ratis-netty/0.4.0-2337318-SNAPSHOT/ratis-netty-0.4.0-2337318-SNAPSHOT.jar:/home/user/.m2/repository/org/apache/ratis/ratis-grpc/0.4.0-2337318-SNAPSHOT/ratis-grpc-0.4.0-2337318-SNAPSHOT.jar:/home/user/.m2/repository/org/rocksdb/rocksdbjni/6.0.1/rocksdbjni-6.0.1.jar:/home/user/.m2/repository/org/apache/logging/log4j/log4j-api/2.11.0/log4j-api-2.11.0.jar:/home/user/.m2/repository/org/apache/logging/log4j/log4j-core/2.11.0/log4j-core-2.11.0.jar:/home/user/.m2/repository/com/lmax/disruptor/3.4.2/disruptor-3.4.2.jar:/home/user/.m2/repository/org/apache/commons/commons-pool2/2.6.0/commons-pool2-2.6.0.jar:/home/user/.m2/repository/org/bouncycastle/bcpkix-jdk15on/1.60/bcpkix-jdk15on-1.60.jar:/home/user/.m2/repository/commons-validator/commons-validator/1.6/commons-validator-1.6.jar:/home/user/.m2/repository/commons-digester/commons-digester/1.8.1/commons-digester-1.8.1.jar:/home/user/.m2/repository/io/jaegertracing/jaeger-client/0.33.1/jaeger-client-0.33.1.jar:/home/user/.m2/repository/io/jaegertracing/jaeger-thrift/0.33.1/jaeger-thrift-0.33.1.jar:/home/user/.m2/repository/org/apache/thrift/libthrift/0.11.0/libthrift-0.11.0.jar:/home/user/.m2/repository/com/squareup/okhttp3/okhttp/3.9.0/okhttp-3.9.0.jar:/home/user/.m2/repository/com/squareup/okio/okio/1.13.0/okio-1.13.0.jar:/home/user/.m2/repository/io/jaegertracing/jaeger-core/0.33.1/jaeger-core-0.33.1.jar:/home/user/.m2/repository/io/jaegertracing/jaeger-tracerresolver/0.33.1/jaeger-tracerresolver-0.33.1.jar:/home/user/.m2/repository/io/opentracing/contrib/opentracing-tracerresolver/0.1.5/opentracing-tracerresolver-0.1.5.jar:/home/user/.m2/repository/io/opentracing/opentracing-util/0.31.0/opentracing-util-0.31.0.jar:/home/user/.m2/repository/io/opentracing/opentracing-api/0.31.0/opentracing-api-0.31.0.jar:/home/user/.m2/repository/io/opentracing/opentracing-noop/0.31.0/opentracing-noop-0.31.0.jar:/home/user/.m2/repository/org/apache/hadoop/hadoop-hdds-server-framework/0.5.0-SNAPSHOT/hadoop-hdds-server-framework-0.5.0-SNAPSHOT.jar:/home/user/.m2/repository/org/apache/hadoop/hadoop-hdds-container-service/0.5.0-SNAPSHOT/hadoop-hdds-container-service-0.5.0-SNAPSHOT.jar:/home/user/.m2/repository/org/apache/hadoop/hadoop-hdds-client/0.5.0-SNAPSHOT/hadoop-hdds-client-0.5.0-SNAPSHOT.jar:/home/user/.m2/repository/org/apache/hadoop/hadoop-hdds-tools/0.5.0-SNAPSHOT/hadoop-hdds-tools-0.5.0-SNAPSHOT.jar:/home/user/.m2/repository/org/apache/hadoop/hadoop-hdds-server-scm/0.5.0-SNAPSHOT/hadoop-hdds-server-scm-0.5.0-SNAPSHOT.jar:/home/user/.m2/repository/org/apache/hadoop/hadoop-hdds-docs/0.5.0-SNAPSHOT/hadoop-hdds-docs-0.5.0-SNAPSHOT.jar:/home/user/.m2/repository/io/dropwizard/metrics/metrics-core/3.2.4/metrics-core-3.2.4.jar:/home/user/.m2/repository/org/hamcrest/hamcrest-all/1.3/hamcrest-all-1.3.jar:/home/user/.m2/repository/org/bouncycastle/bcprov-jdk15on/1.60/bcprov-jdk15on-1.60.jar:/home/user/.m2/repository/info/picocli/picocli/3.9.6/picocli-3.9.6.jar:/home/user/.m2/repository/com/google/protobuf/protobuf-java/2.5.0/protobuf-java-2.5.0.jar:/home/user/.m2/repository/com/google/guava/guava/11.0.2/guava-11.0.2.jar:/home/user/.m2/repository/org/apache/hadoop/hadoop-ozone-ozone-manager/0.5.0-SNAPSHOT/hadoop-ozone-ozone-manager-0.5.0-SNAPSHOT.jar:/home/user/.m2/repository/org/apache/hadoop/hadoop-minikdc/3.2.0/hadoop-minikdc-3.2.0.jar:/home/user/.m2/repository/commons-io/commons-io/2.5/commons-io-2.5.jar:/home/user/.m2/repository/org/apache/kerby/kerb-simplekdc/1.0.1/kerb-simplekdc-1.0.1.jar:/home/user/.m2/repository/org/apache/kerby/kerb-client/1.0.1/kerb-client-1.0.1.jar:/home/user/.m2/repository/org/apache/kerby/kerby-config/1.0.1/kerby-config-1.0.1.jar:/home/user/.m2/repository/org/apache/kerby/kerb-core/1.0.1/kerb-core-1.0.1.jar:/home/user/.m2/repository/org/apache/kerby/kerby-pkix/1.0.1/kerby-pkix-1.0.1.jar:/home/user/.m2/repository/org/apache/kerby/kerby-asn1/1.0.1/kerby-asn1-1.0.1.jar:/home/user/.m2/repository/org/apache/kerby/kerby-util/1.0.1/kerby-util-1.0.1.jar:/home/user/.m2/repository/org/apache/kerby/kerb-common/1.0.1/kerb-common-1.0.1.jar:/home/user/.m2/repository/org/apache/kerby/kerb-crypto/1.0.1/kerb-crypto-1.0.1.jar:/home/user/.m2/repository/org/apache/kerby/kerb-util/1.0.1/kerb-util-1.0.1.jar:/home/user/.m2/repository/org/apache/kerby/token-provider/1.0.1/token-provider-1.0.1.jar:/home/user/.m2/repository/org/apache/kerby/kerb-admin/1.0.1/kerb-admin-1.0.1.jar:/home/user/.m2/repository/org/apache/kerby/kerb-server/1.0.1/kerb-server-1.0.1.jar:/home/user/.m2/repository/org/apache/kerby/kerb-identity/1.0.1/kerb-identity-1.0.1.jar:/home/user/.m2/repository/org/apache/kerby/kerby-xdr/1.0.1/kerby-xdr-1.0.1.jar:/home/user/.m2/repository/org/slf4j/slf4j-log4j12/1.7.25/slf4j-log4j12-1.7.25.jar:/home/user/.m2/repository/org/apache/hadoop/hadoop-ozone-objectstore-service/0.5.0-SNAPSHOT/hadoop-ozone-objectstore-service-0.5.0-SNAPSHOT.jar:/home/user/.m2/repository/org/apache/hadoop/hadoop-ozone-s3gateway/0.5.0-SNAPSHOT/hadoop-ozone-s3gateway-0.5.0-SNAPSHOT.jar:/home/user/.m2/repository/org/jboss/weld/servlet/weld-servlet/2.4.7.Final/weld-servlet-2.4.7.Final.jar:/home/user/.m2/repository/org/glassfish/jersey/containers/jersey-container-servlet-core/2.27/jersey-container-servlet-core-2.27.jar:/home/user/.m2/repository/org/glassfish/hk2/external/javax.inject/2.5.0-b42/javax.inject-2.5.0-b42.jar:/home/user/.m2/repository/org/glassfish/jersey/core/jersey-common/2.27/jersey-common-2.27.jar:/home/user/.m2/repository/org/glassfish/hk2/osgi-resource-locator/1.0.1/osgi-resource-locator-1.0.1.jar:/home/user/.m2/repository/javax/ws/rs/javax.ws.rs-api/2.1/javax.ws.rs-api-2.1.jar:/home/user/.m2/repository/org/glassfish/jersey/ext/cdi/jersey-cdi1x/2.27/jersey-cdi1x-2.27.jar:/home/user/.m2/repository/org/glassfish/jersey/inject/jersey-hk2/2.27/jersey-hk2-2.27.jar:/home/user/.m2/repository/org/glassfish/hk2/hk2-locator/2.5.0-b42/hk2-locator-2.5.0-b42.jar:/home/user/.m2/repository/org/javassist/javassist/3.22.0-CR2/javassist-3.22.0-CR2.jar:/home/user/.m2/repository/org/glassfish/hk2/hk2-api/2.5.0/hk2-api-2.5.0.jar:/home/user/.m2/repository/org/glassfish/hk2/external/jakarta.inject/2.5.0/jakarta.inject-2.5.0.jar:/home/user/.m2/repository/org/glassfish/hk2/hk2-utils/2.5.0/hk2-utils-2.5.0.jar:/home/user/.m2/repository/jakarta/annotation/jakarta.annotation-api/1.3.4/jakarta.annotation-api-1.3.4.jar:/home/user/.m2/repository/org/glassfish/hk2/external/aopalliance-repackaged/2.5.0/aopalliance-repackaged-2.5.0.jar:/home/user/.m2/repository/com/fasterxml/jackson/dataformat/jackson-dataformat-xml/2.9.0/jackson-dataformat-xml-2.9.0.jar:/home/user/.m2/repository/com/fasterxml/jackson/core/jackson-core/2.9.5/jackson-core-2.9.5.jar:/home/user/.m2/repository/com/fasterxml/jackson/module/jackson-module-jaxb-annotations/2.9.5/jackson-module-jaxb-annotations-2.9.5.jar:/home/user/.m2/repository/javax/enterprise/cdi-api/1.2/cdi-api-1.2.jar:/home/user/.m2/repository/javax/el/javax.el-api/3.0.0/javax.el-api-3.0.0.jar:/home/user/.m2/repository/javax/interceptor/javax.interceptor-api/1.2/javax.interceptor-api-1.2.jar:/home/user/.m2/repository/javax/inject/javax.inject/1/javax.inject-1.jar:/home/user/.m2/repository/com/sun/xml/bind/jaxb-impl/2.3.0.1/jaxb-impl-2.3.0.1.jar:/home/user/.m2/repository/com/sun/xml/bind/jaxb-core/2.3.0.1/jaxb-core-2.3.0.1.jar:/home/user/.m2/repository/javax/xml/bind/jaxb-api/2.3.0/jaxb-api-2.3.0.jar:/home/user/.m2/repository/javax/activation/activation/1.1.1/activation-1.1.1.jar:/home/user/.m2/repository/org/apache/hadoop/hadoop-ozone-csi/0.5.0-SNAPSHOT/hadoop-ozone-csi-0.5.0-SNAPSHOT.jar:/home/user/.m2/repository/com/google/protobuf/protobuf-java-util/3.5.1/protobuf-java-util-3.5.1.jar:/home/user/.m2/repository/org/apache/hadoop/hadoop-hdds-config/0.5.0-SNAPSHOT/hadoop-hdds-config-0.5.0-SNAPSHOT.jar:/home/user/.m2/repository/io/grpc/grpc-netty/1.17.1/grpc-netty-1.17.1.jar:/home/user/.m2/repository/io/grpc/grpc-core/1.17.1/grpc-core-1.17.1.jar:/home/user/.m2/repository/io/grpc/grpc-context/1.17.1/grpc-context-1.17.1.jar:/home/user/.m2/repository/com/google/errorprone/error_prone_annotations/2.2.0/error_prone_annotations-2.2.0.jar:/home/user/.m2/repository/org/codehaus/mojo/animal-sniffer-annotations/1.17/animal-sniffer-annotations-1.17.jar:/home/user/.m2/repository/io/opencensus/opencensus-api/0.17.0/opencensus-api-0.17.0.jar:/home/user/.m2/repository/io/opencensus/opencensus-contrib-grpc-metrics/0.17.0/opencensus-contrib-grpc-metrics-0.17.0.jar:/home/user/.m2/repository/io/netty/netty-codec-http2/4.1.30.Final/netty-codec-http2-4.1.30.Final.jar:/home/user/.m2/repository/io/netty/netty-codec-http/4.1.30.Final/netty-codec-http-4.1.30.Final.jar:/home/user/.m2/repository/io/netty/netty-codec/4.1.30.Final/netty-codec-4.1.30.Final.jar:/home/user/.m2/repository/io/netty/netty-handler/4.1.30.Final/netty-handler-4.1.30.Final.jar:/home/user/.m2/repository/io/netty/netty-handler-proxy/4.1.30.Final/netty-handler-proxy-4.1.30.Final.jar:/home/user/.m2/repository/io/netty/netty-codec-socks/4.1.30.Final/netty-codec-socks-4.1.30.Final.jar:/home/user/.m2/repository/io/netty/netty-transport-native-epoll/4.1.30.Final/netty-transport-native-epoll-4.1.30.Final.jar:/home/user/.m2/repository/io/netty/netty-common/4.1.30.Final/netty-common-4.1.30.Final.jar:/home/user/.m2/repository/io/netty/netty-buffer/4.1.30.Final/netty-buffer-4.1.30.Final.jar:/home/user/.m2/repository/io/netty/netty-transport/4.1.30.Final/netty-transport-4.1.30.Final.jar:/home/user/.m2/repository/io/netty/netty-resolver/4.1.30.Final/netty-resolver-4.1.30.Final.jar:/home/user/.m2/repository/io/netty/netty-transport-native-unix-common/4.1.30.Final/netty-transport-native-unix-common-4.1.30.Final.jar:/home/user/.m2/repository/io/grpc/grpc-protobuf/1.17.1/grpc-protobuf-1.17.1.jar:/home/user/.m2/repository/com/google/api/grpc/proto-google-common-protos/1.0.0/proto-google-common-protos-1.0.0.jar:/home/user/.m2/repository/io/grpc/grpc-protobuf-lite/1.17.1/grpc-protobuf-lite-1.17.1.jar:/home/user/.m2/repository/io/grpc/grpc-stub/1.17.1/grpc-stub-1.17.1.jar:/home/user/.m2/repository/org/apache/hadoop/hadoop-ozone-recon/0.5.0-SNAPSHOT/hadoop-ozone-recon-0.5.0-SNAPSHOT.jar:/home/user/.m2/repository/org/apache/hadoop/hadoop-ozone-reconcodegen/0.5.0-SNAPSHOT/hadoop-ozone-reconcodegen-0.5.0-SNAPSHOT.jar:/home/user/.m2/repository/com/google/inject/extensions/guice-multibindings/4.0/guice-multibindings-4.0.jar:/home/user/.m2/repository/com/google/inject/guice/4.0/guice-4.0.jar:/home/user/.m2/repository/aopalliance/aopalliance/1.0/aopalliance-1.0.jar:/home/user/.m2/repository/com/google/inject/extensions/guice-servlet/4.0/guice-servlet-4.0.jar:/home/user/.m2/repository/org/glassfish/jersey/containers/jersey-container-servlet/2.27/jersey-container-servlet-2.27.jar:/home/user/.m2/repository/org/glassfish/hk2/guice-bridge/2.5.0/guice-bridge-2.5.0.jar:/home/user/.m2/repository/org/glassfish/jersey/core/jersey-server/2.27/jersey-server-2.27.jar:/home/user/.m2/repository/org/glassfish/jersey/core/jersey-client/2.27/jersey-client-2.27.jar:/home/user/.m2/repository/org/glassfish/jersey/media/jersey-media-jaxb/2.27/jersey-media-jaxb-2.27.jar:/home/user/.m2/repository/javax/validation/validation-api/1.1.0.Final/validation-api-1.1.0.Final.jar:/home/user/.m2/repository/org/glassfish/jersey/media/jersey-media-json-jackson/2.27/jersey-media-json-jackson-2.27.jar:/home/user/.m2/repository/org/glassfish/jersey/ext/jersey-entity-filtering/2.27/jersey-entity-filtering-2.27.jar:/home/user/.m2/repository/com/google/inject/extensions/guice-assistedinject/4.0/guice-assistedinject-4.0.jar:/home/user/.m2/repository/org/jooq/jooq/3.11.10/jooq-3.11.10.jar:/home/user/.m2/repository/org/jooq/jooq-meta/3.11.10/jooq-meta-3.11.10.jar:/home/user/.m2/repository/org/jooq/jooq-codegen/3.11.10/jooq-codegen-3.11.10.jar:/home/user/.m2/repository/com/jolbox/bonecp/0.8.0.RELEASE/bonecp-0.8.0.RELEASE.jar:/home/user/.m2/repository/org/xerial/sqlite-jdbc/3.25.2/sqlite-jdbc-3.25.2.jar:/home/user/.m2/repository/org/springframework/spring-jdbc/5.1.3.RELEASE/spring-jdbc-5.1.3.RELEASE.jar:/home/user/.m2/repository/org/springframework/spring-beans/5.1.3.RELEASE/spring-beans-5.1.3.RELEASE.jar:/home/user/.m2/repository/org/springframework/spring-core/5.1.3.RELEASE/spring-core-5.1.3.RELEASE.jar:/home/user/.m2/repository/org/springframework/spring-jcl/5.1.3.RELEASE/spring-jcl-5.1.3.RELEASE.jar:/home/user/.m2/repository/org/springframework/spring-tx/5.1.3.RELEASE/spring-tx-5.1.3.RELEASE.jar:/home/user/.m2/repository/org/apache/hadoop/hadoop-ozone-client/0.5.0-SNAPSHOT/hadoop-ozone-client-0.5.0-SNAPSHOT.jar:/home/user/.m2/repository/commons-lang/commons-lang/2.6/commons-lang-2.6.jar:/home/user/.m2/repository/org/apache/hadoop/hadoop-ozone-ozone-manager/0.5.0-SNAPSHOT/hadoop-ozone-ozone-manager-0.5.0-SNAPSHOT-tests.jar:/home/user/.m2/repository/junit/junit/4.11/junit-4.11.jar:/home/user/.m2/repository/org/hamcrest/hamcrest-core/1.3/hamcrest-core-1.3.jar:/home/user/.m2/repository/org/openjdk/jmh/jmh-core/1.19/jmh-core-1.19.jar:/home/user/.m2/repository/net/sf/jopt-simple/jopt-simple/4.6/jopt-simple-4.6.jar:/home/user/.m2/repository/org/apache/commons/commons-math3/3.1.1/commons-math3-3.1.1.jar:/home/user/.m2/repository/org/openjdk/jmh/jmh-generator-annprocess/1.19/jmh-generator-annprocess-1.19.jar:/home/user/.m2/repository/org/mockito/mockito-all/1.8.5/mockito-all-1.8.5.jar:/home/user/.m2/repository/org/apache/hadoop/hadoop-kms/3.2.0/hadoop-kms-3.2.0.jar:/home/user/.m2/repository/org/apache/hadoop/hadoop-auth/3.2.0/hadoop-auth-3.2.0.jar:/home/user/.m2/repository/com/nimbusds/nimbus-jose-jwt/4.41.1/nimbus-jose-jwt-4.41.1.jar:/home/user/.m2/repository/com/github/stephenc/jcip/jcip-annotations/1.0-1/jcip-annotations-1.0-1.jar:/home/user/.m2/repository/net/minidev/json-smart/2.3/json-smart-2.3.jar:/home/user/.m2/repository/net/minidev/accessors-smart/1.2/accessors-smart-1.2.jar:/home/user/.m2/repository/org/ow2/asm/asm/5.0.4/asm-5.0.4.jar:/home/user/.m2/repository/org/apache/curator/curator-framework/2.12.0/curator-framework-2.12.0.jar:/home/user/.m2/repository/com/sun/jersey/jersey-core/1.19/jersey-core-1.19.jar:/home/user/.m2/repository/javax/ws/rs/jsr311-api/1.1.1/jsr311-api-1.1.1.jar:/home/user/.m2/repository/com/sun/jersey/jersey-server/1.19/jersey-server-1.19.jar:/home/user/.m2/repository/javax/servlet/javax.servlet-api/3.1.0/javax.servlet-api-3.1.0.jar:/home/user/.m2/repository/org/eclipse/jetty/jetty-server/9.3.24.v20180605/jetty-server-9.3.24.v20180605.jar:/home/user/.m2/repository/org/eclipse/jetty/jetty-http/9.3.24.v20180605/jetty-http-9.3.24.v20180605.jar:/home/user/.m2/repository/org/eclipse/jetty/jetty-io/9.3.24.v20180605/jetty-io-9.3.24.v20180605.jar:/home/user/.m2/repository/org/eclipse/jetty/jetty-webapp/9.3.24.v20180605/jetty-webapp-9.3.24.v20180605.jar:/home/user/.m2/repository/org/eclipse/jetty/jetty-xml/9.3.24.v20180605/jetty-xml-9.3.24.v20180605.jar:/home/user/.m2/repository/log4j/log4j/1.2.17/log4j-1.2.17.jar:/home/user/.m2/repository/org/slf4j/slf4j-api/1.7.25/slf4j-api-1.7.25.jar:/home/user/.m2/repository/org/slf4j/jul-to-slf4j/1.7.25/jul-to-slf4j-1.7.25.jar:/home/user/.m2/repository/org/eclipse/jetty/jetty-util/9.3.24.v20180605/jetty-util-9.3.24.v20180605.jar:/home/user/.m2/repository/com/fasterxml/jackson/core/jackson-databind/2.9.5/jackson-databind-2.9.5.jar:/home/user/.m2/repository/org/apache/hadoop/hadoop-kms/3.2.0/hadoop-kms-3.2.0-tests.jar:/home/user/.m2/repository/org/apache/hadoop/hadoop-hdds-server-scm/0.5.0-SNAPSHOT/hadoop-hdds-server-scm-0.5.0-SNAPSHOT-tests.jar:/home/user/.m2/repository/org/apache/hadoop/hadoop-hdds-container-service/0.5.0-SNAPSHOT/hadoop-hdds-container-service-0.5.0-SNAPSHOT-tests.jar:/home/user/.m2/repository/org/yaml/snakeyaml/1.16/snakeyaml-1.16.jar:/home/user/.m2/repository/org/apache/hadoop/hadoop-common/3.2.0/hadoop-common-3.2.0-tests.jar:/home/user/.m2/repository/org/apache/hadoop/hadoop-annotations/3.2.0/hadoop-annotations-3.2.0.jar:/usr/lib/jvm/java-1.8-openjdk/jre/../lib/tools.jar:/home/user/.m2/repository/commons-cli/commons-cli/1.2/commons-cli-1.2.jar:/home/user/.m2/repository/org/apache/httpcomponents/httpclient/4.5.2/httpclient-4.5.2.jar:/home/user/.m2/repository/org/apache/httpcomponents/httpcore/4.4.4/httpcore-4.4.4.jar:/home/user/.m2/repository/commons-codec/commons-codec/1.11/commons-codec-1.11.jar:/home/user/.m2/repository/commons-net/commons-net/3.6/commons-net-3.6.jar:/home/user/.m2/repository/commons-collections/commons-collections/3.2.2/commons-collections-3.2.2.jar:/home/user/.m2/repository/org/eclipse/jetty/jetty-servlet/9.3.24.v20180605/jetty-servlet-9.3.24.v20180605.jar:/home/user/.m2/repository/org/eclipse/jetty/jetty-security/9.3.24.v20180605/jetty-security-9.3.24.v20180605.jar:/home/user/.m2/repository/javax/servlet/jsp/jsp-api/2.1/jsp-api-2.1.jar:/home/user/.m2/repository/com/sun/jersey/jersey-servlet/1.19/jersey-servlet-1.19.jar:/home/user/.m2/repository/com/sun/jersey/jersey-json/1.19/jersey-json-1.19.jar:/home/user/.m2/repository/org/codehaus/jettison/jettison/1.1/jettison-1.1.jar:/home/user/.m2/repository/org/codehaus/jackson/jackson-core-asl/1.9.13/jackson-core-asl-1.9.13.jar:/home/user/.m2/repository/org/codehaus/jackson/jackson-mapper-asl/1.9.13/jackson-mapper-asl-1.9.13.jar:/home/user/.m2/repository/org/codehaus/jackson/jackson-jaxrs/1.9.13/jackson-jaxrs-1.9.13.jar:/home/user/.m2/repository/org/codehaus/jackson/jackson-xc/1.9.13/jackson-xc-1.9.13.jar:/home/user/.m2/repository/commons-logging/commons-logging/1.1.3/commons-logging-1.1.3.jar:/home/user/.m2/repository/commons-beanutils/commons-beanutils/1.9.3/commons-beanutils-1.9.3.jar:/home/user/.m2/repository/org/apache/commons/commons-configuration2/2.1.1/commons-configuration2-2.1.1.jar:/home/user/.m2/repository/org/apache/commons/commons-lang3/3.7/commons-lang3-3.7.jar:/home/user/.m2/repository/org/apache/commons/commons-text/1.4/commons-text-1.4.jar:/home/user/.m2/repository/org/apache/avro/avro/1.7.7/avro-1.7.7.jar:/home/user/.m2/repository/com/thoughtworks/paranamer/paranamer/2.3/paranamer-2.3.jar:/home/user/.m2/repository/org/xerial/snappy/snappy-java/1.0.5/snappy-java-1.0.5.jar:/home/user/.m2/repository/com/google/re2j/re2j/1.1/re2j-1.1.jar:/home/user/.m2/repository/com/google/code/gson/gson/2.2.4/gson-2.2.4.jar:/home/user/.m2/repository/com/jcraft/jsch/0.1.54/jsch-0.1.54.jar:/home/user/.m2/repository/org/apache/curator/curator-client/2.12.0/curator-client-2.12.0.jar:/home/user/.m2/repository/org/apache/curator/curator-recipes/2.12.0/curator-recipes-2.12.0.jar:/home/user/.m2/repository/com/google/code/findbugs/jsr305/3.0.0/jsr305-3.0.0.jar:/home/user/.m2/repository/org/apache/htrace/htrace-core4/4.1.0-incubating/htrace-core4-4.1.0-incubating.jar:/home/user/.m2/repository/org/apache/zookeeper/zookeeper/3.4.13/zookeeper-3.4.13.jar:/home/user/.m2/repository/org/apache/yetus/audience-annotations/0.5.0/audience-annotations-0.5.0.jar:/home/user/.m2/repository/org/codehaus/woodstox/stax2-api/3.1.4/stax2-api-3.1.4.jar:/home/user/.m2/repository/com/fasterxml/woodstox/woodstox-core/5.0.3/woodstox-core-5.0.3.jar:/home/user/.m2/repository/dnsjava/dnsjava/2.1.7/dnsjava-2.1.7.jar:/home/user/.m2/repository/org/apache/hadoop/hadoop-hdfs/3.2.0/hadoop-hdfs-3.2.0-tests.jar:/home/user/.m2/repository/org/eclipse/jetty/jetty-util-ajax/9.3.24.v20180605/jetty-util-ajax-9.3.24.v20180605.jar:/home/user/.m2/repository/commons-daemon/commons-daemon/1.0.13/commons-daemon-1.0.13.jar:/home/user/.m2/repository/io/netty/netty/3.10.5.Final/netty-3.10.5.Final.jar:/home/user/.m2/repository/io/netty/netty-all/4.0.52.Final/netty-all-4.0.52.Final.jar:/home/user/.m2/repository/org/fusesource/leveldbjni/leveldbjni-all/1.8/leveldbjni-all-1.8.jar:"/>
    <property name="sun.cpu.endian" value="little"/>
    <property name="user.home" value="/home/user"/>
    <property name="user.language" value="en"/>
    <property name="java.specification.vendor" value="Oracle Corporation"/>
    <property name="java.home" value="/usr/lib/jvm/java-1.8-openjdk/jre"/>
    <property name="java.security.krb5.conf" value="/workdir/hadoop-ozone/integration-test/target/test-classes/krb5.conf"/>
    <property name="basedir" value="/workdir/hadoop-ozone/integration-test"/>
    <property name="file.separator" value="/"/>
    <property name="line.separator" value="&#10;"/>
    <property name="java.vm.specification.vendor" value="Oracle Corporation"/>
    <property name="java.specification.name" value="Java Platform API Specification"/>
    <property name="java.awt.graphicsenv" value="sun.awt.X11GraphicsEnvironment"/>
    <property name="surefire.real.class.path" value="/workdir/hadoop-ozone/integration-test/target/surefire/surefirebooter2784949433986826223.jar"/>
    <property name="hadoop.log.dir" value="/workdir/hadoop-ozone/integration-test/target/log"/>
    <property name="sun.boot.class.path" value="/usr/lib/jvm/java-1.8-openjdk/jre/lib/resources.jar:/usr/lib/jvm/java-1.8-openjdk/jre/lib/rt.jar:/usr/lib/jvm/java-1.8-openjdk/jre/lib/sunrsasign.jar:/usr/lib/jvm/java-1.8-openjdk/jre/lib/jsse.jar:/usr/lib/jvm/java-1.8-openjdk/jre/lib/jce.jar:/usr/lib/jvm/java-1.8-openjdk/jre/lib/charsets.jar:/usr/lib/jvm/java-1.8-openjdk/jre/lib/jfr.jar:/usr/lib/jvm/java-1.8-openjdk/jre/classes"/>
    <property name="sun.management.compiler" value="HotSpot 64-Bit Tiered Compilers"/>
    <property name="java.runtime.version" value="1.8.0_212-b04"/>
    <property name="java.net.preferIPv4Stack" value="true"/>
    <property name="user.name" value="jenkins1000"/>
    <property name="path.separator" value=":"/>
    <property name="java.security.egd" value="file:///dev/urandom"/>
    <property name="os.version" value="3.10.0-957.12.2.el7.x86_64"/>
    <property name="java.endorsed.dirs" value="/usr/lib/jvm/java-1.8-openjdk/jre/lib/endorsed"/>
    <property name="java.runtime.name" value="OpenJDK Runtime Environment"/>
    <property name="file.encoding" value="UTF-8"/>
    <property name="java.vm.name" value="OpenJDK 64-Bit Server VM"/>
    <property name="test.build.webapps" value=""/>
    <property name="localRepository" value="/home/user/.m2/repository"/>
    <property name="java.vendor.url.bug" value="https://icedtea.classpath.org/bugzilla"/>
    <property name="java.io.tmpdir" value="/tmp"/>
    <property name="require.test.libhadoop" value=""/>
    <property name="java.version" value="1.8.0_212"/>
    <property name="user.dir" value="/workdir/hadoop-ozone/integration-test"/>
    <property name="os.arch" value="amd64"/>
    <property name="java.vm.specification.name" value="Java Virtual Machine Specification"/>
    <property name="test.build.classes" value="/workdir/hadoop-ozone/integration-test/target/test-classes"/>
    <property name="java.awt.printerjob" value="sun.print.PSPrinterJob"/>
    <property name="sun.os.patch.level" value="unknown"/>
    <property name="hadoop.tmp.dir" value="/workdir/hadoop-ozone/integration-test/target/tmp"/>
    <property name="java.library.path" value="/usr/lib/jvm/java-1.8-openjdk/jre/lib/amd64/server:/usr/lib/jvm/java-1.8-openjdk/jre/lib/amd64:/usr/lib/jvm/java-1.8-openjdk/jre/../lib/amd64:/workdir/hadoop-ozone/integration-test/target/native/target/usr/local/lib:/workdir/hadoop-ozone/integration-test/../../hadoop-common-project/hadoop-common/target/native/target/usr/local/lib:/usr/java/packages/lib/amd64:/usr/lib64:/lib64:/lib:/usr/lib"/>
    <property name="java.vm.info" value="mixed mode"/>
    <property name="java.vendor" value="IcedTea"/>
    <property name="java.vm.version" value="25.212-b04"/>
    <property name="java.ext.dirs" value="/usr/lib/jvm/java-1.8-openjdk/jre/lib/ext:/usr/java/packages/lib/ext"/>
    <property name="sun.io.unicode.encoding" value="UnicodeLittle"/>
    <property name="java.class.version" value="52.0"/>
  </properties>
  <testcase name="testContainerStateMachineFailures" classname="org.apache.hadoop.ozone.client.rpc.TestContainerStateMachine" time="364.863">
    <error message="Allocated 0 blocks. Requested 1 blocks" type="INTERNAL_ERROR org.apache.hadoop.ozone.om.exceptions.OMException">INTERNAL_ERROR org.apache.hadoop.ozone.om.exceptions.OMException: Allocated 0 blocks. Requested 1 blocks
	at org.apache.hadoop.ozone.om.protocolPB.OzoneManagerProtocolClientSideTranslatorPB.handleError(OzoneManagerProtocolClientSideTranslatorPB.java:725)
	at org.apache.hadoop.ozone.om.protocolPB.OzoneManagerProtocolClientSideTranslatorPB.allocateBlock(OzoneManagerProtocolClientSideTranslatorPB.java:757)
	at org.apache.hadoop.ozone.client.io.BlockOutputStreamEntryPool.allocateNewBlock(BlockOutputStreamEntryPool.java:248)
	at org.apache.hadoop.ozone.client.io.BlockOutputStreamEntryPool.allocateBlockIfNeeded(BlockOutputStreamEntryPool.java:296)
	at org.apache.hadoop.ozone.client.io.KeyOutputStream.handleWrite(KeyOutputStream.java:201)
	at org.apache.hadoop.ozone.client.io.KeyOutputStream.handleRetry(KeyOutputStream.java:376)
	at org.apache.hadoop.ozone.client.io.KeyOutputStream.handleException(KeyOutputStream.java:325)
	at org.apache.hadoop.ozone.client.io.KeyOutputStream.handleFlushOrClose(KeyOutputStream.java:448)
	at org.apache.hadoop.ozone.client.io.KeyOutputStream.close(KeyOutputStream.java:472)
	at org.apache.hadoop.ozone.client.io.OzoneOutputStream.close(OzoneOutputStream.java:60)
	at org.apache.hadoop.ozone.client.rpc.TestContainerStateMachine.testContainerStateMachineFailures(TestContainerStateMachine.java:142)
	at sun.reflect.NativeMethodAccessorImpl.invoke0(Native Method)
	at sun.reflect.NativeMethodAccessorImpl.invoke(NativeMethodAccessorImpl.java:62)
	at sun.reflect.DelegatingMethodAccessorImpl.invoke(DelegatingMethodAccessorImpl.java:43)
	at java.lang.reflect.Method.invoke(Method.java:498)
	at org.junit.runners.model.FrameworkMethod$1.runReflectiveCall(FrameworkMethod.java:47)
	at org.junit.internal.runners.model.ReflectiveCallable.run(ReflectiveCallable.java:12)
	at org.junit.runners.model.FrameworkMethod.invokeExplosively(FrameworkMethod.java:44)
	at org.junit.internal.runners.statements.InvokeMethod.evaluate(InvokeMethod.java:17)
	at org.junit.runners.ParentRunner.runLeaf(ParentRunner.java:271)
	at org.junit.runners.BlockJUnit4ClassRunner.runChild(BlockJUnit4ClassRunner.java:70)
	at org.junit.runners.BlockJUnit4ClassRunner.runChild(BlockJUnit4ClassRunner.java:50)
	at org.junit.runners.ParentRunner$3.run(ParentRunner.java:238)
	at org.junit.runners.ParentRunner$1.schedule(ParentRunner.java:63)
	at org.junit.runners.ParentRunner.runChildren(ParentRunner.java:236)
	at org.junit.runners.ParentRunner.access$000(ParentRunner.java:53)
	at org.junit.runners.ParentRunner$2.evaluate(ParentRunner.java:229)
	at org.junit.internal.runners.statements.RunBefores.evaluate(RunBefores.java:26)
	at org.junit.internal.runners.statements.RunAfters.evaluate(RunAfters.java:27)
	at org.junit.runners.ParentRunner.run(ParentRunner.java:309)
	at org.apache.maven.surefire.junit4.JUnit4Provider.execute(JUnit4Provider.java:365)
	at org.apache.maven.surefire.junit4.JUnit4Provider.executeWithRerun(JUnit4Provider.java:273)
	at org.apache.maven.surefire.junit4.JUnit4Provider.executeTestSet(JUnit4Provider.java:238)
	at org.apache.maven.surefire.junit4.JUnit4Provider.invoke(JUnit4Provider.java:159)
	at org.apache.maven.surefire.booter.ForkedBooter.invokeProviderInSameClassLoader(ForkedBooter.java:384)
	at org.apache.maven.surefire.booter.ForkedBooter.runSuitesInProcess(ForkedBooter.java:345)
	at org.apache.maven.surefire.booter.ForkedBooter.execute(ForkedBooter.java:126)
	at org.apache.maven.surefire.booter.ForkedBooter.main(ForkedBooter.java:418)
</error>
    <system-out><![CDATA[2019-09-20 09:11:27,529 [main] WARN  server.ServerUtils (ServerUtils.java:getScmDbDir(145)) - ozone.scm.db.dirs is not configured. We recommend adding this setting. Falling back to ozone.metadata.dirs instead.
2019-09-20 09:11:27,648 [main] WARN  server.ServerUtils (ServerUtils.java:getScmDbDir(145)) - ozone.scm.db.dirs is not configured. We recommend adding this setting. Falling back to ozone.metadata.dirs instead.
2019-09-20 09:11:27,651 [main] WARN  server.ServerUtils (ServerUtils.java:getScmDbDir(145)) - ozone.scm.db.dirs is not configured. We recommend adding this setting. Falling back to ozone.metadata.dirs instead.
2019-09-20 09:11:27,671 [main] INFO  util.log (Log.java:initialized(192)) - Logging initialized @3002ms
2019-09-20 09:11:27,771 [main] INFO  db.DBStoreBuilder (DBStoreBuilder.java:addTable(110)) - using custom profile for table: deletedBlocks
2019-09-20 09:11:27,772 [main] INFO  db.DBStoreBuilder (DBStoreBuilder.java:processTables(161)) - Using default column profile:DBProfile.DISK for Table:deletedBlocks
2019-09-20 09:11:27,772 [main] INFO  db.DBStoreBuilder (DBStoreBuilder.java:addTable(110)) - using custom profile for table: validCerts
2019-09-20 09:11:27,772 [main] INFO  db.DBStoreBuilder (DBStoreBuilder.java:processTables(161)) - Using default column profile:DBProfile.DISK for Table:validCerts
2019-09-20 09:11:27,773 [main] INFO  db.DBStoreBuilder (DBStoreBuilder.java:addTable(110)) - using custom profile for table: revokedCerts
2019-09-20 09:11:27,773 [main] INFO  db.DBStoreBuilder (DBStoreBuilder.java:processTables(161)) - Using default column profile:DBProfile.DISK for Table:revokedCerts
2019-09-20 09:11:27,785 [main] INFO  db.DBStoreBuilder (DBStoreBuilder.java:addTable(110)) - using custom profile for table: default
2019-09-20 09:11:27,785 [main] INFO  db.DBStoreBuilder (DBStoreBuilder.java:processTables(167)) - Using default column profile:DBProfile.DISK for Table:default
2019-09-20 09:11:27,786 [main] INFO  db.DBStoreBuilder (DBStoreBuilder.java:getDbProfile(198)) - Using default options. DBProfile.DISK
2019-09-20 09:11:27,999 [main] INFO  net.NodeSchemaLoader (NodeSchemaLoader.java:loadSchemaFromFile(125)) - Loading file from sun.misc.CompoundEnumeration@773f7880
2019-09-20 09:11:28,002 [main] INFO  net.NodeSchemaLoader (NodeSchemaLoader.java:loadSchema(171)) - Loading network topology layer schema file
2019-09-20 09:11:28,088 [main] INFO  node.SCMNodeManager (SCMNodeManager.java:<init>(121)) - Entering startup safe mode.
2019-09-20 09:11:28,108 [main] INFO  algorithms.ContainerPlacementPolicyFactory (ContainerPlacementPolicyFactory.java:getPolicy(56)) - Create container placement policy of type org.apache.hadoop.hdds.scm.container.placement.algorithms.SCMContainerPlacementRandom
2019-09-20 09:11:28,123 [main] WARN  server.ServerUtils (ServerUtils.java:getScmDbDir(145)) - ozone.scm.db.dirs is not configured. We recommend adding this setting. Falling back to ozone.metadata.dirs instead.
2019-09-20 09:11:28,181 [main] INFO  pipeline.SCMPipelineManager (SCMPipelineManager.java:initializePipelineState(145)) - No pipeline exists in current db
2019-09-20 09:11:28,186 [main] WARN  server.ServerUtils (ServerUtils.java:getScmDbDir(145)) - ozone.scm.db.dirs is not configured. We recommend adding this setting. Falling back to ozone.metadata.dirs instead.
2019-09-20 09:11:28,299 [main] INFO  safemode.HealthyPipelineSafeModeRule (HealthyPipelineSafeModeRule.java:<init>(89)) -  Total pipeline count is 0, healthy pipeline threshold count is 1
2019-09-20 09:11:28,301 [main] INFO  safemode.OneReplicaPipelineSafeModeRule (OneReplicaPipelineSafeModeRule.java:<init>(80)) - Total pipeline count is 0, pipeline's with at least one datanode reported threshold count is 0
2019-09-20 09:11:28,302 [main] WARN  events.EventQueue (EventQueue.java:fireEvent(175)) - No event handler registered for event TypedEvent{payloadType=SafeModeStatus, name='SafeModeStatus'}
2019-09-20 09:11:28,429 [main] INFO  ipc.CallQueueManager (CallQueueManager.java:<init>(84)) - Using callQueue: class java.util.concurrent.LinkedBlockingQueue, queueCapacity: 2000, scheduler: class org.apache.hadoop.ipc.DefaultRpcScheduler, ipcBackoff: false.
2019-09-20 09:11:28,458 [Socket Reader #1 for port 41395] INFO  ipc.Server (Server.java:run(1074)) - Starting Socket Reader #1 for port 41395
2019-09-20 09:11:28,481 [main] INFO  ipc.CallQueueManager (CallQueueManager.java:<init>(84)) - Using callQueue: class java.util.concurrent.LinkedBlockingQueue, queueCapacity: 2000, scheduler: class org.apache.hadoop.ipc.DefaultRpcScheduler, ipcBackoff: false.
2019-09-20 09:11:28,482 [Socket Reader #1 for port 41189] INFO  ipc.Server (Server.java:run(1074)) - Starting Socket Reader #1 for port 41189
2019-09-20 09:11:28,489 [main] INFO  ipc.CallQueueManager (CallQueueManager.java:<init>(84)) - Using callQueue: class java.util.concurrent.LinkedBlockingQueue, queueCapacity: 2000, scheduler: class org.apache.hadoop.ipc.DefaultRpcScheduler, ipcBackoff: false.
2019-09-20 09:11:28,490 [Socket Reader #1 for port 43916] INFO  ipc.Server (Server.java:run(1074)) - Starting Socket Reader #1 for port 43916
2019-09-20 09:11:28,511 [main] INFO  hdfs.DFSUtil (DFSUtil.java:httpServerTemplateForNNAndJN(1641)) - Starting Web-server for scm at: http://0.0.0.0:0
2019-09-20 09:11:28,703 [main] INFO  server.AuthenticationFilter (AuthenticationFilter.java:constructSecretProvider(240)) - Unable to initialize FileSignerSecretProvider, falling back to use random secrets.
2019-09-20 09:11:28,712 [main] WARN  http.HttpRequestLog (HttpRequestLog.java:getRequestLog(97)) - Jetty request log can only be enabled using Log4j
2019-09-20 09:11:28,721 [main] INFO  http.HttpServer2 (HttpServer2.java:addGlobalFilter(975)) - Added global filter 'safety' (class=org.apache.hadoop.http.HttpServer2$QuotingInputFilter)
2019-09-20 09:11:28,724 [main] INFO  http.HttpServer2 (HttpServer2.java:addFilter(948)) - Added filter static_user_filter (class=org.apache.hadoop.http.lib.StaticUserWebFilter$StaticUserFilter) to context scm
2019-09-20 09:11:28,724 [main] INFO  http.HttpServer2 (HttpServer2.java:addFilter(958)) - Added filter static_user_filter (class=org.apache.hadoop.http.lib.StaticUserWebFilter$StaticUserFilter) to context logs
2019-09-20 09:11:28,724 [main] INFO  http.HttpServer2 (HttpServer2.java:addFilter(958)) - Added filter static_user_filter (class=org.apache.hadoop.http.lib.StaticUserWebFilter$StaticUserFilter) to context static
2019-09-20 09:11:28,755 [main] INFO  server.StorageContainerManager (StorageContainerManager.java:start(761)) - StorageContainerLocationProtocol RPC server is listening at /0.0.0.0:43916
2019-09-20 09:11:28,812 [main] WARN  impl.MetricsConfig (MetricsConfig.java:loadFirst(134)) - Cannot locate configuration: tried hadoop-metrics2-storagecontainermanager.properties,hadoop-metrics2.properties
2019-09-20 09:11:28,824 [main] INFO  impl.MetricsSystemImpl (MetricsSystemImpl.java:startTimer(374)) - Scheduled Metric snapshot period at 10 second(s).
2019-09-20 09:11:28,825 [main] INFO  impl.MetricsSystemImpl (MetricsSystemImpl.java:start(191)) - StorageContainerManager metrics system started
2019-09-20 09:11:28,878 [main] INFO  server.SCMClientProtocolServer (SCMClientProtocolServer.java:start(151)) - RPC server for Client  is listening at /0.0.0.0:43916
2019-09-20 09:11:28,879 [IPC Server Responder] INFO  ipc.Server (Server.java:run(1314)) - IPC Server Responder: starting
2019-09-20 09:11:28,879 [IPC Server listener on 43916] INFO  ipc.Server (Server.java:run(1153)) - IPC Server listener on 43916: starting
2019-09-20 09:11:28,882 [main] INFO  server.StorageContainerManager (StorageContainerManager.java:start(771)) - ScmBlockLocationProtocol RPC server is listening at /0.0.0.0:41189
2019-09-20 09:11:28,882 [main] INFO  server.SCMBlockProtocolServer (SCMBlockProtocolServer.java:start(140)) - RPC server for Block Protocol is listening at /0.0.0.0:41189
2019-09-20 09:11:28,883 [IPC Server Responder] INFO  ipc.Server (Server.java:run(1314)) - IPC Server Responder: starting
2019-09-20 09:11:28,883 [IPC Server listener on 41189] INFO  ipc.Server (Server.java:run(1153)) - IPC Server listener on 41189: starting
2019-09-20 09:11:28,886 [main] INFO  server.StorageContainerManager (StorageContainerManager.java:start(775)) - ScmDatanodeProtocl RPC server is listening at /0.0.0.0:41395
2019-09-20 09:11:28,886 [main] INFO  server.SCMDatanodeProtocolServer (SCMDatanodeProtocolServer.java:start(199)) - RPC server for DataNodes is listening at /0.0.0.0:41395
2019-09-20 09:11:28,886 [IPC Server Responder] INFO  ipc.Server (Server.java:run(1314)) - IPC Server Responder: starting
2019-09-20 09:11:28,886 [IPC Server listener on 41395] INFO  ipc.Server (Server.java:run(1153)) - IPC Server listener on 41395: starting
2019-09-20 09:11:28,891 [main] INFO  http.HttpServer2 (HttpServer2.java:bindListener(1191)) - Jetty bound to port 35904
2019-09-20 09:11:28,893 [main] INFO  server.Server (Server.java:doStart(351)) - jetty-9.3.24.v20180605, build timestamp: 2018-06-05T17:11:56Z, git hash: 84205aa28f11a4f31f2a3b86d1bba2cc8ab69827
2019-09-20 09:11:28,933 [main] INFO  handler.ContextHandler (ContextHandler.java:doStart(781)) - Started o.e.j.s.ServletContextHandler@56bc3fac{/logs,file:///workdir/hadoop-ozone/integration-test/target/log,AVAILABLE}
2019-09-20 09:11:28,934 [main] INFO  handler.ContextHandler (ContextHandler.java:doStart(781)) - Started o.e.j.s.ServletContextHandler@2ba45490{/static,file:///workdir/hadoop-ozone/integration-test/target/test-classes/webapps/static,AVAILABLE}
2019-09-20 09:11:28,969 [main] INFO  handler.ContextHandler (ContextHandler.java:doStart(781)) - Started o.e.j.w.WebAppContext@4525d1d3{/,file:///workdir/hadoop-ozone/integration-test/target/test-classes/webapps/scm/,AVAILABLE}{/scm}
2019-09-20 09:11:28,975 [main] INFO  server.AbstractConnector (AbstractConnector.java:doStart(278)) - Started ServerConnector@6f8f8a80{HTTP/1.1,[http/1.1]}{0.0.0.0:35904}
2019-09-20 09:11:28,976 [main] INFO  server.Server (Server.java:doStart(419)) - Started @4307ms
2019-09-20 09:11:28,978 [main] INFO  server.BaseHttpServer (BaseHttpServer.java:updateConnectorAddress(213)) - HTTP server of SCM is listening at http://0.0.0.0:35904
2019-09-20 09:11:28,987 [org.apache.hadoop.util.JvmPauseMonitor$Monitor@278f8425] INFO  util.JvmPauseMonitor (JvmPauseMonitor.java:run(188)) - Starting JVM pause monitor
2019-09-20 09:11:28,991 [main] WARN  server.ServerUtils (ServerUtils.java:getDBPath(222)) - ozone.om.db.dirs is not configured. We recommend adding this setting. Falling back to ozone.metadata.dirs instead.
2019-09-20 09:11:29,006 [main] WARN  server.ServerUtils (ServerUtils.java:getDBPath(222)) - ozone.om.db.dirs is not configured. We recommend adding this setting. Falling back to ozone.metadata.dirs instead.
2019-09-20 09:11:29,007 [main] WARN  server.ServerUtils (ServerUtils.java:getDBPath(222)) - ozone.om.db.dirs is not configured. We recommend adding this setting. Falling back to ozone.metadata.dirs instead.
2019-09-20 09:11:29,008 [main] INFO  om.OzoneManager (OzoneManager.java:setOMNodeDetails(645)) - OM Service ID is not set. Setting it to the default ID: omServiceIdDefault
2019-09-20 09:11:29,008 [main] INFO  om.OzoneManager (OzoneManager.java:setOMNodeDetails(651)) - OM Node ID is not set. Setting it to the OmStorage's OmID: 478c8e5c-0d80-4e15-8ef2-e35a102890fb
2019-09-20 09:11:29,010 [main] INFO  om.OzoneManager (OzoneManager.java:loadOMHAConfigs(602)) - Found matching OM address with OMServiceId: null, OMNodeId: null, RPC Address: localhost:0 and Ratis port: 9872
2019-09-20 09:11:29,118 [main] WARN  server.ServerUtils (ServerUtils.java:getDBPath(222)) - ozone.om.db.dirs is not configured. We recommend adding this setting. Falling back to ozone.metadata.dirs instead.
2019-09-20 09:11:29,125 [main] INFO  db.DBStoreBuilder (DBStoreBuilder.java:addTable(110)) - using custom profile for table: userTable
2019-09-20 09:11:29,126 [main] INFO  db.DBStoreBuilder (DBStoreBuilder.java:processTables(161)) - Using default column profile:DBProfile.DISK for Table:userTable
2019-09-20 09:11:29,126 [main] INFO  db.DBStoreBuilder (DBStoreBuilder.java:addTable(110)) - using custom profile for table: volumeTable
2019-09-20 09:11:29,126 [main] INFO  db.DBStoreBuilder (DBStoreBuilder.java:processTables(161)) - Using default column profile:DBProfile.DISK for Table:volumeTable
2019-09-20 09:11:29,126 [main] INFO  db.DBStoreBuilder (DBStoreBuilder.java:addTable(110)) - using custom profile for table: bucketTable
2019-09-20 09:11:29,127 [main] INFO  db.DBStoreBuilder (DBStoreBuilder.java:processTables(161)) - Using default column profile:DBProfile.DISK for Table:bucketTable
2019-09-20 09:11:29,127 [main] INFO  db.DBStoreBuilder (DBStoreBuilder.java:addTable(110)) - using custom profile for table: keyTable
2019-09-20 09:11:29,127 [main] INFO  db.DBStoreBuilder (DBStoreBuilder.java:processTables(161)) - Using default column profile:DBProfile.DISK for Table:keyTable
2019-09-20 09:11:29,127 [main] INFO  db.DBStoreBuilder (DBStoreBuilder.java:addTable(110)) - using custom profile for table: deletedTable
2019-09-20 09:11:29,127 [main] INFO  db.DBStoreBuilder (DBStoreBuilder.java:processTables(161)) - Using default column profile:DBProfile.DISK for Table:deletedTable
2019-09-20 09:11:29,128 [main] INFO  db.DBStoreBuilder (DBStoreBuilder.java:addTable(110)) - using custom profile for table: openKeyTable
2019-09-20 09:11:29,128 [main] INFO  db.DBStoreBuilder (DBStoreBuilder.java:processTables(161)) - Using default column profile:DBProfile.DISK for Table:openKeyTable
2019-09-20 09:11:29,128 [main] INFO  db.DBStoreBuilder (DBStoreBuilder.java:addTable(110)) - using custom profile for table: s3Table
2019-09-20 09:11:29,128 [main] INFO  db.DBStoreBuilder (DBStoreBuilder.java:processTables(161)) - Using default column profile:DBProfile.DISK for Table:s3Table
2019-09-20 09:11:29,129 [main] INFO  db.DBStoreBuilder (DBStoreBuilder.java:addTable(110)) - using custom profile for table: multipartInfoTable
2019-09-20 09:11:29,129 [main] INFO  db.DBStoreBuilder (DBStoreBuilder.java:processTables(161)) - Using default column profile:DBProfile.DISK for Table:multipartInfoTable
2019-09-20 09:11:29,129 [main] INFO  db.DBStoreBuilder (DBStoreBuilder.java:addTable(110)) - using custom profile for table: dTokenTable
2019-09-20 09:11:29,129 [main] INFO  db.DBStoreBuilder (DBStoreBuilder.java:processTables(161)) - Using default column profile:DBProfile.DISK for Table:dTokenTable
2019-09-20 09:11:29,130 [main] INFO  db.DBStoreBuilder (DBStoreBuilder.java:addTable(110)) - using custom profile for table: s3SecretTable
2019-09-20 09:11:29,130 [main] INFO  db.DBStoreBuilder (DBStoreBuilder.java:processTables(161)) - Using default column profile:DBProfile.DISK for Table:s3SecretTable
2019-09-20 09:11:29,130 [main] INFO  db.DBStoreBuilder (DBStoreBuilder.java:addTable(110)) - using custom profile for table: prefixTable
2019-09-20 09:11:29,130 [main] INFO  db.DBStoreBuilder (DBStoreBuilder.java:processTables(161)) - Using default column profile:DBProfile.DISK for Table:prefixTable
2019-09-20 09:11:29,131 [main] INFO  db.DBStoreBuilder (DBStoreBuilder.java:addTable(110)) - using custom profile for table: default
2019-09-20 09:11:29,131 [main] INFO  db.DBStoreBuilder (DBStoreBuilder.java:processTables(167)) - Using default column profile:DBProfile.DISK for Table:default
2019-09-20 09:11:29,131 [main] INFO  db.DBStoreBuilder (DBStoreBuilder.java:getDbProfile(198)) - Using default options. DBProfile.DISK
2019-09-20 09:11:29,693 [main] INFO  ipc.CallQueueManager (CallQueueManager.java:<init>(84)) - Using callQueue: class java.util.concurrent.LinkedBlockingQueue, queueCapacity: 2000, scheduler: class org.apache.hadoop.ipc.DefaultRpcScheduler, ipcBackoff: false.
2019-09-20 09:11:29,694 [Socket Reader #1 for port 44307] INFO  ipc.Server (Server.java:run(1074)) - Starting Socket Reader #1 for port 44307
2019-09-20 09:11:29,725 [main] INFO  om.OzoneManager (OzoneManager.java:start(1256)) - OzoneManager RPC server is listening at localhost/127.0.0.1:44307
2019-09-20 09:11:29,726 [main] INFO  impl.MetricsSystemImpl (MetricsSystemImpl.java:init(158)) - OzoneManager metrics system started (again)
2019-09-20 09:11:29,731 [IPC Server Responder] INFO  ipc.Server (Server.java:run(1314)) - IPC Server Responder: starting
2019-09-20 09:11:29,731 [IPC Server listener on 44307] INFO  ipc.Server (Server.java:run(1153)) - IPC Server listener on 44307: starting
2019-09-20 09:11:29,742 [main] INFO  hdfs.DFSUtil (DFSUtil.java:httpServerTemplateForNNAndJN(1641)) - Starting Web-server for ozoneManager at: http://0.0.0.0:0
2019-09-20 09:11:29,749 [main] INFO  server.AuthenticationFilter (AuthenticationFilter.java:constructSecretProvider(240)) - Unable to initialize FileSignerSecretProvider, falling back to use random secrets.
2019-09-20 09:11:29,753 [main] WARN  http.HttpRequestLog (HttpRequestLog.java:getRequestLog(97)) - Jetty request log can only be enabled using Log4j
2019-09-20 09:11:29,757 [main] INFO  http.HttpServer2 (HttpServer2.java:addGlobalFilter(975)) - Added global filter 'safety' (class=org.apache.hadoop.http.HttpServer2$QuotingInputFilter)
2019-09-20 09:11:29,759 [main] INFO  http.HttpServer2 (HttpServer2.java:addFilter(948)) - Added filter static_user_filter (class=org.apache.hadoop.http.lib.StaticUserWebFilter$StaticUserFilter) to context ozoneManager
2019-09-20 09:11:29,759 [main] INFO  http.HttpServer2 (HttpServer2.java:addFilter(958)) - Added filter static_user_filter (class=org.apache.hadoop.http.lib.StaticUserWebFilter$StaticUserFilter) to context logs
2019-09-20 09:11:29,759 [main] INFO  http.HttpServer2 (HttpServer2.java:addFilter(958)) - Added filter static_user_filter (class=org.apache.hadoop.http.lib.StaticUserWebFilter$StaticUserFilter) to context static
2019-09-20 09:11:29,764 [main] INFO  http.HttpServer2 (HttpServer2.java:bindListener(1191)) - Jetty bound to port 42968
2019-09-20 09:11:29,765 [main] INFO  server.Server (Server.java:doStart(351)) - jetty-9.3.24.v20180605, build timestamp: 2018-06-05T17:11:56Z, git hash: 84205aa28f11a4f31f2a3b86d1bba2cc8ab69827
2019-09-20 09:11:29,768 [main] INFO  handler.ContextHandler (ContextHandler.java:doStart(781)) - Started o.e.j.s.ServletContextHandler@9d200de{/logs,file:///workdir/hadoop-ozone/integration-test/target/log,AVAILABLE}
2019-09-20 09:11:29,769 [main] INFO  handler.ContextHandler (ContextHandler.java:doStart(781)) - Started o.e.j.s.ServletContextHandler@646811d6{/static,file:///workdir/hadoop-ozone/integration-test/target/test-classes/webapps/static,AVAILABLE}
2019-09-20 09:11:29,778 [main] INFO  handler.ContextHandler (ContextHandler.java:doStart(781)) - Started o.e.j.w.WebAppContext@47e4d9d0{/,file:///workdir/hadoop-ozone/integration-test/target/test-classes/webapps/ozoneManager/,AVAILABLE}{/ozoneManager}
2019-09-20 09:11:29,780 [main] INFO  server.AbstractConnector (AbstractConnector.java:doStart(278)) - Started ServerConnector@49798e84{HTTP/1.1,[http/1.1]}{0.0.0.0:42968}
2019-09-20 09:11:29,781 [main] INFO  server.Server (Server.java:doStart(419)) - Started @5113ms
2019-09-20 09:11:29,782 [main] INFO  server.BaseHttpServer (BaseHttpServer.java:updateConnectorAddress(213)) - HTTP server of OZONEMANAGER is listening at http://0.0.0.0:42968
2019-09-20 09:11:30,166 [main] INFO  impl.MetricsSystemImpl (MetricsSystemImpl.java:init(158)) - HddsDatanode metrics system started (again)
2019-09-20 09:11:30,272 [main] INFO  ozone.HddsDatanodeService (HddsDatanodeService.java:start(184)) - HddsDatanodeService host:pr-hdds-2034-wmsbd-1222111393 ip:192.168.151.119
2019-09-20 09:11:30,305 [main] INFO  volume.HddsVolume (HddsVolume.java:<init>(176)) - Creating Volume: /workdir/hadoop-ozone/integration-test/target/test-dir/MiniOzoneClusterImpl-169db330-28bf-434e-a3f5-d57f96546497/datanode-0/data/containers/hdds of  storage type : DISK and capacity : 1482555576320
2019-09-20 09:11:30,307 [main] INFO  volume.VolumeSet (VolumeSet.java:initializeVolumeSet(170)) - Added Volume : /workdir/hadoop-ozone/integration-test/target/test-dir/MiniOzoneClusterImpl-169db330-28bf-434e-a3f5-d57f96546497/datanode-0/data/containers/hdds to VolumeSet
2019-09-20 09:11:30,310 [main] INFO  volume.ThrottledAsyncChecker (ThrottledAsyncChecker.java:schedule(140)) - Scheduling a check for org.apache.hadoop.ozone.container.common.volume.HddsVolume@31f20c9f
2019-09-20 09:11:30,328 [main] INFO  volume.HddsVolumeChecker (HddsVolumeChecker.java:checkAllVolumes(203)) - Scheduled health check for volume org.apache.hadoop.ozone.container.common.volume.HddsVolume@31f20c9f
2019-09-20 09:11:30,430 [main] INFO  impl.RaftServerProxy (ConfUtils.java:logGet(43)) - raft.rpc.type = GRPC (default)
2019-09-20 09:11:30,495 [main] INFO  grpc.GrpcFactory (GrpcFactory.java:checkPooledByteBufAllocatorUseCacheForAllThreads(45)) - PERFORMANCE WARNING: useCacheForAllThreads is true that may cause Netty to create a lot garbage objects and, as a result, trigger GC.
	It is recommended to disable useCacheForAllThreads by setting -Dorg.apache.ratis.thirdparty.io.netty.allocator.useCacheForAllThreads=false in command line.
2019-09-20 09:11:30,504 [main] INFO  grpc.GrpcConfigKeys$Server (ConfUtils.java:logGet(43)) - raft.grpc.server.port = 0 (default)
2019-09-20 09:11:30,506 [main] INFO  server.GrpcService (ConfUtils.java:logGet(43)) - raft.grpc.message.size.max = 33570816 (custom)
2019-09-20 09:11:30,509 [main] INFO  server.RaftServerConfigKeys (ConfUtils.java:logGet(43)) - raft.server.log.appender.buffer.byte-limit = 33554432 (custom)
2019-09-20 09:11:30,511 [main] INFO  server.GrpcService (ConfUtils.java:logGet(43)) - raft.grpc.flow.control.window = 1MB (=1048576) (default)
2019-09-20 09:11:30,512 [main] INFO  server.RaftServerConfigKeys (ConfUtils.java:logGet(43)) - raft.server.rpc.request.timeout = 3000ms (default)
2019-09-20 09:11:30,700 [main] INFO  server.RaftServerConfigKeys (ConfUtils.java:logGet(43)) - raft.server.storage.dir = [/workdir/hadoop-ozone/integration-test/target/test-dir/MiniOzoneClusterImpl-169db330-28bf-434e-a3f5-d57f96546497/datanode-0/data/ratis] (custom)
2019-09-20 09:11:30,737 [main] INFO  replication.SimpleContainerDownloader (SimpleContainerDownloader.java:<init>(72)) - Starting container downloader service to copy containers to replicate.
2019-09-20 09:11:30,764 [main] INFO  hdfs.DFSUtil (DFSUtil.java:httpServerTemplateForNNAndJN(1641)) - Starting Web-server for hddsDatanode at: http://0.0.0.0:0
2019-09-20 09:11:30,767 [main] INFO  server.AuthenticationFilter (AuthenticationFilter.java:constructSecretProvider(240)) - Unable to initialize FileSignerSecretProvider, falling back to use random secrets.
2019-09-20 09:11:30,767 [main] WARN  http.HttpRequestLog (HttpRequestLog.java:getRequestLog(97)) - Jetty request log can only be enabled using Log4j
2019-09-20 09:11:30,771 [main] INFO  http.HttpServer2 (HttpServer2.java:addGlobalFilter(975)) - Added global filter 'safety' (class=org.apache.hadoop.http.HttpServer2$QuotingInputFilter)
2019-09-20 09:11:30,772 [main] INFO  http.HttpServer2 (HttpServer2.java:addFilter(948)) - Added filter static_user_filter (class=org.apache.hadoop.http.lib.StaticUserWebFilter$StaticUserFilter) to context hddsDatanode
2019-09-20 09:11:30,772 [main] INFO  http.HttpServer2 (HttpServer2.java:addFilter(958)) - Added filter static_user_filter (class=org.apache.hadoop.http.lib.StaticUserWebFilter$StaticUserFilter) to context static
2019-09-20 09:11:30,772 [main] INFO  http.HttpServer2 (HttpServer2.java:addFilter(958)) - Added filter static_user_filter (class=org.apache.hadoop.http.lib.StaticUserWebFilter$StaticUserFilter) to context logs
2019-09-20 09:11:30,774 [main] INFO  http.HttpServer2 (HttpServer2.java:bindListener(1191)) - Jetty bound to port 34217
2019-09-20 09:11:30,774 [main] INFO  server.Server (Server.java:doStart(351)) - jetty-9.3.24.v20180605, build timestamp: 2018-06-05T17:11:56Z, git hash: 84205aa28f11a4f31f2a3b86d1bba2cc8ab69827
2019-09-20 09:11:30,779 [main] INFO  handler.ContextHandler (ContextHandler.java:doStart(781)) - Started o.e.j.s.ServletContextHandler@67514bdd{/logs,file:///workdir/hadoop-ozone/integration-test/target/log,AVAILABLE}
2019-09-20 09:11:30,779 [main] INFO  handler.ContextHandler (ContextHandler.java:doStart(781)) - Started o.e.j.s.ServletContextHandler@7f5538a1{/static,jar:file:/home/user/.m2/repository/org/apache/hadoop/hadoop-hdds-container-service/0.5.0-SNAPSHOT/hadoop-hdds-container-service-0.5.0-SNAPSHOT.jar!/webapps/static,AVAILABLE}
2019-09-20 09:11:30,833 [main] INFO  handler.ContextHandler (ContextHandler.java:doStart(781)) - Started o.e.j.w.WebAppContext@6e4c0d8c{/,file:///tmp/jetty-0.0.0.0-34217-hddsDatanode-_-any-6402662567407650196.dir/webapp/,AVAILABLE}{/hddsDatanode}
2019-09-20 09:11:30,834 [main] INFO  server.AbstractConnector (AbstractConnector.java:doStart(278)) - Started ServerConnector@3e3315d9{HTTP/1.1,[http/1.1]}{0.0.0.0:34217}
2019-09-20 09:11:30,835 [main] INFO  server.Server (Server.java:doStart(419)) - Started @6166ms
2019-09-20 09:11:30,837 [main] INFO  server.BaseHttpServer (BaseHttpServer.java:updateConnectorAddress(213)) - HTTP server of HDDSDATANODE is listening at http://0.0.0.0:34217
2019-09-20 09:11:31,890 | INFO  | ObjectStoreRestHttpServer | Listening HDDS REST traffic on /0.0.0.0:44964 |  
2019-09-20 09:11:31,899 [main] INFO  ozone.HddsDatanodeService (HddsDatanodeService.java:startPlugins(395)) - Started plug-in org.apache.hadoop.ozone.web.OzoneHddsDatanodeService@6d293993
2019-09-20 09:11:31,902 [main] INFO  ozone.MiniOzoneClusterImpl (MiniOzoneClusterImpl.java:lambda$waitForClusterToBeReady$0(145)) - Waiting for nodes to be ready. Got 0 of 1 DN Heartbeats.
2019-09-20 09:11:31,902 [main] INFO  ozone.MiniOzoneClusterImpl (MiniOzoneClusterImpl.java:lambda$waitForClusterToBeReady$0(148)) - Waiting for cluster to exit safe mode
2019-09-20 09:11:31,908 [org.apache.hadoop.util.JvmPauseMonitor$Monitor@41bfc559] INFO  util.JvmPauseMonitor (JvmPauseMonitor.java:run(188)) - Starting JVM pause monitor
2019-09-20 09:11:32,010 [Datanode State Machine Thread - 0] INFO  datanode.InitDatanodeState (InitDatanodeState.java:persistContainerDatanodeDetails(140)) - DatanodeDetails is persisted to /workdir/hadoop-ozone/integration-test/target/test-dir/MiniOzoneClusterImpl-169db330-28bf-434e-a3f5-d57f96546497/datanode-0/meta/datanode.id
2019-09-20 09:11:32,903 [main] INFO  ozone.MiniOzoneClusterImpl (MiniOzoneClusterImpl.java:lambda$waitForClusterToBeReady$0(145)) - Waiting for nodes to be ready. Got 0 of 1 DN Heartbeats.
2019-09-20 09:11:32,903 [main] INFO  ozone.MiniOzoneClusterImpl (MiniOzoneClusterImpl.java:lambda$waitForClusterToBeReady$0(148)) - Waiting for cluster to exit safe mode
2019-09-20 09:11:33,904 [main] INFO  ozone.MiniOzoneClusterImpl (MiniOzoneClusterImpl.java:lambda$waitForClusterToBeReady$0(145)) - Waiting for nodes to be ready. Got 0 of 1 DN Heartbeats.
2019-09-20 09:11:33,904 [main] INFO  ozone.MiniOzoneClusterImpl (MiniOzoneClusterImpl.java:lambda$waitForClusterToBeReady$0(148)) - Waiting for cluster to exit safe mode
2019-09-20 09:11:34,128 | INFO  | SCMAudit | user=jenkins1000 | ip=192.168.151.119 | op=GET_VERSION null | ret=SUCCESS |  
2019-09-20 09:11:34,155 [Datanode State Machine Thread - 0] INFO  ozoneimpl.OzoneContainer (OzoneContainer.java:start(186)) - Attempting to start container services.
2019-09-20 09:11:34,157 [Datanode State Machine Thread - 0] INFO  ozoneimpl.OzoneContainer (OzoneContainer.java:startContainerScrub(160)) - Background container scrubber has been disabled by hdds.containerscrub.enabled
2019-09-20 09:11:34,157 [Datanode State Machine Thread - 0] INFO  ratis.XceiverServerRatis (XceiverServerRatis.java:start(404)) - Starting XceiverServerRatis 244cdd5c-3558-4577-8146-15a3e7a5ffb6 at port 0
2019-09-20 09:11:34,180 [Datanode State Machine Thread - 0] INFO  impl.RaftServerProxy (RaftServerProxy.java:lambda$start$3(299)) - 244cdd5c-3558-4577-8146-15a3e7a5ffb6: start RPC server
2019-09-20 09:11:34,307 [Datanode State Machine Thread - 0] INFO  server.GrpcService (GrpcService.java:startImpl(149)) - 244cdd5c-3558-4577-8146-15a3e7a5ffb6: GrpcService started, listening on 0.0.0.0/0.0.0.0:43407
2019-09-20 09:11:34,308 [Datanode State Machine Thread - 0] INFO  ratis.XceiverServerRatis (XceiverServerRatis.java:start(414)) - XceiverServerRatis 244cdd5c-3558-4577-8146-15a3e7a5ffb6 is started using port 43407
2019-09-20 09:11:34,310 [Datanode State Machine Thread - 0] INFO  server.XceiverServerGrpc (XceiverServerGrpc.java:start(163)) - XceiverServerGrpc 244cdd5c-3558-4577-8146-15a3e7a5ffb6 is started using port 41270
2019-09-20 09:11:34,905 [main] INFO  ozone.MiniOzoneClusterImpl (MiniOzoneClusterImpl.java:lambda$waitForClusterToBeReady$0(145)) - Waiting for nodes to be ready. Got 0 of 1 DN Heartbeats.
2019-09-20 09:11:34,905 [main] INFO  ozone.MiniOzoneClusterImpl (MiniOzoneClusterImpl.java:lambda$waitForClusterToBeReady$0(148)) - Waiting for cluster to exit safe mode
2019-09-20 09:11:35,906 [main] INFO  ozone.MiniOzoneClusterImpl (MiniOzoneClusterImpl.java:lambda$waitForClusterToBeReady$0(145)) - Waiting for nodes to be ready. Got 0 of 1 DN Heartbeats.
2019-09-20 09:11:35,906 [main] INFO  ozone.MiniOzoneClusterImpl (MiniOzoneClusterImpl.java:lambda$waitForClusterToBeReady$0(148)) - Waiting for cluster to exit safe mode
2019-09-20 09:11:35,951 [IPC Server handler 19 on 41395] INFO  net.NetworkTopology (NetworkTopologyImpl.java:add(110)) - Added a new node: /default-rack/244cdd5c-3558-4577-8146-15a3e7a5ffb6
2019-09-20 09:11:35,952 [IPC Server handler 19 on 41395] INFO  node.SCMNodeManager (SCMNodeManager.java:register(273)) - Registered Data node : 244cdd5c-3558-4577-8146-15a3e7a5ffb6{ip: 192.168.151.119, host: pr-hdds-2034-wmsbd-1222111393, networkLocation: /default-rack, certSerialId: null}
2019-09-20 09:11:35,958 [EventQueue-NodeRegistrationContainerReportForContainerSafeModeRule] INFO  safemode.SCMSafeModeManager (SCMSafeModeManager.java:validateSafeModeExitRules(169)) - ContainerSafeModeRule rule is successfully validated
2019-09-20 09:11:35,958 [EventQueue-NodeRegistrationContainerReportForDataNodeSafeModeRule] INFO  safemode.SCMSafeModeManager (DataNodeSafeModeRule.java:process(71)) - SCM in safe mode. 1 DataNodes registered, 1 required.
2019-09-20 09:11:35,958 [EventQueue-NodeRegistrationContainerReportForDataNodeSafeModeRule] INFO  safemode.SCMSafeModeManager (SCMSafeModeManager.java:validateSafeModeExitRules(169)) - DataNodeSafeModeRule rule is successfully validated
2019-09-20 09:11:35,963 [RatisPipelineUtilsThread] INFO  pipeline.RatisPipelineProvider (RatisPipelineProvider.java:lambda$create$4(164)) - Send pipeline:PipelineID=5c8a5299-3384-406a-b161-0367664f1180 create command to datanode 244cdd5c-3558-4577-8146-15a3e7a5ffb6
2019-09-20 09:11:35,970 | INFO  | SCMAudit | user=jenkins1000 | ip=192.168.151.119 | op=REGISTER {datanodeDetails=244cdd5c-3558-4577-8146-15a3e7a5ffb6{ip: 192.168.151.119, host: pr-hdds-2034-wmsbd-1222111393, networkLocation: /default-rack, certSerialId: null}} | ret=SUCCESS |  
2019-09-20 09:11:36,907 [main] INFO  ozone.MiniOzoneClusterImpl (MiniOzoneClusterImpl.java:lambda$waitForClusterToBeReady$0(145)) - Nodes are ready. Got 1 of 1 DN Heartbeats.
2019-09-20 09:11:36,908 [main] INFO  ozone.MiniOzoneClusterImpl (MiniOzoneClusterImpl.java:lambda$waitForClusterToBeReady$0(148)) - Waiting for cluster to exit safe mode
2019-09-20 09:11:37,908 [main] INFO  ozone.MiniOzoneClusterImpl (MiniOzoneClusterImpl.java:lambda$waitForClusterToBeReady$0(145)) - Nodes are ready. Got 1 of 1 DN Heartbeats.
2019-09-20 09:11:37,909 [main] INFO  ozone.MiniOzoneClusterImpl (MiniOzoneClusterImpl.java:lambda$waitForClusterToBeReady$0(148)) - Waiting for cluster to exit safe mode
2019-09-20 09:11:38,001 | INFO  | SCMAudit | user=jenkins1000 | ip=192.168.151.119 | op=SEND_HEARTBEAT {datanodeUUID=244cdd5c-3558-4577-8146-15a3e7a5ffb6, command=[commandType: createPipelineCommand createPipelineCommandProto { pipelineID { id: "5c8a5299-3384-406a-b161-0367664f1180" } type: RATIS factor: ONE datanode { uuid: "244cdd5c-3558-4577-8146-15a3e7a5ffb6" ipAddress: "192.168.151.119" hostName: "pr-hdds-2034-wmsbd-1222111393" ports { name: "REST" value: 44964 } ports { name: "RATIS" value: 43407 } ports { name: "STANDALONE" value: 41270 } networkName: "244cdd5c-3558-4577-8146-15a3e7a5ffb6" networkLocation: "/default-rack" } cmdId: 1568970695963 } ]} | ret=SUCCESS |  
2019-09-20 09:11:38,110 | INFO  | SCMAudit | user=jenkins1000 | ip=192.168.151.119 | op=SEND_HEARTBEAT {datanodeUUID=244cdd5c-3558-4577-8146-15a3e7a5ffb6, command=[]} | ret=SUCCESS |  
2019-09-20 09:11:38,310 | INFO  | SCMAudit | user=jenkins1000 | ip=192.168.151.119 | op=SEND_HEARTBEAT {datanodeUUID=244cdd5c-3558-4577-8146-15a3e7a5ffb6, command=[]} | ret=SUCCESS |  
2019-09-20 09:11:38,511 | INFO  | SCMAudit | user=jenkins1000 | ip=192.168.151.119 | op=SEND_HEARTBEAT {datanodeUUID=244cdd5c-3558-4577-8146-15a3e7a5ffb6, command=[]} | ret=SUCCESS |  
2019-09-20 09:11:38,711 | INFO  | SCMAudit | user=jenkins1000 | ip=192.168.151.119 | op=SEND_HEARTBEAT {datanodeUUID=244cdd5c-3558-4577-8146-15a3e7a5ffb6, command=[]} | ret=SUCCESS |  
2019-09-20 09:11:38,910 [main] INFO  ozone.MiniOzoneClusterImpl (MiniOzoneClusterImpl.java:lambda$waitForClusterToBeReady$0(145)) - Nodes are ready. Got 1 of 1 DN Heartbeats.
2019-09-20 09:11:38,911 [main] INFO  ozone.MiniOzoneClusterImpl (MiniOzoneClusterImpl.java:lambda$waitForClusterToBeReady$0(148)) - Waiting for cluster to exit safe mode
2019-09-20 09:11:38,911 | INFO  | SCMAudit | user=jenkins1000 | ip=192.168.151.119 | op=SEND_HEARTBEAT {datanodeUUID=244cdd5c-3558-4577-8146-15a3e7a5ffb6, command=[]} | ret=SUCCESS |  
2019-09-20 09:11:39,110 | INFO  | SCMAudit | user=jenkins1000 | ip=192.168.151.119 | op=SEND_HEARTBEAT {datanodeUUID=244cdd5c-3558-4577-8146-15a3e7a5ffb6, command=[]} | ret=SUCCESS |  
2019-09-20 09:11:39,638 | INFO  | SCMAudit | user=jenkins1000 | ip=192.168.151.119 | op=SEND_HEARTBEAT {datanodeUUID=244cdd5c-3558-4577-8146-15a3e7a5ffb6, command=[]} | ret=SUCCESS |  
2019-09-20 09:11:39,830 | INFO  | SCMAudit | user=jenkins1000 | ip=192.168.151.119 | op=SEND_HEARTBEAT {datanodeUUID=244cdd5c-3558-4577-8146-15a3e7a5ffb6, command=[]} | ret=SUCCESS |  
2019-09-20 09:11:39,911 [main] INFO  ozone.MiniOzoneClusterImpl (MiniOzoneClusterImpl.java:lambda$waitForClusterToBeReady$0(145)) - Nodes are ready. Got 1 of 1 DN Heartbeats.
2019-09-20 09:11:39,912 [main] INFO  ozone.MiniOzoneClusterImpl (MiniOzoneClusterImpl.java:lambda$waitForClusterToBeReady$0(148)) - Waiting for cluster to exit safe mode
2019-09-20 09:11:39,929 [grpc-default-executor-0] INFO  impl.RaftServerProxy (RaftServerProxy.java:addNew(89)) - 244cdd5c-3558-4577-8146-15a3e7a5ffb6: addNew group-0367664F1180:[244cdd5c-3558-4577-8146-15a3e7a5ffb6:192.168.151.119:43407] returns group-0367664F1180:java.util.concurrent.CompletableFuture@5289094a[Not completed]
2019-09-20 09:11:39,946 [pool-27-thread-1] INFO  impl.RaftServerImpl (RaftServerImpl.java:<init>(93)) - 244cdd5c-3558-4577-8146-15a3e7a5ffb6: new RaftServerImpl for group-0367664F1180:[244cdd5c-3558-4577-8146-15a3e7a5ffb6:192.168.151.119:43407] with ContainerStateMachine:uninitialized
2019-09-20 09:11:39,949 [pool-27-thread-1] INFO  server.RaftServerConfigKeys (ConfUtils.java:logGet(43)) - raft.server.rpc.timeout.min = 5s (custom)
2019-09-20 09:11:39,950 [pool-27-thread-1] INFO  server.RaftServerConfigKeys (ConfUtils.java:logGet(43)) - raft.server.rpc.timeout.max = 5200ms (custom)
2019-09-20 09:11:39,951 [pool-27-thread-1] INFO  server.RaftServerConfigKeys (ConfUtils.java:logGet(43)) - raft.server.rpcslowness.timeout = 120s (custom)
2019-09-20 09:11:39,952 [pool-27-thread-1] INFO  server.RaftServerConfigKeys (ConfUtils.java:logGet(43)) - raft.server.sleep.deviation.threshold = 300 (default)
2019-09-20 09:11:39,953 [pool-27-thread-1] INFO  server.RaftServerConfigKeys (ConfUtils.java:logGet(43)) - raft.server.log.appender.install.snapshot.enabled = false (custom)
2019-09-20 09:11:39,962 [pool-27-thread-1] INFO  impl.RaftServerImpl (ServerState.java:<init>(105)) - 244cdd5c-3558-4577-8146-15a3e7a5ffb6:group-0367664F1180 ConfigurationManager, init=-1: [244cdd5c-3558-4577-8146-15a3e7a5ffb6:192.168.151.119:43407], old=null, confs=<EMPTY_MAP>
2019-09-20 09:11:39,962 [pool-27-thread-1] INFO  server.RaftServerConfigKeys (ConfUtils.java:logGet(43)) - raft.server.storage.dir = [/workdir/hadoop-ozone/integration-test/target/test-dir/MiniOzoneClusterImpl-169db330-28bf-434e-a3f5-d57f96546497/datanode-0/data/ratis] (custom)
2019-09-20 09:11:39,971 [pool-27-thread-1] INFO  storage.RaftStorageDirectory (RaftStorageDirectory.java:analyzeStorage(246)) - The storage directory /workdir/hadoop-ozone/integration-test/target/test-dir/MiniOzoneClusterImpl-169db330-28bf-434e-a3f5-d57f96546497/datanode-0/data/ratis/5c8a5299-3384-406a-b161-0367664f1180 does not exist. Creating ...
2019-09-20 09:11:39,989 [pool-27-thread-1] INFO  storage.RaftStorageDirectory (RaftStorageDirectory.java:tryLock(328)) - Lock on /workdir/hadoop-ozone/integration-test/target/test-dir/MiniOzoneClusterImpl-169db330-28bf-434e-a3f5-d57f96546497/datanode-0/data/ratis/5c8a5299-3384-406a-b161-0367664f1180/in_use.lock acquired by nodename 5927@pr-hdds-2034-wmsbd-1222111393
2019-09-20 09:11:40,005 [pool-27-thread-1] INFO  storage.RaftStorage (RaftStorage.java:format(72)) - Storage directory /workdir/hadoop-ozone/integration-test/target/test-dir/MiniOzoneClusterImpl-169db330-28bf-434e-a3f5-d57f96546497/datanode-0/data/ratis/5c8a5299-3384-406a-b161-0367664f1180 has been successfully formatted.
2019-09-20 09:11:40,007 [pool-27-thread-1] INFO  ratis.ContainerStateMachine (ContainerStateMachine.java:loadSnapshot(226)) - group-0367664F1180: The snapshot info is null. Setting the last applied indexto:(t:0, i:~)
2019-09-20 09:11:40,008 [pool-27-thread-1] INFO  server.RaftServerConfigKeys (ConfUtils.java:logGet(43)) - raft.server.leader.election.timeout = 120s (custom)
2019-09-20 09:11:40,010 [pool-27-thread-1] INFO  server.RaftServerConfigKeys (ConfUtils.java:logGet(43)) - raft.server.log.use.memory = false (default)
2019-09-20 09:11:40,016 [pool-27-thread-1] INFO  server.RaftServerConfigKeys (ConfUtils.java:logGet(43)) - raft.server.log.purge.gap = 1000000 (custom)
2019-09-20 09:11:40,016 [pool-27-thread-1] INFO  server.RaftServerConfigKeys (ConfUtils.java:logGet(43)) - raft.server.log.appender.buffer.byte-limit = 33554432 (custom)
2019-09-20 09:11:40,018 [pool-27-thread-1] INFO  server.RaftServerConfigKeys (ConfUtils.java:logGet(43)) - raft.server.log.segment.size.max = 1048576 (custom)
2019-09-20 09:11:40,023 [pool-27-thread-1] INFO  server.RaftServerConfigKeys (ConfUtils.java:logGet(43)) - raft.server.log.segment.cache.num.max = 2 (custom)
2019-09-20 09:11:40,030 | INFO  | SCMAudit | user=jenkins1000 | ip=192.168.151.119 | op=SEND_HEARTBEAT {datanodeUUID=244cdd5c-3558-4577-8146-15a3e7a5ffb6, command=[]} | ret=SUCCESS |  
2019-09-20 09:11:40,031 [pool-27-thread-1] INFO  segmented.SegmentedRaftLogWorker (SegmentedRaftLogWorker.java:<init>(172)) - new 244cdd5c-3558-4577-8146-15a3e7a5ffb6-SegmentedRaftLogWorker:Storage Directory /workdir/hadoop-ozone/integration-test/target/test-dir/MiniOzoneClusterImpl-169db330-28bf-434e-a3f5-d57f96546497/datanode-0/data/ratis/5c8a5299-3384-406a-b161-0367664f1180 for RaftStorage:Storage Directory /workdir/hadoop-ozone/integration-test/target/test-dir/MiniOzoneClusterImpl-169db330-28bf-434e-a3f5-d57f96546497/datanode-0/data/ratis/5c8a5299-3384-406a-b161-0367664f1180
2019-09-20 09:11:40,043 [pool-27-thread-1] INFO  server.RaftServerConfigKeys (ConfUtils.java:logGet(43)) - raft.server.log.queue.byte-limit = 2147483647 (custom)
2019-09-20 09:11:40,044 [pool-27-thread-1] INFO  server.RaftServerConfigKeys (ConfUtils.java:logGet(43)) - raft.server.log.queue.element-limit = 1024 (custom)
2019-09-20 09:11:40,049 [pool-27-thread-1] INFO  server.RaftServerConfigKeys (ConfUtils.java:logGet(43)) - raft.server.log.segment.size.max = 1048576 (custom)
2019-09-20 09:11:40,049 [pool-27-thread-1] INFO  server.RaftServerConfigKeys (ConfUtils.java:logGet(43)) - raft.server.log.preallocated.size = 16384 (custom)
2019-09-20 09:11:40,050 [pool-27-thread-1] INFO  server.RaftServerConfigKeys (ConfUtils.java:logGet(43)) - raft.server.log.write.buffer.size = 33554432 (custom)
2019-09-20 09:11:40,050 [pool-27-thread-1] INFO  server.RaftServerConfigKeys (ConfUtils.java:logGet(43)) - raft.server.log.force.sync.num = 128 (default)
2019-09-20 09:11:40,051 [pool-27-thread-1] INFO  server.RaftServerConfigKeys (ConfUtils.java:logGet(43)) - raft.server.log.statemachine.data.sync = true (default)
2019-09-20 09:11:40,052 [pool-27-thread-1] INFO  server.RaftServerConfigKeys (ConfUtils.java:logGet(43)) - raft.server.log.statemachine.data.sync.timeout = 10s (default)
2019-09-20 09:11:40,052 [pool-27-thread-1] INFO  server.RaftServerConfigKeys (ConfUtils.java:logGet(43)) - raft.server.log.statemachine.data.sync.timeout.retry = -1 (default)
2019-09-20 09:11:40,061 [pool-27-thread-1] INFO  server.RaftServerConfigKeys (ConfUtils.java:logGet(43)) - raft.server.log.statemachine.data.caching.enabled = true (custom)
2019-09-20 09:11:40,067 [pool-27-thread-1] INFO  segmented.SegmentedRaftLogWorker (SegmentedRaftLogWorker.java:lambda$new$0(132)) - 244cdd5c-3558-4577-8146-15a3e7a5ffb6-SegmentedRaftLogWorker:Storage Directory /workdir/hadoop-ozone/integration-test/target/test-dir/MiniOzoneClusterImpl-169db330-28bf-434e-a3f5-d57f96546497/datanode-0/data/ratis/5c8a5299-3384-406a-b161-0367664f1180: flushIndex: setUnconditionally 0 -> -1
2019-09-20 09:11:40,075 [pool-27-thread-1] INFO  server.RaftServerConfigKeys (ConfUtils.java:logGet(43)) - raft.server.snapshot.auto.trigger.enabled = true (custom)
2019-09-20 09:11:40,076 [pool-27-thread-1] INFO  server.RaftServerConfigKeys (ConfUtils.java:logGet(43)) - raft.server.snapshot.auto.trigger.threshold = 10000 (custom)
2019-09-20 09:11:40,077 [pool-27-thread-1] INFO  server.RaftServerConfigKeys (ConfUtils.java:logGet(43)) - raft.server.retrycache.expirytime = 600000ms (custom)
2019-09-20 09:11:40,107 [pool-27-thread-1] INFO  impl.RaftServerImpl (RaftServerImpl.java:start(180)) - 244cdd5c-3558-4577-8146-15a3e7a5ffb6: start group-0367664F1180
2019-09-20 09:11:40,109 [pool-27-thread-1] INFO  impl.RaftServerImpl (RaftServerImpl.java:setRole(171)) - 244cdd5c-3558-4577-8146-15a3e7a5ffb6:group-0367664F1180 changes role from null to FOLLOWER at term 0 for startAsFollower
2019-09-20 09:11:40,110 [pool-27-thread-1] INFO  impl.RoleInfo (RoleInfo.java:updateAndGet(143)) - 244cdd5c-3558-4577-8146-15a3e7a5ffb6: start FollowerState
2019-09-20 09:11:40,112 [pool-27-thread-1] INFO  util.JmxRegister (JmxRegister.java:tryRegister(44)) - Successfully registered JMX Bean with object name Ratis:service=RaftServer,group=group-0367664F1180,id=244cdd5c-3558-4577-8146-15a3e7a5ffb6
2019-09-20 09:11:40,165 [Command processor thread] INFO  commandhandler.CreatePipelineCommandHandler (CreatePipelineCommandHandler.java:handle(112)) - Create Pipeline RATIS ONE #PipelineID=5c8a5299-3384-406a-b161-0367664f1180 command succeed on datanode 244cdd5c-3558-4577-8146-15a3e7a5ffb6.
2019-09-20 09:11:40,230 | INFO  | SCMAudit | user=jenkins1000 | ip=192.168.151.119 | op=SEND_HEARTBEAT {datanodeUUID=244cdd5c-3558-4577-8146-15a3e7a5ffb6, command=[]} | ret=SUCCESS |  
2019-09-20 09:11:40,431 | INFO  | SCMAudit | user=jenkins1000 | ip=192.168.151.119 | op=SEND_HEARTBEAT {datanodeUUID=244cdd5c-3558-4577-8146-15a3e7a5ffb6, command=[]} | ret=SUCCESS |  
2019-09-20 09:11:40,433 [EventQueue-CreatePipelineStatusForSCMPipelineManager] INFO  pipeline.SCMPipelineManager (SCMPipelineManager.java:onMessage(479)) - receive pipeline PipelineID=5c8a5299-3384-406a-b161-0367664f1180 create status EXECUTED
2019-09-20 09:11:40,435 [EventQueue-CreatePipelineStatusForSCMPipelineManager] INFO  pipeline.PipelineStateManager (PipelineStateManager.java:openPipeline(134)) - Pipeline Pipeline[ Id: 5c8a5299-3384-406a-b161-0367664f1180, Nodes: 244cdd5c-3558-4577-8146-15a3e7a5ffb6{ip: 192.168.151.119, host: pr-hdds-2034-wmsbd-1222111393, networkLocation: /default-rack, certSerialId: null}, Type:RATIS, Factor:ONE, State:ALLOCATED] moved to OPEN state
add pipeline PipelineID=5c8a5299-3384-406a-b161-0367664f1180 to metrics map
2019-09-20 09:11:40,437 [EventQueue-OpenPipelineForOneReplicaPipelineSafeModeRule] INFO  safemode.OneReplicaPipelineSafeModeRule (OneReplicaPipelineSafeModeRule.java:validate(96)) - OneReplicaPipelineSafeModeRule rule satisfied
2019-09-20 09:11:40,437 [EventQueue-OpenPipelineForOneReplicaPipelineSafeModeRule] INFO  safemode.SCMSafeModeManager (SCMSafeModeManager.java:validateSafeModeExitRules(169)) - AtleastOneDatanodeReportedRule rule is successfully validated
2019-09-20 09:11:40,437 [EventQueue-OpenPipelineForHealthyPipelineSafeModeRule] INFO  safemode.SCMSafeModeManager (HealthyPipelineSafeModeRule.java:process(123)) - SCM in safe mode. Healthy pipelines reported count is 1, required healthy pipeline reported count is 1
2019-09-20 09:11:40,438 [EventQueue-OpenPipelineForHealthyPipelineSafeModeRule] INFO  safemode.HealthyPipelineSafeModeRule (HealthyPipelineSafeModeRule.java:validate(104)) - HealthyPipelineSafeModeRule rule satisfied
2019-09-20 09:11:40,438 [EventQueue-OpenPipelineForHealthyPipelineSafeModeRule] INFO  safemode.SCMSafeModeManager (SCMSafeModeManager.java:validateSafeModeExitRules(169)) - HealthyPipelineSafeModeRule rule is successfully validated
2019-09-20 09:11:40,438 [EventQueue-OpenPipelineForHealthyPipelineSafeModeRule] INFO  safemode.SCMSafeModeManager (SCMSafeModeManager.java:validateSafeModeExitRules(178)) - ScmSafeModeManager, all rules are successfully validated
2019-09-20 09:11:40,438 [EventQueue-OpenPipelineForHealthyPipelineSafeModeRule] INFO  safemode.SCMSafeModeManager (SCMSafeModeManager.java:exitSafeMode(194)) - SCM exiting safe mode.
2019-09-20 09:11:40,629 | INFO  | SCMAudit | user=jenkins1000 | ip=192.168.151.119 | op=SEND_HEARTBEAT {datanodeUUID=244cdd5c-3558-4577-8146-15a3e7a5ffb6, command=[]} | ret=SUCCESS |  
2019-09-20 09:11:40,830 | INFO  | SCMAudit | user=jenkins1000 | ip=192.168.151.119 | op=SEND_HEARTBEAT {datanodeUUID=244cdd5c-3558-4577-8146-15a3e7a5ffb6, command=[]} | ret=SUCCESS |  
2019-09-20 09:11:40,912 [main] INFO  ozone.MiniOzoneClusterImpl (MiniOzoneClusterImpl.java:lambda$waitForClusterToBeReady$0(145)) - Nodes are ready. Got 1 of 1 DN Heartbeats.
2019-09-20 09:11:40,913 [main] INFO  ozone.MiniOzoneClusterImpl (MiniOzoneClusterImpl.java:lambda$waitForClusterToBeReady$0(148)) - Cluster exits safe mode
2019-09-20 09:11:40,913 [main] INFO  om.OzoneManager (OzoneManager.java:readKeyPair(880)) - Reading keypair and certificate from file system.
2019-09-20 09:11:40,913 [main] INFO  om.OzoneManager (OzoneManager.java:startSecretManager(846)) - Starting OM block token secret manager
2019-09-20 09:11:40,914 [main] INFO  security.OzoneBlockTokenSecretManager (OzoneSecretManager.java:updateCurrentKey(167)) - Updating the current master key for generating tokens
2019-09-20 09:11:41,029 | INFO  | SCMAudit | user=jenkins1000 | ip=192.168.151.119 | op=SEND_HEARTBEAT {datanodeUUID=244cdd5c-3558-4577-8146-15a3e7a5ffb6, command=[]} | ret=SUCCESS |  
2019-09-20 09:11:41,233 | INFO  | SCMAudit | user=jenkins1000 | ip=192.168.151.119 | op=SEND_HEARTBEAT {datanodeUUID=244cdd5c-3558-4577-8146-15a3e7a5ffb6, command=[]} | ret=SUCCESS |  
2019-09-20 09:11:41,239 [main] INFO  rpc.RpcClient (RpcClient.java:createVolume(293)) - Creating Volume: testcontainerstatemachinefailures, with jenkins1000 as owner.
2019-09-20 09:11:41,263 | INFO  | OMAudit | user=jenkins1000 | ip=127.0.0.1 | op=CREATE_VOLUME {admin=jenkins1000, owner=jenkins1000, volume=testcontainerstatemachinefailures, creationTime=1568970701259, quotaInBytes=1152921504606846976} | ret=SUCCESS |  
2019-09-20 09:11:41,275 | INFO  | OMAudit | user=jenkins1000 | ip=127.0.0.1 | op=READ_VOLUME {volume=testcontainerstatemachinefailures} | ret=SUCCESS |  
2019-09-20 09:11:41,282 [main] INFO  rpc.RpcClient (RpcClient.java:createBucket(432)) - Creating Bucket: testcontainerstatemachinefailures/testcontainerstatemachinefailures, with Versioning false and Storage Type set to DISK and Encryption set to false 
2019-09-20 09:11:41,298 | INFO  | OMAudit | user=jenkins1000 | ip=127.0.0.1 | op=CREATE_BUCKET {volume=testcontainerstatemachinefailures, bucket=testcontainerstatemachinefailures, acls=[user:jenkins1000:a[ACCESS], group:default:a[ACCESS]], isVersionEnabled=false, storageType=DISK, creationTime=0} | ret=SUCCESS |  
2019-09-20 09:11:41,305 | INFO  | OMAudit | user=jenkins1000 | ip=127.0.0.1 | op=READ_VOLUME {volume=testcontainerstatemachinefailures} | ret=SUCCESS |  
2019-09-20 09:11:41,312 | INFO  | OMAudit | user=jenkins1000 | ip=127.0.0.1 | op=READ_BUCKET {volume=testcontainerstatemachinefailures, bucket=testcontainerstatemachinefailures} | ret=SUCCESS |  
2019-09-20 09:11:41,399 | INFO  | SCMAudit | user=jenkins1000 | ip=192.168.151.119 | op=ALLOCATE_BLOCK {owner=478c8e5c-0d80-4e15-8ef2-e35a102890fb, size=4194304, type=RATIS, factor=ONE} | ret=SUCCESS |  
2019-09-20 09:11:41,429 | INFO  | SCMAudit | user=jenkins1000 | ip=192.168.151.119 | op=SEND_HEARTBEAT {datanodeUUID=244cdd5c-3558-4577-8146-15a3e7a5ffb6, command=[]} | ret=SUCCESS |  
2019-09-20 09:11:41,450 | INFO  | OMAudit | user=jenkins1000 | ip=127.0.0.1 | op=ALLOCATE_KEY {volume=testcontainerstatemachinefailures, bucket=testcontainerstatemachinefailures, key=ratis, dataSize=1024, replicationType=RATIS, replicationFactor=ONE, keyLocationInfo=null} | ret=SUCCESS |  
2019-09-20 09:11:41,489 [main] INFO  impl.MetricsSystemImpl (MetricsSystemImpl.java:init(158)) - XceiverClientMetrics metrics system started (again)
2019-09-20 09:11:41,607 [grpc-default-executor-0] INFO  client.GrpcClientProtocolClient (GrpcClientProtocolClient.java:onNext(255)) - client-91CF34792233->244cdd5c-3558-4577-8146-15a3e7a5ffb6: receive RaftClientReply:client-91CF34792233->244cdd5c-3558-4577-8146-15a3e7a5ffb6@group-0367664F1180, cid=1, FAILED org.apache.ratis.protocol.NotLeaderException: Server 244cdd5c-3558-4577-8146-15a3e7a5ffb6 is not the leader (null). Request must be sent to leader., logIndex=0, commits[244cdd5c-3558-4577-8146-15a3e7a5ffb6:c-1]
2019-09-20 09:11:41,629 | INFO  | SCMAudit | user=jenkins1000 | ip=192.168.151.119 | op=SEND_HEARTBEAT {datanodeUUID=244cdd5c-3558-4577-8146-15a3e7a5ffb6, command=[]} | ret=SUCCESS |  
2019-09-20 09:11:41,830 | INFO  | SCMAudit | user=jenkins1000 | ip=192.168.151.119 | op=SEND_HEARTBEAT {datanodeUUID=244cdd5c-3558-4577-8146-15a3e7a5ffb6, command=[]} | ret=SUCCESS |  
2019-09-20 09:11:42,029 | INFO  | SCMAudit | user=jenkins1000 | ip=192.168.151.119 | op=SEND_HEARTBEAT {datanodeUUID=244cdd5c-3558-4577-8146-15a3e7a5ffb6, command=[]} | ret=SUCCESS |  
2019-09-20 09:11:42,229 | INFO  | SCMAudit | user=jenkins1000 | ip=192.168.151.119 | op=SEND_HEARTBEAT {datanodeUUID=244cdd5c-3558-4577-8146-15a3e7a5ffb6, command=[]} | ret=SUCCESS |  
2019-09-20 09:11:42,430 | INFO  | SCMAudit | user=jenkins1000 | ip=192.168.151.119 | op=SEND_HEARTBEAT {datanodeUUID=244cdd5c-3558-4577-8146-15a3e7a5ffb6, command=[]} | ret=SUCCESS |  
2019-09-20 09:11:42,630 | INFO  | SCMAudit | user=jenkins1000 | ip=192.168.151.119 | op=SEND_HEARTBEAT {datanodeUUID=244cdd5c-3558-4577-8146-15a3e7a5ffb6, command=[]} | ret=SUCCESS |  
2019-09-20 09:11:42,830 | INFO  | SCMAudit | user=jenkins1000 | ip=192.168.151.119 | op=SEND_HEARTBEAT {datanodeUUID=244cdd5c-3558-4577-8146-15a3e7a5ffb6, command=[]} | ret=SUCCESS |  
2019-09-20 09:11:43,029 | INFO  | SCMAudit | user=jenkins1000 | ip=192.168.151.119 | op=SEND_HEARTBEAT {datanodeUUID=244cdd5c-3558-4577-8146-15a3e7a5ffb6, command=[]} | ret=SUCCESS |  
2019-09-20 09:11:43,230 | INFO  | SCMAudit | user=jenkins1000 | ip=192.168.151.119 | op=SEND_HEARTBEAT {datanodeUUID=244cdd5c-3558-4577-8146-15a3e7a5ffb6, command=[]} | ret=SUCCESS |  
2019-09-20 09:11:43,431 | INFO  | SCMAudit | user=jenkins1000 | ip=192.168.151.119 | op=SEND_HEARTBEAT {datanodeUUID=244cdd5c-3558-4577-8146-15a3e7a5ffb6, command=[]} | ret=SUCCESS |  
2019-09-20 09:11:43,440 [Thread-154] INFO  container.ReplicationManager (ReplicationManager.java:start(151)) - Starting Replication Monitor Thread.
2019-09-20 09:11:43,448 [ReplicationMonitor] INFO  container.ReplicationManager (ReplicationManager.java:run(214)) - Replication Monitor Thread took 6 milliseconds for processing 1 containers.
2019-09-20 09:11:43,630 | INFO  | SCMAudit | user=jenkins1000 | ip=192.168.151.119 | op=SEND_HEARTBEAT {datanodeUUID=244cdd5c-3558-4577-8146-15a3e7a5ffb6, command=[]} | ret=SUCCESS |  
2019-09-20 09:11:43,649 [grpc-default-executor-2] INFO  client.GrpcClientProtocolClient (GrpcClientProtocolClient.java:onNext(255)) - client-91CF34792233->244cdd5c-3558-4577-8146-15a3e7a5ffb6: receive RaftClientReply:client-91CF34792233->244cdd5c-3558-4577-8146-15a3e7a5ffb6@group-0367664F1180, cid=1, FAILED org.apache.ratis.protocol.NotLeaderException: Server 244cdd5c-3558-4577-8146-15a3e7a5ffb6 is not the leader (null). Request must be sent to leader., logIndex=0, commits[244cdd5c-3558-4577-8146-15a3e7a5ffb6:c-1]
2019-09-20 09:11:43,834 | INFO  | SCMAudit | user=jenkins1000 | ip=192.168.151.119 | op=SEND_HEARTBEAT {datanodeUUID=244cdd5c-3558-4577-8146-15a3e7a5ffb6, command=[]} | ret=SUCCESS |  
2019-09-20 09:11:44,029 | INFO  | SCMAudit | user=jenkins1000 | ip=192.168.151.119 | op=SEND_HEARTBEAT {datanodeUUID=244cdd5c-3558-4577-8146-15a3e7a5ffb6, command=[]} | ret=SUCCESS |  
2019-09-20 09:11:44,229 | INFO  | SCMAudit | user=jenkins1000 | ip=192.168.151.119 | op=SEND_HEARTBEAT {datanodeUUID=244cdd5c-3558-4577-8146-15a3e7a5ffb6, command=[]} | ret=SUCCESS |  
2019-09-20 09:11:44,429 | INFO  | SCMAudit | user=jenkins1000 | ip=192.168.151.119 | op=SEND_HEARTBEAT {datanodeUUID=244cdd5c-3558-4577-8146-15a3e7a5ffb6, command=[]} | ret=SUCCESS |  
2019-09-20 09:11:44,628 | INFO  | SCMAudit | user=jenkins1000 | ip=192.168.151.119 | op=SEND_HEARTBEAT {datanodeUUID=244cdd5c-3558-4577-8146-15a3e7a5ffb6, command=[]} | ret=SUCCESS |  
2019-09-20 09:11:44,829 | INFO  | SCMAudit | user=jenkins1000 | ip=192.168.151.119 | op=SEND_HEARTBEAT {datanodeUUID=244cdd5c-3558-4577-8146-15a3e7a5ffb6, command=[]} | ret=SUCCESS |  
2019-09-20 09:11:45,029 | INFO  | SCMAudit | user=jenkins1000 | ip=192.168.151.119 | op=SEND_HEARTBEAT {datanodeUUID=244cdd5c-3558-4577-8146-15a3e7a5ffb6, command=[]} | ret=SUCCESS |  
2019-09-20 09:11:45,230 | INFO  | SCMAudit | user=jenkins1000 | ip=192.168.151.119 | op=SEND_HEARTBEAT {datanodeUUID=244cdd5c-3558-4577-8146-15a3e7a5ffb6, command=[]} | ret=SUCCESS |  
2019-09-20 09:11:45,268 [Thread-147] INFO  impl.FollowerState (FollowerState.java:run(106)) - 244cdd5c-3558-4577-8146-15a3e7a5ffb6:group-0367664F1180 changes to CANDIDATE, lastRpcTime:5158, electionTimeout:5157ms
2019-09-20 09:11:45,269 [Thread-147] INFO  impl.RoleInfo (RoleInfo.java:shutdownFollowerState(121)) - 244cdd5c-3558-4577-8146-15a3e7a5ffb6: shutdown FollowerState
2019-09-20 09:11:45,270 [Thread-147] INFO  impl.RaftServerImpl (RaftServerImpl.java:setRole(171)) - 244cdd5c-3558-4577-8146-15a3e7a5ffb6:group-0367664F1180 changes role from FOLLOWER to CANDIDATE at term 0 for changeToCandidate
2019-09-20 09:11:45,276 [Thread-147] INFO  impl.RoleInfo (RoleInfo.java:updateAndGet(143)) - 244cdd5c-3558-4577-8146-15a3e7a5ffb6: start LeaderElection
2019-09-20 09:11:45,299 [244cdd5c-3558-4577-8146-15a3e7a5ffb6:group-0367664F1180:LeaderElection1] INFO  impl.LeaderElection (LeaderElection.java:askForVotes(181)) - 244cdd5c-3558-4577-8146-15a3e7a5ffb6:group-0367664F1180:LeaderElection1: begin an election at term 1 for -1: [244cdd5c-3558-4577-8146-15a3e7a5ffb6:192.168.151.119:43407], old=null
2019-09-20 09:11:45,303 [244cdd5c-3558-4577-8146-15a3e7a5ffb6:group-0367664F1180:LeaderElection1] INFO  impl.RoleInfo (RoleInfo.java:shutdownLeaderElection(134)) - 244cdd5c-3558-4577-8146-15a3e7a5ffb6: shutdown LeaderElection
2019-09-20 09:11:45,304 [244cdd5c-3558-4577-8146-15a3e7a5ffb6:group-0367664F1180:LeaderElection1] INFO  impl.RaftServerImpl (RaftServerImpl.java:setRole(171)) - 244cdd5c-3558-4577-8146-15a3e7a5ffb6:group-0367664F1180 changes role from CANDIDATE to LEADER at term 1 for changeToLeader
2019-09-20 09:11:45,304 [244cdd5c-3558-4577-8146-15a3e7a5ffb6:group-0367664F1180:LeaderElection1] INFO  impl.RaftServerImpl (ServerState.java:setLeader(263)) - 244cdd5c-3558-4577-8146-15a3e7a5ffb6:group-0367664F1180 change Leader from null to 244cdd5c-3558-4577-8146-15a3e7a5ffb6 at term 1 for becomeLeader, leader elected after 5296ms
2019-09-20 09:11:45,314 [244cdd5c-3558-4577-8146-15a3e7a5ffb6:group-0367664F1180:LeaderElection1] INFO  server.RaftServerConfigKeys (ConfUtils.java:logGet(43)) - raft.server.staging.catchup.gap = 1000 (default)
2019-09-20 09:11:45,314 [244cdd5c-3558-4577-8146-15a3e7a5ffb6:group-0367664F1180:LeaderElection1] INFO  server.RaftServerConfigKeys (ConfUtils.java:logGet(43)) - raft.server.rpc.sleep.time = 25ms (default)
2019-09-20 09:11:45,319 [244cdd5c-3558-4577-8146-15a3e7a5ffb6:group-0367664F1180:LeaderElection1] INFO  server.RaftServerConfigKeys (ConfUtils.java:logGet(43)) - raft.server.write.element-limit = 4096 (default)
2019-09-20 09:11:45,322 [244cdd5c-3558-4577-8146-15a3e7a5ffb6:group-0367664F1180:LeaderElection1] INFO  server.RaftServerConfigKeys (ConfUtils.java:logGet(43)) - raft.server.watch.timeout = 10s (default)
2019-09-20 09:11:45,322 [244cdd5c-3558-4577-8146-15a3e7a5ffb6:group-0367664F1180:LeaderElection1] INFO  server.RaftServerConfigKeys (ConfUtils.java:logGet(43)) - raft.server.watch.timeout.denomination = 1s (default)
2019-09-20 09:11:45,324 [244cdd5c-3558-4577-8146-15a3e7a5ffb6:group-0367664F1180:LeaderElection1] INFO  server.RaftServerConfigKeys (ConfUtils.java:logGet(43)) - raft.server.watch.element-limit = 65536 (default)
2019-09-20 09:11:45,333 [244cdd5c-3558-4577-8146-15a3e7a5ffb6:group-0367664F1180:LeaderElection1] INFO  impl.RoleInfo (RoleInfo.java:updateAndGet(143)) - 244cdd5c-3558-4577-8146-15a3e7a5ffb6: start LeaderState
2019-09-20 09:11:45,355 [244cdd5c-3558-4577-8146-15a3e7a5ffb6:group-0367664F1180:LeaderElection1] INFO  segmented.SegmentedRaftLogWorker (SegmentedRaftLogWorker.java:startLogSegment(380)) - 244cdd5c-3558-4577-8146-15a3e7a5ffb6-SegmentedRaftLogWorker:Storage Directory /workdir/hadoop-ozone/integration-test/target/test-dir/MiniOzoneClusterImpl-169db330-28bf-434e-a3f5-d57f96546497/datanode-0/data/ratis/5c8a5299-3384-406a-b161-0367664f1180: Starting segment from index:0
2019-09-20 09:11:45,365 [244cdd5c-3558-4577-8146-15a3e7a5ffb6:group-0367664F1180:LeaderElection1] INFO  impl.RaftServerImpl (ServerState.java:setRaftConf(361)) - 244cdd5c-3558-4577-8146-15a3e7a5ffb6:group-0367664F1180 set configuration 0: [244cdd5c-3558-4577-8146-15a3e7a5ffb6:192.168.151.119:43407], old=null at 0
2019-09-20 09:11:45,431 | INFO  | SCMAudit | user=jenkins1000 | ip=192.168.151.119 | op=SEND_HEARTBEAT {datanodeUUID=244cdd5c-3558-4577-8146-15a3e7a5ffb6, command=[]} | ret=SUCCESS |  
2019-09-20 09:11:45,532 [244cdd5c-3558-4577-8146-15a3e7a5ffb6-SegmentedRaftLogWorker:Storage Directory /workdir/hadoop-ozone/integration-test/target/test-dir/MiniOzoneClusterImpl-169db330-28bf-434e-a3f5-d57f96546497/datanode-0/data/ratis/5c8a5299-3384-406a-b161-0367664f1180] INFO  segmented.SegmentedRaftLogWorker (SegmentedRaftLogWorker.java:execute(569)) - 244cdd5c-3558-4577-8146-15a3e7a5ffb6-SegmentedRaftLogWorker:Storage Directory /workdir/hadoop-ozone/integration-test/target/test-dir/MiniOzoneClusterImpl-169db330-28bf-434e-a3f5-d57f96546497/datanode-0/data/ratis/5c8a5299-3384-406a-b161-0367664f1180: created new log segment /workdir/hadoop-ozone/integration-test/target/test-dir/MiniOzoneClusterImpl-169db330-28bf-434e-a3f5-d57f96546497/datanode-0/data/ratis/5c8a5299-3384-406a-b161-0367664f1180/current/log_inprogress_0
2019-09-20 09:11:45,631 | INFO  | SCMAudit | user=jenkins1000 | ip=192.168.151.119 | op=SEND_HEARTBEAT {datanodeUUID=244cdd5c-3558-4577-8146-15a3e7a5ffb6, command=[]} | ret=SUCCESS |  
2019-09-20 09:11:45,815 | INFO  | SCMAudit | user=jenkins1000 | ip=192.168.151.119 | op=SEND_HEARTBEAT {datanodeUUID=244cdd5c-3558-4577-8146-15a3e7a5ffb6, command=[]} | ret=SUCCESS |  
2019-09-20 09:11:45,850 | INFO  | DNAudit | user=null | ip=null | op=WRITE_CHUNK {blockData=conID: 1 locID: 102824063886753793 bcsId: 0} | ret=SUCCESS |  
2019-09-20 09:11:45,868 | INFO  | DNAudit | user=null | ip=null | op=WRITE_CHUNK {blockData=conID: 1 locID: 102824063886753793 bcsId: 0} | ret=SUCCESS |  
2019-09-20 09:11:45,883 [grpc-default-executor-2] INFO  client.GrpcClientProtocolClient (GrpcClientProtocolClient.java:onNext(255)) - client-91CF34792233->244cdd5c-3558-4577-8146-15a3e7a5ffb6: receive RaftClientReply:client-91CF34792233->244cdd5c-3558-4577-8146-15a3e7a5ffb6@group-0367664F1180, cid=1, SUCCESS, logIndex=1, commits[244cdd5c-3558-4577-8146-15a3e7a5ffb6:c1]
2019-09-20 09:11:45,982 | INFO  | DNAudit | user=null | ip=null | op=PUT_BLOCK {blockData=[blockId=conID: 1 locID: 102824063886753793 bcsId: 0,size=5]} | ret=SUCCESS |  
2019-09-20 09:11:45,989 [grpc-default-executor-2] INFO  client.GrpcClientProtocolClient (GrpcClientProtocolClient.java:onNext(255)) - client-91CF34792233->244cdd5c-3558-4577-8146-15a3e7a5ffb6: receive RaftClientReply:client-91CF34792233->244cdd5c-3558-4577-8146-15a3e7a5ffb6@group-0367664F1180, cid=2, SUCCESS, logIndex=3, commits[244cdd5c-3558-4577-8146-15a3e7a5ffb6:c4]
2019-09-20 09:11:46,005 [pool-26-thread-2] ERROR impl.ChunkManagerImpl (ChunkUtils.java:getChunkFile(234)) - Chunks path does not exist
2019-09-20 09:11:46,006 [pool-26-thread-2] INFO  keyvalue.KeyValueHandler (ContainerUtils.java:logAndReturnError(146)) - Operation: WriteChunk : Trace ID: 8bec179e994d4abe:8bec179e994d4abe:0:0 : Message: Unable to get Chunks directory. : Result: UNABLE_TO_FIND_DATA_DIR
2019-09-20 09:11:46,007 | ERROR | DNAudit | user=null | ip=null | op=PUT_BLOCK {blockData=[blockId=conID: 1 locID: 102824063886753793 bcsId: 0,size=10]} | ret=FAILURE | org.apache.hadoop.hdds.scm.container.common.helpers.ContainerNotOpenException: Container 1 in UNHEALTHY state
	at org.apache.hadoop.ozone.container.common.impl.HddsDispatcher.validateContainerCommand(HddsDispatcher.java:408)
	at org.apache.hadoop.ozone.container.common.transport.server.ratis.ContainerStateMachine.startTransaction(ContainerStateMachine.java:309) 
2019-09-20 09:11:46,008 [pool-26-thread-2] WARN  keyvalue.KeyValueHandler (KeyValueHandler.java:markContainerUnhealthy(909)) - Unexpected error while marking container 1 as unhealthy
org.apache.hadoop.hdds.scm.container.common.helpers.StorageContainerException: Error while creating/ updating .container file. ContainerID: 1
	at org.apache.hadoop.ozone.container.keyvalue.KeyValueContainer.writeToContainerFile(KeyValueContainer.java:233)
	at org.apache.hadoop.ozone.container.keyvalue.KeyValueContainer.updateContainerFile(KeyValueContainer.java:253)
	at org.apache.hadoop.ozone.container.keyvalue.KeyValueContainer.updateContainerData(KeyValueContainer.java:349)
	at org.apache.hadoop.ozone.container.keyvalue.KeyValueContainer.markContainerUnhealthy(KeyValueContainer.java:294)
	at org.apache.hadoop.ozone.container.keyvalue.KeyValueHandler.markContainerUnhealthy(KeyValueHandler.java:904)
	at org.apache.hadoop.ozone.container.common.impl.HddsDispatcher.dispatchRequest(HddsDispatcher.java:303)
	at org.apache.hadoop.ozone.container.common.impl.HddsDispatcher.dispatch(HddsDispatcher.java:148)
	at org.apache.hadoop.ozone.container.common.transport.server.ratis.ContainerStateMachine.dispatchCommand(ContainerStateMachine.java:395)
	at org.apache.hadoop.ozone.container.common.transport.server.ratis.ContainerStateMachine.runCommand(ContainerStateMachine.java:403)
	at org.apache.hadoop.ozone.container.common.transport.server.ratis.ContainerStateMachine.lambda$handleWriteChunk$1(ContainerStateMachine.java:435)
	at java.util.concurrent.CompletableFuture$AsyncSupply.run(CompletableFuture.java:1590)
	at java.util.concurrent.ThreadPoolExecutor.runWorker(ThreadPoolExecutor.java:1149)
	at java.util.concurrent.ThreadPoolExecutor$Worker.run(ThreadPoolExecutor.java:624)
	at java.lang.Thread.run(Thread.java:748)
Caused by: java.io.IOException: No such file or directory
	at java.io.UnixFileSystem.createFileExclusively(Native Method)
	at java.io.File.createTempFile(File.java:2024)
	at org.apache.hadoop.ozone.container.keyvalue.KeyValueContainer.createTempFile(KeyValueContainer.java:733)
	at org.apache.hadoop.ozone.container.keyvalue.KeyValueContainer.writeToContainerFile(KeyValueContainer.java:218)
	... 13 more
2019-09-20 09:11:46,013 | INFO  | SCMAudit | user=jenkins1000 | ip=192.168.151.119 | op=SEND_HEARTBEAT {datanodeUUID=244cdd5c-3558-4577-8146-15a3e7a5ffb6, command=[]} | ret=SUCCESS |  
2019-09-20 09:11:46,013 [EventQueue-IncrementalContainerReportForIncrementalContainerReportHandler] WARN  container.IncrementalContainerReportHandler (AbstractContainerReportHandler.java:updateContainerState(143)) - Container #1 is in OPEN state, but the datanode 244cdd5c-3558-4577-8146-15a3e7a5ffb6{ip: 192.168.151.119, host: pr-hdds-2034-wmsbd-1222111393, networkLocation: /default-rack, certSerialId: null} reports an UNHEALTHY replica.
2019-09-20 09:11:46,017 | ERROR | DNAudit | user=null | ip=null | op=WRITE_CHUNK {blockData=conID: 1 locID: 102824063886753793 bcsId: 3} | ret=FAILURE | java.lang.Exception: Unable to get Chunks directory.
	at org.apache.hadoop.ozone.container.common.impl.HddsDispatcher.dispatchRequest(HddsDispatcher.java:320)
	at org.apache.hadoop.ozone.container.common.impl.HddsDispatcher.dispatch(HddsDispatcher.java:148) 
2019-09-20 09:11:46,017 [pool-26-thread-2] ERROR ratis.ContainerStateMachine (ContainerStateMachine.java:lambda$handleWriteChunk$2(449)) - group-0367664F1180: writeChunk writeStateMachineData failed: blockIdcontainerID: 1
localID: 102824063886753793
blockCommitSequenceId: 3
 logIndex 5 chunkName 102824063886753793_chunk_2 Error message: Unable to get Chunks directory. Container Result: UNABLE_TO_FIND_DATA_DIR
2019-09-20 09:11:46,031 [244cdd5c-3558-4577-8146-15a3e7a5ffb6-SegmentedRaftLogWorker:Storage Directory /workdir/hadoop-ozone/integration-test/target/test-dir/MiniOzoneClusterImpl-169db330-28bf-434e-a3f5-d57f96546497/datanode-0/data/ratis/5c8a5299-3384-406a-b161-0367664f1180] ERROR ratis.XceiverServerRatis (XceiverServerRatis.java:triggerPipelineClose(561)) - pipeline Action CLOSE  on pipeline PipelineID=5c8a5299-3384-406a-b161-0367664f1180.Reason : Unable to get Chunks directory.
2019-09-20 09:11:46,037 | INFO  | SCMAudit | user=jenkins1000 | ip=192.168.151.119 | op=SEND_HEARTBEAT {datanodeUUID=244cdd5c-3558-4577-8146-15a3e7a5ffb6, command=[]} | ret=SUCCESS |  
2019-09-20 09:11:46,038 [EventQueue-PipelineActionsForPipelineActionHandler] ERROR pipeline.PipelineActionHandler (PipelineActionHandler.java:onMessage(60)) - Received pipeline action CLOSE for Pipeline[ Id: 5c8a5299-3384-406a-b161-0367664f1180, Nodes: 244cdd5c-3558-4577-8146-15a3e7a5ffb6{ip: 192.168.151.119, host: pr-hdds-2034-wmsbd-1222111393, networkLocation: /default-rack, certSerialId: null}, Type:RATIS, Factor:ONE, State:OPEN] from datanode 244cdd5c-3558-4577-8146-15a3e7a5ffb6{ip: 192.168.151.119, host: pr-hdds-2034-wmsbd-1222111393, networkLocation: /default-rack, certSerialId: null}. Reason : Unable to get Chunks directory.
2019-09-20 09:11:46,038 [EventQueue-PipelineActionsForPipelineActionHandler] INFO  pipeline.SCMPipelineManager (SCMPipelineManager.java:finalizeAndDestroyPipeline(346)) - destroying pipeline:Pipeline[ Id: 5c8a5299-3384-406a-b161-0367664f1180, Nodes: 244cdd5c-3558-4577-8146-15a3e7a5ffb6{ip: 192.168.151.119, host: pr-hdds-2034-wmsbd-1222111393, networkLocation: /default-rack, certSerialId: null}, Type:RATIS, Factor:ONE, State:OPEN]
2019-09-20 09:11:46,039 [EventQueue-PipelineActionsForPipelineActionHandler] INFO  pipeline.PipelineStateManager (PipelineStateManager.java:finalizePipeline(123)) - Pipeline Pipeline[ Id: 5c8a5299-3384-406a-b161-0367664f1180, Nodes: 244cdd5c-3558-4577-8146-15a3e7a5ffb6{ip: 192.168.151.119, host: pr-hdds-2034-wmsbd-1222111393, networkLocation: /default-rack, certSerialId: null}, Type:RATIS, Factor:ONE, State:CLOSED] moved to CLOSED state
2019-09-20 09:11:46,040 [EventQueue-CloseContainerForCloseContainerEventHandler] INFO  container.CloseContainerEventHandler (CloseContainerEventHandler.java:onMessage(61)) - Close container Event triggered for container : #1
2019-09-20 09:11:46,042 [EventQueue-CloseContainerForCloseContainerEventHandler] INFO  container.CloseContainerEventHandler (CloseContainerEventHandler.java:onMessage(61)) - Close container Event triggered for container : #1
2019-09-20 09:11:46,236 | INFO  | SCMAudit | user=jenkins1000 | ip=192.168.151.119 | op=SEND_HEARTBEAT {datanodeUUID=244cdd5c-3558-4577-8146-15a3e7a5ffb6, command=[commandType: closeContainerCommand closeContainerCommandProto { containerID: 1 pipelineID { id: "5c8a5299-3384-406a-b161-0367664f1180" } cmdId: 1 force: false } , commandType: closeContainerCommand closeContainerCommandProto { containerID: 1 pipelineID { id: "5c8a5299-3384-406a-b161-0367664f1180" } cmdId: 1 force: false } ]} | ret=SUCCESS |  
2019-09-20 09:11:46,432 | INFO  | SCMAudit | user=jenkins1000 | ip=192.168.151.119 | op=SEND_HEARTBEAT {datanodeUUID=244cdd5c-3558-4577-8146-15a3e7a5ffb6, command=[]} | ret=SUCCESS |  
2019-09-20 09:11:46,632 | INFO  | SCMAudit | user=jenkins1000 | ip=192.168.151.119 | op=SEND_HEARTBEAT {datanodeUUID=244cdd5c-3558-4577-8146-15a3e7a5ffb6, command=[]} | ret=SUCCESS |  
2019-09-20 09:11:46,832 | INFO  | SCMAudit | user=jenkins1000 | ip=192.168.151.119 | op=SEND_HEARTBEAT {datanodeUUID=244cdd5c-3558-4577-8146-15a3e7a5ffb6, command=[]} | ret=SUCCESS |  
2019-09-20 09:11:47,032 | INFO  | SCMAudit | user=jenkins1000 | ip=192.168.151.119 | op=SEND_HEARTBEAT {datanodeUUID=244cdd5c-3558-4577-8146-15a3e7a5ffb6, command=[]} | ret=SUCCESS |  
2019-09-20 09:11:47,216 [244cdd5c-3558-4577-8146-15a3e7a5ffb6-SegmentedRaftLogWorker:Storage Directory /workdir/hadoop-ozone/integration-test/target/test-dir/MiniOzoneClusterImpl-169db330-28bf-434e-a3f5-d57f96546497/datanode-0/data/ratis/5c8a5299-3384-406a-b161-0367664f1180] ERROR ratis.XceiverServerRatis (XceiverServerRatis.java:triggerPipelineClose(561)) - pipeline Action CLOSE  on pipeline PipelineID=5c8a5299-3384-406a-b161-0367664f1180.Reason : Log already failed at index 5 for task WriteLog:5: (t:1, i:5), STATEMACHINELOGENTRY, client-91CF34792233, cid=3
2019-09-20 09:11:47,218 | INFO  | SCMAudit | user=jenkins1000 | ip=192.168.151.119 | op=SEND_HEARTBEAT {datanodeUUID=244cdd5c-3558-4577-8146-15a3e7a5ffb6, command=[]} | ret=SUCCESS |  
2019-09-20 09:11:47,218 [EventQueue-PipelineActionsForPipelineActionHandler] ERROR pipeline.PipelineActionHandler (PipelineActionHandler.java:onMessage(60)) - Received pipeline action CLOSE for Pipeline[ Id: 5c8a5299-3384-406a-b161-0367664f1180, Nodes: 244cdd5c-3558-4577-8146-15a3e7a5ffb6{ip: 192.168.151.119, host: pr-hdds-2034-wmsbd-1222111393, networkLocation: /default-rack, certSerialId: null}, Type:RATIS, Factor:ONE, State:CLOSED] from datanode 244cdd5c-3558-4577-8146-15a3e7a5ffb6{ip: 192.168.151.119, host: pr-hdds-2034-wmsbd-1222111393, networkLocation: /default-rack, certSerialId: null}. Reason : Log already failed at index 5 for task WriteLog:5: (t:1, i:5), STATEMACHINELOGENTRY, client-91CF34792233, cid=3
2019-09-20 09:11:47,218 [EventQueue-PipelineActionsForPipelineActionHandler] INFO  pipeline.SCMPipelineManager (SCMPipelineManager.java:finalizeAndDestroyPipeline(346)) - destroying pipeline:Pipeline[ Id: 5c8a5299-3384-406a-b161-0367664f1180, Nodes: 244cdd5c-3558-4577-8146-15a3e7a5ffb6{ip: 192.168.151.119, host: pr-hdds-2034-wmsbd-1222111393, networkLocation: /default-rack, certSerialId: null}, Type:RATIS, Factor:ONE, State:CLOSED]
2019-09-20 09:11:47,418 | INFO  | SCMAudit | user=jenkins1000 | ip=192.168.151.119 | op=SEND_HEARTBEAT {datanodeUUID=244cdd5c-3558-4577-8146-15a3e7a5ffb6, command=[]} | ret=SUCCESS |  
2019-09-20 09:11:47,617 | INFO  | SCMAudit | user=jenkins1000 | ip=192.168.151.119 | op=SEND_HEARTBEAT {datanodeUUID=244cdd5c-3558-4577-8146-15a3e7a5ffb6, command=[]} | ret=SUCCESS |  
2019-09-20 09:11:47,817 | INFO  | SCMAudit | user=jenkins1000 | ip=192.168.151.119 | op=SEND_HEARTBEAT {datanodeUUID=244cdd5c-3558-4577-8146-15a3e7a5ffb6, command=[]} | ret=SUCCESS |  
2019-09-20 09:11:48,018 | INFO  | SCMAudit | user=jenkins1000 | ip=192.168.151.119 | op=SEND_HEARTBEAT {datanodeUUID=244cdd5c-3558-4577-8146-15a3e7a5ffb6, command=[]} | ret=SUCCESS |  
2019-09-20 09:11:48,217 | INFO  | SCMAudit | user=jenkins1000 | ip=192.168.151.119 | op=SEND_HEARTBEAT {datanodeUUID=244cdd5c-3558-4577-8146-15a3e7a5ffb6, command=[]} | ret=SUCCESS |  
2019-09-20 09:11:48,418 | INFO  | SCMAudit | user=jenkins1000 | ip=192.168.151.119 | op=SEND_HEARTBEAT {datanodeUUID=244cdd5c-3558-4577-8146-15a3e7a5ffb6, command=[]} | ret=SUCCESS |  
2019-09-20 09:11:48,618 | INFO  | SCMAudit | user=jenkins1000 | ip=192.168.151.119 | op=SEND_HEARTBEAT {datanodeUUID=244cdd5c-3558-4577-8146-15a3e7a5ffb6, command=[]} | ret=SUCCESS |  
2019-09-20 09:11:48,817 | INFO  | SCMAudit | user=jenkins1000 | ip=192.168.151.119 | op=SEND_HEARTBEAT {datanodeUUID=244cdd5c-3558-4577-8146-15a3e7a5ffb6, command=[]} | ret=SUCCESS |  
2019-09-20 09:11:49,017 | INFO  | SCMAudit | user=jenkins1000 | ip=192.168.151.119 | op=SEND_HEARTBEAT {datanodeUUID=244cdd5c-3558-4577-8146-15a3e7a5ffb6, command=[]} | ret=SUCCESS |  
2019-09-20 09:11:49,217 | INFO  | SCMAudit | user=jenkins1000 | ip=192.168.151.119 | op=SEND_HEARTBEAT {datanodeUUID=244cdd5c-3558-4577-8146-15a3e7a5ffb6, command=[]} | ret=SUCCESS |  
2019-09-20 09:11:49,418 | INFO  | SCMAudit | user=jenkins1000 | ip=192.168.151.119 | op=SEND_HEARTBEAT {datanodeUUID=244cdd5c-3558-4577-8146-15a3e7a5ffb6, command=[]} | ret=SUCCESS |  
2019-09-20 09:11:49,618 | INFO  | SCMAudit | user=jenkins1000 | ip=192.168.151.119 | op=SEND_HEARTBEAT {datanodeUUID=244cdd5c-3558-4577-8146-15a3e7a5ffb6, command=[]} | ret=SUCCESS |  
2019-09-20 09:11:49,817 | INFO  | SCMAudit | user=jenkins1000 | ip=192.168.151.119 | op=SEND_HEARTBEAT {datanodeUUID=244cdd5c-3558-4577-8146-15a3e7a5ffb6, command=[]} | ret=SUCCESS |  
2019-09-20 09:11:50,017 | INFO  | SCMAudit | user=jenkins1000 | ip=192.168.151.119 | op=SEND_HEARTBEAT {datanodeUUID=244cdd5c-3558-4577-8146-15a3e7a5ffb6, command=[]} | ret=SUCCESS |  
2019-09-20 09:11:50,217 | INFO  | SCMAudit | user=jenkins1000 | ip=192.168.151.119 | op=SEND_HEARTBEAT {datanodeUUID=244cdd5c-3558-4577-8146-15a3e7a5ffb6, command=[]} | ret=SUCCESS |  
2019-09-20 09:11:50,417 | INFO  | SCMAudit | user=jenkins1000 | ip=192.168.151.119 | op=SEND_HEARTBEAT {datanodeUUID=244cdd5c-3558-4577-8146-15a3e7a5ffb6, command=[]} | ret=SUCCESS |  
2019-09-20 09:11:50,617 | INFO  | SCMAudit | user=jenkins1000 | ip=192.168.151.119 | op=SEND_HEARTBEAT {datanodeUUID=244cdd5c-3558-4577-8146-15a3e7a5ffb6, command=[]} | ret=SUCCESS |  
2019-09-20 09:11:50,818 | INFO  | SCMAudit | user=jenkins1000 | ip=192.168.151.119 | op=SEND_HEARTBEAT {datanodeUUID=244cdd5c-3558-4577-8146-15a3e7a5ffb6, command=[]} | ret=SUCCESS |  
2019-09-20 09:11:51,019 | INFO  | SCMAudit | user=jenkins1000 | ip=192.168.151.119 | op=SEND_HEARTBEAT {datanodeUUID=244cdd5c-3558-4577-8146-15a3e7a5ffb6, command=[]} | ret=SUCCESS |  
2019-09-20 09:11:51,220 | INFO  | SCMAudit | user=jenkins1000 | ip=192.168.151.119 | op=SEND_HEARTBEAT {datanodeUUID=244cdd5c-3558-4577-8146-15a3e7a5ffb6, command=[]} | ret=SUCCESS |  
2019-09-20 09:11:51,419 | INFO  | SCMAudit | user=jenkins1000 | ip=192.168.151.119 | op=SEND_HEARTBEAT {datanodeUUID=244cdd5c-3558-4577-8146-15a3e7a5ffb6, command=[]} | ret=SUCCESS |  
2019-09-20 09:11:51,619 | INFO  | SCMAudit | user=jenkins1000 | ip=192.168.151.119 | op=SEND_HEARTBEAT {datanodeUUID=244cdd5c-3558-4577-8146-15a3e7a5ffb6, command=[]} | ret=SUCCESS |  
2019-09-20 09:11:51,819 | INFO  | SCMAudit | user=jenkins1000 | ip=192.168.151.119 | op=SEND_HEARTBEAT {datanodeUUID=244cdd5c-3558-4577-8146-15a3e7a5ffb6, command=[]} | ret=SUCCESS |  
2019-09-20 09:11:52,019 | INFO  | SCMAudit | user=jenkins1000 | ip=192.168.151.119 | op=SEND_HEARTBEAT {datanodeUUID=244cdd5c-3558-4577-8146-15a3e7a5ffb6, command=[]} | ret=SUCCESS |  
2019-09-20 09:11:52,219 | INFO  | SCMAudit | user=jenkins1000 | ip=192.168.151.119 | op=SEND_HEARTBEAT {datanodeUUID=244cdd5c-3558-4577-8146-15a3e7a5ffb6, command=[]} | ret=SUCCESS |  
2019-09-20 09:11:52,420 | INFO  | SCMAudit | user=jenkins1000 | ip=192.168.151.119 | op=SEND_HEARTBEAT {datanodeUUID=244cdd5c-3558-4577-8146-15a3e7a5ffb6, command=[]} | ret=SUCCESS |  
2019-09-20 09:11:52,619 | INFO  | SCMAudit | user=jenkins1000 | ip=192.168.151.119 | op=SEND_HEARTBEAT {datanodeUUID=244cdd5c-3558-4577-8146-15a3e7a5ffb6, command=[]} | ret=SUCCESS |  
2019-09-20 09:11:52,819 | INFO  | SCMAudit | user=jenkins1000 | ip=192.168.151.119 | op=SEND_HEARTBEAT {datanodeUUID=244cdd5c-3558-4577-8146-15a3e7a5ffb6, command=[]} | ret=SUCCESS |  
2019-09-20 09:11:53,020 | INFO  | SCMAudit | user=jenkins1000 | ip=192.168.151.119 | op=SEND_HEARTBEAT {datanodeUUID=244cdd5c-3558-4577-8146-15a3e7a5ffb6, command=[]} | ret=SUCCESS |  
2019-09-20 09:11:53,220 | INFO  | SCMAudit | user=jenkins1000 | ip=192.168.151.119 | op=SEND_HEARTBEAT {datanodeUUID=244cdd5c-3558-4577-8146-15a3e7a5ffb6, command=[]} | ret=SUCCESS |  
2019-09-20 09:11:53,420 | INFO  | SCMAudit | user=jenkins1000 | ip=192.168.151.119 | op=SEND_HEARTBEAT {datanodeUUID=244cdd5c-3558-4577-8146-15a3e7a5ffb6, command=[]} | ret=SUCCESS |  
2019-09-20 09:11:53,620 | INFO  | SCMAudit | user=jenkins1000 | ip=192.168.151.119 | op=SEND_HEARTBEAT {datanodeUUID=244cdd5c-3558-4577-8146-15a3e7a5ffb6, command=[]} | ret=SUCCESS |  
2019-09-20 09:11:53,820 | INFO  | SCMAudit | user=jenkins1000 | ip=192.168.151.119 | op=SEND_HEARTBEAT {datanodeUUID=244cdd5c-3558-4577-8146-15a3e7a5ffb6, command=[]} | ret=SUCCESS |  
2019-09-20 09:11:54,020 | INFO  | SCMAudit | user=jenkins1000 | ip=192.168.151.119 | op=SEND_HEARTBEAT {datanodeUUID=244cdd5c-3558-4577-8146-15a3e7a5ffb6, command=[]} | ret=SUCCESS |  
2019-09-20 09:11:54,220 | INFO  | SCMAudit | user=jenkins1000 | ip=192.168.151.119 | op=SEND_HEARTBEAT {datanodeUUID=244cdd5c-3558-4577-8146-15a3e7a5ffb6, command=[]} | ret=SUCCESS |  
2019-09-20 09:11:54,421 | INFO  | SCMAudit | user=jenkins1000 | ip=192.168.151.119 | op=SEND_HEARTBEAT {datanodeUUID=244cdd5c-3558-4577-8146-15a3e7a5ffb6, command=[]} | ret=SUCCESS |  
2019-09-20 09:11:54,621 | INFO  | SCMAudit | user=jenkins1000 | ip=192.168.151.119 | op=SEND_HEARTBEAT {datanodeUUID=244cdd5c-3558-4577-8146-15a3e7a5ffb6, command=[]} | ret=SUCCESS |  
2019-09-20 09:11:54,821 | INFO  | SCMAudit | user=jenkins1000 | ip=192.168.151.119 | op=SEND_HEARTBEAT {datanodeUUID=244cdd5c-3558-4577-8146-15a3e7a5ffb6, command=[]} | ret=SUCCESS |  
2019-09-20 09:11:55,022 | INFO  | SCMAudit | user=jenkins1000 | ip=192.168.151.119 | op=SEND_HEARTBEAT {datanodeUUID=244cdd5c-3558-4577-8146-15a3e7a5ffb6, command=[]} | ret=SUCCESS |  
2019-09-20 09:11:55,221 | INFO  | SCMAudit | user=jenkins1000 | ip=192.168.151.119 | op=SEND_HEARTBEAT {datanodeUUID=244cdd5c-3558-4577-8146-15a3e7a5ffb6, command=[]} | ret=SUCCESS |  
2019-09-20 09:11:55,421 | INFO  | SCMAudit | user=jenkins1000 | ip=192.168.151.119 | op=SEND_HEARTBEAT {datanodeUUID=244cdd5c-3558-4577-8146-15a3e7a5ffb6, command=[]} | ret=SUCCESS |  
2019-09-20 09:11:55,622 | INFO  | SCMAudit | user=jenkins1000 | ip=192.168.151.119 | op=SEND_HEARTBEAT {datanodeUUID=244cdd5c-3558-4577-8146-15a3e7a5ffb6, command=[]} | ret=SUCCESS |  
2019-09-20 09:11:55,821 | INFO  | SCMAudit | user=jenkins1000 | ip=192.168.151.119 | op=SEND_HEARTBEAT {datanodeUUID=244cdd5c-3558-4577-8146-15a3e7a5ffb6, command=[]} | ret=SUCCESS |  
2019-09-20 09:11:56,021 | INFO  | SCMAudit | user=jenkins1000 | ip=192.168.151.119 | op=SEND_HEARTBEAT {datanodeUUID=244cdd5c-3558-4577-8146-15a3e7a5ffb6, command=[]} | ret=SUCCESS |  
2019-09-20 09:11:56,222 | INFO  | SCMAudit | user=jenkins1000 | ip=192.168.151.119 | op=SEND_HEARTBEAT {datanodeUUID=244cdd5c-3558-4577-8146-15a3e7a5ffb6, command=[]} | ret=SUCCESS |  
2019-09-20 09:11:56,421 | INFO  | SCMAudit | user=jenkins1000 | ip=192.168.151.119 | op=SEND_HEARTBEAT {datanodeUUID=244cdd5c-3558-4577-8146-15a3e7a5ffb6, command=[]} | ret=SUCCESS |  
2019-09-20 09:11:56,621 | INFO  | SCMAudit | user=jenkins1000 | ip=192.168.151.119 | op=SEND_HEARTBEAT {datanodeUUID=244cdd5c-3558-4577-8146-15a3e7a5ffb6, command=[]} | ret=SUCCESS |  
2019-09-20 09:11:56,821 | INFO  | SCMAudit | user=jenkins1000 | ip=192.168.151.119 | op=SEND_HEARTBEAT {datanodeUUID=244cdd5c-3558-4577-8146-15a3e7a5ffb6, command=[]} | ret=SUCCESS |  
2019-09-20 09:11:57,021 | INFO  | SCMAudit | user=jenkins1000 | ip=192.168.151.119 | op=SEND_HEARTBEAT {datanodeUUID=244cdd5c-3558-4577-8146-15a3e7a5ffb6, command=[]} | ret=SUCCESS |  
2019-09-20 09:11:57,222 | INFO  | SCMAudit | user=jenkins1000 | ip=192.168.151.119 | op=SEND_HEARTBEAT {datanodeUUID=244cdd5c-3558-4577-8146-15a3e7a5ffb6, command=[]} | ret=SUCCESS |  
2019-09-20 09:11:57,422 | INFO  | SCMAudit | user=jenkins1000 | ip=192.168.151.119 | op=SEND_HEARTBEAT {datanodeUUID=244cdd5c-3558-4577-8146-15a3e7a5ffb6, command=[]} | ret=SUCCESS |  
2019-09-20 09:11:57,621 | INFO  | SCMAudit | user=jenkins1000 | ip=192.168.151.119 | op=SEND_HEARTBEAT {datanodeUUID=244cdd5c-3558-4577-8146-15a3e7a5ffb6, command=[]} | ret=SUCCESS |  
2019-09-20 09:11:57,821 | INFO  | SCMAudit | user=jenkins1000 | ip=192.168.151.119 | op=SEND_HEARTBEAT {datanodeUUID=244cdd5c-3558-4577-8146-15a3e7a5ffb6, command=[]} | ret=SUCCESS |  
2019-09-20 09:11:58,022 | INFO  | SCMAudit | user=jenkins1000 | ip=192.168.151.119 | op=SEND_HEARTBEAT {datanodeUUID=244cdd5c-3558-4577-8146-15a3e7a5ffb6, command=[]} | ret=SUCCESS |  
2019-09-20 09:11:58,223 | INFO  | SCMAudit | user=jenkins1000 | ip=192.168.151.119 | op=SEND_HEARTBEAT {datanodeUUID=244cdd5c-3558-4577-8146-15a3e7a5ffb6, command=[]} | ret=SUCCESS |  
2019-09-20 09:11:58,422 | INFO  | SCMAudit | user=jenkins1000 | ip=192.168.151.119 | op=SEND_HEARTBEAT {datanodeUUID=244cdd5c-3558-4577-8146-15a3e7a5ffb6, command=[]} | ret=SUCCESS |  
2019-09-20 09:11:58,622 | INFO  | SCMAudit | user=jenkins1000 | ip=192.168.151.119 | op=SEND_HEARTBEAT {datanodeUUID=244cdd5c-3558-4577-8146-15a3e7a5ffb6, command=[]} | ret=SUCCESS |  
2019-09-20 09:11:58,822 | INFO  | SCMAudit | user=jenkins1000 | ip=192.168.151.119 | op=SEND_HEARTBEAT {datanodeUUID=244cdd5c-3558-4577-8146-15a3e7a5ffb6, command=[]} | ret=SUCCESS |  
2019-09-20 09:11:59,023 | INFO  | SCMAudit | user=jenkins1000 | ip=192.168.151.119 | op=SEND_HEARTBEAT {datanodeUUID=244cdd5c-3558-4577-8146-15a3e7a5ffb6, command=[]} | ret=SUCCESS |  
2019-09-20 09:11:59,222 | INFO  | SCMAudit | user=jenkins1000 | ip=192.168.151.119 | op=SEND_HEARTBEAT {datanodeUUID=244cdd5c-3558-4577-8146-15a3e7a5ffb6, command=[]} | ret=SUCCESS |  
2019-09-20 09:11:59,423 | INFO  | SCMAudit | user=jenkins1000 | ip=192.168.151.119 | op=SEND_HEARTBEAT {datanodeUUID=244cdd5c-3558-4577-8146-15a3e7a5ffb6, command=[]} | ret=SUCCESS |  
2019-09-20 09:11:59,622 | INFO  | SCMAudit | user=jenkins1000 | ip=192.168.151.119 | op=SEND_HEARTBEAT {datanodeUUID=244cdd5c-3558-4577-8146-15a3e7a5ffb6, command=[]} | ret=SUCCESS |  
2019-09-20 09:11:59,822 | INFO  | SCMAudit | user=jenkins1000 | ip=192.168.151.119 | op=SEND_HEARTBEAT {datanodeUUID=244cdd5c-3558-4577-8146-15a3e7a5ffb6, command=[]} | ret=SUCCESS |  
2019-09-20 09:12:00,023 | INFO  | SCMAudit | user=jenkins1000 | ip=192.168.151.119 | op=SEND_HEARTBEAT {datanodeUUID=244cdd5c-3558-4577-8146-15a3e7a5ffb6, command=[]} | ret=SUCCESS |  
2019-09-20 09:12:00,223 | INFO  | SCMAudit | user=jenkins1000 | ip=192.168.151.119 | op=SEND_HEARTBEAT {datanodeUUID=244cdd5c-3558-4577-8146-15a3e7a5ffb6, command=[]} | ret=SUCCESS |  
2019-09-20 09:12:00,423 | INFO  | SCMAudit | user=jenkins1000 | ip=192.168.151.119 | op=SEND_HEARTBEAT {datanodeUUID=244cdd5c-3558-4577-8146-15a3e7a5ffb6, command=[]} | ret=SUCCESS |  
2019-09-20 09:12:00,623 | INFO  | SCMAudit | user=jenkins1000 | ip=192.168.151.119 | op=SEND_HEARTBEAT {datanodeUUID=244cdd5c-3558-4577-8146-15a3e7a5ffb6, command=[]} | ret=SUCCESS |  
2019-09-20 09:12:00,823 | INFO  | SCMAudit | user=jenkins1000 | ip=192.168.151.119 | op=SEND_HEARTBEAT {datanodeUUID=244cdd5c-3558-4577-8146-15a3e7a5ffb6, command=[]} | ret=SUCCESS |  
2019-09-20 09:12:01,023 | INFO  | SCMAudit | user=jenkins1000 | ip=192.168.151.119 | op=SEND_HEARTBEAT {datanodeUUID=244cdd5c-3558-4577-8146-15a3e7a5ffb6, command=[]} | ret=SUCCESS |  
2019-09-20 09:12:01,224 | INFO  | SCMAudit | user=jenkins1000 | ip=192.168.151.119 | op=SEND_HEARTBEAT {datanodeUUID=244cdd5c-3558-4577-8146-15a3e7a5ffb6, command=[]} | ret=SUCCESS |  
2019-09-20 09:12:01,424 | INFO  | SCMAudit | user=jenkins1000 | ip=192.168.151.119 | op=SEND_HEARTBEAT {datanodeUUID=244cdd5c-3558-4577-8146-15a3e7a5ffb6, command=[]} | ret=SUCCESS |  
2019-09-20 09:12:01,625 | INFO  | SCMAudit | user=jenkins1000 | ip=192.168.151.119 | op=SEND_HEARTBEAT {datanodeUUID=244cdd5c-3558-4577-8146-15a3e7a5ffb6, command=[]} | ret=SUCCESS |  
2019-09-20 09:12:01,824 | INFO  | SCMAudit | user=jenkins1000 | ip=192.168.151.119 | op=SEND_HEARTBEAT {datanodeUUID=244cdd5c-3558-4577-8146-15a3e7a5ffb6, command=[]} | ret=SUCCESS |  
2019-09-20 09:12:02,025 | INFO  | SCMAudit | user=jenkins1000 | ip=192.168.151.119 | op=SEND_HEARTBEAT {datanodeUUID=244cdd5c-3558-4577-8146-15a3e7a5ffb6, command=[]} | ret=SUCCESS |  
2019-09-20 09:12:02,224 | INFO  | SCMAudit | user=jenkins1000 | ip=192.168.151.119 | op=SEND_HEARTBEAT {datanodeUUID=244cdd5c-3558-4577-8146-15a3e7a5ffb6, command=[]} | ret=SUCCESS |  
2019-09-20 09:12:02,424 | INFO  | SCMAudit | user=jenkins1000 | ip=192.168.151.119 | op=SEND_HEARTBEAT {datanodeUUID=244cdd5c-3558-4577-8146-15a3e7a5ffb6, command=[]} | ret=SUCCESS |  
2019-09-20 09:12:02,625 | INFO  | SCMAudit | user=jenkins1000 | ip=192.168.151.119 | op=SEND_HEARTBEAT {datanodeUUID=244cdd5c-3558-4577-8146-15a3e7a5ffb6, command=[]} | ret=SUCCESS |  
2019-09-20 09:12:02,824 | INFO  | SCMAudit | user=jenkins1000 | ip=192.168.151.119 | op=SEND_HEARTBEAT {datanodeUUID=244cdd5c-3558-4577-8146-15a3e7a5ffb6, command=[]} | ret=SUCCESS |  
2019-09-20 09:12:03,024 | INFO  | SCMAudit | user=jenkins1000 | ip=192.168.151.119 | op=SEND_HEARTBEAT {datanodeUUID=244cdd5c-3558-4577-8146-15a3e7a5ffb6, command=[]} | ret=SUCCESS |  
2019-09-20 09:12:03,225 | INFO  | SCMAudit | user=jenkins1000 | ip=192.168.151.119 | op=SEND_HEARTBEAT {datanodeUUID=244cdd5c-3558-4577-8146-15a3e7a5ffb6, command=[]} | ret=SUCCESS |  
2019-09-20 09:12:03,426 | INFO  | SCMAudit | user=jenkins1000 | ip=192.168.151.119 | op=SEND_HEARTBEAT {datanodeUUID=244cdd5c-3558-4577-8146-15a3e7a5ffb6, command=[]} | ret=SUCCESS |  
2019-09-20 09:12:03,625 | INFO  | SCMAudit | user=jenkins1000 | ip=192.168.151.119 | op=SEND_HEARTBEAT {datanodeUUID=244cdd5c-3558-4577-8146-15a3e7a5ffb6, command=[]} | ret=SUCCESS |  
2019-09-20 09:12:03,825 | INFO  | SCMAudit | user=jenkins1000 | ip=192.168.151.119 | op=SEND_HEARTBEAT {datanodeUUID=244cdd5c-3558-4577-8146-15a3e7a5ffb6, command=[]} | ret=SUCCESS |  
2019-09-20 09:12:04,026 | INFO  | SCMAudit | user=jenkins1000 | ip=192.168.151.119 | op=SEND_HEARTBEAT {datanodeUUID=244cdd5c-3558-4577-8146-15a3e7a5ffb6, command=[]} | ret=SUCCESS |  
2019-09-20 09:12:04,226 | INFO  | SCMAudit | user=jenkins1000 | ip=192.168.151.119 | op=SEND_HEARTBEAT {datanodeUUID=244cdd5c-3558-4577-8146-15a3e7a5ffb6, command=[]} | ret=SUCCESS |  
2019-09-20 09:12:04,426 | INFO  | SCMAudit | user=jenkins1000 | ip=192.168.151.119 | op=SEND_HEARTBEAT {datanodeUUID=244cdd5c-3558-4577-8146-15a3e7a5ffb6, command=[]} | ret=SUCCESS |  
2019-09-20 09:12:04,626 | INFO  | SCMAudit | user=jenkins1000 | ip=192.168.151.119 | op=SEND_HEARTBEAT {datanodeUUID=244cdd5c-3558-4577-8146-15a3e7a5ffb6, command=[]} | ret=SUCCESS |  
2019-09-20 09:12:04,826 | INFO  | SCMAudit | user=jenkins1000 | ip=192.168.151.119 | op=SEND_HEARTBEAT {datanodeUUID=244cdd5c-3558-4577-8146-15a3e7a5ffb6, command=[]} | ret=SUCCESS |  
2019-09-20 09:12:05,026 | INFO  | SCMAudit | user=jenkins1000 | ip=192.168.151.119 | op=SEND_HEARTBEAT {datanodeUUID=244cdd5c-3558-4577-8146-15a3e7a5ffb6, command=[]} | ret=SUCCESS |  
2019-09-20 09:12:05,227 | INFO  | SCMAudit | user=jenkins1000 | ip=192.168.151.119 | op=SEND_HEARTBEAT {datanodeUUID=244cdd5c-3558-4577-8146-15a3e7a5ffb6, command=[]} | ret=SUCCESS |  
2019-09-20 09:12:05,426 | INFO  | SCMAudit | user=jenkins1000 | ip=192.168.151.119 | op=SEND_HEARTBEAT {datanodeUUID=244cdd5c-3558-4577-8146-15a3e7a5ffb6, command=[]} | ret=SUCCESS |  
2019-09-20 09:12:05,627 | INFO  | SCMAudit | user=jenkins1000 | ip=192.168.151.119 | op=SEND_HEARTBEAT {datanodeUUID=244cdd5c-3558-4577-8146-15a3e7a5ffb6, command=[]} | ret=SUCCESS |  
2019-09-20 09:12:05,827 | INFO  | SCMAudit | user=jenkins1000 | ip=192.168.151.119 | op=SEND_HEARTBEAT {datanodeUUID=244cdd5c-3558-4577-8146-15a3e7a5ffb6, command=[]} | ret=SUCCESS |  
2019-09-20 09:12:06,028 | INFO  | SCMAudit | user=jenkins1000 | ip=192.168.151.119 | op=SEND_HEARTBEAT {datanodeUUID=244cdd5c-3558-4577-8146-15a3e7a5ffb6, command=[]} | ret=SUCCESS |  
2019-09-20 09:12:06,228 | INFO  | SCMAudit | user=jenkins1000 | ip=192.168.151.119 | op=SEND_HEARTBEAT {datanodeUUID=244cdd5c-3558-4577-8146-15a3e7a5ffb6, command=[]} | ret=SUCCESS |  
2019-09-20 09:12:06,428 | INFO  | SCMAudit | user=jenkins1000 | ip=192.168.151.119 | op=SEND_HEARTBEAT {datanodeUUID=244cdd5c-3558-4577-8146-15a3e7a5ffb6, command=[]} | ret=SUCCESS |  
2019-09-20 09:12:06,629 | INFO  | SCMAudit | user=jenkins1000 | ip=192.168.151.119 | op=SEND_HEARTBEAT {datanodeUUID=244cdd5c-3558-4577-8146-15a3e7a5ffb6, command=[]} | ret=SUCCESS |  
2019-09-20 09:12:06,828 | INFO  | SCMAudit | user=jenkins1000 | ip=192.168.151.119 | op=SEND_HEARTBEAT {datanodeUUID=244cdd5c-3558-4577-8146-15a3e7a5ffb6, command=[]} | ret=SUCCESS |  
2019-09-20 09:12:07,028 | INFO  | SCMAudit | user=jenkins1000 | ip=192.168.151.119 | op=SEND_HEARTBEAT {datanodeUUID=244cdd5c-3558-4577-8146-15a3e7a5ffb6, command=[]} | ret=SUCCESS |  
2019-09-20 09:12:07,229 | INFO  | SCMAudit | user=jenkins1000 | ip=192.168.151.119 | op=SEND_HEARTBEAT {datanodeUUID=244cdd5c-3558-4577-8146-15a3e7a5ffb6, command=[]} | ret=SUCCESS |  
2019-09-20 09:12:07,429 | INFO  | SCMAudit | user=jenkins1000 | ip=192.168.151.119 | op=SEND_HEARTBEAT {datanodeUUID=244cdd5c-3558-4577-8146-15a3e7a5ffb6, command=[]} | ret=SUCCESS |  
2019-09-20 09:12:07,628 | INFO  | SCMAudit | user=jenkins1000 | ip=192.168.151.119 | op=SEND_HEARTBEAT {datanodeUUID=244cdd5c-3558-4577-8146-15a3e7a5ffb6, command=[]} | ret=SUCCESS |  
2019-09-20 09:12:07,828 | INFO  | SCMAudit | user=jenkins1000 | ip=192.168.151.119 | op=SEND_HEARTBEAT {datanodeUUID=244cdd5c-3558-4577-8146-15a3e7a5ffb6, command=[]} | ret=SUCCESS |  
2019-09-20 09:12:08,028 | INFO  | SCMAudit | user=jenkins1000 | ip=192.168.151.119 | op=SEND_HEARTBEAT {datanodeUUID=244cdd5c-3558-4577-8146-15a3e7a5ffb6, command=[]} | ret=SUCCESS |  
2019-09-20 09:12:08,228 | INFO  | SCMAudit | user=jenkins1000 | ip=192.168.151.119 | op=SEND_HEARTBEAT {datanodeUUID=244cdd5c-3558-4577-8146-15a3e7a5ffb6, command=[]} | ret=SUCCESS |  
2019-09-20 09:12:08,428 | INFO  | SCMAudit | user=jenkins1000 | ip=192.168.151.119 | op=SEND_HEARTBEAT {datanodeUUID=244cdd5c-3558-4577-8146-15a3e7a5ffb6, command=[]} | ret=SUCCESS |  
2019-09-20 09:12:08,629 | INFO  | SCMAudit | user=jenkins1000 | ip=192.168.151.119 | op=SEND_HEARTBEAT {datanodeUUID=244cdd5c-3558-4577-8146-15a3e7a5ffb6, command=[]} | ret=SUCCESS |  
2019-09-20 09:12:08,829 | INFO  | SCMAudit | user=jenkins1000 | ip=192.168.151.119 | op=SEND_HEARTBEAT {datanodeUUID=244cdd5c-3558-4577-8146-15a3e7a5ffb6, command=[]} | ret=SUCCESS |  
2019-09-20 09:12:09,028 | INFO  | SCMAudit | user=jenkins1000 | ip=192.168.151.119 | op=SEND_HEARTBEAT {datanodeUUID=244cdd5c-3558-4577-8146-15a3e7a5ffb6, command=[]} | ret=SUCCESS |  
2019-09-20 09:12:09,229 | INFO  | SCMAudit | user=jenkins1000 | ip=192.168.151.119 | op=SEND_HEARTBEAT {datanodeUUID=244cdd5c-3558-4577-8146-15a3e7a5ffb6, command=[]} | ret=SUCCESS |  
2019-09-20 09:12:09,429 | INFO  | SCMAudit | user=jenkins1000 | ip=192.168.151.119 | op=SEND_HEARTBEAT {datanodeUUID=244cdd5c-3558-4577-8146-15a3e7a5ffb6, command=[]} | ret=SUCCESS |  
2019-09-20 09:12:09,628 | INFO  | SCMAudit | user=jenkins1000 | ip=192.168.151.119 | op=SEND_HEARTBEAT {datanodeUUID=244cdd5c-3558-4577-8146-15a3e7a5ffb6, command=[]} | ret=SUCCESS |  
2019-09-20 09:12:09,828 | INFO  | SCMAudit | user=jenkins1000 | ip=192.168.151.119 | op=SEND_HEARTBEAT {datanodeUUID=244cdd5c-3558-4577-8146-15a3e7a5ffb6, command=[]} | ret=SUCCESS |  
2019-09-20 09:12:10,028 | INFO  | SCMAudit | user=jenkins1000 | ip=192.168.151.119 | op=SEND_HEARTBEAT {datanodeUUID=244cdd5c-3558-4577-8146-15a3e7a5ffb6, command=[]} | ret=SUCCESS |  
2019-09-20 09:12:10,228 | INFO  | SCMAudit | user=jenkins1000 | ip=192.168.151.119 | op=SEND_HEARTBEAT {datanodeUUID=244cdd5c-3558-4577-8146-15a3e7a5ffb6, command=[]} | ret=SUCCESS |  
2019-09-20 09:12:10,429 | INFO  | SCMAudit | user=jenkins1000 | ip=192.168.151.119 | op=SEND_HEARTBEAT {datanodeUUID=244cdd5c-3558-4577-8146-15a3e7a5ffb6, command=[]} | ret=SUCCESS |  
2019-09-20 09:12:10,630 | INFO  | SCMAudit | user=jenkins1000 | ip=192.168.151.119 | op=SEND_HEARTBEAT {datanodeUUID=244cdd5c-3558-4577-8146-15a3e7a5ffb6, command=[]} | ret=SUCCESS |  
2019-09-20 09:12:10,829 | INFO  | SCMAudit | user=jenkins1000 | ip=192.168.151.119 | op=SEND_HEARTBEAT {datanodeUUID=244cdd5c-3558-4577-8146-15a3e7a5ffb6, command=[]} | ret=SUCCESS |  
2019-09-20 09:12:11,029 | INFO  | SCMAudit | user=jenkins1000 | ip=192.168.151.119 | op=SEND_HEARTBEAT {datanodeUUID=244cdd5c-3558-4577-8146-15a3e7a5ffb6, command=[]} | ret=SUCCESS |  
2019-09-20 09:12:11,229 | INFO  | SCMAudit | user=jenkins1000 | ip=192.168.151.119 | op=SEND_HEARTBEAT {datanodeUUID=244cdd5c-3558-4577-8146-15a3e7a5ffb6, command=[]} | ret=SUCCESS |  
2019-09-20 09:12:11,430 | INFO  | SCMAudit | user=jenkins1000 | ip=192.168.151.119 | op=SEND_HEARTBEAT {datanodeUUID=244cdd5c-3558-4577-8146-15a3e7a5ffb6, command=[]} | ret=SUCCESS |  
2019-09-20 09:12:11,629 | INFO  | SCMAudit | user=jenkins1000 | ip=192.168.151.119 | op=SEND_HEARTBEAT {datanodeUUID=244cdd5c-3558-4577-8146-15a3e7a5ffb6, command=[]} | ret=SUCCESS |  
2019-09-20 09:12:11,829 | INFO  | SCMAudit | user=jenkins1000 | ip=192.168.151.119 | op=SEND_HEARTBEAT {datanodeUUID=244cdd5c-3558-4577-8146-15a3e7a5ffb6, command=[]} | ret=SUCCESS |  
2019-09-20 09:12:12,029 | INFO  | SCMAudit | user=jenkins1000 | ip=192.168.151.119 | op=SEND_HEARTBEAT {datanodeUUID=244cdd5c-3558-4577-8146-15a3e7a5ffb6, command=[]} | ret=SUCCESS |  
2019-09-20 09:12:12,230 | INFO  | SCMAudit | user=jenkins1000 | ip=192.168.151.119 | op=SEND_HEARTBEAT {datanodeUUID=244cdd5c-3558-4577-8146-15a3e7a5ffb6, command=[]} | ret=SUCCESS |  
2019-09-20 09:12:12,430 | INFO  | SCMAudit | user=jenkins1000 | ip=192.168.151.119 | op=SEND_HEARTBEAT {datanodeUUID=244cdd5c-3558-4577-8146-15a3e7a5ffb6, command=[]} | ret=SUCCESS |  
2019-09-20 09:12:12,630 | INFO  | SCMAudit | user=jenkins1000 | ip=192.168.151.119 | op=SEND_HEARTBEAT {datanodeUUID=244cdd5c-3558-4577-8146-15a3e7a5ffb6, command=[]} | ret=SUCCESS |  
2019-09-20 09:12:12,830 | INFO  | SCMAudit | user=jenkins1000 | ip=192.168.151.119 | op=SEND_HEARTBEAT {datanodeUUID=244cdd5c-3558-4577-8146-15a3e7a5ffb6, command=[]} | ret=SUCCESS |  
2019-09-20 09:12:13,030 | INFO  | SCMAudit | user=jenkins1000 | ip=192.168.151.119 | op=SEND_HEARTBEAT {datanodeUUID=244cdd5c-3558-4577-8146-15a3e7a5ffb6, command=[]} | ret=SUCCESS |  
2019-09-20 09:12:13,231 | INFO  | SCMAudit | user=jenkins1000 | ip=192.168.151.119 | op=SEND_HEARTBEAT {datanodeUUID=244cdd5c-3558-4577-8146-15a3e7a5ffb6, command=[]} | ret=SUCCESS |  
2019-09-20 09:12:13,431 | INFO  | SCMAudit | user=jenkins1000 | ip=192.168.151.119 | op=SEND_HEARTBEAT {datanodeUUID=244cdd5c-3558-4577-8146-15a3e7a5ffb6, command=[]} | ret=SUCCESS |  
2019-09-20 09:12:13,631 | INFO  | SCMAudit | user=jenkins1000 | ip=192.168.151.119 | op=SEND_HEARTBEAT {datanodeUUID=244cdd5c-3558-4577-8146-15a3e7a5ffb6, command=[]} | ret=SUCCESS |  
2019-09-20 09:12:13,831 | INFO  | SCMAudit | user=jenkins1000 | ip=192.168.151.119 | op=SEND_HEARTBEAT {datanodeUUID=244cdd5c-3558-4577-8146-15a3e7a5ffb6, command=[]} | ret=SUCCESS |  
2019-09-20 09:12:14,031 | INFO  | SCMAudit | user=jenkins1000 | ip=192.168.151.119 | op=SEND_HEARTBEAT {datanodeUUID=244cdd5c-3558-4577-8146-15a3e7a5ffb6, command=[]} | ret=SUCCESS |  
2019-09-20 09:12:14,231 | INFO  | SCMAudit | user=jenkins1000 | ip=192.168.151.119 | op=SEND_HEARTBEAT {datanodeUUID=244cdd5c-3558-4577-8146-15a3e7a5ffb6, command=[]} | ret=SUCCESS |  
2019-09-20 09:12:14,431 | INFO  | SCMAudit | user=jenkins1000 | ip=192.168.151.119 | op=SEND_HEARTBEAT {datanodeUUID=244cdd5c-3558-4577-8146-15a3e7a5ffb6, command=[]} | ret=SUCCESS |  
2019-09-20 09:12:14,631 | INFO  | SCMAudit | user=jenkins1000 | ip=192.168.151.119 | op=SEND_HEARTBEAT {datanodeUUID=244cdd5c-3558-4577-8146-15a3e7a5ffb6, command=[]} | ret=SUCCESS |  
2019-09-20 09:12:14,831 | INFO  | SCMAudit | user=jenkins1000 | ip=192.168.151.119 | op=SEND_HEARTBEAT {datanodeUUID=244cdd5c-3558-4577-8146-15a3e7a5ffb6, command=[]} | ret=SUCCESS |  
2019-09-20 09:12:15,031 | INFO  | SCMAudit | user=jenkins1000 | ip=192.168.151.119 | op=SEND_HEARTBEAT {datanodeUUID=244cdd5c-3558-4577-8146-15a3e7a5ffb6, command=[]} | ret=SUCCESS |  
2019-09-20 09:12:15,231 | INFO  | SCMAudit | user=jenkins1000 | ip=192.168.151.119 | op=SEND_HEARTBEAT {datanodeUUID=244cdd5c-3558-4577-8146-15a3e7a5ffb6, command=[]} | ret=SUCCESS |  
2019-09-20 09:12:15,432 | INFO  | SCMAudit | user=jenkins1000 | ip=192.168.151.119 | op=SEND_HEARTBEAT {datanodeUUID=244cdd5c-3558-4577-8146-15a3e7a5ffb6, command=[]} | ret=SUCCESS |  
2019-09-20 09:12:15,631 | INFO  | SCMAudit | user=jenkins1000 | ip=192.168.151.119 | op=SEND_HEARTBEAT {datanodeUUID=244cdd5c-3558-4577-8146-15a3e7a5ffb6, command=[]} | ret=SUCCESS |  
2019-09-20 09:12:15,831 | INFO  | SCMAudit | user=jenkins1000 | ip=192.168.151.119 | op=SEND_HEARTBEAT {datanodeUUID=244cdd5c-3558-4577-8146-15a3e7a5ffb6, command=[]} | ret=SUCCESS |  
2019-09-20 09:12:16,031 | INFO  | SCMAudit | user=jenkins1000 | ip=192.168.151.119 | op=SEND_HEARTBEAT {datanodeUUID=244cdd5c-3558-4577-8146-15a3e7a5ffb6, command=[]} | ret=SUCCESS |  
2019-09-20 09:12:16,231 | INFO  | SCMAudit | user=jenkins1000 | ip=192.168.151.119 | op=SEND_HEARTBEAT {datanodeUUID=244cdd5c-3558-4577-8146-15a3e7a5ffb6, command=[]} | ret=SUCCESS |  
2019-09-20 09:12:16,431 | INFO  | SCMAudit | user=jenkins1000 | ip=192.168.151.119 | op=SEND_HEARTBEAT {datanodeUUID=244cdd5c-3558-4577-8146-15a3e7a5ffb6, command=[]} | ret=SUCCESS |  
2019-09-20 09:12:16,631 | INFO  | SCMAudit | user=jenkins1000 | ip=192.168.151.119 | op=SEND_HEARTBEAT {datanodeUUID=244cdd5c-3558-4577-8146-15a3e7a5ffb6, command=[]} | ret=SUCCESS |  
2019-09-20 09:12:16,833 | INFO  | SCMAudit | user=jenkins1000 | ip=192.168.151.119 | op=SEND_HEARTBEAT {datanodeUUID=244cdd5c-3558-4577-8146-15a3e7a5ffb6, command=[]} | ret=SUCCESS |  
2019-09-20 09:12:17,032 | INFO  | SCMAudit | user=jenkins1000 | ip=192.168.151.119 | op=SEND_HEARTBEAT {datanodeUUID=244cdd5c-3558-4577-8146-15a3e7a5ffb6, command=[]} | ret=SUCCESS |  
2019-09-20 09:12:17,232 | INFO  | SCMAudit | user=jenkins1000 | ip=192.168.151.119 | op=SEND_HEARTBEAT {datanodeUUID=244cdd5c-3558-4577-8146-15a3e7a5ffb6, command=[]} | ret=SUCCESS |  
2019-09-20 09:12:17,432 | INFO  | SCMAudit | user=jenkins1000 | ip=192.168.151.119 | op=SEND_HEARTBEAT {datanodeUUID=244cdd5c-3558-4577-8146-15a3e7a5ffb6, command=[]} | ret=SUCCESS |  
2019-09-20 09:12:17,632 | INFO  | SCMAudit | user=jenkins1000 | ip=192.168.151.119 | op=SEND_HEARTBEAT {datanodeUUID=244cdd5c-3558-4577-8146-15a3e7a5ffb6, command=[]} | ret=SUCCESS |  
2019-09-20 09:12:17,832 | INFO  | SCMAudit | user=jenkins1000 | ip=192.168.151.119 | op=SEND_HEARTBEAT {datanodeUUID=244cdd5c-3558-4577-8146-15a3e7a5ffb6, command=[]} | ret=SUCCESS |  
2019-09-20 09:12:18,034 | INFO  | SCMAudit | user=jenkins1000 | ip=192.168.151.119 | op=SEND_HEARTBEAT {datanodeUUID=244cdd5c-3558-4577-8146-15a3e7a5ffb6, command=[]} | ret=SUCCESS |  
2019-09-20 09:12:18,234 | INFO  | SCMAudit | user=jenkins1000 | ip=192.168.151.119 | op=SEND_HEARTBEAT {datanodeUUID=244cdd5c-3558-4577-8146-15a3e7a5ffb6, command=[]} | ret=SUCCESS |  
2019-09-20 09:12:18,434 | INFO  | SCMAudit | user=jenkins1000 | ip=192.168.151.119 | op=SEND_HEARTBEAT {datanodeUUID=244cdd5c-3558-4577-8146-15a3e7a5ffb6, command=[]} | ret=SUCCESS |  
2019-09-20 09:12:18,634 | INFO  | SCMAudit | user=jenkins1000 | ip=192.168.151.119 | op=SEND_HEARTBEAT {datanodeUUID=244cdd5c-3558-4577-8146-15a3e7a5ffb6, command=[]} | ret=SUCCESS |  
2019-09-20 09:12:18,834 | INFO  | SCMAudit | user=jenkins1000 | ip=192.168.151.119 | op=SEND_HEARTBEAT {datanodeUUID=244cdd5c-3558-4577-8146-15a3e7a5ffb6, command=[]} | ret=SUCCESS |  
2019-09-20 09:12:19,034 | INFO  | SCMAudit | user=jenkins1000 | ip=192.168.151.119 | op=SEND_HEARTBEAT {datanodeUUID=244cdd5c-3558-4577-8146-15a3e7a5ffb6, command=[]} | ret=SUCCESS |  
2019-09-20 09:12:19,234 | INFO  | SCMAudit | user=jenkins1000 | ip=192.168.151.119 | op=SEND_HEARTBEAT {datanodeUUID=244cdd5c-3558-4577-8146-15a3e7a5ffb6, command=[]} | ret=SUCCESS |  
2019-09-20 09:12:19,434 | INFO  | SCMAudit | user=jenkins1000 | ip=192.168.151.119 | op=SEND_HEARTBEAT {datanodeUUID=244cdd5c-3558-4577-8146-15a3e7a5ffb6, command=[]} | ret=SUCCESS |  
2019-09-20 09:12:19,634 | INFO  | SCMAudit | user=jenkins1000 | ip=192.168.151.119 | op=SEND_HEARTBEAT {datanodeUUID=244cdd5c-3558-4577-8146-15a3e7a5ffb6, command=[]} | ret=SUCCESS |  
2019-09-20 09:12:19,834 | INFO  | SCMAudit | user=jenkins1000 | ip=192.168.151.119 | op=SEND_HEARTBEAT {datanodeUUID=244cdd5c-3558-4577-8146-15a3e7a5ffb6, command=[]} | ret=SUCCESS |  
2019-09-20 09:12:20,034 | INFO  | SCMAudit | user=jenkins1000 | ip=192.168.151.119 | op=SEND_HEARTBEAT {datanodeUUID=244cdd5c-3558-4577-8146-15a3e7a5ffb6, command=[]} | ret=SUCCESS |  
2019-09-20 09:12:20,234 | INFO  | SCMAudit | user=jenkins1000 | ip=192.168.151.119 | op=SEND_HEARTBEAT {datanodeUUID=244cdd5c-3558-4577-8146-15a3e7a5ffb6, command=[]} | ret=SUCCESS |  
2019-09-20 09:12:20,433 | INFO  | SCMAudit | user=jenkins1000 | ip=192.168.151.119 | op=SEND_HEARTBEAT {datanodeUUID=244cdd5c-3558-4577-8146-15a3e7a5ffb6, command=[]} | ret=SUCCESS |  
2019-09-20 09:12:20,634 | INFO  | SCMAudit | user=jenkins1000 | ip=192.168.151.119 | op=SEND_HEARTBEAT {datanodeUUID=244cdd5c-3558-4577-8146-15a3e7a5ffb6, command=[]} | ret=SUCCESS |  
2019-09-20 09:12:20,835 | INFO  | SCMAudit | user=jenkins1000 | ip=192.168.151.119 | op=SEND_HEARTBEAT {datanodeUUID=244cdd5c-3558-4577-8146-15a3e7a5ffb6, command=[]} | ret=SUCCESS |  
2019-09-20 09:12:21,035 | INFO  | SCMAudit | user=jenkins1000 | ip=192.168.151.119 | op=SEND_HEARTBEAT {datanodeUUID=244cdd5c-3558-4577-8146-15a3e7a5ffb6, command=[]} | ret=SUCCESS |  
2019-09-20 09:12:21,235 | INFO  | SCMAudit | user=jenkins1000 | ip=192.168.151.119 | op=SEND_HEARTBEAT {datanodeUUID=244cdd5c-3558-4577-8146-15a3e7a5ffb6, command=[]} | ret=SUCCESS |  
2019-09-20 09:12:21,435 | INFO  | SCMAudit | user=jenkins1000 | ip=192.168.151.119 | op=SEND_HEARTBEAT {datanodeUUID=244cdd5c-3558-4577-8146-15a3e7a5ffb6, command=[]} | ret=SUCCESS |  
2019-09-20 09:12:21,636 | INFO  | SCMAudit | user=jenkins1000 | ip=192.168.151.119 | op=SEND_HEARTBEAT {datanodeUUID=244cdd5c-3558-4577-8146-15a3e7a5ffb6, command=[]} | ret=SUCCESS |  
2019-09-20 09:12:21,836 | INFO  | SCMAudit | user=jenkins1000 | ip=192.168.151.119 | op=SEND_HEARTBEAT {datanodeUUID=244cdd5c-3558-4577-8146-15a3e7a5ffb6, command=[]} | ret=SUCCESS |  
2019-09-20 09:12:22,036 | INFO  | SCMAudit | user=jenkins1000 | ip=192.168.151.119 | op=SEND_HEARTBEAT {datanodeUUID=244cdd5c-3558-4577-8146-15a3e7a5ffb6, command=[]} | ret=SUCCESS |  
2019-09-20 09:12:22,236 | INFO  | SCMAudit | user=jenkins1000 | ip=192.168.151.119 | op=SEND_HEARTBEAT {datanodeUUID=244cdd5c-3558-4577-8146-15a3e7a5ffb6, command=[]} | ret=SUCCESS |  
2019-09-20 09:12:22,436 | INFO  | SCMAudit | user=jenkins1000 | ip=192.168.151.119 | op=SEND_HEARTBEAT {datanodeUUID=244cdd5c-3558-4577-8146-15a3e7a5ffb6, command=[]} | ret=SUCCESS |  
2019-09-20 09:12:22,636 | INFO  | SCMAudit | user=jenkins1000 | ip=192.168.151.119 | op=SEND_HEARTBEAT {datanodeUUID=244cdd5c-3558-4577-8146-15a3e7a5ffb6, command=[]} | ret=SUCCESS |  
2019-09-20 09:12:22,837 | INFO  | SCMAudit | user=jenkins1000 | ip=192.168.151.119 | op=SEND_HEARTBEAT {datanodeUUID=244cdd5c-3558-4577-8146-15a3e7a5ffb6, command=[]} | ret=SUCCESS |  
2019-09-20 09:12:23,038 | INFO  | SCMAudit | user=jenkins1000 | ip=192.168.151.119 | op=SEND_HEARTBEAT {datanodeUUID=244cdd5c-3558-4577-8146-15a3e7a5ffb6, command=[]} | ret=SUCCESS |  
2019-09-20 09:12:23,237 | INFO  | SCMAudit | user=jenkins1000 | ip=192.168.151.119 | op=SEND_HEARTBEAT {datanodeUUID=244cdd5c-3558-4577-8146-15a3e7a5ffb6, command=[]} | ret=SUCCESS |  
2019-09-20 09:12:23,438 | INFO  | SCMAudit | user=jenkins1000 | ip=192.168.151.119 | op=SEND_HEARTBEAT {datanodeUUID=244cdd5c-3558-4577-8146-15a3e7a5ffb6, command=[]} | ret=SUCCESS |  
2019-09-20 09:12:23,637 | INFO  | SCMAudit | user=jenkins1000 | ip=192.168.151.119 | op=SEND_HEARTBEAT {datanodeUUID=244cdd5c-3558-4577-8146-15a3e7a5ffb6, command=[]} | ret=SUCCESS |  
2019-09-20 09:12:23,838 | INFO  | SCMAudit | user=jenkins1000 | ip=192.168.151.119 | op=SEND_HEARTBEAT {datanodeUUID=244cdd5c-3558-4577-8146-15a3e7a5ffb6, command=[]} | ret=SUCCESS |  
2019-09-20 09:12:24,037 | INFO  | SCMAudit | user=jenkins1000 | ip=192.168.151.119 | op=SEND_HEARTBEAT {datanodeUUID=244cdd5c-3558-4577-8146-15a3e7a5ffb6, command=[]} | ret=SUCCESS |  
2019-09-20 09:12:24,238 | INFO  | SCMAudit | user=jenkins1000 | ip=192.168.151.119 | op=SEND_HEARTBEAT {datanodeUUID=244cdd5c-3558-4577-8146-15a3e7a5ffb6, command=[]} | ret=SUCCESS |  
2019-09-20 09:12:24,437 | INFO  | SCMAudit | user=jenkins1000 | ip=192.168.151.119 | op=SEND_HEARTBEAT {datanodeUUID=244cdd5c-3558-4577-8146-15a3e7a5ffb6, command=[]} | ret=SUCCESS |  
2019-09-20 09:12:24,637 | INFO  | SCMAudit | user=jenkins1000 | ip=192.168.151.119 | op=SEND_HEARTBEAT {datanodeUUID=244cdd5c-3558-4577-8146-15a3e7a5ffb6, command=[]} | ret=SUCCESS |  
2019-09-20 09:12:24,837 | INFO  | SCMAudit | user=jenkins1000 | ip=192.168.151.119 | op=SEND_HEARTBEAT {datanodeUUID=244cdd5c-3558-4577-8146-15a3e7a5ffb6, command=[]} | ret=SUCCESS |  
2019-09-20 09:12:25,037 | INFO  | SCMAudit | user=jenkins1000 | ip=192.168.151.119 | op=SEND_HEARTBEAT {datanodeUUID=244cdd5c-3558-4577-8146-15a3e7a5ffb6, command=[]} | ret=SUCCESS |  
2019-09-20 09:12:25,237 | INFO  | SCMAudit | user=jenkins1000 | ip=192.168.151.119 | op=SEND_HEARTBEAT {datanodeUUID=244cdd5c-3558-4577-8146-15a3e7a5ffb6, command=[]} | ret=SUCCESS |  
2019-09-20 09:12:25,438 | INFO  | SCMAudit | user=jenkins1000 | ip=192.168.151.119 | op=SEND_HEARTBEAT {datanodeUUID=244cdd5c-3558-4577-8146-15a3e7a5ffb6, command=[]} | ret=SUCCESS |  
2019-09-20 09:12:25,638 | INFO  | SCMAudit | user=jenkins1000 | ip=192.168.151.119 | op=SEND_HEARTBEAT {datanodeUUID=244cdd5c-3558-4577-8146-15a3e7a5ffb6, command=[]} | ret=SUCCESS |  
2019-09-20 09:12:25,837 | INFO  | SCMAudit | user=jenkins1000 | ip=192.168.151.119 | op=SEND_HEARTBEAT {datanodeUUID=244cdd5c-3558-4577-8146-15a3e7a5ffb6, command=[]} | ret=SUCCESS |  
2019-09-20 09:12:26,037 | INFO  | SCMAudit | user=jenkins1000 | ip=192.168.151.119 | op=SEND_HEARTBEAT {datanodeUUID=244cdd5c-3558-4577-8146-15a3e7a5ffb6, command=[]} | ret=SUCCESS |  
2019-09-20 09:12:26,237 | INFO  | SCMAudit | user=jenkins1000 | ip=192.168.151.119 | op=SEND_HEARTBEAT {datanodeUUID=244cdd5c-3558-4577-8146-15a3e7a5ffb6, command=[]} | ret=SUCCESS |  
2019-09-20 09:12:26,437 | INFO  | SCMAudit | user=jenkins1000 | ip=192.168.151.119 | op=SEND_HEARTBEAT {datanodeUUID=244cdd5c-3558-4577-8146-15a3e7a5ffb6, command=[]} | ret=SUCCESS |  
2019-09-20 09:12:26,637 | INFO  | SCMAudit | user=jenkins1000 | ip=192.168.151.119 | op=SEND_HEARTBEAT {datanodeUUID=244cdd5c-3558-4577-8146-15a3e7a5ffb6, command=[]} | ret=SUCCESS |  
2019-09-20 09:12:26,837 | INFO  | SCMAudit | user=jenkins1000 | ip=192.168.151.119 | op=SEND_HEARTBEAT {datanodeUUID=244cdd5c-3558-4577-8146-15a3e7a5ffb6, command=[]} | ret=SUCCESS |  
2019-09-20 09:12:27,037 | INFO  | SCMAudit | user=jenkins1000 | ip=192.168.151.119 | op=SEND_HEARTBEAT {datanodeUUID=244cdd5c-3558-4577-8146-15a3e7a5ffb6, command=[]} | ret=SUCCESS |  
2019-09-20 09:12:27,238 | INFO  | SCMAudit | user=jenkins1000 | ip=192.168.151.119 | op=SEND_HEARTBEAT {datanodeUUID=244cdd5c-3558-4577-8146-15a3e7a5ffb6, command=[]} | ret=SUCCESS |  
2019-09-20 09:12:27,437 | INFO  | SCMAudit | user=jenkins1000 | ip=192.168.151.119 | op=SEND_HEARTBEAT {datanodeUUID=244cdd5c-3558-4577-8146-15a3e7a5ffb6, command=[]} | ret=SUCCESS |  
2019-09-20 09:12:27,637 | INFO  | SCMAudit | user=jenkins1000 | ip=192.168.151.119 | op=SEND_HEARTBEAT {datanodeUUID=244cdd5c-3558-4577-8146-15a3e7a5ffb6, command=[]} | ret=SUCCESS |  
2019-09-20 09:12:27,838 | INFO  | SCMAudit | user=jenkins1000 | ip=192.168.151.119 | op=SEND_HEARTBEAT {datanodeUUID=244cdd5c-3558-4577-8146-15a3e7a5ffb6, command=[]} | ret=SUCCESS |  
2019-09-20 09:12:28,037 | INFO  | SCMAudit | user=jenkins1000 | ip=192.168.151.119 | op=SEND_HEARTBEAT {datanodeUUID=244cdd5c-3558-4577-8146-15a3e7a5ffb6, command=[]} | ret=SUCCESS |  
2019-09-20 09:12:28,237 | INFO  | SCMAudit | user=jenkins1000 | ip=192.168.151.119 | op=SEND_HEARTBEAT {datanodeUUID=244cdd5c-3558-4577-8146-15a3e7a5ffb6, command=[]} | ret=SUCCESS |  
2019-09-20 09:12:28,437 | INFO  | SCMAudit | user=jenkins1000 | ip=192.168.151.119 | op=SEND_HEARTBEAT {datanodeUUID=244cdd5c-3558-4577-8146-15a3e7a5ffb6, command=[]} | ret=SUCCESS |  
2019-09-20 09:12:28,637 | INFO  | SCMAudit | user=jenkins1000 | ip=192.168.151.119 | op=SEND_HEARTBEAT {datanodeUUID=244cdd5c-3558-4577-8146-15a3e7a5ffb6, command=[]} | ret=SUCCESS |  
2019-09-20 09:12:28,837 | INFO  | SCMAudit | user=jenkins1000 | ip=192.168.151.119 | op=SEND_HEARTBEAT {datanodeUUID=244cdd5c-3558-4577-8146-15a3e7a5ffb6, command=[]} | ret=SUCCESS |  
2019-09-20 09:12:29,037 | INFO  | SCMAudit | user=jenkins1000 | ip=192.168.151.119 | op=SEND_HEARTBEAT {datanodeUUID=244cdd5c-3558-4577-8146-15a3e7a5ffb6, command=[]} | ret=SUCCESS |  
2019-09-20 09:12:29,237 | INFO  | SCMAudit | user=jenkins1000 | ip=192.168.151.119 | op=SEND_HEARTBEAT {datanodeUUID=244cdd5c-3558-4577-8146-15a3e7a5ffb6, command=[]} | ret=SUCCESS |  
2019-09-20 09:12:29,438 | INFO  | SCMAudit | user=jenkins1000 | ip=192.168.151.119 | op=SEND_HEARTBEAT {datanodeUUID=244cdd5c-3558-4577-8146-15a3e7a5ffb6, command=[]} | ret=SUCCESS |  
2019-09-20 09:12:29,639 | INFO  | SCMAudit | user=jenkins1000 | ip=192.168.151.119 | op=SEND_HEARTBEAT {datanodeUUID=244cdd5c-3558-4577-8146-15a3e7a5ffb6, command=[]} | ret=SUCCESS |  
2019-09-20 09:12:29,838 | INFO  | SCMAudit | user=jenkins1000 | ip=192.168.151.119 | op=SEND_HEARTBEAT {datanodeUUID=244cdd5c-3558-4577-8146-15a3e7a5ffb6, command=[]} | ret=SUCCESS |  
2019-09-20 09:12:30,038 | INFO  | SCMAudit | user=jenkins1000 | ip=192.168.151.119 | op=SEND_HEARTBEAT {datanodeUUID=244cdd5c-3558-4577-8146-15a3e7a5ffb6, command=[]} | ret=SUCCESS |  
2019-09-20 09:12:30,238 | INFO  | SCMAudit | user=jenkins1000 | ip=192.168.151.119 | op=SEND_HEARTBEAT {datanodeUUID=244cdd5c-3558-4577-8146-15a3e7a5ffb6, command=[]} | ret=SUCCESS |  
2019-09-20 09:12:30,438 | INFO  | SCMAudit | user=jenkins1000 | ip=192.168.151.119 | op=SEND_HEARTBEAT {datanodeUUID=244cdd5c-3558-4577-8146-15a3e7a5ffb6, command=[]} | ret=SUCCESS |  
2019-09-20 09:12:30,638 | INFO  | SCMAudit | user=jenkins1000 | ip=192.168.151.119 | op=SEND_HEARTBEAT {datanodeUUID=244cdd5c-3558-4577-8146-15a3e7a5ffb6, command=[]} | ret=SUCCESS |  
2019-09-20 09:12:30,839 | INFO  | SCMAudit | user=jenkins1000 | ip=192.168.151.119 | op=SEND_HEARTBEAT {datanodeUUID=244cdd5c-3558-4577-8146-15a3e7a5ffb6, command=[]} | ret=SUCCESS |  
2019-09-20 09:12:31,039 | INFO  | SCMAudit | user=jenkins1000 | ip=192.168.151.119 | op=SEND_HEARTBEAT {datanodeUUID=244cdd5c-3558-4577-8146-15a3e7a5ffb6, command=[]} | ret=SUCCESS |  
2019-09-20 09:12:31,239 | INFO  | SCMAudit | user=jenkins1000 | ip=192.168.151.119 | op=SEND_HEARTBEAT {datanodeUUID=244cdd5c-3558-4577-8146-15a3e7a5ffb6, command=[]} | ret=SUCCESS |  
2019-09-20 09:12:31,439 | INFO  | SCMAudit | user=jenkins1000 | ip=192.168.151.119 | op=SEND_HEARTBEAT {datanodeUUID=244cdd5c-3558-4577-8146-15a3e7a5ffb6, command=[]} | ret=SUCCESS |  
2019-09-20 09:12:31,639 | INFO  | SCMAudit | user=jenkins1000 | ip=192.168.151.119 | op=SEND_HEARTBEAT {datanodeUUID=244cdd5c-3558-4577-8146-15a3e7a5ffb6, command=[]} | ret=SUCCESS |  
2019-09-20 09:12:31,839 | INFO  | SCMAudit | user=jenkins1000 | ip=192.168.151.119 | op=SEND_HEARTBEAT {datanodeUUID=244cdd5c-3558-4577-8146-15a3e7a5ffb6, command=[]} | ret=SUCCESS |  
2019-09-20 09:12:32,041 | INFO  | SCMAudit | user=jenkins1000 | ip=192.168.151.119 | op=SEND_HEARTBEAT {datanodeUUID=244cdd5c-3558-4577-8146-15a3e7a5ffb6, command=[]} | ret=SUCCESS |  
2019-09-20 09:12:32,239 | INFO  | SCMAudit | user=jenkins1000 | ip=192.168.151.119 | op=SEND_HEARTBEAT {datanodeUUID=244cdd5c-3558-4577-8146-15a3e7a5ffb6, command=[]} | ret=SUCCESS |  
2019-09-20 09:12:32,439 | INFO  | SCMAudit | user=jenkins1000 | ip=192.168.151.119 | op=SEND_HEARTBEAT {datanodeUUID=244cdd5c-3558-4577-8146-15a3e7a5ffb6, command=[]} | ret=SUCCESS |  
2019-09-20 09:12:32,639 | INFO  | SCMAudit | user=jenkins1000 | ip=192.168.151.119 | op=SEND_HEARTBEAT {datanodeUUID=244cdd5c-3558-4577-8146-15a3e7a5ffb6, command=[]} | ret=SUCCESS |  
2019-09-20 09:12:32,839 | INFO  | SCMAudit | user=jenkins1000 | ip=192.168.151.119 | op=SEND_HEARTBEAT {datanodeUUID=244cdd5c-3558-4577-8146-15a3e7a5ffb6, command=[]} | ret=SUCCESS |  
2019-09-20 09:12:33,040 | INFO  | SCMAudit | user=jenkins1000 | ip=192.168.151.119 | op=SEND_HEARTBEAT {datanodeUUID=244cdd5c-3558-4577-8146-15a3e7a5ffb6, command=[]} | ret=SUCCESS |  
2019-09-20 09:12:33,239 | INFO  | SCMAudit | user=jenkins1000 | ip=192.168.151.119 | op=SEND_HEARTBEAT {datanodeUUID=244cdd5c-3558-4577-8146-15a3e7a5ffb6, command=[]} | ret=SUCCESS |  
2019-09-20 09:12:33,440 | INFO  | SCMAudit | user=jenkins1000 | ip=192.168.151.119 | op=SEND_HEARTBEAT {datanodeUUID=244cdd5c-3558-4577-8146-15a3e7a5ffb6, command=[]} | ret=SUCCESS |  
2019-09-20 09:12:33,639 | INFO  | SCMAudit | user=jenkins1000 | ip=192.168.151.119 | op=SEND_HEARTBEAT {datanodeUUID=244cdd5c-3558-4577-8146-15a3e7a5ffb6, command=[]} | ret=SUCCESS |  
2019-09-20 09:12:33,839 | INFO  | SCMAudit | user=jenkins1000 | ip=192.168.151.119 | op=SEND_HEARTBEAT {datanodeUUID=244cdd5c-3558-4577-8146-15a3e7a5ffb6, command=[]} | ret=SUCCESS |  
2019-09-20 09:12:34,040 | INFO  | SCMAudit | user=jenkins1000 | ip=192.168.151.119 | op=SEND_HEARTBEAT {datanodeUUID=244cdd5c-3558-4577-8146-15a3e7a5ffb6, command=[]} | ret=SUCCESS |  
2019-09-20 09:12:34,239 | INFO  | SCMAudit | user=jenkins1000 | ip=192.168.151.119 | op=SEND_HEARTBEAT {datanodeUUID=244cdd5c-3558-4577-8146-15a3e7a5ffb6, command=[]} | ret=SUCCESS |  
2019-09-20 09:12:34,440 | INFO  | SCMAudit | user=jenkins1000 | ip=192.168.151.119 | op=SEND_HEARTBEAT {datanodeUUID=244cdd5c-3558-4577-8146-15a3e7a5ffb6, command=[]} | ret=SUCCESS |  
2019-09-20 09:12:34,639 | INFO  | SCMAudit | user=jenkins1000 | ip=192.168.151.119 | op=SEND_HEARTBEAT {datanodeUUID=244cdd5c-3558-4577-8146-15a3e7a5ffb6, command=[]} | ret=SUCCESS |  
2019-09-20 09:12:34,839 | INFO  | SCMAudit | user=jenkins1000 | ip=192.168.151.119 | op=SEND_HEARTBEAT {datanodeUUID=244cdd5c-3558-4577-8146-15a3e7a5ffb6, command=[]} | ret=SUCCESS |  
2019-09-20 09:12:35,040 | INFO  | SCMAudit | user=jenkins1000 | ip=192.168.151.119 | op=SEND_HEARTBEAT {datanodeUUID=244cdd5c-3558-4577-8146-15a3e7a5ffb6, command=[]} | ret=SUCCESS |  
2019-09-20 09:12:35,239 | INFO  | SCMAudit | user=jenkins1000 | ip=192.168.151.119 | op=SEND_HEARTBEAT {datanodeUUID=244cdd5c-3558-4577-8146-15a3e7a5ffb6, command=[]} | ret=SUCCESS |  
2019-09-20 09:12:35,440 | INFO  | SCMAudit | user=jenkins1000 | ip=192.168.151.119 | op=SEND_HEARTBEAT {datanodeUUID=244cdd5c-3558-4577-8146-15a3e7a5ffb6, command=[]} | ret=SUCCESS |  
2019-09-20 09:12:35,639 | INFO  | SCMAudit | user=jenkins1000 | ip=192.168.151.119 | op=SEND_HEARTBEAT {datanodeUUID=244cdd5c-3558-4577-8146-15a3e7a5ffb6, command=[]} | ret=SUCCESS |  
2019-09-20 09:12:35,839 | INFO  | SCMAudit | user=jenkins1000 | ip=192.168.151.119 | op=SEND_HEARTBEAT {datanodeUUID=244cdd5c-3558-4577-8146-15a3e7a5ffb6, command=[]} | ret=SUCCESS |  
2019-09-20 09:12:36,039 | INFO  | SCMAudit | user=jenkins1000 | ip=192.168.151.119 | op=SEND_HEARTBEAT {datanodeUUID=244cdd5c-3558-4577-8146-15a3e7a5ffb6, command=[]} | ret=SUCCESS |  
2019-09-20 09:12:36,239 | INFO  | SCMAudit | user=jenkins1000 | ip=192.168.151.119 | op=SEND_HEARTBEAT {datanodeUUID=244cdd5c-3558-4577-8146-15a3e7a5ffb6, command=[]} | ret=SUCCESS |  
2019-09-20 09:12:36,439 | INFO  | SCMAudit | user=jenkins1000 | ip=192.168.151.119 | op=SEND_HEARTBEAT {datanodeUUID=244cdd5c-3558-4577-8146-15a3e7a5ffb6, command=[]} | ret=SUCCESS |  
2019-09-20 09:12:36,638 | INFO  | SCMAudit | user=jenkins1000 | ip=192.168.151.119 | op=SEND_HEARTBEAT {datanodeUUID=244cdd5c-3558-4577-8146-15a3e7a5ffb6, command=[]} | ret=SUCCESS |  
2019-09-20 09:12:36,839 | INFO  | SCMAudit | user=jenkins1000 | ip=192.168.151.119 | op=SEND_HEARTBEAT {datanodeUUID=244cdd5c-3558-4577-8146-15a3e7a5ffb6, command=[]} | ret=SUCCESS |  
2019-09-20 09:12:37,039 | INFO  | SCMAudit | user=jenkins1000 | ip=192.168.151.119 | op=SEND_HEARTBEAT {datanodeUUID=244cdd5c-3558-4577-8146-15a3e7a5ffb6, command=[]} | ret=SUCCESS |  
2019-09-20 09:12:37,240 | INFO  | SCMAudit | user=jenkins1000 | ip=192.168.151.119 | op=SEND_HEARTBEAT {datanodeUUID=244cdd5c-3558-4577-8146-15a3e7a5ffb6, command=[]} | ret=SUCCESS |  
2019-09-20 09:12:37,439 | INFO  | SCMAudit | user=jenkins1000 | ip=192.168.151.119 | op=SEND_HEARTBEAT {datanodeUUID=244cdd5c-3558-4577-8146-15a3e7a5ffb6, command=[]} | ret=SUCCESS |  
2019-09-20 09:12:37,638 | INFO  | SCMAudit | user=jenkins1000 | ip=192.168.151.119 | op=SEND_HEARTBEAT {datanodeUUID=244cdd5c-3558-4577-8146-15a3e7a5ffb6, command=[]} | ret=SUCCESS |  
2019-09-20 09:12:37,840 | INFO  | SCMAudit | user=jenkins1000 | ip=192.168.151.119 | op=SEND_HEARTBEAT {datanodeUUID=244cdd5c-3558-4577-8146-15a3e7a5ffb6, command=[]} | ret=SUCCESS |  
2019-09-20 09:12:38,040 | INFO  | SCMAudit | user=jenkins1000 | ip=192.168.151.119 | op=SEND_HEARTBEAT {datanodeUUID=244cdd5c-3558-4577-8146-15a3e7a5ffb6, command=[]} | ret=SUCCESS |  
2019-09-20 09:12:38,240 | INFO  | SCMAudit | user=jenkins1000 | ip=192.168.151.119 | op=SEND_HEARTBEAT {datanodeUUID=244cdd5c-3558-4577-8146-15a3e7a5ffb6, command=[]} | ret=SUCCESS |  
2019-09-20 09:12:38,440 | INFO  | SCMAudit | user=jenkins1000 | ip=192.168.151.119 | op=SEND_HEARTBEAT {datanodeUUID=244cdd5c-3558-4577-8146-15a3e7a5ffb6, command=[]} | ret=SUCCESS |  
2019-09-20 09:12:38,640 | INFO  | SCMAudit | user=jenkins1000 | ip=192.168.151.119 | op=SEND_HEARTBEAT {datanodeUUID=244cdd5c-3558-4577-8146-15a3e7a5ffb6, command=[]} | ret=SUCCESS |  
2019-09-20 09:12:38,840 | INFO  | SCMAudit | user=jenkins1000 | ip=192.168.151.119 | op=SEND_HEARTBEAT {datanodeUUID=244cdd5c-3558-4577-8146-15a3e7a5ffb6, command=[]} | ret=SUCCESS |  
2019-09-20 09:12:39,041 | INFO  | SCMAudit | user=jenkins1000 | ip=192.168.151.119 | op=SEND_HEARTBEAT {datanodeUUID=244cdd5c-3558-4577-8146-15a3e7a5ffb6, command=[]} | ret=SUCCESS |  
2019-09-20 09:12:39,241 | INFO  | SCMAudit | user=jenkins1000 | ip=192.168.151.119 | op=SEND_HEARTBEAT {datanodeUUID=244cdd5c-3558-4577-8146-15a3e7a5ffb6, command=[]} | ret=SUCCESS |  
2019-09-20 09:12:39,441 | INFO  | SCMAudit | user=jenkins1000 | ip=192.168.151.119 | op=SEND_HEARTBEAT {datanodeUUID=244cdd5c-3558-4577-8146-15a3e7a5ffb6, command=[]} | ret=SUCCESS |  
2019-09-20 09:12:39,641 | INFO  | SCMAudit | user=jenkins1000 | ip=192.168.151.119 | op=SEND_HEARTBEAT {datanodeUUID=244cdd5c-3558-4577-8146-15a3e7a5ffb6, command=[]} | ret=SUCCESS |  
2019-09-20 09:12:39,842 | INFO  | SCMAudit | user=jenkins1000 | ip=192.168.151.119 | op=SEND_HEARTBEAT {datanodeUUID=244cdd5c-3558-4577-8146-15a3e7a5ffb6, command=[]} | ret=SUCCESS |  
2019-09-20 09:12:40,041 | INFO  | SCMAudit | user=jenkins1000 | ip=192.168.151.119 | op=SEND_HEARTBEAT {datanodeUUID=244cdd5c-3558-4577-8146-15a3e7a5ffb6, command=[]} | ret=SUCCESS |  
2019-09-20 09:12:40,241 | INFO  | SCMAudit | user=jenkins1000 | ip=192.168.151.119 | op=SEND_HEARTBEAT {datanodeUUID=244cdd5c-3558-4577-8146-15a3e7a5ffb6, command=[]} | ret=SUCCESS |  
2019-09-20 09:12:40,441 | INFO  | SCMAudit | user=jenkins1000 | ip=192.168.151.119 | op=SEND_HEARTBEAT {datanodeUUID=244cdd5c-3558-4577-8146-15a3e7a5ffb6, command=[]} | ret=SUCCESS |  
2019-09-20 09:12:40,642 | INFO  | SCMAudit | user=jenkins1000 | ip=192.168.151.119 | op=SEND_HEARTBEAT {datanodeUUID=244cdd5c-3558-4577-8146-15a3e7a5ffb6, command=[]} | ret=SUCCESS |  
2019-09-20 09:12:40,842 | INFO  | SCMAudit | user=jenkins1000 | ip=192.168.151.119 | op=SEND_HEARTBEAT {datanodeUUID=244cdd5c-3558-4577-8146-15a3e7a5ffb6, command=[]} | ret=SUCCESS |  
2019-09-20 09:12:41,042 | INFO  | SCMAudit | user=jenkins1000 | ip=192.168.151.119 | op=SEND_HEARTBEAT {datanodeUUID=244cdd5c-3558-4577-8146-15a3e7a5ffb6, command=[]} | ret=SUCCESS |  
2019-09-20 09:12:41,242 | INFO  | SCMAudit | user=jenkins1000 | ip=192.168.151.119 | op=SEND_HEARTBEAT {datanodeUUID=244cdd5c-3558-4577-8146-15a3e7a5ffb6, command=[]} | ret=SUCCESS |  
2019-09-20 09:12:41,442 | INFO  | SCMAudit | user=jenkins1000 | ip=192.168.151.119 | op=SEND_HEARTBEAT {datanodeUUID=244cdd5c-3558-4577-8146-15a3e7a5ffb6, command=[]} | ret=SUCCESS |  
2019-09-20 09:12:41,642 | INFO  | SCMAudit | user=jenkins1000 | ip=192.168.151.119 | op=SEND_HEARTBEAT {datanodeUUID=244cdd5c-3558-4577-8146-15a3e7a5ffb6, command=[]} | ret=SUCCESS |  
2019-09-20 09:12:41,842 | INFO  | SCMAudit | user=jenkins1000 | ip=192.168.151.119 | op=SEND_HEARTBEAT {datanodeUUID=244cdd5c-3558-4577-8146-15a3e7a5ffb6, command=[]} | ret=SUCCESS |  
2019-09-20 09:12:42,043 | INFO  | SCMAudit | user=jenkins1000 | ip=192.168.151.119 | op=SEND_HEARTBEAT {datanodeUUID=244cdd5c-3558-4577-8146-15a3e7a5ffb6, command=[]} | ret=SUCCESS |  
2019-09-20 09:12:42,243 | INFO  | SCMAudit | user=jenkins1000 | ip=192.168.151.119 | op=SEND_HEARTBEAT {datanodeUUID=244cdd5c-3558-4577-8146-15a3e7a5ffb6, command=[]} | ret=SUCCESS |  
2019-09-20 09:12:42,445 | INFO  | SCMAudit | user=jenkins1000 | ip=192.168.151.119 | op=SEND_HEARTBEAT {datanodeUUID=244cdd5c-3558-4577-8146-15a3e7a5ffb6, command=[]} | ret=SUCCESS |  
2019-09-20 09:12:42,643 | INFO  | SCMAudit | user=jenkins1000 | ip=192.168.151.119 | op=SEND_HEARTBEAT {datanodeUUID=244cdd5c-3558-4577-8146-15a3e7a5ffb6, command=[]} | ret=SUCCESS |  
2019-09-20 09:12:42,843 | INFO  | SCMAudit | user=jenkins1000 | ip=192.168.151.119 | op=SEND_HEARTBEAT {datanodeUUID=244cdd5c-3558-4577-8146-15a3e7a5ffb6, command=[]} | ret=SUCCESS |  
2019-09-20 09:12:43,044 | INFO  | SCMAudit | user=jenkins1000 | ip=192.168.151.119 | op=SEND_HEARTBEAT {datanodeUUID=244cdd5c-3558-4577-8146-15a3e7a5ffb6, command=[]} | ret=SUCCESS |  
2019-09-20 09:12:43,244 | INFO  | SCMAudit | user=jenkins1000 | ip=192.168.151.119 | op=SEND_HEARTBEAT {datanodeUUID=244cdd5c-3558-4577-8146-15a3e7a5ffb6, command=[]} | ret=SUCCESS |  
2019-09-20 09:12:43,445 | INFO  | SCMAudit | user=jenkins1000 | ip=192.168.151.119 | op=SEND_HEARTBEAT {datanodeUUID=244cdd5c-3558-4577-8146-15a3e7a5ffb6, command=[]} | ret=SUCCESS |  
2019-09-20 09:12:43,644 | INFO  | SCMAudit | user=jenkins1000 | ip=192.168.151.119 | op=SEND_HEARTBEAT {datanodeUUID=244cdd5c-3558-4577-8146-15a3e7a5ffb6, command=[]} | ret=SUCCESS |  
2019-09-20 09:12:43,844 | INFO  | SCMAudit | user=jenkins1000 | ip=192.168.151.119 | op=SEND_HEARTBEAT {datanodeUUID=244cdd5c-3558-4577-8146-15a3e7a5ffb6, command=[]} | ret=SUCCESS |  
2019-09-20 09:12:44,044 | INFO  | SCMAudit | user=jenkins1000 | ip=192.168.151.119 | op=SEND_HEARTBEAT {datanodeUUID=244cdd5c-3558-4577-8146-15a3e7a5ffb6, command=[]} | ret=SUCCESS |  
2019-09-20 09:12:44,245 | INFO  | SCMAudit | user=jenkins1000 | ip=192.168.151.119 | op=SEND_HEARTBEAT {datanodeUUID=244cdd5c-3558-4577-8146-15a3e7a5ffb6, command=[]} | ret=SUCCESS |  
2019-09-20 09:12:44,446 | INFO  | SCMAudit | user=jenkins1000 | ip=192.168.151.119 | op=SEND_HEARTBEAT {datanodeUUID=244cdd5c-3558-4577-8146-15a3e7a5ffb6, command=[]} | ret=SUCCESS |  
2019-09-20 09:12:44,647 | INFO  | SCMAudit | user=jenkins1000 | ip=192.168.151.119 | op=SEND_HEARTBEAT {datanodeUUID=244cdd5c-3558-4577-8146-15a3e7a5ffb6, command=[]} | ret=SUCCESS |  
2019-09-20 09:12:44,848 | INFO  | SCMAudit | user=jenkins1000 | ip=192.168.151.119 | op=SEND_HEARTBEAT {datanodeUUID=244cdd5c-3558-4577-8146-15a3e7a5ffb6, command=[]} | ret=SUCCESS |  
2019-09-20 09:12:45,048 | INFO  | SCMAudit | user=jenkins1000 | ip=192.168.151.119 | op=SEND_HEARTBEAT {datanodeUUID=244cdd5c-3558-4577-8146-15a3e7a5ffb6, command=[]} | ret=SUCCESS |  
2019-09-20 09:12:45,250 | INFO  | SCMAudit | user=jenkins1000 | ip=192.168.151.119 | op=SEND_HEARTBEAT {datanodeUUID=244cdd5c-3558-4577-8146-15a3e7a5ffb6, command=[]} | ret=SUCCESS |  
2019-09-20 09:12:45,448 | INFO  | SCMAudit | user=jenkins1000 | ip=192.168.151.119 | op=SEND_HEARTBEAT {datanodeUUID=244cdd5c-3558-4577-8146-15a3e7a5ffb6, command=[]} | ret=SUCCESS |  
2019-09-20 09:12:45,649 | INFO  | SCMAudit | user=jenkins1000 | ip=192.168.151.119 | op=SEND_HEARTBEAT {datanodeUUID=244cdd5c-3558-4577-8146-15a3e7a5ffb6, command=[]} | ret=SUCCESS |  
2019-09-20 09:12:45,849 | INFO  | SCMAudit | user=jenkins1000 | ip=192.168.151.119 | op=SEND_HEARTBEAT {datanodeUUID=244cdd5c-3558-4577-8146-15a3e7a5ffb6, command=[]} | ret=SUCCESS |  
2019-09-20 09:12:46,049 | INFO  | SCMAudit | user=jenkins1000 | ip=192.168.151.119 | op=SEND_HEARTBEAT {datanodeUUID=244cdd5c-3558-4577-8146-15a3e7a5ffb6, command=[]} | ret=SUCCESS |  
2019-09-20 09:12:46,249 | INFO  | SCMAudit | user=jenkins1000 | ip=192.168.151.119 | op=SEND_HEARTBEAT {datanodeUUID=244cdd5c-3558-4577-8146-15a3e7a5ffb6, command=[]} | ret=SUCCESS |  
2019-09-20 09:12:46,451 | INFO  | SCMAudit | user=jenkins1000 | ip=192.168.151.119 | op=SEND_HEARTBEAT {datanodeUUID=244cdd5c-3558-4577-8146-15a3e7a5ffb6, command=[]} | ret=SUCCESS |  
2019-09-20 09:12:46,650 | INFO  | SCMAudit | user=jenkins1000 | ip=192.168.151.119 | op=SEND_HEARTBEAT {datanodeUUID=244cdd5c-3558-4577-8146-15a3e7a5ffb6, command=[]} | ret=SUCCESS |  
2019-09-20 09:12:46,850 | INFO  | SCMAudit | user=jenkins1000 | ip=192.168.151.119 | op=SEND_HEARTBEAT {datanodeUUID=244cdd5c-3558-4577-8146-15a3e7a5ffb6, command=[]} | ret=SUCCESS |  
2019-09-20 09:12:47,050 | INFO  | SCMAudit | user=jenkins1000 | ip=192.168.151.119 | op=SEND_HEARTBEAT {datanodeUUID=244cdd5c-3558-4577-8146-15a3e7a5ffb6, command=[]} | ret=SUCCESS |  
2019-09-20 09:12:47,251 | INFO  | SCMAudit | user=jenkins1000 | ip=192.168.151.119 | op=SEND_HEARTBEAT {datanodeUUID=244cdd5c-3558-4577-8146-15a3e7a5ffb6, command=[]} | ret=SUCCESS |  
2019-09-20 09:12:47,451 | INFO  | SCMAudit | user=jenkins1000 | ip=192.168.151.119 | op=SEND_HEARTBEAT {datanodeUUID=244cdd5c-3558-4577-8146-15a3e7a5ffb6, command=[]} | ret=SUCCESS |  
2019-09-20 09:12:47,651 | INFO  | SCMAudit | user=jenkins1000 | ip=192.168.151.119 | op=SEND_HEARTBEAT {datanodeUUID=244cdd5c-3558-4577-8146-15a3e7a5ffb6, command=[]} | ret=SUCCESS |  
2019-09-20 09:12:47,851 | INFO  | SCMAudit | user=jenkins1000 | ip=192.168.151.119 | op=SEND_HEARTBEAT {datanodeUUID=244cdd5c-3558-4577-8146-15a3e7a5ffb6, command=[]} | ret=SUCCESS |  
2019-09-20 09:12:48,051 | INFO  | SCMAudit | user=jenkins1000 | ip=192.168.151.119 | op=SEND_HEARTBEAT {datanodeUUID=244cdd5c-3558-4577-8146-15a3e7a5ffb6, command=[]} | ret=SUCCESS |  
2019-09-20 09:12:48,251 | INFO  | SCMAudit | user=jenkins1000 | ip=192.168.151.119 | op=SEND_HEARTBEAT {datanodeUUID=244cdd5c-3558-4577-8146-15a3e7a5ffb6, command=[]} | ret=SUCCESS |  
2019-09-20 09:12:48,450 | INFO  | SCMAudit | user=jenkins1000 | ip=192.168.151.119 | op=SEND_HEARTBEAT {datanodeUUID=244cdd5c-3558-4577-8146-15a3e7a5ffb6, command=[]} | ret=SUCCESS |  
2019-09-20 09:12:48,652 | INFO  | SCMAudit | user=jenkins1000 | ip=192.168.151.119 | op=SEND_HEARTBEAT {datanodeUUID=244cdd5c-3558-4577-8146-15a3e7a5ffb6, command=[]} | ret=SUCCESS |  
2019-09-20 09:12:48,852 | INFO  | SCMAudit | user=jenkins1000 | ip=192.168.151.119 | op=SEND_HEARTBEAT {datanodeUUID=244cdd5c-3558-4577-8146-15a3e7a5ffb6, command=[]} | ret=SUCCESS |  
2019-09-20 09:12:49,052 | INFO  | SCMAudit | user=jenkins1000 | ip=192.168.151.119 | op=SEND_HEARTBEAT {datanodeUUID=244cdd5c-3558-4577-8146-15a3e7a5ffb6, command=[]} | ret=SUCCESS |  
2019-09-20 09:12:49,253 | INFO  | SCMAudit | user=jenkins1000 | ip=192.168.151.119 | op=SEND_HEARTBEAT {datanodeUUID=244cdd5c-3558-4577-8146-15a3e7a5ffb6, command=[]} | ret=SUCCESS |  
2019-09-20 09:12:49,453 | INFO  | SCMAudit | user=jenkins1000 | ip=192.168.151.119 | op=SEND_HEARTBEAT {datanodeUUID=244cdd5c-3558-4577-8146-15a3e7a5ffb6, command=[]} | ret=SUCCESS |  
2019-09-20 09:12:49,653 | INFO  | SCMAudit | user=jenkins1000 | ip=192.168.151.119 | op=SEND_HEARTBEAT {datanodeUUID=244cdd5c-3558-4577-8146-15a3e7a5ffb6, command=[]} | ret=SUCCESS |  
2019-09-20 09:12:49,853 | INFO  | SCMAudit | user=jenkins1000 | ip=192.168.151.119 | op=SEND_HEARTBEAT {datanodeUUID=244cdd5c-3558-4577-8146-15a3e7a5ffb6, command=[]} | ret=SUCCESS |  
2019-09-20 09:12:50,053 | INFO  | SCMAudit | user=jenkins1000 | ip=192.168.151.119 | op=SEND_HEARTBEAT {datanodeUUID=244cdd5c-3558-4577-8146-15a3e7a5ffb6, command=[]} | ret=SUCCESS |  
2019-09-20 09:12:50,253 | INFO  | SCMAudit | user=jenkins1000 | ip=192.168.151.119 | op=SEND_HEARTBEAT {datanodeUUID=244cdd5c-3558-4577-8146-15a3e7a5ffb6, command=[]} | ret=SUCCESS |  
2019-09-20 09:12:50,453 | INFO  | SCMAudit | user=jenkins1000 | ip=192.168.151.119 | op=SEND_HEARTBEAT {datanodeUUID=244cdd5c-3558-4577-8146-15a3e7a5ffb6, command=[]} | ret=SUCCESS |  
2019-09-20 09:12:50,653 | INFO  | SCMAudit | user=jenkins1000 | ip=192.168.151.119 | op=SEND_HEARTBEAT {datanodeUUID=244cdd5c-3558-4577-8146-15a3e7a5ffb6, command=[]} | ret=SUCCESS |  
2019-09-20 09:12:50,854 | INFO  | SCMAudit | user=jenkins1000 | ip=192.168.151.119 | op=SEND_HEARTBEAT {datanodeUUID=244cdd5c-3558-4577-8146-15a3e7a5ffb6, command=[]} | ret=SUCCESS |  
2019-09-20 09:12:51,053 | INFO  | SCMAudit | user=jenkins1000 | ip=192.168.151.119 | op=SEND_HEARTBEAT {datanodeUUID=244cdd5c-3558-4577-8146-15a3e7a5ffb6, command=[]} | ret=SUCCESS |  
2019-09-20 09:12:51,253 | INFO  | SCMAudit | user=jenkins1000 | ip=192.168.151.119 | op=SEND_HEARTBEAT {datanodeUUID=244cdd5c-3558-4577-8146-15a3e7a5ffb6, command=[]} | ret=SUCCESS |  
2019-09-20 09:12:51,453 | INFO  | SCMAudit | user=jenkins1000 | ip=192.168.151.119 | op=SEND_HEARTBEAT {datanodeUUID=244cdd5c-3558-4577-8146-15a3e7a5ffb6, command=[]} | ret=SUCCESS |  
2019-09-20 09:12:51,653 | INFO  | SCMAudit | user=jenkins1000 | ip=192.168.151.119 | op=SEND_HEARTBEAT {datanodeUUID=244cdd5c-3558-4577-8146-15a3e7a5ffb6, command=[]} | ret=SUCCESS |  
2019-09-20 09:12:51,854 | INFO  | SCMAudit | user=jenkins1000 | ip=192.168.151.119 | op=SEND_HEARTBEAT {datanodeUUID=244cdd5c-3558-4577-8146-15a3e7a5ffb6, command=[]} | ret=SUCCESS |  
2019-09-20 09:12:52,045 [RatisPipelineUtilsThread] INFO  pipeline.RatisPipelineProvider (RatisPipelineProvider.java:lambda$close$5(211)) - Send pipeline:PipelineID=5c8a5299-3384-406a-b161-0367664f1180 close command to datanode 244cdd5c-3558-4577-8146-15a3e7a5ffb6
2019-09-20 09:12:52,048 [RatisPipelineUtilsThread] INFO  pipeline.PipelineStateManager (PipelineStateManager.java:removePipeline(108)) - Pipeline Pipeline[ Id: 5c8a5299-3384-406a-b161-0367664f1180, Nodes: 244cdd5c-3558-4577-8146-15a3e7a5ffb6{ip: 192.168.151.119, host: pr-hdds-2034-wmsbd-1222111393, networkLocation: /default-rack, certSerialId: null}, Type:RATIS, Factor:ONE, State:CLOSED] removed from db
2019-09-20 09:12:52,050 [RatisPipelineUtilsThread] INFO  pipeline.RatisPipelineProvider (RatisPipelineProvider.java:lambda$create$4(164)) - Send pipeline:PipelineID=f6fc79ae-1e49-4c34-8bed-4355047221f5 create command to datanode 244cdd5c-3558-4577-8146-15a3e7a5ffb6
2019-09-20 09:12:52,058 | INFO  | SCMAudit | user=jenkins1000 | ip=192.168.151.119 | op=SEND_HEARTBEAT {datanodeUUID=244cdd5c-3558-4577-8146-15a3e7a5ffb6, command=[commandType: closePipelineCommand closePipelineCommandProto { pipelineID { id: "5c8a5299-3384-406a-b161-0367664f1180" } cmdId: 1568970695964 } , commandType: createPipelineCommand createPipelineCommandProto { pipelineID { id: "f6fc79ae-1e49-4c34-8bed-4355047221f5" } type: RATIS factor: ONE datanode { uuid: "244cdd5c-3558-4577-8146-15a3e7a5ffb6" ipAddress: "192.168.151.119" hostName: "pr-hdds-2034-wmsbd-1222111393" ports { name: "REST" value: 44964 } ports { name: "RATIS" value: 43407 } ports { name: "STANDALONE" value: 41270 } networkName: "244cdd5c-3558-4577-8146-15a3e7a5ffb6" networkLocation: "/default-rack" } cmdId: 1568970695965 } ]} | ret=SUCCESS |  
2019-09-20 09:12:52,254 | INFO  | SCMAudit | user=jenkins1000 | ip=192.168.151.119 | op=SEND_HEARTBEAT {datanodeUUID=244cdd5c-3558-4577-8146-15a3e7a5ffb6, command=[]} | ret=SUCCESS |  
2019-09-20 09:12:52,454 | INFO  | SCMAudit | user=jenkins1000 | ip=192.168.151.119 | op=SEND_HEARTBEAT {datanodeUUID=244cdd5c-3558-4577-8146-15a3e7a5ffb6, command=[]} | ret=SUCCESS |  
2019-09-20 09:12:52,654 | INFO  | SCMAudit | user=jenkins1000 | ip=192.168.151.119 | op=SEND_HEARTBEAT {datanodeUUID=244cdd5c-3558-4577-8146-15a3e7a5ffb6, command=[]} | ret=SUCCESS |  
2019-09-20 09:12:52,854 | INFO  | SCMAudit | user=jenkins1000 | ip=192.168.151.119 | op=SEND_HEARTBEAT {datanodeUUID=244cdd5c-3558-4577-8146-15a3e7a5ffb6, command=[]} | ret=SUCCESS |  
2019-09-20 09:12:53,054 | INFO  | SCMAudit | user=jenkins1000 | ip=192.168.151.119 | op=SEND_HEARTBEAT {datanodeUUID=244cdd5c-3558-4577-8146-15a3e7a5ffb6, command=[]} | ret=SUCCESS |  
2019-09-20 09:12:53,219 [RatisPipelineUtilsThread] INFO  pipeline.RatisPipelineProvider (RatisPipelineProvider.java:lambda$close$5(211)) - Send pipeline:PipelineID=5c8a5299-3384-406a-b161-0367664f1180 close command to datanode 244cdd5c-3558-4577-8146-15a3e7a5ffb6
2019-09-20 09:12:53,220 [RatisPipelineUtilsThread] ERROR pipeline.SCMPipelineManager (Scheduler.java:lambda$schedule$1(70)) - Destroy pipeline failed for pipeline:Pipeline[ Id: 5c8a5299-3384-406a-b161-0367664f1180, Nodes: 244cdd5c-3558-4577-8146-15a3e7a5ffb6{ip: 192.168.151.119, host: pr-hdds-2034-wmsbd-1222111393, networkLocation: /default-rack, certSerialId: null}, Type:RATIS, Factor:ONE, State:CLOSED]
org.apache.hadoop.hdds.scm.pipeline.PipelineNotFoundException: PipelineID=5c8a5299-3384-406a-b161-0367664f1180 not found
	at org.apache.hadoop.hdds.scm.pipeline.PipelineStateMap.getPipeline(PipelineStateMap.java:132)
	at org.apache.hadoop.hdds.scm.pipeline.PipelineStateMap.removePipeline(PipelineStateMap.java:322)
	at org.apache.hadoop.hdds.scm.pipeline.PipelineStateManager.removePipeline(PipelineStateManager.java:107)
	at org.apache.hadoop.hdds.scm.pipeline.SCMPipelineManager.removePipeline(SCMPipelineManager.java:434)
	at org.apache.hadoop.hdds.scm.pipeline.SCMPipelineManager.destroyPipeline(SCMPipelineManager.java:420)
	at org.apache.hadoop.hdds.scm.pipeline.SCMPipelineManager.lambda$finalizeAndDestroyPipeline$0(SCMPipelineManager.java:353)
	at org.apache.hadoop.utils.Scheduler.lambda$schedule$1(Scheduler.java:68)
	at java.util.concurrent.Executors$RunnableAdapter.call(Executors.java:511)
	at java.util.concurrent.FutureTask.run(FutureTask.java:266)
	at java.util.concurrent.ScheduledThreadPoolExecutor$ScheduledFutureTask.access$201(ScheduledThreadPoolExecutor.java:180)
	at java.util.concurrent.ScheduledThreadPoolExecutor$ScheduledFutureTask.run(ScheduledThreadPoolExecutor.java:293)
	at java.util.concurrent.ThreadPoolExecutor.runWorker(ThreadPoolExecutor.java:1149)
	at java.util.concurrent.ThreadPoolExecutor$Worker.run(ThreadPoolExecutor.java:624)
	at java.lang.Thread.run(Thread.java:748)
2019-09-20 09:12:53,255 | INFO  | SCMAudit | user=jenkins1000 | ip=192.168.151.119 | op=SEND_HEARTBEAT {datanodeUUID=244cdd5c-3558-4577-8146-15a3e7a5ffb6, command=[commandType: closePipelineCommand closePipelineCommandProto { pipelineID { id: "5c8a5299-3384-406a-b161-0367664f1180" } cmdId: 1568970695966 } ]} | ret=SUCCESS |  
2019-09-20 09:12:53,455 | INFO  | SCMAudit | user=jenkins1000 | ip=192.168.151.119 | op=SEND_HEARTBEAT {datanodeUUID=244cdd5c-3558-4577-8146-15a3e7a5ffb6, command=[]} | ret=SUCCESS |  
2019-09-20 09:12:53,654 | INFO  | SCMAudit | user=jenkins1000 | ip=192.168.151.119 | op=SEND_HEARTBEAT {datanodeUUID=244cdd5c-3558-4577-8146-15a3e7a5ffb6, command=[]} | ret=SUCCESS |  
2019-09-20 09:12:53,855 | INFO  | SCMAudit | user=jenkins1000 | ip=192.168.151.119 | op=SEND_HEARTBEAT {datanodeUUID=244cdd5c-3558-4577-8146-15a3e7a5ffb6, command=[]} | ret=SUCCESS |  
2019-09-20 09:12:54,055 | INFO  | SCMAudit | user=jenkins1000 | ip=192.168.151.119 | op=SEND_HEARTBEAT {datanodeUUID=244cdd5c-3558-4577-8146-15a3e7a5ffb6, command=[]} | ret=SUCCESS |  
2019-09-20 09:12:54,255 | INFO  | SCMAudit | user=jenkins1000 | ip=192.168.151.119 | op=SEND_HEARTBEAT {datanodeUUID=244cdd5c-3558-4577-8146-15a3e7a5ffb6, command=[]} | ret=SUCCESS |  
2019-09-20 09:12:54,455 | INFO  | SCMAudit | user=jenkins1000 | ip=192.168.151.119 | op=SEND_HEARTBEAT {datanodeUUID=244cdd5c-3558-4577-8146-15a3e7a5ffb6, command=[]} | ret=SUCCESS |  
2019-09-20 09:12:54,656 | INFO  | SCMAudit | user=jenkins1000 | ip=192.168.151.119 | op=SEND_HEARTBEAT {datanodeUUID=244cdd5c-3558-4577-8146-15a3e7a5ffb6, command=[]} | ret=SUCCESS |  
2019-09-20 09:12:54,856 | INFO  | SCMAudit | user=jenkins1000 | ip=192.168.151.119 | op=SEND_HEARTBEAT {datanodeUUID=244cdd5c-3558-4577-8146-15a3e7a5ffb6, command=[]} | ret=SUCCESS |  
2019-09-20 09:12:55,056 | INFO  | SCMAudit | user=jenkins1000 | ip=192.168.151.119 | op=SEND_HEARTBEAT {datanodeUUID=244cdd5c-3558-4577-8146-15a3e7a5ffb6, command=[]} | ret=SUCCESS |  
2019-09-20 09:12:55,256 | INFO  | SCMAudit | user=jenkins1000 | ip=192.168.151.119 | op=SEND_HEARTBEAT {datanodeUUID=244cdd5c-3558-4577-8146-15a3e7a5ffb6, command=[]} | ret=SUCCESS |  
2019-09-20 09:12:55,456 | INFO  | SCMAudit | user=jenkins1000 | ip=192.168.151.119 | op=SEND_HEARTBEAT {datanodeUUID=244cdd5c-3558-4577-8146-15a3e7a5ffb6, command=[]} | ret=SUCCESS |  
2019-09-20 09:12:55,656 | INFO  | SCMAudit | user=jenkins1000 | ip=192.168.151.119 | op=SEND_HEARTBEAT {datanodeUUID=244cdd5c-3558-4577-8146-15a3e7a5ffb6, command=[]} | ret=SUCCESS |  
2019-09-20 09:12:55,856 | INFO  | SCMAudit | user=jenkins1000 | ip=192.168.151.119 | op=SEND_HEARTBEAT {datanodeUUID=244cdd5c-3558-4577-8146-15a3e7a5ffb6, command=[]} | ret=SUCCESS |  
2019-09-20 09:12:56,059 | INFO  | SCMAudit | user=jenkins1000 | ip=192.168.151.119 | op=SEND_HEARTBEAT {datanodeUUID=244cdd5c-3558-4577-8146-15a3e7a5ffb6, command=[]} | ret=SUCCESS |  
2019-09-20 09:12:56,256 | INFO  | SCMAudit | user=jenkins1000 | ip=192.168.151.119 | op=SEND_HEARTBEAT {datanodeUUID=244cdd5c-3558-4577-8146-15a3e7a5ffb6, command=[]} | ret=SUCCESS |  
2019-09-20 09:12:56,456 | INFO  | SCMAudit | user=jenkins1000 | ip=192.168.151.119 | op=SEND_HEARTBEAT {datanodeUUID=244cdd5c-3558-4577-8146-15a3e7a5ffb6, command=[]} | ret=SUCCESS |  
2019-09-20 09:12:56,656 | INFO  | SCMAudit | user=jenkins1000 | ip=192.168.151.119 | op=SEND_HEARTBEAT {datanodeUUID=244cdd5c-3558-4577-8146-15a3e7a5ffb6, command=[]} | ret=SUCCESS |  
2019-09-20 09:12:56,856 | INFO  | SCMAudit | user=jenkins1000 | ip=192.168.151.119 | op=SEND_HEARTBEAT {datanodeUUID=244cdd5c-3558-4577-8146-15a3e7a5ffb6, command=[]} | ret=SUCCESS |  
2019-09-20 09:12:57,057 | INFO  | SCMAudit | user=jenkins1000 | ip=192.168.151.119 | op=SEND_HEARTBEAT {datanodeUUID=244cdd5c-3558-4577-8146-15a3e7a5ffb6, command=[]} | ret=SUCCESS |  
2019-09-20 09:12:57,257 | INFO  | SCMAudit | user=jenkins1000 | ip=192.168.151.119 | op=SEND_HEARTBEAT {datanodeUUID=244cdd5c-3558-4577-8146-15a3e7a5ffb6, command=[]} | ret=SUCCESS |  
2019-09-20 09:12:57,457 | INFO  | SCMAudit | user=jenkins1000 | ip=192.168.151.119 | op=SEND_HEARTBEAT {datanodeUUID=244cdd5c-3558-4577-8146-15a3e7a5ffb6, command=[]} | ret=SUCCESS |  
2019-09-20 09:12:57,657 | INFO  | SCMAudit | user=jenkins1000 | ip=192.168.151.119 | op=SEND_HEARTBEAT {datanodeUUID=244cdd5c-3558-4577-8146-15a3e7a5ffb6, command=[]} | ret=SUCCESS |  
2019-09-20 09:12:57,857 | INFO  | SCMAudit | user=jenkins1000 | ip=192.168.151.119 | op=SEND_HEARTBEAT {datanodeUUID=244cdd5c-3558-4577-8146-15a3e7a5ffb6, command=[]} | ret=SUCCESS |  
2019-09-20 09:12:58,056 | INFO  | SCMAudit | user=jenkins1000 | ip=192.168.151.119 | op=SEND_HEARTBEAT {datanodeUUID=244cdd5c-3558-4577-8146-15a3e7a5ffb6, command=[]} | ret=SUCCESS |  
2019-09-20 09:12:58,257 | INFO  | SCMAudit | user=jenkins1000 | ip=192.168.151.119 | op=SEND_HEARTBEAT {datanodeUUID=244cdd5c-3558-4577-8146-15a3e7a5ffb6, command=[]} | ret=SUCCESS |  
2019-09-20 09:12:58,457 | INFO  | SCMAudit | user=jenkins1000 | ip=192.168.151.119 | op=SEND_HEARTBEAT {datanodeUUID=244cdd5c-3558-4577-8146-15a3e7a5ffb6, command=[]} | ret=SUCCESS |  
2019-09-20 09:12:58,657 | INFO  | SCMAudit | user=jenkins1000 | ip=192.168.151.119 | op=SEND_HEARTBEAT {datanodeUUID=244cdd5c-3558-4577-8146-15a3e7a5ffb6, command=[]} | ret=SUCCESS |  
2019-09-20 09:12:58,857 | INFO  | SCMAudit | user=jenkins1000 | ip=192.168.151.119 | op=SEND_HEARTBEAT {datanodeUUID=244cdd5c-3558-4577-8146-15a3e7a5ffb6, command=[]} | ret=SUCCESS |  
2019-09-20 09:12:59,056 | INFO  | SCMAudit | user=jenkins1000 | ip=192.168.151.119 | op=SEND_HEARTBEAT {datanodeUUID=244cdd5c-3558-4577-8146-15a3e7a5ffb6, command=[]} | ret=SUCCESS |  
2019-09-20 09:12:59,257 | INFO  | SCMAudit | user=jenkins1000 | ip=192.168.151.119 | op=SEND_HEARTBEAT {datanodeUUID=244cdd5c-3558-4577-8146-15a3e7a5ffb6, command=[]} | ret=SUCCESS |  
2019-09-20 09:12:59,458 | INFO  | SCMAudit | user=jenkins1000 | ip=192.168.151.119 | op=SEND_HEARTBEAT {datanodeUUID=244cdd5c-3558-4577-8146-15a3e7a5ffb6, command=[]} | ret=SUCCESS |  
2019-09-20 09:12:59,658 | INFO  | SCMAudit | user=jenkins1000 | ip=192.168.151.119 | op=SEND_HEARTBEAT {datanodeUUID=244cdd5c-3558-4577-8146-15a3e7a5ffb6, command=[]} | ret=SUCCESS |  
2019-09-20 09:12:59,858 | INFO  | SCMAudit | user=jenkins1000 | ip=192.168.151.119 | op=SEND_HEARTBEAT {datanodeUUID=244cdd5c-3558-4577-8146-15a3e7a5ffb6, command=[]} | ret=SUCCESS |  
2019-09-20 09:13:00,058 | INFO  | SCMAudit | user=jenkins1000 | ip=192.168.151.119 | op=SEND_HEARTBEAT {datanodeUUID=244cdd5c-3558-4577-8146-15a3e7a5ffb6, command=[]} | ret=SUCCESS |  
2019-09-20 09:13:00,257 | INFO  | SCMAudit | user=jenkins1000 | ip=192.168.151.119 | op=SEND_HEARTBEAT {datanodeUUID=244cdd5c-3558-4577-8146-15a3e7a5ffb6, command=[]} | ret=SUCCESS |  
2019-09-20 09:13:00,458 | INFO  | SCMAudit | user=jenkins1000 | ip=192.168.151.119 | op=SEND_HEARTBEAT {datanodeUUID=244cdd5c-3558-4577-8146-15a3e7a5ffb6, command=[]} | ret=SUCCESS |  
2019-09-20 09:13:00,659 | INFO  | SCMAudit | user=jenkins1000 | ip=192.168.151.119 | op=SEND_HEARTBEAT {datanodeUUID=244cdd5c-3558-4577-8146-15a3e7a5ffb6, command=[]} | ret=SUCCESS |  
2019-09-20 09:13:00,859 | INFO  | SCMAudit | user=jenkins1000 | ip=192.168.151.119 | op=SEND_HEARTBEAT {datanodeUUID=244cdd5c-3558-4577-8146-15a3e7a5ffb6, command=[]} | ret=SUCCESS |  
2019-09-20 09:13:01,059 | INFO  | SCMAudit | user=jenkins1000 | ip=192.168.151.119 | op=SEND_HEARTBEAT {datanodeUUID=244cdd5c-3558-4577-8146-15a3e7a5ffb6, command=[]} | ret=SUCCESS |  
2019-09-20 09:13:01,259 | INFO  | SCMAudit | user=jenkins1000 | ip=192.168.151.119 | op=SEND_HEARTBEAT {datanodeUUID=244cdd5c-3558-4577-8146-15a3e7a5ffb6, command=[]} | ret=SUCCESS |  
2019-09-20 09:13:01,459 | INFO  | SCMAudit | user=jenkins1000 | ip=192.168.151.119 | op=SEND_HEARTBEAT {datanodeUUID=244cdd5c-3558-4577-8146-15a3e7a5ffb6, command=[]} | ret=SUCCESS |  
2019-09-20 09:13:01,660 | INFO  | SCMAudit | user=jenkins1000 | ip=192.168.151.119 | op=SEND_HEARTBEAT {datanodeUUID=244cdd5c-3558-4577-8146-15a3e7a5ffb6, command=[]} | ret=SUCCESS |  
2019-09-20 09:13:01,859 | INFO  | SCMAudit | user=jenkins1000 | ip=192.168.151.119 | op=SEND_HEARTBEAT {datanodeUUID=244cdd5c-3558-4577-8146-15a3e7a5ffb6, command=[]} | ret=SUCCESS |  
2019-09-20 09:13:02,059 | INFO  | SCMAudit | user=jenkins1000 | ip=192.168.151.119 | op=SEND_HEARTBEAT {datanodeUUID=244cdd5c-3558-4577-8146-15a3e7a5ffb6, command=[]} | ret=SUCCESS |  
2019-09-20 09:13:02,258 | INFO  | SCMAudit | user=jenkins1000 | ip=192.168.151.119 | op=SEND_HEARTBEAT {datanodeUUID=244cdd5c-3558-4577-8146-15a3e7a5ffb6, command=[]} | ret=SUCCESS |  
2019-09-20 09:13:02,459 | INFO  | SCMAudit | user=jenkins1000 | ip=192.168.151.119 | op=SEND_HEARTBEAT {datanodeUUID=244cdd5c-3558-4577-8146-15a3e7a5ffb6, command=[]} | ret=SUCCESS |  
2019-09-20 09:13:02,658 | INFO  | SCMAudit | user=jenkins1000 | ip=192.168.151.119 | op=SEND_HEARTBEAT {datanodeUUID=244cdd5c-3558-4577-8146-15a3e7a5ffb6, command=[]} | ret=SUCCESS |  
2019-09-20 09:13:02,859 | INFO  | SCMAudit | user=jenkins1000 | ip=192.168.151.119 | op=SEND_HEARTBEAT {datanodeUUID=244cdd5c-3558-4577-8146-15a3e7a5ffb6, command=[]} | ret=SUCCESS |  
2019-09-20 09:13:03,060 | INFO  | SCMAudit | user=jenkins1000 | ip=192.168.151.119 | op=SEND_HEARTBEAT {datanodeUUID=244cdd5c-3558-4577-8146-15a3e7a5ffb6, command=[]} | ret=SUCCESS |  
2019-09-20 09:13:03,259 | INFO  | SCMAudit | user=jenkins1000 | ip=192.168.151.119 | op=SEND_HEARTBEAT {datanodeUUID=244cdd5c-3558-4577-8146-15a3e7a5ffb6, command=[]} | ret=SUCCESS |  
2019-09-20 09:13:03,460 | INFO  | SCMAudit | user=jenkins1000 | ip=192.168.151.119 | op=SEND_HEARTBEAT {datanodeUUID=244cdd5c-3558-4577-8146-15a3e7a5ffb6, command=[]} | ret=SUCCESS |  
2019-09-20 09:13:03,660 | INFO  | SCMAudit | user=jenkins1000 | ip=192.168.151.119 | op=SEND_HEARTBEAT {datanodeUUID=244cdd5c-3558-4577-8146-15a3e7a5ffb6, command=[]} | ret=SUCCESS |  
2019-09-20 09:13:03,860 | INFO  | SCMAudit | user=jenkins1000 | ip=192.168.151.119 | op=SEND_HEARTBEAT {datanodeUUID=244cdd5c-3558-4577-8146-15a3e7a5ffb6, command=[]} | ret=SUCCESS |  
2019-09-20 09:13:04,060 | INFO  | SCMAudit | user=jenkins1000 | ip=192.168.151.119 | op=SEND_HEARTBEAT {datanodeUUID=244cdd5c-3558-4577-8146-15a3e7a5ffb6, command=[]} | ret=SUCCESS |  
2019-09-20 09:13:04,260 | INFO  | SCMAudit | user=jenkins1000 | ip=192.168.151.119 | op=SEND_HEARTBEAT {datanodeUUID=244cdd5c-3558-4577-8146-15a3e7a5ffb6, command=[]} | ret=SUCCESS |  
2019-09-20 09:13:04,459 | INFO  | SCMAudit | user=jenkins1000 | ip=192.168.151.119 | op=SEND_HEARTBEAT {datanodeUUID=244cdd5c-3558-4577-8146-15a3e7a5ffb6, command=[]} | ret=SUCCESS |  
2019-09-20 09:13:04,660 | INFO  | SCMAudit | user=jenkins1000 | ip=192.168.151.119 | op=SEND_HEARTBEAT {datanodeUUID=244cdd5c-3558-4577-8146-15a3e7a5ffb6, command=[]} | ret=SUCCESS |  
2019-09-20 09:13:04,860 | INFO  | SCMAudit | user=jenkins1000 | ip=192.168.151.119 | op=SEND_HEARTBEAT {datanodeUUID=244cdd5c-3558-4577-8146-15a3e7a5ffb6, command=[]} | ret=SUCCESS |  
2019-09-20 09:13:05,060 | INFO  | SCMAudit | user=jenkins1000 | ip=192.168.151.119 | op=SEND_HEARTBEAT {datanodeUUID=244cdd5c-3558-4577-8146-15a3e7a5ffb6, command=[]} | ret=SUCCESS |  
2019-09-20 09:13:05,260 | INFO  | SCMAudit | user=jenkins1000 | ip=192.168.151.119 | op=SEND_HEARTBEAT {datanodeUUID=244cdd5c-3558-4577-8146-15a3e7a5ffb6, command=[]} | ret=SUCCESS |  
2019-09-20 09:13:05,460 | INFO  | SCMAudit | user=jenkins1000 | ip=192.168.151.119 | op=SEND_HEARTBEAT {datanodeUUID=244cdd5c-3558-4577-8146-15a3e7a5ffb6, command=[]} | ret=SUCCESS |  
2019-09-20 09:13:05,659 | INFO  | SCMAudit | user=jenkins1000 | ip=192.168.151.119 | op=SEND_HEARTBEAT {datanodeUUID=244cdd5c-3558-4577-8146-15a3e7a5ffb6, command=[]} | ret=SUCCESS |  
2019-09-20 09:13:05,860 | INFO  | SCMAudit | user=jenkins1000 | ip=192.168.151.119 | op=SEND_HEARTBEAT {datanodeUUID=244cdd5c-3558-4577-8146-15a3e7a5ffb6, command=[]} | ret=SUCCESS |  
2019-09-20 09:13:06,061 | INFO  | SCMAudit | user=jenkins1000 | ip=192.168.151.119 | op=SEND_HEARTBEAT {datanodeUUID=244cdd5c-3558-4577-8146-15a3e7a5ffb6, command=[]} | ret=SUCCESS |  
2019-09-20 09:13:06,261 | INFO  | SCMAudit | user=jenkins1000 | ip=192.168.151.119 | op=SEND_HEARTBEAT {datanodeUUID=244cdd5c-3558-4577-8146-15a3e7a5ffb6, command=[]} | ret=SUCCESS |  
2019-09-20 09:13:06,461 | INFO  | SCMAudit | user=jenkins1000 | ip=192.168.151.119 | op=SEND_HEARTBEAT {datanodeUUID=244cdd5c-3558-4577-8146-15a3e7a5ffb6, command=[]} | ret=SUCCESS |  
2019-09-20 09:13:06,661 | INFO  | SCMAudit | user=jenkins1000 | ip=192.168.151.119 | op=SEND_HEARTBEAT {datanodeUUID=244cdd5c-3558-4577-8146-15a3e7a5ffb6, command=[]} | ret=SUCCESS |  
2019-09-20 09:13:06,860 | INFO  | SCMAudit | user=jenkins1000 | ip=192.168.151.119 | op=SEND_HEARTBEAT {datanodeUUID=244cdd5c-3558-4577-8146-15a3e7a5ffb6, command=[]} | ret=SUCCESS |  
2019-09-20 09:13:07,061 | INFO  | SCMAudit | user=jenkins1000 | ip=192.168.151.119 | op=SEND_HEARTBEAT {datanodeUUID=244cdd5c-3558-4577-8146-15a3e7a5ffb6, command=[]} | ret=SUCCESS |  
2019-09-20 09:13:07,261 | INFO  | SCMAudit | user=jenkins1000 | ip=192.168.151.119 | op=SEND_HEARTBEAT {datanodeUUID=244cdd5c-3558-4577-8146-15a3e7a5ffb6, command=[]} | ret=SUCCESS |  
2019-09-20 09:13:07,461 | INFO  | SCMAudit | user=jenkins1000 | ip=192.168.151.119 | op=SEND_HEARTBEAT {datanodeUUID=244cdd5c-3558-4577-8146-15a3e7a5ffb6, command=[]} | ret=SUCCESS |  
2019-09-20 09:13:07,660 | INFO  | SCMAudit | user=jenkins1000 | ip=192.168.151.119 | op=SEND_HEARTBEAT {datanodeUUID=244cdd5c-3558-4577-8146-15a3e7a5ffb6, command=[]} | ret=SUCCESS |  
2019-09-20 09:13:07,861 | INFO  | SCMAudit | user=jenkins1000 | ip=192.168.151.119 | op=SEND_HEARTBEAT {datanodeUUID=244cdd5c-3558-4577-8146-15a3e7a5ffb6, command=[]} | ret=SUCCESS |  
2019-09-20 09:13:08,062 | INFO  | SCMAudit | user=jenkins1000 | ip=192.168.151.119 | op=SEND_HEARTBEAT {datanodeUUID=244cdd5c-3558-4577-8146-15a3e7a5ffb6, command=[]} | ret=SUCCESS |  
2019-09-20 09:13:08,261 | INFO  | SCMAudit | user=jenkins1000 | ip=192.168.151.119 | op=SEND_HEARTBEAT {datanodeUUID=244cdd5c-3558-4577-8146-15a3e7a5ffb6, command=[]} | ret=SUCCESS |  
2019-09-20 09:13:08,462 | INFO  | SCMAudit | user=jenkins1000 | ip=192.168.151.119 | op=SEND_HEARTBEAT {datanodeUUID=244cdd5c-3558-4577-8146-15a3e7a5ffb6, command=[]} | ret=SUCCESS |  
2019-09-20 09:13:08,662 | INFO  | SCMAudit | user=jenkins1000 | ip=192.168.151.119 | op=SEND_HEARTBEAT {datanodeUUID=244cdd5c-3558-4577-8146-15a3e7a5ffb6, command=[]} | ret=SUCCESS |  
2019-09-20 09:13:08,862 | INFO  | SCMAudit | user=jenkins1000 | ip=192.168.151.119 | op=SEND_HEARTBEAT {datanodeUUID=244cdd5c-3558-4577-8146-15a3e7a5ffb6, command=[]} | ret=SUCCESS |  
2019-09-20 09:13:09,061 | INFO  | SCMAudit | user=jenkins1000 | ip=192.168.151.119 | op=SEND_HEARTBEAT {datanodeUUID=244cdd5c-3558-4577-8146-15a3e7a5ffb6, command=[]} | ret=SUCCESS |  
2019-09-20 09:13:09,262 | INFO  | SCMAudit | user=jenkins1000 | ip=192.168.151.119 | op=SEND_HEARTBEAT {datanodeUUID=244cdd5c-3558-4577-8146-15a3e7a5ffb6, command=[]} | ret=SUCCESS |  
2019-09-20 09:13:09,463 | INFO  | SCMAudit | user=jenkins1000 | ip=192.168.151.119 | op=SEND_HEARTBEAT {datanodeUUID=244cdd5c-3558-4577-8146-15a3e7a5ffb6, command=[]} | ret=SUCCESS |  
2019-09-20 09:13:09,662 | INFO  | SCMAudit | user=jenkins1000 | ip=192.168.151.119 | op=SEND_HEARTBEAT {datanodeUUID=244cdd5c-3558-4577-8146-15a3e7a5ffb6, command=[]} | ret=SUCCESS |  
2019-09-20 09:13:09,863 | INFO  | SCMAudit | user=jenkins1000 | ip=192.168.151.119 | op=SEND_HEARTBEAT {datanodeUUID=244cdd5c-3558-4577-8146-15a3e7a5ffb6, command=[]} | ret=SUCCESS |  
2019-09-20 09:13:10,063 | INFO  | SCMAudit | user=jenkins1000 | ip=192.168.151.119 | op=SEND_HEARTBEAT {datanodeUUID=244cdd5c-3558-4577-8146-15a3e7a5ffb6, command=[]} | ret=SUCCESS |  
2019-09-20 09:13:10,263 | INFO  | SCMAudit | user=jenkins1000 | ip=192.168.151.119 | op=SEND_HEARTBEAT {datanodeUUID=244cdd5c-3558-4577-8146-15a3e7a5ffb6, command=[]} | ret=SUCCESS |  
2019-09-20 09:13:10,463 | INFO  | SCMAudit | user=jenkins1000 | ip=192.168.151.119 | op=SEND_HEARTBEAT {datanodeUUID=244cdd5c-3558-4577-8146-15a3e7a5ffb6, command=[]} | ret=SUCCESS |  
2019-09-20 09:13:10,662 | INFO  | SCMAudit | user=jenkins1000 | ip=192.168.151.119 | op=SEND_HEARTBEAT {datanodeUUID=244cdd5c-3558-4577-8146-15a3e7a5ffb6, command=[]} | ret=SUCCESS |  
2019-09-20 09:13:10,863 | INFO  | SCMAudit | user=jenkins1000 | ip=192.168.151.119 | op=SEND_HEARTBEAT {datanodeUUID=244cdd5c-3558-4577-8146-15a3e7a5ffb6, command=[]} | ret=SUCCESS |  
2019-09-20 09:13:11,064 | INFO  | SCMAudit | user=jenkins1000 | ip=192.168.151.119 | op=SEND_HEARTBEAT {datanodeUUID=244cdd5c-3558-4577-8146-15a3e7a5ffb6, command=[]} | ret=SUCCESS |  
2019-09-20 09:13:11,265 | INFO  | SCMAudit | user=jenkins1000 | ip=192.168.151.119 | op=SEND_HEARTBEAT {datanodeUUID=244cdd5c-3558-4577-8146-15a3e7a5ffb6, command=[]} | ret=SUCCESS |  
2019-09-20 09:13:11,465 | INFO  | SCMAudit | user=jenkins1000 | ip=192.168.151.119 | op=SEND_HEARTBEAT {datanodeUUID=244cdd5c-3558-4577-8146-15a3e7a5ffb6, command=[]} | ret=SUCCESS |  
2019-09-20 09:13:11,665 | INFO  | SCMAudit | user=jenkins1000 | ip=192.168.151.119 | op=SEND_HEARTBEAT {datanodeUUID=244cdd5c-3558-4577-8146-15a3e7a5ffb6, command=[]} | ret=SUCCESS |  
2019-09-20 09:13:11,866 | INFO  | SCMAudit | user=jenkins1000 | ip=192.168.151.119 | op=SEND_HEARTBEAT {datanodeUUID=244cdd5c-3558-4577-8146-15a3e7a5ffb6, command=[]} | ret=SUCCESS |  
2019-09-20 09:13:12,066 | INFO  | SCMAudit | user=jenkins1000 | ip=192.168.151.119 | op=SEND_HEARTBEAT {datanodeUUID=244cdd5c-3558-4577-8146-15a3e7a5ffb6, command=[]} | ret=SUCCESS |  
2019-09-20 09:13:12,265 | INFO  | SCMAudit | user=jenkins1000 | ip=192.168.151.119 | op=SEND_HEARTBEAT {datanodeUUID=244cdd5c-3558-4577-8146-15a3e7a5ffb6, command=[]} | ret=SUCCESS |  
2019-09-20 09:13:12,466 | INFO  | SCMAudit | user=jenkins1000 | ip=192.168.151.119 | op=SEND_HEARTBEAT {datanodeUUID=244cdd5c-3558-4577-8146-15a3e7a5ffb6, command=[]} | ret=SUCCESS |  
2019-09-20 09:13:12,667 | INFO  | SCMAudit | user=jenkins1000 | ip=192.168.151.119 | op=SEND_HEARTBEAT {datanodeUUID=244cdd5c-3558-4577-8146-15a3e7a5ffb6, command=[]} | ret=SUCCESS |  
2019-09-20 09:13:12,868 | INFO  | SCMAudit | user=jenkins1000 | ip=192.168.151.119 | op=SEND_HEARTBEAT {datanodeUUID=244cdd5c-3558-4577-8146-15a3e7a5ffb6, command=[]} | ret=SUCCESS |  
2019-09-20 09:13:13,068 | INFO  | SCMAudit | user=jenkins1000 | ip=192.168.151.119 | op=SEND_HEARTBEAT {datanodeUUID=244cdd5c-3558-4577-8146-15a3e7a5ffb6, command=[]} | ret=SUCCESS |  
2019-09-20 09:13:13,268 | INFO  | SCMAudit | user=jenkins1000 | ip=192.168.151.119 | op=SEND_HEARTBEAT {datanodeUUID=244cdd5c-3558-4577-8146-15a3e7a5ffb6, command=[]} | ret=SUCCESS |  
2019-09-20 09:13:13,469 | INFO  | SCMAudit | user=jenkins1000 | ip=192.168.151.119 | op=SEND_HEARTBEAT {datanodeUUID=244cdd5c-3558-4577-8146-15a3e7a5ffb6, command=[]} | ret=SUCCESS |  
2019-09-20 09:13:13,669 | INFO  | SCMAudit | user=jenkins1000 | ip=192.168.151.119 | op=SEND_HEARTBEAT {datanodeUUID=244cdd5c-3558-4577-8146-15a3e7a5ffb6, command=[]} | ret=SUCCESS |  
2019-09-20 09:13:13,869 | INFO  | SCMAudit | user=jenkins1000 | ip=192.168.151.119 | op=SEND_HEARTBEAT {datanodeUUID=244cdd5c-3558-4577-8146-15a3e7a5ffb6, command=[]} | ret=SUCCESS |  
2019-09-20 09:13:14,069 | INFO  | SCMAudit | user=jenkins1000 | ip=192.168.151.119 | op=SEND_HEARTBEAT {datanodeUUID=244cdd5c-3558-4577-8146-15a3e7a5ffb6, command=[]} | ret=SUCCESS |  
2019-09-20 09:13:14,268 | INFO  | SCMAudit | user=jenkins1000 | ip=192.168.151.119 | op=SEND_HEARTBEAT {datanodeUUID=244cdd5c-3558-4577-8146-15a3e7a5ffb6, command=[]} | ret=SUCCESS |  
2019-09-20 09:13:14,469 | INFO  | SCMAudit | user=jenkins1000 | ip=192.168.151.119 | op=SEND_HEARTBEAT {datanodeUUID=244cdd5c-3558-4577-8146-15a3e7a5ffb6, command=[]} | ret=SUCCESS |  
2019-09-20 09:13:14,669 | INFO  | SCMAudit | user=jenkins1000 | ip=192.168.151.119 | op=SEND_HEARTBEAT {datanodeUUID=244cdd5c-3558-4577-8146-15a3e7a5ffb6, command=[]} | ret=SUCCESS |  
2019-09-20 09:13:14,868 | INFO  | SCMAudit | user=jenkins1000 | ip=192.168.151.119 | op=SEND_HEARTBEAT {datanodeUUID=244cdd5c-3558-4577-8146-15a3e7a5ffb6, command=[]} | ret=SUCCESS |  
2019-09-20 09:13:15,069 | INFO  | SCMAudit | user=jenkins1000 | ip=192.168.151.119 | op=SEND_HEARTBEAT {datanodeUUID=244cdd5c-3558-4577-8146-15a3e7a5ffb6, command=[]} | ret=SUCCESS |  
2019-09-20 09:13:15,270 | INFO  | SCMAudit | user=jenkins1000 | ip=192.168.151.119 | op=SEND_HEARTBEAT {datanodeUUID=244cdd5c-3558-4577-8146-15a3e7a5ffb6, command=[]} | ret=SUCCESS |  
2019-09-20 09:13:15,470 | INFO  | SCMAudit | user=jenkins1000 | ip=192.168.151.119 | op=SEND_HEARTBEAT {datanodeUUID=244cdd5c-3558-4577-8146-15a3e7a5ffb6, command=[]} | ret=SUCCESS |  
2019-09-20 09:13:15,670 | INFO  | SCMAudit | user=jenkins1000 | ip=192.168.151.119 | op=SEND_HEARTBEAT {datanodeUUID=244cdd5c-3558-4577-8146-15a3e7a5ffb6, command=[]} | ret=SUCCESS |  
2019-09-20 09:13:15,870 | INFO  | SCMAudit | user=jenkins1000 | ip=192.168.151.119 | op=SEND_HEARTBEAT {datanodeUUID=244cdd5c-3558-4577-8146-15a3e7a5ffb6, command=[]} | ret=SUCCESS |  
2019-09-20 09:13:16,071 | INFO  | SCMAudit | user=jenkins1000 | ip=192.168.151.119 | op=SEND_HEARTBEAT {datanodeUUID=244cdd5c-3558-4577-8146-15a3e7a5ffb6, command=[]} | ret=SUCCESS |  
2019-09-20 09:13:16,271 | INFO  | SCMAudit | user=jenkins1000 | ip=192.168.151.119 | op=SEND_HEARTBEAT {datanodeUUID=244cdd5c-3558-4577-8146-15a3e7a5ffb6, command=[]} | ret=SUCCESS |  
2019-09-20 09:13:16,471 | INFO  | SCMAudit | user=jenkins1000 | ip=192.168.151.119 | op=SEND_HEARTBEAT {datanodeUUID=244cdd5c-3558-4577-8146-15a3e7a5ffb6, command=[]} | ret=SUCCESS |  
2019-09-20 09:13:16,671 | INFO  | SCMAudit | user=jenkins1000 | ip=192.168.151.119 | op=SEND_HEARTBEAT {datanodeUUID=244cdd5c-3558-4577-8146-15a3e7a5ffb6, command=[]} | ret=SUCCESS |  
2019-09-20 09:13:16,871 | INFO  | SCMAudit | user=jenkins1000 | ip=192.168.151.119 | op=SEND_HEARTBEAT {datanodeUUID=244cdd5c-3558-4577-8146-15a3e7a5ffb6, command=[]} | ret=SUCCESS |  
2019-09-20 09:13:17,071 | INFO  | SCMAudit | user=jenkins1000 | ip=192.168.151.119 | op=SEND_HEARTBEAT {datanodeUUID=244cdd5c-3558-4577-8146-15a3e7a5ffb6, command=[]} | ret=SUCCESS |  
2019-09-20 09:13:17,271 | INFO  | SCMAudit | user=jenkins1000 | ip=192.168.151.119 | op=SEND_HEARTBEAT {datanodeUUID=244cdd5c-3558-4577-8146-15a3e7a5ffb6, command=[]} | ret=SUCCESS |  
2019-09-20 09:13:17,471 | INFO  | SCMAudit | user=jenkins1000 | ip=192.168.151.119 | op=SEND_HEARTBEAT {datanodeUUID=244cdd5c-3558-4577-8146-15a3e7a5ffb6, command=[]} | ret=SUCCESS |  
2019-09-20 09:13:17,671 | INFO  | SCMAudit | user=jenkins1000 | ip=192.168.151.119 | op=SEND_HEARTBEAT {datanodeUUID=244cdd5c-3558-4577-8146-15a3e7a5ffb6, command=[]} | ret=SUCCESS |  
2019-09-20 09:13:17,870 | INFO  | SCMAudit | user=jenkins1000 | ip=192.168.151.119 | op=SEND_HEARTBEAT {datanodeUUID=244cdd5c-3558-4577-8146-15a3e7a5ffb6, command=[]} | ret=SUCCESS |  
2019-09-20 09:13:18,072 | INFO  | SCMAudit | user=jenkins1000 | ip=192.168.151.119 | op=SEND_HEARTBEAT {datanodeUUID=244cdd5c-3558-4577-8146-15a3e7a5ffb6, command=[]} | ret=SUCCESS |  
2019-09-20 09:13:18,271 | INFO  | SCMAudit | user=jenkins1000 | ip=192.168.151.119 | op=SEND_HEARTBEAT {datanodeUUID=244cdd5c-3558-4577-8146-15a3e7a5ffb6, command=[]} | ret=SUCCESS |  
2019-09-20 09:13:18,471 | INFO  | SCMAudit | user=jenkins1000 | ip=192.168.151.119 | op=SEND_HEARTBEAT {datanodeUUID=244cdd5c-3558-4577-8146-15a3e7a5ffb6, command=[]} | ret=SUCCESS |  
2019-09-20 09:13:18,671 | INFO  | SCMAudit | user=jenkins1000 | ip=192.168.151.119 | op=SEND_HEARTBEAT {datanodeUUID=244cdd5c-3558-4577-8146-15a3e7a5ffb6, command=[]} | ret=SUCCESS |  
2019-09-20 09:13:18,871 | INFO  | SCMAudit | user=jenkins1000 | ip=192.168.151.119 | op=SEND_HEARTBEAT {datanodeUUID=244cdd5c-3558-4577-8146-15a3e7a5ffb6, command=[]} | ret=SUCCESS |  
2019-09-20 09:13:19,071 | INFO  | SCMAudit | user=jenkins1000 | ip=192.168.151.119 | op=SEND_HEARTBEAT {datanodeUUID=244cdd5c-3558-4577-8146-15a3e7a5ffb6, command=[]} | ret=SUCCESS |  
2019-09-20 09:13:19,271 | INFO  | SCMAudit | user=jenkins1000 | ip=192.168.151.119 | op=SEND_HEARTBEAT {datanodeUUID=244cdd5c-3558-4577-8146-15a3e7a5ffb6, command=[]} | ret=SUCCESS |  
2019-09-20 09:13:19,472 | INFO  | SCMAudit | user=jenkins1000 | ip=192.168.151.119 | op=SEND_HEARTBEAT {datanodeUUID=244cdd5c-3558-4577-8146-15a3e7a5ffb6, command=[]} | ret=SUCCESS |  
2019-09-20 09:13:19,671 | INFO  | SCMAudit | user=jenkins1000 | ip=192.168.151.119 | op=SEND_HEARTBEAT {datanodeUUID=244cdd5c-3558-4577-8146-15a3e7a5ffb6, command=[commandType: closePipelineCommand closePipelineCommandProto { pipelineID { id: "5c8a5299-3384-406a-b161-0367664f1180" } cmdId: 1568970695967 } ]} | ret=SUCCESS |  
2019-09-20 09:13:19,871 | INFO  | SCMAudit | user=jenkins1000 | ip=192.168.151.119 | op=SEND_HEARTBEAT {datanodeUUID=244cdd5c-3558-4577-8146-15a3e7a5ffb6, command=[]} | ret=SUCCESS |  
2019-09-20 09:13:20,072 | INFO  | SCMAudit | user=jenkins1000 | ip=192.168.151.119 | op=SEND_HEARTBEAT {datanodeUUID=244cdd5c-3558-4577-8146-15a3e7a5ffb6, command=[]} | ret=SUCCESS |  
2019-09-20 09:13:20,272 | INFO  | SCMAudit | user=jenkins1000 | ip=192.168.151.119 | op=SEND_HEARTBEAT {datanodeUUID=244cdd5c-3558-4577-8146-15a3e7a5ffb6, command=[]} | ret=SUCCESS |  
2019-09-20 09:13:20,472 | INFO  | SCMAudit | user=jenkins1000 | ip=192.168.151.119 | op=SEND_HEARTBEAT {datanodeUUID=244cdd5c-3558-4577-8146-15a3e7a5ffb6, command=[]} | ret=SUCCESS |  
2019-09-20 09:13:20,671 | INFO  | SCMAudit | user=jenkins1000 | ip=192.168.151.119 | op=SEND_HEARTBEAT {datanodeUUID=244cdd5c-3558-4577-8146-15a3e7a5ffb6, command=[]} | ret=SUCCESS |  
2019-09-20 09:13:20,872 | INFO  | SCMAudit | user=jenkins1000 | ip=192.168.151.119 | op=SEND_HEARTBEAT {datanodeUUID=244cdd5c-3558-4577-8146-15a3e7a5ffb6, command=[]} | ret=SUCCESS |  
2019-09-20 09:13:21,072 | INFO  | SCMAudit | user=jenkins1000 | ip=192.168.151.119 | op=SEND_HEARTBEAT {datanodeUUID=244cdd5c-3558-4577-8146-15a3e7a5ffb6, command=[]} | ret=SUCCESS |  
2019-09-20 09:13:21,272 | INFO  | SCMAudit | user=jenkins1000 | ip=192.168.151.119 | op=SEND_HEARTBEAT {datanodeUUID=244cdd5c-3558-4577-8146-15a3e7a5ffb6, command=[]} | ret=SUCCESS |  
2019-09-20 09:13:21,471 | INFO  | SCMAudit | user=jenkins1000 | ip=192.168.151.119 | op=SEND_HEARTBEAT {datanodeUUID=244cdd5c-3558-4577-8146-15a3e7a5ffb6, command=[]} | ret=SUCCESS |  
2019-09-20 09:13:21,671 | INFO  | SCMAudit | user=jenkins1000 | ip=192.168.151.119 | op=SEND_HEARTBEAT {datanodeUUID=244cdd5c-3558-4577-8146-15a3e7a5ffb6, command=[]} | ret=SUCCESS |  
2019-09-20 09:13:21,872 | INFO  | SCMAudit | user=jenkins1000 | ip=192.168.151.119 | op=SEND_HEARTBEAT {datanodeUUID=244cdd5c-3558-4577-8146-15a3e7a5ffb6, command=[]} | ret=SUCCESS |  
2019-09-20 09:13:22,072 | INFO  | SCMAudit | user=jenkins1000 | ip=192.168.151.119 | op=SEND_HEARTBEAT {datanodeUUID=244cdd5c-3558-4577-8146-15a3e7a5ffb6, command=[]} | ret=SUCCESS |  
2019-09-20 09:13:22,273 | INFO  | SCMAudit | user=jenkins1000 | ip=192.168.151.119 | op=SEND_HEARTBEAT {datanodeUUID=244cdd5c-3558-4577-8146-15a3e7a5ffb6, command=[]} | ret=SUCCESS |  
2019-09-20 09:13:22,474 | INFO  | SCMAudit | user=jenkins1000 | ip=192.168.151.119 | op=SEND_HEARTBEAT {datanodeUUID=244cdd5c-3558-4577-8146-15a3e7a5ffb6, command=[]} | ret=SUCCESS |  
2019-09-20 09:13:22,674 | INFO  | SCMAudit | user=jenkins1000 | ip=192.168.151.119 | op=SEND_HEARTBEAT {datanodeUUID=244cdd5c-3558-4577-8146-15a3e7a5ffb6, command=[]} | ret=SUCCESS |  
2019-09-20 09:13:22,874 | INFO  | SCMAudit | user=jenkins1000 | ip=192.168.151.119 | op=SEND_HEARTBEAT {datanodeUUID=244cdd5c-3558-4577-8146-15a3e7a5ffb6, command=[]} | ret=SUCCESS |  
2019-09-20 09:13:23,074 | INFO  | SCMAudit | user=jenkins1000 | ip=192.168.151.119 | op=SEND_HEARTBEAT {datanodeUUID=244cdd5c-3558-4577-8146-15a3e7a5ffb6, command=[]} | ret=SUCCESS |  
2019-09-20 09:13:23,274 | INFO  | SCMAudit | user=jenkins1000 | ip=192.168.151.119 | op=SEND_HEARTBEAT {datanodeUUID=244cdd5c-3558-4577-8146-15a3e7a5ffb6, command=[]} | ret=SUCCESS |  
2019-09-20 09:13:23,474 | INFO  | SCMAudit | user=jenkins1000 | ip=192.168.151.119 | op=SEND_HEARTBEAT {datanodeUUID=244cdd5c-3558-4577-8146-15a3e7a5ffb6, command=[]} | ret=SUCCESS |  
2019-09-20 09:13:23,674 | INFO  | SCMAudit | user=jenkins1000 | ip=192.168.151.119 | op=SEND_HEARTBEAT {datanodeUUID=244cdd5c-3558-4577-8146-15a3e7a5ffb6, command=[]} | ret=SUCCESS |  
2019-09-20 09:13:23,874 | INFO  | SCMAudit | user=jenkins1000 | ip=192.168.151.119 | op=SEND_HEARTBEAT {datanodeUUID=244cdd5c-3558-4577-8146-15a3e7a5ffb6, command=[]} | ret=SUCCESS |  
2019-09-20 09:13:24,073 | INFO  | SCMAudit | user=jenkins1000 | ip=192.168.151.119 | op=SEND_HEARTBEAT {datanodeUUID=244cdd5c-3558-4577-8146-15a3e7a5ffb6, command=[]} | ret=SUCCESS |  
2019-09-20 09:13:24,274 | INFO  | SCMAudit | user=jenkins1000 | ip=192.168.151.119 | op=SEND_HEARTBEAT {datanodeUUID=244cdd5c-3558-4577-8146-15a3e7a5ffb6, command=[]} | ret=SUCCESS |  
2019-09-20 09:13:24,475 | INFO  | SCMAudit | user=jenkins1000 | ip=192.168.151.119 | op=SEND_HEARTBEAT {datanodeUUID=244cdd5c-3558-4577-8146-15a3e7a5ffb6, command=[]} | ret=SUCCESS |  
2019-09-20 09:13:24,676 | INFO  | SCMAudit | user=jenkins1000 | ip=192.168.151.119 | op=SEND_HEARTBEAT {datanodeUUID=244cdd5c-3558-4577-8146-15a3e7a5ffb6, command=[]} | ret=SUCCESS |  
2019-09-20 09:13:24,876 | INFO  | SCMAudit | user=jenkins1000 | ip=192.168.151.119 | op=SEND_HEARTBEAT {datanodeUUID=244cdd5c-3558-4577-8146-15a3e7a5ffb6, command=[]} | ret=SUCCESS |  
2019-09-20 09:13:25,076 | INFO  | SCMAudit | user=jenkins1000 | ip=192.168.151.119 | op=SEND_HEARTBEAT {datanodeUUID=244cdd5c-3558-4577-8146-15a3e7a5ffb6, command=[]} | ret=SUCCESS |  
2019-09-20 09:13:25,276 | INFO  | SCMAudit | user=jenkins1000 | ip=192.168.151.119 | op=SEND_HEARTBEAT {datanodeUUID=244cdd5c-3558-4577-8146-15a3e7a5ffb6, command=[]} | ret=SUCCESS |  
2019-09-20 09:13:25,476 | INFO  | SCMAudit | user=jenkins1000 | ip=192.168.151.119 | op=SEND_HEARTBEAT {datanodeUUID=244cdd5c-3558-4577-8146-15a3e7a5ffb6, command=[]} | ret=SUCCESS |  
2019-09-20 09:13:25,676 | INFO  | SCMAudit | user=jenkins1000 | ip=192.168.151.119 | op=SEND_HEARTBEAT {datanodeUUID=244cdd5c-3558-4577-8146-15a3e7a5ffb6, command=[]} | ret=SUCCESS |  
2019-09-20 09:13:25,876 | INFO  | SCMAudit | user=jenkins1000 | ip=192.168.151.119 | op=SEND_HEARTBEAT {datanodeUUID=244cdd5c-3558-4577-8146-15a3e7a5ffb6, command=[]} | ret=SUCCESS |  
2019-09-20 09:13:26,076 | INFO  | SCMAudit | user=jenkins1000 | ip=192.168.151.119 | op=SEND_HEARTBEAT {datanodeUUID=244cdd5c-3558-4577-8146-15a3e7a5ffb6, command=[]} | ret=SUCCESS |  
2019-09-20 09:13:26,275 | INFO  | SCMAudit | user=jenkins1000 | ip=192.168.151.119 | op=SEND_HEARTBEAT {datanodeUUID=244cdd5c-3558-4577-8146-15a3e7a5ffb6, command=[]} | ret=SUCCESS |  
2019-09-20 09:13:26,476 | INFO  | SCMAudit | user=jenkins1000 | ip=192.168.151.119 | op=SEND_HEARTBEAT {datanodeUUID=244cdd5c-3558-4577-8146-15a3e7a5ffb6, command=[]} | ret=SUCCESS |  
2019-09-20 09:13:26,676 | INFO  | SCMAudit | user=jenkins1000 | ip=192.168.151.119 | op=SEND_HEARTBEAT {datanodeUUID=244cdd5c-3558-4577-8146-15a3e7a5ffb6, command=[]} | ret=SUCCESS |  
2019-09-20 09:13:26,876 | INFO  | SCMAudit | user=jenkins1000 | ip=192.168.151.119 | op=SEND_HEARTBEAT {datanodeUUID=244cdd5c-3558-4577-8146-15a3e7a5ffb6, command=[]} | ret=SUCCESS |  
2019-09-20 09:13:27,076 | INFO  | SCMAudit | user=jenkins1000 | ip=192.168.151.119 | op=SEND_HEARTBEAT {datanodeUUID=244cdd5c-3558-4577-8146-15a3e7a5ffb6, command=[]} | ret=SUCCESS |  
2019-09-20 09:13:27,276 | INFO  | SCMAudit | user=jenkins1000 | ip=192.168.151.119 | op=SEND_HEARTBEAT {datanodeUUID=244cdd5c-3558-4577-8146-15a3e7a5ffb6, command=[]} | ret=SUCCESS |  
2019-09-20 09:13:27,476 | INFO  | SCMAudit | user=jenkins1000 | ip=192.168.151.119 | op=SEND_HEARTBEAT {datanodeUUID=244cdd5c-3558-4577-8146-15a3e7a5ffb6, command=[]} | ret=SUCCESS |  
2019-09-20 09:13:27,675 | INFO  | SCMAudit | user=jenkins1000 | ip=192.168.151.119 | op=SEND_HEARTBEAT {datanodeUUID=244cdd5c-3558-4577-8146-15a3e7a5ffb6, command=[]} | ret=SUCCESS |  
2019-09-20 09:13:27,876 | INFO  | SCMAudit | user=jenkins1000 | ip=192.168.151.119 | op=SEND_HEARTBEAT {datanodeUUID=244cdd5c-3558-4577-8146-15a3e7a5ffb6, command=[]} | ret=SUCCESS |  
2019-09-20 09:13:28,077 | INFO  | SCMAudit | user=jenkins1000 | ip=192.168.151.119 | op=SEND_HEARTBEAT {datanodeUUID=244cdd5c-3558-4577-8146-15a3e7a5ffb6, command=[]} | ret=SUCCESS |  
2019-09-20 09:13:28,276 | INFO  | SCMAudit | user=jenkins1000 | ip=192.168.151.119 | op=SEND_HEARTBEAT {datanodeUUID=244cdd5c-3558-4577-8146-15a3e7a5ffb6, command=[]} | ret=SUCCESS |  
2019-09-20 09:13:28,477 | INFO  | SCMAudit | user=jenkins1000 | ip=192.168.151.119 | op=SEND_HEARTBEAT {datanodeUUID=244cdd5c-3558-4577-8146-15a3e7a5ffb6, command=[]} | ret=SUCCESS |  
2019-09-20 09:13:28,678 | INFO  | SCMAudit | user=jenkins1000 | ip=192.168.151.119 | op=SEND_HEARTBEAT {datanodeUUID=244cdd5c-3558-4577-8146-15a3e7a5ffb6, command=[]} | ret=SUCCESS |  
2019-09-20 09:13:28,878 | INFO  | SCMAudit | user=jenkins1000 | ip=192.168.151.119 | op=SEND_HEARTBEAT {datanodeUUID=244cdd5c-3558-4577-8146-15a3e7a5ffb6, command=[]} | ret=SUCCESS |  
2019-09-20 09:13:29,078 | INFO  | SCMAudit | user=jenkins1000 | ip=192.168.151.119 | op=SEND_HEARTBEAT {datanodeUUID=244cdd5c-3558-4577-8146-15a3e7a5ffb6, command=[]} | ret=SUCCESS |  
2019-09-20 09:13:29,278 | INFO  | SCMAudit | user=jenkins1000 | ip=192.168.151.119 | op=SEND_HEARTBEAT {datanodeUUID=244cdd5c-3558-4577-8146-15a3e7a5ffb6, command=[]} | ret=SUCCESS |  
2019-09-20 09:13:29,478 | INFO  | SCMAudit | user=jenkins1000 | ip=192.168.151.119 | op=SEND_HEARTBEAT {datanodeUUID=244cdd5c-3558-4577-8146-15a3e7a5ffb6, command=[]} | ret=SUCCESS |  
2019-09-20 09:13:29,678 | INFO  | SCMAudit | user=jenkins1000 | ip=192.168.151.119 | op=SEND_HEARTBEAT {datanodeUUID=244cdd5c-3558-4577-8146-15a3e7a5ffb6, command=[]} | ret=SUCCESS |  
2019-09-20 09:13:29,878 | INFO  | SCMAudit | user=jenkins1000 | ip=192.168.151.119 | op=SEND_HEARTBEAT {datanodeUUID=244cdd5c-3558-4577-8146-15a3e7a5ffb6, command=[]} | ret=SUCCESS |  
2019-09-20 09:13:30,078 | INFO  | SCMAudit | user=jenkins1000 | ip=192.168.151.119 | op=SEND_HEARTBEAT {datanodeUUID=244cdd5c-3558-4577-8146-15a3e7a5ffb6, command=[]} | ret=SUCCESS |  
2019-09-20 09:13:30,277 | INFO  | SCMAudit | user=jenkins1000 | ip=192.168.151.119 | op=SEND_HEARTBEAT {datanodeUUID=244cdd5c-3558-4577-8146-15a3e7a5ffb6, command=[]} | ret=SUCCESS |  
2019-09-20 09:13:30,478 | INFO  | SCMAudit | user=jenkins1000 | ip=192.168.151.119 | op=SEND_HEARTBEAT {datanodeUUID=244cdd5c-3558-4577-8146-15a3e7a5ffb6, command=[]} | ret=SUCCESS |  
2019-09-20 09:13:30,677 | INFO  | SCMAudit | user=jenkins1000 | ip=192.168.151.119 | op=SEND_HEARTBEAT {datanodeUUID=244cdd5c-3558-4577-8146-15a3e7a5ffb6, command=[]} | ret=SUCCESS |  
2019-09-20 09:13:30,878 | INFO  | SCMAudit | user=jenkins1000 | ip=192.168.151.119 | op=SEND_HEARTBEAT {datanodeUUID=244cdd5c-3558-4577-8146-15a3e7a5ffb6, command=[]} | ret=SUCCESS |  
2019-09-20 09:13:31,077 | INFO  | SCMAudit | user=jenkins1000 | ip=192.168.151.119 | op=SEND_HEARTBEAT {datanodeUUID=244cdd5c-3558-4577-8146-15a3e7a5ffb6, command=[]} | ret=SUCCESS |  
2019-09-20 09:13:31,278 | INFO  | SCMAudit | user=jenkins1000 | ip=192.168.151.119 | op=SEND_HEARTBEAT {datanodeUUID=244cdd5c-3558-4577-8146-15a3e7a5ffb6, command=[]} | ret=SUCCESS |  
2019-09-20 09:13:31,477 | INFO  | SCMAudit | user=jenkins1000 | ip=192.168.151.119 | op=SEND_HEARTBEAT {datanodeUUID=244cdd5c-3558-4577-8146-15a3e7a5ffb6, command=[]} | ret=SUCCESS |  
2019-09-20 09:13:31,678 | INFO  | SCMAudit | user=jenkins1000 | ip=192.168.151.119 | op=SEND_HEARTBEAT {datanodeUUID=244cdd5c-3558-4577-8146-15a3e7a5ffb6, command=[]} | ret=SUCCESS |  
2019-09-20 09:13:31,878 | INFO  | SCMAudit | user=jenkins1000 | ip=192.168.151.119 | op=SEND_HEARTBEAT {datanodeUUID=244cdd5c-3558-4577-8146-15a3e7a5ffb6, command=[]} | ret=SUCCESS |  
2019-09-20 09:13:32,078 | INFO  | SCMAudit | user=jenkins1000 | ip=192.168.151.119 | op=SEND_HEARTBEAT {datanodeUUID=244cdd5c-3558-4577-8146-15a3e7a5ffb6, command=[]} | ret=SUCCESS |  
2019-09-20 09:13:32,277 | INFO  | SCMAudit | user=jenkins1000 | ip=192.168.151.119 | op=SEND_HEARTBEAT {datanodeUUID=244cdd5c-3558-4577-8146-15a3e7a5ffb6, command=[]} | ret=SUCCESS |  
2019-09-20 09:13:32,478 | INFO  | SCMAudit | user=jenkins1000 | ip=192.168.151.119 | op=SEND_HEARTBEAT {datanodeUUID=244cdd5c-3558-4577-8146-15a3e7a5ffb6, command=[]} | ret=SUCCESS |  
2019-09-20 09:13:32,679 | INFO  | SCMAudit | user=jenkins1000 | ip=192.168.151.119 | op=SEND_HEARTBEAT {datanodeUUID=244cdd5c-3558-4577-8146-15a3e7a5ffb6, command=[]} | ret=SUCCESS |  
2019-09-20 09:13:32,879 | INFO  | SCMAudit | user=jenkins1000 | ip=192.168.151.119 | op=SEND_HEARTBEAT {datanodeUUID=244cdd5c-3558-4577-8146-15a3e7a5ffb6, command=[]} | ret=SUCCESS |  
2019-09-20 09:13:33,079 | INFO  | SCMAudit | user=jenkins1000 | ip=192.168.151.119 | op=SEND_HEARTBEAT {datanodeUUID=244cdd5c-3558-4577-8146-15a3e7a5ffb6, command=[]} | ret=SUCCESS |  
2019-09-20 09:13:33,280 | INFO  | SCMAudit | user=jenkins1000 | ip=192.168.151.119 | op=SEND_HEARTBEAT {datanodeUUID=244cdd5c-3558-4577-8146-15a3e7a5ffb6, command=[]} | ret=SUCCESS |  
2019-09-20 09:13:33,480 | INFO  | SCMAudit | user=jenkins1000 | ip=192.168.151.119 | op=SEND_HEARTBEAT {datanodeUUID=244cdd5c-3558-4577-8146-15a3e7a5ffb6, command=[]} | ret=SUCCESS |  
2019-09-20 09:13:33,680 | INFO  | SCMAudit | user=jenkins1000 | ip=192.168.151.119 | op=SEND_HEARTBEAT {datanodeUUID=244cdd5c-3558-4577-8146-15a3e7a5ffb6, command=[]} | ret=SUCCESS |  
2019-09-20 09:13:33,880 | INFO  | SCMAudit | user=jenkins1000 | ip=192.168.151.119 | op=SEND_HEARTBEAT {datanodeUUID=244cdd5c-3558-4577-8146-15a3e7a5ffb6, command=[]} | ret=SUCCESS |  
2019-09-20 09:13:34,081 | INFO  | SCMAudit | user=jenkins1000 | ip=192.168.151.119 | op=SEND_HEARTBEAT {datanodeUUID=244cdd5c-3558-4577-8146-15a3e7a5ffb6, command=[]} | ret=SUCCESS |  
2019-09-20 09:13:34,281 | INFO  | SCMAudit | user=jenkins1000 | ip=192.168.151.119 | op=SEND_HEARTBEAT {datanodeUUID=244cdd5c-3558-4577-8146-15a3e7a5ffb6, command=[]} | ret=SUCCESS |  
2019-09-20 09:13:34,480 | INFO  | SCMAudit | user=jenkins1000 | ip=192.168.151.119 | op=SEND_HEARTBEAT {datanodeUUID=244cdd5c-3558-4577-8146-15a3e7a5ffb6, command=[]} | ret=SUCCESS |  
2019-09-20 09:13:34,681 | INFO  | SCMAudit | user=jenkins1000 | ip=192.168.151.119 | op=SEND_HEARTBEAT {datanodeUUID=244cdd5c-3558-4577-8146-15a3e7a5ffb6, command=[]} | ret=SUCCESS |  
2019-09-20 09:13:34,881 | INFO  | SCMAudit | user=jenkins1000 | ip=192.168.151.119 | op=SEND_HEARTBEAT {datanodeUUID=244cdd5c-3558-4577-8146-15a3e7a5ffb6, command=[]} | ret=SUCCESS |  
2019-09-20 09:13:35,081 | INFO  | SCMAudit | user=jenkins1000 | ip=192.168.151.119 | op=SEND_HEARTBEAT {datanodeUUID=244cdd5c-3558-4577-8146-15a3e7a5ffb6, command=[]} | ret=SUCCESS |  
2019-09-20 09:13:35,281 | INFO  | SCMAudit | user=jenkins1000 | ip=192.168.151.119 | op=SEND_HEARTBEAT {datanodeUUID=244cdd5c-3558-4577-8146-15a3e7a5ffb6, command=[]} | ret=SUCCESS |  
2019-09-20 09:13:35,481 | INFO  | SCMAudit | user=jenkins1000 | ip=192.168.151.119 | op=SEND_HEARTBEAT {datanodeUUID=244cdd5c-3558-4577-8146-15a3e7a5ffb6, command=[]} | ret=SUCCESS |  
2019-09-20 09:13:35,681 | INFO  | SCMAudit | user=jenkins1000 | ip=192.168.151.119 | op=SEND_HEARTBEAT {datanodeUUID=244cdd5c-3558-4577-8146-15a3e7a5ffb6, command=[]} | ret=SUCCESS |  
2019-09-20 09:13:35,881 | INFO  | SCMAudit | user=jenkins1000 | ip=192.168.151.119 | op=SEND_HEARTBEAT {datanodeUUID=244cdd5c-3558-4577-8146-15a3e7a5ffb6, command=[]} | ret=SUCCESS |  
2019-09-20 09:13:36,081 | INFO  | SCMAudit | user=jenkins1000 | ip=192.168.151.119 | op=SEND_HEARTBEAT {datanodeUUID=244cdd5c-3558-4577-8146-15a3e7a5ffb6, command=[]} | ret=SUCCESS |  
2019-09-20 09:13:36,281 | INFO  | SCMAudit | user=jenkins1000 | ip=192.168.151.119 | op=SEND_HEARTBEAT {datanodeUUID=244cdd5c-3558-4577-8146-15a3e7a5ffb6, command=[]} | ret=SUCCESS |  
2019-09-20 09:13:36,482 | INFO  | SCMAudit | user=jenkins1000 | ip=192.168.151.119 | op=SEND_HEARTBEAT {datanodeUUID=244cdd5c-3558-4577-8146-15a3e7a5ffb6, command=[]} | ret=SUCCESS |  
2019-09-20 09:13:36,680 | INFO  | SCMAudit | user=jenkins1000 | ip=192.168.151.119 | op=SEND_HEARTBEAT {datanodeUUID=244cdd5c-3558-4577-8146-15a3e7a5ffb6, command=[]} | ret=SUCCESS |  
2019-09-20 09:13:36,881 | INFO  | SCMAudit | user=jenkins1000 | ip=192.168.151.119 | op=SEND_HEARTBEAT {datanodeUUID=244cdd5c-3558-4577-8146-15a3e7a5ffb6, command=[]} | ret=SUCCESS |  
2019-09-20 09:13:37,081 | INFO  | SCMAudit | user=jenkins1000 | ip=192.168.151.119 | op=SEND_HEARTBEAT {datanodeUUID=244cdd5c-3558-4577-8146-15a3e7a5ffb6, command=[]} | ret=SUCCESS |  
2019-09-20 09:13:37,281 | INFO  | SCMAudit | user=jenkins1000 | ip=192.168.151.119 | op=SEND_HEARTBEAT {datanodeUUID=244cdd5c-3558-4577-8146-15a3e7a5ffb6, command=[]} | ret=SUCCESS |  
2019-09-20 09:13:37,480 | INFO  | SCMAudit | user=jenkins1000 | ip=192.168.151.119 | op=SEND_HEARTBEAT {datanodeUUID=244cdd5c-3558-4577-8146-15a3e7a5ffb6, command=[]} | ret=SUCCESS |  
2019-09-20 09:13:37,681 | INFO  | SCMAudit | user=jenkins1000 | ip=192.168.151.119 | op=SEND_HEARTBEAT {datanodeUUID=244cdd5c-3558-4577-8146-15a3e7a5ffb6, command=[]} | ret=SUCCESS |  
2019-09-20 09:13:37,881 | INFO  | SCMAudit | user=jenkins1000 | ip=192.168.151.119 | op=SEND_HEARTBEAT {datanodeUUID=244cdd5c-3558-4577-8146-15a3e7a5ffb6, command=[]} | ret=SUCCESS |  
2019-09-20 09:13:38,081 | INFO  | SCMAudit | user=jenkins1000 | ip=192.168.151.119 | op=SEND_HEARTBEAT {datanodeUUID=244cdd5c-3558-4577-8146-15a3e7a5ffb6, command=[]} | ret=SUCCESS |  
2019-09-20 09:13:38,281 | INFO  | SCMAudit | user=jenkins1000 | ip=192.168.151.119 | op=SEND_HEARTBEAT {datanodeUUID=244cdd5c-3558-4577-8146-15a3e7a5ffb6, command=[]} | ret=SUCCESS |  
2019-09-20 09:13:38,480 | INFO  | SCMAudit | user=jenkins1000 | ip=192.168.151.119 | op=SEND_HEARTBEAT {datanodeUUID=244cdd5c-3558-4577-8146-15a3e7a5ffb6, command=[]} | ret=SUCCESS |  
2019-09-20 09:13:38,681 | INFO  | SCMAudit | user=jenkins1000 | ip=192.168.151.119 | op=SEND_HEARTBEAT {datanodeUUID=244cdd5c-3558-4577-8146-15a3e7a5ffb6, command=[]} | ret=SUCCESS |  
2019-09-20 09:13:38,881 | INFO  | SCMAudit | user=jenkins1000 | ip=192.168.151.119 | op=SEND_HEARTBEAT {datanodeUUID=244cdd5c-3558-4577-8146-15a3e7a5ffb6, command=[]} | ret=SUCCESS |  
2019-09-20 09:13:39,080 | INFO  | SCMAudit | user=jenkins1000 | ip=192.168.151.119 | op=SEND_HEARTBEAT {datanodeUUID=244cdd5c-3558-4577-8146-15a3e7a5ffb6, command=[]} | ret=SUCCESS |  
2019-09-20 09:13:39,281 | INFO  | SCMAudit | user=jenkins1000 | ip=192.168.151.119 | op=SEND_HEARTBEAT {datanodeUUID=244cdd5c-3558-4577-8146-15a3e7a5ffb6, command=[]} | ret=SUCCESS |  
2019-09-20 09:13:39,482 | INFO  | SCMAudit | user=jenkins1000 | ip=192.168.151.119 | op=SEND_HEARTBEAT {datanodeUUID=244cdd5c-3558-4577-8146-15a3e7a5ffb6, command=[]} | ret=SUCCESS |  
2019-09-20 09:13:39,682 | INFO  | SCMAudit | user=jenkins1000 | ip=192.168.151.119 | op=SEND_HEARTBEAT {datanodeUUID=244cdd5c-3558-4577-8146-15a3e7a5ffb6, command=[]} | ret=SUCCESS |  
2019-09-20 09:13:39,882 | INFO  | SCMAudit | user=jenkins1000 | ip=192.168.151.119 | op=SEND_HEARTBEAT {datanodeUUID=244cdd5c-3558-4577-8146-15a3e7a5ffb6, command=[]} | ret=SUCCESS |  
2019-09-20 09:13:40,083 | INFO  | SCMAudit | user=jenkins1000 | ip=192.168.151.119 | op=SEND_HEARTBEAT {datanodeUUID=244cdd5c-3558-4577-8146-15a3e7a5ffb6, command=[]} | ret=SUCCESS |  
2019-09-20 09:13:40,283 | INFO  | SCMAudit | user=jenkins1000 | ip=192.168.151.119 | op=SEND_HEARTBEAT {datanodeUUID=244cdd5c-3558-4577-8146-15a3e7a5ffb6, command=[]} | ret=SUCCESS |  
2019-09-20 09:13:40,483 | INFO  | SCMAudit | user=jenkins1000 | ip=192.168.151.119 | op=SEND_HEARTBEAT {datanodeUUID=244cdd5c-3558-4577-8146-15a3e7a5ffb6, command=[]} | ret=SUCCESS |  
2019-09-20 09:13:40,683 | INFO  | SCMAudit | user=jenkins1000 | ip=192.168.151.119 | op=SEND_HEARTBEAT {datanodeUUID=244cdd5c-3558-4577-8146-15a3e7a5ffb6, command=[]} | ret=SUCCESS |  
2019-09-20 09:13:40,882 | INFO  | SCMAudit | user=jenkins1000 | ip=192.168.151.119 | op=SEND_HEARTBEAT {datanodeUUID=244cdd5c-3558-4577-8146-15a3e7a5ffb6, command=[]} | ret=SUCCESS |  
2019-09-20 09:13:41,083 | INFO  | SCMAudit | user=jenkins1000 | ip=192.168.151.119 | op=SEND_HEARTBEAT {datanodeUUID=244cdd5c-3558-4577-8146-15a3e7a5ffb6, command=[]} | ret=SUCCESS |  
2019-09-20 09:13:41,284 | INFO  | SCMAudit | user=jenkins1000 | ip=192.168.151.119 | op=SEND_HEARTBEAT {datanodeUUID=244cdd5c-3558-4577-8146-15a3e7a5ffb6, command=[]} | ret=SUCCESS |  
2019-09-20 09:13:41,484 | INFO  | SCMAudit | user=jenkins1000 | ip=192.168.151.119 | op=SEND_HEARTBEAT {datanodeUUID=244cdd5c-3558-4577-8146-15a3e7a5ffb6, command=[]} | ret=SUCCESS |  
2019-09-20 09:13:41,683 | INFO  | SCMAudit | user=jenkins1000 | ip=192.168.151.119 | op=SEND_HEARTBEAT {datanodeUUID=244cdd5c-3558-4577-8146-15a3e7a5ffb6, command=[]} | ret=SUCCESS |  
2019-09-20 09:13:41,883 | INFO  | SCMAudit | user=jenkins1000 | ip=192.168.151.119 | op=SEND_HEARTBEAT {datanodeUUID=244cdd5c-3558-4577-8146-15a3e7a5ffb6, command=[]} | ret=SUCCESS |  
2019-09-20 09:13:42,084 | INFO  | SCMAudit | user=jenkins1000 | ip=192.168.151.119 | op=SEND_HEARTBEAT {datanodeUUID=244cdd5c-3558-4577-8146-15a3e7a5ffb6, command=[]} | ret=SUCCESS |  
2019-09-20 09:13:42,283 | INFO  | SCMAudit | user=jenkins1000 | ip=192.168.151.119 | op=SEND_HEARTBEAT {datanodeUUID=244cdd5c-3558-4577-8146-15a3e7a5ffb6, command=[]} | ret=SUCCESS |  
2019-09-20 09:13:42,484 | INFO  | SCMAudit | user=jenkins1000 | ip=192.168.151.119 | op=SEND_HEARTBEAT {datanodeUUID=244cdd5c-3558-4577-8146-15a3e7a5ffb6, command=[]} | ret=SUCCESS |  
2019-09-20 09:13:42,685 | INFO  | SCMAudit | user=jenkins1000 | ip=192.168.151.119 | op=SEND_HEARTBEAT {datanodeUUID=244cdd5c-3558-4577-8146-15a3e7a5ffb6, command=[]} | ret=SUCCESS |  
2019-09-20 09:13:42,885 | INFO  | SCMAudit | user=jenkins1000 | ip=192.168.151.119 | op=SEND_HEARTBEAT {datanodeUUID=244cdd5c-3558-4577-8146-15a3e7a5ffb6, command=[]} | ret=SUCCESS |  
2019-09-20 09:13:43,085 | INFO  | SCMAudit | user=jenkins1000 | ip=192.168.151.119 | op=SEND_HEARTBEAT {datanodeUUID=244cdd5c-3558-4577-8146-15a3e7a5ffb6, command=[]} | ret=SUCCESS |  
2019-09-20 09:13:43,285 | INFO  | SCMAudit | user=jenkins1000 | ip=192.168.151.119 | op=SEND_HEARTBEAT {datanodeUUID=244cdd5c-3558-4577-8146-15a3e7a5ffb6, command=[]} | ret=SUCCESS |  
2019-09-20 09:13:43,485 | INFO  | SCMAudit | user=jenkins1000 | ip=192.168.151.119 | op=SEND_HEARTBEAT {datanodeUUID=244cdd5c-3558-4577-8146-15a3e7a5ffb6, command=[]} | ret=SUCCESS |  
2019-09-20 09:13:43,685 | INFO  | SCMAudit | user=jenkins1000 | ip=192.168.151.119 | op=SEND_HEARTBEAT {datanodeUUID=244cdd5c-3558-4577-8146-15a3e7a5ffb6, command=[]} | ret=SUCCESS |  
2019-09-20 09:13:43,885 | INFO  | SCMAudit | user=jenkins1000 | ip=192.168.151.119 | op=SEND_HEARTBEAT {datanodeUUID=244cdd5c-3558-4577-8146-15a3e7a5ffb6, command=[]} | ret=SUCCESS |  
2019-09-20 09:13:44,085 | INFO  | SCMAudit | user=jenkins1000 | ip=192.168.151.119 | op=SEND_HEARTBEAT {datanodeUUID=244cdd5c-3558-4577-8146-15a3e7a5ffb6, command=[]} | ret=SUCCESS |  
2019-09-20 09:13:44,284 | INFO  | SCMAudit | user=jenkins1000 | ip=192.168.151.119 | op=SEND_HEARTBEAT {datanodeUUID=244cdd5c-3558-4577-8146-15a3e7a5ffb6, command=[]} | ret=SUCCESS |  
2019-09-20 09:13:44,485 | INFO  | SCMAudit | user=jenkins1000 | ip=192.168.151.119 | op=SEND_HEARTBEAT {datanodeUUID=244cdd5c-3558-4577-8146-15a3e7a5ffb6, command=[]} | ret=SUCCESS |  
2019-09-20 09:13:44,686 | INFO  | SCMAudit | user=jenkins1000 | ip=192.168.151.119 | op=SEND_HEARTBEAT {datanodeUUID=244cdd5c-3558-4577-8146-15a3e7a5ffb6, command=[]} | ret=SUCCESS |  
2019-09-20 09:13:44,886 | INFO  | SCMAudit | user=jenkins1000 | ip=192.168.151.119 | op=SEND_HEARTBEAT {datanodeUUID=244cdd5c-3558-4577-8146-15a3e7a5ffb6, command=[]} | ret=SUCCESS |  
2019-09-20 09:13:45,085 | INFO  | SCMAudit | user=jenkins1000 | ip=192.168.151.119 | op=SEND_HEARTBEAT {datanodeUUID=244cdd5c-3558-4577-8146-15a3e7a5ffb6, command=[]} | ret=SUCCESS |  
2019-09-20 09:13:45,286 | INFO  | SCMAudit | user=jenkins1000 | ip=192.168.151.119 | op=SEND_HEARTBEAT {datanodeUUID=244cdd5c-3558-4577-8146-15a3e7a5ffb6, command=[]} | ret=SUCCESS |  
2019-09-20 09:13:45,486 | INFO  | SCMAudit | user=jenkins1000 | ip=192.168.151.119 | op=SEND_HEARTBEAT {datanodeUUID=244cdd5c-3558-4577-8146-15a3e7a5ffb6, command=[]} | ret=SUCCESS |  
2019-09-20 09:13:45,686 | INFO  | SCMAudit | user=jenkins1000 | ip=192.168.151.119 | op=SEND_HEARTBEAT {datanodeUUID=244cdd5c-3558-4577-8146-15a3e7a5ffb6, command=[]} | ret=SUCCESS |  
2019-09-20 09:13:45,886 | INFO  | SCMAudit | user=jenkins1000 | ip=192.168.151.119 | op=SEND_HEARTBEAT {datanodeUUID=244cdd5c-3558-4577-8146-15a3e7a5ffb6, command=[]} | ret=SUCCESS |  
2019-09-20 09:13:46,085 | INFO  | SCMAudit | user=jenkins1000 | ip=192.168.151.119 | op=SEND_HEARTBEAT {datanodeUUID=244cdd5c-3558-4577-8146-15a3e7a5ffb6, command=[]} | ret=SUCCESS |  
2019-09-20 09:13:46,286 | INFO  | SCMAudit | user=jenkins1000 | ip=192.168.151.119 | op=SEND_HEARTBEAT {datanodeUUID=244cdd5c-3558-4577-8146-15a3e7a5ffb6, command=[]} | ret=SUCCESS |  
2019-09-20 09:13:46,487 | INFO  | SCMAudit | user=jenkins1000 | ip=192.168.151.119 | op=SEND_HEARTBEAT {datanodeUUID=244cdd5c-3558-4577-8146-15a3e7a5ffb6, command=[]} | ret=SUCCESS |  
2019-09-20 09:13:46,687 | INFO  | SCMAudit | user=jenkins1000 | ip=192.168.151.119 | op=SEND_HEARTBEAT {datanodeUUID=244cdd5c-3558-4577-8146-15a3e7a5ffb6, command=[]} | ret=SUCCESS |  
2019-09-20 09:13:46,887 | INFO  | SCMAudit | user=jenkins1000 | ip=192.168.151.119 | op=SEND_HEARTBEAT {datanodeUUID=244cdd5c-3558-4577-8146-15a3e7a5ffb6, command=[]} | ret=SUCCESS |  
2019-09-20 09:13:47,088 | INFO  | SCMAudit | user=jenkins1000 | ip=192.168.151.119 | op=SEND_HEARTBEAT {datanodeUUID=244cdd5c-3558-4577-8146-15a3e7a5ffb6, command=[]} | ret=SUCCESS |  
2019-09-20 09:13:47,288 | INFO  | SCMAudit | user=jenkins1000 | ip=192.168.151.119 | op=SEND_HEARTBEAT {datanodeUUID=244cdd5c-3558-4577-8146-15a3e7a5ffb6, command=[]} | ret=SUCCESS |  
2019-09-20 09:13:47,488 | INFO  | SCMAudit | user=jenkins1000 | ip=192.168.151.119 | op=SEND_HEARTBEAT {datanodeUUID=244cdd5c-3558-4577-8146-15a3e7a5ffb6, command=[]} | ret=SUCCESS |  
2019-09-20 09:13:47,687 | INFO  | SCMAudit | user=jenkins1000 | ip=192.168.151.119 | op=SEND_HEARTBEAT {datanodeUUID=244cdd5c-3558-4577-8146-15a3e7a5ffb6, command=[]} | ret=SUCCESS |  
2019-09-20 09:13:47,888 | INFO  | SCMAudit | user=jenkins1000 | ip=192.168.151.119 | op=SEND_HEARTBEAT {datanodeUUID=244cdd5c-3558-4577-8146-15a3e7a5ffb6, command=[]} | ret=SUCCESS |  
2019-09-20 09:13:48,089 | INFO  | SCMAudit | user=jenkins1000 | ip=192.168.151.119 | op=SEND_HEARTBEAT {datanodeUUID=244cdd5c-3558-4577-8146-15a3e7a5ffb6, command=[]} | ret=SUCCESS |  
2019-09-20 09:13:48,289 | INFO  | SCMAudit | user=jenkins1000 | ip=192.168.151.119 | op=SEND_HEARTBEAT {datanodeUUID=244cdd5c-3558-4577-8146-15a3e7a5ffb6, command=[]} | ret=SUCCESS |  
2019-09-20 09:13:48,488 | INFO  | SCMAudit | user=jenkins1000 | ip=192.168.151.119 | op=SEND_HEARTBEAT {datanodeUUID=244cdd5c-3558-4577-8146-15a3e7a5ffb6, command=[]} | ret=SUCCESS |  
2019-09-20 09:13:48,689 | INFO  | SCMAudit | user=jenkins1000 | ip=192.168.151.119 | op=SEND_HEARTBEAT {datanodeUUID=244cdd5c-3558-4577-8146-15a3e7a5ffb6, command=[]} | ret=SUCCESS |  
2019-09-20 09:13:48,889 | INFO  | SCMAudit | user=jenkins1000 | ip=192.168.151.119 | op=SEND_HEARTBEAT {datanodeUUID=244cdd5c-3558-4577-8146-15a3e7a5ffb6, command=[]} | ret=SUCCESS |  
2019-09-20 09:13:49,089 | INFO  | SCMAudit | user=jenkins1000 | ip=192.168.151.119 | op=SEND_HEARTBEAT {datanodeUUID=244cdd5c-3558-4577-8146-15a3e7a5ffb6, command=[]} | ret=SUCCESS |  
2019-09-20 09:13:49,289 | INFO  | SCMAudit | user=jenkins1000 | ip=192.168.151.119 | op=SEND_HEARTBEAT {datanodeUUID=244cdd5c-3558-4577-8146-15a3e7a5ffb6, command=[]} | ret=SUCCESS |  
2019-09-20 09:13:49,489 | INFO  | SCMAudit | user=jenkins1000 | ip=192.168.151.119 | op=SEND_HEARTBEAT {datanodeUUID=244cdd5c-3558-4577-8146-15a3e7a5ffb6, command=[]} | ret=SUCCESS |  
2019-09-20 09:13:49,690 | INFO  | SCMAudit | user=jenkins1000 | ip=192.168.151.119 | op=SEND_HEARTBEAT {datanodeUUID=244cdd5c-3558-4577-8146-15a3e7a5ffb6, command=[]} | ret=SUCCESS |  
2019-09-20 09:13:49,889 | INFO  | SCMAudit | user=jenkins1000 | ip=192.168.151.119 | op=SEND_HEARTBEAT {datanodeUUID=244cdd5c-3558-4577-8146-15a3e7a5ffb6, command=[]} | ret=SUCCESS |  
2019-09-20 09:13:50,090 | INFO  | SCMAudit | user=jenkins1000 | ip=192.168.151.119 | op=SEND_HEARTBEAT {datanodeUUID=244cdd5c-3558-4577-8146-15a3e7a5ffb6, command=[]} | ret=SUCCESS |  
2019-09-20 09:13:50,290 | INFO  | SCMAudit | user=jenkins1000 | ip=192.168.151.119 | op=SEND_HEARTBEAT {datanodeUUID=244cdd5c-3558-4577-8146-15a3e7a5ffb6, command=[]} | ret=SUCCESS |  
2019-09-20 09:13:50,489 | INFO  | SCMAudit | user=jenkins1000 | ip=192.168.151.119 | op=SEND_HEARTBEAT {datanodeUUID=244cdd5c-3558-4577-8146-15a3e7a5ffb6, command=[]} | ret=SUCCESS |  
2019-09-20 09:13:50,690 | INFO  | SCMAudit | user=jenkins1000 | ip=192.168.151.119 | op=SEND_HEARTBEAT {datanodeUUID=244cdd5c-3558-4577-8146-15a3e7a5ffb6, command=[]} | ret=SUCCESS |  
2019-09-20 09:13:50,891 | INFO  | SCMAudit | user=jenkins1000 | ip=192.168.151.119 | op=SEND_HEARTBEAT {datanodeUUID=244cdd5c-3558-4577-8146-15a3e7a5ffb6, command=[]} | ret=SUCCESS |  
2019-09-20 09:13:51,091 | INFO  | SCMAudit | user=jenkins1000 | ip=192.168.151.119 | op=SEND_HEARTBEAT {datanodeUUID=244cdd5c-3558-4577-8146-15a3e7a5ffb6, command=[]} | ret=SUCCESS |  
2019-09-20 09:13:51,291 | INFO  | SCMAudit | user=jenkins1000 | ip=192.168.151.119 | op=SEND_HEARTBEAT {datanodeUUID=244cdd5c-3558-4577-8146-15a3e7a5ffb6, command=[]} | ret=SUCCESS |  
2019-09-20 09:13:51,491 | INFO  | SCMAudit | user=jenkins1000 | ip=192.168.151.119 | op=SEND_HEARTBEAT {datanodeUUID=244cdd5c-3558-4577-8146-15a3e7a5ffb6, command=[]} | ret=SUCCESS |  
2019-09-20 09:13:51,691 | INFO  | SCMAudit | user=jenkins1000 | ip=192.168.151.119 | op=SEND_HEARTBEAT {datanodeUUID=244cdd5c-3558-4577-8146-15a3e7a5ffb6, command=[]} | ret=SUCCESS |  
2019-09-20 09:13:51,890 | INFO  | SCMAudit | user=jenkins1000 | ip=192.168.151.119 | op=SEND_HEARTBEAT {datanodeUUID=244cdd5c-3558-4577-8146-15a3e7a5ffb6, command=[]} | ret=SUCCESS |  
2019-09-20 09:13:52,090 | INFO  | SCMAudit | user=jenkins1000 | ip=192.168.151.119 | op=SEND_HEARTBEAT {datanodeUUID=244cdd5c-3558-4577-8146-15a3e7a5ffb6, command=[]} | ret=SUCCESS |  
2019-09-20 09:13:52,291 | INFO  | SCMAudit | user=jenkins1000 | ip=192.168.151.119 | op=SEND_HEARTBEAT {datanodeUUID=244cdd5c-3558-4577-8146-15a3e7a5ffb6, command=[]} | ret=SUCCESS |  
2019-09-20 09:13:52,491 | INFO  | SCMAudit | user=jenkins1000 | ip=192.168.151.119 | op=SEND_HEARTBEAT {datanodeUUID=244cdd5c-3558-4577-8146-15a3e7a5ffb6, command=[]} | ret=SUCCESS |  
2019-09-20 09:13:52,691 | INFO  | SCMAudit | user=jenkins1000 | ip=192.168.151.119 | op=SEND_HEARTBEAT {datanodeUUID=244cdd5c-3558-4577-8146-15a3e7a5ffb6, command=[]} | ret=SUCCESS |  
2019-09-20 09:13:52,892 | INFO  | SCMAudit | user=jenkins1000 | ip=192.168.151.119 | op=SEND_HEARTBEAT {datanodeUUID=244cdd5c-3558-4577-8146-15a3e7a5ffb6, command=[]} | ret=SUCCESS |  
2019-09-20 09:13:53,092 | INFO  | SCMAudit | user=jenkins1000 | ip=192.168.151.119 | op=SEND_HEARTBEAT {datanodeUUID=244cdd5c-3558-4577-8146-15a3e7a5ffb6, command=[]} | ret=SUCCESS |  
2019-09-20 09:13:53,291 | INFO  | SCMAudit | user=jenkins1000 | ip=192.168.151.119 | op=SEND_HEARTBEAT {datanodeUUID=244cdd5c-3558-4577-8146-15a3e7a5ffb6, command=[]} | ret=SUCCESS |  
2019-09-20 09:13:53,491 | INFO  | SCMAudit | user=jenkins1000 | ip=192.168.151.119 | op=SEND_HEARTBEAT {datanodeUUID=244cdd5c-3558-4577-8146-15a3e7a5ffb6, command=[]} | ret=SUCCESS |  
2019-09-20 09:13:53,692 | INFO  | SCMAudit | user=jenkins1000 | ip=192.168.151.119 | op=SEND_HEARTBEAT {datanodeUUID=244cdd5c-3558-4577-8146-15a3e7a5ffb6, command=[]} | ret=SUCCESS |  
2019-09-20 09:13:53,892 | INFO  | SCMAudit | user=jenkins1000 | ip=192.168.151.119 | op=SEND_HEARTBEAT {datanodeUUID=244cdd5c-3558-4577-8146-15a3e7a5ffb6, command=[]} | ret=SUCCESS |  
2019-09-20 09:13:54,092 | INFO  | SCMAudit | user=jenkins1000 | ip=192.168.151.119 | op=SEND_HEARTBEAT {datanodeUUID=244cdd5c-3558-4577-8146-15a3e7a5ffb6, command=[]} | ret=SUCCESS |  
2019-09-20 09:13:54,292 | INFO  | SCMAudit | user=jenkins1000 | ip=192.168.151.119 | op=SEND_HEARTBEAT {datanodeUUID=244cdd5c-3558-4577-8146-15a3e7a5ffb6, command=[]} | ret=SUCCESS |  
2019-09-20 09:13:54,493 | INFO  | SCMAudit | user=jenkins1000 | ip=192.168.151.119 | op=SEND_HEARTBEAT {datanodeUUID=244cdd5c-3558-4577-8146-15a3e7a5ffb6, command=[]} | ret=SUCCESS |  
2019-09-20 09:13:54,693 | INFO  | SCMAudit | user=jenkins1000 | ip=192.168.151.119 | op=SEND_HEARTBEAT {datanodeUUID=244cdd5c-3558-4577-8146-15a3e7a5ffb6, command=[]} | ret=SUCCESS |  
2019-09-20 09:13:54,892 | INFO  | SCMAudit | user=jenkins1000 | ip=192.168.151.119 | op=SEND_HEARTBEAT {datanodeUUID=244cdd5c-3558-4577-8146-15a3e7a5ffb6, command=[]} | ret=SUCCESS |  
2019-09-20 09:13:55,093 | INFO  | SCMAudit | user=jenkins1000 | ip=192.168.151.119 | op=SEND_HEARTBEAT {datanodeUUID=244cdd5c-3558-4577-8146-15a3e7a5ffb6, command=[]} | ret=SUCCESS |  
2019-09-20 09:13:55,293 | INFO  | SCMAudit | user=jenkins1000 | ip=192.168.151.119 | op=SEND_HEARTBEAT {datanodeUUID=244cdd5c-3558-4577-8146-15a3e7a5ffb6, command=[]} | ret=SUCCESS |  
2019-09-20 09:13:55,493 | INFO  | SCMAudit | user=jenkins1000 | ip=192.168.151.119 | op=SEND_HEARTBEAT {datanodeUUID=244cdd5c-3558-4577-8146-15a3e7a5ffb6, command=[]} | ret=SUCCESS |  
2019-09-20 09:13:55,694 | INFO  | SCMAudit | user=jenkins1000 | ip=192.168.151.119 | op=SEND_HEARTBEAT {datanodeUUID=244cdd5c-3558-4577-8146-15a3e7a5ffb6, command=[]} | ret=SUCCESS |  
2019-09-20 09:13:55,893 | INFO  | SCMAudit | user=jenkins1000 | ip=192.168.151.119 | op=SEND_HEARTBEAT {datanodeUUID=244cdd5c-3558-4577-8146-15a3e7a5ffb6, command=[]} | ret=SUCCESS |  
2019-09-20 09:13:56,094 | INFO  | SCMAudit | user=jenkins1000 | ip=192.168.151.119 | op=SEND_HEARTBEAT {datanodeUUID=244cdd5c-3558-4577-8146-15a3e7a5ffb6, command=[]} | ret=SUCCESS |  
2019-09-20 09:13:56,294 | INFO  | SCMAudit | user=jenkins1000 | ip=192.168.151.119 | op=SEND_HEARTBEAT {datanodeUUID=244cdd5c-3558-4577-8146-15a3e7a5ffb6, command=[]} | ret=SUCCESS |  
2019-09-20 09:13:56,493 | INFO  | SCMAudit | user=jenkins1000 | ip=192.168.151.119 | op=SEND_HEARTBEAT {datanodeUUID=244cdd5c-3558-4577-8146-15a3e7a5ffb6, command=[]} | ret=SUCCESS |  
2019-09-20 09:13:56,694 | INFO  | SCMAudit | user=jenkins1000 | ip=192.168.151.119 | op=SEND_HEARTBEAT {datanodeUUID=244cdd5c-3558-4577-8146-15a3e7a5ffb6, command=[]} | ret=SUCCESS |  
2019-09-20 09:13:56,894 | INFO  | SCMAudit | user=jenkins1000 | ip=192.168.151.119 | op=SEND_HEARTBEAT {datanodeUUID=244cdd5c-3558-4577-8146-15a3e7a5ffb6, command=[]} | ret=SUCCESS |  
2019-09-20 09:13:57,094 | INFO  | SCMAudit | user=jenkins1000 | ip=192.168.151.119 | op=SEND_HEARTBEAT {datanodeUUID=244cdd5c-3558-4577-8146-15a3e7a5ffb6, command=[]} | ret=SUCCESS |  
2019-09-20 09:13:57,294 | INFO  | SCMAudit | user=jenkins1000 | ip=192.168.151.119 | op=SEND_HEARTBEAT {datanodeUUID=244cdd5c-3558-4577-8146-15a3e7a5ffb6, command=[]} | ret=SUCCESS |  
2019-09-20 09:13:57,495 | INFO  | SCMAudit | user=jenkins1000 | ip=192.168.151.119 | op=SEND_HEARTBEAT {datanodeUUID=244cdd5c-3558-4577-8146-15a3e7a5ffb6, command=[]} | ret=SUCCESS |  
2019-09-20 09:13:57,694 | INFO  | SCMAudit | user=jenkins1000 | ip=192.168.151.119 | op=SEND_HEARTBEAT {datanodeUUID=244cdd5c-3558-4577-8146-15a3e7a5ffb6, command=[]} | ret=SUCCESS |  
2019-09-20 09:13:57,895 | INFO  | SCMAudit | user=jenkins1000 | ip=192.168.151.119 | op=SEND_HEARTBEAT {datanodeUUID=244cdd5c-3558-4577-8146-15a3e7a5ffb6, command=[]} | ret=SUCCESS |  
2019-09-20 09:13:58,096 | INFO  | SCMAudit | user=jenkins1000 | ip=192.168.151.119 | op=SEND_HEARTBEAT {datanodeUUID=244cdd5c-3558-4577-8146-15a3e7a5ffb6, command=[]} | ret=SUCCESS |  
2019-09-20 09:13:58,296 | INFO  | SCMAudit | user=jenkins1000 | ip=192.168.151.119 | op=SEND_HEARTBEAT {datanodeUUID=244cdd5c-3558-4577-8146-15a3e7a5ffb6, command=[]} | ret=SUCCESS |  
2019-09-20 09:13:58,495 | INFO  | SCMAudit | user=jenkins1000 | ip=192.168.151.119 | op=SEND_HEARTBEAT {datanodeUUID=244cdd5c-3558-4577-8146-15a3e7a5ffb6, command=[]} | ret=SUCCESS |  
2019-09-20 09:13:58,696 | INFO  | SCMAudit | user=jenkins1000 | ip=192.168.151.119 | op=SEND_HEARTBEAT {datanodeUUID=244cdd5c-3558-4577-8146-15a3e7a5ffb6, command=[]} | ret=SUCCESS |  
2019-09-20 09:13:58,896 | INFO  | SCMAudit | user=jenkins1000 | ip=192.168.151.119 | op=SEND_HEARTBEAT {datanodeUUID=244cdd5c-3558-4577-8146-15a3e7a5ffb6, command=[]} | ret=SUCCESS |  
2019-09-20 09:13:59,095 | INFO  | SCMAudit | user=jenkins1000 | ip=192.168.151.119 | op=SEND_HEARTBEAT {datanodeUUID=244cdd5c-3558-4577-8146-15a3e7a5ffb6, command=[]} | ret=SUCCESS |  
2019-09-20 09:13:59,296 | INFO  | SCMAudit | user=jenkins1000 | ip=192.168.151.119 | op=SEND_HEARTBEAT {datanodeUUID=244cdd5c-3558-4577-8146-15a3e7a5ffb6, command=[]} | ret=SUCCESS |  
2019-09-20 09:13:59,497 | INFO  | SCMAudit | user=jenkins1000 | ip=192.168.151.119 | op=SEND_HEARTBEAT {datanodeUUID=244cdd5c-3558-4577-8146-15a3e7a5ffb6, command=[]} | ret=SUCCESS |  
2019-09-20 09:13:59,697 | INFO  | SCMAudit | user=jenkins1000 | ip=192.168.151.119 | op=SEND_HEARTBEAT {datanodeUUID=244cdd5c-3558-4577-8146-15a3e7a5ffb6, command=[]} | ret=SUCCESS |  
2019-09-20 09:13:59,896 | INFO  | SCMAudit | user=jenkins1000 | ip=192.168.151.119 | op=SEND_HEARTBEAT {datanodeUUID=244cdd5c-3558-4577-8146-15a3e7a5ffb6, command=[]} | ret=SUCCESS |  
2019-09-20 09:14:00,097 | INFO  | SCMAudit | user=jenkins1000 | ip=192.168.151.119 | op=SEND_HEARTBEAT {datanodeUUID=244cdd5c-3558-4577-8146-15a3e7a5ffb6, command=[]} | ret=SUCCESS |  
2019-09-20 09:14:00,297 | INFO  | SCMAudit | user=jenkins1000 | ip=192.168.151.119 | op=SEND_HEARTBEAT {datanodeUUID=244cdd5c-3558-4577-8146-15a3e7a5ffb6, command=[]} | ret=SUCCESS |  
2019-09-20 09:14:00,496 | INFO  | SCMAudit | user=jenkins1000 | ip=192.168.151.119 | op=SEND_HEARTBEAT {datanodeUUID=244cdd5c-3558-4577-8146-15a3e7a5ffb6, command=[]} | ret=SUCCESS |  
2019-09-20 09:14:00,697 | INFO  | SCMAudit | user=jenkins1000 | ip=192.168.151.119 | op=SEND_HEARTBEAT {datanodeUUID=244cdd5c-3558-4577-8146-15a3e7a5ffb6, command=[]} | ret=SUCCESS |  
2019-09-20 09:14:00,897 | INFO  | SCMAudit | user=jenkins1000 | ip=192.168.151.119 | op=SEND_HEARTBEAT {datanodeUUID=244cdd5c-3558-4577-8146-15a3e7a5ffb6, command=[]} | ret=SUCCESS |  
2019-09-20 09:14:01,098 | INFO  | SCMAudit | user=jenkins1000 | ip=192.168.151.119 | op=SEND_HEARTBEAT {datanodeUUID=244cdd5c-3558-4577-8146-15a3e7a5ffb6, command=[]} | ret=SUCCESS |  
2019-09-20 09:14:01,298 | INFO  | SCMAudit | user=jenkins1000 | ip=192.168.151.119 | op=SEND_HEARTBEAT {datanodeUUID=244cdd5c-3558-4577-8146-15a3e7a5ffb6, command=[]} | ret=SUCCESS |  
2019-09-20 09:14:01,499 | INFO  | SCMAudit | user=jenkins1000 | ip=192.168.151.119 | op=SEND_HEARTBEAT {datanodeUUID=244cdd5c-3558-4577-8146-15a3e7a5ffb6, command=[]} | ret=SUCCESS |  
2019-09-20 09:14:01,698 | INFO  | SCMAudit | user=jenkins1000 | ip=192.168.151.119 | op=SEND_HEARTBEAT {datanodeUUID=244cdd5c-3558-4577-8146-15a3e7a5ffb6, command=[]} | ret=SUCCESS |  
2019-09-20 09:14:01,899 | INFO  | SCMAudit | user=jenkins1000 | ip=192.168.151.119 | op=SEND_HEARTBEAT {datanodeUUID=244cdd5c-3558-4577-8146-15a3e7a5ffb6, command=[]} | ret=SUCCESS |  
2019-09-20 09:14:02,099 | INFO  | SCMAudit | user=jenkins1000 | ip=192.168.151.119 | op=SEND_HEARTBEAT {datanodeUUID=244cdd5c-3558-4577-8146-15a3e7a5ffb6, command=[]} | ret=SUCCESS |  
2019-09-20 09:14:02,299 | INFO  | SCMAudit | user=jenkins1000 | ip=192.168.151.119 | op=SEND_HEARTBEAT {datanodeUUID=244cdd5c-3558-4577-8146-15a3e7a5ffb6, command=[]} | ret=SUCCESS |  
2019-09-20 09:14:02,499 | INFO  | SCMAudit | user=jenkins1000 | ip=192.168.151.119 | op=SEND_HEARTBEAT {datanodeUUID=244cdd5c-3558-4577-8146-15a3e7a5ffb6, command=[]} | ret=SUCCESS |  
2019-09-20 09:14:02,700 | INFO  | SCMAudit | user=jenkins1000 | ip=192.168.151.119 | op=SEND_HEARTBEAT {datanodeUUID=244cdd5c-3558-4577-8146-15a3e7a5ffb6, command=[]} | ret=SUCCESS |  
2019-09-20 09:14:02,900 | INFO  | SCMAudit | user=jenkins1000 | ip=192.168.151.119 | op=SEND_HEARTBEAT {datanodeUUID=244cdd5c-3558-4577-8146-15a3e7a5ffb6, command=[]} | ret=SUCCESS |  
2019-09-20 09:14:03,100 | INFO  | SCMAudit | user=jenkins1000 | ip=192.168.151.119 | op=SEND_HEARTBEAT {datanodeUUID=244cdd5c-3558-4577-8146-15a3e7a5ffb6, command=[]} | ret=SUCCESS |  
2019-09-20 09:14:03,301 | INFO  | SCMAudit | user=jenkins1000 | ip=192.168.151.119 | op=SEND_HEARTBEAT {datanodeUUID=244cdd5c-3558-4577-8146-15a3e7a5ffb6, command=[]} | ret=SUCCESS |  
2019-09-20 09:14:03,501 | INFO  | SCMAudit | user=jenkins1000 | ip=192.168.151.119 | op=SEND_HEARTBEAT {datanodeUUID=244cdd5c-3558-4577-8146-15a3e7a5ffb6, command=[]} | ret=SUCCESS |  
2019-09-20 09:14:03,701 | INFO  | SCMAudit | user=jenkins1000 | ip=192.168.151.119 | op=SEND_HEARTBEAT {datanodeUUID=244cdd5c-3558-4577-8146-15a3e7a5ffb6, command=[]} | ret=SUCCESS |  
2019-09-20 09:14:03,900 | INFO  | SCMAudit | user=jenkins1000 | ip=192.168.151.119 | op=SEND_HEARTBEAT {datanodeUUID=244cdd5c-3558-4577-8146-15a3e7a5ffb6, command=[]} | ret=SUCCESS |  
2019-09-20 09:14:04,101 | INFO  | SCMAudit | user=jenkins1000 | ip=192.168.151.119 | op=SEND_HEARTBEAT {datanodeUUID=244cdd5c-3558-4577-8146-15a3e7a5ffb6, command=[]} | ret=SUCCESS |  
2019-09-20 09:14:04,301 | INFO  | SCMAudit | user=jenkins1000 | ip=192.168.151.119 | op=SEND_HEARTBEAT {datanodeUUID=244cdd5c-3558-4577-8146-15a3e7a5ffb6, command=[]} | ret=SUCCESS |  
2019-09-20 09:14:04,501 | INFO  | SCMAudit | user=jenkins1000 | ip=192.168.151.119 | op=SEND_HEARTBEAT {datanodeUUID=244cdd5c-3558-4577-8146-15a3e7a5ffb6, command=[]} | ret=SUCCESS |  
2019-09-20 09:14:04,700 | INFO  | SCMAudit | user=jenkins1000 | ip=192.168.151.119 | op=SEND_HEARTBEAT {datanodeUUID=244cdd5c-3558-4577-8146-15a3e7a5ffb6, command=[]} | ret=SUCCESS |  
2019-09-20 09:14:04,901 | INFO  | SCMAudit | user=jenkins1000 | ip=192.168.151.119 | op=SEND_HEARTBEAT {datanodeUUID=244cdd5c-3558-4577-8146-15a3e7a5ffb6, command=[]} | ret=SUCCESS |  
2019-09-20 09:14:05,101 | INFO  | SCMAudit | user=jenkins1000 | ip=192.168.151.119 | op=SEND_HEARTBEAT {datanodeUUID=244cdd5c-3558-4577-8146-15a3e7a5ffb6, command=[]} | ret=SUCCESS |  
2019-09-20 09:14:05,300 | INFO  | SCMAudit | user=jenkins1000 | ip=192.168.151.119 | op=SEND_HEARTBEAT {datanodeUUID=244cdd5c-3558-4577-8146-15a3e7a5ffb6, command=[]} | ret=SUCCESS |  
2019-09-20 09:14:05,501 | INFO  | SCMAudit | user=jenkins1000 | ip=192.168.151.119 | op=SEND_HEARTBEAT {datanodeUUID=244cdd5c-3558-4577-8146-15a3e7a5ffb6, command=[]} | ret=SUCCESS |  
2019-09-20 09:14:05,701 | INFO  | SCMAudit | user=jenkins1000 | ip=192.168.151.119 | op=SEND_HEARTBEAT {datanodeUUID=244cdd5c-3558-4577-8146-15a3e7a5ffb6, command=[]} | ret=SUCCESS |  
2019-09-20 09:14:05,900 | INFO  | SCMAudit | user=jenkins1000 | ip=192.168.151.119 | op=SEND_HEARTBEAT {datanodeUUID=244cdd5c-3558-4577-8146-15a3e7a5ffb6, command=[]} | ret=SUCCESS |  
2019-09-20 09:14:06,101 | INFO  | SCMAudit | user=jenkins1000 | ip=192.168.151.119 | op=SEND_HEARTBEAT {datanodeUUID=244cdd5c-3558-4577-8146-15a3e7a5ffb6, command=[]} | ret=SUCCESS |  
2019-09-20 09:14:06,302 | INFO  | SCMAudit | user=jenkins1000 | ip=192.168.151.119 | op=SEND_HEARTBEAT {datanodeUUID=244cdd5c-3558-4577-8146-15a3e7a5ffb6, command=[]} | ret=SUCCESS |  
2019-09-20 09:14:06,502 | INFO  | SCMAudit | user=jenkins1000 | ip=192.168.151.119 | op=SEND_HEARTBEAT {datanodeUUID=244cdd5c-3558-4577-8146-15a3e7a5ffb6, command=[]} | ret=SUCCESS |  
2019-09-20 09:14:06,701 | INFO  | SCMAudit | user=jenkins1000 | ip=192.168.151.119 | op=SEND_HEARTBEAT {datanodeUUID=244cdd5c-3558-4577-8146-15a3e7a5ffb6, command=[]} | ret=SUCCESS |  
2019-09-20 09:14:06,902 | INFO  | SCMAudit | user=jenkins1000 | ip=192.168.151.119 | op=SEND_HEARTBEAT {datanodeUUID=244cdd5c-3558-4577-8146-15a3e7a5ffb6, command=[]} | ret=SUCCESS |  
2019-09-20 09:14:07,103 | INFO  | SCMAudit | user=jenkins1000 | ip=192.168.151.119 | op=SEND_HEARTBEAT {datanodeUUID=244cdd5c-3558-4577-8146-15a3e7a5ffb6, command=[]} | ret=SUCCESS |  
2019-09-20 09:14:07,303 | INFO  | SCMAudit | user=jenkins1000 | ip=192.168.151.119 | op=SEND_HEARTBEAT {datanodeUUID=244cdd5c-3558-4577-8146-15a3e7a5ffb6, command=[]} | ret=SUCCESS |  
2019-09-20 09:14:07,503 | INFO  | SCMAudit | user=jenkins1000 | ip=192.168.151.119 | op=SEND_HEARTBEAT {datanodeUUID=244cdd5c-3558-4577-8146-15a3e7a5ffb6, command=[]} | ret=SUCCESS |  
2019-09-20 09:14:07,702 | INFO  | SCMAudit | user=jenkins1000 | ip=192.168.151.119 | op=SEND_HEARTBEAT {datanodeUUID=244cdd5c-3558-4577-8146-15a3e7a5ffb6, command=[]} | ret=SUCCESS |  
2019-09-20 09:14:07,903 | INFO  | SCMAudit | user=jenkins1000 | ip=192.168.151.119 | op=SEND_HEARTBEAT {datanodeUUID=244cdd5c-3558-4577-8146-15a3e7a5ffb6, command=[]} | ret=SUCCESS |  
2019-09-20 09:14:08,103 | INFO  | SCMAudit | user=jenkins1000 | ip=192.168.151.119 | op=SEND_HEARTBEAT {datanodeUUID=244cdd5c-3558-4577-8146-15a3e7a5ffb6, command=[]} | ret=SUCCESS |  
2019-09-20 09:14:08,304 | INFO  | SCMAudit | user=jenkins1000 | ip=192.168.151.119 | op=SEND_HEARTBEAT {datanodeUUID=244cdd5c-3558-4577-8146-15a3e7a5ffb6, command=[]} | ret=SUCCESS |  
2019-09-20 09:14:08,507 | INFO  | SCMAudit | user=jenkins1000 | ip=192.168.151.119 | op=SEND_HEARTBEAT {datanodeUUID=244cdd5c-3558-4577-8146-15a3e7a5ffb6, command=[]} | ret=SUCCESS |  
2019-09-20 09:14:08,704 | INFO  | SCMAudit | user=jenkins1000 | ip=192.168.151.119 | op=SEND_HEARTBEAT {datanodeUUID=244cdd5c-3558-4577-8146-15a3e7a5ffb6, command=[]} | ret=SUCCESS |  
2019-09-20 09:14:08,905 | INFO  | SCMAudit | user=jenkins1000 | ip=192.168.151.119 | op=SEND_HEARTBEAT {datanodeUUID=244cdd5c-3558-4577-8146-15a3e7a5ffb6, command=[]} | ret=SUCCESS |  
2019-09-20 09:14:09,105 | INFO  | SCMAudit | user=jenkins1000 | ip=192.168.151.119 | op=SEND_HEARTBEAT {datanodeUUID=244cdd5c-3558-4577-8146-15a3e7a5ffb6, command=[]} | ret=SUCCESS |  
2019-09-20 09:14:09,307 | INFO  | SCMAudit | user=jenkins1000 | ip=192.168.151.119 | op=SEND_HEARTBEAT {datanodeUUID=244cdd5c-3558-4577-8146-15a3e7a5ffb6, command=[]} | ret=SUCCESS |  
2019-09-20 09:14:09,506 | INFO  | SCMAudit | user=jenkins1000 | ip=192.168.151.119 | op=SEND_HEARTBEAT {datanodeUUID=244cdd5c-3558-4577-8146-15a3e7a5ffb6, command=[]} | ret=SUCCESS |  
2019-09-20 09:14:09,705 | INFO  | SCMAudit | user=jenkins1000 | ip=192.168.151.119 | op=SEND_HEARTBEAT {datanodeUUID=244cdd5c-3558-4577-8146-15a3e7a5ffb6, command=[]} | ret=SUCCESS |  
2019-09-20 09:14:09,906 | INFO  | SCMAudit | user=jenkins1000 | ip=192.168.151.119 | op=SEND_HEARTBEAT {datanodeUUID=244cdd5c-3558-4577-8146-15a3e7a5ffb6, command=[]} | ret=SUCCESS |  
2019-09-20 09:14:10,107 | INFO  | SCMAudit | user=jenkins1000 | ip=192.168.151.119 | op=SEND_HEARTBEAT {datanodeUUID=244cdd5c-3558-4577-8146-15a3e7a5ffb6, command=[]} | ret=SUCCESS |  
2019-09-20 09:14:10,307 | INFO  | SCMAudit | user=jenkins1000 | ip=192.168.151.119 | op=SEND_HEARTBEAT {datanodeUUID=244cdd5c-3558-4577-8146-15a3e7a5ffb6, command=[]} | ret=SUCCESS |  
2019-09-20 09:14:10,507 | INFO  | SCMAudit | user=jenkins1000 | ip=192.168.151.119 | op=SEND_HEARTBEAT {datanodeUUID=244cdd5c-3558-4577-8146-15a3e7a5ffb6, command=[]} | ret=SUCCESS |  
2019-09-20 09:14:10,708 | INFO  | SCMAudit | user=jenkins1000 | ip=192.168.151.119 | op=SEND_HEARTBEAT {datanodeUUID=244cdd5c-3558-4577-8146-15a3e7a5ffb6, command=[]} | ret=SUCCESS |  
2019-09-20 09:14:10,907 | INFO  | SCMAudit | user=jenkins1000 | ip=192.168.151.119 | op=SEND_HEARTBEAT {datanodeUUID=244cdd5c-3558-4577-8146-15a3e7a5ffb6, command=[]} | ret=SUCCESS |  
2019-09-20 09:14:11,108 | INFO  | SCMAudit | user=jenkins1000 | ip=192.168.151.119 | op=SEND_HEARTBEAT {datanodeUUID=244cdd5c-3558-4577-8146-15a3e7a5ffb6, command=[]} | ret=SUCCESS |  
2019-09-20 09:14:11,309 | INFO  | SCMAudit | user=jenkins1000 | ip=192.168.151.119 | op=SEND_HEARTBEAT {datanodeUUID=244cdd5c-3558-4577-8146-15a3e7a5ffb6, command=[]} | ret=SUCCESS |  
2019-09-20 09:14:11,510 | INFO  | SCMAudit | user=jenkins1000 | ip=192.168.151.119 | op=SEND_HEARTBEAT {datanodeUUID=244cdd5c-3558-4577-8146-15a3e7a5ffb6, command=[]} | ret=SUCCESS |  
2019-09-20 09:14:11,710 | INFO  | SCMAudit | user=jenkins1000 | ip=192.168.151.119 | op=SEND_HEARTBEAT {datanodeUUID=244cdd5c-3558-4577-8146-15a3e7a5ffb6, command=[]} | ret=SUCCESS |  
2019-09-20 09:14:11,910 | INFO  | SCMAudit | user=jenkins1000 | ip=192.168.151.119 | op=SEND_HEARTBEAT {datanodeUUID=244cdd5c-3558-4577-8146-15a3e7a5ffb6, command=[]} | ret=SUCCESS |  
2019-09-20 09:14:12,110 | INFO  | SCMAudit | user=jenkins1000 | ip=192.168.151.119 | op=SEND_HEARTBEAT {datanodeUUID=244cdd5c-3558-4577-8146-15a3e7a5ffb6, command=[]} | ret=SUCCESS |  
2019-09-20 09:14:12,310 | INFO  | SCMAudit | user=jenkins1000 | ip=192.168.151.119 | op=SEND_HEARTBEAT {datanodeUUID=244cdd5c-3558-4577-8146-15a3e7a5ffb6, command=[]} | ret=SUCCESS |  
2019-09-20 09:14:12,511 | INFO  | SCMAudit | user=jenkins1000 | ip=192.168.151.119 | op=SEND_HEARTBEAT {datanodeUUID=244cdd5c-3558-4577-8146-15a3e7a5ffb6, command=[]} | ret=SUCCESS |  
2019-09-20 09:14:12,711 | INFO  | SCMAudit | user=jenkins1000 | ip=192.168.151.119 | op=SEND_HEARTBEAT {datanodeUUID=244cdd5c-3558-4577-8146-15a3e7a5ffb6, command=[]} | ret=SUCCESS |  
2019-09-20 09:14:12,911 | INFO  | SCMAudit | user=jenkins1000 | ip=192.168.151.119 | op=SEND_HEARTBEAT {datanodeUUID=244cdd5c-3558-4577-8146-15a3e7a5ffb6, command=[]} | ret=SUCCESS |  
2019-09-20 09:14:13,110 | INFO  | SCMAudit | user=jenkins1000 | ip=192.168.151.119 | op=SEND_HEARTBEAT {datanodeUUID=244cdd5c-3558-4577-8146-15a3e7a5ffb6, command=[]} | ret=SUCCESS |  
2019-09-20 09:14:13,311 | INFO  | SCMAudit | user=jenkins1000 | ip=192.168.151.119 | op=SEND_HEARTBEAT {datanodeUUID=244cdd5c-3558-4577-8146-15a3e7a5ffb6, command=[]} | ret=SUCCESS |  
2019-09-20 09:14:13,510 | INFO  | SCMAudit | user=jenkins1000 | ip=192.168.151.119 | op=SEND_HEARTBEAT {datanodeUUID=244cdd5c-3558-4577-8146-15a3e7a5ffb6, command=[]} | ret=SUCCESS |  
2019-09-20 09:14:13,711 | INFO  | SCMAudit | user=jenkins1000 | ip=192.168.151.119 | op=SEND_HEARTBEAT {datanodeUUID=244cdd5c-3558-4577-8146-15a3e7a5ffb6, command=[]} | ret=SUCCESS |  
2019-09-20 09:14:13,910 | INFO  | SCMAudit | user=jenkins1000 | ip=192.168.151.119 | op=SEND_HEARTBEAT {datanodeUUID=244cdd5c-3558-4577-8146-15a3e7a5ffb6, command=[]} | ret=SUCCESS |  
2019-09-20 09:14:14,110 | INFO  | SCMAudit | user=jenkins1000 | ip=192.168.151.119 | op=SEND_HEARTBEAT {datanodeUUID=244cdd5c-3558-4577-8146-15a3e7a5ffb6, command=[]} | ret=SUCCESS |  
2019-09-20 09:14:14,311 | INFO  | SCMAudit | user=jenkins1000 | ip=192.168.151.119 | op=SEND_HEARTBEAT {datanodeUUID=244cdd5c-3558-4577-8146-15a3e7a5ffb6, command=[]} | ret=SUCCESS |  
2019-09-20 09:14:14,510 | INFO  | SCMAudit | user=jenkins1000 | ip=192.168.151.119 | op=SEND_HEARTBEAT {datanodeUUID=244cdd5c-3558-4577-8146-15a3e7a5ffb6, command=[]} | ret=SUCCESS |  
2019-09-20 09:14:14,711 | INFO  | SCMAudit | user=jenkins1000 | ip=192.168.151.119 | op=SEND_HEARTBEAT {datanodeUUID=244cdd5c-3558-4577-8146-15a3e7a5ffb6, command=[]} | ret=SUCCESS |  
2019-09-20 09:14:14,911 | INFO  | SCMAudit | user=jenkins1000 | ip=192.168.151.119 | op=SEND_HEARTBEAT {datanodeUUID=244cdd5c-3558-4577-8146-15a3e7a5ffb6, command=[]} | ret=SUCCESS |  
2019-09-20 09:14:15,112 | INFO  | SCMAudit | user=jenkins1000 | ip=192.168.151.119 | op=SEND_HEARTBEAT {datanodeUUID=244cdd5c-3558-4577-8146-15a3e7a5ffb6, command=[]} | ret=SUCCESS |  
2019-09-20 09:14:15,312 | INFO  | SCMAudit | user=jenkins1000 | ip=192.168.151.119 | op=SEND_HEARTBEAT {datanodeUUID=244cdd5c-3558-4577-8146-15a3e7a5ffb6, command=[]} | ret=SUCCESS |  
2019-09-20 09:14:15,513 | INFO  | SCMAudit | user=jenkins1000 | ip=192.168.151.119 | op=SEND_HEARTBEAT {datanodeUUID=244cdd5c-3558-4577-8146-15a3e7a5ffb6, command=[]} | ret=SUCCESS |  
2019-09-20 09:14:15,713 | INFO  | SCMAudit | user=jenkins1000 | ip=192.168.151.119 | op=SEND_HEARTBEAT {datanodeUUID=244cdd5c-3558-4577-8146-15a3e7a5ffb6, command=[]} | ret=SUCCESS |  
2019-09-20 09:14:15,913 | INFO  | SCMAudit | user=jenkins1000 | ip=192.168.151.119 | op=SEND_HEARTBEAT {datanodeUUID=244cdd5c-3558-4577-8146-15a3e7a5ffb6, command=[]} | ret=SUCCESS |  
2019-09-20 09:14:16,114 | INFO  | SCMAudit | user=jenkins1000 | ip=192.168.151.119 | op=SEND_HEARTBEAT {datanodeUUID=244cdd5c-3558-4577-8146-15a3e7a5ffb6, command=[]} | ret=SUCCESS |  
2019-09-20 09:14:16,314 | INFO  | SCMAudit | user=jenkins1000 | ip=192.168.151.119 | op=SEND_HEARTBEAT {datanodeUUID=244cdd5c-3558-4577-8146-15a3e7a5ffb6, command=[]} | ret=SUCCESS |  
2019-09-20 09:14:16,513 | INFO  | SCMAudit | user=jenkins1000 | ip=192.168.151.119 | op=SEND_HEARTBEAT {datanodeUUID=244cdd5c-3558-4577-8146-15a3e7a5ffb6, command=[]} | ret=SUCCESS |  
2019-09-20 09:14:16,714 | INFO  | SCMAudit | user=jenkins1000 | ip=192.168.151.119 | op=SEND_HEARTBEAT {datanodeUUID=244cdd5c-3558-4577-8146-15a3e7a5ffb6, command=[]} | ret=SUCCESS |  
2019-09-20 09:14:16,913 | INFO  | SCMAudit | user=jenkins1000 | ip=192.168.151.119 | op=SEND_HEARTBEAT {datanodeUUID=244cdd5c-3558-4577-8146-15a3e7a5ffb6, command=[]} | ret=SUCCESS |  
2019-09-20 09:14:17,113 | INFO  | SCMAudit | user=jenkins1000 | ip=192.168.151.119 | op=SEND_HEARTBEAT {datanodeUUID=244cdd5c-3558-4577-8146-15a3e7a5ffb6, command=[]} | ret=SUCCESS |  
2019-09-20 09:14:17,314 | INFO  | SCMAudit | user=jenkins1000 | ip=192.168.151.119 | op=SEND_HEARTBEAT {datanodeUUID=244cdd5c-3558-4577-8146-15a3e7a5ffb6, command=[]} | ret=SUCCESS |  
2019-09-20 09:14:17,514 | INFO  | SCMAudit | user=jenkins1000 | ip=192.168.151.119 | op=SEND_HEARTBEAT {datanodeUUID=244cdd5c-3558-4577-8146-15a3e7a5ffb6, command=[]} | ret=SUCCESS |  
2019-09-20 09:14:17,714 | INFO  | SCMAudit | user=jenkins1000 | ip=192.168.151.119 | op=SEND_HEARTBEAT {datanodeUUID=244cdd5c-3558-4577-8146-15a3e7a5ffb6, command=[]} | ret=SUCCESS |  
2019-09-20 09:14:17,913 | INFO  | SCMAudit | user=jenkins1000 | ip=192.168.151.119 | op=SEND_HEARTBEAT {datanodeUUID=244cdd5c-3558-4577-8146-15a3e7a5ffb6, command=[]} | ret=SUCCESS |  
2019-09-20 09:14:18,114 | INFO  | SCMAudit | user=jenkins1000 | ip=192.168.151.119 | op=SEND_HEARTBEAT {datanodeUUID=244cdd5c-3558-4577-8146-15a3e7a5ffb6, command=[]} | ret=SUCCESS |  
2019-09-20 09:14:18,313 | INFO  | SCMAudit | user=jenkins1000 | ip=192.168.151.119 | op=SEND_HEARTBEAT {datanodeUUID=244cdd5c-3558-4577-8146-15a3e7a5ffb6, command=[]} | ret=SUCCESS |  
2019-09-20 09:14:18,514 | INFO  | SCMAudit | user=jenkins1000 | ip=192.168.151.119 | op=SEND_HEARTBEAT {datanodeUUID=244cdd5c-3558-4577-8146-15a3e7a5ffb6, command=[]} | ret=SUCCESS |  
2019-09-20 09:14:18,714 | INFO  | SCMAudit | user=jenkins1000 | ip=192.168.151.119 | op=SEND_HEARTBEAT {datanodeUUID=244cdd5c-3558-4577-8146-15a3e7a5ffb6, command=[]} | ret=SUCCESS |  
2019-09-20 09:14:18,914 | INFO  | SCMAudit | user=jenkins1000 | ip=192.168.151.119 | op=SEND_HEARTBEAT {datanodeUUID=244cdd5c-3558-4577-8146-15a3e7a5ffb6, command=[]} | ret=SUCCESS |  
2019-09-20 09:14:19,113 | INFO  | SCMAudit | user=jenkins1000 | ip=192.168.151.119 | op=SEND_HEARTBEAT {datanodeUUID=244cdd5c-3558-4577-8146-15a3e7a5ffb6, command=[]} | ret=SUCCESS |  
2019-09-20 09:14:19,314 | INFO  | SCMAudit | user=jenkins1000 | ip=192.168.151.119 | op=SEND_HEARTBEAT {datanodeUUID=244cdd5c-3558-4577-8146-15a3e7a5ffb6, command=[]} | ret=SUCCESS |  
2019-09-20 09:14:19,513 | INFO  | SCMAudit | user=jenkins1000 | ip=192.168.151.119 | op=SEND_HEARTBEAT {datanodeUUID=244cdd5c-3558-4577-8146-15a3e7a5ffb6, command=[]} | ret=SUCCESS |  
2019-09-20 09:14:19,714 | INFO  | SCMAudit | user=jenkins1000 | ip=192.168.151.119 | op=SEND_HEARTBEAT {datanodeUUID=244cdd5c-3558-4577-8146-15a3e7a5ffb6, command=[]} | ret=SUCCESS |  
2019-09-20 09:14:19,913 | INFO  | SCMAudit | user=jenkins1000 | ip=192.168.151.119 | op=SEND_HEARTBEAT {datanodeUUID=244cdd5c-3558-4577-8146-15a3e7a5ffb6, command=[]} | ret=SUCCESS |  
2019-09-20 09:14:20,114 | INFO  | SCMAudit | user=jenkins1000 | ip=192.168.151.119 | op=SEND_HEARTBEAT {datanodeUUID=244cdd5c-3558-4577-8146-15a3e7a5ffb6, command=[]} | ret=SUCCESS |  
2019-09-20 09:14:20,314 | INFO  | SCMAudit | user=jenkins1000 | ip=192.168.151.119 | op=SEND_HEARTBEAT {datanodeUUID=244cdd5c-3558-4577-8146-15a3e7a5ffb6, command=[]} | ret=SUCCESS |  
2019-09-20 09:14:20,513 | INFO  | SCMAudit | user=jenkins1000 | ip=192.168.151.119 | op=SEND_HEARTBEAT {datanodeUUID=244cdd5c-3558-4577-8146-15a3e7a5ffb6, command=[]} | ret=SUCCESS |  
2019-09-20 09:14:20,714 | INFO  | SCMAudit | user=jenkins1000 | ip=192.168.151.119 | op=SEND_HEARTBEAT {datanodeUUID=244cdd5c-3558-4577-8146-15a3e7a5ffb6, command=[]} | ret=SUCCESS |  
2019-09-20 09:14:20,914 | INFO  | SCMAudit | user=jenkins1000 | ip=192.168.151.119 | op=SEND_HEARTBEAT {datanodeUUID=244cdd5c-3558-4577-8146-15a3e7a5ffb6, command=[]} | ret=SUCCESS |  
2019-09-20 09:14:21,114 | INFO  | SCMAudit | user=jenkins1000 | ip=192.168.151.119 | op=SEND_HEARTBEAT {datanodeUUID=244cdd5c-3558-4577-8146-15a3e7a5ffb6, command=[]} | ret=SUCCESS |  
2019-09-20 09:14:21,313 | INFO  | SCMAudit | user=jenkins1000 | ip=192.168.151.119 | op=SEND_HEARTBEAT {datanodeUUID=244cdd5c-3558-4577-8146-15a3e7a5ffb6, command=[]} | ret=SUCCESS |  
2019-09-20 09:14:21,514 | INFO  | SCMAudit | user=jenkins1000 | ip=192.168.151.119 | op=SEND_HEARTBEAT {datanodeUUID=244cdd5c-3558-4577-8146-15a3e7a5ffb6, command=[]} | ret=SUCCESS |  
2019-09-20 09:14:21,715 | INFO  | SCMAudit | user=jenkins1000 | ip=192.168.151.119 | op=SEND_HEARTBEAT {datanodeUUID=244cdd5c-3558-4577-8146-15a3e7a5ffb6, command=[]} | ret=SUCCESS |  
2019-09-20 09:14:21,916 | INFO  | SCMAudit | user=jenkins1000 | ip=192.168.151.119 | op=SEND_HEARTBEAT {datanodeUUID=244cdd5c-3558-4577-8146-15a3e7a5ffb6, command=[]} | ret=SUCCESS |  
2019-09-20 09:14:22,116 | INFO  | SCMAudit | user=jenkins1000 | ip=192.168.151.119 | op=SEND_HEARTBEAT {datanodeUUID=244cdd5c-3558-4577-8146-15a3e7a5ffb6, command=[]} | ret=SUCCESS |  
2019-09-20 09:14:22,317 | INFO  | SCMAudit | user=jenkins1000 | ip=192.168.151.119 | op=SEND_HEARTBEAT {datanodeUUID=244cdd5c-3558-4577-8146-15a3e7a5ffb6, command=[]} | ret=SUCCESS |  
2019-09-20 09:14:22,516 | INFO  | SCMAudit | user=jenkins1000 | ip=192.168.151.119 | op=SEND_HEARTBEAT {datanodeUUID=244cdd5c-3558-4577-8146-15a3e7a5ffb6, command=[]} | ret=SUCCESS |  
2019-09-20 09:14:22,718 | INFO  | SCMAudit | user=jenkins1000 | ip=192.168.151.119 | op=SEND_HEARTBEAT {datanodeUUID=244cdd5c-3558-4577-8146-15a3e7a5ffb6, command=[]} | ret=SUCCESS |  
2019-09-20 09:14:22,917 | INFO  | SCMAudit | user=jenkins1000 | ip=192.168.151.119 | op=SEND_HEARTBEAT {datanodeUUID=244cdd5c-3558-4577-8146-15a3e7a5ffb6, command=[]} | ret=SUCCESS |  
2019-09-20 09:14:23,117 | INFO  | SCMAudit | user=jenkins1000 | ip=192.168.151.119 | op=SEND_HEARTBEAT {datanodeUUID=244cdd5c-3558-4577-8146-15a3e7a5ffb6, command=[]} | ret=SUCCESS |  
2019-09-20 09:14:23,317 | INFO  | SCMAudit | user=jenkins1000 | ip=192.168.151.119 | op=SEND_HEARTBEAT {datanodeUUID=244cdd5c-3558-4577-8146-15a3e7a5ffb6, command=[]} | ret=SUCCESS |  
2019-09-20 09:14:23,517 | INFO  | SCMAudit | user=jenkins1000 | ip=192.168.151.119 | op=SEND_HEARTBEAT {datanodeUUID=244cdd5c-3558-4577-8146-15a3e7a5ffb6, command=[]} | ret=SUCCESS |  
2019-09-20 09:14:23,718 | INFO  | SCMAudit | user=jenkins1000 | ip=192.168.151.119 | op=SEND_HEARTBEAT {datanodeUUID=244cdd5c-3558-4577-8146-15a3e7a5ffb6, command=[]} | ret=SUCCESS |  
2019-09-20 09:14:23,918 | INFO  | SCMAudit | user=jenkins1000 | ip=192.168.151.119 | op=SEND_HEARTBEAT {datanodeUUID=244cdd5c-3558-4577-8146-15a3e7a5ffb6, command=[]} | ret=SUCCESS |  
2019-09-20 09:14:24,117 | INFO  | SCMAudit | user=jenkins1000 | ip=192.168.151.119 | op=SEND_HEARTBEAT {datanodeUUID=244cdd5c-3558-4577-8146-15a3e7a5ffb6, command=[]} | ret=SUCCESS |  
2019-09-20 09:14:24,318 | INFO  | SCMAudit | user=jenkins1000 | ip=192.168.151.119 | op=SEND_HEARTBEAT {datanodeUUID=244cdd5c-3558-4577-8146-15a3e7a5ffb6, command=[]} | ret=SUCCESS |  
2019-09-20 09:14:24,519 | INFO  | SCMAudit | user=jenkins1000 | ip=192.168.151.119 | op=SEND_HEARTBEAT {datanodeUUID=244cdd5c-3558-4577-8146-15a3e7a5ffb6, command=[]} | ret=SUCCESS |  
2019-09-20 09:14:24,718 | INFO  | SCMAudit | user=jenkins1000 | ip=192.168.151.119 | op=SEND_HEARTBEAT {datanodeUUID=244cdd5c-3558-4577-8146-15a3e7a5ffb6, command=[]} | ret=SUCCESS |  
2019-09-20 09:14:24,918 | INFO  | SCMAudit | user=jenkins1000 | ip=192.168.151.119 | op=SEND_HEARTBEAT {datanodeUUID=244cdd5c-3558-4577-8146-15a3e7a5ffb6, command=[]} | ret=SUCCESS |  
2019-09-20 09:14:25,117 | INFO  | SCMAudit | user=jenkins1000 | ip=192.168.151.119 | op=SEND_HEARTBEAT {datanodeUUID=244cdd5c-3558-4577-8146-15a3e7a5ffb6, command=[]} | ret=SUCCESS |  
2019-09-20 09:14:25,318 | INFO  | SCMAudit | user=jenkins1000 | ip=192.168.151.119 | op=SEND_HEARTBEAT {datanodeUUID=244cdd5c-3558-4577-8146-15a3e7a5ffb6, command=[]} | ret=SUCCESS |  
2019-09-20 09:14:25,518 | INFO  | SCMAudit | user=jenkins1000 | ip=192.168.151.119 | op=SEND_HEARTBEAT {datanodeUUID=244cdd5c-3558-4577-8146-15a3e7a5ffb6, command=[]} | ret=SUCCESS |  
2019-09-20 09:14:25,718 | INFO  | SCMAudit | user=jenkins1000 | ip=192.168.151.119 | op=SEND_HEARTBEAT {datanodeUUID=244cdd5c-3558-4577-8146-15a3e7a5ffb6, command=[]} | ret=SUCCESS |  
2019-09-20 09:14:25,918 | INFO  | SCMAudit | user=jenkins1000 | ip=192.168.151.119 | op=SEND_HEARTBEAT {datanodeUUID=244cdd5c-3558-4577-8146-15a3e7a5ffb6, command=[]} | ret=SUCCESS |  
2019-09-20 09:14:26,118 | INFO  | SCMAudit | user=jenkins1000 | ip=192.168.151.119 | op=SEND_HEARTBEAT {datanodeUUID=244cdd5c-3558-4577-8146-15a3e7a5ffb6, command=[]} | ret=SUCCESS |  
2019-09-20 09:14:26,317 | INFO  | SCMAudit | user=jenkins1000 | ip=192.168.151.119 | op=SEND_HEARTBEAT {datanodeUUID=244cdd5c-3558-4577-8146-15a3e7a5ffb6, command=[]} | ret=SUCCESS |  
2019-09-20 09:14:26,517 | INFO  | SCMAudit | user=jenkins1000 | ip=192.168.151.119 | op=SEND_HEARTBEAT {datanodeUUID=244cdd5c-3558-4577-8146-15a3e7a5ffb6, command=[]} | ret=SUCCESS |  
2019-09-20 09:14:26,718 | INFO  | SCMAudit | user=jenkins1000 | ip=192.168.151.119 | op=SEND_HEARTBEAT {datanodeUUID=244cdd5c-3558-4577-8146-15a3e7a5ffb6, command=[]} | ret=SUCCESS |  
2019-09-20 09:14:26,917 | INFO  | SCMAudit | user=jenkins1000 | ip=192.168.151.119 | op=SEND_HEARTBEAT {datanodeUUID=244cdd5c-3558-4577-8146-15a3e7a5ffb6, command=[]} | ret=SUCCESS |  
2019-09-20 09:14:27,118 | INFO  | SCMAudit | user=jenkins1000 | ip=192.168.151.119 | op=SEND_HEARTBEAT {datanodeUUID=244cdd5c-3558-4577-8146-15a3e7a5ffb6, command=[]} | ret=SUCCESS |  
2019-09-20 09:14:27,317 | INFO  | SCMAudit | user=jenkins1000 | ip=192.168.151.119 | op=SEND_HEARTBEAT {datanodeUUID=244cdd5c-3558-4577-8146-15a3e7a5ffb6, command=[]} | ret=SUCCESS |  
2019-09-20 09:14:27,518 | INFO  | SCMAudit | user=jenkins1000 | ip=192.168.151.119 | op=SEND_HEARTBEAT {datanodeUUID=244cdd5c-3558-4577-8146-15a3e7a5ffb6, command=[]} | ret=SUCCESS |  
2019-09-20 09:14:27,717 | INFO  | SCMAudit | user=jenkins1000 | ip=192.168.151.119 | op=SEND_HEARTBEAT {datanodeUUID=244cdd5c-3558-4577-8146-15a3e7a5ffb6, command=[]} | ret=SUCCESS |  
2019-09-20 09:14:27,918 | INFO  | SCMAudit | user=jenkins1000 | ip=192.168.151.119 | op=SEND_HEARTBEAT {datanodeUUID=244cdd5c-3558-4577-8146-15a3e7a5ffb6, command=[]} | ret=SUCCESS |  
2019-09-20 09:14:28,118 | INFO  | SCMAudit | user=jenkins1000 | ip=192.168.151.119 | op=SEND_HEARTBEAT {datanodeUUID=244cdd5c-3558-4577-8146-15a3e7a5ffb6, command=[]} | ret=SUCCESS |  
2019-09-20 09:14:28,318 | INFO  | SCMAudit | user=jenkins1000 | ip=192.168.151.119 | op=SEND_HEARTBEAT {datanodeUUID=244cdd5c-3558-4577-8146-15a3e7a5ffb6, command=[]} | ret=SUCCESS |  
2019-09-20 09:14:28,519 | INFO  | SCMAudit | user=jenkins1000 | ip=192.168.151.119 | op=SEND_HEARTBEAT {datanodeUUID=244cdd5c-3558-4577-8146-15a3e7a5ffb6, command=[]} | ret=SUCCESS |  
2019-09-20 09:14:28,718 | INFO  | SCMAudit | user=jenkins1000 | ip=192.168.151.119 | op=SEND_HEARTBEAT {datanodeUUID=244cdd5c-3558-4577-8146-15a3e7a5ffb6, command=[]} | ret=SUCCESS |  
2019-09-20 09:14:28,919 | INFO  | SCMAudit | user=jenkins1000 | ip=192.168.151.119 | op=SEND_HEARTBEAT {datanodeUUID=244cdd5c-3558-4577-8146-15a3e7a5ffb6, command=[]} | ret=SUCCESS |  
2019-09-20 09:14:29,119 | INFO  | SCMAudit | user=jenkins1000 | ip=192.168.151.119 | op=SEND_HEARTBEAT {datanodeUUID=244cdd5c-3558-4577-8146-15a3e7a5ffb6, command=[]} | ret=SUCCESS |  
2019-09-20 09:14:29,318 | INFO  | SCMAudit | user=jenkins1000 | ip=192.168.151.119 | op=SEND_HEARTBEAT {datanodeUUID=244cdd5c-3558-4577-8146-15a3e7a5ffb6, command=[]} | ret=SUCCESS |  
2019-09-20 09:14:29,519 | INFO  | SCMAudit | user=jenkins1000 | ip=192.168.151.119 | op=SEND_HEARTBEAT {datanodeUUID=244cdd5c-3558-4577-8146-15a3e7a5ffb6, command=[]} | ret=SUCCESS |  
2019-09-20 09:14:29,720 | INFO  | SCMAudit | user=jenkins1000 | ip=192.168.151.119 | op=SEND_HEARTBEAT {datanodeUUID=244cdd5c-3558-4577-8146-15a3e7a5ffb6, command=[]} | ret=SUCCESS |  
2019-09-20 09:14:29,919 | INFO  | SCMAudit | user=jenkins1000 | ip=192.168.151.119 | op=SEND_HEARTBEAT {datanodeUUID=244cdd5c-3558-4577-8146-15a3e7a5ffb6, command=[]} | ret=SUCCESS |  
2019-09-20 09:14:30,120 | INFO  | SCMAudit | user=jenkins1000 | ip=192.168.151.119 | op=SEND_HEARTBEAT {datanodeUUID=244cdd5c-3558-4577-8146-15a3e7a5ffb6, command=[]} | ret=SUCCESS |  
2019-09-20 09:14:30,320 | INFO  | SCMAudit | user=jenkins1000 | ip=192.168.151.119 | op=SEND_HEARTBEAT {datanodeUUID=244cdd5c-3558-4577-8146-15a3e7a5ffb6, command=[]} | ret=SUCCESS |  
2019-09-20 09:14:30,520 | INFO  | SCMAudit | user=jenkins1000 | ip=192.168.151.119 | op=SEND_HEARTBEAT {datanodeUUID=244cdd5c-3558-4577-8146-15a3e7a5ffb6, command=[]} | ret=SUCCESS |  
2019-09-20 09:14:30,719 | INFO  | SCMAudit | user=jenkins1000 | ip=192.168.151.119 | op=SEND_HEARTBEAT {datanodeUUID=244cdd5c-3558-4577-8146-15a3e7a5ffb6, command=[]} | ret=SUCCESS |  
2019-09-20 09:14:30,920 | INFO  | SCMAudit | user=jenkins1000 | ip=192.168.151.119 | op=SEND_HEARTBEAT {datanodeUUID=244cdd5c-3558-4577-8146-15a3e7a5ffb6, command=[]} | ret=SUCCESS |  
2019-09-20 09:14:31,121 | INFO  | SCMAudit | user=jenkins1000 | ip=192.168.151.119 | op=SEND_HEARTBEAT {datanodeUUID=244cdd5c-3558-4577-8146-15a3e7a5ffb6, command=[]} | ret=SUCCESS |  
2019-09-20 09:14:31,321 | INFO  | SCMAudit | user=jenkins1000 | ip=192.168.151.119 | op=SEND_HEARTBEAT {datanodeUUID=244cdd5c-3558-4577-8146-15a3e7a5ffb6, command=[]} | ret=SUCCESS |  
2019-09-20 09:14:31,520 | INFO  | SCMAudit | user=jenkins1000 | ip=192.168.151.119 | op=SEND_HEARTBEAT {datanodeUUID=244cdd5c-3558-4577-8146-15a3e7a5ffb6, command=[]} | ret=SUCCESS |  
2019-09-20 09:14:31,721 | INFO  | SCMAudit | user=jenkins1000 | ip=192.168.151.119 | op=SEND_HEARTBEAT {datanodeUUID=244cdd5c-3558-4577-8146-15a3e7a5ffb6, command=[]} | ret=SUCCESS |  
2019-09-20 09:14:31,921 | INFO  | SCMAudit | user=jenkins1000 | ip=192.168.151.119 | op=SEND_HEARTBEAT {datanodeUUID=244cdd5c-3558-4577-8146-15a3e7a5ffb6, command=[]} | ret=SUCCESS |  
2019-09-20 09:14:32,120 | INFO  | SCMAudit | user=jenkins1000 | ip=192.168.151.119 | op=SEND_HEARTBEAT {datanodeUUID=244cdd5c-3558-4577-8146-15a3e7a5ffb6, command=[]} | ret=SUCCESS |  
2019-09-20 09:14:32,321 | INFO  | SCMAudit | user=jenkins1000 | ip=192.168.151.119 | op=SEND_HEARTBEAT {datanodeUUID=244cdd5c-3558-4577-8146-15a3e7a5ffb6, command=[]} | ret=SUCCESS |  
2019-09-20 09:14:32,520 | INFO  | SCMAudit | user=jenkins1000 | ip=192.168.151.119 | op=SEND_HEARTBEAT {datanodeUUID=244cdd5c-3558-4577-8146-15a3e7a5ffb6, command=[]} | ret=SUCCESS |  
2019-09-20 09:14:32,721 | INFO  | SCMAudit | user=jenkins1000 | ip=192.168.151.119 | op=SEND_HEARTBEAT {datanodeUUID=244cdd5c-3558-4577-8146-15a3e7a5ffb6, command=[]} | ret=SUCCESS |  
2019-09-20 09:14:32,921 | INFO  | SCMAudit | user=jenkins1000 | ip=192.168.151.119 | op=SEND_HEARTBEAT {datanodeUUID=244cdd5c-3558-4577-8146-15a3e7a5ffb6, command=[]} | ret=SUCCESS |  
2019-09-20 09:14:33,121 | INFO  | SCMAudit | user=jenkins1000 | ip=192.168.151.119 | op=SEND_HEARTBEAT {datanodeUUID=244cdd5c-3558-4577-8146-15a3e7a5ffb6, command=[]} | ret=SUCCESS |  
2019-09-20 09:14:33,322 | INFO  | SCMAudit | user=jenkins1000 | ip=192.168.151.119 | op=SEND_HEARTBEAT {datanodeUUID=244cdd5c-3558-4577-8146-15a3e7a5ffb6, command=[]} | ret=SUCCESS |  
2019-09-20 09:14:33,522 | INFO  | SCMAudit | user=jenkins1000 | ip=192.168.151.119 | op=SEND_HEARTBEAT {datanodeUUID=244cdd5c-3558-4577-8146-15a3e7a5ffb6, command=[]} | ret=SUCCESS |  
2019-09-20 09:14:33,721 | INFO  | SCMAudit | user=jenkins1000 | ip=192.168.151.119 | op=SEND_HEARTBEAT {datanodeUUID=244cdd5c-3558-4577-8146-15a3e7a5ffb6, command=[]} | ret=SUCCESS |  
2019-09-20 09:14:33,922 | INFO  | SCMAudit | user=jenkins1000 | ip=192.168.151.119 | op=SEND_HEARTBEAT {datanodeUUID=244cdd5c-3558-4577-8146-15a3e7a5ffb6, command=[]} | ret=SUCCESS |  
2019-09-20 09:14:34,121 | INFO  | SCMAudit | user=jenkins1000 | ip=192.168.151.119 | op=SEND_HEARTBEAT {datanodeUUID=244cdd5c-3558-4577-8146-15a3e7a5ffb6, command=[]} | ret=SUCCESS |  
2019-09-20 09:14:34,322 | INFO  | SCMAudit | user=jenkins1000 | ip=192.168.151.119 | op=SEND_HEARTBEAT {datanodeUUID=244cdd5c-3558-4577-8146-15a3e7a5ffb6, command=[]} | ret=SUCCESS |  
2019-09-20 09:14:34,522 | INFO  | SCMAudit | user=jenkins1000 | ip=192.168.151.119 | op=SEND_HEARTBEAT {datanodeUUID=244cdd5c-3558-4577-8146-15a3e7a5ffb6, command=[]} | ret=SUCCESS |  
2019-09-20 09:14:34,721 | INFO  | SCMAudit | user=jenkins1000 | ip=192.168.151.119 | op=SEND_HEARTBEAT {datanodeUUID=244cdd5c-3558-4577-8146-15a3e7a5ffb6, command=[]} | ret=SUCCESS |  
2019-09-20 09:14:34,922 | INFO  | SCMAudit | user=jenkins1000 | ip=192.168.151.119 | op=SEND_HEARTBEAT {datanodeUUID=244cdd5c-3558-4577-8146-15a3e7a5ffb6, command=[]} | ret=SUCCESS |  
2019-09-20 09:14:35,122 | INFO  | SCMAudit | user=jenkins1000 | ip=192.168.151.119 | op=SEND_HEARTBEAT {datanodeUUID=244cdd5c-3558-4577-8146-15a3e7a5ffb6, command=[]} | ret=SUCCESS |  
2019-09-20 09:14:35,322 | INFO  | SCMAudit | user=jenkins1000 | ip=192.168.151.119 | op=SEND_HEARTBEAT {datanodeUUID=244cdd5c-3558-4577-8146-15a3e7a5ffb6, command=[]} | ret=SUCCESS |  
2019-09-20 09:14:35,523 | INFO  | SCMAudit | user=jenkins1000 | ip=192.168.151.119 | op=SEND_HEARTBEAT {datanodeUUID=244cdd5c-3558-4577-8146-15a3e7a5ffb6, command=[]} | ret=SUCCESS |  
2019-09-20 09:14:35,723 | INFO  | SCMAudit | user=jenkins1000 | ip=192.168.151.119 | op=SEND_HEARTBEAT {datanodeUUID=244cdd5c-3558-4577-8146-15a3e7a5ffb6, command=[]} | ret=SUCCESS |  
2019-09-20 09:14:35,924 | INFO  | SCMAudit | user=jenkins1000 | ip=192.168.151.119 | op=SEND_HEARTBEAT {datanodeUUID=244cdd5c-3558-4577-8146-15a3e7a5ffb6, command=[]} | ret=SUCCESS |  
2019-09-20 09:14:36,125 | INFO  | SCMAudit | user=jenkins1000 | ip=192.168.151.119 | op=SEND_HEARTBEAT {datanodeUUID=244cdd5c-3558-4577-8146-15a3e7a5ffb6, command=[]} | ret=SUCCESS |  
2019-09-20 09:14:36,325 | INFO  | SCMAudit | user=jenkins1000 | ip=192.168.151.119 | op=SEND_HEARTBEAT {datanodeUUID=244cdd5c-3558-4577-8146-15a3e7a5ffb6, command=[]} | ret=SUCCESS |  
2019-09-20 09:14:36,525 | INFO  | SCMAudit | user=jenkins1000 | ip=192.168.151.119 | op=SEND_HEARTBEAT {datanodeUUID=244cdd5c-3558-4577-8146-15a3e7a5ffb6, command=[]} | ret=SUCCESS |  
2019-09-20 09:14:36,724 | INFO  | SCMAudit | user=jenkins1000 | ip=192.168.151.119 | op=SEND_HEARTBEAT {datanodeUUID=244cdd5c-3558-4577-8146-15a3e7a5ffb6, command=[]} | ret=SUCCESS |  
2019-09-20 09:14:36,925 | INFO  | SCMAudit | user=jenkins1000 | ip=192.168.151.119 | op=SEND_HEARTBEAT {datanodeUUID=244cdd5c-3558-4577-8146-15a3e7a5ffb6, command=[]} | ret=SUCCESS |  
2019-09-20 09:14:37,125 | INFO  | SCMAudit | user=jenkins1000 | ip=192.168.151.119 | op=SEND_HEARTBEAT {datanodeUUID=244cdd5c-3558-4577-8146-15a3e7a5ffb6, command=[]} | ret=SUCCESS |  
2019-09-20 09:14:37,324 | INFO  | SCMAudit | user=jenkins1000 | ip=192.168.151.119 | op=SEND_HEARTBEAT {datanodeUUID=244cdd5c-3558-4577-8146-15a3e7a5ffb6, command=[]} | ret=SUCCESS |  
2019-09-20 09:14:37,524 | INFO  | SCMAudit | user=jenkins1000 | ip=192.168.151.119 | op=SEND_HEARTBEAT {datanodeUUID=244cdd5c-3558-4577-8146-15a3e7a5ffb6, command=[]} | ret=SUCCESS |  
2019-09-20 09:14:37,725 | INFO  | SCMAudit | user=jenkins1000 | ip=192.168.151.119 | op=SEND_HEARTBEAT {datanodeUUID=244cdd5c-3558-4577-8146-15a3e7a5ffb6, command=[]} | ret=SUCCESS |  
2019-09-20 09:14:37,924 | INFO  | SCMAudit | user=jenkins1000 | ip=192.168.151.119 | op=SEND_HEARTBEAT {datanodeUUID=244cdd5c-3558-4577-8146-15a3e7a5ffb6, command=[]} | ret=SUCCESS |  
2019-09-20 09:14:38,125 | INFO  | SCMAudit | user=jenkins1000 | ip=192.168.151.119 | op=SEND_HEARTBEAT {datanodeUUID=244cdd5c-3558-4577-8146-15a3e7a5ffb6, command=[]} | ret=SUCCESS |  
2019-09-20 09:14:38,325 | INFO  | SCMAudit | user=jenkins1000 | ip=192.168.151.119 | op=SEND_HEARTBEAT {datanodeUUID=244cdd5c-3558-4577-8146-15a3e7a5ffb6, command=[]} | ret=SUCCESS |  
2019-09-20 09:14:38,525 | INFO  | SCMAudit | user=jenkins1000 | ip=192.168.151.119 | op=SEND_HEARTBEAT {datanodeUUID=244cdd5c-3558-4577-8146-15a3e7a5ffb6, command=[]} | ret=SUCCESS |  
2019-09-20 09:14:38,726 | INFO  | SCMAudit | user=jenkins1000 | ip=192.168.151.119 | op=SEND_HEARTBEAT {datanodeUUID=244cdd5c-3558-4577-8146-15a3e7a5ffb6, command=[]} | ret=SUCCESS |  
2019-09-20 09:14:38,926 | INFO  | SCMAudit | user=jenkins1000 | ip=192.168.151.119 | op=SEND_HEARTBEAT {datanodeUUID=244cdd5c-3558-4577-8146-15a3e7a5ffb6, command=[]} | ret=SUCCESS |  
2019-09-20 09:14:39,127 | INFO  | SCMAudit | user=jenkins1000 | ip=192.168.151.119 | op=SEND_HEARTBEAT {datanodeUUID=244cdd5c-3558-4577-8146-15a3e7a5ffb6, command=[]} | ret=SUCCESS |  
2019-09-20 09:14:39,327 | INFO  | SCMAudit | user=jenkins1000 | ip=192.168.151.119 | op=SEND_HEARTBEAT {datanodeUUID=244cdd5c-3558-4577-8146-15a3e7a5ffb6, command=[]} | ret=SUCCESS |  
2019-09-20 09:14:39,528 | INFO  | SCMAudit | user=jenkins1000 | ip=192.168.151.119 | op=SEND_HEARTBEAT {datanodeUUID=244cdd5c-3558-4577-8146-15a3e7a5ffb6, command=[]} | ret=SUCCESS |  
2019-09-20 09:14:39,728 | INFO  | SCMAudit | user=jenkins1000 | ip=192.168.151.119 | op=SEND_HEARTBEAT {datanodeUUID=244cdd5c-3558-4577-8146-15a3e7a5ffb6, command=[]} | ret=SUCCESS |  
2019-09-20 09:14:39,928 | INFO  | SCMAudit | user=jenkins1000 | ip=192.168.151.119 | op=SEND_HEARTBEAT {datanodeUUID=244cdd5c-3558-4577-8146-15a3e7a5ffb6, command=[]} | ret=SUCCESS |  
2019-09-20 09:14:40,129 | INFO  | SCMAudit | user=jenkins1000 | ip=192.168.151.119 | op=SEND_HEARTBEAT {datanodeUUID=244cdd5c-3558-4577-8146-15a3e7a5ffb6, command=[]} | ret=SUCCESS |  
2019-09-20 09:14:40,329 | INFO  | SCMAudit | user=jenkins1000 | ip=192.168.151.119 | op=SEND_HEARTBEAT {datanodeUUID=244cdd5c-3558-4577-8146-15a3e7a5ffb6, command=[]} | ret=SUCCESS |  
2019-09-20 09:14:40,530 | INFO  | SCMAudit | user=jenkins1000 | ip=192.168.151.119 | op=SEND_HEARTBEAT {datanodeUUID=244cdd5c-3558-4577-8146-15a3e7a5ffb6, command=[]} | ret=SUCCESS |  
2019-09-20 09:14:40,729 | INFO  | SCMAudit | user=jenkins1000 | ip=192.168.151.119 | op=SEND_HEARTBEAT {datanodeUUID=244cdd5c-3558-4577-8146-15a3e7a5ffb6, command=[]} | ret=SUCCESS |  
2019-09-20 09:14:40,930 | INFO  | SCMAudit | user=jenkins1000 | ip=192.168.151.119 | op=SEND_HEARTBEAT {datanodeUUID=244cdd5c-3558-4577-8146-15a3e7a5ffb6, command=[]} | ret=SUCCESS |  
2019-09-20 09:14:41,129 | INFO  | SCMAudit | user=jenkins1000 | ip=192.168.151.119 | op=SEND_HEARTBEAT {datanodeUUID=244cdd5c-3558-4577-8146-15a3e7a5ffb6, command=[]} | ret=SUCCESS |  
2019-09-20 09:14:41,330 | INFO  | SCMAudit | user=jenkins1000 | ip=192.168.151.119 | op=SEND_HEARTBEAT {datanodeUUID=244cdd5c-3558-4577-8146-15a3e7a5ffb6, command=[]} | ret=SUCCESS |  
2019-09-20 09:14:41,530 | INFO  | SCMAudit | user=jenkins1000 | ip=192.168.151.119 | op=SEND_HEARTBEAT {datanodeUUID=244cdd5c-3558-4577-8146-15a3e7a5ffb6, command=[]} | ret=SUCCESS |  
2019-09-20 09:14:41,730 | INFO  | SCMAudit | user=jenkins1000 | ip=192.168.151.119 | op=SEND_HEARTBEAT {datanodeUUID=244cdd5c-3558-4577-8146-15a3e7a5ffb6, command=[]} | ret=SUCCESS |  
2019-09-20 09:14:41,930 | INFO  | SCMAudit | user=jenkins1000 | ip=192.168.151.119 | op=SEND_HEARTBEAT {datanodeUUID=244cdd5c-3558-4577-8146-15a3e7a5ffb6, command=[]} | ret=SUCCESS |  
2019-09-20 09:14:42,130 | INFO  | SCMAudit | user=jenkins1000 | ip=192.168.151.119 | op=SEND_HEARTBEAT {datanodeUUID=244cdd5c-3558-4577-8146-15a3e7a5ffb6, command=[]} | ret=SUCCESS |  
2019-09-20 09:14:42,331 | INFO  | SCMAudit | user=jenkins1000 | ip=192.168.151.119 | op=SEND_HEARTBEAT {datanodeUUID=244cdd5c-3558-4577-8146-15a3e7a5ffb6, command=[]} | ret=SUCCESS |  
2019-09-20 09:14:42,531 | INFO  | SCMAudit | user=jenkins1000 | ip=192.168.151.119 | op=SEND_HEARTBEAT {datanodeUUID=244cdd5c-3558-4577-8146-15a3e7a5ffb6, command=[]} | ret=SUCCESS |  
2019-09-20 09:14:42,731 | INFO  | SCMAudit | user=jenkins1000 | ip=192.168.151.119 | op=SEND_HEARTBEAT {datanodeUUID=244cdd5c-3558-4577-8146-15a3e7a5ffb6, command=[]} | ret=SUCCESS |  
2019-09-20 09:14:42,931 | INFO  | SCMAudit | user=jenkins1000 | ip=192.168.151.119 | op=SEND_HEARTBEAT {datanodeUUID=244cdd5c-3558-4577-8146-15a3e7a5ffb6, command=[]} | ret=SUCCESS |  
2019-09-20 09:14:43,130 | INFO  | SCMAudit | user=jenkins1000 | ip=192.168.151.119 | op=SEND_HEARTBEAT {datanodeUUID=244cdd5c-3558-4577-8146-15a3e7a5ffb6, command=[]} | ret=SUCCESS |  
2019-09-20 09:14:43,331 | INFO  | SCMAudit | user=jenkins1000 | ip=192.168.151.119 | op=SEND_HEARTBEAT {datanodeUUID=244cdd5c-3558-4577-8146-15a3e7a5ffb6, command=[]} | ret=SUCCESS |  
2019-09-20 09:14:43,532 | INFO  | SCMAudit | user=jenkins1000 | ip=192.168.151.119 | op=SEND_HEARTBEAT {datanodeUUID=244cdd5c-3558-4577-8146-15a3e7a5ffb6, command=[]} | ret=SUCCESS |  
2019-09-20 09:14:43,731 | INFO  | SCMAudit | user=jenkins1000 | ip=192.168.151.119 | op=SEND_HEARTBEAT {datanodeUUID=244cdd5c-3558-4577-8146-15a3e7a5ffb6, command=[]} | ret=SUCCESS |  
2019-09-20 09:14:43,932 | INFO  | SCMAudit | user=jenkins1000 | ip=192.168.151.119 | op=SEND_HEARTBEAT {datanodeUUID=244cdd5c-3558-4577-8146-15a3e7a5ffb6, command=[]} | ret=SUCCESS |  
2019-09-20 09:14:44,132 | INFO  | SCMAudit | user=jenkins1000 | ip=192.168.151.119 | op=SEND_HEARTBEAT {datanodeUUID=244cdd5c-3558-4577-8146-15a3e7a5ffb6, command=[]} | ret=SUCCESS |  
2019-09-20 09:14:44,331 | INFO  | SCMAudit | user=jenkins1000 | ip=192.168.151.119 | op=SEND_HEARTBEAT {datanodeUUID=244cdd5c-3558-4577-8146-15a3e7a5ffb6, command=[]} | ret=SUCCESS |  
2019-09-20 09:14:44,532 | INFO  | SCMAudit | user=jenkins1000 | ip=192.168.151.119 | op=SEND_HEARTBEAT {datanodeUUID=244cdd5c-3558-4577-8146-15a3e7a5ffb6, command=[]} | ret=SUCCESS |  
2019-09-20 09:14:44,732 | INFO  | SCMAudit | user=jenkins1000 | ip=192.168.151.119 | op=SEND_HEARTBEAT {datanodeUUID=244cdd5c-3558-4577-8146-15a3e7a5ffb6, command=[]} | ret=SUCCESS |  
2019-09-20 09:14:44,932 | INFO  | SCMAudit | user=jenkins1000 | ip=192.168.151.119 | op=SEND_HEARTBEAT {datanodeUUID=244cdd5c-3558-4577-8146-15a3e7a5ffb6, command=[]} | ret=SUCCESS |  
2019-09-20 09:14:45,131 | INFO  | SCMAudit | user=jenkins1000 | ip=192.168.151.119 | op=SEND_HEARTBEAT {datanodeUUID=244cdd5c-3558-4577-8146-15a3e7a5ffb6, command=[]} | ret=SUCCESS |  
2019-09-20 09:14:45,332 | INFO  | SCMAudit | user=jenkins1000 | ip=192.168.151.119 | op=SEND_HEARTBEAT {datanodeUUID=244cdd5c-3558-4577-8146-15a3e7a5ffb6, command=[]} | ret=SUCCESS |  
2019-09-20 09:14:45,532 | INFO  | SCMAudit | user=jenkins1000 | ip=192.168.151.119 | op=SEND_HEARTBEAT {datanodeUUID=244cdd5c-3558-4577-8146-15a3e7a5ffb6, command=[]} | ret=SUCCESS |  
2019-09-20 09:14:45,731 | INFO  | SCMAudit | user=jenkins1000 | ip=192.168.151.119 | op=SEND_HEARTBEAT {datanodeUUID=244cdd5c-3558-4577-8146-15a3e7a5ffb6, command=[]} | ret=SUCCESS |  
2019-09-20 09:14:45,932 | INFO  | SCMAudit | user=jenkins1000 | ip=192.168.151.119 | op=SEND_HEARTBEAT {datanodeUUID=244cdd5c-3558-4577-8146-15a3e7a5ffb6, command=[]} | ret=SUCCESS |  
2019-09-20 09:14:46,132 | INFO  | SCMAudit | user=jenkins1000 | ip=192.168.151.119 | op=SEND_HEARTBEAT {datanodeUUID=244cdd5c-3558-4577-8146-15a3e7a5ffb6, command=[]} | ret=SUCCESS |  
2019-09-20 09:14:46,331 | INFO  | SCMAudit | user=jenkins1000 | ip=192.168.151.119 | op=SEND_HEARTBEAT {datanodeUUID=244cdd5c-3558-4577-8146-15a3e7a5ffb6, command=[]} | ret=SUCCESS |  
2019-09-20 09:14:46,532 | INFO  | SCMAudit | user=jenkins1000 | ip=192.168.151.119 | op=SEND_HEARTBEAT {datanodeUUID=244cdd5c-3558-4577-8146-15a3e7a5ffb6, command=[]} | ret=SUCCESS |  
2019-09-20 09:14:46,732 | INFO  | SCMAudit | user=jenkins1000 | ip=192.168.151.119 | op=SEND_HEARTBEAT {datanodeUUID=244cdd5c-3558-4577-8146-15a3e7a5ffb6, command=[]} | ret=SUCCESS |  
2019-09-20 09:14:46,931 | INFO  | SCMAudit | user=jenkins1000 | ip=192.168.151.119 | op=SEND_HEARTBEAT {datanodeUUID=244cdd5c-3558-4577-8146-15a3e7a5ffb6, command=[]} | ret=SUCCESS |  
2019-09-20 09:14:47,132 | INFO  | SCMAudit | user=jenkins1000 | ip=192.168.151.119 | op=SEND_HEARTBEAT {datanodeUUID=244cdd5c-3558-4577-8146-15a3e7a5ffb6, command=[]} | ret=SUCCESS |  
2019-09-20 09:14:47,332 | INFO  | SCMAudit | user=jenkins1000 | ip=192.168.151.119 | op=SEND_HEARTBEAT {datanodeUUID=244cdd5c-3558-4577-8146-15a3e7a5ffb6, command=[]} | ret=SUCCESS |  
2019-09-20 09:14:47,532 | INFO  | SCMAudit | user=jenkins1000 | ip=192.168.151.119 | op=SEND_HEARTBEAT {datanodeUUID=244cdd5c-3558-4577-8146-15a3e7a5ffb6, command=[]} | ret=SUCCESS |  
2019-09-20 09:14:47,733 | INFO  | SCMAudit | user=jenkins1000 | ip=192.168.151.119 | op=SEND_HEARTBEAT {datanodeUUID=244cdd5c-3558-4577-8146-15a3e7a5ffb6, command=[]} | ret=SUCCESS |  
2019-09-20 09:14:47,933 | INFO  | SCMAudit | user=jenkins1000 | ip=192.168.151.119 | op=SEND_HEARTBEAT {datanodeUUID=244cdd5c-3558-4577-8146-15a3e7a5ffb6, command=[]} | ret=SUCCESS |  
2019-09-20 09:14:48,132 | INFO  | SCMAudit | user=jenkins1000 | ip=192.168.151.119 | op=SEND_HEARTBEAT {datanodeUUID=244cdd5c-3558-4577-8146-15a3e7a5ffb6, command=[]} | ret=SUCCESS |  
2019-09-20 09:14:48,333 | INFO  | SCMAudit | user=jenkins1000 | ip=192.168.151.119 | op=SEND_HEARTBEAT {datanodeUUID=244cdd5c-3558-4577-8146-15a3e7a5ffb6, command=[]} | ret=SUCCESS |  
2019-09-20 09:14:48,533 | INFO  | SCMAudit | user=jenkins1000 | ip=192.168.151.119 | op=SEND_HEARTBEAT {datanodeUUID=244cdd5c-3558-4577-8146-15a3e7a5ffb6, command=[]} | ret=SUCCESS |  
2019-09-20 09:14:48,733 | INFO  | SCMAudit | user=jenkins1000 | ip=192.168.151.119 | op=SEND_HEARTBEAT {datanodeUUID=244cdd5c-3558-4577-8146-15a3e7a5ffb6, command=[]} | ret=SUCCESS |  
2019-09-20 09:14:48,932 | INFO  | SCMAudit | user=jenkins1000 | ip=192.168.151.119 | op=SEND_HEARTBEAT {datanodeUUID=244cdd5c-3558-4577-8146-15a3e7a5ffb6, command=[]} | ret=SUCCESS |  
2019-09-20 09:14:49,133 | INFO  | SCMAudit | user=jenkins1000 | ip=192.168.151.119 | op=SEND_HEARTBEAT {datanodeUUID=244cdd5c-3558-4577-8146-15a3e7a5ffb6, command=[]} | ret=SUCCESS |  
2019-09-20 09:14:49,333 | INFO  | SCMAudit | user=jenkins1000 | ip=192.168.151.119 | op=SEND_HEARTBEAT {datanodeUUID=244cdd5c-3558-4577-8146-15a3e7a5ffb6, command=[]} | ret=SUCCESS |  
2019-09-20 09:14:49,532 | INFO  | SCMAudit | user=jenkins1000 | ip=192.168.151.119 | op=SEND_HEARTBEAT {datanodeUUID=244cdd5c-3558-4577-8146-15a3e7a5ffb6, command=[]} | ret=SUCCESS |  
2019-09-20 09:14:49,733 | INFO  | SCMAudit | user=jenkins1000 | ip=192.168.151.119 | op=SEND_HEARTBEAT {datanodeUUID=244cdd5c-3558-4577-8146-15a3e7a5ffb6, command=[]} | ret=SUCCESS |  
2019-09-20 09:14:49,933 | INFO  | SCMAudit | user=jenkins1000 | ip=192.168.151.119 | op=SEND_HEARTBEAT {datanodeUUID=244cdd5c-3558-4577-8146-15a3e7a5ffb6, command=[]} | ret=SUCCESS |  
2019-09-20 09:14:50,133 | INFO  | SCMAudit | user=jenkins1000 | ip=192.168.151.119 | op=SEND_HEARTBEAT {datanodeUUID=244cdd5c-3558-4577-8146-15a3e7a5ffb6, command=[]} | ret=SUCCESS |  
2019-09-20 09:14:50,334 | INFO  | SCMAudit | user=jenkins1000 | ip=192.168.151.119 | op=SEND_HEARTBEAT {datanodeUUID=244cdd5c-3558-4577-8146-15a3e7a5ffb6, command=[]} | ret=SUCCESS |  
2019-09-20 09:14:50,534 | INFO  | SCMAudit | user=jenkins1000 | ip=192.168.151.119 | op=SEND_HEARTBEAT {datanodeUUID=244cdd5c-3558-4577-8146-15a3e7a5ffb6, command=[]} | ret=SUCCESS |  
2019-09-20 09:14:50,737 | INFO  | SCMAudit | user=jenkins1000 | ip=192.168.151.119 | op=SEND_HEARTBEAT {datanodeUUID=244cdd5c-3558-4577-8146-15a3e7a5ffb6, command=[]} | ret=SUCCESS |  
2019-09-20 09:14:50,935 | INFO  | SCMAudit | user=jenkins1000 | ip=192.168.151.119 | op=SEND_HEARTBEAT {datanodeUUID=244cdd5c-3558-4577-8146-15a3e7a5ffb6, command=[]} | ret=SUCCESS |  
2019-09-20 09:14:51,135 | INFO  | SCMAudit | user=jenkins1000 | ip=192.168.151.119 | op=SEND_HEARTBEAT {datanodeUUID=244cdd5c-3558-4577-8146-15a3e7a5ffb6, command=[]} | ret=SUCCESS |  
2019-09-20 09:14:51,336 | INFO  | SCMAudit | user=jenkins1000 | ip=192.168.151.119 | op=SEND_HEARTBEAT {datanodeUUID=244cdd5c-3558-4577-8146-15a3e7a5ffb6, command=[]} | ret=SUCCESS |  
2019-09-20 09:14:51,536 | INFO  | SCMAudit | user=jenkins1000 | ip=192.168.151.119 | op=SEND_HEARTBEAT {datanodeUUID=244cdd5c-3558-4577-8146-15a3e7a5ffb6, command=[]} | ret=SUCCESS |  
2019-09-20 09:14:51,735 | INFO  | SCMAudit | user=jenkins1000 | ip=192.168.151.119 | op=SEND_HEARTBEAT {datanodeUUID=244cdd5c-3558-4577-8146-15a3e7a5ffb6, command=[]} | ret=SUCCESS |  
2019-09-20 09:14:51,936 | INFO  | SCMAudit | user=jenkins1000 | ip=192.168.151.119 | op=SEND_HEARTBEAT {datanodeUUID=244cdd5c-3558-4577-8146-15a3e7a5ffb6, command=[]} | ret=SUCCESS |  
2019-09-20 09:14:52,135 | INFO  | SCMAudit | user=jenkins1000 | ip=192.168.151.119 | op=SEND_HEARTBEAT {datanodeUUID=244cdd5c-3558-4577-8146-15a3e7a5ffb6, command=[]} | ret=SUCCESS |  
2019-09-20 09:14:52,336 | INFO  | SCMAudit | user=jenkins1000 | ip=192.168.151.119 | op=SEND_HEARTBEAT {datanodeUUID=244cdd5c-3558-4577-8146-15a3e7a5ffb6, command=[]} | ret=SUCCESS |  
2019-09-20 09:14:52,536 | INFO  | SCMAudit | user=jenkins1000 | ip=192.168.151.119 | op=SEND_HEARTBEAT {datanodeUUID=244cdd5c-3558-4577-8146-15a3e7a5ffb6, command=[]} | ret=SUCCESS |  
2019-09-20 09:14:52,736 | INFO  | SCMAudit | user=jenkins1000 | ip=192.168.151.119 | op=SEND_HEARTBEAT {datanodeUUID=244cdd5c-3558-4577-8146-15a3e7a5ffb6, command=[]} | ret=SUCCESS |  
2019-09-20 09:14:52,937 | INFO  | SCMAudit | user=jenkins1000 | ip=192.168.151.119 | op=SEND_HEARTBEAT {datanodeUUID=244cdd5c-3558-4577-8146-15a3e7a5ffb6, command=[]} | ret=SUCCESS |  
2019-09-20 09:14:53,136 | INFO  | SCMAudit | user=jenkins1000 | ip=192.168.151.119 | op=SEND_HEARTBEAT {datanodeUUID=244cdd5c-3558-4577-8146-15a3e7a5ffb6, command=[]} | ret=SUCCESS |  
2019-09-20 09:14:53,336 | INFO  | SCMAudit | user=jenkins1000 | ip=192.168.151.119 | op=SEND_HEARTBEAT {datanodeUUID=244cdd5c-3558-4577-8146-15a3e7a5ffb6, command=[]} | ret=SUCCESS |  
2019-09-20 09:14:53,537 | INFO  | SCMAudit | user=jenkins1000 | ip=192.168.151.119 | op=SEND_HEARTBEAT {datanodeUUID=244cdd5c-3558-4577-8146-15a3e7a5ffb6, command=[]} | ret=SUCCESS |  
2019-09-20 09:14:53,737 | INFO  | SCMAudit | user=jenkins1000 | ip=192.168.151.119 | op=SEND_HEARTBEAT {datanodeUUID=244cdd5c-3558-4577-8146-15a3e7a5ffb6, command=[]} | ret=SUCCESS |  
2019-09-20 09:14:53,938 | INFO  | SCMAudit | user=jenkins1000 | ip=192.168.151.119 | op=SEND_HEARTBEAT {datanodeUUID=244cdd5c-3558-4577-8146-15a3e7a5ffb6, command=[]} | ret=SUCCESS |  
2019-09-20 09:14:54,137 | INFO  | SCMAudit | user=jenkins1000 | ip=192.168.151.119 | op=SEND_HEARTBEAT {datanodeUUID=244cdd5c-3558-4577-8146-15a3e7a5ffb6, command=[]} | ret=SUCCESS |  
2019-09-20 09:14:54,338 | INFO  | SCMAudit | user=jenkins1000 | ip=192.168.151.119 | op=SEND_HEARTBEAT {datanodeUUID=244cdd5c-3558-4577-8146-15a3e7a5ffb6, command=[]} | ret=SUCCESS |  
2019-09-20 09:14:54,537 | INFO  | SCMAudit | user=jenkins1000 | ip=192.168.151.119 | op=SEND_HEARTBEAT {datanodeUUID=244cdd5c-3558-4577-8146-15a3e7a5ffb6, command=[]} | ret=SUCCESS |  
2019-09-20 09:14:54,738 | INFO  | SCMAudit | user=jenkins1000 | ip=192.168.151.119 | op=SEND_HEARTBEAT {datanodeUUID=244cdd5c-3558-4577-8146-15a3e7a5ffb6, command=[]} | ret=SUCCESS |  
2019-09-20 09:14:54,937 | INFO  | SCMAudit | user=jenkins1000 | ip=192.168.151.119 | op=SEND_HEARTBEAT {datanodeUUID=244cdd5c-3558-4577-8146-15a3e7a5ffb6, command=[]} | ret=SUCCESS |  
2019-09-20 09:14:55,137 | INFO  | SCMAudit | user=jenkins1000 | ip=192.168.151.119 | op=SEND_HEARTBEAT {datanodeUUID=244cdd5c-3558-4577-8146-15a3e7a5ffb6, command=[]} | ret=SUCCESS |  
2019-09-20 09:14:55,338 | INFO  | SCMAudit | user=jenkins1000 | ip=192.168.151.119 | op=SEND_HEARTBEAT {datanodeUUID=244cdd5c-3558-4577-8146-15a3e7a5ffb6, command=[]} | ret=SUCCESS |  
2019-09-20 09:14:55,539 | INFO  | SCMAudit | user=jenkins1000 | ip=192.168.151.119 | op=SEND_HEARTBEAT {datanodeUUID=244cdd5c-3558-4577-8146-15a3e7a5ffb6, command=[]} | ret=SUCCESS |  
2019-09-20 09:14:55,738 | INFO  | SCMAudit | user=jenkins1000 | ip=192.168.151.119 | op=SEND_HEARTBEAT {datanodeUUID=244cdd5c-3558-4577-8146-15a3e7a5ffb6, command=[]} | ret=SUCCESS |  
2019-09-20 09:14:55,939 | INFO  | SCMAudit | user=jenkins1000 | ip=192.168.151.119 | op=SEND_HEARTBEAT {datanodeUUID=244cdd5c-3558-4577-8146-15a3e7a5ffb6, command=[]} | ret=SUCCESS |  
2019-09-20 09:14:56,138 | INFO  | SCMAudit | user=jenkins1000 | ip=192.168.151.119 | op=SEND_HEARTBEAT {datanodeUUID=244cdd5c-3558-4577-8146-15a3e7a5ffb6, command=[]} | ret=SUCCESS |  
2019-09-20 09:14:56,339 | INFO  | SCMAudit | user=jenkins1000 | ip=192.168.151.119 | op=SEND_HEARTBEAT {datanodeUUID=244cdd5c-3558-4577-8146-15a3e7a5ffb6, command=[]} | ret=SUCCESS |  
2019-09-20 09:14:56,539 | INFO  | SCMAudit | user=jenkins1000 | ip=192.168.151.119 | op=SEND_HEARTBEAT {datanodeUUID=244cdd5c-3558-4577-8146-15a3e7a5ffb6, command=[]} | ret=SUCCESS |  
2019-09-20 09:14:56,738 | INFO  | SCMAudit | user=jenkins1000 | ip=192.168.151.119 | op=SEND_HEARTBEAT {datanodeUUID=244cdd5c-3558-4577-8146-15a3e7a5ffb6, command=[]} | ret=SUCCESS |  
2019-09-20 09:14:56,939 | INFO  | SCMAudit | user=jenkins1000 | ip=192.168.151.119 | op=SEND_HEARTBEAT {datanodeUUID=244cdd5c-3558-4577-8146-15a3e7a5ffb6, command=[]} | ret=SUCCESS |  
2019-09-20 09:14:57,139 | INFO  | SCMAudit | user=jenkins1000 | ip=192.168.151.119 | op=SEND_HEARTBEAT {datanodeUUID=244cdd5c-3558-4577-8146-15a3e7a5ffb6, command=[]} | ret=SUCCESS |  
2019-09-20 09:14:57,339 | INFO  | SCMAudit | user=jenkins1000 | ip=192.168.151.119 | op=SEND_HEARTBEAT {datanodeUUID=244cdd5c-3558-4577-8146-15a3e7a5ffb6, command=[]} | ret=SUCCESS |  
2019-09-20 09:14:57,540 | INFO  | SCMAudit | user=jenkins1000 | ip=192.168.151.119 | op=SEND_HEARTBEAT {datanodeUUID=244cdd5c-3558-4577-8146-15a3e7a5ffb6, command=[]} | ret=SUCCESS |  
2019-09-20 09:14:57,739 | INFO  | SCMAudit | user=jenkins1000 | ip=192.168.151.119 | op=SEND_HEARTBEAT {datanodeUUID=244cdd5c-3558-4577-8146-15a3e7a5ffb6, command=[]} | ret=SUCCESS |  
2019-09-20 09:14:57,940 | INFO  | SCMAudit | user=jenkins1000 | ip=192.168.151.119 | op=SEND_HEARTBEAT {datanodeUUID=244cdd5c-3558-4577-8146-15a3e7a5ffb6, command=[]} | ret=SUCCESS |  
2019-09-20 09:14:58,139 | INFO  | SCMAudit | user=jenkins1000 | ip=192.168.151.119 | op=SEND_HEARTBEAT {datanodeUUID=244cdd5c-3558-4577-8146-15a3e7a5ffb6, command=[]} | ret=SUCCESS |  
2019-09-20 09:14:58,340 | INFO  | SCMAudit | user=jenkins1000 | ip=192.168.151.119 | op=SEND_HEARTBEAT {datanodeUUID=244cdd5c-3558-4577-8146-15a3e7a5ffb6, command=[]} | ret=SUCCESS |  
2019-09-20 09:14:58,540 | INFO  | SCMAudit | user=jenkins1000 | ip=192.168.151.119 | op=SEND_HEARTBEAT {datanodeUUID=244cdd5c-3558-4577-8146-15a3e7a5ffb6, command=[]} | ret=SUCCESS |  
2019-09-20 09:14:58,739 | INFO  | SCMAudit | user=jenkins1000 | ip=192.168.151.119 | op=SEND_HEARTBEAT {datanodeUUID=244cdd5c-3558-4577-8146-15a3e7a5ffb6, command=[]} | ret=SUCCESS |  
2019-09-20 09:14:58,940 | INFO  | SCMAudit | user=jenkins1000 | ip=192.168.151.119 | op=SEND_HEARTBEAT {datanodeUUID=244cdd5c-3558-4577-8146-15a3e7a5ffb6, command=[]} | ret=SUCCESS |  
2019-09-20 09:14:59,139 | INFO  | SCMAudit | user=jenkins1000 | ip=192.168.151.119 | op=SEND_HEARTBEAT {datanodeUUID=244cdd5c-3558-4577-8146-15a3e7a5ffb6, command=[]} | ret=SUCCESS |  
2019-09-20 09:14:59,340 | INFO  | SCMAudit | user=jenkins1000 | ip=192.168.151.119 | op=SEND_HEARTBEAT {datanodeUUID=244cdd5c-3558-4577-8146-15a3e7a5ffb6, command=[]} | ret=SUCCESS |  
2019-09-20 09:14:59,539 | INFO  | SCMAudit | user=jenkins1000 | ip=192.168.151.119 | op=SEND_HEARTBEAT {datanodeUUID=244cdd5c-3558-4577-8146-15a3e7a5ffb6, command=[]} | ret=SUCCESS |  
2019-09-20 09:14:59,740 | INFO  | SCMAudit | user=jenkins1000 | ip=192.168.151.119 | op=SEND_HEARTBEAT {datanodeUUID=244cdd5c-3558-4577-8146-15a3e7a5ffb6, command=[]} | ret=SUCCESS |  
2019-09-20 09:14:59,939 | INFO  | SCMAudit | user=jenkins1000 | ip=192.168.151.119 | op=SEND_HEARTBEAT {datanodeUUID=244cdd5c-3558-4577-8146-15a3e7a5ffb6, command=[]} | ret=SUCCESS |  
2019-09-20 09:15:00,140 | INFO  | SCMAudit | user=jenkins1000 | ip=192.168.151.119 | op=SEND_HEARTBEAT {datanodeUUID=244cdd5c-3558-4577-8146-15a3e7a5ffb6, command=[]} | ret=SUCCESS |  
2019-09-20 09:15:00,339 | INFO  | SCMAudit | user=jenkins1000 | ip=192.168.151.119 | op=SEND_HEARTBEAT {datanodeUUID=244cdd5c-3558-4577-8146-15a3e7a5ffb6, command=[]} | ret=SUCCESS |  
2019-09-20 09:15:00,540 | INFO  | SCMAudit | user=jenkins1000 | ip=192.168.151.119 | op=SEND_HEARTBEAT {datanodeUUID=244cdd5c-3558-4577-8146-15a3e7a5ffb6, command=[]} | ret=SUCCESS |  
2019-09-20 09:15:00,740 | INFO  | SCMAudit | user=jenkins1000 | ip=192.168.151.119 | op=SEND_HEARTBEAT {datanodeUUID=244cdd5c-3558-4577-8146-15a3e7a5ffb6, command=[]} | ret=SUCCESS |  
2019-09-20 09:15:00,940 | INFO  | SCMAudit | user=jenkins1000 | ip=192.168.151.119 | op=SEND_HEARTBEAT {datanodeUUID=244cdd5c-3558-4577-8146-15a3e7a5ffb6, command=[]} | ret=SUCCESS |  
2019-09-20 09:15:01,139 | INFO  | SCMAudit | user=jenkins1000 | ip=192.168.151.119 | op=SEND_HEARTBEAT {datanodeUUID=244cdd5c-3558-4577-8146-15a3e7a5ffb6, command=[]} | ret=SUCCESS |  
2019-09-20 09:15:01,340 | INFO  | SCMAudit | user=jenkins1000 | ip=192.168.151.119 | op=SEND_HEARTBEAT {datanodeUUID=244cdd5c-3558-4577-8146-15a3e7a5ffb6, command=[]} | ret=SUCCESS |  
2019-09-20 09:15:01,540 | INFO  | SCMAudit | user=jenkins1000 | ip=192.168.151.119 | op=SEND_HEARTBEAT {datanodeUUID=244cdd5c-3558-4577-8146-15a3e7a5ffb6, command=[]} | ret=SUCCESS |  
2019-09-20 09:15:01,739 | INFO  | SCMAudit | user=jenkins1000 | ip=192.168.151.119 | op=SEND_HEARTBEAT {datanodeUUID=244cdd5c-3558-4577-8146-15a3e7a5ffb6, command=[]} | ret=SUCCESS |  
2019-09-20 09:15:01,940 | INFO  | SCMAudit | user=jenkins1000 | ip=192.168.151.119 | op=SEND_HEARTBEAT {datanodeUUID=244cdd5c-3558-4577-8146-15a3e7a5ffb6, command=[]} | ret=SUCCESS |  
2019-09-20 09:15:02,140 | INFO  | SCMAudit | user=jenkins1000 | ip=192.168.151.119 | op=SEND_HEARTBEAT {datanodeUUID=244cdd5c-3558-4577-8146-15a3e7a5ffb6, command=[]} | ret=SUCCESS |  
2019-09-20 09:15:02,340 | INFO  | SCMAudit | user=jenkins1000 | ip=192.168.151.119 | op=SEND_HEARTBEAT {datanodeUUID=244cdd5c-3558-4577-8146-15a3e7a5ffb6, command=[]} | ret=SUCCESS |  
2019-09-20 09:15:02,541 | INFO  | SCMAudit | user=jenkins1000 | ip=192.168.151.119 | op=SEND_HEARTBEAT {datanodeUUID=244cdd5c-3558-4577-8146-15a3e7a5ffb6, command=[]} | ret=SUCCESS |  
2019-09-20 09:15:02,740 | INFO  | SCMAudit | user=jenkins1000 | ip=192.168.151.119 | op=SEND_HEARTBEAT {datanodeUUID=244cdd5c-3558-4577-8146-15a3e7a5ffb6, command=[]} | ret=SUCCESS |  
2019-09-20 09:15:02,941 | INFO  | SCMAudit | user=jenkins1000 | ip=192.168.151.119 | op=SEND_HEARTBEAT {datanodeUUID=244cdd5c-3558-4577-8146-15a3e7a5ffb6, command=[]} | ret=SUCCESS |  
2019-09-20 09:15:03,140 | INFO  | SCMAudit | user=jenkins1000 | ip=192.168.151.119 | op=SEND_HEARTBEAT {datanodeUUID=244cdd5c-3558-4577-8146-15a3e7a5ffb6, command=[]} | ret=SUCCESS |  
2019-09-20 09:15:03,341 | INFO  | SCMAudit | user=jenkins1000 | ip=192.168.151.119 | op=SEND_HEARTBEAT {datanodeUUID=244cdd5c-3558-4577-8146-15a3e7a5ffb6, command=[]} | ret=SUCCESS |  
2019-09-20 09:15:03,540 | INFO  | SCMAudit | user=jenkins1000 | ip=192.168.151.119 | op=SEND_HEARTBEAT {datanodeUUID=244cdd5c-3558-4577-8146-15a3e7a5ffb6, command=[]} | ret=SUCCESS |  
2019-09-20 09:15:03,741 | INFO  | SCMAudit | user=jenkins1000 | ip=192.168.151.119 | op=SEND_HEARTBEAT {datanodeUUID=244cdd5c-3558-4577-8146-15a3e7a5ffb6, command=[]} | ret=SUCCESS |  
2019-09-20 09:15:03,941 | INFO  | SCMAudit | user=jenkins1000 | ip=192.168.151.119 | op=SEND_HEARTBEAT {datanodeUUID=244cdd5c-3558-4577-8146-15a3e7a5ffb6, command=[]} | ret=SUCCESS |  
2019-09-20 09:15:04,142 | INFO  | SCMAudit | user=jenkins1000 | ip=192.168.151.119 | op=SEND_HEARTBEAT {datanodeUUID=244cdd5c-3558-4577-8146-15a3e7a5ffb6, command=[]} | ret=SUCCESS |  
2019-09-20 09:15:04,341 | INFO  | SCMAudit | user=jenkins1000 | ip=192.168.151.119 | op=SEND_HEARTBEAT {datanodeUUID=244cdd5c-3558-4577-8146-15a3e7a5ffb6, command=[]} | ret=SUCCESS |  
2019-09-20 09:15:04,542 | INFO  | SCMAudit | user=jenkins1000 | ip=192.168.151.119 | op=SEND_HEARTBEAT {datanodeUUID=244cdd5c-3558-4577-8146-15a3e7a5ffb6, command=[]} | ret=SUCCESS |  
2019-09-20 09:15:04,741 | INFO  | SCMAudit | user=jenkins1000 | ip=192.168.151.119 | op=SEND_HEARTBEAT {datanodeUUID=244cdd5c-3558-4577-8146-15a3e7a5ffb6, command=[]} | ret=SUCCESS |  
2019-09-20 09:15:04,942 | INFO  | SCMAudit | user=jenkins1000 | ip=192.168.151.119 | op=SEND_HEARTBEAT {datanodeUUID=244cdd5c-3558-4577-8146-15a3e7a5ffb6, command=[]} | ret=SUCCESS |  
2019-09-20 09:15:05,141 | INFO  | SCMAudit | user=jenkins1000 | ip=192.168.151.119 | op=SEND_HEARTBEAT {datanodeUUID=244cdd5c-3558-4577-8146-15a3e7a5ffb6, command=[]} | ret=SUCCESS |  
2019-09-20 09:15:05,341 | INFO  | SCMAudit | user=jenkins1000 | ip=192.168.151.119 | op=SEND_HEARTBEAT {datanodeUUID=244cdd5c-3558-4577-8146-15a3e7a5ffb6, command=[]} | ret=SUCCESS |  
2019-09-20 09:15:05,542 | INFO  | SCMAudit | user=jenkins1000 | ip=192.168.151.119 | op=SEND_HEARTBEAT {datanodeUUID=244cdd5c-3558-4577-8146-15a3e7a5ffb6, command=[]} | ret=SUCCESS |  
2019-09-20 09:15:05,743 | INFO  | SCMAudit | user=jenkins1000 | ip=192.168.151.119 | op=SEND_HEARTBEAT {datanodeUUID=244cdd5c-3558-4577-8146-15a3e7a5ffb6, command=[]} | ret=SUCCESS |  
2019-09-20 09:15:05,943 | INFO  | SCMAudit | user=jenkins1000 | ip=192.168.151.119 | op=SEND_HEARTBEAT {datanodeUUID=244cdd5c-3558-4577-8146-15a3e7a5ffb6, command=[]} | ret=SUCCESS |  
2019-09-20 09:15:06,144 | INFO  | SCMAudit | user=jenkins1000 | ip=192.168.151.119 | op=SEND_HEARTBEAT {datanodeUUID=244cdd5c-3558-4577-8146-15a3e7a5ffb6, command=[]} | ret=SUCCESS |  
2019-09-20 09:15:06,343 | INFO  | SCMAudit | user=jenkins1000 | ip=192.168.151.119 | op=SEND_HEARTBEAT {datanodeUUID=244cdd5c-3558-4577-8146-15a3e7a5ffb6, command=[]} | ret=SUCCESS |  
2019-09-20 09:15:06,544 | INFO  | SCMAudit | user=jenkins1000 | ip=192.168.151.119 | op=SEND_HEARTBEAT {datanodeUUID=244cdd5c-3558-4577-8146-15a3e7a5ffb6, command=[]} | ret=SUCCESS |  
2019-09-20 09:15:06,743 | INFO  | SCMAudit | user=jenkins1000 | ip=192.168.151.119 | op=SEND_HEARTBEAT {datanodeUUID=244cdd5c-3558-4577-8146-15a3e7a5ffb6, command=[]} | ret=SUCCESS |  
2019-09-20 09:15:06,944 | INFO  | SCMAudit | user=jenkins1000 | ip=192.168.151.119 | op=SEND_HEARTBEAT {datanodeUUID=244cdd5c-3558-4577-8146-15a3e7a5ffb6, command=[]} | ret=SUCCESS |  
2019-09-20 09:15:07,145 | INFO  | SCMAudit | user=jenkins1000 | ip=192.168.151.119 | op=SEND_HEARTBEAT {datanodeUUID=244cdd5c-3558-4577-8146-15a3e7a5ffb6, command=[]} | ret=SUCCESS |  
2019-09-20 09:15:07,344 | INFO  | SCMAudit | user=jenkins1000 | ip=192.168.151.119 | op=SEND_HEARTBEAT {datanodeUUID=244cdd5c-3558-4577-8146-15a3e7a5ffb6, command=[]} | ret=SUCCESS |  
2019-09-20 09:15:07,544 | INFO  | SCMAudit | user=jenkins1000 | ip=192.168.151.119 | op=SEND_HEARTBEAT {datanodeUUID=244cdd5c-3558-4577-8146-15a3e7a5ffb6, command=[]} | ret=SUCCESS |  
2019-09-20 09:15:07,745 | INFO  | SCMAudit | user=jenkins1000 | ip=192.168.151.119 | op=SEND_HEARTBEAT {datanodeUUID=244cdd5c-3558-4577-8146-15a3e7a5ffb6, command=[]} | ret=SUCCESS |  
2019-09-20 09:15:07,944 | INFO  | SCMAudit | user=jenkins1000 | ip=192.168.151.119 | op=SEND_HEARTBEAT {datanodeUUID=244cdd5c-3558-4577-8146-15a3e7a5ffb6, command=[]} | ret=SUCCESS |  
2019-09-20 09:15:08,145 | INFO  | SCMAudit | user=jenkins1000 | ip=192.168.151.119 | op=SEND_HEARTBEAT {datanodeUUID=244cdd5c-3558-4577-8146-15a3e7a5ffb6, command=[]} | ret=SUCCESS |  
2019-09-20 09:15:08,345 | INFO  | SCMAudit | user=jenkins1000 | ip=192.168.151.119 | op=SEND_HEARTBEAT {datanodeUUID=244cdd5c-3558-4577-8146-15a3e7a5ffb6, command=[]} | ret=SUCCESS |  
2019-09-20 09:15:08,546 | INFO  | SCMAudit | user=jenkins1000 | ip=192.168.151.119 | op=SEND_HEARTBEAT {datanodeUUID=244cdd5c-3558-4577-8146-15a3e7a5ffb6, command=[]} | ret=SUCCESS |  
2019-09-20 09:15:08,746 | INFO  | SCMAudit | user=jenkins1000 | ip=192.168.151.119 | op=SEND_HEARTBEAT {datanodeUUID=244cdd5c-3558-4577-8146-15a3e7a5ffb6, command=[]} | ret=SUCCESS |  
2019-09-20 09:15:08,945 | INFO  | SCMAudit | user=jenkins1000 | ip=192.168.151.119 | op=SEND_HEARTBEAT {datanodeUUID=244cdd5c-3558-4577-8146-15a3e7a5ffb6, command=[]} | ret=SUCCESS |  
2019-09-20 09:15:09,146 | INFO  | SCMAudit | user=jenkins1000 | ip=192.168.151.119 | op=SEND_HEARTBEAT {datanodeUUID=244cdd5c-3558-4577-8146-15a3e7a5ffb6, command=[]} | ret=SUCCESS |  
2019-09-20 09:15:09,345 | INFO  | SCMAudit | user=jenkins1000 | ip=192.168.151.119 | op=SEND_HEARTBEAT {datanodeUUID=244cdd5c-3558-4577-8146-15a3e7a5ffb6, command=[]} | ret=SUCCESS |  
2019-09-20 09:15:09,546 | INFO  | SCMAudit | user=jenkins1000 | ip=192.168.151.119 | op=SEND_HEARTBEAT {datanodeUUID=244cdd5c-3558-4577-8146-15a3e7a5ffb6, command=[]} | ret=SUCCESS |  
2019-09-20 09:15:09,746 | INFO  | SCMAudit | user=jenkins1000 | ip=192.168.151.119 | op=SEND_HEARTBEAT {datanodeUUID=244cdd5c-3558-4577-8146-15a3e7a5ffb6, command=[]} | ret=SUCCESS |  
2019-09-20 09:15:09,947 | INFO  | SCMAudit | user=jenkins1000 | ip=192.168.151.119 | op=SEND_HEARTBEAT {datanodeUUID=244cdd5c-3558-4577-8146-15a3e7a5ffb6, command=[]} | ret=SUCCESS |  
2019-09-20 09:15:10,147 | INFO  | SCMAudit | user=jenkins1000 | ip=192.168.151.119 | op=SEND_HEARTBEAT {datanodeUUID=244cdd5c-3558-4577-8146-15a3e7a5ffb6, command=[]} | ret=SUCCESS |  
2019-09-20 09:15:10,346 | INFO  | SCMAudit | user=jenkins1000 | ip=192.168.151.119 | op=SEND_HEARTBEAT {datanodeUUID=244cdd5c-3558-4577-8146-15a3e7a5ffb6, command=[]} | ret=SUCCESS |  
2019-09-20 09:15:10,547 | INFO  | SCMAudit | user=jenkins1000 | ip=192.168.151.119 | op=SEND_HEARTBEAT {datanodeUUID=244cdd5c-3558-4577-8146-15a3e7a5ffb6, command=[]} | ret=SUCCESS |  
2019-09-20 09:15:10,747 | INFO  | SCMAudit | user=jenkins1000 | ip=192.168.151.119 | op=SEND_HEARTBEAT {datanodeUUID=244cdd5c-3558-4577-8146-15a3e7a5ffb6, command=[]} | ret=SUCCESS |  
2019-09-20 09:15:10,946 | INFO  | SCMAudit | user=jenkins1000 | ip=192.168.151.119 | op=SEND_HEARTBEAT {datanodeUUID=244cdd5c-3558-4577-8146-15a3e7a5ffb6, command=[]} | ret=SUCCESS |  
2019-09-20 09:15:11,147 | INFO  | SCMAudit | user=jenkins1000 | ip=192.168.151.119 | op=SEND_HEARTBEAT {datanodeUUID=244cdd5c-3558-4577-8146-15a3e7a5ffb6, command=[]} | ret=SUCCESS |  
2019-09-20 09:15:11,346 | INFO  | SCMAudit | user=jenkins1000 | ip=192.168.151.119 | op=SEND_HEARTBEAT {datanodeUUID=244cdd5c-3558-4577-8146-15a3e7a5ffb6, command=[]} | ret=SUCCESS |  
2019-09-20 09:15:11,547 | INFO  | SCMAudit | user=jenkins1000 | ip=192.168.151.119 | op=SEND_HEARTBEAT {datanodeUUID=244cdd5c-3558-4577-8146-15a3e7a5ffb6, command=[]} | ret=SUCCESS |  
2019-09-20 09:15:11,748 | INFO  | SCMAudit | user=jenkins1000 | ip=192.168.151.119 | op=SEND_HEARTBEAT {datanodeUUID=244cdd5c-3558-4577-8146-15a3e7a5ffb6, command=[]} | ret=SUCCESS |  
2019-09-20 09:15:11,948 | INFO  | SCMAudit | user=jenkins1000 | ip=192.168.151.119 | op=SEND_HEARTBEAT {datanodeUUID=244cdd5c-3558-4577-8146-15a3e7a5ffb6, command=[]} | ret=SUCCESS |  
2019-09-20 09:15:12,148 | INFO  | SCMAudit | user=jenkins1000 | ip=192.168.151.119 | op=SEND_HEARTBEAT {datanodeUUID=244cdd5c-3558-4577-8146-15a3e7a5ffb6, command=[]} | ret=SUCCESS |  
2019-09-20 09:15:12,349 | INFO  | SCMAudit | user=jenkins1000 | ip=192.168.151.119 | op=SEND_HEARTBEAT {datanodeUUID=244cdd5c-3558-4577-8146-15a3e7a5ffb6, command=[]} | ret=SUCCESS |  
2019-09-20 09:15:12,548 | INFO  | SCMAudit | user=jenkins1000 | ip=192.168.151.119 | op=SEND_HEARTBEAT {datanodeUUID=244cdd5c-3558-4577-8146-15a3e7a5ffb6, command=[]} | ret=SUCCESS |  
2019-09-20 09:15:12,749 | INFO  | SCMAudit | user=jenkins1000 | ip=192.168.151.119 | op=SEND_HEARTBEAT {datanodeUUID=244cdd5c-3558-4577-8146-15a3e7a5ffb6, command=[]} | ret=SUCCESS |  
2019-09-20 09:15:12,949 | INFO  | SCMAudit | user=jenkins1000 | ip=192.168.151.119 | op=SEND_HEARTBEAT {datanodeUUID=244cdd5c-3558-4577-8146-15a3e7a5ffb6, command=[]} | ret=SUCCESS |  
2019-09-20 09:15:13,150 | INFO  | SCMAudit | user=jenkins1000 | ip=192.168.151.119 | op=SEND_HEARTBEAT {datanodeUUID=244cdd5c-3558-4577-8146-15a3e7a5ffb6, command=[]} | ret=SUCCESS |  
2019-09-20 09:15:13,350 | INFO  | SCMAudit | user=jenkins1000 | ip=192.168.151.119 | op=SEND_HEARTBEAT {datanodeUUID=244cdd5c-3558-4577-8146-15a3e7a5ffb6, command=[]} | ret=SUCCESS |  
2019-09-20 09:15:13,551 | INFO  | SCMAudit | user=jenkins1000 | ip=192.168.151.119 | op=SEND_HEARTBEAT {datanodeUUID=244cdd5c-3558-4577-8146-15a3e7a5ffb6, command=[]} | ret=SUCCESS |  
2019-09-20 09:15:13,751 | INFO  | SCMAudit | user=jenkins1000 | ip=192.168.151.119 | op=SEND_HEARTBEAT {datanodeUUID=244cdd5c-3558-4577-8146-15a3e7a5ffb6, command=[]} | ret=SUCCESS |  
2019-09-20 09:15:13,950 | INFO  | SCMAudit | user=jenkins1000 | ip=192.168.151.119 | op=SEND_HEARTBEAT {datanodeUUID=244cdd5c-3558-4577-8146-15a3e7a5ffb6, command=[]} | ret=SUCCESS |  
2019-09-20 09:15:14,151 | INFO  | SCMAudit | user=jenkins1000 | ip=192.168.151.119 | op=SEND_HEARTBEAT {datanodeUUID=244cdd5c-3558-4577-8146-15a3e7a5ffb6, command=[]} | ret=SUCCESS |  
2019-09-20 09:15:14,350 | INFO  | SCMAudit | user=jenkins1000 | ip=192.168.151.119 | op=SEND_HEARTBEAT {datanodeUUID=244cdd5c-3558-4577-8146-15a3e7a5ffb6, command=[]} | ret=SUCCESS |  
2019-09-20 09:15:14,551 | INFO  | SCMAudit | user=jenkins1000 | ip=192.168.151.119 | op=SEND_HEARTBEAT {datanodeUUID=244cdd5c-3558-4577-8146-15a3e7a5ffb6, command=[]} | ret=SUCCESS |  
2019-09-20 09:15:14,750 | INFO  | SCMAudit | user=jenkins1000 | ip=192.168.151.119 | op=SEND_HEARTBEAT {datanodeUUID=244cdd5c-3558-4577-8146-15a3e7a5ffb6, command=[]} | ret=SUCCESS |  
2019-09-20 09:15:14,951 | INFO  | SCMAudit | user=jenkins1000 | ip=192.168.151.119 | op=SEND_HEARTBEAT {datanodeUUID=244cdd5c-3558-4577-8146-15a3e7a5ffb6, command=[]} | ret=SUCCESS |  
2019-09-20 09:15:15,151 | INFO  | SCMAudit | user=jenkins1000 | ip=192.168.151.119 | op=SEND_HEARTBEAT {datanodeUUID=244cdd5c-3558-4577-8146-15a3e7a5ffb6, command=[]} | ret=SUCCESS |  
2019-09-20 09:15:15,352 | INFO  | SCMAudit | user=jenkins1000 | ip=192.168.151.119 | op=SEND_HEARTBEAT {datanodeUUID=244cdd5c-3558-4577-8146-15a3e7a5ffb6, command=[]} | ret=SUCCESS |  
2019-09-20 09:15:15,552 | INFO  | SCMAudit | user=jenkins1000 | ip=192.168.151.119 | op=SEND_HEARTBEAT {datanodeUUID=244cdd5c-3558-4577-8146-15a3e7a5ffb6, command=[]} | ret=SUCCESS |  
2019-09-20 09:15:15,751 | INFO  | SCMAudit | user=jenkins1000 | ip=192.168.151.119 | op=SEND_HEARTBEAT {datanodeUUID=244cdd5c-3558-4577-8146-15a3e7a5ffb6, command=[]} | ret=SUCCESS |  
2019-09-20 09:15:15,952 | INFO  | SCMAudit | user=jenkins1000 | ip=192.168.151.119 | op=SEND_HEARTBEAT {datanodeUUID=244cdd5c-3558-4577-8146-15a3e7a5ffb6, command=[]} | ret=SUCCESS |  
2019-09-20 09:15:16,151 | INFO  | SCMAudit | user=jenkins1000 | ip=192.168.151.119 | op=SEND_HEARTBEAT {datanodeUUID=244cdd5c-3558-4577-8146-15a3e7a5ffb6, command=[]} | ret=SUCCESS |  
2019-09-20 09:15:16,352 | INFO  | SCMAudit | user=jenkins1000 | ip=192.168.151.119 | op=SEND_HEARTBEAT {datanodeUUID=244cdd5c-3558-4577-8146-15a3e7a5ffb6, command=[]} | ret=SUCCESS |  
2019-09-20 09:15:16,552 | INFO  | SCMAudit | user=jenkins1000 | ip=192.168.151.119 | op=SEND_HEARTBEAT {datanodeUUID=244cdd5c-3558-4577-8146-15a3e7a5ffb6, command=[]} | ret=SUCCESS |  
2019-09-20 09:15:16,752 | INFO  | SCMAudit | user=jenkins1000 | ip=192.168.151.119 | op=SEND_HEARTBEAT {datanodeUUID=244cdd5c-3558-4577-8146-15a3e7a5ffb6, command=[]} | ret=SUCCESS |  
2019-09-20 09:15:16,952 | INFO  | SCMAudit | user=jenkins1000 | ip=192.168.151.119 | op=SEND_HEARTBEAT {datanodeUUID=244cdd5c-3558-4577-8146-15a3e7a5ffb6, command=[]} | ret=SUCCESS |  
2019-09-20 09:15:17,152 | INFO  | SCMAudit | user=jenkins1000 | ip=192.168.151.119 | op=SEND_HEARTBEAT {datanodeUUID=244cdd5c-3558-4577-8146-15a3e7a5ffb6, command=[]} | ret=SUCCESS |  
2019-09-20 09:15:17,353 | INFO  | SCMAudit | user=jenkins1000 | ip=192.168.151.119 | op=SEND_HEARTBEAT {datanodeUUID=244cdd5c-3558-4577-8146-15a3e7a5ffb6, command=[]} | ret=SUCCESS |  
2019-09-20 09:15:17,552 | INFO  | SCMAudit | user=jenkins1000 | ip=192.168.151.119 | op=SEND_HEARTBEAT {datanodeUUID=244cdd5c-3558-4577-8146-15a3e7a5ffb6, command=[]} | ret=SUCCESS |  
2019-09-20 09:15:17,753 | INFO  | SCMAudit | user=jenkins1000 | ip=192.168.151.119 | op=SEND_HEARTBEAT {datanodeUUID=244cdd5c-3558-4577-8146-15a3e7a5ffb6, command=[]} | ret=SUCCESS |  
2019-09-20 09:15:17,954 | INFO  | SCMAudit | user=jenkins1000 | ip=192.168.151.119 | op=SEND_HEARTBEAT {datanodeUUID=244cdd5c-3558-4577-8146-15a3e7a5ffb6, command=[]} | ret=SUCCESS |  
2019-09-20 09:15:18,153 | INFO  | SCMAudit | user=jenkins1000 | ip=192.168.151.119 | op=SEND_HEARTBEAT {datanodeUUID=244cdd5c-3558-4577-8146-15a3e7a5ffb6, command=[]} | ret=SUCCESS |  
2019-09-20 09:15:18,354 | INFO  | SCMAudit | user=jenkins1000 | ip=192.168.151.119 | op=SEND_HEARTBEAT {datanodeUUID=244cdd5c-3558-4577-8146-15a3e7a5ffb6, command=[]} | ret=SUCCESS |  
2019-09-20 09:15:18,555 | INFO  | SCMAudit | user=jenkins1000 | ip=192.168.151.119 | op=SEND_HEARTBEAT {datanodeUUID=244cdd5c-3558-4577-8146-15a3e7a5ffb6, command=[commandType: closePipelineCommand closePipelineCommandProto { pipelineID { id: "5c8a5299-3384-406a-b161-0367664f1180" } cmdId: 1568970695968 } ]} | ret=SUCCESS |  
2019-09-20 09:15:18,754 | INFO  | SCMAudit | user=jenkins1000 | ip=192.168.151.119 | op=SEND_HEARTBEAT {datanodeUUID=244cdd5c-3558-4577-8146-15a3e7a5ffb6, command=[]} | ret=SUCCESS |  
2019-09-20 09:15:18,953 | INFO  | SCMAudit | user=jenkins1000 | ip=192.168.151.119 | op=SEND_HEARTBEAT {datanodeUUID=244cdd5c-3558-4577-8146-15a3e7a5ffb6, command=[]} | ret=SUCCESS |  
2019-09-20 09:15:19,154 | INFO  | SCMAudit | user=jenkins1000 | ip=192.168.151.119 | op=SEND_HEARTBEAT {datanodeUUID=244cdd5c-3558-4577-8146-15a3e7a5ffb6, command=[]} | ret=SUCCESS |  
2019-09-20 09:15:19,353 | INFO  | SCMAudit | user=jenkins1000 | ip=192.168.151.119 | op=SEND_HEARTBEAT {datanodeUUID=244cdd5c-3558-4577-8146-15a3e7a5ffb6, command=[]} | ret=SUCCESS |  
2019-09-20 09:15:19,554 | INFO  | SCMAudit | user=jenkins1000 | ip=192.168.151.119 | op=SEND_HEARTBEAT {datanodeUUID=244cdd5c-3558-4577-8146-15a3e7a5ffb6, command=[]} | ret=SUCCESS |  
2019-09-20 09:15:19,754 | INFO  | SCMAudit | user=jenkins1000 | ip=192.168.151.119 | op=SEND_HEARTBEAT {datanodeUUID=244cdd5c-3558-4577-8146-15a3e7a5ffb6, command=[]} | ret=SUCCESS |  
2019-09-20 09:15:19,954 | INFO  | SCMAudit | user=jenkins1000 | ip=192.168.151.119 | op=SEND_HEARTBEAT {datanodeUUID=244cdd5c-3558-4577-8146-15a3e7a5ffb6, command=[]} | ret=SUCCESS |  
2019-09-20 09:15:20,155 | INFO  | SCMAudit | user=jenkins1000 | ip=192.168.151.119 | op=SEND_HEARTBEAT {datanodeUUID=244cdd5c-3558-4577-8146-15a3e7a5ffb6, command=[]} | ret=SUCCESS |  
2019-09-20 09:15:20,354 | INFO  | SCMAudit | user=jenkins1000 | ip=192.168.151.119 | op=SEND_HEARTBEAT {datanodeUUID=244cdd5c-3558-4577-8146-15a3e7a5ffb6, command=[]} | ret=SUCCESS |  
2019-09-20 09:15:20,555 | INFO  | SCMAudit | user=jenkins1000 | ip=192.168.151.119 | op=SEND_HEARTBEAT {datanodeUUID=244cdd5c-3558-4577-8146-15a3e7a5ffb6, command=[]} | ret=SUCCESS |  
2019-09-20 09:15:20,755 | INFO  | SCMAudit | user=jenkins1000 | ip=192.168.151.119 | op=SEND_HEARTBEAT {datanodeUUID=244cdd5c-3558-4577-8146-15a3e7a5ffb6, command=[]} | ret=SUCCESS |  
2019-09-20 09:15:20,955 | INFO  | SCMAudit | user=jenkins1000 | ip=192.168.151.119 | op=SEND_HEARTBEAT {datanodeUUID=244cdd5c-3558-4577-8146-15a3e7a5ffb6, command=[]} | ret=SUCCESS |  
2019-09-20 09:15:21,156 | INFO  | SCMAudit | user=jenkins1000 | ip=192.168.151.119 | op=SEND_HEARTBEAT {datanodeUUID=244cdd5c-3558-4577-8146-15a3e7a5ffb6, command=[]} | ret=SUCCESS |  
2019-09-20 09:15:21,356 | INFO  | SCMAudit | user=jenkins1000 | ip=192.168.151.119 | op=SEND_HEARTBEAT {datanodeUUID=244cdd5c-3558-4577-8146-15a3e7a5ffb6, command=[]} | ret=SUCCESS |  
2019-09-20 09:15:21,555 | INFO  | SCMAudit | user=jenkins1000 | ip=192.168.151.119 | op=SEND_HEARTBEAT {datanodeUUID=244cdd5c-3558-4577-8146-15a3e7a5ffb6, command=[]} | ret=SUCCESS |  
2019-09-20 09:15:21,756 | INFO  | SCMAudit | user=jenkins1000 | ip=192.168.151.119 | op=SEND_HEARTBEAT {datanodeUUID=244cdd5c-3558-4577-8146-15a3e7a5ffb6, command=[]} | ret=SUCCESS |  
2019-09-20 09:15:21,955 | INFO  | SCMAudit | user=jenkins1000 | ip=192.168.151.119 | op=SEND_HEARTBEAT {datanodeUUID=244cdd5c-3558-4577-8146-15a3e7a5ffb6, command=[]} | ret=SUCCESS |  
2019-09-20 09:15:22,156 | INFO  | SCMAudit | user=jenkins1000 | ip=192.168.151.119 | op=SEND_HEARTBEAT {datanodeUUID=244cdd5c-3558-4577-8146-15a3e7a5ffb6, command=[]} | ret=SUCCESS |  
2019-09-20 09:15:22,356 | INFO  | SCMAudit | user=jenkins1000 | ip=192.168.151.119 | op=SEND_HEARTBEAT {datanodeUUID=244cdd5c-3558-4577-8146-15a3e7a5ffb6, command=[]} | ret=SUCCESS |  
2019-09-20 09:15:22,557 | INFO  | SCMAudit | user=jenkins1000 | ip=192.168.151.119 | op=SEND_HEARTBEAT {datanodeUUID=244cdd5c-3558-4577-8146-15a3e7a5ffb6, command=[]} | ret=SUCCESS |  
2019-09-20 09:15:22,756 | INFO  | SCMAudit | user=jenkins1000 | ip=192.168.151.119 | op=SEND_HEARTBEAT {datanodeUUID=244cdd5c-3558-4577-8146-15a3e7a5ffb6, command=[]} | ret=SUCCESS |  
2019-09-20 09:15:22,957 | INFO  | SCMAudit | user=jenkins1000 | ip=192.168.151.119 | op=SEND_HEARTBEAT {datanodeUUID=244cdd5c-3558-4577-8146-15a3e7a5ffb6, command=[]} | ret=SUCCESS |  
2019-09-20 09:15:23,157 | INFO  | SCMAudit | user=jenkins1000 | ip=192.168.151.119 | op=SEND_HEARTBEAT {datanodeUUID=244cdd5c-3558-4577-8146-15a3e7a5ffb6, command=[]} | ret=SUCCESS |  
2019-09-20 09:15:23,358 | INFO  | SCMAudit | user=jenkins1000 | ip=192.168.151.119 | op=SEND_HEARTBEAT {datanodeUUID=244cdd5c-3558-4577-8146-15a3e7a5ffb6, command=[]} | ret=SUCCESS |  
2019-09-20 09:15:23,557 | INFO  | SCMAudit | user=jenkins1000 | ip=192.168.151.119 | op=SEND_HEARTBEAT {datanodeUUID=244cdd5c-3558-4577-8146-15a3e7a5ffb6, command=[]} | ret=SUCCESS |  
2019-09-20 09:15:23,758 | INFO  | SCMAudit | user=jenkins1000 | ip=192.168.151.119 | op=SEND_HEARTBEAT {datanodeUUID=244cdd5c-3558-4577-8146-15a3e7a5ffb6, command=[]} | ret=SUCCESS |  
2019-09-20 09:15:23,958 | INFO  | SCMAudit | user=jenkins1000 | ip=192.168.151.119 | op=SEND_HEARTBEAT {datanodeUUID=244cdd5c-3558-4577-8146-15a3e7a5ffb6, command=[]} | ret=SUCCESS |  
2019-09-20 09:15:24,159 | INFO  | SCMAudit | user=jenkins1000 | ip=192.168.151.119 | op=SEND_HEARTBEAT {datanodeUUID=244cdd5c-3558-4577-8146-15a3e7a5ffb6, command=[]} | ret=SUCCESS |  
2019-09-20 09:15:24,358 | INFO  | SCMAudit | user=jenkins1000 | ip=192.168.151.119 | op=SEND_HEARTBEAT {datanodeUUID=244cdd5c-3558-4577-8146-15a3e7a5ffb6, command=[]} | ret=SUCCESS |  
2019-09-20 09:15:24,559 | INFO  | SCMAudit | user=jenkins1000 | ip=192.168.151.119 | op=SEND_HEARTBEAT {datanodeUUID=244cdd5c-3558-4577-8146-15a3e7a5ffb6, command=[]} | ret=SUCCESS |  
2019-09-20 09:15:24,758 | INFO  | SCMAudit | user=jenkins1000 | ip=192.168.151.119 | op=SEND_HEARTBEAT {datanodeUUID=244cdd5c-3558-4577-8146-15a3e7a5ffb6, command=[]} | ret=SUCCESS |  
2019-09-20 09:15:24,959 | INFO  | SCMAudit | user=jenkins1000 | ip=192.168.151.119 | op=SEND_HEARTBEAT {datanodeUUID=244cdd5c-3558-4577-8146-15a3e7a5ffb6, command=[]} | ret=SUCCESS |  
2019-09-20 09:15:25,158 | INFO  | SCMAudit | user=jenkins1000 | ip=192.168.151.119 | op=SEND_HEARTBEAT {datanodeUUID=244cdd5c-3558-4577-8146-15a3e7a5ffb6, command=[]} | ret=SUCCESS |  
2019-09-20 09:15:25,359 | INFO  | SCMAudit | user=jenkins1000 | ip=192.168.151.119 | op=SEND_HEARTBEAT {datanodeUUID=244cdd5c-3558-4577-8146-15a3e7a5ffb6, command=[]} | ret=SUCCESS |  
2019-09-20 09:15:25,558 | INFO  | SCMAudit | user=jenkins1000 | ip=192.168.151.119 | op=SEND_HEARTBEAT {datanodeUUID=244cdd5c-3558-4577-8146-15a3e7a5ffb6, command=[]} | ret=SUCCESS |  
2019-09-20 09:15:25,758 | INFO  | SCMAudit | user=jenkins1000 | ip=192.168.151.119 | op=SEND_HEARTBEAT {datanodeUUID=244cdd5c-3558-4577-8146-15a3e7a5ffb6, command=[]} | ret=SUCCESS |  
2019-09-20 09:15:25,959 | INFO  | SCMAudit | user=jenkins1000 | ip=192.168.151.119 | op=SEND_HEARTBEAT {datanodeUUID=244cdd5c-3558-4577-8146-15a3e7a5ffb6, command=[]} | ret=SUCCESS |  
2019-09-20 09:15:26,158 | INFO  | SCMAudit | user=jenkins1000 | ip=192.168.151.119 | op=SEND_HEARTBEAT {datanodeUUID=244cdd5c-3558-4577-8146-15a3e7a5ffb6, command=[]} | ret=SUCCESS |  
2019-09-20 09:15:26,360 | INFO  | SCMAudit | user=jenkins1000 | ip=192.168.151.119 | op=SEND_HEARTBEAT {datanodeUUID=244cdd5c-3558-4577-8146-15a3e7a5ffb6, command=[]} | ret=SUCCESS |  
2019-09-20 09:15:26,560 | INFO  | SCMAudit | user=jenkins1000 | ip=192.168.151.119 | op=SEND_HEARTBEAT {datanodeUUID=244cdd5c-3558-4577-8146-15a3e7a5ffb6, command=[]} | ret=SUCCESS |  
2019-09-20 09:15:26,760 | INFO  | SCMAudit | user=jenkins1000 | ip=192.168.151.119 | op=SEND_HEARTBEAT {datanodeUUID=244cdd5c-3558-4577-8146-15a3e7a5ffb6, command=[]} | ret=SUCCESS |  
2019-09-20 09:15:26,960 | INFO  | SCMAudit | user=jenkins1000 | ip=192.168.151.119 | op=SEND_HEARTBEAT {datanodeUUID=244cdd5c-3558-4577-8146-15a3e7a5ffb6, command=[]} | ret=SUCCESS |  
2019-09-20 09:15:27,161 | INFO  | SCMAudit | user=jenkins1000 | ip=192.168.151.119 | op=SEND_HEARTBEAT {datanodeUUID=244cdd5c-3558-4577-8146-15a3e7a5ffb6, command=[]} | ret=SUCCESS |  
2019-09-20 09:15:27,360 | INFO  | SCMAudit | user=jenkins1000 | ip=192.168.151.119 | op=SEND_HEARTBEAT {datanodeUUID=244cdd5c-3558-4577-8146-15a3e7a5ffb6, command=[]} | ret=SUCCESS |  
2019-09-20 09:15:27,561 | INFO  | SCMAudit | user=jenkins1000 | ip=192.168.151.119 | op=SEND_HEARTBEAT {datanodeUUID=244cdd5c-3558-4577-8146-15a3e7a5ffb6, command=[]} | ret=SUCCESS |  
2019-09-20 09:15:27,761 | INFO  | SCMAudit | user=jenkins1000 | ip=192.168.151.119 | op=SEND_HEARTBEAT {datanodeUUID=244cdd5c-3558-4577-8146-15a3e7a5ffb6, command=[]} | ret=SUCCESS |  
2019-09-20 09:15:27,961 | INFO  | SCMAudit | user=jenkins1000 | ip=192.168.151.119 | op=SEND_HEARTBEAT {datanodeUUID=244cdd5c-3558-4577-8146-15a3e7a5ffb6, command=[]} | ret=SUCCESS |  
2019-09-20 09:15:28,161 | INFO  | SCMAudit | user=jenkins1000 | ip=192.168.151.119 | op=SEND_HEARTBEAT {datanodeUUID=244cdd5c-3558-4577-8146-15a3e7a5ffb6, command=[]} | ret=SUCCESS |  
2019-09-20 09:15:28,361 | INFO  | SCMAudit | user=jenkins1000 | ip=192.168.151.119 | op=SEND_HEARTBEAT {datanodeUUID=244cdd5c-3558-4577-8146-15a3e7a5ffb6, command=[]} | ret=SUCCESS |  
2019-09-20 09:15:28,561 | INFO  | SCMAudit | user=jenkins1000 | ip=192.168.151.119 | op=SEND_HEARTBEAT {datanodeUUID=244cdd5c-3558-4577-8146-15a3e7a5ffb6, command=[]} | ret=SUCCESS |  
2019-09-20 09:15:28,761 | INFO  | SCMAudit | user=jenkins1000 | ip=192.168.151.119 | op=SEND_HEARTBEAT {datanodeUUID=244cdd5c-3558-4577-8146-15a3e7a5ffb6, command=[]} | ret=SUCCESS |  
2019-09-20 09:15:28,961 | INFO  | SCMAudit | user=jenkins1000 | ip=192.168.151.119 | op=SEND_HEARTBEAT {datanodeUUID=244cdd5c-3558-4577-8146-15a3e7a5ffb6, command=[]} | ret=SUCCESS |  
2019-09-20 09:15:29,162 | INFO  | SCMAudit | user=jenkins1000 | ip=192.168.151.119 | op=SEND_HEARTBEAT {datanodeUUID=244cdd5c-3558-4577-8146-15a3e7a5ffb6, command=[]} | ret=SUCCESS |  
2019-09-20 09:15:29,362 | INFO  | SCMAudit | user=jenkins1000 | ip=192.168.151.119 | op=SEND_HEARTBEAT {datanodeUUID=244cdd5c-3558-4577-8146-15a3e7a5ffb6, command=[]} | ret=SUCCESS |  
2019-09-20 09:15:29,562 | INFO  | SCMAudit | user=jenkins1000 | ip=192.168.151.119 | op=SEND_HEARTBEAT {datanodeUUID=244cdd5c-3558-4577-8146-15a3e7a5ffb6, command=[]} | ret=SUCCESS |  
2019-09-20 09:15:29,763 | INFO  | SCMAudit | user=jenkins1000 | ip=192.168.151.119 | op=SEND_HEARTBEAT {datanodeUUID=244cdd5c-3558-4577-8146-15a3e7a5ffb6, command=[]} | ret=SUCCESS |  
2019-09-20 09:15:29,963 | INFO  | SCMAudit | user=jenkins1000 | ip=192.168.151.119 | op=SEND_HEARTBEAT {datanodeUUID=244cdd5c-3558-4577-8146-15a3e7a5ffb6, command=[]} | ret=SUCCESS |  
2019-09-20 09:15:30,163 | INFO  | SCMAudit | user=jenkins1000 | ip=192.168.151.119 | op=SEND_HEARTBEAT {datanodeUUID=244cdd5c-3558-4577-8146-15a3e7a5ffb6, command=[]} | ret=SUCCESS |  
2019-09-20 09:15:30,362 | INFO  | SCMAudit | user=jenkins1000 | ip=192.168.151.119 | op=SEND_HEARTBEAT {datanodeUUID=244cdd5c-3558-4577-8146-15a3e7a5ffb6, command=[]} | ret=SUCCESS |  
2019-09-20 09:15:30,563 | INFO  | SCMAudit | user=jenkins1000 | ip=192.168.151.119 | op=SEND_HEARTBEAT {datanodeUUID=244cdd5c-3558-4577-8146-15a3e7a5ffb6, command=[]} | ret=SUCCESS |  
2019-09-20 09:15:30,763 | INFO  | SCMAudit | user=jenkins1000 | ip=192.168.151.119 | op=SEND_HEARTBEAT {datanodeUUID=244cdd5c-3558-4577-8146-15a3e7a5ffb6, command=[]} | ret=SUCCESS |  
2019-09-20 09:15:30,962 | INFO  | SCMAudit | user=jenkins1000 | ip=192.168.151.119 | op=SEND_HEARTBEAT {datanodeUUID=244cdd5c-3558-4577-8146-15a3e7a5ffb6, command=[]} | ret=SUCCESS |  
2019-09-20 09:15:31,163 | INFO  | SCMAudit | user=jenkins1000 | ip=192.168.151.119 | op=SEND_HEARTBEAT {datanodeUUID=244cdd5c-3558-4577-8146-15a3e7a5ffb6, command=[]} | ret=SUCCESS |  
2019-09-20 09:15:31,362 | INFO  | SCMAudit | user=jenkins1000 | ip=192.168.151.119 | op=SEND_HEARTBEAT {datanodeUUID=244cdd5c-3558-4577-8146-15a3e7a5ffb6, command=[]} | ret=SUCCESS |  
2019-09-20 09:15:31,563 | INFO  | SCMAudit | user=jenkins1000 | ip=192.168.151.119 | op=SEND_HEARTBEAT {datanodeUUID=244cdd5c-3558-4577-8146-15a3e7a5ffb6, command=[]} | ret=SUCCESS |  
2019-09-20 09:15:31,762 | INFO  | SCMAudit | user=jenkins1000 | ip=192.168.151.119 | op=SEND_HEARTBEAT {datanodeUUID=244cdd5c-3558-4577-8146-15a3e7a5ffb6, command=[]} | ret=SUCCESS |  
2019-09-20 09:15:31,962 | INFO  | SCMAudit | user=jenkins1000 | ip=192.168.151.119 | op=SEND_HEARTBEAT {datanodeUUID=244cdd5c-3558-4577-8146-15a3e7a5ffb6, command=[]} | ret=SUCCESS |  
2019-09-20 09:15:32,163 | INFO  | SCMAudit | user=jenkins1000 | ip=192.168.151.119 | op=SEND_HEARTBEAT {datanodeUUID=244cdd5c-3558-4577-8146-15a3e7a5ffb6, command=[]} | ret=SUCCESS |  
2019-09-20 09:15:32,363 | INFO  | SCMAudit | user=jenkins1000 | ip=192.168.151.119 | op=SEND_HEARTBEAT {datanodeUUID=244cdd5c-3558-4577-8146-15a3e7a5ffb6, command=[]} | ret=SUCCESS |  
2019-09-20 09:15:32,563 | INFO  | SCMAudit | user=jenkins1000 | ip=192.168.151.119 | op=SEND_HEARTBEAT {datanodeUUID=244cdd5c-3558-4577-8146-15a3e7a5ffb6, command=[]} | ret=SUCCESS |  
2019-09-20 09:15:32,763 | INFO  | SCMAudit | user=jenkins1000 | ip=192.168.151.119 | op=SEND_HEARTBEAT {datanodeUUID=244cdd5c-3558-4577-8146-15a3e7a5ffb6, command=[]} | ret=SUCCESS |  
2019-09-20 09:15:32,964 | INFO  | SCMAudit | user=jenkins1000 | ip=192.168.151.119 | op=SEND_HEARTBEAT {datanodeUUID=244cdd5c-3558-4577-8146-15a3e7a5ffb6, command=[]} | ret=SUCCESS |  
2019-09-20 09:15:33,164 | INFO  | SCMAudit | user=jenkins1000 | ip=192.168.151.119 | op=SEND_HEARTBEAT {datanodeUUID=244cdd5c-3558-4577-8146-15a3e7a5ffb6, command=[]} | ret=SUCCESS |  
2019-09-20 09:15:33,365 | INFO  | SCMAudit | user=jenkins1000 | ip=192.168.151.119 | op=SEND_HEARTBEAT {datanodeUUID=244cdd5c-3558-4577-8146-15a3e7a5ffb6, command=[]} | ret=SUCCESS |  
2019-09-20 09:15:33,565 | INFO  | SCMAudit | user=jenkins1000 | ip=192.168.151.119 | op=SEND_HEARTBEAT {datanodeUUID=244cdd5c-3558-4577-8146-15a3e7a5ffb6, command=[]} | ret=SUCCESS |  
2019-09-20 09:15:33,766 | INFO  | SCMAudit | user=jenkins1000 | ip=192.168.151.119 | op=SEND_HEARTBEAT {datanodeUUID=244cdd5c-3558-4577-8146-15a3e7a5ffb6, command=[]} | ret=SUCCESS |  
2019-09-20 09:15:33,966 | INFO  | SCMAudit | user=jenkins1000 | ip=192.168.151.119 | op=SEND_HEARTBEAT {datanodeUUID=244cdd5c-3558-4577-8146-15a3e7a5ffb6, command=[]} | ret=SUCCESS |  
2019-09-20 09:15:34,165 | INFO  | SCMAudit | user=jenkins1000 | ip=192.168.151.119 | op=SEND_HEARTBEAT {datanodeUUID=244cdd5c-3558-4577-8146-15a3e7a5ffb6, command=[]} | ret=SUCCESS |  
2019-09-20 09:15:34,366 | INFO  | SCMAudit | user=jenkins1000 | ip=192.168.151.119 | op=SEND_HEARTBEAT {datanodeUUID=244cdd5c-3558-4577-8146-15a3e7a5ffb6, command=[]} | ret=SUCCESS |  
2019-09-20 09:15:34,566 | INFO  | SCMAudit | user=jenkins1000 | ip=192.168.151.119 | op=SEND_HEARTBEAT {datanodeUUID=244cdd5c-3558-4577-8146-15a3e7a5ffb6, command=[]} | ret=SUCCESS |  
2019-09-20 09:15:34,766 | INFO  | SCMAudit | user=jenkins1000 | ip=192.168.151.119 | op=SEND_HEARTBEAT {datanodeUUID=244cdd5c-3558-4577-8146-15a3e7a5ffb6, command=[]} | ret=SUCCESS |  
2019-09-20 09:15:34,967 | INFO  | SCMAudit | user=jenkins1000 | ip=192.168.151.119 | op=SEND_HEARTBEAT {datanodeUUID=244cdd5c-3558-4577-8146-15a3e7a5ffb6, command=[]} | ret=SUCCESS |  
2019-09-20 09:15:35,166 | INFO  | SCMAudit | user=jenkins1000 | ip=192.168.151.119 | op=SEND_HEARTBEAT {datanodeUUID=244cdd5c-3558-4577-8146-15a3e7a5ffb6, command=[]} | ret=SUCCESS |  
2019-09-20 09:15:35,367 | INFO  | SCMAudit | user=jenkins1000 | ip=192.168.151.119 | op=SEND_HEARTBEAT {datanodeUUID=244cdd5c-3558-4577-8146-15a3e7a5ffb6, command=[]} | ret=SUCCESS |  
2019-09-20 09:15:35,566 | INFO  | SCMAudit | user=jenkins1000 | ip=192.168.151.119 | op=SEND_HEARTBEAT {datanodeUUID=244cdd5c-3558-4577-8146-15a3e7a5ffb6, command=[]} | ret=SUCCESS |  
2019-09-20 09:15:35,767 | INFO  | SCMAudit | user=jenkins1000 | ip=192.168.151.119 | op=SEND_HEARTBEAT {datanodeUUID=244cdd5c-3558-4577-8146-15a3e7a5ffb6, command=[]} | ret=SUCCESS |  
2019-09-20 09:15:35,967 | INFO  | SCMAudit | user=jenkins1000 | ip=192.168.151.119 | op=SEND_HEARTBEAT {datanodeUUID=244cdd5c-3558-4577-8146-15a3e7a5ffb6, command=[]} | ret=SUCCESS |  
2019-09-20 09:15:36,167 | INFO  | SCMAudit | user=jenkins1000 | ip=192.168.151.119 | op=SEND_HEARTBEAT {datanodeUUID=244cdd5c-3558-4577-8146-15a3e7a5ffb6, command=[]} | ret=SUCCESS |  
2019-09-20 09:15:36,368 | INFO  | SCMAudit | user=jenkins1000 | ip=192.168.151.119 | op=SEND_HEARTBEAT {datanodeUUID=244cdd5c-3558-4577-8146-15a3e7a5ffb6, command=[]} | ret=SUCCESS |  
2019-09-20 09:15:36,567 | INFO  | SCMAudit | user=jenkins1000 | ip=192.168.151.119 | op=SEND_HEARTBEAT {datanodeUUID=244cdd5c-3558-4577-8146-15a3e7a5ffb6, command=[]} | ret=SUCCESS |  
2019-09-20 09:15:36,768 | INFO  | SCMAudit | user=jenkins1000 | ip=192.168.151.119 | op=SEND_HEARTBEAT {datanodeUUID=244cdd5c-3558-4577-8146-15a3e7a5ffb6, command=[]} | ret=SUCCESS |  
2019-09-20 09:15:36,967 | INFO  | SCMAudit | user=jenkins1000 | ip=192.168.151.119 | op=SEND_HEARTBEAT {datanodeUUID=244cdd5c-3558-4577-8146-15a3e7a5ffb6, command=[]} | ret=SUCCESS |  
2019-09-20 09:15:37,168 | INFO  | SCMAudit | user=jenkins1000 | ip=192.168.151.119 | op=SEND_HEARTBEAT {datanodeUUID=244cdd5c-3558-4577-8146-15a3e7a5ffb6, command=[]} | ret=SUCCESS |  
2019-09-20 09:15:37,368 | INFO  | SCMAudit | user=jenkins1000 | ip=192.168.151.119 | op=SEND_HEARTBEAT {datanodeUUID=244cdd5c-3558-4577-8146-15a3e7a5ffb6, command=[]} | ret=SUCCESS |  
2019-09-20 09:15:37,568 | INFO  | SCMAudit | user=jenkins1000 | ip=192.168.151.119 | op=SEND_HEARTBEAT {datanodeUUID=244cdd5c-3558-4577-8146-15a3e7a5ffb6, command=[]} | ret=SUCCESS |  
2019-09-20 09:15:37,768 | INFO  | SCMAudit | user=jenkins1000 | ip=192.168.151.119 | op=SEND_HEARTBEAT {datanodeUUID=244cdd5c-3558-4577-8146-15a3e7a5ffb6, command=[]} | ret=SUCCESS |  
2019-09-20 09:15:37,968 | INFO  | SCMAudit | user=jenkins1000 | ip=192.168.151.119 | op=SEND_HEARTBEAT {datanodeUUID=244cdd5c-3558-4577-8146-15a3e7a5ffb6, command=[]} | ret=SUCCESS |  
2019-09-20 09:15:38,168 | INFO  | SCMAudit | user=jenkins1000 | ip=192.168.151.119 | op=SEND_HEARTBEAT {datanodeUUID=244cdd5c-3558-4577-8146-15a3e7a5ffb6, command=[]} | ret=SUCCESS |  
2019-09-20 09:15:38,369 | INFO  | SCMAudit | user=jenkins1000 | ip=192.168.151.119 | op=SEND_HEARTBEAT {datanodeUUID=244cdd5c-3558-4577-8146-15a3e7a5ffb6, command=[]} | ret=SUCCESS |  
2019-09-20 09:15:38,568 | INFO  | SCMAudit | user=jenkins1000 | ip=192.168.151.119 | op=SEND_HEARTBEAT {datanodeUUID=244cdd5c-3558-4577-8146-15a3e7a5ffb6, command=[]} | ret=SUCCESS |  
2019-09-20 09:15:38,769 | INFO  | SCMAudit | user=jenkins1000 | ip=192.168.151.119 | op=SEND_HEARTBEAT {datanodeUUID=244cdd5c-3558-4577-8146-15a3e7a5ffb6, command=[]} | ret=SUCCESS |  
2019-09-20 09:15:38,968 | INFO  | SCMAudit | user=jenkins1000 | ip=192.168.151.119 | op=SEND_HEARTBEAT {datanodeUUID=244cdd5c-3558-4577-8146-15a3e7a5ffb6, command=[]} | ret=SUCCESS |  
2019-09-20 09:15:39,169 | INFO  | SCMAudit | user=jenkins1000 | ip=192.168.151.119 | op=SEND_HEARTBEAT {datanodeUUID=244cdd5c-3558-4577-8146-15a3e7a5ffb6, command=[]} | ret=SUCCESS |  
2019-09-20 09:15:39,368 | INFO  | SCMAudit | user=jenkins1000 | ip=192.168.151.119 | op=SEND_HEARTBEAT {datanodeUUID=244cdd5c-3558-4577-8146-15a3e7a5ffb6, command=[]} | ret=SUCCESS |  
2019-09-20 09:15:39,569 | INFO  | SCMAudit | user=jenkins1000 | ip=192.168.151.119 | op=SEND_HEARTBEAT {datanodeUUID=244cdd5c-3558-4577-8146-15a3e7a5ffb6, command=[]} | ret=SUCCESS |  
2019-09-20 09:15:39,770 | INFO  | SCMAudit | user=jenkins1000 | ip=192.168.151.119 | op=SEND_HEARTBEAT {datanodeUUID=244cdd5c-3558-4577-8146-15a3e7a5ffb6, command=[]} | ret=SUCCESS |  
2019-09-20 09:15:39,970 | INFO  | SCMAudit | user=jenkins1000 | ip=192.168.151.119 | op=SEND_HEARTBEAT {datanodeUUID=244cdd5c-3558-4577-8146-15a3e7a5ffb6, command=[]} | ret=SUCCESS |  
2019-09-20 09:15:40,170 | INFO  | SCMAudit | user=jenkins1000 | ip=192.168.151.119 | op=SEND_HEARTBEAT {datanodeUUID=244cdd5c-3558-4577-8146-15a3e7a5ffb6, command=[]} | ret=SUCCESS |  
2019-09-20 09:15:40,371 | INFO  | SCMAudit | user=jenkins1000 | ip=192.168.151.119 | op=SEND_HEARTBEAT {datanodeUUID=244cdd5c-3558-4577-8146-15a3e7a5ffb6, command=[]} | ret=SUCCESS |  
2019-09-20 09:15:40,571 | INFO  | SCMAudit | user=jenkins1000 | ip=192.168.151.119 | op=SEND_HEARTBEAT {datanodeUUID=244cdd5c-3558-4577-8146-15a3e7a5ffb6, command=[]} | ret=SUCCESS |  
2019-09-20 09:15:40,770 | INFO  | SCMAudit | user=jenkins1000 | ip=192.168.151.119 | op=SEND_HEARTBEAT {datanodeUUID=244cdd5c-3558-4577-8146-15a3e7a5ffb6, command=[]} | ret=SUCCESS |  
2019-09-20 09:15:40,970 | INFO  | SCMAudit | user=jenkins1000 | ip=192.168.151.119 | op=SEND_HEARTBEAT {datanodeUUID=244cdd5c-3558-4577-8146-15a3e7a5ffb6, command=[]} | ret=SUCCESS |  
2019-09-20 09:15:41,171 | INFO  | SCMAudit | user=jenkins1000 | ip=192.168.151.119 | op=SEND_HEARTBEAT {datanodeUUID=244cdd5c-3558-4577-8146-15a3e7a5ffb6, command=[]} | ret=SUCCESS |  
2019-09-20 09:15:41,370 | INFO  | SCMAudit | user=jenkins1000 | ip=192.168.151.119 | op=SEND_HEARTBEAT {datanodeUUID=244cdd5c-3558-4577-8146-15a3e7a5ffb6, command=[]} | ret=SUCCESS |  
2019-09-20 09:15:41,571 | INFO  | SCMAudit | user=jenkins1000 | ip=192.168.151.119 | op=SEND_HEARTBEAT {datanodeUUID=244cdd5c-3558-4577-8146-15a3e7a5ffb6, command=[]} | ret=SUCCESS |  
2019-09-20 09:15:41,771 | INFO  | SCMAudit | user=jenkins1000 | ip=192.168.151.119 | op=SEND_HEARTBEAT {datanodeUUID=244cdd5c-3558-4577-8146-15a3e7a5ffb6, command=[]} | ret=SUCCESS |  
2019-09-20 09:15:41,971 | INFO  | SCMAudit | user=jenkins1000 | ip=192.168.151.119 | op=SEND_HEARTBEAT {datanodeUUID=244cdd5c-3558-4577-8146-15a3e7a5ffb6, command=[]} | ret=SUCCESS |  
2019-09-20 09:15:42,172 | INFO  | SCMAudit | user=jenkins1000 | ip=192.168.151.119 | op=SEND_HEARTBEAT {datanodeUUID=244cdd5c-3558-4577-8146-15a3e7a5ffb6, command=[]} | ret=SUCCESS |  
2019-09-20 09:15:42,373 | INFO  | SCMAudit | user=jenkins1000 | ip=192.168.151.119 | op=SEND_HEARTBEAT {datanodeUUID=244cdd5c-3558-4577-8146-15a3e7a5ffb6, command=[]} | ret=SUCCESS |  
2019-09-20 09:15:42,572 | INFO  | SCMAudit | user=jenkins1000 | ip=192.168.151.119 | op=SEND_HEARTBEAT {datanodeUUID=244cdd5c-3558-4577-8146-15a3e7a5ffb6, command=[]} | ret=SUCCESS |  
2019-09-20 09:15:42,773 | INFO  | SCMAudit | user=jenkins1000 | ip=192.168.151.119 | op=SEND_HEARTBEAT {datanodeUUID=244cdd5c-3558-4577-8146-15a3e7a5ffb6, command=[]} | ret=SUCCESS |  
2019-09-20 09:15:42,972 | INFO  | SCMAudit | user=jenkins1000 | ip=192.168.151.119 | op=SEND_HEARTBEAT {datanodeUUID=244cdd5c-3558-4577-8146-15a3e7a5ffb6, command=[]} | ret=SUCCESS |  
2019-09-20 09:15:43,172 | INFO  | SCMAudit | user=jenkins1000 | ip=192.168.151.119 | op=SEND_HEARTBEAT {datanodeUUID=244cdd5c-3558-4577-8146-15a3e7a5ffb6, command=[]} | ret=SUCCESS |  
2019-09-20 09:15:43,373 | INFO  | SCMAudit | user=jenkins1000 | ip=192.168.151.119 | op=SEND_HEARTBEAT {datanodeUUID=244cdd5c-3558-4577-8146-15a3e7a5ffb6, command=[]} | ret=SUCCESS |  
2019-09-20 09:15:43,573 | INFO  | SCMAudit | user=jenkins1000 | ip=192.168.151.119 | op=SEND_HEARTBEAT {datanodeUUID=244cdd5c-3558-4577-8146-15a3e7a5ffb6, command=[]} | ret=SUCCESS |  
2019-09-20 09:15:43,773 | INFO  | SCMAudit | user=jenkins1000 | ip=192.168.151.119 | op=SEND_HEARTBEAT {datanodeUUID=244cdd5c-3558-4577-8146-15a3e7a5ffb6, command=[]} | ret=SUCCESS |  
2019-09-20 09:15:43,974 | INFO  | SCMAudit | user=jenkins1000 | ip=192.168.151.119 | op=SEND_HEARTBEAT {datanodeUUID=244cdd5c-3558-4577-8146-15a3e7a5ffb6, command=[]} | ret=SUCCESS |  
2019-09-20 09:15:44,173 | INFO  | SCMAudit | user=jenkins1000 | ip=192.168.151.119 | op=SEND_HEARTBEAT {datanodeUUID=244cdd5c-3558-4577-8146-15a3e7a5ffb6, command=[]} | ret=SUCCESS |  
2019-09-20 09:15:44,373 | INFO  | SCMAudit | user=jenkins1000 | ip=192.168.151.119 | op=SEND_HEARTBEAT {datanodeUUID=244cdd5c-3558-4577-8146-15a3e7a5ffb6, command=[]} | ret=SUCCESS |  
2019-09-20 09:15:44,574 | INFO  | SCMAudit | user=jenkins1000 | ip=192.168.151.119 | op=SEND_HEARTBEAT {datanodeUUID=244cdd5c-3558-4577-8146-15a3e7a5ffb6, command=[]} | ret=SUCCESS |  
2019-09-20 09:15:44,775 | INFO  | SCMAudit | user=jenkins1000 | ip=192.168.151.119 | op=SEND_HEARTBEAT {datanodeUUID=244cdd5c-3558-4577-8146-15a3e7a5ffb6, command=[]} | ret=SUCCESS |  
2019-09-20 09:15:44,973 | INFO  | SCMAudit | user=jenkins1000 | ip=192.168.151.119 | op=SEND_HEARTBEAT {datanodeUUID=244cdd5c-3558-4577-8146-15a3e7a5ffb6, command=[]} | ret=SUCCESS |  
2019-09-20 09:15:45,174 | INFO  | SCMAudit | user=jenkins1000 | ip=192.168.151.119 | op=SEND_HEARTBEAT {datanodeUUID=244cdd5c-3558-4577-8146-15a3e7a5ffb6, command=[]} | ret=SUCCESS |  
2019-09-20 09:15:45,374 | INFO  | SCMAudit | user=jenkins1000 | ip=192.168.151.119 | op=SEND_HEARTBEAT {datanodeUUID=244cdd5c-3558-4577-8146-15a3e7a5ffb6, command=[]} | ret=SUCCESS |  
2019-09-20 09:15:45,574 | INFO  | SCMAudit | user=jenkins1000 | ip=192.168.151.119 | op=SEND_HEARTBEAT {datanodeUUID=244cdd5c-3558-4577-8146-15a3e7a5ffb6, command=[]} | ret=SUCCESS |  
2019-09-20 09:15:45,775 | INFO  | SCMAudit | user=jenkins1000 | ip=192.168.151.119 | op=SEND_HEARTBEAT {datanodeUUID=244cdd5c-3558-4577-8146-15a3e7a5ffb6, command=[]} | ret=SUCCESS |  
2019-09-20 09:15:45,974 | INFO  | SCMAudit | user=jenkins1000 | ip=192.168.151.119 | op=SEND_HEARTBEAT {datanodeUUID=244cdd5c-3558-4577-8146-15a3e7a5ffb6, command=[]} | ret=SUCCESS |  
2019-09-20 09:15:46,174 | INFO  | SCMAudit | user=jenkins1000 | ip=192.168.151.119 | op=SEND_HEARTBEAT {datanodeUUID=244cdd5c-3558-4577-8146-15a3e7a5ffb6, command=[]} | ret=SUCCESS |  
2019-09-20 09:15:46,379 | INFO  | SCMAudit | user=jenkins1000 | ip=192.168.151.119 | op=SEND_HEARTBEAT {datanodeUUID=244cdd5c-3558-4577-8146-15a3e7a5ffb6, command=[]} | ret=SUCCESS |  
2019-09-20 09:15:46,574 | INFO  | SCMAudit | user=jenkins1000 | ip=192.168.151.119 | op=SEND_HEARTBEAT {datanodeUUID=244cdd5c-3558-4577-8146-15a3e7a5ffb6, command=[]} | ret=SUCCESS |  
2019-09-20 09:15:46,775 | INFO  | SCMAudit | user=jenkins1000 | ip=192.168.151.119 | op=SEND_HEARTBEAT {datanodeUUID=244cdd5c-3558-4577-8146-15a3e7a5ffb6, command=[]} | ret=SUCCESS |  
2019-09-20 09:15:46,975 | INFO  | SCMAudit | user=jenkins1000 | ip=192.168.151.119 | op=SEND_HEARTBEAT {datanodeUUID=244cdd5c-3558-4577-8146-15a3e7a5ffb6, command=[]} | ret=SUCCESS |  
2019-09-20 09:15:47,175 | INFO  | SCMAudit | user=jenkins1000 | ip=192.168.151.119 | op=SEND_HEARTBEAT {datanodeUUID=244cdd5c-3558-4577-8146-15a3e7a5ffb6, command=[]} | ret=SUCCESS |  
2019-09-20 09:15:47,374 | INFO  | SCMAudit | user=jenkins1000 | ip=192.168.151.119 | op=SEND_HEARTBEAT {datanodeUUID=244cdd5c-3558-4577-8146-15a3e7a5ffb6, command=[]} | ret=SUCCESS |  
2019-09-20 09:15:47,575 | INFO  | SCMAudit | user=jenkins1000 | ip=192.168.151.119 | op=SEND_HEARTBEAT {datanodeUUID=244cdd5c-3558-4577-8146-15a3e7a5ffb6, command=[]} | ret=SUCCESS |  
2019-09-20 09:15:47,774 | INFO  | SCMAudit | user=jenkins1000 | ip=192.168.151.119 | op=SEND_HEARTBEAT {datanodeUUID=244cdd5c-3558-4577-8146-15a3e7a5ffb6, command=[]} | ret=SUCCESS |  
2019-09-20 09:15:47,975 | INFO  | SCMAudit | user=jenkins1000 | ip=192.168.151.119 | op=SEND_HEARTBEAT {datanodeUUID=244cdd5c-3558-4577-8146-15a3e7a5ffb6, command=[]} | ret=SUCCESS |  
2019-09-20 09:15:48,175 | INFO  | SCMAudit | user=jenkins1000 | ip=192.168.151.119 | op=SEND_HEARTBEAT {datanodeUUID=244cdd5c-3558-4577-8146-15a3e7a5ffb6, command=[]} | ret=SUCCESS |  
2019-09-20 09:15:48,376 | INFO  | SCMAudit | user=jenkins1000 | ip=192.168.151.119 | op=SEND_HEARTBEAT {datanodeUUID=244cdd5c-3558-4577-8146-15a3e7a5ffb6, command=[]} | ret=SUCCESS |  
2019-09-20 09:15:48,575 | INFO  | SCMAudit | user=jenkins1000 | ip=192.168.151.119 | op=SEND_HEARTBEAT {datanodeUUID=244cdd5c-3558-4577-8146-15a3e7a5ffb6, command=[]} | ret=SUCCESS |  
2019-09-20 09:15:48,776 | INFO  | SCMAudit | user=jenkins1000 | ip=192.168.151.119 | op=SEND_HEARTBEAT {datanodeUUID=244cdd5c-3558-4577-8146-15a3e7a5ffb6, command=[]} | ret=SUCCESS |  
2019-09-20 09:15:48,976 | INFO  | SCMAudit | user=jenkins1000 | ip=192.168.151.119 | op=SEND_HEARTBEAT {datanodeUUID=244cdd5c-3558-4577-8146-15a3e7a5ffb6, command=[]} | ret=SUCCESS |  
2019-09-20 09:15:49,176 | INFO  | SCMAudit | user=jenkins1000 | ip=192.168.151.119 | op=SEND_HEARTBEAT {datanodeUUID=244cdd5c-3558-4577-8146-15a3e7a5ffb6, command=[]} | ret=SUCCESS |  
2019-09-20 09:15:49,377 | INFO  | SCMAudit | user=jenkins1000 | ip=192.168.151.119 | op=SEND_HEARTBEAT {datanodeUUID=244cdd5c-3558-4577-8146-15a3e7a5ffb6, command=[]} | ret=SUCCESS |  
2019-09-20 09:15:49,576 | INFO  | SCMAudit | user=jenkins1000 | ip=192.168.151.119 | op=SEND_HEARTBEAT {datanodeUUID=244cdd5c-3558-4577-8146-15a3e7a5ffb6, command=[]} | ret=SUCCESS |  
2019-09-20 09:15:49,777 | INFO  | SCMAudit | user=jenkins1000 | ip=192.168.151.119 | op=SEND_HEARTBEAT {datanodeUUID=244cdd5c-3558-4577-8146-15a3e7a5ffb6, command=[]} | ret=SUCCESS |  
2019-09-20 09:15:49,976 | INFO  | SCMAudit | user=jenkins1000 | ip=192.168.151.119 | op=SEND_HEARTBEAT {datanodeUUID=244cdd5c-3558-4577-8146-15a3e7a5ffb6, command=[]} | ret=SUCCESS |  
2019-09-20 09:15:50,176 | INFO  | SCMAudit | user=jenkins1000 | ip=192.168.151.119 | op=SEND_HEARTBEAT {datanodeUUID=244cdd5c-3558-4577-8146-15a3e7a5ffb6, command=[]} | ret=SUCCESS |  
2019-09-20 09:15:50,377 | INFO  | SCMAudit | user=jenkins1000 | ip=192.168.151.119 | op=SEND_HEARTBEAT {datanodeUUID=244cdd5c-3558-4577-8146-15a3e7a5ffb6, command=[]} | ret=SUCCESS |  
2019-09-20 09:15:50,577 | INFO  | SCMAudit | user=jenkins1000 | ip=192.168.151.119 | op=SEND_HEARTBEAT {datanodeUUID=244cdd5c-3558-4577-8146-15a3e7a5ffb6, command=[]} | ret=SUCCESS |  
2019-09-20 09:15:50,776 | INFO  | SCMAudit | user=jenkins1000 | ip=192.168.151.119 | op=SEND_HEARTBEAT {datanodeUUID=244cdd5c-3558-4577-8146-15a3e7a5ffb6, command=[]} | ret=SUCCESS |  
2019-09-20 09:15:50,976 | INFO  | SCMAudit | user=jenkins1000 | ip=192.168.151.119 | op=SEND_HEARTBEAT {datanodeUUID=244cdd5c-3558-4577-8146-15a3e7a5ffb6, command=[]} | ret=SUCCESS |  
2019-09-20 09:15:51,177 | INFO  | SCMAudit | user=jenkins1000 | ip=192.168.151.119 | op=SEND_HEARTBEAT {datanodeUUID=244cdd5c-3558-4577-8146-15a3e7a5ffb6, command=[]} | ret=SUCCESS |  
2019-09-20 09:15:51,378 | INFO  | SCMAudit | user=jenkins1000 | ip=192.168.151.119 | op=SEND_HEARTBEAT {datanodeUUID=244cdd5c-3558-4577-8146-15a3e7a5ffb6, command=[]} | ret=SUCCESS |  
2019-09-20 09:15:51,577 | INFO  | SCMAudit | user=jenkins1000 | ip=192.168.151.119 | op=SEND_HEARTBEAT {datanodeUUID=244cdd5c-3558-4577-8146-15a3e7a5ffb6, command=[]} | ret=SUCCESS |  
2019-09-20 09:15:51,778 | INFO  | SCMAudit | user=jenkins1000 | ip=192.168.151.119 | op=SEND_HEARTBEAT {datanodeUUID=244cdd5c-3558-4577-8146-15a3e7a5ffb6, command=[]} | ret=SUCCESS |  
2019-09-20 09:15:51,977 | INFO  | SCMAudit | user=jenkins1000 | ip=192.168.151.119 | op=SEND_HEARTBEAT {datanodeUUID=244cdd5c-3558-4577-8146-15a3e7a5ffb6, command=[]} | ret=SUCCESS |  
2019-09-20 09:15:52,178 | INFO  | SCMAudit | user=jenkins1000 | ip=192.168.151.119 | op=SEND_HEARTBEAT {datanodeUUID=244cdd5c-3558-4577-8146-15a3e7a5ffb6, command=[]} | ret=SUCCESS |  
2019-09-20 09:15:52,378 | INFO  | SCMAudit | user=jenkins1000 | ip=192.168.151.119 | op=SEND_HEARTBEAT {datanodeUUID=244cdd5c-3558-4577-8146-15a3e7a5ffb6, command=[]} | ret=SUCCESS |  
2019-09-20 09:15:52,579 | INFO  | SCMAudit | user=jenkins1000 | ip=192.168.151.119 | op=SEND_HEARTBEAT {datanodeUUID=244cdd5c-3558-4577-8146-15a3e7a5ffb6, command=[]} | ret=SUCCESS |  
2019-09-20 09:15:52,778 | INFO  | SCMAudit | user=jenkins1000 | ip=192.168.151.119 | op=SEND_HEARTBEAT {datanodeUUID=244cdd5c-3558-4577-8146-15a3e7a5ffb6, command=[]} | ret=SUCCESS |  
2019-09-20 09:15:52,979 | INFO  | SCMAudit | user=jenkins1000 | ip=192.168.151.119 | op=SEND_HEARTBEAT {datanodeUUID=244cdd5c-3558-4577-8146-15a3e7a5ffb6, command=[]} | ret=SUCCESS |  
2019-09-20 09:15:53,179 | INFO  | SCMAudit | user=jenkins1000 | ip=192.168.151.119 | op=SEND_HEARTBEAT {datanodeUUID=244cdd5c-3558-4577-8146-15a3e7a5ffb6, command=[]} | ret=SUCCESS |  
2019-09-20 09:15:53,380 | INFO  | SCMAudit | user=jenkins1000 | ip=192.168.151.119 | op=SEND_HEARTBEAT {datanodeUUID=244cdd5c-3558-4577-8146-15a3e7a5ffb6, command=[]} | ret=SUCCESS |  
2019-09-20 09:15:53,579 | INFO  | SCMAudit | user=jenkins1000 | ip=192.168.151.119 | op=SEND_HEARTBEAT {datanodeUUID=244cdd5c-3558-4577-8146-15a3e7a5ffb6, command=[]} | ret=SUCCESS |  
2019-09-20 09:15:53,779 | INFO  | SCMAudit | user=jenkins1000 | ip=192.168.151.119 | op=SEND_HEARTBEAT {datanodeUUID=244cdd5c-3558-4577-8146-15a3e7a5ffb6, command=[]} | ret=SUCCESS |  
2019-09-20 09:15:53,980 | INFO  | SCMAudit | user=jenkins1000 | ip=192.168.151.119 | op=SEND_HEARTBEAT {datanodeUUID=244cdd5c-3558-4577-8146-15a3e7a5ffb6, command=[]} | ret=SUCCESS |  
2019-09-20 09:15:54,179 | INFO  | SCMAudit | user=jenkins1000 | ip=192.168.151.119 | op=SEND_HEARTBEAT {datanodeUUID=244cdd5c-3558-4577-8146-15a3e7a5ffb6, command=[]} | ret=SUCCESS |  
2019-09-20 09:15:54,380 | INFO  | SCMAudit | user=jenkins1000 | ip=192.168.151.119 | op=SEND_HEARTBEAT {datanodeUUID=244cdd5c-3558-4577-8146-15a3e7a5ffb6, command=[]} | ret=SUCCESS |  
2019-09-20 09:15:54,579 | INFO  | SCMAudit | user=jenkins1000 | ip=192.168.151.119 | op=SEND_HEARTBEAT {datanodeUUID=244cdd5c-3558-4577-8146-15a3e7a5ffb6, command=[]} | ret=SUCCESS |  
2019-09-20 09:15:54,780 | INFO  | SCMAudit | user=jenkins1000 | ip=192.168.151.119 | op=SEND_HEARTBEAT {datanodeUUID=244cdd5c-3558-4577-8146-15a3e7a5ffb6, command=[]} | ret=SUCCESS |  
2019-09-20 09:15:54,979 | INFO  | SCMAudit | user=jenkins1000 | ip=192.168.151.119 | op=SEND_HEARTBEAT {datanodeUUID=244cdd5c-3558-4577-8146-15a3e7a5ffb6, command=[]} | ret=SUCCESS |  
2019-09-20 09:15:55,179 | INFO  | SCMAudit | user=jenkins1000 | ip=192.168.151.119 | op=SEND_HEARTBEAT {datanodeUUID=244cdd5c-3558-4577-8146-15a3e7a5ffb6, command=[]} | ret=SUCCESS |  
2019-09-20 09:15:55,380 | INFO  | SCMAudit | user=jenkins1000 | ip=192.168.151.119 | op=SEND_HEARTBEAT {datanodeUUID=244cdd5c-3558-4577-8146-15a3e7a5ffb6, command=[]} | ret=SUCCESS |  
2019-09-20 09:15:55,580 | INFO  | SCMAudit | user=jenkins1000 | ip=192.168.151.119 | op=SEND_HEARTBEAT {datanodeUUID=244cdd5c-3558-4577-8146-15a3e7a5ffb6, command=[]} | ret=SUCCESS |  
2019-09-20 09:15:55,780 | INFO  | SCMAudit | user=jenkins1000 | ip=192.168.151.119 | op=SEND_HEARTBEAT {datanodeUUID=244cdd5c-3558-4577-8146-15a3e7a5ffb6, command=[]} | ret=SUCCESS |  
2019-09-20 09:15:55,979 | INFO  | SCMAudit | user=jenkins1000 | ip=192.168.151.119 | op=SEND_HEARTBEAT {datanodeUUID=244cdd5c-3558-4577-8146-15a3e7a5ffb6, command=[]} | ret=SUCCESS |  
2019-09-20 09:15:56,180 | INFO  | SCMAudit | user=jenkins1000 | ip=192.168.151.119 | op=SEND_HEARTBEAT {datanodeUUID=244cdd5c-3558-4577-8146-15a3e7a5ffb6, command=[]} | ret=SUCCESS |  
2019-09-20 09:15:56,379 | INFO  | SCMAudit | user=jenkins1000 | ip=192.168.151.119 | op=SEND_HEARTBEAT {datanodeUUID=244cdd5c-3558-4577-8146-15a3e7a5ffb6, command=[]} | ret=SUCCESS |  
2019-09-20 09:15:56,580 | INFO  | SCMAudit | user=jenkins1000 | ip=192.168.151.119 | op=SEND_HEARTBEAT {datanodeUUID=244cdd5c-3558-4577-8146-15a3e7a5ffb6, command=[]} | ret=SUCCESS |  
2019-09-20 09:15:56,779 | INFO  | SCMAudit | user=jenkins1000 | ip=192.168.151.119 | op=SEND_HEARTBEAT {datanodeUUID=244cdd5c-3558-4577-8146-15a3e7a5ffb6, command=[]} | ret=SUCCESS |  
2019-09-20 09:15:56,979 | INFO  | SCMAudit | user=jenkins1000 | ip=192.168.151.119 | op=SEND_HEARTBEAT {datanodeUUID=244cdd5c-3558-4577-8146-15a3e7a5ffb6, command=[]} | ret=SUCCESS |  
2019-09-20 09:15:57,180 | INFO  | SCMAudit | user=jenkins1000 | ip=192.168.151.119 | op=SEND_HEARTBEAT {datanodeUUID=244cdd5c-3558-4577-8146-15a3e7a5ffb6, command=[]} | ret=SUCCESS |  
2019-09-20 09:15:57,379 | INFO  | SCMAudit | user=jenkins1000 | ip=192.168.151.119 | op=SEND_HEARTBEAT {datanodeUUID=244cdd5c-3558-4577-8146-15a3e7a5ffb6, command=[]} | ret=SUCCESS |  
2019-09-20 09:15:57,579 | INFO  | SCMAudit | user=jenkins1000 | ip=192.168.151.119 | op=SEND_HEARTBEAT {datanodeUUID=244cdd5c-3558-4577-8146-15a3e7a5ffb6, command=[]} | ret=SUCCESS |  
2019-09-20 09:15:57,780 | INFO  | SCMAudit | user=jenkins1000 | ip=192.168.151.119 | op=SEND_HEARTBEAT {datanodeUUID=244cdd5c-3558-4577-8146-15a3e7a5ffb6, command=[]} | ret=SUCCESS |  
2019-09-20 09:15:57,980 | INFO  | SCMAudit | user=jenkins1000 | ip=192.168.151.119 | op=SEND_HEARTBEAT {datanodeUUID=244cdd5c-3558-4577-8146-15a3e7a5ffb6, command=[]} | ret=SUCCESS |  
2019-09-20 09:15:58,180 | INFO  | SCMAudit | user=jenkins1000 | ip=192.168.151.119 | op=SEND_HEARTBEAT {datanodeUUID=244cdd5c-3558-4577-8146-15a3e7a5ffb6, command=[]} | ret=SUCCESS |  
2019-09-20 09:15:58,381 | INFO  | SCMAudit | user=jenkins1000 | ip=192.168.151.119 | op=SEND_HEARTBEAT {datanodeUUID=244cdd5c-3558-4577-8146-15a3e7a5ffb6, command=[]} | ret=SUCCESS |  
2019-09-20 09:15:58,581 | INFO  | SCMAudit | user=jenkins1000 | ip=192.168.151.119 | op=SEND_HEARTBEAT {datanodeUUID=244cdd5c-3558-4577-8146-15a3e7a5ffb6, command=[]} | ret=SUCCESS |  
2019-09-20 09:15:58,780 | INFO  | SCMAudit | user=jenkins1000 | ip=192.168.151.119 | op=SEND_HEARTBEAT {datanodeUUID=244cdd5c-3558-4577-8146-15a3e7a5ffb6, command=[]} | ret=SUCCESS |  
2019-09-20 09:15:58,981 | INFO  | SCMAudit | user=jenkins1000 | ip=192.168.151.119 | op=SEND_HEARTBEAT {datanodeUUID=244cdd5c-3558-4577-8146-15a3e7a5ffb6, command=[]} | ret=SUCCESS |  
2019-09-20 09:15:59,180 | INFO  | SCMAudit | user=jenkins1000 | ip=192.168.151.119 | op=SEND_HEARTBEAT {datanodeUUID=244cdd5c-3558-4577-8146-15a3e7a5ffb6, command=[]} | ret=SUCCESS |  
2019-09-20 09:15:59,380 | INFO  | SCMAudit | user=jenkins1000 | ip=192.168.151.119 | op=SEND_HEARTBEAT {datanodeUUID=244cdd5c-3558-4577-8146-15a3e7a5ffb6, command=[]} | ret=SUCCESS |  
2019-09-20 09:15:59,581 | INFO  | SCMAudit | user=jenkins1000 | ip=192.168.151.119 | op=SEND_HEARTBEAT {datanodeUUID=244cdd5c-3558-4577-8146-15a3e7a5ffb6, command=[]} | ret=SUCCESS |  
2019-09-20 09:15:59,781 | INFO  | SCMAudit | user=jenkins1000 | ip=192.168.151.119 | op=SEND_HEARTBEAT {datanodeUUID=244cdd5c-3558-4577-8146-15a3e7a5ffb6, command=[]} | ret=SUCCESS |  
2019-09-20 09:15:59,980 | INFO  | SCMAudit | user=jenkins1000 | ip=192.168.151.119 | op=SEND_HEARTBEAT {datanodeUUID=244cdd5c-3558-4577-8146-15a3e7a5ffb6, command=[]} | ret=SUCCESS |  
2019-09-20 09:16:00,180 | INFO  | SCMAudit | user=jenkins1000 | ip=192.168.151.119 | op=SEND_HEARTBEAT {datanodeUUID=244cdd5c-3558-4577-8146-15a3e7a5ffb6, command=[]} | ret=SUCCESS |  
2019-09-20 09:16:00,381 | INFO  | SCMAudit | user=jenkins1000 | ip=192.168.151.119 | op=SEND_HEARTBEAT {datanodeUUID=244cdd5c-3558-4577-8146-15a3e7a5ffb6, command=[]} | ret=SUCCESS |  
2019-09-20 09:16:00,581 | INFO  | SCMAudit | user=jenkins1000 | ip=192.168.151.119 | op=SEND_HEARTBEAT {datanodeUUID=244cdd5c-3558-4577-8146-15a3e7a5ffb6, command=[]} | ret=SUCCESS |  
2019-09-20 09:16:00,781 | INFO  | SCMAudit | user=jenkins1000 | ip=192.168.151.119 | op=SEND_HEARTBEAT {datanodeUUID=244cdd5c-3558-4577-8146-15a3e7a5ffb6, command=[]} | ret=SUCCESS |  
2019-09-20 09:16:00,980 | INFO  | SCMAudit | user=jenkins1000 | ip=192.168.151.119 | op=SEND_HEARTBEAT {datanodeUUID=244cdd5c-3558-4577-8146-15a3e7a5ffb6, command=[]} | ret=SUCCESS |  
2019-09-20 09:16:01,181 | INFO  | SCMAudit | user=jenkins1000 | ip=192.168.151.119 | op=SEND_HEARTBEAT {datanodeUUID=244cdd5c-3558-4577-8146-15a3e7a5ffb6, command=[]} | ret=SUCCESS |  
2019-09-20 09:16:01,381 | INFO  | SCMAudit | user=jenkins1000 | ip=192.168.151.119 | op=SEND_HEARTBEAT {datanodeUUID=244cdd5c-3558-4577-8146-15a3e7a5ffb6, command=[]} | ret=SUCCESS |  
2019-09-20 09:16:01,582 | INFO  | SCMAudit | user=jenkins1000 | ip=192.168.151.119 | op=SEND_HEARTBEAT {datanodeUUID=244cdd5c-3558-4577-8146-15a3e7a5ffb6, command=[]} | ret=SUCCESS |  
2019-09-20 09:16:01,781 | INFO  | SCMAudit | user=jenkins1000 | ip=192.168.151.119 | op=SEND_HEARTBEAT {datanodeUUID=244cdd5c-3558-4577-8146-15a3e7a5ffb6, command=[]} | ret=SUCCESS |  
2019-09-20 09:16:01,982 | INFO  | SCMAudit | user=jenkins1000 | ip=192.168.151.119 | op=SEND_HEARTBEAT {datanodeUUID=244cdd5c-3558-4577-8146-15a3e7a5ffb6, command=[]} | ret=SUCCESS |  
2019-09-20 09:16:02,181 | INFO  | SCMAudit | user=jenkins1000 | ip=192.168.151.119 | op=SEND_HEARTBEAT {datanodeUUID=244cdd5c-3558-4577-8146-15a3e7a5ffb6, command=[]} | ret=SUCCESS |  
2019-09-20 09:16:02,382 | INFO  | SCMAudit | user=jenkins1000 | ip=192.168.151.119 | op=SEND_HEARTBEAT {datanodeUUID=244cdd5c-3558-4577-8146-15a3e7a5ffb6, command=[]} | ret=SUCCESS |  
2019-09-20 09:16:02,583 | INFO  | SCMAudit | user=jenkins1000 | ip=192.168.151.119 | op=SEND_HEARTBEAT {datanodeUUID=244cdd5c-3558-4577-8146-15a3e7a5ffb6, command=[]} | ret=SUCCESS |  
2019-09-20 09:16:02,782 | INFO  | SCMAudit | user=jenkins1000 | ip=192.168.151.119 | op=SEND_HEARTBEAT {datanodeUUID=244cdd5c-3558-4577-8146-15a3e7a5ffb6, command=[]} | ret=SUCCESS |  
2019-09-20 09:16:02,983 | INFO  | SCMAudit | user=jenkins1000 | ip=192.168.151.119 | op=SEND_HEARTBEAT {datanodeUUID=244cdd5c-3558-4577-8146-15a3e7a5ffb6, command=[]} | ret=SUCCESS |  
2019-09-20 09:16:03,182 | INFO  | SCMAudit | user=jenkins1000 | ip=192.168.151.119 | op=SEND_HEARTBEAT {datanodeUUID=244cdd5c-3558-4577-8146-15a3e7a5ffb6, command=[]} | ret=SUCCESS |  
2019-09-20 09:16:03,383 | INFO  | SCMAudit | user=jenkins1000 | ip=192.168.151.119 | op=SEND_HEARTBEAT {datanodeUUID=244cdd5c-3558-4577-8146-15a3e7a5ffb6, command=[]} | ret=SUCCESS |  
2019-09-20 09:16:03,583 | INFO  | SCMAudit | user=jenkins1000 | ip=192.168.151.119 | op=SEND_HEARTBEAT {datanodeUUID=244cdd5c-3558-4577-8146-15a3e7a5ffb6, command=[]} | ret=SUCCESS |  
2019-09-20 09:16:03,783 | INFO  | SCMAudit | user=jenkins1000 | ip=192.168.151.119 | op=SEND_HEARTBEAT {datanodeUUID=244cdd5c-3558-4577-8146-15a3e7a5ffb6, command=[]} | ret=SUCCESS |  
2019-09-20 09:16:03,983 | INFO  | SCMAudit | user=jenkins1000 | ip=192.168.151.119 | op=SEND_HEARTBEAT {datanodeUUID=244cdd5c-3558-4577-8146-15a3e7a5ffb6, command=[]} | ret=SUCCESS |  
2019-09-20 09:16:04,184 | INFO  | SCMAudit | user=jenkins1000 | ip=192.168.151.119 | op=SEND_HEARTBEAT {datanodeUUID=244cdd5c-3558-4577-8146-15a3e7a5ffb6, command=[]} | ret=SUCCESS |  
2019-09-20 09:16:04,383 | INFO  | SCMAudit | user=jenkins1000 | ip=192.168.151.119 | op=SEND_HEARTBEAT {datanodeUUID=244cdd5c-3558-4577-8146-15a3e7a5ffb6, command=[]} | ret=SUCCESS |  
2019-09-20 09:16:04,584 | INFO  | SCMAudit | user=jenkins1000 | ip=192.168.151.119 | op=SEND_HEARTBEAT {datanodeUUID=244cdd5c-3558-4577-8146-15a3e7a5ffb6, command=[]} | ret=SUCCESS |  
2019-09-20 09:16:04,784 | INFO  | SCMAudit | user=jenkins1000 | ip=192.168.151.119 | op=SEND_HEARTBEAT {datanodeUUID=244cdd5c-3558-4577-8146-15a3e7a5ffb6, command=[]} | ret=SUCCESS |  
2019-09-20 09:16:04,984 | INFO  | SCMAudit | user=jenkins1000 | ip=192.168.151.119 | op=SEND_HEARTBEAT {datanodeUUID=244cdd5c-3558-4577-8146-15a3e7a5ffb6, command=[]} | ret=SUCCESS |  
2019-09-20 09:16:05,183 | INFO  | SCMAudit | user=jenkins1000 | ip=192.168.151.119 | op=SEND_HEARTBEAT {datanodeUUID=244cdd5c-3558-4577-8146-15a3e7a5ffb6, command=[]} | ret=SUCCESS |  
2019-09-20 09:16:05,384 | INFO  | SCMAudit | user=jenkins1000 | ip=192.168.151.119 | op=SEND_HEARTBEAT {datanodeUUID=244cdd5c-3558-4577-8146-15a3e7a5ffb6, command=[]} | ret=SUCCESS |  
2019-09-20 09:16:05,583 | INFO  | SCMAudit | user=jenkins1000 | ip=192.168.151.119 | op=SEND_HEARTBEAT {datanodeUUID=244cdd5c-3558-4577-8146-15a3e7a5ffb6, command=[]} | ret=SUCCESS |  
2019-09-20 09:16:05,783 | INFO  | SCMAudit | user=jenkins1000 | ip=192.168.151.119 | op=SEND_HEARTBEAT {datanodeUUID=244cdd5c-3558-4577-8146-15a3e7a5ffb6, command=[]} | ret=SUCCESS |  
2019-09-20 09:16:05,983 | INFO  | SCMAudit | user=jenkins1000 | ip=192.168.151.119 | op=SEND_HEARTBEAT {datanodeUUID=244cdd5c-3558-4577-8146-15a3e7a5ffb6, command=[]} | ret=SUCCESS |  
2019-09-20 09:16:06,184 | INFO  | SCMAudit | user=jenkins1000 | ip=192.168.151.119 | op=SEND_HEARTBEAT {datanodeUUID=244cdd5c-3558-4577-8146-15a3e7a5ffb6, command=[]} | ret=SUCCESS |  
2019-09-20 09:16:06,383 | INFO  | SCMAudit | user=jenkins1000 | ip=192.168.151.119 | op=SEND_HEARTBEAT {datanodeUUID=244cdd5c-3558-4577-8146-15a3e7a5ffb6, command=[]} | ret=SUCCESS |  
2019-09-20 09:16:06,583 | INFO  | SCMAudit | user=jenkins1000 | ip=192.168.151.119 | op=SEND_HEARTBEAT {datanodeUUID=244cdd5c-3558-4577-8146-15a3e7a5ffb6, command=[]} | ret=SUCCESS |  
2019-09-20 09:16:06,784 | INFO  | SCMAudit | user=jenkins1000 | ip=192.168.151.119 | op=SEND_HEARTBEAT {datanodeUUID=244cdd5c-3558-4577-8146-15a3e7a5ffb6, command=[]} | ret=SUCCESS |  
2019-09-20 09:16:06,984 | INFO  | SCMAudit | user=jenkins1000 | ip=192.168.151.119 | op=SEND_HEARTBEAT {datanodeUUID=244cdd5c-3558-4577-8146-15a3e7a5ffb6, command=[]} | ret=SUCCESS |  
2019-09-20 09:16:07,184 | INFO  | SCMAudit | user=jenkins1000 | ip=192.168.151.119 | op=SEND_HEARTBEAT {datanodeUUID=244cdd5c-3558-4577-8146-15a3e7a5ffb6, command=[]} | ret=SUCCESS |  
2019-09-20 09:16:07,384 | INFO  | SCMAudit | user=jenkins1000 | ip=192.168.151.119 | op=SEND_HEARTBEAT {datanodeUUID=244cdd5c-3558-4577-8146-15a3e7a5ffb6, command=[]} | ret=SUCCESS |  
2019-09-20 09:16:07,584 | INFO  | SCMAudit | user=jenkins1000 | ip=192.168.151.119 | op=SEND_HEARTBEAT {datanodeUUID=244cdd5c-3558-4577-8146-15a3e7a5ffb6, command=[]} | ret=SUCCESS |  
2019-09-20 09:16:07,785 | INFO  | SCMAudit | user=jenkins1000 | ip=192.168.151.119 | op=SEND_HEARTBEAT {datanodeUUID=244cdd5c-3558-4577-8146-15a3e7a5ffb6, command=[]} | ret=SUCCESS |  
2019-09-20 09:16:07,985 | INFO  | SCMAudit | user=jenkins1000 | ip=192.168.151.119 | op=SEND_HEARTBEAT {datanodeUUID=244cdd5c-3558-4577-8146-15a3e7a5ffb6, command=[]} | ret=SUCCESS |  
2019-09-20 09:16:08,184 | INFO  | SCMAudit | user=jenkins1000 | ip=192.168.151.119 | op=SEND_HEARTBEAT {datanodeUUID=244cdd5c-3558-4577-8146-15a3e7a5ffb6, command=[]} | ret=SUCCESS |  
2019-09-20 09:16:08,385 | INFO  | SCMAudit | user=jenkins1000 | ip=192.168.151.119 | op=SEND_HEARTBEAT {datanodeUUID=244cdd5c-3558-4577-8146-15a3e7a5ffb6, command=[]} | ret=SUCCESS |  
2019-09-20 09:16:08,585 | INFO  | SCMAudit | user=jenkins1000 | ip=192.168.151.119 | op=SEND_HEARTBEAT {datanodeUUID=244cdd5c-3558-4577-8146-15a3e7a5ffb6, command=[]} | ret=SUCCESS |  
2019-09-20 09:16:08,786 | INFO  | SCMAudit | user=jenkins1000 | ip=192.168.151.119 | op=SEND_HEARTBEAT {datanodeUUID=244cdd5c-3558-4577-8146-15a3e7a5ffb6, command=[]} | ret=SUCCESS |  
2019-09-20 09:16:08,986 | INFO  | SCMAudit | user=jenkins1000 | ip=192.168.151.119 | op=SEND_HEARTBEAT {datanodeUUID=244cdd5c-3558-4577-8146-15a3e7a5ffb6, command=[]} | ret=SUCCESS |  
2019-09-20 09:16:09,186 | INFO  | SCMAudit | user=jenkins1000 | ip=192.168.151.119 | op=SEND_HEARTBEAT {datanodeUUID=244cdd5c-3558-4577-8146-15a3e7a5ffb6, command=[]} | ret=SUCCESS |  
2019-09-20 09:16:09,387 | INFO  | SCMAudit | user=jenkins1000 | ip=192.168.151.119 | op=SEND_HEARTBEAT {datanodeUUID=244cdd5c-3558-4577-8146-15a3e7a5ffb6, command=[]} | ret=SUCCESS |  
2019-09-20 09:16:09,586 | INFO  | SCMAudit | user=jenkins1000 | ip=192.168.151.119 | op=SEND_HEARTBEAT {datanodeUUID=244cdd5c-3558-4577-8146-15a3e7a5ffb6, command=[]} | ret=SUCCESS |  
2019-09-20 09:16:09,787 | INFO  | SCMAudit | user=jenkins1000 | ip=192.168.151.119 | op=SEND_HEARTBEAT {datanodeUUID=244cdd5c-3558-4577-8146-15a3e7a5ffb6, command=[]} | ret=SUCCESS |  
2019-09-20 09:16:09,987 | INFO  | SCMAudit | user=jenkins1000 | ip=192.168.151.119 | op=SEND_HEARTBEAT {datanodeUUID=244cdd5c-3558-4577-8146-15a3e7a5ffb6, command=[]} | ret=SUCCESS |  
2019-09-20 09:16:10,186 | INFO  | SCMAudit | user=jenkins1000 | ip=192.168.151.119 | op=SEND_HEARTBEAT {datanodeUUID=244cdd5c-3558-4577-8146-15a3e7a5ffb6, command=[]} | ret=SUCCESS |  
2019-09-20 09:16:10,387 | INFO  | SCMAudit | user=jenkins1000 | ip=192.168.151.119 | op=SEND_HEARTBEAT {datanodeUUID=244cdd5c-3558-4577-8146-15a3e7a5ffb6, command=[]} | ret=SUCCESS |  
2019-09-20 09:16:10,587 | INFO  | SCMAudit | user=jenkins1000 | ip=192.168.151.119 | op=SEND_HEARTBEAT {datanodeUUID=244cdd5c-3558-4577-8146-15a3e7a5ffb6, command=[]} | ret=SUCCESS |  
2019-09-20 09:16:10,787 | INFO  | SCMAudit | user=jenkins1000 | ip=192.168.151.119 | op=SEND_HEARTBEAT {datanodeUUID=244cdd5c-3558-4577-8146-15a3e7a5ffb6, command=[]} | ret=SUCCESS |  
2019-09-20 09:16:10,988 | INFO  | SCMAudit | user=jenkins1000 | ip=192.168.151.119 | op=SEND_HEARTBEAT {datanodeUUID=244cdd5c-3558-4577-8146-15a3e7a5ffb6, command=[]} | ret=SUCCESS |  
2019-09-20 09:16:11,187 | INFO  | SCMAudit | user=jenkins1000 | ip=192.168.151.119 | op=SEND_HEARTBEAT {datanodeUUID=244cdd5c-3558-4577-8146-15a3e7a5ffb6, command=[]} | ret=SUCCESS |  
2019-09-20 09:16:11,387 | INFO  | SCMAudit | user=jenkins1000 | ip=192.168.151.119 | op=SEND_HEARTBEAT {datanodeUUID=244cdd5c-3558-4577-8146-15a3e7a5ffb6, command=[]} | ret=SUCCESS |  
2019-09-20 09:16:11,587 | INFO  | SCMAudit | user=jenkins1000 | ip=192.168.151.119 | op=SEND_HEARTBEAT {datanodeUUID=244cdd5c-3558-4577-8146-15a3e7a5ffb6, command=[]} | ret=SUCCESS |  
2019-09-20 09:16:11,787 | INFO  | SCMAudit | user=jenkins1000 | ip=192.168.151.119 | op=SEND_HEARTBEAT {datanodeUUID=244cdd5c-3558-4577-8146-15a3e7a5ffb6, command=[]} | ret=SUCCESS |  
2019-09-20 09:16:11,988 | INFO  | SCMAudit | user=jenkins1000 | ip=192.168.151.119 | op=SEND_HEARTBEAT {datanodeUUID=244cdd5c-3558-4577-8146-15a3e7a5ffb6, command=[]} | ret=SUCCESS |  
2019-09-20 09:16:12,187 | INFO  | SCMAudit | user=jenkins1000 | ip=192.168.151.119 | op=SEND_HEARTBEAT {datanodeUUID=244cdd5c-3558-4577-8146-15a3e7a5ffb6, command=[]} | ret=SUCCESS |  
2019-09-20 09:16:12,387 | INFO  | SCMAudit | user=jenkins1000 | ip=192.168.151.119 | op=SEND_HEARTBEAT {datanodeUUID=244cdd5c-3558-4577-8146-15a3e7a5ffb6, command=[]} | ret=SUCCESS |  
2019-09-20 09:16:12,588 | INFO  | SCMAudit | user=jenkins1000 | ip=192.168.151.119 | op=SEND_HEARTBEAT {datanodeUUID=244cdd5c-3558-4577-8146-15a3e7a5ffb6, command=[]} | ret=SUCCESS |  
2019-09-20 09:16:12,788 | INFO  | SCMAudit | user=jenkins1000 | ip=192.168.151.119 | op=SEND_HEARTBEAT {datanodeUUID=244cdd5c-3558-4577-8146-15a3e7a5ffb6, command=[]} | ret=SUCCESS |  
2019-09-20 09:16:12,989 | INFO  | SCMAudit | user=jenkins1000 | ip=192.168.151.119 | op=SEND_HEARTBEAT {datanodeUUID=244cdd5c-3558-4577-8146-15a3e7a5ffb6, command=[]} | ret=SUCCESS |  
2019-09-20 09:16:13,189 | INFO  | SCMAudit | user=jenkins1000 | ip=192.168.151.119 | op=SEND_HEARTBEAT {datanodeUUID=244cdd5c-3558-4577-8146-15a3e7a5ffb6, command=[]} | ret=SUCCESS |  
2019-09-20 09:16:13,389 | INFO  | SCMAudit | user=jenkins1000 | ip=192.168.151.119 | op=SEND_HEARTBEAT {datanodeUUID=244cdd5c-3558-4577-8146-15a3e7a5ffb6, command=[]} | ret=SUCCESS |  
2019-09-20 09:16:13,590 | INFO  | SCMAudit | user=jenkins1000 | ip=192.168.151.119 | op=SEND_HEARTBEAT {datanodeUUID=244cdd5c-3558-4577-8146-15a3e7a5ffb6, command=[]} | ret=SUCCESS |  
2019-09-20 09:16:13,789 | INFO  | SCMAudit | user=jenkins1000 | ip=192.168.151.119 | op=SEND_HEARTBEAT {datanodeUUID=244cdd5c-3558-4577-8146-15a3e7a5ffb6, command=[]} | ret=SUCCESS |  
2019-09-20 09:16:13,989 | INFO  | SCMAudit | user=jenkins1000 | ip=192.168.151.119 | op=SEND_HEARTBEAT {datanodeUUID=244cdd5c-3558-4577-8146-15a3e7a5ffb6, command=[]} | ret=SUCCESS |  
2019-09-20 09:16:14,190 | INFO  | SCMAudit | user=jenkins1000 | ip=192.168.151.119 | op=SEND_HEARTBEAT {datanodeUUID=244cdd5c-3558-4577-8146-15a3e7a5ffb6, command=[]} | ret=SUCCESS |  
2019-09-20 09:16:14,389 | INFO  | SCMAudit | user=jenkins1000 | ip=192.168.151.119 | op=SEND_HEARTBEAT {datanodeUUID=244cdd5c-3558-4577-8146-15a3e7a5ffb6, command=[]} | ret=SUCCESS |  
2019-09-20 09:16:14,589 | INFO  | SCMAudit | user=jenkins1000 | ip=192.168.151.119 | op=SEND_HEARTBEAT {datanodeUUID=244cdd5c-3558-4577-8146-15a3e7a5ffb6, command=[]} | ret=SUCCESS |  
2019-09-20 09:16:14,790 | INFO  | SCMAudit | user=jenkins1000 | ip=192.168.151.119 | op=SEND_HEARTBEAT {datanodeUUID=244cdd5c-3558-4577-8146-15a3e7a5ffb6, command=[]} | ret=SUCCESS |  
2019-09-20 09:16:14,990 | INFO  | SCMAudit | user=jenkins1000 | ip=192.168.151.119 | op=SEND_HEARTBEAT {datanodeUUID=244cdd5c-3558-4577-8146-15a3e7a5ffb6, command=[]} | ret=SUCCESS |  
2019-09-20 09:16:15,191 | INFO  | SCMAudit | user=jenkins1000 | ip=192.168.151.119 | op=SEND_HEARTBEAT {datanodeUUID=244cdd5c-3558-4577-8146-15a3e7a5ffb6, command=[]} | ret=SUCCESS |  
2019-09-20 09:16:15,391 | INFO  | SCMAudit | user=jenkins1000 | ip=192.168.151.119 | op=SEND_HEARTBEAT {datanodeUUID=244cdd5c-3558-4577-8146-15a3e7a5ffb6, command=[]} | ret=SUCCESS |  
2019-09-20 09:16:15,592 | INFO  | SCMAudit | user=jenkins1000 | ip=192.168.151.119 | op=SEND_HEARTBEAT {datanodeUUID=244cdd5c-3558-4577-8146-15a3e7a5ffb6, command=[]} | ret=SUCCESS |  
2019-09-20 09:16:15,792 | INFO  | SCMAudit | user=jenkins1000 | ip=192.168.151.119 | op=SEND_HEARTBEAT {datanodeUUID=244cdd5c-3558-4577-8146-15a3e7a5ffb6, command=[]} | ret=SUCCESS |  
2019-09-20 09:16:15,992 | INFO  | SCMAudit | user=jenkins1000 | ip=192.168.151.119 | op=SEND_HEARTBEAT {datanodeUUID=244cdd5c-3558-4577-8146-15a3e7a5ffb6, command=[]} | ret=SUCCESS |  
2019-09-20 09:16:16,192 | INFO  | SCMAudit | user=jenkins1000 | ip=192.168.151.119 | op=SEND_HEARTBEAT {datanodeUUID=244cdd5c-3558-4577-8146-15a3e7a5ffb6, command=[]} | ret=SUCCESS |  
2019-09-20 09:16:16,393 | INFO  | SCMAudit | user=jenkins1000 | ip=192.168.151.119 | op=SEND_HEARTBEAT {datanodeUUID=244cdd5c-3558-4577-8146-15a3e7a5ffb6, command=[]} | ret=SUCCESS |  
2019-09-20 09:16:16,592 | INFO  | SCMAudit | user=jenkins1000 | ip=192.168.151.119 | op=SEND_HEARTBEAT {datanodeUUID=244cdd5c-3558-4577-8146-15a3e7a5ffb6, command=[]} | ret=SUCCESS |  
2019-09-20 09:16:16,793 | INFO  | SCMAudit | user=jenkins1000 | ip=192.168.151.119 | op=SEND_HEARTBEAT {datanodeUUID=244cdd5c-3558-4577-8146-15a3e7a5ffb6, command=[]} | ret=SUCCESS |  
2019-09-20 09:16:16,992 | INFO  | SCMAudit | user=jenkins1000 | ip=192.168.151.119 | op=SEND_HEARTBEAT {datanodeUUID=244cdd5c-3558-4577-8146-15a3e7a5ffb6, command=[]} | ret=SUCCESS |  
2019-09-20 09:16:17,193 | INFO  | SCMAudit | user=jenkins1000 | ip=192.168.151.119 | op=SEND_HEARTBEAT {datanodeUUID=244cdd5c-3558-4577-8146-15a3e7a5ffb6, command=[]} | ret=SUCCESS |  
2019-09-20 09:16:17,393 | INFO  | SCMAudit | user=jenkins1000 | ip=192.168.151.119 | op=SEND_HEARTBEAT {datanodeUUID=244cdd5c-3558-4577-8146-15a3e7a5ffb6, command=[]} | ret=SUCCESS |  
2019-09-20 09:16:17,593 | INFO  | SCMAudit | user=jenkins1000 | ip=192.168.151.119 | op=SEND_HEARTBEAT {datanodeUUID=244cdd5c-3558-4577-8146-15a3e7a5ffb6, command=[]} | ret=SUCCESS |  
2019-09-20 09:16:17,793 | INFO  | SCMAudit | user=jenkins1000 | ip=192.168.151.119 | op=SEND_HEARTBEAT {datanodeUUID=244cdd5c-3558-4577-8146-15a3e7a5ffb6, command=[]} | ret=SUCCESS |  
2019-09-20 09:16:17,994 | INFO  | SCMAudit | user=jenkins1000 | ip=192.168.151.119 | op=SEND_HEARTBEAT {datanodeUUID=244cdd5c-3558-4577-8146-15a3e7a5ffb6, command=[]} | ret=SUCCESS |  
2019-09-20 09:16:18,193 | INFO  | SCMAudit | user=jenkins1000 | ip=192.168.151.119 | op=SEND_HEARTBEAT {datanodeUUID=244cdd5c-3558-4577-8146-15a3e7a5ffb6, command=[]} | ret=SUCCESS |  
2019-09-20 09:16:18,394 | INFO  | SCMAudit | user=jenkins1000 | ip=192.168.151.119 | op=SEND_HEARTBEAT {datanodeUUID=244cdd5c-3558-4577-8146-15a3e7a5ffb6, command=[]} | ret=SUCCESS |  
2019-09-20 09:16:18,594 | INFO  | SCMAudit | user=jenkins1000 | ip=192.168.151.119 | op=SEND_HEARTBEAT {datanodeUUID=244cdd5c-3558-4577-8146-15a3e7a5ffb6, command=[]} | ret=SUCCESS |  
2019-09-20 09:16:18,795 | INFO  | SCMAudit | user=jenkins1000 | ip=192.168.151.119 | op=SEND_HEARTBEAT {datanodeUUID=244cdd5c-3558-4577-8146-15a3e7a5ffb6, command=[]} | ret=SUCCESS |  
2019-09-20 09:16:18,995 | INFO  | SCMAudit | user=jenkins1000 | ip=192.168.151.119 | op=SEND_HEARTBEAT {datanodeUUID=244cdd5c-3558-4577-8146-15a3e7a5ffb6, command=[]} | ret=SUCCESS |  
2019-09-20 09:16:19,195 | INFO  | SCMAudit | user=jenkins1000 | ip=192.168.151.119 | op=SEND_HEARTBEAT {datanodeUUID=244cdd5c-3558-4577-8146-15a3e7a5ffb6, command=[]} | ret=SUCCESS |  
2019-09-20 09:16:19,394 | INFO  | SCMAudit | user=jenkins1000 | ip=192.168.151.119 | op=SEND_HEARTBEAT {datanodeUUID=244cdd5c-3558-4577-8146-15a3e7a5ffb6, command=[]} | ret=SUCCESS |  
2019-09-20 09:16:19,595 | INFO  | SCMAudit | user=jenkins1000 | ip=192.168.151.119 | op=SEND_HEARTBEAT {datanodeUUID=244cdd5c-3558-4577-8146-15a3e7a5ffb6, command=[]} | ret=SUCCESS |  
2019-09-20 09:16:19,794 | INFO  | SCMAudit | user=jenkins1000 | ip=192.168.151.119 | op=SEND_HEARTBEAT {datanodeUUID=244cdd5c-3558-4577-8146-15a3e7a5ffb6, command=[]} | ret=SUCCESS |  
2019-09-20 09:16:19,995 | INFO  | SCMAudit | user=jenkins1000 | ip=192.168.151.119 | op=SEND_HEARTBEAT {datanodeUUID=244cdd5c-3558-4577-8146-15a3e7a5ffb6, command=[]} | ret=SUCCESS |  
2019-09-20 09:16:20,194 | INFO  | SCMAudit | user=jenkins1000 | ip=192.168.151.119 | op=SEND_HEARTBEAT {datanodeUUID=244cdd5c-3558-4577-8146-15a3e7a5ffb6, command=[]} | ret=SUCCESS |  
2019-09-20 09:16:20,395 | INFO  | SCMAudit | user=jenkins1000 | ip=192.168.151.119 | op=SEND_HEARTBEAT {datanodeUUID=244cdd5c-3558-4577-8146-15a3e7a5ffb6, command=[]} | ret=SUCCESS |  
2019-09-20 09:16:20,595 | INFO  | SCMAudit | user=jenkins1000 | ip=192.168.151.119 | op=SEND_HEARTBEAT {datanodeUUID=244cdd5c-3558-4577-8146-15a3e7a5ffb6, command=[]} | ret=SUCCESS |  
2019-09-20 09:16:20,795 | INFO  | SCMAudit | user=jenkins1000 | ip=192.168.151.119 | op=SEND_HEARTBEAT {datanodeUUID=244cdd5c-3558-4577-8146-15a3e7a5ffb6, command=[]} | ret=SUCCESS |  
2019-09-20 09:16:20,995 | INFO  | SCMAudit | user=jenkins1000 | ip=192.168.151.119 | op=SEND_HEARTBEAT {datanodeUUID=244cdd5c-3558-4577-8146-15a3e7a5ffb6, command=[]} | ret=SUCCESS |  
2019-09-20 09:16:21,195 | INFO  | SCMAudit | user=jenkins1000 | ip=192.168.151.119 | op=SEND_HEARTBEAT {datanodeUUID=244cdd5c-3558-4577-8146-15a3e7a5ffb6, command=[]} | ret=SUCCESS |  
2019-09-20 09:16:21,396 | INFO  | SCMAudit | user=jenkins1000 | ip=192.168.151.119 | op=SEND_HEARTBEAT {datanodeUUID=244cdd5c-3558-4577-8146-15a3e7a5ffb6, command=[]} | ret=SUCCESS |  
2019-09-20 09:16:21,595 | INFO  | SCMAudit | user=jenkins1000 | ip=192.168.151.119 | op=SEND_HEARTBEAT {datanodeUUID=244cdd5c-3558-4577-8146-15a3e7a5ffb6, command=[]} | ret=SUCCESS |  
2019-09-20 09:16:21,796 | INFO  | SCMAudit | user=jenkins1000 | ip=192.168.151.119 | op=SEND_HEARTBEAT {datanodeUUID=244cdd5c-3558-4577-8146-15a3e7a5ffb6, command=[]} | ret=SUCCESS |  
2019-09-20 09:16:21,996 | INFO  | SCMAudit | user=jenkins1000 | ip=192.168.151.119 | op=SEND_HEARTBEAT {datanodeUUID=244cdd5c-3558-4577-8146-15a3e7a5ffb6, command=[]} | ret=SUCCESS |  
2019-09-20 09:16:22,196 | INFO  | SCMAudit | user=jenkins1000 | ip=192.168.151.119 | op=SEND_HEARTBEAT {datanodeUUID=244cdd5c-3558-4577-8146-15a3e7a5ffb6, command=[]} | ret=SUCCESS |  
2019-09-20 09:16:22,397 | INFO  | SCMAudit | user=jenkins1000 | ip=192.168.151.119 | op=SEND_HEARTBEAT {datanodeUUID=244cdd5c-3558-4577-8146-15a3e7a5ffb6, command=[]} | ret=SUCCESS |  
2019-09-20 09:16:22,597 | INFO  | SCMAudit | user=jenkins1000 | ip=192.168.151.119 | op=SEND_HEARTBEAT {datanodeUUID=244cdd5c-3558-4577-8146-15a3e7a5ffb6, command=[]} | ret=SUCCESS |  
2019-09-20 09:16:22,797 | INFO  | SCMAudit | user=jenkins1000 | ip=192.168.151.119 | op=SEND_HEARTBEAT {datanodeUUID=244cdd5c-3558-4577-8146-15a3e7a5ffb6, command=[]} | ret=SUCCESS |  
2019-09-20 09:16:22,998 | INFO  | SCMAudit | user=jenkins1000 | ip=192.168.151.119 | op=SEND_HEARTBEAT {datanodeUUID=244cdd5c-3558-4577-8146-15a3e7a5ffb6, command=[]} | ret=SUCCESS |  
2019-09-20 09:16:23,197 | INFO  | SCMAudit | user=jenkins1000 | ip=192.168.151.119 | op=SEND_HEARTBEAT {datanodeUUID=244cdd5c-3558-4577-8146-15a3e7a5ffb6, command=[]} | ret=SUCCESS |  
2019-09-20 09:16:23,398 | INFO  | SCMAudit | user=jenkins1000 | ip=192.168.151.119 | op=SEND_HEARTBEAT {datanodeUUID=244cdd5c-3558-4577-8146-15a3e7a5ffb6, command=[]} | ret=SUCCESS |  
2019-09-20 09:16:23,598 | INFO  | SCMAudit | user=jenkins1000 | ip=192.168.151.119 | op=SEND_HEARTBEAT {datanodeUUID=244cdd5c-3558-4577-8146-15a3e7a5ffb6, command=[]} | ret=SUCCESS |  
2019-09-20 09:16:23,798 | INFO  | SCMAudit | user=jenkins1000 | ip=192.168.151.119 | op=SEND_HEARTBEAT {datanodeUUID=244cdd5c-3558-4577-8146-15a3e7a5ffb6, command=[]} | ret=SUCCESS |  
2019-09-20 09:16:23,999 | INFO  | SCMAudit | user=jenkins1000 | ip=192.168.151.119 | op=SEND_HEARTBEAT {datanodeUUID=244cdd5c-3558-4577-8146-15a3e7a5ffb6, command=[]} | ret=SUCCESS |  
2019-09-20 09:16:24,198 | INFO  | SCMAudit | user=jenkins1000 | ip=192.168.151.119 | op=SEND_HEARTBEAT {datanodeUUID=244cdd5c-3558-4577-8146-15a3e7a5ffb6, command=[]} | ret=SUCCESS |  
2019-09-20 09:16:24,398 | INFO  | SCMAudit | user=jenkins1000 | ip=192.168.151.119 | op=SEND_HEARTBEAT {datanodeUUID=244cdd5c-3558-4577-8146-15a3e7a5ffb6, command=[]} | ret=SUCCESS |  
2019-09-20 09:16:24,599 | INFO  | SCMAudit | user=jenkins1000 | ip=192.168.151.119 | op=SEND_HEARTBEAT {datanodeUUID=244cdd5c-3558-4577-8146-15a3e7a5ffb6, command=[]} | ret=SUCCESS |  
2019-09-20 09:16:24,798 | INFO  | SCMAudit | user=jenkins1000 | ip=192.168.151.119 | op=SEND_HEARTBEAT {datanodeUUID=244cdd5c-3558-4577-8146-15a3e7a5ffb6, command=[]} | ret=SUCCESS |  
2019-09-20 09:16:24,999 | INFO  | SCMAudit | user=jenkins1000 | ip=192.168.151.119 | op=SEND_HEARTBEAT {datanodeUUID=244cdd5c-3558-4577-8146-15a3e7a5ffb6, command=[]} | ret=SUCCESS |  
2019-09-20 09:16:25,199 | INFO  | SCMAudit | user=jenkins1000 | ip=192.168.151.119 | op=SEND_HEARTBEAT {datanodeUUID=244cdd5c-3558-4577-8146-15a3e7a5ffb6, command=[]} | ret=SUCCESS |  
2019-09-20 09:16:25,399 | INFO  | SCMAudit | user=jenkins1000 | ip=192.168.151.119 | op=SEND_HEARTBEAT {datanodeUUID=244cdd5c-3558-4577-8146-15a3e7a5ffb6, command=[]} | ret=SUCCESS |  
2019-09-20 09:16:25,599 | INFO  | SCMAudit | user=jenkins1000 | ip=192.168.151.119 | op=SEND_HEARTBEAT {datanodeUUID=244cdd5c-3558-4577-8146-15a3e7a5ffb6, command=[]} | ret=SUCCESS |  
2019-09-20 09:16:25,800 | INFO  | SCMAudit | user=jenkins1000 | ip=192.168.151.119 | op=SEND_HEARTBEAT {datanodeUUID=244cdd5c-3558-4577-8146-15a3e7a5ffb6, command=[]} | ret=SUCCESS |  
2019-09-20 09:16:26,000 | INFO  | SCMAudit | user=jenkins1000 | ip=192.168.151.119 | op=SEND_HEARTBEAT {datanodeUUID=244cdd5c-3558-4577-8146-15a3e7a5ffb6, command=[]} | ret=SUCCESS |  
2019-09-20 09:16:26,200 | INFO  | SCMAudit | user=jenkins1000 | ip=192.168.151.119 | op=SEND_HEARTBEAT {datanodeUUID=244cdd5c-3558-4577-8146-15a3e7a5ffb6, command=[]} | ret=SUCCESS |  
2019-09-20 09:16:26,401 | INFO  | SCMAudit | user=jenkins1000 | ip=192.168.151.119 | op=SEND_HEARTBEAT {datanodeUUID=244cdd5c-3558-4577-8146-15a3e7a5ffb6, command=[]} | ret=SUCCESS |  
2019-09-20 09:16:26,601 | INFO  | SCMAudit | user=jenkins1000 | ip=192.168.151.119 | op=SEND_HEARTBEAT {datanodeUUID=244cdd5c-3558-4577-8146-15a3e7a5ffb6, command=[]} | ret=SUCCESS |  
2019-09-20 09:16:26,801 | INFO  | SCMAudit | user=jenkins1000 | ip=192.168.151.119 | op=SEND_HEARTBEAT {datanodeUUID=244cdd5c-3558-4577-8146-15a3e7a5ffb6, command=[]} | ret=SUCCESS |  
2019-09-20 09:16:27,001 | INFO  | SCMAudit | user=jenkins1000 | ip=192.168.151.119 | op=SEND_HEARTBEAT {datanodeUUID=244cdd5c-3558-4577-8146-15a3e7a5ffb6, command=[]} | ret=SUCCESS |  
2019-09-20 09:16:27,202 | INFO  | SCMAudit | user=jenkins1000 | ip=192.168.151.119 | op=SEND_HEARTBEAT {datanodeUUID=244cdd5c-3558-4577-8146-15a3e7a5ffb6, command=[]} | ret=SUCCESS |  
2019-09-20 09:16:27,402 | INFO  | SCMAudit | user=jenkins1000 | ip=192.168.151.119 | op=SEND_HEARTBEAT {datanodeUUID=244cdd5c-3558-4577-8146-15a3e7a5ffb6, command=[]} | ret=SUCCESS |  
2019-09-20 09:16:27,603 | INFO  | SCMAudit | user=jenkins1000 | ip=192.168.151.119 | op=SEND_HEARTBEAT {datanodeUUID=244cdd5c-3558-4577-8146-15a3e7a5ffb6, command=[]} | ret=SUCCESS |  
2019-09-20 09:16:27,803 | INFO  | SCMAudit | user=jenkins1000 | ip=192.168.151.119 | op=SEND_HEARTBEAT {datanodeUUID=244cdd5c-3558-4577-8146-15a3e7a5ffb6, command=[]} | ret=SUCCESS |  
2019-09-20 09:16:28,004 | INFO  | SCMAudit | user=jenkins1000 | ip=192.168.151.119 | op=SEND_HEARTBEAT {datanodeUUID=244cdd5c-3558-4577-8146-15a3e7a5ffb6, command=[]} | ret=SUCCESS |  
2019-09-20 09:16:28,204 | INFO  | SCMAudit | user=jenkins1000 | ip=192.168.151.119 | op=SEND_HEARTBEAT {datanodeUUID=244cdd5c-3558-4577-8146-15a3e7a5ffb6, command=[]} | ret=SUCCESS |  
2019-09-20 09:16:28,404 | INFO  | SCMAudit | user=jenkins1000 | ip=192.168.151.119 | op=SEND_HEARTBEAT {datanodeUUID=244cdd5c-3558-4577-8146-15a3e7a5ffb6, command=[]} | ret=SUCCESS |  
2019-09-20 09:16:28,604 | INFO  | SCMAudit | user=jenkins1000 | ip=192.168.151.119 | op=SEND_HEARTBEAT {datanodeUUID=244cdd5c-3558-4577-8146-15a3e7a5ffb6, command=[]} | ret=SUCCESS |  
2019-09-20 09:16:28,804 | INFO  | SCMAudit | user=jenkins1000 | ip=192.168.151.119 | op=SEND_HEARTBEAT {datanodeUUID=244cdd5c-3558-4577-8146-15a3e7a5ffb6, command=[]} | ret=SUCCESS |  
2019-09-20 09:16:29,004 | INFO  | SCMAudit | user=jenkins1000 | ip=192.168.151.119 | op=SEND_HEARTBEAT {datanodeUUID=244cdd5c-3558-4577-8146-15a3e7a5ffb6, command=[]} | ret=SUCCESS |  
2019-09-20 09:16:29,205 | INFO  | SCMAudit | user=jenkins1000 | ip=192.168.151.119 | op=SEND_HEARTBEAT {datanodeUUID=244cdd5c-3558-4577-8146-15a3e7a5ffb6, command=[]} | ret=SUCCESS |  
2019-09-20 09:16:29,405 | INFO  | SCMAudit | user=jenkins1000 | ip=192.168.151.119 | op=SEND_HEARTBEAT {datanodeUUID=244cdd5c-3558-4577-8146-15a3e7a5ffb6, command=[]} | ret=SUCCESS |  
2019-09-20 09:16:29,605 | INFO  | SCMAudit | user=jenkins1000 | ip=192.168.151.119 | op=SEND_HEARTBEAT {datanodeUUID=244cdd5c-3558-4577-8146-15a3e7a5ffb6, command=[]} | ret=SUCCESS |  
2019-09-20 09:16:29,806 | INFO  | SCMAudit | user=jenkins1000 | ip=192.168.151.119 | op=SEND_HEARTBEAT {datanodeUUID=244cdd5c-3558-4577-8146-15a3e7a5ffb6, command=[]} | ret=SUCCESS |  
2019-09-20 09:16:30,006 | INFO  | SCMAudit | user=jenkins1000 | ip=192.168.151.119 | op=SEND_HEARTBEAT {datanodeUUID=244cdd5c-3558-4577-8146-15a3e7a5ffb6, command=[]} | ret=SUCCESS |  
2019-09-20 09:16:30,205 | INFO  | SCMAudit | user=jenkins1000 | ip=192.168.151.119 | op=SEND_HEARTBEAT {datanodeUUID=244cdd5c-3558-4577-8146-15a3e7a5ffb6, command=[]} | ret=SUCCESS |  
2019-09-20 09:16:30,406 | INFO  | SCMAudit | user=jenkins1000 | ip=192.168.151.119 | op=SEND_HEARTBEAT {datanodeUUID=244cdd5c-3558-4577-8146-15a3e7a5ffb6, command=[]} | ret=SUCCESS |  
2019-09-20 09:16:30,606 | INFO  | SCMAudit | user=jenkins1000 | ip=192.168.151.119 | op=SEND_HEARTBEAT {datanodeUUID=244cdd5c-3558-4577-8146-15a3e7a5ffb6, command=[]} | ret=SUCCESS |  
2019-09-20 09:16:30,806 | INFO  | SCMAudit | user=jenkins1000 | ip=192.168.151.119 | op=SEND_HEARTBEAT {datanodeUUID=244cdd5c-3558-4577-8146-15a3e7a5ffb6, command=[]} | ret=SUCCESS |  
2019-09-20 09:16:31,006 | INFO  | SCMAudit | user=jenkins1000 | ip=192.168.151.119 | op=SEND_HEARTBEAT {datanodeUUID=244cdd5c-3558-4577-8146-15a3e7a5ffb6, command=[]} | ret=SUCCESS |  
2019-09-20 09:16:31,207 | INFO  | SCMAudit | user=jenkins1000 | ip=192.168.151.119 | op=SEND_HEARTBEAT {datanodeUUID=244cdd5c-3558-4577-8146-15a3e7a5ffb6, command=[]} | ret=SUCCESS |  
2019-09-20 09:16:31,406 | INFO  | SCMAudit | user=jenkins1000 | ip=192.168.151.119 | op=SEND_HEARTBEAT {datanodeUUID=244cdd5c-3558-4577-8146-15a3e7a5ffb6, command=[]} | ret=SUCCESS |  
2019-09-20 09:16:31,607 | INFO  | SCMAudit | user=jenkins1000 | ip=192.168.151.119 | op=SEND_HEARTBEAT {datanodeUUID=244cdd5c-3558-4577-8146-15a3e7a5ffb6, command=[]} | ret=SUCCESS |  
2019-09-20 09:16:31,807 | INFO  | SCMAudit | user=jenkins1000 | ip=192.168.151.119 | op=SEND_HEARTBEAT {datanodeUUID=244cdd5c-3558-4577-8146-15a3e7a5ffb6, command=[]} | ret=SUCCESS |  
2019-09-20 09:16:32,008 | INFO  | SCMAudit | user=jenkins1000 | ip=192.168.151.119 | op=SEND_HEARTBEAT {datanodeUUID=244cdd5c-3558-4577-8146-15a3e7a5ffb6, command=[]} | ret=SUCCESS |  
2019-09-20 09:16:32,207 | INFO  | SCMAudit | user=jenkins1000 | ip=192.168.151.119 | op=SEND_HEARTBEAT {datanodeUUID=244cdd5c-3558-4577-8146-15a3e7a5ffb6, command=[]} | ret=SUCCESS |  
2019-09-20 09:16:32,407 | INFO  | SCMAudit | user=jenkins1000 | ip=192.168.151.119 | op=SEND_HEARTBEAT {datanodeUUID=244cdd5c-3558-4577-8146-15a3e7a5ffb6, command=[]} | ret=SUCCESS |  
2019-09-20 09:16:32,608 | INFO  | SCMAudit | user=jenkins1000 | ip=192.168.151.119 | op=SEND_HEARTBEAT {datanodeUUID=244cdd5c-3558-4577-8146-15a3e7a5ffb6, command=[]} | ret=SUCCESS |  
2019-09-20 09:16:32,807 | INFO  | SCMAudit | user=jenkins1000 | ip=192.168.151.119 | op=SEND_HEARTBEAT {datanodeUUID=244cdd5c-3558-4577-8146-15a3e7a5ffb6, command=[]} | ret=SUCCESS |  
2019-09-20 09:16:33,008 | INFO  | SCMAudit | user=jenkins1000 | ip=192.168.151.119 | op=SEND_HEARTBEAT {datanodeUUID=244cdd5c-3558-4577-8146-15a3e7a5ffb6, command=[]} | ret=SUCCESS |  
2019-09-20 09:16:33,208 | INFO  | SCMAudit | user=jenkins1000 | ip=192.168.151.119 | op=SEND_HEARTBEAT {datanodeUUID=244cdd5c-3558-4577-8146-15a3e7a5ffb6, command=[]} | ret=SUCCESS |  
2019-09-20 09:16:33,407 | INFO  | SCMAudit | user=jenkins1000 | ip=192.168.151.119 | op=SEND_HEARTBEAT {datanodeUUID=244cdd5c-3558-4577-8146-15a3e7a5ffb6, command=[]} | ret=SUCCESS |  
2019-09-20 09:16:33,607 | INFO  | SCMAudit | user=jenkins1000 | ip=192.168.151.119 | op=SEND_HEARTBEAT {datanodeUUID=244cdd5c-3558-4577-8146-15a3e7a5ffb6, command=[]} | ret=SUCCESS |  
2019-09-20 09:16:33,808 | INFO  | SCMAudit | user=jenkins1000 | ip=192.168.151.119 | op=SEND_HEARTBEAT {datanodeUUID=244cdd5c-3558-4577-8146-15a3e7a5ffb6, command=[]} | ret=SUCCESS |  
2019-09-20 09:16:34,008 | INFO  | SCMAudit | user=jenkins1000 | ip=192.168.151.119 | op=SEND_HEARTBEAT {datanodeUUID=244cdd5c-3558-4577-8146-15a3e7a5ffb6, command=[]} | ret=SUCCESS |  
2019-09-20 09:16:34,207 | INFO  | SCMAudit | user=jenkins1000 | ip=192.168.151.119 | op=SEND_HEARTBEAT {datanodeUUID=244cdd5c-3558-4577-8146-15a3e7a5ffb6, command=[]} | ret=SUCCESS |  
2019-09-20 09:16:34,408 | INFO  | SCMAudit | user=jenkins1000 | ip=192.168.151.119 | op=SEND_HEARTBEAT {datanodeUUID=244cdd5c-3558-4577-8146-15a3e7a5ffb6, command=[]} | ret=SUCCESS |  
2019-09-20 09:16:34,607 | INFO  | SCMAudit | user=jenkins1000 | ip=192.168.151.119 | op=SEND_HEARTBEAT {datanodeUUID=244cdd5c-3558-4577-8146-15a3e7a5ffb6, command=[]} | ret=SUCCESS |  
2019-09-20 09:16:34,808 | INFO  | SCMAudit | user=jenkins1000 | ip=192.168.151.119 | op=SEND_HEARTBEAT {datanodeUUID=244cdd5c-3558-4577-8146-15a3e7a5ffb6, command=[]} | ret=SUCCESS |  
2019-09-20 09:16:35,007 | INFO  | SCMAudit | user=jenkins1000 | ip=192.168.151.119 | op=SEND_HEARTBEAT {datanodeUUID=244cdd5c-3558-4577-8146-15a3e7a5ffb6, command=[]} | ret=SUCCESS |  
2019-09-20 09:16:35,207 | INFO  | SCMAudit | user=jenkins1000 | ip=192.168.151.119 | op=SEND_HEARTBEAT {datanodeUUID=244cdd5c-3558-4577-8146-15a3e7a5ffb6, command=[]} | ret=SUCCESS |  
2019-09-20 09:16:35,408 | INFO  | SCMAudit | user=jenkins1000 | ip=192.168.151.119 | op=SEND_HEARTBEAT {datanodeUUID=244cdd5c-3558-4577-8146-15a3e7a5ffb6, command=[]} | ret=SUCCESS |  
2019-09-20 09:16:35,608 | INFO  | SCMAudit | user=jenkins1000 | ip=192.168.151.119 | op=SEND_HEARTBEAT {datanodeUUID=244cdd5c-3558-4577-8146-15a3e7a5ffb6, command=[]} | ret=SUCCESS |  
2019-09-20 09:16:35,808 | INFO  | SCMAudit | user=jenkins1000 | ip=192.168.151.119 | op=SEND_HEARTBEAT {datanodeUUID=244cdd5c-3558-4577-8146-15a3e7a5ffb6, command=[]} | ret=SUCCESS |  
2019-09-20 09:16:36,008 | INFO  | SCMAudit | user=jenkins1000 | ip=192.168.151.119 | op=SEND_HEARTBEAT {datanodeUUID=244cdd5c-3558-4577-8146-15a3e7a5ffb6, command=[]} | ret=SUCCESS |  
2019-09-20 09:16:36,208 | INFO  | SCMAudit | user=jenkins1000 | ip=192.168.151.119 | op=SEND_HEARTBEAT {datanodeUUID=244cdd5c-3558-4577-8146-15a3e7a5ffb6, command=[]} | ret=SUCCESS |  
2019-09-20 09:16:36,408 | INFO  | SCMAudit | user=jenkins1000 | ip=192.168.151.119 | op=SEND_HEARTBEAT {datanodeUUID=244cdd5c-3558-4577-8146-15a3e7a5ffb6, command=[]} | ret=SUCCESS |  
2019-09-20 09:16:36,607 | INFO  | SCMAudit | user=jenkins1000 | ip=192.168.151.119 | op=SEND_HEARTBEAT {datanodeUUID=244cdd5c-3558-4577-8146-15a3e7a5ffb6, command=[]} | ret=SUCCESS |  
2019-09-20 09:16:36,808 | INFO  | SCMAudit | user=jenkins1000 | ip=192.168.151.119 | op=SEND_HEARTBEAT {datanodeUUID=244cdd5c-3558-4577-8146-15a3e7a5ffb6, command=[]} | ret=SUCCESS |  
2019-09-20 09:16:37,008 | INFO  | SCMAudit | user=jenkins1000 | ip=192.168.151.119 | op=SEND_HEARTBEAT {datanodeUUID=244cdd5c-3558-4577-8146-15a3e7a5ffb6, command=[]} | ret=SUCCESS |  
2019-09-20 09:16:37,208 | INFO  | SCMAudit | user=jenkins1000 | ip=192.168.151.119 | op=SEND_HEARTBEAT {datanodeUUID=244cdd5c-3558-4577-8146-15a3e7a5ffb6, command=[]} | ret=SUCCESS |  
2019-09-20 09:16:37,409 | INFO  | SCMAudit | user=jenkins1000 | ip=192.168.151.119 | op=SEND_HEARTBEAT {datanodeUUID=244cdd5c-3558-4577-8146-15a3e7a5ffb6, command=[]} | ret=SUCCESS |  
2019-09-20 09:16:37,609 | INFO  | SCMAudit | user=jenkins1000 | ip=192.168.151.119 | op=SEND_HEARTBEAT {datanodeUUID=244cdd5c-3558-4577-8146-15a3e7a5ffb6, command=[]} | ret=SUCCESS |  
2019-09-20 09:16:37,809 | INFO  | SCMAudit | user=jenkins1000 | ip=192.168.151.119 | op=SEND_HEARTBEAT {datanodeUUID=244cdd5c-3558-4577-8146-15a3e7a5ffb6, command=[]} | ret=SUCCESS |  
2019-09-20 09:16:38,009 | INFO  | SCMAudit | user=jenkins1000 | ip=192.168.151.119 | op=SEND_HEARTBEAT {datanodeUUID=244cdd5c-3558-4577-8146-15a3e7a5ffb6, command=[]} | ret=SUCCESS |  
2019-09-20 09:16:38,210 | INFO  | SCMAudit | user=jenkins1000 | ip=192.168.151.119 | op=SEND_HEARTBEAT {datanodeUUID=244cdd5c-3558-4577-8146-15a3e7a5ffb6, command=[]} | ret=SUCCESS |  
2019-09-20 09:16:38,410 | INFO  | SCMAudit | user=jenkins1000 | ip=192.168.151.119 | op=SEND_HEARTBEAT {datanodeUUID=244cdd5c-3558-4577-8146-15a3e7a5ffb6, command=[]} | ret=SUCCESS |  
2019-09-20 09:16:38,610 | INFO  | SCMAudit | user=jenkins1000 | ip=192.168.151.119 | op=SEND_HEARTBEAT {datanodeUUID=244cdd5c-3558-4577-8146-15a3e7a5ffb6, command=[]} | ret=SUCCESS |  
2019-09-20 09:16:38,811 | INFO  | SCMAudit | user=jenkins1000 | ip=192.168.151.119 | op=SEND_HEARTBEAT {datanodeUUID=244cdd5c-3558-4577-8146-15a3e7a5ffb6, command=[]} | ret=SUCCESS |  
2019-09-20 09:16:39,010 | INFO  | SCMAudit | user=jenkins1000 | ip=192.168.151.119 | op=SEND_HEARTBEAT {datanodeUUID=244cdd5c-3558-4577-8146-15a3e7a5ffb6, command=[]} | ret=SUCCESS |  
2019-09-20 09:16:39,211 | INFO  | SCMAudit | user=jenkins1000 | ip=192.168.151.119 | op=SEND_HEARTBEAT {datanodeUUID=244cdd5c-3558-4577-8146-15a3e7a5ffb6, command=[]} | ret=SUCCESS |  
2019-09-20 09:16:39,411 | INFO  | SCMAudit | user=jenkins1000 | ip=192.168.151.119 | op=SEND_HEARTBEAT {datanodeUUID=244cdd5c-3558-4577-8146-15a3e7a5ffb6, command=[]} | ret=SUCCESS |  
2019-09-20 09:16:39,611 | INFO  | SCMAudit | user=jenkins1000 | ip=192.168.151.119 | op=SEND_HEARTBEAT {datanodeUUID=244cdd5c-3558-4577-8146-15a3e7a5ffb6, command=[]} | ret=SUCCESS |  
2019-09-20 09:16:39,812 | INFO  | SCMAudit | user=jenkins1000 | ip=192.168.151.119 | op=SEND_HEARTBEAT {datanodeUUID=244cdd5c-3558-4577-8146-15a3e7a5ffb6, command=[]} | ret=SUCCESS |  
2019-09-20 09:16:40,011 | INFO  | SCMAudit | user=jenkins1000 | ip=192.168.151.119 | op=SEND_HEARTBEAT {datanodeUUID=244cdd5c-3558-4577-8146-15a3e7a5ffb6, command=[]} | ret=SUCCESS |  
2019-09-20 09:16:40,212 | INFO  | SCMAudit | user=jenkins1000 | ip=192.168.151.119 | op=SEND_HEARTBEAT {datanodeUUID=244cdd5c-3558-4577-8146-15a3e7a5ffb6, command=[]} | ret=SUCCESS |  
2019-09-20 09:16:40,411 | INFO  | SCMAudit | user=jenkins1000 | ip=192.168.151.119 | op=SEND_HEARTBEAT {datanodeUUID=244cdd5c-3558-4577-8146-15a3e7a5ffb6, command=[]} | ret=SUCCESS |  
2019-09-20 09:16:40,611 | INFO  | SCMAudit | user=jenkins1000 | ip=192.168.151.119 | op=SEND_HEARTBEAT {datanodeUUID=244cdd5c-3558-4577-8146-15a3e7a5ffb6, command=[]} | ret=SUCCESS |  
2019-09-20 09:16:40,812 | INFO  | SCMAudit | user=jenkins1000 | ip=192.168.151.119 | op=SEND_HEARTBEAT {datanodeUUID=244cdd5c-3558-4577-8146-15a3e7a5ffb6, command=[]} | ret=SUCCESS |  
2019-09-20 09:16:41,012 | INFO  | SCMAudit | user=jenkins1000 | ip=192.168.151.119 | op=SEND_HEARTBEAT {datanodeUUID=244cdd5c-3558-4577-8146-15a3e7a5ffb6, command=[]} | ret=SUCCESS |  
2019-09-20 09:16:41,212 | INFO  | SCMAudit | user=jenkins1000 | ip=192.168.151.119 | op=SEND_HEARTBEAT {datanodeUUID=244cdd5c-3558-4577-8146-15a3e7a5ffb6, command=[]} | ret=SUCCESS |  
2019-09-20 09:16:41,412 | INFO  | SCMAudit | user=jenkins1000 | ip=192.168.151.119 | op=SEND_HEARTBEAT {datanodeUUID=244cdd5c-3558-4577-8146-15a3e7a5ffb6, command=[]} | ret=SUCCESS |  
2019-09-20 09:16:41,613 | INFO  | SCMAudit | user=jenkins1000 | ip=192.168.151.119 | op=SEND_HEARTBEAT {datanodeUUID=244cdd5c-3558-4577-8146-15a3e7a5ffb6, command=[]} | ret=SUCCESS |  
2019-09-20 09:16:41,813 | INFO  | SCMAudit | user=jenkins1000 | ip=192.168.151.119 | op=SEND_HEARTBEAT {datanodeUUID=244cdd5c-3558-4577-8146-15a3e7a5ffb6, command=[]} | ret=SUCCESS |  
2019-09-20 09:16:42,013 | INFO  | SCMAudit | user=jenkins1000 | ip=192.168.151.119 | op=SEND_HEARTBEAT {datanodeUUID=244cdd5c-3558-4577-8146-15a3e7a5ffb6, command=[]} | ret=SUCCESS |  
2019-09-20 09:16:42,214 | INFO  | SCMAudit | user=jenkins1000 | ip=192.168.151.119 | op=SEND_HEARTBEAT {datanodeUUID=244cdd5c-3558-4577-8146-15a3e7a5ffb6, command=[]} | ret=SUCCESS |  
2019-09-20 09:16:42,414 | INFO  | SCMAudit | user=jenkins1000 | ip=192.168.151.119 | op=SEND_HEARTBEAT {datanodeUUID=244cdd5c-3558-4577-8146-15a3e7a5ffb6, command=[]} | ret=SUCCESS |  
2019-09-20 09:16:42,614 | INFO  | SCMAudit | user=jenkins1000 | ip=192.168.151.119 | op=SEND_HEARTBEAT {datanodeUUID=244cdd5c-3558-4577-8146-15a3e7a5ffb6, command=[]} | ret=SUCCESS |  
2019-09-20 09:16:42,815 | INFO  | SCMAudit | user=jenkins1000 | ip=192.168.151.119 | op=SEND_HEARTBEAT {datanodeUUID=244cdd5c-3558-4577-8146-15a3e7a5ffb6, command=[]} | ret=SUCCESS |  
2019-09-20 09:16:43,014 | INFO  | SCMAudit | user=jenkins1000 | ip=192.168.151.119 | op=SEND_HEARTBEAT {datanodeUUID=244cdd5c-3558-4577-8146-15a3e7a5ffb6, command=[]} | ret=SUCCESS |  
2019-09-20 09:16:43,215 | INFO  | SCMAudit | user=jenkins1000 | ip=192.168.151.119 | op=SEND_HEARTBEAT {datanodeUUID=244cdd5c-3558-4577-8146-15a3e7a5ffb6, command=[]} | ret=SUCCESS |  
2019-09-20 09:16:43,414 | INFO  | SCMAudit | user=jenkins1000 | ip=192.168.151.119 | op=SEND_HEARTBEAT {datanodeUUID=244cdd5c-3558-4577-8146-15a3e7a5ffb6, command=[]} | ret=SUCCESS |  
2019-09-20 09:16:43,451 [ReplicationMonitor] INFO  container.ReplicationManager (ReplicationManager.java:sendCloseCommand(646)) - Sending close container command for container #1 to datanode 244cdd5c-3558-4577-8146-15a3e7a5ffb6{ip: 192.168.151.119, host: pr-hdds-2034-wmsbd-1222111393, networkLocation: /default-rack, certSerialId: null}.
2019-09-20 09:16:43,452 [ReplicationMonitor] INFO  container.ReplicationManager (ReplicationManager.java:run(214)) - Replication Monitor Thread took 4 milliseconds for processing 1 containers.
2019-09-20 09:16:43,616 | INFO  | SCMAudit | user=jenkins1000 | ip=192.168.151.119 | op=SEND_HEARTBEAT {datanodeUUID=244cdd5c-3558-4577-8146-15a3e7a5ffb6, command=[commandType: closeContainerCommand closeContainerCommandProto { containerID: 1 pipelineID { id: "5c8a5299-3384-406a-b161-0367664f1180" } cmdId: 1 force: false } ]} | ret=SUCCESS |  
2019-09-20 09:16:43,816 | INFO  | SCMAudit | user=jenkins1000 | ip=192.168.151.119 | op=SEND_HEARTBEAT {datanodeUUID=244cdd5c-3558-4577-8146-15a3e7a5ffb6, command=[]} | ret=SUCCESS |  
2019-09-20 09:16:44,016 | INFO  | SCMAudit | user=jenkins1000 | ip=192.168.151.119 | op=SEND_HEARTBEAT {datanodeUUID=244cdd5c-3558-4577-8146-15a3e7a5ffb6, command=[]} | ret=SUCCESS |  
2019-09-20 09:16:44,215 | INFO  | SCMAudit | user=jenkins1000 | ip=192.168.151.119 | op=SEND_HEARTBEAT {datanodeUUID=244cdd5c-3558-4577-8146-15a3e7a5ffb6, command=[]} | ret=SUCCESS |  
2019-09-20 09:16:44,416 | INFO  | SCMAudit | user=jenkins1000 | ip=192.168.151.119 | op=SEND_HEARTBEAT {datanodeUUID=244cdd5c-3558-4577-8146-15a3e7a5ffb6, command=[]} | ret=SUCCESS |  
2019-09-20 09:16:44,616 | INFO  | SCMAudit | user=jenkins1000 | ip=192.168.151.119 | op=SEND_HEARTBEAT {datanodeUUID=244cdd5c-3558-4577-8146-15a3e7a5ffb6, command=[]} | ret=SUCCESS |  
2019-09-20 09:16:44,816 | INFO  | SCMAudit | user=jenkins1000 | ip=192.168.151.119 | op=SEND_HEARTBEAT {datanodeUUID=244cdd5c-3558-4577-8146-15a3e7a5ffb6, command=[]} | ret=SUCCESS |  
2019-09-20 09:16:45,016 | INFO  | SCMAudit | user=jenkins1000 | ip=192.168.151.119 | op=SEND_HEARTBEAT {datanodeUUID=244cdd5c-3558-4577-8146-15a3e7a5ffb6, command=[]} | ret=SUCCESS |  
2019-09-20 09:16:45,216 | INFO  | SCMAudit | user=jenkins1000 | ip=192.168.151.119 | op=SEND_HEARTBEAT {datanodeUUID=244cdd5c-3558-4577-8146-15a3e7a5ffb6, command=[]} | ret=SUCCESS |  
2019-09-20 09:16:45,417 | INFO  | SCMAudit | user=jenkins1000 | ip=192.168.151.119 | op=SEND_HEARTBEAT {datanodeUUID=244cdd5c-3558-4577-8146-15a3e7a5ffb6, command=[]} | ret=SUCCESS |  
2019-09-20 09:16:45,617 | INFO  | SCMAudit | user=jenkins1000 | ip=192.168.151.119 | op=SEND_HEARTBEAT {datanodeUUID=244cdd5c-3558-4577-8146-15a3e7a5ffb6, command=[]} | ret=SUCCESS |  
2019-09-20 09:16:45,817 | INFO  | SCMAudit | user=jenkins1000 | ip=192.168.151.119 | op=SEND_HEARTBEAT {datanodeUUID=244cdd5c-3558-4577-8146-15a3e7a5ffb6, command=[]} | ret=SUCCESS |  
2019-09-20 09:16:46,016 | INFO  | SCMAudit | user=jenkins1000 | ip=192.168.151.119 | op=SEND_HEARTBEAT {datanodeUUID=244cdd5c-3558-4577-8146-15a3e7a5ffb6, command=[]} | ret=SUCCESS |  
2019-09-20 09:16:46,217 | INFO  | SCMAudit | user=jenkins1000 | ip=192.168.151.119 | op=SEND_HEARTBEAT {datanodeUUID=244cdd5c-3558-4577-8146-15a3e7a5ffb6, command=[]} | ret=SUCCESS |  
2019-09-20 09:16:46,416 | INFO  | SCMAudit | user=jenkins1000 | ip=192.168.151.119 | op=SEND_HEARTBEAT {datanodeUUID=244cdd5c-3558-4577-8146-15a3e7a5ffb6, command=[]} | ret=SUCCESS |  
2019-09-20 09:16:46,616 | INFO  | SCMAudit | user=jenkins1000 | ip=192.168.151.119 | op=SEND_HEARTBEAT {datanodeUUID=244cdd5c-3558-4577-8146-15a3e7a5ffb6, command=[]} | ret=SUCCESS |  
2019-09-20 09:16:46,817 | INFO  | SCMAudit | user=jenkins1000 | ip=192.168.151.119 | op=SEND_HEARTBEAT {datanodeUUID=244cdd5c-3558-4577-8146-15a3e7a5ffb6, command=[]} | ret=SUCCESS |  
2019-09-20 09:16:47,017 | INFO  | SCMAudit | user=jenkins1000 | ip=192.168.151.119 | op=SEND_HEARTBEAT {datanodeUUID=244cdd5c-3558-4577-8146-15a3e7a5ffb6, command=[]} | ret=SUCCESS |  
2019-09-20 09:16:47,217 | INFO  | SCMAudit | user=jenkins1000 | ip=192.168.151.119 | op=SEND_HEARTBEAT {datanodeUUID=244cdd5c-3558-4577-8146-15a3e7a5ffb6, command=[]} | ret=SUCCESS |  
2019-09-20 09:16:47,418 | INFO  | SCMAudit | user=jenkins1000 | ip=192.168.151.119 | op=SEND_HEARTBEAT {datanodeUUID=244cdd5c-3558-4577-8146-15a3e7a5ffb6, command=[]} | ret=SUCCESS |  
2019-09-20 09:16:47,617 | INFO  | SCMAudit | user=jenkins1000 | ip=192.168.151.119 | op=SEND_HEARTBEAT {datanodeUUID=244cdd5c-3558-4577-8146-15a3e7a5ffb6, command=[]} | ret=SUCCESS |  
2019-09-20 09:16:47,818 | INFO  | SCMAudit | user=jenkins1000 | ip=192.168.151.119 | op=SEND_HEARTBEAT {datanodeUUID=244cdd5c-3558-4577-8146-15a3e7a5ffb6, command=[]} | ret=SUCCESS |  
2019-09-20 09:16:48,017 | INFO  | SCMAudit | user=jenkins1000 | ip=192.168.151.119 | op=SEND_HEARTBEAT {datanodeUUID=244cdd5c-3558-4577-8146-15a3e7a5ffb6, command=[]} | ret=SUCCESS |  
2019-09-20 09:16:48,217 | INFO  | SCMAudit | user=jenkins1000 | ip=192.168.151.119 | op=SEND_HEARTBEAT {datanodeUUID=244cdd5c-3558-4577-8146-15a3e7a5ffb6, command=[]} | ret=SUCCESS |  
2019-09-20 09:16:48,418 | INFO  | SCMAudit | user=jenkins1000 | ip=192.168.151.119 | op=SEND_HEARTBEAT {datanodeUUID=244cdd5c-3558-4577-8146-15a3e7a5ffb6, command=[]} | ret=SUCCESS |  
2019-09-20 09:16:48,617 | INFO  | SCMAudit | user=jenkins1000 | ip=192.168.151.119 | op=SEND_HEARTBEAT {datanodeUUID=244cdd5c-3558-4577-8146-15a3e7a5ffb6, command=[]} | ret=SUCCESS |  
2019-09-20 09:16:48,818 | INFO  | SCMAudit | user=jenkins1000 | ip=192.168.151.119 | op=SEND_HEARTBEAT {datanodeUUID=244cdd5c-3558-4577-8146-15a3e7a5ffb6, command=[]} | ret=SUCCESS |  
2019-09-20 09:16:49,017 | INFO  | SCMAudit | user=jenkins1000 | ip=192.168.151.119 | op=SEND_HEARTBEAT {datanodeUUID=244cdd5c-3558-4577-8146-15a3e7a5ffb6, command=[]} | ret=SUCCESS |  
2019-09-20 09:16:49,218 | INFO  | SCMAudit | user=jenkins1000 | ip=192.168.151.119 | op=SEND_HEARTBEAT {datanodeUUID=244cdd5c-3558-4577-8146-15a3e7a5ffb6, command=[]} | ret=SUCCESS |  
2019-09-20 09:16:49,418 | INFO  | SCMAudit | user=jenkins1000 | ip=192.168.151.119 | op=SEND_HEARTBEAT {datanodeUUID=244cdd5c-3558-4577-8146-15a3e7a5ffb6, command=[]} | ret=SUCCESS |  
2019-09-20 09:16:49,617 | INFO  | SCMAudit | user=jenkins1000 | ip=192.168.151.119 | op=SEND_HEARTBEAT {datanodeUUID=244cdd5c-3558-4577-8146-15a3e7a5ffb6, command=[]} | ret=SUCCESS |  
2019-09-20 09:16:49,818 | INFO  | SCMAudit | user=jenkins1000 | ip=192.168.151.119 | op=SEND_HEARTBEAT {datanodeUUID=244cdd5c-3558-4577-8146-15a3e7a5ffb6, command=[]} | ret=SUCCESS |  
2019-09-20 09:16:50,019 | INFO  | SCMAudit | user=jenkins1000 | ip=192.168.151.119 | op=SEND_HEARTBEAT {datanodeUUID=244cdd5c-3558-4577-8146-15a3e7a5ffb6, command=[]} | ret=SUCCESS |  
2019-09-20 09:16:50,219 | INFO  | SCMAudit | user=jenkins1000 | ip=192.168.151.119 | op=SEND_HEARTBEAT {datanodeUUID=244cdd5c-3558-4577-8146-15a3e7a5ffb6, command=[]} | ret=SUCCESS |  
2019-09-20 09:16:50,419 | INFO  | SCMAudit | user=jenkins1000 | ip=192.168.151.119 | op=SEND_HEARTBEAT {datanodeUUID=244cdd5c-3558-4577-8146-15a3e7a5ffb6, command=[]} | ret=SUCCESS |  
2019-09-20 09:16:50,620 | INFO  | SCMAudit | user=jenkins1000 | ip=192.168.151.119 | op=SEND_HEARTBEAT {datanodeUUID=244cdd5c-3558-4577-8146-15a3e7a5ffb6, command=[]} | ret=SUCCESS |  
2019-09-20 09:16:50,820 | INFO  | SCMAudit | user=jenkins1000 | ip=192.168.151.119 | op=SEND_HEARTBEAT {datanodeUUID=244cdd5c-3558-4577-8146-15a3e7a5ffb6, command=[]} | ret=SUCCESS |  
2019-09-20 09:16:51,019 | INFO  | SCMAudit | user=jenkins1000 | ip=192.168.151.119 | op=SEND_HEARTBEAT {datanodeUUID=244cdd5c-3558-4577-8146-15a3e7a5ffb6, command=[]} | ret=SUCCESS |  
2019-09-20 09:16:51,220 | INFO  | SCMAudit | user=jenkins1000 | ip=192.168.151.119 | op=SEND_HEARTBEAT {datanodeUUID=244cdd5c-3558-4577-8146-15a3e7a5ffb6, command=[]} | ret=SUCCESS |  
2019-09-20 09:16:51,419 | INFO  | SCMAudit | user=jenkins1000 | ip=192.168.151.119 | op=SEND_HEARTBEAT {datanodeUUID=244cdd5c-3558-4577-8146-15a3e7a5ffb6, command=[]} | ret=SUCCESS |  
2019-09-20 09:16:51,619 | INFO  | SCMAudit | user=jenkins1000 | ip=192.168.151.119 | op=SEND_HEARTBEAT {datanodeUUID=244cdd5c-3558-4577-8146-15a3e7a5ffb6, command=[]} | ret=SUCCESS |  
2019-09-20 09:16:51,823 | INFO  | SCMAudit | user=jenkins1000 | ip=192.168.151.119 | op=SEND_HEARTBEAT {datanodeUUID=244cdd5c-3558-4577-8146-15a3e7a5ffb6, command=[]} | ret=SUCCESS |  
2019-09-20 09:16:52,019 | INFO  | SCMAudit | user=jenkins1000 | ip=192.168.151.119 | op=SEND_HEARTBEAT {datanodeUUID=244cdd5c-3558-4577-8146-15a3e7a5ffb6, command=[]} | ret=SUCCESS |  
2019-09-20 09:16:52,220 | INFO  | SCMAudit | user=jenkins1000 | ip=192.168.151.119 | op=SEND_HEARTBEAT {datanodeUUID=244cdd5c-3558-4577-8146-15a3e7a5ffb6, command=[]} | ret=SUCCESS |  
2019-09-20 09:16:52,420 | INFO  | SCMAudit | user=jenkins1000 | ip=192.168.151.119 | op=SEND_HEARTBEAT {datanodeUUID=244cdd5c-3558-4577-8146-15a3e7a5ffb6, command=[]} | ret=SUCCESS |  
2019-09-20 09:16:52,620 | INFO  | SCMAudit | user=jenkins1000 | ip=192.168.151.119 | op=SEND_HEARTBEAT {datanodeUUID=244cdd5c-3558-4577-8146-15a3e7a5ffb6, command=[]} | ret=SUCCESS |  
2019-09-20 09:16:52,821 | INFO  | SCMAudit | user=jenkins1000 | ip=192.168.151.119 | op=SEND_HEARTBEAT {datanodeUUID=244cdd5c-3558-4577-8146-15a3e7a5ffb6, command=[]} | ret=SUCCESS |  
2019-09-20 09:16:53,021 | INFO  | SCMAudit | user=jenkins1000 | ip=192.168.151.119 | op=SEND_HEARTBEAT {datanodeUUID=244cdd5c-3558-4577-8146-15a3e7a5ffb6, command=[]} | ret=SUCCESS |  
2019-09-20 09:16:53,221 | INFO  | SCMAudit | user=jenkins1000 | ip=192.168.151.119 | op=SEND_HEARTBEAT {datanodeUUID=244cdd5c-3558-4577-8146-15a3e7a5ffb6, command=[]} | ret=SUCCESS |  
2019-09-20 09:16:53,422 | INFO  | SCMAudit | user=jenkins1000 | ip=192.168.151.119 | op=SEND_HEARTBEAT {datanodeUUID=244cdd5c-3558-4577-8146-15a3e7a5ffb6, command=[]} | ret=SUCCESS |  
2019-09-20 09:16:53,622 | INFO  | SCMAudit | user=jenkins1000 | ip=192.168.151.119 | op=SEND_HEARTBEAT {datanodeUUID=244cdd5c-3558-4577-8146-15a3e7a5ffb6, command=[]} | ret=SUCCESS |  
2019-09-20 09:16:53,823 | INFO  | SCMAudit | user=jenkins1000 | ip=192.168.151.119 | op=SEND_HEARTBEAT {datanodeUUID=244cdd5c-3558-4577-8146-15a3e7a5ffb6, command=[]} | ret=SUCCESS |  
2019-09-20 09:16:54,023 | INFO  | SCMAudit | user=jenkins1000 | ip=192.168.151.119 | op=SEND_HEARTBEAT {datanodeUUID=244cdd5c-3558-4577-8146-15a3e7a5ffb6, command=[]} | ret=SUCCESS |  
2019-09-20 09:16:54,222 | INFO  | SCMAudit | user=jenkins1000 | ip=192.168.151.119 | op=SEND_HEARTBEAT {datanodeUUID=244cdd5c-3558-4577-8146-15a3e7a5ffb6, command=[]} | ret=SUCCESS |  
2019-09-20 09:16:54,422 | INFO  | SCMAudit | user=jenkins1000 | ip=192.168.151.119 | op=SEND_HEARTBEAT {datanodeUUID=244cdd5c-3558-4577-8146-15a3e7a5ffb6, command=[]} | ret=SUCCESS |  
2019-09-20 09:16:54,623 | INFO  | SCMAudit | user=jenkins1000 | ip=192.168.151.119 | op=SEND_HEARTBEAT {datanodeUUID=244cdd5c-3558-4577-8146-15a3e7a5ffb6, command=[]} | ret=SUCCESS |  
2019-09-20 09:16:54,823 | INFO  | SCMAudit | user=jenkins1000 | ip=192.168.151.119 | op=SEND_HEARTBEAT {datanodeUUID=244cdd5c-3558-4577-8146-15a3e7a5ffb6, command=[]} | ret=SUCCESS |  
2019-09-20 09:16:55,023 | INFO  | SCMAudit | user=jenkins1000 | ip=192.168.151.119 | op=SEND_HEARTBEAT {datanodeUUID=244cdd5c-3558-4577-8146-15a3e7a5ffb6, command=[]} | ret=SUCCESS |  
2019-09-20 09:16:55,224 | INFO  | SCMAudit | user=jenkins1000 | ip=192.168.151.119 | op=SEND_HEARTBEAT {datanodeUUID=244cdd5c-3558-4577-8146-15a3e7a5ffb6, command=[]} | ret=SUCCESS |  
2019-09-20 09:16:55,423 | INFO  | SCMAudit | user=jenkins1000 | ip=192.168.151.119 | op=SEND_HEARTBEAT {datanodeUUID=244cdd5c-3558-4577-8146-15a3e7a5ffb6, command=[]} | ret=SUCCESS |  
2019-09-20 09:16:55,624 | INFO  | SCMAudit | user=jenkins1000 | ip=192.168.151.119 | op=SEND_HEARTBEAT {datanodeUUID=244cdd5c-3558-4577-8146-15a3e7a5ffb6, command=[]} | ret=SUCCESS |  
2019-09-20 09:16:55,823 | INFO  | SCMAudit | user=jenkins1000 | ip=192.168.151.119 | op=SEND_HEARTBEAT {datanodeUUID=244cdd5c-3558-4577-8146-15a3e7a5ffb6, command=[]} | ret=SUCCESS |  
2019-09-20 09:16:56,023 | INFO  | SCMAudit | user=jenkins1000 | ip=192.168.151.119 | op=SEND_HEARTBEAT {datanodeUUID=244cdd5c-3558-4577-8146-15a3e7a5ffb6, command=[]} | ret=SUCCESS |  
2019-09-20 09:16:56,223 | INFO  | SCMAudit | user=jenkins1000 | ip=192.168.151.119 | op=SEND_HEARTBEAT {datanodeUUID=244cdd5c-3558-4577-8146-15a3e7a5ffb6, command=[]} | ret=SUCCESS |  
2019-09-20 09:16:56,424 | INFO  | SCMAudit | user=jenkins1000 | ip=192.168.151.119 | op=SEND_HEARTBEAT {datanodeUUID=244cdd5c-3558-4577-8146-15a3e7a5ffb6, command=[]} | ret=SUCCESS |  
2019-09-20 09:16:56,623 | INFO  | SCMAudit | user=jenkins1000 | ip=192.168.151.119 | op=SEND_HEARTBEAT {datanodeUUID=244cdd5c-3558-4577-8146-15a3e7a5ffb6, command=[]} | ret=SUCCESS |  
2019-09-20 09:16:56,824 | INFO  | SCMAudit | user=jenkins1000 | ip=192.168.151.119 | op=SEND_HEARTBEAT {datanodeUUID=244cdd5c-3558-4577-8146-15a3e7a5ffb6, command=[]} | ret=SUCCESS |  
2019-09-20 09:16:57,024 | INFO  | SCMAudit | user=jenkins1000 | ip=192.168.151.119 | op=SEND_HEARTBEAT {datanodeUUID=244cdd5c-3558-4577-8146-15a3e7a5ffb6, command=[]} | ret=SUCCESS |  
2019-09-20 09:16:57,224 | INFO  | SCMAudit | user=jenkins1000 | ip=192.168.151.119 | op=SEND_HEARTBEAT {datanodeUUID=244cdd5c-3558-4577-8146-15a3e7a5ffb6, command=[]} | ret=SUCCESS |  
2019-09-20 09:16:57,425 | INFO  | SCMAudit | user=jenkins1000 | ip=192.168.151.119 | op=SEND_HEARTBEAT {datanodeUUID=244cdd5c-3558-4577-8146-15a3e7a5ffb6, command=[]} | ret=SUCCESS |  
2019-09-20 09:16:57,625 | INFO  | SCMAudit | user=jenkins1000 | ip=192.168.151.119 | op=SEND_HEARTBEAT {datanodeUUID=244cdd5c-3558-4577-8146-15a3e7a5ffb6, command=[commandType: closePipelineCommand closePipelineCommandProto { pipelineID { id: "5c8a5299-3384-406a-b161-0367664f1180" } cmdId: 1568970695969 } ]} | ret=SUCCESS |  
2019-09-20 09:16:57,825 | INFO  | SCMAudit | user=jenkins1000 | ip=192.168.151.119 | op=SEND_HEARTBEAT {datanodeUUID=244cdd5c-3558-4577-8146-15a3e7a5ffb6, command=[]} | ret=SUCCESS |  
2019-09-20 09:16:58,025 | INFO  | SCMAudit | user=jenkins1000 | ip=192.168.151.119 | op=SEND_HEARTBEAT {datanodeUUID=244cdd5c-3558-4577-8146-15a3e7a5ffb6, command=[]} | ret=SUCCESS |  
2019-09-20 09:16:58,226 | INFO  | SCMAudit | user=jenkins1000 | ip=192.168.151.119 | op=SEND_HEARTBEAT {datanodeUUID=244cdd5c-3558-4577-8146-15a3e7a5ffb6, command=[]} | ret=SUCCESS |  
2019-09-20 09:16:58,426 | INFO  | SCMAudit | user=jenkins1000 | ip=192.168.151.119 | op=SEND_HEARTBEAT {datanodeUUID=244cdd5c-3558-4577-8146-15a3e7a5ffb6, command=[]} | ret=SUCCESS |  
2019-09-20 09:16:58,627 | INFO  | SCMAudit | user=jenkins1000 | ip=192.168.151.119 | op=SEND_HEARTBEAT {datanodeUUID=244cdd5c-3558-4577-8146-15a3e7a5ffb6, command=[]} | ret=SUCCESS |  
2019-09-20 09:16:58,828 | INFO  | SCMAudit | user=jenkins1000 | ip=192.168.151.119 | op=SEND_HEARTBEAT {datanodeUUID=244cdd5c-3558-4577-8146-15a3e7a5ffb6, command=[]} | ret=SUCCESS |  
2019-09-20 09:16:59,028 | INFO  | SCMAudit | user=jenkins1000 | ip=192.168.151.119 | op=SEND_HEARTBEAT {datanodeUUID=244cdd5c-3558-4577-8146-15a3e7a5ffb6, command=[]} | ret=SUCCESS |  
2019-09-20 09:16:59,228 | INFO  | SCMAudit | user=jenkins1000 | ip=192.168.151.119 | op=SEND_HEARTBEAT {datanodeUUID=244cdd5c-3558-4577-8146-15a3e7a5ffb6, command=[]} | ret=SUCCESS |  
2019-09-20 09:16:59,428 | INFO  | SCMAudit | user=jenkins1000 | ip=192.168.151.119 | op=SEND_HEARTBEAT {datanodeUUID=244cdd5c-3558-4577-8146-15a3e7a5ffb6, command=[]} | ret=SUCCESS |  
2019-09-20 09:16:59,629 | INFO  | SCMAudit | user=jenkins1000 | ip=192.168.151.119 | op=SEND_HEARTBEAT {datanodeUUID=244cdd5c-3558-4577-8146-15a3e7a5ffb6, command=[]} | ret=SUCCESS |  
2019-09-20 09:16:59,829 | INFO  | SCMAudit | user=jenkins1000 | ip=192.168.151.119 | op=SEND_HEARTBEAT {datanodeUUID=244cdd5c-3558-4577-8146-15a3e7a5ffb6, command=[]} | ret=SUCCESS |  
2019-09-20 09:17:00,029 | INFO  | SCMAudit | user=jenkins1000 | ip=192.168.151.119 | op=SEND_HEARTBEAT {datanodeUUID=244cdd5c-3558-4577-8146-15a3e7a5ffb6, command=[]} | ret=SUCCESS |  
2019-09-20 09:17:00,229 | INFO  | SCMAudit | user=jenkins1000 | ip=192.168.151.119 | op=SEND_HEARTBEAT {datanodeUUID=244cdd5c-3558-4577-8146-15a3e7a5ffb6, command=[]} | ret=SUCCESS |  
2019-09-20 09:17:00,430 | INFO  | SCMAudit | user=jenkins1000 | ip=192.168.151.119 | op=SEND_HEARTBEAT {datanodeUUID=244cdd5c-3558-4577-8146-15a3e7a5ffb6, command=[]} | ret=SUCCESS |  
2019-09-20 09:17:00,629 | INFO  | SCMAudit | user=jenkins1000 | ip=192.168.151.119 | op=SEND_HEARTBEAT {datanodeUUID=244cdd5c-3558-4577-8146-15a3e7a5ffb6, command=[]} | ret=SUCCESS |  
2019-09-20 09:17:00,830 | INFO  | SCMAudit | user=jenkins1000 | ip=192.168.151.119 | op=SEND_HEARTBEAT {datanodeUUID=244cdd5c-3558-4577-8146-15a3e7a5ffb6, command=[]} | ret=SUCCESS |  
2019-09-20 09:17:01,029 | INFO  | SCMAudit | user=jenkins1000 | ip=192.168.151.119 | op=SEND_HEARTBEAT {datanodeUUID=244cdd5c-3558-4577-8146-15a3e7a5ffb6, command=[]} | ret=SUCCESS |  
2019-09-20 09:17:01,229 | INFO  | SCMAudit | user=jenkins1000 | ip=192.168.151.119 | op=SEND_HEARTBEAT {datanodeUUID=244cdd5c-3558-4577-8146-15a3e7a5ffb6, command=[]} | ret=SUCCESS |  
2019-09-20 09:17:01,430 | INFO  | SCMAudit | user=jenkins1000 | ip=192.168.151.119 | op=SEND_HEARTBEAT {datanodeUUID=244cdd5c-3558-4577-8146-15a3e7a5ffb6, command=[]} | ret=SUCCESS |  
2019-09-20 09:17:01,630 | INFO  | SCMAudit | user=jenkins1000 | ip=192.168.151.119 | op=SEND_HEARTBEAT {datanodeUUID=244cdd5c-3558-4577-8146-15a3e7a5ffb6, command=[]} | ret=SUCCESS |  
2019-09-20 09:17:01,830 | INFO  | SCMAudit | user=jenkins1000 | ip=192.168.151.119 | op=SEND_HEARTBEAT {datanodeUUID=244cdd5c-3558-4577-8146-15a3e7a5ffb6, command=[]} | ret=SUCCESS |  
2019-09-20 09:17:02,031 | INFO  | SCMAudit | user=jenkins1000 | ip=192.168.151.119 | op=SEND_HEARTBEAT {datanodeUUID=244cdd5c-3558-4577-8146-15a3e7a5ffb6, command=[]} | ret=SUCCESS |  
2019-09-20 09:17:02,231 | INFO  | SCMAudit | user=jenkins1000 | ip=192.168.151.119 | op=SEND_HEARTBEAT {datanodeUUID=244cdd5c-3558-4577-8146-15a3e7a5ffb6, command=[]} | ret=SUCCESS |  
2019-09-20 09:17:02,431 | INFO  | SCMAudit | user=jenkins1000 | ip=192.168.151.119 | op=SEND_HEARTBEAT {datanodeUUID=244cdd5c-3558-4577-8146-15a3e7a5ffb6, command=[]} | ret=SUCCESS |  
2019-09-20 09:17:02,631 | INFO  | SCMAudit | user=jenkins1000 | ip=192.168.151.119 | op=SEND_HEARTBEAT {datanodeUUID=244cdd5c-3558-4577-8146-15a3e7a5ffb6, command=[]} | ret=SUCCESS |  
2019-09-20 09:17:02,832 | INFO  | SCMAudit | user=jenkins1000 | ip=192.168.151.119 | op=SEND_HEARTBEAT {datanodeUUID=244cdd5c-3558-4577-8146-15a3e7a5ffb6, command=[]} | ret=SUCCESS |  
2019-09-20 09:17:03,032 | INFO  | SCMAudit | user=jenkins1000 | ip=192.168.151.119 | op=SEND_HEARTBEAT {datanodeUUID=244cdd5c-3558-4577-8146-15a3e7a5ffb6, command=[]} | ret=SUCCESS |  
2019-09-20 09:17:03,232 | INFO  | SCMAudit | user=jenkins1000 | ip=192.168.151.119 | op=SEND_HEARTBEAT {datanodeUUID=244cdd5c-3558-4577-8146-15a3e7a5ffb6, command=[]} | ret=SUCCESS |  
2019-09-20 09:17:03,432 | INFO  | SCMAudit | user=jenkins1000 | ip=192.168.151.119 | op=SEND_HEARTBEAT {datanodeUUID=244cdd5c-3558-4577-8146-15a3e7a5ffb6, command=[]} | ret=SUCCESS |  
2019-09-20 09:17:03,632 | INFO  | SCMAudit | user=jenkins1000 | ip=192.168.151.119 | op=SEND_HEARTBEAT {datanodeUUID=244cdd5c-3558-4577-8146-15a3e7a5ffb6, command=[]} | ret=SUCCESS |  
2019-09-20 09:17:03,832 | INFO  | SCMAudit | user=jenkins1000 | ip=192.168.151.119 | op=SEND_HEARTBEAT {datanodeUUID=244cdd5c-3558-4577-8146-15a3e7a5ffb6, command=[]} | ret=SUCCESS |  
2019-09-20 09:17:04,032 | INFO  | SCMAudit | user=jenkins1000 | ip=192.168.151.119 | op=SEND_HEARTBEAT {datanodeUUID=244cdd5c-3558-4577-8146-15a3e7a5ffb6, command=[]} | ret=SUCCESS |  
2019-09-20 09:17:04,233 | INFO  | SCMAudit | user=jenkins1000 | ip=192.168.151.119 | op=SEND_HEARTBEAT {datanodeUUID=244cdd5c-3558-4577-8146-15a3e7a5ffb6, command=[]} | ret=SUCCESS |  
2019-09-20 09:17:04,433 | INFO  | SCMAudit | user=jenkins1000 | ip=192.168.151.119 | op=SEND_HEARTBEAT {datanodeUUID=244cdd5c-3558-4577-8146-15a3e7a5ffb6, command=[]} | ret=SUCCESS |  
2019-09-20 09:17:04,633 | INFO  | SCMAudit | user=jenkins1000 | ip=192.168.151.119 | op=SEND_HEARTBEAT {datanodeUUID=244cdd5c-3558-4577-8146-15a3e7a5ffb6, command=[]} | ret=SUCCESS |  
2019-09-20 09:17:04,834 | INFO  | SCMAudit | user=jenkins1000 | ip=192.168.151.119 | op=SEND_HEARTBEAT {datanodeUUID=244cdd5c-3558-4577-8146-15a3e7a5ffb6, command=[]} | ret=SUCCESS |  
2019-09-20 09:17:05,033 | INFO  | SCMAudit | user=jenkins1000 | ip=192.168.151.119 | op=SEND_HEARTBEAT {datanodeUUID=244cdd5c-3558-4577-8146-15a3e7a5ffb6, command=[]} | ret=SUCCESS |  
2019-09-20 09:17:05,234 | INFO  | SCMAudit | user=jenkins1000 | ip=192.168.151.119 | op=SEND_HEARTBEAT {datanodeUUID=244cdd5c-3558-4577-8146-15a3e7a5ffb6, command=[]} | ret=SUCCESS |  
2019-09-20 09:17:05,433 | INFO  | SCMAudit | user=jenkins1000 | ip=192.168.151.119 | op=SEND_HEARTBEAT {datanodeUUID=244cdd5c-3558-4577-8146-15a3e7a5ffb6, command=[]} | ret=SUCCESS |  
2019-09-20 09:17:05,634 | INFO  | SCMAudit | user=jenkins1000 | ip=192.168.151.119 | op=SEND_HEARTBEAT {datanodeUUID=244cdd5c-3558-4577-8146-15a3e7a5ffb6, command=[]} | ret=SUCCESS |  
2019-09-20 09:17:05,833 | INFO  | SCMAudit | user=jenkins1000 | ip=192.168.151.119 | op=SEND_HEARTBEAT {datanodeUUID=244cdd5c-3558-4577-8146-15a3e7a5ffb6, command=[]} | ret=SUCCESS |  
2019-09-20 09:17:06,034 | INFO  | SCMAudit | user=jenkins1000 | ip=192.168.151.119 | op=SEND_HEARTBEAT {datanodeUUID=244cdd5c-3558-4577-8146-15a3e7a5ffb6, command=[]} | ret=SUCCESS |  
2019-09-20 09:17:06,233 | INFO  | SCMAudit | user=jenkins1000 | ip=192.168.151.119 | op=SEND_HEARTBEAT {datanodeUUID=244cdd5c-3558-4577-8146-15a3e7a5ffb6, command=[]} | ret=SUCCESS |  
2019-09-20 09:17:06,434 | INFO  | SCMAudit | user=jenkins1000 | ip=192.168.151.119 | op=SEND_HEARTBEAT {datanodeUUID=244cdd5c-3558-4577-8146-15a3e7a5ffb6, command=[]} | ret=SUCCESS |  
2019-09-20 09:17:06,633 | INFO  | SCMAudit | user=jenkins1000 | ip=192.168.151.119 | op=SEND_HEARTBEAT {datanodeUUID=244cdd5c-3558-4577-8146-15a3e7a5ffb6, command=[]} | ret=SUCCESS |  
2019-09-20 09:17:06,834 | INFO  | SCMAudit | user=jenkins1000 | ip=192.168.151.119 | op=SEND_HEARTBEAT {datanodeUUID=244cdd5c-3558-4577-8146-15a3e7a5ffb6, command=[]} | ret=SUCCESS |  
2019-09-20 09:17:07,034 | INFO  | SCMAudit | user=jenkins1000 | ip=192.168.151.119 | op=SEND_HEARTBEAT {datanodeUUID=244cdd5c-3558-4577-8146-15a3e7a5ffb6, command=[]} | ret=SUCCESS |  
2019-09-20 09:17:07,234 | INFO  | SCMAudit | user=jenkins1000 | ip=192.168.151.119 | op=SEND_HEARTBEAT {datanodeUUID=244cdd5c-3558-4577-8146-15a3e7a5ffb6, command=[]} | ret=SUCCESS |  
2019-09-20 09:17:07,435 | INFO  | SCMAudit | user=jenkins1000 | ip=192.168.151.119 | op=SEND_HEARTBEAT {datanodeUUID=244cdd5c-3558-4577-8146-15a3e7a5ffb6, command=[]} | ret=SUCCESS |  
2019-09-20 09:17:07,634 | INFO  | SCMAudit | user=jenkins1000 | ip=192.168.151.119 | op=SEND_HEARTBEAT {datanodeUUID=244cdd5c-3558-4577-8146-15a3e7a5ffb6, command=[]} | ret=SUCCESS |  
2019-09-20 09:17:07,835 | INFO  | SCMAudit | user=jenkins1000 | ip=192.168.151.119 | op=SEND_HEARTBEAT {datanodeUUID=244cdd5c-3558-4577-8146-15a3e7a5ffb6, command=[]} | ret=SUCCESS |  
2019-09-20 09:17:08,035 | INFO  | SCMAudit | user=jenkins1000 | ip=192.168.151.119 | op=SEND_HEARTBEAT {datanodeUUID=244cdd5c-3558-4577-8146-15a3e7a5ffb6, command=[]} | ret=SUCCESS |  
2019-09-20 09:17:08,234 | INFO  | SCMAudit | user=jenkins1000 | ip=192.168.151.119 | op=SEND_HEARTBEAT {datanodeUUID=244cdd5c-3558-4577-8146-15a3e7a5ffb6, command=[]} | ret=SUCCESS |  
2019-09-20 09:17:08,435 | INFO  | SCMAudit | user=jenkins1000 | ip=192.168.151.119 | op=SEND_HEARTBEAT {datanodeUUID=244cdd5c-3558-4577-8146-15a3e7a5ffb6, command=[]} | ret=SUCCESS |  
2019-09-20 09:17:08,634 | INFO  | SCMAudit | user=jenkins1000 | ip=192.168.151.119 | op=SEND_HEARTBEAT {datanodeUUID=244cdd5c-3558-4577-8146-15a3e7a5ffb6, command=[]} | ret=SUCCESS |  
2019-09-20 09:17:08,835 | INFO  | SCMAudit | user=jenkins1000 | ip=192.168.151.119 | op=SEND_HEARTBEAT {datanodeUUID=244cdd5c-3558-4577-8146-15a3e7a5ffb6, command=[]} | ret=SUCCESS |  
2019-09-20 09:17:09,034 | INFO  | SCMAudit | user=jenkins1000 | ip=192.168.151.119 | op=SEND_HEARTBEAT {datanodeUUID=244cdd5c-3558-4577-8146-15a3e7a5ffb6, command=[]} | ret=SUCCESS |  
2019-09-20 09:17:09,235 | INFO  | SCMAudit | user=jenkins1000 | ip=192.168.151.119 | op=SEND_HEARTBEAT {datanodeUUID=244cdd5c-3558-4577-8146-15a3e7a5ffb6, command=[]} | ret=SUCCESS |  
2019-09-20 09:17:09,435 | INFO  | SCMAudit | user=jenkins1000 | ip=192.168.151.119 | op=SEND_HEARTBEAT {datanodeUUID=244cdd5c-3558-4577-8146-15a3e7a5ffb6, command=[]} | ret=SUCCESS |  
2019-09-20 09:17:09,636 | INFO  | SCMAudit | user=jenkins1000 | ip=192.168.151.119 | op=SEND_HEARTBEAT {datanodeUUID=244cdd5c-3558-4577-8146-15a3e7a5ffb6, command=[]} | ret=SUCCESS |  
2019-09-20 09:17:09,835 | INFO  | SCMAudit | user=jenkins1000 | ip=192.168.151.119 | op=SEND_HEARTBEAT {datanodeUUID=244cdd5c-3558-4577-8146-15a3e7a5ffb6, command=[]} | ret=SUCCESS |  
2019-09-20 09:17:10,036 | INFO  | SCMAudit | user=jenkins1000 | ip=192.168.151.119 | op=SEND_HEARTBEAT {datanodeUUID=244cdd5c-3558-4577-8146-15a3e7a5ffb6, command=[]} | ret=SUCCESS |  
2019-09-20 09:17:10,236 | INFO  | SCMAudit | user=jenkins1000 | ip=192.168.151.119 | op=SEND_HEARTBEAT {datanodeUUID=244cdd5c-3558-4577-8146-15a3e7a5ffb6, command=[]} | ret=SUCCESS |  
2019-09-20 09:17:10,437 | INFO  | SCMAudit | user=jenkins1000 | ip=192.168.151.119 | op=SEND_HEARTBEAT {datanodeUUID=244cdd5c-3558-4577-8146-15a3e7a5ffb6, command=[]} | ret=SUCCESS |  
2019-09-20 09:17:10,637 | INFO  | SCMAudit | user=jenkins1000 | ip=192.168.151.119 | op=SEND_HEARTBEAT {datanodeUUID=244cdd5c-3558-4577-8146-15a3e7a5ffb6, command=[]} | ret=SUCCESS |  
2019-09-20 09:17:10,837 | INFO  | SCMAudit | user=jenkins1000 | ip=192.168.151.119 | op=SEND_HEARTBEAT {datanodeUUID=244cdd5c-3558-4577-8146-15a3e7a5ffb6, command=[]} | ret=SUCCESS |  
2019-09-20 09:17:11,038 | INFO  | SCMAudit | user=jenkins1000 | ip=192.168.151.119 | op=SEND_HEARTBEAT {datanodeUUID=244cdd5c-3558-4577-8146-15a3e7a5ffb6, command=[]} | ret=SUCCESS |  
2019-09-20 09:17:11,237 | INFO  | SCMAudit | user=jenkins1000 | ip=192.168.151.119 | op=SEND_HEARTBEAT {datanodeUUID=244cdd5c-3558-4577-8146-15a3e7a5ffb6, command=[]} | ret=SUCCESS |  
2019-09-20 09:17:11,438 | INFO  | SCMAudit | user=jenkins1000 | ip=192.168.151.119 | op=SEND_HEARTBEAT {datanodeUUID=244cdd5c-3558-4577-8146-15a3e7a5ffb6, command=[]} | ret=SUCCESS |  
2019-09-20 09:17:11,637 | INFO  | SCMAudit | user=jenkins1000 | ip=192.168.151.119 | op=SEND_HEARTBEAT {datanodeUUID=244cdd5c-3558-4577-8146-15a3e7a5ffb6, command=[]} | ret=SUCCESS |  
2019-09-20 09:17:11,837 | INFO  | SCMAudit | user=jenkins1000 | ip=192.168.151.119 | op=SEND_HEARTBEAT {datanodeUUID=244cdd5c-3558-4577-8146-15a3e7a5ffb6, command=[]} | ret=SUCCESS |  
2019-09-20 09:17:12,038 | INFO  | SCMAudit | user=jenkins1000 | ip=192.168.151.119 | op=SEND_HEARTBEAT {datanodeUUID=244cdd5c-3558-4577-8146-15a3e7a5ffb6, command=[]} | ret=SUCCESS |  
2019-09-20 09:17:12,238 | INFO  | SCMAudit | user=jenkins1000 | ip=192.168.151.119 | op=SEND_HEARTBEAT {datanodeUUID=244cdd5c-3558-4577-8146-15a3e7a5ffb6, command=[]} | ret=SUCCESS |  
2019-09-20 09:17:12,438 | INFO  | SCMAudit | user=jenkins1000 | ip=192.168.151.119 | op=SEND_HEARTBEAT {datanodeUUID=244cdd5c-3558-4577-8146-15a3e7a5ffb6, command=[]} | ret=SUCCESS |  
2019-09-20 09:17:12,639 | INFO  | SCMAudit | user=jenkins1000 | ip=192.168.151.119 | op=SEND_HEARTBEAT {datanodeUUID=244cdd5c-3558-4577-8146-15a3e7a5ffb6, command=[]} | ret=SUCCESS |  
2019-09-20 09:17:12,838 | INFO  | SCMAudit | user=jenkins1000 | ip=192.168.151.119 | op=SEND_HEARTBEAT {datanodeUUID=244cdd5c-3558-4577-8146-15a3e7a5ffb6, command=[]} | ret=SUCCESS |  
2019-09-20 09:17:13,039 | INFO  | SCMAudit | user=jenkins1000 | ip=192.168.151.119 | op=SEND_HEARTBEAT {datanodeUUID=244cdd5c-3558-4577-8146-15a3e7a5ffb6, command=[]} | ret=SUCCESS |  
2019-09-20 09:17:13,238 | INFO  | SCMAudit | user=jenkins1000 | ip=192.168.151.119 | op=SEND_HEARTBEAT {datanodeUUID=244cdd5c-3558-4577-8146-15a3e7a5ffb6, command=[]} | ret=SUCCESS |  
2019-09-20 09:17:13,439 | INFO  | SCMAudit | user=jenkins1000 | ip=192.168.151.119 | op=SEND_HEARTBEAT {datanodeUUID=244cdd5c-3558-4577-8146-15a3e7a5ffb6, command=[]} | ret=SUCCESS |  
2019-09-20 09:17:13,638 | INFO  | SCMAudit | user=jenkins1000 | ip=192.168.151.119 | op=SEND_HEARTBEAT {datanodeUUID=244cdd5c-3558-4577-8146-15a3e7a5ffb6, command=[]} | ret=SUCCESS |  
2019-09-20 09:17:13,839 | INFO  | SCMAudit | user=jenkins1000 | ip=192.168.151.119 | op=SEND_HEARTBEAT {datanodeUUID=244cdd5c-3558-4577-8146-15a3e7a5ffb6, command=[]} | ret=SUCCESS |  
2019-09-20 09:17:14,039 | INFO  | SCMAudit | user=jenkins1000 | ip=192.168.151.119 | op=SEND_HEARTBEAT {datanodeUUID=244cdd5c-3558-4577-8146-15a3e7a5ffb6, command=[]} | ret=SUCCESS |  
2019-09-20 09:17:14,239 | INFO  | SCMAudit | user=jenkins1000 | ip=192.168.151.119 | op=SEND_HEARTBEAT {datanodeUUID=244cdd5c-3558-4577-8146-15a3e7a5ffb6, command=[]} | ret=SUCCESS |  
2019-09-20 09:17:14,440 | INFO  | SCMAudit | user=jenkins1000 | ip=192.168.151.119 | op=SEND_HEARTBEAT {datanodeUUID=244cdd5c-3558-4577-8146-15a3e7a5ffb6, command=[]} | ret=SUCCESS |  
2019-09-20 09:17:14,639 | INFO  | SCMAudit | user=jenkins1000 | ip=192.168.151.119 | op=SEND_HEARTBEAT {datanodeUUID=244cdd5c-3558-4577-8146-15a3e7a5ffb6, command=[]} | ret=SUCCESS |  
2019-09-20 09:17:14,840 | INFO  | SCMAudit | user=jenkins1000 | ip=192.168.151.119 | op=SEND_HEARTBEAT {datanodeUUID=244cdd5c-3558-4577-8146-15a3e7a5ffb6, command=[]} | ret=SUCCESS |  
2019-09-20 09:17:15,039 | INFO  | SCMAudit | user=jenkins1000 | ip=192.168.151.119 | op=SEND_HEARTBEAT {datanodeUUID=244cdd5c-3558-4577-8146-15a3e7a5ffb6, command=[]} | ret=SUCCESS |  
2019-09-20 09:17:15,240 | INFO  | SCMAudit | user=jenkins1000 | ip=192.168.151.119 | op=SEND_HEARTBEAT {datanodeUUID=244cdd5c-3558-4577-8146-15a3e7a5ffb6, command=[]} | ret=SUCCESS |  
2019-09-20 09:17:15,440 | INFO  | SCMAudit | user=jenkins1000 | ip=192.168.151.119 | op=SEND_HEARTBEAT {datanodeUUID=244cdd5c-3558-4577-8146-15a3e7a5ffb6, command=[]} | ret=SUCCESS |  
2019-09-20 09:17:15,641 | INFO  | SCMAudit | user=jenkins1000 | ip=192.168.151.119 | op=SEND_HEARTBEAT {datanodeUUID=244cdd5c-3558-4577-8146-15a3e7a5ffb6, command=[]} | ret=SUCCESS |  
2019-09-20 09:17:15,841 | INFO  | SCMAudit | user=jenkins1000 | ip=192.168.151.119 | op=SEND_HEARTBEAT {datanodeUUID=244cdd5c-3558-4577-8146-15a3e7a5ffb6, command=[]} | ret=SUCCESS |  
2019-09-20 09:17:16,040 | INFO  | SCMAudit | user=jenkins1000 | ip=192.168.151.119 | op=SEND_HEARTBEAT {datanodeUUID=244cdd5c-3558-4577-8146-15a3e7a5ffb6, command=[]} | ret=SUCCESS |  
2019-09-20 09:17:16,241 | INFO  | SCMAudit | user=jenkins1000 | ip=192.168.151.119 | op=SEND_HEARTBEAT {datanodeUUID=244cdd5c-3558-4577-8146-15a3e7a5ffb6, command=[]} | ret=SUCCESS |  
2019-09-20 09:17:16,441 | INFO  | SCMAudit | user=jenkins1000 | ip=192.168.151.119 | op=SEND_HEARTBEAT {datanodeUUID=244cdd5c-3558-4577-8146-15a3e7a5ffb6, command=[]} | ret=SUCCESS |  
2019-09-20 09:17:16,640 | INFO  | SCMAudit | user=jenkins1000 | ip=192.168.151.119 | op=SEND_HEARTBEAT {datanodeUUID=244cdd5c-3558-4577-8146-15a3e7a5ffb6, command=[]} | ret=SUCCESS |  
2019-09-20 09:17:16,841 | INFO  | SCMAudit | user=jenkins1000 | ip=192.168.151.119 | op=SEND_HEARTBEAT {datanodeUUID=244cdd5c-3558-4577-8146-15a3e7a5ffb6, command=[]} | ret=SUCCESS |  
2019-09-20 09:17:17,041 | INFO  | SCMAudit | user=jenkins1000 | ip=192.168.151.119 | op=SEND_HEARTBEAT {datanodeUUID=244cdd5c-3558-4577-8146-15a3e7a5ffb6, command=[]} | ret=SUCCESS |  
2019-09-20 09:17:17,241 | INFO  | SCMAudit | user=jenkins1000 | ip=192.168.151.119 | op=SEND_HEARTBEAT {datanodeUUID=244cdd5c-3558-4577-8146-15a3e7a5ffb6, command=[]} | ret=SUCCESS |  
2019-09-20 09:17:17,441 | INFO  | SCMAudit | user=jenkins1000 | ip=192.168.151.119 | op=SEND_HEARTBEAT {datanodeUUID=244cdd5c-3558-4577-8146-15a3e7a5ffb6, command=[]} | ret=SUCCESS |  
2019-09-20 09:17:17,642 | INFO  | SCMAudit | user=jenkins1000 | ip=192.168.151.119 | op=SEND_HEARTBEAT {datanodeUUID=244cdd5c-3558-4577-8146-15a3e7a5ffb6, command=[]} | ret=SUCCESS |  
2019-09-20 09:17:17,841 | INFO  | SCMAudit | user=jenkins1000 | ip=192.168.151.119 | op=SEND_HEARTBEAT {datanodeUUID=244cdd5c-3558-4577-8146-15a3e7a5ffb6, command=[]} | ret=SUCCESS |  
2019-09-20 09:17:18,041 | INFO  | SCMAudit | user=jenkins1000 | ip=192.168.151.119 | op=SEND_HEARTBEAT {datanodeUUID=244cdd5c-3558-4577-8146-15a3e7a5ffb6, command=[]} | ret=SUCCESS |  
2019-09-20 09:17:18,242 | INFO  | SCMAudit | user=jenkins1000 | ip=192.168.151.119 | op=SEND_HEARTBEAT {datanodeUUID=244cdd5c-3558-4577-8146-15a3e7a5ffb6, command=[]} | ret=SUCCESS |  
2019-09-20 09:17:18,441 | INFO  | SCMAudit | user=jenkins1000 | ip=192.168.151.119 | op=SEND_HEARTBEAT {datanodeUUID=244cdd5c-3558-4577-8146-15a3e7a5ffb6, command=[]} | ret=SUCCESS |  
2019-09-20 09:17:18,642 | INFO  | SCMAudit | user=jenkins1000 | ip=192.168.151.119 | op=SEND_HEARTBEAT {datanodeUUID=244cdd5c-3558-4577-8146-15a3e7a5ffb6, command=[]} | ret=SUCCESS |  
2019-09-20 09:17:18,842 | INFO  | SCMAudit | user=jenkins1000 | ip=192.168.151.119 | op=SEND_HEARTBEAT {datanodeUUID=244cdd5c-3558-4577-8146-15a3e7a5ffb6, command=[]} | ret=SUCCESS |  
2019-09-20 09:17:19,042 | INFO  | SCMAudit | user=jenkins1000 | ip=192.168.151.119 | op=SEND_HEARTBEAT {datanodeUUID=244cdd5c-3558-4577-8146-15a3e7a5ffb6, command=[]} | ret=SUCCESS |  
2019-09-20 09:17:19,243 | INFO  | SCMAudit | user=jenkins1000 | ip=192.168.151.119 | op=SEND_HEARTBEAT {datanodeUUID=244cdd5c-3558-4577-8146-15a3e7a5ffb6, command=[]} | ret=SUCCESS |  
2019-09-20 09:17:19,442 | INFO  | SCMAudit | user=jenkins1000 | ip=192.168.151.119 | op=SEND_HEARTBEAT {datanodeUUID=244cdd5c-3558-4577-8146-15a3e7a5ffb6, command=[]} | ret=SUCCESS |  
2019-09-20 09:17:19,643 | INFO  | SCMAudit | user=jenkins1000 | ip=192.168.151.119 | op=SEND_HEARTBEAT {datanodeUUID=244cdd5c-3558-4577-8146-15a3e7a5ffb6, command=[]} | ret=SUCCESS |  
2019-09-20 09:17:19,842 | INFO  | SCMAudit | user=jenkins1000 | ip=192.168.151.119 | op=SEND_HEARTBEAT {datanodeUUID=244cdd5c-3558-4577-8146-15a3e7a5ffb6, command=[]} | ret=SUCCESS |  
2019-09-20 09:17:20,042 | INFO  | SCMAudit | user=jenkins1000 | ip=192.168.151.119 | op=SEND_HEARTBEAT {datanodeUUID=244cdd5c-3558-4577-8146-15a3e7a5ffb6, command=[]} | ret=SUCCESS |  
2019-09-20 09:17:20,242 | INFO  | SCMAudit | user=jenkins1000 | ip=192.168.151.119 | op=SEND_HEARTBEAT {datanodeUUID=244cdd5c-3558-4577-8146-15a3e7a5ffb6, command=[]} | ret=SUCCESS |  
2019-09-20 09:17:20,443 | INFO  | SCMAudit | user=jenkins1000 | ip=192.168.151.119 | op=SEND_HEARTBEAT {datanodeUUID=244cdd5c-3558-4577-8146-15a3e7a5ffb6, command=[]} | ret=SUCCESS |  
2019-09-20 09:17:20,643 | INFO  | SCMAudit | user=jenkins1000 | ip=192.168.151.119 | op=SEND_HEARTBEAT {datanodeUUID=244cdd5c-3558-4577-8146-15a3e7a5ffb6, command=[]} | ret=SUCCESS |  
2019-09-20 09:17:20,843 | INFO  | SCMAudit | user=jenkins1000 | ip=192.168.151.119 | op=SEND_HEARTBEAT {datanodeUUID=244cdd5c-3558-4577-8146-15a3e7a5ffb6, command=[]} | ret=SUCCESS |  
2019-09-20 09:17:21,043 | INFO  | SCMAudit | user=jenkins1000 | ip=192.168.151.119 | op=SEND_HEARTBEAT {datanodeUUID=244cdd5c-3558-4577-8146-15a3e7a5ffb6, command=[]} | ret=SUCCESS |  
2019-09-20 09:17:21,243 | INFO  | SCMAudit | user=jenkins1000 | ip=192.168.151.119 | op=SEND_HEARTBEAT {datanodeUUID=244cdd5c-3558-4577-8146-15a3e7a5ffb6, command=[]} | ret=SUCCESS |  
2019-09-20 09:17:21,442 | INFO  | SCMAudit | user=jenkins1000 | ip=192.168.151.119 | op=SEND_HEARTBEAT {datanodeUUID=244cdd5c-3558-4577-8146-15a3e7a5ffb6, command=[]} | ret=SUCCESS |  
2019-09-20 09:17:21,643 | INFO  | SCMAudit | user=jenkins1000 | ip=192.168.151.119 | op=SEND_HEARTBEAT {datanodeUUID=244cdd5c-3558-4577-8146-15a3e7a5ffb6, command=[]} | ret=SUCCESS |  
2019-09-20 09:17:21,843 | INFO  | SCMAudit | user=jenkins1000 | ip=192.168.151.119 | op=SEND_HEARTBEAT {datanodeUUID=244cdd5c-3558-4577-8146-15a3e7a5ffb6, command=[]} | ret=SUCCESS |  
2019-09-20 09:17:22,045 | INFO  | SCMAudit | user=jenkins1000 | ip=192.168.151.119 | op=SEND_HEARTBEAT {datanodeUUID=244cdd5c-3558-4577-8146-15a3e7a5ffb6, command=[]} | ret=SUCCESS |  
2019-09-20 09:17:22,244 | INFO  | SCMAudit | user=jenkins1000 | ip=192.168.151.119 | op=SEND_HEARTBEAT {datanodeUUID=244cdd5c-3558-4577-8146-15a3e7a5ffb6, command=[]} | ret=SUCCESS |  
2019-09-20 09:17:22,445 | INFO  | SCMAudit | user=jenkins1000 | ip=192.168.151.119 | op=SEND_HEARTBEAT {datanodeUUID=244cdd5c-3558-4577-8146-15a3e7a5ffb6, command=[]} | ret=SUCCESS |  
2019-09-20 09:17:22,645 | INFO  | SCMAudit | user=jenkins1000 | ip=192.168.151.119 | op=SEND_HEARTBEAT {datanodeUUID=244cdd5c-3558-4577-8146-15a3e7a5ffb6, command=[]} | ret=SUCCESS |  
2019-09-20 09:17:22,844 | INFO  | SCMAudit | user=jenkins1000 | ip=192.168.151.119 | op=SEND_HEARTBEAT {datanodeUUID=244cdd5c-3558-4577-8146-15a3e7a5ffb6, command=[]} | ret=SUCCESS |  
2019-09-20 09:17:23,044 | INFO  | SCMAudit | user=jenkins1000 | ip=192.168.151.119 | op=SEND_HEARTBEAT {datanodeUUID=244cdd5c-3558-4577-8146-15a3e7a5ffb6, command=[]} | ret=SUCCESS |  
2019-09-20 09:17:23,245 | INFO  | SCMAudit | user=jenkins1000 | ip=192.168.151.119 | op=SEND_HEARTBEAT {datanodeUUID=244cdd5c-3558-4577-8146-15a3e7a5ffb6, command=[]} | ret=SUCCESS |  
2019-09-20 09:17:23,444 | INFO  | SCMAudit | user=jenkins1000 | ip=192.168.151.119 | op=SEND_HEARTBEAT {datanodeUUID=244cdd5c-3558-4577-8146-15a3e7a5ffb6, command=[]} | ret=SUCCESS |  
2019-09-20 09:17:23,645 | INFO  | SCMAudit | user=jenkins1000 | ip=192.168.151.119 | op=SEND_HEARTBEAT {datanodeUUID=244cdd5c-3558-4577-8146-15a3e7a5ffb6, command=[]} | ret=SUCCESS |  
2019-09-20 09:17:23,844 | INFO  | SCMAudit | user=jenkins1000 | ip=192.168.151.119 | op=SEND_HEARTBEAT {datanodeUUID=244cdd5c-3558-4577-8146-15a3e7a5ffb6, command=[]} | ret=SUCCESS |  
2019-09-20 09:17:24,045 | INFO  | SCMAudit | user=jenkins1000 | ip=192.168.151.119 | op=SEND_HEARTBEAT {datanodeUUID=244cdd5c-3558-4577-8146-15a3e7a5ffb6, command=[]} | ret=SUCCESS |  
2019-09-20 09:17:24,244 | INFO  | SCMAudit | user=jenkins1000 | ip=192.168.151.119 | op=SEND_HEARTBEAT {datanodeUUID=244cdd5c-3558-4577-8146-15a3e7a5ffb6, command=[]} | ret=SUCCESS |  
2019-09-20 09:17:24,445 | INFO  | SCMAudit | user=jenkins1000 | ip=192.168.151.119 | op=SEND_HEARTBEAT {datanodeUUID=244cdd5c-3558-4577-8146-15a3e7a5ffb6, command=[]} | ret=SUCCESS |  
2019-09-20 09:17:24,644 | INFO  | SCMAudit | user=jenkins1000 | ip=192.168.151.119 | op=SEND_HEARTBEAT {datanodeUUID=244cdd5c-3558-4577-8146-15a3e7a5ffb6, command=[]} | ret=SUCCESS |  
2019-09-20 09:17:24,845 | INFO  | SCMAudit | user=jenkins1000 | ip=192.168.151.119 | op=SEND_HEARTBEAT {datanodeUUID=244cdd5c-3558-4577-8146-15a3e7a5ffb6, command=[]} | ret=SUCCESS |  
2019-09-20 09:17:25,045 | INFO  | SCMAudit | user=jenkins1000 | ip=192.168.151.119 | op=SEND_HEARTBEAT {datanodeUUID=244cdd5c-3558-4577-8146-15a3e7a5ffb6, command=[]} | ret=SUCCESS |  
2019-09-20 09:17:25,244 | INFO  | SCMAudit | user=jenkins1000 | ip=192.168.151.119 | op=SEND_HEARTBEAT {datanodeUUID=244cdd5c-3558-4577-8146-15a3e7a5ffb6, command=[]} | ret=SUCCESS |  
2019-09-20 09:17:25,445 | INFO  | SCMAudit | user=jenkins1000 | ip=192.168.151.119 | op=SEND_HEARTBEAT {datanodeUUID=244cdd5c-3558-4577-8146-15a3e7a5ffb6, command=[]} | ret=SUCCESS |  
2019-09-20 09:17:25,644 | INFO  | SCMAudit | user=jenkins1000 | ip=192.168.151.119 | op=SEND_HEARTBEAT {datanodeUUID=244cdd5c-3558-4577-8146-15a3e7a5ffb6, command=[]} | ret=SUCCESS |  
2019-09-20 09:17:25,845 | INFO  | SCMAudit | user=jenkins1000 | ip=192.168.151.119 | op=SEND_HEARTBEAT {datanodeUUID=244cdd5c-3558-4577-8146-15a3e7a5ffb6, command=[]} | ret=SUCCESS |  
2019-09-20 09:17:26,045 | INFO  | SCMAudit | user=jenkins1000 | ip=192.168.151.119 | op=SEND_HEARTBEAT {datanodeUUID=244cdd5c-3558-4577-8146-15a3e7a5ffb6, command=[]} | ret=SUCCESS |  
2019-09-20 09:17:26,245 | INFO  | SCMAudit | user=jenkins1000 | ip=192.168.151.119 | op=SEND_HEARTBEAT {datanodeUUID=244cdd5c-3558-4577-8146-15a3e7a5ffb6, command=[]} | ret=SUCCESS |  
2019-09-20 09:17:26,445 | INFO  | SCMAudit | user=jenkins1000 | ip=192.168.151.119 | op=SEND_HEARTBEAT {datanodeUUID=244cdd5c-3558-4577-8146-15a3e7a5ffb6, command=[]} | ret=SUCCESS |  
2019-09-20 09:17:26,646 | INFO  | SCMAudit | user=jenkins1000 | ip=192.168.151.119 | op=SEND_HEARTBEAT {datanodeUUID=244cdd5c-3558-4577-8146-15a3e7a5ffb6, command=[]} | ret=SUCCESS |  
2019-09-20 09:17:26,845 | INFO  | SCMAudit | user=jenkins1000 | ip=192.168.151.119 | op=SEND_HEARTBEAT {datanodeUUID=244cdd5c-3558-4577-8146-15a3e7a5ffb6, command=[]} | ret=SUCCESS |  
2019-09-20 09:17:27,046 | INFO  | SCMAudit | user=jenkins1000 | ip=192.168.151.119 | op=SEND_HEARTBEAT {datanodeUUID=244cdd5c-3558-4577-8146-15a3e7a5ffb6, command=[]} | ret=SUCCESS |  
2019-09-20 09:17:27,245 | INFO  | SCMAudit | user=jenkins1000 | ip=192.168.151.119 | op=SEND_HEARTBEAT {datanodeUUID=244cdd5c-3558-4577-8146-15a3e7a5ffb6, command=[]} | ret=SUCCESS |  
2019-09-20 09:17:27,446 | INFO  | SCMAudit | user=jenkins1000 | ip=192.168.151.119 | op=SEND_HEARTBEAT {datanodeUUID=244cdd5c-3558-4577-8146-15a3e7a5ffb6, command=[]} | ret=SUCCESS |  
2019-09-20 09:17:27,645 | INFO  | SCMAudit | user=jenkins1000 | ip=192.168.151.119 | op=SEND_HEARTBEAT {datanodeUUID=244cdd5c-3558-4577-8146-15a3e7a5ffb6, command=[]} | ret=SUCCESS |  
2019-09-20 09:17:27,845 | INFO  | SCMAudit | user=jenkins1000 | ip=192.168.151.119 | op=SEND_HEARTBEAT {datanodeUUID=244cdd5c-3558-4577-8146-15a3e7a5ffb6, command=[]} | ret=SUCCESS |  
2019-09-20 09:17:28,046 | INFO  | SCMAudit | user=jenkins1000 | ip=192.168.151.119 | op=SEND_HEARTBEAT {datanodeUUID=244cdd5c-3558-4577-8146-15a3e7a5ffb6, command=[]} | ret=SUCCESS |  
2019-09-20 09:17:28,245 | INFO  | SCMAudit | user=jenkins1000 | ip=192.168.151.119 | op=SEND_HEARTBEAT {datanodeUUID=244cdd5c-3558-4577-8146-15a3e7a5ffb6, command=[]} | ret=SUCCESS |  
2019-09-20 09:17:28,445 | INFO  | SCMAudit | user=jenkins1000 | ip=192.168.151.119 | op=SEND_HEARTBEAT {datanodeUUID=244cdd5c-3558-4577-8146-15a3e7a5ffb6, command=[]} | ret=SUCCESS |  
2019-09-20 09:17:28,646 | INFO  | SCMAudit | user=jenkins1000 | ip=192.168.151.119 | op=SEND_HEARTBEAT {datanodeUUID=244cdd5c-3558-4577-8146-15a3e7a5ffb6, command=[]} | ret=SUCCESS |  
2019-09-20 09:17:28,846 | INFO  | SCMAudit | user=jenkins1000 | ip=192.168.151.119 | op=SEND_HEARTBEAT {datanodeUUID=244cdd5c-3558-4577-8146-15a3e7a5ffb6, command=[]} | ret=SUCCESS |  
2019-09-20 09:17:29,045 | INFO  | SCMAudit | user=jenkins1000 | ip=192.168.151.119 | op=SEND_HEARTBEAT {datanodeUUID=244cdd5c-3558-4577-8146-15a3e7a5ffb6, command=[]} | ret=SUCCESS |  
2019-09-20 09:17:29,246 | INFO  | SCMAudit | user=jenkins1000 | ip=192.168.151.119 | op=SEND_HEARTBEAT {datanodeUUID=244cdd5c-3558-4577-8146-15a3e7a5ffb6, command=[]} | ret=SUCCESS |  
2019-09-20 09:17:29,446 | INFO  | SCMAudit | user=jenkins1000 | ip=192.168.151.119 | op=SEND_HEARTBEAT {datanodeUUID=244cdd5c-3558-4577-8146-15a3e7a5ffb6, command=[]} | ret=SUCCESS |  
2019-09-20 09:17:29,646 | INFO  | SCMAudit | user=jenkins1000 | ip=192.168.151.119 | op=SEND_HEARTBEAT {datanodeUUID=244cdd5c-3558-4577-8146-15a3e7a5ffb6, command=[]} | ret=SUCCESS |  
2019-09-20 09:17:29,846 | INFO  | SCMAudit | user=jenkins1000 | ip=192.168.151.119 | op=SEND_HEARTBEAT {datanodeUUID=244cdd5c-3558-4577-8146-15a3e7a5ffb6, command=[]} | ret=SUCCESS |  
2019-09-20 09:17:30,046 | INFO  | SCMAudit | user=jenkins1000 | ip=192.168.151.119 | op=SEND_HEARTBEAT {datanodeUUID=244cdd5c-3558-4577-8146-15a3e7a5ffb6, command=[]} | ret=SUCCESS |  
2019-09-20 09:17:30,247 | INFO  | SCMAudit | user=jenkins1000 | ip=192.168.151.119 | op=SEND_HEARTBEAT {datanodeUUID=244cdd5c-3558-4577-8146-15a3e7a5ffb6, command=[]} | ret=SUCCESS |  
2019-09-20 09:17:30,446 | INFO  | SCMAudit | user=jenkins1000 | ip=192.168.151.119 | op=SEND_HEARTBEAT {datanodeUUID=244cdd5c-3558-4577-8146-15a3e7a5ffb6, command=[]} | ret=SUCCESS |  
2019-09-20 09:17:30,646 | INFO  | SCMAudit | user=jenkins1000 | ip=192.168.151.119 | op=SEND_HEARTBEAT {datanodeUUID=244cdd5c-3558-4577-8146-15a3e7a5ffb6, command=[]} | ret=SUCCESS |  
2019-09-20 09:17:30,846 | INFO  | SCMAudit | user=jenkins1000 | ip=192.168.151.119 | op=SEND_HEARTBEAT {datanodeUUID=244cdd5c-3558-4577-8146-15a3e7a5ffb6, command=[]} | ret=SUCCESS |  
2019-09-20 09:17:31,047 | INFO  | SCMAudit | user=jenkins1000 | ip=192.168.151.119 | op=SEND_HEARTBEAT {datanodeUUID=244cdd5c-3558-4577-8146-15a3e7a5ffb6, command=[]} | ret=SUCCESS |  
2019-09-20 09:17:31,246 | INFO  | SCMAudit | user=jenkins1000 | ip=192.168.151.119 | op=SEND_HEARTBEAT {datanodeUUID=244cdd5c-3558-4577-8146-15a3e7a5ffb6, command=[]} | ret=SUCCESS |  
2019-09-20 09:17:31,447 | INFO  | SCMAudit | user=jenkins1000 | ip=192.168.151.119 | op=SEND_HEARTBEAT {datanodeUUID=244cdd5c-3558-4577-8146-15a3e7a5ffb6, command=[]} | ret=SUCCESS |  
2019-09-20 09:17:31,646 | INFO  | SCMAudit | user=jenkins1000 | ip=192.168.151.119 | op=SEND_HEARTBEAT {datanodeUUID=244cdd5c-3558-4577-8146-15a3e7a5ffb6, command=[]} | ret=SUCCESS |  
2019-09-20 09:17:31,847 | INFO  | SCMAudit | user=jenkins1000 | ip=192.168.151.119 | op=SEND_HEARTBEAT {datanodeUUID=244cdd5c-3558-4577-8146-15a3e7a5ffb6, command=[]} | ret=SUCCESS |  
2019-09-20 09:17:32,047 | INFO  | SCMAudit | user=jenkins1000 | ip=192.168.151.119 | op=SEND_HEARTBEAT {datanodeUUID=244cdd5c-3558-4577-8146-15a3e7a5ffb6, command=[]} | ret=SUCCESS |  
2019-09-20 09:17:32,247 | INFO  | SCMAudit | user=jenkins1000 | ip=192.168.151.119 | op=SEND_HEARTBEAT {datanodeUUID=244cdd5c-3558-4577-8146-15a3e7a5ffb6, command=[]} | ret=SUCCESS |  
2019-09-20 09:17:32,448 | INFO  | SCMAudit | user=jenkins1000 | ip=192.168.151.119 | op=SEND_HEARTBEAT {datanodeUUID=244cdd5c-3558-4577-8146-15a3e7a5ffb6, command=[]} | ret=SUCCESS |  
2019-09-20 09:17:32,647 | INFO  | SCMAudit | user=jenkins1000 | ip=192.168.151.119 | op=SEND_HEARTBEAT {datanodeUUID=244cdd5c-3558-4577-8146-15a3e7a5ffb6, command=[]} | ret=SUCCESS |  
2019-09-20 09:17:32,848 | INFO  | SCMAudit | user=jenkins1000 | ip=192.168.151.119 | op=SEND_HEARTBEAT {datanodeUUID=244cdd5c-3558-4577-8146-15a3e7a5ffb6, command=[]} | ret=SUCCESS |  
2019-09-20 09:17:33,048 | INFO  | SCMAudit | user=jenkins1000 | ip=192.168.151.119 | op=SEND_HEARTBEAT {datanodeUUID=244cdd5c-3558-4577-8146-15a3e7a5ffb6, command=[]} | ret=SUCCESS |  
2019-09-20 09:17:33,248 | INFO  | SCMAudit | user=jenkins1000 | ip=192.168.151.119 | op=SEND_HEARTBEAT {datanodeUUID=244cdd5c-3558-4577-8146-15a3e7a5ffb6, command=[]} | ret=SUCCESS |  
2019-09-20 09:17:33,449 | INFO  | SCMAudit | user=jenkins1000 | ip=192.168.151.119 | op=SEND_HEARTBEAT {datanodeUUID=244cdd5c-3558-4577-8146-15a3e7a5ffb6, command=[]} | ret=SUCCESS |  
2019-09-20 09:17:33,649 | INFO  | SCMAudit | user=jenkins1000 | ip=192.168.151.119 | op=SEND_HEARTBEAT {datanodeUUID=244cdd5c-3558-4577-8146-15a3e7a5ffb6, command=[]} | ret=SUCCESS |  
2019-09-20 09:17:33,849 | INFO  | SCMAudit | user=jenkins1000 | ip=192.168.151.119 | op=SEND_HEARTBEAT {datanodeUUID=244cdd5c-3558-4577-8146-15a3e7a5ffb6, command=[]} | ret=SUCCESS |  
2019-09-20 09:17:34,049 | INFO  | SCMAudit | user=jenkins1000 | ip=192.168.151.119 | op=SEND_HEARTBEAT {datanodeUUID=244cdd5c-3558-4577-8146-15a3e7a5ffb6, command=[]} | ret=SUCCESS |  
2019-09-20 09:17:34,249 | INFO  | SCMAudit | user=jenkins1000 | ip=192.168.151.119 | op=SEND_HEARTBEAT {datanodeUUID=244cdd5c-3558-4577-8146-15a3e7a5ffb6, command=[]} | ret=SUCCESS |  
2019-09-20 09:17:34,448 | INFO  | SCMAudit | user=jenkins1000 | ip=192.168.151.119 | op=SEND_HEARTBEAT {datanodeUUID=244cdd5c-3558-4577-8146-15a3e7a5ffb6, command=[]} | ret=SUCCESS |  
2019-09-20 09:17:34,649 | INFO  | SCMAudit | user=jenkins1000 | ip=192.168.151.119 | op=SEND_HEARTBEAT {datanodeUUID=244cdd5c-3558-4577-8146-15a3e7a5ffb6, command=[]} | ret=SUCCESS |  
2019-09-20 09:17:34,848 | INFO  | SCMAudit | user=jenkins1000 | ip=192.168.151.119 | op=SEND_HEARTBEAT {datanodeUUID=244cdd5c-3558-4577-8146-15a3e7a5ffb6, command=[]} | ret=SUCCESS |  
2019-09-20 09:17:35,049 | INFO  | SCMAudit | user=jenkins1000 | ip=192.168.151.119 | op=SEND_HEARTBEAT {datanodeUUID=244cdd5c-3558-4577-8146-15a3e7a5ffb6, command=[]} | ret=SUCCESS |  
2019-09-20 09:17:35,248 | INFO  | SCMAudit | user=jenkins1000 | ip=192.168.151.119 | op=SEND_HEARTBEAT {datanodeUUID=244cdd5c-3558-4577-8146-15a3e7a5ffb6, command=[]} | ret=SUCCESS |  
2019-09-20 09:17:35,449 | INFO  | SCMAudit | user=jenkins1000 | ip=192.168.151.119 | op=SEND_HEARTBEAT {datanodeUUID=244cdd5c-3558-4577-8146-15a3e7a5ffb6, command=[]} | ret=SUCCESS |  
2019-09-20 09:17:35,648 | INFO  | SCMAudit | user=jenkins1000 | ip=192.168.151.119 | op=SEND_HEARTBEAT {datanodeUUID=244cdd5c-3558-4577-8146-15a3e7a5ffb6, command=[]} | ret=SUCCESS |  
2019-09-20 09:17:35,849 | INFO  | SCMAudit | user=jenkins1000 | ip=192.168.151.119 | op=SEND_HEARTBEAT {datanodeUUID=244cdd5c-3558-4577-8146-15a3e7a5ffb6, command=[]} | ret=SUCCESS |  
2019-09-20 09:17:36,049 | INFO  | SCMAudit | user=jenkins1000 | ip=192.168.151.119 | op=SEND_HEARTBEAT {datanodeUUID=244cdd5c-3558-4577-8146-15a3e7a5ffb6, command=[]} | ret=SUCCESS |  
2019-09-20 09:17:36,249 | INFO  | SCMAudit | user=jenkins1000 | ip=192.168.151.119 | op=SEND_HEARTBEAT {datanodeUUID=244cdd5c-3558-4577-8146-15a3e7a5ffb6, command=[]} | ret=SUCCESS |  
2019-09-20 09:17:36,450 | INFO  | SCMAudit | user=jenkins1000 | ip=192.168.151.119 | op=SEND_HEARTBEAT {datanodeUUID=244cdd5c-3558-4577-8146-15a3e7a5ffb6, command=[]} | ret=SUCCESS |  
2019-09-20 09:17:36,651 | INFO  | SCMAudit | user=jenkins1000 | ip=192.168.151.119 | op=SEND_HEARTBEAT {datanodeUUID=244cdd5c-3558-4577-8146-15a3e7a5ffb6, command=[]} | ret=SUCCESS |  
2019-09-20 09:17:36,852 | INFO  | SCMAudit | user=jenkins1000 | ip=192.168.151.119 | op=SEND_HEARTBEAT {datanodeUUID=244cdd5c-3558-4577-8146-15a3e7a5ffb6, command=[]} | ret=SUCCESS |  
2019-09-20 09:17:37,052 | INFO  | SCMAudit | user=jenkins1000 | ip=192.168.151.119 | op=SEND_HEARTBEAT {datanodeUUID=244cdd5c-3558-4577-8146-15a3e7a5ffb6, command=[]} | ret=SUCCESS |  
2019-09-20 09:17:37,252 | INFO  | SCMAudit | user=jenkins1000 | ip=192.168.151.119 | op=SEND_HEARTBEAT {datanodeUUID=244cdd5c-3558-4577-8146-15a3e7a5ffb6, command=[]} | ret=SUCCESS |  
2019-09-20 09:17:37,453 | INFO  | SCMAudit | user=jenkins1000 | ip=192.168.151.119 | op=SEND_HEARTBEAT {datanodeUUID=244cdd5c-3558-4577-8146-15a3e7a5ffb6, command=[]} | ret=SUCCESS |  
2019-09-20 09:17:37,653 | INFO  | SCMAudit | user=jenkins1000 | ip=192.168.151.119 | op=SEND_HEARTBEAT {datanodeUUID=244cdd5c-3558-4577-8146-15a3e7a5ffb6, command=[]} | ret=SUCCESS |  
2019-09-20 09:17:37,853 | INFO  | SCMAudit | user=jenkins1000 | ip=192.168.151.119 | op=SEND_HEARTBEAT {datanodeUUID=244cdd5c-3558-4577-8146-15a3e7a5ffb6, command=[]} | ret=SUCCESS |  
2019-09-20 09:17:38,054 | INFO  | SCMAudit | user=jenkins1000 | ip=192.168.151.119 | op=SEND_HEARTBEAT {datanodeUUID=244cdd5c-3558-4577-8146-15a3e7a5ffb6, command=[]} | ret=SUCCESS |  
2019-09-20 09:17:38,254 | INFO  | SCMAudit | user=jenkins1000 | ip=192.168.151.119 | op=SEND_HEARTBEAT {datanodeUUID=244cdd5c-3558-4577-8146-15a3e7a5ffb6, command=[]} | ret=SUCCESS |  
2019-09-20 09:17:38,454 | INFO  | SCMAudit | user=jenkins1000 | ip=192.168.151.119 | op=SEND_HEARTBEAT {datanodeUUID=244cdd5c-3558-4577-8146-15a3e7a5ffb6, command=[]} | ret=SUCCESS |  
2019-09-20 09:17:38,655 | INFO  | SCMAudit | user=jenkins1000 | ip=192.168.151.119 | op=SEND_HEARTBEAT {datanodeUUID=244cdd5c-3558-4577-8146-15a3e7a5ffb6, command=[]} | ret=SUCCESS |  
2019-09-20 09:17:38,855 | INFO  | SCMAudit | user=jenkins1000 | ip=192.168.151.119 | op=SEND_HEARTBEAT {datanodeUUID=244cdd5c-3558-4577-8146-15a3e7a5ffb6, command=[]} | ret=SUCCESS |  
2019-09-20 09:17:39,055 | INFO  | SCMAudit | user=jenkins1000 | ip=192.168.151.119 | op=SEND_HEARTBEAT {datanodeUUID=244cdd5c-3558-4577-8146-15a3e7a5ffb6, command=[]} | ret=SUCCESS |  
2019-09-20 09:17:39,257 | INFO  | SCMAudit | user=jenkins1000 | ip=192.168.151.119 | op=SEND_HEARTBEAT {datanodeUUID=244cdd5c-3558-4577-8146-15a3e7a5ffb6, command=[]} | ret=SUCCESS |  
2019-09-20 09:17:39,455 | INFO  | SCMAudit | user=jenkins1000 | ip=192.168.151.119 | op=SEND_HEARTBEAT {datanodeUUID=244cdd5c-3558-4577-8146-15a3e7a5ffb6, command=[]} | ret=SUCCESS |  
2019-09-20 09:17:39,655 | INFO  | SCMAudit | user=jenkins1000 | ip=192.168.151.119 | op=SEND_HEARTBEAT {datanodeUUID=244cdd5c-3558-4577-8146-15a3e7a5ffb6, command=[]} | ret=SUCCESS |  
2019-09-20 09:17:39,856 | INFO  | SCMAudit | user=jenkins1000 | ip=192.168.151.119 | op=SEND_HEARTBEAT {datanodeUUID=244cdd5c-3558-4577-8146-15a3e7a5ffb6, command=[]} | ret=SUCCESS |  
2019-09-20 09:17:40,056 | INFO  | SCMAudit | user=jenkins1000 | ip=192.168.151.119 | op=SEND_HEARTBEAT {datanodeUUID=244cdd5c-3558-4577-8146-15a3e7a5ffb6, command=[]} | ret=SUCCESS |  
2019-09-20 09:17:40,257 | INFO  | SCMAudit | user=jenkins1000 | ip=192.168.151.119 | op=SEND_HEARTBEAT {datanodeUUID=244cdd5c-3558-4577-8146-15a3e7a5ffb6, command=[]} | ret=SUCCESS |  
2019-09-20 09:17:40,457 | INFO  | SCMAudit | user=jenkins1000 | ip=192.168.151.119 | op=SEND_HEARTBEAT {datanodeUUID=244cdd5c-3558-4577-8146-15a3e7a5ffb6, command=[]} | ret=SUCCESS |  
2019-09-20 09:17:40,657 | INFO  | SCMAudit | user=jenkins1000 | ip=192.168.151.119 | op=SEND_HEARTBEAT {datanodeUUID=244cdd5c-3558-4577-8146-15a3e7a5ffb6, command=[]} | ret=SUCCESS |  
2019-09-20 09:17:40,857 | INFO  | SCMAudit | user=jenkins1000 | ip=192.168.151.119 | op=SEND_HEARTBEAT {datanodeUUID=244cdd5c-3558-4577-8146-15a3e7a5ffb6, command=[]} | ret=SUCCESS |  
2019-09-20 09:17:41,057 | INFO  | SCMAudit | user=jenkins1000 | ip=192.168.151.119 | op=SEND_HEARTBEAT {datanodeUUID=244cdd5c-3558-4577-8146-15a3e7a5ffb6, command=[]} | ret=SUCCESS |  
2019-09-20 09:17:41,258 | INFO  | SCMAudit | user=jenkins1000 | ip=192.168.151.119 | op=SEND_HEARTBEAT {datanodeUUID=244cdd5c-3558-4577-8146-15a3e7a5ffb6, command=[]} | ret=SUCCESS |  
2019-09-20 09:17:41,457 | INFO  | SCMAudit | user=jenkins1000 | ip=192.168.151.119 | op=SEND_HEARTBEAT {datanodeUUID=244cdd5c-3558-4577-8146-15a3e7a5ffb6, command=[]} | ret=SUCCESS |  
2019-09-20 09:17:41,657 | INFO  | SCMAudit | user=jenkins1000 | ip=192.168.151.119 | op=SEND_HEARTBEAT {datanodeUUID=244cdd5c-3558-4577-8146-15a3e7a5ffb6, command=[]} | ret=SUCCESS |  
2019-09-20 09:17:41,858 | INFO  | SCMAudit | user=jenkins1000 | ip=192.168.151.119 | op=SEND_HEARTBEAT {datanodeUUID=244cdd5c-3558-4577-8146-15a3e7a5ffb6, command=[]} | ret=SUCCESS |  
2019-09-20 09:17:42,058 | INFO  | SCMAudit | user=jenkins1000 | ip=192.168.151.119 | op=SEND_HEARTBEAT {datanodeUUID=244cdd5c-3558-4577-8146-15a3e7a5ffb6, command=[]} | ret=SUCCESS |  
2019-09-20 09:17:42,258 | INFO  | SCMAudit | user=jenkins1000 | ip=192.168.151.119 | op=SEND_HEARTBEAT {datanodeUUID=244cdd5c-3558-4577-8146-15a3e7a5ffb6, command=[]} | ret=SUCCESS |  
2019-09-20 09:17:42,459 | INFO  | SCMAudit | user=jenkins1000 | ip=192.168.151.119 | op=SEND_HEARTBEAT {datanodeUUID=244cdd5c-3558-4577-8146-15a3e7a5ffb6, command=[]} | ret=SUCCESS |  
2019-09-20 09:17:42,659 | INFO  | SCMAudit | user=jenkins1000 | ip=192.168.151.119 | op=SEND_HEARTBEAT {datanodeUUID=244cdd5c-3558-4577-8146-15a3e7a5ffb6, command=[]} | ret=SUCCESS |  
2019-09-20 09:17:42,858 | INFO  | SCMAudit | user=jenkins1000 | ip=192.168.151.119 | op=SEND_HEARTBEAT {datanodeUUID=244cdd5c-3558-4577-8146-15a3e7a5ffb6, command=[]} | ret=SUCCESS |  
2019-09-20 09:17:43,059 | INFO  | SCMAudit | user=jenkins1000 | ip=192.168.151.119 | op=SEND_HEARTBEAT {datanodeUUID=244cdd5c-3558-4577-8146-15a3e7a5ffb6, command=[]} | ret=SUCCESS |  
2019-09-20 09:17:43,258 | INFO  | SCMAudit | user=jenkins1000 | ip=192.168.151.119 | op=SEND_HEARTBEAT {datanodeUUID=244cdd5c-3558-4577-8146-15a3e7a5ffb6, command=[]} | ret=SUCCESS |  
2019-09-20 09:17:43,459 | INFO  | SCMAudit | user=jenkins1000 | ip=192.168.151.119 | op=SEND_HEARTBEAT {datanodeUUID=244cdd5c-3558-4577-8146-15a3e7a5ffb6, command=[]} | ret=SUCCESS |  
2019-09-20 09:17:43,659 | INFO  | SCMAudit | user=jenkins1000 | ip=192.168.151.119 | op=SEND_HEARTBEAT {datanodeUUID=244cdd5c-3558-4577-8146-15a3e7a5ffb6, command=[]} | ret=SUCCESS |  
2019-09-20 09:17:43,859 | INFO  | SCMAudit | user=jenkins1000 | ip=192.168.151.119 | op=SEND_HEARTBEAT {datanodeUUID=244cdd5c-3558-4577-8146-15a3e7a5ffb6, command=[]} | ret=SUCCESS |  
2019-09-20 09:17:44,060 | INFO  | SCMAudit | user=jenkins1000 | ip=192.168.151.119 | op=SEND_HEARTBEAT {datanodeUUID=244cdd5c-3558-4577-8146-15a3e7a5ffb6, command=[]} | ret=SUCCESS |  
2019-09-20 09:17:44,260 | INFO  | SCMAudit | user=jenkins1000 | ip=192.168.151.119 | op=SEND_HEARTBEAT {datanodeUUID=244cdd5c-3558-4577-8146-15a3e7a5ffb6, command=[]} | ret=SUCCESS |  
2019-09-20 09:17:44,460 | INFO  | SCMAudit | user=jenkins1000 | ip=192.168.151.119 | op=SEND_HEARTBEAT {datanodeUUID=244cdd5c-3558-4577-8146-15a3e7a5ffb6, command=[]} | ret=SUCCESS |  
2019-09-20 09:17:44,660 | INFO  | SCMAudit | user=jenkins1000 | ip=192.168.151.119 | op=SEND_HEARTBEAT {datanodeUUID=244cdd5c-3558-4577-8146-15a3e7a5ffb6, command=[]} | ret=SUCCESS |  
2019-09-20 09:17:44,860 | INFO  | SCMAudit | user=jenkins1000 | ip=192.168.151.119 | op=SEND_HEARTBEAT {datanodeUUID=244cdd5c-3558-4577-8146-15a3e7a5ffb6, command=[]} | ret=SUCCESS |  
2019-09-20 09:17:45,061 | INFO  | SCMAudit | user=jenkins1000 | ip=192.168.151.119 | op=SEND_HEARTBEAT {datanodeUUID=244cdd5c-3558-4577-8146-15a3e7a5ffb6, command=[]} | ret=SUCCESS |  
2019-09-20 09:17:45,261 | INFO  | SCMAudit | user=jenkins1000 | ip=192.168.151.119 | op=SEND_HEARTBEAT {datanodeUUID=244cdd5c-3558-4577-8146-15a3e7a5ffb6, command=[]} | ret=SUCCESS |  
2019-09-20 09:17:45,461 | INFO  | SCMAudit | user=jenkins1000 | ip=192.168.151.119 | op=SEND_HEARTBEAT {datanodeUUID=244cdd5c-3558-4577-8146-15a3e7a5ffb6, command=[]} | ret=SUCCESS |  
2019-09-20 09:17:45,661 | INFO  | SCMAudit | user=jenkins1000 | ip=192.168.151.119 | op=SEND_HEARTBEAT {datanodeUUID=244cdd5c-3558-4577-8146-15a3e7a5ffb6, command=[]} | ret=SUCCESS |  
2019-09-20 09:17:45,862 | INFO  | SCMAudit | user=jenkins1000 | ip=192.168.151.119 | op=SEND_HEARTBEAT {datanodeUUID=244cdd5c-3558-4577-8146-15a3e7a5ffb6, command=[]} | ret=SUCCESS |  
2019-09-20 09:17:46,062 | INFO  | SCMAudit | user=jenkins1000 | ip=192.168.151.119 | op=SEND_HEARTBEAT {datanodeUUID=244cdd5c-3558-4577-8146-15a3e7a5ffb6, command=[]} | ret=SUCCESS |  
2019-09-20 09:17:46,113 [main] WARN  io.KeyOutputStream (KeyOutputStream.java:handleException(276)) - Encountered exception java.io.IOException: Unexpected Storage Container Exception: java.util.concurrent.CompletionException: java.util.concurrent.CompletionException: org.apache.ratis.protocol.RaftRetryFailureException: Failed RaftClientRequest:client-91CF34792233->244cdd5c-3558-4577-8146-15a3e7a5ffb6@group-0367664F1180, cid=3, seq=3*, RW, org.apache.hadoop.hdds.scm.XceiverClientRatis$$Lambda$322/1777112002@23e01c14 for 180 attempts with RetryLimited(maxAttempts=180, sleepTime=1000ms) on the pipeline Pipeline[ Id: 5c8a5299-3384-406a-b161-0367664f1180, Nodes: 244cdd5c-3558-4577-8146-15a3e7a5ffb6{ip: 192.168.151.119, host: pr-hdds-2034-wmsbd-1222111393, networkLocation: /default-rack, certSerialId: null}, Type:RATIS, Factor:ONE, State:OPEN]. The last committed block length is 5, uncommitted data length is 5 retry count 0
2019-09-20 09:17:46,146 [IPC Server handler 18 on 41189] WARN  block.BlockManagerImpl (BlockManagerImpl.java:allocateBlock(221)) - Pipeline creation failed for type:RATIS factor:ONE. Retrying get pipelines call once.
org.apache.hadoop.hdds.scm.pipeline.InsufficientDatanodesException: Cannot create pipeline of factor 1 using 0 nodes.
	at org.apache.hadoop.hdds.scm.pipeline.RatisPipelineProvider.create(RatisPipelineProvider.java:145)
	at org.apache.hadoop.hdds.scm.pipeline.PipelineFactory.create(PipelineFactory.java:59)
	at org.apache.hadoop.hdds.scm.pipeline.SCMPipelineManager.createPipeline(SCMPipelineManager.java:171)
	at org.apache.hadoop.hdds.scm.block.BlockManagerImpl.allocateBlock(BlockManagerImpl.java:210)
	at org.apache.hadoop.hdds.scm.server.SCMBlockProtocolServer.allocateBlock(SCMBlockProtocolServer.java:175)
	at org.apache.hadoop.ozone.protocolPB.ScmBlockLocationProtocolServerSideTranslatorPB.allocateScmBlock(ScmBlockLocationProtocolServerSideTranslatorPB.java:153)
	at org.apache.hadoop.ozone.protocolPB.ScmBlockLocationProtocolServerSideTranslatorPB.send(ScmBlockLocationProtocolServerSideTranslatorPB.java:112)
	at org.apache.hadoop.hdds.protocol.proto.ScmBlockLocationProtocolProtos$ScmBlockLocationProtocolService$2.callBlockingMethod(ScmBlockLocationProtocolProtos.java:13157)
	at org.apache.hadoop.ipc.ProtobufRpcEngine$Server$ProtoBufRpcInvoker.call(ProtobufRpcEngine.java:524)
	at org.apache.hadoop.ipc.RPC$Server.call(RPC.java:1025)
	at org.apache.hadoop.ipc.Server$RpcCall.run(Server.java:876)
	at org.apache.hadoop.ipc.Server$RpcCall.run(Server.java:822)
	at java.security.AccessController.doPrivileged(Native Method)
	at javax.security.auth.Subject.doAs(Subject.java:422)
	at org.apache.hadoop.security.UserGroupInformation.doAs(UserGroupInformation.java:1730)
	at org.apache.hadoop.ipc.Server$Handler.run(Server.java:2682)
2019-09-20 09:17:46,146 [IPC Server handler 18 on 41189] INFO  block.BlockManagerImpl (BlockManagerImpl.java:allocateBlock(227)) - Could not find available pipeline of type:RATIS and factor:ONE even after retrying
2019-09-20 09:17:46,147 [IPC Server handler 18 on 41189] ERROR block.BlockManagerImpl (BlockManagerImpl.java:allocateBlock(251)) - Unable to allocate a block for the size: 4194304, type: RATIS, factor: ONE
2019-09-20 09:17:46,147 | INFO  | SCMAudit | user=jenkins1000 | ip=192.168.151.119 | op=ALLOCATE_BLOCK {owner=478c8e5c-0d80-4e15-8ef2-e35a102890fb, size=4194304, type=RATIS, factor=ONE} | ret=SUCCESS |  
2019-09-20 09:17:46,150 | ERROR | OMAudit | user=jenkins1000 | ip=127.0.0.1 | op=ALLOCATE_BLOCK {volume=testcontainerstatemachinefailures, bucket=testcontainerstatemachinefailures, key=ratis, dataSize=0, replicationType=null, replicationFactor=null, keyLocationInfo=null, clientID=102824063882297344} | ret=FAILURE | org.apache.hadoop.hdds.scm.exceptions.SCMException: Allocated 0 blocks. Requested 1 blocks
	at org.apache.hadoop.hdds.scm.protocolPB.ScmBlockLocationProtocolClientSideTranslatorPB.handleError(ScmBlockLocationProtocolClientSideTranslatorPB.java:118)
	at org.apache.hadoop.hdds.scm.protocolPB.ScmBlockLocationProtocolClientSideTranslatorPB.allocateBlock(ScmBlockLocationProtocolClientSideTranslatorPB.java:156) 
2019-09-20 09:17:46,153 [main] ERROR io.BlockOutputStreamEntryPool (BlockOutputStreamEntryPool.java:allocateBlockIfNeeded(299)) - Try to allocate more blocks for write failed, already allocated 0 blocks for this write.
INTERNAL_ERROR org.apache.hadoop.ozone.om.exceptions.OMException: Allocated 0 blocks. Requested 1 blocks
	at org.apache.hadoop.ozone.om.protocolPB.OzoneManagerProtocolClientSideTranslatorPB.handleError(OzoneManagerProtocolClientSideTranslatorPB.java:725)
	at org.apache.hadoop.ozone.om.protocolPB.OzoneManagerProtocolClientSideTranslatorPB.allocateBlock(OzoneManagerProtocolClientSideTranslatorPB.java:757)
	at org.apache.hadoop.ozone.client.io.BlockOutputStreamEntryPool.allocateNewBlock(BlockOutputStreamEntryPool.java:248)
	at org.apache.hadoop.ozone.client.io.BlockOutputStreamEntryPool.allocateBlockIfNeeded(BlockOutputStreamEntryPool.java:296)
	at org.apache.hadoop.ozone.client.io.KeyOutputStream.handleWrite(KeyOutputStream.java:201)
	at org.apache.hadoop.ozone.client.io.KeyOutputStream.handleRetry(KeyOutputStream.java:376)
	at org.apache.hadoop.ozone.client.io.KeyOutputStream.handleException(KeyOutputStream.java:325)
	at org.apache.hadoop.ozone.client.io.KeyOutputStream.handleFlushOrClose(KeyOutputStream.java:448)
	at org.apache.hadoop.ozone.client.io.KeyOutputStream.close(KeyOutputStream.java:472)
	at org.apache.hadoop.ozone.client.io.OzoneOutputStream.close(OzoneOutputStream.java:60)
	at org.apache.hadoop.ozone.client.rpc.TestContainerStateMachine.testContainerStateMachineFailures(TestContainerStateMachine.java:142)
	at sun.reflect.NativeMethodAccessorImpl.invoke0(Native Method)
	at sun.reflect.NativeMethodAccessorImpl.invoke(NativeMethodAccessorImpl.java:62)
	at sun.reflect.DelegatingMethodAccessorImpl.invoke(DelegatingMethodAccessorImpl.java:43)
	at java.lang.reflect.Method.invoke(Method.java:498)
	at org.junit.runners.model.FrameworkMethod$1.runReflectiveCall(FrameworkMethod.java:47)
	at org.junit.internal.runners.model.ReflectiveCallable.run(ReflectiveCallable.java:12)
	at org.junit.runners.model.FrameworkMethod.invokeExplosively(FrameworkMethod.java:44)
	at org.junit.internal.runners.statements.InvokeMethod.evaluate(InvokeMethod.java:17)
	at org.junit.runners.ParentRunner.runLeaf(ParentRunner.java:271)
	at org.junit.runners.BlockJUnit4ClassRunner.runChild(BlockJUnit4ClassRunner.java:70)
	at org.junit.runners.BlockJUnit4ClassRunner.runChild(BlockJUnit4ClassRunner.java:50)
	at org.junit.runners.ParentRunner$3.run(ParentRunner.java:238)
	at org.junit.runners.ParentRunner$1.schedule(ParentRunner.java:63)
	at org.junit.runners.ParentRunner.runChildren(ParentRunner.java:236)
	at org.junit.runners.ParentRunner.access$000(ParentRunner.java:53)
	at org.junit.runners.ParentRunner$2.evaluate(ParentRunner.java:229)
	at org.junit.internal.runners.statements.RunBefores.evaluate(RunBefores.java:26)
	at org.junit.internal.runners.statements.RunAfters.evaluate(RunAfters.java:27)
	at org.junit.runners.ParentRunner.run(ParentRunner.java:309)
	at org.apache.maven.surefire.junit4.JUnit4Provider.execute(JUnit4Provider.java:365)
	at org.apache.maven.surefire.junit4.JUnit4Provider.executeWithRerun(JUnit4Provider.java:273)
	at org.apache.maven.surefire.junit4.JUnit4Provider.executeTestSet(JUnit4Provider.java:238)
	at org.apache.maven.surefire.junit4.JUnit4Provider.invoke(JUnit4Provider.java:159)
	at org.apache.maven.surefire.booter.ForkedBooter.invokeProviderInSameClassLoader(ForkedBooter.java:384)
	at org.apache.maven.surefire.booter.ForkedBooter.runSuitesInProcess(ForkedBooter.java:345)
	at org.apache.maven.surefire.booter.ForkedBooter.execute(ForkedBooter.java:126)
	at org.apache.maven.surefire.booter.ForkedBooter.main(ForkedBooter.java:418)
]]></system-out>
    <system-err><![CDATA[Sep 20, 2019 9:11:31 AM com.sun.jersey.server.impl.application.WebApplicationImpl _initiate
INFO: Initiating Jersey application, version 'Jersey: 1.19 02/11/2015 03:25 AM'
]]></system-err>
  </testcase>
</testsuite>