<?xml version="1.0" encoding="UTF-8"?>
<testsuite xmlns:xsi="http://www.w3.org/2001/XMLSchema-instance" xsi:noNamespaceSchemaLocation="https://maven.apache.org/surefire/maven-surefire-plugin/xsd/surefire-test-report.xsd" name="org.apache.hadoop.ozone.container.common.statemachine.commandhandler.TestBlockDeletion" time="95.98" tests="1" errors="0" skipped="0" failures="1">
  <properties>
    <property name="awt.toolkit" value="sun.awt.X11.XToolkit"/>
    <property name="file.encoding.pkg" value="sun.io"/>
    <property name="java.specification.version" value="1.8"/>
    <property name="sun.cpu.isalist" value=""/>
    <property name="sun.jnu.encoding" value="UTF-8"/>
    <property name="java.class.path" value="/workdir/hadoop-ozone/integration-test/target/test-classes:/workdir/hadoop-ozone/integration-test/target/classes:/home/user/.m2/repository/org/apache/hadoop/hadoop-ozone-common/0.5.0-SNAPSHOT/hadoop-ozone-common-0.5.0-SNAPSHOT.jar:/home/user/.m2/repository/org/apache/commons/commons-compress/1.4.1/commons-compress-1.4.1.jar:/home/user/.m2/repository/org/tukaani/xz/1.0/xz-1.0.jar:/home/user/.m2/repository/org/apache/hadoop/hadoop-common/3.2.0/hadoop-common-3.2.0.jar:/home/user/.m2/repository/org/apache/hadoop/hadoop-hdfs/3.2.0/hadoop-hdfs-3.2.0.jar:/home/user/.m2/repository/org/apache/hadoop/hadoop-hdfs-client/3.2.0/hadoop-hdfs-client-3.2.0.jar:/home/user/.m2/repository/com/fasterxml/jackson/core/jackson-annotations/2.9.5/jackson-annotations-2.9.5.jar:/home/user/.m2/repository/org/apache/hadoop/hadoop-hdds-common/0.5.0-SNAPSHOT/hadoop-hdds-common-0.5.0-SNAPSHOT.jar:/home/user/.m2/repository/javax/annotation/javax.annotation-api/1.2/javax.annotation-api-1.2.jar:/home/user/.m2/repository/org/apache/ratis/ratis-server/0.4.0-2337318-SNAPSHOT/ratis-server-0.4.0-2337318-SNAPSHOT.jar:/home/user/.m2/repository/org/apache/ratis/ratis-thirdparty-misc/0.2.0/ratis-thirdparty-misc-0.2.0.jar:/home/user/.m2/repository/org/apache/ratis/ratis-proto/0.4.0-2337318-SNAPSHOT/ratis-proto-0.4.0-2337318-SNAPSHOT.jar:/home/user/.m2/repository/org/apache/ratis/ratis-common/0.4.0-2337318-SNAPSHOT/ratis-common-0.4.0-2337318-SNAPSHOT.jar:/home/user/.m2/repository/org/apache/ratis/ratis-client/0.4.0-2337318-SNAPSHOT/ratis-client-0.4.0-2337318-SNAPSHOT.jar:/home/user/.m2/repository/org/apache/ratis/ratis-metrics/0.4.0-2337318-SNAPSHOT/ratis-metrics-0.4.0-2337318-SNAPSHOT.jar:/home/user/.m2/repository/org/apache/ratis/ratis-netty/0.4.0-2337318-SNAPSHOT/ratis-netty-0.4.0-2337318-SNAPSHOT.jar:/home/user/.m2/repository/org/apache/ratis/ratis-grpc/0.4.0-2337318-SNAPSHOT/ratis-grpc-0.4.0-2337318-SNAPSHOT.jar:/home/user/.m2/repository/org/rocksdb/rocksdbjni/6.0.1/rocksdbjni-6.0.1.jar:/home/user/.m2/repository/org/apache/logging/log4j/log4j-api/2.11.0/log4j-api-2.11.0.jar:/home/user/.m2/repository/org/apache/logging/log4j/log4j-core/2.11.0/log4j-core-2.11.0.jar:/home/user/.m2/repository/com/lmax/disruptor/3.4.2/disruptor-3.4.2.jar:/home/user/.m2/repository/org/apache/commons/commons-pool2/2.6.0/commons-pool2-2.6.0.jar:/home/user/.m2/repository/org/bouncycastle/bcpkix-jdk15on/1.60/bcpkix-jdk15on-1.60.jar:/home/user/.m2/repository/commons-validator/commons-validator/1.6/commons-validator-1.6.jar:/home/user/.m2/repository/commons-digester/commons-digester/1.8.1/commons-digester-1.8.1.jar:/home/user/.m2/repository/io/jaegertracing/jaeger-client/0.33.1/jaeger-client-0.33.1.jar:/home/user/.m2/repository/io/jaegertracing/jaeger-thrift/0.33.1/jaeger-thrift-0.33.1.jar:/home/user/.m2/repository/org/apache/thrift/libthrift/0.11.0/libthrift-0.11.0.jar:/home/user/.m2/repository/com/squareup/okhttp3/okhttp/3.9.0/okhttp-3.9.0.jar:/home/user/.m2/repository/com/squareup/okio/okio/1.13.0/okio-1.13.0.jar:/home/user/.m2/repository/io/jaegertracing/jaeger-core/0.33.1/jaeger-core-0.33.1.jar:/home/user/.m2/repository/io/jaegertracing/jaeger-tracerresolver/0.33.1/jaeger-tracerresolver-0.33.1.jar:/home/user/.m2/repository/io/opentracing/contrib/opentracing-tracerresolver/0.1.5/opentracing-tracerresolver-0.1.5.jar:/home/user/.m2/repository/io/opentracing/opentracing-util/0.31.0/opentracing-util-0.31.0.jar:/home/user/.m2/repository/io/opentracing/opentracing-api/0.31.0/opentracing-api-0.31.0.jar:/home/user/.m2/repository/io/opentracing/opentracing-noop/0.31.0/opentracing-noop-0.31.0.jar:/home/user/.m2/repository/org/apache/hadoop/hadoop-hdds-server-framework/0.5.0-SNAPSHOT/hadoop-hdds-server-framework-0.5.0-SNAPSHOT.jar:/home/user/.m2/repository/org/apache/hadoop/hadoop-hdds-container-service/0.5.0-SNAPSHOT/hadoop-hdds-container-service-0.5.0-SNAPSHOT.jar:/home/user/.m2/repository/org/apache/hadoop/hadoop-hdds-client/0.5.0-SNAPSHOT/hadoop-hdds-client-0.5.0-SNAPSHOT.jar:/home/user/.m2/repository/org/apache/hadoop/hadoop-hdds-tools/0.5.0-SNAPSHOT/hadoop-hdds-tools-0.5.0-SNAPSHOT.jar:/home/user/.m2/repository/org/apache/hadoop/hadoop-hdds-server-scm/0.5.0-SNAPSHOT/hadoop-hdds-server-scm-0.5.0-SNAPSHOT.jar:/home/user/.m2/repository/org/apache/hadoop/hadoop-hdds-docs/0.5.0-SNAPSHOT/hadoop-hdds-docs-0.5.0-SNAPSHOT.jar:/home/user/.m2/repository/io/dropwizard/metrics/metrics-core/3.2.4/metrics-core-3.2.4.jar:/home/user/.m2/repository/org/hamcrest/hamcrest-all/1.3/hamcrest-all-1.3.jar:/home/user/.m2/repository/org/bouncycastle/bcprov-jdk15on/1.60/bcprov-jdk15on-1.60.jar:/home/user/.m2/repository/info/picocli/picocli/3.9.6/picocli-3.9.6.jar:/home/user/.m2/repository/com/google/protobuf/protobuf-java/2.5.0/protobuf-java-2.5.0.jar:/home/user/.m2/repository/com/google/guava/guava/11.0.2/guava-11.0.2.jar:/home/user/.m2/repository/org/apache/hadoop/hadoop-ozone-ozone-manager/0.5.0-SNAPSHOT/hadoop-ozone-ozone-manager-0.5.0-SNAPSHOT.jar:/home/user/.m2/repository/org/apache/hadoop/hadoop-minikdc/3.2.0/hadoop-minikdc-3.2.0.jar:/home/user/.m2/repository/commons-io/commons-io/2.5/commons-io-2.5.jar:/home/user/.m2/repository/org/apache/kerby/kerb-simplekdc/1.0.1/kerb-simplekdc-1.0.1.jar:/home/user/.m2/repository/org/apache/kerby/kerb-client/1.0.1/kerb-client-1.0.1.jar:/home/user/.m2/repository/org/apache/kerby/kerby-config/1.0.1/kerby-config-1.0.1.jar:/home/user/.m2/repository/org/apache/kerby/kerb-core/1.0.1/kerb-core-1.0.1.jar:/home/user/.m2/repository/org/apache/kerby/kerby-pkix/1.0.1/kerby-pkix-1.0.1.jar:/home/user/.m2/repository/org/apache/kerby/kerby-asn1/1.0.1/kerby-asn1-1.0.1.jar:/home/user/.m2/repository/org/apache/kerby/kerby-util/1.0.1/kerby-util-1.0.1.jar:/home/user/.m2/repository/org/apache/kerby/kerb-common/1.0.1/kerb-common-1.0.1.jar:/home/user/.m2/repository/org/apache/kerby/kerb-crypto/1.0.1/kerb-crypto-1.0.1.jar:/home/user/.m2/repository/org/apache/kerby/kerb-util/1.0.1/kerb-util-1.0.1.jar:/home/user/.m2/repository/org/apache/kerby/token-provider/1.0.1/token-provider-1.0.1.jar:/home/user/.m2/repository/org/apache/kerby/kerb-admin/1.0.1/kerb-admin-1.0.1.jar:/home/user/.m2/repository/org/apache/kerby/kerb-server/1.0.1/kerb-server-1.0.1.jar:/home/user/.m2/repository/org/apache/kerby/kerb-identity/1.0.1/kerb-identity-1.0.1.jar:/home/user/.m2/repository/org/apache/kerby/kerby-xdr/1.0.1/kerby-xdr-1.0.1.jar:/home/user/.m2/repository/org/slf4j/slf4j-log4j12/1.7.25/slf4j-log4j12-1.7.25.jar:/home/user/.m2/repository/org/apache/hadoop/hadoop-ozone-s3gateway/0.5.0-SNAPSHOT/hadoop-ozone-s3gateway-0.5.0-SNAPSHOT.jar:/home/user/.m2/repository/org/jboss/weld/servlet/weld-servlet/2.4.7.Final/weld-servlet-2.4.7.Final.jar:/home/user/.m2/repository/org/glassfish/jersey/containers/jersey-container-servlet-core/2.27/jersey-container-servlet-core-2.27.jar:/home/user/.m2/repository/org/glassfish/hk2/external/javax.inject/2.5.0-b42/javax.inject-2.5.0-b42.jar:/home/user/.m2/repository/org/glassfish/jersey/core/jersey-common/2.27/jersey-common-2.27.jar:/home/user/.m2/repository/org/glassfish/hk2/osgi-resource-locator/1.0.1/osgi-resource-locator-1.0.1.jar:/home/user/.m2/repository/javax/ws/rs/javax.ws.rs-api/2.1/javax.ws.rs-api-2.1.jar:/home/user/.m2/repository/org/glassfish/jersey/ext/cdi/jersey-cdi1x/2.27/jersey-cdi1x-2.27.jar:/home/user/.m2/repository/org/glassfish/jersey/inject/jersey-hk2/2.27/jersey-hk2-2.27.jar:/home/user/.m2/repository/org/glassfish/hk2/hk2-locator/2.5.0-b42/hk2-locator-2.5.0-b42.jar:/home/user/.m2/repository/org/javassist/javassist/3.22.0-CR2/javassist-3.22.0-CR2.jar:/home/user/.m2/repository/org/glassfish/hk2/hk2-api/2.5.0/hk2-api-2.5.0.jar:/home/user/.m2/repository/org/glassfish/hk2/external/jakarta.inject/2.5.0/jakarta.inject-2.5.0.jar:/home/user/.m2/repository/org/glassfish/hk2/hk2-utils/2.5.0/hk2-utils-2.5.0.jar:/home/user/.m2/repository/jakarta/annotation/jakarta.annotation-api/1.3.4/jakarta.annotation-api-1.3.4.jar:/home/user/.m2/repository/org/glassfish/hk2/external/aopalliance-repackaged/2.5.0/aopalliance-repackaged-2.5.0.jar:/home/user/.m2/repository/com/fasterxml/jackson/dataformat/jackson-dataformat-xml/2.9.0/jackson-dataformat-xml-2.9.0.jar:/home/user/.m2/repository/com/fasterxml/jackson/core/jackson-core/2.9.5/jackson-core-2.9.5.jar:/home/user/.m2/repository/com/fasterxml/jackson/module/jackson-module-jaxb-annotations/2.9.5/jackson-module-jaxb-annotations-2.9.5.jar:/home/user/.m2/repository/javax/enterprise/cdi-api/1.2/cdi-api-1.2.jar:/home/user/.m2/repository/javax/el/javax.el-api/3.0.0/javax.el-api-3.0.0.jar:/home/user/.m2/repository/javax/interceptor/javax.interceptor-api/1.2/javax.interceptor-api-1.2.jar:/home/user/.m2/repository/javax/inject/javax.inject/1/javax.inject-1.jar:/home/user/.m2/repository/com/sun/xml/bind/jaxb-impl/2.3.0.1/jaxb-impl-2.3.0.1.jar:/home/user/.m2/repository/com/sun/xml/bind/jaxb-core/2.3.0.1/jaxb-core-2.3.0.1.jar:/home/user/.m2/repository/javax/xml/bind/jaxb-api/2.3.0/jaxb-api-2.3.0.jar:/home/user/.m2/repository/javax/activation/activation/1.1.1/activation-1.1.1.jar:/home/user/.m2/repository/org/apache/hadoop/hadoop-ozone-csi/0.5.0-SNAPSHOT/hadoop-ozone-csi-0.5.0-SNAPSHOT.jar:/home/user/.m2/repository/com/google/protobuf/protobuf-java-util/3.5.1/protobuf-java-util-3.5.1.jar:/home/user/.m2/repository/org/apache/hadoop/hadoop-hdds-config/0.5.0-SNAPSHOT/hadoop-hdds-config-0.5.0-SNAPSHOT.jar:/home/user/.m2/repository/io/grpc/grpc-netty/1.17.1/grpc-netty-1.17.1.jar:/home/user/.m2/repository/io/grpc/grpc-core/1.17.1/grpc-core-1.17.1.jar:/home/user/.m2/repository/io/grpc/grpc-context/1.17.1/grpc-context-1.17.1.jar:/home/user/.m2/repository/com/google/errorprone/error_prone_annotations/2.2.0/error_prone_annotations-2.2.0.jar:/home/user/.m2/repository/org/codehaus/mojo/animal-sniffer-annotations/1.17/animal-sniffer-annotations-1.17.jar:/home/user/.m2/repository/io/opencensus/opencensus-api/0.17.0/opencensus-api-0.17.0.jar:/home/user/.m2/repository/io/opencensus/opencensus-contrib-grpc-metrics/0.17.0/opencensus-contrib-grpc-metrics-0.17.0.jar:/home/user/.m2/repository/io/netty/netty-codec-http2/4.1.30.Final/netty-codec-http2-4.1.30.Final.jar:/home/user/.m2/repository/io/netty/netty-codec-http/4.1.30.Final/netty-codec-http-4.1.30.Final.jar:/home/user/.m2/repository/io/netty/netty-codec/4.1.30.Final/netty-codec-4.1.30.Final.jar:/home/user/.m2/repository/io/netty/netty-handler/4.1.30.Final/netty-handler-4.1.30.Final.jar:/home/user/.m2/repository/io/netty/netty-handler-proxy/4.1.30.Final/netty-handler-proxy-4.1.30.Final.jar:/home/user/.m2/repository/io/netty/netty-codec-socks/4.1.30.Final/netty-codec-socks-4.1.30.Final.jar:/home/user/.m2/repository/io/netty/netty-transport-native-epoll/4.1.30.Final/netty-transport-native-epoll-4.1.30.Final.jar:/home/user/.m2/repository/io/netty/netty-common/4.1.30.Final/netty-common-4.1.30.Final.jar:/home/user/.m2/repository/io/netty/netty-buffer/4.1.30.Final/netty-buffer-4.1.30.Final.jar:/home/user/.m2/repository/io/netty/netty-transport/4.1.30.Final/netty-transport-4.1.30.Final.jar:/home/user/.m2/repository/io/netty/netty-resolver/4.1.30.Final/netty-resolver-4.1.30.Final.jar:/home/user/.m2/repository/io/netty/netty-transport-native-unix-common/4.1.30.Final/netty-transport-native-unix-common-4.1.30.Final.jar:/home/user/.m2/repository/io/grpc/grpc-protobuf/1.17.1/grpc-protobuf-1.17.1.jar:/home/user/.m2/repository/com/google/api/grpc/proto-google-common-protos/1.0.0/proto-google-common-protos-1.0.0.jar:/home/user/.m2/repository/io/grpc/grpc-protobuf-lite/1.17.1/grpc-protobuf-lite-1.17.1.jar:/home/user/.m2/repository/io/grpc/grpc-stub/1.17.1/grpc-stub-1.17.1.jar:/home/user/.m2/repository/org/apache/hadoop/hadoop-ozone-recon/0.5.0-SNAPSHOT/hadoop-ozone-recon-0.5.0-SNAPSHOT.jar:/home/user/.m2/repository/org/apache/hadoop/hadoop-ozone-reconcodegen/0.5.0-SNAPSHOT/hadoop-ozone-reconcodegen-0.5.0-SNAPSHOT.jar:/home/user/.m2/repository/com/google/inject/extensions/guice-multibindings/4.0/guice-multibindings-4.0.jar:/home/user/.m2/repository/com/google/inject/guice/4.0/guice-4.0.jar:/home/user/.m2/repository/aopalliance/aopalliance/1.0/aopalliance-1.0.jar:/home/user/.m2/repository/com/google/inject/extensions/guice-servlet/4.0/guice-servlet-4.0.jar:/home/user/.m2/repository/org/glassfish/jersey/containers/jersey-container-servlet/2.27/jersey-container-servlet-2.27.jar:/home/user/.m2/repository/org/glassfish/hk2/guice-bridge/2.5.0/guice-bridge-2.5.0.jar:/home/user/.m2/repository/org/glassfish/jersey/core/jersey-server/2.27/jersey-server-2.27.jar:/home/user/.m2/repository/org/glassfish/jersey/core/jersey-client/2.27/jersey-client-2.27.jar:/home/user/.m2/repository/org/glassfish/jersey/media/jersey-media-jaxb/2.27/jersey-media-jaxb-2.27.jar:/home/user/.m2/repository/javax/validation/validation-api/1.1.0.Final/validation-api-1.1.0.Final.jar:/home/user/.m2/repository/org/glassfish/jersey/media/jersey-media-json-jackson/2.27/jersey-media-json-jackson-2.27.jar:/home/user/.m2/repository/org/glassfish/jersey/ext/jersey-entity-filtering/2.27/jersey-entity-filtering-2.27.jar:/home/user/.m2/repository/com/google/inject/extensions/guice-assistedinject/4.0/guice-assistedinject-4.0.jar:/home/user/.m2/repository/org/jooq/jooq/3.11.10/jooq-3.11.10.jar:/home/user/.m2/repository/org/jooq/jooq-meta/3.11.10/jooq-meta-3.11.10.jar:/home/user/.m2/repository/org/jooq/jooq-codegen/3.11.10/jooq-codegen-3.11.10.jar:/home/user/.m2/repository/com/jolbox/bonecp/0.8.0.RELEASE/bonecp-0.8.0.RELEASE.jar:/home/user/.m2/repository/org/xerial/sqlite-jdbc/3.25.2/sqlite-jdbc-3.25.2.jar:/home/user/.m2/repository/org/springframework/spring-jdbc/5.1.3.RELEASE/spring-jdbc-5.1.3.RELEASE.jar:/home/user/.m2/repository/org/springframework/spring-beans/5.1.3.RELEASE/spring-beans-5.1.3.RELEASE.jar:/home/user/.m2/repository/org/springframework/spring-core/5.1.3.RELEASE/spring-core-5.1.3.RELEASE.jar:/home/user/.m2/repository/org/springframework/spring-jcl/5.1.3.RELEASE/spring-jcl-5.1.3.RELEASE.jar:/home/user/.m2/repository/org/springframework/spring-tx/5.1.3.RELEASE/spring-tx-5.1.3.RELEASE.jar:/home/user/.m2/repository/org/apache/hadoop/hadoop-ozone-client/0.5.0-SNAPSHOT/hadoop-ozone-client-0.5.0-SNAPSHOT.jar:/home/user/.m2/repository/commons-lang/commons-lang/2.6/commons-lang-2.6.jar:/home/user/.m2/repository/org/apache/hadoop/hadoop-ozone-ozone-manager/0.5.0-SNAPSHOT/hadoop-ozone-ozone-manager-0.5.0-SNAPSHOT-tests.jar:/home/user/.m2/repository/junit/junit/4.11/junit-4.11.jar:/home/user/.m2/repository/org/hamcrest/hamcrest-core/1.3/hamcrest-core-1.3.jar:/home/user/.m2/repository/org/openjdk/jmh/jmh-core/1.19/jmh-core-1.19.jar:/home/user/.m2/repository/net/sf/jopt-simple/jopt-simple/4.6/jopt-simple-4.6.jar:/home/user/.m2/repository/org/apache/commons/commons-math3/3.1.1/commons-math3-3.1.1.jar:/home/user/.m2/repository/org/openjdk/jmh/jmh-generator-annprocess/1.19/jmh-generator-annprocess-1.19.jar:/home/user/.m2/repository/org/mockito/mockito-all/1.8.5/mockito-all-1.8.5.jar:/home/user/.m2/repository/org/apache/hadoop/hadoop-kms/3.2.0/hadoop-kms-3.2.0.jar:/home/user/.m2/repository/org/apache/hadoop/hadoop-auth/3.2.0/hadoop-auth-3.2.0.jar:/home/user/.m2/repository/com/nimbusds/nimbus-jose-jwt/4.41.1/nimbus-jose-jwt-4.41.1.jar:/home/user/.m2/repository/com/github/stephenc/jcip/jcip-annotations/1.0-1/jcip-annotations-1.0-1.jar:/home/user/.m2/repository/net/minidev/json-smart/2.3/json-smart-2.3.jar:/home/user/.m2/repository/net/minidev/accessors-smart/1.2/accessors-smart-1.2.jar:/home/user/.m2/repository/org/ow2/asm/asm/5.0.4/asm-5.0.4.jar:/home/user/.m2/repository/org/apache/curator/curator-framework/2.12.0/curator-framework-2.12.0.jar:/home/user/.m2/repository/com/sun/jersey/jersey-core/1.19/jersey-core-1.19.jar:/home/user/.m2/repository/javax/ws/rs/jsr311-api/1.1.1/jsr311-api-1.1.1.jar:/home/user/.m2/repository/com/sun/jersey/jersey-server/1.19/jersey-server-1.19.jar:/home/user/.m2/repository/javax/servlet/javax.servlet-api/3.1.0/javax.servlet-api-3.1.0.jar:/home/user/.m2/repository/org/eclipse/jetty/jetty-server/9.3.24.v20180605/jetty-server-9.3.24.v20180605.jar:/home/user/.m2/repository/org/eclipse/jetty/jetty-http/9.3.24.v20180605/jetty-http-9.3.24.v20180605.jar:/home/user/.m2/repository/org/eclipse/jetty/jetty-io/9.3.24.v20180605/jetty-io-9.3.24.v20180605.jar:/home/user/.m2/repository/org/eclipse/jetty/jetty-webapp/9.3.24.v20180605/jetty-webapp-9.3.24.v20180605.jar:/home/user/.m2/repository/org/eclipse/jetty/jetty-xml/9.3.24.v20180605/jetty-xml-9.3.24.v20180605.jar:/home/user/.m2/repository/log4j/log4j/1.2.17/log4j-1.2.17.jar:/home/user/.m2/repository/org/slf4j/slf4j-api/1.7.25/slf4j-api-1.7.25.jar:/home/user/.m2/repository/org/slf4j/jul-to-slf4j/1.7.25/jul-to-slf4j-1.7.25.jar:/home/user/.m2/repository/org/eclipse/jetty/jetty-util/9.3.24.v20180605/jetty-util-9.3.24.v20180605.jar:/home/user/.m2/repository/com/fasterxml/jackson/core/jackson-databind/2.9.5/jackson-databind-2.9.5.jar:/home/user/.m2/repository/org/apache/hadoop/hadoop-kms/3.2.0/hadoop-kms-3.2.0-tests.jar:/home/user/.m2/repository/org/apache/hadoop/hadoop-hdds-server-scm/0.5.0-SNAPSHOT/hadoop-hdds-server-scm-0.5.0-SNAPSHOT-tests.jar:/home/user/.m2/repository/org/apache/hadoop/hadoop-hdds-container-service/0.5.0-SNAPSHOT/hadoop-hdds-container-service-0.5.0-SNAPSHOT-tests.jar:/home/user/.m2/repository/org/yaml/snakeyaml/1.16/snakeyaml-1.16.jar:/home/user/.m2/repository/org/apache/hadoop/hadoop-common/3.2.0/hadoop-common-3.2.0-tests.jar:/home/user/.m2/repository/org/apache/hadoop/hadoop-annotations/3.2.0/hadoop-annotations-3.2.0.jar:/usr/lib/jvm/java-1.8-openjdk/jre/../lib/tools.jar:/home/user/.m2/repository/commons-cli/commons-cli/1.2/commons-cli-1.2.jar:/home/user/.m2/repository/org/apache/httpcomponents/httpclient/4.5.2/httpclient-4.5.2.jar:/home/user/.m2/repository/org/apache/httpcomponents/httpcore/4.4.4/httpcore-4.4.4.jar:/home/user/.m2/repository/commons-codec/commons-codec/1.11/commons-codec-1.11.jar:/home/user/.m2/repository/commons-net/commons-net/3.6/commons-net-3.6.jar:/home/user/.m2/repository/commons-collections/commons-collections/3.2.2/commons-collections-3.2.2.jar:/home/user/.m2/repository/org/eclipse/jetty/jetty-servlet/9.3.24.v20180605/jetty-servlet-9.3.24.v20180605.jar:/home/user/.m2/repository/org/eclipse/jetty/jetty-security/9.3.24.v20180605/jetty-security-9.3.24.v20180605.jar:/home/user/.m2/repository/javax/servlet/jsp/jsp-api/2.1/jsp-api-2.1.jar:/home/user/.m2/repository/com/sun/jersey/jersey-servlet/1.19/jersey-servlet-1.19.jar:/home/user/.m2/repository/com/sun/jersey/jersey-json/1.19/jersey-json-1.19.jar:/home/user/.m2/repository/org/codehaus/jettison/jettison/1.1/jettison-1.1.jar:/home/user/.m2/repository/org/codehaus/jackson/jackson-core-asl/1.9.13/jackson-core-asl-1.9.13.jar:/home/user/.m2/repository/org/codehaus/jackson/jackson-mapper-asl/1.9.13/jackson-mapper-asl-1.9.13.jar:/home/user/.m2/repository/org/codehaus/jackson/jackson-jaxrs/1.9.13/jackson-jaxrs-1.9.13.jar:/home/user/.m2/repository/org/codehaus/jackson/jackson-xc/1.9.13/jackson-xc-1.9.13.jar:/home/user/.m2/repository/commons-logging/commons-logging/1.1.3/commons-logging-1.1.3.jar:/home/user/.m2/repository/commons-beanutils/commons-beanutils/1.9.3/commons-beanutils-1.9.3.jar:/home/user/.m2/repository/org/apache/commons/commons-configuration2/2.1.1/commons-configuration2-2.1.1.jar:/home/user/.m2/repository/org/apache/commons/commons-lang3/3.7/commons-lang3-3.7.jar:/home/user/.m2/repository/org/apache/commons/commons-text/1.4/commons-text-1.4.jar:/home/user/.m2/repository/org/apache/avro/avro/1.7.7/avro-1.7.7.jar:/home/user/.m2/repository/com/thoughtworks/paranamer/paranamer/2.3/paranamer-2.3.jar:/home/user/.m2/repository/org/xerial/snappy/snappy-java/1.0.5/snappy-java-1.0.5.jar:/home/user/.m2/repository/com/google/re2j/re2j/1.1/re2j-1.1.jar:/home/user/.m2/repository/com/google/code/gson/gson/2.2.4/gson-2.2.4.jar:/home/user/.m2/repository/com/jcraft/jsch/0.1.54/jsch-0.1.54.jar:/home/user/.m2/repository/org/apache/curator/curator-client/2.12.0/curator-client-2.12.0.jar:/home/user/.m2/repository/org/apache/curator/curator-recipes/2.12.0/curator-recipes-2.12.0.jar:/home/user/.m2/repository/com/google/code/findbugs/jsr305/3.0.0/jsr305-3.0.0.jar:/home/user/.m2/repository/org/apache/htrace/htrace-core4/4.1.0-incubating/htrace-core4-4.1.0-incubating.jar:/home/user/.m2/repository/org/apache/zookeeper/zookeeper/3.4.13/zookeeper-3.4.13.jar:/home/user/.m2/repository/org/apache/yetus/audience-annotations/0.5.0/audience-annotations-0.5.0.jar:/home/user/.m2/repository/org/codehaus/woodstox/stax2-api/3.1.4/stax2-api-3.1.4.jar:/home/user/.m2/repository/com/fasterxml/woodstox/woodstox-core/5.0.3/woodstox-core-5.0.3.jar:/home/user/.m2/repository/dnsjava/dnsjava/2.1.7/dnsjava-2.1.7.jar:/home/user/.m2/repository/org/apache/hadoop/hadoop-hdfs/3.2.0/hadoop-hdfs-3.2.0-tests.jar:/home/user/.m2/repository/org/eclipse/jetty/jetty-util-ajax/9.3.24.v20180605/jetty-util-ajax-9.3.24.v20180605.jar:/home/user/.m2/repository/commons-daemon/commons-daemon/1.0.13/commons-daemon-1.0.13.jar:/home/user/.m2/repository/io/netty/netty/3.10.5.Final/netty-3.10.5.Final.jar:/home/user/.m2/repository/io/netty/netty-all/4.0.52.Final/netty-all-4.0.52.Final.jar:/home/user/.m2/repository/org/fusesource/leveldbjni/leveldbjni-all/1.8/leveldbjni-all-1.8.jar:"/>
    <property name="java.vm.vendor" value="IcedTea"/>
    <property name="sun.arch.data.model" value="64"/>
    <property name="test.build.dir" value="/workdir/hadoop-ozone/integration-test/target/test-dir"/>
    <property name="test.cache.data" value=""/>
    <property name="java.vendor.url" value="https://icedtea.classpath.org"/>
    <property name="user.timezone" value=""/>
    <property name="java.vm.specification.version" value="1.8"/>
    <property name="os.name" value="Linux"/>
    <property name="test.build.data" value="/workdir/hadoop-ozone/integration-test/target/test-dir"/>
    <property name="user.country" value="US"/>
    <property name="sun.java.launcher" value="SUN_STANDARD"/>
    <property name="sun.boot.library.path" value="/usr/lib/jvm/java-1.8-openjdk/jre/lib/amd64"/>
    <property name="sun.java.command" value="/workdir/hadoop-ozone/integration-test/target/surefire/surefirebooter7526129454493246659.jar /workdir/hadoop-ozone/integration-test/target/surefire 2019-09-03T19-04-25_743-jvmRun1 surefire573089067367786070tmp surefire_806122021091994648316tmp"/>
    <property name="test" value="!TestMiniChaosOzoneCluster"/>
    <property name="surefire.test.class.path" value="/workdir/hadoop-ozone/integration-test/target/test-classes:/workdir/hadoop-ozone/integration-test/target/classes:/home/user/.m2/repository/org/apache/hadoop/hadoop-ozone-common/0.5.0-SNAPSHOT/hadoop-ozone-common-0.5.0-SNAPSHOT.jar:/home/user/.m2/repository/org/apache/commons/commons-compress/1.4.1/commons-compress-1.4.1.jar:/home/user/.m2/repository/org/tukaani/xz/1.0/xz-1.0.jar:/home/user/.m2/repository/org/apache/hadoop/hadoop-common/3.2.0/hadoop-common-3.2.0.jar:/home/user/.m2/repository/org/apache/hadoop/hadoop-hdfs/3.2.0/hadoop-hdfs-3.2.0.jar:/home/user/.m2/repository/org/apache/hadoop/hadoop-hdfs-client/3.2.0/hadoop-hdfs-client-3.2.0.jar:/home/user/.m2/repository/com/fasterxml/jackson/core/jackson-annotations/2.9.5/jackson-annotations-2.9.5.jar:/home/user/.m2/repository/org/apache/hadoop/hadoop-hdds-common/0.5.0-SNAPSHOT/hadoop-hdds-common-0.5.0-SNAPSHOT.jar:/home/user/.m2/repository/javax/annotation/javax.annotation-api/1.2/javax.annotation-api-1.2.jar:/home/user/.m2/repository/org/apache/ratis/ratis-server/0.4.0-2337318-SNAPSHOT/ratis-server-0.4.0-2337318-SNAPSHOT.jar:/home/user/.m2/repository/org/apache/ratis/ratis-thirdparty-misc/0.2.0/ratis-thirdparty-misc-0.2.0.jar:/home/user/.m2/repository/org/apache/ratis/ratis-proto/0.4.0-2337318-SNAPSHOT/ratis-proto-0.4.0-2337318-SNAPSHOT.jar:/home/user/.m2/repository/org/apache/ratis/ratis-common/0.4.0-2337318-SNAPSHOT/ratis-common-0.4.0-2337318-SNAPSHOT.jar:/home/user/.m2/repository/org/apache/ratis/ratis-client/0.4.0-2337318-SNAPSHOT/ratis-client-0.4.0-2337318-SNAPSHOT.jar:/home/user/.m2/repository/org/apache/ratis/ratis-metrics/0.4.0-2337318-SNAPSHOT/ratis-metrics-0.4.0-2337318-SNAPSHOT.jar:/home/user/.m2/repository/org/apache/ratis/ratis-netty/0.4.0-2337318-SNAPSHOT/ratis-netty-0.4.0-2337318-SNAPSHOT.jar:/home/user/.m2/repository/org/apache/ratis/ratis-grpc/0.4.0-2337318-SNAPSHOT/ratis-grpc-0.4.0-2337318-SNAPSHOT.jar:/home/user/.m2/repository/org/rocksdb/rocksdbjni/6.0.1/rocksdbjni-6.0.1.jar:/home/user/.m2/repository/org/apache/logging/log4j/log4j-api/2.11.0/log4j-api-2.11.0.jar:/home/user/.m2/repository/org/apache/logging/log4j/log4j-core/2.11.0/log4j-core-2.11.0.jar:/home/user/.m2/repository/com/lmax/disruptor/3.4.2/disruptor-3.4.2.jar:/home/user/.m2/repository/org/apache/commons/commons-pool2/2.6.0/commons-pool2-2.6.0.jar:/home/user/.m2/repository/org/bouncycastle/bcpkix-jdk15on/1.60/bcpkix-jdk15on-1.60.jar:/home/user/.m2/repository/commons-validator/commons-validator/1.6/commons-validator-1.6.jar:/home/user/.m2/repository/commons-digester/commons-digester/1.8.1/commons-digester-1.8.1.jar:/home/user/.m2/repository/io/jaegertracing/jaeger-client/0.33.1/jaeger-client-0.33.1.jar:/home/user/.m2/repository/io/jaegertracing/jaeger-thrift/0.33.1/jaeger-thrift-0.33.1.jar:/home/user/.m2/repository/org/apache/thrift/libthrift/0.11.0/libthrift-0.11.0.jar:/home/user/.m2/repository/com/squareup/okhttp3/okhttp/3.9.0/okhttp-3.9.0.jar:/home/user/.m2/repository/com/squareup/okio/okio/1.13.0/okio-1.13.0.jar:/home/user/.m2/repository/io/jaegertracing/jaeger-core/0.33.1/jaeger-core-0.33.1.jar:/home/user/.m2/repository/io/jaegertracing/jaeger-tracerresolver/0.33.1/jaeger-tracerresolver-0.33.1.jar:/home/user/.m2/repository/io/opentracing/contrib/opentracing-tracerresolver/0.1.5/opentracing-tracerresolver-0.1.5.jar:/home/user/.m2/repository/io/opentracing/opentracing-util/0.31.0/opentracing-util-0.31.0.jar:/home/user/.m2/repository/io/opentracing/opentracing-api/0.31.0/opentracing-api-0.31.0.jar:/home/user/.m2/repository/io/opentracing/opentracing-noop/0.31.0/opentracing-noop-0.31.0.jar:/home/user/.m2/repository/org/apache/hadoop/hadoop-hdds-server-framework/0.5.0-SNAPSHOT/hadoop-hdds-server-framework-0.5.0-SNAPSHOT.jar:/home/user/.m2/repository/org/apache/hadoop/hadoop-hdds-container-service/0.5.0-SNAPSHOT/hadoop-hdds-container-service-0.5.0-SNAPSHOT.jar:/home/user/.m2/repository/org/apache/hadoop/hadoop-hdds-client/0.5.0-SNAPSHOT/hadoop-hdds-client-0.5.0-SNAPSHOT.jar:/home/user/.m2/repository/org/apache/hadoop/hadoop-hdds-tools/0.5.0-SNAPSHOT/hadoop-hdds-tools-0.5.0-SNAPSHOT.jar:/home/user/.m2/repository/org/apache/hadoop/hadoop-hdds-server-scm/0.5.0-SNAPSHOT/hadoop-hdds-server-scm-0.5.0-SNAPSHOT.jar:/home/user/.m2/repository/org/apache/hadoop/hadoop-hdds-docs/0.5.0-SNAPSHOT/hadoop-hdds-docs-0.5.0-SNAPSHOT.jar:/home/user/.m2/repository/io/dropwizard/metrics/metrics-core/3.2.4/metrics-core-3.2.4.jar:/home/user/.m2/repository/org/hamcrest/hamcrest-all/1.3/hamcrest-all-1.3.jar:/home/user/.m2/repository/org/bouncycastle/bcprov-jdk15on/1.60/bcprov-jdk15on-1.60.jar:/home/user/.m2/repository/info/picocli/picocli/3.9.6/picocli-3.9.6.jar:/home/user/.m2/repository/com/google/protobuf/protobuf-java/2.5.0/protobuf-java-2.5.0.jar:/home/user/.m2/repository/com/google/guava/guava/11.0.2/guava-11.0.2.jar:/home/user/.m2/repository/org/apache/hadoop/hadoop-ozone-ozone-manager/0.5.0-SNAPSHOT/hadoop-ozone-ozone-manager-0.5.0-SNAPSHOT.jar:/home/user/.m2/repository/org/apache/hadoop/hadoop-minikdc/3.2.0/hadoop-minikdc-3.2.0.jar:/home/user/.m2/repository/commons-io/commons-io/2.5/commons-io-2.5.jar:/home/user/.m2/repository/org/apache/kerby/kerb-simplekdc/1.0.1/kerb-simplekdc-1.0.1.jar:/home/user/.m2/repository/org/apache/kerby/kerb-client/1.0.1/kerb-client-1.0.1.jar:/home/user/.m2/repository/org/apache/kerby/kerby-config/1.0.1/kerby-config-1.0.1.jar:/home/user/.m2/repository/org/apache/kerby/kerb-core/1.0.1/kerb-core-1.0.1.jar:/home/user/.m2/repository/org/apache/kerby/kerby-pkix/1.0.1/kerby-pkix-1.0.1.jar:/home/user/.m2/repository/org/apache/kerby/kerby-asn1/1.0.1/kerby-asn1-1.0.1.jar:/home/user/.m2/repository/org/apache/kerby/kerby-util/1.0.1/kerby-util-1.0.1.jar:/home/user/.m2/repository/org/apache/kerby/kerb-common/1.0.1/kerb-common-1.0.1.jar:/home/user/.m2/repository/org/apache/kerby/kerb-crypto/1.0.1/kerb-crypto-1.0.1.jar:/home/user/.m2/repository/org/apache/kerby/kerb-util/1.0.1/kerb-util-1.0.1.jar:/home/user/.m2/repository/org/apache/kerby/token-provider/1.0.1/token-provider-1.0.1.jar:/home/user/.m2/repository/org/apache/kerby/kerb-admin/1.0.1/kerb-admin-1.0.1.jar:/home/user/.m2/repository/org/apache/kerby/kerb-server/1.0.1/kerb-server-1.0.1.jar:/home/user/.m2/repository/org/apache/kerby/kerb-identity/1.0.1/kerb-identity-1.0.1.jar:/home/user/.m2/repository/org/apache/kerby/kerby-xdr/1.0.1/kerby-xdr-1.0.1.jar:/home/user/.m2/repository/org/slf4j/slf4j-log4j12/1.7.25/slf4j-log4j12-1.7.25.jar:/home/user/.m2/repository/org/apache/hadoop/hadoop-ozone-s3gateway/0.5.0-SNAPSHOT/hadoop-ozone-s3gateway-0.5.0-SNAPSHOT.jar:/home/user/.m2/repository/org/jboss/weld/servlet/weld-servlet/2.4.7.Final/weld-servlet-2.4.7.Final.jar:/home/user/.m2/repository/org/glassfish/jersey/containers/jersey-container-servlet-core/2.27/jersey-container-servlet-core-2.27.jar:/home/user/.m2/repository/org/glassfish/hk2/external/javax.inject/2.5.0-b42/javax.inject-2.5.0-b42.jar:/home/user/.m2/repository/org/glassfish/jersey/core/jersey-common/2.27/jersey-common-2.27.jar:/home/user/.m2/repository/org/glassfish/hk2/osgi-resource-locator/1.0.1/osgi-resource-locator-1.0.1.jar:/home/user/.m2/repository/javax/ws/rs/javax.ws.rs-api/2.1/javax.ws.rs-api-2.1.jar:/home/user/.m2/repository/org/glassfish/jersey/ext/cdi/jersey-cdi1x/2.27/jersey-cdi1x-2.27.jar:/home/user/.m2/repository/org/glassfish/jersey/inject/jersey-hk2/2.27/jersey-hk2-2.27.jar:/home/user/.m2/repository/org/glassfish/hk2/hk2-locator/2.5.0-b42/hk2-locator-2.5.0-b42.jar:/home/user/.m2/repository/org/javassist/javassist/3.22.0-CR2/javassist-3.22.0-CR2.jar:/home/user/.m2/repository/org/glassfish/hk2/hk2-api/2.5.0/hk2-api-2.5.0.jar:/home/user/.m2/repository/org/glassfish/hk2/external/jakarta.inject/2.5.0/jakarta.inject-2.5.0.jar:/home/user/.m2/repository/org/glassfish/hk2/hk2-utils/2.5.0/hk2-utils-2.5.0.jar:/home/user/.m2/repository/jakarta/annotation/jakarta.annotation-api/1.3.4/jakarta.annotation-api-1.3.4.jar:/home/user/.m2/repository/org/glassfish/hk2/external/aopalliance-repackaged/2.5.0/aopalliance-repackaged-2.5.0.jar:/home/user/.m2/repository/com/fasterxml/jackson/dataformat/jackson-dataformat-xml/2.9.0/jackson-dataformat-xml-2.9.0.jar:/home/user/.m2/repository/com/fasterxml/jackson/core/jackson-core/2.9.5/jackson-core-2.9.5.jar:/home/user/.m2/repository/com/fasterxml/jackson/module/jackson-module-jaxb-annotations/2.9.5/jackson-module-jaxb-annotations-2.9.5.jar:/home/user/.m2/repository/javax/enterprise/cdi-api/1.2/cdi-api-1.2.jar:/home/user/.m2/repository/javax/el/javax.el-api/3.0.0/javax.el-api-3.0.0.jar:/home/user/.m2/repository/javax/interceptor/javax.interceptor-api/1.2/javax.interceptor-api-1.2.jar:/home/user/.m2/repository/javax/inject/javax.inject/1/javax.inject-1.jar:/home/user/.m2/repository/com/sun/xml/bind/jaxb-impl/2.3.0.1/jaxb-impl-2.3.0.1.jar:/home/user/.m2/repository/com/sun/xml/bind/jaxb-core/2.3.0.1/jaxb-core-2.3.0.1.jar:/home/user/.m2/repository/javax/xml/bind/jaxb-api/2.3.0/jaxb-api-2.3.0.jar:/home/user/.m2/repository/javax/activation/activation/1.1.1/activation-1.1.1.jar:/home/user/.m2/repository/org/apache/hadoop/hadoop-ozone-csi/0.5.0-SNAPSHOT/hadoop-ozone-csi-0.5.0-SNAPSHOT.jar:/home/user/.m2/repository/com/google/protobuf/protobuf-java-util/3.5.1/protobuf-java-util-3.5.1.jar:/home/user/.m2/repository/org/apache/hadoop/hadoop-hdds-config/0.5.0-SNAPSHOT/hadoop-hdds-config-0.5.0-SNAPSHOT.jar:/home/user/.m2/repository/io/grpc/grpc-netty/1.17.1/grpc-netty-1.17.1.jar:/home/user/.m2/repository/io/grpc/grpc-core/1.17.1/grpc-core-1.17.1.jar:/home/user/.m2/repository/io/grpc/grpc-context/1.17.1/grpc-context-1.17.1.jar:/home/user/.m2/repository/com/google/errorprone/error_prone_annotations/2.2.0/error_prone_annotations-2.2.0.jar:/home/user/.m2/repository/org/codehaus/mojo/animal-sniffer-annotations/1.17/animal-sniffer-annotations-1.17.jar:/home/user/.m2/repository/io/opencensus/opencensus-api/0.17.0/opencensus-api-0.17.0.jar:/home/user/.m2/repository/io/opencensus/opencensus-contrib-grpc-metrics/0.17.0/opencensus-contrib-grpc-metrics-0.17.0.jar:/home/user/.m2/repository/io/netty/netty-codec-http2/4.1.30.Final/netty-codec-http2-4.1.30.Final.jar:/home/user/.m2/repository/io/netty/netty-codec-http/4.1.30.Final/netty-codec-http-4.1.30.Final.jar:/home/user/.m2/repository/io/netty/netty-codec/4.1.30.Final/netty-codec-4.1.30.Final.jar:/home/user/.m2/repository/io/netty/netty-handler/4.1.30.Final/netty-handler-4.1.30.Final.jar:/home/user/.m2/repository/io/netty/netty-handler-proxy/4.1.30.Final/netty-handler-proxy-4.1.30.Final.jar:/home/user/.m2/repository/io/netty/netty-codec-socks/4.1.30.Final/netty-codec-socks-4.1.30.Final.jar:/home/user/.m2/repository/io/netty/netty-transport-native-epoll/4.1.30.Final/netty-transport-native-epoll-4.1.30.Final.jar:/home/user/.m2/repository/io/netty/netty-common/4.1.30.Final/netty-common-4.1.30.Final.jar:/home/user/.m2/repository/io/netty/netty-buffer/4.1.30.Final/netty-buffer-4.1.30.Final.jar:/home/user/.m2/repository/io/netty/netty-transport/4.1.30.Final/netty-transport-4.1.30.Final.jar:/home/user/.m2/repository/io/netty/netty-resolver/4.1.30.Final/netty-resolver-4.1.30.Final.jar:/home/user/.m2/repository/io/netty/netty-transport-native-unix-common/4.1.30.Final/netty-transport-native-unix-common-4.1.30.Final.jar:/home/user/.m2/repository/io/grpc/grpc-protobuf/1.17.1/grpc-protobuf-1.17.1.jar:/home/user/.m2/repository/com/google/api/grpc/proto-google-common-protos/1.0.0/proto-google-common-protos-1.0.0.jar:/home/user/.m2/repository/io/grpc/grpc-protobuf-lite/1.17.1/grpc-protobuf-lite-1.17.1.jar:/home/user/.m2/repository/io/grpc/grpc-stub/1.17.1/grpc-stub-1.17.1.jar:/home/user/.m2/repository/org/apache/hadoop/hadoop-ozone-recon/0.5.0-SNAPSHOT/hadoop-ozone-recon-0.5.0-SNAPSHOT.jar:/home/user/.m2/repository/org/apache/hadoop/hadoop-ozone-reconcodegen/0.5.0-SNAPSHOT/hadoop-ozone-reconcodegen-0.5.0-SNAPSHOT.jar:/home/user/.m2/repository/com/google/inject/extensions/guice-multibindings/4.0/guice-multibindings-4.0.jar:/home/user/.m2/repository/com/google/inject/guice/4.0/guice-4.0.jar:/home/user/.m2/repository/aopalliance/aopalliance/1.0/aopalliance-1.0.jar:/home/user/.m2/repository/com/google/inject/extensions/guice-servlet/4.0/guice-servlet-4.0.jar:/home/user/.m2/repository/org/glassfish/jersey/containers/jersey-container-servlet/2.27/jersey-container-servlet-2.27.jar:/home/user/.m2/repository/org/glassfish/hk2/guice-bridge/2.5.0/guice-bridge-2.5.0.jar:/home/user/.m2/repository/org/glassfish/jersey/core/jersey-server/2.27/jersey-server-2.27.jar:/home/user/.m2/repository/org/glassfish/jersey/core/jersey-client/2.27/jersey-client-2.27.jar:/home/user/.m2/repository/org/glassfish/jersey/media/jersey-media-jaxb/2.27/jersey-media-jaxb-2.27.jar:/home/user/.m2/repository/javax/validation/validation-api/1.1.0.Final/validation-api-1.1.0.Final.jar:/home/user/.m2/repository/org/glassfish/jersey/media/jersey-media-json-jackson/2.27/jersey-media-json-jackson-2.27.jar:/home/user/.m2/repository/org/glassfish/jersey/ext/jersey-entity-filtering/2.27/jersey-entity-filtering-2.27.jar:/home/user/.m2/repository/com/google/inject/extensions/guice-assistedinject/4.0/guice-assistedinject-4.0.jar:/home/user/.m2/repository/org/jooq/jooq/3.11.10/jooq-3.11.10.jar:/home/user/.m2/repository/org/jooq/jooq-meta/3.11.10/jooq-meta-3.11.10.jar:/home/user/.m2/repository/org/jooq/jooq-codegen/3.11.10/jooq-codegen-3.11.10.jar:/home/user/.m2/repository/com/jolbox/bonecp/0.8.0.RELEASE/bonecp-0.8.0.RELEASE.jar:/home/user/.m2/repository/org/xerial/sqlite-jdbc/3.25.2/sqlite-jdbc-3.25.2.jar:/home/user/.m2/repository/org/springframework/spring-jdbc/5.1.3.RELEASE/spring-jdbc-5.1.3.RELEASE.jar:/home/user/.m2/repository/org/springframework/spring-beans/5.1.3.RELEASE/spring-beans-5.1.3.RELEASE.jar:/home/user/.m2/repository/org/springframework/spring-core/5.1.3.RELEASE/spring-core-5.1.3.RELEASE.jar:/home/user/.m2/repository/org/springframework/spring-jcl/5.1.3.RELEASE/spring-jcl-5.1.3.RELEASE.jar:/home/user/.m2/repository/org/springframework/spring-tx/5.1.3.RELEASE/spring-tx-5.1.3.RELEASE.jar:/home/user/.m2/repository/org/apache/hadoop/hadoop-ozone-client/0.5.0-SNAPSHOT/hadoop-ozone-client-0.5.0-SNAPSHOT.jar:/home/user/.m2/repository/commons-lang/commons-lang/2.6/commons-lang-2.6.jar:/home/user/.m2/repository/org/apache/hadoop/hadoop-ozone-ozone-manager/0.5.0-SNAPSHOT/hadoop-ozone-ozone-manager-0.5.0-SNAPSHOT-tests.jar:/home/user/.m2/repository/junit/junit/4.11/junit-4.11.jar:/home/user/.m2/repository/org/hamcrest/hamcrest-core/1.3/hamcrest-core-1.3.jar:/home/user/.m2/repository/org/openjdk/jmh/jmh-core/1.19/jmh-core-1.19.jar:/home/user/.m2/repository/net/sf/jopt-simple/jopt-simple/4.6/jopt-simple-4.6.jar:/home/user/.m2/repository/org/apache/commons/commons-math3/3.1.1/commons-math3-3.1.1.jar:/home/user/.m2/repository/org/openjdk/jmh/jmh-generator-annprocess/1.19/jmh-generator-annprocess-1.19.jar:/home/user/.m2/repository/org/mockito/mockito-all/1.8.5/mockito-all-1.8.5.jar:/home/user/.m2/repository/org/apache/hadoop/hadoop-kms/3.2.0/hadoop-kms-3.2.0.jar:/home/user/.m2/repository/org/apache/hadoop/hadoop-auth/3.2.0/hadoop-auth-3.2.0.jar:/home/user/.m2/repository/com/nimbusds/nimbus-jose-jwt/4.41.1/nimbus-jose-jwt-4.41.1.jar:/home/user/.m2/repository/com/github/stephenc/jcip/jcip-annotations/1.0-1/jcip-annotations-1.0-1.jar:/home/user/.m2/repository/net/minidev/json-smart/2.3/json-smart-2.3.jar:/home/user/.m2/repository/net/minidev/accessors-smart/1.2/accessors-smart-1.2.jar:/home/user/.m2/repository/org/ow2/asm/asm/5.0.4/asm-5.0.4.jar:/home/user/.m2/repository/org/apache/curator/curator-framework/2.12.0/curator-framework-2.12.0.jar:/home/user/.m2/repository/com/sun/jersey/jersey-core/1.19/jersey-core-1.19.jar:/home/user/.m2/repository/javax/ws/rs/jsr311-api/1.1.1/jsr311-api-1.1.1.jar:/home/user/.m2/repository/com/sun/jersey/jersey-server/1.19/jersey-server-1.19.jar:/home/user/.m2/repository/javax/servlet/javax.servlet-api/3.1.0/javax.servlet-api-3.1.0.jar:/home/user/.m2/repository/org/eclipse/jetty/jetty-server/9.3.24.v20180605/jetty-server-9.3.24.v20180605.jar:/home/user/.m2/repository/org/eclipse/jetty/jetty-http/9.3.24.v20180605/jetty-http-9.3.24.v20180605.jar:/home/user/.m2/repository/org/eclipse/jetty/jetty-io/9.3.24.v20180605/jetty-io-9.3.24.v20180605.jar:/home/user/.m2/repository/org/eclipse/jetty/jetty-webapp/9.3.24.v20180605/jetty-webapp-9.3.24.v20180605.jar:/home/user/.m2/repository/org/eclipse/jetty/jetty-xml/9.3.24.v20180605/jetty-xml-9.3.24.v20180605.jar:/home/user/.m2/repository/log4j/log4j/1.2.17/log4j-1.2.17.jar:/home/user/.m2/repository/org/slf4j/slf4j-api/1.7.25/slf4j-api-1.7.25.jar:/home/user/.m2/repository/org/slf4j/jul-to-slf4j/1.7.25/jul-to-slf4j-1.7.25.jar:/home/user/.m2/repository/org/eclipse/jetty/jetty-util/9.3.24.v20180605/jetty-util-9.3.24.v20180605.jar:/home/user/.m2/repository/com/fasterxml/jackson/core/jackson-databind/2.9.5/jackson-databind-2.9.5.jar:/home/user/.m2/repository/org/apache/hadoop/hadoop-kms/3.2.0/hadoop-kms-3.2.0-tests.jar:/home/user/.m2/repository/org/apache/hadoop/hadoop-hdds-server-scm/0.5.0-SNAPSHOT/hadoop-hdds-server-scm-0.5.0-SNAPSHOT-tests.jar:/home/user/.m2/repository/org/apache/hadoop/hadoop-hdds-container-service/0.5.0-SNAPSHOT/hadoop-hdds-container-service-0.5.0-SNAPSHOT-tests.jar:/home/user/.m2/repository/org/yaml/snakeyaml/1.16/snakeyaml-1.16.jar:/home/user/.m2/repository/org/apache/hadoop/hadoop-common/3.2.0/hadoop-common-3.2.0-tests.jar:/home/user/.m2/repository/org/apache/hadoop/hadoop-annotations/3.2.0/hadoop-annotations-3.2.0.jar:/usr/lib/jvm/java-1.8-openjdk/jre/../lib/tools.jar:/home/user/.m2/repository/commons-cli/commons-cli/1.2/commons-cli-1.2.jar:/home/user/.m2/repository/org/apache/httpcomponents/httpclient/4.5.2/httpclient-4.5.2.jar:/home/user/.m2/repository/org/apache/httpcomponents/httpcore/4.4.4/httpcore-4.4.4.jar:/home/user/.m2/repository/commons-codec/commons-codec/1.11/commons-codec-1.11.jar:/home/user/.m2/repository/commons-net/commons-net/3.6/commons-net-3.6.jar:/home/user/.m2/repository/commons-collections/commons-collections/3.2.2/commons-collections-3.2.2.jar:/home/user/.m2/repository/org/eclipse/jetty/jetty-servlet/9.3.24.v20180605/jetty-servlet-9.3.24.v20180605.jar:/home/user/.m2/repository/org/eclipse/jetty/jetty-security/9.3.24.v20180605/jetty-security-9.3.24.v20180605.jar:/home/user/.m2/repository/javax/servlet/jsp/jsp-api/2.1/jsp-api-2.1.jar:/home/user/.m2/repository/com/sun/jersey/jersey-servlet/1.19/jersey-servlet-1.19.jar:/home/user/.m2/repository/com/sun/jersey/jersey-json/1.19/jersey-json-1.19.jar:/home/user/.m2/repository/org/codehaus/jettison/jettison/1.1/jettison-1.1.jar:/home/user/.m2/repository/org/codehaus/jackson/jackson-core-asl/1.9.13/jackson-core-asl-1.9.13.jar:/home/user/.m2/repository/org/codehaus/jackson/jackson-mapper-asl/1.9.13/jackson-mapper-asl-1.9.13.jar:/home/user/.m2/repository/org/codehaus/jackson/jackson-jaxrs/1.9.13/jackson-jaxrs-1.9.13.jar:/home/user/.m2/repository/org/codehaus/jackson/jackson-xc/1.9.13/jackson-xc-1.9.13.jar:/home/user/.m2/repository/commons-logging/commons-logging/1.1.3/commons-logging-1.1.3.jar:/home/user/.m2/repository/commons-beanutils/commons-beanutils/1.9.3/commons-beanutils-1.9.3.jar:/home/user/.m2/repository/org/apache/commons/commons-configuration2/2.1.1/commons-configuration2-2.1.1.jar:/home/user/.m2/repository/org/apache/commons/commons-lang3/3.7/commons-lang3-3.7.jar:/home/user/.m2/repository/org/apache/commons/commons-text/1.4/commons-text-1.4.jar:/home/user/.m2/repository/org/apache/avro/avro/1.7.7/avro-1.7.7.jar:/home/user/.m2/repository/com/thoughtworks/paranamer/paranamer/2.3/paranamer-2.3.jar:/home/user/.m2/repository/org/xerial/snappy/snappy-java/1.0.5/snappy-java-1.0.5.jar:/home/user/.m2/repository/com/google/re2j/re2j/1.1/re2j-1.1.jar:/home/user/.m2/repository/com/google/code/gson/gson/2.2.4/gson-2.2.4.jar:/home/user/.m2/repository/com/jcraft/jsch/0.1.54/jsch-0.1.54.jar:/home/user/.m2/repository/org/apache/curator/curator-client/2.12.0/curator-client-2.12.0.jar:/home/user/.m2/repository/org/apache/curator/curator-recipes/2.12.0/curator-recipes-2.12.0.jar:/home/user/.m2/repository/com/google/code/findbugs/jsr305/3.0.0/jsr305-3.0.0.jar:/home/user/.m2/repository/org/apache/htrace/htrace-core4/4.1.0-incubating/htrace-core4-4.1.0-incubating.jar:/home/user/.m2/repository/org/apache/zookeeper/zookeeper/3.4.13/zookeeper-3.4.13.jar:/home/user/.m2/repository/org/apache/yetus/audience-annotations/0.5.0/audience-annotations-0.5.0.jar:/home/user/.m2/repository/org/codehaus/woodstox/stax2-api/3.1.4/stax2-api-3.1.4.jar:/home/user/.m2/repository/com/fasterxml/woodstox/woodstox-core/5.0.3/woodstox-core-5.0.3.jar:/home/user/.m2/repository/dnsjava/dnsjava/2.1.7/dnsjava-2.1.7.jar:/home/user/.m2/repository/org/apache/hadoop/hadoop-hdfs/3.2.0/hadoop-hdfs-3.2.0-tests.jar:/home/user/.m2/repository/org/eclipse/jetty/jetty-util-ajax/9.3.24.v20180605/jetty-util-ajax-9.3.24.v20180605.jar:/home/user/.m2/repository/commons-daemon/commons-daemon/1.0.13/commons-daemon-1.0.13.jar:/home/user/.m2/repository/io/netty/netty/3.10.5.Final/netty-3.10.5.Final.jar:/home/user/.m2/repository/io/netty/netty-all/4.0.52.Final/netty-all-4.0.52.Final.jar:/home/user/.m2/repository/org/fusesource/leveldbjni/leveldbjni-all/1.8/leveldbjni-all-1.8.jar:"/>
    <property name="sun.cpu.endian" value="little"/>
    <property name="user.home" value="/home/user"/>
    <property name="user.language" value="en"/>
    <property name="java.specification.vendor" value="Oracle Corporation"/>
    <property name="java.home" value="/usr/lib/jvm/java-1.8-openjdk/jre"/>
    <property name="java.security.krb5.conf" value="/workdir/hadoop-ozone/integration-test/target/test-classes/krb5.conf"/>
    <property name="basedir" value="/workdir/hadoop-ozone/integration-test"/>
    <property name="file.separator" value="/"/>
    <property name="line.separator" value="&#10;"/>
    <property name="java.vm.specification.vendor" value="Oracle Corporation"/>
    <property name="java.specification.name" value="Java Platform API Specification"/>
    <property name="java.awt.graphicsenv" value="sun.awt.X11GraphicsEnvironment"/>
    <property name="surefire.real.class.path" value="/workdir/hadoop-ozone/integration-test/target/surefire/surefirebooter7526129454493246659.jar"/>
    <property name="hadoop.log.dir" value="/workdir/hadoop-ozone/integration-test/target/log"/>
    <property name="sun.boot.class.path" value="/usr/lib/jvm/java-1.8-openjdk/jre/lib/resources.jar:/usr/lib/jvm/java-1.8-openjdk/jre/lib/rt.jar:/usr/lib/jvm/java-1.8-openjdk/jre/lib/sunrsasign.jar:/usr/lib/jvm/java-1.8-openjdk/jre/lib/jsse.jar:/usr/lib/jvm/java-1.8-openjdk/jre/lib/jce.jar:/usr/lib/jvm/java-1.8-openjdk/jre/lib/charsets.jar:/usr/lib/jvm/java-1.8-openjdk/jre/lib/jfr.jar:/usr/lib/jvm/java-1.8-openjdk/jre/classes"/>
    <property name="sun.management.compiler" value="HotSpot 64-Bit Tiered Compilers"/>
    <property name="java.runtime.version" value="1.8.0_212-b04"/>
    <property name="java.net.preferIPv4Stack" value="true"/>
    <property name="user.name" value="jenkins1000"/>
    <property name="path.separator" value=":"/>
    <property name="java.security.egd" value="file:///dev/urandom"/>
    <property name="os.version" value="3.10.0-957.12.2.el7.x86_64"/>
    <property name="java.endorsed.dirs" value="/usr/lib/jvm/java-1.8-openjdk/jre/lib/endorsed"/>
    <property name="java.runtime.name" value="OpenJDK Runtime Environment"/>
    <property name="file.encoding" value="UTF-8"/>
    <property name="java.vm.name" value="OpenJDK 64-Bit Server VM"/>
    <property name="test.build.webapps" value=""/>
    <property name="localRepository" value="/home/user/.m2/repository"/>
    <property name="java.vendor.url.bug" value="https://icedtea.classpath.org/bugzilla"/>
    <property name="java.io.tmpdir" value="/tmp"/>
    <property name="require.test.libhadoop" value=""/>
    <property name="java.version" value="1.8.0_212"/>
    <property name="user.dir" value="/workdir/hadoop-ozone/integration-test"/>
    <property name="os.arch" value="amd64"/>
    <property name="java.vm.specification.name" value="Java Virtual Machine Specification"/>
    <property name="test.build.classes" value="/workdir/hadoop-ozone/integration-test/target/test-classes"/>
    <property name="java.awt.printerjob" value="sun.print.PSPrinterJob"/>
    <property name="sun.os.patch.level" value="unknown"/>
    <property name="hadoop.tmp.dir" value="/workdir/hadoop-ozone/integration-test/target/tmp"/>
    <property name="java.library.path" value="/usr/lib/jvm/java-1.8-openjdk/jre/lib/amd64/server:/usr/lib/jvm/java-1.8-openjdk/jre/lib/amd64:/usr/lib/jvm/java-1.8-openjdk/jre/../lib/amd64:/workdir/hadoop-ozone/integration-test/target/native/target/usr/local/lib:/workdir/hadoop-ozone/integration-test/../../hadoop-common-project/hadoop-common/target/native/target/usr/local/lib:/usr/java/packages/lib/amd64:/usr/lib64:/lib64:/lib:/usr/lib"/>
    <property name="java.vm.info" value="mixed mode"/>
    <property name="java.vendor" value="IcedTea"/>
    <property name="java.vm.version" value="25.212-b04"/>
    <property name="java.ext.dirs" value="/usr/lib/jvm/java-1.8-openjdk/jre/lib/ext:/usr/java/packages/lib/ext"/>
    <property name="sun.io.unicode.encoding" value="UnicodeLittle"/>
    <property name="java.class.version" value="52.0"/>
  </properties>
  <testcase name="testBlockDeletion" classname="org.apache.hadoop.ozone.container.common.statemachine.commandhandler.TestBlockDeletion" time="85.214">
    <failure message="expected null, but was:&lt;[B@7301eebe&gt;" type="java.lang.AssertionError"><![CDATA[java.lang.AssertionError: expected null, but was:<[B@7301eebe>
	at org.junit.Assert.fail(Assert.java:88)
	at org.junit.Assert.failNotNull(Assert.java:664)
	at org.junit.Assert.assertNull(Assert.java:646)
	at org.junit.Assert.assertNull(Assert.java:656)
	at org.apache.hadoop.ozone.container.common.statemachine.commandhandler.TestBlockDeletion.lambda$verifyBlocksDeleted$5(TestBlockDeletion.java:334)
	at org.apache.hadoop.ozone.OzoneTestUtils.performOperationOnKeyContainers(OzoneTestUtils.java:96)
	at org.apache.hadoop.ozone.container.common.statemachine.commandhandler.TestBlockDeletion.verifyBlocksDeleted(TestBlockDeletion.java:328)
	at org.apache.hadoop.ozone.container.common.statemachine.commandhandler.TestBlockDeletion.testBlockDeletion(TestBlockDeletion.java:188)
	at sun.reflect.NativeMethodAccessorImpl.invoke0(Native Method)
	at sun.reflect.NativeMethodAccessorImpl.invoke(NativeMethodAccessorImpl.java:62)
	at sun.reflect.DelegatingMethodAccessorImpl.invoke(DelegatingMethodAccessorImpl.java:43)
	at java.lang.reflect.Method.invoke(Method.java:498)
	at org.junit.runners.model.FrameworkMethod$1.runReflectiveCall(FrameworkMethod.java:47)
	at org.junit.internal.runners.model.ReflectiveCallable.run(ReflectiveCallable.java:12)
	at org.junit.runners.model.FrameworkMethod.invokeExplosively(FrameworkMethod.java:44)
	at org.junit.internal.runners.statements.InvokeMethod.evaluate(InvokeMethod.java:17)
	at org.junit.runners.ParentRunner.runLeaf(ParentRunner.java:271)
	at org.junit.runners.BlockJUnit4ClassRunner.runChild(BlockJUnit4ClassRunner.java:70)
	at org.junit.runners.BlockJUnit4ClassRunner.runChild(BlockJUnit4ClassRunner.java:50)
	at org.junit.runners.ParentRunner$3.run(ParentRunner.java:238)
	at org.junit.runners.ParentRunner$1.schedule(ParentRunner.java:63)
	at org.junit.runners.ParentRunner.runChildren(ParentRunner.java:236)
	at org.junit.runners.ParentRunner.access$000(ParentRunner.java:53)
	at org.junit.runners.ParentRunner$2.evaluate(ParentRunner.java:229)
	at org.junit.internal.runners.statements.RunBefores.evaluate(RunBefores.java:26)
	at org.junit.runners.ParentRunner.run(ParentRunner.java:309)
	at org.apache.maven.surefire.junit4.JUnit4Provider.execute(JUnit4Provider.java:365)
	at org.apache.maven.surefire.junit4.JUnit4Provider.executeWithRerun(JUnit4Provider.java:273)
	at org.apache.maven.surefire.junit4.JUnit4Provider.executeTestSet(JUnit4Provider.java:238)
	at org.apache.maven.surefire.junit4.JUnit4Provider.invoke(JUnit4Provider.java:159)
	at org.apache.maven.surefire.booter.ForkedBooter.invokeProviderInSameClassLoader(ForkedBooter.java:384)
	at org.apache.maven.surefire.booter.ForkedBooter.runSuitesInProcess(ForkedBooter.java:345)
	at org.apache.maven.surefire.booter.ForkedBooter.execute(ForkedBooter.java:126)
	at org.apache.maven.surefire.booter.ForkedBooter.main(ForkedBooter.java:418)
]]></failure>
    <system-out><![CDATA[2019-09-03 20:25:28,035 [main] WARN  server.ServerUtils (ServerUtils.java:getScmDbDir(145)) - ozone.scm.db.dirs is not configured. We recommend adding this setting. Falling back to ozone.metadata.dirs instead.
2019-09-03 20:25:28,140 [main] WARN  server.ServerUtils (ServerUtils.java:getScmDbDir(145)) - ozone.scm.db.dirs is not configured. We recommend adding this setting. Falling back to ozone.metadata.dirs instead.
2019-09-03 20:25:28,143 [main] WARN  server.ServerUtils (ServerUtils.java:getScmDbDir(145)) - ozone.scm.db.dirs is not configured. We recommend adding this setting. Falling back to ozone.metadata.dirs instead.
2019-09-03 20:25:28,160 [main] INFO  util.log (Log.java:initialized(192)) - Logging initialized @889ms
2019-09-03 20:25:28,262 [main] INFO  db.DBStoreBuilder (DBStoreBuilder.java:addTable(110)) - using custom profile for table: deletedBlocks
2019-09-03 20:25:28,263 [main] INFO  db.DBStoreBuilder (DBStoreBuilder.java:processTables(161)) - Using default column profile:DBProfile.DISK for Table:deletedBlocks
2019-09-03 20:25:28,263 [main] INFO  db.DBStoreBuilder (DBStoreBuilder.java:addTable(110)) - using custom profile for table: validCerts
2019-09-03 20:25:28,263 [main] INFO  db.DBStoreBuilder (DBStoreBuilder.java:processTables(161)) - Using default column profile:DBProfile.DISK for Table:validCerts
2019-09-03 20:25:28,264 [main] INFO  db.DBStoreBuilder (DBStoreBuilder.java:addTable(110)) - using custom profile for table: revokedCerts
2019-09-03 20:25:28,264 [main] INFO  db.DBStoreBuilder (DBStoreBuilder.java:processTables(161)) - Using default column profile:DBProfile.DISK for Table:revokedCerts
2019-09-03 20:25:28,277 [main] INFO  db.DBStoreBuilder (DBStoreBuilder.java:addTable(110)) - using custom profile for table: default
2019-09-03 20:25:28,277 [main] INFO  db.DBStoreBuilder (DBStoreBuilder.java:processTables(167)) - Using default column profile:DBProfile.DISK for Table:default
2019-09-03 20:25:28,278 [main] INFO  db.DBStoreBuilder (DBStoreBuilder.java:getDbProfile(198)) - Using default options. DBProfile.DISK
2019-09-03 20:25:28,643 [main] INFO  net.NodeSchemaLoader (NodeSchemaLoader.java:loadSchemaFromFile(125)) - Loading file from sun.misc.CompoundEnumeration@41d477ed
2019-09-03 20:25:28,645 [main] INFO  net.NodeSchemaLoader (NodeSchemaLoader.java:loadSchema(171)) - Loading network topology layer schema file
2019-09-03 20:25:28,722 [main] INFO  node.SCMNodeManager (SCMNodeManager.java:<init>(114)) - Entering startup safe mode.
2019-09-03 20:25:28,800 [main] INFO  algorithms.ContainerPlacementPolicyFactory (ContainerPlacementPolicyFactory.java:getPolicy(55)) - Create container placement policy of type org.apache.hadoop.hdds.scm.container.placement.algorithms.SCMContainerPlacementRandom
2019-09-03 20:25:28,816 [main] WARN  server.ServerUtils (ServerUtils.java:getScmDbDir(145)) - ozone.scm.db.dirs is not configured. We recommend adding this setting. Falling back to ozone.metadata.dirs instead.
2019-09-03 20:25:28,911 [main] INFO  pipeline.SCMPipelineManager (SCMPipelineManager.java:initializePipelineState(128)) - No pipeline exists in current db
2019-09-03 20:25:28,915 [main] WARN  server.ServerUtils (ServerUtils.java:getScmDbDir(145)) - ozone.scm.db.dirs is not configured. We recommend adding this setting. Falling back to ozone.metadata.dirs instead.
2019-09-03 20:25:29,088 [main] WARN  events.EventQueue (EventQueue.java:fireEvent(183)) - No event handler registered for event TypedEvent{payloadType=SafeModeStatus, name='SafeModeStatus'}
2019-09-03 20:25:29,451 [main] INFO  ipc.CallQueueManager (CallQueueManager.java:<init>(84)) - Using callQueue: class java.util.concurrent.LinkedBlockingQueue, queueCapacity: 2000, scheduler: class org.apache.hadoop.ipc.DefaultRpcScheduler, ipcBackoff: false.
2019-09-03 20:25:29,596 [Socket Reader #1 for port 43589] INFO  ipc.Server (Server.java:run(1074)) - Starting Socket Reader #1 for port 43589
2019-09-03 20:25:29,639 [main] INFO  ipc.CallQueueManager (CallQueueManager.java:<init>(84)) - Using callQueue: class java.util.concurrent.LinkedBlockingQueue, queueCapacity: 2000, scheduler: class org.apache.hadoop.ipc.DefaultRpcScheduler, ipcBackoff: false.
2019-09-03 20:25:29,641 [Socket Reader #1 for port 38828] INFO  ipc.Server (Server.java:run(1074)) - Starting Socket Reader #1 for port 38828
2019-09-03 20:25:29,653 [main] INFO  ipc.CallQueueManager (CallQueueManager.java:<init>(84)) - Using callQueue: class java.util.concurrent.LinkedBlockingQueue, queueCapacity: 2000, scheduler: class org.apache.hadoop.ipc.DefaultRpcScheduler, ipcBackoff: false.
2019-09-03 20:25:29,654 [Socket Reader #1 for port 39929] INFO  ipc.Server (Server.java:run(1074)) - Starting Socket Reader #1 for port 39929
2019-09-03 20:25:29,677 [main] INFO  hdfs.DFSUtil (DFSUtil.java:httpServerTemplateForNNAndJN(1641)) - Starting Web-server for scm at: http://0.0.0.0:0
2019-09-03 20:25:29,832 [main] INFO  server.AuthenticationFilter (AuthenticationFilter.java:constructSecretProvider(240)) - Unable to initialize FileSignerSecretProvider, falling back to use random secrets.
2019-09-03 20:25:29,841 [main] WARN  http.HttpRequestLog (HttpRequestLog.java:getRequestLog(97)) - Jetty request log can only be enabled using Log4j
2019-09-03 20:25:29,850 [main] INFO  http.HttpServer2 (HttpServer2.java:addGlobalFilter(975)) - Added global filter 'safety' (class=org.apache.hadoop.http.HttpServer2$QuotingInputFilter)
2019-09-03 20:25:29,853 [main] INFO  http.HttpServer2 (HttpServer2.java:addFilter(948)) - Added filter static_user_filter (class=org.apache.hadoop.http.lib.StaticUserWebFilter$StaticUserFilter) to context scm
2019-09-03 20:25:29,854 [main] INFO  http.HttpServer2 (HttpServer2.java:addFilter(958)) - Added filter static_user_filter (class=org.apache.hadoop.http.lib.StaticUserWebFilter$StaticUserFilter) to context static
2019-09-03 20:25:29,854 [main] INFO  http.HttpServer2 (HttpServer2.java:addFilter(958)) - Added filter static_user_filter (class=org.apache.hadoop.http.lib.StaticUserWebFilter$StaticUserFilter) to context logs
2019-09-03 20:25:29,890 [main] INFO  server.StorageContainerManager (StorageContainerManager.java:start(759)) - StorageContainerLocationProtocol RPC server is listening at /0.0.0.0:39929
2019-09-03 20:25:29,964 [main] WARN  impl.MetricsConfig (MetricsConfig.java:loadFirst(134)) - Cannot locate configuration: tried hadoop-metrics2-storagecontainermanager.properties,hadoop-metrics2.properties
2019-09-03 20:25:29,980 [main] INFO  impl.MetricsSystemImpl (MetricsSystemImpl.java:startTimer(374)) - Scheduled Metric snapshot period at 10 second(s).
2019-09-03 20:25:29,980 [main] INFO  impl.MetricsSystemImpl (MetricsSystemImpl.java:start(191)) - StorageContainerManager metrics system started
2019-09-03 20:25:30,227 [main] INFO  server.SCMClientProtocolServer (SCMClientProtocolServer.java:start(151)) - RPC server for Client  is listening at /0.0.0.0:39929
2019-09-03 20:25:30,227 [IPC Server Responder] INFO  ipc.Server (Server.java:run(1314)) - IPC Server Responder: starting
2019-09-03 20:25:30,227 [IPC Server listener on 39929] INFO  ipc.Server (Server.java:run(1153)) - IPC Server listener on 39929: starting
2019-09-03 20:25:30,231 [main] INFO  server.StorageContainerManager (StorageContainerManager.java:start(769)) - ScmBlockLocationProtocol RPC server is listening at /0.0.0.0:38828
2019-09-03 20:25:30,233 [main] INFO  server.SCMBlockProtocolServer (SCMBlockProtocolServer.java:start(146)) - RPC server for Block Protocol is listening at /0.0.0.0:38828
2019-09-03 20:25:30,234 [IPC Server Responder] INFO  ipc.Server (Server.java:run(1314)) - IPC Server Responder: starting
2019-09-03 20:25:30,234 [IPC Server listener on 38828] INFO  ipc.Server (Server.java:run(1153)) - IPC Server listener on 38828: starting
2019-09-03 20:25:30,236 [main] INFO  server.StorageContainerManager (StorageContainerManager.java:start(773)) - ScmDatanodeProtocl RPC server is listening at /0.0.0.0:43589
2019-09-03 20:25:30,236 [main] INFO  server.SCMDatanodeProtocolServer (SCMDatanodeProtocolServer.java:start(191)) - RPC server for DataNodes is listening at /0.0.0.0:43589
2019-09-03 20:25:30,237 [IPC Server Responder] INFO  ipc.Server (Server.java:run(1314)) - IPC Server Responder: starting
2019-09-03 20:25:30,237 [IPC Server listener on 43589] INFO  ipc.Server (Server.java:run(1153)) - IPC Server listener on 43589: starting
2019-09-03 20:25:30,242 [main] INFO  http.HttpServer2 (HttpServer2.java:bindListener(1191)) - Jetty bound to port 37423
2019-09-03 20:25:30,244 [main] INFO  server.Server (Server.java:doStart(351)) - jetty-9.3.24.v20180605, build timestamp: 2018-06-05T17:11:56Z, git hash: 84205aa28f11a4f31f2a3b86d1bba2cc8ab69827
2019-09-03 20:25:30,295 [main] INFO  handler.ContextHandler (ContextHandler.java:doStart(781)) - Started o.e.j.s.ServletContextHandler@6622fc65{/logs,file:///workdir/hadoop-ozone/integration-test/target/log,AVAILABLE}
2019-09-03 20:25:30,296 [main] INFO  handler.ContextHandler (ContextHandler.java:doStart(781)) - Started o.e.j.s.ServletContextHandler@23fb172e{/static,file:///workdir/hadoop-ozone/integration-test/target/test-classes/webapps/static,AVAILABLE}
2019-09-03 20:25:30,333 [main] INFO  handler.ContextHandler (ContextHandler.java:doStart(781)) - Started o.e.j.w.WebAppContext@3591009c{/,file:///workdir/hadoop-ozone/integration-test/target/test-classes/webapps/scm/,AVAILABLE}{/scm}
2019-09-03 20:25:30,339 [main] INFO  server.AbstractConnector (AbstractConnector.java:doStart(278)) - Started ServerConnector@2de366bb{HTTP/1.1,[http/1.1]}{0.0.0.0:37423}
2019-09-03 20:25:30,340 [main] INFO  server.Server (Server.java:doStart(419)) - Started @3069ms
2019-09-03 20:25:30,342 [main] INFO  impl.MetricsSinkAdapter (MetricsSinkAdapter.java:start(204)) - Sink prometheus started
2019-09-03 20:25:30,342 [main] INFO  impl.MetricsSystemImpl (MetricsSystemImpl.java:registerSink(301)) - Registered sink prometheus
2019-09-03 20:25:30,343 [main] INFO  server.BaseHttpServer (BaseHttpServer.java:updateConnectorAddress(215)) - HTTP server of SCM is listening at http://0.0.0.0:37423
2019-09-03 20:25:30,350 [org.apache.hadoop.util.JvmPauseMonitor$Monitor@64f857e7] INFO  util.JvmPauseMonitor (JvmPauseMonitor.java:run(188)) - Starting JVM pause monitor
2019-09-03 20:25:30,350 [SCMBlockDeletingService#1] DEBUG block.SCMBlockDeletingService (SCMBlockDeletingService.java:call(138)) - Running DeletedBlockTransactionScanner
2019-09-03 20:25:30,353 [main] WARN  server.ServerUtils (ServerUtils.java:getDBPath(222)) - ozone.om.db.dirs is not configured. We recommend adding this setting. Falling back to ozone.metadata.dirs instead.
2019-09-03 20:25:30,362 [SCMBlockDeletingService#1] DEBUG block.SCMBlockDeletingService (SCMBlockDeletingService.java:call(155)) - Scanned deleted blocks log and got 0 delTX to process.
2019-09-03 20:25:30,464 [SCMBlockDeletingService#1] DEBUG block.SCMBlockDeletingService (SCMBlockDeletingService.java:call(138)) - Running DeletedBlockTransactionScanner
2019-09-03 20:25:30,465 [SCMBlockDeletingService#1] DEBUG block.SCMBlockDeletingService (SCMBlockDeletingService.java:call(155)) - Scanned deleted blocks log and got 0 delTX to process.
2019-09-03 20:25:30,485 [main] WARN  server.ServerUtils (ServerUtils.java:getDBPath(222)) - ozone.om.db.dirs is not configured. We recommend adding this setting. Falling back to ozone.metadata.dirs instead.
2019-09-03 20:25:30,486 [main] WARN  server.ServerUtils (ServerUtils.java:getDBPath(222)) - ozone.om.db.dirs is not configured. We recommend adding this setting. Falling back to ozone.metadata.dirs instead.
2019-09-03 20:25:30,487 [main] INFO  om.OzoneManager (OzoneManager.java:setOMNodeDetails(649)) - OM Service ID is not set. Setting it to the default ID: omServiceIdDefault
2019-09-03 20:25:30,487 [main] INFO  om.OzoneManager (OzoneManager.java:setOMNodeDetails(655)) - OM Node ID is not set. Setting it to the OmStorage's OmID: e47f3194-1460-4c62-88d9-571e441bf83a
2019-09-03 20:25:30,489 [main] INFO  om.OzoneManager (OzoneManager.java:loadOMHAConfigs(606)) - Found matching OM address with OMServiceId: null, OMNodeId: null, RPC Address: localhost:0 and Ratis port: 9872
2019-09-03 20:25:30,565 [SCMBlockDeletingService#1] DEBUG block.SCMBlockDeletingService (SCMBlockDeletingService.java:call(138)) - Running DeletedBlockTransactionScanner
2019-09-03 20:25:30,566 [SCMBlockDeletingService#1] DEBUG block.SCMBlockDeletingService (SCMBlockDeletingService.java:call(155)) - Scanned deleted blocks log and got 0 delTX to process.
2019-09-03 20:25:30,667 [SCMBlockDeletingService#0] DEBUG block.SCMBlockDeletingService (SCMBlockDeletingService.java:call(138)) - Running DeletedBlockTransactionScanner
2019-09-03 20:25:30,667 [SCMBlockDeletingService#0] DEBUG block.SCMBlockDeletingService (SCMBlockDeletingService.java:call(155)) - Scanned deleted blocks log and got 0 delTX to process.
2019-09-03 20:25:30,768 [SCMBlockDeletingService#0] DEBUG block.SCMBlockDeletingService (SCMBlockDeletingService.java:call(138)) - Running DeletedBlockTransactionScanner
2019-09-03 20:25:30,769 [SCMBlockDeletingService#0] DEBUG block.SCMBlockDeletingService (SCMBlockDeletingService.java:call(155)) - Scanned deleted blocks log and got 0 delTX to process.
2019-09-03 20:25:30,869 [SCMBlockDeletingService#0] DEBUG block.SCMBlockDeletingService (SCMBlockDeletingService.java:call(138)) - Running DeletedBlockTransactionScanner
2019-09-03 20:25:30,870 [SCMBlockDeletingService#0] DEBUG block.SCMBlockDeletingService (SCMBlockDeletingService.java:call(155)) - Scanned deleted blocks log and got 0 delTX to process.
2019-09-03 20:25:30,970 [SCMBlockDeletingService#1] DEBUG block.SCMBlockDeletingService (SCMBlockDeletingService.java:call(138)) - Running DeletedBlockTransactionScanner
2019-09-03 20:25:30,971 [SCMBlockDeletingService#1] DEBUG block.SCMBlockDeletingService (SCMBlockDeletingService.java:call(155)) - Scanned deleted blocks log and got 0 delTX to process.
2019-09-03 20:25:31,072 [SCMBlockDeletingService#1] DEBUG block.SCMBlockDeletingService (SCMBlockDeletingService.java:call(138)) - Running DeletedBlockTransactionScanner
2019-09-03 20:25:31,072 [SCMBlockDeletingService#1] DEBUG block.SCMBlockDeletingService (SCMBlockDeletingService.java:call(155)) - Scanned deleted blocks log and got 0 delTX to process.
2019-09-03 20:25:31,173 [SCMBlockDeletingService#1] DEBUG block.SCMBlockDeletingService (SCMBlockDeletingService.java:call(138)) - Running DeletedBlockTransactionScanner
2019-09-03 20:25:31,174 [SCMBlockDeletingService#1] DEBUG block.SCMBlockDeletingService (SCMBlockDeletingService.java:call(155)) - Scanned deleted blocks log and got 0 delTX to process.
2019-09-03 20:25:31,262 [main] WARN  server.ServerUtils (ServerUtils.java:getDBPath(222)) - ozone.om.db.dirs is not configured. We recommend adding this setting. Falling back to ozone.metadata.dirs instead.
2019-09-03 20:25:31,269 [main] INFO  db.DBStoreBuilder (DBStoreBuilder.java:addTable(110)) - using custom profile for table: userTable
2019-09-03 20:25:31,270 [main] INFO  db.DBStoreBuilder (DBStoreBuilder.java:processTables(161)) - Using default column profile:DBProfile.DISK for Table:userTable
2019-09-03 20:25:31,270 [main] INFO  db.DBStoreBuilder (DBStoreBuilder.java:addTable(110)) - using custom profile for table: volumeTable
2019-09-03 20:25:31,270 [main] INFO  db.DBStoreBuilder (DBStoreBuilder.java:processTables(161)) - Using default column profile:DBProfile.DISK for Table:volumeTable
2019-09-03 20:25:31,270 [main] INFO  db.DBStoreBuilder (DBStoreBuilder.java:addTable(110)) - using custom profile for table: bucketTable
2019-09-03 20:25:31,271 [main] INFO  db.DBStoreBuilder (DBStoreBuilder.java:processTables(161)) - Using default column profile:DBProfile.DISK for Table:bucketTable
2019-09-03 20:25:31,271 [main] INFO  db.DBStoreBuilder (DBStoreBuilder.java:addTable(110)) - using custom profile for table: keyTable
2019-09-03 20:25:31,271 [main] INFO  db.DBStoreBuilder (DBStoreBuilder.java:processTables(161)) - Using default column profile:DBProfile.DISK for Table:keyTable
2019-09-03 20:25:31,271 [main] INFO  db.DBStoreBuilder (DBStoreBuilder.java:addTable(110)) - using custom profile for table: deletedTable
2019-09-03 20:25:31,272 [main] INFO  db.DBStoreBuilder (DBStoreBuilder.java:processTables(161)) - Using default column profile:DBProfile.DISK for Table:deletedTable
2019-09-03 20:25:31,272 [main] INFO  db.DBStoreBuilder (DBStoreBuilder.java:addTable(110)) - using custom profile for table: openKeyTable
2019-09-03 20:25:31,272 [main] INFO  db.DBStoreBuilder (DBStoreBuilder.java:processTables(161)) - Using default column profile:DBProfile.DISK for Table:openKeyTable
2019-09-03 20:25:31,272 [main] INFO  db.DBStoreBuilder (DBStoreBuilder.java:addTable(110)) - using custom profile for table: s3Table
2019-09-03 20:25:31,273 [main] INFO  db.DBStoreBuilder (DBStoreBuilder.java:processTables(161)) - Using default column profile:DBProfile.DISK for Table:s3Table
2019-09-03 20:25:31,273 [main] INFO  db.DBStoreBuilder (DBStoreBuilder.java:addTable(110)) - using custom profile for table: multipartInfoTable
2019-09-03 20:25:31,273 [main] INFO  db.DBStoreBuilder (DBStoreBuilder.java:processTables(161)) - Using default column profile:DBProfile.DISK for Table:multipartInfoTable
2019-09-03 20:25:31,273 [main] INFO  db.DBStoreBuilder (DBStoreBuilder.java:addTable(110)) - using custom profile for table: dTokenTable
2019-09-03 20:25:31,273 [main] INFO  db.DBStoreBuilder (DBStoreBuilder.java:processTables(161)) - Using default column profile:DBProfile.DISK for Table:dTokenTable
2019-09-03 20:25:31,274 [main] INFO  db.DBStoreBuilder (DBStoreBuilder.java:addTable(110)) - using custom profile for table: s3SecretTable
2019-09-03 20:25:31,274 [main] INFO  db.DBStoreBuilder (DBStoreBuilder.java:processTables(161)) - Using default column profile:DBProfile.DISK for Table:s3SecretTable
2019-09-03 20:25:31,274 [SCMBlockDeletingService#0] DEBUG block.SCMBlockDeletingService (SCMBlockDeletingService.java:call(138)) - Running DeletedBlockTransactionScanner
2019-09-03 20:25:31,274 [main] INFO  db.DBStoreBuilder (DBStoreBuilder.java:addTable(110)) - using custom profile for table: prefixTable
2019-09-03 20:25:31,275 [main] INFO  db.DBStoreBuilder (DBStoreBuilder.java:processTables(161)) - Using default column profile:DBProfile.DISK for Table:prefixTable
2019-09-03 20:25:31,275 [SCMBlockDeletingService#0] DEBUG block.SCMBlockDeletingService (SCMBlockDeletingService.java:call(155)) - Scanned deleted blocks log and got 0 delTX to process.
2019-09-03 20:25:31,275 [main] INFO  db.DBStoreBuilder (DBStoreBuilder.java:addTable(110)) - using custom profile for table: default
2019-09-03 20:25:31,275 [main] INFO  db.DBStoreBuilder (DBStoreBuilder.java:processTables(167)) - Using default column profile:DBProfile.DISK for Table:default
2019-09-03 20:25:31,276 [main] INFO  db.DBStoreBuilder (DBStoreBuilder.java:getDbProfile(198)) - Using default options. DBProfile.DISK
2019-09-03 20:25:31,375 [SCMBlockDeletingService#0] DEBUG block.SCMBlockDeletingService (SCMBlockDeletingService.java:call(138)) - Running DeletedBlockTransactionScanner
2019-09-03 20:25:31,376 [SCMBlockDeletingService#0] DEBUG block.SCMBlockDeletingService (SCMBlockDeletingService.java:call(155)) - Scanned deleted blocks log and got 0 delTX to process.
2019-09-03 20:25:31,476 [SCMBlockDeletingService#0] DEBUG block.SCMBlockDeletingService (SCMBlockDeletingService.java:call(138)) - Running DeletedBlockTransactionScanner
2019-09-03 20:25:31,477 [SCMBlockDeletingService#0] DEBUG block.SCMBlockDeletingService (SCMBlockDeletingService.java:call(155)) - Scanned deleted blocks log and got 0 delTX to process.
2019-09-03 20:25:31,577 [SCMBlockDeletingService#0] DEBUG block.SCMBlockDeletingService (SCMBlockDeletingService.java:call(138)) - Running DeletedBlockTransactionScanner
2019-09-03 20:25:31,578 [SCMBlockDeletingService#0] DEBUG block.SCMBlockDeletingService (SCMBlockDeletingService.java:call(155)) - Scanned deleted blocks log and got 0 delTX to process.
2019-09-03 20:25:31,678 [SCMBlockDeletingService#0] DEBUG block.SCMBlockDeletingService (SCMBlockDeletingService.java:call(138)) - Running DeletedBlockTransactionScanner
2019-09-03 20:25:31,679 [SCMBlockDeletingService#0] DEBUG block.SCMBlockDeletingService (SCMBlockDeletingService.java:call(155)) - Scanned deleted blocks log and got 0 delTX to process.
2019-09-03 20:25:31,780 [SCMBlockDeletingService#0] DEBUG block.SCMBlockDeletingService (SCMBlockDeletingService.java:call(138)) - Running DeletedBlockTransactionScanner
2019-09-03 20:25:31,784 [SCMBlockDeletingService#0] DEBUG block.SCMBlockDeletingService (SCMBlockDeletingService.java:call(155)) - Scanned deleted blocks log and got 0 delTX to process.
2019-09-03 20:25:31,885 [SCMBlockDeletingService#0] DEBUG block.SCMBlockDeletingService (SCMBlockDeletingService.java:call(138)) - Running DeletedBlockTransactionScanner
2019-09-03 20:25:31,886 [SCMBlockDeletingService#0] DEBUG block.SCMBlockDeletingService (SCMBlockDeletingService.java:call(155)) - Scanned deleted blocks log and got 0 delTX to process.
2019-09-03 20:25:31,972 [main] INFO  ipc.CallQueueManager (CallQueueManager.java:<init>(84)) - Using callQueue: class java.util.concurrent.LinkedBlockingQueue, queueCapacity: 2000, scheduler: class org.apache.hadoop.ipc.DefaultRpcScheduler, ipcBackoff: false.
2019-09-03 20:25:31,974 [Socket Reader #1 for port 46797] INFO  ipc.Server (Server.java:run(1074)) - Starting Socket Reader #1 for port 46797
2019-09-03 20:25:31,986 [SCMBlockDeletingService#0] DEBUG block.SCMBlockDeletingService (SCMBlockDeletingService.java:call(138)) - Running DeletedBlockTransactionScanner
2019-09-03 20:25:31,987 [SCMBlockDeletingService#0] DEBUG block.SCMBlockDeletingService (SCMBlockDeletingService.java:call(155)) - Scanned deleted blocks log and got 0 delTX to process.
2019-09-03 20:25:31,999 [main] INFO  om.OzoneManager (OzoneManager.java:start(1240)) - OzoneManager RPC server is listening at localhost/127.0.0.1:46797
2019-09-03 20:25:31,999 [main] INFO  impl.MetricsSystemImpl (MetricsSystemImpl.java:init(158)) - OzoneManager metrics system started (again)
2019-09-03 20:25:32,001 [IPC Server Responder] INFO  ipc.Server (Server.java:run(1314)) - IPC Server Responder: starting
2019-09-03 20:25:32,001 [IPC Server listener on 46797] INFO  ipc.Server (Server.java:run(1153)) - IPC Server listener on 46797: starting
2019-09-03 20:25:32,007 [main] INFO  hdfs.DFSUtil (DFSUtil.java:httpServerTemplateForNNAndJN(1641)) - Starting Web-server for ozoneManager at: http://0.0.0.0:0
2019-09-03 20:25:32,010 [main] INFO  server.AuthenticationFilter (AuthenticationFilter.java:constructSecretProvider(240)) - Unable to initialize FileSignerSecretProvider, falling back to use random secrets.
2019-09-03 20:25:32,012 [main] WARN  http.HttpRequestLog (HttpRequestLog.java:getRequestLog(97)) - Jetty request log can only be enabled using Log4j
2019-09-03 20:25:32,015 [main] INFO  http.HttpServer2 (HttpServer2.java:addGlobalFilter(975)) - Added global filter 'safety' (class=org.apache.hadoop.http.HttpServer2$QuotingInputFilter)
2019-09-03 20:25:32,016 [main] INFO  http.HttpServer2 (HttpServer2.java:addFilter(948)) - Added filter static_user_filter (class=org.apache.hadoop.http.lib.StaticUserWebFilter$StaticUserFilter) to context ozoneManager
2019-09-03 20:25:32,017 [main] INFO  http.HttpServer2 (HttpServer2.java:addFilter(958)) - Added filter static_user_filter (class=org.apache.hadoop.http.lib.StaticUserWebFilter$StaticUserFilter) to context static
2019-09-03 20:25:32,017 [main] INFO  http.HttpServer2 (HttpServer2.java:addFilter(958)) - Added filter static_user_filter (class=org.apache.hadoop.http.lib.StaticUserWebFilter$StaticUserFilter) to context logs
2019-09-03 20:25:32,020 [main] INFO  http.HttpServer2 (HttpServer2.java:bindListener(1191)) - Jetty bound to port 37023
2019-09-03 20:25:32,021 [main] INFO  server.Server (Server.java:doStart(351)) - jetty-9.3.24.v20180605, build timestamp: 2018-06-05T17:11:56Z, git hash: 84205aa28f11a4f31f2a3b86d1bba2cc8ab69827
2019-09-03 20:25:32,024 [main] INFO  handler.ContextHandler (ContextHandler.java:doStart(781)) - Started o.e.j.s.ServletContextHandler@1bbae752{/logs,file:///workdir/hadoop-ozone/integration-test/target/log,AVAILABLE}
2019-09-03 20:25:32,025 [main] INFO  handler.ContextHandler (ContextHandler.java:doStart(781)) - Started o.e.j.s.ServletContextHandler@5cf87cfd{/static,file:///workdir/hadoop-ozone/integration-test/target/test-classes/webapps/static,AVAILABLE}
2019-09-03 20:25:32,032 [main] INFO  handler.ContextHandler (ContextHandler.java:doStart(781)) - Started o.e.j.w.WebAppContext@963176{/,file:///workdir/hadoop-ozone/integration-test/target/test-classes/webapps/ozoneManager/,AVAILABLE}{/ozoneManager}
2019-09-03 20:25:32,033 [main] INFO  server.AbstractConnector (AbstractConnector.java:doStart(278)) - Started ServerConnector@65004ff6{HTTP/1.1,[http/1.1]}{0.0.0.0:37023}
2019-09-03 20:25:32,034 [main] INFO  server.Server (Server.java:doStart(419)) - Started @4763ms
2019-09-03 20:25:32,035 [main] WARN  impl.MetricsSystemImpl (MetricsSystemImpl.java:register(276)) - Sink prometheus already exists!
2019-09-03 20:25:32,035 [main] INFO  server.BaseHttpServer (BaseHttpServer.java:updateConnectorAddress(215)) - HTTP server of OZONEMANAGER is listening at http://0.0.0.0:37023
2019-09-03 20:25:32,278 [SCMBlockDeletingService#0] DEBUG block.SCMBlockDeletingService (SCMBlockDeletingService.java:call(138)) - Running DeletedBlockTransactionScanner
2019-09-03 20:25:32,278 [SCMBlockDeletingService#0] DEBUG block.SCMBlockDeletingService (SCMBlockDeletingService.java:call(155)) - Scanned deleted blocks log and got 0 delTX to process.
2019-09-03 20:25:32,379 [SCMBlockDeletingService#0] DEBUG block.SCMBlockDeletingService (SCMBlockDeletingService.java:call(138)) - Running DeletedBlockTransactionScanner
2019-09-03 20:25:32,380 [SCMBlockDeletingService#0] DEBUG block.SCMBlockDeletingService (SCMBlockDeletingService.java:call(155)) - Scanned deleted blocks log and got 0 delTX to process.
2019-09-03 20:25:32,390 [main] INFO  impl.MetricsSystemImpl (MetricsSystemImpl.java:init(158)) - HddsDatanode metrics system started (again)
2019-09-03 20:25:32,440 [main] INFO  ozone.HddsDatanodeService (HddsDatanodeService.java:start(184)) - HddsDatanodeService host:pr-hdds-1200-xgh2h-450883189 ip:192.168.36.111
2019-09-03 20:25:32,474 [main] INFO  volume.HddsVolume (HddsVolume.java:<init>(176)) - Creating Volume: /workdir/hadoop-ozone/integration-test/target/test-dir/MiniOzoneClusterImpl-f6d2529a-717c-4912-84e5-25bf8ea5201e/datanode-0/data/containers/hdds of  storage type : DISK and capacity : 1482555576320
2019-09-03 20:25:32,476 [main] INFO  volume.VolumeSet (VolumeSet.java:initializeVolumeSet(170)) - Added Volume : /workdir/hadoop-ozone/integration-test/target/test-dir/MiniOzoneClusterImpl-f6d2529a-717c-4912-84e5-25bf8ea5201e/datanode-0/data/containers/hdds to VolumeSet
2019-09-03 20:25:32,479 [main] INFO  volume.ThrottledAsyncChecker (ThrottledAsyncChecker.java:schedule(140)) - Scheduling a check for org.apache.hadoop.ozone.container.common.volume.HddsVolume@cfbc8e8
2019-09-03 20:25:32,480 [SCMBlockDeletingService#0] DEBUG block.SCMBlockDeletingService (SCMBlockDeletingService.java:call(138)) - Running DeletedBlockTransactionScanner
2019-09-03 20:25:32,481 [SCMBlockDeletingService#0] DEBUG block.SCMBlockDeletingService (SCMBlockDeletingService.java:call(155)) - Scanned deleted blocks log and got 0 delTX to process.
2019-09-03 20:25:32,498 [main] INFO  volume.HddsVolumeChecker (HddsVolumeChecker.java:checkAllVolumes(203)) - Scheduled health check for volume org.apache.hadoop.ozone.container.common.volume.HddsVolume@cfbc8e8
2019-09-03 20:25:32,581 [SCMBlockDeletingService#0] DEBUG block.SCMBlockDeletingService (SCMBlockDeletingService.java:call(138)) - Running DeletedBlockTransactionScanner
2019-09-03 20:25:32,582 [SCMBlockDeletingService#0] DEBUG block.SCMBlockDeletingService (SCMBlockDeletingService.java:call(155)) - Scanned deleted blocks log and got 0 delTX to process.
2019-09-03 20:25:32,610 [main] INFO  impl.RaftServerProxy (ConfUtils.java:logGet(43)) - raft.rpc.type = GRPC (default)
2019-09-03 20:25:32,682 [SCMBlockDeletingService#0] DEBUG block.SCMBlockDeletingService (SCMBlockDeletingService.java:call(138)) - Running DeletedBlockTransactionScanner
2019-09-03 20:25:32,683 [SCMBlockDeletingService#0] DEBUG block.SCMBlockDeletingService (SCMBlockDeletingService.java:call(155)) - Scanned deleted blocks log and got 0 delTX to process.
2019-09-03 20:25:32,684 [main] INFO  grpc.GrpcFactory (GrpcFactory.java:checkPooledByteBufAllocatorUseCacheForAllThreads(45)) - PERFORMANCE WARNING: useCacheForAllThreads is true that may cause Netty to create a lot garbage objects and, as a result, trigger GC.
	It is recommended to disable useCacheForAllThreads by setting -Dorg.apache.ratis.thirdparty.io.netty.allocator.useCacheForAllThreads=false in command line.
2019-09-03 20:25:32,689 [main] INFO  grpc.GrpcConfigKeys$Server (ConfUtils.java:logGet(43)) - raft.grpc.server.port = 0 (default)
2019-09-03 20:25:32,690 [main] INFO  server.GrpcService (ConfUtils.java:logGet(43)) - raft.grpc.message.size.max = 33570816 (custom)
2019-09-03 20:25:32,692 [main] INFO  server.RaftServerConfigKeys (ConfUtils.java:logGet(43)) - raft.server.log.appender.buffer.byte-limit = 33554432 (custom)
2019-09-03 20:25:32,693 [main] INFO  server.GrpcService (ConfUtils.java:logGet(43)) - raft.grpc.flow.control.window = 1MB (=1048576) (default)
2019-09-03 20:25:32,693 [main] INFO  server.RaftServerConfigKeys (ConfUtils.java:logGet(43)) - raft.server.rpc.request.timeout = 3000ms (default)
2019-09-03 20:25:32,784 [SCMBlockDeletingService#1] DEBUG block.SCMBlockDeletingService (SCMBlockDeletingService.java:call(138)) - Running DeletedBlockTransactionScanner
2019-09-03 20:25:32,784 [SCMBlockDeletingService#1] DEBUG block.SCMBlockDeletingService (SCMBlockDeletingService.java:call(155)) - Scanned deleted blocks log and got 0 delTX to process.
2019-09-03 20:25:32,859 [main] INFO  server.RaftServerConfigKeys (ConfUtils.java:logGet(43)) - raft.server.storage.dir = [/workdir/hadoop-ozone/integration-test/target/test-dir/MiniOzoneClusterImpl-f6d2529a-717c-4912-84e5-25bf8ea5201e/datanode-0/data/ratis] (custom)
2019-09-03 20:25:32,885 [SCMBlockDeletingService#1] DEBUG block.SCMBlockDeletingService (SCMBlockDeletingService.java:call(138)) - Running DeletedBlockTransactionScanner
2019-09-03 20:25:32,885 [SCMBlockDeletingService#1] DEBUG block.SCMBlockDeletingService (SCMBlockDeletingService.java:call(155)) - Scanned deleted blocks log and got 0 delTX to process.
2019-09-03 20:25:32,905 [main] INFO  hdfs.DFSUtil (DFSUtil.java:httpServerTemplateForNNAndJN(1641)) - Starting Web-server for hddsDatanode at: http://0.0.0.0:0
2019-09-03 20:25:32,907 [main] INFO  server.AuthenticationFilter (AuthenticationFilter.java:constructSecretProvider(240)) - Unable to initialize FileSignerSecretProvider, falling back to use random secrets.
2019-09-03 20:25:32,908 [main] WARN  http.HttpRequestLog (HttpRequestLog.java:getRequestLog(97)) - Jetty request log can only be enabled using Log4j
2019-09-03 20:25:32,911 [main] INFO  http.HttpServer2 (HttpServer2.java:addGlobalFilter(975)) - Added global filter 'safety' (class=org.apache.hadoop.http.HttpServer2$QuotingInputFilter)
2019-09-03 20:25:32,912 [main] INFO  http.HttpServer2 (HttpServer2.java:addFilter(948)) - Added filter static_user_filter (class=org.apache.hadoop.http.lib.StaticUserWebFilter$StaticUserFilter) to context hddsDatanode
2019-09-03 20:25:32,913 [main] INFO  http.HttpServer2 (HttpServer2.java:addFilter(958)) - Added filter static_user_filter (class=org.apache.hadoop.http.lib.StaticUserWebFilter$StaticUserFilter) to context static
2019-09-03 20:25:32,913 [main] INFO  http.HttpServer2 (HttpServer2.java:addFilter(958)) - Added filter static_user_filter (class=org.apache.hadoop.http.lib.StaticUserWebFilter$StaticUserFilter) to context logs
2019-09-03 20:25:32,914 [main] INFO  http.HttpServer2 (HttpServer2.java:bindListener(1191)) - Jetty bound to port 42154
2019-09-03 20:25:32,915 [main] INFO  server.Server (Server.java:doStart(351)) - jetty-9.3.24.v20180605, build timestamp: 2018-06-05T17:11:56Z, git hash: 84205aa28f11a4f31f2a3b86d1bba2cc8ab69827
2019-09-03 20:25:32,917 [main] INFO  handler.ContextHandler (ContextHandler.java:doStart(781)) - Started o.e.j.s.ServletContextHandler@5c77ba8f{/logs,file:///workdir/hadoop-ozone/integration-test/target/log,AVAILABLE}
2019-09-03 20:25:32,918 [main] INFO  handler.ContextHandler (ContextHandler.java:doStart(781)) - Started o.e.j.s.ServletContextHandler@7a0ef219{/static,jar:file:/home/user/.m2/repository/org/apache/hadoop/hadoop-hdds-container-service/0.5.0-SNAPSHOT/hadoop-hdds-container-service-0.5.0-SNAPSHOT.jar!/webapps/static,AVAILABLE}
2019-09-03 20:25:32,965 [main] INFO  handler.ContextHandler (ContextHandler.java:doStart(781)) - Started o.e.j.w.WebAppContext@60f70249{/,file:///tmp/jetty-0.0.0.0-42154-hddsDatanode-_-any-6312793477301142866.dir/webapp/,AVAILABLE}{/hddsDatanode}
2019-09-03 20:25:32,966 [main] INFO  server.AbstractConnector (AbstractConnector.java:doStart(278)) - Started ServerConnector@31ee2fdb{HTTP/1.1,[http/1.1]}{0.0.0.0:42154}
2019-09-03 20:25:32,967 [main] INFO  server.Server (Server.java:doStart(419)) - Started @5696ms
2019-09-03 20:25:32,967 [main] WARN  impl.MetricsSystemImpl (MetricsSystemImpl.java:register(276)) - Sink prometheus already exists!
2019-09-03 20:25:32,969 [main] INFO  server.BaseHttpServer (BaseHttpServer.java:updateConnectorAddress(215)) - HTTP server of HDDSDATANODE is listening at http://0.0.0.0:42154
2019-09-03 20:25:32,971 [main] INFO  ozone.MiniOzoneClusterImpl (MiniOzoneClusterImpl.java:lambda$waitForClusterToBeReady$0(140)) - Waiting for cluster to be ready. Got 0 of 1 DN Heartbeats.
2019-09-03 20:25:32,977 [org.apache.hadoop.util.JvmPauseMonitor$Monitor@7a5fd7ce] INFO  util.JvmPauseMonitor (JvmPauseMonitor.java:run(188)) - Starting JVM pause monitor
2019-09-03 20:25:32,986 [SCMBlockDeletingService#1] DEBUG block.SCMBlockDeletingService (SCMBlockDeletingService.java:call(138)) - Running DeletedBlockTransactionScanner
2019-09-03 20:25:32,986 [SCMBlockDeletingService#1] DEBUG block.SCMBlockDeletingService (SCMBlockDeletingService.java:call(155)) - Scanned deleted blocks log and got 0 delTX to process.
2019-09-03 20:25:33,087 [SCMBlockDeletingService#1] DEBUG block.SCMBlockDeletingService (SCMBlockDeletingService.java:call(138)) - Running DeletedBlockTransactionScanner
2019-09-03 20:25:33,087 [SCMBlockDeletingService#1] DEBUG block.SCMBlockDeletingService (SCMBlockDeletingService.java:call(155)) - Scanned deleted blocks log and got 0 delTX to process.
2019-09-03 20:25:33,096 [Datanode State Machine Thread - 0] INFO  datanode.InitDatanodeState (InitDatanodeState.java:persistContainerDatanodeDetails(140)) - DatanodeDetails is persisted to /workdir/hadoop-ozone/integration-test/target/test-dir/MiniOzoneClusterImpl-f6d2529a-717c-4912-84e5-25bf8ea5201e/datanode-0/meta/datanode.id
2019-09-03 20:25:33,188 [SCMBlockDeletingService#1] DEBUG block.SCMBlockDeletingService (SCMBlockDeletingService.java:call(138)) - Running DeletedBlockTransactionScanner
2019-09-03 20:25:33,193 [SCMBlockDeletingService#1] DEBUG block.SCMBlockDeletingService (SCMBlockDeletingService.java:call(155)) - Scanned deleted blocks log and got 0 delTX to process.
2019-09-03 20:25:33,294 [SCMBlockDeletingService#1] DEBUG block.SCMBlockDeletingService (SCMBlockDeletingService.java:call(138)) - Running DeletedBlockTransactionScanner
2019-09-03 20:25:33,294 [SCMBlockDeletingService#1] DEBUG block.SCMBlockDeletingService (SCMBlockDeletingService.java:call(155)) - Scanned deleted blocks log and got 0 delTX to process.
2019-09-03 20:25:33,395 [SCMBlockDeletingService#1] DEBUG block.SCMBlockDeletingService (SCMBlockDeletingService.java:call(138)) - Running DeletedBlockTransactionScanner
2019-09-03 20:25:33,395 [SCMBlockDeletingService#1] DEBUG block.SCMBlockDeletingService (SCMBlockDeletingService.java:call(155)) - Scanned deleted blocks log and got 0 delTX to process.
2019-09-03 20:25:33,496 [SCMBlockDeletingService#1] DEBUG block.SCMBlockDeletingService (SCMBlockDeletingService.java:call(138)) - Running DeletedBlockTransactionScanner
2019-09-03 20:25:33,496 [SCMBlockDeletingService#1] DEBUG block.SCMBlockDeletingService (SCMBlockDeletingService.java:call(155)) - Scanned deleted blocks log and got 0 delTX to process.
2019-09-03 20:25:33,597 [SCMBlockDeletingService#1] DEBUG block.SCMBlockDeletingService (SCMBlockDeletingService.java:call(138)) - Running DeletedBlockTransactionScanner
2019-09-03 20:25:33,597 [SCMBlockDeletingService#1] DEBUG block.SCMBlockDeletingService (SCMBlockDeletingService.java:call(155)) - Scanned deleted blocks log and got 0 delTX to process.
2019-09-03 20:25:33,698 [SCMBlockDeletingService#1] DEBUG block.SCMBlockDeletingService (SCMBlockDeletingService.java:call(138)) - Running DeletedBlockTransactionScanner
2019-09-03 20:25:33,698 [SCMBlockDeletingService#1] DEBUG block.SCMBlockDeletingService (SCMBlockDeletingService.java:call(155)) - Scanned deleted blocks log and got 0 delTX to process.
2019-09-03 20:25:33,799 [SCMBlockDeletingService#1] DEBUG block.SCMBlockDeletingService (SCMBlockDeletingService.java:call(138)) - Running DeletedBlockTransactionScanner
2019-09-03 20:25:33,799 [SCMBlockDeletingService#1] DEBUG block.SCMBlockDeletingService (SCMBlockDeletingService.java:call(155)) - Scanned deleted blocks log and got 0 delTX to process.
2019-09-03 20:25:33,900 [SCMBlockDeletingService#1] DEBUG block.SCMBlockDeletingService (SCMBlockDeletingService.java:call(138)) - Running DeletedBlockTransactionScanner
2019-09-03 20:25:33,901 [SCMBlockDeletingService#1] DEBUG block.SCMBlockDeletingService (SCMBlockDeletingService.java:call(155)) - Scanned deleted blocks log and got 0 delTX to process.
2019-09-03 20:25:33,972 [main] INFO  ozone.MiniOzoneClusterImpl (MiniOzoneClusterImpl.java:lambda$waitForClusterToBeReady$0(140)) - Waiting for cluster to be ready. Got 0 of 1 DN Heartbeats.
2019-09-03 20:25:34,001 [SCMBlockDeletingService#1] DEBUG block.SCMBlockDeletingService (SCMBlockDeletingService.java:call(138)) - Running DeletedBlockTransactionScanner
2019-09-03 20:25:34,002 [SCMBlockDeletingService#1] DEBUG block.SCMBlockDeletingService (SCMBlockDeletingService.java:call(155)) - Scanned deleted blocks log and got 0 delTX to process.
2019-09-03 20:25:34,102 [SCMBlockDeletingService#1] DEBUG block.SCMBlockDeletingService (SCMBlockDeletingService.java:call(138)) - Running DeletedBlockTransactionScanner
2019-09-03 20:25:34,103 [SCMBlockDeletingService#1] DEBUG block.SCMBlockDeletingService (SCMBlockDeletingService.java:call(155)) - Scanned deleted blocks log and got 0 delTX to process.
2019-09-03 20:25:34,203 [SCMBlockDeletingService#0] DEBUG block.SCMBlockDeletingService (SCMBlockDeletingService.java:call(138)) - Running DeletedBlockTransactionScanner
2019-09-03 20:25:34,204 [SCMBlockDeletingService#0] DEBUG block.SCMBlockDeletingService (SCMBlockDeletingService.java:call(155)) - Scanned deleted blocks log and got 0 delTX to process.
2019-09-03 20:25:34,305 [SCMBlockDeletingService#1] DEBUG block.SCMBlockDeletingService (SCMBlockDeletingService.java:call(138)) - Running DeletedBlockTransactionScanner
2019-09-03 20:25:34,305 [SCMBlockDeletingService#1] DEBUG block.SCMBlockDeletingService (SCMBlockDeletingService.java:call(155)) - Scanned deleted blocks log and got 0 delTX to process.
2019-09-03 20:25:34,406 [SCMBlockDeletingService#1] DEBUG block.SCMBlockDeletingService (SCMBlockDeletingService.java:call(138)) - Running DeletedBlockTransactionScanner
2019-09-03 20:25:34,406 [SCMBlockDeletingService#1] DEBUG block.SCMBlockDeletingService (SCMBlockDeletingService.java:call(155)) - Scanned deleted blocks log and got 0 delTX to process.
2019-09-03 20:25:34,507 [SCMBlockDeletingService#1] DEBUG block.SCMBlockDeletingService (SCMBlockDeletingService.java:call(138)) - Running DeletedBlockTransactionScanner
2019-09-03 20:25:34,507 [SCMBlockDeletingService#1] DEBUG block.SCMBlockDeletingService (SCMBlockDeletingService.java:call(155)) - Scanned deleted blocks log and got 0 delTX to process.
2019-09-03 20:25:34,608 [SCMBlockDeletingService#1] DEBUG block.SCMBlockDeletingService (SCMBlockDeletingService.java:call(138)) - Running DeletedBlockTransactionScanner
2019-09-03 20:25:34,608 [SCMBlockDeletingService#1] DEBUG block.SCMBlockDeletingService (SCMBlockDeletingService.java:call(155)) - Scanned deleted blocks log and got 0 delTX to process.
2019-09-03 20:25:34,709 [SCMBlockDeletingService#1] DEBUG block.SCMBlockDeletingService (SCMBlockDeletingService.java:call(138)) - Running DeletedBlockTransactionScanner
2019-09-03 20:25:34,709 [SCMBlockDeletingService#1] DEBUG block.SCMBlockDeletingService (SCMBlockDeletingService.java:call(155)) - Scanned deleted blocks log and got 0 delTX to process.
2019-09-03 20:25:34,810 [SCMBlockDeletingService#1] DEBUG block.SCMBlockDeletingService (SCMBlockDeletingService.java:call(138)) - Running DeletedBlockTransactionScanner
2019-09-03 20:25:34,810 [SCMBlockDeletingService#1] DEBUG block.SCMBlockDeletingService (SCMBlockDeletingService.java:call(155)) - Scanned deleted blocks log and got 0 delTX to process.
2019-09-03 20:25:34,911 [SCMBlockDeletingService#1] DEBUG block.SCMBlockDeletingService (SCMBlockDeletingService.java:call(138)) - Running DeletedBlockTransactionScanner
2019-09-03 20:25:34,912 [SCMBlockDeletingService#1] DEBUG block.SCMBlockDeletingService (SCMBlockDeletingService.java:call(155)) - Scanned deleted blocks log and got 0 delTX to process.
2019-09-03 20:25:34,973 [main] INFO  ozone.MiniOzoneClusterImpl (MiniOzoneClusterImpl.java:lambda$waitForClusterToBeReady$0(140)) - Waiting for cluster to be ready. Got 0 of 1 DN Heartbeats.
2019-09-03 20:25:35,012 [SCMBlockDeletingService#1] DEBUG block.SCMBlockDeletingService (SCMBlockDeletingService.java:call(138)) - Running DeletedBlockTransactionScanner
2019-09-03 20:25:35,013 [SCMBlockDeletingService#1] DEBUG block.SCMBlockDeletingService (SCMBlockDeletingService.java:call(155)) - Scanned deleted blocks log and got 0 delTX to process.
2019-09-03 20:25:35,037 [Datanode State Machine Thread - 0] INFO  ozoneimpl.OzoneContainer (OzoneContainer.java:start(216)) - Attempting to start container services.
2019-09-03 20:25:35,041 [Datanode State Machine Thread - 0] INFO  ozoneimpl.OzoneContainer (OzoneContainer.java:startContainerScrub(178)) - Background container scanner has been disabled.
2019-09-03 20:25:35,041 [Datanode State Machine Thread - 0] INFO  ratis.XceiverServerRatis (XceiverServerRatis.java:start(393)) - Starting XceiverServerRatis 81367453-3bf0-4298-8a83-8d5c3816df16 at port 0
2019-09-03 20:25:35,078 [Datanode State Machine Thread - 0] INFO  impl.RaftServerProxy (RaftServerProxy.java:lambda$start$3(299)) - 81367453-3bf0-4298-8a83-8d5c3816df16: start RPC server
2019-09-03 20:25:35,113 [SCMBlockDeletingService#1] DEBUG block.SCMBlockDeletingService (SCMBlockDeletingService.java:call(138)) - Running DeletedBlockTransactionScanner
2019-09-03 20:25:35,114 [SCMBlockDeletingService#1] DEBUG block.SCMBlockDeletingService (SCMBlockDeletingService.java:call(155)) - Scanned deleted blocks log and got 0 delTX to process.
2019-09-03 20:25:35,215 [SCMBlockDeletingService#1] DEBUG block.SCMBlockDeletingService (SCMBlockDeletingService.java:call(138)) - Running DeletedBlockTransactionScanner
2019-09-03 20:25:35,215 [SCMBlockDeletingService#1] DEBUG block.SCMBlockDeletingService (SCMBlockDeletingService.java:call(155)) - Scanned deleted blocks log and got 0 delTX to process.
2019-09-03 20:25:35,227 [Datanode State Machine Thread - 0] INFO  server.GrpcService (GrpcService.java:startImpl(149)) - 81367453-3bf0-4298-8a83-8d5c3816df16: GrpcService started, listening on 0.0.0.0/0.0.0.0:40871
2019-09-03 20:25:35,227 [Datanode State Machine Thread - 0] INFO  ratis.XceiverServerRatis (XceiverServerRatis.java:start(403)) - XceiverServerRatis 81367453-3bf0-4298-8a83-8d5c3816df16 is started using port 40871
2019-09-03 20:25:35,231 [Datanode State Machine Thread - 0] INFO  server.XceiverServerGrpc (XceiverServerGrpc.java:start(163)) - XceiverServerGrpc 81367453-3bf0-4298-8a83-8d5c3816df16 is started using port 39919
2019-09-03 20:25:35,316 [SCMBlockDeletingService#1] DEBUG block.SCMBlockDeletingService (SCMBlockDeletingService.java:call(138)) - Running DeletedBlockTransactionScanner
2019-09-03 20:25:35,316 [SCMBlockDeletingService#1] DEBUG block.SCMBlockDeletingService (SCMBlockDeletingService.java:call(155)) - Scanned deleted blocks log and got 0 delTX to process.
2019-09-03 20:25:35,417 [SCMBlockDeletingService#1] DEBUG block.SCMBlockDeletingService (SCMBlockDeletingService.java:call(138)) - Running DeletedBlockTransactionScanner
2019-09-03 20:25:35,417 [SCMBlockDeletingService#1] DEBUG block.SCMBlockDeletingService (SCMBlockDeletingService.java:call(155)) - Scanned deleted blocks log and got 0 delTX to process.
2019-09-03 20:25:35,518 [SCMBlockDeletingService#1] DEBUG block.SCMBlockDeletingService (SCMBlockDeletingService.java:call(138)) - Running DeletedBlockTransactionScanner
2019-09-03 20:25:35,518 [SCMBlockDeletingService#1] DEBUG block.SCMBlockDeletingService (SCMBlockDeletingService.java:call(155)) - Scanned deleted blocks log and got 0 delTX to process.
2019-09-03 20:25:35,619 [SCMBlockDeletingService#1] DEBUG block.SCMBlockDeletingService (SCMBlockDeletingService.java:call(138)) - Running DeletedBlockTransactionScanner
2019-09-03 20:25:35,620 [SCMBlockDeletingService#1] DEBUG block.SCMBlockDeletingService (SCMBlockDeletingService.java:call(155)) - Scanned deleted blocks log and got 0 delTX to process.
2019-09-03 20:25:35,721 [SCMBlockDeletingService#1] DEBUG block.SCMBlockDeletingService (SCMBlockDeletingService.java:call(138)) - Running DeletedBlockTransactionScanner
2019-09-03 20:25:35,721 [SCMBlockDeletingService#1] DEBUG block.SCMBlockDeletingService (SCMBlockDeletingService.java:call(155)) - Scanned deleted blocks log and got 0 delTX to process.
2019-09-03 20:25:35,822 [SCMBlockDeletingService#1] DEBUG block.SCMBlockDeletingService (SCMBlockDeletingService.java:call(138)) - Running DeletedBlockTransactionScanner
2019-09-03 20:25:35,823 [SCMBlockDeletingService#1] DEBUG block.SCMBlockDeletingService (SCMBlockDeletingService.java:call(155)) - Scanned deleted blocks log and got 0 delTX to process.
2019-09-03 20:25:35,923 [SCMBlockDeletingService#1] DEBUG block.SCMBlockDeletingService (SCMBlockDeletingService.java:call(138)) - Running DeletedBlockTransactionScanner
2019-09-03 20:25:35,923 [SCMBlockDeletingService#1] DEBUG block.SCMBlockDeletingService (SCMBlockDeletingService.java:call(155)) - Scanned deleted blocks log and got 0 delTX to process.
2019-09-03 20:25:35,973 [main] INFO  ozone.MiniOzoneClusterImpl (MiniOzoneClusterImpl.java:lambda$waitForClusterToBeReady$0(140)) - Waiting for cluster to be ready. Got 0 of 1 DN Heartbeats.
2019-09-03 20:25:36,024 [SCMBlockDeletingService#1] DEBUG block.SCMBlockDeletingService (SCMBlockDeletingService.java:call(138)) - Running DeletedBlockTransactionScanner
2019-09-03 20:25:36,025 [SCMBlockDeletingService#1] DEBUG block.SCMBlockDeletingService (SCMBlockDeletingService.java:call(155)) - Scanned deleted blocks log and got 0 delTX to process.
2019-09-03 20:25:36,125 [SCMBlockDeletingService#1] DEBUG block.SCMBlockDeletingService (SCMBlockDeletingService.java:call(138)) - Running DeletedBlockTransactionScanner
2019-09-03 20:25:36,126 [SCMBlockDeletingService#1] DEBUG block.SCMBlockDeletingService (SCMBlockDeletingService.java:call(155)) - Scanned deleted blocks log and got 0 delTX to process.
2019-09-03 20:25:36,226 [SCMBlockDeletingService#1] DEBUG block.SCMBlockDeletingService (SCMBlockDeletingService.java:call(138)) - Running DeletedBlockTransactionScanner
2019-09-03 20:25:36,226 [SCMBlockDeletingService#1] DEBUG block.SCMBlockDeletingService (SCMBlockDeletingService.java:call(155)) - Scanned deleted blocks log and got 0 delTX to process.
2019-09-03 20:25:36,327 [SCMBlockDeletingService#1] DEBUG block.SCMBlockDeletingService (SCMBlockDeletingService.java:call(138)) - Running DeletedBlockTransactionScanner
2019-09-03 20:25:36,327 [SCMBlockDeletingService#1] DEBUG block.SCMBlockDeletingService (SCMBlockDeletingService.java:call(155)) - Scanned deleted blocks log and got 0 delTX to process.
2019-09-03 20:25:36,428 [SCMBlockDeletingService#1] DEBUG block.SCMBlockDeletingService (SCMBlockDeletingService.java:call(138)) - Running DeletedBlockTransactionScanner
2019-09-03 20:25:36,429 [SCMBlockDeletingService#1] DEBUG block.SCMBlockDeletingService (SCMBlockDeletingService.java:call(155)) - Scanned deleted blocks log and got 0 delTX to process.
2019-09-03 20:25:36,529 [SCMBlockDeletingService#1] DEBUG block.SCMBlockDeletingService (SCMBlockDeletingService.java:call(138)) - Running DeletedBlockTransactionScanner
2019-09-03 20:25:36,530 [SCMBlockDeletingService#1] DEBUG block.SCMBlockDeletingService (SCMBlockDeletingService.java:call(155)) - Scanned deleted blocks log and got 0 delTX to process.
2019-09-03 20:25:36,630 [SCMBlockDeletingService#1] DEBUG block.SCMBlockDeletingService (SCMBlockDeletingService.java:call(138)) - Running DeletedBlockTransactionScanner
2019-09-03 20:25:36,631 [SCMBlockDeletingService#1] DEBUG block.SCMBlockDeletingService (SCMBlockDeletingService.java:call(155)) - Scanned deleted blocks log and got 0 delTX to process.
2019-09-03 20:25:36,731 [SCMBlockDeletingService#1] DEBUG block.SCMBlockDeletingService (SCMBlockDeletingService.java:call(138)) - Running DeletedBlockTransactionScanner
2019-09-03 20:25:36,732 [SCMBlockDeletingService#1] DEBUG block.SCMBlockDeletingService (SCMBlockDeletingService.java:call(155)) - Scanned deleted blocks log and got 0 delTX to process.
2019-09-03 20:25:36,832 [SCMBlockDeletingService#0] DEBUG block.SCMBlockDeletingService (SCMBlockDeletingService.java:call(138)) - Running DeletedBlockTransactionScanner
2019-09-03 20:25:36,832 [SCMBlockDeletingService#0] DEBUG block.SCMBlockDeletingService (SCMBlockDeletingService.java:call(155)) - Scanned deleted blocks log and got 0 delTX to process.
2019-09-03 20:25:36,933 [SCMBlockDeletingService#0] DEBUG block.SCMBlockDeletingService (SCMBlockDeletingService.java:call(138)) - Running DeletedBlockTransactionScanner
2019-09-03 20:25:36,934 [SCMBlockDeletingService#0] DEBUG block.SCMBlockDeletingService (SCMBlockDeletingService.java:call(155)) - Scanned deleted blocks log and got 0 delTX to process.
2019-09-03 20:25:36,974 [main] INFO  ozone.MiniOzoneClusterImpl (MiniOzoneClusterImpl.java:lambda$waitForClusterToBeReady$0(140)) - Waiting for cluster to be ready. Got 0 of 1 DN Heartbeats.
2019-09-03 20:25:37,016 [IPC Server handler 19 on 43589] INFO  net.NetworkTopology (NetworkTopologyImpl.java:add(110)) - Added a new node: /default-rack/81367453-3bf0-4298-8a83-8d5c3816df16
2019-09-03 20:25:37,016 [IPC Server handler 19 on 43589] INFO  node.SCMNodeManager (SCMNodeManager.java:register(266)) - Registered Data node : 81367453-3bf0-4298-8a83-8d5c3816df16{ip: 192.168.36.111, host: pr-hdds-1200-xgh2h-450883189, networkLocation: /default-rack, certSerialId: null}
2019-09-03 20:25:37,020 [EventQueue-NodeRegistrationContainerReportForDataNodeSafeModeRule] INFO  safemode.SCMSafeModeManager (DataNodeSafeModeRule.java:process(71)) - SCM in safe mode. 1 DataNodes registered, 1 required.
2019-09-03 20:25:37,021 [EventQueue-NodeRegistrationContainerReportForDataNodeSafeModeRule] INFO  safemode.SCMSafeModeManager (SCMSafeModeManager.java:validateSafeModeExitRules(177)) - ScmSafeModeManager, all rules are successfully validated
2019-09-03 20:25:37,021 [EventQueue-NodeRegistrationContainerReportForDataNodeSafeModeRule] INFO  safemode.SCMSafeModeManager (SCMSafeModeManager.java:exitSafeMode(193)) - SCM exiting safe mode.
2019-09-03 20:25:37,034 [SCMBlockDeletingService#0] DEBUG block.SCMBlockDeletingService (SCMBlockDeletingService.java:call(138)) - Running DeletedBlockTransactionScanner
2019-09-03 20:25:37,035 [SCMBlockDeletingService#0] DEBUG block.SCMBlockDeletingService (SCMBlockDeletingService.java:call(155)) - Scanned deleted blocks log and got 0 delTX to process.
2019-09-03 20:25:37,135 [SCMBlockDeletingService#0] DEBUG block.SCMBlockDeletingService (SCMBlockDeletingService.java:call(138)) - Running DeletedBlockTransactionScanner
2019-09-03 20:25:37,136 [SCMBlockDeletingService#0] DEBUG block.SCMBlockDeletingService (SCMBlockDeletingService.java:call(155)) - Scanned deleted blocks log and got 0 delTX to process.
2019-09-03 20:25:37,236 [SCMBlockDeletingService#0] DEBUG block.SCMBlockDeletingService (SCMBlockDeletingService.java:call(138)) - Running DeletedBlockTransactionScanner
2019-09-03 20:25:37,237 [SCMBlockDeletingService#0] DEBUG block.SCMBlockDeletingService (SCMBlockDeletingService.java:call(155)) - Scanned deleted blocks log and got 0 delTX to process.
2019-09-03 20:25:37,337 [SCMBlockDeletingService#0] DEBUG block.SCMBlockDeletingService (SCMBlockDeletingService.java:call(138)) - Running DeletedBlockTransactionScanner
2019-09-03 20:25:37,338 [SCMBlockDeletingService#0] DEBUG block.SCMBlockDeletingService (SCMBlockDeletingService.java:call(155)) - Scanned deleted blocks log and got 0 delTX to process.
2019-09-03 20:25:37,438 [SCMBlockDeletingService#0] DEBUG block.SCMBlockDeletingService (SCMBlockDeletingService.java:call(138)) - Running DeletedBlockTransactionScanner
2019-09-03 20:25:37,439 [SCMBlockDeletingService#0] DEBUG block.SCMBlockDeletingService (SCMBlockDeletingService.java:call(155)) - Scanned deleted blocks log and got 0 delTX to process.
2019-09-03 20:25:37,539 [SCMBlockDeletingService#0] DEBUG block.SCMBlockDeletingService (SCMBlockDeletingService.java:call(138)) - Running DeletedBlockTransactionScanner
2019-09-03 20:25:37,540 [SCMBlockDeletingService#0] DEBUG block.SCMBlockDeletingService (SCMBlockDeletingService.java:call(155)) - Scanned deleted blocks log and got 0 delTX to process.
2019-09-03 20:25:37,545 [grpc-default-executor-0] INFO  impl.RaftServerProxy (RaftServerProxy.java:addNew(89)) - 81367453-3bf0-4298-8a83-8d5c3816df16: addNew group-F6EC397515C5:[81367453-3bf0-4298-8a83-8d5c3816df16:192.168.36.111:40871] returns group-F6EC397515C5:java.util.concurrent.CompletableFuture@6a207504[Not completed]
2019-09-03 20:25:37,560 [pool-27-thread-1] INFO  impl.RaftServerImpl (RaftServerImpl.java:<init>(93)) - 81367453-3bf0-4298-8a83-8d5c3816df16: new RaftServerImpl for group-F6EC397515C5:[81367453-3bf0-4298-8a83-8d5c3816df16:192.168.36.111:40871] with ContainerStateMachine:uninitialized
2019-09-03 20:25:37,562 [pool-27-thread-1] INFO  server.RaftServerConfigKeys (ConfUtils.java:logGet(43)) - raft.server.rpc.timeout.min = 5s (custom)
2019-09-03 20:25:37,563 [pool-27-thread-1] INFO  server.RaftServerConfigKeys (ConfUtils.java:logGet(43)) - raft.server.rpc.timeout.max = 5200ms (custom)
2019-09-03 20:25:37,563 [pool-27-thread-1] INFO  server.RaftServerConfigKeys (ConfUtils.java:logGet(43)) - raft.server.rpcslowness.timeout = 120s (custom)
2019-09-03 20:25:37,564 [pool-27-thread-1] INFO  server.RaftServerConfigKeys (ConfUtils.java:logGet(43)) - raft.server.sleep.deviation.threshold = 300 (default)
2019-09-03 20:25:37,565 [pool-27-thread-1] INFO  server.RaftServerConfigKeys (ConfUtils.java:logGet(43)) - raft.server.log.appender.install.snapshot.enabled = false (custom)
2019-09-03 20:25:37,571 [pool-27-thread-1] INFO  impl.RaftServerImpl (ServerState.java:<init>(105)) - 81367453-3bf0-4298-8a83-8d5c3816df16:group-F6EC397515C5 ConfigurationManager, init=-1: [81367453-3bf0-4298-8a83-8d5c3816df16:192.168.36.111:40871], old=null, confs=<EMPTY_MAP>
2019-09-03 20:25:37,572 [pool-27-thread-1] INFO  server.RaftServerConfigKeys (ConfUtils.java:logGet(43)) - raft.server.storage.dir = [/workdir/hadoop-ozone/integration-test/target/test-dir/MiniOzoneClusterImpl-f6d2529a-717c-4912-84e5-25bf8ea5201e/datanode-0/data/ratis] (custom)
2019-09-03 20:25:37,579 [pool-27-thread-1] INFO  storage.RaftStorageDirectory (RaftStorageDirectory.java:analyzeStorage(246)) - The storage directory /workdir/hadoop-ozone/integration-test/target/test-dir/MiniOzoneClusterImpl-f6d2529a-717c-4912-84e5-25bf8ea5201e/datanode-0/data/ratis/a9d3e85d-64a7-4c5f-8c0c-f6ec397515c5 does not exist. Creating ...
2019-09-03 20:25:37,603 [pool-27-thread-1] INFO  storage.RaftStorageDirectory (RaftStorageDirectory.java:tryLock(328)) - Lock on /workdir/hadoop-ozone/integration-test/target/test-dir/MiniOzoneClusterImpl-f6d2529a-717c-4912-84e5-25bf8ea5201e/datanode-0/data/ratis/a9d3e85d-64a7-4c5f-8c0c-f6ec397515c5/in_use.lock acquired by nodename 8687@pr-hdds-1200-xgh2h-450883189
2019-09-03 20:25:37,608 [pool-27-thread-1] INFO  storage.RaftStorage (RaftStorage.java:format(72)) - Storage directory /workdir/hadoop-ozone/integration-test/target/test-dir/MiniOzoneClusterImpl-f6d2529a-717c-4912-84e5-25bf8ea5201e/datanode-0/data/ratis/a9d3e85d-64a7-4c5f-8c0c-f6ec397515c5 has been successfully formatted.
2019-09-03 20:25:37,611 [pool-27-thread-1] INFO  ratis.ContainerStateMachine (ContainerStateMachine.java:loadSnapshot(227)) - group-F6EC397515C5: The snapshot info is null. Setting the last applied indexto:(t:0, i:~)
2019-09-03 20:25:37,611 [pool-27-thread-1] INFO  server.RaftServerConfigKeys (ConfUtils.java:logGet(43)) - raft.server.leader.election.timeout = 120s (custom)
2019-09-03 20:25:37,613 [pool-27-thread-1] INFO  server.RaftServerConfigKeys (ConfUtils.java:logGet(43)) - raft.server.log.use.memory = false (default)
2019-09-03 20:25:37,618 [pool-27-thread-1] INFO  server.RaftServerConfigKeys (ConfUtils.java:logGet(43)) - raft.server.log.purge.gap = 1000000 (custom)
2019-09-03 20:25:37,619 [pool-27-thread-1] INFO  server.RaftServerConfigKeys (ConfUtils.java:logGet(43)) - raft.server.log.appender.buffer.byte-limit = 33554432 (custom)
2019-09-03 20:25:37,620 [pool-27-thread-1] INFO  server.RaftServerConfigKeys (ConfUtils.java:logGet(43)) - raft.server.log.segment.size.max = 1048576 (custom)
2019-09-03 20:25:37,625 [pool-27-thread-1] INFO  server.RaftServerConfigKeys (ConfUtils.java:logGet(43)) - raft.server.log.segment.cache.num.max = 2 (custom)
2019-09-03 20:25:37,630 [pool-27-thread-1] INFO  segmented.SegmentedRaftLogWorker (SegmentedRaftLogWorker.java:<init>(172)) - new 81367453-3bf0-4298-8a83-8d5c3816df16-SegmentedRaftLogWorker:Storage Directory /workdir/hadoop-ozone/integration-test/target/test-dir/MiniOzoneClusterImpl-f6d2529a-717c-4912-84e5-25bf8ea5201e/datanode-0/data/ratis/a9d3e85d-64a7-4c5f-8c0c-f6ec397515c5 for RaftStorage:Storage Directory /workdir/hadoop-ozone/integration-test/target/test-dir/MiniOzoneClusterImpl-f6d2529a-717c-4912-84e5-25bf8ea5201e/datanode-0/data/ratis/a9d3e85d-64a7-4c5f-8c0c-f6ec397515c5
2019-09-03 20:25:37,640 [SCMBlockDeletingService#0] DEBUG block.SCMBlockDeletingService (SCMBlockDeletingService.java:call(138)) - Running DeletedBlockTransactionScanner
2019-09-03 20:25:37,641 [SCMBlockDeletingService#0] DEBUG block.SCMBlockDeletingService (SCMBlockDeletingService.java:call(155)) - Scanned deleted blocks log and got 0 delTX to process.
2019-09-03 20:25:37,642 [pool-27-thread-1] INFO  server.RaftServerConfigKeys (ConfUtils.java:logGet(43)) - raft.server.log.queue.byte-limit = 2147483647 (custom)
2019-09-03 20:25:37,643 [pool-27-thread-1] INFO  server.RaftServerConfigKeys (ConfUtils.java:logGet(43)) - raft.server.log.queue.element-limit = 1024 (custom)
2019-09-03 20:25:37,649 [pool-27-thread-1] INFO  server.RaftServerConfigKeys (ConfUtils.java:logGet(43)) - raft.server.log.segment.size.max = 1048576 (custom)
2019-09-03 20:25:37,650 [pool-27-thread-1] INFO  server.RaftServerConfigKeys (ConfUtils.java:logGet(43)) - raft.server.log.preallocated.size = 16384 (custom)
2019-09-03 20:25:37,650 [pool-27-thread-1] INFO  server.RaftServerConfigKeys (ConfUtils.java:logGet(43)) - raft.server.log.write.buffer.size = 33554432 (custom)
2019-09-03 20:25:37,651 [pool-27-thread-1] INFO  server.RaftServerConfigKeys (ConfUtils.java:logGet(43)) - raft.server.log.force.sync.num = 128 (default)
2019-09-03 20:25:37,652 [pool-27-thread-1] INFO  server.RaftServerConfigKeys (ConfUtils.java:logGet(43)) - raft.server.log.statemachine.data.sync = true (default)
2019-09-03 20:25:37,652 [pool-27-thread-1] INFO  server.RaftServerConfigKeys (ConfUtils.java:logGet(43)) - raft.server.log.statemachine.data.sync.timeout = 10s (default)
2019-09-03 20:25:37,652 [pool-27-thread-1] INFO  server.RaftServerConfigKeys (ConfUtils.java:logGet(43)) - raft.server.log.statemachine.data.sync.timeout.retry = -1 (default)
2019-09-03 20:25:37,661 [pool-27-thread-1] INFO  server.RaftServerConfigKeys (ConfUtils.java:logGet(43)) - raft.server.log.statemachine.data.caching.enabled = true (custom)
2019-09-03 20:25:37,665 [pool-27-thread-1] INFO  segmented.SegmentedRaftLogWorker (SegmentedRaftLogWorker.java:lambda$new$0(132)) - 81367453-3bf0-4298-8a83-8d5c3816df16-SegmentedRaftLogWorker:Storage Directory /workdir/hadoop-ozone/integration-test/target/test-dir/MiniOzoneClusterImpl-f6d2529a-717c-4912-84e5-25bf8ea5201e/datanode-0/data/ratis/a9d3e85d-64a7-4c5f-8c0c-f6ec397515c5: flushIndex: setUnconditionally 0 -> -1
2019-09-03 20:25:37,670 [pool-27-thread-1] INFO  server.RaftServerConfigKeys (ConfUtils.java:logGet(43)) - raft.server.snapshot.auto.trigger.enabled = true (custom)
2019-09-03 20:25:37,671 [pool-27-thread-1] INFO  server.RaftServerConfigKeys (ConfUtils.java:logGet(43)) - raft.server.snapshot.auto.trigger.threshold = 10000 (custom)
2019-09-03 20:25:37,671 [pool-27-thread-1] INFO  server.RaftServerConfigKeys (ConfUtils.java:logGet(43)) - raft.server.retrycache.expirytime = 600000ms (custom)
2019-09-03 20:25:37,692 [pool-27-thread-1] INFO  impl.RaftServerImpl (RaftServerImpl.java:start(180)) - 81367453-3bf0-4298-8a83-8d5c3816df16: start group-F6EC397515C5
2019-09-03 20:25:37,693 [pool-27-thread-1] INFO  impl.RaftServerImpl (RaftServerImpl.java:setRole(171)) - 81367453-3bf0-4298-8a83-8d5c3816df16:group-F6EC397515C5 changes role from null to FOLLOWER at term 0 for startAsFollower
2019-09-03 20:25:37,694 [pool-27-thread-1] INFO  impl.RoleInfo (RoleInfo.java:updateAndGet(143)) - 81367453-3bf0-4298-8a83-8d5c3816df16: start FollowerState
2019-09-03 20:25:37,696 [pool-27-thread-1] INFO  util.JmxRegister (JmxRegister.java:tryRegister(44)) - Successfully registered JMX Bean with object name Ratis:service=RaftServer,group=group-F6EC397515C5,id=81367453-3bf0-4298-8a83-8d5c3816df16
2019-09-03 20:25:37,741 [SCMBlockDeletingService#0] DEBUG block.SCMBlockDeletingService (SCMBlockDeletingService.java:call(138)) - Running DeletedBlockTransactionScanner
2019-09-03 20:25:37,742 [SCMBlockDeletingService#0] DEBUG block.SCMBlockDeletingService (SCMBlockDeletingService.java:call(155)) - Scanned deleted blocks log and got 0 delTX to process.
2019-09-03 20:25:37,754 [RatisPipelineUtilsThread] INFO  pipeline.PipelineStateManager (PipelineStateManager.java:addPipeline(56)) - Created pipeline Pipeline[ Id: a9d3e85d-64a7-4c5f-8c0c-f6ec397515c5, Nodes: 81367453-3bf0-4298-8a83-8d5c3816df16{ip: 192.168.36.111, host: pr-hdds-1200-xgh2h-450883189, networkLocation: /default-rack, certSerialId: null}, Type:RATIS, Factor:ONE, State:OPEN]
2019-09-03 20:25:37,843 [SCMBlockDeletingService#0] DEBUG block.SCMBlockDeletingService (SCMBlockDeletingService.java:call(138)) - Running DeletedBlockTransactionScanner
2019-09-03 20:25:37,844 [SCMBlockDeletingService#0] DEBUG block.SCMBlockDeletingService (SCMBlockDeletingService.java:call(155)) - Scanned deleted blocks log and got 0 delTX to process.
2019-09-03 20:25:37,944 [SCMBlockDeletingService#0] DEBUG block.SCMBlockDeletingService (SCMBlockDeletingService.java:call(138)) - Running DeletedBlockTransactionScanner
2019-09-03 20:25:37,945 [SCMBlockDeletingService#0] DEBUG block.SCMBlockDeletingService (SCMBlockDeletingService.java:call(155)) - Scanned deleted blocks log and got 0 delTX to process.
2019-09-03 20:25:37,975 [main] INFO  ozone.MiniOzoneClusterImpl (MiniOzoneClusterImpl.java:lambda$waitForClusterToBeReady$0(140)) - Cluster is ready. Got 1 of 1 DN Heartbeats.
2019-09-03 20:25:38,045 [SCMBlockDeletingService#0] DEBUG block.SCMBlockDeletingService (SCMBlockDeletingService.java:call(138)) - Running DeletedBlockTransactionScanner
2019-09-03 20:25:38,046 [SCMBlockDeletingService#0] DEBUG block.SCMBlockDeletingService (SCMBlockDeletingService.java:call(155)) - Scanned deleted blocks log and got 0 delTX to process.
2019-09-03 20:25:38,146 [SCMBlockDeletingService#0] DEBUG block.SCMBlockDeletingService (SCMBlockDeletingService.java:call(138)) - Running DeletedBlockTransactionScanner
2019-09-03 20:25:38,147 [SCMBlockDeletingService#0] DEBUG block.SCMBlockDeletingService (SCMBlockDeletingService.java:call(155)) - Scanned deleted blocks log and got 0 delTX to process.
2019-09-03 20:25:38,247 [SCMBlockDeletingService#0] DEBUG block.SCMBlockDeletingService (SCMBlockDeletingService.java:call(138)) - Running DeletedBlockTransactionScanner
2019-09-03 20:25:38,248 [SCMBlockDeletingService#0] DEBUG block.SCMBlockDeletingService (SCMBlockDeletingService.java:call(155)) - Scanned deleted blocks log and got 0 delTX to process.
2019-09-03 20:25:38,348 [SCMBlockDeletingService#1] DEBUG block.SCMBlockDeletingService (SCMBlockDeletingService.java:call(138)) - Running DeletedBlockTransactionScanner
2019-09-03 20:25:38,348 [SCMBlockDeletingService#1] DEBUG block.SCMBlockDeletingService (SCMBlockDeletingService.java:call(155)) - Scanned deleted blocks log and got 0 delTX to process.
2019-09-03 20:25:38,449 [SCMBlockDeletingService#1] DEBUG block.SCMBlockDeletingService (SCMBlockDeletingService.java:call(138)) - Running DeletedBlockTransactionScanner
2019-09-03 20:25:38,449 [SCMBlockDeletingService#1] DEBUG block.SCMBlockDeletingService (SCMBlockDeletingService.java:call(155)) - Scanned deleted blocks log and got 0 delTX to process.
2019-09-03 20:25:38,549 [SCMBlockDeletingService#1] DEBUG block.SCMBlockDeletingService (SCMBlockDeletingService.java:call(138)) - Running DeletedBlockTransactionScanner
2019-09-03 20:25:38,550 [SCMBlockDeletingService#1] DEBUG block.SCMBlockDeletingService (SCMBlockDeletingService.java:call(155)) - Scanned deleted blocks log and got 0 delTX to process.
2019-09-03 20:25:38,650 [SCMBlockDeletingService#1] DEBUG block.SCMBlockDeletingService (SCMBlockDeletingService.java:call(138)) - Running DeletedBlockTransactionScanner
2019-09-03 20:25:38,651 [SCMBlockDeletingService#1] DEBUG block.SCMBlockDeletingService (SCMBlockDeletingService.java:call(155)) - Scanned deleted blocks log and got 0 delTX to process.
2019-09-03 20:25:38,751 [SCMBlockDeletingService#1] DEBUG block.SCMBlockDeletingService (SCMBlockDeletingService.java:call(138)) - Running DeletedBlockTransactionScanner
2019-09-03 20:25:38,752 [SCMBlockDeletingService#1] DEBUG block.SCMBlockDeletingService (SCMBlockDeletingService.java:call(155)) - Scanned deleted blocks log and got 0 delTX to process.
2019-09-03 20:25:38,852 [SCMBlockDeletingService#1] DEBUG block.SCMBlockDeletingService (SCMBlockDeletingService.java:call(138)) - Running DeletedBlockTransactionScanner
2019-09-03 20:25:38,852 [SCMBlockDeletingService#1] DEBUG block.SCMBlockDeletingService (SCMBlockDeletingService.java:call(155)) - Scanned deleted blocks log and got 0 delTX to process.
2019-09-03 20:25:38,953 [SCMBlockDeletingService#0] DEBUG block.SCMBlockDeletingService (SCMBlockDeletingService.java:call(138)) - Running DeletedBlockTransactionScanner
2019-09-03 20:25:38,953 [SCMBlockDeletingService#0] DEBUG block.SCMBlockDeletingService (SCMBlockDeletingService.java:call(155)) - Scanned deleted blocks log and got 0 delTX to process.
2019-09-03 20:25:39,054 [SCMBlockDeletingService#1] DEBUG block.SCMBlockDeletingService (SCMBlockDeletingService.java:call(138)) - Running DeletedBlockTransactionScanner
2019-09-03 20:25:39,054 [SCMBlockDeletingService#1] DEBUG block.SCMBlockDeletingService (SCMBlockDeletingService.java:call(155)) - Scanned deleted blocks log and got 0 delTX to process.
2019-09-03 20:25:39,155 [SCMBlockDeletingService#1] DEBUG block.SCMBlockDeletingService (SCMBlockDeletingService.java:call(138)) - Running DeletedBlockTransactionScanner
2019-09-03 20:25:39,155 [SCMBlockDeletingService#1] DEBUG block.SCMBlockDeletingService (SCMBlockDeletingService.java:call(155)) - Scanned deleted blocks log and got 0 delTX to process.
2019-09-03 20:25:39,256 [SCMBlockDeletingService#1] DEBUG block.SCMBlockDeletingService (SCMBlockDeletingService.java:call(138)) - Running DeletedBlockTransactionScanner
2019-09-03 20:25:39,256 [SCMBlockDeletingService#1] DEBUG block.SCMBlockDeletingService (SCMBlockDeletingService.java:call(155)) - Scanned deleted blocks log and got 0 delTX to process.
2019-09-03 20:25:39,357 [SCMBlockDeletingService#1] DEBUG block.SCMBlockDeletingService (SCMBlockDeletingService.java:call(138)) - Running DeletedBlockTransactionScanner
2019-09-03 20:25:39,357 [SCMBlockDeletingService#1] DEBUG block.SCMBlockDeletingService (SCMBlockDeletingService.java:call(155)) - Scanned deleted blocks log and got 0 delTX to process.
2019-09-03 20:25:39,458 [SCMBlockDeletingService#1] DEBUG block.SCMBlockDeletingService (SCMBlockDeletingService.java:call(138)) - Running DeletedBlockTransactionScanner
2019-09-03 20:25:39,458 [SCMBlockDeletingService#1] DEBUG block.SCMBlockDeletingService (SCMBlockDeletingService.java:call(155)) - Scanned deleted blocks log and got 0 delTX to process.
2019-09-03 20:25:39,559 [SCMBlockDeletingService#1] DEBUG block.SCMBlockDeletingService (SCMBlockDeletingService.java:call(138)) - Running DeletedBlockTransactionScanner
2019-09-03 20:25:39,559 [SCMBlockDeletingService#1] DEBUG block.SCMBlockDeletingService (SCMBlockDeletingService.java:call(155)) - Scanned deleted blocks log and got 0 delTX to process.
2019-09-03 20:25:39,660 [SCMBlockDeletingService#1] DEBUG block.SCMBlockDeletingService (SCMBlockDeletingService.java:call(138)) - Running DeletedBlockTransactionScanner
2019-09-03 20:25:39,660 [SCMBlockDeletingService#1] DEBUG block.SCMBlockDeletingService (SCMBlockDeletingService.java:call(155)) - Scanned deleted blocks log and got 0 delTX to process.
2019-09-03 20:25:39,764 [SCMBlockDeletingService#1] DEBUG block.SCMBlockDeletingService (SCMBlockDeletingService.java:call(138)) - Running DeletedBlockTransactionScanner
2019-09-03 20:25:39,765 [SCMBlockDeletingService#1] DEBUG block.SCMBlockDeletingService (SCMBlockDeletingService.java:call(155)) - Scanned deleted blocks log and got 0 delTX to process.
2019-09-03 20:25:39,866 [SCMBlockDeletingService#1] DEBUG block.SCMBlockDeletingService (SCMBlockDeletingService.java:call(138)) - Running DeletedBlockTransactionScanner
2019-09-03 20:25:39,867 [SCMBlockDeletingService#1] DEBUG block.SCMBlockDeletingService (SCMBlockDeletingService.java:call(155)) - Scanned deleted blocks log and got 0 delTX to process.
2019-09-03 20:25:39,967 [SCMBlockDeletingService#1] DEBUG block.SCMBlockDeletingService (SCMBlockDeletingService.java:call(138)) - Running DeletedBlockTransactionScanner
2019-09-03 20:25:39,968 [SCMBlockDeletingService#1] DEBUG block.SCMBlockDeletingService (SCMBlockDeletingService.java:call(155)) - Scanned deleted blocks log and got 0 delTX to process.
2019-09-03 20:25:40,026 [Thread-156] INFO  container.ReplicationManager (ReplicationManager.java:start(162)) - Starting Replication Monitor Thread.
2019-09-03 20:25:40,028 [ReplicationMonitor] INFO  container.ReplicationManager (ReplicationManager.java:run(225)) - Replication Monitor Thread took 1 milliseconds for processing 0 containers.
2019-09-03 20:25:40,068 [SCMBlockDeletingService#1] DEBUG block.SCMBlockDeletingService (SCMBlockDeletingService.java:call(138)) - Running DeletedBlockTransactionScanner
2019-09-03 20:25:40,068 [SCMBlockDeletingService#1] DEBUG block.SCMBlockDeletingService (SCMBlockDeletingService.java:call(155)) - Scanned deleted blocks log and got 0 delTX to process.
2019-09-03 20:25:40,169 [SCMBlockDeletingService#1] DEBUG block.SCMBlockDeletingService (SCMBlockDeletingService.java:call(138)) - Running DeletedBlockTransactionScanner
2019-09-03 20:25:40,169 [SCMBlockDeletingService#1] DEBUG block.SCMBlockDeletingService (SCMBlockDeletingService.java:call(155)) - Scanned deleted blocks log and got 0 delTX to process.
2019-09-03 20:25:40,270 [SCMBlockDeletingService#1] DEBUG block.SCMBlockDeletingService (SCMBlockDeletingService.java:call(138)) - Running DeletedBlockTransactionScanner
2019-09-03 20:25:40,270 [SCMBlockDeletingService#1] DEBUG block.SCMBlockDeletingService (SCMBlockDeletingService.java:call(155)) - Scanned deleted blocks log and got 0 delTX to process.
2019-09-03 20:25:40,370 [SCMBlockDeletingService#1] DEBUG block.SCMBlockDeletingService (SCMBlockDeletingService.java:call(138)) - Running DeletedBlockTransactionScanner
2019-09-03 20:25:40,371 [SCMBlockDeletingService#1] DEBUG block.SCMBlockDeletingService (SCMBlockDeletingService.java:call(155)) - Scanned deleted blocks log and got 0 delTX to process.
2019-09-03 20:25:40,472 [SCMBlockDeletingService#1] DEBUG block.SCMBlockDeletingService (SCMBlockDeletingService.java:call(138)) - Running DeletedBlockTransactionScanner
2019-09-03 20:25:40,473 [SCMBlockDeletingService#1] DEBUG block.SCMBlockDeletingService (SCMBlockDeletingService.java:call(155)) - Scanned deleted blocks log and got 0 delTX to process.
2019-09-03 20:25:40,481 [main] INFO  rpc.RpcClient (RpcClient.java:createVolume(293)) - Creating Volume: 566a396b-9102-4dbd-9257-6279404aeb5a, with jenkins1000 as owner.
2019-09-03 20:25:40,526 [main] INFO  rpc.RpcClient (RpcClient.java:createBucket(432)) - Creating Bucket: 566a396b-9102-4dbd-9257-6279404aeb5a/acc7f530-0f68-48fd-8718-b4fdff629241, with Versioning false and Storage Type set to DISK and Encryption set to false 
2019-09-03 20:25:40,574 [SCMBlockDeletingService#1] DEBUG block.SCMBlockDeletingService (SCMBlockDeletingService.java:call(138)) - Running DeletedBlockTransactionScanner
2019-09-03 20:25:40,574 [SCMBlockDeletingService#1] DEBUG block.SCMBlockDeletingService (SCMBlockDeletingService.java:call(155)) - Scanned deleted blocks log and got 0 delTX to process.
2019-09-03 20:25:40,674 [SCMBlockDeletingService#1] DEBUG block.SCMBlockDeletingService (SCMBlockDeletingService.java:call(138)) - Running DeletedBlockTransactionScanner
2019-09-03 20:25:40,675 [SCMBlockDeletingService#1] DEBUG block.SCMBlockDeletingService (SCMBlockDeletingService.java:call(155)) - Scanned deleted blocks log and got 0 delTX to process.
2019-09-03 20:25:40,775 [SCMBlockDeletingService#1] DEBUG block.SCMBlockDeletingService (SCMBlockDeletingService.java:call(138)) - Running DeletedBlockTransactionScanner
2019-09-03 20:25:40,775 [SCMBlockDeletingService#1] DEBUG block.SCMBlockDeletingService (SCMBlockDeletingService.java:call(155)) - Scanned deleted blocks log and got 0 delTX to process.
2019-09-03 20:25:40,876 [SCMBlockDeletingService#1] DEBUG block.SCMBlockDeletingService (SCMBlockDeletingService.java:call(138)) - Running DeletedBlockTransactionScanner
2019-09-03 20:25:40,876 [SCMBlockDeletingService#1] DEBUG block.SCMBlockDeletingService (SCMBlockDeletingService.java:call(155)) - Scanned deleted blocks log and got 0 delTX to process.
2019-09-03 20:25:40,977 [SCMBlockDeletingService#1] DEBUG block.SCMBlockDeletingService (SCMBlockDeletingService.java:call(138)) - Running DeletedBlockTransactionScanner
2019-09-03 20:25:40,977 [SCMBlockDeletingService#1] DEBUG block.SCMBlockDeletingService (SCMBlockDeletingService.java:call(155)) - Scanned deleted blocks log and got 0 delTX to process.
2019-09-03 20:25:41,013 [main] INFO  impl.MetricsSystemImpl (MetricsSystemImpl.java:init(158)) - XceiverClientMetrics metrics system started (again)
2019-09-03 20:25:41,078 [SCMBlockDeletingService#1] DEBUG block.SCMBlockDeletingService (SCMBlockDeletingService.java:call(138)) - Running DeletedBlockTransactionScanner
2019-09-03 20:25:41,079 [SCMBlockDeletingService#1] DEBUG block.SCMBlockDeletingService (SCMBlockDeletingService.java:call(155)) - Scanned deleted blocks log and got 0 delTX to process.
2019-09-03 20:25:41,441 [SCMBlockDeletingService#1] DEBUG block.SCMBlockDeletingService (SCMBlockDeletingService.java:call(138)) - Running DeletedBlockTransactionScanner
2019-09-03 20:25:41,443 [SCMBlockDeletingService#1] DEBUG block.SCMBlockDeletingService (SCMBlockDeletingService.java:call(155)) - Scanned deleted blocks log and got 0 delTX to process.
2019-09-03 20:25:41,496 [grpc-default-executor-1] INFO  client.GrpcClientProtocolClient (GrpcClientProtocolClient.java:onNext(255)) - client-CB1B8AC74E59->81367453-3bf0-4298-8a83-8d5c3816df16: receive RaftClientReply:client-CB1B8AC74E59->81367453-3bf0-4298-8a83-8d5c3816df16@group-F6EC397515C5, cid=1, FAILED org.apache.ratis.protocol.NotLeaderException: Server 81367453-3bf0-4298-8a83-8d5c3816df16 is not the leader (null). Request must be sent to leader., logIndex=0, commits[81367453-3bf0-4298-8a83-8d5c3816df16:c-1]
2019-09-03 20:25:41,543 [SCMBlockDeletingService#1] DEBUG block.SCMBlockDeletingService (SCMBlockDeletingService.java:call(138)) - Running DeletedBlockTransactionScanner
2019-09-03 20:25:41,543 [SCMBlockDeletingService#1] DEBUG block.SCMBlockDeletingService (SCMBlockDeletingService.java:call(155)) - Scanned deleted blocks log and got 0 delTX to process.
2019-09-03 20:25:41,644 [SCMBlockDeletingService#1] DEBUG block.SCMBlockDeletingService (SCMBlockDeletingService.java:call(138)) - Running DeletedBlockTransactionScanner
2019-09-03 20:25:41,644 [SCMBlockDeletingService#1] DEBUG block.SCMBlockDeletingService (SCMBlockDeletingService.java:call(155)) - Scanned deleted blocks log and got 0 delTX to process.
2019-09-03 20:25:41,745 [SCMBlockDeletingService#1] DEBUG block.SCMBlockDeletingService (SCMBlockDeletingService.java:call(138)) - Running DeletedBlockTransactionScanner
2019-09-03 20:25:41,745 [SCMBlockDeletingService#1] DEBUG block.SCMBlockDeletingService (SCMBlockDeletingService.java:call(155)) - Scanned deleted blocks log and got 0 delTX to process.
2019-09-03 20:25:41,846 [SCMBlockDeletingService#1] DEBUG block.SCMBlockDeletingService (SCMBlockDeletingService.java:call(138)) - Running DeletedBlockTransactionScanner
2019-09-03 20:25:41,846 [SCMBlockDeletingService#1] DEBUG block.SCMBlockDeletingService (SCMBlockDeletingService.java:call(155)) - Scanned deleted blocks log and got 0 delTX to process.
2019-09-03 20:25:41,947 [SCMBlockDeletingService#1] DEBUG block.SCMBlockDeletingService (SCMBlockDeletingService.java:call(138)) - Running DeletedBlockTransactionScanner
2019-09-03 20:25:41,947 [SCMBlockDeletingService#1] DEBUG block.SCMBlockDeletingService (SCMBlockDeletingService.java:call(155)) - Scanned deleted blocks log and got 0 delTX to process.
2019-09-03 20:25:42,047 [SCMBlockDeletingService#1] DEBUG block.SCMBlockDeletingService (SCMBlockDeletingService.java:call(138)) - Running DeletedBlockTransactionScanner
2019-09-03 20:25:42,048 [SCMBlockDeletingService#1] DEBUG block.SCMBlockDeletingService (SCMBlockDeletingService.java:call(155)) - Scanned deleted blocks log and got 0 delTX to process.
2019-09-03 20:25:42,148 [SCMBlockDeletingService#1] DEBUG block.SCMBlockDeletingService (SCMBlockDeletingService.java:call(138)) - Running DeletedBlockTransactionScanner
2019-09-03 20:25:42,149 [SCMBlockDeletingService#1] DEBUG block.SCMBlockDeletingService (SCMBlockDeletingService.java:call(155)) - Scanned deleted blocks log and got 0 delTX to process.
2019-09-03 20:25:42,249 [SCMBlockDeletingService#1] DEBUG block.SCMBlockDeletingService (SCMBlockDeletingService.java:call(138)) - Running DeletedBlockTransactionScanner
2019-09-03 20:25:42,249 [SCMBlockDeletingService#1] DEBUG block.SCMBlockDeletingService (SCMBlockDeletingService.java:call(155)) - Scanned deleted blocks log and got 0 delTX to process.
2019-09-03 20:25:42,350 [SCMBlockDeletingService#1] DEBUG block.SCMBlockDeletingService (SCMBlockDeletingService.java:call(138)) - Running DeletedBlockTransactionScanner
2019-09-03 20:25:42,350 [SCMBlockDeletingService#1] DEBUG block.SCMBlockDeletingService (SCMBlockDeletingService.java:call(155)) - Scanned deleted blocks log and got 0 delTX to process.
2019-09-03 20:25:42,450 [SCMBlockDeletingService#1] DEBUG block.SCMBlockDeletingService (SCMBlockDeletingService.java:call(138)) - Running DeletedBlockTransactionScanner
2019-09-03 20:25:42,451 [SCMBlockDeletingService#1] DEBUG block.SCMBlockDeletingService (SCMBlockDeletingService.java:call(155)) - Scanned deleted blocks log and got 0 delTX to process.
2019-09-03 20:25:42,551 [SCMBlockDeletingService#1] DEBUG block.SCMBlockDeletingService (SCMBlockDeletingService.java:call(138)) - Running DeletedBlockTransactionScanner
2019-09-03 20:25:42,551 [SCMBlockDeletingService#1] DEBUG block.SCMBlockDeletingService (SCMBlockDeletingService.java:call(155)) - Scanned deleted blocks log and got 0 delTX to process.
2019-09-03 20:25:42,652 [SCMBlockDeletingService#1] DEBUG block.SCMBlockDeletingService (SCMBlockDeletingService.java:call(138)) - Running DeletedBlockTransactionScanner
2019-09-03 20:25:42,652 [SCMBlockDeletingService#1] DEBUG block.SCMBlockDeletingService (SCMBlockDeletingService.java:call(155)) - Scanned deleted blocks log and got 0 delTX to process.
2019-09-03 20:25:42,753 [SCMBlockDeletingService#1] DEBUG block.SCMBlockDeletingService (SCMBlockDeletingService.java:call(138)) - Running DeletedBlockTransactionScanner
2019-09-03 20:25:42,753 [SCMBlockDeletingService#1] DEBUG block.SCMBlockDeletingService (SCMBlockDeletingService.java:call(155)) - Scanned deleted blocks log and got 0 delTX to process.
2019-09-03 20:25:42,831 [Thread-158] INFO  impl.FollowerState (FollowerState.java:run(106)) - 81367453-3bf0-4298-8a83-8d5c3816df16:group-F6EC397515C5 changes to CANDIDATE, lastRpcTime:5137, electionTimeout:5136ms
2019-09-03 20:25:42,832 [Thread-158] INFO  impl.RoleInfo (RoleInfo.java:shutdownFollowerState(121)) - 81367453-3bf0-4298-8a83-8d5c3816df16: shutdown FollowerState
2019-09-03 20:25:42,833 [Thread-158] INFO  impl.RaftServerImpl (RaftServerImpl.java:setRole(171)) - 81367453-3bf0-4298-8a83-8d5c3816df16:group-F6EC397515C5 changes role from FOLLOWER to CANDIDATE at term 0 for changeToCandidate
2019-09-03 20:25:42,838 [Thread-158] INFO  impl.RoleInfo (RoleInfo.java:updateAndGet(143)) - 81367453-3bf0-4298-8a83-8d5c3816df16: start LeaderElection
2019-09-03 20:25:42,854 [SCMBlockDeletingService#1] DEBUG block.SCMBlockDeletingService (SCMBlockDeletingService.java:call(138)) - Running DeletedBlockTransactionScanner
2019-09-03 20:25:42,855 [SCMBlockDeletingService#1] DEBUG block.SCMBlockDeletingService (SCMBlockDeletingService.java:call(155)) - Scanned deleted blocks log and got 0 delTX to process.
2019-09-03 20:25:42,868 [81367453-3bf0-4298-8a83-8d5c3816df16:group-F6EC397515C5:LeaderElection1] INFO  impl.LeaderElection (LeaderElection.java:askForVotes(181)) - 81367453-3bf0-4298-8a83-8d5c3816df16:group-F6EC397515C5:LeaderElection1: begin an election at term 1 for -1: [81367453-3bf0-4298-8a83-8d5c3816df16:192.168.36.111:40871], old=null
2019-09-03 20:25:42,869 [81367453-3bf0-4298-8a83-8d5c3816df16:group-F6EC397515C5:LeaderElection1] INFO  impl.RoleInfo (RoleInfo.java:shutdownLeaderElection(134)) - 81367453-3bf0-4298-8a83-8d5c3816df16: shutdown LeaderElection
2019-09-03 20:25:42,871 [81367453-3bf0-4298-8a83-8d5c3816df16:group-F6EC397515C5:LeaderElection1] INFO  impl.RaftServerImpl (RaftServerImpl.java:setRole(171)) - 81367453-3bf0-4298-8a83-8d5c3816df16:group-F6EC397515C5 changes role from CANDIDATE to LEADER at term 1 for changeToLeader
2019-09-03 20:25:42,871 [81367453-3bf0-4298-8a83-8d5c3816df16:group-F6EC397515C5:LeaderElection1] INFO  impl.RaftServerImpl (ServerState.java:setLeader(263)) - 81367453-3bf0-4298-8a83-8d5c3816df16:group-F6EC397515C5 change Leader from null to 81367453-3bf0-4298-8a83-8d5c3816df16 at term 1 for becomeLeader, leader elected after 5259ms
2019-09-03 20:25:42,878 [81367453-3bf0-4298-8a83-8d5c3816df16:group-F6EC397515C5:LeaderElection1] INFO  server.RaftServerConfigKeys (ConfUtils.java:logGet(43)) - raft.server.staging.catchup.gap = 1000 (default)
2019-09-03 20:25:42,879 [81367453-3bf0-4298-8a83-8d5c3816df16:group-F6EC397515C5:LeaderElection1] INFO  server.RaftServerConfigKeys (ConfUtils.java:logGet(43)) - raft.server.rpc.sleep.time = 25ms (default)
2019-09-03 20:25:42,882 [81367453-3bf0-4298-8a83-8d5c3816df16:group-F6EC397515C5:LeaderElection1] INFO  server.RaftServerConfigKeys (ConfUtils.java:logGet(43)) - raft.server.write.element-limit = 4096 (default)
2019-09-03 20:25:42,885 [81367453-3bf0-4298-8a83-8d5c3816df16:group-F6EC397515C5:LeaderElection1] INFO  server.RaftServerConfigKeys (ConfUtils.java:logGet(43)) - raft.server.watch.timeout = 10s (default)
2019-09-03 20:25:42,885 [81367453-3bf0-4298-8a83-8d5c3816df16:group-F6EC397515C5:LeaderElection1] INFO  server.RaftServerConfigKeys (ConfUtils.java:logGet(43)) - raft.server.watch.timeout.denomination = 1s (default)
2019-09-03 20:25:42,886 [81367453-3bf0-4298-8a83-8d5c3816df16:group-F6EC397515C5:LeaderElection1] INFO  server.RaftServerConfigKeys (ConfUtils.java:logGet(43)) - raft.server.watch.element-limit = 65536 (default)
2019-09-03 20:25:42,895 [81367453-3bf0-4298-8a83-8d5c3816df16:group-F6EC397515C5:LeaderElection1] INFO  impl.RoleInfo (RoleInfo.java:updateAndGet(143)) - 81367453-3bf0-4298-8a83-8d5c3816df16: start LeaderState
2019-09-03 20:25:42,914 [81367453-3bf0-4298-8a83-8d5c3816df16:group-F6EC397515C5:LeaderElection1] INFO  segmented.SegmentedRaftLogWorker (SegmentedRaftLogWorker.java:startLogSegment(380)) - 81367453-3bf0-4298-8a83-8d5c3816df16-SegmentedRaftLogWorker:Storage Directory /workdir/hadoop-ozone/integration-test/target/test-dir/MiniOzoneClusterImpl-f6d2529a-717c-4912-84e5-25bf8ea5201e/datanode-0/data/ratis/a9d3e85d-64a7-4c5f-8c0c-f6ec397515c5: Starting segment from index:0
2019-09-03 20:25:42,923 [81367453-3bf0-4298-8a83-8d5c3816df16:group-F6EC397515C5:LeaderElection1] INFO  impl.RaftServerImpl (ServerState.java:setRaftConf(361)) - 81367453-3bf0-4298-8a83-8d5c3816df16:group-F6EC397515C5 set configuration 0: [81367453-3bf0-4298-8a83-8d5c3816df16:192.168.36.111:40871], old=null at 0
2019-09-03 20:25:42,955 [SCMBlockDeletingService#1] DEBUG block.SCMBlockDeletingService (SCMBlockDeletingService.java:call(138)) - Running DeletedBlockTransactionScanner
2019-09-03 20:25:42,956 [SCMBlockDeletingService#1] DEBUG block.SCMBlockDeletingService (SCMBlockDeletingService.java:call(155)) - Scanned deleted blocks log and got 0 delTX to process.
2019-09-03 20:25:43,056 [SCMBlockDeletingService#1] DEBUG block.SCMBlockDeletingService (SCMBlockDeletingService.java:call(138)) - Running DeletedBlockTransactionScanner
2019-09-03 20:25:43,057 [SCMBlockDeletingService#1] DEBUG block.SCMBlockDeletingService (SCMBlockDeletingService.java:call(155)) - Scanned deleted blocks log and got 0 delTX to process.
2019-09-03 20:25:43,098 [81367453-3bf0-4298-8a83-8d5c3816df16-SegmentedRaftLogWorker:Storage Directory /workdir/hadoop-ozone/integration-test/target/test-dir/MiniOzoneClusterImpl-f6d2529a-717c-4912-84e5-25bf8ea5201e/datanode-0/data/ratis/a9d3e85d-64a7-4c5f-8c0c-f6ec397515c5] INFO  segmented.SegmentedRaftLogWorker (SegmentedRaftLogWorker.java:execute(569)) - 81367453-3bf0-4298-8a83-8d5c3816df16-SegmentedRaftLogWorker:Storage Directory /workdir/hadoop-ozone/integration-test/target/test-dir/MiniOzoneClusterImpl-f6d2529a-717c-4912-84e5-25bf8ea5201e/datanode-0/data/ratis/a9d3e85d-64a7-4c5f-8c0c-f6ec397515c5: created new log segment /workdir/hadoop-ozone/integration-test/target/test-dir/MiniOzoneClusterImpl-f6d2529a-717c-4912-84e5-25bf8ea5201e/datanode-0/data/ratis/a9d3e85d-64a7-4c5f-8c0c-f6ec397515c5/current/log_inprogress_0
2019-09-03 20:25:43,157 [SCMBlockDeletingService#1] DEBUG block.SCMBlockDeletingService (SCMBlockDeletingService.java:call(138)) - Running DeletedBlockTransactionScanner
2019-09-03 20:25:43,158 [SCMBlockDeletingService#1] DEBUG block.SCMBlockDeletingService (SCMBlockDeletingService.java:call(155)) - Scanned deleted blocks log and got 0 delTX to process.
2019-09-03 20:25:43,258 [SCMBlockDeletingService#1] DEBUG block.SCMBlockDeletingService (SCMBlockDeletingService.java:call(138)) - Running DeletedBlockTransactionScanner
2019-09-03 20:25:43,259 [SCMBlockDeletingService#1] DEBUG block.SCMBlockDeletingService (SCMBlockDeletingService.java:call(155)) - Scanned deleted blocks log and got 0 delTX to process.
2019-09-03 20:25:43,359 [SCMBlockDeletingService#1] DEBUG block.SCMBlockDeletingService (SCMBlockDeletingService.java:call(138)) - Running DeletedBlockTransactionScanner
2019-09-03 20:25:43,359 [SCMBlockDeletingService#1] DEBUG block.SCMBlockDeletingService (SCMBlockDeletingService.java:call(155)) - Scanned deleted blocks log and got 0 delTX to process.
2019-09-03 20:25:43,460 [SCMBlockDeletingService#1] DEBUG block.SCMBlockDeletingService (SCMBlockDeletingService.java:call(138)) - Running DeletedBlockTransactionScanner
2019-09-03 20:25:43,460 [SCMBlockDeletingService#1] DEBUG block.SCMBlockDeletingService (SCMBlockDeletingService.java:call(155)) - Scanned deleted blocks log and got 0 delTX to process.
2019-09-03 20:25:43,561 [SCMBlockDeletingService#1] DEBUG block.SCMBlockDeletingService (SCMBlockDeletingService.java:call(138)) - Running DeletedBlockTransactionScanner
2019-09-03 20:25:43,561 [SCMBlockDeletingService#1] DEBUG block.SCMBlockDeletingService (SCMBlockDeletingService.java:call(155)) - Scanned deleted blocks log and got 0 delTX to process.
2019-09-03 20:25:43,661 [SCMBlockDeletingService#1] DEBUG block.SCMBlockDeletingService (SCMBlockDeletingService.java:call(138)) - Running DeletedBlockTransactionScanner
2019-09-03 20:25:43,662 [SCMBlockDeletingService#1] DEBUG block.SCMBlockDeletingService (SCMBlockDeletingService.java:call(155)) - Scanned deleted blocks log and got 0 delTX to process.
2019-09-03 20:25:43,762 [SCMBlockDeletingService#1] DEBUG block.SCMBlockDeletingService (SCMBlockDeletingService.java:call(138)) - Running DeletedBlockTransactionScanner
2019-09-03 20:25:43,763 [SCMBlockDeletingService#1] DEBUG block.SCMBlockDeletingService (SCMBlockDeletingService.java:call(155)) - Scanned deleted blocks log and got 0 delTX to process.
2019-09-03 20:25:43,792 [grpc-default-executor-1] INFO  client.GrpcClientProtocolClient (GrpcClientProtocolClient.java:onNext(255)) - client-CB1B8AC74E59->81367453-3bf0-4298-8a83-8d5c3816df16: receive RaftClientReply:client-CB1B8AC74E59->81367453-3bf0-4298-8a83-8d5c3816df16@group-F6EC397515C5, cid=1, SUCCESS, logIndex=1, commits[81367453-3bf0-4298-8a83-8d5c3816df16:c1]
2019-09-03 20:25:43,863 [SCMBlockDeletingService#1] DEBUG block.SCMBlockDeletingService (SCMBlockDeletingService.java:call(138)) - Running DeletedBlockTransactionScanner
2019-09-03 20:25:43,863 [SCMBlockDeletingService#1] DEBUG block.SCMBlockDeletingService (SCMBlockDeletingService.java:call(155)) - Scanned deleted blocks log and got 0 delTX to process.
2019-09-03 20:25:43,913 [grpc-default-executor-2] INFO  client.GrpcClientProtocolClient (GrpcClientProtocolClient.java:onNext(255)) - client-CB1B8AC74E59->81367453-3bf0-4298-8a83-8d5c3816df16: receive RaftClientReply:client-CB1B8AC74E59->81367453-3bf0-4298-8a83-8d5c3816df16@group-F6EC397515C5, cid=2, SUCCESS, logIndex=3, commits[81367453-3bf0-4298-8a83-8d5c3816df16:c7]
2019-09-03 20:25:43,920 [grpc-default-executor-2] INFO  client.GrpcClientProtocolClient (GrpcClientProtocolClient.java:onNext(255)) - client-CB1B8AC74E59->81367453-3bf0-4298-8a83-8d5c3816df16: receive RaftClientReply:client-CB1B8AC74E59->81367453-3bf0-4298-8a83-8d5c3816df16@group-F6EC397515C5, cid=3, SUCCESS, logIndex=5, commits[81367453-3bf0-4298-8a83-8d5c3816df16:c7]
2019-09-03 20:25:43,922 [grpc-default-executor-2] INFO  client.GrpcClientProtocolClient (GrpcClientProtocolClient.java:onNext(255)) - client-CB1B8AC74E59->81367453-3bf0-4298-8a83-8d5c3816df16: receive RaftClientReply:client-CB1B8AC74E59->81367453-3bf0-4298-8a83-8d5c3816df16@group-F6EC397515C5, cid=4, SUCCESS, logIndex=6, commits[81367453-3bf0-4298-8a83-8d5c3816df16:c7]
2019-09-03 20:25:43,964 [SCMBlockDeletingService#1] DEBUG block.SCMBlockDeletingService (SCMBlockDeletingService.java:call(138)) - Running DeletedBlockTransactionScanner
2019-09-03 20:25:43,964 [SCMBlockDeletingService#1] DEBUG block.SCMBlockDeletingService (SCMBlockDeletingService.java:call(155)) - Scanned deleted blocks log and got 0 delTX to process.
2019-09-03 20:25:43,972 [grpc-default-executor-1] INFO  client.GrpcClientProtocolClient (GrpcClientProtocolClient.java:onNext(255)) - client-CB1B8AC74E59->81367453-3bf0-4298-8a83-8d5c3816df16: receive RaftClientReply:client-CB1B8AC74E59->81367453-3bf0-4298-8a83-8d5c3816df16@group-F6EC397515C5, cid=5, SUCCESS, logIndex=8, commits[81367453-3bf0-4298-8a83-8d5c3816df16:c9]
2019-09-03 20:25:43,974 [grpc-default-executor-1] INFO  client.GrpcClientProtocolClient (GrpcClientProtocolClient.java:onNext(255)) - client-CB1B8AC74E59->81367453-3bf0-4298-8a83-8d5c3816df16: receive RaftClientReply:client-CB1B8AC74E59->81367453-3bf0-4298-8a83-8d5c3816df16@group-F6EC397515C5, cid=6, SUCCESS, logIndex=9, commits[81367453-3bf0-4298-8a83-8d5c3816df16:c9]
2019-09-03 20:25:43,981 [grpc-default-executor-1] INFO  client.GrpcClientProtocolClient (GrpcClientProtocolClient.java:onNext(255)) - client-CB1B8AC74E59->81367453-3bf0-4298-8a83-8d5c3816df16: receive RaftClientReply:client-CB1B8AC74E59->81367453-3bf0-4298-8a83-8d5c3816df16@group-F6EC397515C5, cid=7, SUCCESS, logIndex=10, commits[81367453-3bf0-4298-8a83-8d5c3816df16:c12]
2019-09-03 20:25:43,984 [grpc-default-executor-1] INFO  client.GrpcClientProtocolClient (GrpcClientProtocolClient.java:onNext(255)) - client-CB1B8AC74E59->81367453-3bf0-4298-8a83-8d5c3816df16: receive RaftClientReply:client-CB1B8AC74E59->81367453-3bf0-4298-8a83-8d5c3816df16@group-F6EC397515C5, cid=8, SUCCESS, logIndex=12, commits[81367453-3bf0-4298-8a83-8d5c3816df16:c12]
2019-09-03 20:25:44,064 [SCMBlockDeletingService#1] DEBUG block.SCMBlockDeletingService (SCMBlockDeletingService.java:call(138)) - Running DeletedBlockTransactionScanner
2019-09-03 20:25:44,065 [SCMBlockDeletingService#1] DEBUG block.SCMBlockDeletingService (SCMBlockDeletingService.java:call(155)) - Scanned deleted blocks log and got 0 delTX to process.
2019-09-03 20:25:44,163 [grpc-default-executor-1] INFO  client.GrpcClientProtocolClient (GrpcClientProtocolClient.java:onNext(255)) - client-CB1B8AC74E59->81367453-3bf0-4298-8a83-8d5c3816df16: receive RaftClientReply:client-CB1B8AC74E59->81367453-3bf0-4298-8a83-8d5c3816df16@group-F6EC397515C5, cid=9, SUCCESS, logIndex=14, commits[81367453-3bf0-4298-8a83-8d5c3816df16:c17]
2019-09-03 20:25:44,165 [SCMBlockDeletingService#1] DEBUG block.SCMBlockDeletingService (SCMBlockDeletingService.java:call(138)) - Running DeletedBlockTransactionScanner
2019-09-03 20:25:44,166 [SCMBlockDeletingService#1] DEBUG block.SCMBlockDeletingService (SCMBlockDeletingService.java:call(155)) - Scanned deleted blocks log and got 0 delTX to process.
2019-09-03 20:25:44,266 [SCMBlockDeletingService#1] DEBUG block.SCMBlockDeletingService (SCMBlockDeletingService.java:call(138)) - Running DeletedBlockTransactionScanner
2019-09-03 20:25:44,267 [SCMBlockDeletingService#1] DEBUG block.SCMBlockDeletingService (SCMBlockDeletingService.java:call(155)) - Scanned deleted blocks log and got 0 delTX to process.
2019-09-03 20:25:44,276 [grpc-default-executor-1] INFO  client.GrpcClientProtocolClient (GrpcClientProtocolClient.java:onNext(255)) - client-CB1B8AC74E59->81367453-3bf0-4298-8a83-8d5c3816df16: receive RaftClientReply:client-CB1B8AC74E59->81367453-3bf0-4298-8a83-8d5c3816df16@group-F6EC397515C5, cid=10, SUCCESS, logIndex=15, commits[81367453-3bf0-4298-8a83-8d5c3816df16:c18]
2019-09-03 20:25:44,279 [grpc-default-executor-1] INFO  client.GrpcClientProtocolClient (GrpcClientProtocolClient.java:onNext(255)) - client-CB1B8AC74E59->81367453-3bf0-4298-8a83-8d5c3816df16: receive RaftClientReply:client-CB1B8AC74E59->81367453-3bf0-4298-8a83-8d5c3816df16@group-F6EC397515C5, cid=11, SUCCESS, logIndex=16, commits[81367453-3bf0-4298-8a83-8d5c3816df16:c18]
2019-09-03 20:25:44,280 [grpc-default-executor-1] INFO  client.GrpcClientProtocolClient (GrpcClientProtocolClient.java:onNext(255)) - client-CB1B8AC74E59->81367453-3bf0-4298-8a83-8d5c3816df16: receive RaftClientReply:client-CB1B8AC74E59->81367453-3bf0-4298-8a83-8d5c3816df16@group-F6EC397515C5, cid=12, SUCCESS, logIndex=17, commits[81367453-3bf0-4298-8a83-8d5c3816df16:c18]
2019-09-03 20:25:44,318 [grpc-default-executor-2] INFO  client.GrpcClientProtocolClient (GrpcClientProtocolClient.java:onNext(255)) - client-CB1B8AC74E59->81367453-3bf0-4298-8a83-8d5c3816df16: receive RaftClientReply:client-CB1B8AC74E59->81367453-3bf0-4298-8a83-8d5c3816df16@group-F6EC397515C5, cid=13, SUCCESS, logIndex=19, commits[81367453-3bf0-4298-8a83-8d5c3816df16:c20]
2019-09-03 20:25:44,320 [grpc-default-executor-2] INFO  client.GrpcClientProtocolClient (GrpcClientProtocolClient.java:onNext(255)) - client-CB1B8AC74E59->81367453-3bf0-4298-8a83-8d5c3816df16: receive RaftClientReply:client-CB1B8AC74E59->81367453-3bf0-4298-8a83-8d5c3816df16@group-F6EC397515C5, cid=14, SUCCESS, logIndex=20, commits[81367453-3bf0-4298-8a83-8d5c3816df16:c20]
2019-09-03 20:25:44,333 [grpc-default-executor-2] INFO  client.GrpcClientProtocolClient (GrpcClientProtocolClient.java:onNext(255)) - client-CB1B8AC74E59->81367453-3bf0-4298-8a83-8d5c3816df16: receive RaftClientReply:client-CB1B8AC74E59->81367453-3bf0-4298-8a83-8d5c3816df16@group-F6EC397515C5, cid=15, SUCCESS, logIndex=21, commits[81367453-3bf0-4298-8a83-8d5c3816df16:c23]
2019-09-03 20:25:44,334 [grpc-default-executor-2] INFO  client.GrpcClientProtocolClient (GrpcClientProtocolClient.java:onNext(255)) - client-CB1B8AC74E59->81367453-3bf0-4298-8a83-8d5c3816df16: receive RaftClientReply:client-CB1B8AC74E59->81367453-3bf0-4298-8a83-8d5c3816df16@group-F6EC397515C5, cid=16, SUCCESS, logIndex=22, commits[81367453-3bf0-4298-8a83-8d5c3816df16:c23]
2019-09-03 20:25:44,367 [SCMBlockDeletingService#1] DEBUG block.SCMBlockDeletingService (SCMBlockDeletingService.java:call(138)) - Running DeletedBlockTransactionScanner
2019-09-03 20:25:44,368 [SCMBlockDeletingService#1] DEBUG block.SCMBlockDeletingService (SCMBlockDeletingService.java:call(155)) - Scanned deleted blocks log and got 0 delTX to process.
2019-09-03 20:25:44,468 [SCMBlockDeletingService#1] DEBUG block.SCMBlockDeletingService (SCMBlockDeletingService.java:call(138)) - Running DeletedBlockTransactionScanner
2019-09-03 20:25:44,469 [SCMBlockDeletingService#1] DEBUG block.SCMBlockDeletingService (SCMBlockDeletingService.java:call(155)) - Scanned deleted blocks log and got 0 delTX to process.
2019-09-03 20:25:44,483 [grpc-default-executor-2] INFO  client.GrpcClientProtocolClient (GrpcClientProtocolClient.java:onNext(255)) - client-CB1B8AC74E59->81367453-3bf0-4298-8a83-8d5c3816df16: receive RaftClientReply:client-CB1B8AC74E59->81367453-3bf0-4298-8a83-8d5c3816df16@group-F6EC397515C5, cid=17, SUCCESS, logIndex=24, commits[81367453-3bf0-4298-8a83-8d5c3816df16:c27]
2019-09-03 20:25:44,569 [SCMBlockDeletingService#1] DEBUG block.SCMBlockDeletingService (SCMBlockDeletingService.java:call(138)) - Running DeletedBlockTransactionScanner
2019-09-03 20:25:44,569 [SCMBlockDeletingService#1] DEBUG block.SCMBlockDeletingService (SCMBlockDeletingService.java:call(155)) - Scanned deleted blocks log and got 0 delTX to process.
2019-09-03 20:25:44,597 [grpc-default-executor-2] INFO  client.GrpcClientProtocolClient (GrpcClientProtocolClient.java:onNext(255)) - client-CB1B8AC74E59->81367453-3bf0-4298-8a83-8d5c3816df16: receive RaftClientReply:client-CB1B8AC74E59->81367453-3bf0-4298-8a83-8d5c3816df16@group-F6EC397515C5, cid=18, SUCCESS, logIndex=25, commits[81367453-3bf0-4298-8a83-8d5c3816df16:c28]
2019-09-03 20:25:44,598 [grpc-default-executor-2] INFO  client.GrpcClientProtocolClient (GrpcClientProtocolClient.java:onNext(255)) - client-CB1B8AC74E59->81367453-3bf0-4298-8a83-8d5c3816df16: receive RaftClientReply:client-CB1B8AC74E59->81367453-3bf0-4298-8a83-8d5c3816df16@group-F6EC397515C5, cid=19, SUCCESS, logIndex=26, commits[81367453-3bf0-4298-8a83-8d5c3816df16:c28]
2019-09-03 20:25:44,599 [grpc-default-executor-2] INFO  client.GrpcClientProtocolClient (GrpcClientProtocolClient.java:onNext(255)) - client-CB1B8AC74E59->81367453-3bf0-4298-8a83-8d5c3816df16: receive RaftClientReply:client-CB1B8AC74E59->81367453-3bf0-4298-8a83-8d5c3816df16@group-F6EC397515C5, cid=20, SUCCESS, logIndex=27, commits[81367453-3bf0-4298-8a83-8d5c3816df16:c28]
2019-09-03 20:25:44,643 [grpc-default-executor-2] INFO  client.GrpcClientProtocolClient (GrpcClientProtocolClient.java:onNext(255)) - client-CB1B8AC74E59->81367453-3bf0-4298-8a83-8d5c3816df16: receive RaftClientReply:client-CB1B8AC74E59->81367453-3bf0-4298-8a83-8d5c3816df16@group-F6EC397515C5, cid=21, SUCCESS, logIndex=29, commits[81367453-3bf0-4298-8a83-8d5c3816df16:c30]
2019-09-03 20:25:44,645 [grpc-default-executor-2] INFO  client.GrpcClientProtocolClient (GrpcClientProtocolClient.java:onNext(255)) - client-CB1B8AC74E59->81367453-3bf0-4298-8a83-8d5c3816df16: receive RaftClientReply:client-CB1B8AC74E59->81367453-3bf0-4298-8a83-8d5c3816df16@group-F6EC397515C5, cid=22, SUCCESS, logIndex=30, commits[81367453-3bf0-4298-8a83-8d5c3816df16:c30]
2019-09-03 20:25:44,653 [grpc-default-executor-2] INFO  client.GrpcClientProtocolClient (GrpcClientProtocolClient.java:onNext(255)) - client-CB1B8AC74E59->81367453-3bf0-4298-8a83-8d5c3816df16: receive RaftClientReply:client-CB1B8AC74E59->81367453-3bf0-4298-8a83-8d5c3816df16@group-F6EC397515C5, cid=23, SUCCESS, logIndex=31, commits[81367453-3bf0-4298-8a83-8d5c3816df16:c33]
2019-09-03 20:25:44,655 [grpc-default-executor-2] INFO  client.GrpcClientProtocolClient (GrpcClientProtocolClient.java:onNext(255)) - client-CB1B8AC74E59->81367453-3bf0-4298-8a83-8d5c3816df16: receive RaftClientReply:client-CB1B8AC74E59->81367453-3bf0-4298-8a83-8d5c3816df16@group-F6EC397515C5, cid=24, SUCCESS, logIndex=32, commits[81367453-3bf0-4298-8a83-8d5c3816df16:c33]
2019-09-03 20:25:44,670 [SCMBlockDeletingService#1] DEBUG block.SCMBlockDeletingService (SCMBlockDeletingService.java:call(138)) - Running DeletedBlockTransactionScanner
2019-09-03 20:25:44,670 [SCMBlockDeletingService#1] DEBUG block.SCMBlockDeletingService (SCMBlockDeletingService.java:call(155)) - Scanned deleted blocks log and got 0 delTX to process.
2019-09-03 20:25:44,703 [grpc-default-executor-1] INFO  client.GrpcClientProtocolClient (GrpcClientProtocolClient.java:onNext(255)) - client-CB1B8AC74E59->81367453-3bf0-4298-8a83-8d5c3816df16: receive RaftClientReply:client-CB1B8AC74E59->81367453-3bf0-4298-8a83-8d5c3816df16@group-F6EC397515C5, cid=25, SUCCESS, logIndex=34, commits[81367453-3bf0-4298-8a83-8d5c3816df16:c37]
2019-09-03 20:25:44,705 [grpc-default-executor-1] INFO  client.GrpcClientProtocolClient (GrpcClientProtocolClient.java:onNext(255)) - client-CB1B8AC74E59->81367453-3bf0-4298-8a83-8d5c3816df16: receive RaftClientReply:client-CB1B8AC74E59->81367453-3bf0-4298-8a83-8d5c3816df16@group-F6EC397515C5, cid=26, SUCCESS, logIndex=35, commits[81367453-3bf0-4298-8a83-8d5c3816df16:c39]
2019-09-03 20:25:44,706 [grpc-default-executor-1] INFO  client.GrpcClientProtocolClient (GrpcClientProtocolClient.java:onNext(255)) - client-CB1B8AC74E59->81367453-3bf0-4298-8a83-8d5c3816df16: receive RaftClientReply:client-CB1B8AC74E59->81367453-3bf0-4298-8a83-8d5c3816df16@group-F6EC397515C5, cid=27, SUCCESS, logIndex=36, commits[81367453-3bf0-4298-8a83-8d5c3816df16:c39]
2019-09-03 20:25:44,707 [grpc-default-executor-1] INFO  client.GrpcClientProtocolClient (GrpcClientProtocolClient.java:onNext(255)) - client-CB1B8AC74E59->81367453-3bf0-4298-8a83-8d5c3816df16: receive RaftClientReply:client-CB1B8AC74E59->81367453-3bf0-4298-8a83-8d5c3816df16@group-F6EC397515C5, cid=28, SUCCESS, logIndex=37, commits[81367453-3bf0-4298-8a83-8d5c3816df16:c39]
2019-09-03 20:25:44,742 [grpc-default-executor-1] INFO  client.GrpcClientProtocolClient (GrpcClientProtocolClient.java:onNext(255)) - client-CB1B8AC74E59->81367453-3bf0-4298-8a83-8d5c3816df16: receive RaftClientReply:client-CB1B8AC74E59->81367453-3bf0-4298-8a83-8d5c3816df16@group-F6EC397515C5, cid=29, SUCCESS, logIndex=40, commits[81367453-3bf0-4298-8a83-8d5c3816df16:c41]
2019-09-03 20:25:44,743 [grpc-default-executor-1] INFO  client.GrpcClientProtocolClient (GrpcClientProtocolClient.java:onNext(255)) - client-CB1B8AC74E59->81367453-3bf0-4298-8a83-8d5c3816df16: receive RaftClientReply:client-CB1B8AC74E59->81367453-3bf0-4298-8a83-8d5c3816df16@group-F6EC397515C5, cid=30, SUCCESS, logIndex=41, commits[81367453-3bf0-4298-8a83-8d5c3816df16:c41]
2019-09-03 20:25:44,752 [grpc-default-executor-1] INFO  client.GrpcClientProtocolClient (GrpcClientProtocolClient.java:onNext(255)) - client-CB1B8AC74E59->81367453-3bf0-4298-8a83-8d5c3816df16: receive RaftClientReply:client-CB1B8AC74E59->81367453-3bf0-4298-8a83-8d5c3816df16@group-F6EC397515C5, cid=31, SUCCESS, logIndex=42, commits[81367453-3bf0-4298-8a83-8d5c3816df16:c43]
2019-09-03 20:25:44,753 [grpc-default-executor-1] INFO  client.GrpcClientProtocolClient (GrpcClientProtocolClient.java:onNext(255)) - client-CB1B8AC74E59->81367453-3bf0-4298-8a83-8d5c3816df16: receive RaftClientReply:client-CB1B8AC74E59->81367453-3bf0-4298-8a83-8d5c3816df16@group-F6EC397515C5, cid=32, SUCCESS, logIndex=43, commits[81367453-3bf0-4298-8a83-8d5c3816df16:c45]
2019-09-03 20:25:44,770 [SCMBlockDeletingService#1] DEBUG block.SCMBlockDeletingService (SCMBlockDeletingService.java:call(138)) - Running DeletedBlockTransactionScanner
2019-09-03 20:25:44,771 [SCMBlockDeletingService#1] DEBUG block.SCMBlockDeletingService (SCMBlockDeletingService.java:call(155)) - Scanned deleted blocks log and got 0 delTX to process.
2019-09-03 20:25:44,787 [grpc-default-executor-1] INFO  client.GrpcClientProtocolClient (GrpcClientProtocolClient.java:onNext(255)) - client-CB1B8AC74E59->81367453-3bf0-4298-8a83-8d5c3816df16: receive RaftClientReply:client-CB1B8AC74E59->81367453-3bf0-4298-8a83-8d5c3816df16@group-F6EC397515C5, cid=33, SUCCESS, logIndex=46, commits[81367453-3bf0-4298-8a83-8d5c3816df16:c47]
2019-09-03 20:25:44,788 [grpc-default-executor-1] INFO  client.GrpcClientProtocolClient (GrpcClientProtocolClient.java:onNext(255)) - client-CB1B8AC74E59->81367453-3bf0-4298-8a83-8d5c3816df16: receive RaftClientReply:client-CB1B8AC74E59->81367453-3bf0-4298-8a83-8d5c3816df16@group-F6EC397515C5, cid=34, SUCCESS, logIndex=47, commits[81367453-3bf0-4298-8a83-8d5c3816df16:c47]
2019-09-03 20:25:44,795 [grpc-default-executor-1] INFO  client.GrpcClientProtocolClient (GrpcClientProtocolClient.java:onNext(255)) - client-CB1B8AC74E59->81367453-3bf0-4298-8a83-8d5c3816df16: receive RaftClientReply:client-CB1B8AC74E59->81367453-3bf0-4298-8a83-8d5c3816df16@group-F6EC397515C5, cid=35, SUCCESS, logIndex=48, commits[81367453-3bf0-4298-8a83-8d5c3816df16:c50]
2019-09-03 20:25:44,796 [grpc-default-executor-1] INFO  client.GrpcClientProtocolClient (GrpcClientProtocolClient.java:onNext(255)) - client-CB1B8AC74E59->81367453-3bf0-4298-8a83-8d5c3816df16: receive RaftClientReply:client-CB1B8AC74E59->81367453-3bf0-4298-8a83-8d5c3816df16@group-F6EC397515C5, cid=36, SUCCESS, logIndex=49, commits[81367453-3bf0-4298-8a83-8d5c3816df16:c51]
2019-09-03 20:25:44,829 [grpc-default-executor-2] INFO  client.GrpcClientProtocolClient (GrpcClientProtocolClient.java:onNext(255)) - client-CB1B8AC74E59->81367453-3bf0-4298-8a83-8d5c3816df16: receive RaftClientReply:client-CB1B8AC74E59->81367453-3bf0-4298-8a83-8d5c3816df16@group-F6EC397515C5, cid=37, SUCCESS, logIndex=52, commits[81367453-3bf0-4298-8a83-8d5c3816df16:c53]
2019-09-03 20:25:44,830 [grpc-default-executor-2] INFO  client.GrpcClientProtocolClient (GrpcClientProtocolClient.java:onNext(255)) - client-CB1B8AC74E59->81367453-3bf0-4298-8a83-8d5c3816df16: receive RaftClientReply:client-CB1B8AC74E59->81367453-3bf0-4298-8a83-8d5c3816df16@group-F6EC397515C5, cid=38, SUCCESS, logIndex=53, commits[81367453-3bf0-4298-8a83-8d5c3816df16:c53]
2019-09-03 20:25:44,839 [grpc-default-executor-2] INFO  client.GrpcClientProtocolClient (GrpcClientProtocolClient.java:onNext(255)) - client-CB1B8AC74E59->81367453-3bf0-4298-8a83-8d5c3816df16: receive RaftClientReply:client-CB1B8AC74E59->81367453-3bf0-4298-8a83-8d5c3816df16@group-F6EC397515C5, cid=39, SUCCESS, logIndex=54, commits[81367453-3bf0-4298-8a83-8d5c3816df16:c55]
2019-09-03 20:25:44,840 [grpc-default-executor-2] INFO  client.GrpcClientProtocolClient (GrpcClientProtocolClient.java:onNext(255)) - client-CB1B8AC74E59->81367453-3bf0-4298-8a83-8d5c3816df16: receive RaftClientReply:client-CB1B8AC74E59->81367453-3bf0-4298-8a83-8d5c3816df16@group-F6EC397515C5, cid=40, SUCCESS, logIndex=55, commits[81367453-3bf0-4298-8a83-8d5c3816df16:c55]
2019-09-03 20:25:44,871 [SCMBlockDeletingService#1] DEBUG block.SCMBlockDeletingService (SCMBlockDeletingService.java:call(138)) - Running DeletedBlockTransactionScanner
2019-09-03 20:25:44,872 [SCMBlockDeletingService#1] DEBUG block.SCMBlockDeletingService (SCMBlockDeletingService.java:call(155)) - Scanned deleted blocks log and got 0 delTX to process.
2019-09-03 20:25:44,874 [grpc-default-executor-1] INFO  client.GrpcClientProtocolClient (GrpcClientProtocolClient.java:onNext(255)) - client-CB1B8AC74E59->81367453-3bf0-4298-8a83-8d5c3816df16: receive RaftClientReply:client-CB1B8AC74E59->81367453-3bf0-4298-8a83-8d5c3816df16@group-F6EC397515C5, cid=41, SUCCESS, logIndex=58, commits[81367453-3bf0-4298-8a83-8d5c3816df16:c59]
2019-09-03 20:25:44,875 [grpc-default-executor-1] INFO  client.GrpcClientProtocolClient (GrpcClientProtocolClient.java:onNext(255)) - client-CB1B8AC74E59->81367453-3bf0-4298-8a83-8d5c3816df16: receive RaftClientReply:client-CB1B8AC74E59->81367453-3bf0-4298-8a83-8d5c3816df16@group-F6EC397515C5, cid=42, SUCCESS, logIndex=59, commits[81367453-3bf0-4298-8a83-8d5c3816df16:c59]
2019-09-03 20:25:44,884 [grpc-default-executor-1] INFO  client.GrpcClientProtocolClient (GrpcClientProtocolClient.java:onNext(255)) - client-CB1B8AC74E59->81367453-3bf0-4298-8a83-8d5c3816df16: receive RaftClientReply:client-CB1B8AC74E59->81367453-3bf0-4298-8a83-8d5c3816df16@group-F6EC397515C5, cid=43, SUCCESS, logIndex=60, commits[81367453-3bf0-4298-8a83-8d5c3816df16:c61]
2019-09-03 20:25:44,885 [grpc-default-executor-1] INFO  client.GrpcClientProtocolClient (GrpcClientProtocolClient.java:onNext(255)) - client-CB1B8AC74E59->81367453-3bf0-4298-8a83-8d5c3816df16: receive RaftClientReply:client-CB1B8AC74E59->81367453-3bf0-4298-8a83-8d5c3816df16@group-F6EC397515C5, cid=44, SUCCESS, logIndex=61, commits[81367453-3bf0-4298-8a83-8d5c3816df16:c61]
2019-09-03 20:25:44,972 [SCMBlockDeletingService#1] DEBUG block.SCMBlockDeletingService (SCMBlockDeletingService.java:call(138)) - Running DeletedBlockTransactionScanner
2019-09-03 20:25:44,973 [SCMBlockDeletingService#1] DEBUG block.SCMBlockDeletingService (SCMBlockDeletingService.java:call(155)) - Scanned deleted blocks log and got 0 delTX to process.
2019-09-03 20:25:45,056 [grpc-default-executor-1] INFO  client.GrpcClientProtocolClient (GrpcClientProtocolClient.java:onNext(255)) - client-CB1B8AC74E59->81367453-3bf0-4298-8a83-8d5c3816df16: receive RaftClientReply:client-CB1B8AC74E59->81367453-3bf0-4298-8a83-8d5c3816df16@group-F6EC397515C5, cid=45, SUCCESS, logIndex=64, commits[81367453-3bf0-4298-8a83-8d5c3816df16:c65]
2019-09-03 20:25:45,058 [grpc-default-executor-1] INFO  client.GrpcClientProtocolClient (GrpcClientProtocolClient.java:onNext(255)) - client-CB1B8AC74E59->81367453-3bf0-4298-8a83-8d5c3816df16: receive RaftClientReply:client-CB1B8AC74E59->81367453-3bf0-4298-8a83-8d5c3816df16@group-F6EC397515C5, cid=46, SUCCESS, logIndex=65, commits[81367453-3bf0-4298-8a83-8d5c3816df16:c65]
2019-09-03 20:25:45,066 [grpc-default-executor-1] INFO  client.GrpcClientProtocolClient (GrpcClientProtocolClient.java:onNext(255)) - client-CB1B8AC74E59->81367453-3bf0-4298-8a83-8d5c3816df16: receive RaftClientReply:client-CB1B8AC74E59->81367453-3bf0-4298-8a83-8d5c3816df16@group-F6EC397515C5, cid=47, SUCCESS, logIndex=66, commits[81367453-3bf0-4298-8a83-8d5c3816df16:c69]
2019-09-03 20:25:45,068 [grpc-default-executor-1] INFO  client.GrpcClientProtocolClient (GrpcClientProtocolClient.java:onNext(255)) - client-CB1B8AC74E59->81367453-3bf0-4298-8a83-8d5c3816df16: receive RaftClientReply:client-CB1B8AC74E59->81367453-3bf0-4298-8a83-8d5c3816df16@group-F6EC397515C5, cid=48, SUCCESS, logIndex=67, commits[81367453-3bf0-4298-8a83-8d5c3816df16:c69]
2019-09-03 20:25:45,073 [SCMBlockDeletingService#1] DEBUG block.SCMBlockDeletingService (SCMBlockDeletingService.java:call(138)) - Running DeletedBlockTransactionScanner
2019-09-03 20:25:45,073 [SCMBlockDeletingService#1] DEBUG block.SCMBlockDeletingService (SCMBlockDeletingService.java:call(155)) - Scanned deleted blocks log and got 0 delTX to process.
2019-09-03 20:25:45,110 [grpc-default-executor-2] INFO  client.GrpcClientProtocolClient (GrpcClientProtocolClient.java:onNext(255)) - client-CB1B8AC74E59->81367453-3bf0-4298-8a83-8d5c3816df16: receive RaftClientReply:client-CB1B8AC74E59->81367453-3bf0-4298-8a83-8d5c3816df16@group-F6EC397515C5, cid=49, SUCCESS, logIndex=70, commits[81367453-3bf0-4298-8a83-8d5c3816df16:c71]
2019-09-03 20:25:45,111 [grpc-default-executor-2] INFO  client.GrpcClientProtocolClient (GrpcClientProtocolClient.java:onNext(255)) - client-CB1B8AC74E59->81367453-3bf0-4298-8a83-8d5c3816df16: receive RaftClientReply:client-CB1B8AC74E59->81367453-3bf0-4298-8a83-8d5c3816df16@group-F6EC397515C5, cid=50, SUCCESS, logIndex=71, commits[81367453-3bf0-4298-8a83-8d5c3816df16:c71]
2019-09-03 20:25:45,121 [grpc-default-executor-2] INFO  client.GrpcClientProtocolClient (GrpcClientProtocolClient.java:onNext(255)) - client-CB1B8AC74E59->81367453-3bf0-4298-8a83-8d5c3816df16: receive RaftClientReply:client-CB1B8AC74E59->81367453-3bf0-4298-8a83-8d5c3816df16@group-F6EC397515C5, cid=51, SUCCESS, logIndex=72, commits[81367453-3bf0-4298-8a83-8d5c3816df16:c74]
2019-09-03 20:25:45,122 [grpc-default-executor-2] INFO  client.GrpcClientProtocolClient (GrpcClientProtocolClient.java:onNext(255)) - client-CB1B8AC74E59->81367453-3bf0-4298-8a83-8d5c3816df16: receive RaftClientReply:client-CB1B8AC74E59->81367453-3bf0-4298-8a83-8d5c3816df16@group-F6EC397515C5, cid=52, SUCCESS, logIndex=73, commits[81367453-3bf0-4298-8a83-8d5c3816df16:c75]
2019-09-03 20:25:45,154 [grpc-default-executor-2] INFO  client.GrpcClientProtocolClient (GrpcClientProtocolClient.java:onNext(255)) - client-CB1B8AC74E59->81367453-3bf0-4298-8a83-8d5c3816df16: receive RaftClientReply:client-CB1B8AC74E59->81367453-3bf0-4298-8a83-8d5c3816df16@group-F6EC397515C5, cid=53, SUCCESS, logIndex=76, commits[81367453-3bf0-4298-8a83-8d5c3816df16:c77]
2019-09-03 20:25:45,155 [grpc-default-executor-2] INFO  client.GrpcClientProtocolClient (GrpcClientProtocolClient.java:onNext(255)) - client-CB1B8AC74E59->81367453-3bf0-4298-8a83-8d5c3816df16: receive RaftClientReply:client-CB1B8AC74E59->81367453-3bf0-4298-8a83-8d5c3816df16@group-F6EC397515C5, cid=54, SUCCESS, logIndex=77, commits[81367453-3bf0-4298-8a83-8d5c3816df16:c77]
2019-09-03 20:25:45,164 [grpc-default-executor-2] INFO  client.GrpcClientProtocolClient (GrpcClientProtocolClient.java:onNext(255)) - client-CB1B8AC74E59->81367453-3bf0-4298-8a83-8d5c3816df16: receive RaftClientReply:client-CB1B8AC74E59->81367453-3bf0-4298-8a83-8d5c3816df16@group-F6EC397515C5, cid=55, SUCCESS, logIndex=78, commits[81367453-3bf0-4298-8a83-8d5c3816df16:c79]
2019-09-03 20:25:45,164 [grpc-default-executor-2] INFO  client.GrpcClientProtocolClient (GrpcClientProtocolClient.java:onNext(255)) - client-CB1B8AC74E59->81367453-3bf0-4298-8a83-8d5c3816df16: receive RaftClientReply:client-CB1B8AC74E59->81367453-3bf0-4298-8a83-8d5c3816df16@group-F6EC397515C5, cid=56, SUCCESS, logIndex=79, commits[81367453-3bf0-4298-8a83-8d5c3816df16:c81]
2019-09-03 20:25:45,174 [SCMBlockDeletingService#1] DEBUG block.SCMBlockDeletingService (SCMBlockDeletingService.java:call(138)) - Running DeletedBlockTransactionScanner
2019-09-03 20:25:45,174 [SCMBlockDeletingService#1] DEBUG block.SCMBlockDeletingService (SCMBlockDeletingService.java:call(155)) - Scanned deleted blocks log and got 0 delTX to process.
2019-09-03 20:25:45,199 [grpc-default-executor-2] INFO  client.GrpcClientProtocolClient (GrpcClientProtocolClient.java:onNext(255)) - client-CB1B8AC74E59->81367453-3bf0-4298-8a83-8d5c3816df16: receive RaftClientReply:client-CB1B8AC74E59->81367453-3bf0-4298-8a83-8d5c3816df16@group-F6EC397515C5, cid=57, SUCCESS, logIndex=82, commits[81367453-3bf0-4298-8a83-8d5c3816df16:c85]
2019-09-03 20:25:45,201 [grpc-default-executor-2] INFO  client.GrpcClientProtocolClient (GrpcClientProtocolClient.java:onNext(255)) - client-CB1B8AC74E59->81367453-3bf0-4298-8a83-8d5c3816df16: receive RaftClientReply:client-CB1B8AC74E59->81367453-3bf0-4298-8a83-8d5c3816df16@group-F6EC397515C5, cid=58, SUCCESS, logIndex=83, commits[81367453-3bf0-4298-8a83-8d5c3816df16:c87]
2019-09-03 20:25:45,201 [grpc-default-executor-2] INFO  client.GrpcClientProtocolClient (GrpcClientProtocolClient.java:onNext(255)) - client-CB1B8AC74E59->81367453-3bf0-4298-8a83-8d5c3816df16: receive RaftClientReply:client-CB1B8AC74E59->81367453-3bf0-4298-8a83-8d5c3816df16@group-F6EC397515C5, cid=59, SUCCESS, logIndex=84, commits[81367453-3bf0-4298-8a83-8d5c3816df16:c87]
2019-09-03 20:25:45,202 [grpc-default-executor-2] INFO  client.GrpcClientProtocolClient (GrpcClientProtocolClient.java:onNext(255)) - client-CB1B8AC74E59->81367453-3bf0-4298-8a83-8d5c3816df16: receive RaftClientReply:client-CB1B8AC74E59->81367453-3bf0-4298-8a83-8d5c3816df16@group-F6EC397515C5, cid=60, SUCCESS, logIndex=85, commits[81367453-3bf0-4298-8a83-8d5c3816df16:c87]
2019-09-03 20:25:45,233 [grpc-default-executor-2] INFO  client.GrpcClientProtocolClient (GrpcClientProtocolClient.java:onNext(255)) - client-CB1B8AC74E59->81367453-3bf0-4298-8a83-8d5c3816df16: receive RaftClientReply:client-CB1B8AC74E59->81367453-3bf0-4298-8a83-8d5c3816df16@group-F6EC397515C5, cid=61, SUCCESS, logIndex=88, commits[81367453-3bf0-4298-8a83-8d5c3816df16:c91]
2019-09-03 20:25:45,234 [grpc-default-executor-2] INFO  client.GrpcClientProtocolClient (GrpcClientProtocolClient.java:onNext(255)) - client-CB1B8AC74E59->81367453-3bf0-4298-8a83-8d5c3816df16: receive RaftClientReply:client-CB1B8AC74E59->81367453-3bf0-4298-8a83-8d5c3816df16@group-F6EC397515C5, cid=62, SUCCESS, logIndex=89, commits[81367453-3bf0-4298-8a83-8d5c3816df16:c93]
2019-09-03 20:25:45,235 [grpc-default-executor-2] INFO  client.GrpcClientProtocolClient (GrpcClientProtocolClient.java:onNext(255)) - client-CB1B8AC74E59->81367453-3bf0-4298-8a83-8d5c3816df16: receive RaftClientReply:client-CB1B8AC74E59->81367453-3bf0-4298-8a83-8d5c3816df16@group-F6EC397515C5, cid=63, SUCCESS, logIndex=90, commits[81367453-3bf0-4298-8a83-8d5c3816df16:c93]
2019-09-03 20:25:45,235 [grpc-default-executor-2] INFO  client.GrpcClientProtocolClient (GrpcClientProtocolClient.java:onNext(255)) - client-CB1B8AC74E59->81367453-3bf0-4298-8a83-8d5c3816df16: receive RaftClientReply:client-CB1B8AC74E59->81367453-3bf0-4298-8a83-8d5c3816df16@group-F6EC397515C5, cid=64, SUCCESS, logIndex=91, commits[81367453-3bf0-4298-8a83-8d5c3816df16:c93]
2019-09-03 20:25:45,273 [grpc-default-executor-1] INFO  client.GrpcClientProtocolClient (GrpcClientProtocolClient.java:onNext(255)) - client-CB1B8AC74E59->81367453-3bf0-4298-8a83-8d5c3816df16: receive RaftClientReply:client-CB1B8AC74E59->81367453-3bf0-4298-8a83-8d5c3816df16@group-F6EC397515C5, cid=65, SUCCESS, logIndex=94, commits[81367453-3bf0-4298-8a83-8d5c3816df16:c97]
2019-09-03 20:25:45,274 [grpc-default-executor-1] INFO  client.GrpcClientProtocolClient (GrpcClientProtocolClient.java:onNext(255)) - client-CB1B8AC74E59->81367453-3bf0-4298-8a83-8d5c3816df16: receive RaftClientReply:client-CB1B8AC74E59->81367453-3bf0-4298-8a83-8d5c3816df16@group-F6EC397515C5, cid=66, SUCCESS, logIndex=95, commits[81367453-3bf0-4298-8a83-8d5c3816df16:c99]
2019-09-03 20:25:45,274 [SCMBlockDeletingService#1] DEBUG block.SCMBlockDeletingService (SCMBlockDeletingService.java:call(138)) - Running DeletedBlockTransactionScanner
2019-09-03 20:25:45,275 [SCMBlockDeletingService#1] DEBUG block.SCMBlockDeletingService (SCMBlockDeletingService.java:call(155)) - Scanned deleted blocks log and got 0 delTX to process.
2019-09-03 20:25:45,275 [grpc-default-executor-1] INFO  client.GrpcClientProtocolClient (GrpcClientProtocolClient.java:onNext(255)) - client-CB1B8AC74E59->81367453-3bf0-4298-8a83-8d5c3816df16: receive RaftClientReply:client-CB1B8AC74E59->81367453-3bf0-4298-8a83-8d5c3816df16@group-F6EC397515C5, cid=67, SUCCESS, logIndex=96, commits[81367453-3bf0-4298-8a83-8d5c3816df16:c99]
2019-09-03 20:25:45,275 [grpc-default-executor-1] INFO  client.GrpcClientProtocolClient (GrpcClientProtocolClient.java:onNext(255)) - client-CB1B8AC74E59->81367453-3bf0-4298-8a83-8d5c3816df16: receive RaftClientReply:client-CB1B8AC74E59->81367453-3bf0-4298-8a83-8d5c3816df16@group-F6EC397515C5, cid=68, SUCCESS, logIndex=97, commits[81367453-3bf0-4298-8a83-8d5c3816df16:c99]
2019-09-03 20:25:45,300 [grpc-default-executor-2] INFO  client.GrpcClientProtocolClient (GrpcClientProtocolClient.java:onNext(255)) - client-CB1B8AC74E59->81367453-3bf0-4298-8a83-8d5c3816df16: receive RaftClientReply:client-CB1B8AC74E59->81367453-3bf0-4298-8a83-8d5c3816df16@group-F6EC397515C5, cid=69, SUCCESS, logIndex=100, commits[81367453-3bf0-4298-8a83-8d5c3816df16:c103]
2019-09-03 20:25:45,301 [grpc-default-executor-2] INFO  client.GrpcClientProtocolClient (GrpcClientProtocolClient.java:onNext(255)) - client-CB1B8AC74E59->81367453-3bf0-4298-8a83-8d5c3816df16: receive RaftClientReply:client-CB1B8AC74E59->81367453-3bf0-4298-8a83-8d5c3816df16@group-F6EC397515C5, cid=70, SUCCESS, logIndex=101, commits[81367453-3bf0-4298-8a83-8d5c3816df16:c105]
2019-09-03 20:25:45,302 [grpc-default-executor-2] INFO  client.GrpcClientProtocolClient (GrpcClientProtocolClient.java:onNext(255)) - client-CB1B8AC74E59->81367453-3bf0-4298-8a83-8d5c3816df16: receive RaftClientReply:client-CB1B8AC74E59->81367453-3bf0-4298-8a83-8d5c3816df16@group-F6EC397515C5, cid=71, SUCCESS, logIndex=102, commits[81367453-3bf0-4298-8a83-8d5c3816df16:c105]
2019-09-03 20:25:45,303 [grpc-default-executor-2] INFO  client.GrpcClientProtocolClient (GrpcClientProtocolClient.java:onNext(255)) - client-CB1B8AC74E59->81367453-3bf0-4298-8a83-8d5c3816df16: receive RaftClientReply:client-CB1B8AC74E59->81367453-3bf0-4298-8a83-8d5c3816df16@group-F6EC397515C5, cid=72, SUCCESS, logIndex=103, commits[81367453-3bf0-4298-8a83-8d5c3816df16:c105]
2019-09-03 20:25:45,331 [grpc-default-executor-1] INFO  client.GrpcClientProtocolClient (GrpcClientProtocolClient.java:onNext(255)) - client-CB1B8AC74E59->81367453-3bf0-4298-8a83-8d5c3816df16: receive RaftClientReply:client-CB1B8AC74E59->81367453-3bf0-4298-8a83-8d5c3816df16@group-F6EC397515C5, cid=73, SUCCESS, logIndex=106, commits[81367453-3bf0-4298-8a83-8d5c3816df16:c107]
2019-09-03 20:25:45,333 [grpc-default-executor-1] INFO  client.GrpcClientProtocolClient (GrpcClientProtocolClient.java:onNext(255)) - client-CB1B8AC74E59->81367453-3bf0-4298-8a83-8d5c3816df16: receive RaftClientReply:client-CB1B8AC74E59->81367453-3bf0-4298-8a83-8d5c3816df16@group-F6EC397515C5, cid=74, SUCCESS, logIndex=107, commits[81367453-3bf0-4298-8a83-8d5c3816df16:c107]
2019-09-03 20:25:45,343 [grpc-default-executor-1] INFO  client.GrpcClientProtocolClient (GrpcClientProtocolClient.java:onNext(255)) - client-CB1B8AC74E59->81367453-3bf0-4298-8a83-8d5c3816df16: receive RaftClientReply:client-CB1B8AC74E59->81367453-3bf0-4298-8a83-8d5c3816df16@group-F6EC397515C5, cid=75, SUCCESS, logIndex=108, commits[81367453-3bf0-4298-8a83-8d5c3816df16:c109]
2019-09-03 20:25:45,343 [grpc-default-executor-1] INFO  client.GrpcClientProtocolClient (GrpcClientProtocolClient.java:onNext(255)) - client-CB1B8AC74E59->81367453-3bf0-4298-8a83-8d5c3816df16: receive RaftClientReply:client-CB1B8AC74E59->81367453-3bf0-4298-8a83-8d5c3816df16@group-F6EC397515C5, cid=76, SUCCESS, logIndex=109, commits[81367453-3bf0-4298-8a83-8d5c3816df16:c109]
2019-09-03 20:25:45,375 [SCMBlockDeletingService#1] DEBUG block.SCMBlockDeletingService (SCMBlockDeletingService.java:call(138)) - Running DeletedBlockTransactionScanner
2019-09-03 20:25:45,376 [SCMBlockDeletingService#1] DEBUG block.SCMBlockDeletingService (SCMBlockDeletingService.java:call(155)) - Scanned deleted blocks log and got 0 delTX to process.
2019-09-03 20:25:45,380 [grpc-default-executor-2] INFO  client.GrpcClientProtocolClient (GrpcClientProtocolClient.java:onNext(255)) - client-CB1B8AC74E59->81367453-3bf0-4298-8a83-8d5c3816df16: receive RaftClientReply:client-CB1B8AC74E59->81367453-3bf0-4298-8a83-8d5c3816df16@group-F6EC397515C5, cid=77, SUCCESS, logIndex=112, commits[81367453-3bf0-4298-8a83-8d5c3816df16:c115]
2019-09-03 20:25:45,381 [grpc-default-executor-2] INFO  client.GrpcClientProtocolClient (GrpcClientProtocolClient.java:onNext(255)) - client-CB1B8AC74E59->81367453-3bf0-4298-8a83-8d5c3816df16: receive RaftClientReply:client-CB1B8AC74E59->81367453-3bf0-4298-8a83-8d5c3816df16@group-F6EC397515C5, cid=78, SUCCESS, logIndex=113, commits[81367453-3bf0-4298-8a83-8d5c3816df16:c117]
2019-09-03 20:25:45,381 [grpc-default-executor-2] INFO  client.GrpcClientProtocolClient (GrpcClientProtocolClient.java:onNext(255)) - client-CB1B8AC74E59->81367453-3bf0-4298-8a83-8d5c3816df16: receive RaftClientReply:client-CB1B8AC74E59->81367453-3bf0-4298-8a83-8d5c3816df16@group-F6EC397515C5, cid=79, SUCCESS, logIndex=114, commits[81367453-3bf0-4298-8a83-8d5c3816df16:c117]
2019-09-03 20:25:45,382 [grpc-default-executor-2] INFO  client.GrpcClientProtocolClient (GrpcClientProtocolClient.java:onNext(255)) - client-CB1B8AC74E59->81367453-3bf0-4298-8a83-8d5c3816df16: receive RaftClientReply:client-CB1B8AC74E59->81367453-3bf0-4298-8a83-8d5c3816df16@group-F6EC397515C5, cid=80, SUCCESS, logIndex=115, commits[81367453-3bf0-4298-8a83-8d5c3816df16:c117]
2019-09-03 20:25:45,423 [grpc-default-executor-2] INFO  client.GrpcClientProtocolClient (GrpcClientProtocolClient.java:onNext(255)) - client-CB1B8AC74E59->81367453-3bf0-4298-8a83-8d5c3816df16: receive RaftClientReply:client-CB1B8AC74E59->81367453-3bf0-4298-8a83-8d5c3816df16@group-F6EC397515C5, cid=81, SUCCESS, logIndex=118, commits[81367453-3bf0-4298-8a83-8d5c3816df16:c121]
2019-09-03 20:25:45,424 [grpc-default-executor-2] INFO  client.GrpcClientProtocolClient (GrpcClientProtocolClient.java:onNext(255)) - client-CB1B8AC74E59->81367453-3bf0-4298-8a83-8d5c3816df16: receive RaftClientReply:client-CB1B8AC74E59->81367453-3bf0-4298-8a83-8d5c3816df16@group-F6EC397515C5, cid=82, SUCCESS, logIndex=119, commits[81367453-3bf0-4298-8a83-8d5c3816df16:c123]
2019-09-03 20:25:45,425 [grpc-default-executor-2] INFO  client.GrpcClientProtocolClient (GrpcClientProtocolClient.java:onNext(255)) - client-CB1B8AC74E59->81367453-3bf0-4298-8a83-8d5c3816df16: receive RaftClientReply:client-CB1B8AC74E59->81367453-3bf0-4298-8a83-8d5c3816df16@group-F6EC397515C5, cid=83, SUCCESS, logIndex=120, commits[81367453-3bf0-4298-8a83-8d5c3816df16:c123]
2019-09-03 20:25:45,426 [grpc-default-executor-2] INFO  client.GrpcClientProtocolClient (GrpcClientProtocolClient.java:onNext(255)) - client-CB1B8AC74E59->81367453-3bf0-4298-8a83-8d5c3816df16: receive RaftClientReply:client-CB1B8AC74E59->81367453-3bf0-4298-8a83-8d5c3816df16@group-F6EC397515C5, cid=84, SUCCESS, logIndex=121, commits[81367453-3bf0-4298-8a83-8d5c3816df16:c123]
2019-09-03 20:25:45,456 [grpc-default-executor-2] INFO  client.GrpcClientProtocolClient (GrpcClientProtocolClient.java:onNext(255)) - client-CB1B8AC74E59->81367453-3bf0-4298-8a83-8d5c3816df16: receive RaftClientReply:client-CB1B8AC74E59->81367453-3bf0-4298-8a83-8d5c3816df16@group-F6EC397515C5, cid=85, SUCCESS, logIndex=124, commits[81367453-3bf0-4298-8a83-8d5c3816df16:c125]
2019-09-03 20:25:45,457 [grpc-default-executor-2] INFO  client.GrpcClientProtocolClient (GrpcClientProtocolClient.java:onNext(255)) - client-CB1B8AC74E59->81367453-3bf0-4298-8a83-8d5c3816df16: receive RaftClientReply:client-CB1B8AC74E59->81367453-3bf0-4298-8a83-8d5c3816df16@group-F6EC397515C5, cid=86, SUCCESS, logIndex=125, commits[81367453-3bf0-4298-8a83-8d5c3816df16:c125]
2019-09-03 20:25:45,466 [grpc-default-executor-2] INFO  client.GrpcClientProtocolClient (GrpcClientProtocolClient.java:onNext(255)) - client-CB1B8AC74E59->81367453-3bf0-4298-8a83-8d5c3816df16: receive RaftClientReply:client-CB1B8AC74E59->81367453-3bf0-4298-8a83-8d5c3816df16@group-F6EC397515C5, cid=87, SUCCESS, logIndex=126, commits[81367453-3bf0-4298-8a83-8d5c3816df16:c128]
2019-09-03 20:25:45,468 [grpc-default-executor-2] INFO  client.GrpcClientProtocolClient (GrpcClientProtocolClient.java:onNext(255)) - client-CB1B8AC74E59->81367453-3bf0-4298-8a83-8d5c3816df16: receive RaftClientReply:client-CB1B8AC74E59->81367453-3bf0-4298-8a83-8d5c3816df16@group-F6EC397515C5, cid=88, SUCCESS, logIndex=127, commits[81367453-3bf0-4298-8a83-8d5c3816df16:c129]
2019-09-03 20:25:45,476 [SCMBlockDeletingService#1] DEBUG block.SCMBlockDeletingService (SCMBlockDeletingService.java:call(138)) - Running DeletedBlockTransactionScanner
2019-09-03 20:25:45,477 [SCMBlockDeletingService#1] DEBUG block.SCMBlockDeletingService (SCMBlockDeletingService.java:call(155)) - Scanned deleted blocks log and got 0 delTX to process.
2019-09-03 20:25:45,577 [SCMBlockDeletingService#1] DEBUG block.SCMBlockDeletingService (SCMBlockDeletingService.java:call(138)) - Running DeletedBlockTransactionScanner
2019-09-03 20:25:45,577 [SCMBlockDeletingService#1] DEBUG block.SCMBlockDeletingService (SCMBlockDeletingService.java:call(155)) - Scanned deleted blocks log and got 0 delTX to process.
2019-09-03 20:25:45,600 [grpc-default-executor-1] INFO  client.GrpcClientProtocolClient (GrpcClientProtocolClient.java:onNext(255)) - client-CB1B8AC74E59->81367453-3bf0-4298-8a83-8d5c3816df16: receive RaftClientReply:client-CB1B8AC74E59->81367453-3bf0-4298-8a83-8d5c3816df16@group-F6EC397515C5, cid=89, SUCCESS, logIndex=130, commits[81367453-3bf0-4298-8a83-8d5c3816df16:c133]
2019-09-03 20:25:45,601 [grpc-default-executor-1] INFO  client.GrpcClientProtocolClient (GrpcClientProtocolClient.java:onNext(255)) - client-CB1B8AC74E59->81367453-3bf0-4298-8a83-8d5c3816df16: receive RaftClientReply:client-CB1B8AC74E59->81367453-3bf0-4298-8a83-8d5c3816df16@group-F6EC397515C5, cid=90, SUCCESS, logIndex=131, commits[81367453-3bf0-4298-8a83-8d5c3816df16:c134]
2019-09-03 20:25:45,602 [grpc-default-executor-1] INFO  client.GrpcClientProtocolClient (GrpcClientProtocolClient.java:onNext(255)) - client-CB1B8AC74E59->81367453-3bf0-4298-8a83-8d5c3816df16: receive RaftClientReply:client-CB1B8AC74E59->81367453-3bf0-4298-8a83-8d5c3816df16@group-F6EC397515C5, cid=91, SUCCESS, logIndex=132, commits[81367453-3bf0-4298-8a83-8d5c3816df16:c135]
2019-09-03 20:25:45,603 [grpc-default-executor-1] INFO  client.GrpcClientProtocolClient (GrpcClientProtocolClient.java:onNext(255)) - client-CB1B8AC74E59->81367453-3bf0-4298-8a83-8d5c3816df16: receive RaftClientReply:client-CB1B8AC74E59->81367453-3bf0-4298-8a83-8d5c3816df16@group-F6EC397515C5, cid=92, SUCCESS, logIndex=133, commits[81367453-3bf0-4298-8a83-8d5c3816df16:c135]
2019-09-03 20:25:45,632 [grpc-default-executor-1] INFO  client.GrpcClientProtocolClient (GrpcClientProtocolClient.java:onNext(255)) - client-CB1B8AC74E59->81367453-3bf0-4298-8a83-8d5c3816df16: receive RaftClientReply:client-CB1B8AC74E59->81367453-3bf0-4298-8a83-8d5c3816df16@group-F6EC397515C5, cid=93, SUCCESS, logIndex=136, commits[81367453-3bf0-4298-8a83-8d5c3816df16:c137]
2019-09-03 20:25:45,632 [grpc-default-executor-1] INFO  client.GrpcClientProtocolClient (GrpcClientProtocolClient.java:onNext(255)) - client-CB1B8AC74E59->81367453-3bf0-4298-8a83-8d5c3816df16: receive RaftClientReply:client-CB1B8AC74E59->81367453-3bf0-4298-8a83-8d5c3816df16@group-F6EC397515C5, cid=94, SUCCESS, logIndex=137, commits[81367453-3bf0-4298-8a83-8d5c3816df16:c137]
2019-09-03 20:25:45,643 [grpc-default-executor-1] INFO  client.GrpcClientProtocolClient (GrpcClientProtocolClient.java:onNext(255)) - client-CB1B8AC74E59->81367453-3bf0-4298-8a83-8d5c3816df16: receive RaftClientReply:client-CB1B8AC74E59->81367453-3bf0-4298-8a83-8d5c3816df16@group-F6EC397515C5, cid=95, SUCCESS, logIndex=138, commits[81367453-3bf0-4298-8a83-8d5c3816df16:c140]
2019-09-03 20:25:45,644 [grpc-default-executor-1] INFO  client.GrpcClientProtocolClient (GrpcClientProtocolClient.java:onNext(255)) - client-CB1B8AC74E59->81367453-3bf0-4298-8a83-8d5c3816df16: receive RaftClientReply:client-CB1B8AC74E59->81367453-3bf0-4298-8a83-8d5c3816df16@group-F6EC397515C5, cid=96, SUCCESS, logIndex=139, commits[81367453-3bf0-4298-8a83-8d5c3816df16:c141]
2019-09-03 20:25:45,678 [SCMBlockDeletingService#1] DEBUG block.SCMBlockDeletingService (SCMBlockDeletingService.java:call(138)) - Running DeletedBlockTransactionScanner
2019-09-03 20:25:45,678 [SCMBlockDeletingService#1] DEBUG block.SCMBlockDeletingService (SCMBlockDeletingService.java:call(155)) - Scanned deleted blocks log and got 0 delTX to process.
2019-09-03 20:25:45,685 [grpc-default-executor-1] INFO  client.GrpcClientProtocolClient (GrpcClientProtocolClient.java:onNext(255)) - client-CB1B8AC74E59->81367453-3bf0-4298-8a83-8d5c3816df16: receive RaftClientReply:client-CB1B8AC74E59->81367453-3bf0-4298-8a83-8d5c3816df16@group-F6EC397515C5, cid=97, SUCCESS, logIndex=142, commits[81367453-3bf0-4298-8a83-8d5c3816df16:c145]
2019-09-03 20:25:45,687 [grpc-default-executor-1] INFO  client.GrpcClientProtocolClient (GrpcClientProtocolClient.java:onNext(255)) - client-CB1B8AC74E59->81367453-3bf0-4298-8a83-8d5c3816df16: receive RaftClientReply:client-CB1B8AC74E59->81367453-3bf0-4298-8a83-8d5c3816df16@group-F6EC397515C5, cid=98, SUCCESS, logIndex=143, commits[81367453-3bf0-4298-8a83-8d5c3816df16:c147]
2019-09-03 20:25:45,687 [grpc-default-executor-1] INFO  client.GrpcClientProtocolClient (GrpcClientProtocolClient.java:onNext(255)) - client-CB1B8AC74E59->81367453-3bf0-4298-8a83-8d5c3816df16: receive RaftClientReply:client-CB1B8AC74E59->81367453-3bf0-4298-8a83-8d5c3816df16@group-F6EC397515C5, cid=99, SUCCESS, logIndex=144, commits[81367453-3bf0-4298-8a83-8d5c3816df16:c147]
2019-09-03 20:25:45,688 [grpc-default-executor-1] INFO  client.GrpcClientProtocolClient (GrpcClientProtocolClient.java:onNext(255)) - client-CB1B8AC74E59->81367453-3bf0-4298-8a83-8d5c3816df16: receive RaftClientReply:client-CB1B8AC74E59->81367453-3bf0-4298-8a83-8d5c3816df16@group-F6EC397515C5, cid=100, SUCCESS, logIndex=145, commits[81367453-3bf0-4298-8a83-8d5c3816df16:c147]
2019-09-03 20:25:45,715 [grpc-default-executor-1] INFO  client.GrpcClientProtocolClient (GrpcClientProtocolClient.java:onNext(255)) - client-CB1B8AC74E59->81367453-3bf0-4298-8a83-8d5c3816df16: receive RaftClientReply:client-CB1B8AC74E59->81367453-3bf0-4298-8a83-8d5c3816df16@group-F6EC397515C5, cid=101, SUCCESS, logIndex=148, commits[81367453-3bf0-4298-8a83-8d5c3816df16:c151]
2019-09-03 20:25:45,716 [grpc-default-executor-1] INFO  client.GrpcClientProtocolClient (GrpcClientProtocolClient.java:onNext(255)) - client-CB1B8AC74E59->81367453-3bf0-4298-8a83-8d5c3816df16: receive RaftClientReply:client-CB1B8AC74E59->81367453-3bf0-4298-8a83-8d5c3816df16@group-F6EC397515C5, cid=102, SUCCESS, logIndex=149, commits[81367453-3bf0-4298-8a83-8d5c3816df16:c153]
2019-09-03 20:25:45,717 [grpc-default-executor-1] INFO  client.GrpcClientProtocolClient (GrpcClientProtocolClient.java:onNext(255)) - client-CB1B8AC74E59->81367453-3bf0-4298-8a83-8d5c3816df16: receive RaftClientReply:client-CB1B8AC74E59->81367453-3bf0-4298-8a83-8d5c3816df16@group-F6EC397515C5, cid=103, SUCCESS, logIndex=150, commits[81367453-3bf0-4298-8a83-8d5c3816df16:c153]
2019-09-03 20:25:45,718 [grpc-default-executor-1] INFO  client.GrpcClientProtocolClient (GrpcClientProtocolClient.java:onNext(255)) - client-CB1B8AC74E59->81367453-3bf0-4298-8a83-8d5c3816df16: receive RaftClientReply:client-CB1B8AC74E59->81367453-3bf0-4298-8a83-8d5c3816df16@group-F6EC397515C5, cid=104, SUCCESS, logIndex=151, commits[81367453-3bf0-4298-8a83-8d5c3816df16:c153]
2019-09-03 20:25:45,756 [grpc-default-executor-1] INFO  client.GrpcClientProtocolClient (GrpcClientProtocolClient.java:onNext(255)) - client-CB1B8AC74E59->81367453-3bf0-4298-8a83-8d5c3816df16: receive RaftClientReply:client-CB1B8AC74E59->81367453-3bf0-4298-8a83-8d5c3816df16@group-F6EC397515C5, cid=105, SUCCESS, logIndex=154, commits[81367453-3bf0-4298-8a83-8d5c3816df16:c157]
2019-09-03 20:25:45,757 [grpc-default-executor-1] INFO  client.GrpcClientProtocolClient (GrpcClientProtocolClient.java:onNext(255)) - client-CB1B8AC74E59->81367453-3bf0-4298-8a83-8d5c3816df16: receive RaftClientReply:client-CB1B8AC74E59->81367453-3bf0-4298-8a83-8d5c3816df16@group-F6EC397515C5, cid=106, SUCCESS, logIndex=155, commits[81367453-3bf0-4298-8a83-8d5c3816df16:c158]
2019-09-03 20:25:45,758 [grpc-default-executor-1] INFO  client.GrpcClientProtocolClient (GrpcClientProtocolClient.java:onNext(255)) - client-CB1B8AC74E59->81367453-3bf0-4298-8a83-8d5c3816df16: receive RaftClientReply:client-CB1B8AC74E59->81367453-3bf0-4298-8a83-8d5c3816df16@group-F6EC397515C5, cid=107, SUCCESS, logIndex=156, commits[81367453-3bf0-4298-8a83-8d5c3816df16:c159]
2019-09-03 20:25:45,758 [grpc-default-executor-1] INFO  client.GrpcClientProtocolClient (GrpcClientProtocolClient.java:onNext(255)) - client-CB1B8AC74E59->81367453-3bf0-4298-8a83-8d5c3816df16: receive RaftClientReply:client-CB1B8AC74E59->81367453-3bf0-4298-8a83-8d5c3816df16@group-F6EC397515C5, cid=108, SUCCESS, logIndex=157, commits[81367453-3bf0-4298-8a83-8d5c3816df16:c159]
2019-09-03 20:25:45,778 [SCMBlockDeletingService#1] DEBUG block.SCMBlockDeletingService (SCMBlockDeletingService.java:call(138)) - Running DeletedBlockTransactionScanner
2019-09-03 20:25:45,779 [SCMBlockDeletingService#1] DEBUG block.SCMBlockDeletingService (SCMBlockDeletingService.java:call(155)) - Scanned deleted blocks log and got 0 delTX to process.
2019-09-03 20:25:45,800 [grpc-default-executor-2] INFO  client.GrpcClientProtocolClient (GrpcClientProtocolClient.java:onNext(255)) - client-CB1B8AC74E59->81367453-3bf0-4298-8a83-8d5c3816df16: receive RaftClientReply:client-CB1B8AC74E59->81367453-3bf0-4298-8a83-8d5c3816df16@group-F6EC397515C5, cid=109, SUCCESS, logIndex=160, commits[81367453-3bf0-4298-8a83-8d5c3816df16:c161]
2019-09-03 20:25:45,801 [grpc-default-executor-2] INFO  client.GrpcClientProtocolClient (GrpcClientProtocolClient.java:onNext(255)) - client-CB1B8AC74E59->81367453-3bf0-4298-8a83-8d5c3816df16: receive RaftClientReply:client-CB1B8AC74E59->81367453-3bf0-4298-8a83-8d5c3816df16@group-F6EC397515C5, cid=110, SUCCESS, logIndex=161, commits[81367453-3bf0-4298-8a83-8d5c3816df16:c161]
2019-09-03 20:25:45,814 [grpc-default-executor-2] INFO  client.GrpcClientProtocolClient (GrpcClientProtocolClient.java:onNext(255)) - client-CB1B8AC74E59->81367453-3bf0-4298-8a83-8d5c3816df16: receive RaftClientReply:client-CB1B8AC74E59->81367453-3bf0-4298-8a83-8d5c3816df16@group-F6EC397515C5, cid=111, SUCCESS, logIndex=162, commits[81367453-3bf0-4298-8a83-8d5c3816df16:c164]
2019-09-03 20:25:45,815 [grpc-default-executor-2] INFO  client.GrpcClientProtocolClient (GrpcClientProtocolClient.java:onNext(255)) - client-CB1B8AC74E59->81367453-3bf0-4298-8a83-8d5c3816df16: receive RaftClientReply:client-CB1B8AC74E59->81367453-3bf0-4298-8a83-8d5c3816df16@group-F6EC397515C5, cid=112, SUCCESS, logIndex=163, commits[81367453-3bf0-4298-8a83-8d5c3816df16:c164]
2019-09-03 20:25:45,856 [grpc-default-executor-1] INFO  client.GrpcClientProtocolClient (GrpcClientProtocolClient.java:onNext(255)) - client-CB1B8AC74E59->81367453-3bf0-4298-8a83-8d5c3816df16: receive RaftClientReply:client-CB1B8AC74E59->81367453-3bf0-4298-8a83-8d5c3816df16@group-F6EC397515C5, cid=113, SUCCESS, logIndex=165, commits[81367453-3bf0-4298-8a83-8d5c3816df16:c168]
2019-09-03 20:25:45,857 [grpc-default-executor-1] INFO  client.GrpcClientProtocolClient (GrpcClientProtocolClient.java:onNext(255)) - client-CB1B8AC74E59->81367453-3bf0-4298-8a83-8d5c3816df16: receive RaftClientReply:client-CB1B8AC74E59->81367453-3bf0-4298-8a83-8d5c3816df16@group-F6EC397515C5, cid=114, SUCCESS, logIndex=166, commits[81367453-3bf0-4298-8a83-8d5c3816df16:c169]
2019-09-03 20:25:45,857 [grpc-default-executor-1] INFO  client.GrpcClientProtocolClient (GrpcClientProtocolClient.java:onNext(255)) - client-CB1B8AC74E59->81367453-3bf0-4298-8a83-8d5c3816df16: receive RaftClientReply:client-CB1B8AC74E59->81367453-3bf0-4298-8a83-8d5c3816df16@group-F6EC397515C5, cid=115, SUCCESS, logIndex=167, commits[81367453-3bf0-4298-8a83-8d5c3816df16:c170]
2019-09-03 20:25:45,859 [grpc-default-executor-1] INFO  client.GrpcClientProtocolClient (GrpcClientProtocolClient.java:onNext(255)) - client-CB1B8AC74E59->81367453-3bf0-4298-8a83-8d5c3816df16: receive RaftClientReply:client-CB1B8AC74E59->81367453-3bf0-4298-8a83-8d5c3816df16@group-F6EC397515C5, cid=116, SUCCESS, logIndex=168, commits[81367453-3bf0-4298-8a83-8d5c3816df16:c170]
2019-09-03 20:25:45,879 [SCMBlockDeletingService#1] DEBUG block.SCMBlockDeletingService (SCMBlockDeletingService.java:call(138)) - Running DeletedBlockTransactionScanner
2019-09-03 20:25:45,880 [SCMBlockDeletingService#1] DEBUG block.SCMBlockDeletingService (SCMBlockDeletingService.java:call(155)) - Scanned deleted blocks log and got 0 delTX to process.
2019-09-03 20:25:45,888 [grpc-default-executor-1] INFO  client.GrpcClientProtocolClient (GrpcClientProtocolClient.java:onNext(255)) - client-CB1B8AC74E59->81367453-3bf0-4298-8a83-8d5c3816df16: receive RaftClientReply:client-CB1B8AC74E59->81367453-3bf0-4298-8a83-8d5c3816df16@group-F6EC397515C5, cid=117, SUCCESS, logIndex=171, commits[81367453-3bf0-4298-8a83-8d5c3816df16:c172]
2019-09-03 20:25:45,889 [grpc-default-executor-1] INFO  client.GrpcClientProtocolClient (GrpcClientProtocolClient.java:onNext(255)) - client-CB1B8AC74E59->81367453-3bf0-4298-8a83-8d5c3816df16: receive RaftClientReply:client-CB1B8AC74E59->81367453-3bf0-4298-8a83-8d5c3816df16@group-F6EC397515C5, cid=118, SUCCESS, logIndex=172, commits[81367453-3bf0-4298-8a83-8d5c3816df16:c172]
2019-09-03 20:25:45,901 [grpc-default-executor-1] INFO  client.GrpcClientProtocolClient (GrpcClientProtocolClient.java:onNext(255)) - client-CB1B8AC74E59->81367453-3bf0-4298-8a83-8d5c3816df16: receive RaftClientReply:client-CB1B8AC74E59->81367453-3bf0-4298-8a83-8d5c3816df16@group-F6EC397515C5, cid=119, SUCCESS, logIndex=173, commits[81367453-3bf0-4298-8a83-8d5c3816df16:c175]
2019-09-03 20:25:45,902 [grpc-default-executor-1] INFO  client.GrpcClientProtocolClient (GrpcClientProtocolClient.java:onNext(255)) - client-CB1B8AC74E59->81367453-3bf0-4298-8a83-8d5c3816df16: receive RaftClientReply:client-CB1B8AC74E59->81367453-3bf0-4298-8a83-8d5c3816df16@group-F6EC397515C5, cid=120, SUCCESS, logIndex=174, commits[81367453-3bf0-4298-8a83-8d5c3816df16:c175]
2019-09-03 20:25:45,947 [grpc-default-executor-2] INFO  client.GrpcClientProtocolClient (GrpcClientProtocolClient.java:onNext(255)) - client-CB1B8AC74E59->81367453-3bf0-4298-8a83-8d5c3816df16: receive RaftClientReply:client-CB1B8AC74E59->81367453-3bf0-4298-8a83-8d5c3816df16@group-F6EC397515C5, cid=121, SUCCESS, logIndex=176, commits[81367453-3bf0-4298-8a83-8d5c3816df16:c177]
2019-09-03 20:25:45,949 [grpc-default-executor-2] INFO  client.GrpcClientProtocolClient (GrpcClientProtocolClient.java:onNext(255)) - client-CB1B8AC74E59->81367453-3bf0-4298-8a83-8d5c3816df16: receive RaftClientReply:client-CB1B8AC74E59->81367453-3bf0-4298-8a83-8d5c3816df16@group-F6EC397515C5, cid=122, SUCCESS, logIndex=177, commits[81367453-3bf0-4298-8a83-8d5c3816df16:c177]
2019-09-03 20:25:45,961 [grpc-default-executor-2] INFO  client.GrpcClientProtocolClient (GrpcClientProtocolClient.java:onNext(255)) - client-CB1B8AC74E59->81367453-3bf0-4298-8a83-8d5c3816df16: receive RaftClientReply:client-CB1B8AC74E59->81367453-3bf0-4298-8a83-8d5c3816df16@group-F6EC397515C5, cid=123, SUCCESS, logIndex=178, commits[81367453-3bf0-4298-8a83-8d5c3816df16:c179]
2019-09-03 20:25:45,961 [grpc-default-executor-2] INFO  client.GrpcClientProtocolClient (GrpcClientProtocolClient.java:onNext(255)) - client-CB1B8AC74E59->81367453-3bf0-4298-8a83-8d5c3816df16: receive RaftClientReply:client-CB1B8AC74E59->81367453-3bf0-4298-8a83-8d5c3816df16@group-F6EC397515C5, cid=124, SUCCESS, logIndex=179, commits[81367453-3bf0-4298-8a83-8d5c3816df16:c181]
2019-09-03 20:25:45,980 [SCMBlockDeletingService#1] DEBUG block.SCMBlockDeletingService (SCMBlockDeletingService.java:call(138)) - Running DeletedBlockTransactionScanner
2019-09-03 20:25:45,981 [SCMBlockDeletingService#1] DEBUG block.SCMBlockDeletingService (SCMBlockDeletingService.java:call(155)) - Scanned deleted blocks log and got 0 delTX to process.
2019-09-03 20:25:45,990 [grpc-default-executor-1] INFO  client.GrpcClientProtocolClient (GrpcClientProtocolClient.java:onNext(255)) - client-CB1B8AC74E59->81367453-3bf0-4298-8a83-8d5c3816df16: receive RaftClientReply:client-CB1B8AC74E59->81367453-3bf0-4298-8a83-8d5c3816df16@group-F6EC397515C5, cid=125, SUCCESS, logIndex=182, commits[81367453-3bf0-4298-8a83-8d5c3816df16:c185]
2019-09-03 20:25:45,990 [grpc-default-executor-1] INFO  client.GrpcClientProtocolClient (GrpcClientProtocolClient.java:onNext(255)) - client-CB1B8AC74E59->81367453-3bf0-4298-8a83-8d5c3816df16: receive RaftClientReply:client-CB1B8AC74E59->81367453-3bf0-4298-8a83-8d5c3816df16@group-F6EC397515C5, cid=126, SUCCESS, logIndex=183, commits[81367453-3bf0-4298-8a83-8d5c3816df16:c186]
2019-09-03 20:25:45,991 [grpc-default-executor-1] INFO  client.GrpcClientProtocolClient (GrpcClientProtocolClient.java:onNext(255)) - client-CB1B8AC74E59->81367453-3bf0-4298-8a83-8d5c3816df16: receive RaftClientReply:client-CB1B8AC74E59->81367453-3bf0-4298-8a83-8d5c3816df16@group-F6EC397515C5, cid=127, SUCCESS, logIndex=184, commits[81367453-3bf0-4298-8a83-8d5c3816df16:c187]
2019-09-03 20:25:45,992 [grpc-default-executor-1] INFO  client.GrpcClientProtocolClient (GrpcClientProtocolClient.java:onNext(255)) - client-CB1B8AC74E59->81367453-3bf0-4298-8a83-8d5c3816df16: receive RaftClientReply:client-CB1B8AC74E59->81367453-3bf0-4298-8a83-8d5c3816df16@group-F6EC397515C5, cid=128, SUCCESS, logIndex=185, commits[81367453-3bf0-4298-8a83-8d5c3816df16:c187]
2019-09-03 20:25:46,029 [grpc-default-executor-2] INFO  client.GrpcClientProtocolClient (GrpcClientProtocolClient.java:onNext(255)) - client-CB1B8AC74E59->81367453-3bf0-4298-8a83-8d5c3816df16: receive RaftClientReply:client-CB1B8AC74E59->81367453-3bf0-4298-8a83-8d5c3816df16@group-F6EC397515C5, cid=129, SUCCESS, logIndex=188, commits[81367453-3bf0-4298-8a83-8d5c3816df16:c191]
2019-09-03 20:25:46,030 [grpc-default-executor-2] INFO  client.GrpcClientProtocolClient (GrpcClientProtocolClient.java:onNext(255)) - client-CB1B8AC74E59->81367453-3bf0-4298-8a83-8d5c3816df16: receive RaftClientReply:client-CB1B8AC74E59->81367453-3bf0-4298-8a83-8d5c3816df16@group-F6EC397515C5, cid=130, SUCCESS, logIndex=189, commits[81367453-3bf0-4298-8a83-8d5c3816df16:c192]
2019-09-03 20:25:46,031 [grpc-default-executor-2] INFO  client.GrpcClientProtocolClient (GrpcClientProtocolClient.java:onNext(255)) - client-CB1B8AC74E59->81367453-3bf0-4298-8a83-8d5c3816df16: receive RaftClientReply:client-CB1B8AC74E59->81367453-3bf0-4298-8a83-8d5c3816df16@group-F6EC397515C5, cid=131, SUCCESS, logIndex=190, commits[81367453-3bf0-4298-8a83-8d5c3816df16:c192]
2019-09-03 20:25:46,031 [grpc-default-executor-2] INFO  client.GrpcClientProtocolClient (GrpcClientProtocolClient.java:onNext(255)) - client-CB1B8AC74E59->81367453-3bf0-4298-8a83-8d5c3816df16: receive RaftClientReply:client-CB1B8AC74E59->81367453-3bf0-4298-8a83-8d5c3816df16@group-F6EC397515C5, cid=132, SUCCESS, logIndex=191, commits[81367453-3bf0-4298-8a83-8d5c3816df16:c193]
2019-09-03 20:25:46,163 [SCMBlockDeletingService#1] DEBUG block.SCMBlockDeletingService (SCMBlockDeletingService.java:call(138)) - Running DeletedBlockTransactionScanner
2019-09-03 20:25:46,186 [SCMBlockDeletingService#1] DEBUG block.SCMBlockDeletingService (SCMBlockDeletingService.java:call(155)) - Scanned deleted blocks log and got 0 delTX to process.
2019-09-03 20:25:46,287 [SCMBlockDeletingService#1] DEBUG block.SCMBlockDeletingService (SCMBlockDeletingService.java:call(138)) - Running DeletedBlockTransactionScanner
2019-09-03 20:25:46,287 [SCMBlockDeletingService#1] DEBUG block.SCMBlockDeletingService (SCMBlockDeletingService.java:call(155)) - Scanned deleted blocks log and got 0 delTX to process.
2019-09-03 20:25:46,329 [grpc-default-executor-2] INFO  client.GrpcClientProtocolClient (GrpcClientProtocolClient.java:onNext(255)) - client-CB1B8AC74E59->81367453-3bf0-4298-8a83-8d5c3816df16: receive RaftClientReply:client-CB1B8AC74E59->81367453-3bf0-4298-8a83-8d5c3816df16@group-F6EC397515C5, cid=133, SUCCESS, logIndex=194, commits[81367453-3bf0-4298-8a83-8d5c3816df16:c195]
2019-09-03 20:25:46,330 [grpc-default-executor-2] INFO  client.GrpcClientProtocolClient (GrpcClientProtocolClient.java:onNext(255)) - client-CB1B8AC74E59->81367453-3bf0-4298-8a83-8d5c3816df16: receive RaftClientReply:client-CB1B8AC74E59->81367453-3bf0-4298-8a83-8d5c3816df16@group-F6EC397515C5, cid=134, SUCCESS, logIndex=195, commits[81367453-3bf0-4298-8a83-8d5c3816df16:c195]
2019-09-03 20:25:46,340 [grpc-default-executor-2] INFO  client.GrpcClientProtocolClient (GrpcClientProtocolClient.java:onNext(255)) - client-CB1B8AC74E59->81367453-3bf0-4298-8a83-8d5c3816df16: receive RaftClientReply:client-CB1B8AC74E59->81367453-3bf0-4298-8a83-8d5c3816df16@group-F6EC397515C5, cid=135, SUCCESS, logIndex=196, commits[81367453-3bf0-4298-8a83-8d5c3816df16:c197]
2019-09-03 20:25:46,340 [grpc-default-executor-2] INFO  client.GrpcClientProtocolClient (GrpcClientProtocolClient.java:onNext(255)) - client-CB1B8AC74E59->81367453-3bf0-4298-8a83-8d5c3816df16: receive RaftClientReply:client-CB1B8AC74E59->81367453-3bf0-4298-8a83-8d5c3816df16@group-F6EC397515C5, cid=136, SUCCESS, logIndex=197, commits[81367453-3bf0-4298-8a83-8d5c3816df16:c198]
2019-09-03 20:25:46,375 [grpc-default-executor-2] INFO  client.GrpcClientProtocolClient (GrpcClientProtocolClient.java:onNext(255)) - client-CB1B8AC74E59->81367453-3bf0-4298-8a83-8d5c3816df16: receive RaftClientReply:client-CB1B8AC74E59->81367453-3bf0-4298-8a83-8d5c3816df16@group-F6EC397515C5, cid=137, SUCCESS, logIndex=200, commits[81367453-3bf0-4298-8a83-8d5c3816df16:c201]
2019-09-03 20:25:46,376 [grpc-default-executor-2] INFO  client.GrpcClientProtocolClient (GrpcClientProtocolClient.java:onNext(255)) - client-CB1B8AC74E59->81367453-3bf0-4298-8a83-8d5c3816df16: receive RaftClientReply:client-CB1B8AC74E59->81367453-3bf0-4298-8a83-8d5c3816df16@group-F6EC397515C5, cid=138, SUCCESS, logIndex=201, commits[81367453-3bf0-4298-8a83-8d5c3816df16:c201]
2019-09-03 20:25:46,386 [grpc-default-executor-2] INFO  client.GrpcClientProtocolClient (GrpcClientProtocolClient.java:onNext(255)) - client-CB1B8AC74E59->81367453-3bf0-4298-8a83-8d5c3816df16: receive RaftClientReply:client-CB1B8AC74E59->81367453-3bf0-4298-8a83-8d5c3816df16@group-F6EC397515C5, cid=139, SUCCESS, logIndex=202, commits[81367453-3bf0-4298-8a83-8d5c3816df16:c203]
2019-09-03 20:25:46,386 [grpc-default-executor-2] INFO  client.GrpcClientProtocolClient (GrpcClientProtocolClient.java:onNext(255)) - client-CB1B8AC74E59->81367453-3bf0-4298-8a83-8d5c3816df16: receive RaftClientReply:client-CB1B8AC74E59->81367453-3bf0-4298-8a83-8d5c3816df16@group-F6EC397515C5, cid=140, SUCCESS, logIndex=203, commits[81367453-3bf0-4298-8a83-8d5c3816df16:c203]
2019-09-03 20:25:46,388 [SCMBlockDeletingService#1] DEBUG block.SCMBlockDeletingService (SCMBlockDeletingService.java:call(138)) - Running DeletedBlockTransactionScanner
2019-09-03 20:25:46,388 [SCMBlockDeletingService#1] DEBUG block.SCMBlockDeletingService (SCMBlockDeletingService.java:call(155)) - Scanned deleted blocks log and got 0 delTX to process.
2019-09-03 20:25:46,415 [grpc-default-executor-2] INFO  client.GrpcClientProtocolClient (GrpcClientProtocolClient.java:onNext(255)) - client-CB1B8AC74E59->81367453-3bf0-4298-8a83-8d5c3816df16: receive RaftClientReply:client-CB1B8AC74E59->81367453-3bf0-4298-8a83-8d5c3816df16@group-F6EC397515C5, cid=141, SUCCESS, logIndex=206, commits[81367453-3bf0-4298-8a83-8d5c3816df16:c209]
2019-09-03 20:25:46,416 [grpc-default-executor-2] INFO  client.GrpcClientProtocolClient (GrpcClientProtocolClient.java:onNext(255)) - client-CB1B8AC74E59->81367453-3bf0-4298-8a83-8d5c3816df16: receive RaftClientReply:client-CB1B8AC74E59->81367453-3bf0-4298-8a83-8d5c3816df16@group-F6EC397515C5, cid=142, SUCCESS, logIndex=207, commits[81367453-3bf0-4298-8a83-8d5c3816df16:c209]
2019-09-03 20:25:46,416 [grpc-default-executor-2] INFO  client.GrpcClientProtocolClient (GrpcClientProtocolClient.java:onNext(255)) - client-CB1B8AC74E59->81367453-3bf0-4298-8a83-8d5c3816df16: receive RaftClientReply:client-CB1B8AC74E59->81367453-3bf0-4298-8a83-8d5c3816df16@group-F6EC397515C5, cid=143, SUCCESS, logIndex=208, commits[81367453-3bf0-4298-8a83-8d5c3816df16:c209]
2019-09-03 20:25:46,417 [grpc-default-executor-2] INFO  client.GrpcClientProtocolClient (GrpcClientProtocolClient.java:onNext(255)) - client-CB1B8AC74E59->81367453-3bf0-4298-8a83-8d5c3816df16: receive RaftClientReply:client-CB1B8AC74E59->81367453-3bf0-4298-8a83-8d5c3816df16@group-F6EC397515C5, cid=144, SUCCESS, logIndex=209, commits[81367453-3bf0-4298-8a83-8d5c3816df16:c209]
2019-09-03 20:25:46,451 [grpc-default-executor-2] INFO  client.GrpcClientProtocolClient (GrpcClientProtocolClient.java:onNext(255)) - client-CB1B8AC74E59->81367453-3bf0-4298-8a83-8d5c3816df16: receive RaftClientReply:client-CB1B8AC74E59->81367453-3bf0-4298-8a83-8d5c3816df16@group-F6EC397515C5, cid=145, SUCCESS, logIndex=211, commits[81367453-3bf0-4298-8a83-8d5c3816df16:c214]
2019-09-03 20:25:46,452 [grpc-default-executor-2] INFO  client.GrpcClientProtocolClient (GrpcClientProtocolClient.java:onNext(255)) - client-CB1B8AC74E59->81367453-3bf0-4298-8a83-8d5c3816df16: receive RaftClientReply:client-CB1B8AC74E59->81367453-3bf0-4298-8a83-8d5c3816df16@group-F6EC397515C5, cid=146, SUCCESS, logIndex=212, commits[81367453-3bf0-4298-8a83-8d5c3816df16:c215]
2019-09-03 20:25:46,452 [grpc-default-executor-2] INFO  client.GrpcClientProtocolClient (GrpcClientProtocolClient.java:onNext(255)) - client-CB1B8AC74E59->81367453-3bf0-4298-8a83-8d5c3816df16: receive RaftClientReply:client-CB1B8AC74E59->81367453-3bf0-4298-8a83-8d5c3816df16@group-F6EC397515C5, cid=147, SUCCESS, logIndex=213, commits[81367453-3bf0-4298-8a83-8d5c3816df16:c216]
2019-09-03 20:25:46,453 [grpc-default-executor-2] INFO  client.GrpcClientProtocolClient (GrpcClientProtocolClient.java:onNext(255)) - client-CB1B8AC74E59->81367453-3bf0-4298-8a83-8d5c3816df16: receive RaftClientReply:client-CB1B8AC74E59->81367453-3bf0-4298-8a83-8d5c3816df16@group-F6EC397515C5, cid=148, SUCCESS, logIndex=214, commits[81367453-3bf0-4298-8a83-8d5c3816df16:c216]
2019-09-03 20:25:46,477 [grpc-default-executor-1] INFO  client.GrpcClientProtocolClient (GrpcClientProtocolClient.java:onNext(255)) - client-CB1B8AC74E59->81367453-3bf0-4298-8a83-8d5c3816df16: receive RaftClientReply:client-CB1B8AC74E59->81367453-3bf0-4298-8a83-8d5c3816df16@group-F6EC397515C5, cid=149, SUCCESS, logIndex=217, commits[81367453-3bf0-4298-8a83-8d5c3816df16:c220]
2019-09-03 20:25:46,478 [grpc-default-executor-1] INFO  client.GrpcClientProtocolClient (GrpcClientProtocolClient.java:onNext(255)) - client-CB1B8AC74E59->81367453-3bf0-4298-8a83-8d5c3816df16: receive RaftClientReply:client-CB1B8AC74E59->81367453-3bf0-4298-8a83-8d5c3816df16@group-F6EC397515C5, cid=150, SUCCESS, logIndex=218, commits[81367453-3bf0-4298-8a83-8d5c3816df16:c221]
2019-09-03 20:25:46,479 [grpc-default-executor-1] INFO  client.GrpcClientProtocolClient (GrpcClientProtocolClient.java:onNext(255)) - client-CB1B8AC74E59->81367453-3bf0-4298-8a83-8d5c3816df16: receive RaftClientReply:client-CB1B8AC74E59->81367453-3bf0-4298-8a83-8d5c3816df16@group-F6EC397515C5, cid=151, SUCCESS, logIndex=219, commits[81367453-3bf0-4298-8a83-8d5c3816df16:c222]
2019-09-03 20:25:46,480 [grpc-default-executor-1] INFO  client.GrpcClientProtocolClient (GrpcClientProtocolClient.java:onNext(255)) - client-CB1B8AC74E59->81367453-3bf0-4298-8a83-8d5c3816df16: receive RaftClientReply:client-CB1B8AC74E59->81367453-3bf0-4298-8a83-8d5c3816df16@group-F6EC397515C5, cid=152, SUCCESS, logIndex=220, commits[81367453-3bf0-4298-8a83-8d5c3816df16:c222]
2019-09-03 20:25:46,488 [SCMBlockDeletingService#1] DEBUG block.SCMBlockDeletingService (SCMBlockDeletingService.java:call(138)) - Running DeletedBlockTransactionScanner
2019-09-03 20:25:46,489 [SCMBlockDeletingService#1] DEBUG block.SCMBlockDeletingService (SCMBlockDeletingService.java:call(155)) - Scanned deleted blocks log and got 0 delTX to process.
2019-09-03 20:25:46,510 [grpc-default-executor-2] INFO  client.GrpcClientProtocolClient (GrpcClientProtocolClient.java:onNext(255)) - client-CB1B8AC74E59->81367453-3bf0-4298-8a83-8d5c3816df16: receive RaftClientReply:client-CB1B8AC74E59->81367453-3bf0-4298-8a83-8d5c3816df16@group-F6EC397515C5, cid=153, SUCCESS, logIndex=223, commits[81367453-3bf0-4298-8a83-8d5c3816df16:c226]
2019-09-03 20:25:46,511 [grpc-default-executor-2] INFO  client.GrpcClientProtocolClient (GrpcClientProtocolClient.java:onNext(255)) - client-CB1B8AC74E59->81367453-3bf0-4298-8a83-8d5c3816df16: receive RaftClientReply:client-CB1B8AC74E59->81367453-3bf0-4298-8a83-8d5c3816df16@group-F6EC397515C5, cid=154, SUCCESS, logIndex=224, commits[81367453-3bf0-4298-8a83-8d5c3816df16:c227]
2019-09-03 20:25:46,512 [grpc-default-executor-2] INFO  client.GrpcClientProtocolClient (GrpcClientProtocolClient.java:onNext(255)) - client-CB1B8AC74E59->81367453-3bf0-4298-8a83-8d5c3816df16: receive RaftClientReply:client-CB1B8AC74E59->81367453-3bf0-4298-8a83-8d5c3816df16@group-F6EC397515C5, cid=155, SUCCESS, logIndex=225, commits[81367453-3bf0-4298-8a83-8d5c3816df16:c228]
2019-09-03 20:25:46,512 [grpc-default-executor-2] INFO  client.GrpcClientProtocolClient (GrpcClientProtocolClient.java:onNext(255)) - client-CB1B8AC74E59->81367453-3bf0-4298-8a83-8d5c3816df16: receive RaftClientReply:client-CB1B8AC74E59->81367453-3bf0-4298-8a83-8d5c3816df16@group-F6EC397515C5, cid=156, SUCCESS, logIndex=226, commits[81367453-3bf0-4298-8a83-8d5c3816df16:c228]
2019-09-03 20:25:46,535 [grpc-default-executor-2] INFO  client.GrpcClientProtocolClient (GrpcClientProtocolClient.java:onNext(255)) - client-CB1B8AC74E59->81367453-3bf0-4298-8a83-8d5c3816df16: receive RaftClientReply:client-CB1B8AC74E59->81367453-3bf0-4298-8a83-8d5c3816df16@group-F6EC397515C5, cid=157, SUCCESS, logIndex=229, commits[81367453-3bf0-4298-8a83-8d5c3816df16:c232]
2019-09-03 20:25:46,536 [grpc-default-executor-2] INFO  client.GrpcClientProtocolClient (GrpcClientProtocolClient.java:onNext(255)) - client-CB1B8AC74E59->81367453-3bf0-4298-8a83-8d5c3816df16: receive RaftClientReply:client-CB1B8AC74E59->81367453-3bf0-4298-8a83-8d5c3816df16@group-F6EC397515C5, cid=158, SUCCESS, logIndex=230, commits[81367453-3bf0-4298-8a83-8d5c3816df16:c234]
2019-09-03 20:25:46,536 [grpc-default-executor-2] INFO  client.GrpcClientProtocolClient (GrpcClientProtocolClient.java:onNext(255)) - client-CB1B8AC74E59->81367453-3bf0-4298-8a83-8d5c3816df16: receive RaftClientReply:client-CB1B8AC74E59->81367453-3bf0-4298-8a83-8d5c3816df16@group-F6EC397515C5, cid=159, SUCCESS, logIndex=231, commits[81367453-3bf0-4298-8a83-8d5c3816df16:c234]
2019-09-03 20:25:46,537 [grpc-default-executor-2] INFO  client.GrpcClientProtocolClient (GrpcClientProtocolClient.java:onNext(255)) - client-CB1B8AC74E59->81367453-3bf0-4298-8a83-8d5c3816df16: receive RaftClientReply:client-CB1B8AC74E59->81367453-3bf0-4298-8a83-8d5c3816df16@group-F6EC397515C5, cid=160, SUCCESS, logIndex=232, commits[81367453-3bf0-4298-8a83-8d5c3816df16:c234]
2019-09-03 20:25:46,569 [grpc-default-executor-2] INFO  client.GrpcClientProtocolClient (GrpcClientProtocolClient.java:onNext(255)) - client-CB1B8AC74E59->81367453-3bf0-4298-8a83-8d5c3816df16: receive RaftClientReply:client-CB1B8AC74E59->81367453-3bf0-4298-8a83-8d5c3816df16@group-F6EC397515C5, cid=161, SUCCESS, logIndex=235, commits[81367453-3bf0-4298-8a83-8d5c3816df16:c238]
2019-09-03 20:25:46,570 [grpc-default-executor-2] INFO  client.GrpcClientProtocolClient (GrpcClientProtocolClient.java:onNext(255)) - client-CB1B8AC74E59->81367453-3bf0-4298-8a83-8d5c3816df16: receive RaftClientReply:client-CB1B8AC74E59->81367453-3bf0-4298-8a83-8d5c3816df16@group-F6EC397515C5, cid=162, SUCCESS, logIndex=236, commits[81367453-3bf0-4298-8a83-8d5c3816df16:c240]
2019-09-03 20:25:46,571 [grpc-default-executor-2] INFO  client.GrpcClientProtocolClient (GrpcClientProtocolClient.java:onNext(255)) - client-CB1B8AC74E59->81367453-3bf0-4298-8a83-8d5c3816df16: receive RaftClientReply:client-CB1B8AC74E59->81367453-3bf0-4298-8a83-8d5c3816df16@group-F6EC397515C5, cid=163, SUCCESS, logIndex=237, commits[81367453-3bf0-4298-8a83-8d5c3816df16:c240]
2019-09-03 20:25:46,572 [grpc-default-executor-2] INFO  client.GrpcClientProtocolClient (GrpcClientProtocolClient.java:onNext(255)) - client-CB1B8AC74E59->81367453-3bf0-4298-8a83-8d5c3816df16: receive RaftClientReply:client-CB1B8AC74E59->81367453-3bf0-4298-8a83-8d5c3816df16@group-F6EC397515C5, cid=164, SUCCESS, logIndex=238, commits[81367453-3bf0-4298-8a83-8d5c3816df16:c240]
2019-09-03 20:25:46,589 [SCMBlockDeletingService#1] DEBUG block.SCMBlockDeletingService (SCMBlockDeletingService.java:call(138)) - Running DeletedBlockTransactionScanner
2019-09-03 20:25:46,589 [SCMBlockDeletingService#1] DEBUG block.SCMBlockDeletingService (SCMBlockDeletingService.java:call(155)) - Scanned deleted blocks log and got 0 delTX to process.
2019-09-03 20:25:46,596 [grpc-default-executor-1] INFO  client.GrpcClientProtocolClient (GrpcClientProtocolClient.java:onNext(255)) - client-CB1B8AC74E59->81367453-3bf0-4298-8a83-8d5c3816df16: receive RaftClientReply:client-CB1B8AC74E59->81367453-3bf0-4298-8a83-8d5c3816df16@group-F6EC397515C5, cid=165, SUCCESS, logIndex=241, commits[81367453-3bf0-4298-8a83-8d5c3816df16:c242]
2019-09-03 20:25:46,597 [grpc-default-executor-1] INFO  client.GrpcClientProtocolClient (GrpcClientProtocolClient.java:onNext(255)) - client-CB1B8AC74E59->81367453-3bf0-4298-8a83-8d5c3816df16: receive RaftClientReply:client-CB1B8AC74E59->81367453-3bf0-4298-8a83-8d5c3816df16@group-F6EC397515C5, cid=166, SUCCESS, logIndex=242, commits[81367453-3bf0-4298-8a83-8d5c3816df16:c244]
2019-09-03 20:25:46,597 [grpc-default-executor-1] INFO  client.GrpcClientProtocolClient (GrpcClientProtocolClient.java:onNext(255)) - client-CB1B8AC74E59->81367453-3bf0-4298-8a83-8d5c3816df16: receive RaftClientReply:client-CB1B8AC74E59->81367453-3bf0-4298-8a83-8d5c3816df16@group-F6EC397515C5, cid=167, SUCCESS, logIndex=243, commits[81367453-3bf0-4298-8a83-8d5c3816df16:c246]
2019-09-03 20:25:46,598 [grpc-default-executor-1] INFO  client.GrpcClientProtocolClient (GrpcClientProtocolClient.java:onNext(255)) - client-CB1B8AC74E59->81367453-3bf0-4298-8a83-8d5c3816df16: receive RaftClientReply:client-CB1B8AC74E59->81367453-3bf0-4298-8a83-8d5c3816df16@group-F6EC397515C5, cid=168, SUCCESS, logIndex=244, commits[81367453-3bf0-4298-8a83-8d5c3816df16:c246]
2019-09-03 20:25:46,628 [grpc-default-executor-2] INFO  client.GrpcClientProtocolClient (GrpcClientProtocolClient.java:onNext(255)) - client-CB1B8AC74E59->81367453-3bf0-4298-8a83-8d5c3816df16: receive RaftClientReply:client-CB1B8AC74E59->81367453-3bf0-4298-8a83-8d5c3816df16@group-F6EC397515C5, cid=169, SUCCESS, logIndex=247, commits[81367453-3bf0-4298-8a83-8d5c3816df16:c250]
2019-09-03 20:25:46,629 [grpc-default-executor-2] INFO  client.GrpcClientProtocolClient (GrpcClientProtocolClient.java:onNext(255)) - client-CB1B8AC74E59->81367453-3bf0-4298-8a83-8d5c3816df16: receive RaftClientReply:client-CB1B8AC74E59->81367453-3bf0-4298-8a83-8d5c3816df16@group-F6EC397515C5, cid=170, SUCCESS, logIndex=248, commits[81367453-3bf0-4298-8a83-8d5c3816df16:c251]
2019-09-03 20:25:46,629 [grpc-default-executor-2] INFO  client.GrpcClientProtocolClient (GrpcClientProtocolClient.java:onNext(255)) - client-CB1B8AC74E59->81367453-3bf0-4298-8a83-8d5c3816df16: receive RaftClientReply:client-CB1B8AC74E59->81367453-3bf0-4298-8a83-8d5c3816df16@group-F6EC397515C5, cid=171, SUCCESS, logIndex=249, commits[81367453-3bf0-4298-8a83-8d5c3816df16:c252]
2019-09-03 20:25:46,630 [grpc-default-executor-2] INFO  client.GrpcClientProtocolClient (GrpcClientProtocolClient.java:onNext(255)) - client-CB1B8AC74E59->81367453-3bf0-4298-8a83-8d5c3816df16: receive RaftClientReply:client-CB1B8AC74E59->81367453-3bf0-4298-8a83-8d5c3816df16@group-F6EC397515C5, cid=172, SUCCESS, logIndex=250, commits[81367453-3bf0-4298-8a83-8d5c3816df16:c252]
2019-09-03 20:25:46,661 [grpc-default-executor-2] INFO  client.GrpcClientProtocolClient (GrpcClientProtocolClient.java:onNext(255)) - client-CB1B8AC74E59->81367453-3bf0-4298-8a83-8d5c3816df16: receive RaftClientReply:client-CB1B8AC74E59->81367453-3bf0-4298-8a83-8d5c3816df16@group-F6EC397515C5, cid=173, SUCCESS, logIndex=253, commits[81367453-3bf0-4298-8a83-8d5c3816df16:c254]
2019-09-03 20:25:46,662 [grpc-default-executor-2] INFO  client.GrpcClientProtocolClient (GrpcClientProtocolClient.java:onNext(255)) - client-CB1B8AC74E59->81367453-3bf0-4298-8a83-8d5c3816df16: receive RaftClientReply:client-CB1B8AC74E59->81367453-3bf0-4298-8a83-8d5c3816df16@group-F6EC397515C5, cid=174, SUCCESS, logIndex=254, commits[81367453-3bf0-4298-8a83-8d5c3816df16:c256]
2019-09-03 20:25:46,663 [grpc-default-executor-2] INFO  client.GrpcClientProtocolClient (GrpcClientProtocolClient.java:onNext(255)) - client-CB1B8AC74E59->81367453-3bf0-4298-8a83-8d5c3816df16: receive RaftClientReply:client-CB1B8AC74E59->81367453-3bf0-4298-8a83-8d5c3816df16@group-F6EC397515C5, cid=175, SUCCESS, logIndex=255, commits[81367453-3bf0-4298-8a83-8d5c3816df16:c258]
2019-09-03 20:25:46,663 [grpc-default-executor-2] INFO  client.GrpcClientProtocolClient (GrpcClientProtocolClient.java:onNext(255)) - client-CB1B8AC74E59->81367453-3bf0-4298-8a83-8d5c3816df16: receive RaftClientReply:client-CB1B8AC74E59->81367453-3bf0-4298-8a83-8d5c3816df16@group-F6EC397515C5, cid=176, SUCCESS, logIndex=256, commits[81367453-3bf0-4298-8a83-8d5c3816df16:c258]
2019-09-03 20:25:46,690 [SCMBlockDeletingService#1] DEBUG block.SCMBlockDeletingService (SCMBlockDeletingService.java:call(138)) - Running DeletedBlockTransactionScanner
2019-09-03 20:25:46,690 [SCMBlockDeletingService#1] DEBUG block.SCMBlockDeletingService (SCMBlockDeletingService.java:call(155)) - Scanned deleted blocks log and got 0 delTX to process.
2019-09-03 20:25:46,790 [SCMBlockDeletingService#1] DEBUG block.SCMBlockDeletingService (SCMBlockDeletingService.java:call(138)) - Running DeletedBlockTransactionScanner
2019-09-03 20:25:46,791 [SCMBlockDeletingService#1] DEBUG block.SCMBlockDeletingService (SCMBlockDeletingService.java:call(155)) - Scanned deleted blocks log and got 0 delTX to process.
2019-09-03 20:25:46,793 [grpc-default-executor-1] INFO  client.GrpcClientProtocolClient (GrpcClientProtocolClient.java:onNext(255)) - client-CB1B8AC74E59->81367453-3bf0-4298-8a83-8d5c3816df16: receive RaftClientReply:client-CB1B8AC74E59->81367453-3bf0-4298-8a83-8d5c3816df16@group-F6EC397515C5, cid=177, SUCCESS, logIndex=259, commits[81367453-3bf0-4298-8a83-8d5c3816df16:c262]
2019-09-03 20:25:46,794 [grpc-default-executor-1] INFO  client.GrpcClientProtocolClient (GrpcClientProtocolClient.java:onNext(255)) - client-CB1B8AC74E59->81367453-3bf0-4298-8a83-8d5c3816df16: receive RaftClientReply:client-CB1B8AC74E59->81367453-3bf0-4298-8a83-8d5c3816df16@group-F6EC397515C5, cid=178, SUCCESS, logIndex=260, commits[81367453-3bf0-4298-8a83-8d5c3816df16:c263]
2019-09-03 20:25:46,795 [grpc-default-executor-1] INFO  client.GrpcClientProtocolClient (GrpcClientProtocolClient.java:onNext(255)) - client-CB1B8AC74E59->81367453-3bf0-4298-8a83-8d5c3816df16: receive RaftClientReply:client-CB1B8AC74E59->81367453-3bf0-4298-8a83-8d5c3816df16@group-F6EC397515C5, cid=179, SUCCESS, logIndex=261, commits[81367453-3bf0-4298-8a83-8d5c3816df16:c264]
2019-09-03 20:25:46,795 [grpc-default-executor-1] INFO  client.GrpcClientProtocolClient (GrpcClientProtocolClient.java:onNext(255)) - client-CB1B8AC74E59->81367453-3bf0-4298-8a83-8d5c3816df16: receive RaftClientReply:client-CB1B8AC74E59->81367453-3bf0-4298-8a83-8d5c3816df16@group-F6EC397515C5, cid=180, SUCCESS, logIndex=262, commits[81367453-3bf0-4298-8a83-8d5c3816df16:c264]
2019-09-03 20:25:46,827 [grpc-default-executor-2] INFO  client.GrpcClientProtocolClient (GrpcClientProtocolClient.java:onNext(255)) - client-CB1B8AC74E59->81367453-3bf0-4298-8a83-8d5c3816df16: receive RaftClientReply:client-CB1B8AC74E59->81367453-3bf0-4298-8a83-8d5c3816df16@group-F6EC397515C5, cid=181, SUCCESS, logIndex=265, commits[81367453-3bf0-4298-8a83-8d5c3816df16:c266]
2019-09-03 20:25:46,828 [grpc-default-executor-2] INFO  client.GrpcClientProtocolClient (GrpcClientProtocolClient.java:onNext(255)) - client-CB1B8AC74E59->81367453-3bf0-4298-8a83-8d5c3816df16: receive RaftClientReply:client-CB1B8AC74E59->81367453-3bf0-4298-8a83-8d5c3816df16@group-F6EC397515C5, cid=182, SUCCESS, logIndex=266, commits[81367453-3bf0-4298-8a83-8d5c3816df16:c268]
2019-09-03 20:25:46,828 [grpc-default-executor-2] INFO  client.GrpcClientProtocolClient (GrpcClientProtocolClient.java:onNext(255)) - client-CB1B8AC74E59->81367453-3bf0-4298-8a83-8d5c3816df16: receive RaftClientReply:client-CB1B8AC74E59->81367453-3bf0-4298-8a83-8d5c3816df16@group-F6EC397515C5, cid=183, SUCCESS, logIndex=267, commits[81367453-3bf0-4298-8a83-8d5c3816df16:c269]
2019-09-03 20:25:46,829 [grpc-default-executor-2] INFO  client.GrpcClientProtocolClient (GrpcClientProtocolClient.java:onNext(255)) - client-CB1B8AC74E59->81367453-3bf0-4298-8a83-8d5c3816df16: receive RaftClientReply:client-CB1B8AC74E59->81367453-3bf0-4298-8a83-8d5c3816df16@group-F6EC397515C5, cid=184, SUCCESS, logIndex=268, commits[81367453-3bf0-4298-8a83-8d5c3816df16:c270]
2019-09-03 20:25:46,861 [grpc-default-executor-1] INFO  client.GrpcClientProtocolClient (GrpcClientProtocolClient.java:onNext(255)) - client-CB1B8AC74E59->81367453-3bf0-4298-8a83-8d5c3816df16: receive RaftClientReply:client-CB1B8AC74E59->81367453-3bf0-4298-8a83-8d5c3816df16@group-F6EC397515C5, cid=185, SUCCESS, logIndex=271, commits[81367453-3bf0-4298-8a83-8d5c3816df16:c272]
2019-09-03 20:25:46,865 [grpc-default-executor-1] INFO  client.GrpcClientProtocolClient (GrpcClientProtocolClient.java:onNext(255)) - client-CB1B8AC74E59->81367453-3bf0-4298-8a83-8d5c3816df16: receive RaftClientReply:client-CB1B8AC74E59->81367453-3bf0-4298-8a83-8d5c3816df16@group-F6EC397515C5, cid=186, SUCCESS, logIndex=272, commits[81367453-3bf0-4298-8a83-8d5c3816df16:c272]
2019-09-03 20:25:46,871 [grpc-default-executor-1] INFO  client.GrpcClientProtocolClient (GrpcClientProtocolClient.java:onNext(255)) - client-CB1B8AC74E59->81367453-3bf0-4298-8a83-8d5c3816df16: receive RaftClientReply:client-CB1B8AC74E59->81367453-3bf0-4298-8a83-8d5c3816df16@group-F6EC397515C5, cid=187, SUCCESS, logIndex=273, commits[81367453-3bf0-4298-8a83-8d5c3816df16:c275]
2019-09-03 20:25:46,872 [grpc-default-executor-1] INFO  client.GrpcClientProtocolClient (GrpcClientProtocolClient.java:onNext(255)) - client-CB1B8AC74E59->81367453-3bf0-4298-8a83-8d5c3816df16: receive RaftClientReply:client-CB1B8AC74E59->81367453-3bf0-4298-8a83-8d5c3816df16@group-F6EC397515C5, cid=188, SUCCESS, logIndex=274, commits[81367453-3bf0-4298-8a83-8d5c3816df16:c276]
2019-09-03 20:25:46,891 [SCMBlockDeletingService#1] DEBUG block.SCMBlockDeletingService (SCMBlockDeletingService.java:call(138)) - Running DeletedBlockTransactionScanner
2019-09-03 20:25:46,891 [SCMBlockDeletingService#1] DEBUG block.SCMBlockDeletingService (SCMBlockDeletingService.java:call(155)) - Scanned deleted blocks log and got 0 delTX to process.
2019-09-03 20:25:46,895 [grpc-default-executor-2] INFO  client.GrpcClientProtocolClient (GrpcClientProtocolClient.java:onNext(255)) - client-CB1B8AC74E59->81367453-3bf0-4298-8a83-8d5c3816df16: receive RaftClientReply:client-CB1B8AC74E59->81367453-3bf0-4298-8a83-8d5c3816df16@group-F6EC397515C5, cid=189, SUCCESS, logIndex=277, commits[81367453-3bf0-4298-8a83-8d5c3816df16:c280]
2019-09-03 20:25:46,896 [grpc-default-executor-2] INFO  client.GrpcClientProtocolClient (GrpcClientProtocolClient.java:onNext(255)) - client-CB1B8AC74E59->81367453-3bf0-4298-8a83-8d5c3816df16: receive RaftClientReply:client-CB1B8AC74E59->81367453-3bf0-4298-8a83-8d5c3816df16@group-F6EC397515C5, cid=190, SUCCESS, logIndex=278, commits[81367453-3bf0-4298-8a83-8d5c3816df16:c281]
2019-09-03 20:25:46,896 [grpc-default-executor-2] INFO  client.GrpcClientProtocolClient (GrpcClientProtocolClient.java:onNext(255)) - client-CB1B8AC74E59->81367453-3bf0-4298-8a83-8d5c3816df16: receive RaftClientReply:client-CB1B8AC74E59->81367453-3bf0-4298-8a83-8d5c3816df16@group-F6EC397515C5, cid=191, SUCCESS, logIndex=279, commits[81367453-3bf0-4298-8a83-8d5c3816df16:c282]
2019-09-03 20:25:46,897 [grpc-default-executor-2] INFO  client.GrpcClientProtocolClient (GrpcClientProtocolClient.java:onNext(255)) - client-CB1B8AC74E59->81367453-3bf0-4298-8a83-8d5c3816df16: receive RaftClientReply:client-CB1B8AC74E59->81367453-3bf0-4298-8a83-8d5c3816df16@group-F6EC397515C5, cid=192, SUCCESS, logIndex=280, commits[81367453-3bf0-4298-8a83-8d5c3816df16:c282]
2019-09-03 20:25:46,924 [grpc-default-executor-2] INFO  client.GrpcClientProtocolClient (GrpcClientProtocolClient.java:onNext(255)) - client-CB1B8AC74E59->81367453-3bf0-4298-8a83-8d5c3816df16: receive RaftClientReply:client-CB1B8AC74E59->81367453-3bf0-4298-8a83-8d5c3816df16@group-F6EC397515C5, cid=193, SUCCESS, logIndex=283, commits[81367453-3bf0-4298-8a83-8d5c3816df16:c286]
2019-09-03 20:25:46,925 [grpc-default-executor-2] INFO  client.GrpcClientProtocolClient (GrpcClientProtocolClient.java:onNext(255)) - client-CB1B8AC74E59->81367453-3bf0-4298-8a83-8d5c3816df16: receive RaftClientReply:client-CB1B8AC74E59->81367453-3bf0-4298-8a83-8d5c3816df16@group-F6EC397515C5, cid=194, SUCCESS, logIndex=284, commits[81367453-3bf0-4298-8a83-8d5c3816df16:c287]
2019-09-03 20:25:46,925 [grpc-default-executor-2] INFO  client.GrpcClientProtocolClient (GrpcClientProtocolClient.java:onNext(255)) - client-CB1B8AC74E59->81367453-3bf0-4298-8a83-8d5c3816df16: receive RaftClientReply:client-CB1B8AC74E59->81367453-3bf0-4298-8a83-8d5c3816df16@group-F6EC397515C5, cid=195, SUCCESS, logIndex=285, commits[81367453-3bf0-4298-8a83-8d5c3816df16:c288]
2019-09-03 20:25:46,926 [grpc-default-executor-2] INFO  client.GrpcClientProtocolClient (GrpcClientProtocolClient.java:onNext(255)) - client-CB1B8AC74E59->81367453-3bf0-4298-8a83-8d5c3816df16: receive RaftClientReply:client-CB1B8AC74E59->81367453-3bf0-4298-8a83-8d5c3816df16@group-F6EC397515C5, cid=196, SUCCESS, logIndex=286, commits[81367453-3bf0-4298-8a83-8d5c3816df16:c288]
2019-09-03 20:25:46,948 [grpc-default-executor-2] INFO  client.GrpcClientProtocolClient (GrpcClientProtocolClient.java:onNext(255)) - client-CB1B8AC74E59->81367453-3bf0-4298-8a83-8d5c3816df16: receive RaftClientReply:client-CB1B8AC74E59->81367453-3bf0-4298-8a83-8d5c3816df16@group-F6EC397515C5, cid=197, SUCCESS, logIndex=289, commits[81367453-3bf0-4298-8a83-8d5c3816df16:c292]
2019-09-03 20:25:46,949 [grpc-default-executor-2] INFO  client.GrpcClientProtocolClient (GrpcClientProtocolClient.java:onNext(255)) - client-CB1B8AC74E59->81367453-3bf0-4298-8a83-8d5c3816df16: receive RaftClientReply:client-CB1B8AC74E59->81367453-3bf0-4298-8a83-8d5c3816df16@group-F6EC397515C5, cid=198, SUCCESS, logIndex=290, commits[81367453-3bf0-4298-8a83-8d5c3816df16:c293]
2019-09-03 20:25:46,949 [grpc-default-executor-2] INFO  client.GrpcClientProtocolClient (GrpcClientProtocolClient.java:onNext(255)) - client-CB1B8AC74E59->81367453-3bf0-4298-8a83-8d5c3816df16: receive RaftClientReply:client-CB1B8AC74E59->81367453-3bf0-4298-8a83-8d5c3816df16@group-F6EC397515C5, cid=199, SUCCESS, logIndex=291, commits[81367453-3bf0-4298-8a83-8d5c3816df16:c294]
2019-09-03 20:25:46,950 [grpc-default-executor-2] INFO  client.GrpcClientProtocolClient (GrpcClientProtocolClient.java:onNext(255)) - client-CB1B8AC74E59->81367453-3bf0-4298-8a83-8d5c3816df16: receive RaftClientReply:client-CB1B8AC74E59->81367453-3bf0-4298-8a83-8d5c3816df16@group-F6EC397515C5, cid=200, SUCCESS, logIndex=292, commits[81367453-3bf0-4298-8a83-8d5c3816df16:c294]
2019-09-03 20:25:46,976 [grpc-default-executor-1] INFO  client.GrpcClientProtocolClient (GrpcClientProtocolClient.java:onNext(255)) - client-CB1B8AC74E59->81367453-3bf0-4298-8a83-8d5c3816df16: receive RaftClientReply:client-CB1B8AC74E59->81367453-3bf0-4298-8a83-8d5c3816df16@group-F6EC397515C5, cid=201, SUCCESS, logIndex=295, commits[81367453-3bf0-4298-8a83-8d5c3816df16:c298]
2019-09-03 20:25:46,977 [grpc-default-executor-1] INFO  client.GrpcClientProtocolClient (GrpcClientProtocolClient.java:onNext(255)) - client-CB1B8AC74E59->81367453-3bf0-4298-8a83-8d5c3816df16: receive RaftClientReply:client-CB1B8AC74E59->81367453-3bf0-4298-8a83-8d5c3816df16@group-F6EC397515C5, cid=202, SUCCESS, logIndex=296, commits[81367453-3bf0-4298-8a83-8d5c3816df16:c299]
2019-09-03 20:25:46,978 [grpc-default-executor-1] INFO  client.GrpcClientProtocolClient (GrpcClientProtocolClient.java:onNext(255)) - client-CB1B8AC74E59->81367453-3bf0-4298-8a83-8d5c3816df16: receive RaftClientReply:client-CB1B8AC74E59->81367453-3bf0-4298-8a83-8d5c3816df16@group-F6EC397515C5, cid=203, SUCCESS, logIndex=297, commits[81367453-3bf0-4298-8a83-8d5c3816df16:c300]
2019-09-03 20:25:46,978 [grpc-default-executor-1] INFO  client.GrpcClientProtocolClient (GrpcClientProtocolClient.java:onNext(255)) - client-CB1B8AC74E59->81367453-3bf0-4298-8a83-8d5c3816df16: receive RaftClientReply:client-CB1B8AC74E59->81367453-3bf0-4298-8a83-8d5c3816df16@group-F6EC397515C5, cid=204, SUCCESS, logIndex=298, commits[81367453-3bf0-4298-8a83-8d5c3816df16:c300]
2019-09-03 20:25:46,992 [SCMBlockDeletingService#1] DEBUG block.SCMBlockDeletingService (SCMBlockDeletingService.java:call(138)) - Running DeletedBlockTransactionScanner
2019-09-03 20:25:46,992 [SCMBlockDeletingService#1] DEBUG block.SCMBlockDeletingService (SCMBlockDeletingService.java:call(155)) - Scanned deleted blocks log and got 0 delTX to process.
2019-09-03 20:25:47,000 [grpc-default-executor-2] INFO  client.GrpcClientProtocolClient (GrpcClientProtocolClient.java:onNext(255)) - client-CB1B8AC74E59->81367453-3bf0-4298-8a83-8d5c3816df16: receive RaftClientReply:client-CB1B8AC74E59->81367453-3bf0-4298-8a83-8d5c3816df16@group-F6EC397515C5, cid=205, SUCCESS, logIndex=301, commits[81367453-3bf0-4298-8a83-8d5c3816df16:c304]
2019-09-03 20:25:47,001 [grpc-default-executor-2] INFO  client.GrpcClientProtocolClient (GrpcClientProtocolClient.java:onNext(255)) - client-CB1B8AC74E59->81367453-3bf0-4298-8a83-8d5c3816df16: receive RaftClientReply:client-CB1B8AC74E59->81367453-3bf0-4298-8a83-8d5c3816df16@group-F6EC397515C5, cid=206, SUCCESS, logIndex=302, commits[81367453-3bf0-4298-8a83-8d5c3816df16:c305]
2019-09-03 20:25:47,001 [grpc-default-executor-2] INFO  client.GrpcClientProtocolClient (GrpcClientProtocolClient.java:onNext(255)) - client-CB1B8AC74E59->81367453-3bf0-4298-8a83-8d5c3816df16: receive RaftClientReply:client-CB1B8AC74E59->81367453-3bf0-4298-8a83-8d5c3816df16@group-F6EC397515C5, cid=207, SUCCESS, logIndex=303, commits[81367453-3bf0-4298-8a83-8d5c3816df16:c306]
2019-09-03 20:25:47,002 [grpc-default-executor-2] INFO  client.GrpcClientProtocolClient (GrpcClientProtocolClient.java:onNext(255)) - client-CB1B8AC74E59->81367453-3bf0-4298-8a83-8d5c3816df16: receive RaftClientReply:client-CB1B8AC74E59->81367453-3bf0-4298-8a83-8d5c3816df16@group-F6EC397515C5, cid=208, SUCCESS, logIndex=304, commits[81367453-3bf0-4298-8a83-8d5c3816df16:c306]
2019-09-03 20:25:47,028 [grpc-default-executor-1] INFO  client.GrpcClientProtocolClient (GrpcClientProtocolClient.java:onNext(255)) - client-CB1B8AC74E59->81367453-3bf0-4298-8a83-8d5c3816df16: receive RaftClientReply:client-CB1B8AC74E59->81367453-3bf0-4298-8a83-8d5c3816df16@group-F6EC397515C5, cid=209, SUCCESS, logIndex=307, commits[81367453-3bf0-4298-8a83-8d5c3816df16:c308]
2019-09-03 20:25:47,029 [grpc-default-executor-1] INFO  client.GrpcClientProtocolClient (GrpcClientProtocolClient.java:onNext(255)) - client-CB1B8AC74E59->81367453-3bf0-4298-8a83-8d5c3816df16: receive RaftClientReply:client-CB1B8AC74E59->81367453-3bf0-4298-8a83-8d5c3816df16@group-F6EC397515C5, cid=210, SUCCESS, logIndex=308, commits[81367453-3bf0-4298-8a83-8d5c3816df16:c308]
2019-09-03 20:25:47,039 [grpc-default-executor-1] INFO  client.GrpcClientProtocolClient (GrpcClientProtocolClient.java:onNext(255)) - client-CB1B8AC74E59->81367453-3bf0-4298-8a83-8d5c3816df16: receive RaftClientReply:client-CB1B8AC74E59->81367453-3bf0-4298-8a83-8d5c3816df16@group-F6EC397515C5, cid=211, SUCCESS, logIndex=309, commits[81367453-3bf0-4298-8a83-8d5c3816df16:c310]
2019-09-03 20:25:47,039 [grpc-default-executor-1] INFO  client.GrpcClientProtocolClient (GrpcClientProtocolClient.java:onNext(255)) - client-CB1B8AC74E59->81367453-3bf0-4298-8a83-8d5c3816df16: receive RaftClientReply:client-CB1B8AC74E59->81367453-3bf0-4298-8a83-8d5c3816df16@group-F6EC397515C5, cid=212, SUCCESS, logIndex=310, commits[81367453-3bf0-4298-8a83-8d5c3816df16:c311]
2019-09-03 20:25:47,061 [grpc-default-executor-1] INFO  client.GrpcClientProtocolClient (GrpcClientProtocolClient.java:onNext(255)) - client-CB1B8AC74E59->81367453-3bf0-4298-8a83-8d5c3816df16: receive RaftClientReply:client-CB1B8AC74E59->81367453-3bf0-4298-8a83-8d5c3816df16@group-F6EC397515C5, cid=213, SUCCESS, logIndex=313, commits[81367453-3bf0-4298-8a83-8d5c3816df16:c314]
2019-09-03 20:25:47,061 [grpc-default-executor-1] INFO  client.GrpcClientProtocolClient (GrpcClientProtocolClient.java:onNext(255)) - client-CB1B8AC74E59->81367453-3bf0-4298-8a83-8d5c3816df16: receive RaftClientReply:client-CB1B8AC74E59->81367453-3bf0-4298-8a83-8d5c3816df16@group-F6EC397515C5, cid=214, SUCCESS, logIndex=314, commits[81367453-3bf0-4298-8a83-8d5c3816df16:c317]
2019-09-03 20:25:47,062 [grpc-default-executor-1] INFO  client.GrpcClientProtocolClient (GrpcClientProtocolClient.java:onNext(255)) - client-CB1B8AC74E59->81367453-3bf0-4298-8a83-8d5c3816df16: receive RaftClientReply:client-CB1B8AC74E59->81367453-3bf0-4298-8a83-8d5c3816df16@group-F6EC397515C5, cid=215, SUCCESS, logIndex=315, commits[81367453-3bf0-4298-8a83-8d5c3816df16:c318]
2019-09-03 20:25:47,062 [grpc-default-executor-1] INFO  client.GrpcClientProtocolClient (GrpcClientProtocolClient.java:onNext(255)) - client-CB1B8AC74E59->81367453-3bf0-4298-8a83-8d5c3816df16: receive RaftClientReply:client-CB1B8AC74E59->81367453-3bf0-4298-8a83-8d5c3816df16@group-F6EC397515C5, cid=216, SUCCESS, logIndex=316, commits[81367453-3bf0-4298-8a83-8d5c3816df16:c318]
2019-09-03 20:25:47,092 [SCMBlockDeletingService#1] DEBUG block.SCMBlockDeletingService (SCMBlockDeletingService.java:call(138)) - Running DeletedBlockTransactionScanner
2019-09-03 20:25:47,093 [SCMBlockDeletingService#1] DEBUG block.SCMBlockDeletingService (SCMBlockDeletingService.java:call(155)) - Scanned deleted blocks log and got 0 delTX to process.
2019-09-03 20:25:47,095 [grpc-default-executor-2] INFO  client.GrpcClientProtocolClient (GrpcClientProtocolClient.java:onNext(255)) - client-CB1B8AC74E59->81367453-3bf0-4298-8a83-8d5c3816df16: receive RaftClientReply:client-CB1B8AC74E59->81367453-3bf0-4298-8a83-8d5c3816df16@group-F6EC397515C5, cid=217, SUCCESS, logIndex=319, commits[81367453-3bf0-4298-8a83-8d5c3816df16:c322]
2019-09-03 20:25:47,096 [grpc-default-executor-2] INFO  client.GrpcClientProtocolClient (GrpcClientProtocolClient.java:onNext(255)) - client-CB1B8AC74E59->81367453-3bf0-4298-8a83-8d5c3816df16: receive RaftClientReply:client-CB1B8AC74E59->81367453-3bf0-4298-8a83-8d5c3816df16@group-F6EC397515C5, cid=218, SUCCESS, logIndex=320, commits[81367453-3bf0-4298-8a83-8d5c3816df16:c323]
2019-09-03 20:25:47,096 [grpc-default-executor-2] INFO  client.GrpcClientProtocolClient (GrpcClientProtocolClient.java:onNext(255)) - client-CB1B8AC74E59->81367453-3bf0-4298-8a83-8d5c3816df16: receive RaftClientReply:client-CB1B8AC74E59->81367453-3bf0-4298-8a83-8d5c3816df16@group-F6EC397515C5, cid=219, SUCCESS, logIndex=321, commits[81367453-3bf0-4298-8a83-8d5c3816df16:c324]
2019-09-03 20:25:47,097 [grpc-default-executor-2] INFO  client.GrpcClientProtocolClient (GrpcClientProtocolClient.java:onNext(255)) - client-CB1B8AC74E59->81367453-3bf0-4298-8a83-8d5c3816df16: receive RaftClientReply:client-CB1B8AC74E59->81367453-3bf0-4298-8a83-8d5c3816df16@group-F6EC397515C5, cid=220, SUCCESS, logIndex=322, commits[81367453-3bf0-4298-8a83-8d5c3816df16:c324]
2019-09-03 20:25:47,193 [SCMBlockDeletingService#1] DEBUG block.SCMBlockDeletingService (SCMBlockDeletingService.java:call(138)) - Running DeletedBlockTransactionScanner
2019-09-03 20:25:47,194 [SCMBlockDeletingService#1] DEBUG block.SCMBlockDeletingService (SCMBlockDeletingService.java:call(155)) - Scanned deleted blocks log and got 0 delTX to process.
2019-09-03 20:25:47,214 [grpc-default-executor-2] INFO  client.GrpcClientProtocolClient (GrpcClientProtocolClient.java:onNext(255)) - client-CB1B8AC74E59->81367453-3bf0-4298-8a83-8d5c3816df16: receive RaftClientReply:client-CB1B8AC74E59->81367453-3bf0-4298-8a83-8d5c3816df16@group-F6EC397515C5, cid=221, SUCCESS, logIndex=325, commits[81367453-3bf0-4298-8a83-8d5c3816df16:c326]
2019-09-03 20:25:47,215 [grpc-default-executor-2] INFO  client.GrpcClientProtocolClient (GrpcClientProtocolClient.java:onNext(255)) - client-CB1B8AC74E59->81367453-3bf0-4298-8a83-8d5c3816df16: receive RaftClientReply:client-CB1B8AC74E59->81367453-3bf0-4298-8a83-8d5c3816df16@group-F6EC397515C5, cid=222, SUCCESS, logIndex=326, commits[81367453-3bf0-4298-8a83-8d5c3816df16:c326]
2019-09-03 20:25:47,222 [grpc-default-executor-2] INFO  client.GrpcClientProtocolClient (GrpcClientProtocolClient.java:onNext(255)) - client-CB1B8AC74E59->81367453-3bf0-4298-8a83-8d5c3816df16: receive RaftClientReply:client-CB1B8AC74E59->81367453-3bf0-4298-8a83-8d5c3816df16@group-F6EC397515C5, cid=223, SUCCESS, logIndex=327, commits[81367453-3bf0-4298-8a83-8d5c3816df16:c328]
2019-09-03 20:25:47,223 [grpc-default-executor-2] INFO  client.GrpcClientProtocolClient (GrpcClientProtocolClient.java:onNext(255)) - client-CB1B8AC74E59->81367453-3bf0-4298-8a83-8d5c3816df16: receive RaftClientReply:client-CB1B8AC74E59->81367453-3bf0-4298-8a83-8d5c3816df16@group-F6EC397515C5, cid=224, SUCCESS, logIndex=328, commits[81367453-3bf0-4298-8a83-8d5c3816df16:c328]
2019-09-03 20:25:47,246 [grpc-default-executor-2] INFO  client.GrpcClientProtocolClient (GrpcClientProtocolClient.java:onNext(255)) - client-CB1B8AC74E59->81367453-3bf0-4298-8a83-8d5c3816df16: receive RaftClientReply:client-CB1B8AC74E59->81367453-3bf0-4298-8a83-8d5c3816df16@group-F6EC397515C5, cid=225, SUCCESS, logIndex=331, commits[81367453-3bf0-4298-8a83-8d5c3816df16:c334]
2019-09-03 20:25:47,246 [grpc-default-executor-2] INFO  client.GrpcClientProtocolClient (GrpcClientProtocolClient.java:onNext(255)) - client-CB1B8AC74E59->81367453-3bf0-4298-8a83-8d5c3816df16: receive RaftClientReply:client-CB1B8AC74E59->81367453-3bf0-4298-8a83-8d5c3816df16@group-F6EC397515C5, cid=226, SUCCESS, logIndex=332, commits[81367453-3bf0-4298-8a83-8d5c3816df16:c334]
2019-09-03 20:25:47,247 [grpc-default-executor-2] INFO  client.GrpcClientProtocolClient (GrpcClientProtocolClient.java:onNext(255)) - client-CB1B8AC74E59->81367453-3bf0-4298-8a83-8d5c3816df16: receive RaftClientReply:client-CB1B8AC74E59->81367453-3bf0-4298-8a83-8d5c3816df16@group-F6EC397515C5, cid=227, SUCCESS, logIndex=333, commits[81367453-3bf0-4298-8a83-8d5c3816df16:c335]
2019-09-03 20:25:47,247 [grpc-default-executor-2] INFO  client.GrpcClientProtocolClient (GrpcClientProtocolClient.java:onNext(255)) - client-CB1B8AC74E59->81367453-3bf0-4298-8a83-8d5c3816df16: receive RaftClientReply:client-CB1B8AC74E59->81367453-3bf0-4298-8a83-8d5c3816df16@group-F6EC397515C5, cid=228, SUCCESS, logIndex=334, commits[81367453-3bf0-4298-8a83-8d5c3816df16:c335]
2019-09-03 20:25:47,267 [grpc-default-executor-1] INFO  client.GrpcClientProtocolClient (GrpcClientProtocolClient.java:onNext(255)) - client-CB1B8AC74E59->81367453-3bf0-4298-8a83-8d5c3816df16: receive RaftClientReply:client-CB1B8AC74E59->81367453-3bf0-4298-8a83-8d5c3816df16@group-F6EC397515C5, cid=229, SUCCESS, logIndex=336, commits[81367453-3bf0-4298-8a83-8d5c3816df16:c337]
2019-09-03 20:25:47,268 [grpc-default-executor-1] INFO  client.GrpcClientProtocolClient (GrpcClientProtocolClient.java:onNext(255)) - client-CB1B8AC74E59->81367453-3bf0-4298-8a83-8d5c3816df16: receive RaftClientReply:client-CB1B8AC74E59->81367453-3bf0-4298-8a83-8d5c3816df16@group-F6EC397515C5, cid=230, SUCCESS, logIndex=337, commits[81367453-3bf0-4298-8a83-8d5c3816df16:c340]
2019-09-03 20:25:47,268 [grpc-default-executor-1] INFO  client.GrpcClientProtocolClient (GrpcClientProtocolClient.java:onNext(255)) - client-CB1B8AC74E59->81367453-3bf0-4298-8a83-8d5c3816df16: receive RaftClientReply:client-CB1B8AC74E59->81367453-3bf0-4298-8a83-8d5c3816df16@group-F6EC397515C5, cid=231, SUCCESS, logIndex=338, commits[81367453-3bf0-4298-8a83-8d5c3816df16:c340]
2019-09-03 20:25:47,268 [grpc-default-executor-1] INFO  client.GrpcClientProtocolClient (GrpcClientProtocolClient.java:onNext(255)) - client-CB1B8AC74E59->81367453-3bf0-4298-8a83-8d5c3816df16: receive RaftClientReply:client-CB1B8AC74E59->81367453-3bf0-4298-8a83-8d5c3816df16@group-F6EC397515C5, cid=232, SUCCESS, logIndex=339, commits[81367453-3bf0-4298-8a83-8d5c3816df16:c341]
2019-09-03 20:25:47,294 [grpc-default-executor-2] INFO  client.GrpcClientProtocolClient (GrpcClientProtocolClient.java:onNext(255)) - client-CB1B8AC74E59->81367453-3bf0-4298-8a83-8d5c3816df16: receive RaftClientReply:client-CB1B8AC74E59->81367453-3bf0-4298-8a83-8d5c3816df16@group-F6EC397515C5, cid=233, SUCCESS, logIndex=342, commits[81367453-3bf0-4298-8a83-8d5c3816df16:c343]
2019-09-03 20:25:47,294 [SCMBlockDeletingService#1] DEBUG block.SCMBlockDeletingService (SCMBlockDeletingService.java:call(138)) - Running DeletedBlockTransactionScanner
2019-09-03 20:25:47,294 [SCMBlockDeletingService#1] DEBUG block.SCMBlockDeletingService (SCMBlockDeletingService.java:call(155)) - Scanned deleted blocks log and got 0 delTX to process.
2019-09-03 20:25:47,294 [grpc-default-executor-2] INFO  client.GrpcClientProtocolClient (GrpcClientProtocolClient.java:onNext(255)) - client-CB1B8AC74E59->81367453-3bf0-4298-8a83-8d5c3816df16: receive RaftClientReply:client-CB1B8AC74E59->81367453-3bf0-4298-8a83-8d5c3816df16@group-F6EC397515C5, cid=234, SUCCESS, logIndex=343, commits[81367453-3bf0-4298-8a83-8d5c3816df16:c345]
2019-09-03 20:25:47,295 [grpc-default-executor-2] INFO  client.GrpcClientProtocolClient (GrpcClientProtocolClient.java:onNext(255)) - client-CB1B8AC74E59->81367453-3bf0-4298-8a83-8d5c3816df16: receive RaftClientReply:client-CB1B8AC74E59->81367453-3bf0-4298-8a83-8d5c3816df16@group-F6EC397515C5, cid=235, SUCCESS, logIndex=344, commits[81367453-3bf0-4298-8a83-8d5c3816df16:c346]
2019-09-03 20:25:47,295 [grpc-default-executor-2] INFO  client.GrpcClientProtocolClient (GrpcClientProtocolClient.java:onNext(255)) - client-CB1B8AC74E59->81367453-3bf0-4298-8a83-8d5c3816df16: receive RaftClientReply:client-CB1B8AC74E59->81367453-3bf0-4298-8a83-8d5c3816df16@group-F6EC397515C5, cid=236, SUCCESS, logIndex=345, commits[81367453-3bf0-4298-8a83-8d5c3816df16:c347]
2019-09-03 20:25:47,316 [grpc-default-executor-2] INFO  client.GrpcClientProtocolClient (GrpcClientProtocolClient.java:onNext(255)) - client-CB1B8AC74E59->81367453-3bf0-4298-8a83-8d5c3816df16: receive RaftClientReply:client-CB1B8AC74E59->81367453-3bf0-4298-8a83-8d5c3816df16@group-F6EC397515C5, cid=237, SUCCESS, logIndex=348, commits[81367453-3bf0-4298-8a83-8d5c3816df16:c351]
2019-09-03 20:25:47,316 [grpc-default-executor-2] INFO  client.GrpcClientProtocolClient (GrpcClientProtocolClient.java:onNext(255)) - client-CB1B8AC74E59->81367453-3bf0-4298-8a83-8d5c3816df16: receive RaftClientReply:client-CB1B8AC74E59->81367453-3bf0-4298-8a83-8d5c3816df16@group-F6EC397515C5, cid=238, SUCCESS, logIndex=349, commits[81367453-3bf0-4298-8a83-8d5c3816df16:c351]
2019-09-03 20:25:47,317 [grpc-default-executor-2] INFO  client.GrpcClientProtocolClient (GrpcClientProtocolClient.java:onNext(255)) - client-CB1B8AC74E59->81367453-3bf0-4298-8a83-8d5c3816df16: receive RaftClientReply:client-CB1B8AC74E59->81367453-3bf0-4298-8a83-8d5c3816df16@group-F6EC397515C5, cid=239, SUCCESS, logIndex=350, commits[81367453-3bf0-4298-8a83-8d5c3816df16:c351]
2019-09-03 20:25:47,317 [grpc-default-executor-2] INFO  client.GrpcClientProtocolClient (GrpcClientProtocolClient.java:onNext(255)) - client-CB1B8AC74E59->81367453-3bf0-4298-8a83-8d5c3816df16: receive RaftClientReply:client-CB1B8AC74E59->81367453-3bf0-4298-8a83-8d5c3816df16@group-F6EC397515C5, cid=240, SUCCESS, logIndex=351, commits[81367453-3bf0-4298-8a83-8d5c3816df16:c351]
2019-09-03 20:25:47,343 [grpc-default-executor-1] INFO  client.GrpcClientProtocolClient (GrpcClientProtocolClient.java:onNext(255)) - client-CB1B8AC74E59->81367453-3bf0-4298-8a83-8d5c3816df16: receive RaftClientReply:client-CB1B8AC74E59->81367453-3bf0-4298-8a83-8d5c3816df16@group-F6EC397515C5, cid=241, SUCCESS, logIndex=354, commits[81367453-3bf0-4298-8a83-8d5c3816df16:c357]
2019-09-03 20:25:47,343 [grpc-default-executor-1] INFO  client.GrpcClientProtocolClient (GrpcClientProtocolClient.java:onNext(255)) - client-CB1B8AC74E59->81367453-3bf0-4298-8a83-8d5c3816df16: receive RaftClientReply:client-CB1B8AC74E59->81367453-3bf0-4298-8a83-8d5c3816df16@group-F6EC397515C5, cid=242, SUCCESS, logIndex=355, commits[81367453-3bf0-4298-8a83-8d5c3816df16:c358]
2019-09-03 20:25:47,344 [grpc-default-executor-1] INFO  client.GrpcClientProtocolClient (GrpcClientProtocolClient.java:onNext(255)) - client-CB1B8AC74E59->81367453-3bf0-4298-8a83-8d5c3816df16: receive RaftClientReply:client-CB1B8AC74E59->81367453-3bf0-4298-8a83-8d5c3816df16@group-F6EC397515C5, cid=243, SUCCESS, logIndex=356, commits[81367453-3bf0-4298-8a83-8d5c3816df16:c358]
2019-09-03 20:25:47,344 [grpc-default-executor-1] INFO  client.GrpcClientProtocolClient (GrpcClientProtocolClient.java:onNext(255)) - client-CB1B8AC74E59->81367453-3bf0-4298-8a83-8d5c3816df16: receive RaftClientReply:client-CB1B8AC74E59->81367453-3bf0-4298-8a83-8d5c3816df16@group-F6EC397515C5, cid=244, SUCCESS, logIndex=357, commits[81367453-3bf0-4298-8a83-8d5c3816df16:c359]
2019-09-03 20:25:47,365 [grpc-default-executor-2] INFO  client.GrpcClientProtocolClient (GrpcClientProtocolClient.java:onNext(255)) - client-CB1B8AC74E59->81367453-3bf0-4298-8a83-8d5c3816df16: receive RaftClientReply:client-CB1B8AC74E59->81367453-3bf0-4298-8a83-8d5c3816df16@group-F6EC397515C5, cid=245, SUCCESS, logIndex=360, commits[81367453-3bf0-4298-8a83-8d5c3816df16:c361]
2019-09-03 20:25:47,365 [grpc-default-executor-2] INFO  client.GrpcClientProtocolClient (GrpcClientProtocolClient.java:onNext(255)) - client-CB1B8AC74E59->81367453-3bf0-4298-8a83-8d5c3816df16: receive RaftClientReply:client-CB1B8AC74E59->81367453-3bf0-4298-8a83-8d5c3816df16@group-F6EC397515C5, cid=246, SUCCESS, logIndex=361, commits[81367453-3bf0-4298-8a83-8d5c3816df16:c361]
2019-09-03 20:25:47,370 [grpc-default-executor-2] INFO  client.GrpcClientProtocolClient (GrpcClientProtocolClient.java:onNext(255)) - client-CB1B8AC74E59->81367453-3bf0-4298-8a83-8d5c3816df16: receive RaftClientReply:client-CB1B8AC74E59->81367453-3bf0-4298-8a83-8d5c3816df16@group-F6EC397515C5, cid=247, SUCCESS, logIndex=362, commits[81367453-3bf0-4298-8a83-8d5c3816df16:c363]
2019-09-03 20:25:47,370 [grpc-default-executor-2] INFO  client.GrpcClientProtocolClient (GrpcClientProtocolClient.java:onNext(255)) - client-CB1B8AC74E59->81367453-3bf0-4298-8a83-8d5c3816df16: receive RaftClientReply:client-CB1B8AC74E59->81367453-3bf0-4298-8a83-8d5c3816df16@group-F6EC397515C5, cid=248, SUCCESS, logIndex=363, commits[81367453-3bf0-4298-8a83-8d5c3816df16:c363]
2019-09-03 20:25:47,394 [SCMBlockDeletingService#1] DEBUG block.SCMBlockDeletingService (SCMBlockDeletingService.java:call(138)) - Running DeletedBlockTransactionScanner
2019-09-03 20:25:47,394 [grpc-default-executor-1] INFO  client.GrpcClientProtocolClient (GrpcClientProtocolClient.java:onNext(255)) - client-CB1B8AC74E59->81367453-3bf0-4298-8a83-8d5c3816df16: receive RaftClientReply:client-CB1B8AC74E59->81367453-3bf0-4298-8a83-8d5c3816df16@group-F6EC397515C5, cid=249, SUCCESS, logIndex=366, commits[81367453-3bf0-4298-8a83-8d5c3816df16:c367]
2019-09-03 20:25:47,395 [SCMBlockDeletingService#1] DEBUG block.SCMBlockDeletingService (SCMBlockDeletingService.java:call(155)) - Scanned deleted blocks log and got 0 delTX to process.
2019-09-03 20:25:47,395 [grpc-default-executor-1] INFO  client.GrpcClientProtocolClient (GrpcClientProtocolClient.java:onNext(255)) - client-CB1B8AC74E59->81367453-3bf0-4298-8a83-8d5c3816df16: receive RaftClientReply:client-CB1B8AC74E59->81367453-3bf0-4298-8a83-8d5c3816df16@group-F6EC397515C5, cid=250, SUCCESS, logIndex=367, commits[81367453-3bf0-4298-8a83-8d5c3816df16:c367]
2019-09-03 20:25:47,406 [grpc-default-executor-1] INFO  client.GrpcClientProtocolClient (GrpcClientProtocolClient.java:onNext(255)) - client-CB1B8AC74E59->81367453-3bf0-4298-8a83-8d5c3816df16: receive RaftClientReply:client-CB1B8AC74E59->81367453-3bf0-4298-8a83-8d5c3816df16@group-F6EC397515C5, cid=251, SUCCESS, logIndex=368, commits[81367453-3bf0-4298-8a83-8d5c3816df16:c369]
2019-09-03 20:25:47,406 [grpc-default-executor-1] INFO  client.GrpcClientProtocolClient (GrpcClientProtocolClient.java:onNext(255)) - client-CB1B8AC74E59->81367453-3bf0-4298-8a83-8d5c3816df16: receive RaftClientReply:client-CB1B8AC74E59->81367453-3bf0-4298-8a83-8d5c3816df16@group-F6EC397515C5, cid=252, SUCCESS, logIndex=369, commits[81367453-3bf0-4298-8a83-8d5c3816df16:c369]
2019-09-03 20:25:47,422 [grpc-default-executor-1] INFO  client.GrpcClientProtocolClient (GrpcClientProtocolClient.java:onNext(255)) - client-CB1B8AC74E59->81367453-3bf0-4298-8a83-8d5c3816df16: receive RaftClientReply:client-CB1B8AC74E59->81367453-3bf0-4298-8a83-8d5c3816df16@group-F6EC397515C5, cid=253, SUCCESS, logIndex=372, commits[81367453-3bf0-4298-8a83-8d5c3816df16:c375]
2019-09-03 20:25:47,423 [grpc-default-executor-1] INFO  client.GrpcClientProtocolClient (GrpcClientProtocolClient.java:onNext(255)) - client-CB1B8AC74E59->81367453-3bf0-4298-8a83-8d5c3816df16: receive RaftClientReply:client-CB1B8AC74E59->81367453-3bf0-4298-8a83-8d5c3816df16@group-F6EC397515C5, cid=254, SUCCESS, logIndex=373, commits[81367453-3bf0-4298-8a83-8d5c3816df16:c375]
2019-09-03 20:25:47,423 [grpc-default-executor-1] INFO  client.GrpcClientProtocolClient (GrpcClientProtocolClient.java:onNext(255)) - client-CB1B8AC74E59->81367453-3bf0-4298-8a83-8d5c3816df16: receive RaftClientReply:client-CB1B8AC74E59->81367453-3bf0-4298-8a83-8d5c3816df16@group-F6EC397515C5, cid=255, SUCCESS, logIndex=374, commits[81367453-3bf0-4298-8a83-8d5c3816df16:c375]
2019-09-03 20:25:47,424 [grpc-default-executor-1] INFO  client.GrpcClientProtocolClient (GrpcClientProtocolClient.java:onNext(255)) - client-CB1B8AC74E59->81367453-3bf0-4298-8a83-8d5c3816df16: receive RaftClientReply:client-CB1B8AC74E59->81367453-3bf0-4298-8a83-8d5c3816df16@group-F6EC397515C5, cid=256, SUCCESS, logIndex=375, commits[81367453-3bf0-4298-8a83-8d5c3816df16:c375]
2019-09-03 20:25:47,443 [grpc-default-executor-1] INFO  client.GrpcClientProtocolClient (GrpcClientProtocolClient.java:onNext(255)) - client-CB1B8AC74E59->81367453-3bf0-4298-8a83-8d5c3816df16: receive RaftClientReply:client-CB1B8AC74E59->81367453-3bf0-4298-8a83-8d5c3816df16@group-F6EC397515C5, cid=257, SUCCESS, logIndex=377, commits[81367453-3bf0-4298-8a83-8d5c3816df16:c378]
2019-09-03 20:25:47,444 [grpc-default-executor-1] INFO  client.GrpcClientProtocolClient (GrpcClientProtocolClient.java:onNext(255)) - client-CB1B8AC74E59->81367453-3bf0-4298-8a83-8d5c3816df16: receive RaftClientReply:client-CB1B8AC74E59->81367453-3bf0-4298-8a83-8d5c3816df16@group-F6EC397515C5, cid=258, SUCCESS, logIndex=378, commits[81367453-3bf0-4298-8a83-8d5c3816df16:c378]
2019-09-03 20:25:47,452 [grpc-default-executor-1] INFO  client.GrpcClientProtocolClient (GrpcClientProtocolClient.java:onNext(255)) - client-CB1B8AC74E59->81367453-3bf0-4298-8a83-8d5c3816df16: receive RaftClientReply:client-CB1B8AC74E59->81367453-3bf0-4298-8a83-8d5c3816df16@group-F6EC397515C5, cid=259, SUCCESS, logIndex=379, commits[81367453-3bf0-4298-8a83-8d5c3816df16:c380]
2019-09-03 20:25:47,452 [grpc-default-executor-1] INFO  client.GrpcClientProtocolClient (GrpcClientProtocolClient.java:onNext(255)) - client-CB1B8AC74E59->81367453-3bf0-4298-8a83-8d5c3816df16: receive RaftClientReply:client-CB1B8AC74E59->81367453-3bf0-4298-8a83-8d5c3816df16@group-F6EC397515C5, cid=260, SUCCESS, logIndex=380, commits[81367453-3bf0-4298-8a83-8d5c3816df16:c380]
2019-09-03 20:25:47,473 [grpc-default-executor-1] INFO  client.GrpcClientProtocolClient (GrpcClientProtocolClient.java:onNext(255)) - client-CB1B8AC74E59->81367453-3bf0-4298-8a83-8d5c3816df16: receive RaftClientReply:client-CB1B8AC74E59->81367453-3bf0-4298-8a83-8d5c3816df16@group-F6EC397515C5, cid=261, SUCCESS, logIndex=383, commits[81367453-3bf0-4298-8a83-8d5c3816df16:c386]
2019-09-03 20:25:47,473 [grpc-default-executor-1] INFO  client.GrpcClientProtocolClient (GrpcClientProtocolClient.java:onNext(255)) - client-CB1B8AC74E59->81367453-3bf0-4298-8a83-8d5c3816df16: receive RaftClientReply:client-CB1B8AC74E59->81367453-3bf0-4298-8a83-8d5c3816df16@group-F6EC397515C5, cid=262, SUCCESS, logIndex=384, commits[81367453-3bf0-4298-8a83-8d5c3816df16:c386]
2019-09-03 20:25:47,474 [grpc-default-executor-1] INFO  client.GrpcClientProtocolClient (GrpcClientProtocolClient.java:onNext(255)) - client-CB1B8AC74E59->81367453-3bf0-4298-8a83-8d5c3816df16: receive RaftClientReply:client-CB1B8AC74E59->81367453-3bf0-4298-8a83-8d5c3816df16@group-F6EC397515C5, cid=263, SUCCESS, logIndex=385, commits[81367453-3bf0-4298-8a83-8d5c3816df16:c386]
2019-09-03 20:25:47,474 [grpc-default-executor-1] INFO  client.GrpcClientProtocolClient (GrpcClientProtocolClient.java:onNext(255)) - client-CB1B8AC74E59->81367453-3bf0-4298-8a83-8d5c3816df16: receive RaftClientReply:client-CB1B8AC74E59->81367453-3bf0-4298-8a83-8d5c3816df16@group-F6EC397515C5, cid=264, SUCCESS, logIndex=386, commits[81367453-3bf0-4298-8a83-8d5c3816df16:c386]
2019-09-03 20:25:47,495 [SCMBlockDeletingService#1] DEBUG block.SCMBlockDeletingService (SCMBlockDeletingService.java:call(138)) - Running DeletedBlockTransactionScanner
2019-09-03 20:25:47,496 [SCMBlockDeletingService#1] DEBUG block.SCMBlockDeletingService (SCMBlockDeletingService.java:call(155)) - Scanned deleted blocks log and got 0 delTX to process.
2019-09-03 20:25:47,724 [SCMBlockDeletingService#1] DEBUG block.SCMBlockDeletingService (SCMBlockDeletingService.java:call(138)) - Running DeletedBlockTransactionScanner
2019-09-03 20:25:47,724 [SCMBlockDeletingService#1] DEBUG block.SCMBlockDeletingService (SCMBlockDeletingService.java:call(155)) - Scanned deleted blocks log and got 0 delTX to process.
2019-09-03 20:25:47,752 [grpc-default-executor-2] INFO  client.GrpcClientProtocolClient (GrpcClientProtocolClient.java:onNext(255)) - client-CB1B8AC74E59->81367453-3bf0-4298-8a83-8d5c3816df16: receive RaftClientReply:client-CB1B8AC74E59->81367453-3bf0-4298-8a83-8d5c3816df16@group-F6EC397515C5, cid=265, SUCCESS, logIndex=388, commits[81367453-3bf0-4298-8a83-8d5c3816df16:c391]
2019-09-03 20:25:47,753 [grpc-default-executor-2] INFO  client.GrpcClientProtocolClient (GrpcClientProtocolClient.java:onNext(255)) - client-CB1B8AC74E59->81367453-3bf0-4298-8a83-8d5c3816df16: receive RaftClientReply:client-CB1B8AC74E59->81367453-3bf0-4298-8a83-8d5c3816df16@group-F6EC397515C5, cid=266, SUCCESS, logIndex=389, commits[81367453-3bf0-4298-8a83-8d5c3816df16:c391]
2019-09-03 20:25:47,753 [grpc-default-executor-2] INFO  client.GrpcClientProtocolClient (GrpcClientProtocolClient.java:onNext(255)) - client-CB1B8AC74E59->81367453-3bf0-4298-8a83-8d5c3816df16: receive RaftClientReply:client-CB1B8AC74E59->81367453-3bf0-4298-8a83-8d5c3816df16@group-F6EC397515C5, cid=267, SUCCESS, logIndex=390, commits[81367453-3bf0-4298-8a83-8d5c3816df16:c391]
2019-09-03 20:25:47,754 [grpc-default-executor-2] INFO  client.GrpcClientProtocolClient (GrpcClientProtocolClient.java:onNext(255)) - client-CB1B8AC74E59->81367453-3bf0-4298-8a83-8d5c3816df16: receive RaftClientReply:client-CB1B8AC74E59->81367453-3bf0-4298-8a83-8d5c3816df16@group-F6EC397515C5, cid=268, SUCCESS, logIndex=391, commits[81367453-3bf0-4298-8a83-8d5c3816df16:c391]
2019-09-03 20:25:47,771 [grpc-default-executor-2] INFO  client.GrpcClientProtocolClient (GrpcClientProtocolClient.java:onNext(255)) - client-CB1B8AC74E59->81367453-3bf0-4298-8a83-8d5c3816df16: receive RaftClientReply:client-CB1B8AC74E59->81367453-3bf0-4298-8a83-8d5c3816df16@group-F6EC397515C5, cid=269, SUCCESS, logIndex=393, commits[81367453-3bf0-4298-8a83-8d5c3816df16:c394]
2019-09-03 20:25:47,772 [grpc-default-executor-2] INFO  client.GrpcClientProtocolClient (GrpcClientProtocolClient.java:onNext(255)) - client-CB1B8AC74E59->81367453-3bf0-4298-8a83-8d5c3816df16: receive RaftClientReply:client-CB1B8AC74E59->81367453-3bf0-4298-8a83-8d5c3816df16@group-F6EC397515C5, cid=270, SUCCESS, logIndex=394, commits[81367453-3bf0-4298-8a83-8d5c3816df16:c394]
2019-09-03 20:25:47,777 [grpc-default-executor-2] INFO  client.GrpcClientProtocolClient (GrpcClientProtocolClient.java:onNext(255)) - client-CB1B8AC74E59->81367453-3bf0-4298-8a83-8d5c3816df16: receive RaftClientReply:client-CB1B8AC74E59->81367453-3bf0-4298-8a83-8d5c3816df16@group-F6EC397515C5, cid=271, SUCCESS, logIndex=395, commits[81367453-3bf0-4298-8a83-8d5c3816df16:c396]
2019-09-03 20:25:47,777 [grpc-default-executor-2] INFO  client.GrpcClientProtocolClient (GrpcClientProtocolClient.java:onNext(255)) - client-CB1B8AC74E59->81367453-3bf0-4298-8a83-8d5c3816df16: receive RaftClientReply:client-CB1B8AC74E59->81367453-3bf0-4298-8a83-8d5c3816df16@group-F6EC397515C5, cid=272, SUCCESS, logIndex=396, commits[81367453-3bf0-4298-8a83-8d5c3816df16:c396]
2019-09-03 20:25:47,802 [grpc-default-executor-2] INFO  client.GrpcClientProtocolClient (GrpcClientProtocolClient.java:onNext(255)) - client-CB1B8AC74E59->81367453-3bf0-4298-8a83-8d5c3816df16: receive RaftClientReply:client-CB1B8AC74E59->81367453-3bf0-4298-8a83-8d5c3816df16@group-F6EC397515C5, cid=273, SUCCESS, logIndex=399, commits[81367453-3bf0-4298-8a83-8d5c3816df16:c400]
2019-09-03 20:25:47,803 [grpc-default-executor-2] INFO  client.GrpcClientProtocolClient (GrpcClientProtocolClient.java:onNext(255)) - client-CB1B8AC74E59->81367453-3bf0-4298-8a83-8d5c3816df16: receive RaftClientReply:client-CB1B8AC74E59->81367453-3bf0-4298-8a83-8d5c3816df16@group-F6EC397515C5, cid=274, SUCCESS, logIndex=400, commits[81367453-3bf0-4298-8a83-8d5c3816df16:c400]
2019-09-03 20:25:47,813 [grpc-default-executor-2] INFO  client.GrpcClientProtocolClient (GrpcClientProtocolClient.java:onNext(255)) - client-CB1B8AC74E59->81367453-3bf0-4298-8a83-8d5c3816df16: receive RaftClientReply:client-CB1B8AC74E59->81367453-3bf0-4298-8a83-8d5c3816df16@group-F6EC397515C5, cid=275, SUCCESS, logIndex=401, commits[81367453-3bf0-4298-8a83-8d5c3816df16:c402]
2019-09-03 20:25:47,814 [grpc-default-executor-2] INFO  client.GrpcClientProtocolClient (GrpcClientProtocolClient.java:onNext(255)) - client-CB1B8AC74E59->81367453-3bf0-4298-8a83-8d5c3816df16: receive RaftClientReply:client-CB1B8AC74E59->81367453-3bf0-4298-8a83-8d5c3816df16@group-F6EC397515C5, cid=276, SUCCESS, logIndex=402, commits[81367453-3bf0-4298-8a83-8d5c3816df16:c402]
2019-09-03 20:25:47,825 [SCMBlockDeletingService#1] DEBUG block.SCMBlockDeletingService (SCMBlockDeletingService.java:call(138)) - Running DeletedBlockTransactionScanner
2019-09-03 20:25:47,825 [SCMBlockDeletingService#1] DEBUG block.SCMBlockDeletingService (SCMBlockDeletingService.java:call(155)) - Scanned deleted blocks log and got 0 delTX to process.
2019-09-03 20:25:47,840 [grpc-default-executor-1] INFO  client.GrpcClientProtocolClient (GrpcClientProtocolClient.java:onNext(255)) - client-CB1B8AC74E59->81367453-3bf0-4298-8a83-8d5c3816df16: receive RaftClientReply:client-CB1B8AC74E59->81367453-3bf0-4298-8a83-8d5c3816df16@group-F6EC397515C5, cid=277, SUCCESS, logIndex=405, commits[81367453-3bf0-4298-8a83-8d5c3816df16:c406]
2019-09-03 20:25:47,840 [grpc-default-executor-1] INFO  client.GrpcClientProtocolClient (GrpcClientProtocolClient.java:onNext(255)) - client-CB1B8AC74E59->81367453-3bf0-4298-8a83-8d5c3816df16: receive RaftClientReply:client-CB1B8AC74E59->81367453-3bf0-4298-8a83-8d5c3816df16@group-F6EC397515C5, cid=278, SUCCESS, logIndex=406, commits[81367453-3bf0-4298-8a83-8d5c3816df16:c406]
2019-09-03 20:25:47,868 [grpc-default-executor-1] INFO  client.GrpcClientProtocolClient (GrpcClientProtocolClient.java:onNext(255)) - client-CB1B8AC74E59->81367453-3bf0-4298-8a83-8d5c3816df16: receive RaftClientReply:client-CB1B8AC74E59->81367453-3bf0-4298-8a83-8d5c3816df16@group-F6EC397515C5, cid=279, SUCCESS, logIndex=407, commits[81367453-3bf0-4298-8a83-8d5c3816df16:c408]
2019-09-03 20:25:47,869 [grpc-default-executor-1] INFO  client.GrpcClientProtocolClient (GrpcClientProtocolClient.java:onNext(255)) - client-CB1B8AC74E59->81367453-3bf0-4298-8a83-8d5c3816df16: receive RaftClientReply:client-CB1B8AC74E59->81367453-3bf0-4298-8a83-8d5c3816df16@group-F6EC397515C5, cid=280, SUCCESS, logIndex=408, commits[81367453-3bf0-4298-8a83-8d5c3816df16:c408]
2019-09-03 20:25:47,899 [grpc-default-executor-1] INFO  client.GrpcClientProtocolClient (GrpcClientProtocolClient.java:onNext(255)) - client-CB1B8AC74E59->81367453-3bf0-4298-8a83-8d5c3816df16: receive RaftClientReply:client-CB1B8AC74E59->81367453-3bf0-4298-8a83-8d5c3816df16@group-F6EC397515C5, cid=281, SUCCESS, logIndex=411, commits[81367453-3bf0-4298-8a83-8d5c3816df16:c412]
2019-09-03 20:25:47,900 [grpc-default-executor-1] INFO  client.GrpcClientProtocolClient (GrpcClientProtocolClient.java:onNext(255)) - client-CB1B8AC74E59->81367453-3bf0-4298-8a83-8d5c3816df16: receive RaftClientReply:client-CB1B8AC74E59->81367453-3bf0-4298-8a83-8d5c3816df16@group-F6EC397515C5, cid=282, SUCCESS, logIndex=412, commits[81367453-3bf0-4298-8a83-8d5c3816df16:c412]
2019-09-03 20:25:47,914 [grpc-default-executor-1] INFO  client.GrpcClientProtocolClient (GrpcClientProtocolClient.java:onNext(255)) - client-CB1B8AC74E59->81367453-3bf0-4298-8a83-8d5c3816df16: receive RaftClientReply:client-CB1B8AC74E59->81367453-3bf0-4298-8a83-8d5c3816df16@group-F6EC397515C5, cid=283, SUCCESS, logIndex=413, commits[81367453-3bf0-4298-8a83-8d5c3816df16:c414]
2019-09-03 20:25:47,915 [grpc-default-executor-1] INFO  client.GrpcClientProtocolClient (GrpcClientProtocolClient.java:onNext(255)) - client-CB1B8AC74E59->81367453-3bf0-4298-8a83-8d5c3816df16: receive RaftClientReply:client-CB1B8AC74E59->81367453-3bf0-4298-8a83-8d5c3816df16@group-F6EC397515C5, cid=284, SUCCESS, logIndex=414, commits[81367453-3bf0-4298-8a83-8d5c3816df16:c415]
2019-09-03 20:25:47,925 [SCMBlockDeletingService#1] DEBUG block.SCMBlockDeletingService (SCMBlockDeletingService.java:call(138)) - Running DeletedBlockTransactionScanner
2019-09-03 20:25:47,926 [SCMBlockDeletingService#1] DEBUG block.SCMBlockDeletingService (SCMBlockDeletingService.java:call(155)) - Scanned deleted blocks log and got 0 delTX to process.
2019-09-03 20:25:47,944 [grpc-default-executor-1] INFO  client.GrpcClientProtocolClient (GrpcClientProtocolClient.java:onNext(255)) - client-CB1B8AC74E59->81367453-3bf0-4298-8a83-8d5c3816df16: receive RaftClientReply:client-CB1B8AC74E59->81367453-3bf0-4298-8a83-8d5c3816df16@group-F6EC397515C5, cid=285, SUCCESS, logIndex=417, commits[81367453-3bf0-4298-8a83-8d5c3816df16:c418]
2019-09-03 20:25:47,944 [grpc-default-executor-1] INFO  client.GrpcClientProtocolClient (GrpcClientProtocolClient.java:onNext(255)) - client-CB1B8AC74E59->81367453-3bf0-4298-8a83-8d5c3816df16: receive RaftClientReply:client-CB1B8AC74E59->81367453-3bf0-4298-8a83-8d5c3816df16@group-F6EC397515C5, cid=286, SUCCESS, logIndex=418, commits[81367453-3bf0-4298-8a83-8d5c3816df16:c418]
2019-09-03 20:25:47,962 [grpc-default-executor-1] INFO  client.GrpcClientProtocolClient (GrpcClientProtocolClient.java:onNext(255)) - client-CB1B8AC74E59->81367453-3bf0-4298-8a83-8d5c3816df16: receive RaftClientReply:client-CB1B8AC74E59->81367453-3bf0-4298-8a83-8d5c3816df16@group-F6EC397515C5, cid=287, SUCCESS, logIndex=419, commits[81367453-3bf0-4298-8a83-8d5c3816df16:c420]
2019-09-03 20:25:47,962 [grpc-default-executor-1] INFO  client.GrpcClientProtocolClient (GrpcClientProtocolClient.java:onNext(255)) - client-CB1B8AC74E59->81367453-3bf0-4298-8a83-8d5c3816df16: receive RaftClientReply:client-CB1B8AC74E59->81367453-3bf0-4298-8a83-8d5c3816df16@group-F6EC397515C5, cid=288, SUCCESS, logIndex=420, commits[81367453-3bf0-4298-8a83-8d5c3816df16:c421]
2019-09-03 20:25:47,987 [grpc-default-executor-2] INFO  client.GrpcClientProtocolClient (GrpcClientProtocolClient.java:onNext(255)) - client-CB1B8AC74E59->81367453-3bf0-4298-8a83-8d5c3816df16: receive RaftClientReply:client-CB1B8AC74E59->81367453-3bf0-4298-8a83-8d5c3816df16@group-F6EC397515C5, cid=289, SUCCESS, logIndex=423, commits[81367453-3bf0-4298-8a83-8d5c3816df16:c424]
2019-09-03 20:25:47,988 [grpc-default-executor-2] INFO  client.GrpcClientProtocolClient (GrpcClientProtocolClient.java:onNext(255)) - client-CB1B8AC74E59->81367453-3bf0-4298-8a83-8d5c3816df16: receive RaftClientReply:client-CB1B8AC74E59->81367453-3bf0-4298-8a83-8d5c3816df16@group-F6EC397515C5, cid=290, SUCCESS, logIndex=424, commits[81367453-3bf0-4298-8a83-8d5c3816df16:c424]
2019-09-03 20:25:47,992 [grpc-default-executor-2] INFO  client.GrpcClientProtocolClient (GrpcClientProtocolClient.java:onNext(255)) - client-CB1B8AC74E59->81367453-3bf0-4298-8a83-8d5c3816df16: receive RaftClientReply:client-CB1B8AC74E59->81367453-3bf0-4298-8a83-8d5c3816df16@group-F6EC397515C5, cid=291, SUCCESS, logIndex=425, commits[81367453-3bf0-4298-8a83-8d5c3816df16:c426]
2019-09-03 20:25:47,993 [grpc-default-executor-2] INFO  client.GrpcClientProtocolClient (GrpcClientProtocolClient.java:onNext(255)) - client-CB1B8AC74E59->81367453-3bf0-4298-8a83-8d5c3816df16: receive RaftClientReply:client-CB1B8AC74E59->81367453-3bf0-4298-8a83-8d5c3816df16@group-F6EC397515C5, cid=292, SUCCESS, logIndex=426, commits[81367453-3bf0-4298-8a83-8d5c3816df16:c426]
2019-09-03 20:25:48,022 [grpc-default-executor-2] INFO  client.GrpcClientProtocolClient (GrpcClientProtocolClient.java:onNext(255)) - client-CB1B8AC74E59->81367453-3bf0-4298-8a83-8d5c3816df16: receive RaftClientReply:client-CB1B8AC74E59->81367453-3bf0-4298-8a83-8d5c3816df16@group-F6EC397515C5, cid=293, SUCCESS, logIndex=429, commits[81367453-3bf0-4298-8a83-8d5c3816df16:c432]
2019-09-03 20:25:48,022 [grpc-default-executor-2] INFO  client.GrpcClientProtocolClient (GrpcClientProtocolClient.java:onNext(255)) - client-CB1B8AC74E59->81367453-3bf0-4298-8a83-8d5c3816df16: receive RaftClientReply:client-CB1B8AC74E59->81367453-3bf0-4298-8a83-8d5c3816df16@group-F6EC397515C5, cid=294, SUCCESS, logIndex=430, commits[81367453-3bf0-4298-8a83-8d5c3816df16:c432]
2019-09-03 20:25:48,023 [grpc-default-executor-2] INFO  client.GrpcClientProtocolClient (GrpcClientProtocolClient.java:onNext(255)) - client-CB1B8AC74E59->81367453-3bf0-4298-8a83-8d5c3816df16: receive RaftClientReply:client-CB1B8AC74E59->81367453-3bf0-4298-8a83-8d5c3816df16@group-F6EC397515C5, cid=295, SUCCESS, logIndex=431, commits[81367453-3bf0-4298-8a83-8d5c3816df16:c432]
2019-09-03 20:25:48,023 [grpc-default-executor-2] INFO  client.GrpcClientProtocolClient (GrpcClientProtocolClient.java:onNext(255)) - client-CB1B8AC74E59->81367453-3bf0-4298-8a83-8d5c3816df16: receive RaftClientReply:client-CB1B8AC74E59->81367453-3bf0-4298-8a83-8d5c3816df16@group-F6EC397515C5, cid=296, SUCCESS, logIndex=432, commits[81367453-3bf0-4298-8a83-8d5c3816df16:c432]
2019-09-03 20:25:48,026 [SCMBlockDeletingService#1] DEBUG block.SCMBlockDeletingService (SCMBlockDeletingService.java:call(138)) - Running DeletedBlockTransactionScanner
2019-09-03 20:25:48,026 [SCMBlockDeletingService#1] DEBUG block.SCMBlockDeletingService (SCMBlockDeletingService.java:call(155)) - Scanned deleted blocks log and got 0 delTX to process.
2019-09-03 20:25:48,049 [grpc-default-executor-2] INFO  client.GrpcClientProtocolClient (GrpcClientProtocolClient.java:onNext(255)) - client-CB1B8AC74E59->81367453-3bf0-4298-8a83-8d5c3816df16: receive RaftClientReply:client-CB1B8AC74E59->81367453-3bf0-4298-8a83-8d5c3816df16@group-F6EC397515C5, cid=297, SUCCESS, logIndex=434, commits[81367453-3bf0-4298-8a83-8d5c3816df16:c435]
2019-09-03 20:25:48,049 [grpc-default-executor-2] INFO  client.GrpcClientProtocolClient (GrpcClientProtocolClient.java:onNext(255)) - client-CB1B8AC74E59->81367453-3bf0-4298-8a83-8d5c3816df16: receive RaftClientReply:client-CB1B8AC74E59->81367453-3bf0-4298-8a83-8d5c3816df16@group-F6EC397515C5, cid=298, SUCCESS, logIndex=435, commits[81367453-3bf0-4298-8a83-8d5c3816df16:c435]
2019-09-03 20:25:48,055 [grpc-default-executor-2] INFO  client.GrpcClientProtocolClient (GrpcClientProtocolClient.java:onNext(255)) - client-CB1B8AC74E59->81367453-3bf0-4298-8a83-8d5c3816df16: receive RaftClientReply:client-CB1B8AC74E59->81367453-3bf0-4298-8a83-8d5c3816df16@group-F6EC397515C5, cid=299, SUCCESS, logIndex=436, commits[81367453-3bf0-4298-8a83-8d5c3816df16:c437]
2019-09-03 20:25:48,055 [grpc-default-executor-2] INFO  client.GrpcClientProtocolClient (GrpcClientProtocolClient.java:onNext(255)) - client-CB1B8AC74E59->81367453-3bf0-4298-8a83-8d5c3816df16: receive RaftClientReply:client-CB1B8AC74E59->81367453-3bf0-4298-8a83-8d5c3816df16@group-F6EC397515C5, cid=300, SUCCESS, logIndex=437, commits[81367453-3bf0-4298-8a83-8d5c3816df16:c437]
2019-09-03 20:25:48,074 [grpc-default-executor-2] INFO  client.GrpcClientProtocolClient (GrpcClientProtocolClient.java:onNext(255)) - client-CB1B8AC74E59->81367453-3bf0-4298-8a83-8d5c3816df16: receive RaftClientReply:client-CB1B8AC74E59->81367453-3bf0-4298-8a83-8d5c3816df16@group-F6EC397515C5, cid=301, SUCCESS, logIndex=440, commits[81367453-3bf0-4298-8a83-8d5c3816df16:c441]
2019-09-03 20:25:48,075 [grpc-default-executor-2] INFO  client.GrpcClientProtocolClient (GrpcClientProtocolClient.java:onNext(255)) - client-CB1B8AC74E59->81367453-3bf0-4298-8a83-8d5c3816df16: receive RaftClientReply:client-CB1B8AC74E59->81367453-3bf0-4298-8a83-8d5c3816df16@group-F6EC397515C5, cid=302, SUCCESS, logIndex=441, commits[81367453-3bf0-4298-8a83-8d5c3816df16:c441]
2019-09-03 20:25:48,082 [grpc-default-executor-2] INFO  client.GrpcClientProtocolClient (GrpcClientProtocolClient.java:onNext(255)) - client-CB1B8AC74E59->81367453-3bf0-4298-8a83-8d5c3816df16: receive RaftClientReply:client-CB1B8AC74E59->81367453-3bf0-4298-8a83-8d5c3816df16@group-F6EC397515C5, cid=303, SUCCESS, logIndex=442, commits[81367453-3bf0-4298-8a83-8d5c3816df16:c443]
2019-09-03 20:25:48,083 [grpc-default-executor-2] INFO  client.GrpcClientProtocolClient (GrpcClientProtocolClient.java:onNext(255)) - client-CB1B8AC74E59->81367453-3bf0-4298-8a83-8d5c3816df16: receive RaftClientReply:client-CB1B8AC74E59->81367453-3bf0-4298-8a83-8d5c3816df16@group-F6EC397515C5, cid=304, SUCCESS, logIndex=443, commits[81367453-3bf0-4298-8a83-8d5c3816df16:c443]
2019-09-03 20:25:48,122 [grpc-default-executor-1] INFO  client.GrpcClientProtocolClient (GrpcClientProtocolClient.java:onNext(255)) - client-CB1B8AC74E59->81367453-3bf0-4298-8a83-8d5c3816df16: receive RaftClientReply:client-CB1B8AC74E59->81367453-3bf0-4298-8a83-8d5c3816df16@group-F6EC397515C5, cid=305, SUCCESS, logIndex=446, commits[81367453-3bf0-4298-8a83-8d5c3816df16:c447]
2019-09-03 20:25:48,123 [grpc-default-executor-1] INFO  client.GrpcClientProtocolClient (GrpcClientProtocolClient.java:onNext(255)) - client-CB1B8AC74E59->81367453-3bf0-4298-8a83-8d5c3816df16: receive RaftClientReply:client-CB1B8AC74E59->81367453-3bf0-4298-8a83-8d5c3816df16@group-F6EC397515C5, cid=306, SUCCESS, logIndex=447, commits[81367453-3bf0-4298-8a83-8d5c3816df16:c447]
2019-09-03 20:25:48,127 [SCMBlockDeletingService#1] DEBUG block.SCMBlockDeletingService (SCMBlockDeletingService.java:call(138)) - Running DeletedBlockTransactionScanner
2019-09-03 20:25:48,127 [SCMBlockDeletingService#1] DEBUG block.SCMBlockDeletingService (SCMBlockDeletingService.java:call(155)) - Scanned deleted blocks log and got 0 delTX to process.
2019-09-03 20:25:48,147 [grpc-default-executor-1] INFO  client.GrpcClientProtocolClient (GrpcClientProtocolClient.java:onNext(255)) - client-CB1B8AC74E59->81367453-3bf0-4298-8a83-8d5c3816df16: receive RaftClientReply:client-CB1B8AC74E59->81367453-3bf0-4298-8a83-8d5c3816df16@group-F6EC397515C5, cid=307, SUCCESS, logIndex=448, commits[81367453-3bf0-4298-8a83-8d5c3816df16:c449]
2019-09-03 20:25:48,148 [grpc-default-executor-1] INFO  client.GrpcClientProtocolClient (GrpcClientProtocolClient.java:onNext(255)) - client-CB1B8AC74E59->81367453-3bf0-4298-8a83-8d5c3816df16: receive RaftClientReply:client-CB1B8AC74E59->81367453-3bf0-4298-8a83-8d5c3816df16@group-F6EC397515C5, cid=308, SUCCESS, logIndex=449, commits[81367453-3bf0-4298-8a83-8d5c3816df16:c449]
2019-09-03 20:25:48,228 [SCMBlockDeletingService#1] DEBUG block.SCMBlockDeletingService (SCMBlockDeletingService.java:call(138)) - Running DeletedBlockTransactionScanner
2019-09-03 20:25:48,228 [SCMBlockDeletingService#1] DEBUG block.SCMBlockDeletingService (SCMBlockDeletingService.java:call(155)) - Scanned deleted blocks log and got 0 delTX to process.
2019-09-03 20:25:48,284 [grpc-default-executor-1] INFO  client.GrpcClientProtocolClient (GrpcClientProtocolClient.java:onNext(255)) - client-CB1B8AC74E59->81367453-3bf0-4298-8a83-8d5c3816df16: receive RaftClientReply:client-CB1B8AC74E59->81367453-3bf0-4298-8a83-8d5c3816df16@group-F6EC397515C5, cid=309, SUCCESS, logIndex=452, commits[81367453-3bf0-4298-8a83-8d5c3816df16:c453]
2019-09-03 20:25:48,285 [grpc-default-executor-1] INFO  client.GrpcClientProtocolClient (GrpcClientProtocolClient.java:onNext(255)) - client-CB1B8AC74E59->81367453-3bf0-4298-8a83-8d5c3816df16: receive RaftClientReply:client-CB1B8AC74E59->81367453-3bf0-4298-8a83-8d5c3816df16@group-F6EC397515C5, cid=310, SUCCESS, logIndex=453, commits[81367453-3bf0-4298-8a83-8d5c3816df16:c453]
2019-09-03 20:25:48,299 [grpc-default-executor-1] INFO  client.GrpcClientProtocolClient (GrpcClientProtocolClient.java:onNext(255)) - client-CB1B8AC74E59->81367453-3bf0-4298-8a83-8d5c3816df16: receive RaftClientReply:client-CB1B8AC74E59->81367453-3bf0-4298-8a83-8d5c3816df16@group-F6EC397515C5, cid=311, SUCCESS, logIndex=454, commits[81367453-3bf0-4298-8a83-8d5c3816df16:c455]
2019-09-03 20:25:48,300 [grpc-default-executor-1] INFO  client.GrpcClientProtocolClient (GrpcClientProtocolClient.java:onNext(255)) - client-CB1B8AC74E59->81367453-3bf0-4298-8a83-8d5c3816df16: receive RaftClientReply:client-CB1B8AC74E59->81367453-3bf0-4298-8a83-8d5c3816df16@group-F6EC397515C5, cid=312, SUCCESS, logIndex=455, commits[81367453-3bf0-4298-8a83-8d5c3816df16:c455]
2019-09-03 20:25:48,328 [SCMBlockDeletingService#1] DEBUG block.SCMBlockDeletingService (SCMBlockDeletingService.java:call(138)) - Running DeletedBlockTransactionScanner
2019-09-03 20:25:48,329 [SCMBlockDeletingService#1] DEBUG block.SCMBlockDeletingService (SCMBlockDeletingService.java:call(155)) - Scanned deleted blocks log and got 0 delTX to process.
2019-09-03 20:25:48,339 [grpc-default-executor-2] INFO  client.GrpcClientProtocolClient (GrpcClientProtocolClient.java:onNext(255)) - client-CB1B8AC74E59->81367453-3bf0-4298-8a83-8d5c3816df16: receive RaftClientReply:client-CB1B8AC74E59->81367453-3bf0-4298-8a83-8d5c3816df16@group-F6EC397515C5, cid=313, SUCCESS, logIndex=458, commits[81367453-3bf0-4298-8a83-8d5c3816df16:c461]
2019-09-03 20:25:48,340 [grpc-default-executor-2] INFO  client.GrpcClientProtocolClient (GrpcClientProtocolClient.java:onNext(255)) - client-CB1B8AC74E59->81367453-3bf0-4298-8a83-8d5c3816df16: receive RaftClientReply:client-CB1B8AC74E59->81367453-3bf0-4298-8a83-8d5c3816df16@group-F6EC397515C5, cid=314, SUCCESS, logIndex=459, commits[81367453-3bf0-4298-8a83-8d5c3816df16:c461]
2019-09-03 20:25:48,340 [grpc-default-executor-2] INFO  client.GrpcClientProtocolClient (GrpcClientProtocolClient.java:onNext(255)) - client-CB1B8AC74E59->81367453-3bf0-4298-8a83-8d5c3816df16: receive RaftClientReply:client-CB1B8AC74E59->81367453-3bf0-4298-8a83-8d5c3816df16@group-F6EC397515C5, cid=315, SUCCESS, logIndex=460, commits[81367453-3bf0-4298-8a83-8d5c3816df16:c461]
2019-09-03 20:25:48,341 [grpc-default-executor-2] INFO  client.GrpcClientProtocolClient (GrpcClientProtocolClient.java:onNext(255)) - client-CB1B8AC74E59->81367453-3bf0-4298-8a83-8d5c3816df16: receive RaftClientReply:client-CB1B8AC74E59->81367453-3bf0-4298-8a83-8d5c3816df16@group-F6EC397515C5, cid=316, SUCCESS, logIndex=461, commits[81367453-3bf0-4298-8a83-8d5c3816df16:c461]
2019-09-03 20:25:48,353 [grpc-default-executor-2] INFO  client.GrpcClientProtocolClient (GrpcClientProtocolClient.java:onNext(255)) - client-CB1B8AC74E59->81367453-3bf0-4298-8a83-8d5c3816df16: receive RaftClientReply:client-CB1B8AC74E59->81367453-3bf0-4298-8a83-8d5c3816df16@group-F6EC397515C5, cid=317, SUCCESS, logIndex=463, commits[81367453-3bf0-4298-8a83-8d5c3816df16:c464]
2019-09-03 20:25:48,354 [grpc-default-executor-2] INFO  client.GrpcClientProtocolClient (GrpcClientProtocolClient.java:onNext(255)) - client-CB1B8AC74E59->81367453-3bf0-4298-8a83-8d5c3816df16: receive RaftClientReply:client-CB1B8AC74E59->81367453-3bf0-4298-8a83-8d5c3816df16@group-F6EC397515C5, cid=318, SUCCESS, logIndex=464, commits[81367453-3bf0-4298-8a83-8d5c3816df16:c464]
2019-09-03 20:25:48,366 [grpc-default-executor-2] INFO  client.GrpcClientProtocolClient (GrpcClientProtocolClient.java:onNext(255)) - client-CB1B8AC74E59->81367453-3bf0-4298-8a83-8d5c3816df16: receive RaftClientReply:client-CB1B8AC74E59->81367453-3bf0-4298-8a83-8d5c3816df16@group-F6EC397515C5, cid=319, SUCCESS, logIndex=465, commits[81367453-3bf0-4298-8a83-8d5c3816df16:c466]
2019-09-03 20:25:48,366 [grpc-default-executor-2] INFO  client.GrpcClientProtocolClient (GrpcClientProtocolClient.java:onNext(255)) - client-CB1B8AC74E59->81367453-3bf0-4298-8a83-8d5c3816df16: receive RaftClientReply:client-CB1B8AC74E59->81367453-3bf0-4298-8a83-8d5c3816df16@group-F6EC397515C5, cid=320, SUCCESS, logIndex=466, commits[81367453-3bf0-4298-8a83-8d5c3816df16:c466]
2019-09-03 20:25:48,389 [grpc-default-executor-1] INFO  client.GrpcClientProtocolClient (GrpcClientProtocolClient.java:onNext(255)) - client-CB1B8AC74E59->81367453-3bf0-4298-8a83-8d5c3816df16: receive RaftClientReply:client-CB1B8AC74E59->81367453-3bf0-4298-8a83-8d5c3816df16@group-F6EC397515C5, cid=321, SUCCESS, logIndex=469, commits[81367453-3bf0-4298-8a83-8d5c3816df16:c470]
2019-09-03 20:25:48,390 [grpc-default-executor-1] INFO  client.GrpcClientProtocolClient (GrpcClientProtocolClient.java:onNext(255)) - client-CB1B8AC74E59->81367453-3bf0-4298-8a83-8d5c3816df16: receive RaftClientReply:client-CB1B8AC74E59->81367453-3bf0-4298-8a83-8d5c3816df16@group-F6EC397515C5, cid=322, SUCCESS, logIndex=470, commits[81367453-3bf0-4298-8a83-8d5c3816df16:c470]
2019-09-03 20:25:48,398 [grpc-default-executor-1] INFO  client.GrpcClientProtocolClient (GrpcClientProtocolClient.java:onNext(255)) - client-CB1B8AC74E59->81367453-3bf0-4298-8a83-8d5c3816df16: receive RaftClientReply:client-CB1B8AC74E59->81367453-3bf0-4298-8a83-8d5c3816df16@group-F6EC397515C5, cid=323, SUCCESS, logIndex=471, commits[81367453-3bf0-4298-8a83-8d5c3816df16:c472]
2019-09-03 20:25:48,399 [grpc-default-executor-1] INFO  client.GrpcClientProtocolClient (GrpcClientProtocolClient.java:onNext(255)) - client-CB1B8AC74E59->81367453-3bf0-4298-8a83-8d5c3816df16: receive RaftClientReply:client-CB1B8AC74E59->81367453-3bf0-4298-8a83-8d5c3816df16@group-F6EC397515C5, cid=324, SUCCESS, logIndex=472, commits[81367453-3bf0-4298-8a83-8d5c3816df16:c472]
2019-09-03 20:25:48,425 [grpc-default-executor-1] INFO  client.GrpcClientProtocolClient (GrpcClientProtocolClient.java:onNext(255)) - client-CB1B8AC74E59->81367453-3bf0-4298-8a83-8d5c3816df16: receive RaftClientReply:client-CB1B8AC74E59->81367453-3bf0-4298-8a83-8d5c3816df16@group-F6EC397515C5, cid=325, SUCCESS, logIndex=475, commits[81367453-3bf0-4298-8a83-8d5c3816df16:c478]
2019-09-03 20:25:48,426 [grpc-default-executor-1] INFO  client.GrpcClientProtocolClient (GrpcClientProtocolClient.java:onNext(255)) - client-CB1B8AC74E59->81367453-3bf0-4298-8a83-8d5c3816df16: receive RaftClientReply:client-CB1B8AC74E59->81367453-3bf0-4298-8a83-8d5c3816df16@group-F6EC397515C5, cid=326, SUCCESS, logIndex=476, commits[81367453-3bf0-4298-8a83-8d5c3816df16:c478]
2019-09-03 20:25:48,426 [grpc-default-executor-1] INFO  client.GrpcClientProtocolClient (GrpcClientProtocolClient.java:onNext(255)) - client-CB1B8AC74E59->81367453-3bf0-4298-8a83-8d5c3816df16: receive RaftClientReply:client-CB1B8AC74E59->81367453-3bf0-4298-8a83-8d5c3816df16@group-F6EC397515C5, cid=327, SUCCESS, logIndex=477, commits[81367453-3bf0-4298-8a83-8d5c3816df16:c478]
2019-09-03 20:25:48,427 [grpc-default-executor-1] INFO  client.GrpcClientProtocolClient (GrpcClientProtocolClient.java:onNext(255)) - client-CB1B8AC74E59->81367453-3bf0-4298-8a83-8d5c3816df16: receive RaftClientReply:client-CB1B8AC74E59->81367453-3bf0-4298-8a83-8d5c3816df16@group-F6EC397515C5, cid=328, SUCCESS, logIndex=478, commits[81367453-3bf0-4298-8a83-8d5c3816df16:c478]
2019-09-03 20:25:48,429 [SCMBlockDeletingService#1] DEBUG block.SCMBlockDeletingService (SCMBlockDeletingService.java:call(138)) - Running DeletedBlockTransactionScanner
2019-09-03 20:25:48,429 [SCMBlockDeletingService#1] DEBUG block.SCMBlockDeletingService (SCMBlockDeletingService.java:call(155)) - Scanned deleted blocks log and got 0 delTX to process.
2019-09-03 20:25:48,482 [grpc-default-executor-2] INFO  client.GrpcClientProtocolClient (GrpcClientProtocolClient.java:onNext(255)) - client-CB1B8AC74E59->81367453-3bf0-4298-8a83-8d5c3816df16: receive RaftClientReply:client-CB1B8AC74E59->81367453-3bf0-4298-8a83-8d5c3816df16@group-F6EC397515C5, cid=329, SUCCESS, logIndex=480, commits[81367453-3bf0-4298-8a83-8d5c3816df16:c481]
2019-09-03 20:25:48,483 [grpc-default-executor-2] INFO  client.GrpcClientProtocolClient (GrpcClientProtocolClient.java:onNext(255)) - client-CB1B8AC74E59->81367453-3bf0-4298-8a83-8d5c3816df16: receive RaftClientReply:client-CB1B8AC74E59->81367453-3bf0-4298-8a83-8d5c3816df16@group-F6EC397515C5, cid=330, SUCCESS, logIndex=481, commits[81367453-3bf0-4298-8a83-8d5c3816df16:c481]
2019-09-03 20:25:48,492 [grpc-default-executor-2] INFO  client.GrpcClientProtocolClient (GrpcClientProtocolClient.java:onNext(255)) - client-CB1B8AC74E59->81367453-3bf0-4298-8a83-8d5c3816df16: receive RaftClientReply:client-CB1B8AC74E59->81367453-3bf0-4298-8a83-8d5c3816df16@group-F6EC397515C5, cid=331, SUCCESS, logIndex=482, commits[81367453-3bf0-4298-8a83-8d5c3816df16:c483]
2019-09-03 20:25:48,492 [grpc-default-executor-2] INFO  client.GrpcClientProtocolClient (GrpcClientProtocolClient.java:onNext(255)) - client-CB1B8AC74E59->81367453-3bf0-4298-8a83-8d5c3816df16: receive RaftClientReply:client-CB1B8AC74E59->81367453-3bf0-4298-8a83-8d5c3816df16@group-F6EC397515C5, cid=332, SUCCESS, logIndex=483, commits[81367453-3bf0-4298-8a83-8d5c3816df16:c483]
2019-09-03 20:25:48,530 [SCMBlockDeletingService#1] DEBUG block.SCMBlockDeletingService (SCMBlockDeletingService.java:call(138)) - Running DeletedBlockTransactionScanner
2019-09-03 20:25:48,531 [SCMBlockDeletingService#1] DEBUG block.SCMBlockDeletingService (SCMBlockDeletingService.java:call(155)) - Scanned deleted blocks log and got 0 delTX to process.
2019-09-03 20:25:48,534 [grpc-default-executor-1] INFO  client.GrpcClientProtocolClient (GrpcClientProtocolClient.java:onNext(255)) - client-CB1B8AC74E59->81367453-3bf0-4298-8a83-8d5c3816df16: receive RaftClientReply:client-CB1B8AC74E59->81367453-3bf0-4298-8a83-8d5c3816df16@group-F6EC397515C5, cid=333, SUCCESS, logIndex=486, commits[81367453-3bf0-4298-8a83-8d5c3816df16:c489]
2019-09-03 20:25:48,534 [grpc-default-executor-1] INFO  client.GrpcClientProtocolClient (GrpcClientProtocolClient.java:onNext(255)) - client-CB1B8AC74E59->81367453-3bf0-4298-8a83-8d5c3816df16: receive RaftClientReply:client-CB1B8AC74E59->81367453-3bf0-4298-8a83-8d5c3816df16@group-F6EC397515C5, cid=334, SUCCESS, logIndex=487, commits[81367453-3bf0-4298-8a83-8d5c3816df16:c489]
2019-09-03 20:25:48,535 [grpc-default-executor-1] INFO  client.GrpcClientProtocolClient (GrpcClientProtocolClient.java:onNext(255)) - client-CB1B8AC74E59->81367453-3bf0-4298-8a83-8d5c3816df16: receive RaftClientReply:client-CB1B8AC74E59->81367453-3bf0-4298-8a83-8d5c3816df16@group-F6EC397515C5, cid=335, SUCCESS, logIndex=488, commits[81367453-3bf0-4298-8a83-8d5c3816df16:c489]
2019-09-03 20:25:48,535 [grpc-default-executor-1] INFO  client.GrpcClientProtocolClient (GrpcClientProtocolClient.java:onNext(255)) - client-CB1B8AC74E59->81367453-3bf0-4298-8a83-8d5c3816df16: receive RaftClientReply:client-CB1B8AC74E59->81367453-3bf0-4298-8a83-8d5c3816df16@group-F6EC397515C5, cid=336, SUCCESS, logIndex=489, commits[81367453-3bf0-4298-8a83-8d5c3816df16:c489]
2019-09-03 20:25:48,570 [grpc-default-executor-2] INFO  client.GrpcClientProtocolClient (GrpcClientProtocolClient.java:onNext(255)) - client-CB1B8AC74E59->81367453-3bf0-4298-8a83-8d5c3816df16: receive RaftClientReply:client-CB1B8AC74E59->81367453-3bf0-4298-8a83-8d5c3816df16@group-F6EC397515C5, cid=337, SUCCESS, logIndex=491, commits[81367453-3bf0-4298-8a83-8d5c3816df16:c492]
2019-09-03 20:25:48,571 [grpc-default-executor-2] INFO  client.GrpcClientProtocolClient (GrpcClientProtocolClient.java:onNext(255)) - client-CB1B8AC74E59->81367453-3bf0-4298-8a83-8d5c3816df16: receive RaftClientReply:client-CB1B8AC74E59->81367453-3bf0-4298-8a83-8d5c3816df16@group-F6EC397515C5, cid=338, SUCCESS, logIndex=492, commits[81367453-3bf0-4298-8a83-8d5c3816df16:c492]
2019-09-03 20:25:48,576 [grpc-default-executor-2] INFO  client.GrpcClientProtocolClient (GrpcClientProtocolClient.java:onNext(255)) - client-CB1B8AC74E59->81367453-3bf0-4298-8a83-8d5c3816df16: receive RaftClientReply:client-CB1B8AC74E59->81367453-3bf0-4298-8a83-8d5c3816df16@group-F6EC397515C5, cid=339, SUCCESS, logIndex=493, commits[81367453-3bf0-4298-8a83-8d5c3816df16:c494]
2019-09-03 20:25:48,577 [grpc-default-executor-2] INFO  client.GrpcClientProtocolClient (GrpcClientProtocolClient.java:onNext(255)) - client-CB1B8AC74E59->81367453-3bf0-4298-8a83-8d5c3816df16: receive RaftClientReply:client-CB1B8AC74E59->81367453-3bf0-4298-8a83-8d5c3816df16@group-F6EC397515C5, cid=340, SUCCESS, logIndex=494, commits[81367453-3bf0-4298-8a83-8d5c3816df16:c494]
2019-09-03 20:25:48,598 [grpc-default-executor-2] INFO  client.GrpcClientProtocolClient (GrpcClientProtocolClient.java:onNext(255)) - client-CB1B8AC74E59->81367453-3bf0-4298-8a83-8d5c3816df16: receive RaftClientReply:client-CB1B8AC74E59->81367453-3bf0-4298-8a83-8d5c3816df16@group-F6EC397515C5, cid=341, SUCCESS, logIndex=497, commits[81367453-3bf0-4298-8a83-8d5c3816df16:c498]
2019-09-03 20:25:48,599 [grpc-default-executor-2] INFO  client.GrpcClientProtocolClient (GrpcClientProtocolClient.java:onNext(255)) - client-CB1B8AC74E59->81367453-3bf0-4298-8a83-8d5c3816df16: receive RaftClientReply:client-CB1B8AC74E59->81367453-3bf0-4298-8a83-8d5c3816df16@group-F6EC397515C5, cid=342, SUCCESS, logIndex=498, commits[81367453-3bf0-4298-8a83-8d5c3816df16:c498]
2019-09-03 20:25:48,602 [grpc-default-executor-2] INFO  client.GrpcClientProtocolClient (GrpcClientProtocolClient.java:onNext(255)) - client-CB1B8AC74E59->81367453-3bf0-4298-8a83-8d5c3816df16: receive RaftClientReply:client-CB1B8AC74E59->81367453-3bf0-4298-8a83-8d5c3816df16@group-F6EC397515C5, cid=343, SUCCESS, logIndex=499, commits[81367453-3bf0-4298-8a83-8d5c3816df16:c500]
2019-09-03 20:25:48,602 [grpc-default-executor-2] INFO  client.GrpcClientProtocolClient (GrpcClientProtocolClient.java:onNext(255)) - client-CB1B8AC74E59->81367453-3bf0-4298-8a83-8d5c3816df16: receive RaftClientReply:client-CB1B8AC74E59->81367453-3bf0-4298-8a83-8d5c3816df16@group-F6EC397515C5, cid=344, SUCCESS, logIndex=500, commits[81367453-3bf0-4298-8a83-8d5c3816df16:c500]
2019-09-03 20:25:48,633 [SCMBlockDeletingService#1] DEBUG block.SCMBlockDeletingService (SCMBlockDeletingService.java:call(138)) - Running DeletedBlockTransactionScanner
2019-09-03 20:25:48,633 [SCMBlockDeletingService#1] DEBUG block.SCMBlockDeletingService (SCMBlockDeletingService.java:call(155)) - Scanned deleted blocks log and got 0 delTX to process.
2019-09-03 20:25:48,634 [grpc-default-executor-1] INFO  client.GrpcClientProtocolClient (GrpcClientProtocolClient.java:onNext(255)) - client-CB1B8AC74E59->81367453-3bf0-4298-8a83-8d5c3816df16: receive RaftClientReply:client-CB1B8AC74E59->81367453-3bf0-4298-8a83-8d5c3816df16@group-F6EC397515C5, cid=345, SUCCESS, logIndex=503, commits[81367453-3bf0-4298-8a83-8d5c3816df16:c506]
2019-09-03 20:25:48,635 [grpc-default-executor-1] INFO  client.GrpcClientProtocolClient (GrpcClientProtocolClient.java:onNext(255)) - client-CB1B8AC74E59->81367453-3bf0-4298-8a83-8d5c3816df16: receive RaftClientReply:client-CB1B8AC74E59->81367453-3bf0-4298-8a83-8d5c3816df16@group-F6EC397515C5, cid=346, SUCCESS, logIndex=504, commits[81367453-3bf0-4298-8a83-8d5c3816df16:c506]
2019-09-03 20:25:48,635 [grpc-default-executor-1] INFO  client.GrpcClientProtocolClient (GrpcClientProtocolClient.java:onNext(255)) - client-CB1B8AC74E59->81367453-3bf0-4298-8a83-8d5c3816df16: receive RaftClientReply:client-CB1B8AC74E59->81367453-3bf0-4298-8a83-8d5c3816df16@group-F6EC397515C5, cid=347, SUCCESS, logIndex=505, commits[81367453-3bf0-4298-8a83-8d5c3816df16:c506]
2019-09-03 20:25:48,635 [grpc-default-executor-1] INFO  client.GrpcClientProtocolClient (GrpcClientProtocolClient.java:onNext(255)) - client-CB1B8AC74E59->81367453-3bf0-4298-8a83-8d5c3816df16: receive RaftClientReply:client-CB1B8AC74E59->81367453-3bf0-4298-8a83-8d5c3816df16@group-F6EC397515C5, cid=348, SUCCESS, logIndex=506, commits[81367453-3bf0-4298-8a83-8d5c3816df16:c506]
2019-09-03 20:25:48,650 [grpc-default-executor-2] INFO  client.GrpcClientProtocolClient (GrpcClientProtocolClient.java:onNext(255)) - client-CB1B8AC74E59->81367453-3bf0-4298-8a83-8d5c3816df16: receive RaftClientReply:client-CB1B8AC74E59->81367453-3bf0-4298-8a83-8d5c3816df16@group-F6EC397515C5, cid=349, SUCCESS, logIndex=508, commits[81367453-3bf0-4298-8a83-8d5c3816df16:c511]
2019-09-03 20:25:48,650 [grpc-default-executor-2] INFO  client.GrpcClientProtocolClient (GrpcClientProtocolClient.java:onNext(255)) - client-CB1B8AC74E59->81367453-3bf0-4298-8a83-8d5c3816df16: receive RaftClientReply:client-CB1B8AC74E59->81367453-3bf0-4298-8a83-8d5c3816df16@group-F6EC397515C5, cid=350, SUCCESS, logIndex=509, commits[81367453-3bf0-4298-8a83-8d5c3816df16:c511]
2019-09-03 20:25:48,651 [grpc-default-executor-2] INFO  client.GrpcClientProtocolClient (GrpcClientProtocolClient.java:onNext(255)) - client-CB1B8AC74E59->81367453-3bf0-4298-8a83-8d5c3816df16: receive RaftClientReply:client-CB1B8AC74E59->81367453-3bf0-4298-8a83-8d5c3816df16@group-F6EC397515C5, cid=351, SUCCESS, logIndex=510, commits[81367453-3bf0-4298-8a83-8d5c3816df16:c511]
2019-09-03 20:25:48,651 [grpc-default-executor-2] INFO  client.GrpcClientProtocolClient (GrpcClientProtocolClient.java:onNext(255)) - client-CB1B8AC74E59->81367453-3bf0-4298-8a83-8d5c3816df16: receive RaftClientReply:client-CB1B8AC74E59->81367453-3bf0-4298-8a83-8d5c3816df16@group-F6EC397515C5, cid=352, SUCCESS, logIndex=511, commits[81367453-3bf0-4298-8a83-8d5c3816df16:c511]
2019-09-03 20:25:48,733 [SCMBlockDeletingService#1] DEBUG block.SCMBlockDeletingService (SCMBlockDeletingService.java:call(138)) - Running DeletedBlockTransactionScanner
2019-09-03 20:25:48,734 [SCMBlockDeletingService#1] DEBUG block.SCMBlockDeletingService (SCMBlockDeletingService.java:call(155)) - Scanned deleted blocks log and got 0 delTX to process.
2019-09-03 20:25:48,765 [grpc-default-executor-1] INFO  client.GrpcClientProtocolClient (GrpcClientProtocolClient.java:onNext(255)) - client-CB1B8AC74E59->81367453-3bf0-4298-8a83-8d5c3816df16: receive RaftClientReply:client-CB1B8AC74E59->81367453-3bf0-4298-8a83-8d5c3816df16@group-F6EC397515C5, cid=353, SUCCESS, logIndex=513, commits[81367453-3bf0-4298-8a83-8d5c3816df16:c514]
2019-09-03 20:25:48,765 [grpc-default-executor-1] INFO  client.GrpcClientProtocolClient (GrpcClientProtocolClient.java:onNext(255)) - client-CB1B8AC74E59->81367453-3bf0-4298-8a83-8d5c3816df16: receive RaftClientReply:client-CB1B8AC74E59->81367453-3bf0-4298-8a83-8d5c3816df16@group-F6EC397515C5, cid=354, SUCCESS, logIndex=514, commits[81367453-3bf0-4298-8a83-8d5c3816df16:c514]
2019-09-03 20:25:48,777 [grpc-default-executor-1] INFO  client.GrpcClientProtocolClient (GrpcClientProtocolClient.java:onNext(255)) - client-CB1B8AC74E59->81367453-3bf0-4298-8a83-8d5c3816df16: receive RaftClientReply:client-CB1B8AC74E59->81367453-3bf0-4298-8a83-8d5c3816df16@group-F6EC397515C5, cid=355, SUCCESS, logIndex=515, commits[81367453-3bf0-4298-8a83-8d5c3816df16:c516]
2019-09-03 20:25:48,778 [grpc-default-executor-1] INFO  client.GrpcClientProtocolClient (GrpcClientProtocolClient.java:onNext(255)) - client-CB1B8AC74E59->81367453-3bf0-4298-8a83-8d5c3816df16: receive RaftClientReply:client-CB1B8AC74E59->81367453-3bf0-4298-8a83-8d5c3816df16@group-F6EC397515C5, cid=356, SUCCESS, logIndex=516, commits[81367453-3bf0-4298-8a83-8d5c3816df16:c516]
2019-09-03 20:25:48,794 [grpc-default-executor-2] INFO  client.GrpcClientProtocolClient (GrpcClientProtocolClient.java:onNext(255)) - client-CB1B8AC74E59->81367453-3bf0-4298-8a83-8d5c3816df16: receive RaftClientReply:client-CB1B8AC74E59->81367453-3bf0-4298-8a83-8d5c3816df16@group-F6EC397515C5, cid=357, SUCCESS, logIndex=519, commits[81367453-3bf0-4298-8a83-8d5c3816df16:c520]
2019-09-03 20:25:48,794 [grpc-default-executor-2] INFO  client.GrpcClientProtocolClient (GrpcClientProtocolClient.java:onNext(255)) - client-CB1B8AC74E59->81367453-3bf0-4298-8a83-8d5c3816df16: receive RaftClientReply:client-CB1B8AC74E59->81367453-3bf0-4298-8a83-8d5c3816df16@group-F6EC397515C5, cid=358, SUCCESS, logIndex=520, commits[81367453-3bf0-4298-8a83-8d5c3816df16:c520]
2019-09-03 20:25:48,805 [grpc-default-executor-2] INFO  client.GrpcClientProtocolClient (GrpcClientProtocolClient.java:onNext(255)) - client-CB1B8AC74E59->81367453-3bf0-4298-8a83-8d5c3816df16: receive RaftClientReply:client-CB1B8AC74E59->81367453-3bf0-4298-8a83-8d5c3816df16@group-F6EC397515C5, cid=359, SUCCESS, logIndex=521, commits[81367453-3bf0-4298-8a83-8d5c3816df16:c522]
2019-09-03 20:25:48,806 [grpc-default-executor-2] INFO  client.GrpcClientProtocolClient (GrpcClientProtocolClient.java:onNext(255)) - client-CB1B8AC74E59->81367453-3bf0-4298-8a83-8d5c3816df16: receive RaftClientReply:client-CB1B8AC74E59->81367453-3bf0-4298-8a83-8d5c3816df16@group-F6EC397515C5, cid=360, SUCCESS, logIndex=522, commits[81367453-3bf0-4298-8a83-8d5c3816df16:c522]
2019-09-03 20:25:48,830 [grpc-default-executor-2] INFO  client.GrpcClientProtocolClient (GrpcClientProtocolClient.java:onNext(255)) - client-CB1B8AC74E59->81367453-3bf0-4298-8a83-8d5c3816df16: receive RaftClientReply:client-CB1B8AC74E59->81367453-3bf0-4298-8a83-8d5c3816df16@group-F6EC397515C5, cid=361, SUCCESS, logIndex=525, commits[81367453-3bf0-4298-8a83-8d5c3816df16:c526]
2019-09-03 20:25:48,831 [grpc-default-executor-2] INFO  client.GrpcClientProtocolClient (GrpcClientProtocolClient.java:onNext(255)) - client-CB1B8AC74E59->81367453-3bf0-4298-8a83-8d5c3816df16: receive RaftClientReply:client-CB1B8AC74E59->81367453-3bf0-4298-8a83-8d5c3816df16@group-F6EC397515C5, cid=362, SUCCESS, logIndex=526, commits[81367453-3bf0-4298-8a83-8d5c3816df16:c526]
2019-09-03 20:25:48,834 [SCMBlockDeletingService#1] DEBUG block.SCMBlockDeletingService (SCMBlockDeletingService.java:call(138)) - Running DeletedBlockTransactionScanner
2019-09-03 20:25:48,834 [SCMBlockDeletingService#1] DEBUG block.SCMBlockDeletingService (SCMBlockDeletingService.java:call(155)) - Scanned deleted blocks log and got 0 delTX to process.
2019-09-03 20:25:48,835 [grpc-default-executor-2] INFO  client.GrpcClientProtocolClient (GrpcClientProtocolClient.java:onNext(255)) - client-CB1B8AC74E59->81367453-3bf0-4298-8a83-8d5c3816df16: receive RaftClientReply:client-CB1B8AC74E59->81367453-3bf0-4298-8a83-8d5c3816df16@group-F6EC397515C5, cid=363, SUCCESS, logIndex=527, commits[81367453-3bf0-4298-8a83-8d5c3816df16:c528]
2019-09-03 20:25:48,836 [grpc-default-executor-2] INFO  client.GrpcClientProtocolClient (GrpcClientProtocolClient.java:onNext(255)) - client-CB1B8AC74E59->81367453-3bf0-4298-8a83-8d5c3816df16: receive RaftClientReply:client-CB1B8AC74E59->81367453-3bf0-4298-8a83-8d5c3816df16@group-F6EC397515C5, cid=364, SUCCESS, logIndex=528, commits[81367453-3bf0-4298-8a83-8d5c3816df16:c528]
2019-09-03 20:25:48,856 [grpc-default-executor-1] INFO  client.GrpcClientProtocolClient (GrpcClientProtocolClient.java:onNext(255)) - client-CB1B8AC74E59->81367453-3bf0-4298-8a83-8d5c3816df16: receive RaftClientReply:client-CB1B8AC74E59->81367453-3bf0-4298-8a83-8d5c3816df16@group-F6EC397515C5, cid=365, SUCCESS, logIndex=531, commits[81367453-3bf0-4298-8a83-8d5c3816df16:c532]
2019-09-03 20:25:48,856 [grpc-default-executor-1] INFO  client.GrpcClientProtocolClient (GrpcClientProtocolClient.java:onNext(255)) - client-CB1B8AC74E59->81367453-3bf0-4298-8a83-8d5c3816df16: receive RaftClientReply:client-CB1B8AC74E59->81367453-3bf0-4298-8a83-8d5c3816df16@group-F6EC397515C5, cid=366, SUCCESS, logIndex=532, commits[81367453-3bf0-4298-8a83-8d5c3816df16:c532]
2019-09-03 20:25:48,873 [grpc-default-executor-1] INFO  client.GrpcClientProtocolClient (GrpcClientProtocolClient.java:onNext(255)) - client-CB1B8AC74E59->81367453-3bf0-4298-8a83-8d5c3816df16: receive RaftClientReply:client-CB1B8AC74E59->81367453-3bf0-4298-8a83-8d5c3816df16@group-F6EC397515C5, cid=367, SUCCESS, logIndex=533, commits[81367453-3bf0-4298-8a83-8d5c3816df16:c534]
2019-09-03 20:25:48,874 [grpc-default-executor-1] INFO  client.GrpcClientProtocolClient (GrpcClientProtocolClient.java:onNext(255)) - client-CB1B8AC74E59->81367453-3bf0-4298-8a83-8d5c3816df16: receive RaftClientReply:client-CB1B8AC74E59->81367453-3bf0-4298-8a83-8d5c3816df16@group-F6EC397515C5, cid=368, SUCCESS, logIndex=534, commits[81367453-3bf0-4298-8a83-8d5c3816df16:c534]
2019-09-03 20:25:48,895 [grpc-default-executor-1] INFO  client.GrpcClientProtocolClient (GrpcClientProtocolClient.java:onNext(255)) - client-CB1B8AC74E59->81367453-3bf0-4298-8a83-8d5c3816df16: receive RaftClientReply:client-CB1B8AC74E59->81367453-3bf0-4298-8a83-8d5c3816df16@group-F6EC397515C5, cid=369, SUCCESS, logIndex=537, commits[81367453-3bf0-4298-8a83-8d5c3816df16:c538]
2019-09-03 20:25:48,896 [grpc-default-executor-1] INFO  client.GrpcClientProtocolClient (GrpcClientProtocolClient.java:onNext(255)) - client-CB1B8AC74E59->81367453-3bf0-4298-8a83-8d5c3816df16: receive RaftClientReply:client-CB1B8AC74E59->81367453-3bf0-4298-8a83-8d5c3816df16@group-F6EC397515C5, cid=370, SUCCESS, logIndex=538, commits[81367453-3bf0-4298-8a83-8d5c3816df16:c538]
2019-09-03 20:25:48,903 [grpc-default-executor-1] INFO  client.GrpcClientProtocolClient (GrpcClientProtocolClient.java:onNext(255)) - client-CB1B8AC74E59->81367453-3bf0-4298-8a83-8d5c3816df16: receive RaftClientReply:client-CB1B8AC74E59->81367453-3bf0-4298-8a83-8d5c3816df16@group-F6EC397515C5, cid=371, SUCCESS, logIndex=539, commits[81367453-3bf0-4298-8a83-8d5c3816df16:c540]
2019-09-03 20:25:48,904 [grpc-default-executor-1] INFO  client.GrpcClientProtocolClient (GrpcClientProtocolClient.java:onNext(255)) - client-CB1B8AC74E59->81367453-3bf0-4298-8a83-8d5c3816df16: receive RaftClientReply:client-CB1B8AC74E59->81367453-3bf0-4298-8a83-8d5c3816df16@group-F6EC397515C5, cid=372, SUCCESS, logIndex=540, commits[81367453-3bf0-4298-8a83-8d5c3816df16:c540]
2019-09-03 20:25:48,935 [SCMBlockDeletingService#1] DEBUG block.SCMBlockDeletingService (SCMBlockDeletingService.java:call(138)) - Running DeletedBlockTransactionScanner
2019-09-03 20:25:48,935 [SCMBlockDeletingService#1] DEBUG block.SCMBlockDeletingService (SCMBlockDeletingService.java:call(155)) - Scanned deleted blocks log and got 0 delTX to process.
2019-09-03 20:25:48,936 [grpc-default-executor-1] INFO  client.GrpcClientProtocolClient (GrpcClientProtocolClient.java:onNext(255)) - client-CB1B8AC74E59->81367453-3bf0-4298-8a83-8d5c3816df16: receive RaftClientReply:client-CB1B8AC74E59->81367453-3bf0-4298-8a83-8d5c3816df16@group-F6EC397515C5, cid=373, SUCCESS, logIndex=543, commits[81367453-3bf0-4298-8a83-8d5c3816df16:c546]
2019-09-03 20:25:48,936 [grpc-default-executor-1] INFO  client.GrpcClientProtocolClient (GrpcClientProtocolClient.java:onNext(255)) - client-CB1B8AC74E59->81367453-3bf0-4298-8a83-8d5c3816df16: receive RaftClientReply:client-CB1B8AC74E59->81367453-3bf0-4298-8a83-8d5c3816df16@group-F6EC397515C5, cid=374, SUCCESS, logIndex=544, commits[81367453-3bf0-4298-8a83-8d5c3816df16:c546]
2019-09-03 20:25:48,937 [grpc-default-executor-1] INFO  client.GrpcClientProtocolClient (GrpcClientProtocolClient.java:onNext(255)) - client-CB1B8AC74E59->81367453-3bf0-4298-8a83-8d5c3816df16: receive RaftClientReply:client-CB1B8AC74E59->81367453-3bf0-4298-8a83-8d5c3816df16@group-F6EC397515C5, cid=375, SUCCESS, logIndex=545, commits[81367453-3bf0-4298-8a83-8d5c3816df16:c546]
2019-09-03 20:25:48,937 [grpc-default-executor-1] INFO  client.GrpcClientProtocolClient (GrpcClientProtocolClient.java:onNext(255)) - client-CB1B8AC74E59->81367453-3bf0-4298-8a83-8d5c3816df16: receive RaftClientReply:client-CB1B8AC74E59->81367453-3bf0-4298-8a83-8d5c3816df16@group-F6EC397515C5, cid=376, SUCCESS, logIndex=546, commits[81367453-3bf0-4298-8a83-8d5c3816df16:c546]
2019-09-03 20:25:48,963 [grpc-default-executor-1] INFO  client.GrpcClientProtocolClient (GrpcClientProtocolClient.java:onNext(255)) - client-CB1B8AC74E59->81367453-3bf0-4298-8a83-8d5c3816df16: receive RaftClientReply:client-CB1B8AC74E59->81367453-3bf0-4298-8a83-8d5c3816df16@group-F6EC397515C5, cid=377, SUCCESS, logIndex=548, commits[81367453-3bf0-4298-8a83-8d5c3816df16:c549]
2019-09-03 20:25:48,964 [grpc-default-executor-1] INFO  client.GrpcClientProtocolClient (GrpcClientProtocolClient.java:onNext(255)) - client-CB1B8AC74E59->81367453-3bf0-4298-8a83-8d5c3816df16: receive RaftClientReply:client-CB1B8AC74E59->81367453-3bf0-4298-8a83-8d5c3816df16@group-F6EC397515C5, cid=378, SUCCESS, logIndex=549, commits[81367453-3bf0-4298-8a83-8d5c3816df16:c549]
2019-09-03 20:25:48,972 [grpc-default-executor-1] INFO  client.GrpcClientProtocolClient (GrpcClientProtocolClient.java:onNext(255)) - client-CB1B8AC74E59->81367453-3bf0-4298-8a83-8d5c3816df16: receive RaftClientReply:client-CB1B8AC74E59->81367453-3bf0-4298-8a83-8d5c3816df16@group-F6EC397515C5, cid=379, SUCCESS, logIndex=550, commits[81367453-3bf0-4298-8a83-8d5c3816df16:c551]
2019-09-03 20:25:48,972 [grpc-default-executor-1] INFO  client.GrpcClientProtocolClient (GrpcClientProtocolClient.java:onNext(255)) - client-CB1B8AC74E59->81367453-3bf0-4298-8a83-8d5c3816df16: receive RaftClientReply:client-CB1B8AC74E59->81367453-3bf0-4298-8a83-8d5c3816df16@group-F6EC397515C5, cid=380, SUCCESS, logIndex=551, commits[81367453-3bf0-4298-8a83-8d5c3816df16:c551]
2019-09-03 20:25:48,992 [grpc-default-executor-2] INFO  client.GrpcClientProtocolClient (GrpcClientProtocolClient.java:onNext(255)) - client-CB1B8AC74E59->81367453-3bf0-4298-8a83-8d5c3816df16: receive RaftClientReply:client-CB1B8AC74E59->81367453-3bf0-4298-8a83-8d5c3816df16@group-F6EC397515C5, cid=381, SUCCESS, logIndex=554, commits[81367453-3bf0-4298-8a83-8d5c3816df16:c555]
2019-09-03 20:25:48,993 [grpc-default-executor-2] INFO  client.GrpcClientProtocolClient (GrpcClientProtocolClient.java:onNext(255)) - client-CB1B8AC74E59->81367453-3bf0-4298-8a83-8d5c3816df16: receive RaftClientReply:client-CB1B8AC74E59->81367453-3bf0-4298-8a83-8d5c3816df16@group-F6EC397515C5, cid=382, SUCCESS, logIndex=555, commits[81367453-3bf0-4298-8a83-8d5c3816df16:c555]
2019-09-03 20:25:49,004 [grpc-default-executor-2] INFO  client.GrpcClientProtocolClient (GrpcClientProtocolClient.java:onNext(255)) - client-CB1B8AC74E59->81367453-3bf0-4298-8a83-8d5c3816df16: receive RaftClientReply:client-CB1B8AC74E59->81367453-3bf0-4298-8a83-8d5c3816df16@group-F6EC397515C5, cid=383, SUCCESS, logIndex=556, commits[81367453-3bf0-4298-8a83-8d5c3816df16:c557]
2019-09-03 20:25:49,005 [grpc-default-executor-2] INFO  client.GrpcClientProtocolClient (GrpcClientProtocolClient.java:onNext(255)) - client-CB1B8AC74E59->81367453-3bf0-4298-8a83-8d5c3816df16: receive RaftClientReply:client-CB1B8AC74E59->81367453-3bf0-4298-8a83-8d5c3816df16@group-F6EC397515C5, cid=384, SUCCESS, logIndex=557, commits[81367453-3bf0-4298-8a83-8d5c3816df16:c557]
2019-09-03 20:25:49,036 [SCMBlockDeletingService#1] DEBUG block.SCMBlockDeletingService (SCMBlockDeletingService.java:call(138)) - Running DeletedBlockTransactionScanner
2019-09-03 20:25:49,036 [SCMBlockDeletingService#1] DEBUG block.SCMBlockDeletingService (SCMBlockDeletingService.java:call(155)) - Scanned deleted blocks log and got 0 delTX to process.
2019-09-03 20:25:49,060 [grpc-default-executor-1] INFO  client.GrpcClientProtocolClient (GrpcClientProtocolClient.java:onNext(255)) - client-CB1B8AC74E59->81367453-3bf0-4298-8a83-8d5c3816df16: receive RaftClientReply:client-CB1B8AC74E59->81367453-3bf0-4298-8a83-8d5c3816df16@group-F6EC397515C5, cid=385, SUCCESS, logIndex=560, commits[81367453-3bf0-4298-8a83-8d5c3816df16:c561]
2019-09-03 20:25:49,061 [grpc-default-executor-1] INFO  client.GrpcClientProtocolClient (GrpcClientProtocolClient.java:onNext(255)) - client-CB1B8AC74E59->81367453-3bf0-4298-8a83-8d5c3816df16: receive RaftClientReply:client-CB1B8AC74E59->81367453-3bf0-4298-8a83-8d5c3816df16@group-F6EC397515C5, cid=386, SUCCESS, logIndex=561, commits[81367453-3bf0-4298-8a83-8d5c3816df16:c561]
2019-09-03 20:25:49,079 [grpc-default-executor-1] INFO  client.GrpcClientProtocolClient (GrpcClientProtocolClient.java:onNext(255)) - client-CB1B8AC74E59->81367453-3bf0-4298-8a83-8d5c3816df16: receive RaftClientReply:client-CB1B8AC74E59->81367453-3bf0-4298-8a83-8d5c3816df16@group-F6EC397515C5, cid=387, SUCCESS, logIndex=562, commits[81367453-3bf0-4298-8a83-8d5c3816df16:c563]
2019-09-03 20:25:49,080 [grpc-default-executor-1] INFO  client.GrpcClientProtocolClient (GrpcClientProtocolClient.java:onNext(255)) - client-CB1B8AC74E59->81367453-3bf0-4298-8a83-8d5c3816df16: receive RaftClientReply:client-CB1B8AC74E59->81367453-3bf0-4298-8a83-8d5c3816df16@group-F6EC397515C5, cid=388, SUCCESS, logIndex=563, commits[81367453-3bf0-4298-8a83-8d5c3816df16:c563]
2019-09-03 20:25:49,115 [grpc-default-executor-2] INFO  client.GrpcClientProtocolClient (GrpcClientProtocolClient.java:onNext(255)) - client-CB1B8AC74E59->81367453-3bf0-4298-8a83-8d5c3816df16: receive RaftClientReply:client-CB1B8AC74E59->81367453-3bf0-4298-8a83-8d5c3816df16@group-F6EC397515C5, cid=389, SUCCESS, logIndex=566, commits[81367453-3bf0-4298-8a83-8d5c3816df16:c569]
2019-09-03 20:25:49,116 [grpc-default-executor-2] INFO  client.GrpcClientProtocolClient (GrpcClientProtocolClient.java:onNext(255)) - client-CB1B8AC74E59->81367453-3bf0-4298-8a83-8d5c3816df16: receive RaftClientReply:client-CB1B8AC74E59->81367453-3bf0-4298-8a83-8d5c3816df16@group-F6EC397515C5, cid=390, SUCCESS, logIndex=567, commits[81367453-3bf0-4298-8a83-8d5c3816df16:c569]
2019-09-03 20:25:49,116 [grpc-default-executor-2] INFO  client.GrpcClientProtocolClient (GrpcClientProtocolClient.java:onNext(255)) - client-CB1B8AC74E59->81367453-3bf0-4298-8a83-8d5c3816df16: receive RaftClientReply:client-CB1B8AC74E59->81367453-3bf0-4298-8a83-8d5c3816df16@group-F6EC397515C5, cid=391, SUCCESS, logIndex=568, commits[81367453-3bf0-4298-8a83-8d5c3816df16:c569]
2019-09-03 20:25:49,116 [grpc-default-executor-2] INFO  client.GrpcClientProtocolClient (GrpcClientProtocolClient.java:onNext(255)) - client-CB1B8AC74E59->81367453-3bf0-4298-8a83-8d5c3816df16: receive RaftClientReply:client-CB1B8AC74E59->81367453-3bf0-4298-8a83-8d5c3816df16@group-F6EC397515C5, cid=392, SUCCESS, logIndex=569, commits[81367453-3bf0-4298-8a83-8d5c3816df16:c569]
2019-09-03 20:25:49,136 [SCMBlockDeletingService#1] DEBUG block.SCMBlockDeletingService (SCMBlockDeletingService.java:call(138)) - Running DeletedBlockTransactionScanner
2019-09-03 20:25:49,137 [SCMBlockDeletingService#1] DEBUG block.SCMBlockDeletingService (SCMBlockDeletingService.java:call(155)) - Scanned deleted blocks log and got 0 delTX to process.
2019-09-03 20:25:49,146 [grpc-default-executor-1] INFO  client.GrpcClientProtocolClient (GrpcClientProtocolClient.java:onNext(255)) - client-CB1B8AC74E59->81367453-3bf0-4298-8a83-8d5c3816df16: receive RaftClientReply:client-CB1B8AC74E59->81367453-3bf0-4298-8a83-8d5c3816df16@group-F6EC397515C5, cid=393, SUCCESS, logIndex=571, commits[81367453-3bf0-4298-8a83-8d5c3816df16:c574]
2019-09-03 20:25:49,147 [grpc-default-executor-1] INFO  client.GrpcClientProtocolClient (GrpcClientProtocolClient.java:onNext(255)) - client-CB1B8AC74E59->81367453-3bf0-4298-8a83-8d5c3816df16: receive RaftClientReply:client-CB1B8AC74E59->81367453-3bf0-4298-8a83-8d5c3816df16@group-F6EC397515C5, cid=394, SUCCESS, logIndex=572, commits[81367453-3bf0-4298-8a83-8d5c3816df16:c574]
2019-09-03 20:25:49,147 [grpc-default-executor-1] INFO  client.GrpcClientProtocolClient (GrpcClientProtocolClient.java:onNext(255)) - client-CB1B8AC74E59->81367453-3bf0-4298-8a83-8d5c3816df16: receive RaftClientReply:client-CB1B8AC74E59->81367453-3bf0-4298-8a83-8d5c3816df16@group-F6EC397515C5, cid=395, SUCCESS, logIndex=573, commits[81367453-3bf0-4298-8a83-8d5c3816df16:c574]
2019-09-03 20:25:49,147 [grpc-default-executor-1] INFO  client.GrpcClientProtocolClient (GrpcClientProtocolClient.java:onNext(255)) - client-CB1B8AC74E59->81367453-3bf0-4298-8a83-8d5c3816df16: receive RaftClientReply:client-CB1B8AC74E59->81367453-3bf0-4298-8a83-8d5c3816df16@group-F6EC397515C5, cid=396, SUCCESS, logIndex=574, commits[81367453-3bf0-4298-8a83-8d5c3816df16:c574]
2019-09-03 20:25:49,237 [SCMBlockDeletingService#1] DEBUG block.SCMBlockDeletingService (SCMBlockDeletingService.java:call(138)) - Running DeletedBlockTransactionScanner
2019-09-03 20:25:49,238 [SCMBlockDeletingService#1] DEBUG block.SCMBlockDeletingService (SCMBlockDeletingService.java:call(155)) - Scanned deleted blocks log and got 0 delTX to process.
2019-09-03 20:25:49,252 [grpc-default-executor-1] INFO  client.GrpcClientProtocolClient (GrpcClientProtocolClient.java:onNext(255)) - client-CB1B8AC74E59->81367453-3bf0-4298-8a83-8d5c3816df16: receive RaftClientReply:client-CB1B8AC74E59->81367453-3bf0-4298-8a83-8d5c3816df16@group-F6EC397515C5, cid=397, SUCCESS, logIndex=576, commits[81367453-3bf0-4298-8a83-8d5c3816df16:c579]
2019-09-03 20:25:49,252 [grpc-default-executor-1] INFO  client.GrpcClientProtocolClient (GrpcClientProtocolClient.java:onNext(255)) - client-CB1B8AC74E59->81367453-3bf0-4298-8a83-8d5c3816df16: receive RaftClientReply:client-CB1B8AC74E59->81367453-3bf0-4298-8a83-8d5c3816df16@group-F6EC397515C5, cid=398, SUCCESS, logIndex=577, commits[81367453-3bf0-4298-8a83-8d5c3816df16:c579]
2019-09-03 20:25:49,253 [grpc-default-executor-1] INFO  client.GrpcClientProtocolClient (GrpcClientProtocolClient.java:onNext(255)) - client-CB1B8AC74E59->81367453-3bf0-4298-8a83-8d5c3816df16: receive RaftClientReply:client-CB1B8AC74E59->81367453-3bf0-4298-8a83-8d5c3816df16@group-F6EC397515C5, cid=399, SUCCESS, logIndex=578, commits[81367453-3bf0-4298-8a83-8d5c3816df16:c579]
2019-09-03 20:25:49,253 [grpc-default-executor-1] INFO  client.GrpcClientProtocolClient (GrpcClientProtocolClient.java:onNext(255)) - client-CB1B8AC74E59->81367453-3bf0-4298-8a83-8d5c3816df16: receive RaftClientReply:client-CB1B8AC74E59->81367453-3bf0-4298-8a83-8d5c3816df16@group-F6EC397515C5, cid=400, SUCCESS, logIndex=579, commits[81367453-3bf0-4298-8a83-8d5c3816df16:c579]
2019-09-03 20:25:49,284 [grpc-default-executor-2] INFO  client.GrpcClientProtocolClient (GrpcClientProtocolClient.java:onNext(255)) - client-CB1B8AC74E59->81367453-3bf0-4298-8a83-8d5c3816df16: receive RaftClientReply:client-CB1B8AC74E59->81367453-3bf0-4298-8a83-8d5c3816df16@group-F6EC397515C5, cid=401, SUCCESS, logIndex=581, commits[81367453-3bf0-4298-8a83-8d5c3816df16:c582]
2019-09-03 20:25:49,285 [grpc-default-executor-2] INFO  client.GrpcClientProtocolClient (GrpcClientProtocolClient.java:onNext(255)) - client-CB1B8AC74E59->81367453-3bf0-4298-8a83-8d5c3816df16: receive RaftClientReply:client-CB1B8AC74E59->81367453-3bf0-4298-8a83-8d5c3816df16@group-F6EC397515C5, cid=402, SUCCESS, logIndex=582, commits[81367453-3bf0-4298-8a83-8d5c3816df16:c582]
2019-09-03 20:25:49,288 [grpc-default-executor-2] INFO  client.GrpcClientProtocolClient (GrpcClientProtocolClient.java:onNext(255)) - client-CB1B8AC74E59->81367453-3bf0-4298-8a83-8d5c3816df16: receive RaftClientReply:client-CB1B8AC74E59->81367453-3bf0-4298-8a83-8d5c3816df16@group-F6EC397515C5, cid=403, SUCCESS, logIndex=583, commits[81367453-3bf0-4298-8a83-8d5c3816df16:c584]
2019-09-03 20:25:49,288 [grpc-default-executor-2] INFO  client.GrpcClientProtocolClient (GrpcClientProtocolClient.java:onNext(255)) - client-CB1B8AC74E59->81367453-3bf0-4298-8a83-8d5c3816df16: receive RaftClientReply:client-CB1B8AC74E59->81367453-3bf0-4298-8a83-8d5c3816df16@group-F6EC397515C5, cid=404, SUCCESS, logIndex=584, commits[81367453-3bf0-4298-8a83-8d5c3816df16:c584]
2019-09-03 20:25:49,309 [grpc-default-executor-1] INFO  client.GrpcClientProtocolClient (GrpcClientProtocolClient.java:onNext(255)) - client-CB1B8AC74E59->81367453-3bf0-4298-8a83-8d5c3816df16: receive RaftClientReply:client-CB1B8AC74E59->81367453-3bf0-4298-8a83-8d5c3816df16@group-F6EC397515C5, cid=405, SUCCESS, logIndex=587, commits[81367453-3bf0-4298-8a83-8d5c3816df16:c590]
2019-09-03 20:25:49,310 [grpc-default-executor-1] INFO  client.GrpcClientProtocolClient (GrpcClientProtocolClient.java:onNext(255)) - client-CB1B8AC74E59->81367453-3bf0-4298-8a83-8d5c3816df16: receive RaftClientReply:client-CB1B8AC74E59->81367453-3bf0-4298-8a83-8d5c3816df16@group-F6EC397515C5, cid=406, SUCCESS, logIndex=588, commits[81367453-3bf0-4298-8a83-8d5c3816df16:c590]
2019-09-03 20:25:49,310 [grpc-default-executor-1] INFO  client.GrpcClientProtocolClient (GrpcClientProtocolClient.java:onNext(255)) - client-CB1B8AC74E59->81367453-3bf0-4298-8a83-8d5c3816df16: receive RaftClientReply:client-CB1B8AC74E59->81367453-3bf0-4298-8a83-8d5c3816df16@group-F6EC397515C5, cid=407, SUCCESS, logIndex=589, commits[81367453-3bf0-4298-8a83-8d5c3816df16:c590]
2019-09-03 20:25:49,311 [grpc-default-executor-1] INFO  client.GrpcClientProtocolClient (GrpcClientProtocolClient.java:onNext(255)) - client-CB1B8AC74E59->81367453-3bf0-4298-8a83-8d5c3816df16: receive RaftClientReply:client-CB1B8AC74E59->81367453-3bf0-4298-8a83-8d5c3816df16@group-F6EC397515C5, cid=408, SUCCESS, logIndex=590, commits[81367453-3bf0-4298-8a83-8d5c3816df16:c590]
2019-09-03 20:25:49,335 [grpc-default-executor-1] INFO  client.GrpcClientProtocolClient (GrpcClientProtocolClient.java:onNext(255)) - client-CB1B8AC74E59->81367453-3bf0-4298-8a83-8d5c3816df16: receive RaftClientReply:client-CB1B8AC74E59->81367453-3bf0-4298-8a83-8d5c3816df16@group-F6EC397515C5, cid=409, SUCCESS, logIndex=592, commits[81367453-3bf0-4298-8a83-8d5c3816df16:c593]
2019-09-03 20:25:49,336 [grpc-default-executor-1] INFO  client.GrpcClientProtocolClient (GrpcClientProtocolClient.java:onNext(255)) - client-CB1B8AC74E59->81367453-3bf0-4298-8a83-8d5c3816df16: receive RaftClientReply:client-CB1B8AC74E59->81367453-3bf0-4298-8a83-8d5c3816df16@group-F6EC397515C5, cid=410, SUCCESS, logIndex=593, commits[81367453-3bf0-4298-8a83-8d5c3816df16:c593]
2019-09-03 20:25:49,338 [SCMBlockDeletingService#0] DEBUG block.SCMBlockDeletingService (SCMBlockDeletingService.java:call(138)) - Running DeletedBlockTransactionScanner
2019-09-03 20:25:49,338 [SCMBlockDeletingService#0] DEBUG block.SCMBlockDeletingService (SCMBlockDeletingService.java:call(155)) - Scanned deleted blocks log and got 0 delTX to process.
2019-09-03 20:25:49,343 [grpc-default-executor-1] INFO  client.GrpcClientProtocolClient (GrpcClientProtocolClient.java:onNext(255)) - client-CB1B8AC74E59->81367453-3bf0-4298-8a83-8d5c3816df16: receive RaftClientReply:client-CB1B8AC74E59->81367453-3bf0-4298-8a83-8d5c3816df16@group-F6EC397515C5, cid=411, SUCCESS, logIndex=594, commits[81367453-3bf0-4298-8a83-8d5c3816df16:c595]
2019-09-03 20:25:49,344 [grpc-default-executor-1] INFO  client.GrpcClientProtocolClient (GrpcClientProtocolClient.java:onNext(255)) - client-CB1B8AC74E59->81367453-3bf0-4298-8a83-8d5c3816df16: receive RaftClientReply:client-CB1B8AC74E59->81367453-3bf0-4298-8a83-8d5c3816df16@group-F6EC397515C5, cid=412, SUCCESS, logIndex=595, commits[81367453-3bf0-4298-8a83-8d5c3816df16:c595]
2019-09-03 20:25:49,490 [SCMBlockDeletingService#1] DEBUG block.SCMBlockDeletingService (SCMBlockDeletingService.java:call(138)) - Running DeletedBlockTransactionScanner
2019-09-03 20:25:49,491 [SCMBlockDeletingService#1] DEBUG block.SCMBlockDeletingService (SCMBlockDeletingService.java:call(155)) - Scanned deleted blocks log and got 0 delTX to process.
2019-09-03 20:25:49,519 [grpc-default-executor-1] INFO  client.GrpcClientProtocolClient (GrpcClientProtocolClient.java:onNext(255)) - client-CB1B8AC74E59->81367453-3bf0-4298-8a83-8d5c3816df16: receive RaftClientReply:client-CB1B8AC74E59->81367453-3bf0-4298-8a83-8d5c3816df16@group-F6EC397515C5, cid=413, SUCCESS, logIndex=598, commits[81367453-3bf0-4298-8a83-8d5c3816df16:c601]
2019-09-03 20:25:49,519 [grpc-default-executor-1] INFO  client.GrpcClientProtocolClient (GrpcClientProtocolClient.java:onNext(255)) - client-CB1B8AC74E59->81367453-3bf0-4298-8a83-8d5c3816df16: receive RaftClientReply:client-CB1B8AC74E59->81367453-3bf0-4298-8a83-8d5c3816df16@group-F6EC397515C5, cid=414, SUCCESS, logIndex=599, commits[81367453-3bf0-4298-8a83-8d5c3816df16:c601]
2019-09-03 20:25:49,520 [grpc-default-executor-1] INFO  client.GrpcClientProtocolClient (GrpcClientProtocolClient.java:onNext(255)) - client-CB1B8AC74E59->81367453-3bf0-4298-8a83-8d5c3816df16: receive RaftClientReply:client-CB1B8AC74E59->81367453-3bf0-4298-8a83-8d5c3816df16@group-F6EC397515C5, cid=415, SUCCESS, logIndex=600, commits[81367453-3bf0-4298-8a83-8d5c3816df16:c601]
2019-09-03 20:25:49,520 [grpc-default-executor-1] INFO  client.GrpcClientProtocolClient (GrpcClientProtocolClient.java:onNext(255)) - client-CB1B8AC74E59->81367453-3bf0-4298-8a83-8d5c3816df16: receive RaftClientReply:client-CB1B8AC74E59->81367453-3bf0-4298-8a83-8d5c3816df16@group-F6EC397515C5, cid=416, SUCCESS, logIndex=601, commits[81367453-3bf0-4298-8a83-8d5c3816df16:c601]
2019-09-03 20:25:49,547 [grpc-default-executor-1] INFO  client.GrpcClientProtocolClient (GrpcClientProtocolClient.java:onNext(255)) - client-CB1B8AC74E59->81367453-3bf0-4298-8a83-8d5c3816df16: receive RaftClientReply:client-CB1B8AC74E59->81367453-3bf0-4298-8a83-8d5c3816df16@group-F6EC397515C5, cid=417, SUCCESS, logIndex=603, commits[81367453-3bf0-4298-8a83-8d5c3816df16:c604]
2019-09-03 20:25:49,548 [grpc-default-executor-1] INFO  client.GrpcClientProtocolClient (GrpcClientProtocolClient.java:onNext(255)) - client-CB1B8AC74E59->81367453-3bf0-4298-8a83-8d5c3816df16: receive RaftClientReply:client-CB1B8AC74E59->81367453-3bf0-4298-8a83-8d5c3816df16@group-F6EC397515C5, cid=418, SUCCESS, logIndex=604, commits[81367453-3bf0-4298-8a83-8d5c3816df16:c604]
2019-09-03 20:25:49,556 [grpc-default-executor-1] INFO  client.GrpcClientProtocolClient (GrpcClientProtocolClient.java:onNext(255)) - client-CB1B8AC74E59->81367453-3bf0-4298-8a83-8d5c3816df16: receive RaftClientReply:client-CB1B8AC74E59->81367453-3bf0-4298-8a83-8d5c3816df16@group-F6EC397515C5, cid=419, SUCCESS, logIndex=605, commits[81367453-3bf0-4298-8a83-8d5c3816df16:c606]
2019-09-03 20:25:49,557 [grpc-default-executor-1] INFO  client.GrpcClientProtocolClient (GrpcClientProtocolClient.java:onNext(255)) - client-CB1B8AC74E59->81367453-3bf0-4298-8a83-8d5c3816df16: receive RaftClientReply:client-CB1B8AC74E59->81367453-3bf0-4298-8a83-8d5c3816df16@group-F6EC397515C5, cid=420, SUCCESS, logIndex=606, commits[81367453-3bf0-4298-8a83-8d5c3816df16:c606]
2019-09-03 20:25:49,575 [grpc-default-executor-1] INFO  client.GrpcClientProtocolClient (GrpcClientProtocolClient.java:onNext(255)) - client-CB1B8AC74E59->81367453-3bf0-4298-8a83-8d5c3816df16: receive RaftClientReply:client-CB1B8AC74E59->81367453-3bf0-4298-8a83-8d5c3816df16@group-F6EC397515C5, cid=421, SUCCESS, logIndex=609, commits[81367453-3bf0-4298-8a83-8d5c3816df16:c612]
2019-09-03 20:25:49,575 [grpc-default-executor-1] INFO  client.GrpcClientProtocolClient (GrpcClientProtocolClient.java:onNext(255)) - client-CB1B8AC74E59->81367453-3bf0-4298-8a83-8d5c3816df16: receive RaftClientReply:client-CB1B8AC74E59->81367453-3bf0-4298-8a83-8d5c3816df16@group-F6EC397515C5, cid=422, SUCCESS, logIndex=610, commits[81367453-3bf0-4298-8a83-8d5c3816df16:c612]
2019-09-03 20:25:49,576 [grpc-default-executor-1] INFO  client.GrpcClientProtocolClient (GrpcClientProtocolClient.java:onNext(255)) - client-CB1B8AC74E59->81367453-3bf0-4298-8a83-8d5c3816df16: receive RaftClientReply:client-CB1B8AC74E59->81367453-3bf0-4298-8a83-8d5c3816df16@group-F6EC397515C5, cid=423, SUCCESS, logIndex=611, commits[81367453-3bf0-4298-8a83-8d5c3816df16:c612]
2019-09-03 20:25:49,576 [grpc-default-executor-1] INFO  client.GrpcClientProtocolClient (GrpcClientProtocolClient.java:onNext(255)) - client-CB1B8AC74E59->81367453-3bf0-4298-8a83-8d5c3816df16: receive RaftClientReply:client-CB1B8AC74E59->81367453-3bf0-4298-8a83-8d5c3816df16@group-F6EC397515C5, cid=424, SUCCESS, logIndex=612, commits[81367453-3bf0-4298-8a83-8d5c3816df16:c612]
2019-09-03 20:25:49,591 [SCMBlockDeletingService#1] DEBUG block.SCMBlockDeletingService (SCMBlockDeletingService.java:call(138)) - Running DeletedBlockTransactionScanner
2019-09-03 20:25:49,592 [SCMBlockDeletingService#1] DEBUG block.SCMBlockDeletingService (SCMBlockDeletingService.java:call(155)) - Scanned deleted blocks log and got 0 delTX to process.
2019-09-03 20:25:49,600 [grpc-default-executor-1] INFO  client.GrpcClientProtocolClient (GrpcClientProtocolClient.java:onNext(255)) - client-CB1B8AC74E59->81367453-3bf0-4298-8a83-8d5c3816df16: receive RaftClientReply:client-CB1B8AC74E59->81367453-3bf0-4298-8a83-8d5c3816df16@group-F6EC397515C5, cid=425, SUCCESS, logIndex=614, commits[81367453-3bf0-4298-8a83-8d5c3816df16:c615]
2019-09-03 20:25:49,601 [grpc-default-executor-1] INFO  client.GrpcClientProtocolClient (GrpcClientProtocolClient.java:onNext(255)) - client-CB1B8AC74E59->81367453-3bf0-4298-8a83-8d5c3816df16: receive RaftClientReply:client-CB1B8AC74E59->81367453-3bf0-4298-8a83-8d5c3816df16@group-F6EC397515C5, cid=426, SUCCESS, logIndex=615, commits[81367453-3bf0-4298-8a83-8d5c3816df16:c615]
2019-09-03 20:25:49,624 [grpc-default-executor-1] INFO  client.GrpcClientProtocolClient (GrpcClientProtocolClient.java:onNext(255)) - client-CB1B8AC74E59->81367453-3bf0-4298-8a83-8d5c3816df16: receive RaftClientReply:client-CB1B8AC74E59->81367453-3bf0-4298-8a83-8d5c3816df16@group-F6EC397515C5, cid=427, SUCCESS, logIndex=616, commits[81367453-3bf0-4298-8a83-8d5c3816df16:c618]
2019-09-03 20:25:49,625 [grpc-default-executor-1] INFO  client.GrpcClientProtocolClient (GrpcClientProtocolClient.java:onNext(255)) - client-CB1B8AC74E59->81367453-3bf0-4298-8a83-8d5c3816df16: receive RaftClientReply:client-CB1B8AC74E59->81367453-3bf0-4298-8a83-8d5c3816df16@group-F6EC397515C5, cid=428, SUCCESS, logIndex=617, commits[81367453-3bf0-4298-8a83-8d5c3816df16:c618]
2019-09-03 20:25:49,638 [grpc-default-executor-1] INFO  client.GrpcClientProtocolClient (GrpcClientProtocolClient.java:onNext(255)) - client-CB1B8AC74E59->81367453-3bf0-4298-8a83-8d5c3816df16: receive RaftClientReply:client-CB1B8AC74E59->81367453-3bf0-4298-8a83-8d5c3816df16@group-F6EC397515C5, cid=429, SUCCESS, logIndex=619, commits[81367453-3bf0-4298-8a83-8d5c3816df16:c620]
2019-09-03 20:25:49,639 [grpc-default-executor-1] INFO  client.GrpcClientProtocolClient (GrpcClientProtocolClient.java:onNext(255)) - client-CB1B8AC74E59->81367453-3bf0-4298-8a83-8d5c3816df16: receive RaftClientReply:client-CB1B8AC74E59->81367453-3bf0-4298-8a83-8d5c3816df16@group-F6EC397515C5, cid=430, SUCCESS, logIndex=620, commits[81367453-3bf0-4298-8a83-8d5c3816df16:c620]
2019-09-03 20:25:49,673 [grpc-default-executor-1] INFO  client.GrpcClientProtocolClient (GrpcClientProtocolClient.java:onNext(255)) - client-CB1B8AC74E59->81367453-3bf0-4298-8a83-8d5c3816df16: receive RaftClientReply:client-CB1B8AC74E59->81367453-3bf0-4298-8a83-8d5c3816df16@group-F6EC397515C5, cid=431, SUCCESS, logIndex=621, commits[81367453-3bf0-4298-8a83-8d5c3816df16:c622]
2019-09-03 20:25:49,674 [grpc-default-executor-1] INFO  client.GrpcClientProtocolClient (GrpcClientProtocolClient.java:onNext(255)) - client-CB1B8AC74E59->81367453-3bf0-4298-8a83-8d5c3816df16: receive RaftClientReply:client-CB1B8AC74E59->81367453-3bf0-4298-8a83-8d5c3816df16@group-F6EC397515C5, cid=432, SUCCESS, logIndex=622, commits[81367453-3bf0-4298-8a83-8d5c3816df16:c622]
2019-09-03 20:25:49,692 [SCMBlockDeletingService#1] DEBUG block.SCMBlockDeletingService (SCMBlockDeletingService.java:call(138)) - Running DeletedBlockTransactionScanner
2019-09-03 20:25:49,693 [SCMBlockDeletingService#1] DEBUG block.SCMBlockDeletingService (SCMBlockDeletingService.java:call(155)) - Scanned deleted blocks log and got 0 delTX to process.
2019-09-03 20:25:49,695 [grpc-default-executor-2] INFO  client.GrpcClientProtocolClient (GrpcClientProtocolClient.java:onNext(255)) - client-CB1B8AC74E59->81367453-3bf0-4298-8a83-8d5c3816df16: receive RaftClientReply:client-CB1B8AC74E59->81367453-3bf0-4298-8a83-8d5c3816df16@group-F6EC397515C5, cid=433, SUCCESS, logIndex=625, commits[81367453-3bf0-4298-8a83-8d5c3816df16:c626]
2019-09-03 20:25:49,696 [grpc-default-executor-2] INFO  client.GrpcClientProtocolClient (GrpcClientProtocolClient.java:onNext(255)) - client-CB1B8AC74E59->81367453-3bf0-4298-8a83-8d5c3816df16: receive RaftClientReply:client-CB1B8AC74E59->81367453-3bf0-4298-8a83-8d5c3816df16@group-F6EC397515C5, cid=434, SUCCESS, logIndex=626, commits[81367453-3bf0-4298-8a83-8d5c3816df16:c626]
2019-09-03 20:25:49,704 [grpc-default-executor-2] INFO  client.GrpcClientProtocolClient (GrpcClientProtocolClient.java:onNext(255)) - client-CB1B8AC74E59->81367453-3bf0-4298-8a83-8d5c3816df16: receive RaftClientReply:client-CB1B8AC74E59->81367453-3bf0-4298-8a83-8d5c3816df16@group-F6EC397515C5, cid=435, SUCCESS, logIndex=627, commits[81367453-3bf0-4298-8a83-8d5c3816df16:c628]
2019-09-03 20:25:49,705 [grpc-default-executor-2] INFO  client.GrpcClientProtocolClient (GrpcClientProtocolClient.java:onNext(255)) - client-CB1B8AC74E59->81367453-3bf0-4298-8a83-8d5c3816df16: receive RaftClientReply:client-CB1B8AC74E59->81367453-3bf0-4298-8a83-8d5c3816df16@group-F6EC397515C5, cid=436, SUCCESS, logIndex=628, commits[81367453-3bf0-4298-8a83-8d5c3816df16:c628]
2019-09-03 20:25:49,726 [grpc-default-executor-1] INFO  client.GrpcClientProtocolClient (GrpcClientProtocolClient.java:onNext(255)) - client-CB1B8AC74E59->81367453-3bf0-4298-8a83-8d5c3816df16: receive RaftClientReply:client-CB1B8AC74E59->81367453-3bf0-4298-8a83-8d5c3816df16@group-F6EC397515C5, cid=437, SUCCESS, logIndex=631, commits[81367453-3bf0-4298-8a83-8d5c3816df16:c634]
2019-09-03 20:25:49,727 [grpc-default-executor-1] INFO  client.GrpcClientProtocolClient (GrpcClientProtocolClient.java:onNext(255)) - client-CB1B8AC74E59->81367453-3bf0-4298-8a83-8d5c3816df16: receive RaftClientReply:client-CB1B8AC74E59->81367453-3bf0-4298-8a83-8d5c3816df16@group-F6EC397515C5, cid=438, SUCCESS, logIndex=632, commits[81367453-3bf0-4298-8a83-8d5c3816df16:c634]
2019-09-03 20:25:49,727 [grpc-default-executor-1] INFO  client.GrpcClientProtocolClient (GrpcClientProtocolClient.java:onNext(255)) - client-CB1B8AC74E59->81367453-3bf0-4298-8a83-8d5c3816df16: receive RaftClientReply:client-CB1B8AC74E59->81367453-3bf0-4298-8a83-8d5c3816df16@group-F6EC397515C5, cid=439, SUCCESS, logIndex=633, commits[81367453-3bf0-4298-8a83-8d5c3816df16:c634]
2019-09-03 20:25:49,728 [grpc-default-executor-1] INFO  client.GrpcClientProtocolClient (GrpcClientProtocolClient.java:onNext(255)) - client-CB1B8AC74E59->81367453-3bf0-4298-8a83-8d5c3816df16: receive RaftClientReply:client-CB1B8AC74E59->81367453-3bf0-4298-8a83-8d5c3816df16@group-F6EC397515C5, cid=440, SUCCESS, logIndex=634, commits[81367453-3bf0-4298-8a83-8d5c3816df16:c634]
2019-09-03 20:25:49,749 [grpc-default-executor-2] INFO  client.GrpcClientProtocolClient (GrpcClientProtocolClient.java:onNext(255)) - client-CB1B8AC74E59->81367453-3bf0-4298-8a83-8d5c3816df16: receive RaftClientReply:client-CB1B8AC74E59->81367453-3bf0-4298-8a83-8d5c3816df16@group-F6EC397515C5, cid=441, SUCCESS, logIndex=636, commits[81367453-3bf0-4298-8a83-8d5c3816df16:c637]
2019-09-03 20:25:49,750 [grpc-default-executor-2] INFO  client.GrpcClientProtocolClient (GrpcClientProtocolClient.java:onNext(255)) - client-CB1B8AC74E59->81367453-3bf0-4298-8a83-8d5c3816df16: receive RaftClientReply:client-CB1B8AC74E59->81367453-3bf0-4298-8a83-8d5c3816df16@group-F6EC397515C5, cid=442, SUCCESS, logIndex=637, commits[81367453-3bf0-4298-8a83-8d5c3816df16:c637]
2019-09-03 20:25:49,793 [SCMBlockDeletingService#1] DEBUG block.SCMBlockDeletingService (SCMBlockDeletingService.java:call(138)) - Running DeletedBlockTransactionScanner
2019-09-03 20:25:49,793 [SCMBlockDeletingService#1] DEBUG block.SCMBlockDeletingService (SCMBlockDeletingService.java:call(155)) - Scanned deleted blocks log and got 0 delTX to process.
2019-09-03 20:25:49,868 [grpc-default-executor-1] INFO  client.GrpcClientProtocolClient (GrpcClientProtocolClient.java:onNext(255)) - client-CB1B8AC74E59->81367453-3bf0-4298-8a83-8d5c3816df16: receive RaftClientReply:client-CB1B8AC74E59->81367453-3bf0-4298-8a83-8d5c3816df16@group-F6EC397515C5, cid=443, SUCCESS, logIndex=639, commits[81367453-3bf0-4298-8a83-8d5c3816df16:c640]
2019-09-03 20:25:49,869 [grpc-default-executor-1] INFO  client.GrpcClientProtocolClient (GrpcClientProtocolClient.java:onNext(255)) - client-CB1B8AC74E59->81367453-3bf0-4298-8a83-8d5c3816df16: receive RaftClientReply:client-CB1B8AC74E59->81367453-3bf0-4298-8a83-8d5c3816df16@group-F6EC397515C5, cid=444, SUCCESS, logIndex=640, commits[81367453-3bf0-4298-8a83-8d5c3816df16:c640]
2019-09-03 20:25:49,885 [grpc-default-executor-1] INFO  client.GrpcClientProtocolClient (GrpcClientProtocolClient.java:onNext(255)) - client-CB1B8AC74E59->81367453-3bf0-4298-8a83-8d5c3816df16: receive RaftClientReply:client-CB1B8AC74E59->81367453-3bf0-4298-8a83-8d5c3816df16@group-F6EC397515C5, cid=445, SUCCESS, logIndex=642, commits[81367453-3bf0-4298-8a83-8d5c3816df16:c645]
2019-09-03 20:25:49,886 [grpc-default-executor-1] INFO  client.GrpcClientProtocolClient (GrpcClientProtocolClient.java:onNext(255)) - client-CB1B8AC74E59->81367453-3bf0-4298-8a83-8d5c3816df16: receive RaftClientReply:client-CB1B8AC74E59->81367453-3bf0-4298-8a83-8d5c3816df16@group-F6EC397515C5, cid=446, SUCCESS, logIndex=643, commits[81367453-3bf0-4298-8a83-8d5c3816df16:c645]
2019-09-03 20:25:49,886 [grpc-default-executor-1] INFO  client.GrpcClientProtocolClient (GrpcClientProtocolClient.java:onNext(255)) - client-CB1B8AC74E59->81367453-3bf0-4298-8a83-8d5c3816df16: receive RaftClientReply:client-CB1B8AC74E59->81367453-3bf0-4298-8a83-8d5c3816df16@group-F6EC397515C5, cid=447, SUCCESS, logIndex=644, commits[81367453-3bf0-4298-8a83-8d5c3816df16:c645]
2019-09-03 20:25:49,887 [grpc-default-executor-1] INFO  client.GrpcClientProtocolClient (GrpcClientProtocolClient.java:onNext(255)) - client-CB1B8AC74E59->81367453-3bf0-4298-8a83-8d5c3816df16: receive RaftClientReply:client-CB1B8AC74E59->81367453-3bf0-4298-8a83-8d5c3816df16@group-F6EC397515C5, cid=448, SUCCESS, logIndex=645, commits[81367453-3bf0-4298-8a83-8d5c3816df16:c645]
2019-09-03 20:25:49,894 [SCMBlockDeletingService#1] DEBUG block.SCMBlockDeletingService (SCMBlockDeletingService.java:call(138)) - Running DeletedBlockTransactionScanner
2019-09-03 20:25:49,894 [SCMBlockDeletingService#1] DEBUG block.SCMBlockDeletingService (SCMBlockDeletingService.java:call(155)) - Scanned deleted blocks log and got 0 delTX to process.
2019-09-03 20:25:49,909 [grpc-default-executor-2] INFO  client.GrpcClientProtocolClient (GrpcClientProtocolClient.java:onNext(255)) - client-CB1B8AC74E59->81367453-3bf0-4298-8a83-8d5c3816df16: receive RaftClientReply:client-CB1B8AC74E59->81367453-3bf0-4298-8a83-8d5c3816df16@group-F6EC397515C5, cid=449, SUCCESS, logIndex=647, commits[81367453-3bf0-4298-8a83-8d5c3816df16:c648]
2019-09-03 20:25:49,910 [grpc-default-executor-2] INFO  client.GrpcClientProtocolClient (GrpcClientProtocolClient.java:onNext(255)) - client-CB1B8AC74E59->81367453-3bf0-4298-8a83-8d5c3816df16: receive RaftClientReply:client-CB1B8AC74E59->81367453-3bf0-4298-8a83-8d5c3816df16@group-F6EC397515C5, cid=450, SUCCESS, logIndex=648, commits[81367453-3bf0-4298-8a83-8d5c3816df16:c648]
2019-09-03 20:25:49,918 [grpc-default-executor-2] INFO  client.GrpcClientProtocolClient (GrpcClientProtocolClient.java:onNext(255)) - client-CB1B8AC74E59->81367453-3bf0-4298-8a83-8d5c3816df16: receive RaftClientReply:client-CB1B8AC74E59->81367453-3bf0-4298-8a83-8d5c3816df16@group-F6EC397515C5, cid=451, SUCCESS, logIndex=649, commits[81367453-3bf0-4298-8a83-8d5c3816df16:c650]
2019-09-03 20:25:49,919 [grpc-default-executor-2] INFO  client.GrpcClientProtocolClient (GrpcClientProtocolClient.java:onNext(255)) - client-CB1B8AC74E59->81367453-3bf0-4298-8a83-8d5c3816df16: receive RaftClientReply:client-CB1B8AC74E59->81367453-3bf0-4298-8a83-8d5c3816df16@group-F6EC397515C5, cid=452, SUCCESS, logIndex=650, commits[81367453-3bf0-4298-8a83-8d5c3816df16:c650]
2019-09-03 20:25:49,939 [grpc-default-executor-2] INFO  client.GrpcClientProtocolClient (GrpcClientProtocolClient.java:onNext(255)) - client-CB1B8AC74E59->81367453-3bf0-4298-8a83-8d5c3816df16: receive RaftClientReply:client-CB1B8AC74E59->81367453-3bf0-4298-8a83-8d5c3816df16@group-F6EC397515C5, cid=453, SUCCESS, logIndex=653, commits[81367453-3bf0-4298-8a83-8d5c3816df16:c654]
2019-09-03 20:25:49,939 [grpc-default-executor-2] INFO  client.GrpcClientProtocolClient (GrpcClientProtocolClient.java:onNext(255)) - client-CB1B8AC74E59->81367453-3bf0-4298-8a83-8d5c3816df16: receive RaftClientReply:client-CB1B8AC74E59->81367453-3bf0-4298-8a83-8d5c3816df16@group-F6EC397515C5, cid=454, SUCCESS, logIndex=654, commits[81367453-3bf0-4298-8a83-8d5c3816df16:c654]
2019-09-03 20:25:49,980 [grpc-default-executor-2] INFO  client.GrpcClientProtocolClient (GrpcClientProtocolClient.java:onNext(255)) - client-CB1B8AC74E59->81367453-3bf0-4298-8a83-8d5c3816df16: receive RaftClientReply:client-CB1B8AC74E59->81367453-3bf0-4298-8a83-8d5c3816df16@group-F6EC397515C5, cid=455, SUCCESS, logIndex=655, commits[81367453-3bf0-4298-8a83-8d5c3816df16:c656]
2019-09-03 20:25:49,980 [grpc-default-executor-2] INFO  client.GrpcClientProtocolClient (GrpcClientProtocolClient.java:onNext(255)) - client-CB1B8AC74E59->81367453-3bf0-4298-8a83-8d5c3816df16: receive RaftClientReply:client-CB1B8AC74E59->81367453-3bf0-4298-8a83-8d5c3816df16@group-F6EC397515C5, cid=456, SUCCESS, logIndex=656, commits[81367453-3bf0-4298-8a83-8d5c3816df16:c656]
2019-09-03 20:25:49,997 [SCMBlockDeletingService#1] DEBUG block.SCMBlockDeletingService (SCMBlockDeletingService.java:call(138)) - Running DeletedBlockTransactionScanner
2019-09-03 20:25:49,997 [SCMBlockDeletingService#1] DEBUG block.SCMBlockDeletingService (SCMBlockDeletingService.java:call(155)) - Scanned deleted blocks log and got 0 delTX to process.
2019-09-03 20:25:50,025 [grpc-default-executor-1] INFO  client.GrpcClientProtocolClient (GrpcClientProtocolClient.java:onNext(255)) - client-CB1B8AC74E59->81367453-3bf0-4298-8a83-8d5c3816df16: receive RaftClientReply:client-CB1B8AC74E59->81367453-3bf0-4298-8a83-8d5c3816df16@group-F6EC397515C5, cid=457, SUCCESS, logIndex=659, commits[81367453-3bf0-4298-8a83-8d5c3816df16:c660]
2019-09-03 20:25:50,026 [grpc-default-executor-1] INFO  client.GrpcClientProtocolClient (GrpcClientProtocolClient.java:onNext(255)) - client-CB1B8AC74E59->81367453-3bf0-4298-8a83-8d5c3816df16: receive RaftClientReply:client-CB1B8AC74E59->81367453-3bf0-4298-8a83-8d5c3816df16@group-F6EC397515C5, cid=458, SUCCESS, logIndex=660, commits[81367453-3bf0-4298-8a83-8d5c3816df16:c660]
2019-09-03 20:25:50,031 [grpc-default-executor-1] INFO  client.GrpcClientProtocolClient (GrpcClientProtocolClient.java:onNext(255)) - client-CB1B8AC74E59->81367453-3bf0-4298-8a83-8d5c3816df16: receive RaftClientReply:client-CB1B8AC74E59->81367453-3bf0-4298-8a83-8d5c3816df16@group-F6EC397515C5, cid=459, SUCCESS, logIndex=661, commits[81367453-3bf0-4298-8a83-8d5c3816df16:c662]
2019-09-03 20:25:50,031 [grpc-default-executor-1] INFO  client.GrpcClientProtocolClient (GrpcClientProtocolClient.java:onNext(255)) - client-CB1B8AC74E59->81367453-3bf0-4298-8a83-8d5c3816df16: receive RaftClientReply:client-CB1B8AC74E59->81367453-3bf0-4298-8a83-8d5c3816df16@group-F6EC397515C5, cid=460, SUCCESS, logIndex=662, commits[81367453-3bf0-4298-8a83-8d5c3816df16:c662]
2019-09-03 20:25:50,050 [grpc-default-executor-2] INFO  client.GrpcClientProtocolClient (GrpcClientProtocolClient.java:onNext(255)) - client-CB1B8AC74E59->81367453-3bf0-4298-8a83-8d5c3816df16: receive RaftClientReply:client-CB1B8AC74E59->81367453-3bf0-4298-8a83-8d5c3816df16@group-F6EC397515C5, cid=461, SUCCESS, logIndex=665, commits[81367453-3bf0-4298-8a83-8d5c3816df16:c668]
2019-09-03 20:25:50,050 [grpc-default-executor-2] INFO  client.GrpcClientProtocolClient (GrpcClientProtocolClient.java:onNext(255)) - client-CB1B8AC74E59->81367453-3bf0-4298-8a83-8d5c3816df16: receive RaftClientReply:client-CB1B8AC74E59->81367453-3bf0-4298-8a83-8d5c3816df16@group-F6EC397515C5, cid=462, SUCCESS, logIndex=666, commits[81367453-3bf0-4298-8a83-8d5c3816df16:c668]
2019-09-03 20:25:50,051 [grpc-default-executor-2] INFO  client.GrpcClientProtocolClient (GrpcClientProtocolClient.java:onNext(255)) - client-CB1B8AC74E59->81367453-3bf0-4298-8a83-8d5c3816df16: receive RaftClientReply:client-CB1B8AC74E59->81367453-3bf0-4298-8a83-8d5c3816df16@group-F6EC397515C5, cid=463, SUCCESS, logIndex=667, commits[81367453-3bf0-4298-8a83-8d5c3816df16:c668]
2019-09-03 20:25:50,051 [grpc-default-executor-2] INFO  client.GrpcClientProtocolClient (GrpcClientProtocolClient.java:onNext(255)) - client-CB1B8AC74E59->81367453-3bf0-4298-8a83-8d5c3816df16: receive RaftClientReply:client-CB1B8AC74E59->81367453-3bf0-4298-8a83-8d5c3816df16@group-F6EC397515C5, cid=464, SUCCESS, logIndex=668, commits[81367453-3bf0-4298-8a83-8d5c3816df16:c668]
2019-09-03 20:25:50,074 [grpc-default-executor-2] INFO  client.GrpcClientProtocolClient (GrpcClientProtocolClient.java:onNext(255)) - client-CB1B8AC74E59->81367453-3bf0-4298-8a83-8d5c3816df16: receive RaftClientReply:client-CB1B8AC74E59->81367453-3bf0-4298-8a83-8d5c3816df16@group-F6EC397515C5, cid=465, SUCCESS, logIndex=670, commits[81367453-3bf0-4298-8a83-8d5c3816df16:c671]
2019-09-03 20:25:50,074 [grpc-default-executor-2] INFO  client.GrpcClientProtocolClient (GrpcClientProtocolClient.java:onNext(255)) - client-CB1B8AC74E59->81367453-3bf0-4298-8a83-8d5c3816df16: receive RaftClientReply:client-CB1B8AC74E59->81367453-3bf0-4298-8a83-8d5c3816df16@group-F6EC397515C5, cid=466, SUCCESS, logIndex=671, commits[81367453-3bf0-4298-8a83-8d5c3816df16:c671]
2019-09-03 20:25:50,080 [grpc-default-executor-2] INFO  client.GrpcClientProtocolClient (GrpcClientProtocolClient.java:onNext(255)) - client-CB1B8AC74E59->81367453-3bf0-4298-8a83-8d5c3816df16: receive RaftClientReply:client-CB1B8AC74E59->81367453-3bf0-4298-8a83-8d5c3816df16@group-F6EC397515C5, cid=467, SUCCESS, logIndex=672, commits[81367453-3bf0-4298-8a83-8d5c3816df16:c673]
2019-09-03 20:25:50,080 [grpc-default-executor-2] INFO  client.GrpcClientProtocolClient (GrpcClientProtocolClient.java:onNext(255)) - client-CB1B8AC74E59->81367453-3bf0-4298-8a83-8d5c3816df16: receive RaftClientReply:client-CB1B8AC74E59->81367453-3bf0-4298-8a83-8d5c3816df16@group-F6EC397515C5, cid=468, SUCCESS, logIndex=673, commits[81367453-3bf0-4298-8a83-8d5c3816df16:c673]
2019-09-03 20:25:50,097 [SCMBlockDeletingService#1] DEBUG block.SCMBlockDeletingService (SCMBlockDeletingService.java:call(138)) - Running DeletedBlockTransactionScanner
2019-09-03 20:25:50,098 [SCMBlockDeletingService#1] DEBUG block.SCMBlockDeletingService (SCMBlockDeletingService.java:call(155)) - Scanned deleted blocks log and got 0 delTX to process.
2019-09-03 20:25:50,101 [grpc-default-executor-2] INFO  client.GrpcClientProtocolClient (GrpcClientProtocolClient.java:onNext(255)) - client-CB1B8AC74E59->81367453-3bf0-4298-8a83-8d5c3816df16: receive RaftClientReply:client-CB1B8AC74E59->81367453-3bf0-4298-8a83-8d5c3816df16@group-F6EC397515C5, cid=469, SUCCESS, logIndex=676, commits[81367453-3bf0-4298-8a83-8d5c3816df16:c677]
2019-09-03 20:25:50,101 [grpc-default-executor-2] INFO  client.GrpcClientProtocolClient (GrpcClientProtocolClient.java:onNext(255)) - client-CB1B8AC74E59->81367453-3bf0-4298-8a83-8d5c3816df16: receive RaftClientReply:client-CB1B8AC74E59->81367453-3bf0-4298-8a83-8d5c3816df16@group-F6EC397515C5, cid=470, SUCCESS, logIndex=677, commits[81367453-3bf0-4298-8a83-8d5c3816df16:c677]
2019-09-03 20:25:50,107 [grpc-default-executor-2] INFO  client.GrpcClientProtocolClient (GrpcClientProtocolClient.java:onNext(255)) - client-CB1B8AC74E59->81367453-3bf0-4298-8a83-8d5c3816df16: receive RaftClientReply:client-CB1B8AC74E59->81367453-3bf0-4298-8a83-8d5c3816df16@group-F6EC397515C5, cid=471, SUCCESS, logIndex=678, commits[81367453-3bf0-4298-8a83-8d5c3816df16:c679]
2019-09-03 20:25:50,107 [grpc-default-executor-2] INFO  client.GrpcClientProtocolClient (GrpcClientProtocolClient.java:onNext(255)) - client-CB1B8AC74E59->81367453-3bf0-4298-8a83-8d5c3816df16: receive RaftClientReply:client-CB1B8AC74E59->81367453-3bf0-4298-8a83-8d5c3816df16@group-F6EC397515C5, cid=472, SUCCESS, logIndex=679, commits[81367453-3bf0-4298-8a83-8d5c3816df16:c679]
2019-09-03 20:25:50,136 [grpc-default-executor-2] INFO  client.GrpcClientProtocolClient (GrpcClientProtocolClient.java:onNext(255)) - client-CB1B8AC74E59->81367453-3bf0-4298-8a83-8d5c3816df16: receive RaftClientReply:client-CB1B8AC74E59->81367453-3bf0-4298-8a83-8d5c3816df16@group-F6EC397515C5, cid=473, SUCCESS, logIndex=682, commits[81367453-3bf0-4298-8a83-8d5c3816df16:c685]
2019-09-03 20:25:50,137 [grpc-default-executor-2] INFO  client.GrpcClientProtocolClient (GrpcClientProtocolClient.java:onNext(255)) - client-CB1B8AC74E59->81367453-3bf0-4298-8a83-8d5c3816df16: receive RaftClientReply:client-CB1B8AC74E59->81367453-3bf0-4298-8a83-8d5c3816df16@group-F6EC397515C5, cid=474, SUCCESS, logIndex=683, commits[81367453-3bf0-4298-8a83-8d5c3816df16:c685]
2019-09-03 20:25:50,137 [grpc-default-executor-2] INFO  client.GrpcClientProtocolClient (GrpcClientProtocolClient.java:onNext(255)) - client-CB1B8AC74E59->81367453-3bf0-4298-8a83-8d5c3816df16: receive RaftClientReply:client-CB1B8AC74E59->81367453-3bf0-4298-8a83-8d5c3816df16@group-F6EC397515C5, cid=475, SUCCESS, logIndex=684, commits[81367453-3bf0-4298-8a83-8d5c3816df16:c685]
2019-09-03 20:25:50,139 [grpc-default-executor-2] INFO  client.GrpcClientProtocolClient (GrpcClientProtocolClient.java:onNext(255)) - client-CB1B8AC74E59->81367453-3bf0-4298-8a83-8d5c3816df16: receive RaftClientReply:client-CB1B8AC74E59->81367453-3bf0-4298-8a83-8d5c3816df16@group-F6EC397515C5, cid=476, SUCCESS, logIndex=685, commits[81367453-3bf0-4298-8a83-8d5c3816df16:c685]
2019-09-03 20:25:50,156 [grpc-default-executor-1] INFO  client.GrpcClientProtocolClient (GrpcClientProtocolClient.java:onNext(255)) - client-CB1B8AC74E59->81367453-3bf0-4298-8a83-8d5c3816df16: receive RaftClientReply:client-CB1B8AC74E59->81367453-3bf0-4298-8a83-8d5c3816df16@group-F6EC397515C5, cid=477, SUCCESS, logIndex=687, commits[81367453-3bf0-4298-8a83-8d5c3816df16:c688]
2019-09-03 20:25:50,157 [grpc-default-executor-1] INFO  client.GrpcClientProtocolClient (GrpcClientProtocolClient.java:onNext(255)) - client-CB1B8AC74E59->81367453-3bf0-4298-8a83-8d5c3816df16: receive RaftClientReply:client-CB1B8AC74E59->81367453-3bf0-4298-8a83-8d5c3816df16@group-F6EC397515C5, cid=478, SUCCESS, logIndex=688, commits[81367453-3bf0-4298-8a83-8d5c3816df16:c688]
2019-09-03 20:25:50,165 [grpc-default-executor-1] INFO  client.GrpcClientProtocolClient (GrpcClientProtocolClient.java:onNext(255)) - client-CB1B8AC74E59->81367453-3bf0-4298-8a83-8d5c3816df16: receive RaftClientReply:client-CB1B8AC74E59->81367453-3bf0-4298-8a83-8d5c3816df16@group-F6EC397515C5, cid=479, SUCCESS, logIndex=689, commits[81367453-3bf0-4298-8a83-8d5c3816df16:c690]
2019-09-03 20:25:50,166 [grpc-default-executor-1] INFO  client.GrpcClientProtocolClient (GrpcClientProtocolClient.java:onNext(255)) - client-CB1B8AC74E59->81367453-3bf0-4298-8a83-8d5c3816df16: receive RaftClientReply:client-CB1B8AC74E59->81367453-3bf0-4298-8a83-8d5c3816df16@group-F6EC397515C5, cid=480, SUCCESS, logIndex=690, commits[81367453-3bf0-4298-8a83-8d5c3816df16:c690]
2019-09-03 20:25:50,193 [grpc-default-executor-2] INFO  client.GrpcClientProtocolClient (GrpcClientProtocolClient.java:onNext(255)) - client-CB1B8AC74E59->81367453-3bf0-4298-8a83-8d5c3816df16: receive RaftClientReply:client-CB1B8AC74E59->81367453-3bf0-4298-8a83-8d5c3816df16@group-F6EC397515C5, cid=481, SUCCESS, logIndex=693, commits[81367453-3bf0-4298-8a83-8d5c3816df16:c694]
2019-09-03 20:25:50,194 [grpc-default-executor-2] INFO  client.GrpcClientProtocolClient (GrpcClientProtocolClient.java:onNext(255)) - client-CB1B8AC74E59->81367453-3bf0-4298-8a83-8d5c3816df16: receive RaftClientReply:client-CB1B8AC74E59->81367453-3bf0-4298-8a83-8d5c3816df16@group-F6EC397515C5, cid=482, SUCCESS, logIndex=694, commits[81367453-3bf0-4298-8a83-8d5c3816df16:c694]
2019-09-03 20:25:50,198 [SCMBlockDeletingService#1] DEBUG block.SCMBlockDeletingService (SCMBlockDeletingService.java:call(138)) - Running DeletedBlockTransactionScanner
2019-09-03 20:25:50,198 [grpc-default-executor-2] INFO  client.GrpcClientProtocolClient (GrpcClientProtocolClient.java:onNext(255)) - client-CB1B8AC74E59->81367453-3bf0-4298-8a83-8d5c3816df16: receive RaftClientReply:client-CB1B8AC74E59->81367453-3bf0-4298-8a83-8d5c3816df16@group-F6EC397515C5, cid=483, SUCCESS, logIndex=695, commits[81367453-3bf0-4298-8a83-8d5c3816df16:c696]
2019-09-03 20:25:50,198 [SCMBlockDeletingService#1] DEBUG block.SCMBlockDeletingService (SCMBlockDeletingService.java:call(155)) - Scanned deleted blocks log and got 0 delTX to process.
2019-09-03 20:25:50,199 [grpc-default-executor-2] INFO  client.GrpcClientProtocolClient (GrpcClientProtocolClient.java:onNext(255)) - client-CB1B8AC74E59->81367453-3bf0-4298-8a83-8d5c3816df16: receive RaftClientReply:client-CB1B8AC74E59->81367453-3bf0-4298-8a83-8d5c3816df16@group-F6EC397515C5, cid=484, SUCCESS, logIndex=696, commits[81367453-3bf0-4298-8a83-8d5c3816df16:c696]
2019-09-03 20:25:50,269 [grpc-default-executor-1] INFO  client.GrpcClientProtocolClient (GrpcClientProtocolClient.java:onNext(255)) - client-CB1B8AC74E59->81367453-3bf0-4298-8a83-8d5c3816df16: receive RaftClientReply:client-CB1B8AC74E59->81367453-3bf0-4298-8a83-8d5c3816df16@group-F6EC397515C5, cid=485, SUCCESS, logIndex=699, commits[81367453-3bf0-4298-8a83-8d5c3816df16:c700]
2019-09-03 20:25:50,269 [grpc-default-executor-1] INFO  client.GrpcClientProtocolClient (GrpcClientProtocolClient.java:onNext(255)) - client-CB1B8AC74E59->81367453-3bf0-4298-8a83-8d5c3816df16: receive RaftClientReply:client-CB1B8AC74E59->81367453-3bf0-4298-8a83-8d5c3816df16@group-F6EC397515C5, cid=486, SUCCESS, logIndex=700, commits[81367453-3bf0-4298-8a83-8d5c3816df16:c700]
2019-09-03 20:25:50,299 [SCMBlockDeletingService#1] DEBUG block.SCMBlockDeletingService (SCMBlockDeletingService.java:call(138)) - Running DeletedBlockTransactionScanner
2019-09-03 20:25:50,299 [SCMBlockDeletingService#1] DEBUG block.SCMBlockDeletingService (SCMBlockDeletingService.java:call(155)) - Scanned deleted blocks log and got 0 delTX to process.
2019-09-03 20:25:50,386 [grpc-default-executor-2] INFO  client.GrpcClientProtocolClient (GrpcClientProtocolClient.java:onNext(255)) - client-CB1B8AC74E59->81367453-3bf0-4298-8a83-8d5c3816df16: receive RaftClientReply:client-CB1B8AC74E59->81367453-3bf0-4298-8a83-8d5c3816df16@group-F6EC397515C5, cid=487, SUCCESS, logIndex=702, commits[81367453-3bf0-4298-8a83-8d5c3816df16:c703]
2019-09-03 20:25:50,387 [grpc-default-executor-2] INFO  client.GrpcClientProtocolClient (GrpcClientProtocolClient.java:onNext(255)) - client-CB1B8AC74E59->81367453-3bf0-4298-8a83-8d5c3816df16: receive RaftClientReply:client-CB1B8AC74E59->81367453-3bf0-4298-8a83-8d5c3816df16@group-F6EC397515C5, cid=488, SUCCESS, logIndex=703, commits[81367453-3bf0-4298-8a83-8d5c3816df16:c703]
2019-09-03 20:25:50,399 [SCMBlockDeletingService#1] DEBUG block.SCMBlockDeletingService (SCMBlockDeletingService.java:call(138)) - Running DeletedBlockTransactionScanner
2019-09-03 20:25:50,400 [SCMBlockDeletingService#1] DEBUG block.SCMBlockDeletingService (SCMBlockDeletingService.java:call(155)) - Scanned deleted blocks log and got 0 delTX to process.
2019-09-03 20:25:50,417 [grpc-default-executor-2] INFO  client.GrpcClientProtocolClient (GrpcClientProtocolClient.java:onNext(255)) - client-CB1B8AC74E59->81367453-3bf0-4298-8a83-8d5c3816df16: receive RaftClientReply:client-CB1B8AC74E59->81367453-3bf0-4298-8a83-8d5c3816df16@group-F6EC397515C5, cid=489, SUCCESS, logIndex=705, commits[81367453-3bf0-4298-8a83-8d5c3816df16:c706]
2019-09-03 20:25:50,418 [grpc-default-executor-2] INFO  client.GrpcClientProtocolClient (GrpcClientProtocolClient.java:onNext(255)) - client-CB1B8AC74E59->81367453-3bf0-4298-8a83-8d5c3816df16: receive RaftClientReply:client-CB1B8AC74E59->81367453-3bf0-4298-8a83-8d5c3816df16@group-F6EC397515C5, cid=490, SUCCESS, logIndex=706, commits[81367453-3bf0-4298-8a83-8d5c3816df16:c706]
2019-09-03 20:25:50,423 [grpc-default-executor-2] INFO  client.GrpcClientProtocolClient (GrpcClientProtocolClient.java:onNext(255)) - client-CB1B8AC74E59->81367453-3bf0-4298-8a83-8d5c3816df16: receive RaftClientReply:client-CB1B8AC74E59->81367453-3bf0-4298-8a83-8d5c3816df16@group-F6EC397515C5, cid=491, SUCCESS, logIndex=707, commits[81367453-3bf0-4298-8a83-8d5c3816df16:c708]
2019-09-03 20:25:50,423 [grpc-default-executor-2] INFO  client.GrpcClientProtocolClient (GrpcClientProtocolClient.java:onNext(255)) - client-CB1B8AC74E59->81367453-3bf0-4298-8a83-8d5c3816df16: receive RaftClientReply:client-CB1B8AC74E59->81367453-3bf0-4298-8a83-8d5c3816df16@group-F6EC397515C5, cid=492, SUCCESS, logIndex=708, commits[81367453-3bf0-4298-8a83-8d5c3816df16:c709]
2019-09-03 20:25:50,444 [grpc-default-executor-2] INFO  client.GrpcClientProtocolClient (GrpcClientProtocolClient.java:onNext(255)) - client-CB1B8AC74E59->81367453-3bf0-4298-8a83-8d5c3816df16: receive RaftClientReply:client-CB1B8AC74E59->81367453-3bf0-4298-8a83-8d5c3816df16@group-F6EC397515C5, cid=493, SUCCESS, logIndex=711, commits[81367453-3bf0-4298-8a83-8d5c3816df16:c712]
2019-09-03 20:25:50,445 [grpc-default-executor-2] INFO  client.GrpcClientProtocolClient (GrpcClientProtocolClient.java:onNext(255)) - client-CB1B8AC74E59->81367453-3bf0-4298-8a83-8d5c3816df16: receive RaftClientReply:client-CB1B8AC74E59->81367453-3bf0-4298-8a83-8d5c3816df16@group-F6EC397515C5, cid=494, SUCCESS, logIndex=712, commits[81367453-3bf0-4298-8a83-8d5c3816df16:c714]
2019-09-03 20:25:50,445 [grpc-default-executor-2] INFO  client.GrpcClientProtocolClient (GrpcClientProtocolClient.java:onNext(255)) - client-CB1B8AC74E59->81367453-3bf0-4298-8a83-8d5c3816df16: receive RaftClientReply:client-CB1B8AC74E59->81367453-3bf0-4298-8a83-8d5c3816df16@group-F6EC397515C5, cid=495, SUCCESS, logIndex=713, commits[81367453-3bf0-4298-8a83-8d5c3816df16:c715]
2019-09-03 20:25:50,446 [grpc-default-executor-2] INFO  client.GrpcClientProtocolClient (GrpcClientProtocolClient.java:onNext(255)) - client-CB1B8AC74E59->81367453-3bf0-4298-8a83-8d5c3816df16: receive RaftClientReply:client-CB1B8AC74E59->81367453-3bf0-4298-8a83-8d5c3816df16@group-F6EC397515C5, cid=496, SUCCESS, logIndex=714, commits[81367453-3bf0-4298-8a83-8d5c3816df16:c716]
2019-09-03 20:25:50,469 [grpc-default-executor-2] INFO  client.GrpcClientProtocolClient (GrpcClientProtocolClient.java:onNext(255)) - client-CB1B8AC74E59->81367453-3bf0-4298-8a83-8d5c3816df16: receive RaftClientReply:client-CB1B8AC74E59->81367453-3bf0-4298-8a83-8d5c3816df16@group-F6EC397515C5, cid=497, SUCCESS, logIndex=717, commits[81367453-3bf0-4298-8a83-8d5c3816df16:c718]
2019-09-03 20:25:50,470 [grpc-default-executor-2] INFO  client.GrpcClientProtocolClient (GrpcClientProtocolClient.java:onNext(255)) - client-CB1B8AC74E59->81367453-3bf0-4298-8a83-8d5c3816df16: receive RaftClientReply:client-CB1B8AC74E59->81367453-3bf0-4298-8a83-8d5c3816df16@group-F6EC397515C5, cid=498, SUCCESS, logIndex=718, commits[81367453-3bf0-4298-8a83-8d5c3816df16:c718]
2019-09-03 20:25:50,494 [grpc-default-executor-2] INFO  client.GrpcClientProtocolClient (GrpcClientProtocolClient.java:onNext(255)) - client-CB1B8AC74E59->81367453-3bf0-4298-8a83-8d5c3816df16: receive RaftClientReply:client-CB1B8AC74E59->81367453-3bf0-4298-8a83-8d5c3816df16@group-F6EC397515C5, cid=499, SUCCESS, logIndex=719, commits[81367453-3bf0-4298-8a83-8d5c3816df16:c720]
2019-09-03 20:25:50,495 [grpc-default-executor-2] INFO  client.GrpcClientProtocolClient (GrpcClientProtocolClient.java:onNext(255)) - client-CB1B8AC74E59->81367453-3bf0-4298-8a83-8d5c3816df16: receive RaftClientReply:client-CB1B8AC74E59->81367453-3bf0-4298-8a83-8d5c3816df16@group-F6EC397515C5, cid=500, SUCCESS, logIndex=720, commits[81367453-3bf0-4298-8a83-8d5c3816df16:c720]
2019-09-03 20:25:50,500 [SCMBlockDeletingService#1] DEBUG block.SCMBlockDeletingService (SCMBlockDeletingService.java:call(138)) - Running DeletedBlockTransactionScanner
2019-09-03 20:25:50,500 [SCMBlockDeletingService#1] DEBUG block.SCMBlockDeletingService (SCMBlockDeletingService.java:call(155)) - Scanned deleted blocks log and got 0 delTX to process.
2019-09-03 20:25:50,514 [grpc-default-executor-2] INFO  client.GrpcClientProtocolClient (GrpcClientProtocolClient.java:onNext(255)) - client-CB1B8AC74E59->81367453-3bf0-4298-8a83-8d5c3816df16: receive RaftClientReply:client-CB1B8AC74E59->81367453-3bf0-4298-8a83-8d5c3816df16@group-F6EC397515C5, cid=501, SUCCESS, logIndex=723, commits[81367453-3bf0-4298-8a83-8d5c3816df16:c726]
2019-09-03 20:25:50,515 [grpc-default-executor-2] INFO  client.GrpcClientProtocolClient (GrpcClientProtocolClient.java:onNext(255)) - client-CB1B8AC74E59->81367453-3bf0-4298-8a83-8d5c3816df16: receive RaftClientReply:client-CB1B8AC74E59->81367453-3bf0-4298-8a83-8d5c3816df16@group-F6EC397515C5, cid=502, SUCCESS, logIndex=724, commits[81367453-3bf0-4298-8a83-8d5c3816df16:c726]
2019-09-03 20:25:50,515 [grpc-default-executor-2] INFO  client.GrpcClientProtocolClient (GrpcClientProtocolClient.java:onNext(255)) - client-CB1B8AC74E59->81367453-3bf0-4298-8a83-8d5c3816df16: receive RaftClientReply:client-CB1B8AC74E59->81367453-3bf0-4298-8a83-8d5c3816df16@group-F6EC397515C5, cid=503, SUCCESS, logIndex=725, commits[81367453-3bf0-4298-8a83-8d5c3816df16:c726]
2019-09-03 20:25:50,516 [grpc-default-executor-2] INFO  client.GrpcClientProtocolClient (GrpcClientProtocolClient.java:onNext(255)) - client-CB1B8AC74E59->81367453-3bf0-4298-8a83-8d5c3816df16: receive RaftClientReply:client-CB1B8AC74E59->81367453-3bf0-4298-8a83-8d5c3816df16@group-F6EC397515C5, cid=504, SUCCESS, logIndex=726, commits[81367453-3bf0-4298-8a83-8d5c3816df16:c726]
2019-09-03 20:25:50,548 [grpc-default-executor-1] INFO  client.GrpcClientProtocolClient (GrpcClientProtocolClient.java:onNext(255)) - client-CB1B8AC74E59->81367453-3bf0-4298-8a83-8d5c3816df16: receive RaftClientReply:client-CB1B8AC74E59->81367453-3bf0-4298-8a83-8d5c3816df16@group-F6EC397515C5, cid=505, SUCCESS, logIndex=728, commits[81367453-3bf0-4298-8a83-8d5c3816df16:c731]
2019-09-03 20:25:50,548 [grpc-default-executor-1] INFO  client.GrpcClientProtocolClient (GrpcClientProtocolClient.java:onNext(255)) - client-CB1B8AC74E59->81367453-3bf0-4298-8a83-8d5c3816df16: receive RaftClientReply:client-CB1B8AC74E59->81367453-3bf0-4298-8a83-8d5c3816df16@group-F6EC397515C5, cid=506, SUCCESS, logIndex=729, commits[81367453-3bf0-4298-8a83-8d5c3816df16:c731]
2019-09-03 20:25:50,549 [grpc-default-executor-1] INFO  client.GrpcClientProtocolClient (GrpcClientProtocolClient.java:onNext(255)) - client-CB1B8AC74E59->81367453-3bf0-4298-8a83-8d5c3816df16: receive RaftClientReply:client-CB1B8AC74E59->81367453-3bf0-4298-8a83-8d5c3816df16@group-F6EC397515C5, cid=507, SUCCESS, logIndex=730, commits[81367453-3bf0-4298-8a83-8d5c3816df16:c731]
2019-09-03 20:25:50,550 [grpc-default-executor-1] INFO  client.GrpcClientProtocolClient (GrpcClientProtocolClient.java:onNext(255)) - client-CB1B8AC74E59->81367453-3bf0-4298-8a83-8d5c3816df16: receive RaftClientReply:client-CB1B8AC74E59->81367453-3bf0-4298-8a83-8d5c3816df16@group-F6EC397515C5, cid=508, SUCCESS, logIndex=731, commits[81367453-3bf0-4298-8a83-8d5c3816df16:c731]
2019-09-03 20:25:50,576 [grpc-default-executor-1] INFO  client.GrpcClientProtocolClient (GrpcClientProtocolClient.java:onNext(255)) - client-CB1B8AC74E59->81367453-3bf0-4298-8a83-8d5c3816df16: receive RaftClientReply:client-CB1B8AC74E59->81367453-3bf0-4298-8a83-8d5c3816df16@group-F6EC397515C5, cid=509, SUCCESS, logIndex=733, commits[81367453-3bf0-4298-8a83-8d5c3816df16:c736]
2019-09-03 20:25:50,578 [grpc-default-executor-1] INFO  client.GrpcClientProtocolClient (GrpcClientProtocolClient.java:onNext(255)) - client-CB1B8AC74E59->81367453-3bf0-4298-8a83-8d5c3816df16: receive RaftClientReply:client-CB1B8AC74E59->81367453-3bf0-4298-8a83-8d5c3816df16@group-F6EC397515C5, cid=510, SUCCESS, logIndex=734, commits[81367453-3bf0-4298-8a83-8d5c3816df16:c736]
2019-09-03 20:25:50,579 [grpc-default-executor-1] INFO  client.GrpcClientProtocolClient (GrpcClientProtocolClient.java:onNext(255)) - client-CB1B8AC74E59->81367453-3bf0-4298-8a83-8d5c3816df16: receive RaftClientReply:client-CB1B8AC74E59->81367453-3bf0-4298-8a83-8d5c3816df16@group-F6EC397515C5, cid=511, SUCCESS, logIndex=735, commits[81367453-3bf0-4298-8a83-8d5c3816df16:c736]
2019-09-03 20:25:50,579 [grpc-default-executor-1] INFO  client.GrpcClientProtocolClient (GrpcClientProtocolClient.java:onNext(255)) - client-CB1B8AC74E59->81367453-3bf0-4298-8a83-8d5c3816df16: receive RaftClientReply:client-CB1B8AC74E59->81367453-3bf0-4298-8a83-8d5c3816df16@group-F6EC397515C5, cid=512, SUCCESS, logIndex=736, commits[81367453-3bf0-4298-8a83-8d5c3816df16:c736]
2019-09-03 20:25:50,601 [SCMBlockDeletingService#1] DEBUG block.SCMBlockDeletingService (SCMBlockDeletingService.java:call(138)) - Running DeletedBlockTransactionScanner
2019-09-03 20:25:50,601 [SCMBlockDeletingService#1] DEBUG block.SCMBlockDeletingService (SCMBlockDeletingService.java:call(155)) - Scanned deleted blocks log and got 0 delTX to process.
2019-09-03 20:25:50,625 [grpc-default-executor-1] INFO  client.GrpcClientProtocolClient (GrpcClientProtocolClient.java:onNext(255)) - client-CB1B8AC74E59->81367453-3bf0-4298-8a83-8d5c3816df16: receive RaftClientReply:client-CB1B8AC74E59->81367453-3bf0-4298-8a83-8d5c3816df16@group-F6EC397515C5, cid=513, SUCCESS, logIndex=738, commits[81367453-3bf0-4298-8a83-8d5c3816df16:c739]
2019-09-03 20:25:50,626 [grpc-default-executor-1] INFO  client.GrpcClientProtocolClient (GrpcClientProtocolClient.java:onNext(255)) - client-CB1B8AC74E59->81367453-3bf0-4298-8a83-8d5c3816df16: receive RaftClientReply:client-CB1B8AC74E59->81367453-3bf0-4298-8a83-8d5c3816df16@group-F6EC397515C5, cid=514, SUCCESS, logIndex=739, commits[81367453-3bf0-4298-8a83-8d5c3816df16:c739]
2019-09-03 20:25:50,638 [grpc-default-executor-1] INFO  client.GrpcClientProtocolClient (GrpcClientProtocolClient.java:onNext(255)) - client-CB1B8AC74E59->81367453-3bf0-4298-8a83-8d5c3816df16: receive RaftClientReply:client-CB1B8AC74E59->81367453-3bf0-4298-8a83-8d5c3816df16@group-F6EC397515C5, cid=515, SUCCESS, logIndex=740, commits[81367453-3bf0-4298-8a83-8d5c3816df16:c741]
2019-09-03 20:25:50,638 [grpc-default-executor-1] INFO  client.GrpcClientProtocolClient (GrpcClientProtocolClient.java:onNext(255)) - client-CB1B8AC74E59->81367453-3bf0-4298-8a83-8d5c3816df16: receive RaftClientReply:client-CB1B8AC74E59->81367453-3bf0-4298-8a83-8d5c3816df16@group-F6EC397515C5, cid=516, SUCCESS, logIndex=741, commits[81367453-3bf0-4298-8a83-8d5c3816df16:c741]
2019-09-03 20:25:50,681 [grpc-default-executor-2] INFO  client.GrpcClientProtocolClient (GrpcClientProtocolClient.java:onNext(255)) - client-CB1B8AC74E59->81367453-3bf0-4298-8a83-8d5c3816df16: receive RaftClientReply:client-CB1B8AC74E59->81367453-3bf0-4298-8a83-8d5c3816df16@group-F6EC397515C5, cid=517, SUCCESS, logIndex=744, commits[81367453-3bf0-4298-8a83-8d5c3816df16:c747]
2019-09-03 20:25:50,682 [grpc-default-executor-2] INFO  client.GrpcClientProtocolClient (GrpcClientProtocolClient.java:onNext(255)) - client-CB1B8AC74E59->81367453-3bf0-4298-8a83-8d5c3816df16: receive RaftClientReply:client-CB1B8AC74E59->81367453-3bf0-4298-8a83-8d5c3816df16@group-F6EC397515C5, cid=518, SUCCESS, logIndex=745, commits[81367453-3bf0-4298-8a83-8d5c3816df16:c747]
2019-09-03 20:25:50,682 [grpc-default-executor-2] INFO  client.GrpcClientProtocolClient (GrpcClientProtocolClient.java:onNext(255)) - client-CB1B8AC74E59->81367453-3bf0-4298-8a83-8d5c3816df16: receive RaftClientReply:client-CB1B8AC74E59->81367453-3bf0-4298-8a83-8d5c3816df16@group-F6EC397515C5, cid=519, SUCCESS, logIndex=746, commits[81367453-3bf0-4298-8a83-8d5c3816df16:c747]
2019-09-03 20:25:50,683 [grpc-default-executor-2] INFO  client.GrpcClientProtocolClient (GrpcClientProtocolClient.java:onNext(255)) - client-CB1B8AC74E59->81367453-3bf0-4298-8a83-8d5c3816df16: receive RaftClientReply:client-CB1B8AC74E59->81367453-3bf0-4298-8a83-8d5c3816df16@group-F6EC397515C5, cid=520, SUCCESS, logIndex=747, commits[81367453-3bf0-4298-8a83-8d5c3816df16:c747]
2019-09-03 20:25:50,701 [SCMBlockDeletingService#1] DEBUG block.SCMBlockDeletingService (SCMBlockDeletingService.java:call(138)) - Running DeletedBlockTransactionScanner
2019-09-03 20:25:50,702 [SCMBlockDeletingService#1] DEBUG block.SCMBlockDeletingService (SCMBlockDeletingService.java:call(155)) - Scanned deleted blocks log and got 0 delTX to process.
2019-09-03 20:25:50,736 [grpc-default-executor-1] INFO  client.GrpcClientProtocolClient (GrpcClientProtocolClient.java:onNext(255)) - client-CB1B8AC74E59->81367453-3bf0-4298-8a83-8d5c3816df16: receive RaftClientReply:client-CB1B8AC74E59->81367453-3bf0-4298-8a83-8d5c3816df16@group-F6EC397515C5, cid=521, SUCCESS, logIndex=749, commits[81367453-3bf0-4298-8a83-8d5c3816df16:c752]
2019-09-03 20:25:50,737 [grpc-default-executor-1] INFO  client.GrpcClientProtocolClient (GrpcClientProtocolClient.java:onNext(255)) - client-CB1B8AC74E59->81367453-3bf0-4298-8a83-8d5c3816df16: receive RaftClientReply:client-CB1B8AC74E59->81367453-3bf0-4298-8a83-8d5c3816df16@group-F6EC397515C5, cid=522, SUCCESS, logIndex=750, commits[81367453-3bf0-4298-8a83-8d5c3816df16:c753]
2019-09-03 20:25:50,738 [grpc-default-executor-1] INFO  client.GrpcClientProtocolClient (GrpcClientProtocolClient.java:onNext(255)) - client-CB1B8AC74E59->81367453-3bf0-4298-8a83-8d5c3816df16: receive RaftClientReply:client-CB1B8AC74E59->81367453-3bf0-4298-8a83-8d5c3816df16@group-F6EC397515C5, cid=523, SUCCESS, logIndex=751, commits[81367453-3bf0-4298-8a83-8d5c3816df16:c753]
2019-09-03 20:25:50,738 [grpc-default-executor-1] INFO  client.GrpcClientProtocolClient (GrpcClientProtocolClient.java:onNext(255)) - client-CB1B8AC74E59->81367453-3bf0-4298-8a83-8d5c3816df16: receive RaftClientReply:client-CB1B8AC74E59->81367453-3bf0-4298-8a83-8d5c3816df16@group-F6EC397515C5, cid=524, SUCCESS, logIndex=752, commits[81367453-3bf0-4298-8a83-8d5c3816df16:c753]
2019-09-03 20:25:50,759 [grpc-default-executor-1] INFO  client.GrpcClientProtocolClient (GrpcClientProtocolClient.java:onNext(255)) - client-CB1B8AC74E59->81367453-3bf0-4298-8a83-8d5c3816df16: receive RaftClientReply:client-CB1B8AC74E59->81367453-3bf0-4298-8a83-8d5c3816df16@group-F6EC397515C5, cid=525, SUCCESS, logIndex=755, commits[81367453-3bf0-4298-8a83-8d5c3816df16:c756]
2019-09-03 20:25:50,760 [grpc-default-executor-1] INFO  client.GrpcClientProtocolClient (GrpcClientProtocolClient.java:onNext(255)) - client-CB1B8AC74E59->81367453-3bf0-4298-8a83-8d5c3816df16: receive RaftClientReply:client-CB1B8AC74E59->81367453-3bf0-4298-8a83-8d5c3816df16@group-F6EC397515C5, cid=526, SUCCESS, logIndex=756, commits[81367453-3bf0-4298-8a83-8d5c3816df16:c756]
2019-09-03 20:25:50,779 [grpc-default-executor-1] INFO  client.GrpcClientProtocolClient (GrpcClientProtocolClient.java:onNext(255)) - client-CB1B8AC74E59->81367453-3bf0-4298-8a83-8d5c3816df16: receive RaftClientReply:client-CB1B8AC74E59->81367453-3bf0-4298-8a83-8d5c3816df16@group-F6EC397515C5, cid=527, SUCCESS, logIndex=757, commits[81367453-3bf0-4298-8a83-8d5c3816df16:c758]
2019-09-03 20:25:50,780 [grpc-default-executor-1] INFO  client.GrpcClientProtocolClient (GrpcClientProtocolClient.java:onNext(255)) - client-CB1B8AC74E59->81367453-3bf0-4298-8a83-8d5c3816df16: receive RaftClientReply:client-CB1B8AC74E59->81367453-3bf0-4298-8a83-8d5c3816df16@group-F6EC397515C5, cid=528, SUCCESS, logIndex=758, commits[81367453-3bf0-4298-8a83-8d5c3816df16:c758]
2019-09-03 20:25:50,802 [SCMBlockDeletingService#1] DEBUG block.SCMBlockDeletingService (SCMBlockDeletingService.java:call(138)) - Running DeletedBlockTransactionScanner
2019-09-03 20:25:50,802 [SCMBlockDeletingService#1] DEBUG block.SCMBlockDeletingService (SCMBlockDeletingService.java:call(155)) - Scanned deleted blocks log and got 0 delTX to process.
2019-09-03 20:25:50,813 [grpc-default-executor-1] INFO  client.GrpcClientProtocolClient (GrpcClientProtocolClient.java:onNext(255)) - client-CB1B8AC74E59->81367453-3bf0-4298-8a83-8d5c3816df16: receive RaftClientReply:client-CB1B8AC74E59->81367453-3bf0-4298-8a83-8d5c3816df16@group-F6EC397515C5, cid=529, SUCCESS, logIndex=761, commits[81367453-3bf0-4298-8a83-8d5c3816df16:c762]
2019-09-03 20:25:50,814 [grpc-default-executor-1] INFO  client.GrpcClientProtocolClient (GrpcClientProtocolClient.java:onNext(255)) - client-CB1B8AC74E59->81367453-3bf0-4298-8a83-8d5c3816df16: receive RaftClientReply:client-CB1B8AC74E59->81367453-3bf0-4298-8a83-8d5c3816df16@group-F6EC397515C5, cid=530, SUCCESS, logIndex=762, commits[81367453-3bf0-4298-8a83-8d5c3816df16:c762]
2019-09-03 20:25:50,903 [SCMBlockDeletingService#1] DEBUG block.SCMBlockDeletingService (SCMBlockDeletingService.java:call(138)) - Running DeletedBlockTransactionScanner
2019-09-03 20:25:50,903 [SCMBlockDeletingService#1] DEBUG block.SCMBlockDeletingService (SCMBlockDeletingService.java:call(155)) - Scanned deleted blocks log and got 0 delTX to process.
2019-09-03 20:25:50,948 [grpc-default-executor-2] INFO  client.GrpcClientProtocolClient (GrpcClientProtocolClient.java:onNext(255)) - client-CB1B8AC74E59->81367453-3bf0-4298-8a83-8d5c3816df16: receive RaftClientReply:client-CB1B8AC74E59->81367453-3bf0-4298-8a83-8d5c3816df16@group-F6EC397515C5, cid=531, SUCCESS, logIndex=764, commits[81367453-3bf0-4298-8a83-8d5c3816df16:c765]
2019-09-03 20:25:50,949 [grpc-default-executor-2] INFO  client.GrpcClientProtocolClient (GrpcClientProtocolClient.java:onNext(255)) - client-CB1B8AC74E59->81367453-3bf0-4298-8a83-8d5c3816df16: receive RaftClientReply:client-CB1B8AC74E59->81367453-3bf0-4298-8a83-8d5c3816df16@group-F6EC397515C5, cid=532, SUCCESS, logIndex=765, commits[81367453-3bf0-4298-8a83-8d5c3816df16:c765]
2019-09-03 20:25:51,004 [SCMBlockDeletingService#1] DEBUG block.SCMBlockDeletingService (SCMBlockDeletingService.java:call(138)) - Running DeletedBlockTransactionScanner
2019-09-03 20:25:51,009 [SCMBlockDeletingService#1] DEBUG block.SCMBlockDeletingService (SCMBlockDeletingService.java:call(155)) - Scanned deleted blocks log and got 0 delTX to process.
2019-09-03 20:25:51,017 [grpc-default-executor-2] INFO  client.GrpcClientProtocolClient (GrpcClientProtocolClient.java:onNext(255)) - client-CB1B8AC74E59->81367453-3bf0-4298-8a83-8d5c3816df16: receive RaftClientReply:client-CB1B8AC74E59->81367453-3bf0-4298-8a83-8d5c3816df16@group-F6EC397515C5, cid=533, SUCCESS, logIndex=767, commits[81367453-3bf0-4298-8a83-8d5c3816df16:c770]
2019-09-03 20:25:51,018 [grpc-default-executor-2] INFO  client.GrpcClientProtocolClient (GrpcClientProtocolClient.java:onNext(255)) - client-CB1B8AC74E59->81367453-3bf0-4298-8a83-8d5c3816df16: receive RaftClientReply:client-CB1B8AC74E59->81367453-3bf0-4298-8a83-8d5c3816df16@group-F6EC397515C5, cid=534, SUCCESS, logIndex=768, commits[81367453-3bf0-4298-8a83-8d5c3816df16:c771]
2019-09-03 20:25:51,019 [grpc-default-executor-2] INFO  client.GrpcClientProtocolClient (GrpcClientProtocolClient.java:onNext(255)) - client-CB1B8AC74E59->81367453-3bf0-4298-8a83-8d5c3816df16: receive RaftClientReply:client-CB1B8AC74E59->81367453-3bf0-4298-8a83-8d5c3816df16@group-F6EC397515C5, cid=535, SUCCESS, logIndex=769, commits[81367453-3bf0-4298-8a83-8d5c3816df16:c771]
2019-09-03 20:25:51,019 [grpc-default-executor-2] INFO  client.GrpcClientProtocolClient (GrpcClientProtocolClient.java:onNext(255)) - client-CB1B8AC74E59->81367453-3bf0-4298-8a83-8d5c3816df16: receive RaftClientReply:client-CB1B8AC74E59->81367453-3bf0-4298-8a83-8d5c3816df16@group-F6EC397515C5, cid=536, SUCCESS, logIndex=770, commits[81367453-3bf0-4298-8a83-8d5c3816df16:c771]
2019-09-03 20:25:51,079 [grpc-default-executor-1] INFO  client.GrpcClientProtocolClient (GrpcClientProtocolClient.java:onNext(255)) - client-CB1B8AC74E59->81367453-3bf0-4298-8a83-8d5c3816df16: receive RaftClientReply:client-CB1B8AC74E59->81367453-3bf0-4298-8a83-8d5c3816df16@group-F6EC397515C5, cid=537, SUCCESS, logIndex=772, commits[81367453-3bf0-4298-8a83-8d5c3816df16:c773]
2019-09-03 20:25:51,080 [grpc-default-executor-1] INFO  client.GrpcClientProtocolClient (GrpcClientProtocolClient.java:onNext(255)) - client-CB1B8AC74E59->81367453-3bf0-4298-8a83-8d5c3816df16: receive RaftClientReply:client-CB1B8AC74E59->81367453-3bf0-4298-8a83-8d5c3816df16@group-F6EC397515C5, cid=538, SUCCESS, logIndex=773, commits[81367453-3bf0-4298-8a83-8d5c3816df16:c773]
2019-09-03 20:25:51,098 [grpc-default-executor-1] INFO  client.GrpcClientProtocolClient (GrpcClientProtocolClient.java:onNext(255)) - client-CB1B8AC74E59->81367453-3bf0-4298-8a83-8d5c3816df16: receive RaftClientReply:client-CB1B8AC74E59->81367453-3bf0-4298-8a83-8d5c3816df16@group-F6EC397515C5, cid=539, SUCCESS, logIndex=774, commits[81367453-3bf0-4298-8a83-8d5c3816df16:c775]
2019-09-03 20:25:51,098 [grpc-default-executor-1] INFO  client.GrpcClientProtocolClient (GrpcClientProtocolClient.java:onNext(255)) - client-CB1B8AC74E59->81367453-3bf0-4298-8a83-8d5c3816df16: receive RaftClientReply:client-CB1B8AC74E59->81367453-3bf0-4298-8a83-8d5c3816df16@group-F6EC397515C5, cid=540, SUCCESS, logIndex=775, commits[81367453-3bf0-4298-8a83-8d5c3816df16:c776]
2019-09-03 20:25:51,109 [SCMBlockDeletingService#1] DEBUG block.SCMBlockDeletingService (SCMBlockDeletingService.java:call(138)) - Running DeletedBlockTransactionScanner
2019-09-03 20:25:51,110 [SCMBlockDeletingService#1] DEBUG block.SCMBlockDeletingService (SCMBlockDeletingService.java:call(155)) - Scanned deleted blocks log and got 0 delTX to process.
2019-09-03 20:25:51,144 [grpc-default-executor-2] INFO  client.GrpcClientProtocolClient (GrpcClientProtocolClient.java:onNext(255)) - client-CB1B8AC74E59->81367453-3bf0-4298-8a83-8d5c3816df16: receive RaftClientReply:client-CB1B8AC74E59->81367453-3bf0-4298-8a83-8d5c3816df16@group-F6EC397515C5, cid=541, SUCCESS, logIndex=778, commits[81367453-3bf0-4298-8a83-8d5c3816df16:c781]
2019-09-03 20:25:51,144 [grpc-default-executor-2] INFO  client.GrpcClientProtocolClient (GrpcClientProtocolClient.java:onNext(255)) - client-CB1B8AC74E59->81367453-3bf0-4298-8a83-8d5c3816df16: receive RaftClientReply:client-CB1B8AC74E59->81367453-3bf0-4298-8a83-8d5c3816df16@group-F6EC397515C5, cid=542, SUCCESS, logIndex=779, commits[81367453-3bf0-4298-8a83-8d5c3816df16:c781]
2019-09-03 20:25:51,145 [grpc-default-executor-2] INFO  client.GrpcClientProtocolClient (GrpcClientProtocolClient.java:onNext(255)) - client-CB1B8AC74E59->81367453-3bf0-4298-8a83-8d5c3816df16: receive RaftClientReply:client-CB1B8AC74E59->81367453-3bf0-4298-8a83-8d5c3816df16@group-F6EC397515C5, cid=543, SUCCESS, logIndex=780, commits[81367453-3bf0-4298-8a83-8d5c3816df16:c781]
2019-09-03 20:25:51,145 [grpc-default-executor-2] INFO  client.GrpcClientProtocolClient (GrpcClientProtocolClient.java:onNext(255)) - client-CB1B8AC74E59->81367453-3bf0-4298-8a83-8d5c3816df16: receive RaftClientReply:client-CB1B8AC74E59->81367453-3bf0-4298-8a83-8d5c3816df16@group-F6EC397515C5, cid=544, SUCCESS, logIndex=781, commits[81367453-3bf0-4298-8a83-8d5c3816df16:c781]
2019-09-03 20:25:51,234 [SCMBlockDeletingService#1] DEBUG block.SCMBlockDeletingService (SCMBlockDeletingService.java:call(138)) - Running DeletedBlockTransactionScanner
2019-09-03 20:25:51,234 [SCMBlockDeletingService#1] DEBUG block.SCMBlockDeletingService (SCMBlockDeletingService.java:call(155)) - Scanned deleted blocks log and got 0 delTX to process.
2019-09-03 20:25:51,257 [grpc-default-executor-2] INFO  client.GrpcClientProtocolClient (GrpcClientProtocolClient.java:onNext(255)) - client-CB1B8AC74E59->81367453-3bf0-4298-8a83-8d5c3816df16: receive RaftClientReply:client-CB1B8AC74E59->81367453-3bf0-4298-8a83-8d5c3816df16@group-F6EC397515C5, cid=545, SUCCESS, logIndex=783, commits[81367453-3bf0-4298-8a83-8d5c3816df16:c784]
2019-09-03 20:25:51,258 [grpc-default-executor-2] INFO  client.GrpcClientProtocolClient (GrpcClientProtocolClient.java:onNext(255)) - client-CB1B8AC74E59->81367453-3bf0-4298-8a83-8d5c3816df16: receive RaftClientReply:client-CB1B8AC74E59->81367453-3bf0-4298-8a83-8d5c3816df16@group-F6EC397515C5, cid=546, SUCCESS, logIndex=784, commits[81367453-3bf0-4298-8a83-8d5c3816df16:c784]
2019-09-03 20:25:51,274 [grpc-default-executor-2] INFO  client.GrpcClientProtocolClient (GrpcClientProtocolClient.java:onNext(255)) - client-CB1B8AC74E59->81367453-3bf0-4298-8a83-8d5c3816df16: receive RaftClientReply:client-CB1B8AC74E59->81367453-3bf0-4298-8a83-8d5c3816df16@group-F6EC397515C5, cid=547, SUCCESS, logIndex=785, commits[81367453-3bf0-4298-8a83-8d5c3816df16:c786]
2019-09-03 20:25:51,275 [grpc-default-executor-2] INFO  client.GrpcClientProtocolClient (GrpcClientProtocolClient.java:onNext(255)) - client-CB1B8AC74E59->81367453-3bf0-4298-8a83-8d5c3816df16: receive RaftClientReply:client-CB1B8AC74E59->81367453-3bf0-4298-8a83-8d5c3816df16@group-F6EC397515C5, cid=548, SUCCESS, logIndex=786, commits[81367453-3bf0-4298-8a83-8d5c3816df16:c786]
2019-09-03 20:25:51,334 [grpc-default-executor-2] INFO  client.GrpcClientProtocolClient (GrpcClientProtocolClient.java:onNext(255)) - client-CB1B8AC74E59->81367453-3bf0-4298-8a83-8d5c3816df16: receive RaftClientReply:client-CB1B8AC74E59->81367453-3bf0-4298-8a83-8d5c3816df16@group-F6EC397515C5, cid=549, SUCCESS, logIndex=789, commits[81367453-3bf0-4298-8a83-8d5c3816df16:c792]
2019-09-03 20:25:51,334 [SCMBlockDeletingService#1] DEBUG block.SCMBlockDeletingService (SCMBlockDeletingService.java:call(138)) - Running DeletedBlockTransactionScanner
2019-09-03 20:25:51,335 [SCMBlockDeletingService#1] DEBUG block.SCMBlockDeletingService (SCMBlockDeletingService.java:call(155)) - Scanned deleted blocks log and got 0 delTX to process.
2019-09-03 20:25:51,335 [grpc-default-executor-2] INFO  client.GrpcClientProtocolClient (GrpcClientProtocolClient.java:onNext(255)) - client-CB1B8AC74E59->81367453-3bf0-4298-8a83-8d5c3816df16: receive RaftClientReply:client-CB1B8AC74E59->81367453-3bf0-4298-8a83-8d5c3816df16@group-F6EC397515C5, cid=550, SUCCESS, logIndex=790, commits[81367453-3bf0-4298-8a83-8d5c3816df16:c792]
2019-09-03 20:25:51,336 [grpc-default-executor-2] INFO  client.GrpcClientProtocolClient (GrpcClientProtocolClient.java:onNext(255)) - client-CB1B8AC74E59->81367453-3bf0-4298-8a83-8d5c3816df16: receive RaftClientReply:client-CB1B8AC74E59->81367453-3bf0-4298-8a83-8d5c3816df16@group-F6EC397515C5, cid=551, SUCCESS, logIndex=791, commits[81367453-3bf0-4298-8a83-8d5c3816df16:c792]
2019-09-03 20:25:51,337 [grpc-default-executor-2] INFO  client.GrpcClientProtocolClient (GrpcClientProtocolClient.java:onNext(255)) - client-CB1B8AC74E59->81367453-3bf0-4298-8a83-8d5c3816df16: receive RaftClientReply:client-CB1B8AC74E59->81367453-3bf0-4298-8a83-8d5c3816df16@group-F6EC397515C5, cid=552, SUCCESS, logIndex=792, commits[81367453-3bf0-4298-8a83-8d5c3816df16:c792]
2019-09-03 20:25:51,376 [grpc-default-executor-1] INFO  client.GrpcClientProtocolClient (GrpcClientProtocolClient.java:onNext(255)) - client-CB1B8AC74E59->81367453-3bf0-4298-8a83-8d5c3816df16: receive RaftClientReply:client-CB1B8AC74E59->81367453-3bf0-4298-8a83-8d5c3816df16@group-F6EC397515C5, cid=553, SUCCESS, logIndex=794, commits[81367453-3bf0-4298-8a83-8d5c3816df16:c795]
2019-09-03 20:25:51,377 [grpc-default-executor-1] INFO  client.GrpcClientProtocolClient (GrpcClientProtocolClient.java:onNext(255)) - client-CB1B8AC74E59->81367453-3bf0-4298-8a83-8d5c3816df16: receive RaftClientReply:client-CB1B8AC74E59->81367453-3bf0-4298-8a83-8d5c3816df16@group-F6EC397515C5, cid=554, SUCCESS, logIndex=795, commits[81367453-3bf0-4298-8a83-8d5c3816df16:c795]
2019-09-03 20:25:51,398 [grpc-default-executor-1] INFO  client.GrpcClientProtocolClient (GrpcClientProtocolClient.java:onNext(255)) - client-CB1B8AC74E59->81367453-3bf0-4298-8a83-8d5c3816df16: receive RaftClientReply:client-CB1B8AC74E59->81367453-3bf0-4298-8a83-8d5c3816df16@group-F6EC397515C5, cid=555, SUCCESS, logIndex=796, commits[81367453-3bf0-4298-8a83-8d5c3816df16:c797]
2019-09-03 20:25:51,399 [grpc-default-executor-1] INFO  client.GrpcClientProtocolClient (GrpcClientProtocolClient.java:onNext(255)) - client-CB1B8AC74E59->81367453-3bf0-4298-8a83-8d5c3816df16: receive RaftClientReply:client-CB1B8AC74E59->81367453-3bf0-4298-8a83-8d5c3816df16@group-F6EC397515C5, cid=556, SUCCESS, logIndex=797, commits[81367453-3bf0-4298-8a83-8d5c3816df16:c797]
2019-09-03 20:25:51,420 [grpc-default-executor-2] INFO  client.GrpcClientProtocolClient (GrpcClientProtocolClient.java:onNext(255)) - client-CB1B8AC74E59->81367453-3bf0-4298-8a83-8d5c3816df16: receive RaftClientReply:client-CB1B8AC74E59->81367453-3bf0-4298-8a83-8d5c3816df16@group-F6EC397515C5, cid=557, SUCCESS, logIndex=800, commits[81367453-3bf0-4298-8a83-8d5c3816df16:c803]
2019-09-03 20:25:51,421 [grpc-default-executor-2] INFO  client.GrpcClientProtocolClient (GrpcClientProtocolClient.java:onNext(255)) - client-CB1B8AC74E59->81367453-3bf0-4298-8a83-8d5c3816df16: receive RaftClientReply:client-CB1B8AC74E59->81367453-3bf0-4298-8a83-8d5c3816df16@group-F6EC397515C5, cid=558, SUCCESS, logIndex=801, commits[81367453-3bf0-4298-8a83-8d5c3816df16:c804]
2019-09-03 20:25:51,421 [grpc-default-executor-2] INFO  client.GrpcClientProtocolClient (GrpcClientProtocolClient.java:onNext(255)) - client-CB1B8AC74E59->81367453-3bf0-4298-8a83-8d5c3816df16: receive RaftClientReply:client-CB1B8AC74E59->81367453-3bf0-4298-8a83-8d5c3816df16@group-F6EC397515C5, cid=559, SUCCESS, logIndex=802, commits[81367453-3bf0-4298-8a83-8d5c3816df16:c804]
2019-09-03 20:25:51,421 [grpc-default-executor-2] INFO  client.GrpcClientProtocolClient (GrpcClientProtocolClient.java:onNext(255)) - client-CB1B8AC74E59->81367453-3bf0-4298-8a83-8d5c3816df16: receive RaftClientReply:client-CB1B8AC74E59->81367453-3bf0-4298-8a83-8d5c3816df16@group-F6EC397515C5, cid=560, SUCCESS, logIndex=803, commits[81367453-3bf0-4298-8a83-8d5c3816df16:c804]
2019-09-03 20:25:51,435 [SCMBlockDeletingService#1] DEBUG block.SCMBlockDeletingService (SCMBlockDeletingService.java:call(138)) - Running DeletedBlockTransactionScanner
2019-09-03 20:25:51,435 [SCMBlockDeletingService#1] DEBUG block.SCMBlockDeletingService (SCMBlockDeletingService.java:call(155)) - Scanned deleted blocks log and got 0 delTX to process.
2019-09-03 20:25:51,452 [grpc-default-executor-2] INFO  client.GrpcClientProtocolClient (GrpcClientProtocolClient.java:onNext(255)) - client-CB1B8AC74E59->81367453-3bf0-4298-8a83-8d5c3816df16: receive RaftClientReply:client-CB1B8AC74E59->81367453-3bf0-4298-8a83-8d5c3816df16@group-F6EC397515C5, cid=561, SUCCESS, logIndex=805, commits[81367453-3bf0-4298-8a83-8d5c3816df16:c806]
2019-09-03 20:25:51,453 [grpc-default-executor-2] INFO  client.GrpcClientProtocolClient (GrpcClientProtocolClient.java:onNext(255)) - client-CB1B8AC74E59->81367453-3bf0-4298-8a83-8d5c3816df16: receive RaftClientReply:client-CB1B8AC74E59->81367453-3bf0-4298-8a83-8d5c3816df16@group-F6EC397515C5, cid=562, SUCCESS, logIndex=806, commits[81367453-3bf0-4298-8a83-8d5c3816df16:c809]
2019-09-03 20:25:51,454 [grpc-default-executor-2] INFO  client.GrpcClientProtocolClient (GrpcClientProtocolClient.java:onNext(255)) - client-CB1B8AC74E59->81367453-3bf0-4298-8a83-8d5c3816df16: receive RaftClientReply:client-CB1B8AC74E59->81367453-3bf0-4298-8a83-8d5c3816df16@group-F6EC397515C5, cid=563, SUCCESS, logIndex=807, commits[81367453-3bf0-4298-8a83-8d5c3816df16:c810]
2019-09-03 20:25:51,454 [grpc-default-executor-2] INFO  client.GrpcClientProtocolClient (GrpcClientProtocolClient.java:onNext(255)) - client-CB1B8AC74E59->81367453-3bf0-4298-8a83-8d5c3816df16: receive RaftClientReply:client-CB1B8AC74E59->81367453-3bf0-4298-8a83-8d5c3816df16@group-F6EC397515C5, cid=564, SUCCESS, logIndex=808, commits[81367453-3bf0-4298-8a83-8d5c3816df16:c810]
2019-09-03 20:25:51,483 [grpc-default-executor-2] INFO  client.GrpcClientProtocolClient (GrpcClientProtocolClient.java:onNext(255)) - client-CB1B8AC74E59->81367453-3bf0-4298-8a83-8d5c3816df16: receive RaftClientReply:client-CB1B8AC74E59->81367453-3bf0-4298-8a83-8d5c3816df16@group-F6EC397515C5, cid=565, SUCCESS, logIndex=811, commits[81367453-3bf0-4298-8a83-8d5c3816df16:c812]
2019-09-03 20:25:51,484 [grpc-default-executor-2] INFO  client.GrpcClientProtocolClient (GrpcClientProtocolClient.java:onNext(255)) - client-CB1B8AC74E59->81367453-3bf0-4298-8a83-8d5c3816df16: receive RaftClientReply:client-CB1B8AC74E59->81367453-3bf0-4298-8a83-8d5c3816df16@group-F6EC397515C5, cid=566, SUCCESS, logIndex=812, commits[81367453-3bf0-4298-8a83-8d5c3816df16:c812]
2019-09-03 20:25:51,503 [grpc-default-executor-2] INFO  client.GrpcClientProtocolClient (GrpcClientProtocolClient.java:onNext(255)) - client-CB1B8AC74E59->81367453-3bf0-4298-8a83-8d5c3816df16: receive RaftClientReply:client-CB1B8AC74E59->81367453-3bf0-4298-8a83-8d5c3816df16@group-F6EC397515C5, cid=567, SUCCESS, logIndex=813, commits[81367453-3bf0-4298-8a83-8d5c3816df16:c814]
2019-09-03 20:25:51,504 [grpc-default-executor-2] INFO  client.GrpcClientProtocolClient (GrpcClientProtocolClient.java:onNext(255)) - client-CB1B8AC74E59->81367453-3bf0-4298-8a83-8d5c3816df16: receive RaftClientReply:client-CB1B8AC74E59->81367453-3bf0-4298-8a83-8d5c3816df16@group-F6EC397515C5, cid=568, SUCCESS, logIndex=814, commits[81367453-3bf0-4298-8a83-8d5c3816df16:c814]
2019-09-03 20:25:51,527 [grpc-default-executor-2] INFO  client.GrpcClientProtocolClient (GrpcClientProtocolClient.java:onNext(255)) - client-CB1B8AC74E59->81367453-3bf0-4298-8a83-8d5c3816df16: receive RaftClientReply:client-CB1B8AC74E59->81367453-3bf0-4298-8a83-8d5c3816df16@group-F6EC397515C5, cid=569, SUCCESS, logIndex=817, commits[81367453-3bf0-4298-8a83-8d5c3816df16:c820]
2019-09-03 20:25:51,528 [grpc-default-executor-2] INFO  client.GrpcClientProtocolClient (GrpcClientProtocolClient.java:onNext(255)) - client-CB1B8AC74E59->81367453-3bf0-4298-8a83-8d5c3816df16: receive RaftClientReply:client-CB1B8AC74E59->81367453-3bf0-4298-8a83-8d5c3816df16@group-F6EC397515C5, cid=570, SUCCESS, logIndex=818, commits[81367453-3bf0-4298-8a83-8d5c3816df16:c821]
2019-09-03 20:25:51,528 [grpc-default-executor-2] INFO  client.GrpcClientProtocolClient (GrpcClientProtocolClient.java:onNext(255)) - client-CB1B8AC74E59->81367453-3bf0-4298-8a83-8d5c3816df16: receive RaftClientReply:client-CB1B8AC74E59->81367453-3bf0-4298-8a83-8d5c3816df16@group-F6EC397515C5, cid=571, SUCCESS, logIndex=819, commits[81367453-3bf0-4298-8a83-8d5c3816df16:c821]
2019-09-03 20:25:51,529 [grpc-default-executor-2] INFO  client.GrpcClientProtocolClient (GrpcClientProtocolClient.java:onNext(255)) - client-CB1B8AC74E59->81367453-3bf0-4298-8a83-8d5c3816df16: receive RaftClientReply:client-CB1B8AC74E59->81367453-3bf0-4298-8a83-8d5c3816df16@group-F6EC397515C5, cid=572, SUCCESS, logIndex=820, commits[81367453-3bf0-4298-8a83-8d5c3816df16:c821]
2019-09-03 20:25:51,536 [SCMBlockDeletingService#1] DEBUG block.SCMBlockDeletingService (SCMBlockDeletingService.java:call(138)) - Running DeletedBlockTransactionScanner
2019-09-03 20:25:51,536 [SCMBlockDeletingService#1] DEBUG block.SCMBlockDeletingService (SCMBlockDeletingService.java:call(155)) - Scanned deleted blocks log and got 0 delTX to process.
2019-09-03 20:25:51,566 [grpc-default-executor-1] INFO  client.GrpcClientProtocolClient (GrpcClientProtocolClient.java:onNext(255)) - client-CB1B8AC74E59->81367453-3bf0-4298-8a83-8d5c3816df16: receive RaftClientReply:client-CB1B8AC74E59->81367453-3bf0-4298-8a83-8d5c3816df16@group-F6EC397515C5, cid=573, SUCCESS, logIndex=822, commits[81367453-3bf0-4298-8a83-8d5c3816df16:c823]
2019-09-03 20:25:51,567 [grpc-default-executor-1] INFO  client.GrpcClientProtocolClient (GrpcClientProtocolClient.java:onNext(255)) - client-CB1B8AC74E59->81367453-3bf0-4298-8a83-8d5c3816df16: receive RaftClientReply:client-CB1B8AC74E59->81367453-3bf0-4298-8a83-8d5c3816df16@group-F6EC397515C5, cid=574, SUCCESS, logIndex=823, commits[81367453-3bf0-4298-8a83-8d5c3816df16:c823]
2019-09-03 20:25:51,637 [SCMBlockDeletingService#1] DEBUG block.SCMBlockDeletingService (SCMBlockDeletingService.java:call(138)) - Running DeletedBlockTransactionScanner
2019-09-03 20:25:51,637 [SCMBlockDeletingService#1] DEBUG block.SCMBlockDeletingService (SCMBlockDeletingService.java:call(155)) - Scanned deleted blocks log and got 0 delTX to process.
2019-09-03 20:25:51,657 [grpc-default-executor-1] INFO  client.GrpcClientProtocolClient (GrpcClientProtocolClient.java:onNext(255)) - client-CB1B8AC74E59->81367453-3bf0-4298-8a83-8d5c3816df16: receive RaftClientReply:client-CB1B8AC74E59->81367453-3bf0-4298-8a83-8d5c3816df16@group-F6EC397515C5, cid=575, SUCCESS, logIndex=825, commits[81367453-3bf0-4298-8a83-8d5c3816df16:c826]
2019-09-03 20:25:51,658 [grpc-default-executor-1] INFO  client.GrpcClientProtocolClient (GrpcClientProtocolClient.java:onNext(255)) - client-CB1B8AC74E59->81367453-3bf0-4298-8a83-8d5c3816df16: receive RaftClientReply:client-CB1B8AC74E59->81367453-3bf0-4298-8a83-8d5c3816df16@group-F6EC397515C5, cid=576, SUCCESS, logIndex=826, commits[81367453-3bf0-4298-8a83-8d5c3816df16:c826]
2019-09-03 20:25:51,706 [grpc-default-executor-2] INFO  client.GrpcClientProtocolClient (GrpcClientProtocolClient.java:onNext(255)) - client-CB1B8AC74E59->81367453-3bf0-4298-8a83-8d5c3816df16: receive RaftClientReply:client-CB1B8AC74E59->81367453-3bf0-4298-8a83-8d5c3816df16@group-F6EC397515C5, cid=577, SUCCESS, logIndex=828, commits[81367453-3bf0-4298-8a83-8d5c3816df16:c831]
2019-09-03 20:25:51,707 [grpc-default-executor-2] INFO  client.GrpcClientProtocolClient (GrpcClientProtocolClient.java:onNext(255)) - client-CB1B8AC74E59->81367453-3bf0-4298-8a83-8d5c3816df16: receive RaftClientReply:client-CB1B8AC74E59->81367453-3bf0-4298-8a83-8d5c3816df16@group-F6EC397515C5, cid=578, SUCCESS, logIndex=829, commits[81367453-3bf0-4298-8a83-8d5c3816df16:c831]
2019-09-03 20:25:51,707 [grpc-default-executor-2] INFO  client.GrpcClientProtocolClient (GrpcClientProtocolClient.java:onNext(255)) - client-CB1B8AC74E59->81367453-3bf0-4298-8a83-8d5c3816df16: receive RaftClientReply:client-CB1B8AC74E59->81367453-3bf0-4298-8a83-8d5c3816df16@group-F6EC397515C5, cid=579, SUCCESS, logIndex=830, commits[81367453-3bf0-4298-8a83-8d5c3816df16:c831]
2019-09-03 20:25:51,708 [grpc-default-executor-2] INFO  client.GrpcClientProtocolClient (GrpcClientProtocolClient.java:onNext(255)) - client-CB1B8AC74E59->81367453-3bf0-4298-8a83-8d5c3816df16: receive RaftClientReply:client-CB1B8AC74E59->81367453-3bf0-4298-8a83-8d5c3816df16@group-F6EC397515C5, cid=580, SUCCESS, logIndex=831, commits[81367453-3bf0-4298-8a83-8d5c3816df16:c831]
2019-09-03 20:25:51,734 [grpc-default-executor-1] INFO  client.GrpcClientProtocolClient (GrpcClientProtocolClient.java:onNext(255)) - client-CB1B8AC74E59->81367453-3bf0-4298-8a83-8d5c3816df16: receive RaftClientReply:client-CB1B8AC74E59->81367453-3bf0-4298-8a83-8d5c3816df16@group-F6EC397515C5, cid=581, SUCCESS, logIndex=833, commits[81367453-3bf0-4298-8a83-8d5c3816df16:c836]
2019-09-03 20:25:51,735 [grpc-default-executor-1] INFO  client.GrpcClientProtocolClient (GrpcClientProtocolClient.java:onNext(255)) - client-CB1B8AC74E59->81367453-3bf0-4298-8a83-8d5c3816df16: receive RaftClientReply:client-CB1B8AC74E59->81367453-3bf0-4298-8a83-8d5c3816df16@group-F6EC397515C5, cid=582, SUCCESS, logIndex=834, commits[81367453-3bf0-4298-8a83-8d5c3816df16:c837]
2019-09-03 20:25:51,736 [grpc-default-executor-1] INFO  client.GrpcClientProtocolClient (GrpcClientProtocolClient.java:onNext(255)) - client-CB1B8AC74E59->81367453-3bf0-4298-8a83-8d5c3816df16: receive RaftClientReply:client-CB1B8AC74E59->81367453-3bf0-4298-8a83-8d5c3816df16@group-F6EC397515C5, cid=583, SUCCESS, logIndex=835, commits[81367453-3bf0-4298-8a83-8d5c3816df16:c837]
2019-09-03 20:25:51,736 [grpc-default-executor-1] INFO  client.GrpcClientProtocolClient (GrpcClientProtocolClient.java:onNext(255)) - client-CB1B8AC74E59->81367453-3bf0-4298-8a83-8d5c3816df16: receive RaftClientReply:client-CB1B8AC74E59->81367453-3bf0-4298-8a83-8d5c3816df16@group-F6EC397515C5, cid=584, SUCCESS, logIndex=836, commits[81367453-3bf0-4298-8a83-8d5c3816df16:c837]
2019-09-03 20:25:51,737 [SCMBlockDeletingService#1] DEBUG block.SCMBlockDeletingService (SCMBlockDeletingService.java:call(138)) - Running DeletedBlockTransactionScanner
2019-09-03 20:25:51,738 [SCMBlockDeletingService#1] DEBUG block.SCMBlockDeletingService (SCMBlockDeletingService.java:call(155)) - Scanned deleted blocks log and got 0 delTX to process.
2019-09-03 20:25:51,767 [grpc-default-executor-1] INFO  client.GrpcClientProtocolClient (GrpcClientProtocolClient.java:onNext(255)) - client-CB1B8AC74E59->81367453-3bf0-4298-8a83-8d5c3816df16: receive RaftClientReply:client-CB1B8AC74E59->81367453-3bf0-4298-8a83-8d5c3816df16@group-F6EC397515C5, cid=585, SUCCESS, logIndex=838, commits[81367453-3bf0-4298-8a83-8d5c3816df16:c839]
2019-09-03 20:25:51,768 [grpc-default-executor-1] INFO  client.GrpcClientProtocolClient (GrpcClientProtocolClient.java:onNext(255)) - client-CB1B8AC74E59->81367453-3bf0-4298-8a83-8d5c3816df16: receive RaftClientReply:client-CB1B8AC74E59->81367453-3bf0-4298-8a83-8d5c3816df16@group-F6EC397515C5, cid=586, SUCCESS, logIndex=839, commits[81367453-3bf0-4298-8a83-8d5c3816df16:c839]
2019-09-03 20:25:51,780 [grpc-default-executor-1] INFO  client.GrpcClientProtocolClient (GrpcClientProtocolClient.java:onNext(255)) - client-CB1B8AC74E59->81367453-3bf0-4298-8a83-8d5c3816df16: receive RaftClientReply:client-CB1B8AC74E59->81367453-3bf0-4298-8a83-8d5c3816df16@group-F6EC397515C5, cid=587, SUCCESS, logIndex=840, commits[81367453-3bf0-4298-8a83-8d5c3816df16:c841]
2019-09-03 20:25:51,780 [grpc-default-executor-1] INFO  client.GrpcClientProtocolClient (GrpcClientProtocolClient.java:onNext(255)) - client-CB1B8AC74E59->81367453-3bf0-4298-8a83-8d5c3816df16: receive RaftClientReply:client-CB1B8AC74E59->81367453-3bf0-4298-8a83-8d5c3816df16@group-F6EC397515C5, cid=588, SUCCESS, logIndex=841, commits[81367453-3bf0-4298-8a83-8d5c3816df16:c842]
2019-09-03 20:25:51,829 [grpc-default-executor-1] INFO  client.GrpcClientProtocolClient (GrpcClientProtocolClient.java:onNext(255)) - client-CB1B8AC74E59->81367453-3bf0-4298-8a83-8d5c3816df16: receive RaftClientReply:client-CB1B8AC74E59->81367453-3bf0-4298-8a83-8d5c3816df16@group-F6EC397515C5, cid=589, SUCCESS, logIndex=844, commits[81367453-3bf0-4298-8a83-8d5c3816df16:c845]
2019-09-03 20:25:51,830 [grpc-default-executor-1] INFO  client.GrpcClientProtocolClient (GrpcClientProtocolClient.java:onNext(255)) - client-CB1B8AC74E59->81367453-3bf0-4298-8a83-8d5c3816df16: receive RaftClientReply:client-CB1B8AC74E59->81367453-3bf0-4298-8a83-8d5c3816df16@group-F6EC397515C5, cid=590, SUCCESS, logIndex=845, commits[81367453-3bf0-4298-8a83-8d5c3816df16:c845]
2019-09-03 20:25:51,838 [SCMBlockDeletingService#1] DEBUG block.SCMBlockDeletingService (SCMBlockDeletingService.java:call(138)) - Running DeletedBlockTransactionScanner
2019-09-03 20:25:51,838 [SCMBlockDeletingService#1] DEBUG block.SCMBlockDeletingService (SCMBlockDeletingService.java:call(155)) - Scanned deleted blocks log and got 0 delTX to process.
2019-09-03 20:25:51,844 [grpc-default-executor-1] INFO  client.GrpcClientProtocolClient (GrpcClientProtocolClient.java:onNext(255)) - client-CB1B8AC74E59->81367453-3bf0-4298-8a83-8d5c3816df16: receive RaftClientReply:client-CB1B8AC74E59->81367453-3bf0-4298-8a83-8d5c3816df16@group-F6EC397515C5, cid=591, SUCCESS, logIndex=846, commits[81367453-3bf0-4298-8a83-8d5c3816df16:c847]
2019-09-03 20:25:51,845 [grpc-default-executor-1] INFO  client.GrpcClientProtocolClient (GrpcClientProtocolClient.java:onNext(255)) - client-CB1B8AC74E59->81367453-3bf0-4298-8a83-8d5c3816df16: receive RaftClientReply:client-CB1B8AC74E59->81367453-3bf0-4298-8a83-8d5c3816df16@group-F6EC397515C5, cid=592, SUCCESS, logIndex=847, commits[81367453-3bf0-4298-8a83-8d5c3816df16:c847]
2019-09-03 20:25:51,899 [grpc-default-executor-1] INFO  client.GrpcClientProtocolClient (GrpcClientProtocolClient.java:onNext(255)) - client-CB1B8AC74E59->81367453-3bf0-4298-8a83-8d5c3816df16: receive RaftClientReply:client-CB1B8AC74E59->81367453-3bf0-4298-8a83-8d5c3816df16@group-F6EC397515C5, cid=593, SUCCESS, logIndex=850, commits[81367453-3bf0-4298-8a83-8d5c3816df16:c851]
2019-09-03 20:25:51,900 [grpc-default-executor-1] INFO  client.GrpcClientProtocolClient (GrpcClientProtocolClient.java:onNext(255)) - client-CB1B8AC74E59->81367453-3bf0-4298-8a83-8d5c3816df16: receive RaftClientReply:client-CB1B8AC74E59->81367453-3bf0-4298-8a83-8d5c3816df16@group-F6EC397515C5, cid=594, SUCCESS, logIndex=851, commits[81367453-3bf0-4298-8a83-8d5c3816df16:c851]
2019-09-03 20:25:51,924 [grpc-default-executor-1] INFO  client.GrpcClientProtocolClient (GrpcClientProtocolClient.java:onNext(255)) - client-CB1B8AC74E59->81367453-3bf0-4298-8a83-8d5c3816df16: receive RaftClientReply:client-CB1B8AC74E59->81367453-3bf0-4298-8a83-8d5c3816df16@group-F6EC397515C5, cid=595, SUCCESS, logIndex=852, commits[81367453-3bf0-4298-8a83-8d5c3816df16:c853]
2019-09-03 20:25:51,925 [grpc-default-executor-1] INFO  client.GrpcClientProtocolClient (GrpcClientProtocolClient.java:onNext(255)) - client-CB1B8AC74E59->81367453-3bf0-4298-8a83-8d5c3816df16: receive RaftClientReply:client-CB1B8AC74E59->81367453-3bf0-4298-8a83-8d5c3816df16@group-F6EC397515C5, cid=596, SUCCESS, logIndex=853, commits[81367453-3bf0-4298-8a83-8d5c3816df16:c853]
2019-09-03 20:25:51,939 [SCMBlockDeletingService#1] DEBUG block.SCMBlockDeletingService (SCMBlockDeletingService.java:call(138)) - Running DeletedBlockTransactionScanner
2019-09-03 20:25:51,939 [SCMBlockDeletingService#1] DEBUG block.SCMBlockDeletingService (SCMBlockDeletingService.java:call(155)) - Scanned deleted blocks log and got 0 delTX to process.
2019-09-03 20:25:51,948 [grpc-default-executor-2] INFO  client.GrpcClientProtocolClient (GrpcClientProtocolClient.java:onNext(255)) - client-CB1B8AC74E59->81367453-3bf0-4298-8a83-8d5c3816df16: receive RaftClientReply:client-CB1B8AC74E59->81367453-3bf0-4298-8a83-8d5c3816df16@group-F6EC397515C5, cid=597, SUCCESS, logIndex=856, commits[81367453-3bf0-4298-8a83-8d5c3816df16:c857]
2019-09-03 20:25:51,949 [grpc-default-executor-2] INFO  client.GrpcClientProtocolClient (GrpcClientProtocolClient.java:onNext(255)) - client-CB1B8AC74E59->81367453-3bf0-4298-8a83-8d5c3816df16: receive RaftClientReply:client-CB1B8AC74E59->81367453-3bf0-4298-8a83-8d5c3816df16@group-F6EC397515C5, cid=598, SUCCESS, logIndex=857, commits[81367453-3bf0-4298-8a83-8d5c3816df16:c857]
2019-09-03 20:25:51,979 [grpc-default-executor-2] INFO  client.GrpcClientProtocolClient (GrpcClientProtocolClient.java:onNext(255)) - client-CB1B8AC74E59->81367453-3bf0-4298-8a83-8d5c3816df16: receive RaftClientReply:client-CB1B8AC74E59->81367453-3bf0-4298-8a83-8d5c3816df16@group-F6EC397515C5, cid=599, SUCCESS, logIndex=858, commits[81367453-3bf0-4298-8a83-8d5c3816df16:c859]
2019-09-03 20:25:51,979 [grpc-default-executor-2] INFO  client.GrpcClientProtocolClient (GrpcClientProtocolClient.java:onNext(255)) - client-CB1B8AC74E59->81367453-3bf0-4298-8a83-8d5c3816df16: receive RaftClientReply:client-CB1B8AC74E59->81367453-3bf0-4298-8a83-8d5c3816df16@group-F6EC397515C5, cid=600, SUCCESS, logIndex=859, commits[81367453-3bf0-4298-8a83-8d5c3816df16:c859]
2019-09-03 20:25:52,022 [grpc-default-executor-1] INFO  client.GrpcClientProtocolClient (GrpcClientProtocolClient.java:onNext(255)) - client-CB1B8AC74E59->81367453-3bf0-4298-8a83-8d5c3816df16: receive RaftClientReply:client-CB1B8AC74E59->81367453-3bf0-4298-8a83-8d5c3816df16@group-F6EC397515C5, cid=601, SUCCESS, logIndex=862, commits[81367453-3bf0-4298-8a83-8d5c3816df16:c865]
2019-09-03 20:25:52,023 [grpc-default-executor-1] INFO  client.GrpcClientProtocolClient (GrpcClientProtocolClient.java:onNext(255)) - client-CB1B8AC74E59->81367453-3bf0-4298-8a83-8d5c3816df16: receive RaftClientReply:client-CB1B8AC74E59->81367453-3bf0-4298-8a83-8d5c3816df16@group-F6EC397515C5, cid=602, SUCCESS, logIndex=863, commits[81367453-3bf0-4298-8a83-8d5c3816df16:c865]
2019-09-03 20:25:52,023 [grpc-default-executor-1] INFO  client.GrpcClientProtocolClient (GrpcClientProtocolClient.java:onNext(255)) - client-CB1B8AC74E59->81367453-3bf0-4298-8a83-8d5c3816df16: receive RaftClientReply:client-CB1B8AC74E59->81367453-3bf0-4298-8a83-8d5c3816df16@group-F6EC397515C5, cid=603, SUCCESS, logIndex=864, commits[81367453-3bf0-4298-8a83-8d5c3816df16:c865]
2019-09-03 20:25:52,024 [grpc-default-executor-1] INFO  client.GrpcClientProtocolClient (GrpcClientProtocolClient.java:onNext(255)) - client-CB1B8AC74E59->81367453-3bf0-4298-8a83-8d5c3816df16: receive RaftClientReply:client-CB1B8AC74E59->81367453-3bf0-4298-8a83-8d5c3816df16@group-F6EC397515C5, cid=604, SUCCESS, logIndex=865, commits[81367453-3bf0-4298-8a83-8d5c3816df16:c865]
2019-09-03 20:25:52,040 [SCMBlockDeletingService#1] DEBUG block.SCMBlockDeletingService (SCMBlockDeletingService.java:call(138)) - Running DeletedBlockTransactionScanner
2019-09-03 20:25:52,040 [SCMBlockDeletingService#1] DEBUG block.SCMBlockDeletingService (SCMBlockDeletingService.java:call(155)) - Scanned deleted blocks log and got 0 delTX to process.
2019-09-03 20:25:52,044 [grpc-default-executor-1] INFO  client.GrpcClientProtocolClient (GrpcClientProtocolClient.java:onNext(255)) - client-CB1B8AC74E59->81367453-3bf0-4298-8a83-8d5c3816df16: receive RaftClientReply:client-CB1B8AC74E59->81367453-3bf0-4298-8a83-8d5c3816df16@group-F6EC397515C5, cid=605, SUCCESS, logIndex=867, commits[81367453-3bf0-4298-8a83-8d5c3816df16:c868]
2019-09-03 20:25:52,045 [grpc-default-executor-1] INFO  client.GrpcClientProtocolClient (GrpcClientProtocolClient.java:onNext(255)) - client-CB1B8AC74E59->81367453-3bf0-4298-8a83-8d5c3816df16: receive RaftClientReply:client-CB1B8AC74E59->81367453-3bf0-4298-8a83-8d5c3816df16@group-F6EC397515C5, cid=606, SUCCESS, logIndex=868, commits[81367453-3bf0-4298-8a83-8d5c3816df16:c870]
2019-09-03 20:25:52,046 [grpc-default-executor-1] INFO  client.GrpcClientProtocolClient (GrpcClientProtocolClient.java:onNext(255)) - client-CB1B8AC74E59->81367453-3bf0-4298-8a83-8d5c3816df16: receive RaftClientReply:client-CB1B8AC74E59->81367453-3bf0-4298-8a83-8d5c3816df16@group-F6EC397515C5, cid=607, SUCCESS, logIndex=869, commits[81367453-3bf0-4298-8a83-8d5c3816df16:c870]
2019-09-03 20:25:52,046 [grpc-default-executor-1] INFO  client.GrpcClientProtocolClient (GrpcClientProtocolClient.java:onNext(255)) - client-CB1B8AC74E59->81367453-3bf0-4298-8a83-8d5c3816df16: receive RaftClientReply:client-CB1B8AC74E59->81367453-3bf0-4298-8a83-8d5c3816df16@group-F6EC397515C5, cid=608, SUCCESS, logIndex=870, commits[81367453-3bf0-4298-8a83-8d5c3816df16:c870]
2019-09-03 20:25:52,073 [grpc-default-executor-1] INFO  client.GrpcClientProtocolClient (GrpcClientProtocolClient.java:onNext(255)) - client-CB1B8AC74E59->81367453-3bf0-4298-8a83-8d5c3816df16: receive RaftClientReply:client-CB1B8AC74E59->81367453-3bf0-4298-8a83-8d5c3816df16@group-F6EC397515C5, cid=609, SUCCESS, logIndex=873, commits[81367453-3bf0-4298-8a83-8d5c3816df16:c874]
2019-09-03 20:25:52,074 [grpc-default-executor-1] INFO  client.GrpcClientProtocolClient (GrpcClientProtocolClient.java:onNext(255)) - client-CB1B8AC74E59->81367453-3bf0-4298-8a83-8d5c3816df16: receive RaftClientReply:client-CB1B8AC74E59->81367453-3bf0-4298-8a83-8d5c3816df16@group-F6EC397515C5, cid=610, SUCCESS, logIndex=874, commits[81367453-3bf0-4298-8a83-8d5c3816df16:c874]
2019-09-03 20:25:52,099 [grpc-default-executor-1] INFO  client.GrpcClientProtocolClient (GrpcClientProtocolClient.java:onNext(255)) - client-CB1B8AC74E59->81367453-3bf0-4298-8a83-8d5c3816df16: receive RaftClientReply:client-CB1B8AC74E59->81367453-3bf0-4298-8a83-8d5c3816df16@group-F6EC397515C5, cid=611, SUCCESS, logIndex=875, commits[81367453-3bf0-4298-8a83-8d5c3816df16:c876]
2019-09-03 20:25:52,100 [grpc-default-executor-1] INFO  client.GrpcClientProtocolClient (GrpcClientProtocolClient.java:onNext(255)) - client-CB1B8AC74E59->81367453-3bf0-4298-8a83-8d5c3816df16: receive RaftClientReply:client-CB1B8AC74E59->81367453-3bf0-4298-8a83-8d5c3816df16@group-F6EC397515C5, cid=612, SUCCESS, logIndex=876, commits[81367453-3bf0-4298-8a83-8d5c3816df16:c877]
2019-09-03 20:25:52,128 [grpc-default-executor-2] INFO  client.GrpcClientProtocolClient (GrpcClientProtocolClient.java:onNext(255)) - client-CB1B8AC74E59->81367453-3bf0-4298-8a83-8d5c3816df16: receive RaftClientReply:client-CB1B8AC74E59->81367453-3bf0-4298-8a83-8d5c3816df16@group-F6EC397515C5, cid=613, SUCCESS, logIndex=879, commits[81367453-3bf0-4298-8a83-8d5c3816df16:c880]
2019-09-03 20:25:52,128 [grpc-default-executor-2] INFO  client.GrpcClientProtocolClient (GrpcClientProtocolClient.java:onNext(255)) - client-CB1B8AC74E59->81367453-3bf0-4298-8a83-8d5c3816df16: receive RaftClientReply:client-CB1B8AC74E59->81367453-3bf0-4298-8a83-8d5c3816df16@group-F6EC397515C5, cid=614, SUCCESS, logIndex=880, commits[81367453-3bf0-4298-8a83-8d5c3816df16:c880]
2019-09-03 20:25:52,137 [grpc-default-executor-2] INFO  client.GrpcClientProtocolClient (GrpcClientProtocolClient.java:onNext(255)) - client-CB1B8AC74E59->81367453-3bf0-4298-8a83-8d5c3816df16: receive RaftClientReply:client-CB1B8AC74E59->81367453-3bf0-4298-8a83-8d5c3816df16@group-F6EC397515C5, cid=615, SUCCESS, logIndex=881, commits[81367453-3bf0-4298-8a83-8d5c3816df16:c882]
2019-09-03 20:25:52,137 [grpc-default-executor-2] INFO  client.GrpcClientProtocolClient (GrpcClientProtocolClient.java:onNext(255)) - client-CB1B8AC74E59->81367453-3bf0-4298-8a83-8d5c3816df16: receive RaftClientReply:client-CB1B8AC74E59->81367453-3bf0-4298-8a83-8d5c3816df16@group-F6EC397515C5, cid=616, SUCCESS, logIndex=882, commits[81367453-3bf0-4298-8a83-8d5c3816df16:c882]
2019-09-03 20:25:52,140 [SCMBlockDeletingService#1] DEBUG block.SCMBlockDeletingService (SCMBlockDeletingService.java:call(138)) - Running DeletedBlockTransactionScanner
2019-09-03 20:25:52,140 [SCMBlockDeletingService#1] DEBUG block.SCMBlockDeletingService (SCMBlockDeletingService.java:call(155)) - Scanned deleted blocks log and got 0 delTX to process.
2019-09-03 20:25:52,212 [grpc-default-executor-1] INFO  client.GrpcClientProtocolClient (GrpcClientProtocolClient.java:onNext(255)) - client-CB1B8AC74E59->81367453-3bf0-4298-8a83-8d5c3816df16: receive RaftClientReply:client-CB1B8AC74E59->81367453-3bf0-4298-8a83-8d5c3816df16@group-F6EC397515C5, cid=617, SUCCESS, logIndex=885, commits[81367453-3bf0-4298-8a83-8d5c3816df16:c886]
2019-09-03 20:25:52,213 [grpc-default-executor-1] INFO  client.GrpcClientProtocolClient (GrpcClientProtocolClient.java:onNext(255)) - client-CB1B8AC74E59->81367453-3bf0-4298-8a83-8d5c3816df16: receive RaftClientReply:client-CB1B8AC74E59->81367453-3bf0-4298-8a83-8d5c3816df16@group-F6EC397515C5, cid=618, SUCCESS, logIndex=886, commits[81367453-3bf0-4298-8a83-8d5c3816df16:c887]
2019-09-03 20:25:52,241 [SCMBlockDeletingService#1] DEBUG block.SCMBlockDeletingService (SCMBlockDeletingService.java:call(138)) - Running DeletedBlockTransactionScanner
2019-09-03 20:25:52,241 [SCMBlockDeletingService#1] DEBUG block.SCMBlockDeletingService (SCMBlockDeletingService.java:call(155)) - Scanned deleted blocks log and got 0 delTX to process.
2019-09-03 20:25:52,341 [SCMBlockDeletingService#1] DEBUG block.SCMBlockDeletingService (SCMBlockDeletingService.java:call(138)) - Running DeletedBlockTransactionScanner
2019-09-03 20:25:52,342 [SCMBlockDeletingService#1] DEBUG block.SCMBlockDeletingService (SCMBlockDeletingService.java:call(155)) - Scanned deleted blocks log and got 0 delTX to process.
2019-09-03 20:25:52,343 [grpc-default-executor-2] INFO  client.GrpcClientProtocolClient (GrpcClientProtocolClient.java:onNext(255)) - client-CB1B8AC74E59->81367453-3bf0-4298-8a83-8d5c3816df16: receive RaftClientReply:client-CB1B8AC74E59->81367453-3bf0-4298-8a83-8d5c3816df16@group-F6EC397515C5, cid=619, SUCCESS, logIndex=888, commits[81367453-3bf0-4298-8a83-8d5c3816df16:c889]
2019-09-03 20:25:52,344 [grpc-default-executor-2] INFO  client.GrpcClientProtocolClient (GrpcClientProtocolClient.java:onNext(255)) - client-CB1B8AC74E59->81367453-3bf0-4298-8a83-8d5c3816df16: receive RaftClientReply:client-CB1B8AC74E59->81367453-3bf0-4298-8a83-8d5c3816df16@group-F6EC397515C5, cid=620, SUCCESS, logIndex=889, commits[81367453-3bf0-4298-8a83-8d5c3816df16:c889]
2019-09-03 20:25:52,383 [grpc-default-executor-2] INFO  client.GrpcClientProtocolClient (GrpcClientProtocolClient.java:onNext(255)) - client-CB1B8AC74E59->81367453-3bf0-4298-8a83-8d5c3816df16: receive RaftClientReply:client-CB1B8AC74E59->81367453-3bf0-4298-8a83-8d5c3816df16@group-F6EC397515C5, cid=621, SUCCESS, logIndex=891, commits[81367453-3bf0-4298-8a83-8d5c3816df16:c894]
2019-09-03 20:25:52,384 [grpc-default-executor-2] INFO  client.GrpcClientProtocolClient (GrpcClientProtocolClient.java:onNext(255)) - client-CB1B8AC74E59->81367453-3bf0-4298-8a83-8d5c3816df16: receive RaftClientReply:client-CB1B8AC74E59->81367453-3bf0-4298-8a83-8d5c3816df16@group-F6EC397515C5, cid=622, SUCCESS, logIndex=892, commits[81367453-3bf0-4298-8a83-8d5c3816df16:c895]
2019-09-03 20:25:52,384 [grpc-default-executor-2] INFO  client.GrpcClientProtocolClient (GrpcClientProtocolClient.java:onNext(255)) - client-CB1B8AC74E59->81367453-3bf0-4298-8a83-8d5c3816df16: receive RaftClientReply:client-CB1B8AC74E59->81367453-3bf0-4298-8a83-8d5c3816df16@group-F6EC397515C5, cid=623, SUCCESS, logIndex=893, commits[81367453-3bf0-4298-8a83-8d5c3816df16:c895]
2019-09-03 20:25:52,385 [grpc-default-executor-2] INFO  client.GrpcClientProtocolClient (GrpcClientProtocolClient.java:onNext(255)) - client-CB1B8AC74E59->81367453-3bf0-4298-8a83-8d5c3816df16: receive RaftClientReply:client-CB1B8AC74E59->81367453-3bf0-4298-8a83-8d5c3816df16@group-F6EC397515C5, cid=624, SUCCESS, logIndex=894, commits[81367453-3bf0-4298-8a83-8d5c3816df16:c895]
2019-09-03 20:25:52,419 [grpc-default-executor-1] INFO  client.GrpcClientProtocolClient (GrpcClientProtocolClient.java:onNext(255)) - client-CB1B8AC74E59->81367453-3bf0-4298-8a83-8d5c3816df16: receive RaftClientReply:client-CB1B8AC74E59->81367453-3bf0-4298-8a83-8d5c3816df16@group-F6EC397515C5, cid=625, SUCCESS, logIndex=896, commits[81367453-3bf0-4298-8a83-8d5c3816df16:c896]
2019-09-03 20:25:52,433 [grpc-default-executor-1] INFO  client.GrpcClientProtocolClient (GrpcClientProtocolClient.java:onNext(255)) - client-CB1B8AC74E59->81367453-3bf0-4298-8a83-8d5c3816df16: receive RaftClientReply:client-CB1B8AC74E59->81367453-3bf0-4298-8a83-8d5c3816df16@group-F6EC397515C5, cid=626, SUCCESS, logIndex=897, commits[81367453-3bf0-4298-8a83-8d5c3816df16:c899]
2019-09-03 20:25:52,434 [grpc-default-executor-1] INFO  client.GrpcClientProtocolClient (GrpcClientProtocolClient.java:onNext(255)) - client-CB1B8AC74E59->81367453-3bf0-4298-8a83-8d5c3816df16: receive RaftClientReply:client-CB1B8AC74E59->81367453-3bf0-4298-8a83-8d5c3816df16@group-F6EC397515C5, cid=627, SUCCESS, logIndex=898, commits[81367453-3bf0-4298-8a83-8d5c3816df16:c899]
2019-09-03 20:25:52,434 [grpc-default-executor-1] INFO  client.GrpcClientProtocolClient (GrpcClientProtocolClient.java:onNext(255)) - client-CB1B8AC74E59->81367453-3bf0-4298-8a83-8d5c3816df16: receive RaftClientReply:client-CB1B8AC74E59->81367453-3bf0-4298-8a83-8d5c3816df16@group-F6EC397515C5, cid=628, SUCCESS, logIndex=899, commits[81367453-3bf0-4298-8a83-8d5c3816df16:c899]
2019-09-03 20:25:52,442 [SCMBlockDeletingService#1] DEBUG block.SCMBlockDeletingService (SCMBlockDeletingService.java:call(138)) - Running DeletedBlockTransactionScanner
2019-09-03 20:25:52,442 [SCMBlockDeletingService#1] DEBUG block.SCMBlockDeletingService (SCMBlockDeletingService.java:call(155)) - Scanned deleted blocks log and got 0 delTX to process.
2019-09-03 20:25:52,454 [grpc-default-executor-2] INFO  client.GrpcClientProtocolClient (GrpcClientProtocolClient.java:onNext(255)) - client-CB1B8AC74E59->81367453-3bf0-4298-8a83-8d5c3816df16: receive RaftClientReply:client-CB1B8AC74E59->81367453-3bf0-4298-8a83-8d5c3816df16@group-F6EC397515C5, cid=629, SUCCESS, logIndex=902, commits[81367453-3bf0-4298-8a83-8d5c3816df16:c905]
2019-09-03 20:25:52,454 [grpc-default-executor-2] INFO  client.GrpcClientProtocolClient (GrpcClientProtocolClient.java:onNext(255)) - client-CB1B8AC74E59->81367453-3bf0-4298-8a83-8d5c3816df16: receive RaftClientReply:client-CB1B8AC74E59->81367453-3bf0-4298-8a83-8d5c3816df16@group-F6EC397515C5, cid=630, SUCCESS, logIndex=903, commits[81367453-3bf0-4298-8a83-8d5c3816df16:c905]
2019-09-03 20:25:52,454 [grpc-default-executor-2] INFO  client.GrpcClientProtocolClient (GrpcClientProtocolClient.java:onNext(255)) - client-CB1B8AC74E59->81367453-3bf0-4298-8a83-8d5c3816df16: receive RaftClientReply:client-CB1B8AC74E59->81367453-3bf0-4298-8a83-8d5c3816df16@group-F6EC397515C5, cid=631, SUCCESS, logIndex=904, commits[81367453-3bf0-4298-8a83-8d5c3816df16:c906]
2019-09-03 20:25:52,455 [grpc-default-executor-2] INFO  client.GrpcClientProtocolClient (GrpcClientProtocolClient.java:onNext(255)) - client-CB1B8AC74E59->81367453-3bf0-4298-8a83-8d5c3816df16: receive RaftClientReply:client-CB1B8AC74E59->81367453-3bf0-4298-8a83-8d5c3816df16@group-F6EC397515C5, cid=632, SUCCESS, logIndex=905, commits[81367453-3bf0-4298-8a83-8d5c3816df16:c906]
2019-09-03 20:25:52,474 [grpc-default-executor-2] INFO  client.GrpcClientProtocolClient (GrpcClientProtocolClient.java:onNext(255)) - client-CB1B8AC74E59->81367453-3bf0-4298-8a83-8d5c3816df16: receive RaftClientReply:client-CB1B8AC74E59->81367453-3bf0-4298-8a83-8d5c3816df16@group-F6EC397515C5, cid=633, SUCCESS, logIndex=907, commits[81367453-3bf0-4298-8a83-8d5c3816df16:c908]
2019-09-03 20:25:52,475 [grpc-default-executor-2] INFO  client.GrpcClientProtocolClient (GrpcClientProtocolClient.java:onNext(255)) - client-CB1B8AC74E59->81367453-3bf0-4298-8a83-8d5c3816df16: receive RaftClientReply:client-CB1B8AC74E59->81367453-3bf0-4298-8a83-8d5c3816df16@group-F6EC397515C5, cid=634, SUCCESS, logIndex=908, commits[81367453-3bf0-4298-8a83-8d5c3816df16:c908]
2019-09-03 20:25:52,480 [grpc-default-executor-2] INFO  client.GrpcClientProtocolClient (GrpcClientProtocolClient.java:onNext(255)) - client-CB1B8AC74E59->81367453-3bf0-4298-8a83-8d5c3816df16: receive RaftClientReply:client-CB1B8AC74E59->81367453-3bf0-4298-8a83-8d5c3816df16@group-F6EC397515C5, cid=635, SUCCESS, logIndex=909, commits[81367453-3bf0-4298-8a83-8d5c3816df16:c910]
2019-09-03 20:25:52,481 [grpc-default-executor-2] INFO  client.GrpcClientProtocolClient (GrpcClientProtocolClient.java:onNext(255)) - client-CB1B8AC74E59->81367453-3bf0-4298-8a83-8d5c3816df16: receive RaftClientReply:client-CB1B8AC74E59->81367453-3bf0-4298-8a83-8d5c3816df16@group-F6EC397515C5, cid=636, SUCCESS, logIndex=910, commits[81367453-3bf0-4298-8a83-8d5c3816df16:c911]
2019-09-03 20:25:52,506 [grpc-default-executor-1] INFO  client.GrpcClientProtocolClient (GrpcClientProtocolClient.java:onNext(255)) - client-CB1B8AC74E59->81367453-3bf0-4298-8a83-8d5c3816df16: receive RaftClientReply:client-CB1B8AC74E59->81367453-3bf0-4298-8a83-8d5c3816df16@group-F6EC397515C5, cid=637, SUCCESS, logIndex=913, commits[81367453-3bf0-4298-8a83-8d5c3816df16:c916]
2019-09-03 20:25:52,506 [grpc-default-executor-1] INFO  client.GrpcClientProtocolClient (GrpcClientProtocolClient.java:onNext(255)) - client-CB1B8AC74E59->81367453-3bf0-4298-8a83-8d5c3816df16: receive RaftClientReply:client-CB1B8AC74E59->81367453-3bf0-4298-8a83-8d5c3816df16@group-F6EC397515C5, cid=638, SUCCESS, logIndex=914, commits[81367453-3bf0-4298-8a83-8d5c3816df16:c916]
2019-09-03 20:25:52,507 [grpc-default-executor-1] INFO  client.GrpcClientProtocolClient (GrpcClientProtocolClient.java:onNext(255)) - client-CB1B8AC74E59->81367453-3bf0-4298-8a83-8d5c3816df16: receive RaftClientReply:client-CB1B8AC74E59->81367453-3bf0-4298-8a83-8d5c3816df16@group-F6EC397515C5, cid=639, SUCCESS, logIndex=915, commits[81367453-3bf0-4298-8a83-8d5c3816df16:c916]
2019-09-03 20:25:52,507 [grpc-default-executor-1] INFO  client.GrpcClientProtocolClient (GrpcClientProtocolClient.java:onNext(255)) - client-CB1B8AC74E59->81367453-3bf0-4298-8a83-8d5c3816df16: receive RaftClientReply:client-CB1B8AC74E59->81367453-3bf0-4298-8a83-8d5c3816df16@group-F6EC397515C5, cid=640, SUCCESS, logIndex=916, commits[81367453-3bf0-4298-8a83-8d5c3816df16:c916]
2019-09-03 20:25:52,542 [grpc-default-executor-1] INFO  client.GrpcClientProtocolClient (GrpcClientProtocolClient.java:onNext(255)) - client-CB1B8AC74E59->81367453-3bf0-4298-8a83-8d5c3816df16: receive RaftClientReply:client-CB1B8AC74E59->81367453-3bf0-4298-8a83-8d5c3816df16@group-F6EC397515C5, cid=641, SUCCESS, logIndex=918, commits[81367453-3bf0-4298-8a83-8d5c3816df16:c919]
2019-09-03 20:25:52,542 [grpc-default-executor-1] INFO  client.GrpcClientProtocolClient (GrpcClientProtocolClient.java:onNext(255)) - client-CB1B8AC74E59->81367453-3bf0-4298-8a83-8d5c3816df16: receive RaftClientReply:client-CB1B8AC74E59->81367453-3bf0-4298-8a83-8d5c3816df16@group-F6EC397515C5, cid=642, SUCCESS, logIndex=919, commits[81367453-3bf0-4298-8a83-8d5c3816df16:c919]
2019-09-03 20:25:52,543 [grpc-default-executor-1] INFO  client.GrpcClientProtocolClient (GrpcClientProtocolClient.java:onNext(255)) - client-CB1B8AC74E59->81367453-3bf0-4298-8a83-8d5c3816df16: receive RaftClientReply:client-CB1B8AC74E59->81367453-3bf0-4298-8a83-8d5c3816df16@group-F6EC397515C5, cid=643, SUCCESS, logIndex=920, commits[81367453-3bf0-4298-8a83-8d5c3816df16:c921]
2019-09-03 20:25:52,543 [SCMBlockDeletingService#1] DEBUG block.SCMBlockDeletingService (SCMBlockDeletingService.java:call(138)) - Running DeletedBlockTransactionScanner
2019-09-03 20:25:52,543 [grpc-default-executor-1] INFO  client.GrpcClientProtocolClient (GrpcClientProtocolClient.java:onNext(255)) - client-CB1B8AC74E59->81367453-3bf0-4298-8a83-8d5c3816df16: receive RaftClientReply:client-CB1B8AC74E59->81367453-3bf0-4298-8a83-8d5c3816df16@group-F6EC397515C5, cid=644, SUCCESS, logIndex=921, commits[81367453-3bf0-4298-8a83-8d5c3816df16:c921]
2019-09-03 20:25:52,543 [SCMBlockDeletingService#1] DEBUG block.SCMBlockDeletingService (SCMBlockDeletingService.java:call(155)) - Scanned deleted blocks log and got 0 delTX to process.
2019-09-03 20:25:52,564 [grpc-default-executor-1] INFO  client.GrpcClientProtocolClient (GrpcClientProtocolClient.java:onNext(255)) - client-CB1B8AC74E59->81367453-3bf0-4298-8a83-8d5c3816df16: receive RaftClientReply:client-CB1B8AC74E59->81367453-3bf0-4298-8a83-8d5c3816df16@group-F6EC397515C5, cid=645, SUCCESS, logIndex=924, commits[81367453-3bf0-4298-8a83-8d5c3816df16:c927]
2019-09-03 20:25:52,564 [grpc-default-executor-1] INFO  client.GrpcClientProtocolClient (GrpcClientProtocolClient.java:onNext(255)) - client-CB1B8AC74E59->81367453-3bf0-4298-8a83-8d5c3816df16: receive RaftClientReply:client-CB1B8AC74E59->81367453-3bf0-4298-8a83-8d5c3816df16@group-F6EC397515C5, cid=646, SUCCESS, logIndex=925, commits[81367453-3bf0-4298-8a83-8d5c3816df16:c927]
2019-09-03 20:25:52,564 [grpc-default-executor-1] INFO  client.GrpcClientProtocolClient (GrpcClientProtocolClient.java:onNext(255)) - client-CB1B8AC74E59->81367453-3bf0-4298-8a83-8d5c3816df16: receive RaftClientReply:client-CB1B8AC74E59->81367453-3bf0-4298-8a83-8d5c3816df16@group-F6EC397515C5, cid=647, SUCCESS, logIndex=926, commits[81367453-3bf0-4298-8a83-8d5c3816df16:c927]
2019-09-03 20:25:52,565 [grpc-default-executor-1] INFO  client.GrpcClientProtocolClient (GrpcClientProtocolClient.java:onNext(255)) - client-CB1B8AC74E59->81367453-3bf0-4298-8a83-8d5c3816df16: receive RaftClientReply:client-CB1B8AC74E59->81367453-3bf0-4298-8a83-8d5c3816df16@group-F6EC397515C5, cid=648, SUCCESS, logIndex=927, commits[81367453-3bf0-4298-8a83-8d5c3816df16:c927]
2019-09-03 20:25:52,603 [grpc-default-executor-1] INFO  client.GrpcClientProtocolClient (GrpcClientProtocolClient.java:onNext(255)) - client-CB1B8AC74E59->81367453-3bf0-4298-8a83-8d5c3816df16: receive RaftClientReply:client-CB1B8AC74E59->81367453-3bf0-4298-8a83-8d5c3816df16@group-F6EC397515C5, cid=649, SUCCESS, logIndex=929, commits[81367453-3bf0-4298-8a83-8d5c3816df16:c932]
2019-09-03 20:25:52,603 [grpc-default-executor-1] INFO  client.GrpcClientProtocolClient (GrpcClientProtocolClient.java:onNext(255)) - client-CB1B8AC74E59->81367453-3bf0-4298-8a83-8d5c3816df16: receive RaftClientReply:client-CB1B8AC74E59->81367453-3bf0-4298-8a83-8d5c3816df16@group-F6EC397515C5, cid=650, SUCCESS, logIndex=930, commits[81367453-3bf0-4298-8a83-8d5c3816df16:c932]
2019-09-03 20:25:52,604 [grpc-default-executor-1] INFO  client.GrpcClientProtocolClient (GrpcClientProtocolClient.java:onNext(255)) - client-CB1B8AC74E59->81367453-3bf0-4298-8a83-8d5c3816df16: receive RaftClientReply:client-CB1B8AC74E59->81367453-3bf0-4298-8a83-8d5c3816df16@group-F6EC397515C5, cid=651, SUCCESS, logIndex=931, commits[81367453-3bf0-4298-8a83-8d5c3816df16:c932]
2019-09-03 20:25:52,604 [grpc-default-executor-1] INFO  client.GrpcClientProtocolClient (GrpcClientProtocolClient.java:onNext(255)) - client-CB1B8AC74E59->81367453-3bf0-4298-8a83-8d5c3816df16: receive RaftClientReply:client-CB1B8AC74E59->81367453-3bf0-4298-8a83-8d5c3816df16@group-F6EC397515C5, cid=652, SUCCESS, logIndex=932, commits[81367453-3bf0-4298-8a83-8d5c3816df16:c932]
2019-09-03 20:25:52,643 [grpc-default-executor-2] INFO  client.GrpcClientProtocolClient (GrpcClientProtocolClient.java:onNext(255)) - client-CB1B8AC74E59->81367453-3bf0-4298-8a83-8d5c3816df16: receive RaftClientReply:client-CB1B8AC74E59->81367453-3bf0-4298-8a83-8d5c3816df16@group-F6EC397515C5, cid=653, SUCCESS, logIndex=934, commits[81367453-3bf0-4298-8a83-8d5c3816df16:c935]
2019-09-03 20:25:52,643 [grpc-default-executor-2] INFO  client.GrpcClientProtocolClient (GrpcClientProtocolClient.java:onNext(255)) - client-CB1B8AC74E59->81367453-3bf0-4298-8a83-8d5c3816df16: receive RaftClientReply:client-CB1B8AC74E59->81367453-3bf0-4298-8a83-8d5c3816df16@group-F6EC397515C5, cid=654, SUCCESS, logIndex=935, commits[81367453-3bf0-4298-8a83-8d5c3816df16:c938]
2019-09-03 20:25:52,643 [SCMBlockDeletingService#1] DEBUG block.SCMBlockDeletingService (SCMBlockDeletingService.java:call(138)) - Running DeletedBlockTransactionScanner
2019-09-03 20:25:52,643 [grpc-default-executor-2] INFO  client.GrpcClientProtocolClient (GrpcClientProtocolClient.java:onNext(255)) - client-CB1B8AC74E59->81367453-3bf0-4298-8a83-8d5c3816df16: receive RaftClientReply:client-CB1B8AC74E59->81367453-3bf0-4298-8a83-8d5c3816df16@group-F6EC397515C5, cid=655, SUCCESS, logIndex=936, commits[81367453-3bf0-4298-8a83-8d5c3816df16:c938]
2019-09-03 20:25:52,644 [SCMBlockDeletingService#1] DEBUG block.SCMBlockDeletingService (SCMBlockDeletingService.java:call(155)) - Scanned deleted blocks log and got 0 delTX to process.
2019-09-03 20:25:52,644 [grpc-default-executor-2] INFO  client.GrpcClientProtocolClient (GrpcClientProtocolClient.java:onNext(255)) - client-CB1B8AC74E59->81367453-3bf0-4298-8a83-8d5c3816df16: receive RaftClientReply:client-CB1B8AC74E59->81367453-3bf0-4298-8a83-8d5c3816df16@group-F6EC397515C5, cid=656, SUCCESS, logIndex=937, commits[81367453-3bf0-4298-8a83-8d5c3816df16:c939]
2019-09-03 20:25:52,681 [grpc-default-executor-2] INFO  client.GrpcClientProtocolClient (GrpcClientProtocolClient.java:onNext(255)) - client-CB1B8AC74E59->81367453-3bf0-4298-8a83-8d5c3816df16: receive RaftClientReply:client-CB1B8AC74E59->81367453-3bf0-4298-8a83-8d5c3816df16@group-F6EC397515C5, cid=657, SUCCESS, logIndex=940, commits[81367453-3bf0-4298-8a83-8d5c3816df16:c941]
2019-09-03 20:25:52,682 [grpc-default-executor-2] INFO  client.GrpcClientProtocolClient (GrpcClientProtocolClient.java:onNext(255)) - client-CB1B8AC74E59->81367453-3bf0-4298-8a83-8d5c3816df16: receive RaftClientReply:client-CB1B8AC74E59->81367453-3bf0-4298-8a83-8d5c3816df16@group-F6EC397515C5, cid=658, SUCCESS, logIndex=941, commits[81367453-3bf0-4298-8a83-8d5c3816df16:c941]
2019-09-03 20:25:52,700 [grpc-default-executor-2] INFO  client.GrpcClientProtocolClient (GrpcClientProtocolClient.java:onNext(255)) - client-CB1B8AC74E59->81367453-3bf0-4298-8a83-8d5c3816df16: receive RaftClientReply:client-CB1B8AC74E59->81367453-3bf0-4298-8a83-8d5c3816df16@group-F6EC397515C5, cid=659, SUCCESS, logIndex=942, commits[81367453-3bf0-4298-8a83-8d5c3816df16:c943]
2019-09-03 20:25:52,701 [grpc-default-executor-2] INFO  client.GrpcClientProtocolClient (GrpcClientProtocolClient.java:onNext(255)) - client-CB1B8AC74E59->81367453-3bf0-4298-8a83-8d5c3816df16: receive RaftClientReply:client-CB1B8AC74E59->81367453-3bf0-4298-8a83-8d5c3816df16@group-F6EC397515C5, cid=660, SUCCESS, logIndex=943, commits[81367453-3bf0-4298-8a83-8d5c3816df16:c944]
2019-09-03 20:25:52,714 [grpc-default-executor-1] INFO  client.GrpcClientProtocolClient (GrpcClientProtocolClient.java:onNext(255)) - client-CB1B8AC74E59->81367453-3bf0-4298-8a83-8d5c3816df16: receive RaftClientReply:client-CB1B8AC74E59->81367453-3bf0-4298-8a83-8d5c3816df16@group-F6EC397515C5, cid=661, SUCCESS, logIndex=946, commits[81367453-3bf0-4298-8a83-8d5c3816df16:c947]
2019-09-03 20:25:52,715 [grpc-default-executor-1] INFO  client.GrpcClientProtocolClient (GrpcClientProtocolClient.java:onNext(255)) - client-CB1B8AC74E59->81367453-3bf0-4298-8a83-8d5c3816df16: receive RaftClientReply:client-CB1B8AC74E59->81367453-3bf0-4298-8a83-8d5c3816df16@group-F6EC397515C5, cid=662, SUCCESS, logIndex=947, commits[81367453-3bf0-4298-8a83-8d5c3816df16:c948]
2019-09-03 20:25:52,744 [SCMBlockDeletingService#1] DEBUG block.SCMBlockDeletingService (SCMBlockDeletingService.java:call(138)) - Running DeletedBlockTransactionScanner
2019-09-03 20:25:52,744 [SCMBlockDeletingService#1] DEBUG block.SCMBlockDeletingService (SCMBlockDeletingService.java:call(155)) - Scanned deleted blocks log and got 0 delTX to process.
2019-09-03 20:25:52,827 [grpc-default-executor-2] INFO  client.GrpcClientProtocolClient (GrpcClientProtocolClient.java:onNext(255)) - client-CB1B8AC74E59->81367453-3bf0-4298-8a83-8d5c3816df16: receive RaftClientReply:client-CB1B8AC74E59->81367453-3bf0-4298-8a83-8d5c3816df16@group-F6EC397515C5, cid=663, SUCCESS, logIndex=949, commits[81367453-3bf0-4298-8a83-8d5c3816df16:c950]
2019-09-03 20:25:52,828 [grpc-default-executor-2] INFO  client.GrpcClientProtocolClient (GrpcClientProtocolClient.java:onNext(255)) - client-CB1B8AC74E59->81367453-3bf0-4298-8a83-8d5c3816df16: receive RaftClientReply:client-CB1B8AC74E59->81367453-3bf0-4298-8a83-8d5c3816df16@group-F6EC397515C5, cid=664, SUCCESS, logIndex=950, commits[81367453-3bf0-4298-8a83-8d5c3816df16:c950]
2019-09-03 20:25:52,845 [SCMBlockDeletingService#1] DEBUG block.SCMBlockDeletingService (SCMBlockDeletingService.java:call(138)) - Running DeletedBlockTransactionScanner
2019-09-03 20:25:52,845 [SCMBlockDeletingService#1] DEBUG block.SCMBlockDeletingService (SCMBlockDeletingService.java:call(155)) - Scanned deleted blocks log and got 0 delTX to process.
2019-09-03 20:25:52,871 [grpc-default-executor-2] INFO  client.GrpcClientProtocolClient (GrpcClientProtocolClient.java:onNext(255)) - client-CB1B8AC74E59->81367453-3bf0-4298-8a83-8d5c3816df16: receive RaftClientReply:client-CB1B8AC74E59->81367453-3bf0-4298-8a83-8d5c3816df16@group-F6EC397515C5, cid=665, SUCCESS, logIndex=952, commits[81367453-3bf0-4298-8a83-8d5c3816df16:c955]
2019-09-03 20:25:52,872 [grpc-default-executor-2] INFO  client.GrpcClientProtocolClient (GrpcClientProtocolClient.java:onNext(255)) - client-CB1B8AC74E59->81367453-3bf0-4298-8a83-8d5c3816df16: receive RaftClientReply:client-CB1B8AC74E59->81367453-3bf0-4298-8a83-8d5c3816df16@group-F6EC397515C5, cid=666, SUCCESS, logIndex=953, commits[81367453-3bf0-4298-8a83-8d5c3816df16:c955]
2019-09-03 20:25:52,872 [grpc-default-executor-2] INFO  client.GrpcClientProtocolClient (GrpcClientProtocolClient.java:onNext(255)) - client-CB1B8AC74E59->81367453-3bf0-4298-8a83-8d5c3816df16: receive RaftClientReply:client-CB1B8AC74E59->81367453-3bf0-4298-8a83-8d5c3816df16@group-F6EC397515C5, cid=667, SUCCESS, logIndex=954, commits[81367453-3bf0-4298-8a83-8d5c3816df16:c955]
2019-09-03 20:25:52,873 [grpc-default-executor-2] INFO  client.GrpcClientProtocolClient (GrpcClientProtocolClient.java:onNext(255)) - client-CB1B8AC74E59->81367453-3bf0-4298-8a83-8d5c3816df16: receive RaftClientReply:client-CB1B8AC74E59->81367453-3bf0-4298-8a83-8d5c3816df16@group-F6EC397515C5, cid=668, SUCCESS, logIndex=955, commits[81367453-3bf0-4298-8a83-8d5c3816df16:c955]
2019-09-03 20:25:52,946 [SCMBlockDeletingService#1] DEBUG block.SCMBlockDeletingService (SCMBlockDeletingService.java:call(138)) - Running DeletedBlockTransactionScanner
2019-09-03 20:25:52,946 [SCMBlockDeletingService#1] DEBUG block.SCMBlockDeletingService (SCMBlockDeletingService.java:call(155)) - Scanned deleted blocks log and got 0 delTX to process.
2019-09-03 20:25:52,971 [grpc-default-executor-1] INFO  client.GrpcClientProtocolClient (GrpcClientProtocolClient.java:onNext(255)) - client-CB1B8AC74E59->81367453-3bf0-4298-8a83-8d5c3816df16: receive RaftClientReply:client-CB1B8AC74E59->81367453-3bf0-4298-8a83-8d5c3816df16@group-F6EC397515C5, cid=669, SUCCESS, logIndex=957, commits[81367453-3bf0-4298-8a83-8d5c3816df16:c958]
2019-09-03 20:25:52,972 [grpc-default-executor-1] INFO  client.GrpcClientProtocolClient (GrpcClientProtocolClient.java:onNext(255)) - client-CB1B8AC74E59->81367453-3bf0-4298-8a83-8d5c3816df16: receive RaftClientReply:client-CB1B8AC74E59->81367453-3bf0-4298-8a83-8d5c3816df16@group-F6EC397515C5, cid=670, SUCCESS, logIndex=958, commits[81367453-3bf0-4298-8a83-8d5c3816df16:c958]
2019-09-03 20:25:53,047 [SCMBlockDeletingService#1] DEBUG block.SCMBlockDeletingService (SCMBlockDeletingService.java:call(138)) - Running DeletedBlockTransactionScanner
2019-09-03 20:25:53,047 [SCMBlockDeletingService#1] DEBUG block.SCMBlockDeletingService (SCMBlockDeletingService.java:call(155)) - Scanned deleted blocks log and got 0 delTX to process.
2019-09-03 20:25:53,120 [grpc-default-executor-1] INFO  client.GrpcClientProtocolClient (GrpcClientProtocolClient.java:onNext(255)) - client-CB1B8AC74E59->81367453-3bf0-4298-8a83-8d5c3816df16: receive RaftClientReply:client-CB1B8AC74E59->81367453-3bf0-4298-8a83-8d5c3816df16@group-F6EC397515C5, cid=671, SUCCESS, logIndex=959, commits[81367453-3bf0-4298-8a83-8d5c3816df16:c960]
2019-09-03 20:25:53,120 [grpc-default-executor-1] INFO  client.GrpcClientProtocolClient (GrpcClientProtocolClient.java:onNext(255)) - client-CB1B8AC74E59->81367453-3bf0-4298-8a83-8d5c3816df16: receive RaftClientReply:client-CB1B8AC74E59->81367453-3bf0-4298-8a83-8d5c3816df16@group-F6EC397515C5, cid=672, SUCCESS, logIndex=960, commits[81367453-3bf0-4298-8a83-8d5c3816df16:c960]
2019-09-03 20:25:53,147 [SCMBlockDeletingService#1] DEBUG block.SCMBlockDeletingService (SCMBlockDeletingService.java:call(138)) - Running DeletedBlockTransactionScanner
2019-09-03 20:25:53,148 [SCMBlockDeletingService#1] DEBUG block.SCMBlockDeletingService (SCMBlockDeletingService.java:call(155)) - Scanned deleted blocks log and got 0 delTX to process.
2019-09-03 20:25:53,177 [grpc-default-executor-1] INFO  client.GrpcClientProtocolClient (GrpcClientProtocolClient.java:onNext(255)) - client-CB1B8AC74E59->81367453-3bf0-4298-8a83-8d5c3816df16: receive RaftClientReply:client-CB1B8AC74E59->81367453-3bf0-4298-8a83-8d5c3816df16@group-F6EC397515C5, cid=673, SUCCESS, logIndex=963, commits[81367453-3bf0-4298-8a83-8d5c3816df16:c966]
2019-09-03 20:25:53,178 [grpc-default-executor-1] INFO  client.GrpcClientProtocolClient (GrpcClientProtocolClient.java:onNext(255)) - client-CB1B8AC74E59->81367453-3bf0-4298-8a83-8d5c3816df16: receive RaftClientReply:client-CB1B8AC74E59->81367453-3bf0-4298-8a83-8d5c3816df16@group-F6EC397515C5, cid=674, SUCCESS, logIndex=964, commits[81367453-3bf0-4298-8a83-8d5c3816df16:c966]
2019-09-03 20:25:53,178 [grpc-default-executor-1] INFO  client.GrpcClientProtocolClient (GrpcClientProtocolClient.java:onNext(255)) - client-CB1B8AC74E59->81367453-3bf0-4298-8a83-8d5c3816df16: receive RaftClientReply:client-CB1B8AC74E59->81367453-3bf0-4298-8a83-8d5c3816df16@group-F6EC397515C5, cid=675, SUCCESS, logIndex=965, commits[81367453-3bf0-4298-8a83-8d5c3816df16:c966]
2019-09-03 20:25:53,178 [grpc-default-executor-1] INFO  client.GrpcClientProtocolClient (GrpcClientProtocolClient.java:onNext(255)) - client-CB1B8AC74E59->81367453-3bf0-4298-8a83-8d5c3816df16: receive RaftClientReply:client-CB1B8AC74E59->81367453-3bf0-4298-8a83-8d5c3816df16@group-F6EC397515C5, cid=676, SUCCESS, logIndex=966, commits[81367453-3bf0-4298-8a83-8d5c3816df16:c966]
2019-09-03 20:25:53,255 [SCMBlockDeletingService#1] DEBUG block.SCMBlockDeletingService (SCMBlockDeletingService.java:call(138)) - Running DeletedBlockTransactionScanner
2019-09-03 20:25:53,255 [SCMBlockDeletingService#1] DEBUG block.SCMBlockDeletingService (SCMBlockDeletingService.java:call(155)) - Scanned deleted blocks log and got 0 delTX to process.
2019-09-03 20:25:53,260 [grpc-default-executor-1] INFO  client.GrpcClientProtocolClient (GrpcClientProtocolClient.java:onNext(255)) - client-CB1B8AC74E59->81367453-3bf0-4298-8a83-8d5c3816df16: receive RaftClientReply:client-CB1B8AC74E59->81367453-3bf0-4298-8a83-8d5c3816df16@group-F6EC397515C5, cid=677, SUCCESS, logIndex=968, commits[81367453-3bf0-4298-8a83-8d5c3816df16:c968]
2019-09-03 20:25:53,265 [grpc-default-executor-1] INFO  client.GrpcClientProtocolClient (GrpcClientProtocolClient.java:onNext(255)) - client-CB1B8AC74E59->81367453-3bf0-4298-8a83-8d5c3816df16: receive RaftClientReply:client-CB1B8AC74E59->81367453-3bf0-4298-8a83-8d5c3816df16@group-F6EC397515C5, cid=678, SUCCESS, logIndex=969, commits[81367453-3bf0-4298-8a83-8d5c3816df16:c972]
2019-09-03 20:25:53,265 [grpc-default-executor-1] INFO  client.GrpcClientProtocolClient (GrpcClientProtocolClient.java:onNext(255)) - client-CB1B8AC74E59->81367453-3bf0-4298-8a83-8d5c3816df16: receive RaftClientReply:client-CB1B8AC74E59->81367453-3bf0-4298-8a83-8d5c3816df16@group-F6EC397515C5, cid=679, SUCCESS, logIndex=970, commits[81367453-3bf0-4298-8a83-8d5c3816df16:c972]
2019-09-03 20:25:53,266 [grpc-default-executor-1] INFO  client.GrpcClientProtocolClient (GrpcClientProtocolClient.java:onNext(255)) - client-CB1B8AC74E59->81367453-3bf0-4298-8a83-8d5c3816df16: receive RaftClientReply:client-CB1B8AC74E59->81367453-3bf0-4298-8a83-8d5c3816df16@group-F6EC397515C5, cid=680, SUCCESS, logIndex=971, commits[81367453-3bf0-4298-8a83-8d5c3816df16:c972]
2019-09-03 20:25:53,292 [grpc-default-executor-1] INFO  client.GrpcClientProtocolClient (GrpcClientProtocolClient.java:onNext(255)) - client-CB1B8AC74E59->81367453-3bf0-4298-8a83-8d5c3816df16: receive RaftClientReply:client-CB1B8AC74E59->81367453-3bf0-4298-8a83-8d5c3816df16@group-F6EC397515C5, cid=681, SUCCESS, logIndex=973, commits[81367453-3bf0-4298-8a83-8d5c3816df16:c976]
2019-09-03 20:25:53,293 [grpc-default-executor-1] INFO  client.GrpcClientProtocolClient (GrpcClientProtocolClient.java:onNext(255)) - client-CB1B8AC74E59->81367453-3bf0-4298-8a83-8d5c3816df16: receive RaftClientReply:client-CB1B8AC74E59->81367453-3bf0-4298-8a83-8d5c3816df16@group-F6EC397515C5, cid=682, SUCCESS, logIndex=974, commits[81367453-3bf0-4298-8a83-8d5c3816df16:c977]
2019-09-03 20:25:53,293 [grpc-default-executor-1] INFO  client.GrpcClientProtocolClient (GrpcClientProtocolClient.java:onNext(255)) - client-CB1B8AC74E59->81367453-3bf0-4298-8a83-8d5c3816df16: receive RaftClientReply:client-CB1B8AC74E59->81367453-3bf0-4298-8a83-8d5c3816df16@group-F6EC397515C5, cid=683, SUCCESS, logIndex=975, commits[81367453-3bf0-4298-8a83-8d5c3816df16:c977]
2019-09-03 20:25:53,294 [grpc-default-executor-1] INFO  client.GrpcClientProtocolClient (GrpcClientProtocolClient.java:onNext(255)) - client-CB1B8AC74E59->81367453-3bf0-4298-8a83-8d5c3816df16: receive RaftClientReply:client-CB1B8AC74E59->81367453-3bf0-4298-8a83-8d5c3816df16@group-F6EC397515C5, cid=684, SUCCESS, logIndex=976, commits[81367453-3bf0-4298-8a83-8d5c3816df16:c977]
2019-09-03 20:25:53,306 [grpc-default-executor-1] INFO  client.GrpcClientProtocolClient (GrpcClientProtocolClient.java:onNext(255)) - client-CB1B8AC74E59->81367453-3bf0-4298-8a83-8d5c3816df16: receive RaftClientReply:client-CB1B8AC74E59->81367453-3bf0-4298-8a83-8d5c3816df16@group-F6EC397515C5, cid=685, SUCCESS, logIndex=978, commits[81367453-3bf0-4298-8a83-8d5c3816df16:c979]
2019-09-03 20:25:53,306 [grpc-default-executor-1] INFO  client.GrpcClientProtocolClient (GrpcClientProtocolClient.java:onNext(255)) - client-CB1B8AC74E59->81367453-3bf0-4298-8a83-8d5c3816df16: receive RaftClientReply:client-CB1B8AC74E59->81367453-3bf0-4298-8a83-8d5c3816df16@group-F6EC397515C5, cid=686, SUCCESS, logIndex=979, commits[81367453-3bf0-4298-8a83-8d5c3816df16:c979]
2019-09-03 20:25:53,321 [grpc-default-executor-1] INFO  client.GrpcClientProtocolClient (GrpcClientProtocolClient.java:onNext(255)) - client-CB1B8AC74E59->81367453-3bf0-4298-8a83-8d5c3816df16: receive RaftClientReply:client-CB1B8AC74E59->81367453-3bf0-4298-8a83-8d5c3816df16@group-F6EC397515C5, cid=687, SUCCESS, logIndex=980, commits[81367453-3bf0-4298-8a83-8d5c3816df16:c981]
2019-09-03 20:25:53,321 [grpc-default-executor-1] INFO  client.GrpcClientProtocolClient (GrpcClientProtocolClient.java:onNext(255)) - client-CB1B8AC74E59->81367453-3bf0-4298-8a83-8d5c3816df16: receive RaftClientReply:client-CB1B8AC74E59->81367453-3bf0-4298-8a83-8d5c3816df16@group-F6EC397515C5, cid=688, SUCCESS, logIndex=981, commits[81367453-3bf0-4298-8a83-8d5c3816df16:c982]
2019-09-03 20:25:53,342 [grpc-default-executor-1] INFO  client.GrpcClientProtocolClient (GrpcClientProtocolClient.java:onNext(255)) - client-CB1B8AC74E59->81367453-3bf0-4298-8a83-8d5c3816df16: receive RaftClientReply:client-CB1B8AC74E59->81367453-3bf0-4298-8a83-8d5c3816df16@group-F6EC397515C5, cid=689, SUCCESS, logIndex=984, commits[81367453-3bf0-4298-8a83-8d5c3816df16:c985]
2019-09-03 20:25:53,343 [grpc-default-executor-1] INFO  client.GrpcClientProtocolClient (GrpcClientProtocolClient.java:onNext(255)) - client-CB1B8AC74E59->81367453-3bf0-4298-8a83-8d5c3816df16: receive RaftClientReply:client-CB1B8AC74E59->81367453-3bf0-4298-8a83-8d5c3816df16@group-F6EC397515C5, cid=690, SUCCESS, logIndex=985, commits[81367453-3bf0-4298-8a83-8d5c3816df16:c987]
2019-09-03 20:25:53,343 [grpc-default-executor-1] INFO  client.GrpcClientProtocolClient (GrpcClientProtocolClient.java:onNext(255)) - client-CB1B8AC74E59->81367453-3bf0-4298-8a83-8d5c3816df16: receive RaftClientReply:client-CB1B8AC74E59->81367453-3bf0-4298-8a83-8d5c3816df16@group-F6EC397515C5, cid=691, SUCCESS, logIndex=986, commits[81367453-3bf0-4298-8a83-8d5c3816df16:c988]
2019-09-03 20:25:53,344 [grpc-default-executor-1] INFO  client.GrpcClientProtocolClient (GrpcClientProtocolClient.java:onNext(255)) - client-CB1B8AC74E59->81367453-3bf0-4298-8a83-8d5c3816df16: receive RaftClientReply:client-CB1B8AC74E59->81367453-3bf0-4298-8a83-8d5c3816df16@group-F6EC397515C5, cid=692, SUCCESS, logIndex=987, commits[81367453-3bf0-4298-8a83-8d5c3816df16:c989]
2019-09-03 20:25:53,355 [SCMBlockDeletingService#1] DEBUG block.SCMBlockDeletingService (SCMBlockDeletingService.java:call(138)) - Running DeletedBlockTransactionScanner
2019-09-03 20:25:53,356 [SCMBlockDeletingService#1] DEBUG block.SCMBlockDeletingService (SCMBlockDeletingService.java:call(155)) - Scanned deleted blocks log and got 0 delTX to process.
2019-09-03 20:25:53,357 [grpc-default-executor-1] INFO  client.GrpcClientProtocolClient (GrpcClientProtocolClient.java:onNext(255)) - client-CB1B8AC74E59->81367453-3bf0-4298-8a83-8d5c3816df16: receive RaftClientReply:client-CB1B8AC74E59->81367453-3bf0-4298-8a83-8d5c3816df16@group-F6EC397515C5, cid=693, SUCCESS, logIndex=990, commits[81367453-3bf0-4298-8a83-8d5c3816df16:c991]
2019-09-03 20:25:53,357 [grpc-default-executor-1] INFO  client.GrpcClientProtocolClient (GrpcClientProtocolClient.java:onNext(255)) - client-CB1B8AC74E59->81367453-3bf0-4298-8a83-8d5c3816df16: receive RaftClientReply:client-CB1B8AC74E59->81367453-3bf0-4298-8a83-8d5c3816df16@group-F6EC397515C5, cid=694, SUCCESS, logIndex=991, commits[81367453-3bf0-4298-8a83-8d5c3816df16:c993]
2019-09-03 20:25:53,358 [grpc-default-executor-1] INFO  client.GrpcClientProtocolClient (GrpcClientProtocolClient.java:onNext(255)) - client-CB1B8AC74E59->81367453-3bf0-4298-8a83-8d5c3816df16: receive RaftClientReply:client-CB1B8AC74E59->81367453-3bf0-4298-8a83-8d5c3816df16@group-F6EC397515C5, cid=695, SUCCESS, logIndex=992, commits[81367453-3bf0-4298-8a83-8d5c3816df16:c994]
2019-09-03 20:25:53,358 [grpc-default-executor-1] INFO  client.GrpcClientProtocolClient (GrpcClientProtocolClient.java:onNext(255)) - client-CB1B8AC74E59->81367453-3bf0-4298-8a83-8d5c3816df16: receive RaftClientReply:client-CB1B8AC74E59->81367453-3bf0-4298-8a83-8d5c3816df16@group-F6EC397515C5, cid=696, SUCCESS, logIndex=993, commits[81367453-3bf0-4298-8a83-8d5c3816df16:c995]
2019-09-03 20:25:53,376 [grpc-default-executor-2] INFO  client.GrpcClientProtocolClient (GrpcClientProtocolClient.java:onNext(255)) - client-CB1B8AC74E59->81367453-3bf0-4298-8a83-8d5c3816df16: receive RaftClientReply:client-CB1B8AC74E59->81367453-3bf0-4298-8a83-8d5c3816df16@group-F6EC397515C5, cid=697, SUCCESS, logIndex=996, commits[81367453-3bf0-4298-8a83-8d5c3816df16:c997]
2019-09-03 20:25:53,377 [grpc-default-executor-2] INFO  client.GrpcClientProtocolClient (GrpcClientProtocolClient.java:onNext(255)) - client-CB1B8AC74E59->81367453-3bf0-4298-8a83-8d5c3816df16: receive RaftClientReply:client-CB1B8AC74E59->81367453-3bf0-4298-8a83-8d5c3816df16@group-F6EC397515C5, cid=698, SUCCESS, logIndex=997, commits[81367453-3bf0-4298-8a83-8d5c3816df16:c999]
2019-09-03 20:25:53,378 [grpc-default-executor-2] INFO  client.GrpcClientProtocolClient (GrpcClientProtocolClient.java:onNext(255)) - client-CB1B8AC74E59->81367453-3bf0-4298-8a83-8d5c3816df16: receive RaftClientReply:client-CB1B8AC74E59->81367453-3bf0-4298-8a83-8d5c3816df16@group-F6EC397515C5, cid=699, SUCCESS, logIndex=998, commits[81367453-3bf0-4298-8a83-8d5c3816df16:c1000]
2019-09-03 20:25:53,378 [grpc-default-executor-2] INFO  client.GrpcClientProtocolClient (GrpcClientProtocolClient.java:onNext(255)) - client-CB1B8AC74E59->81367453-3bf0-4298-8a83-8d5c3816df16: receive RaftClientReply:client-CB1B8AC74E59->81367453-3bf0-4298-8a83-8d5c3816df16@group-F6EC397515C5, cid=700, SUCCESS, logIndex=999, commits[81367453-3bf0-4298-8a83-8d5c3816df16:c1000]
2019-09-03 20:25:53,440 [grpc-default-executor-2] INFO  client.GrpcClientProtocolClient (GrpcClientProtocolClient.java:onNext(255)) - client-CB1B8AC74E59->81367453-3bf0-4298-8a83-8d5c3816df16: receive RaftClientReply:client-CB1B8AC74E59->81367453-3bf0-4298-8a83-8d5c3816df16@group-F6EC397515C5, cid=701, SUCCESS, logIndex=1002, commits[81367453-3bf0-4298-8a83-8d5c3816df16:c1005]
2019-09-03 20:25:53,441 [grpc-default-executor-2] INFO  client.GrpcClientProtocolClient (GrpcClientProtocolClient.java:onNext(255)) - client-CB1B8AC74E59->81367453-3bf0-4298-8a83-8d5c3816df16: receive RaftClientReply:client-CB1B8AC74E59->81367453-3bf0-4298-8a83-8d5c3816df16@group-F6EC397515C5, cid=702, SUCCESS, logIndex=1003, commits[81367453-3bf0-4298-8a83-8d5c3816df16:c1005]
2019-09-03 20:25:53,441 [grpc-default-executor-2] INFO  client.GrpcClientProtocolClient (GrpcClientProtocolClient.java:onNext(255)) - client-CB1B8AC74E59->81367453-3bf0-4298-8a83-8d5c3816df16: receive RaftClientReply:client-CB1B8AC74E59->81367453-3bf0-4298-8a83-8d5c3816df16@group-F6EC397515C5, cid=703, SUCCESS, logIndex=1004, commits[81367453-3bf0-4298-8a83-8d5c3816df16:c1005]
2019-09-03 20:25:53,442 [grpc-default-executor-2] INFO  client.GrpcClientProtocolClient (GrpcClientProtocolClient.java:onNext(255)) - client-CB1B8AC74E59->81367453-3bf0-4298-8a83-8d5c3816df16: receive RaftClientReply:client-CB1B8AC74E59->81367453-3bf0-4298-8a83-8d5c3816df16@group-F6EC397515C5, cid=704, SUCCESS, logIndex=1005, commits[81367453-3bf0-4298-8a83-8d5c3816df16:c1005]
2019-09-03 20:25:53,456 [SCMBlockDeletingService#1] DEBUG block.SCMBlockDeletingService (SCMBlockDeletingService.java:call(138)) - Running DeletedBlockTransactionScanner
2019-09-03 20:25:53,456 [SCMBlockDeletingService#1] DEBUG block.SCMBlockDeletingService (SCMBlockDeletingService.java:call(155)) - Scanned deleted blocks log and got 0 delTX to process.
2019-09-03 20:25:53,465 [grpc-default-executor-1] INFO  client.GrpcClientProtocolClient (GrpcClientProtocolClient.java:onNext(255)) - client-CB1B8AC74E59->81367453-3bf0-4298-8a83-8d5c3816df16: receive RaftClientReply:client-CB1B8AC74E59->81367453-3bf0-4298-8a83-8d5c3816df16@group-F6EC397515C5, cid=705, SUCCESS, logIndex=1007, commits[81367453-3bf0-4298-8a83-8d5c3816df16:c1008]
2019-09-03 20:25:53,466 [grpc-default-executor-1] INFO  client.GrpcClientProtocolClient (GrpcClientProtocolClient.java:onNext(255)) - client-CB1B8AC74E59->81367453-3bf0-4298-8a83-8d5c3816df16: receive RaftClientReply:client-CB1B8AC74E59->81367453-3bf0-4298-8a83-8d5c3816df16@group-F6EC397515C5, cid=706, SUCCESS, logIndex=1008, commits[81367453-3bf0-4298-8a83-8d5c3816df16:c1009]
2019-09-03 20:25:53,557 [SCMBlockDeletingService#1] DEBUG block.SCMBlockDeletingService (SCMBlockDeletingService.java:call(138)) - Running DeletedBlockTransactionScanner
2019-09-03 20:25:53,557 [SCMBlockDeletingService#1] DEBUG block.SCMBlockDeletingService (SCMBlockDeletingService.java:call(155)) - Scanned deleted blocks log and got 0 delTX to process.
2019-09-03 20:25:53,597 [grpc-default-executor-2] INFO  client.GrpcClientProtocolClient (GrpcClientProtocolClient.java:onNext(255)) - client-CB1B8AC74E59->81367453-3bf0-4298-8a83-8d5c3816df16: receive RaftClientReply:client-CB1B8AC74E59->81367453-3bf0-4298-8a83-8d5c3816df16@group-F6EC397515C5, cid=707, SUCCESS, logIndex=1010, commits[81367453-3bf0-4298-8a83-8d5c3816df16:c1011]
2019-09-03 20:25:53,598 [grpc-default-executor-2] INFO  client.GrpcClientProtocolClient (GrpcClientProtocolClient.java:onNext(255)) - client-CB1B8AC74E59->81367453-3bf0-4298-8a83-8d5c3816df16: receive RaftClientReply:client-CB1B8AC74E59->81367453-3bf0-4298-8a83-8d5c3816df16@group-F6EC397515C5, cid=708, SUCCESS, logIndex=1011, commits[81367453-3bf0-4298-8a83-8d5c3816df16:c1011]
2019-09-03 20:25:53,636 [grpc-default-executor-2] INFO  client.GrpcClientProtocolClient (GrpcClientProtocolClient.java:onNext(255)) - client-CB1B8AC74E59->81367453-3bf0-4298-8a83-8d5c3816df16: receive RaftClientReply:client-CB1B8AC74E59->81367453-3bf0-4298-8a83-8d5c3816df16@group-F6EC397515C5, cid=709, SUCCESS, logIndex=1013, commits[81367453-3bf0-4298-8a83-8d5c3816df16:c1016]
2019-09-03 20:25:53,637 [grpc-default-executor-2] INFO  client.GrpcClientProtocolClient (GrpcClientProtocolClient.java:onNext(255)) - client-CB1B8AC74E59->81367453-3bf0-4298-8a83-8d5c3816df16: receive RaftClientReply:client-CB1B8AC74E59->81367453-3bf0-4298-8a83-8d5c3816df16@group-F6EC397515C5, cid=710, SUCCESS, logIndex=1014, commits[81367453-3bf0-4298-8a83-8d5c3816df16:c1017]
2019-09-03 20:25:53,637 [grpc-default-executor-2] INFO  client.GrpcClientProtocolClient (GrpcClientProtocolClient.java:onNext(255)) - client-CB1B8AC74E59->81367453-3bf0-4298-8a83-8d5c3816df16: receive RaftClientReply:client-CB1B8AC74E59->81367453-3bf0-4298-8a83-8d5c3816df16@group-F6EC397515C5, cid=711, SUCCESS, logIndex=1015, commits[81367453-3bf0-4298-8a83-8d5c3816df16:c1017]
2019-09-03 20:25:53,638 [grpc-default-executor-2] INFO  client.GrpcClientProtocolClient (GrpcClientProtocolClient.java:onNext(255)) - client-CB1B8AC74E59->81367453-3bf0-4298-8a83-8d5c3816df16: receive RaftClientReply:client-CB1B8AC74E59->81367453-3bf0-4298-8a83-8d5c3816df16@group-F6EC397515C5, cid=712, SUCCESS, logIndex=1016, commits[81367453-3bf0-4298-8a83-8d5c3816df16:c1017]
2019-09-03 20:25:53,658 [SCMBlockDeletingService#1] DEBUG block.SCMBlockDeletingService (SCMBlockDeletingService.java:call(138)) - Running DeletedBlockTransactionScanner
2019-09-03 20:25:53,658 [SCMBlockDeletingService#1] DEBUG block.SCMBlockDeletingService (SCMBlockDeletingService.java:call(155)) - Scanned deleted blocks log and got 0 delTX to process.
2019-09-03 20:25:53,668 [grpc-default-executor-1] INFO  client.GrpcClientProtocolClient (GrpcClientProtocolClient.java:onNext(255)) - client-CB1B8AC74E59->81367453-3bf0-4298-8a83-8d5c3816df16: receive RaftClientReply:client-CB1B8AC74E59->81367453-3bf0-4298-8a83-8d5c3816df16@group-F6EC397515C5, cid=713, SUCCESS, logIndex=1018, commits[81367453-3bf0-4298-8a83-8d5c3816df16:c1019]
2019-09-03 20:25:53,669 [grpc-default-executor-1] INFO  client.GrpcClientProtocolClient (GrpcClientProtocolClient.java:onNext(255)) - client-CB1B8AC74E59->81367453-3bf0-4298-8a83-8d5c3816df16: receive RaftClientReply:client-CB1B8AC74E59->81367453-3bf0-4298-8a83-8d5c3816df16@group-F6EC397515C5, cid=714, SUCCESS, logIndex=1019, commits[81367453-3bf0-4298-8a83-8d5c3816df16:c1021]
2019-09-03 20:25:53,670 [grpc-default-executor-1] INFO  client.GrpcClientProtocolClient (GrpcClientProtocolClient.java:onNext(255)) - client-CB1B8AC74E59->81367453-3bf0-4298-8a83-8d5c3816df16: receive RaftClientReply:client-CB1B8AC74E59->81367453-3bf0-4298-8a83-8d5c3816df16@group-F6EC397515C5, cid=715, SUCCESS, logIndex=1020, commits[81367453-3bf0-4298-8a83-8d5c3816df16:c1022]
2019-09-03 20:25:53,670 [grpc-default-executor-1] INFO  client.GrpcClientProtocolClient (GrpcClientProtocolClient.java:onNext(255)) - client-CB1B8AC74E59->81367453-3bf0-4298-8a83-8d5c3816df16: receive RaftClientReply:client-CB1B8AC74E59->81367453-3bf0-4298-8a83-8d5c3816df16@group-F6EC397515C5, cid=716, SUCCESS, logIndex=1021, commits[81367453-3bf0-4298-8a83-8d5c3816df16:c1023]
2019-09-03 20:25:53,685 [grpc-default-executor-1] INFO  client.GrpcClientProtocolClient (GrpcClientProtocolClient.java:onNext(255)) - client-CB1B8AC74E59->81367453-3bf0-4298-8a83-8d5c3816df16: receive RaftClientReply:client-CB1B8AC74E59->81367453-3bf0-4298-8a83-8d5c3816df16@group-F6EC397515C5, cid=717, SUCCESS, logIndex=1024, commits[81367453-3bf0-4298-8a83-8d5c3816df16:c1025]
2019-09-03 20:25:53,685 [grpc-default-executor-1] INFO  client.GrpcClientProtocolClient (GrpcClientProtocolClient.java:onNext(255)) - client-CB1B8AC74E59->81367453-3bf0-4298-8a83-8d5c3816df16: receive RaftClientReply:client-CB1B8AC74E59->81367453-3bf0-4298-8a83-8d5c3816df16@group-F6EC397515C5, cid=718, SUCCESS, logIndex=1025, commits[81367453-3bf0-4298-8a83-8d5c3816df16:c1027]
2019-09-03 20:25:53,686 [grpc-default-executor-1] INFO  client.GrpcClientProtocolClient (GrpcClientProtocolClient.java:onNext(255)) - client-CB1B8AC74E59->81367453-3bf0-4298-8a83-8d5c3816df16: receive RaftClientReply:client-CB1B8AC74E59->81367453-3bf0-4298-8a83-8d5c3816df16@group-F6EC397515C5, cid=719, SUCCESS, logIndex=1026, commits[81367453-3bf0-4298-8a83-8d5c3816df16:c1028]
2019-09-03 20:25:53,686 [grpc-default-executor-1] INFO  client.GrpcClientProtocolClient (GrpcClientProtocolClient.java:onNext(255)) - client-CB1B8AC74E59->81367453-3bf0-4298-8a83-8d5c3816df16: receive RaftClientReply:client-CB1B8AC74E59->81367453-3bf0-4298-8a83-8d5c3816df16@group-F6EC397515C5, cid=720, SUCCESS, logIndex=1027, commits[81367453-3bf0-4298-8a83-8d5c3816df16:c1028]
2019-09-03 20:25:53,707 [grpc-default-executor-1] INFO  client.GrpcClientProtocolClient (GrpcClientProtocolClient.java:onNext(255)) - client-CB1B8AC74E59->81367453-3bf0-4298-8a83-8d5c3816df16: receive RaftClientReply:client-CB1B8AC74E59->81367453-3bf0-4298-8a83-8d5c3816df16@group-F6EC397515C5, cid=721, SUCCESS, logIndex=1030, commits[81367453-3bf0-4298-8a83-8d5c3816df16:c1031]
2019-09-03 20:25:53,708 [grpc-default-executor-1] INFO  client.GrpcClientProtocolClient (GrpcClientProtocolClient.java:onNext(255)) - client-CB1B8AC74E59->81367453-3bf0-4298-8a83-8d5c3816df16: receive RaftClientReply:client-CB1B8AC74E59->81367453-3bf0-4298-8a83-8d5c3816df16@group-F6EC397515C5, cid=722, SUCCESS, logIndex=1031, commits[81367453-3bf0-4298-8a83-8d5c3816df16:c1033]
2019-09-03 20:25:53,708 [grpc-default-executor-1] INFO  client.GrpcClientProtocolClient (GrpcClientProtocolClient.java:onNext(255)) - client-CB1B8AC74E59->81367453-3bf0-4298-8a83-8d5c3816df16: receive RaftClientReply:client-CB1B8AC74E59->81367453-3bf0-4298-8a83-8d5c3816df16@group-F6EC397515C5, cid=723, SUCCESS, logIndex=1032, commits[81367453-3bf0-4298-8a83-8d5c3816df16:c1034]
2019-09-03 20:25:53,709 [grpc-default-executor-1] INFO  client.GrpcClientProtocolClient (GrpcClientProtocolClient.java:onNext(255)) - client-CB1B8AC74E59->81367453-3bf0-4298-8a83-8d5c3816df16: receive RaftClientReply:client-CB1B8AC74E59->81367453-3bf0-4298-8a83-8d5c3816df16@group-F6EC397515C5, cid=724, SUCCESS, logIndex=1033, commits[81367453-3bf0-4298-8a83-8d5c3816df16:c1035]
2019-09-03 20:25:53,725 [grpc-default-executor-1] INFO  client.GrpcClientProtocolClient (GrpcClientProtocolClient.java:onNext(255)) - client-CB1B8AC74E59->81367453-3bf0-4298-8a83-8d5c3816df16: receive RaftClientReply:client-CB1B8AC74E59->81367453-3bf0-4298-8a83-8d5c3816df16@group-F6EC397515C5, cid=725, SUCCESS, logIndex=1036, commits[81367453-3bf0-4298-8a83-8d5c3816df16:c1037]
2019-09-03 20:25:53,725 [grpc-default-executor-1] INFO  client.GrpcClientProtocolClient (GrpcClientProtocolClient.java:onNext(255)) - client-CB1B8AC74E59->81367453-3bf0-4298-8a83-8d5c3816df16: receive RaftClientReply:client-CB1B8AC74E59->81367453-3bf0-4298-8a83-8d5c3816df16@group-F6EC397515C5, cid=726, SUCCESS, logIndex=1037, commits[81367453-3bf0-4298-8a83-8d5c3816df16:c1039]
2019-09-03 20:25:53,726 [grpc-default-executor-1] INFO  client.GrpcClientProtocolClient (GrpcClientProtocolClient.java:onNext(255)) - client-CB1B8AC74E59->81367453-3bf0-4298-8a83-8d5c3816df16: receive RaftClientReply:client-CB1B8AC74E59->81367453-3bf0-4298-8a83-8d5c3816df16@group-F6EC397515C5, cid=727, SUCCESS, logIndex=1038, commits[81367453-3bf0-4298-8a83-8d5c3816df16:c1040]
2019-09-03 20:25:53,726 [grpc-default-executor-1] INFO  client.GrpcClientProtocolClient (GrpcClientProtocolClient.java:onNext(255)) - client-CB1B8AC74E59->81367453-3bf0-4298-8a83-8d5c3816df16: receive RaftClientReply:client-CB1B8AC74E59->81367453-3bf0-4298-8a83-8d5c3816df16@group-F6EC397515C5, cid=728, SUCCESS, logIndex=1039, commits[81367453-3bf0-4298-8a83-8d5c3816df16:c1040]
2019-09-03 20:25:53,746 [grpc-default-executor-1] INFO  client.GrpcClientProtocolClient (GrpcClientProtocolClient.java:onNext(255)) - client-CB1B8AC74E59->81367453-3bf0-4298-8a83-8d5c3816df16: receive RaftClientReply:client-CB1B8AC74E59->81367453-3bf0-4298-8a83-8d5c3816df16@group-F6EC397515C5, cid=729, SUCCESS, logIndex=1042, commits[81367453-3bf0-4298-8a83-8d5c3816df16:c1043]
2019-09-03 20:25:53,747 [grpc-default-executor-1] INFO  client.GrpcClientProtocolClient (GrpcClientProtocolClient.java:onNext(255)) - client-CB1B8AC74E59->81367453-3bf0-4298-8a83-8d5c3816df16: receive RaftClientReply:client-CB1B8AC74E59->81367453-3bf0-4298-8a83-8d5c3816df16@group-F6EC397515C5, cid=730, SUCCESS, logIndex=1043, commits[81367453-3bf0-4298-8a83-8d5c3816df16:c1043]
2019-09-03 20:25:53,748 [grpc-default-executor-1] INFO  client.GrpcClientProtocolClient (GrpcClientProtocolClient.java:onNext(255)) - client-CB1B8AC74E59->81367453-3bf0-4298-8a83-8d5c3816df16: receive RaftClientReply:client-CB1B8AC74E59->81367453-3bf0-4298-8a83-8d5c3816df16@group-F6EC397515C5, cid=731, SUCCESS, logIndex=1044, commits[81367453-3bf0-4298-8a83-8d5c3816df16:c1045]
2019-09-03 20:25:53,748 [grpc-default-executor-1] INFO  client.GrpcClientProtocolClient (GrpcClientProtocolClient.java:onNext(255)) - client-CB1B8AC74E59->81367453-3bf0-4298-8a83-8d5c3816df16: receive RaftClientReply:client-CB1B8AC74E59->81367453-3bf0-4298-8a83-8d5c3816df16@group-F6EC397515C5, cid=732, SUCCESS, logIndex=1045, commits[81367453-3bf0-4298-8a83-8d5c3816df16:c1046]
2019-09-03 20:25:53,758 [SCMBlockDeletingService#1] DEBUG block.SCMBlockDeletingService (SCMBlockDeletingService.java:call(138)) - Running DeletedBlockTransactionScanner
2019-09-03 20:25:53,758 [SCMBlockDeletingService#1] DEBUG block.SCMBlockDeletingService (SCMBlockDeletingService.java:call(155)) - Scanned deleted blocks log and got 0 delTX to process.
2019-09-03 20:25:53,774 [grpc-default-executor-2] INFO  client.GrpcClientProtocolClient (GrpcClientProtocolClient.java:onNext(255)) - client-CB1B8AC74E59->81367453-3bf0-4298-8a83-8d5c3816df16: receive RaftClientReply:client-CB1B8AC74E59->81367453-3bf0-4298-8a83-8d5c3816df16@group-F6EC397515C5, cid=733, SUCCESS, logIndex=1048, commits[81367453-3bf0-4298-8a83-8d5c3816df16:c1049]
2019-09-03 20:25:53,774 [grpc-default-executor-2] INFO  client.GrpcClientProtocolClient (GrpcClientProtocolClient.java:onNext(255)) - client-CB1B8AC74E59->81367453-3bf0-4298-8a83-8d5c3816df16: receive RaftClientReply:client-CB1B8AC74E59->81367453-3bf0-4298-8a83-8d5c3816df16@group-F6EC397515C5, cid=734, SUCCESS, logIndex=1049, commits[81367453-3bf0-4298-8a83-8d5c3816df16:c1049]
2019-09-03 20:25:53,777 [grpc-default-executor-2] INFO  client.GrpcClientProtocolClient (GrpcClientProtocolClient.java:onNext(255)) - client-CB1B8AC74E59->81367453-3bf0-4298-8a83-8d5c3816df16: receive RaftClientReply:client-CB1B8AC74E59->81367453-3bf0-4298-8a83-8d5c3816df16@group-F6EC397515C5, cid=735, SUCCESS, logIndex=1050, commits[81367453-3bf0-4298-8a83-8d5c3816df16:c1051]
2019-09-03 20:25:53,777 [grpc-default-executor-2] INFO  client.GrpcClientProtocolClient (GrpcClientProtocolClient.java:onNext(255)) - client-CB1B8AC74E59->81367453-3bf0-4298-8a83-8d5c3816df16: receive RaftClientReply:client-CB1B8AC74E59->81367453-3bf0-4298-8a83-8d5c3816df16@group-F6EC397515C5, cid=736, SUCCESS, logIndex=1051, commits[81367453-3bf0-4298-8a83-8d5c3816df16:c1052]
2019-09-03 20:25:53,810 [grpc-default-executor-1] INFO  client.GrpcClientProtocolClient (GrpcClientProtocolClient.java:onNext(255)) - client-CB1B8AC74E59->81367453-3bf0-4298-8a83-8d5c3816df16: receive RaftClientReply:client-CB1B8AC74E59->81367453-3bf0-4298-8a83-8d5c3816df16@group-F6EC397515C5, cid=737, SUCCESS, logIndex=1054, commits[81367453-3bf0-4298-8a83-8d5c3816df16:c1057]
2019-09-03 20:25:53,811 [grpc-default-executor-1] INFO  client.GrpcClientProtocolClient (GrpcClientProtocolClient.java:onNext(255)) - client-CB1B8AC74E59->81367453-3bf0-4298-8a83-8d5c3816df16: receive RaftClientReply:client-CB1B8AC74E59->81367453-3bf0-4298-8a83-8d5c3816df16@group-F6EC397515C5, cid=738, SUCCESS, logIndex=1055, commits[81367453-3bf0-4298-8a83-8d5c3816df16:c1057]
2019-09-03 20:25:53,811 [grpc-default-executor-1] INFO  client.GrpcClientProtocolClient (GrpcClientProtocolClient.java:onNext(255)) - client-CB1B8AC74E59->81367453-3bf0-4298-8a83-8d5c3816df16: receive RaftClientReply:client-CB1B8AC74E59->81367453-3bf0-4298-8a83-8d5c3816df16@group-F6EC397515C5, cid=739, SUCCESS, logIndex=1056, commits[81367453-3bf0-4298-8a83-8d5c3816df16:c1057]
2019-09-03 20:25:53,811 [grpc-default-executor-1] INFO  client.GrpcClientProtocolClient (GrpcClientProtocolClient.java:onNext(255)) - client-CB1B8AC74E59->81367453-3bf0-4298-8a83-8d5c3816df16: receive RaftClientReply:client-CB1B8AC74E59->81367453-3bf0-4298-8a83-8d5c3816df16@group-F6EC397515C5, cid=740, SUCCESS, logIndex=1057, commits[81367453-3bf0-4298-8a83-8d5c3816df16:c1057]
2019-09-03 20:25:53,858 [grpc-default-executor-1] INFO  client.GrpcClientProtocolClient (GrpcClientProtocolClient.java:onNext(255)) - client-CB1B8AC74E59->81367453-3bf0-4298-8a83-8d5c3816df16: receive RaftClientReply:client-CB1B8AC74E59->81367453-3bf0-4298-8a83-8d5c3816df16@group-F6EC397515C5, cid=741, SUCCESS, logIndex=1059, commits[81367453-3bf0-4298-8a83-8d5c3816df16:c1062]
2019-09-03 20:25:53,858 [grpc-default-executor-1] INFO  client.GrpcClientProtocolClient (GrpcClientProtocolClient.java:onNext(255)) - client-CB1B8AC74E59->81367453-3bf0-4298-8a83-8d5c3816df16: receive RaftClientReply:client-CB1B8AC74E59->81367453-3bf0-4298-8a83-8d5c3816df16@group-F6EC397515C5, cid=742, SUCCESS, logIndex=1060, commits[81367453-3bf0-4298-8a83-8d5c3816df16:c1062]
2019-09-03 20:25:53,859 [SCMBlockDeletingService#0] DEBUG block.SCMBlockDeletingService (SCMBlockDeletingService.java:call(138)) - Running DeletedBlockTransactionScanner
2019-09-03 20:25:53,859 [grpc-default-executor-1] INFO  client.GrpcClientProtocolClient (GrpcClientProtocolClient.java:onNext(255)) - client-CB1B8AC74E59->81367453-3bf0-4298-8a83-8d5c3816df16: receive RaftClientReply:client-CB1B8AC74E59->81367453-3bf0-4298-8a83-8d5c3816df16@group-F6EC397515C5, cid=743, SUCCESS, logIndex=1061, commits[81367453-3bf0-4298-8a83-8d5c3816df16:c1062]
2019-09-03 20:25:53,859 [SCMBlockDeletingService#0] DEBUG block.SCMBlockDeletingService (SCMBlockDeletingService.java:call(155)) - Scanned deleted blocks log and got 0 delTX to process.
2019-09-03 20:25:53,859 [grpc-default-executor-1] INFO  client.GrpcClientProtocolClient (GrpcClientProtocolClient.java:onNext(255)) - client-CB1B8AC74E59->81367453-3bf0-4298-8a83-8d5c3816df16: receive RaftClientReply:client-CB1B8AC74E59->81367453-3bf0-4298-8a83-8d5c3816df16@group-F6EC397515C5, cid=744, SUCCESS, logIndex=1062, commits[81367453-3bf0-4298-8a83-8d5c3816df16:c1062]
2019-09-03 20:25:53,892 [grpc-default-executor-2] INFO  client.GrpcClientProtocolClient (GrpcClientProtocolClient.java:onNext(255)) - client-CB1B8AC74E59->81367453-3bf0-4298-8a83-8d5c3816df16: receive RaftClientReply:client-CB1B8AC74E59->81367453-3bf0-4298-8a83-8d5c3816df16@group-F6EC397515C5, cid=745, SUCCESS, logIndex=1064, commits[81367453-3bf0-4298-8a83-8d5c3816df16:c1065]
2019-09-03 20:25:53,892 [grpc-default-executor-2] INFO  client.GrpcClientProtocolClient (GrpcClientProtocolClient.java:onNext(255)) - client-CB1B8AC74E59->81367453-3bf0-4298-8a83-8d5c3816df16: receive RaftClientReply:client-CB1B8AC74E59->81367453-3bf0-4298-8a83-8d5c3816df16@group-F6EC397515C5, cid=746, SUCCESS, logIndex=1065, commits[81367453-3bf0-4298-8a83-8d5c3816df16:c1065]
2019-09-03 20:25:53,911 [grpc-default-executor-2] INFO  client.GrpcClientProtocolClient (GrpcClientProtocolClient.java:onNext(255)) - client-CB1B8AC74E59->81367453-3bf0-4298-8a83-8d5c3816df16: receive RaftClientReply:client-CB1B8AC74E59->81367453-3bf0-4298-8a83-8d5c3816df16@group-F6EC397515C5, cid=747, SUCCESS, logIndex=1066, commits[81367453-3bf0-4298-8a83-8d5c3816df16:c1067]
2019-09-03 20:25:53,911 [grpc-default-executor-2] INFO  client.GrpcClientProtocolClient (GrpcClientProtocolClient.java:onNext(255)) - client-CB1B8AC74E59->81367453-3bf0-4298-8a83-8d5c3816df16: receive RaftClientReply:client-CB1B8AC74E59->81367453-3bf0-4298-8a83-8d5c3816df16@group-F6EC397515C5, cid=748, SUCCESS, logIndex=1067, commits[81367453-3bf0-4298-8a83-8d5c3816df16:c1067]
2019-09-03 20:25:53,955 [grpc-default-executor-1] INFO  client.GrpcClientProtocolClient (GrpcClientProtocolClient.java:onNext(255)) - client-CB1B8AC74E59->81367453-3bf0-4298-8a83-8d5c3816df16: receive RaftClientReply:client-CB1B8AC74E59->81367453-3bf0-4298-8a83-8d5c3816df16@group-F6EC397515C5, cid=749, SUCCESS, logIndex=1070, commits[81367453-3bf0-4298-8a83-8d5c3816df16:c1071]
2019-09-03 20:25:53,956 [grpc-default-executor-1] INFO  client.GrpcClientProtocolClient (GrpcClientProtocolClient.java:onNext(255)) - client-CB1B8AC74E59->81367453-3bf0-4298-8a83-8d5c3816df16: receive RaftClientReply:client-CB1B8AC74E59->81367453-3bf0-4298-8a83-8d5c3816df16@group-F6EC397515C5, cid=750, SUCCESS, logIndex=1071, commits[81367453-3bf0-4298-8a83-8d5c3816df16:c1071]
2019-09-03 20:25:53,959 [SCMBlockDeletingService#0] DEBUG block.SCMBlockDeletingService (SCMBlockDeletingService.java:call(138)) - Running DeletedBlockTransactionScanner
2019-09-03 20:25:53,960 [SCMBlockDeletingService#0] DEBUG block.SCMBlockDeletingService (SCMBlockDeletingService.java:call(155)) - Scanned deleted blocks log and got 0 delTX to process.
2019-09-03 20:25:54,146 [SCMBlockDeletingService#0] DEBUG block.SCMBlockDeletingService (SCMBlockDeletingService.java:call(138)) - Running DeletedBlockTransactionScanner
2019-09-03 20:25:54,147 [SCMBlockDeletingService#0] DEBUG block.SCMBlockDeletingService (SCMBlockDeletingService.java:call(155)) - Scanned deleted blocks log and got 0 delTX to process.
2019-09-03 20:25:54,177 [grpc-default-executor-2] INFO  client.GrpcClientProtocolClient (GrpcClientProtocolClient.java:onNext(255)) - client-CB1B8AC74E59->81367453-3bf0-4298-8a83-8d5c3816df16: receive RaftClientReply:client-CB1B8AC74E59->81367453-3bf0-4298-8a83-8d5c3816df16@group-F6EC397515C5, cid=751, SUCCESS, logIndex=1073, commits[81367453-3bf0-4298-8a83-8d5c3816df16:c1074]
2019-09-03 20:25:54,177 [grpc-default-executor-2] INFO  client.GrpcClientProtocolClient (GrpcClientProtocolClient.java:onNext(255)) - client-CB1B8AC74E59->81367453-3bf0-4298-8a83-8d5c3816df16: receive RaftClientReply:client-CB1B8AC74E59->81367453-3bf0-4298-8a83-8d5c3816df16@group-F6EC397515C5, cid=752, SUCCESS, logIndex=1074, commits[81367453-3bf0-4298-8a83-8d5c3816df16:c1074]
2019-09-03 20:25:54,247 [grpc-default-executor-2] INFO  client.GrpcClientProtocolClient (GrpcClientProtocolClient.java:onNext(255)) - client-CB1B8AC74E59->81367453-3bf0-4298-8a83-8d5c3816df16: receive RaftClientReply:client-CB1B8AC74E59->81367453-3bf0-4298-8a83-8d5c3816df16@group-F6EC397515C5, cid=753, SUCCESS, logIndex=1076, commits[81367453-3bf0-4298-8a83-8d5c3816df16:c1077]
2019-09-03 20:25:54,247 [SCMBlockDeletingService#0] DEBUG block.SCMBlockDeletingService (SCMBlockDeletingService.java:call(138)) - Running DeletedBlockTransactionScanner
2019-09-03 20:25:54,248 [SCMBlockDeletingService#0] DEBUG block.SCMBlockDeletingService (SCMBlockDeletingService.java:call(155)) - Scanned deleted blocks log and got 0 delTX to process.
2019-09-03 20:25:54,248 [grpc-default-executor-2] INFO  client.GrpcClientProtocolClient (GrpcClientProtocolClient.java:onNext(255)) - client-CB1B8AC74E59->81367453-3bf0-4298-8a83-8d5c3816df16: receive RaftClientReply:client-CB1B8AC74E59->81367453-3bf0-4298-8a83-8d5c3816df16@group-F6EC397515C5, cid=754, SUCCESS, logIndex=1077, commits[81367453-3bf0-4298-8a83-8d5c3816df16:c1077]
2019-09-03 20:25:54,260 [grpc-default-executor-2] INFO  client.GrpcClientProtocolClient (GrpcClientProtocolClient.java:onNext(255)) - client-CB1B8AC74E59->81367453-3bf0-4298-8a83-8d5c3816df16: receive RaftClientReply:client-CB1B8AC74E59->81367453-3bf0-4298-8a83-8d5c3816df16@group-F6EC397515C5, cid=755, SUCCESS, logIndex=1078, commits[81367453-3bf0-4298-8a83-8d5c3816df16:c1080]
2019-09-03 20:25:54,260 [grpc-default-executor-2] INFO  client.GrpcClientProtocolClient (GrpcClientProtocolClient.java:onNext(255)) - client-CB1B8AC74E59->81367453-3bf0-4298-8a83-8d5c3816df16: receive RaftClientReply:client-CB1B8AC74E59->81367453-3bf0-4298-8a83-8d5c3816df16@group-F6EC397515C5, cid=756, SUCCESS, logIndex=1079, commits[81367453-3bf0-4298-8a83-8d5c3816df16:c1080]
2019-09-03 20:25:54,284 [grpc-default-executor-2] INFO  client.GrpcClientProtocolClient (GrpcClientProtocolClient.java:onNext(255)) - client-CB1B8AC74E59->81367453-3bf0-4298-8a83-8d5c3816df16: receive RaftClientReply:client-CB1B8AC74E59->81367453-3bf0-4298-8a83-8d5c3816df16@group-F6EC397515C5, cid=757, SUCCESS, logIndex=1081, commits[81367453-3bf0-4298-8a83-8d5c3816df16:c1082]
2019-09-03 20:25:54,285 [grpc-default-executor-2] INFO  client.GrpcClientProtocolClient (GrpcClientProtocolClient.java:onNext(255)) - client-CB1B8AC74E59->81367453-3bf0-4298-8a83-8d5c3816df16: receive RaftClientReply:client-CB1B8AC74E59->81367453-3bf0-4298-8a83-8d5c3816df16@group-F6EC397515C5, cid=758, SUCCESS, logIndex=1082, commits[81367453-3bf0-4298-8a83-8d5c3816df16:c1082]
2019-09-03 20:25:54,290 [grpc-default-executor-2] INFO  client.GrpcClientProtocolClient (GrpcClientProtocolClient.java:onNext(255)) - client-CB1B8AC74E59->81367453-3bf0-4298-8a83-8d5c3816df16: receive RaftClientReply:client-CB1B8AC74E59->81367453-3bf0-4298-8a83-8d5c3816df16@group-F6EC397515C5, cid=759, SUCCESS, logIndex=1083, commits[81367453-3bf0-4298-8a83-8d5c3816df16:c1085]
2019-09-03 20:25:54,291 [grpc-default-executor-2] INFO  client.GrpcClientProtocolClient (GrpcClientProtocolClient.java:onNext(255)) - client-CB1B8AC74E59->81367453-3bf0-4298-8a83-8d5c3816df16: receive RaftClientReply:client-CB1B8AC74E59->81367453-3bf0-4298-8a83-8d5c3816df16@group-F6EC397515C5, cid=760, SUCCESS, logIndex=1084, commits[81367453-3bf0-4298-8a83-8d5c3816df16:c1085]
2019-09-03 20:25:54,318 [grpc-default-executor-1] INFO  client.GrpcClientProtocolClient (GrpcClientProtocolClient.java:onNext(255)) - client-CB1B8AC74E59->81367453-3bf0-4298-8a83-8d5c3816df16: receive RaftClientReply:client-CB1B8AC74E59->81367453-3bf0-4298-8a83-8d5c3816df16@group-F6EC397515C5, cid=761, SUCCESS, logIndex=1086, commits[81367453-3bf0-4298-8a83-8d5c3816df16:c1087]
2019-09-03 20:25:54,319 [grpc-default-executor-1] INFO  client.GrpcClientProtocolClient (GrpcClientProtocolClient.java:onNext(255)) - client-CB1B8AC74E59->81367453-3bf0-4298-8a83-8d5c3816df16: receive RaftClientReply:client-CB1B8AC74E59->81367453-3bf0-4298-8a83-8d5c3816df16@group-F6EC397515C5, cid=762, SUCCESS, logIndex=1087, commits[81367453-3bf0-4298-8a83-8d5c3816df16:c1089]
2019-09-03 20:25:54,319 [grpc-default-executor-1] INFO  client.GrpcClientProtocolClient (GrpcClientProtocolClient.java:onNext(255)) - client-CB1B8AC74E59->81367453-3bf0-4298-8a83-8d5c3816df16: receive RaftClientReply:client-CB1B8AC74E59->81367453-3bf0-4298-8a83-8d5c3816df16@group-F6EC397515C5, cid=763, SUCCESS, logIndex=1088, commits[81367453-3bf0-4298-8a83-8d5c3816df16:c1089]
2019-09-03 20:25:54,319 [grpc-default-executor-1] INFO  client.GrpcClientProtocolClient (GrpcClientProtocolClient.java:onNext(255)) - client-CB1B8AC74E59->81367453-3bf0-4298-8a83-8d5c3816df16: receive RaftClientReply:client-CB1B8AC74E59->81367453-3bf0-4298-8a83-8d5c3816df16@group-F6EC397515C5, cid=764, SUCCESS, logIndex=1089, commits[81367453-3bf0-4298-8a83-8d5c3816df16:c1089]
2019-09-03 20:25:54,342 [grpc-default-executor-1] INFO  client.GrpcClientProtocolClient (GrpcClientProtocolClient.java:onNext(255)) - client-CB1B8AC74E59->81367453-3bf0-4298-8a83-8d5c3816df16: receive RaftClientReply:client-CB1B8AC74E59->81367453-3bf0-4298-8a83-8d5c3816df16@group-F6EC397515C5, cid=765, SUCCESS, logIndex=1092, commits[81367453-3bf0-4298-8a83-8d5c3816df16:c1093]
2019-09-03 20:25:54,343 [grpc-default-executor-1] INFO  client.GrpcClientProtocolClient (GrpcClientProtocolClient.java:onNext(255)) - client-CB1B8AC74E59->81367453-3bf0-4298-8a83-8d5c3816df16: receive RaftClientReply:client-CB1B8AC74E59->81367453-3bf0-4298-8a83-8d5c3816df16@group-F6EC397515C5, cid=766, SUCCESS, logIndex=1093, commits[81367453-3bf0-4298-8a83-8d5c3816df16:c1093]
2019-09-03 20:25:54,348 [SCMBlockDeletingService#0] DEBUG block.SCMBlockDeletingService (SCMBlockDeletingService.java:call(138)) - Running DeletedBlockTransactionScanner
2019-09-03 20:25:54,348 [SCMBlockDeletingService#0] DEBUG block.SCMBlockDeletingService (SCMBlockDeletingService.java:call(155)) - Scanned deleted blocks log and got 0 delTX to process.
2019-09-03 20:25:54,356 [grpc-default-executor-1] INFO  client.GrpcClientProtocolClient (GrpcClientProtocolClient.java:onNext(255)) - client-CB1B8AC74E59->81367453-3bf0-4298-8a83-8d5c3816df16: receive RaftClientReply:client-CB1B8AC74E59->81367453-3bf0-4298-8a83-8d5c3816df16@group-F6EC397515C5, cid=767, SUCCESS, logIndex=1094, commits[81367453-3bf0-4298-8a83-8d5c3816df16:c1095]
2019-09-03 20:25:54,357 [grpc-default-executor-1] INFO  client.GrpcClientProtocolClient (GrpcClientProtocolClient.java:onNext(255)) - client-CB1B8AC74E59->81367453-3bf0-4298-8a83-8d5c3816df16: receive RaftClientReply:client-CB1B8AC74E59->81367453-3bf0-4298-8a83-8d5c3816df16@group-F6EC397515C5, cid=768, SUCCESS, logIndex=1095, commits[81367453-3bf0-4298-8a83-8d5c3816df16:c1095]
2019-09-03 20:25:54,377 [grpc-default-executor-1] INFO  client.GrpcClientProtocolClient (GrpcClientProtocolClient.java:onNext(255)) - client-CB1B8AC74E59->81367453-3bf0-4298-8a83-8d5c3816df16: receive RaftClientReply:client-CB1B8AC74E59->81367453-3bf0-4298-8a83-8d5c3816df16@group-F6EC397515C5, cid=769, SUCCESS, logIndex=1098, commits[81367453-3bf0-4298-8a83-8d5c3816df16:c1099]
2019-09-03 20:25:54,378 [grpc-default-executor-1] INFO  client.GrpcClientProtocolClient (GrpcClientProtocolClient.java:onNext(255)) - client-CB1B8AC74E59->81367453-3bf0-4298-8a83-8d5c3816df16: receive RaftClientReply:client-CB1B8AC74E59->81367453-3bf0-4298-8a83-8d5c3816df16@group-F6EC397515C5, cid=770, SUCCESS, logIndex=1099, commits[81367453-3bf0-4298-8a83-8d5c3816df16:c1099]
2019-09-03 20:25:54,382 [grpc-default-executor-1] INFO  client.GrpcClientProtocolClient (GrpcClientProtocolClient.java:onNext(255)) - client-CB1B8AC74E59->81367453-3bf0-4298-8a83-8d5c3816df16: receive RaftClientReply:client-CB1B8AC74E59->81367453-3bf0-4298-8a83-8d5c3816df16@group-F6EC397515C5, cid=771, SUCCESS, logIndex=1100, commits[81367453-3bf0-4298-8a83-8d5c3816df16:c1101]
2019-09-03 20:25:54,382 [grpc-default-executor-1] INFO  client.GrpcClientProtocolClient (GrpcClientProtocolClient.java:onNext(255)) - client-CB1B8AC74E59->81367453-3bf0-4298-8a83-8d5c3816df16: receive RaftClientReply:client-CB1B8AC74E59->81367453-3bf0-4298-8a83-8d5c3816df16@group-F6EC397515C5, cid=772, SUCCESS, logIndex=1101, commits[81367453-3bf0-4298-8a83-8d5c3816df16:c1101]
2019-09-03 20:25:54,410 [grpc-default-executor-2] INFO  client.GrpcClientProtocolClient (GrpcClientProtocolClient.java:onNext(255)) - client-CB1B8AC74E59->81367453-3bf0-4298-8a83-8d5c3816df16: receive RaftClientReply:client-CB1B8AC74E59->81367453-3bf0-4298-8a83-8d5c3816df16@group-F6EC397515C5, cid=773, SUCCESS, logIndex=1104, commits[81367453-3bf0-4298-8a83-8d5c3816df16:c1107]
2019-09-03 20:25:54,410 [grpc-default-executor-2] INFO  client.GrpcClientProtocolClient (GrpcClientProtocolClient.java:onNext(255)) - client-CB1B8AC74E59->81367453-3bf0-4298-8a83-8d5c3816df16: receive RaftClientReply:client-CB1B8AC74E59->81367453-3bf0-4298-8a83-8d5c3816df16@group-F6EC397515C5, cid=774, SUCCESS, logIndex=1105, commits[81367453-3bf0-4298-8a83-8d5c3816df16:c1107]
2019-09-03 20:25:54,411 [grpc-default-executor-2] INFO  client.GrpcClientProtocolClient (GrpcClientProtocolClient.java:onNext(255)) - client-CB1B8AC74E59->81367453-3bf0-4298-8a83-8d5c3816df16: receive RaftClientReply:client-CB1B8AC74E59->81367453-3bf0-4298-8a83-8d5c3816df16@group-F6EC397515C5, cid=775, SUCCESS, logIndex=1106, commits[81367453-3bf0-4298-8a83-8d5c3816df16:c1107]
2019-09-03 20:25:54,411 [grpc-default-executor-2] INFO  client.GrpcClientProtocolClient (GrpcClientProtocolClient.java:onNext(255)) - client-CB1B8AC74E59->81367453-3bf0-4298-8a83-8d5c3816df16: receive RaftClientReply:client-CB1B8AC74E59->81367453-3bf0-4298-8a83-8d5c3816df16@group-F6EC397515C5, cid=776, SUCCESS, logIndex=1107, commits[81367453-3bf0-4298-8a83-8d5c3816df16:c1107]
2019-09-03 20:25:54,434 [grpc-default-executor-2] INFO  client.GrpcClientProtocolClient (GrpcClientProtocolClient.java:onNext(255)) - client-CB1B8AC74E59->81367453-3bf0-4298-8a83-8d5c3816df16: receive RaftClientReply:client-CB1B8AC74E59->81367453-3bf0-4298-8a83-8d5c3816df16@group-F6EC397515C5, cid=777, SUCCESS, logIndex=1109, commits[81367453-3bf0-4298-8a83-8d5c3816df16:c1110]
2019-09-03 20:25:54,435 [grpc-default-executor-2] INFO  client.GrpcClientProtocolClient (GrpcClientProtocolClient.java:onNext(255)) - client-CB1B8AC74E59->81367453-3bf0-4298-8a83-8d5c3816df16: receive RaftClientReply:client-CB1B8AC74E59->81367453-3bf0-4298-8a83-8d5c3816df16@group-F6EC397515C5, cid=778, SUCCESS, logIndex=1110, commits[81367453-3bf0-4298-8a83-8d5c3816df16:c1110]
2019-09-03 20:25:54,442 [grpc-default-executor-2] INFO  client.GrpcClientProtocolClient (GrpcClientProtocolClient.java:onNext(255)) - client-CB1B8AC74E59->81367453-3bf0-4298-8a83-8d5c3816df16: receive RaftClientReply:client-CB1B8AC74E59->81367453-3bf0-4298-8a83-8d5c3816df16@group-F6EC397515C5, cid=779, SUCCESS, logIndex=1111, commits[81367453-3bf0-4298-8a83-8d5c3816df16:c1112]
2019-09-03 20:25:54,442 [grpc-default-executor-2] INFO  client.GrpcClientProtocolClient (GrpcClientProtocolClient.java:onNext(255)) - client-CB1B8AC74E59->81367453-3bf0-4298-8a83-8d5c3816df16: receive RaftClientReply:client-CB1B8AC74E59->81367453-3bf0-4298-8a83-8d5c3816df16@group-F6EC397515C5, cid=780, SUCCESS, logIndex=1112, commits[81367453-3bf0-4298-8a83-8d5c3816df16:c1112]
2019-09-03 20:25:54,449 [SCMBlockDeletingService#0] DEBUG block.SCMBlockDeletingService (SCMBlockDeletingService.java:call(138)) - Running DeletedBlockTransactionScanner
2019-09-03 20:25:54,449 [SCMBlockDeletingService#0] DEBUG block.SCMBlockDeletingService (SCMBlockDeletingService.java:call(155)) - Scanned deleted blocks log and got 0 delTX to process.
2019-09-03 20:25:54,459 [grpc-default-executor-1] INFO  client.GrpcClientProtocolClient (GrpcClientProtocolClient.java:onNext(255)) - client-CB1B8AC74E59->81367453-3bf0-4298-8a83-8d5c3816df16: receive RaftClientReply:client-CB1B8AC74E59->81367453-3bf0-4298-8a83-8d5c3816df16@group-F6EC397515C5, cid=781, SUCCESS, logIndex=1115, commits[81367453-3bf0-4298-8a83-8d5c3816df16:c1118]
2019-09-03 20:25:54,460 [grpc-default-executor-1] INFO  client.GrpcClientProtocolClient (GrpcClientProtocolClient.java:onNext(255)) - client-CB1B8AC74E59->81367453-3bf0-4298-8a83-8d5c3816df16: receive RaftClientReply:client-CB1B8AC74E59->81367453-3bf0-4298-8a83-8d5c3816df16@group-F6EC397515C5, cid=782, SUCCESS, logIndex=1116, commits[81367453-3bf0-4298-8a83-8d5c3816df16:c1118]
2019-09-03 20:25:54,460 [grpc-default-executor-1] INFO  client.GrpcClientProtocolClient (GrpcClientProtocolClient.java:onNext(255)) - client-CB1B8AC74E59->81367453-3bf0-4298-8a83-8d5c3816df16: receive RaftClientReply:client-CB1B8AC74E59->81367453-3bf0-4298-8a83-8d5c3816df16@group-F6EC397515C5, cid=783, SUCCESS, logIndex=1117, commits[81367453-3bf0-4298-8a83-8d5c3816df16:c1118]
2019-09-03 20:25:54,461 [grpc-default-executor-1] INFO  client.GrpcClientProtocolClient (GrpcClientProtocolClient.java:onNext(255)) - client-CB1B8AC74E59->81367453-3bf0-4298-8a83-8d5c3816df16: receive RaftClientReply:client-CB1B8AC74E59->81367453-3bf0-4298-8a83-8d5c3816df16@group-F6EC397515C5, cid=784, SUCCESS, logIndex=1118, commits[81367453-3bf0-4298-8a83-8d5c3816df16:c1118]
2019-09-03 20:25:54,493 [grpc-default-executor-1] INFO  client.GrpcClientProtocolClient (GrpcClientProtocolClient.java:onNext(255)) - client-CB1B8AC74E59->81367453-3bf0-4298-8a83-8d5c3816df16: receive RaftClientReply:client-CB1B8AC74E59->81367453-3bf0-4298-8a83-8d5c3816df16@group-F6EC397515C5, cid=785, SUCCESS, logIndex=1120, commits[81367453-3bf0-4298-8a83-8d5c3816df16:c1121]
2019-09-03 20:25:54,494 [grpc-default-executor-1] INFO  client.GrpcClientProtocolClient (GrpcClientProtocolClient.java:onNext(255)) - client-CB1B8AC74E59->81367453-3bf0-4298-8a83-8d5c3816df16: receive RaftClientReply:client-CB1B8AC74E59->81367453-3bf0-4298-8a83-8d5c3816df16@group-F6EC397515C5, cid=786, SUCCESS, logIndex=1121, commits[81367453-3bf0-4298-8a83-8d5c3816df16:c1121]
2019-09-03 20:25:54,502 [grpc-default-executor-1] INFO  client.GrpcClientProtocolClient (GrpcClientProtocolClient.java:onNext(255)) - client-CB1B8AC74E59->81367453-3bf0-4298-8a83-8d5c3816df16: receive RaftClientReply:client-CB1B8AC74E59->81367453-3bf0-4298-8a83-8d5c3816df16@group-F6EC397515C5, cid=787, SUCCESS, logIndex=1122, commits[81367453-3bf0-4298-8a83-8d5c3816df16:c1123]
2019-09-03 20:25:54,502 [grpc-default-executor-1] INFO  client.GrpcClientProtocolClient (GrpcClientProtocolClient.java:onNext(255)) - client-CB1B8AC74E59->81367453-3bf0-4298-8a83-8d5c3816df16: receive RaftClientReply:client-CB1B8AC74E59->81367453-3bf0-4298-8a83-8d5c3816df16@group-F6EC397515C5, cid=788, SUCCESS, logIndex=1123, commits[81367453-3bf0-4298-8a83-8d5c3816df16:c1123]
2019-09-03 20:25:54,539 [grpc-default-executor-1] INFO  client.GrpcClientProtocolClient (GrpcClientProtocolClient.java:onNext(255)) - client-CB1B8AC74E59->81367453-3bf0-4298-8a83-8d5c3816df16: receive RaftClientReply:client-CB1B8AC74E59->81367453-3bf0-4298-8a83-8d5c3816df16@group-F6EC397515C5, cid=789, SUCCESS, logIndex=1126, commits[81367453-3bf0-4298-8a83-8d5c3816df16:c1127]
2019-09-03 20:25:54,539 [grpc-default-executor-1] INFO  client.GrpcClientProtocolClient (GrpcClientProtocolClient.java:onNext(255)) - client-CB1B8AC74E59->81367453-3bf0-4298-8a83-8d5c3816df16: receive RaftClientReply:client-CB1B8AC74E59->81367453-3bf0-4298-8a83-8d5c3816df16@group-F6EC397515C5, cid=790, SUCCESS, logIndex=1127, commits[81367453-3bf0-4298-8a83-8d5c3816df16:c1127]
2019-09-03 20:25:54,544 [grpc-default-executor-1] INFO  client.GrpcClientProtocolClient (GrpcClientProtocolClient.java:onNext(255)) - client-CB1B8AC74E59->81367453-3bf0-4298-8a83-8d5c3816df16: receive RaftClientReply:client-CB1B8AC74E59->81367453-3bf0-4298-8a83-8d5c3816df16@group-F6EC397515C5, cid=791, SUCCESS, logIndex=1128, commits[81367453-3bf0-4298-8a83-8d5c3816df16:c1129]
2019-09-03 20:25:54,545 [grpc-default-executor-1] INFO  client.GrpcClientProtocolClient (GrpcClientProtocolClient.java:onNext(255)) - client-CB1B8AC74E59->81367453-3bf0-4298-8a83-8d5c3816df16: receive RaftClientReply:client-CB1B8AC74E59->81367453-3bf0-4298-8a83-8d5c3816df16@group-F6EC397515C5, cid=792, SUCCESS, logIndex=1129, commits[81367453-3bf0-4298-8a83-8d5c3816df16:c1129]
2019-09-03 20:25:54,549 [SCMBlockDeletingService#0] DEBUG block.SCMBlockDeletingService (SCMBlockDeletingService.java:call(138)) - Running DeletedBlockTransactionScanner
2019-09-03 20:25:54,550 [SCMBlockDeletingService#0] DEBUG block.SCMBlockDeletingService (SCMBlockDeletingService.java:call(155)) - Scanned deleted blocks log and got 0 delTX to process.
2019-09-03 20:25:54,593 [grpc-default-executor-2] INFO  client.GrpcClientProtocolClient (GrpcClientProtocolClient.java:onNext(255)) - client-CB1B8AC74E59->81367453-3bf0-4298-8a83-8d5c3816df16: receive RaftClientReply:client-CB1B8AC74E59->81367453-3bf0-4298-8a83-8d5c3816df16@group-F6EC397515C5, cid=793, SUCCESS, logIndex=1132, commits[81367453-3bf0-4298-8a83-8d5c3816df16:c1133]
2019-09-03 20:25:54,594 [grpc-default-executor-2] INFO  client.GrpcClientProtocolClient (GrpcClientProtocolClient.java:onNext(255)) - client-CB1B8AC74E59->81367453-3bf0-4298-8a83-8d5c3816df16: receive RaftClientReply:client-CB1B8AC74E59->81367453-3bf0-4298-8a83-8d5c3816df16@group-F6EC397515C5, cid=794, SUCCESS, logIndex=1133, commits[81367453-3bf0-4298-8a83-8d5c3816df16:c1133]
2019-09-03 20:25:54,650 [SCMBlockDeletingService#0] DEBUG block.SCMBlockDeletingService (SCMBlockDeletingService.java:call(138)) - Running DeletedBlockTransactionScanner
2019-09-03 20:25:54,650 [SCMBlockDeletingService#0] DEBUG block.SCMBlockDeletingService (SCMBlockDeletingService.java:call(155)) - Scanned deleted blocks log and got 0 delTX to process.
2019-09-03 20:25:54,695 [grpc-default-executor-2] INFO  client.GrpcClientProtocolClient (GrpcClientProtocolClient.java:onNext(255)) - client-CB1B8AC74E59->81367453-3bf0-4298-8a83-8d5c3816df16: receive RaftClientReply:client-CB1B8AC74E59->81367453-3bf0-4298-8a83-8d5c3816df16@group-F6EC397515C5, cid=795, SUCCESS, logIndex=1135, commits[81367453-3bf0-4298-8a83-8d5c3816df16:c1136]
2019-09-03 20:25:54,697 [grpc-default-executor-2] INFO  client.GrpcClientProtocolClient (GrpcClientProtocolClient.java:onNext(255)) - client-CB1B8AC74E59->81367453-3bf0-4298-8a83-8d5c3816df16: receive RaftClientReply:client-CB1B8AC74E59->81367453-3bf0-4298-8a83-8d5c3816df16@group-F6EC397515C5, cid=796, SUCCESS, logIndex=1136, commits[81367453-3bf0-4298-8a83-8d5c3816df16:c1136]
2019-09-03 20:25:54,719 [grpc-default-executor-2] INFO  client.GrpcClientProtocolClient (GrpcClientProtocolClient.java:onNext(255)) - client-CB1B8AC74E59->81367453-3bf0-4298-8a83-8d5c3816df16: receive RaftClientReply:client-CB1B8AC74E59->81367453-3bf0-4298-8a83-8d5c3816df16@group-F6EC397515C5, cid=797, SUCCESS, logIndex=1138, commits[81367453-3bf0-4298-8a83-8d5c3816df16:c1139]
2019-09-03 20:25:54,719 [grpc-default-executor-2] INFO  client.GrpcClientProtocolClient (GrpcClientProtocolClient.java:onNext(255)) - client-CB1B8AC74E59->81367453-3bf0-4298-8a83-8d5c3816df16: receive RaftClientReply:client-CB1B8AC74E59->81367453-3bf0-4298-8a83-8d5c3816df16@group-F6EC397515C5, cid=798, SUCCESS, logIndex=1139, commits[81367453-3bf0-4298-8a83-8d5c3816df16:c1139]
2019-09-03 20:25:54,721 [grpc-default-executor-2] INFO  client.GrpcClientProtocolClient (GrpcClientProtocolClient.java:onNext(255)) - client-CB1B8AC74E59->81367453-3bf0-4298-8a83-8d5c3816df16: receive RaftClientReply:client-CB1B8AC74E59->81367453-3bf0-4298-8a83-8d5c3816df16@group-F6EC397515C5, cid=799, SUCCESS, logIndex=1140, commits[81367453-3bf0-4298-8a83-8d5c3816df16:c1141]
2019-09-03 20:25:54,722 [grpc-default-executor-2] INFO  client.GrpcClientProtocolClient (GrpcClientProtocolClient.java:onNext(255)) - client-CB1B8AC74E59->81367453-3bf0-4298-8a83-8d5c3816df16: receive RaftClientReply:client-CB1B8AC74E59->81367453-3bf0-4298-8a83-8d5c3816df16@group-F6EC397515C5, cid=800, SUCCESS, logIndex=1141, commits[81367453-3bf0-4298-8a83-8d5c3816df16:c1141]
2019-09-03 20:25:54,751 [SCMBlockDeletingService#0] DEBUG block.SCMBlockDeletingService (SCMBlockDeletingService.java:call(138)) - Running DeletedBlockTransactionScanner
2019-09-03 20:25:54,751 [SCMBlockDeletingService#0] DEBUG block.SCMBlockDeletingService (SCMBlockDeletingService.java:call(155)) - Scanned deleted blocks log and got 0 delTX to process.
2019-09-03 20:25:54,755 [grpc-default-executor-1] INFO  client.GrpcClientProtocolClient (GrpcClientProtocolClient.java:onNext(255)) - client-CB1B8AC74E59->81367453-3bf0-4298-8a83-8d5c3816df16: receive RaftClientReply:client-CB1B8AC74E59->81367453-3bf0-4298-8a83-8d5c3816df16@group-F6EC397515C5, cid=801, SUCCESS, logIndex=1144, commits[81367453-3bf0-4298-8a83-8d5c3816df16:c1145]
2019-09-03 20:25:54,755 [grpc-default-executor-1] INFO  client.GrpcClientProtocolClient (GrpcClientProtocolClient.java:onNext(255)) - client-CB1B8AC74E59->81367453-3bf0-4298-8a83-8d5c3816df16: receive RaftClientReply:client-CB1B8AC74E59->81367453-3bf0-4298-8a83-8d5c3816df16@group-F6EC397515C5, cid=802, SUCCESS, logIndex=1145, commits[81367453-3bf0-4298-8a83-8d5c3816df16:c1145]
2019-09-03 20:25:54,765 [grpc-default-executor-1] INFO  client.GrpcClientProtocolClient (GrpcClientProtocolClient.java:onNext(255)) - client-CB1B8AC74E59->81367453-3bf0-4298-8a83-8d5c3816df16: receive RaftClientReply:client-CB1B8AC74E59->81367453-3bf0-4298-8a83-8d5c3816df16@group-F6EC397515C5, cid=803, SUCCESS, logIndex=1146, commits[81367453-3bf0-4298-8a83-8d5c3816df16:c1147]
2019-09-03 20:25:54,765 [grpc-default-executor-1] INFO  client.GrpcClientProtocolClient (GrpcClientProtocolClient.java:onNext(255)) - client-CB1B8AC74E59->81367453-3bf0-4298-8a83-8d5c3816df16: receive RaftClientReply:client-CB1B8AC74E59->81367453-3bf0-4298-8a83-8d5c3816df16@group-F6EC397515C5, cid=804, SUCCESS, logIndex=1147, commits[81367453-3bf0-4298-8a83-8d5c3816df16:c1147]
2019-09-03 20:25:54,790 [grpc-default-executor-2] INFO  client.GrpcClientProtocolClient (GrpcClientProtocolClient.java:onNext(255)) - client-CB1B8AC74E59->81367453-3bf0-4298-8a83-8d5c3816df16: receive RaftClientReply:client-CB1B8AC74E59->81367453-3bf0-4298-8a83-8d5c3816df16@group-F6EC397515C5, cid=805, SUCCESS, logIndex=1150, commits[81367453-3bf0-4298-8a83-8d5c3816df16:c1153]
2019-09-03 20:25:54,791 [grpc-default-executor-2] INFO  client.GrpcClientProtocolClient (GrpcClientProtocolClient.java:onNext(255)) - client-CB1B8AC74E59->81367453-3bf0-4298-8a83-8d5c3816df16: receive RaftClientReply:client-CB1B8AC74E59->81367453-3bf0-4298-8a83-8d5c3816df16@group-F6EC397515C5, cid=806, SUCCESS, logIndex=1151, commits[81367453-3bf0-4298-8a83-8d5c3816df16:c1153]
2019-09-03 20:25:54,791 [grpc-default-executor-2] INFO  client.GrpcClientProtocolClient (GrpcClientProtocolClient.java:onNext(255)) - client-CB1B8AC74E59->81367453-3bf0-4298-8a83-8d5c3816df16: receive RaftClientReply:client-CB1B8AC74E59->81367453-3bf0-4298-8a83-8d5c3816df16@group-F6EC397515C5, cid=807, SUCCESS, logIndex=1152, commits[81367453-3bf0-4298-8a83-8d5c3816df16:c1153]
2019-09-03 20:25:54,792 [grpc-default-executor-2] INFO  client.GrpcClientProtocolClient (GrpcClientProtocolClient.java:onNext(255)) - client-CB1B8AC74E59->81367453-3bf0-4298-8a83-8d5c3816df16: receive RaftClientReply:client-CB1B8AC74E59->81367453-3bf0-4298-8a83-8d5c3816df16@group-F6EC397515C5, cid=808, SUCCESS, logIndex=1153, commits[81367453-3bf0-4298-8a83-8d5c3816df16:c1153]
2019-09-03 20:25:54,825 [grpc-default-executor-2] INFO  client.GrpcClientProtocolClient (GrpcClientProtocolClient.java:onNext(255)) - client-CB1B8AC74E59->81367453-3bf0-4298-8a83-8d5c3816df16: receive RaftClientReply:client-CB1B8AC74E59->81367453-3bf0-4298-8a83-8d5c3816df16@group-F6EC397515C5, cid=809, SUCCESS, logIndex=1155, commits[81367453-3bf0-4298-8a83-8d5c3816df16:c1156]
2019-09-03 20:25:54,826 [grpc-default-executor-2] INFO  client.GrpcClientProtocolClient (GrpcClientProtocolClient.java:onNext(255)) - client-CB1B8AC74E59->81367453-3bf0-4298-8a83-8d5c3816df16: receive RaftClientReply:client-CB1B8AC74E59->81367453-3bf0-4298-8a83-8d5c3816df16@group-F6EC397515C5, cid=810, SUCCESS, logIndex=1156, commits[81367453-3bf0-4298-8a83-8d5c3816df16:c1156]
2019-09-03 20:25:54,835 [grpc-default-executor-2] INFO  client.GrpcClientProtocolClient (GrpcClientProtocolClient.java:onNext(255)) - client-CB1B8AC74E59->81367453-3bf0-4298-8a83-8d5c3816df16: receive RaftClientReply:client-CB1B8AC74E59->81367453-3bf0-4298-8a83-8d5c3816df16@group-F6EC397515C5, cid=811, SUCCESS, logIndex=1157, commits[81367453-3bf0-4298-8a83-8d5c3816df16:c1158]
2019-09-03 20:25:54,835 [grpc-default-executor-2] INFO  client.GrpcClientProtocolClient (GrpcClientProtocolClient.java:onNext(255)) - client-CB1B8AC74E59->81367453-3bf0-4298-8a83-8d5c3816df16: receive RaftClientReply:client-CB1B8AC74E59->81367453-3bf0-4298-8a83-8d5c3816df16@group-F6EC397515C5, cid=812, SUCCESS, logIndex=1158, commits[81367453-3bf0-4298-8a83-8d5c3816df16:c1158]
2019-09-03 20:25:54,852 [SCMBlockDeletingService#0] DEBUG block.SCMBlockDeletingService (SCMBlockDeletingService.java:call(138)) - Running DeletedBlockTransactionScanner
2019-09-03 20:25:54,852 [SCMBlockDeletingService#0] DEBUG block.SCMBlockDeletingService (SCMBlockDeletingService.java:call(155)) - Scanned deleted blocks log and got 0 delTX to process.
2019-09-03 20:25:54,858 [grpc-default-executor-1] INFO  client.GrpcClientProtocolClient (GrpcClientProtocolClient.java:onNext(255)) - client-CB1B8AC74E59->81367453-3bf0-4298-8a83-8d5c3816df16: receive RaftClientReply:client-CB1B8AC74E59->81367453-3bf0-4298-8a83-8d5c3816df16@group-F6EC397515C5, cid=813, SUCCESS, logIndex=1161, commits[81367453-3bf0-4298-8a83-8d5c3816df16:c1164]
2019-09-03 20:25:54,859 [grpc-default-executor-1] INFO  client.GrpcClientProtocolClient (GrpcClientProtocolClient.java:onNext(255)) - client-CB1B8AC74E59->81367453-3bf0-4298-8a83-8d5c3816df16: receive RaftClientReply:client-CB1B8AC74E59->81367453-3bf0-4298-8a83-8d5c3816df16@group-F6EC397515C5, cid=814, SUCCESS, logIndex=1162, commits[81367453-3bf0-4298-8a83-8d5c3816df16:c1164]
2019-09-03 20:25:54,859 [grpc-default-executor-1] INFO  client.GrpcClientProtocolClient (GrpcClientProtocolClient.java:onNext(255)) - client-CB1B8AC74E59->81367453-3bf0-4298-8a83-8d5c3816df16: receive RaftClientReply:client-CB1B8AC74E59->81367453-3bf0-4298-8a83-8d5c3816df16@group-F6EC397515C5, cid=815, SUCCESS, logIndex=1163, commits[81367453-3bf0-4298-8a83-8d5c3816df16:c1164]
2019-09-03 20:25:54,860 [grpc-default-executor-1] INFO  client.GrpcClientProtocolClient (GrpcClientProtocolClient.java:onNext(255)) - client-CB1B8AC74E59->81367453-3bf0-4298-8a83-8d5c3816df16: receive RaftClientReply:client-CB1B8AC74E59->81367453-3bf0-4298-8a83-8d5c3816df16@group-F6EC397515C5, cid=816, SUCCESS, logIndex=1164, commits[81367453-3bf0-4298-8a83-8d5c3816df16:c1164]
2019-09-03 20:25:54,885 [grpc-default-executor-1] INFO  client.GrpcClientProtocolClient (GrpcClientProtocolClient.java:onNext(255)) - client-CB1B8AC74E59->81367453-3bf0-4298-8a83-8d5c3816df16: receive RaftClientReply:client-CB1B8AC74E59->81367453-3bf0-4298-8a83-8d5c3816df16@group-F6EC397515C5, cid=817, SUCCESS, logIndex=1166, commits[81367453-3bf0-4298-8a83-8d5c3816df16:c1167]
2019-09-03 20:25:54,885 [grpc-default-executor-1] INFO  client.GrpcClientProtocolClient (GrpcClientProtocolClient.java:onNext(255)) - client-CB1B8AC74E59->81367453-3bf0-4298-8a83-8d5c3816df16: receive RaftClientReply:client-CB1B8AC74E59->81367453-3bf0-4298-8a83-8d5c3816df16@group-F6EC397515C5, cid=818, SUCCESS, logIndex=1167, commits[81367453-3bf0-4298-8a83-8d5c3816df16:c1167]
2019-09-03 20:25:54,893 [grpc-default-executor-1] INFO  client.GrpcClientProtocolClient (GrpcClientProtocolClient.java:onNext(255)) - client-CB1B8AC74E59->81367453-3bf0-4298-8a83-8d5c3816df16: receive RaftClientReply:client-CB1B8AC74E59->81367453-3bf0-4298-8a83-8d5c3816df16@group-F6EC397515C5, cid=819, SUCCESS, logIndex=1168, commits[81367453-3bf0-4298-8a83-8d5c3816df16:c1169]
2019-09-03 20:25:54,893 [grpc-default-executor-1] INFO  client.GrpcClientProtocolClient (GrpcClientProtocolClient.java:onNext(255)) - client-CB1B8AC74E59->81367453-3bf0-4298-8a83-8d5c3816df16: receive RaftClientReply:client-CB1B8AC74E59->81367453-3bf0-4298-8a83-8d5c3816df16@group-F6EC397515C5, cid=820, SUCCESS, logIndex=1169, commits[81367453-3bf0-4298-8a83-8d5c3816df16:c1169]
2019-09-03 20:25:54,948 [grpc-default-executor-2] INFO  client.GrpcClientProtocolClient (GrpcClientProtocolClient.java:onNext(255)) - client-CB1B8AC74E59->81367453-3bf0-4298-8a83-8d5c3816df16: receive RaftClientReply:client-CB1B8AC74E59->81367453-3bf0-4298-8a83-8d5c3816df16@group-F6EC397515C5, cid=821, SUCCESS, logIndex=1172, commits[81367453-3bf0-4298-8a83-8d5c3816df16:c1175]
2019-09-03 20:25:54,949 [grpc-default-executor-2] INFO  client.GrpcClientProtocolClient (GrpcClientProtocolClient.java:onNext(255)) - client-CB1B8AC74E59->81367453-3bf0-4298-8a83-8d5c3816df16: receive RaftClientReply:client-CB1B8AC74E59->81367453-3bf0-4298-8a83-8d5c3816df16@group-F6EC397515C5, cid=822, SUCCESS, logIndex=1173, commits[81367453-3bf0-4298-8a83-8d5c3816df16:c1176]
2019-09-03 20:25:54,949 [grpc-default-executor-2] INFO  client.GrpcClientProtocolClient (GrpcClientProtocolClient.java:onNext(255)) - client-CB1B8AC74E59->81367453-3bf0-4298-8a83-8d5c3816df16: receive RaftClientReply:client-CB1B8AC74E59->81367453-3bf0-4298-8a83-8d5c3816df16@group-F6EC397515C5, cid=823, SUCCESS, logIndex=1174, commits[81367453-3bf0-4298-8a83-8d5c3816df16:c1176]
2019-09-03 20:25:54,950 [grpc-default-executor-2] INFO  client.GrpcClientProtocolClient (GrpcClientProtocolClient.java:onNext(255)) - client-CB1B8AC74E59->81367453-3bf0-4298-8a83-8d5c3816df16: receive RaftClientReply:client-CB1B8AC74E59->81367453-3bf0-4298-8a83-8d5c3816df16@group-F6EC397515C5, cid=824, SUCCESS, logIndex=1175, commits[81367453-3bf0-4298-8a83-8d5c3816df16:c1176]
2019-09-03 20:25:54,952 [SCMBlockDeletingService#1] DEBUG block.SCMBlockDeletingService (SCMBlockDeletingService.java:call(138)) - Running DeletedBlockTransactionScanner
2019-09-03 20:25:54,953 [SCMBlockDeletingService#1] DEBUG block.SCMBlockDeletingService (SCMBlockDeletingService.java:call(155)) - Scanned deleted blocks log and got 0 delTX to process.
2019-09-03 20:25:55,092 [SCMBlockDeletingService#1] DEBUG block.SCMBlockDeletingService (SCMBlockDeletingService.java:call(138)) - Running DeletedBlockTransactionScanner
2019-09-03 20:25:55,093 [SCMBlockDeletingService#1] DEBUG block.SCMBlockDeletingService (SCMBlockDeletingService.java:call(155)) - Scanned deleted blocks log and got 0 delTX to process.
2019-09-03 20:25:55,119 [grpc-default-executor-2] INFO  client.GrpcClientProtocolClient (GrpcClientProtocolClient.java:onNext(255)) - client-CB1B8AC74E59->81367453-3bf0-4298-8a83-8d5c3816df16: receive RaftClientReply:client-CB1B8AC74E59->81367453-3bf0-4298-8a83-8d5c3816df16@group-F6EC397515C5, cid=825, SUCCESS, logIndex=1177, commits[81367453-3bf0-4298-8a83-8d5c3816df16:c1178]
2019-09-03 20:25:55,119 [grpc-default-executor-2] INFO  client.GrpcClientProtocolClient (GrpcClientProtocolClient.java:onNext(255)) - client-CB1B8AC74E59->81367453-3bf0-4298-8a83-8d5c3816df16: receive RaftClientReply:client-CB1B8AC74E59->81367453-3bf0-4298-8a83-8d5c3816df16@group-F6EC397515C5, cid=826, SUCCESS, logIndex=1178, commits[81367453-3bf0-4298-8a83-8d5c3816df16:c1178]
2019-09-03 20:25:55,136 [grpc-default-executor-2] INFO  client.GrpcClientProtocolClient (GrpcClientProtocolClient.java:onNext(255)) - client-CB1B8AC74E59->81367453-3bf0-4298-8a83-8d5c3816df16: receive RaftClientReply:client-CB1B8AC74E59->81367453-3bf0-4298-8a83-8d5c3816df16@group-F6EC397515C5, cid=827, SUCCESS, logIndex=1179, commits[81367453-3bf0-4298-8a83-8d5c3816df16:c1180]
2019-09-03 20:25:55,137 [grpc-default-executor-2] INFO  client.GrpcClientProtocolClient (GrpcClientProtocolClient.java:onNext(255)) - client-CB1B8AC74E59->81367453-3bf0-4298-8a83-8d5c3816df16: receive RaftClientReply:client-CB1B8AC74E59->81367453-3bf0-4298-8a83-8d5c3816df16@group-F6EC397515C5, cid=828, SUCCESS, logIndex=1180, commits[81367453-3bf0-4298-8a83-8d5c3816df16:c1181]
2019-09-03 20:25:55,162 [grpc-default-executor-1] INFO  client.GrpcClientProtocolClient (GrpcClientProtocolClient.java:onNext(255)) - client-CB1B8AC74E59->81367453-3bf0-4298-8a83-8d5c3816df16: receive RaftClientReply:client-CB1B8AC74E59->81367453-3bf0-4298-8a83-8d5c3816df16@group-F6EC397515C5, cid=829, SUCCESS, logIndex=1183, commits[81367453-3bf0-4298-8a83-8d5c3816df16:c1184]
2019-09-03 20:25:55,162 [grpc-default-executor-1] INFO  client.GrpcClientProtocolClient (GrpcClientProtocolClient.java:onNext(255)) - client-CB1B8AC74E59->81367453-3bf0-4298-8a83-8d5c3816df16: receive RaftClientReply:client-CB1B8AC74E59->81367453-3bf0-4298-8a83-8d5c3816df16@group-F6EC397515C5, cid=830, SUCCESS, logIndex=1184, commits[81367453-3bf0-4298-8a83-8d5c3816df16:c1184]
2019-09-03 20:25:55,170 [grpc-default-executor-1] INFO  client.GrpcClientProtocolClient (GrpcClientProtocolClient.java:onNext(255)) - client-CB1B8AC74E59->81367453-3bf0-4298-8a83-8d5c3816df16: receive RaftClientReply:client-CB1B8AC74E59->81367453-3bf0-4298-8a83-8d5c3816df16@group-F6EC397515C5, cid=831, SUCCESS, logIndex=1185, commits[81367453-3bf0-4298-8a83-8d5c3816df16:c1186]
2019-09-03 20:25:55,170 [grpc-default-executor-1] INFO  client.GrpcClientProtocolClient (GrpcClientProtocolClient.java:onNext(255)) - client-CB1B8AC74E59->81367453-3bf0-4298-8a83-8d5c3816df16: receive RaftClientReply:client-CB1B8AC74E59->81367453-3bf0-4298-8a83-8d5c3816df16@group-F6EC397515C5, cid=832, SUCCESS, logIndex=1186, commits[81367453-3bf0-4298-8a83-8d5c3816df16:c1186]
2019-09-03 20:25:55,193 [SCMBlockDeletingService#1] DEBUG block.SCMBlockDeletingService (SCMBlockDeletingService.java:call(138)) - Running DeletedBlockTransactionScanner
2019-09-03 20:25:55,194 [SCMBlockDeletingService#1] DEBUG block.SCMBlockDeletingService (SCMBlockDeletingService.java:call(155)) - Scanned deleted blocks log and got 0 delTX to process.
2019-09-03 20:25:55,202 [grpc-default-executor-2] INFO  client.GrpcClientProtocolClient (GrpcClientProtocolClient.java:onNext(255)) - client-CB1B8AC74E59->81367453-3bf0-4298-8a83-8d5c3816df16: receive RaftClientReply:client-CB1B8AC74E59->81367453-3bf0-4298-8a83-8d5c3816df16@group-F6EC397515C5, cid=833, SUCCESS, logIndex=1189, commits[81367453-3bf0-4298-8a83-8d5c3816df16:c1192]
2019-09-03 20:25:55,203 [grpc-default-executor-2] INFO  client.GrpcClientProtocolClient (GrpcClientProtocolClient.java:onNext(255)) - client-CB1B8AC74E59->81367453-3bf0-4298-8a83-8d5c3816df16: receive RaftClientReply:client-CB1B8AC74E59->81367453-3bf0-4298-8a83-8d5c3816df16@group-F6EC397515C5, cid=834, SUCCESS, logIndex=1190, commits[81367453-3bf0-4298-8a83-8d5c3816df16:c1192]
2019-09-03 20:25:55,203 [grpc-default-executor-2] INFO  client.GrpcClientProtocolClient (GrpcClientProtocolClient.java:onNext(255)) - client-CB1B8AC74E59->81367453-3bf0-4298-8a83-8d5c3816df16: receive RaftClientReply:client-CB1B8AC74E59->81367453-3bf0-4298-8a83-8d5c3816df16@group-F6EC397515C5, cid=835, SUCCESS, logIndex=1191, commits[81367453-3bf0-4298-8a83-8d5c3816df16:c1192]
2019-09-03 20:25:55,204 [grpc-default-executor-2] INFO  client.GrpcClientProtocolClient (GrpcClientProtocolClient.java:onNext(255)) - client-CB1B8AC74E59->81367453-3bf0-4298-8a83-8d5c3816df16: receive RaftClientReply:client-CB1B8AC74E59->81367453-3bf0-4298-8a83-8d5c3816df16@group-F6EC397515C5, cid=836, SUCCESS, logIndex=1192, commits[81367453-3bf0-4298-8a83-8d5c3816df16:c1192]
2019-09-03 20:25:55,227 [grpc-default-executor-1] INFO  client.GrpcClientProtocolClient (GrpcClientProtocolClient.java:onNext(255)) - client-CB1B8AC74E59->81367453-3bf0-4298-8a83-8d5c3816df16: receive RaftClientReply:client-CB1B8AC74E59->81367453-3bf0-4298-8a83-8d5c3816df16@group-F6EC397515C5, cid=837, SUCCESS, logIndex=1194, commits[81367453-3bf0-4298-8a83-8d5c3816df16:c1195]
2019-09-03 20:25:55,227 [grpc-default-executor-1] INFO  client.GrpcClientProtocolClient (GrpcClientProtocolClient.java:onNext(255)) - client-CB1B8AC74E59->81367453-3bf0-4298-8a83-8d5c3816df16: receive RaftClientReply:client-CB1B8AC74E59->81367453-3bf0-4298-8a83-8d5c3816df16@group-F6EC397515C5, cid=838, SUCCESS, logIndex=1195, commits[81367453-3bf0-4298-8a83-8d5c3816df16:c1195]
2019-09-03 20:25:55,294 [SCMBlockDeletingService#1] DEBUG block.SCMBlockDeletingService (SCMBlockDeletingService.java:call(138)) - Running DeletedBlockTransactionScanner
2019-09-03 20:25:55,294 [SCMBlockDeletingService#1] DEBUG block.SCMBlockDeletingService (SCMBlockDeletingService.java:call(155)) - Scanned deleted blocks log and got 0 delTX to process.
2019-09-03 20:25:55,321 [grpc-default-executor-1] INFO  client.GrpcClientProtocolClient (GrpcClientProtocolClient.java:onNext(255)) - client-CB1B8AC74E59->81367453-3bf0-4298-8a83-8d5c3816df16: receive RaftClientReply:client-CB1B8AC74E59->81367453-3bf0-4298-8a83-8d5c3816df16@group-F6EC397515C5, cid=839, SUCCESS, logIndex=1197, commits[81367453-3bf0-4298-8a83-8d5c3816df16:c1198]
2019-09-03 20:25:55,322 [grpc-default-executor-1] INFO  client.GrpcClientProtocolClient (GrpcClientProtocolClient.java:onNext(255)) - client-CB1B8AC74E59->81367453-3bf0-4298-8a83-8d5c3816df16: receive RaftClientReply:client-CB1B8AC74E59->81367453-3bf0-4298-8a83-8d5c3816df16@group-F6EC397515C5, cid=840, SUCCESS, logIndex=1198, commits[81367453-3bf0-4298-8a83-8d5c3816df16:c1198]
2019-09-03 20:25:55,346 [grpc-default-executor-1] INFO  client.GrpcClientProtocolClient (GrpcClientProtocolClient.java:onNext(255)) - client-CB1B8AC74E59->81367453-3bf0-4298-8a83-8d5c3816df16: receive RaftClientReply:client-CB1B8AC74E59->81367453-3bf0-4298-8a83-8d5c3816df16@group-F6EC397515C5, cid=841, SUCCESS, logIndex=1200, commits[81367453-3bf0-4298-8a83-8d5c3816df16:c1203]
2019-09-03 20:25:55,347 [grpc-default-executor-1] INFO  client.GrpcClientProtocolClient (GrpcClientProtocolClient.java:onNext(255)) - client-CB1B8AC74E59->81367453-3bf0-4298-8a83-8d5c3816df16: receive RaftClientReply:client-CB1B8AC74E59->81367453-3bf0-4298-8a83-8d5c3816df16@group-F6EC397515C5, cid=842, SUCCESS, logIndex=1201, commits[81367453-3bf0-4298-8a83-8d5c3816df16:c1203]
2019-09-03 20:25:55,347 [grpc-default-executor-1] INFO  client.GrpcClientProtocolClient (GrpcClientProtocolClient.java:onNext(255)) - client-CB1B8AC74E59->81367453-3bf0-4298-8a83-8d5c3816df16: receive RaftClientReply:client-CB1B8AC74E59->81367453-3bf0-4298-8a83-8d5c3816df16@group-F6EC397515C5, cid=843, SUCCESS, logIndex=1202, commits[81367453-3bf0-4298-8a83-8d5c3816df16:c1203]
2019-09-03 20:25:55,347 [grpc-default-executor-1] INFO  client.GrpcClientProtocolClient (GrpcClientProtocolClient.java:onNext(255)) - client-CB1B8AC74E59->81367453-3bf0-4298-8a83-8d5c3816df16: receive RaftClientReply:client-CB1B8AC74E59->81367453-3bf0-4298-8a83-8d5c3816df16@group-F6EC397515C5, cid=844, SUCCESS, logIndex=1203, commits[81367453-3bf0-4298-8a83-8d5c3816df16:c1203]
2019-09-03 20:25:55,381 [grpc-default-executor-1] INFO  client.GrpcClientProtocolClient (GrpcClientProtocolClient.java:onNext(255)) - client-CB1B8AC74E59->81367453-3bf0-4298-8a83-8d5c3816df16: receive RaftClientReply:client-CB1B8AC74E59->81367453-3bf0-4298-8a83-8d5c3816df16@group-F6EC397515C5, cid=845, SUCCESS, logIndex=1205, commits[81367453-3bf0-4298-8a83-8d5c3816df16:c1208]
2019-09-03 20:25:55,382 [grpc-default-executor-1] INFO  client.GrpcClientProtocolClient (GrpcClientProtocolClient.java:onNext(255)) - client-CB1B8AC74E59->81367453-3bf0-4298-8a83-8d5c3816df16: receive RaftClientReply:client-CB1B8AC74E59->81367453-3bf0-4298-8a83-8d5c3816df16@group-F6EC397515C5, cid=846, SUCCESS, logIndex=1206, commits[81367453-3bf0-4298-8a83-8d5c3816df16:c1208]
2019-09-03 20:25:55,382 [grpc-default-executor-1] INFO  client.GrpcClientProtocolClient (GrpcClientProtocolClient.java:onNext(255)) - client-CB1B8AC74E59->81367453-3bf0-4298-8a83-8d5c3816df16: receive RaftClientReply:client-CB1B8AC74E59->81367453-3bf0-4298-8a83-8d5c3816df16@group-F6EC397515C5, cid=847, SUCCESS, logIndex=1207, commits[81367453-3bf0-4298-8a83-8d5c3816df16:c1209]
2019-09-03 20:25:55,383 [grpc-default-executor-1] INFO  client.GrpcClientProtocolClient (GrpcClientProtocolClient.java:onNext(255)) - client-CB1B8AC74E59->81367453-3bf0-4298-8a83-8d5c3816df16: receive RaftClientReply:client-CB1B8AC74E59->81367453-3bf0-4298-8a83-8d5c3816df16@group-F6EC397515C5, cid=848, SUCCESS, logIndex=1208, commits[81367453-3bf0-4298-8a83-8d5c3816df16:c1209]
2019-09-03 20:25:55,395 [SCMBlockDeletingService#1] DEBUG block.SCMBlockDeletingService (SCMBlockDeletingService.java:call(138)) - Running DeletedBlockTransactionScanner
2019-09-03 20:25:55,395 [SCMBlockDeletingService#1] DEBUG block.SCMBlockDeletingService (SCMBlockDeletingService.java:call(155)) - Scanned deleted blocks log and got 0 delTX to process.
2019-09-03 20:25:55,410 [grpc-default-executor-2] INFO  client.GrpcClientProtocolClient (GrpcClientProtocolClient.java:onNext(255)) - client-CB1B8AC74E59->81367453-3bf0-4298-8a83-8d5c3816df16: receive RaftClientReply:client-CB1B8AC74E59->81367453-3bf0-4298-8a83-8d5c3816df16@group-F6EC397515C5, cid=849, SUCCESS, logIndex=1210, commits[81367453-3bf0-4298-8a83-8d5c3816df16:c1211]
2019-09-03 20:25:55,411 [grpc-default-executor-2] INFO  client.GrpcClientProtocolClient (GrpcClientProtocolClient.java:onNext(255)) - client-CB1B8AC74E59->81367453-3bf0-4298-8a83-8d5c3816df16: receive RaftClientReply:client-CB1B8AC74E59->81367453-3bf0-4298-8a83-8d5c3816df16@group-F6EC397515C5, cid=850, SUCCESS, logIndex=1211, commits[81367453-3bf0-4298-8a83-8d5c3816df16:c1213]
2019-09-03 20:25:55,411 [grpc-default-executor-2] INFO  client.GrpcClientProtocolClient (GrpcClientProtocolClient.java:onNext(255)) - client-CB1B8AC74E59->81367453-3bf0-4298-8a83-8d5c3816df16: receive RaftClientReply:client-CB1B8AC74E59->81367453-3bf0-4298-8a83-8d5c3816df16@group-F6EC397515C5, cid=851, SUCCESS, logIndex=1212, commits[81367453-3bf0-4298-8a83-8d5c3816df16:c1213]
2019-09-03 20:25:55,412 [grpc-default-executor-2] INFO  client.GrpcClientProtocolClient (GrpcClientProtocolClient.java:onNext(255)) - client-CB1B8AC74E59->81367453-3bf0-4298-8a83-8d5c3816df16: receive RaftClientReply:client-CB1B8AC74E59->81367453-3bf0-4298-8a83-8d5c3816df16@group-F6EC397515C5, cid=852, SUCCESS, logIndex=1213, commits[81367453-3bf0-4298-8a83-8d5c3816df16:c1213]
2019-09-03 20:25:55,437 [grpc-default-executor-2] INFO  client.GrpcClientProtocolClient (GrpcClientProtocolClient.java:onNext(255)) - client-CB1B8AC74E59->81367453-3bf0-4298-8a83-8d5c3816df16: receive RaftClientReply:client-CB1B8AC74E59->81367453-3bf0-4298-8a83-8d5c3816df16@group-F6EC397515C5, cid=853, SUCCESS, logIndex=1216, commits[81367453-3bf0-4298-8a83-8d5c3816df16:c1217]
2019-09-03 20:25:55,437 [grpc-default-executor-2] INFO  client.GrpcClientProtocolClient (GrpcClientProtocolClient.java:onNext(255)) - client-CB1B8AC74E59->81367453-3bf0-4298-8a83-8d5c3816df16: receive RaftClientReply:client-CB1B8AC74E59->81367453-3bf0-4298-8a83-8d5c3816df16@group-F6EC397515C5, cid=854, SUCCESS, logIndex=1217, commits[81367453-3bf0-4298-8a83-8d5c3816df16:c1217]
2019-09-03 20:25:55,450 [grpc-default-executor-2] INFO  client.GrpcClientProtocolClient (GrpcClientProtocolClient.java:onNext(255)) - client-CB1B8AC74E59->81367453-3bf0-4298-8a83-8d5c3816df16: receive RaftClientReply:client-CB1B8AC74E59->81367453-3bf0-4298-8a83-8d5c3816df16@group-F6EC397515C5, cid=855, SUCCESS, logIndex=1218, commits[81367453-3bf0-4298-8a83-8d5c3816df16:c1220]
2019-09-03 20:25:55,451 [grpc-default-executor-2] INFO  client.GrpcClientProtocolClient (GrpcClientProtocolClient.java:onNext(255)) - client-CB1B8AC74E59->81367453-3bf0-4298-8a83-8d5c3816df16: receive RaftClientReply:client-CB1B8AC74E59->81367453-3bf0-4298-8a83-8d5c3816df16@group-F6EC397515C5, cid=856, SUCCESS, logIndex=1219, commits[81367453-3bf0-4298-8a83-8d5c3816df16:c1220]
2019-09-03 20:25:55,479 [grpc-default-executor-2] INFO  client.GrpcClientProtocolClient (GrpcClientProtocolClient.java:onNext(255)) - client-CB1B8AC74E59->81367453-3bf0-4298-8a83-8d5c3816df16: receive RaftClientReply:client-CB1B8AC74E59->81367453-3bf0-4298-8a83-8d5c3816df16@group-F6EC397515C5, cid=857, SUCCESS, logIndex=1221, commits[81367453-3bf0-4298-8a83-8d5c3816df16:c1222]
2019-09-03 20:25:55,479 [grpc-default-executor-2] INFO  client.GrpcClientProtocolClient (GrpcClientProtocolClient.java:onNext(255)) - client-CB1B8AC74E59->81367453-3bf0-4298-8a83-8d5c3816df16: receive RaftClientReply:client-CB1B8AC74E59->81367453-3bf0-4298-8a83-8d5c3816df16@group-F6EC397515C5, cid=858, SUCCESS, logIndex=1222, commits[81367453-3bf0-4298-8a83-8d5c3816df16:c1222]
2019-09-03 20:25:55,495 [grpc-default-executor-2] INFO  client.GrpcClientProtocolClient (GrpcClientProtocolClient.java:onNext(255)) - client-CB1B8AC74E59->81367453-3bf0-4298-8a83-8d5c3816df16: receive RaftClientReply:client-CB1B8AC74E59->81367453-3bf0-4298-8a83-8d5c3816df16@group-F6EC397515C5, cid=859, SUCCESS, logIndex=1223, commits[81367453-3bf0-4298-8a83-8d5c3816df16:c1224]
2019-09-03 20:25:55,495 [grpc-default-executor-2] INFO  client.GrpcClientProtocolClient (GrpcClientProtocolClient.java:onNext(255)) - client-CB1B8AC74E59->81367453-3bf0-4298-8a83-8d5c3816df16: receive RaftClientReply:client-CB1B8AC74E59->81367453-3bf0-4298-8a83-8d5c3816df16@group-F6EC397515C5, cid=860, SUCCESS, logIndex=1224, commits[81367453-3bf0-4298-8a83-8d5c3816df16:c1224]
2019-09-03 20:25:55,495 [SCMBlockDeletingService#1] DEBUG block.SCMBlockDeletingService (SCMBlockDeletingService.java:call(138)) - Running DeletedBlockTransactionScanner
2019-09-03 20:25:55,496 [SCMBlockDeletingService#1] DEBUG block.SCMBlockDeletingService (SCMBlockDeletingService.java:call(155)) - Scanned deleted blocks log and got 0 delTX to process.
2019-09-03 20:25:55,536 [grpc-default-executor-2] INFO  client.GrpcClientProtocolClient (GrpcClientProtocolClient.java:onNext(255)) - client-CB1B8AC74E59->81367453-3bf0-4298-8a83-8d5c3816df16: receive RaftClientReply:client-CB1B8AC74E59->81367453-3bf0-4298-8a83-8d5c3816df16@group-F6EC397515C5, cid=861, SUCCESS, logIndex=1227, commits[81367453-3bf0-4298-8a83-8d5c3816df16:c1230]
2019-09-03 20:25:55,537 [grpc-default-executor-2] INFO  client.GrpcClientProtocolClient (GrpcClientProtocolClient.java:onNext(255)) - client-CB1B8AC74E59->81367453-3bf0-4298-8a83-8d5c3816df16: receive RaftClientReply:client-CB1B8AC74E59->81367453-3bf0-4298-8a83-8d5c3816df16@group-F6EC397515C5, cid=862, SUCCESS, logIndex=1228, commits[81367453-3bf0-4298-8a83-8d5c3816df16:c1230]
2019-09-03 20:25:55,537 [grpc-default-executor-2] INFO  client.GrpcClientProtocolClient (GrpcClientProtocolClient.java:onNext(255)) - client-CB1B8AC74E59->81367453-3bf0-4298-8a83-8d5c3816df16: receive RaftClientReply:client-CB1B8AC74E59->81367453-3bf0-4298-8a83-8d5c3816df16@group-F6EC397515C5, cid=863, SUCCESS, logIndex=1229, commits[81367453-3bf0-4298-8a83-8d5c3816df16:c1230]
2019-09-03 20:25:55,538 [grpc-default-executor-2] INFO  client.GrpcClientProtocolClient (GrpcClientProtocolClient.java:onNext(255)) - client-CB1B8AC74E59->81367453-3bf0-4298-8a83-8d5c3816df16: receive RaftClientReply:client-CB1B8AC74E59->81367453-3bf0-4298-8a83-8d5c3816df16@group-F6EC397515C5, cid=864, SUCCESS, logIndex=1230, commits[81367453-3bf0-4298-8a83-8d5c3816df16:c1230]
2019-09-03 20:25:55,561 [grpc-default-executor-2] INFO  client.GrpcClientProtocolClient (GrpcClientProtocolClient.java:onNext(255)) - client-CB1B8AC74E59->81367453-3bf0-4298-8a83-8d5c3816df16: receive RaftClientReply:client-CB1B8AC74E59->81367453-3bf0-4298-8a83-8d5c3816df16@group-F6EC397515C5, cid=865, SUCCESS, logIndex=1232, commits[81367453-3bf0-4298-8a83-8d5c3816df16:c1233]
2019-09-03 20:25:55,562 [grpc-default-executor-2] INFO  client.GrpcClientProtocolClient (GrpcClientProtocolClient.java:onNext(255)) - client-CB1B8AC74E59->81367453-3bf0-4298-8a83-8d5c3816df16: receive RaftClientReply:client-CB1B8AC74E59->81367453-3bf0-4298-8a83-8d5c3816df16@group-F6EC397515C5, cid=866, SUCCESS, logIndex=1233, commits[81367453-3bf0-4298-8a83-8d5c3816df16:c1233]
2019-09-03 20:25:55,569 [grpc-default-executor-2] INFO  client.GrpcClientProtocolClient (GrpcClientProtocolClient.java:onNext(255)) - client-CB1B8AC74E59->81367453-3bf0-4298-8a83-8d5c3816df16: receive RaftClientReply:client-CB1B8AC74E59->81367453-3bf0-4298-8a83-8d5c3816df16@group-F6EC397515C5, cid=867, SUCCESS, logIndex=1234, commits[81367453-3bf0-4298-8a83-8d5c3816df16:c1235]
2019-09-03 20:25:55,569 [grpc-default-executor-2] INFO  client.GrpcClientProtocolClient (GrpcClientProtocolClient.java:onNext(255)) - client-CB1B8AC74E59->81367453-3bf0-4298-8a83-8d5c3816df16: receive RaftClientReply:client-CB1B8AC74E59->81367453-3bf0-4298-8a83-8d5c3816df16@group-F6EC397515C5, cid=868, SUCCESS, logIndex=1235, commits[81367453-3bf0-4298-8a83-8d5c3816df16:c1235]
2019-09-03 20:25:55,588 [grpc-default-executor-2] INFO  client.GrpcClientProtocolClient (GrpcClientProtocolClient.java:onNext(255)) - client-CB1B8AC74E59->81367453-3bf0-4298-8a83-8d5c3816df16: receive RaftClientReply:client-CB1B8AC74E59->81367453-3bf0-4298-8a83-8d5c3816df16@group-F6EC397515C5, cid=869, SUCCESS, logIndex=1238, commits[81367453-3bf0-4298-8a83-8d5c3816df16:c1241]
2019-09-03 20:25:55,588 [grpc-default-executor-2] INFO  client.GrpcClientProtocolClient (GrpcClientProtocolClient.java:onNext(255)) - client-CB1B8AC74E59->81367453-3bf0-4298-8a83-8d5c3816df16: receive RaftClientReply:client-CB1B8AC74E59->81367453-3bf0-4298-8a83-8d5c3816df16@group-F6EC397515C5, cid=870, SUCCESS, logIndex=1239, commits[81367453-3bf0-4298-8a83-8d5c3816df16:c1241]
2019-09-03 20:25:55,589 [grpc-default-executor-2] INFO  client.GrpcClientProtocolClient (GrpcClientProtocolClient.java:onNext(255)) - client-CB1B8AC74E59->81367453-3bf0-4298-8a83-8d5c3816df16: receive RaftClientReply:client-CB1B8AC74E59->81367453-3bf0-4298-8a83-8d5c3816df16@group-F6EC397515C5, cid=871, SUCCESS, logIndex=1240, commits[81367453-3bf0-4298-8a83-8d5c3816df16:c1241]
2019-09-03 20:25:55,589 [grpc-default-executor-2] INFO  client.GrpcClientProtocolClient (GrpcClientProtocolClient.java:onNext(255)) - client-CB1B8AC74E59->81367453-3bf0-4298-8a83-8d5c3816df16: receive RaftClientReply:client-CB1B8AC74E59->81367453-3bf0-4298-8a83-8d5c3816df16@group-F6EC397515C5, cid=872, SUCCESS, logIndex=1241, commits[81367453-3bf0-4298-8a83-8d5c3816df16:c1241]
2019-09-03 20:25:55,596 [SCMBlockDeletingService#1] DEBUG block.SCMBlockDeletingService (SCMBlockDeletingService.java:call(138)) - Running DeletedBlockTransactionScanner
2019-09-03 20:25:55,596 [SCMBlockDeletingService#1] DEBUG block.SCMBlockDeletingService (SCMBlockDeletingService.java:call(155)) - Scanned deleted blocks log and got 0 delTX to process.
2019-09-03 20:25:55,622 [grpc-default-executor-2] INFO  client.GrpcClientProtocolClient (GrpcClientProtocolClient.java:onNext(255)) - client-CB1B8AC74E59->81367453-3bf0-4298-8a83-8d5c3816df16: receive RaftClientReply:client-CB1B8AC74E59->81367453-3bf0-4298-8a83-8d5c3816df16@group-F6EC397515C5, cid=873, SUCCESS, logIndex=1243, commits[81367453-3bf0-4298-8a83-8d5c3816df16:c1246]
2019-09-03 20:25:55,623 [grpc-default-executor-2] INFO  client.GrpcClientProtocolClient (GrpcClientProtocolClient.java:onNext(255)) - client-CB1B8AC74E59->81367453-3bf0-4298-8a83-8d5c3816df16: receive RaftClientReply:client-CB1B8AC74E59->81367453-3bf0-4298-8a83-8d5c3816df16@group-F6EC397515C5, cid=874, SUCCESS, logIndex=1244, commits[81367453-3bf0-4298-8a83-8d5c3816df16:c1246]
2019-09-03 20:25:55,623 [grpc-default-executor-2] INFO  client.GrpcClientProtocolClient (GrpcClientProtocolClient.java:onNext(255)) - client-CB1B8AC74E59->81367453-3bf0-4298-8a83-8d5c3816df16: receive RaftClientReply:client-CB1B8AC74E59->81367453-3bf0-4298-8a83-8d5c3816df16@group-F6EC397515C5, cid=875, SUCCESS, logIndex=1245, commits[81367453-3bf0-4298-8a83-8d5c3816df16:c1246]
2019-09-03 20:25:55,624 [grpc-default-executor-2] INFO  client.GrpcClientProtocolClient (GrpcClientProtocolClient.java:onNext(255)) - client-CB1B8AC74E59->81367453-3bf0-4298-8a83-8d5c3816df16: receive RaftClientReply:client-CB1B8AC74E59->81367453-3bf0-4298-8a83-8d5c3816df16@group-F6EC397515C5, cid=876, SUCCESS, logIndex=1246, commits[81367453-3bf0-4298-8a83-8d5c3816df16:c1246]
2019-09-03 20:25:55,643 [grpc-default-executor-2] INFO  client.GrpcClientProtocolClient (GrpcClientProtocolClient.java:onNext(255)) - client-CB1B8AC74E59->81367453-3bf0-4298-8a83-8d5c3816df16: receive RaftClientReply:client-CB1B8AC74E59->81367453-3bf0-4298-8a83-8d5c3816df16@group-F6EC397515C5, cid=877, SUCCESS, logIndex=1248, commits[81367453-3bf0-4298-8a83-8d5c3816df16:c1251]
2019-09-03 20:25:55,644 [grpc-default-executor-2] INFO  client.GrpcClientProtocolClient (GrpcClientProtocolClient.java:onNext(255)) - client-CB1B8AC74E59->81367453-3bf0-4298-8a83-8d5c3816df16: receive RaftClientReply:client-CB1B8AC74E59->81367453-3bf0-4298-8a83-8d5c3816df16@group-F6EC397515C5, cid=878, SUCCESS, logIndex=1249, commits[81367453-3bf0-4298-8a83-8d5c3816df16:c1251]
2019-09-03 20:25:55,644 [grpc-default-executor-2] INFO  client.GrpcClientProtocolClient (GrpcClientProtocolClient.java:onNext(255)) - client-CB1B8AC74E59->81367453-3bf0-4298-8a83-8d5c3816df16: receive RaftClientReply:client-CB1B8AC74E59->81367453-3bf0-4298-8a83-8d5c3816df16@group-F6EC397515C5, cid=879, SUCCESS, logIndex=1250, commits[81367453-3bf0-4298-8a83-8d5c3816df16:c1251]
2019-09-03 20:25:55,645 [grpc-default-executor-2] INFO  client.GrpcClientProtocolClient (GrpcClientProtocolClient.java:onNext(255)) - client-CB1B8AC74E59->81367453-3bf0-4298-8a83-8d5c3816df16: receive RaftClientReply:client-CB1B8AC74E59->81367453-3bf0-4298-8a83-8d5c3816df16@group-F6EC397515C5, cid=880, SUCCESS, logIndex=1251, commits[81367453-3bf0-4298-8a83-8d5c3816df16:c1251]
2019-09-03 20:25:55,677 [grpc-default-executor-2] INFO  client.GrpcClientProtocolClient (GrpcClientProtocolClient.java:onNext(255)) - client-CB1B8AC74E59->81367453-3bf0-4298-8a83-8d5c3816df16: receive RaftClientReply:client-CB1B8AC74E59->81367453-3bf0-4298-8a83-8d5c3816df16@group-F6EC397515C5, cid=881, SUCCESS, logIndex=1253, commits[81367453-3bf0-4298-8a83-8d5c3816df16:c1254]
2019-09-03 20:25:55,677 [grpc-default-executor-2] INFO  client.GrpcClientProtocolClient (GrpcClientProtocolClient.java:onNext(255)) - client-CB1B8AC74E59->81367453-3bf0-4298-8a83-8d5c3816df16: receive RaftClientReply:client-CB1B8AC74E59->81367453-3bf0-4298-8a83-8d5c3816df16@group-F6EC397515C5, cid=882, SUCCESS, logIndex=1254, commits[81367453-3bf0-4298-8a83-8d5c3816df16:c1254]
2019-09-03 20:25:55,688 [grpc-default-executor-2] INFO  client.GrpcClientProtocolClient (GrpcClientProtocolClient.java:onNext(255)) - client-CB1B8AC74E59->81367453-3bf0-4298-8a83-8d5c3816df16: receive RaftClientReply:client-CB1B8AC74E59->81367453-3bf0-4298-8a83-8d5c3816df16@group-F6EC397515C5, cid=883, SUCCESS, logIndex=1255, commits[81367453-3bf0-4298-8a83-8d5c3816df16:c1256]
2019-09-03 20:25:55,688 [grpc-default-executor-2] INFO  client.GrpcClientProtocolClient (GrpcClientProtocolClient.java:onNext(255)) - client-CB1B8AC74E59->81367453-3bf0-4298-8a83-8d5c3816df16: receive RaftClientReply:client-CB1B8AC74E59->81367453-3bf0-4298-8a83-8d5c3816df16@group-F6EC397515C5, cid=884, SUCCESS, logIndex=1256, commits[81367453-3bf0-4298-8a83-8d5c3816df16:c1256]
2019-09-03 20:25:55,696 [SCMBlockDeletingService#1] DEBUG block.SCMBlockDeletingService (SCMBlockDeletingService.java:call(138)) - Running DeletedBlockTransactionScanner
2019-09-03 20:25:55,697 [SCMBlockDeletingService#1] DEBUG block.SCMBlockDeletingService (SCMBlockDeletingService.java:call(155)) - Scanned deleted blocks log and got 0 delTX to process.
2019-09-03 20:25:55,797 [SCMBlockDeletingService#1] DEBUG block.SCMBlockDeletingService (SCMBlockDeletingService.java:call(138)) - Running DeletedBlockTransactionScanner
2019-09-03 20:25:55,797 [SCMBlockDeletingService#1] DEBUG block.SCMBlockDeletingService (SCMBlockDeletingService.java:call(155)) - Scanned deleted blocks log and got 0 delTX to process.
2019-09-03 20:25:55,838 [grpc-default-executor-1] INFO  client.GrpcClientProtocolClient (GrpcClientProtocolClient.java:onNext(255)) - client-CB1B8AC74E59->81367453-3bf0-4298-8a83-8d5c3816df16: receive RaftClientReply:client-CB1B8AC74E59->81367453-3bf0-4298-8a83-8d5c3816df16@group-F6EC397515C5, cid=885, SUCCESS, logIndex=1259, commits[81367453-3bf0-4298-8a83-8d5c3816df16:c1262]
2019-09-03 20:25:55,839 [grpc-default-executor-1] INFO  client.GrpcClientProtocolClient (GrpcClientProtocolClient.java:onNext(255)) - client-CB1B8AC74E59->81367453-3bf0-4298-8a83-8d5c3816df16: receive RaftClientReply:client-CB1B8AC74E59->81367453-3bf0-4298-8a83-8d5c3816df16@group-F6EC397515C5, cid=886, SUCCESS, logIndex=1260, commits[81367453-3bf0-4298-8a83-8d5c3816df16:c1262]
2019-09-03 20:25:55,839 [grpc-default-executor-1] INFO  client.GrpcClientProtocolClient (GrpcClientProtocolClient.java:onNext(255)) - client-CB1B8AC74E59->81367453-3bf0-4298-8a83-8d5c3816df16: receive RaftClientReply:client-CB1B8AC74E59->81367453-3bf0-4298-8a83-8d5c3816df16@group-F6EC397515C5, cid=887, SUCCESS, logIndex=1261, commits[81367453-3bf0-4298-8a83-8d5c3816df16:c1262]
2019-09-03 20:25:55,840 [grpc-default-executor-1] INFO  client.GrpcClientProtocolClient (GrpcClientProtocolClient.java:onNext(255)) - client-CB1B8AC74E59->81367453-3bf0-4298-8a83-8d5c3816df16: receive RaftClientReply:client-CB1B8AC74E59->81367453-3bf0-4298-8a83-8d5c3816df16@group-F6EC397515C5, cid=888, SUCCESS, logIndex=1262, commits[81367453-3bf0-4298-8a83-8d5c3816df16:c1262]
2019-09-03 20:25:55,931 [SCMBlockDeletingService#1] DEBUG block.SCMBlockDeletingService (SCMBlockDeletingService.java:call(138)) - Running DeletedBlockTransactionScanner
2019-09-03 20:25:55,932 [SCMBlockDeletingService#1] DEBUG block.SCMBlockDeletingService (SCMBlockDeletingService.java:call(155)) - Scanned deleted blocks log and got 0 delTX to process.
2019-09-03 20:25:55,961 [grpc-default-executor-1] INFO  client.GrpcClientProtocolClient (GrpcClientProtocolClient.java:onNext(255)) - client-CB1B8AC74E59->81367453-3bf0-4298-8a83-8d5c3816df16: receive RaftClientReply:client-CB1B8AC74E59->81367453-3bf0-4298-8a83-8d5c3816df16@group-F6EC397515C5, cid=889, SUCCESS, logIndex=1264, commits[81367453-3bf0-4298-8a83-8d5c3816df16:c1267]
2019-09-03 20:25:55,962 [grpc-default-executor-1] INFO  client.GrpcClientProtocolClient (GrpcClientProtocolClient.java:onNext(255)) - client-CB1B8AC74E59->81367453-3bf0-4298-8a83-8d5c3816df16: receive RaftClientReply:client-CB1B8AC74E59->81367453-3bf0-4298-8a83-8d5c3816df16@group-F6EC397515C5, cid=890, SUCCESS, logIndex=1265, commits[81367453-3bf0-4298-8a83-8d5c3816df16:c1267]
2019-09-03 20:25:55,962 [grpc-default-executor-1] INFO  client.GrpcClientProtocolClient (GrpcClientProtocolClient.java:onNext(255)) - client-CB1B8AC74E59->81367453-3bf0-4298-8a83-8d5c3816df16: receive RaftClientReply:client-CB1B8AC74E59->81367453-3bf0-4298-8a83-8d5c3816df16@group-F6EC397515C5, cid=891, SUCCESS, logIndex=1266, commits[81367453-3bf0-4298-8a83-8d5c3816df16:c1267]
2019-09-03 20:25:55,962 [grpc-default-executor-1] INFO  client.GrpcClientProtocolClient (GrpcClientProtocolClient.java:onNext(255)) - client-CB1B8AC74E59->81367453-3bf0-4298-8a83-8d5c3816df16: receive RaftClientReply:client-CB1B8AC74E59->81367453-3bf0-4298-8a83-8d5c3816df16@group-F6EC397515C5, cid=892, SUCCESS, logIndex=1267, commits[81367453-3bf0-4298-8a83-8d5c3816df16:c1267]
2019-09-03 20:25:55,990 [grpc-default-executor-1] INFO  client.GrpcClientProtocolClient (GrpcClientProtocolClient.java:onNext(255)) - client-CB1B8AC74E59->81367453-3bf0-4298-8a83-8d5c3816df16: receive RaftClientReply:client-CB1B8AC74E59->81367453-3bf0-4298-8a83-8d5c3816df16@group-F6EC397515C5, cid=893, SUCCESS, logIndex=1269, commits[81367453-3bf0-4298-8a83-8d5c3816df16:c1272]
2019-09-03 20:25:55,990 [grpc-default-executor-1] INFO  client.GrpcClientProtocolClient (GrpcClientProtocolClient.java:onNext(255)) - client-CB1B8AC74E59->81367453-3bf0-4298-8a83-8d5c3816df16: receive RaftClientReply:client-CB1B8AC74E59->81367453-3bf0-4298-8a83-8d5c3816df16@group-F6EC397515C5, cid=894, SUCCESS, logIndex=1270, commits[81367453-3bf0-4298-8a83-8d5c3816df16:c1272]
2019-09-03 20:25:55,990 [grpc-default-executor-1] INFO  client.GrpcClientProtocolClient (GrpcClientProtocolClient.java:onNext(255)) - client-CB1B8AC74E59->81367453-3bf0-4298-8a83-8d5c3816df16: receive RaftClientReply:client-CB1B8AC74E59->81367453-3bf0-4298-8a83-8d5c3816df16@group-F6EC397515C5, cid=895, SUCCESS, logIndex=1271, commits[81367453-3bf0-4298-8a83-8d5c3816df16:c1272]
2019-09-03 20:25:55,991 [grpc-default-executor-1] INFO  client.GrpcClientProtocolClient (GrpcClientProtocolClient.java:onNext(255)) - client-CB1B8AC74E59->81367453-3bf0-4298-8a83-8d5c3816df16: receive RaftClientReply:client-CB1B8AC74E59->81367453-3bf0-4298-8a83-8d5c3816df16@group-F6EC397515C5, cid=896, SUCCESS, logIndex=1272, commits[81367453-3bf0-4298-8a83-8d5c3816df16:c1272]
2019-09-03 20:25:56,020 [grpc-default-executor-1] INFO  client.GrpcClientProtocolClient (GrpcClientProtocolClient.java:onNext(255)) - client-CB1B8AC74E59->81367453-3bf0-4298-8a83-8d5c3816df16: receive RaftClientReply:client-CB1B8AC74E59->81367453-3bf0-4298-8a83-8d5c3816df16@group-F6EC397515C5, cid=897, SUCCESS, logIndex=1274, commits[81367453-3bf0-4298-8a83-8d5c3816df16:c1277]
2019-09-03 20:25:56,020 [grpc-default-executor-1] INFO  client.GrpcClientProtocolClient (GrpcClientProtocolClient.java:onNext(255)) - client-CB1B8AC74E59->81367453-3bf0-4298-8a83-8d5c3816df16: receive RaftClientReply:client-CB1B8AC74E59->81367453-3bf0-4298-8a83-8d5c3816df16@group-F6EC397515C5, cid=898, SUCCESS, logIndex=1275, commits[81367453-3bf0-4298-8a83-8d5c3816df16:c1277]
2019-09-03 20:25:56,021 [grpc-default-executor-1] INFO  client.GrpcClientProtocolClient (GrpcClientProtocolClient.java:onNext(255)) - client-CB1B8AC74E59->81367453-3bf0-4298-8a83-8d5c3816df16: receive RaftClientReply:client-CB1B8AC74E59->81367453-3bf0-4298-8a83-8d5c3816df16@group-F6EC397515C5, cid=899, SUCCESS, logIndex=1276, commits[81367453-3bf0-4298-8a83-8d5c3816df16:c1277]
2019-09-03 20:25:56,021 [grpc-default-executor-1] INFO  client.GrpcClientProtocolClient (GrpcClientProtocolClient.java:onNext(255)) - client-CB1B8AC74E59->81367453-3bf0-4298-8a83-8d5c3816df16: receive RaftClientReply:client-CB1B8AC74E59->81367453-3bf0-4298-8a83-8d5c3816df16@group-F6EC397515C5, cid=900, SUCCESS, logIndex=1277, commits[81367453-3bf0-4298-8a83-8d5c3816df16:c1277]
2019-09-03 20:25:56,032 [SCMBlockDeletingService#1] DEBUG block.SCMBlockDeletingService (SCMBlockDeletingService.java:call(138)) - Running DeletedBlockTransactionScanner
2019-09-03 20:25:56,032 [SCMBlockDeletingService#1] DEBUG block.SCMBlockDeletingService (SCMBlockDeletingService.java:call(155)) - Scanned deleted blocks log and got 0 delTX to process.
2019-09-03 20:25:56,047 [grpc-default-executor-1] INFO  client.GrpcClientProtocolClient (GrpcClientProtocolClient.java:onNext(255)) - client-CB1B8AC74E59->81367453-3bf0-4298-8a83-8d5c3816df16: receive RaftClientReply:client-CB1B8AC74E59->81367453-3bf0-4298-8a83-8d5c3816df16@group-F6EC397515C5, cid=901, SUCCESS, logIndex=1279, commits[81367453-3bf0-4298-8a83-8d5c3816df16:c1280]
2019-09-03 20:25:56,047 [grpc-default-executor-1] INFO  client.GrpcClientProtocolClient (GrpcClientProtocolClient.java:onNext(255)) - client-CB1B8AC74E59->81367453-3bf0-4298-8a83-8d5c3816df16: receive RaftClientReply:client-CB1B8AC74E59->81367453-3bf0-4298-8a83-8d5c3816df16@group-F6EC397515C5, cid=902, SUCCESS, logIndex=1280, commits[81367453-3bf0-4298-8a83-8d5c3816df16:c1280]
2019-09-03 20:25:56,067 [grpc-default-executor-1] INFO  client.GrpcClientProtocolClient (GrpcClientProtocolClient.java:onNext(255)) - client-CB1B8AC74E59->81367453-3bf0-4298-8a83-8d5c3816df16: receive RaftClientReply:client-CB1B8AC74E59->81367453-3bf0-4298-8a83-8d5c3816df16@group-F6EC397515C5, cid=903, SUCCESS, logIndex=1281, commits[81367453-3bf0-4298-8a83-8d5c3816df16:c1282]
2019-09-03 20:25:56,067 [grpc-default-executor-1] INFO  client.GrpcClientProtocolClient (GrpcClientProtocolClient.java:onNext(255)) - client-CB1B8AC74E59->81367453-3bf0-4298-8a83-8d5c3816df16: receive RaftClientReply:client-CB1B8AC74E59->81367453-3bf0-4298-8a83-8d5c3816df16@group-F6EC397515C5, cid=904, SUCCESS, logIndex=1282, commits[81367453-3bf0-4298-8a83-8d5c3816df16:c1282]
2019-09-03 20:25:56,086 [grpc-default-executor-2] INFO  client.GrpcClientProtocolClient (GrpcClientProtocolClient.java:onNext(255)) - client-CB1B8AC74E59->81367453-3bf0-4298-8a83-8d5c3816df16: receive RaftClientReply:client-CB1B8AC74E59->81367453-3bf0-4298-8a83-8d5c3816df16@group-F6EC397515C5, cid=905, SUCCESS, logIndex=1285, commits[81367453-3bf0-4298-8a83-8d5c3816df16:c1286]
2019-09-03 20:25:56,086 [grpc-default-executor-2] INFO  client.GrpcClientProtocolClient (GrpcClientProtocolClient.java:onNext(255)) - client-CB1B8AC74E59->81367453-3bf0-4298-8a83-8d5c3816df16: receive RaftClientReply:client-CB1B8AC74E59->81367453-3bf0-4298-8a83-8d5c3816df16@group-F6EC397515C5, cid=906, SUCCESS, logIndex=1286, commits[81367453-3bf0-4298-8a83-8d5c3816df16:c1286]
2019-09-03 20:25:56,105 [grpc-default-executor-2] INFO  client.GrpcClientProtocolClient (GrpcClientProtocolClient.java:onNext(255)) - client-CB1B8AC74E59->81367453-3bf0-4298-8a83-8d5c3816df16: receive RaftClientReply:client-CB1B8AC74E59->81367453-3bf0-4298-8a83-8d5c3816df16@group-F6EC397515C5, cid=907, SUCCESS, logIndex=1287, commits[81367453-3bf0-4298-8a83-8d5c3816df16:c1289]
2019-09-03 20:25:56,106 [grpc-default-executor-2] INFO  client.GrpcClientProtocolClient (GrpcClientProtocolClient.java:onNext(255)) - client-CB1B8AC74E59->81367453-3bf0-4298-8a83-8d5c3816df16: receive RaftClientReply:client-CB1B8AC74E59->81367453-3bf0-4298-8a83-8d5c3816df16@group-F6EC397515C5, cid=908, SUCCESS, logIndex=1288, commits[81367453-3bf0-4298-8a83-8d5c3816df16:c1289]
2019-09-03 20:25:56,130 [grpc-default-executor-1] INFO  client.GrpcClientProtocolClient (GrpcClientProtocolClient.java:onNext(255)) - client-CB1B8AC74E59->81367453-3bf0-4298-8a83-8d5c3816df16: receive RaftClientReply:client-CB1B8AC74E59->81367453-3bf0-4298-8a83-8d5c3816df16@group-F6EC397515C5, cid=909, SUCCESS, logIndex=1290, commits[81367453-3bf0-4298-8a83-8d5c3816df16:c1291]
2019-09-03 20:25:56,131 [grpc-default-executor-1] INFO  client.GrpcClientProtocolClient (GrpcClientProtocolClient.java:onNext(255)) - client-CB1B8AC74E59->81367453-3bf0-4298-8a83-8d5c3816df16: receive RaftClientReply:client-CB1B8AC74E59->81367453-3bf0-4298-8a83-8d5c3816df16@group-F6EC397515C5, cid=910, SUCCESS, logIndex=1291, commits[81367453-3bf0-4298-8a83-8d5c3816df16:c1293]
2019-09-03 20:25:56,131 [grpc-default-executor-1] INFO  client.GrpcClientProtocolClient (GrpcClientProtocolClient.java:onNext(255)) - client-CB1B8AC74E59->81367453-3bf0-4298-8a83-8d5c3816df16: receive RaftClientReply:client-CB1B8AC74E59->81367453-3bf0-4298-8a83-8d5c3816df16@group-F6EC397515C5, cid=911, SUCCESS, logIndex=1292, commits[81367453-3bf0-4298-8a83-8d5c3816df16:c1293]
2019-09-03 20:25:56,131 [grpc-default-executor-1] INFO  client.GrpcClientProtocolClient (GrpcClientProtocolClient.java:onNext(255)) - client-CB1B8AC74E59->81367453-3bf0-4298-8a83-8d5c3816df16: receive RaftClientReply:client-CB1B8AC74E59->81367453-3bf0-4298-8a83-8d5c3816df16@group-F6EC397515C5, cid=912, SUCCESS, logIndex=1293, commits[81367453-3bf0-4298-8a83-8d5c3816df16:c1293]
2019-09-03 20:25:56,133 [SCMBlockDeletingService#1] DEBUG block.SCMBlockDeletingService (SCMBlockDeletingService.java:call(138)) - Running DeletedBlockTransactionScanner
2019-09-03 20:25:56,133 [SCMBlockDeletingService#1] DEBUG block.SCMBlockDeletingService (SCMBlockDeletingService.java:call(155)) - Scanned deleted blocks log and got 0 delTX to process.
2019-09-03 20:25:56,164 [grpc-default-executor-1] INFO  client.GrpcClientProtocolClient (GrpcClientProtocolClient.java:onNext(255)) - client-CB1B8AC74E59->81367453-3bf0-4298-8a83-8d5c3816df16: receive RaftClientReply:client-CB1B8AC74E59->81367453-3bf0-4298-8a83-8d5c3816df16@group-F6EC397515C5, cid=913, SUCCESS, logIndex=1296, commits[81367453-3bf0-4298-8a83-8d5c3816df16:c1299]
2019-09-03 20:25:56,165 [grpc-default-executor-1] INFO  client.GrpcClientProtocolClient (GrpcClientProtocolClient.java:onNext(255)) - client-CB1B8AC74E59->81367453-3bf0-4298-8a83-8d5c3816df16: receive RaftClientReply:client-CB1B8AC74E59->81367453-3bf0-4298-8a83-8d5c3816df16@group-F6EC397515C5, cid=914, SUCCESS, logIndex=1297, commits[81367453-3bf0-4298-8a83-8d5c3816df16:c1299]
2019-09-03 20:25:56,165 [grpc-default-executor-1] INFO  client.GrpcClientProtocolClient (GrpcClientProtocolClient.java:onNext(255)) - client-CB1B8AC74E59->81367453-3bf0-4298-8a83-8d5c3816df16: receive RaftClientReply:client-CB1B8AC74E59->81367453-3bf0-4298-8a83-8d5c3816df16@group-F6EC397515C5, cid=915, SUCCESS, logIndex=1298, commits[81367453-3bf0-4298-8a83-8d5c3816df16:c1299]
2019-09-03 20:25:56,165 [grpc-default-executor-1] INFO  client.GrpcClientProtocolClient (GrpcClientProtocolClient.java:onNext(255)) - client-CB1B8AC74E59->81367453-3bf0-4298-8a83-8d5c3816df16: receive RaftClientReply:client-CB1B8AC74E59->81367453-3bf0-4298-8a83-8d5c3816df16@group-F6EC397515C5, cid=916, SUCCESS, logIndex=1299, commits[81367453-3bf0-4298-8a83-8d5c3816df16:c1299]
2019-09-03 20:25:56,217 [grpc-default-executor-2] INFO  client.GrpcClientProtocolClient (GrpcClientProtocolClient.java:onNext(255)) - client-CB1B8AC74E59->81367453-3bf0-4298-8a83-8d5c3816df16: receive RaftClientReply:client-CB1B8AC74E59->81367453-3bf0-4298-8a83-8d5c3816df16@group-F6EC397515C5, cid=917, SUCCESS, logIndex=1301, commits[81367453-3bf0-4298-8a83-8d5c3816df16:c1302]
2019-09-03 20:25:56,217 [grpc-default-executor-2] INFO  client.GrpcClientProtocolClient (GrpcClientProtocolClient.java:onNext(255)) - client-CB1B8AC74E59->81367453-3bf0-4298-8a83-8d5c3816df16: receive RaftClientReply:client-CB1B8AC74E59->81367453-3bf0-4298-8a83-8d5c3816df16@group-F6EC397515C5, cid=918, SUCCESS, logIndex=1302, commits[81367453-3bf0-4298-8a83-8d5c3816df16:c1302]
2019-09-03 20:25:56,225 [grpc-default-executor-2] INFO  client.GrpcClientProtocolClient (GrpcClientProtocolClient.java:onNext(255)) - client-CB1B8AC74E59->81367453-3bf0-4298-8a83-8d5c3816df16: receive RaftClientReply:client-CB1B8AC74E59->81367453-3bf0-4298-8a83-8d5c3816df16@group-F6EC397515C5, cid=919, SUCCESS, logIndex=1303, commits[81367453-3bf0-4298-8a83-8d5c3816df16:c1304]
2019-09-03 20:25:56,225 [grpc-default-executor-2] INFO  client.GrpcClientProtocolClient (GrpcClientProtocolClient.java:onNext(255)) - client-CB1B8AC74E59->81367453-3bf0-4298-8a83-8d5c3816df16: receive RaftClientReply:client-CB1B8AC74E59->81367453-3bf0-4298-8a83-8d5c3816df16@group-F6EC397515C5, cid=920, SUCCESS, logIndex=1304, commits[81367453-3bf0-4298-8a83-8d5c3816df16:c1304]
2019-09-03 20:25:56,233 [SCMBlockDeletingService#1] DEBUG block.SCMBlockDeletingService (SCMBlockDeletingService.java:call(138)) - Running DeletedBlockTransactionScanner
2019-09-03 20:25:56,233 [SCMBlockDeletingService#1] DEBUG block.SCMBlockDeletingService (SCMBlockDeletingService.java:call(155)) - Scanned deleted blocks log and got 0 delTX to process.
2019-09-03 20:25:56,261 [grpc-default-executor-1] INFO  client.GrpcClientProtocolClient (GrpcClientProtocolClient.java:onNext(255)) - client-CB1B8AC74E59->81367453-3bf0-4298-8a83-8d5c3816df16: receive RaftClientReply:client-CB1B8AC74E59->81367453-3bf0-4298-8a83-8d5c3816df16@group-F6EC397515C5, cid=921, SUCCESS, logIndex=1307, commits[81367453-3bf0-4298-8a83-8d5c3816df16:c1310]
2019-09-03 20:25:56,261 [grpc-default-executor-1] INFO  client.GrpcClientProtocolClient (GrpcClientProtocolClient.java:onNext(255)) - client-CB1B8AC74E59->81367453-3bf0-4298-8a83-8d5c3816df16: receive RaftClientReply:client-CB1B8AC74E59->81367453-3bf0-4298-8a83-8d5c3816df16@group-F6EC397515C5, cid=922, SUCCESS, logIndex=1308, commits[81367453-3bf0-4298-8a83-8d5c3816df16:c1310]
2019-09-03 20:25:56,262 [grpc-default-executor-1] INFO  client.GrpcClientProtocolClient (GrpcClientProtocolClient.java:onNext(255)) - client-CB1B8AC74E59->81367453-3bf0-4298-8a83-8d5c3816df16: receive RaftClientReply:client-CB1B8AC74E59->81367453-3bf0-4298-8a83-8d5c3816df16@group-F6EC397515C5, cid=923, SUCCESS, logIndex=1309, commits[81367453-3bf0-4298-8a83-8d5c3816df16:c1310]
2019-09-03 20:25:56,262 [grpc-default-executor-1] INFO  client.GrpcClientProtocolClient (GrpcClientProtocolClient.java:onNext(255)) - client-CB1B8AC74E59->81367453-3bf0-4298-8a83-8d5c3816df16: receive RaftClientReply:client-CB1B8AC74E59->81367453-3bf0-4298-8a83-8d5c3816df16@group-F6EC397515C5, cid=924, SUCCESS, logIndex=1310, commits[81367453-3bf0-4298-8a83-8d5c3816df16:c1310]
2019-09-03 20:25:56,283 [grpc-default-executor-2] INFO  client.GrpcClientProtocolClient (GrpcClientProtocolClient.java:onNext(255)) - client-CB1B8AC74E59->81367453-3bf0-4298-8a83-8d5c3816df16: receive RaftClientReply:client-CB1B8AC74E59->81367453-3bf0-4298-8a83-8d5c3816df16@group-F6EC397515C5, cid=925, SUCCESS, logIndex=1312, commits[81367453-3bf0-4298-8a83-8d5c3816df16:c1313]
2019-09-03 20:25:56,283 [grpc-default-executor-2] INFO  client.GrpcClientProtocolClient (GrpcClientProtocolClient.java:onNext(255)) - client-CB1B8AC74E59->81367453-3bf0-4298-8a83-8d5c3816df16: receive RaftClientReply:client-CB1B8AC74E59->81367453-3bf0-4298-8a83-8d5c3816df16@group-F6EC397515C5, cid=926, SUCCESS, logIndex=1313, commits[81367453-3bf0-4298-8a83-8d5c3816df16:c1313]
2019-09-03 20:25:56,294 [grpc-default-executor-2] INFO  client.GrpcClientProtocolClient (GrpcClientProtocolClient.java:onNext(255)) - client-CB1B8AC74E59->81367453-3bf0-4298-8a83-8d5c3816df16: receive RaftClientReply:client-CB1B8AC74E59->81367453-3bf0-4298-8a83-8d5c3816df16@group-F6EC397515C5, cid=927, SUCCESS, logIndex=1314, commits[81367453-3bf0-4298-8a83-8d5c3816df16:c1315]
2019-09-03 20:25:56,294 [grpc-default-executor-2] INFO  client.GrpcClientProtocolClient (GrpcClientProtocolClient.java:onNext(255)) - client-CB1B8AC74E59->81367453-3bf0-4298-8a83-8d5c3816df16: receive RaftClientReply:client-CB1B8AC74E59->81367453-3bf0-4298-8a83-8d5c3816df16@group-F6EC397515C5, cid=928, SUCCESS, logIndex=1315, commits[81367453-3bf0-4298-8a83-8d5c3816df16:c1315]
2019-09-03 20:25:56,334 [SCMBlockDeletingService#1] DEBUG block.SCMBlockDeletingService (SCMBlockDeletingService.java:call(138)) - Running DeletedBlockTransactionScanner
2019-09-03 20:25:56,334 [SCMBlockDeletingService#1] DEBUG block.SCMBlockDeletingService (SCMBlockDeletingService.java:call(155)) - Scanned deleted blocks log and got 0 delTX to process.
2019-09-03 20:25:56,417 [grpc-default-executor-1] INFO  client.GrpcClientProtocolClient (GrpcClientProtocolClient.java:onNext(255)) - client-CB1B8AC74E59->81367453-3bf0-4298-8a83-8d5c3816df16: receive RaftClientReply:client-CB1B8AC74E59->81367453-3bf0-4298-8a83-8d5c3816df16@group-F6EC397515C5, cid=929, SUCCESS, logIndex=1318, commits[81367453-3bf0-4298-8a83-8d5c3816df16:c1319]
2019-09-03 20:25:56,418 [grpc-default-executor-1] INFO  client.GrpcClientProtocolClient (GrpcClientProtocolClient.java:onNext(255)) - client-CB1B8AC74E59->81367453-3bf0-4298-8a83-8d5c3816df16: receive RaftClientReply:client-CB1B8AC74E59->81367453-3bf0-4298-8a83-8d5c3816df16@group-F6EC397515C5, cid=930, SUCCESS, logIndex=1319, commits[81367453-3bf0-4298-8a83-8d5c3816df16:c1319]
2019-09-03 20:25:56,421 [grpc-default-executor-1] INFO  client.GrpcClientProtocolClient (GrpcClientProtocolClient.java:onNext(255)) - client-CB1B8AC74E59->81367453-3bf0-4298-8a83-8d5c3816df16: receive RaftClientReply:client-CB1B8AC74E59->81367453-3bf0-4298-8a83-8d5c3816df16@group-F6EC397515C5, cid=931, SUCCESS, logIndex=1320, commits[81367453-3bf0-4298-8a83-8d5c3816df16:c1321]
2019-09-03 20:25:56,421 [grpc-default-executor-1] INFO  client.GrpcClientProtocolClient (GrpcClientProtocolClient.java:onNext(255)) - client-CB1B8AC74E59->81367453-3bf0-4298-8a83-8d5c3816df16: receive RaftClientReply:client-CB1B8AC74E59->81367453-3bf0-4298-8a83-8d5c3816df16@group-F6EC397515C5, cid=932, SUCCESS, logIndex=1321, commits[81367453-3bf0-4298-8a83-8d5c3816df16:c1321]
2019-09-03 20:25:56,435 [SCMBlockDeletingService#1] DEBUG block.SCMBlockDeletingService (SCMBlockDeletingService.java:call(138)) - Running DeletedBlockTransactionScanner
2019-09-03 20:25:56,435 [SCMBlockDeletingService#1] DEBUG block.SCMBlockDeletingService (SCMBlockDeletingService.java:call(155)) - Scanned deleted blocks log and got 0 delTX to process.
2019-09-03 20:25:56,436 [grpc-default-executor-1] INFO  client.GrpcClientProtocolClient (GrpcClientProtocolClient.java:onNext(255)) - client-CB1B8AC74E59->81367453-3bf0-4298-8a83-8d5c3816df16: receive RaftClientReply:client-CB1B8AC74E59->81367453-3bf0-4298-8a83-8d5c3816df16@group-F6EC397515C5, cid=933, SUCCESS, logIndex=1324, commits[81367453-3bf0-4298-8a83-8d5c3816df16:c1327]
2019-09-03 20:25:56,436 [grpc-default-executor-1] INFO  client.GrpcClientProtocolClient (GrpcClientProtocolClient.java:onNext(255)) - client-CB1B8AC74E59->81367453-3bf0-4298-8a83-8d5c3816df16: receive RaftClientReply:client-CB1B8AC74E59->81367453-3bf0-4298-8a83-8d5c3816df16@group-F6EC397515C5, cid=934, SUCCESS, logIndex=1325, commits[81367453-3bf0-4298-8a83-8d5c3816df16:c1327]
2019-09-03 20:25:56,437 [grpc-default-executor-1] INFO  client.GrpcClientProtocolClient (GrpcClientProtocolClient.java:onNext(255)) - client-CB1B8AC74E59->81367453-3bf0-4298-8a83-8d5c3816df16: receive RaftClientReply:client-CB1B8AC74E59->81367453-3bf0-4298-8a83-8d5c3816df16@group-F6EC397515C5, cid=935, SUCCESS, logIndex=1326, commits[81367453-3bf0-4298-8a83-8d5c3816df16:c1327]
2019-09-03 20:25:56,437 [grpc-default-executor-1] INFO  client.GrpcClientProtocolClient (GrpcClientProtocolClient.java:onNext(255)) - client-CB1B8AC74E59->81367453-3bf0-4298-8a83-8d5c3816df16: receive RaftClientReply:client-CB1B8AC74E59->81367453-3bf0-4298-8a83-8d5c3816df16@group-F6EC397515C5, cid=936, SUCCESS, logIndex=1327, commits[81367453-3bf0-4298-8a83-8d5c3816df16:c1327]
2019-09-03 20:25:56,466 [grpc-default-executor-1] INFO  client.GrpcClientProtocolClient (GrpcClientProtocolClient.java:onNext(255)) - client-CB1B8AC74E59->81367453-3bf0-4298-8a83-8d5c3816df16: receive RaftClientReply:client-CB1B8AC74E59->81367453-3bf0-4298-8a83-8d5c3816df16@group-F6EC397515C5, cid=937, SUCCESS, logIndex=1329, commits[81367453-3bf0-4298-8a83-8d5c3816df16:c1330]
2019-09-03 20:25:56,467 [grpc-default-executor-1] INFO  client.GrpcClientProtocolClient (GrpcClientProtocolClient.java:onNext(255)) - client-CB1B8AC74E59->81367453-3bf0-4298-8a83-8d5c3816df16: receive RaftClientReply:client-CB1B8AC74E59->81367453-3bf0-4298-8a83-8d5c3816df16@group-F6EC397515C5, cid=938, SUCCESS, logIndex=1330, commits[81367453-3bf0-4298-8a83-8d5c3816df16:c1330]
2019-09-03 20:25:56,470 [grpc-default-executor-1] INFO  client.GrpcClientProtocolClient (GrpcClientProtocolClient.java:onNext(255)) - client-CB1B8AC74E59->81367453-3bf0-4298-8a83-8d5c3816df16: receive RaftClientReply:client-CB1B8AC74E59->81367453-3bf0-4298-8a83-8d5c3816df16@group-F6EC397515C5, cid=939, SUCCESS, logIndex=1331, commits[81367453-3bf0-4298-8a83-8d5c3816df16:c1332]
2019-09-03 20:25:56,471 [grpc-default-executor-1] INFO  client.GrpcClientProtocolClient (GrpcClientProtocolClient.java:onNext(255)) - client-CB1B8AC74E59->81367453-3bf0-4298-8a83-8d5c3816df16: receive RaftClientReply:client-CB1B8AC74E59->81367453-3bf0-4298-8a83-8d5c3816df16@group-F6EC397515C5, cid=940, SUCCESS, logIndex=1332, commits[81367453-3bf0-4298-8a83-8d5c3816df16:c1332]
2019-09-03 20:25:56,492 [grpc-default-executor-1] INFO  client.GrpcClientProtocolClient (GrpcClientProtocolClient.java:onNext(255)) - client-CB1B8AC74E59->81367453-3bf0-4298-8a83-8d5c3816df16: receive RaftClientReply:client-CB1B8AC74E59->81367453-3bf0-4298-8a83-8d5c3816df16@group-F6EC397515C5, cid=941, SUCCESS, logIndex=1335, commits[81367453-3bf0-4298-8a83-8d5c3816df16:c1338]
2019-09-03 20:25:56,493 [grpc-default-executor-1] INFO  client.GrpcClientProtocolClient (GrpcClientProtocolClient.java:onNext(255)) - client-CB1B8AC74E59->81367453-3bf0-4298-8a83-8d5c3816df16: receive RaftClientReply:client-CB1B8AC74E59->81367453-3bf0-4298-8a83-8d5c3816df16@group-F6EC397515C5, cid=942, SUCCESS, logIndex=1336, commits[81367453-3bf0-4298-8a83-8d5c3816df16:c1338]
2019-09-03 20:25:56,493 [grpc-default-executor-1] INFO  client.GrpcClientProtocolClient (GrpcClientProtocolClient.java:onNext(255)) - client-CB1B8AC74E59->81367453-3bf0-4298-8a83-8d5c3816df16: receive RaftClientReply:client-CB1B8AC74E59->81367453-3bf0-4298-8a83-8d5c3816df16@group-F6EC397515C5, cid=943, SUCCESS, logIndex=1337, commits[81367453-3bf0-4298-8a83-8d5c3816df16:c1338]
2019-09-03 20:25:56,494 [grpc-default-executor-1] INFO  client.GrpcClientProtocolClient (GrpcClientProtocolClient.java:onNext(255)) - client-CB1B8AC74E59->81367453-3bf0-4298-8a83-8d5c3816df16: receive RaftClientReply:client-CB1B8AC74E59->81367453-3bf0-4298-8a83-8d5c3816df16@group-F6EC397515C5, cid=944, SUCCESS, logIndex=1338, commits[81367453-3bf0-4298-8a83-8d5c3816df16:c1338]
2019-09-03 20:25:56,523 [grpc-default-executor-1] INFO  client.GrpcClientProtocolClient (GrpcClientProtocolClient.java:onNext(255)) - client-CB1B8AC74E59->81367453-3bf0-4298-8a83-8d5c3816df16: receive RaftClientReply:client-CB1B8AC74E59->81367453-3bf0-4298-8a83-8d5c3816df16@group-F6EC397515C5, cid=945, SUCCESS, logIndex=1340, commits[81367453-3bf0-4298-8a83-8d5c3816df16:c1341]
2019-09-03 20:25:56,524 [grpc-default-executor-1] INFO  client.GrpcClientProtocolClient (GrpcClientProtocolClient.java:onNext(255)) - client-CB1B8AC74E59->81367453-3bf0-4298-8a83-8d5c3816df16: receive RaftClientReply:client-CB1B8AC74E59->81367453-3bf0-4298-8a83-8d5c3816df16@group-F6EC397515C5, cid=946, SUCCESS, logIndex=1341, commits[81367453-3bf0-4298-8a83-8d5c3816df16:c1341]
2019-09-03 20:25:56,536 [SCMBlockDeletingService#1] DEBUG block.SCMBlockDeletingService (SCMBlockDeletingService.java:call(138)) - Running DeletedBlockTransactionScanner
2019-09-03 20:25:56,536 [SCMBlockDeletingService#1] DEBUG block.SCMBlockDeletingService (SCMBlockDeletingService.java:call(155)) - Scanned deleted blocks log and got 0 delTX to process.
2019-09-03 20:25:56,550 [grpc-default-executor-1] INFO  client.GrpcClientProtocolClient (GrpcClientProtocolClient.java:onNext(255)) - client-CB1B8AC74E59->81367453-3bf0-4298-8a83-8d5c3816df16: receive RaftClientReply:client-CB1B8AC74E59->81367453-3bf0-4298-8a83-8d5c3816df16@group-F6EC397515C5, cid=947, SUCCESS, logIndex=1342, commits[81367453-3bf0-4298-8a83-8d5c3816df16:c1343]
2019-09-03 20:25:56,550 [grpc-default-executor-1] INFO  client.GrpcClientProtocolClient (GrpcClientProtocolClient.java:onNext(255)) - client-CB1B8AC74E59->81367453-3bf0-4298-8a83-8d5c3816df16: receive RaftClientReply:client-CB1B8AC74E59->81367453-3bf0-4298-8a83-8d5c3816df16@group-F6EC397515C5, cid=948, SUCCESS, logIndex=1343, commits[81367453-3bf0-4298-8a83-8d5c3816df16:c1343]
2019-09-03 20:25:56,569 [grpc-default-executor-1] INFO  client.GrpcClientProtocolClient (GrpcClientProtocolClient.java:onNext(255)) - client-CB1B8AC74E59->81367453-3bf0-4298-8a83-8d5c3816df16: receive RaftClientReply:client-CB1B8AC74E59->81367453-3bf0-4298-8a83-8d5c3816df16@group-F6EC397515C5, cid=949, SUCCESS, logIndex=1346, commits[81367453-3bf0-4298-8a83-8d5c3816df16:c1347]
2019-09-03 20:25:56,569 [grpc-default-executor-1] INFO  client.GrpcClientProtocolClient (GrpcClientProtocolClient.java:onNext(255)) - client-CB1B8AC74E59->81367453-3bf0-4298-8a83-8d5c3816df16: receive RaftClientReply:client-CB1B8AC74E59->81367453-3bf0-4298-8a83-8d5c3816df16@group-F6EC397515C5, cid=950, SUCCESS, logIndex=1347, commits[81367453-3bf0-4298-8a83-8d5c3816df16:c1347]
2019-09-03 20:25:56,575 [grpc-default-executor-1] INFO  client.GrpcClientProtocolClient (GrpcClientProtocolClient.java:onNext(255)) - client-CB1B8AC74E59->81367453-3bf0-4298-8a83-8d5c3816df16: receive RaftClientReply:client-CB1B8AC74E59->81367453-3bf0-4298-8a83-8d5c3816df16@group-F6EC397515C5, cid=951, SUCCESS, logIndex=1348, commits[81367453-3bf0-4298-8a83-8d5c3816df16:c1349]
2019-09-03 20:25:56,576 [grpc-default-executor-1] INFO  client.GrpcClientProtocolClient (GrpcClientProtocolClient.java:onNext(255)) - client-CB1B8AC74E59->81367453-3bf0-4298-8a83-8d5c3816df16: receive RaftClientReply:client-CB1B8AC74E59->81367453-3bf0-4298-8a83-8d5c3816df16@group-F6EC397515C5, cid=952, SUCCESS, logIndex=1349, commits[81367453-3bf0-4298-8a83-8d5c3816df16:c1349]
2019-09-03 20:25:56,606 [grpc-default-executor-2] INFO  client.GrpcClientProtocolClient (GrpcClientProtocolClient.java:onNext(255)) - client-CB1B8AC74E59->81367453-3bf0-4298-8a83-8d5c3816df16: receive RaftClientReply:client-CB1B8AC74E59->81367453-3bf0-4298-8a83-8d5c3816df16@group-F6EC397515C5, cid=953, SUCCESS, logIndex=1352, commits[81367453-3bf0-4298-8a83-8d5c3816df16:c1355]
2019-09-03 20:25:56,607 [grpc-default-executor-2] INFO  client.GrpcClientProtocolClient (GrpcClientProtocolClient.java:onNext(255)) - client-CB1B8AC74E59->81367453-3bf0-4298-8a83-8d5c3816df16: receive RaftClientReply:client-CB1B8AC74E59->81367453-3bf0-4298-8a83-8d5c3816df16@group-F6EC397515C5, cid=954, SUCCESS, logIndex=1353, commits[81367453-3bf0-4298-8a83-8d5c3816df16:c1355]
2019-09-03 20:25:56,607 [grpc-default-executor-2] INFO  client.GrpcClientProtocolClient (GrpcClientProtocolClient.java:onNext(255)) - client-CB1B8AC74E59->81367453-3bf0-4298-8a83-8d5c3816df16: receive RaftClientReply:client-CB1B8AC74E59->81367453-3bf0-4298-8a83-8d5c3816df16@group-F6EC397515C5, cid=955, SUCCESS, logIndex=1354, commits[81367453-3bf0-4298-8a83-8d5c3816df16:c1355]
2019-09-03 20:25:56,607 [grpc-default-executor-2] INFO  client.GrpcClientProtocolClient (GrpcClientProtocolClient.java:onNext(255)) - client-CB1B8AC74E59->81367453-3bf0-4298-8a83-8d5c3816df16: receive RaftClientReply:client-CB1B8AC74E59->81367453-3bf0-4298-8a83-8d5c3816df16@group-F6EC397515C5, cid=956, SUCCESS, logIndex=1355, commits[81367453-3bf0-4298-8a83-8d5c3816df16:c1355]
2019-09-03 20:25:56,622 [grpc-default-executor-2] INFO  client.GrpcClientProtocolClient (GrpcClientProtocolClient.java:onNext(255)) - client-CB1B8AC74E59->81367453-3bf0-4298-8a83-8d5c3816df16: receive RaftClientReply:client-CB1B8AC74E59->81367453-3bf0-4298-8a83-8d5c3816df16@group-F6EC397515C5, cid=957, SUCCESS, logIndex=1357, commits[81367453-3bf0-4298-8a83-8d5c3816df16:c1358]
2019-09-03 20:25:56,622 [grpc-default-executor-2] INFO  client.GrpcClientProtocolClient (GrpcClientProtocolClient.java:onNext(255)) - client-CB1B8AC74E59->81367453-3bf0-4298-8a83-8d5c3816df16: receive RaftClientReply:client-CB1B8AC74E59->81367453-3bf0-4298-8a83-8d5c3816df16@group-F6EC397515C5, cid=958, SUCCESS, logIndex=1358, commits[81367453-3bf0-4298-8a83-8d5c3816df16:c1358]
2019-09-03 20:25:56,632 [grpc-default-executor-2] INFO  client.GrpcClientProtocolClient (GrpcClientProtocolClient.java:onNext(255)) - client-CB1B8AC74E59->81367453-3bf0-4298-8a83-8d5c3816df16: receive RaftClientReply:client-CB1B8AC74E59->81367453-3bf0-4298-8a83-8d5c3816df16@group-F6EC397515C5, cid=959, SUCCESS, logIndex=1359, commits[81367453-3bf0-4298-8a83-8d5c3816df16:c1360]
2019-09-03 20:25:56,632 [grpc-default-executor-2] INFO  client.GrpcClientProtocolClient (GrpcClientProtocolClient.java:onNext(255)) - client-CB1B8AC74E59->81367453-3bf0-4298-8a83-8d5c3816df16: receive RaftClientReply:client-CB1B8AC74E59->81367453-3bf0-4298-8a83-8d5c3816df16@group-F6EC397515C5, cid=960, SUCCESS, logIndex=1360, commits[81367453-3bf0-4298-8a83-8d5c3816df16:c1360]
2019-09-03 20:25:56,636 [SCMBlockDeletingService#0] DEBUG block.SCMBlockDeletingService (SCMBlockDeletingService.java:call(138)) - Running DeletedBlockTransactionScanner
2019-09-03 20:25:56,636 [SCMBlockDeletingService#0] DEBUG block.SCMBlockDeletingService (SCMBlockDeletingService.java:call(155)) - Scanned deleted blocks log and got 0 delTX to process.
2019-09-03 20:25:56,664 [grpc-default-executor-2] INFO  client.GrpcClientProtocolClient (GrpcClientProtocolClient.java:onNext(255)) - client-CB1B8AC74E59->81367453-3bf0-4298-8a83-8d5c3816df16: receive RaftClientReply:client-CB1B8AC74E59->81367453-3bf0-4298-8a83-8d5c3816df16@group-F6EC397515C5, cid=961, SUCCESS, logIndex=1363, commits[81367453-3bf0-4298-8a83-8d5c3816df16:c1366]
2019-09-03 20:25:56,664 [grpc-default-executor-2] INFO  client.GrpcClientProtocolClient (GrpcClientProtocolClient.java:onNext(255)) - client-CB1B8AC74E59->81367453-3bf0-4298-8a83-8d5c3816df16: receive RaftClientReply:client-CB1B8AC74E59->81367453-3bf0-4298-8a83-8d5c3816df16@group-F6EC397515C5, cid=962, SUCCESS, logIndex=1364, commits[81367453-3bf0-4298-8a83-8d5c3816df16:c1366]
2019-09-03 20:25:56,665 [grpc-default-executor-2] INFO  client.GrpcClientProtocolClient (GrpcClientProtocolClient.java:onNext(255)) - client-CB1B8AC74E59->81367453-3bf0-4298-8a83-8d5c3816df16: receive RaftClientReply:client-CB1B8AC74E59->81367453-3bf0-4298-8a83-8d5c3816df16@group-F6EC397515C5, cid=963, SUCCESS, logIndex=1365, commits[81367453-3bf0-4298-8a83-8d5c3816df16:c1366]
2019-09-03 20:25:56,665 [grpc-default-executor-2] INFO  client.GrpcClientProtocolClient (GrpcClientProtocolClient.java:onNext(255)) - client-CB1B8AC74E59->81367453-3bf0-4298-8a83-8d5c3816df16: receive RaftClientReply:client-CB1B8AC74E59->81367453-3bf0-4298-8a83-8d5c3816df16@group-F6EC397515C5, cid=964, SUCCESS, logIndex=1366, commits[81367453-3bf0-4298-8a83-8d5c3816df16:c1366]
2019-09-03 20:25:56,715 [grpc-default-executor-2] INFO  client.GrpcClientProtocolClient (GrpcClientProtocolClient.java:onNext(255)) - client-CB1B8AC74E59->81367453-3bf0-4298-8a83-8d5c3816df16: receive RaftClientReply:client-CB1B8AC74E59->81367453-3bf0-4298-8a83-8d5c3816df16@group-F6EC397515C5, cid=965, SUCCESS, logIndex=1368, commits[81367453-3bf0-4298-8a83-8d5c3816df16:c1371]
2019-09-03 20:25:56,715 [grpc-default-executor-2] INFO  client.GrpcClientProtocolClient (GrpcClientProtocolClient.java:onNext(255)) - client-CB1B8AC74E59->81367453-3bf0-4298-8a83-8d5c3816df16: receive RaftClientReply:client-CB1B8AC74E59->81367453-3bf0-4298-8a83-8d5c3816df16@group-F6EC397515C5, cid=966, SUCCESS, logIndex=1369, commits[81367453-3bf0-4298-8a83-8d5c3816df16:c1371]
2019-09-03 20:25:56,716 [grpc-default-executor-2] INFO  client.GrpcClientProtocolClient (GrpcClientProtocolClient.java:onNext(255)) - client-CB1B8AC74E59->81367453-3bf0-4298-8a83-8d5c3816df16: receive RaftClientReply:client-CB1B8AC74E59->81367453-3bf0-4298-8a83-8d5c3816df16@group-F6EC397515C5, cid=967, SUCCESS, logIndex=1370, commits[81367453-3bf0-4298-8a83-8d5c3816df16:c1371]
2019-09-03 20:25:56,716 [grpc-default-executor-2] INFO  client.GrpcClientProtocolClient (GrpcClientProtocolClient.java:onNext(255)) - client-CB1B8AC74E59->81367453-3bf0-4298-8a83-8d5c3816df16: receive RaftClientReply:client-CB1B8AC74E59->81367453-3bf0-4298-8a83-8d5c3816df16@group-F6EC397515C5, cid=968, SUCCESS, logIndex=1371, commits[81367453-3bf0-4298-8a83-8d5c3816df16:c1371]
2019-09-03 20:25:56,737 [SCMBlockDeletingService#0] DEBUG block.SCMBlockDeletingService (SCMBlockDeletingService.java:call(138)) - Running DeletedBlockTransactionScanner
2019-09-03 20:25:56,737 [SCMBlockDeletingService#0] DEBUG block.SCMBlockDeletingService (SCMBlockDeletingService.java:call(155)) - Scanned deleted blocks log and got 0 delTX to process.
2019-09-03 20:25:56,737 [grpc-default-executor-2] INFO  client.GrpcClientProtocolClient (GrpcClientProtocolClient.java:onNext(255)) - client-CB1B8AC74E59->81367453-3bf0-4298-8a83-8d5c3816df16: receive RaftClientReply:client-CB1B8AC74E59->81367453-3bf0-4298-8a83-8d5c3816df16@group-F6EC397515C5, cid=969, SUCCESS, logIndex=1373, commits[81367453-3bf0-4298-8a83-8d5c3816df16:c1376]
2019-09-03 20:25:56,738 [grpc-default-executor-2] INFO  client.GrpcClientProtocolClient (GrpcClientProtocolClient.java:onNext(255)) - client-CB1B8AC74E59->81367453-3bf0-4298-8a83-8d5c3816df16: receive RaftClientReply:client-CB1B8AC74E59->81367453-3bf0-4298-8a83-8d5c3816df16@group-F6EC397515C5, cid=970, SUCCESS, logIndex=1374, commits[81367453-3bf0-4298-8a83-8d5c3816df16:c1376]
2019-09-03 20:25:56,738 [grpc-default-executor-2] INFO  client.GrpcClientProtocolClient (GrpcClientProtocolClient.java:onNext(255)) - client-CB1B8AC74E59->81367453-3bf0-4298-8a83-8d5c3816df16: receive RaftClientReply:client-CB1B8AC74E59->81367453-3bf0-4298-8a83-8d5c3816df16@group-F6EC397515C5, cid=971, SUCCESS, logIndex=1375, commits[81367453-3bf0-4298-8a83-8d5c3816df16:c1377]
2019-09-03 20:25:56,739 [grpc-default-executor-2] INFO  client.GrpcClientProtocolClient (GrpcClientProtocolClient.java:onNext(255)) - client-CB1B8AC74E59->81367453-3bf0-4298-8a83-8d5c3816df16: receive RaftClientReply:client-CB1B8AC74E59->81367453-3bf0-4298-8a83-8d5c3816df16@group-F6EC397515C5, cid=972, SUCCESS, logIndex=1376, commits[81367453-3bf0-4298-8a83-8d5c3816df16:c1377]
2019-09-03 20:25:56,837 [SCMBlockDeletingService#0] DEBUG block.SCMBlockDeletingService (SCMBlockDeletingService.java:call(138)) - Running DeletedBlockTransactionScanner
2019-09-03 20:25:56,838 [SCMBlockDeletingService#0] DEBUG block.SCMBlockDeletingService (SCMBlockDeletingService.java:call(155)) - Scanned deleted blocks log and got 0 delTX to process.
2019-09-03 20:25:56,938 [SCMBlockDeletingService#0] DEBUG block.SCMBlockDeletingService (SCMBlockDeletingService.java:call(138)) - Running DeletedBlockTransactionScanner
2019-09-03 20:25:56,939 [SCMBlockDeletingService#0] DEBUG block.SCMBlockDeletingService (SCMBlockDeletingService.java:call(155)) - Scanned deleted blocks log and got 0 delTX to process.
2019-09-03 20:25:56,976 [grpc-default-executor-1] INFO  client.GrpcClientProtocolClient (GrpcClientProtocolClient.java:onNext(255)) - client-CB1B8AC74E59->81367453-3bf0-4298-8a83-8d5c3816df16: receive RaftClientReply:client-CB1B8AC74E59->81367453-3bf0-4298-8a83-8d5c3816df16@group-F6EC397515C5, cid=973, SUCCESS, logIndex=1378, commits[81367453-3bf0-4298-8a83-8d5c3816df16:c1381]
2019-09-03 20:25:56,977 [grpc-default-executor-1] INFO  client.GrpcClientProtocolClient (GrpcClientProtocolClient.java:onNext(255)) - client-CB1B8AC74E59->81367453-3bf0-4298-8a83-8d5c3816df16: receive RaftClientReply:client-CB1B8AC74E59->81367453-3bf0-4298-8a83-8d5c3816df16@group-F6EC397515C5, cid=974, SUCCESS, logIndex=1379, commits[81367453-3bf0-4298-8a83-8d5c3816df16:c1381]
2019-09-03 20:25:56,978 [grpc-default-executor-1] INFO  client.GrpcClientProtocolClient (GrpcClientProtocolClient.java:onNext(255)) - client-CB1B8AC74E59->81367453-3bf0-4298-8a83-8d5c3816df16: receive RaftClientReply:client-CB1B8AC74E59->81367453-3bf0-4298-8a83-8d5c3816df16@group-F6EC397515C5, cid=975, SUCCESS, logIndex=1380, commits[81367453-3bf0-4298-8a83-8d5c3816df16:c1381]
2019-09-03 20:25:56,978 [grpc-default-executor-1] INFO  client.GrpcClientProtocolClient (GrpcClientProtocolClient.java:onNext(255)) - client-CB1B8AC74E59->81367453-3bf0-4298-8a83-8d5c3816df16: receive RaftClientReply:client-CB1B8AC74E59->81367453-3bf0-4298-8a83-8d5c3816df16@group-F6EC397515C5, cid=976, SUCCESS, logIndex=1381, commits[81367453-3bf0-4298-8a83-8d5c3816df16:c1381]
2019-09-03 20:25:57,035 [grpc-default-executor-1] INFO  client.GrpcClientProtocolClient (GrpcClientProtocolClient.java:onNext(255)) - client-CB1B8AC74E59->81367453-3bf0-4298-8a83-8d5c3816df16: receive RaftClientReply:client-CB1B8AC74E59->81367453-3bf0-4298-8a83-8d5c3816df16@group-F6EC397515C5, cid=977, SUCCESS, logIndex=1383, commits[81367453-3bf0-4298-8a83-8d5c3816df16:c1384]
2019-09-03 20:25:57,036 [grpc-default-executor-1] INFO  client.GrpcClientProtocolClient (GrpcClientProtocolClient.java:onNext(255)) - client-CB1B8AC74E59->81367453-3bf0-4298-8a83-8d5c3816df16: receive RaftClientReply:client-CB1B8AC74E59->81367453-3bf0-4298-8a83-8d5c3816df16@group-F6EC397515C5, cid=978, SUCCESS, logIndex=1384, commits[81367453-3bf0-4298-8a83-8d5c3816df16:c1384]
2019-09-03 20:25:57,039 [SCMBlockDeletingService#0] DEBUG block.SCMBlockDeletingService (SCMBlockDeletingService.java:call(138)) - Running DeletedBlockTransactionScanner
2019-09-03 20:25:57,039 [SCMBlockDeletingService#0] DEBUG block.SCMBlockDeletingService (SCMBlockDeletingService.java:call(155)) - Scanned deleted blocks log and got 0 delTX to process.
2019-09-03 20:25:57,048 [grpc-default-executor-1] INFO  client.GrpcClientProtocolClient (GrpcClientProtocolClient.java:onNext(255)) - client-CB1B8AC74E59->81367453-3bf0-4298-8a83-8d5c3816df16: receive RaftClientReply:client-CB1B8AC74E59->81367453-3bf0-4298-8a83-8d5c3816df16@group-F6EC397515C5, cid=979, SUCCESS, logIndex=1385, commits[81367453-3bf0-4298-8a83-8d5c3816df16:c1386]
2019-09-03 20:25:57,048 [grpc-default-executor-1] INFO  client.GrpcClientProtocolClient (GrpcClientProtocolClient.java:onNext(255)) - client-CB1B8AC74E59->81367453-3bf0-4298-8a83-8d5c3816df16: receive RaftClientReply:client-CB1B8AC74E59->81367453-3bf0-4298-8a83-8d5c3816df16@group-F6EC397515C5, cid=980, SUCCESS, logIndex=1386, commits[81367453-3bf0-4298-8a83-8d5c3816df16:c1386]
2019-09-03 20:25:57,078 [grpc-default-executor-1] INFO  client.GrpcClientProtocolClient (GrpcClientProtocolClient.java:onNext(255)) - client-CB1B8AC74E59->81367453-3bf0-4298-8a83-8d5c3816df16: receive RaftClientReply:client-CB1B8AC74E59->81367453-3bf0-4298-8a83-8d5c3816df16@group-F6EC397515C5, cid=981, SUCCESS, logIndex=1389, commits[81367453-3bf0-4298-8a83-8d5c3816df16:c1392]
2019-09-03 20:25:57,079 [grpc-default-executor-1] INFO  client.GrpcClientProtocolClient (GrpcClientProtocolClient.java:onNext(255)) - client-CB1B8AC74E59->81367453-3bf0-4298-8a83-8d5c3816df16: receive RaftClientReply:client-CB1B8AC74E59->81367453-3bf0-4298-8a83-8d5c3816df16@group-F6EC397515C5, cid=982, SUCCESS, logIndex=1390, commits[81367453-3bf0-4298-8a83-8d5c3816df16:c1393]
2019-09-03 20:25:57,079 [grpc-default-executor-1] INFO  client.GrpcClientProtocolClient (GrpcClientProtocolClient.java:onNext(255)) - client-CB1B8AC74E59->81367453-3bf0-4298-8a83-8d5c3816df16: receive RaftClientReply:client-CB1B8AC74E59->81367453-3bf0-4298-8a83-8d5c3816df16@group-F6EC397515C5, cid=983, SUCCESS, logIndex=1391, commits[81367453-3bf0-4298-8a83-8d5c3816df16:c1393]
2019-09-03 20:25:57,079 [grpc-default-executor-1] INFO  client.GrpcClientProtocolClient (GrpcClientProtocolClient.java:onNext(255)) - client-CB1B8AC74E59->81367453-3bf0-4298-8a83-8d5c3816df16: receive RaftClientReply:client-CB1B8AC74E59->81367453-3bf0-4298-8a83-8d5c3816df16@group-F6EC397515C5, cid=984, SUCCESS, logIndex=1392, commits[81367453-3bf0-4298-8a83-8d5c3816df16:c1393]
2019-09-03 20:25:57,102 [grpc-default-executor-2] INFO  client.GrpcClientProtocolClient (GrpcClientProtocolClient.java:onNext(255)) - client-CB1B8AC74E59->81367453-3bf0-4298-8a83-8d5c3816df16: receive RaftClientReply:client-CB1B8AC74E59->81367453-3bf0-4298-8a83-8d5c3816df16@group-F6EC397515C5, cid=985, SUCCESS, logIndex=1394, commits[81367453-3bf0-4298-8a83-8d5c3816df16:c1397]
2019-09-03 20:25:57,103 [grpc-default-executor-2] INFO  client.GrpcClientProtocolClient (GrpcClientProtocolClient.java:onNext(255)) - client-CB1B8AC74E59->81367453-3bf0-4298-8a83-8d5c3816df16: receive RaftClientReply:client-CB1B8AC74E59->81367453-3bf0-4298-8a83-8d5c3816df16@group-F6EC397515C5, cid=986, SUCCESS, logIndex=1395, commits[81367453-3bf0-4298-8a83-8d5c3816df16:c1397]
2019-09-03 20:25:57,103 [grpc-default-executor-2] INFO  client.GrpcClientProtocolClient (GrpcClientProtocolClient.java:onNext(255)) - client-CB1B8AC74E59->81367453-3bf0-4298-8a83-8d5c3816df16: receive RaftClientReply:client-CB1B8AC74E59->81367453-3bf0-4298-8a83-8d5c3816df16@group-F6EC397515C5, cid=987, SUCCESS, logIndex=1396, commits[81367453-3bf0-4298-8a83-8d5c3816df16:c1397]
2019-09-03 20:25:57,104 [grpc-default-executor-2] INFO  client.GrpcClientProtocolClient (GrpcClientProtocolClient.java:onNext(255)) - client-CB1B8AC74E59->81367453-3bf0-4298-8a83-8d5c3816df16: receive RaftClientReply:client-CB1B8AC74E59->81367453-3bf0-4298-8a83-8d5c3816df16@group-F6EC397515C5, cid=988, SUCCESS, logIndex=1397, commits[81367453-3bf0-4298-8a83-8d5c3816df16:c1397]
2019-09-03 20:25:57,115 [grpc-default-executor-1] INFO  client.GrpcClientProtocolClient (GrpcClientProtocolClient.java:onNext(255)) - client-CB1B8AC74E59->81367453-3bf0-4298-8a83-8d5c3816df16: receive RaftClientReply:client-CB1B8AC74E59->81367453-3bf0-4298-8a83-8d5c3816df16@group-F6EC397515C5, cid=989, SUCCESS, logIndex=1399, commits[81367453-3bf0-4298-8a83-8d5c3816df16:c1402]
2019-09-03 20:25:57,116 [grpc-default-executor-1] INFO  client.GrpcClientProtocolClient (GrpcClientProtocolClient.java:onNext(255)) - client-CB1B8AC74E59->81367453-3bf0-4298-8a83-8d5c3816df16: receive RaftClientReply:client-CB1B8AC74E59->81367453-3bf0-4298-8a83-8d5c3816df16@group-F6EC397515C5, cid=990, SUCCESS, logIndex=1400, commits[81367453-3bf0-4298-8a83-8d5c3816df16:c1402]
2019-09-03 20:25:57,116 [grpc-default-executor-1] INFO  client.GrpcClientProtocolClient (GrpcClientProtocolClient.java:onNext(255)) - client-CB1B8AC74E59->81367453-3bf0-4298-8a83-8d5c3816df16: receive RaftClientReply:client-CB1B8AC74E59->81367453-3bf0-4298-8a83-8d5c3816df16@group-F6EC397515C5, cid=991, SUCCESS, logIndex=1401, commits[81367453-3bf0-4298-8a83-8d5c3816df16:c1402]
2019-09-03 20:25:57,116 [grpc-default-executor-1] INFO  client.GrpcClientProtocolClient (GrpcClientProtocolClient.java:onNext(255)) - client-CB1B8AC74E59->81367453-3bf0-4298-8a83-8d5c3816df16: receive RaftClientReply:client-CB1B8AC74E59->81367453-3bf0-4298-8a83-8d5c3816df16@group-F6EC397515C5, cid=992, SUCCESS, logIndex=1402, commits[81367453-3bf0-4298-8a83-8d5c3816df16:c1402]
2019-09-03 20:25:57,134 [grpc-default-executor-2] INFO  client.GrpcClientProtocolClient (GrpcClientProtocolClient.java:onNext(255)) - client-CB1B8AC74E59->81367453-3bf0-4298-8a83-8d5c3816df16: receive RaftClientReply:client-CB1B8AC74E59->81367453-3bf0-4298-8a83-8d5c3816df16@group-F6EC397515C5, cid=993, SUCCESS, logIndex=1404, commits[81367453-3bf0-4298-8a83-8d5c3816df16:c1405]
2019-09-03 20:25:57,135 [grpc-default-executor-2] INFO  client.GrpcClientProtocolClient (GrpcClientProtocolClient.java:onNext(255)) - client-CB1B8AC74E59->81367453-3bf0-4298-8a83-8d5c3816df16: receive RaftClientReply:client-CB1B8AC74E59->81367453-3bf0-4298-8a83-8d5c3816df16@group-F6EC397515C5, cid=994, SUCCESS, logIndex=1405, commits[81367453-3bf0-4298-8a83-8d5c3816df16:c1405]
2019-09-03 20:25:57,140 [SCMBlockDeletingService#1] DEBUG block.SCMBlockDeletingService (SCMBlockDeletingService.java:call(138)) - Running DeletedBlockTransactionScanner
2019-09-03 20:25:57,140 [SCMBlockDeletingService#1] DEBUG block.SCMBlockDeletingService (SCMBlockDeletingService.java:call(155)) - Scanned deleted blocks log and got 0 delTX to process.
2019-09-03 20:25:57,148 [grpc-default-executor-2] INFO  client.GrpcClientProtocolClient (GrpcClientProtocolClient.java:onNext(255)) - client-CB1B8AC74E59->81367453-3bf0-4298-8a83-8d5c3816df16: receive RaftClientReply:client-CB1B8AC74E59->81367453-3bf0-4298-8a83-8d5c3816df16@group-F6EC397515C5, cid=995, SUCCESS, logIndex=1406, commits[81367453-3bf0-4298-8a83-8d5c3816df16:c1407]
2019-09-03 20:25:57,149 [grpc-default-executor-2] INFO  client.GrpcClientProtocolClient (GrpcClientProtocolClient.java:onNext(255)) - client-CB1B8AC74E59->81367453-3bf0-4298-8a83-8d5c3816df16: receive RaftClientReply:client-CB1B8AC74E59->81367453-3bf0-4298-8a83-8d5c3816df16@group-F6EC397515C5, cid=996, SUCCESS, logIndex=1407, commits[81367453-3bf0-4298-8a83-8d5c3816df16:c1407]
2019-09-03 20:25:57,174 [grpc-default-executor-1] INFO  client.GrpcClientProtocolClient (GrpcClientProtocolClient.java:onNext(255)) - client-CB1B8AC74E59->81367453-3bf0-4298-8a83-8d5c3816df16: receive RaftClientReply:client-CB1B8AC74E59->81367453-3bf0-4298-8a83-8d5c3816df16@group-F6EC397515C5, cid=997, SUCCESS, logIndex=1410, commits[81367453-3bf0-4298-8a83-8d5c3816df16:c1413]
2019-09-03 20:25:57,174 [grpc-default-executor-1] INFO  client.GrpcClientProtocolClient (GrpcClientProtocolClient.java:onNext(255)) - client-CB1B8AC74E59->81367453-3bf0-4298-8a83-8d5c3816df16: receive RaftClientReply:client-CB1B8AC74E59->81367453-3bf0-4298-8a83-8d5c3816df16@group-F6EC397515C5, cid=998, SUCCESS, logIndex=1411, commits[81367453-3bf0-4298-8a83-8d5c3816df16:c1414]
2019-09-03 20:25:57,175 [grpc-default-executor-1] INFO  client.GrpcClientProtocolClient (GrpcClientProtocolClient.java:onNext(255)) - client-CB1B8AC74E59->81367453-3bf0-4298-8a83-8d5c3816df16: receive RaftClientReply:client-CB1B8AC74E59->81367453-3bf0-4298-8a83-8d5c3816df16@group-F6EC397515C5, cid=999, SUCCESS, logIndex=1412, commits[81367453-3bf0-4298-8a83-8d5c3816df16:c1414]
2019-09-03 20:25:57,175 [grpc-default-executor-1] INFO  client.GrpcClientProtocolClient (GrpcClientProtocolClient.java:onNext(255)) - client-CB1B8AC74E59->81367453-3bf0-4298-8a83-8d5c3816df16: receive RaftClientReply:client-CB1B8AC74E59->81367453-3bf0-4298-8a83-8d5c3816df16@group-F6EC397515C5, cid=1000, SUCCESS, logIndex=1413, commits[81367453-3bf0-4298-8a83-8d5c3816df16:c1414]
2019-09-03 20:25:57,205 [grpc-default-executor-2] INFO  client.GrpcClientProtocolClient (GrpcClientProtocolClient.java:onNext(255)) - client-CB1B8AC74E59->81367453-3bf0-4298-8a83-8d5c3816df16: receive RaftClientReply:client-CB1B8AC74E59->81367453-3bf0-4298-8a83-8d5c3816df16@group-F6EC397515C5, cid=1001, SUCCESS, logIndex=1415, commits[81367453-3bf0-4298-8a83-8d5c3816df16:c1418]
2019-09-03 20:25:57,210 [grpc-default-executor-2] INFO  client.GrpcClientProtocolClient (GrpcClientProtocolClient.java:onNext(255)) - client-CB1B8AC74E59->81367453-3bf0-4298-8a83-8d5c3816df16: receive RaftClientReply:client-CB1B8AC74E59->81367453-3bf0-4298-8a83-8d5c3816df16@group-F6EC397515C5, cid=1002, SUCCESS, logIndex=1416, commits[81367453-3bf0-4298-8a83-8d5c3816df16:c1418]
2019-09-03 20:25:57,210 [grpc-default-executor-2] INFO  client.GrpcClientProtocolClient (GrpcClientProtocolClient.java:onNext(255)) - client-CB1B8AC74E59->81367453-3bf0-4298-8a83-8d5c3816df16: receive RaftClientReply:client-CB1B8AC74E59->81367453-3bf0-4298-8a83-8d5c3816df16@group-F6EC397515C5, cid=1003, SUCCESS, logIndex=1417, commits[81367453-3bf0-4298-8a83-8d5c3816df16:c1418]
2019-09-03 20:25:57,211 [grpc-default-executor-2] INFO  client.GrpcClientProtocolClient (GrpcClientProtocolClient.java:onNext(255)) - client-CB1B8AC74E59->81367453-3bf0-4298-8a83-8d5c3816df16: receive RaftClientReply:client-CB1B8AC74E59->81367453-3bf0-4298-8a83-8d5c3816df16@group-F6EC397515C5, cid=1004, SUCCESS, logIndex=1418, commits[81367453-3bf0-4298-8a83-8d5c3816df16:c1418]
2019-09-03 20:25:57,236 [grpc-default-executor-1] INFO  client.GrpcClientProtocolClient (GrpcClientProtocolClient.java:onNext(255)) - client-CB1B8AC74E59->81367453-3bf0-4298-8a83-8d5c3816df16: receive RaftClientReply:client-CB1B8AC74E59->81367453-3bf0-4298-8a83-8d5c3816df16@group-F6EC397515C5, cid=1005, SUCCESS, logIndex=1420, commits[81367453-3bf0-4298-8a83-8d5c3816df16:c1423]
2019-09-03 20:25:57,236 [grpc-default-executor-1] INFO  client.GrpcClientProtocolClient (GrpcClientProtocolClient.java:onNext(255)) - client-CB1B8AC74E59->81367453-3bf0-4298-8a83-8d5c3816df16: receive RaftClientReply:client-CB1B8AC74E59->81367453-3bf0-4298-8a83-8d5c3816df16@group-F6EC397515C5, cid=1006, SUCCESS, logIndex=1421, commits[81367453-3bf0-4298-8a83-8d5c3816df16:c1423]
2019-09-03 20:25:57,236 [grpc-default-executor-1] INFO  client.GrpcClientProtocolClient (GrpcClientProtocolClient.java:onNext(255)) - client-CB1B8AC74E59->81367453-3bf0-4298-8a83-8d5c3816df16: receive RaftClientReply:client-CB1B8AC74E59->81367453-3bf0-4298-8a83-8d5c3816df16@group-F6EC397515C5, cid=1007, SUCCESS, logIndex=1422, commits[81367453-3bf0-4298-8a83-8d5c3816df16:c1423]
2019-09-03 20:25:57,236 [grpc-default-executor-1] INFO  client.GrpcClientProtocolClient (GrpcClientProtocolClient.java:onNext(255)) - client-CB1B8AC74E59->81367453-3bf0-4298-8a83-8d5c3816df16: receive RaftClientReply:client-CB1B8AC74E59->81367453-3bf0-4298-8a83-8d5c3816df16@group-F6EC397515C5, cid=1008, SUCCESS, logIndex=1423, commits[81367453-3bf0-4298-8a83-8d5c3816df16:c1423]
2019-09-03 20:25:57,240 [SCMBlockDeletingService#1] DEBUG block.SCMBlockDeletingService (SCMBlockDeletingService.java:call(138)) - Running DeletedBlockTransactionScanner
2019-09-03 20:25:57,240 [SCMBlockDeletingService#1] DEBUG block.SCMBlockDeletingService (SCMBlockDeletingService.java:call(155)) - Scanned deleted blocks log and got 0 delTX to process.
2019-09-03 20:25:57,261 [grpc-default-executor-2] INFO  client.GrpcClientProtocolClient (GrpcClientProtocolClient.java:onNext(255)) - client-CB1B8AC74E59->81367453-3bf0-4298-8a83-8d5c3816df16: receive RaftClientReply:client-CB1B8AC74E59->81367453-3bf0-4298-8a83-8d5c3816df16@group-F6EC397515C5, cid=1009, SUCCESS, logIndex=1425, commits[81367453-3bf0-4298-8a83-8d5c3816df16:c1426]
2019-09-03 20:25:57,261 [grpc-default-executor-2] INFO  client.GrpcClientProtocolClient (GrpcClientProtocolClient.java:onNext(255)) - client-CB1B8AC74E59->81367453-3bf0-4298-8a83-8d5c3816df16: receive RaftClientReply:client-CB1B8AC74E59->81367453-3bf0-4298-8a83-8d5c3816df16@group-F6EC397515C5, cid=1010, SUCCESS, logIndex=1426, commits[81367453-3bf0-4298-8a83-8d5c3816df16:c1426]
2019-09-03 20:25:57,272 [grpc-default-executor-2] INFO  client.GrpcClientProtocolClient (GrpcClientProtocolClient.java:onNext(255)) - client-CB1B8AC74E59->81367453-3bf0-4298-8a83-8d5c3816df16: receive RaftClientReply:client-CB1B8AC74E59->81367453-3bf0-4298-8a83-8d5c3816df16@group-F6EC397515C5, cid=1011, SUCCESS, logIndex=1427, commits[81367453-3bf0-4298-8a83-8d5c3816df16:c1428]
2019-09-03 20:25:57,272 [grpc-default-executor-2] INFO  client.GrpcClientProtocolClient (GrpcClientProtocolClient.java:onNext(255)) - client-CB1B8AC74E59->81367453-3bf0-4298-8a83-8d5c3816df16: receive RaftClientReply:client-CB1B8AC74E59->81367453-3bf0-4298-8a83-8d5c3816df16@group-F6EC397515C5, cid=1012, SUCCESS, logIndex=1428, commits[81367453-3bf0-4298-8a83-8d5c3816df16:c1428]
2019-09-03 20:25:57,287 [grpc-default-executor-1] INFO  client.GrpcClientProtocolClient (GrpcClientProtocolClient.java:onNext(255)) - client-CB1B8AC74E59->81367453-3bf0-4298-8a83-8d5c3816df16: receive RaftClientReply:client-CB1B8AC74E59->81367453-3bf0-4298-8a83-8d5c3816df16@group-F6EC397515C5, cid=1013, SUCCESS, logIndex=1431, commits[81367453-3bf0-4298-8a83-8d5c3816df16:c1432]
2019-09-03 20:25:57,288 [grpc-default-executor-1] INFO  client.GrpcClientProtocolClient (GrpcClientProtocolClient.java:onNext(255)) - client-CB1B8AC74E59->81367453-3bf0-4298-8a83-8d5c3816df16: receive RaftClientReply:client-CB1B8AC74E59->81367453-3bf0-4298-8a83-8d5c3816df16@group-F6EC397515C5, cid=1014, SUCCESS, logIndex=1432, commits[81367453-3bf0-4298-8a83-8d5c3816df16:c1432]
2019-09-03 20:25:57,309 [grpc-default-executor-1] INFO  client.GrpcClientProtocolClient (GrpcClientProtocolClient.java:onNext(255)) - client-CB1B8AC74E59->81367453-3bf0-4298-8a83-8d5c3816df16: receive RaftClientReply:client-CB1B8AC74E59->81367453-3bf0-4298-8a83-8d5c3816df16@group-F6EC397515C5, cid=1015, SUCCESS, logIndex=1433, commits[81367453-3bf0-4298-8a83-8d5c3816df16:c1434]
2019-09-03 20:25:57,309 [grpc-default-executor-1] INFO  client.GrpcClientProtocolClient (GrpcClientProtocolClient.java:onNext(255)) - client-CB1B8AC74E59->81367453-3bf0-4298-8a83-8d5c3816df16: receive RaftClientReply:client-CB1B8AC74E59->81367453-3bf0-4298-8a83-8d5c3816df16@group-F6EC397515C5, cid=1016, SUCCESS, logIndex=1434, commits[81367453-3bf0-4298-8a83-8d5c3816df16:c1434]
2019-09-03 20:25:57,341 [SCMBlockDeletingService#0] DEBUG block.SCMBlockDeletingService (SCMBlockDeletingService.java:call(138)) - Running DeletedBlockTransactionScanner
2019-09-03 20:25:57,341 [SCMBlockDeletingService#0] DEBUG block.SCMBlockDeletingService (SCMBlockDeletingService.java:call(155)) - Scanned deleted blocks log and got 0 delTX to process.
2019-09-03 20:25:57,433 [grpc-default-executor-1] INFO  client.GrpcClientProtocolClient (GrpcClientProtocolClient.java:onNext(255)) - client-CB1B8AC74E59->81367453-3bf0-4298-8a83-8d5c3816df16: receive RaftClientReply:client-CB1B8AC74E59->81367453-3bf0-4298-8a83-8d5c3816df16@group-F6EC397515C5, cid=1017, SUCCESS, logIndex=1437, commits[81367453-3bf0-4298-8a83-8d5c3816df16:c1438]
2019-09-03 20:25:57,434 [grpc-default-executor-1] INFO  client.GrpcClientProtocolClient (GrpcClientProtocolClient.java:onNext(255)) - client-CB1B8AC74E59->81367453-3bf0-4298-8a83-8d5c3816df16: receive RaftClientReply:client-CB1B8AC74E59->81367453-3bf0-4298-8a83-8d5c3816df16@group-F6EC397515C5, cid=1018, SUCCESS, logIndex=1438, commits[81367453-3bf0-4298-8a83-8d5c3816df16:c1438]
2019-09-03 20:25:57,441 [SCMBlockDeletingService#0] DEBUG block.SCMBlockDeletingService (SCMBlockDeletingService.java:call(138)) - Running DeletedBlockTransactionScanner
2019-09-03 20:25:57,442 [SCMBlockDeletingService#0] DEBUG block.SCMBlockDeletingService (SCMBlockDeletingService.java:call(155)) - Scanned deleted blocks log and got 0 delTX to process.
2019-09-03 20:25:57,446 [grpc-default-executor-1] INFO  client.GrpcClientProtocolClient (GrpcClientProtocolClient.java:onNext(255)) - client-CB1B8AC74E59->81367453-3bf0-4298-8a83-8d5c3816df16: receive RaftClientReply:client-CB1B8AC74E59->81367453-3bf0-4298-8a83-8d5c3816df16@group-F6EC397515C5, cid=1019, SUCCESS, logIndex=1439, commits[81367453-3bf0-4298-8a83-8d5c3816df16:c1440]
2019-09-03 20:25:57,447 [grpc-default-executor-1] INFO  client.GrpcClientProtocolClient (GrpcClientProtocolClient.java:onNext(255)) - client-CB1B8AC74E59->81367453-3bf0-4298-8a83-8d5c3816df16: receive RaftClientReply:client-CB1B8AC74E59->81367453-3bf0-4298-8a83-8d5c3816df16@group-F6EC397515C5, cid=1020, SUCCESS, logIndex=1440, commits[81367453-3bf0-4298-8a83-8d5c3816df16:c1440]
2019-09-03 20:25:57,475 [grpc-default-executor-1] INFO  client.GrpcClientProtocolClient (GrpcClientProtocolClient.java:onNext(255)) - client-CB1B8AC74E59->81367453-3bf0-4298-8a83-8d5c3816df16: receive RaftClientReply:client-CB1B8AC74E59->81367453-3bf0-4298-8a83-8d5c3816df16@group-F6EC397515C5, cid=1021, SUCCESS, logIndex=1443, commits[81367453-3bf0-4298-8a83-8d5c3816df16:c1446]
2019-09-03 20:25:57,483 [grpc-default-executor-1] INFO  client.GrpcClientProtocolClient (GrpcClientProtocolClient.java:onNext(255)) - client-CB1B8AC74E59->81367453-3bf0-4298-8a83-8d5c3816df16: receive RaftClientReply:client-CB1B8AC74E59->81367453-3bf0-4298-8a83-8d5c3816df16@group-F6EC397515C5, cid=1022, SUCCESS, logIndex=1444, commits[81367453-3bf0-4298-8a83-8d5c3816df16:c1446]
2019-09-03 20:25:57,483 [grpc-default-executor-1] INFO  client.GrpcClientProtocolClient (GrpcClientProtocolClient.java:onNext(255)) - client-CB1B8AC74E59->81367453-3bf0-4298-8a83-8d5c3816df16: receive RaftClientReply:client-CB1B8AC74E59->81367453-3bf0-4298-8a83-8d5c3816df16@group-F6EC397515C5, cid=1023, SUCCESS, logIndex=1445, commits[81367453-3bf0-4298-8a83-8d5c3816df16:c1446]
2019-09-03 20:25:57,483 [grpc-default-executor-1] INFO  client.GrpcClientProtocolClient (GrpcClientProtocolClient.java:onNext(255)) - client-CB1B8AC74E59->81367453-3bf0-4298-8a83-8d5c3816df16: receive RaftClientReply:client-CB1B8AC74E59->81367453-3bf0-4298-8a83-8d5c3816df16@group-F6EC397515C5, cid=1024, SUCCESS, logIndex=1446, commits[81367453-3bf0-4298-8a83-8d5c3816df16:c1446]
2019-09-03 20:25:57,511 [grpc-default-executor-2] INFO  client.GrpcClientProtocolClient (GrpcClientProtocolClient.java:onNext(255)) - client-CB1B8AC74E59->81367453-3bf0-4298-8a83-8d5c3816df16: receive RaftClientReply:client-CB1B8AC74E59->81367453-3bf0-4298-8a83-8d5c3816df16@group-F6EC397515C5, cid=1025, SUCCESS, logIndex=1448, commits[81367453-3bf0-4298-8a83-8d5c3816df16:c1449]
2019-09-03 20:25:57,511 [grpc-default-executor-2] INFO  client.GrpcClientProtocolClient (GrpcClientProtocolClient.java:onNext(255)) - client-CB1B8AC74E59->81367453-3bf0-4298-8a83-8d5c3816df16: receive RaftClientReply:client-CB1B8AC74E59->81367453-3bf0-4298-8a83-8d5c3816df16@group-F6EC397515C5, cid=1026, SUCCESS, logIndex=1449, commits[81367453-3bf0-4298-8a83-8d5c3816df16:c1449]
2019-09-03 20:25:57,520 [grpc-default-executor-2] INFO  client.GrpcClientProtocolClient (GrpcClientProtocolClient.java:onNext(255)) - client-CB1B8AC74E59->81367453-3bf0-4298-8a83-8d5c3816df16: receive RaftClientReply:client-CB1B8AC74E59->81367453-3bf0-4298-8a83-8d5c3816df16@group-F6EC397515C5, cid=1027, SUCCESS, logIndex=1450, commits[81367453-3bf0-4298-8a83-8d5c3816df16:c1451]
2019-09-03 20:25:57,520 [grpc-default-executor-2] INFO  client.GrpcClientProtocolClient (GrpcClientProtocolClient.java:onNext(255)) - client-CB1B8AC74E59->81367453-3bf0-4298-8a83-8d5c3816df16: receive RaftClientReply:client-CB1B8AC74E59->81367453-3bf0-4298-8a83-8d5c3816df16@group-F6EC397515C5, cid=1028, SUCCESS, logIndex=1451, commits[81367453-3bf0-4298-8a83-8d5c3816df16:c1451]
2019-09-03 20:25:57,536 [grpc-default-executor-2] INFO  client.GrpcClientProtocolClient (GrpcClientProtocolClient.java:onNext(255)) - client-CB1B8AC74E59->81367453-3bf0-4298-8a83-8d5c3816df16: receive RaftClientReply:client-CB1B8AC74E59->81367453-3bf0-4298-8a83-8d5c3816df16@group-F6EC397515C5, cid=1029, SUCCESS, logIndex=1454, commits[81367453-3bf0-4298-8a83-8d5c3816df16:c1457]
2019-09-03 20:25:57,537 [grpc-default-executor-2] INFO  client.GrpcClientProtocolClient (GrpcClientProtocolClient.java:onNext(255)) - client-CB1B8AC74E59->81367453-3bf0-4298-8a83-8d5c3816df16: receive RaftClientReply:client-CB1B8AC74E59->81367453-3bf0-4298-8a83-8d5c3816df16@group-F6EC397515C5, cid=1030, SUCCESS, logIndex=1455, commits[81367453-3bf0-4298-8a83-8d5c3816df16:c1457]
2019-09-03 20:25:57,537 [grpc-default-executor-2] INFO  client.GrpcClientProtocolClient (GrpcClientProtocolClient.java:onNext(255)) - client-CB1B8AC74E59->81367453-3bf0-4298-8a83-8d5c3816df16: receive RaftClientReply:client-CB1B8AC74E59->81367453-3bf0-4298-8a83-8d5c3816df16@group-F6EC397515C5, cid=1031, SUCCESS, logIndex=1456, commits[81367453-3bf0-4298-8a83-8d5c3816df16:c1457]
2019-09-03 20:25:57,538 [grpc-default-executor-2] INFO  client.GrpcClientProtocolClient (GrpcClientProtocolClient.java:onNext(255)) - client-CB1B8AC74E59->81367453-3bf0-4298-8a83-8d5c3816df16: receive RaftClientReply:client-CB1B8AC74E59->81367453-3bf0-4298-8a83-8d5c3816df16@group-F6EC397515C5, cid=1032, SUCCESS, logIndex=1457, commits[81367453-3bf0-4298-8a83-8d5c3816df16:c1457]
2019-09-03 20:25:57,542 [SCMBlockDeletingService#0] DEBUG block.SCMBlockDeletingService (SCMBlockDeletingService.java:call(138)) - Running DeletedBlockTransactionScanner
2019-09-03 20:25:57,542 [SCMBlockDeletingService#0] DEBUG block.SCMBlockDeletingService (SCMBlockDeletingService.java:call(155)) - Scanned deleted blocks log and got 0 delTX to process.
2019-09-03 20:25:57,639 [grpc-default-executor-2] INFO  client.GrpcClientProtocolClient (GrpcClientProtocolClient.java:onNext(255)) - client-CB1B8AC74E59->81367453-3bf0-4298-8a83-8d5c3816df16: receive RaftClientReply:client-CB1B8AC74E59->81367453-3bf0-4298-8a83-8d5c3816df16@group-F6EC397515C5, cid=1033, SUCCESS, logIndex=1459, commits[81367453-3bf0-4298-8a83-8d5c3816df16:c1462]
2019-09-03 20:25:57,639 [grpc-default-executor-2] INFO  client.GrpcClientProtocolClient (GrpcClientProtocolClient.java:onNext(255)) - client-CB1B8AC74E59->81367453-3bf0-4298-8a83-8d5c3816df16: receive RaftClientReply:client-CB1B8AC74E59->81367453-3bf0-4298-8a83-8d5c3816df16@group-F6EC397515C5, cid=1034, SUCCESS, logIndex=1460, commits[81367453-3bf0-4298-8a83-8d5c3816df16:c1462]
2019-09-03 20:25:57,639 [grpc-default-executor-2] INFO  client.GrpcClientProtocolClient (GrpcClientProtocolClient.java:onNext(255)) - client-CB1B8AC74E59->81367453-3bf0-4298-8a83-8d5c3816df16: receive RaftClientReply:client-CB1B8AC74E59->81367453-3bf0-4298-8a83-8d5c3816df16@group-F6EC397515C5, cid=1035, SUCCESS, logIndex=1461, commits[81367453-3bf0-4298-8a83-8d5c3816df16:c1462]
2019-09-03 20:25:57,640 [grpc-default-executor-2] INFO  client.GrpcClientProtocolClient (GrpcClientProtocolClient.java:onNext(255)) - client-CB1B8AC74E59->81367453-3bf0-4298-8a83-8d5c3816df16: receive RaftClientReply:client-CB1B8AC74E59->81367453-3bf0-4298-8a83-8d5c3816df16@group-F6EC397515C5, cid=1036, SUCCESS, logIndex=1462, commits[81367453-3bf0-4298-8a83-8d5c3816df16:c1462]
2019-09-03 20:25:57,642 [SCMBlockDeletingService#0] DEBUG block.SCMBlockDeletingService (SCMBlockDeletingService.java:call(138)) - Running DeletedBlockTransactionScanner
2019-09-03 20:25:57,643 [SCMBlockDeletingService#0] DEBUG block.SCMBlockDeletingService (SCMBlockDeletingService.java:call(155)) - Scanned deleted blocks log and got 0 delTX to process.
2019-09-03 20:25:57,664 [grpc-default-executor-1] INFO  client.GrpcClientProtocolClient (GrpcClientProtocolClient.java:onNext(255)) - client-CB1B8AC74E59->81367453-3bf0-4298-8a83-8d5c3816df16: receive RaftClientReply:client-CB1B8AC74E59->81367453-3bf0-4298-8a83-8d5c3816df16@group-F6EC397515C5, cid=1037, SUCCESS, logIndex=1464, commits[81367453-3bf0-4298-8a83-8d5c3816df16:c1465]
2019-09-03 20:25:57,665 [grpc-default-executor-1] INFO  client.GrpcClientProtocolClient (GrpcClientProtocolClient.java:onNext(255)) - client-CB1B8AC74E59->81367453-3bf0-4298-8a83-8d5c3816df16: receive RaftClientReply:client-CB1B8AC74E59->81367453-3bf0-4298-8a83-8d5c3816df16@group-F6EC397515C5, cid=1038, SUCCESS, logIndex=1465, commits[81367453-3bf0-4298-8a83-8d5c3816df16:c1465]
2019-09-03 20:25:57,688 [grpc-default-executor-1] INFO  client.GrpcClientProtocolClient (GrpcClientProtocolClient.java:onNext(255)) - client-CB1B8AC74E59->81367453-3bf0-4298-8a83-8d5c3816df16: receive RaftClientReply:client-CB1B8AC74E59->81367453-3bf0-4298-8a83-8d5c3816df16@group-F6EC397515C5, cid=1039, SUCCESS, logIndex=1466, commits[81367453-3bf0-4298-8a83-8d5c3816df16:c1468]
2019-09-03 20:25:57,688 [grpc-default-executor-1] INFO  client.GrpcClientProtocolClient (GrpcClientProtocolClient.java:onNext(255)) - client-CB1B8AC74E59->81367453-3bf0-4298-8a83-8d5c3816df16: receive RaftClientReply:client-CB1B8AC74E59->81367453-3bf0-4298-8a83-8d5c3816df16@group-F6EC397515C5, cid=1040, SUCCESS, logIndex=1467, commits[81367453-3bf0-4298-8a83-8d5c3816df16:c1468]
2019-09-03 20:25:57,716 [grpc-default-executor-1] INFO  client.GrpcClientProtocolClient (GrpcClientProtocolClient.java:onNext(255)) - client-CB1B8AC74E59->81367453-3bf0-4298-8a83-8d5c3816df16: receive RaftClientReply:client-CB1B8AC74E59->81367453-3bf0-4298-8a83-8d5c3816df16@group-F6EC397515C5, cid=1041, SUCCESS, logIndex=1469, commits[81367453-3bf0-4298-8a83-8d5c3816df16:c1470]
2019-09-03 20:25:57,716 [grpc-default-executor-1] INFO  client.GrpcClientProtocolClient (GrpcClientProtocolClient.java:onNext(255)) - client-CB1B8AC74E59->81367453-3bf0-4298-8a83-8d5c3816df16: receive RaftClientReply:client-CB1B8AC74E59->81367453-3bf0-4298-8a83-8d5c3816df16@group-F6EC397515C5, cid=1042, SUCCESS, logIndex=1470, commits[81367453-3bf0-4298-8a83-8d5c3816df16:c1470]
2019-09-03 20:25:57,726 [grpc-default-executor-1] INFO  client.GrpcClientProtocolClient (GrpcClientProtocolClient.java:onNext(255)) - client-CB1B8AC74E59->81367453-3bf0-4298-8a83-8d5c3816df16: receive RaftClientReply:client-CB1B8AC74E59->81367453-3bf0-4298-8a83-8d5c3816df16@group-F6EC397515C5, cid=1043, SUCCESS, logIndex=1471, commits[81367453-3bf0-4298-8a83-8d5c3816df16:c1472]
2019-09-03 20:25:57,726 [grpc-default-executor-1] INFO  client.GrpcClientProtocolClient (GrpcClientProtocolClient.java:onNext(255)) - client-CB1B8AC74E59->81367453-3bf0-4298-8a83-8d5c3816df16: receive RaftClientReply:client-CB1B8AC74E59->81367453-3bf0-4298-8a83-8d5c3816df16@group-F6EC397515C5, cid=1044, SUCCESS, logIndex=1472, commits[81367453-3bf0-4298-8a83-8d5c3816df16:c1472]
2019-09-03 20:25:57,743 [SCMBlockDeletingService#0] DEBUG block.SCMBlockDeletingService (SCMBlockDeletingService.java:call(138)) - Running DeletedBlockTransactionScanner
2019-09-03 20:25:57,743 [SCMBlockDeletingService#0] DEBUG block.SCMBlockDeletingService (SCMBlockDeletingService.java:call(155)) - Scanned deleted blocks log and got 0 delTX to process.
2019-09-03 20:25:57,744 [grpc-default-executor-1] INFO  client.GrpcClientProtocolClient (GrpcClientProtocolClient.java:onNext(255)) - client-CB1B8AC74E59->81367453-3bf0-4298-8a83-8d5c3816df16: receive RaftClientReply:client-CB1B8AC74E59->81367453-3bf0-4298-8a83-8d5c3816df16@group-F6EC397515C5, cid=1045, SUCCESS, logIndex=1475, commits[81367453-3bf0-4298-8a83-8d5c3816df16:c1478]
2019-09-03 20:25:57,745 [grpc-default-executor-1] INFO  client.GrpcClientProtocolClient (GrpcClientProtocolClient.java:onNext(255)) - client-CB1B8AC74E59->81367453-3bf0-4298-8a83-8d5c3816df16: receive RaftClientReply:client-CB1B8AC74E59->81367453-3bf0-4298-8a83-8d5c3816df16@group-F6EC397515C5, cid=1046, SUCCESS, logIndex=1476, commits[81367453-3bf0-4298-8a83-8d5c3816df16:c1478]
2019-09-03 20:25:57,745 [grpc-default-executor-1] INFO  client.GrpcClientProtocolClient (GrpcClientProtocolClient.java:onNext(255)) - client-CB1B8AC74E59->81367453-3bf0-4298-8a83-8d5c3816df16: receive RaftClientReply:client-CB1B8AC74E59->81367453-3bf0-4298-8a83-8d5c3816df16@group-F6EC397515C5, cid=1047, SUCCESS, logIndex=1477, commits[81367453-3bf0-4298-8a83-8d5c3816df16:c1478]
2019-09-03 20:25:57,745 [grpc-default-executor-1] INFO  client.GrpcClientProtocolClient (GrpcClientProtocolClient.java:onNext(255)) - client-CB1B8AC74E59->81367453-3bf0-4298-8a83-8d5c3816df16: receive RaftClientReply:client-CB1B8AC74E59->81367453-3bf0-4298-8a83-8d5c3816df16@group-F6EC397515C5, cid=1048, SUCCESS, logIndex=1478, commits[81367453-3bf0-4298-8a83-8d5c3816df16:c1478]
2019-09-03 20:25:57,772 [grpc-default-executor-1] INFO  client.GrpcClientProtocolClient (GrpcClientProtocolClient.java:onNext(255)) - client-CB1B8AC74E59->81367453-3bf0-4298-8a83-8d5c3816df16: receive RaftClientReply:client-CB1B8AC74E59->81367453-3bf0-4298-8a83-8d5c3816df16@group-F6EC397515C5, cid=1049, SUCCESS, logIndex=1480, commits[81367453-3bf0-4298-8a83-8d5c3816df16:c1481]
2019-09-03 20:25:57,772 [grpc-default-executor-1] INFO  client.GrpcClientProtocolClient (GrpcClientProtocolClient.java:onNext(255)) - client-CB1B8AC74E59->81367453-3bf0-4298-8a83-8d5c3816df16: receive RaftClientReply:client-CB1B8AC74E59->81367453-3bf0-4298-8a83-8d5c3816df16@group-F6EC397515C5, cid=1050, SUCCESS, logIndex=1481, commits[81367453-3bf0-4298-8a83-8d5c3816df16:c1481]
2019-09-03 20:25:57,780 [grpc-default-executor-1] INFO  client.GrpcClientProtocolClient (GrpcClientProtocolClient.java:onNext(255)) - client-CB1B8AC74E59->81367453-3bf0-4298-8a83-8d5c3816df16: receive RaftClientReply:client-CB1B8AC74E59->81367453-3bf0-4298-8a83-8d5c3816df16@group-F6EC397515C5, cid=1051, SUCCESS, logIndex=1482, commits[81367453-3bf0-4298-8a83-8d5c3816df16:c1483]
2019-09-03 20:25:57,780 [grpc-default-executor-1] INFO  client.GrpcClientProtocolClient (GrpcClientProtocolClient.java:onNext(255)) - client-CB1B8AC74E59->81367453-3bf0-4298-8a83-8d5c3816df16: receive RaftClientReply:client-CB1B8AC74E59->81367453-3bf0-4298-8a83-8d5c3816df16@group-F6EC397515C5, cid=1052, SUCCESS, logIndex=1483, commits[81367453-3bf0-4298-8a83-8d5c3816df16:c1483]
2019-09-03 20:25:57,814 [grpc-default-executor-2] INFO  client.GrpcClientProtocolClient (GrpcClientProtocolClient.java:onNext(255)) - client-CB1B8AC74E59->81367453-3bf0-4298-8a83-8d5c3816df16: receive RaftClientReply:client-CB1B8AC74E59->81367453-3bf0-4298-8a83-8d5c3816df16@group-F6EC397515C5, cid=1053, SUCCESS, logIndex=1486, commits[81367453-3bf0-4298-8a83-8d5c3816df16:c1489]
2019-09-03 20:25:57,815 [grpc-default-executor-2] INFO  client.GrpcClientProtocolClient (GrpcClientProtocolClient.java:onNext(255)) - client-CB1B8AC74E59->81367453-3bf0-4298-8a83-8d5c3816df16: receive RaftClientReply:client-CB1B8AC74E59->81367453-3bf0-4298-8a83-8d5c3816df16@group-F6EC397515C5, cid=1054, SUCCESS, logIndex=1487, commits[81367453-3bf0-4298-8a83-8d5c3816df16:c1489]
2019-09-03 20:25:57,816 [grpc-default-executor-2] INFO  client.GrpcClientProtocolClient (GrpcClientProtocolClient.java:onNext(255)) - client-CB1B8AC74E59->81367453-3bf0-4298-8a83-8d5c3816df16: receive RaftClientReply:client-CB1B8AC74E59->81367453-3bf0-4298-8a83-8d5c3816df16@group-F6EC397515C5, cid=1055, SUCCESS, logIndex=1488, commits[81367453-3bf0-4298-8a83-8d5c3816df16:c1489]
2019-09-03 20:25:57,816 [grpc-default-executor-2] INFO  client.GrpcClientProtocolClient (GrpcClientProtocolClient.java:onNext(255)) - client-CB1B8AC74E59->81367453-3bf0-4298-8a83-8d5c3816df16: receive RaftClientReply:client-CB1B8AC74E59->81367453-3bf0-4298-8a83-8d5c3816df16@group-F6EC397515C5, cid=1056, SUCCESS, logIndex=1489, commits[81367453-3bf0-4298-8a83-8d5c3816df16:c1489]
2019-09-03 20:25:57,844 [SCMBlockDeletingService#0] DEBUG block.SCMBlockDeletingService (SCMBlockDeletingService.java:call(138)) - Running DeletedBlockTransactionScanner
2019-09-03 20:25:57,844 [SCMBlockDeletingService#0] DEBUG block.SCMBlockDeletingService (SCMBlockDeletingService.java:call(155)) - Scanned deleted blocks log and got 0 delTX to process.
2019-09-03 20:25:57,845 [grpc-default-executor-2] INFO  client.GrpcClientProtocolClient (GrpcClientProtocolClient.java:onNext(255)) - client-CB1B8AC74E59->81367453-3bf0-4298-8a83-8d5c3816df16: receive RaftClientReply:client-CB1B8AC74E59->81367453-3bf0-4298-8a83-8d5c3816df16@group-F6EC397515C5, cid=1057, SUCCESS, logIndex=1491, commits[81367453-3bf0-4298-8a83-8d5c3816df16:c1492]
2019-09-03 20:25:57,846 [grpc-default-executor-2] INFO  client.GrpcClientProtocolClient (GrpcClientProtocolClient.java:onNext(255)) - client-CB1B8AC74E59->81367453-3bf0-4298-8a83-8d5c3816df16: receive RaftClientReply:client-CB1B8AC74E59->81367453-3bf0-4298-8a83-8d5c3816df16@group-F6EC397515C5, cid=1058, SUCCESS, logIndex=1492, commits[81367453-3bf0-4298-8a83-8d5c3816df16:c1492]
2019-09-03 20:25:57,863 [grpc-default-executor-2] INFO  client.GrpcClientProtocolClient (GrpcClientProtocolClient.java:onNext(255)) - client-CB1B8AC74E59->81367453-3bf0-4298-8a83-8d5c3816df16: receive RaftClientReply:client-CB1B8AC74E59->81367453-3bf0-4298-8a83-8d5c3816df16@group-F6EC397515C5, cid=1059, SUCCESS, logIndex=1493, commits[81367453-3bf0-4298-8a83-8d5c3816df16:c1494]
2019-09-03 20:25:57,863 [grpc-default-executor-2] INFO  client.GrpcClientProtocolClient (GrpcClientProtocolClient.java:onNext(255)) - client-CB1B8AC74E59->81367453-3bf0-4298-8a83-8d5c3816df16: receive RaftClientReply:client-CB1B8AC74E59->81367453-3bf0-4298-8a83-8d5c3816df16@group-F6EC397515C5, cid=1060, SUCCESS, logIndex=1494, commits[81367453-3bf0-4298-8a83-8d5c3816df16:c1494]
2019-09-03 20:25:57,944 [SCMBlockDeletingService#0] DEBUG block.SCMBlockDeletingService (SCMBlockDeletingService.java:call(138)) - Running DeletedBlockTransactionScanner
2019-09-03 20:25:57,945 [SCMBlockDeletingService#0] DEBUG block.SCMBlockDeletingService (SCMBlockDeletingService.java:call(155)) - Scanned deleted blocks log and got 0 delTX to process.
2019-09-03 20:25:57,991 [grpc-default-executor-2] INFO  client.GrpcClientProtocolClient (GrpcClientProtocolClient.java:onNext(255)) - client-CB1B8AC74E59->81367453-3bf0-4298-8a83-8d5c3816df16: receive RaftClientReply:client-CB1B8AC74E59->81367453-3bf0-4298-8a83-8d5c3816df16@group-F6EC397515C5, cid=1061, SUCCESS, logIndex=1497, commits[81367453-3bf0-4298-8a83-8d5c3816df16:c1498]
2019-09-03 20:25:57,991 [grpc-default-executor-2] INFO  client.GrpcClientProtocolClient (GrpcClientProtocolClient.java:onNext(255)) - client-CB1B8AC74E59->81367453-3bf0-4298-8a83-8d5c3816df16: receive RaftClientReply:client-CB1B8AC74E59->81367453-3bf0-4298-8a83-8d5c3816df16@group-F6EC397515C5, cid=1062, SUCCESS, logIndex=1498, commits[81367453-3bf0-4298-8a83-8d5c3816df16:c1498]
2019-09-03 20:25:58,011 [grpc-default-executor-2] INFO  client.GrpcClientProtocolClient (GrpcClientProtocolClient.java:onNext(255)) - client-CB1B8AC74E59->81367453-3bf0-4298-8a83-8d5c3816df16: receive RaftClientReply:client-CB1B8AC74E59->81367453-3bf0-4298-8a83-8d5c3816df16@group-F6EC397515C5, cid=1063, SUCCESS, logIndex=1499, commits[81367453-3bf0-4298-8a83-8d5c3816df16:c1500]
2019-09-03 20:25:58,012 [grpc-default-executor-2] INFO  client.GrpcClientProtocolClient (GrpcClientProtocolClient.java:onNext(255)) - client-CB1B8AC74E59->81367453-3bf0-4298-8a83-8d5c3816df16: receive RaftClientReply:client-CB1B8AC74E59->81367453-3bf0-4298-8a83-8d5c3816df16@group-F6EC397515C5, cid=1064, SUCCESS, logIndex=1500, commits[81367453-3bf0-4298-8a83-8d5c3816df16:c1500]
2019-09-03 20:25:58,033 [grpc-default-executor-2] INFO  client.GrpcClientProtocolClient (GrpcClientProtocolClient.java:onNext(255)) - client-CB1B8AC74E59->81367453-3bf0-4298-8a83-8d5c3816df16: receive RaftClientReply:client-CB1B8AC74E59->81367453-3bf0-4298-8a83-8d5c3816df16@group-F6EC397515C5, cid=1065, SUCCESS, logIndex=1503, commits[81367453-3bf0-4298-8a83-8d5c3816df16:c1504]
2019-09-03 20:25:58,034 [grpc-default-executor-2] INFO  client.GrpcClientProtocolClient (GrpcClientProtocolClient.java:onNext(255)) - client-CB1B8AC74E59->81367453-3bf0-4298-8a83-8d5c3816df16: receive RaftClientReply:client-CB1B8AC74E59->81367453-3bf0-4298-8a83-8d5c3816df16@group-F6EC397515C5, cid=1066, SUCCESS, logIndex=1504, commits[81367453-3bf0-4298-8a83-8d5c3816df16:c1504]
2019-09-03 20:25:58,034 [grpc-default-executor-2] INFO  client.GrpcClientProtocolClient (GrpcClientProtocolClient.java:onNext(255)) - client-CB1B8AC74E59->81367453-3bf0-4298-8a83-8d5c3816df16: receive RaftClientReply:client-CB1B8AC74E59->81367453-3bf0-4298-8a83-8d5c3816df16@group-F6EC397515C5, cid=1067, SUCCESS, logIndex=1505, commits[81367453-3bf0-4298-8a83-8d5c3816df16:c1506]
2019-09-03 20:25:58,034 [grpc-default-executor-2] INFO  client.GrpcClientProtocolClient (GrpcClientProtocolClient.java:onNext(255)) - client-CB1B8AC74E59->81367453-3bf0-4298-8a83-8d5c3816df16: receive RaftClientReply:client-CB1B8AC74E59->81367453-3bf0-4298-8a83-8d5c3816df16@group-F6EC397515C5, cid=1068, SUCCESS, logIndex=1506, commits[81367453-3bf0-4298-8a83-8d5c3816df16:c1506]
2019-09-03 20:25:58,045 [SCMBlockDeletingService#0] DEBUG block.SCMBlockDeletingService (SCMBlockDeletingService.java:call(138)) - Running DeletedBlockTransactionScanner
2019-09-03 20:25:58,045 [SCMBlockDeletingService#0] DEBUG block.SCMBlockDeletingService (SCMBlockDeletingService.java:call(155)) - Scanned deleted blocks log and got 0 delTX to process.
2019-09-03 20:25:58,069 [grpc-default-executor-2] INFO  client.GrpcClientProtocolClient (GrpcClientProtocolClient.java:onNext(255)) - client-CB1B8AC74E59->81367453-3bf0-4298-8a83-8d5c3816df16: receive RaftClientReply:client-CB1B8AC74E59->81367453-3bf0-4298-8a83-8d5c3816df16@group-F6EC397515C5, cid=1069, SUCCESS, logIndex=1509, commits[81367453-3bf0-4298-8a83-8d5c3816df16:c1512]
2019-09-03 20:25:58,070 [grpc-default-executor-2] INFO  client.GrpcClientProtocolClient (GrpcClientProtocolClient.java:onNext(255)) - client-CB1B8AC74E59->81367453-3bf0-4298-8a83-8d5c3816df16: receive RaftClientReply:client-CB1B8AC74E59->81367453-3bf0-4298-8a83-8d5c3816df16@group-F6EC397515C5, cid=1070, SUCCESS, logIndex=1510, commits[81367453-3bf0-4298-8a83-8d5c3816df16:c1512]
2019-09-03 20:25:58,070 [grpc-default-executor-2] INFO  client.GrpcClientProtocolClient (GrpcClientProtocolClient.java:onNext(255)) - client-CB1B8AC74E59->81367453-3bf0-4298-8a83-8d5c3816df16: receive RaftClientReply:client-CB1B8AC74E59->81367453-3bf0-4298-8a83-8d5c3816df16@group-F6EC397515C5, cid=1071, SUCCESS, logIndex=1511, commits[81367453-3bf0-4298-8a83-8d5c3816df16:c1512]
2019-09-03 20:25:58,071 [grpc-default-executor-2] INFO  client.GrpcClientProtocolClient (GrpcClientProtocolClient.java:onNext(255)) - client-CB1B8AC74E59->81367453-3bf0-4298-8a83-8d5c3816df16: receive RaftClientReply:client-CB1B8AC74E59->81367453-3bf0-4298-8a83-8d5c3816df16@group-F6EC397515C5, cid=1072, SUCCESS, logIndex=1512, commits[81367453-3bf0-4298-8a83-8d5c3816df16:c1512]
2019-09-03 20:25:58,097 [grpc-default-executor-2] INFO  client.GrpcClientProtocolClient (GrpcClientProtocolClient.java:onNext(255)) - client-CB1B8AC74E59->81367453-3bf0-4298-8a83-8d5c3816df16: receive RaftClientReply:client-CB1B8AC74E59->81367453-3bf0-4298-8a83-8d5c3816df16@group-F6EC397515C5, cid=1073, SUCCESS, logIndex=1514, commits[81367453-3bf0-4298-8a83-8d5c3816df16:c1517]
2019-09-03 20:25:58,098 [grpc-default-executor-2] INFO  client.GrpcClientProtocolClient (GrpcClientProtocolClient.java:onNext(255)) - client-CB1B8AC74E59->81367453-3bf0-4298-8a83-8d5c3816df16: receive RaftClientReply:client-CB1B8AC74E59->81367453-3bf0-4298-8a83-8d5c3816df16@group-F6EC397515C5, cid=1074, SUCCESS, logIndex=1515, commits[81367453-3bf0-4298-8a83-8d5c3816df16:c1517]
2019-09-03 20:25:58,098 [grpc-default-executor-2] INFO  client.GrpcClientProtocolClient (GrpcClientProtocolClient.java:onNext(255)) - client-CB1B8AC74E59->81367453-3bf0-4298-8a83-8d5c3816df16: receive RaftClientReply:client-CB1B8AC74E59->81367453-3bf0-4298-8a83-8d5c3816df16@group-F6EC397515C5, cid=1075, SUCCESS, logIndex=1516, commits[81367453-3bf0-4298-8a83-8d5c3816df16:c1517]
2019-09-03 20:25:58,099 [grpc-default-executor-2] INFO  client.GrpcClientProtocolClient (GrpcClientProtocolClient.java:onNext(255)) - client-CB1B8AC74E59->81367453-3bf0-4298-8a83-8d5c3816df16: receive RaftClientReply:client-CB1B8AC74E59->81367453-3bf0-4298-8a83-8d5c3816df16@group-F6EC397515C5, cid=1076, SUCCESS, logIndex=1517, commits[81367453-3bf0-4298-8a83-8d5c3816df16:c1517]
2019-09-03 20:25:58,135 [grpc-default-executor-2] INFO  client.GrpcClientProtocolClient (GrpcClientProtocolClient.java:onNext(255)) - client-CB1B8AC74E59->81367453-3bf0-4298-8a83-8d5c3816df16: receive RaftClientReply:client-CB1B8AC74E59->81367453-3bf0-4298-8a83-8d5c3816df16@group-F6EC397515C5, cid=1077, SUCCESS, logIndex=1519, commits[81367453-3bf0-4298-8a83-8d5c3816df16:c1522]
2019-09-03 20:25:58,135 [grpc-default-executor-2] INFO  client.GrpcClientProtocolClient (GrpcClientProtocolClient.java:onNext(255)) - client-CB1B8AC74E59->81367453-3bf0-4298-8a83-8d5c3816df16: receive RaftClientReply:client-CB1B8AC74E59->81367453-3bf0-4298-8a83-8d5c3816df16@group-F6EC397515C5, cid=1078, SUCCESS, logIndex=1520, commits[81367453-3bf0-4298-8a83-8d5c3816df16:c1522]
2019-09-03 20:25:58,136 [grpc-default-executor-2] INFO  client.GrpcClientProtocolClient (GrpcClientProtocolClient.java:onNext(255)) - client-CB1B8AC74E59->81367453-3bf0-4298-8a83-8d5c3816df16: receive RaftClientReply:client-CB1B8AC74E59->81367453-3bf0-4298-8a83-8d5c3816df16@group-F6EC397515C5, cid=1079, SUCCESS, logIndex=1521, commits[81367453-3bf0-4298-8a83-8d5c3816df16:c1522]
2019-09-03 20:25:58,136 [grpc-default-executor-2] INFO  client.GrpcClientProtocolClient (GrpcClientProtocolClient.java:onNext(255)) - client-CB1B8AC74E59->81367453-3bf0-4298-8a83-8d5c3816df16: receive RaftClientReply:client-CB1B8AC74E59->81367453-3bf0-4298-8a83-8d5c3816df16@group-F6EC397515C5, cid=1080, SUCCESS, logIndex=1522, commits[81367453-3bf0-4298-8a83-8d5c3816df16:c1522]
2019-09-03 20:25:58,145 [SCMBlockDeletingService#0] DEBUG block.SCMBlockDeletingService (SCMBlockDeletingService.java:call(138)) - Running DeletedBlockTransactionScanner
2019-09-03 20:25:58,145 [SCMBlockDeletingService#0] DEBUG block.SCMBlockDeletingService (SCMBlockDeletingService.java:call(155)) - Scanned deleted blocks log and got 0 delTX to process.
2019-09-03 20:25:58,165 [grpc-default-executor-1] INFO  client.GrpcClientProtocolClient (GrpcClientProtocolClient.java:onNext(255)) - client-CB1B8AC74E59->81367453-3bf0-4298-8a83-8d5c3816df16: receive RaftClientReply:client-CB1B8AC74E59->81367453-3bf0-4298-8a83-8d5c3816df16@group-F6EC397515C5, cid=1081, SUCCESS, logIndex=1524, commits[81367453-3bf0-4298-8a83-8d5c3816df16:c1525]
2019-09-03 20:25:58,166 [grpc-default-executor-1] INFO  client.GrpcClientProtocolClient (GrpcClientProtocolClient.java:onNext(255)) - client-CB1B8AC74E59->81367453-3bf0-4298-8a83-8d5c3816df16: receive RaftClientReply:client-CB1B8AC74E59->81367453-3bf0-4298-8a83-8d5c3816df16@group-F6EC397515C5, cid=1082, SUCCESS, logIndex=1525, commits[81367453-3bf0-4298-8a83-8d5c3816df16:c1525]
2019-09-03 20:25:58,173 [grpc-default-executor-1] INFO  client.GrpcClientProtocolClient (GrpcClientProtocolClient.java:onNext(255)) - client-CB1B8AC74E59->81367453-3bf0-4298-8a83-8d5c3816df16: receive RaftClientReply:client-CB1B8AC74E59->81367453-3bf0-4298-8a83-8d5c3816df16@group-F6EC397515C5, cid=1083, SUCCESS, logIndex=1526, commits[81367453-3bf0-4298-8a83-8d5c3816df16:c1527]
2019-09-03 20:25:58,174 [grpc-default-executor-1] INFO  client.GrpcClientProtocolClient (GrpcClientProtocolClient.java:onNext(255)) - client-CB1B8AC74E59->81367453-3bf0-4298-8a83-8d5c3816df16: receive RaftClientReply:client-CB1B8AC74E59->81367453-3bf0-4298-8a83-8d5c3816df16@group-F6EC397515C5, cid=1084, SUCCESS, logIndex=1527, commits[81367453-3bf0-4298-8a83-8d5c3816df16:c1527]
2019-09-03 20:25:58,191 [grpc-default-executor-1] INFO  client.GrpcClientProtocolClient (GrpcClientProtocolClient.java:onNext(255)) - client-CB1B8AC74E59->81367453-3bf0-4298-8a83-8d5c3816df16: receive RaftClientReply:client-CB1B8AC74E59->81367453-3bf0-4298-8a83-8d5c3816df16@group-F6EC397515C5, cid=1085, SUCCESS, logIndex=1530, commits[81367453-3bf0-4298-8a83-8d5c3816df16:c1533]
2019-09-03 20:25:58,192 [grpc-default-executor-1] INFO  client.GrpcClientProtocolClient (GrpcClientProtocolClient.java:onNext(255)) - client-CB1B8AC74E59->81367453-3bf0-4298-8a83-8d5c3816df16: receive RaftClientReply:client-CB1B8AC74E59->81367453-3bf0-4298-8a83-8d5c3816df16@group-F6EC397515C5, cid=1086, SUCCESS, logIndex=1531, commits[81367453-3bf0-4298-8a83-8d5c3816df16:c1533]
2019-09-03 20:25:58,192 [grpc-default-executor-1] INFO  client.GrpcClientProtocolClient (GrpcClientProtocolClient.java:onNext(255)) - client-CB1B8AC74E59->81367453-3bf0-4298-8a83-8d5c3816df16: receive RaftClientReply:client-CB1B8AC74E59->81367453-3bf0-4298-8a83-8d5c3816df16@group-F6EC397515C5, cid=1087, SUCCESS, logIndex=1532, commits[81367453-3bf0-4298-8a83-8d5c3816df16:c1533]
2019-09-03 20:25:58,193 [grpc-default-executor-1] INFO  client.GrpcClientProtocolClient (GrpcClientProtocolClient.java:onNext(255)) - client-CB1B8AC74E59->81367453-3bf0-4298-8a83-8d5c3816df16: receive RaftClientReply:client-CB1B8AC74E59->81367453-3bf0-4298-8a83-8d5c3816df16@group-F6EC397515C5, cid=1088, SUCCESS, logIndex=1533, commits[81367453-3bf0-4298-8a83-8d5c3816df16:c1533]
2019-09-03 20:25:58,210 [grpc-default-executor-1] INFO  client.GrpcClientProtocolClient (GrpcClientProtocolClient.java:onNext(255)) - client-CB1B8AC74E59->81367453-3bf0-4298-8a83-8d5c3816df16: receive RaftClientReply:client-CB1B8AC74E59->81367453-3bf0-4298-8a83-8d5c3816df16@group-F6EC397515C5, cid=1089, SUCCESS, logIndex=1535, commits[81367453-3bf0-4298-8a83-8d5c3816df16:c1536]
2019-09-03 20:25:58,210 [grpc-default-executor-1] INFO  client.GrpcClientProtocolClient (GrpcClientProtocolClient.java:onNext(255)) - client-CB1B8AC74E59->81367453-3bf0-4298-8a83-8d5c3816df16: receive RaftClientReply:client-CB1B8AC74E59->81367453-3bf0-4298-8a83-8d5c3816df16@group-F6EC397515C5, cid=1090, SUCCESS, logIndex=1536, commits[81367453-3bf0-4298-8a83-8d5c3816df16:c1536]
2019-09-03 20:25:58,218 [grpc-default-executor-1] INFO  client.GrpcClientProtocolClient (GrpcClientProtocolClient.java:onNext(255)) - client-CB1B8AC74E59->81367453-3bf0-4298-8a83-8d5c3816df16: receive RaftClientReply:client-CB1B8AC74E59->81367453-3bf0-4298-8a83-8d5c3816df16@group-F6EC397515C5, cid=1091, SUCCESS, logIndex=1537, commits[81367453-3bf0-4298-8a83-8d5c3816df16:c1538]
2019-09-03 20:25:58,218 [grpc-default-executor-1] INFO  client.GrpcClientProtocolClient (GrpcClientProtocolClient.java:onNext(255)) - client-CB1B8AC74E59->81367453-3bf0-4298-8a83-8d5c3816df16: receive RaftClientReply:client-CB1B8AC74E59->81367453-3bf0-4298-8a83-8d5c3816df16@group-F6EC397515C5, cid=1092, SUCCESS, logIndex=1538, commits[81367453-3bf0-4298-8a83-8d5c3816df16:c1538]
2019-09-03 20:25:58,233 [grpc-default-executor-2] INFO  client.GrpcClientProtocolClient (GrpcClientProtocolClient.java:onNext(255)) - client-CB1B8AC74E59->81367453-3bf0-4298-8a83-8d5c3816df16: receive RaftClientReply:client-CB1B8AC74E59->81367453-3bf0-4298-8a83-8d5c3816df16@group-F6EC397515C5, cid=1093, SUCCESS, logIndex=1541, commits[81367453-3bf0-4298-8a83-8d5c3816df16:c1544]
2019-09-03 20:25:58,233 [grpc-default-executor-2] INFO  client.GrpcClientProtocolClient (GrpcClientProtocolClient.java:onNext(255)) - client-CB1B8AC74E59->81367453-3bf0-4298-8a83-8d5c3816df16: receive RaftClientReply:client-CB1B8AC74E59->81367453-3bf0-4298-8a83-8d5c3816df16@group-F6EC397515C5, cid=1094, SUCCESS, logIndex=1542, commits[81367453-3bf0-4298-8a83-8d5c3816df16:c1544]
2019-09-03 20:25:58,233 [grpc-default-executor-2] INFO  client.GrpcClientProtocolClient (GrpcClientProtocolClient.java:onNext(255)) - client-CB1B8AC74E59->81367453-3bf0-4298-8a83-8d5c3816df16: receive RaftClientReply:client-CB1B8AC74E59->81367453-3bf0-4298-8a83-8d5c3816df16@group-F6EC397515C5, cid=1095, SUCCESS, logIndex=1543, commits[81367453-3bf0-4298-8a83-8d5c3816df16:c1544]
2019-09-03 20:25:58,234 [grpc-default-executor-2] INFO  client.GrpcClientProtocolClient (GrpcClientProtocolClient.java:onNext(255)) - client-CB1B8AC74E59->81367453-3bf0-4298-8a83-8d5c3816df16: receive RaftClientReply:client-CB1B8AC74E59->81367453-3bf0-4298-8a83-8d5c3816df16@group-F6EC397515C5, cid=1096, SUCCESS, logIndex=1544, commits[81367453-3bf0-4298-8a83-8d5c3816df16:c1544]
2019-09-03 20:25:58,246 [SCMBlockDeletingService#0] DEBUG block.SCMBlockDeletingService (SCMBlockDeletingService.java:call(138)) - Running DeletedBlockTransactionScanner
2019-09-03 20:25:58,246 [SCMBlockDeletingService#0] DEBUG block.SCMBlockDeletingService (SCMBlockDeletingService.java:call(155)) - Scanned deleted blocks log and got 0 delTX to process.
2019-09-03 20:25:58,260 [grpc-default-executor-1] INFO  client.GrpcClientProtocolClient (GrpcClientProtocolClient.java:onNext(255)) - client-CB1B8AC74E59->81367453-3bf0-4298-8a83-8d5c3816df16: receive RaftClientReply:client-CB1B8AC74E59->81367453-3bf0-4298-8a83-8d5c3816df16@group-F6EC397515C5, cid=1097, SUCCESS, logIndex=1546, commits[81367453-3bf0-4298-8a83-8d5c3816df16:c1547]
2019-09-03 20:25:58,261 [grpc-default-executor-1] INFO  client.GrpcClientProtocolClient (GrpcClientProtocolClient.java:onNext(255)) - client-CB1B8AC74E59->81367453-3bf0-4298-8a83-8d5c3816df16: receive RaftClientReply:client-CB1B8AC74E59->81367453-3bf0-4298-8a83-8d5c3816df16@group-F6EC397515C5, cid=1098, SUCCESS, logIndex=1547, commits[81367453-3bf0-4298-8a83-8d5c3816df16:c1547]
2019-09-03 20:25:58,281 [grpc-default-executor-1] INFO  client.GrpcClientProtocolClient (GrpcClientProtocolClient.java:onNext(255)) - client-CB1B8AC74E59->81367453-3bf0-4298-8a83-8d5c3816df16: receive RaftClientReply:client-CB1B8AC74E59->81367453-3bf0-4298-8a83-8d5c3816df16@group-F6EC397515C5, cid=1099, SUCCESS, logIndex=1548, commits[81367453-3bf0-4298-8a83-8d5c3816df16:c1549]
2019-09-03 20:25:58,281 [grpc-default-executor-1] INFO  client.GrpcClientProtocolClient (GrpcClientProtocolClient.java:onNext(255)) - client-CB1B8AC74E59->81367453-3bf0-4298-8a83-8d5c3816df16: receive RaftClientReply:client-CB1B8AC74E59->81367453-3bf0-4298-8a83-8d5c3816df16@group-F6EC397515C5, cid=1100, SUCCESS, logIndex=1549, commits[81367453-3bf0-4298-8a83-8d5c3816df16:c1549]
2019-09-03 20:25:58,315 [grpc-default-executor-1] INFO  client.GrpcClientProtocolClient (GrpcClientProtocolClient.java:onNext(255)) - client-CB1B8AC74E59->81367453-3bf0-4298-8a83-8d5c3816df16: receive RaftClientReply:client-CB1B8AC74E59->81367453-3bf0-4298-8a83-8d5c3816df16@group-F6EC397515C5, cid=1101, SUCCESS, logIndex=1552, commits[81367453-3bf0-4298-8a83-8d5c3816df16:c1555]
2019-09-03 20:25:58,316 [grpc-default-executor-1] INFO  client.GrpcClientProtocolClient (GrpcClientProtocolClient.java:onNext(255)) - client-CB1B8AC74E59->81367453-3bf0-4298-8a83-8d5c3816df16: receive RaftClientReply:client-CB1B8AC74E59->81367453-3bf0-4298-8a83-8d5c3816df16@group-F6EC397515C5, cid=1102, SUCCESS, logIndex=1553, commits[81367453-3bf0-4298-8a83-8d5c3816df16:c1555]
2019-09-03 20:25:58,316 [grpc-default-executor-1] INFO  client.GrpcClientProtocolClient (GrpcClientProtocolClient.java:onNext(255)) - client-CB1B8AC74E59->81367453-3bf0-4298-8a83-8d5c3816df16: receive RaftClientReply:client-CB1B8AC74E59->81367453-3bf0-4298-8a83-8d5c3816df16@group-F6EC397515C5, cid=1103, SUCCESS, logIndex=1554, commits[81367453-3bf0-4298-8a83-8d5c3816df16:c1555]
2019-09-03 20:25:58,317 [grpc-default-executor-1] INFO  client.GrpcClientProtocolClient (GrpcClientProtocolClient.java:onNext(255)) - client-CB1B8AC74E59->81367453-3bf0-4298-8a83-8d5c3816df16: receive RaftClientReply:client-CB1B8AC74E59->81367453-3bf0-4298-8a83-8d5c3816df16@group-F6EC397515C5, cid=1104, SUCCESS, logIndex=1555, commits[81367453-3bf0-4298-8a83-8d5c3816df16:c1555]
2019-09-03 20:25:58,346 [SCMBlockDeletingService#0] DEBUG block.SCMBlockDeletingService (SCMBlockDeletingService.java:call(138)) - Running DeletedBlockTransactionScanner
2019-09-03 20:25:58,346 [SCMBlockDeletingService#0] DEBUG block.SCMBlockDeletingService (SCMBlockDeletingService.java:call(155)) - Scanned deleted blocks log and got 0 delTX to process.
2019-09-03 20:25:58,519 [SCMBlockDeletingService#0] DEBUG block.SCMBlockDeletingService (SCMBlockDeletingService.java:call(138)) - Running DeletedBlockTransactionScanner
2019-09-03 20:25:58,520 [SCMBlockDeletingService#0] DEBUG block.SCMBlockDeletingService (SCMBlockDeletingService.java:call(155)) - Scanned deleted blocks log and got 0 delTX to process.
2019-09-03 20:25:58,550 [grpc-default-executor-1] INFO  client.GrpcClientProtocolClient (GrpcClientProtocolClient.java:onNext(255)) - client-CB1B8AC74E59->81367453-3bf0-4298-8a83-8d5c3816df16: receive RaftClientReply:client-CB1B8AC74E59->81367453-3bf0-4298-8a83-8d5c3816df16@group-F6EC397515C5, cid=1105, SUCCESS, logIndex=1557, commits[81367453-3bf0-4298-8a83-8d5c3816df16:c1560]
2019-09-03 20:25:58,550 [grpc-default-executor-1] INFO  client.GrpcClientProtocolClient (GrpcClientProtocolClient.java:onNext(255)) - client-CB1B8AC74E59->81367453-3bf0-4298-8a83-8d5c3816df16: receive RaftClientReply:client-CB1B8AC74E59->81367453-3bf0-4298-8a83-8d5c3816df16@group-F6EC397515C5, cid=1106, SUCCESS, logIndex=1558, commits[81367453-3bf0-4298-8a83-8d5c3816df16:c1560]
2019-09-03 20:25:58,551 [grpc-default-executor-1] INFO  client.GrpcClientProtocolClient (GrpcClientProtocolClient.java:onNext(255)) - client-CB1B8AC74E59->81367453-3bf0-4298-8a83-8d5c3816df16: receive RaftClientReply:client-CB1B8AC74E59->81367453-3bf0-4298-8a83-8d5c3816df16@group-F6EC397515C5, cid=1107, SUCCESS, logIndex=1559, commits[81367453-3bf0-4298-8a83-8d5c3816df16:c1560]
2019-09-03 20:25:58,551 [grpc-default-executor-1] INFO  client.GrpcClientProtocolClient (GrpcClientProtocolClient.java:onNext(255)) - client-CB1B8AC74E59->81367453-3bf0-4298-8a83-8d5c3816df16: receive RaftClientReply:client-CB1B8AC74E59->81367453-3bf0-4298-8a83-8d5c3816df16@group-F6EC397515C5, cid=1108, SUCCESS, logIndex=1560, commits[81367453-3bf0-4298-8a83-8d5c3816df16:c1560]
2019-09-03 20:25:58,593 [grpc-default-executor-1] INFO  client.GrpcClientProtocolClient (GrpcClientProtocolClient.java:onNext(255)) - client-CB1B8AC74E59->81367453-3bf0-4298-8a83-8d5c3816df16: receive RaftClientReply:client-CB1B8AC74E59->81367453-3bf0-4298-8a83-8d5c3816df16@group-F6EC397515C5, cid=1109, SUCCESS, logIndex=1562, commits[81367453-3bf0-4298-8a83-8d5c3816df16:c1565]
2019-09-03 20:25:58,593 [grpc-default-executor-1] INFO  client.GrpcClientProtocolClient (GrpcClientProtocolClient.java:onNext(255)) - client-CB1B8AC74E59->81367453-3bf0-4298-8a83-8d5c3816df16: receive RaftClientReply:client-CB1B8AC74E59->81367453-3bf0-4298-8a83-8d5c3816df16@group-F6EC397515C5, cid=1110, SUCCESS, logIndex=1563, commits[81367453-3bf0-4298-8a83-8d5c3816df16:c1565]
2019-09-03 20:25:58,594 [grpc-default-executor-1] INFO  client.GrpcClientProtocolClient (GrpcClientProtocolClient.java:onNext(255)) - client-CB1B8AC74E59->81367453-3bf0-4298-8a83-8d5c3816df16: receive RaftClientReply:client-CB1B8AC74E59->81367453-3bf0-4298-8a83-8d5c3816df16@group-F6EC397515C5, cid=1111, SUCCESS, logIndex=1564, commits[81367453-3bf0-4298-8a83-8d5c3816df16:c1565]
2019-09-03 20:25:58,594 [grpc-default-executor-1] INFO  client.GrpcClientProtocolClient (GrpcClientProtocolClient.java:onNext(255)) - client-CB1B8AC74E59->81367453-3bf0-4298-8a83-8d5c3816df16: receive RaftClientReply:client-CB1B8AC74E59->81367453-3bf0-4298-8a83-8d5c3816df16@group-F6EC397515C5, cid=1112, SUCCESS, logIndex=1565, commits[81367453-3bf0-4298-8a83-8d5c3816df16:c1565]
2019-09-03 20:25:58,620 [SCMBlockDeletingService#0] DEBUG block.SCMBlockDeletingService (SCMBlockDeletingService.java:call(138)) - Running DeletedBlockTransactionScanner
2019-09-03 20:25:58,620 [SCMBlockDeletingService#0] DEBUG block.SCMBlockDeletingService (SCMBlockDeletingService.java:call(155)) - Scanned deleted blocks log and got 0 delTX to process.
2019-09-03 20:25:58,625 [grpc-default-executor-1] INFO  client.GrpcClientProtocolClient (GrpcClientProtocolClient.java:onNext(255)) - client-CB1B8AC74E59->81367453-3bf0-4298-8a83-8d5c3816df16: receive RaftClientReply:client-CB1B8AC74E59->81367453-3bf0-4298-8a83-8d5c3816df16@group-F6EC397515C5, cid=1113, SUCCESS, logIndex=1567, commits[81367453-3bf0-4298-8a83-8d5c3816df16:c1568]
2019-09-03 20:25:58,625 [grpc-default-executor-1] INFO  client.GrpcClientProtocolClient (GrpcClientProtocolClient.java:onNext(255)) - client-CB1B8AC74E59->81367453-3bf0-4298-8a83-8d5c3816df16: receive RaftClientReply:client-CB1B8AC74E59->81367453-3bf0-4298-8a83-8d5c3816df16@group-F6EC397515C5, cid=1114, SUCCESS, logIndex=1568, commits[81367453-3bf0-4298-8a83-8d5c3816df16:c1568]
2019-09-03 20:25:58,632 [grpc-default-executor-1] INFO  client.GrpcClientProtocolClient (GrpcClientProtocolClient.java:onNext(255)) - client-CB1B8AC74E59->81367453-3bf0-4298-8a83-8d5c3816df16: receive RaftClientReply:client-CB1B8AC74E59->81367453-3bf0-4298-8a83-8d5c3816df16@group-F6EC397515C5, cid=1115, SUCCESS, logIndex=1569, commits[81367453-3bf0-4298-8a83-8d5c3816df16:c1570]
2019-09-03 20:25:58,632 [grpc-default-executor-1] INFO  client.GrpcClientProtocolClient (GrpcClientProtocolClient.java:onNext(255)) - client-CB1B8AC74E59->81367453-3bf0-4298-8a83-8d5c3816df16: receive RaftClientReply:client-CB1B8AC74E59->81367453-3bf0-4298-8a83-8d5c3816df16@group-F6EC397515C5, cid=1116, SUCCESS, logIndex=1570, commits[81367453-3bf0-4298-8a83-8d5c3816df16:c1570]
2019-09-03 20:25:58,650 [grpc-default-executor-1] INFO  client.GrpcClientProtocolClient (GrpcClientProtocolClient.java:onNext(255)) - client-CB1B8AC74E59->81367453-3bf0-4298-8a83-8d5c3816df16: receive RaftClientReply:client-CB1B8AC74E59->81367453-3bf0-4298-8a83-8d5c3816df16@group-F6EC397515C5, cid=1117, SUCCESS, logIndex=1573, commits[81367453-3bf0-4298-8a83-8d5c3816df16:c1574]
2019-09-03 20:25:58,651 [grpc-default-executor-1] INFO  client.GrpcClientProtocolClient (GrpcClientProtocolClient.java:onNext(255)) - client-CB1B8AC74E59->81367453-3bf0-4298-8a83-8d5c3816df16: receive RaftClientReply:client-CB1B8AC74E59->81367453-3bf0-4298-8a83-8d5c3816df16@group-F6EC397515C5, cid=1118, SUCCESS, logIndex=1574, commits[81367453-3bf0-4298-8a83-8d5c3816df16:c1574]
2019-09-03 20:25:58,654 [grpc-default-executor-1] INFO  client.GrpcClientProtocolClient (GrpcClientProtocolClient.java:onNext(255)) - client-CB1B8AC74E59->81367453-3bf0-4298-8a83-8d5c3816df16: receive RaftClientReply:client-CB1B8AC74E59->81367453-3bf0-4298-8a83-8d5c3816df16@group-F6EC397515C5, cid=1119, SUCCESS, logIndex=1575, commits[81367453-3bf0-4298-8a83-8d5c3816df16:c1576]
2019-09-03 20:25:58,655 [grpc-default-executor-1] INFO  client.GrpcClientProtocolClient (GrpcClientProtocolClient.java:onNext(255)) - client-CB1B8AC74E59->81367453-3bf0-4298-8a83-8d5c3816df16: receive RaftClientReply:client-CB1B8AC74E59->81367453-3bf0-4298-8a83-8d5c3816df16@group-F6EC397515C5, cid=1120, SUCCESS, logIndex=1576, commits[81367453-3bf0-4298-8a83-8d5c3816df16:c1576]
2019-09-03 20:25:58,691 [grpc-default-executor-2] INFO  client.GrpcClientProtocolClient (GrpcClientProtocolClient.java:onNext(255)) - client-CB1B8AC74E59->81367453-3bf0-4298-8a83-8d5c3816df16: receive RaftClientReply:client-CB1B8AC74E59->81367453-3bf0-4298-8a83-8d5c3816df16@group-F6EC397515C5, cid=1121, SUCCESS, logIndex=1579, commits[81367453-3bf0-4298-8a83-8d5c3816df16:c1582]
2019-09-03 20:25:58,691 [grpc-default-executor-2] INFO  client.GrpcClientProtocolClient (GrpcClientProtocolClient.java:onNext(255)) - client-CB1B8AC74E59->81367453-3bf0-4298-8a83-8d5c3816df16: receive RaftClientReply:client-CB1B8AC74E59->81367453-3bf0-4298-8a83-8d5c3816df16@group-F6EC397515C5, cid=1122, SUCCESS, logIndex=1580, commits[81367453-3bf0-4298-8a83-8d5c3816df16:c1582]
2019-09-03 20:25:58,691 [grpc-default-executor-2] INFO  client.GrpcClientProtocolClient (GrpcClientProtocolClient.java:onNext(255)) - client-CB1B8AC74E59->81367453-3bf0-4298-8a83-8d5c3816df16: receive RaftClientReply:client-CB1B8AC74E59->81367453-3bf0-4298-8a83-8d5c3816df16@group-F6EC397515C5, cid=1123, SUCCESS, logIndex=1581, commits[81367453-3bf0-4298-8a83-8d5c3816df16:c1582]
2019-09-03 20:25:58,692 [grpc-default-executor-2] INFO  client.GrpcClientProtocolClient (GrpcClientProtocolClient.java:onNext(255)) - client-CB1B8AC74E59->81367453-3bf0-4298-8a83-8d5c3816df16: receive RaftClientReply:client-CB1B8AC74E59->81367453-3bf0-4298-8a83-8d5c3816df16@group-F6EC397515C5, cid=1124, SUCCESS, logIndex=1582, commits[81367453-3bf0-4298-8a83-8d5c3816df16:c1582]
2019-09-03 20:25:58,718 [grpc-default-executor-1] INFO  client.GrpcClientProtocolClient (GrpcClientProtocolClient.java:onNext(255)) - client-CB1B8AC74E59->81367453-3bf0-4298-8a83-8d5c3816df16: receive RaftClientReply:client-CB1B8AC74E59->81367453-3bf0-4298-8a83-8d5c3816df16@group-F6EC397515C5, cid=1125, SUCCESS, logIndex=1584, commits[81367453-3bf0-4298-8a83-8d5c3816df16:c1587]
2019-09-03 20:25:58,719 [grpc-default-executor-1] INFO  client.GrpcClientProtocolClient (GrpcClientProtocolClient.java:onNext(255)) - client-CB1B8AC74E59->81367453-3bf0-4298-8a83-8d5c3816df16: receive RaftClientReply:client-CB1B8AC74E59->81367453-3bf0-4298-8a83-8d5c3816df16@group-F6EC397515C5, cid=1126, SUCCESS, logIndex=1585, commits[81367453-3bf0-4298-8a83-8d5c3816df16:c1587]
2019-09-03 20:25:58,719 [grpc-default-executor-1] INFO  client.GrpcClientProtocolClient (GrpcClientProtocolClient.java:onNext(255)) - client-CB1B8AC74E59->81367453-3bf0-4298-8a83-8d5c3816df16: receive RaftClientReply:client-CB1B8AC74E59->81367453-3bf0-4298-8a83-8d5c3816df16@group-F6EC397515C5, cid=1127, SUCCESS, logIndex=1586, commits[81367453-3bf0-4298-8a83-8d5c3816df16:c1587]
2019-09-03 20:25:58,720 [grpc-default-executor-1] INFO  client.GrpcClientProtocolClient (GrpcClientProtocolClient.java:onNext(255)) - client-CB1B8AC74E59->81367453-3bf0-4298-8a83-8d5c3816df16: receive RaftClientReply:client-CB1B8AC74E59->81367453-3bf0-4298-8a83-8d5c3816df16@group-F6EC397515C5, cid=1128, SUCCESS, logIndex=1587, commits[81367453-3bf0-4298-8a83-8d5c3816df16:c1587]
2019-09-03 20:25:58,721 [SCMBlockDeletingService#1] DEBUG block.SCMBlockDeletingService (SCMBlockDeletingService.java:call(138)) - Running DeletedBlockTransactionScanner
2019-09-03 20:25:58,721 [SCMBlockDeletingService#1] DEBUG block.SCMBlockDeletingService (SCMBlockDeletingService.java:call(155)) - Scanned deleted blocks log and got 0 delTX to process.
2019-09-03 20:25:58,747 [grpc-default-executor-1] INFO  client.GrpcClientProtocolClient (GrpcClientProtocolClient.java:onNext(255)) - client-CB1B8AC74E59->81367453-3bf0-4298-8a83-8d5c3816df16: receive RaftClientReply:client-CB1B8AC74E59->81367453-3bf0-4298-8a83-8d5c3816df16@group-F6EC397515C5, cid=1129, SUCCESS, logIndex=1589, commits[81367453-3bf0-4298-8a83-8d5c3816df16:c1590]
2019-09-03 20:25:58,747 [grpc-default-executor-1] INFO  client.GrpcClientProtocolClient (GrpcClientProtocolClient.java:onNext(255)) - client-CB1B8AC74E59->81367453-3bf0-4298-8a83-8d5c3816df16: receive RaftClientReply:client-CB1B8AC74E59->81367453-3bf0-4298-8a83-8d5c3816df16@group-F6EC397515C5, cid=1130, SUCCESS, logIndex=1590, commits[81367453-3bf0-4298-8a83-8d5c3816df16:c1590]
2019-09-03 20:25:58,752 [grpc-default-executor-1] INFO  client.GrpcClientProtocolClient (GrpcClientProtocolClient.java:onNext(255)) - client-CB1B8AC74E59->81367453-3bf0-4298-8a83-8d5c3816df16: receive RaftClientReply:client-CB1B8AC74E59->81367453-3bf0-4298-8a83-8d5c3816df16@group-F6EC397515C5, cid=1131, SUCCESS, logIndex=1591, commits[81367453-3bf0-4298-8a83-8d5c3816df16:c1592]
2019-09-03 20:25:58,752 [grpc-default-executor-1] INFO  client.GrpcClientProtocolClient (GrpcClientProtocolClient.java:onNext(255)) - client-CB1B8AC74E59->81367453-3bf0-4298-8a83-8d5c3816df16: receive RaftClientReply:client-CB1B8AC74E59->81367453-3bf0-4298-8a83-8d5c3816df16@group-F6EC397515C5, cid=1132, SUCCESS, logIndex=1592, commits[81367453-3bf0-4298-8a83-8d5c3816df16:c1592]
2019-09-03 20:25:58,770 [grpc-default-executor-1] INFO  client.GrpcClientProtocolClient (GrpcClientProtocolClient.java:onNext(255)) - client-CB1B8AC74E59->81367453-3bf0-4298-8a83-8d5c3816df16: receive RaftClientReply:client-CB1B8AC74E59->81367453-3bf0-4298-8a83-8d5c3816df16@group-F6EC397515C5, cid=1133, SUCCESS, logIndex=1595, commits[81367453-3bf0-4298-8a83-8d5c3816df16:c1598]
2019-09-03 20:25:58,771 [grpc-default-executor-1] INFO  client.GrpcClientProtocolClient (GrpcClientProtocolClient.java:onNext(255)) - client-CB1B8AC74E59->81367453-3bf0-4298-8a83-8d5c3816df16: receive RaftClientReply:client-CB1B8AC74E59->81367453-3bf0-4298-8a83-8d5c3816df16@group-F6EC397515C5, cid=1134, SUCCESS, logIndex=1596, commits[81367453-3bf0-4298-8a83-8d5c3816df16:c1598]
2019-09-03 20:25:58,771 [grpc-default-executor-1] INFO  client.GrpcClientProtocolClient (GrpcClientProtocolClient.java:onNext(255)) - client-CB1B8AC74E59->81367453-3bf0-4298-8a83-8d5c3816df16: receive RaftClientReply:client-CB1B8AC74E59->81367453-3bf0-4298-8a83-8d5c3816df16@group-F6EC397515C5, cid=1135, SUCCESS, logIndex=1597, commits[81367453-3bf0-4298-8a83-8d5c3816df16:c1598]
2019-09-03 20:25:58,772 [grpc-default-executor-1] INFO  client.GrpcClientProtocolClient (GrpcClientProtocolClient.java:onNext(255)) - client-CB1B8AC74E59->81367453-3bf0-4298-8a83-8d5c3816df16: receive RaftClientReply:client-CB1B8AC74E59->81367453-3bf0-4298-8a83-8d5c3816df16@group-F6EC397515C5, cid=1136, SUCCESS, logIndex=1598, commits[81367453-3bf0-4298-8a83-8d5c3816df16:c1598]
2019-09-03 20:25:58,793 [grpc-default-executor-1] INFO  client.GrpcClientProtocolClient (GrpcClientProtocolClient.java:onNext(255)) - client-CB1B8AC74E59->81367453-3bf0-4298-8a83-8d5c3816df16: receive RaftClientReply:client-CB1B8AC74E59->81367453-3bf0-4298-8a83-8d5c3816df16@group-F6EC397515C5, cid=1137, SUCCESS, logIndex=1600, commits[81367453-3bf0-4298-8a83-8d5c3816df16:c1603]
2019-09-03 20:25:58,793 [grpc-default-executor-1] INFO  client.GrpcClientProtocolClient (GrpcClientProtocolClient.java:onNext(255)) - client-CB1B8AC74E59->81367453-3bf0-4298-8a83-8d5c3816df16: receive RaftClientReply:client-CB1B8AC74E59->81367453-3bf0-4298-8a83-8d5c3816df16@group-F6EC397515C5, cid=1138, SUCCESS, logIndex=1601, commits[81367453-3bf0-4298-8a83-8d5c3816df16:c1603]
2019-09-03 20:25:58,794 [grpc-default-executor-1] INFO  client.GrpcClientProtocolClient (GrpcClientProtocolClient.java:onNext(255)) - client-CB1B8AC74E59->81367453-3bf0-4298-8a83-8d5c3816df16: receive RaftClientReply:client-CB1B8AC74E59->81367453-3bf0-4298-8a83-8d5c3816df16@group-F6EC397515C5, cid=1139, SUCCESS, logIndex=1602, commits[81367453-3bf0-4298-8a83-8d5c3816df16:c1603]
2019-09-03 20:25:58,794 [grpc-default-executor-1] INFO  client.GrpcClientProtocolClient (GrpcClientProtocolClient.java:onNext(255)) - client-CB1B8AC74E59->81367453-3bf0-4298-8a83-8d5c3816df16: receive RaftClientReply:client-CB1B8AC74E59->81367453-3bf0-4298-8a83-8d5c3816df16@group-F6EC397515C5, cid=1140, SUCCESS, logIndex=1603, commits[81367453-3bf0-4298-8a83-8d5c3816df16:c1603]
2019-09-03 20:25:58,818 [grpc-default-executor-2] INFO  client.GrpcClientProtocolClient (GrpcClientProtocolClient.java:onNext(255)) - client-CB1B8AC74E59->81367453-3bf0-4298-8a83-8d5c3816df16: receive RaftClientReply:client-CB1B8AC74E59->81367453-3bf0-4298-8a83-8d5c3816df16@group-F6EC397515C5, cid=1141, SUCCESS, logIndex=1605, commits[81367453-3bf0-4298-8a83-8d5c3816df16:c1606]
2019-09-03 20:25:58,819 [grpc-default-executor-2] INFO  client.GrpcClientProtocolClient (GrpcClientProtocolClient.java:onNext(255)) - client-CB1B8AC74E59->81367453-3bf0-4298-8a83-8d5c3816df16: receive RaftClientReply:client-CB1B8AC74E59->81367453-3bf0-4298-8a83-8d5c3816df16@group-F6EC397515C5, cid=1142, SUCCESS, logIndex=1606, commits[81367453-3bf0-4298-8a83-8d5c3816df16:c1606]
2019-09-03 20:25:58,821 [SCMBlockDeletingService#1] DEBUG block.SCMBlockDeletingService (SCMBlockDeletingService.java:call(138)) - Running DeletedBlockTransactionScanner
2019-09-03 20:25:58,821 [SCMBlockDeletingService#1] DEBUG block.SCMBlockDeletingService (SCMBlockDeletingService.java:call(155)) - Scanned deleted blocks log and got 0 delTX to process.
2019-09-03 20:25:58,823 [grpc-default-executor-2] INFO  client.GrpcClientProtocolClient (GrpcClientProtocolClient.java:onNext(255)) - client-CB1B8AC74E59->81367453-3bf0-4298-8a83-8d5c3816df16: receive RaftClientReply:client-CB1B8AC74E59->81367453-3bf0-4298-8a83-8d5c3816df16@group-F6EC397515C5, cid=1143, SUCCESS, logIndex=1607, commits[81367453-3bf0-4298-8a83-8d5c3816df16:c1608]
2019-09-03 20:25:58,824 [grpc-default-executor-2] INFO  client.GrpcClientProtocolClient (GrpcClientProtocolClient.java:onNext(255)) - client-CB1B8AC74E59->81367453-3bf0-4298-8a83-8d5c3816df16: receive RaftClientReply:client-CB1B8AC74E59->81367453-3bf0-4298-8a83-8d5c3816df16@group-F6EC397515C5, cid=1144, SUCCESS, logIndex=1608, commits[81367453-3bf0-4298-8a83-8d5c3816df16:c1608]
2019-09-03 20:25:58,854 [grpc-default-executor-2] INFO  client.GrpcClientProtocolClient (GrpcClientProtocolClient.java:onNext(255)) - client-CB1B8AC74E59->81367453-3bf0-4298-8a83-8d5c3816df16: receive RaftClientReply:client-CB1B8AC74E59->81367453-3bf0-4298-8a83-8d5c3816df16@group-F6EC397515C5, cid=1145, SUCCESS, logIndex=1611, commits[81367453-3bf0-4298-8a83-8d5c3816df16:c1614]
2019-09-03 20:25:58,855 [grpc-default-executor-2] INFO  client.GrpcClientProtocolClient (GrpcClientProtocolClient.java:onNext(255)) - client-CB1B8AC74E59->81367453-3bf0-4298-8a83-8d5c3816df16: receive RaftClientReply:client-CB1B8AC74E59->81367453-3bf0-4298-8a83-8d5c3816df16@group-F6EC397515C5, cid=1146, SUCCESS, logIndex=1612, commits[81367453-3bf0-4298-8a83-8d5c3816df16:c1614]
2019-09-03 20:25:58,855 [grpc-default-executor-2] INFO  client.GrpcClientProtocolClient (GrpcClientProtocolClient.java:onNext(255)) - client-CB1B8AC74E59->81367453-3bf0-4298-8a83-8d5c3816df16: receive RaftClientReply:client-CB1B8AC74E59->81367453-3bf0-4298-8a83-8d5c3816df16@group-F6EC397515C5, cid=1147, SUCCESS, logIndex=1613, commits[81367453-3bf0-4298-8a83-8d5c3816df16:c1614]
2019-09-03 20:25:58,855 [grpc-default-executor-2] INFO  client.GrpcClientProtocolClient (GrpcClientProtocolClient.java:onNext(255)) - client-CB1B8AC74E59->81367453-3bf0-4298-8a83-8d5c3816df16: receive RaftClientReply:client-CB1B8AC74E59->81367453-3bf0-4298-8a83-8d5c3816df16@group-F6EC397515C5, cid=1148, SUCCESS, logIndex=1614, commits[81367453-3bf0-4298-8a83-8d5c3816df16:c1614]
2019-09-03 20:25:58,922 [SCMBlockDeletingService#1] DEBUG block.SCMBlockDeletingService (SCMBlockDeletingService.java:call(138)) - Running DeletedBlockTransactionScanner
2019-09-03 20:25:58,922 [SCMBlockDeletingService#1] DEBUG block.SCMBlockDeletingService (SCMBlockDeletingService.java:call(155)) - Scanned deleted blocks log and got 0 delTX to process.
2019-09-03 20:25:58,964 [grpc-default-executor-2] INFO  client.GrpcClientProtocolClient (GrpcClientProtocolClient.java:onNext(255)) - client-CB1B8AC74E59->81367453-3bf0-4298-8a83-8d5c3816df16: receive RaftClientReply:client-CB1B8AC74E59->81367453-3bf0-4298-8a83-8d5c3816df16@group-F6EC397515C5, cid=1149, SUCCESS, logIndex=1616, commits[81367453-3bf0-4298-8a83-8d5c3816df16:c1619]
2019-09-03 20:25:58,969 [grpc-default-executor-2] INFO  client.GrpcClientProtocolClient (GrpcClientProtocolClient.java:onNext(255)) - client-CB1B8AC74E59->81367453-3bf0-4298-8a83-8d5c3816df16: receive RaftClientReply:client-CB1B8AC74E59->81367453-3bf0-4298-8a83-8d5c3816df16@group-F6EC397515C5, cid=1150, SUCCESS, logIndex=1617, commits[81367453-3bf0-4298-8a83-8d5c3816df16:c1619]
2019-09-03 20:25:58,969 [grpc-default-executor-2] INFO  client.GrpcClientProtocolClient (GrpcClientProtocolClient.java:onNext(255)) - client-CB1B8AC74E59->81367453-3bf0-4298-8a83-8d5c3816df16: receive RaftClientReply:client-CB1B8AC74E59->81367453-3bf0-4298-8a83-8d5c3816df16@group-F6EC397515C5, cid=1151, SUCCESS, logIndex=1618, commits[81367453-3bf0-4298-8a83-8d5c3816df16:c1619]
2019-09-03 20:25:58,970 [grpc-default-executor-2] INFO  client.GrpcClientProtocolClient (GrpcClientProtocolClient.java:onNext(255)) - client-CB1B8AC74E59->81367453-3bf0-4298-8a83-8d5c3816df16: receive RaftClientReply:client-CB1B8AC74E59->81367453-3bf0-4298-8a83-8d5c3816df16@group-F6EC397515C5, cid=1152, SUCCESS, logIndex=1619, commits[81367453-3bf0-4298-8a83-8d5c3816df16:c1619]
2019-09-03 20:25:59,003 [grpc-default-executor-2] INFO  client.GrpcClientProtocolClient (GrpcClientProtocolClient.java:onNext(255)) - client-CB1B8AC74E59->81367453-3bf0-4298-8a83-8d5c3816df16: receive RaftClientReply:client-CB1B8AC74E59->81367453-3bf0-4298-8a83-8d5c3816df16@group-F6EC397515C5, cid=1153, SUCCESS, logIndex=1621, commits[81367453-3bf0-4298-8a83-8d5c3816df16:c1624]
2019-09-03 20:25:59,004 [grpc-default-executor-2] INFO  client.GrpcClientProtocolClient (GrpcClientProtocolClient.java:onNext(255)) - client-CB1B8AC74E59->81367453-3bf0-4298-8a83-8d5c3816df16: receive RaftClientReply:client-CB1B8AC74E59->81367453-3bf0-4298-8a83-8d5c3816df16@group-F6EC397515C5, cid=1154, SUCCESS, logIndex=1622, commits[81367453-3bf0-4298-8a83-8d5c3816df16:c1624]
2019-09-03 20:25:59,004 [grpc-default-executor-2] INFO  client.GrpcClientProtocolClient (GrpcClientProtocolClient.java:onNext(255)) - client-CB1B8AC74E59->81367453-3bf0-4298-8a83-8d5c3816df16: receive RaftClientReply:client-CB1B8AC74E59->81367453-3bf0-4298-8a83-8d5c3816df16@group-F6EC397515C5, cid=1155, SUCCESS, logIndex=1623, commits[81367453-3bf0-4298-8a83-8d5c3816df16:c1624]
2019-09-03 20:25:59,004 [grpc-default-executor-2] INFO  client.GrpcClientProtocolClient (GrpcClientProtocolClient.java:onNext(255)) - client-CB1B8AC74E59->81367453-3bf0-4298-8a83-8d5c3816df16: receive RaftClientReply:client-CB1B8AC74E59->81367453-3bf0-4298-8a83-8d5c3816df16@group-F6EC397515C5, cid=1156, SUCCESS, logIndex=1624, commits[81367453-3bf0-4298-8a83-8d5c3816df16:c1624]
2019-09-03 20:25:59,021 [grpc-default-executor-1] INFO  client.GrpcClientProtocolClient (GrpcClientProtocolClient.java:onNext(255)) - client-CB1B8AC74E59->81367453-3bf0-4298-8a83-8d5c3816df16: receive RaftClientReply:client-CB1B8AC74E59->81367453-3bf0-4298-8a83-8d5c3816df16@group-F6EC397515C5, cid=1157, SUCCESS, logIndex=1626, commits[81367453-3bf0-4298-8a83-8d5c3816df16:c1627]
2019-09-03 20:25:59,021 [grpc-default-executor-1] INFO  client.GrpcClientProtocolClient (GrpcClientProtocolClient.java:onNext(255)) - client-CB1B8AC74E59->81367453-3bf0-4298-8a83-8d5c3816df16: receive RaftClientReply:client-CB1B8AC74E59->81367453-3bf0-4298-8a83-8d5c3816df16@group-F6EC397515C5, cid=1158, SUCCESS, logIndex=1627, commits[81367453-3bf0-4298-8a83-8d5c3816df16:c1627]
2019-09-03 20:25:59,022 [SCMBlockDeletingService#0] DEBUG block.SCMBlockDeletingService (SCMBlockDeletingService.java:call(138)) - Running DeletedBlockTransactionScanner
2019-09-03 20:25:59,023 [SCMBlockDeletingService#0] DEBUG block.SCMBlockDeletingService (SCMBlockDeletingService.java:call(155)) - Scanned deleted blocks log and got 0 delTX to process.
2019-09-03 20:25:59,032 [grpc-default-executor-1] INFO  client.GrpcClientProtocolClient (GrpcClientProtocolClient.java:onNext(255)) - client-CB1B8AC74E59->81367453-3bf0-4298-8a83-8d5c3816df16: receive RaftClientReply:client-CB1B8AC74E59->81367453-3bf0-4298-8a83-8d5c3816df16@group-F6EC397515C5, cid=1159, SUCCESS, logIndex=1628, commits[81367453-3bf0-4298-8a83-8d5c3816df16:c1629]
2019-09-03 20:25:59,033 [grpc-default-executor-1] INFO  client.GrpcClientProtocolClient (GrpcClientProtocolClient.java:onNext(255)) - client-CB1B8AC74E59->81367453-3bf0-4298-8a83-8d5c3816df16: receive RaftClientReply:client-CB1B8AC74E59->81367453-3bf0-4298-8a83-8d5c3816df16@group-F6EC397515C5, cid=1160, SUCCESS, logIndex=1629, commits[81367453-3bf0-4298-8a83-8d5c3816df16:c1629]
2019-09-03 20:25:59,070 [grpc-default-executor-1] INFO  client.GrpcClientProtocolClient (GrpcClientProtocolClient.java:onNext(255)) - client-CB1B8AC74E59->81367453-3bf0-4298-8a83-8d5c3816df16: receive RaftClientReply:client-CB1B8AC74E59->81367453-3bf0-4298-8a83-8d5c3816df16@group-F6EC397515C5, cid=1161, SUCCESS, logIndex=1632, commits[81367453-3bf0-4298-8a83-8d5c3816df16:c1635]
2019-09-03 20:25:59,071 [grpc-default-executor-1] INFO  client.GrpcClientProtocolClient (GrpcClientProtocolClient.java:onNext(255)) - client-CB1B8AC74E59->81367453-3bf0-4298-8a83-8d5c3816df16: receive RaftClientReply:client-CB1B8AC74E59->81367453-3bf0-4298-8a83-8d5c3816df16@group-F6EC397515C5, cid=1162, SUCCESS, logIndex=1633, commits[81367453-3bf0-4298-8a83-8d5c3816df16:c1635]
2019-09-03 20:25:59,072 [grpc-default-executor-1] INFO  client.GrpcClientProtocolClient (GrpcClientProtocolClient.java:onNext(255)) - client-CB1B8AC74E59->81367453-3bf0-4298-8a83-8d5c3816df16: receive RaftClientReply:client-CB1B8AC74E59->81367453-3bf0-4298-8a83-8d5c3816df16@group-F6EC397515C5, cid=1163, SUCCESS, logIndex=1634, commits[81367453-3bf0-4298-8a83-8d5c3816df16:c1635]
2019-09-03 20:25:59,072 [grpc-default-executor-1] INFO  client.GrpcClientProtocolClient (GrpcClientProtocolClient.java:onNext(255)) - client-CB1B8AC74E59->81367453-3bf0-4298-8a83-8d5c3816df16: receive RaftClientReply:client-CB1B8AC74E59->81367453-3bf0-4298-8a83-8d5c3816df16@group-F6EC397515C5, cid=1164, SUCCESS, logIndex=1635, commits[81367453-3bf0-4298-8a83-8d5c3816df16:c1635]
2019-09-03 20:25:59,090 [grpc-default-executor-1] INFO  client.GrpcClientProtocolClient (GrpcClientProtocolClient.java:onNext(255)) - client-CB1B8AC74E59->81367453-3bf0-4298-8a83-8d5c3816df16: receive RaftClientReply:client-CB1B8AC74E59->81367453-3bf0-4298-8a83-8d5c3816df16@group-F6EC397515C5, cid=1165, SUCCESS, logIndex=1637, commits[81367453-3bf0-4298-8a83-8d5c3816df16:c1640]
2019-09-03 20:25:59,091 [grpc-default-executor-1] INFO  client.GrpcClientProtocolClient (GrpcClientProtocolClient.java:onNext(255)) - client-CB1B8AC74E59->81367453-3bf0-4298-8a83-8d5c3816df16: receive RaftClientReply:client-CB1B8AC74E59->81367453-3bf0-4298-8a83-8d5c3816df16@group-F6EC397515C5, cid=1166, SUCCESS, logIndex=1638, commits[81367453-3bf0-4298-8a83-8d5c3816df16:c1640]
2019-09-03 20:25:59,091 [grpc-default-executor-1] INFO  client.GrpcClientProtocolClient (GrpcClientProtocolClient.java:onNext(255)) - client-CB1B8AC74E59->81367453-3bf0-4298-8a83-8d5c3816df16: receive RaftClientReply:client-CB1B8AC74E59->81367453-3bf0-4298-8a83-8d5c3816df16@group-F6EC397515C5, cid=1167, SUCCESS, logIndex=1639, commits[81367453-3bf0-4298-8a83-8d5c3816df16:c1640]
2019-09-03 20:25:59,092 [grpc-default-executor-1] INFO  client.GrpcClientProtocolClient (GrpcClientProtocolClient.java:onNext(255)) - client-CB1B8AC74E59->81367453-3bf0-4298-8a83-8d5c3816df16: receive RaftClientReply:client-CB1B8AC74E59->81367453-3bf0-4298-8a83-8d5c3816df16@group-F6EC397515C5, cid=1168, SUCCESS, logIndex=1640, commits[81367453-3bf0-4298-8a83-8d5c3816df16:c1640]
2019-09-03 20:25:59,123 [SCMBlockDeletingService#0] DEBUG block.SCMBlockDeletingService (SCMBlockDeletingService.java:call(138)) - Running DeletedBlockTransactionScanner
2019-09-03 20:25:59,123 [SCMBlockDeletingService#0] DEBUG block.SCMBlockDeletingService (SCMBlockDeletingService.java:call(155)) - Scanned deleted blocks log and got 0 delTX to process.
2019-09-03 20:25:59,125 [grpc-default-executor-1] INFO  client.GrpcClientProtocolClient (GrpcClientProtocolClient.java:onNext(255)) - client-CB1B8AC74E59->81367453-3bf0-4298-8a83-8d5c3816df16: receive RaftClientReply:client-CB1B8AC74E59->81367453-3bf0-4298-8a83-8d5c3816df16@group-F6EC397515C5, cid=1169, SUCCESS, logIndex=1642, commits[81367453-3bf0-4298-8a83-8d5c3816df16:c1645]
2019-09-03 20:25:59,128 [grpc-default-executor-1] INFO  client.GrpcClientProtocolClient (GrpcClientProtocolClient.java:onNext(255)) - client-CB1B8AC74E59->81367453-3bf0-4298-8a83-8d5c3816df16: receive RaftClientReply:client-CB1B8AC74E59->81367453-3bf0-4298-8a83-8d5c3816df16@group-F6EC397515C5, cid=1170, SUCCESS, logIndex=1643, commits[81367453-3bf0-4298-8a83-8d5c3816df16:c1645]
2019-09-03 20:25:59,129 [grpc-default-executor-1] INFO  client.GrpcClientProtocolClient (GrpcClientProtocolClient.java:onNext(255)) - client-CB1B8AC74E59->81367453-3bf0-4298-8a83-8d5c3816df16: receive RaftClientReply:client-CB1B8AC74E59->81367453-3bf0-4298-8a83-8d5c3816df16@group-F6EC397515C5, cid=1171, SUCCESS, logIndex=1644, commits[81367453-3bf0-4298-8a83-8d5c3816df16:c1645]
2019-09-03 20:25:59,129 [grpc-default-executor-1] INFO  client.GrpcClientProtocolClient (GrpcClientProtocolClient.java:onNext(255)) - client-CB1B8AC74E59->81367453-3bf0-4298-8a83-8d5c3816df16: receive RaftClientReply:client-CB1B8AC74E59->81367453-3bf0-4298-8a83-8d5c3816df16@group-F6EC397515C5, cid=1172, SUCCESS, logIndex=1645, commits[81367453-3bf0-4298-8a83-8d5c3816df16:c1645]
2019-09-03 20:25:59,155 [grpc-default-executor-1] INFO  client.GrpcClientProtocolClient (GrpcClientProtocolClient.java:onNext(255)) - client-CB1B8AC74E59->81367453-3bf0-4298-8a83-8d5c3816df16: receive RaftClientReply:client-CB1B8AC74E59->81367453-3bf0-4298-8a83-8d5c3816df16@group-F6EC397515C5, cid=1173, SUCCESS, logIndex=1647, commits[81367453-3bf0-4298-8a83-8d5c3816df16:c1650]
2019-09-03 20:25:59,155 [grpc-default-executor-1] INFO  client.GrpcClientProtocolClient (GrpcClientProtocolClient.java:onNext(255)) - client-CB1B8AC74E59->81367453-3bf0-4298-8a83-8d5c3816df16: receive RaftClientReply:client-CB1B8AC74E59->81367453-3bf0-4298-8a83-8d5c3816df16@group-F6EC397515C5, cid=1174, SUCCESS, logIndex=1648, commits[81367453-3bf0-4298-8a83-8d5c3816df16:c1650]
2019-09-03 20:25:59,156 [grpc-default-executor-1] INFO  client.GrpcClientProtocolClient (GrpcClientProtocolClient.java:onNext(255)) - client-CB1B8AC74E59->81367453-3bf0-4298-8a83-8d5c3816df16: receive RaftClientReply:client-CB1B8AC74E59->81367453-3bf0-4298-8a83-8d5c3816df16@group-F6EC397515C5, cid=1175, SUCCESS, logIndex=1649, commits[81367453-3bf0-4298-8a83-8d5c3816df16:c1650]
2019-09-03 20:25:59,156 [grpc-default-executor-1] INFO  client.GrpcClientProtocolClient (GrpcClientProtocolClient.java:onNext(255)) - client-CB1B8AC74E59->81367453-3bf0-4298-8a83-8d5c3816df16: receive RaftClientReply:client-CB1B8AC74E59->81367453-3bf0-4298-8a83-8d5c3816df16@group-F6EC397515C5, cid=1176, SUCCESS, logIndex=1650, commits[81367453-3bf0-4298-8a83-8d5c3816df16:c1650]
2019-09-03 20:25:59,278 [SCMBlockDeletingService#0] DEBUG block.SCMBlockDeletingService (SCMBlockDeletingService.java:call(138)) - Running DeletedBlockTransactionScanner
2019-09-03 20:25:59,279 [SCMBlockDeletingService#0] DEBUG block.SCMBlockDeletingService (SCMBlockDeletingService.java:call(155)) - Scanned deleted blocks log and got 0 delTX to process.
2019-09-03 20:25:59,302 [grpc-default-executor-1] INFO  client.GrpcClientProtocolClient (GrpcClientProtocolClient.java:onNext(255)) - client-CB1B8AC74E59->81367453-3bf0-4298-8a83-8d5c3816df16: receive RaftClientReply:client-CB1B8AC74E59->81367453-3bf0-4298-8a83-8d5c3816df16@group-F6EC397515C5, cid=1177, SUCCESS, logIndex=1652, commits[81367453-3bf0-4298-8a83-8d5c3816df16:c1653]
2019-09-03 20:25:59,303 [grpc-default-executor-1] INFO  client.GrpcClientProtocolClient (GrpcClientProtocolClient.java:onNext(255)) - client-CB1B8AC74E59->81367453-3bf0-4298-8a83-8d5c3816df16: receive RaftClientReply:client-CB1B8AC74E59->81367453-3bf0-4298-8a83-8d5c3816df16@group-F6EC397515C5, cid=1178, SUCCESS, logIndex=1653, commits[81367453-3bf0-4298-8a83-8d5c3816df16:c1653]
2019-09-03 20:25:59,317 [grpc-default-executor-1] INFO  client.GrpcClientProtocolClient (GrpcClientProtocolClient.java:onNext(255)) - client-CB1B8AC74E59->81367453-3bf0-4298-8a83-8d5c3816df16: receive RaftClientReply:client-CB1B8AC74E59->81367453-3bf0-4298-8a83-8d5c3816df16@group-F6EC397515C5, cid=1179, SUCCESS, logIndex=1654, commits[81367453-3bf0-4298-8a83-8d5c3816df16:c1655]
2019-09-03 20:25:59,317 [grpc-default-executor-1] INFO  client.GrpcClientProtocolClient (GrpcClientProtocolClient.java:onNext(255)) - client-CB1B8AC74E59->81367453-3bf0-4298-8a83-8d5c3816df16: receive RaftClientReply:client-CB1B8AC74E59->81367453-3bf0-4298-8a83-8d5c3816df16@group-F6EC397515C5, cid=1180, SUCCESS, logIndex=1655, commits[81367453-3bf0-4298-8a83-8d5c3816df16:c1655]
2019-09-03 20:25:59,370 [grpc-default-executor-2] INFO  client.GrpcClientProtocolClient (GrpcClientProtocolClient.java:onNext(255)) - client-CB1B8AC74E59->81367453-3bf0-4298-8a83-8d5c3816df16: receive RaftClientReply:client-CB1B8AC74E59->81367453-3bf0-4298-8a83-8d5c3816df16@group-F6EC397515C5, cid=1181, SUCCESS, logIndex=1658, commits[81367453-3bf0-4298-8a83-8d5c3816df16:c1661]
2019-09-03 20:25:59,370 [grpc-default-executor-2] INFO  client.GrpcClientProtocolClient (GrpcClientProtocolClient.java:onNext(255)) - client-CB1B8AC74E59->81367453-3bf0-4298-8a83-8d5c3816df16: receive RaftClientReply:client-CB1B8AC74E59->81367453-3bf0-4298-8a83-8d5c3816df16@group-F6EC397515C5, cid=1182, SUCCESS, logIndex=1659, commits[81367453-3bf0-4298-8a83-8d5c3816df16:c1661]
2019-09-03 20:25:59,371 [grpc-default-executor-2] INFO  client.GrpcClientProtocolClient (GrpcClientProtocolClient.java:onNext(255)) - client-CB1B8AC74E59->81367453-3bf0-4298-8a83-8d5c3816df16: receive RaftClientReply:client-CB1B8AC74E59->81367453-3bf0-4298-8a83-8d5c3816df16@group-F6EC397515C5, cid=1183, SUCCESS, logIndex=1660, commits[81367453-3bf0-4298-8a83-8d5c3816df16:c1661]
2019-09-03 20:25:59,371 [grpc-default-executor-2] INFO  client.GrpcClientProtocolClient (GrpcClientProtocolClient.java:onNext(255)) - client-CB1B8AC74E59->81367453-3bf0-4298-8a83-8d5c3816df16: receive RaftClientReply:client-CB1B8AC74E59->81367453-3bf0-4298-8a83-8d5c3816df16@group-F6EC397515C5, cid=1184, SUCCESS, logIndex=1661, commits[81367453-3bf0-4298-8a83-8d5c3816df16:c1661]
2019-09-03 20:25:59,379 [SCMBlockDeletingService#0] DEBUG block.SCMBlockDeletingService (SCMBlockDeletingService.java:call(138)) - Running DeletedBlockTransactionScanner
2019-09-03 20:25:59,380 [SCMBlockDeletingService#0] DEBUG block.SCMBlockDeletingService (SCMBlockDeletingService.java:call(155)) - Scanned deleted blocks log and got 0 delTX to process.
2019-09-03 20:25:59,416 [grpc-default-executor-2] INFO  client.GrpcClientProtocolClient (GrpcClientProtocolClient.java:onNext(255)) - client-CB1B8AC74E59->81367453-3bf0-4298-8a83-8d5c3816df16: receive RaftClientReply:client-CB1B8AC74E59->81367453-3bf0-4298-8a83-8d5c3816df16@group-F6EC397515C5, cid=1185, SUCCESS, logIndex=1663, commits[81367453-3bf0-4298-8a83-8d5c3816df16:c1666]
2019-09-03 20:25:59,417 [grpc-default-executor-2] INFO  client.GrpcClientProtocolClient (GrpcClientProtocolClient.java:onNext(255)) - client-CB1B8AC74E59->81367453-3bf0-4298-8a83-8d5c3816df16: receive RaftClientReply:client-CB1B8AC74E59->81367453-3bf0-4298-8a83-8d5c3816df16@group-F6EC397515C5, cid=1186, SUCCESS, logIndex=1664, commits[81367453-3bf0-4298-8a83-8d5c3816df16:c1666]
2019-09-03 20:25:59,417 [grpc-default-executor-2] INFO  client.GrpcClientProtocolClient (GrpcClientProtocolClient.java:onNext(255)) - client-CB1B8AC74E59->81367453-3bf0-4298-8a83-8d5c3816df16: receive RaftClientReply:client-CB1B8AC74E59->81367453-3bf0-4298-8a83-8d5c3816df16@group-F6EC397515C5, cid=1187, SUCCESS, logIndex=1665, commits[81367453-3bf0-4298-8a83-8d5c3816df16:c1666]
2019-09-03 20:25:59,418 [grpc-default-executor-2] INFO  client.GrpcClientProtocolClient (GrpcClientProtocolClient.java:onNext(255)) - client-CB1B8AC74E59->81367453-3bf0-4298-8a83-8d5c3816df16: receive RaftClientReply:client-CB1B8AC74E59->81367453-3bf0-4298-8a83-8d5c3816df16@group-F6EC397515C5, cid=1188, SUCCESS, logIndex=1666, commits[81367453-3bf0-4298-8a83-8d5c3816df16:c1666]
2019-09-03 20:25:59,452 [grpc-default-executor-2] INFO  client.GrpcClientProtocolClient (GrpcClientProtocolClient.java:onNext(255)) - client-CB1B8AC74E59->81367453-3bf0-4298-8a83-8d5c3816df16: receive RaftClientReply:client-CB1B8AC74E59->81367453-3bf0-4298-8a83-8d5c3816df16@group-F6EC397515C5, cid=1189, SUCCESS, logIndex=1668, commits[81367453-3bf0-4298-8a83-8d5c3816df16:c1671]
2019-09-03 20:25:59,452 [grpc-default-executor-2] INFO  client.GrpcClientProtocolClient (GrpcClientProtocolClient.java:onNext(255)) - client-CB1B8AC74E59->81367453-3bf0-4298-8a83-8d5c3816df16: receive RaftClientReply:client-CB1B8AC74E59->81367453-3bf0-4298-8a83-8d5c3816df16@group-F6EC397515C5, cid=1190, SUCCESS, logIndex=1669, commits[81367453-3bf0-4298-8a83-8d5c3816df16:c1671]
2019-09-03 20:25:59,453 [grpc-default-executor-2] INFO  client.GrpcClientProtocolClient (GrpcClientProtocolClient.java:onNext(255)) - client-CB1B8AC74E59->81367453-3bf0-4298-8a83-8d5c3816df16: receive RaftClientReply:client-CB1B8AC74E59->81367453-3bf0-4298-8a83-8d5c3816df16@group-F6EC397515C5, cid=1191, SUCCESS, logIndex=1670, commits[81367453-3bf0-4298-8a83-8d5c3816df16:c1671]
2019-09-03 20:25:59,454 [grpc-default-executor-2] INFO  client.GrpcClientProtocolClient (GrpcClientProtocolClient.java:onNext(255)) - client-CB1B8AC74E59->81367453-3bf0-4298-8a83-8d5c3816df16: receive RaftClientReply:client-CB1B8AC74E59->81367453-3bf0-4298-8a83-8d5c3816df16@group-F6EC397515C5, cid=1192, SUCCESS, logIndex=1671, commits[81367453-3bf0-4298-8a83-8d5c3816df16:c1671]
2019-09-03 20:25:59,480 [SCMBlockDeletingService#0] DEBUG block.SCMBlockDeletingService (SCMBlockDeletingService.java:call(138)) - Running DeletedBlockTransactionScanner
2019-09-03 20:25:59,480 [SCMBlockDeletingService#0] DEBUG block.SCMBlockDeletingService (SCMBlockDeletingService.java:call(155)) - Scanned deleted blocks log and got 0 delTX to process.
2019-09-03 20:25:59,566 [grpc-default-executor-2] INFO  client.GrpcClientProtocolClient (GrpcClientProtocolClient.java:onNext(255)) - client-CB1B8AC74E59->81367453-3bf0-4298-8a83-8d5c3816df16: receive RaftClientReply:client-CB1B8AC74E59->81367453-3bf0-4298-8a83-8d5c3816df16@group-F6EC397515C5, cid=1193, SUCCESS, logIndex=1673, commits[81367453-3bf0-4298-8a83-8d5c3816df16:c1676]
2019-09-03 20:25:59,566 [grpc-default-executor-2] INFO  client.GrpcClientProtocolClient (GrpcClientProtocolClient.java:onNext(255)) - client-CB1B8AC74E59->81367453-3bf0-4298-8a83-8d5c3816df16: receive RaftClientReply:client-CB1B8AC74E59->81367453-3bf0-4298-8a83-8d5c3816df16@group-F6EC397515C5, cid=1194, SUCCESS, logIndex=1674, commits[81367453-3bf0-4298-8a83-8d5c3816df16:c1676]
2019-09-03 20:25:59,567 [grpc-default-executor-2] INFO  client.GrpcClientProtocolClient (GrpcClientProtocolClient.java:onNext(255)) - client-CB1B8AC74E59->81367453-3bf0-4298-8a83-8d5c3816df16: receive RaftClientReply:client-CB1B8AC74E59->81367453-3bf0-4298-8a83-8d5c3816df16@group-F6EC397515C5, cid=1195, SUCCESS, logIndex=1675, commits[81367453-3bf0-4298-8a83-8d5c3816df16:c1676]
2019-09-03 20:25:59,568 [grpc-default-executor-2] INFO  client.GrpcClientProtocolClient (GrpcClientProtocolClient.java:onNext(255)) - client-CB1B8AC74E59->81367453-3bf0-4298-8a83-8d5c3816df16: receive RaftClientReply:client-CB1B8AC74E59->81367453-3bf0-4298-8a83-8d5c3816df16@group-F6EC397515C5, cid=1196, SUCCESS, logIndex=1676, commits[81367453-3bf0-4298-8a83-8d5c3816df16:c1676]
2019-09-03 20:25:59,581 [SCMBlockDeletingService#0] DEBUG block.SCMBlockDeletingService (SCMBlockDeletingService.java:call(138)) - Running DeletedBlockTransactionScanner
2019-09-03 20:25:59,581 [SCMBlockDeletingService#0] DEBUG block.SCMBlockDeletingService (SCMBlockDeletingService.java:call(155)) - Scanned deleted blocks log and got 0 delTX to process.
2019-09-03 20:25:59,593 [grpc-default-executor-2] INFO  client.GrpcClientProtocolClient (GrpcClientProtocolClient.java:onNext(255)) - client-CB1B8AC74E59->81367453-3bf0-4298-8a83-8d5c3816df16: receive RaftClientReply:client-CB1B8AC74E59->81367453-3bf0-4298-8a83-8d5c3816df16@group-F6EC397515C5, cid=1197, SUCCESS, logIndex=1678, commits[81367453-3bf0-4298-8a83-8d5c3816df16:c1681]
2019-09-03 20:25:59,594 [grpc-default-executor-2] INFO  client.GrpcClientProtocolClient (GrpcClientProtocolClient.java:onNext(255)) - client-CB1B8AC74E59->81367453-3bf0-4298-8a83-8d5c3816df16: receive RaftClientReply:client-CB1B8AC74E59->81367453-3bf0-4298-8a83-8d5c3816df16@group-F6EC397515C5, cid=1198, SUCCESS, logIndex=1679, commits[81367453-3bf0-4298-8a83-8d5c3816df16:c1681]
2019-09-03 20:25:59,594 [grpc-default-executor-2] INFO  client.GrpcClientProtocolClient (GrpcClientProtocolClient.java:onNext(255)) - client-CB1B8AC74E59->81367453-3bf0-4298-8a83-8d5c3816df16: receive RaftClientReply:client-CB1B8AC74E59->81367453-3bf0-4298-8a83-8d5c3816df16@group-F6EC397515C5, cid=1199, SUCCESS, logIndex=1680, commits[81367453-3bf0-4298-8a83-8d5c3816df16:c1681]
2019-09-03 20:25:59,595 [grpc-default-executor-2] INFO  client.GrpcClientProtocolClient (GrpcClientProtocolClient.java:onNext(255)) - client-CB1B8AC74E59->81367453-3bf0-4298-8a83-8d5c3816df16: receive RaftClientReply:client-CB1B8AC74E59->81367453-3bf0-4298-8a83-8d5c3816df16@group-F6EC397515C5, cid=1200, SUCCESS, logIndex=1681, commits[81367453-3bf0-4298-8a83-8d5c3816df16:c1681]
2019-09-03 20:25:59,618 [grpc-default-executor-2] INFO  client.GrpcClientProtocolClient (GrpcClientProtocolClient.java:onNext(255)) - client-CB1B8AC74E59->81367453-3bf0-4298-8a83-8d5c3816df16: receive RaftClientReply:client-CB1B8AC74E59->81367453-3bf0-4298-8a83-8d5c3816df16@group-F6EC397515C5, cid=1201, SUCCESS, logIndex=1683, commits[81367453-3bf0-4298-8a83-8d5c3816df16:c1686]
2019-09-03 20:25:59,618 [grpc-default-executor-2] INFO  client.GrpcClientProtocolClient (GrpcClientProtocolClient.java:onNext(255)) - client-CB1B8AC74E59->81367453-3bf0-4298-8a83-8d5c3816df16: receive RaftClientReply:client-CB1B8AC74E59->81367453-3bf0-4298-8a83-8d5c3816df16@group-F6EC397515C5, cid=1202, SUCCESS, logIndex=1684, commits[81367453-3bf0-4298-8a83-8d5c3816df16:c1686]
2019-09-03 20:25:59,619 [grpc-default-executor-2] INFO  client.GrpcClientProtocolClient (GrpcClientProtocolClient.java:onNext(255)) - client-CB1B8AC74E59->81367453-3bf0-4298-8a83-8d5c3816df16: receive RaftClientReply:client-CB1B8AC74E59->81367453-3bf0-4298-8a83-8d5c3816df16@group-F6EC397515C5, cid=1203, SUCCESS, logIndex=1685, commits[81367453-3bf0-4298-8a83-8d5c3816df16:c1686]
2019-09-03 20:25:59,619 [grpc-default-executor-2] INFO  client.GrpcClientProtocolClient (GrpcClientProtocolClient.java:onNext(255)) - client-CB1B8AC74E59->81367453-3bf0-4298-8a83-8d5c3816df16: receive RaftClientReply:client-CB1B8AC74E59->81367453-3bf0-4298-8a83-8d5c3816df16@group-F6EC397515C5, cid=1204, SUCCESS, logIndex=1686, commits[81367453-3bf0-4298-8a83-8d5c3816df16:c1686]
2019-09-03 20:25:59,655 [grpc-default-executor-2] INFO  client.GrpcClientProtocolClient (GrpcClientProtocolClient.java:onNext(255)) - client-CB1B8AC74E59->81367453-3bf0-4298-8a83-8d5c3816df16: receive RaftClientReply:client-CB1B8AC74E59->81367453-3bf0-4298-8a83-8d5c3816df16@group-F6EC397515C5, cid=1205, SUCCESS, logIndex=1688, commits[81367453-3bf0-4298-8a83-8d5c3816df16:c1691]
2019-09-03 20:25:59,656 [grpc-default-executor-2] INFO  client.GrpcClientProtocolClient (GrpcClientProtocolClient.java:onNext(255)) - client-CB1B8AC74E59->81367453-3bf0-4298-8a83-8d5c3816df16: receive RaftClientReply:client-CB1B8AC74E59->81367453-3bf0-4298-8a83-8d5c3816df16@group-F6EC397515C5, cid=1206, SUCCESS, logIndex=1689, commits[81367453-3bf0-4298-8a83-8d5c3816df16:c1691]
2019-09-03 20:25:59,656 [grpc-default-executor-2] INFO  client.GrpcClientProtocolClient (GrpcClientProtocolClient.java:onNext(255)) - client-CB1B8AC74E59->81367453-3bf0-4298-8a83-8d5c3816df16: receive RaftClientReply:client-CB1B8AC74E59->81367453-3bf0-4298-8a83-8d5c3816df16@group-F6EC397515C5, cid=1207, SUCCESS, logIndex=1690, commits[81367453-3bf0-4298-8a83-8d5c3816df16:c1691]
2019-09-03 20:25:59,656 [grpc-default-executor-2] INFO  client.GrpcClientProtocolClient (GrpcClientProtocolClient.java:onNext(255)) - client-CB1B8AC74E59->81367453-3bf0-4298-8a83-8d5c3816df16: receive RaftClientReply:client-CB1B8AC74E59->81367453-3bf0-4298-8a83-8d5c3816df16@group-F6EC397515C5, cid=1208, SUCCESS, logIndex=1691, commits[81367453-3bf0-4298-8a83-8d5c3816df16:c1691]
2019-09-03 20:25:59,681 [SCMBlockDeletingService#0] DEBUG block.SCMBlockDeletingService (SCMBlockDeletingService.java:call(138)) - Running DeletedBlockTransactionScanner
2019-09-03 20:25:59,681 [SCMBlockDeletingService#0] DEBUG block.SCMBlockDeletingService (SCMBlockDeletingService.java:call(155)) - Scanned deleted blocks log and got 0 delTX to process.
2019-09-03 20:25:59,683 [grpc-default-executor-1] INFO  client.GrpcClientProtocolClient (GrpcClientProtocolClient.java:onNext(255)) - client-CB1B8AC74E59->81367453-3bf0-4298-8a83-8d5c3816df16: receive RaftClientReply:client-CB1B8AC74E59->81367453-3bf0-4298-8a83-8d5c3816df16@group-F6EC397515C5, cid=1209, SUCCESS, logIndex=1693, commits[81367453-3bf0-4298-8a83-8d5c3816df16:c1696]
2019-09-03 20:25:59,684 [grpc-default-executor-1] INFO  client.GrpcClientProtocolClient (GrpcClientProtocolClient.java:onNext(255)) - client-CB1B8AC74E59->81367453-3bf0-4298-8a83-8d5c3816df16: receive RaftClientReply:client-CB1B8AC74E59->81367453-3bf0-4298-8a83-8d5c3816df16@group-F6EC397515C5, cid=1210, SUCCESS, logIndex=1694, commits[81367453-3bf0-4298-8a83-8d5c3816df16:c1696]
2019-09-03 20:25:59,684 [grpc-default-executor-1] INFO  client.GrpcClientProtocolClient (GrpcClientProtocolClient.java:onNext(255)) - client-CB1B8AC74E59->81367453-3bf0-4298-8a83-8d5c3816df16: receive RaftClientReply:client-CB1B8AC74E59->81367453-3bf0-4298-8a83-8d5c3816df16@group-F6EC397515C5, cid=1211, SUCCESS, logIndex=1695, commits[81367453-3bf0-4298-8a83-8d5c3816df16:c1696]
2019-09-03 20:25:59,685 [grpc-default-executor-1] INFO  client.GrpcClientProtocolClient (GrpcClientProtocolClient.java:onNext(255)) - client-CB1B8AC74E59->81367453-3bf0-4298-8a83-8d5c3816df16: receive RaftClientReply:client-CB1B8AC74E59->81367453-3bf0-4298-8a83-8d5c3816df16@group-F6EC397515C5, cid=1212, SUCCESS, logIndex=1696, commits[81367453-3bf0-4298-8a83-8d5c3816df16:c1696]
2019-09-03 20:25:59,698 [grpc-default-executor-1] INFO  client.GrpcClientProtocolClient (GrpcClientProtocolClient.java:onNext(255)) - client-CB1B8AC74E59->81367453-3bf0-4298-8a83-8d5c3816df16: receive RaftClientReply:client-CB1B8AC74E59->81367453-3bf0-4298-8a83-8d5c3816df16@group-F6EC397515C5, cid=1213, SUCCESS, logIndex=1698, commits[81367453-3bf0-4298-8a83-8d5c3816df16:c1701]
2019-09-03 20:25:59,698 [grpc-default-executor-1] INFO  client.GrpcClientProtocolClient (GrpcClientProtocolClient.java:onNext(255)) - client-CB1B8AC74E59->81367453-3bf0-4298-8a83-8d5c3816df16: receive RaftClientReply:client-CB1B8AC74E59->81367453-3bf0-4298-8a83-8d5c3816df16@group-F6EC397515C5, cid=1214, SUCCESS, logIndex=1699, commits[81367453-3bf0-4298-8a83-8d5c3816df16:c1701]
2019-09-03 20:25:59,699 [grpc-default-executor-1] INFO  client.GrpcClientProtocolClient (GrpcClientProtocolClient.java:onNext(255)) - client-CB1B8AC74E59->81367453-3bf0-4298-8a83-8d5c3816df16: receive RaftClientReply:client-CB1B8AC74E59->81367453-3bf0-4298-8a83-8d5c3816df16@group-F6EC397515C5, cid=1215, SUCCESS, logIndex=1700, commits[81367453-3bf0-4298-8a83-8d5c3816df16:c1701]
2019-09-03 20:25:59,699 [grpc-default-executor-1] INFO  client.GrpcClientProtocolClient (GrpcClientProtocolClient.java:onNext(255)) - client-CB1B8AC74E59->81367453-3bf0-4298-8a83-8d5c3816df16: receive RaftClientReply:client-CB1B8AC74E59->81367453-3bf0-4298-8a83-8d5c3816df16@group-F6EC397515C5, cid=1216, SUCCESS, logIndex=1701, commits[81367453-3bf0-4298-8a83-8d5c3816df16:c1701]
2019-09-03 20:25:59,726 [grpc-default-executor-1] INFO  client.GrpcClientProtocolClient (GrpcClientProtocolClient.java:onNext(255)) - client-CB1B8AC74E59->81367453-3bf0-4298-8a83-8d5c3816df16: receive RaftClientReply:client-CB1B8AC74E59->81367453-3bf0-4298-8a83-8d5c3816df16@group-F6EC397515C5, cid=1217, SUCCESS, logIndex=1703, commits[81367453-3bf0-4298-8a83-8d5c3816df16:c1706]
2019-09-03 20:25:59,727 [grpc-default-executor-1] INFO  client.GrpcClientProtocolClient (GrpcClientProtocolClient.java:onNext(255)) - client-CB1B8AC74E59->81367453-3bf0-4298-8a83-8d5c3816df16: receive RaftClientReply:client-CB1B8AC74E59->81367453-3bf0-4298-8a83-8d5c3816df16@group-F6EC397515C5, cid=1218, SUCCESS, logIndex=1704, commits[81367453-3bf0-4298-8a83-8d5c3816df16:c1706]
2019-09-03 20:25:59,728 [grpc-default-executor-1] INFO  client.GrpcClientProtocolClient (GrpcClientProtocolClient.java:onNext(255)) - client-CB1B8AC74E59->81367453-3bf0-4298-8a83-8d5c3816df16: receive RaftClientReply:client-CB1B8AC74E59->81367453-3bf0-4298-8a83-8d5c3816df16@group-F6EC397515C5, cid=1219, SUCCESS, logIndex=1705, commits[81367453-3bf0-4298-8a83-8d5c3816df16:c1706]
2019-09-03 20:25:59,728 [grpc-default-executor-1] INFO  client.GrpcClientProtocolClient (GrpcClientProtocolClient.java:onNext(255)) - client-CB1B8AC74E59->81367453-3bf0-4298-8a83-8d5c3816df16: receive RaftClientReply:client-CB1B8AC74E59->81367453-3bf0-4298-8a83-8d5c3816df16@group-F6EC397515C5, cid=1220, SUCCESS, logIndex=1706, commits[81367453-3bf0-4298-8a83-8d5c3816df16:c1706]
2019-09-03 20:25:59,782 [SCMBlockDeletingService#0] DEBUG block.SCMBlockDeletingService (SCMBlockDeletingService.java:call(138)) - Running DeletedBlockTransactionScanner
2019-09-03 20:25:59,782 [SCMBlockDeletingService#0] DEBUG block.SCMBlockDeletingService (SCMBlockDeletingService.java:call(155)) - Scanned deleted blocks log and got 0 delTX to process.
2019-09-03 20:25:59,882 [SCMBlockDeletingService#0] DEBUG block.SCMBlockDeletingService (SCMBlockDeletingService.java:call(138)) - Running DeletedBlockTransactionScanner
2019-09-03 20:25:59,883 [SCMBlockDeletingService#0] DEBUG block.SCMBlockDeletingService (SCMBlockDeletingService.java:call(155)) - Scanned deleted blocks log and got 0 delTX to process.
2019-09-03 20:25:59,983 [SCMBlockDeletingService#0] DEBUG block.SCMBlockDeletingService (SCMBlockDeletingService.java:call(138)) - Running DeletedBlockTransactionScanner
2019-09-03 20:25:59,983 [SCMBlockDeletingService#0] DEBUG block.SCMBlockDeletingService (SCMBlockDeletingService.java:call(155)) - Scanned deleted blocks log and got 0 delTX to process.
2019-09-03 20:26:00,084 [SCMBlockDeletingService#0] DEBUG block.SCMBlockDeletingService (SCMBlockDeletingService.java:call(138)) - Running DeletedBlockTransactionScanner
2019-09-03 20:26:00,084 [SCMBlockDeletingService#0] DEBUG block.SCMBlockDeletingService (SCMBlockDeletingService.java:call(155)) - Scanned deleted blocks log and got 0 delTX to process.
2019-09-03 20:26:00,184 [SCMBlockDeletingService#1] DEBUG block.SCMBlockDeletingService (SCMBlockDeletingService.java:call(138)) - Running DeletedBlockTransactionScanner
2019-09-03 20:26:00,185 [SCMBlockDeletingService#1] DEBUG block.SCMBlockDeletingService (SCMBlockDeletingService.java:call(155)) - Scanned deleted blocks log and got 0 delTX to process.
2019-09-03 20:26:00,285 [SCMBlockDeletingService#1] DEBUG block.SCMBlockDeletingService (SCMBlockDeletingService.java:call(138)) - Running DeletedBlockTransactionScanner
2019-09-03 20:26:00,285 [SCMBlockDeletingService#1] DEBUG block.SCMBlockDeletingService (SCMBlockDeletingService.java:call(155)) - Scanned deleted blocks log and got 0 delTX to process.
2019-09-03 20:26:00,386 [SCMBlockDeletingService#1] DEBUG block.SCMBlockDeletingService (SCMBlockDeletingService.java:call(138)) - Running DeletedBlockTransactionScanner
2019-09-03 20:26:00,386 [SCMBlockDeletingService#1] DEBUG block.SCMBlockDeletingService (SCMBlockDeletingService.java:call(155)) - Scanned deleted blocks log and got 0 delTX to process.
2019-09-03 20:26:00,486 [SCMBlockDeletingService#1] DEBUG block.SCMBlockDeletingService (SCMBlockDeletingService.java:call(138)) - Running DeletedBlockTransactionScanner
2019-09-03 20:26:00,487 [SCMBlockDeletingService#1] DEBUG block.SCMBlockDeletingService (SCMBlockDeletingService.java:call(155)) - Scanned deleted blocks log and got 0 delTX to process.
2019-09-03 20:26:00,587 [SCMBlockDeletingService#1] DEBUG block.SCMBlockDeletingService (SCMBlockDeletingService.java:call(138)) - Running DeletedBlockTransactionScanner
2019-09-03 20:26:00,587 [SCMBlockDeletingService#1] DEBUG block.SCMBlockDeletingService (SCMBlockDeletingService.java:call(155)) - Scanned deleted blocks log and got 0 delTX to process.
2019-09-03 20:26:00,688 [SCMBlockDeletingService#1] DEBUG block.SCMBlockDeletingService (SCMBlockDeletingService.java:call(138)) - Running DeletedBlockTransactionScanner
2019-09-03 20:26:00,688 [SCMBlockDeletingService#1] DEBUG block.SCMBlockDeletingService (SCMBlockDeletingService.java:call(155)) - Scanned deleted blocks log and got 0 delTX to process.
2019-09-03 20:26:00,788 [SCMBlockDeletingService#1] DEBUG block.SCMBlockDeletingService (SCMBlockDeletingService.java:call(138)) - Running DeletedBlockTransactionScanner
2019-09-03 20:26:00,789 [SCMBlockDeletingService#1] DEBUG block.SCMBlockDeletingService (SCMBlockDeletingService.java:call(155)) - Scanned deleted blocks log and got 0 delTX to process.
2019-09-03 20:26:00,889 [SCMBlockDeletingService#1] DEBUG block.SCMBlockDeletingService (SCMBlockDeletingService.java:call(138)) - Running DeletedBlockTransactionScanner
2019-09-03 20:26:00,889 [SCMBlockDeletingService#1] DEBUG block.SCMBlockDeletingService (SCMBlockDeletingService.java:call(155)) - Scanned deleted blocks log and got 0 delTX to process.
2019-09-03 20:26:00,990 [SCMBlockDeletingService#1] DEBUG block.SCMBlockDeletingService (SCMBlockDeletingService.java:call(138)) - Running DeletedBlockTransactionScanner
2019-09-03 20:26:00,990 [SCMBlockDeletingService#1] DEBUG block.SCMBlockDeletingService (SCMBlockDeletingService.java:call(155)) - Scanned deleted blocks log and got 0 delTX to process.
2019-09-03 20:26:01,090 [SCMBlockDeletingService#1] DEBUG block.SCMBlockDeletingService (SCMBlockDeletingService.java:call(138)) - Running DeletedBlockTransactionScanner
2019-09-03 20:26:01,091 [SCMBlockDeletingService#1] DEBUG block.SCMBlockDeletingService (SCMBlockDeletingService.java:call(155)) - Scanned deleted blocks log and got 0 delTX to process.
2019-09-03 20:26:01,191 [SCMBlockDeletingService#1] DEBUG block.SCMBlockDeletingService (SCMBlockDeletingService.java:call(138)) - Running DeletedBlockTransactionScanner
2019-09-03 20:26:01,191 [SCMBlockDeletingService#1] DEBUG block.SCMBlockDeletingService (SCMBlockDeletingService.java:call(155)) - Scanned deleted blocks log and got 0 delTX to process.
2019-09-03 20:26:01,292 [SCMBlockDeletingService#1] DEBUG block.SCMBlockDeletingService (SCMBlockDeletingService.java:call(138)) - Running DeletedBlockTransactionScanner
2019-09-03 20:26:01,292 [SCMBlockDeletingService#1] DEBUG block.SCMBlockDeletingService (SCMBlockDeletingService.java:call(155)) - Scanned deleted blocks log and got 0 delTX to process.
2019-09-03 20:26:01,392 [SCMBlockDeletingService#1] DEBUG block.SCMBlockDeletingService (SCMBlockDeletingService.java:call(138)) - Running DeletedBlockTransactionScanner
2019-09-03 20:26:01,393 [SCMBlockDeletingService#1] DEBUG block.SCMBlockDeletingService (SCMBlockDeletingService.java:call(155)) - Scanned deleted blocks log and got 0 delTX to process.
2019-09-03 20:26:01,493 [SCMBlockDeletingService#1] DEBUG block.SCMBlockDeletingService (SCMBlockDeletingService.java:call(138)) - Running DeletedBlockTransactionScanner
2019-09-03 20:26:01,493 [SCMBlockDeletingService#1] DEBUG block.SCMBlockDeletingService (SCMBlockDeletingService.java:call(155)) - Scanned deleted blocks log and got 0 delTX to process.
2019-09-03 20:26:01,594 [SCMBlockDeletingService#1] DEBUG block.SCMBlockDeletingService (SCMBlockDeletingService.java:call(138)) - Running DeletedBlockTransactionScanner
2019-09-03 20:26:01,594 [SCMBlockDeletingService#1] DEBUG block.SCMBlockDeletingService (SCMBlockDeletingService.java:call(155)) - Scanned deleted blocks log and got 0 delTX to process.
2019-09-03 20:26:01,694 [SCMBlockDeletingService#1] DEBUG block.SCMBlockDeletingService (SCMBlockDeletingService.java:call(138)) - Running DeletedBlockTransactionScanner
2019-09-03 20:26:01,695 [SCMBlockDeletingService#1] DEBUG block.SCMBlockDeletingService (SCMBlockDeletingService.java:call(155)) - Scanned deleted blocks log and got 0 delTX to process.
2019-09-03 20:26:01,795 [SCMBlockDeletingService#1] DEBUG block.SCMBlockDeletingService (SCMBlockDeletingService.java:call(138)) - Running DeletedBlockTransactionScanner
2019-09-03 20:26:01,795 [SCMBlockDeletingService#1] DEBUG block.SCMBlockDeletingService (SCMBlockDeletingService.java:call(155)) - Scanned deleted blocks log and got 0 delTX to process.
2019-09-03 20:26:01,896 [SCMBlockDeletingService#1] DEBUG block.SCMBlockDeletingService (SCMBlockDeletingService.java:call(138)) - Running DeletedBlockTransactionScanner
2019-09-03 20:26:01,896 [SCMBlockDeletingService#1] DEBUG block.SCMBlockDeletingService (SCMBlockDeletingService.java:call(155)) - Scanned deleted blocks log and got 0 delTX to process.
2019-09-03 20:26:01,952 [grpc-default-executor-1] INFO  client.GrpcClientProtocolClient (GrpcClientProtocolClient.java:onNext(255)) - client-CB1B8AC74E59->81367453-3bf0-4298-8a83-8d5c3816df16: receive RaftClientReply:client-CB1B8AC74E59->81367453-3bf0-4298-8a83-8d5c3816df16@group-F6EC397515C5, cid=1221, SUCCESS, logIndex=1708, commits[81367453-3bf0-4298-8a83-8d5c3816df16:c1711]
2019-09-03 20:26:01,952 [grpc-default-executor-1] INFO  client.GrpcClientProtocolClient (GrpcClientProtocolClient.java:onNext(255)) - client-CB1B8AC74E59->81367453-3bf0-4298-8a83-8d5c3816df16: receive RaftClientReply:client-CB1B8AC74E59->81367453-3bf0-4298-8a83-8d5c3816df16@group-F6EC397515C5, cid=1222, SUCCESS, logIndex=1709, commits[81367453-3bf0-4298-8a83-8d5c3816df16:c1711]
2019-09-03 20:26:01,953 [grpc-default-executor-1] INFO  client.GrpcClientProtocolClient (GrpcClientProtocolClient.java:onNext(255)) - client-CB1B8AC74E59->81367453-3bf0-4298-8a83-8d5c3816df16: receive RaftClientReply:client-CB1B8AC74E59->81367453-3bf0-4298-8a83-8d5c3816df16@group-F6EC397515C5, cid=1223, SUCCESS, logIndex=1710, commits[81367453-3bf0-4298-8a83-8d5c3816df16:c1711]
2019-09-03 20:26:01,953 [grpc-default-executor-1] INFO  client.GrpcClientProtocolClient (GrpcClientProtocolClient.java:onNext(255)) - client-CB1B8AC74E59->81367453-3bf0-4298-8a83-8d5c3816df16: receive RaftClientReply:client-CB1B8AC74E59->81367453-3bf0-4298-8a83-8d5c3816df16@group-F6EC397515C5, cid=1224, SUCCESS, logIndex=1711, commits[81367453-3bf0-4298-8a83-8d5c3816df16:c1711]
2019-09-03 20:26:01,989 [grpc-default-executor-2] INFO  client.GrpcClientProtocolClient (GrpcClientProtocolClient.java:onNext(255)) - client-CB1B8AC74E59->81367453-3bf0-4298-8a83-8d5c3816df16: receive RaftClientReply:client-CB1B8AC74E59->81367453-3bf0-4298-8a83-8d5c3816df16@group-F6EC397515C5, cid=1225, SUCCESS, logIndex=1713, commits[81367453-3bf0-4298-8a83-8d5c3816df16:c1716]
2019-09-03 20:26:01,990 [grpc-default-executor-2] INFO  client.GrpcClientProtocolClient (GrpcClientProtocolClient.java:onNext(255)) - client-CB1B8AC74E59->81367453-3bf0-4298-8a83-8d5c3816df16: receive RaftClientReply:client-CB1B8AC74E59->81367453-3bf0-4298-8a83-8d5c3816df16@group-F6EC397515C5, cid=1226, SUCCESS, logIndex=1714, commits[81367453-3bf0-4298-8a83-8d5c3816df16:c1716]
2019-09-03 20:26:01,990 [grpc-default-executor-2] INFO  client.GrpcClientProtocolClient (GrpcClientProtocolClient.java:onNext(255)) - client-CB1B8AC74E59->81367453-3bf0-4298-8a83-8d5c3816df16: receive RaftClientReply:client-CB1B8AC74E59->81367453-3bf0-4298-8a83-8d5c3816df16@group-F6EC397515C5, cid=1227, SUCCESS, logIndex=1715, commits[81367453-3bf0-4298-8a83-8d5c3816df16:c1716]
2019-09-03 20:26:01,991 [grpc-default-executor-2] INFO  client.GrpcClientProtocolClient (GrpcClientProtocolClient.java:onNext(255)) - client-CB1B8AC74E59->81367453-3bf0-4298-8a83-8d5c3816df16: receive RaftClientReply:client-CB1B8AC74E59->81367453-3bf0-4298-8a83-8d5c3816df16@group-F6EC397515C5, cid=1228, SUCCESS, logIndex=1716, commits[81367453-3bf0-4298-8a83-8d5c3816df16:c1716]
2019-09-03 20:26:01,997 [SCMBlockDeletingService#1] DEBUG block.SCMBlockDeletingService (SCMBlockDeletingService.java:call(138)) - Running DeletedBlockTransactionScanner
2019-09-03 20:26:01,997 [SCMBlockDeletingService#1] DEBUG block.SCMBlockDeletingService (SCMBlockDeletingService.java:call(155)) - Scanned deleted blocks log and got 0 delTX to process.
2019-09-03 20:26:02,040 [grpc-default-executor-2] INFO  client.GrpcClientProtocolClient (GrpcClientProtocolClient.java:onNext(255)) - client-CB1B8AC74E59->81367453-3bf0-4298-8a83-8d5c3816df16: receive RaftClientReply:client-CB1B8AC74E59->81367453-3bf0-4298-8a83-8d5c3816df16@group-F6EC397515C5, cid=1229, SUCCESS, logIndex=1718, commits[81367453-3bf0-4298-8a83-8d5c3816df16:c1719]
2019-09-03 20:26:02,041 [grpc-default-executor-2] INFO  client.GrpcClientProtocolClient (GrpcClientProtocolClient.java:onNext(255)) - client-CB1B8AC74E59->81367453-3bf0-4298-8a83-8d5c3816df16: receive RaftClientReply:client-CB1B8AC74E59->81367453-3bf0-4298-8a83-8d5c3816df16@group-F6EC397515C5, cid=1230, SUCCESS, logIndex=1719, commits[81367453-3bf0-4298-8a83-8d5c3816df16:c1721]
2019-09-03 20:26:02,042 [grpc-default-executor-2] INFO  client.GrpcClientProtocolClient (GrpcClientProtocolClient.java:onNext(255)) - client-CB1B8AC74E59->81367453-3bf0-4298-8a83-8d5c3816df16: receive RaftClientReply:client-CB1B8AC74E59->81367453-3bf0-4298-8a83-8d5c3816df16@group-F6EC397515C5, cid=1231, SUCCESS, logIndex=1720, commits[81367453-3bf0-4298-8a83-8d5c3816df16:c1721]
2019-09-03 20:26:02,042 [grpc-default-executor-2] INFO  client.GrpcClientProtocolClient (GrpcClientProtocolClient.java:onNext(255)) - client-CB1B8AC74E59->81367453-3bf0-4298-8a83-8d5c3816df16: receive RaftClientReply:client-CB1B8AC74E59->81367453-3bf0-4298-8a83-8d5c3816df16@group-F6EC397515C5, cid=1232, SUCCESS, logIndex=1721, commits[81367453-3bf0-4298-8a83-8d5c3816df16:c1721]
2019-09-03 20:26:02,073 [grpc-default-executor-2] INFO  client.GrpcClientProtocolClient (GrpcClientProtocolClient.java:onNext(255)) - client-CB1B8AC74E59->81367453-3bf0-4298-8a83-8d5c3816df16: receive RaftClientReply:client-CB1B8AC74E59->81367453-3bf0-4298-8a83-8d5c3816df16@group-F6EC397515C5, cid=1233, SUCCESS, logIndex=1724, commits[81367453-3bf0-4298-8a83-8d5c3816df16:c1725]
2019-09-03 20:26:02,074 [grpc-default-executor-2] INFO  client.GrpcClientProtocolClient (GrpcClientProtocolClient.java:onNext(255)) - client-CB1B8AC74E59->81367453-3bf0-4298-8a83-8d5c3816df16: receive RaftClientReply:client-CB1B8AC74E59->81367453-3bf0-4298-8a83-8d5c3816df16@group-F6EC397515C5, cid=1234, SUCCESS, logIndex=1725, commits[81367453-3bf0-4298-8a83-8d5c3816df16:c1725]
2019-09-03 20:26:02,083 [grpc-default-executor-2] INFO  client.GrpcClientProtocolClient (GrpcClientProtocolClient.java:onNext(255)) - client-CB1B8AC74E59->81367453-3bf0-4298-8a83-8d5c3816df16: receive RaftClientReply:client-CB1B8AC74E59->81367453-3bf0-4298-8a83-8d5c3816df16@group-F6EC397515C5, cid=1235, SUCCESS, logIndex=1726, commits[81367453-3bf0-4298-8a83-8d5c3816df16:c1727]
2019-09-03 20:26:02,083 [grpc-default-executor-2] INFO  client.GrpcClientProtocolClient (GrpcClientProtocolClient.java:onNext(255)) - client-CB1B8AC74E59->81367453-3bf0-4298-8a83-8d5c3816df16: receive RaftClientReply:client-CB1B8AC74E59->81367453-3bf0-4298-8a83-8d5c3816df16@group-F6EC397515C5, cid=1236, SUCCESS, logIndex=1727, commits[81367453-3bf0-4298-8a83-8d5c3816df16:c1727]
2019-09-03 20:26:02,098 [SCMBlockDeletingService#1] DEBUG block.SCMBlockDeletingService (SCMBlockDeletingService.java:call(138)) - Running DeletedBlockTransactionScanner
2019-09-03 20:26:02,098 [SCMBlockDeletingService#1] DEBUG block.SCMBlockDeletingService (SCMBlockDeletingService.java:call(155)) - Scanned deleted blocks log and got 0 delTX to process.
2019-09-03 20:26:02,254 [SCMBlockDeletingService#1] DEBUG block.SCMBlockDeletingService (SCMBlockDeletingService.java:call(138)) - Running DeletedBlockTransactionScanner
2019-09-03 20:26:02,254 [SCMBlockDeletingService#1] DEBUG block.SCMBlockDeletingService (SCMBlockDeletingService.java:call(155)) - Scanned deleted blocks log and got 0 delTX to process.
2019-09-03 20:26:02,278 [grpc-default-executor-2] INFO  client.GrpcClientProtocolClient (GrpcClientProtocolClient.java:onNext(255)) - client-CB1B8AC74E59->81367453-3bf0-4298-8a83-8d5c3816df16: receive RaftClientReply:client-CB1B8AC74E59->81367453-3bf0-4298-8a83-8d5c3816df16@group-F6EC397515C5, cid=1237, SUCCESS, logIndex=1730, commits[81367453-3bf0-4298-8a83-8d5c3816df16:c1731]
2019-09-03 20:26:02,279 [grpc-default-executor-2] INFO  client.GrpcClientProtocolClient (GrpcClientProtocolClient.java:onNext(255)) - client-CB1B8AC74E59->81367453-3bf0-4298-8a83-8d5c3816df16: receive RaftClientReply:client-CB1B8AC74E59->81367453-3bf0-4298-8a83-8d5c3816df16@group-F6EC397515C5, cid=1238, SUCCESS, logIndex=1731, commits[81367453-3bf0-4298-8a83-8d5c3816df16:c1731]
2019-09-03 20:26:02,285 [grpc-default-executor-2] INFO  client.GrpcClientProtocolClient (GrpcClientProtocolClient.java:onNext(255)) - client-CB1B8AC74E59->81367453-3bf0-4298-8a83-8d5c3816df16: receive RaftClientReply:client-CB1B8AC74E59->81367453-3bf0-4298-8a83-8d5c3816df16@group-F6EC397515C5, cid=1239, SUCCESS, logIndex=1732, commits[81367453-3bf0-4298-8a83-8d5c3816df16:c1733]
2019-09-03 20:26:02,286 [grpc-default-executor-2] INFO  client.GrpcClientProtocolClient (GrpcClientProtocolClient.java:onNext(255)) - client-CB1B8AC74E59->81367453-3bf0-4298-8a83-8d5c3816df16: receive RaftClientReply:client-CB1B8AC74E59->81367453-3bf0-4298-8a83-8d5c3816df16@group-F6EC397515C5, cid=1240, SUCCESS, logIndex=1733, commits[81367453-3bf0-4298-8a83-8d5c3816df16:c1733]
2019-09-03 20:26:02,313 [grpc-default-executor-2] INFO  client.GrpcClientProtocolClient (GrpcClientProtocolClient.java:onNext(255)) - client-CB1B8AC74E59->81367453-3bf0-4298-8a83-8d5c3816df16: receive RaftClientReply:client-CB1B8AC74E59->81367453-3bf0-4298-8a83-8d5c3816df16@group-F6EC397515C5, cid=1241, SUCCESS, logIndex=1736, commits[81367453-3bf0-4298-8a83-8d5c3816df16:c1739]
2019-09-03 20:26:02,314 [grpc-default-executor-2] INFO  client.GrpcClientProtocolClient (GrpcClientProtocolClient.java:onNext(255)) - client-CB1B8AC74E59->81367453-3bf0-4298-8a83-8d5c3816df16: receive RaftClientReply:client-CB1B8AC74E59->81367453-3bf0-4298-8a83-8d5c3816df16@group-F6EC397515C5, cid=1242, SUCCESS, logIndex=1737, commits[81367453-3bf0-4298-8a83-8d5c3816df16:c1739]
2019-09-03 20:26:02,315 [grpc-default-executor-2] INFO  client.GrpcClientProtocolClient (GrpcClientProtocolClient.java:onNext(255)) - client-CB1B8AC74E59->81367453-3bf0-4298-8a83-8d5c3816df16: receive RaftClientReply:client-CB1B8AC74E59->81367453-3bf0-4298-8a83-8d5c3816df16@group-F6EC397515C5, cid=1243, SUCCESS, logIndex=1738, commits[81367453-3bf0-4298-8a83-8d5c3816df16:c1739]
2019-09-03 20:26:02,315 [grpc-default-executor-2] INFO  client.GrpcClientProtocolClient (GrpcClientProtocolClient.java:onNext(255)) - client-CB1B8AC74E59->81367453-3bf0-4298-8a83-8d5c3816df16: receive RaftClientReply:client-CB1B8AC74E59->81367453-3bf0-4298-8a83-8d5c3816df16@group-F6EC397515C5, cid=1244, SUCCESS, logIndex=1739, commits[81367453-3bf0-4298-8a83-8d5c3816df16:c1739]
2019-09-03 20:26:02,334 [grpc-default-executor-2] INFO  client.GrpcClientProtocolClient (GrpcClientProtocolClient.java:onNext(255)) - client-CB1B8AC74E59->81367453-3bf0-4298-8a83-8d5c3816df16: receive RaftClientReply:client-CB1B8AC74E59->81367453-3bf0-4298-8a83-8d5c3816df16@group-F6EC397515C5, cid=1245, SUCCESS, logIndex=1741, commits[81367453-3bf0-4298-8a83-8d5c3816df16:c1744]
2019-09-03 20:26:02,334 [grpc-default-executor-2] INFO  client.GrpcClientProtocolClient (GrpcClientProtocolClient.java:onNext(255)) - client-CB1B8AC74E59->81367453-3bf0-4298-8a83-8d5c3816df16: receive RaftClientReply:client-CB1B8AC74E59->81367453-3bf0-4298-8a83-8d5c3816df16@group-F6EC397515C5, cid=1246, SUCCESS, logIndex=1742, commits[81367453-3bf0-4298-8a83-8d5c3816df16:c1744]
2019-09-03 20:26:02,335 [grpc-default-executor-2] INFO  client.GrpcClientProtocolClient (GrpcClientProtocolClient.java:onNext(255)) - client-CB1B8AC74E59->81367453-3bf0-4298-8a83-8d5c3816df16: receive RaftClientReply:client-CB1B8AC74E59->81367453-3bf0-4298-8a83-8d5c3816df16@group-F6EC397515C5, cid=1247, SUCCESS, logIndex=1743, commits[81367453-3bf0-4298-8a83-8d5c3816df16:c1744]
2019-09-03 20:26:02,335 [grpc-default-executor-2] INFO  client.GrpcClientProtocolClient (GrpcClientProtocolClient.java:onNext(255)) - client-CB1B8AC74E59->81367453-3bf0-4298-8a83-8d5c3816df16: receive RaftClientReply:client-CB1B8AC74E59->81367453-3bf0-4298-8a83-8d5c3816df16@group-F6EC397515C5, cid=1248, SUCCESS, logIndex=1744, commits[81367453-3bf0-4298-8a83-8d5c3816df16:c1744]
2019-09-03 20:26:02,355 [SCMBlockDeletingService#1] DEBUG block.SCMBlockDeletingService (SCMBlockDeletingService.java:call(138)) - Running DeletedBlockTransactionScanner
2019-09-03 20:26:02,355 [SCMBlockDeletingService#1] DEBUG block.SCMBlockDeletingService (SCMBlockDeletingService.java:call(155)) - Scanned deleted blocks log and got 0 delTX to process.
2019-09-03 20:26:02,362 [grpc-default-executor-2] INFO  client.GrpcClientProtocolClient (GrpcClientProtocolClient.java:onNext(255)) - client-CB1B8AC74E59->81367453-3bf0-4298-8a83-8d5c3816df16: receive RaftClientReply:client-CB1B8AC74E59->81367453-3bf0-4298-8a83-8d5c3816df16@group-F6EC397515C5, cid=1249, SUCCESS, logIndex=1746, commits[81367453-3bf0-4298-8a83-8d5c3816df16:c1747]
2019-09-03 20:26:02,363 [grpc-default-executor-2] INFO  client.GrpcClientProtocolClient (GrpcClientProtocolClient.java:onNext(255)) - client-CB1B8AC74E59->81367453-3bf0-4298-8a83-8d5c3816df16: receive RaftClientReply:client-CB1B8AC74E59->81367453-3bf0-4298-8a83-8d5c3816df16@group-F6EC397515C5, cid=1250, SUCCESS, logIndex=1747, commits[81367453-3bf0-4298-8a83-8d5c3816df16:c1747]
2019-09-03 20:26:02,370 [grpc-default-executor-2] INFO  client.GrpcClientProtocolClient (GrpcClientProtocolClient.java:onNext(255)) - client-CB1B8AC74E59->81367453-3bf0-4298-8a83-8d5c3816df16: receive RaftClientReply:client-CB1B8AC74E59->81367453-3bf0-4298-8a83-8d5c3816df16@group-F6EC397515C5, cid=1251, SUCCESS, logIndex=1748, commits[81367453-3bf0-4298-8a83-8d5c3816df16:c1749]
2019-09-03 20:26:02,370 [grpc-default-executor-2] INFO  client.GrpcClientProtocolClient (GrpcClientProtocolClient.java:onNext(255)) - client-CB1B8AC74E59->81367453-3bf0-4298-8a83-8d5c3816df16: receive RaftClientReply:client-CB1B8AC74E59->81367453-3bf0-4298-8a83-8d5c3816df16@group-F6EC397515C5, cid=1252, SUCCESS, logIndex=1749, commits[81367453-3bf0-4298-8a83-8d5c3816df16:c1749]
2019-09-03 20:26:02,388 [grpc-default-executor-2] INFO  client.GrpcClientProtocolClient (GrpcClientProtocolClient.java:onNext(255)) - client-CB1B8AC74E59->81367453-3bf0-4298-8a83-8d5c3816df16: receive RaftClientReply:client-CB1B8AC74E59->81367453-3bf0-4298-8a83-8d5c3816df16@group-F6EC397515C5, cid=1253, SUCCESS, logIndex=1752, commits[81367453-3bf0-4298-8a83-8d5c3816df16:c1753]
2019-09-03 20:26:02,388 [grpc-default-executor-2] INFO  client.GrpcClientProtocolClient (GrpcClientProtocolClient.java:onNext(255)) - client-CB1B8AC74E59->81367453-3bf0-4298-8a83-8d5c3816df16: receive RaftClientReply:client-CB1B8AC74E59->81367453-3bf0-4298-8a83-8d5c3816df16@group-F6EC397515C5, cid=1254, SUCCESS, logIndex=1753, commits[81367453-3bf0-4298-8a83-8d5c3816df16:c1753]
2019-09-03 20:26:02,399 [grpc-default-executor-2] INFO  client.GrpcClientProtocolClient (GrpcClientProtocolClient.java:onNext(255)) - client-CB1B8AC74E59->81367453-3bf0-4298-8a83-8d5c3816df16: receive RaftClientReply:client-CB1B8AC74E59->81367453-3bf0-4298-8a83-8d5c3816df16@group-F6EC397515C5, cid=1255, SUCCESS, logIndex=1754, commits[81367453-3bf0-4298-8a83-8d5c3816df16:c1755]
2019-09-03 20:26:02,399 [grpc-default-executor-2] INFO  client.GrpcClientProtocolClient (GrpcClientProtocolClient.java:onNext(255)) - client-CB1B8AC74E59->81367453-3bf0-4298-8a83-8d5c3816df16: receive RaftClientReply:client-CB1B8AC74E59->81367453-3bf0-4298-8a83-8d5c3816df16@group-F6EC397515C5, cid=1256, SUCCESS, logIndex=1755, commits[81367453-3bf0-4298-8a83-8d5c3816df16:c1755]
2019-09-03 20:26:02,430 [grpc-default-executor-1] INFO  client.GrpcClientProtocolClient (GrpcClientProtocolClient.java:onNext(255)) - client-CB1B8AC74E59->81367453-3bf0-4298-8a83-8d5c3816df16: receive RaftClientReply:client-CB1B8AC74E59->81367453-3bf0-4298-8a83-8d5c3816df16@group-F6EC397515C5, cid=1257, SUCCESS, logIndex=1758, commits[81367453-3bf0-4298-8a83-8d5c3816df16:c1761]
2019-09-03 20:26:02,431 [grpc-default-executor-1] INFO  client.GrpcClientProtocolClient (GrpcClientProtocolClient.java:onNext(255)) - client-CB1B8AC74E59->81367453-3bf0-4298-8a83-8d5c3816df16: receive RaftClientReply:client-CB1B8AC74E59->81367453-3bf0-4298-8a83-8d5c3816df16@group-F6EC397515C5, cid=1258, SUCCESS, logIndex=1759, commits[81367453-3bf0-4298-8a83-8d5c3816df16:c1761]
2019-09-03 20:26:02,431 [grpc-default-executor-1] INFO  client.GrpcClientProtocolClient (GrpcClientProtocolClient.java:onNext(255)) - client-CB1B8AC74E59->81367453-3bf0-4298-8a83-8d5c3816df16: receive RaftClientReply:client-CB1B8AC74E59->81367453-3bf0-4298-8a83-8d5c3816df16@group-F6EC397515C5, cid=1259, SUCCESS, logIndex=1760, commits[81367453-3bf0-4298-8a83-8d5c3816df16:c1761]
2019-09-03 20:26:02,432 [grpc-default-executor-1] INFO  client.GrpcClientProtocolClient (GrpcClientProtocolClient.java:onNext(255)) - client-CB1B8AC74E59->81367453-3bf0-4298-8a83-8d5c3816df16: receive RaftClientReply:client-CB1B8AC74E59->81367453-3bf0-4298-8a83-8d5c3816df16@group-F6EC397515C5, cid=1260, SUCCESS, logIndex=1761, commits[81367453-3bf0-4298-8a83-8d5c3816df16:c1761]
2019-09-03 20:26:02,445 [grpc-default-executor-1] INFO  client.GrpcClientProtocolClient (GrpcClientProtocolClient.java:onNext(255)) - client-CB1B8AC74E59->81367453-3bf0-4298-8a83-8d5c3816df16: receive RaftClientReply:client-CB1B8AC74E59->81367453-3bf0-4298-8a83-8d5c3816df16@group-F6EC397515C5, cid=1261, SUCCESS, logIndex=1763, commits[81367453-3bf0-4298-8a83-8d5c3816df16:c1764]
2019-09-03 20:26:02,445 [grpc-default-executor-1] INFO  client.GrpcClientProtocolClient (GrpcClientProtocolClient.java:onNext(255)) - client-CB1B8AC74E59->81367453-3bf0-4298-8a83-8d5c3816df16: receive RaftClientReply:client-CB1B8AC74E59->81367453-3bf0-4298-8a83-8d5c3816df16@group-F6EC397515C5, cid=1262, SUCCESS, logIndex=1764, commits[81367453-3bf0-4298-8a83-8d5c3816df16:c1764]
2019-09-03 20:26:02,451 [grpc-default-executor-1] INFO  client.GrpcClientProtocolClient (GrpcClientProtocolClient.java:onNext(255)) - client-CB1B8AC74E59->81367453-3bf0-4298-8a83-8d5c3816df16: receive RaftClientReply:client-CB1B8AC74E59->81367453-3bf0-4298-8a83-8d5c3816df16@group-F6EC397515C5, cid=1263, SUCCESS, logIndex=1765, commits[81367453-3bf0-4298-8a83-8d5c3816df16:c1766]
2019-09-03 20:26:02,452 [grpc-default-executor-1] INFO  client.GrpcClientProtocolClient (GrpcClientProtocolClient.java:onNext(255)) - client-CB1B8AC74E59->81367453-3bf0-4298-8a83-8d5c3816df16: receive RaftClientReply:client-CB1B8AC74E59->81367453-3bf0-4298-8a83-8d5c3816df16@group-F6EC397515C5, cid=1264, SUCCESS, logIndex=1766, commits[81367453-3bf0-4298-8a83-8d5c3816df16:c1766]
2019-09-03 20:26:02,455 [SCMBlockDeletingService#1] DEBUG block.SCMBlockDeletingService (SCMBlockDeletingService.java:call(138)) - Running DeletedBlockTransactionScanner
2019-09-03 20:26:02,456 [SCMBlockDeletingService#1] DEBUG block.SCMBlockDeletingService (SCMBlockDeletingService.java:call(155)) - Scanned deleted blocks log and got 0 delTX to process.
2019-09-03 20:26:02,471 [grpc-default-executor-1] INFO  client.GrpcClientProtocolClient (GrpcClientProtocolClient.java:onNext(255)) - client-CB1B8AC74E59->81367453-3bf0-4298-8a83-8d5c3816df16: receive RaftClientReply:client-CB1B8AC74E59->81367453-3bf0-4298-8a83-8d5c3816df16@group-F6EC397515C5, cid=1265, SUCCESS, logIndex=1769, commits[81367453-3bf0-4298-8a83-8d5c3816df16:c1770]
2019-09-03 20:26:02,471 [grpc-default-executor-1] INFO  client.GrpcClientProtocolClient (GrpcClientProtocolClient.java:onNext(255)) - client-CB1B8AC74E59->81367453-3bf0-4298-8a83-8d5c3816df16: receive RaftClientReply:client-CB1B8AC74E59->81367453-3bf0-4298-8a83-8d5c3816df16@group-F6EC397515C5, cid=1266, SUCCESS, logIndex=1770, commits[81367453-3bf0-4298-8a83-8d5c3816df16:c1770]
2019-09-03 20:26:02,482 [grpc-default-executor-1] INFO  client.GrpcClientProtocolClient (GrpcClientProtocolClient.java:onNext(255)) - client-CB1B8AC74E59->81367453-3bf0-4298-8a83-8d5c3816df16: receive RaftClientReply:client-CB1B8AC74E59->81367453-3bf0-4298-8a83-8d5c3816df16@group-F6EC397515C5, cid=1267, SUCCESS, logIndex=1771, commits[81367453-3bf0-4298-8a83-8d5c3816df16:c1772]
2019-09-03 20:26:02,482 [grpc-default-executor-1] INFO  client.GrpcClientProtocolClient (GrpcClientProtocolClient.java:onNext(255)) - client-CB1B8AC74E59->81367453-3bf0-4298-8a83-8d5c3816df16: receive RaftClientReply:client-CB1B8AC74E59->81367453-3bf0-4298-8a83-8d5c3816df16@group-F6EC397515C5, cid=1268, SUCCESS, logIndex=1772, commits[81367453-3bf0-4298-8a83-8d5c3816df16:c1772]
2019-09-03 20:26:02,499 [grpc-default-executor-1] INFO  client.GrpcClientProtocolClient (GrpcClientProtocolClient.java:onNext(255)) - client-CB1B8AC74E59->81367453-3bf0-4298-8a83-8d5c3816df16: receive RaftClientReply:client-CB1B8AC74E59->81367453-3bf0-4298-8a83-8d5c3816df16@group-F6EC397515C5, cid=1269, SUCCESS, logIndex=1775, commits[81367453-3bf0-4298-8a83-8d5c3816df16:c1778]
2019-09-03 20:26:02,499 [grpc-default-executor-1] INFO  client.GrpcClientProtocolClient (GrpcClientProtocolClient.java:onNext(255)) - client-CB1B8AC74E59->81367453-3bf0-4298-8a83-8d5c3816df16: receive RaftClientReply:client-CB1B8AC74E59->81367453-3bf0-4298-8a83-8d5c3816df16@group-F6EC397515C5, cid=1270, SUCCESS, logIndex=1776, commits[81367453-3bf0-4298-8a83-8d5c3816df16:c1778]
2019-09-03 20:26:02,500 [grpc-default-executor-1] INFO  client.GrpcClientProtocolClient (GrpcClientProtocolClient.java:onNext(255)) - client-CB1B8AC74E59->81367453-3bf0-4298-8a83-8d5c3816df16: receive RaftClientReply:client-CB1B8AC74E59->81367453-3bf0-4298-8a83-8d5c3816df16@group-F6EC397515C5, cid=1271, SUCCESS, logIndex=1777, commits[81367453-3bf0-4298-8a83-8d5c3816df16:c1778]
2019-09-03 20:26:02,500 [grpc-default-executor-1] INFO  client.GrpcClientProtocolClient (GrpcClientProtocolClient.java:onNext(255)) - client-CB1B8AC74E59->81367453-3bf0-4298-8a83-8d5c3816df16: receive RaftClientReply:client-CB1B8AC74E59->81367453-3bf0-4298-8a83-8d5c3816df16@group-F6EC397515C5, cid=1272, SUCCESS, logIndex=1778, commits[81367453-3bf0-4298-8a83-8d5c3816df16:c1778]
2019-09-03 20:26:02,535 [grpc-default-executor-1] INFO  client.GrpcClientProtocolClient (GrpcClientProtocolClient.java:onNext(255)) - client-CB1B8AC74E59->81367453-3bf0-4298-8a83-8d5c3816df16: receive RaftClientReply:client-CB1B8AC74E59->81367453-3bf0-4298-8a83-8d5c3816df16@group-F6EC397515C5, cid=1273, SUCCESS, logIndex=1780, commits[81367453-3bf0-4298-8a83-8d5c3816df16:c1781]
2019-09-03 20:26:02,536 [grpc-default-executor-1] INFO  client.GrpcClientProtocolClient (GrpcClientProtocolClient.java:onNext(255)) - client-CB1B8AC74E59->81367453-3bf0-4298-8a83-8d5c3816df16: receive RaftClientReply:client-CB1B8AC74E59->81367453-3bf0-4298-8a83-8d5c3816df16@group-F6EC397515C5, cid=1274, SUCCESS, logIndex=1781, commits[81367453-3bf0-4298-8a83-8d5c3816df16:c1781]
2019-09-03 20:26:02,540 [grpc-default-executor-1] INFO  client.GrpcClientProtocolClient (GrpcClientProtocolClient.java:onNext(255)) - client-CB1B8AC74E59->81367453-3bf0-4298-8a83-8d5c3816df16: receive RaftClientReply:client-CB1B8AC74E59->81367453-3bf0-4298-8a83-8d5c3816df16@group-F6EC397515C5, cid=1275, SUCCESS, logIndex=1782, commits[81367453-3bf0-4298-8a83-8d5c3816df16:c1783]
2019-09-03 20:26:02,540 [grpc-default-executor-1] INFO  client.GrpcClientProtocolClient (GrpcClientProtocolClient.java:onNext(255)) - client-CB1B8AC74E59->81367453-3bf0-4298-8a83-8d5c3816df16: receive RaftClientReply:client-CB1B8AC74E59->81367453-3bf0-4298-8a83-8d5c3816df16@group-F6EC397515C5, cid=1276, SUCCESS, logIndex=1783, commits[81367453-3bf0-4298-8a83-8d5c3816df16:c1783]
2019-09-03 20:26:02,556 [SCMBlockDeletingService#0] DEBUG block.SCMBlockDeletingService (SCMBlockDeletingService.java:call(138)) - Running DeletedBlockTransactionScanner
2019-09-03 20:26:02,556 [SCMBlockDeletingService#0] DEBUG block.SCMBlockDeletingService (SCMBlockDeletingService.java:call(155)) - Scanned deleted blocks log and got 0 delTX to process.
2019-09-03 20:26:02,559 [grpc-default-executor-1] INFO  client.GrpcClientProtocolClient (GrpcClientProtocolClient.java:onNext(255)) - client-CB1B8AC74E59->81367453-3bf0-4298-8a83-8d5c3816df16: receive RaftClientReply:client-CB1B8AC74E59->81367453-3bf0-4298-8a83-8d5c3816df16@group-F6EC397515C5, cid=1277, SUCCESS, logIndex=1786, commits[81367453-3bf0-4298-8a83-8d5c3816df16:c1789]
2019-09-03 20:26:02,559 [grpc-default-executor-1] INFO  client.GrpcClientProtocolClient (GrpcClientProtocolClient.java:onNext(255)) - client-CB1B8AC74E59->81367453-3bf0-4298-8a83-8d5c3816df16: receive RaftClientReply:client-CB1B8AC74E59->81367453-3bf0-4298-8a83-8d5c3816df16@group-F6EC397515C5, cid=1278, SUCCESS, logIndex=1787, commits[81367453-3bf0-4298-8a83-8d5c3816df16:c1789]
2019-09-03 20:26:02,560 [grpc-default-executor-1] INFO  client.GrpcClientProtocolClient (GrpcClientProtocolClient.java:onNext(255)) - client-CB1B8AC74E59->81367453-3bf0-4298-8a83-8d5c3816df16: receive RaftClientReply:client-CB1B8AC74E59->81367453-3bf0-4298-8a83-8d5c3816df16@group-F6EC397515C5, cid=1279, SUCCESS, logIndex=1788, commits[81367453-3bf0-4298-8a83-8d5c3816df16:c1789]
2019-09-03 20:26:02,560 [grpc-default-executor-1] INFO  client.GrpcClientProtocolClient (GrpcClientProtocolClient.java:onNext(255)) - client-CB1B8AC74E59->81367453-3bf0-4298-8a83-8d5c3816df16: receive RaftClientReply:client-CB1B8AC74E59->81367453-3bf0-4298-8a83-8d5c3816df16@group-F6EC397515C5, cid=1280, SUCCESS, logIndex=1789, commits[81367453-3bf0-4298-8a83-8d5c3816df16:c1789]
2019-09-03 20:26:02,598 [grpc-default-executor-2] INFO  client.GrpcClientProtocolClient (GrpcClientProtocolClient.java:onNext(255)) - client-CB1B8AC74E59->81367453-3bf0-4298-8a83-8d5c3816df16: receive RaftClientReply:client-CB1B8AC74E59->81367453-3bf0-4298-8a83-8d5c3816df16@group-F6EC397515C5, cid=1281, SUCCESS, logIndex=1791, commits[81367453-3bf0-4298-8a83-8d5c3816df16:c1792]
2019-09-03 20:26:02,598 [grpc-default-executor-2] INFO  client.GrpcClientProtocolClient (GrpcClientProtocolClient.java:onNext(255)) - client-CB1B8AC74E59->81367453-3bf0-4298-8a83-8d5c3816df16: receive RaftClientReply:client-CB1B8AC74E59->81367453-3bf0-4298-8a83-8d5c3816df16@group-F6EC397515C5, cid=1282, SUCCESS, logIndex=1792, commits[81367453-3bf0-4298-8a83-8d5c3816df16:c1792]
2019-09-03 20:26:02,657 [SCMBlockDeletingService#1] DEBUG block.SCMBlockDeletingService (SCMBlockDeletingService.java:call(138)) - Running DeletedBlockTransactionScanner
2019-09-03 20:26:02,657 [SCMBlockDeletingService#1] DEBUG block.SCMBlockDeletingService (SCMBlockDeletingService.java:call(155)) - Scanned deleted blocks log and got 0 delTX to process.
2019-09-03 20:26:02,683 [grpc-default-executor-1] INFO  client.GrpcClientProtocolClient (GrpcClientProtocolClient.java:onNext(255)) - client-CB1B8AC74E59->81367453-3bf0-4298-8a83-8d5c3816df16: receive RaftClientReply:client-CB1B8AC74E59->81367453-3bf0-4298-8a83-8d5c3816df16@group-F6EC397515C5, cid=1283, SUCCESS, logIndex=1794, commits[81367453-3bf0-4298-8a83-8d5c3816df16:c1795]
2019-09-03 20:26:02,684 [grpc-default-executor-1] INFO  client.GrpcClientProtocolClient (GrpcClientProtocolClient.java:onNext(255)) - client-CB1B8AC74E59->81367453-3bf0-4298-8a83-8d5c3816df16: receive RaftClientReply:client-CB1B8AC74E59->81367453-3bf0-4298-8a83-8d5c3816df16@group-F6EC397515C5, cid=1284, SUCCESS, logIndex=1795, commits[81367453-3bf0-4298-8a83-8d5c3816df16:c1795]
2019-09-03 20:26:02,706 [grpc-default-executor-2] INFO  client.GrpcClientProtocolClient (GrpcClientProtocolClient.java:onNext(255)) - client-CB1B8AC74E59->81367453-3bf0-4298-8a83-8d5c3816df16: receive RaftClientReply:client-CB1B8AC74E59->81367453-3bf0-4298-8a83-8d5c3816df16@group-F6EC397515C5, cid=1285, SUCCESS, logIndex=1797, commits[81367453-3bf0-4298-8a83-8d5c3816df16:c1800]
2019-09-03 20:26:02,707 [grpc-default-executor-2] INFO  client.GrpcClientProtocolClient (GrpcClientProtocolClient.java:onNext(255)) - client-CB1B8AC74E59->81367453-3bf0-4298-8a83-8d5c3816df16: receive RaftClientReply:client-CB1B8AC74E59->81367453-3bf0-4298-8a83-8d5c3816df16@group-F6EC397515C5, cid=1286, SUCCESS, logIndex=1798, commits[81367453-3bf0-4298-8a83-8d5c3816df16:c1800]
2019-09-03 20:26:02,707 [grpc-default-executor-2] INFO  client.GrpcClientProtocolClient (GrpcClientProtocolClient.java:onNext(255)) - client-CB1B8AC74E59->81367453-3bf0-4298-8a83-8d5c3816df16: receive RaftClientReply:client-CB1B8AC74E59->81367453-3bf0-4298-8a83-8d5c3816df16@group-F6EC397515C5, cid=1287, SUCCESS, logIndex=1799, commits[81367453-3bf0-4298-8a83-8d5c3816df16:c1800]
2019-09-03 20:26:02,708 [grpc-default-executor-2] INFO  client.GrpcClientProtocolClient (GrpcClientProtocolClient.java:onNext(255)) - client-CB1B8AC74E59->81367453-3bf0-4298-8a83-8d5c3816df16: receive RaftClientReply:client-CB1B8AC74E59->81367453-3bf0-4298-8a83-8d5c3816df16@group-F6EC397515C5, cid=1288, SUCCESS, logIndex=1800, commits[81367453-3bf0-4298-8a83-8d5c3816df16:c1800]
2019-09-03 20:26:02,733 [grpc-default-executor-2] INFO  client.GrpcClientProtocolClient (GrpcClientProtocolClient.java:onNext(255)) - client-CB1B8AC74E59->81367453-3bf0-4298-8a83-8d5c3816df16: receive RaftClientReply:client-CB1B8AC74E59->81367453-3bf0-4298-8a83-8d5c3816df16@group-F6EC397515C5, cid=1289, SUCCESS, logIndex=1802, commits[81367453-3bf0-4298-8a83-8d5c3816df16:c1805]
2019-09-03 20:26:02,734 [grpc-default-executor-2] INFO  client.GrpcClientProtocolClient (GrpcClientProtocolClient.java:onNext(255)) - client-CB1B8AC74E59->81367453-3bf0-4298-8a83-8d5c3816df16: receive RaftClientReply:client-CB1B8AC74E59->81367453-3bf0-4298-8a83-8d5c3816df16@group-F6EC397515C5, cid=1290, SUCCESS, logIndex=1803, commits[81367453-3bf0-4298-8a83-8d5c3816df16:c1805]
2019-09-03 20:26:02,734 [grpc-default-executor-2] INFO  client.GrpcClientProtocolClient (GrpcClientProtocolClient.java:onNext(255)) - client-CB1B8AC74E59->81367453-3bf0-4298-8a83-8d5c3816df16: receive RaftClientReply:client-CB1B8AC74E59->81367453-3bf0-4298-8a83-8d5c3816df16@group-F6EC397515C5, cid=1291, SUCCESS, logIndex=1804, commits[81367453-3bf0-4298-8a83-8d5c3816df16:c1805]
2019-09-03 20:26:02,735 [grpc-default-executor-2] INFO  client.GrpcClientProtocolClient (GrpcClientProtocolClient.java:onNext(255)) - client-CB1B8AC74E59->81367453-3bf0-4298-8a83-8d5c3816df16: receive RaftClientReply:client-CB1B8AC74E59->81367453-3bf0-4298-8a83-8d5c3816df16@group-F6EC397515C5, cid=1292, SUCCESS, logIndex=1805, commits[81367453-3bf0-4298-8a83-8d5c3816df16:c1805]
2019-09-03 20:26:02,751 [grpc-default-executor-2] INFO  client.GrpcClientProtocolClient (GrpcClientProtocolClient.java:onNext(255)) - client-CB1B8AC74E59->81367453-3bf0-4298-8a83-8d5c3816df16: receive RaftClientReply:client-CB1B8AC74E59->81367453-3bf0-4298-8a83-8d5c3816df16@group-F6EC397515C5, cid=1293, SUCCESS, logIndex=1807, commits[81367453-3bf0-4298-8a83-8d5c3816df16:c1810]
2019-09-03 20:26:02,752 [grpc-default-executor-2] INFO  client.GrpcClientProtocolClient (GrpcClientProtocolClient.java:onNext(255)) - client-CB1B8AC74E59->81367453-3bf0-4298-8a83-8d5c3816df16: receive RaftClientReply:client-CB1B8AC74E59->81367453-3bf0-4298-8a83-8d5c3816df16@group-F6EC397515C5, cid=1294, SUCCESS, logIndex=1808, commits[81367453-3bf0-4298-8a83-8d5c3816df16:c1810]
2019-09-03 20:26:02,752 [grpc-default-executor-2] INFO  client.GrpcClientProtocolClient (GrpcClientProtocolClient.java:onNext(255)) - client-CB1B8AC74E59->81367453-3bf0-4298-8a83-8d5c3816df16: receive RaftClientReply:client-CB1B8AC74E59->81367453-3bf0-4298-8a83-8d5c3816df16@group-F6EC397515C5, cid=1295, SUCCESS, logIndex=1809, commits[81367453-3bf0-4298-8a83-8d5c3816df16:c1810]
2019-09-03 20:26:02,752 [grpc-default-executor-2] INFO  client.GrpcClientProtocolClient (GrpcClientProtocolClient.java:onNext(255)) - client-CB1B8AC74E59->81367453-3bf0-4298-8a83-8d5c3816df16: receive RaftClientReply:client-CB1B8AC74E59->81367453-3bf0-4298-8a83-8d5c3816df16@group-F6EC397515C5, cid=1296, SUCCESS, logIndex=1810, commits[81367453-3bf0-4298-8a83-8d5c3816df16:c1810]
2019-09-03 20:26:02,757 [SCMBlockDeletingService#1] DEBUG block.SCMBlockDeletingService (SCMBlockDeletingService.java:call(138)) - Running DeletedBlockTransactionScanner
2019-09-03 20:26:02,758 [SCMBlockDeletingService#1] DEBUG block.SCMBlockDeletingService (SCMBlockDeletingService.java:call(155)) - Scanned deleted blocks log and got 0 delTX to process.
2019-09-03 20:26:02,779 [grpc-default-executor-1] INFO  client.GrpcClientProtocolClient (GrpcClientProtocolClient.java:onNext(255)) - client-CB1B8AC74E59->81367453-3bf0-4298-8a83-8d5c3816df16: receive RaftClientReply:client-CB1B8AC74E59->81367453-3bf0-4298-8a83-8d5c3816df16@group-F6EC397515C5, cid=1297, SUCCESS, logIndex=1812, commits[81367453-3bf0-4298-8a83-8d5c3816df16:c1815]
2019-09-03 20:26:02,780 [grpc-default-executor-1] INFO  client.GrpcClientProtocolClient (GrpcClientProtocolClient.java:onNext(255)) - client-CB1B8AC74E59->81367453-3bf0-4298-8a83-8d5c3816df16: receive RaftClientReply:client-CB1B8AC74E59->81367453-3bf0-4298-8a83-8d5c3816df16@group-F6EC397515C5, cid=1298, SUCCESS, logIndex=1813, commits[81367453-3bf0-4298-8a83-8d5c3816df16:c1815]
2019-09-03 20:26:02,780 [grpc-default-executor-1] INFO  client.GrpcClientProtocolClient (GrpcClientProtocolClient.java:onNext(255)) - client-CB1B8AC74E59->81367453-3bf0-4298-8a83-8d5c3816df16: receive RaftClientReply:client-CB1B8AC74E59->81367453-3bf0-4298-8a83-8d5c3816df16@group-F6EC397515C5, cid=1299, SUCCESS, logIndex=1814, commits[81367453-3bf0-4298-8a83-8d5c3816df16:c1815]
2019-09-03 20:26:02,780 [grpc-default-executor-1] INFO  client.GrpcClientProtocolClient (GrpcClientProtocolClient.java:onNext(255)) - client-CB1B8AC74E59->81367453-3bf0-4298-8a83-8d5c3816df16: receive RaftClientReply:client-CB1B8AC74E59->81367453-3bf0-4298-8a83-8d5c3816df16@group-F6EC397515C5, cid=1300, SUCCESS, logIndex=1815, commits[81367453-3bf0-4298-8a83-8d5c3816df16:c1815]
2019-09-03 20:26:02,793 [grpc-default-executor-2] INFO  client.GrpcClientProtocolClient (GrpcClientProtocolClient.java:onNext(255)) - client-CB1B8AC74E59->81367453-3bf0-4298-8a83-8d5c3816df16: receive RaftClientReply:client-CB1B8AC74E59->81367453-3bf0-4298-8a83-8d5c3816df16@group-F6EC397515C5, cid=1301, SUCCESS, logIndex=1817, commits[81367453-3bf0-4298-8a83-8d5c3816df16:c1818]
2019-09-03 20:26:02,793 [grpc-default-executor-2] INFO  client.GrpcClientProtocolClient (GrpcClientProtocolClient.java:onNext(255)) - client-CB1B8AC74E59->81367453-3bf0-4298-8a83-8d5c3816df16: receive RaftClientReply:client-CB1B8AC74E59->81367453-3bf0-4298-8a83-8d5c3816df16@group-F6EC397515C5, cid=1302, SUCCESS, logIndex=1818, commits[81367453-3bf0-4298-8a83-8d5c3816df16:c1818]
2019-09-03 20:26:02,798 [grpc-default-executor-2] INFO  client.GrpcClientProtocolClient (GrpcClientProtocolClient.java:onNext(255)) - client-CB1B8AC74E59->81367453-3bf0-4298-8a83-8d5c3816df16: receive RaftClientReply:client-CB1B8AC74E59->81367453-3bf0-4298-8a83-8d5c3816df16@group-F6EC397515C5, cid=1303, SUCCESS, logIndex=1819, commits[81367453-3bf0-4298-8a83-8d5c3816df16:c1820]
2019-09-03 20:26:02,798 [grpc-default-executor-2] INFO  client.GrpcClientProtocolClient (GrpcClientProtocolClient.java:onNext(255)) - client-CB1B8AC74E59->81367453-3bf0-4298-8a83-8d5c3816df16: receive RaftClientReply:client-CB1B8AC74E59->81367453-3bf0-4298-8a83-8d5c3816df16@group-F6EC397515C5, cid=1304, SUCCESS, logIndex=1820, commits[81367453-3bf0-4298-8a83-8d5c3816df16:c1820]
2019-09-03 20:26:02,823 [grpc-default-executor-2] INFO  client.GrpcClientProtocolClient (GrpcClientProtocolClient.java:onNext(255)) - client-CB1B8AC74E59->81367453-3bf0-4298-8a83-8d5c3816df16: receive RaftClientReply:client-CB1B8AC74E59->81367453-3bf0-4298-8a83-8d5c3816df16@group-F6EC397515C5, cid=1305, SUCCESS, logIndex=1823, commits[81367453-3bf0-4298-8a83-8d5c3816df16:c1826]
2019-09-03 20:26:02,824 [grpc-default-executor-2] INFO  client.GrpcClientProtocolClient (GrpcClientProtocolClient.java:onNext(255)) - client-CB1B8AC74E59->81367453-3bf0-4298-8a83-8d5c3816df16: receive RaftClientReply:client-CB1B8AC74E59->81367453-3bf0-4298-8a83-8d5c3816df16@group-F6EC397515C5, cid=1306, SUCCESS, logIndex=1824, commits[81367453-3bf0-4298-8a83-8d5c3816df16:c1826]
2019-09-03 20:26:02,824 [grpc-default-executor-2] INFO  client.GrpcClientProtocolClient (GrpcClientProtocolClient.java:onNext(255)) - client-CB1B8AC74E59->81367453-3bf0-4298-8a83-8d5c3816df16: receive RaftClientReply:client-CB1B8AC74E59->81367453-3bf0-4298-8a83-8d5c3816df16@group-F6EC397515C5, cid=1307, SUCCESS, logIndex=1825, commits[81367453-3bf0-4298-8a83-8d5c3816df16:c1826]
2019-09-03 20:26:02,825 [grpc-default-executor-2] INFO  client.GrpcClientProtocolClient (GrpcClientProtocolClient.java:onNext(255)) - client-CB1B8AC74E59->81367453-3bf0-4298-8a83-8d5c3816df16: receive RaftClientReply:client-CB1B8AC74E59->81367453-3bf0-4298-8a83-8d5c3816df16@group-F6EC397515C5, cid=1308, SUCCESS, logIndex=1826, commits[81367453-3bf0-4298-8a83-8d5c3816df16:c1826]
2019-09-03 20:26:02,902 [SCMBlockDeletingService#1] DEBUG block.SCMBlockDeletingService (SCMBlockDeletingService.java:call(138)) - Running DeletedBlockTransactionScanner
2019-09-03 20:26:02,903 [SCMBlockDeletingService#1] DEBUG block.SCMBlockDeletingService (SCMBlockDeletingService.java:call(155)) - Scanned deleted blocks log and got 0 delTX to process.
2019-09-03 20:26:02,916 [grpc-default-executor-2] INFO  client.GrpcClientProtocolClient (GrpcClientProtocolClient.java:onNext(255)) - client-CB1B8AC74E59->81367453-3bf0-4298-8a83-8d5c3816df16: receive RaftClientReply:client-CB1B8AC74E59->81367453-3bf0-4298-8a83-8d5c3816df16@group-F6EC397515C5, cid=1309, SUCCESS, logIndex=1828, commits[81367453-3bf0-4298-8a83-8d5c3816df16:c1829]
2019-09-03 20:26:02,916 [grpc-default-executor-2] INFO  client.GrpcClientProtocolClient (GrpcClientProtocolClient.java:onNext(255)) - client-CB1B8AC74E59->81367453-3bf0-4298-8a83-8d5c3816df16: receive RaftClientReply:client-CB1B8AC74E59->81367453-3bf0-4298-8a83-8d5c3816df16@group-F6EC397515C5, cid=1310, SUCCESS, logIndex=1829, commits[81367453-3bf0-4298-8a83-8d5c3816df16:c1829]
2019-09-03 20:26:02,930 [grpc-default-executor-2] INFO  client.GrpcClientProtocolClient (GrpcClientProtocolClient.java:onNext(255)) - client-CB1B8AC74E59->81367453-3bf0-4298-8a83-8d5c3816df16: receive RaftClientReply:client-CB1B8AC74E59->81367453-3bf0-4298-8a83-8d5c3816df16@group-F6EC397515C5, cid=1311, SUCCESS, logIndex=1830, commits[81367453-3bf0-4298-8a83-8d5c3816df16:c1831]
2019-09-03 20:26:02,931 [grpc-default-executor-2] INFO  client.GrpcClientProtocolClient (GrpcClientProtocolClient.java:onNext(255)) - client-CB1B8AC74E59->81367453-3bf0-4298-8a83-8d5c3816df16: receive RaftClientReply:client-CB1B8AC74E59->81367453-3bf0-4298-8a83-8d5c3816df16@group-F6EC397515C5, cid=1312, SUCCESS, logIndex=1831, commits[81367453-3bf0-4298-8a83-8d5c3816df16:c1831]
2019-09-03 20:26:02,970 [grpc-default-executor-2] INFO  client.GrpcClientProtocolClient (GrpcClientProtocolClient.java:onNext(255)) - client-CB1B8AC74E59->81367453-3bf0-4298-8a83-8d5c3816df16: receive RaftClientReply:client-CB1B8AC74E59->81367453-3bf0-4298-8a83-8d5c3816df16@group-F6EC397515C5, cid=1313, SUCCESS, logIndex=1834, commits[81367453-3bf0-4298-8a83-8d5c3816df16:c1837]
2019-09-03 20:26:02,971 [grpc-default-executor-2] INFO  client.GrpcClientProtocolClient (GrpcClientProtocolClient.java:onNext(255)) - client-CB1B8AC74E59->81367453-3bf0-4298-8a83-8d5c3816df16: receive RaftClientReply:client-CB1B8AC74E59->81367453-3bf0-4298-8a83-8d5c3816df16@group-F6EC397515C5, cid=1314, SUCCESS, logIndex=1835, commits[81367453-3bf0-4298-8a83-8d5c3816df16:c1837]
2019-09-03 20:26:02,972 [grpc-default-executor-2] INFO  client.GrpcClientProtocolClient (GrpcClientProtocolClient.java:onNext(255)) - client-CB1B8AC74E59->81367453-3bf0-4298-8a83-8d5c3816df16: receive RaftClientReply:client-CB1B8AC74E59->81367453-3bf0-4298-8a83-8d5c3816df16@group-F6EC397515C5, cid=1315, SUCCESS, logIndex=1836, commits[81367453-3bf0-4298-8a83-8d5c3816df16:c1837]
2019-09-03 20:26:02,972 [grpc-default-executor-2] INFO  client.GrpcClientProtocolClient (GrpcClientProtocolClient.java:onNext(255)) - client-CB1B8AC74E59->81367453-3bf0-4298-8a83-8d5c3816df16: receive RaftClientReply:client-CB1B8AC74E59->81367453-3bf0-4298-8a83-8d5c3816df16@group-F6EC397515C5, cid=1316, SUCCESS, logIndex=1837, commits[81367453-3bf0-4298-8a83-8d5c3816df16:c1837]
2019-09-03 20:26:02,997 [grpc-default-executor-1] INFO  client.GrpcClientProtocolClient (GrpcClientProtocolClient.java:onNext(255)) - client-CB1B8AC74E59->81367453-3bf0-4298-8a83-8d5c3816df16: receive RaftClientReply:client-CB1B8AC74E59->81367453-3bf0-4298-8a83-8d5c3816df16@group-F6EC397515C5, cid=1317, SUCCESS, logIndex=1839, commits[81367453-3bf0-4298-8a83-8d5c3816df16:c1842]
2019-09-03 20:26:02,998 [grpc-default-executor-1] INFO  client.GrpcClientProtocolClient (GrpcClientProtocolClient.java:onNext(255)) - client-CB1B8AC74E59->81367453-3bf0-4298-8a83-8d5c3816df16: receive RaftClientReply:client-CB1B8AC74E59->81367453-3bf0-4298-8a83-8d5c3816df16@group-F6EC397515C5, cid=1318, SUCCESS, logIndex=1840, commits[81367453-3bf0-4298-8a83-8d5c3816df16:c1842]
2019-09-03 20:26:02,998 [grpc-default-executor-1] INFO  client.GrpcClientProtocolClient (GrpcClientProtocolClient.java:onNext(255)) - client-CB1B8AC74E59->81367453-3bf0-4298-8a83-8d5c3816df16: receive RaftClientReply:client-CB1B8AC74E59->81367453-3bf0-4298-8a83-8d5c3816df16@group-F6EC397515C5, cid=1319, SUCCESS, logIndex=1841, commits[81367453-3bf0-4298-8a83-8d5c3816df16:c1842]
2019-09-03 20:26:02,998 [grpc-default-executor-1] INFO  client.GrpcClientProtocolClient (GrpcClientProtocolClient.java:onNext(255)) - client-CB1B8AC74E59->81367453-3bf0-4298-8a83-8d5c3816df16: receive RaftClientReply:client-CB1B8AC74E59->81367453-3bf0-4298-8a83-8d5c3816df16@group-F6EC397515C5, cid=1320, SUCCESS, logIndex=1842, commits[81367453-3bf0-4298-8a83-8d5c3816df16:c1842]
2019-09-03 20:26:03,003 [SCMBlockDeletingService#1] DEBUG block.SCMBlockDeletingService (SCMBlockDeletingService.java:call(138)) - Running DeletedBlockTransactionScanner
2019-09-03 20:26:03,003 [SCMBlockDeletingService#1] DEBUG block.SCMBlockDeletingService (SCMBlockDeletingService.java:call(155)) - Scanned deleted blocks log and got 0 delTX to process.
2019-09-03 20:26:03,020 [grpc-default-executor-1] INFO  client.GrpcClientProtocolClient (GrpcClientProtocolClient.java:onNext(255)) - client-CB1B8AC74E59->81367453-3bf0-4298-8a83-8d5c3816df16: receive RaftClientReply:client-CB1B8AC74E59->81367453-3bf0-4298-8a83-8d5c3816df16@group-F6EC397515C5, cid=1321, SUCCESS, logIndex=1844, commits[81367453-3bf0-4298-8a83-8d5c3816df16:c1845]
2019-09-03 20:26:03,021 [grpc-default-executor-1] INFO  client.GrpcClientProtocolClient (GrpcClientProtocolClient.java:onNext(255)) - client-CB1B8AC74E59->81367453-3bf0-4298-8a83-8d5c3816df16: receive RaftClientReply:client-CB1B8AC74E59->81367453-3bf0-4298-8a83-8d5c3816df16@group-F6EC397515C5, cid=1322, SUCCESS, logIndex=1845, commits[81367453-3bf0-4298-8a83-8d5c3816df16:c1845]
2019-09-03 20:26:03,029 [grpc-default-executor-1] INFO  client.GrpcClientProtocolClient (GrpcClientProtocolClient.java:onNext(255)) - client-CB1B8AC74E59->81367453-3bf0-4298-8a83-8d5c3816df16: receive RaftClientReply:client-CB1B8AC74E59->81367453-3bf0-4298-8a83-8d5c3816df16@group-F6EC397515C5, cid=1323, SUCCESS, logIndex=1846, commits[81367453-3bf0-4298-8a83-8d5c3816df16:c1848]
2019-09-03 20:26:03,029 [grpc-default-executor-1] INFO  client.GrpcClientProtocolClient (GrpcClientProtocolClient.java:onNext(255)) - client-CB1B8AC74E59->81367453-3bf0-4298-8a83-8d5c3816df16: receive RaftClientReply:client-CB1B8AC74E59->81367453-3bf0-4298-8a83-8d5c3816df16@group-F6EC397515C5, cid=1324, SUCCESS, logIndex=1848, commits[81367453-3bf0-4298-8a83-8d5c3816df16:c1848]
2019-09-03 20:26:03,057 [grpc-default-executor-1] INFO  client.GrpcClientProtocolClient (GrpcClientProtocolClient.java:onNext(255)) - client-CB1B8AC74E59->81367453-3bf0-4298-8a83-8d5c3816df16: receive RaftClientReply:client-CB1B8AC74E59->81367453-3bf0-4298-8a83-8d5c3816df16@group-F6EC397515C5, cid=1325, SUCCESS, logIndex=1850, commits[81367453-3bf0-4298-8a83-8d5c3816df16:c1851]
2019-09-03 20:26:03,057 [grpc-default-executor-1] INFO  client.GrpcClientProtocolClient (GrpcClientProtocolClient.java:onNext(255)) - client-CB1B8AC74E59->81367453-3bf0-4298-8a83-8d5c3816df16: receive RaftClientReply:client-CB1B8AC74E59->81367453-3bf0-4298-8a83-8d5c3816df16@group-F6EC397515C5, cid=1326, SUCCESS, logIndex=1851, commits[81367453-3bf0-4298-8a83-8d5c3816df16:c1851]
2019-09-03 20:26:03,103 [SCMBlockDeletingService#0] DEBUG block.SCMBlockDeletingService (SCMBlockDeletingService.java:call(138)) - Running DeletedBlockTransactionScanner
2019-09-03 20:26:03,104 [SCMBlockDeletingService#0] DEBUG block.SCMBlockDeletingService (SCMBlockDeletingService.java:call(155)) - Scanned deleted blocks log and got 0 delTX to process.
2019-09-03 20:26:03,159 [grpc-default-executor-1] INFO  client.GrpcClientProtocolClient (GrpcClientProtocolClient.java:onNext(255)) - client-CB1B8AC74E59->81367453-3bf0-4298-8a83-8d5c3816df16: receive RaftClientReply:client-CB1B8AC74E59->81367453-3bf0-4298-8a83-8d5c3816df16@group-F6EC397515C5, cid=1327, SUCCESS, logIndex=1853, commits[81367453-3bf0-4298-8a83-8d5c3816df16:c1854]
2019-09-03 20:26:03,159 [grpc-default-executor-1] INFO  client.GrpcClientProtocolClient (GrpcClientProtocolClient.java:onNext(255)) - client-CB1B8AC74E59->81367453-3bf0-4298-8a83-8d5c3816df16: receive RaftClientReply:client-CB1B8AC74E59->81367453-3bf0-4298-8a83-8d5c3816df16@group-F6EC397515C5, cid=1328, SUCCESS, logIndex=1854, commits[81367453-3bf0-4298-8a83-8d5c3816df16:c1855]
2019-09-03 20:26:03,193 [grpc-default-executor-1] INFO  client.GrpcClientProtocolClient (GrpcClientProtocolClient.java:onNext(255)) - client-CB1B8AC74E59->81367453-3bf0-4298-8a83-8d5c3816df16: receive RaftClientReply:client-CB1B8AC74E59->81367453-3bf0-4298-8a83-8d5c3816df16@group-F6EC397515C5, cid=1329, SUCCESS, logIndex=1856, commits[81367453-3bf0-4298-8a83-8d5c3816df16:c1859]
2019-09-03 20:26:03,194 [grpc-default-executor-1] INFO  client.GrpcClientProtocolClient (GrpcClientProtocolClient.java:onNext(255)) - client-CB1B8AC74E59->81367453-3bf0-4298-8a83-8d5c3816df16: receive RaftClientReply:client-CB1B8AC74E59->81367453-3bf0-4298-8a83-8d5c3816df16@group-F6EC397515C5, cid=1330, SUCCESS, logIndex=1857, commits[81367453-3bf0-4298-8a83-8d5c3816df16:c1859]
2019-09-03 20:26:03,195 [grpc-default-executor-1] INFO  client.GrpcClientProtocolClient (GrpcClientProtocolClient.java:onNext(255)) - client-CB1B8AC74E59->81367453-3bf0-4298-8a83-8d5c3816df16: receive RaftClientReply:client-CB1B8AC74E59->81367453-3bf0-4298-8a83-8d5c3816df16@group-F6EC397515C5, cid=1331, SUCCESS, logIndex=1858, commits[81367453-3bf0-4298-8a83-8d5c3816df16:c1859]
2019-09-03 20:26:03,195 [grpc-default-executor-1] INFO  client.GrpcClientProtocolClient (GrpcClientProtocolClient.java:onNext(255)) - client-CB1B8AC74E59->81367453-3bf0-4298-8a83-8d5c3816df16: receive RaftClientReply:client-CB1B8AC74E59->81367453-3bf0-4298-8a83-8d5c3816df16@group-F6EC397515C5, cid=1332, SUCCESS, logIndex=1859, commits[81367453-3bf0-4298-8a83-8d5c3816df16:c1859]
2019-09-03 20:26:03,204 [SCMBlockDeletingService#0] DEBUG block.SCMBlockDeletingService (SCMBlockDeletingService.java:call(138)) - Running DeletedBlockTransactionScanner
2019-09-03 20:26:03,205 [SCMBlockDeletingService#0] DEBUG block.SCMBlockDeletingService (SCMBlockDeletingService.java:call(155)) - Scanned deleted blocks log and got 0 delTX to process.
2019-09-03 20:26:03,211 [grpc-default-executor-1] INFO  client.GrpcClientProtocolClient (GrpcClientProtocolClient.java:onNext(255)) - client-CB1B8AC74E59->81367453-3bf0-4298-8a83-8d5c3816df16: receive RaftClientReply:client-CB1B8AC74E59->81367453-3bf0-4298-8a83-8d5c3816df16@group-F6EC397515C5, cid=1333, SUCCESS, logIndex=1861, commits[81367453-3bf0-4298-8a83-8d5c3816df16:c1862]
2019-09-03 20:26:03,212 [grpc-default-executor-1] INFO  client.GrpcClientProtocolClient (GrpcClientProtocolClient.java:onNext(255)) - client-CB1B8AC74E59->81367453-3bf0-4298-8a83-8d5c3816df16: receive RaftClientReply:client-CB1B8AC74E59->81367453-3bf0-4298-8a83-8d5c3816df16@group-F6EC397515C5, cid=1334, SUCCESS, logIndex=1862, commits[81367453-3bf0-4298-8a83-8d5c3816df16:c1862]
2019-09-03 20:26:03,212 [grpc-default-executor-1] INFO  client.GrpcClientProtocolClient (GrpcClientProtocolClient.java:onNext(255)) - client-CB1B8AC74E59->81367453-3bf0-4298-8a83-8d5c3816df16: receive RaftClientReply:client-CB1B8AC74E59->81367453-3bf0-4298-8a83-8d5c3816df16@group-F6EC397515C5, cid=1335, SUCCESS, logIndex=1863, commits[81367453-3bf0-4298-8a83-8d5c3816df16:c1864]
2019-09-03 20:26:03,212 [grpc-default-executor-1] INFO  client.GrpcClientProtocolClient (GrpcClientProtocolClient.java:onNext(255)) - client-CB1B8AC74E59->81367453-3bf0-4298-8a83-8d5c3816df16: receive RaftClientReply:client-CB1B8AC74E59->81367453-3bf0-4298-8a83-8d5c3816df16@group-F6EC397515C5, cid=1336, SUCCESS, logIndex=1864, commits[81367453-3bf0-4298-8a83-8d5c3816df16:c1864]
2019-09-03 20:26:03,259 [grpc-default-executor-2] INFO  client.GrpcClientProtocolClient (GrpcClientProtocolClient.java:onNext(255)) - client-CB1B8AC74E59->81367453-3bf0-4298-8a83-8d5c3816df16: receive RaftClientReply:client-CB1B8AC74E59->81367453-3bf0-4298-8a83-8d5c3816df16@group-F6EC397515C5, cid=1337, SUCCESS, logIndex=1867, commits[81367453-3bf0-4298-8a83-8d5c3816df16:c1868]
2019-09-03 20:26:03,260 [grpc-default-executor-2] INFO  client.GrpcClientProtocolClient (GrpcClientProtocolClient.java:onNext(255)) - client-CB1B8AC74E59->81367453-3bf0-4298-8a83-8d5c3816df16: receive RaftClientReply:client-CB1B8AC74E59->81367453-3bf0-4298-8a83-8d5c3816df16@group-F6EC397515C5, cid=1338, SUCCESS, logIndex=1868, commits[81367453-3bf0-4298-8a83-8d5c3816df16:c1868]
2019-09-03 20:26:03,268 [grpc-default-executor-2] INFO  client.GrpcClientProtocolClient (GrpcClientProtocolClient.java:onNext(255)) - client-CB1B8AC74E59->81367453-3bf0-4298-8a83-8d5c3816df16: receive RaftClientReply:client-CB1B8AC74E59->81367453-3bf0-4298-8a83-8d5c3816df16@group-F6EC397515C5, cid=1339, SUCCESS, logIndex=1869, commits[81367453-3bf0-4298-8a83-8d5c3816df16:c1870]
2019-09-03 20:26:03,268 [grpc-default-executor-2] INFO  client.GrpcClientProtocolClient (GrpcClientProtocolClient.java:onNext(255)) - client-CB1B8AC74E59->81367453-3bf0-4298-8a83-8d5c3816df16: receive RaftClientReply:client-CB1B8AC74E59->81367453-3bf0-4298-8a83-8d5c3816df16@group-F6EC397515C5, cid=1340, SUCCESS, logIndex=1870, commits[81367453-3bf0-4298-8a83-8d5c3816df16:c1870]
2019-09-03 20:26:03,289 [grpc-default-executor-2] INFO  client.GrpcClientProtocolClient (GrpcClientProtocolClient.java:onNext(255)) - client-CB1B8AC74E59->81367453-3bf0-4298-8a83-8d5c3816df16: receive RaftClientReply:client-CB1B8AC74E59->81367453-3bf0-4298-8a83-8d5c3816df16@group-F6EC397515C5, cid=1341, SUCCESS, logIndex=1873, commits[81367453-3bf0-4298-8a83-8d5c3816df16:c1876]
2019-09-03 20:26:03,290 [grpc-default-executor-2] INFO  client.GrpcClientProtocolClient (GrpcClientProtocolClient.java:onNext(255)) - client-CB1B8AC74E59->81367453-3bf0-4298-8a83-8d5c3816df16: receive RaftClientReply:client-CB1B8AC74E59->81367453-3bf0-4298-8a83-8d5c3816df16@group-F6EC397515C5, cid=1342, SUCCESS, logIndex=1874, commits[81367453-3bf0-4298-8a83-8d5c3816df16:c1876]
2019-09-03 20:26:03,290 [grpc-default-executor-2] INFO  client.GrpcClientProtocolClient (GrpcClientProtocolClient.java:onNext(255)) - client-CB1B8AC74E59->81367453-3bf0-4298-8a83-8d5c3816df16: receive RaftClientReply:client-CB1B8AC74E59->81367453-3bf0-4298-8a83-8d5c3816df16@group-F6EC397515C5, cid=1343, SUCCESS, logIndex=1875, commits[81367453-3bf0-4298-8a83-8d5c3816df16:c1876]
2019-09-03 20:26:03,290 [grpc-default-executor-2] INFO  client.GrpcClientProtocolClient (GrpcClientProtocolClient.java:onNext(255)) - client-CB1B8AC74E59->81367453-3bf0-4298-8a83-8d5c3816df16: receive RaftClientReply:client-CB1B8AC74E59->81367453-3bf0-4298-8a83-8d5c3816df16@group-F6EC397515C5, cid=1344, SUCCESS, logIndex=1876, commits[81367453-3bf0-4298-8a83-8d5c3816df16:c1876]
2019-09-03 20:26:03,305 [SCMBlockDeletingService#0] DEBUG block.SCMBlockDeletingService (SCMBlockDeletingService.java:call(138)) - Running DeletedBlockTransactionScanner
2019-09-03 20:26:03,305 [SCMBlockDeletingService#0] DEBUG block.SCMBlockDeletingService (SCMBlockDeletingService.java:call(155)) - Scanned deleted blocks log and got 0 delTX to process.
2019-09-03 20:26:03,329 [grpc-default-executor-1] INFO  client.GrpcClientProtocolClient (GrpcClientProtocolClient.java:onNext(255)) - client-CB1B8AC74E59->81367453-3bf0-4298-8a83-8d5c3816df16: receive RaftClientReply:client-CB1B8AC74E59->81367453-3bf0-4298-8a83-8d5c3816df16@group-F6EC397515C5, cid=1345, SUCCESS, logIndex=1878, commits[81367453-3bf0-4298-8a83-8d5c3816df16:c1879]
2019-09-03 20:26:03,330 [grpc-default-executor-1] INFO  client.GrpcClientProtocolClient (GrpcClientProtocolClient.java:onNext(255)) - client-CB1B8AC74E59->81367453-3bf0-4298-8a83-8d5c3816df16: receive RaftClientReply:client-CB1B8AC74E59->81367453-3bf0-4298-8a83-8d5c3816df16@group-F6EC397515C5, cid=1346, SUCCESS, logIndex=1879, commits[81367453-3bf0-4298-8a83-8d5c3816df16:c1879]
2019-09-03 20:26:03,331 [grpc-default-executor-1] INFO  client.GrpcClientProtocolClient (GrpcClientProtocolClient.java:onNext(255)) - client-CB1B8AC74E59->81367453-3bf0-4298-8a83-8d5c3816df16: receive RaftClientReply:client-CB1B8AC74E59->81367453-3bf0-4298-8a83-8d5c3816df16@group-F6EC397515C5, cid=1347, SUCCESS, logIndex=1880, commits[81367453-3bf0-4298-8a83-8d5c3816df16:c1881]
2019-09-03 20:26:03,331 [grpc-default-executor-1] INFO  client.GrpcClientProtocolClient (GrpcClientProtocolClient.java:onNext(255)) - client-CB1B8AC74E59->81367453-3bf0-4298-8a83-8d5c3816df16: receive RaftClientReply:client-CB1B8AC74E59->81367453-3bf0-4298-8a83-8d5c3816df16@group-F6EC397515C5, cid=1348, SUCCESS, logIndex=1881, commits[81367453-3bf0-4298-8a83-8d5c3816df16:c1881]
2019-09-03 20:26:03,349 [grpc-default-executor-2] INFO  client.GrpcClientProtocolClient (GrpcClientProtocolClient.java:onNext(255)) - client-CB1B8AC74E59->81367453-3bf0-4298-8a83-8d5c3816df16: receive RaftClientReply:client-CB1B8AC74E59->81367453-3bf0-4298-8a83-8d5c3816df16@group-F6EC397515C5, cid=1349, SUCCESS, logIndex=1884, commits[81367453-3bf0-4298-8a83-8d5c3816df16:c1887]
2019-09-03 20:26:03,350 [grpc-default-executor-2] INFO  client.GrpcClientProtocolClient (GrpcClientProtocolClient.java:onNext(255)) - client-CB1B8AC74E59->81367453-3bf0-4298-8a83-8d5c3816df16: receive RaftClientReply:client-CB1B8AC74E59->81367453-3bf0-4298-8a83-8d5c3816df16@group-F6EC397515C5, cid=1350, SUCCESS, logIndex=1885, commits[81367453-3bf0-4298-8a83-8d5c3816df16:c1887]
2019-09-03 20:26:03,350 [grpc-default-executor-2] INFO  client.GrpcClientProtocolClient (GrpcClientProtocolClient.java:onNext(255)) - client-CB1B8AC74E59->81367453-3bf0-4298-8a83-8d5c3816df16: receive RaftClientReply:client-CB1B8AC74E59->81367453-3bf0-4298-8a83-8d5c3816df16@group-F6EC397515C5, cid=1351, SUCCESS, logIndex=1886, commits[81367453-3bf0-4298-8a83-8d5c3816df16:c1887]
2019-09-03 20:26:03,350 [grpc-default-executor-2] INFO  client.GrpcClientProtocolClient (GrpcClientProtocolClient.java:onNext(255)) - client-CB1B8AC74E59->81367453-3bf0-4298-8a83-8d5c3816df16: receive RaftClientReply:client-CB1B8AC74E59->81367453-3bf0-4298-8a83-8d5c3816df16@group-F6EC397515C5, cid=1352, SUCCESS, logIndex=1887, commits[81367453-3bf0-4298-8a83-8d5c3816df16:c1887]
2019-09-03 20:26:03,406 [SCMBlockDeletingService#0] DEBUG block.SCMBlockDeletingService (SCMBlockDeletingService.java:call(138)) - Running DeletedBlockTransactionScanner
2019-09-03 20:26:03,406 [SCMBlockDeletingService#0] DEBUG block.SCMBlockDeletingService (SCMBlockDeletingService.java:call(155)) - Scanned deleted blocks log and got 0 delTX to process.
2019-09-03 20:26:03,409 [grpc-default-executor-2] INFO  client.GrpcClientProtocolClient (GrpcClientProtocolClient.java:onNext(255)) - client-CB1B8AC74E59->81367453-3bf0-4298-8a83-8d5c3816df16: receive RaftClientReply:client-CB1B8AC74E59->81367453-3bf0-4298-8a83-8d5c3816df16@group-F6EC397515C5, cid=1353, SUCCESS, logIndex=1889, commits[81367453-3bf0-4298-8a83-8d5c3816df16:c1892]
2019-09-03 20:26:03,410 [grpc-default-executor-2] INFO  client.GrpcClientProtocolClient (GrpcClientProtocolClient.java:onNext(255)) - client-CB1B8AC74E59->81367453-3bf0-4298-8a83-8d5c3816df16: receive RaftClientReply:client-CB1B8AC74E59->81367453-3bf0-4298-8a83-8d5c3816df16@group-F6EC397515C5, cid=1354, SUCCESS, logIndex=1890, commits[81367453-3bf0-4298-8a83-8d5c3816df16:c1892]
2019-09-03 20:26:03,410 [grpc-default-executor-2] INFO  client.GrpcClientProtocolClient (GrpcClientProtocolClient.java:onNext(255)) - client-CB1B8AC74E59->81367453-3bf0-4298-8a83-8d5c3816df16: receive RaftClientReply:client-CB1B8AC74E59->81367453-3bf0-4298-8a83-8d5c3816df16@group-F6EC397515C5, cid=1355, SUCCESS, logIndex=1891, commits[81367453-3bf0-4298-8a83-8d5c3816df16:c1893]
2019-09-03 20:26:03,411 [grpc-default-executor-2] INFO  client.GrpcClientProtocolClient (GrpcClientProtocolClient.java:onNext(255)) - client-CB1B8AC74E59->81367453-3bf0-4298-8a83-8d5c3816df16: receive RaftClientReply:client-CB1B8AC74E59->81367453-3bf0-4298-8a83-8d5c3816df16@group-F6EC397515C5, cid=1356, SUCCESS, logIndex=1892, commits[81367453-3bf0-4298-8a83-8d5c3816df16:c1893]
2019-09-03 20:26:03,429 [grpc-default-executor-1] INFO  client.GrpcClientProtocolClient (GrpcClientProtocolClient.java:onNext(255)) - client-CB1B8AC74E59->81367453-3bf0-4298-8a83-8d5c3816df16: receive RaftClientReply:client-CB1B8AC74E59->81367453-3bf0-4298-8a83-8d5c3816df16@group-F6EC397515C5, cid=1357, SUCCESS, logIndex=1894, commits[81367453-3bf0-4298-8a83-8d5c3816df16:c1895]
2019-09-03 20:26:03,430 [grpc-default-executor-1] INFO  client.GrpcClientProtocolClient (GrpcClientProtocolClient.java:onNext(255)) - client-CB1B8AC74E59->81367453-3bf0-4298-8a83-8d5c3816df16: receive RaftClientReply:client-CB1B8AC74E59->81367453-3bf0-4298-8a83-8d5c3816df16@group-F6EC397515C5, cid=1358, SUCCESS, logIndex=1895, commits[81367453-3bf0-4298-8a83-8d5c3816df16:c1895]
2019-09-03 20:26:03,440 [grpc-default-executor-1] INFO  client.GrpcClientProtocolClient (GrpcClientProtocolClient.java:onNext(255)) - client-CB1B8AC74E59->81367453-3bf0-4298-8a83-8d5c3816df16: receive RaftClientReply:client-CB1B8AC74E59->81367453-3bf0-4298-8a83-8d5c3816df16@group-F6EC397515C5, cid=1359, SUCCESS, logIndex=1896, commits[81367453-3bf0-4298-8a83-8d5c3816df16:c1897]
2019-09-03 20:26:03,440 [grpc-default-executor-1] INFO  client.GrpcClientProtocolClient (GrpcClientProtocolClient.java:onNext(255)) - client-CB1B8AC74E59->81367453-3bf0-4298-8a83-8d5c3816df16: receive RaftClientReply:client-CB1B8AC74E59->81367453-3bf0-4298-8a83-8d5c3816df16@group-F6EC397515C5, cid=1360, SUCCESS, logIndex=1897, commits[81367453-3bf0-4298-8a83-8d5c3816df16:c1897]
2019-09-03 20:26:03,464 [grpc-default-executor-1] INFO  client.GrpcClientProtocolClient (GrpcClientProtocolClient.java:onNext(255)) - client-CB1B8AC74E59->81367453-3bf0-4298-8a83-8d5c3816df16: receive RaftClientReply:client-CB1B8AC74E59->81367453-3bf0-4298-8a83-8d5c3816df16@group-F6EC397515C5, cid=1361, SUCCESS, logIndex=1900, commits[81367453-3bf0-4298-8a83-8d5c3816df16:c1903]
2019-09-03 20:26:03,465 [grpc-default-executor-1] INFO  client.GrpcClientProtocolClient (GrpcClientProtocolClient.java:onNext(255)) - client-CB1B8AC74E59->81367453-3bf0-4298-8a83-8d5c3816df16: receive RaftClientReply:client-CB1B8AC74E59->81367453-3bf0-4298-8a83-8d5c3816df16@group-F6EC397515C5, cid=1362, SUCCESS, logIndex=1901, commits[81367453-3bf0-4298-8a83-8d5c3816df16:c1903]
2019-09-03 20:26:03,466 [grpc-default-executor-1] INFO  client.GrpcClientProtocolClient (GrpcClientProtocolClient.java:onNext(255)) - client-CB1B8AC74E59->81367453-3bf0-4298-8a83-8d5c3816df16: receive RaftClientReply:client-CB1B8AC74E59->81367453-3bf0-4298-8a83-8d5c3816df16@group-F6EC397515C5, cid=1363, SUCCESS, logIndex=1902, commits[81367453-3bf0-4298-8a83-8d5c3816df16:c1903]
2019-09-03 20:26:03,466 [grpc-default-executor-1] INFO  client.GrpcClientProtocolClient (GrpcClientProtocolClient.java:onNext(255)) - client-CB1B8AC74E59->81367453-3bf0-4298-8a83-8d5c3816df16: receive RaftClientReply:client-CB1B8AC74E59->81367453-3bf0-4298-8a83-8d5c3816df16@group-F6EC397515C5, cid=1364, SUCCESS, logIndex=1903, commits[81367453-3bf0-4298-8a83-8d5c3816df16:c1903]
2019-09-03 20:26:03,478 [grpc-default-executor-1] INFO  client.GrpcClientProtocolClient (GrpcClientProtocolClient.java:onNext(255)) - client-CB1B8AC74E59->81367453-3bf0-4298-8a83-8d5c3816df16: receive RaftClientReply:client-CB1B8AC74E59->81367453-3bf0-4298-8a83-8d5c3816df16@group-F6EC397515C5, cid=1365, SUCCESS, logIndex=1905, commits[81367453-3bf0-4298-8a83-8d5c3816df16:c1906]
2019-09-03 20:26:03,478 [grpc-default-executor-1] INFO  client.GrpcClientProtocolClient (GrpcClientProtocolClient.java:onNext(255)) - client-CB1B8AC74E59->81367453-3bf0-4298-8a83-8d5c3816df16: receive RaftClientReply:client-CB1B8AC74E59->81367453-3bf0-4298-8a83-8d5c3816df16@group-F6EC397515C5, cid=1366, SUCCESS, logIndex=1906, commits[81367453-3bf0-4298-8a83-8d5c3816df16:c1906]
2019-09-03 20:26:03,487 [grpc-default-executor-1] INFO  client.GrpcClientProtocolClient (GrpcClientProtocolClient.java:onNext(255)) - client-CB1B8AC74E59->81367453-3bf0-4298-8a83-8d5c3816df16: receive RaftClientReply:client-CB1B8AC74E59->81367453-3bf0-4298-8a83-8d5c3816df16@group-F6EC397515C5, cid=1367, SUCCESS, logIndex=1907, commits[81367453-3bf0-4298-8a83-8d5c3816df16:c1908]
2019-09-03 20:26:03,487 [grpc-default-executor-1] INFO  client.GrpcClientProtocolClient (GrpcClientProtocolClient.java:onNext(255)) - client-CB1B8AC74E59->81367453-3bf0-4298-8a83-8d5c3816df16: receive RaftClientReply:client-CB1B8AC74E59->81367453-3bf0-4298-8a83-8d5c3816df16@group-F6EC397515C5, cid=1368, SUCCESS, logIndex=1908, commits[81367453-3bf0-4298-8a83-8d5c3816df16:c1908]
2019-09-03 20:26:03,506 [SCMBlockDeletingService#0] DEBUG block.SCMBlockDeletingService (SCMBlockDeletingService.java:call(138)) - Running DeletedBlockTransactionScanner
2019-09-03 20:26:03,507 [SCMBlockDeletingService#0] DEBUG block.SCMBlockDeletingService (SCMBlockDeletingService.java:call(155)) - Scanned deleted blocks log and got 0 delTX to process.
2019-09-03 20:26:03,512 [grpc-default-executor-2] INFO  client.GrpcClientProtocolClient (GrpcClientProtocolClient.java:onNext(255)) - client-CB1B8AC74E59->81367453-3bf0-4298-8a83-8d5c3816df16: receive RaftClientReply:client-CB1B8AC74E59->81367453-3bf0-4298-8a83-8d5c3816df16@group-F6EC397515C5, cid=1369, SUCCESS, logIndex=1911, commits[81367453-3bf0-4298-8a83-8d5c3816df16:c1912]
2019-09-03 20:26:03,513 [grpc-default-executor-2] INFO  client.GrpcClientProtocolClient (GrpcClientProtocolClient.java:onNext(255)) - client-CB1B8AC74E59->81367453-3bf0-4298-8a83-8d5c3816df16: receive RaftClientReply:client-CB1B8AC74E59->81367453-3bf0-4298-8a83-8d5c3816df16@group-F6EC397515C5, cid=1370, SUCCESS, logIndex=1912, commits[81367453-3bf0-4298-8a83-8d5c3816df16:c1912]
2019-09-03 20:26:03,658 [SCMBlockDeletingService#0] DEBUG block.SCMBlockDeletingService (SCMBlockDeletingService.java:call(138)) - Running DeletedBlockTransactionScanner
2019-09-03 20:26:03,658 [SCMBlockDeletingService#0] DEBUG block.SCMBlockDeletingService (SCMBlockDeletingService.java:call(155)) - Scanned deleted blocks log and got 0 delTX to process.
2019-09-03 20:26:03,680 [grpc-default-executor-1] INFO  client.GrpcClientProtocolClient (GrpcClientProtocolClient.java:onNext(255)) - client-CB1B8AC74E59->81367453-3bf0-4298-8a83-8d5c3816df16: receive RaftClientReply:client-CB1B8AC74E59->81367453-3bf0-4298-8a83-8d5c3816df16@group-F6EC397515C5, cid=1371, SUCCESS, logIndex=1914, commits[81367453-3bf0-4298-8a83-8d5c3816df16:c1915]
2019-09-03 20:26:03,681 [grpc-default-executor-1] INFO  client.GrpcClientProtocolClient (GrpcClientProtocolClient.java:onNext(255)) - client-CB1B8AC74E59->81367453-3bf0-4298-8a83-8d5c3816df16: receive RaftClientReply:client-CB1B8AC74E59->81367453-3bf0-4298-8a83-8d5c3816df16@group-F6EC397515C5, cid=1372, SUCCESS, logIndex=1915, commits[81367453-3bf0-4298-8a83-8d5c3816df16:c1915]
2019-09-03 20:26:03,697 [grpc-default-executor-1] INFO  client.GrpcClientProtocolClient (GrpcClientProtocolClient.java:onNext(255)) - client-CB1B8AC74E59->81367453-3bf0-4298-8a83-8d5c3816df16: receive RaftClientReply:client-CB1B8AC74E59->81367453-3bf0-4298-8a83-8d5c3816df16@group-F6EC397515C5, cid=1373, SUCCESS, logIndex=1917, commits[81367453-3bf0-4298-8a83-8d5c3816df16:c1918]
2019-09-03 20:26:03,698 [grpc-default-executor-1] INFO  client.GrpcClientProtocolClient (GrpcClientProtocolClient.java:onNext(255)) - client-CB1B8AC74E59->81367453-3bf0-4298-8a83-8d5c3816df16: receive RaftClientReply:client-CB1B8AC74E59->81367453-3bf0-4298-8a83-8d5c3816df16@group-F6EC397515C5, cid=1374, SUCCESS, logIndex=1918, commits[81367453-3bf0-4298-8a83-8d5c3816df16:c1918]
2019-09-03 20:26:03,707 [grpc-default-executor-1] INFO  client.GrpcClientProtocolClient (GrpcClientProtocolClient.java:onNext(255)) - client-CB1B8AC74E59->81367453-3bf0-4298-8a83-8d5c3816df16: receive RaftClientReply:client-CB1B8AC74E59->81367453-3bf0-4298-8a83-8d5c3816df16@group-F6EC397515C5, cid=1375, SUCCESS, logIndex=1919, commits[81367453-3bf0-4298-8a83-8d5c3816df16:c1920]
2019-09-03 20:26:03,707 [grpc-default-executor-1] INFO  client.GrpcClientProtocolClient (GrpcClientProtocolClient.java:onNext(255)) - client-CB1B8AC74E59->81367453-3bf0-4298-8a83-8d5c3816df16: receive RaftClientReply:client-CB1B8AC74E59->81367453-3bf0-4298-8a83-8d5c3816df16@group-F6EC397515C5, cid=1376, SUCCESS, logIndex=1920, commits[81367453-3bf0-4298-8a83-8d5c3816df16:c1920]
2019-09-03 20:26:03,737 [grpc-default-executor-1] INFO  client.GrpcClientProtocolClient (GrpcClientProtocolClient.java:onNext(255)) - client-CB1B8AC74E59->81367453-3bf0-4298-8a83-8d5c3816df16: receive RaftClientReply:client-CB1B8AC74E59->81367453-3bf0-4298-8a83-8d5c3816df16@group-F6EC397515C5, cid=1377, SUCCESS, logIndex=1923, commits[81367453-3bf0-4298-8a83-8d5c3816df16:c1924]
2019-09-03 20:26:03,737 [grpc-default-executor-1] INFO  client.GrpcClientProtocolClient (GrpcClientProtocolClient.java:onNext(255)) - client-CB1B8AC74E59->81367453-3bf0-4298-8a83-8d5c3816df16: receive RaftClientReply:client-CB1B8AC74E59->81367453-3bf0-4298-8a83-8d5c3816df16@group-F6EC397515C5, cid=1378, SUCCESS, logIndex=1924, commits[81367453-3bf0-4298-8a83-8d5c3816df16:c1924]
2019-09-03 20:26:03,741 [grpc-default-executor-1] INFO  client.GrpcClientProtocolClient (GrpcClientProtocolClient.java:onNext(255)) - client-CB1B8AC74E59->81367453-3bf0-4298-8a83-8d5c3816df16: receive RaftClientReply:client-CB1B8AC74E59->81367453-3bf0-4298-8a83-8d5c3816df16@group-F6EC397515C5, cid=1379, SUCCESS, logIndex=1925, commits[81367453-3bf0-4298-8a83-8d5c3816df16:c1926]
2019-09-03 20:26:03,741 [grpc-default-executor-1] INFO  client.GrpcClientProtocolClient (GrpcClientProtocolClient.java:onNext(255)) - client-CB1B8AC74E59->81367453-3bf0-4298-8a83-8d5c3816df16: receive RaftClientReply:client-CB1B8AC74E59->81367453-3bf0-4298-8a83-8d5c3816df16@group-F6EC397515C5, cid=1380, SUCCESS, logIndex=1926, commits[81367453-3bf0-4298-8a83-8d5c3816df16:c1926]
2019-09-03 20:26:03,758 [grpc-default-executor-1] INFO  client.GrpcClientProtocolClient (GrpcClientProtocolClient.java:onNext(255)) - client-CB1B8AC74E59->81367453-3bf0-4298-8a83-8d5c3816df16: receive RaftClientReply:client-CB1B8AC74E59->81367453-3bf0-4298-8a83-8d5c3816df16@group-F6EC397515C5, cid=1381, SUCCESS, logIndex=1929, commits[81367453-3bf0-4298-8a83-8d5c3816df16:c1932]
2019-09-03 20:26:03,758 [SCMBlockDeletingService#0] DEBUG block.SCMBlockDeletingService (SCMBlockDeletingService.java:call(138)) - Running DeletedBlockTransactionScanner
2019-09-03 20:26:03,758 [grpc-default-executor-1] INFO  client.GrpcClientProtocolClient (GrpcClientProtocolClient.java:onNext(255)) - client-CB1B8AC74E59->81367453-3bf0-4298-8a83-8d5c3816df16: receive RaftClientReply:client-CB1B8AC74E59->81367453-3bf0-4298-8a83-8d5c3816df16@group-F6EC397515C5, cid=1382, SUCCESS, logIndex=1930, commits[81367453-3bf0-4298-8a83-8d5c3816df16:c1932]
2019-09-03 20:26:03,759 [SCMBlockDeletingService#0] DEBUG block.SCMBlockDeletingService (SCMBlockDeletingService.java:call(155)) - Scanned deleted blocks log and got 0 delTX to process.
2019-09-03 20:26:03,759 [grpc-default-executor-1] INFO  client.GrpcClientProtocolClient (GrpcClientProtocolClient.java:onNext(255)) - client-CB1B8AC74E59->81367453-3bf0-4298-8a83-8d5c3816df16: receive RaftClientReply:client-CB1B8AC74E59->81367453-3bf0-4298-8a83-8d5c3816df16@group-F6EC397515C5, cid=1383, SUCCESS, logIndex=1931, commits[81367453-3bf0-4298-8a83-8d5c3816df16:c1932]
2019-09-03 20:26:03,759 [grpc-default-executor-1] INFO  client.GrpcClientProtocolClient (GrpcClientProtocolClient.java:onNext(255)) - client-CB1B8AC74E59->81367453-3bf0-4298-8a83-8d5c3816df16: receive RaftClientReply:client-CB1B8AC74E59->81367453-3bf0-4298-8a83-8d5c3816df16@group-F6EC397515C5, cid=1384, SUCCESS, logIndex=1932, commits[81367453-3bf0-4298-8a83-8d5c3816df16:c1932]
2019-09-03 20:26:03,784 [grpc-default-executor-2] INFO  client.GrpcClientProtocolClient (GrpcClientProtocolClient.java:onNext(255)) - client-CB1B8AC74E59->81367453-3bf0-4298-8a83-8d5c3816df16: receive RaftClientReply:client-CB1B8AC74E59->81367453-3bf0-4298-8a83-8d5c3816df16@group-F6EC397515C5, cid=1385, SUCCESS, logIndex=1934, commits[81367453-3bf0-4298-8a83-8d5c3816df16:c1937]
2019-09-03 20:26:03,785 [grpc-default-executor-2] INFO  client.GrpcClientProtocolClient (GrpcClientProtocolClient.java:onNext(255)) - client-CB1B8AC74E59->81367453-3bf0-4298-8a83-8d5c3816df16: receive RaftClientReply:client-CB1B8AC74E59->81367453-3bf0-4298-8a83-8d5c3816df16@group-F6EC397515C5, cid=1386, SUCCESS, logIndex=1935, commits[81367453-3bf0-4298-8a83-8d5c3816df16:c1937]
2019-09-03 20:26:03,785 [grpc-default-executor-2] INFO  client.GrpcClientProtocolClient (GrpcClientProtocolClient.java:onNext(255)) - client-CB1B8AC74E59->81367453-3bf0-4298-8a83-8d5c3816df16: receive RaftClientReply:client-CB1B8AC74E59->81367453-3bf0-4298-8a83-8d5c3816df16@group-F6EC397515C5, cid=1387, SUCCESS, logIndex=1936, commits[81367453-3bf0-4298-8a83-8d5c3816df16:c1937]
2019-09-03 20:26:03,785 [grpc-default-executor-2] INFO  client.GrpcClientProtocolClient (GrpcClientProtocolClient.java:onNext(255)) - client-CB1B8AC74E59->81367453-3bf0-4298-8a83-8d5c3816df16: receive RaftClientReply:client-CB1B8AC74E59->81367453-3bf0-4298-8a83-8d5c3816df16@group-F6EC397515C5, cid=1388, SUCCESS, logIndex=1937, commits[81367453-3bf0-4298-8a83-8d5c3816df16:c1937]
2019-09-03 20:26:03,802 [grpc-default-executor-1] INFO  client.GrpcClientProtocolClient (GrpcClientProtocolClient.java:onNext(255)) - client-CB1B8AC74E59->81367453-3bf0-4298-8a83-8d5c3816df16: receive RaftClientReply:client-CB1B8AC74E59->81367453-3bf0-4298-8a83-8d5c3816df16@group-F6EC397515C5, cid=1389, SUCCESS, logIndex=1939, commits[81367453-3bf0-4298-8a83-8d5c3816df16:c1942]
2019-09-03 20:26:03,803 [grpc-default-executor-1] INFO  client.GrpcClientProtocolClient (GrpcClientProtocolClient.java:onNext(255)) - client-CB1B8AC74E59->81367453-3bf0-4298-8a83-8d5c3816df16: receive RaftClientReply:client-CB1B8AC74E59->81367453-3bf0-4298-8a83-8d5c3816df16@group-F6EC397515C5, cid=1390, SUCCESS, logIndex=1940, commits[81367453-3bf0-4298-8a83-8d5c3816df16:c1942]
2019-09-03 20:26:03,803 [grpc-default-executor-1] INFO  client.GrpcClientProtocolClient (GrpcClientProtocolClient.java:onNext(255)) - client-CB1B8AC74E59->81367453-3bf0-4298-8a83-8d5c3816df16: receive RaftClientReply:client-CB1B8AC74E59->81367453-3bf0-4298-8a83-8d5c3816df16@group-F6EC397515C5, cid=1391, SUCCESS, logIndex=1941, commits[81367453-3bf0-4298-8a83-8d5c3816df16:c1942]
2019-09-03 20:26:03,804 [grpc-default-executor-1] INFO  client.GrpcClientProtocolClient (GrpcClientProtocolClient.java:onNext(255)) - client-CB1B8AC74E59->81367453-3bf0-4298-8a83-8d5c3816df16: receive RaftClientReply:client-CB1B8AC74E59->81367453-3bf0-4298-8a83-8d5c3816df16@group-F6EC397515C5, cid=1392, SUCCESS, logIndex=1942, commits[81367453-3bf0-4298-8a83-8d5c3816df16:c1942]
2019-09-03 20:26:03,823 [grpc-default-executor-1] INFO  client.GrpcClientProtocolClient (GrpcClientProtocolClient.java:onNext(255)) - client-CB1B8AC74E59->81367453-3bf0-4298-8a83-8d5c3816df16: receive RaftClientReply:client-CB1B8AC74E59->81367453-3bf0-4298-8a83-8d5c3816df16@group-F6EC397515C5, cid=1393, SUCCESS, logIndex=1944, commits[81367453-3bf0-4298-8a83-8d5c3816df16:c1945]
2019-09-03 20:26:03,823 [grpc-default-executor-1] INFO  client.GrpcClientProtocolClient (GrpcClientProtocolClient.java:onNext(255)) - client-CB1B8AC74E59->81367453-3bf0-4298-8a83-8d5c3816df16: receive RaftClientReply:client-CB1B8AC74E59->81367453-3bf0-4298-8a83-8d5c3816df16@group-F6EC397515C5, cid=1394, SUCCESS, logIndex=1945, commits[81367453-3bf0-4298-8a83-8d5c3816df16:c1945]
2019-09-03 20:26:03,835 [grpc-default-executor-1] INFO  client.GrpcClientProtocolClient (GrpcClientProtocolClient.java:onNext(255)) - client-CB1B8AC74E59->81367453-3bf0-4298-8a83-8d5c3816df16: receive RaftClientReply:client-CB1B8AC74E59->81367453-3bf0-4298-8a83-8d5c3816df16@group-F6EC397515C5, cid=1395, SUCCESS, logIndex=1946, commits[81367453-3bf0-4298-8a83-8d5c3816df16:c1947]
2019-09-03 20:26:03,835 [grpc-default-executor-1] INFO  client.GrpcClientProtocolClient (GrpcClientProtocolClient.java:onNext(255)) - client-CB1B8AC74E59->81367453-3bf0-4298-8a83-8d5c3816df16: receive RaftClientReply:client-CB1B8AC74E59->81367453-3bf0-4298-8a83-8d5c3816df16@group-F6EC397515C5, cid=1396, SUCCESS, logIndex=1947, commits[81367453-3bf0-4298-8a83-8d5c3816df16:c1947]
2019-09-03 20:26:03,857 [grpc-default-executor-2] INFO  client.GrpcClientProtocolClient (GrpcClientProtocolClient.java:onNext(255)) - client-CB1B8AC74E59->81367453-3bf0-4298-8a83-8d5c3816df16: receive RaftClientReply:client-CB1B8AC74E59->81367453-3bf0-4298-8a83-8d5c3816df16@group-F6EC397515C5, cid=1397, SUCCESS, logIndex=1950, commits[81367453-3bf0-4298-8a83-8d5c3816df16:c1953]
2019-09-03 20:26:03,858 [grpc-default-executor-2] INFO  client.GrpcClientProtocolClient (GrpcClientProtocolClient.java:onNext(255)) - client-CB1B8AC74E59->81367453-3bf0-4298-8a83-8d5c3816df16: receive RaftClientReply:client-CB1B8AC74E59->81367453-3bf0-4298-8a83-8d5c3816df16@group-F6EC397515C5, cid=1398, SUCCESS, logIndex=1951, commits[81367453-3bf0-4298-8a83-8d5c3816df16:c1953]
2019-09-03 20:26:03,858 [grpc-default-executor-2] INFO  client.GrpcClientProtocolClient (GrpcClientProtocolClient.java:onNext(255)) - client-CB1B8AC74E59->81367453-3bf0-4298-8a83-8d5c3816df16: receive RaftClientReply:client-CB1B8AC74E59->81367453-3bf0-4298-8a83-8d5c3816df16@group-F6EC397515C5, cid=1399, SUCCESS, logIndex=1952, commits[81367453-3bf0-4298-8a83-8d5c3816df16:c1953]
2019-09-03 20:26:03,859 [grpc-default-executor-2] INFO  client.GrpcClientProtocolClient (GrpcClientProtocolClient.java:onNext(255)) - client-CB1B8AC74E59->81367453-3bf0-4298-8a83-8d5c3816df16: receive RaftClientReply:client-CB1B8AC74E59->81367453-3bf0-4298-8a83-8d5c3816df16@group-F6EC397515C5, cid=1400, SUCCESS, logIndex=1953, commits[81367453-3bf0-4298-8a83-8d5c3816df16:c1953]
2019-09-03 20:26:03,859 [SCMBlockDeletingService#0] DEBUG block.SCMBlockDeletingService (SCMBlockDeletingService.java:call(138)) - Running DeletedBlockTransactionScanner
2019-09-03 20:26:03,859 [SCMBlockDeletingService#0] DEBUG block.SCMBlockDeletingService (SCMBlockDeletingService.java:call(155)) - Scanned deleted blocks log and got 0 delTX to process.
2019-09-03 20:26:03,877 [grpc-default-executor-1] INFO  client.GrpcClientProtocolClient (GrpcClientProtocolClient.java:onNext(255)) - client-CB1B8AC74E59->81367453-3bf0-4298-8a83-8d5c3816df16: receive RaftClientReply:client-CB1B8AC74E59->81367453-3bf0-4298-8a83-8d5c3816df16@group-F6EC397515C5, cid=1401, SUCCESS, logIndex=1955, commits[81367453-3bf0-4298-8a83-8d5c3816df16:c1956]
2019-09-03 20:26:03,878 [grpc-default-executor-1] INFO  client.GrpcClientProtocolClient (GrpcClientProtocolClient.java:onNext(255)) - client-CB1B8AC74E59->81367453-3bf0-4298-8a83-8d5c3816df16: receive RaftClientReply:client-CB1B8AC74E59->81367453-3bf0-4298-8a83-8d5c3816df16@group-F6EC397515C5, cid=1402, SUCCESS, logIndex=1956, commits[81367453-3bf0-4298-8a83-8d5c3816df16:c1956]
2019-09-03 20:26:03,887 [grpc-default-executor-1] INFO  client.GrpcClientProtocolClient (GrpcClientProtocolClient.java:onNext(255)) - client-CB1B8AC74E59->81367453-3bf0-4298-8a83-8d5c3816df16: receive RaftClientReply:client-CB1B8AC74E59->81367453-3bf0-4298-8a83-8d5c3816df16@group-F6EC397515C5, cid=1403, SUCCESS, logIndex=1957, commits[81367453-3bf0-4298-8a83-8d5c3816df16:c1958]
2019-09-03 20:26:03,887 [grpc-default-executor-1] INFO  client.GrpcClientProtocolClient (GrpcClientProtocolClient.java:onNext(255)) - client-CB1B8AC74E59->81367453-3bf0-4298-8a83-8d5c3816df16: receive RaftClientReply:client-CB1B8AC74E59->81367453-3bf0-4298-8a83-8d5c3816df16@group-F6EC397515C5, cid=1404, SUCCESS, logIndex=1958, commits[81367453-3bf0-4298-8a83-8d5c3816df16:c1958]
2019-09-03 20:26:03,917 [grpc-default-executor-2] INFO  client.GrpcClientProtocolClient (GrpcClientProtocolClient.java:onNext(255)) - client-CB1B8AC74E59->81367453-3bf0-4298-8a83-8d5c3816df16: receive RaftClientReply:client-CB1B8AC74E59->81367453-3bf0-4298-8a83-8d5c3816df16@group-F6EC397515C5, cid=1405, SUCCESS, logIndex=1961, commits[81367453-3bf0-4298-8a83-8d5c3816df16:c1962]
2019-09-03 20:26:03,917 [grpc-default-executor-2] INFO  client.GrpcClientProtocolClient (GrpcClientProtocolClient.java:onNext(255)) - client-CB1B8AC74E59->81367453-3bf0-4298-8a83-8d5c3816df16: receive RaftClientReply:client-CB1B8AC74E59->81367453-3bf0-4298-8a83-8d5c3816df16@group-F6EC397515C5, cid=1406, SUCCESS, logIndex=1962, commits[81367453-3bf0-4298-8a83-8d5c3816df16:c1962]
2019-09-03 20:26:03,926 [grpc-default-executor-2] INFO  client.GrpcClientProtocolClient (GrpcClientProtocolClient.java:onNext(255)) - client-CB1B8AC74E59->81367453-3bf0-4298-8a83-8d5c3816df16: receive RaftClientReply:client-CB1B8AC74E59->81367453-3bf0-4298-8a83-8d5c3816df16@group-F6EC397515C5, cid=1407, SUCCESS, logIndex=1963, commits[81367453-3bf0-4298-8a83-8d5c3816df16:c1964]
2019-09-03 20:26:03,926 [grpc-default-executor-2] INFO  client.GrpcClientProtocolClient (GrpcClientProtocolClient.java:onNext(255)) - client-CB1B8AC74E59->81367453-3bf0-4298-8a83-8d5c3816df16: receive RaftClientReply:client-CB1B8AC74E59->81367453-3bf0-4298-8a83-8d5c3816df16@group-F6EC397515C5, cid=1408, SUCCESS, logIndex=1964, commits[81367453-3bf0-4298-8a83-8d5c3816df16:c1964]
2019-09-03 20:26:03,960 [SCMBlockDeletingService#0] DEBUG block.SCMBlockDeletingService (SCMBlockDeletingService.java:call(138)) - Running DeletedBlockTransactionScanner
2019-09-03 20:26:03,960 [SCMBlockDeletingService#0] DEBUG block.SCMBlockDeletingService (SCMBlockDeletingService.java:call(155)) - Scanned deleted blocks log and got 0 delTX to process.
2019-09-03 20:26:03,960 [grpc-default-executor-1] INFO  client.GrpcClientProtocolClient (GrpcClientProtocolClient.java:onNext(255)) - client-CB1B8AC74E59->81367453-3bf0-4298-8a83-8d5c3816df16: receive RaftClientReply:client-CB1B8AC74E59->81367453-3bf0-4298-8a83-8d5c3816df16@group-F6EC397515C5, cid=1409, SUCCESS, logIndex=1967, commits[81367453-3bf0-4298-8a83-8d5c3816df16:c1968]
2019-09-03 20:26:03,961 [grpc-default-executor-1] INFO  client.GrpcClientProtocolClient (GrpcClientProtocolClient.java:onNext(255)) - client-CB1B8AC74E59->81367453-3bf0-4298-8a83-8d5c3816df16: receive RaftClientReply:client-CB1B8AC74E59->81367453-3bf0-4298-8a83-8d5c3816df16@group-F6EC397515C5, cid=1410, SUCCESS, logIndex=1968, commits[81367453-3bf0-4298-8a83-8d5c3816df16:c1970]
2019-09-03 20:26:03,961 [grpc-default-executor-1] INFO  client.GrpcClientProtocolClient (GrpcClientProtocolClient.java:onNext(255)) - client-CB1B8AC74E59->81367453-3bf0-4298-8a83-8d5c3816df16: receive RaftClientReply:client-CB1B8AC74E59->81367453-3bf0-4298-8a83-8d5c3816df16@group-F6EC397515C5, cid=1411, SUCCESS, logIndex=1969, commits[81367453-3bf0-4298-8a83-8d5c3816df16:c1970]
2019-09-03 20:26:03,961 [grpc-default-executor-1] INFO  client.GrpcClientProtocolClient (GrpcClientProtocolClient.java:onNext(255)) - client-CB1B8AC74E59->81367453-3bf0-4298-8a83-8d5c3816df16: receive RaftClientReply:client-CB1B8AC74E59->81367453-3bf0-4298-8a83-8d5c3816df16@group-F6EC397515C5, cid=1412, SUCCESS, logIndex=1970, commits[81367453-3bf0-4298-8a83-8d5c3816df16:c1970]
2019-09-03 20:26:03,980 [grpc-default-executor-1] INFO  client.GrpcClientProtocolClient (GrpcClientProtocolClient.java:onNext(255)) - client-CB1B8AC74E59->81367453-3bf0-4298-8a83-8d5c3816df16: receive RaftClientReply:client-CB1B8AC74E59->81367453-3bf0-4298-8a83-8d5c3816df16@group-F6EC397515C5, cid=1413, SUCCESS, logIndex=1973, commits[81367453-3bf0-4298-8a83-8d5c3816df16:c1974]
2019-09-03 20:26:03,980 [grpc-default-executor-1] INFO  client.GrpcClientProtocolClient (GrpcClientProtocolClient.java:onNext(255)) - client-CB1B8AC74E59->81367453-3bf0-4298-8a83-8d5c3816df16: receive RaftClientReply:client-CB1B8AC74E59->81367453-3bf0-4298-8a83-8d5c3816df16@group-F6EC397515C5, cid=1414, SUCCESS, logIndex=1974, commits[81367453-3bf0-4298-8a83-8d5c3816df16:c1974]
2019-09-03 20:26:04,060 [SCMBlockDeletingService#0] DEBUG block.SCMBlockDeletingService (SCMBlockDeletingService.java:call(138)) - Running DeletedBlockTransactionScanner
2019-09-03 20:26:04,061 [SCMBlockDeletingService#0] DEBUG block.SCMBlockDeletingService (SCMBlockDeletingService.java:call(155)) - Scanned deleted blocks log and got 0 delTX to process.
2019-09-03 20:26:04,119 [grpc-default-executor-1] INFO  client.GrpcClientProtocolClient (GrpcClientProtocolClient.java:onNext(255)) - client-CB1B8AC74E59->81367453-3bf0-4298-8a83-8d5c3816df16: receive RaftClientReply:client-CB1B8AC74E59->81367453-3bf0-4298-8a83-8d5c3816df16@group-F6EC397515C5, cid=1415, SUCCESS, logIndex=1976, commits[81367453-3bf0-4298-8a83-8d5c3816df16:c1977]
2019-09-03 20:26:04,120 [grpc-default-executor-1] INFO  client.GrpcClientProtocolClient (GrpcClientProtocolClient.java:onNext(255)) - client-CB1B8AC74E59->81367453-3bf0-4298-8a83-8d5c3816df16: receive RaftClientReply:client-CB1B8AC74E59->81367453-3bf0-4298-8a83-8d5c3816df16@group-F6EC397515C5, cid=1416, SUCCESS, logIndex=1977, commits[81367453-3bf0-4298-8a83-8d5c3816df16:c1977]
2019-09-03 20:26:04,145 [grpc-default-executor-1] INFO  client.GrpcClientProtocolClient (GrpcClientProtocolClient.java:onNext(255)) - client-CB1B8AC74E59->81367453-3bf0-4298-8a83-8d5c3816df16: receive RaftClientReply:client-CB1B8AC74E59->81367453-3bf0-4298-8a83-8d5c3816df16@group-F6EC397515C5, cid=1417, SUCCESS, logIndex=1979, commits[81367453-3bf0-4298-8a83-8d5c3816df16:c1980]
2019-09-03 20:26:04,146 [grpc-default-executor-1] INFO  client.GrpcClientProtocolClient (GrpcClientProtocolClient.java:onNext(255)) - client-CB1B8AC74E59->81367453-3bf0-4298-8a83-8d5c3816df16: receive RaftClientReply:client-CB1B8AC74E59->81367453-3bf0-4298-8a83-8d5c3816df16@group-F6EC397515C5, cid=1418, SUCCESS, logIndex=1980, commits[81367453-3bf0-4298-8a83-8d5c3816df16:c1980]
2019-09-03 20:26:04,149 [grpc-default-executor-1] INFO  client.GrpcClientProtocolClient (GrpcClientProtocolClient.java:onNext(255)) - client-CB1B8AC74E59->81367453-3bf0-4298-8a83-8d5c3816df16: receive RaftClientReply:client-CB1B8AC74E59->81367453-3bf0-4298-8a83-8d5c3816df16@group-F6EC397515C5, cid=1419, SUCCESS, logIndex=1981, commits[81367453-3bf0-4298-8a83-8d5c3816df16:c1982]
2019-09-03 20:26:04,150 [grpc-default-executor-1] INFO  client.GrpcClientProtocolClient (GrpcClientProtocolClient.java:onNext(255)) - client-CB1B8AC74E59->81367453-3bf0-4298-8a83-8d5c3816df16: receive RaftClientReply:client-CB1B8AC74E59->81367453-3bf0-4298-8a83-8d5c3816df16@group-F6EC397515C5, cid=1420, SUCCESS, logIndex=1982, commits[81367453-3bf0-4298-8a83-8d5c3816df16:c1982]
2019-09-03 20:26:04,161 [SCMBlockDeletingService#0] DEBUG block.SCMBlockDeletingService (SCMBlockDeletingService.java:call(138)) - Running DeletedBlockTransactionScanner
2019-09-03 20:26:04,161 [SCMBlockDeletingService#0] DEBUG block.SCMBlockDeletingService (SCMBlockDeletingService.java:call(155)) - Scanned deleted blocks log and got 0 delTX to process.
2019-09-03 20:26:04,174 [grpc-default-executor-1] INFO  client.GrpcClientProtocolClient (GrpcClientProtocolClient.java:onNext(255)) - client-CB1B8AC74E59->81367453-3bf0-4298-8a83-8d5c3816df16: receive RaftClientReply:client-CB1B8AC74E59->81367453-3bf0-4298-8a83-8d5c3816df16@group-F6EC397515C5, cid=1421, SUCCESS, logIndex=1985, commits[81367453-3bf0-4298-8a83-8d5c3816df16:c1988]
2019-09-03 20:26:04,175 [grpc-default-executor-1] INFO  client.GrpcClientProtocolClient (GrpcClientProtocolClient.java:onNext(255)) - client-CB1B8AC74E59->81367453-3bf0-4298-8a83-8d5c3816df16: receive RaftClientReply:client-CB1B8AC74E59->81367453-3bf0-4298-8a83-8d5c3816df16@group-F6EC397515C5, cid=1422, SUCCESS, logIndex=1986, commits[81367453-3bf0-4298-8a83-8d5c3816df16:c1988]
2019-09-03 20:26:04,175 [grpc-default-executor-1] INFO  client.GrpcClientProtocolClient (GrpcClientProtocolClient.java:onNext(255)) - client-CB1B8AC74E59->81367453-3bf0-4298-8a83-8d5c3816df16: receive RaftClientReply:client-CB1B8AC74E59->81367453-3bf0-4298-8a83-8d5c3816df16@group-F6EC397515C5, cid=1423, SUCCESS, logIndex=1987, commits[81367453-3bf0-4298-8a83-8d5c3816df16:c1989]
2019-09-03 20:26:04,176 [grpc-default-executor-1] INFO  client.GrpcClientProtocolClient (GrpcClientProtocolClient.java:onNext(255)) - client-CB1B8AC74E59->81367453-3bf0-4298-8a83-8d5c3816df16: receive RaftClientReply:client-CB1B8AC74E59->81367453-3bf0-4298-8a83-8d5c3816df16@group-F6EC397515C5, cid=1424, SUCCESS, logIndex=1988, commits[81367453-3bf0-4298-8a83-8d5c3816df16:c1989]
2019-09-03 20:26:04,205 [grpc-default-executor-2] INFO  client.GrpcClientProtocolClient (GrpcClientProtocolClient.java:onNext(255)) - client-CB1B8AC74E59->81367453-3bf0-4298-8a83-8d5c3816df16: receive RaftClientReply:client-CB1B8AC74E59->81367453-3bf0-4298-8a83-8d5c3816df16@group-F6EC397515C5, cid=1425, SUCCESS, logIndex=1990, commits[81367453-3bf0-4298-8a83-8d5c3816df16:c1991]
2019-09-03 20:26:04,206 [grpc-default-executor-2] INFO  client.GrpcClientProtocolClient (GrpcClientProtocolClient.java:onNext(255)) - client-CB1B8AC74E59->81367453-3bf0-4298-8a83-8d5c3816df16: receive RaftClientReply:client-CB1B8AC74E59->81367453-3bf0-4298-8a83-8d5c3816df16@group-F6EC397515C5, cid=1426, SUCCESS, logIndex=1991, commits[81367453-3bf0-4298-8a83-8d5c3816df16:c1991]
2019-09-03 20:26:04,217 [grpc-default-executor-2] INFO  client.GrpcClientProtocolClient (GrpcClientProtocolClient.java:onNext(255)) - client-CB1B8AC74E59->81367453-3bf0-4298-8a83-8d5c3816df16: receive RaftClientReply:client-CB1B8AC74E59->81367453-3bf0-4298-8a83-8d5c3816df16@group-F6EC397515C5, cid=1427, SUCCESS, logIndex=1992, commits[81367453-3bf0-4298-8a83-8d5c3816df16:c1993]
2019-09-03 20:26:04,218 [grpc-default-executor-2] INFO  client.GrpcClientProtocolClient (GrpcClientProtocolClient.java:onNext(255)) - client-CB1B8AC74E59->81367453-3bf0-4298-8a83-8d5c3816df16: receive RaftClientReply:client-CB1B8AC74E59->81367453-3bf0-4298-8a83-8d5c3816df16@group-F6EC397515C5, cid=1428, SUCCESS, logIndex=1993, commits[81367453-3bf0-4298-8a83-8d5c3816df16:c1993]
2019-09-03 20:26:04,239 [grpc-default-executor-2] INFO  client.GrpcClientProtocolClient (GrpcClientProtocolClient.java:onNext(255)) - client-CB1B8AC74E59->81367453-3bf0-4298-8a83-8d5c3816df16: receive RaftClientReply:client-CB1B8AC74E59->81367453-3bf0-4298-8a83-8d5c3816df16@group-F6EC397515C5, cid=1429, SUCCESS, logIndex=1996, commits[81367453-3bf0-4298-8a83-8d5c3816df16:c1997]
2019-09-03 20:26:04,240 [grpc-default-executor-2] INFO  client.GrpcClientProtocolClient (GrpcClientProtocolClient.java:onNext(255)) - client-CB1B8AC74E59->81367453-3bf0-4298-8a83-8d5c3816df16: receive RaftClientReply:client-CB1B8AC74E59->81367453-3bf0-4298-8a83-8d5c3816df16@group-F6EC397515C5, cid=1430, SUCCESS, logIndex=1997, commits[81367453-3bf0-4298-8a83-8d5c3816df16:c1997]
2019-09-03 20:26:04,247 [grpc-default-executor-2] INFO  client.GrpcClientProtocolClient (GrpcClientProtocolClient.java:onNext(255)) - client-CB1B8AC74E59->81367453-3bf0-4298-8a83-8d5c3816df16: receive RaftClientReply:client-CB1B8AC74E59->81367453-3bf0-4298-8a83-8d5c3816df16@group-F6EC397515C5, cid=1431, SUCCESS, logIndex=1998, commits[81367453-3bf0-4298-8a83-8d5c3816df16:c1999]
2019-09-03 20:26:04,248 [grpc-default-executor-2] INFO  client.GrpcClientProtocolClient (GrpcClientProtocolClient.java:onNext(255)) - client-CB1B8AC74E59->81367453-3bf0-4298-8a83-8d5c3816df16: receive RaftClientReply:client-CB1B8AC74E59->81367453-3bf0-4298-8a83-8d5c3816df16@group-F6EC397515C5, cid=1432, SUCCESS, logIndex=1999, commits[81367453-3bf0-4298-8a83-8d5c3816df16:c1999]
2019-09-03 20:26:04,262 [SCMBlockDeletingService#0] DEBUG block.SCMBlockDeletingService (SCMBlockDeletingService.java:call(138)) - Running DeletedBlockTransactionScanner
2019-09-03 20:26:04,262 [SCMBlockDeletingService#0] DEBUG block.SCMBlockDeletingService (SCMBlockDeletingService.java:call(155)) - Scanned deleted blocks log and got 0 delTX to process.
2019-09-03 20:26:04,273 [grpc-default-executor-2] INFO  client.GrpcClientProtocolClient (GrpcClientProtocolClient.java:onNext(255)) - client-CB1B8AC74E59->81367453-3bf0-4298-8a83-8d5c3816df16: receive RaftClientReply:client-CB1B8AC74E59->81367453-3bf0-4298-8a83-8d5c3816df16@group-F6EC397515C5, cid=1433, SUCCESS, logIndex=2002, commits[81367453-3bf0-4298-8a83-8d5c3816df16:c2003]
2019-09-03 20:26:04,274 [grpc-default-executor-2] INFO  client.GrpcClientProtocolClient (GrpcClientProtocolClient.java:onNext(255)) - client-CB1B8AC74E59->81367453-3bf0-4298-8a83-8d5c3816df16: receive RaftClientReply:client-CB1B8AC74E59->81367453-3bf0-4298-8a83-8d5c3816df16@group-F6EC397515C5, cid=1434, SUCCESS, logIndex=2003, commits[81367453-3bf0-4298-8a83-8d5c3816df16:c2003]
2019-09-03 20:26:04,274 [grpc-default-executor-2] INFO  client.GrpcClientProtocolClient (GrpcClientProtocolClient.java:onNext(255)) - client-CB1B8AC74E59->81367453-3bf0-4298-8a83-8d5c3816df16: receive RaftClientReply:client-CB1B8AC74E59->81367453-3bf0-4298-8a83-8d5c3816df16@group-F6EC397515C5, cid=1435, SUCCESS, logIndex=2004, commits[81367453-3bf0-4298-8a83-8d5c3816df16:c2005]
2019-09-03 20:26:04,274 [grpc-default-executor-2] INFO  client.GrpcClientProtocolClient (GrpcClientProtocolClient.java:onNext(255)) - client-CB1B8AC74E59->81367453-3bf0-4298-8a83-8d5c3816df16: receive RaftClientReply:client-CB1B8AC74E59->81367453-3bf0-4298-8a83-8d5c3816df16@group-F6EC397515C5, cid=1436, SUCCESS, logIndex=2005, commits[81367453-3bf0-4298-8a83-8d5c3816df16:c2005]
2019-09-03 20:26:04,294 [grpc-default-executor-1] INFO  client.GrpcClientProtocolClient (GrpcClientProtocolClient.java:onNext(255)) - client-CB1B8AC74E59->81367453-3bf0-4298-8a83-8d5c3816df16: receive RaftClientReply:client-CB1B8AC74E59->81367453-3bf0-4298-8a83-8d5c3816df16@group-F6EC397515C5, cid=1437, SUCCESS, logIndex=2008, commits[81367453-3bf0-4298-8a83-8d5c3816df16:c2011]
2019-09-03 20:26:04,294 [grpc-default-executor-1] INFO  client.GrpcClientProtocolClient (GrpcClientProtocolClient.java:onNext(255)) - client-CB1B8AC74E59->81367453-3bf0-4298-8a83-8d5c3816df16: receive RaftClientReply:client-CB1B8AC74E59->81367453-3bf0-4298-8a83-8d5c3816df16@group-F6EC397515C5, cid=1438, SUCCESS, logIndex=2009, commits[81367453-3bf0-4298-8a83-8d5c3816df16:c2011]
2019-09-03 20:26:04,295 [grpc-default-executor-1] INFO  client.GrpcClientProtocolClient (GrpcClientProtocolClient.java:onNext(255)) - client-CB1B8AC74E59->81367453-3bf0-4298-8a83-8d5c3816df16: receive RaftClientReply:client-CB1B8AC74E59->81367453-3bf0-4298-8a83-8d5c3816df16@group-F6EC397515C5, cid=1439, SUCCESS, logIndex=2010, commits[81367453-3bf0-4298-8a83-8d5c3816df16:c2011]
2019-09-03 20:26:04,295 [grpc-default-executor-1] INFO  client.GrpcClientProtocolClient (GrpcClientProtocolClient.java:onNext(255)) - client-CB1B8AC74E59->81367453-3bf0-4298-8a83-8d5c3816df16: receive RaftClientReply:client-CB1B8AC74E59->81367453-3bf0-4298-8a83-8d5c3816df16@group-F6EC397515C5, cid=1440, SUCCESS, logIndex=2011, commits[81367453-3bf0-4298-8a83-8d5c3816df16:c2011]
2019-09-03 20:26:04,328 [grpc-default-executor-1] INFO  client.GrpcClientProtocolClient (GrpcClientProtocolClient.java:onNext(255)) - client-CB1B8AC74E59->81367453-3bf0-4298-8a83-8d5c3816df16: receive RaftClientReply:client-CB1B8AC74E59->81367453-3bf0-4298-8a83-8d5c3816df16@group-F6EC397515C5, cid=1441, SUCCESS, logIndex=2013, commits[81367453-3bf0-4298-8a83-8d5c3816df16:c2014]
2019-09-03 20:26:04,328 [grpc-default-executor-1] INFO  client.GrpcClientProtocolClient (GrpcClientProtocolClient.java:onNext(255)) - client-CB1B8AC74E59->81367453-3bf0-4298-8a83-8d5c3816df16: receive RaftClientReply:client-CB1B8AC74E59->81367453-3bf0-4298-8a83-8d5c3816df16@group-F6EC397515C5, cid=1442, SUCCESS, logIndex=2014, commits[81367453-3bf0-4298-8a83-8d5c3816df16:c2014]
2019-09-03 20:26:04,335 [grpc-default-executor-1] INFO  client.GrpcClientProtocolClient (GrpcClientProtocolClient.java:onNext(255)) - client-CB1B8AC74E59->81367453-3bf0-4298-8a83-8d5c3816df16: receive RaftClientReply:client-CB1B8AC74E59->81367453-3bf0-4298-8a83-8d5c3816df16@group-F6EC397515C5, cid=1443, SUCCESS, logIndex=2015, commits[81367453-3bf0-4298-8a83-8d5c3816df16:c2016]
2019-09-03 20:26:04,335 [grpc-default-executor-1] INFO  client.GrpcClientProtocolClient (GrpcClientProtocolClient.java:onNext(255)) - client-CB1B8AC74E59->81367453-3bf0-4298-8a83-8d5c3816df16: receive RaftClientReply:client-CB1B8AC74E59->81367453-3bf0-4298-8a83-8d5c3816df16@group-F6EC397515C5, cid=1444, SUCCESS, logIndex=2016, commits[81367453-3bf0-4298-8a83-8d5c3816df16:c2016]
2019-09-03 20:26:04,356 [grpc-default-executor-2] INFO  client.GrpcClientProtocolClient (GrpcClientProtocolClient.java:onNext(255)) - client-CB1B8AC74E59->81367453-3bf0-4298-8a83-8d5c3816df16: receive RaftClientReply:client-CB1B8AC74E59->81367453-3bf0-4298-8a83-8d5c3816df16@group-F6EC397515C5, cid=1445, SUCCESS, logIndex=2019, commits[81367453-3bf0-4298-8a83-8d5c3816df16:c2020]
2019-09-03 20:26:04,356 [grpc-default-executor-2] INFO  client.GrpcClientProtocolClient (GrpcClientProtocolClient.java:onNext(255)) - client-CB1B8AC74E59->81367453-3bf0-4298-8a83-8d5c3816df16: receive RaftClientReply:client-CB1B8AC74E59->81367453-3bf0-4298-8a83-8d5c3816df16@group-F6EC397515C5, cid=1446, SUCCESS, logIndex=2020, commits[81367453-3bf0-4298-8a83-8d5c3816df16:c2020]
2019-09-03 20:26:04,357 [grpc-default-executor-2] INFO  client.GrpcClientProtocolClient (GrpcClientProtocolClient.java:onNext(255)) - client-CB1B8AC74E59->81367453-3bf0-4298-8a83-8d5c3816df16: receive RaftClientReply:client-CB1B8AC74E59->81367453-3bf0-4298-8a83-8d5c3816df16@group-F6EC397515C5, cid=1447, SUCCESS, logIndex=2021, commits[81367453-3bf0-4298-8a83-8d5c3816df16:c2022]
2019-09-03 20:26:04,357 [grpc-default-executor-2] INFO  client.GrpcClientProtocolClient (GrpcClientProtocolClient.java:onNext(255)) - client-CB1B8AC74E59->81367453-3bf0-4298-8a83-8d5c3816df16: receive RaftClientReply:client-CB1B8AC74E59->81367453-3bf0-4298-8a83-8d5c3816df16@group-F6EC397515C5, cid=1448, SUCCESS, logIndex=2022, commits[81367453-3bf0-4298-8a83-8d5c3816df16:c2022]
2019-09-03 20:26:04,453 [SCMBlockDeletingService#0] DEBUG block.SCMBlockDeletingService (SCMBlockDeletingService.java:call(138)) - Running DeletedBlockTransactionScanner
2019-09-03 20:26:04,453 [SCMBlockDeletingService#0] DEBUG block.SCMBlockDeletingService (SCMBlockDeletingService.java:call(155)) - Scanned deleted blocks log and got 0 delTX to process.
2019-09-03 20:26:04,479 [grpc-default-executor-2] INFO  client.GrpcClientProtocolClient (GrpcClientProtocolClient.java:onNext(255)) - client-CB1B8AC74E59->81367453-3bf0-4298-8a83-8d5c3816df16: receive RaftClientReply:client-CB1B8AC74E59->81367453-3bf0-4298-8a83-8d5c3816df16@group-F6EC397515C5, cid=1449, SUCCESS, logIndex=2025, commits[81367453-3bf0-4298-8a83-8d5c3816df16:c2026]
2019-09-03 20:26:04,480 [grpc-default-executor-2] INFO  client.GrpcClientProtocolClient (GrpcClientProtocolClient.java:onNext(255)) - client-CB1B8AC74E59->81367453-3bf0-4298-8a83-8d5c3816df16: receive RaftClientReply:client-CB1B8AC74E59->81367453-3bf0-4298-8a83-8d5c3816df16@group-F6EC397515C5, cid=1450, SUCCESS, logIndex=2026, commits[81367453-3bf0-4298-8a83-8d5c3816df16:c2026]
2019-09-03 20:26:04,487 [grpc-default-executor-2] INFO  client.GrpcClientProtocolClient (GrpcClientProtocolClient.java:onNext(255)) - client-CB1B8AC74E59->81367453-3bf0-4298-8a83-8d5c3816df16: receive RaftClientReply:client-CB1B8AC74E59->81367453-3bf0-4298-8a83-8d5c3816df16@group-F6EC397515C5, cid=1451, SUCCESS, logIndex=2027, commits[81367453-3bf0-4298-8a83-8d5c3816df16:c2028]
2019-09-03 20:26:04,487 [grpc-default-executor-2] INFO  client.GrpcClientProtocolClient (GrpcClientProtocolClient.java:onNext(255)) - client-CB1B8AC74E59->81367453-3bf0-4298-8a83-8d5c3816df16: receive RaftClientReply:client-CB1B8AC74E59->81367453-3bf0-4298-8a83-8d5c3816df16@group-F6EC397515C5, cid=1452, SUCCESS, logIndex=2028, commits[81367453-3bf0-4298-8a83-8d5c3816df16:c2028]
2019-09-03 20:26:04,503 [grpc-default-executor-2] INFO  client.GrpcClientProtocolClient (GrpcClientProtocolClient.java:onNext(255)) - client-CB1B8AC74E59->81367453-3bf0-4298-8a83-8d5c3816df16: receive RaftClientReply:client-CB1B8AC74E59->81367453-3bf0-4298-8a83-8d5c3816df16@group-F6EC397515C5, cid=1453, SUCCESS, logIndex=2031, commits[81367453-3bf0-4298-8a83-8d5c3816df16:c2032]
2019-09-03 20:26:04,504 [grpc-default-executor-2] INFO  client.GrpcClientProtocolClient (GrpcClientProtocolClient.java:onNext(255)) - client-CB1B8AC74E59->81367453-3bf0-4298-8a83-8d5c3816df16: receive RaftClientReply:client-CB1B8AC74E59->81367453-3bf0-4298-8a83-8d5c3816df16@group-F6EC397515C5, cid=1454, SUCCESS, logIndex=2032, commits[81367453-3bf0-4298-8a83-8d5c3816df16:c2032]
2019-09-03 20:26:04,508 [grpc-default-executor-2] INFO  client.GrpcClientProtocolClient (GrpcClientProtocolClient.java:onNext(255)) - client-CB1B8AC74E59->81367453-3bf0-4298-8a83-8d5c3816df16: receive RaftClientReply:client-CB1B8AC74E59->81367453-3bf0-4298-8a83-8d5c3816df16@group-F6EC397515C5, cid=1455, SUCCESS, logIndex=2033, commits[81367453-3bf0-4298-8a83-8d5c3816df16:c2034]
2019-09-03 20:26:04,508 [grpc-default-executor-2] INFO  client.GrpcClientProtocolClient (GrpcClientProtocolClient.java:onNext(255)) - client-CB1B8AC74E59->81367453-3bf0-4298-8a83-8d5c3816df16: receive RaftClientReply:client-CB1B8AC74E59->81367453-3bf0-4298-8a83-8d5c3816df16@group-F6EC397515C5, cid=1456, SUCCESS, logIndex=2034, commits[81367453-3bf0-4298-8a83-8d5c3816df16:c2034]
2019-09-03 20:26:04,535 [grpc-default-executor-1] INFO  client.GrpcClientProtocolClient (GrpcClientProtocolClient.java:onNext(255)) - client-CB1B8AC74E59->81367453-3bf0-4298-8a83-8d5c3816df16: receive RaftClientReply:client-CB1B8AC74E59->81367453-3bf0-4298-8a83-8d5c3816df16@group-F6EC397515C5, cid=1457, SUCCESS, logIndex=2037, commits[81367453-3bf0-4298-8a83-8d5c3816df16:c2038]
2019-09-03 20:26:04,536 [grpc-default-executor-1] INFO  client.GrpcClientProtocolClient (GrpcClientProtocolClient.java:onNext(255)) - client-CB1B8AC74E59->81367453-3bf0-4298-8a83-8d5c3816df16: receive RaftClientReply:client-CB1B8AC74E59->81367453-3bf0-4298-8a83-8d5c3816df16@group-F6EC397515C5, cid=1458, SUCCESS, logIndex=2038, commits[81367453-3bf0-4298-8a83-8d5c3816df16:c2038]
2019-09-03 20:26:04,554 [SCMBlockDeletingService#0] DEBUG block.SCMBlockDeletingService (SCMBlockDeletingService.java:call(138)) - Running DeletedBlockTransactionScanner
2019-09-03 20:26:04,554 [SCMBlockDeletingService#0] DEBUG block.SCMBlockDeletingService (SCMBlockDeletingService.java:call(155)) - Scanned deleted blocks log and got 0 delTX to process.
2019-09-03 20:26:04,654 [SCMBlockDeletingService#0] DEBUG block.SCMBlockDeletingService (SCMBlockDeletingService.java:call(138)) - Running DeletedBlockTransactionScanner
2019-09-03 20:26:04,655 [SCMBlockDeletingService#0] DEBUG block.SCMBlockDeletingService (SCMBlockDeletingService.java:call(155)) - Scanned deleted blocks log and got 0 delTX to process.
2019-09-03 20:26:04,674 [grpc-default-executor-2] INFO  client.GrpcClientProtocolClient (GrpcClientProtocolClient.java:onNext(255)) - client-CB1B8AC74E59->81367453-3bf0-4298-8a83-8d5c3816df16: receive RaftClientReply:client-CB1B8AC74E59->81367453-3bf0-4298-8a83-8d5c3816df16@group-F6EC397515C5, cid=1459, SUCCESS, logIndex=2040, commits[81367453-3bf0-4298-8a83-8d5c3816df16:c2041]
2019-09-03 20:26:04,674 [grpc-default-executor-2] INFO  client.GrpcClientProtocolClient (GrpcClientProtocolClient.java:onNext(255)) - client-CB1B8AC74E59->81367453-3bf0-4298-8a83-8d5c3816df16: receive RaftClientReply:client-CB1B8AC74E59->81367453-3bf0-4298-8a83-8d5c3816df16@group-F6EC397515C5, cid=1460, SUCCESS, logIndex=2041, commits[81367453-3bf0-4298-8a83-8d5c3816df16:c2041]
2019-09-03 20:26:04,689 [grpc-default-executor-2] INFO  client.GrpcClientProtocolClient (GrpcClientProtocolClient.java:onNext(255)) - client-CB1B8AC74E59->81367453-3bf0-4298-8a83-8d5c3816df16: receive RaftClientReply:client-CB1B8AC74E59->81367453-3bf0-4298-8a83-8d5c3816df16@group-F6EC397515C5, cid=1461, SUCCESS, logIndex=2043, commits[81367453-3bf0-4298-8a83-8d5c3816df16:c2046]
2019-09-03 20:26:04,689 [grpc-default-executor-2] INFO  client.GrpcClientProtocolClient (GrpcClientProtocolClient.java:onNext(255)) - client-CB1B8AC74E59->81367453-3bf0-4298-8a83-8d5c3816df16: receive RaftClientReply:client-CB1B8AC74E59->81367453-3bf0-4298-8a83-8d5c3816df16@group-F6EC397515C5, cid=1462, SUCCESS, logIndex=2044, commits[81367453-3bf0-4298-8a83-8d5c3816df16:c2046]
2019-09-03 20:26:04,690 [grpc-default-executor-2] INFO  client.GrpcClientProtocolClient (GrpcClientProtocolClient.java:onNext(255)) - client-CB1B8AC74E59->81367453-3bf0-4298-8a83-8d5c3816df16: receive RaftClientReply:client-CB1B8AC74E59->81367453-3bf0-4298-8a83-8d5c3816df16@group-F6EC397515C5, cid=1463, SUCCESS, logIndex=2045, commits[81367453-3bf0-4298-8a83-8d5c3816df16:c2046]
2019-09-03 20:26:04,690 [grpc-default-executor-2] INFO  client.GrpcClientProtocolClient (GrpcClientProtocolClient.java:onNext(255)) - client-CB1B8AC74E59->81367453-3bf0-4298-8a83-8d5c3816df16: receive RaftClientReply:client-CB1B8AC74E59->81367453-3bf0-4298-8a83-8d5c3816df16@group-F6EC397515C5, cid=1464, SUCCESS, logIndex=2046, commits[81367453-3bf0-4298-8a83-8d5c3816df16:c2046]
2019-09-03 20:26:04,740 [grpc-default-executor-2] INFO  client.GrpcClientProtocolClient (GrpcClientProtocolClient.java:onNext(255)) - client-CB1B8AC74E59->81367453-3bf0-4298-8a83-8d5c3816df16: receive RaftClientReply:client-CB1B8AC74E59->81367453-3bf0-4298-8a83-8d5c3816df16@group-F6EC397515C5, cid=1465, SUCCESS, logIndex=2048, commits[81367453-3bf0-4298-8a83-8d5c3816df16:c2051]
2019-09-03 20:26:04,741 [grpc-default-executor-2] INFO  client.GrpcClientProtocolClient (GrpcClientProtocolClient.java:onNext(255)) - client-CB1B8AC74E59->81367453-3bf0-4298-8a83-8d5c3816df16: receive RaftClientReply:client-CB1B8AC74E59->81367453-3bf0-4298-8a83-8d5c3816df16@group-F6EC397515C5, cid=1466, SUCCESS, logIndex=2049, commits[81367453-3bf0-4298-8a83-8d5c3816df16:c2051]
2019-09-03 20:26:04,741 [grpc-default-executor-2] INFO  client.GrpcClientProtocolClient (GrpcClientProtocolClient.java:onNext(255)) - client-CB1B8AC74E59->81367453-3bf0-4298-8a83-8d5c3816df16: receive RaftClientReply:client-CB1B8AC74E59->81367453-3bf0-4298-8a83-8d5c3816df16@group-F6EC397515C5, cid=1467, SUCCESS, logIndex=2050, commits[81367453-3bf0-4298-8a83-8d5c3816df16:c2051]
2019-09-03 20:26:04,742 [grpc-default-executor-2] INFO  client.GrpcClientProtocolClient (GrpcClientProtocolClient.java:onNext(255)) - client-CB1B8AC74E59->81367453-3bf0-4298-8a83-8d5c3816df16: receive RaftClientReply:client-CB1B8AC74E59->81367453-3bf0-4298-8a83-8d5c3816df16@group-F6EC397515C5, cid=1468, SUCCESS, logIndex=2051, commits[81367453-3bf0-4298-8a83-8d5c3816df16:c2051]
2019-09-03 20:26:04,755 [SCMBlockDeletingService#0] DEBUG block.SCMBlockDeletingService (SCMBlockDeletingService.java:call(138)) - Running DeletedBlockTransactionScanner
2019-09-03 20:26:04,756 [SCMBlockDeletingService#0] DEBUG block.SCMBlockDeletingService (SCMBlockDeletingService.java:call(155)) - Scanned deleted blocks log and got 0 delTX to process.
2019-09-03 20:26:04,757 [grpc-default-executor-2] INFO  client.GrpcClientProtocolClient (GrpcClientProtocolClient.java:onNext(255)) - client-CB1B8AC74E59->81367453-3bf0-4298-8a83-8d5c3816df16: receive RaftClientReply:client-CB1B8AC74E59->81367453-3bf0-4298-8a83-8d5c3816df16@group-F6EC397515C5, cid=1469, SUCCESS, logIndex=2053, commits[81367453-3bf0-4298-8a83-8d5c3816df16:c2054]
2019-09-03 20:26:04,757 [grpc-default-executor-2] INFO  client.GrpcClientProtocolClient (GrpcClientProtocolClient.java:onNext(255)) - client-CB1B8AC74E59->81367453-3bf0-4298-8a83-8d5c3816df16: receive RaftClientReply:client-CB1B8AC74E59->81367453-3bf0-4298-8a83-8d5c3816df16@group-F6EC397515C5, cid=1470, SUCCESS, logIndex=2054, commits[81367453-3bf0-4298-8a83-8d5c3816df16:c2054]
2019-09-03 20:26:04,765 [grpc-default-executor-2] INFO  client.GrpcClientProtocolClient (GrpcClientProtocolClient.java:onNext(255)) - client-CB1B8AC74E59->81367453-3bf0-4298-8a83-8d5c3816df16: receive RaftClientReply:client-CB1B8AC74E59->81367453-3bf0-4298-8a83-8d5c3816df16@group-F6EC397515C5, cid=1471, SUCCESS, logIndex=2055, commits[81367453-3bf0-4298-8a83-8d5c3816df16:c2056]
2019-09-03 20:26:04,765 [grpc-default-executor-2] INFO  client.GrpcClientProtocolClient (GrpcClientProtocolClient.java:onNext(255)) - client-CB1B8AC74E59->81367453-3bf0-4298-8a83-8d5c3816df16: receive RaftClientReply:client-CB1B8AC74E59->81367453-3bf0-4298-8a83-8d5c3816df16@group-F6EC397515C5, cid=1472, SUCCESS, logIndex=2056, commits[81367453-3bf0-4298-8a83-8d5c3816df16:c2056]
2019-09-03 20:26:04,795 [grpc-default-executor-2] INFO  client.GrpcClientProtocolClient (GrpcClientProtocolClient.java:onNext(255)) - client-CB1B8AC74E59->81367453-3bf0-4298-8a83-8d5c3816df16: receive RaftClientReply:client-CB1B8AC74E59->81367453-3bf0-4298-8a83-8d5c3816df16@group-F6EC397515C5, cid=1473, SUCCESS, logIndex=2059, commits[81367453-3bf0-4298-8a83-8d5c3816df16:c2062]
2019-09-03 20:26:04,796 [grpc-default-executor-2] INFO  client.GrpcClientProtocolClient (GrpcClientProtocolClient.java:onNext(255)) - client-CB1B8AC74E59->81367453-3bf0-4298-8a83-8d5c3816df16: receive RaftClientReply:client-CB1B8AC74E59->81367453-3bf0-4298-8a83-8d5c3816df16@group-F6EC397515C5, cid=1474, SUCCESS, logIndex=2060, commits[81367453-3bf0-4298-8a83-8d5c3816df16:c2062]
2019-09-03 20:26:04,797 [grpc-default-executor-2] INFO  client.GrpcClientProtocolClient (GrpcClientProtocolClient.java:onNext(255)) - client-CB1B8AC74E59->81367453-3bf0-4298-8a83-8d5c3816df16: receive RaftClientReply:client-CB1B8AC74E59->81367453-3bf0-4298-8a83-8d5c3816df16@group-F6EC397515C5, cid=1475, SUCCESS, logIndex=2061, commits[81367453-3bf0-4298-8a83-8d5c3816df16:c2062]
2019-09-03 20:26:04,797 [grpc-default-executor-2] INFO  client.GrpcClientProtocolClient (GrpcClientProtocolClient.java:onNext(255)) - client-CB1B8AC74E59->81367453-3bf0-4298-8a83-8d5c3816df16: receive RaftClientReply:client-CB1B8AC74E59->81367453-3bf0-4298-8a83-8d5c3816df16@group-F6EC397515C5, cid=1476, SUCCESS, logIndex=2062, commits[81367453-3bf0-4298-8a83-8d5c3816df16:c2062]
2019-09-03 20:26:04,816 [grpc-default-executor-2] INFO  client.GrpcClientProtocolClient (GrpcClientProtocolClient.java:onNext(255)) - client-CB1B8AC74E59->81367453-3bf0-4298-8a83-8d5c3816df16: receive RaftClientReply:client-CB1B8AC74E59->81367453-3bf0-4298-8a83-8d5c3816df16@group-F6EC397515C5, cid=1477, SUCCESS, logIndex=2064, commits[81367453-3bf0-4298-8a83-8d5c3816df16:c2065]
2019-09-03 20:26:04,816 [grpc-default-executor-2] INFO  client.GrpcClientProtocolClient (GrpcClientProtocolClient.java:onNext(255)) - client-CB1B8AC74E59->81367453-3bf0-4298-8a83-8d5c3816df16: receive RaftClientReply:client-CB1B8AC74E59->81367453-3bf0-4298-8a83-8d5c3816df16@group-F6EC397515C5, cid=1478, SUCCESS, logIndex=2065, commits[81367453-3bf0-4298-8a83-8d5c3816df16:c2065]
2019-09-03 20:26:04,823 [grpc-default-executor-2] INFO  client.GrpcClientProtocolClient (GrpcClientProtocolClient.java:onNext(255)) - client-CB1B8AC74E59->81367453-3bf0-4298-8a83-8d5c3816df16: receive RaftClientReply:client-CB1B8AC74E59->81367453-3bf0-4298-8a83-8d5c3816df16@group-F6EC397515C5, cid=1479, SUCCESS, logIndex=2066, commits[81367453-3bf0-4298-8a83-8d5c3816df16:c2067]
2019-09-03 20:26:04,823 [grpc-default-executor-2] INFO  client.GrpcClientProtocolClient (GrpcClientProtocolClient.java:onNext(255)) - client-CB1B8AC74E59->81367453-3bf0-4298-8a83-8d5c3816df16: receive RaftClientReply:client-CB1B8AC74E59->81367453-3bf0-4298-8a83-8d5c3816df16@group-F6EC397515C5, cid=1480, SUCCESS, logIndex=2067, commits[81367453-3bf0-4298-8a83-8d5c3816df16:c2067]
2019-09-03 20:26:04,848 [grpc-default-executor-2] INFO  client.GrpcClientProtocolClient (GrpcClientProtocolClient.java:onNext(255)) - client-CB1B8AC74E59->81367453-3bf0-4298-8a83-8d5c3816df16: receive RaftClientReply:client-CB1B8AC74E59->81367453-3bf0-4298-8a83-8d5c3816df16@group-F6EC397515C5, cid=1481, SUCCESS, logIndex=2070, commits[81367453-3bf0-4298-8a83-8d5c3816df16:c2073]
2019-09-03 20:26:04,849 [grpc-default-executor-2] INFO  client.GrpcClientProtocolClient (GrpcClientProtocolClient.java:onNext(255)) - client-CB1B8AC74E59->81367453-3bf0-4298-8a83-8d5c3816df16: receive RaftClientReply:client-CB1B8AC74E59->81367453-3bf0-4298-8a83-8d5c3816df16@group-F6EC397515C5, cid=1482, SUCCESS, logIndex=2071, commits[81367453-3bf0-4298-8a83-8d5c3816df16:c2073]
2019-09-03 20:26:04,849 [grpc-default-executor-2] INFO  client.GrpcClientProtocolClient (GrpcClientProtocolClient.java:onNext(255)) - client-CB1B8AC74E59->81367453-3bf0-4298-8a83-8d5c3816df16: receive RaftClientReply:client-CB1B8AC74E59->81367453-3bf0-4298-8a83-8d5c3816df16@group-F6EC397515C5, cid=1483, SUCCESS, logIndex=2072, commits[81367453-3bf0-4298-8a83-8d5c3816df16:c2073]
2019-09-03 20:26:04,849 [grpc-default-executor-2] INFO  client.GrpcClientProtocolClient (GrpcClientProtocolClient.java:onNext(255)) - client-CB1B8AC74E59->81367453-3bf0-4298-8a83-8d5c3816df16: receive RaftClientReply:client-CB1B8AC74E59->81367453-3bf0-4298-8a83-8d5c3816df16@group-F6EC397515C5, cid=1484, SUCCESS, logIndex=2073, commits[81367453-3bf0-4298-8a83-8d5c3816df16:c2073]
2019-09-03 20:26:04,856 [SCMBlockDeletingService#0] DEBUG block.SCMBlockDeletingService (SCMBlockDeletingService.java:call(138)) - Running DeletedBlockTransactionScanner
2019-09-03 20:26:04,856 [SCMBlockDeletingService#0] DEBUG block.SCMBlockDeletingService (SCMBlockDeletingService.java:call(155)) - Scanned deleted blocks log and got 0 delTX to process.
2019-09-03 20:26:04,864 [grpc-default-executor-2] INFO  client.GrpcClientProtocolClient (GrpcClientProtocolClient.java:onNext(255)) - client-CB1B8AC74E59->81367453-3bf0-4298-8a83-8d5c3816df16: receive RaftClientReply:client-CB1B8AC74E59->81367453-3bf0-4298-8a83-8d5c3816df16@group-F6EC397515C5, cid=1485, SUCCESS, logIndex=2075, commits[81367453-3bf0-4298-8a83-8d5c3816df16:c2076]
2019-09-03 20:26:04,864 [grpc-default-executor-2] INFO  client.GrpcClientProtocolClient (GrpcClientProtocolClient.java:onNext(255)) - client-CB1B8AC74E59->81367453-3bf0-4298-8a83-8d5c3816df16: receive RaftClientReply:client-CB1B8AC74E59->81367453-3bf0-4298-8a83-8d5c3816df16@group-F6EC397515C5, cid=1486, SUCCESS, logIndex=2076, commits[81367453-3bf0-4298-8a83-8d5c3816df16:c2076]
2019-09-03 20:26:04,872 [grpc-default-executor-2] INFO  client.GrpcClientProtocolClient (GrpcClientProtocolClient.java:onNext(255)) - client-CB1B8AC74E59->81367453-3bf0-4298-8a83-8d5c3816df16: receive RaftClientReply:client-CB1B8AC74E59->81367453-3bf0-4298-8a83-8d5c3816df16@group-F6EC397515C5, cid=1487, SUCCESS, logIndex=2077, commits[81367453-3bf0-4298-8a83-8d5c3816df16:c2078]
2019-09-03 20:26:04,872 [grpc-default-executor-2] INFO  client.GrpcClientProtocolClient (GrpcClientProtocolClient.java:onNext(255)) - client-CB1B8AC74E59->81367453-3bf0-4298-8a83-8d5c3816df16: receive RaftClientReply:client-CB1B8AC74E59->81367453-3bf0-4298-8a83-8d5c3816df16@group-F6EC397515C5, cid=1488, SUCCESS, logIndex=2078, commits[81367453-3bf0-4298-8a83-8d5c3816df16:c2078]
2019-09-03 20:26:04,902 [grpc-default-executor-1] INFO  client.GrpcClientProtocolClient (GrpcClientProtocolClient.java:onNext(255)) - client-CB1B8AC74E59->81367453-3bf0-4298-8a83-8d5c3816df16: receive RaftClientReply:client-CB1B8AC74E59->81367453-3bf0-4298-8a83-8d5c3816df16@group-F6EC397515C5, cid=1489, SUCCESS, logIndex=2081, commits[81367453-3bf0-4298-8a83-8d5c3816df16:c2082]
2019-09-03 20:26:04,903 [grpc-default-executor-1] INFO  client.GrpcClientProtocolClient (GrpcClientProtocolClient.java:onNext(255)) - client-CB1B8AC74E59->81367453-3bf0-4298-8a83-8d5c3816df16: receive RaftClientReply:client-CB1B8AC74E59->81367453-3bf0-4298-8a83-8d5c3816df16@group-F6EC397515C5, cid=1490, SUCCESS, logIndex=2082, commits[81367453-3bf0-4298-8a83-8d5c3816df16:c2082]
2019-09-03 20:26:04,916 [grpc-default-executor-1] INFO  client.GrpcClientProtocolClient (GrpcClientProtocolClient.java:onNext(255)) - client-CB1B8AC74E59->81367453-3bf0-4298-8a83-8d5c3816df16: receive RaftClientReply:client-CB1B8AC74E59->81367453-3bf0-4298-8a83-8d5c3816df16@group-F6EC397515C5, cid=1491, SUCCESS, logIndex=2083, commits[81367453-3bf0-4298-8a83-8d5c3816df16:c2084]
2019-09-03 20:26:04,916 [grpc-default-executor-1] INFO  client.GrpcClientProtocolClient (GrpcClientProtocolClient.java:onNext(255)) - client-CB1B8AC74E59->81367453-3bf0-4298-8a83-8d5c3816df16: receive RaftClientReply:client-CB1B8AC74E59->81367453-3bf0-4298-8a83-8d5c3816df16@group-F6EC397515C5, cid=1492, SUCCESS, logIndex=2084, commits[81367453-3bf0-4298-8a83-8d5c3816df16:c2084]
2019-09-03 20:26:04,929 [grpc-default-executor-1] INFO  client.GrpcClientProtocolClient (GrpcClientProtocolClient.java:onNext(255)) - client-CB1B8AC74E59->81367453-3bf0-4298-8a83-8d5c3816df16: receive RaftClientReply:client-CB1B8AC74E59->81367453-3bf0-4298-8a83-8d5c3816df16@group-F6EC397515C5, cid=1493, SUCCESS, logIndex=2087, commits[81367453-3bf0-4298-8a83-8d5c3816df16:c2088]
2019-09-03 20:26:04,930 [grpc-default-executor-1] INFO  client.GrpcClientProtocolClient (GrpcClientProtocolClient.java:onNext(255)) - client-CB1B8AC74E59->81367453-3bf0-4298-8a83-8d5c3816df16: receive RaftClientReply:client-CB1B8AC74E59->81367453-3bf0-4298-8a83-8d5c3816df16@group-F6EC397515C5, cid=1494, SUCCESS, logIndex=2088, commits[81367453-3bf0-4298-8a83-8d5c3816df16:c2088]
2019-09-03 20:26:04,949 [grpc-default-executor-1] INFO  client.GrpcClientProtocolClient (GrpcClientProtocolClient.java:onNext(255)) - client-CB1B8AC74E59->81367453-3bf0-4298-8a83-8d5c3816df16: receive RaftClientReply:client-CB1B8AC74E59->81367453-3bf0-4298-8a83-8d5c3816df16@group-F6EC397515C5, cid=1495, SUCCESS, logIndex=2089, commits[81367453-3bf0-4298-8a83-8d5c3816df16:c2090]
2019-09-03 20:26:04,950 [grpc-default-executor-1] INFO  client.GrpcClientProtocolClient (GrpcClientProtocolClient.java:onNext(255)) - client-CB1B8AC74E59->81367453-3bf0-4298-8a83-8d5c3816df16: receive RaftClientReply:client-CB1B8AC74E59->81367453-3bf0-4298-8a83-8d5c3816df16@group-F6EC397515C5, cid=1496, SUCCESS, logIndex=2090, commits[81367453-3bf0-4298-8a83-8d5c3816df16:c2090]
2019-09-03 20:26:04,957 [SCMBlockDeletingService#0] DEBUG block.SCMBlockDeletingService (SCMBlockDeletingService.java:call(138)) - Running DeletedBlockTransactionScanner
2019-09-03 20:26:04,957 [SCMBlockDeletingService#0] DEBUG block.SCMBlockDeletingService (SCMBlockDeletingService.java:call(155)) - Scanned deleted blocks log and got 0 delTX to process.
2019-09-03 20:26:04,984 [grpc-default-executor-1] INFO  client.GrpcClientProtocolClient (GrpcClientProtocolClient.java:onNext(255)) - client-CB1B8AC74E59->81367453-3bf0-4298-8a83-8d5c3816df16: receive RaftClientReply:client-CB1B8AC74E59->81367453-3bf0-4298-8a83-8d5c3816df16@group-F6EC397515C5, cid=1497, SUCCESS, logIndex=2093, commits[81367453-3bf0-4298-8a83-8d5c3816df16:c2096]
2019-09-03 20:26:04,984 [grpc-default-executor-1] INFO  client.GrpcClientProtocolClient (GrpcClientProtocolClient.java:onNext(255)) - client-CB1B8AC74E59->81367453-3bf0-4298-8a83-8d5c3816df16: receive RaftClientReply:client-CB1B8AC74E59->81367453-3bf0-4298-8a83-8d5c3816df16@group-F6EC397515C5, cid=1498, SUCCESS, logIndex=2094, commits[81367453-3bf0-4298-8a83-8d5c3816df16:c2096]
2019-09-03 20:26:04,984 [grpc-default-executor-1] INFO  client.GrpcClientProtocolClient (GrpcClientProtocolClient.java:onNext(255)) - client-CB1B8AC74E59->81367453-3bf0-4298-8a83-8d5c3816df16: receive RaftClientReply:client-CB1B8AC74E59->81367453-3bf0-4298-8a83-8d5c3816df16@group-F6EC397515C5, cid=1499, SUCCESS, logIndex=2095, commits[81367453-3bf0-4298-8a83-8d5c3816df16:c2097]
2019-09-03 20:26:04,985 [grpc-default-executor-1] INFO  client.GrpcClientProtocolClient (GrpcClientProtocolClient.java:onNext(255)) - client-CB1B8AC74E59->81367453-3bf0-4298-8a83-8d5c3816df16: receive RaftClientReply:client-CB1B8AC74E59->81367453-3bf0-4298-8a83-8d5c3816df16@group-F6EC397515C5, cid=1500, SUCCESS, logIndex=2096, commits[81367453-3bf0-4298-8a83-8d5c3816df16:c2097]
2019-09-03 20:26:05,012 [grpc-default-executor-2] INFO  client.GrpcClientProtocolClient (GrpcClientProtocolClient.java:onNext(255)) - client-CB1B8AC74E59->81367453-3bf0-4298-8a83-8d5c3816df16: receive RaftClientReply:client-CB1B8AC74E59->81367453-3bf0-4298-8a83-8d5c3816df16@group-F6EC397515C5, cid=1501, SUCCESS, logIndex=2098, commits[81367453-3bf0-4298-8a83-8d5c3816df16:c2099]
2019-09-03 20:26:05,013 [grpc-default-executor-2] INFO  client.GrpcClientProtocolClient (GrpcClientProtocolClient.java:onNext(255)) - client-CB1B8AC74E59->81367453-3bf0-4298-8a83-8d5c3816df16: receive RaftClientReply:client-CB1B8AC74E59->81367453-3bf0-4298-8a83-8d5c3816df16@group-F6EC397515C5, cid=1502, SUCCESS, logIndex=2099, commits[81367453-3bf0-4298-8a83-8d5c3816df16:c2099]
2019-09-03 20:26:05,058 [SCMBlockDeletingService#0] DEBUG block.SCMBlockDeletingService (SCMBlockDeletingService.java:call(138)) - Running DeletedBlockTransactionScanner
2019-09-03 20:26:05,058 [SCMBlockDeletingService#0] DEBUG block.SCMBlockDeletingService (SCMBlockDeletingService.java:call(155)) - Scanned deleted blocks log and got 0 delTX to process.
2019-09-03 20:26:05,108 [grpc-default-executor-1] INFO  client.GrpcClientProtocolClient (GrpcClientProtocolClient.java:onNext(255)) - client-CB1B8AC74E59->81367453-3bf0-4298-8a83-8d5c3816df16: receive RaftClientReply:client-CB1B8AC74E59->81367453-3bf0-4298-8a83-8d5c3816df16@group-F6EC397515C5, cid=1503, SUCCESS, logIndex=2101, commits[81367453-3bf0-4298-8a83-8d5c3816df16:c2102]
2019-09-03 20:26:05,108 [grpc-default-executor-1] INFO  client.GrpcClientProtocolClient (GrpcClientProtocolClient.java:onNext(255)) - client-CB1B8AC74E59->81367453-3bf0-4298-8a83-8d5c3816df16: receive RaftClientReply:client-CB1B8AC74E59->81367453-3bf0-4298-8a83-8d5c3816df16@group-F6EC397515C5, cid=1504, SUCCESS, logIndex=2102, commits[81367453-3bf0-4298-8a83-8d5c3816df16:c2102]
2019-09-03 20:26:05,128 [grpc-default-executor-1] INFO  client.GrpcClientProtocolClient (GrpcClientProtocolClient.java:onNext(255)) - client-CB1B8AC74E59->81367453-3bf0-4298-8a83-8d5c3816df16: receive RaftClientReply:client-CB1B8AC74E59->81367453-3bf0-4298-8a83-8d5c3816df16@group-F6EC397515C5, cid=1505, SUCCESS, logIndex=2104, commits[81367453-3bf0-4298-8a83-8d5c3816df16:c2107]
2019-09-03 20:26:05,128 [grpc-default-executor-1] INFO  client.GrpcClientProtocolClient (GrpcClientProtocolClient.java:onNext(255)) - client-CB1B8AC74E59->81367453-3bf0-4298-8a83-8d5c3816df16: receive RaftClientReply:client-CB1B8AC74E59->81367453-3bf0-4298-8a83-8d5c3816df16@group-F6EC397515C5, cid=1506, SUCCESS, logIndex=2105, commits[81367453-3bf0-4298-8a83-8d5c3816df16:c2107]
2019-09-03 20:26:05,129 [grpc-default-executor-1] INFO  client.GrpcClientProtocolClient (GrpcClientProtocolClient.java:onNext(255)) - client-CB1B8AC74E59->81367453-3bf0-4298-8a83-8d5c3816df16: receive RaftClientReply:client-CB1B8AC74E59->81367453-3bf0-4298-8a83-8d5c3816df16@group-F6EC397515C5, cid=1507, SUCCESS, logIndex=2106, commits[81367453-3bf0-4298-8a83-8d5c3816df16:c2107]
2019-09-03 20:26:05,129 [grpc-default-executor-1] INFO  client.GrpcClientProtocolClient (GrpcClientProtocolClient.java:onNext(255)) - client-CB1B8AC74E59->81367453-3bf0-4298-8a83-8d5c3816df16: receive RaftClientReply:client-CB1B8AC74E59->81367453-3bf0-4298-8a83-8d5c3816df16@group-F6EC397515C5, cid=1508, SUCCESS, logIndex=2107, commits[81367453-3bf0-4298-8a83-8d5c3816df16:c2107]
2019-09-03 20:26:05,209 [SCMBlockDeletingService#0] DEBUG block.SCMBlockDeletingService (SCMBlockDeletingService.java:call(138)) - Running DeletedBlockTransactionScanner
2019-09-03 20:26:05,209 [SCMBlockDeletingService#0] DEBUG block.SCMBlockDeletingService (SCMBlockDeletingService.java:call(155)) - Scanned deleted blocks log and got 0 delTX to process.
2019-09-03 20:26:05,218 [grpc-default-executor-2] INFO  client.GrpcClientProtocolClient (GrpcClientProtocolClient.java:onNext(255)) - client-CB1B8AC74E59->81367453-3bf0-4298-8a83-8d5c3816df16: receive RaftClientReply:client-CB1B8AC74E59->81367453-3bf0-4298-8a83-8d5c3816df16@group-F6EC397515C5, cid=1509, SUCCESS, logIndex=2109, commits[81367453-3bf0-4298-8a83-8d5c3816df16:c2110]
2019-09-03 20:26:05,219 [grpc-default-executor-2] INFO  client.GrpcClientProtocolClient (GrpcClientProtocolClient.java:onNext(255)) - client-CB1B8AC74E59->81367453-3bf0-4298-8a83-8d5c3816df16: receive RaftClientReply:client-CB1B8AC74E59->81367453-3bf0-4298-8a83-8d5c3816df16@group-F6EC397515C5, cid=1510, SUCCESS, logIndex=2110, commits[81367453-3bf0-4298-8a83-8d5c3816df16:c2110]
2019-09-03 20:26:05,223 [grpc-default-executor-2] INFO  client.GrpcClientProtocolClient (GrpcClientProtocolClient.java:onNext(255)) - client-CB1B8AC74E59->81367453-3bf0-4298-8a83-8d5c3816df16: receive RaftClientReply:client-CB1B8AC74E59->81367453-3bf0-4298-8a83-8d5c3816df16@group-F6EC397515C5, cid=1511, SUCCESS, logIndex=2111, commits[81367453-3bf0-4298-8a83-8d5c3816df16:c2112]
2019-09-03 20:26:05,224 [grpc-default-executor-2] INFO  client.GrpcClientProtocolClient (GrpcClientProtocolClient.java:onNext(255)) - client-CB1B8AC74E59->81367453-3bf0-4298-8a83-8d5c3816df16: receive RaftClientReply:client-CB1B8AC74E59->81367453-3bf0-4298-8a83-8d5c3816df16@group-F6EC397515C5, cid=1512, SUCCESS, logIndex=2112, commits[81367453-3bf0-4298-8a83-8d5c3816df16:c2112]
2019-09-03 20:26:05,251 [grpc-default-executor-2] INFO  client.GrpcClientProtocolClient (GrpcClientProtocolClient.java:onNext(255)) - client-CB1B8AC74E59->81367453-3bf0-4298-8a83-8d5c3816df16: receive RaftClientReply:client-CB1B8AC74E59->81367453-3bf0-4298-8a83-8d5c3816df16@group-F6EC397515C5, cid=1513, SUCCESS, logIndex=2115, commits[81367453-3bf0-4298-8a83-8d5c3816df16:c2116]
2019-09-03 20:26:05,252 [grpc-default-executor-2] INFO  client.GrpcClientProtocolClient (GrpcClientProtocolClient.java:onNext(255)) - client-CB1B8AC74E59->81367453-3bf0-4298-8a83-8d5c3816df16: receive RaftClientReply:client-CB1B8AC74E59->81367453-3bf0-4298-8a83-8d5c3816df16@group-F6EC397515C5, cid=1514, SUCCESS, logIndex=2116, commits[81367453-3bf0-4298-8a83-8d5c3816df16:c2116]
2019-09-03 20:26:05,263 [grpc-default-executor-2] INFO  client.GrpcClientProtocolClient (GrpcClientProtocolClient.java:onNext(255)) - client-CB1B8AC74E59->81367453-3bf0-4298-8a83-8d5c3816df16: receive RaftClientReply:client-CB1B8AC74E59->81367453-3bf0-4298-8a83-8d5c3816df16@group-F6EC397515C5, cid=1515, SUCCESS, logIndex=2117, commits[81367453-3bf0-4298-8a83-8d5c3816df16:c2118]
2019-09-03 20:26:05,263 [grpc-default-executor-2] INFO  client.GrpcClientProtocolClient (GrpcClientProtocolClient.java:onNext(255)) - client-CB1B8AC74E59->81367453-3bf0-4298-8a83-8d5c3816df16: receive RaftClientReply:client-CB1B8AC74E59->81367453-3bf0-4298-8a83-8d5c3816df16@group-F6EC397515C5, cid=1516, SUCCESS, logIndex=2118, commits[81367453-3bf0-4298-8a83-8d5c3816df16:c2118]
2019-09-03 20:26:05,278 [grpc-default-executor-1] INFO  client.GrpcClientProtocolClient (GrpcClientProtocolClient.java:onNext(255)) - client-CB1B8AC74E59->81367453-3bf0-4298-8a83-8d5c3816df16: receive RaftClientReply:client-CB1B8AC74E59->81367453-3bf0-4298-8a83-8d5c3816df16@group-F6EC397515C5, cid=1517, SUCCESS, logIndex=2121, commits[81367453-3bf0-4298-8a83-8d5c3816df16:c2122]
2019-09-03 20:26:05,279 [grpc-default-executor-1] INFO  client.GrpcClientProtocolClient (GrpcClientProtocolClient.java:onNext(255)) - client-CB1B8AC74E59->81367453-3bf0-4298-8a83-8d5c3816df16: receive RaftClientReply:client-CB1B8AC74E59->81367453-3bf0-4298-8a83-8d5c3816df16@group-F6EC397515C5, cid=1518, SUCCESS, logIndex=2122, commits[81367453-3bf0-4298-8a83-8d5c3816df16:c2122]
2019-09-03 20:26:05,285 [grpc-default-executor-1] INFO  client.GrpcClientProtocolClient (GrpcClientProtocolClient.java:onNext(255)) - client-CB1B8AC74E59->81367453-3bf0-4298-8a83-8d5c3816df16: receive RaftClientReply:client-CB1B8AC74E59->81367453-3bf0-4298-8a83-8d5c3816df16@group-F6EC397515C5, cid=1519, SUCCESS, logIndex=2123, commits[81367453-3bf0-4298-8a83-8d5c3816df16:c2124]
2019-09-03 20:26:05,286 [grpc-default-executor-1] INFO  client.GrpcClientProtocolClient (GrpcClientProtocolClient.java:onNext(255)) - client-CB1B8AC74E59->81367453-3bf0-4298-8a83-8d5c3816df16: receive RaftClientReply:client-CB1B8AC74E59->81367453-3bf0-4298-8a83-8d5c3816df16@group-F6EC397515C5, cid=1520, SUCCESS, logIndex=2124, commits[81367453-3bf0-4298-8a83-8d5c3816df16:c2124]
2019-09-03 20:26:05,309 [SCMBlockDeletingService#0] DEBUG block.SCMBlockDeletingService (SCMBlockDeletingService.java:call(138)) - Running DeletedBlockTransactionScanner
2019-09-03 20:26:05,310 [SCMBlockDeletingService#0] DEBUG block.SCMBlockDeletingService (SCMBlockDeletingService.java:call(155)) - Scanned deleted blocks log and got 0 delTX to process.
2019-09-03 20:26:05,315 [grpc-default-executor-1] INFO  client.GrpcClientProtocolClient (GrpcClientProtocolClient.java:onNext(255)) - client-CB1B8AC74E59->81367453-3bf0-4298-8a83-8d5c3816df16: receive RaftClientReply:client-CB1B8AC74E59->81367453-3bf0-4298-8a83-8d5c3816df16@group-F6EC397515C5, cid=1521, SUCCESS, logIndex=2127, commits[81367453-3bf0-4298-8a83-8d5c3816df16:c2130]
2019-09-03 20:26:05,315 [grpc-default-executor-1] INFO  client.GrpcClientProtocolClient (GrpcClientProtocolClient.java:onNext(255)) - client-CB1B8AC74E59->81367453-3bf0-4298-8a83-8d5c3816df16: receive RaftClientReply:client-CB1B8AC74E59->81367453-3bf0-4298-8a83-8d5c3816df16@group-F6EC397515C5, cid=1522, SUCCESS, logIndex=2128, commits[81367453-3bf0-4298-8a83-8d5c3816df16:c2130]
2019-09-03 20:26:05,316 [grpc-default-executor-1] INFO  client.GrpcClientProtocolClient (GrpcClientProtocolClient.java:onNext(255)) - client-CB1B8AC74E59->81367453-3bf0-4298-8a83-8d5c3816df16: receive RaftClientReply:client-CB1B8AC74E59->81367453-3bf0-4298-8a83-8d5c3816df16@group-F6EC397515C5, cid=1523, SUCCESS, logIndex=2129, commits[81367453-3bf0-4298-8a83-8d5c3816df16:c2130]
2019-09-03 20:26:05,316 [grpc-default-executor-1] INFO  client.GrpcClientProtocolClient (GrpcClientProtocolClient.java:onNext(255)) - client-CB1B8AC74E59->81367453-3bf0-4298-8a83-8d5c3816df16: receive RaftClientReply:client-CB1B8AC74E59->81367453-3bf0-4298-8a83-8d5c3816df16@group-F6EC397515C5, cid=1524, SUCCESS, logIndex=2130, commits[81367453-3bf0-4298-8a83-8d5c3816df16:c2130]
2019-09-03 20:26:05,333 [grpc-default-executor-2] INFO  client.GrpcClientProtocolClient (GrpcClientProtocolClient.java:onNext(255)) - client-CB1B8AC74E59->81367453-3bf0-4298-8a83-8d5c3816df16: receive RaftClientReply:client-CB1B8AC74E59->81367453-3bf0-4298-8a83-8d5c3816df16@group-F6EC397515C5, cid=1525, SUCCESS, logIndex=2132, commits[81367453-3bf0-4298-8a83-8d5c3816df16:c2133]
2019-09-03 20:26:05,334 [grpc-default-executor-2] INFO  client.GrpcClientProtocolClient (GrpcClientProtocolClient.java:onNext(255)) - client-CB1B8AC74E59->81367453-3bf0-4298-8a83-8d5c3816df16: receive RaftClientReply:client-CB1B8AC74E59->81367453-3bf0-4298-8a83-8d5c3816df16@group-F6EC397515C5, cid=1526, SUCCESS, logIndex=2133, commits[81367453-3bf0-4298-8a83-8d5c3816df16:c2133]
2019-09-03 20:26:05,357 [grpc-default-executor-2] INFO  client.GrpcClientProtocolClient (GrpcClientProtocolClient.java:onNext(255)) - client-CB1B8AC74E59->81367453-3bf0-4298-8a83-8d5c3816df16: receive RaftClientReply:client-CB1B8AC74E59->81367453-3bf0-4298-8a83-8d5c3816df16@group-F6EC397515C5, cid=1527, SUCCESS, logIndex=2134, commits[81367453-3bf0-4298-8a83-8d5c3816df16:c2136]
2019-09-03 20:26:05,358 [grpc-default-executor-2] INFO  client.GrpcClientProtocolClient (GrpcClientProtocolClient.java:onNext(255)) - client-CB1B8AC74E59->81367453-3bf0-4298-8a83-8d5c3816df16: receive RaftClientReply:client-CB1B8AC74E59->81367453-3bf0-4298-8a83-8d5c3816df16@group-F6EC397515C5, cid=1528, SUCCESS, logIndex=2135, commits[81367453-3bf0-4298-8a83-8d5c3816df16:c2136]
2019-09-03 20:26:05,379 [grpc-default-executor-1] INFO  client.GrpcClientProtocolClient (GrpcClientProtocolClient.java:onNext(255)) - client-CB1B8AC74E59->81367453-3bf0-4298-8a83-8d5c3816df16: receive RaftClientReply:client-CB1B8AC74E59->81367453-3bf0-4298-8a83-8d5c3816df16@group-F6EC397515C5, cid=1529, SUCCESS, logIndex=2137, commits[81367453-3bf0-4298-8a83-8d5c3816df16:c2138]
2019-09-03 20:26:05,379 [grpc-default-executor-1] INFO  client.GrpcClientProtocolClient (GrpcClientProtocolClient.java:onNext(255)) - client-CB1B8AC74E59->81367453-3bf0-4298-8a83-8d5c3816df16: receive RaftClientReply:client-CB1B8AC74E59->81367453-3bf0-4298-8a83-8d5c3816df16@group-F6EC397515C5, cid=1530, SUCCESS, logIndex=2138, commits[81367453-3bf0-4298-8a83-8d5c3816df16:c2138]
2019-09-03 20:26:05,390 [grpc-default-executor-1] INFO  client.GrpcClientProtocolClient (GrpcClientProtocolClient.java:onNext(255)) - client-CB1B8AC74E59->81367453-3bf0-4298-8a83-8d5c3816df16: receive RaftClientReply:client-CB1B8AC74E59->81367453-3bf0-4298-8a83-8d5c3816df16@group-F6EC397515C5, cid=1531, SUCCESS, logIndex=2139, commits[81367453-3bf0-4298-8a83-8d5c3816df16:c2140]
2019-09-03 20:26:05,391 [grpc-default-executor-1] INFO  client.GrpcClientProtocolClient (GrpcClientProtocolClient.java:onNext(255)) - client-CB1B8AC74E59->81367453-3bf0-4298-8a83-8d5c3816df16: receive RaftClientReply:client-CB1B8AC74E59->81367453-3bf0-4298-8a83-8d5c3816df16@group-F6EC397515C5, cid=1532, SUCCESS, logIndex=2140, commits[81367453-3bf0-4298-8a83-8d5c3816df16:c2140]
2019-09-03 20:26:05,410 [SCMBlockDeletingService#1] DEBUG block.SCMBlockDeletingService (SCMBlockDeletingService.java:call(138)) - Running DeletedBlockTransactionScanner
2019-09-03 20:26:05,410 [SCMBlockDeletingService#1] DEBUG block.SCMBlockDeletingService (SCMBlockDeletingService.java:call(155)) - Scanned deleted blocks log and got 0 delTX to process.
2019-09-03 20:26:05,410 [grpc-default-executor-1] INFO  client.GrpcClientProtocolClient (GrpcClientProtocolClient.java:onNext(255)) - client-CB1B8AC74E59->81367453-3bf0-4298-8a83-8d5c3816df16: receive RaftClientReply:client-CB1B8AC74E59->81367453-3bf0-4298-8a83-8d5c3816df16@group-F6EC397515C5, cid=1533, SUCCESS, logIndex=2143, commits[81367453-3bf0-4298-8a83-8d5c3816df16:c2146]
2019-09-03 20:26:05,411 [grpc-default-executor-1] INFO  client.GrpcClientProtocolClient (GrpcClientProtocolClient.java:onNext(255)) - client-CB1B8AC74E59->81367453-3bf0-4298-8a83-8d5c3816df16: receive RaftClientReply:client-CB1B8AC74E59->81367453-3bf0-4298-8a83-8d5c3816df16@group-F6EC397515C5, cid=1534, SUCCESS, logIndex=2144, commits[81367453-3bf0-4298-8a83-8d5c3816df16:c2146]
2019-09-03 20:26:05,411 [grpc-default-executor-1] INFO  client.GrpcClientProtocolClient (GrpcClientProtocolClient.java:onNext(255)) - client-CB1B8AC74E59->81367453-3bf0-4298-8a83-8d5c3816df16: receive RaftClientReply:client-CB1B8AC74E59->81367453-3bf0-4298-8a83-8d5c3816df16@group-F6EC397515C5, cid=1535, SUCCESS, logIndex=2145, commits[81367453-3bf0-4298-8a83-8d5c3816df16:c2146]
2019-09-03 20:26:05,411 [grpc-default-executor-1] INFO  client.GrpcClientProtocolClient (GrpcClientProtocolClient.java:onNext(255)) - client-CB1B8AC74E59->81367453-3bf0-4298-8a83-8d5c3816df16: receive RaftClientReply:client-CB1B8AC74E59->81367453-3bf0-4298-8a83-8d5c3816df16@group-F6EC397515C5, cid=1536, SUCCESS, logIndex=2146, commits[81367453-3bf0-4298-8a83-8d5c3816df16:c2146]
2019-09-03 20:26:05,438 [grpc-default-executor-1] INFO  client.GrpcClientProtocolClient (GrpcClientProtocolClient.java:onNext(255)) - client-CB1B8AC74E59->81367453-3bf0-4298-8a83-8d5c3816df16: receive RaftClientReply:client-CB1B8AC74E59->81367453-3bf0-4298-8a83-8d5c3816df16@group-F6EC397515C5, cid=1537, SUCCESS, logIndex=2148, commits[81367453-3bf0-4298-8a83-8d5c3816df16:c2149]
2019-09-03 20:26:05,439 [grpc-default-executor-1] INFO  client.GrpcClientProtocolClient (GrpcClientProtocolClient.java:onNext(255)) - client-CB1B8AC74E59->81367453-3bf0-4298-8a83-8d5c3816df16: receive RaftClientReply:client-CB1B8AC74E59->81367453-3bf0-4298-8a83-8d5c3816df16@group-F6EC397515C5, cid=1538, SUCCESS, logIndex=2149, commits[81367453-3bf0-4298-8a83-8d5c3816df16:c2149]
2019-09-03 20:26:05,448 [grpc-default-executor-1] INFO  client.GrpcClientProtocolClient (GrpcClientProtocolClient.java:onNext(255)) - client-CB1B8AC74E59->81367453-3bf0-4298-8a83-8d5c3816df16: receive RaftClientReply:client-CB1B8AC74E59->81367453-3bf0-4298-8a83-8d5c3816df16@group-F6EC397515C5, cid=1539, SUCCESS, logIndex=2150, commits[81367453-3bf0-4298-8a83-8d5c3816df16:c2151]
2019-09-03 20:26:05,449 [grpc-default-executor-1] INFO  client.GrpcClientProtocolClient (GrpcClientProtocolClient.java:onNext(255)) - client-CB1B8AC74E59->81367453-3bf0-4298-8a83-8d5c3816df16: receive RaftClientReply:client-CB1B8AC74E59->81367453-3bf0-4298-8a83-8d5c3816df16@group-F6EC397515C5, cid=1540, SUCCESS, logIndex=2151, commits[81367453-3bf0-4298-8a83-8d5c3816df16:c2151]
2019-09-03 20:26:05,467 [grpc-default-executor-2] INFO  client.GrpcClientProtocolClient (GrpcClientProtocolClient.java:onNext(255)) - client-CB1B8AC74E59->81367453-3bf0-4298-8a83-8d5c3816df16: receive RaftClientReply:client-CB1B8AC74E59->81367453-3bf0-4298-8a83-8d5c3816df16@group-F6EC397515C5, cid=1541, SUCCESS, logIndex=2154, commits[81367453-3bf0-4298-8a83-8d5c3816df16:c2157]
2019-09-03 20:26:05,467 [grpc-default-executor-2] INFO  client.GrpcClientProtocolClient (GrpcClientProtocolClient.java:onNext(255)) - client-CB1B8AC74E59->81367453-3bf0-4298-8a83-8d5c3816df16: receive RaftClientReply:client-CB1B8AC74E59->81367453-3bf0-4298-8a83-8d5c3816df16@group-F6EC397515C5, cid=1542, SUCCESS, logIndex=2155, commits[81367453-3bf0-4298-8a83-8d5c3816df16:c2157]
2019-09-03 20:26:05,468 [grpc-default-executor-2] INFO  client.GrpcClientProtocolClient (GrpcClientProtocolClient.java:onNext(255)) - client-CB1B8AC74E59->81367453-3bf0-4298-8a83-8d5c3816df16: receive RaftClientReply:client-CB1B8AC74E59->81367453-3bf0-4298-8a83-8d5c3816df16@group-F6EC397515C5, cid=1543, SUCCESS, logIndex=2156, commits[81367453-3bf0-4298-8a83-8d5c3816df16:c2157]
2019-09-03 20:26:05,468 [grpc-default-executor-2] INFO  client.GrpcClientProtocolClient (GrpcClientProtocolClient.java:onNext(255)) - client-CB1B8AC74E59->81367453-3bf0-4298-8a83-8d5c3816df16: receive RaftClientReply:client-CB1B8AC74E59->81367453-3bf0-4298-8a83-8d5c3816df16@group-F6EC397515C5, cid=1544, SUCCESS, logIndex=2157, commits[81367453-3bf0-4298-8a83-8d5c3816df16:c2157]
2019-09-03 20:26:05,486 [grpc-default-executor-1] INFO  client.GrpcClientProtocolClient (GrpcClientProtocolClient.java:onNext(255)) - client-CB1B8AC74E59->81367453-3bf0-4298-8a83-8d5c3816df16: receive RaftClientReply:client-CB1B8AC74E59->81367453-3bf0-4298-8a83-8d5c3816df16@group-F6EC397515C5, cid=1545, SUCCESS, logIndex=2159, commits[81367453-3bf0-4298-8a83-8d5c3816df16:c2160]
2019-09-03 20:26:05,486 [grpc-default-executor-1] INFO  client.GrpcClientProtocolClient (GrpcClientProtocolClient.java:onNext(255)) - client-CB1B8AC74E59->81367453-3bf0-4298-8a83-8d5c3816df16: receive RaftClientReply:client-CB1B8AC74E59->81367453-3bf0-4298-8a83-8d5c3816df16@group-F6EC397515C5, cid=1546, SUCCESS, logIndex=2160, commits[81367453-3bf0-4298-8a83-8d5c3816df16:c2160]
2019-09-03 20:26:05,511 [SCMBlockDeletingService#1] DEBUG block.SCMBlockDeletingService (SCMBlockDeletingService.java:call(138)) - Running DeletedBlockTransactionScanner
2019-09-03 20:26:05,511 [SCMBlockDeletingService#1] DEBUG block.SCMBlockDeletingService (SCMBlockDeletingService.java:call(155)) - Scanned deleted blocks log and got 0 delTX to process.
2019-09-03 20:26:05,598 [grpc-default-executor-2] INFO  client.GrpcClientProtocolClient (GrpcClientProtocolClient.java:onNext(255)) - client-CB1B8AC74E59->81367453-3bf0-4298-8a83-8d5c3816df16: receive RaftClientReply:client-CB1B8AC74E59->81367453-3bf0-4298-8a83-8d5c3816df16@group-F6EC397515C5, cid=1547, SUCCESS, logIndex=2162, commits[81367453-3bf0-4298-8a83-8d5c3816df16:c2163]
2019-09-03 20:26:05,599 [grpc-default-executor-2] INFO  client.GrpcClientProtocolClient (GrpcClientProtocolClient.java:onNext(255)) - client-CB1B8AC74E59->81367453-3bf0-4298-8a83-8d5c3816df16: receive RaftClientReply:client-CB1B8AC74E59->81367453-3bf0-4298-8a83-8d5c3816df16@group-F6EC397515C5, cid=1548, SUCCESS, logIndex=2163, commits[81367453-3bf0-4298-8a83-8d5c3816df16:c2163]
2019-09-03 20:26:05,611 [SCMBlockDeletingService#1] DEBUG block.SCMBlockDeletingService (SCMBlockDeletingService.java:call(138)) - Running DeletedBlockTransactionScanner
2019-09-03 20:26:05,612 [SCMBlockDeletingService#1] DEBUG block.SCMBlockDeletingService (SCMBlockDeletingService.java:call(155)) - Scanned deleted blocks log and got 0 delTX to process.
2019-09-03 20:26:05,616 [grpc-default-executor-1] INFO  client.GrpcClientProtocolClient (GrpcClientProtocolClient.java:onNext(255)) - client-CB1B8AC74E59->81367453-3bf0-4298-8a83-8d5c3816df16: receive RaftClientReply:client-CB1B8AC74E59->81367453-3bf0-4298-8a83-8d5c3816df16@group-F6EC397515C5, cid=1549, SUCCESS, logIndex=2165, commits[81367453-3bf0-4298-8a83-8d5c3816df16:c2168]
2019-09-03 20:26:05,617 [grpc-default-executor-1] INFO  client.GrpcClientProtocolClient (GrpcClientProtocolClient.java:onNext(255)) - client-CB1B8AC74E59->81367453-3bf0-4298-8a83-8d5c3816df16: receive RaftClientReply:client-CB1B8AC74E59->81367453-3bf0-4298-8a83-8d5c3816df16@group-F6EC397515C5, cid=1550, SUCCESS, logIndex=2166, commits[81367453-3bf0-4298-8a83-8d5c3816df16:c2168]
2019-09-03 20:26:05,617 [grpc-default-executor-1] INFO  client.GrpcClientProtocolClient (GrpcClientProtocolClient.java:onNext(255)) - client-CB1B8AC74E59->81367453-3bf0-4298-8a83-8d5c3816df16: receive RaftClientReply:client-CB1B8AC74E59->81367453-3bf0-4298-8a83-8d5c3816df16@group-F6EC397515C5, cid=1551, SUCCESS, logIndex=2167, commits[81367453-3bf0-4298-8a83-8d5c3816df16:c2168]
2019-09-03 20:26:05,618 [grpc-default-executor-1] INFO  client.GrpcClientProtocolClient (GrpcClientProtocolClient.java:onNext(255)) - client-CB1B8AC74E59->81367453-3bf0-4298-8a83-8d5c3816df16: receive RaftClientReply:client-CB1B8AC74E59->81367453-3bf0-4298-8a83-8d5c3816df16@group-F6EC397515C5, cid=1552, SUCCESS, logIndex=2168, commits[81367453-3bf0-4298-8a83-8d5c3816df16:c2168]
2019-09-03 20:26:05,647 [grpc-default-executor-2] INFO  client.GrpcClientProtocolClient (GrpcClientProtocolClient.java:onNext(255)) - client-CB1B8AC74E59->81367453-3bf0-4298-8a83-8d5c3816df16: receive RaftClientReply:client-CB1B8AC74E59->81367453-3bf0-4298-8a83-8d5c3816df16@group-F6EC397515C5, cid=1553, SUCCESS, logIndex=2170, commits[81367453-3bf0-4298-8a83-8d5c3816df16:c2173]
2019-09-03 20:26:05,648 [grpc-default-executor-2] INFO  client.GrpcClientProtocolClient (GrpcClientProtocolClient.java:onNext(255)) - client-CB1B8AC74E59->81367453-3bf0-4298-8a83-8d5c3816df16: receive RaftClientReply:client-CB1B8AC74E59->81367453-3bf0-4298-8a83-8d5c3816df16@group-F6EC397515C5, cid=1554, SUCCESS, logIndex=2171, commits[81367453-3bf0-4298-8a83-8d5c3816df16:c2173]
2019-09-03 20:26:05,648 [grpc-default-executor-2] INFO  client.GrpcClientProtocolClient (GrpcClientProtocolClient.java:onNext(255)) - client-CB1B8AC74E59->81367453-3bf0-4298-8a83-8d5c3816df16: receive RaftClientReply:client-CB1B8AC74E59->81367453-3bf0-4298-8a83-8d5c3816df16@group-F6EC397515C5, cid=1555, SUCCESS, logIndex=2172, commits[81367453-3bf0-4298-8a83-8d5c3816df16:c2173]
2019-09-03 20:26:05,648 [grpc-default-executor-2] INFO  client.GrpcClientProtocolClient (GrpcClientProtocolClient.java:onNext(255)) - client-CB1B8AC74E59->81367453-3bf0-4298-8a83-8d5c3816df16: receive RaftClientReply:client-CB1B8AC74E59->81367453-3bf0-4298-8a83-8d5c3816df16@group-F6EC397515C5, cid=1556, SUCCESS, logIndex=2173, commits[81367453-3bf0-4298-8a83-8d5c3816df16:c2173]
2019-09-03 20:26:05,666 [grpc-default-executor-1] INFO  client.GrpcClientProtocolClient (GrpcClientProtocolClient.java:onNext(255)) - client-CB1B8AC74E59->81367453-3bf0-4298-8a83-8d5c3816df16: receive RaftClientReply:client-CB1B8AC74E59->81367453-3bf0-4298-8a83-8d5c3816df16@group-F6EC397515C5, cid=1557, SUCCESS, logIndex=2175, commits[81367453-3bf0-4298-8a83-8d5c3816df16:c2178]
2019-09-03 20:26:05,666 [grpc-default-executor-1] INFO  client.GrpcClientProtocolClient (GrpcClientProtocolClient.java:onNext(255)) - client-CB1B8AC74E59->81367453-3bf0-4298-8a83-8d5c3816df16: receive RaftClientReply:client-CB1B8AC74E59->81367453-3bf0-4298-8a83-8d5c3816df16@group-F6EC397515C5, cid=1558, SUCCESS, logIndex=2176, commits[81367453-3bf0-4298-8a83-8d5c3816df16:c2178]
2019-09-03 20:26:05,666 [grpc-default-executor-1] INFO  client.GrpcClientProtocolClient (GrpcClientProtocolClient.java:onNext(255)) - client-CB1B8AC74E59->81367453-3bf0-4298-8a83-8d5c3816df16: receive RaftClientReply:client-CB1B8AC74E59->81367453-3bf0-4298-8a83-8d5c3816df16@group-F6EC397515C5, cid=1559, SUCCESS, logIndex=2177, commits[81367453-3bf0-4298-8a83-8d5c3816df16:c2178]
2019-09-03 20:26:05,667 [grpc-default-executor-1] INFO  client.GrpcClientProtocolClient (GrpcClientProtocolClient.java:onNext(255)) - client-CB1B8AC74E59->81367453-3bf0-4298-8a83-8d5c3816df16: receive RaftClientReply:client-CB1B8AC74E59->81367453-3bf0-4298-8a83-8d5c3816df16@group-F6EC397515C5, cid=1560, SUCCESS, logIndex=2178, commits[81367453-3bf0-4298-8a83-8d5c3816df16:c2178]
2019-09-03 20:26:05,687 [grpc-default-executor-2] INFO  client.GrpcClientProtocolClient (GrpcClientProtocolClient.java:onNext(255)) - client-CB1B8AC74E59->81367453-3bf0-4298-8a83-8d5c3816df16: receive RaftClientReply:client-CB1B8AC74E59->81367453-3bf0-4298-8a83-8d5c3816df16@group-F6EC397515C5, cid=1561, SUCCESS, logIndex=2180, commits[81367453-3bf0-4298-8a83-8d5c3816df16:c2181]
2019-09-03 20:26:05,687 [grpc-default-executor-2] INFO  client.GrpcClientProtocolClient (GrpcClientProtocolClient.java:onNext(255)) - client-CB1B8AC74E59->81367453-3bf0-4298-8a83-8d5c3816df16: receive RaftClientReply:client-CB1B8AC74E59->81367453-3bf0-4298-8a83-8d5c3816df16@group-F6EC397515C5, cid=1562, SUCCESS, logIndex=2181, commits[81367453-3bf0-4298-8a83-8d5c3816df16:c2181]
2019-09-03 20:26:05,695 [grpc-default-executor-2] INFO  client.GrpcClientProtocolClient (GrpcClientProtocolClient.java:onNext(255)) - client-CB1B8AC74E59->81367453-3bf0-4298-8a83-8d5c3816df16: receive RaftClientReply:client-CB1B8AC74E59->81367453-3bf0-4298-8a83-8d5c3816df16@group-F6EC397515C5, cid=1563, SUCCESS, logIndex=2182, commits[81367453-3bf0-4298-8a83-8d5c3816df16:c2183]
2019-09-03 20:26:05,695 [grpc-default-executor-2] INFO  client.GrpcClientProtocolClient (GrpcClientProtocolClient.java:onNext(255)) - client-CB1B8AC74E59->81367453-3bf0-4298-8a83-8d5c3816df16: receive RaftClientReply:client-CB1B8AC74E59->81367453-3bf0-4298-8a83-8d5c3816df16@group-F6EC397515C5, cid=1564, SUCCESS, logIndex=2183, commits[81367453-3bf0-4298-8a83-8d5c3816df16:c2183]
2019-09-03 20:26:05,712 [SCMBlockDeletingService#1] DEBUG block.SCMBlockDeletingService (SCMBlockDeletingService.java:call(138)) - Running DeletedBlockTransactionScanner
2019-09-03 20:26:05,712 [SCMBlockDeletingService#1] DEBUG block.SCMBlockDeletingService (SCMBlockDeletingService.java:call(155)) - Scanned deleted blocks log and got 0 delTX to process.
2019-09-03 20:26:05,714 [grpc-default-executor-1] INFO  client.GrpcClientProtocolClient (GrpcClientProtocolClient.java:onNext(255)) - client-CB1B8AC74E59->81367453-3bf0-4298-8a83-8d5c3816df16: receive RaftClientReply:client-CB1B8AC74E59->81367453-3bf0-4298-8a83-8d5c3816df16@group-F6EC397515C5, cid=1565, SUCCESS, logIndex=2186, commits[81367453-3bf0-4298-8a83-8d5c3816df16:c2189]
2019-09-03 20:26:05,715 [grpc-default-executor-1] INFO  client.GrpcClientProtocolClient (GrpcClientProtocolClient.java:onNext(255)) - client-CB1B8AC74E59->81367453-3bf0-4298-8a83-8d5c3816df16: receive RaftClientReply:client-CB1B8AC74E59->81367453-3bf0-4298-8a83-8d5c3816df16@group-F6EC397515C5, cid=1566, SUCCESS, logIndex=2187, commits[81367453-3bf0-4298-8a83-8d5c3816df16:c2189]
2019-09-03 20:26:05,715 [grpc-default-executor-1] INFO  client.GrpcClientProtocolClient (GrpcClientProtocolClient.java:onNext(255)) - client-CB1B8AC74E59->81367453-3bf0-4298-8a83-8d5c3816df16: receive RaftClientReply:client-CB1B8AC74E59->81367453-3bf0-4298-8a83-8d5c3816df16@group-F6EC397515C5, cid=1567, SUCCESS, logIndex=2188, commits[81367453-3bf0-4298-8a83-8d5c3816df16:c2189]
2019-09-03 20:26:05,716 [grpc-default-executor-1] INFO  client.GrpcClientProtocolClient (GrpcClientProtocolClient.java:onNext(255)) - client-CB1B8AC74E59->81367453-3bf0-4298-8a83-8d5c3816df16: receive RaftClientReply:client-CB1B8AC74E59->81367453-3bf0-4298-8a83-8d5c3816df16@group-F6EC397515C5, cid=1568, SUCCESS, logIndex=2189, commits[81367453-3bf0-4298-8a83-8d5c3816df16:c2189]
2019-09-03 20:26:05,734 [grpc-default-executor-1] INFO  client.GrpcClientProtocolClient (GrpcClientProtocolClient.java:onNext(255)) - client-CB1B8AC74E59->81367453-3bf0-4298-8a83-8d5c3816df16: receive RaftClientReply:client-CB1B8AC74E59->81367453-3bf0-4298-8a83-8d5c3816df16@group-F6EC397515C5, cid=1569, SUCCESS, logIndex=2191, commits[81367453-3bf0-4298-8a83-8d5c3816df16:c2192]
2019-09-03 20:26:05,734 [grpc-default-executor-1] INFO  client.GrpcClientProtocolClient (GrpcClientProtocolClient.java:onNext(255)) - client-CB1B8AC74E59->81367453-3bf0-4298-8a83-8d5c3816df16: receive RaftClientReply:client-CB1B8AC74E59->81367453-3bf0-4298-8a83-8d5c3816df16@group-F6EC397515C5, cid=1570, SUCCESS, logIndex=2192, commits[81367453-3bf0-4298-8a83-8d5c3816df16:c2192]
2019-09-03 20:26:05,739 [grpc-default-executor-1] INFO  client.GrpcClientProtocolClient (GrpcClientProtocolClient.java:onNext(255)) - client-CB1B8AC74E59->81367453-3bf0-4298-8a83-8d5c3816df16: receive RaftClientReply:client-CB1B8AC74E59->81367453-3bf0-4298-8a83-8d5c3816df16@group-F6EC397515C5, cid=1571, SUCCESS, logIndex=2193, commits[81367453-3bf0-4298-8a83-8d5c3816df16:c2194]
2019-09-03 20:26:05,739 [grpc-default-executor-1] INFO  client.GrpcClientProtocolClient (GrpcClientProtocolClient.java:onNext(255)) - client-CB1B8AC74E59->81367453-3bf0-4298-8a83-8d5c3816df16: receive RaftClientReply:client-CB1B8AC74E59->81367453-3bf0-4298-8a83-8d5c3816df16@group-F6EC397515C5, cid=1572, SUCCESS, logIndex=2194, commits[81367453-3bf0-4298-8a83-8d5c3816df16:c2194]
2019-09-03 20:26:05,756 [grpc-default-executor-1] INFO  client.GrpcClientProtocolClient (GrpcClientProtocolClient.java:onNext(255)) - client-CB1B8AC74E59->81367453-3bf0-4298-8a83-8d5c3816df16: receive RaftClientReply:client-CB1B8AC74E59->81367453-3bf0-4298-8a83-8d5c3816df16@group-F6EC397515C5, cid=1573, SUCCESS, logIndex=2197, commits[81367453-3bf0-4298-8a83-8d5c3816df16:c2200]
2019-09-03 20:26:05,757 [grpc-default-executor-1] INFO  client.GrpcClientProtocolClient (GrpcClientProtocolClient.java:onNext(255)) - client-CB1B8AC74E59->81367453-3bf0-4298-8a83-8d5c3816df16: receive RaftClientReply:client-CB1B8AC74E59->81367453-3bf0-4298-8a83-8d5c3816df16@group-F6EC397515C5, cid=1574, SUCCESS, logIndex=2198, commits[81367453-3bf0-4298-8a83-8d5c3816df16:c2200]
2019-09-03 20:26:05,757 [grpc-default-executor-1] INFO  client.GrpcClientProtocolClient (GrpcClientProtocolClient.java:onNext(255)) - client-CB1B8AC74E59->81367453-3bf0-4298-8a83-8d5c3816df16: receive RaftClientReply:client-CB1B8AC74E59->81367453-3bf0-4298-8a83-8d5c3816df16@group-F6EC397515C5, cid=1575, SUCCESS, logIndex=2199, commits[81367453-3bf0-4298-8a83-8d5c3816df16:c2200]
2019-09-03 20:26:05,758 [grpc-default-executor-1] INFO  client.GrpcClientProtocolClient (GrpcClientProtocolClient.java:onNext(255)) - client-CB1B8AC74E59->81367453-3bf0-4298-8a83-8d5c3816df16: receive RaftClientReply:client-CB1B8AC74E59->81367453-3bf0-4298-8a83-8d5c3816df16@group-F6EC397515C5, cid=1576, SUCCESS, logIndex=2200, commits[81367453-3bf0-4298-8a83-8d5c3816df16:c2200]
2019-09-03 20:26:05,779 [grpc-default-executor-1] INFO  client.GrpcClientProtocolClient (GrpcClientProtocolClient.java:onNext(255)) - client-CB1B8AC74E59->81367453-3bf0-4298-8a83-8d5c3816df16: receive RaftClientReply:client-CB1B8AC74E59->81367453-3bf0-4298-8a83-8d5c3816df16@group-F6EC397515C5, cid=1577, SUCCESS, logIndex=2202, commits[81367453-3bf0-4298-8a83-8d5c3816df16:c2203]
2019-09-03 20:26:05,779 [grpc-default-executor-1] INFO  client.GrpcClientProtocolClient (GrpcClientProtocolClient.java:onNext(255)) - client-CB1B8AC74E59->81367453-3bf0-4298-8a83-8d5c3816df16: receive RaftClientReply:client-CB1B8AC74E59->81367453-3bf0-4298-8a83-8d5c3816df16@group-F6EC397515C5, cid=1578, SUCCESS, logIndex=2203, commits[81367453-3bf0-4298-8a83-8d5c3816df16:c2203]
2019-09-03 20:26:05,786 [grpc-default-executor-1] INFO  client.GrpcClientProtocolClient (GrpcClientProtocolClient.java:onNext(255)) - client-CB1B8AC74E59->81367453-3bf0-4298-8a83-8d5c3816df16: receive RaftClientReply:client-CB1B8AC74E59->81367453-3bf0-4298-8a83-8d5c3816df16@group-F6EC397515C5, cid=1579, SUCCESS, logIndex=2204, commits[81367453-3bf0-4298-8a83-8d5c3816df16:c2206]
2019-09-03 20:26:05,786 [grpc-default-executor-1] INFO  client.GrpcClientProtocolClient (GrpcClientProtocolClient.java:onNext(255)) - client-CB1B8AC74E59->81367453-3bf0-4298-8a83-8d5c3816df16: receive RaftClientReply:client-CB1B8AC74E59->81367453-3bf0-4298-8a83-8d5c3816df16@group-F6EC397515C5, cid=1580, SUCCESS, logIndex=2205, commits[81367453-3bf0-4298-8a83-8d5c3816df16:c2206]
2019-09-03 20:26:05,813 [SCMBlockDeletingService#1] DEBUG block.SCMBlockDeletingService (SCMBlockDeletingService.java:call(138)) - Running DeletedBlockTransactionScanner
2019-09-03 20:26:05,813 [SCMBlockDeletingService#1] DEBUG block.SCMBlockDeletingService (SCMBlockDeletingService.java:call(155)) - Scanned deleted blocks log and got 0 delTX to process.
2019-09-03 20:26:05,851 [grpc-default-executor-2] INFO  client.GrpcClientProtocolClient (GrpcClientProtocolClient.java:onNext(255)) - client-CB1B8AC74E59->81367453-3bf0-4298-8a83-8d5c3816df16: receive RaftClientReply:client-CB1B8AC74E59->81367453-3bf0-4298-8a83-8d5c3816df16@group-F6EC397515C5, cid=1581, SUCCESS, logIndex=2207, commits[81367453-3bf0-4298-8a83-8d5c3816df16:c2208]
2019-09-03 20:26:05,852 [grpc-default-executor-2] INFO  client.GrpcClientProtocolClient (GrpcClientProtocolClient.java:onNext(255)) - client-CB1B8AC74E59->81367453-3bf0-4298-8a83-8d5c3816df16: receive RaftClientReply:client-CB1B8AC74E59->81367453-3bf0-4298-8a83-8d5c3816df16@group-F6EC397515C5, cid=1582, SUCCESS, logIndex=2208, commits[81367453-3bf0-4298-8a83-8d5c3816df16:c2208]
2019-09-03 20:26:05,855 [grpc-default-executor-2] INFO  client.GrpcClientProtocolClient (GrpcClientProtocolClient.java:onNext(255)) - client-CB1B8AC74E59->81367453-3bf0-4298-8a83-8d5c3816df16: receive RaftClientReply:client-CB1B8AC74E59->81367453-3bf0-4298-8a83-8d5c3816df16@group-F6EC397515C5, cid=1583, SUCCESS, logIndex=2209, commits[81367453-3bf0-4298-8a83-8d5c3816df16:c2210]
2019-09-03 20:26:05,856 [grpc-default-executor-2] INFO  client.GrpcClientProtocolClient (GrpcClientProtocolClient.java:onNext(255)) - client-CB1B8AC74E59->81367453-3bf0-4298-8a83-8d5c3816df16: receive RaftClientReply:client-CB1B8AC74E59->81367453-3bf0-4298-8a83-8d5c3816df16@group-F6EC397515C5, cid=1584, SUCCESS, logIndex=2210, commits[81367453-3bf0-4298-8a83-8d5c3816df16:c2210]
2019-09-03 20:26:05,887 [grpc-default-executor-2] INFO  client.GrpcClientProtocolClient (GrpcClientProtocolClient.java:onNext(255)) - client-CB1B8AC74E59->81367453-3bf0-4298-8a83-8d5c3816df16: receive RaftClientReply:client-CB1B8AC74E59->81367453-3bf0-4298-8a83-8d5c3816df16@group-F6EC397515C5, cid=1585, SUCCESS, logIndex=2213, commits[81367453-3bf0-4298-8a83-8d5c3816df16:c2214]
2019-09-03 20:26:05,888 [grpc-default-executor-2] INFO  client.GrpcClientProtocolClient (GrpcClientProtocolClient.java:onNext(255)) - client-CB1B8AC74E59->81367453-3bf0-4298-8a83-8d5c3816df16: receive RaftClientReply:client-CB1B8AC74E59->81367453-3bf0-4298-8a83-8d5c3816df16@group-F6EC397515C5, cid=1586, SUCCESS, logIndex=2214, commits[81367453-3bf0-4298-8a83-8d5c3816df16:c2214]
2019-09-03 20:26:05,898 [grpc-default-executor-2] INFO  client.GrpcClientProtocolClient (GrpcClientProtocolClient.java:onNext(255)) - client-CB1B8AC74E59->81367453-3bf0-4298-8a83-8d5c3816df16: receive RaftClientReply:client-CB1B8AC74E59->81367453-3bf0-4298-8a83-8d5c3816df16@group-F6EC397515C5, cid=1587, SUCCESS, logIndex=2215, commits[81367453-3bf0-4298-8a83-8d5c3816df16:c2216]
2019-09-03 20:26:05,899 [grpc-default-executor-2] INFO  client.GrpcClientProtocolClient (GrpcClientProtocolClient.java:onNext(255)) - client-CB1B8AC74E59->81367453-3bf0-4298-8a83-8d5c3816df16: receive RaftClientReply:client-CB1B8AC74E59->81367453-3bf0-4298-8a83-8d5c3816df16@group-F6EC397515C5, cid=1588, SUCCESS, logIndex=2216, commits[81367453-3bf0-4298-8a83-8d5c3816df16:c2216]
2019-09-03 20:26:05,913 [SCMBlockDeletingService#1] DEBUG block.SCMBlockDeletingService (SCMBlockDeletingService.java:call(138)) - Running DeletedBlockTransactionScanner
2019-09-03 20:26:05,914 [SCMBlockDeletingService#1] DEBUG block.SCMBlockDeletingService (SCMBlockDeletingService.java:call(155)) - Scanned deleted blocks log and got 0 delTX to process.
2019-09-03 20:26:05,951 [grpc-default-executor-1] INFO  client.GrpcClientProtocolClient (GrpcClientProtocolClient.java:onNext(255)) - client-CB1B8AC74E59->81367453-3bf0-4298-8a83-8d5c3816df16: receive RaftClientReply:client-CB1B8AC74E59->81367453-3bf0-4298-8a83-8d5c3816df16@group-F6EC397515C5, cid=1589, SUCCESS, logIndex=2219, commits[81367453-3bf0-4298-8a83-8d5c3816df16:c2220]
2019-09-03 20:26:05,951 [grpc-default-executor-1] INFO  client.GrpcClientProtocolClient (GrpcClientProtocolClient.java:onNext(255)) - client-CB1B8AC74E59->81367453-3bf0-4298-8a83-8d5c3816df16: receive RaftClientReply:client-CB1B8AC74E59->81367453-3bf0-4298-8a83-8d5c3816df16@group-F6EC397515C5, cid=1590, SUCCESS, logIndex=2220, commits[81367453-3bf0-4298-8a83-8d5c3816df16:c2220]
2019-09-03 20:26:06,115 [SCMBlockDeletingService#1] DEBUG block.SCMBlockDeletingService (SCMBlockDeletingService.java:call(138)) - Running DeletedBlockTransactionScanner
2019-09-03 20:26:06,115 [SCMBlockDeletingService#1] DEBUG block.SCMBlockDeletingService (SCMBlockDeletingService.java:call(155)) - Scanned deleted blocks log and got 0 delTX to process.
2019-09-03 20:26:06,156 [grpc-default-executor-2] INFO  client.GrpcClientProtocolClient (GrpcClientProtocolClient.java:onNext(255)) - client-CB1B8AC74E59->81367453-3bf0-4298-8a83-8d5c3816df16: receive RaftClientReply:client-CB1B8AC74E59->81367453-3bf0-4298-8a83-8d5c3816df16@group-F6EC397515C5, cid=1591, SUCCESS, logIndex=2222, commits[81367453-3bf0-4298-8a83-8d5c3816df16:c2223]
2019-09-03 20:26:06,157 [grpc-default-executor-2] INFO  client.GrpcClientProtocolClient (GrpcClientProtocolClient.java:onNext(255)) - client-CB1B8AC74E59->81367453-3bf0-4298-8a83-8d5c3816df16: receive RaftClientReply:client-CB1B8AC74E59->81367453-3bf0-4298-8a83-8d5c3816df16@group-F6EC397515C5, cid=1592, SUCCESS, logIndex=2223, commits[81367453-3bf0-4298-8a83-8d5c3816df16:c2223]
2019-09-03 20:26:06,194 [grpc-default-executor-2] INFO  client.GrpcClientProtocolClient (GrpcClientProtocolClient.java:onNext(255)) - client-CB1B8AC74E59->81367453-3bf0-4298-8a83-8d5c3816df16: receive RaftClientReply:client-CB1B8AC74E59->81367453-3bf0-4298-8a83-8d5c3816df16@group-F6EC397515C5, cid=1593, SUCCESS, logIndex=2225, commits[81367453-3bf0-4298-8a83-8d5c3816df16:c2228]
2019-09-03 20:26:06,194 [grpc-default-executor-2] INFO  client.GrpcClientProtocolClient (GrpcClientProtocolClient.java:onNext(255)) - client-CB1B8AC74E59->81367453-3bf0-4298-8a83-8d5c3816df16: receive RaftClientReply:client-CB1B8AC74E59->81367453-3bf0-4298-8a83-8d5c3816df16@group-F6EC397515C5, cid=1594, SUCCESS, logIndex=2226, commits[81367453-3bf0-4298-8a83-8d5c3816df16:c2228]
2019-09-03 20:26:06,195 [grpc-default-executor-2] INFO  client.GrpcClientProtocolClient (GrpcClientProtocolClient.java:onNext(255)) - client-CB1B8AC74E59->81367453-3bf0-4298-8a83-8d5c3816df16: receive RaftClientReply:client-CB1B8AC74E59->81367453-3bf0-4298-8a83-8d5c3816df16@group-F6EC397515C5, cid=1595, SUCCESS, logIndex=2227, commits[81367453-3bf0-4298-8a83-8d5c3816df16:c2228]
2019-09-03 20:26:06,195 [grpc-default-executor-2] INFO  client.GrpcClientProtocolClient (GrpcClientProtocolClient.java:onNext(255)) - client-CB1B8AC74E59->81367453-3bf0-4298-8a83-8d5c3816df16: receive RaftClientReply:client-CB1B8AC74E59->81367453-3bf0-4298-8a83-8d5c3816df16@group-F6EC397515C5, cid=1596, SUCCESS, logIndex=2228, commits[81367453-3bf0-4298-8a83-8d5c3816df16:c2228]
2019-09-03 20:26:06,216 [SCMBlockDeletingService#1] DEBUG block.SCMBlockDeletingService (SCMBlockDeletingService.java:call(138)) - Running DeletedBlockTransactionScanner
2019-09-03 20:26:06,216 [SCMBlockDeletingService#1] DEBUG block.SCMBlockDeletingService (SCMBlockDeletingService.java:call(155)) - Scanned deleted blocks log and got 0 delTX to process.
2019-09-03 20:26:06,230 [grpc-default-executor-1] INFO  client.GrpcClientProtocolClient (GrpcClientProtocolClient.java:onNext(255)) - client-CB1B8AC74E59->81367453-3bf0-4298-8a83-8d5c3816df16: receive RaftClientReply:client-CB1B8AC74E59->81367453-3bf0-4298-8a83-8d5c3816df16@group-F6EC397515C5, cid=1597, SUCCESS, logIndex=2230, commits[81367453-3bf0-4298-8a83-8d5c3816df16:c2233]
2019-09-03 20:26:06,231 [grpc-default-executor-1] INFO  client.GrpcClientProtocolClient (GrpcClientProtocolClient.java:onNext(255)) - client-CB1B8AC74E59->81367453-3bf0-4298-8a83-8d5c3816df16: receive RaftClientReply:client-CB1B8AC74E59->81367453-3bf0-4298-8a83-8d5c3816df16@group-F6EC397515C5, cid=1598, SUCCESS, logIndex=2231, commits[81367453-3bf0-4298-8a83-8d5c3816df16:c2233]
2019-09-03 20:26:06,231 [grpc-default-executor-1] INFO  client.GrpcClientProtocolClient (GrpcClientProtocolClient.java:onNext(255)) - client-CB1B8AC74E59->81367453-3bf0-4298-8a83-8d5c3816df16: receive RaftClientReply:client-CB1B8AC74E59->81367453-3bf0-4298-8a83-8d5c3816df16@group-F6EC397515C5, cid=1599, SUCCESS, logIndex=2232, commits[81367453-3bf0-4298-8a83-8d5c3816df16:c2233]
2019-09-03 20:26:06,232 [grpc-default-executor-1] INFO  client.GrpcClientProtocolClient (GrpcClientProtocolClient.java:onNext(255)) - client-CB1B8AC74E59->81367453-3bf0-4298-8a83-8d5c3816df16: receive RaftClientReply:client-CB1B8AC74E59->81367453-3bf0-4298-8a83-8d5c3816df16@group-F6EC397515C5, cid=1600, SUCCESS, logIndex=2233, commits[81367453-3bf0-4298-8a83-8d5c3816df16:c2233]
2019-09-03 20:26:06,294 [grpc-default-executor-2] INFO  client.GrpcClientProtocolClient (GrpcClientProtocolClient.java:onNext(255)) - client-CB1B8AC74E59->81367453-3bf0-4298-8a83-8d5c3816df16: receive RaftClientReply:client-CB1B8AC74E59->81367453-3bf0-4298-8a83-8d5c3816df16@group-F6EC397515C5, cid=1601, SUCCESS, logIndex=2235, commits[81367453-3bf0-4298-8a83-8d5c3816df16:c2236]
2019-09-03 20:26:06,295 [grpc-default-executor-2] INFO  client.GrpcClientProtocolClient (GrpcClientProtocolClient.java:onNext(255)) - client-CB1B8AC74E59->81367453-3bf0-4298-8a83-8d5c3816df16: receive RaftClientReply:client-CB1B8AC74E59->81367453-3bf0-4298-8a83-8d5c3816df16@group-F6EC397515C5, cid=1602, SUCCESS, logIndex=2236, commits[81367453-3bf0-4298-8a83-8d5c3816df16:c2238]
2019-09-03 20:26:06,295 [grpc-default-executor-2] INFO  client.GrpcClientProtocolClient (GrpcClientProtocolClient.java:onNext(255)) - client-CB1B8AC74E59->81367453-3bf0-4298-8a83-8d5c3816df16: receive RaftClientReply:client-CB1B8AC74E59->81367453-3bf0-4298-8a83-8d5c3816df16@group-F6EC397515C5, cid=1603, SUCCESS, logIndex=2237, commits[81367453-3bf0-4298-8a83-8d5c3816df16:c2238]
2019-09-03 20:26:06,295 [grpc-default-executor-2] INFO  client.GrpcClientProtocolClient (GrpcClientProtocolClient.java:onNext(255)) - client-CB1B8AC74E59->81367453-3bf0-4298-8a83-8d5c3816df16: receive RaftClientReply:client-CB1B8AC74E59->81367453-3bf0-4298-8a83-8d5c3816df16@group-F6EC397515C5, cid=1604, SUCCESS, logIndex=2238, commits[81367453-3bf0-4298-8a83-8d5c3816df16:c2238]
2019-09-03 20:26:06,316 [grpc-default-executor-2] INFO  client.GrpcClientProtocolClient (GrpcClientProtocolClient.java:onNext(255)) - client-CB1B8AC74E59->81367453-3bf0-4298-8a83-8d5c3816df16: receive RaftClientReply:client-CB1B8AC74E59->81367453-3bf0-4298-8a83-8d5c3816df16@group-F6EC397515C5, cid=1605, SUCCESS, logIndex=2241, commits[81367453-3bf0-4298-8a83-8d5c3816df16:c2244]
2019-09-03 20:26:06,316 [SCMBlockDeletingService#1] DEBUG block.SCMBlockDeletingService (SCMBlockDeletingService.java:call(138)) - Running DeletedBlockTransactionScanner
2019-09-03 20:26:06,316 [grpc-default-executor-2] INFO  client.GrpcClientProtocolClient (GrpcClientProtocolClient.java:onNext(255)) - client-CB1B8AC74E59->81367453-3bf0-4298-8a83-8d5c3816df16: receive RaftClientReply:client-CB1B8AC74E59->81367453-3bf0-4298-8a83-8d5c3816df16@group-F6EC397515C5, cid=1606, SUCCESS, logIndex=2242, commits[81367453-3bf0-4298-8a83-8d5c3816df16:c2244]
2019-09-03 20:26:06,317 [SCMBlockDeletingService#1] DEBUG block.SCMBlockDeletingService (SCMBlockDeletingService.java:call(155)) - Scanned deleted blocks log and got 0 delTX to process.
2019-09-03 20:26:06,317 [grpc-default-executor-2] INFO  client.GrpcClientProtocolClient (GrpcClientProtocolClient.java:onNext(255)) - client-CB1B8AC74E59->81367453-3bf0-4298-8a83-8d5c3816df16: receive RaftClientReply:client-CB1B8AC74E59->81367453-3bf0-4298-8a83-8d5c3816df16@group-F6EC397515C5, cid=1607, SUCCESS, logIndex=2243, commits[81367453-3bf0-4298-8a83-8d5c3816df16:c2244]
2019-09-03 20:26:06,317 [grpc-default-executor-2] INFO  client.GrpcClientProtocolClient (GrpcClientProtocolClient.java:onNext(255)) - client-CB1B8AC74E59->81367453-3bf0-4298-8a83-8d5c3816df16: receive RaftClientReply:client-CB1B8AC74E59->81367453-3bf0-4298-8a83-8d5c3816df16@group-F6EC397515C5, cid=1608, SUCCESS, logIndex=2244, commits[81367453-3bf0-4298-8a83-8d5c3816df16:c2244]
2019-09-03 20:26:06,337 [grpc-default-executor-1] INFO  client.GrpcClientProtocolClient (GrpcClientProtocolClient.java:onNext(255)) - client-CB1B8AC74E59->81367453-3bf0-4298-8a83-8d5c3816df16: receive RaftClientReply:client-CB1B8AC74E59->81367453-3bf0-4298-8a83-8d5c3816df16@group-F6EC397515C5, cid=1609, SUCCESS, logIndex=2246, commits[81367453-3bf0-4298-8a83-8d5c3816df16:c2247]
2019-09-03 20:26:06,338 [grpc-default-executor-1] INFO  client.GrpcClientProtocolClient (GrpcClientProtocolClient.java:onNext(255)) - client-CB1B8AC74E59->81367453-3bf0-4298-8a83-8d5c3816df16: receive RaftClientReply:client-CB1B8AC74E59->81367453-3bf0-4298-8a83-8d5c3816df16@group-F6EC397515C5, cid=1610, SUCCESS, logIndex=2247, commits[81367453-3bf0-4298-8a83-8d5c3816df16:c2247]
2019-09-03 20:26:06,348 [grpc-default-executor-1] INFO  client.GrpcClientProtocolClient (GrpcClientProtocolClient.java:onNext(255)) - client-CB1B8AC74E59->81367453-3bf0-4298-8a83-8d5c3816df16: receive RaftClientReply:client-CB1B8AC74E59->81367453-3bf0-4298-8a83-8d5c3816df16@group-F6EC397515C5, cid=1611, SUCCESS, logIndex=2248, commits[81367453-3bf0-4298-8a83-8d5c3816df16:c2250]
2019-09-03 20:26:06,352 [grpc-default-executor-1] INFO  client.GrpcClientProtocolClient (GrpcClientProtocolClient.java:onNext(255)) - client-CB1B8AC74E59->81367453-3bf0-4298-8a83-8d5c3816df16: receive RaftClientReply:client-CB1B8AC74E59->81367453-3bf0-4298-8a83-8d5c3816df16@group-F6EC397515C5, cid=1612, SUCCESS, logIndex=2249, commits[81367453-3bf0-4298-8a83-8d5c3816df16:c2250]
2019-09-03 20:26:06,378 [grpc-default-executor-1] INFO  client.GrpcClientProtocolClient (GrpcClientProtocolClient.java:onNext(255)) - client-CB1B8AC74E59->81367453-3bf0-4298-8a83-8d5c3816df16: receive RaftClientReply:client-CB1B8AC74E59->81367453-3bf0-4298-8a83-8d5c3816df16@group-F6EC397515C5, cid=1613, SUCCESS, logIndex=2251, commits[81367453-3bf0-4298-8a83-8d5c3816df16:c2252]
2019-09-03 20:26:06,378 [grpc-default-executor-1] INFO  client.GrpcClientProtocolClient (GrpcClientProtocolClient.java:onNext(255)) - client-CB1B8AC74E59->81367453-3bf0-4298-8a83-8d5c3816df16: receive RaftClientReply:client-CB1B8AC74E59->81367453-3bf0-4298-8a83-8d5c3816df16@group-F6EC397515C5, cid=1614, SUCCESS, logIndex=2252, commits[81367453-3bf0-4298-8a83-8d5c3816df16:c2252]
2019-09-03 20:26:06,384 [grpc-default-executor-1] INFO  client.GrpcClientProtocolClient (GrpcClientProtocolClient.java:onNext(255)) - client-CB1B8AC74E59->81367453-3bf0-4298-8a83-8d5c3816df16: receive RaftClientReply:client-CB1B8AC74E59->81367453-3bf0-4298-8a83-8d5c3816df16@group-F6EC397515C5, cid=1615, SUCCESS, logIndex=2253, commits[81367453-3bf0-4298-8a83-8d5c3816df16:c2254]
2019-09-03 20:26:06,385 [grpc-default-executor-1] INFO  client.GrpcClientProtocolClient (GrpcClientProtocolClient.java:onNext(255)) - client-CB1B8AC74E59->81367453-3bf0-4298-8a83-8d5c3816df16: receive RaftClientReply:client-CB1B8AC74E59->81367453-3bf0-4298-8a83-8d5c3816df16@group-F6EC397515C5, cid=1616, SUCCESS, logIndex=2254, commits[81367453-3bf0-4298-8a83-8d5c3816df16:c2254]
2019-09-03 20:26:06,417 [SCMBlockDeletingService#1] DEBUG block.SCMBlockDeletingService (SCMBlockDeletingService.java:call(138)) - Running DeletedBlockTransactionScanner
2019-09-03 20:26:06,417 [SCMBlockDeletingService#1] DEBUG block.SCMBlockDeletingService (SCMBlockDeletingService.java:call(155)) - Scanned deleted blocks log and got 0 delTX to process.
2019-09-03 20:26:06,418 [grpc-default-executor-1] INFO  client.GrpcClientProtocolClient (GrpcClientProtocolClient.java:onNext(255)) - client-CB1B8AC74E59->81367453-3bf0-4298-8a83-8d5c3816df16: receive RaftClientReply:client-CB1B8AC74E59->81367453-3bf0-4298-8a83-8d5c3816df16@group-F6EC397515C5, cid=1617, SUCCESS, logIndex=2257, commits[81367453-3bf0-4298-8a83-8d5c3816df16:c2260]
2019-09-03 20:26:06,419 [grpc-default-executor-1] INFO  client.GrpcClientProtocolClient (GrpcClientProtocolClient.java:onNext(255)) - client-CB1B8AC74E59->81367453-3bf0-4298-8a83-8d5c3816df16: receive RaftClientReply:client-CB1B8AC74E59->81367453-3bf0-4298-8a83-8d5c3816df16@group-F6EC397515C5, cid=1618, SUCCESS, logIndex=2258, commits[81367453-3bf0-4298-8a83-8d5c3816df16:c2260]
2019-09-03 20:26:06,420 [grpc-default-executor-1] INFO  client.GrpcClientProtocolClient (GrpcClientProtocolClient.java:onNext(255)) - client-CB1B8AC74E59->81367453-3bf0-4298-8a83-8d5c3816df16: receive RaftClientReply:client-CB1B8AC74E59->81367453-3bf0-4298-8a83-8d5c3816df16@group-F6EC397515C5, cid=1619, SUCCESS, logIndex=2259, commits[81367453-3bf0-4298-8a83-8d5c3816df16:c2260]
2019-09-03 20:26:06,420 [grpc-default-executor-1] INFO  client.GrpcClientProtocolClient (GrpcClientProtocolClient.java:onNext(255)) - client-CB1B8AC74E59->81367453-3bf0-4298-8a83-8d5c3816df16: receive RaftClientReply:client-CB1B8AC74E59->81367453-3bf0-4298-8a83-8d5c3816df16@group-F6EC397515C5, cid=1620, SUCCESS, logIndex=2260, commits[81367453-3bf0-4298-8a83-8d5c3816df16:c2260]
2019-09-03 20:26:06,458 [grpc-default-executor-2] INFO  client.GrpcClientProtocolClient (GrpcClientProtocolClient.java:onNext(255)) - client-CB1B8AC74E59->81367453-3bf0-4298-8a83-8d5c3816df16: receive RaftClientReply:client-CB1B8AC74E59->81367453-3bf0-4298-8a83-8d5c3816df16@group-F6EC397515C5, cid=1621, SUCCESS, logIndex=2262, commits[81367453-3bf0-4298-8a83-8d5c3816df16:c2263]
2019-09-03 20:26:06,459 [grpc-default-executor-2] INFO  client.GrpcClientProtocolClient (GrpcClientProtocolClient.java:onNext(255)) - client-CB1B8AC74E59->81367453-3bf0-4298-8a83-8d5c3816df16: receive RaftClientReply:client-CB1B8AC74E59->81367453-3bf0-4298-8a83-8d5c3816df16@group-F6EC397515C5, cid=1622, SUCCESS, logIndex=2263, commits[81367453-3bf0-4298-8a83-8d5c3816df16:c2263]
2019-09-03 20:26:06,472 [grpc-default-executor-2] INFO  client.GrpcClientProtocolClient (GrpcClientProtocolClient.java:onNext(255)) - client-CB1B8AC74E59->81367453-3bf0-4298-8a83-8d5c3816df16: receive RaftClientReply:client-CB1B8AC74E59->81367453-3bf0-4298-8a83-8d5c3816df16@group-F6EC397515C5, cid=1623, SUCCESS, logIndex=2264, commits[81367453-3bf0-4298-8a83-8d5c3816df16:c2265]
2019-09-03 20:26:06,472 [grpc-default-executor-2] INFO  client.GrpcClientProtocolClient (GrpcClientProtocolClient.java:onNext(255)) - client-CB1B8AC74E59->81367453-3bf0-4298-8a83-8d5c3816df16: receive RaftClientReply:client-CB1B8AC74E59->81367453-3bf0-4298-8a83-8d5c3816df16@group-F6EC397515C5, cid=1624, SUCCESS, logIndex=2265, commits[81367453-3bf0-4298-8a83-8d5c3816df16:c2265]
2019-09-03 20:26:06,509 [grpc-default-executor-2] INFO  client.GrpcClientProtocolClient (GrpcClientProtocolClient.java:onNext(255)) - client-CB1B8AC74E59->81367453-3bf0-4298-8a83-8d5c3816df16: receive RaftClientReply:client-CB1B8AC74E59->81367453-3bf0-4298-8a83-8d5c3816df16@group-F6EC397515C5, cid=1625, SUCCESS, logIndex=2268, commits[81367453-3bf0-4298-8a83-8d5c3816df16:c2269]
2019-09-03 20:26:06,509 [grpc-default-executor-2] INFO  client.GrpcClientProtocolClient (GrpcClientProtocolClient.java:onNext(255)) - client-CB1B8AC74E59->81367453-3bf0-4298-8a83-8d5c3816df16: receive RaftClientReply:client-CB1B8AC74E59->81367453-3bf0-4298-8a83-8d5c3816df16@group-F6EC397515C5, cid=1626, SUCCESS, logIndex=2269, commits[81367453-3bf0-4298-8a83-8d5c3816df16:c2269]
2019-09-03 20:26:06,510 [grpc-default-executor-2] INFO  client.GrpcClientProtocolClient (GrpcClientProtocolClient.java:onNext(255)) - client-CB1B8AC74E59->81367453-3bf0-4298-8a83-8d5c3816df16: receive RaftClientReply:client-CB1B8AC74E59->81367453-3bf0-4298-8a83-8d5c3816df16@group-F6EC397515C5, cid=1627, SUCCESS, logIndex=2270, commits[81367453-3bf0-4298-8a83-8d5c3816df16:c2271]
2019-09-03 20:26:06,511 [grpc-default-executor-2] INFO  client.GrpcClientProtocolClient (GrpcClientProtocolClient.java:onNext(255)) - client-CB1B8AC74E59->81367453-3bf0-4298-8a83-8d5c3816df16: receive RaftClientReply:client-CB1B8AC74E59->81367453-3bf0-4298-8a83-8d5c3816df16@group-F6EC397515C5, cid=1628, SUCCESS, logIndex=2271, commits[81367453-3bf0-4298-8a83-8d5c3816df16:c2271]
2019-09-03 20:26:06,518 [SCMBlockDeletingService#1] DEBUG block.SCMBlockDeletingService (SCMBlockDeletingService.java:call(138)) - Running DeletedBlockTransactionScanner
2019-09-03 20:26:06,518 [SCMBlockDeletingService#1] DEBUG block.SCMBlockDeletingService (SCMBlockDeletingService.java:call(155)) - Scanned deleted blocks log and got 0 delTX to process.
2019-09-03 20:26:06,528 [grpc-default-executor-1] INFO  client.GrpcClientProtocolClient (GrpcClientProtocolClient.java:onNext(255)) - client-CB1B8AC74E59->81367453-3bf0-4298-8a83-8d5c3816df16: receive RaftClientReply:client-CB1B8AC74E59->81367453-3bf0-4298-8a83-8d5c3816df16@group-F6EC397515C5, cid=1629, SUCCESS, logIndex=2274, commits[81367453-3bf0-4298-8a83-8d5c3816df16:c2275]
2019-09-03 20:26:06,529 [grpc-default-executor-1] INFO  client.GrpcClientProtocolClient (GrpcClientProtocolClient.java:onNext(255)) - client-CB1B8AC74E59->81367453-3bf0-4298-8a83-8d5c3816df16: receive RaftClientReply:client-CB1B8AC74E59->81367453-3bf0-4298-8a83-8d5c3816df16@group-F6EC397515C5, cid=1630, SUCCESS, logIndex=2275, commits[81367453-3bf0-4298-8a83-8d5c3816df16:c2275]
2019-09-03 20:26:06,540 [grpc-default-executor-1] INFO  client.GrpcClientProtocolClient (GrpcClientProtocolClient.java:onNext(255)) - client-CB1B8AC74E59->81367453-3bf0-4298-8a83-8d5c3816df16: receive RaftClientReply:client-CB1B8AC74E59->81367453-3bf0-4298-8a83-8d5c3816df16@group-F6EC397515C5, cid=1631, SUCCESS, logIndex=2276, commits[81367453-3bf0-4298-8a83-8d5c3816df16:c2277]
2019-09-03 20:26:06,540 [grpc-default-executor-1] INFO  client.GrpcClientProtocolClient (GrpcClientProtocolClient.java:onNext(255)) - client-CB1B8AC74E59->81367453-3bf0-4298-8a83-8d5c3816df16: receive RaftClientReply:client-CB1B8AC74E59->81367453-3bf0-4298-8a83-8d5c3816df16@group-F6EC397515C5, cid=1632, SUCCESS, logIndex=2277, commits[81367453-3bf0-4298-8a83-8d5c3816df16:c2277]
2019-09-03 20:26:06,574 [grpc-default-executor-2] INFO  client.GrpcClientProtocolClient (GrpcClientProtocolClient.java:onNext(255)) - client-CB1B8AC74E59->81367453-3bf0-4298-8a83-8d5c3816df16: receive RaftClientReply:client-CB1B8AC74E59->81367453-3bf0-4298-8a83-8d5c3816df16@group-F6EC397515C5, cid=1633, SUCCESS, logIndex=2280, commits[81367453-3bf0-4298-8a83-8d5c3816df16:c2281]
2019-09-03 20:26:06,575 [grpc-default-executor-2] INFO  client.GrpcClientProtocolClient (GrpcClientProtocolClient.java:onNext(255)) - client-CB1B8AC74E59->81367453-3bf0-4298-8a83-8d5c3816df16: receive RaftClientReply:client-CB1B8AC74E59->81367453-3bf0-4298-8a83-8d5c3816df16@group-F6EC397515C5, cid=1634, SUCCESS, logIndex=2281, commits[81367453-3bf0-4298-8a83-8d5c3816df16:c2281]
2019-09-03 20:26:06,618 [SCMBlockDeletingService#1] DEBUG block.SCMBlockDeletingService (SCMBlockDeletingService.java:call(138)) - Running DeletedBlockTransactionScanner
2019-09-03 20:26:06,619 [SCMBlockDeletingService#1] DEBUG block.SCMBlockDeletingService (SCMBlockDeletingService.java:call(155)) - Scanned deleted blocks log and got 0 delTX to process.
2019-09-03 20:26:06,719 [SCMBlockDeletingService#1] DEBUG block.SCMBlockDeletingService (SCMBlockDeletingService.java:call(138)) - Running DeletedBlockTransactionScanner
2019-09-03 20:26:06,719 [SCMBlockDeletingService#1] DEBUG block.SCMBlockDeletingService (SCMBlockDeletingService.java:call(155)) - Scanned deleted blocks log and got 0 delTX to process.
2019-09-03 20:26:06,722 [grpc-default-executor-1] INFO  client.GrpcClientProtocolClient (GrpcClientProtocolClient.java:onNext(255)) - client-CB1B8AC74E59->81367453-3bf0-4298-8a83-8d5c3816df16: receive RaftClientReply:client-CB1B8AC74E59->81367453-3bf0-4298-8a83-8d5c3816df16@group-F6EC397515C5, cid=1635, SUCCESS, logIndex=2283, commits[81367453-3bf0-4298-8a83-8d5c3816df16:c2284]
2019-09-03 20:26:06,722 [grpc-default-executor-1] INFO  client.GrpcClientProtocolClient (GrpcClientProtocolClient.java:onNext(255)) - client-CB1B8AC74E59->81367453-3bf0-4298-8a83-8d5c3816df16: receive RaftClientReply:client-CB1B8AC74E59->81367453-3bf0-4298-8a83-8d5c3816df16@group-F6EC397515C5, cid=1636, SUCCESS, logIndex=2284, commits[81367453-3bf0-4298-8a83-8d5c3816df16:c2284]
2019-09-03 20:26:06,739 [grpc-default-executor-2] INFO  client.GrpcClientProtocolClient (GrpcClientProtocolClient.java:onNext(255)) - client-CB1B8AC74E59->81367453-3bf0-4298-8a83-8d5c3816df16: receive RaftClientReply:client-CB1B8AC74E59->81367453-3bf0-4298-8a83-8d5c3816df16@group-F6EC397515C5, cid=1637, SUCCESS, logIndex=2286, commits[81367453-3bf0-4298-8a83-8d5c3816df16:c2287]
2019-09-03 20:26:06,740 [grpc-default-executor-2] INFO  client.GrpcClientProtocolClient (GrpcClientProtocolClient.java:onNext(255)) - client-CB1B8AC74E59->81367453-3bf0-4298-8a83-8d5c3816df16: receive RaftClientReply:client-CB1B8AC74E59->81367453-3bf0-4298-8a83-8d5c3816df16@group-F6EC397515C5, cid=1638, SUCCESS, logIndex=2287, commits[81367453-3bf0-4298-8a83-8d5c3816df16:c2287]
2019-09-03 20:26:06,745 [grpc-default-executor-2] INFO  client.GrpcClientProtocolClient (GrpcClientProtocolClient.java:onNext(255)) - client-CB1B8AC74E59->81367453-3bf0-4298-8a83-8d5c3816df16: receive RaftClientReply:client-CB1B8AC74E59->81367453-3bf0-4298-8a83-8d5c3816df16@group-F6EC397515C5, cid=1639, SUCCESS, logIndex=2288, commits[81367453-3bf0-4298-8a83-8d5c3816df16:c2289]
2019-09-03 20:26:06,745 [grpc-default-executor-2] INFO  client.GrpcClientProtocolClient (GrpcClientProtocolClient.java:onNext(255)) - client-CB1B8AC74E59->81367453-3bf0-4298-8a83-8d5c3816df16: receive RaftClientReply:client-CB1B8AC74E59->81367453-3bf0-4298-8a83-8d5c3816df16@group-F6EC397515C5, cid=1640, SUCCESS, logIndex=2289, commits[81367453-3bf0-4298-8a83-8d5c3816df16:c2289]
2019-09-03 20:26:06,780 [grpc-default-executor-1] INFO  client.GrpcClientProtocolClient (GrpcClientProtocolClient.java:onNext(255)) - client-CB1B8AC74E59->81367453-3bf0-4298-8a83-8d5c3816df16: receive RaftClientReply:client-CB1B8AC74E59->81367453-3bf0-4298-8a83-8d5c3816df16@group-F6EC397515C5, cid=1641, SUCCESS, logIndex=2292, commits[81367453-3bf0-4298-8a83-8d5c3816df16:c2293]
2019-09-03 20:26:06,781 [grpc-default-executor-1] INFO  client.GrpcClientProtocolClient (GrpcClientProtocolClient.java:onNext(255)) - client-CB1B8AC74E59->81367453-3bf0-4298-8a83-8d5c3816df16: receive RaftClientReply:client-CB1B8AC74E59->81367453-3bf0-4298-8a83-8d5c3816df16@group-F6EC397515C5, cid=1642, SUCCESS, logIndex=2293, commits[81367453-3bf0-4298-8a83-8d5c3816df16:c2295]
2019-09-03 20:26:06,782 [grpc-default-executor-1] INFO  client.GrpcClientProtocolClient (GrpcClientProtocolClient.java:onNext(255)) - client-CB1B8AC74E59->81367453-3bf0-4298-8a83-8d5c3816df16: receive RaftClientReply:client-CB1B8AC74E59->81367453-3bf0-4298-8a83-8d5c3816df16@group-F6EC397515C5, cid=1643, SUCCESS, logIndex=2294, commits[81367453-3bf0-4298-8a83-8d5c3816df16:c2295]
2019-09-03 20:26:06,782 [grpc-default-executor-1] INFO  client.GrpcClientProtocolClient (GrpcClientProtocolClient.java:onNext(255)) - client-CB1B8AC74E59->81367453-3bf0-4298-8a83-8d5c3816df16: receive RaftClientReply:client-CB1B8AC74E59->81367453-3bf0-4298-8a83-8d5c3816df16@group-F6EC397515C5, cid=1644, SUCCESS, logIndex=2295, commits[81367453-3bf0-4298-8a83-8d5c3816df16:c2295]
2019-09-03 20:26:06,820 [SCMBlockDeletingService#1] DEBUG block.SCMBlockDeletingService (SCMBlockDeletingService.java:call(138)) - Running DeletedBlockTransactionScanner
2019-09-03 20:26:06,820 [SCMBlockDeletingService#1] DEBUG block.SCMBlockDeletingService (SCMBlockDeletingService.java:call(155)) - Scanned deleted blocks log and got 0 delTX to process.
2019-09-03 20:26:06,890 [grpc-default-executor-1] INFO  client.GrpcClientProtocolClient (GrpcClientProtocolClient.java:onNext(255)) - client-CB1B8AC74E59->81367453-3bf0-4298-8a83-8d5c3816df16: receive RaftClientReply:client-CB1B8AC74E59->81367453-3bf0-4298-8a83-8d5c3816df16@group-F6EC397515C5, cid=1645, SUCCESS, logIndex=2298, commits[81367453-3bf0-4298-8a83-8d5c3816df16:c2299]
2019-09-03 20:26:06,891 [grpc-default-executor-1] INFO  client.GrpcClientProtocolClient (GrpcClientProtocolClient.java:onNext(255)) - client-CB1B8AC74E59->81367453-3bf0-4298-8a83-8d5c3816df16: receive RaftClientReply:client-CB1B8AC74E59->81367453-3bf0-4298-8a83-8d5c3816df16@group-F6EC397515C5, cid=1646, SUCCESS, logIndex=2299, commits[81367453-3bf0-4298-8a83-8d5c3816df16:c2299]
2019-09-03 20:26:06,900 [grpc-default-executor-1] INFO  client.GrpcClientProtocolClient (GrpcClientProtocolClient.java:onNext(255)) - client-CB1B8AC74E59->81367453-3bf0-4298-8a83-8d5c3816df16: receive RaftClientReply:client-CB1B8AC74E59->81367453-3bf0-4298-8a83-8d5c3816df16@group-F6EC397515C5, cid=1647, SUCCESS, logIndex=2300, commits[81367453-3bf0-4298-8a83-8d5c3816df16:c2301]
2019-09-03 20:26:06,901 [grpc-default-executor-1] INFO  client.GrpcClientProtocolClient (GrpcClientProtocolClient.java:onNext(255)) - client-CB1B8AC74E59->81367453-3bf0-4298-8a83-8d5c3816df16: receive RaftClientReply:client-CB1B8AC74E59->81367453-3bf0-4298-8a83-8d5c3816df16@group-F6EC397515C5, cid=1648, SUCCESS, logIndex=2301, commits[81367453-3bf0-4298-8a83-8d5c3816df16:c2301]
2019-09-03 20:26:06,920 [SCMBlockDeletingService#1] DEBUG block.SCMBlockDeletingService (SCMBlockDeletingService.java:call(138)) - Running DeletedBlockTransactionScanner
2019-09-03 20:26:06,921 [SCMBlockDeletingService#1] DEBUG block.SCMBlockDeletingService (SCMBlockDeletingService.java:call(155)) - Scanned deleted blocks log and got 0 delTX to process.
2019-09-03 20:26:06,951 [grpc-default-executor-1] INFO  client.GrpcClientProtocolClient (GrpcClientProtocolClient.java:onNext(255)) - client-CB1B8AC74E59->81367453-3bf0-4298-8a83-8d5c3816df16: receive RaftClientReply:client-CB1B8AC74E59->81367453-3bf0-4298-8a83-8d5c3816df16@group-F6EC397515C5, cid=1649, SUCCESS, logIndex=2304, commits[81367453-3bf0-4298-8a83-8d5c3816df16:c2307]
2019-09-03 20:26:06,952 [grpc-default-executor-1] INFO  client.GrpcClientProtocolClient (GrpcClientProtocolClient.java:onNext(255)) - client-CB1B8AC74E59->81367453-3bf0-4298-8a83-8d5c3816df16: receive RaftClientReply:client-CB1B8AC74E59->81367453-3bf0-4298-8a83-8d5c3816df16@group-F6EC397515C5, cid=1650, SUCCESS, logIndex=2305, commits[81367453-3bf0-4298-8a83-8d5c3816df16:c2307]
2019-09-03 20:26:06,953 [grpc-default-executor-1] INFO  client.GrpcClientProtocolClient (GrpcClientProtocolClient.java:onNext(255)) - client-CB1B8AC74E59->81367453-3bf0-4298-8a83-8d5c3816df16: receive RaftClientReply:client-CB1B8AC74E59->81367453-3bf0-4298-8a83-8d5c3816df16@group-F6EC397515C5, cid=1651, SUCCESS, logIndex=2306, commits[81367453-3bf0-4298-8a83-8d5c3816df16:c2307]
2019-09-03 20:26:06,953 [grpc-default-executor-1] INFO  client.GrpcClientProtocolClient (GrpcClientProtocolClient.java:onNext(255)) - client-CB1B8AC74E59->81367453-3bf0-4298-8a83-8d5c3816df16: receive RaftClientReply:client-CB1B8AC74E59->81367453-3bf0-4298-8a83-8d5c3816df16@group-F6EC397515C5, cid=1652, SUCCESS, logIndex=2307, commits[81367453-3bf0-4298-8a83-8d5c3816df16:c2307]
2019-09-03 20:26:06,972 [grpc-default-executor-1] INFO  client.GrpcClientProtocolClient (GrpcClientProtocolClient.java:onNext(255)) - client-CB1B8AC74E59->81367453-3bf0-4298-8a83-8d5c3816df16: receive RaftClientReply:client-CB1B8AC74E59->81367453-3bf0-4298-8a83-8d5c3816df16@group-F6EC397515C5, cid=1653, SUCCESS, logIndex=2309, commits[81367453-3bf0-4298-8a83-8d5c3816df16:c2312]
2019-09-03 20:26:06,972 [grpc-default-executor-1] INFO  client.GrpcClientProtocolClient (GrpcClientProtocolClient.java:onNext(255)) - client-CB1B8AC74E59->81367453-3bf0-4298-8a83-8d5c3816df16: receive RaftClientReply:client-CB1B8AC74E59->81367453-3bf0-4298-8a83-8d5c3816df16@group-F6EC397515C5, cid=1654, SUCCESS, logIndex=2310, commits[81367453-3bf0-4298-8a83-8d5c3816df16:c2312]
2019-09-03 20:26:06,973 [grpc-default-executor-1] INFO  client.GrpcClientProtocolClient (GrpcClientProtocolClient.java:onNext(255)) - client-CB1B8AC74E59->81367453-3bf0-4298-8a83-8d5c3816df16: receive RaftClientReply:client-CB1B8AC74E59->81367453-3bf0-4298-8a83-8d5c3816df16@group-F6EC397515C5, cid=1655, SUCCESS, logIndex=2311, commits[81367453-3bf0-4298-8a83-8d5c3816df16:c2312]
2019-09-03 20:26:06,973 [grpc-default-executor-1] INFO  client.GrpcClientProtocolClient (GrpcClientProtocolClient.java:onNext(255)) - client-CB1B8AC74E59->81367453-3bf0-4298-8a83-8d5c3816df16: receive RaftClientReply:client-CB1B8AC74E59->81367453-3bf0-4298-8a83-8d5c3816df16@group-F6EC397515C5, cid=1656, SUCCESS, logIndex=2312, commits[81367453-3bf0-4298-8a83-8d5c3816df16:c2312]
2019-09-03 20:26:07,019 [grpc-default-executor-1] INFO  client.GrpcClientProtocolClient (GrpcClientProtocolClient.java:onNext(255)) - client-CB1B8AC74E59->81367453-3bf0-4298-8a83-8d5c3816df16: receive RaftClientReply:client-CB1B8AC74E59->81367453-3bf0-4298-8a83-8d5c3816df16@group-F6EC397515C5, cid=1657, SUCCESS, logIndex=2314, commits[81367453-3bf0-4298-8a83-8d5c3816df16:c2315]
2019-09-03 20:26:07,020 [grpc-default-executor-1] INFO  client.GrpcClientProtocolClient (GrpcClientProtocolClient.java:onNext(255)) - client-CB1B8AC74E59->81367453-3bf0-4298-8a83-8d5c3816df16: receive RaftClientReply:client-CB1B8AC74E59->81367453-3bf0-4298-8a83-8d5c3816df16@group-F6EC397515C5, cid=1658, SUCCESS, logIndex=2315, commits[81367453-3bf0-4298-8a83-8d5c3816df16:c2315]
2019-09-03 20:26:07,020 [grpc-default-executor-1] INFO  client.GrpcClientProtocolClient (GrpcClientProtocolClient.java:onNext(255)) - client-CB1B8AC74E59->81367453-3bf0-4298-8a83-8d5c3816df16: receive RaftClientReply:client-CB1B8AC74E59->81367453-3bf0-4298-8a83-8d5c3816df16@group-F6EC397515C5, cid=1659, SUCCESS, logIndex=2316, commits[81367453-3bf0-4298-8a83-8d5c3816df16:c2317]
2019-09-03 20:26:07,020 [grpc-default-executor-1] INFO  client.GrpcClientProtocolClient (GrpcClientProtocolClient.java:onNext(255)) - client-CB1B8AC74E59->81367453-3bf0-4298-8a83-8d5c3816df16: receive RaftClientReply:client-CB1B8AC74E59->81367453-3bf0-4298-8a83-8d5c3816df16@group-F6EC397515C5, cid=1660, SUCCESS, logIndex=2317, commits[81367453-3bf0-4298-8a83-8d5c3816df16:c2317]
2019-09-03 20:26:07,021 [SCMBlockDeletingService#1] DEBUG block.SCMBlockDeletingService (SCMBlockDeletingService.java:call(138)) - Running DeletedBlockTransactionScanner
2019-09-03 20:26:07,021 [SCMBlockDeletingService#1] DEBUG block.SCMBlockDeletingService (SCMBlockDeletingService.java:call(155)) - Scanned deleted blocks log and got 0 delTX to process.
2019-09-03 20:26:07,053 [grpc-default-executor-2] INFO  client.GrpcClientProtocolClient (GrpcClientProtocolClient.java:onNext(255)) - client-CB1B8AC74E59->81367453-3bf0-4298-8a83-8d5c3816df16: receive RaftClientReply:client-CB1B8AC74E59->81367453-3bf0-4298-8a83-8d5c3816df16@group-F6EC397515C5, cid=1661, SUCCESS, logIndex=2320, commits[81367453-3bf0-4298-8a83-8d5c3816df16:c2323]
2019-09-03 20:26:07,054 [grpc-default-executor-2] INFO  client.GrpcClientProtocolClient (GrpcClientProtocolClient.java:onNext(255)) - client-CB1B8AC74E59->81367453-3bf0-4298-8a83-8d5c3816df16: receive RaftClientReply:client-CB1B8AC74E59->81367453-3bf0-4298-8a83-8d5c3816df16@group-F6EC397515C5, cid=1662, SUCCESS, logIndex=2321, commits[81367453-3bf0-4298-8a83-8d5c3816df16:c2324]
2019-09-03 20:26:07,054 [grpc-default-executor-2] INFO  client.GrpcClientProtocolClient (GrpcClientProtocolClient.java:onNext(255)) - client-CB1B8AC74E59->81367453-3bf0-4298-8a83-8d5c3816df16: receive RaftClientReply:client-CB1B8AC74E59->81367453-3bf0-4298-8a83-8d5c3816df16@group-F6EC397515C5, cid=1663, SUCCESS, logIndex=2322, commits[81367453-3bf0-4298-8a83-8d5c3816df16:c2324]
2019-09-03 20:26:07,055 [grpc-default-executor-2] INFO  client.GrpcClientProtocolClient (GrpcClientProtocolClient.java:onNext(255)) - client-CB1B8AC74E59->81367453-3bf0-4298-8a83-8d5c3816df16: receive RaftClientReply:client-CB1B8AC74E59->81367453-3bf0-4298-8a83-8d5c3816df16@group-F6EC397515C5, cid=1664, SUCCESS, logIndex=2323, commits[81367453-3bf0-4298-8a83-8d5c3816df16:c2324]
2019-09-03 20:26:07,090 [grpc-default-executor-1] INFO  client.GrpcClientProtocolClient (GrpcClientProtocolClient.java:onNext(255)) - client-CB1B8AC74E59->81367453-3bf0-4298-8a83-8d5c3816df16: receive RaftClientReply:client-CB1B8AC74E59->81367453-3bf0-4298-8a83-8d5c3816df16@group-F6EC397515C5, cid=1665, SUCCESS, logIndex=2325, commits[81367453-3bf0-4298-8a83-8d5c3816df16:c2326]
2019-09-03 20:26:07,091 [grpc-default-executor-1] INFO  client.GrpcClientProtocolClient (GrpcClientProtocolClient.java:onNext(255)) - client-CB1B8AC74E59->81367453-3bf0-4298-8a83-8d5c3816df16: receive RaftClientReply:client-CB1B8AC74E59->81367453-3bf0-4298-8a83-8d5c3816df16@group-F6EC397515C5, cid=1666, SUCCESS, logIndex=2326, commits[81367453-3bf0-4298-8a83-8d5c3816df16:c2326]
2019-09-03 20:26:07,119 [grpc-default-executor-1] INFO  client.GrpcClientProtocolClient (GrpcClientProtocolClient.java:onNext(255)) - client-CB1B8AC74E59->81367453-3bf0-4298-8a83-8d5c3816df16: receive RaftClientReply:client-CB1B8AC74E59->81367453-3bf0-4298-8a83-8d5c3816df16@group-F6EC397515C5, cid=1667, SUCCESS, logIndex=2327, commits[81367453-3bf0-4298-8a83-8d5c3816df16:c2328]
2019-09-03 20:26:07,120 [grpc-default-executor-1] INFO  client.GrpcClientProtocolClient (GrpcClientProtocolClient.java:onNext(255)) - client-CB1B8AC74E59->81367453-3bf0-4298-8a83-8d5c3816df16: receive RaftClientReply:client-CB1B8AC74E59->81367453-3bf0-4298-8a83-8d5c3816df16@group-F6EC397515C5, cid=1668, SUCCESS, logIndex=2328, commits[81367453-3bf0-4298-8a83-8d5c3816df16:c2328]
2019-09-03 20:26:07,122 [SCMBlockDeletingService#1] DEBUG block.SCMBlockDeletingService (SCMBlockDeletingService.java:call(138)) - Running DeletedBlockTransactionScanner
2019-09-03 20:26:07,122 [SCMBlockDeletingService#1] DEBUG block.SCMBlockDeletingService (SCMBlockDeletingService.java:call(155)) - Scanned deleted blocks log and got 0 delTX to process.
2019-09-03 20:26:07,151 [grpc-default-executor-1] INFO  client.GrpcClientProtocolClient (GrpcClientProtocolClient.java:onNext(255)) - client-CB1B8AC74E59->81367453-3bf0-4298-8a83-8d5c3816df16: receive RaftClientReply:client-CB1B8AC74E59->81367453-3bf0-4298-8a83-8d5c3816df16@group-F6EC397515C5, cid=1669, SUCCESS, logIndex=2331, commits[81367453-3bf0-4298-8a83-8d5c3816df16:c2334]
2019-09-03 20:26:07,152 [grpc-default-executor-1] INFO  client.GrpcClientProtocolClient (GrpcClientProtocolClient.java:onNext(255)) - client-CB1B8AC74E59->81367453-3bf0-4298-8a83-8d5c3816df16: receive RaftClientReply:client-CB1B8AC74E59->81367453-3bf0-4298-8a83-8d5c3816df16@group-F6EC397515C5, cid=1670, SUCCESS, logIndex=2332, commits[81367453-3bf0-4298-8a83-8d5c3816df16:c2334]
2019-09-03 20:26:07,152 [grpc-default-executor-1] INFO  client.GrpcClientProtocolClient (GrpcClientProtocolClient.java:onNext(255)) - client-CB1B8AC74E59->81367453-3bf0-4298-8a83-8d5c3816df16: receive RaftClientReply:client-CB1B8AC74E59->81367453-3bf0-4298-8a83-8d5c3816df16@group-F6EC397515C5, cid=1671, SUCCESS, logIndex=2333, commits[81367453-3bf0-4298-8a83-8d5c3816df16:c2334]
2019-09-03 20:26:07,153 [grpc-default-executor-1] INFO  client.GrpcClientProtocolClient (GrpcClientProtocolClient.java:onNext(255)) - client-CB1B8AC74E59->81367453-3bf0-4298-8a83-8d5c3816df16: receive RaftClientReply:client-CB1B8AC74E59->81367453-3bf0-4298-8a83-8d5c3816df16@group-F6EC397515C5, cid=1672, SUCCESS, logIndex=2334, commits[81367453-3bf0-4298-8a83-8d5c3816df16:c2334]
2019-09-03 20:26:07,222 [grpc-default-executor-2] INFO  client.GrpcClientProtocolClient (GrpcClientProtocolClient.java:onNext(255)) - client-CB1B8AC74E59->81367453-3bf0-4298-8a83-8d5c3816df16: receive RaftClientReply:client-CB1B8AC74E59->81367453-3bf0-4298-8a83-8d5c3816df16@group-F6EC397515C5, cid=1673, SUCCESS, logIndex=2336, commits[81367453-3bf0-4298-8a83-8d5c3816df16:c2339]
2019-09-03 20:26:07,222 [SCMBlockDeletingService#1] DEBUG block.SCMBlockDeletingService (SCMBlockDeletingService.java:call(138)) - Running DeletedBlockTransactionScanner
2019-09-03 20:26:07,223 [SCMBlockDeletingService#1] DEBUG block.SCMBlockDeletingService (SCMBlockDeletingService.java:call(155)) - Scanned deleted blocks log and got 0 delTX to process.
2019-09-03 20:26:07,223 [grpc-default-executor-2] INFO  client.GrpcClientProtocolClient (GrpcClientProtocolClient.java:onNext(255)) - client-CB1B8AC74E59->81367453-3bf0-4298-8a83-8d5c3816df16: receive RaftClientReply:client-CB1B8AC74E59->81367453-3bf0-4298-8a83-8d5c3816df16@group-F6EC397515C5, cid=1674, SUCCESS, logIndex=2337, commits[81367453-3bf0-4298-8a83-8d5c3816df16:c2339]
2019-09-03 20:26:07,223 [grpc-default-executor-2] INFO  client.GrpcClientProtocolClient (GrpcClientProtocolClient.java:onNext(255)) - client-CB1B8AC74E59->81367453-3bf0-4298-8a83-8d5c3816df16: receive RaftClientReply:client-CB1B8AC74E59->81367453-3bf0-4298-8a83-8d5c3816df16@group-F6EC397515C5, cid=1675, SUCCESS, logIndex=2338, commits[81367453-3bf0-4298-8a83-8d5c3816df16:c2339]
2019-09-03 20:26:07,224 [grpc-default-executor-2] INFO  client.GrpcClientProtocolClient (GrpcClientProtocolClient.java:onNext(255)) - client-CB1B8AC74E59->81367453-3bf0-4298-8a83-8d5c3816df16: receive RaftClientReply:client-CB1B8AC74E59->81367453-3bf0-4298-8a83-8d5c3816df16@group-F6EC397515C5, cid=1676, SUCCESS, logIndex=2339, commits[81367453-3bf0-4298-8a83-8d5c3816df16:c2339]
2019-09-03 20:26:07,739 [SCMBlockDeletingService#0] DEBUG block.SCMBlockDeletingService (SCMBlockDeletingService.java:call(138)) - Running DeletedBlockTransactionScanner
2019-09-03 20:26:07,739 [SCMBlockDeletingService#0] DEBUG block.SCMBlockDeletingService (SCMBlockDeletingService.java:call(155)) - Scanned deleted blocks log and got 0 delTX to process.
2019-09-03 20:26:07,759 [grpc-default-executor-2] INFO  client.GrpcClientProtocolClient (GrpcClientProtocolClient.java:onNext(255)) - client-CB1B8AC74E59->81367453-3bf0-4298-8a83-8d5c3816df16: receive RaftClientReply:client-CB1B8AC74E59->81367453-3bf0-4298-8a83-8d5c3816df16@group-F6EC397515C5, cid=1677, SUCCESS, logIndex=2341, commits[81367453-3bf0-4298-8a83-8d5c3816df16:c2342]
2019-09-03 20:26:07,760 [grpc-default-executor-2] INFO  client.GrpcClientProtocolClient (GrpcClientProtocolClient.java:onNext(255)) - client-CB1B8AC74E59->81367453-3bf0-4298-8a83-8d5c3816df16: receive RaftClientReply:client-CB1B8AC74E59->81367453-3bf0-4298-8a83-8d5c3816df16@group-F6EC397515C5, cid=1678, SUCCESS, logIndex=2342, commits[81367453-3bf0-4298-8a83-8d5c3816df16:c2342]
2019-09-03 20:26:07,839 [SCMBlockDeletingService#0] DEBUG block.SCMBlockDeletingService (SCMBlockDeletingService.java:call(138)) - Running DeletedBlockTransactionScanner
2019-09-03 20:26:07,840 [SCMBlockDeletingService#0] DEBUG block.SCMBlockDeletingService (SCMBlockDeletingService.java:call(155)) - Scanned deleted blocks log and got 0 delTX to process.
2019-09-03 20:26:07,869 [grpc-default-executor-1] INFO  client.GrpcClientProtocolClient (GrpcClientProtocolClient.java:onNext(255)) - client-CB1B8AC74E59->81367453-3bf0-4298-8a83-8d5c3816df16: receive RaftClientReply:client-CB1B8AC74E59->81367453-3bf0-4298-8a83-8d5c3816df16@group-F6EC397515C5, cid=1679, SUCCESS, logIndex=2344, commits[81367453-3bf0-4298-8a83-8d5c3816df16:c2345]
2019-09-03 20:26:07,869 [grpc-default-executor-1] INFO  client.GrpcClientProtocolClient (GrpcClientProtocolClient.java:onNext(255)) - client-CB1B8AC74E59->81367453-3bf0-4298-8a83-8d5c3816df16: receive RaftClientReply:client-CB1B8AC74E59->81367453-3bf0-4298-8a83-8d5c3816df16@group-F6EC397515C5, cid=1680, SUCCESS, logIndex=2345, commits[81367453-3bf0-4298-8a83-8d5c3816df16:c2345]
2019-09-03 20:26:07,908 [grpc-default-executor-2] INFO  client.GrpcClientProtocolClient (GrpcClientProtocolClient.java:onNext(255)) - client-CB1B8AC74E59->81367453-3bf0-4298-8a83-8d5c3816df16: receive RaftClientReply:client-CB1B8AC74E59->81367453-3bf0-4298-8a83-8d5c3816df16@group-F6EC397515C5, cid=1681, SUCCESS, logIndex=2347, commits[81367453-3bf0-4298-8a83-8d5c3816df16:c2350]
2019-09-03 20:26:07,909 [grpc-default-executor-2] INFO  client.GrpcClientProtocolClient (GrpcClientProtocolClient.java:onNext(255)) - client-CB1B8AC74E59->81367453-3bf0-4298-8a83-8d5c3816df16: receive RaftClientReply:client-CB1B8AC74E59->81367453-3bf0-4298-8a83-8d5c3816df16@group-F6EC397515C5, cid=1682, SUCCESS, logIndex=2348, commits[81367453-3bf0-4298-8a83-8d5c3816df16:c2350]
2019-09-03 20:26:07,909 [grpc-default-executor-2] INFO  client.GrpcClientProtocolClient (GrpcClientProtocolClient.java:onNext(255)) - client-CB1B8AC74E59->81367453-3bf0-4298-8a83-8d5c3816df16: receive RaftClientReply:client-CB1B8AC74E59->81367453-3bf0-4298-8a83-8d5c3816df16@group-F6EC397515C5, cid=1683, SUCCESS, logIndex=2349, commits[81367453-3bf0-4298-8a83-8d5c3816df16:c2350]
2019-09-03 20:26:07,909 [grpc-default-executor-2] INFO  client.GrpcClientProtocolClient (GrpcClientProtocolClient.java:onNext(255)) - client-CB1B8AC74E59->81367453-3bf0-4298-8a83-8d5c3816df16: receive RaftClientReply:client-CB1B8AC74E59->81367453-3bf0-4298-8a83-8d5c3816df16@group-F6EC397515C5, cid=1684, SUCCESS, logIndex=2350, commits[81367453-3bf0-4298-8a83-8d5c3816df16:c2350]
2019-09-03 20:26:07,940 [SCMBlockDeletingService#0] DEBUG block.SCMBlockDeletingService (SCMBlockDeletingService.java:call(138)) - Running DeletedBlockTransactionScanner
2019-09-03 20:26:07,940 [SCMBlockDeletingService#0] DEBUG block.SCMBlockDeletingService (SCMBlockDeletingService.java:call(155)) - Scanned deleted blocks log and got 0 delTX to process.
2019-09-03 20:26:07,958 [grpc-default-executor-2] INFO  client.GrpcClientProtocolClient (GrpcClientProtocolClient.java:onNext(255)) - client-CB1B8AC74E59->81367453-3bf0-4298-8a83-8d5c3816df16: receive RaftClientReply:client-CB1B8AC74E59->81367453-3bf0-4298-8a83-8d5c3816df16@group-F6EC397515C5, cid=1685, SUCCESS, logIndex=2352, commits[81367453-3bf0-4298-8a83-8d5c3816df16:c2355]
2019-09-03 20:26:07,959 [grpc-default-executor-2] INFO  client.GrpcClientProtocolClient (GrpcClientProtocolClient.java:onNext(255)) - client-CB1B8AC74E59->81367453-3bf0-4298-8a83-8d5c3816df16: receive RaftClientReply:client-CB1B8AC74E59->81367453-3bf0-4298-8a83-8d5c3816df16@group-F6EC397515C5, cid=1686, SUCCESS, logIndex=2353, commits[81367453-3bf0-4298-8a83-8d5c3816df16:c2355]
2019-09-03 20:26:07,960 [grpc-default-executor-2] INFO  client.GrpcClientProtocolClient (GrpcClientProtocolClient.java:onNext(255)) - client-CB1B8AC74E59->81367453-3bf0-4298-8a83-8d5c3816df16: receive RaftClientReply:client-CB1B8AC74E59->81367453-3bf0-4298-8a83-8d5c3816df16@group-F6EC397515C5, cid=1687, SUCCESS, logIndex=2354, commits[81367453-3bf0-4298-8a83-8d5c3816df16:c2355]
2019-09-03 20:26:07,960 [grpc-default-executor-2] INFO  client.GrpcClientProtocolClient (GrpcClientProtocolClient.java:onNext(255)) - client-CB1B8AC74E59->81367453-3bf0-4298-8a83-8d5c3816df16: receive RaftClientReply:client-CB1B8AC74E59->81367453-3bf0-4298-8a83-8d5c3816df16@group-F6EC397515C5, cid=1688, SUCCESS, logIndex=2355, commits[81367453-3bf0-4298-8a83-8d5c3816df16:c2355]
2019-09-03 20:26:07,992 [grpc-default-executor-2] INFO  client.GrpcClientProtocolClient (GrpcClientProtocolClient.java:onNext(255)) - client-CB1B8AC74E59->81367453-3bf0-4298-8a83-8d5c3816df16: receive RaftClientReply:client-CB1B8AC74E59->81367453-3bf0-4298-8a83-8d5c3816df16@group-F6EC397515C5, cid=1689, SUCCESS, logIndex=2357, commits[81367453-3bf0-4298-8a83-8d5c3816df16:c2358]
2019-09-03 20:26:07,993 [grpc-default-executor-2] INFO  client.GrpcClientProtocolClient (GrpcClientProtocolClient.java:onNext(255)) - client-CB1B8AC74E59->81367453-3bf0-4298-8a83-8d5c3816df16: receive RaftClientReply:client-CB1B8AC74E59->81367453-3bf0-4298-8a83-8d5c3816df16@group-F6EC397515C5, cid=1690, SUCCESS, logIndex=2358, commits[81367453-3bf0-4298-8a83-8d5c3816df16:c2358]
2019-09-03 20:26:08,014 [grpc-default-executor-2] INFO  client.GrpcClientProtocolClient (GrpcClientProtocolClient.java:onNext(255)) - client-CB1B8AC74E59->81367453-3bf0-4298-8a83-8d5c3816df16: receive RaftClientReply:client-CB1B8AC74E59->81367453-3bf0-4298-8a83-8d5c3816df16@group-F6EC397515C5, cid=1691, SUCCESS, logIndex=2359, commits[81367453-3bf0-4298-8a83-8d5c3816df16:c2360]
2019-09-03 20:26:08,014 [grpc-default-executor-2] INFO  client.GrpcClientProtocolClient (GrpcClientProtocolClient.java:onNext(255)) - client-CB1B8AC74E59->81367453-3bf0-4298-8a83-8d5c3816df16: receive RaftClientReply:client-CB1B8AC74E59->81367453-3bf0-4298-8a83-8d5c3816df16@group-F6EC397515C5, cid=1692, SUCCESS, logIndex=2360, commits[81367453-3bf0-4298-8a83-8d5c3816df16:c2360]
2019-09-03 20:26:08,041 [SCMBlockDeletingService#0] DEBUG block.SCMBlockDeletingService (SCMBlockDeletingService.java:call(138)) - Running DeletedBlockTransactionScanner
2019-09-03 20:26:08,041 [SCMBlockDeletingService#0] DEBUG block.SCMBlockDeletingService (SCMBlockDeletingService.java:call(155)) - Scanned deleted blocks log and got 0 delTX to process.
2019-09-03 20:26:08,065 [grpc-default-executor-2] INFO  client.GrpcClientProtocolClient (GrpcClientProtocolClient.java:onNext(255)) - client-CB1B8AC74E59->81367453-3bf0-4298-8a83-8d5c3816df16: receive RaftClientReply:client-CB1B8AC74E59->81367453-3bf0-4298-8a83-8d5c3816df16@group-F6EC397515C5, cid=1693, SUCCESS, logIndex=2363, commits[81367453-3bf0-4298-8a83-8d5c3816df16:c2366]
2019-09-03 20:26:08,065 [grpc-default-executor-2] INFO  client.GrpcClientProtocolClient (GrpcClientProtocolClient.java:onNext(255)) - client-CB1B8AC74E59->81367453-3bf0-4298-8a83-8d5c3816df16: receive RaftClientReply:client-CB1B8AC74E59->81367453-3bf0-4298-8a83-8d5c3816df16@group-F6EC397515C5, cid=1694, SUCCESS, logIndex=2364, commits[81367453-3bf0-4298-8a83-8d5c3816df16:c2366]
2019-09-03 20:26:08,066 [grpc-default-executor-2] INFO  client.GrpcClientProtocolClient (GrpcClientProtocolClient.java:onNext(255)) - client-CB1B8AC74E59->81367453-3bf0-4298-8a83-8d5c3816df16: receive RaftClientReply:client-CB1B8AC74E59->81367453-3bf0-4298-8a83-8d5c3816df16@group-F6EC397515C5, cid=1695, SUCCESS, logIndex=2365, commits[81367453-3bf0-4298-8a83-8d5c3816df16:c2366]
2019-09-03 20:26:08,066 [grpc-default-executor-2] INFO  client.GrpcClientProtocolClient (GrpcClientProtocolClient.java:onNext(255)) - client-CB1B8AC74E59->81367453-3bf0-4298-8a83-8d5c3816df16: receive RaftClientReply:client-CB1B8AC74E59->81367453-3bf0-4298-8a83-8d5c3816df16@group-F6EC397515C5, cid=1696, SUCCESS, logIndex=2366, commits[81367453-3bf0-4298-8a83-8d5c3816df16:c2366]
2019-09-03 20:26:08,141 [SCMBlockDeletingService#0] DEBUG block.SCMBlockDeletingService (SCMBlockDeletingService.java:call(138)) - Running DeletedBlockTransactionScanner
2019-09-03 20:26:08,142 [SCMBlockDeletingService#0] DEBUG block.SCMBlockDeletingService (SCMBlockDeletingService.java:call(155)) - Scanned deleted blocks log and got 0 delTX to process.
2019-09-03 20:26:08,239 [grpc-default-executor-1] INFO  client.GrpcClientProtocolClient (GrpcClientProtocolClient.java:onNext(255)) - client-CB1B8AC74E59->81367453-3bf0-4298-8a83-8d5c3816df16: receive RaftClientReply:client-CB1B8AC74E59->81367453-3bf0-4298-8a83-8d5c3816df16@group-F6EC397515C5, cid=1697, SUCCESS, logIndex=2368, commits[81367453-3bf0-4298-8a83-8d5c3816df16:c2371]
2019-09-03 20:26:08,240 [grpc-default-executor-1] INFO  client.GrpcClientProtocolClient (GrpcClientProtocolClient.java:onNext(255)) - client-CB1B8AC74E59->81367453-3bf0-4298-8a83-8d5c3816df16: receive RaftClientReply:client-CB1B8AC74E59->81367453-3bf0-4298-8a83-8d5c3816df16@group-F6EC397515C5, cid=1698, SUCCESS, logIndex=2369, commits[81367453-3bf0-4298-8a83-8d5c3816df16:c2371]
2019-09-03 20:26:08,241 [grpc-default-executor-1] INFO  client.GrpcClientProtocolClient (GrpcClientProtocolClient.java:onNext(255)) - client-CB1B8AC74E59->81367453-3bf0-4298-8a83-8d5c3816df16: receive RaftClientReply:client-CB1B8AC74E59->81367453-3bf0-4298-8a83-8d5c3816df16@group-F6EC397515C5, cid=1699, SUCCESS, logIndex=2370, commits[81367453-3bf0-4298-8a83-8d5c3816df16:c2371]
2019-09-03 20:26:08,241 [grpc-default-executor-1] INFO  client.GrpcClientProtocolClient (GrpcClientProtocolClient.java:onNext(255)) - client-CB1B8AC74E59->81367453-3bf0-4298-8a83-8d5c3816df16: receive RaftClientReply:client-CB1B8AC74E59->81367453-3bf0-4298-8a83-8d5c3816df16@group-F6EC397515C5, cid=1700, SUCCESS, logIndex=2371, commits[81367453-3bf0-4298-8a83-8d5c3816df16:c2371]
2019-09-03 20:26:08,242 [SCMBlockDeletingService#0] DEBUG block.SCMBlockDeletingService (SCMBlockDeletingService.java:call(138)) - Running DeletedBlockTransactionScanner
2019-09-03 20:26:08,242 [SCMBlockDeletingService#0] DEBUG block.SCMBlockDeletingService (SCMBlockDeletingService.java:call(155)) - Scanned deleted blocks log and got 0 delTX to process.
2019-09-03 20:26:08,343 [SCMBlockDeletingService#0] DEBUG block.SCMBlockDeletingService (SCMBlockDeletingService.java:call(138)) - Running DeletedBlockTransactionScanner
2019-09-03 20:26:08,343 [SCMBlockDeletingService#0] DEBUG block.SCMBlockDeletingService (SCMBlockDeletingService.java:call(155)) - Scanned deleted blocks log and got 0 delTX to process.
2019-09-03 20:26:08,389 [grpc-default-executor-2] INFO  client.GrpcClientProtocolClient (GrpcClientProtocolClient.java:onNext(255)) - client-CB1B8AC74E59->81367453-3bf0-4298-8a83-8d5c3816df16: receive RaftClientReply:client-CB1B8AC74E59->81367453-3bf0-4298-8a83-8d5c3816df16@group-F6EC397515C5, cid=1701, SUCCESS, logIndex=2373, commits[81367453-3bf0-4298-8a83-8d5c3816df16:c2376]
2019-09-03 20:26:08,390 [grpc-default-executor-2] INFO  client.GrpcClientProtocolClient (GrpcClientProtocolClient.java:onNext(255)) - client-CB1B8AC74E59->81367453-3bf0-4298-8a83-8d5c3816df16: receive RaftClientReply:client-CB1B8AC74E59->81367453-3bf0-4298-8a83-8d5c3816df16@group-F6EC397515C5, cid=1702, SUCCESS, logIndex=2374, commits[81367453-3bf0-4298-8a83-8d5c3816df16:c2377]
2019-09-03 20:26:08,390 [grpc-default-executor-2] INFO  client.GrpcClientProtocolClient (GrpcClientProtocolClient.java:onNext(255)) - client-CB1B8AC74E59->81367453-3bf0-4298-8a83-8d5c3816df16: receive RaftClientReply:client-CB1B8AC74E59->81367453-3bf0-4298-8a83-8d5c3816df16@group-F6EC397515C5, cid=1703, SUCCESS, logIndex=2375, commits[81367453-3bf0-4298-8a83-8d5c3816df16:c2377]
2019-09-03 20:26:08,390 [grpc-default-executor-2] INFO  client.GrpcClientProtocolClient (GrpcClientProtocolClient.java:onNext(255)) - client-CB1B8AC74E59->81367453-3bf0-4298-8a83-8d5c3816df16: receive RaftClientReply:client-CB1B8AC74E59->81367453-3bf0-4298-8a83-8d5c3816df16@group-F6EC397515C5, cid=1704, SUCCESS, logIndex=2376, commits[81367453-3bf0-4298-8a83-8d5c3816df16:c2377]
2019-09-03 20:26:08,414 [grpc-default-executor-1] INFO  client.GrpcClientProtocolClient (GrpcClientProtocolClient.java:onNext(255)) - client-CB1B8AC74E59->81367453-3bf0-4298-8a83-8d5c3816df16: receive RaftClientReply:client-CB1B8AC74E59->81367453-3bf0-4298-8a83-8d5c3816df16@group-F6EC397515C5, cid=1705, SUCCESS, logIndex=2378, commits[81367453-3bf0-4298-8a83-8d5c3816df16:c2379]
2019-09-03 20:26:08,415 [grpc-default-executor-1] INFO  client.GrpcClientProtocolClient (GrpcClientProtocolClient.java:onNext(255)) - client-CB1B8AC74E59->81367453-3bf0-4298-8a83-8d5c3816df16: receive RaftClientReply:client-CB1B8AC74E59->81367453-3bf0-4298-8a83-8d5c3816df16@group-F6EC397515C5, cid=1706, SUCCESS, logIndex=2379, commits[81367453-3bf0-4298-8a83-8d5c3816df16:c2379]
2019-09-03 20:26:08,430 [grpc-default-executor-1] INFO  client.GrpcClientProtocolClient (GrpcClientProtocolClient.java:onNext(255)) - client-CB1B8AC74E59->81367453-3bf0-4298-8a83-8d5c3816df16: receive RaftClientReply:client-CB1B8AC74E59->81367453-3bf0-4298-8a83-8d5c3816df16@group-F6EC397515C5, cid=1707, SUCCESS, logIndex=2380, commits[81367453-3bf0-4298-8a83-8d5c3816df16:c2382]
2019-09-03 20:26:08,431 [grpc-default-executor-2] INFO  client.GrpcClientProtocolClient (GrpcClientProtocolClient.java:onNext(255)) - client-CB1B8AC74E59->81367453-3bf0-4298-8a83-8d5c3816df16: receive RaftClientReply:client-CB1B8AC74E59->81367453-3bf0-4298-8a83-8d5c3816df16@group-F6EC397515C5, cid=1708, SUCCESS, logIndex=2381, commits[81367453-3bf0-4298-8a83-8d5c3816df16:c2382]
2019-09-03 20:26:08,443 [SCMBlockDeletingService#0] DEBUG block.SCMBlockDeletingService (SCMBlockDeletingService.java:call(138)) - Running DeletedBlockTransactionScanner
2019-09-03 20:26:08,444 [SCMBlockDeletingService#0] DEBUG block.SCMBlockDeletingService (SCMBlockDeletingService.java:call(155)) - Scanned deleted blocks log and got 0 delTX to process.
2019-09-03 20:26:08,457 [grpc-default-executor-2] INFO  client.GrpcClientProtocolClient (GrpcClientProtocolClient.java:onNext(255)) - client-CB1B8AC74E59->81367453-3bf0-4298-8a83-8d5c3816df16: receive RaftClientReply:client-CB1B8AC74E59->81367453-3bf0-4298-8a83-8d5c3816df16@group-F6EC397515C5, cid=1709, SUCCESS, logIndex=2384, commits[81367453-3bf0-4298-8a83-8d5c3816df16:c2387]
2019-09-03 20:26:08,457 [grpc-default-executor-2] INFO  client.GrpcClientProtocolClient (GrpcClientProtocolClient.java:onNext(255)) - client-CB1B8AC74E59->81367453-3bf0-4298-8a83-8d5c3816df16: receive RaftClientReply:client-CB1B8AC74E59->81367453-3bf0-4298-8a83-8d5c3816df16@group-F6EC397515C5, cid=1710, SUCCESS, logIndex=2385, commits[81367453-3bf0-4298-8a83-8d5c3816df16:c2387]
2019-09-03 20:26:08,457 [grpc-default-executor-2] INFO  client.GrpcClientProtocolClient (GrpcClientProtocolClient.java:onNext(255)) - client-CB1B8AC74E59->81367453-3bf0-4298-8a83-8d5c3816df16: receive RaftClientReply:client-CB1B8AC74E59->81367453-3bf0-4298-8a83-8d5c3816df16@group-F6EC397515C5, cid=1711, SUCCESS, logIndex=2386, commits[81367453-3bf0-4298-8a83-8d5c3816df16:c2387]
2019-09-03 20:26:08,458 [grpc-default-executor-2] INFO  client.GrpcClientProtocolClient (GrpcClientProtocolClient.java:onNext(255)) - client-CB1B8AC74E59->81367453-3bf0-4298-8a83-8d5c3816df16: receive RaftClientReply:client-CB1B8AC74E59->81367453-3bf0-4298-8a83-8d5c3816df16@group-F6EC397515C5, cid=1712, SUCCESS, logIndex=2387, commits[81367453-3bf0-4298-8a83-8d5c3816df16:c2387]
2019-09-03 20:26:08,487 [grpc-default-executor-2] INFO  client.GrpcClientProtocolClient (GrpcClientProtocolClient.java:onNext(255)) - client-CB1B8AC74E59->81367453-3bf0-4298-8a83-8d5c3816df16: receive RaftClientReply:client-CB1B8AC74E59->81367453-3bf0-4298-8a83-8d5c3816df16@group-F6EC397515C5, cid=1713, SUCCESS, logIndex=2389, commits[81367453-3bf0-4298-8a83-8d5c3816df16:c2392]
2019-09-03 20:26:08,487 [grpc-default-executor-2] INFO  client.GrpcClientProtocolClient (GrpcClientProtocolClient.java:onNext(255)) - client-CB1B8AC74E59->81367453-3bf0-4298-8a83-8d5c3816df16: receive RaftClientReply:client-CB1B8AC74E59->81367453-3bf0-4298-8a83-8d5c3816df16@group-F6EC397515C5, cid=1714, SUCCESS, logIndex=2390, commits[81367453-3bf0-4298-8a83-8d5c3816df16:c2392]
2019-09-03 20:26:08,488 [grpc-default-executor-2] INFO  client.GrpcClientProtocolClient (GrpcClientProtocolClient.java:onNext(255)) - client-CB1B8AC74E59->81367453-3bf0-4298-8a83-8d5c3816df16: receive RaftClientReply:client-CB1B8AC74E59->81367453-3bf0-4298-8a83-8d5c3816df16@group-F6EC397515C5, cid=1715, SUCCESS, logIndex=2391, commits[81367453-3bf0-4298-8a83-8d5c3816df16:c2392]
2019-09-03 20:26:08,488 [grpc-default-executor-2] INFO  client.GrpcClientProtocolClient (GrpcClientProtocolClient.java:onNext(255)) - client-CB1B8AC74E59->81367453-3bf0-4298-8a83-8d5c3816df16: receive RaftClientReply:client-CB1B8AC74E59->81367453-3bf0-4298-8a83-8d5c3816df16@group-F6EC397515C5, cid=1716, SUCCESS, logIndex=2392, commits[81367453-3bf0-4298-8a83-8d5c3816df16:c2393]
2019-09-03 20:26:08,500 [grpc-default-executor-2] INFO  client.GrpcClientProtocolClient (GrpcClientProtocolClient.java:onNext(255)) - client-CB1B8AC74E59->81367453-3bf0-4298-8a83-8d5c3816df16: receive RaftClientReply:client-CB1B8AC74E59->81367453-3bf0-4298-8a83-8d5c3816df16@group-F6EC397515C5, cid=1717, SUCCESS, logIndex=2394, commits[81367453-3bf0-4298-8a83-8d5c3816df16:c2395]
2019-09-03 20:26:08,501 [grpc-default-executor-2] INFO  client.GrpcClientProtocolClient (GrpcClientProtocolClient.java:onNext(255)) - client-CB1B8AC74E59->81367453-3bf0-4298-8a83-8d5c3816df16: receive RaftClientReply:client-CB1B8AC74E59->81367453-3bf0-4298-8a83-8d5c3816df16@group-F6EC397515C5, cid=1718, SUCCESS, logIndex=2395, commits[81367453-3bf0-4298-8a83-8d5c3816df16:c2395]
2019-09-03 20:26:08,502 [grpc-default-executor-2] INFO  client.GrpcClientProtocolClient (GrpcClientProtocolClient.java:onNext(255)) - client-CB1B8AC74E59->81367453-3bf0-4298-8a83-8d5c3816df16: receive RaftClientReply:client-CB1B8AC74E59->81367453-3bf0-4298-8a83-8d5c3816df16@group-F6EC397515C5, cid=1719, SUCCESS, logIndex=2396, commits[81367453-3bf0-4298-8a83-8d5c3816df16:c2397]
2019-09-03 20:26:08,502 [grpc-default-executor-2] INFO  client.GrpcClientProtocolClient (GrpcClientProtocolClient.java:onNext(255)) - client-CB1B8AC74E59->81367453-3bf0-4298-8a83-8d5c3816df16: receive RaftClientReply:client-CB1B8AC74E59->81367453-3bf0-4298-8a83-8d5c3816df16@group-F6EC397515C5, cid=1720, SUCCESS, logIndex=2397, commits[81367453-3bf0-4298-8a83-8d5c3816df16:c2397]
2019-09-03 20:26:08,521 [grpc-default-executor-1] INFO  client.GrpcClientProtocolClient (GrpcClientProtocolClient.java:onNext(255)) - client-CB1B8AC74E59->81367453-3bf0-4298-8a83-8d5c3816df16: receive RaftClientReply:client-CB1B8AC74E59->81367453-3bf0-4298-8a83-8d5c3816df16@group-F6EC397515C5, cid=1721, SUCCESS, logIndex=2400, commits[81367453-3bf0-4298-8a83-8d5c3816df16:c2401]
2019-09-03 20:26:08,522 [grpc-default-executor-1] INFO  client.GrpcClientProtocolClient (GrpcClientProtocolClient.java:onNext(255)) - client-CB1B8AC74E59->81367453-3bf0-4298-8a83-8d5c3816df16: receive RaftClientReply:client-CB1B8AC74E59->81367453-3bf0-4298-8a83-8d5c3816df16@group-F6EC397515C5, cid=1722, SUCCESS, logIndex=2401, commits[81367453-3bf0-4298-8a83-8d5c3816df16:c2401]
2019-09-03 20:26:08,542 [grpc-default-executor-1] INFO  client.GrpcClientProtocolClient (GrpcClientProtocolClient.java:onNext(255)) - client-CB1B8AC74E59->81367453-3bf0-4298-8a83-8d5c3816df16: receive RaftClientReply:client-CB1B8AC74E59->81367453-3bf0-4298-8a83-8d5c3816df16@group-F6EC397515C5, cid=1723, SUCCESS, logIndex=2402, commits[81367453-3bf0-4298-8a83-8d5c3816df16:c2403]
2019-09-03 20:26:08,543 [grpc-default-executor-1] INFO  client.GrpcClientProtocolClient (GrpcClientProtocolClient.java:onNext(255)) - client-CB1B8AC74E59->81367453-3bf0-4298-8a83-8d5c3816df16: receive RaftClientReply:client-CB1B8AC74E59->81367453-3bf0-4298-8a83-8d5c3816df16@group-F6EC397515C5, cid=1724, SUCCESS, logIndex=2403, commits[81367453-3bf0-4298-8a83-8d5c3816df16:c2403]
2019-09-03 20:26:08,544 [SCMBlockDeletingService#0] DEBUG block.SCMBlockDeletingService (SCMBlockDeletingService.java:call(138)) - Running DeletedBlockTransactionScanner
2019-09-03 20:26:08,544 [SCMBlockDeletingService#0] DEBUG block.SCMBlockDeletingService (SCMBlockDeletingService.java:call(155)) - Scanned deleted blocks log and got 0 delTX to process.
2019-09-03 20:26:08,645 [SCMBlockDeletingService#0] DEBUG block.SCMBlockDeletingService (SCMBlockDeletingService.java:call(138)) - Running DeletedBlockTransactionScanner
2019-09-03 20:26:08,645 [SCMBlockDeletingService#0] DEBUG block.SCMBlockDeletingService (SCMBlockDeletingService.java:call(155)) - Scanned deleted blocks log and got 0 delTX to process.
2019-09-03 20:26:08,658 [grpc-default-executor-1] INFO  client.GrpcClientProtocolClient (GrpcClientProtocolClient.java:onNext(255)) - client-CB1B8AC74E59->81367453-3bf0-4298-8a83-8d5c3816df16: receive RaftClientReply:client-CB1B8AC74E59->81367453-3bf0-4298-8a83-8d5c3816df16@group-F6EC397515C5, cid=1725, SUCCESS, logIndex=2406, commits[81367453-3bf0-4298-8a83-8d5c3816df16:c2409]
2019-09-03 20:26:08,658 [grpc-default-executor-1] INFO  client.GrpcClientProtocolClient (GrpcClientProtocolClient.java:onNext(255)) - client-CB1B8AC74E59->81367453-3bf0-4298-8a83-8d5c3816df16: receive RaftClientReply:client-CB1B8AC74E59->81367453-3bf0-4298-8a83-8d5c3816df16@group-F6EC397515C5, cid=1726, SUCCESS, logIndex=2407, commits[81367453-3bf0-4298-8a83-8d5c3816df16:c2409]
2019-09-03 20:26:08,658 [grpc-default-executor-1] INFO  client.GrpcClientProtocolClient (GrpcClientProtocolClient.java:onNext(255)) - client-CB1B8AC74E59->81367453-3bf0-4298-8a83-8d5c3816df16: receive RaftClientReply:client-CB1B8AC74E59->81367453-3bf0-4298-8a83-8d5c3816df16@group-F6EC397515C5, cid=1727, SUCCESS, logIndex=2408, commits[81367453-3bf0-4298-8a83-8d5c3816df16:c2409]
2019-09-03 20:26:08,659 [grpc-default-executor-1] INFO  client.GrpcClientProtocolClient (GrpcClientProtocolClient.java:onNext(255)) - client-CB1B8AC74E59->81367453-3bf0-4298-8a83-8d5c3816df16: receive RaftClientReply:client-CB1B8AC74E59->81367453-3bf0-4298-8a83-8d5c3816df16@group-F6EC397515C5, cid=1728, SUCCESS, logIndex=2409, commits[81367453-3bf0-4298-8a83-8d5c3816df16:c2409]
2019-09-03 20:26:08,699 [grpc-default-executor-2] INFO  client.GrpcClientProtocolClient (GrpcClientProtocolClient.java:onNext(255)) - client-CB1B8AC74E59->81367453-3bf0-4298-8a83-8d5c3816df16: receive RaftClientReply:client-CB1B8AC74E59->81367453-3bf0-4298-8a83-8d5c3816df16@group-F6EC397515C5, cid=1729, SUCCESS, logIndex=2411, commits[81367453-3bf0-4298-8a83-8d5c3816df16:c2414]
2019-09-03 20:26:08,699 [grpc-default-executor-2] INFO  client.GrpcClientProtocolClient (GrpcClientProtocolClient.java:onNext(255)) - client-CB1B8AC74E59->81367453-3bf0-4298-8a83-8d5c3816df16: receive RaftClientReply:client-CB1B8AC74E59->81367453-3bf0-4298-8a83-8d5c3816df16@group-F6EC397515C5, cid=1730, SUCCESS, logIndex=2412, commits[81367453-3bf0-4298-8a83-8d5c3816df16:c2414]
2019-09-03 20:26:08,700 [grpc-default-executor-2] INFO  client.GrpcClientProtocolClient (GrpcClientProtocolClient.java:onNext(255)) - client-CB1B8AC74E59->81367453-3bf0-4298-8a83-8d5c3816df16: receive RaftClientReply:client-CB1B8AC74E59->81367453-3bf0-4298-8a83-8d5c3816df16@group-F6EC397515C5, cid=1731, SUCCESS, logIndex=2413, commits[81367453-3bf0-4298-8a83-8d5c3816df16:c2414]
2019-09-03 20:26:08,700 [grpc-default-executor-2] INFO  client.GrpcClientProtocolClient (GrpcClientProtocolClient.java:onNext(255)) - client-CB1B8AC74E59->81367453-3bf0-4298-8a83-8d5c3816df16: receive RaftClientReply:client-CB1B8AC74E59->81367453-3bf0-4298-8a83-8d5c3816df16@group-F6EC397515C5, cid=1732, SUCCESS, logIndex=2414, commits[81367453-3bf0-4298-8a83-8d5c3816df16:c2415]
2019-09-03 20:26:08,710 [grpc-default-executor-1] INFO  client.GrpcClientProtocolClient (GrpcClientProtocolClient.java:onNext(255)) - client-CB1B8AC74E59->81367453-3bf0-4298-8a83-8d5c3816df16: receive RaftClientReply:client-CB1B8AC74E59->81367453-3bf0-4298-8a83-8d5c3816df16@group-F6EC397515C5, cid=1733, SUCCESS, logIndex=2416, commits[81367453-3bf0-4298-8a83-8d5c3816df16:c2417]
2019-09-03 20:26:08,711 [grpc-default-executor-1] INFO  client.GrpcClientProtocolClient (GrpcClientProtocolClient.java:onNext(255)) - client-CB1B8AC74E59->81367453-3bf0-4298-8a83-8d5c3816df16: receive RaftClientReply:client-CB1B8AC74E59->81367453-3bf0-4298-8a83-8d5c3816df16@group-F6EC397515C5, cid=1734, SUCCESS, logIndex=2417, commits[81367453-3bf0-4298-8a83-8d5c3816df16:c2417]
2019-09-03 20:26:08,717 [grpc-default-executor-1] INFO  client.GrpcClientProtocolClient (GrpcClientProtocolClient.java:onNext(255)) - client-CB1B8AC74E59->81367453-3bf0-4298-8a83-8d5c3816df16: receive RaftClientReply:client-CB1B8AC74E59->81367453-3bf0-4298-8a83-8d5c3816df16@group-F6EC397515C5, cid=1735, SUCCESS, logIndex=2418, commits[81367453-3bf0-4298-8a83-8d5c3816df16:c2419]
2019-09-03 20:26:08,718 [grpc-default-executor-1] INFO  client.GrpcClientProtocolClient (GrpcClientProtocolClient.java:onNext(255)) - client-CB1B8AC74E59->81367453-3bf0-4298-8a83-8d5c3816df16: receive RaftClientReply:client-CB1B8AC74E59->81367453-3bf0-4298-8a83-8d5c3816df16@group-F6EC397515C5, cid=1736, SUCCESS, logIndex=2419, commits[81367453-3bf0-4298-8a83-8d5c3816df16:c2419]
2019-09-03 20:26:08,745 [SCMBlockDeletingService#0] DEBUG block.SCMBlockDeletingService (SCMBlockDeletingService.java:call(138)) - Running DeletedBlockTransactionScanner
2019-09-03 20:26:08,746 [SCMBlockDeletingService#0] DEBUG block.SCMBlockDeletingService (SCMBlockDeletingService.java:call(155)) - Scanned deleted blocks log and got 0 delTX to process.
2019-09-03 20:26:08,760 [grpc-default-executor-1] INFO  client.GrpcClientProtocolClient (GrpcClientProtocolClient.java:onNext(255)) - client-CB1B8AC74E59->81367453-3bf0-4298-8a83-8d5c3816df16: receive RaftClientReply:client-CB1B8AC74E59->81367453-3bf0-4298-8a83-8d5c3816df16@group-F6EC397515C5, cid=1737, SUCCESS, logIndex=2422, commits[81367453-3bf0-4298-8a83-8d5c3816df16:c2425]
2019-09-03 20:26:08,761 [grpc-default-executor-1] INFO  client.GrpcClientProtocolClient (GrpcClientProtocolClient.java:onNext(255)) - client-CB1B8AC74E59->81367453-3bf0-4298-8a83-8d5c3816df16: receive RaftClientReply:client-CB1B8AC74E59->81367453-3bf0-4298-8a83-8d5c3816df16@group-F6EC397515C5, cid=1738, SUCCESS, logIndex=2423, commits[81367453-3bf0-4298-8a83-8d5c3816df16:c2426]
2019-09-03 20:26:08,761 [grpc-default-executor-1] INFO  client.GrpcClientProtocolClient (GrpcClientProtocolClient.java:onNext(255)) - client-CB1B8AC74E59->81367453-3bf0-4298-8a83-8d5c3816df16: receive RaftClientReply:client-CB1B8AC74E59->81367453-3bf0-4298-8a83-8d5c3816df16@group-F6EC397515C5, cid=1739, SUCCESS, logIndex=2424, commits[81367453-3bf0-4298-8a83-8d5c3816df16:c2426]
2019-09-03 20:26:08,761 [grpc-default-executor-1] INFO  client.GrpcClientProtocolClient (GrpcClientProtocolClient.java:onNext(255)) - client-CB1B8AC74E59->81367453-3bf0-4298-8a83-8d5c3816df16: receive RaftClientReply:client-CB1B8AC74E59->81367453-3bf0-4298-8a83-8d5c3816df16@group-F6EC397515C5, cid=1740, SUCCESS, logIndex=2425, commits[81367453-3bf0-4298-8a83-8d5c3816df16:c2426]
2019-09-03 20:26:08,796 [grpc-default-executor-1] INFO  client.GrpcClientProtocolClient (GrpcClientProtocolClient.java:onNext(255)) - client-CB1B8AC74E59->81367453-3bf0-4298-8a83-8d5c3816df16: receive RaftClientReply:client-CB1B8AC74E59->81367453-3bf0-4298-8a83-8d5c3816df16@group-F6EC397515C5, cid=1741, SUCCESS, logIndex=2427, commits[81367453-3bf0-4298-8a83-8d5c3816df16:c2430]
2019-09-03 20:26:08,797 [grpc-default-executor-1] INFO  client.GrpcClientProtocolClient (GrpcClientProtocolClient.java:onNext(255)) - client-CB1B8AC74E59->81367453-3bf0-4298-8a83-8d5c3816df16: receive RaftClientReply:client-CB1B8AC74E59->81367453-3bf0-4298-8a83-8d5c3816df16@group-F6EC397515C5, cid=1742, SUCCESS, logIndex=2428, commits[81367453-3bf0-4298-8a83-8d5c3816df16:c2430]
2019-09-03 20:26:08,797 [grpc-default-executor-1] INFO  client.GrpcClientProtocolClient (GrpcClientProtocolClient.java:onNext(255)) - client-CB1B8AC74E59->81367453-3bf0-4298-8a83-8d5c3816df16: receive RaftClientReply:client-CB1B8AC74E59->81367453-3bf0-4298-8a83-8d5c3816df16@group-F6EC397515C5, cid=1743, SUCCESS, logIndex=2429, commits[81367453-3bf0-4298-8a83-8d5c3816df16:c2430]
2019-09-03 20:26:08,797 [grpc-default-executor-1] INFO  client.GrpcClientProtocolClient (GrpcClientProtocolClient.java:onNext(255)) - client-CB1B8AC74E59->81367453-3bf0-4298-8a83-8d5c3816df16: receive RaftClientReply:client-CB1B8AC74E59->81367453-3bf0-4298-8a83-8d5c3816df16@group-F6EC397515C5, cid=1744, SUCCESS, logIndex=2430, commits[81367453-3bf0-4298-8a83-8d5c3816df16:c2430]
2019-09-03 20:26:08,814 [grpc-default-executor-2] INFO  client.GrpcClientProtocolClient (GrpcClientProtocolClient.java:onNext(255)) - client-CB1B8AC74E59->81367453-3bf0-4298-8a83-8d5c3816df16: receive RaftClientReply:client-CB1B8AC74E59->81367453-3bf0-4298-8a83-8d5c3816df16@group-F6EC397515C5, cid=1745, SUCCESS, logIndex=2432, commits[81367453-3bf0-4298-8a83-8d5c3816df16:c2433]
2019-09-03 20:26:08,814 [grpc-default-executor-2] INFO  client.GrpcClientProtocolClient (GrpcClientProtocolClient.java:onNext(255)) - client-CB1B8AC74E59->81367453-3bf0-4298-8a83-8d5c3816df16: receive RaftClientReply:client-CB1B8AC74E59->81367453-3bf0-4298-8a83-8d5c3816df16@group-F6EC397515C5, cid=1746, SUCCESS, logIndex=2433, commits[81367453-3bf0-4298-8a83-8d5c3816df16:c2433]
2019-09-03 20:26:08,823 [grpc-default-executor-2] INFO  client.GrpcClientProtocolClient (GrpcClientProtocolClient.java:onNext(255)) - client-CB1B8AC74E59->81367453-3bf0-4298-8a83-8d5c3816df16: receive RaftClientReply:client-CB1B8AC74E59->81367453-3bf0-4298-8a83-8d5c3816df16@group-F6EC397515C5, cid=1747, SUCCESS, logIndex=2434, commits[81367453-3bf0-4298-8a83-8d5c3816df16:c2436]
2019-09-03 20:26:08,823 [grpc-default-executor-2] INFO  client.GrpcClientProtocolClient (GrpcClientProtocolClient.java:onNext(255)) - client-CB1B8AC74E59->81367453-3bf0-4298-8a83-8d5c3816df16: receive RaftClientReply:client-CB1B8AC74E59->81367453-3bf0-4298-8a83-8d5c3816df16@group-F6EC397515C5, cid=1748, SUCCESS, logIndex=2435, commits[81367453-3bf0-4298-8a83-8d5c3816df16:c2436]
2019-09-03 20:26:08,845 [grpc-default-executor-2] INFO  client.GrpcClientProtocolClient (GrpcClientProtocolClient.java:onNext(255)) - client-CB1B8AC74E59->81367453-3bf0-4298-8a83-8d5c3816df16: receive RaftClientReply:client-CB1B8AC74E59->81367453-3bf0-4298-8a83-8d5c3816df16@group-F6EC397515C5, cid=1749, SUCCESS, logIndex=2437, commits[81367453-3bf0-4298-8a83-8d5c3816df16:c2440]
2019-09-03 20:26:08,846 [grpc-default-executor-2] INFO  client.GrpcClientProtocolClient (GrpcClientProtocolClient.java:onNext(255)) - client-CB1B8AC74E59->81367453-3bf0-4298-8a83-8d5c3816df16: receive RaftClientReply:client-CB1B8AC74E59->81367453-3bf0-4298-8a83-8d5c3816df16@group-F6EC397515C5, cid=1750, SUCCESS, logIndex=2438, commits[81367453-3bf0-4298-8a83-8d5c3816df16:c2440]
2019-09-03 20:26:08,846 [SCMBlockDeletingService#0] DEBUG block.SCMBlockDeletingService (SCMBlockDeletingService.java:call(138)) - Running DeletedBlockTransactionScanner
2019-09-03 20:26:08,846 [SCMBlockDeletingService#0] DEBUG block.SCMBlockDeletingService (SCMBlockDeletingService.java:call(155)) - Scanned deleted blocks log and got 0 delTX to process.
2019-09-03 20:26:08,846 [grpc-default-executor-2] INFO  client.GrpcClientProtocolClient (GrpcClientProtocolClient.java:onNext(255)) - client-CB1B8AC74E59->81367453-3bf0-4298-8a83-8d5c3816df16: receive RaftClientReply:client-CB1B8AC74E59->81367453-3bf0-4298-8a83-8d5c3816df16@group-F6EC397515C5, cid=1751, SUCCESS, logIndex=2439, commits[81367453-3bf0-4298-8a83-8d5c3816df16:c2441]
2019-09-03 20:26:08,846 [grpc-default-executor-2] INFO  client.GrpcClientProtocolClient (GrpcClientProtocolClient.java:onNext(255)) - client-CB1B8AC74E59->81367453-3bf0-4298-8a83-8d5c3816df16: receive RaftClientReply:client-CB1B8AC74E59->81367453-3bf0-4298-8a83-8d5c3816df16@group-F6EC397515C5, cid=1752, SUCCESS, logIndex=2440, commits[81367453-3bf0-4298-8a83-8d5c3816df16:c2441]
2019-09-03 20:26:08,875 [grpc-default-executor-2] INFO  client.GrpcClientProtocolClient (GrpcClientProtocolClient.java:onNext(255)) - client-CB1B8AC74E59->81367453-3bf0-4298-8a83-8d5c3816df16: receive RaftClientReply:client-CB1B8AC74E59->81367453-3bf0-4298-8a83-8d5c3816df16@group-F6EC397515C5, cid=1753, SUCCESS, logIndex=2442, commits[81367453-3bf0-4298-8a83-8d5c3816df16:c2443]
2019-09-03 20:26:08,875 [grpc-default-executor-2] INFO  client.GrpcClientProtocolClient (GrpcClientProtocolClient.java:onNext(255)) - client-CB1B8AC74E59->81367453-3bf0-4298-8a83-8d5c3816df16: receive RaftClientReply:client-CB1B8AC74E59->81367453-3bf0-4298-8a83-8d5c3816df16@group-F6EC397515C5, cid=1754, SUCCESS, logIndex=2443, commits[81367453-3bf0-4298-8a83-8d5c3816df16:c2443]
2019-09-03 20:26:08,897 [grpc-default-executor-2] INFO  client.GrpcClientProtocolClient (GrpcClientProtocolClient.java:onNext(255)) - client-CB1B8AC74E59->81367453-3bf0-4298-8a83-8d5c3816df16: receive RaftClientReply:client-CB1B8AC74E59->81367453-3bf0-4298-8a83-8d5c3816df16@group-F6EC397515C5, cid=1755, SUCCESS, logIndex=2444, commits[81367453-3bf0-4298-8a83-8d5c3816df16:c2445]
2019-09-03 20:26:08,897 [grpc-default-executor-2] INFO  client.GrpcClientProtocolClient (GrpcClientProtocolClient.java:onNext(255)) - client-CB1B8AC74E59->81367453-3bf0-4298-8a83-8d5c3816df16: receive RaftClientReply:client-CB1B8AC74E59->81367453-3bf0-4298-8a83-8d5c3816df16@group-F6EC397515C5, cid=1756, SUCCESS, logIndex=2445, commits[81367453-3bf0-4298-8a83-8d5c3816df16:c2445]
2019-09-03 20:26:08,935 [grpc-default-executor-2] INFO  client.GrpcClientProtocolClient (GrpcClientProtocolClient.java:onNext(255)) - client-CB1B8AC74E59->81367453-3bf0-4298-8a83-8d5c3816df16: receive RaftClientReply:client-CB1B8AC74E59->81367453-3bf0-4298-8a83-8d5c3816df16@group-F6EC397515C5, cid=1757, SUCCESS, logIndex=2448, commits[81367453-3bf0-4298-8a83-8d5c3816df16:c2451]
2019-09-03 20:26:08,936 [grpc-default-executor-2] INFO  client.GrpcClientProtocolClient (GrpcClientProtocolClient.java:onNext(255)) - client-CB1B8AC74E59->81367453-3bf0-4298-8a83-8d5c3816df16: receive RaftClientReply:client-CB1B8AC74E59->81367453-3bf0-4298-8a83-8d5c3816df16@group-F6EC397515C5, cid=1758, SUCCESS, logIndex=2449, commits[81367453-3bf0-4298-8a83-8d5c3816df16:c2451]
2019-09-03 20:26:08,936 [grpc-default-executor-2] INFO  client.GrpcClientProtocolClient (GrpcClientProtocolClient.java:onNext(255)) - client-CB1B8AC74E59->81367453-3bf0-4298-8a83-8d5c3816df16: receive RaftClientReply:client-CB1B8AC74E59->81367453-3bf0-4298-8a83-8d5c3816df16@group-F6EC397515C5, cid=1759, SUCCESS, logIndex=2450, commits[81367453-3bf0-4298-8a83-8d5c3816df16:c2451]
2019-09-03 20:26:08,936 [grpc-default-executor-2] INFO  client.GrpcClientProtocolClient (GrpcClientProtocolClient.java:onNext(255)) - client-CB1B8AC74E59->81367453-3bf0-4298-8a83-8d5c3816df16: receive RaftClientReply:client-CB1B8AC74E59->81367453-3bf0-4298-8a83-8d5c3816df16@group-F6EC397515C5, cid=1760, SUCCESS, logIndex=2451, commits[81367453-3bf0-4298-8a83-8d5c3816df16:c2451]
2019-09-03 20:26:08,946 [SCMBlockDeletingService#0] DEBUG block.SCMBlockDeletingService (SCMBlockDeletingService.java:call(138)) - Running DeletedBlockTransactionScanner
2019-09-03 20:26:08,946 [SCMBlockDeletingService#0] DEBUG block.SCMBlockDeletingService (SCMBlockDeletingService.java:call(155)) - Scanned deleted blocks log and got 0 delTX to process.
2019-09-03 20:26:09,047 [SCMBlockDeletingService#0] DEBUG block.SCMBlockDeletingService (SCMBlockDeletingService.java:call(138)) - Running DeletedBlockTransactionScanner
2019-09-03 20:26:09,047 [SCMBlockDeletingService#0] DEBUG block.SCMBlockDeletingService (SCMBlockDeletingService.java:call(155)) - Scanned deleted blocks log and got 0 delTX to process.
2019-09-03 20:26:09,053 [grpc-default-executor-2] INFO  client.GrpcClientProtocolClient (GrpcClientProtocolClient.java:onNext(255)) - client-CB1B8AC74E59->81367453-3bf0-4298-8a83-8d5c3816df16: receive RaftClientReply:client-CB1B8AC74E59->81367453-3bf0-4298-8a83-8d5c3816df16@group-F6EC397515C5, cid=1761, SUCCESS, logIndex=2453, commits[81367453-3bf0-4298-8a83-8d5c3816df16:c2454]
2019-09-03 20:26:09,056 [grpc-default-executor-2] INFO  client.GrpcClientProtocolClient (GrpcClientProtocolClient.java:onNext(255)) - client-CB1B8AC74E59->81367453-3bf0-4298-8a83-8d5c3816df16: receive RaftClientReply:client-CB1B8AC74E59->81367453-3bf0-4298-8a83-8d5c3816df16@group-F6EC397515C5, cid=1762, SUCCESS, logIndex=2454, commits[81367453-3bf0-4298-8a83-8d5c3816df16:c2454]
2019-09-03 20:26:09,059 [grpc-default-executor-2] INFO  client.GrpcClientProtocolClient (GrpcClientProtocolClient.java:onNext(255)) - client-CB1B8AC74E59->81367453-3bf0-4298-8a83-8d5c3816df16: receive RaftClientReply:client-CB1B8AC74E59->81367453-3bf0-4298-8a83-8d5c3816df16@group-F6EC397515C5, cid=1763, SUCCESS, logIndex=2455, commits[81367453-3bf0-4298-8a83-8d5c3816df16:c2456]
2019-09-03 20:26:09,059 [grpc-default-executor-2] INFO  client.GrpcClientProtocolClient (GrpcClientProtocolClient.java:onNext(255)) - client-CB1B8AC74E59->81367453-3bf0-4298-8a83-8d5c3816df16: receive RaftClientReply:client-CB1B8AC74E59->81367453-3bf0-4298-8a83-8d5c3816df16@group-F6EC397515C5, cid=1764, SUCCESS, logIndex=2456, commits[81367453-3bf0-4298-8a83-8d5c3816df16:c2456]
2019-09-03 20:26:09,071 [grpc-default-executor-1] INFO  client.GrpcClientProtocolClient (GrpcClientProtocolClient.java:onNext(255)) - client-CB1B8AC74E59->81367453-3bf0-4298-8a83-8d5c3816df16: receive RaftClientReply:client-CB1B8AC74E59->81367453-3bf0-4298-8a83-8d5c3816df16@group-F6EC397515C5, cid=1765, SUCCESS, logIndex=2459, commits[81367453-3bf0-4298-8a83-8d5c3816df16:c2462]
2019-09-03 20:26:09,071 [grpc-default-executor-1] INFO  client.GrpcClientProtocolClient (GrpcClientProtocolClient.java:onNext(255)) - client-CB1B8AC74E59->81367453-3bf0-4298-8a83-8d5c3816df16: receive RaftClientReply:client-CB1B8AC74E59->81367453-3bf0-4298-8a83-8d5c3816df16@group-F6EC397515C5, cid=1766, SUCCESS, logIndex=2460, commits[81367453-3bf0-4298-8a83-8d5c3816df16:c2463]
2019-09-03 20:26:09,071 [grpc-default-executor-1] INFO  client.GrpcClientProtocolClient (GrpcClientProtocolClient.java:onNext(255)) - client-CB1B8AC74E59->81367453-3bf0-4298-8a83-8d5c3816df16: receive RaftClientReply:client-CB1B8AC74E59->81367453-3bf0-4298-8a83-8d5c3816df16@group-F6EC397515C5, cid=1767, SUCCESS, logIndex=2461, commits[81367453-3bf0-4298-8a83-8d5c3816df16:c2463]
2019-09-03 20:26:09,072 [grpc-default-executor-1] INFO  client.GrpcClientProtocolClient (GrpcClientProtocolClient.java:onNext(255)) - client-CB1B8AC74E59->81367453-3bf0-4298-8a83-8d5c3816df16: receive RaftClientReply:client-CB1B8AC74E59->81367453-3bf0-4298-8a83-8d5c3816df16@group-F6EC397515C5, cid=1768, SUCCESS, logIndex=2462, commits[81367453-3bf0-4298-8a83-8d5c3816df16:c2463]
2019-09-03 20:26:09,149 [SCMBlockDeletingService#0] DEBUG block.SCMBlockDeletingService (SCMBlockDeletingService.java:call(138)) - Running DeletedBlockTransactionScanner
2019-09-03 20:26:09,152 [SCMBlockDeletingService#0] DEBUG block.SCMBlockDeletingService (SCMBlockDeletingService.java:call(155)) - Scanned deleted blocks log and got 0 delTX to process.
2019-09-03 20:26:09,179 [grpc-default-executor-2] INFO  client.GrpcClientProtocolClient (GrpcClientProtocolClient.java:onNext(255)) - client-CB1B8AC74E59->81367453-3bf0-4298-8a83-8d5c3816df16: receive RaftClientReply:client-CB1B8AC74E59->81367453-3bf0-4298-8a83-8d5c3816df16@group-F6EC397515C5, cid=1769, SUCCESS, logIndex=2464, commits[81367453-3bf0-4298-8a83-8d5c3816df16:c2467]
2019-09-03 20:26:09,180 [grpc-default-executor-2] INFO  client.GrpcClientProtocolClient (GrpcClientProtocolClient.java:onNext(255)) - client-CB1B8AC74E59->81367453-3bf0-4298-8a83-8d5c3816df16: receive RaftClientReply:client-CB1B8AC74E59->81367453-3bf0-4298-8a83-8d5c3816df16@group-F6EC397515C5, cid=1770, SUCCESS, logIndex=2465, commits[81367453-3bf0-4298-8a83-8d5c3816df16:c2467]
2019-09-03 20:26:09,180 [grpc-default-executor-2] INFO  client.GrpcClientProtocolClient (GrpcClientProtocolClient.java:onNext(255)) - client-CB1B8AC74E59->81367453-3bf0-4298-8a83-8d5c3816df16: receive RaftClientReply:client-CB1B8AC74E59->81367453-3bf0-4298-8a83-8d5c3816df16@group-F6EC397515C5, cid=1771, SUCCESS, logIndex=2466, commits[81367453-3bf0-4298-8a83-8d5c3816df16:c2468]
2019-09-03 20:26:09,180 [grpc-default-executor-2] INFO  client.GrpcClientProtocolClient (GrpcClientProtocolClient.java:onNext(255)) - client-CB1B8AC74E59->81367453-3bf0-4298-8a83-8d5c3816df16: receive RaftClientReply:client-CB1B8AC74E59->81367453-3bf0-4298-8a83-8d5c3816df16@group-F6EC397515C5, cid=1772, SUCCESS, logIndex=2467, commits[81367453-3bf0-4298-8a83-8d5c3816df16:c2468]
2019-09-03 20:26:09,212 [grpc-default-executor-2] INFO  client.GrpcClientProtocolClient (GrpcClientProtocolClient.java:onNext(255)) - client-CB1B8AC74E59->81367453-3bf0-4298-8a83-8d5c3816df16: receive RaftClientReply:client-CB1B8AC74E59->81367453-3bf0-4298-8a83-8d5c3816df16@group-F6EC397515C5, cid=1773, SUCCESS, logIndex=2469, commits[81367453-3bf0-4298-8a83-8d5c3816df16:c2472]
2019-09-03 20:26:09,213 [grpc-default-executor-2] INFO  client.GrpcClientProtocolClient (GrpcClientProtocolClient.java:onNext(255)) - client-CB1B8AC74E59->81367453-3bf0-4298-8a83-8d5c3816df16: receive RaftClientReply:client-CB1B8AC74E59->81367453-3bf0-4298-8a83-8d5c3816df16@group-F6EC397515C5, cid=1774, SUCCESS, logIndex=2470, commits[81367453-3bf0-4298-8a83-8d5c3816df16:c2472]
2019-09-03 20:26:09,213 [grpc-default-executor-2] INFO  client.GrpcClientProtocolClient (GrpcClientProtocolClient.java:onNext(255)) - client-CB1B8AC74E59->81367453-3bf0-4298-8a83-8d5c3816df16: receive RaftClientReply:client-CB1B8AC74E59->81367453-3bf0-4298-8a83-8d5c3816df16@group-F6EC397515C5, cid=1775, SUCCESS, logIndex=2471, commits[81367453-3bf0-4298-8a83-8d5c3816df16:c2472]
2019-09-03 20:26:09,213 [grpc-default-executor-2] INFO  client.GrpcClientProtocolClient (GrpcClientProtocolClient.java:onNext(255)) - client-CB1B8AC74E59->81367453-3bf0-4298-8a83-8d5c3816df16: receive RaftClientReply:client-CB1B8AC74E59->81367453-3bf0-4298-8a83-8d5c3816df16@group-F6EC397515C5, cid=1776, SUCCESS, logIndex=2472, commits[81367453-3bf0-4298-8a83-8d5c3816df16:c2472]
2019-09-03 20:26:09,236 [grpc-default-executor-2] INFO  client.GrpcClientProtocolClient (GrpcClientProtocolClient.java:onNext(255)) - client-CB1B8AC74E59->81367453-3bf0-4298-8a83-8d5c3816df16: receive RaftClientReply:client-CB1B8AC74E59->81367453-3bf0-4298-8a83-8d5c3816df16@group-F6EC397515C5, cid=1777, SUCCESS, logIndex=2474, commits[81367453-3bf0-4298-8a83-8d5c3816df16:c2477]
2019-09-03 20:26:09,236 [grpc-default-executor-2] INFO  client.GrpcClientProtocolClient (GrpcClientProtocolClient.java:onNext(255)) - client-CB1B8AC74E59->81367453-3bf0-4298-8a83-8d5c3816df16: receive RaftClientReply:client-CB1B8AC74E59->81367453-3bf0-4298-8a83-8d5c3816df16@group-F6EC397515C5, cid=1778, SUCCESS, logIndex=2475, commits[81367453-3bf0-4298-8a83-8d5c3816df16:c2478]
2019-09-03 20:26:09,236 [grpc-default-executor-2] INFO  client.GrpcClientProtocolClient (GrpcClientProtocolClient.java:onNext(255)) - client-CB1B8AC74E59->81367453-3bf0-4298-8a83-8d5c3816df16: receive RaftClientReply:client-CB1B8AC74E59->81367453-3bf0-4298-8a83-8d5c3816df16@group-F6EC397515C5, cid=1779, SUCCESS, logIndex=2476, commits[81367453-3bf0-4298-8a83-8d5c3816df16:c2478]
2019-09-03 20:26:09,237 [grpc-default-executor-2] INFO  client.GrpcClientProtocolClient (GrpcClientProtocolClient.java:onNext(255)) - client-CB1B8AC74E59->81367453-3bf0-4298-8a83-8d5c3816df16: receive RaftClientReply:client-CB1B8AC74E59->81367453-3bf0-4298-8a83-8d5c3816df16@group-F6EC397515C5, cid=1780, SUCCESS, logIndex=2477, commits[81367453-3bf0-4298-8a83-8d5c3816df16:c2478]
2019-09-03 20:26:09,251 [grpc-default-executor-2] INFO  client.GrpcClientProtocolClient (GrpcClientProtocolClient.java:onNext(255)) - client-CB1B8AC74E59->81367453-3bf0-4298-8a83-8d5c3816df16: receive RaftClientReply:client-CB1B8AC74E59->81367453-3bf0-4298-8a83-8d5c3816df16@group-F6EC397515C5, cid=1781, SUCCESS, logIndex=2479, commits[81367453-3bf0-4298-8a83-8d5c3816df16:c2482]
2019-09-03 20:26:09,251 [grpc-default-executor-2] INFO  client.GrpcClientProtocolClient (GrpcClientProtocolClient.java:onNext(255)) - client-CB1B8AC74E59->81367453-3bf0-4298-8a83-8d5c3816df16: receive RaftClientReply:client-CB1B8AC74E59->81367453-3bf0-4298-8a83-8d5c3816df16@group-F6EC397515C5, cid=1782, SUCCESS, logIndex=2480, commits[81367453-3bf0-4298-8a83-8d5c3816df16:c2482]
2019-09-03 20:26:09,251 [grpc-default-executor-2] INFO  client.GrpcClientProtocolClient (GrpcClientProtocolClient.java:onNext(255)) - client-CB1B8AC74E59->81367453-3bf0-4298-8a83-8d5c3816df16: receive RaftClientReply:client-CB1B8AC74E59->81367453-3bf0-4298-8a83-8d5c3816df16@group-F6EC397515C5, cid=1783, SUCCESS, logIndex=2481, commits[81367453-3bf0-4298-8a83-8d5c3816df16:c2483]
2019-09-03 20:26:09,252 [grpc-default-executor-2] INFO  client.GrpcClientProtocolClient (GrpcClientProtocolClient.java:onNext(255)) - client-CB1B8AC74E59->81367453-3bf0-4298-8a83-8d5c3816df16: receive RaftClientReply:client-CB1B8AC74E59->81367453-3bf0-4298-8a83-8d5c3816df16@group-F6EC397515C5, cid=1784, SUCCESS, logIndex=2482, commits[81367453-3bf0-4298-8a83-8d5c3816df16:c2483]
2019-09-03 20:26:09,252 [SCMBlockDeletingService#0] DEBUG block.SCMBlockDeletingService (SCMBlockDeletingService.java:call(138)) - Running DeletedBlockTransactionScanner
2019-09-03 20:26:09,252 [SCMBlockDeletingService#0] DEBUG block.SCMBlockDeletingService (SCMBlockDeletingService.java:call(155)) - Scanned deleted blocks log and got 0 delTX to process.
2019-09-03 20:26:09,269 [grpc-default-executor-2] INFO  client.GrpcClientProtocolClient (GrpcClientProtocolClient.java:onNext(255)) - client-CB1B8AC74E59->81367453-3bf0-4298-8a83-8d5c3816df16: receive RaftClientReply:client-CB1B8AC74E59->81367453-3bf0-4298-8a83-8d5c3816df16@group-F6EC397515C5, cid=1785, SUCCESS, logIndex=2484, commits[81367453-3bf0-4298-8a83-8d5c3816df16:c2487]
2019-09-03 20:26:09,270 [grpc-default-executor-2] INFO  client.GrpcClientProtocolClient (GrpcClientProtocolClient.java:onNext(255)) - client-CB1B8AC74E59->81367453-3bf0-4298-8a83-8d5c3816df16: receive RaftClientReply:client-CB1B8AC74E59->81367453-3bf0-4298-8a83-8d5c3816df16@group-F6EC397515C5, cid=1786, SUCCESS, logIndex=2485, commits[81367453-3bf0-4298-8a83-8d5c3816df16:c2487]
2019-09-03 20:26:09,270 [grpc-default-executor-2] INFO  client.GrpcClientProtocolClient (GrpcClientProtocolClient.java:onNext(255)) - client-CB1B8AC74E59->81367453-3bf0-4298-8a83-8d5c3816df16: receive RaftClientReply:client-CB1B8AC74E59->81367453-3bf0-4298-8a83-8d5c3816df16@group-F6EC397515C5, cid=1787, SUCCESS, logIndex=2486, commits[81367453-3bf0-4298-8a83-8d5c3816df16:c2488]
2019-09-03 20:26:09,271 [grpc-default-executor-2] INFO  client.GrpcClientProtocolClient (GrpcClientProtocolClient.java:onNext(255)) - client-CB1B8AC74E59->81367453-3bf0-4298-8a83-8d5c3816df16: receive RaftClientReply:client-CB1B8AC74E59->81367453-3bf0-4298-8a83-8d5c3816df16@group-F6EC397515C5, cid=1788, SUCCESS, logIndex=2487, commits[81367453-3bf0-4298-8a83-8d5c3816df16:c2488]
2019-09-03 20:26:09,281 [grpc-default-executor-1] INFO  client.GrpcClientProtocolClient (GrpcClientProtocolClient.java:onNext(255)) - client-CB1B8AC74E59->81367453-3bf0-4298-8a83-8d5c3816df16: receive RaftClientReply:client-CB1B8AC74E59->81367453-3bf0-4298-8a83-8d5c3816df16@group-F6EC397515C5, cid=1789, SUCCESS, logIndex=2489, commits[81367453-3bf0-4298-8a83-8d5c3816df16:c2490]
2019-09-03 20:26:09,281 [grpc-default-executor-1] INFO  client.GrpcClientProtocolClient (GrpcClientProtocolClient.java:onNext(255)) - client-CB1B8AC74E59->81367453-3bf0-4298-8a83-8d5c3816df16: receive RaftClientReply:client-CB1B8AC74E59->81367453-3bf0-4298-8a83-8d5c3816df16@group-F6EC397515C5, cid=1790, SUCCESS, logIndex=2490, commits[81367453-3bf0-4298-8a83-8d5c3816df16:c2490]
2019-09-03 20:26:09,353 [SCMBlockDeletingService#0] DEBUG block.SCMBlockDeletingService (SCMBlockDeletingService.java:call(138)) - Running DeletedBlockTransactionScanner
2019-09-03 20:26:09,353 [SCMBlockDeletingService#0] DEBUG block.SCMBlockDeletingService (SCMBlockDeletingService.java:call(155)) - Scanned deleted blocks log and got 0 delTX to process.
2019-09-03 20:26:09,373 [grpc-default-executor-1] INFO  client.GrpcClientProtocolClient (GrpcClientProtocolClient.java:onNext(255)) - client-CB1B8AC74E59->81367453-3bf0-4298-8a83-8d5c3816df16: receive RaftClientReply:client-CB1B8AC74E59->81367453-3bf0-4298-8a83-8d5c3816df16@group-F6EC397515C5, cid=1791, SUCCESS, logIndex=2491, commits[81367453-3bf0-4298-8a83-8d5c3816df16:c2493]
2019-09-03 20:26:09,374 [grpc-default-executor-1] INFO  client.GrpcClientProtocolClient (GrpcClientProtocolClient.java:onNext(255)) - client-CB1B8AC74E59->81367453-3bf0-4298-8a83-8d5c3816df16: receive RaftClientReply:client-CB1B8AC74E59->81367453-3bf0-4298-8a83-8d5c3816df16@group-F6EC397515C5, cid=1792, SUCCESS, logIndex=2492, commits[81367453-3bf0-4298-8a83-8d5c3816df16:c2493]
2019-09-03 20:26:09,394 [grpc-default-executor-2] INFO  client.GrpcClientProtocolClient (GrpcClientProtocolClient.java:onNext(255)) - client-CB1B8AC74E59->81367453-3bf0-4298-8a83-8d5c3816df16: receive RaftClientReply:client-CB1B8AC74E59->81367453-3bf0-4298-8a83-8d5c3816df16@group-F6EC397515C5, cid=1793, SUCCESS, logIndex=2494, commits[81367453-3bf0-4298-8a83-8d5c3816df16:c2495]
2019-09-03 20:26:09,395 [grpc-default-executor-2] INFO  client.GrpcClientProtocolClient (GrpcClientProtocolClient.java:onNext(255)) - client-CB1B8AC74E59->81367453-3bf0-4298-8a83-8d5c3816df16: receive RaftClientReply:client-CB1B8AC74E59->81367453-3bf0-4298-8a83-8d5c3816df16@group-F6EC397515C5, cid=1794, SUCCESS, logIndex=2495, commits[81367453-3bf0-4298-8a83-8d5c3816df16:c2495]
2019-09-03 20:26:09,396 [grpc-default-executor-2] INFO  client.GrpcClientProtocolClient (GrpcClientProtocolClient.java:onNext(255)) - client-CB1B8AC74E59->81367453-3bf0-4298-8a83-8d5c3816df16: receive RaftClientReply:client-CB1B8AC74E59->81367453-3bf0-4298-8a83-8d5c3816df16@group-F6EC397515C5, cid=1795, SUCCESS, logIndex=2496, commits[81367453-3bf0-4298-8a83-8d5c3816df16:c2497]
2019-09-03 20:26:09,396 [grpc-default-executor-2] INFO  client.GrpcClientProtocolClient (GrpcClientProtocolClient.java:onNext(255)) - client-CB1B8AC74E59->81367453-3bf0-4298-8a83-8d5c3816df16: receive RaftClientReply:client-CB1B8AC74E59->81367453-3bf0-4298-8a83-8d5c3816df16@group-F6EC397515C5, cid=1796, SUCCESS, logIndex=2497, commits[81367453-3bf0-4298-8a83-8d5c3816df16:c2498]
2019-09-03 20:26:09,424 [grpc-default-executor-2] INFO  client.GrpcClientProtocolClient (GrpcClientProtocolClient.java:onNext(255)) - client-CB1B8AC74E59->81367453-3bf0-4298-8a83-8d5c3816df16: receive RaftClientReply:client-CB1B8AC74E59->81367453-3bf0-4298-8a83-8d5c3816df16@group-F6EC397515C5, cid=1797, SUCCESS, logIndex=2500, commits[81367453-3bf0-4298-8a83-8d5c3816df16:c2503]
2019-09-03 20:26:09,424 [grpc-default-executor-2] INFO  client.GrpcClientProtocolClient (GrpcClientProtocolClient.java:onNext(255)) - client-CB1B8AC74E59->81367453-3bf0-4298-8a83-8d5c3816df16: receive RaftClientReply:client-CB1B8AC74E59->81367453-3bf0-4298-8a83-8d5c3816df16@group-F6EC397515C5, cid=1798, SUCCESS, logIndex=2501, commits[81367453-3bf0-4298-8a83-8d5c3816df16:c2503]
2019-09-03 20:26:09,424 [grpc-default-executor-2] INFO  client.GrpcClientProtocolClient (GrpcClientProtocolClient.java:onNext(255)) - client-CB1B8AC74E59->81367453-3bf0-4298-8a83-8d5c3816df16: receive RaftClientReply:client-CB1B8AC74E59->81367453-3bf0-4298-8a83-8d5c3816df16@group-F6EC397515C5, cid=1799, SUCCESS, logIndex=2502, commits[81367453-3bf0-4298-8a83-8d5c3816df16:c2503]
2019-09-03 20:26:09,425 [grpc-default-executor-2] INFO  client.GrpcClientProtocolClient (GrpcClientProtocolClient.java:onNext(255)) - client-CB1B8AC74E59->81367453-3bf0-4298-8a83-8d5c3816df16: receive RaftClientReply:client-CB1B8AC74E59->81367453-3bf0-4298-8a83-8d5c3816df16@group-F6EC397515C5, cid=1800, SUCCESS, logIndex=2503, commits[81367453-3bf0-4298-8a83-8d5c3816df16:c2503]
2019-09-03 20:26:09,453 [SCMBlockDeletingService#0] DEBUG block.SCMBlockDeletingService (SCMBlockDeletingService.java:call(138)) - Running DeletedBlockTransactionScanner
2019-09-03 20:26:09,454 [SCMBlockDeletingService#0] DEBUG block.SCMBlockDeletingService (SCMBlockDeletingService.java:call(155)) - Scanned deleted blocks log and got 0 delTX to process.
2019-09-03 20:26:09,465 [grpc-default-executor-2] INFO  client.GrpcClientProtocolClient (GrpcClientProtocolClient.java:onNext(255)) - client-CB1B8AC74E59->81367453-3bf0-4298-8a83-8d5c3816df16: receive RaftClientReply:client-CB1B8AC74E59->81367453-3bf0-4298-8a83-8d5c3816df16@group-F6EC397515C5, cid=1801, SUCCESS, logIndex=2505, commits[81367453-3bf0-4298-8a83-8d5c3816df16:c2508]
2019-09-03 20:26:09,466 [grpc-default-executor-2] INFO  client.GrpcClientProtocolClient (GrpcClientProtocolClient.java:onNext(255)) - client-CB1B8AC74E59->81367453-3bf0-4298-8a83-8d5c3816df16: receive RaftClientReply:client-CB1B8AC74E59->81367453-3bf0-4298-8a83-8d5c3816df16@group-F6EC397515C5, cid=1802, SUCCESS, logIndex=2506, commits[81367453-3bf0-4298-8a83-8d5c3816df16:c2508]
2019-09-03 20:26:09,467 [grpc-default-executor-2] INFO  client.GrpcClientProtocolClient (GrpcClientProtocolClient.java:onNext(255)) - client-CB1B8AC74E59->81367453-3bf0-4298-8a83-8d5c3816df16: receive RaftClientReply:client-CB1B8AC74E59->81367453-3bf0-4298-8a83-8d5c3816df16@group-F6EC397515C5, cid=1803, SUCCESS, logIndex=2507, commits[81367453-3bf0-4298-8a83-8d5c3816df16:c2508]
2019-09-03 20:26:09,467 [grpc-default-executor-2] INFO  client.GrpcClientProtocolClient (GrpcClientProtocolClient.java:onNext(255)) - client-CB1B8AC74E59->81367453-3bf0-4298-8a83-8d5c3816df16: receive RaftClientReply:client-CB1B8AC74E59->81367453-3bf0-4298-8a83-8d5c3816df16@group-F6EC397515C5, cid=1804, SUCCESS, logIndex=2508, commits[81367453-3bf0-4298-8a83-8d5c3816df16:c2508]
2019-09-03 20:26:09,489 [grpc-default-executor-1] INFO  client.GrpcClientProtocolClient (GrpcClientProtocolClient.java:onNext(255)) - client-CB1B8AC74E59->81367453-3bf0-4298-8a83-8d5c3816df16: receive RaftClientReply:client-CB1B8AC74E59->81367453-3bf0-4298-8a83-8d5c3816df16@group-F6EC397515C5, cid=1805, SUCCESS, logIndex=2510, commits[81367453-3bf0-4298-8a83-8d5c3816df16:c2513]
2019-09-03 20:26:09,489 [grpc-default-executor-1] INFO  client.GrpcClientProtocolClient (GrpcClientProtocolClient.java:onNext(255)) - client-CB1B8AC74E59->81367453-3bf0-4298-8a83-8d5c3816df16: receive RaftClientReply:client-CB1B8AC74E59->81367453-3bf0-4298-8a83-8d5c3816df16@group-F6EC397515C5, cid=1806, SUCCESS, logIndex=2511, commits[81367453-3bf0-4298-8a83-8d5c3816df16:c2514]
2019-09-03 20:26:09,490 [grpc-default-executor-1] INFO  client.GrpcClientProtocolClient (GrpcClientProtocolClient.java:onNext(255)) - client-CB1B8AC74E59->81367453-3bf0-4298-8a83-8d5c3816df16: receive RaftClientReply:client-CB1B8AC74E59->81367453-3bf0-4298-8a83-8d5c3816df16@group-F6EC397515C5, cid=1807, SUCCESS, logIndex=2512, commits[81367453-3bf0-4298-8a83-8d5c3816df16:c2514]
2019-09-03 20:26:09,490 [grpc-default-executor-1] INFO  client.GrpcClientProtocolClient (GrpcClientProtocolClient.java:onNext(255)) - client-CB1B8AC74E59->81367453-3bf0-4298-8a83-8d5c3816df16: receive RaftClientReply:client-CB1B8AC74E59->81367453-3bf0-4298-8a83-8d5c3816df16@group-F6EC397515C5, cid=1808, SUCCESS, logIndex=2513, commits[81367453-3bf0-4298-8a83-8d5c3816df16:c2514]
2019-09-03 20:26:09,510 [grpc-default-executor-2] INFO  client.GrpcClientProtocolClient (GrpcClientProtocolClient.java:onNext(255)) - client-CB1B8AC74E59->81367453-3bf0-4298-8a83-8d5c3816df16: receive RaftClientReply:client-CB1B8AC74E59->81367453-3bf0-4298-8a83-8d5c3816df16@group-F6EC397515C5, cid=1809, SUCCESS, logIndex=2515, commits[81367453-3bf0-4298-8a83-8d5c3816df16:c2516]
2019-09-03 20:26:09,511 [grpc-default-executor-2] INFO  client.GrpcClientProtocolClient (GrpcClientProtocolClient.java:onNext(255)) - client-CB1B8AC74E59->81367453-3bf0-4298-8a83-8d5c3816df16: receive RaftClientReply:client-CB1B8AC74E59->81367453-3bf0-4298-8a83-8d5c3816df16@group-F6EC397515C5, cid=1810, SUCCESS, logIndex=2516, commits[81367453-3bf0-4298-8a83-8d5c3816df16:c2519]
2019-09-03 20:26:09,511 [grpc-default-executor-2] INFO  client.GrpcClientProtocolClient (GrpcClientProtocolClient.java:onNext(255)) - client-CB1B8AC74E59->81367453-3bf0-4298-8a83-8d5c3816df16: receive RaftClientReply:client-CB1B8AC74E59->81367453-3bf0-4298-8a83-8d5c3816df16@group-F6EC397515C5, cid=1811, SUCCESS, logIndex=2517, commits[81367453-3bf0-4298-8a83-8d5c3816df16:c2519]
2019-09-03 20:26:09,511 [grpc-default-executor-2] INFO  client.GrpcClientProtocolClient (GrpcClientProtocolClient.java:onNext(255)) - client-CB1B8AC74E59->81367453-3bf0-4298-8a83-8d5c3816df16: receive RaftClientReply:client-CB1B8AC74E59->81367453-3bf0-4298-8a83-8d5c3816df16@group-F6EC397515C5, cid=1812, SUCCESS, logIndex=2518, commits[81367453-3bf0-4298-8a83-8d5c3816df16:c2519]
2019-09-03 20:26:09,554 [SCMBlockDeletingService#0] DEBUG block.SCMBlockDeletingService (SCMBlockDeletingService.java:call(138)) - Running DeletedBlockTransactionScanner
2019-09-03 20:26:09,554 [SCMBlockDeletingService#0] DEBUG block.SCMBlockDeletingService (SCMBlockDeletingService.java:call(155)) - Scanned deleted blocks log and got 0 delTX to process.
2019-09-03 20:26:09,646 [grpc-default-executor-2] INFO  client.GrpcClientProtocolClient (GrpcClientProtocolClient.java:onNext(255)) - client-CB1B8AC74E59->81367453-3bf0-4298-8a83-8d5c3816df16: receive RaftClientReply:client-CB1B8AC74E59->81367453-3bf0-4298-8a83-8d5c3816df16@group-F6EC397515C5, cid=1813, SUCCESS, logIndex=2520, commits[81367453-3bf0-4298-8a83-8d5c3816df16:c2523]
2019-09-03 20:26:09,646 [grpc-default-executor-2] INFO  client.GrpcClientProtocolClient (GrpcClientProtocolClient.java:onNext(255)) - client-CB1B8AC74E59->81367453-3bf0-4298-8a83-8d5c3816df16: receive RaftClientReply:client-CB1B8AC74E59->81367453-3bf0-4298-8a83-8d5c3816df16@group-F6EC397515C5, cid=1814, SUCCESS, logIndex=2521, commits[81367453-3bf0-4298-8a83-8d5c3816df16:c2523]
2019-09-03 20:26:09,647 [grpc-default-executor-2] INFO  client.GrpcClientProtocolClient (GrpcClientProtocolClient.java:onNext(255)) - client-CB1B8AC74E59->81367453-3bf0-4298-8a83-8d5c3816df16: receive RaftClientReply:client-CB1B8AC74E59->81367453-3bf0-4298-8a83-8d5c3816df16@group-F6EC397515C5, cid=1815, SUCCESS, logIndex=2522, commits[81367453-3bf0-4298-8a83-8d5c3816df16:c2523]
2019-09-03 20:26:09,647 [grpc-default-executor-2] INFO  client.GrpcClientProtocolClient (GrpcClientProtocolClient.java:onNext(255)) - client-CB1B8AC74E59->81367453-3bf0-4298-8a83-8d5c3816df16: receive RaftClientReply:client-CB1B8AC74E59->81367453-3bf0-4298-8a83-8d5c3816df16@group-F6EC397515C5, cid=1816, SUCCESS, logIndex=2523, commits[81367453-3bf0-4298-8a83-8d5c3816df16:c2523]
2019-09-03 20:26:09,655 [SCMBlockDeletingService#0] DEBUG block.SCMBlockDeletingService (SCMBlockDeletingService.java:call(138)) - Running DeletedBlockTransactionScanner
2019-09-03 20:26:09,655 [SCMBlockDeletingService#0] DEBUG block.SCMBlockDeletingService (SCMBlockDeletingService.java:call(155)) - Scanned deleted blocks log and got 0 delTX to process.
2019-09-03 20:26:09,671 [grpc-default-executor-2] INFO  client.GrpcClientProtocolClient (GrpcClientProtocolClient.java:onNext(255)) - client-CB1B8AC74E59->81367453-3bf0-4298-8a83-8d5c3816df16: receive RaftClientReply:client-CB1B8AC74E59->81367453-3bf0-4298-8a83-8d5c3816df16@group-F6EC397515C5, cid=1817, SUCCESS, logIndex=2525, commits[81367453-3bf0-4298-8a83-8d5c3816df16:c2528]
2019-09-03 20:26:09,671 [grpc-default-executor-2] INFO  client.GrpcClientProtocolClient (GrpcClientProtocolClient.java:onNext(255)) - client-CB1B8AC74E59->81367453-3bf0-4298-8a83-8d5c3816df16: receive RaftClientReply:client-CB1B8AC74E59->81367453-3bf0-4298-8a83-8d5c3816df16@group-F6EC397515C5, cid=1818, SUCCESS, logIndex=2526, commits[81367453-3bf0-4298-8a83-8d5c3816df16:c2529]
2019-09-03 20:26:09,671 [grpc-default-executor-2] INFO  client.GrpcClientProtocolClient (GrpcClientProtocolClient.java:onNext(255)) - client-CB1B8AC74E59->81367453-3bf0-4298-8a83-8d5c3816df16: receive RaftClientReply:client-CB1B8AC74E59->81367453-3bf0-4298-8a83-8d5c3816df16@group-F6EC397515C5, cid=1819, SUCCESS, logIndex=2527, commits[81367453-3bf0-4298-8a83-8d5c3816df16:c2529]
2019-09-03 20:26:09,672 [grpc-default-executor-2] INFO  client.GrpcClientProtocolClient (GrpcClientProtocolClient.java:onNext(255)) - client-CB1B8AC74E59->81367453-3bf0-4298-8a83-8d5c3816df16: receive RaftClientReply:client-CB1B8AC74E59->81367453-3bf0-4298-8a83-8d5c3816df16@group-F6EC397515C5, cid=1820, SUCCESS, logIndex=2528, commits[81367453-3bf0-4298-8a83-8d5c3816df16:c2529]
2019-09-03 20:26:09,686 [grpc-default-executor-2] INFO  client.GrpcClientProtocolClient (GrpcClientProtocolClient.java:onNext(255)) - client-CB1B8AC74E59->81367453-3bf0-4298-8a83-8d5c3816df16: receive RaftClientReply:client-CB1B8AC74E59->81367453-3bf0-4298-8a83-8d5c3816df16@group-F6EC397515C5, cid=1821, SUCCESS, logIndex=2530, commits[81367453-3bf0-4298-8a83-8d5c3816df16:c2533]
2019-09-03 20:26:09,686 [grpc-default-executor-2] INFO  client.GrpcClientProtocolClient (GrpcClientProtocolClient.java:onNext(255)) - client-CB1B8AC74E59->81367453-3bf0-4298-8a83-8d5c3816df16: receive RaftClientReply:client-CB1B8AC74E59->81367453-3bf0-4298-8a83-8d5c3816df16@group-F6EC397515C5, cid=1822, SUCCESS, logIndex=2531, commits[81367453-3bf0-4298-8a83-8d5c3816df16:c2533]
2019-09-03 20:26:09,686 [grpc-default-executor-2] INFO  client.GrpcClientProtocolClient (GrpcClientProtocolClient.java:onNext(255)) - client-CB1B8AC74E59->81367453-3bf0-4298-8a83-8d5c3816df16: receive RaftClientReply:client-CB1B8AC74E59->81367453-3bf0-4298-8a83-8d5c3816df16@group-F6EC397515C5, cid=1823, SUCCESS, logIndex=2532, commits[81367453-3bf0-4298-8a83-8d5c3816df16:c2533]
2019-09-03 20:26:09,687 [grpc-default-executor-2] INFO  client.GrpcClientProtocolClient (GrpcClientProtocolClient.java:onNext(255)) - client-CB1B8AC74E59->81367453-3bf0-4298-8a83-8d5c3816df16: receive RaftClientReply:client-CB1B8AC74E59->81367453-3bf0-4298-8a83-8d5c3816df16@group-F6EC397515C5, cid=1824, SUCCESS, logIndex=2533, commits[81367453-3bf0-4298-8a83-8d5c3816df16:c2533]
2019-09-03 20:26:09,706 [grpc-default-executor-2] INFO  client.GrpcClientProtocolClient (GrpcClientProtocolClient.java:onNext(255)) - client-CB1B8AC74E59->81367453-3bf0-4298-8a83-8d5c3816df16: receive RaftClientReply:client-CB1B8AC74E59->81367453-3bf0-4298-8a83-8d5c3816df16@group-F6EC397515C5, cid=1825, SUCCESS, logIndex=2535, commits[81367453-3bf0-4298-8a83-8d5c3816df16:c2538]
2019-09-03 20:26:09,707 [grpc-default-executor-2] INFO  client.GrpcClientProtocolClient (GrpcClientProtocolClient.java:onNext(255)) - client-CB1B8AC74E59->81367453-3bf0-4298-8a83-8d5c3816df16: receive RaftClientReply:client-CB1B8AC74E59->81367453-3bf0-4298-8a83-8d5c3816df16@group-F6EC397515C5, cid=1826, SUCCESS, logIndex=2536, commits[81367453-3bf0-4298-8a83-8d5c3816df16:c2538]
2019-09-03 20:26:09,707 [grpc-default-executor-2] INFO  client.GrpcClientProtocolClient (GrpcClientProtocolClient.java:onNext(255)) - client-CB1B8AC74E59->81367453-3bf0-4298-8a83-8d5c3816df16: receive RaftClientReply:client-CB1B8AC74E59->81367453-3bf0-4298-8a83-8d5c3816df16@group-F6EC397515C5, cid=1827, SUCCESS, logIndex=2537, commits[81367453-3bf0-4298-8a83-8d5c3816df16:c2539]
2019-09-03 20:26:09,708 [grpc-default-executor-2] INFO  client.GrpcClientProtocolClient (GrpcClientProtocolClient.java:onNext(255)) - client-CB1B8AC74E59->81367453-3bf0-4298-8a83-8d5c3816df16: receive RaftClientReply:client-CB1B8AC74E59->81367453-3bf0-4298-8a83-8d5c3816df16@group-F6EC397515C5, cid=1828, SUCCESS, logIndex=2538, commits[81367453-3bf0-4298-8a83-8d5c3816df16:c2539]
2019-09-03 20:26:09,721 [grpc-default-executor-1] INFO  client.GrpcClientProtocolClient (GrpcClientProtocolClient.java:onNext(255)) - client-CB1B8AC74E59->81367453-3bf0-4298-8a83-8d5c3816df16: receive RaftClientReply:client-CB1B8AC74E59->81367453-3bf0-4298-8a83-8d5c3816df16@group-F6EC397515C5, cid=1829, SUCCESS, logIndex=2540, commits[81367453-3bf0-4298-8a83-8d5c3816df16:c2543]
2019-09-03 20:26:09,721 [grpc-default-executor-1] INFO  client.GrpcClientProtocolClient (GrpcClientProtocolClient.java:onNext(255)) - client-CB1B8AC74E59->81367453-3bf0-4298-8a83-8d5c3816df16: receive RaftClientReply:client-CB1B8AC74E59->81367453-3bf0-4298-8a83-8d5c3816df16@group-F6EC397515C5, cid=1830, SUCCESS, logIndex=2541, commits[81367453-3bf0-4298-8a83-8d5c3816df16:c2544]
2019-09-03 20:26:09,722 [grpc-default-executor-1] INFO  client.GrpcClientProtocolClient (GrpcClientProtocolClient.java:onNext(255)) - client-CB1B8AC74E59->81367453-3bf0-4298-8a83-8d5c3816df16: receive RaftClientReply:client-CB1B8AC74E59->81367453-3bf0-4298-8a83-8d5c3816df16@group-F6EC397515C5, cid=1831, SUCCESS, logIndex=2542, commits[81367453-3bf0-4298-8a83-8d5c3816df16:c2544]
2019-09-03 20:26:09,722 [grpc-default-executor-1] INFO  client.GrpcClientProtocolClient (GrpcClientProtocolClient.java:onNext(255)) - client-CB1B8AC74E59->81367453-3bf0-4298-8a83-8d5c3816df16: receive RaftClientReply:client-CB1B8AC74E59->81367453-3bf0-4298-8a83-8d5c3816df16@group-F6EC397515C5, cid=1832, SUCCESS, logIndex=2543, commits[81367453-3bf0-4298-8a83-8d5c3816df16:c2544]
2019-09-03 20:26:09,755 [SCMBlockDeletingService#0] DEBUG block.SCMBlockDeletingService (SCMBlockDeletingService.java:call(138)) - Running DeletedBlockTransactionScanner
2019-09-03 20:26:09,756 [SCMBlockDeletingService#0] DEBUG block.SCMBlockDeletingService (SCMBlockDeletingService.java:call(155)) - Scanned deleted blocks log and got 0 delTX to process.
2019-09-03 20:26:09,771 [grpc-default-executor-2] INFO  client.GrpcClientProtocolClient (GrpcClientProtocolClient.java:onNext(255)) - client-CB1B8AC74E59->81367453-3bf0-4298-8a83-8d5c3816df16: receive RaftClientReply:client-CB1B8AC74E59->81367453-3bf0-4298-8a83-8d5c3816df16@group-F6EC397515C5, cid=1833, SUCCESS, logIndex=2545, commits[81367453-3bf0-4298-8a83-8d5c3816df16:c2548]
2019-09-03 20:26:09,772 [grpc-default-executor-2] INFO  client.GrpcClientProtocolClient (GrpcClientProtocolClient.java:onNext(255)) - client-CB1B8AC74E59->81367453-3bf0-4298-8a83-8d5c3816df16: receive RaftClientReply:client-CB1B8AC74E59->81367453-3bf0-4298-8a83-8d5c3816df16@group-F6EC397515C5, cid=1834, SUCCESS, logIndex=2546, commits[81367453-3bf0-4298-8a83-8d5c3816df16:c2548]
2019-09-03 20:26:09,772 [grpc-default-executor-2] INFO  client.GrpcClientProtocolClient (GrpcClientProtocolClient.java:onNext(255)) - client-CB1B8AC74E59->81367453-3bf0-4298-8a83-8d5c3816df16: receive RaftClientReply:client-CB1B8AC74E59->81367453-3bf0-4298-8a83-8d5c3816df16@group-F6EC397515C5, cid=1835, SUCCESS, logIndex=2547, commits[81367453-3bf0-4298-8a83-8d5c3816df16:c2548]
2019-09-03 20:26:09,773 [grpc-default-executor-2] INFO  client.GrpcClientProtocolClient (GrpcClientProtocolClient.java:onNext(255)) - client-CB1B8AC74E59->81367453-3bf0-4298-8a83-8d5c3816df16: receive RaftClientReply:client-CB1B8AC74E59->81367453-3bf0-4298-8a83-8d5c3816df16@group-F6EC397515C5, cid=1836, SUCCESS, logIndex=2548, commits[81367453-3bf0-4298-8a83-8d5c3816df16:c2548]
2019-09-03 20:26:09,807 [grpc-default-executor-2] INFO  client.GrpcClientProtocolClient (GrpcClientProtocolClient.java:onNext(255)) - client-CB1B8AC74E59->81367453-3bf0-4298-8a83-8d5c3816df16: receive RaftClientReply:client-CB1B8AC74E59->81367453-3bf0-4298-8a83-8d5c3816df16@group-F6EC397515C5, cid=1837, SUCCESS, logIndex=2550, commits[81367453-3bf0-4298-8a83-8d5c3816df16:c2551]
2019-09-03 20:26:09,808 [grpc-default-executor-2] INFO  client.GrpcClientProtocolClient (GrpcClientProtocolClient.java:onNext(255)) - client-CB1B8AC74E59->81367453-3bf0-4298-8a83-8d5c3816df16: receive RaftClientReply:client-CB1B8AC74E59->81367453-3bf0-4298-8a83-8d5c3816df16@group-F6EC397515C5, cid=1838, SUCCESS, logIndex=2551, commits[81367453-3bf0-4298-8a83-8d5c3816df16:c2553]
2019-09-03 20:26:09,808 [grpc-default-executor-2] INFO  client.GrpcClientProtocolClient (GrpcClientProtocolClient.java:onNext(255)) - client-CB1B8AC74E59->81367453-3bf0-4298-8a83-8d5c3816df16: receive RaftClientReply:client-CB1B8AC74E59->81367453-3bf0-4298-8a83-8d5c3816df16@group-F6EC397515C5, cid=1839, SUCCESS, logIndex=2552, commits[81367453-3bf0-4298-8a83-8d5c3816df16:c2554]
2019-09-03 20:26:09,809 [grpc-default-executor-2] INFO  client.GrpcClientProtocolClient (GrpcClientProtocolClient.java:onNext(255)) - client-CB1B8AC74E59->81367453-3bf0-4298-8a83-8d5c3816df16: receive RaftClientReply:client-CB1B8AC74E59->81367453-3bf0-4298-8a83-8d5c3816df16@group-F6EC397515C5, cid=1840, SUCCESS, logIndex=2553, commits[81367453-3bf0-4298-8a83-8d5c3816df16:c2554]
2019-09-03 20:26:09,831 [grpc-default-executor-1] INFO  client.GrpcClientProtocolClient (GrpcClientProtocolClient.java:onNext(255)) - client-CB1B8AC74E59->81367453-3bf0-4298-8a83-8d5c3816df16: receive RaftClientReply:client-CB1B8AC74E59->81367453-3bf0-4298-8a83-8d5c3816df16@group-F6EC397515C5, cid=1841, SUCCESS, logIndex=2556, commits[81367453-3bf0-4298-8a83-8d5c3816df16:c2557]
2019-09-03 20:26:09,832 [grpc-default-executor-1] INFO  client.GrpcClientProtocolClient (GrpcClientProtocolClient.java:onNext(255)) - client-CB1B8AC74E59->81367453-3bf0-4298-8a83-8d5c3816df16: receive RaftClientReply:client-CB1B8AC74E59->81367453-3bf0-4298-8a83-8d5c3816df16@group-F6EC397515C5, cid=1842, SUCCESS, logIndex=2557, commits[81367453-3bf0-4298-8a83-8d5c3816df16:c2559]
2019-09-03 20:26:09,832 [grpc-default-executor-1] INFO  client.GrpcClientProtocolClient (GrpcClientProtocolClient.java:onNext(255)) - client-CB1B8AC74E59->81367453-3bf0-4298-8a83-8d5c3816df16: receive RaftClientReply:client-CB1B8AC74E59->81367453-3bf0-4298-8a83-8d5c3816df16@group-F6EC397515C5, cid=1843, SUCCESS, logIndex=2558, commits[81367453-3bf0-4298-8a83-8d5c3816df16:c2560]
2019-09-03 20:26:09,833 [grpc-default-executor-1] INFO  client.GrpcClientProtocolClient (GrpcClientProtocolClient.java:onNext(255)) - client-CB1B8AC74E59->81367453-3bf0-4298-8a83-8d5c3816df16: receive RaftClientReply:client-CB1B8AC74E59->81367453-3bf0-4298-8a83-8d5c3816df16@group-F6EC397515C5, cid=1844, SUCCESS, logIndex=2559, commits[81367453-3bf0-4298-8a83-8d5c3816df16:c2560]
2019-09-03 20:26:09,957 [SCMBlockDeletingService#0] DEBUG block.SCMBlockDeletingService (SCMBlockDeletingService.java:call(138)) - Running DeletedBlockTransactionScanner
2019-09-03 20:26:09,958 [SCMBlockDeletingService#0] DEBUG block.SCMBlockDeletingService (SCMBlockDeletingService.java:call(155)) - Scanned deleted blocks log and got 0 delTX to process.
2019-09-03 20:26:09,959 [grpc-default-executor-1] INFO  client.GrpcClientProtocolClient (GrpcClientProtocolClient.java:onNext(255)) - client-CB1B8AC74E59->81367453-3bf0-4298-8a83-8d5c3816df16: receive RaftClientReply:client-CB1B8AC74E59->81367453-3bf0-4298-8a83-8d5c3816df16@group-F6EC397515C5, cid=1845, SUCCESS, logIndex=2562, commits[81367453-3bf0-4298-8a83-8d5c3816df16:c2563]
2019-09-03 20:26:09,960 [grpc-default-executor-1] INFO  client.GrpcClientProtocolClient (GrpcClientProtocolClient.java:onNext(255)) - client-CB1B8AC74E59->81367453-3bf0-4298-8a83-8d5c3816df16: receive RaftClientReply:client-CB1B8AC74E59->81367453-3bf0-4298-8a83-8d5c3816df16@group-F6EC397515C5, cid=1846, SUCCESS, logIndex=2563, commits[81367453-3bf0-4298-8a83-8d5c3816df16:c2563]
2019-09-03 20:26:09,969 [grpc-default-executor-1] INFO  client.GrpcClientProtocolClient (GrpcClientProtocolClient.java:onNext(255)) - client-CB1B8AC74E59->81367453-3bf0-4298-8a83-8d5c3816df16: receive RaftClientReply:client-CB1B8AC74E59->81367453-3bf0-4298-8a83-8d5c3816df16@group-F6EC397515C5, cid=1847, SUCCESS, logIndex=2564, commits[81367453-3bf0-4298-8a83-8d5c3816df16:c2566]
2019-09-03 20:26:09,970 [grpc-default-executor-1] INFO  client.GrpcClientProtocolClient (GrpcClientProtocolClient.java:onNext(255)) - client-CB1B8AC74E59->81367453-3bf0-4298-8a83-8d5c3816df16: receive RaftClientReply:client-CB1B8AC74E59->81367453-3bf0-4298-8a83-8d5c3816df16@group-F6EC397515C5, cid=1848, SUCCESS, logIndex=2566, commits[81367453-3bf0-4298-8a83-8d5c3816df16:c2566]
2019-09-03 20:26:09,991 [grpc-default-executor-2] INFO  client.GrpcClientProtocolClient (GrpcClientProtocolClient.java:onNext(255)) - client-CB1B8AC74E59->81367453-3bf0-4298-8a83-8d5c3816df16: receive RaftClientReply:client-CB1B8AC74E59->81367453-3bf0-4298-8a83-8d5c3816df16@group-F6EC397515C5, cid=1849, SUCCESS, logIndex=2568, commits[81367453-3bf0-4298-8a83-8d5c3816df16:c2569]
2019-09-03 20:26:09,991 [grpc-default-executor-2] INFO  client.GrpcClientProtocolClient (GrpcClientProtocolClient.java:onNext(255)) - client-CB1B8AC74E59->81367453-3bf0-4298-8a83-8d5c3816df16: receive RaftClientReply:client-CB1B8AC74E59->81367453-3bf0-4298-8a83-8d5c3816df16@group-F6EC397515C5, cid=1850, SUCCESS, logIndex=2569, commits[81367453-3bf0-4298-8a83-8d5c3816df16:c2571]
2019-09-03 20:26:09,992 [grpc-default-executor-2] INFO  client.GrpcClientProtocolClient (GrpcClientProtocolClient.java:onNext(255)) - client-CB1B8AC74E59->81367453-3bf0-4298-8a83-8d5c3816df16: receive RaftClientReply:client-CB1B8AC74E59->81367453-3bf0-4298-8a83-8d5c3816df16@group-F6EC397515C5, cid=1851, SUCCESS, logIndex=2570, commits[81367453-3bf0-4298-8a83-8d5c3816df16:c2572]
2019-09-03 20:26:09,992 [grpc-default-executor-2] INFO  client.GrpcClientProtocolClient (GrpcClientProtocolClient.java:onNext(255)) - client-CB1B8AC74E59->81367453-3bf0-4298-8a83-8d5c3816df16: receive RaftClientReply:client-CB1B8AC74E59->81367453-3bf0-4298-8a83-8d5c3816df16@group-F6EC397515C5, cid=1852, SUCCESS, logIndex=2571, commits[81367453-3bf0-4298-8a83-8d5c3816df16:c2573]
2019-09-03 20:26:10,009 [grpc-default-executor-2] INFO  client.GrpcClientProtocolClient (GrpcClientProtocolClient.java:onNext(255)) - client-CB1B8AC74E59->81367453-3bf0-4298-8a83-8d5c3816df16: receive RaftClientReply:client-CB1B8AC74E59->81367453-3bf0-4298-8a83-8d5c3816df16@group-F6EC397515C5, cid=1853, SUCCESS, logIndex=2574, commits[81367453-3bf0-4298-8a83-8d5c3816df16:c2575]
2019-09-03 20:26:10,010 [grpc-default-executor-2] INFO  client.GrpcClientProtocolClient (GrpcClientProtocolClient.java:onNext(255)) - client-CB1B8AC74E59->81367453-3bf0-4298-8a83-8d5c3816df16: receive RaftClientReply:client-CB1B8AC74E59->81367453-3bf0-4298-8a83-8d5c3816df16@group-F6EC397515C5, cid=1854, SUCCESS, logIndex=2575, commits[81367453-3bf0-4298-8a83-8d5c3816df16:c2577]
2019-09-03 20:26:10,010 [grpc-default-executor-2] INFO  client.GrpcClientProtocolClient (GrpcClientProtocolClient.java:onNext(255)) - client-CB1B8AC74E59->81367453-3bf0-4298-8a83-8d5c3816df16: receive RaftClientReply:client-CB1B8AC74E59->81367453-3bf0-4298-8a83-8d5c3816df16@group-F6EC397515C5, cid=1855, SUCCESS, logIndex=2576, commits[81367453-3bf0-4298-8a83-8d5c3816df16:c2578]
2019-09-03 20:26:10,011 [grpc-default-executor-2] INFO  client.GrpcClientProtocolClient (GrpcClientProtocolClient.java:onNext(255)) - client-CB1B8AC74E59->81367453-3bf0-4298-8a83-8d5c3816df16: receive RaftClientReply:client-CB1B8AC74E59->81367453-3bf0-4298-8a83-8d5c3816df16@group-F6EC397515C5, cid=1856, SUCCESS, logIndex=2577, commits[81367453-3bf0-4298-8a83-8d5c3816df16:c2579]
2019-09-03 20:26:10,058 [SCMBlockDeletingService#1] DEBUG block.SCMBlockDeletingService (SCMBlockDeletingService.java:call(138)) - Running DeletedBlockTransactionScanner
2019-09-03 20:26:10,059 [SCMBlockDeletingService#1] DEBUG block.SCMBlockDeletingService (SCMBlockDeletingService.java:call(155)) - Scanned deleted blocks log and got 0 delTX to process.
2019-09-03 20:26:10,144 [grpc-default-executor-1] INFO  client.GrpcClientProtocolClient (GrpcClientProtocolClient.java:onNext(255)) - client-CB1B8AC74E59->81367453-3bf0-4298-8a83-8d5c3816df16: receive RaftClientReply:client-CB1B8AC74E59->81367453-3bf0-4298-8a83-8d5c3816df16@group-F6EC397515C5, cid=1857, SUCCESS, logIndex=2580, commits[81367453-3bf0-4298-8a83-8d5c3816df16:c2583]
2019-09-03 20:26:10,145 [grpc-default-executor-1] INFO  client.GrpcClientProtocolClient (GrpcClientProtocolClient.java:onNext(255)) - client-CB1B8AC74E59->81367453-3bf0-4298-8a83-8d5c3816df16: receive RaftClientReply:client-CB1B8AC74E59->81367453-3bf0-4298-8a83-8d5c3816df16@group-F6EC397515C5, cid=1858, SUCCESS, logIndex=2581, commits[81367453-3bf0-4298-8a83-8d5c3816df16:c2583]
2019-09-03 20:26:10,145 [grpc-default-executor-1] INFO  client.GrpcClientProtocolClient (GrpcClientProtocolClient.java:onNext(255)) - client-CB1B8AC74E59->81367453-3bf0-4298-8a83-8d5c3816df16: receive RaftClientReply:client-CB1B8AC74E59->81367453-3bf0-4298-8a83-8d5c3816df16@group-F6EC397515C5, cid=1859, SUCCESS, logIndex=2582, commits[81367453-3bf0-4298-8a83-8d5c3816df16:c2583]
2019-09-03 20:26:10,146 [grpc-default-executor-1] INFO  client.GrpcClientProtocolClient (GrpcClientProtocolClient.java:onNext(255)) - client-CB1B8AC74E59->81367453-3bf0-4298-8a83-8d5c3816df16: receive RaftClientReply:client-CB1B8AC74E59->81367453-3bf0-4298-8a83-8d5c3816df16@group-F6EC397515C5, cid=1860, SUCCESS, logIndex=2583, commits[81367453-3bf0-4298-8a83-8d5c3816df16:c2583]
2019-09-03 20:26:10,159 [SCMBlockDeletingService#1] DEBUG block.SCMBlockDeletingService (SCMBlockDeletingService.java:call(138)) - Running DeletedBlockTransactionScanner
2019-09-03 20:26:10,159 [SCMBlockDeletingService#1] DEBUG block.SCMBlockDeletingService (SCMBlockDeletingService.java:call(155)) - Scanned deleted blocks log and got 0 delTX to process.
2019-09-03 20:26:10,209 [grpc-default-executor-2] INFO  client.GrpcClientProtocolClient (GrpcClientProtocolClient.java:onNext(255)) - client-CB1B8AC74E59->81367453-3bf0-4298-8a83-8d5c3816df16: receive RaftClientReply:client-CB1B8AC74E59->81367453-3bf0-4298-8a83-8d5c3816df16@group-F6EC397515C5, cid=1861, SUCCESS, logIndex=2585, commits[81367453-3bf0-4298-8a83-8d5c3816df16:c2588]
2019-09-03 20:26:10,209 [grpc-default-executor-2] INFO  client.GrpcClientProtocolClient (GrpcClientProtocolClient.java:onNext(255)) - client-CB1B8AC74E59->81367453-3bf0-4298-8a83-8d5c3816df16: receive RaftClientReply:client-CB1B8AC74E59->81367453-3bf0-4298-8a83-8d5c3816df16@group-F6EC397515C5, cid=1862, SUCCESS, logIndex=2586, commits[81367453-3bf0-4298-8a83-8d5c3816df16:c2589]
2019-09-03 20:26:10,210 [grpc-default-executor-2] INFO  client.GrpcClientProtocolClient (GrpcClientProtocolClient.java:onNext(255)) - client-CB1B8AC74E59->81367453-3bf0-4298-8a83-8d5c3816df16: receive RaftClientReply:client-CB1B8AC74E59->81367453-3bf0-4298-8a83-8d5c3816df16@group-F6EC397515C5, cid=1863, SUCCESS, logIndex=2587, commits[81367453-3bf0-4298-8a83-8d5c3816df16:c2589]
2019-09-03 20:26:10,210 [grpc-default-executor-2] INFO  client.GrpcClientProtocolClient (GrpcClientProtocolClient.java:onNext(255)) - client-CB1B8AC74E59->81367453-3bf0-4298-8a83-8d5c3816df16: receive RaftClientReply:client-CB1B8AC74E59->81367453-3bf0-4298-8a83-8d5c3816df16@group-F6EC397515C5, cid=1864, SUCCESS, logIndex=2588, commits[81367453-3bf0-4298-8a83-8d5c3816df16:c2589]
2019-09-03 20:26:10,248 [grpc-default-executor-1] INFO  client.GrpcClientProtocolClient (GrpcClientProtocolClient.java:onNext(255)) - client-CB1B8AC74E59->81367453-3bf0-4298-8a83-8d5c3816df16: receive RaftClientReply:client-CB1B8AC74E59->81367453-3bf0-4298-8a83-8d5c3816df16@group-F6EC397515C5, cid=1865, SUCCESS, logIndex=2590, commits[81367453-3bf0-4298-8a83-8d5c3816df16:c2591]
2019-09-03 20:26:10,249 [grpc-default-executor-1] INFO  client.GrpcClientProtocolClient (GrpcClientProtocolClient.java:onNext(255)) - client-CB1B8AC74E59->81367453-3bf0-4298-8a83-8d5c3816df16: receive RaftClientReply:client-CB1B8AC74E59->81367453-3bf0-4298-8a83-8d5c3816df16@group-F6EC397515C5, cid=1866, SUCCESS, logIndex=2591, commits[81367453-3bf0-4298-8a83-8d5c3816df16:c2591]
2019-09-03 20:26:10,255 [grpc-default-executor-1] INFO  client.GrpcClientProtocolClient (GrpcClientProtocolClient.java:onNext(255)) - client-CB1B8AC74E59->81367453-3bf0-4298-8a83-8d5c3816df16: receive RaftClientReply:client-CB1B8AC74E59->81367453-3bf0-4298-8a83-8d5c3816df16@group-F6EC397515C5, cid=1867, SUCCESS, logIndex=2592, commits[81367453-3bf0-4298-8a83-8d5c3816df16:c2593]
2019-09-03 20:26:10,255 [grpc-default-executor-1] INFO  client.GrpcClientProtocolClient (GrpcClientProtocolClient.java:onNext(255)) - client-CB1B8AC74E59->81367453-3bf0-4298-8a83-8d5c3816df16: receive RaftClientReply:client-CB1B8AC74E59->81367453-3bf0-4298-8a83-8d5c3816df16@group-F6EC397515C5, cid=1868, SUCCESS, logIndex=2593, commits[81367453-3bf0-4298-8a83-8d5c3816df16:c2594]
2019-09-03 20:26:10,260 [SCMBlockDeletingService#1] DEBUG block.SCMBlockDeletingService (SCMBlockDeletingService.java:call(138)) - Running DeletedBlockTransactionScanner
2019-09-03 20:26:10,260 [SCMBlockDeletingService#1] DEBUG block.SCMBlockDeletingService (SCMBlockDeletingService.java:call(155)) - Scanned deleted blocks log and got 0 delTX to process.
2019-09-03 20:26:10,278 [grpc-default-executor-2] INFO  client.GrpcClientProtocolClient (GrpcClientProtocolClient.java:onNext(255)) - client-CB1B8AC74E59->81367453-3bf0-4298-8a83-8d5c3816df16: receive RaftClientReply:client-CB1B8AC74E59->81367453-3bf0-4298-8a83-8d5c3816df16@group-F6EC397515C5, cid=1869, SUCCESS, logIndex=2596, commits[81367453-3bf0-4298-8a83-8d5c3816df16:c2597]
2019-09-03 20:26:10,279 [grpc-default-executor-2] INFO  client.GrpcClientProtocolClient (GrpcClientProtocolClient.java:onNext(255)) - client-CB1B8AC74E59->81367453-3bf0-4298-8a83-8d5c3816df16: receive RaftClientReply:client-CB1B8AC74E59->81367453-3bf0-4298-8a83-8d5c3816df16@group-F6EC397515C5, cid=1870, SUCCESS, logIndex=2597, commits[81367453-3bf0-4298-8a83-8d5c3816df16:c2597]
2019-09-03 20:26:10,290 [grpc-default-executor-2] INFO  client.GrpcClientProtocolClient (GrpcClientProtocolClient.java:onNext(255)) - client-CB1B8AC74E59->81367453-3bf0-4298-8a83-8d5c3816df16: receive RaftClientReply:client-CB1B8AC74E59->81367453-3bf0-4298-8a83-8d5c3816df16@group-F6EC397515C5, cid=1871, SUCCESS, logIndex=2598, commits[81367453-3bf0-4298-8a83-8d5c3816df16:c2599]
2019-09-03 20:26:10,290 [grpc-default-executor-2] INFO  client.GrpcClientProtocolClient (GrpcClientProtocolClient.java:onNext(255)) - client-CB1B8AC74E59->81367453-3bf0-4298-8a83-8d5c3816df16: receive RaftClientReply:client-CB1B8AC74E59->81367453-3bf0-4298-8a83-8d5c3816df16@group-F6EC397515C5, cid=1872, SUCCESS, logIndex=2599, commits[81367453-3bf0-4298-8a83-8d5c3816df16:c2599]
2019-09-03 20:26:10,316 [grpc-default-executor-2] INFO  client.GrpcClientProtocolClient (GrpcClientProtocolClient.java:onNext(255)) - client-CB1B8AC74E59->81367453-3bf0-4298-8a83-8d5c3816df16: receive RaftClientReply:client-CB1B8AC74E59->81367453-3bf0-4298-8a83-8d5c3816df16@group-F6EC397515C5, cid=1873, SUCCESS, logIndex=2602, commits[81367453-3bf0-4298-8a83-8d5c3816df16:c2603]
2019-09-03 20:26:10,317 [grpc-default-executor-2] INFO  client.GrpcClientProtocolClient (GrpcClientProtocolClient.java:onNext(255)) - client-CB1B8AC74E59->81367453-3bf0-4298-8a83-8d5c3816df16: receive RaftClientReply:client-CB1B8AC74E59->81367453-3bf0-4298-8a83-8d5c3816df16@group-F6EC397515C5, cid=1874, SUCCESS, logIndex=2603, commits[81367453-3bf0-4298-8a83-8d5c3816df16:c2603]
2019-09-03 20:26:10,322 [grpc-default-executor-2] INFO  client.GrpcClientProtocolClient (GrpcClientProtocolClient.java:onNext(255)) - client-CB1B8AC74E59->81367453-3bf0-4298-8a83-8d5c3816df16: receive RaftClientReply:client-CB1B8AC74E59->81367453-3bf0-4298-8a83-8d5c3816df16@group-F6EC397515C5, cid=1875, SUCCESS, logIndex=2604, commits[81367453-3bf0-4298-8a83-8d5c3816df16:c2605]
2019-09-03 20:26:10,323 [grpc-default-executor-2] INFO  client.GrpcClientProtocolClient (GrpcClientProtocolClient.java:onNext(255)) - client-CB1B8AC74E59->81367453-3bf0-4298-8a83-8d5c3816df16: receive RaftClientReply:client-CB1B8AC74E59->81367453-3bf0-4298-8a83-8d5c3816df16@group-F6EC397515C5, cid=1876, SUCCESS, logIndex=2605, commits[81367453-3bf0-4298-8a83-8d5c3816df16:c2605]
2019-09-03 20:26:10,340 [grpc-default-executor-1] INFO  client.GrpcClientProtocolClient (GrpcClientProtocolClient.java:onNext(255)) - client-CB1B8AC74E59->81367453-3bf0-4298-8a83-8d5c3816df16: receive RaftClientReply:client-CB1B8AC74E59->81367453-3bf0-4298-8a83-8d5c3816df16@group-F6EC397515C5, cid=1877, SUCCESS, logIndex=2608, commits[81367453-3bf0-4298-8a83-8d5c3816df16:c2609]
2019-09-03 20:26:10,340 [grpc-default-executor-1] INFO  client.GrpcClientProtocolClient (GrpcClientProtocolClient.java:onNext(255)) - client-CB1B8AC74E59->81367453-3bf0-4298-8a83-8d5c3816df16: receive RaftClientReply:client-CB1B8AC74E59->81367453-3bf0-4298-8a83-8d5c3816df16@group-F6EC397515C5, cid=1878, SUCCESS, logIndex=2609, commits[81367453-3bf0-4298-8a83-8d5c3816df16:c2609]
2019-09-03 20:26:10,347 [grpc-default-executor-1] INFO  client.GrpcClientProtocolClient (GrpcClientProtocolClient.java:onNext(255)) - client-CB1B8AC74E59->81367453-3bf0-4298-8a83-8d5c3816df16: receive RaftClientReply:client-CB1B8AC74E59->81367453-3bf0-4298-8a83-8d5c3816df16@group-F6EC397515C5, cid=1879, SUCCESS, logIndex=2610, commits[81367453-3bf0-4298-8a83-8d5c3816df16:c2611]
2019-09-03 20:26:10,348 [grpc-default-executor-1] INFO  client.GrpcClientProtocolClient (GrpcClientProtocolClient.java:onNext(255)) - client-CB1B8AC74E59->81367453-3bf0-4298-8a83-8d5c3816df16: receive RaftClientReply:client-CB1B8AC74E59->81367453-3bf0-4298-8a83-8d5c3816df16@group-F6EC397515C5, cid=1880, SUCCESS, logIndex=2611, commits[81367453-3bf0-4298-8a83-8d5c3816df16:c2611]
2019-09-03 20:26:10,360 [SCMBlockDeletingService#1] DEBUG block.SCMBlockDeletingService (SCMBlockDeletingService.java:call(138)) - Running DeletedBlockTransactionScanner
2019-09-03 20:26:10,361 [SCMBlockDeletingService#1] DEBUG block.SCMBlockDeletingService (SCMBlockDeletingService.java:call(155)) - Scanned deleted blocks log and got 0 delTX to process.
2019-09-03 20:26:10,385 [grpc-default-executor-2] INFO  client.GrpcClientProtocolClient (GrpcClientProtocolClient.java:onNext(255)) - client-CB1B8AC74E59->81367453-3bf0-4298-8a83-8d5c3816df16: receive RaftClientReply:client-CB1B8AC74E59->81367453-3bf0-4298-8a83-8d5c3816df16@group-F6EC397515C5, cid=1881, SUCCESS, logIndex=2614, commits[81367453-3bf0-4298-8a83-8d5c3816df16:c2615]
2019-09-03 20:26:10,385 [grpc-default-executor-2] INFO  client.GrpcClientProtocolClient (GrpcClientProtocolClient.java:onNext(255)) - client-CB1B8AC74E59->81367453-3bf0-4298-8a83-8d5c3816df16: receive RaftClientReply:client-CB1B8AC74E59->81367453-3bf0-4298-8a83-8d5c3816df16@group-F6EC397515C5, cid=1882, SUCCESS, logIndex=2615, commits[81367453-3bf0-4298-8a83-8d5c3816df16:c2615]
2019-09-03 20:26:10,394 [grpc-default-executor-2] INFO  client.GrpcClientProtocolClient (GrpcClientProtocolClient.java:onNext(255)) - client-CB1B8AC74E59->81367453-3bf0-4298-8a83-8d5c3816df16: receive RaftClientReply:client-CB1B8AC74E59->81367453-3bf0-4298-8a83-8d5c3816df16@group-F6EC397515C5, cid=1883, SUCCESS, logIndex=2616, commits[81367453-3bf0-4298-8a83-8d5c3816df16:c2617]
2019-09-03 20:26:10,394 [grpc-default-executor-2] INFO  client.GrpcClientProtocolClient (GrpcClientProtocolClient.java:onNext(255)) - client-CB1B8AC74E59->81367453-3bf0-4298-8a83-8d5c3816df16: receive RaftClientReply:client-CB1B8AC74E59->81367453-3bf0-4298-8a83-8d5c3816df16@group-F6EC397515C5, cid=1884, SUCCESS, logIndex=2617, commits[81367453-3bf0-4298-8a83-8d5c3816df16:c2617]
2019-09-03 20:26:10,416 [grpc-default-executor-2] INFO  client.GrpcClientProtocolClient (GrpcClientProtocolClient.java:onNext(255)) - client-CB1B8AC74E59->81367453-3bf0-4298-8a83-8d5c3816df16: receive RaftClientReply:client-CB1B8AC74E59->81367453-3bf0-4298-8a83-8d5c3816df16@group-F6EC397515C5, cid=1885, SUCCESS, logIndex=2620, commits[81367453-3bf0-4298-8a83-8d5c3816df16:c2623]
2019-09-03 20:26:10,417 [grpc-default-executor-2] INFO  client.GrpcClientProtocolClient (GrpcClientProtocolClient.java:onNext(255)) - client-CB1B8AC74E59->81367453-3bf0-4298-8a83-8d5c3816df16: receive RaftClientReply:client-CB1B8AC74E59->81367453-3bf0-4298-8a83-8d5c3816df16@group-F6EC397515C5, cid=1886, SUCCESS, logIndex=2621, commits[81367453-3bf0-4298-8a83-8d5c3816df16:c2623]
2019-09-03 20:26:10,417 [grpc-default-executor-2] INFO  client.GrpcClientProtocolClient (GrpcClientProtocolClient.java:onNext(255)) - client-CB1B8AC74E59->81367453-3bf0-4298-8a83-8d5c3816df16: receive RaftClientReply:client-CB1B8AC74E59->81367453-3bf0-4298-8a83-8d5c3816df16@group-F6EC397515C5, cid=1887, SUCCESS, logIndex=2622, commits[81367453-3bf0-4298-8a83-8d5c3816df16:c2623]
2019-09-03 20:26:10,418 [grpc-default-executor-2] INFO  client.GrpcClientProtocolClient (GrpcClientProtocolClient.java:onNext(255)) - client-CB1B8AC74E59->81367453-3bf0-4298-8a83-8d5c3816df16: receive RaftClientReply:client-CB1B8AC74E59->81367453-3bf0-4298-8a83-8d5c3816df16@group-F6EC397515C5, cid=1888, SUCCESS, logIndex=2623, commits[81367453-3bf0-4298-8a83-8d5c3816df16:c2623]
2019-09-03 20:26:10,450 [grpc-default-executor-2] INFO  client.GrpcClientProtocolClient (GrpcClientProtocolClient.java:onNext(255)) - client-CB1B8AC74E59->81367453-3bf0-4298-8a83-8d5c3816df16: receive RaftClientReply:client-CB1B8AC74E59->81367453-3bf0-4298-8a83-8d5c3816df16@group-F6EC397515C5, cid=1889, SUCCESS, logIndex=2625, commits[81367453-3bf0-4298-8a83-8d5c3816df16:c2626]
2019-09-03 20:26:10,450 [grpc-default-executor-2] INFO  client.GrpcClientProtocolClient (GrpcClientProtocolClient.java:onNext(255)) - client-CB1B8AC74E59->81367453-3bf0-4298-8a83-8d5c3816df16: receive RaftClientReply:client-CB1B8AC74E59->81367453-3bf0-4298-8a83-8d5c3816df16@group-F6EC397515C5, cid=1890, SUCCESS, logIndex=2626, commits[81367453-3bf0-4298-8a83-8d5c3816df16:c2626]
2019-09-03 20:26:10,455 [grpc-default-executor-2] INFO  client.GrpcClientProtocolClient (GrpcClientProtocolClient.java:onNext(255)) - client-CB1B8AC74E59->81367453-3bf0-4298-8a83-8d5c3816df16: receive RaftClientReply:client-CB1B8AC74E59->81367453-3bf0-4298-8a83-8d5c3816df16@group-F6EC397515C5, cid=1891, SUCCESS, logIndex=2627, commits[81367453-3bf0-4298-8a83-8d5c3816df16:c2628]
2019-09-03 20:26:10,456 [grpc-default-executor-2] INFO  client.GrpcClientProtocolClient (GrpcClientProtocolClient.java:onNext(255)) - client-CB1B8AC74E59->81367453-3bf0-4298-8a83-8d5c3816df16: receive RaftClientReply:client-CB1B8AC74E59->81367453-3bf0-4298-8a83-8d5c3816df16@group-F6EC397515C5, cid=1892, SUCCESS, logIndex=2628, commits[81367453-3bf0-4298-8a83-8d5c3816df16:c2628]
2019-09-03 20:26:10,461 [SCMBlockDeletingService#1] DEBUG block.SCMBlockDeletingService (SCMBlockDeletingService.java:call(138)) - Running DeletedBlockTransactionScanner
2019-09-03 20:26:10,461 [SCMBlockDeletingService#1] DEBUG block.SCMBlockDeletingService (SCMBlockDeletingService.java:call(155)) - Scanned deleted blocks log and got 0 delTX to process.
2019-09-03 20:26:10,486 [grpc-default-executor-1] INFO  client.GrpcClientProtocolClient (GrpcClientProtocolClient.java:onNext(255)) - client-CB1B8AC74E59->81367453-3bf0-4298-8a83-8d5c3816df16: receive RaftClientReply:client-CB1B8AC74E59->81367453-3bf0-4298-8a83-8d5c3816df16@group-F6EC397515C5, cid=1893, SUCCESS, logIndex=2631, commits[81367453-3bf0-4298-8a83-8d5c3816df16:c2634]
2019-09-03 20:26:10,487 [grpc-default-executor-1] INFO  client.GrpcClientProtocolClient (GrpcClientProtocolClient.java:onNext(255)) - client-CB1B8AC74E59->81367453-3bf0-4298-8a83-8d5c3816df16: receive RaftClientReply:client-CB1B8AC74E59->81367453-3bf0-4298-8a83-8d5c3816df16@group-F6EC397515C5, cid=1894, SUCCESS, logIndex=2632, commits[81367453-3bf0-4298-8a83-8d5c3816df16:c2634]
2019-09-03 20:26:10,487 [grpc-default-executor-1] INFO  client.GrpcClientProtocolClient (GrpcClientProtocolClient.java:onNext(255)) - client-CB1B8AC74E59->81367453-3bf0-4298-8a83-8d5c3816df16: receive RaftClientReply:client-CB1B8AC74E59->81367453-3bf0-4298-8a83-8d5c3816df16@group-F6EC397515C5, cid=1895, SUCCESS, logIndex=2633, commits[81367453-3bf0-4298-8a83-8d5c3816df16:c2634]
2019-09-03 20:26:10,487 [grpc-default-executor-1] INFO  client.GrpcClientProtocolClient (GrpcClientProtocolClient.java:onNext(255)) - client-CB1B8AC74E59->81367453-3bf0-4298-8a83-8d5c3816df16: receive RaftClientReply:client-CB1B8AC74E59->81367453-3bf0-4298-8a83-8d5c3816df16@group-F6EC397515C5, cid=1896, SUCCESS, logIndex=2634, commits[81367453-3bf0-4298-8a83-8d5c3816df16:c2634]
2019-09-03 20:26:10,521 [grpc-default-executor-1] INFO  client.GrpcClientProtocolClient (GrpcClientProtocolClient.java:onNext(255)) - client-CB1B8AC74E59->81367453-3bf0-4298-8a83-8d5c3816df16: receive RaftClientReply:client-CB1B8AC74E59->81367453-3bf0-4298-8a83-8d5c3816df16@group-F6EC397515C5, cid=1897, SUCCESS, logIndex=2636, commits[81367453-3bf0-4298-8a83-8d5c3816df16:c2637]
2019-09-03 20:26:10,522 [grpc-default-executor-1] INFO  client.GrpcClientProtocolClient (GrpcClientProtocolClient.java:onNext(255)) - client-CB1B8AC74E59->81367453-3bf0-4298-8a83-8d5c3816df16: receive RaftClientReply:client-CB1B8AC74E59->81367453-3bf0-4298-8a83-8d5c3816df16@group-F6EC397515C5, cid=1898, SUCCESS, logIndex=2637, commits[81367453-3bf0-4298-8a83-8d5c3816df16:c2637]
2019-09-03 20:26:10,539 [grpc-default-executor-1] INFO  client.GrpcClientProtocolClient (GrpcClientProtocolClient.java:onNext(255)) - client-CB1B8AC74E59->81367453-3bf0-4298-8a83-8d5c3816df16: receive RaftClientReply:client-CB1B8AC74E59->81367453-3bf0-4298-8a83-8d5c3816df16@group-F6EC397515C5, cid=1899, SUCCESS, logIndex=2638, commits[81367453-3bf0-4298-8a83-8d5c3816df16:c2639]
2019-09-03 20:26:10,539 [grpc-default-executor-1] INFO  client.GrpcClientProtocolClient (GrpcClientProtocolClient.java:onNext(255)) - client-CB1B8AC74E59->81367453-3bf0-4298-8a83-8d5c3816df16: receive RaftClientReply:client-CB1B8AC74E59->81367453-3bf0-4298-8a83-8d5c3816df16@group-F6EC397515C5, cid=1900, SUCCESS, logIndex=2639, commits[81367453-3bf0-4298-8a83-8d5c3816df16:c2639]
2019-09-03 20:26:10,562 [SCMBlockDeletingService#1] DEBUG block.SCMBlockDeletingService (SCMBlockDeletingService.java:call(138)) - Running DeletedBlockTransactionScanner
2019-09-03 20:26:10,562 [SCMBlockDeletingService#1] DEBUG block.SCMBlockDeletingService (SCMBlockDeletingService.java:call(155)) - Scanned deleted blocks log and got 0 delTX to process.
2019-09-03 20:26:10,662 [SCMBlockDeletingService#1] DEBUG block.SCMBlockDeletingService (SCMBlockDeletingService.java:call(138)) - Running DeletedBlockTransactionScanner
2019-09-03 20:26:10,663 [SCMBlockDeletingService#1] DEBUG block.SCMBlockDeletingService (SCMBlockDeletingService.java:call(155)) - Scanned deleted blocks log and got 0 delTX to process.
2019-09-03 20:26:10,675 [grpc-default-executor-2] INFO  client.GrpcClientProtocolClient (GrpcClientProtocolClient.java:onNext(255)) - client-CB1B8AC74E59->81367453-3bf0-4298-8a83-8d5c3816df16: receive RaftClientReply:client-CB1B8AC74E59->81367453-3bf0-4298-8a83-8d5c3816df16@group-F6EC397515C5, cid=1901, SUCCESS, logIndex=2642, commits[81367453-3bf0-4298-8a83-8d5c3816df16:c2645]
2019-09-03 20:26:10,675 [grpc-default-executor-2] INFO  client.GrpcClientProtocolClient (GrpcClientProtocolClient.java:onNext(255)) - client-CB1B8AC74E59->81367453-3bf0-4298-8a83-8d5c3816df16: receive RaftClientReply:client-CB1B8AC74E59->81367453-3bf0-4298-8a83-8d5c3816df16@group-F6EC397515C5, cid=1902, SUCCESS, logIndex=2643, commits[81367453-3bf0-4298-8a83-8d5c3816df16:c2645]
2019-09-03 20:26:10,675 [grpc-default-executor-2] INFO  client.GrpcClientProtocolClient (GrpcClientProtocolClient.java:onNext(255)) - client-CB1B8AC74E59->81367453-3bf0-4298-8a83-8d5c3816df16: receive RaftClientReply:client-CB1B8AC74E59->81367453-3bf0-4298-8a83-8d5c3816df16@group-F6EC397515C5, cid=1903, SUCCESS, logIndex=2644, commits[81367453-3bf0-4298-8a83-8d5c3816df16:c2645]
2019-09-03 20:26:10,676 [grpc-default-executor-2] INFO  client.GrpcClientProtocolClient (GrpcClientProtocolClient.java:onNext(255)) - client-CB1B8AC74E59->81367453-3bf0-4298-8a83-8d5c3816df16: receive RaftClientReply:client-CB1B8AC74E59->81367453-3bf0-4298-8a83-8d5c3816df16@group-F6EC397515C5, cid=1904, SUCCESS, logIndex=2645, commits[81367453-3bf0-4298-8a83-8d5c3816df16:c2645]
2019-09-03 20:26:10,702 [grpc-default-executor-1] INFO  client.GrpcClientProtocolClient (GrpcClientProtocolClient.java:onNext(255)) - client-CB1B8AC74E59->81367453-3bf0-4298-8a83-8d5c3816df16: receive RaftClientReply:client-CB1B8AC74E59->81367453-3bf0-4298-8a83-8d5c3816df16@group-F6EC397515C5, cid=1905, SUCCESS, logIndex=2647, commits[81367453-3bf0-4298-8a83-8d5c3816df16:c2650]
2019-09-03 20:26:10,702 [grpc-default-executor-1] INFO  client.GrpcClientProtocolClient (GrpcClientProtocolClient.java:onNext(255)) - client-CB1B8AC74E59->81367453-3bf0-4298-8a83-8d5c3816df16: receive RaftClientReply:client-CB1B8AC74E59->81367453-3bf0-4298-8a83-8d5c3816df16@group-F6EC397515C5, cid=1906, SUCCESS, logIndex=2648, commits[81367453-3bf0-4298-8a83-8d5c3816df16:c2650]
2019-09-03 20:26:10,702 [grpc-default-executor-1] INFO  client.GrpcClientProtocolClient (GrpcClientProtocolClient.java:onNext(255)) - client-CB1B8AC74E59->81367453-3bf0-4298-8a83-8d5c3816df16: receive RaftClientReply:client-CB1B8AC74E59->81367453-3bf0-4298-8a83-8d5c3816df16@group-F6EC397515C5, cid=1907, SUCCESS, logIndex=2649, commits[81367453-3bf0-4298-8a83-8d5c3816df16:c2650]
2019-09-03 20:26:10,703 [grpc-default-executor-1] INFO  client.GrpcClientProtocolClient (GrpcClientProtocolClient.java:onNext(255)) - client-CB1B8AC74E59->81367453-3bf0-4298-8a83-8d5c3816df16: receive RaftClientReply:client-CB1B8AC74E59->81367453-3bf0-4298-8a83-8d5c3816df16@group-F6EC397515C5, cid=1908, SUCCESS, logIndex=2650, commits[81367453-3bf0-4298-8a83-8d5c3816df16:c2650]
2019-09-03 20:26:10,717 [grpc-default-executor-2] INFO  client.GrpcClientProtocolClient (GrpcClientProtocolClient.java:onNext(255)) - client-CB1B8AC74E59->81367453-3bf0-4298-8a83-8d5c3816df16: receive RaftClientReply:client-CB1B8AC74E59->81367453-3bf0-4298-8a83-8d5c3816df16@group-F6EC397515C5, cid=1909, SUCCESS, logIndex=2652, commits[81367453-3bf0-4298-8a83-8d5c3816df16:c2655]
2019-09-03 20:26:10,718 [grpc-default-executor-2] INFO  client.GrpcClientProtocolClient (GrpcClientProtocolClient.java:onNext(255)) - client-CB1B8AC74E59->81367453-3bf0-4298-8a83-8d5c3816df16: receive RaftClientReply:client-CB1B8AC74E59->81367453-3bf0-4298-8a83-8d5c3816df16@group-F6EC397515C5, cid=1910, SUCCESS, logIndex=2653, commits[81367453-3bf0-4298-8a83-8d5c3816df16:c2655]
2019-09-03 20:26:10,718 [grpc-default-executor-2] INFO  client.GrpcClientProtocolClient (GrpcClientProtocolClient.java:onNext(255)) - client-CB1B8AC74E59->81367453-3bf0-4298-8a83-8d5c3816df16: receive RaftClientReply:client-CB1B8AC74E59->81367453-3bf0-4298-8a83-8d5c3816df16@group-F6EC397515C5, cid=1911, SUCCESS, logIndex=2654, commits[81367453-3bf0-4298-8a83-8d5c3816df16:c2655]
2019-09-03 20:26:10,718 [grpc-default-executor-2] INFO  client.GrpcClientProtocolClient (GrpcClientProtocolClient.java:onNext(255)) - client-CB1B8AC74E59->81367453-3bf0-4298-8a83-8d5c3816df16: receive RaftClientReply:client-CB1B8AC74E59->81367453-3bf0-4298-8a83-8d5c3816df16@group-F6EC397515C5, cid=1912, SUCCESS, logIndex=2655, commits[81367453-3bf0-4298-8a83-8d5c3816df16:c2655]
2019-09-03 20:26:10,741 [grpc-default-executor-1] INFO  client.GrpcClientProtocolClient (GrpcClientProtocolClient.java:onNext(255)) - client-CB1B8AC74E59->81367453-3bf0-4298-8a83-8d5c3816df16: receive RaftClientReply:client-CB1B8AC74E59->81367453-3bf0-4298-8a83-8d5c3816df16@group-F6EC397515C5, cid=1913, SUCCESS, logIndex=2657, commits[81367453-3bf0-4298-8a83-8d5c3816df16:c2658]
2019-09-03 20:26:10,742 [grpc-default-executor-1] INFO  client.GrpcClientProtocolClient (GrpcClientProtocolClient.java:onNext(255)) - client-CB1B8AC74E59->81367453-3bf0-4298-8a83-8d5c3816df16: receive RaftClientReply:client-CB1B8AC74E59->81367453-3bf0-4298-8a83-8d5c3816df16@group-F6EC397515C5, cid=1914, SUCCESS, logIndex=2658, commits[81367453-3bf0-4298-8a83-8d5c3816df16:c2658]
2019-09-03 20:26:10,747 [grpc-default-executor-1] INFO  client.GrpcClientProtocolClient (GrpcClientProtocolClient.java:onNext(255)) - client-CB1B8AC74E59->81367453-3bf0-4298-8a83-8d5c3816df16: receive RaftClientReply:client-CB1B8AC74E59->81367453-3bf0-4298-8a83-8d5c3816df16@group-F6EC397515C5, cid=1915, SUCCESS, logIndex=2659, commits[81367453-3bf0-4298-8a83-8d5c3816df16:c2660]
2019-09-03 20:26:10,747 [grpc-default-executor-1] INFO  client.GrpcClientProtocolClient (GrpcClientProtocolClient.java:onNext(255)) - client-CB1B8AC74E59->81367453-3bf0-4298-8a83-8d5c3816df16: receive RaftClientReply:client-CB1B8AC74E59->81367453-3bf0-4298-8a83-8d5c3816df16@group-F6EC397515C5, cid=1916, SUCCESS, logIndex=2660, commits[81367453-3bf0-4298-8a83-8d5c3816df16:c2660]
2019-09-03 20:26:10,763 [SCMBlockDeletingService#1] DEBUG block.SCMBlockDeletingService (SCMBlockDeletingService.java:call(138)) - Running DeletedBlockTransactionScanner
2019-09-03 20:26:10,763 [SCMBlockDeletingService#1] DEBUG block.SCMBlockDeletingService (SCMBlockDeletingService.java:call(155)) - Scanned deleted blocks log and got 0 delTX to process.
2019-09-03 20:26:10,772 [grpc-default-executor-1] INFO  client.GrpcClientProtocolClient (GrpcClientProtocolClient.java:onNext(255)) - client-CB1B8AC74E59->81367453-3bf0-4298-8a83-8d5c3816df16: receive RaftClientReply:client-CB1B8AC74E59->81367453-3bf0-4298-8a83-8d5c3816df16@group-F6EC397515C5, cid=1917, SUCCESS, logIndex=2663, commits[81367453-3bf0-4298-8a83-8d5c3816df16:c2666]
2019-09-03 20:26:10,772 [grpc-default-executor-1] INFO  client.GrpcClientProtocolClient (GrpcClientProtocolClient.java:onNext(255)) - client-CB1B8AC74E59->81367453-3bf0-4298-8a83-8d5c3816df16: receive RaftClientReply:client-CB1B8AC74E59->81367453-3bf0-4298-8a83-8d5c3816df16@group-F6EC397515C5, cid=1918, SUCCESS, logIndex=2664, commits[81367453-3bf0-4298-8a83-8d5c3816df16:c2666]
2019-09-03 20:26:10,773 [grpc-default-executor-1] INFO  client.GrpcClientProtocolClient (GrpcClientProtocolClient.java:onNext(255)) - client-CB1B8AC74E59->81367453-3bf0-4298-8a83-8d5c3816df16: receive RaftClientReply:client-CB1B8AC74E59->81367453-3bf0-4298-8a83-8d5c3816df16@group-F6EC397515C5, cid=1919, SUCCESS, logIndex=2665, commits[81367453-3bf0-4298-8a83-8d5c3816df16:c2666]
2019-09-03 20:26:10,773 [grpc-default-executor-1] INFO  client.GrpcClientProtocolClient (GrpcClientProtocolClient.java:onNext(255)) - client-CB1B8AC74E59->81367453-3bf0-4298-8a83-8d5c3816df16: receive RaftClientReply:client-CB1B8AC74E59->81367453-3bf0-4298-8a83-8d5c3816df16@group-F6EC397515C5, cid=1920, SUCCESS, logIndex=2666, commits[81367453-3bf0-4298-8a83-8d5c3816df16:c2666]
2019-09-03 20:26:10,801 [grpc-default-executor-1] INFO  client.GrpcClientProtocolClient (GrpcClientProtocolClient.java:onNext(255)) - client-CB1B8AC74E59->81367453-3bf0-4298-8a83-8d5c3816df16: receive RaftClientReply:client-CB1B8AC74E59->81367453-3bf0-4298-8a83-8d5c3816df16@group-F6EC397515C5, cid=1921, SUCCESS, logIndex=2668, commits[81367453-3bf0-4298-8a83-8d5c3816df16:c2669]
2019-09-03 20:26:10,802 [grpc-default-executor-1] INFO  client.GrpcClientProtocolClient (GrpcClientProtocolClient.java:onNext(255)) - client-CB1B8AC74E59->81367453-3bf0-4298-8a83-8d5c3816df16: receive RaftClientReply:client-CB1B8AC74E59->81367453-3bf0-4298-8a83-8d5c3816df16@group-F6EC397515C5, cid=1922, SUCCESS, logIndex=2669, commits[81367453-3bf0-4298-8a83-8d5c3816df16:c2669]
2019-09-03 20:26:10,864 [SCMBlockDeletingService#1] DEBUG block.SCMBlockDeletingService (SCMBlockDeletingService.java:call(138)) - Running DeletedBlockTransactionScanner
2019-09-03 20:26:10,864 [SCMBlockDeletingService#1] DEBUG block.SCMBlockDeletingService (SCMBlockDeletingService.java:call(155)) - Scanned deleted blocks log and got 0 delTX to process.
2019-09-03 20:26:10,866 [grpc-default-executor-1] INFO  client.GrpcClientProtocolClient (GrpcClientProtocolClient.java:onNext(255)) - client-CB1B8AC74E59->81367453-3bf0-4298-8a83-8d5c3816df16: receive RaftClientReply:client-CB1B8AC74E59->81367453-3bf0-4298-8a83-8d5c3816df16@group-F6EC397515C5, cid=1923, SUCCESS, logIndex=2670, commits[81367453-3bf0-4298-8a83-8d5c3816df16:c2671]
2019-09-03 20:26:10,867 [grpc-default-executor-1] INFO  client.GrpcClientProtocolClient (GrpcClientProtocolClient.java:onNext(255)) - client-CB1B8AC74E59->81367453-3bf0-4298-8a83-8d5c3816df16: receive RaftClientReply:client-CB1B8AC74E59->81367453-3bf0-4298-8a83-8d5c3816df16@group-F6EC397515C5, cid=1924, SUCCESS, logIndex=2671, commits[81367453-3bf0-4298-8a83-8d5c3816df16:c2671]
2019-09-03 20:26:10,891 [grpc-default-executor-1] INFO  client.GrpcClientProtocolClient (GrpcClientProtocolClient.java:onNext(255)) - client-CB1B8AC74E59->81367453-3bf0-4298-8a83-8d5c3816df16: receive RaftClientReply:client-CB1B8AC74E59->81367453-3bf0-4298-8a83-8d5c3816df16@group-F6EC397515C5, cid=1925, SUCCESS, logIndex=2674, commits[81367453-3bf0-4298-8a83-8d5c3816df16:c2675]
2019-09-03 20:26:10,892 [grpc-default-executor-1] INFO  client.GrpcClientProtocolClient (GrpcClientProtocolClient.java:onNext(255)) - client-CB1B8AC74E59->81367453-3bf0-4298-8a83-8d5c3816df16: receive RaftClientReply:client-CB1B8AC74E59->81367453-3bf0-4298-8a83-8d5c3816df16@group-F6EC397515C5, cid=1926, SUCCESS, logIndex=2675, commits[81367453-3bf0-4298-8a83-8d5c3816df16:c2675]
2019-09-03 20:26:10,899 [grpc-default-executor-1] INFO  client.GrpcClientProtocolClient (GrpcClientProtocolClient.java:onNext(255)) - client-CB1B8AC74E59->81367453-3bf0-4298-8a83-8d5c3816df16: receive RaftClientReply:client-CB1B8AC74E59->81367453-3bf0-4298-8a83-8d5c3816df16@group-F6EC397515C5, cid=1927, SUCCESS, logIndex=2676, commits[81367453-3bf0-4298-8a83-8d5c3816df16:c2677]
2019-09-03 20:26:10,899 [grpc-default-executor-1] INFO  client.GrpcClientProtocolClient (GrpcClientProtocolClient.java:onNext(255)) - client-CB1B8AC74E59->81367453-3bf0-4298-8a83-8d5c3816df16: receive RaftClientReply:client-CB1B8AC74E59->81367453-3bf0-4298-8a83-8d5c3816df16@group-F6EC397515C5, cid=1928, SUCCESS, logIndex=2677, commits[81367453-3bf0-4298-8a83-8d5c3816df16:c2677]
2019-09-03 20:26:10,921 [grpc-default-executor-1] INFO  client.GrpcClientProtocolClient (GrpcClientProtocolClient.java:onNext(255)) - client-CB1B8AC74E59->81367453-3bf0-4298-8a83-8d5c3816df16: receive RaftClientReply:client-CB1B8AC74E59->81367453-3bf0-4298-8a83-8d5c3816df16@group-F6EC397515C5, cid=1929, SUCCESS, logIndex=2680, commits[81367453-3bf0-4298-8a83-8d5c3816df16:c2683]
2019-09-03 20:26:10,922 [grpc-default-executor-1] INFO  client.GrpcClientProtocolClient (GrpcClientProtocolClient.java:onNext(255)) - client-CB1B8AC74E59->81367453-3bf0-4298-8a83-8d5c3816df16: receive RaftClientReply:client-CB1B8AC74E59->81367453-3bf0-4298-8a83-8d5c3816df16@group-F6EC397515C5, cid=1930, SUCCESS, logIndex=2681, commits[81367453-3bf0-4298-8a83-8d5c3816df16:c2683]
2019-09-03 20:26:10,922 [grpc-default-executor-1] INFO  client.GrpcClientProtocolClient (GrpcClientProtocolClient.java:onNext(255)) - client-CB1B8AC74E59->81367453-3bf0-4298-8a83-8d5c3816df16: receive RaftClientReply:client-CB1B8AC74E59->81367453-3bf0-4298-8a83-8d5c3816df16@group-F6EC397515C5, cid=1931, SUCCESS, logIndex=2682, commits[81367453-3bf0-4298-8a83-8d5c3816df16:c2683]
2019-09-03 20:26:10,923 [grpc-default-executor-1] INFO  client.GrpcClientProtocolClient (GrpcClientProtocolClient.java:onNext(255)) - client-CB1B8AC74E59->81367453-3bf0-4298-8a83-8d5c3816df16: receive RaftClientReply:client-CB1B8AC74E59->81367453-3bf0-4298-8a83-8d5c3816df16@group-F6EC397515C5, cid=1932, SUCCESS, logIndex=2683, commits[81367453-3bf0-4298-8a83-8d5c3816df16:c2683]
2019-09-03 20:26:10,938 [grpc-default-executor-2] INFO  client.GrpcClientProtocolClient (GrpcClientProtocolClient.java:onNext(255)) - client-CB1B8AC74E59->81367453-3bf0-4298-8a83-8d5c3816df16: receive RaftClientReply:client-CB1B8AC74E59->81367453-3bf0-4298-8a83-8d5c3816df16@group-F6EC397515C5, cid=1933, SUCCESS, logIndex=2685, commits[81367453-3bf0-4298-8a83-8d5c3816df16:c2686]
2019-09-03 20:26:10,939 [grpc-default-executor-2] INFO  client.GrpcClientProtocolClient (GrpcClientProtocolClient.java:onNext(255)) - client-CB1B8AC74E59->81367453-3bf0-4298-8a83-8d5c3816df16: receive RaftClientReply:client-CB1B8AC74E59->81367453-3bf0-4298-8a83-8d5c3816df16@group-F6EC397515C5, cid=1934, SUCCESS, logIndex=2686, commits[81367453-3bf0-4298-8a83-8d5c3816df16:c2686]
2019-09-03 20:26:10,948 [grpc-default-executor-2] INFO  client.GrpcClientProtocolClient (GrpcClientProtocolClient.java:onNext(255)) - client-CB1B8AC74E59->81367453-3bf0-4298-8a83-8d5c3816df16: receive RaftClientReply:client-CB1B8AC74E59->81367453-3bf0-4298-8a83-8d5c3816df16@group-F6EC397515C5, cid=1935, SUCCESS, logIndex=2687, commits[81367453-3bf0-4298-8a83-8d5c3816df16:c2688]
2019-09-03 20:26:10,948 [grpc-default-executor-2] INFO  client.GrpcClientProtocolClient (GrpcClientProtocolClient.java:onNext(255)) - client-CB1B8AC74E59->81367453-3bf0-4298-8a83-8d5c3816df16: receive RaftClientReply:client-CB1B8AC74E59->81367453-3bf0-4298-8a83-8d5c3816df16@group-F6EC397515C5, cid=1936, SUCCESS, logIndex=2688, commits[81367453-3bf0-4298-8a83-8d5c3816df16:c2688]
2019-09-03 20:26:11,059 [SCMBlockDeletingService#1] DEBUG block.SCMBlockDeletingService (SCMBlockDeletingService.java:call(138)) - Running DeletedBlockTransactionScanner
2019-09-03 20:26:11,059 [SCMBlockDeletingService#1] DEBUG block.SCMBlockDeletingService (SCMBlockDeletingService.java:call(155)) - Scanned deleted blocks log and got 0 delTX to process.
2019-09-03 20:26:11,070 [grpc-default-executor-2] INFO  client.GrpcClientProtocolClient (GrpcClientProtocolClient.java:onNext(255)) - client-CB1B8AC74E59->81367453-3bf0-4298-8a83-8d5c3816df16: receive RaftClientReply:client-CB1B8AC74E59->81367453-3bf0-4298-8a83-8d5c3816df16@group-F6EC397515C5, cid=1937, SUCCESS, logIndex=2691, commits[81367453-3bf0-4298-8a83-8d5c3816df16:c2692]
2019-09-03 20:26:11,071 [grpc-default-executor-2] INFO  client.GrpcClientProtocolClient (GrpcClientProtocolClient.java:onNext(255)) - client-CB1B8AC74E59->81367453-3bf0-4298-8a83-8d5c3816df16: receive RaftClientReply:client-CB1B8AC74E59->81367453-3bf0-4298-8a83-8d5c3816df16@group-F6EC397515C5, cid=1938, SUCCESS, logIndex=2692, commits[81367453-3bf0-4298-8a83-8d5c3816df16:c2694]
2019-09-03 20:26:11,071 [grpc-default-executor-2] INFO  client.GrpcClientProtocolClient (GrpcClientProtocolClient.java:onNext(255)) - client-CB1B8AC74E59->81367453-3bf0-4298-8a83-8d5c3816df16: receive RaftClientReply:client-CB1B8AC74E59->81367453-3bf0-4298-8a83-8d5c3816df16@group-F6EC397515C5, cid=1939, SUCCESS, logIndex=2693, commits[81367453-3bf0-4298-8a83-8d5c3816df16:c2694]
2019-09-03 20:26:11,071 [grpc-default-executor-2] INFO  client.GrpcClientProtocolClient (GrpcClientProtocolClient.java:onNext(255)) - client-CB1B8AC74E59->81367453-3bf0-4298-8a83-8d5c3816df16: receive RaftClientReply:client-CB1B8AC74E59->81367453-3bf0-4298-8a83-8d5c3816df16@group-F6EC397515C5, cid=1940, SUCCESS, logIndex=2694, commits[81367453-3bf0-4298-8a83-8d5c3816df16:c2694]
2019-09-03 20:26:11,097 [grpc-default-executor-2] INFO  client.GrpcClientProtocolClient (GrpcClientProtocolClient.java:onNext(255)) - client-CB1B8AC74E59->81367453-3bf0-4298-8a83-8d5c3816df16: receive RaftClientReply:client-CB1B8AC74E59->81367453-3bf0-4298-8a83-8d5c3816df16@group-F6EC397515C5, cid=1941, SUCCESS, logIndex=2697, commits[81367453-3bf0-4298-8a83-8d5c3816df16:c2700]
2019-09-03 20:26:11,098 [grpc-default-executor-2] INFO  client.GrpcClientProtocolClient (GrpcClientProtocolClient.java:onNext(255)) - client-CB1B8AC74E59->81367453-3bf0-4298-8a83-8d5c3816df16: receive RaftClientReply:client-CB1B8AC74E59->81367453-3bf0-4298-8a83-8d5c3816df16@group-F6EC397515C5, cid=1942, SUCCESS, logIndex=2698, commits[81367453-3bf0-4298-8a83-8d5c3816df16:c2700]
2019-09-03 20:26:11,098 [grpc-default-executor-2] INFO  client.GrpcClientProtocolClient (GrpcClientProtocolClient.java:onNext(255)) - client-CB1B8AC74E59->81367453-3bf0-4298-8a83-8d5c3816df16: receive RaftClientReply:client-CB1B8AC74E59->81367453-3bf0-4298-8a83-8d5c3816df16@group-F6EC397515C5, cid=1943, SUCCESS, logIndex=2699, commits[81367453-3bf0-4298-8a83-8d5c3816df16:c2700]
2019-09-03 20:26:11,098 [grpc-default-executor-2] INFO  client.GrpcClientProtocolClient (GrpcClientProtocolClient.java:onNext(255)) - client-CB1B8AC74E59->81367453-3bf0-4298-8a83-8d5c3816df16: receive RaftClientReply:client-CB1B8AC74E59->81367453-3bf0-4298-8a83-8d5c3816df16@group-F6EC397515C5, cid=1944, SUCCESS, logIndex=2700, commits[81367453-3bf0-4298-8a83-8d5c3816df16:c2700]
2019-09-03 20:26:11,159 [SCMBlockDeletingService#1] DEBUG block.SCMBlockDeletingService (SCMBlockDeletingService.java:call(138)) - Running DeletedBlockTransactionScanner
2019-09-03 20:26:11,160 [SCMBlockDeletingService#1] DEBUG block.SCMBlockDeletingService (SCMBlockDeletingService.java:call(155)) - Scanned deleted blocks log and got 0 delTX to process.
2019-09-03 20:26:11,210 [grpc-default-executor-1] INFO  client.GrpcClientProtocolClient (GrpcClientProtocolClient.java:onNext(255)) - client-CB1B8AC74E59->81367453-3bf0-4298-8a83-8d5c3816df16: receive RaftClientReply:client-CB1B8AC74E59->81367453-3bf0-4298-8a83-8d5c3816df16@group-F6EC397515C5, cid=1945, SUCCESS, logIndex=2702, commits[81367453-3bf0-4298-8a83-8d5c3816df16:c2705]
2019-09-03 20:26:11,211 [grpc-default-executor-1] INFO  client.GrpcClientProtocolClient (GrpcClientProtocolClient.java:onNext(255)) - client-CB1B8AC74E59->81367453-3bf0-4298-8a83-8d5c3816df16: receive RaftClientReply:client-CB1B8AC74E59->81367453-3bf0-4298-8a83-8d5c3816df16@group-F6EC397515C5, cid=1946, SUCCESS, logIndex=2703, commits[81367453-3bf0-4298-8a83-8d5c3816df16:c2705]
2019-09-03 20:26:11,211 [grpc-default-executor-1] INFO  client.GrpcClientProtocolClient (GrpcClientProtocolClient.java:onNext(255)) - client-CB1B8AC74E59->81367453-3bf0-4298-8a83-8d5c3816df16: receive RaftClientReply:client-CB1B8AC74E59->81367453-3bf0-4298-8a83-8d5c3816df16@group-F6EC397515C5, cid=1947, SUCCESS, logIndex=2704, commits[81367453-3bf0-4298-8a83-8d5c3816df16:c2706]
2019-09-03 20:26:11,211 [grpc-default-executor-1] INFO  client.GrpcClientProtocolClient (GrpcClientProtocolClient.java:onNext(255)) - client-CB1B8AC74E59->81367453-3bf0-4298-8a83-8d5c3816df16: receive RaftClientReply:client-CB1B8AC74E59->81367453-3bf0-4298-8a83-8d5c3816df16@group-F6EC397515C5, cid=1948, SUCCESS, logIndex=2705, commits[81367453-3bf0-4298-8a83-8d5c3816df16:c2706]
2019-09-03 20:26:11,222 [grpc-default-executor-1] INFO  client.GrpcClientProtocolClient (GrpcClientProtocolClient.java:onNext(255)) - client-CB1B8AC74E59->81367453-3bf0-4298-8a83-8d5c3816df16: receive RaftClientReply:client-CB1B8AC74E59->81367453-3bf0-4298-8a83-8d5c3816df16@group-F6EC397515C5, cid=1949, SUCCESS, logIndex=2707, commits[81367453-3bf0-4298-8a83-8d5c3816df16:c2710]
2019-09-03 20:26:11,222 [grpc-default-executor-1] INFO  client.GrpcClientProtocolClient (GrpcClientProtocolClient.java:onNext(255)) - client-CB1B8AC74E59->81367453-3bf0-4298-8a83-8d5c3816df16: receive RaftClientReply:client-CB1B8AC74E59->81367453-3bf0-4298-8a83-8d5c3816df16@group-F6EC397515C5, cid=1950, SUCCESS, logIndex=2708, commits[81367453-3bf0-4298-8a83-8d5c3816df16:c2710]
2019-09-03 20:26:11,222 [grpc-default-executor-1] INFO  client.GrpcClientProtocolClient (GrpcClientProtocolClient.java:onNext(255)) - client-CB1B8AC74E59->81367453-3bf0-4298-8a83-8d5c3816df16: receive RaftClientReply:client-CB1B8AC74E59->81367453-3bf0-4298-8a83-8d5c3816df16@group-F6EC397515C5, cid=1951, SUCCESS, logIndex=2709, commits[81367453-3bf0-4298-8a83-8d5c3816df16:c2710]
2019-09-03 20:26:11,223 [grpc-default-executor-1] INFO  client.GrpcClientProtocolClient (GrpcClientProtocolClient.java:onNext(255)) - client-CB1B8AC74E59->81367453-3bf0-4298-8a83-8d5c3816df16: receive RaftClientReply:client-CB1B8AC74E59->81367453-3bf0-4298-8a83-8d5c3816df16@group-F6EC397515C5, cid=1952, SUCCESS, logIndex=2710, commits[81367453-3bf0-4298-8a83-8d5c3816df16:c2711]
2019-09-03 20:26:11,243 [grpc-default-executor-1] INFO  client.GrpcClientProtocolClient (GrpcClientProtocolClient.java:onNext(255)) - client-CB1B8AC74E59->81367453-3bf0-4298-8a83-8d5c3816df16: receive RaftClientReply:client-CB1B8AC74E59->81367453-3bf0-4298-8a83-8d5c3816df16@group-F6EC397515C5, cid=1953, SUCCESS, logIndex=2712, commits[81367453-3bf0-4298-8a83-8d5c3816df16:c2713]
2019-09-03 20:26:11,244 [grpc-default-executor-1] INFO  client.GrpcClientProtocolClient (GrpcClientProtocolClient.java:onNext(255)) - client-CB1B8AC74E59->81367453-3bf0-4298-8a83-8d5c3816df16: receive RaftClientReply:client-CB1B8AC74E59->81367453-3bf0-4298-8a83-8d5c3816df16@group-F6EC397515C5, cid=1954, SUCCESS, logIndex=2713, commits[81367453-3bf0-4298-8a83-8d5c3816df16:c2713]
2019-09-03 20:26:11,255 [grpc-default-executor-1] INFO  client.GrpcClientProtocolClient (GrpcClientProtocolClient.java:onNext(255)) - client-CB1B8AC74E59->81367453-3bf0-4298-8a83-8d5c3816df16: receive RaftClientReply:client-CB1B8AC74E59->81367453-3bf0-4298-8a83-8d5c3816df16@group-F6EC397515C5, cid=1955, SUCCESS, logIndex=2714, commits[81367453-3bf0-4298-8a83-8d5c3816df16:c2715]
2019-09-03 20:26:11,255 [grpc-default-executor-1] INFO  client.GrpcClientProtocolClient (GrpcClientProtocolClient.java:onNext(255)) - client-CB1B8AC74E59->81367453-3bf0-4298-8a83-8d5c3816df16: receive RaftClientReply:client-CB1B8AC74E59->81367453-3bf0-4298-8a83-8d5c3816df16@group-F6EC397515C5, cid=1956, SUCCESS, logIndex=2715, commits[81367453-3bf0-4298-8a83-8d5c3816df16:c2715]
2019-09-03 20:26:11,260 [SCMBlockDeletingService#1] DEBUG block.SCMBlockDeletingService (SCMBlockDeletingService.java:call(138)) - Running DeletedBlockTransactionScanner
2019-09-03 20:26:11,260 [SCMBlockDeletingService#1] DEBUG block.SCMBlockDeletingService (SCMBlockDeletingService.java:call(155)) - Scanned deleted blocks log and got 0 delTX to process.
2019-09-03 20:26:11,298 [grpc-default-executor-2] INFO  client.GrpcClientProtocolClient (GrpcClientProtocolClient.java:onNext(255)) - client-CB1B8AC74E59->81367453-3bf0-4298-8a83-8d5c3816df16: receive RaftClientReply:client-CB1B8AC74E59->81367453-3bf0-4298-8a83-8d5c3816df16@group-F6EC397515C5, cid=1957, SUCCESS, logIndex=2718, commits[81367453-3bf0-4298-8a83-8d5c3816df16:c2721]
2019-09-03 20:26:11,298 [grpc-default-executor-2] INFO  client.GrpcClientProtocolClient (GrpcClientProtocolClient.java:onNext(255)) - client-CB1B8AC74E59->81367453-3bf0-4298-8a83-8d5c3816df16: receive RaftClientReply:client-CB1B8AC74E59->81367453-3bf0-4298-8a83-8d5c3816df16@group-F6EC397515C5, cid=1958, SUCCESS, logIndex=2719, commits[81367453-3bf0-4298-8a83-8d5c3816df16:c2721]
2019-09-03 20:26:11,299 [grpc-default-executor-2] INFO  client.GrpcClientProtocolClient (GrpcClientProtocolClient.java:onNext(255)) - client-CB1B8AC74E59->81367453-3bf0-4298-8a83-8d5c3816df16: receive RaftClientReply:client-CB1B8AC74E59->81367453-3bf0-4298-8a83-8d5c3816df16@group-F6EC397515C5, cid=1959, SUCCESS, logIndex=2720, commits[81367453-3bf0-4298-8a83-8d5c3816df16:c2721]
2019-09-03 20:26:11,299 [grpc-default-executor-2] INFO  client.GrpcClientProtocolClient (GrpcClientProtocolClient.java:onNext(255)) - client-CB1B8AC74E59->81367453-3bf0-4298-8a83-8d5c3816df16: receive RaftClientReply:client-CB1B8AC74E59->81367453-3bf0-4298-8a83-8d5c3816df16@group-F6EC397515C5, cid=1960, SUCCESS, logIndex=2721, commits[81367453-3bf0-4298-8a83-8d5c3816df16:c2721]
2019-09-03 20:26:11,320 [grpc-default-executor-2] INFO  client.GrpcClientProtocolClient (GrpcClientProtocolClient.java:onNext(255)) - client-CB1B8AC74E59->81367453-3bf0-4298-8a83-8d5c3816df16: receive RaftClientReply:client-CB1B8AC74E59->81367453-3bf0-4298-8a83-8d5c3816df16@group-F6EC397515C5, cid=1961, SUCCESS, logIndex=2723, commits[81367453-3bf0-4298-8a83-8d5c3816df16:c2724]
2019-09-03 20:26:11,320 [grpc-default-executor-2] INFO  client.GrpcClientProtocolClient (GrpcClientProtocolClient.java:onNext(255)) - client-CB1B8AC74E59->81367453-3bf0-4298-8a83-8d5c3816df16: receive RaftClientReply:client-CB1B8AC74E59->81367453-3bf0-4298-8a83-8d5c3816df16@group-F6EC397515C5, cid=1962, SUCCESS, logIndex=2724, commits[81367453-3bf0-4298-8a83-8d5c3816df16:c2724]
2019-09-03 20:26:11,328 [grpc-default-executor-2] INFO  client.GrpcClientProtocolClient (GrpcClientProtocolClient.java:onNext(255)) - client-CB1B8AC74E59->81367453-3bf0-4298-8a83-8d5c3816df16: receive RaftClientReply:client-CB1B8AC74E59->81367453-3bf0-4298-8a83-8d5c3816df16@group-F6EC397515C5, cid=1963, SUCCESS, logIndex=2725, commits[81367453-3bf0-4298-8a83-8d5c3816df16:c2726]
2019-09-03 20:26:11,329 [grpc-default-executor-2] INFO  client.GrpcClientProtocolClient (GrpcClientProtocolClient.java:onNext(255)) - client-CB1B8AC74E59->81367453-3bf0-4298-8a83-8d5c3816df16: receive RaftClientReply:client-CB1B8AC74E59->81367453-3bf0-4298-8a83-8d5c3816df16@group-F6EC397515C5, cid=1964, SUCCESS, logIndex=2726, commits[81367453-3bf0-4298-8a83-8d5c3816df16:c2726]
2019-09-03 20:26:11,351 [grpc-default-executor-1] INFO  client.GrpcClientProtocolClient (GrpcClientProtocolClient.java:onNext(255)) - client-CB1B8AC74E59->81367453-3bf0-4298-8a83-8d5c3816df16: receive RaftClientReply:client-CB1B8AC74E59->81367453-3bf0-4298-8a83-8d5c3816df16@group-F6EC397515C5, cid=1965, SUCCESS, logIndex=2729, commits[81367453-3bf0-4298-8a83-8d5c3816df16:c2732]
2019-09-03 20:26:11,351 [grpc-default-executor-1] INFO  client.GrpcClientProtocolClient (GrpcClientProtocolClient.java:onNext(255)) - client-CB1B8AC74E59->81367453-3bf0-4298-8a83-8d5c3816df16: receive RaftClientReply:client-CB1B8AC74E59->81367453-3bf0-4298-8a83-8d5c3816df16@group-F6EC397515C5, cid=1966, SUCCESS, logIndex=2730, commits[81367453-3bf0-4298-8a83-8d5c3816df16:c2732]
2019-09-03 20:26:11,352 [grpc-default-executor-1] INFO  client.GrpcClientProtocolClient (GrpcClientProtocolClient.java:onNext(255)) - client-CB1B8AC74E59->81367453-3bf0-4298-8a83-8d5c3816df16: receive RaftClientReply:client-CB1B8AC74E59->81367453-3bf0-4298-8a83-8d5c3816df16@group-F6EC397515C5, cid=1967, SUCCESS, logIndex=2731, commits[81367453-3bf0-4298-8a83-8d5c3816df16:c2732]
2019-09-03 20:26:11,352 [grpc-default-executor-1] INFO  client.GrpcClientProtocolClient (GrpcClientProtocolClient.java:onNext(255)) - client-CB1B8AC74E59->81367453-3bf0-4298-8a83-8d5c3816df16: receive RaftClientReply:client-CB1B8AC74E59->81367453-3bf0-4298-8a83-8d5c3816df16@group-F6EC397515C5, cid=1968, SUCCESS, logIndex=2732, commits[81367453-3bf0-4298-8a83-8d5c3816df16:c2732]
2019-09-03 20:26:11,361 [SCMBlockDeletingService#1] DEBUG block.SCMBlockDeletingService (SCMBlockDeletingService.java:call(138)) - Running DeletedBlockTransactionScanner
2019-09-03 20:26:11,361 [SCMBlockDeletingService#1] DEBUG block.SCMBlockDeletingService (SCMBlockDeletingService.java:call(155)) - Scanned deleted blocks log and got 0 delTX to process.
2019-09-03 20:26:11,375 [grpc-default-executor-1] INFO  client.GrpcClientProtocolClient (GrpcClientProtocolClient.java:onNext(255)) - client-CB1B8AC74E59->81367453-3bf0-4298-8a83-8d5c3816df16: receive RaftClientReply:client-CB1B8AC74E59->81367453-3bf0-4298-8a83-8d5c3816df16@group-F6EC397515C5, cid=1969, SUCCESS, logIndex=2734, commits[81367453-3bf0-4298-8a83-8d5c3816df16:c2735]
2019-09-03 20:26:11,375 [grpc-default-executor-1] INFO  client.GrpcClientProtocolClient (GrpcClientProtocolClient.java:onNext(255)) - client-CB1B8AC74E59->81367453-3bf0-4298-8a83-8d5c3816df16: receive RaftClientReply:client-CB1B8AC74E59->81367453-3bf0-4298-8a83-8d5c3816df16@group-F6EC397515C5, cid=1970, SUCCESS, logIndex=2735, commits[81367453-3bf0-4298-8a83-8d5c3816df16:c2735]
2019-09-03 20:26:11,379 [grpc-default-executor-1] INFO  client.GrpcClientProtocolClient (GrpcClientProtocolClient.java:onNext(255)) - client-CB1B8AC74E59->81367453-3bf0-4298-8a83-8d5c3816df16: receive RaftClientReply:client-CB1B8AC74E59->81367453-3bf0-4298-8a83-8d5c3816df16@group-F6EC397515C5, cid=1971, SUCCESS, logIndex=2736, commits[81367453-3bf0-4298-8a83-8d5c3816df16:c2737]
2019-09-03 20:26:11,379 [grpc-default-executor-1] INFO  client.GrpcClientProtocolClient (GrpcClientProtocolClient.java:onNext(255)) - client-CB1B8AC74E59->81367453-3bf0-4298-8a83-8d5c3816df16: receive RaftClientReply:client-CB1B8AC74E59->81367453-3bf0-4298-8a83-8d5c3816df16@group-F6EC397515C5, cid=1972, SUCCESS, logIndex=2737, commits[81367453-3bf0-4298-8a83-8d5c3816df16:c2737]
2019-09-03 20:26:11,392 [grpc-default-executor-1] INFO  client.GrpcClientProtocolClient (GrpcClientProtocolClient.java:onNext(255)) - client-CB1B8AC74E59->81367453-3bf0-4298-8a83-8d5c3816df16: receive RaftClientReply:client-CB1B8AC74E59->81367453-3bf0-4298-8a83-8d5c3816df16@group-F6EC397515C5, cid=1973, SUCCESS, logIndex=2740, commits[81367453-3bf0-4298-8a83-8d5c3816df16:c2741]
2019-09-03 20:26:11,393 [grpc-default-executor-1] INFO  client.GrpcClientProtocolClient (GrpcClientProtocolClient.java:onNext(255)) - client-CB1B8AC74E59->81367453-3bf0-4298-8a83-8d5c3816df16: receive RaftClientReply:client-CB1B8AC74E59->81367453-3bf0-4298-8a83-8d5c3816df16@group-F6EC397515C5, cid=1974, SUCCESS, logIndex=2741, commits[81367453-3bf0-4298-8a83-8d5c3816df16:c2741]
2019-09-03 20:26:11,397 [grpc-default-executor-1] INFO  client.GrpcClientProtocolClient (GrpcClientProtocolClient.java:onNext(255)) - client-CB1B8AC74E59->81367453-3bf0-4298-8a83-8d5c3816df16: receive RaftClientReply:client-CB1B8AC74E59->81367453-3bf0-4298-8a83-8d5c3816df16@group-F6EC397515C5, cid=1975, SUCCESS, logIndex=2742, commits[81367453-3bf0-4298-8a83-8d5c3816df16:c2743]
2019-09-03 20:26:11,397 [grpc-default-executor-1] INFO  client.GrpcClientProtocolClient (GrpcClientProtocolClient.java:onNext(255)) - client-CB1B8AC74E59->81367453-3bf0-4298-8a83-8d5c3816df16: receive RaftClientReply:client-CB1B8AC74E59->81367453-3bf0-4298-8a83-8d5c3816df16@group-F6EC397515C5, cid=1976, SUCCESS, logIndex=2743, commits[81367453-3bf0-4298-8a83-8d5c3816df16:c2743]
2019-09-03 20:26:11,429 [grpc-default-executor-1] INFO  client.GrpcClientProtocolClient (GrpcClientProtocolClient.java:onNext(255)) - client-CB1B8AC74E59->81367453-3bf0-4298-8a83-8d5c3816df16: receive RaftClientReply:client-CB1B8AC74E59->81367453-3bf0-4298-8a83-8d5c3816df16@group-F6EC397515C5, cid=1977, SUCCESS, logIndex=2746, commits[81367453-3bf0-4298-8a83-8d5c3816df16:c2749]
2019-09-03 20:26:11,429 [grpc-default-executor-1] INFO  client.GrpcClientProtocolClient (GrpcClientProtocolClient.java:onNext(255)) - client-CB1B8AC74E59->81367453-3bf0-4298-8a83-8d5c3816df16: receive RaftClientReply:client-CB1B8AC74E59->81367453-3bf0-4298-8a83-8d5c3816df16@group-F6EC397515C5, cid=1978, SUCCESS, logIndex=2747, commits[81367453-3bf0-4298-8a83-8d5c3816df16:c2749]
2019-09-03 20:26:11,430 [grpc-default-executor-1] INFO  client.GrpcClientProtocolClient (GrpcClientProtocolClient.java:onNext(255)) - client-CB1B8AC74E59->81367453-3bf0-4298-8a83-8d5c3816df16: receive RaftClientReply:client-CB1B8AC74E59->81367453-3bf0-4298-8a83-8d5c3816df16@group-F6EC397515C5, cid=1979, SUCCESS, logIndex=2748, commits[81367453-3bf0-4298-8a83-8d5c3816df16:c2749]
2019-09-03 20:26:11,430 [grpc-default-executor-1] INFO  client.GrpcClientProtocolClient (GrpcClientProtocolClient.java:onNext(255)) - client-CB1B8AC74E59->81367453-3bf0-4298-8a83-8d5c3816df16: receive RaftClientReply:client-CB1B8AC74E59->81367453-3bf0-4298-8a83-8d5c3816df16@group-F6EC397515C5, cid=1980, SUCCESS, logIndex=2749, commits[81367453-3bf0-4298-8a83-8d5c3816df16:c2749]
2019-09-03 20:26:11,461 [SCMBlockDeletingService#1] DEBUG block.SCMBlockDeletingService (SCMBlockDeletingService.java:call(138)) - Running DeletedBlockTransactionScanner
2019-09-03 20:26:11,462 [SCMBlockDeletingService#1] DEBUG block.SCMBlockDeletingService (SCMBlockDeletingService.java:call(155)) - Scanned deleted blocks log and got 0 delTX to process.
2019-09-03 20:26:11,466 [grpc-default-executor-2] INFO  client.GrpcClientProtocolClient (GrpcClientProtocolClient.java:onNext(255)) - client-CB1B8AC74E59->81367453-3bf0-4298-8a83-8d5c3816df16: receive RaftClientReply:client-CB1B8AC74E59->81367453-3bf0-4298-8a83-8d5c3816df16@group-F6EC397515C5, cid=1981, SUCCESS, logIndex=2751, commits[81367453-3bf0-4298-8a83-8d5c3816df16:c2752]
2019-09-03 20:26:11,467 [grpc-default-executor-2] INFO  client.GrpcClientProtocolClient (GrpcClientProtocolClient.java:onNext(255)) - client-CB1B8AC74E59->81367453-3bf0-4298-8a83-8d5c3816df16: receive RaftClientReply:client-CB1B8AC74E59->81367453-3bf0-4298-8a83-8d5c3816df16@group-F6EC397515C5, cid=1982, SUCCESS, logIndex=2752, commits[81367453-3bf0-4298-8a83-8d5c3816df16:c2752]
2019-09-03 20:26:11,470 [grpc-default-executor-2] INFO  client.GrpcClientProtocolClient (GrpcClientProtocolClient.java:onNext(255)) - client-CB1B8AC74E59->81367453-3bf0-4298-8a83-8d5c3816df16: receive RaftClientReply:client-CB1B8AC74E59->81367453-3bf0-4298-8a83-8d5c3816df16@group-F6EC397515C5, cid=1983, SUCCESS, logIndex=2753, commits[81367453-3bf0-4298-8a83-8d5c3816df16:c2754]
2019-09-03 20:26:11,471 [grpc-default-executor-2] INFO  client.GrpcClientProtocolClient (GrpcClientProtocolClient.java:onNext(255)) - client-CB1B8AC74E59->81367453-3bf0-4298-8a83-8d5c3816df16: receive RaftClientReply:client-CB1B8AC74E59->81367453-3bf0-4298-8a83-8d5c3816df16@group-F6EC397515C5, cid=1984, SUCCESS, logIndex=2754, commits[81367453-3bf0-4298-8a83-8d5c3816df16:c2754]
2019-09-03 20:26:11,507 [grpc-default-executor-1] INFO  client.GrpcClientProtocolClient (GrpcClientProtocolClient.java:onNext(255)) - client-CB1B8AC74E59->81367453-3bf0-4298-8a83-8d5c3816df16: receive RaftClientReply:client-CB1B8AC74E59->81367453-3bf0-4298-8a83-8d5c3816df16@group-F6EC397515C5, cid=1985, SUCCESS, logIndex=2757, commits[81367453-3bf0-4298-8a83-8d5c3816df16:c2760]
2019-09-03 20:26:11,508 [grpc-default-executor-1] INFO  client.GrpcClientProtocolClient (GrpcClientProtocolClient.java:onNext(255)) - client-CB1B8AC74E59->81367453-3bf0-4298-8a83-8d5c3816df16: receive RaftClientReply:client-CB1B8AC74E59->81367453-3bf0-4298-8a83-8d5c3816df16@group-F6EC397515C5, cid=1986, SUCCESS, logIndex=2758, commits[81367453-3bf0-4298-8a83-8d5c3816df16:c2760]
2019-09-03 20:26:11,508 [grpc-default-executor-1] INFO  client.GrpcClientProtocolClient (GrpcClientProtocolClient.java:onNext(255)) - client-CB1B8AC74E59->81367453-3bf0-4298-8a83-8d5c3816df16: receive RaftClientReply:client-CB1B8AC74E59->81367453-3bf0-4298-8a83-8d5c3816df16@group-F6EC397515C5, cid=1987, SUCCESS, logIndex=2759, commits[81367453-3bf0-4298-8a83-8d5c3816df16:c2760]
2019-09-03 20:26:11,508 [grpc-default-executor-1] INFO  client.GrpcClientProtocolClient (GrpcClientProtocolClient.java:onNext(255)) - client-CB1B8AC74E59->81367453-3bf0-4298-8a83-8d5c3816df16: receive RaftClientReply:client-CB1B8AC74E59->81367453-3bf0-4298-8a83-8d5c3816df16@group-F6EC397515C5, cid=1988, SUCCESS, logIndex=2760, commits[81367453-3bf0-4298-8a83-8d5c3816df16:c2760]
2019-09-03 20:26:11,562 [SCMBlockDeletingService#1] DEBUG block.SCMBlockDeletingService (SCMBlockDeletingService.java:call(138)) - Running DeletedBlockTransactionScanner
2019-09-03 20:26:11,562 [SCMBlockDeletingService#1] DEBUG block.SCMBlockDeletingService (SCMBlockDeletingService.java:call(155)) - Scanned deleted blocks log and got 0 delTX to process.
2019-09-03 20:26:11,633 [grpc-default-executor-1] INFO  client.GrpcClientProtocolClient (GrpcClientProtocolClient.java:onNext(255)) - client-CB1B8AC74E59->81367453-3bf0-4298-8a83-8d5c3816df16: receive RaftClientReply:client-CB1B8AC74E59->81367453-3bf0-4298-8a83-8d5c3816df16@group-F6EC397515C5, cid=1989, SUCCESS, logIndex=2762, commits[81367453-3bf0-4298-8a83-8d5c3816df16:c2765]
2019-09-03 20:26:11,634 [grpc-default-executor-1] INFO  client.GrpcClientProtocolClient (GrpcClientProtocolClient.java:onNext(255)) - client-CB1B8AC74E59->81367453-3bf0-4298-8a83-8d5c3816df16: receive RaftClientReply:client-CB1B8AC74E59->81367453-3bf0-4298-8a83-8d5c3816df16@group-F6EC397515C5, cid=1990, SUCCESS, logIndex=2763, commits[81367453-3bf0-4298-8a83-8d5c3816df16:c2765]
2019-09-03 20:26:11,634 [grpc-default-executor-1] INFO  client.GrpcClientProtocolClient (GrpcClientProtocolClient.java:onNext(255)) - client-CB1B8AC74E59->81367453-3bf0-4298-8a83-8d5c3816df16: receive RaftClientReply:client-CB1B8AC74E59->81367453-3bf0-4298-8a83-8d5c3816df16@group-F6EC397515C5, cid=1991, SUCCESS, logIndex=2764, commits[81367453-3bf0-4298-8a83-8d5c3816df16:c2765]
2019-09-03 20:26:11,635 [grpc-default-executor-1] INFO  client.GrpcClientProtocolClient (GrpcClientProtocolClient.java:onNext(255)) - client-CB1B8AC74E59->81367453-3bf0-4298-8a83-8d5c3816df16: receive RaftClientReply:client-CB1B8AC74E59->81367453-3bf0-4298-8a83-8d5c3816df16@group-F6EC397515C5, cid=1992, SUCCESS, logIndex=2765, commits[81367453-3bf0-4298-8a83-8d5c3816df16:c2765]
2019-09-03 20:26:11,661 [grpc-default-executor-1] INFO  client.GrpcClientProtocolClient (GrpcClientProtocolClient.java:onNext(255)) - client-CB1B8AC74E59->81367453-3bf0-4298-8a83-8d5c3816df16: receive RaftClientReply:client-CB1B8AC74E59->81367453-3bf0-4298-8a83-8d5c3816df16@group-F6EC397515C5, cid=1993, SUCCESS, logIndex=2767, commits[81367453-3bf0-4298-8a83-8d5c3816df16:c2770]
2019-09-03 20:26:11,661 [grpc-default-executor-1] INFO  client.GrpcClientProtocolClient (GrpcClientProtocolClient.java:onNext(255)) - client-CB1B8AC74E59->81367453-3bf0-4298-8a83-8d5c3816df16: receive RaftClientReply:client-CB1B8AC74E59->81367453-3bf0-4298-8a83-8d5c3816df16@group-F6EC397515C5, cid=1994, SUCCESS, logIndex=2768, commits[81367453-3bf0-4298-8a83-8d5c3816df16:c2770]
2019-09-03 20:26:11,662 [grpc-default-executor-1] INFO  client.GrpcClientProtocolClient (GrpcClientProtocolClient.java:onNext(255)) - client-CB1B8AC74E59->81367453-3bf0-4298-8a83-8d5c3816df16: receive RaftClientReply:client-CB1B8AC74E59->81367453-3bf0-4298-8a83-8d5c3816df16@group-F6EC397515C5, cid=1995, SUCCESS, logIndex=2769, commits[81367453-3bf0-4298-8a83-8d5c3816df16:c2770]
2019-09-03 20:26:11,662 [grpc-default-executor-1] INFO  client.GrpcClientProtocolClient (GrpcClientProtocolClient.java:onNext(255)) - client-CB1B8AC74E59->81367453-3bf0-4298-8a83-8d5c3816df16: receive RaftClientReply:client-CB1B8AC74E59->81367453-3bf0-4298-8a83-8d5c3816df16@group-F6EC397515C5, cid=1996, SUCCESS, logIndex=2770, commits[81367453-3bf0-4298-8a83-8d5c3816df16:c2770]
2019-09-03 20:26:11,663 [SCMBlockDeletingService#1] DEBUG block.SCMBlockDeletingService (SCMBlockDeletingService.java:call(138)) - Running DeletedBlockTransactionScanner
2019-09-03 20:26:11,663 [SCMBlockDeletingService#1] DEBUG block.SCMBlockDeletingService (SCMBlockDeletingService.java:call(155)) - Scanned deleted blocks log and got 0 delTX to process.
2019-09-03 20:26:11,678 [grpc-default-executor-2] INFO  client.GrpcClientProtocolClient (GrpcClientProtocolClient.java:onNext(255)) - client-CB1B8AC74E59->81367453-3bf0-4298-8a83-8d5c3816df16: receive RaftClientReply:client-CB1B8AC74E59->81367453-3bf0-4298-8a83-8d5c3816df16@group-F6EC397515C5, cid=1997, SUCCESS, logIndex=2772, commits[81367453-3bf0-4298-8a83-8d5c3816df16:c2775]
2019-09-03 20:26:11,678 [grpc-default-executor-2] INFO  client.GrpcClientProtocolClient (GrpcClientProtocolClient.java:onNext(255)) - client-CB1B8AC74E59->81367453-3bf0-4298-8a83-8d5c3816df16: receive RaftClientReply:client-CB1B8AC74E59->81367453-3bf0-4298-8a83-8d5c3816df16@group-F6EC397515C5, cid=1998, SUCCESS, logIndex=2773, commits[81367453-3bf0-4298-8a83-8d5c3816df16:c2775]
2019-09-03 20:26:11,679 [grpc-default-executor-2] INFO  client.GrpcClientProtocolClient (GrpcClientProtocolClient.java:onNext(255)) - client-CB1B8AC74E59->81367453-3bf0-4298-8a83-8d5c3816df16: receive RaftClientReply:client-CB1B8AC74E59->81367453-3bf0-4298-8a83-8d5c3816df16@group-F6EC397515C5, cid=1999, SUCCESS, logIndex=2774, commits[81367453-3bf0-4298-8a83-8d5c3816df16:c2775]
2019-09-03 20:26:11,679 [grpc-default-executor-2] INFO  client.GrpcClientProtocolClient (GrpcClientProtocolClient.java:onNext(255)) - client-CB1B8AC74E59->81367453-3bf0-4298-8a83-8d5c3816df16: receive RaftClientReply:client-CB1B8AC74E59->81367453-3bf0-4298-8a83-8d5c3816df16@group-F6EC397515C5, cid=2000, SUCCESS, logIndex=2775, commits[81367453-3bf0-4298-8a83-8d5c3816df16:c2775]
2019-09-03 20:26:11,705 [grpc-default-executor-2] INFO  client.GrpcClientProtocolClient (GrpcClientProtocolClient.java:onNext(255)) - client-CB1B8AC74E59->81367453-3bf0-4298-8a83-8d5c3816df16: receive RaftClientReply:client-CB1B8AC74E59->81367453-3bf0-4298-8a83-8d5c3816df16@group-F6EC397515C5, cid=2001, SUCCESS, logIndex=2777, commits[81367453-3bf0-4298-8a83-8d5c3816df16:c2778]
2019-09-03 20:26:11,706 [grpc-default-executor-2] INFO  client.GrpcClientProtocolClient (GrpcClientProtocolClient.java:onNext(255)) - client-CB1B8AC74E59->81367453-3bf0-4298-8a83-8d5c3816df16: receive RaftClientReply:client-CB1B8AC74E59->81367453-3bf0-4298-8a83-8d5c3816df16@group-F6EC397515C5, cid=2002, SUCCESS, logIndex=2778, commits[81367453-3bf0-4298-8a83-8d5c3816df16:c2778]
2019-09-03 20:26:11,717 [grpc-default-executor-2] INFO  client.GrpcClientProtocolClient (GrpcClientProtocolClient.java:onNext(255)) - client-CB1B8AC74E59->81367453-3bf0-4298-8a83-8d5c3816df16: receive RaftClientReply:client-CB1B8AC74E59->81367453-3bf0-4298-8a83-8d5c3816df16@group-F6EC397515C5, cid=2003, SUCCESS, logIndex=2779, commits[81367453-3bf0-4298-8a83-8d5c3816df16:c2780]
2019-09-03 20:26:11,718 [grpc-default-executor-2] INFO  client.GrpcClientProtocolClient (GrpcClientProtocolClient.java:onNext(255)) - client-CB1B8AC74E59->81367453-3bf0-4298-8a83-8d5c3816df16: receive RaftClientReply:client-CB1B8AC74E59->81367453-3bf0-4298-8a83-8d5c3816df16@group-F6EC397515C5, cid=2004, SUCCESS, logIndex=2780, commits[81367453-3bf0-4298-8a83-8d5c3816df16:c2780]
2019-09-03 20:26:11,736 [grpc-default-executor-2] INFO  client.GrpcClientProtocolClient (GrpcClientProtocolClient.java:onNext(255)) - client-CB1B8AC74E59->81367453-3bf0-4298-8a83-8d5c3816df16: receive RaftClientReply:client-CB1B8AC74E59->81367453-3bf0-4298-8a83-8d5c3816df16@group-F6EC397515C5, cid=2005, SUCCESS, logIndex=2783, commits[81367453-3bf0-4298-8a83-8d5c3816df16:c2786]
2019-09-03 20:26:11,736 [grpc-default-executor-2] INFO  client.GrpcClientProtocolClient (GrpcClientProtocolClient.java:onNext(255)) - client-CB1B8AC74E59->81367453-3bf0-4298-8a83-8d5c3816df16: receive RaftClientReply:client-CB1B8AC74E59->81367453-3bf0-4298-8a83-8d5c3816df16@group-F6EC397515C5, cid=2006, SUCCESS, logIndex=2784, commits[81367453-3bf0-4298-8a83-8d5c3816df16:c2786]
2019-09-03 20:26:11,736 [grpc-default-executor-2] INFO  client.GrpcClientProtocolClient (GrpcClientProtocolClient.java:onNext(255)) - client-CB1B8AC74E59->81367453-3bf0-4298-8a83-8d5c3816df16: receive RaftClientReply:client-CB1B8AC74E59->81367453-3bf0-4298-8a83-8d5c3816df16@group-F6EC397515C5, cid=2007, SUCCESS, logIndex=2785, commits[81367453-3bf0-4298-8a83-8d5c3816df16:c2786]
2019-09-03 20:26:11,737 [grpc-default-executor-2] INFO  client.GrpcClientProtocolClient (GrpcClientProtocolClient.java:onNext(255)) - client-CB1B8AC74E59->81367453-3bf0-4298-8a83-8d5c3816df16: receive RaftClientReply:client-CB1B8AC74E59->81367453-3bf0-4298-8a83-8d5c3816df16@group-F6EC397515C5, cid=2008, SUCCESS, logIndex=2786, commits[81367453-3bf0-4298-8a83-8d5c3816df16:c2786]
2019-09-03 20:26:11,763 [SCMBlockDeletingService#1] DEBUG block.SCMBlockDeletingService (SCMBlockDeletingService.java:call(138)) - Running DeletedBlockTransactionScanner
2019-09-03 20:26:11,764 [SCMBlockDeletingService#1] DEBUG block.SCMBlockDeletingService (SCMBlockDeletingService.java:call(155)) - Scanned deleted blocks log and got 0 delTX to process.
2019-09-03 20:26:11,774 [grpc-default-executor-2] INFO  client.GrpcClientProtocolClient (GrpcClientProtocolClient.java:onNext(255)) - client-CB1B8AC74E59->81367453-3bf0-4298-8a83-8d5c3816df16: receive RaftClientReply:client-CB1B8AC74E59->81367453-3bf0-4298-8a83-8d5c3816df16@group-F6EC397515C5, cid=2009, SUCCESS, logIndex=2788, commits[81367453-3bf0-4298-8a83-8d5c3816df16:c2789]
2019-09-03 20:26:11,774 [grpc-default-executor-2] INFO  client.GrpcClientProtocolClient (GrpcClientProtocolClient.java:onNext(255)) - client-CB1B8AC74E59->81367453-3bf0-4298-8a83-8d5c3816df16: receive RaftClientReply:client-CB1B8AC74E59->81367453-3bf0-4298-8a83-8d5c3816df16@group-F6EC397515C5, cid=2010, SUCCESS, logIndex=2789, commits[81367453-3bf0-4298-8a83-8d5c3816df16:c2789]
2019-09-03 20:26:11,781 [grpc-default-executor-2] INFO  client.GrpcClientProtocolClient (GrpcClientProtocolClient.java:onNext(255)) - client-CB1B8AC74E59->81367453-3bf0-4298-8a83-8d5c3816df16: receive RaftClientReply:client-CB1B8AC74E59->81367453-3bf0-4298-8a83-8d5c3816df16@group-F6EC397515C5, cid=2011, SUCCESS, logIndex=2790, commits[81367453-3bf0-4298-8a83-8d5c3816df16:c2791]
2019-09-03 20:26:11,781 [grpc-default-executor-2] INFO  client.GrpcClientProtocolClient (GrpcClientProtocolClient.java:onNext(255)) - client-CB1B8AC74E59->81367453-3bf0-4298-8a83-8d5c3816df16: receive RaftClientReply:client-CB1B8AC74E59->81367453-3bf0-4298-8a83-8d5c3816df16@group-F6EC397515C5, cid=2012, SUCCESS, logIndex=2791, commits[81367453-3bf0-4298-8a83-8d5c3816df16:c2791]
2019-09-03 20:26:11,805 [grpc-default-executor-2] INFO  client.GrpcClientProtocolClient (GrpcClientProtocolClient.java:onNext(255)) - client-CB1B8AC74E59->81367453-3bf0-4298-8a83-8d5c3816df16: receive RaftClientReply:client-CB1B8AC74E59->81367453-3bf0-4298-8a83-8d5c3816df16@group-F6EC397515C5, cid=2013, SUCCESS, logIndex=2794, commits[81367453-3bf0-4298-8a83-8d5c3816df16:c2797]
2019-09-03 20:26:11,805 [grpc-default-executor-2] INFO  client.GrpcClientProtocolClient (GrpcClientProtocolClient.java:onNext(255)) - client-CB1B8AC74E59->81367453-3bf0-4298-8a83-8d5c3816df16: receive RaftClientReply:client-CB1B8AC74E59->81367453-3bf0-4298-8a83-8d5c3816df16@group-F6EC397515C5, cid=2014, SUCCESS, logIndex=2795, commits[81367453-3bf0-4298-8a83-8d5c3816df16:c2797]
2019-09-03 20:26:11,806 [grpc-default-executor-2] INFO  client.GrpcClientProtocolClient (GrpcClientProtocolClient.java:onNext(255)) - client-CB1B8AC74E59->81367453-3bf0-4298-8a83-8d5c3816df16: receive RaftClientReply:client-CB1B8AC74E59->81367453-3bf0-4298-8a83-8d5c3816df16@group-F6EC397515C5, cid=2015, SUCCESS, logIndex=2796, commits[81367453-3bf0-4298-8a83-8d5c3816df16:c2797]
2019-09-03 20:26:11,806 [grpc-default-executor-2] INFO  client.GrpcClientProtocolClient (GrpcClientProtocolClient.java:onNext(255)) - client-CB1B8AC74E59->81367453-3bf0-4298-8a83-8d5c3816df16: receive RaftClientReply:client-CB1B8AC74E59->81367453-3bf0-4298-8a83-8d5c3816df16@group-F6EC397515C5, cid=2016, SUCCESS, logIndex=2797, commits[81367453-3bf0-4298-8a83-8d5c3816df16:c2797]
2019-09-03 20:26:11,851 [grpc-default-executor-2] INFO  client.GrpcClientProtocolClient (GrpcClientProtocolClient.java:onNext(255)) - client-CB1B8AC74E59->81367453-3bf0-4298-8a83-8d5c3816df16: receive RaftClientReply:client-CB1B8AC74E59->81367453-3bf0-4298-8a83-8d5c3816df16@group-F6EC397515C5, cid=2017, SUCCESS, logIndex=2799, commits[81367453-3bf0-4298-8a83-8d5c3816df16:c2799]
2019-09-03 20:26:11,861 [grpc-default-executor-2] INFO  client.GrpcClientProtocolClient (GrpcClientProtocolClient.java:onNext(255)) - client-CB1B8AC74E59->81367453-3bf0-4298-8a83-8d5c3816df16: receive RaftClientReply:client-CB1B8AC74E59->81367453-3bf0-4298-8a83-8d5c3816df16@group-F6EC397515C5, cid=2018, SUCCESS, logIndex=2800, commits[81367453-3bf0-4298-8a83-8d5c3816df16:c2802]
2019-09-03 20:26:11,861 [grpc-default-executor-2] INFO  client.GrpcClientProtocolClient (GrpcClientProtocolClient.java:onNext(255)) - client-CB1B8AC74E59->81367453-3bf0-4298-8a83-8d5c3816df16: receive RaftClientReply:client-CB1B8AC74E59->81367453-3bf0-4298-8a83-8d5c3816df16@group-F6EC397515C5, cid=2019, SUCCESS, logIndex=2801, commits[81367453-3bf0-4298-8a83-8d5c3816df16:c2802]
2019-09-03 20:26:11,862 [grpc-default-executor-2] INFO  client.GrpcClientProtocolClient (GrpcClientProtocolClient.java:onNext(255)) - client-CB1B8AC74E59->81367453-3bf0-4298-8a83-8d5c3816df16: receive RaftClientReply:client-CB1B8AC74E59->81367453-3bf0-4298-8a83-8d5c3816df16@group-F6EC397515C5, cid=2020, SUCCESS, logIndex=2802, commits[81367453-3bf0-4298-8a83-8d5c3816df16:c2802]
2019-09-03 20:26:11,864 [SCMBlockDeletingService#1] DEBUG block.SCMBlockDeletingService (SCMBlockDeletingService.java:call(138)) - Running DeletedBlockTransactionScanner
2019-09-03 20:26:11,864 [SCMBlockDeletingService#1] DEBUG block.SCMBlockDeletingService (SCMBlockDeletingService.java:call(155)) - Scanned deleted blocks log and got 0 delTX to process.
2019-09-03 20:26:11,878 [grpc-default-executor-2] INFO  client.GrpcClientProtocolClient (GrpcClientProtocolClient.java:onNext(255)) - client-CB1B8AC74E59->81367453-3bf0-4298-8a83-8d5c3816df16: receive RaftClientReply:client-CB1B8AC74E59->81367453-3bf0-4298-8a83-8d5c3816df16@group-F6EC397515C5, cid=2021, SUCCESS, logIndex=2805, commits[81367453-3bf0-4298-8a83-8d5c3816df16:c2806]
2019-09-03 20:26:11,879 [grpc-default-executor-2] INFO  client.GrpcClientProtocolClient (GrpcClientProtocolClient.java:onNext(255)) - client-CB1B8AC74E59->81367453-3bf0-4298-8a83-8d5c3816df16: receive RaftClientReply:client-CB1B8AC74E59->81367453-3bf0-4298-8a83-8d5c3816df16@group-F6EC397515C5, cid=2022, SUCCESS, logIndex=2806, commits[81367453-3bf0-4298-8a83-8d5c3816df16:c2806]
2019-09-03 20:26:11,883 [grpc-default-executor-2] INFO  client.GrpcClientProtocolClient (GrpcClientProtocolClient.java:onNext(255)) - client-CB1B8AC74E59->81367453-3bf0-4298-8a83-8d5c3816df16: receive RaftClientReply:client-CB1B8AC74E59->81367453-3bf0-4298-8a83-8d5c3816df16@group-F6EC397515C5, cid=2023, SUCCESS, logIndex=2807, commits[81367453-3bf0-4298-8a83-8d5c3816df16:c2808]
2019-09-03 20:26:11,883 [grpc-default-executor-2] INFO  client.GrpcClientProtocolClient (GrpcClientProtocolClient.java:onNext(255)) - client-CB1B8AC74E59->81367453-3bf0-4298-8a83-8d5c3816df16: receive RaftClientReply:client-CB1B8AC74E59->81367453-3bf0-4298-8a83-8d5c3816df16@group-F6EC397515C5, cid=2024, SUCCESS, logIndex=2808, commits[81367453-3bf0-4298-8a83-8d5c3816df16:c2808]
2019-09-03 20:26:11,920 [grpc-default-executor-2] INFO  client.GrpcClientProtocolClient (GrpcClientProtocolClient.java:onNext(255)) - client-CB1B8AC74E59->81367453-3bf0-4298-8a83-8d5c3816df16: receive RaftClientReply:client-CB1B8AC74E59->81367453-3bf0-4298-8a83-8d5c3816df16@group-F6EC397515C5, cid=2025, SUCCESS, logIndex=2811, commits[81367453-3bf0-4298-8a83-8d5c3816df16:c2814]
2019-09-03 20:26:11,921 [grpc-default-executor-2] INFO  client.GrpcClientProtocolClient (GrpcClientProtocolClient.java:onNext(255)) - client-CB1B8AC74E59->81367453-3bf0-4298-8a83-8d5c3816df16: receive RaftClientReply:client-CB1B8AC74E59->81367453-3bf0-4298-8a83-8d5c3816df16@group-F6EC397515C5, cid=2026, SUCCESS, logIndex=2812, commits[81367453-3bf0-4298-8a83-8d5c3816df16:c2814]
2019-09-03 20:26:11,921 [grpc-default-executor-2] INFO  client.GrpcClientProtocolClient (GrpcClientProtocolClient.java:onNext(255)) - client-CB1B8AC74E59->81367453-3bf0-4298-8a83-8d5c3816df16: receive RaftClientReply:client-CB1B8AC74E59->81367453-3bf0-4298-8a83-8d5c3816df16@group-F6EC397515C5, cid=2027, SUCCESS, logIndex=2813, commits[81367453-3bf0-4298-8a83-8d5c3816df16:c2814]
2019-09-03 20:26:11,922 [grpc-default-executor-2] INFO  client.GrpcClientProtocolClient (GrpcClientProtocolClient.java:onNext(255)) - client-CB1B8AC74E59->81367453-3bf0-4298-8a83-8d5c3816df16: receive RaftClientReply:client-CB1B8AC74E59->81367453-3bf0-4298-8a83-8d5c3816df16@group-F6EC397515C5, cid=2028, SUCCESS, logIndex=2814, commits[81367453-3bf0-4298-8a83-8d5c3816df16:c2814]
2019-09-03 20:26:11,934 [grpc-default-executor-1] INFO  client.GrpcClientProtocolClient (GrpcClientProtocolClient.java:onNext(255)) - client-CB1B8AC74E59->81367453-3bf0-4298-8a83-8d5c3816df16: receive RaftClientReply:client-CB1B8AC74E59->81367453-3bf0-4298-8a83-8d5c3816df16@group-F6EC397515C5, cid=2029, SUCCESS, logIndex=2816, commits[81367453-3bf0-4298-8a83-8d5c3816df16:c2817]
2019-09-03 20:26:11,935 [grpc-default-executor-1] INFO  client.GrpcClientProtocolClient (GrpcClientProtocolClient.java:onNext(255)) - client-CB1B8AC74E59->81367453-3bf0-4298-8a83-8d5c3816df16: receive RaftClientReply:client-CB1B8AC74E59->81367453-3bf0-4298-8a83-8d5c3816df16@group-F6EC397515C5, cid=2030, SUCCESS, logIndex=2817, commits[81367453-3bf0-4298-8a83-8d5c3816df16:c2817]
2019-09-03 20:26:11,941 [grpc-default-executor-1] INFO  client.GrpcClientProtocolClient (GrpcClientProtocolClient.java:onNext(255)) - client-CB1B8AC74E59->81367453-3bf0-4298-8a83-8d5c3816df16: receive RaftClientReply:client-CB1B8AC74E59->81367453-3bf0-4298-8a83-8d5c3816df16@group-F6EC397515C5, cid=2031, SUCCESS, logIndex=2818, commits[81367453-3bf0-4298-8a83-8d5c3816df16:c2820]
2019-09-03 20:26:11,942 [grpc-default-executor-1] INFO  client.GrpcClientProtocolClient (GrpcClientProtocolClient.java:onNext(255)) - client-CB1B8AC74E59->81367453-3bf0-4298-8a83-8d5c3816df16: receive RaftClientReply:client-CB1B8AC74E59->81367453-3bf0-4298-8a83-8d5c3816df16@group-F6EC397515C5, cid=2032, SUCCESS, logIndex=2819, commits[81367453-3bf0-4298-8a83-8d5c3816df16:c2820]
2019-09-03 20:26:12,075 [SCMBlockDeletingService#1] DEBUG block.SCMBlockDeletingService (SCMBlockDeletingService.java:call(138)) - Running DeletedBlockTransactionScanner
2019-09-03 20:26:12,075 [SCMBlockDeletingService#1] DEBUG block.SCMBlockDeletingService (SCMBlockDeletingService.java:call(155)) - Scanned deleted blocks log and got 0 delTX to process.
2019-09-03 20:26:12,176 [SCMBlockDeletingService#1] DEBUG block.SCMBlockDeletingService (SCMBlockDeletingService.java:call(138)) - Running DeletedBlockTransactionScanner
2019-09-03 20:26:12,176 [SCMBlockDeletingService#1] DEBUG block.SCMBlockDeletingService (SCMBlockDeletingService.java:call(155)) - Scanned deleted blocks log and got 0 delTX to process.
2019-09-03 20:26:12,191 [grpc-default-executor-1] INFO  client.GrpcClientProtocolClient (GrpcClientProtocolClient.java:onNext(255)) - client-CB1B8AC74E59->81367453-3bf0-4298-8a83-8d5c3816df16: receive RaftClientReply:client-CB1B8AC74E59->81367453-3bf0-4298-8a83-8d5c3816df16@group-F6EC397515C5, cid=2033, SUCCESS, logIndex=2821, commits[81367453-3bf0-4298-8a83-8d5c3816df16:c2824]
2019-09-03 20:26:12,191 [grpc-default-executor-1] INFO  client.GrpcClientProtocolClient (GrpcClientProtocolClient.java:onNext(255)) - client-CB1B8AC74E59->81367453-3bf0-4298-8a83-8d5c3816df16: receive RaftClientReply:client-CB1B8AC74E59->81367453-3bf0-4298-8a83-8d5c3816df16@group-F6EC397515C5, cid=2034, SUCCESS, logIndex=2822, commits[81367453-3bf0-4298-8a83-8d5c3816df16:c2824]
2019-09-03 20:26:12,192 [grpc-default-executor-1] INFO  client.GrpcClientProtocolClient (GrpcClientProtocolClient.java:onNext(255)) - client-CB1B8AC74E59->81367453-3bf0-4298-8a83-8d5c3816df16: receive RaftClientReply:client-CB1B8AC74E59->81367453-3bf0-4298-8a83-8d5c3816df16@group-F6EC397515C5, cid=2035, SUCCESS, logIndex=2823, commits[81367453-3bf0-4298-8a83-8d5c3816df16:c2824]
2019-09-03 20:26:12,192 [grpc-default-executor-1] INFO  client.GrpcClientProtocolClient (GrpcClientProtocolClient.java:onNext(255)) - client-CB1B8AC74E59->81367453-3bf0-4298-8a83-8d5c3816df16: receive RaftClientReply:client-CB1B8AC74E59->81367453-3bf0-4298-8a83-8d5c3816df16@group-F6EC397515C5, cid=2036, SUCCESS, logIndex=2824, commits[81367453-3bf0-4298-8a83-8d5c3816df16:c2824]
2019-09-03 20:26:12,218 [grpc-default-executor-2] INFO  client.GrpcClientProtocolClient (GrpcClientProtocolClient.java:onNext(255)) - client-CB1B8AC74E59->81367453-3bf0-4298-8a83-8d5c3816df16: receive RaftClientReply:client-CB1B8AC74E59->81367453-3bf0-4298-8a83-8d5c3816df16@group-F6EC397515C5, cid=2037, SUCCESS, logIndex=2826, commits[81367453-3bf0-4298-8a83-8d5c3816df16:c2827]
2019-09-03 20:26:12,219 [grpc-default-executor-2] INFO  client.GrpcClientProtocolClient (GrpcClientProtocolClient.java:onNext(255)) - client-CB1B8AC74E59->81367453-3bf0-4298-8a83-8d5c3816df16: receive RaftClientReply:client-CB1B8AC74E59->81367453-3bf0-4298-8a83-8d5c3816df16@group-F6EC397515C5, cid=2038, SUCCESS, logIndex=2827, commits[81367453-3bf0-4298-8a83-8d5c3816df16:c2827]
2019-09-03 20:26:12,224 [grpc-default-executor-2] INFO  client.GrpcClientProtocolClient (GrpcClientProtocolClient.java:onNext(255)) - client-CB1B8AC74E59->81367453-3bf0-4298-8a83-8d5c3816df16: receive RaftClientReply:client-CB1B8AC74E59->81367453-3bf0-4298-8a83-8d5c3816df16@group-F6EC397515C5, cid=2039, SUCCESS, logIndex=2828, commits[81367453-3bf0-4298-8a83-8d5c3816df16:c2829]
2019-09-03 20:26:12,225 [grpc-default-executor-2] INFO  client.GrpcClientProtocolClient (GrpcClientProtocolClient.java:onNext(255)) - client-CB1B8AC74E59->81367453-3bf0-4298-8a83-8d5c3816df16: receive RaftClientReply:client-CB1B8AC74E59->81367453-3bf0-4298-8a83-8d5c3816df16@group-F6EC397515C5, cid=2040, SUCCESS, logIndex=2829, commits[81367453-3bf0-4298-8a83-8d5c3816df16:c2829]
2019-09-03 20:26:12,263 [grpc-default-executor-2] INFO  client.GrpcClientProtocolClient (GrpcClientProtocolClient.java:onNext(255)) - client-CB1B8AC74E59->81367453-3bf0-4298-8a83-8d5c3816df16: receive RaftClientReply:client-CB1B8AC74E59->81367453-3bf0-4298-8a83-8d5c3816df16@group-F6EC397515C5, cid=2041, SUCCESS, logIndex=2832, commits[81367453-3bf0-4298-8a83-8d5c3816df16:c2833]
2019-09-03 20:26:12,264 [grpc-default-executor-2] INFO  client.GrpcClientProtocolClient (GrpcClientProtocolClient.java:onNext(255)) - client-CB1B8AC74E59->81367453-3bf0-4298-8a83-8d5c3816df16: receive RaftClientReply:client-CB1B8AC74E59->81367453-3bf0-4298-8a83-8d5c3816df16@group-F6EC397515C5, cid=2042, SUCCESS, logIndex=2833, commits[81367453-3bf0-4298-8a83-8d5c3816df16:c2833]
2019-09-03 20:26:12,267 [grpc-default-executor-2] INFO  client.GrpcClientProtocolClient (GrpcClientProtocolClient.java:onNext(255)) - client-CB1B8AC74E59->81367453-3bf0-4298-8a83-8d5c3816df16: receive RaftClientReply:client-CB1B8AC74E59->81367453-3bf0-4298-8a83-8d5c3816df16@group-F6EC397515C5, cid=2043, SUCCESS, logIndex=2834, commits[81367453-3bf0-4298-8a83-8d5c3816df16:c2835]
2019-09-03 20:26:12,267 [grpc-default-executor-2] INFO  client.GrpcClientProtocolClient (GrpcClientProtocolClient.java:onNext(255)) - client-CB1B8AC74E59->81367453-3bf0-4298-8a83-8d5c3816df16: receive RaftClientReply:client-CB1B8AC74E59->81367453-3bf0-4298-8a83-8d5c3816df16@group-F6EC397515C5, cid=2044, SUCCESS, logIndex=2835, commits[81367453-3bf0-4298-8a83-8d5c3816df16:c2835]
2019-09-03 20:26:12,276 [SCMBlockDeletingService#1] DEBUG block.SCMBlockDeletingService (SCMBlockDeletingService.java:call(138)) - Running DeletedBlockTransactionScanner
2019-09-03 20:26:12,277 [SCMBlockDeletingService#1] DEBUG block.SCMBlockDeletingService (SCMBlockDeletingService.java:call(155)) - Scanned deleted blocks log and got 0 delTX to process.
2019-09-03 20:26:12,289 [grpc-default-executor-1] INFO  client.GrpcClientProtocolClient (GrpcClientProtocolClient.java:onNext(255)) - client-CB1B8AC74E59->81367453-3bf0-4298-8a83-8d5c3816df16: receive RaftClientReply:client-CB1B8AC74E59->81367453-3bf0-4298-8a83-8d5c3816df16@group-F6EC397515C5, cid=2045, SUCCESS, logIndex=2838, commits[81367453-3bf0-4298-8a83-8d5c3816df16:c2841]
2019-09-03 20:26:12,289 [grpc-default-executor-1] INFO  client.GrpcClientProtocolClient (GrpcClientProtocolClient.java:onNext(255)) - client-CB1B8AC74E59->81367453-3bf0-4298-8a83-8d5c3816df16: receive RaftClientReply:client-CB1B8AC74E59->81367453-3bf0-4298-8a83-8d5c3816df16@group-F6EC397515C5, cid=2046, SUCCESS, logIndex=2839, commits[81367453-3bf0-4298-8a83-8d5c3816df16:c2841]
2019-09-03 20:26:12,290 [grpc-default-executor-1] INFO  client.GrpcClientProtocolClient (GrpcClientProtocolClient.java:onNext(255)) - client-CB1B8AC74E59->81367453-3bf0-4298-8a83-8d5c3816df16: receive RaftClientReply:client-CB1B8AC74E59->81367453-3bf0-4298-8a83-8d5c3816df16@group-F6EC397515C5, cid=2047, SUCCESS, logIndex=2840, commits[81367453-3bf0-4298-8a83-8d5c3816df16:c2841]
2019-09-03 20:26:12,290 [grpc-default-executor-1] INFO  client.GrpcClientProtocolClient (GrpcClientProtocolClient.java:onNext(255)) - client-CB1B8AC74E59->81367453-3bf0-4298-8a83-8d5c3816df16: receive RaftClientReply:client-CB1B8AC74E59->81367453-3bf0-4298-8a83-8d5c3816df16@group-F6EC397515C5, cid=2048, SUCCESS, logIndex=2841, commits[81367453-3bf0-4298-8a83-8d5c3816df16:c2841]
2019-09-03 20:26:12,318 [grpc-default-executor-1] INFO  client.GrpcClientProtocolClient (GrpcClientProtocolClient.java:onNext(255)) - client-CB1B8AC74E59->81367453-3bf0-4298-8a83-8d5c3816df16: receive RaftClientReply:client-CB1B8AC74E59->81367453-3bf0-4298-8a83-8d5c3816df16@group-F6EC397515C5, cid=2049, SUCCESS, logIndex=2843, commits[81367453-3bf0-4298-8a83-8d5c3816df16:c2844]
2019-09-03 20:26:12,319 [grpc-default-executor-1] INFO  client.GrpcClientProtocolClient (GrpcClientProtocolClient.java:onNext(255)) - client-CB1B8AC74E59->81367453-3bf0-4298-8a83-8d5c3816df16: receive RaftClientReply:client-CB1B8AC74E59->81367453-3bf0-4298-8a83-8d5c3816df16@group-F6EC397515C5, cid=2050, SUCCESS, logIndex=2844, commits[81367453-3bf0-4298-8a83-8d5c3816df16:c2844]
2019-09-03 20:26:12,323 [grpc-default-executor-1] INFO  client.GrpcClientProtocolClient (GrpcClientProtocolClient.java:onNext(255)) - client-CB1B8AC74E59->81367453-3bf0-4298-8a83-8d5c3816df16: receive RaftClientReply:client-CB1B8AC74E59->81367453-3bf0-4298-8a83-8d5c3816df16@group-F6EC397515C5, cid=2051, SUCCESS, logIndex=2845, commits[81367453-3bf0-4298-8a83-8d5c3816df16:c2846]
2019-09-03 20:26:12,324 [grpc-default-executor-1] INFO  client.GrpcClientProtocolClient (GrpcClientProtocolClient.java:onNext(255)) - client-CB1B8AC74E59->81367453-3bf0-4298-8a83-8d5c3816df16: receive RaftClientReply:client-CB1B8AC74E59->81367453-3bf0-4298-8a83-8d5c3816df16@group-F6EC397515C5, cid=2052, SUCCESS, logIndex=2846, commits[81367453-3bf0-4298-8a83-8d5c3816df16:c2846]
2019-09-03 20:26:12,340 [grpc-default-executor-1] INFO  client.GrpcClientProtocolClient (GrpcClientProtocolClient.java:onNext(255)) - client-CB1B8AC74E59->81367453-3bf0-4298-8a83-8d5c3816df16: receive RaftClientReply:client-CB1B8AC74E59->81367453-3bf0-4298-8a83-8d5c3816df16@group-F6EC397515C5, cid=2053, SUCCESS, logIndex=2849, commits[81367453-3bf0-4298-8a83-8d5c3816df16:c2850]
2019-09-03 20:26:12,340 [grpc-default-executor-1] INFO  client.GrpcClientProtocolClient (GrpcClientProtocolClient.java:onNext(255)) - client-CB1B8AC74E59->81367453-3bf0-4298-8a83-8d5c3816df16: receive RaftClientReply:client-CB1B8AC74E59->81367453-3bf0-4298-8a83-8d5c3816df16@group-F6EC397515C5, cid=2054, SUCCESS, logIndex=2850, commits[81367453-3bf0-4298-8a83-8d5c3816df16:c2850]
2019-09-03 20:26:12,349 [grpc-default-executor-1] INFO  client.GrpcClientProtocolClient (GrpcClientProtocolClient.java:onNext(255)) - client-CB1B8AC74E59->81367453-3bf0-4298-8a83-8d5c3816df16: receive RaftClientReply:client-CB1B8AC74E59->81367453-3bf0-4298-8a83-8d5c3816df16@group-F6EC397515C5, cid=2055, SUCCESS, logIndex=2851, commits[81367453-3bf0-4298-8a83-8d5c3816df16:c2852]
2019-09-03 20:26:12,349 [grpc-default-executor-1] INFO  client.GrpcClientProtocolClient (GrpcClientProtocolClient.java:onNext(255)) - client-CB1B8AC74E59->81367453-3bf0-4298-8a83-8d5c3816df16: receive RaftClientReply:client-CB1B8AC74E59->81367453-3bf0-4298-8a83-8d5c3816df16@group-F6EC397515C5, cid=2056, SUCCESS, logIndex=2852, commits[81367453-3bf0-4298-8a83-8d5c3816df16:c2852]
2019-09-03 20:26:12,373 [grpc-default-executor-2] INFO  client.GrpcClientProtocolClient (GrpcClientProtocolClient.java:onNext(255)) - client-CB1B8AC74E59->81367453-3bf0-4298-8a83-8d5c3816df16: receive RaftClientReply:client-CB1B8AC74E59->81367453-3bf0-4298-8a83-8d5c3816df16@group-F6EC397515C5, cid=2057, SUCCESS, logIndex=2855, commits[81367453-3bf0-4298-8a83-8d5c3816df16:c2856]
2019-09-03 20:26:12,373 [grpc-default-executor-2] INFO  client.GrpcClientProtocolClient (GrpcClientProtocolClient.java:onNext(255)) - client-CB1B8AC74E59->81367453-3bf0-4298-8a83-8d5c3816df16: receive RaftClientReply:client-CB1B8AC74E59->81367453-3bf0-4298-8a83-8d5c3816df16@group-F6EC397515C5, cid=2058, SUCCESS, logIndex=2856, commits[81367453-3bf0-4298-8a83-8d5c3816df16:c2856]
2019-09-03 20:26:12,377 [grpc-default-executor-2] INFO  client.GrpcClientProtocolClient (GrpcClientProtocolClient.java:onNext(255)) - client-CB1B8AC74E59->81367453-3bf0-4298-8a83-8d5c3816df16: receive RaftClientReply:client-CB1B8AC74E59->81367453-3bf0-4298-8a83-8d5c3816df16@group-F6EC397515C5, cid=2059, SUCCESS, logIndex=2857, commits[81367453-3bf0-4298-8a83-8d5c3816df16:c2859]
2019-09-03 20:26:12,377 [SCMBlockDeletingService#1] DEBUG block.SCMBlockDeletingService (SCMBlockDeletingService.java:call(138)) - Running DeletedBlockTransactionScanner
2019-09-03 20:26:12,377 [grpc-default-executor-2] INFO  client.GrpcClientProtocolClient (GrpcClientProtocolClient.java:onNext(255)) - client-CB1B8AC74E59->81367453-3bf0-4298-8a83-8d5c3816df16: receive RaftClientReply:client-CB1B8AC74E59->81367453-3bf0-4298-8a83-8d5c3816df16@group-F6EC397515C5, cid=2060, SUCCESS, logIndex=2858, commits[81367453-3bf0-4298-8a83-8d5c3816df16:c2859]
2019-09-03 20:26:12,377 [SCMBlockDeletingService#1] DEBUG block.SCMBlockDeletingService (SCMBlockDeletingService.java:call(155)) - Scanned deleted blocks log and got 0 delTX to process.
2019-09-03 20:26:12,399 [grpc-default-executor-2] INFO  client.GrpcClientProtocolClient (GrpcClientProtocolClient.java:onNext(255)) - client-CB1B8AC74E59->81367453-3bf0-4298-8a83-8d5c3816df16: receive RaftClientReply:client-CB1B8AC74E59->81367453-3bf0-4298-8a83-8d5c3816df16@group-F6EC397515C5, cid=2061, SUCCESS, logIndex=2860, commits[81367453-3bf0-4298-8a83-8d5c3816df16:c2861]
2019-09-03 20:26:12,399 [grpc-default-executor-2] INFO  client.GrpcClientProtocolClient (GrpcClientProtocolClient.java:onNext(255)) - client-CB1B8AC74E59->81367453-3bf0-4298-8a83-8d5c3816df16: receive RaftClientReply:client-CB1B8AC74E59->81367453-3bf0-4298-8a83-8d5c3816df16@group-F6EC397515C5, cid=2062, SUCCESS, logIndex=2861, commits[81367453-3bf0-4298-8a83-8d5c3816df16:c2861]
2019-09-03 20:26:12,403 [grpc-default-executor-2] INFO  client.GrpcClientProtocolClient (GrpcClientProtocolClient.java:onNext(255)) - client-CB1B8AC74E59->81367453-3bf0-4298-8a83-8d5c3816df16: receive RaftClientReply:client-CB1B8AC74E59->81367453-3bf0-4298-8a83-8d5c3816df16@group-F6EC397515C5, cid=2063, SUCCESS, logIndex=2862, commits[81367453-3bf0-4298-8a83-8d5c3816df16:c2863]
2019-09-03 20:26:12,404 [grpc-default-executor-2] INFO  client.GrpcClientProtocolClient (GrpcClientProtocolClient.java:onNext(255)) - client-CB1B8AC74E59->81367453-3bf0-4298-8a83-8d5c3816df16: receive RaftClientReply:client-CB1B8AC74E59->81367453-3bf0-4298-8a83-8d5c3816df16@group-F6EC397515C5, cid=2064, SUCCESS, logIndex=2863, commits[81367453-3bf0-4298-8a83-8d5c3816df16:c2863]
2019-09-03 20:26:12,440 [grpc-default-executor-2] INFO  client.GrpcClientProtocolClient (GrpcClientProtocolClient.java:onNext(255)) - client-CB1B8AC74E59->81367453-3bf0-4298-8a83-8d5c3816df16: receive RaftClientReply:client-CB1B8AC74E59->81367453-3bf0-4298-8a83-8d5c3816df16@group-F6EC397515C5, cid=2065, SUCCESS, logIndex=2866, commits[81367453-3bf0-4298-8a83-8d5c3816df16:c2869]
2019-09-03 20:26:12,441 [grpc-default-executor-2] INFO  client.GrpcClientProtocolClient (GrpcClientProtocolClient.java:onNext(255)) - client-CB1B8AC74E59->81367453-3bf0-4298-8a83-8d5c3816df16: receive RaftClientReply:client-CB1B8AC74E59->81367453-3bf0-4298-8a83-8d5c3816df16@group-F6EC397515C5, cid=2066, SUCCESS, logIndex=2867, commits[81367453-3bf0-4298-8a83-8d5c3816df16:c2869]
2019-09-03 20:26:12,442 [grpc-default-executor-2] INFO  client.GrpcClientProtocolClient (GrpcClientProtocolClient.java:onNext(255)) - client-CB1B8AC74E59->81367453-3bf0-4298-8a83-8d5c3816df16: receive RaftClientReply:client-CB1B8AC74E59->81367453-3bf0-4298-8a83-8d5c3816df16@group-F6EC397515C5, cid=2067, SUCCESS, logIndex=2868, commits[81367453-3bf0-4298-8a83-8d5c3816df16:c2869]
2019-09-03 20:26:12,442 [grpc-default-executor-2] INFO  client.GrpcClientProtocolClient (GrpcClientProtocolClient.java:onNext(255)) - client-CB1B8AC74E59->81367453-3bf0-4298-8a83-8d5c3816df16: receive RaftClientReply:client-CB1B8AC74E59->81367453-3bf0-4298-8a83-8d5c3816df16@group-F6EC397515C5, cid=2068, SUCCESS, logIndex=2869, commits[81367453-3bf0-4298-8a83-8d5c3816df16:c2869]
2019-09-03 20:26:12,460 [grpc-default-executor-1] INFO  client.GrpcClientProtocolClient (GrpcClientProtocolClient.java:onNext(255)) - client-CB1B8AC74E59->81367453-3bf0-4298-8a83-8d5c3816df16: receive RaftClientReply:client-CB1B8AC74E59->81367453-3bf0-4298-8a83-8d5c3816df16@group-F6EC397515C5, cid=2069, SUCCESS, logIndex=2871, commits[81367453-3bf0-4298-8a83-8d5c3816df16:c2872]
2019-09-03 20:26:12,460 [grpc-default-executor-1] INFO  client.GrpcClientProtocolClient (GrpcClientProtocolClient.java:onNext(255)) - client-CB1B8AC74E59->81367453-3bf0-4298-8a83-8d5c3816df16: receive RaftClientReply:client-CB1B8AC74E59->81367453-3bf0-4298-8a83-8d5c3816df16@group-F6EC397515C5, cid=2070, SUCCESS, logIndex=2872, commits[81367453-3bf0-4298-8a83-8d5c3816df16:c2872]
2019-09-03 20:26:12,470 [grpc-default-executor-1] INFO  client.GrpcClientProtocolClient (GrpcClientProtocolClient.java:onNext(255)) - client-CB1B8AC74E59->81367453-3bf0-4298-8a83-8d5c3816df16: receive RaftClientReply:client-CB1B8AC74E59->81367453-3bf0-4298-8a83-8d5c3816df16@group-F6EC397515C5, cid=2071, SUCCESS, logIndex=2873, commits[81367453-3bf0-4298-8a83-8d5c3816df16:c2874]
2019-09-03 20:26:12,470 [grpc-default-executor-1] INFO  client.GrpcClientProtocolClient (GrpcClientProtocolClient.java:onNext(255)) - client-CB1B8AC74E59->81367453-3bf0-4298-8a83-8d5c3816df16: receive RaftClientReply:client-CB1B8AC74E59->81367453-3bf0-4298-8a83-8d5c3816df16@group-F6EC397515C5, cid=2072, SUCCESS, logIndex=2874, commits[81367453-3bf0-4298-8a83-8d5c3816df16:c2874]
2019-09-03 20:26:12,478 [SCMBlockDeletingService#0] DEBUG block.SCMBlockDeletingService (SCMBlockDeletingService.java:call(138)) - Running DeletedBlockTransactionScanner
2019-09-03 20:26:12,478 [SCMBlockDeletingService#0] DEBUG block.SCMBlockDeletingService (SCMBlockDeletingService.java:call(155)) - Scanned deleted blocks log and got 0 delTX to process.
2019-09-03 20:26:12,496 [grpc-default-executor-1] INFO  client.GrpcClientProtocolClient (GrpcClientProtocolClient.java:onNext(255)) - client-CB1B8AC74E59->81367453-3bf0-4298-8a83-8d5c3816df16: receive RaftClientReply:client-CB1B8AC74E59->81367453-3bf0-4298-8a83-8d5c3816df16@group-F6EC397515C5, cid=2073, SUCCESS, logIndex=2877, commits[81367453-3bf0-4298-8a83-8d5c3816df16:c2878]
2019-09-03 20:26:12,497 [grpc-default-executor-1] INFO  client.GrpcClientProtocolClient (GrpcClientProtocolClient.java:onNext(255)) - client-CB1B8AC74E59->81367453-3bf0-4298-8a83-8d5c3816df16: receive RaftClientReply:client-CB1B8AC74E59->81367453-3bf0-4298-8a83-8d5c3816df16@group-F6EC397515C5, cid=2074, SUCCESS, logIndex=2878, commits[81367453-3bf0-4298-8a83-8d5c3816df16:c2878]
2019-09-03 20:26:12,502 [grpc-default-executor-1] INFO  client.GrpcClientProtocolClient (GrpcClientProtocolClient.java:onNext(255)) - client-CB1B8AC74E59->81367453-3bf0-4298-8a83-8d5c3816df16: receive RaftClientReply:client-CB1B8AC74E59->81367453-3bf0-4298-8a83-8d5c3816df16@group-F6EC397515C5, cid=2075, SUCCESS, logIndex=2879, commits[81367453-3bf0-4298-8a83-8d5c3816df16:c2880]
2019-09-03 20:26:12,502 [grpc-default-executor-1] INFO  client.GrpcClientProtocolClient (GrpcClientProtocolClient.java:onNext(255)) - client-CB1B8AC74E59->81367453-3bf0-4298-8a83-8d5c3816df16: receive RaftClientReply:client-CB1B8AC74E59->81367453-3bf0-4298-8a83-8d5c3816df16@group-F6EC397515C5, cid=2076, SUCCESS, logIndex=2880, commits[81367453-3bf0-4298-8a83-8d5c3816df16:c2880]
2019-09-03 20:26:12,578 [SCMBlockDeletingService#0] DEBUG block.SCMBlockDeletingService (SCMBlockDeletingService.java:call(138)) - Running DeletedBlockTransactionScanner
2019-09-03 20:26:12,578 [SCMBlockDeletingService#0] DEBUG block.SCMBlockDeletingService (SCMBlockDeletingService.java:call(155)) - Scanned deleted blocks log and got 0 delTX to process.
2019-09-03 20:26:12,655 [grpc-default-executor-2] INFO  client.GrpcClientProtocolClient (GrpcClientProtocolClient.java:onNext(255)) - client-CB1B8AC74E59->81367453-3bf0-4298-8a83-8d5c3816df16: receive RaftClientReply:client-CB1B8AC74E59->81367453-3bf0-4298-8a83-8d5c3816df16@group-F6EC397515C5, cid=2077, SUCCESS, logIndex=2883, commits[81367453-3bf0-4298-8a83-8d5c3816df16:c2886]
2019-09-03 20:26:12,656 [grpc-default-executor-2] INFO  client.GrpcClientProtocolClient (GrpcClientProtocolClient.java:onNext(255)) - client-CB1B8AC74E59->81367453-3bf0-4298-8a83-8d5c3816df16: receive RaftClientReply:client-CB1B8AC74E59->81367453-3bf0-4298-8a83-8d5c3816df16@group-F6EC397515C5, cid=2078, SUCCESS, logIndex=2884, commits[81367453-3bf0-4298-8a83-8d5c3816df16:c2886]
2019-09-03 20:26:12,656 [grpc-default-executor-2] INFO  client.GrpcClientProtocolClient (GrpcClientProtocolClient.java:onNext(255)) - client-CB1B8AC74E59->81367453-3bf0-4298-8a83-8d5c3816df16: receive RaftClientReply:client-CB1B8AC74E59->81367453-3bf0-4298-8a83-8d5c3816df16@group-F6EC397515C5, cid=2079, SUCCESS, logIndex=2885, commits[81367453-3bf0-4298-8a83-8d5c3816df16:c2886]
2019-09-03 20:26:12,657 [grpc-default-executor-2] INFO  client.GrpcClientProtocolClient (GrpcClientProtocolClient.java:onNext(255)) - client-CB1B8AC74E59->81367453-3bf0-4298-8a83-8d5c3816df16: receive RaftClientReply:client-CB1B8AC74E59->81367453-3bf0-4298-8a83-8d5c3816df16@group-F6EC397515C5, cid=2080, SUCCESS, logIndex=2886, commits[81367453-3bf0-4298-8a83-8d5c3816df16:c2886]
2019-09-03 20:26:12,679 [SCMBlockDeletingService#0] DEBUG block.SCMBlockDeletingService (SCMBlockDeletingService.java:call(138)) - Running DeletedBlockTransactionScanner
2019-09-03 20:26:12,679 [SCMBlockDeletingService#0] DEBUG block.SCMBlockDeletingService (SCMBlockDeletingService.java:call(155)) - Scanned deleted blocks log and got 0 delTX to process.
2019-09-03 20:26:12,686 [grpc-default-executor-2] INFO  client.GrpcClientProtocolClient (GrpcClientProtocolClient.java:onNext(255)) - client-CB1B8AC74E59->81367453-3bf0-4298-8a83-8d5c3816df16: receive RaftClientReply:client-CB1B8AC74E59->81367453-3bf0-4298-8a83-8d5c3816df16@group-F6EC397515C5, cid=2081, SUCCESS, logIndex=2888, commits[81367453-3bf0-4298-8a83-8d5c3816df16:c2889]
2019-09-03 20:26:12,687 [grpc-default-executor-2] INFO  client.GrpcClientProtocolClient (GrpcClientProtocolClient.java:onNext(255)) - client-CB1B8AC74E59->81367453-3bf0-4298-8a83-8d5c3816df16: receive RaftClientReply:client-CB1B8AC74E59->81367453-3bf0-4298-8a83-8d5c3816df16@group-F6EC397515C5, cid=2082, SUCCESS, logIndex=2889, commits[81367453-3bf0-4298-8a83-8d5c3816df16:c2889]
2019-09-03 20:26:12,693 [grpc-default-executor-2] INFO  client.GrpcClientProtocolClient (GrpcClientProtocolClient.java:onNext(255)) - client-CB1B8AC74E59->81367453-3bf0-4298-8a83-8d5c3816df16: receive RaftClientReply:client-CB1B8AC74E59->81367453-3bf0-4298-8a83-8d5c3816df16@group-F6EC397515C5, cid=2083, SUCCESS, logIndex=2890, commits[81367453-3bf0-4298-8a83-8d5c3816df16:c2891]
2019-09-03 20:26:12,693 [grpc-default-executor-2] INFO  client.GrpcClientProtocolClient (GrpcClientProtocolClient.java:onNext(255)) - client-CB1B8AC74E59->81367453-3bf0-4298-8a83-8d5c3816df16: receive RaftClientReply:client-CB1B8AC74E59->81367453-3bf0-4298-8a83-8d5c3816df16@group-F6EC397515C5, cid=2084, SUCCESS, logIndex=2891, commits[81367453-3bf0-4298-8a83-8d5c3816df16:c2891]
2019-09-03 20:26:12,709 [grpc-default-executor-1] INFO  client.GrpcClientProtocolClient (GrpcClientProtocolClient.java:onNext(255)) - client-CB1B8AC74E59->81367453-3bf0-4298-8a83-8d5c3816df16: receive RaftClientReply:client-CB1B8AC74E59->81367453-3bf0-4298-8a83-8d5c3816df16@group-F6EC397515C5, cid=2085, SUCCESS, logIndex=2894, commits[81367453-3bf0-4298-8a83-8d5c3816df16:c2897]
2019-09-03 20:26:12,710 [grpc-default-executor-1] INFO  client.GrpcClientProtocolClient (GrpcClientProtocolClient.java:onNext(255)) - client-CB1B8AC74E59->81367453-3bf0-4298-8a83-8d5c3816df16: receive RaftClientReply:client-CB1B8AC74E59->81367453-3bf0-4298-8a83-8d5c3816df16@group-F6EC397515C5, cid=2086, SUCCESS, logIndex=2895, commits[81367453-3bf0-4298-8a83-8d5c3816df16:c2897]
2019-09-03 20:26:12,710 [grpc-default-executor-1] INFO  client.GrpcClientProtocolClient (GrpcClientProtocolClient.java:onNext(255)) - client-CB1B8AC74E59->81367453-3bf0-4298-8a83-8d5c3816df16: receive RaftClientReply:client-CB1B8AC74E59->81367453-3bf0-4298-8a83-8d5c3816df16@group-F6EC397515C5, cid=2087, SUCCESS, logIndex=2896, commits[81367453-3bf0-4298-8a83-8d5c3816df16:c2897]
2019-09-03 20:26:12,711 [grpc-default-executor-1] INFO  client.GrpcClientProtocolClient (GrpcClientProtocolClient.java:onNext(255)) - client-CB1B8AC74E59->81367453-3bf0-4298-8a83-8d5c3816df16: receive RaftClientReply:client-CB1B8AC74E59->81367453-3bf0-4298-8a83-8d5c3816df16@group-F6EC397515C5, cid=2088, SUCCESS, logIndex=2897, commits[81367453-3bf0-4298-8a83-8d5c3816df16:c2897]
2019-09-03 20:26:12,739 [grpc-default-executor-2] INFO  client.GrpcClientProtocolClient (GrpcClientProtocolClient.java:onNext(255)) - client-CB1B8AC74E59->81367453-3bf0-4298-8a83-8d5c3816df16: receive RaftClientReply:client-CB1B8AC74E59->81367453-3bf0-4298-8a83-8d5c3816df16@group-F6EC397515C5, cid=2089, SUCCESS, logIndex=2899, commits[81367453-3bf0-4298-8a83-8d5c3816df16:c2900]
2019-09-03 20:26:12,740 [grpc-default-executor-2] INFO  client.GrpcClientProtocolClient (GrpcClientProtocolClient.java:onNext(255)) - client-CB1B8AC74E59->81367453-3bf0-4298-8a83-8d5c3816df16: receive RaftClientReply:client-CB1B8AC74E59->81367453-3bf0-4298-8a83-8d5c3816df16@group-F6EC397515C5, cid=2090, SUCCESS, logIndex=2900, commits[81367453-3bf0-4298-8a83-8d5c3816df16:c2900]
2019-09-03 20:26:12,748 [grpc-default-executor-2] INFO  client.GrpcClientProtocolClient (GrpcClientProtocolClient.java:onNext(255)) - client-CB1B8AC74E59->81367453-3bf0-4298-8a83-8d5c3816df16: receive RaftClientReply:client-CB1B8AC74E59->81367453-3bf0-4298-8a83-8d5c3816df16@group-F6EC397515C5, cid=2091, SUCCESS, logIndex=2901, commits[81367453-3bf0-4298-8a83-8d5c3816df16:c2902]
2019-09-03 20:26:12,748 [grpc-default-executor-2] INFO  client.GrpcClientProtocolClient (GrpcClientProtocolClient.java:onNext(255)) - client-CB1B8AC74E59->81367453-3bf0-4298-8a83-8d5c3816df16: receive RaftClientReply:client-CB1B8AC74E59->81367453-3bf0-4298-8a83-8d5c3816df16@group-F6EC397515C5, cid=2092, SUCCESS, logIndex=2902, commits[81367453-3bf0-4298-8a83-8d5c3816df16:c2902]
2019-09-03 20:26:12,771 [grpc-default-executor-1] INFO  client.GrpcClientProtocolClient (GrpcClientProtocolClient.java:onNext(255)) - client-CB1B8AC74E59->81367453-3bf0-4298-8a83-8d5c3816df16: receive RaftClientReply:client-CB1B8AC74E59->81367453-3bf0-4298-8a83-8d5c3816df16@group-F6EC397515C5, cid=2093, SUCCESS, logIndex=2905, commits[81367453-3bf0-4298-8a83-8d5c3816df16:c2908]
2019-09-03 20:26:12,771 [grpc-default-executor-1] INFO  client.GrpcClientProtocolClient (GrpcClientProtocolClient.java:onNext(255)) - client-CB1B8AC74E59->81367453-3bf0-4298-8a83-8d5c3816df16: receive RaftClientReply:client-CB1B8AC74E59->81367453-3bf0-4298-8a83-8d5c3816df16@group-F6EC397515C5, cid=2094, SUCCESS, logIndex=2906, commits[81367453-3bf0-4298-8a83-8d5c3816df16:c2908]
2019-09-03 20:26:12,772 [grpc-default-executor-1] INFO  client.GrpcClientProtocolClient (GrpcClientProtocolClient.java:onNext(255)) - client-CB1B8AC74E59->81367453-3bf0-4298-8a83-8d5c3816df16: receive RaftClientReply:client-CB1B8AC74E59->81367453-3bf0-4298-8a83-8d5c3816df16@group-F6EC397515C5, cid=2095, SUCCESS, logIndex=2907, commits[81367453-3bf0-4298-8a83-8d5c3816df16:c2908]
2019-09-03 20:26:12,772 [grpc-default-executor-1] INFO  client.GrpcClientProtocolClient (GrpcClientProtocolClient.java:onNext(255)) - client-CB1B8AC74E59->81367453-3bf0-4298-8a83-8d5c3816df16: receive RaftClientReply:client-CB1B8AC74E59->81367453-3bf0-4298-8a83-8d5c3816df16@group-F6EC397515C5, cid=2096, SUCCESS, logIndex=2908, commits[81367453-3bf0-4298-8a83-8d5c3816df16:c2908]
2019-09-03 20:26:12,779 [SCMBlockDeletingService#0] DEBUG block.SCMBlockDeletingService (SCMBlockDeletingService.java:call(138)) - Running DeletedBlockTransactionScanner
2019-09-03 20:26:12,780 [SCMBlockDeletingService#0] DEBUG block.SCMBlockDeletingService (SCMBlockDeletingService.java:call(155)) - Scanned deleted blocks log and got 0 delTX to process.
2019-09-03 20:26:12,803 [grpc-default-executor-2] INFO  client.GrpcClientProtocolClient (GrpcClientProtocolClient.java:onNext(255)) - client-CB1B8AC74E59->81367453-3bf0-4298-8a83-8d5c3816df16: receive RaftClientReply:client-CB1B8AC74E59->81367453-3bf0-4298-8a83-8d5c3816df16@group-F6EC397515C5, cid=2097, SUCCESS, logIndex=2910, commits[81367453-3bf0-4298-8a83-8d5c3816df16:c2911]
2019-09-03 20:26:12,804 [grpc-default-executor-2] INFO  client.GrpcClientProtocolClient (GrpcClientProtocolClient.java:onNext(255)) - client-CB1B8AC74E59->81367453-3bf0-4298-8a83-8d5c3816df16: receive RaftClientReply:client-CB1B8AC74E59->81367453-3bf0-4298-8a83-8d5c3816df16@group-F6EC397515C5, cid=2098, SUCCESS, logIndex=2911, commits[81367453-3bf0-4298-8a83-8d5c3816df16:c2911]
2019-09-03 20:26:12,814 [grpc-default-executor-2] INFO  client.GrpcClientProtocolClient (GrpcClientProtocolClient.java:onNext(255)) - client-CB1B8AC74E59->81367453-3bf0-4298-8a83-8d5c3816df16: receive RaftClientReply:client-CB1B8AC74E59->81367453-3bf0-4298-8a83-8d5c3816df16@group-F6EC397515C5, cid=2099, SUCCESS, logIndex=2912, commits[81367453-3bf0-4298-8a83-8d5c3816df16:c2913]
2019-09-03 20:26:12,815 [grpc-default-executor-2] INFO  client.GrpcClientProtocolClient (GrpcClientProtocolClient.java:onNext(255)) - client-CB1B8AC74E59->81367453-3bf0-4298-8a83-8d5c3816df16: receive RaftClientReply:client-CB1B8AC74E59->81367453-3bf0-4298-8a83-8d5c3816df16@group-F6EC397515C5, cid=2100, SUCCESS, logIndex=2913, commits[81367453-3bf0-4298-8a83-8d5c3816df16:c2913]
2019-09-03 20:26:12,838 [grpc-default-executor-2] INFO  client.GrpcClientProtocolClient (GrpcClientProtocolClient.java:onNext(255)) - client-CB1B8AC74E59->81367453-3bf0-4298-8a83-8d5c3816df16: receive RaftClientReply:client-CB1B8AC74E59->81367453-3bf0-4298-8a83-8d5c3816df16@group-F6EC397515C5, cid=2101, SUCCESS, logIndex=2916, commits[81367453-3bf0-4298-8a83-8d5c3816df16:c2919]
2019-09-03 20:26:12,839 [grpc-default-executor-2] INFO  client.GrpcClientProtocolClient (GrpcClientProtocolClient.java:onNext(255)) - client-CB1B8AC74E59->81367453-3bf0-4298-8a83-8d5c3816df16: receive RaftClientReply:client-CB1B8AC74E59->81367453-3bf0-4298-8a83-8d5c3816df16@group-F6EC397515C5, cid=2102, SUCCESS, logIndex=2917, commits[81367453-3bf0-4298-8a83-8d5c3816df16:c2919]
2019-09-03 20:26:12,839 [grpc-default-executor-2] INFO  client.GrpcClientProtocolClient (GrpcClientProtocolClient.java:onNext(255)) - client-CB1B8AC74E59->81367453-3bf0-4298-8a83-8d5c3816df16: receive RaftClientReply:client-CB1B8AC74E59->81367453-3bf0-4298-8a83-8d5c3816df16@group-F6EC397515C5, cid=2103, SUCCESS, logIndex=2918, commits[81367453-3bf0-4298-8a83-8d5c3816df16:c2919]
2019-09-03 20:26:12,840 [grpc-default-executor-2] INFO  client.GrpcClientProtocolClient (GrpcClientProtocolClient.java:onNext(255)) - client-CB1B8AC74E59->81367453-3bf0-4298-8a83-8d5c3816df16: receive RaftClientReply:client-CB1B8AC74E59->81367453-3bf0-4298-8a83-8d5c3816df16@group-F6EC397515C5, cid=2104, SUCCESS, logIndex=2919, commits[81367453-3bf0-4298-8a83-8d5c3816df16:c2919]
2019-09-03 20:26:12,868 [grpc-default-executor-2] INFO  client.GrpcClientProtocolClient (GrpcClientProtocolClient.java:onNext(255)) - client-CB1B8AC74E59->81367453-3bf0-4298-8a83-8d5c3816df16: receive RaftClientReply:client-CB1B8AC74E59->81367453-3bf0-4298-8a83-8d5c3816df16@group-F6EC397515C5, cid=2105, SUCCESS, logIndex=2921, commits[81367453-3bf0-4298-8a83-8d5c3816df16:c2922]
2019-09-03 20:26:12,869 [grpc-default-executor-2] INFO  client.GrpcClientProtocolClient (GrpcClientProtocolClient.java:onNext(255)) - client-CB1B8AC74E59->81367453-3bf0-4298-8a83-8d5c3816df16: receive RaftClientReply:client-CB1B8AC74E59->81367453-3bf0-4298-8a83-8d5c3816df16@group-F6EC397515C5, cid=2106, SUCCESS, logIndex=2922, commits[81367453-3bf0-4298-8a83-8d5c3816df16:c2922]
2019-09-03 20:26:12,876 [grpc-default-executor-2] INFO  client.GrpcClientProtocolClient (GrpcClientProtocolClient.java:onNext(255)) - client-CB1B8AC74E59->81367453-3bf0-4298-8a83-8d5c3816df16: receive RaftClientReply:client-CB1B8AC74E59->81367453-3bf0-4298-8a83-8d5c3816df16@group-F6EC397515C5, cid=2107, SUCCESS, logIndex=2923, commits[81367453-3bf0-4298-8a83-8d5c3816df16:c2924]
2019-09-03 20:26:12,877 [grpc-default-executor-2] INFO  client.GrpcClientProtocolClient (GrpcClientProtocolClient.java:onNext(255)) - client-CB1B8AC74E59->81367453-3bf0-4298-8a83-8d5c3816df16: receive RaftClientReply:client-CB1B8AC74E59->81367453-3bf0-4298-8a83-8d5c3816df16@group-F6EC397515C5, cid=2108, SUCCESS, logIndex=2924, commits[81367453-3bf0-4298-8a83-8d5c3816df16:c2924]
2019-09-03 20:26:12,880 [SCMBlockDeletingService#0] DEBUG block.SCMBlockDeletingService (SCMBlockDeletingService.java:call(138)) - Running DeletedBlockTransactionScanner
2019-09-03 20:26:12,880 [SCMBlockDeletingService#0] DEBUG block.SCMBlockDeletingService (SCMBlockDeletingService.java:call(155)) - Scanned deleted blocks log and got 0 delTX to process.
2019-09-03 20:26:12,900 [grpc-default-executor-2] INFO  client.GrpcClientProtocolClient (GrpcClientProtocolClient.java:onNext(255)) - client-CB1B8AC74E59->81367453-3bf0-4298-8a83-8d5c3816df16: receive RaftClientReply:client-CB1B8AC74E59->81367453-3bf0-4298-8a83-8d5c3816df16@group-F6EC397515C5, cid=2109, SUCCESS, logIndex=2927, commits[81367453-3bf0-4298-8a83-8d5c3816df16:c2930]
2019-09-03 20:26:12,901 [grpc-default-executor-2] INFO  client.GrpcClientProtocolClient (GrpcClientProtocolClient.java:onNext(255)) - client-CB1B8AC74E59->81367453-3bf0-4298-8a83-8d5c3816df16: receive RaftClientReply:client-CB1B8AC74E59->81367453-3bf0-4298-8a83-8d5c3816df16@group-F6EC397515C5, cid=2110, SUCCESS, logIndex=2928, commits[81367453-3bf0-4298-8a83-8d5c3816df16:c2930]
2019-09-03 20:26:12,901 [grpc-default-executor-2] INFO  client.GrpcClientProtocolClient (GrpcClientProtocolClient.java:onNext(255)) - client-CB1B8AC74E59->81367453-3bf0-4298-8a83-8d5c3816df16: receive RaftClientReply:client-CB1B8AC74E59->81367453-3bf0-4298-8a83-8d5c3816df16@group-F6EC397515C5, cid=2111, SUCCESS, logIndex=2929, commits[81367453-3bf0-4298-8a83-8d5c3816df16:c2930]
2019-09-03 20:26:12,902 [grpc-default-executor-2] INFO  client.GrpcClientProtocolClient (GrpcClientProtocolClient.java:onNext(255)) - client-CB1B8AC74E59->81367453-3bf0-4298-8a83-8d5c3816df16: receive RaftClientReply:client-CB1B8AC74E59->81367453-3bf0-4298-8a83-8d5c3816df16@group-F6EC397515C5, cid=2112, SUCCESS, logIndex=2930, commits[81367453-3bf0-4298-8a83-8d5c3816df16:c2930]
2019-09-03 20:26:12,927 [grpc-default-executor-1] INFO  client.GrpcClientProtocolClient (GrpcClientProtocolClient.java:onNext(255)) - client-CB1B8AC74E59->81367453-3bf0-4298-8a83-8d5c3816df16: receive RaftClientReply:client-CB1B8AC74E59->81367453-3bf0-4298-8a83-8d5c3816df16@group-F6EC397515C5, cid=2113, SUCCESS, logIndex=2932, commits[81367453-3bf0-4298-8a83-8d5c3816df16:c2933]
2019-09-03 20:26:12,928 [grpc-default-executor-1] INFO  client.GrpcClientProtocolClient (GrpcClientProtocolClient.java:onNext(255)) - client-CB1B8AC74E59->81367453-3bf0-4298-8a83-8d5c3816df16: receive RaftClientReply:client-CB1B8AC74E59->81367453-3bf0-4298-8a83-8d5c3816df16@group-F6EC397515C5, cid=2114, SUCCESS, logIndex=2933, commits[81367453-3bf0-4298-8a83-8d5c3816df16:c2933]
2019-09-03 20:26:12,935 [grpc-default-executor-1] INFO  client.GrpcClientProtocolClient (GrpcClientProtocolClient.java:onNext(255)) - client-CB1B8AC74E59->81367453-3bf0-4298-8a83-8d5c3816df16: receive RaftClientReply:client-CB1B8AC74E59->81367453-3bf0-4298-8a83-8d5c3816df16@group-F6EC397515C5, cid=2115, SUCCESS, logIndex=2934, commits[81367453-3bf0-4298-8a83-8d5c3816df16:c2935]
2019-09-03 20:26:12,936 [grpc-default-executor-1] INFO  client.GrpcClientProtocolClient (GrpcClientProtocolClient.java:onNext(255)) - client-CB1B8AC74E59->81367453-3bf0-4298-8a83-8d5c3816df16: receive RaftClientReply:client-CB1B8AC74E59->81367453-3bf0-4298-8a83-8d5c3816df16@group-F6EC397515C5, cid=2116, SUCCESS, logIndex=2935, commits[81367453-3bf0-4298-8a83-8d5c3816df16:c2935]
2019-09-03 20:26:12,962 [grpc-default-executor-1] INFO  client.GrpcClientProtocolClient (GrpcClientProtocolClient.java:onNext(255)) - client-CB1B8AC74E59->81367453-3bf0-4298-8a83-8d5c3816df16: receive RaftClientReply:client-CB1B8AC74E59->81367453-3bf0-4298-8a83-8d5c3816df16@group-F6EC397515C5, cid=2117, SUCCESS, logIndex=2938, commits[81367453-3bf0-4298-8a83-8d5c3816df16:c2939]
2019-09-03 20:26:12,962 [grpc-default-executor-1] INFO  client.GrpcClientProtocolClient (GrpcClientProtocolClient.java:onNext(255)) - client-CB1B8AC74E59->81367453-3bf0-4298-8a83-8d5c3816df16: receive RaftClientReply:client-CB1B8AC74E59->81367453-3bf0-4298-8a83-8d5c3816df16@group-F6EC397515C5, cid=2118, SUCCESS, logIndex=2939, commits[81367453-3bf0-4298-8a83-8d5c3816df16:c2939]
2019-09-03 20:26:12,972 [grpc-default-executor-1] INFO  client.GrpcClientProtocolClient (GrpcClientProtocolClient.java:onNext(255)) - client-CB1B8AC74E59->81367453-3bf0-4298-8a83-8d5c3816df16: receive RaftClientReply:client-CB1B8AC74E59->81367453-3bf0-4298-8a83-8d5c3816df16@group-F6EC397515C5, cid=2119, SUCCESS, logIndex=2940, commits[81367453-3bf0-4298-8a83-8d5c3816df16:c2941]
2019-09-03 20:26:12,973 [grpc-default-executor-1] INFO  client.GrpcClientProtocolClient (GrpcClientProtocolClient.java:onNext(255)) - client-CB1B8AC74E59->81367453-3bf0-4298-8a83-8d5c3816df16: receive RaftClientReply:client-CB1B8AC74E59->81367453-3bf0-4298-8a83-8d5c3816df16@group-F6EC397515C5, cid=2120, SUCCESS, logIndex=2941, commits[81367453-3bf0-4298-8a83-8d5c3816df16:c2941]
2019-09-03 20:26:12,981 [SCMBlockDeletingService#0] DEBUG block.SCMBlockDeletingService (SCMBlockDeletingService.java:call(138)) - Running DeletedBlockTransactionScanner
2019-09-03 20:26:12,981 [SCMBlockDeletingService#0] DEBUG block.SCMBlockDeletingService (SCMBlockDeletingService.java:call(155)) - Scanned deleted blocks log and got 0 delTX to process.
2019-09-03 20:26:13,134 [SCMBlockDeletingService#0] DEBUG block.SCMBlockDeletingService (SCMBlockDeletingService.java:call(138)) - Running DeletedBlockTransactionScanner
2019-09-03 20:26:13,135 [SCMBlockDeletingService#0] DEBUG block.SCMBlockDeletingService (SCMBlockDeletingService.java:call(155)) - Scanned deleted blocks log and got 0 delTX to process.
2019-09-03 20:26:13,235 [SCMBlockDeletingService#0] DEBUG block.SCMBlockDeletingService (SCMBlockDeletingService.java:call(138)) - Running DeletedBlockTransactionScanner
2019-09-03 20:26:13,235 [SCMBlockDeletingService#0] DEBUG block.SCMBlockDeletingService (SCMBlockDeletingService.java:call(155)) - Scanned deleted blocks log and got 0 delTX to process.
2019-09-03 20:26:13,273 [grpc-default-executor-2] INFO  client.GrpcClientProtocolClient (GrpcClientProtocolClient.java:onNext(255)) - client-CB1B8AC74E59->81367453-3bf0-4298-8a83-8d5c3816df16: receive RaftClientReply:client-CB1B8AC74E59->81367453-3bf0-4298-8a83-8d5c3816df16@group-F6EC397515C5, cid=2121, SUCCESS, logIndex=2944, commits[81367453-3bf0-4298-8a83-8d5c3816df16:c2947]
2019-09-03 20:26:13,274 [grpc-default-executor-2] INFO  client.GrpcClientProtocolClient (GrpcClientProtocolClient.java:onNext(255)) - client-CB1B8AC74E59->81367453-3bf0-4298-8a83-8d5c3816df16: receive RaftClientReply:client-CB1B8AC74E59->81367453-3bf0-4298-8a83-8d5c3816df16@group-F6EC397515C5, cid=2122, SUCCESS, logIndex=2945, commits[81367453-3bf0-4298-8a83-8d5c3816df16:c2947]
2019-09-03 20:26:13,274 [grpc-default-executor-2] INFO  client.GrpcClientProtocolClient (GrpcClientProtocolClient.java:onNext(255)) - client-CB1B8AC74E59->81367453-3bf0-4298-8a83-8d5c3816df16: receive RaftClientReply:client-CB1B8AC74E59->81367453-3bf0-4298-8a83-8d5c3816df16@group-F6EC397515C5, cid=2123, SUCCESS, logIndex=2946, commits[81367453-3bf0-4298-8a83-8d5c3816df16:c2947]
2019-09-03 20:26:13,274 [grpc-default-executor-2] INFO  client.GrpcClientProtocolClient (GrpcClientProtocolClient.java:onNext(255)) - client-CB1B8AC74E59->81367453-3bf0-4298-8a83-8d5c3816df16: receive RaftClientReply:client-CB1B8AC74E59->81367453-3bf0-4298-8a83-8d5c3816df16@group-F6EC397515C5, cid=2124, SUCCESS, logIndex=2947, commits[81367453-3bf0-4298-8a83-8d5c3816df16:c2947]
2019-09-03 20:26:13,288 [grpc-default-executor-2] INFO  client.GrpcClientProtocolClient (GrpcClientProtocolClient.java:onNext(255)) - client-CB1B8AC74E59->81367453-3bf0-4298-8a83-8d5c3816df16: receive RaftClientReply:client-CB1B8AC74E59->81367453-3bf0-4298-8a83-8d5c3816df16@group-F6EC397515C5, cid=2125, SUCCESS, logIndex=2949, commits[81367453-3bf0-4298-8a83-8d5c3816df16:c2952]
2019-09-03 20:26:13,288 [grpc-default-executor-2] INFO  client.GrpcClientProtocolClient (GrpcClientProtocolClient.java:onNext(255)) - client-CB1B8AC74E59->81367453-3bf0-4298-8a83-8d5c3816df16: receive RaftClientReply:client-CB1B8AC74E59->81367453-3bf0-4298-8a83-8d5c3816df16@group-F6EC397515C5, cid=2126, SUCCESS, logIndex=2950, commits[81367453-3bf0-4298-8a83-8d5c3816df16:c2952]
2019-09-03 20:26:13,289 [grpc-default-executor-2] INFO  client.GrpcClientProtocolClient (GrpcClientProtocolClient.java:onNext(255)) - client-CB1B8AC74E59->81367453-3bf0-4298-8a83-8d5c3816df16: receive RaftClientReply:client-CB1B8AC74E59->81367453-3bf0-4298-8a83-8d5c3816df16@group-F6EC397515C5, cid=2127, SUCCESS, logIndex=2951, commits[81367453-3bf0-4298-8a83-8d5c3816df16:c2952]
2019-09-03 20:26:13,289 [grpc-default-executor-2] INFO  client.GrpcClientProtocolClient (GrpcClientProtocolClient.java:onNext(255)) - client-CB1B8AC74E59->81367453-3bf0-4298-8a83-8d5c3816df16: receive RaftClientReply:client-CB1B8AC74E59->81367453-3bf0-4298-8a83-8d5c3816df16@group-F6EC397515C5, cid=2128, SUCCESS, logIndex=2952, commits[81367453-3bf0-4298-8a83-8d5c3816df16:c2952]
2019-09-03 20:26:13,320 [grpc-default-executor-2] INFO  client.GrpcClientProtocolClient (GrpcClientProtocolClient.java:onNext(255)) - client-CB1B8AC74E59->81367453-3bf0-4298-8a83-8d5c3816df16: receive RaftClientReply:client-CB1B8AC74E59->81367453-3bf0-4298-8a83-8d5c3816df16@group-F6EC397515C5, cid=2129, SUCCESS, logIndex=2954, commits[81367453-3bf0-4298-8a83-8d5c3816df16:c2957]
2019-09-03 20:26:13,321 [grpc-default-executor-2] INFO  client.GrpcClientProtocolClient (GrpcClientProtocolClient.java:onNext(255)) - client-CB1B8AC74E59->81367453-3bf0-4298-8a83-8d5c3816df16: receive RaftClientReply:client-CB1B8AC74E59->81367453-3bf0-4298-8a83-8d5c3816df16@group-F6EC397515C5, cid=2130, SUCCESS, logIndex=2955, commits[81367453-3bf0-4298-8a83-8d5c3816df16:c2957]
2019-09-03 20:26:13,321 [grpc-default-executor-2] INFO  client.GrpcClientProtocolClient (GrpcClientProtocolClient.java:onNext(255)) - client-CB1B8AC74E59->81367453-3bf0-4298-8a83-8d5c3816df16: receive RaftClientReply:client-CB1B8AC74E59->81367453-3bf0-4298-8a83-8d5c3816df16@group-F6EC397515C5, cid=2131, SUCCESS, logIndex=2956, commits[81367453-3bf0-4298-8a83-8d5c3816df16:c2957]
2019-09-03 20:26:13,322 [grpc-default-executor-2] INFO  client.GrpcClientProtocolClient (GrpcClientProtocolClient.java:onNext(255)) - client-CB1B8AC74E59->81367453-3bf0-4298-8a83-8d5c3816df16: receive RaftClientReply:client-CB1B8AC74E59->81367453-3bf0-4298-8a83-8d5c3816df16@group-F6EC397515C5, cid=2132, SUCCESS, logIndex=2957, commits[81367453-3bf0-4298-8a83-8d5c3816df16:c2957]
2019-09-03 20:26:13,336 [SCMBlockDeletingService#0] DEBUG block.SCMBlockDeletingService (SCMBlockDeletingService.java:call(138)) - Running DeletedBlockTransactionScanner
2019-09-03 20:26:13,336 [SCMBlockDeletingService#0] DEBUG block.SCMBlockDeletingService (SCMBlockDeletingService.java:call(155)) - Scanned deleted blocks log and got 0 delTX to process.
2019-09-03 20:26:13,366 [grpc-default-executor-2] INFO  client.GrpcClientProtocolClient (GrpcClientProtocolClient.java:onNext(255)) - client-CB1B8AC74E59->81367453-3bf0-4298-8a83-8d5c3816df16: receive RaftClientReply:client-CB1B8AC74E59->81367453-3bf0-4298-8a83-8d5c3816df16@group-F6EC397515C5, cid=2133, SUCCESS, logIndex=2959, commits[81367453-3bf0-4298-8a83-8d5c3816df16:c2962]
2019-09-03 20:26:13,366 [grpc-default-executor-2] INFO  client.GrpcClientProtocolClient (GrpcClientProtocolClient.java:onNext(255)) - client-CB1B8AC74E59->81367453-3bf0-4298-8a83-8d5c3816df16: receive RaftClientReply:client-CB1B8AC74E59->81367453-3bf0-4298-8a83-8d5c3816df16@group-F6EC397515C5, cid=2134, SUCCESS, logIndex=2960, commits[81367453-3bf0-4298-8a83-8d5c3816df16:c2962]
2019-09-03 20:26:13,367 [grpc-default-executor-2] INFO  client.GrpcClientProtocolClient (GrpcClientProtocolClient.java:onNext(255)) - client-CB1B8AC74E59->81367453-3bf0-4298-8a83-8d5c3816df16: receive RaftClientReply:client-CB1B8AC74E59->81367453-3bf0-4298-8a83-8d5c3816df16@group-F6EC397515C5, cid=2135, SUCCESS, logIndex=2961, commits[81367453-3bf0-4298-8a83-8d5c3816df16:c2962]
2019-09-03 20:26:13,367 [grpc-default-executor-2] INFO  client.GrpcClientProtocolClient (GrpcClientProtocolClient.java:onNext(255)) - client-CB1B8AC74E59->81367453-3bf0-4298-8a83-8d5c3816df16: receive RaftClientReply:client-CB1B8AC74E59->81367453-3bf0-4298-8a83-8d5c3816df16@group-F6EC397515C5, cid=2136, SUCCESS, logIndex=2962, commits[81367453-3bf0-4298-8a83-8d5c3816df16:c2962]
2019-09-03 20:26:13,425 [grpc-default-executor-2] INFO  client.GrpcClientProtocolClient (GrpcClientProtocolClient.java:onNext(255)) - client-CB1B8AC74E59->81367453-3bf0-4298-8a83-8d5c3816df16: receive RaftClientReply:client-CB1B8AC74E59->81367453-3bf0-4298-8a83-8d5c3816df16@group-F6EC397515C5, cid=2137, SUCCESS, logIndex=2964, commits[81367453-3bf0-4298-8a83-8d5c3816df16:c2967]
2019-09-03 20:26:13,426 [grpc-default-executor-2] INFO  client.GrpcClientProtocolClient (GrpcClientProtocolClient.java:onNext(255)) - client-CB1B8AC74E59->81367453-3bf0-4298-8a83-8d5c3816df16: receive RaftClientReply:client-CB1B8AC74E59->81367453-3bf0-4298-8a83-8d5c3816df16@group-F6EC397515C5, cid=2138, SUCCESS, logIndex=2965, commits[81367453-3bf0-4298-8a83-8d5c3816df16:c2967]
2019-09-03 20:26:13,426 [grpc-default-executor-2] INFO  client.GrpcClientProtocolClient (GrpcClientProtocolClient.java:onNext(255)) - client-CB1B8AC74E59->81367453-3bf0-4298-8a83-8d5c3816df16: receive RaftClientReply:client-CB1B8AC74E59->81367453-3bf0-4298-8a83-8d5c3816df16@group-F6EC397515C5, cid=2139, SUCCESS, logIndex=2966, commits[81367453-3bf0-4298-8a83-8d5c3816df16:c2967]
2019-09-03 20:26:13,427 [grpc-default-executor-2] INFO  client.GrpcClientProtocolClient (GrpcClientProtocolClient.java:onNext(255)) - client-CB1B8AC74E59->81367453-3bf0-4298-8a83-8d5c3816df16: receive RaftClientReply:client-CB1B8AC74E59->81367453-3bf0-4298-8a83-8d5c3816df16@group-F6EC397515C5, cid=2140, SUCCESS, logIndex=2967, commits[81367453-3bf0-4298-8a83-8d5c3816df16:c2967]
2019-09-03 20:26:13,436 [SCMBlockDeletingService#0] DEBUG block.SCMBlockDeletingService (SCMBlockDeletingService.java:call(138)) - Running DeletedBlockTransactionScanner
2019-09-03 20:26:13,437 [SCMBlockDeletingService#0] DEBUG block.SCMBlockDeletingService (SCMBlockDeletingService.java:call(155)) - Scanned deleted blocks log and got 0 delTX to process.
2019-09-03 20:26:13,451 [grpc-default-executor-1] INFO  client.GrpcClientProtocolClient (GrpcClientProtocolClient.java:onNext(255)) - client-CB1B8AC74E59->81367453-3bf0-4298-8a83-8d5c3816df16: receive RaftClientReply:client-CB1B8AC74E59->81367453-3bf0-4298-8a83-8d5c3816df16@group-F6EC397515C5, cid=2141, SUCCESS, logIndex=2969, commits[81367453-3bf0-4298-8a83-8d5c3816df16:c2970]
2019-09-03 20:26:13,453 [grpc-default-executor-1] INFO  client.GrpcClientProtocolClient (GrpcClientProtocolClient.java:onNext(255)) - client-CB1B8AC74E59->81367453-3bf0-4298-8a83-8d5c3816df16: receive RaftClientReply:client-CB1B8AC74E59->81367453-3bf0-4298-8a83-8d5c3816df16@group-F6EC397515C5, cid=2142, SUCCESS, logIndex=2970, commits[81367453-3bf0-4298-8a83-8d5c3816df16:c2970]
2019-09-03 20:26:13,462 [grpc-default-executor-1] INFO  client.GrpcClientProtocolClient (GrpcClientProtocolClient.java:onNext(255)) - client-CB1B8AC74E59->81367453-3bf0-4298-8a83-8d5c3816df16: receive RaftClientReply:client-CB1B8AC74E59->81367453-3bf0-4298-8a83-8d5c3816df16@group-F6EC397515C5, cid=2143, SUCCESS, logIndex=2971, commits[81367453-3bf0-4298-8a83-8d5c3816df16:c2972]
2019-09-03 20:26:13,463 [grpc-default-executor-1] INFO  client.GrpcClientProtocolClient (GrpcClientProtocolClient.java:onNext(255)) - client-CB1B8AC74E59->81367453-3bf0-4298-8a83-8d5c3816df16: receive RaftClientReply:client-CB1B8AC74E59->81367453-3bf0-4298-8a83-8d5c3816df16@group-F6EC397515C5, cid=2144, SUCCESS, logIndex=2972, commits[81367453-3bf0-4298-8a83-8d5c3816df16:c2972]
2019-09-03 20:26:13,501 [grpc-default-executor-1] INFO  client.GrpcClientProtocolClient (GrpcClientProtocolClient.java:onNext(255)) - client-CB1B8AC74E59->81367453-3bf0-4298-8a83-8d5c3816df16: receive RaftClientReply:client-CB1B8AC74E59->81367453-3bf0-4298-8a83-8d5c3816df16@group-F6EC397515C5, cid=2145, SUCCESS, logIndex=2975, commits[81367453-3bf0-4298-8a83-8d5c3816df16:c2978]
2019-09-03 20:26:13,503 [grpc-default-executor-1] INFO  client.GrpcClientProtocolClient (GrpcClientProtocolClient.java:onNext(255)) - client-CB1B8AC74E59->81367453-3bf0-4298-8a83-8d5c3816df16: receive RaftClientReply:client-CB1B8AC74E59->81367453-3bf0-4298-8a83-8d5c3816df16@group-F6EC397515C5, cid=2146, SUCCESS, logIndex=2976, commits[81367453-3bf0-4298-8a83-8d5c3816df16:c2978]
2019-09-03 20:26:13,503 [grpc-default-executor-1] INFO  client.GrpcClientProtocolClient (GrpcClientProtocolClient.java:onNext(255)) - client-CB1B8AC74E59->81367453-3bf0-4298-8a83-8d5c3816df16: receive RaftClientReply:client-CB1B8AC74E59->81367453-3bf0-4298-8a83-8d5c3816df16@group-F6EC397515C5, cid=2147, SUCCESS, logIndex=2977, commits[81367453-3bf0-4298-8a83-8d5c3816df16:c2978]
2019-09-03 20:26:13,503 [grpc-default-executor-1] INFO  client.GrpcClientProtocolClient (GrpcClientProtocolClient.java:onNext(255)) - client-CB1B8AC74E59->81367453-3bf0-4298-8a83-8d5c3816df16: receive RaftClientReply:client-CB1B8AC74E59->81367453-3bf0-4298-8a83-8d5c3816df16@group-F6EC397515C5, cid=2148, SUCCESS, logIndex=2978, commits[81367453-3bf0-4298-8a83-8d5c3816df16:c2978]
2019-09-03 20:26:13,532 [grpc-default-executor-1] INFO  client.GrpcClientProtocolClient (GrpcClientProtocolClient.java:onNext(255)) - client-CB1B8AC74E59->81367453-3bf0-4298-8a83-8d5c3816df16: receive RaftClientReply:client-CB1B8AC74E59->81367453-3bf0-4298-8a83-8d5c3816df16@group-F6EC397515C5, cid=2149, SUCCESS, logIndex=2980, commits[81367453-3bf0-4298-8a83-8d5c3816df16:c2983]
2019-09-03 20:26:13,533 [grpc-default-executor-1] INFO  client.GrpcClientProtocolClient (GrpcClientProtocolClient.java:onNext(255)) - client-CB1B8AC74E59->81367453-3bf0-4298-8a83-8d5c3816df16: receive RaftClientReply:client-CB1B8AC74E59->81367453-3bf0-4298-8a83-8d5c3816df16@group-F6EC397515C5, cid=2150, SUCCESS, logIndex=2981, commits[81367453-3bf0-4298-8a83-8d5c3816df16:c2983]
2019-09-03 20:26:13,533 [grpc-default-executor-1] INFO  client.GrpcClientProtocolClient (GrpcClientProtocolClient.java:onNext(255)) - client-CB1B8AC74E59->81367453-3bf0-4298-8a83-8d5c3816df16: receive RaftClientReply:client-CB1B8AC74E59->81367453-3bf0-4298-8a83-8d5c3816df16@group-F6EC397515C5, cid=2151, SUCCESS, logIndex=2982, commits[81367453-3bf0-4298-8a83-8d5c3816df16:c2983]
2019-09-03 20:26:13,534 [grpc-default-executor-1] INFO  client.GrpcClientProtocolClient (GrpcClientProtocolClient.java:onNext(255)) - client-CB1B8AC74E59->81367453-3bf0-4298-8a83-8d5c3816df16: receive RaftClientReply:client-CB1B8AC74E59->81367453-3bf0-4298-8a83-8d5c3816df16@group-F6EC397515C5, cid=2152, SUCCESS, logIndex=2983, commits[81367453-3bf0-4298-8a83-8d5c3816df16:c2983]
2019-09-03 20:26:13,537 [SCMBlockDeletingService#0] DEBUG block.SCMBlockDeletingService (SCMBlockDeletingService.java:call(138)) - Running DeletedBlockTransactionScanner
2019-09-03 20:26:13,537 [SCMBlockDeletingService#0] DEBUG block.SCMBlockDeletingService (SCMBlockDeletingService.java:call(155)) - Scanned deleted blocks log and got 0 delTX to process.
2019-09-03 20:26:13,558 [grpc-default-executor-2] INFO  client.GrpcClientProtocolClient (GrpcClientProtocolClient.java:onNext(255)) - client-CB1B8AC74E59->81367453-3bf0-4298-8a83-8d5c3816df16: receive RaftClientReply:client-CB1B8AC74E59->81367453-3bf0-4298-8a83-8d5c3816df16@group-F6EC397515C5, cid=2153, SUCCESS, logIndex=2985, commits[81367453-3bf0-4298-8a83-8d5c3816df16:c2986]
2019-09-03 20:26:13,559 [grpc-default-executor-2] INFO  client.GrpcClientProtocolClient (GrpcClientProtocolClient.java:onNext(255)) - client-CB1B8AC74E59->81367453-3bf0-4298-8a83-8d5c3816df16: receive RaftClientReply:client-CB1B8AC74E59->81367453-3bf0-4298-8a83-8d5c3816df16@group-F6EC397515C5, cid=2154, SUCCESS, logIndex=2986, commits[81367453-3bf0-4298-8a83-8d5c3816df16:c2986]
2019-09-03 20:26:13,564 [grpc-default-executor-2] INFO  client.GrpcClientProtocolClient (GrpcClientProtocolClient.java:onNext(255)) - client-CB1B8AC74E59->81367453-3bf0-4298-8a83-8d5c3816df16: receive RaftClientReply:client-CB1B8AC74E59->81367453-3bf0-4298-8a83-8d5c3816df16@group-F6EC397515C5, cid=2155, SUCCESS, logIndex=2987, commits[81367453-3bf0-4298-8a83-8d5c3816df16:c2988]
2019-09-03 20:26:13,564 [grpc-default-executor-2] INFO  client.GrpcClientProtocolClient (GrpcClientProtocolClient.java:onNext(255)) - client-CB1B8AC74E59->81367453-3bf0-4298-8a83-8d5c3816df16: receive RaftClientReply:client-CB1B8AC74E59->81367453-3bf0-4298-8a83-8d5c3816df16@group-F6EC397515C5, cid=2156, SUCCESS, logIndex=2988, commits[81367453-3bf0-4298-8a83-8d5c3816df16:c2988]
2019-09-03 20:26:13,580 [grpc-default-executor-1] INFO  client.GrpcClientProtocolClient (GrpcClientProtocolClient.java:onNext(255)) - client-CB1B8AC74E59->81367453-3bf0-4298-8a83-8d5c3816df16: receive RaftClientReply:client-CB1B8AC74E59->81367453-3bf0-4298-8a83-8d5c3816df16@group-F6EC397515C5, cid=2157, SUCCESS, logIndex=2991, commits[81367453-3bf0-4298-8a83-8d5c3816df16:c2994]
2019-09-03 20:26:13,580 [grpc-default-executor-1] INFO  client.GrpcClientProtocolClient (GrpcClientProtocolClient.java:onNext(255)) - client-CB1B8AC74E59->81367453-3bf0-4298-8a83-8d5c3816df16: receive RaftClientReply:client-CB1B8AC74E59->81367453-3bf0-4298-8a83-8d5c3816df16@group-F6EC397515C5, cid=2158, SUCCESS, logIndex=2992, commits[81367453-3bf0-4298-8a83-8d5c3816df16:c2994]
2019-09-03 20:26:13,581 [grpc-default-executor-1] INFO  client.GrpcClientProtocolClient (GrpcClientProtocolClient.java:onNext(255)) - client-CB1B8AC74E59->81367453-3bf0-4298-8a83-8d5c3816df16: receive RaftClientReply:client-CB1B8AC74E59->81367453-3bf0-4298-8a83-8d5c3816df16@group-F6EC397515C5, cid=2159, SUCCESS, logIndex=2993, commits[81367453-3bf0-4298-8a83-8d5c3816df16:c2994]
2019-09-03 20:26:13,581 [grpc-default-executor-1] INFO  client.GrpcClientProtocolClient (GrpcClientProtocolClient.java:onNext(255)) - client-CB1B8AC74E59->81367453-3bf0-4298-8a83-8d5c3816df16: receive RaftClientReply:client-CB1B8AC74E59->81367453-3bf0-4298-8a83-8d5c3816df16@group-F6EC397515C5, cid=2160, SUCCESS, logIndex=2994, commits[81367453-3bf0-4298-8a83-8d5c3816df16:c2994]
2019-09-03 20:26:13,612 [grpc-default-executor-1] INFO  client.GrpcClientProtocolClient (GrpcClientProtocolClient.java:onNext(255)) - client-CB1B8AC74E59->81367453-3bf0-4298-8a83-8d5c3816df16: receive RaftClientReply:client-CB1B8AC74E59->81367453-3bf0-4298-8a83-8d5c3816df16@group-F6EC397515C5, cid=2161, SUCCESS, logIndex=2996, commits[81367453-3bf0-4298-8a83-8d5c3816df16:c2999]
2019-09-03 20:26:13,612 [grpc-default-executor-1] INFO  client.GrpcClientProtocolClient (GrpcClientProtocolClient.java:onNext(255)) - client-CB1B8AC74E59->81367453-3bf0-4298-8a83-8d5c3816df16: receive RaftClientReply:client-CB1B8AC74E59->81367453-3bf0-4298-8a83-8d5c3816df16@group-F6EC397515C5, cid=2162, SUCCESS, logIndex=2997, commits[81367453-3bf0-4298-8a83-8d5c3816df16:c2999]
2019-09-03 20:26:13,613 [grpc-default-executor-1] INFO  client.GrpcClientProtocolClient (GrpcClientProtocolClient.java:onNext(255)) - client-CB1B8AC74E59->81367453-3bf0-4298-8a83-8d5c3816df16: receive RaftClientReply:client-CB1B8AC74E59->81367453-3bf0-4298-8a83-8d5c3816df16@group-F6EC397515C5, cid=2163, SUCCESS, logIndex=2998, commits[81367453-3bf0-4298-8a83-8d5c3816df16:c2999]
2019-09-03 20:26:13,613 [grpc-default-executor-1] INFO  client.GrpcClientProtocolClient (GrpcClientProtocolClient.java:onNext(255)) - client-CB1B8AC74E59->81367453-3bf0-4298-8a83-8d5c3816df16: receive RaftClientReply:client-CB1B8AC74E59->81367453-3bf0-4298-8a83-8d5c3816df16@group-F6EC397515C5, cid=2164, SUCCESS, logIndex=2999, commits[81367453-3bf0-4298-8a83-8d5c3816df16:c2999]
2019-09-03 20:26:13,638 [SCMBlockDeletingService#0] DEBUG block.SCMBlockDeletingService (SCMBlockDeletingService.java:call(138)) - Running DeletedBlockTransactionScanner
2019-09-03 20:26:13,639 [SCMBlockDeletingService#0] DEBUG block.SCMBlockDeletingService (SCMBlockDeletingService.java:call(155)) - Scanned deleted blocks log and got 0 delTX to process.
2019-09-03 20:26:13,643 [grpc-default-executor-1] INFO  client.GrpcClientProtocolClient (GrpcClientProtocolClient.java:onNext(255)) - client-CB1B8AC74E59->81367453-3bf0-4298-8a83-8d5c3816df16: receive RaftClientReply:client-CB1B8AC74E59->81367453-3bf0-4298-8a83-8d5c3816df16@group-F6EC397515C5, cid=2165, SUCCESS, logIndex=3001, commits[81367453-3bf0-4298-8a83-8d5c3816df16:c3002]
2019-09-03 20:26:13,644 [grpc-default-executor-1] INFO  client.GrpcClientProtocolClient (GrpcClientProtocolClient.java:onNext(255)) - client-CB1B8AC74E59->81367453-3bf0-4298-8a83-8d5c3816df16: receive RaftClientReply:client-CB1B8AC74E59->81367453-3bf0-4298-8a83-8d5c3816df16@group-F6EC397515C5, cid=2166, SUCCESS, logIndex=3002, commits[81367453-3bf0-4298-8a83-8d5c3816df16:c3002]
2019-09-03 20:26:13,720 [grpc-default-executor-1] INFO  client.GrpcClientProtocolClient (GrpcClientProtocolClient.java:onNext(255)) - client-CB1B8AC74E59->81367453-3bf0-4298-8a83-8d5c3816df16: receive RaftClientReply:client-CB1B8AC74E59->81367453-3bf0-4298-8a83-8d5c3816df16@group-F6EC397515C5, cid=2167, SUCCESS, logIndex=3004, commits[81367453-3bf0-4298-8a83-8d5c3816df16:c3005]
2019-09-03 20:26:13,721 [grpc-default-executor-1] INFO  client.GrpcClientProtocolClient (GrpcClientProtocolClient.java:onNext(255)) - client-CB1B8AC74E59->81367453-3bf0-4298-8a83-8d5c3816df16: receive RaftClientReply:client-CB1B8AC74E59->81367453-3bf0-4298-8a83-8d5c3816df16@group-F6EC397515C5, cid=2168, SUCCESS, logIndex=3005, commits[81367453-3bf0-4298-8a83-8d5c3816df16:c3005]
2019-09-03 20:26:13,739 [SCMBlockDeletingService#0] DEBUG block.SCMBlockDeletingService (SCMBlockDeletingService.java:call(138)) - Running DeletedBlockTransactionScanner
2019-09-03 20:26:13,739 [SCMBlockDeletingService#0] DEBUG block.SCMBlockDeletingService (SCMBlockDeletingService.java:call(155)) - Scanned deleted blocks log and got 0 delTX to process.
2019-09-03 20:26:13,752 [grpc-default-executor-1] INFO  client.GrpcClientProtocolClient (GrpcClientProtocolClient.java:onNext(255)) - client-CB1B8AC74E59->81367453-3bf0-4298-8a83-8d5c3816df16: receive RaftClientReply:client-CB1B8AC74E59->81367453-3bf0-4298-8a83-8d5c3816df16@group-F6EC397515C5, cid=2169, SUCCESS, logIndex=3007, commits[81367453-3bf0-4298-8a83-8d5c3816df16:c3010]
2019-09-03 20:26:13,753 [grpc-default-executor-1] INFO  client.GrpcClientProtocolClient (GrpcClientProtocolClient.java:onNext(255)) - client-CB1B8AC74E59->81367453-3bf0-4298-8a83-8d5c3816df16: receive RaftClientReply:client-CB1B8AC74E59->81367453-3bf0-4298-8a83-8d5c3816df16@group-F6EC397515C5, cid=2170, SUCCESS, logIndex=3008, commits[81367453-3bf0-4298-8a83-8d5c3816df16:c3010]
2019-09-03 20:26:13,753 [grpc-default-executor-1] INFO  client.GrpcClientProtocolClient (GrpcClientProtocolClient.java:onNext(255)) - client-CB1B8AC74E59->81367453-3bf0-4298-8a83-8d5c3816df16: receive RaftClientReply:client-CB1B8AC74E59->81367453-3bf0-4298-8a83-8d5c3816df16@group-F6EC397515C5, cid=2171, SUCCESS, logIndex=3009, commits[81367453-3bf0-4298-8a83-8d5c3816df16:c3010]
2019-09-03 20:26:13,753 [grpc-default-executor-1] INFO  client.GrpcClientProtocolClient (GrpcClientProtocolClient.java:onNext(255)) - client-CB1B8AC74E59->81367453-3bf0-4298-8a83-8d5c3816df16: receive RaftClientReply:client-CB1B8AC74E59->81367453-3bf0-4298-8a83-8d5c3816df16@group-F6EC397515C5, cid=2172, SUCCESS, logIndex=3010, commits[81367453-3bf0-4298-8a83-8d5c3816df16:c3010]
2019-09-03 20:26:13,775 [grpc-default-executor-1] INFO  client.GrpcClientProtocolClient (GrpcClientProtocolClient.java:onNext(255)) - client-CB1B8AC74E59->81367453-3bf0-4298-8a83-8d5c3816df16: receive RaftClientReply:client-CB1B8AC74E59->81367453-3bf0-4298-8a83-8d5c3816df16@group-F6EC397515C5, cid=2173, SUCCESS, logIndex=3012, commits[81367453-3bf0-4298-8a83-8d5c3816df16:c3015]
2019-09-03 20:26:13,775 [grpc-default-executor-1] INFO  client.GrpcClientProtocolClient (GrpcClientProtocolClient.java:onNext(255)) - client-CB1B8AC74E59->81367453-3bf0-4298-8a83-8d5c3816df16: receive RaftClientReply:client-CB1B8AC74E59->81367453-3bf0-4298-8a83-8d5c3816df16@group-F6EC397515C5, cid=2174, SUCCESS, logIndex=3013, commits[81367453-3bf0-4298-8a83-8d5c3816df16:c3015]
2019-09-03 20:26:13,776 [grpc-default-executor-1] INFO  client.GrpcClientProtocolClient (GrpcClientProtocolClient.java:onNext(255)) - client-CB1B8AC74E59->81367453-3bf0-4298-8a83-8d5c3816df16: receive RaftClientReply:client-CB1B8AC74E59->81367453-3bf0-4298-8a83-8d5c3816df16@group-F6EC397515C5, cid=2175, SUCCESS, logIndex=3014, commits[81367453-3bf0-4298-8a83-8d5c3816df16:c3015]
2019-09-03 20:26:13,776 [grpc-default-executor-1] INFO  client.GrpcClientProtocolClient (GrpcClientProtocolClient.java:onNext(255)) - client-CB1B8AC74E59->81367453-3bf0-4298-8a83-8d5c3816df16: receive RaftClientReply:client-CB1B8AC74E59->81367453-3bf0-4298-8a83-8d5c3816df16@group-F6EC397515C5, cid=2176, SUCCESS, logIndex=3015, commits[81367453-3bf0-4298-8a83-8d5c3816df16:c3015]
2019-09-03 20:26:13,809 [grpc-default-executor-1] INFO  client.GrpcClientProtocolClient (GrpcClientProtocolClient.java:onNext(255)) - client-CB1B8AC74E59->81367453-3bf0-4298-8a83-8d5c3816df16: receive RaftClientReply:client-CB1B8AC74E59->81367453-3bf0-4298-8a83-8d5c3816df16@group-F6EC397515C5, cid=2177, SUCCESS, logIndex=3017, commits[81367453-3bf0-4298-8a83-8d5c3816df16:c3020]
2019-09-03 20:26:13,809 [grpc-default-executor-1] INFO  client.GrpcClientProtocolClient (GrpcClientProtocolClient.java:onNext(255)) - client-CB1B8AC74E59->81367453-3bf0-4298-8a83-8d5c3816df16: receive RaftClientReply:client-CB1B8AC74E59->81367453-3bf0-4298-8a83-8d5c3816df16@group-F6EC397515C5, cid=2178, SUCCESS, logIndex=3018, commits[81367453-3bf0-4298-8a83-8d5c3816df16:c3020]
2019-09-03 20:26:13,810 [grpc-default-executor-1] INFO  client.GrpcClientProtocolClient (GrpcClientProtocolClient.java:onNext(255)) - client-CB1B8AC74E59->81367453-3bf0-4298-8a83-8d5c3816df16: receive RaftClientReply:client-CB1B8AC74E59->81367453-3bf0-4298-8a83-8d5c3816df16@group-F6EC397515C5, cid=2179, SUCCESS, logIndex=3019, commits[81367453-3bf0-4298-8a83-8d5c3816df16:c3020]
2019-09-03 20:26:13,810 [grpc-default-executor-1] INFO  client.GrpcClientProtocolClient (GrpcClientProtocolClient.java:onNext(255)) - client-CB1B8AC74E59->81367453-3bf0-4298-8a83-8d5c3816df16: receive RaftClientReply:client-CB1B8AC74E59->81367453-3bf0-4298-8a83-8d5c3816df16@group-F6EC397515C5, cid=2180, SUCCESS, logIndex=3020, commits[81367453-3bf0-4298-8a83-8d5c3816df16:c3020]
2019-09-03 20:26:13,837 [grpc-default-executor-2] INFO  client.GrpcClientProtocolClient (GrpcClientProtocolClient.java:onNext(255)) - client-CB1B8AC74E59->81367453-3bf0-4298-8a83-8d5c3816df16: receive RaftClientReply:client-CB1B8AC74E59->81367453-3bf0-4298-8a83-8d5c3816df16@group-F6EC397515C5, cid=2181, SUCCESS, logIndex=3022, commits[81367453-3bf0-4298-8a83-8d5c3816df16:c3025]
2019-09-03 20:26:13,838 [grpc-default-executor-2] INFO  client.GrpcClientProtocolClient (GrpcClientProtocolClient.java:onNext(255)) - client-CB1B8AC74E59->81367453-3bf0-4298-8a83-8d5c3816df16: receive RaftClientReply:client-CB1B8AC74E59->81367453-3bf0-4298-8a83-8d5c3816df16@group-F6EC397515C5, cid=2182, SUCCESS, logIndex=3023, commits[81367453-3bf0-4298-8a83-8d5c3816df16:c3025]
2019-09-03 20:26:13,838 [grpc-default-executor-2] INFO  client.GrpcClientProtocolClient (GrpcClientProtocolClient.java:onNext(255)) - client-CB1B8AC74E59->81367453-3bf0-4298-8a83-8d5c3816df16: receive RaftClientReply:client-CB1B8AC74E59->81367453-3bf0-4298-8a83-8d5c3816df16@group-F6EC397515C5, cid=2183, SUCCESS, logIndex=3024, commits[81367453-3bf0-4298-8a83-8d5c3816df16:c3025]
2019-09-03 20:26:13,838 [grpc-default-executor-2] INFO  client.GrpcClientProtocolClient (GrpcClientProtocolClient.java:onNext(255)) - client-CB1B8AC74E59->81367453-3bf0-4298-8a83-8d5c3816df16: receive RaftClientReply:client-CB1B8AC74E59->81367453-3bf0-4298-8a83-8d5c3816df16@group-F6EC397515C5, cid=2184, SUCCESS, logIndex=3025, commits[81367453-3bf0-4298-8a83-8d5c3816df16:c3025]
2019-09-03 20:26:13,840 [SCMBlockDeletingService#1] DEBUG block.SCMBlockDeletingService (SCMBlockDeletingService.java:call(138)) - Running DeletedBlockTransactionScanner
2019-09-03 20:26:13,840 [SCMBlockDeletingService#1] DEBUG block.SCMBlockDeletingService (SCMBlockDeletingService.java:call(155)) - Scanned deleted blocks log and got 0 delTX to process.
2019-09-03 20:26:13,858 [grpc-default-executor-2] INFO  client.GrpcClientProtocolClient (GrpcClientProtocolClient.java:onNext(255)) - client-CB1B8AC74E59->81367453-3bf0-4298-8a83-8d5c3816df16: receive RaftClientReply:client-CB1B8AC74E59->81367453-3bf0-4298-8a83-8d5c3816df16@group-F6EC397515C5, cid=2185, SUCCESS, logIndex=3027, commits[81367453-3bf0-4298-8a83-8d5c3816df16:c3030]
2019-09-03 20:26:13,859 [grpc-default-executor-2] INFO  client.GrpcClientProtocolClient (GrpcClientProtocolClient.java:onNext(255)) - client-CB1B8AC74E59->81367453-3bf0-4298-8a83-8d5c3816df16: receive RaftClientReply:client-CB1B8AC74E59->81367453-3bf0-4298-8a83-8d5c3816df16@group-F6EC397515C5, cid=2186, SUCCESS, logIndex=3028, commits[81367453-3bf0-4298-8a83-8d5c3816df16:c3030]
2019-09-03 20:26:13,859 [grpc-default-executor-2] INFO  client.GrpcClientProtocolClient (GrpcClientProtocolClient.java:onNext(255)) - client-CB1B8AC74E59->81367453-3bf0-4298-8a83-8d5c3816df16: receive RaftClientReply:client-CB1B8AC74E59->81367453-3bf0-4298-8a83-8d5c3816df16@group-F6EC397515C5, cid=2187, SUCCESS, logIndex=3029, commits[81367453-3bf0-4298-8a83-8d5c3816df16:c3030]
2019-09-03 20:26:13,859 [grpc-default-executor-2] INFO  client.GrpcClientProtocolClient (GrpcClientProtocolClient.java:onNext(255)) - client-CB1B8AC74E59->81367453-3bf0-4298-8a83-8d5c3816df16: receive RaftClientReply:client-CB1B8AC74E59->81367453-3bf0-4298-8a83-8d5c3816df16@group-F6EC397515C5, cid=2188, SUCCESS, logIndex=3030, commits[81367453-3bf0-4298-8a83-8d5c3816df16:c3030]
2019-09-03 20:26:13,875 [grpc-default-executor-2] INFO  client.GrpcClientProtocolClient (GrpcClientProtocolClient.java:onNext(255)) - client-CB1B8AC74E59->81367453-3bf0-4298-8a83-8d5c3816df16: receive RaftClientReply:client-CB1B8AC74E59->81367453-3bf0-4298-8a83-8d5c3816df16@group-F6EC397515C5, cid=2189, SUCCESS, logIndex=3032, commits[81367453-3bf0-4298-8a83-8d5c3816df16:c3035]
2019-09-03 20:26:13,876 [grpc-default-executor-2] INFO  client.GrpcClientProtocolClient (GrpcClientProtocolClient.java:onNext(255)) - client-CB1B8AC74E59->81367453-3bf0-4298-8a83-8d5c3816df16: receive RaftClientReply:client-CB1B8AC74E59->81367453-3bf0-4298-8a83-8d5c3816df16@group-F6EC397515C5, cid=2190, SUCCESS, logIndex=3033, commits[81367453-3bf0-4298-8a83-8d5c3816df16:c3035]
2019-09-03 20:26:13,876 [grpc-default-executor-2] INFO  client.GrpcClientProtocolClient (GrpcClientProtocolClient.java:onNext(255)) - client-CB1B8AC74E59->81367453-3bf0-4298-8a83-8d5c3816df16: receive RaftClientReply:client-CB1B8AC74E59->81367453-3bf0-4298-8a83-8d5c3816df16@group-F6EC397515C5, cid=2191, SUCCESS, logIndex=3034, commits[81367453-3bf0-4298-8a83-8d5c3816df16:c3035]
2019-09-03 20:26:13,876 [grpc-default-executor-2] INFO  client.GrpcClientProtocolClient (GrpcClientProtocolClient.java:onNext(255)) - client-CB1B8AC74E59->81367453-3bf0-4298-8a83-8d5c3816df16: receive RaftClientReply:client-CB1B8AC74E59->81367453-3bf0-4298-8a83-8d5c3816df16@group-F6EC397515C5, cid=2192, SUCCESS, logIndex=3035, commits[81367453-3bf0-4298-8a83-8d5c3816df16:c3035]
2019-09-03 20:26:13,903 [grpc-default-executor-2] INFO  client.GrpcClientProtocolClient (GrpcClientProtocolClient.java:onNext(255)) - client-CB1B8AC74E59->81367453-3bf0-4298-8a83-8d5c3816df16: receive RaftClientReply:client-CB1B8AC74E59->81367453-3bf0-4298-8a83-8d5c3816df16@group-F6EC397515C5, cid=2193, SUCCESS, logIndex=3037, commits[81367453-3bf0-4298-8a83-8d5c3816df16:c3040]
2019-09-03 20:26:13,904 [grpc-default-executor-2] INFO  client.GrpcClientProtocolClient (GrpcClientProtocolClient.java:onNext(255)) - client-CB1B8AC74E59->81367453-3bf0-4298-8a83-8d5c3816df16: receive RaftClientReply:client-CB1B8AC74E59->81367453-3bf0-4298-8a83-8d5c3816df16@group-F6EC397515C5, cid=2194, SUCCESS, logIndex=3038, commits[81367453-3bf0-4298-8a83-8d5c3816df16:c3040]
2019-09-03 20:26:13,904 [grpc-default-executor-2] INFO  client.GrpcClientProtocolClient (GrpcClientProtocolClient.java:onNext(255)) - client-CB1B8AC74E59->81367453-3bf0-4298-8a83-8d5c3816df16: receive RaftClientReply:client-CB1B8AC74E59->81367453-3bf0-4298-8a83-8d5c3816df16@group-F6EC397515C5, cid=2195, SUCCESS, logIndex=3039, commits[81367453-3bf0-4298-8a83-8d5c3816df16:c3040]
2019-09-03 20:26:13,904 [grpc-default-executor-2] INFO  client.GrpcClientProtocolClient (GrpcClientProtocolClient.java:onNext(255)) - client-CB1B8AC74E59->81367453-3bf0-4298-8a83-8d5c3816df16: receive RaftClientReply:client-CB1B8AC74E59->81367453-3bf0-4298-8a83-8d5c3816df16@group-F6EC397515C5, cid=2196, SUCCESS, logIndex=3040, commits[81367453-3bf0-4298-8a83-8d5c3816df16:c3040]
2019-09-03 20:26:13,940 [SCMBlockDeletingService#1] DEBUG block.SCMBlockDeletingService (SCMBlockDeletingService.java:call(138)) - Running DeletedBlockTransactionScanner
2019-09-03 20:26:13,940 [SCMBlockDeletingService#1] DEBUG block.SCMBlockDeletingService (SCMBlockDeletingService.java:call(155)) - Scanned deleted blocks log and got 0 delTX to process.
2019-09-03 20:26:13,945 [grpc-default-executor-1] INFO  client.GrpcClientProtocolClient (GrpcClientProtocolClient.java:onNext(255)) - client-CB1B8AC74E59->81367453-3bf0-4298-8a83-8d5c3816df16: receive RaftClientReply:client-CB1B8AC74E59->81367453-3bf0-4298-8a83-8d5c3816df16@group-F6EC397515C5, cid=2197, SUCCESS, logIndex=3042, commits[81367453-3bf0-4298-8a83-8d5c3816df16:c3045]
2019-09-03 20:26:13,945 [grpc-default-executor-1] INFO  client.GrpcClientProtocolClient (GrpcClientProtocolClient.java:onNext(255)) - client-CB1B8AC74E59->81367453-3bf0-4298-8a83-8d5c3816df16: receive RaftClientReply:client-CB1B8AC74E59->81367453-3bf0-4298-8a83-8d5c3816df16@group-F6EC397515C5, cid=2198, SUCCESS, logIndex=3043, commits[81367453-3bf0-4298-8a83-8d5c3816df16:c3045]
2019-09-03 20:26:13,945 [grpc-default-executor-1] INFO  client.GrpcClientProtocolClient (GrpcClientProtocolClient.java:onNext(255)) - client-CB1B8AC74E59->81367453-3bf0-4298-8a83-8d5c3816df16: receive RaftClientReply:client-CB1B8AC74E59->81367453-3bf0-4298-8a83-8d5c3816df16@group-F6EC397515C5, cid=2199, SUCCESS, logIndex=3044, commits[81367453-3bf0-4298-8a83-8d5c3816df16:c3045]
2019-09-03 20:26:13,946 [grpc-default-executor-1] INFO  client.GrpcClientProtocolClient (GrpcClientProtocolClient.java:onNext(255)) - client-CB1B8AC74E59->81367453-3bf0-4298-8a83-8d5c3816df16: receive RaftClientReply:client-CB1B8AC74E59->81367453-3bf0-4298-8a83-8d5c3816df16@group-F6EC397515C5, cid=2200, SUCCESS, logIndex=3045, commits[81367453-3bf0-4298-8a83-8d5c3816df16:c3045]
2019-09-03 20:26:13,985 [grpc-default-executor-1] INFO  client.GrpcClientProtocolClient (GrpcClientProtocolClient.java:onNext(255)) - client-CB1B8AC74E59->81367453-3bf0-4298-8a83-8d5c3816df16: receive RaftClientReply:client-CB1B8AC74E59->81367453-3bf0-4298-8a83-8d5c3816df16@group-F6EC397515C5, cid=2201, SUCCESS, logIndex=3047, commits[81367453-3bf0-4298-8a83-8d5c3816df16:c3050]
2019-09-03 20:26:13,985 [grpc-default-executor-1] INFO  client.GrpcClientProtocolClient (GrpcClientProtocolClient.java:onNext(255)) - client-CB1B8AC74E59->81367453-3bf0-4298-8a83-8d5c3816df16: receive RaftClientReply:client-CB1B8AC74E59->81367453-3bf0-4298-8a83-8d5c3816df16@group-F6EC397515C5, cid=2202, SUCCESS, logIndex=3048, commits[81367453-3bf0-4298-8a83-8d5c3816df16:c3050]
2019-09-03 20:26:13,985 [grpc-default-executor-1] INFO  client.GrpcClientProtocolClient (GrpcClientProtocolClient.java:onNext(255)) - client-CB1B8AC74E59->81367453-3bf0-4298-8a83-8d5c3816df16: receive RaftClientReply:client-CB1B8AC74E59->81367453-3bf0-4298-8a83-8d5c3816df16@group-F6EC397515C5, cid=2203, SUCCESS, logIndex=3049, commits[81367453-3bf0-4298-8a83-8d5c3816df16:c3050]
2019-09-03 20:26:13,986 [grpc-default-executor-1] INFO  client.GrpcClientProtocolClient (GrpcClientProtocolClient.java:onNext(255)) - client-CB1B8AC74E59->81367453-3bf0-4298-8a83-8d5c3816df16: receive RaftClientReply:client-CB1B8AC74E59->81367453-3bf0-4298-8a83-8d5c3816df16@group-F6EC397515C5, cid=2204, SUCCESS, logIndex=3050, commits[81367453-3bf0-4298-8a83-8d5c3816df16:c3050]
2019-09-03 20:26:14,001 [grpc-default-executor-1] INFO  client.GrpcClientProtocolClient (GrpcClientProtocolClient.java:onNext(255)) - client-CB1B8AC74E59->81367453-3bf0-4298-8a83-8d5c3816df16: receive RaftClientReply:client-CB1B8AC74E59->81367453-3bf0-4298-8a83-8d5c3816df16@group-F6EC397515C5, cid=2205, SUCCESS, logIndex=3052, commits[81367453-3bf0-4298-8a83-8d5c3816df16:c3055]
2019-09-03 20:26:14,002 [grpc-default-executor-1] INFO  client.GrpcClientProtocolClient (GrpcClientProtocolClient.java:onNext(255)) - client-CB1B8AC74E59->81367453-3bf0-4298-8a83-8d5c3816df16: receive RaftClientReply:client-CB1B8AC74E59->81367453-3bf0-4298-8a83-8d5c3816df16@group-F6EC397515C5, cid=2206, SUCCESS, logIndex=3053, commits[81367453-3bf0-4298-8a83-8d5c3816df16:c3055]
2019-09-03 20:26:14,002 [grpc-default-executor-1] INFO  client.GrpcClientProtocolClient (GrpcClientProtocolClient.java:onNext(255)) - client-CB1B8AC74E59->81367453-3bf0-4298-8a83-8d5c3816df16: receive RaftClientReply:client-CB1B8AC74E59->81367453-3bf0-4298-8a83-8d5c3816df16@group-F6EC397515C5, cid=2207, SUCCESS, logIndex=3054, commits[81367453-3bf0-4298-8a83-8d5c3816df16:c3056]
2019-09-03 20:26:14,002 [grpc-default-executor-1] INFO  client.GrpcClientProtocolClient (GrpcClientProtocolClient.java:onNext(255)) - client-CB1B8AC74E59->81367453-3bf0-4298-8a83-8d5c3816df16: receive RaftClientReply:client-CB1B8AC74E59->81367453-3bf0-4298-8a83-8d5c3816df16@group-F6EC397515C5, cid=2208, SUCCESS, logIndex=3055, commits[81367453-3bf0-4298-8a83-8d5c3816df16:c3056]
2019-09-03 20:26:14,094 [SCMBlockDeletingService#1] DEBUG block.SCMBlockDeletingService (SCMBlockDeletingService.java:call(138)) - Running DeletedBlockTransactionScanner
2019-09-03 20:26:14,094 [SCMBlockDeletingService#1] DEBUG block.SCMBlockDeletingService (SCMBlockDeletingService.java:call(155)) - Scanned deleted blocks log and got 0 delTX to process.
2019-09-03 20:26:14,110 [grpc-default-executor-2] INFO  client.GrpcClientProtocolClient (GrpcClientProtocolClient.java:onNext(255)) - client-CB1B8AC74E59->81367453-3bf0-4298-8a83-8d5c3816df16: receive RaftClientReply:client-CB1B8AC74E59->81367453-3bf0-4298-8a83-8d5c3816df16@group-F6EC397515C5, cid=2209, SUCCESS, logIndex=3057, commits[81367453-3bf0-4298-8a83-8d5c3816df16:c3058]
2019-09-03 20:26:14,110 [grpc-default-executor-2] INFO  client.GrpcClientProtocolClient (GrpcClientProtocolClient.java:onNext(255)) - client-CB1B8AC74E59->81367453-3bf0-4298-8a83-8d5c3816df16: receive RaftClientReply:client-CB1B8AC74E59->81367453-3bf0-4298-8a83-8d5c3816df16@group-F6EC397515C5, cid=2210, SUCCESS, logIndex=3058, commits[81367453-3bf0-4298-8a83-8d5c3816df16:c3058]
2019-09-03 20:26:14,195 [SCMBlockDeletingService#1] DEBUG block.SCMBlockDeletingService (SCMBlockDeletingService.java:call(138)) - Running DeletedBlockTransactionScanner
2019-09-03 20:26:14,195 [SCMBlockDeletingService#1] DEBUG block.SCMBlockDeletingService (SCMBlockDeletingService.java:call(155)) - Scanned deleted blocks log and got 0 delTX to process.
2019-09-03 20:26:14,230 [grpc-default-executor-1] INFO  client.GrpcClientProtocolClient (GrpcClientProtocolClient.java:onNext(255)) - client-CB1B8AC74E59->81367453-3bf0-4298-8a83-8d5c3816df16: receive RaftClientReply:client-CB1B8AC74E59->81367453-3bf0-4298-8a83-8d5c3816df16@group-F6EC397515C5, cid=2211, SUCCESS, logIndex=3060, commits[81367453-3bf0-4298-8a83-8d5c3816df16:c3061]
2019-09-03 20:26:14,231 [grpc-default-executor-1] INFO  client.GrpcClientProtocolClient (GrpcClientProtocolClient.java:onNext(255)) - client-CB1B8AC74E59->81367453-3bf0-4298-8a83-8d5c3816df16: receive RaftClientReply:client-CB1B8AC74E59->81367453-3bf0-4298-8a83-8d5c3816df16@group-F6EC397515C5, cid=2212, SUCCESS, logIndex=3061, commits[81367453-3bf0-4298-8a83-8d5c3816df16:c3061]
2019-09-03 20:26:14,250 [grpc-default-executor-1] INFO  client.GrpcClientProtocolClient (GrpcClientProtocolClient.java:onNext(255)) - client-CB1B8AC74E59->81367453-3bf0-4298-8a83-8d5c3816df16: receive RaftClientReply:client-CB1B8AC74E59->81367453-3bf0-4298-8a83-8d5c3816df16@group-F6EC397515C5, cid=2213, SUCCESS, logIndex=3063, commits[81367453-3bf0-4298-8a83-8d5c3816df16:c3066]
2019-09-03 20:26:14,251 [grpc-default-executor-1] INFO  client.GrpcClientProtocolClient (GrpcClientProtocolClient.java:onNext(255)) - client-CB1B8AC74E59->81367453-3bf0-4298-8a83-8d5c3816df16: receive RaftClientReply:client-CB1B8AC74E59->81367453-3bf0-4298-8a83-8d5c3816df16@group-F6EC397515C5, cid=2214, SUCCESS, logIndex=3064, commits[81367453-3bf0-4298-8a83-8d5c3816df16:c3066]
2019-09-03 20:26:14,251 [grpc-default-executor-1] INFO  client.GrpcClientProtocolClient (GrpcClientProtocolClient.java:onNext(255)) - client-CB1B8AC74E59->81367453-3bf0-4298-8a83-8d5c3816df16: receive RaftClientReply:client-CB1B8AC74E59->81367453-3bf0-4298-8a83-8d5c3816df16@group-F6EC397515C5, cid=2215, SUCCESS, logIndex=3065, commits[81367453-3bf0-4298-8a83-8d5c3816df16:c3066]
2019-09-03 20:26:14,251 [grpc-default-executor-1] INFO  client.GrpcClientProtocolClient (GrpcClientProtocolClient.java:onNext(255)) - client-CB1B8AC74E59->81367453-3bf0-4298-8a83-8d5c3816df16: receive RaftClientReply:client-CB1B8AC74E59->81367453-3bf0-4298-8a83-8d5c3816df16@group-F6EC397515C5, cid=2216, SUCCESS, logIndex=3066, commits[81367453-3bf0-4298-8a83-8d5c3816df16:c3066]
2019-09-03 20:26:14,274 [grpc-default-executor-2] INFO  client.GrpcClientProtocolClient (GrpcClientProtocolClient.java:onNext(255)) - client-CB1B8AC74E59->81367453-3bf0-4298-8a83-8d5c3816df16: receive RaftClientReply:client-CB1B8AC74E59->81367453-3bf0-4298-8a83-8d5c3816df16@group-F6EC397515C5, cid=2217, SUCCESS, logIndex=3068, commits[81367453-3bf0-4298-8a83-8d5c3816df16:c3071]
2019-09-03 20:26:14,274 [grpc-default-executor-2] INFO  client.GrpcClientProtocolClient (GrpcClientProtocolClient.java:onNext(255)) - client-CB1B8AC74E59->81367453-3bf0-4298-8a83-8d5c3816df16: receive RaftClientReply:client-CB1B8AC74E59->81367453-3bf0-4298-8a83-8d5c3816df16@group-F6EC397515C5, cid=2218, SUCCESS, logIndex=3069, commits[81367453-3bf0-4298-8a83-8d5c3816df16:c3071]
2019-09-03 20:26:14,274 [grpc-default-executor-2] INFO  client.GrpcClientProtocolClient (GrpcClientProtocolClient.java:onNext(255)) - client-CB1B8AC74E59->81367453-3bf0-4298-8a83-8d5c3816df16: receive RaftClientReply:client-CB1B8AC74E59->81367453-3bf0-4298-8a83-8d5c3816df16@group-F6EC397515C5, cid=2219, SUCCESS, logIndex=3070, commits[81367453-3bf0-4298-8a83-8d5c3816df16:c3071]
2019-09-03 20:26:14,275 [grpc-default-executor-2] INFO  client.GrpcClientProtocolClient (GrpcClientProtocolClient.java:onNext(255)) - client-CB1B8AC74E59->81367453-3bf0-4298-8a83-8d5c3816df16: receive RaftClientReply:client-CB1B8AC74E59->81367453-3bf0-4298-8a83-8d5c3816df16@group-F6EC397515C5, cid=2220, SUCCESS, logIndex=3071, commits[81367453-3bf0-4298-8a83-8d5c3816df16:c3071]
2019-09-03 20:26:14,295 [SCMBlockDeletingService#1] DEBUG block.SCMBlockDeletingService (SCMBlockDeletingService.java:call(138)) - Running DeletedBlockTransactionScanner
2019-09-03 20:26:14,296 [SCMBlockDeletingService#1] DEBUG block.SCMBlockDeletingService (SCMBlockDeletingService.java:call(155)) - Scanned deleted blocks log and got 0 delTX to process.
2019-09-03 20:26:14,296 [grpc-default-executor-1] INFO  client.GrpcClientProtocolClient (GrpcClientProtocolClient.java:onNext(255)) - client-CB1B8AC74E59->81367453-3bf0-4298-8a83-8d5c3816df16: receive RaftClientReply:client-CB1B8AC74E59->81367453-3bf0-4298-8a83-8d5c3816df16@group-F6EC397515C5, cid=2221, SUCCESS, logIndex=3073, commits[81367453-3bf0-4298-8a83-8d5c3816df16:c3076]
2019-09-03 20:26:14,297 [grpc-default-executor-1] INFO  client.GrpcClientProtocolClient (GrpcClientProtocolClient.java:onNext(255)) - client-CB1B8AC74E59->81367453-3bf0-4298-8a83-8d5c3816df16: receive RaftClientReply:client-CB1B8AC74E59->81367453-3bf0-4298-8a83-8d5c3816df16@group-F6EC397515C5, cid=2222, SUCCESS, logIndex=3074, commits[81367453-3bf0-4298-8a83-8d5c3816df16:c3076]
2019-09-03 20:26:14,297 [grpc-default-executor-1] INFO  client.GrpcClientProtocolClient (GrpcClientProtocolClient.java:onNext(255)) - client-CB1B8AC74E59->81367453-3bf0-4298-8a83-8d5c3816df16: receive RaftClientReply:client-CB1B8AC74E59->81367453-3bf0-4298-8a83-8d5c3816df16@group-F6EC397515C5, cid=2223, SUCCESS, logIndex=3075, commits[81367453-3bf0-4298-8a83-8d5c3816df16:c3076]
2019-09-03 20:26:14,297 [grpc-default-executor-1] INFO  client.GrpcClientProtocolClient (GrpcClientProtocolClient.java:onNext(255)) - client-CB1B8AC74E59->81367453-3bf0-4298-8a83-8d5c3816df16: receive RaftClientReply:client-CB1B8AC74E59->81367453-3bf0-4298-8a83-8d5c3816df16@group-F6EC397515C5, cid=2224, SUCCESS, logIndex=3076, commits[81367453-3bf0-4298-8a83-8d5c3816df16:c3076]
2019-09-03 20:26:14,323 [grpc-default-executor-1] INFO  client.GrpcClientProtocolClient (GrpcClientProtocolClient.java:onNext(255)) - client-CB1B8AC74E59->81367453-3bf0-4298-8a83-8d5c3816df16: receive RaftClientReply:client-CB1B8AC74E59->81367453-3bf0-4298-8a83-8d5c3816df16@group-F6EC397515C5, cid=2225, SUCCESS, logIndex=3078, commits[81367453-3bf0-4298-8a83-8d5c3816df16:c3081]
2019-09-03 20:26:14,324 [grpc-default-executor-1] INFO  client.GrpcClientProtocolClient (GrpcClientProtocolClient.java:onNext(255)) - client-CB1B8AC74E59->81367453-3bf0-4298-8a83-8d5c3816df16: receive RaftClientReply:client-CB1B8AC74E59->81367453-3bf0-4298-8a83-8d5c3816df16@group-F6EC397515C5, cid=2226, SUCCESS, logIndex=3079, commits[81367453-3bf0-4298-8a83-8d5c3816df16:c3081]
2019-09-03 20:26:14,324 [grpc-default-executor-1] INFO  client.GrpcClientProtocolClient (GrpcClientProtocolClient.java:onNext(255)) - client-CB1B8AC74E59->81367453-3bf0-4298-8a83-8d5c3816df16: receive RaftClientReply:client-CB1B8AC74E59->81367453-3bf0-4298-8a83-8d5c3816df16@group-F6EC397515C5, cid=2227, SUCCESS, logIndex=3080, commits[81367453-3bf0-4298-8a83-8d5c3816df16:c3081]
2019-09-03 20:26:14,324 [grpc-default-executor-1] INFO  client.GrpcClientProtocolClient (GrpcClientProtocolClient.java:onNext(255)) - client-CB1B8AC74E59->81367453-3bf0-4298-8a83-8d5c3816df16: receive RaftClientReply:client-CB1B8AC74E59->81367453-3bf0-4298-8a83-8d5c3816df16@group-F6EC397515C5, cid=2228, SUCCESS, logIndex=3081, commits[81367453-3bf0-4298-8a83-8d5c3816df16:c3081]
2019-09-03 20:26:14,345 [grpc-default-executor-2] INFO  client.GrpcClientProtocolClient (GrpcClientProtocolClient.java:onNext(255)) - client-CB1B8AC74E59->81367453-3bf0-4298-8a83-8d5c3816df16: receive RaftClientReply:client-CB1B8AC74E59->81367453-3bf0-4298-8a83-8d5c3816df16@group-F6EC397515C5, cid=2229, SUCCESS, logIndex=3083, commits[81367453-3bf0-4298-8a83-8d5c3816df16:c3086]
2019-09-03 20:26:14,346 [grpc-default-executor-2] INFO  client.GrpcClientProtocolClient (GrpcClientProtocolClient.java:onNext(255)) - client-CB1B8AC74E59->81367453-3bf0-4298-8a83-8d5c3816df16: receive RaftClientReply:client-CB1B8AC74E59->81367453-3bf0-4298-8a83-8d5c3816df16@group-F6EC397515C5, cid=2230, SUCCESS, logIndex=3084, commits[81367453-3bf0-4298-8a83-8d5c3816df16:c3086]
2019-09-03 20:26:14,346 [grpc-default-executor-2] INFO  client.GrpcClientProtocolClient (GrpcClientProtocolClient.java:onNext(255)) - client-CB1B8AC74E59->81367453-3bf0-4298-8a83-8d5c3816df16: receive RaftClientReply:client-CB1B8AC74E59->81367453-3bf0-4298-8a83-8d5c3816df16@group-F6EC397515C5, cid=2231, SUCCESS, logIndex=3085, commits[81367453-3bf0-4298-8a83-8d5c3816df16:c3086]
2019-09-03 20:26:14,346 [grpc-default-executor-2] INFO  client.GrpcClientProtocolClient (GrpcClientProtocolClient.java:onNext(255)) - client-CB1B8AC74E59->81367453-3bf0-4298-8a83-8d5c3816df16: receive RaftClientReply:client-CB1B8AC74E59->81367453-3bf0-4298-8a83-8d5c3816df16@group-F6EC397515C5, cid=2232, SUCCESS, logIndex=3086, commits[81367453-3bf0-4298-8a83-8d5c3816df16:c3086]
2019-09-03 20:26:14,363 [grpc-default-executor-2] INFO  client.GrpcClientProtocolClient (GrpcClientProtocolClient.java:onNext(255)) - client-CB1B8AC74E59->81367453-3bf0-4298-8a83-8d5c3816df16: receive RaftClientReply:client-CB1B8AC74E59->81367453-3bf0-4298-8a83-8d5c3816df16@group-F6EC397515C5, cid=2233, SUCCESS, logIndex=3088, commits[81367453-3bf0-4298-8a83-8d5c3816df16:c3089]
2019-09-03 20:26:14,364 [grpc-default-executor-2] INFO  client.GrpcClientProtocolClient (GrpcClientProtocolClient.java:onNext(255)) - client-CB1B8AC74E59->81367453-3bf0-4298-8a83-8d5c3816df16: receive RaftClientReply:client-CB1B8AC74E59->81367453-3bf0-4298-8a83-8d5c3816df16@group-F6EC397515C5, cid=2234, SUCCESS, logIndex=3089, commits[81367453-3bf0-4298-8a83-8d5c3816df16:c3089]
2019-09-03 20:26:14,374 [grpc-default-executor-2] INFO  client.GrpcClientProtocolClient (GrpcClientProtocolClient.java:onNext(255)) - client-CB1B8AC74E59->81367453-3bf0-4298-8a83-8d5c3816df16: receive RaftClientReply:client-CB1B8AC74E59->81367453-3bf0-4298-8a83-8d5c3816df16@group-F6EC397515C5, cid=2235, SUCCESS, logIndex=3090, commits[81367453-3bf0-4298-8a83-8d5c3816df16:c3091]
2019-09-03 20:26:14,374 [grpc-default-executor-2] INFO  client.GrpcClientProtocolClient (GrpcClientProtocolClient.java:onNext(255)) - client-CB1B8AC74E59->81367453-3bf0-4298-8a83-8d5c3816df16: receive RaftClientReply:client-CB1B8AC74E59->81367453-3bf0-4298-8a83-8d5c3816df16@group-F6EC397515C5, cid=2236, SUCCESS, logIndex=3091, commits[81367453-3bf0-4298-8a83-8d5c3816df16:c3091]
2019-09-03 20:26:14,391 [grpc-default-executor-2] INFO  client.GrpcClientProtocolClient (GrpcClientProtocolClient.java:onNext(255)) - client-CB1B8AC74E59->81367453-3bf0-4298-8a83-8d5c3816df16: receive RaftClientReply:client-CB1B8AC74E59->81367453-3bf0-4298-8a83-8d5c3816df16@group-F6EC397515C5, cid=2237, SUCCESS, logIndex=3094, commits[81367453-3bf0-4298-8a83-8d5c3816df16:c3097]
2019-09-03 20:26:14,391 [grpc-default-executor-2] INFO  client.GrpcClientProtocolClient (GrpcClientProtocolClient.java:onNext(255)) - client-CB1B8AC74E59->81367453-3bf0-4298-8a83-8d5c3816df16: receive RaftClientReply:client-CB1B8AC74E59->81367453-3bf0-4298-8a83-8d5c3816df16@group-F6EC397515C5, cid=2238, SUCCESS, logIndex=3095, commits[81367453-3bf0-4298-8a83-8d5c3816df16:c3097]
2019-09-03 20:26:14,391 [grpc-default-executor-2] INFO  client.GrpcClientProtocolClient (GrpcClientProtocolClient.java:onNext(255)) - client-CB1B8AC74E59->81367453-3bf0-4298-8a83-8d5c3816df16: receive RaftClientReply:client-CB1B8AC74E59->81367453-3bf0-4298-8a83-8d5c3816df16@group-F6EC397515C5, cid=2239, SUCCESS, logIndex=3096, commits[81367453-3bf0-4298-8a83-8d5c3816df16:c3097]
2019-09-03 20:26:14,391 [grpc-default-executor-2] INFO  client.GrpcClientProtocolClient (GrpcClientProtocolClient.java:onNext(255)) - client-CB1B8AC74E59->81367453-3bf0-4298-8a83-8d5c3816df16: receive RaftClientReply:client-CB1B8AC74E59->81367453-3bf0-4298-8a83-8d5c3816df16@group-F6EC397515C5, cid=2240, SUCCESS, logIndex=3097, commits[81367453-3bf0-4298-8a83-8d5c3816df16:c3097]
2019-09-03 20:26:14,396 [SCMBlockDeletingService#1] DEBUG block.SCMBlockDeletingService (SCMBlockDeletingService.java:call(138)) - Running DeletedBlockTransactionScanner
2019-09-03 20:26:14,396 [SCMBlockDeletingService#1] DEBUG block.SCMBlockDeletingService (SCMBlockDeletingService.java:call(155)) - Scanned deleted blocks log and got 0 delTX to process.
2019-09-03 20:26:14,412 [grpc-default-executor-1] INFO  client.GrpcClientProtocolClient (GrpcClientProtocolClient.java:onNext(255)) - client-CB1B8AC74E59->81367453-3bf0-4298-8a83-8d5c3816df16: receive RaftClientReply:client-CB1B8AC74E59->81367453-3bf0-4298-8a83-8d5c3816df16@group-F6EC397515C5, cid=2241, SUCCESS, logIndex=3099, commits[81367453-3bf0-4298-8a83-8d5c3816df16:c3102]
2019-09-03 20:26:14,413 [grpc-default-executor-1] INFO  client.GrpcClientProtocolClient (GrpcClientProtocolClient.java:onNext(255)) - client-CB1B8AC74E59->81367453-3bf0-4298-8a83-8d5c3816df16: receive RaftClientReply:client-CB1B8AC74E59->81367453-3bf0-4298-8a83-8d5c3816df16@group-F6EC397515C5, cid=2242, SUCCESS, logIndex=3100, commits[81367453-3bf0-4298-8a83-8d5c3816df16:c3102]
2019-09-03 20:26:14,413 [grpc-default-executor-1] INFO  client.GrpcClientProtocolClient (GrpcClientProtocolClient.java:onNext(255)) - client-CB1B8AC74E59->81367453-3bf0-4298-8a83-8d5c3816df16: receive RaftClientReply:client-CB1B8AC74E59->81367453-3bf0-4298-8a83-8d5c3816df16@group-F6EC397515C5, cid=2243, SUCCESS, logIndex=3101, commits[81367453-3bf0-4298-8a83-8d5c3816df16:c3102]
2019-09-03 20:26:14,413 [grpc-default-executor-1] INFO  client.GrpcClientProtocolClient (GrpcClientProtocolClient.java:onNext(255)) - client-CB1B8AC74E59->81367453-3bf0-4298-8a83-8d5c3816df16: receive RaftClientReply:client-CB1B8AC74E59->81367453-3bf0-4298-8a83-8d5c3816df16@group-F6EC397515C5, cid=2244, SUCCESS, logIndex=3102, commits[81367453-3bf0-4298-8a83-8d5c3816df16:c3102]
2019-09-03 20:26:14,427 [grpc-default-executor-1] INFO  client.GrpcClientProtocolClient (GrpcClientProtocolClient.java:onNext(255)) - client-CB1B8AC74E59->81367453-3bf0-4298-8a83-8d5c3816df16: receive RaftClientReply:client-CB1B8AC74E59->81367453-3bf0-4298-8a83-8d5c3816df16@group-F6EC397515C5, cid=2245, SUCCESS, logIndex=3104, commits[81367453-3bf0-4298-8a83-8d5c3816df16:c3107]
2019-09-03 20:26:14,427 [grpc-default-executor-1] INFO  client.GrpcClientProtocolClient (GrpcClientProtocolClient.java:onNext(255)) - client-CB1B8AC74E59->81367453-3bf0-4298-8a83-8d5c3816df16: receive RaftClientReply:client-CB1B8AC74E59->81367453-3bf0-4298-8a83-8d5c3816df16@group-F6EC397515C5, cid=2246, SUCCESS, logIndex=3105, commits[81367453-3bf0-4298-8a83-8d5c3816df16:c3107]
2019-09-03 20:26:14,427 [grpc-default-executor-1] INFO  client.GrpcClientProtocolClient (GrpcClientProtocolClient.java:onNext(255)) - client-CB1B8AC74E59->81367453-3bf0-4298-8a83-8d5c3816df16: receive RaftClientReply:client-CB1B8AC74E59->81367453-3bf0-4298-8a83-8d5c3816df16@group-F6EC397515C5, cid=2247, SUCCESS, logIndex=3106, commits[81367453-3bf0-4298-8a83-8d5c3816df16:c3107]
2019-09-03 20:26:14,428 [grpc-default-executor-1] INFO  client.GrpcClientProtocolClient (GrpcClientProtocolClient.java:onNext(255)) - client-CB1B8AC74E59->81367453-3bf0-4298-8a83-8d5c3816df16: receive RaftClientReply:client-CB1B8AC74E59->81367453-3bf0-4298-8a83-8d5c3816df16@group-F6EC397515C5, cid=2248, SUCCESS, logIndex=3107, commits[81367453-3bf0-4298-8a83-8d5c3816df16:c3107]
2019-09-03 20:26:14,455 [grpc-default-executor-1] INFO  client.GrpcClientProtocolClient (GrpcClientProtocolClient.java:onNext(255)) - client-CB1B8AC74E59->81367453-3bf0-4298-8a83-8d5c3816df16: receive RaftClientReply:client-CB1B8AC74E59->81367453-3bf0-4298-8a83-8d5c3816df16@group-F6EC397515C5, cid=2249, SUCCESS, logIndex=3109, commits[81367453-3bf0-4298-8a83-8d5c3816df16:c3112]
2019-09-03 20:26:14,456 [grpc-default-executor-1] INFO  client.GrpcClientProtocolClient (GrpcClientProtocolClient.java:onNext(255)) - client-CB1B8AC74E59->81367453-3bf0-4298-8a83-8d5c3816df16: receive RaftClientReply:client-CB1B8AC74E59->81367453-3bf0-4298-8a83-8d5c3816df16@group-F6EC397515C5, cid=2250, SUCCESS, logIndex=3110, commits[81367453-3bf0-4298-8a83-8d5c3816df16:c3112]
2019-09-03 20:26:14,456 [grpc-default-executor-1] INFO  client.GrpcClientProtocolClient (GrpcClientProtocolClient.java:onNext(255)) - client-CB1B8AC74E59->81367453-3bf0-4298-8a83-8d5c3816df16: receive RaftClientReply:client-CB1B8AC74E59->81367453-3bf0-4298-8a83-8d5c3816df16@group-F6EC397515C5, cid=2251, SUCCESS, logIndex=3111, commits[81367453-3bf0-4298-8a83-8d5c3816df16:c3112]
2019-09-03 20:26:14,456 [grpc-default-executor-1] INFO  client.GrpcClientProtocolClient (GrpcClientProtocolClient.java:onNext(255)) - client-CB1B8AC74E59->81367453-3bf0-4298-8a83-8d5c3816df16: receive RaftClientReply:client-CB1B8AC74E59->81367453-3bf0-4298-8a83-8d5c3816df16@group-F6EC397515C5, cid=2252, SUCCESS, logIndex=3112, commits[81367453-3bf0-4298-8a83-8d5c3816df16:c3112]
2019-09-03 20:26:14,477 [grpc-default-executor-2] INFO  client.GrpcClientProtocolClient (GrpcClientProtocolClient.java:onNext(255)) - client-CB1B8AC74E59->81367453-3bf0-4298-8a83-8d5c3816df16: receive RaftClientReply:client-CB1B8AC74E59->81367453-3bf0-4298-8a83-8d5c3816df16@group-F6EC397515C5, cid=2253, SUCCESS, logIndex=3114, commits[81367453-3bf0-4298-8a83-8d5c3816df16:c3115]
2019-09-03 20:26:14,477 [grpc-default-executor-2] INFO  client.GrpcClientProtocolClient (GrpcClientProtocolClient.java:onNext(255)) - client-CB1B8AC74E59->81367453-3bf0-4298-8a83-8d5c3816df16: receive RaftClientReply:client-CB1B8AC74E59->81367453-3bf0-4298-8a83-8d5c3816df16@group-F6EC397515C5, cid=2254, SUCCESS, logIndex=3115, commits[81367453-3bf0-4298-8a83-8d5c3816df16:c3115]
2019-09-03 20:26:14,496 [SCMBlockDeletingService#1] DEBUG block.SCMBlockDeletingService (SCMBlockDeletingService.java:call(138)) - Running DeletedBlockTransactionScanner
2019-09-03 20:26:14,496 [SCMBlockDeletingService#1] DEBUG block.SCMBlockDeletingService (SCMBlockDeletingService.java:call(155)) - Scanned deleted blocks log and got 0 delTX to process.
2019-09-03 20:26:14,564 [grpc-default-executor-1] INFO  client.GrpcClientProtocolClient (GrpcClientProtocolClient.java:onNext(255)) - client-CB1B8AC74E59->81367453-3bf0-4298-8a83-8d5c3816df16: receive RaftClientReply:client-CB1B8AC74E59->81367453-3bf0-4298-8a83-8d5c3816df16@group-F6EC397515C5, cid=2255, SUCCESS, logIndex=3117, commits[81367453-3bf0-4298-8a83-8d5c3816df16:c3118]
2019-09-03 20:26:14,565 [grpc-default-executor-1] INFO  client.GrpcClientProtocolClient (GrpcClientProtocolClient.java:onNext(255)) - client-CB1B8AC74E59->81367453-3bf0-4298-8a83-8d5c3816df16: receive RaftClientReply:client-CB1B8AC74E59->81367453-3bf0-4298-8a83-8d5c3816df16@group-F6EC397515C5, cid=2256, SUCCESS, logIndex=3118, commits[81367453-3bf0-4298-8a83-8d5c3816df16:c3118]
2019-09-03 20:26:14,595 [grpc-default-executor-2] INFO  client.GrpcClientProtocolClient (GrpcClientProtocolClient.java:onNext(255)) - client-CB1B8AC74E59->81367453-3bf0-4298-8a83-8d5c3816df16: receive RaftClientReply:client-CB1B8AC74E59->81367453-3bf0-4298-8a83-8d5c3816df16@group-F6EC397515C5, cid=2257, SUCCESS, logIndex=3120, commits[81367453-3bf0-4298-8a83-8d5c3816df16:c3123]
2019-09-03 20:26:14,596 [grpc-default-executor-2] INFO  client.GrpcClientProtocolClient (GrpcClientProtocolClient.java:onNext(255)) - client-CB1B8AC74E59->81367453-3bf0-4298-8a83-8d5c3816df16: receive RaftClientReply:client-CB1B8AC74E59->81367453-3bf0-4298-8a83-8d5c3816df16@group-F6EC397515C5, cid=2258, SUCCESS, logIndex=3121, commits[81367453-3bf0-4298-8a83-8d5c3816df16:c3123]
2019-09-03 20:26:14,596 [grpc-default-executor-2] INFO  client.GrpcClientProtocolClient (GrpcClientProtocolClient.java:onNext(255)) - client-CB1B8AC74E59->81367453-3bf0-4298-8a83-8d5c3816df16: receive RaftClientReply:client-CB1B8AC74E59->81367453-3bf0-4298-8a83-8d5c3816df16@group-F6EC397515C5, cid=2259, SUCCESS, logIndex=3122, commits[81367453-3bf0-4298-8a83-8d5c3816df16:c3123]
2019-09-03 20:26:14,596 [grpc-default-executor-2] INFO  client.GrpcClientProtocolClient (GrpcClientProtocolClient.java:onNext(255)) - client-CB1B8AC74E59->81367453-3bf0-4298-8a83-8d5c3816df16: receive RaftClientReply:client-CB1B8AC74E59->81367453-3bf0-4298-8a83-8d5c3816df16@group-F6EC397515C5, cid=2260, SUCCESS, logIndex=3123, commits[81367453-3bf0-4298-8a83-8d5c3816df16:c3123]
2019-09-03 20:26:14,597 [SCMBlockDeletingService#1] DEBUG block.SCMBlockDeletingService (SCMBlockDeletingService.java:call(138)) - Running DeletedBlockTransactionScanner
2019-09-03 20:26:14,597 [SCMBlockDeletingService#1] DEBUG block.SCMBlockDeletingService (SCMBlockDeletingService.java:call(155)) - Scanned deleted blocks log and got 0 delTX to process.
2019-09-03 20:26:14,635 [grpc-default-executor-2] INFO  client.GrpcClientProtocolClient (GrpcClientProtocolClient.java:onNext(255)) - client-CB1B8AC74E59->81367453-3bf0-4298-8a83-8d5c3816df16: receive RaftClientReply:client-CB1B8AC74E59->81367453-3bf0-4298-8a83-8d5c3816df16@group-F6EC397515C5, cid=2261, SUCCESS, logIndex=3125, commits[81367453-3bf0-4298-8a83-8d5c3816df16:c3128]
2019-09-03 20:26:14,636 [grpc-default-executor-2] INFO  client.GrpcClientProtocolClient (GrpcClientProtocolClient.java:onNext(255)) - client-CB1B8AC74E59->81367453-3bf0-4298-8a83-8d5c3816df16: receive RaftClientReply:client-CB1B8AC74E59->81367453-3bf0-4298-8a83-8d5c3816df16@group-F6EC397515C5, cid=2262, SUCCESS, logIndex=3126, commits[81367453-3bf0-4298-8a83-8d5c3816df16:c3128]
2019-09-03 20:26:14,636 [grpc-default-executor-2] INFO  client.GrpcClientProtocolClient (GrpcClientProtocolClient.java:onNext(255)) - client-CB1B8AC74E59->81367453-3bf0-4298-8a83-8d5c3816df16: receive RaftClientReply:client-CB1B8AC74E59->81367453-3bf0-4298-8a83-8d5c3816df16@group-F6EC397515C5, cid=2263, SUCCESS, logIndex=3127, commits[81367453-3bf0-4298-8a83-8d5c3816df16:c3128]
2019-09-03 20:26:14,636 [grpc-default-executor-2] INFO  client.GrpcClientProtocolClient (GrpcClientProtocolClient.java:onNext(255)) - client-CB1B8AC74E59->81367453-3bf0-4298-8a83-8d5c3816df16: receive RaftClientReply:client-CB1B8AC74E59->81367453-3bf0-4298-8a83-8d5c3816df16@group-F6EC397515C5, cid=2264, SUCCESS, logIndex=3128, commits[81367453-3bf0-4298-8a83-8d5c3816df16:c3128]
2019-09-03 20:26:14,659 [grpc-default-executor-2] INFO  client.GrpcClientProtocolClient (GrpcClientProtocolClient.java:onNext(255)) - client-CB1B8AC74E59->81367453-3bf0-4298-8a83-8d5c3816df16: receive RaftClientReply:client-CB1B8AC74E59->81367453-3bf0-4298-8a83-8d5c3816df16@group-F6EC397515C5, cid=2265, SUCCESS, logIndex=3130, commits[81367453-3bf0-4298-8a83-8d5c3816df16:c3131]
2019-09-03 20:26:14,660 [grpc-default-executor-2] INFO  client.GrpcClientProtocolClient (GrpcClientProtocolClient.java:onNext(255)) - client-CB1B8AC74E59->81367453-3bf0-4298-8a83-8d5c3816df16: receive RaftClientReply:client-CB1B8AC74E59->81367453-3bf0-4298-8a83-8d5c3816df16@group-F6EC397515C5, cid=2266, SUCCESS, logIndex=3131, commits[81367453-3bf0-4298-8a83-8d5c3816df16:c3131]
2019-09-03 20:26:14,668 [grpc-default-executor-2] INFO  client.GrpcClientProtocolClient (GrpcClientProtocolClient.java:onNext(255)) - client-CB1B8AC74E59->81367453-3bf0-4298-8a83-8d5c3816df16: receive RaftClientReply:client-CB1B8AC74E59->81367453-3bf0-4298-8a83-8d5c3816df16@group-F6EC397515C5, cid=2267, SUCCESS, logIndex=3132, commits[81367453-3bf0-4298-8a83-8d5c3816df16:c3133]
2019-09-03 20:26:14,668 [grpc-default-executor-2] INFO  client.GrpcClientProtocolClient (GrpcClientProtocolClient.java:onNext(255)) - client-CB1B8AC74E59->81367453-3bf0-4298-8a83-8d5c3816df16: receive RaftClientReply:client-CB1B8AC74E59->81367453-3bf0-4298-8a83-8d5c3816df16@group-F6EC397515C5, cid=2268, SUCCESS, logIndex=3133, commits[81367453-3bf0-4298-8a83-8d5c3816df16:c3133]
2019-09-03 20:26:14,681 [grpc-default-executor-2] INFO  client.GrpcClientProtocolClient (GrpcClientProtocolClient.java:onNext(255)) - client-CB1B8AC74E59->81367453-3bf0-4298-8a83-8d5c3816df16: receive RaftClientReply:client-CB1B8AC74E59->81367453-3bf0-4298-8a83-8d5c3816df16@group-F6EC397515C5, cid=2269, SUCCESS, logIndex=3136, commits[81367453-3bf0-4298-8a83-8d5c3816df16:c3137]
2019-09-03 20:26:14,681 [grpc-default-executor-2] INFO  client.GrpcClientProtocolClient (GrpcClientProtocolClient.java:onNext(255)) - client-CB1B8AC74E59->81367453-3bf0-4298-8a83-8d5c3816df16: receive RaftClientReply:client-CB1B8AC74E59->81367453-3bf0-4298-8a83-8d5c3816df16@group-F6EC397515C5, cid=2270, SUCCESS, logIndex=3137, commits[81367453-3bf0-4298-8a83-8d5c3816df16:c3137]
2019-09-03 20:26:14,686 [grpc-default-executor-2] INFO  client.GrpcClientProtocolClient (GrpcClientProtocolClient.java:onNext(255)) - client-CB1B8AC74E59->81367453-3bf0-4298-8a83-8d5c3816df16: receive RaftClientReply:client-CB1B8AC74E59->81367453-3bf0-4298-8a83-8d5c3816df16@group-F6EC397515C5, cid=2271, SUCCESS, logIndex=3138, commits[81367453-3bf0-4298-8a83-8d5c3816df16:c3139]
2019-09-03 20:26:14,686 [grpc-default-executor-2] INFO  client.GrpcClientProtocolClient (GrpcClientProtocolClient.java:onNext(255)) - client-CB1B8AC74E59->81367453-3bf0-4298-8a83-8d5c3816df16: receive RaftClientReply:client-CB1B8AC74E59->81367453-3bf0-4298-8a83-8d5c3816df16@group-F6EC397515C5, cid=2272, SUCCESS, logIndex=3139, commits[81367453-3bf0-4298-8a83-8d5c3816df16:c3139]
2019-09-03 20:26:14,697 [SCMBlockDeletingService#1] DEBUG block.SCMBlockDeletingService (SCMBlockDeletingService.java:call(138)) - Running DeletedBlockTransactionScanner
2019-09-03 20:26:14,698 [SCMBlockDeletingService#1] DEBUG block.SCMBlockDeletingService (SCMBlockDeletingService.java:call(155)) - Scanned deleted blocks log and got 0 delTX to process.
2019-09-03 20:26:14,716 [grpc-default-executor-2] INFO  client.GrpcClientProtocolClient (GrpcClientProtocolClient.java:onNext(255)) - client-CB1B8AC74E59->81367453-3bf0-4298-8a83-8d5c3816df16: receive RaftClientReply:client-CB1B8AC74E59->81367453-3bf0-4298-8a83-8d5c3816df16@group-F6EC397515C5, cid=2273, SUCCESS, logIndex=3142, commits[81367453-3bf0-4298-8a83-8d5c3816df16:c3145]
2019-09-03 20:26:14,717 [grpc-default-executor-2] INFO  client.GrpcClientProtocolClient (GrpcClientProtocolClient.java:onNext(255)) - client-CB1B8AC74E59->81367453-3bf0-4298-8a83-8d5c3816df16: receive RaftClientReply:client-CB1B8AC74E59->81367453-3bf0-4298-8a83-8d5c3816df16@group-F6EC397515C5, cid=2274, SUCCESS, logIndex=3143, commits[81367453-3bf0-4298-8a83-8d5c3816df16:c3145]
2019-09-03 20:26:14,717 [grpc-default-executor-2] INFO  client.GrpcClientProtocolClient (GrpcClientProtocolClient.java:onNext(255)) - client-CB1B8AC74E59->81367453-3bf0-4298-8a83-8d5c3816df16: receive RaftClientReply:client-CB1B8AC74E59->81367453-3bf0-4298-8a83-8d5c3816df16@group-F6EC397515C5, cid=2275, SUCCESS, logIndex=3144, commits[81367453-3bf0-4298-8a83-8d5c3816df16:c3145]
2019-09-03 20:26:14,717 [grpc-default-executor-2] INFO  client.GrpcClientProtocolClient (GrpcClientProtocolClient.java:onNext(255)) - client-CB1B8AC74E59->81367453-3bf0-4298-8a83-8d5c3816df16: receive RaftClientReply:client-CB1B8AC74E59->81367453-3bf0-4298-8a83-8d5c3816df16@group-F6EC397515C5, cid=2276, SUCCESS, logIndex=3145, commits[81367453-3bf0-4298-8a83-8d5c3816df16:c3145]
2019-09-03 20:26:14,734 [grpc-default-executor-2] INFO  client.GrpcClientProtocolClient (GrpcClientProtocolClient.java:onNext(255)) - client-CB1B8AC74E59->81367453-3bf0-4298-8a83-8d5c3816df16: receive RaftClientReply:client-CB1B8AC74E59->81367453-3bf0-4298-8a83-8d5c3816df16@group-F6EC397515C5, cid=2277, SUCCESS, logIndex=3147, commits[81367453-3bf0-4298-8a83-8d5c3816df16:c3150]
2019-09-03 20:26:14,734 [grpc-default-executor-2] INFO  client.GrpcClientProtocolClient (GrpcClientProtocolClient.java:onNext(255)) - client-CB1B8AC74E59->81367453-3bf0-4298-8a83-8d5c3816df16: receive RaftClientReply:client-CB1B8AC74E59->81367453-3bf0-4298-8a83-8d5c3816df16@group-F6EC397515C5, cid=2278, SUCCESS, logIndex=3148, commits[81367453-3bf0-4298-8a83-8d5c3816df16:c3150]
2019-09-03 20:26:14,734 [grpc-default-executor-2] INFO  client.GrpcClientProtocolClient (GrpcClientProtocolClient.java:onNext(255)) - client-CB1B8AC74E59->81367453-3bf0-4298-8a83-8d5c3816df16: receive RaftClientReply:client-CB1B8AC74E59->81367453-3bf0-4298-8a83-8d5c3816df16@group-F6EC397515C5, cid=2279, SUCCESS, logIndex=3149, commits[81367453-3bf0-4298-8a83-8d5c3816df16:c3150]
2019-09-03 20:26:14,735 [grpc-default-executor-2] INFO  client.GrpcClientProtocolClient (GrpcClientProtocolClient.java:onNext(255)) - client-CB1B8AC74E59->81367453-3bf0-4298-8a83-8d5c3816df16: receive RaftClientReply:client-CB1B8AC74E59->81367453-3bf0-4298-8a83-8d5c3816df16@group-F6EC397515C5, cid=2280, SUCCESS, logIndex=3150, commits[81367453-3bf0-4298-8a83-8d5c3816df16:c3150]
2019-09-03 20:26:14,754 [grpc-default-executor-1] INFO  client.GrpcClientProtocolClient (GrpcClientProtocolClient.java:onNext(255)) - client-CB1B8AC74E59->81367453-3bf0-4298-8a83-8d5c3816df16: receive RaftClientReply:client-CB1B8AC74E59->81367453-3bf0-4298-8a83-8d5c3816df16@group-F6EC397515C5, cid=2281, SUCCESS, logIndex=3152, commits[81367453-3bf0-4298-8a83-8d5c3816df16:c3155]
2019-09-03 20:26:14,754 [grpc-default-executor-1] INFO  client.GrpcClientProtocolClient (GrpcClientProtocolClient.java:onNext(255)) - client-CB1B8AC74E59->81367453-3bf0-4298-8a83-8d5c3816df16: receive RaftClientReply:client-CB1B8AC74E59->81367453-3bf0-4298-8a83-8d5c3816df16@group-F6EC397515C5, cid=2282, SUCCESS, logIndex=3153, commits[81367453-3bf0-4298-8a83-8d5c3816df16:c3155]
2019-09-03 20:26:14,754 [grpc-default-executor-1] INFO  client.GrpcClientProtocolClient (GrpcClientProtocolClient.java:onNext(255)) - client-CB1B8AC74E59->81367453-3bf0-4298-8a83-8d5c3816df16: receive RaftClientReply:client-CB1B8AC74E59->81367453-3bf0-4298-8a83-8d5c3816df16@group-F6EC397515C5, cid=2283, SUCCESS, logIndex=3154, commits[81367453-3bf0-4298-8a83-8d5c3816df16:c3155]
2019-09-03 20:26:14,755 [grpc-default-executor-1] INFO  client.GrpcClientProtocolClient (GrpcClientProtocolClient.java:onNext(255)) - client-CB1B8AC74E59->81367453-3bf0-4298-8a83-8d5c3816df16: receive RaftClientReply:client-CB1B8AC74E59->81367453-3bf0-4298-8a83-8d5c3816df16@group-F6EC397515C5, cid=2284, SUCCESS, logIndex=3155, commits[81367453-3bf0-4298-8a83-8d5c3816df16:c3155]
2019-09-03 20:26:14,768 [grpc-default-executor-1] INFO  client.GrpcClientProtocolClient (GrpcClientProtocolClient.java:onNext(255)) - client-CB1B8AC74E59->81367453-3bf0-4298-8a83-8d5c3816df16: receive RaftClientReply:client-CB1B8AC74E59->81367453-3bf0-4298-8a83-8d5c3816df16@group-F6EC397515C5, cid=2285, SUCCESS, logIndex=3157, commits[81367453-3bf0-4298-8a83-8d5c3816df16:c3160]
2019-09-03 20:26:14,768 [grpc-default-executor-1] INFO  client.GrpcClientProtocolClient (GrpcClientProtocolClient.java:onNext(255)) - client-CB1B8AC74E59->81367453-3bf0-4298-8a83-8d5c3816df16: receive RaftClientReply:client-CB1B8AC74E59->81367453-3bf0-4298-8a83-8d5c3816df16@group-F6EC397515C5, cid=2286, SUCCESS, logIndex=3158, commits[81367453-3bf0-4298-8a83-8d5c3816df16:c3160]
2019-09-03 20:26:14,769 [grpc-default-executor-1] INFO  client.GrpcClientProtocolClient (GrpcClientProtocolClient.java:onNext(255)) - client-CB1B8AC74E59->81367453-3bf0-4298-8a83-8d5c3816df16: receive RaftClientReply:client-CB1B8AC74E59->81367453-3bf0-4298-8a83-8d5c3816df16@group-F6EC397515C5, cid=2287, SUCCESS, logIndex=3159, commits[81367453-3bf0-4298-8a83-8d5c3816df16:c3160]
2019-09-03 20:26:14,769 [grpc-default-executor-1] INFO  client.GrpcClientProtocolClient (GrpcClientProtocolClient.java:onNext(255)) - client-CB1B8AC74E59->81367453-3bf0-4298-8a83-8d5c3816df16: receive RaftClientReply:client-CB1B8AC74E59->81367453-3bf0-4298-8a83-8d5c3816df16@group-F6EC397515C5, cid=2288, SUCCESS, logIndex=3160, commits[81367453-3bf0-4298-8a83-8d5c3816df16:c3160]
2019-09-03 20:26:14,789 [grpc-default-executor-1] INFO  client.GrpcClientProtocolClient (GrpcClientProtocolClient.java:onNext(255)) - client-CB1B8AC74E59->81367453-3bf0-4298-8a83-8d5c3816df16: receive RaftClientReply:client-CB1B8AC74E59->81367453-3bf0-4298-8a83-8d5c3816df16@group-F6EC397515C5, cid=2289, SUCCESS, logIndex=3162, commits[81367453-3bf0-4298-8a83-8d5c3816df16:c3163]
2019-09-03 20:26:14,790 [grpc-default-executor-1] INFO  client.GrpcClientProtocolClient (GrpcClientProtocolClient.java:onNext(255)) - client-CB1B8AC74E59->81367453-3bf0-4298-8a83-8d5c3816df16: receive RaftClientReply:client-CB1B8AC74E59->81367453-3bf0-4298-8a83-8d5c3816df16@group-F6EC397515C5, cid=2290, SUCCESS, logIndex=3163, commits[81367453-3bf0-4298-8a83-8d5c3816df16:c3163]
2019-09-03 20:26:14,798 [SCMBlockDeletingService#1] DEBUG block.SCMBlockDeletingService (SCMBlockDeletingService.java:call(138)) - Running DeletedBlockTransactionScanner
2019-09-03 20:26:14,798 [SCMBlockDeletingService#1] DEBUG block.SCMBlockDeletingService (SCMBlockDeletingService.java:call(155)) - Scanned deleted blocks log and got 0 delTX to process.
2019-09-03 20:26:14,799 [grpc-default-executor-1] INFO  client.GrpcClientProtocolClient (GrpcClientProtocolClient.java:onNext(255)) - client-CB1B8AC74E59->81367453-3bf0-4298-8a83-8d5c3816df16: receive RaftClientReply:client-CB1B8AC74E59->81367453-3bf0-4298-8a83-8d5c3816df16@group-F6EC397515C5, cid=2291, SUCCESS, logIndex=3164, commits[81367453-3bf0-4298-8a83-8d5c3816df16:c3165]
2019-09-03 20:26:14,801 [grpc-default-executor-1] INFO  client.GrpcClientProtocolClient (GrpcClientProtocolClient.java:onNext(255)) - client-CB1B8AC74E59->81367453-3bf0-4298-8a83-8d5c3816df16: receive RaftClientReply:client-CB1B8AC74E59->81367453-3bf0-4298-8a83-8d5c3816df16@group-F6EC397515C5, cid=2292, SUCCESS, logIndex=3165, commits[81367453-3bf0-4298-8a83-8d5c3816df16:c3165]
2019-09-03 20:26:14,829 [grpc-default-executor-2] INFO  client.GrpcClientProtocolClient (GrpcClientProtocolClient.java:onNext(255)) - client-CB1B8AC74E59->81367453-3bf0-4298-8a83-8d5c3816df16: receive RaftClientReply:client-CB1B8AC74E59->81367453-3bf0-4298-8a83-8d5c3816df16@group-F6EC397515C5, cid=2293, SUCCESS, logIndex=3168, commits[81367453-3bf0-4298-8a83-8d5c3816df16:c3171]
2019-09-03 20:26:14,830 [grpc-default-executor-2] INFO  client.GrpcClientProtocolClient (GrpcClientProtocolClient.java:onNext(255)) - client-CB1B8AC74E59->81367453-3bf0-4298-8a83-8d5c3816df16: receive RaftClientReply:client-CB1B8AC74E59->81367453-3bf0-4298-8a83-8d5c3816df16@group-F6EC397515C5, cid=2294, SUCCESS, logIndex=3169, commits[81367453-3bf0-4298-8a83-8d5c3816df16:c3171]
2019-09-03 20:26:14,832 [grpc-default-executor-2] INFO  client.GrpcClientProtocolClient (GrpcClientProtocolClient.java:onNext(255)) - client-CB1B8AC74E59->81367453-3bf0-4298-8a83-8d5c3816df16: receive RaftClientReply:client-CB1B8AC74E59->81367453-3bf0-4298-8a83-8d5c3816df16@group-F6EC397515C5, cid=2295, SUCCESS, logIndex=3170, commits[81367453-3bf0-4298-8a83-8d5c3816df16:c3171]
2019-09-03 20:26:14,833 [grpc-default-executor-2] INFO  client.GrpcClientProtocolClient (GrpcClientProtocolClient.java:onNext(255)) - client-CB1B8AC74E59->81367453-3bf0-4298-8a83-8d5c3816df16: receive RaftClientReply:client-CB1B8AC74E59->81367453-3bf0-4298-8a83-8d5c3816df16@group-F6EC397515C5, cid=2296, SUCCESS, logIndex=3171, commits[81367453-3bf0-4298-8a83-8d5c3816df16:c3171]
2019-09-03 20:26:14,909 [SCMBlockDeletingService#1] DEBUG block.SCMBlockDeletingService (SCMBlockDeletingService.java:call(138)) - Running DeletedBlockTransactionScanner
2019-09-03 20:26:14,909 [SCMBlockDeletingService#1] DEBUG block.SCMBlockDeletingService (SCMBlockDeletingService.java:call(155)) - Scanned deleted blocks log and got 0 delTX to process.
2019-09-03 20:26:14,928 [grpc-default-executor-1] INFO  client.GrpcClientProtocolClient (GrpcClientProtocolClient.java:onNext(255)) - client-CB1B8AC74E59->81367453-3bf0-4298-8a83-8d5c3816df16: receive RaftClientReply:client-CB1B8AC74E59->81367453-3bf0-4298-8a83-8d5c3816df16@group-F6EC397515C5, cid=2297, SUCCESS, logIndex=3173, commits[81367453-3bf0-4298-8a83-8d5c3816df16:c3174]
2019-09-03 20:26:14,928 [grpc-default-executor-1] INFO  client.GrpcClientProtocolClient (GrpcClientProtocolClient.java:onNext(255)) - client-CB1B8AC74E59->81367453-3bf0-4298-8a83-8d5c3816df16: receive RaftClientReply:client-CB1B8AC74E59->81367453-3bf0-4298-8a83-8d5c3816df16@group-F6EC397515C5, cid=2298, SUCCESS, logIndex=3174, commits[81367453-3bf0-4298-8a83-8d5c3816df16:c3174]
2019-09-03 20:26:15,009 [SCMBlockDeletingService#1] DEBUG block.SCMBlockDeletingService (SCMBlockDeletingService.java:call(138)) - Running DeletedBlockTransactionScanner
2019-09-03 20:26:15,010 [SCMBlockDeletingService#1] DEBUG block.SCMBlockDeletingService (SCMBlockDeletingService.java:call(155)) - Scanned deleted blocks log and got 0 delTX to process.
2019-09-03 20:26:15,034 [grpc-default-executor-2] INFO  client.GrpcClientProtocolClient (GrpcClientProtocolClient.java:onNext(255)) - client-CB1B8AC74E59->81367453-3bf0-4298-8a83-8d5c3816df16: receive RaftClientReply:client-CB1B8AC74E59->81367453-3bf0-4298-8a83-8d5c3816df16@group-F6EC397515C5, cid=2299, SUCCESS, logIndex=3176, commits[81367453-3bf0-4298-8a83-8d5c3816df16:c3177]
2019-09-03 20:26:15,034 [grpc-default-executor-2] INFO  client.GrpcClientProtocolClient (GrpcClientProtocolClient.java:onNext(255)) - client-CB1B8AC74E59->81367453-3bf0-4298-8a83-8d5c3816df16: receive RaftClientReply:client-CB1B8AC74E59->81367453-3bf0-4298-8a83-8d5c3816df16@group-F6EC397515C5, cid=2300, SUCCESS, logIndex=3177, commits[81367453-3bf0-4298-8a83-8d5c3816df16:c3177]
2019-09-03 20:26:15,053 [grpc-default-executor-2] INFO  client.GrpcClientProtocolClient (GrpcClientProtocolClient.java:onNext(255)) - client-CB1B8AC74E59->81367453-3bf0-4298-8a83-8d5c3816df16: receive RaftClientReply:client-CB1B8AC74E59->81367453-3bf0-4298-8a83-8d5c3816df16@group-F6EC397515C5, cid=2301, SUCCESS, logIndex=3179, commits[81367453-3bf0-4298-8a83-8d5c3816df16:c3182]
2019-09-03 20:26:15,054 [grpc-default-executor-2] INFO  client.GrpcClientProtocolClient (GrpcClientProtocolClient.java:onNext(255)) - client-CB1B8AC74E59->81367453-3bf0-4298-8a83-8d5c3816df16: receive RaftClientReply:client-CB1B8AC74E59->81367453-3bf0-4298-8a83-8d5c3816df16@group-F6EC397515C5, cid=2302, SUCCESS, logIndex=3180, commits[81367453-3bf0-4298-8a83-8d5c3816df16:c3182]
2019-09-03 20:26:15,054 [grpc-default-executor-2] INFO  client.GrpcClientProtocolClient (GrpcClientProtocolClient.java:onNext(255)) - client-CB1B8AC74E59->81367453-3bf0-4298-8a83-8d5c3816df16: receive RaftClientReply:client-CB1B8AC74E59->81367453-3bf0-4298-8a83-8d5c3816df16@group-F6EC397515C5, cid=2303, SUCCESS, logIndex=3181, commits[81367453-3bf0-4298-8a83-8d5c3816df16:c3182]
2019-09-03 20:26:15,054 [grpc-default-executor-2] INFO  client.GrpcClientProtocolClient (GrpcClientProtocolClient.java:onNext(255)) - client-CB1B8AC74E59->81367453-3bf0-4298-8a83-8d5c3816df16: receive RaftClientReply:client-CB1B8AC74E59->81367453-3bf0-4298-8a83-8d5c3816df16@group-F6EC397515C5, cid=2304, SUCCESS, logIndex=3182, commits[81367453-3bf0-4298-8a83-8d5c3816df16:c3182]
2019-09-03 20:26:15,075 [grpc-default-executor-1] INFO  client.GrpcClientProtocolClient (GrpcClientProtocolClient.java:onNext(255)) - client-CB1B8AC74E59->81367453-3bf0-4298-8a83-8d5c3816df16: receive RaftClientReply:client-CB1B8AC74E59->81367453-3bf0-4298-8a83-8d5c3816df16@group-F6EC397515C5, cid=2305, SUCCESS, logIndex=3184, commits[81367453-3bf0-4298-8a83-8d5c3816df16:c3187]
2019-09-03 20:26:15,076 [grpc-default-executor-1] INFO  client.GrpcClientProtocolClient (GrpcClientProtocolClient.java:onNext(255)) - client-CB1B8AC74E59->81367453-3bf0-4298-8a83-8d5c3816df16: receive RaftClientReply:client-CB1B8AC74E59->81367453-3bf0-4298-8a83-8d5c3816df16@group-F6EC397515C5, cid=2306, SUCCESS, logIndex=3185, commits[81367453-3bf0-4298-8a83-8d5c3816df16:c3187]
2019-09-03 20:26:15,077 [grpc-default-executor-1] INFO  client.GrpcClientProtocolClient (GrpcClientProtocolClient.java:onNext(255)) - client-CB1B8AC74E59->81367453-3bf0-4298-8a83-8d5c3816df16: receive RaftClientReply:client-CB1B8AC74E59->81367453-3bf0-4298-8a83-8d5c3816df16@group-F6EC397515C5, cid=2307, SUCCESS, logIndex=3186, commits[81367453-3bf0-4298-8a83-8d5c3816df16:c3188]
2019-09-03 20:26:15,077 [grpc-default-executor-1] INFO  client.GrpcClientProtocolClient (GrpcClientProtocolClient.java:onNext(255)) - client-CB1B8AC74E59->81367453-3bf0-4298-8a83-8d5c3816df16: receive RaftClientReply:client-CB1B8AC74E59->81367453-3bf0-4298-8a83-8d5c3816df16@group-F6EC397515C5, cid=2308, SUCCESS, logIndex=3187, commits[81367453-3bf0-4298-8a83-8d5c3816df16:c3188]
2019-09-03 20:26:15,091 [grpc-default-executor-1] INFO  client.GrpcClientProtocolClient (GrpcClientProtocolClient.java:onNext(255)) - client-CB1B8AC74E59->81367453-3bf0-4298-8a83-8d5c3816df16: receive RaftClientReply:client-CB1B8AC74E59->81367453-3bf0-4298-8a83-8d5c3816df16@group-F6EC397515C5, cid=2309, SUCCESS, logIndex=3190, commits[81367453-3bf0-4298-8a83-8d5c3816df16:c3191]
2019-09-03 20:26:15,091 [grpc-default-executor-1] INFO  client.GrpcClientProtocolClient (GrpcClientProtocolClient.java:onNext(255)) - client-CB1B8AC74E59->81367453-3bf0-4298-8a83-8d5c3816df16: receive RaftClientReply:client-CB1B8AC74E59->81367453-3bf0-4298-8a83-8d5c3816df16@group-F6EC397515C5, cid=2310, SUCCESS, logIndex=3191, commits[81367453-3bf0-4298-8a83-8d5c3816df16:c3191]
2019-09-03 20:26:15,092 [grpc-default-executor-1] INFO  client.GrpcClientProtocolClient (GrpcClientProtocolClient.java:onNext(255)) - client-CB1B8AC74E59->81367453-3bf0-4298-8a83-8d5c3816df16: receive RaftClientReply:client-CB1B8AC74E59->81367453-3bf0-4298-8a83-8d5c3816df16@group-F6EC397515C5, cid=2311, SUCCESS, logIndex=3192, commits[81367453-3bf0-4298-8a83-8d5c3816df16:c3193]
2019-09-03 20:26:15,092 [grpc-default-executor-1] INFO  client.GrpcClientProtocolClient (GrpcClientProtocolClient.java:onNext(255)) - client-CB1B8AC74E59->81367453-3bf0-4298-8a83-8d5c3816df16: receive RaftClientReply:client-CB1B8AC74E59->81367453-3bf0-4298-8a83-8d5c3816df16@group-F6EC397515C5, cid=2312, SUCCESS, logIndex=3193, commits[81367453-3bf0-4298-8a83-8d5c3816df16:c3193]
2019-09-03 20:26:15,110 [SCMBlockDeletingService#1] DEBUG block.SCMBlockDeletingService (SCMBlockDeletingService.java:call(138)) - Running DeletedBlockTransactionScanner
2019-09-03 20:26:15,111 [SCMBlockDeletingService#1] DEBUG block.SCMBlockDeletingService (SCMBlockDeletingService.java:call(155)) - Scanned deleted blocks log and got 0 delTX to process.
2019-09-03 20:26:15,112 [grpc-default-executor-2] INFO  client.GrpcClientProtocolClient (GrpcClientProtocolClient.java:onNext(255)) - client-CB1B8AC74E59->81367453-3bf0-4298-8a83-8d5c3816df16: receive RaftClientReply:client-CB1B8AC74E59->81367453-3bf0-4298-8a83-8d5c3816df16@group-F6EC397515C5, cid=2313, SUCCESS, logIndex=3196, commits[81367453-3bf0-4298-8a83-8d5c3816df16:c3199]
2019-09-03 20:26:15,113 [grpc-default-executor-2] INFO  client.GrpcClientProtocolClient (GrpcClientProtocolClient.java:onNext(255)) - client-CB1B8AC74E59->81367453-3bf0-4298-8a83-8d5c3816df16: receive RaftClientReply:client-CB1B8AC74E59->81367453-3bf0-4298-8a83-8d5c3816df16@group-F6EC397515C5, cid=2314, SUCCESS, logIndex=3197, commits[81367453-3bf0-4298-8a83-8d5c3816df16:c3199]
2019-09-03 20:26:15,113 [grpc-default-executor-2] INFO  client.GrpcClientProtocolClient (GrpcClientProtocolClient.java:onNext(255)) - client-CB1B8AC74E59->81367453-3bf0-4298-8a83-8d5c3816df16: receive RaftClientReply:client-CB1B8AC74E59->81367453-3bf0-4298-8a83-8d5c3816df16@group-F6EC397515C5, cid=2315, SUCCESS, logIndex=3198, commits[81367453-3bf0-4298-8a83-8d5c3816df16:c3199]
2019-09-03 20:26:15,113 [grpc-default-executor-2] INFO  client.GrpcClientProtocolClient (GrpcClientProtocolClient.java:onNext(255)) - client-CB1B8AC74E59->81367453-3bf0-4298-8a83-8d5c3816df16: receive RaftClientReply:client-CB1B8AC74E59->81367453-3bf0-4298-8a83-8d5c3816df16@group-F6EC397515C5, cid=2316, SUCCESS, logIndex=3199, commits[81367453-3bf0-4298-8a83-8d5c3816df16:c3199]
2019-09-03 20:26:15,135 [grpc-default-executor-2] INFO  client.GrpcClientProtocolClient (GrpcClientProtocolClient.java:onNext(255)) - client-CB1B8AC74E59->81367453-3bf0-4298-8a83-8d5c3816df16: receive RaftClientReply:client-CB1B8AC74E59->81367453-3bf0-4298-8a83-8d5c3816df16@group-F6EC397515C5, cid=2317, SUCCESS, logIndex=3201, commits[81367453-3bf0-4298-8a83-8d5c3816df16:c3204]
2019-09-03 20:26:15,136 [grpc-default-executor-2] INFO  client.GrpcClientProtocolClient (GrpcClientProtocolClient.java:onNext(255)) - client-CB1B8AC74E59->81367453-3bf0-4298-8a83-8d5c3816df16: receive RaftClientReply:client-CB1B8AC74E59->81367453-3bf0-4298-8a83-8d5c3816df16@group-F6EC397515C5, cid=2318, SUCCESS, logIndex=3202, commits[81367453-3bf0-4298-8a83-8d5c3816df16:c3204]
2019-09-03 20:26:15,136 [grpc-default-executor-2] INFO  client.GrpcClientProtocolClient (GrpcClientProtocolClient.java:onNext(255)) - client-CB1B8AC74E59->81367453-3bf0-4298-8a83-8d5c3816df16: receive RaftClientReply:client-CB1B8AC74E59->81367453-3bf0-4298-8a83-8d5c3816df16@group-F6EC397515C5, cid=2319, SUCCESS, logIndex=3203, commits[81367453-3bf0-4298-8a83-8d5c3816df16:c3204]
2019-09-03 20:26:15,136 [grpc-default-executor-2] INFO  client.GrpcClientProtocolClient (GrpcClientProtocolClient.java:onNext(255)) - client-CB1B8AC74E59->81367453-3bf0-4298-8a83-8d5c3816df16: receive RaftClientReply:client-CB1B8AC74E59->81367453-3bf0-4298-8a83-8d5c3816df16@group-F6EC397515C5, cid=2320, SUCCESS, logIndex=3204, commits[81367453-3bf0-4298-8a83-8d5c3816df16:c3204]
2019-09-03 20:26:15,181 [grpc-default-executor-1] INFO  client.GrpcClientProtocolClient (GrpcClientProtocolClient.java:onNext(255)) - client-CB1B8AC74E59->81367453-3bf0-4298-8a83-8d5c3816df16: receive RaftClientReply:client-CB1B8AC74E59->81367453-3bf0-4298-8a83-8d5c3816df16@group-F6EC397515C5, cid=2321, SUCCESS, logIndex=3206, commits[81367453-3bf0-4298-8a83-8d5c3816df16:c3207]
2019-09-03 20:26:15,182 [grpc-default-executor-1] INFO  client.GrpcClientProtocolClient (GrpcClientProtocolClient.java:onNext(255)) - client-CB1B8AC74E59->81367453-3bf0-4298-8a83-8d5c3816df16: receive RaftClientReply:client-CB1B8AC74E59->81367453-3bf0-4298-8a83-8d5c3816df16@group-F6EC397515C5, cid=2322, SUCCESS, logIndex=3207, commits[81367453-3bf0-4298-8a83-8d5c3816df16:c3207]
2019-09-03 20:26:15,211 [SCMBlockDeletingService#1] DEBUG block.SCMBlockDeletingService (SCMBlockDeletingService.java:call(138)) - Running DeletedBlockTransactionScanner
2019-09-03 20:26:15,211 [SCMBlockDeletingService#1] DEBUG block.SCMBlockDeletingService (SCMBlockDeletingService.java:call(155)) - Scanned deleted blocks log and got 0 delTX to process.
2019-09-03 20:26:15,212 [grpc-default-executor-1] INFO  client.GrpcClientProtocolClient (GrpcClientProtocolClient.java:onNext(255)) - client-CB1B8AC74E59->81367453-3bf0-4298-8a83-8d5c3816df16: receive RaftClientReply:client-CB1B8AC74E59->81367453-3bf0-4298-8a83-8d5c3816df16@group-F6EC397515C5, cid=2323, SUCCESS, logIndex=3208, commits[81367453-3bf0-4298-8a83-8d5c3816df16:c3210]
2019-09-03 20:26:15,212 [grpc-default-executor-1] INFO  client.GrpcClientProtocolClient (GrpcClientProtocolClient.java:onNext(255)) - client-CB1B8AC74E59->81367453-3bf0-4298-8a83-8d5c3816df16: receive RaftClientReply:client-CB1B8AC74E59->81367453-3bf0-4298-8a83-8d5c3816df16@group-F6EC397515C5, cid=2324, SUCCESS, logIndex=3209, commits[81367453-3bf0-4298-8a83-8d5c3816df16:c3210]
2019-09-03 20:26:15,231 [grpc-default-executor-2] INFO  client.GrpcClientProtocolClient (GrpcClientProtocolClient.java:onNext(255)) - client-CB1B8AC74E59->81367453-3bf0-4298-8a83-8d5c3816df16: receive RaftClientReply:client-CB1B8AC74E59->81367453-3bf0-4298-8a83-8d5c3816df16@group-F6EC397515C5, cid=2325, SUCCESS, logIndex=3211, commits[81367453-3bf0-4298-8a83-8d5c3816df16:c3212]
2019-09-03 20:26:15,231 [grpc-default-executor-2] INFO  client.GrpcClientProtocolClient (GrpcClientProtocolClient.java:onNext(255)) - client-CB1B8AC74E59->81367453-3bf0-4298-8a83-8d5c3816df16: receive RaftClientReply:client-CB1B8AC74E59->81367453-3bf0-4298-8a83-8d5c3816df16@group-F6EC397515C5, cid=2326, SUCCESS, logIndex=3212, commits[81367453-3bf0-4298-8a83-8d5c3816df16:c3212]
2019-09-03 20:26:15,250 [grpc-default-executor-2] INFO  client.GrpcClientProtocolClient (GrpcClientProtocolClient.java:onNext(255)) - client-CB1B8AC74E59->81367453-3bf0-4298-8a83-8d5c3816df16: receive RaftClientReply:client-CB1B8AC74E59->81367453-3bf0-4298-8a83-8d5c3816df16@group-F6EC397515C5, cid=2327, SUCCESS, logIndex=3213, commits[81367453-3bf0-4298-8a83-8d5c3816df16:c3214]
2019-09-03 20:26:15,250 [grpc-default-executor-2] INFO  client.GrpcClientProtocolClient (GrpcClientProtocolClient.java:onNext(255)) - client-CB1B8AC74E59->81367453-3bf0-4298-8a83-8d5c3816df16: receive RaftClientReply:client-CB1B8AC74E59->81367453-3bf0-4298-8a83-8d5c3816df16@group-F6EC397515C5, cid=2328, SUCCESS, logIndex=3214, commits[81367453-3bf0-4298-8a83-8d5c3816df16:c3214]
2019-09-03 20:26:15,276 [grpc-default-executor-2] INFO  client.GrpcClientProtocolClient (GrpcClientProtocolClient.java:onNext(255)) - client-CB1B8AC74E59->81367453-3bf0-4298-8a83-8d5c3816df16: receive RaftClientReply:client-CB1B8AC74E59->81367453-3bf0-4298-8a83-8d5c3816df16@group-F6EC397515C5, cid=2329, SUCCESS, logIndex=3217, commits[81367453-3bf0-4298-8a83-8d5c3816df16:c3218]
2019-09-03 20:26:15,277 [grpc-default-executor-2] INFO  client.GrpcClientProtocolClient (GrpcClientProtocolClient.java:onNext(255)) - client-CB1B8AC74E59->81367453-3bf0-4298-8a83-8d5c3816df16: receive RaftClientReply:client-CB1B8AC74E59->81367453-3bf0-4298-8a83-8d5c3816df16@group-F6EC397515C5, cid=2330, SUCCESS, logIndex=3218, commits[81367453-3bf0-4298-8a83-8d5c3816df16:c3218]
2019-09-03 20:26:15,285 [grpc-default-executor-2] INFO  client.GrpcClientProtocolClient (GrpcClientProtocolClient.java:onNext(255)) - client-CB1B8AC74E59->81367453-3bf0-4298-8a83-8d5c3816df16: receive RaftClientReply:client-CB1B8AC74E59->81367453-3bf0-4298-8a83-8d5c3816df16@group-F6EC397515C5, cid=2331, SUCCESS, logIndex=3219, commits[81367453-3bf0-4298-8a83-8d5c3816df16:c3220]
2019-09-03 20:26:15,285 [grpc-default-executor-2] INFO  client.GrpcClientProtocolClient (GrpcClientProtocolClient.java:onNext(255)) - client-CB1B8AC74E59->81367453-3bf0-4298-8a83-8d5c3816df16: receive RaftClientReply:client-CB1B8AC74E59->81367453-3bf0-4298-8a83-8d5c3816df16@group-F6EC397515C5, cid=2332, SUCCESS, logIndex=3220, commits[81367453-3bf0-4298-8a83-8d5c3816df16:c3220]
2019-09-03 20:26:15,300 [grpc-default-executor-2] INFO  client.GrpcClientProtocolClient (GrpcClientProtocolClient.java:onNext(255)) - client-CB1B8AC74E59->81367453-3bf0-4298-8a83-8d5c3816df16: receive RaftClientReply:client-CB1B8AC74E59->81367453-3bf0-4298-8a83-8d5c3816df16@group-F6EC397515C5, cid=2333, SUCCESS, logIndex=3223, commits[81367453-3bf0-4298-8a83-8d5c3816df16:c3226]
2019-09-03 20:26:15,301 [grpc-default-executor-2] INFO  client.GrpcClientProtocolClient (GrpcClientProtocolClient.java:onNext(255)) - client-CB1B8AC74E59->81367453-3bf0-4298-8a83-8d5c3816df16: receive RaftClientReply:client-CB1B8AC74E59->81367453-3bf0-4298-8a83-8d5c3816df16@group-F6EC397515C5, cid=2334, SUCCESS, logIndex=3224, commits[81367453-3bf0-4298-8a83-8d5c3816df16:c3226]
2019-09-03 20:26:15,301 [grpc-default-executor-2] INFO  client.GrpcClientProtocolClient (GrpcClientProtocolClient.java:onNext(255)) - client-CB1B8AC74E59->81367453-3bf0-4298-8a83-8d5c3816df16: receive RaftClientReply:client-CB1B8AC74E59->81367453-3bf0-4298-8a83-8d5c3816df16@group-F6EC397515C5, cid=2335, SUCCESS, logIndex=3225, commits[81367453-3bf0-4298-8a83-8d5c3816df16:c3226]
2019-09-03 20:26:15,302 [grpc-default-executor-2] INFO  client.GrpcClientProtocolClient (GrpcClientProtocolClient.java:onNext(255)) - client-CB1B8AC74E59->81367453-3bf0-4298-8a83-8d5c3816df16: receive RaftClientReply:client-CB1B8AC74E59->81367453-3bf0-4298-8a83-8d5c3816df16@group-F6EC397515C5, cid=2336, SUCCESS, logIndex=3226, commits[81367453-3bf0-4298-8a83-8d5c3816df16:c3226]
2019-09-03 20:26:15,312 [SCMBlockDeletingService#1] DEBUG block.SCMBlockDeletingService (SCMBlockDeletingService.java:call(138)) - Running DeletedBlockTransactionScanner
2019-09-03 20:26:15,312 [SCMBlockDeletingService#1] DEBUG block.SCMBlockDeletingService (SCMBlockDeletingService.java:call(155)) - Scanned deleted blocks log and got 0 delTX to process.
2019-09-03 20:26:15,326 [grpc-default-executor-2] INFO  client.GrpcClientProtocolClient (GrpcClientProtocolClient.java:onNext(255)) - client-CB1B8AC74E59->81367453-3bf0-4298-8a83-8d5c3816df16: receive RaftClientReply:client-CB1B8AC74E59->81367453-3bf0-4298-8a83-8d5c3816df16@group-F6EC397515C5, cid=2337, SUCCESS, logIndex=3228, commits[81367453-3bf0-4298-8a83-8d5c3816df16:c3229]
2019-09-03 20:26:15,327 [grpc-default-executor-2] INFO  client.GrpcClientProtocolClient (GrpcClientProtocolClient.java:onNext(255)) - client-CB1B8AC74E59->81367453-3bf0-4298-8a83-8d5c3816df16: receive RaftClientReply:client-CB1B8AC74E59->81367453-3bf0-4298-8a83-8d5c3816df16@group-F6EC397515C5, cid=2338, SUCCESS, logIndex=3229, commits[81367453-3bf0-4298-8a83-8d5c3816df16:c3229]
2019-09-03 20:26:15,334 [grpc-default-executor-2] INFO  client.GrpcClientProtocolClient (GrpcClientProtocolClient.java:onNext(255)) - client-CB1B8AC74E59->81367453-3bf0-4298-8a83-8d5c3816df16: receive RaftClientReply:client-CB1B8AC74E59->81367453-3bf0-4298-8a83-8d5c3816df16@group-F6EC397515C5, cid=2339, SUCCESS, logIndex=3230, commits[81367453-3bf0-4298-8a83-8d5c3816df16:c3231]
2019-09-03 20:26:15,335 [grpc-default-executor-2] INFO  client.GrpcClientProtocolClient (GrpcClientProtocolClient.java:onNext(255)) - client-CB1B8AC74E59->81367453-3bf0-4298-8a83-8d5c3816df16: receive RaftClientReply:client-CB1B8AC74E59->81367453-3bf0-4298-8a83-8d5c3816df16@group-F6EC397515C5, cid=2340, SUCCESS, logIndex=3231, commits[81367453-3bf0-4298-8a83-8d5c3816df16:c3231]
2019-09-03 20:26:15,354 [grpc-default-executor-1] INFO  client.GrpcClientProtocolClient (GrpcClientProtocolClient.java:onNext(255)) - client-CB1B8AC74E59->81367453-3bf0-4298-8a83-8d5c3816df16: receive RaftClientReply:client-CB1B8AC74E59->81367453-3bf0-4298-8a83-8d5c3816df16@group-F6EC397515C5, cid=2341, SUCCESS, logIndex=3234, commits[81367453-3bf0-4298-8a83-8d5c3816df16:c3235]
2019-09-03 20:26:15,354 [grpc-default-executor-1] INFO  client.GrpcClientProtocolClient (GrpcClientProtocolClient.java:onNext(255)) - client-CB1B8AC74E59->81367453-3bf0-4298-8a83-8d5c3816df16: receive RaftClientReply:client-CB1B8AC74E59->81367453-3bf0-4298-8a83-8d5c3816df16@group-F6EC397515C5, cid=2342, SUCCESS, logIndex=3235, commits[81367453-3bf0-4298-8a83-8d5c3816df16:c3235]
2019-09-03 20:26:15,412 [SCMBlockDeletingService#1] DEBUG block.SCMBlockDeletingService (SCMBlockDeletingService.java:call(138)) - Running DeletedBlockTransactionScanner
2019-09-03 20:26:15,413 [SCMBlockDeletingService#1] DEBUG block.SCMBlockDeletingService (SCMBlockDeletingService.java:call(155)) - Scanned deleted blocks log and got 0 delTX to process.
2019-09-03 20:26:15,461 [grpc-default-executor-2] INFO  client.GrpcClientProtocolClient (GrpcClientProtocolClient.java:onNext(255)) - client-CB1B8AC74E59->81367453-3bf0-4298-8a83-8d5c3816df16: receive RaftClientReply:client-CB1B8AC74E59->81367453-3bf0-4298-8a83-8d5c3816df16@group-F6EC397515C5, cid=2343, SUCCESS, logIndex=3237, commits[81367453-3bf0-4298-8a83-8d5c3816df16:c3238]
2019-09-03 20:26:15,461 [grpc-default-executor-2] INFO  client.GrpcClientProtocolClient (GrpcClientProtocolClient.java:onNext(255)) - client-CB1B8AC74E59->81367453-3bf0-4298-8a83-8d5c3816df16: receive RaftClientReply:client-CB1B8AC74E59->81367453-3bf0-4298-8a83-8d5c3816df16@group-F6EC397515C5, cid=2344, SUCCESS, logIndex=3238, commits[81367453-3bf0-4298-8a83-8d5c3816df16:c3238]
2019-09-03 20:26:15,513 [SCMBlockDeletingService#1] DEBUG block.SCMBlockDeletingService (SCMBlockDeletingService.java:call(138)) - Running DeletedBlockTransactionScanner
2019-09-03 20:26:15,513 [SCMBlockDeletingService#1] DEBUG block.SCMBlockDeletingService (SCMBlockDeletingService.java:call(155)) - Scanned deleted blocks log and got 0 delTX to process.
2019-09-03 20:26:15,525 [grpc-default-executor-2] INFO  client.GrpcClientProtocolClient (GrpcClientProtocolClient.java:onNext(255)) - client-CB1B8AC74E59->81367453-3bf0-4298-8a83-8d5c3816df16: receive RaftClientReply:client-CB1B8AC74E59->81367453-3bf0-4298-8a83-8d5c3816df16@group-F6EC397515C5, cid=2345, SUCCESS, logIndex=3240, commits[81367453-3bf0-4298-8a83-8d5c3816df16:c3243]
2019-09-03 20:26:15,525 [grpc-default-executor-2] INFO  client.GrpcClientProtocolClient (GrpcClientProtocolClient.java:onNext(255)) - client-CB1B8AC74E59->81367453-3bf0-4298-8a83-8d5c3816df16: receive RaftClientReply:client-CB1B8AC74E59->81367453-3bf0-4298-8a83-8d5c3816df16@group-F6EC397515C5, cid=2346, SUCCESS, logIndex=3241, commits[81367453-3bf0-4298-8a83-8d5c3816df16:c3243]
2019-09-03 20:26:15,526 [grpc-default-executor-2] INFO  client.GrpcClientProtocolClient (GrpcClientProtocolClient.java:onNext(255)) - client-CB1B8AC74E59->81367453-3bf0-4298-8a83-8d5c3816df16: receive RaftClientReply:client-CB1B8AC74E59->81367453-3bf0-4298-8a83-8d5c3816df16@group-F6EC397515C5, cid=2347, SUCCESS, logIndex=3242, commits[81367453-3bf0-4298-8a83-8d5c3816df16:c3244]
2019-09-03 20:26:15,526 [grpc-default-executor-2] INFO  client.GrpcClientProtocolClient (GrpcClientProtocolClient.java:onNext(255)) - client-CB1B8AC74E59->81367453-3bf0-4298-8a83-8d5c3816df16: receive RaftClientReply:client-CB1B8AC74E59->81367453-3bf0-4298-8a83-8d5c3816df16@group-F6EC397515C5, cid=2348, SUCCESS, logIndex=3243, commits[81367453-3bf0-4298-8a83-8d5c3816df16:c3244]
2019-09-03 20:26:15,554 [grpc-default-executor-2] INFO  client.GrpcClientProtocolClient (GrpcClientProtocolClient.java:onNext(255)) - client-CB1B8AC74E59->81367453-3bf0-4298-8a83-8d5c3816df16: receive RaftClientReply:client-CB1B8AC74E59->81367453-3bf0-4298-8a83-8d5c3816df16@group-F6EC397515C5, cid=2349, SUCCESS, logIndex=3245, commits[81367453-3bf0-4298-8a83-8d5c3816df16:c3246]
2019-09-03 20:26:15,554 [grpc-default-executor-2] INFO  client.GrpcClientProtocolClient (GrpcClientProtocolClient.java:onNext(255)) - client-CB1B8AC74E59->81367453-3bf0-4298-8a83-8d5c3816df16: receive RaftClientReply:client-CB1B8AC74E59->81367453-3bf0-4298-8a83-8d5c3816df16@group-F6EC397515C5, cid=2350, SUCCESS, logIndex=3246, commits[81367453-3bf0-4298-8a83-8d5c3816df16:c3246]
2019-09-03 20:26:15,583 [grpc-default-executor-2] INFO  client.GrpcClientProtocolClient (GrpcClientProtocolClient.java:onNext(255)) - client-CB1B8AC74E59->81367453-3bf0-4298-8a83-8d5c3816df16: receive RaftClientReply:client-CB1B8AC74E59->81367453-3bf0-4298-8a83-8d5c3816df16@group-F6EC397515C5, cid=2351, SUCCESS, logIndex=3247, commits[81367453-3bf0-4298-8a83-8d5c3816df16:c3248]
2019-09-03 20:26:15,583 [grpc-default-executor-2] INFO  client.GrpcClientProtocolClient (GrpcClientProtocolClient.java:onNext(255)) - client-CB1B8AC74E59->81367453-3bf0-4298-8a83-8d5c3816df16: receive RaftClientReply:client-CB1B8AC74E59->81367453-3bf0-4298-8a83-8d5c3816df16@group-F6EC397515C5, cid=2352, SUCCESS, logIndex=3248, commits[81367453-3bf0-4298-8a83-8d5c3816df16:c3248]
2019-09-03 20:26:15,613 [SCMBlockDeletingService#1] DEBUG block.SCMBlockDeletingService (SCMBlockDeletingService.java:call(138)) - Running DeletedBlockTransactionScanner
2019-09-03 20:26:15,614 [SCMBlockDeletingService#1] DEBUG block.SCMBlockDeletingService (SCMBlockDeletingService.java:call(155)) - Scanned deleted blocks log and got 0 delTX to process.
2019-09-03 20:26:15,625 [grpc-default-executor-2] INFO  client.GrpcClientProtocolClient (GrpcClientProtocolClient.java:onNext(255)) - client-CB1B8AC74E59->81367453-3bf0-4298-8a83-8d5c3816df16: receive RaftClientReply:client-CB1B8AC74E59->81367453-3bf0-4298-8a83-8d5c3816df16@group-F6EC397515C5, cid=2353, SUCCESS, logIndex=3251, commits[81367453-3bf0-4298-8a83-8d5c3816df16:c3252]
2019-09-03 20:26:15,625 [grpc-default-executor-2] INFO  client.GrpcClientProtocolClient (GrpcClientProtocolClient.java:onNext(255)) - client-CB1B8AC74E59->81367453-3bf0-4298-8a83-8d5c3816df16: receive RaftClientReply:client-CB1B8AC74E59->81367453-3bf0-4298-8a83-8d5c3816df16@group-F6EC397515C5, cid=2354, SUCCESS, logIndex=3252, commits[81367453-3bf0-4298-8a83-8d5c3816df16:c3252]
2019-09-03 20:26:15,626 [grpc-default-executor-2] INFO  client.GrpcClientProtocolClient (GrpcClientProtocolClient.java:onNext(255)) - client-CB1B8AC74E59->81367453-3bf0-4298-8a83-8d5c3816df16: receive RaftClientReply:client-CB1B8AC74E59->81367453-3bf0-4298-8a83-8d5c3816df16@group-F6EC397515C5, cid=2355, SUCCESS, logIndex=3253, commits[81367453-3bf0-4298-8a83-8d5c3816df16:c3254]
2019-09-03 20:26:15,626 [grpc-default-executor-2] INFO  client.GrpcClientProtocolClient (GrpcClientProtocolClient.java:onNext(255)) - client-CB1B8AC74E59->81367453-3bf0-4298-8a83-8d5c3816df16: receive RaftClientReply:client-CB1B8AC74E59->81367453-3bf0-4298-8a83-8d5c3816df16@group-F6EC397515C5, cid=2356, SUCCESS, logIndex=3254, commits[81367453-3bf0-4298-8a83-8d5c3816df16:c3254]
2019-09-03 20:26:15,640 [grpc-default-executor-2] INFO  client.GrpcClientProtocolClient (GrpcClientProtocolClient.java:onNext(255)) - client-CB1B8AC74E59->81367453-3bf0-4298-8a83-8d5c3816df16: receive RaftClientReply:client-CB1B8AC74E59->81367453-3bf0-4298-8a83-8d5c3816df16@group-F6EC397515C5, cid=2357, SUCCESS, logIndex=3257, commits[81367453-3bf0-4298-8a83-8d5c3816df16:c3260]
2019-09-03 20:26:15,640 [grpc-default-executor-2] INFO  client.GrpcClientProtocolClient (GrpcClientProtocolClient.java:onNext(255)) - client-CB1B8AC74E59->81367453-3bf0-4298-8a83-8d5c3816df16: receive RaftClientReply:client-CB1B8AC74E59->81367453-3bf0-4298-8a83-8d5c3816df16@group-F6EC397515C5, cid=2358, SUCCESS, logIndex=3258, commits[81367453-3bf0-4298-8a83-8d5c3816df16:c3260]
2019-09-03 20:26:15,641 [grpc-default-executor-2] INFO  client.GrpcClientProtocolClient (GrpcClientProtocolClient.java:onNext(255)) - client-CB1B8AC74E59->81367453-3bf0-4298-8a83-8d5c3816df16: receive RaftClientReply:client-CB1B8AC74E59->81367453-3bf0-4298-8a83-8d5c3816df16@group-F6EC397515C5, cid=2359, SUCCESS, logIndex=3259, commits[81367453-3bf0-4298-8a83-8d5c3816df16:c3260]
2019-09-03 20:26:15,641 [grpc-default-executor-2] INFO  client.GrpcClientProtocolClient (GrpcClientProtocolClient.java:onNext(255)) - client-CB1B8AC74E59->81367453-3bf0-4298-8a83-8d5c3816df16: receive RaftClientReply:client-CB1B8AC74E59->81367453-3bf0-4298-8a83-8d5c3816df16@group-F6EC397515C5, cid=2360, SUCCESS, logIndex=3260, commits[81367453-3bf0-4298-8a83-8d5c3816df16:c3260]
2019-09-03 20:26:15,667 [grpc-default-executor-1] INFO  client.GrpcClientProtocolClient (GrpcClientProtocolClient.java:onNext(255)) - client-CB1B8AC74E59->81367453-3bf0-4298-8a83-8d5c3816df16: receive RaftClientReply:client-CB1B8AC74E59->81367453-3bf0-4298-8a83-8d5c3816df16@group-F6EC397515C5, cid=2361, SUCCESS, logIndex=3262, commits[81367453-3bf0-4298-8a83-8d5c3816df16:c3263]
2019-09-03 20:26:15,667 [grpc-default-executor-1] INFO  client.GrpcClientProtocolClient (GrpcClientProtocolClient.java:onNext(255)) - client-CB1B8AC74E59->81367453-3bf0-4298-8a83-8d5c3816df16: receive RaftClientReply:client-CB1B8AC74E59->81367453-3bf0-4298-8a83-8d5c3816df16@group-F6EC397515C5, cid=2362, SUCCESS, logIndex=3263, commits[81367453-3bf0-4298-8a83-8d5c3816df16:c3263]
2019-09-03 20:26:15,673 [grpc-default-executor-1] INFO  client.GrpcClientProtocolClient (GrpcClientProtocolClient.java:onNext(255)) - client-CB1B8AC74E59->81367453-3bf0-4298-8a83-8d5c3816df16: receive RaftClientReply:client-CB1B8AC74E59->81367453-3bf0-4298-8a83-8d5c3816df16@group-F6EC397515C5, cid=2363, SUCCESS, logIndex=3264, commits[81367453-3bf0-4298-8a83-8d5c3816df16:c3265]
2019-09-03 20:26:15,673 [grpc-default-executor-1] INFO  client.GrpcClientProtocolClient (GrpcClientProtocolClient.java:onNext(255)) - client-CB1B8AC74E59->81367453-3bf0-4298-8a83-8d5c3816df16: receive RaftClientReply:client-CB1B8AC74E59->81367453-3bf0-4298-8a83-8d5c3816df16@group-F6EC397515C5, cid=2364, SUCCESS, logIndex=3265, commits[81367453-3bf0-4298-8a83-8d5c3816df16:c3265]
2019-09-03 20:26:15,714 [SCMBlockDeletingService#1] DEBUG block.SCMBlockDeletingService (SCMBlockDeletingService.java:call(138)) - Running DeletedBlockTransactionScanner
2019-09-03 20:26:15,714 [SCMBlockDeletingService#1] DEBUG block.SCMBlockDeletingService (SCMBlockDeletingService.java:call(155)) - Scanned deleted blocks log and got 0 delTX to process.
2019-09-03 20:26:15,719 [grpc-default-executor-2] INFO  client.GrpcClientProtocolClient (GrpcClientProtocolClient.java:onNext(255)) - client-CB1B8AC74E59->81367453-3bf0-4298-8a83-8d5c3816df16: receive RaftClientReply:client-CB1B8AC74E59->81367453-3bf0-4298-8a83-8d5c3816df16@group-F6EC397515C5, cid=2365, SUCCESS, logIndex=3268, commits[81367453-3bf0-4298-8a83-8d5c3816df16:c3271]
2019-09-03 20:26:15,720 [grpc-default-executor-2] INFO  client.GrpcClientProtocolClient (GrpcClientProtocolClient.java:onNext(255)) - client-CB1B8AC74E59->81367453-3bf0-4298-8a83-8d5c3816df16: receive RaftClientReply:client-CB1B8AC74E59->81367453-3bf0-4298-8a83-8d5c3816df16@group-F6EC397515C5, cid=2366, SUCCESS, logIndex=3269, commits[81367453-3bf0-4298-8a83-8d5c3816df16:c3271]
2019-09-03 20:26:15,720 [grpc-default-executor-2] INFO  client.GrpcClientProtocolClient (GrpcClientProtocolClient.java:onNext(255)) - client-CB1B8AC74E59->81367453-3bf0-4298-8a83-8d5c3816df16: receive RaftClientReply:client-CB1B8AC74E59->81367453-3bf0-4298-8a83-8d5c3816df16@group-F6EC397515C5, cid=2367, SUCCESS, logIndex=3270, commits[81367453-3bf0-4298-8a83-8d5c3816df16:c3271]
2019-09-03 20:26:15,720 [grpc-default-executor-2] INFO  client.GrpcClientProtocolClient (GrpcClientProtocolClient.java:onNext(255)) - client-CB1B8AC74E59->81367453-3bf0-4298-8a83-8d5c3816df16: receive RaftClientReply:client-CB1B8AC74E59->81367453-3bf0-4298-8a83-8d5c3816df16@group-F6EC397515C5, cid=2368, SUCCESS, logIndex=3271, commits[81367453-3bf0-4298-8a83-8d5c3816df16:c3271]
2019-09-03 20:26:15,753 [grpc-default-executor-1] INFO  client.GrpcClientProtocolClient (GrpcClientProtocolClient.java:onNext(255)) - client-CB1B8AC74E59->81367453-3bf0-4298-8a83-8d5c3816df16: receive RaftClientReply:client-CB1B8AC74E59->81367453-3bf0-4298-8a83-8d5c3816df16@group-F6EC397515C5, cid=2369, SUCCESS, logIndex=3273, commits[81367453-3bf0-4298-8a83-8d5c3816df16:c3274]
2019-09-03 20:26:15,754 [grpc-default-executor-1] INFO  client.GrpcClientProtocolClient (GrpcClientProtocolClient.java:onNext(255)) - client-CB1B8AC74E59->81367453-3bf0-4298-8a83-8d5c3816df16: receive RaftClientReply:client-CB1B8AC74E59->81367453-3bf0-4298-8a83-8d5c3816df16@group-F6EC397515C5, cid=2370, SUCCESS, logIndex=3274, commits[81367453-3bf0-4298-8a83-8d5c3816df16:c3274]
2019-09-03 20:26:15,760 [grpc-default-executor-1] INFO  client.GrpcClientProtocolClient (GrpcClientProtocolClient.java:onNext(255)) - client-CB1B8AC74E59->81367453-3bf0-4298-8a83-8d5c3816df16: receive RaftClientReply:client-CB1B8AC74E59->81367453-3bf0-4298-8a83-8d5c3816df16@group-F6EC397515C5, cid=2371, SUCCESS, logIndex=3275, commits[81367453-3bf0-4298-8a83-8d5c3816df16:c3276]
2019-09-03 20:26:15,760 [grpc-default-executor-1] INFO  client.GrpcClientProtocolClient (GrpcClientProtocolClient.java:onNext(255)) - client-CB1B8AC74E59->81367453-3bf0-4298-8a83-8d5c3816df16: receive RaftClientReply:client-CB1B8AC74E59->81367453-3bf0-4298-8a83-8d5c3816df16@group-F6EC397515C5, cid=2372, SUCCESS, logIndex=3276, commits[81367453-3bf0-4298-8a83-8d5c3816df16:c3276]
2019-09-03 20:26:15,786 [grpc-default-executor-1] INFO  client.GrpcClientProtocolClient (GrpcClientProtocolClient.java:onNext(255)) - client-CB1B8AC74E59->81367453-3bf0-4298-8a83-8d5c3816df16: receive RaftClientReply:client-CB1B8AC74E59->81367453-3bf0-4298-8a83-8d5c3816df16@group-F6EC397515C5, cid=2373, SUCCESS, logIndex=3279, commits[81367453-3bf0-4298-8a83-8d5c3816df16:c3282]
2019-09-03 20:26:15,787 [grpc-default-executor-1] INFO  client.GrpcClientProtocolClient (GrpcClientProtocolClient.java:onNext(255)) - client-CB1B8AC74E59->81367453-3bf0-4298-8a83-8d5c3816df16: receive RaftClientReply:client-CB1B8AC74E59->81367453-3bf0-4298-8a83-8d5c3816df16@group-F6EC397515C5, cid=2374, SUCCESS, logIndex=3280, commits[81367453-3bf0-4298-8a83-8d5c3816df16:c3282]
2019-09-03 20:26:15,787 [grpc-default-executor-1] INFO  client.GrpcClientProtocolClient (GrpcClientProtocolClient.java:onNext(255)) - client-CB1B8AC74E59->81367453-3bf0-4298-8a83-8d5c3816df16: receive RaftClientReply:client-CB1B8AC74E59->81367453-3bf0-4298-8a83-8d5c3816df16@group-F6EC397515C5, cid=2375, SUCCESS, logIndex=3281, commits[81367453-3bf0-4298-8a83-8d5c3816df16:c3282]
2019-09-03 20:26:15,788 [grpc-default-executor-1] INFO  client.GrpcClientProtocolClient (GrpcClientProtocolClient.java:onNext(255)) - client-CB1B8AC74E59->81367453-3bf0-4298-8a83-8d5c3816df16: receive RaftClientReply:client-CB1B8AC74E59->81367453-3bf0-4298-8a83-8d5c3816df16@group-F6EC397515C5, cid=2376, SUCCESS, logIndex=3282, commits[81367453-3bf0-4298-8a83-8d5c3816df16:c3282]
2019-09-03 20:26:15,815 [SCMBlockDeletingService#1] DEBUG block.SCMBlockDeletingService (SCMBlockDeletingService.java:call(138)) - Running DeletedBlockTransactionScanner
2019-09-03 20:26:15,815 [SCMBlockDeletingService#1] DEBUG block.SCMBlockDeletingService (SCMBlockDeletingService.java:call(155)) - Scanned deleted blocks log and got 0 delTX to process.
2019-09-03 20:26:15,909 [grpc-default-executor-1] INFO  client.GrpcClientProtocolClient (GrpcClientProtocolClient.java:onNext(255)) - client-CB1B8AC74E59->81367453-3bf0-4298-8a83-8d5c3816df16: receive RaftClientReply:client-CB1B8AC74E59->81367453-3bf0-4298-8a83-8d5c3816df16@group-F6EC397515C5, cid=2377, SUCCESS, logIndex=3284, commits[81367453-3bf0-4298-8a83-8d5c3816df16:c3285]
2019-09-03 20:26:15,911 [grpc-default-executor-1] INFO  client.GrpcClientProtocolClient (GrpcClientProtocolClient.java:onNext(255)) - client-CB1B8AC74E59->81367453-3bf0-4298-8a83-8d5c3816df16: receive RaftClientReply:client-CB1B8AC74E59->81367453-3bf0-4298-8a83-8d5c3816df16@group-F6EC397515C5, cid=2378, SUCCESS, logIndex=3285, commits[81367453-3bf0-4298-8a83-8d5c3816df16:c3285]
2019-09-03 20:26:15,916 [SCMBlockDeletingService#1] DEBUG block.SCMBlockDeletingService (SCMBlockDeletingService.java:call(138)) - Running DeletedBlockTransactionScanner
2019-09-03 20:26:15,916 [SCMBlockDeletingService#1] DEBUG block.SCMBlockDeletingService (SCMBlockDeletingService.java:call(155)) - Scanned deleted blocks log and got 0 delTX to process.
2019-09-03 20:26:15,925 [grpc-default-executor-1] INFO  client.GrpcClientProtocolClient (GrpcClientProtocolClient.java:onNext(255)) - client-CB1B8AC74E59->81367453-3bf0-4298-8a83-8d5c3816df16: receive RaftClientReply:client-CB1B8AC74E59->81367453-3bf0-4298-8a83-8d5c3816df16@group-F6EC397515C5, cid=2379, SUCCESS, logIndex=3286, commits[81367453-3bf0-4298-8a83-8d5c3816df16:c3287]
2019-09-03 20:26:15,926 [grpc-default-executor-1] INFO  client.GrpcClientProtocolClient (GrpcClientProtocolClient.java:onNext(255)) - client-CB1B8AC74E59->81367453-3bf0-4298-8a83-8d5c3816df16: receive RaftClientReply:client-CB1B8AC74E59->81367453-3bf0-4298-8a83-8d5c3816df16@group-F6EC397515C5, cid=2380, SUCCESS, logIndex=3287, commits[81367453-3bf0-4298-8a83-8d5c3816df16:c3287]
2019-09-03 20:26:15,951 [grpc-default-executor-2] INFO  client.GrpcClientProtocolClient (GrpcClientProtocolClient.java:onNext(255)) - client-CB1B8AC74E59->81367453-3bf0-4298-8a83-8d5c3816df16: receive RaftClientReply:client-CB1B8AC74E59->81367453-3bf0-4298-8a83-8d5c3816df16@group-F6EC397515C5, cid=2381, SUCCESS, logIndex=3290, commits[81367453-3bf0-4298-8a83-8d5c3816df16:c3293]
2019-09-03 20:26:15,952 [grpc-default-executor-2] INFO  client.GrpcClientProtocolClient (GrpcClientProtocolClient.java:onNext(255)) - client-CB1B8AC74E59->81367453-3bf0-4298-8a83-8d5c3816df16: receive RaftClientReply:client-CB1B8AC74E59->81367453-3bf0-4298-8a83-8d5c3816df16@group-F6EC397515C5, cid=2382, SUCCESS, logIndex=3291, commits[81367453-3bf0-4298-8a83-8d5c3816df16:c3293]
2019-09-03 20:26:15,952 [grpc-default-executor-2] INFO  client.GrpcClientProtocolClient (GrpcClientProtocolClient.java:onNext(255)) - client-CB1B8AC74E59->81367453-3bf0-4298-8a83-8d5c3816df16: receive RaftClientReply:client-CB1B8AC74E59->81367453-3bf0-4298-8a83-8d5c3816df16@group-F6EC397515C5, cid=2383, SUCCESS, logIndex=3292, commits[81367453-3bf0-4298-8a83-8d5c3816df16:c3293]
2019-09-03 20:26:15,952 [grpc-default-executor-2] INFO  client.GrpcClientProtocolClient (GrpcClientProtocolClient.java:onNext(255)) - client-CB1B8AC74E59->81367453-3bf0-4298-8a83-8d5c3816df16: receive RaftClientReply:client-CB1B8AC74E59->81367453-3bf0-4298-8a83-8d5c3816df16@group-F6EC397515C5, cid=2384, SUCCESS, logIndex=3293, commits[81367453-3bf0-4298-8a83-8d5c3816df16:c3293]
2019-09-03 20:26:16,046 [SCMBlockDeletingService#1] DEBUG block.SCMBlockDeletingService (SCMBlockDeletingService.java:call(138)) - Running DeletedBlockTransactionScanner
2019-09-03 20:26:16,046 [SCMBlockDeletingService#1] DEBUG block.SCMBlockDeletingService (SCMBlockDeletingService.java:call(155)) - Scanned deleted blocks log and got 0 delTX to process.
2019-09-03 20:26:16,088 [grpc-default-executor-1] INFO  client.GrpcClientProtocolClient (GrpcClientProtocolClient.java:onNext(255)) - client-CB1B8AC74E59->81367453-3bf0-4298-8a83-8d5c3816df16: receive RaftClientReply:client-CB1B8AC74E59->81367453-3bf0-4298-8a83-8d5c3816df16@group-F6EC397515C5, cid=2385, SUCCESS, logIndex=3295, commits[81367453-3bf0-4298-8a83-8d5c3816df16:c3296]
2019-09-03 20:26:16,089 [grpc-default-executor-1] INFO  client.GrpcClientProtocolClient (GrpcClientProtocolClient.java:onNext(255)) - client-CB1B8AC74E59->81367453-3bf0-4298-8a83-8d5c3816df16: receive RaftClientReply:client-CB1B8AC74E59->81367453-3bf0-4298-8a83-8d5c3816df16@group-F6EC397515C5, cid=2386, SUCCESS, logIndex=3296, commits[81367453-3bf0-4298-8a83-8d5c3816df16:c3296]
2019-09-03 20:26:16,147 [SCMBlockDeletingService#1] DEBUG block.SCMBlockDeletingService (SCMBlockDeletingService.java:call(138)) - Running DeletedBlockTransactionScanner
2019-09-03 20:26:16,147 [SCMBlockDeletingService#1] DEBUG block.SCMBlockDeletingService (SCMBlockDeletingService.java:call(155)) - Scanned deleted blocks log and got 0 delTX to process.
2019-09-03 20:26:16,161 [grpc-default-executor-2] INFO  client.GrpcClientProtocolClient (GrpcClientProtocolClient.java:onNext(255)) - client-CB1B8AC74E59->81367453-3bf0-4298-8a83-8d5c3816df16: receive RaftClientReply:client-CB1B8AC74E59->81367453-3bf0-4298-8a83-8d5c3816df16@group-F6EC397515C5, cid=2387, SUCCESS, logIndex=3298, commits[81367453-3bf0-4298-8a83-8d5c3816df16:c3299]
2019-09-03 20:26:16,161 [grpc-default-executor-2] INFO  client.GrpcClientProtocolClient (GrpcClientProtocolClient.java:onNext(255)) - client-CB1B8AC74E59->81367453-3bf0-4298-8a83-8d5c3816df16: receive RaftClientReply:client-CB1B8AC74E59->81367453-3bf0-4298-8a83-8d5c3816df16@group-F6EC397515C5, cid=2388, SUCCESS, logIndex=3299, commits[81367453-3bf0-4298-8a83-8d5c3816df16:c3299]
2019-09-03 20:26:16,172 [grpc-default-executor-1] INFO  client.GrpcClientProtocolClient (GrpcClientProtocolClient.java:onNext(255)) - client-CB1B8AC74E59->81367453-3bf0-4298-8a83-8d5c3816df16: receive RaftClientReply:client-CB1B8AC74E59->81367453-3bf0-4298-8a83-8d5c3816df16@group-F6EC397515C5, cid=2389, SUCCESS, logIndex=3301, commits[81367453-3bf0-4298-8a83-8d5c3816df16:c3302]
2019-09-03 20:26:16,172 [grpc-default-executor-1] INFO  client.GrpcClientProtocolClient (GrpcClientProtocolClient.java:onNext(255)) - client-CB1B8AC74E59->81367453-3bf0-4298-8a83-8d5c3816df16: receive RaftClientReply:client-CB1B8AC74E59->81367453-3bf0-4298-8a83-8d5c3816df16@group-F6EC397515C5, cid=2390, SUCCESS, logIndex=3302, commits[81367453-3bf0-4298-8a83-8d5c3816df16:c3302]
2019-09-03 20:26:16,177 [grpc-default-executor-1] INFO  client.GrpcClientProtocolClient (GrpcClientProtocolClient.java:onNext(255)) - client-CB1B8AC74E59->81367453-3bf0-4298-8a83-8d5c3816df16: receive RaftClientReply:client-CB1B8AC74E59->81367453-3bf0-4298-8a83-8d5c3816df16@group-F6EC397515C5, cid=2391, SUCCESS, logIndex=3303, commits[81367453-3bf0-4298-8a83-8d5c3816df16:c3304]
2019-09-03 20:26:16,177 [grpc-default-executor-1] INFO  client.GrpcClientProtocolClient (GrpcClientProtocolClient.java:onNext(255)) - client-CB1B8AC74E59->81367453-3bf0-4298-8a83-8d5c3816df16: receive RaftClientReply:client-CB1B8AC74E59->81367453-3bf0-4298-8a83-8d5c3816df16@group-F6EC397515C5, cid=2392, SUCCESS, logIndex=3304, commits[81367453-3bf0-4298-8a83-8d5c3816df16:c3304]
2019-09-03 20:26:16,202 [grpc-default-executor-1] INFO  client.GrpcClientProtocolClient (GrpcClientProtocolClient.java:onNext(255)) - client-CB1B8AC74E59->81367453-3bf0-4298-8a83-8d5c3816df16: receive RaftClientReply:client-CB1B8AC74E59->81367453-3bf0-4298-8a83-8d5c3816df16@group-F6EC397515C5, cid=2393, SUCCESS, logIndex=3307, commits[81367453-3bf0-4298-8a83-8d5c3816df16:c3310]
2019-09-03 20:26:16,207 [grpc-default-executor-1] INFO  client.GrpcClientProtocolClient (GrpcClientProtocolClient.java:onNext(255)) - client-CB1B8AC74E59->81367453-3bf0-4298-8a83-8d5c3816df16: receive RaftClientReply:client-CB1B8AC74E59->81367453-3bf0-4298-8a83-8d5c3816df16@group-F6EC397515C5, cid=2394, SUCCESS, logIndex=3308, commits[81367453-3bf0-4298-8a83-8d5c3816df16:c3310]
2019-09-03 20:26:16,207 [grpc-default-executor-1] INFO  client.GrpcClientProtocolClient (GrpcClientProtocolClient.java:onNext(255)) - client-CB1B8AC74E59->81367453-3bf0-4298-8a83-8d5c3816df16: receive RaftClientReply:client-CB1B8AC74E59->81367453-3bf0-4298-8a83-8d5c3816df16@group-F6EC397515C5, cid=2395, SUCCESS, logIndex=3309, commits[81367453-3bf0-4298-8a83-8d5c3816df16:c3310]
2019-09-03 20:26:16,208 [grpc-default-executor-1] INFO  client.GrpcClientProtocolClient (GrpcClientProtocolClient.java:onNext(255)) - client-CB1B8AC74E59->81367453-3bf0-4298-8a83-8d5c3816df16: receive RaftClientReply:client-CB1B8AC74E59->81367453-3bf0-4298-8a83-8d5c3816df16@group-F6EC397515C5, cid=2396, SUCCESS, logIndex=3310, commits[81367453-3bf0-4298-8a83-8d5c3816df16:c3310]
2019-09-03 20:26:16,229 [grpc-default-executor-2] INFO  client.GrpcClientProtocolClient (GrpcClientProtocolClient.java:onNext(255)) - client-CB1B8AC74E59->81367453-3bf0-4298-8a83-8d5c3816df16: receive RaftClientReply:client-CB1B8AC74E59->81367453-3bf0-4298-8a83-8d5c3816df16@group-F6EC397515C5, cid=2397, SUCCESS, logIndex=3312, commits[81367453-3bf0-4298-8a83-8d5c3816df16:c3313]
2019-09-03 20:26:16,229 [grpc-default-executor-2] INFO  client.GrpcClientProtocolClient (GrpcClientProtocolClient.java:onNext(255)) - client-CB1B8AC74E59->81367453-3bf0-4298-8a83-8d5c3816df16: receive RaftClientReply:client-CB1B8AC74E59->81367453-3bf0-4298-8a83-8d5c3816df16@group-F6EC397515C5, cid=2398, SUCCESS, logIndex=3313, commits[81367453-3bf0-4298-8a83-8d5c3816df16:c3313]
2019-09-03 20:26:16,233 [grpc-default-executor-2] INFO  client.GrpcClientProtocolClient (GrpcClientProtocolClient.java:onNext(255)) - client-CB1B8AC74E59->81367453-3bf0-4298-8a83-8d5c3816df16: receive RaftClientReply:client-CB1B8AC74E59->81367453-3bf0-4298-8a83-8d5c3816df16@group-F6EC397515C5, cid=2399, SUCCESS, logIndex=3314, commits[81367453-3bf0-4298-8a83-8d5c3816df16:c3315]
2019-09-03 20:26:16,234 [grpc-default-executor-2] INFO  client.GrpcClientProtocolClient (GrpcClientProtocolClient.java:onNext(255)) - client-CB1B8AC74E59->81367453-3bf0-4298-8a83-8d5c3816df16: receive RaftClientReply:client-CB1B8AC74E59->81367453-3bf0-4298-8a83-8d5c3816df16@group-F6EC397515C5, cid=2400, SUCCESS, logIndex=3315, commits[81367453-3bf0-4298-8a83-8d5c3816df16:c3315]
2019-09-03 20:26:16,247 [SCMBlockDeletingService#1] DEBUG block.SCMBlockDeletingService (SCMBlockDeletingService.java:call(138)) - Running DeletedBlockTransactionScanner
2019-09-03 20:26:16,248 [SCMBlockDeletingService#1] DEBUG block.SCMBlockDeletingService (SCMBlockDeletingService.java:call(155)) - Scanned deleted blocks log and got 0 delTX to process.
2019-09-03 20:26:16,258 [grpc-default-executor-2] INFO  client.GrpcClientProtocolClient (GrpcClientProtocolClient.java:onNext(255)) - client-CB1B8AC74E59->81367453-3bf0-4298-8a83-8d5c3816df16: receive RaftClientReply:client-CB1B8AC74E59->81367453-3bf0-4298-8a83-8d5c3816df16@group-F6EC397515C5, cid=2401, SUCCESS, logIndex=3318, commits[81367453-3bf0-4298-8a83-8d5c3816df16:c3321]
2019-09-03 20:26:16,259 [grpc-default-executor-2] INFO  client.GrpcClientProtocolClient (GrpcClientProtocolClient.java:onNext(255)) - client-CB1B8AC74E59->81367453-3bf0-4298-8a83-8d5c3816df16: receive RaftClientReply:client-CB1B8AC74E59->81367453-3bf0-4298-8a83-8d5c3816df16@group-F6EC397515C5, cid=2402, SUCCESS, logIndex=3319, commits[81367453-3bf0-4298-8a83-8d5c3816df16:c3321]
2019-09-03 20:26:16,259 [grpc-default-executor-2] INFO  client.GrpcClientProtocolClient (GrpcClientProtocolClient.java:onNext(255)) - client-CB1B8AC74E59->81367453-3bf0-4298-8a83-8d5c3816df16: receive RaftClientReply:client-CB1B8AC74E59->81367453-3bf0-4298-8a83-8d5c3816df16@group-F6EC397515C5, cid=2403, SUCCESS, logIndex=3320, commits[81367453-3bf0-4298-8a83-8d5c3816df16:c3321]
2019-09-03 20:26:16,259 [grpc-default-executor-2] INFO  client.GrpcClientProtocolClient (GrpcClientProtocolClient.java:onNext(255)) - client-CB1B8AC74E59->81367453-3bf0-4298-8a83-8d5c3816df16: receive RaftClientReply:client-CB1B8AC74E59->81367453-3bf0-4298-8a83-8d5c3816df16@group-F6EC397515C5, cid=2404, SUCCESS, logIndex=3321, commits[81367453-3bf0-4298-8a83-8d5c3816df16:c3321]
2019-09-03 20:26:16,277 [grpc-default-executor-1] INFO  client.GrpcClientProtocolClient (GrpcClientProtocolClient.java:onNext(255)) - client-CB1B8AC74E59->81367453-3bf0-4298-8a83-8d5c3816df16: receive RaftClientReply:client-CB1B8AC74E59->81367453-3bf0-4298-8a83-8d5c3816df16@group-F6EC397515C5, cid=2405, SUCCESS, logIndex=3323, commits[81367453-3bf0-4298-8a83-8d5c3816df16:c3326]
2019-09-03 20:26:16,277 [grpc-default-executor-1] INFO  client.GrpcClientProtocolClient (GrpcClientProtocolClient.java:onNext(255)) - client-CB1B8AC74E59->81367453-3bf0-4298-8a83-8d5c3816df16: receive RaftClientReply:client-CB1B8AC74E59->81367453-3bf0-4298-8a83-8d5c3816df16@group-F6EC397515C5, cid=2406, SUCCESS, logIndex=3324, commits[81367453-3bf0-4298-8a83-8d5c3816df16:c3326]
2019-09-03 20:26:16,277 [grpc-default-executor-1] INFO  client.GrpcClientProtocolClient (GrpcClientProtocolClient.java:onNext(255)) - client-CB1B8AC74E59->81367453-3bf0-4298-8a83-8d5c3816df16: receive RaftClientReply:client-CB1B8AC74E59->81367453-3bf0-4298-8a83-8d5c3816df16@group-F6EC397515C5, cid=2407, SUCCESS, logIndex=3325, commits[81367453-3bf0-4298-8a83-8d5c3816df16:c3326]
2019-09-03 20:26:16,278 [grpc-default-executor-1] INFO  client.GrpcClientProtocolClient (GrpcClientProtocolClient.java:onNext(255)) - client-CB1B8AC74E59->81367453-3bf0-4298-8a83-8d5c3816df16: receive RaftClientReply:client-CB1B8AC74E59->81367453-3bf0-4298-8a83-8d5c3816df16@group-F6EC397515C5, cid=2408, SUCCESS, logIndex=3326, commits[81367453-3bf0-4298-8a83-8d5c3816df16:c3326]
2019-09-03 20:26:16,304 [grpc-default-executor-1] INFO  client.GrpcClientProtocolClient (GrpcClientProtocolClient.java:onNext(255)) - client-CB1B8AC74E59->81367453-3bf0-4298-8a83-8d5c3816df16: receive RaftClientReply:client-CB1B8AC74E59->81367453-3bf0-4298-8a83-8d5c3816df16@group-F6EC397515C5, cid=2409, SUCCESS, logIndex=3328, commits[81367453-3bf0-4298-8a83-8d5c3816df16:c3329]
2019-09-03 20:26:16,304 [grpc-default-executor-1] INFO  client.GrpcClientProtocolClient (GrpcClientProtocolClient.java:onNext(255)) - client-CB1B8AC74E59->81367453-3bf0-4298-8a83-8d5c3816df16: receive RaftClientReply:client-CB1B8AC74E59->81367453-3bf0-4298-8a83-8d5c3816df16@group-F6EC397515C5, cid=2410, SUCCESS, logIndex=3329, commits[81367453-3bf0-4298-8a83-8d5c3816df16:c3329]
2019-09-03 20:26:16,314 [grpc-default-executor-1] INFO  client.GrpcClientProtocolClient (GrpcClientProtocolClient.java:onNext(255)) - client-CB1B8AC74E59->81367453-3bf0-4298-8a83-8d5c3816df16: receive RaftClientReply:client-CB1B8AC74E59->81367453-3bf0-4298-8a83-8d5c3816df16@group-F6EC397515C5, cid=2411, SUCCESS, logIndex=3330, commits[81367453-3bf0-4298-8a83-8d5c3816df16:c3331]
2019-09-03 20:26:16,314 [grpc-default-executor-1] INFO  client.GrpcClientProtocolClient (GrpcClientProtocolClient.java:onNext(255)) - client-CB1B8AC74E59->81367453-3bf0-4298-8a83-8d5c3816df16: receive RaftClientReply:client-CB1B8AC74E59->81367453-3bf0-4298-8a83-8d5c3816df16@group-F6EC397515C5, cid=2412, SUCCESS, logIndex=3331, commits[81367453-3bf0-4298-8a83-8d5c3816df16:c3331]
2019-09-03 20:26:16,328 [grpc-default-executor-1] INFO  client.GrpcClientProtocolClient (GrpcClientProtocolClient.java:onNext(255)) - client-CB1B8AC74E59->81367453-3bf0-4298-8a83-8d5c3816df16: receive RaftClientReply:client-CB1B8AC74E59->81367453-3bf0-4298-8a83-8d5c3816df16@group-F6EC397515C5, cid=2413, SUCCESS, logIndex=3334, commits[81367453-3bf0-4298-8a83-8d5c3816df16:c3335]
2019-09-03 20:26:16,329 [grpc-default-executor-1] INFO  client.GrpcClientProtocolClient (GrpcClientProtocolClient.java:onNext(255)) - client-CB1B8AC74E59->81367453-3bf0-4298-8a83-8d5c3816df16: receive RaftClientReply:client-CB1B8AC74E59->81367453-3bf0-4298-8a83-8d5c3816df16@group-F6EC397515C5, cid=2414, SUCCESS, logIndex=3335, commits[81367453-3bf0-4298-8a83-8d5c3816df16:c3335]
2019-09-03 20:26:16,334 [grpc-default-executor-1] INFO  client.GrpcClientProtocolClient (GrpcClientProtocolClient.java:onNext(255)) - client-CB1B8AC74E59->81367453-3bf0-4298-8a83-8d5c3816df16: receive RaftClientReply:client-CB1B8AC74E59->81367453-3bf0-4298-8a83-8d5c3816df16@group-F6EC397515C5, cid=2415, SUCCESS, logIndex=3336, commits[81367453-3bf0-4298-8a83-8d5c3816df16:c3338]
2019-09-03 20:26:16,334 [grpc-default-executor-1] INFO  client.GrpcClientProtocolClient (GrpcClientProtocolClient.java:onNext(255)) - client-CB1B8AC74E59->81367453-3bf0-4298-8a83-8d5c3816df16: receive RaftClientReply:client-CB1B8AC74E59->81367453-3bf0-4298-8a83-8d5c3816df16@group-F6EC397515C5, cid=2416, SUCCESS, logIndex=3337, commits[81367453-3bf0-4298-8a83-8d5c3816df16:c3338]
2019-09-03 20:26:16,348 [SCMBlockDeletingService#1] DEBUG block.SCMBlockDeletingService (SCMBlockDeletingService.java:call(138)) - Running DeletedBlockTransactionScanner
2019-09-03 20:26:16,348 [SCMBlockDeletingService#1] DEBUG block.SCMBlockDeletingService (SCMBlockDeletingService.java:call(155)) - Scanned deleted blocks log and got 0 delTX to process.
2019-09-03 20:26:16,366 [grpc-default-executor-2] INFO  client.GrpcClientProtocolClient (GrpcClientProtocolClient.java:onNext(255)) - client-CB1B8AC74E59->81367453-3bf0-4298-8a83-8d5c3816df16: receive RaftClientReply:client-CB1B8AC74E59->81367453-3bf0-4298-8a83-8d5c3816df16@group-F6EC397515C5, cid=2417, SUCCESS, logIndex=3339, commits[81367453-3bf0-4298-8a83-8d5c3816df16:c3340]
2019-09-03 20:26:16,366 [grpc-default-executor-2] INFO  client.GrpcClientProtocolClient (GrpcClientProtocolClient.java:onNext(255)) - client-CB1B8AC74E59->81367453-3bf0-4298-8a83-8d5c3816df16: receive RaftClientReply:client-CB1B8AC74E59->81367453-3bf0-4298-8a83-8d5c3816df16@group-F6EC397515C5, cid=2418, SUCCESS, logIndex=3340, commits[81367453-3bf0-4298-8a83-8d5c3816df16:c3340]
2019-09-03 20:26:16,374 [grpc-default-executor-2] INFO  client.GrpcClientProtocolClient (GrpcClientProtocolClient.java:onNext(255)) - client-CB1B8AC74E59->81367453-3bf0-4298-8a83-8d5c3816df16: receive RaftClientReply:client-CB1B8AC74E59->81367453-3bf0-4298-8a83-8d5c3816df16@group-F6EC397515C5, cid=2419, SUCCESS, logIndex=3341, commits[81367453-3bf0-4298-8a83-8d5c3816df16:c3342]
2019-09-03 20:26:16,374 [grpc-default-executor-2] INFO  client.GrpcClientProtocolClient (GrpcClientProtocolClient.java:onNext(255)) - client-CB1B8AC74E59->81367453-3bf0-4298-8a83-8d5c3816df16: receive RaftClientReply:client-CB1B8AC74E59->81367453-3bf0-4298-8a83-8d5c3816df16@group-F6EC397515C5, cid=2420, SUCCESS, logIndex=3342, commits[81367453-3bf0-4298-8a83-8d5c3816df16:c3342]
2019-09-03 20:26:16,391 [grpc-default-executor-2] INFO  client.GrpcClientProtocolClient (GrpcClientProtocolClient.java:onNext(255)) - client-CB1B8AC74E59->81367453-3bf0-4298-8a83-8d5c3816df16: receive RaftClientReply:client-CB1B8AC74E59->81367453-3bf0-4298-8a83-8d5c3816df16@group-F6EC397515C5, cid=2421, SUCCESS, logIndex=3345, commits[81367453-3bf0-4298-8a83-8d5c3816df16:c3346]
2019-09-03 20:26:16,391 [grpc-default-executor-2] INFO  client.GrpcClientProtocolClient (GrpcClientProtocolClient.java:onNext(255)) - client-CB1B8AC74E59->81367453-3bf0-4298-8a83-8d5c3816df16: receive RaftClientReply:client-CB1B8AC74E59->81367453-3bf0-4298-8a83-8d5c3816df16@group-F6EC397515C5, cid=2422, SUCCESS, logIndex=3346, commits[81367453-3bf0-4298-8a83-8d5c3816df16:c3346]
2019-09-03 20:26:16,397 [grpc-default-executor-2] INFO  client.GrpcClientProtocolClient (GrpcClientProtocolClient.java:onNext(255)) - client-CB1B8AC74E59->81367453-3bf0-4298-8a83-8d5c3816df16: receive RaftClientReply:client-CB1B8AC74E59->81367453-3bf0-4298-8a83-8d5c3816df16@group-F6EC397515C5, cid=2423, SUCCESS, logIndex=3347, commits[81367453-3bf0-4298-8a83-8d5c3816df16:c3348]
2019-09-03 20:26:16,398 [grpc-default-executor-2] INFO  client.GrpcClientProtocolClient (GrpcClientProtocolClient.java:onNext(255)) - client-CB1B8AC74E59->81367453-3bf0-4298-8a83-8d5c3816df16: receive RaftClientReply:client-CB1B8AC74E59->81367453-3bf0-4298-8a83-8d5c3816df16@group-F6EC397515C5, cid=2424, SUCCESS, logIndex=3348, commits[81367453-3bf0-4298-8a83-8d5c3816df16:c3348]
2019-09-03 20:26:16,423 [grpc-default-executor-2] INFO  client.GrpcClientProtocolClient (GrpcClientProtocolClient.java:onNext(255)) - client-CB1B8AC74E59->81367453-3bf0-4298-8a83-8d5c3816df16: receive RaftClientReply:client-CB1B8AC74E59->81367453-3bf0-4298-8a83-8d5c3816df16@group-F6EC397515C5, cid=2425, SUCCESS, logIndex=3351, commits[81367453-3bf0-4298-8a83-8d5c3816df16:c3354]
2019-09-03 20:26:16,423 [grpc-default-executor-2] INFO  client.GrpcClientProtocolClient (GrpcClientProtocolClient.java:onNext(255)) - client-CB1B8AC74E59->81367453-3bf0-4298-8a83-8d5c3816df16: receive RaftClientReply:client-CB1B8AC74E59->81367453-3bf0-4298-8a83-8d5c3816df16@group-F6EC397515C5, cid=2426, SUCCESS, logIndex=3352, commits[81367453-3bf0-4298-8a83-8d5c3816df16:c3354]
2019-09-03 20:26:16,424 [grpc-default-executor-2] INFO  client.GrpcClientProtocolClient (GrpcClientProtocolClient.java:onNext(255)) - client-CB1B8AC74E59->81367453-3bf0-4298-8a83-8d5c3816df16: receive RaftClientReply:client-CB1B8AC74E59->81367453-3bf0-4298-8a83-8d5c3816df16@group-F6EC397515C5, cid=2427, SUCCESS, logIndex=3353, commits[81367453-3bf0-4298-8a83-8d5c3816df16:c3354]
2019-09-03 20:26:16,424 [grpc-default-executor-2] INFO  client.GrpcClientProtocolClient (GrpcClientProtocolClient.java:onNext(255)) - client-CB1B8AC74E59->81367453-3bf0-4298-8a83-8d5c3816df16: receive RaftClientReply:client-CB1B8AC74E59->81367453-3bf0-4298-8a83-8d5c3816df16@group-F6EC397515C5, cid=2428, SUCCESS, logIndex=3354, commits[81367453-3bf0-4298-8a83-8d5c3816df16:c3354]
2019-09-03 20:26:16,442 [grpc-default-executor-1] INFO  client.GrpcClientProtocolClient (GrpcClientProtocolClient.java:onNext(255)) - client-CB1B8AC74E59->81367453-3bf0-4298-8a83-8d5c3816df16: receive RaftClientReply:client-CB1B8AC74E59->81367453-3bf0-4298-8a83-8d5c3816df16@group-F6EC397515C5, cid=2429, SUCCESS, logIndex=3356, commits[81367453-3bf0-4298-8a83-8d5c3816df16:c3357]
2019-09-03 20:26:16,443 [grpc-default-executor-1] INFO  client.GrpcClientProtocolClient (GrpcClientProtocolClient.java:onNext(255)) - client-CB1B8AC74E59->81367453-3bf0-4298-8a83-8d5c3816df16: receive RaftClientReply:client-CB1B8AC74E59->81367453-3bf0-4298-8a83-8d5c3816df16@group-F6EC397515C5, cid=2430, SUCCESS, logIndex=3357, commits[81367453-3bf0-4298-8a83-8d5c3816df16:c3357]
2019-09-03 20:26:16,449 [SCMBlockDeletingService#1] DEBUG block.SCMBlockDeletingService (SCMBlockDeletingService.java:call(138)) - Running DeletedBlockTransactionScanner
2019-09-03 20:26:16,449 [SCMBlockDeletingService#1] DEBUG block.SCMBlockDeletingService (SCMBlockDeletingService.java:call(155)) - Scanned deleted blocks log and got 0 delTX to process.
2019-09-03 20:26:16,549 [SCMBlockDeletingService#0] DEBUG block.SCMBlockDeletingService (SCMBlockDeletingService.java:call(138)) - Running DeletedBlockTransactionScanner
2019-09-03 20:26:16,550 [SCMBlockDeletingService#0] DEBUG block.SCMBlockDeletingService (SCMBlockDeletingService.java:call(155)) - Scanned deleted blocks log and got 0 delTX to process.
2019-09-03 20:26:16,570 [grpc-default-executor-2] INFO  client.GrpcClientProtocolClient (GrpcClientProtocolClient.java:onNext(255)) - client-CB1B8AC74E59->81367453-3bf0-4298-8a83-8d5c3816df16: receive RaftClientReply:client-CB1B8AC74E59->81367453-3bf0-4298-8a83-8d5c3816df16@group-F6EC397515C5, cid=2431, SUCCESS, logIndex=3359, commits[81367453-3bf0-4298-8a83-8d5c3816df16:c3360]
2019-09-03 20:26:16,570 [grpc-default-executor-2] INFO  client.GrpcClientProtocolClient (GrpcClientProtocolClient.java:onNext(255)) - client-CB1B8AC74E59->81367453-3bf0-4298-8a83-8d5c3816df16: receive RaftClientReply:client-CB1B8AC74E59->81367453-3bf0-4298-8a83-8d5c3816df16@group-F6EC397515C5, cid=2432, SUCCESS, logIndex=3360, commits[81367453-3bf0-4298-8a83-8d5c3816df16:c3360]
2019-09-03 20:26:16,596 [grpc-default-executor-1] INFO  client.GrpcClientProtocolClient (GrpcClientProtocolClient.java:onNext(255)) - client-CB1B8AC74E59->81367453-3bf0-4298-8a83-8d5c3816df16: receive RaftClientReply:client-CB1B8AC74E59->81367453-3bf0-4298-8a83-8d5c3816df16@group-F6EC397515C5, cid=2433, SUCCESS, logIndex=3362, commits[81367453-3bf0-4298-8a83-8d5c3816df16:c3363]
2019-09-03 20:26:16,597 [grpc-default-executor-1] INFO  client.GrpcClientProtocolClient (GrpcClientProtocolClient.java:onNext(255)) - client-CB1B8AC74E59->81367453-3bf0-4298-8a83-8d5c3816df16: receive RaftClientReply:client-CB1B8AC74E59->81367453-3bf0-4298-8a83-8d5c3816df16@group-F6EC397515C5, cid=2434, SUCCESS, logIndex=3363, commits[81367453-3bf0-4298-8a83-8d5c3816df16:c3363]
2019-09-03 20:26:16,603 [grpc-default-executor-1] INFO  client.GrpcClientProtocolClient (GrpcClientProtocolClient.java:onNext(255)) - client-CB1B8AC74E59->81367453-3bf0-4298-8a83-8d5c3816df16: receive RaftClientReply:client-CB1B8AC74E59->81367453-3bf0-4298-8a83-8d5c3816df16@group-F6EC397515C5, cid=2435, SUCCESS, logIndex=3364, commits[81367453-3bf0-4298-8a83-8d5c3816df16:c3365]
2019-09-03 20:26:16,603 [grpc-default-executor-1] INFO  client.GrpcClientProtocolClient (GrpcClientProtocolClient.java:onNext(255)) - client-CB1B8AC74E59->81367453-3bf0-4298-8a83-8d5c3816df16: receive RaftClientReply:client-CB1B8AC74E59->81367453-3bf0-4298-8a83-8d5c3816df16@group-F6EC397515C5, cid=2436, SUCCESS, logIndex=3365, commits[81367453-3bf0-4298-8a83-8d5c3816df16:c3365]
2019-09-03 20:26:16,622 [grpc-default-executor-1] INFO  client.GrpcClientProtocolClient (GrpcClientProtocolClient.java:onNext(255)) - client-CB1B8AC74E59->81367453-3bf0-4298-8a83-8d5c3816df16: receive RaftClientReply:client-CB1B8AC74E59->81367453-3bf0-4298-8a83-8d5c3816df16@group-F6EC397515C5, cid=2437, SUCCESS, logIndex=3368, commits[81367453-3bf0-4298-8a83-8d5c3816df16:c3369]
2019-09-03 20:26:16,623 [grpc-default-executor-1] INFO  client.GrpcClientProtocolClient (GrpcClientProtocolClient.java:onNext(255)) - client-CB1B8AC74E59->81367453-3bf0-4298-8a83-8d5c3816df16: receive RaftClientReply:client-CB1B8AC74E59->81367453-3bf0-4298-8a83-8d5c3816df16@group-F6EC397515C5, cid=2438, SUCCESS, logIndex=3369, commits[81367453-3bf0-4298-8a83-8d5c3816df16:c3369]
2019-09-03 20:26:16,627 [grpc-default-executor-1] INFO  client.GrpcClientProtocolClient (GrpcClientProtocolClient.java:onNext(255)) - client-CB1B8AC74E59->81367453-3bf0-4298-8a83-8d5c3816df16: receive RaftClientReply:client-CB1B8AC74E59->81367453-3bf0-4298-8a83-8d5c3816df16@group-F6EC397515C5, cid=2439, SUCCESS, logIndex=3370, commits[81367453-3bf0-4298-8a83-8d5c3816df16:c3371]
2019-09-03 20:26:16,627 [grpc-default-executor-1] INFO  client.GrpcClientProtocolClient (GrpcClientProtocolClient.java:onNext(255)) - client-CB1B8AC74E59->81367453-3bf0-4298-8a83-8d5c3816df16: receive RaftClientReply:client-CB1B8AC74E59->81367453-3bf0-4298-8a83-8d5c3816df16@group-F6EC397515C5, cid=2440, SUCCESS, logIndex=3371, commits[81367453-3bf0-4298-8a83-8d5c3816df16:c3371]
2019-09-03 20:26:16,650 [SCMBlockDeletingService#0] DEBUG block.SCMBlockDeletingService (SCMBlockDeletingService.java:call(138)) - Running DeletedBlockTransactionScanner
2019-09-03 20:26:16,650 [SCMBlockDeletingService#0] DEBUG block.SCMBlockDeletingService (SCMBlockDeletingService.java:call(155)) - Scanned deleted blocks log and got 0 delTX to process.
2019-09-03 20:26:16,655 [grpc-default-executor-1] INFO  client.GrpcClientProtocolClient (GrpcClientProtocolClient.java:onNext(255)) - client-CB1B8AC74E59->81367453-3bf0-4298-8a83-8d5c3816df16: receive RaftClientReply:client-CB1B8AC74E59->81367453-3bf0-4298-8a83-8d5c3816df16@group-F6EC397515C5, cid=2441, SUCCESS, logIndex=3374, commits[81367453-3bf0-4298-8a83-8d5c3816df16:c3375]
2019-09-03 20:26:16,667 [grpc-default-executor-1] INFO  client.GrpcClientProtocolClient (GrpcClientProtocolClient.java:onNext(255)) - client-CB1B8AC74E59->81367453-3bf0-4298-8a83-8d5c3816df16: receive RaftClientReply:client-CB1B8AC74E59->81367453-3bf0-4298-8a83-8d5c3816df16@group-F6EC397515C5, cid=2442, SUCCESS, logIndex=3375, commits[81367453-3bf0-4298-8a83-8d5c3816df16:c3375]
2019-09-03 20:26:16,668 [grpc-default-executor-1] INFO  client.GrpcClientProtocolClient (GrpcClientProtocolClient.java:onNext(255)) - client-CB1B8AC74E59->81367453-3bf0-4298-8a83-8d5c3816df16: receive RaftClientReply:client-CB1B8AC74E59->81367453-3bf0-4298-8a83-8d5c3816df16@group-F6EC397515C5, cid=2443, SUCCESS, logIndex=3376, commits[81367453-3bf0-4298-8a83-8d5c3816df16:c3377]
2019-09-03 20:26:16,669 [grpc-default-executor-1] INFO  client.GrpcClientProtocolClient (GrpcClientProtocolClient.java:onNext(255)) - client-CB1B8AC74E59->81367453-3bf0-4298-8a83-8d5c3816df16: receive RaftClientReply:client-CB1B8AC74E59->81367453-3bf0-4298-8a83-8d5c3816df16@group-F6EC397515C5, cid=2444, SUCCESS, logIndex=3377, commits[81367453-3bf0-4298-8a83-8d5c3816df16:c3377]
2019-09-03 20:26:16,714 [grpc-default-executor-1] INFO  client.GrpcClientProtocolClient (GrpcClientProtocolClient.java:onNext(255)) - client-CB1B8AC74E59->81367453-3bf0-4298-8a83-8d5c3816df16: receive RaftClientReply:client-CB1B8AC74E59->81367453-3bf0-4298-8a83-8d5c3816df16@group-F6EC397515C5, cid=2445, SUCCESS, logIndex=3380, commits[81367453-3bf0-4298-8a83-8d5c3816df16:c3383]
2019-09-03 20:26:16,715 [grpc-default-executor-1] INFO  client.GrpcClientProtocolClient (GrpcClientProtocolClient.java:onNext(255)) - client-CB1B8AC74E59->81367453-3bf0-4298-8a83-8d5c3816df16: receive RaftClientReply:client-CB1B8AC74E59->81367453-3bf0-4298-8a83-8d5c3816df16@group-F6EC397515C5, cid=2446, SUCCESS, logIndex=3381, commits[81367453-3bf0-4298-8a83-8d5c3816df16:c3383]
2019-09-03 20:26:16,715 [grpc-default-executor-1] INFO  client.GrpcClientProtocolClient (GrpcClientProtocolClient.java:onNext(255)) - client-CB1B8AC74E59->81367453-3bf0-4298-8a83-8d5c3816df16: receive RaftClientReply:client-CB1B8AC74E59->81367453-3bf0-4298-8a83-8d5c3816df16@group-F6EC397515C5, cid=2447, SUCCESS, logIndex=3382, commits[81367453-3bf0-4298-8a83-8d5c3816df16:c3383]
2019-09-03 20:26:16,715 [grpc-default-executor-1] INFO  client.GrpcClientProtocolClient (GrpcClientProtocolClient.java:onNext(255)) - client-CB1B8AC74E59->81367453-3bf0-4298-8a83-8d5c3816df16: receive RaftClientReply:client-CB1B8AC74E59->81367453-3bf0-4298-8a83-8d5c3816df16@group-F6EC397515C5, cid=2448, SUCCESS, logIndex=3383, commits[81367453-3bf0-4298-8a83-8d5c3816df16:c3383]
2019-09-03 20:26:16,741 [grpc-default-executor-1] INFO  client.GrpcClientProtocolClient (GrpcClientProtocolClient.java:onNext(255)) - client-CB1B8AC74E59->81367453-3bf0-4298-8a83-8d5c3816df16: receive RaftClientReply:client-CB1B8AC74E59->81367453-3bf0-4298-8a83-8d5c3816df16@group-F6EC397515C5, cid=2449, SUCCESS, logIndex=3385, commits[81367453-3bf0-4298-8a83-8d5c3816df16:c3386]
2019-09-03 20:26:16,742 [grpc-default-executor-1] INFO  client.GrpcClientProtocolClient (GrpcClientProtocolClient.java:onNext(255)) - client-CB1B8AC74E59->81367453-3bf0-4298-8a83-8d5c3816df16: receive RaftClientReply:client-CB1B8AC74E59->81367453-3bf0-4298-8a83-8d5c3816df16@group-F6EC397515C5, cid=2450, SUCCESS, logIndex=3386, commits[81367453-3bf0-4298-8a83-8d5c3816df16:c3386]
2019-09-03 20:26:16,751 [SCMBlockDeletingService#0] DEBUG block.SCMBlockDeletingService (SCMBlockDeletingService.java:call(138)) - Running DeletedBlockTransactionScanner
2019-09-03 20:26:16,751 [SCMBlockDeletingService#0] DEBUG block.SCMBlockDeletingService (SCMBlockDeletingService.java:call(155)) - Scanned deleted blocks log and got 0 delTX to process.
2019-09-03 20:26:16,752 [grpc-default-executor-1] INFO  client.GrpcClientProtocolClient (GrpcClientProtocolClient.java:onNext(255)) - client-CB1B8AC74E59->81367453-3bf0-4298-8a83-8d5c3816df16: receive RaftClientReply:client-CB1B8AC74E59->81367453-3bf0-4298-8a83-8d5c3816df16@group-F6EC397515C5, cid=2451, SUCCESS, logIndex=3387, commits[81367453-3bf0-4298-8a83-8d5c3816df16:c3388]
2019-09-03 20:26:16,753 [grpc-default-executor-1] INFO  client.GrpcClientProtocolClient (GrpcClientProtocolClient.java:onNext(255)) - client-CB1B8AC74E59->81367453-3bf0-4298-8a83-8d5c3816df16: receive RaftClientReply:client-CB1B8AC74E59->81367453-3bf0-4298-8a83-8d5c3816df16@group-F6EC397515C5, cid=2452, SUCCESS, logIndex=3388, commits[81367453-3bf0-4298-8a83-8d5c3816df16:c3388]
2019-09-03 20:26:16,765 [grpc-default-executor-2] INFO  client.GrpcClientProtocolClient (GrpcClientProtocolClient.java:onNext(255)) - client-CB1B8AC74E59->81367453-3bf0-4298-8a83-8d5c3816df16: receive RaftClientReply:client-CB1B8AC74E59->81367453-3bf0-4298-8a83-8d5c3816df16@group-F6EC397515C5, cid=2453, SUCCESS, logIndex=3391, commits[81367453-3bf0-4298-8a83-8d5c3816df16:c3392]
2019-09-03 20:26:16,765 [grpc-default-executor-2] INFO  client.GrpcClientProtocolClient (GrpcClientProtocolClient.java:onNext(255)) - client-CB1B8AC74E59->81367453-3bf0-4298-8a83-8d5c3816df16: receive RaftClientReply:client-CB1B8AC74E59->81367453-3bf0-4298-8a83-8d5c3816df16@group-F6EC397515C5, cid=2454, SUCCESS, logIndex=3392, commits[81367453-3bf0-4298-8a83-8d5c3816df16:c3392]
2019-09-03 20:26:16,772 [grpc-default-executor-2] INFO  client.GrpcClientProtocolClient (GrpcClientProtocolClient.java:onNext(255)) - client-CB1B8AC74E59->81367453-3bf0-4298-8a83-8d5c3816df16: receive RaftClientReply:client-CB1B8AC74E59->81367453-3bf0-4298-8a83-8d5c3816df16@group-F6EC397515C5, cid=2455, SUCCESS, logIndex=3393, commits[81367453-3bf0-4298-8a83-8d5c3816df16:c3394]
2019-09-03 20:26:16,773 [grpc-default-executor-2] INFO  client.GrpcClientProtocolClient (GrpcClientProtocolClient.java:onNext(255)) - client-CB1B8AC74E59->81367453-3bf0-4298-8a83-8d5c3816df16: receive RaftClientReply:client-CB1B8AC74E59->81367453-3bf0-4298-8a83-8d5c3816df16@group-F6EC397515C5, cid=2456, SUCCESS, logIndex=3394, commits[81367453-3bf0-4298-8a83-8d5c3816df16:c3394]
2019-09-03 20:26:16,797 [grpc-default-executor-1] INFO  client.GrpcClientProtocolClient (GrpcClientProtocolClient.java:onNext(255)) - client-CB1B8AC74E59->81367453-3bf0-4298-8a83-8d5c3816df16: receive RaftClientReply:client-CB1B8AC74E59->81367453-3bf0-4298-8a83-8d5c3816df16@group-F6EC397515C5, cid=2457, SUCCESS, logIndex=3397, commits[81367453-3bf0-4298-8a83-8d5c3816df16:c3398]
2019-09-03 20:26:16,798 [grpc-default-executor-1] INFO  client.GrpcClientProtocolClient (GrpcClientProtocolClient.java:onNext(255)) - client-CB1B8AC74E59->81367453-3bf0-4298-8a83-8d5c3816df16: receive RaftClientReply:client-CB1B8AC74E59->81367453-3bf0-4298-8a83-8d5c3816df16@group-F6EC397515C5, cid=2458, SUCCESS, logIndex=3398, commits[81367453-3bf0-4298-8a83-8d5c3816df16:c3398]
2019-09-03 20:26:16,813 [grpc-default-executor-1] INFO  client.GrpcClientProtocolClient (GrpcClientProtocolClient.java:onNext(255)) - client-CB1B8AC74E59->81367453-3bf0-4298-8a83-8d5c3816df16: receive RaftClientReply:client-CB1B8AC74E59->81367453-3bf0-4298-8a83-8d5c3816df16@group-F6EC397515C5, cid=2459, SUCCESS, logIndex=3399, commits[81367453-3bf0-4298-8a83-8d5c3816df16:c3400]
2019-09-03 20:26:16,814 [grpc-default-executor-1] INFO  client.GrpcClientProtocolClient (GrpcClientProtocolClient.java:onNext(255)) - client-CB1B8AC74E59->81367453-3bf0-4298-8a83-8d5c3816df16: receive RaftClientReply:client-CB1B8AC74E59->81367453-3bf0-4298-8a83-8d5c3816df16@group-F6EC397515C5, cid=2460, SUCCESS, logIndex=3400, commits[81367453-3bf0-4298-8a83-8d5c3816df16:c3400]
2019-09-03 20:26:16,840 [grpc-default-executor-2] INFO  client.GrpcClientProtocolClient (GrpcClientProtocolClient.java:onNext(255)) - client-CB1B8AC74E59->81367453-3bf0-4298-8a83-8d5c3816df16: receive RaftClientReply:client-CB1B8AC74E59->81367453-3bf0-4298-8a83-8d5c3816df16@group-F6EC397515C5, cid=2461, SUCCESS, logIndex=3403, commits[81367453-3bf0-4298-8a83-8d5c3816df16:c3404]
2019-09-03 20:26:16,840 [grpc-default-executor-2] INFO  client.GrpcClientProtocolClient (GrpcClientProtocolClient.java:onNext(255)) - client-CB1B8AC74E59->81367453-3bf0-4298-8a83-8d5c3816df16: receive RaftClientReply:client-CB1B8AC74E59->81367453-3bf0-4298-8a83-8d5c3816df16@group-F6EC397515C5, cid=2462, SUCCESS, logIndex=3404, commits[81367453-3bf0-4298-8a83-8d5c3816df16:c3404]
2019-09-03 20:26:16,848 [grpc-default-executor-2] INFO  client.GrpcClientProtocolClient (GrpcClientProtocolClient.java:onNext(255)) - client-CB1B8AC74E59->81367453-3bf0-4298-8a83-8d5c3816df16: receive RaftClientReply:client-CB1B8AC74E59->81367453-3bf0-4298-8a83-8d5c3816df16@group-F6EC397515C5, cid=2463, SUCCESS, logIndex=3405, commits[81367453-3bf0-4298-8a83-8d5c3816df16:c3406]
2019-09-03 20:26:16,848 [grpc-default-executor-2] INFO  client.GrpcClientProtocolClient (GrpcClientProtocolClient.java:onNext(255)) - client-CB1B8AC74E59->81367453-3bf0-4298-8a83-8d5c3816df16: receive RaftClientReply:client-CB1B8AC74E59->81367453-3bf0-4298-8a83-8d5c3816df16@group-F6EC397515C5, cid=2464, SUCCESS, logIndex=3406, commits[81367453-3bf0-4298-8a83-8d5c3816df16:c3406]
2019-09-03 20:26:16,851 [SCMBlockDeletingService#0] DEBUG block.SCMBlockDeletingService (SCMBlockDeletingService.java:call(138)) - Running DeletedBlockTransactionScanner
2019-09-03 20:26:16,852 [SCMBlockDeletingService#0] DEBUG block.SCMBlockDeletingService (SCMBlockDeletingService.java:call(155)) - Scanned deleted blocks log and got 0 delTX to process.
2019-09-03 20:26:16,884 [grpc-default-executor-2] INFO  client.GrpcClientProtocolClient (GrpcClientProtocolClient.java:onNext(255)) - client-CB1B8AC74E59->81367453-3bf0-4298-8a83-8d5c3816df16: receive RaftClientReply:client-CB1B8AC74E59->81367453-3bf0-4298-8a83-8d5c3816df16@group-F6EC397515C5, cid=2465, SUCCESS, logIndex=3409, commits[81367453-3bf0-4298-8a83-8d5c3816df16:c3410]
2019-09-03 20:26:16,885 [grpc-default-executor-2] INFO  client.GrpcClientProtocolClient (GrpcClientProtocolClient.java:onNext(255)) - client-CB1B8AC74E59->81367453-3bf0-4298-8a83-8d5c3816df16: receive RaftClientReply:client-CB1B8AC74E59->81367453-3bf0-4298-8a83-8d5c3816df16@group-F6EC397515C5, cid=2466, SUCCESS, logIndex=3410, commits[81367453-3bf0-4298-8a83-8d5c3816df16:c3410]
2019-09-03 20:26:16,888 [grpc-default-executor-2] INFO  client.GrpcClientProtocolClient (GrpcClientProtocolClient.java:onNext(255)) - client-CB1B8AC74E59->81367453-3bf0-4298-8a83-8d5c3816df16: receive RaftClientReply:client-CB1B8AC74E59->81367453-3bf0-4298-8a83-8d5c3816df16@group-F6EC397515C5, cid=2467, SUCCESS, logIndex=3411, commits[81367453-3bf0-4298-8a83-8d5c3816df16:c3412]
2019-09-03 20:26:16,888 [grpc-default-executor-2] INFO  client.GrpcClientProtocolClient (GrpcClientProtocolClient.java:onNext(255)) - client-CB1B8AC74E59->81367453-3bf0-4298-8a83-8d5c3816df16: receive RaftClientReply:client-CB1B8AC74E59->81367453-3bf0-4298-8a83-8d5c3816df16@group-F6EC397515C5, cid=2468, SUCCESS, logIndex=3412, commits[81367453-3bf0-4298-8a83-8d5c3816df16:c3412]
2019-09-03 20:26:16,942 [grpc-default-executor-1] INFO  client.GrpcClientProtocolClient (GrpcClientProtocolClient.java:onNext(255)) - client-CB1B8AC74E59->81367453-3bf0-4298-8a83-8d5c3816df16: receive RaftClientReply:client-CB1B8AC74E59->81367453-3bf0-4298-8a83-8d5c3816df16@group-F6EC397515C5, cid=2469, SUCCESS, logIndex=3415, commits[81367453-3bf0-4298-8a83-8d5c3816df16:c3418]
2019-09-03 20:26:16,942 [grpc-default-executor-1] INFO  client.GrpcClientProtocolClient (GrpcClientProtocolClient.java:onNext(255)) - client-CB1B8AC74E59->81367453-3bf0-4298-8a83-8d5c3816df16: receive RaftClientReply:client-CB1B8AC74E59->81367453-3bf0-4298-8a83-8d5c3816df16@group-F6EC397515C5, cid=2470, SUCCESS, logIndex=3416, commits[81367453-3bf0-4298-8a83-8d5c3816df16:c3418]
2019-09-03 20:26:16,943 [grpc-default-executor-1] INFO  client.GrpcClientProtocolClient (GrpcClientProtocolClient.java:onNext(255)) - client-CB1B8AC74E59->81367453-3bf0-4298-8a83-8d5c3816df16: receive RaftClientReply:client-CB1B8AC74E59->81367453-3bf0-4298-8a83-8d5c3816df16@group-F6EC397515C5, cid=2471, SUCCESS, logIndex=3417, commits[81367453-3bf0-4298-8a83-8d5c3816df16:c3418]
2019-09-03 20:26:16,943 [grpc-default-executor-1] INFO  client.GrpcClientProtocolClient (GrpcClientProtocolClient.java:onNext(255)) - client-CB1B8AC74E59->81367453-3bf0-4298-8a83-8d5c3816df16: receive RaftClientReply:client-CB1B8AC74E59->81367453-3bf0-4298-8a83-8d5c3816df16@group-F6EC397515C5, cid=2472, SUCCESS, logIndex=3418, commits[81367453-3bf0-4298-8a83-8d5c3816df16:c3418]
2019-09-03 20:26:16,952 [SCMBlockDeletingService#1] DEBUG block.SCMBlockDeletingService (SCMBlockDeletingService.java:call(138)) - Running DeletedBlockTransactionScanner
2019-09-03 20:26:16,952 [SCMBlockDeletingService#1] DEBUG block.SCMBlockDeletingService (SCMBlockDeletingService.java:call(155)) - Scanned deleted blocks log and got 0 delTX to process.
2019-09-03 20:26:16,985 [grpc-default-executor-2] INFO  client.GrpcClientProtocolClient (GrpcClientProtocolClient.java:onNext(255)) - client-CB1B8AC74E59->81367453-3bf0-4298-8a83-8d5c3816df16: receive RaftClientReply:client-CB1B8AC74E59->81367453-3bf0-4298-8a83-8d5c3816df16@group-F6EC397515C5, cid=2473, SUCCESS, logIndex=3420, commits[81367453-3bf0-4298-8a83-8d5c3816df16:c3421]
2019-09-03 20:26:16,986 [grpc-default-executor-2] INFO  client.GrpcClientProtocolClient (GrpcClientProtocolClient.java:onNext(255)) - client-CB1B8AC74E59->81367453-3bf0-4298-8a83-8d5c3816df16: receive RaftClientReply:client-CB1B8AC74E59->81367453-3bf0-4298-8a83-8d5c3816df16@group-F6EC397515C5, cid=2474, SUCCESS, logIndex=3421, commits[81367453-3bf0-4298-8a83-8d5c3816df16:c3421]
2019-09-03 20:26:17,053 [SCMBlockDeletingService#1] DEBUG block.SCMBlockDeletingService (SCMBlockDeletingService.java:call(138)) - Running DeletedBlockTransactionScanner
2019-09-03 20:26:17,053 [SCMBlockDeletingService#1] DEBUG block.SCMBlockDeletingService (SCMBlockDeletingService.java:call(155)) - Scanned deleted blocks log and got 0 delTX to process.
2019-09-03 20:26:17,283 [SCMBlockDeletingService#1] DEBUG block.SCMBlockDeletingService (SCMBlockDeletingService.java:call(138)) - Running DeletedBlockTransactionScanner
2019-09-03 20:26:17,283 [SCMBlockDeletingService#1] DEBUG block.SCMBlockDeletingService (SCMBlockDeletingService.java:call(155)) - Scanned deleted blocks log and got 0 delTX to process.
2019-09-03 20:26:17,313 [grpc-default-executor-1] INFO  client.GrpcClientProtocolClient (GrpcClientProtocolClient.java:onNext(255)) - client-CB1B8AC74E59->81367453-3bf0-4298-8a83-8d5c3816df16: receive RaftClientReply:client-CB1B8AC74E59->81367453-3bf0-4298-8a83-8d5c3816df16@group-F6EC397515C5, cid=2475, SUCCESS, logIndex=3423, commits[81367453-3bf0-4298-8a83-8d5c3816df16:c3424]
2019-09-03 20:26:17,313 [grpc-default-executor-1] INFO  client.GrpcClientProtocolClient (GrpcClientProtocolClient.java:onNext(255)) - client-CB1B8AC74E59->81367453-3bf0-4298-8a83-8d5c3816df16: receive RaftClientReply:client-CB1B8AC74E59->81367453-3bf0-4298-8a83-8d5c3816df16@group-F6EC397515C5, cid=2476, SUCCESS, logIndex=3424, commits[81367453-3bf0-4298-8a83-8d5c3816df16:c3424]
2019-09-03 20:26:17,329 [grpc-default-executor-1] INFO  client.GrpcClientProtocolClient (GrpcClientProtocolClient.java:onNext(255)) - client-CB1B8AC74E59->81367453-3bf0-4298-8a83-8d5c3816df16: receive RaftClientReply:client-CB1B8AC74E59->81367453-3bf0-4298-8a83-8d5c3816df16@group-F6EC397515C5, cid=2477, SUCCESS, logIndex=3426, commits[81367453-3bf0-4298-8a83-8d5c3816df16:c3427]
2019-09-03 20:26:17,330 [grpc-default-executor-1] INFO  client.GrpcClientProtocolClient (GrpcClientProtocolClient.java:onNext(255)) - client-CB1B8AC74E59->81367453-3bf0-4298-8a83-8d5c3816df16: receive RaftClientReply:client-CB1B8AC74E59->81367453-3bf0-4298-8a83-8d5c3816df16@group-F6EC397515C5, cid=2478, SUCCESS, logIndex=3427, commits[81367453-3bf0-4298-8a83-8d5c3816df16:c3427]
2019-09-03 20:26:17,335 [grpc-default-executor-1] INFO  client.GrpcClientProtocolClient (GrpcClientProtocolClient.java:onNext(255)) - client-CB1B8AC74E59->81367453-3bf0-4298-8a83-8d5c3816df16: receive RaftClientReply:client-CB1B8AC74E59->81367453-3bf0-4298-8a83-8d5c3816df16@group-F6EC397515C5, cid=2479, SUCCESS, logIndex=3428, commits[81367453-3bf0-4298-8a83-8d5c3816df16:c3429]
2019-09-03 20:26:17,335 [grpc-default-executor-1] INFO  client.GrpcClientProtocolClient (GrpcClientProtocolClient.java:onNext(255)) - client-CB1B8AC74E59->81367453-3bf0-4298-8a83-8d5c3816df16: receive RaftClientReply:client-CB1B8AC74E59->81367453-3bf0-4298-8a83-8d5c3816df16@group-F6EC397515C5, cid=2480, SUCCESS, logIndex=3429, commits[81367453-3bf0-4298-8a83-8d5c3816df16:c3429]
2019-09-03 20:26:17,375 [grpc-default-executor-2] INFO  client.GrpcClientProtocolClient (GrpcClientProtocolClient.java:onNext(255)) - client-CB1B8AC74E59->81367453-3bf0-4298-8a83-8d5c3816df16: receive RaftClientReply:client-CB1B8AC74E59->81367453-3bf0-4298-8a83-8d5c3816df16@group-F6EC397515C5, cid=2481, SUCCESS, logIndex=3432, commits[81367453-3bf0-4298-8a83-8d5c3816df16:c3433]
2019-09-03 20:26:17,376 [grpc-default-executor-2] INFO  client.GrpcClientProtocolClient (GrpcClientProtocolClient.java:onNext(255)) - client-CB1B8AC74E59->81367453-3bf0-4298-8a83-8d5c3816df16: receive RaftClientReply:client-CB1B8AC74E59->81367453-3bf0-4298-8a83-8d5c3816df16@group-F6EC397515C5, cid=2482, SUCCESS, logIndex=3433, commits[81367453-3bf0-4298-8a83-8d5c3816df16:c3433]
2019-09-03 20:26:17,384 [SCMBlockDeletingService#1] DEBUG block.SCMBlockDeletingService (SCMBlockDeletingService.java:call(138)) - Running DeletedBlockTransactionScanner
2019-09-03 20:26:17,384 [SCMBlockDeletingService#1] DEBUG block.SCMBlockDeletingService (SCMBlockDeletingService.java:call(155)) - Scanned deleted blocks log and got 0 delTX to process.
2019-09-03 20:26:17,385 [grpc-default-executor-2] INFO  client.GrpcClientProtocolClient (GrpcClientProtocolClient.java:onNext(255)) - client-CB1B8AC74E59->81367453-3bf0-4298-8a83-8d5c3816df16: receive RaftClientReply:client-CB1B8AC74E59->81367453-3bf0-4298-8a83-8d5c3816df16@group-F6EC397515C5, cid=2483, SUCCESS, logIndex=3434, commits[81367453-3bf0-4298-8a83-8d5c3816df16:c3435]
2019-09-03 20:26:17,386 [grpc-default-executor-2] INFO  client.GrpcClientProtocolClient (GrpcClientProtocolClient.java:onNext(255)) - client-CB1B8AC74E59->81367453-3bf0-4298-8a83-8d5c3816df16: receive RaftClientReply:client-CB1B8AC74E59->81367453-3bf0-4298-8a83-8d5c3816df16@group-F6EC397515C5, cid=2484, SUCCESS, logIndex=3435, commits[81367453-3bf0-4298-8a83-8d5c3816df16:c3435]
2019-09-03 20:26:17,403 [grpc-default-executor-2] INFO  client.GrpcClientProtocolClient (GrpcClientProtocolClient.java:onNext(255)) - client-CB1B8AC74E59->81367453-3bf0-4298-8a83-8d5c3816df16: receive RaftClientReply:client-CB1B8AC74E59->81367453-3bf0-4298-8a83-8d5c3816df16@group-F6EC397515C5, cid=2485, SUCCESS, logIndex=3438, commits[81367453-3bf0-4298-8a83-8d5c3816df16:c3441]
2019-09-03 20:26:17,404 [grpc-default-executor-2] INFO  client.GrpcClientProtocolClient (GrpcClientProtocolClient.java:onNext(255)) - client-CB1B8AC74E59->81367453-3bf0-4298-8a83-8d5c3816df16: receive RaftClientReply:client-CB1B8AC74E59->81367453-3bf0-4298-8a83-8d5c3816df16@group-F6EC397515C5, cid=2486, SUCCESS, logIndex=3439, commits[81367453-3bf0-4298-8a83-8d5c3816df16:c3441]
2019-09-03 20:26:17,404 [grpc-default-executor-2] INFO  client.GrpcClientProtocolClient (GrpcClientProtocolClient.java:onNext(255)) - client-CB1B8AC74E59->81367453-3bf0-4298-8a83-8d5c3816df16: receive RaftClientReply:client-CB1B8AC74E59->81367453-3bf0-4298-8a83-8d5c3816df16@group-F6EC397515C5, cid=2487, SUCCESS, logIndex=3440, commits[81367453-3bf0-4298-8a83-8d5c3816df16:c3441]
2019-09-03 20:26:17,404 [grpc-default-executor-2] INFO  client.GrpcClientProtocolClient (GrpcClientProtocolClient.java:onNext(255)) - client-CB1B8AC74E59->81367453-3bf0-4298-8a83-8d5c3816df16: receive RaftClientReply:client-CB1B8AC74E59->81367453-3bf0-4298-8a83-8d5c3816df16@group-F6EC397515C5, cid=2488, SUCCESS, logIndex=3441, commits[81367453-3bf0-4298-8a83-8d5c3816df16:c3441]
2019-09-03 20:26:17,438 [grpc-default-executor-2] INFO  client.GrpcClientProtocolClient (GrpcClientProtocolClient.java:onNext(255)) - client-CB1B8AC74E59->81367453-3bf0-4298-8a83-8d5c3816df16: receive RaftClientReply:client-CB1B8AC74E59->81367453-3bf0-4298-8a83-8d5c3816df16@group-F6EC397515C5, cid=2489, SUCCESS, logIndex=3443, commits[81367453-3bf0-4298-8a83-8d5c3816df16:c3444]
2019-09-03 20:26:17,439 [grpc-default-executor-2] INFO  client.GrpcClientProtocolClient (GrpcClientProtocolClient.java:onNext(255)) - client-CB1B8AC74E59->81367453-3bf0-4298-8a83-8d5c3816df16: receive RaftClientReply:client-CB1B8AC74E59->81367453-3bf0-4298-8a83-8d5c3816df16@group-F6EC397515C5, cid=2490, SUCCESS, logIndex=3444, commits[81367453-3bf0-4298-8a83-8d5c3816df16:c3444]
2019-09-03 20:26:17,444 [grpc-default-executor-2] INFO  client.GrpcClientProtocolClient (GrpcClientProtocolClient.java:onNext(255)) - client-CB1B8AC74E59->81367453-3bf0-4298-8a83-8d5c3816df16: receive RaftClientReply:client-CB1B8AC74E59->81367453-3bf0-4298-8a83-8d5c3816df16@group-F6EC397515C5, cid=2491, SUCCESS, logIndex=3445, commits[81367453-3bf0-4298-8a83-8d5c3816df16:c3446]
2019-09-03 20:26:17,444 [grpc-default-executor-2] INFO  client.GrpcClientProtocolClient (GrpcClientProtocolClient.java:onNext(255)) - client-CB1B8AC74E59->81367453-3bf0-4298-8a83-8d5c3816df16: receive RaftClientReply:client-CB1B8AC74E59->81367453-3bf0-4298-8a83-8d5c3816df16@group-F6EC397515C5, cid=2492, SUCCESS, logIndex=3446, commits[81367453-3bf0-4298-8a83-8d5c3816df16:c3446]
2019-09-03 20:26:17,470 [grpc-default-executor-2] INFO  client.GrpcClientProtocolClient (GrpcClientProtocolClient.java:onNext(255)) - client-CB1B8AC74E59->81367453-3bf0-4298-8a83-8d5c3816df16: receive RaftClientReply:client-CB1B8AC74E59->81367453-3bf0-4298-8a83-8d5c3816df16@group-F6EC397515C5, cid=2493, SUCCESS, logIndex=3449, commits[81367453-3bf0-4298-8a83-8d5c3816df16:c3452]
2019-09-03 20:26:17,470 [grpc-default-executor-2] INFO  client.GrpcClientProtocolClient (GrpcClientProtocolClient.java:onNext(255)) - client-CB1B8AC74E59->81367453-3bf0-4298-8a83-8d5c3816df16: receive RaftClientReply:client-CB1B8AC74E59->81367453-3bf0-4298-8a83-8d5c3816df16@group-F6EC397515C5, cid=2494, SUCCESS, logIndex=3450, commits[81367453-3bf0-4298-8a83-8d5c3816df16:c3452]
2019-09-03 20:26:17,470 [grpc-default-executor-1] INFO  client.GrpcClientProtocolClient (GrpcClientProtocolClient.java:onNext(255)) - client-CB1B8AC74E59->81367453-3bf0-4298-8a83-8d5c3816df16: receive RaftClientReply:client-CB1B8AC74E59->81367453-3bf0-4298-8a83-8d5c3816df16@group-F6EC397515C5, cid=2495, SUCCESS, logIndex=3451, commits[81367453-3bf0-4298-8a83-8d5c3816df16:c3452]
2019-09-03 20:26:17,471 [grpc-default-executor-1] INFO  client.GrpcClientProtocolClient (GrpcClientProtocolClient.java:onNext(255)) - client-CB1B8AC74E59->81367453-3bf0-4298-8a83-8d5c3816df16: receive RaftClientReply:client-CB1B8AC74E59->81367453-3bf0-4298-8a83-8d5c3816df16@group-F6EC397515C5, cid=2496, SUCCESS, logIndex=3452, commits[81367453-3bf0-4298-8a83-8d5c3816df16:c3452]
2019-09-03 20:26:17,484 [SCMBlockDeletingService#0] DEBUG block.SCMBlockDeletingService (SCMBlockDeletingService.java:call(138)) - Running DeletedBlockTransactionScanner
2019-09-03 20:26:17,485 [SCMBlockDeletingService#0] DEBUG block.SCMBlockDeletingService (SCMBlockDeletingService.java:call(155)) - Scanned deleted blocks log and got 0 delTX to process.
2019-09-03 20:26:17,507 [grpc-default-executor-1] INFO  client.GrpcClientProtocolClient (GrpcClientProtocolClient.java:onNext(255)) - client-CB1B8AC74E59->81367453-3bf0-4298-8a83-8d5c3816df16: receive RaftClientReply:client-CB1B8AC74E59->81367453-3bf0-4298-8a83-8d5c3816df16@group-F6EC397515C5, cid=2497, SUCCESS, logIndex=3454, commits[81367453-3bf0-4298-8a83-8d5c3816df16:c3457]
2019-09-03 20:26:17,508 [grpc-default-executor-1] INFO  client.GrpcClientProtocolClient (GrpcClientProtocolClient.java:onNext(255)) - client-CB1B8AC74E59->81367453-3bf0-4298-8a83-8d5c3816df16: receive RaftClientReply:client-CB1B8AC74E59->81367453-3bf0-4298-8a83-8d5c3816df16@group-F6EC397515C5, cid=2498, SUCCESS, logIndex=3455, commits[81367453-3bf0-4298-8a83-8d5c3816df16:c3457]
2019-09-03 20:26:17,508 [grpc-default-executor-1] INFO  client.GrpcClientProtocolClient (GrpcClientProtocolClient.java:onNext(255)) - client-CB1B8AC74E59->81367453-3bf0-4298-8a83-8d5c3816df16: receive RaftClientReply:client-CB1B8AC74E59->81367453-3bf0-4298-8a83-8d5c3816df16@group-F6EC397515C5, cid=2499, SUCCESS, logIndex=3456, commits[81367453-3bf0-4298-8a83-8d5c3816df16:c3457]
2019-09-03 20:26:17,508 [grpc-default-executor-1] INFO  client.GrpcClientProtocolClient (GrpcClientProtocolClient.java:onNext(255)) - client-CB1B8AC74E59->81367453-3bf0-4298-8a83-8d5c3816df16: receive RaftClientReply:client-CB1B8AC74E59->81367453-3bf0-4298-8a83-8d5c3816df16@group-F6EC397515C5, cid=2500, SUCCESS, logIndex=3457, commits[81367453-3bf0-4298-8a83-8d5c3816df16:c3457]
2019-09-03 20:26:17,528 [grpc-default-executor-2] INFO  client.GrpcClientProtocolClient (GrpcClientProtocolClient.java:onNext(255)) - client-CB1B8AC74E59->81367453-3bf0-4298-8a83-8d5c3816df16: receive RaftClientReply:client-CB1B8AC74E59->81367453-3bf0-4298-8a83-8d5c3816df16@group-F6EC397515C5, cid=2501, SUCCESS, logIndex=3459, commits[81367453-3bf0-4298-8a83-8d5c3816df16:c3460]
2019-09-03 20:26:17,528 [grpc-default-executor-2] INFO  client.GrpcClientProtocolClient (GrpcClientProtocolClient.java:onNext(255)) - client-CB1B8AC74E59->81367453-3bf0-4298-8a83-8d5c3816df16: receive RaftClientReply:client-CB1B8AC74E59->81367453-3bf0-4298-8a83-8d5c3816df16@group-F6EC397515C5, cid=2502, SUCCESS, logIndex=3460, commits[81367453-3bf0-4298-8a83-8d5c3816df16:c3460]
2019-09-03 20:26:17,535 [grpc-default-executor-2] INFO  client.GrpcClientProtocolClient (GrpcClientProtocolClient.java:onNext(255)) - client-CB1B8AC74E59->81367453-3bf0-4298-8a83-8d5c3816df16: receive RaftClientReply:client-CB1B8AC74E59->81367453-3bf0-4298-8a83-8d5c3816df16@group-F6EC397515C5, cid=2503, SUCCESS, logIndex=3461, commits[81367453-3bf0-4298-8a83-8d5c3816df16:c3462]
2019-09-03 20:26:17,535 [grpc-default-executor-2] INFO  client.GrpcClientProtocolClient (GrpcClientProtocolClient.java:onNext(255)) - client-CB1B8AC74E59->81367453-3bf0-4298-8a83-8d5c3816df16: receive RaftClientReply:client-CB1B8AC74E59->81367453-3bf0-4298-8a83-8d5c3816df16@group-F6EC397515C5, cid=2504, SUCCESS, logIndex=3462, commits[81367453-3bf0-4298-8a83-8d5c3816df16:c3462]
2019-09-03 20:26:17,582 [grpc-default-executor-1] INFO  client.GrpcClientProtocolClient (GrpcClientProtocolClient.java:onNext(255)) - client-CB1B8AC74E59->81367453-3bf0-4298-8a83-8d5c3816df16: receive RaftClientReply:client-CB1B8AC74E59->81367453-3bf0-4298-8a83-8d5c3816df16@group-F6EC397515C5, cid=2505, SUCCESS, logIndex=3465, commits[81367453-3bf0-4298-8a83-8d5c3816df16:c3468]
2019-09-03 20:26:17,582 [grpc-default-executor-1] INFO  client.GrpcClientProtocolClient (GrpcClientProtocolClient.java:onNext(255)) - client-CB1B8AC74E59->81367453-3bf0-4298-8a83-8d5c3816df16: receive RaftClientReply:client-CB1B8AC74E59->81367453-3bf0-4298-8a83-8d5c3816df16@group-F6EC397515C5, cid=2506, SUCCESS, logIndex=3466, commits[81367453-3bf0-4298-8a83-8d5c3816df16:c3468]
2019-09-03 20:26:17,582 [grpc-default-executor-1] INFO  client.GrpcClientProtocolClient (GrpcClientProtocolClient.java:onNext(255)) - client-CB1B8AC74E59->81367453-3bf0-4298-8a83-8d5c3816df16: receive RaftClientReply:client-CB1B8AC74E59->81367453-3bf0-4298-8a83-8d5c3816df16@group-F6EC397515C5, cid=2507, SUCCESS, logIndex=3467, commits[81367453-3bf0-4298-8a83-8d5c3816df16:c3468]
2019-09-03 20:26:17,582 [grpc-default-executor-1] INFO  client.GrpcClientProtocolClient (GrpcClientProtocolClient.java:onNext(255)) - client-CB1B8AC74E59->81367453-3bf0-4298-8a83-8d5c3816df16: receive RaftClientReply:client-CB1B8AC74E59->81367453-3bf0-4298-8a83-8d5c3816df16@group-F6EC397515C5, cid=2508, SUCCESS, logIndex=3468, commits[81367453-3bf0-4298-8a83-8d5c3816df16:c3468]
2019-09-03 20:26:17,585 [SCMBlockDeletingService#1] DEBUG block.SCMBlockDeletingService (SCMBlockDeletingService.java:call(138)) - Running DeletedBlockTransactionScanner
2019-09-03 20:26:17,585 [SCMBlockDeletingService#1] DEBUG block.SCMBlockDeletingService (SCMBlockDeletingService.java:call(155)) - Scanned deleted blocks log and got 0 delTX to process.
2019-09-03 20:26:17,604 [grpc-default-executor-1] INFO  client.GrpcClientProtocolClient (GrpcClientProtocolClient.java:onNext(255)) - client-CB1B8AC74E59->81367453-3bf0-4298-8a83-8d5c3816df16: receive RaftClientReply:client-CB1B8AC74E59->81367453-3bf0-4298-8a83-8d5c3816df16@group-F6EC397515C5, cid=2509, SUCCESS, logIndex=3470, commits[81367453-3bf0-4298-8a83-8d5c3816df16:c3473]
2019-09-03 20:26:17,605 [grpc-default-executor-1] INFO  client.GrpcClientProtocolClient (GrpcClientProtocolClient.java:onNext(255)) - client-CB1B8AC74E59->81367453-3bf0-4298-8a83-8d5c3816df16: receive RaftClientReply:client-CB1B8AC74E59->81367453-3bf0-4298-8a83-8d5c3816df16@group-F6EC397515C5, cid=2510, SUCCESS, logIndex=3471, commits[81367453-3bf0-4298-8a83-8d5c3816df16:c3473]
2019-09-03 20:26:17,605 [grpc-default-executor-1] INFO  client.GrpcClientProtocolClient (GrpcClientProtocolClient.java:onNext(255)) - client-CB1B8AC74E59->81367453-3bf0-4298-8a83-8d5c3816df16: receive RaftClientReply:client-CB1B8AC74E59->81367453-3bf0-4298-8a83-8d5c3816df16@group-F6EC397515C5, cid=2511, SUCCESS, logIndex=3472, commits[81367453-3bf0-4298-8a83-8d5c3816df16:c3473]
2019-09-03 20:26:17,606 [grpc-default-executor-1] INFO  client.GrpcClientProtocolClient (GrpcClientProtocolClient.java:onNext(255)) - client-CB1B8AC74E59->81367453-3bf0-4298-8a83-8d5c3816df16: receive RaftClientReply:client-CB1B8AC74E59->81367453-3bf0-4298-8a83-8d5c3816df16@group-F6EC397515C5, cid=2512, SUCCESS, logIndex=3473, commits[81367453-3bf0-4298-8a83-8d5c3816df16:c3473]
2019-09-03 20:26:17,647 [grpc-default-executor-1] INFO  client.GrpcClientProtocolClient (GrpcClientProtocolClient.java:onNext(255)) - client-CB1B8AC74E59->81367453-3bf0-4298-8a83-8d5c3816df16: receive RaftClientReply:client-CB1B8AC74E59->81367453-3bf0-4298-8a83-8d5c3816df16@group-F6EC397515C5, cid=2513, SUCCESS, logIndex=3475, commits[81367453-3bf0-4298-8a83-8d5c3816df16:c3478]
2019-09-03 20:26:17,648 [grpc-default-executor-1] INFO  client.GrpcClientProtocolClient (GrpcClientProtocolClient.java:onNext(255)) - client-CB1B8AC74E59->81367453-3bf0-4298-8a83-8d5c3816df16: receive RaftClientReply:client-CB1B8AC74E59->81367453-3bf0-4298-8a83-8d5c3816df16@group-F6EC397515C5, cid=2514, SUCCESS, logIndex=3476, commits[81367453-3bf0-4298-8a83-8d5c3816df16:c3478]
2019-09-03 20:26:17,648 [grpc-default-executor-1] INFO  client.GrpcClientProtocolClient (GrpcClientProtocolClient.java:onNext(255)) - client-CB1B8AC74E59->81367453-3bf0-4298-8a83-8d5c3816df16: receive RaftClientReply:client-CB1B8AC74E59->81367453-3bf0-4298-8a83-8d5c3816df16@group-F6EC397515C5, cid=2515, SUCCESS, logIndex=3477, commits[81367453-3bf0-4298-8a83-8d5c3816df16:c3478]
2019-09-03 20:26:17,648 [grpc-default-executor-1] INFO  client.GrpcClientProtocolClient (GrpcClientProtocolClient.java:onNext(255)) - client-CB1B8AC74E59->81367453-3bf0-4298-8a83-8d5c3816df16: receive RaftClientReply:client-CB1B8AC74E59->81367453-3bf0-4298-8a83-8d5c3816df16@group-F6EC397515C5, cid=2516, SUCCESS, logIndex=3478, commits[81367453-3bf0-4298-8a83-8d5c3816df16:c3478]
2019-09-03 20:26:17,660 [grpc-default-executor-2] INFO  client.GrpcClientProtocolClient (GrpcClientProtocolClient.java:onNext(255)) - client-CB1B8AC74E59->81367453-3bf0-4298-8a83-8d5c3816df16: receive RaftClientReply:client-CB1B8AC74E59->81367453-3bf0-4298-8a83-8d5c3816df16@group-F6EC397515C5, cid=2517, SUCCESS, logIndex=3480, commits[81367453-3bf0-4298-8a83-8d5c3816df16:c3481]
2019-09-03 20:26:17,660 [grpc-default-executor-2] INFO  client.GrpcClientProtocolClient (GrpcClientProtocolClient.java:onNext(255)) - client-CB1B8AC74E59->81367453-3bf0-4298-8a83-8d5c3816df16: receive RaftClientReply:client-CB1B8AC74E59->81367453-3bf0-4298-8a83-8d5c3816df16@group-F6EC397515C5, cid=2518, SUCCESS, logIndex=3481, commits[81367453-3bf0-4298-8a83-8d5c3816df16:c3481]
2019-09-03 20:26:17,686 [SCMBlockDeletingService#1] DEBUG block.SCMBlockDeletingService (SCMBlockDeletingService.java:call(138)) - Running DeletedBlockTransactionScanner
2019-09-03 20:26:17,686 [SCMBlockDeletingService#1] DEBUG block.SCMBlockDeletingService (SCMBlockDeletingService.java:call(155)) - Scanned deleted blocks log and got 0 delTX to process.
2019-09-03 20:26:17,764 [grpc-default-executor-1] INFO  client.GrpcClientProtocolClient (GrpcClientProtocolClient.java:onNext(255)) - client-CB1B8AC74E59->81367453-3bf0-4298-8a83-8d5c3816df16: receive RaftClientReply:client-CB1B8AC74E59->81367453-3bf0-4298-8a83-8d5c3816df16@group-F6EC397515C5, cid=2519, SUCCESS, logIndex=3483, commits[81367453-3bf0-4298-8a83-8d5c3816df16:c3484]
2019-09-03 20:26:17,764 [grpc-default-executor-1] INFO  client.GrpcClientProtocolClient (GrpcClientProtocolClient.java:onNext(255)) - client-CB1B8AC74E59->81367453-3bf0-4298-8a83-8d5c3816df16: receive RaftClientReply:client-CB1B8AC74E59->81367453-3bf0-4298-8a83-8d5c3816df16@group-F6EC397515C5, cid=2520, SUCCESS, logIndex=3484, commits[81367453-3bf0-4298-8a83-8d5c3816df16:c3484]
2019-09-03 20:26:17,786 [SCMBlockDeletingService#1] DEBUG block.SCMBlockDeletingService (SCMBlockDeletingService.java:call(138)) - Running DeletedBlockTransactionScanner
2019-09-03 20:26:17,787 [SCMBlockDeletingService#1] DEBUG block.SCMBlockDeletingService (SCMBlockDeletingService.java:call(155)) - Scanned deleted blocks log and got 0 delTX to process.
2019-09-03 20:26:17,887 [SCMBlockDeletingService#0] DEBUG block.SCMBlockDeletingService (SCMBlockDeletingService.java:call(138)) - Running DeletedBlockTransactionScanner
2019-09-03 20:26:17,887 [SCMBlockDeletingService#0] DEBUG block.SCMBlockDeletingService (SCMBlockDeletingService.java:call(155)) - Scanned deleted blocks log and got 0 delTX to process.
2019-09-03 20:26:17,895 [grpc-default-executor-1] INFO  client.GrpcClientProtocolClient (GrpcClientProtocolClient.java:onNext(255)) - client-CB1B8AC74E59->81367453-3bf0-4298-8a83-8d5c3816df16: receive RaftClientReply:client-CB1B8AC74E59->81367453-3bf0-4298-8a83-8d5c3816df16@group-F6EC397515C5, cid=2521, SUCCESS, logIndex=3486, commits[81367453-3bf0-4298-8a83-8d5c3816df16:c3489]
2019-09-03 20:26:17,896 [grpc-default-executor-1] INFO  client.GrpcClientProtocolClient (GrpcClientProtocolClient.java:onNext(255)) - client-CB1B8AC74E59->81367453-3bf0-4298-8a83-8d5c3816df16: receive RaftClientReply:client-CB1B8AC74E59->81367453-3bf0-4298-8a83-8d5c3816df16@group-F6EC397515C5, cid=2522, SUCCESS, logIndex=3487, commits[81367453-3bf0-4298-8a83-8d5c3816df16:c3489]
2019-09-03 20:26:17,896 [grpc-default-executor-1] INFO  client.GrpcClientProtocolClient (GrpcClientProtocolClient.java:onNext(255)) - client-CB1B8AC74E59->81367453-3bf0-4298-8a83-8d5c3816df16: receive RaftClientReply:client-CB1B8AC74E59->81367453-3bf0-4298-8a83-8d5c3816df16@group-F6EC397515C5, cid=2523, SUCCESS, logIndex=3488, commits[81367453-3bf0-4298-8a83-8d5c3816df16:c3489]
2019-09-03 20:26:17,897 [grpc-default-executor-1] INFO  client.GrpcClientProtocolClient (GrpcClientProtocolClient.java:onNext(255)) - client-CB1B8AC74E59->81367453-3bf0-4298-8a83-8d5c3816df16: receive RaftClientReply:client-CB1B8AC74E59->81367453-3bf0-4298-8a83-8d5c3816df16@group-F6EC397515C5, cid=2524, SUCCESS, logIndex=3489, commits[81367453-3bf0-4298-8a83-8d5c3816df16:c3489]
2019-09-03 20:26:17,918 [grpc-default-executor-1] INFO  client.GrpcClientProtocolClient (GrpcClientProtocolClient.java:onNext(255)) - client-CB1B8AC74E59->81367453-3bf0-4298-8a83-8d5c3816df16: receive RaftClientReply:client-CB1B8AC74E59->81367453-3bf0-4298-8a83-8d5c3816df16@group-F6EC397515C5, cid=2525, SUCCESS, logIndex=3491, commits[81367453-3bf0-4298-8a83-8d5c3816df16:c3494]
2019-09-03 20:26:17,918 [grpc-default-executor-1] INFO  client.GrpcClientProtocolClient (GrpcClientProtocolClient.java:onNext(255)) - client-CB1B8AC74E59->81367453-3bf0-4298-8a83-8d5c3816df16: receive RaftClientReply:client-CB1B8AC74E59->81367453-3bf0-4298-8a83-8d5c3816df16@group-F6EC397515C5, cid=2526, SUCCESS, logIndex=3492, commits[81367453-3bf0-4298-8a83-8d5c3816df16:c3494]
2019-09-03 20:26:17,918 [grpc-default-executor-1] INFO  client.GrpcClientProtocolClient (GrpcClientProtocolClient.java:onNext(255)) - client-CB1B8AC74E59->81367453-3bf0-4298-8a83-8d5c3816df16: receive RaftClientReply:client-CB1B8AC74E59->81367453-3bf0-4298-8a83-8d5c3816df16@group-F6EC397515C5, cid=2527, SUCCESS, logIndex=3493, commits[81367453-3bf0-4298-8a83-8d5c3816df16:c3494]
2019-09-03 20:26:17,919 [grpc-default-executor-1] INFO  client.GrpcClientProtocolClient (GrpcClientProtocolClient.java:onNext(255)) - client-CB1B8AC74E59->81367453-3bf0-4298-8a83-8d5c3816df16: receive RaftClientReply:client-CB1B8AC74E59->81367453-3bf0-4298-8a83-8d5c3816df16@group-F6EC397515C5, cid=2528, SUCCESS, logIndex=3494, commits[81367453-3bf0-4298-8a83-8d5c3816df16:c3494]
2019-09-03 20:26:17,987 [SCMBlockDeletingService#0] DEBUG block.SCMBlockDeletingService (SCMBlockDeletingService.java:call(138)) - Running DeletedBlockTransactionScanner
2019-09-03 20:26:17,988 [SCMBlockDeletingService#0] DEBUG block.SCMBlockDeletingService (SCMBlockDeletingService.java:call(155)) - Scanned deleted blocks log and got 0 delTX to process.
2019-09-03 20:26:17,990 [grpc-default-executor-1] INFO  client.GrpcClientProtocolClient (GrpcClientProtocolClient.java:onNext(255)) - client-CB1B8AC74E59->81367453-3bf0-4298-8a83-8d5c3816df16: receive RaftClientReply:client-CB1B8AC74E59->81367453-3bf0-4298-8a83-8d5c3816df16@group-F6EC397515C5, cid=2529, SUCCESS, logIndex=3496, commits[81367453-3bf0-4298-8a83-8d5c3816df16:c3499]
2019-09-03 20:26:17,990 [grpc-default-executor-1] INFO  client.GrpcClientProtocolClient (GrpcClientProtocolClient.java:onNext(255)) - client-CB1B8AC74E59->81367453-3bf0-4298-8a83-8d5c3816df16: receive RaftClientReply:client-CB1B8AC74E59->81367453-3bf0-4298-8a83-8d5c3816df16@group-F6EC397515C5, cid=2530, SUCCESS, logIndex=3497, commits[81367453-3bf0-4298-8a83-8d5c3816df16:c3499]
2019-09-03 20:26:17,991 [grpc-default-executor-1] INFO  client.GrpcClientProtocolClient (GrpcClientProtocolClient.java:onNext(255)) - client-CB1B8AC74E59->81367453-3bf0-4298-8a83-8d5c3816df16: receive RaftClientReply:client-CB1B8AC74E59->81367453-3bf0-4298-8a83-8d5c3816df16@group-F6EC397515C5, cid=2531, SUCCESS, logIndex=3498, commits[81367453-3bf0-4298-8a83-8d5c3816df16:c3499]
2019-09-03 20:26:17,991 [grpc-default-executor-1] INFO  client.GrpcClientProtocolClient (GrpcClientProtocolClient.java:onNext(255)) - client-CB1B8AC74E59->81367453-3bf0-4298-8a83-8d5c3816df16: receive RaftClientReply:client-CB1B8AC74E59->81367453-3bf0-4298-8a83-8d5c3816df16@group-F6EC397515C5, cid=2532, SUCCESS, logIndex=3499, commits[81367453-3bf0-4298-8a83-8d5c3816df16:c3499]
2019-09-03 20:26:18,035 [grpc-default-executor-1] INFO  client.GrpcClientProtocolClient (GrpcClientProtocolClient.java:onNext(255)) - client-CB1B8AC74E59->81367453-3bf0-4298-8a83-8d5c3816df16: receive RaftClientReply:client-CB1B8AC74E59->81367453-3bf0-4298-8a83-8d5c3816df16@group-F6EC397515C5, cid=2533, SUCCESS, logIndex=3501, commits[81367453-3bf0-4298-8a83-8d5c3816df16:c3504]
2019-09-03 20:26:18,035 [grpc-default-executor-1] INFO  client.GrpcClientProtocolClient (GrpcClientProtocolClient.java:onNext(255)) - client-CB1B8AC74E59->81367453-3bf0-4298-8a83-8d5c3816df16: receive RaftClientReply:client-CB1B8AC74E59->81367453-3bf0-4298-8a83-8d5c3816df16@group-F6EC397515C5, cid=2534, SUCCESS, logIndex=3502, commits[81367453-3bf0-4298-8a83-8d5c3816df16:c3504]
2019-09-03 20:26:18,036 [grpc-default-executor-1] INFO  client.GrpcClientProtocolClient (GrpcClientProtocolClient.java:onNext(255)) - client-CB1B8AC74E59->81367453-3bf0-4298-8a83-8d5c3816df16: receive RaftClientReply:client-CB1B8AC74E59->81367453-3bf0-4298-8a83-8d5c3816df16@group-F6EC397515C5, cid=2535, SUCCESS, logIndex=3503, commits[81367453-3bf0-4298-8a83-8d5c3816df16:c3505]
2019-09-03 20:26:18,036 [grpc-default-executor-1] INFO  client.GrpcClientProtocolClient (GrpcClientProtocolClient.java:onNext(255)) - client-CB1B8AC74E59->81367453-3bf0-4298-8a83-8d5c3816df16: receive RaftClientReply:client-CB1B8AC74E59->81367453-3bf0-4298-8a83-8d5c3816df16@group-F6EC397515C5, cid=2536, SUCCESS, logIndex=3504, commits[81367453-3bf0-4298-8a83-8d5c3816df16:c3505]
2019-09-03 20:26:18,067 [grpc-default-executor-1] INFO  client.GrpcClientProtocolClient (GrpcClientProtocolClient.java:onNext(255)) - client-CB1B8AC74E59->81367453-3bf0-4298-8a83-8d5c3816df16: receive RaftClientReply:client-CB1B8AC74E59->81367453-3bf0-4298-8a83-8d5c3816df16@group-F6EC397515C5, cid=2537, SUCCESS, logIndex=3506, commits[81367453-3bf0-4298-8a83-8d5c3816df16:c3509]
2019-09-03 20:26:18,068 [grpc-default-executor-1] INFO  client.GrpcClientProtocolClient (GrpcClientProtocolClient.java:onNext(255)) - client-CB1B8AC74E59->81367453-3bf0-4298-8a83-8d5c3816df16: receive RaftClientReply:client-CB1B8AC74E59->81367453-3bf0-4298-8a83-8d5c3816df16@group-F6EC397515C5, cid=2538, SUCCESS, logIndex=3507, commits[81367453-3bf0-4298-8a83-8d5c3816df16:c3510]
2019-09-03 20:26:18,068 [grpc-default-executor-1] INFO  client.GrpcClientProtocolClient (GrpcClientProtocolClient.java:onNext(255)) - client-CB1B8AC74E59->81367453-3bf0-4298-8a83-8d5c3816df16: receive RaftClientReply:client-CB1B8AC74E59->81367453-3bf0-4298-8a83-8d5c3816df16@group-F6EC397515C5, cid=2539, SUCCESS, logIndex=3508, commits[81367453-3bf0-4298-8a83-8d5c3816df16:c3510]
2019-09-03 20:26:18,069 [grpc-default-executor-1] INFO  client.GrpcClientProtocolClient (GrpcClientProtocolClient.java:onNext(255)) - client-CB1B8AC74E59->81367453-3bf0-4298-8a83-8d5c3816df16: receive RaftClientReply:client-CB1B8AC74E59->81367453-3bf0-4298-8a83-8d5c3816df16@group-F6EC397515C5, cid=2540, SUCCESS, logIndex=3509, commits[81367453-3bf0-4298-8a83-8d5c3816df16:c3510]
2019-09-03 20:26:18,088 [SCMBlockDeletingService#0] DEBUG block.SCMBlockDeletingService (SCMBlockDeletingService.java:call(138)) - Running DeletedBlockTransactionScanner
2019-09-03 20:26:18,088 [SCMBlockDeletingService#0] DEBUG block.SCMBlockDeletingService (SCMBlockDeletingService.java:call(155)) - Scanned deleted blocks log and got 0 delTX to process.
2019-09-03 20:26:18,102 [grpc-default-executor-1] INFO  client.GrpcClientProtocolClient (GrpcClientProtocolClient.java:onNext(255)) - client-CB1B8AC74E59->81367453-3bf0-4298-8a83-8d5c3816df16: receive RaftClientReply:client-CB1B8AC74E59->81367453-3bf0-4298-8a83-8d5c3816df16@group-F6EC397515C5, cid=2541, SUCCESS, logIndex=3511, commits[81367453-3bf0-4298-8a83-8d5c3816df16:c3512]
2019-09-03 20:26:18,102 [grpc-default-executor-1] INFO  client.GrpcClientProtocolClient (GrpcClientProtocolClient.java:onNext(255)) - client-CB1B8AC74E59->81367453-3bf0-4298-8a83-8d5c3816df16: receive RaftClientReply:client-CB1B8AC74E59->81367453-3bf0-4298-8a83-8d5c3816df16@group-F6EC397515C5, cid=2542, SUCCESS, logIndex=3512, commits[81367453-3bf0-4298-8a83-8d5c3816df16:c3514]
2019-09-03 20:26:18,102 [grpc-default-executor-1] INFO  client.GrpcClientProtocolClient (GrpcClientProtocolClient.java:onNext(255)) - client-CB1B8AC74E59->81367453-3bf0-4298-8a83-8d5c3816df16: receive RaftClientReply:client-CB1B8AC74E59->81367453-3bf0-4298-8a83-8d5c3816df16@group-F6EC397515C5, cid=2543, SUCCESS, logIndex=3513, commits[81367453-3bf0-4298-8a83-8d5c3816df16:c3514]
2019-09-03 20:26:18,103 [grpc-default-executor-1] INFO  client.GrpcClientProtocolClient (GrpcClientProtocolClient.java:onNext(255)) - client-CB1B8AC74E59->81367453-3bf0-4298-8a83-8d5c3816df16: receive RaftClientReply:client-CB1B8AC74E59->81367453-3bf0-4298-8a83-8d5c3816df16@group-F6EC397515C5, cid=2544, SUCCESS, logIndex=3514, commits[81367453-3bf0-4298-8a83-8d5c3816df16:c3514]
2019-09-03 20:26:18,142 [grpc-default-executor-1] INFO  client.GrpcClientProtocolClient (GrpcClientProtocolClient.java:onNext(255)) - client-CB1B8AC74E59->81367453-3bf0-4298-8a83-8d5c3816df16: receive RaftClientReply:client-CB1B8AC74E59->81367453-3bf0-4298-8a83-8d5c3816df16@group-F6EC397515C5, cid=2545, SUCCESS, logIndex=3517, commits[81367453-3bf0-4298-8a83-8d5c3816df16:c3520]
2019-09-03 20:26:18,142 [grpc-default-executor-1] INFO  client.GrpcClientProtocolClient (GrpcClientProtocolClient.java:onNext(255)) - client-CB1B8AC74E59->81367453-3bf0-4298-8a83-8d5c3816df16: receive RaftClientReply:client-CB1B8AC74E59->81367453-3bf0-4298-8a83-8d5c3816df16@group-F6EC397515C5, cid=2546, SUCCESS, logIndex=3518, commits[81367453-3bf0-4298-8a83-8d5c3816df16:c3520]
2019-09-03 20:26:18,142 [grpc-default-executor-1] INFO  client.GrpcClientProtocolClient (GrpcClientProtocolClient.java:onNext(255)) - client-CB1B8AC74E59->81367453-3bf0-4298-8a83-8d5c3816df16: receive RaftClientReply:client-CB1B8AC74E59->81367453-3bf0-4298-8a83-8d5c3816df16@group-F6EC397515C5, cid=2547, SUCCESS, logIndex=3519, commits[81367453-3bf0-4298-8a83-8d5c3816df16:c3521]
2019-09-03 20:26:18,143 [grpc-default-executor-1] INFO  client.GrpcClientProtocolClient (GrpcClientProtocolClient.java:onNext(255)) - client-CB1B8AC74E59->81367453-3bf0-4298-8a83-8d5c3816df16: receive RaftClientReply:client-CB1B8AC74E59->81367453-3bf0-4298-8a83-8d5c3816df16@group-F6EC397515C5, cid=2548, SUCCESS, logIndex=3520, commits[81367453-3bf0-4298-8a83-8d5c3816df16:c3521]
2019-09-03 20:26:18,166 [grpc-default-executor-1] INFO  client.GrpcClientProtocolClient (GrpcClientProtocolClient.java:onNext(255)) - client-CB1B8AC74E59->81367453-3bf0-4298-8a83-8d5c3816df16: receive RaftClientReply:client-CB1B8AC74E59->81367453-3bf0-4298-8a83-8d5c3816df16@group-F6EC397515C5, cid=2549, SUCCESS, logIndex=3522, commits[81367453-3bf0-4298-8a83-8d5c3816df16:c3525]
2019-09-03 20:26:18,167 [grpc-default-executor-1] INFO  client.GrpcClientProtocolClient (GrpcClientProtocolClient.java:onNext(255)) - client-CB1B8AC74E59->81367453-3bf0-4298-8a83-8d5c3816df16: receive RaftClientReply:client-CB1B8AC74E59->81367453-3bf0-4298-8a83-8d5c3816df16@group-F6EC397515C5, cid=2550, SUCCESS, logIndex=3523, commits[81367453-3bf0-4298-8a83-8d5c3816df16:c3525]
2019-09-03 20:26:18,167 [grpc-default-executor-1] INFO  client.GrpcClientProtocolClient (GrpcClientProtocolClient.java:onNext(255)) - client-CB1B8AC74E59->81367453-3bf0-4298-8a83-8d5c3816df16: receive RaftClientReply:client-CB1B8AC74E59->81367453-3bf0-4298-8a83-8d5c3816df16@group-F6EC397515C5, cid=2551, SUCCESS, logIndex=3524, commits[81367453-3bf0-4298-8a83-8d5c3816df16:c3525]
2019-09-03 20:26:18,167 [grpc-default-executor-1] INFO  client.GrpcClientProtocolClient (GrpcClientProtocolClient.java:onNext(255)) - client-CB1B8AC74E59->81367453-3bf0-4298-8a83-8d5c3816df16: receive RaftClientReply:client-CB1B8AC74E59->81367453-3bf0-4298-8a83-8d5c3816df16@group-F6EC397515C5, cid=2552, SUCCESS, logIndex=3525, commits[81367453-3bf0-4298-8a83-8d5c3816df16:c3525]
2019-09-03 20:26:18,189 [SCMBlockDeletingService#0] DEBUG block.SCMBlockDeletingService (SCMBlockDeletingService.java:call(138)) - Running DeletedBlockTransactionScanner
2019-09-03 20:26:18,189 [SCMBlockDeletingService#0] DEBUG block.SCMBlockDeletingService (SCMBlockDeletingService.java:call(155)) - Scanned deleted blocks log and got 0 delTX to process.
2019-09-03 20:26:18,194 [grpc-default-executor-2] INFO  client.GrpcClientProtocolClient (GrpcClientProtocolClient.java:onNext(255)) - client-CB1B8AC74E59->81367453-3bf0-4298-8a83-8d5c3816df16: receive RaftClientReply:client-CB1B8AC74E59->81367453-3bf0-4298-8a83-8d5c3816df16@group-F6EC397515C5, cid=2553, SUCCESS, logIndex=3527, commits[81367453-3bf0-4298-8a83-8d5c3816df16:c3528]
2019-09-03 20:26:18,194 [grpc-default-executor-2] INFO  client.GrpcClientProtocolClient (GrpcClientProtocolClient.java:onNext(255)) - client-CB1B8AC74E59->81367453-3bf0-4298-8a83-8d5c3816df16: receive RaftClientReply:client-CB1B8AC74E59->81367453-3bf0-4298-8a83-8d5c3816df16@group-F6EC397515C5, cid=2554, SUCCESS, logIndex=3528, commits[81367453-3bf0-4298-8a83-8d5c3816df16:c3528]
2019-09-03 20:26:18,195 [grpc-default-executor-2] INFO  client.GrpcClientProtocolClient (GrpcClientProtocolClient.java:onNext(255)) - client-CB1B8AC74E59->81367453-3bf0-4298-8a83-8d5c3816df16: receive RaftClientReply:client-CB1B8AC74E59->81367453-3bf0-4298-8a83-8d5c3816df16@group-F6EC397515C5, cid=2555, SUCCESS, logIndex=3529, commits[81367453-3bf0-4298-8a83-8d5c3816df16:c3530]
2019-09-03 20:26:18,195 [grpc-default-executor-2] INFO  client.GrpcClientProtocolClient (GrpcClientProtocolClient.java:onNext(255)) - client-CB1B8AC74E59->81367453-3bf0-4298-8a83-8d5c3816df16: receive RaftClientReply:client-CB1B8AC74E59->81367453-3bf0-4298-8a83-8d5c3816df16@group-F6EC397515C5, cid=2556, SUCCESS, logIndex=3530, commits[81367453-3bf0-4298-8a83-8d5c3816df16:c3530]
2019-09-03 20:26:18,215 [grpc-default-executor-2] INFO  client.GrpcClientProtocolClient (GrpcClientProtocolClient.java:onNext(255)) - client-CB1B8AC74E59->81367453-3bf0-4298-8a83-8d5c3816df16: receive RaftClientReply:client-CB1B8AC74E59->81367453-3bf0-4298-8a83-8d5c3816df16@group-F6EC397515C5, cid=2557, SUCCESS, logIndex=3533, commits[81367453-3bf0-4298-8a83-8d5c3816df16:c3536]
2019-09-03 20:26:18,215 [grpc-default-executor-2] INFO  client.GrpcClientProtocolClient (GrpcClientProtocolClient.java:onNext(255)) - client-CB1B8AC74E59->81367453-3bf0-4298-8a83-8d5c3816df16: receive RaftClientReply:client-CB1B8AC74E59->81367453-3bf0-4298-8a83-8d5c3816df16@group-F6EC397515C5, cid=2558, SUCCESS, logIndex=3534, commits[81367453-3bf0-4298-8a83-8d5c3816df16:c3536]
2019-09-03 20:26:18,216 [grpc-default-executor-2] INFO  client.GrpcClientProtocolClient (GrpcClientProtocolClient.java:onNext(255)) - client-CB1B8AC74E59->81367453-3bf0-4298-8a83-8d5c3816df16: receive RaftClientReply:client-CB1B8AC74E59->81367453-3bf0-4298-8a83-8d5c3816df16@group-F6EC397515C5, cid=2559, SUCCESS, logIndex=3535, commits[81367453-3bf0-4298-8a83-8d5c3816df16:c3536]
2019-09-03 20:26:18,216 [grpc-default-executor-2] INFO  client.GrpcClientProtocolClient (GrpcClientProtocolClient.java:onNext(255)) - client-CB1B8AC74E59->81367453-3bf0-4298-8a83-8d5c3816df16: receive RaftClientReply:client-CB1B8AC74E59->81367453-3bf0-4298-8a83-8d5c3816df16@group-F6EC397515C5, cid=2560, SUCCESS, logIndex=3536, commits[81367453-3bf0-4298-8a83-8d5c3816df16:c3536]
2019-09-03 20:26:18,260 [grpc-default-executor-2] INFO  client.GrpcClientProtocolClient (GrpcClientProtocolClient.java:onNext(255)) - client-CB1B8AC74E59->81367453-3bf0-4298-8a83-8d5c3816df16: receive RaftClientReply:client-CB1B8AC74E59->81367453-3bf0-4298-8a83-8d5c3816df16@group-F6EC397515C5, cid=2561, SUCCESS, logIndex=3538, commits[81367453-3bf0-4298-8a83-8d5c3816df16:c3541]
2019-09-03 20:26:18,260 [grpc-default-executor-2] INFO  client.GrpcClientProtocolClient (GrpcClientProtocolClient.java:onNext(255)) - client-CB1B8AC74E59->81367453-3bf0-4298-8a83-8d5c3816df16: receive RaftClientReply:client-CB1B8AC74E59->81367453-3bf0-4298-8a83-8d5c3816df16@group-F6EC397515C5, cid=2562, SUCCESS, logIndex=3539, commits[81367453-3bf0-4298-8a83-8d5c3816df16:c3542]
2019-09-03 20:26:18,260 [grpc-default-executor-2] INFO  client.GrpcClientProtocolClient (GrpcClientProtocolClient.java:onNext(255)) - client-CB1B8AC74E59->81367453-3bf0-4298-8a83-8d5c3816df16: receive RaftClientReply:client-CB1B8AC74E59->81367453-3bf0-4298-8a83-8d5c3816df16@group-F6EC397515C5, cid=2563, SUCCESS, logIndex=3540, commits[81367453-3bf0-4298-8a83-8d5c3816df16:c3542]
2019-09-03 20:26:18,261 [grpc-default-executor-2] INFO  client.GrpcClientProtocolClient (GrpcClientProtocolClient.java:onNext(255)) - client-CB1B8AC74E59->81367453-3bf0-4298-8a83-8d5c3816df16: receive RaftClientReply:client-CB1B8AC74E59->81367453-3bf0-4298-8a83-8d5c3816df16@group-F6EC397515C5, cid=2564, SUCCESS, logIndex=3541, commits[81367453-3bf0-4298-8a83-8d5c3816df16:c3542]
2019-09-03 20:26:18,289 [SCMBlockDeletingService#0] DEBUG block.SCMBlockDeletingService (SCMBlockDeletingService.java:call(138)) - Running DeletedBlockTransactionScanner
2019-09-03 20:26:18,289 [SCMBlockDeletingService#0] DEBUG block.SCMBlockDeletingService (SCMBlockDeletingService.java:call(155)) - Scanned deleted blocks log and got 0 delTX to process.
2019-09-03 20:26:18,390 [SCMBlockDeletingService#1] DEBUG block.SCMBlockDeletingService (SCMBlockDeletingService.java:call(138)) - Running DeletedBlockTransactionScanner
2019-09-03 20:26:18,390 [SCMBlockDeletingService#1] DEBUG block.SCMBlockDeletingService (SCMBlockDeletingService.java:call(155)) - Scanned deleted blocks log and got 0 delTX to process.
2019-09-03 20:26:18,408 [grpc-default-executor-1] INFO  client.GrpcClientProtocolClient (GrpcClientProtocolClient.java:onNext(255)) - client-CB1B8AC74E59->81367453-3bf0-4298-8a83-8d5c3816df16: receive RaftClientReply:client-CB1B8AC74E59->81367453-3bf0-4298-8a83-8d5c3816df16@group-F6EC397515C5, cid=2565, SUCCESS, logIndex=3543, commits[81367453-3bf0-4298-8a83-8d5c3816df16:c3546]
2019-09-03 20:26:18,409 [grpc-default-executor-1] INFO  client.GrpcClientProtocolClient (GrpcClientProtocolClient.java:onNext(255)) - client-CB1B8AC74E59->81367453-3bf0-4298-8a83-8d5c3816df16: receive RaftClientReply:client-CB1B8AC74E59->81367453-3bf0-4298-8a83-8d5c3816df16@group-F6EC397515C5, cid=2566, SUCCESS, logIndex=3544, commits[81367453-3bf0-4298-8a83-8d5c3816df16:c3546]
2019-09-03 20:26:18,409 [grpc-default-executor-1] INFO  client.GrpcClientProtocolClient (GrpcClientProtocolClient.java:onNext(255)) - client-CB1B8AC74E59->81367453-3bf0-4298-8a83-8d5c3816df16: receive RaftClientReply:client-CB1B8AC74E59->81367453-3bf0-4298-8a83-8d5c3816df16@group-F6EC397515C5, cid=2567, SUCCESS, logIndex=3545, commits[81367453-3bf0-4298-8a83-8d5c3816df16:c3546]
2019-09-03 20:26:18,410 [grpc-default-executor-1] INFO  client.GrpcClientProtocolClient (GrpcClientProtocolClient.java:onNext(255)) - client-CB1B8AC74E59->81367453-3bf0-4298-8a83-8d5c3816df16: receive RaftClientReply:client-CB1B8AC74E59->81367453-3bf0-4298-8a83-8d5c3816df16@group-F6EC397515C5, cid=2568, SUCCESS, logIndex=3546, commits[81367453-3bf0-4298-8a83-8d5c3816df16:c3546]
2019-09-03 20:26:18,534 [SCMBlockDeletingService#1] DEBUG block.SCMBlockDeletingService (SCMBlockDeletingService.java:call(138)) - Running DeletedBlockTransactionScanner
2019-09-03 20:26:18,534 [SCMBlockDeletingService#1] DEBUG block.SCMBlockDeletingService (SCMBlockDeletingService.java:call(155)) - Scanned deleted blocks log and got 0 delTX to process.
2019-09-03 20:26:18,541 [grpc-default-executor-2] INFO  client.GrpcClientProtocolClient (GrpcClientProtocolClient.java:onNext(255)) - client-CB1B8AC74E59->81367453-3bf0-4298-8a83-8d5c3816df16: receive RaftClientReply:client-CB1B8AC74E59->81367453-3bf0-4298-8a83-8d5c3816df16@group-F6EC397515C5, cid=2569, SUCCESS, logIndex=3548, commits[81367453-3bf0-4298-8a83-8d5c3816df16:c3549]
2019-09-03 20:26:18,542 [grpc-default-executor-2] INFO  client.GrpcClientProtocolClient (GrpcClientProtocolClient.java:onNext(255)) - client-CB1B8AC74E59->81367453-3bf0-4298-8a83-8d5c3816df16: receive RaftClientReply:client-CB1B8AC74E59->81367453-3bf0-4298-8a83-8d5c3816df16@group-F6EC397515C5, cid=2570, SUCCESS, logIndex=3549, commits[81367453-3bf0-4298-8a83-8d5c3816df16:c3549]
2019-09-03 20:26:18,552 [grpc-default-executor-2] INFO  client.GrpcClientProtocolClient (GrpcClientProtocolClient.java:onNext(255)) - client-CB1B8AC74E59->81367453-3bf0-4298-8a83-8d5c3816df16: receive RaftClientReply:client-CB1B8AC74E59->81367453-3bf0-4298-8a83-8d5c3816df16@group-F6EC397515C5, cid=2571, SUCCESS, logIndex=3550, commits[81367453-3bf0-4298-8a83-8d5c3816df16:c3551]
2019-09-03 20:26:18,552 [grpc-default-executor-2] INFO  client.GrpcClientProtocolClient (GrpcClientProtocolClient.java:onNext(255)) - client-CB1B8AC74E59->81367453-3bf0-4298-8a83-8d5c3816df16: receive RaftClientReply:client-CB1B8AC74E59->81367453-3bf0-4298-8a83-8d5c3816df16@group-F6EC397515C5, cid=2572, SUCCESS, logIndex=3551, commits[81367453-3bf0-4298-8a83-8d5c3816df16:c3551]
2019-09-03 20:26:18,567 [grpc-default-executor-1] INFO  client.GrpcClientProtocolClient (GrpcClientProtocolClient.java:onNext(255)) - client-CB1B8AC74E59->81367453-3bf0-4298-8a83-8d5c3816df16: receive RaftClientReply:client-CB1B8AC74E59->81367453-3bf0-4298-8a83-8d5c3816df16@group-F6EC397515C5, cid=2573, SUCCESS, logIndex=3554, commits[81367453-3bf0-4298-8a83-8d5c3816df16:c3557]
2019-09-03 20:26:18,568 [grpc-default-executor-1] INFO  client.GrpcClientProtocolClient (GrpcClientProtocolClient.java:onNext(255)) - client-CB1B8AC74E59->81367453-3bf0-4298-8a83-8d5c3816df16: receive RaftClientReply:client-CB1B8AC74E59->81367453-3bf0-4298-8a83-8d5c3816df16@group-F6EC397515C5, cid=2574, SUCCESS, logIndex=3555, commits[81367453-3bf0-4298-8a83-8d5c3816df16:c3557]
2019-09-03 20:26:18,568 [grpc-default-executor-1] INFO  client.GrpcClientProtocolClient (GrpcClientProtocolClient.java:onNext(255)) - client-CB1B8AC74E59->81367453-3bf0-4298-8a83-8d5c3816df16: receive RaftClientReply:client-CB1B8AC74E59->81367453-3bf0-4298-8a83-8d5c3816df16@group-F6EC397515C5, cid=2575, SUCCESS, logIndex=3556, commits[81367453-3bf0-4298-8a83-8d5c3816df16:c3557]
2019-09-03 20:26:18,568 [grpc-default-executor-1] INFO  client.GrpcClientProtocolClient (GrpcClientProtocolClient.java:onNext(255)) - client-CB1B8AC74E59->81367453-3bf0-4298-8a83-8d5c3816df16: receive RaftClientReply:client-CB1B8AC74E59->81367453-3bf0-4298-8a83-8d5c3816df16@group-F6EC397515C5, cid=2576, SUCCESS, logIndex=3557, commits[81367453-3bf0-4298-8a83-8d5c3816df16:c3557]
2019-09-03 20:26:18,594 [grpc-default-executor-1] INFO  client.GrpcClientProtocolClient (GrpcClientProtocolClient.java:onNext(255)) - client-CB1B8AC74E59->81367453-3bf0-4298-8a83-8d5c3816df16: receive RaftClientReply:client-CB1B8AC74E59->81367453-3bf0-4298-8a83-8d5c3816df16@group-F6EC397515C5, cid=2577, SUCCESS, logIndex=3559, commits[81367453-3bf0-4298-8a83-8d5c3816df16:c3562]
2019-09-03 20:26:18,595 [grpc-default-executor-1] INFO  client.GrpcClientProtocolClient (GrpcClientProtocolClient.java:onNext(255)) - client-CB1B8AC74E59->81367453-3bf0-4298-8a83-8d5c3816df16: receive RaftClientReply:client-CB1B8AC74E59->81367453-3bf0-4298-8a83-8d5c3816df16@group-F6EC397515C5, cid=2578, SUCCESS, logIndex=3560, commits[81367453-3bf0-4298-8a83-8d5c3816df16:c3562]
2019-09-03 20:26:18,595 [grpc-default-executor-1] INFO  client.GrpcClientProtocolClient (GrpcClientProtocolClient.java:onNext(255)) - client-CB1B8AC74E59->81367453-3bf0-4298-8a83-8d5c3816df16: receive RaftClientReply:client-CB1B8AC74E59->81367453-3bf0-4298-8a83-8d5c3816df16@group-F6EC397515C5, cid=2579, SUCCESS, logIndex=3561, commits[81367453-3bf0-4298-8a83-8d5c3816df16:c3562]
2019-09-03 20:26:18,595 [grpc-default-executor-1] INFO  client.GrpcClientProtocolClient (GrpcClientProtocolClient.java:onNext(255)) - client-CB1B8AC74E59->81367453-3bf0-4298-8a83-8d5c3816df16: receive RaftClientReply:client-CB1B8AC74E59->81367453-3bf0-4298-8a83-8d5c3816df16@group-F6EC397515C5, cid=2580, SUCCESS, logIndex=3562, commits[81367453-3bf0-4298-8a83-8d5c3816df16:c3562]
2019-09-03 20:26:18,616 [grpc-default-executor-1] INFO  client.GrpcClientProtocolClient (GrpcClientProtocolClient.java:onNext(255)) - client-CB1B8AC74E59->81367453-3bf0-4298-8a83-8d5c3816df16: receive RaftClientReply:client-CB1B8AC74E59->81367453-3bf0-4298-8a83-8d5c3816df16@group-F6EC397515C5, cid=2581, SUCCESS, logIndex=3564, commits[81367453-3bf0-4298-8a83-8d5c3816df16:c3567]
2019-09-03 20:26:18,616 [grpc-default-executor-1] INFO  client.GrpcClientProtocolClient (GrpcClientProtocolClient.java:onNext(255)) - client-CB1B8AC74E59->81367453-3bf0-4298-8a83-8d5c3816df16: receive RaftClientReply:client-CB1B8AC74E59->81367453-3bf0-4298-8a83-8d5c3816df16@group-F6EC397515C5, cid=2582, SUCCESS, logIndex=3565, commits[81367453-3bf0-4298-8a83-8d5c3816df16:c3567]
2019-09-03 20:26:18,616 [grpc-default-executor-1] INFO  client.GrpcClientProtocolClient (GrpcClientProtocolClient.java:onNext(255)) - client-CB1B8AC74E59->81367453-3bf0-4298-8a83-8d5c3816df16: receive RaftClientReply:client-CB1B8AC74E59->81367453-3bf0-4298-8a83-8d5c3816df16@group-F6EC397515C5, cid=2583, SUCCESS, logIndex=3566, commits[81367453-3bf0-4298-8a83-8d5c3816df16:c3567]
2019-09-03 20:26:18,616 [grpc-default-executor-1] INFO  client.GrpcClientProtocolClient (GrpcClientProtocolClient.java:onNext(255)) - client-CB1B8AC74E59->81367453-3bf0-4298-8a83-8d5c3816df16: receive RaftClientReply:client-CB1B8AC74E59->81367453-3bf0-4298-8a83-8d5c3816df16@group-F6EC397515C5, cid=2584, SUCCESS, logIndex=3567, commits[81367453-3bf0-4298-8a83-8d5c3816df16:c3567]
2019-09-03 20:26:18,634 [SCMBlockDeletingService#1] DEBUG block.SCMBlockDeletingService (SCMBlockDeletingService.java:call(138)) - Running DeletedBlockTransactionScanner
2019-09-03 20:26:18,635 [SCMBlockDeletingService#1] DEBUG block.SCMBlockDeletingService (SCMBlockDeletingService.java:call(155)) - Scanned deleted blocks log and got 0 delTX to process.
2019-09-03 20:26:18,642 [grpc-default-executor-2] INFO  client.GrpcClientProtocolClient (GrpcClientProtocolClient.java:onNext(255)) - client-CB1B8AC74E59->81367453-3bf0-4298-8a83-8d5c3816df16: receive RaftClientReply:client-CB1B8AC74E59->81367453-3bf0-4298-8a83-8d5c3816df16@group-F6EC397515C5, cid=2585, SUCCESS, logIndex=3569, commits[81367453-3bf0-4298-8a83-8d5c3816df16:c3570]
2019-09-03 20:26:18,642 [grpc-default-executor-2] INFO  client.GrpcClientProtocolClient (GrpcClientProtocolClient.java:onNext(255)) - client-CB1B8AC74E59->81367453-3bf0-4298-8a83-8d5c3816df16: receive RaftClientReply:client-CB1B8AC74E59->81367453-3bf0-4298-8a83-8d5c3816df16@group-F6EC397515C5, cid=2586, SUCCESS, logIndex=3570, commits[81367453-3bf0-4298-8a83-8d5c3816df16:c3570]
2019-09-03 20:26:18,648 [grpc-default-executor-2] INFO  client.GrpcClientProtocolClient (GrpcClientProtocolClient.java:onNext(255)) - client-CB1B8AC74E59->81367453-3bf0-4298-8a83-8d5c3816df16: receive RaftClientReply:client-CB1B8AC74E59->81367453-3bf0-4298-8a83-8d5c3816df16@group-F6EC397515C5, cid=2587, SUCCESS, logIndex=3571, commits[81367453-3bf0-4298-8a83-8d5c3816df16:c3572]
2019-09-03 20:26:18,649 [grpc-default-executor-2] INFO  client.GrpcClientProtocolClient (GrpcClientProtocolClient.java:onNext(255)) - client-CB1B8AC74E59->81367453-3bf0-4298-8a83-8d5c3816df16: receive RaftClientReply:client-CB1B8AC74E59->81367453-3bf0-4298-8a83-8d5c3816df16@group-F6EC397515C5, cid=2588, SUCCESS, logIndex=3572, commits[81367453-3bf0-4298-8a83-8d5c3816df16:c3572]
2019-09-03 20:26:18,666 [grpc-default-executor-2] INFO  client.GrpcClientProtocolClient (GrpcClientProtocolClient.java:onNext(255)) - client-CB1B8AC74E59->81367453-3bf0-4298-8a83-8d5c3816df16: receive RaftClientReply:client-CB1B8AC74E59->81367453-3bf0-4298-8a83-8d5c3816df16@group-F6EC397515C5, cid=2589, SUCCESS, logIndex=3575, commits[81367453-3bf0-4298-8a83-8d5c3816df16:c3578]
2019-09-03 20:26:18,666 [grpc-default-executor-2] INFO  client.GrpcClientProtocolClient (GrpcClientProtocolClient.java:onNext(255)) - client-CB1B8AC74E59->81367453-3bf0-4298-8a83-8d5c3816df16: receive RaftClientReply:client-CB1B8AC74E59->81367453-3bf0-4298-8a83-8d5c3816df16@group-F6EC397515C5, cid=2590, SUCCESS, logIndex=3576, commits[81367453-3bf0-4298-8a83-8d5c3816df16:c3578]
2019-09-03 20:26:18,666 [grpc-default-executor-2] INFO  client.GrpcClientProtocolClient (GrpcClientProtocolClient.java:onNext(255)) - client-CB1B8AC74E59->81367453-3bf0-4298-8a83-8d5c3816df16: receive RaftClientReply:client-CB1B8AC74E59->81367453-3bf0-4298-8a83-8d5c3816df16@group-F6EC397515C5, cid=2591, SUCCESS, logIndex=3577, commits[81367453-3bf0-4298-8a83-8d5c3816df16:c3578]
2019-09-03 20:26:18,667 [grpc-default-executor-2] INFO  client.GrpcClientProtocolClient (GrpcClientProtocolClient.java:onNext(255)) - client-CB1B8AC74E59->81367453-3bf0-4298-8a83-8d5c3816df16: receive RaftClientReply:client-CB1B8AC74E59->81367453-3bf0-4298-8a83-8d5c3816df16@group-F6EC397515C5, cid=2592, SUCCESS, logIndex=3578, commits[81367453-3bf0-4298-8a83-8d5c3816df16:c3578]
2019-09-03 20:26:18,695 [grpc-default-executor-1] INFO  client.GrpcClientProtocolClient (GrpcClientProtocolClient.java:onNext(255)) - client-CB1B8AC74E59->81367453-3bf0-4298-8a83-8d5c3816df16: receive RaftClientReply:client-CB1B8AC74E59->81367453-3bf0-4298-8a83-8d5c3816df16@group-F6EC397515C5, cid=2593, SUCCESS, logIndex=3580, commits[81367453-3bf0-4298-8a83-8d5c3816df16:c3583]
2019-09-03 20:26:18,696 [grpc-default-executor-1] INFO  client.GrpcClientProtocolClient (GrpcClientProtocolClient.java:onNext(255)) - client-CB1B8AC74E59->81367453-3bf0-4298-8a83-8d5c3816df16: receive RaftClientReply:client-CB1B8AC74E59->81367453-3bf0-4298-8a83-8d5c3816df16@group-F6EC397515C5, cid=2594, SUCCESS, logIndex=3581, commits[81367453-3bf0-4298-8a83-8d5c3816df16:c3583]
2019-09-03 20:26:18,696 [grpc-default-executor-1] INFO  client.GrpcClientProtocolClient (GrpcClientProtocolClient.java:onNext(255)) - client-CB1B8AC74E59->81367453-3bf0-4298-8a83-8d5c3816df16: receive RaftClientReply:client-CB1B8AC74E59->81367453-3bf0-4298-8a83-8d5c3816df16@group-F6EC397515C5, cid=2595, SUCCESS, logIndex=3582, commits[81367453-3bf0-4298-8a83-8d5c3816df16:c3583]
2019-09-03 20:26:18,696 [grpc-default-executor-1] INFO  client.GrpcClientProtocolClient (GrpcClientProtocolClient.java:onNext(255)) - client-CB1B8AC74E59->81367453-3bf0-4298-8a83-8d5c3816df16: receive RaftClientReply:client-CB1B8AC74E59->81367453-3bf0-4298-8a83-8d5c3816df16@group-F6EC397515C5, cid=2596, SUCCESS, logIndex=3583, commits[81367453-3bf0-4298-8a83-8d5c3816df16:c3583]
2019-09-03 20:26:18,728 [grpc-default-executor-2] INFO  client.GrpcClientProtocolClient (GrpcClientProtocolClient.java:onNext(255)) - client-CB1B8AC74E59->81367453-3bf0-4298-8a83-8d5c3816df16: receive RaftClientReply:client-CB1B8AC74E59->81367453-3bf0-4298-8a83-8d5c3816df16@group-F6EC397515C5, cid=2597, SUCCESS, logIndex=3585, commits[81367453-3bf0-4298-8a83-8d5c3816df16:c3588]
2019-09-03 20:26:18,728 [grpc-default-executor-2] INFO  client.GrpcClientProtocolClient (GrpcClientProtocolClient.java:onNext(255)) - client-CB1B8AC74E59->81367453-3bf0-4298-8a83-8d5c3816df16: receive RaftClientReply:client-CB1B8AC74E59->81367453-3bf0-4298-8a83-8d5c3816df16@group-F6EC397515C5, cid=2598, SUCCESS, logIndex=3586, commits[81367453-3bf0-4298-8a83-8d5c3816df16:c3588]
2019-09-03 20:26:18,729 [grpc-default-executor-2] INFO  client.GrpcClientProtocolClient (GrpcClientProtocolClient.java:onNext(255)) - client-CB1B8AC74E59->81367453-3bf0-4298-8a83-8d5c3816df16: receive RaftClientReply:client-CB1B8AC74E59->81367453-3bf0-4298-8a83-8d5c3816df16@group-F6EC397515C5, cid=2599, SUCCESS, logIndex=3587, commits[81367453-3bf0-4298-8a83-8d5c3816df16:c3588]
2019-09-03 20:26:18,729 [grpc-default-executor-2] INFO  client.GrpcClientProtocolClient (GrpcClientProtocolClient.java:onNext(255)) - client-CB1B8AC74E59->81367453-3bf0-4298-8a83-8d5c3816df16: receive RaftClientReply:client-CB1B8AC74E59->81367453-3bf0-4298-8a83-8d5c3816df16@group-F6EC397515C5, cid=2600, SUCCESS, logIndex=3588, commits[81367453-3bf0-4298-8a83-8d5c3816df16:c3588]
2019-09-03 20:26:18,735 [SCMBlockDeletingService#1] DEBUG block.SCMBlockDeletingService (SCMBlockDeletingService.java:call(138)) - Running DeletedBlockTransactionScanner
2019-09-03 20:26:18,735 [SCMBlockDeletingService#1] DEBUG block.SCMBlockDeletingService (SCMBlockDeletingService.java:call(155)) - Scanned deleted blocks log and got 0 delTX to process.
2019-09-03 20:26:18,764 [grpc-default-executor-1] INFO  client.GrpcClientProtocolClient (GrpcClientProtocolClient.java:onNext(255)) - client-CB1B8AC74E59->81367453-3bf0-4298-8a83-8d5c3816df16: receive RaftClientReply:client-CB1B8AC74E59->81367453-3bf0-4298-8a83-8d5c3816df16@group-F6EC397515C5, cid=2601, SUCCESS, logIndex=3590, commits[81367453-3bf0-4298-8a83-8d5c3816df16:c3593]
2019-09-03 20:26:18,765 [grpc-default-executor-1] INFO  client.GrpcClientProtocolClient (GrpcClientProtocolClient.java:onNext(255)) - client-CB1B8AC74E59->81367453-3bf0-4298-8a83-8d5c3816df16: receive RaftClientReply:client-CB1B8AC74E59->81367453-3bf0-4298-8a83-8d5c3816df16@group-F6EC397515C5, cid=2602, SUCCESS, logIndex=3591, commits[81367453-3bf0-4298-8a83-8d5c3816df16:c3593]
2019-09-03 20:26:18,765 [grpc-default-executor-1] INFO  client.GrpcClientProtocolClient (GrpcClientProtocolClient.java:onNext(255)) - client-CB1B8AC74E59->81367453-3bf0-4298-8a83-8d5c3816df16: receive RaftClientReply:client-CB1B8AC74E59->81367453-3bf0-4298-8a83-8d5c3816df16@group-F6EC397515C5, cid=2603, SUCCESS, logIndex=3592, commits[81367453-3bf0-4298-8a83-8d5c3816df16:c3593]
2019-09-03 20:26:18,766 [grpc-default-executor-1] INFO  client.GrpcClientProtocolClient (GrpcClientProtocolClient.java:onNext(255)) - client-CB1B8AC74E59->81367453-3bf0-4298-8a83-8d5c3816df16: receive RaftClientReply:client-CB1B8AC74E59->81367453-3bf0-4298-8a83-8d5c3816df16@group-F6EC397515C5, cid=2604, SUCCESS, logIndex=3593, commits[81367453-3bf0-4298-8a83-8d5c3816df16:c3593]
2019-09-03 20:26:18,782 [grpc-default-executor-1] INFO  client.GrpcClientProtocolClient (GrpcClientProtocolClient.java:onNext(255)) - client-CB1B8AC74E59->81367453-3bf0-4298-8a83-8d5c3816df16: receive RaftClientReply:client-CB1B8AC74E59->81367453-3bf0-4298-8a83-8d5c3816df16@group-F6EC397515C5, cid=2605, SUCCESS, logIndex=3595, commits[81367453-3bf0-4298-8a83-8d5c3816df16:c3598]
2019-09-03 20:26:18,782 [grpc-default-executor-1] INFO  client.GrpcClientProtocolClient (GrpcClientProtocolClient.java:onNext(255)) - client-CB1B8AC74E59->81367453-3bf0-4298-8a83-8d5c3816df16: receive RaftClientReply:client-CB1B8AC74E59->81367453-3bf0-4298-8a83-8d5c3816df16@group-F6EC397515C5, cid=2606, SUCCESS, logIndex=3596, commits[81367453-3bf0-4298-8a83-8d5c3816df16:c3598]
2019-09-03 20:26:18,783 [grpc-default-executor-1] INFO  client.GrpcClientProtocolClient (GrpcClientProtocolClient.java:onNext(255)) - client-CB1B8AC74E59->81367453-3bf0-4298-8a83-8d5c3816df16: receive RaftClientReply:client-CB1B8AC74E59->81367453-3bf0-4298-8a83-8d5c3816df16@group-F6EC397515C5, cid=2607, SUCCESS, logIndex=3597, commits[81367453-3bf0-4298-8a83-8d5c3816df16:c3598]
2019-09-03 20:26:18,783 [grpc-default-executor-1] INFO  client.GrpcClientProtocolClient (GrpcClientProtocolClient.java:onNext(255)) - client-CB1B8AC74E59->81367453-3bf0-4298-8a83-8d5c3816df16: receive RaftClientReply:client-CB1B8AC74E59->81367453-3bf0-4298-8a83-8d5c3816df16@group-F6EC397515C5, cid=2608, SUCCESS, logIndex=3598, commits[81367453-3bf0-4298-8a83-8d5c3816df16:c3598]
2019-09-03 20:26:18,836 [SCMBlockDeletingService#1] DEBUG block.SCMBlockDeletingService (SCMBlockDeletingService.java:call(138)) - Running DeletedBlockTransactionScanner
2019-09-03 20:26:18,836 [SCMBlockDeletingService#1] DEBUG block.SCMBlockDeletingService (SCMBlockDeletingService.java:call(155)) - Scanned deleted blocks log and got 0 delTX to process.
2019-09-03 20:26:18,898 [grpc-default-executor-2] INFO  client.GrpcClientProtocolClient (GrpcClientProtocolClient.java:onNext(255)) - client-CB1B8AC74E59->81367453-3bf0-4298-8a83-8d5c3816df16: receive RaftClientReply:client-CB1B8AC74E59->81367453-3bf0-4298-8a83-8d5c3816df16@group-F6EC397515C5, cid=2609, SUCCESS, logIndex=3600, commits[81367453-3bf0-4298-8a83-8d5c3816df16:c3603]
2019-09-03 20:26:18,899 [grpc-default-executor-2] INFO  client.GrpcClientProtocolClient (GrpcClientProtocolClient.java:onNext(255)) - client-CB1B8AC74E59->81367453-3bf0-4298-8a83-8d5c3816df16: receive RaftClientReply:client-CB1B8AC74E59->81367453-3bf0-4298-8a83-8d5c3816df16@group-F6EC397515C5, cid=2610, SUCCESS, logIndex=3601, commits[81367453-3bf0-4298-8a83-8d5c3816df16:c3603]
2019-09-03 20:26:18,899 [grpc-default-executor-2] INFO  client.GrpcClientProtocolClient (GrpcClientProtocolClient.java:onNext(255)) - client-CB1B8AC74E59->81367453-3bf0-4298-8a83-8d5c3816df16: receive RaftClientReply:client-CB1B8AC74E59->81367453-3bf0-4298-8a83-8d5c3816df16@group-F6EC397515C5, cid=2611, SUCCESS, logIndex=3602, commits[81367453-3bf0-4298-8a83-8d5c3816df16:c3603]
2019-09-03 20:26:18,900 [grpc-default-executor-2] INFO  client.GrpcClientProtocolClient (GrpcClientProtocolClient.java:onNext(255)) - client-CB1B8AC74E59->81367453-3bf0-4298-8a83-8d5c3816df16: receive RaftClientReply:client-CB1B8AC74E59->81367453-3bf0-4298-8a83-8d5c3816df16@group-F6EC397515C5, cid=2612, SUCCESS, logIndex=3603, commits[81367453-3bf0-4298-8a83-8d5c3816df16:c3603]
2019-09-03 20:26:18,927 [grpc-default-executor-2] INFO  client.GrpcClientProtocolClient (GrpcClientProtocolClient.java:onNext(255)) - client-CB1B8AC74E59->81367453-3bf0-4298-8a83-8d5c3816df16: receive RaftClientReply:client-CB1B8AC74E59->81367453-3bf0-4298-8a83-8d5c3816df16@group-F6EC397515C5, cid=2613, SUCCESS, logIndex=3605, commits[81367453-3bf0-4298-8a83-8d5c3816df16:c3608]
2019-09-03 20:26:18,928 [grpc-default-executor-2] INFO  client.GrpcClientProtocolClient (GrpcClientProtocolClient.java:onNext(255)) - client-CB1B8AC74E59->81367453-3bf0-4298-8a83-8d5c3816df16: receive RaftClientReply:client-CB1B8AC74E59->81367453-3bf0-4298-8a83-8d5c3816df16@group-F6EC397515C5, cid=2614, SUCCESS, logIndex=3606, commits[81367453-3bf0-4298-8a83-8d5c3816df16:c3608]
2019-09-03 20:26:18,928 [grpc-default-executor-2] INFO  client.GrpcClientProtocolClient (GrpcClientProtocolClient.java:onNext(255)) - client-CB1B8AC74E59->81367453-3bf0-4298-8a83-8d5c3816df16: receive RaftClientReply:client-CB1B8AC74E59->81367453-3bf0-4298-8a83-8d5c3816df16@group-F6EC397515C5, cid=2615, SUCCESS, logIndex=3607, commits[81367453-3bf0-4298-8a83-8d5c3816df16:c3608]
2019-09-03 20:26:18,929 [grpc-default-executor-2] INFO  client.GrpcClientProtocolClient (GrpcClientProtocolClient.java:onNext(255)) - client-CB1B8AC74E59->81367453-3bf0-4298-8a83-8d5c3816df16: receive RaftClientReply:client-CB1B8AC74E59->81367453-3bf0-4298-8a83-8d5c3816df16@group-F6EC397515C5, cid=2616, SUCCESS, logIndex=3608, commits[81367453-3bf0-4298-8a83-8d5c3816df16:c3608]
2019-09-03 20:26:18,936 [SCMBlockDeletingService#1] DEBUG block.SCMBlockDeletingService (SCMBlockDeletingService.java:call(138)) - Running DeletedBlockTransactionScanner
2019-09-03 20:26:18,937 [SCMBlockDeletingService#1] DEBUG block.SCMBlockDeletingService (SCMBlockDeletingService.java:call(155)) - Scanned deleted blocks log and got 0 delTX to process.
2019-09-03 20:26:18,947 [grpc-default-executor-2] INFO  client.GrpcClientProtocolClient (GrpcClientProtocolClient.java:onNext(255)) - client-CB1B8AC74E59->81367453-3bf0-4298-8a83-8d5c3816df16: receive RaftClientReply:client-CB1B8AC74E59->81367453-3bf0-4298-8a83-8d5c3816df16@group-F6EC397515C5, cid=2617, SUCCESS, logIndex=3610, commits[81367453-3bf0-4298-8a83-8d5c3816df16:c3611]
2019-09-03 20:26:18,947 [grpc-default-executor-2] INFO  client.GrpcClientProtocolClient (GrpcClientProtocolClient.java:onNext(255)) - client-CB1B8AC74E59->81367453-3bf0-4298-8a83-8d5c3816df16: receive RaftClientReply:client-CB1B8AC74E59->81367453-3bf0-4298-8a83-8d5c3816df16@group-F6EC397515C5, cid=2618, SUCCESS, logIndex=3611, commits[81367453-3bf0-4298-8a83-8d5c3816df16:c3611]
2019-09-03 20:26:18,948 [grpc-default-executor-2] INFO  client.GrpcClientProtocolClient (GrpcClientProtocolClient.java:onNext(255)) - client-CB1B8AC74E59->81367453-3bf0-4298-8a83-8d5c3816df16: receive RaftClientReply:client-CB1B8AC74E59->81367453-3bf0-4298-8a83-8d5c3816df16@group-F6EC397515C5, cid=2619, SUCCESS, logIndex=3612, commits[81367453-3bf0-4298-8a83-8d5c3816df16:c3614]
2019-09-03 20:26:18,949 [grpc-default-executor-2] INFO  client.GrpcClientProtocolClient (GrpcClientProtocolClient.java:onNext(255)) - client-CB1B8AC74E59->81367453-3bf0-4298-8a83-8d5c3816df16: receive RaftClientReply:client-CB1B8AC74E59->81367453-3bf0-4298-8a83-8d5c3816df16@group-F6EC397515C5, cid=2620, SUCCESS, logIndex=3613, commits[81367453-3bf0-4298-8a83-8d5c3816df16:c3614]
2019-09-03 20:26:18,987 [grpc-default-executor-2] INFO  client.GrpcClientProtocolClient (GrpcClientProtocolClient.java:onNext(255)) - client-CB1B8AC74E59->81367453-3bf0-4298-8a83-8d5c3816df16: receive RaftClientReply:client-CB1B8AC74E59->81367453-3bf0-4298-8a83-8d5c3816df16@group-F6EC397515C5, cid=2621, SUCCESS, logIndex=3615, commits[81367453-3bf0-4298-8a83-8d5c3816df16:c3616]
2019-09-03 20:26:18,988 [grpc-default-executor-2] INFO  client.GrpcClientProtocolClient (GrpcClientProtocolClient.java:onNext(255)) - client-CB1B8AC74E59->81367453-3bf0-4298-8a83-8d5c3816df16: receive RaftClientReply:client-CB1B8AC74E59->81367453-3bf0-4298-8a83-8d5c3816df16@group-F6EC397515C5, cid=2622, SUCCESS, logIndex=3616, commits[81367453-3bf0-4298-8a83-8d5c3816df16:c3618]
2019-09-03 20:26:18,988 [grpc-default-executor-2] INFO  client.GrpcClientProtocolClient (GrpcClientProtocolClient.java:onNext(255)) - client-CB1B8AC74E59->81367453-3bf0-4298-8a83-8d5c3816df16: receive RaftClientReply:client-CB1B8AC74E59->81367453-3bf0-4298-8a83-8d5c3816df16@group-F6EC397515C5, cid=2623, SUCCESS, logIndex=3617, commits[81367453-3bf0-4298-8a83-8d5c3816df16:c3618]
2019-09-03 20:26:18,988 [grpc-default-executor-2] INFO  client.GrpcClientProtocolClient (GrpcClientProtocolClient.java:onNext(255)) - client-CB1B8AC74E59->81367453-3bf0-4298-8a83-8d5c3816df16: receive RaftClientReply:client-CB1B8AC74E59->81367453-3bf0-4298-8a83-8d5c3816df16@group-F6EC397515C5, cid=2624, SUCCESS, logIndex=3618, commits[81367453-3bf0-4298-8a83-8d5c3816df16:c3618]
2019-09-03 20:26:19,013 [grpc-default-executor-1] INFO  client.GrpcClientProtocolClient (GrpcClientProtocolClient.java:onNext(255)) - client-CB1B8AC74E59->81367453-3bf0-4298-8a83-8d5c3816df16: receive RaftClientReply:client-CB1B8AC74E59->81367453-3bf0-4298-8a83-8d5c3816df16@group-F6EC397515C5, cid=2625, SUCCESS, logIndex=3621, commits[81367453-3bf0-4298-8a83-8d5c3816df16:c3622]
2019-09-03 20:26:19,014 [grpc-default-executor-1] INFO  client.GrpcClientProtocolClient (GrpcClientProtocolClient.java:onNext(255)) - client-CB1B8AC74E59->81367453-3bf0-4298-8a83-8d5c3816df16: receive RaftClientReply:client-CB1B8AC74E59->81367453-3bf0-4298-8a83-8d5c3816df16@group-F6EC397515C5, cid=2626, SUCCESS, logIndex=3622, commits[81367453-3bf0-4298-8a83-8d5c3816df16:c3622]
2019-09-03 20:26:19,017 [grpc-default-executor-1] INFO  client.GrpcClientProtocolClient (GrpcClientProtocolClient.java:onNext(255)) - client-CB1B8AC74E59->81367453-3bf0-4298-8a83-8d5c3816df16: receive RaftClientReply:client-CB1B8AC74E59->81367453-3bf0-4298-8a83-8d5c3816df16@group-F6EC397515C5, cid=2627, SUCCESS, logIndex=3623, commits[81367453-3bf0-4298-8a83-8d5c3816df16:c3624]
2019-09-03 20:26:19,018 [grpc-default-executor-1] INFO  client.GrpcClientProtocolClient (GrpcClientProtocolClient.java:onNext(255)) - client-CB1B8AC74E59->81367453-3bf0-4298-8a83-8d5c3816df16: receive RaftClientReply:client-CB1B8AC74E59->81367453-3bf0-4298-8a83-8d5c3816df16@group-F6EC397515C5, cid=2628, SUCCESS, logIndex=3624, commits[81367453-3bf0-4298-8a83-8d5c3816df16:c3624]
2019-09-03 20:26:19,037 [SCMBlockDeletingService#1] DEBUG block.SCMBlockDeletingService (SCMBlockDeletingService.java:call(138)) - Running DeletedBlockTransactionScanner
2019-09-03 20:26:19,037 [SCMBlockDeletingService#1] DEBUG block.SCMBlockDeletingService (SCMBlockDeletingService.java:call(155)) - Scanned deleted blocks log and got 0 delTX to process.
2019-09-03 20:26:19,052 [grpc-default-executor-1] INFO  client.GrpcClientProtocolClient (GrpcClientProtocolClient.java:onNext(255)) - client-CB1B8AC74E59->81367453-3bf0-4298-8a83-8d5c3816df16: receive RaftClientReply:client-CB1B8AC74E59->81367453-3bf0-4298-8a83-8d5c3816df16@group-F6EC397515C5, cid=2629, SUCCESS, logIndex=3627, commits[81367453-3bf0-4298-8a83-8d5c3816df16:c3628]
2019-09-03 20:26:19,052 [grpc-default-executor-1] INFO  client.GrpcClientProtocolClient (GrpcClientProtocolClient.java:onNext(255)) - client-CB1B8AC74E59->81367453-3bf0-4298-8a83-8d5c3816df16: receive RaftClientReply:client-CB1B8AC74E59->81367453-3bf0-4298-8a83-8d5c3816df16@group-F6EC397515C5, cid=2630, SUCCESS, logIndex=3628, commits[81367453-3bf0-4298-8a83-8d5c3816df16:c3628]
2019-09-03 20:26:19,056 [grpc-default-executor-1] INFO  client.GrpcClientProtocolClient (GrpcClientProtocolClient.java:onNext(255)) - client-CB1B8AC74E59->81367453-3bf0-4298-8a83-8d5c3816df16: receive RaftClientReply:client-CB1B8AC74E59->81367453-3bf0-4298-8a83-8d5c3816df16@group-F6EC397515C5, cid=2631, SUCCESS, logIndex=3629, commits[81367453-3bf0-4298-8a83-8d5c3816df16:c3630]
2019-09-03 20:26:19,057 [grpc-default-executor-1] INFO  client.GrpcClientProtocolClient (GrpcClientProtocolClient.java:onNext(255)) - client-CB1B8AC74E59->81367453-3bf0-4298-8a83-8d5c3816df16: receive RaftClientReply:client-CB1B8AC74E59->81367453-3bf0-4298-8a83-8d5c3816df16@group-F6EC397515C5, cid=2632, SUCCESS, logIndex=3630, commits[81367453-3bf0-4298-8a83-8d5c3816df16:c3630]
2019-09-03 20:26:19,120 [grpc-default-executor-1] INFO  client.GrpcClientProtocolClient (GrpcClientProtocolClient.java:onNext(255)) - client-CB1B8AC74E59->81367453-3bf0-4298-8a83-8d5c3816df16: receive RaftClientReply:client-CB1B8AC74E59->81367453-3bf0-4298-8a83-8d5c3816df16@group-F6EC397515C5, cid=2633, SUCCESS, logIndex=3633, commits[81367453-3bf0-4298-8a83-8d5c3816df16:c3634]
2019-09-03 20:26:19,120 [grpc-default-executor-1] INFO  client.GrpcClientProtocolClient (GrpcClientProtocolClient.java:onNext(255)) - client-CB1B8AC74E59->81367453-3bf0-4298-8a83-8d5c3816df16: receive RaftClientReply:client-CB1B8AC74E59->81367453-3bf0-4298-8a83-8d5c3816df16@group-F6EC397515C5, cid=2634, SUCCESS, logIndex=3634, commits[81367453-3bf0-4298-8a83-8d5c3816df16:c3634]
2019-09-03 20:26:19,138 [grpc-default-executor-1] INFO  client.GrpcClientProtocolClient (GrpcClientProtocolClient.java:onNext(255)) - client-CB1B8AC74E59->81367453-3bf0-4298-8a83-8d5c3816df16: receive RaftClientReply:client-CB1B8AC74E59->81367453-3bf0-4298-8a83-8d5c3816df16@group-F6EC397515C5, cid=2635, SUCCESS, logIndex=3635, commits[81367453-3bf0-4298-8a83-8d5c3816df16:c3636]
2019-09-03 20:26:19,138 [SCMBlockDeletingService#1] DEBUG block.SCMBlockDeletingService (SCMBlockDeletingService.java:call(138)) - Running DeletedBlockTransactionScanner
2019-09-03 20:26:19,138 [SCMBlockDeletingService#1] DEBUG block.SCMBlockDeletingService (SCMBlockDeletingService.java:call(155)) - Scanned deleted blocks log and got 0 delTX to process.
2019-09-03 20:26:19,138 [grpc-default-executor-1] INFO  client.GrpcClientProtocolClient (GrpcClientProtocolClient.java:onNext(255)) - client-CB1B8AC74E59->81367453-3bf0-4298-8a83-8d5c3816df16: receive RaftClientReply:client-CB1B8AC74E59->81367453-3bf0-4298-8a83-8d5c3816df16@group-F6EC397515C5, cid=2636, SUCCESS, logIndex=3636, commits[81367453-3bf0-4298-8a83-8d5c3816df16:c3636]
2019-09-03 20:26:19,151 [grpc-default-executor-1] INFO  client.GrpcClientProtocolClient (GrpcClientProtocolClient.java:onNext(255)) - client-CB1B8AC74E59->81367453-3bf0-4298-8a83-8d5c3816df16: receive RaftClientReply:client-CB1B8AC74E59->81367453-3bf0-4298-8a83-8d5c3816df16@group-F6EC397515C5, cid=2637, SUCCESS, logIndex=3639, commits[81367453-3bf0-4298-8a83-8d5c3816df16:c3640]
2019-09-03 20:26:19,152 [grpc-default-executor-1] INFO  client.GrpcClientProtocolClient (GrpcClientProtocolClient.java:onNext(255)) - client-CB1B8AC74E59->81367453-3bf0-4298-8a83-8d5c3816df16: receive RaftClientReply:client-CB1B8AC74E59->81367453-3bf0-4298-8a83-8d5c3816df16@group-F6EC397515C5, cid=2638, SUCCESS, logIndex=3640, commits[81367453-3bf0-4298-8a83-8d5c3816df16:c3640]
2019-09-03 20:26:19,161 [grpc-default-executor-1] INFO  client.GrpcClientProtocolClient (GrpcClientProtocolClient.java:onNext(255)) - client-CB1B8AC74E59->81367453-3bf0-4298-8a83-8d5c3816df16: receive RaftClientReply:client-CB1B8AC74E59->81367453-3bf0-4298-8a83-8d5c3816df16@group-F6EC397515C5, cid=2639, SUCCESS, logIndex=3641, commits[81367453-3bf0-4298-8a83-8d5c3816df16:c3642]
2019-09-03 20:26:19,162 [grpc-default-executor-1] INFO  client.GrpcClientProtocolClient (GrpcClientProtocolClient.java:onNext(255)) - client-CB1B8AC74E59->81367453-3bf0-4298-8a83-8d5c3816df16: receive RaftClientReply:client-CB1B8AC74E59->81367453-3bf0-4298-8a83-8d5c3816df16@group-F6EC397515C5, cid=2640, SUCCESS, logIndex=3642, commits[81367453-3bf0-4298-8a83-8d5c3816df16:c3642]
2019-09-03 20:26:19,192 [grpc-default-executor-2] INFO  client.GrpcClientProtocolClient (GrpcClientProtocolClient.java:onNext(255)) - client-CB1B8AC74E59->81367453-3bf0-4298-8a83-8d5c3816df16: receive RaftClientReply:client-CB1B8AC74E59->81367453-3bf0-4298-8a83-8d5c3816df16@group-F6EC397515C5, cid=2641, SUCCESS, logIndex=3645, commits[81367453-3bf0-4298-8a83-8d5c3816df16:c3646]
2019-09-03 20:26:19,195 [grpc-default-executor-2] INFO  client.GrpcClientProtocolClient (GrpcClientProtocolClient.java:onNext(255)) - client-CB1B8AC74E59->81367453-3bf0-4298-8a83-8d5c3816df16: receive RaftClientReply:client-CB1B8AC74E59->81367453-3bf0-4298-8a83-8d5c3816df16@group-F6EC397515C5, cid=2642, SUCCESS, logIndex=3646, commits[81367453-3bf0-4298-8a83-8d5c3816df16:c3646]
2019-09-03 20:26:19,196 [grpc-default-executor-2] INFO  client.GrpcClientProtocolClient (GrpcClientProtocolClient.java:onNext(255)) - client-CB1B8AC74E59->81367453-3bf0-4298-8a83-8d5c3816df16: receive RaftClientReply:client-CB1B8AC74E59->81367453-3bf0-4298-8a83-8d5c3816df16@group-F6EC397515C5, cid=2643, SUCCESS, logIndex=3647, commits[81367453-3bf0-4298-8a83-8d5c3816df16:c3648]
2019-09-03 20:26:19,196 [grpc-default-executor-2] INFO  client.GrpcClientProtocolClient (GrpcClientProtocolClient.java:onNext(255)) - client-CB1B8AC74E59->81367453-3bf0-4298-8a83-8d5c3816df16: receive RaftClientReply:client-CB1B8AC74E59->81367453-3bf0-4298-8a83-8d5c3816df16@group-F6EC397515C5, cid=2644, SUCCESS, logIndex=3648, commits[81367453-3bf0-4298-8a83-8d5c3816df16:c3648]
2019-09-03 20:26:19,238 [grpc-default-executor-2] INFO  client.GrpcClientProtocolClient (GrpcClientProtocolClient.java:onNext(255)) - client-CB1B8AC74E59->81367453-3bf0-4298-8a83-8d5c3816df16: receive RaftClientReply:client-CB1B8AC74E59->81367453-3bf0-4298-8a83-8d5c3816df16@group-F6EC397515C5, cid=2645, SUCCESS, logIndex=3651, commits[81367453-3bf0-4298-8a83-8d5c3816df16:c3654]
2019-09-03 20:26:19,238 [grpc-default-executor-2] INFO  client.GrpcClientProtocolClient (GrpcClientProtocolClient.java:onNext(255)) - client-CB1B8AC74E59->81367453-3bf0-4298-8a83-8d5c3816df16: receive RaftClientReply:client-CB1B8AC74E59->81367453-3bf0-4298-8a83-8d5c3816df16@group-F6EC397515C5, cid=2646, SUCCESS, logIndex=3652, commits[81367453-3bf0-4298-8a83-8d5c3816df16:c3654]
2019-09-03 20:26:19,239 [SCMBlockDeletingService#1] DEBUG block.SCMBlockDeletingService (SCMBlockDeletingService.java:call(138)) - Running DeletedBlockTransactionScanner
2019-09-03 20:26:19,239 [grpc-default-executor-2] INFO  client.GrpcClientProtocolClient (GrpcClientProtocolClient.java:onNext(255)) - client-CB1B8AC74E59->81367453-3bf0-4298-8a83-8d5c3816df16: receive RaftClientReply:client-CB1B8AC74E59->81367453-3bf0-4298-8a83-8d5c3816df16@group-F6EC397515C5, cid=2647, SUCCESS, logIndex=3653, commits[81367453-3bf0-4298-8a83-8d5c3816df16:c3654]
2019-09-03 20:26:19,239 [SCMBlockDeletingService#1] DEBUG block.SCMBlockDeletingService (SCMBlockDeletingService.java:call(155)) - Scanned deleted blocks log and got 0 delTX to process.
2019-09-03 20:26:19,239 [grpc-default-executor-2] INFO  client.GrpcClientProtocolClient (GrpcClientProtocolClient.java:onNext(255)) - client-CB1B8AC74E59->81367453-3bf0-4298-8a83-8d5c3816df16: receive RaftClientReply:client-CB1B8AC74E59->81367453-3bf0-4298-8a83-8d5c3816df16@group-F6EC397515C5, cid=2648, SUCCESS, logIndex=3654, commits[81367453-3bf0-4298-8a83-8d5c3816df16:c3654]
2019-09-03 20:26:19,272 [grpc-default-executor-1] INFO  client.GrpcClientProtocolClient (GrpcClientProtocolClient.java:onNext(255)) - client-CB1B8AC74E59->81367453-3bf0-4298-8a83-8d5c3816df16: receive RaftClientReply:client-CB1B8AC74E59->81367453-3bf0-4298-8a83-8d5c3816df16@group-F6EC397515C5, cid=2649, SUCCESS, logIndex=3656, commits[81367453-3bf0-4298-8a83-8d5c3816df16:c3657]
2019-09-03 20:26:19,273 [grpc-default-executor-1] INFO  client.GrpcClientProtocolClient (GrpcClientProtocolClient.java:onNext(255)) - client-CB1B8AC74E59->81367453-3bf0-4298-8a83-8d5c3816df16: receive RaftClientReply:client-CB1B8AC74E59->81367453-3bf0-4298-8a83-8d5c3816df16@group-F6EC397515C5, cid=2650, SUCCESS, logIndex=3657, commits[81367453-3bf0-4298-8a83-8d5c3816df16:c3657]
2019-09-03 20:26:19,284 [grpc-default-executor-1] INFO  client.GrpcClientProtocolClient (GrpcClientProtocolClient.java:onNext(255)) - client-CB1B8AC74E59->81367453-3bf0-4298-8a83-8d5c3816df16: receive RaftClientReply:client-CB1B8AC74E59->81367453-3bf0-4298-8a83-8d5c3816df16@group-F6EC397515C5, cid=2651, SUCCESS, logIndex=3658, commits[81367453-3bf0-4298-8a83-8d5c3816df16:c3659]
2019-09-03 20:26:19,285 [grpc-default-executor-1] INFO  client.GrpcClientProtocolClient (GrpcClientProtocolClient.java:onNext(255)) - client-CB1B8AC74E59->81367453-3bf0-4298-8a83-8d5c3816df16: receive RaftClientReply:client-CB1B8AC74E59->81367453-3bf0-4298-8a83-8d5c3816df16@group-F6EC397515C5, cid=2652, SUCCESS, logIndex=3659, commits[81367453-3bf0-4298-8a83-8d5c3816df16:c3659]
2019-09-03 20:26:19,339 [SCMBlockDeletingService#1] DEBUG block.SCMBlockDeletingService (SCMBlockDeletingService.java:call(138)) - Running DeletedBlockTransactionScanner
2019-09-03 20:26:19,339 [SCMBlockDeletingService#1] DEBUG block.SCMBlockDeletingService (SCMBlockDeletingService.java:call(155)) - Scanned deleted blocks log and got 0 delTX to process.
2019-09-03 20:26:19,387 [grpc-default-executor-2] INFO  client.GrpcClientProtocolClient (GrpcClientProtocolClient.java:onNext(255)) - client-CB1B8AC74E59->81367453-3bf0-4298-8a83-8d5c3816df16: receive RaftClientReply:client-CB1B8AC74E59->81367453-3bf0-4298-8a83-8d5c3816df16@group-F6EC397515C5, cid=2653, SUCCESS, logIndex=3662, commits[81367453-3bf0-4298-8a83-8d5c3816df16:c3665]
2019-09-03 20:26:19,387 [grpc-default-executor-2] INFO  client.GrpcClientProtocolClient (GrpcClientProtocolClient.java:onNext(255)) - client-CB1B8AC74E59->81367453-3bf0-4298-8a83-8d5c3816df16: receive RaftClientReply:client-CB1B8AC74E59->81367453-3bf0-4298-8a83-8d5c3816df16@group-F6EC397515C5, cid=2654, SUCCESS, logIndex=3663, commits[81367453-3bf0-4298-8a83-8d5c3816df16:c3665]
2019-09-03 20:26:19,392 [grpc-default-executor-2] INFO  client.GrpcClientProtocolClient (GrpcClientProtocolClient.java:onNext(255)) - client-CB1B8AC74E59->81367453-3bf0-4298-8a83-8d5c3816df16: receive RaftClientReply:client-CB1B8AC74E59->81367453-3bf0-4298-8a83-8d5c3816df16@group-F6EC397515C5, cid=2655, SUCCESS, logIndex=3664, commits[81367453-3bf0-4298-8a83-8d5c3816df16:c3665]
2019-09-03 20:26:19,393 [grpc-default-executor-2] INFO  client.GrpcClientProtocolClient (GrpcClientProtocolClient.java:onNext(255)) - client-CB1B8AC74E59->81367453-3bf0-4298-8a83-8d5c3816df16: receive RaftClientReply:client-CB1B8AC74E59->81367453-3bf0-4298-8a83-8d5c3816df16@group-F6EC397515C5, cid=2656, SUCCESS, logIndex=3665, commits[81367453-3bf0-4298-8a83-8d5c3816df16:c3665]
2019-09-03 20:26:19,429 [grpc-default-executor-2] INFO  client.GrpcClientProtocolClient (GrpcClientProtocolClient.java:onNext(255)) - client-CB1B8AC74E59->81367453-3bf0-4298-8a83-8d5c3816df16: receive RaftClientReply:client-CB1B8AC74E59->81367453-3bf0-4298-8a83-8d5c3816df16@group-F6EC397515C5, cid=2657, SUCCESS, logIndex=3667, commits[81367453-3bf0-4298-8a83-8d5c3816df16:c3668]
2019-09-03 20:26:19,429 [grpc-default-executor-2] INFO  client.GrpcClientProtocolClient (GrpcClientProtocolClient.java:onNext(255)) - client-CB1B8AC74E59->81367453-3bf0-4298-8a83-8d5c3816df16: receive RaftClientReply:client-CB1B8AC74E59->81367453-3bf0-4298-8a83-8d5c3816df16@group-F6EC397515C5, cid=2658, SUCCESS, logIndex=3668, commits[81367453-3bf0-4298-8a83-8d5c3816df16:c3668]
2019-09-03 20:26:19,439 [grpc-default-executor-2] INFO  client.GrpcClientProtocolClient (GrpcClientProtocolClient.java:onNext(255)) - client-CB1B8AC74E59->81367453-3bf0-4298-8a83-8d5c3816df16: receive RaftClientReply:client-CB1B8AC74E59->81367453-3bf0-4298-8a83-8d5c3816df16@group-F6EC397515C5, cid=2659, SUCCESS, logIndex=3669, commits[81367453-3bf0-4298-8a83-8d5c3816df16:c3670]
2019-09-03 20:26:19,439 [grpc-default-executor-2] INFO  client.GrpcClientProtocolClient (GrpcClientProtocolClient.java:onNext(255)) - client-CB1B8AC74E59->81367453-3bf0-4298-8a83-8d5c3816df16: receive RaftClientReply:client-CB1B8AC74E59->81367453-3bf0-4298-8a83-8d5c3816df16@group-F6EC397515C5, cid=2660, SUCCESS, logIndex=3670, commits[81367453-3bf0-4298-8a83-8d5c3816df16:c3670]
2019-09-03 20:26:19,440 [SCMBlockDeletingService#1] DEBUG block.SCMBlockDeletingService (SCMBlockDeletingService.java:call(138)) - Running DeletedBlockTransactionScanner
2019-09-03 20:26:19,440 [SCMBlockDeletingService#1] DEBUG block.SCMBlockDeletingService (SCMBlockDeletingService.java:call(155)) - Scanned deleted blocks log and got 0 delTX to process.
2019-09-03 20:26:19,464 [grpc-default-executor-2] INFO  client.GrpcClientProtocolClient (GrpcClientProtocolClient.java:onNext(255)) - client-CB1B8AC74E59->81367453-3bf0-4298-8a83-8d5c3816df16: receive RaftClientReply:client-CB1B8AC74E59->81367453-3bf0-4298-8a83-8d5c3816df16@group-F6EC397515C5, cid=2661, SUCCESS, logIndex=3673, commits[81367453-3bf0-4298-8a83-8d5c3816df16:c3676]
2019-09-03 20:26:19,466 [grpc-default-executor-2] INFO  client.GrpcClientProtocolClient (GrpcClientProtocolClient.java:onNext(255)) - client-CB1B8AC74E59->81367453-3bf0-4298-8a83-8d5c3816df16: receive RaftClientReply:client-CB1B8AC74E59->81367453-3bf0-4298-8a83-8d5c3816df16@group-F6EC397515C5, cid=2662, SUCCESS, logIndex=3674, commits[81367453-3bf0-4298-8a83-8d5c3816df16:c3676]
2019-09-03 20:26:19,466 [grpc-default-executor-2] INFO  client.GrpcClientProtocolClient (GrpcClientProtocolClient.java:onNext(255)) - client-CB1B8AC74E59->81367453-3bf0-4298-8a83-8d5c3816df16: receive RaftClientReply:client-CB1B8AC74E59->81367453-3bf0-4298-8a83-8d5c3816df16@group-F6EC397515C5, cid=2663, SUCCESS, logIndex=3675, commits[81367453-3bf0-4298-8a83-8d5c3816df16:c3676]
2019-09-03 20:26:19,466 [grpc-default-executor-2] INFO  client.GrpcClientProtocolClient (GrpcClientProtocolClient.java:onNext(255)) - client-CB1B8AC74E59->81367453-3bf0-4298-8a83-8d5c3816df16: receive RaftClientReply:client-CB1B8AC74E59->81367453-3bf0-4298-8a83-8d5c3816df16@group-F6EC397515C5, cid=2664, SUCCESS, logIndex=3676, commits[81367453-3bf0-4298-8a83-8d5c3816df16:c3676]
2019-09-03 20:26:19,495 [grpc-default-executor-2] INFO  client.GrpcClientProtocolClient (GrpcClientProtocolClient.java:onNext(255)) - client-CB1B8AC74E59->81367453-3bf0-4298-8a83-8d5c3816df16: receive RaftClientReply:client-CB1B8AC74E59->81367453-3bf0-4298-8a83-8d5c3816df16@group-F6EC397515C5, cid=2665, SUCCESS, logIndex=3678, commits[81367453-3bf0-4298-8a83-8d5c3816df16:c3679]
2019-09-03 20:26:19,496 [grpc-default-executor-2] INFO  client.GrpcClientProtocolClient (GrpcClientProtocolClient.java:onNext(255)) - client-CB1B8AC74E59->81367453-3bf0-4298-8a83-8d5c3816df16: receive RaftClientReply:client-CB1B8AC74E59->81367453-3bf0-4298-8a83-8d5c3816df16@group-F6EC397515C5, cid=2666, SUCCESS, logIndex=3679, commits[81367453-3bf0-4298-8a83-8d5c3816df16:c3679]
2019-09-03 20:26:19,498 [grpc-default-executor-2] INFO  client.GrpcClientProtocolClient (GrpcClientProtocolClient.java:onNext(255)) - client-CB1B8AC74E59->81367453-3bf0-4298-8a83-8d5c3816df16: receive RaftClientReply:client-CB1B8AC74E59->81367453-3bf0-4298-8a83-8d5c3816df16@group-F6EC397515C5, cid=2667, SUCCESS, logIndex=3680, commits[81367453-3bf0-4298-8a83-8d5c3816df16:c3681]
2019-09-03 20:26:19,499 [grpc-default-executor-2] INFO  client.GrpcClientProtocolClient (GrpcClientProtocolClient.java:onNext(255)) - client-CB1B8AC74E59->81367453-3bf0-4298-8a83-8d5c3816df16: receive RaftClientReply:client-CB1B8AC74E59->81367453-3bf0-4298-8a83-8d5c3816df16@group-F6EC397515C5, cid=2668, SUCCESS, logIndex=3681, commits[81367453-3bf0-4298-8a83-8d5c3816df16:c3681]
2019-09-03 20:26:19,525 [grpc-default-executor-1] INFO  client.GrpcClientProtocolClient (GrpcClientProtocolClient.java:onNext(255)) - client-CB1B8AC74E59->81367453-3bf0-4298-8a83-8d5c3816df16: receive RaftClientReply:client-CB1B8AC74E59->81367453-3bf0-4298-8a83-8d5c3816df16@group-F6EC397515C5, cid=2669, SUCCESS, logIndex=3684, commits[81367453-3bf0-4298-8a83-8d5c3816df16:c3687]
2019-09-03 20:26:19,525 [grpc-default-executor-1] INFO  client.GrpcClientProtocolClient (GrpcClientProtocolClient.java:onNext(255)) - client-CB1B8AC74E59->81367453-3bf0-4298-8a83-8d5c3816df16: receive RaftClientReply:client-CB1B8AC74E59->81367453-3bf0-4298-8a83-8d5c3816df16@group-F6EC397515C5, cid=2670, SUCCESS, logIndex=3685, commits[81367453-3bf0-4298-8a83-8d5c3816df16:c3687]
2019-09-03 20:26:19,526 [grpc-default-executor-1] INFO  client.GrpcClientProtocolClient (GrpcClientProtocolClient.java:onNext(255)) - client-CB1B8AC74E59->81367453-3bf0-4298-8a83-8d5c3816df16: receive RaftClientReply:client-CB1B8AC74E59->81367453-3bf0-4298-8a83-8d5c3816df16@group-F6EC397515C5, cid=2671, SUCCESS, logIndex=3686, commits[81367453-3bf0-4298-8a83-8d5c3816df16:c3687]
2019-09-03 20:26:19,526 [grpc-default-executor-1] INFO  client.GrpcClientProtocolClient (GrpcClientProtocolClient.java:onNext(255)) - client-CB1B8AC74E59->81367453-3bf0-4298-8a83-8d5c3816df16: receive RaftClientReply:client-CB1B8AC74E59->81367453-3bf0-4298-8a83-8d5c3816df16@group-F6EC397515C5, cid=2672, SUCCESS, logIndex=3687, commits[81367453-3bf0-4298-8a83-8d5c3816df16:c3687]
2019-09-03 20:26:19,540 [SCMBlockDeletingService#1] DEBUG block.SCMBlockDeletingService (SCMBlockDeletingService.java:call(138)) - Running DeletedBlockTransactionScanner
2019-09-03 20:26:19,541 [SCMBlockDeletingService#1] DEBUG block.SCMBlockDeletingService (SCMBlockDeletingService.java:call(155)) - Scanned deleted blocks log and got 0 delTX to process.
2019-09-03 20:26:19,720 [SCMBlockDeletingService#1] DEBUG block.SCMBlockDeletingService (SCMBlockDeletingService.java:call(138)) - Running DeletedBlockTransactionScanner
2019-09-03 20:26:19,720 [SCMBlockDeletingService#1] DEBUG block.SCMBlockDeletingService (SCMBlockDeletingService.java:call(155)) - Scanned deleted blocks log and got 0 delTX to process.
2019-09-03 20:26:19,732 [grpc-default-executor-1] INFO  client.GrpcClientProtocolClient (GrpcClientProtocolClient.java:onNext(255)) - client-CB1B8AC74E59->81367453-3bf0-4298-8a83-8d5c3816df16: receive RaftClientReply:client-CB1B8AC74E59->81367453-3bf0-4298-8a83-8d5c3816df16@group-F6EC397515C5, cid=2673, SUCCESS, logIndex=3689, commits[81367453-3bf0-4298-8a83-8d5c3816df16:c3690]
2019-09-03 20:26:19,732 [grpc-default-executor-1] INFO  client.GrpcClientProtocolClient (GrpcClientProtocolClient.java:onNext(255)) - client-CB1B8AC74E59->81367453-3bf0-4298-8a83-8d5c3816df16: receive RaftClientReply:client-CB1B8AC74E59->81367453-3bf0-4298-8a83-8d5c3816df16@group-F6EC397515C5, cid=2674, SUCCESS, logIndex=3690, commits[81367453-3bf0-4298-8a83-8d5c3816df16:c3690]
2019-09-03 20:26:19,742 [grpc-default-executor-1] INFO  client.GrpcClientProtocolClient (GrpcClientProtocolClient.java:onNext(255)) - client-CB1B8AC74E59->81367453-3bf0-4298-8a83-8d5c3816df16: receive RaftClientReply:client-CB1B8AC74E59->81367453-3bf0-4298-8a83-8d5c3816df16@group-F6EC397515C5, cid=2675, SUCCESS, logIndex=3691, commits[81367453-3bf0-4298-8a83-8d5c3816df16:c3692]
2019-09-03 20:26:19,742 [grpc-default-executor-1] INFO  client.GrpcClientProtocolClient (GrpcClientProtocolClient.java:onNext(255)) - client-CB1B8AC74E59->81367453-3bf0-4298-8a83-8d5c3816df16: receive RaftClientReply:client-CB1B8AC74E59->81367453-3bf0-4298-8a83-8d5c3816df16@group-F6EC397515C5, cid=2676, SUCCESS, logIndex=3692, commits[81367453-3bf0-4298-8a83-8d5c3816df16:c3692]
2019-09-03 20:26:19,765 [grpc-default-executor-1] INFO  client.GrpcClientProtocolClient (GrpcClientProtocolClient.java:onNext(255)) - client-CB1B8AC74E59->81367453-3bf0-4298-8a83-8d5c3816df16: receive RaftClientReply:client-CB1B8AC74E59->81367453-3bf0-4298-8a83-8d5c3816df16@group-F6EC397515C5, cid=2677, SUCCESS, logIndex=3695, commits[81367453-3bf0-4298-8a83-8d5c3816df16:c3698]
2019-09-03 20:26:19,765 [grpc-default-executor-1] INFO  client.GrpcClientProtocolClient (GrpcClientProtocolClient.java:onNext(255)) - client-CB1B8AC74E59->81367453-3bf0-4298-8a83-8d5c3816df16: receive RaftClientReply:client-CB1B8AC74E59->81367453-3bf0-4298-8a83-8d5c3816df16@group-F6EC397515C5, cid=2678, SUCCESS, logIndex=3696, commits[81367453-3bf0-4298-8a83-8d5c3816df16:c3698]
2019-09-03 20:26:19,765 [grpc-default-executor-1] INFO  client.GrpcClientProtocolClient (GrpcClientProtocolClient.java:onNext(255)) - client-CB1B8AC74E59->81367453-3bf0-4298-8a83-8d5c3816df16: receive RaftClientReply:client-CB1B8AC74E59->81367453-3bf0-4298-8a83-8d5c3816df16@group-F6EC397515C5, cid=2679, SUCCESS, logIndex=3697, commits[81367453-3bf0-4298-8a83-8d5c3816df16:c3698]
2019-09-03 20:26:19,766 [grpc-default-executor-1] INFO  client.GrpcClientProtocolClient (GrpcClientProtocolClient.java:onNext(255)) - client-CB1B8AC74E59->81367453-3bf0-4298-8a83-8d5c3816df16: receive RaftClientReply:client-CB1B8AC74E59->81367453-3bf0-4298-8a83-8d5c3816df16@group-F6EC397515C5, cid=2680, SUCCESS, logIndex=3698, commits[81367453-3bf0-4298-8a83-8d5c3816df16:c3698]
2019-09-03 20:26:19,798 [grpc-default-executor-1] INFO  client.GrpcClientProtocolClient (GrpcClientProtocolClient.java:onNext(255)) - client-CB1B8AC74E59->81367453-3bf0-4298-8a83-8d5c3816df16: receive RaftClientReply:client-CB1B8AC74E59->81367453-3bf0-4298-8a83-8d5c3816df16@group-F6EC397515C5, cid=2681, SUCCESS, logIndex=3700, commits[81367453-3bf0-4298-8a83-8d5c3816df16:c3701]
2019-09-03 20:26:19,799 [grpc-default-executor-1] INFO  client.GrpcClientProtocolClient (GrpcClientProtocolClient.java:onNext(255)) - client-CB1B8AC74E59->81367453-3bf0-4298-8a83-8d5c3816df16: receive RaftClientReply:client-CB1B8AC74E59->81367453-3bf0-4298-8a83-8d5c3816df16@group-F6EC397515C5, cid=2682, SUCCESS, logIndex=3701, commits[81367453-3bf0-4298-8a83-8d5c3816df16:c3701]
2019-09-03 20:26:19,809 [grpc-default-executor-1] INFO  client.GrpcClientProtocolClient (GrpcClientProtocolClient.java:onNext(255)) - client-CB1B8AC74E59->81367453-3bf0-4298-8a83-8d5c3816df16: receive RaftClientReply:client-CB1B8AC74E59->81367453-3bf0-4298-8a83-8d5c3816df16@group-F6EC397515C5, cid=2683, SUCCESS, logIndex=3702, commits[81367453-3bf0-4298-8a83-8d5c3816df16:c3703]
2019-09-03 20:26:19,809 [grpc-default-executor-1] INFO  client.GrpcClientProtocolClient (GrpcClientProtocolClient.java:onNext(255)) - client-CB1B8AC74E59->81367453-3bf0-4298-8a83-8d5c3816df16: receive RaftClientReply:client-CB1B8AC74E59->81367453-3bf0-4298-8a83-8d5c3816df16@group-F6EC397515C5, cid=2684, SUCCESS, logIndex=3703, commits[81367453-3bf0-4298-8a83-8d5c3816df16:c3703]
2019-09-03 20:26:19,821 [SCMBlockDeletingService#1] DEBUG block.SCMBlockDeletingService (SCMBlockDeletingService.java:call(138)) - Running DeletedBlockTransactionScanner
2019-09-03 20:26:19,821 [SCMBlockDeletingService#1] DEBUG block.SCMBlockDeletingService (SCMBlockDeletingService.java:call(155)) - Scanned deleted blocks log and got 0 delTX to process.
2019-09-03 20:26:19,829 [grpc-default-executor-1] INFO  client.GrpcClientProtocolClient (GrpcClientProtocolClient.java:onNext(255)) - client-CB1B8AC74E59->81367453-3bf0-4298-8a83-8d5c3816df16: receive RaftClientReply:client-CB1B8AC74E59->81367453-3bf0-4298-8a83-8d5c3816df16@group-F6EC397515C5, cid=2685, SUCCESS, logIndex=3706, commits[81367453-3bf0-4298-8a83-8d5c3816df16:c3707]
2019-09-03 20:26:19,829 [grpc-default-executor-1] INFO  client.GrpcClientProtocolClient (GrpcClientProtocolClient.java:onNext(255)) - client-CB1B8AC74E59->81367453-3bf0-4298-8a83-8d5c3816df16: receive RaftClientReply:client-CB1B8AC74E59->81367453-3bf0-4298-8a83-8d5c3816df16@group-F6EC397515C5, cid=2686, SUCCESS, logIndex=3707, commits[81367453-3bf0-4298-8a83-8d5c3816df16:c3707]
2019-09-03 20:26:19,840 [grpc-default-executor-1] INFO  client.GrpcClientProtocolClient (GrpcClientProtocolClient.java:onNext(255)) - client-CB1B8AC74E59->81367453-3bf0-4298-8a83-8d5c3816df16: receive RaftClientReply:client-CB1B8AC74E59->81367453-3bf0-4298-8a83-8d5c3816df16@group-F6EC397515C5, cid=2687, SUCCESS, logIndex=3708, commits[81367453-3bf0-4298-8a83-8d5c3816df16:c3709]
2019-09-03 20:26:19,840 [grpc-default-executor-1] INFO  client.GrpcClientProtocolClient (GrpcClientProtocolClient.java:onNext(255)) - client-CB1B8AC74E59->81367453-3bf0-4298-8a83-8d5c3816df16: receive RaftClientReply:client-CB1B8AC74E59->81367453-3bf0-4298-8a83-8d5c3816df16@group-F6EC397515C5, cid=2688, SUCCESS, logIndex=3709, commits[81367453-3bf0-4298-8a83-8d5c3816df16:c3709]
2019-09-03 20:26:19,874 [grpc-default-executor-1] INFO  client.GrpcClientProtocolClient (GrpcClientProtocolClient.java:onNext(255)) - client-CB1B8AC74E59->81367453-3bf0-4298-8a83-8d5c3816df16: receive RaftClientReply:client-CB1B8AC74E59->81367453-3bf0-4298-8a83-8d5c3816df16@group-F6EC397515C5, cid=2689, SUCCESS, logIndex=3712, commits[81367453-3bf0-4298-8a83-8d5c3816df16:c3713]
2019-09-03 20:26:19,875 [grpc-default-executor-1] INFO  client.GrpcClientProtocolClient (GrpcClientProtocolClient.java:onNext(255)) - client-CB1B8AC74E59->81367453-3bf0-4298-8a83-8d5c3816df16: receive RaftClientReply:client-CB1B8AC74E59->81367453-3bf0-4298-8a83-8d5c3816df16@group-F6EC397515C5, cid=2690, SUCCESS, logIndex=3713, commits[81367453-3bf0-4298-8a83-8d5c3816df16:c3713]
2019-09-03 20:26:19,910 [grpc-default-executor-1] INFO  client.GrpcClientProtocolClient (GrpcClientProtocolClient.java:onNext(255)) - client-CB1B8AC74E59->81367453-3bf0-4298-8a83-8d5c3816df16: receive RaftClientReply:client-CB1B8AC74E59->81367453-3bf0-4298-8a83-8d5c3816df16@group-F6EC397515C5, cid=2691, SUCCESS, logIndex=3714, commits[81367453-3bf0-4298-8a83-8d5c3816df16:c3715]
2019-09-03 20:26:19,911 [grpc-default-executor-1] INFO  client.GrpcClientProtocolClient (GrpcClientProtocolClient.java:onNext(255)) - client-CB1B8AC74E59->81367453-3bf0-4298-8a83-8d5c3816df16: receive RaftClientReply:client-CB1B8AC74E59->81367453-3bf0-4298-8a83-8d5c3816df16@group-F6EC397515C5, cid=2692, SUCCESS, logIndex=3715, commits[81367453-3bf0-4298-8a83-8d5c3816df16:c3715]
2019-09-03 20:26:19,921 [SCMBlockDeletingService#1] DEBUG block.SCMBlockDeletingService (SCMBlockDeletingService.java:call(138)) - Running DeletedBlockTransactionScanner
2019-09-03 20:26:19,922 [SCMBlockDeletingService#1] DEBUG block.SCMBlockDeletingService (SCMBlockDeletingService.java:call(155)) - Scanned deleted blocks log and got 0 delTX to process.
2019-09-03 20:26:19,941 [grpc-default-executor-2] INFO  client.GrpcClientProtocolClient (GrpcClientProtocolClient.java:onNext(255)) - client-CB1B8AC74E59->81367453-3bf0-4298-8a83-8d5c3816df16: receive RaftClientReply:client-CB1B8AC74E59->81367453-3bf0-4298-8a83-8d5c3816df16@group-F6EC397515C5, cid=2693, SUCCESS, logIndex=3718, commits[81367453-3bf0-4298-8a83-8d5c3816df16:c3721]
2019-09-03 20:26:19,942 [grpc-default-executor-2] INFO  client.GrpcClientProtocolClient (GrpcClientProtocolClient.java:onNext(255)) - client-CB1B8AC74E59->81367453-3bf0-4298-8a83-8d5c3816df16: receive RaftClientReply:client-CB1B8AC74E59->81367453-3bf0-4298-8a83-8d5c3816df16@group-F6EC397515C5, cid=2694, SUCCESS, logIndex=3719, commits[81367453-3bf0-4298-8a83-8d5c3816df16:c3721]
2019-09-03 20:26:19,942 [grpc-default-executor-2] INFO  client.GrpcClientProtocolClient (GrpcClientProtocolClient.java:onNext(255)) - client-CB1B8AC74E59->81367453-3bf0-4298-8a83-8d5c3816df16: receive RaftClientReply:client-CB1B8AC74E59->81367453-3bf0-4298-8a83-8d5c3816df16@group-F6EC397515C5, cid=2695, SUCCESS, logIndex=3720, commits[81367453-3bf0-4298-8a83-8d5c3816df16:c3721]
2019-09-03 20:26:19,943 [grpc-default-executor-2] INFO  client.GrpcClientProtocolClient (GrpcClientProtocolClient.java:onNext(255)) - client-CB1B8AC74E59->81367453-3bf0-4298-8a83-8d5c3816df16: receive RaftClientReply:client-CB1B8AC74E59->81367453-3bf0-4298-8a83-8d5c3816df16@group-F6EC397515C5, cid=2696, SUCCESS, logIndex=3721, commits[81367453-3bf0-4298-8a83-8d5c3816df16:c3721]
2019-09-03 20:26:20,022 [SCMBlockDeletingService#1] DEBUG block.SCMBlockDeletingService (SCMBlockDeletingService.java:call(138)) - Running DeletedBlockTransactionScanner
2019-09-03 20:26:20,023 [SCMBlockDeletingService#1] DEBUG block.SCMBlockDeletingService (SCMBlockDeletingService.java:call(155)) - Scanned deleted blocks log and got 0 delTX to process.
2019-09-03 20:26:20,123 [SCMBlockDeletingService#1] DEBUG block.SCMBlockDeletingService (SCMBlockDeletingService.java:call(138)) - Running DeletedBlockTransactionScanner
2019-09-03 20:26:20,123 [SCMBlockDeletingService#1] DEBUG block.SCMBlockDeletingService (SCMBlockDeletingService.java:call(155)) - Scanned deleted blocks log and got 0 delTX to process.
2019-09-03 20:26:20,133 [grpc-default-executor-2] INFO  client.GrpcClientProtocolClient (GrpcClientProtocolClient.java:onNext(255)) - client-CB1B8AC74E59->81367453-3bf0-4298-8a83-8d5c3816df16: receive RaftClientReply:client-CB1B8AC74E59->81367453-3bf0-4298-8a83-8d5c3816df16@group-F6EC397515C5, cid=2697, SUCCESS, logIndex=3723, commits[81367453-3bf0-4298-8a83-8d5c3816df16:c3726]
2019-09-03 20:26:20,133 [grpc-default-executor-2] INFO  client.GrpcClientProtocolClient (GrpcClientProtocolClient.java:onNext(255)) - client-CB1B8AC74E59->81367453-3bf0-4298-8a83-8d5c3816df16: receive RaftClientReply:client-CB1B8AC74E59->81367453-3bf0-4298-8a83-8d5c3816df16@group-F6EC397515C5, cid=2698, SUCCESS, logIndex=3724, commits[81367453-3bf0-4298-8a83-8d5c3816df16:c3726]
2019-09-03 20:26:20,134 [grpc-default-executor-2] INFO  client.GrpcClientProtocolClient (GrpcClientProtocolClient.java:onNext(255)) - client-CB1B8AC74E59->81367453-3bf0-4298-8a83-8d5c3816df16: receive RaftClientReply:client-CB1B8AC74E59->81367453-3bf0-4298-8a83-8d5c3816df16@group-F6EC397515C5, cid=2699, SUCCESS, logIndex=3725, commits[81367453-3bf0-4298-8a83-8d5c3816df16:c3726]
2019-09-03 20:26:20,134 [grpc-default-executor-2] INFO  client.GrpcClientProtocolClient (GrpcClientProtocolClient.java:onNext(255)) - client-CB1B8AC74E59->81367453-3bf0-4298-8a83-8d5c3816df16: receive RaftClientReply:client-CB1B8AC74E59->81367453-3bf0-4298-8a83-8d5c3816df16@group-F6EC397515C5, cid=2700, SUCCESS, logIndex=3726, commits[81367453-3bf0-4298-8a83-8d5c3816df16:c3726]
2019-09-03 20:26:20,158 [grpc-default-executor-2] INFO  client.GrpcClientProtocolClient (GrpcClientProtocolClient.java:onNext(255)) - client-CB1B8AC74E59->81367453-3bf0-4298-8a83-8d5c3816df16: receive RaftClientReply:client-CB1B8AC74E59->81367453-3bf0-4298-8a83-8d5c3816df16@group-F6EC397515C5, cid=2701, SUCCESS, logIndex=3728, commits[81367453-3bf0-4298-8a83-8d5c3816df16:c3729]
2019-09-03 20:26:20,159 [grpc-default-executor-2] INFO  client.GrpcClientProtocolClient (GrpcClientProtocolClient.java:onNext(255)) - client-CB1B8AC74E59->81367453-3bf0-4298-8a83-8d5c3816df16: receive RaftClientReply:client-CB1B8AC74E59->81367453-3bf0-4298-8a83-8d5c3816df16@group-F6EC397515C5, cid=2702, SUCCESS, logIndex=3729, commits[81367453-3bf0-4298-8a83-8d5c3816df16:c3729]
2019-09-03 20:26:20,159 [grpc-default-executor-2] INFO  client.GrpcClientProtocolClient (GrpcClientProtocolClient.java:onNext(255)) - client-CB1B8AC74E59->81367453-3bf0-4298-8a83-8d5c3816df16: receive RaftClientReply:client-CB1B8AC74E59->81367453-3bf0-4298-8a83-8d5c3816df16@group-F6EC397515C5, cid=2703, SUCCESS, logIndex=3730, commits[81367453-3bf0-4298-8a83-8d5c3816df16:c3731]
2019-09-03 20:26:20,160 [grpc-default-executor-2] INFO  client.GrpcClientProtocolClient (GrpcClientProtocolClient.java:onNext(255)) - client-CB1B8AC74E59->81367453-3bf0-4298-8a83-8d5c3816df16: receive RaftClientReply:client-CB1B8AC74E59->81367453-3bf0-4298-8a83-8d5c3816df16@group-F6EC397515C5, cid=2704, SUCCESS, logIndex=3731, commits[81367453-3bf0-4298-8a83-8d5c3816df16:c3731]
2019-09-03 20:26:20,188 [grpc-default-executor-1] INFO  client.GrpcClientProtocolClient (GrpcClientProtocolClient.java:onNext(255)) - client-CB1B8AC74E59->81367453-3bf0-4298-8a83-8d5c3816df16: receive RaftClientReply:client-CB1B8AC74E59->81367453-3bf0-4298-8a83-8d5c3816df16@group-F6EC397515C5, cid=2705, SUCCESS, logIndex=3734, commits[81367453-3bf0-4298-8a83-8d5c3816df16:c3735]
2019-09-03 20:26:20,188 [grpc-default-executor-1] INFO  client.GrpcClientProtocolClient (GrpcClientProtocolClient.java:onNext(255)) - client-CB1B8AC74E59->81367453-3bf0-4298-8a83-8d5c3816df16: receive RaftClientReply:client-CB1B8AC74E59->81367453-3bf0-4298-8a83-8d5c3816df16@group-F6EC397515C5, cid=2706, SUCCESS, logIndex=3735, commits[81367453-3bf0-4298-8a83-8d5c3816df16:c3735]
2019-09-03 20:26:20,210 [grpc-default-executor-1] INFO  client.GrpcClientProtocolClient (GrpcClientProtocolClient.java:onNext(255)) - client-CB1B8AC74E59->81367453-3bf0-4298-8a83-8d5c3816df16: receive RaftClientReply:client-CB1B8AC74E59->81367453-3bf0-4298-8a83-8d5c3816df16@group-F6EC397515C5, cid=2707, SUCCESS, logIndex=3736, commits[81367453-3bf0-4298-8a83-8d5c3816df16:c3737]
2019-09-03 20:26:20,211 [grpc-default-executor-1] INFO  client.GrpcClientProtocolClient (GrpcClientProtocolClient.java:onNext(255)) - client-CB1B8AC74E59->81367453-3bf0-4298-8a83-8d5c3816df16: receive RaftClientReply:client-CB1B8AC74E59->81367453-3bf0-4298-8a83-8d5c3816df16@group-F6EC397515C5, cid=2708, SUCCESS, logIndex=3737, commits[81367453-3bf0-4298-8a83-8d5c3816df16:c3737]
2019-09-03 20:26:20,223 [SCMBlockDeletingService#1] DEBUG block.SCMBlockDeletingService (SCMBlockDeletingService.java:call(138)) - Running DeletedBlockTransactionScanner
2019-09-03 20:26:20,224 [SCMBlockDeletingService#1] DEBUG block.SCMBlockDeletingService (SCMBlockDeletingService.java:call(155)) - Scanned deleted blocks log and got 0 delTX to process.
2019-09-03 20:26:20,230 [grpc-default-executor-1] INFO  client.GrpcClientProtocolClient (GrpcClientProtocolClient.java:onNext(255)) - client-CB1B8AC74E59->81367453-3bf0-4298-8a83-8d5c3816df16: receive RaftClientReply:client-CB1B8AC74E59->81367453-3bf0-4298-8a83-8d5c3816df16@group-F6EC397515C5, cid=2709, SUCCESS, logIndex=3740, commits[81367453-3bf0-4298-8a83-8d5c3816df16:c3743]
2019-09-03 20:26:20,231 [grpc-default-executor-1] INFO  client.GrpcClientProtocolClient (GrpcClientProtocolClient.java:onNext(255)) - client-CB1B8AC74E59->81367453-3bf0-4298-8a83-8d5c3816df16: receive RaftClientReply:client-CB1B8AC74E59->81367453-3bf0-4298-8a83-8d5c3816df16@group-F6EC397515C5, cid=2710, SUCCESS, logIndex=3741, commits[81367453-3bf0-4298-8a83-8d5c3816df16:c3743]
2019-09-03 20:26:20,232 [grpc-default-executor-1] INFO  client.GrpcClientProtocolClient (GrpcClientProtocolClient.java:onNext(255)) - client-CB1B8AC74E59->81367453-3bf0-4298-8a83-8d5c3816df16: receive RaftClientReply:client-CB1B8AC74E59->81367453-3bf0-4298-8a83-8d5c3816df16@group-F6EC397515C5, cid=2711, SUCCESS, logIndex=3742, commits[81367453-3bf0-4298-8a83-8d5c3816df16:c3743]
2019-09-03 20:26:20,232 [grpc-default-executor-1] INFO  client.GrpcClientProtocolClient (GrpcClientProtocolClient.java:onNext(255)) - client-CB1B8AC74E59->81367453-3bf0-4298-8a83-8d5c3816df16: receive RaftClientReply:client-CB1B8AC74E59->81367453-3bf0-4298-8a83-8d5c3816df16@group-F6EC397515C5, cid=2712, SUCCESS, logIndex=3743, commits[81367453-3bf0-4298-8a83-8d5c3816df16:c3743]
2019-09-03 20:26:20,258 [grpc-default-executor-2] INFO  client.GrpcClientProtocolClient (GrpcClientProtocolClient.java:onNext(255)) - client-CB1B8AC74E59->81367453-3bf0-4298-8a83-8d5c3816df16: receive RaftClientReply:client-CB1B8AC74E59->81367453-3bf0-4298-8a83-8d5c3816df16@group-F6EC397515C5, cid=2713, SUCCESS, logIndex=3745, commits[81367453-3bf0-4298-8a83-8d5c3816df16:c3748]
2019-09-03 20:26:20,259 [grpc-default-executor-2] INFO  client.GrpcClientProtocolClient (GrpcClientProtocolClient.java:onNext(255)) - client-CB1B8AC74E59->81367453-3bf0-4298-8a83-8d5c3816df16: receive RaftClientReply:client-CB1B8AC74E59->81367453-3bf0-4298-8a83-8d5c3816df16@group-F6EC397515C5, cid=2714, SUCCESS, logIndex=3746, commits[81367453-3bf0-4298-8a83-8d5c3816df16:c3748]
2019-09-03 20:26:20,260 [grpc-default-executor-2] INFO  client.GrpcClientProtocolClient (GrpcClientProtocolClient.java:onNext(255)) - client-CB1B8AC74E59->81367453-3bf0-4298-8a83-8d5c3816df16: receive RaftClientReply:client-CB1B8AC74E59->81367453-3bf0-4298-8a83-8d5c3816df16@group-F6EC397515C5, cid=2715, SUCCESS, logIndex=3747, commits[81367453-3bf0-4298-8a83-8d5c3816df16:c3748]
2019-09-03 20:26:20,260 [grpc-default-executor-2] INFO  client.GrpcClientProtocolClient (GrpcClientProtocolClient.java:onNext(255)) - client-CB1B8AC74E59->81367453-3bf0-4298-8a83-8d5c3816df16: receive RaftClientReply:client-CB1B8AC74E59->81367453-3bf0-4298-8a83-8d5c3816df16@group-F6EC397515C5, cid=2716, SUCCESS, logIndex=3748, commits[81367453-3bf0-4298-8a83-8d5c3816df16:c3748]
2019-09-03 20:26:20,277 [grpc-default-executor-2] INFO  client.GrpcClientProtocolClient (GrpcClientProtocolClient.java:onNext(255)) - client-CB1B8AC74E59->81367453-3bf0-4298-8a83-8d5c3816df16: receive RaftClientReply:client-CB1B8AC74E59->81367453-3bf0-4298-8a83-8d5c3816df16@group-F6EC397515C5, cid=2717, SUCCESS, logIndex=3750, commits[81367453-3bf0-4298-8a83-8d5c3816df16:c3751]
2019-09-03 20:26:20,278 [grpc-default-executor-2] INFO  client.GrpcClientProtocolClient (GrpcClientProtocolClient.java:onNext(255)) - client-CB1B8AC74E59->81367453-3bf0-4298-8a83-8d5c3816df16: receive RaftClientReply:client-CB1B8AC74E59->81367453-3bf0-4298-8a83-8d5c3816df16@group-F6EC397515C5, cid=2718, SUCCESS, logIndex=3751, commits[81367453-3bf0-4298-8a83-8d5c3816df16:c3751]
2019-09-03 20:26:20,288 [grpc-default-executor-2] INFO  client.GrpcClientProtocolClient (GrpcClientProtocolClient.java:onNext(255)) - client-CB1B8AC74E59->81367453-3bf0-4298-8a83-8d5c3816df16: receive RaftClientReply:client-CB1B8AC74E59->81367453-3bf0-4298-8a83-8d5c3816df16@group-F6EC397515C5, cid=2719, SUCCESS, logIndex=3752, commits[81367453-3bf0-4298-8a83-8d5c3816df16:c3753]
2019-09-03 20:26:20,289 [grpc-default-executor-2] INFO  client.GrpcClientProtocolClient (GrpcClientProtocolClient.java:onNext(255)) - client-CB1B8AC74E59->81367453-3bf0-4298-8a83-8d5c3816df16: receive RaftClientReply:client-CB1B8AC74E59->81367453-3bf0-4298-8a83-8d5c3816df16@group-F6EC397515C5, cid=2720, SUCCESS, logIndex=3753, commits[81367453-3bf0-4298-8a83-8d5c3816df16:c3753]
2019-09-03 20:26:20,324 [SCMBlockDeletingService#0] DEBUG block.SCMBlockDeletingService (SCMBlockDeletingService.java:call(138)) - Running DeletedBlockTransactionScanner
2019-09-03 20:26:20,325 [SCMBlockDeletingService#0] DEBUG block.SCMBlockDeletingService (SCMBlockDeletingService.java:call(155)) - Scanned deleted blocks log and got 0 delTX to process.
2019-09-03 20:26:20,329 [grpc-default-executor-2] INFO  client.GrpcClientProtocolClient (GrpcClientProtocolClient.java:onNext(255)) - client-CB1B8AC74E59->81367453-3bf0-4298-8a83-8d5c3816df16: receive RaftClientReply:client-CB1B8AC74E59->81367453-3bf0-4298-8a83-8d5c3816df16@group-F6EC397515C5, cid=2721, SUCCESS, logIndex=3756, commits[81367453-3bf0-4298-8a83-8d5c3816df16:c3759]
2019-09-03 20:26:20,330 [grpc-default-executor-2] INFO  client.GrpcClientProtocolClient (GrpcClientProtocolClient.java:onNext(255)) - client-CB1B8AC74E59->81367453-3bf0-4298-8a83-8d5c3816df16: receive RaftClientReply:client-CB1B8AC74E59->81367453-3bf0-4298-8a83-8d5c3816df16@group-F6EC397515C5, cid=2722, SUCCESS, logIndex=3757, commits[81367453-3bf0-4298-8a83-8d5c3816df16:c3759]
2019-09-03 20:26:20,330 [grpc-default-executor-2] INFO  client.GrpcClientProtocolClient (GrpcClientProtocolClient.java:onNext(255)) - client-CB1B8AC74E59->81367453-3bf0-4298-8a83-8d5c3816df16: receive RaftClientReply:client-CB1B8AC74E59->81367453-3bf0-4298-8a83-8d5c3816df16@group-F6EC397515C5, cid=2723, SUCCESS, logIndex=3758, commits[81367453-3bf0-4298-8a83-8d5c3816df16:c3759]
2019-09-03 20:26:20,331 [grpc-default-executor-2] INFO  client.GrpcClientProtocolClient (GrpcClientProtocolClient.java:onNext(255)) - client-CB1B8AC74E59->81367453-3bf0-4298-8a83-8d5c3816df16: receive RaftClientReply:client-CB1B8AC74E59->81367453-3bf0-4298-8a83-8d5c3816df16@group-F6EC397515C5, cid=2724, SUCCESS, logIndex=3759, commits[81367453-3bf0-4298-8a83-8d5c3816df16:c3759]
2019-09-03 20:26:20,349 [grpc-default-executor-1] INFO  client.GrpcClientProtocolClient (GrpcClientProtocolClient.java:onNext(255)) - client-CB1B8AC74E59->81367453-3bf0-4298-8a83-8d5c3816df16: receive RaftClientReply:client-CB1B8AC74E59->81367453-3bf0-4298-8a83-8d5c3816df16@group-F6EC397515C5, cid=2725, SUCCESS, logIndex=3761, commits[81367453-3bf0-4298-8a83-8d5c3816df16:c3764]
2019-09-03 20:26:20,349 [grpc-default-executor-1] INFO  client.GrpcClientProtocolClient (GrpcClientProtocolClient.java:onNext(255)) - client-CB1B8AC74E59->81367453-3bf0-4298-8a83-8d5c3816df16: receive RaftClientReply:client-CB1B8AC74E59->81367453-3bf0-4298-8a83-8d5c3816df16@group-F6EC397515C5, cid=2726, SUCCESS, logIndex=3762, commits[81367453-3bf0-4298-8a83-8d5c3816df16:c3764]
2019-09-03 20:26:20,350 [grpc-default-executor-1] INFO  client.GrpcClientProtocolClient (GrpcClientProtocolClient.java:onNext(255)) - client-CB1B8AC74E59->81367453-3bf0-4298-8a83-8d5c3816df16: receive RaftClientReply:client-CB1B8AC74E59->81367453-3bf0-4298-8a83-8d5c3816df16@group-F6EC397515C5, cid=2727, SUCCESS, logIndex=3763, commits[81367453-3bf0-4298-8a83-8d5c3816df16:c3764]
2019-09-03 20:26:20,350 [grpc-default-executor-1] INFO  client.GrpcClientProtocolClient (GrpcClientProtocolClient.java:onNext(255)) - client-CB1B8AC74E59->81367453-3bf0-4298-8a83-8d5c3816df16: receive RaftClientReply:client-CB1B8AC74E59->81367453-3bf0-4298-8a83-8d5c3816df16@group-F6EC397515C5, cid=2728, SUCCESS, logIndex=3764, commits[81367453-3bf0-4298-8a83-8d5c3816df16:c3764]
2019-09-03 20:26:20,382 [grpc-default-executor-2] INFO  client.GrpcClientProtocolClient (GrpcClientProtocolClient.java:onNext(255)) - client-CB1B8AC74E59->81367453-3bf0-4298-8a83-8d5c3816df16: receive RaftClientReply:client-CB1B8AC74E59->81367453-3bf0-4298-8a83-8d5c3816df16@group-F6EC397515C5, cid=2729, SUCCESS, logIndex=3766, commits[81367453-3bf0-4298-8a83-8d5c3816df16:c3767]
2019-09-03 20:26:20,383 [grpc-default-executor-2] INFO  client.GrpcClientProtocolClient (GrpcClientProtocolClient.java:onNext(255)) - client-CB1B8AC74E59->81367453-3bf0-4298-8a83-8d5c3816df16: receive RaftClientReply:client-CB1B8AC74E59->81367453-3bf0-4298-8a83-8d5c3816df16@group-F6EC397515C5, cid=2730, SUCCESS, logIndex=3767, commits[81367453-3bf0-4298-8a83-8d5c3816df16:c3767]
2019-09-03 20:26:20,395 [grpc-default-executor-2] INFO  client.GrpcClientProtocolClient (GrpcClientProtocolClient.java:onNext(255)) - client-CB1B8AC74E59->81367453-3bf0-4298-8a83-8d5c3816df16: receive RaftClientReply:client-CB1B8AC74E59->81367453-3bf0-4298-8a83-8d5c3816df16@group-F6EC397515C5, cid=2731, SUCCESS, logIndex=3768, commits[81367453-3bf0-4298-8a83-8d5c3816df16:c3769]
2019-09-03 20:26:20,396 [grpc-default-executor-2] INFO  client.GrpcClientProtocolClient (GrpcClientProtocolClient.java:onNext(255)) - client-CB1B8AC74E59->81367453-3bf0-4298-8a83-8d5c3816df16: receive RaftClientReply:client-CB1B8AC74E59->81367453-3bf0-4298-8a83-8d5c3816df16@group-F6EC397515C5, cid=2732, SUCCESS, logIndex=3769, commits[81367453-3bf0-4298-8a83-8d5c3816df16:c3769]
2019-09-03 20:26:20,425 [SCMBlockDeletingService#1] DEBUG block.SCMBlockDeletingService (SCMBlockDeletingService.java:call(138)) - Running DeletedBlockTransactionScanner
2019-09-03 20:26:20,425 [SCMBlockDeletingService#1] DEBUG block.SCMBlockDeletingService (SCMBlockDeletingService.java:call(155)) - Scanned deleted blocks log and got 0 delTX to process.
2019-09-03 20:26:20,429 [grpc-default-executor-2] INFO  client.GrpcClientProtocolClient (GrpcClientProtocolClient.java:onNext(255)) - client-CB1B8AC74E59->81367453-3bf0-4298-8a83-8d5c3816df16: receive RaftClientReply:client-CB1B8AC74E59->81367453-3bf0-4298-8a83-8d5c3816df16@group-F6EC397515C5, cid=2733, SUCCESS, logIndex=3772, commits[81367453-3bf0-4298-8a83-8d5c3816df16:c3775]
2019-09-03 20:26:20,430 [grpc-default-executor-2] INFO  client.GrpcClientProtocolClient (GrpcClientProtocolClient.java:onNext(255)) - client-CB1B8AC74E59->81367453-3bf0-4298-8a83-8d5c3816df16: receive RaftClientReply:client-CB1B8AC74E59->81367453-3bf0-4298-8a83-8d5c3816df16@group-F6EC397515C5, cid=2734, SUCCESS, logIndex=3773, commits[81367453-3bf0-4298-8a83-8d5c3816df16:c3775]
2019-09-03 20:26:20,431 [grpc-default-executor-2] INFO  client.GrpcClientProtocolClient (GrpcClientProtocolClient.java:onNext(255)) - client-CB1B8AC74E59->81367453-3bf0-4298-8a83-8d5c3816df16: receive RaftClientReply:client-CB1B8AC74E59->81367453-3bf0-4298-8a83-8d5c3816df16@group-F6EC397515C5, cid=2735, SUCCESS, logIndex=3774, commits[81367453-3bf0-4298-8a83-8d5c3816df16:c3775]
2019-09-03 20:26:20,431 [grpc-default-executor-2] INFO  client.GrpcClientProtocolClient (GrpcClientProtocolClient.java:onNext(255)) - client-CB1B8AC74E59->81367453-3bf0-4298-8a83-8d5c3816df16: receive RaftClientReply:client-CB1B8AC74E59->81367453-3bf0-4298-8a83-8d5c3816df16@group-F6EC397515C5, cid=2736, SUCCESS, logIndex=3775, commits[81367453-3bf0-4298-8a83-8d5c3816df16:c3775]
2019-09-03 20:26:20,470 [grpc-default-executor-1] INFO  client.GrpcClientProtocolClient (GrpcClientProtocolClient.java:onNext(255)) - client-CB1B8AC74E59->81367453-3bf0-4298-8a83-8d5c3816df16: receive RaftClientReply:client-CB1B8AC74E59->81367453-3bf0-4298-8a83-8d5c3816df16@group-F6EC397515C5, cid=2737, SUCCESS, logIndex=3777, commits[81367453-3bf0-4298-8a83-8d5c3816df16:c3780]
2019-09-03 20:26:20,472 [grpc-default-executor-1] INFO  client.GrpcClientProtocolClient (GrpcClientProtocolClient.java:onNext(255)) - client-CB1B8AC74E59->81367453-3bf0-4298-8a83-8d5c3816df16: receive RaftClientReply:client-CB1B8AC74E59->81367453-3bf0-4298-8a83-8d5c3816df16@group-F6EC397515C5, cid=2738, SUCCESS, logIndex=3778, commits[81367453-3bf0-4298-8a83-8d5c3816df16:c3780]
2019-09-03 20:26:20,472 [grpc-default-executor-1] INFO  client.GrpcClientProtocolClient (GrpcClientProtocolClient.java:onNext(255)) - client-CB1B8AC74E59->81367453-3bf0-4298-8a83-8d5c3816df16: receive RaftClientReply:client-CB1B8AC74E59->81367453-3bf0-4298-8a83-8d5c3816df16@group-F6EC397515C5, cid=2739, SUCCESS, logIndex=3779, commits[81367453-3bf0-4298-8a83-8d5c3816df16:c3780]
2019-09-03 20:26:20,473 [grpc-default-executor-1] INFO  client.GrpcClientProtocolClient (GrpcClientProtocolClient.java:onNext(255)) - client-CB1B8AC74E59->81367453-3bf0-4298-8a83-8d5c3816df16: receive RaftClientReply:client-CB1B8AC74E59->81367453-3bf0-4298-8a83-8d5c3816df16@group-F6EC397515C5, cid=2740, SUCCESS, logIndex=3780, commits[81367453-3bf0-4298-8a83-8d5c3816df16:c3780]
2019-09-03 20:26:20,526 [SCMBlockDeletingService#1] DEBUG block.SCMBlockDeletingService (SCMBlockDeletingService.java:call(138)) - Running DeletedBlockTransactionScanner
2019-09-03 20:26:20,526 [SCMBlockDeletingService#1] DEBUG block.SCMBlockDeletingService (SCMBlockDeletingService.java:call(155)) - Scanned deleted blocks log and got 0 delTX to process.
2019-09-03 20:26:20,627 [SCMBlockDeletingService#1] DEBUG block.SCMBlockDeletingService (SCMBlockDeletingService.java:call(138)) - Running DeletedBlockTransactionScanner
2019-09-03 20:26:20,627 [SCMBlockDeletingService#1] DEBUG block.SCMBlockDeletingService (SCMBlockDeletingService.java:call(155)) - Scanned deleted blocks log and got 0 delTX to process.
2019-09-03 20:26:20,649 [grpc-default-executor-2] INFO  client.GrpcClientProtocolClient (GrpcClientProtocolClient.java:onNext(255)) - client-CB1B8AC74E59->81367453-3bf0-4298-8a83-8d5c3816df16: receive RaftClientReply:client-CB1B8AC74E59->81367453-3bf0-4298-8a83-8d5c3816df16@group-F6EC397515C5, cid=2741, SUCCESS, logIndex=3782, commits[81367453-3bf0-4298-8a83-8d5c3816df16:c3783]
2019-09-03 20:26:20,650 [grpc-default-executor-2] INFO  client.GrpcClientProtocolClient (GrpcClientProtocolClient.java:onNext(255)) - client-CB1B8AC74E59->81367453-3bf0-4298-8a83-8d5c3816df16: receive RaftClientReply:client-CB1B8AC74E59->81367453-3bf0-4298-8a83-8d5c3816df16@group-F6EC397515C5, cid=2742, SUCCESS, logIndex=3783, commits[81367453-3bf0-4298-8a83-8d5c3816df16:c3785]
2019-09-03 20:26:20,651 [grpc-default-executor-2] INFO  client.GrpcClientProtocolClient (GrpcClientProtocolClient.java:onNext(255)) - client-CB1B8AC74E59->81367453-3bf0-4298-8a83-8d5c3816df16: receive RaftClientReply:client-CB1B8AC74E59->81367453-3bf0-4298-8a83-8d5c3816df16@group-F6EC397515C5, cid=2743, SUCCESS, logIndex=3784, commits[81367453-3bf0-4298-8a83-8d5c3816df16:c3785]
2019-09-03 20:26:20,651 [grpc-default-executor-2] INFO  client.GrpcClientProtocolClient (GrpcClientProtocolClient.java:onNext(255)) - client-CB1B8AC74E59->81367453-3bf0-4298-8a83-8d5c3816df16: receive RaftClientReply:client-CB1B8AC74E59->81367453-3bf0-4298-8a83-8d5c3816df16@group-F6EC397515C5, cid=2744, SUCCESS, logIndex=3785, commits[81367453-3bf0-4298-8a83-8d5c3816df16:c3785]
2019-09-03 20:26:20,698 [grpc-default-executor-1] INFO  client.GrpcClientProtocolClient (GrpcClientProtocolClient.java:onNext(255)) - client-CB1B8AC74E59->81367453-3bf0-4298-8a83-8d5c3816df16: receive RaftClientReply:client-CB1B8AC74E59->81367453-3bf0-4298-8a83-8d5c3816df16@group-F6EC397515C5, cid=2745, SUCCESS, logIndex=3788, commits[81367453-3bf0-4298-8a83-8d5c3816df16:c3791]
2019-09-03 20:26:20,698 [grpc-default-executor-1] INFO  client.GrpcClientProtocolClient (GrpcClientProtocolClient.java:onNext(255)) - client-CB1B8AC74E59->81367453-3bf0-4298-8a83-8d5c3816df16: receive RaftClientReply:client-CB1B8AC74E59->81367453-3bf0-4298-8a83-8d5c3816df16@group-F6EC397515C5, cid=2746, SUCCESS, logIndex=3789, commits[81367453-3bf0-4298-8a83-8d5c3816df16:c3791]
2019-09-03 20:26:20,699 [grpc-default-executor-1] INFO  client.GrpcClientProtocolClient (GrpcClientProtocolClient.java:onNext(255)) - client-CB1B8AC74E59->81367453-3bf0-4298-8a83-8d5c3816df16: receive RaftClientReply:client-CB1B8AC74E59->81367453-3bf0-4298-8a83-8d5c3816df16@group-F6EC397515C5, cid=2747, SUCCESS, logIndex=3790, commits[81367453-3bf0-4298-8a83-8d5c3816df16:c3791]
2019-09-03 20:26:20,699 [grpc-default-executor-1] INFO  client.GrpcClientProtocolClient (GrpcClientProtocolClient.java:onNext(255)) - client-CB1B8AC74E59->81367453-3bf0-4298-8a83-8d5c3816df16: receive RaftClientReply:client-CB1B8AC74E59->81367453-3bf0-4298-8a83-8d5c3816df16@group-F6EC397515C5, cid=2748, SUCCESS, logIndex=3791, commits[81367453-3bf0-4298-8a83-8d5c3816df16:c3791]
2019-09-03 20:26:20,727 [SCMBlockDeletingService#1] DEBUG block.SCMBlockDeletingService (SCMBlockDeletingService.java:call(138)) - Running DeletedBlockTransactionScanner
2019-09-03 20:26:20,728 [SCMBlockDeletingService#1] DEBUG block.SCMBlockDeletingService (SCMBlockDeletingService.java:call(155)) - Scanned deleted blocks log and got 0 delTX to process.
2019-09-03 20:26:20,761 [grpc-default-executor-1] INFO  client.GrpcClientProtocolClient (GrpcClientProtocolClient.java:onNext(255)) - client-CB1B8AC74E59->81367453-3bf0-4298-8a83-8d5c3816df16: receive RaftClientReply:client-CB1B8AC74E59->81367453-3bf0-4298-8a83-8d5c3816df16@group-F6EC397515C5, cid=2749, SUCCESS, logIndex=3793, commits[81367453-3bf0-4298-8a83-8d5c3816df16:c3796]
2019-09-03 20:26:20,762 [grpc-default-executor-1] INFO  client.GrpcClientProtocolClient (GrpcClientProtocolClient.java:onNext(255)) - client-CB1B8AC74E59->81367453-3bf0-4298-8a83-8d5c3816df16: receive RaftClientReply:client-CB1B8AC74E59->81367453-3bf0-4298-8a83-8d5c3816df16@group-F6EC397515C5, cid=2750, SUCCESS, logIndex=3794, commits[81367453-3bf0-4298-8a83-8d5c3816df16:c3796]
2019-09-03 20:26:20,762 [grpc-default-executor-1] INFO  client.GrpcClientProtocolClient (GrpcClientProtocolClient.java:onNext(255)) - client-CB1B8AC74E59->81367453-3bf0-4298-8a83-8d5c3816df16: receive RaftClientReply:client-CB1B8AC74E59->81367453-3bf0-4298-8a83-8d5c3816df16@group-F6EC397515C5, cid=2751, SUCCESS, logIndex=3795, commits[81367453-3bf0-4298-8a83-8d5c3816df16:c3796]
2019-09-03 20:26:20,763 [grpc-default-executor-1] INFO  client.GrpcClientProtocolClient (GrpcClientProtocolClient.java:onNext(255)) - client-CB1B8AC74E59->81367453-3bf0-4298-8a83-8d5c3816df16: receive RaftClientReply:client-CB1B8AC74E59->81367453-3bf0-4298-8a83-8d5c3816df16@group-F6EC397515C5, cid=2752, SUCCESS, logIndex=3796, commits[81367453-3bf0-4298-8a83-8d5c3816df16:c3796]
2019-09-03 20:26:20,791 [grpc-default-executor-1] INFO  client.GrpcClientProtocolClient (GrpcClientProtocolClient.java:onNext(255)) - client-CB1B8AC74E59->81367453-3bf0-4298-8a83-8d5c3816df16: receive RaftClientReply:client-CB1B8AC74E59->81367453-3bf0-4298-8a83-8d5c3816df16@group-F6EC397515C5, cid=2753, SUCCESS, logIndex=3798, commits[81367453-3bf0-4298-8a83-8d5c3816df16:c3801]
2019-09-03 20:26:20,792 [grpc-default-executor-1] INFO  client.GrpcClientProtocolClient (GrpcClientProtocolClient.java:onNext(255)) - client-CB1B8AC74E59->81367453-3bf0-4298-8a83-8d5c3816df16: receive RaftClientReply:client-CB1B8AC74E59->81367453-3bf0-4298-8a83-8d5c3816df16@group-F6EC397515C5, cid=2754, SUCCESS, logIndex=3799, commits[81367453-3bf0-4298-8a83-8d5c3816df16:c3801]
2019-09-03 20:26:20,792 [grpc-default-executor-1] INFO  client.GrpcClientProtocolClient (GrpcClientProtocolClient.java:onNext(255)) - client-CB1B8AC74E59->81367453-3bf0-4298-8a83-8d5c3816df16: receive RaftClientReply:client-CB1B8AC74E59->81367453-3bf0-4298-8a83-8d5c3816df16@group-F6EC397515C5, cid=2755, SUCCESS, logIndex=3800, commits[81367453-3bf0-4298-8a83-8d5c3816df16:c3801]
2019-09-03 20:26:20,793 [grpc-default-executor-1] INFO  client.GrpcClientProtocolClient (GrpcClientProtocolClient.java:onNext(255)) - client-CB1B8AC74E59->81367453-3bf0-4298-8a83-8d5c3816df16: receive RaftClientReply:client-CB1B8AC74E59->81367453-3bf0-4298-8a83-8d5c3816df16@group-F6EC397515C5, cid=2756, SUCCESS, logIndex=3801, commits[81367453-3bf0-4298-8a83-8d5c3816df16:c3801]
2019-09-03 20:26:20,809 [grpc-default-executor-1] INFO  client.GrpcClientProtocolClient (GrpcClientProtocolClient.java:onNext(255)) - client-CB1B8AC74E59->81367453-3bf0-4298-8a83-8d5c3816df16: receive RaftClientReply:client-CB1B8AC74E59->81367453-3bf0-4298-8a83-8d5c3816df16@group-F6EC397515C5, cid=2757, SUCCESS, logIndex=3803, commits[81367453-3bf0-4298-8a83-8d5c3816df16:c3806]
2019-09-03 20:26:20,810 [grpc-default-executor-1] INFO  client.GrpcClientProtocolClient (GrpcClientProtocolClient.java:onNext(255)) - client-CB1B8AC74E59->81367453-3bf0-4298-8a83-8d5c3816df16: receive RaftClientReply:client-CB1B8AC74E59->81367453-3bf0-4298-8a83-8d5c3816df16@group-F6EC397515C5, cid=2758, SUCCESS, logIndex=3804, commits[81367453-3bf0-4298-8a83-8d5c3816df16:c3806]
2019-09-03 20:26:20,810 [grpc-default-executor-1] INFO  client.GrpcClientProtocolClient (GrpcClientProtocolClient.java:onNext(255)) - client-CB1B8AC74E59->81367453-3bf0-4298-8a83-8d5c3816df16: receive RaftClientReply:client-CB1B8AC74E59->81367453-3bf0-4298-8a83-8d5c3816df16@group-F6EC397515C5, cid=2759, SUCCESS, logIndex=3805, commits[81367453-3bf0-4298-8a83-8d5c3816df16:c3806]
2019-09-03 20:26:20,810 [grpc-default-executor-1] INFO  client.GrpcClientProtocolClient (GrpcClientProtocolClient.java:onNext(255)) - client-CB1B8AC74E59->81367453-3bf0-4298-8a83-8d5c3816df16: receive RaftClientReply:client-CB1B8AC74E59->81367453-3bf0-4298-8a83-8d5c3816df16@group-F6EC397515C5, cid=2760, SUCCESS, logIndex=3806, commits[81367453-3bf0-4298-8a83-8d5c3816df16:c3806]
2019-09-03 20:26:20,828 [SCMBlockDeletingService#1] DEBUG block.SCMBlockDeletingService (SCMBlockDeletingService.java:call(138)) - Running DeletedBlockTransactionScanner
2019-09-03 20:26:20,828 [SCMBlockDeletingService#1] DEBUG block.SCMBlockDeletingService (SCMBlockDeletingService.java:call(155)) - Scanned deleted blocks log and got 0 delTX to process.
2019-09-03 20:26:20,842 [grpc-default-executor-2] INFO  client.GrpcClientProtocolClient (GrpcClientProtocolClient.java:onNext(255)) - client-CB1B8AC74E59->81367453-3bf0-4298-8a83-8d5c3816df16: receive RaftClientReply:client-CB1B8AC74E59->81367453-3bf0-4298-8a83-8d5c3816df16@group-F6EC397515C5, cid=2761, SUCCESS, logIndex=3808, commits[81367453-3bf0-4298-8a83-8d5c3816df16:c3811]
2019-09-03 20:26:20,843 [grpc-default-executor-2] INFO  client.GrpcClientProtocolClient (GrpcClientProtocolClient.java:onNext(255)) - client-CB1B8AC74E59->81367453-3bf0-4298-8a83-8d5c3816df16: receive RaftClientReply:client-CB1B8AC74E59->81367453-3bf0-4298-8a83-8d5c3816df16@group-F6EC397515C5, cid=2762, SUCCESS, logIndex=3809, commits[81367453-3bf0-4298-8a83-8d5c3816df16:c3811]
2019-09-03 20:26:20,843 [grpc-default-executor-2] INFO  client.GrpcClientProtocolClient (GrpcClientProtocolClient.java:onNext(255)) - client-CB1B8AC74E59->81367453-3bf0-4298-8a83-8d5c3816df16: receive RaftClientReply:client-CB1B8AC74E59->81367453-3bf0-4298-8a83-8d5c3816df16@group-F6EC397515C5, cid=2763, SUCCESS, logIndex=3810, commits[81367453-3bf0-4298-8a83-8d5c3816df16:c3811]
2019-09-03 20:26:20,843 [grpc-default-executor-2] INFO  client.GrpcClientProtocolClient (GrpcClientProtocolClient.java:onNext(255)) - client-CB1B8AC74E59->81367453-3bf0-4298-8a83-8d5c3816df16: receive RaftClientReply:client-CB1B8AC74E59->81367453-3bf0-4298-8a83-8d5c3816df16@group-F6EC397515C5, cid=2764, SUCCESS, logIndex=3811, commits[81367453-3bf0-4298-8a83-8d5c3816df16:c3811]
2019-09-03 20:26:20,866 [grpc-default-executor-2] INFO  client.GrpcClientProtocolClient (GrpcClientProtocolClient.java:onNext(255)) - client-CB1B8AC74E59->81367453-3bf0-4298-8a83-8d5c3816df16: receive RaftClientReply:client-CB1B8AC74E59->81367453-3bf0-4298-8a83-8d5c3816df16@group-F6EC397515C5, cid=2765, SUCCESS, logIndex=3813, commits[81367453-3bf0-4298-8a83-8d5c3816df16:c3816]
2019-09-03 20:26:20,866 [grpc-default-executor-2] INFO  client.GrpcClientProtocolClient (GrpcClientProtocolClient.java:onNext(255)) - client-CB1B8AC74E59->81367453-3bf0-4298-8a83-8d5c3816df16: receive RaftClientReply:client-CB1B8AC74E59->81367453-3bf0-4298-8a83-8d5c3816df16@group-F6EC397515C5, cid=2766, SUCCESS, logIndex=3814, commits[81367453-3bf0-4298-8a83-8d5c3816df16:c3816]
2019-09-03 20:26:20,866 [grpc-default-executor-2] INFO  client.GrpcClientProtocolClient (GrpcClientProtocolClient.java:onNext(255)) - client-CB1B8AC74E59->81367453-3bf0-4298-8a83-8d5c3816df16: receive RaftClientReply:client-CB1B8AC74E59->81367453-3bf0-4298-8a83-8d5c3816df16@group-F6EC397515C5, cid=2767, SUCCESS, logIndex=3815, commits[81367453-3bf0-4298-8a83-8d5c3816df16:c3816]
2019-09-03 20:26:20,867 [grpc-default-executor-2] INFO  client.GrpcClientProtocolClient (GrpcClientProtocolClient.java:onNext(255)) - client-CB1B8AC74E59->81367453-3bf0-4298-8a83-8d5c3816df16: receive RaftClientReply:client-CB1B8AC74E59->81367453-3bf0-4298-8a83-8d5c3816df16@group-F6EC397515C5, cid=2768, SUCCESS, logIndex=3816, commits[81367453-3bf0-4298-8a83-8d5c3816df16:c3816]
2019-09-03 20:26:20,905 [grpc-default-executor-1] INFO  client.GrpcClientProtocolClient (GrpcClientProtocolClient.java:onNext(255)) - client-CB1B8AC74E59->81367453-3bf0-4298-8a83-8d5c3816df16: receive RaftClientReply:client-CB1B8AC74E59->81367453-3bf0-4298-8a83-8d5c3816df16@group-F6EC397515C5, cid=2769, SUCCESS, logIndex=3818, commits[81367453-3bf0-4298-8a83-8d5c3816df16:c3821]
2019-09-03 20:26:20,906 [grpc-default-executor-1] INFO  client.GrpcClientProtocolClient (GrpcClientProtocolClient.java:onNext(255)) - client-CB1B8AC74E59->81367453-3bf0-4298-8a83-8d5c3816df16: receive RaftClientReply:client-CB1B8AC74E59->81367453-3bf0-4298-8a83-8d5c3816df16@group-F6EC397515C5, cid=2770, SUCCESS, logIndex=3819, commits[81367453-3bf0-4298-8a83-8d5c3816df16:c3821]
2019-09-03 20:26:20,906 [grpc-default-executor-1] INFO  client.GrpcClientProtocolClient (GrpcClientProtocolClient.java:onNext(255)) - client-CB1B8AC74E59->81367453-3bf0-4298-8a83-8d5c3816df16: receive RaftClientReply:client-CB1B8AC74E59->81367453-3bf0-4298-8a83-8d5c3816df16@group-F6EC397515C5, cid=2771, SUCCESS, logIndex=3820, commits[81367453-3bf0-4298-8a83-8d5c3816df16:c3822]
2019-09-03 20:26:20,906 [grpc-default-executor-1] INFO  client.GrpcClientProtocolClient (GrpcClientProtocolClient.java:onNext(255)) - client-CB1B8AC74E59->81367453-3bf0-4298-8a83-8d5c3816df16: receive RaftClientReply:client-CB1B8AC74E59->81367453-3bf0-4298-8a83-8d5c3816df16@group-F6EC397515C5, cid=2772, SUCCESS, logIndex=3821, commits[81367453-3bf0-4298-8a83-8d5c3816df16:c3822]
2019-09-03 20:26:20,920 [grpc-default-executor-2] INFO  client.GrpcClientProtocolClient (GrpcClientProtocolClient.java:onNext(255)) - client-CB1B8AC74E59->81367453-3bf0-4298-8a83-8d5c3816df16: receive RaftClientReply:client-CB1B8AC74E59->81367453-3bf0-4298-8a83-8d5c3816df16@group-F6EC397515C5, cid=2773, SUCCESS, logIndex=3823, commits[81367453-3bf0-4298-8a83-8d5c3816df16:c3824]
2019-09-03 20:26:20,921 [grpc-default-executor-2] INFO  client.GrpcClientProtocolClient (GrpcClientProtocolClient.java:onNext(255)) - client-CB1B8AC74E59->81367453-3bf0-4298-8a83-8d5c3816df16: receive RaftClientReply:client-CB1B8AC74E59->81367453-3bf0-4298-8a83-8d5c3816df16@group-F6EC397515C5, cid=2774, SUCCESS, logIndex=3824, commits[81367453-3bf0-4298-8a83-8d5c3816df16:c3824]
2019-09-03 20:26:20,929 [SCMBlockDeletingService#1] DEBUG block.SCMBlockDeletingService (SCMBlockDeletingService.java:call(138)) - Running DeletedBlockTransactionScanner
2019-09-03 20:26:20,929 [SCMBlockDeletingService#1] DEBUG block.SCMBlockDeletingService (SCMBlockDeletingService.java:call(155)) - Scanned deleted blocks log and got 0 delTX to process.
2019-09-03 20:26:20,929 [grpc-default-executor-2] INFO  client.GrpcClientProtocolClient (GrpcClientProtocolClient.java:onNext(255)) - client-CB1B8AC74E59->81367453-3bf0-4298-8a83-8d5c3816df16: receive RaftClientReply:client-CB1B8AC74E59->81367453-3bf0-4298-8a83-8d5c3816df16@group-F6EC397515C5, cid=2775, SUCCESS, logIndex=3825, commits[81367453-3bf0-4298-8a83-8d5c3816df16:c3826]
2019-09-03 20:26:20,930 [grpc-default-executor-2] INFO  client.GrpcClientProtocolClient (GrpcClientProtocolClient.java:onNext(255)) - client-CB1B8AC74E59->81367453-3bf0-4298-8a83-8d5c3816df16: receive RaftClientReply:client-CB1B8AC74E59->81367453-3bf0-4298-8a83-8d5c3816df16@group-F6EC397515C5, cid=2776, SUCCESS, logIndex=3826, commits[81367453-3bf0-4298-8a83-8d5c3816df16:c3826]
2019-09-03 20:26:21,127 [SCMBlockDeletingService#1] DEBUG block.SCMBlockDeletingService (SCMBlockDeletingService.java:call(138)) - Running DeletedBlockTransactionScanner
2019-09-03 20:26:21,127 [SCMBlockDeletingService#1] DEBUG block.SCMBlockDeletingService (SCMBlockDeletingService.java:call(155)) - Scanned deleted blocks log and got 0 delTX to process.
2019-09-03 20:26:21,135 [grpc-default-executor-1] INFO  client.GrpcClientProtocolClient (GrpcClientProtocolClient.java:onNext(255)) - client-CB1B8AC74E59->81367453-3bf0-4298-8a83-8d5c3816df16: receive RaftClientReply:client-CB1B8AC74E59->81367453-3bf0-4298-8a83-8d5c3816df16@group-F6EC397515C5, cid=2777, SUCCESS, logIndex=3829, commits[81367453-3bf0-4298-8a83-8d5c3816df16:c3830]
2019-09-03 20:26:21,136 [grpc-default-executor-1] INFO  client.GrpcClientProtocolClient (GrpcClientProtocolClient.java:onNext(255)) - client-CB1B8AC74E59->81367453-3bf0-4298-8a83-8d5c3816df16: receive RaftClientReply:client-CB1B8AC74E59->81367453-3bf0-4298-8a83-8d5c3816df16@group-F6EC397515C5, cid=2778, SUCCESS, logIndex=3830, commits[81367453-3bf0-4298-8a83-8d5c3816df16:c3830]
2019-09-03 20:26:21,138 [grpc-default-executor-1] INFO  client.GrpcClientProtocolClient (GrpcClientProtocolClient.java:onNext(255)) - client-CB1B8AC74E59->81367453-3bf0-4298-8a83-8d5c3816df16: receive RaftClientReply:client-CB1B8AC74E59->81367453-3bf0-4298-8a83-8d5c3816df16@group-F6EC397515C5, cid=2779, SUCCESS, logIndex=3831, commits[81367453-3bf0-4298-8a83-8d5c3816df16:c3832]
2019-09-03 20:26:21,139 [grpc-default-executor-1] INFO  client.GrpcClientProtocolClient (GrpcClientProtocolClient.java:onNext(255)) - client-CB1B8AC74E59->81367453-3bf0-4298-8a83-8d5c3816df16: receive RaftClientReply:client-CB1B8AC74E59->81367453-3bf0-4298-8a83-8d5c3816df16@group-F6EC397515C5, cid=2780, SUCCESS, logIndex=3832, commits[81367453-3bf0-4298-8a83-8d5c3816df16:c3832]
2019-09-03 20:26:21,155 [grpc-default-executor-1] INFO  client.GrpcClientProtocolClient (GrpcClientProtocolClient.java:onNext(255)) - client-CB1B8AC74E59->81367453-3bf0-4298-8a83-8d5c3816df16: receive RaftClientReply:client-CB1B8AC74E59->81367453-3bf0-4298-8a83-8d5c3816df16@group-F6EC397515C5, cid=2781, SUCCESS, logIndex=3835, commits[81367453-3bf0-4298-8a83-8d5c3816df16:c3836]
2019-09-03 20:26:21,156 [grpc-default-executor-1] INFO  client.GrpcClientProtocolClient (GrpcClientProtocolClient.java:onNext(255)) - client-CB1B8AC74E59->81367453-3bf0-4298-8a83-8d5c3816df16: receive RaftClientReply:client-CB1B8AC74E59->81367453-3bf0-4298-8a83-8d5c3816df16@group-F6EC397515C5, cid=2782, SUCCESS, logIndex=3836, commits[81367453-3bf0-4298-8a83-8d5c3816df16:c3836]
2019-09-03 20:26:21,165 [grpc-default-executor-1] INFO  client.GrpcClientProtocolClient (GrpcClientProtocolClient.java:onNext(255)) - client-CB1B8AC74E59->81367453-3bf0-4298-8a83-8d5c3816df16: receive RaftClientReply:client-CB1B8AC74E59->81367453-3bf0-4298-8a83-8d5c3816df16@group-F6EC397515C5, cid=2783, SUCCESS, logIndex=3837, commits[81367453-3bf0-4298-8a83-8d5c3816df16:c3838]
2019-09-03 20:26:21,165 [grpc-default-executor-1] INFO  client.GrpcClientProtocolClient (GrpcClientProtocolClient.java:onNext(255)) - client-CB1B8AC74E59->81367453-3bf0-4298-8a83-8d5c3816df16: receive RaftClientReply:client-CB1B8AC74E59->81367453-3bf0-4298-8a83-8d5c3816df16@group-F6EC397515C5, cid=2784, SUCCESS, logIndex=3838, commits[81367453-3bf0-4298-8a83-8d5c3816df16:c3838]
2019-09-03 20:26:21,227 [SCMBlockDeletingService#1] DEBUG block.SCMBlockDeletingService (SCMBlockDeletingService.java:call(138)) - Running DeletedBlockTransactionScanner
2019-09-03 20:26:21,228 [SCMBlockDeletingService#1] DEBUG block.SCMBlockDeletingService (SCMBlockDeletingService.java:call(155)) - Scanned deleted blocks log and got 0 delTX to process.
2019-09-03 20:26:21,305 [grpc-default-executor-2] INFO  client.GrpcClientProtocolClient (GrpcClientProtocolClient.java:onNext(255)) - client-CB1B8AC74E59->81367453-3bf0-4298-8a83-8d5c3816df16: receive RaftClientReply:client-CB1B8AC74E59->81367453-3bf0-4298-8a83-8d5c3816df16@group-F6EC397515C5, cid=2785, SUCCESS, logIndex=3841, commits[81367453-3bf0-4298-8a83-8d5c3816df16:c3844]
2019-09-03 20:26:21,305 [grpc-default-executor-2] INFO  client.GrpcClientProtocolClient (GrpcClientProtocolClient.java:onNext(255)) - client-CB1B8AC74E59->81367453-3bf0-4298-8a83-8d5c3816df16: receive RaftClientReply:client-CB1B8AC74E59->81367453-3bf0-4298-8a83-8d5c3816df16@group-F6EC397515C5, cid=2786, SUCCESS, logIndex=3842, commits[81367453-3bf0-4298-8a83-8d5c3816df16:c3844]
2019-09-03 20:26:21,306 [grpc-default-executor-2] INFO  client.GrpcClientProtocolClient (GrpcClientProtocolClient.java:onNext(255)) - client-CB1B8AC74E59->81367453-3bf0-4298-8a83-8d5c3816df16: receive RaftClientReply:client-CB1B8AC74E59->81367453-3bf0-4298-8a83-8d5c3816df16@group-F6EC397515C5, cid=2787, SUCCESS, logIndex=3843, commits[81367453-3bf0-4298-8a83-8d5c3816df16:c3844]
2019-09-03 20:26:21,307 [grpc-default-executor-2] INFO  client.GrpcClientProtocolClient (GrpcClientProtocolClient.java:onNext(255)) - client-CB1B8AC74E59->81367453-3bf0-4298-8a83-8d5c3816df16: receive RaftClientReply:client-CB1B8AC74E59->81367453-3bf0-4298-8a83-8d5c3816df16@group-F6EC397515C5, cid=2788, SUCCESS, logIndex=3844, commits[81367453-3bf0-4298-8a83-8d5c3816df16:c3844]
2019-09-03 20:26:21,325 [grpc-default-executor-1] INFO  client.GrpcClientProtocolClient (GrpcClientProtocolClient.java:onNext(255)) - client-CB1B8AC74E59->81367453-3bf0-4298-8a83-8d5c3816df16: receive RaftClientReply:client-CB1B8AC74E59->81367453-3bf0-4298-8a83-8d5c3816df16@group-F6EC397515C5, cid=2789, SUCCESS, logIndex=3846, commits[81367453-3bf0-4298-8a83-8d5c3816df16:c3849]
2019-09-03 20:26:21,325 [grpc-default-executor-1] INFO  client.GrpcClientProtocolClient (GrpcClientProtocolClient.java:onNext(255)) - client-CB1B8AC74E59->81367453-3bf0-4298-8a83-8d5c3816df16: receive RaftClientReply:client-CB1B8AC74E59->81367453-3bf0-4298-8a83-8d5c3816df16@group-F6EC397515C5, cid=2790, SUCCESS, logIndex=3847, commits[81367453-3bf0-4298-8a83-8d5c3816df16:c3849]
2019-09-03 20:26:21,326 [grpc-default-executor-1] INFO  client.GrpcClientProtocolClient (GrpcClientProtocolClient.java:onNext(255)) - client-CB1B8AC74E59->81367453-3bf0-4298-8a83-8d5c3816df16: receive RaftClientReply:client-CB1B8AC74E59->81367453-3bf0-4298-8a83-8d5c3816df16@group-F6EC397515C5, cid=2791, SUCCESS, logIndex=3848, commits[81367453-3bf0-4298-8a83-8d5c3816df16:c3849]
2019-09-03 20:26:21,326 [grpc-default-executor-1] INFO  client.GrpcClientProtocolClient (GrpcClientProtocolClient.java:onNext(255)) - client-CB1B8AC74E59->81367453-3bf0-4298-8a83-8d5c3816df16: receive RaftClientReply:client-CB1B8AC74E59->81367453-3bf0-4298-8a83-8d5c3816df16@group-F6EC397515C5, cid=2792, SUCCESS, logIndex=3849, commits[81367453-3bf0-4298-8a83-8d5c3816df16:c3849]
2019-09-03 20:26:21,328 [SCMBlockDeletingService#1] DEBUG block.SCMBlockDeletingService (SCMBlockDeletingService.java:call(138)) - Running DeletedBlockTransactionScanner
2019-09-03 20:26:21,328 [SCMBlockDeletingService#1] DEBUG block.SCMBlockDeletingService (SCMBlockDeletingService.java:call(155)) - Scanned deleted blocks log and got 0 delTX to process.
2019-09-03 20:26:21,351 [grpc-default-executor-1] INFO  client.GrpcClientProtocolClient (GrpcClientProtocolClient.java:onNext(255)) - client-CB1B8AC74E59->81367453-3bf0-4298-8a83-8d5c3816df16: receive RaftClientReply:client-CB1B8AC74E59->81367453-3bf0-4298-8a83-8d5c3816df16@group-F6EC397515C5, cid=2793, SUCCESS, logIndex=3851, commits[81367453-3bf0-4298-8a83-8d5c3816df16:c3854]
2019-09-03 20:26:21,352 [grpc-default-executor-1] INFO  client.GrpcClientProtocolClient (GrpcClientProtocolClient.java:onNext(255)) - client-CB1B8AC74E59->81367453-3bf0-4298-8a83-8d5c3816df16: receive RaftClientReply:client-CB1B8AC74E59->81367453-3bf0-4298-8a83-8d5c3816df16@group-F6EC397515C5, cid=2794, SUCCESS, logIndex=3852, commits[81367453-3bf0-4298-8a83-8d5c3816df16:c3854]
2019-09-03 20:26:21,352 [grpc-default-executor-1] INFO  client.GrpcClientProtocolClient (GrpcClientProtocolClient.java:onNext(255)) - client-CB1B8AC74E59->81367453-3bf0-4298-8a83-8d5c3816df16: receive RaftClientReply:client-CB1B8AC74E59->81367453-3bf0-4298-8a83-8d5c3816df16@group-F6EC397515C5, cid=2795, SUCCESS, logIndex=3853, commits[81367453-3bf0-4298-8a83-8d5c3816df16:c3854]
2019-09-03 20:26:21,352 [grpc-default-executor-1] INFO  client.GrpcClientProtocolClient (GrpcClientProtocolClient.java:onNext(255)) - client-CB1B8AC74E59->81367453-3bf0-4298-8a83-8d5c3816df16: receive RaftClientReply:client-CB1B8AC74E59->81367453-3bf0-4298-8a83-8d5c3816df16@group-F6EC397515C5, cid=2796, SUCCESS, logIndex=3854, commits[81367453-3bf0-4298-8a83-8d5c3816df16:c3854]
2019-09-03 20:26:21,370 [grpc-default-executor-1] INFO  client.GrpcClientProtocolClient (GrpcClientProtocolClient.java:onNext(255)) - client-CB1B8AC74E59->81367453-3bf0-4298-8a83-8d5c3816df16: receive RaftClientReply:client-CB1B8AC74E59->81367453-3bf0-4298-8a83-8d5c3816df16@group-F6EC397515C5, cid=2797, SUCCESS, logIndex=3856, commits[81367453-3bf0-4298-8a83-8d5c3816df16:c3859]
2019-09-03 20:26:21,370 [grpc-default-executor-1] INFO  client.GrpcClientProtocolClient (GrpcClientProtocolClient.java:onNext(255)) - client-CB1B8AC74E59->81367453-3bf0-4298-8a83-8d5c3816df16: receive RaftClientReply:client-CB1B8AC74E59->81367453-3bf0-4298-8a83-8d5c3816df16@group-F6EC397515C5, cid=2798, SUCCESS, logIndex=3857, commits[81367453-3bf0-4298-8a83-8d5c3816df16:c3859]
2019-09-03 20:26:21,370 [grpc-default-executor-1] INFO  client.GrpcClientProtocolClient (GrpcClientProtocolClient.java:onNext(255)) - client-CB1B8AC74E59->81367453-3bf0-4298-8a83-8d5c3816df16: receive RaftClientReply:client-CB1B8AC74E59->81367453-3bf0-4298-8a83-8d5c3816df16@group-F6EC397515C5, cid=2799, SUCCESS, logIndex=3858, commits[81367453-3bf0-4298-8a83-8d5c3816df16:c3859]
2019-09-03 20:26:21,371 [grpc-default-executor-1] INFO  client.GrpcClientProtocolClient (GrpcClientProtocolClient.java:onNext(255)) - client-CB1B8AC74E59->81367453-3bf0-4298-8a83-8d5c3816df16: receive RaftClientReply:client-CB1B8AC74E59->81367453-3bf0-4298-8a83-8d5c3816df16@group-F6EC397515C5, cid=2800, SUCCESS, logIndex=3859, commits[81367453-3bf0-4298-8a83-8d5c3816df16:c3859]
2019-09-03 20:26:21,396 [grpc-default-executor-1] INFO  client.GrpcClientProtocolClient (GrpcClientProtocolClient.java:onNext(255)) - client-CB1B8AC74E59->81367453-3bf0-4298-8a83-8d5c3816df16: receive RaftClientReply:client-CB1B8AC74E59->81367453-3bf0-4298-8a83-8d5c3816df16@group-F6EC397515C5, cid=2801, SUCCESS, logIndex=3861, commits[81367453-3bf0-4298-8a83-8d5c3816df16:c3864]
2019-09-03 20:26:21,396 [grpc-default-executor-1] INFO  client.GrpcClientProtocolClient (GrpcClientProtocolClient.java:onNext(255)) - client-CB1B8AC74E59->81367453-3bf0-4298-8a83-8d5c3816df16: receive RaftClientReply:client-CB1B8AC74E59->81367453-3bf0-4298-8a83-8d5c3816df16@group-F6EC397515C5, cid=2802, SUCCESS, logIndex=3862, commits[81367453-3bf0-4298-8a83-8d5c3816df16:c3864]
2019-09-03 20:26:21,397 [grpc-default-executor-1] INFO  client.GrpcClientProtocolClient (GrpcClientProtocolClient.java:onNext(255)) - client-CB1B8AC74E59->81367453-3bf0-4298-8a83-8d5c3816df16: receive RaftClientReply:client-CB1B8AC74E59->81367453-3bf0-4298-8a83-8d5c3816df16@group-F6EC397515C5, cid=2803, SUCCESS, logIndex=3863, commits[81367453-3bf0-4298-8a83-8d5c3816df16:c3864]
2019-09-03 20:26:21,397 [grpc-default-executor-1] INFO  client.GrpcClientProtocolClient (GrpcClientProtocolClient.java:onNext(255)) - client-CB1B8AC74E59->81367453-3bf0-4298-8a83-8d5c3816df16: receive RaftClientReply:client-CB1B8AC74E59->81367453-3bf0-4298-8a83-8d5c3816df16@group-F6EC397515C5, cid=2804, SUCCESS, logIndex=3864, commits[81367453-3bf0-4298-8a83-8d5c3816df16:c3864]
2019-09-03 20:26:21,429 [SCMBlockDeletingService#1] DEBUG block.SCMBlockDeletingService (SCMBlockDeletingService.java:call(138)) - Running DeletedBlockTransactionScanner
2019-09-03 20:26:21,429 [SCMBlockDeletingService#1] DEBUG block.SCMBlockDeletingService (SCMBlockDeletingService.java:call(155)) - Scanned deleted blocks log and got 0 delTX to process.
2019-09-03 20:26:21,441 [grpc-default-executor-1] INFO  client.GrpcClientProtocolClient (GrpcClientProtocolClient.java:onNext(255)) - client-CB1B8AC74E59->81367453-3bf0-4298-8a83-8d5c3816df16: receive RaftClientReply:client-CB1B8AC74E59->81367453-3bf0-4298-8a83-8d5c3816df16@group-F6EC397515C5, cid=2805, SUCCESS, logIndex=3866, commits[81367453-3bf0-4298-8a83-8d5c3816df16:c3869]
2019-09-03 20:26:21,441 [grpc-default-executor-1] INFO  client.GrpcClientProtocolClient (GrpcClientProtocolClient.java:onNext(255)) - client-CB1B8AC74E59->81367453-3bf0-4298-8a83-8d5c3816df16: receive RaftClientReply:client-CB1B8AC74E59->81367453-3bf0-4298-8a83-8d5c3816df16@group-F6EC397515C5, cid=2806, SUCCESS, logIndex=3867, commits[81367453-3bf0-4298-8a83-8d5c3816df16:c3869]
2019-09-03 20:26:21,442 [grpc-default-executor-1] INFO  client.GrpcClientProtocolClient (GrpcClientProtocolClient.java:onNext(255)) - client-CB1B8AC74E59->81367453-3bf0-4298-8a83-8d5c3816df16: receive RaftClientReply:client-CB1B8AC74E59->81367453-3bf0-4298-8a83-8d5c3816df16@group-F6EC397515C5, cid=2807, SUCCESS, logIndex=3868, commits[81367453-3bf0-4298-8a83-8d5c3816df16:c3869]
2019-09-03 20:26:21,442 [grpc-default-executor-1] INFO  client.GrpcClientProtocolClient (GrpcClientProtocolClient.java:onNext(255)) - client-CB1B8AC74E59->81367453-3bf0-4298-8a83-8d5c3816df16: receive RaftClientReply:client-CB1B8AC74E59->81367453-3bf0-4298-8a83-8d5c3816df16@group-F6EC397515C5, cid=2808, SUCCESS, logIndex=3869, commits[81367453-3bf0-4298-8a83-8d5c3816df16:c3869]
2019-09-03 20:26:21,464 [grpc-default-executor-1] INFO  client.GrpcClientProtocolClient (GrpcClientProtocolClient.java:onNext(255)) - client-CB1B8AC74E59->81367453-3bf0-4298-8a83-8d5c3816df16: receive RaftClientReply:client-CB1B8AC74E59->81367453-3bf0-4298-8a83-8d5c3816df16@group-F6EC397515C5, cid=2809, SUCCESS, logIndex=3871, commits[81367453-3bf0-4298-8a83-8d5c3816df16:c3872]
2019-09-03 20:26:21,465 [grpc-default-executor-1] INFO  client.GrpcClientProtocolClient (GrpcClientProtocolClient.java:onNext(255)) - client-CB1B8AC74E59->81367453-3bf0-4298-8a83-8d5c3816df16: receive RaftClientReply:client-CB1B8AC74E59->81367453-3bf0-4298-8a83-8d5c3816df16@group-F6EC397515C5, cid=2810, SUCCESS, logIndex=3872, commits[81367453-3bf0-4298-8a83-8d5c3816df16:c3872]
2019-09-03 20:26:21,469 [grpc-default-executor-1] INFO  client.GrpcClientProtocolClient (GrpcClientProtocolClient.java:onNext(255)) - client-CB1B8AC74E59->81367453-3bf0-4298-8a83-8d5c3816df16: receive RaftClientReply:client-CB1B8AC74E59->81367453-3bf0-4298-8a83-8d5c3816df16@group-F6EC397515C5, cid=2811, SUCCESS, logIndex=3873, commits[81367453-3bf0-4298-8a83-8d5c3816df16:c3874]
2019-09-03 20:26:21,469 [grpc-default-executor-1] INFO  client.GrpcClientProtocolClient (GrpcClientProtocolClient.java:onNext(255)) - client-CB1B8AC74E59->81367453-3bf0-4298-8a83-8d5c3816df16: receive RaftClientReply:client-CB1B8AC74E59->81367453-3bf0-4298-8a83-8d5c3816df16@group-F6EC397515C5, cid=2812, SUCCESS, logIndex=3874, commits[81367453-3bf0-4298-8a83-8d5c3816df16:c3874]
2019-09-03 20:26:21,513 [grpc-default-executor-2] INFO  client.GrpcClientProtocolClient (GrpcClientProtocolClient.java:onNext(255)) - client-CB1B8AC74E59->81367453-3bf0-4298-8a83-8d5c3816df16: receive RaftClientReply:client-CB1B8AC74E59->81367453-3bf0-4298-8a83-8d5c3816df16@group-F6EC397515C5, cid=2813, SUCCESS, logIndex=3877, commits[81367453-3bf0-4298-8a83-8d5c3816df16:c3880]
2019-09-03 20:26:21,513 [grpc-default-executor-2] INFO  client.GrpcClientProtocolClient (GrpcClientProtocolClient.java:onNext(255)) - client-CB1B8AC74E59->81367453-3bf0-4298-8a83-8d5c3816df16: receive RaftClientReply:client-CB1B8AC74E59->81367453-3bf0-4298-8a83-8d5c3816df16@group-F6EC397515C5, cid=2814, SUCCESS, logIndex=3878, commits[81367453-3bf0-4298-8a83-8d5c3816df16:c3880]
2019-09-03 20:26:21,514 [grpc-default-executor-2] INFO  client.GrpcClientProtocolClient (GrpcClientProtocolClient.java:onNext(255)) - client-CB1B8AC74E59->81367453-3bf0-4298-8a83-8d5c3816df16: receive RaftClientReply:client-CB1B8AC74E59->81367453-3bf0-4298-8a83-8d5c3816df16@group-F6EC397515C5, cid=2815, SUCCESS, logIndex=3879, commits[81367453-3bf0-4298-8a83-8d5c3816df16:c3880]
2019-09-03 20:26:21,514 [grpc-default-executor-2] INFO  client.GrpcClientProtocolClient (GrpcClientProtocolClient.java:onNext(255)) - client-CB1B8AC74E59->81367453-3bf0-4298-8a83-8d5c3816df16: receive RaftClientReply:client-CB1B8AC74E59->81367453-3bf0-4298-8a83-8d5c3816df16@group-F6EC397515C5, cid=2816, SUCCESS, logIndex=3880, commits[81367453-3bf0-4298-8a83-8d5c3816df16:c3880]
2019-09-03 20:26:21,529 [SCMBlockDeletingService#1] DEBUG block.SCMBlockDeletingService (SCMBlockDeletingService.java:call(138)) - Running DeletedBlockTransactionScanner
2019-09-03 20:26:21,530 [SCMBlockDeletingService#1] DEBUG block.SCMBlockDeletingService (SCMBlockDeletingService.java:call(155)) - Scanned deleted blocks log and got 0 delTX to process.
2019-09-03 20:26:21,547 [grpc-default-executor-2] INFO  client.GrpcClientProtocolClient (GrpcClientProtocolClient.java:onNext(255)) - client-CB1B8AC74E59->81367453-3bf0-4298-8a83-8d5c3816df16: receive RaftClientReply:client-CB1B8AC74E59->81367453-3bf0-4298-8a83-8d5c3816df16@group-F6EC397515C5, cid=2817, SUCCESS, logIndex=3882, commits[81367453-3bf0-4298-8a83-8d5c3816df16:c3883]
2019-09-03 20:26:21,548 [grpc-default-executor-2] INFO  client.GrpcClientProtocolClient (GrpcClientProtocolClient.java:onNext(255)) - client-CB1B8AC74E59->81367453-3bf0-4298-8a83-8d5c3816df16: receive RaftClientReply:client-CB1B8AC74E59->81367453-3bf0-4298-8a83-8d5c3816df16@group-F6EC397515C5, cid=2818, SUCCESS, logIndex=3883, commits[81367453-3bf0-4298-8a83-8d5c3816df16:c3883]
2019-09-03 20:26:21,556 [grpc-default-executor-2] INFO  client.GrpcClientProtocolClient (GrpcClientProtocolClient.java:onNext(255)) - client-CB1B8AC74E59->81367453-3bf0-4298-8a83-8d5c3816df16: receive RaftClientReply:client-CB1B8AC74E59->81367453-3bf0-4298-8a83-8d5c3816df16@group-F6EC397515C5, cid=2819, SUCCESS, logIndex=3884, commits[81367453-3bf0-4298-8a83-8d5c3816df16:c3885]
2019-09-03 20:26:21,557 [grpc-default-executor-2] INFO  client.GrpcClientProtocolClient (GrpcClientProtocolClient.java:onNext(255)) - client-CB1B8AC74E59->81367453-3bf0-4298-8a83-8d5c3816df16: receive RaftClientReply:client-CB1B8AC74E59->81367453-3bf0-4298-8a83-8d5c3816df16@group-F6EC397515C5, cid=2820, SUCCESS, logIndex=3885, commits[81367453-3bf0-4298-8a83-8d5c3816df16:c3885]
2019-09-03 20:26:21,573 [grpc-default-executor-1] INFO  client.GrpcClientProtocolClient (GrpcClientProtocolClient.java:onNext(255)) - client-CB1B8AC74E59->81367453-3bf0-4298-8a83-8d5c3816df16: receive RaftClientReply:client-CB1B8AC74E59->81367453-3bf0-4298-8a83-8d5c3816df16@group-F6EC397515C5, cid=2821, SUCCESS, logIndex=3888, commits[81367453-3bf0-4298-8a83-8d5c3816df16:c3891]
2019-09-03 20:26:21,574 [grpc-default-executor-1] INFO  client.GrpcClientProtocolClient (GrpcClientProtocolClient.java:onNext(255)) - client-CB1B8AC74E59->81367453-3bf0-4298-8a83-8d5c3816df16: receive RaftClientReply:client-CB1B8AC74E59->81367453-3bf0-4298-8a83-8d5c3816df16@group-F6EC397515C5, cid=2822, SUCCESS, logIndex=3889, commits[81367453-3bf0-4298-8a83-8d5c3816df16:c3891]
2019-09-03 20:26:21,574 [grpc-default-executor-1] INFO  client.GrpcClientProtocolClient (GrpcClientProtocolClient.java:onNext(255)) - client-CB1B8AC74E59->81367453-3bf0-4298-8a83-8d5c3816df16: receive RaftClientReply:client-CB1B8AC74E59->81367453-3bf0-4298-8a83-8d5c3816df16@group-F6EC397515C5, cid=2823, SUCCESS, logIndex=3890, commits[81367453-3bf0-4298-8a83-8d5c3816df16:c3891]
2019-09-03 20:26:21,574 [grpc-default-executor-1] INFO  client.GrpcClientProtocolClient (GrpcClientProtocolClient.java:onNext(255)) - client-CB1B8AC74E59->81367453-3bf0-4298-8a83-8d5c3816df16: receive RaftClientReply:client-CB1B8AC74E59->81367453-3bf0-4298-8a83-8d5c3816df16@group-F6EC397515C5, cid=2824, SUCCESS, logIndex=3891, commits[81367453-3bf0-4298-8a83-8d5c3816df16:c3891]
2019-09-03 20:26:21,600 [grpc-default-executor-2] INFO  client.GrpcClientProtocolClient (GrpcClientProtocolClient.java:onNext(255)) - client-CB1B8AC74E59->81367453-3bf0-4298-8a83-8d5c3816df16: receive RaftClientReply:client-CB1B8AC74E59->81367453-3bf0-4298-8a83-8d5c3816df16@group-F6EC397515C5, cid=2825, SUCCESS, logIndex=3893, commits[81367453-3bf0-4298-8a83-8d5c3816df16:c3894]
2019-09-03 20:26:21,600 [grpc-default-executor-2] INFO  client.GrpcClientProtocolClient (GrpcClientProtocolClient.java:onNext(255)) - client-CB1B8AC74E59->81367453-3bf0-4298-8a83-8d5c3816df16: receive RaftClientReply:client-CB1B8AC74E59->81367453-3bf0-4298-8a83-8d5c3816df16@group-F6EC397515C5, cid=2826, SUCCESS, logIndex=3894, commits[81367453-3bf0-4298-8a83-8d5c3816df16:c3894]
2019-09-03 20:26:21,606 [grpc-default-executor-2] INFO  client.GrpcClientProtocolClient (GrpcClientProtocolClient.java:onNext(255)) - client-CB1B8AC74E59->81367453-3bf0-4298-8a83-8d5c3816df16: receive RaftClientReply:client-CB1B8AC74E59->81367453-3bf0-4298-8a83-8d5c3816df16@group-F6EC397515C5, cid=2827, SUCCESS, logIndex=3895, commits[81367453-3bf0-4298-8a83-8d5c3816df16:c3896]
2019-09-03 20:26:21,607 [grpc-default-executor-2] INFO  client.GrpcClientProtocolClient (GrpcClientProtocolClient.java:onNext(255)) - client-CB1B8AC74E59->81367453-3bf0-4298-8a83-8d5c3816df16: receive RaftClientReply:client-CB1B8AC74E59->81367453-3bf0-4298-8a83-8d5c3816df16@group-F6EC397515C5, cid=2828, SUCCESS, logIndex=3896, commits[81367453-3bf0-4298-8a83-8d5c3816df16:c3896]
2019-09-03 20:26:21,630 [SCMBlockDeletingService#1] DEBUG block.SCMBlockDeletingService (SCMBlockDeletingService.java:call(138)) - Running DeletedBlockTransactionScanner
2019-09-03 20:26:21,631 [SCMBlockDeletingService#1] DEBUG block.SCMBlockDeletingService (SCMBlockDeletingService.java:call(155)) - Scanned deleted blocks log and got 0 delTX to process.
2019-09-03 20:26:21,724 [grpc-default-executor-2] INFO  client.GrpcClientProtocolClient (GrpcClientProtocolClient.java:onNext(255)) - client-CB1B8AC74E59->81367453-3bf0-4298-8a83-8d5c3816df16: receive RaftClientReply:client-CB1B8AC74E59->81367453-3bf0-4298-8a83-8d5c3816df16@group-F6EC397515C5, cid=2829, SUCCESS, logIndex=3899, commits[81367453-3bf0-4298-8a83-8d5c3816df16:c3902]
2019-09-03 20:26:21,724 [grpc-default-executor-2] INFO  client.GrpcClientProtocolClient (GrpcClientProtocolClient.java:onNext(255)) - client-CB1B8AC74E59->81367453-3bf0-4298-8a83-8d5c3816df16: receive RaftClientReply:client-CB1B8AC74E59->81367453-3bf0-4298-8a83-8d5c3816df16@group-F6EC397515C5, cid=2830, SUCCESS, logIndex=3900, commits[81367453-3bf0-4298-8a83-8d5c3816df16:c3902]
2019-09-03 20:26:21,725 [grpc-default-executor-2] INFO  client.GrpcClientProtocolClient (GrpcClientProtocolClient.java:onNext(255)) - client-CB1B8AC74E59->81367453-3bf0-4298-8a83-8d5c3816df16: receive RaftClientReply:client-CB1B8AC74E59->81367453-3bf0-4298-8a83-8d5c3816df16@group-F6EC397515C5, cid=2831, SUCCESS, logIndex=3901, commits[81367453-3bf0-4298-8a83-8d5c3816df16:c3902]
2019-09-03 20:26:21,725 [grpc-default-executor-2] INFO  client.GrpcClientProtocolClient (GrpcClientProtocolClient.java:onNext(255)) - client-CB1B8AC74E59->81367453-3bf0-4298-8a83-8d5c3816df16: receive RaftClientReply:client-CB1B8AC74E59->81367453-3bf0-4298-8a83-8d5c3816df16@group-F6EC397515C5, cid=2832, SUCCESS, logIndex=3902, commits[81367453-3bf0-4298-8a83-8d5c3816df16:c3902]
2019-09-03 20:26:21,731 [SCMBlockDeletingService#1] DEBUG block.SCMBlockDeletingService (SCMBlockDeletingService.java:call(138)) - Running DeletedBlockTransactionScanner
2019-09-03 20:26:21,731 [SCMBlockDeletingService#1] DEBUG block.SCMBlockDeletingService (SCMBlockDeletingService.java:call(155)) - Scanned deleted blocks log and got 0 delTX to process.
2019-09-03 20:26:21,750 [grpc-default-executor-2] INFO  client.GrpcClientProtocolClient (GrpcClientProtocolClient.java:onNext(255)) - client-CB1B8AC74E59->81367453-3bf0-4298-8a83-8d5c3816df16: receive RaftClientReply:client-CB1B8AC74E59->81367453-3bf0-4298-8a83-8d5c3816df16@group-F6EC397515C5, cid=2833, SUCCESS, logIndex=3904, commits[81367453-3bf0-4298-8a83-8d5c3816df16:c3907]
2019-09-03 20:26:21,750 [grpc-default-executor-2] INFO  client.GrpcClientProtocolClient (GrpcClientProtocolClient.java:onNext(255)) - client-CB1B8AC74E59->81367453-3bf0-4298-8a83-8d5c3816df16: receive RaftClientReply:client-CB1B8AC74E59->81367453-3bf0-4298-8a83-8d5c3816df16@group-F6EC397515C5, cid=2834, SUCCESS, logIndex=3905, commits[81367453-3bf0-4298-8a83-8d5c3816df16:c3907]
2019-09-03 20:26:21,751 [grpc-default-executor-2] INFO  client.GrpcClientProtocolClient (GrpcClientProtocolClient.java:onNext(255)) - client-CB1B8AC74E59->81367453-3bf0-4298-8a83-8d5c3816df16: receive RaftClientReply:client-CB1B8AC74E59->81367453-3bf0-4298-8a83-8d5c3816df16@group-F6EC397515C5, cid=2835, SUCCESS, logIndex=3906, commits[81367453-3bf0-4298-8a83-8d5c3816df16:c3907]
2019-09-03 20:26:21,751 [grpc-default-executor-2] INFO  client.GrpcClientProtocolClient (GrpcClientProtocolClient.java:onNext(255)) - client-CB1B8AC74E59->81367453-3bf0-4298-8a83-8d5c3816df16: receive RaftClientReply:client-CB1B8AC74E59->81367453-3bf0-4298-8a83-8d5c3816df16@group-F6EC397515C5, cid=2836, SUCCESS, logIndex=3907, commits[81367453-3bf0-4298-8a83-8d5c3816df16:c3907]
2019-09-03 20:26:21,770 [grpc-default-executor-2] INFO  client.GrpcClientProtocolClient (GrpcClientProtocolClient.java:onNext(255)) - client-CB1B8AC74E59->81367453-3bf0-4298-8a83-8d5c3816df16: receive RaftClientReply:client-CB1B8AC74E59->81367453-3bf0-4298-8a83-8d5c3816df16@group-F6EC397515C5, cid=2837, SUCCESS, logIndex=3909, commits[81367453-3bf0-4298-8a83-8d5c3816df16:c3912]
2019-09-03 20:26:21,771 [grpc-default-executor-2] INFO  client.GrpcClientProtocolClient (GrpcClientProtocolClient.java:onNext(255)) - client-CB1B8AC74E59->81367453-3bf0-4298-8a83-8d5c3816df16: receive RaftClientReply:client-CB1B8AC74E59->81367453-3bf0-4298-8a83-8d5c3816df16@group-F6EC397515C5, cid=2838, SUCCESS, logIndex=3910, commits[81367453-3bf0-4298-8a83-8d5c3816df16:c3912]
2019-09-03 20:26:21,771 [grpc-default-executor-2] INFO  client.GrpcClientProtocolClient (GrpcClientProtocolClient.java:onNext(255)) - client-CB1B8AC74E59->81367453-3bf0-4298-8a83-8d5c3816df16: receive RaftClientReply:client-CB1B8AC74E59->81367453-3bf0-4298-8a83-8d5c3816df16@group-F6EC397515C5, cid=2839, SUCCESS, logIndex=3911, commits[81367453-3bf0-4298-8a83-8d5c3816df16:c3912]
2019-09-03 20:26:21,771 [grpc-default-executor-2] INFO  client.GrpcClientProtocolClient (GrpcClientProtocolClient.java:onNext(255)) - client-CB1B8AC74E59->81367453-3bf0-4298-8a83-8d5c3816df16: receive RaftClientReply:client-CB1B8AC74E59->81367453-3bf0-4298-8a83-8d5c3816df16@group-F6EC397515C5, cid=2840, SUCCESS, logIndex=3912, commits[81367453-3bf0-4298-8a83-8d5c3816df16:c3912]
2019-09-03 20:26:21,799 [grpc-default-executor-2] INFO  client.GrpcClientProtocolClient (GrpcClientProtocolClient.java:onNext(255)) - client-CB1B8AC74E59->81367453-3bf0-4298-8a83-8d5c3816df16: receive RaftClientReply:client-CB1B8AC74E59->81367453-3bf0-4298-8a83-8d5c3816df16@group-F6EC397515C5, cid=2841, SUCCESS, logIndex=3914, commits[81367453-3bf0-4298-8a83-8d5c3816df16:c3917]
2019-09-03 20:26:21,799 [grpc-default-executor-2] INFO  client.GrpcClientProtocolClient (GrpcClientProtocolClient.java:onNext(255)) - client-CB1B8AC74E59->81367453-3bf0-4298-8a83-8d5c3816df16: receive RaftClientReply:client-CB1B8AC74E59->81367453-3bf0-4298-8a83-8d5c3816df16@group-F6EC397515C5, cid=2842, SUCCESS, logIndex=3915, commits[81367453-3bf0-4298-8a83-8d5c3816df16:c3917]
2019-09-03 20:26:21,799 [grpc-default-executor-2] INFO  client.GrpcClientProtocolClient (GrpcClientProtocolClient.java:onNext(255)) - client-CB1B8AC74E59->81367453-3bf0-4298-8a83-8d5c3816df16: receive RaftClientReply:client-CB1B8AC74E59->81367453-3bf0-4298-8a83-8d5c3816df16@group-F6EC397515C5, cid=2843, SUCCESS, logIndex=3916, commits[81367453-3bf0-4298-8a83-8d5c3816df16:c3917]
2019-09-03 20:26:21,800 [grpc-default-executor-2] INFO  client.GrpcClientProtocolClient (GrpcClientProtocolClient.java:onNext(255)) - client-CB1B8AC74E59->81367453-3bf0-4298-8a83-8d5c3816df16: receive RaftClientReply:client-CB1B8AC74E59->81367453-3bf0-4298-8a83-8d5c3816df16@group-F6EC397515C5, cid=2844, SUCCESS, logIndex=3917, commits[81367453-3bf0-4298-8a83-8d5c3816df16:c3917]
2019-09-03 20:26:21,815 [grpc-default-executor-1] INFO  client.GrpcClientProtocolClient (GrpcClientProtocolClient.java:onNext(255)) - client-CB1B8AC74E59->81367453-3bf0-4298-8a83-8d5c3816df16: receive RaftClientReply:client-CB1B8AC74E59->81367453-3bf0-4298-8a83-8d5c3816df16@group-F6EC397515C5, cid=2845, SUCCESS, logIndex=3919, commits[81367453-3bf0-4298-8a83-8d5c3816df16:c3922]
2019-09-03 20:26:21,815 [grpc-default-executor-1] INFO  client.GrpcClientProtocolClient (GrpcClientProtocolClient.java:onNext(255)) - client-CB1B8AC74E59->81367453-3bf0-4298-8a83-8d5c3816df16: receive RaftClientReply:client-CB1B8AC74E59->81367453-3bf0-4298-8a83-8d5c3816df16@group-F6EC397515C5, cid=2846, SUCCESS, logIndex=3920, commits[81367453-3bf0-4298-8a83-8d5c3816df16:c3922]
2019-09-03 20:26:21,816 [grpc-default-executor-1] INFO  client.GrpcClientProtocolClient (GrpcClientProtocolClient.java:onNext(255)) - client-CB1B8AC74E59->81367453-3bf0-4298-8a83-8d5c3816df16: receive RaftClientReply:client-CB1B8AC74E59->81367453-3bf0-4298-8a83-8d5c3816df16@group-F6EC397515C5, cid=2847, SUCCESS, logIndex=3921, commits[81367453-3bf0-4298-8a83-8d5c3816df16:c3922]
2019-09-03 20:26:21,816 [grpc-default-executor-1] INFO  client.GrpcClientProtocolClient (GrpcClientProtocolClient.java:onNext(255)) - client-CB1B8AC74E59->81367453-3bf0-4298-8a83-8d5c3816df16: receive RaftClientReply:client-CB1B8AC74E59->81367453-3bf0-4298-8a83-8d5c3816df16@group-F6EC397515C5, cid=2848, SUCCESS, logIndex=3922, commits[81367453-3bf0-4298-8a83-8d5c3816df16:c3922]
2019-09-03 20:26:21,832 [SCMBlockDeletingService#1] DEBUG block.SCMBlockDeletingService (SCMBlockDeletingService.java:call(138)) - Running DeletedBlockTransactionScanner
2019-09-03 20:26:21,832 [SCMBlockDeletingService#1] DEBUG block.SCMBlockDeletingService (SCMBlockDeletingService.java:call(155)) - Scanned deleted blocks log and got 0 delTX to process.
2019-09-03 20:26:21,838 [grpc-default-executor-1] INFO  client.GrpcClientProtocolClient (GrpcClientProtocolClient.java:onNext(255)) - client-CB1B8AC74E59->81367453-3bf0-4298-8a83-8d5c3816df16: receive RaftClientReply:client-CB1B8AC74E59->81367453-3bf0-4298-8a83-8d5c3816df16@group-F6EC397515C5, cid=2849, SUCCESS, logIndex=3924, commits[81367453-3bf0-4298-8a83-8d5c3816df16:c3927]
2019-09-03 20:26:21,839 [grpc-default-executor-1] INFO  client.GrpcClientProtocolClient (GrpcClientProtocolClient.java:onNext(255)) - client-CB1B8AC74E59->81367453-3bf0-4298-8a83-8d5c3816df16: receive RaftClientReply:client-CB1B8AC74E59->81367453-3bf0-4298-8a83-8d5c3816df16@group-F6EC397515C5, cid=2850, SUCCESS, logIndex=3925, commits[81367453-3bf0-4298-8a83-8d5c3816df16:c3927]
2019-09-03 20:26:21,839 [grpc-default-executor-1] INFO  client.GrpcClientProtocolClient (GrpcClientProtocolClient.java:onNext(255)) - client-CB1B8AC74E59->81367453-3bf0-4298-8a83-8d5c3816df16: receive RaftClientReply:client-CB1B8AC74E59->81367453-3bf0-4298-8a83-8d5c3816df16@group-F6EC397515C5, cid=2851, SUCCESS, logIndex=3926, commits[81367453-3bf0-4298-8a83-8d5c3816df16:c3927]
2019-09-03 20:26:21,839 [grpc-default-executor-1] INFO  client.GrpcClientProtocolClient (GrpcClientProtocolClient.java:onNext(255)) - client-CB1B8AC74E59->81367453-3bf0-4298-8a83-8d5c3816df16: receive RaftClientReply:client-CB1B8AC74E59->81367453-3bf0-4298-8a83-8d5c3816df16@group-F6EC397515C5, cid=2852, SUCCESS, logIndex=3927, commits[81367453-3bf0-4298-8a83-8d5c3816df16:c3927]
2019-09-03 20:26:21,855 [grpc-default-executor-1] INFO  client.GrpcClientProtocolClient (GrpcClientProtocolClient.java:onNext(255)) - client-CB1B8AC74E59->81367453-3bf0-4298-8a83-8d5c3816df16: receive RaftClientReply:client-CB1B8AC74E59->81367453-3bf0-4298-8a83-8d5c3816df16@group-F6EC397515C5, cid=2853, SUCCESS, logIndex=3929, commits[81367453-3bf0-4298-8a83-8d5c3816df16:c3932]
2019-09-03 20:26:21,856 [grpc-default-executor-1] INFO  client.GrpcClientProtocolClient (GrpcClientProtocolClient.java:onNext(255)) - client-CB1B8AC74E59->81367453-3bf0-4298-8a83-8d5c3816df16: receive RaftClientReply:client-CB1B8AC74E59->81367453-3bf0-4298-8a83-8d5c3816df16@group-F6EC397515C5, cid=2854, SUCCESS, logIndex=3930, commits[81367453-3bf0-4298-8a83-8d5c3816df16:c3932]
2019-09-03 20:26:21,856 [grpc-default-executor-1] INFO  client.GrpcClientProtocolClient (GrpcClientProtocolClient.java:onNext(255)) - client-CB1B8AC74E59->81367453-3bf0-4298-8a83-8d5c3816df16: receive RaftClientReply:client-CB1B8AC74E59->81367453-3bf0-4298-8a83-8d5c3816df16@group-F6EC397515C5, cid=2855, SUCCESS, logIndex=3931, commits[81367453-3bf0-4298-8a83-8d5c3816df16:c3932]
2019-09-03 20:26:21,856 [grpc-default-executor-1] INFO  client.GrpcClientProtocolClient (GrpcClientProtocolClient.java:onNext(255)) - client-CB1B8AC74E59->81367453-3bf0-4298-8a83-8d5c3816df16: receive RaftClientReply:client-CB1B8AC74E59->81367453-3bf0-4298-8a83-8d5c3816df16@group-F6EC397515C5, cid=2856, SUCCESS, logIndex=3932, commits[81367453-3bf0-4298-8a83-8d5c3816df16:c3932]
2019-09-03 20:26:21,877 [grpc-default-executor-1] INFO  client.GrpcClientProtocolClient (GrpcClientProtocolClient.java:onNext(255)) - client-CB1B8AC74E59->81367453-3bf0-4298-8a83-8d5c3816df16: receive RaftClientReply:client-CB1B8AC74E59->81367453-3bf0-4298-8a83-8d5c3816df16@group-F6EC397515C5, cid=2857, SUCCESS, logIndex=3934, commits[81367453-3bf0-4298-8a83-8d5c3816df16:c3937]
2019-09-03 20:26:21,877 [grpc-default-executor-1] INFO  client.GrpcClientProtocolClient (GrpcClientProtocolClient.java:onNext(255)) - client-CB1B8AC74E59->81367453-3bf0-4298-8a83-8d5c3816df16: receive RaftClientReply:client-CB1B8AC74E59->81367453-3bf0-4298-8a83-8d5c3816df16@group-F6EC397515C5, cid=2858, SUCCESS, logIndex=3935, commits[81367453-3bf0-4298-8a83-8d5c3816df16:c3937]
2019-09-03 20:26:21,877 [grpc-default-executor-1] INFO  client.GrpcClientProtocolClient (GrpcClientProtocolClient.java:onNext(255)) - client-CB1B8AC74E59->81367453-3bf0-4298-8a83-8d5c3816df16: receive RaftClientReply:client-CB1B8AC74E59->81367453-3bf0-4298-8a83-8d5c3816df16@group-F6EC397515C5, cid=2859, SUCCESS, logIndex=3936, commits[81367453-3bf0-4298-8a83-8d5c3816df16:c3937]
2019-09-03 20:26:21,878 [grpc-default-executor-1] INFO  client.GrpcClientProtocolClient (GrpcClientProtocolClient.java:onNext(255)) - client-CB1B8AC74E59->81367453-3bf0-4298-8a83-8d5c3816df16: receive RaftClientReply:client-CB1B8AC74E59->81367453-3bf0-4298-8a83-8d5c3816df16@group-F6EC397515C5, cid=2860, SUCCESS, logIndex=3937, commits[81367453-3bf0-4298-8a83-8d5c3816df16:c3937]
2019-09-03 20:26:21,890 [grpc-default-executor-2] INFO  client.GrpcClientProtocolClient (GrpcClientProtocolClient.java:onNext(255)) - client-CB1B8AC74E59->81367453-3bf0-4298-8a83-8d5c3816df16: receive RaftClientReply:client-CB1B8AC74E59->81367453-3bf0-4298-8a83-8d5c3816df16@group-F6EC397515C5, cid=2861, SUCCESS, logIndex=3939, commits[81367453-3bf0-4298-8a83-8d5c3816df16:c3940]
2019-09-03 20:26:21,890 [grpc-default-executor-2] INFO  client.GrpcClientProtocolClient (GrpcClientProtocolClient.java:onNext(255)) - client-CB1B8AC74E59->81367453-3bf0-4298-8a83-8d5c3816df16: receive RaftClientReply:client-CB1B8AC74E59->81367453-3bf0-4298-8a83-8d5c3816df16@group-F6EC397515C5, cid=2862, SUCCESS, logIndex=3940, commits[81367453-3bf0-4298-8a83-8d5c3816df16:c3940]
2019-09-03 20:26:21,901 [grpc-default-executor-2] INFO  client.GrpcClientProtocolClient (GrpcClientProtocolClient.java:onNext(255)) - client-CB1B8AC74E59->81367453-3bf0-4298-8a83-8d5c3816df16: receive RaftClientReply:client-CB1B8AC74E59->81367453-3bf0-4298-8a83-8d5c3816df16@group-F6EC397515C5, cid=2863, SUCCESS, logIndex=3941, commits[81367453-3bf0-4298-8a83-8d5c3816df16:c3942]
2019-09-03 20:26:21,902 [grpc-default-executor-2] INFO  client.GrpcClientProtocolClient (GrpcClientProtocolClient.java:onNext(255)) - client-CB1B8AC74E59->81367453-3bf0-4298-8a83-8d5c3816df16: receive RaftClientReply:client-CB1B8AC74E59->81367453-3bf0-4298-8a83-8d5c3816df16@group-F6EC397515C5, cid=2864, SUCCESS, logIndex=3942, commits[81367453-3bf0-4298-8a83-8d5c3816df16:c3942]
2019-09-03 20:26:21,932 [SCMBlockDeletingService#1] DEBUG block.SCMBlockDeletingService (SCMBlockDeletingService.java:call(138)) - Running DeletedBlockTransactionScanner
2019-09-03 20:26:21,933 [SCMBlockDeletingService#1] DEBUG block.SCMBlockDeletingService (SCMBlockDeletingService.java:call(155)) - Scanned deleted blocks log and got 0 delTX to process.
2019-09-03 20:26:21,946 [grpc-default-executor-1] INFO  client.GrpcClientProtocolClient (GrpcClientProtocolClient.java:onNext(255)) - client-CB1B8AC74E59->81367453-3bf0-4298-8a83-8d5c3816df16: receive RaftClientReply:client-CB1B8AC74E59->81367453-3bf0-4298-8a83-8d5c3816df16@group-F6EC397515C5, cid=2865, SUCCESS, logIndex=3945, commits[81367453-3bf0-4298-8a83-8d5c3816df16:c3948]
2019-09-03 20:26:21,946 [grpc-default-executor-1] INFO  client.GrpcClientProtocolClient (GrpcClientProtocolClient.java:onNext(255)) - client-CB1B8AC74E59->81367453-3bf0-4298-8a83-8d5c3816df16: receive RaftClientReply:client-CB1B8AC74E59->81367453-3bf0-4298-8a83-8d5c3816df16@group-F6EC397515C5, cid=2866, SUCCESS, logIndex=3946, commits[81367453-3bf0-4298-8a83-8d5c3816df16:c3948]
2019-09-03 20:26:21,947 [grpc-default-executor-1] INFO  client.GrpcClientProtocolClient (GrpcClientProtocolClient.java:onNext(255)) - client-CB1B8AC74E59->81367453-3bf0-4298-8a83-8d5c3816df16: receive RaftClientReply:client-CB1B8AC74E59->81367453-3bf0-4298-8a83-8d5c3816df16@group-F6EC397515C5, cid=2867, SUCCESS, logIndex=3947, commits[81367453-3bf0-4298-8a83-8d5c3816df16:c3949]
2019-09-03 20:26:21,947 [grpc-default-executor-1] INFO  client.GrpcClientProtocolClient (GrpcClientProtocolClient.java:onNext(255)) - client-CB1B8AC74E59->81367453-3bf0-4298-8a83-8d5c3816df16: receive RaftClientReply:client-CB1B8AC74E59->81367453-3bf0-4298-8a83-8d5c3816df16@group-F6EC397515C5, cid=2868, SUCCESS, logIndex=3948, commits[81367453-3bf0-4298-8a83-8d5c3816df16:c3949]
2019-09-03 20:26:21,959 [grpc-default-executor-1] INFO  client.GrpcClientProtocolClient (GrpcClientProtocolClient.java:onNext(255)) - client-CB1B8AC74E59->81367453-3bf0-4298-8a83-8d5c3816df16: receive RaftClientReply:client-CB1B8AC74E59->81367453-3bf0-4298-8a83-8d5c3816df16@group-F6EC397515C5, cid=2869, SUCCESS, logIndex=3950, commits[81367453-3bf0-4298-8a83-8d5c3816df16:c3951]
2019-09-03 20:26:21,960 [grpc-default-executor-1] INFO  client.GrpcClientProtocolClient (GrpcClientProtocolClient.java:onNext(255)) - client-CB1B8AC74E59->81367453-3bf0-4298-8a83-8d5c3816df16: receive RaftClientReply:client-CB1B8AC74E59->81367453-3bf0-4298-8a83-8d5c3816df16@group-F6EC397515C5, cid=2870, SUCCESS, logIndex=3951, commits[81367453-3bf0-4298-8a83-8d5c3816df16:c3951]
2019-09-03 20:26:21,979 [grpc-default-executor-1] INFO  client.GrpcClientProtocolClient (GrpcClientProtocolClient.java:onNext(255)) - client-CB1B8AC74E59->81367453-3bf0-4298-8a83-8d5c3816df16: receive RaftClientReply:client-CB1B8AC74E59->81367453-3bf0-4298-8a83-8d5c3816df16@group-F6EC397515C5, cid=2871, SUCCESS, logIndex=3952, commits[81367453-3bf0-4298-8a83-8d5c3816df16:c3954]
2019-09-03 20:26:21,979 [grpc-default-executor-1] INFO  client.GrpcClientProtocolClient (GrpcClientProtocolClient.java:onNext(255)) - client-CB1B8AC74E59->81367453-3bf0-4298-8a83-8d5c3816df16: receive RaftClientReply:client-CB1B8AC74E59->81367453-3bf0-4298-8a83-8d5c3816df16@group-F6EC397515C5, cid=2872, SUCCESS, logIndex=3953, commits[81367453-3bf0-4298-8a83-8d5c3816df16:c3954]
2019-09-03 20:26:22,110 [SCMBlockDeletingService#1] DEBUG block.SCMBlockDeletingService (SCMBlockDeletingService.java:call(138)) - Running DeletedBlockTransactionScanner
2019-09-03 20:26:22,110 [SCMBlockDeletingService#1] DEBUG block.SCMBlockDeletingService (SCMBlockDeletingService.java:call(155)) - Scanned deleted blocks log and got 0 delTX to process.
2019-09-03 20:26:22,210 [SCMBlockDeletingService#1] DEBUG block.SCMBlockDeletingService (SCMBlockDeletingService.java:call(138)) - Running DeletedBlockTransactionScanner
2019-09-03 20:26:22,211 [SCMBlockDeletingService#1] DEBUG block.SCMBlockDeletingService (SCMBlockDeletingService.java:call(155)) - Scanned deleted blocks log and got 0 delTX to process.
2019-09-03 20:26:22,265 [grpc-default-executor-1] INFO  client.GrpcClientProtocolClient (GrpcClientProtocolClient.java:onNext(255)) - client-CB1B8AC74E59->81367453-3bf0-4298-8a83-8d5c3816df16: receive RaftClientReply:client-CB1B8AC74E59->81367453-3bf0-4298-8a83-8d5c3816df16@group-F6EC397515C5, cid=2873, SUCCESS, logIndex=3955, commits[81367453-3bf0-4298-8a83-8d5c3816df16:c3958]
2019-09-03 20:26:22,265 [grpc-default-executor-1] INFO  client.GrpcClientProtocolClient (GrpcClientProtocolClient.java:onNext(255)) - client-CB1B8AC74E59->81367453-3bf0-4298-8a83-8d5c3816df16: receive RaftClientReply:client-CB1B8AC74E59->81367453-3bf0-4298-8a83-8d5c3816df16@group-F6EC397515C5, cid=2874, SUCCESS, logIndex=3956, commits[81367453-3bf0-4298-8a83-8d5c3816df16:c3958]
2019-09-03 20:26:22,266 [grpc-default-executor-1] INFO  client.GrpcClientProtocolClient (GrpcClientProtocolClient.java:onNext(255)) - client-CB1B8AC74E59->81367453-3bf0-4298-8a83-8d5c3816df16: receive RaftClientReply:client-CB1B8AC74E59->81367453-3bf0-4298-8a83-8d5c3816df16@group-F6EC397515C5, cid=2875, SUCCESS, logIndex=3957, commits[81367453-3bf0-4298-8a83-8d5c3816df16:c3958]
2019-09-03 20:26:22,266 [grpc-default-executor-1] INFO  client.GrpcClientProtocolClient (GrpcClientProtocolClient.java:onNext(255)) - client-CB1B8AC74E59->81367453-3bf0-4298-8a83-8d5c3816df16: receive RaftClientReply:client-CB1B8AC74E59->81367453-3bf0-4298-8a83-8d5c3816df16@group-F6EC397515C5, cid=2876, SUCCESS, logIndex=3958, commits[81367453-3bf0-4298-8a83-8d5c3816df16:c3958]
2019-09-03 20:26:22,281 [grpc-default-executor-2] INFO  client.GrpcClientProtocolClient (GrpcClientProtocolClient.java:onNext(255)) - client-CB1B8AC74E59->81367453-3bf0-4298-8a83-8d5c3816df16: receive RaftClientReply:client-CB1B8AC74E59->81367453-3bf0-4298-8a83-8d5c3816df16@group-F6EC397515C5, cid=2877, SUCCESS, logIndex=3960, commits[81367453-3bf0-4298-8a83-8d5c3816df16:c3961]
2019-09-03 20:26:22,282 [grpc-default-executor-2] INFO  client.GrpcClientProtocolClient (GrpcClientProtocolClient.java:onNext(255)) - client-CB1B8AC74E59->81367453-3bf0-4298-8a83-8d5c3816df16: receive RaftClientReply:client-CB1B8AC74E59->81367453-3bf0-4298-8a83-8d5c3816df16@group-F6EC397515C5, cid=2878, SUCCESS, logIndex=3961, commits[81367453-3bf0-4298-8a83-8d5c3816df16:c3961]
2019-09-03 20:26:22,289 [grpc-default-executor-2] INFO  client.GrpcClientProtocolClient (GrpcClientProtocolClient.java:onNext(255)) - client-CB1B8AC74E59->81367453-3bf0-4298-8a83-8d5c3816df16: receive RaftClientReply:client-CB1B8AC74E59->81367453-3bf0-4298-8a83-8d5c3816df16@group-F6EC397515C5, cid=2879, SUCCESS, logIndex=3962, commits[81367453-3bf0-4298-8a83-8d5c3816df16:c3964]
2019-09-03 20:26:22,289 [grpc-default-executor-2] INFO  client.GrpcClientProtocolClient (GrpcClientProtocolClient.java:onNext(255)) - client-CB1B8AC74E59->81367453-3bf0-4298-8a83-8d5c3816df16: receive RaftClientReply:client-CB1B8AC74E59->81367453-3bf0-4298-8a83-8d5c3816df16@group-F6EC397515C5, cid=2880, SUCCESS, logIndex=3963, commits[81367453-3bf0-4298-8a83-8d5c3816df16:c3964]
2019-09-03 20:26:22,311 [SCMBlockDeletingService#1] DEBUG block.SCMBlockDeletingService (SCMBlockDeletingService.java:call(138)) - Running DeletedBlockTransactionScanner
2019-09-03 20:26:22,311 [SCMBlockDeletingService#1] DEBUG block.SCMBlockDeletingService (SCMBlockDeletingService.java:call(155)) - Scanned deleted blocks log and got 0 delTX to process.
2019-09-03 20:26:22,326 [grpc-default-executor-2] INFO  client.GrpcClientProtocolClient (GrpcClientProtocolClient.java:onNext(255)) - client-CB1B8AC74E59->81367453-3bf0-4298-8a83-8d5c3816df16: receive RaftClientReply:client-CB1B8AC74E59->81367453-3bf0-4298-8a83-8d5c3816df16@group-F6EC397515C5, cid=2881, SUCCESS, logIndex=3965, commits[81367453-3bf0-4298-8a83-8d5c3816df16:c3966]
2019-09-03 20:26:22,327 [grpc-default-executor-2] INFO  client.GrpcClientProtocolClient (GrpcClientProtocolClient.java:onNext(255)) - client-CB1B8AC74E59->81367453-3bf0-4298-8a83-8d5c3816df16: receive RaftClientReply:client-CB1B8AC74E59->81367453-3bf0-4298-8a83-8d5c3816df16@group-F6EC397515C5, cid=2882, SUCCESS, logIndex=3966, commits[81367453-3bf0-4298-8a83-8d5c3816df16:c3966]
2019-09-03 20:26:22,332 [grpc-default-executor-2] INFO  client.GrpcClientProtocolClient (GrpcClientProtocolClient.java:onNext(255)) - client-CB1B8AC74E59->81367453-3bf0-4298-8a83-8d5c3816df16: receive RaftClientReply:client-CB1B8AC74E59->81367453-3bf0-4298-8a83-8d5c3816df16@group-F6EC397515C5, cid=2883, SUCCESS, logIndex=3967, commits[81367453-3bf0-4298-8a83-8d5c3816df16:c3968]
2019-09-03 20:26:22,332 [grpc-default-executor-2] INFO  client.GrpcClientProtocolClient (GrpcClientProtocolClient.java:onNext(255)) - client-CB1B8AC74E59->81367453-3bf0-4298-8a83-8d5c3816df16: receive RaftClientReply:client-CB1B8AC74E59->81367453-3bf0-4298-8a83-8d5c3816df16@group-F6EC397515C5, cid=2884, SUCCESS, logIndex=3968, commits[81367453-3bf0-4298-8a83-8d5c3816df16:c3968]
2019-09-03 20:26:22,351 [grpc-default-executor-1] INFO  client.GrpcClientProtocolClient (GrpcClientProtocolClient.java:onNext(255)) - client-CB1B8AC74E59->81367453-3bf0-4298-8a83-8d5c3816df16: receive RaftClientReply:client-CB1B8AC74E59->81367453-3bf0-4298-8a83-8d5c3816df16@group-F6EC397515C5, cid=2885, SUCCESS, logIndex=3971, commits[81367453-3bf0-4298-8a83-8d5c3816df16:c3972]
2019-09-03 20:26:22,351 [grpc-default-executor-1] INFO  client.GrpcClientProtocolClient (GrpcClientProtocolClient.java:onNext(255)) - client-CB1B8AC74E59->81367453-3bf0-4298-8a83-8d5c3816df16: receive RaftClientReply:client-CB1B8AC74E59->81367453-3bf0-4298-8a83-8d5c3816df16@group-F6EC397515C5, cid=2886, SUCCESS, logIndex=3972, commits[81367453-3bf0-4298-8a83-8d5c3816df16:c3972]
2019-09-03 20:26:22,360 [grpc-default-executor-1] INFO  client.GrpcClientProtocolClient (GrpcClientProtocolClient.java:onNext(255)) - client-CB1B8AC74E59->81367453-3bf0-4298-8a83-8d5c3816df16: receive RaftClientReply:client-CB1B8AC74E59->81367453-3bf0-4298-8a83-8d5c3816df16@group-F6EC397515C5, cid=2887, SUCCESS, logIndex=3973, commits[81367453-3bf0-4298-8a83-8d5c3816df16:c3974]
2019-09-03 20:26:22,361 [grpc-default-executor-1] INFO  client.GrpcClientProtocolClient (GrpcClientProtocolClient.java:onNext(255)) - client-CB1B8AC74E59->81367453-3bf0-4298-8a83-8d5c3816df16: receive RaftClientReply:client-CB1B8AC74E59->81367453-3bf0-4298-8a83-8d5c3816df16@group-F6EC397515C5, cid=2888, SUCCESS, logIndex=3974, commits[81367453-3bf0-4298-8a83-8d5c3816df16:c3974]
2019-09-03 20:26:22,411 [grpc-default-executor-1] INFO  client.GrpcClientProtocolClient (GrpcClientProtocolClient.java:onNext(255)) - client-CB1B8AC74E59->81367453-3bf0-4298-8a83-8d5c3816df16: receive RaftClientReply:client-CB1B8AC74E59->81367453-3bf0-4298-8a83-8d5c3816df16@group-F6EC397515C5, cid=2889, SUCCESS, logIndex=3977, commits[81367453-3bf0-4298-8a83-8d5c3816df16:c3978]
2019-09-03 20:26:22,412 [grpc-default-executor-1] INFO  client.GrpcClientProtocolClient (GrpcClientProtocolClient.java:onNext(255)) - client-CB1B8AC74E59->81367453-3bf0-4298-8a83-8d5c3816df16: receive RaftClientReply:client-CB1B8AC74E59->81367453-3bf0-4298-8a83-8d5c3816df16@group-F6EC397515C5, cid=2890, SUCCESS, logIndex=3978, commits[81367453-3bf0-4298-8a83-8d5c3816df16:c3978]
2019-09-03 20:26:22,412 [SCMBlockDeletingService#1] DEBUG block.SCMBlockDeletingService (SCMBlockDeletingService.java:call(138)) - Running DeletedBlockTransactionScanner
2019-09-03 20:26:22,412 [SCMBlockDeletingService#1] DEBUG block.SCMBlockDeletingService (SCMBlockDeletingService.java:call(155)) - Scanned deleted blocks log and got 0 delTX to process.
2019-09-03 20:26:22,418 [grpc-default-executor-1] INFO  client.GrpcClientProtocolClient (GrpcClientProtocolClient.java:onNext(255)) - client-CB1B8AC74E59->81367453-3bf0-4298-8a83-8d5c3816df16: receive RaftClientReply:client-CB1B8AC74E59->81367453-3bf0-4298-8a83-8d5c3816df16@group-F6EC397515C5, cid=2891, SUCCESS, logIndex=3979, commits[81367453-3bf0-4298-8a83-8d5c3816df16:c3980]
2019-09-03 20:26:22,418 [grpc-default-executor-1] INFO  client.GrpcClientProtocolClient (GrpcClientProtocolClient.java:onNext(255)) - client-CB1B8AC74E59->81367453-3bf0-4298-8a83-8d5c3816df16: receive RaftClientReply:client-CB1B8AC74E59->81367453-3bf0-4298-8a83-8d5c3816df16@group-F6EC397515C5, cid=2892, SUCCESS, logIndex=3980, commits[81367453-3bf0-4298-8a83-8d5c3816df16:c3980]
2019-09-03 20:26:22,438 [grpc-default-executor-1] INFO  client.GrpcClientProtocolClient (GrpcClientProtocolClient.java:onNext(255)) - client-CB1B8AC74E59->81367453-3bf0-4298-8a83-8d5c3816df16: receive RaftClientReply:client-CB1B8AC74E59->81367453-3bf0-4298-8a83-8d5c3816df16@group-F6EC397515C5, cid=2893, SUCCESS, logIndex=3983, commits[81367453-3bf0-4298-8a83-8d5c3816df16:c3986]
2019-09-03 20:26:22,438 [grpc-default-executor-1] INFO  client.GrpcClientProtocolClient (GrpcClientProtocolClient.java:onNext(255)) - client-CB1B8AC74E59->81367453-3bf0-4298-8a83-8d5c3816df16: receive RaftClientReply:client-CB1B8AC74E59->81367453-3bf0-4298-8a83-8d5c3816df16@group-F6EC397515C5, cid=2894, SUCCESS, logIndex=3984, commits[81367453-3bf0-4298-8a83-8d5c3816df16:c3986]
2019-09-03 20:26:22,439 [grpc-default-executor-1] INFO  client.GrpcClientProtocolClient (GrpcClientProtocolClient.java:onNext(255)) - client-CB1B8AC74E59->81367453-3bf0-4298-8a83-8d5c3816df16: receive RaftClientReply:client-CB1B8AC74E59->81367453-3bf0-4298-8a83-8d5c3816df16@group-F6EC397515C5, cid=2895, SUCCESS, logIndex=3985, commits[81367453-3bf0-4298-8a83-8d5c3816df16:c3986]
2019-09-03 20:26:22,439 [grpc-default-executor-1] INFO  client.GrpcClientProtocolClient (GrpcClientProtocolClient.java:onNext(255)) - client-CB1B8AC74E59->81367453-3bf0-4298-8a83-8d5c3816df16: receive RaftClientReply:client-CB1B8AC74E59->81367453-3bf0-4298-8a83-8d5c3816df16@group-F6EC397515C5, cid=2896, SUCCESS, logIndex=3986, commits[81367453-3bf0-4298-8a83-8d5c3816df16:c3986]
2019-09-03 20:26:22,463 [grpc-default-executor-1] INFO  client.GrpcClientProtocolClient (GrpcClientProtocolClient.java:onNext(255)) - client-CB1B8AC74E59->81367453-3bf0-4298-8a83-8d5c3816df16: receive RaftClientReply:client-CB1B8AC74E59->81367453-3bf0-4298-8a83-8d5c3816df16@group-F6EC397515C5, cid=2897, SUCCESS, logIndex=3988, commits[81367453-3bf0-4298-8a83-8d5c3816df16:c3989]
2019-09-03 20:26:22,464 [grpc-default-executor-1] INFO  client.GrpcClientProtocolClient (GrpcClientProtocolClient.java:onNext(255)) - client-CB1B8AC74E59->81367453-3bf0-4298-8a83-8d5c3816df16: receive RaftClientReply:client-CB1B8AC74E59->81367453-3bf0-4298-8a83-8d5c3816df16@group-F6EC397515C5, cid=2898, SUCCESS, logIndex=3989, commits[81367453-3bf0-4298-8a83-8d5c3816df16:c3989]
2019-09-03 20:26:22,468 [grpc-default-executor-1] INFO  client.GrpcClientProtocolClient (GrpcClientProtocolClient.java:onNext(255)) - client-CB1B8AC74E59->81367453-3bf0-4298-8a83-8d5c3816df16: receive RaftClientReply:client-CB1B8AC74E59->81367453-3bf0-4298-8a83-8d5c3816df16@group-F6EC397515C5, cid=2899, SUCCESS, logIndex=3990, commits[81367453-3bf0-4298-8a83-8d5c3816df16:c3991]
2019-09-03 20:26:22,468 [grpc-default-executor-1] INFO  client.GrpcClientProtocolClient (GrpcClientProtocolClient.java:onNext(255)) - client-CB1B8AC74E59->81367453-3bf0-4298-8a83-8d5c3816df16: receive RaftClientReply:client-CB1B8AC74E59->81367453-3bf0-4298-8a83-8d5c3816df16@group-F6EC397515C5, cid=2900, SUCCESS, logIndex=3991, commits[81367453-3bf0-4298-8a83-8d5c3816df16:c3991]
2019-09-03 20:26:22,483 [grpc-default-executor-1] INFO  client.GrpcClientProtocolClient (GrpcClientProtocolClient.java:onNext(255)) - client-CB1B8AC74E59->81367453-3bf0-4298-8a83-8d5c3816df16: receive RaftClientReply:client-CB1B8AC74E59->81367453-3bf0-4298-8a83-8d5c3816df16@group-F6EC397515C5, cid=2901, SUCCESS, logIndex=3994, commits[81367453-3bf0-4298-8a83-8d5c3816df16:c3995]
2019-09-03 20:26:22,484 [grpc-default-executor-1] INFO  client.GrpcClientProtocolClient (GrpcClientProtocolClient.java:onNext(255)) - client-CB1B8AC74E59->81367453-3bf0-4298-8a83-8d5c3816df16: receive RaftClientReply:client-CB1B8AC74E59->81367453-3bf0-4298-8a83-8d5c3816df16@group-F6EC397515C5, cid=2902, SUCCESS, logIndex=3995, commits[81367453-3bf0-4298-8a83-8d5c3816df16:c3995]
2019-09-03 20:26:22,488 [grpc-default-executor-1] INFO  client.GrpcClientProtocolClient (GrpcClientProtocolClient.java:onNext(255)) - client-CB1B8AC74E59->81367453-3bf0-4298-8a83-8d5c3816df16: receive RaftClientReply:client-CB1B8AC74E59->81367453-3bf0-4298-8a83-8d5c3816df16@group-F6EC397515C5, cid=2903, SUCCESS, logIndex=3996, commits[81367453-3bf0-4298-8a83-8d5c3816df16:c3997]
2019-09-03 20:26:22,488 [grpc-default-executor-1] INFO  client.GrpcClientProtocolClient (GrpcClientProtocolClient.java:onNext(255)) - client-CB1B8AC74E59->81367453-3bf0-4298-8a83-8d5c3816df16: receive RaftClientReply:client-CB1B8AC74E59->81367453-3bf0-4298-8a83-8d5c3816df16@group-F6EC397515C5, cid=2904, SUCCESS, logIndex=3997, commits[81367453-3bf0-4298-8a83-8d5c3816df16:c3997]
2019-09-03 20:26:22,512 [SCMBlockDeletingService#1] DEBUG block.SCMBlockDeletingService (SCMBlockDeletingService.java:call(138)) - Running DeletedBlockTransactionScanner
2019-09-03 20:26:22,513 [SCMBlockDeletingService#1] DEBUG block.SCMBlockDeletingService (SCMBlockDeletingService.java:call(155)) - Scanned deleted blocks log and got 0 delTX to process.
2019-09-03 20:26:22,516 [grpc-default-executor-2] INFO  client.GrpcClientProtocolClient (GrpcClientProtocolClient.java:onNext(255)) - client-CB1B8AC74E59->81367453-3bf0-4298-8a83-8d5c3816df16: receive RaftClientReply:client-CB1B8AC74E59->81367453-3bf0-4298-8a83-8d5c3816df16@group-F6EC397515C5, cid=2905, SUCCESS, logIndex=4000, commits[81367453-3bf0-4298-8a83-8d5c3816df16:c4001]
2019-09-03 20:26:22,516 [grpc-default-executor-2] INFO  client.GrpcClientProtocolClient (GrpcClientProtocolClient.java:onNext(255)) - client-CB1B8AC74E59->81367453-3bf0-4298-8a83-8d5c3816df16: receive RaftClientReply:client-CB1B8AC74E59->81367453-3bf0-4298-8a83-8d5c3816df16@group-F6EC397515C5, cid=2906, SUCCESS, logIndex=4001, commits[81367453-3bf0-4298-8a83-8d5c3816df16:c4001]
2019-09-03 20:26:22,526 [grpc-default-executor-2] INFO  client.GrpcClientProtocolClient (GrpcClientProtocolClient.java:onNext(255)) - client-CB1B8AC74E59->81367453-3bf0-4298-8a83-8d5c3816df16: receive RaftClientReply:client-CB1B8AC74E59->81367453-3bf0-4298-8a83-8d5c3816df16@group-F6EC397515C5, cid=2907, SUCCESS, logIndex=4002, commits[81367453-3bf0-4298-8a83-8d5c3816df16:c4003]
2019-09-03 20:26:22,527 [grpc-default-executor-2] INFO  client.GrpcClientProtocolClient (GrpcClientProtocolClient.java:onNext(255)) - client-CB1B8AC74E59->81367453-3bf0-4298-8a83-8d5c3816df16: receive RaftClientReply:client-CB1B8AC74E59->81367453-3bf0-4298-8a83-8d5c3816df16@group-F6EC397515C5, cid=2908, SUCCESS, logIndex=4003, commits[81367453-3bf0-4298-8a83-8d5c3816df16:c4003]
2019-09-03 20:26:22,601 [grpc-default-executor-1] INFO  client.GrpcClientProtocolClient (GrpcClientProtocolClient.java:onNext(255)) - client-CB1B8AC74E59->81367453-3bf0-4298-8a83-8d5c3816df16: receive RaftClientReply:client-CB1B8AC74E59->81367453-3bf0-4298-8a83-8d5c3816df16@group-F6EC397515C5, cid=2909, SUCCESS, logIndex=4006, commits[81367453-3bf0-4298-8a83-8d5c3816df16:c4009]
2019-09-03 20:26:22,601 [grpc-default-executor-1] INFO  client.GrpcClientProtocolClient (GrpcClientProtocolClient.java:onNext(255)) - client-CB1B8AC74E59->81367453-3bf0-4298-8a83-8d5c3816df16: receive RaftClientReply:client-CB1B8AC74E59->81367453-3bf0-4298-8a83-8d5c3816df16@group-F6EC397515C5, cid=2910, SUCCESS, logIndex=4007, commits[81367453-3bf0-4298-8a83-8d5c3816df16:c4009]
2019-09-03 20:26:22,602 [grpc-default-executor-1] INFO  client.GrpcClientProtocolClient (GrpcClientProtocolClient.java:onNext(255)) - client-CB1B8AC74E59->81367453-3bf0-4298-8a83-8d5c3816df16: receive RaftClientReply:client-CB1B8AC74E59->81367453-3bf0-4298-8a83-8d5c3816df16@group-F6EC397515C5, cid=2911, SUCCESS, logIndex=4008, commits[81367453-3bf0-4298-8a83-8d5c3816df16:c4009]
2019-09-03 20:26:22,602 [grpc-default-executor-1] INFO  client.GrpcClientProtocolClient (GrpcClientProtocolClient.java:onNext(255)) - client-CB1B8AC74E59->81367453-3bf0-4298-8a83-8d5c3816df16: receive RaftClientReply:client-CB1B8AC74E59->81367453-3bf0-4298-8a83-8d5c3816df16@group-F6EC397515C5, cid=2912, SUCCESS, logIndex=4009, commits[81367453-3bf0-4298-8a83-8d5c3816df16:c4009]
2019-09-03 20:26:22,613 [SCMBlockDeletingService#1] DEBUG block.SCMBlockDeletingService (SCMBlockDeletingService.java:call(138)) - Running DeletedBlockTransactionScanner
2019-09-03 20:26:22,613 [SCMBlockDeletingService#1] DEBUG block.SCMBlockDeletingService (SCMBlockDeletingService.java:call(155)) - Scanned deleted blocks log and got 0 delTX to process.
2019-09-03 20:26:22,636 [grpc-default-executor-1] INFO  client.GrpcClientProtocolClient (GrpcClientProtocolClient.java:onNext(255)) - client-CB1B8AC74E59->81367453-3bf0-4298-8a83-8d5c3816df16: receive RaftClientReply:client-CB1B8AC74E59->81367453-3bf0-4298-8a83-8d5c3816df16@group-F6EC397515C5, cid=2913, SUCCESS, logIndex=4011, commits[81367453-3bf0-4298-8a83-8d5c3816df16:c4014]
2019-09-03 20:26:22,637 [grpc-default-executor-1] INFO  client.GrpcClientProtocolClient (GrpcClientProtocolClient.java:onNext(255)) - client-CB1B8AC74E59->81367453-3bf0-4298-8a83-8d5c3816df16: receive RaftClientReply:client-CB1B8AC74E59->81367453-3bf0-4298-8a83-8d5c3816df16@group-F6EC397515C5, cid=2914, SUCCESS, logIndex=4012, commits[81367453-3bf0-4298-8a83-8d5c3816df16:c4014]
2019-09-03 20:26:22,638 [grpc-default-executor-1] INFO  client.GrpcClientProtocolClient (GrpcClientProtocolClient.java:onNext(255)) - client-CB1B8AC74E59->81367453-3bf0-4298-8a83-8d5c3816df16: receive RaftClientReply:client-CB1B8AC74E59->81367453-3bf0-4298-8a83-8d5c3816df16@group-F6EC397515C5, cid=2915, SUCCESS, logIndex=4013, commits[81367453-3bf0-4298-8a83-8d5c3816df16:c4014]
2019-09-03 20:26:22,638 [grpc-default-executor-1] INFO  client.GrpcClientProtocolClient (GrpcClientProtocolClient.java:onNext(255)) - client-CB1B8AC74E59->81367453-3bf0-4298-8a83-8d5c3816df16: receive RaftClientReply:client-CB1B8AC74E59->81367453-3bf0-4298-8a83-8d5c3816df16@group-F6EC397515C5, cid=2916, SUCCESS, logIndex=4014, commits[81367453-3bf0-4298-8a83-8d5c3816df16:c4014]
2019-09-03 20:26:22,714 [SCMBlockDeletingService#1] DEBUG block.SCMBlockDeletingService (SCMBlockDeletingService.java:call(138)) - Running DeletedBlockTransactionScanner
2019-09-03 20:26:22,714 [SCMBlockDeletingService#1] DEBUG block.SCMBlockDeletingService (SCMBlockDeletingService.java:call(155)) - Scanned deleted blocks log and got 0 delTX to process.
2019-09-03 20:26:22,779 [grpc-default-executor-1] INFO  client.GrpcClientProtocolClient (GrpcClientProtocolClient.java:onNext(255)) - client-CB1B8AC74E59->81367453-3bf0-4298-8a83-8d5c3816df16: receive RaftClientReply:client-CB1B8AC74E59->81367453-3bf0-4298-8a83-8d5c3816df16@group-F6EC397515C5, cid=2917, SUCCESS, logIndex=4016, commits[81367453-3bf0-4298-8a83-8d5c3816df16:c4017]
2019-09-03 20:26:22,779 [grpc-default-executor-1] INFO  client.GrpcClientProtocolClient (GrpcClientProtocolClient.java:onNext(255)) - client-CB1B8AC74E59->81367453-3bf0-4298-8a83-8d5c3816df16: receive RaftClientReply:client-CB1B8AC74E59->81367453-3bf0-4298-8a83-8d5c3816df16@group-F6EC397515C5, cid=2918, SUCCESS, logIndex=4017, commits[81367453-3bf0-4298-8a83-8d5c3816df16:c4017]
2019-09-03 20:26:22,785 [grpc-default-executor-1] INFO  client.GrpcClientProtocolClient (GrpcClientProtocolClient.java:onNext(255)) - client-CB1B8AC74E59->81367453-3bf0-4298-8a83-8d5c3816df16: receive RaftClientReply:client-CB1B8AC74E59->81367453-3bf0-4298-8a83-8d5c3816df16@group-F6EC397515C5, cid=2919, SUCCESS, logIndex=4018, commits[81367453-3bf0-4298-8a83-8d5c3816df16:c4019]
2019-09-03 20:26:22,785 [grpc-default-executor-1] INFO  client.GrpcClientProtocolClient (GrpcClientProtocolClient.java:onNext(255)) - client-CB1B8AC74E59->81367453-3bf0-4298-8a83-8d5c3816df16: receive RaftClientReply:client-CB1B8AC74E59->81367453-3bf0-4298-8a83-8d5c3816df16@group-F6EC397515C5, cid=2920, SUCCESS, logIndex=4019, commits[81367453-3bf0-4298-8a83-8d5c3816df16:c4019]
2019-09-03 20:26:22,815 [SCMBlockDeletingService#1] DEBUG block.SCMBlockDeletingService (SCMBlockDeletingService.java:call(138)) - Running DeletedBlockTransactionScanner
2019-09-03 20:26:22,815 [SCMBlockDeletingService#1] DEBUG block.SCMBlockDeletingService (SCMBlockDeletingService.java:call(155)) - Scanned deleted blocks log and got 0 delTX to process.
2019-09-03 20:26:22,817 [grpc-default-executor-1] INFO  client.GrpcClientProtocolClient (GrpcClientProtocolClient.java:onNext(255)) - client-CB1B8AC74E59->81367453-3bf0-4298-8a83-8d5c3816df16: receive RaftClientReply:client-CB1B8AC74E59->81367453-3bf0-4298-8a83-8d5c3816df16@group-F6EC397515C5, cid=2921, SUCCESS, logIndex=4022, commits[81367453-3bf0-4298-8a83-8d5c3816df16:c4023]
2019-09-03 20:26:22,818 [grpc-default-executor-1] INFO  client.GrpcClientProtocolClient (GrpcClientProtocolClient.java:onNext(255)) - client-CB1B8AC74E59->81367453-3bf0-4298-8a83-8d5c3816df16: receive RaftClientReply:client-CB1B8AC74E59->81367453-3bf0-4298-8a83-8d5c3816df16@group-F6EC397515C5, cid=2922, SUCCESS, logIndex=4023, commits[81367453-3bf0-4298-8a83-8d5c3816df16:c4023]
2019-09-03 20:26:22,824 [grpc-default-executor-1] INFO  client.GrpcClientProtocolClient (GrpcClientProtocolClient.java:onNext(255)) - client-CB1B8AC74E59->81367453-3bf0-4298-8a83-8d5c3816df16: receive RaftClientReply:client-CB1B8AC74E59->81367453-3bf0-4298-8a83-8d5c3816df16@group-F6EC397515C5, cid=2923, SUCCESS, logIndex=4024, commits[81367453-3bf0-4298-8a83-8d5c3816df16:c4025]
2019-09-03 20:26:22,825 [grpc-default-executor-1] INFO  client.GrpcClientProtocolClient (GrpcClientProtocolClient.java:onNext(255)) - client-CB1B8AC74E59->81367453-3bf0-4298-8a83-8d5c3816df16: receive RaftClientReply:client-CB1B8AC74E59->81367453-3bf0-4298-8a83-8d5c3816df16@group-F6EC397515C5, cid=2924, SUCCESS, logIndex=4025, commits[81367453-3bf0-4298-8a83-8d5c3816df16:c4025]
2019-09-03 20:26:22,842 [grpc-default-executor-1] INFO  client.GrpcClientProtocolClient (GrpcClientProtocolClient.java:onNext(255)) - client-CB1B8AC74E59->81367453-3bf0-4298-8a83-8d5c3816df16: receive RaftClientReply:client-CB1B8AC74E59->81367453-3bf0-4298-8a83-8d5c3816df16@group-F6EC397515C5, cid=2925, SUCCESS, logIndex=4028, commits[81367453-3bf0-4298-8a83-8d5c3816df16:c4031]
2019-09-03 20:26:22,842 [grpc-default-executor-1] INFO  client.GrpcClientProtocolClient (GrpcClientProtocolClient.java:onNext(255)) - client-CB1B8AC74E59->81367453-3bf0-4298-8a83-8d5c3816df16: receive RaftClientReply:client-CB1B8AC74E59->81367453-3bf0-4298-8a83-8d5c3816df16@group-F6EC397515C5, cid=2926, SUCCESS, logIndex=4029, commits[81367453-3bf0-4298-8a83-8d5c3816df16:c4031]
2019-09-03 20:26:22,843 [grpc-default-executor-1] INFO  client.GrpcClientProtocolClient (GrpcClientProtocolClient.java:onNext(255)) - client-CB1B8AC74E59->81367453-3bf0-4298-8a83-8d5c3816df16: receive RaftClientReply:client-CB1B8AC74E59->81367453-3bf0-4298-8a83-8d5c3816df16@group-F6EC397515C5, cid=2927, SUCCESS, logIndex=4030, commits[81367453-3bf0-4298-8a83-8d5c3816df16:c4031]
2019-09-03 20:26:22,843 [grpc-default-executor-1] INFO  client.GrpcClientProtocolClient (GrpcClientProtocolClient.java:onNext(255)) - client-CB1B8AC74E59->81367453-3bf0-4298-8a83-8d5c3816df16: receive RaftClientReply:client-CB1B8AC74E59->81367453-3bf0-4298-8a83-8d5c3816df16@group-F6EC397515C5, cid=2928, SUCCESS, logIndex=4031, commits[81367453-3bf0-4298-8a83-8d5c3816df16:c4031]
2019-09-03 20:26:22,877 [grpc-default-executor-1] INFO  client.GrpcClientProtocolClient (GrpcClientProtocolClient.java:onNext(255)) - client-CB1B8AC74E59->81367453-3bf0-4298-8a83-8d5c3816df16: receive RaftClientReply:client-CB1B8AC74E59->81367453-3bf0-4298-8a83-8d5c3816df16@group-F6EC397515C5, cid=2929, SUCCESS, logIndex=4033, commits[81367453-3bf0-4298-8a83-8d5c3816df16:c4036]
2019-09-03 20:26:22,877 [grpc-default-executor-1] INFO  client.GrpcClientProtocolClient (GrpcClientProtocolClient.java:onNext(255)) - client-CB1B8AC74E59->81367453-3bf0-4298-8a83-8d5c3816df16: receive RaftClientReply:client-CB1B8AC74E59->81367453-3bf0-4298-8a83-8d5c3816df16@group-F6EC397515C5, cid=2930, SUCCESS, logIndex=4034, commits[81367453-3bf0-4298-8a83-8d5c3816df16:c4036]
2019-09-03 20:26:22,878 [grpc-default-executor-1] INFO  client.GrpcClientProtocolClient (GrpcClientProtocolClient.java:onNext(255)) - client-CB1B8AC74E59->81367453-3bf0-4298-8a83-8d5c3816df16: receive RaftClientReply:client-CB1B8AC74E59->81367453-3bf0-4298-8a83-8d5c3816df16@group-F6EC397515C5, cid=2931, SUCCESS, logIndex=4035, commits[81367453-3bf0-4298-8a83-8d5c3816df16:c4036]
2019-09-03 20:26:22,878 [grpc-default-executor-1] INFO  client.GrpcClientProtocolClient (GrpcClientProtocolClient.java:onNext(255)) - client-CB1B8AC74E59->81367453-3bf0-4298-8a83-8d5c3816df16: receive RaftClientReply:client-CB1B8AC74E59->81367453-3bf0-4298-8a83-8d5c3816df16@group-F6EC397515C5, cid=2932, SUCCESS, logIndex=4036, commits[81367453-3bf0-4298-8a83-8d5c3816df16:c4036]
2019-09-03 20:26:22,892 [grpc-default-executor-1] INFO  client.GrpcClientProtocolClient (GrpcClientProtocolClient.java:onNext(255)) - client-CB1B8AC74E59->81367453-3bf0-4298-8a83-8d5c3816df16: receive RaftClientReply:client-CB1B8AC74E59->81367453-3bf0-4298-8a83-8d5c3816df16@group-F6EC397515C5, cid=2933, SUCCESS, logIndex=4038, commits[81367453-3bf0-4298-8a83-8d5c3816df16:c4039]
2019-09-03 20:26:22,893 [grpc-default-executor-1] INFO  client.GrpcClientProtocolClient (GrpcClientProtocolClient.java:onNext(255)) - client-CB1B8AC74E59->81367453-3bf0-4298-8a83-8d5c3816df16: receive RaftClientReply:client-CB1B8AC74E59->81367453-3bf0-4298-8a83-8d5c3816df16@group-F6EC397515C5, cid=2934, SUCCESS, logIndex=4039, commits[81367453-3bf0-4298-8a83-8d5c3816df16:c4039]
2019-09-03 20:26:22,915 [SCMBlockDeletingService#1] DEBUG block.SCMBlockDeletingService (SCMBlockDeletingService.java:call(138)) - Running DeletedBlockTransactionScanner
2019-09-03 20:26:22,916 [SCMBlockDeletingService#1] DEBUG block.SCMBlockDeletingService (SCMBlockDeletingService.java:call(155)) - Scanned deleted blocks log and got 0 delTX to process.
2019-09-03 20:26:22,924 [grpc-default-executor-1] INFO  client.GrpcClientProtocolClient (GrpcClientProtocolClient.java:onNext(255)) - client-CB1B8AC74E59->81367453-3bf0-4298-8a83-8d5c3816df16: receive RaftClientReply:client-CB1B8AC74E59->81367453-3bf0-4298-8a83-8d5c3816df16@group-F6EC397515C5, cid=2935, SUCCESS, logIndex=4040, commits[81367453-3bf0-4298-8a83-8d5c3816df16:c4042]
2019-09-03 20:26:22,925 [grpc-default-executor-1] INFO  client.GrpcClientProtocolClient (GrpcClientProtocolClient.java:onNext(255)) - client-CB1B8AC74E59->81367453-3bf0-4298-8a83-8d5c3816df16: receive RaftClientReply:client-CB1B8AC74E59->81367453-3bf0-4298-8a83-8d5c3816df16@group-F6EC397515C5, cid=2936, SUCCESS, logIndex=4041, commits[81367453-3bf0-4298-8a83-8d5c3816df16:c4042]
2019-09-03 20:26:22,957 [grpc-default-executor-1] INFO  client.GrpcClientProtocolClient (GrpcClientProtocolClient.java:onNext(255)) - client-CB1B8AC74E59->81367453-3bf0-4298-8a83-8d5c3816df16: receive RaftClientReply:client-CB1B8AC74E59->81367453-3bf0-4298-8a83-8d5c3816df16@group-F6EC397515C5, cid=2937, SUCCESS, logIndex=4043, commits[81367453-3bf0-4298-8a83-8d5c3816df16:c4046]
2019-09-03 20:26:22,958 [grpc-default-executor-1] INFO  client.GrpcClientProtocolClient (GrpcClientProtocolClient.java:onNext(255)) - client-CB1B8AC74E59->81367453-3bf0-4298-8a83-8d5c3816df16: receive RaftClientReply:client-CB1B8AC74E59->81367453-3bf0-4298-8a83-8d5c3816df16@group-F6EC397515C5, cid=2938, SUCCESS, logIndex=4044, commits[81367453-3bf0-4298-8a83-8d5c3816df16:c4046]
2019-09-03 20:26:22,958 [grpc-default-executor-1] INFO  client.GrpcClientProtocolClient (GrpcClientProtocolClient.java:onNext(255)) - client-CB1B8AC74E59->81367453-3bf0-4298-8a83-8d5c3816df16: receive RaftClientReply:client-CB1B8AC74E59->81367453-3bf0-4298-8a83-8d5c3816df16@group-F6EC397515C5, cid=2939, SUCCESS, logIndex=4045, commits[81367453-3bf0-4298-8a83-8d5c3816df16:c4047]
2019-09-03 20:26:22,958 [grpc-default-executor-1] INFO  client.GrpcClientProtocolClient (GrpcClientProtocolClient.java:onNext(255)) - client-CB1B8AC74E59->81367453-3bf0-4298-8a83-8d5c3816df16: receive RaftClientReply:client-CB1B8AC74E59->81367453-3bf0-4298-8a83-8d5c3816df16@group-F6EC397515C5, cid=2940, SUCCESS, logIndex=4046, commits[81367453-3bf0-4298-8a83-8d5c3816df16:c4047]
2019-09-03 20:26:22,979 [grpc-default-executor-2] INFO  client.GrpcClientProtocolClient (GrpcClientProtocolClient.java:onNext(255)) - client-CB1B8AC74E59->81367453-3bf0-4298-8a83-8d5c3816df16: receive RaftClientReply:client-CB1B8AC74E59->81367453-3bf0-4298-8a83-8d5c3816df16@group-F6EC397515C5, cid=2941, SUCCESS, logIndex=4048, commits[81367453-3bf0-4298-8a83-8d5c3816df16:c4049]
2019-09-03 20:26:22,980 [grpc-default-executor-2] INFO  client.GrpcClientProtocolClient (GrpcClientProtocolClient.java:onNext(255)) - client-CB1B8AC74E59->81367453-3bf0-4298-8a83-8d5c3816df16: receive RaftClientReply:client-CB1B8AC74E59->81367453-3bf0-4298-8a83-8d5c3816df16@group-F6EC397515C5, cid=2942, SUCCESS, logIndex=4049, commits[81367453-3bf0-4298-8a83-8d5c3816df16:c4049]
2019-09-03 20:26:22,993 [grpc-default-executor-2] INFO  client.GrpcClientProtocolClient (GrpcClientProtocolClient.java:onNext(255)) - client-CB1B8AC74E59->81367453-3bf0-4298-8a83-8d5c3816df16: receive RaftClientReply:client-CB1B8AC74E59->81367453-3bf0-4298-8a83-8d5c3816df16@group-F6EC397515C5, cid=2943, SUCCESS, logIndex=4050, commits[81367453-3bf0-4298-8a83-8d5c3816df16:c4051]
2019-09-03 20:26:22,993 [grpc-default-executor-2] INFO  client.GrpcClientProtocolClient (GrpcClientProtocolClient.java:onNext(255)) - client-CB1B8AC74E59->81367453-3bf0-4298-8a83-8d5c3816df16: receive RaftClientReply:client-CB1B8AC74E59->81367453-3bf0-4298-8a83-8d5c3816df16@group-F6EC397515C5, cid=2944, SUCCESS, logIndex=4051, commits[81367453-3bf0-4298-8a83-8d5c3816df16:c4051]
2019-09-03 20:26:23,016 [SCMBlockDeletingService#1] DEBUG block.SCMBlockDeletingService (SCMBlockDeletingService.java:call(138)) - Running DeletedBlockTransactionScanner
2019-09-03 20:26:23,016 [SCMBlockDeletingService#1] DEBUG block.SCMBlockDeletingService (SCMBlockDeletingService.java:call(155)) - Scanned deleted blocks log and got 0 delTX to process.
2019-09-03 20:26:23,033 [grpc-default-executor-1] INFO  client.GrpcClientProtocolClient (GrpcClientProtocolClient.java:onNext(255)) - client-CB1B8AC74E59->81367453-3bf0-4298-8a83-8d5c3816df16: receive RaftClientReply:client-CB1B8AC74E59->81367453-3bf0-4298-8a83-8d5c3816df16@group-F6EC397515C5, cid=2945, SUCCESS, logIndex=4054, commits[81367453-3bf0-4298-8a83-8d5c3816df16:c4057]
2019-09-03 20:26:23,034 [grpc-default-executor-1] INFO  client.GrpcClientProtocolClient (GrpcClientProtocolClient.java:onNext(255)) - client-CB1B8AC74E59->81367453-3bf0-4298-8a83-8d5c3816df16: receive RaftClientReply:client-CB1B8AC74E59->81367453-3bf0-4298-8a83-8d5c3816df16@group-F6EC397515C5, cid=2946, SUCCESS, logIndex=4055, commits[81367453-3bf0-4298-8a83-8d5c3816df16:c4057]
2019-09-03 20:26:23,034 [grpc-default-executor-1] INFO  client.GrpcClientProtocolClient (GrpcClientProtocolClient.java:onNext(255)) - client-CB1B8AC74E59->81367453-3bf0-4298-8a83-8d5c3816df16: receive RaftClientReply:client-CB1B8AC74E59->81367453-3bf0-4298-8a83-8d5c3816df16@group-F6EC397515C5, cid=2947, SUCCESS, logIndex=4056, commits[81367453-3bf0-4298-8a83-8d5c3816df16:c4058]
2019-09-03 20:26:23,035 [grpc-default-executor-1] INFO  client.GrpcClientProtocolClient (GrpcClientProtocolClient.java:onNext(255)) - client-CB1B8AC74E59->81367453-3bf0-4298-8a83-8d5c3816df16: receive RaftClientReply:client-CB1B8AC74E59->81367453-3bf0-4298-8a83-8d5c3816df16@group-F6EC397515C5, cid=2948, SUCCESS, logIndex=4057, commits[81367453-3bf0-4298-8a83-8d5c3816df16:c4058]
2019-09-03 20:26:23,063 [grpc-default-executor-1] INFO  client.GrpcClientProtocolClient (GrpcClientProtocolClient.java:onNext(255)) - client-CB1B8AC74E59->81367453-3bf0-4298-8a83-8d5c3816df16: receive RaftClientReply:client-CB1B8AC74E59->81367453-3bf0-4298-8a83-8d5c3816df16@group-F6EC397515C5, cid=2949, SUCCESS, logIndex=4059, commits[81367453-3bf0-4298-8a83-8d5c3816df16:c4060]
2019-09-03 20:26:23,063 [grpc-default-executor-1] INFO  client.GrpcClientProtocolClient (GrpcClientProtocolClient.java:onNext(255)) - client-CB1B8AC74E59->81367453-3bf0-4298-8a83-8d5c3816df16: receive RaftClientReply:client-CB1B8AC74E59->81367453-3bf0-4298-8a83-8d5c3816df16@group-F6EC397515C5, cid=2950, SUCCESS, logIndex=4060, commits[81367453-3bf0-4298-8a83-8d5c3816df16:c4060]
2019-09-03 20:26:23,064 [grpc-default-executor-1] INFO  client.GrpcClientProtocolClient (GrpcClientProtocolClient.java:onNext(255)) - client-CB1B8AC74E59->81367453-3bf0-4298-8a83-8d5c3816df16: receive RaftClientReply:client-CB1B8AC74E59->81367453-3bf0-4298-8a83-8d5c3816df16@group-F6EC397515C5, cid=2951, SUCCESS, logIndex=4061, commits[81367453-3bf0-4298-8a83-8d5c3816df16:c4062]
2019-09-03 20:26:23,064 [grpc-default-executor-1] INFO  client.GrpcClientProtocolClient (GrpcClientProtocolClient.java:onNext(255)) - client-CB1B8AC74E59->81367453-3bf0-4298-8a83-8d5c3816df16: receive RaftClientReply:client-CB1B8AC74E59->81367453-3bf0-4298-8a83-8d5c3816df16@group-F6EC397515C5, cid=2952, SUCCESS, logIndex=4062, commits[81367453-3bf0-4298-8a83-8d5c3816df16:c4062]
2019-09-03 20:26:23,113 [grpc-default-executor-1] INFO  client.GrpcClientProtocolClient (GrpcClientProtocolClient.java:onNext(255)) - client-CB1B8AC74E59->81367453-3bf0-4298-8a83-8d5c3816df16: receive RaftClientReply:client-CB1B8AC74E59->81367453-3bf0-4298-8a83-8d5c3816df16@group-F6EC397515C5, cid=2953, SUCCESS, logIndex=4065, commits[81367453-3bf0-4298-8a83-8d5c3816df16:c4066]
2019-09-03 20:26:23,114 [grpc-default-executor-1] INFO  client.GrpcClientProtocolClient (GrpcClientProtocolClient.java:onNext(255)) - client-CB1B8AC74E59->81367453-3bf0-4298-8a83-8d5c3816df16: receive RaftClientReply:client-CB1B8AC74E59->81367453-3bf0-4298-8a83-8d5c3816df16@group-F6EC397515C5, cid=2954, SUCCESS, logIndex=4066, commits[81367453-3bf0-4298-8a83-8d5c3816df16:c4068]
2019-09-03 20:26:23,114 [grpc-default-executor-1] INFO  client.GrpcClientProtocolClient (GrpcClientProtocolClient.java:onNext(255)) - client-CB1B8AC74E59->81367453-3bf0-4298-8a83-8d5c3816df16: receive RaftClientReply:client-CB1B8AC74E59->81367453-3bf0-4298-8a83-8d5c3816df16@group-F6EC397515C5, cid=2955, SUCCESS, logIndex=4067, commits[81367453-3bf0-4298-8a83-8d5c3816df16:c4068]
2019-09-03 20:26:23,115 [grpc-default-executor-1] INFO  client.GrpcClientProtocolClient (GrpcClientProtocolClient.java:onNext(255)) - client-CB1B8AC74E59->81367453-3bf0-4298-8a83-8d5c3816df16: receive RaftClientReply:client-CB1B8AC74E59->81367453-3bf0-4298-8a83-8d5c3816df16@group-F6EC397515C5, cid=2956, SUCCESS, logIndex=4068, commits[81367453-3bf0-4298-8a83-8d5c3816df16:c4068]
2019-09-03 20:26:23,116 [SCMBlockDeletingService#1] DEBUG block.SCMBlockDeletingService (SCMBlockDeletingService.java:call(138)) - Running DeletedBlockTransactionScanner
2019-09-03 20:26:23,117 [SCMBlockDeletingService#1] DEBUG block.SCMBlockDeletingService (SCMBlockDeletingService.java:call(155)) - Scanned deleted blocks log and got 0 delTX to process.
2019-09-03 20:26:23,144 [grpc-default-executor-1] INFO  client.GrpcClientProtocolClient (GrpcClientProtocolClient.java:onNext(255)) - client-CB1B8AC74E59->81367453-3bf0-4298-8a83-8d5c3816df16: receive RaftClientReply:client-CB1B8AC74E59->81367453-3bf0-4298-8a83-8d5c3816df16@group-F6EC397515C5, cid=2957, SUCCESS, logIndex=4071, commits[81367453-3bf0-4298-8a83-8d5c3816df16:c4074]
2019-09-03 20:26:23,145 [grpc-default-executor-1] INFO  client.GrpcClientProtocolClient (GrpcClientProtocolClient.java:onNext(255)) - client-CB1B8AC74E59->81367453-3bf0-4298-8a83-8d5c3816df16: receive RaftClientReply:client-CB1B8AC74E59->81367453-3bf0-4298-8a83-8d5c3816df16@group-F6EC397515C5, cid=2958, SUCCESS, logIndex=4072, commits[81367453-3bf0-4298-8a83-8d5c3816df16:c4074]
2019-09-03 20:26:23,145 [grpc-default-executor-1] INFO  client.GrpcClientProtocolClient (GrpcClientProtocolClient.java:onNext(255)) - client-CB1B8AC74E59->81367453-3bf0-4298-8a83-8d5c3816df16: receive RaftClientReply:client-CB1B8AC74E59->81367453-3bf0-4298-8a83-8d5c3816df16@group-F6EC397515C5, cid=2959, SUCCESS, logIndex=4073, commits[81367453-3bf0-4298-8a83-8d5c3816df16:c4075]
2019-09-03 20:26:23,145 [grpc-default-executor-1] INFO  client.GrpcClientProtocolClient (GrpcClientProtocolClient.java:onNext(255)) - client-CB1B8AC74E59->81367453-3bf0-4298-8a83-8d5c3816df16: receive RaftClientReply:client-CB1B8AC74E59->81367453-3bf0-4298-8a83-8d5c3816df16@group-F6EC397515C5, cid=2960, SUCCESS, logIndex=4074, commits[81367453-3bf0-4298-8a83-8d5c3816df16:c4075]
2019-09-03 20:26:23,304 [SCMBlockDeletingService#1] DEBUG block.SCMBlockDeletingService (SCMBlockDeletingService.java:call(138)) - Running DeletedBlockTransactionScanner
2019-09-03 20:26:23,305 [SCMBlockDeletingService#1] DEBUG block.SCMBlockDeletingService (SCMBlockDeletingService.java:call(155)) - Scanned deleted blocks log and got 0 delTX to process.
2019-09-03 20:26:23,405 [SCMBlockDeletingService#1] DEBUG block.SCMBlockDeletingService (SCMBlockDeletingService.java:call(138)) - Running DeletedBlockTransactionScanner
2019-09-03 20:26:23,406 [SCMBlockDeletingService#1] DEBUG block.SCMBlockDeletingService (SCMBlockDeletingService.java:call(155)) - Scanned deleted blocks log and got 0 delTX to process.
2019-09-03 20:26:23,455 [grpc-default-executor-1] INFO  client.GrpcClientProtocolClient (GrpcClientProtocolClient.java:onNext(255)) - client-CB1B8AC74E59->81367453-3bf0-4298-8a83-8d5c3816df16: receive RaftClientReply:client-CB1B8AC74E59->81367453-3bf0-4298-8a83-8d5c3816df16@group-F6EC397515C5, cid=2961, SUCCESS, logIndex=4076, commits[81367453-3bf0-4298-8a83-8d5c3816df16:c4079]
2019-09-03 20:26:23,456 [grpc-default-executor-1] INFO  client.GrpcClientProtocolClient (GrpcClientProtocolClient.java:onNext(255)) - client-CB1B8AC74E59->81367453-3bf0-4298-8a83-8d5c3816df16: receive RaftClientReply:client-CB1B8AC74E59->81367453-3bf0-4298-8a83-8d5c3816df16@group-F6EC397515C5, cid=2962, SUCCESS, logIndex=4077, commits[81367453-3bf0-4298-8a83-8d5c3816df16:c4079]
2019-09-03 20:26:23,456 [grpc-default-executor-1] INFO  client.GrpcClientProtocolClient (GrpcClientProtocolClient.java:onNext(255)) - client-CB1B8AC74E59->81367453-3bf0-4298-8a83-8d5c3816df16: receive RaftClientReply:client-CB1B8AC74E59->81367453-3bf0-4298-8a83-8d5c3816df16@group-F6EC397515C5, cid=2963, SUCCESS, logIndex=4078, commits[81367453-3bf0-4298-8a83-8d5c3816df16:c4079]
2019-09-03 20:26:23,456 [grpc-default-executor-1] INFO  client.GrpcClientProtocolClient (GrpcClientProtocolClient.java:onNext(255)) - client-CB1B8AC74E59->81367453-3bf0-4298-8a83-8d5c3816df16: receive RaftClientReply:client-CB1B8AC74E59->81367453-3bf0-4298-8a83-8d5c3816df16@group-F6EC397515C5, cid=2964, SUCCESS, logIndex=4079, commits[81367453-3bf0-4298-8a83-8d5c3816df16:c4079]
2019-09-03 20:26:23,506 [SCMBlockDeletingService#0] DEBUG block.SCMBlockDeletingService (SCMBlockDeletingService.java:call(138)) - Running DeletedBlockTransactionScanner
2019-09-03 20:26:23,506 [SCMBlockDeletingService#0] DEBUG block.SCMBlockDeletingService (SCMBlockDeletingService.java:call(155)) - Scanned deleted blocks log and got 0 delTX to process.
2019-09-03 20:26:23,599 [grpc-default-executor-1] INFO  client.GrpcClientProtocolClient (GrpcClientProtocolClient.java:onNext(255)) - client-CB1B8AC74E59->81367453-3bf0-4298-8a83-8d5c3816df16: receive RaftClientReply:client-CB1B8AC74E59->81367453-3bf0-4298-8a83-8d5c3816df16@group-F6EC397515C5, cid=2965, SUCCESS, logIndex=4081, commits[81367453-3bf0-4298-8a83-8d5c3816df16:c4084]
2019-09-03 20:26:23,599 [grpc-default-executor-1] INFO  client.GrpcClientProtocolClient (GrpcClientProtocolClient.java:onNext(255)) - client-CB1B8AC74E59->81367453-3bf0-4298-8a83-8d5c3816df16: receive RaftClientReply:client-CB1B8AC74E59->81367453-3bf0-4298-8a83-8d5c3816df16@group-F6EC397515C5, cid=2966, SUCCESS, logIndex=4082, commits[81367453-3bf0-4298-8a83-8d5c3816df16:c4085]
2019-09-03 20:26:23,600 [grpc-default-executor-1] INFO  client.GrpcClientProtocolClient (GrpcClientProtocolClient.java:onNext(255)) - client-CB1B8AC74E59->81367453-3bf0-4298-8a83-8d5c3816df16: receive RaftClientReply:client-CB1B8AC74E59->81367453-3bf0-4298-8a83-8d5c3816df16@group-F6EC397515C5, cid=2967, SUCCESS, logIndex=4083, commits[81367453-3bf0-4298-8a83-8d5c3816df16:c4085]
2019-09-03 20:26:23,600 [grpc-default-executor-1] INFO  client.GrpcClientProtocolClient (GrpcClientProtocolClient.java:onNext(255)) - client-CB1B8AC74E59->81367453-3bf0-4298-8a83-8d5c3816df16: receive RaftClientReply:client-CB1B8AC74E59->81367453-3bf0-4298-8a83-8d5c3816df16@group-F6EC397515C5, cid=2968, SUCCESS, logIndex=4084, commits[81367453-3bf0-4298-8a83-8d5c3816df16:c4085]
2019-09-03 20:26:23,607 [SCMBlockDeletingService#0] DEBUG block.SCMBlockDeletingService (SCMBlockDeletingService.java:call(138)) - Running DeletedBlockTransactionScanner
2019-09-03 20:26:23,607 [SCMBlockDeletingService#0] DEBUG block.SCMBlockDeletingService (SCMBlockDeletingService.java:call(155)) - Scanned deleted blocks log and got 0 delTX to process.
2019-09-03 20:26:23,627 [grpc-default-executor-2] INFO  client.GrpcClientProtocolClient (GrpcClientProtocolClient.java:onNext(255)) - client-CB1B8AC74E59->81367453-3bf0-4298-8a83-8d5c3816df16: receive RaftClientReply:client-CB1B8AC74E59->81367453-3bf0-4298-8a83-8d5c3816df16@group-F6EC397515C5, cid=2969, SUCCESS, logIndex=4086, commits[81367453-3bf0-4298-8a83-8d5c3816df16:c4089]
2019-09-03 20:26:23,627 [grpc-default-executor-2] INFO  client.GrpcClientProtocolClient (GrpcClientProtocolClient.java:onNext(255)) - client-CB1B8AC74E59->81367453-3bf0-4298-8a83-8d5c3816df16: receive RaftClientReply:client-CB1B8AC74E59->81367453-3bf0-4298-8a83-8d5c3816df16@group-F6EC397515C5, cid=2970, SUCCESS, logIndex=4087, commits[81367453-3bf0-4298-8a83-8d5c3816df16:c4090]
2019-09-03 20:26:23,627 [grpc-default-executor-2] INFO  client.GrpcClientProtocolClient (GrpcClientProtocolClient.java:onNext(255)) - client-CB1B8AC74E59->81367453-3bf0-4298-8a83-8d5c3816df16: receive RaftClientReply:client-CB1B8AC74E59->81367453-3bf0-4298-8a83-8d5c3816df16@group-F6EC397515C5, cid=2971, SUCCESS, logIndex=4088, commits[81367453-3bf0-4298-8a83-8d5c3816df16:c4090]
2019-09-03 20:26:23,628 [grpc-default-executor-2] INFO  client.GrpcClientProtocolClient (GrpcClientProtocolClient.java:onNext(255)) - client-CB1B8AC74E59->81367453-3bf0-4298-8a83-8d5c3816df16: receive RaftClientReply:client-CB1B8AC74E59->81367453-3bf0-4298-8a83-8d5c3816df16@group-F6EC397515C5, cid=2972, SUCCESS, logIndex=4089, commits[81367453-3bf0-4298-8a83-8d5c3816df16:c4090]
2019-09-03 20:26:23,642 [grpc-default-executor-2] INFO  client.GrpcClientProtocolClient (GrpcClientProtocolClient.java:onNext(255)) - client-CB1B8AC74E59->81367453-3bf0-4298-8a83-8d5c3816df16: receive RaftClientReply:client-CB1B8AC74E59->81367453-3bf0-4298-8a83-8d5c3816df16@group-F6EC397515C5, cid=2973, SUCCESS, logIndex=4091, commits[81367453-3bf0-4298-8a83-8d5c3816df16:c4092]
2019-09-03 20:26:23,642 [grpc-default-executor-2] INFO  client.GrpcClientProtocolClient (GrpcClientProtocolClient.java:onNext(255)) - client-CB1B8AC74E59->81367453-3bf0-4298-8a83-8d5c3816df16: receive RaftClientReply:client-CB1B8AC74E59->81367453-3bf0-4298-8a83-8d5c3816df16@group-F6EC397515C5, cid=2974, SUCCESS, logIndex=4092, commits[81367453-3bf0-4298-8a83-8d5c3816df16:c4094]
2019-09-03 20:26:23,643 [grpc-default-executor-2] INFO  client.GrpcClientProtocolClient (GrpcClientProtocolClient.java:onNext(255)) - client-CB1B8AC74E59->81367453-3bf0-4298-8a83-8d5c3816df16: receive RaftClientReply:client-CB1B8AC74E59->81367453-3bf0-4298-8a83-8d5c3816df16@group-F6EC397515C5, cid=2975, SUCCESS, logIndex=4093, commits[81367453-3bf0-4298-8a83-8d5c3816df16:c4094]
2019-09-03 20:26:23,643 [grpc-default-executor-2] INFO  client.GrpcClientProtocolClient (GrpcClientProtocolClient.java:onNext(255)) - client-CB1B8AC74E59->81367453-3bf0-4298-8a83-8d5c3816df16: receive RaftClientReply:client-CB1B8AC74E59->81367453-3bf0-4298-8a83-8d5c3816df16@group-F6EC397515C5, cid=2976, SUCCESS, logIndex=4094, commits[81367453-3bf0-4298-8a83-8d5c3816df16:c4095]
2019-09-03 20:26:23,674 [grpc-default-executor-2] INFO  client.GrpcClientProtocolClient (GrpcClientProtocolClient.java:onNext(255)) - client-CB1B8AC74E59->81367453-3bf0-4298-8a83-8d5c3816df16: receive RaftClientReply:client-CB1B8AC74E59->81367453-3bf0-4298-8a83-8d5c3816df16@group-F6EC397515C5, cid=2977, SUCCESS, logIndex=4097, commits[81367453-3bf0-4298-8a83-8d5c3816df16:c4100]
2019-09-03 20:26:23,675 [grpc-default-executor-2] INFO  client.GrpcClientProtocolClient (GrpcClientProtocolClient.java:onNext(255)) - client-CB1B8AC74E59->81367453-3bf0-4298-8a83-8d5c3816df16: receive RaftClientReply:client-CB1B8AC74E59->81367453-3bf0-4298-8a83-8d5c3816df16@group-F6EC397515C5, cid=2978, SUCCESS, logIndex=4098, commits[81367453-3bf0-4298-8a83-8d5c3816df16:c4100]
2019-09-03 20:26:23,676 [grpc-default-executor-2] INFO  client.GrpcClientProtocolClient (GrpcClientProtocolClient.java:onNext(255)) - client-CB1B8AC74E59->81367453-3bf0-4298-8a83-8d5c3816df16: receive RaftClientReply:client-CB1B8AC74E59->81367453-3bf0-4298-8a83-8d5c3816df16@group-F6EC397515C5, cid=2979, SUCCESS, logIndex=4099, commits[81367453-3bf0-4298-8a83-8d5c3816df16:c4100]
2019-09-03 20:26:23,676 [grpc-default-executor-2] INFO  client.GrpcClientProtocolClient (GrpcClientProtocolClient.java:onNext(255)) - client-CB1B8AC74E59->81367453-3bf0-4298-8a83-8d5c3816df16: receive RaftClientReply:client-CB1B8AC74E59->81367453-3bf0-4298-8a83-8d5c3816df16@group-F6EC397515C5, cid=2980, SUCCESS, logIndex=4100, commits[81367453-3bf0-4298-8a83-8d5c3816df16:c4100]
2019-09-03 20:26:23,693 [grpc-default-executor-2] INFO  client.GrpcClientProtocolClient (GrpcClientProtocolClient.java:onNext(255)) - client-CB1B8AC74E59->81367453-3bf0-4298-8a83-8d5c3816df16: receive RaftClientReply:client-CB1B8AC74E59->81367453-3bf0-4298-8a83-8d5c3816df16@group-F6EC397515C5, cid=2981, SUCCESS, logIndex=4102, commits[81367453-3bf0-4298-8a83-8d5c3816df16:c4105]
2019-09-03 20:26:23,694 [grpc-default-executor-2] INFO  client.GrpcClientProtocolClient (GrpcClientProtocolClient.java:onNext(255)) - client-CB1B8AC74E59->81367453-3bf0-4298-8a83-8d5c3816df16: receive RaftClientReply:client-CB1B8AC74E59->81367453-3bf0-4298-8a83-8d5c3816df16@group-F6EC397515C5, cid=2982, SUCCESS, logIndex=4103, commits[81367453-3bf0-4298-8a83-8d5c3816df16:c4106]
2019-09-03 20:26:23,694 [grpc-default-executor-2] INFO  client.GrpcClientProtocolClient (GrpcClientProtocolClient.java:onNext(255)) - client-CB1B8AC74E59->81367453-3bf0-4298-8a83-8d5c3816df16: receive RaftClientReply:client-CB1B8AC74E59->81367453-3bf0-4298-8a83-8d5c3816df16@group-F6EC397515C5, cid=2983, SUCCESS, logIndex=4104, commits[81367453-3bf0-4298-8a83-8d5c3816df16:c4106]
2019-09-03 20:26:23,694 [grpc-default-executor-2] INFO  client.GrpcClientProtocolClient (GrpcClientProtocolClient.java:onNext(255)) - client-CB1B8AC74E59->81367453-3bf0-4298-8a83-8d5c3816df16: receive RaftClientReply:client-CB1B8AC74E59->81367453-3bf0-4298-8a83-8d5c3816df16@group-F6EC397515C5, cid=2984, SUCCESS, logIndex=4105, commits[81367453-3bf0-4298-8a83-8d5c3816df16:c4106]
2019-09-03 20:26:23,707 [SCMBlockDeletingService#0] DEBUG block.SCMBlockDeletingService (SCMBlockDeletingService.java:call(138)) - Running DeletedBlockTransactionScanner
2019-09-03 20:26:23,707 [SCMBlockDeletingService#0] DEBUG block.SCMBlockDeletingService (SCMBlockDeletingService.java:call(155)) - Scanned deleted blocks log and got 0 delTX to process.
2019-09-03 20:26:23,725 [grpc-default-executor-2] INFO  client.GrpcClientProtocolClient (GrpcClientProtocolClient.java:onNext(255)) - client-CB1B8AC74E59->81367453-3bf0-4298-8a83-8d5c3816df16: receive RaftClientReply:client-CB1B8AC74E59->81367453-3bf0-4298-8a83-8d5c3816df16@group-F6EC397515C5, cid=2985, SUCCESS, logIndex=4107, commits[81367453-3bf0-4298-8a83-8d5c3816df16:c4110]
2019-09-03 20:26:23,726 [grpc-default-executor-2] INFO  client.GrpcClientProtocolClient (GrpcClientProtocolClient.java:onNext(255)) - client-CB1B8AC74E59->81367453-3bf0-4298-8a83-8d5c3816df16: receive RaftClientReply:client-CB1B8AC74E59->81367453-3bf0-4298-8a83-8d5c3816df16@group-F6EC397515C5, cid=2986, SUCCESS, logIndex=4108, commits[81367453-3bf0-4298-8a83-8d5c3816df16:c4111]
2019-09-03 20:26:23,726 [grpc-default-executor-2] INFO  client.GrpcClientProtocolClient (GrpcClientProtocolClient.java:onNext(255)) - client-CB1B8AC74E59->81367453-3bf0-4298-8a83-8d5c3816df16: receive RaftClientReply:client-CB1B8AC74E59->81367453-3bf0-4298-8a83-8d5c3816df16@group-F6EC397515C5, cid=2987, SUCCESS, logIndex=4109, commits[81367453-3bf0-4298-8a83-8d5c3816df16:c4111]
2019-09-03 20:26:23,726 [grpc-default-executor-2] INFO  client.GrpcClientProtocolClient (GrpcClientProtocolClient.java:onNext(255)) - client-CB1B8AC74E59->81367453-3bf0-4298-8a83-8d5c3816df16: receive RaftClientReply:client-CB1B8AC74E59->81367453-3bf0-4298-8a83-8d5c3816df16@group-F6EC397515C5, cid=2988, SUCCESS, logIndex=4110, commits[81367453-3bf0-4298-8a83-8d5c3816df16:c4111]
2019-09-03 20:26:23,742 [grpc-default-executor-2] INFO  client.GrpcClientProtocolClient (GrpcClientProtocolClient.java:onNext(255)) - client-CB1B8AC74E59->81367453-3bf0-4298-8a83-8d5c3816df16: receive RaftClientReply:client-CB1B8AC74E59->81367453-3bf0-4298-8a83-8d5c3816df16@group-F6EC397515C5, cid=2989, SUCCESS, logIndex=4112, commits[81367453-3bf0-4298-8a83-8d5c3816df16:c4115]
2019-09-03 20:26:23,743 [grpc-default-executor-2] INFO  client.GrpcClientProtocolClient (GrpcClientProtocolClient.java:onNext(255)) - client-CB1B8AC74E59->81367453-3bf0-4298-8a83-8d5c3816df16: receive RaftClientReply:client-CB1B8AC74E59->81367453-3bf0-4298-8a83-8d5c3816df16@group-F6EC397515C5, cid=2990, SUCCESS, logIndex=4113, commits[81367453-3bf0-4298-8a83-8d5c3816df16:c4116]
2019-09-03 20:26:23,743 [grpc-default-executor-2] INFO  client.GrpcClientProtocolClient (GrpcClientProtocolClient.java:onNext(255)) - client-CB1B8AC74E59->81367453-3bf0-4298-8a83-8d5c3816df16: receive RaftClientReply:client-CB1B8AC74E59->81367453-3bf0-4298-8a83-8d5c3816df16@group-F6EC397515C5, cid=2991, SUCCESS, logIndex=4114, commits[81367453-3bf0-4298-8a83-8d5c3816df16:c4116]
2019-09-03 20:26:23,743 [grpc-default-executor-2] INFO  client.GrpcClientProtocolClient (GrpcClientProtocolClient.java:onNext(255)) - client-CB1B8AC74E59->81367453-3bf0-4298-8a83-8d5c3816df16: receive RaftClientReply:client-CB1B8AC74E59->81367453-3bf0-4298-8a83-8d5c3816df16@group-F6EC397515C5, cid=2992, SUCCESS, logIndex=4115, commits[81367453-3bf0-4298-8a83-8d5c3816df16:c4116]
2019-09-03 20:26:23,767 [grpc-default-executor-2] INFO  client.GrpcClientProtocolClient (GrpcClientProtocolClient.java:onNext(255)) - client-CB1B8AC74E59->81367453-3bf0-4298-8a83-8d5c3816df16: receive RaftClientReply:client-CB1B8AC74E59->81367453-3bf0-4298-8a83-8d5c3816df16@group-F6EC397515C5, cid=2993, SUCCESS, logIndex=4117, commits[81367453-3bf0-4298-8a83-8d5c3816df16:c4120]
2019-09-03 20:26:23,768 [grpc-default-executor-2] INFO  client.GrpcClientProtocolClient (GrpcClientProtocolClient.java:onNext(255)) - client-CB1B8AC74E59->81367453-3bf0-4298-8a83-8d5c3816df16: receive RaftClientReply:client-CB1B8AC74E59->81367453-3bf0-4298-8a83-8d5c3816df16@group-F6EC397515C5, cid=2994, SUCCESS, logIndex=4118, commits[81367453-3bf0-4298-8a83-8d5c3816df16:c4121]
2019-09-03 20:26:23,768 [grpc-default-executor-2] INFO  client.GrpcClientProtocolClient (GrpcClientProtocolClient.java:onNext(255)) - client-CB1B8AC74E59->81367453-3bf0-4298-8a83-8d5c3816df16: receive RaftClientReply:client-CB1B8AC74E59->81367453-3bf0-4298-8a83-8d5c3816df16@group-F6EC397515C5, cid=2995, SUCCESS, logIndex=4119, commits[81367453-3bf0-4298-8a83-8d5c3816df16:c4121]
2019-09-03 20:26:23,768 [grpc-default-executor-2] INFO  client.GrpcClientProtocolClient (GrpcClientProtocolClient.java:onNext(255)) - client-CB1B8AC74E59->81367453-3bf0-4298-8a83-8d5c3816df16: receive RaftClientReply:client-CB1B8AC74E59->81367453-3bf0-4298-8a83-8d5c3816df16@group-F6EC397515C5, cid=2996, SUCCESS, logIndex=4120, commits[81367453-3bf0-4298-8a83-8d5c3816df16:c4121]
2019-09-03 20:26:23,800 [grpc-default-executor-1] INFO  client.GrpcClientProtocolClient (GrpcClientProtocolClient.java:onNext(255)) - client-CB1B8AC74E59->81367453-3bf0-4298-8a83-8d5c3816df16: receive RaftClientReply:client-CB1B8AC74E59->81367453-3bf0-4298-8a83-8d5c3816df16@group-F6EC397515C5, cid=2997, SUCCESS, logIndex=4122, commits[81367453-3bf0-4298-8a83-8d5c3816df16:c4125]
2019-09-03 20:26:23,800 [grpc-default-executor-1] INFO  client.GrpcClientProtocolClient (GrpcClientProtocolClient.java:onNext(255)) - client-CB1B8AC74E59->81367453-3bf0-4298-8a83-8d5c3816df16: receive RaftClientReply:client-CB1B8AC74E59->81367453-3bf0-4298-8a83-8d5c3816df16@group-F6EC397515C5, cid=2998, SUCCESS, logIndex=4123, commits[81367453-3bf0-4298-8a83-8d5c3816df16:c4125]
2019-09-03 20:26:23,801 [grpc-default-executor-1] INFO  client.GrpcClientProtocolClient (GrpcClientProtocolClient.java:onNext(255)) - client-CB1B8AC74E59->81367453-3bf0-4298-8a83-8d5c3816df16: receive RaftClientReply:client-CB1B8AC74E59->81367453-3bf0-4298-8a83-8d5c3816df16@group-F6EC397515C5, cid=2999, SUCCESS, logIndex=4124, commits[81367453-3bf0-4298-8a83-8d5c3816df16:c4125]
2019-09-03 20:26:23,801 [grpc-default-executor-1] INFO  client.GrpcClientProtocolClient (GrpcClientProtocolClient.java:onNext(255)) - client-CB1B8AC74E59->81367453-3bf0-4298-8a83-8d5c3816df16: receive RaftClientReply:client-CB1B8AC74E59->81367453-3bf0-4298-8a83-8d5c3816df16@group-F6EC397515C5, cid=3000, SUCCESS, logIndex=4125, commits[81367453-3bf0-4298-8a83-8d5c3816df16:c4125]
2019-09-03 20:26:23,808 [SCMBlockDeletingService#0] DEBUG block.SCMBlockDeletingService (SCMBlockDeletingService.java:call(138)) - Running DeletedBlockTransactionScanner
2019-09-03 20:26:23,808 [SCMBlockDeletingService#0] DEBUG block.SCMBlockDeletingService (SCMBlockDeletingService.java:call(155)) - Scanned deleted blocks log and got 0 delTX to process.
2019-09-03 20:26:23,826 [grpc-default-executor-1] INFO  client.GrpcClientProtocolClient (GrpcClientProtocolClient.java:onNext(255)) - client-CB1B8AC74E59->81367453-3bf0-4298-8a83-8d5c3816df16: receive RaftClientReply:client-CB1B8AC74E59->81367453-3bf0-4298-8a83-8d5c3816df16@group-F6EC397515C5, cid=3001, SUCCESS, logIndex=4127, commits[81367453-3bf0-4298-8a83-8d5c3816df16:c4130]
2019-09-03 20:26:23,827 [grpc-default-executor-1] INFO  client.GrpcClientProtocolClient (GrpcClientProtocolClient.java:onNext(255)) - client-CB1B8AC74E59->81367453-3bf0-4298-8a83-8d5c3816df16: receive RaftClientReply:client-CB1B8AC74E59->81367453-3bf0-4298-8a83-8d5c3816df16@group-F6EC397515C5, cid=3002, SUCCESS, logIndex=4128, commits[81367453-3bf0-4298-8a83-8d5c3816df16:c4131]
2019-09-03 20:26:23,827 [grpc-default-executor-1] INFO  client.GrpcClientProtocolClient (GrpcClientProtocolClient.java:onNext(255)) - client-CB1B8AC74E59->81367453-3bf0-4298-8a83-8d5c3816df16: receive RaftClientReply:client-CB1B8AC74E59->81367453-3bf0-4298-8a83-8d5c3816df16@group-F6EC397515C5, cid=3003, SUCCESS, logIndex=4129, commits[81367453-3bf0-4298-8a83-8d5c3816df16:c4131]
2019-09-03 20:26:23,827 [grpc-default-executor-1] INFO  client.GrpcClientProtocolClient (GrpcClientProtocolClient.java:onNext(255)) - client-CB1B8AC74E59->81367453-3bf0-4298-8a83-8d5c3816df16: receive RaftClientReply:client-CB1B8AC74E59->81367453-3bf0-4298-8a83-8d5c3816df16@group-F6EC397515C5, cid=3004, SUCCESS, logIndex=4130, commits[81367453-3bf0-4298-8a83-8d5c3816df16:c4131]
2019-09-03 20:26:23,839 [grpc-default-executor-1] INFO  client.GrpcClientProtocolClient (GrpcClientProtocolClient.java:onNext(255)) - client-CB1B8AC74E59->81367453-3bf0-4298-8a83-8d5c3816df16: receive RaftClientReply:client-CB1B8AC74E59->81367453-3bf0-4298-8a83-8d5c3816df16@group-F6EC397515C5, cid=3005, SUCCESS, logIndex=4132, commits[81367453-3bf0-4298-8a83-8d5c3816df16:c4133]
2019-09-03 20:26:23,839 [grpc-default-executor-1] INFO  client.GrpcClientProtocolClient (GrpcClientProtocolClient.java:onNext(255)) - client-CB1B8AC74E59->81367453-3bf0-4298-8a83-8d5c3816df16: receive RaftClientReply:client-CB1B8AC74E59->81367453-3bf0-4298-8a83-8d5c3816df16@group-F6EC397515C5, cid=3006, SUCCESS, logIndex=4133, commits[81367453-3bf0-4298-8a83-8d5c3816df16:c4133]
2019-09-03 20:26:23,908 [SCMBlockDeletingService#0] DEBUG block.SCMBlockDeletingService (SCMBlockDeletingService.java:call(138)) - Running DeletedBlockTransactionScanner
2019-09-03 20:26:23,909 [SCMBlockDeletingService#0] DEBUG block.SCMBlockDeletingService (SCMBlockDeletingService.java:call(155)) - Scanned deleted blocks log and got 0 delTX to process.
2019-09-03 20:26:23,960 [grpc-default-executor-1] INFO  client.GrpcClientProtocolClient (GrpcClientProtocolClient.java:onNext(255)) - client-CB1B8AC74E59->81367453-3bf0-4298-8a83-8d5c3816df16: receive RaftClientReply:client-CB1B8AC74E59->81367453-3bf0-4298-8a83-8d5c3816df16@group-F6EC397515C5, cid=3007, SUCCESS, logIndex=4135, commits[81367453-3bf0-4298-8a83-8d5c3816df16:c4136]
2019-09-03 20:26:23,961 [grpc-default-executor-1] INFO  client.GrpcClientProtocolClient (GrpcClientProtocolClient.java:onNext(255)) - client-CB1B8AC74E59->81367453-3bf0-4298-8a83-8d5c3816df16: receive RaftClientReply:client-CB1B8AC74E59->81367453-3bf0-4298-8a83-8d5c3816df16@group-F6EC397515C5, cid=3008, SUCCESS, logIndex=4136, commits[81367453-3bf0-4298-8a83-8d5c3816df16:c4136]
2019-09-03 20:26:24,004 [grpc-default-executor-1] INFO  client.GrpcClientProtocolClient (GrpcClientProtocolClient.java:onNext(255)) - client-CB1B8AC74E59->81367453-3bf0-4298-8a83-8d5c3816df16: receive RaftClientReply:client-CB1B8AC74E59->81367453-3bf0-4298-8a83-8d5c3816df16@group-F6EC397515C5, cid=3009, SUCCESS, logIndex=4138, commits[81367453-3bf0-4298-8a83-8d5c3816df16:c4139]
2019-09-03 20:26:24,004 [grpc-default-executor-1] INFO  client.GrpcClientProtocolClient (GrpcClientProtocolClient.java:onNext(255)) - client-CB1B8AC74E59->81367453-3bf0-4298-8a83-8d5c3816df16: receive RaftClientReply:client-CB1B8AC74E59->81367453-3bf0-4298-8a83-8d5c3816df16@group-F6EC397515C5, cid=3010, SUCCESS, logIndex=4139, commits[81367453-3bf0-4298-8a83-8d5c3816df16:c4139]
2019-09-03 20:26:24,005 [grpc-default-executor-1] INFO  client.GrpcClientProtocolClient (GrpcClientProtocolClient.java:onNext(255)) - client-CB1B8AC74E59->81367453-3bf0-4298-8a83-8d5c3816df16: receive RaftClientReply:client-CB1B8AC74E59->81367453-3bf0-4298-8a83-8d5c3816df16@group-F6EC397515C5, cid=3011, SUCCESS, logIndex=4140, commits[81367453-3bf0-4298-8a83-8d5c3816df16:c4141]
2019-09-03 20:26:24,005 [grpc-default-executor-1] INFO  client.GrpcClientProtocolClient (GrpcClientProtocolClient.java:onNext(255)) - client-CB1B8AC74E59->81367453-3bf0-4298-8a83-8d5c3816df16: receive RaftClientReply:client-CB1B8AC74E59->81367453-3bf0-4298-8a83-8d5c3816df16@group-F6EC397515C5, cid=3012, SUCCESS, logIndex=4141, commits[81367453-3bf0-4298-8a83-8d5c3816df16:c4142]
2019-09-03 20:26:24,009 [SCMBlockDeletingService#0] DEBUG block.SCMBlockDeletingService (SCMBlockDeletingService.java:call(138)) - Running DeletedBlockTransactionScanner
2019-09-03 20:26:24,009 [SCMBlockDeletingService#0] DEBUG block.SCMBlockDeletingService (SCMBlockDeletingService.java:call(155)) - Scanned deleted blocks log and got 0 delTX to process.
2019-09-03 20:26:24,040 [grpc-default-executor-1] INFO  client.GrpcClientProtocolClient (GrpcClientProtocolClient.java:onNext(255)) - client-CB1B8AC74E59->81367453-3bf0-4298-8a83-8d5c3816df16: receive RaftClientReply:client-CB1B8AC74E59->81367453-3bf0-4298-8a83-8d5c3816df16@group-F6EC397515C5, cid=3013, SUCCESS, logIndex=4144, commits[81367453-3bf0-4298-8a83-8d5c3816df16:c4147]
2019-09-03 20:26:24,040 [grpc-default-executor-1] INFO  client.GrpcClientProtocolClient (GrpcClientProtocolClient.java:onNext(255)) - client-CB1B8AC74E59->81367453-3bf0-4298-8a83-8d5c3816df16: receive RaftClientReply:client-CB1B8AC74E59->81367453-3bf0-4298-8a83-8d5c3816df16@group-F6EC397515C5, cid=3014, SUCCESS, logIndex=4145, commits[81367453-3bf0-4298-8a83-8d5c3816df16:c4147]
2019-09-03 20:26:24,041 [grpc-default-executor-1] INFO  client.GrpcClientProtocolClient (GrpcClientProtocolClient.java:onNext(255)) - client-CB1B8AC74E59->81367453-3bf0-4298-8a83-8d5c3816df16: receive RaftClientReply:client-CB1B8AC74E59->81367453-3bf0-4298-8a83-8d5c3816df16@group-F6EC397515C5, cid=3015, SUCCESS, logIndex=4146, commits[81367453-3bf0-4298-8a83-8d5c3816df16:c4147]
2019-09-03 20:26:24,041 [grpc-default-executor-1] INFO  client.GrpcClientProtocolClient (GrpcClientProtocolClient.java:onNext(255)) - client-CB1B8AC74E59->81367453-3bf0-4298-8a83-8d5c3816df16: receive RaftClientReply:client-CB1B8AC74E59->81367453-3bf0-4298-8a83-8d5c3816df16@group-F6EC397515C5, cid=3016, SUCCESS, logIndex=4147, commits[81367453-3bf0-4298-8a83-8d5c3816df16:c4147]
2019-09-03 20:26:24,066 [grpc-default-executor-1] INFO  client.GrpcClientProtocolClient (GrpcClientProtocolClient.java:onNext(255)) - client-CB1B8AC74E59->81367453-3bf0-4298-8a83-8d5c3816df16: receive RaftClientReply:client-CB1B8AC74E59->81367453-3bf0-4298-8a83-8d5c3816df16@group-F6EC397515C5, cid=3017, SUCCESS, logIndex=4149, commits[81367453-3bf0-4298-8a83-8d5c3816df16:c4150]
2019-09-03 20:26:24,067 [grpc-default-executor-1] INFO  client.GrpcClientProtocolClient (GrpcClientProtocolClient.java:onNext(255)) - client-CB1B8AC74E59->81367453-3bf0-4298-8a83-8d5c3816df16: receive RaftClientReply:client-CB1B8AC74E59->81367453-3bf0-4298-8a83-8d5c3816df16@group-F6EC397515C5, cid=3018, SUCCESS, logIndex=4150, commits[81367453-3bf0-4298-8a83-8d5c3816df16:c4150]
2019-09-03 20:26:24,074 [grpc-default-executor-1] INFO  client.GrpcClientProtocolClient (GrpcClientProtocolClient.java:onNext(255)) - client-CB1B8AC74E59->81367453-3bf0-4298-8a83-8d5c3816df16: receive RaftClientReply:client-CB1B8AC74E59->81367453-3bf0-4298-8a83-8d5c3816df16@group-F6EC397515C5, cid=3019, SUCCESS, logIndex=4151, commits[81367453-3bf0-4298-8a83-8d5c3816df16:c4152]
2019-09-03 20:26:24,074 [grpc-default-executor-1] INFO  client.GrpcClientProtocolClient (GrpcClientProtocolClient.java:onNext(255)) - client-CB1B8AC74E59->81367453-3bf0-4298-8a83-8d5c3816df16: receive RaftClientReply:client-CB1B8AC74E59->81367453-3bf0-4298-8a83-8d5c3816df16@group-F6EC397515C5, cid=3020, SUCCESS, logIndex=4152, commits[81367453-3bf0-4298-8a83-8d5c3816df16:c4152]
2019-09-03 20:26:24,094 [grpc-default-executor-1] INFO  client.GrpcClientProtocolClient (GrpcClientProtocolClient.java:onNext(255)) - client-CB1B8AC74E59->81367453-3bf0-4298-8a83-8d5c3816df16: receive RaftClientReply:client-CB1B8AC74E59->81367453-3bf0-4298-8a83-8d5c3816df16@group-F6EC397515C5, cid=3021, SUCCESS, logIndex=4155, commits[81367453-3bf0-4298-8a83-8d5c3816df16:c4156]
2019-09-03 20:26:24,094 [grpc-default-executor-1] INFO  client.GrpcClientProtocolClient (GrpcClientProtocolClient.java:onNext(255)) - client-CB1B8AC74E59->81367453-3bf0-4298-8a83-8d5c3816df16: receive RaftClientReply:client-CB1B8AC74E59->81367453-3bf0-4298-8a83-8d5c3816df16@group-F6EC397515C5, cid=3022, SUCCESS, logIndex=4156, commits[81367453-3bf0-4298-8a83-8d5c3816df16:c4158]
2019-09-03 20:26:24,095 [grpc-default-executor-1] INFO  client.GrpcClientProtocolClient (GrpcClientProtocolClient.java:onNext(255)) - client-CB1B8AC74E59->81367453-3bf0-4298-8a83-8d5c3816df16: receive RaftClientReply:client-CB1B8AC74E59->81367453-3bf0-4298-8a83-8d5c3816df16@group-F6EC397515C5, cid=3023, SUCCESS, logIndex=4157, commits[81367453-3bf0-4298-8a83-8d5c3816df16:c4158]
2019-09-03 20:26:24,095 [grpc-default-executor-1] INFO  client.GrpcClientProtocolClient (GrpcClientProtocolClient.java:onNext(255)) - client-CB1B8AC74E59->81367453-3bf0-4298-8a83-8d5c3816df16: receive RaftClientReply:client-CB1B8AC74E59->81367453-3bf0-4298-8a83-8d5c3816df16@group-F6EC397515C5, cid=3024, SUCCESS, logIndex=4158, commits[81367453-3bf0-4298-8a83-8d5c3816df16:c4158]
2019-09-03 20:26:24,110 [SCMBlockDeletingService#0] DEBUG block.SCMBlockDeletingService (SCMBlockDeletingService.java:call(138)) - Running DeletedBlockTransactionScanner
2019-09-03 20:26:24,110 [SCMBlockDeletingService#0] DEBUG block.SCMBlockDeletingService (SCMBlockDeletingService.java:call(155)) - Scanned deleted blocks log and got 0 delTX to process.
2019-09-03 20:26:24,120 [grpc-default-executor-1] INFO  client.GrpcClientProtocolClient (GrpcClientProtocolClient.java:onNext(255)) - client-CB1B8AC74E59->81367453-3bf0-4298-8a83-8d5c3816df16: receive RaftClientReply:client-CB1B8AC74E59->81367453-3bf0-4298-8a83-8d5c3816df16@group-F6EC397515C5, cid=3025, SUCCESS, logIndex=4161, commits[81367453-3bf0-4298-8a83-8d5c3816df16:c4164]
2019-09-03 20:26:24,121 [grpc-default-executor-1] INFO  client.GrpcClientProtocolClient (GrpcClientProtocolClient.java:onNext(255)) - client-CB1B8AC74E59->81367453-3bf0-4298-8a83-8d5c3816df16: receive RaftClientReply:client-CB1B8AC74E59->81367453-3bf0-4298-8a83-8d5c3816df16@group-F6EC397515C5, cid=3026, SUCCESS, logIndex=4162, commits[81367453-3bf0-4298-8a83-8d5c3816df16:c4165]
2019-09-03 20:26:24,121 [grpc-default-executor-1] INFO  client.GrpcClientProtocolClient (GrpcClientProtocolClient.java:onNext(255)) - client-CB1B8AC74E59->81367453-3bf0-4298-8a83-8d5c3816df16: receive RaftClientReply:client-CB1B8AC74E59->81367453-3bf0-4298-8a83-8d5c3816df16@group-F6EC397515C5, cid=3027, SUCCESS, logIndex=4163, commits[81367453-3bf0-4298-8a83-8d5c3816df16:c4165]
2019-09-03 20:26:24,122 [grpc-default-executor-1] INFO  client.GrpcClientProtocolClient (GrpcClientProtocolClient.java:onNext(255)) - client-CB1B8AC74E59->81367453-3bf0-4298-8a83-8d5c3816df16: receive RaftClientReply:client-CB1B8AC74E59->81367453-3bf0-4298-8a83-8d5c3816df16@group-F6EC397515C5, cid=3028, SUCCESS, logIndex=4164, commits[81367453-3bf0-4298-8a83-8d5c3816df16:c4165]
2019-09-03 20:26:24,144 [grpc-default-executor-2] INFO  client.GrpcClientProtocolClient (GrpcClientProtocolClient.java:onNext(255)) - client-CB1B8AC74E59->81367453-3bf0-4298-8a83-8d5c3816df16: receive RaftClientReply:client-CB1B8AC74E59->81367453-3bf0-4298-8a83-8d5c3816df16@group-F6EC397515C5, cid=3029, SUCCESS, logIndex=4166, commits[81367453-3bf0-4298-8a83-8d5c3816df16:c4169]
2019-09-03 20:26:24,144 [grpc-default-executor-2] INFO  client.GrpcClientProtocolClient (GrpcClientProtocolClient.java:onNext(255)) - client-CB1B8AC74E59->81367453-3bf0-4298-8a83-8d5c3816df16: receive RaftClientReply:client-CB1B8AC74E59->81367453-3bf0-4298-8a83-8d5c3816df16@group-F6EC397515C5, cid=3030, SUCCESS, logIndex=4167, commits[81367453-3bf0-4298-8a83-8d5c3816df16:c4169]
2019-09-03 20:26:24,144 [grpc-default-executor-2] INFO  client.GrpcClientProtocolClient (GrpcClientProtocolClient.java:onNext(255)) - client-CB1B8AC74E59->81367453-3bf0-4298-8a83-8d5c3816df16: receive RaftClientReply:client-CB1B8AC74E59->81367453-3bf0-4298-8a83-8d5c3816df16@group-F6EC397515C5, cid=3031, SUCCESS, logIndex=4168, commits[81367453-3bf0-4298-8a83-8d5c3816df16:c4169]
2019-09-03 20:26:24,145 [grpc-default-executor-2] INFO  client.GrpcClientProtocolClient (GrpcClientProtocolClient.java:onNext(255)) - client-CB1B8AC74E59->81367453-3bf0-4298-8a83-8d5c3816df16: receive RaftClientReply:client-CB1B8AC74E59->81367453-3bf0-4298-8a83-8d5c3816df16@group-F6EC397515C5, cid=3032, SUCCESS, logIndex=4169, commits[81367453-3bf0-4298-8a83-8d5c3816df16:c4169]
2019-09-03 20:26:24,171 [grpc-default-executor-1] INFO  client.GrpcClientProtocolClient (GrpcClientProtocolClient.java:onNext(255)) - client-CB1B8AC74E59->81367453-3bf0-4298-8a83-8d5c3816df16: receive RaftClientReply:client-CB1B8AC74E59->81367453-3bf0-4298-8a83-8d5c3816df16@group-F6EC397515C5, cid=3033, SUCCESS, logIndex=4171, commits[81367453-3bf0-4298-8a83-8d5c3816df16:c4175]
2019-09-03 20:26:24,171 [grpc-default-executor-1] INFO  client.GrpcClientProtocolClient (GrpcClientProtocolClient.java:onNext(255)) - client-CB1B8AC74E59->81367453-3bf0-4298-8a83-8d5c3816df16: receive RaftClientReply:client-CB1B8AC74E59->81367453-3bf0-4298-8a83-8d5c3816df16@group-F6EC397515C5, cid=3034, SUCCESS, logIndex=4172, commits[81367453-3bf0-4298-8a83-8d5c3816df16:c4175]
2019-09-03 20:26:24,172 [grpc-default-executor-1] INFO  client.GrpcClientProtocolClient (GrpcClientProtocolClient.java:onNext(255)) - client-CB1B8AC74E59->81367453-3bf0-4298-8a83-8d5c3816df16: receive RaftClientReply:client-CB1B8AC74E59->81367453-3bf0-4298-8a83-8d5c3816df16@group-F6EC397515C5, cid=3035, SUCCESS, logIndex=4173, commits[81367453-3bf0-4298-8a83-8d5c3816df16:c4175]
2019-09-03 20:26:24,172 [grpc-default-executor-1] INFO  client.GrpcClientProtocolClient (GrpcClientProtocolClient.java:onNext(255)) - client-CB1B8AC74E59->81367453-3bf0-4298-8a83-8d5c3816df16: receive RaftClientReply:client-CB1B8AC74E59->81367453-3bf0-4298-8a83-8d5c3816df16@group-F6EC397515C5, cid=3036, SUCCESS, logIndex=4174, commits[81367453-3bf0-4298-8a83-8d5c3816df16:c4175]
2019-09-03 20:26:24,186 [grpc-default-executor-2] INFO  client.GrpcClientProtocolClient (GrpcClientProtocolClient.java:onNext(255)) - client-CB1B8AC74E59->81367453-3bf0-4298-8a83-8d5c3816df16: receive RaftClientReply:client-CB1B8AC74E59->81367453-3bf0-4298-8a83-8d5c3816df16@group-F6EC397515C5, cid=3037, SUCCESS, logIndex=4176, commits[81367453-3bf0-4298-8a83-8d5c3816df16:c4177]
2019-09-03 20:26:24,187 [grpc-default-executor-2] INFO  client.GrpcClientProtocolClient (GrpcClientProtocolClient.java:onNext(255)) - client-CB1B8AC74E59->81367453-3bf0-4298-8a83-8d5c3816df16: receive RaftClientReply:client-CB1B8AC74E59->81367453-3bf0-4298-8a83-8d5c3816df16@group-F6EC397515C5, cid=3038, SUCCESS, logIndex=4177, commits[81367453-3bf0-4298-8a83-8d5c3816df16:c4179]
2019-09-03 20:26:24,187 [grpc-default-executor-2] INFO  client.GrpcClientProtocolClient (GrpcClientProtocolClient.java:onNext(255)) - client-CB1B8AC74E59->81367453-3bf0-4298-8a83-8d5c3816df16: receive RaftClientReply:client-CB1B8AC74E59->81367453-3bf0-4298-8a83-8d5c3816df16@group-F6EC397515C5, cid=3039, SUCCESS, logIndex=4178, commits[81367453-3bf0-4298-8a83-8d5c3816df16:c4180]
2019-09-03 20:26:24,187 [grpc-default-executor-2] INFO  client.GrpcClientProtocolClient (GrpcClientProtocolClient.java:onNext(255)) - client-CB1B8AC74E59->81367453-3bf0-4298-8a83-8d5c3816df16: receive RaftClientReply:client-CB1B8AC74E59->81367453-3bf0-4298-8a83-8d5c3816df16@group-F6EC397515C5, cid=3040, SUCCESS, logIndex=4179, commits[81367453-3bf0-4298-8a83-8d5c3816df16:c4181]
2019-09-03 20:26:24,209 [grpc-default-executor-1] INFO  client.GrpcClientProtocolClient (GrpcClientProtocolClient.java:onNext(255)) - client-CB1B8AC74E59->81367453-3bf0-4298-8a83-8d5c3816df16: receive RaftClientReply:client-CB1B8AC74E59->81367453-3bf0-4298-8a83-8d5c3816df16@group-F6EC397515C5, cid=3041, SUCCESS, logIndex=4182, commits[81367453-3bf0-4298-8a83-8d5c3816df16:c4185]
2019-09-03 20:26:24,209 [grpc-default-executor-1] INFO  client.GrpcClientProtocolClient (GrpcClientProtocolClient.java:onNext(255)) - client-CB1B8AC74E59->81367453-3bf0-4298-8a83-8d5c3816df16: receive RaftClientReply:client-CB1B8AC74E59->81367453-3bf0-4298-8a83-8d5c3816df16@group-F6EC397515C5, cid=3042, SUCCESS, logIndex=4183, commits[81367453-3bf0-4298-8a83-8d5c3816df16:c4186]
2019-09-03 20:26:24,209 [grpc-default-executor-1] INFO  client.GrpcClientProtocolClient (GrpcClientProtocolClient.java:onNext(255)) - client-CB1B8AC74E59->81367453-3bf0-4298-8a83-8d5c3816df16: receive RaftClientReply:client-CB1B8AC74E59->81367453-3bf0-4298-8a83-8d5c3816df16@group-F6EC397515C5, cid=3043, SUCCESS, logIndex=4184, commits[81367453-3bf0-4298-8a83-8d5c3816df16:c4186]
2019-09-03 20:26:24,210 [grpc-default-executor-1] INFO  client.GrpcClientProtocolClient (GrpcClientProtocolClient.java:onNext(255)) - client-CB1B8AC74E59->81367453-3bf0-4298-8a83-8d5c3816df16: receive RaftClientReply:client-CB1B8AC74E59->81367453-3bf0-4298-8a83-8d5c3816df16@group-F6EC397515C5, cid=3044, SUCCESS, logIndex=4185, commits[81367453-3bf0-4298-8a83-8d5c3816df16:c4187]
2019-09-03 20:26:24,210 [SCMBlockDeletingService#0] DEBUG block.SCMBlockDeletingService (SCMBlockDeletingService.java:call(138)) - Running DeletedBlockTransactionScanner
2019-09-03 20:26:24,211 [SCMBlockDeletingService#0] DEBUG block.SCMBlockDeletingService (SCMBlockDeletingService.java:call(155)) - Scanned deleted blocks log and got 0 delTX to process.
2019-09-03 20:26:24,222 [grpc-default-executor-1] INFO  client.GrpcClientProtocolClient (GrpcClientProtocolClient.java:onNext(255)) - client-CB1B8AC74E59->81367453-3bf0-4298-8a83-8d5c3816df16: receive RaftClientReply:client-CB1B8AC74E59->81367453-3bf0-4298-8a83-8d5c3816df16@group-F6EC397515C5, cid=3045, SUCCESS, logIndex=4188, commits[81367453-3bf0-4298-8a83-8d5c3816df16:c4191]
2019-09-03 20:26:24,222 [grpc-default-executor-1] INFO  client.GrpcClientProtocolClient (GrpcClientProtocolClient.java:onNext(255)) - client-CB1B8AC74E59->81367453-3bf0-4298-8a83-8d5c3816df16: receive RaftClientReply:client-CB1B8AC74E59->81367453-3bf0-4298-8a83-8d5c3816df16@group-F6EC397515C5, cid=3046, SUCCESS, logIndex=4189, commits[81367453-3bf0-4298-8a83-8d5c3816df16:c4191]
2019-09-03 20:26:24,222 [grpc-default-executor-1] INFO  client.GrpcClientProtocolClient (GrpcClientProtocolClient.java:onNext(255)) - client-CB1B8AC74E59->81367453-3bf0-4298-8a83-8d5c3816df16: receive RaftClientReply:client-CB1B8AC74E59->81367453-3bf0-4298-8a83-8d5c3816df16@group-F6EC397515C5, cid=3047, SUCCESS, logIndex=4190, commits[81367453-3bf0-4298-8a83-8d5c3816df16:c4192]
2019-09-03 20:26:24,223 [grpc-default-executor-1] INFO  client.GrpcClientProtocolClient (GrpcClientProtocolClient.java:onNext(255)) - client-CB1B8AC74E59->81367453-3bf0-4298-8a83-8d5c3816df16: receive RaftClientReply:client-CB1B8AC74E59->81367453-3bf0-4298-8a83-8d5c3816df16@group-F6EC397515C5, cid=3048, SUCCESS, logIndex=4191, commits[81367453-3bf0-4298-8a83-8d5c3816df16:c4192]
2019-09-03 20:26:24,333 [SCMBlockDeletingService#0] DEBUG block.SCMBlockDeletingService (SCMBlockDeletingService.java:call(138)) - Running DeletedBlockTransactionScanner
2019-09-03 20:26:24,333 [SCMBlockDeletingService#0] DEBUG block.SCMBlockDeletingService (SCMBlockDeletingService.java:call(155)) - Scanned deleted blocks log and got 0 delTX to process.
2019-09-03 20:26:24,357 [grpc-default-executor-2] INFO  client.GrpcClientProtocolClient (GrpcClientProtocolClient.java:onNext(255)) - client-CB1B8AC74E59->81367453-3bf0-4298-8a83-8d5c3816df16: receive RaftClientReply:client-CB1B8AC74E59->81367453-3bf0-4298-8a83-8d5c3816df16@group-F6EC397515C5, cid=3049, SUCCESS, logIndex=4194, commits[81367453-3bf0-4298-8a83-8d5c3816df16:c4195]
2019-09-03 20:26:24,358 [grpc-default-executor-2] INFO  client.GrpcClientProtocolClient (GrpcClientProtocolClient.java:onNext(255)) - client-CB1B8AC74E59->81367453-3bf0-4298-8a83-8d5c3816df16: receive RaftClientReply:client-CB1B8AC74E59->81367453-3bf0-4298-8a83-8d5c3816df16@group-F6EC397515C5, cid=3050, SUCCESS, logIndex=4195, commits[81367453-3bf0-4298-8a83-8d5c3816df16:c4195]
2019-09-03 20:26:24,434 [SCMBlockDeletingService#0] DEBUG block.SCMBlockDeletingService (SCMBlockDeletingService.java:call(138)) - Running DeletedBlockTransactionScanner
2019-09-03 20:26:24,435 [SCMBlockDeletingService#0] DEBUG block.SCMBlockDeletingService (SCMBlockDeletingService.java:call(155)) - Scanned deleted blocks log and got 0 delTX to process.
2019-09-03 20:26:24,474 [grpc-default-executor-1] INFO  client.GrpcClientProtocolClient (GrpcClientProtocolClient.java:onNext(255)) - client-CB1B8AC74E59->81367453-3bf0-4298-8a83-8d5c3816df16: receive RaftClientReply:client-CB1B8AC74E59->81367453-3bf0-4298-8a83-8d5c3816df16@group-F6EC397515C5, cid=3051, SUCCESS, logIndex=4197, commits[81367453-3bf0-4298-8a83-8d5c3816df16:c4198]
2019-09-03 20:26:24,475 [grpc-default-executor-1] INFO  client.GrpcClientProtocolClient (GrpcClientProtocolClient.java:onNext(255)) - client-CB1B8AC74E59->81367453-3bf0-4298-8a83-8d5c3816df16: receive RaftClientReply:client-CB1B8AC74E59->81367453-3bf0-4298-8a83-8d5c3816df16@group-F6EC397515C5, cid=3052, SUCCESS, logIndex=4198, commits[81367453-3bf0-4298-8a83-8d5c3816df16:c4198]
2019-09-03 20:26:24,489 [grpc-default-executor-2] INFO  client.GrpcClientProtocolClient (GrpcClientProtocolClient.java:onNext(255)) - client-CB1B8AC74E59->81367453-3bf0-4298-8a83-8d5c3816df16: receive RaftClientReply:client-CB1B8AC74E59->81367453-3bf0-4298-8a83-8d5c3816df16@group-F6EC397515C5, cid=3053, SUCCESS, logIndex=4200, commits[81367453-3bf0-4298-8a83-8d5c3816df16:c4201]
2019-09-03 20:26:24,489 [grpc-default-executor-2] INFO  client.GrpcClientProtocolClient (GrpcClientProtocolClient.java:onNext(255)) - client-CB1B8AC74E59->81367453-3bf0-4298-8a83-8d5c3816df16: receive RaftClientReply:client-CB1B8AC74E59->81367453-3bf0-4298-8a83-8d5c3816df16@group-F6EC397515C5, cid=3054, SUCCESS, logIndex=4201, commits[81367453-3bf0-4298-8a83-8d5c3816df16:c4201]
2019-09-03 20:26:24,502 [grpc-default-executor-2] INFO  client.GrpcClientProtocolClient (GrpcClientProtocolClient.java:onNext(255)) - client-CB1B8AC74E59->81367453-3bf0-4298-8a83-8d5c3816df16: receive RaftClientReply:client-CB1B8AC74E59->81367453-3bf0-4298-8a83-8d5c3816df16@group-F6EC397515C5, cid=3055, SUCCESS, logIndex=4202, commits[81367453-3bf0-4298-8a83-8d5c3816df16:c4203]
2019-09-03 20:26:24,502 [grpc-default-executor-2] INFO  client.GrpcClientProtocolClient (GrpcClientProtocolClient.java:onNext(255)) - client-CB1B8AC74E59->81367453-3bf0-4298-8a83-8d5c3816df16: receive RaftClientReply:client-CB1B8AC74E59->81367453-3bf0-4298-8a83-8d5c3816df16@group-F6EC397515C5, cid=3056, SUCCESS, logIndex=4203, commits[81367453-3bf0-4298-8a83-8d5c3816df16:c4204]
2019-09-03 20:26:24,535 [SCMBlockDeletingService#0] DEBUG block.SCMBlockDeletingService (SCMBlockDeletingService.java:call(138)) - Running DeletedBlockTransactionScanner
2019-09-03 20:26:24,536 [SCMBlockDeletingService#0] DEBUG block.SCMBlockDeletingService (SCMBlockDeletingService.java:call(155)) - Scanned deleted blocks log and got 0 delTX to process.
2019-09-03 20:26:24,542 [grpc-default-executor-1] INFO  client.GrpcClientProtocolClient (GrpcClientProtocolClient.java:onNext(255)) - client-CB1B8AC74E59->81367453-3bf0-4298-8a83-8d5c3816df16: receive RaftClientReply:client-CB1B8AC74E59->81367453-3bf0-4298-8a83-8d5c3816df16@group-F6EC397515C5, cid=3057, SUCCESS, logIndex=4206, commits[81367453-3bf0-4298-8a83-8d5c3816df16:c4207]
2019-09-03 20:26:24,543 [grpc-default-executor-1] INFO  client.GrpcClientProtocolClient (GrpcClientProtocolClient.java:onNext(255)) - client-CB1B8AC74E59->81367453-3bf0-4298-8a83-8d5c3816df16: receive RaftClientReply:client-CB1B8AC74E59->81367453-3bf0-4298-8a83-8d5c3816df16@group-F6EC397515C5, cid=3058, SUCCESS, logIndex=4207, commits[81367453-3bf0-4298-8a83-8d5c3816df16:c4207]
2019-09-03 20:26:24,558 [grpc-default-executor-1] INFO  client.GrpcClientProtocolClient (GrpcClientProtocolClient.java:onNext(255)) - client-CB1B8AC74E59->81367453-3bf0-4298-8a83-8d5c3816df16: receive RaftClientReply:client-CB1B8AC74E59->81367453-3bf0-4298-8a83-8d5c3816df16@group-F6EC397515C5, cid=3059, SUCCESS, logIndex=4208, commits[81367453-3bf0-4298-8a83-8d5c3816df16:c4209]
2019-09-03 20:26:24,558 [grpc-default-executor-1] INFO  client.GrpcClientProtocolClient (GrpcClientProtocolClient.java:onNext(255)) - client-CB1B8AC74E59->81367453-3bf0-4298-8a83-8d5c3816df16: receive RaftClientReply:client-CB1B8AC74E59->81367453-3bf0-4298-8a83-8d5c3816df16@group-F6EC397515C5, cid=3060, SUCCESS, logIndex=4209, commits[81367453-3bf0-4298-8a83-8d5c3816df16:c4209]
2019-09-03 20:26:24,569 [grpc-default-executor-2] INFO  client.GrpcClientProtocolClient (GrpcClientProtocolClient.java:onNext(255)) - client-CB1B8AC74E59->81367453-3bf0-4298-8a83-8d5c3816df16: receive RaftClientReply:client-CB1B8AC74E59->81367453-3bf0-4298-8a83-8d5c3816df16@group-F6EC397515C5, cid=3061, SUCCESS, logIndex=4212, commits[81367453-3bf0-4298-8a83-8d5c3816df16:c4213]
2019-09-03 20:26:24,570 [grpc-default-executor-2] INFO  client.GrpcClientProtocolClient (GrpcClientProtocolClient.java:onNext(255)) - client-CB1B8AC74E59->81367453-3bf0-4298-8a83-8d5c3816df16: receive RaftClientReply:client-CB1B8AC74E59->81367453-3bf0-4298-8a83-8d5c3816df16@group-F6EC397515C5, cid=3062, SUCCESS, logIndex=4213, commits[81367453-3bf0-4298-8a83-8d5c3816df16:c4214]
2019-09-03 20:26:24,577 [grpc-default-executor-2] INFO  client.GrpcClientProtocolClient (GrpcClientProtocolClient.java:onNext(255)) - client-CB1B8AC74E59->81367453-3bf0-4298-8a83-8d5c3816df16: receive RaftClientReply:client-CB1B8AC74E59->81367453-3bf0-4298-8a83-8d5c3816df16@group-F6EC397515C5, cid=3063, SUCCESS, logIndex=4215, commits[81367453-3bf0-4298-8a83-8d5c3816df16:c4216]
2019-09-03 20:26:24,578 [grpc-default-executor-2] INFO  client.GrpcClientProtocolClient (GrpcClientProtocolClient.java:onNext(255)) - client-CB1B8AC74E59->81367453-3bf0-4298-8a83-8d5c3816df16: receive RaftClientReply:client-CB1B8AC74E59->81367453-3bf0-4298-8a83-8d5c3816df16@group-F6EC397515C5, cid=3064, SUCCESS, logIndex=4216, commits[81367453-3bf0-4298-8a83-8d5c3816df16:c4217]
2019-09-03 20:26:24,607 [grpc-default-executor-2] INFO  client.GrpcClientProtocolClient (GrpcClientProtocolClient.java:onNext(255)) - client-CB1B8AC74E59->81367453-3bf0-4298-8a83-8d5c3816df16: receive RaftClientReply:client-CB1B8AC74E59->81367453-3bf0-4298-8a83-8d5c3816df16@group-F6EC397515C5, cid=3065, SUCCESS, logIndex=4218, commits[81367453-3bf0-4298-8a83-8d5c3816df16:c4219]
2019-09-03 20:26:24,607 [grpc-default-executor-2] INFO  client.GrpcClientProtocolClient (GrpcClientProtocolClient.java:onNext(255)) - client-CB1B8AC74E59->81367453-3bf0-4298-8a83-8d5c3816df16: receive RaftClientReply:client-CB1B8AC74E59->81367453-3bf0-4298-8a83-8d5c3816df16@group-F6EC397515C5, cid=3066, SUCCESS, logIndex=4219, commits[81367453-3bf0-4298-8a83-8d5c3816df16:c4221]
2019-09-03 20:26:24,608 [grpc-default-executor-2] INFO  client.GrpcClientProtocolClient (GrpcClientProtocolClient.java:onNext(255)) - client-CB1B8AC74E59->81367453-3bf0-4298-8a83-8d5c3816df16: receive RaftClientReply:client-CB1B8AC74E59->81367453-3bf0-4298-8a83-8d5c3816df16@group-F6EC397515C5, cid=3067, SUCCESS, logIndex=4220, commits[81367453-3bf0-4298-8a83-8d5c3816df16:c4221]
2019-09-03 20:26:24,608 [grpc-default-executor-2] INFO  client.GrpcClientProtocolClient (GrpcClientProtocolClient.java:onNext(255)) - client-CB1B8AC74E59->81367453-3bf0-4298-8a83-8d5c3816df16: receive RaftClientReply:client-CB1B8AC74E59->81367453-3bf0-4298-8a83-8d5c3816df16@group-F6EC397515C5, cid=3068, SUCCESS, logIndex=4221, commits[81367453-3bf0-4298-8a83-8d5c3816df16:c4222]
2019-09-03 20:26:24,619 [grpc-default-executor-1] INFO  client.GrpcClientProtocolClient (GrpcClientProtocolClient.java:onNext(255)) - client-CB1B8AC74E59->81367453-3bf0-4298-8a83-8d5c3816df16: receive RaftClientReply:client-CB1B8AC74E59->81367453-3bf0-4298-8a83-8d5c3816df16@group-F6EC397515C5, cid=3069, SUCCESS, logIndex=4224, commits[81367453-3bf0-4298-8a83-8d5c3816df16:c4225]
2019-09-03 20:26:24,620 [grpc-default-executor-1] INFO  client.GrpcClientProtocolClient (GrpcClientProtocolClient.java:onNext(255)) - client-CB1B8AC74E59->81367453-3bf0-4298-8a83-8d5c3816df16: receive RaftClientReply:client-CB1B8AC74E59->81367453-3bf0-4298-8a83-8d5c3816df16@group-F6EC397515C5, cid=3070, SUCCESS, logIndex=4225, commits[81367453-3bf0-4298-8a83-8d5c3816df16:c4225]
2019-09-03 20:26:24,626 [grpc-default-executor-1] INFO  client.GrpcClientProtocolClient (GrpcClientProtocolClient.java:onNext(255)) - client-CB1B8AC74E59->81367453-3bf0-4298-8a83-8d5c3816df16: receive RaftClientReply:client-CB1B8AC74E59->81367453-3bf0-4298-8a83-8d5c3816df16@group-F6EC397515C5, cid=3071, SUCCESS, logIndex=4226, commits[81367453-3bf0-4298-8a83-8d5c3816df16:c4227]
2019-09-03 20:26:24,626 [grpc-default-executor-1] INFO  client.GrpcClientProtocolClient (GrpcClientProtocolClient.java:onNext(255)) - client-CB1B8AC74E59->81367453-3bf0-4298-8a83-8d5c3816df16: receive RaftClientReply:client-CB1B8AC74E59->81367453-3bf0-4298-8a83-8d5c3816df16@group-F6EC397515C5, cid=3072, SUCCESS, logIndex=4227, commits[81367453-3bf0-4298-8a83-8d5c3816df16:c4228]
2019-09-03 20:26:24,636 [SCMBlockDeletingService#0] DEBUG block.SCMBlockDeletingService (SCMBlockDeletingService.java:call(138)) - Running DeletedBlockTransactionScanner
2019-09-03 20:26:24,636 [SCMBlockDeletingService#0] DEBUG block.SCMBlockDeletingService (SCMBlockDeletingService.java:call(155)) - Scanned deleted blocks log and got 0 delTX to process.
2019-09-03 20:26:24,651 [grpc-default-executor-1] INFO  client.GrpcClientProtocolClient (GrpcClientProtocolClient.java:onNext(255)) - client-CB1B8AC74E59->81367453-3bf0-4298-8a83-8d5c3816df16: receive RaftClientReply:client-CB1B8AC74E59->81367453-3bf0-4298-8a83-8d5c3816df16@group-F6EC397515C5, cid=3073, SUCCESS, logIndex=4230, commits[81367453-3bf0-4298-8a83-8d5c3816df16:c4231]
2019-09-03 20:26:24,652 [grpc-default-executor-1] INFO  client.GrpcClientProtocolClient (GrpcClientProtocolClient.java:onNext(255)) - client-CB1B8AC74E59->81367453-3bf0-4298-8a83-8d5c3816df16: receive RaftClientReply:client-CB1B8AC74E59->81367453-3bf0-4298-8a83-8d5c3816df16@group-F6EC397515C5, cid=3074, SUCCESS, logIndex=4231, commits[81367453-3bf0-4298-8a83-8d5c3816df16:c4233]
2019-09-03 20:26:24,652 [grpc-default-executor-1] INFO  client.GrpcClientProtocolClient (GrpcClientProtocolClient.java:onNext(255)) - client-CB1B8AC74E59->81367453-3bf0-4298-8a83-8d5c3816df16: receive RaftClientReply:client-CB1B8AC74E59->81367453-3bf0-4298-8a83-8d5c3816df16@group-F6EC397515C5, cid=3075, SUCCESS, logIndex=4232, commits[81367453-3bf0-4298-8a83-8d5c3816df16:c4234]
2019-09-03 20:26:24,652 [grpc-default-executor-1] INFO  client.GrpcClientProtocolClient (GrpcClientProtocolClient.java:onNext(255)) - client-CB1B8AC74E59->81367453-3bf0-4298-8a83-8d5c3816df16: receive RaftClientReply:client-CB1B8AC74E59->81367453-3bf0-4298-8a83-8d5c3816df16@group-F6EC397515C5, cid=3076, SUCCESS, logIndex=4233, commits[81367453-3bf0-4298-8a83-8d5c3816df16:c4235]
2019-09-03 20:26:24,671 [grpc-default-executor-1] INFO  client.GrpcClientProtocolClient (GrpcClientProtocolClient.java:onNext(255)) - client-CB1B8AC74E59->81367453-3bf0-4298-8a83-8d5c3816df16: receive RaftClientReply:client-CB1B8AC74E59->81367453-3bf0-4298-8a83-8d5c3816df16@group-F6EC397515C5, cid=3077, SUCCESS, logIndex=4236, commits[81367453-3bf0-4298-8a83-8d5c3816df16:c4239]
2019-09-03 20:26:24,671 [grpc-default-executor-1] INFO  client.GrpcClientProtocolClient (GrpcClientProtocolClient.java:onNext(255)) - client-CB1B8AC74E59->81367453-3bf0-4298-8a83-8d5c3816df16: receive RaftClientReply:client-CB1B8AC74E59->81367453-3bf0-4298-8a83-8d5c3816df16@group-F6EC397515C5, cid=3078, SUCCESS, logIndex=4237, commits[81367453-3bf0-4298-8a83-8d5c3816df16:c4239]
2019-09-03 20:26:24,671 [grpc-default-executor-1] INFO  client.GrpcClientProtocolClient (GrpcClientProtocolClient.java:onNext(255)) - client-CB1B8AC74E59->81367453-3bf0-4298-8a83-8d5c3816df16: receive RaftClientReply:client-CB1B8AC74E59->81367453-3bf0-4298-8a83-8d5c3816df16@group-F6EC397515C5, cid=3079, SUCCESS, logIndex=4238, commits[81367453-3bf0-4298-8a83-8d5c3816df16:c4239]
2019-09-03 20:26:24,672 [grpc-default-executor-1] INFO  client.GrpcClientProtocolClient (GrpcClientProtocolClient.java:onNext(255)) - client-CB1B8AC74E59->81367453-3bf0-4298-8a83-8d5c3816df16: receive RaftClientReply:client-CB1B8AC74E59->81367453-3bf0-4298-8a83-8d5c3816df16@group-F6EC397515C5, cid=3080, SUCCESS, logIndex=4239, commits[81367453-3bf0-4298-8a83-8d5c3816df16:c4239]
2019-09-03 20:26:24,708 [grpc-default-executor-1] INFO  client.GrpcClientProtocolClient (GrpcClientProtocolClient.java:onNext(255)) - client-CB1B8AC74E59->81367453-3bf0-4298-8a83-8d5c3816df16: receive RaftClientReply:client-CB1B8AC74E59->81367453-3bf0-4298-8a83-8d5c3816df16@group-F6EC397515C5, cid=3081, SUCCESS, logIndex=4241, commits[81367453-3bf0-4298-8a83-8d5c3816df16:c4244]
2019-09-03 20:26:24,708 [grpc-default-executor-1] INFO  client.GrpcClientProtocolClient (GrpcClientProtocolClient.java:onNext(255)) - client-CB1B8AC74E59->81367453-3bf0-4298-8a83-8d5c3816df16: receive RaftClientReply:client-CB1B8AC74E59->81367453-3bf0-4298-8a83-8d5c3816df16@group-F6EC397515C5, cid=3082, SUCCESS, logIndex=4242, commits[81367453-3bf0-4298-8a83-8d5c3816df16:c4244]
2019-09-03 20:26:24,708 [grpc-default-executor-1] INFO  client.GrpcClientProtocolClient (GrpcClientProtocolClient.java:onNext(255)) - client-CB1B8AC74E59->81367453-3bf0-4298-8a83-8d5c3816df16: receive RaftClientReply:client-CB1B8AC74E59->81367453-3bf0-4298-8a83-8d5c3816df16@group-F6EC397515C5, cid=3083, SUCCESS, logIndex=4243, commits[81367453-3bf0-4298-8a83-8d5c3816df16:c4245]
2019-09-03 20:26:24,709 [grpc-default-executor-1] INFO  client.GrpcClientProtocolClient (GrpcClientProtocolClient.java:onNext(255)) - client-CB1B8AC74E59->81367453-3bf0-4298-8a83-8d5c3816df16: receive RaftClientReply:client-CB1B8AC74E59->81367453-3bf0-4298-8a83-8d5c3816df16@group-F6EC397515C5, cid=3084, SUCCESS, logIndex=4244, commits[81367453-3bf0-4298-8a83-8d5c3816df16:c4245]
2019-09-03 20:26:24,722 [grpc-default-executor-1] INFO  client.GrpcClientProtocolClient (GrpcClientProtocolClient.java:onNext(255)) - client-CB1B8AC74E59->81367453-3bf0-4298-8a83-8d5c3816df16: receive RaftClientReply:client-CB1B8AC74E59->81367453-3bf0-4298-8a83-8d5c3816df16@group-F6EC397515C5, cid=3085, SUCCESS, logIndex=4247, commits[81367453-3bf0-4298-8a83-8d5c3816df16:c4250]
2019-09-03 20:26:24,722 [grpc-default-executor-1] INFO  client.GrpcClientProtocolClient (GrpcClientProtocolClient.java:onNext(255)) - client-CB1B8AC74E59->81367453-3bf0-4298-8a83-8d5c3816df16: receive RaftClientReply:client-CB1B8AC74E59->81367453-3bf0-4298-8a83-8d5c3816df16@group-F6EC397515C5, cid=3086, SUCCESS, logIndex=4248, commits[81367453-3bf0-4298-8a83-8d5c3816df16:c4251]
2019-09-03 20:26:24,723 [grpc-default-executor-1] INFO  client.GrpcClientProtocolClient (GrpcClientProtocolClient.java:onNext(255)) - client-CB1B8AC74E59->81367453-3bf0-4298-8a83-8d5c3816df16: receive RaftClientReply:client-CB1B8AC74E59->81367453-3bf0-4298-8a83-8d5c3816df16@group-F6EC397515C5, cid=3087, SUCCESS, logIndex=4249, commits[81367453-3bf0-4298-8a83-8d5c3816df16:c4251]
2019-09-03 20:26:24,723 [grpc-default-executor-1] INFO  client.GrpcClientProtocolClient (GrpcClientProtocolClient.java:onNext(255)) - client-CB1B8AC74E59->81367453-3bf0-4298-8a83-8d5c3816df16: receive RaftClientReply:client-CB1B8AC74E59->81367453-3bf0-4298-8a83-8d5c3816df16@group-F6EC397515C5, cid=3088, SUCCESS, logIndex=4250, commits[81367453-3bf0-4298-8a83-8d5c3816df16:c4251]
2019-09-03 20:26:24,736 [SCMBlockDeletingService#0] DEBUG block.SCMBlockDeletingService (SCMBlockDeletingService.java:call(138)) - Running DeletedBlockTransactionScanner
2019-09-03 20:26:24,737 [SCMBlockDeletingService#0] DEBUG block.SCMBlockDeletingService (SCMBlockDeletingService.java:call(155)) - Scanned deleted blocks log and got 0 delTX to process.
2019-09-03 20:26:24,751 [grpc-default-executor-1] INFO  client.GrpcClientProtocolClient (GrpcClientProtocolClient.java:onNext(255)) - client-CB1B8AC74E59->81367453-3bf0-4298-8a83-8d5c3816df16: receive RaftClientReply:client-CB1B8AC74E59->81367453-3bf0-4298-8a83-8d5c3816df16@group-F6EC397515C5, cid=3089, SUCCESS, logIndex=4252, commits[81367453-3bf0-4298-8a83-8d5c3816df16:c4253]
2019-09-03 20:26:24,752 [grpc-default-executor-1] INFO  client.GrpcClientProtocolClient (GrpcClientProtocolClient.java:onNext(255)) - client-CB1B8AC74E59->81367453-3bf0-4298-8a83-8d5c3816df16: receive RaftClientReply:client-CB1B8AC74E59->81367453-3bf0-4298-8a83-8d5c3816df16@group-F6EC397515C5, cid=3090, SUCCESS, logIndex=4253, commits[81367453-3bf0-4298-8a83-8d5c3816df16:c4253]
2019-09-03 20:26:24,753 [grpc-default-executor-1] INFO  client.GrpcClientProtocolClient (GrpcClientProtocolClient.java:onNext(255)) - client-CB1B8AC74E59->81367453-3bf0-4298-8a83-8d5c3816df16: receive RaftClientReply:client-CB1B8AC74E59->81367453-3bf0-4298-8a83-8d5c3816df16@group-F6EC397515C5, cid=3091, SUCCESS, logIndex=4254, commits[81367453-3bf0-4298-8a83-8d5c3816df16:c4255]
2019-09-03 20:26:24,753 [grpc-default-executor-1] INFO  client.GrpcClientProtocolClient (GrpcClientProtocolClient.java:onNext(255)) - client-CB1B8AC74E59->81367453-3bf0-4298-8a83-8d5c3816df16: receive RaftClientReply:client-CB1B8AC74E59->81367453-3bf0-4298-8a83-8d5c3816df16@group-F6EC397515C5, cid=3092, SUCCESS, logIndex=4255, commits[81367453-3bf0-4298-8a83-8d5c3816df16:c4255]
2019-09-03 20:26:24,773 [grpc-default-executor-2] INFO  client.GrpcClientProtocolClient (GrpcClientProtocolClient.java:onNext(255)) - client-CB1B8AC74E59->81367453-3bf0-4298-8a83-8d5c3816df16: receive RaftClientReply:client-CB1B8AC74E59->81367453-3bf0-4298-8a83-8d5c3816df16@group-F6EC397515C5, cid=3093, SUCCESS, logIndex=4258, commits[81367453-3bf0-4298-8a83-8d5c3816df16:c4259]
2019-09-03 20:26:24,773 [grpc-default-executor-2] INFO  client.GrpcClientProtocolClient (GrpcClientProtocolClient.java:onNext(255)) - client-CB1B8AC74E59->81367453-3bf0-4298-8a83-8d5c3816df16: receive RaftClientReply:client-CB1B8AC74E59->81367453-3bf0-4298-8a83-8d5c3816df16@group-F6EC397515C5, cid=3094, SUCCESS, logIndex=4259, commits[81367453-3bf0-4298-8a83-8d5c3816df16:c4259]
2019-09-03 20:26:24,837 [SCMBlockDeletingService#0] DEBUG block.SCMBlockDeletingService (SCMBlockDeletingService.java:call(138)) - Running DeletedBlockTransactionScanner
2019-09-03 20:26:24,837 [SCMBlockDeletingService#0] DEBUG block.SCMBlockDeletingService (SCMBlockDeletingService.java:call(155)) - Scanned deleted blocks log and got 0 delTX to process.
2019-09-03 20:26:24,855 [grpc-default-executor-1] INFO  client.GrpcClientProtocolClient (GrpcClientProtocolClient.java:onNext(255)) - client-CB1B8AC74E59->81367453-3bf0-4298-8a83-8d5c3816df16: receive RaftClientReply:client-CB1B8AC74E59->81367453-3bf0-4298-8a83-8d5c3816df16@group-F6EC397515C5, cid=3095, SUCCESS, logIndex=4261, commits[81367453-3bf0-4298-8a83-8d5c3816df16:c4262]
2019-09-03 20:26:24,855 [grpc-default-executor-1] INFO  client.GrpcClientProtocolClient (GrpcClientProtocolClient.java:onNext(255)) - client-CB1B8AC74E59->81367453-3bf0-4298-8a83-8d5c3816df16: receive RaftClientReply:client-CB1B8AC74E59->81367453-3bf0-4298-8a83-8d5c3816df16@group-F6EC397515C5, cid=3096, SUCCESS, logIndex=4262, commits[81367453-3bf0-4298-8a83-8d5c3816df16:c4263]
2019-09-03 20:26:24,899 [grpc-default-executor-1] INFO  client.GrpcClientProtocolClient (GrpcClientProtocolClient.java:onNext(255)) - client-CB1B8AC74E59->81367453-3bf0-4298-8a83-8d5c3816df16: receive RaftClientReply:client-CB1B8AC74E59->81367453-3bf0-4298-8a83-8d5c3816df16@group-F6EC397515C5, cid=3097, SUCCESS, logIndex=4264, commits[81367453-3bf0-4298-8a83-8d5c3816df16:c4265]
2019-09-03 20:26:24,900 [grpc-default-executor-1] INFO  client.GrpcClientProtocolClient (GrpcClientProtocolClient.java:onNext(255)) - client-CB1B8AC74E59->81367453-3bf0-4298-8a83-8d5c3816df16: receive RaftClientReply:client-CB1B8AC74E59->81367453-3bf0-4298-8a83-8d5c3816df16@group-F6EC397515C5, cid=3098, SUCCESS, logIndex=4265, commits[81367453-3bf0-4298-8a83-8d5c3816df16:c4267]
2019-09-03 20:26:24,900 [grpc-default-executor-1] INFO  client.GrpcClientProtocolClient (GrpcClientProtocolClient.java:onNext(255)) - client-CB1B8AC74E59->81367453-3bf0-4298-8a83-8d5c3816df16: receive RaftClientReply:client-CB1B8AC74E59->81367453-3bf0-4298-8a83-8d5c3816df16@group-F6EC397515C5, cid=3099, SUCCESS, logIndex=4266, commits[81367453-3bf0-4298-8a83-8d5c3816df16:c4268]
2019-09-03 20:26:24,900 [grpc-default-executor-1] INFO  client.GrpcClientProtocolClient (GrpcClientProtocolClient.java:onNext(255)) - client-CB1B8AC74E59->81367453-3bf0-4298-8a83-8d5c3816df16: receive RaftClientReply:client-CB1B8AC74E59->81367453-3bf0-4298-8a83-8d5c3816df16@group-F6EC397515C5, cid=3100, SUCCESS, logIndex=4267, commits[81367453-3bf0-4298-8a83-8d5c3816df16:c4269]
2019-09-03 20:26:24,913 [grpc-default-executor-1] INFO  client.GrpcClientProtocolClient (GrpcClientProtocolClient.java:onNext(255)) - client-CB1B8AC74E59->81367453-3bf0-4298-8a83-8d5c3816df16: receive RaftClientReply:client-CB1B8AC74E59->81367453-3bf0-4298-8a83-8d5c3816df16@group-F6EC397515C5, cid=3101, SUCCESS, logIndex=4270, commits[81367453-3bf0-4298-8a83-8d5c3816df16:c4273]
2019-09-03 20:26:24,913 [grpc-default-executor-1] INFO  client.GrpcClientProtocolClient (GrpcClientProtocolClient.java:onNext(255)) - client-CB1B8AC74E59->81367453-3bf0-4298-8a83-8d5c3816df16: receive RaftClientReply:client-CB1B8AC74E59->81367453-3bf0-4298-8a83-8d5c3816df16@group-F6EC397515C5, cid=3102, SUCCESS, logIndex=4271, commits[81367453-3bf0-4298-8a83-8d5c3816df16:c4273]
2019-09-03 20:26:24,913 [grpc-default-executor-1] INFO  client.GrpcClientProtocolClient (GrpcClientProtocolClient.java:onNext(255)) - client-CB1B8AC74E59->81367453-3bf0-4298-8a83-8d5c3816df16: receive RaftClientReply:client-CB1B8AC74E59->81367453-3bf0-4298-8a83-8d5c3816df16@group-F6EC397515C5, cid=3103, SUCCESS, logIndex=4272, commits[81367453-3bf0-4298-8a83-8d5c3816df16:c4274]
2019-09-03 20:26:24,914 [grpc-default-executor-1] INFO  client.GrpcClientProtocolClient (GrpcClientProtocolClient.java:onNext(255)) - client-CB1B8AC74E59->81367453-3bf0-4298-8a83-8d5c3816df16: receive RaftClientReply:client-CB1B8AC74E59->81367453-3bf0-4298-8a83-8d5c3816df16@group-F6EC397515C5, cid=3104, SUCCESS, logIndex=4273, commits[81367453-3bf0-4298-8a83-8d5c3816df16:c4274]
2019-09-03 20:26:24,931 [grpc-default-executor-1] INFO  client.GrpcClientProtocolClient (GrpcClientProtocolClient.java:onNext(255)) - client-CB1B8AC74E59->81367453-3bf0-4298-8a83-8d5c3816df16: receive RaftClientReply:client-CB1B8AC74E59->81367453-3bf0-4298-8a83-8d5c3816df16@group-F6EC397515C5, cid=3105, SUCCESS, logIndex=4275, commits[81367453-3bf0-4298-8a83-8d5c3816df16:c4278]
2019-09-03 20:26:24,931 [grpc-default-executor-1] INFO  client.GrpcClientProtocolClient (GrpcClientProtocolClient.java:onNext(255)) - client-CB1B8AC74E59->81367453-3bf0-4298-8a83-8d5c3816df16: receive RaftClientReply:client-CB1B8AC74E59->81367453-3bf0-4298-8a83-8d5c3816df16@group-F6EC397515C5, cid=3106, SUCCESS, logIndex=4276, commits[81367453-3bf0-4298-8a83-8d5c3816df16:c4279]
2019-09-03 20:26:24,931 [grpc-default-executor-1] INFO  client.GrpcClientProtocolClient (GrpcClientProtocolClient.java:onNext(255)) - client-CB1B8AC74E59->81367453-3bf0-4298-8a83-8d5c3816df16: receive RaftClientReply:client-CB1B8AC74E59->81367453-3bf0-4298-8a83-8d5c3816df16@group-F6EC397515C5, cid=3107, SUCCESS, logIndex=4277, commits[81367453-3bf0-4298-8a83-8d5c3816df16:c4279]
2019-09-03 20:26:24,932 [grpc-default-executor-1] INFO  client.GrpcClientProtocolClient (GrpcClientProtocolClient.java:onNext(255)) - client-CB1B8AC74E59->81367453-3bf0-4298-8a83-8d5c3816df16: receive RaftClientReply:client-CB1B8AC74E59->81367453-3bf0-4298-8a83-8d5c3816df16@group-F6EC397515C5, cid=3108, SUCCESS, logIndex=4278, commits[81367453-3bf0-4298-8a83-8d5c3816df16:c4279]
2019-09-03 20:26:24,938 [SCMBlockDeletingService#0] DEBUG block.SCMBlockDeletingService (SCMBlockDeletingService.java:call(138)) - Running DeletedBlockTransactionScanner
2019-09-03 20:26:24,938 [SCMBlockDeletingService#0] DEBUG block.SCMBlockDeletingService (SCMBlockDeletingService.java:call(155)) - Scanned deleted blocks log and got 0 delTX to process.
2019-09-03 20:26:24,953 [grpc-default-executor-1] INFO  client.GrpcClientProtocolClient (GrpcClientProtocolClient.java:onNext(255)) - client-CB1B8AC74E59->81367453-3bf0-4298-8a83-8d5c3816df16: receive RaftClientReply:client-CB1B8AC74E59->81367453-3bf0-4298-8a83-8d5c3816df16@group-F6EC397515C5, cid=3109, SUCCESS, logIndex=4280, commits[81367453-3bf0-4298-8a83-8d5c3816df16:c4283]
2019-09-03 20:26:24,953 [grpc-default-executor-1] INFO  client.GrpcClientProtocolClient (GrpcClientProtocolClient.java:onNext(255)) - client-CB1B8AC74E59->81367453-3bf0-4298-8a83-8d5c3816df16: receive RaftClientReply:client-CB1B8AC74E59->81367453-3bf0-4298-8a83-8d5c3816df16@group-F6EC397515C5, cid=3110, SUCCESS, logIndex=4281, commits[81367453-3bf0-4298-8a83-8d5c3816df16:c4283]
2019-09-03 20:26:24,954 [grpc-default-executor-1] INFO  client.GrpcClientProtocolClient (GrpcClientProtocolClient.java:onNext(255)) - client-CB1B8AC74E59->81367453-3bf0-4298-8a83-8d5c3816df16: receive RaftClientReply:client-CB1B8AC74E59->81367453-3bf0-4298-8a83-8d5c3816df16@group-F6EC397515C5, cid=3111, SUCCESS, logIndex=4282, commits[81367453-3bf0-4298-8a83-8d5c3816df16:c4284]
2019-09-03 20:26:24,954 [grpc-default-executor-1] INFO  client.GrpcClientProtocolClient (GrpcClientProtocolClient.java:onNext(255)) - client-CB1B8AC74E59->81367453-3bf0-4298-8a83-8d5c3816df16: receive RaftClientReply:client-CB1B8AC74E59->81367453-3bf0-4298-8a83-8d5c3816df16@group-F6EC397515C5, cid=3112, SUCCESS, logIndex=4283, commits[81367453-3bf0-4298-8a83-8d5c3816df16:c4284]
2019-09-03 20:26:24,973 [grpc-default-executor-2] INFO  client.GrpcClientProtocolClient (GrpcClientProtocolClient.java:onNext(255)) - client-CB1B8AC74E59->81367453-3bf0-4298-8a83-8d5c3816df16: receive RaftClientReply:client-CB1B8AC74E59->81367453-3bf0-4298-8a83-8d5c3816df16@group-F6EC397515C5, cid=3113, SUCCESS, logIndex=4285, commits[81367453-3bf0-4298-8a83-8d5c3816df16:c4286]
2019-09-03 20:26:24,974 [grpc-default-executor-2] INFO  client.GrpcClientProtocolClient (GrpcClientProtocolClient.java:onNext(255)) - client-CB1B8AC74E59->81367453-3bf0-4298-8a83-8d5c3816df16: receive RaftClientReply:client-CB1B8AC74E59->81367453-3bf0-4298-8a83-8d5c3816df16@group-F6EC397515C5, cid=3114, SUCCESS, logIndex=4286, commits[81367453-3bf0-4298-8a83-8d5c3816df16:c4286]
2019-09-03 20:26:24,974 [grpc-default-executor-2] INFO  client.GrpcClientProtocolClient (GrpcClientProtocolClient.java:onNext(255)) - client-CB1B8AC74E59->81367453-3bf0-4298-8a83-8d5c3816df16: receive RaftClientReply:client-CB1B8AC74E59->81367453-3bf0-4298-8a83-8d5c3816df16@group-F6EC397515C5, cid=3115, SUCCESS, logIndex=4287, commits[81367453-3bf0-4298-8a83-8d5c3816df16:c4288]
2019-09-03 20:26:24,975 [grpc-default-executor-2] INFO  client.GrpcClientProtocolClient (GrpcClientProtocolClient.java:onNext(255)) - client-CB1B8AC74E59->81367453-3bf0-4298-8a83-8d5c3816df16: receive RaftClientReply:client-CB1B8AC74E59->81367453-3bf0-4298-8a83-8d5c3816df16@group-F6EC397515C5, cid=3116, SUCCESS, logIndex=4288, commits[81367453-3bf0-4298-8a83-8d5c3816df16:c4288]
2019-09-03 20:26:25,010 [grpc-default-executor-2] INFO  client.GrpcClientProtocolClient (GrpcClientProtocolClient.java:onNext(255)) - client-CB1B8AC74E59->81367453-3bf0-4298-8a83-8d5c3816df16: receive RaftClientReply:client-CB1B8AC74E59->81367453-3bf0-4298-8a83-8d5c3816df16@group-F6EC397515C5, cid=3117, SUCCESS, logIndex=4291, commits[81367453-3bf0-4298-8a83-8d5c3816df16:c4294]
2019-09-03 20:26:25,011 [grpc-default-executor-2] INFO  client.GrpcClientProtocolClient (GrpcClientProtocolClient.java:onNext(255)) - client-CB1B8AC74E59->81367453-3bf0-4298-8a83-8d5c3816df16: receive RaftClientReply:client-CB1B8AC74E59->81367453-3bf0-4298-8a83-8d5c3816df16@group-F6EC397515C5, cid=3118, SUCCESS, logIndex=4292, commits[81367453-3bf0-4298-8a83-8d5c3816df16:c4294]
2019-09-03 20:26:25,011 [grpc-default-executor-2] INFO  client.GrpcClientProtocolClient (GrpcClientProtocolClient.java:onNext(255)) - client-CB1B8AC74E59->81367453-3bf0-4298-8a83-8d5c3816df16: receive RaftClientReply:client-CB1B8AC74E59->81367453-3bf0-4298-8a83-8d5c3816df16@group-F6EC397515C5, cid=3119, SUCCESS, logIndex=4293, commits[81367453-3bf0-4298-8a83-8d5c3816df16:c4294]
2019-09-03 20:26:25,011 [grpc-default-executor-2] INFO  client.GrpcClientProtocolClient (GrpcClientProtocolClient.java:onNext(255)) - client-CB1B8AC74E59->81367453-3bf0-4298-8a83-8d5c3816df16: receive RaftClientReply:client-CB1B8AC74E59->81367453-3bf0-4298-8a83-8d5c3816df16@group-F6EC397515C5, cid=3120, SUCCESS, logIndex=4294, commits[81367453-3bf0-4298-8a83-8d5c3816df16:c4294]
2019-09-03 20:26:25,038 [grpc-default-executor-2] INFO  client.GrpcClientProtocolClient (GrpcClientProtocolClient.java:onNext(255)) - client-CB1B8AC74E59->81367453-3bf0-4298-8a83-8d5c3816df16: receive RaftClientReply:client-CB1B8AC74E59->81367453-3bf0-4298-8a83-8d5c3816df16@group-F6EC397515C5, cid=3121, SUCCESS, logIndex=4296, commits[81367453-3bf0-4298-8a83-8d5c3816df16:c4297]
2019-09-03 20:26:25,038 [SCMBlockDeletingService#0] DEBUG block.SCMBlockDeletingService (SCMBlockDeletingService.java:call(138)) - Running DeletedBlockTransactionScanner
2019-09-03 20:26:25,039 [SCMBlockDeletingService#0] DEBUG block.SCMBlockDeletingService (SCMBlockDeletingService.java:call(155)) - Scanned deleted blocks log and got 0 delTX to process.
2019-09-03 20:26:25,039 [grpc-default-executor-2] INFO  client.GrpcClientProtocolClient (GrpcClientProtocolClient.java:onNext(255)) - client-CB1B8AC74E59->81367453-3bf0-4298-8a83-8d5c3816df16: receive RaftClientReply:client-CB1B8AC74E59->81367453-3bf0-4298-8a83-8d5c3816df16@group-F6EC397515C5, cid=3122, SUCCESS, logIndex=4297, commits[81367453-3bf0-4298-8a83-8d5c3816df16:c4297]
2019-09-03 20:26:25,039 [grpc-default-executor-2] INFO  client.GrpcClientProtocolClient (GrpcClientProtocolClient.java:onNext(255)) - client-CB1B8AC74E59->81367453-3bf0-4298-8a83-8d5c3816df16: receive RaftClientReply:client-CB1B8AC74E59->81367453-3bf0-4298-8a83-8d5c3816df16@group-F6EC397515C5, cid=3123, SUCCESS, logIndex=4298, commits[81367453-3bf0-4298-8a83-8d5c3816df16:c4299]
2019-09-03 20:26:25,040 [grpc-default-executor-2] INFO  client.GrpcClientProtocolClient (GrpcClientProtocolClient.java:onNext(255)) - client-CB1B8AC74E59->81367453-3bf0-4298-8a83-8d5c3816df16: receive RaftClientReply:client-CB1B8AC74E59->81367453-3bf0-4298-8a83-8d5c3816df16@group-F6EC397515C5, cid=3124, SUCCESS, logIndex=4299, commits[81367453-3bf0-4298-8a83-8d5c3816df16:c4299]
2019-09-03 20:26:25,051 [grpc-default-executor-2] INFO  client.GrpcClientProtocolClient (GrpcClientProtocolClient.java:onNext(255)) - client-CB1B8AC74E59->81367453-3bf0-4298-8a83-8d5c3816df16: receive RaftClientReply:client-CB1B8AC74E59->81367453-3bf0-4298-8a83-8d5c3816df16@group-F6EC397515C5, cid=3125, SUCCESS, logIndex=4302, commits[81367453-3bf0-4298-8a83-8d5c3816df16:c4303]
2019-09-03 20:26:25,051 [grpc-default-executor-2] INFO  client.GrpcClientProtocolClient (GrpcClientProtocolClient.java:onNext(255)) - client-CB1B8AC74E59->81367453-3bf0-4298-8a83-8d5c3816df16: receive RaftClientReply:client-CB1B8AC74E59->81367453-3bf0-4298-8a83-8d5c3816df16@group-F6EC397515C5, cid=3126, SUCCESS, logIndex=4303, commits[81367453-3bf0-4298-8a83-8d5c3816df16:c4305]
2019-09-03 20:26:25,052 [grpc-default-executor-2] INFO  client.GrpcClientProtocolClient (GrpcClientProtocolClient.java:onNext(255)) - client-CB1B8AC74E59->81367453-3bf0-4298-8a83-8d5c3816df16: receive RaftClientReply:client-CB1B8AC74E59->81367453-3bf0-4298-8a83-8d5c3816df16@group-F6EC397515C5, cid=3127, SUCCESS, logIndex=4304, commits[81367453-3bf0-4298-8a83-8d5c3816df16:c4305]
2019-09-03 20:26:25,052 [grpc-default-executor-2] INFO  client.GrpcClientProtocolClient (GrpcClientProtocolClient.java:onNext(255)) - client-CB1B8AC74E59->81367453-3bf0-4298-8a83-8d5c3816df16: receive RaftClientReply:client-CB1B8AC74E59->81367453-3bf0-4298-8a83-8d5c3816df16@group-F6EC397515C5, cid=3128, SUCCESS, logIndex=4305, commits[81367453-3bf0-4298-8a83-8d5c3816df16:c4305]
2019-09-03 20:26:25,077 [grpc-default-executor-2] INFO  client.GrpcClientProtocolClient (GrpcClientProtocolClient.java:onNext(255)) - client-CB1B8AC74E59->81367453-3bf0-4298-8a83-8d5c3816df16: receive RaftClientReply:client-CB1B8AC74E59->81367453-3bf0-4298-8a83-8d5c3816df16@group-F6EC397515C5, cid=3129, SUCCESS, logIndex=4308, commits[81367453-3bf0-4298-8a83-8d5c3816df16:c4311]
2019-09-03 20:26:25,078 [grpc-default-executor-2] INFO  client.GrpcClientProtocolClient (GrpcClientProtocolClient.java:onNext(255)) - client-CB1B8AC74E59->81367453-3bf0-4298-8a83-8d5c3816df16: receive RaftClientReply:client-CB1B8AC74E59->81367453-3bf0-4298-8a83-8d5c3816df16@group-F6EC397515C5, cid=3130, SUCCESS, logIndex=4309, commits[81367453-3bf0-4298-8a83-8d5c3816df16:c4312]
2019-09-03 20:26:25,078 [grpc-default-executor-2] INFO  client.GrpcClientProtocolClient (GrpcClientProtocolClient.java:onNext(255)) - client-CB1B8AC74E59->81367453-3bf0-4298-8a83-8d5c3816df16: receive RaftClientReply:client-CB1B8AC74E59->81367453-3bf0-4298-8a83-8d5c3816df16@group-F6EC397515C5, cid=3131, SUCCESS, logIndex=4310, commits[81367453-3bf0-4298-8a83-8d5c3816df16:c4312]
2019-09-03 20:26:25,078 [grpc-default-executor-2] INFO  client.GrpcClientProtocolClient (GrpcClientProtocolClient.java:onNext(255)) - client-CB1B8AC74E59->81367453-3bf0-4298-8a83-8d5c3816df16: receive RaftClientReply:client-CB1B8AC74E59->81367453-3bf0-4298-8a83-8d5c3816df16@group-F6EC397515C5, cid=3132, SUCCESS, logIndex=4311, commits[81367453-3bf0-4298-8a83-8d5c3816df16:c4312]
2019-09-03 20:26:25,089 [grpc-default-executor-2] INFO  client.GrpcClientProtocolClient (GrpcClientProtocolClient.java:onNext(255)) - client-CB1B8AC74E59->81367453-3bf0-4298-8a83-8d5c3816df16: receive RaftClientReply:client-CB1B8AC74E59->81367453-3bf0-4298-8a83-8d5c3816df16@group-F6EC397515C5, cid=3133, SUCCESS, logIndex=4313, commits[81367453-3bf0-4298-8a83-8d5c3816df16:c4314]
2019-09-03 20:26:25,089 [grpc-default-executor-2] INFO  client.GrpcClientProtocolClient (GrpcClientProtocolClient.java:onNext(255)) - client-CB1B8AC74E59->81367453-3bf0-4298-8a83-8d5c3816df16: receive RaftClientReply:client-CB1B8AC74E59->81367453-3bf0-4298-8a83-8d5c3816df16@group-F6EC397515C5, cid=3134, SUCCESS, logIndex=4314, commits[81367453-3bf0-4298-8a83-8d5c3816df16:c4314]
2019-09-03 20:26:25,100 [grpc-default-executor-2] INFO  client.GrpcClientProtocolClient (GrpcClientProtocolClient.java:onNext(255)) - client-CB1B8AC74E59->81367453-3bf0-4298-8a83-8d5c3816df16: receive RaftClientReply:client-CB1B8AC74E59->81367453-3bf0-4298-8a83-8d5c3816df16@group-F6EC397515C5, cid=3135, SUCCESS, logIndex=4315, commits[81367453-3bf0-4298-8a83-8d5c3816df16:c4316]
2019-09-03 20:26:25,101 [grpc-default-executor-2] INFO  client.GrpcClientProtocolClient (GrpcClientProtocolClient.java:onNext(255)) - client-CB1B8AC74E59->81367453-3bf0-4298-8a83-8d5c3816df16: receive RaftClientReply:client-CB1B8AC74E59->81367453-3bf0-4298-8a83-8d5c3816df16@group-F6EC397515C5, cid=3136, SUCCESS, logIndex=4316, commits[81367453-3bf0-4298-8a83-8d5c3816df16:c4316]
2019-09-03 20:26:25,203 [SCMBlockDeletingService#0] DEBUG block.SCMBlockDeletingService (SCMBlockDeletingService.java:call(138)) - Running DeletedBlockTransactionScanner
2019-09-03 20:26:25,204 [SCMBlockDeletingService#0] DEBUG block.SCMBlockDeletingService (SCMBlockDeletingService.java:call(155)) - Scanned deleted blocks log and got 0 delTX to process.
2019-09-03 20:26:25,214 [grpc-default-executor-2] INFO  client.GrpcClientProtocolClient (GrpcClientProtocolClient.java:onNext(255)) - client-CB1B8AC74E59->81367453-3bf0-4298-8a83-8d5c3816df16: receive RaftClientReply:client-CB1B8AC74E59->81367453-3bf0-4298-8a83-8d5c3816df16@group-F6EC397515C5, cid=3137, SUCCESS, logIndex=4319, commits[81367453-3bf0-4298-8a83-8d5c3816df16:c4320]
2019-09-03 20:26:25,215 [grpc-default-executor-2] INFO  client.GrpcClientProtocolClient (GrpcClientProtocolClient.java:onNext(255)) - client-CB1B8AC74E59->81367453-3bf0-4298-8a83-8d5c3816df16: receive RaftClientReply:client-CB1B8AC74E59->81367453-3bf0-4298-8a83-8d5c3816df16@group-F6EC397515C5, cid=3138, SUCCESS, logIndex=4320, commits[81367453-3bf0-4298-8a83-8d5c3816df16:c4321]
2019-09-03 20:26:25,304 [SCMBlockDeletingService#1] DEBUG block.SCMBlockDeletingService (SCMBlockDeletingService.java:call(138)) - Running DeletedBlockTransactionScanner
2019-09-03 20:26:25,304 [SCMBlockDeletingService#1] DEBUG block.SCMBlockDeletingService (SCMBlockDeletingService.java:call(155)) - Scanned deleted blocks log and got 0 delTX to process.
2019-09-03 20:26:25,378 [grpc-default-executor-1] INFO  client.GrpcClientProtocolClient (GrpcClientProtocolClient.java:onNext(255)) - client-CB1B8AC74E59->81367453-3bf0-4298-8a83-8d5c3816df16: receive RaftClientReply:client-CB1B8AC74E59->81367453-3bf0-4298-8a83-8d5c3816df16@group-F6EC397515C5, cid=3139, SUCCESS, logIndex=4322, commits[81367453-3bf0-4298-8a83-8d5c3816df16:c4323]
2019-09-03 20:26:25,378 [grpc-default-executor-1] INFO  client.GrpcClientProtocolClient (GrpcClientProtocolClient.java:onNext(255)) - client-CB1B8AC74E59->81367453-3bf0-4298-8a83-8d5c3816df16: receive RaftClientReply:client-CB1B8AC74E59->81367453-3bf0-4298-8a83-8d5c3816df16@group-F6EC397515C5, cid=3140, SUCCESS, logIndex=4323, commits[81367453-3bf0-4298-8a83-8d5c3816df16:c4323]
2019-09-03 20:26:25,390 [grpc-default-executor-1] INFO  client.GrpcClientProtocolClient (GrpcClientProtocolClient.java:onNext(255)) - client-CB1B8AC74E59->81367453-3bf0-4298-8a83-8d5c3816df16: receive RaftClientReply:client-CB1B8AC74E59->81367453-3bf0-4298-8a83-8d5c3816df16@group-F6EC397515C5, cid=3141, SUCCESS, logIndex=4325, commits[81367453-3bf0-4298-8a83-8d5c3816df16:c4328]
2019-09-03 20:26:25,390 [grpc-default-executor-1] INFO  client.GrpcClientProtocolClient (GrpcClientProtocolClient.java:onNext(255)) - client-CB1B8AC74E59->81367453-3bf0-4298-8a83-8d5c3816df16: receive RaftClientReply:client-CB1B8AC74E59->81367453-3bf0-4298-8a83-8d5c3816df16@group-F6EC397515C5, cid=3142, SUCCESS, logIndex=4326, commits[81367453-3bf0-4298-8a83-8d5c3816df16:c4329]
2019-09-03 20:26:25,390 [grpc-default-executor-1] INFO  client.GrpcClientProtocolClient (GrpcClientProtocolClient.java:onNext(255)) - client-CB1B8AC74E59->81367453-3bf0-4298-8a83-8d5c3816df16: receive RaftClientReply:client-CB1B8AC74E59->81367453-3bf0-4298-8a83-8d5c3816df16@group-F6EC397515C5, cid=3143, SUCCESS, logIndex=4327, commits[81367453-3bf0-4298-8a83-8d5c3816df16:c4329]
2019-09-03 20:26:25,390 [grpc-default-executor-1] INFO  client.GrpcClientProtocolClient (GrpcClientProtocolClient.java:onNext(255)) - client-CB1B8AC74E59->81367453-3bf0-4298-8a83-8d5c3816df16: receive RaftClientReply:client-CB1B8AC74E59->81367453-3bf0-4298-8a83-8d5c3816df16@group-F6EC397515C5, cid=3144, SUCCESS, logIndex=4328, commits[81367453-3bf0-4298-8a83-8d5c3816df16:c4329]
2019-09-03 20:26:25,405 [SCMBlockDeletingService#1] DEBUG block.SCMBlockDeletingService (SCMBlockDeletingService.java:call(138)) - Running DeletedBlockTransactionScanner
2019-09-03 20:26:25,405 [SCMBlockDeletingService#1] DEBUG block.SCMBlockDeletingService (SCMBlockDeletingService.java:call(155)) - Scanned deleted blocks log and got 0 delTX to process.
2019-09-03 20:26:25,419 [grpc-default-executor-1] INFO  client.GrpcClientProtocolClient (GrpcClientProtocolClient.java:onNext(255)) - client-CB1B8AC74E59->81367453-3bf0-4298-8a83-8d5c3816df16: receive RaftClientReply:client-CB1B8AC74E59->81367453-3bf0-4298-8a83-8d5c3816df16@group-F6EC397515C5, cid=3145, SUCCESS, logIndex=4330, commits[81367453-3bf0-4298-8a83-8d5c3816df16:c4333]
2019-09-03 20:26:25,420 [grpc-default-executor-1] INFO  client.GrpcClientProtocolClient (GrpcClientProtocolClient.java:onNext(255)) - client-CB1B8AC74E59->81367453-3bf0-4298-8a83-8d5c3816df16: receive RaftClientReply:client-CB1B8AC74E59->81367453-3bf0-4298-8a83-8d5c3816df16@group-F6EC397515C5, cid=3146, SUCCESS, logIndex=4331, commits[81367453-3bf0-4298-8a83-8d5c3816df16:c4333]
2019-09-03 20:26:25,421 [grpc-default-executor-1] INFO  client.GrpcClientProtocolClient (GrpcClientProtocolClient.java:onNext(255)) - client-CB1B8AC74E59->81367453-3bf0-4298-8a83-8d5c3816df16: receive RaftClientReply:client-CB1B8AC74E59->81367453-3bf0-4298-8a83-8d5c3816df16@group-F6EC397515C5, cid=3147, SUCCESS, logIndex=4332, commits[81367453-3bf0-4298-8a83-8d5c3816df16:c4334]
2019-09-03 20:26:25,421 [grpc-default-executor-1] INFO  client.GrpcClientProtocolClient (GrpcClientProtocolClient.java:onNext(255)) - client-CB1B8AC74E59->81367453-3bf0-4298-8a83-8d5c3816df16: receive RaftClientReply:client-CB1B8AC74E59->81367453-3bf0-4298-8a83-8d5c3816df16@group-F6EC397515C5, cid=3148, SUCCESS, logIndex=4333, commits[81367453-3bf0-4298-8a83-8d5c3816df16:c4334]
2019-09-03 20:26:25,434 [grpc-default-executor-1] INFO  client.GrpcClientProtocolClient (GrpcClientProtocolClient.java:onNext(255)) - client-CB1B8AC74E59->81367453-3bf0-4298-8a83-8d5c3816df16: receive RaftClientReply:client-CB1B8AC74E59->81367453-3bf0-4298-8a83-8d5c3816df16@group-F6EC397515C5, cid=3149, SUCCESS, logIndex=4335, commits[81367453-3bf0-4298-8a83-8d5c3816df16:c4336]
2019-09-03 20:26:25,434 [grpc-default-executor-1] INFO  client.GrpcClientProtocolClient (GrpcClientProtocolClient.java:onNext(255)) - client-CB1B8AC74E59->81367453-3bf0-4298-8a83-8d5c3816df16: receive RaftClientReply:client-CB1B8AC74E59->81367453-3bf0-4298-8a83-8d5c3816df16@group-F6EC397515C5, cid=3150, SUCCESS, logIndex=4336, commits[81367453-3bf0-4298-8a83-8d5c3816df16:c4336]
2019-09-03 20:26:25,435 [grpc-default-executor-1] INFO  client.GrpcClientProtocolClient (GrpcClientProtocolClient.java:onNext(255)) - client-CB1B8AC74E59->81367453-3bf0-4298-8a83-8d5c3816df16: receive RaftClientReply:client-CB1B8AC74E59->81367453-3bf0-4298-8a83-8d5c3816df16@group-F6EC397515C5, cid=3151, SUCCESS, logIndex=4337, commits[81367453-3bf0-4298-8a83-8d5c3816df16:c4338]
2019-09-03 20:26:25,435 [grpc-default-executor-1] INFO  client.GrpcClientProtocolClient (GrpcClientProtocolClient.java:onNext(255)) - client-CB1B8AC74E59->81367453-3bf0-4298-8a83-8d5c3816df16: receive RaftClientReply:client-CB1B8AC74E59->81367453-3bf0-4298-8a83-8d5c3816df16@group-F6EC397515C5, cid=3152, SUCCESS, logIndex=4338, commits[81367453-3bf0-4298-8a83-8d5c3816df16:c4339]
2019-09-03 20:26:25,469 [grpc-default-executor-1] INFO  client.GrpcClientProtocolClient (GrpcClientProtocolClient.java:onNext(255)) - client-CB1B8AC74E59->81367453-3bf0-4298-8a83-8d5c3816df16: receive RaftClientReply:client-CB1B8AC74E59->81367453-3bf0-4298-8a83-8d5c3816df16@group-F6EC397515C5, cid=3153, SUCCESS, logIndex=4341, commits[81367453-3bf0-4298-8a83-8d5c3816df16:c4342]
2019-09-03 20:26:25,470 [grpc-default-executor-1] INFO  client.GrpcClientProtocolClient (GrpcClientProtocolClient.java:onNext(255)) - client-CB1B8AC74E59->81367453-3bf0-4298-8a83-8d5c3816df16: receive RaftClientReply:client-CB1B8AC74E59->81367453-3bf0-4298-8a83-8d5c3816df16@group-F6EC397515C5, cid=3154, SUCCESS, logIndex=4342, commits[81367453-3bf0-4298-8a83-8d5c3816df16:c4344]
2019-09-03 20:26:25,470 [grpc-default-executor-1] INFO  client.GrpcClientProtocolClient (GrpcClientProtocolClient.java:onNext(255)) - client-CB1B8AC74E59->81367453-3bf0-4298-8a83-8d5c3816df16: receive RaftClientReply:client-CB1B8AC74E59->81367453-3bf0-4298-8a83-8d5c3816df16@group-F6EC397515C5, cid=3155, SUCCESS, logIndex=4343, commits[81367453-3bf0-4298-8a83-8d5c3816df16:c4345]
2019-09-03 20:26:25,470 [grpc-default-executor-1] INFO  client.GrpcClientProtocolClient (GrpcClientProtocolClient.java:onNext(255)) - client-CB1B8AC74E59->81367453-3bf0-4298-8a83-8d5c3816df16: receive RaftClientReply:client-CB1B8AC74E59->81367453-3bf0-4298-8a83-8d5c3816df16@group-F6EC397515C5, cid=3156, SUCCESS, logIndex=4344, commits[81367453-3bf0-4298-8a83-8d5c3816df16:c4345]
2019-09-03 20:26:25,498 [grpc-default-executor-1] INFO  client.GrpcClientProtocolClient (GrpcClientProtocolClient.java:onNext(255)) - client-CB1B8AC74E59->81367453-3bf0-4298-8a83-8d5c3816df16: receive RaftClientReply:client-CB1B8AC74E59->81367453-3bf0-4298-8a83-8d5c3816df16@group-F6EC397515C5, cid=3157, SUCCESS, logIndex=4347, commits[81367453-3bf0-4298-8a83-8d5c3816df16:c4350]
2019-09-03 20:26:25,498 [grpc-default-executor-1] INFO  client.GrpcClientProtocolClient (GrpcClientProtocolClient.java:onNext(255)) - client-CB1B8AC74E59->81367453-3bf0-4298-8a83-8d5c3816df16: receive RaftClientReply:client-CB1B8AC74E59->81367453-3bf0-4298-8a83-8d5c3816df16@group-F6EC397515C5, cid=3158, SUCCESS, logIndex=4348, commits[81367453-3bf0-4298-8a83-8d5c3816df16:c4351]
2019-09-03 20:26:25,499 [grpc-default-executor-1] INFO  client.GrpcClientProtocolClient (GrpcClientProtocolClient.java:onNext(255)) - client-CB1B8AC74E59->81367453-3bf0-4298-8a83-8d5c3816df16: receive RaftClientReply:client-CB1B8AC74E59->81367453-3bf0-4298-8a83-8d5c3816df16@group-F6EC397515C5, cid=3159, SUCCESS, logIndex=4349, commits[81367453-3bf0-4298-8a83-8d5c3816df16:c4351]
2019-09-03 20:26:25,499 [grpc-default-executor-1] INFO  client.GrpcClientProtocolClient (GrpcClientProtocolClient.java:onNext(255)) - client-CB1B8AC74E59->81367453-3bf0-4298-8a83-8d5c3816df16: receive RaftClientReply:client-CB1B8AC74E59->81367453-3bf0-4298-8a83-8d5c3816df16@group-F6EC397515C5, cid=3160, SUCCESS, logIndex=4350, commits[81367453-3bf0-4298-8a83-8d5c3816df16:c4351]
2019-09-03 20:26:25,505 [SCMBlockDeletingService#1] DEBUG block.SCMBlockDeletingService (SCMBlockDeletingService.java:call(138)) - Running DeletedBlockTransactionScanner
2019-09-03 20:26:25,506 [SCMBlockDeletingService#1] DEBUG block.SCMBlockDeletingService (SCMBlockDeletingService.java:call(155)) - Scanned deleted blocks log and got 0 delTX to process.
2019-09-03 20:26:25,528 [grpc-default-executor-1] INFO  client.GrpcClientProtocolClient (GrpcClientProtocolClient.java:onNext(255)) - client-CB1B8AC74E59->81367453-3bf0-4298-8a83-8d5c3816df16: receive RaftClientReply:client-CB1B8AC74E59->81367453-3bf0-4298-8a83-8d5c3816df16@group-F6EC397515C5, cid=3161, SUCCESS, logIndex=4352, commits[81367453-3bf0-4298-8a83-8d5c3816df16:c4355]
2019-09-03 20:26:25,528 [grpc-default-executor-1] INFO  client.GrpcClientProtocolClient (GrpcClientProtocolClient.java:onNext(255)) - client-CB1B8AC74E59->81367453-3bf0-4298-8a83-8d5c3816df16: receive RaftClientReply:client-CB1B8AC74E59->81367453-3bf0-4298-8a83-8d5c3816df16@group-F6EC397515C5, cid=3162, SUCCESS, logIndex=4353, commits[81367453-3bf0-4298-8a83-8d5c3816df16:c4355]
2019-09-03 20:26:25,528 [grpc-default-executor-1] INFO  client.GrpcClientProtocolClient (GrpcClientProtocolClient.java:onNext(255)) - client-CB1B8AC74E59->81367453-3bf0-4298-8a83-8d5c3816df16: receive RaftClientReply:client-CB1B8AC74E59->81367453-3bf0-4298-8a83-8d5c3816df16@group-F6EC397515C5, cid=3163, SUCCESS, logIndex=4354, commits[81367453-3bf0-4298-8a83-8d5c3816df16:c4356]
2019-09-03 20:26:25,529 [grpc-default-executor-1] INFO  client.GrpcClientProtocolClient (GrpcClientProtocolClient.java:onNext(255)) - client-CB1B8AC74E59->81367453-3bf0-4298-8a83-8d5c3816df16: receive RaftClientReply:client-CB1B8AC74E59->81367453-3bf0-4298-8a83-8d5c3816df16@group-F6EC397515C5, cid=3164, SUCCESS, logIndex=4355, commits[81367453-3bf0-4298-8a83-8d5c3816df16:c4357]
2019-09-03 20:26:25,546 [grpc-default-executor-1] INFO  client.GrpcClientProtocolClient (GrpcClientProtocolClient.java:onNext(255)) - client-CB1B8AC74E59->81367453-3bf0-4298-8a83-8d5c3816df16: receive RaftClientReply:client-CB1B8AC74E59->81367453-3bf0-4298-8a83-8d5c3816df16@group-F6EC397515C5, cid=3165, SUCCESS, logIndex=4358, commits[81367453-3bf0-4298-8a83-8d5c3816df16:c4359]
2019-09-03 20:26:25,547 [grpc-default-executor-1] INFO  client.GrpcClientProtocolClient (GrpcClientProtocolClient.java:onNext(255)) - client-CB1B8AC74E59->81367453-3bf0-4298-8a83-8d5c3816df16: receive RaftClientReply:client-CB1B8AC74E59->81367453-3bf0-4298-8a83-8d5c3816df16@group-F6EC397515C5, cid=3166, SUCCESS, logIndex=4359, commits[81367453-3bf0-4298-8a83-8d5c3816df16:c4361]
2019-09-03 20:26:25,547 [grpc-default-executor-1] INFO  client.GrpcClientProtocolClient (GrpcClientProtocolClient.java:onNext(255)) - client-CB1B8AC74E59->81367453-3bf0-4298-8a83-8d5c3816df16: receive RaftClientReply:client-CB1B8AC74E59->81367453-3bf0-4298-8a83-8d5c3816df16@group-F6EC397515C5, cid=3167, SUCCESS, logIndex=4360, commits[81367453-3bf0-4298-8a83-8d5c3816df16:c4361]
2019-09-03 20:26:25,547 [grpc-default-executor-1] INFO  client.GrpcClientProtocolClient (GrpcClientProtocolClient.java:onNext(255)) - client-CB1B8AC74E59->81367453-3bf0-4298-8a83-8d5c3816df16: receive RaftClientReply:client-CB1B8AC74E59->81367453-3bf0-4298-8a83-8d5c3816df16@group-F6EC397515C5, cid=3168, SUCCESS, logIndex=4361, commits[81367453-3bf0-4298-8a83-8d5c3816df16:c4361]
2019-09-03 20:26:25,568 [grpc-default-executor-2] INFO  client.GrpcClientProtocolClient (GrpcClientProtocolClient.java:onNext(255)) - client-CB1B8AC74E59->81367453-3bf0-4298-8a83-8d5c3816df16: receive RaftClientReply:client-CB1B8AC74E59->81367453-3bf0-4298-8a83-8d5c3816df16@group-F6EC397515C5, cid=3169, SUCCESS, logIndex=4364, commits[81367453-3bf0-4298-8a83-8d5c3816df16:c4365]
2019-09-03 20:26:25,569 [grpc-default-executor-2] INFO  client.GrpcClientProtocolClient (GrpcClientProtocolClient.java:onNext(255)) - client-CB1B8AC74E59->81367453-3bf0-4298-8a83-8d5c3816df16: receive RaftClientReply:client-CB1B8AC74E59->81367453-3bf0-4298-8a83-8d5c3816df16@group-F6EC397515C5, cid=3170, SUCCESS, logIndex=4365, commits[81367453-3bf0-4298-8a83-8d5c3816df16:c4367]
2019-09-03 20:26:25,569 [grpc-default-executor-2] INFO  client.GrpcClientProtocolClient (GrpcClientProtocolClient.java:onNext(255)) - client-CB1B8AC74E59->81367453-3bf0-4298-8a83-8d5c3816df16: receive RaftClientReply:client-CB1B8AC74E59->81367453-3bf0-4298-8a83-8d5c3816df16@group-F6EC397515C5, cid=3171, SUCCESS, logIndex=4366, commits[81367453-3bf0-4298-8a83-8d5c3816df16:c4367]
2019-09-03 20:26:25,569 [grpc-default-executor-2] INFO  client.GrpcClientProtocolClient (GrpcClientProtocolClient.java:onNext(255)) - client-CB1B8AC74E59->81367453-3bf0-4298-8a83-8d5c3816df16: receive RaftClientReply:client-CB1B8AC74E59->81367453-3bf0-4298-8a83-8d5c3816df16@group-F6EC397515C5, cid=3172, SUCCESS, logIndex=4367, commits[81367453-3bf0-4298-8a83-8d5c3816df16:c4368]
2019-09-03 20:26:25,583 [grpc-default-executor-2] INFO  client.GrpcClientProtocolClient (GrpcClientProtocolClient.java:onNext(255)) - client-CB1B8AC74E59->81367453-3bf0-4298-8a83-8d5c3816df16: receive RaftClientReply:client-CB1B8AC74E59->81367453-3bf0-4298-8a83-8d5c3816df16@group-F6EC397515C5, cid=3173, SUCCESS, logIndex=4370, commits[81367453-3bf0-4298-8a83-8d5c3816df16:c4371]
2019-09-03 20:26:25,583 [grpc-default-executor-2] INFO  client.GrpcClientProtocolClient (GrpcClientProtocolClient.java:onNext(255)) - client-CB1B8AC74E59->81367453-3bf0-4298-8a83-8d5c3816df16: receive RaftClientReply:client-CB1B8AC74E59->81367453-3bf0-4298-8a83-8d5c3816df16@group-F6EC397515C5, cid=3174, SUCCESS, logIndex=4371, commits[81367453-3bf0-4298-8a83-8d5c3816df16:c4373]
2019-09-03 20:26:25,583 [grpc-default-executor-2] INFO  client.GrpcClientProtocolClient (GrpcClientProtocolClient.java:onNext(255)) - client-CB1B8AC74E59->81367453-3bf0-4298-8a83-8d5c3816df16: receive RaftClientReply:client-CB1B8AC74E59->81367453-3bf0-4298-8a83-8d5c3816df16@group-F6EC397515C5, cid=3175, SUCCESS, logIndex=4372, commits[81367453-3bf0-4298-8a83-8d5c3816df16:c4374]
2019-09-03 20:26:25,584 [grpc-default-executor-2] INFO  client.GrpcClientProtocolClient (GrpcClientProtocolClient.java:onNext(255)) - client-CB1B8AC74E59->81367453-3bf0-4298-8a83-8d5c3816df16: receive RaftClientReply:client-CB1B8AC74E59->81367453-3bf0-4298-8a83-8d5c3816df16@group-F6EC397515C5, cid=3176, SUCCESS, logIndex=4373, commits[81367453-3bf0-4298-8a83-8d5c3816df16:c4375]
2019-09-03 20:26:25,606 [SCMBlockDeletingService#1] DEBUG block.SCMBlockDeletingService (SCMBlockDeletingService.java:call(138)) - Running DeletedBlockTransactionScanner
2019-09-03 20:26:25,606 [SCMBlockDeletingService#1] DEBUG block.SCMBlockDeletingService (SCMBlockDeletingService.java:call(155)) - Scanned deleted blocks log and got 0 delTX to process.
2019-09-03 20:26:25,621 [grpc-default-executor-1] INFO  client.GrpcClientProtocolClient (GrpcClientProtocolClient.java:onNext(255)) - client-CB1B8AC74E59->81367453-3bf0-4298-8a83-8d5c3816df16: receive RaftClientReply:client-CB1B8AC74E59->81367453-3bf0-4298-8a83-8d5c3816df16@group-F6EC397515C5, cid=3177, SUCCESS, logIndex=4376, commits[81367453-3bf0-4298-8a83-8d5c3816df16:c4379]
2019-09-03 20:26:25,621 [grpc-default-executor-1] INFO  client.GrpcClientProtocolClient (GrpcClientProtocolClient.java:onNext(255)) - client-CB1B8AC74E59->81367453-3bf0-4298-8a83-8d5c3816df16: receive RaftClientReply:client-CB1B8AC74E59->81367453-3bf0-4298-8a83-8d5c3816df16@group-F6EC397515C5, cid=3178, SUCCESS, logIndex=4377, commits[81367453-3bf0-4298-8a83-8d5c3816df16:c4379]
2019-09-03 20:26:25,621 [grpc-default-executor-1] INFO  client.GrpcClientProtocolClient (GrpcClientProtocolClient.java:onNext(255)) - client-CB1B8AC74E59->81367453-3bf0-4298-8a83-8d5c3816df16: receive RaftClientReply:client-CB1B8AC74E59->81367453-3bf0-4298-8a83-8d5c3816df16@group-F6EC397515C5, cid=3179, SUCCESS, logIndex=4378, commits[81367453-3bf0-4298-8a83-8d5c3816df16:c4379]
2019-09-03 20:26:25,622 [grpc-default-executor-1] INFO  client.GrpcClientProtocolClient (GrpcClientProtocolClient.java:onNext(255)) - client-CB1B8AC74E59->81367453-3bf0-4298-8a83-8d5c3816df16: receive RaftClientReply:client-CB1B8AC74E59->81367453-3bf0-4298-8a83-8d5c3816df16@group-F6EC397515C5, cid=3180, SUCCESS, logIndex=4379, commits[81367453-3bf0-4298-8a83-8d5c3816df16:c4379]
2019-09-03 20:26:25,644 [grpc-default-executor-2] INFO  client.GrpcClientProtocolClient (GrpcClientProtocolClient.java:onNext(255)) - client-CB1B8AC74E59->81367453-3bf0-4298-8a83-8d5c3816df16: receive RaftClientReply:client-CB1B8AC74E59->81367453-3bf0-4298-8a83-8d5c3816df16@group-F6EC397515C5, cid=3181, SUCCESS, logIndex=4381, commits[81367453-3bf0-4298-8a83-8d5c3816df16:c4382]
2019-09-03 20:26:25,644 [grpc-default-executor-2] INFO  client.GrpcClientProtocolClient (GrpcClientProtocolClient.java:onNext(255)) - client-CB1B8AC74E59->81367453-3bf0-4298-8a83-8d5c3816df16: receive RaftClientReply:client-CB1B8AC74E59->81367453-3bf0-4298-8a83-8d5c3816df16@group-F6EC397515C5, cid=3182, SUCCESS, logIndex=4382, commits[81367453-3bf0-4298-8a83-8d5c3816df16:c4382]
2019-09-03 20:26:25,706 [SCMBlockDeletingService#1] DEBUG block.SCMBlockDeletingService (SCMBlockDeletingService.java:call(138)) - Running DeletedBlockTransactionScanner
2019-09-03 20:26:25,707 [SCMBlockDeletingService#1] DEBUG block.SCMBlockDeletingService (SCMBlockDeletingService.java:call(155)) - Scanned deleted blocks log and got 0 delTX to process.
2019-09-03 20:26:25,754 [grpc-default-executor-1] INFO  client.GrpcClientProtocolClient (GrpcClientProtocolClient.java:onNext(255)) - client-CB1B8AC74E59->81367453-3bf0-4298-8a83-8d5c3816df16: receive RaftClientReply:client-CB1B8AC74E59->81367453-3bf0-4298-8a83-8d5c3816df16@group-F6EC397515C5, cid=3183, SUCCESS, logIndex=4384, commits[81367453-3bf0-4298-8a83-8d5c3816df16:c4385]
2019-09-03 20:26:25,754 [grpc-default-executor-1] INFO  client.GrpcClientProtocolClient (GrpcClientProtocolClient.java:onNext(255)) - client-CB1B8AC74E59->81367453-3bf0-4298-8a83-8d5c3816df16: receive RaftClientReply:client-CB1B8AC74E59->81367453-3bf0-4298-8a83-8d5c3816df16@group-F6EC397515C5, cid=3184, SUCCESS, logIndex=4385, commits[81367453-3bf0-4298-8a83-8d5c3816df16:c4386]
2019-09-03 20:26:25,793 [grpc-default-executor-2] INFO  client.GrpcClientProtocolClient (GrpcClientProtocolClient.java:onNext(255)) - client-CB1B8AC74E59->81367453-3bf0-4298-8a83-8d5c3816df16: receive RaftClientReply:client-CB1B8AC74E59->81367453-3bf0-4298-8a83-8d5c3816df16@group-F6EC397515C5, cid=3185, SUCCESS, logIndex=4387, commits[81367453-3bf0-4298-8a83-8d5c3816df16:c4388]
2019-09-03 20:26:25,794 [grpc-default-executor-2] INFO  client.GrpcClientProtocolClient (GrpcClientProtocolClient.java:onNext(255)) - client-CB1B8AC74E59->81367453-3bf0-4298-8a83-8d5c3816df16: receive RaftClientReply:client-CB1B8AC74E59->81367453-3bf0-4298-8a83-8d5c3816df16@group-F6EC397515C5, cid=3186, SUCCESS, logIndex=4388, commits[81367453-3bf0-4298-8a83-8d5c3816df16:c4390]
2019-09-03 20:26:25,794 [grpc-default-executor-2] INFO  client.GrpcClientProtocolClient (GrpcClientProtocolClient.java:onNext(255)) - client-CB1B8AC74E59->81367453-3bf0-4298-8a83-8d5c3816df16: receive RaftClientReply:client-CB1B8AC74E59->81367453-3bf0-4298-8a83-8d5c3816df16@group-F6EC397515C5, cid=3187, SUCCESS, logIndex=4389, commits[81367453-3bf0-4298-8a83-8d5c3816df16:c4390]
2019-09-03 20:26:25,794 [grpc-default-executor-2] INFO  client.GrpcClientProtocolClient (GrpcClientProtocolClient.java:onNext(255)) - client-CB1B8AC74E59->81367453-3bf0-4298-8a83-8d5c3816df16: receive RaftClientReply:client-CB1B8AC74E59->81367453-3bf0-4298-8a83-8d5c3816df16@group-F6EC397515C5, cid=3188, SUCCESS, logIndex=4390, commits[81367453-3bf0-4298-8a83-8d5c3816df16:c4390]
2019-09-03 20:26:25,807 [SCMBlockDeletingService#1] DEBUG block.SCMBlockDeletingService (SCMBlockDeletingService.java:call(138)) - Running DeletedBlockTransactionScanner
2019-09-03 20:26:25,807 [SCMBlockDeletingService#1] DEBUG block.SCMBlockDeletingService (SCMBlockDeletingService.java:call(155)) - Scanned deleted blocks log and got 0 delTX to process.
2019-09-03 20:26:25,879 [grpc-default-executor-2] INFO  client.GrpcClientProtocolClient (GrpcClientProtocolClient.java:onNext(255)) - client-CB1B8AC74E59->81367453-3bf0-4298-8a83-8d5c3816df16: receive RaftClientReply:client-CB1B8AC74E59->81367453-3bf0-4298-8a83-8d5c3816df16@group-F6EC397515C5, cid=3189, SUCCESS, logIndex=4393, commits[81367453-3bf0-4298-8a83-8d5c3816df16:c4396]
2019-09-03 20:26:25,879 [grpc-default-executor-2] INFO  client.GrpcClientProtocolClient (GrpcClientProtocolClient.java:onNext(255)) - client-CB1B8AC74E59->81367453-3bf0-4298-8a83-8d5c3816df16: receive RaftClientReply:client-CB1B8AC74E59->81367453-3bf0-4298-8a83-8d5c3816df16@group-F6EC397515C5, cid=3190, SUCCESS, logIndex=4394, commits[81367453-3bf0-4298-8a83-8d5c3816df16:c4397]
2019-09-03 20:26:25,880 [grpc-default-executor-2] INFO  client.GrpcClientProtocolClient (GrpcClientProtocolClient.java:onNext(255)) - client-CB1B8AC74E59->81367453-3bf0-4298-8a83-8d5c3816df16: receive RaftClientReply:client-CB1B8AC74E59->81367453-3bf0-4298-8a83-8d5c3816df16@group-F6EC397515C5, cid=3191, SUCCESS, logIndex=4395, commits[81367453-3bf0-4298-8a83-8d5c3816df16:c4397]
2019-09-03 20:26:25,880 [grpc-default-executor-2] INFO  client.GrpcClientProtocolClient (GrpcClientProtocolClient.java:onNext(255)) - client-CB1B8AC74E59->81367453-3bf0-4298-8a83-8d5c3816df16: receive RaftClientReply:client-CB1B8AC74E59->81367453-3bf0-4298-8a83-8d5c3816df16@group-F6EC397515C5, cid=3192, SUCCESS, logIndex=4396, commits[81367453-3bf0-4298-8a83-8d5c3816df16:c4397]
2019-09-03 20:26:25,908 [SCMBlockDeletingService#0] DEBUG block.SCMBlockDeletingService (SCMBlockDeletingService.java:call(138)) - Running DeletedBlockTransactionScanner
2019-09-03 20:26:25,908 [SCMBlockDeletingService#0] DEBUG block.SCMBlockDeletingService (SCMBlockDeletingService.java:call(155)) - Scanned deleted blocks log and got 0 delTX to process.
2019-09-03 20:26:25,909 [grpc-default-executor-1] INFO  client.GrpcClientProtocolClient (GrpcClientProtocolClient.java:onNext(255)) - client-CB1B8AC74E59->81367453-3bf0-4298-8a83-8d5c3816df16: receive RaftClientReply:client-CB1B8AC74E59->81367453-3bf0-4298-8a83-8d5c3816df16@group-F6EC397515C5, cid=3193, SUCCESS, logIndex=4398, commits[81367453-3bf0-4298-8a83-8d5c3816df16:c4399]
2019-09-03 20:26:25,910 [grpc-default-executor-1] INFO  client.GrpcClientProtocolClient (GrpcClientProtocolClient.java:onNext(255)) - client-CB1B8AC74E59->81367453-3bf0-4298-8a83-8d5c3816df16: receive RaftClientReply:client-CB1B8AC74E59->81367453-3bf0-4298-8a83-8d5c3816df16@group-F6EC397515C5, cid=3194, SUCCESS, logIndex=4399, commits[81367453-3bf0-4298-8a83-8d5c3816df16:c4401]
2019-09-03 20:26:25,910 [grpc-default-executor-1] INFO  client.GrpcClientProtocolClient (GrpcClientProtocolClient.java:onNext(255)) - client-CB1B8AC74E59->81367453-3bf0-4298-8a83-8d5c3816df16: receive RaftClientReply:client-CB1B8AC74E59->81367453-3bf0-4298-8a83-8d5c3816df16@group-F6EC397515C5, cid=3195, SUCCESS, logIndex=4400, commits[81367453-3bf0-4298-8a83-8d5c3816df16:c4402]
2019-09-03 20:26:25,911 [grpc-default-executor-1] INFO  client.GrpcClientProtocolClient (GrpcClientProtocolClient.java:onNext(255)) - client-CB1B8AC74E59->81367453-3bf0-4298-8a83-8d5c3816df16: receive RaftClientReply:client-CB1B8AC74E59->81367453-3bf0-4298-8a83-8d5c3816df16@group-F6EC397515C5, cid=3196, SUCCESS, logIndex=4401, commits[81367453-3bf0-4298-8a83-8d5c3816df16:c4402]
2019-09-03 20:26:25,972 [grpc-default-executor-2] INFO  client.GrpcClientProtocolClient (GrpcClientProtocolClient.java:onNext(255)) - client-CB1B8AC74E59->81367453-3bf0-4298-8a83-8d5c3816df16: receive RaftClientReply:client-CB1B8AC74E59->81367453-3bf0-4298-8a83-8d5c3816df16@group-F6EC397515C5, cid=3197, SUCCESS, logIndex=4404, commits[81367453-3bf0-4298-8a83-8d5c3816df16:c4405]
2019-09-03 20:26:25,972 [grpc-default-executor-2] INFO  client.GrpcClientProtocolClient (GrpcClientProtocolClient.java:onNext(255)) - client-CB1B8AC74E59->81367453-3bf0-4298-8a83-8d5c3816df16: receive RaftClientReply:client-CB1B8AC74E59->81367453-3bf0-4298-8a83-8d5c3816df16@group-F6EC397515C5, cid=3198, SUCCESS, logIndex=4405, commits[81367453-3bf0-4298-8a83-8d5c3816df16:c4405]
2019-09-03 20:26:26,008 [SCMBlockDeletingService#0] DEBUG block.SCMBlockDeletingService (SCMBlockDeletingService.java:call(138)) - Running DeletedBlockTransactionScanner
2019-09-03 20:26:26,009 [SCMBlockDeletingService#0] DEBUG block.SCMBlockDeletingService (SCMBlockDeletingService.java:call(155)) - Scanned deleted blocks log and got 0 delTX to process.
2019-09-03 20:26:26,009 [grpc-default-executor-2] INFO  client.GrpcClientProtocolClient (GrpcClientProtocolClient.java:onNext(255)) - client-CB1B8AC74E59->81367453-3bf0-4298-8a83-8d5c3816df16: receive RaftClientReply:client-CB1B8AC74E59->81367453-3bf0-4298-8a83-8d5c3816df16@group-F6EC397515C5, cid=3199, SUCCESS, logIndex=4406, commits[81367453-3bf0-4298-8a83-8d5c3816df16:c4407]
2019-09-03 20:26:26,009 [grpc-default-executor-2] INFO  client.GrpcClientProtocolClient (GrpcClientProtocolClient.java:onNext(255)) - client-CB1B8AC74E59->81367453-3bf0-4298-8a83-8d5c3816df16: receive RaftClientReply:client-CB1B8AC74E59->81367453-3bf0-4298-8a83-8d5c3816df16@group-F6EC397515C5, cid=3200, SUCCESS, logIndex=4407, commits[81367453-3bf0-4298-8a83-8d5c3816df16:c4407]
2019-09-03 20:26:26,051 [grpc-default-executor-2] INFO  client.GrpcClientProtocolClient (GrpcClientProtocolClient.java:onNext(255)) - client-CB1B8AC74E59->81367453-3bf0-4298-8a83-8d5c3816df16: receive RaftClientReply:client-CB1B8AC74E59->81367453-3bf0-4298-8a83-8d5c3816df16@group-F6EC397515C5, cid=3201, SUCCESS, logIndex=4410, commits[81367453-3bf0-4298-8a83-8d5c3816df16:c4413]
2019-09-03 20:26:26,051 [grpc-default-executor-2] INFO  client.GrpcClientProtocolClient (GrpcClientProtocolClient.java:onNext(255)) - client-CB1B8AC74E59->81367453-3bf0-4298-8a83-8d5c3816df16: receive RaftClientReply:client-CB1B8AC74E59->81367453-3bf0-4298-8a83-8d5c3816df16@group-F6EC397515C5, cid=3202, SUCCESS, logIndex=4411, commits[81367453-3bf0-4298-8a83-8d5c3816df16:c4413]
2019-09-03 20:26:26,052 [grpc-default-executor-2] INFO  client.GrpcClientProtocolClient (GrpcClientProtocolClient.java:onNext(255)) - client-CB1B8AC74E59->81367453-3bf0-4298-8a83-8d5c3816df16: receive RaftClientReply:client-CB1B8AC74E59->81367453-3bf0-4298-8a83-8d5c3816df16@group-F6EC397515C5, cid=3203, SUCCESS, logIndex=4412, commits[81367453-3bf0-4298-8a83-8d5c3816df16:c4414]
2019-09-03 20:26:26,052 [grpc-default-executor-2] INFO  client.GrpcClientProtocolClient (GrpcClientProtocolClient.java:onNext(255)) - client-CB1B8AC74E59->81367453-3bf0-4298-8a83-8d5c3816df16: receive RaftClientReply:client-CB1B8AC74E59->81367453-3bf0-4298-8a83-8d5c3816df16@group-F6EC397515C5, cid=3204, SUCCESS, logIndex=4413, commits[81367453-3bf0-4298-8a83-8d5c3816df16:c4414]
2019-09-03 20:26:26,077 [grpc-default-executor-1] INFO  client.GrpcClientProtocolClient (GrpcClientProtocolClient.java:onNext(255)) - client-CB1B8AC74E59->81367453-3bf0-4298-8a83-8d5c3816df16: receive RaftClientReply:client-CB1B8AC74E59->81367453-3bf0-4298-8a83-8d5c3816df16@group-F6EC397515C5, cid=3205, SUCCESS, logIndex=4415, commits[81367453-3bf0-4298-8a83-8d5c3816df16:c4418]
2019-09-03 20:26:26,078 [grpc-default-executor-1] INFO  client.GrpcClientProtocolClient (GrpcClientProtocolClient.java:onNext(255)) - client-CB1B8AC74E59->81367453-3bf0-4298-8a83-8d5c3816df16: receive RaftClientReply:client-CB1B8AC74E59->81367453-3bf0-4298-8a83-8d5c3816df16@group-F6EC397515C5, cid=3206, SUCCESS, logIndex=4416, commits[81367453-3bf0-4298-8a83-8d5c3816df16:c4418]
2019-09-03 20:26:26,078 [grpc-default-executor-1] INFO  client.GrpcClientProtocolClient (GrpcClientProtocolClient.java:onNext(255)) - client-CB1B8AC74E59->81367453-3bf0-4298-8a83-8d5c3816df16: receive RaftClientReply:client-CB1B8AC74E59->81367453-3bf0-4298-8a83-8d5c3816df16@group-F6EC397515C5, cid=3207, SUCCESS, logIndex=4417, commits[81367453-3bf0-4298-8a83-8d5c3816df16:c4418]
2019-09-03 20:26:26,078 [grpc-default-executor-1] INFO  client.GrpcClientProtocolClient (GrpcClientProtocolClient.java:onNext(255)) - client-CB1B8AC74E59->81367453-3bf0-4298-8a83-8d5c3816df16: receive RaftClientReply:client-CB1B8AC74E59->81367453-3bf0-4298-8a83-8d5c3816df16@group-F6EC397515C5, cid=3208, SUCCESS, logIndex=4418, commits[81367453-3bf0-4298-8a83-8d5c3816df16:c4418]
2019-09-03 20:26:26,109 [SCMBlockDeletingService#0] DEBUG block.SCMBlockDeletingService (SCMBlockDeletingService.java:call(138)) - Running DeletedBlockTransactionScanner
2019-09-03 20:26:26,110 [SCMBlockDeletingService#0] DEBUG block.SCMBlockDeletingService (SCMBlockDeletingService.java:call(155)) - Scanned deleted blocks log and got 0 delTX to process.
2019-09-03 20:26:26,120 [grpc-default-executor-2] INFO  client.GrpcClientProtocolClient (GrpcClientProtocolClient.java:onNext(255)) - client-CB1B8AC74E59->81367453-3bf0-4298-8a83-8d5c3816df16: receive RaftClientReply:client-CB1B8AC74E59->81367453-3bf0-4298-8a83-8d5c3816df16@group-F6EC397515C5, cid=3209, SUCCESS, logIndex=4420, commits[81367453-3bf0-4298-8a83-8d5c3816df16:c4421]
2019-09-03 20:26:26,121 [grpc-default-executor-2] INFO  client.GrpcClientProtocolClient (GrpcClientProtocolClient.java:onNext(255)) - client-CB1B8AC74E59->81367453-3bf0-4298-8a83-8d5c3816df16: receive RaftClientReply:client-CB1B8AC74E59->81367453-3bf0-4298-8a83-8d5c3816df16@group-F6EC397515C5, cid=3210, SUCCESS, logIndex=4421, commits[81367453-3bf0-4298-8a83-8d5c3816df16:c4421]
2019-09-03 20:26:26,127 [grpc-default-executor-2] INFO  client.GrpcClientProtocolClient (GrpcClientProtocolClient.java:onNext(255)) - client-CB1B8AC74E59->81367453-3bf0-4298-8a83-8d5c3816df16: receive RaftClientReply:client-CB1B8AC74E59->81367453-3bf0-4298-8a83-8d5c3816df16@group-F6EC397515C5, cid=3211, SUCCESS, logIndex=4422, commits[81367453-3bf0-4298-8a83-8d5c3816df16:c4423]
2019-09-03 20:26:26,128 [grpc-default-executor-2] INFO  client.GrpcClientProtocolClient (GrpcClientProtocolClient.java:onNext(255)) - client-CB1B8AC74E59->81367453-3bf0-4298-8a83-8d5c3816df16: receive RaftClientReply:client-CB1B8AC74E59->81367453-3bf0-4298-8a83-8d5c3816df16@group-F6EC397515C5, cid=3212, SUCCESS, logIndex=4423, commits[81367453-3bf0-4298-8a83-8d5c3816df16:c4423]
2019-09-03 20:26:26,153 [grpc-default-executor-1] INFO  client.GrpcClientProtocolClient (GrpcClientProtocolClient.java:onNext(255)) - client-CB1B8AC74E59->81367453-3bf0-4298-8a83-8d5c3816df16: receive RaftClientReply:client-CB1B8AC74E59->81367453-3bf0-4298-8a83-8d5c3816df16@group-F6EC397515C5, cid=3213, SUCCESS, logIndex=4426, commits[81367453-3bf0-4298-8a83-8d5c3816df16:c4429]
2019-09-03 20:26:26,153 [grpc-default-executor-1] INFO  client.GrpcClientProtocolClient (GrpcClientProtocolClient.java:onNext(255)) - client-CB1B8AC74E59->81367453-3bf0-4298-8a83-8d5c3816df16: receive RaftClientReply:client-CB1B8AC74E59->81367453-3bf0-4298-8a83-8d5c3816df16@group-F6EC397515C5, cid=3214, SUCCESS, logIndex=4427, commits[81367453-3bf0-4298-8a83-8d5c3816df16:c4429]
2019-09-03 20:26:26,154 [grpc-default-executor-1] INFO  client.GrpcClientProtocolClient (GrpcClientProtocolClient.java:onNext(255)) - client-CB1B8AC74E59->81367453-3bf0-4298-8a83-8d5c3816df16: receive RaftClientReply:client-CB1B8AC74E59->81367453-3bf0-4298-8a83-8d5c3816df16@group-F6EC397515C5, cid=3215, SUCCESS, logIndex=4428, commits[81367453-3bf0-4298-8a83-8d5c3816df16:c4429]
2019-09-03 20:26:26,154 [grpc-default-executor-1] INFO  client.GrpcClientProtocolClient (GrpcClientProtocolClient.java:onNext(255)) - client-CB1B8AC74E59->81367453-3bf0-4298-8a83-8d5c3816df16: receive RaftClientReply:client-CB1B8AC74E59->81367453-3bf0-4298-8a83-8d5c3816df16@group-F6EC397515C5, cid=3216, SUCCESS, logIndex=4429, commits[81367453-3bf0-4298-8a83-8d5c3816df16:c4429]
2019-09-03 20:26:26,181 [grpc-default-executor-1] INFO  client.GrpcClientProtocolClient (GrpcClientProtocolClient.java:onNext(255)) - client-CB1B8AC74E59->81367453-3bf0-4298-8a83-8d5c3816df16: receive RaftClientReply:client-CB1B8AC74E59->81367453-3bf0-4298-8a83-8d5c3816df16@group-F6EC397515C5, cid=3217, SUCCESS, logIndex=4431, commits[81367453-3bf0-4298-8a83-8d5c3816df16:c4432]
2019-09-03 20:26:26,181 [grpc-default-executor-1] INFO  client.GrpcClientProtocolClient (GrpcClientProtocolClient.java:onNext(255)) - client-CB1B8AC74E59->81367453-3bf0-4298-8a83-8d5c3816df16: receive RaftClientReply:client-CB1B8AC74E59->81367453-3bf0-4298-8a83-8d5c3816df16@group-F6EC397515C5, cid=3218, SUCCESS, logIndex=4432, commits[81367453-3bf0-4298-8a83-8d5c3816df16:c4432]
2019-09-03 20:26:26,187 [grpc-default-executor-1] INFO  client.GrpcClientProtocolClient (GrpcClientProtocolClient.java:onNext(255)) - client-CB1B8AC74E59->81367453-3bf0-4298-8a83-8d5c3816df16: receive RaftClientReply:client-CB1B8AC74E59->81367453-3bf0-4298-8a83-8d5c3816df16@group-F6EC397515C5, cid=3219, SUCCESS, logIndex=4433, commits[81367453-3bf0-4298-8a83-8d5c3816df16:c4435]
2019-09-03 20:26:26,188 [grpc-default-executor-1] INFO  client.GrpcClientProtocolClient (GrpcClientProtocolClient.java:onNext(255)) - client-CB1B8AC74E59->81367453-3bf0-4298-8a83-8d5c3816df16: receive RaftClientReply:client-CB1B8AC74E59->81367453-3bf0-4298-8a83-8d5c3816df16@group-F6EC397515C5, cid=3220, SUCCESS, logIndex=4434, commits[81367453-3bf0-4298-8a83-8d5c3816df16:c4435]
2019-09-03 20:26:26,208 [grpc-default-executor-2] INFO  client.GrpcClientProtocolClient (GrpcClientProtocolClient.java:onNext(255)) - client-CB1B8AC74E59->81367453-3bf0-4298-8a83-8d5c3816df16: receive RaftClientReply:client-CB1B8AC74E59->81367453-3bf0-4298-8a83-8d5c3816df16@group-F6EC397515C5, cid=3221, SUCCESS, logIndex=4436, commits[81367453-3bf0-4298-8a83-8d5c3816df16:c4437]
2019-09-03 20:26:26,209 [grpc-default-executor-2] INFO  client.GrpcClientProtocolClient (GrpcClientProtocolClient.java:onNext(255)) - client-CB1B8AC74E59->81367453-3bf0-4298-8a83-8d5c3816df16: receive RaftClientReply:client-CB1B8AC74E59->81367453-3bf0-4298-8a83-8d5c3816df16@group-F6EC397515C5, cid=3222, SUCCESS, logIndex=4437, commits[81367453-3bf0-4298-8a83-8d5c3816df16:c4437]
2019-09-03 20:26:26,210 [SCMBlockDeletingService#0] DEBUG block.SCMBlockDeletingService (SCMBlockDeletingService.java:call(138)) - Running DeletedBlockTransactionScanner
2019-09-03 20:26:26,210 [SCMBlockDeletingService#0] DEBUG block.SCMBlockDeletingService (SCMBlockDeletingService.java:call(155)) - Scanned deleted blocks log and got 0 delTX to process.
2019-09-03 20:26:26,212 [grpc-default-executor-2] INFO  client.GrpcClientProtocolClient (GrpcClientProtocolClient.java:onNext(255)) - client-CB1B8AC74E59->81367453-3bf0-4298-8a83-8d5c3816df16: receive RaftClientReply:client-CB1B8AC74E59->81367453-3bf0-4298-8a83-8d5c3816df16@group-F6EC397515C5, cid=3223, SUCCESS, logIndex=4438, commits[81367453-3bf0-4298-8a83-8d5c3816df16:c4439]
2019-09-03 20:26:26,213 [grpc-default-executor-2] INFO  client.GrpcClientProtocolClient (GrpcClientProtocolClient.java:onNext(255)) - client-CB1B8AC74E59->81367453-3bf0-4298-8a83-8d5c3816df16: receive RaftClientReply:client-CB1B8AC74E59->81367453-3bf0-4298-8a83-8d5c3816df16@group-F6EC397515C5, cid=3224, SUCCESS, logIndex=4439, commits[81367453-3bf0-4298-8a83-8d5c3816df16:c4439]
2019-09-03 20:26:26,371 [SCMBlockDeletingService#0] DEBUG block.SCMBlockDeletingService (SCMBlockDeletingService.java:call(138)) - Running DeletedBlockTransactionScanner
2019-09-03 20:26:26,371 [SCMBlockDeletingService#0] DEBUG block.SCMBlockDeletingService (SCMBlockDeletingService.java:call(155)) - Scanned deleted blocks log and got 0 delTX to process.
2019-09-03 20:26:26,384 [grpc-default-executor-2] INFO  client.GrpcClientProtocolClient (GrpcClientProtocolClient.java:onNext(255)) - client-CB1B8AC74E59->81367453-3bf0-4298-8a83-8d5c3816df16: receive RaftClientReply:client-CB1B8AC74E59->81367453-3bf0-4298-8a83-8d5c3816df16@group-F6EC397515C5, cid=3225, SUCCESS, logIndex=4442, commits[81367453-3bf0-4298-8a83-8d5c3816df16:c4443]
2019-09-03 20:26:26,384 [grpc-default-executor-2] INFO  client.GrpcClientProtocolClient (GrpcClientProtocolClient.java:onNext(255)) - client-CB1B8AC74E59->81367453-3bf0-4298-8a83-8d5c3816df16: receive RaftClientReply:client-CB1B8AC74E59->81367453-3bf0-4298-8a83-8d5c3816df16@group-F6EC397515C5, cid=3226, SUCCESS, logIndex=4443, commits[81367453-3bf0-4298-8a83-8d5c3816df16:c4443]
2019-09-03 20:26:26,472 [SCMBlockDeletingService#0] DEBUG block.SCMBlockDeletingService (SCMBlockDeletingService.java:call(138)) - Running DeletedBlockTransactionScanner
2019-09-03 20:26:26,472 [SCMBlockDeletingService#0] DEBUG block.SCMBlockDeletingService (SCMBlockDeletingService.java:call(155)) - Scanned deleted blocks log and got 0 delTX to process.
2019-09-03 20:26:26,507 [grpc-default-executor-1] INFO  client.GrpcClientProtocolClient (GrpcClientProtocolClient.java:onNext(255)) - client-CB1B8AC74E59->81367453-3bf0-4298-8a83-8d5c3816df16: receive RaftClientReply:client-CB1B8AC74E59->81367453-3bf0-4298-8a83-8d5c3816df16@group-F6EC397515C5, cid=3227, SUCCESS, logIndex=4445, commits[81367453-3bf0-4298-8a83-8d5c3816df16:c4446]
2019-09-03 20:26:26,508 [grpc-default-executor-1] INFO  client.GrpcClientProtocolClient (GrpcClientProtocolClient.java:onNext(255)) - client-CB1B8AC74E59->81367453-3bf0-4298-8a83-8d5c3816df16: receive RaftClientReply:client-CB1B8AC74E59->81367453-3bf0-4298-8a83-8d5c3816df16@group-F6EC397515C5, cid=3228, SUCCESS, logIndex=4446, commits[81367453-3bf0-4298-8a83-8d5c3816df16:c4446]
2019-09-03 20:26:26,527 [grpc-default-executor-2] INFO  client.GrpcClientProtocolClient (GrpcClientProtocolClient.java:onNext(255)) - client-CB1B8AC74E59->81367453-3bf0-4298-8a83-8d5c3816df16: receive RaftClientReply:client-CB1B8AC74E59->81367453-3bf0-4298-8a83-8d5c3816df16@group-F6EC397515C5, cid=3229, SUCCESS, logIndex=4448, commits[81367453-3bf0-4298-8a83-8d5c3816df16:c4449]
2019-09-03 20:26:26,527 [grpc-default-executor-2] INFO  client.GrpcClientProtocolClient (GrpcClientProtocolClient.java:onNext(255)) - client-CB1B8AC74E59->81367453-3bf0-4298-8a83-8d5c3816df16: receive RaftClientReply:client-CB1B8AC74E59->81367453-3bf0-4298-8a83-8d5c3816df16@group-F6EC397515C5, cid=3230, SUCCESS, logIndex=4449, commits[81367453-3bf0-4298-8a83-8d5c3816df16:c4449]
2019-09-03 20:26:26,538 [grpc-default-executor-2] INFO  client.GrpcClientProtocolClient (GrpcClientProtocolClient.java:onNext(255)) - client-CB1B8AC74E59->81367453-3bf0-4298-8a83-8d5c3816df16: receive RaftClientReply:client-CB1B8AC74E59->81367453-3bf0-4298-8a83-8d5c3816df16@group-F6EC397515C5, cid=3231, SUCCESS, logIndex=4450, commits[81367453-3bf0-4298-8a83-8d5c3816df16:c4451]
2019-09-03 20:26:26,539 [grpc-default-executor-2] INFO  client.GrpcClientProtocolClient (GrpcClientProtocolClient.java:onNext(255)) - client-CB1B8AC74E59->81367453-3bf0-4298-8a83-8d5c3816df16: receive RaftClientReply:client-CB1B8AC74E59->81367453-3bf0-4298-8a83-8d5c3816df16@group-F6EC397515C5, cid=3232, SUCCESS, logIndex=4451, commits[81367453-3bf0-4298-8a83-8d5c3816df16:c4451]
2019-09-03 20:26:26,562 [grpc-default-executor-1] INFO  client.GrpcClientProtocolClient (GrpcClientProtocolClient.java:onNext(255)) - client-CB1B8AC74E59->81367453-3bf0-4298-8a83-8d5c3816df16: receive RaftClientReply:client-CB1B8AC74E59->81367453-3bf0-4298-8a83-8d5c3816df16@group-F6EC397515C5, cid=3233, SUCCESS, logIndex=4454, commits[81367453-3bf0-4298-8a83-8d5c3816df16:c4455]
2019-09-03 20:26:26,563 [grpc-default-executor-1] INFO  client.GrpcClientProtocolClient (GrpcClientProtocolClient.java:onNext(255)) - client-CB1B8AC74E59->81367453-3bf0-4298-8a83-8d5c3816df16: receive RaftClientReply:client-CB1B8AC74E59->81367453-3bf0-4298-8a83-8d5c3816df16@group-F6EC397515C5, cid=3234, SUCCESS, logIndex=4455, commits[81367453-3bf0-4298-8a83-8d5c3816df16:c4455]
2019-09-03 20:26:26,565 [grpc-default-executor-1] INFO  client.GrpcClientProtocolClient (GrpcClientProtocolClient.java:onNext(255)) - client-CB1B8AC74E59->81367453-3bf0-4298-8a83-8d5c3816df16: receive RaftClientReply:client-CB1B8AC74E59->81367453-3bf0-4298-8a83-8d5c3816df16@group-F6EC397515C5, cid=3235, SUCCESS, logIndex=4456, commits[81367453-3bf0-4298-8a83-8d5c3816df16:c4457]
2019-09-03 20:26:26,566 [grpc-default-executor-1] INFO  client.GrpcClientProtocolClient (GrpcClientProtocolClient.java:onNext(255)) - client-CB1B8AC74E59->81367453-3bf0-4298-8a83-8d5c3816df16: receive RaftClientReply:client-CB1B8AC74E59->81367453-3bf0-4298-8a83-8d5c3816df16@group-F6EC397515C5, cid=3236, SUCCESS, logIndex=4457, commits[81367453-3bf0-4298-8a83-8d5c3816df16:c4457]
2019-09-03 20:26:26,573 [SCMBlockDeletingService#0] DEBUG block.SCMBlockDeletingService (SCMBlockDeletingService.java:call(138)) - Running DeletedBlockTransactionScanner
2019-09-03 20:26:26,573 [SCMBlockDeletingService#0] DEBUG block.SCMBlockDeletingService (SCMBlockDeletingService.java:call(155)) - Scanned deleted blocks log and got 0 delTX to process.
2019-09-03 20:26:26,589 [grpc-default-executor-1] INFO  client.GrpcClientProtocolClient (GrpcClientProtocolClient.java:onNext(255)) - client-CB1B8AC74E59->81367453-3bf0-4298-8a83-8d5c3816df16: receive RaftClientReply:client-CB1B8AC74E59->81367453-3bf0-4298-8a83-8d5c3816df16@group-F6EC397515C5, cid=3237, SUCCESS, logIndex=4460, commits[81367453-3bf0-4298-8a83-8d5c3816df16:c4463]
2019-09-03 20:26:26,589 [grpc-default-executor-1] INFO  client.GrpcClientProtocolClient (GrpcClientProtocolClient.java:onNext(255)) - client-CB1B8AC74E59->81367453-3bf0-4298-8a83-8d5c3816df16: receive RaftClientReply:client-CB1B8AC74E59->81367453-3bf0-4298-8a83-8d5c3816df16@group-F6EC397515C5, cid=3238, SUCCESS, logIndex=4461, commits[81367453-3bf0-4298-8a83-8d5c3816df16:c4463]
2019-09-03 20:26:26,590 [grpc-default-executor-1] INFO  client.GrpcClientProtocolClient (GrpcClientProtocolClient.java:onNext(255)) - client-CB1B8AC74E59->81367453-3bf0-4298-8a83-8d5c3816df16: receive RaftClientReply:client-CB1B8AC74E59->81367453-3bf0-4298-8a83-8d5c3816df16@group-F6EC397515C5, cid=3239, SUCCESS, logIndex=4462, commits[81367453-3bf0-4298-8a83-8d5c3816df16:c4463]
2019-09-03 20:26:26,590 [grpc-default-executor-1] INFO  client.GrpcClientProtocolClient (GrpcClientProtocolClient.java:onNext(255)) - client-CB1B8AC74E59->81367453-3bf0-4298-8a83-8d5c3816df16: receive RaftClientReply:client-CB1B8AC74E59->81367453-3bf0-4298-8a83-8d5c3816df16@group-F6EC397515C5, cid=3240, SUCCESS, logIndex=4463, commits[81367453-3bf0-4298-8a83-8d5c3816df16:c4463]
2019-09-03 20:26:26,639 [grpc-default-executor-2] INFO  client.GrpcClientProtocolClient (GrpcClientProtocolClient.java:onNext(255)) - client-CB1B8AC74E59->81367453-3bf0-4298-8a83-8d5c3816df16: receive RaftClientReply:client-CB1B8AC74E59->81367453-3bf0-4298-8a83-8d5c3816df16@group-F6EC397515C5, cid=3241, SUCCESS, logIndex=4465, commits[81367453-3bf0-4298-8a83-8d5c3816df16:c4466]
2019-09-03 20:26:26,640 [grpc-default-executor-2] INFO  client.GrpcClientProtocolClient (GrpcClientProtocolClient.java:onNext(255)) - client-CB1B8AC74E59->81367453-3bf0-4298-8a83-8d5c3816df16: receive RaftClientReply:client-CB1B8AC74E59->81367453-3bf0-4298-8a83-8d5c3816df16@group-F6EC397515C5, cid=3242, SUCCESS, logIndex=4466, commits[81367453-3bf0-4298-8a83-8d5c3816df16:c4466]
2019-09-03 20:26:26,646 [grpc-default-executor-2] INFO  client.GrpcClientProtocolClient (GrpcClientProtocolClient.java:onNext(255)) - client-CB1B8AC74E59->81367453-3bf0-4298-8a83-8d5c3816df16: receive RaftClientReply:client-CB1B8AC74E59->81367453-3bf0-4298-8a83-8d5c3816df16@group-F6EC397515C5, cid=3243, SUCCESS, logIndex=4467, commits[81367453-3bf0-4298-8a83-8d5c3816df16:c4468]
2019-09-03 20:26:26,647 [grpc-default-executor-2] INFO  client.GrpcClientProtocolClient (GrpcClientProtocolClient.java:onNext(255)) - client-CB1B8AC74E59->81367453-3bf0-4298-8a83-8d5c3816df16: receive RaftClientReply:client-CB1B8AC74E59->81367453-3bf0-4298-8a83-8d5c3816df16@group-F6EC397515C5, cid=3244, SUCCESS, logIndex=4468, commits[81367453-3bf0-4298-8a83-8d5c3816df16:c4468]
2019-09-03 20:26:26,664 [grpc-default-executor-1] INFO  client.GrpcClientProtocolClient (GrpcClientProtocolClient.java:onNext(255)) - client-CB1B8AC74E59->81367453-3bf0-4298-8a83-8d5c3816df16: receive RaftClientReply:client-CB1B8AC74E59->81367453-3bf0-4298-8a83-8d5c3816df16@group-F6EC397515C5, cid=3245, SUCCESS, logIndex=4471, commits[81367453-3bf0-4298-8a83-8d5c3816df16:c4474]
2019-09-03 20:26:26,664 [grpc-default-executor-1] INFO  client.GrpcClientProtocolClient (GrpcClientProtocolClient.java:onNext(255)) - client-CB1B8AC74E59->81367453-3bf0-4298-8a83-8d5c3816df16: receive RaftClientReply:client-CB1B8AC74E59->81367453-3bf0-4298-8a83-8d5c3816df16@group-F6EC397515C5, cid=3246, SUCCESS, logIndex=4472, commits[81367453-3bf0-4298-8a83-8d5c3816df16:c4474]
2019-09-03 20:26:26,665 [grpc-default-executor-1] INFO  client.GrpcClientProtocolClient (GrpcClientProtocolClient.java:onNext(255)) - client-CB1B8AC74E59->81367453-3bf0-4298-8a83-8d5c3816df16: receive RaftClientReply:client-CB1B8AC74E59->81367453-3bf0-4298-8a83-8d5c3816df16@group-F6EC397515C5, cid=3247, SUCCESS, logIndex=4473, commits[81367453-3bf0-4298-8a83-8d5c3816df16:c4474]
2019-09-03 20:26:26,665 [grpc-default-executor-1] INFO  client.GrpcClientProtocolClient (GrpcClientProtocolClient.java:onNext(255)) - client-CB1B8AC74E59->81367453-3bf0-4298-8a83-8d5c3816df16: receive RaftClientReply:client-CB1B8AC74E59->81367453-3bf0-4298-8a83-8d5c3816df16@group-F6EC397515C5, cid=3248, SUCCESS, logIndex=4474, commits[81367453-3bf0-4298-8a83-8d5c3816df16:c4474]
2019-09-03 20:26:26,673 [SCMBlockDeletingService#0] DEBUG block.SCMBlockDeletingService (SCMBlockDeletingService.java:call(138)) - Running DeletedBlockTransactionScanner
2019-09-03 20:26:26,673 [SCMBlockDeletingService#0] DEBUG block.SCMBlockDeletingService (SCMBlockDeletingService.java:call(155)) - Scanned deleted blocks log and got 0 delTX to process.
2019-09-03 20:26:26,702 [grpc-default-executor-2] INFO  client.GrpcClientProtocolClient (GrpcClientProtocolClient.java:onNext(255)) - client-CB1B8AC74E59->81367453-3bf0-4298-8a83-8d5c3816df16: receive RaftClientReply:client-CB1B8AC74E59->81367453-3bf0-4298-8a83-8d5c3816df16@group-F6EC397515C5, cid=3249, SUCCESS, logIndex=4476, commits[81367453-3bf0-4298-8a83-8d5c3816df16:c4479]
2019-09-03 20:26:26,703 [grpc-default-executor-2] INFO  client.GrpcClientProtocolClient (GrpcClientProtocolClient.java:onNext(255)) - client-CB1B8AC74E59->81367453-3bf0-4298-8a83-8d5c3816df16: receive RaftClientReply:client-CB1B8AC74E59->81367453-3bf0-4298-8a83-8d5c3816df16@group-F6EC397515C5, cid=3250, SUCCESS, logIndex=4477, commits[81367453-3bf0-4298-8a83-8d5c3816df16:c4479]
2019-09-03 20:26:26,704 [grpc-default-executor-2] INFO  client.GrpcClientProtocolClient (GrpcClientProtocolClient.java:onNext(255)) - client-CB1B8AC74E59->81367453-3bf0-4298-8a83-8d5c3816df16: receive RaftClientReply:client-CB1B8AC74E59->81367453-3bf0-4298-8a83-8d5c3816df16@group-F6EC397515C5, cid=3251, SUCCESS, logIndex=4478, commits[81367453-3bf0-4298-8a83-8d5c3816df16:c4479]
2019-09-03 20:26:26,704 [grpc-default-executor-2] INFO  client.GrpcClientProtocolClient (GrpcClientProtocolClient.java:onNext(255)) - client-CB1B8AC74E59->81367453-3bf0-4298-8a83-8d5c3816df16: receive RaftClientReply:client-CB1B8AC74E59->81367453-3bf0-4298-8a83-8d5c3816df16@group-F6EC397515C5, cid=3252, SUCCESS, logIndex=4479, commits[81367453-3bf0-4298-8a83-8d5c3816df16:c4479]
2019-09-03 20:26:26,717 [grpc-default-executor-2] INFO  client.GrpcClientProtocolClient (GrpcClientProtocolClient.java:onNext(255)) - client-CB1B8AC74E59->81367453-3bf0-4298-8a83-8d5c3816df16: receive RaftClientReply:client-CB1B8AC74E59->81367453-3bf0-4298-8a83-8d5c3816df16@group-F6EC397515C5, cid=3253, SUCCESS, logIndex=4481, commits[81367453-3bf0-4298-8a83-8d5c3816df16:c4482]
2019-09-03 20:26:26,717 [grpc-default-executor-2] INFO  client.GrpcClientProtocolClient (GrpcClientProtocolClient.java:onNext(255)) - client-CB1B8AC74E59->81367453-3bf0-4298-8a83-8d5c3816df16: receive RaftClientReply:client-CB1B8AC74E59->81367453-3bf0-4298-8a83-8d5c3816df16@group-F6EC397515C5, cid=3254, SUCCESS, logIndex=4482, commits[81367453-3bf0-4298-8a83-8d5c3816df16:c4482]
2019-09-03 20:26:26,728 [grpc-default-executor-2] INFO  client.GrpcClientProtocolClient (GrpcClientProtocolClient.java:onNext(255)) - client-CB1B8AC74E59->81367453-3bf0-4298-8a83-8d5c3816df16: receive RaftClientReply:client-CB1B8AC74E59->81367453-3bf0-4298-8a83-8d5c3816df16@group-F6EC397515C5, cid=3255, SUCCESS, logIndex=4483, commits[81367453-3bf0-4298-8a83-8d5c3816df16:c4484]
2019-09-03 20:26:26,728 [grpc-default-executor-2] INFO  client.GrpcClientProtocolClient (GrpcClientProtocolClient.java:onNext(255)) - client-CB1B8AC74E59->81367453-3bf0-4298-8a83-8d5c3816df16: receive RaftClientReply:client-CB1B8AC74E59->81367453-3bf0-4298-8a83-8d5c3816df16@group-F6EC397515C5, cid=3256, SUCCESS, logIndex=4484, commits[81367453-3bf0-4298-8a83-8d5c3816df16:c4484]
2019-09-03 20:26:26,755 [grpc-default-executor-1] INFO  client.GrpcClientProtocolClient (GrpcClientProtocolClient.java:onNext(255)) - client-CB1B8AC74E59->81367453-3bf0-4298-8a83-8d5c3816df16: receive RaftClientReply:client-CB1B8AC74E59->81367453-3bf0-4298-8a83-8d5c3816df16@group-F6EC397515C5, cid=3257, SUCCESS, logIndex=4487, commits[81367453-3bf0-4298-8a83-8d5c3816df16:c4488]
2019-09-03 20:26:26,756 [grpc-default-executor-1] INFO  client.GrpcClientProtocolClient (GrpcClientProtocolClient.java:onNext(255)) - client-CB1B8AC74E59->81367453-3bf0-4298-8a83-8d5c3816df16: receive RaftClientReply:client-CB1B8AC74E59->81367453-3bf0-4298-8a83-8d5c3816df16@group-F6EC397515C5, cid=3258, SUCCESS, logIndex=4488, commits[81367453-3bf0-4298-8a83-8d5c3816df16:c4488]
2019-09-03 20:26:26,758 [grpc-default-executor-1] INFO  client.GrpcClientProtocolClient (GrpcClientProtocolClient.java:onNext(255)) - client-CB1B8AC74E59->81367453-3bf0-4298-8a83-8d5c3816df16: receive RaftClientReply:client-CB1B8AC74E59->81367453-3bf0-4298-8a83-8d5c3816df16@group-F6EC397515C5, cid=3259, SUCCESS, logIndex=4489, commits[81367453-3bf0-4298-8a83-8d5c3816df16:c4490]
2019-09-03 20:26:26,759 [grpc-default-executor-1] INFO  client.GrpcClientProtocolClient (GrpcClientProtocolClient.java:onNext(255)) - client-CB1B8AC74E59->81367453-3bf0-4298-8a83-8d5c3816df16: receive RaftClientReply:client-CB1B8AC74E59->81367453-3bf0-4298-8a83-8d5c3816df16@group-F6EC397515C5, cid=3260, SUCCESS, logIndex=4490, commits[81367453-3bf0-4298-8a83-8d5c3816df16:c4490]
2019-09-03 20:26:26,773 [SCMBlockDeletingService#0] DEBUG block.SCMBlockDeletingService (SCMBlockDeletingService.java:call(138)) - Running DeletedBlockTransactionScanner
2019-09-03 20:26:26,774 [SCMBlockDeletingService#0] DEBUG block.SCMBlockDeletingService (SCMBlockDeletingService.java:call(155)) - Scanned deleted blocks log and got 0 delTX to process.
2019-09-03 20:26:26,777 [grpc-default-executor-1] INFO  client.GrpcClientProtocolClient (GrpcClientProtocolClient.java:onNext(255)) - client-CB1B8AC74E59->81367453-3bf0-4298-8a83-8d5c3816df16: receive RaftClientReply:client-CB1B8AC74E59->81367453-3bf0-4298-8a83-8d5c3816df16@group-F6EC397515C5, cid=3261, SUCCESS, logIndex=4493, commits[81367453-3bf0-4298-8a83-8d5c3816df16:c4496]
2019-09-03 20:26:26,777 [grpc-default-executor-1] INFO  client.GrpcClientProtocolClient (GrpcClientProtocolClient.java:onNext(255)) - client-CB1B8AC74E59->81367453-3bf0-4298-8a83-8d5c3816df16: receive RaftClientReply:client-CB1B8AC74E59->81367453-3bf0-4298-8a83-8d5c3816df16@group-F6EC397515C5, cid=3262, SUCCESS, logIndex=4494, commits[81367453-3bf0-4298-8a83-8d5c3816df16:c4496]
2019-09-03 20:26:26,777 [grpc-default-executor-1] INFO  client.GrpcClientProtocolClient (GrpcClientProtocolClient.java:onNext(255)) - client-CB1B8AC74E59->81367453-3bf0-4298-8a83-8d5c3816df16: receive RaftClientReply:client-CB1B8AC74E59->81367453-3bf0-4298-8a83-8d5c3816df16@group-F6EC397515C5, cid=3263, SUCCESS, logIndex=4495, commits[81367453-3bf0-4298-8a83-8d5c3816df16:c4496]
2019-09-03 20:26:26,778 [grpc-default-executor-1] INFO  client.GrpcClientProtocolClient (GrpcClientProtocolClient.java:onNext(255)) - client-CB1B8AC74E59->81367453-3bf0-4298-8a83-8d5c3816df16: receive RaftClientReply:client-CB1B8AC74E59->81367453-3bf0-4298-8a83-8d5c3816df16@group-F6EC397515C5, cid=3264, SUCCESS, logIndex=4496, commits[81367453-3bf0-4298-8a83-8d5c3816df16:c4496]
2019-09-03 20:26:26,813 [grpc-default-executor-2] INFO  client.GrpcClientProtocolClient (GrpcClientProtocolClient.java:onNext(255)) - client-CB1B8AC74E59->81367453-3bf0-4298-8a83-8d5c3816df16: receive RaftClientReply:client-CB1B8AC74E59->81367453-3bf0-4298-8a83-8d5c3816df16@group-F6EC397515C5, cid=3265, SUCCESS, logIndex=4498, commits[81367453-3bf0-4298-8a83-8d5c3816df16:c4499]
2019-09-03 20:26:26,814 [grpc-default-executor-2] INFO  client.GrpcClientProtocolClient (GrpcClientProtocolClient.java:onNext(255)) - client-CB1B8AC74E59->81367453-3bf0-4298-8a83-8d5c3816df16: receive RaftClientReply:client-CB1B8AC74E59->81367453-3bf0-4298-8a83-8d5c3816df16@group-F6EC397515C5, cid=3266, SUCCESS, logIndex=4499, commits[81367453-3bf0-4298-8a83-8d5c3816df16:c4499]
2019-09-03 20:26:26,818 [grpc-default-executor-2] INFO  client.GrpcClientProtocolClient (GrpcClientProtocolClient.java:onNext(255)) - client-CB1B8AC74E59->81367453-3bf0-4298-8a83-8d5c3816df16: receive RaftClientReply:client-CB1B8AC74E59->81367453-3bf0-4298-8a83-8d5c3816df16@group-F6EC397515C5, cid=3267, SUCCESS, logIndex=4500, commits[81367453-3bf0-4298-8a83-8d5c3816df16:c4501]
2019-09-03 20:26:26,819 [grpc-default-executor-2] INFO  client.GrpcClientProtocolClient (GrpcClientProtocolClient.java:onNext(255)) - client-CB1B8AC74E59->81367453-3bf0-4298-8a83-8d5c3816df16: receive RaftClientReply:client-CB1B8AC74E59->81367453-3bf0-4298-8a83-8d5c3816df16@group-F6EC397515C5, cid=3268, SUCCESS, logIndex=4501, commits[81367453-3bf0-4298-8a83-8d5c3816df16:c4501]
2019-09-03 20:26:26,830 [grpc-default-executor-1] INFO  client.GrpcClientProtocolClient (GrpcClientProtocolClient.java:onNext(255)) - client-CB1B8AC74E59->81367453-3bf0-4298-8a83-8d5c3816df16: receive RaftClientReply:client-CB1B8AC74E59->81367453-3bf0-4298-8a83-8d5c3816df16@group-F6EC397515C5, cid=3269, SUCCESS, logIndex=4504, commits[81367453-3bf0-4298-8a83-8d5c3816df16:c4505]
2019-09-03 20:26:26,831 [grpc-default-executor-1] INFO  client.GrpcClientProtocolClient (GrpcClientProtocolClient.java:onNext(255)) - client-CB1B8AC74E59->81367453-3bf0-4298-8a83-8d5c3816df16: receive RaftClientReply:client-CB1B8AC74E59->81367453-3bf0-4298-8a83-8d5c3816df16@group-F6EC397515C5, cid=3270, SUCCESS, logIndex=4505, commits[81367453-3bf0-4298-8a83-8d5c3816df16:c4505]
2019-09-03 20:26:26,874 [SCMBlockDeletingService#0] DEBUG block.SCMBlockDeletingService (SCMBlockDeletingService.java:call(138)) - Running DeletedBlockTransactionScanner
2019-09-03 20:26:26,874 [SCMBlockDeletingService#0] DEBUG block.SCMBlockDeletingService (SCMBlockDeletingService.java:call(155)) - Scanned deleted blocks log and got 0 delTX to process.
2019-09-03 20:26:26,952 [grpc-default-executor-2] INFO  client.GrpcClientProtocolClient (GrpcClientProtocolClient.java:onNext(255)) - client-CB1B8AC74E59->81367453-3bf0-4298-8a83-8d5c3816df16: receive RaftClientReply:client-CB1B8AC74E59->81367453-3bf0-4298-8a83-8d5c3816df16@group-F6EC397515C5, cid=3271, SUCCESS, logIndex=4507, commits[81367453-3bf0-4298-8a83-8d5c3816df16:c4508]
2019-09-03 20:26:26,952 [grpc-default-executor-2] INFO  client.GrpcClientProtocolClient (GrpcClientProtocolClient.java:onNext(255)) - client-CB1B8AC74E59->81367453-3bf0-4298-8a83-8d5c3816df16: receive RaftClientReply:client-CB1B8AC74E59->81367453-3bf0-4298-8a83-8d5c3816df16@group-F6EC397515C5, cid=3272, SUCCESS, logIndex=4508, commits[81367453-3bf0-4298-8a83-8d5c3816df16:c4508]
2019-09-03 20:26:26,974 [SCMBlockDeletingService#0] DEBUG block.SCMBlockDeletingService (SCMBlockDeletingService.java:call(138)) - Running DeletedBlockTransactionScanner
2019-09-03 20:26:26,975 [SCMBlockDeletingService#0] DEBUG block.SCMBlockDeletingService (SCMBlockDeletingService.java:call(155)) - Scanned deleted blocks log and got 0 delTX to process.
2019-09-03 20:26:27,075 [SCMBlockDeletingService#0] DEBUG block.SCMBlockDeletingService (SCMBlockDeletingService.java:call(138)) - Running DeletedBlockTransactionScanner
2019-09-03 20:26:27,075 [SCMBlockDeletingService#0] DEBUG block.SCMBlockDeletingService (SCMBlockDeletingService.java:call(155)) - Scanned deleted blocks log and got 0 delTX to process.
2019-09-03 20:26:27,176 [SCMBlockDeletingService#0] DEBUG block.SCMBlockDeletingService (SCMBlockDeletingService.java:call(138)) - Running DeletedBlockTransactionScanner
2019-09-03 20:26:27,176 [SCMBlockDeletingService#0] DEBUG block.SCMBlockDeletingService (SCMBlockDeletingService.java:call(155)) - Scanned deleted blocks log and got 0 delTX to process.
2019-09-03 20:26:27,204 [grpc-default-executor-1] INFO  client.GrpcClientProtocolClient (GrpcClientProtocolClient.java:onNext(255)) - client-CB1B8AC74E59->81367453-3bf0-4298-8a83-8d5c3816df16: receive RaftClientReply:client-CB1B8AC74E59->81367453-3bf0-4298-8a83-8d5c3816df16@group-F6EC397515C5, cid=3273, SUCCESS, logIndex=4510, commits[81367453-3bf0-4298-8a83-8d5c3816df16:c4513]
2019-09-03 20:26:27,205 [grpc-default-executor-1] INFO  client.GrpcClientProtocolClient (GrpcClientProtocolClient.java:onNext(255)) - client-CB1B8AC74E59->81367453-3bf0-4298-8a83-8d5c3816df16: receive RaftClientReply:client-CB1B8AC74E59->81367453-3bf0-4298-8a83-8d5c3816df16@group-F6EC397515C5, cid=3274, SUCCESS, logIndex=4511, commits[81367453-3bf0-4298-8a83-8d5c3816df16:c4513]
2019-09-03 20:26:27,205 [grpc-default-executor-1] INFO  client.GrpcClientProtocolClient (GrpcClientProtocolClient.java:onNext(255)) - client-CB1B8AC74E59->81367453-3bf0-4298-8a83-8d5c3816df16: receive RaftClientReply:client-CB1B8AC74E59->81367453-3bf0-4298-8a83-8d5c3816df16@group-F6EC397515C5, cid=3275, SUCCESS, logIndex=4512, commits[81367453-3bf0-4298-8a83-8d5c3816df16:c4513]
2019-09-03 20:26:27,206 [grpc-default-executor-1] INFO  client.GrpcClientProtocolClient (GrpcClientProtocolClient.java:onNext(255)) - client-CB1B8AC74E59->81367453-3bf0-4298-8a83-8d5c3816df16: receive RaftClientReply:client-CB1B8AC74E59->81367453-3bf0-4298-8a83-8d5c3816df16@group-F6EC397515C5, cid=3276, SUCCESS, logIndex=4513, commits[81367453-3bf0-4298-8a83-8d5c3816df16:c4513]
2019-09-03 20:26:27,236 [grpc-default-executor-2] INFO  client.GrpcClientProtocolClient (GrpcClientProtocolClient.java:onNext(255)) - client-CB1B8AC74E59->81367453-3bf0-4298-8a83-8d5c3816df16: receive RaftClientReply:client-CB1B8AC74E59->81367453-3bf0-4298-8a83-8d5c3816df16@group-F6EC397515C5, cid=3277, SUCCESS, logIndex=4515, commits[81367453-3bf0-4298-8a83-8d5c3816df16:c4516]
2019-09-03 20:26:27,237 [grpc-default-executor-2] INFO  client.GrpcClientProtocolClient (GrpcClientProtocolClient.java:onNext(255)) - client-CB1B8AC74E59->81367453-3bf0-4298-8a83-8d5c3816df16: receive RaftClientReply:client-CB1B8AC74E59->81367453-3bf0-4298-8a83-8d5c3816df16@group-F6EC397515C5, cid=3278, SUCCESS, logIndex=4516, commits[81367453-3bf0-4298-8a83-8d5c3816df16:c4516]
2019-09-03 20:26:27,237 [grpc-default-executor-2] INFO  client.GrpcClientProtocolClient (GrpcClientProtocolClient.java:onNext(255)) - client-CB1B8AC74E59->81367453-3bf0-4298-8a83-8d5c3816df16: receive RaftClientReply:client-CB1B8AC74E59->81367453-3bf0-4298-8a83-8d5c3816df16@group-F6EC397515C5, cid=3279, SUCCESS, logIndex=4517, commits[81367453-3bf0-4298-8a83-8d5c3816df16:c4518]
2019-09-03 20:26:27,238 [grpc-default-executor-2] INFO  client.GrpcClientProtocolClient (GrpcClientProtocolClient.java:onNext(255)) - client-CB1B8AC74E59->81367453-3bf0-4298-8a83-8d5c3816df16: receive RaftClientReply:client-CB1B8AC74E59->81367453-3bf0-4298-8a83-8d5c3816df16@group-F6EC397515C5, cid=3280, SUCCESS, logIndex=4518, commits[81367453-3bf0-4298-8a83-8d5c3816df16:c4518]
2019-09-03 20:26:27,261 [grpc-default-executor-1] INFO  client.GrpcClientProtocolClient (GrpcClientProtocolClient.java:onNext(255)) - client-CB1B8AC74E59->81367453-3bf0-4298-8a83-8d5c3816df16: receive RaftClientReply:client-CB1B8AC74E59->81367453-3bf0-4298-8a83-8d5c3816df16@group-F6EC397515C5, cid=3281, SUCCESS, logIndex=4521, commits[81367453-3bf0-4298-8a83-8d5c3816df16:c4524]
2019-09-03 20:26:27,262 [grpc-default-executor-1] INFO  client.GrpcClientProtocolClient (GrpcClientProtocolClient.java:onNext(255)) - client-CB1B8AC74E59->81367453-3bf0-4298-8a83-8d5c3816df16: receive RaftClientReply:client-CB1B8AC74E59->81367453-3bf0-4298-8a83-8d5c3816df16@group-F6EC397515C5, cid=3282, SUCCESS, logIndex=4522, commits[81367453-3bf0-4298-8a83-8d5c3816df16:c4524]
2019-09-03 20:26:27,262 [grpc-default-executor-1] INFO  client.GrpcClientProtocolClient (GrpcClientProtocolClient.java:onNext(255)) - client-CB1B8AC74E59->81367453-3bf0-4298-8a83-8d5c3816df16: receive RaftClientReply:client-CB1B8AC74E59->81367453-3bf0-4298-8a83-8d5c3816df16@group-F6EC397515C5, cid=3283, SUCCESS, logIndex=4523, commits[81367453-3bf0-4298-8a83-8d5c3816df16:c4524]
2019-09-03 20:26:27,262 [grpc-default-executor-1] INFO  client.GrpcClientProtocolClient (GrpcClientProtocolClient.java:onNext(255)) - client-CB1B8AC74E59->81367453-3bf0-4298-8a83-8d5c3816df16: receive RaftClientReply:client-CB1B8AC74E59->81367453-3bf0-4298-8a83-8d5c3816df16@group-F6EC397515C5, cid=3284, SUCCESS, logIndex=4524, commits[81367453-3bf0-4298-8a83-8d5c3816df16:c4524]
2019-09-03 20:26:27,275 [grpc-default-executor-1] INFO  client.GrpcClientProtocolClient (GrpcClientProtocolClient.java:onNext(255)) - client-CB1B8AC74E59->81367453-3bf0-4298-8a83-8d5c3816df16: receive RaftClientReply:client-CB1B8AC74E59->81367453-3bf0-4298-8a83-8d5c3816df16@group-F6EC397515C5, cid=3285, SUCCESS, logIndex=4526, commits[81367453-3bf0-4298-8a83-8d5c3816df16:c4527]
2019-09-03 20:26:27,275 [grpc-default-executor-1] INFO  client.GrpcClientProtocolClient (GrpcClientProtocolClient.java:onNext(255)) - client-CB1B8AC74E59->81367453-3bf0-4298-8a83-8d5c3816df16: receive RaftClientReply:client-CB1B8AC74E59->81367453-3bf0-4298-8a83-8d5c3816df16@group-F6EC397515C5, cid=3286, SUCCESS, logIndex=4527, commits[81367453-3bf0-4298-8a83-8d5c3816df16:c4527]
2019-09-03 20:26:27,276 [SCMBlockDeletingService#0] DEBUG block.SCMBlockDeletingService (SCMBlockDeletingService.java:call(138)) - Running DeletedBlockTransactionScanner
2019-09-03 20:26:27,277 [SCMBlockDeletingService#0] DEBUG block.SCMBlockDeletingService (SCMBlockDeletingService.java:call(155)) - Scanned deleted blocks log and got 0 delTX to process.
2019-09-03 20:26:27,284 [grpc-default-executor-1] INFO  client.GrpcClientProtocolClient (GrpcClientProtocolClient.java:onNext(255)) - client-CB1B8AC74E59->81367453-3bf0-4298-8a83-8d5c3816df16: receive RaftClientReply:client-CB1B8AC74E59->81367453-3bf0-4298-8a83-8d5c3816df16@group-F6EC397515C5, cid=3287, SUCCESS, logIndex=4528, commits[81367453-3bf0-4298-8a83-8d5c3816df16:c4529]
2019-09-03 20:26:27,284 [grpc-default-executor-1] INFO  client.GrpcClientProtocolClient (GrpcClientProtocolClient.java:onNext(255)) - client-CB1B8AC74E59->81367453-3bf0-4298-8a83-8d5c3816df16: receive RaftClientReply:client-CB1B8AC74E59->81367453-3bf0-4298-8a83-8d5c3816df16@group-F6EC397515C5, cid=3288, SUCCESS, logIndex=4529, commits[81367453-3bf0-4298-8a83-8d5c3816df16:c4529]
2019-09-03 20:26:27,307 [grpc-default-executor-1] INFO  client.GrpcClientProtocolClient (GrpcClientProtocolClient.java:onNext(255)) - client-CB1B8AC74E59->81367453-3bf0-4298-8a83-8d5c3816df16: receive RaftClientReply:client-CB1B8AC74E59->81367453-3bf0-4298-8a83-8d5c3816df16@group-F6EC397515C5, cid=3289, SUCCESS, logIndex=4532, commits[81367453-3bf0-4298-8a83-8d5c3816df16:c4535]
2019-09-03 20:26:27,308 [grpc-default-executor-1] INFO  client.GrpcClientProtocolClient (GrpcClientProtocolClient.java:onNext(255)) - client-CB1B8AC74E59->81367453-3bf0-4298-8a83-8d5c3816df16: receive RaftClientReply:client-CB1B8AC74E59->81367453-3bf0-4298-8a83-8d5c3816df16@group-F6EC397515C5, cid=3290, SUCCESS, logIndex=4533, commits[81367453-3bf0-4298-8a83-8d5c3816df16:c4535]
2019-09-03 20:26:27,308 [grpc-default-executor-1] INFO  client.GrpcClientProtocolClient (GrpcClientProtocolClient.java:onNext(255)) - client-CB1B8AC74E59->81367453-3bf0-4298-8a83-8d5c3816df16: receive RaftClientReply:client-CB1B8AC74E59->81367453-3bf0-4298-8a83-8d5c3816df16@group-F6EC397515C5, cid=3291, SUCCESS, logIndex=4534, commits[81367453-3bf0-4298-8a83-8d5c3816df16:c4535]
2019-09-03 20:26:27,308 [grpc-default-executor-1] INFO  client.GrpcClientProtocolClient (GrpcClientProtocolClient.java:onNext(255)) - client-CB1B8AC74E59->81367453-3bf0-4298-8a83-8d5c3816df16: receive RaftClientReply:client-CB1B8AC74E59->81367453-3bf0-4298-8a83-8d5c3816df16@group-F6EC397515C5, cid=3292, SUCCESS, logIndex=4535, commits[81367453-3bf0-4298-8a83-8d5c3816df16:c4535]
2019-09-03 20:26:27,321 [grpc-default-executor-1] INFO  client.GrpcClientProtocolClient (GrpcClientProtocolClient.java:onNext(255)) - client-CB1B8AC74E59->81367453-3bf0-4298-8a83-8d5c3816df16: receive RaftClientReply:client-CB1B8AC74E59->81367453-3bf0-4298-8a83-8d5c3816df16@group-F6EC397515C5, cid=3293, SUCCESS, logIndex=4537, commits[81367453-3bf0-4298-8a83-8d5c3816df16:c4540]
2019-09-03 20:26:27,322 [grpc-default-executor-1] INFO  client.GrpcClientProtocolClient (GrpcClientProtocolClient.java:onNext(255)) - client-CB1B8AC74E59->81367453-3bf0-4298-8a83-8d5c3816df16: receive RaftClientReply:client-CB1B8AC74E59->81367453-3bf0-4298-8a83-8d5c3816df16@group-F6EC397515C5, cid=3294, SUCCESS, logIndex=4538, commits[81367453-3bf0-4298-8a83-8d5c3816df16:c4540]
2019-09-03 20:26:27,322 [grpc-default-executor-1] INFO  client.GrpcClientProtocolClient (GrpcClientProtocolClient.java:onNext(255)) - client-CB1B8AC74E59->81367453-3bf0-4298-8a83-8d5c3816df16: receive RaftClientReply:client-CB1B8AC74E59->81367453-3bf0-4298-8a83-8d5c3816df16@group-F6EC397515C5, cid=3295, SUCCESS, logIndex=4539, commits[81367453-3bf0-4298-8a83-8d5c3816df16:c4540]
2019-09-03 20:26:27,322 [grpc-default-executor-1] INFO  client.GrpcClientProtocolClient (GrpcClientProtocolClient.java:onNext(255)) - client-CB1B8AC74E59->81367453-3bf0-4298-8a83-8d5c3816df16: receive RaftClientReply:client-CB1B8AC74E59->81367453-3bf0-4298-8a83-8d5c3816df16@group-F6EC397515C5, cid=3296, SUCCESS, logIndex=4540, commits[81367453-3bf0-4298-8a83-8d5c3816df16:c4540]
2019-09-03 20:26:27,344 [grpc-default-executor-1] INFO  client.GrpcClientProtocolClient (GrpcClientProtocolClient.java:onNext(255)) - client-CB1B8AC74E59->81367453-3bf0-4298-8a83-8d5c3816df16: receive RaftClientReply:client-CB1B8AC74E59->81367453-3bf0-4298-8a83-8d5c3816df16@group-F6EC397515C5, cid=3297, SUCCESS, logIndex=4542, commits[81367453-3bf0-4298-8a83-8d5c3816df16:c4545]
2019-09-03 20:26:27,344 [grpc-default-executor-1] INFO  client.GrpcClientProtocolClient (GrpcClientProtocolClient.java:onNext(255)) - client-CB1B8AC74E59->81367453-3bf0-4298-8a83-8d5c3816df16: receive RaftClientReply:client-CB1B8AC74E59->81367453-3bf0-4298-8a83-8d5c3816df16@group-F6EC397515C5, cid=3298, SUCCESS, logIndex=4543, commits[81367453-3bf0-4298-8a83-8d5c3816df16:c4545]
2019-09-03 20:26:27,344 [grpc-default-executor-1] INFO  client.GrpcClientProtocolClient (GrpcClientProtocolClient.java:onNext(255)) - client-CB1B8AC74E59->81367453-3bf0-4298-8a83-8d5c3816df16: receive RaftClientReply:client-CB1B8AC74E59->81367453-3bf0-4298-8a83-8d5c3816df16@group-F6EC397515C5, cid=3299, SUCCESS, logIndex=4544, commits[81367453-3bf0-4298-8a83-8d5c3816df16:c4545]
2019-09-03 20:26:27,345 [grpc-default-executor-1] INFO  client.GrpcClientProtocolClient (GrpcClientProtocolClient.java:onNext(255)) - client-CB1B8AC74E59->81367453-3bf0-4298-8a83-8d5c3816df16: receive RaftClientReply:client-CB1B8AC74E59->81367453-3bf0-4298-8a83-8d5c3816df16@group-F6EC397515C5, cid=3300, SUCCESS, logIndex=4545, commits[81367453-3bf0-4298-8a83-8d5c3816df16:c4545]
2019-09-03 20:26:27,377 [SCMBlockDeletingService#0] DEBUG block.SCMBlockDeletingService (SCMBlockDeletingService.java:call(138)) - Running DeletedBlockTransactionScanner
2019-09-03 20:26:27,377 [SCMBlockDeletingService#0] DEBUG block.SCMBlockDeletingService (SCMBlockDeletingService.java:call(155)) - Scanned deleted blocks log and got 0 delTX to process.
2019-09-03 20:26:27,477 [SCMBlockDeletingService#0] DEBUG block.SCMBlockDeletingService (SCMBlockDeletingService.java:call(138)) - Running DeletedBlockTransactionScanner
2019-09-03 20:26:27,478 [SCMBlockDeletingService#0] DEBUG block.SCMBlockDeletingService (SCMBlockDeletingService.java:call(155)) - Scanned deleted blocks log and got 0 delTX to process.
2019-09-03 20:26:27,578 [SCMBlockDeletingService#0] DEBUG block.SCMBlockDeletingService (SCMBlockDeletingService.java:call(138)) - Running DeletedBlockTransactionScanner
2019-09-03 20:26:27,578 [SCMBlockDeletingService#0] DEBUG block.SCMBlockDeletingService (SCMBlockDeletingService.java:call(155)) - Scanned deleted blocks log and got 0 delTX to process.
2019-09-03 20:26:27,674 [grpc-default-executor-1] INFO  client.GrpcClientProtocolClient (GrpcClientProtocolClient.java:onNext(255)) - client-CB1B8AC74E59->81367453-3bf0-4298-8a83-8d5c3816df16: receive RaftClientReply:client-CB1B8AC74E59->81367453-3bf0-4298-8a83-8d5c3816df16@group-F6EC397515C5, cid=3301, SUCCESS, logIndex=4547, commits[81367453-3bf0-4298-8a83-8d5c3816df16:c4550]
2019-09-03 20:26:27,675 [grpc-default-executor-1] INFO  client.GrpcClientProtocolClient (GrpcClientProtocolClient.java:onNext(255)) - client-CB1B8AC74E59->81367453-3bf0-4298-8a83-8d5c3816df16: receive RaftClientReply:client-CB1B8AC74E59->81367453-3bf0-4298-8a83-8d5c3816df16@group-F6EC397515C5, cid=3302, SUCCESS, logIndex=4548, commits[81367453-3bf0-4298-8a83-8d5c3816df16:c4550]
2019-09-03 20:26:27,675 [grpc-default-executor-1] INFO  client.GrpcClientProtocolClient (GrpcClientProtocolClient.java:onNext(255)) - client-CB1B8AC74E59->81367453-3bf0-4298-8a83-8d5c3816df16: receive RaftClientReply:client-CB1B8AC74E59->81367453-3bf0-4298-8a83-8d5c3816df16@group-F6EC397515C5, cid=3303, SUCCESS, logIndex=4549, commits[81367453-3bf0-4298-8a83-8d5c3816df16:c4550]
2019-09-03 20:26:27,676 [grpc-default-executor-1] INFO  client.GrpcClientProtocolClient (GrpcClientProtocolClient.java:onNext(255)) - client-CB1B8AC74E59->81367453-3bf0-4298-8a83-8d5c3816df16: receive RaftClientReply:client-CB1B8AC74E59->81367453-3bf0-4298-8a83-8d5c3816df16@group-F6EC397515C5, cid=3304, SUCCESS, logIndex=4550, commits[81367453-3bf0-4298-8a83-8d5c3816df16:c4550]
2019-09-03 20:26:27,679 [SCMBlockDeletingService#1] DEBUG block.SCMBlockDeletingService (SCMBlockDeletingService.java:call(138)) - Running DeletedBlockTransactionScanner
2019-09-03 20:26:27,679 [SCMBlockDeletingService#1] DEBUG block.SCMBlockDeletingService (SCMBlockDeletingService.java:call(155)) - Scanned deleted blocks log and got 0 delTX to process.
2019-09-03 20:26:27,702 [grpc-default-executor-1] INFO  client.GrpcClientProtocolClient (GrpcClientProtocolClient.java:onNext(255)) - client-CB1B8AC74E59->81367453-3bf0-4298-8a83-8d5c3816df16: receive RaftClientReply:client-CB1B8AC74E59->81367453-3bf0-4298-8a83-8d5c3816df16@group-F6EC397515C5, cid=3305, SUCCESS, logIndex=4552, commits[81367453-3bf0-4298-8a83-8d5c3816df16:c4553]
2019-09-03 20:26:27,702 [grpc-default-executor-1] INFO  client.GrpcClientProtocolClient (GrpcClientProtocolClient.java:onNext(255)) - client-CB1B8AC74E59->81367453-3bf0-4298-8a83-8d5c3816df16: receive RaftClientReply:client-CB1B8AC74E59->81367453-3bf0-4298-8a83-8d5c3816df16@group-F6EC397515C5, cid=3306, SUCCESS, logIndex=4553, commits[81367453-3bf0-4298-8a83-8d5c3816df16:c4553]
2019-09-03 20:26:27,709 [grpc-default-executor-1] INFO  client.GrpcClientProtocolClient (GrpcClientProtocolClient.java:onNext(255)) - client-CB1B8AC74E59->81367453-3bf0-4298-8a83-8d5c3816df16: receive RaftClientReply:client-CB1B8AC74E59->81367453-3bf0-4298-8a83-8d5c3816df16@group-F6EC397515C5, cid=3307, SUCCESS, logIndex=4554, commits[81367453-3bf0-4298-8a83-8d5c3816df16:c4555]
2019-09-03 20:26:27,710 [grpc-default-executor-1] INFO  client.GrpcClientProtocolClient (GrpcClientProtocolClient.java:onNext(255)) - client-CB1B8AC74E59->81367453-3bf0-4298-8a83-8d5c3816df16: receive RaftClientReply:client-CB1B8AC74E59->81367453-3bf0-4298-8a83-8d5c3816df16@group-F6EC397515C5, cid=3308, SUCCESS, logIndex=4555, commits[81367453-3bf0-4298-8a83-8d5c3816df16:c4555]
2019-09-03 20:26:27,732 [grpc-default-executor-2] INFO  client.GrpcClientProtocolClient (GrpcClientProtocolClient.java:onNext(255)) - client-CB1B8AC74E59->81367453-3bf0-4298-8a83-8d5c3816df16: receive RaftClientReply:client-CB1B8AC74E59->81367453-3bf0-4298-8a83-8d5c3816df16@group-F6EC397515C5, cid=3309, SUCCESS, logIndex=4558, commits[81367453-3bf0-4298-8a83-8d5c3816df16:c4561]
2019-09-03 20:26:27,732 [grpc-default-executor-2] INFO  client.GrpcClientProtocolClient (GrpcClientProtocolClient.java:onNext(255)) - client-CB1B8AC74E59->81367453-3bf0-4298-8a83-8d5c3816df16: receive RaftClientReply:client-CB1B8AC74E59->81367453-3bf0-4298-8a83-8d5c3816df16@group-F6EC397515C5, cid=3310, SUCCESS, logIndex=4559, commits[81367453-3bf0-4298-8a83-8d5c3816df16:c4561]
2019-09-03 20:26:27,732 [grpc-default-executor-2] INFO  client.GrpcClientProtocolClient (GrpcClientProtocolClient.java:onNext(255)) - client-CB1B8AC74E59->81367453-3bf0-4298-8a83-8d5c3816df16: receive RaftClientReply:client-CB1B8AC74E59->81367453-3bf0-4298-8a83-8d5c3816df16@group-F6EC397515C5, cid=3311, SUCCESS, logIndex=4560, commits[81367453-3bf0-4298-8a83-8d5c3816df16:c4561]
2019-09-03 20:26:27,733 [grpc-default-executor-2] INFO  client.GrpcClientProtocolClient (GrpcClientProtocolClient.java:onNext(255)) - client-CB1B8AC74E59->81367453-3bf0-4298-8a83-8d5c3816df16: receive RaftClientReply:client-CB1B8AC74E59->81367453-3bf0-4298-8a83-8d5c3816df16@group-F6EC397515C5, cid=3312, SUCCESS, logIndex=4561, commits[81367453-3bf0-4298-8a83-8d5c3816df16:c4561]
2019-09-03 20:26:28,244 [SCMBlockDeletingService#1] DEBUG block.SCMBlockDeletingService (SCMBlockDeletingService.java:call(138)) - Running DeletedBlockTransactionScanner
2019-09-03 20:26:28,245 [SCMBlockDeletingService#1] DEBUG block.SCMBlockDeletingService (SCMBlockDeletingService.java:call(155)) - Scanned deleted blocks log and got 0 delTX to process.
2019-09-03 20:26:28,271 [grpc-default-executor-2] INFO  client.GrpcClientProtocolClient (GrpcClientProtocolClient.java:onNext(255)) - client-CB1B8AC74E59->81367453-3bf0-4298-8a83-8d5c3816df16: receive RaftClientReply:client-CB1B8AC74E59->81367453-3bf0-4298-8a83-8d5c3816df16@group-F6EC397515C5, cid=3313, SUCCESS, logIndex=4563, commits[81367453-3bf0-4298-8a83-8d5c3816df16:c4564]
2019-09-03 20:26:28,272 [grpc-default-executor-2] INFO  client.GrpcClientProtocolClient (GrpcClientProtocolClient.java:onNext(255)) - client-CB1B8AC74E59->81367453-3bf0-4298-8a83-8d5c3816df16: receive RaftClientReply:client-CB1B8AC74E59->81367453-3bf0-4298-8a83-8d5c3816df16@group-F6EC397515C5, cid=3314, SUCCESS, logIndex=4564, commits[81367453-3bf0-4298-8a83-8d5c3816df16:c4564]
2019-09-03 20:26:28,345 [SCMBlockDeletingService#1] DEBUG block.SCMBlockDeletingService (SCMBlockDeletingService.java:call(138)) - Running DeletedBlockTransactionScanner
2019-09-03 20:26:28,345 [SCMBlockDeletingService#1] DEBUG block.SCMBlockDeletingService (SCMBlockDeletingService.java:call(155)) - Scanned deleted blocks log and got 0 delTX to process.
2019-09-03 20:26:28,358 [grpc-default-executor-1] INFO  client.GrpcClientProtocolClient (GrpcClientProtocolClient.java:onNext(255)) - client-CB1B8AC74E59->81367453-3bf0-4298-8a83-8d5c3816df16: receive RaftClientReply:client-CB1B8AC74E59->81367453-3bf0-4298-8a83-8d5c3816df16@group-F6EC397515C5, cid=3315, SUCCESS, logIndex=4566, commits[81367453-3bf0-4298-8a83-8d5c3816df16:c4567]
2019-09-03 20:26:28,359 [grpc-default-executor-1] INFO  client.GrpcClientProtocolClient (GrpcClientProtocolClient.java:onNext(255)) - client-CB1B8AC74E59->81367453-3bf0-4298-8a83-8d5c3816df16: receive RaftClientReply:client-CB1B8AC74E59->81367453-3bf0-4298-8a83-8d5c3816df16@group-F6EC397515C5, cid=3316, SUCCESS, logIndex=4567, commits[81367453-3bf0-4298-8a83-8d5c3816df16:c4567]
2019-09-03 20:26:28,369 [grpc-default-executor-1] INFO  client.GrpcClientProtocolClient (GrpcClientProtocolClient.java:onNext(255)) - client-CB1B8AC74E59->81367453-3bf0-4298-8a83-8d5c3816df16: receive RaftClientReply:client-CB1B8AC74E59->81367453-3bf0-4298-8a83-8d5c3816df16@group-F6EC397515C5, cid=3317, SUCCESS, logIndex=4569, commits[81367453-3bf0-4298-8a83-8d5c3816df16:c4572]
2019-09-03 20:26:28,370 [grpc-default-executor-1] INFO  client.GrpcClientProtocolClient (GrpcClientProtocolClient.java:onNext(255)) - client-CB1B8AC74E59->81367453-3bf0-4298-8a83-8d5c3816df16: receive RaftClientReply:client-CB1B8AC74E59->81367453-3bf0-4298-8a83-8d5c3816df16@group-F6EC397515C5, cid=3318, SUCCESS, logIndex=4570, commits[81367453-3bf0-4298-8a83-8d5c3816df16:c4572]
2019-09-03 20:26:28,373 [grpc-default-executor-1] INFO  client.GrpcClientProtocolClient (GrpcClientProtocolClient.java:onNext(255)) - client-CB1B8AC74E59->81367453-3bf0-4298-8a83-8d5c3816df16: receive RaftClientReply:client-CB1B8AC74E59->81367453-3bf0-4298-8a83-8d5c3816df16@group-F6EC397515C5, cid=3319, SUCCESS, logIndex=4571, commits[81367453-3bf0-4298-8a83-8d5c3816df16:c4572]
2019-09-03 20:26:28,373 [grpc-default-executor-1] INFO  client.GrpcClientProtocolClient (GrpcClientProtocolClient.java:onNext(255)) - client-CB1B8AC74E59->81367453-3bf0-4298-8a83-8d5c3816df16: receive RaftClientReply:client-CB1B8AC74E59->81367453-3bf0-4298-8a83-8d5c3816df16@group-F6EC397515C5, cid=3320, SUCCESS, logIndex=4572, commits[81367453-3bf0-4298-8a83-8d5c3816df16:c4572]
2019-09-03 20:26:28,397 [grpc-default-executor-2] INFO  client.GrpcClientProtocolClient (GrpcClientProtocolClient.java:onNext(255)) - client-CB1B8AC74E59->81367453-3bf0-4298-8a83-8d5c3816df16: receive RaftClientReply:client-CB1B8AC74E59->81367453-3bf0-4298-8a83-8d5c3816df16@group-F6EC397515C5, cid=3321, SUCCESS, logIndex=4574, commits[81367453-3bf0-4298-8a83-8d5c3816df16:c4577]
2019-09-03 20:26:28,397 [grpc-default-executor-2] INFO  client.GrpcClientProtocolClient (GrpcClientProtocolClient.java:onNext(255)) - client-CB1B8AC74E59->81367453-3bf0-4298-8a83-8d5c3816df16: receive RaftClientReply:client-CB1B8AC74E59->81367453-3bf0-4298-8a83-8d5c3816df16@group-F6EC397515C5, cid=3322, SUCCESS, logIndex=4575, commits[81367453-3bf0-4298-8a83-8d5c3816df16:c4577]
2019-09-03 20:26:28,397 [grpc-default-executor-2] INFO  client.GrpcClientProtocolClient (GrpcClientProtocolClient.java:onNext(255)) - client-CB1B8AC74E59->81367453-3bf0-4298-8a83-8d5c3816df16: receive RaftClientReply:client-CB1B8AC74E59->81367453-3bf0-4298-8a83-8d5c3816df16@group-F6EC397515C5, cid=3323, SUCCESS, logIndex=4576, commits[81367453-3bf0-4298-8a83-8d5c3816df16:c4577]
2019-09-03 20:26:28,397 [grpc-default-executor-2] INFO  client.GrpcClientProtocolClient (GrpcClientProtocolClient.java:onNext(255)) - client-CB1B8AC74E59->81367453-3bf0-4298-8a83-8d5c3816df16: receive RaftClientReply:client-CB1B8AC74E59->81367453-3bf0-4298-8a83-8d5c3816df16@group-F6EC397515C5, cid=3324, SUCCESS, logIndex=4577, commits[81367453-3bf0-4298-8a83-8d5c3816df16:c4577]
2019-09-03 20:26:28,414 [grpc-default-executor-1] INFO  client.GrpcClientProtocolClient (GrpcClientProtocolClient.java:onNext(255)) - client-CB1B8AC74E59->81367453-3bf0-4298-8a83-8d5c3816df16: receive RaftClientReply:client-CB1B8AC74E59->81367453-3bf0-4298-8a83-8d5c3816df16@group-F6EC397515C5, cid=3325, SUCCESS, logIndex=4579, commits[81367453-3bf0-4298-8a83-8d5c3816df16:c4582]
2019-09-03 20:26:28,415 [grpc-default-executor-1] INFO  client.GrpcClientProtocolClient (GrpcClientProtocolClient.java:onNext(255)) - client-CB1B8AC74E59->81367453-3bf0-4298-8a83-8d5c3816df16: receive RaftClientReply:client-CB1B8AC74E59->81367453-3bf0-4298-8a83-8d5c3816df16@group-F6EC397515C5, cid=3326, SUCCESS, logIndex=4580, commits[81367453-3bf0-4298-8a83-8d5c3816df16:c4582]
2019-09-03 20:26:28,415 [grpc-default-executor-1] INFO  client.GrpcClientProtocolClient (GrpcClientProtocolClient.java:onNext(255)) - client-CB1B8AC74E59->81367453-3bf0-4298-8a83-8d5c3816df16: receive RaftClientReply:client-CB1B8AC74E59->81367453-3bf0-4298-8a83-8d5c3816df16@group-F6EC397515C5, cid=3327, SUCCESS, logIndex=4581, commits[81367453-3bf0-4298-8a83-8d5c3816df16:c4582]
2019-09-03 20:26:28,415 [grpc-default-executor-1] INFO  client.GrpcClientProtocolClient (GrpcClientProtocolClient.java:onNext(255)) - client-CB1B8AC74E59->81367453-3bf0-4298-8a83-8d5c3816df16: receive RaftClientReply:client-CB1B8AC74E59->81367453-3bf0-4298-8a83-8d5c3816df16@group-F6EC397515C5, cid=3328, SUCCESS, logIndex=4582, commits[81367453-3bf0-4298-8a83-8d5c3816df16:c4582]
2019-09-03 20:26:28,434 [grpc-default-executor-1] INFO  client.GrpcClientProtocolClient (GrpcClientProtocolClient.java:onNext(255)) - client-CB1B8AC74E59->81367453-3bf0-4298-8a83-8d5c3816df16: receive RaftClientReply:client-CB1B8AC74E59->81367453-3bf0-4298-8a83-8d5c3816df16@group-F6EC397515C5, cid=3329, SUCCESS, logIndex=4584, commits[81367453-3bf0-4298-8a83-8d5c3816df16:c4585]
2019-09-03 20:26:28,434 [grpc-default-executor-1] INFO  client.GrpcClientProtocolClient (GrpcClientProtocolClient.java:onNext(255)) - client-CB1B8AC74E59->81367453-3bf0-4298-8a83-8d5c3816df16: receive RaftClientReply:client-CB1B8AC74E59->81367453-3bf0-4298-8a83-8d5c3816df16@group-F6EC397515C5, cid=3330, SUCCESS, logIndex=4585, commits[81367453-3bf0-4298-8a83-8d5c3816df16:c4585]
2019-09-03 20:26:28,443 [grpc-default-executor-1] INFO  client.GrpcClientProtocolClient (GrpcClientProtocolClient.java:onNext(255)) - client-CB1B8AC74E59->81367453-3bf0-4298-8a83-8d5c3816df16: receive RaftClientReply:client-CB1B8AC74E59->81367453-3bf0-4298-8a83-8d5c3816df16@group-F6EC397515C5, cid=3331, SUCCESS, logIndex=4586, commits[81367453-3bf0-4298-8a83-8d5c3816df16:c4587]
2019-09-03 20:26:28,443 [grpc-default-executor-1] INFO  client.GrpcClientProtocolClient (GrpcClientProtocolClient.java:onNext(255)) - client-CB1B8AC74E59->81367453-3bf0-4298-8a83-8d5c3816df16: receive RaftClientReply:client-CB1B8AC74E59->81367453-3bf0-4298-8a83-8d5c3816df16@group-F6EC397515C5, cid=3332, SUCCESS, logIndex=4587, commits[81367453-3bf0-4298-8a83-8d5c3816df16:c4587]
2019-09-03 20:26:28,445 [SCMBlockDeletingService#1] DEBUG block.SCMBlockDeletingService (SCMBlockDeletingService.java:call(138)) - Running DeletedBlockTransactionScanner
2019-09-03 20:26:28,446 [SCMBlockDeletingService#1] DEBUG block.SCMBlockDeletingService (SCMBlockDeletingService.java:call(155)) - Scanned deleted blocks log and got 0 delTX to process.
2019-09-03 20:26:28,457 [grpc-default-executor-1] INFO  client.GrpcClientProtocolClient (GrpcClientProtocolClient.java:onNext(255)) - client-CB1B8AC74E59->81367453-3bf0-4298-8a83-8d5c3816df16: receive RaftClientReply:client-CB1B8AC74E59->81367453-3bf0-4298-8a83-8d5c3816df16@group-F6EC397515C5, cid=3333, SUCCESS, logIndex=4590, commits[81367453-3bf0-4298-8a83-8d5c3816df16:c4593]
2019-09-03 20:26:28,458 [grpc-default-executor-1] INFO  client.GrpcClientProtocolClient (GrpcClientProtocolClient.java:onNext(255)) - client-CB1B8AC74E59->81367453-3bf0-4298-8a83-8d5c3816df16: receive RaftClientReply:client-CB1B8AC74E59->81367453-3bf0-4298-8a83-8d5c3816df16@group-F6EC397515C5, cid=3334, SUCCESS, logIndex=4591, commits[81367453-3bf0-4298-8a83-8d5c3816df16:c4593]
2019-09-03 20:26:28,458 [grpc-default-executor-1] INFO  client.GrpcClientProtocolClient (GrpcClientProtocolClient.java:onNext(255)) - client-CB1B8AC74E59->81367453-3bf0-4298-8a83-8d5c3816df16: receive RaftClientReply:client-CB1B8AC74E59->81367453-3bf0-4298-8a83-8d5c3816df16@group-F6EC397515C5, cid=3335, SUCCESS, logIndex=4592, commits[81367453-3bf0-4298-8a83-8d5c3816df16:c4593]
2019-09-03 20:26:28,458 [grpc-default-executor-1] INFO  client.GrpcClientProtocolClient (GrpcClientProtocolClient.java:onNext(255)) - client-CB1B8AC74E59->81367453-3bf0-4298-8a83-8d5c3816df16: receive RaftClientReply:client-CB1B8AC74E59->81367453-3bf0-4298-8a83-8d5c3816df16@group-F6EC397515C5, cid=3336, SUCCESS, logIndex=4593, commits[81367453-3bf0-4298-8a83-8d5c3816df16:c4594]
2019-09-03 20:26:28,515 [grpc-default-executor-1] INFO  client.GrpcClientProtocolClient (GrpcClientProtocolClient.java:onNext(255)) - client-CB1B8AC74E59->81367453-3bf0-4298-8a83-8d5c3816df16: receive RaftClientReply:client-CB1B8AC74E59->81367453-3bf0-4298-8a83-8d5c3816df16@group-F6EC397515C5, cid=3337, SUCCESS, logIndex=4595, commits[81367453-3bf0-4298-8a83-8d5c3816df16:c4596]
2019-09-03 20:26:28,516 [grpc-default-executor-1] INFO  client.GrpcClientProtocolClient (GrpcClientProtocolClient.java:onNext(255)) - client-CB1B8AC74E59->81367453-3bf0-4298-8a83-8d5c3816df16: receive RaftClientReply:client-CB1B8AC74E59->81367453-3bf0-4298-8a83-8d5c3816df16@group-F6EC397515C5, cid=3338, SUCCESS, logIndex=4596, commits[81367453-3bf0-4298-8a83-8d5c3816df16:c4596]
2019-09-03 20:26:28,532 [grpc-default-executor-1] INFO  client.GrpcClientProtocolClient (GrpcClientProtocolClient.java:onNext(255)) - client-CB1B8AC74E59->81367453-3bf0-4298-8a83-8d5c3816df16: receive RaftClientReply:client-CB1B8AC74E59->81367453-3bf0-4298-8a83-8d5c3816df16@group-F6EC397515C5, cid=3339, SUCCESS, logIndex=4597, commits[81367453-3bf0-4298-8a83-8d5c3816df16:c4598]
2019-09-03 20:26:28,533 [grpc-default-executor-1] INFO  client.GrpcClientProtocolClient (GrpcClientProtocolClient.java:onNext(255)) - client-CB1B8AC74E59->81367453-3bf0-4298-8a83-8d5c3816df16: receive RaftClientReply:client-CB1B8AC74E59->81367453-3bf0-4298-8a83-8d5c3816df16@group-F6EC397515C5, cid=3340, SUCCESS, logIndex=4598, commits[81367453-3bf0-4298-8a83-8d5c3816df16:c4598]
2019-09-03 20:26:28,546 [SCMBlockDeletingService#1] DEBUG block.SCMBlockDeletingService (SCMBlockDeletingService.java:call(138)) - Running DeletedBlockTransactionScanner
2019-09-03 20:26:28,546 [SCMBlockDeletingService#1] DEBUG block.SCMBlockDeletingService (SCMBlockDeletingService.java:call(155)) - Scanned deleted blocks log and got 0 delTX to process.
2019-09-03 20:26:28,561 [grpc-default-executor-1] INFO  client.GrpcClientProtocolClient (GrpcClientProtocolClient.java:onNext(255)) - client-CB1B8AC74E59->81367453-3bf0-4298-8a83-8d5c3816df16: receive RaftClientReply:client-CB1B8AC74E59->81367453-3bf0-4298-8a83-8d5c3816df16@group-F6EC397515C5, cid=3341, SUCCESS, logIndex=4601, commits[81367453-3bf0-4298-8a83-8d5c3816df16:c4604]
2019-09-03 20:26:28,562 [grpc-default-executor-1] INFO  client.GrpcClientProtocolClient (GrpcClientProtocolClient.java:onNext(255)) - client-CB1B8AC74E59->81367453-3bf0-4298-8a83-8d5c3816df16: receive RaftClientReply:client-CB1B8AC74E59->81367453-3bf0-4298-8a83-8d5c3816df16@group-F6EC397515C5, cid=3342, SUCCESS, logIndex=4602, commits[81367453-3bf0-4298-8a83-8d5c3816df16:c4604]
2019-09-03 20:26:28,562 [grpc-default-executor-1] INFO  client.GrpcClientProtocolClient (GrpcClientProtocolClient.java:onNext(255)) - client-CB1B8AC74E59->81367453-3bf0-4298-8a83-8d5c3816df16: receive RaftClientReply:client-CB1B8AC74E59->81367453-3bf0-4298-8a83-8d5c3816df16@group-F6EC397515C5, cid=3343, SUCCESS, logIndex=4603, commits[81367453-3bf0-4298-8a83-8d5c3816df16:c4604]
2019-09-03 20:26:28,562 [grpc-default-executor-1] INFO  client.GrpcClientProtocolClient (GrpcClientProtocolClient.java:onNext(255)) - client-CB1B8AC74E59->81367453-3bf0-4298-8a83-8d5c3816df16: receive RaftClientReply:client-CB1B8AC74E59->81367453-3bf0-4298-8a83-8d5c3816df16@group-F6EC397515C5, cid=3344, SUCCESS, logIndex=4604, commits[81367453-3bf0-4298-8a83-8d5c3816df16:c4604]
2019-09-03 20:26:28,592 [grpc-default-executor-1] INFO  client.GrpcClientProtocolClient (GrpcClientProtocolClient.java:onNext(255)) - client-CB1B8AC74E59->81367453-3bf0-4298-8a83-8d5c3816df16: receive RaftClientReply:client-CB1B8AC74E59->81367453-3bf0-4298-8a83-8d5c3816df16@group-F6EC397515C5, cid=3345, SUCCESS, logIndex=4606, commits[81367453-3bf0-4298-8a83-8d5c3816df16:c4607]
2019-09-03 20:26:28,592 [grpc-default-executor-1] INFO  client.GrpcClientProtocolClient (GrpcClientProtocolClient.java:onNext(255)) - client-CB1B8AC74E59->81367453-3bf0-4298-8a83-8d5c3816df16: receive RaftClientReply:client-CB1B8AC74E59->81367453-3bf0-4298-8a83-8d5c3816df16@group-F6EC397515C5, cid=3346, SUCCESS, logIndex=4607, commits[81367453-3bf0-4298-8a83-8d5c3816df16:c4607]
2019-09-03 20:26:28,598 [grpc-default-executor-1] INFO  client.GrpcClientProtocolClient (GrpcClientProtocolClient.java:onNext(255)) - client-CB1B8AC74E59->81367453-3bf0-4298-8a83-8d5c3816df16: receive RaftClientReply:client-CB1B8AC74E59->81367453-3bf0-4298-8a83-8d5c3816df16@group-F6EC397515C5, cid=3347, SUCCESS, logIndex=4608, commits[81367453-3bf0-4298-8a83-8d5c3816df16:c4609]
2019-09-03 20:26:28,598 [grpc-default-executor-1] INFO  client.GrpcClientProtocolClient (GrpcClientProtocolClient.java:onNext(255)) - client-CB1B8AC74E59->81367453-3bf0-4298-8a83-8d5c3816df16: receive RaftClientReply:client-CB1B8AC74E59->81367453-3bf0-4298-8a83-8d5c3816df16@group-F6EC397515C5, cid=3348, SUCCESS, logIndex=4609, commits[81367453-3bf0-4298-8a83-8d5c3816df16:c4609]
2019-09-03 20:26:28,620 [grpc-default-executor-1] INFO  client.GrpcClientProtocolClient (GrpcClientProtocolClient.java:onNext(255)) - client-CB1B8AC74E59->81367453-3bf0-4298-8a83-8d5c3816df16: receive RaftClientReply:client-CB1B8AC74E59->81367453-3bf0-4298-8a83-8d5c3816df16@group-F6EC397515C5, cid=3349, SUCCESS, logIndex=4612, commits[81367453-3bf0-4298-8a83-8d5c3816df16:c4615]
2019-09-03 20:26:28,620 [grpc-default-executor-1] INFO  client.GrpcClientProtocolClient (GrpcClientProtocolClient.java:onNext(255)) - client-CB1B8AC74E59->81367453-3bf0-4298-8a83-8d5c3816df16: receive RaftClientReply:client-CB1B8AC74E59->81367453-3bf0-4298-8a83-8d5c3816df16@group-F6EC397515C5, cid=3350, SUCCESS, logIndex=4613, commits[81367453-3bf0-4298-8a83-8d5c3816df16:c4615]
2019-09-03 20:26:28,620 [grpc-default-executor-1] INFO  client.GrpcClientProtocolClient (GrpcClientProtocolClient.java:onNext(255)) - client-CB1B8AC74E59->81367453-3bf0-4298-8a83-8d5c3816df16: receive RaftClientReply:client-CB1B8AC74E59->81367453-3bf0-4298-8a83-8d5c3816df16@group-F6EC397515C5, cid=3351, SUCCESS, logIndex=4614, commits[81367453-3bf0-4298-8a83-8d5c3816df16:c4615]
2019-09-03 20:26:28,620 [grpc-default-executor-1] INFO  client.GrpcClientProtocolClient (GrpcClientProtocolClient.java:onNext(255)) - client-CB1B8AC74E59->81367453-3bf0-4298-8a83-8d5c3816df16: receive RaftClientReply:client-CB1B8AC74E59->81367453-3bf0-4298-8a83-8d5c3816df16@group-F6EC397515C5, cid=3352, SUCCESS, logIndex=4615, commits[81367453-3bf0-4298-8a83-8d5c3816df16:c4615]
2019-09-03 20:26:28,646 [SCMBlockDeletingService#1] DEBUG block.SCMBlockDeletingService (SCMBlockDeletingService.java:call(138)) - Running DeletedBlockTransactionScanner
2019-09-03 20:26:28,647 [SCMBlockDeletingService#1] DEBUG block.SCMBlockDeletingService (SCMBlockDeletingService.java:call(155)) - Scanned deleted blocks log and got 0 delTX to process.
2019-09-03 20:26:28,656 [grpc-default-executor-1] INFO  client.GrpcClientProtocolClient (GrpcClientProtocolClient.java:onNext(255)) - client-CB1B8AC74E59->81367453-3bf0-4298-8a83-8d5c3816df16: receive RaftClientReply:client-CB1B8AC74E59->81367453-3bf0-4298-8a83-8d5c3816df16@group-F6EC397515C5, cid=3353, SUCCESS, logIndex=4617, commits[81367453-3bf0-4298-8a83-8d5c3816df16:c4620]
2019-09-03 20:26:28,656 [grpc-default-executor-1] INFO  client.GrpcClientProtocolClient (GrpcClientProtocolClient.java:onNext(255)) - client-CB1B8AC74E59->81367453-3bf0-4298-8a83-8d5c3816df16: receive RaftClientReply:client-CB1B8AC74E59->81367453-3bf0-4298-8a83-8d5c3816df16@group-F6EC397515C5, cid=3354, SUCCESS, logIndex=4618, commits[81367453-3bf0-4298-8a83-8d5c3816df16:c4620]
2019-09-03 20:26:28,656 [grpc-default-executor-1] INFO  client.GrpcClientProtocolClient (GrpcClientProtocolClient.java:onNext(255)) - client-CB1B8AC74E59->81367453-3bf0-4298-8a83-8d5c3816df16: receive RaftClientReply:client-CB1B8AC74E59->81367453-3bf0-4298-8a83-8d5c3816df16@group-F6EC397515C5, cid=3355, SUCCESS, logIndex=4619, commits[81367453-3bf0-4298-8a83-8d5c3816df16:c4620]
2019-09-03 20:26:28,657 [grpc-default-executor-1] INFO  client.GrpcClientProtocolClient (GrpcClientProtocolClient.java:onNext(255)) - client-CB1B8AC74E59->81367453-3bf0-4298-8a83-8d5c3816df16: receive RaftClientReply:client-CB1B8AC74E59->81367453-3bf0-4298-8a83-8d5c3816df16@group-F6EC397515C5, cid=3356, SUCCESS, logIndex=4620, commits[81367453-3bf0-4298-8a83-8d5c3816df16:c4620]
2019-09-03 20:26:28,671 [grpc-default-executor-2] INFO  client.GrpcClientProtocolClient (GrpcClientProtocolClient.java:onNext(255)) - client-CB1B8AC74E59->81367453-3bf0-4298-8a83-8d5c3816df16: receive RaftClientReply:client-CB1B8AC74E59->81367453-3bf0-4298-8a83-8d5c3816df16@group-F6EC397515C5, cid=3357, SUCCESS, logIndex=4622, commits[81367453-3bf0-4298-8a83-8d5c3816df16:c4623]
2019-09-03 20:26:28,671 [grpc-default-executor-2] INFO  client.GrpcClientProtocolClient (GrpcClientProtocolClient.java:onNext(255)) - client-CB1B8AC74E59->81367453-3bf0-4298-8a83-8d5c3816df16: receive RaftClientReply:client-CB1B8AC74E59->81367453-3bf0-4298-8a83-8d5c3816df16@group-F6EC397515C5, cid=3358, SUCCESS, logIndex=4623, commits[81367453-3bf0-4298-8a83-8d5c3816df16:c4623]
2019-09-03 20:26:28,747 [SCMBlockDeletingService#1] DEBUG block.SCMBlockDeletingService (SCMBlockDeletingService.java:call(138)) - Running DeletedBlockTransactionScanner
2019-09-03 20:26:28,747 [SCMBlockDeletingService#1] DEBUG block.SCMBlockDeletingService (SCMBlockDeletingService.java:call(155)) - Scanned deleted blocks log and got 0 delTX to process.
2019-09-03 20:26:28,759 [grpc-default-executor-1] INFO  client.GrpcClientProtocolClient (GrpcClientProtocolClient.java:onNext(255)) - client-CB1B8AC74E59->81367453-3bf0-4298-8a83-8d5c3816df16: receive RaftClientReply:client-CB1B8AC74E59->81367453-3bf0-4298-8a83-8d5c3816df16@group-F6EC397515C5, cid=3359, SUCCESS, logIndex=4625, commits[81367453-3bf0-4298-8a83-8d5c3816df16:c4626]
2019-09-03 20:26:28,759 [grpc-default-executor-1] INFO  client.GrpcClientProtocolClient (GrpcClientProtocolClient.java:onNext(255)) - client-CB1B8AC74E59->81367453-3bf0-4298-8a83-8d5c3816df16: receive RaftClientReply:client-CB1B8AC74E59->81367453-3bf0-4298-8a83-8d5c3816df16@group-F6EC397515C5, cid=3360, SUCCESS, logIndex=4626, commits[81367453-3bf0-4298-8a83-8d5c3816df16:c4626]
2019-09-03 20:26:28,805 [grpc-default-executor-2] INFO  client.GrpcClientProtocolClient (GrpcClientProtocolClient.java:onNext(255)) - client-CB1B8AC74E59->81367453-3bf0-4298-8a83-8d5c3816df16: receive RaftClientReply:client-CB1B8AC74E59->81367453-3bf0-4298-8a83-8d5c3816df16@group-F6EC397515C5, cid=3361, SUCCESS, logIndex=4628, commits[81367453-3bf0-4298-8a83-8d5c3816df16:c4631]
2019-09-03 20:26:28,805 [grpc-default-executor-2] INFO  client.GrpcClientProtocolClient (GrpcClientProtocolClient.java:onNext(255)) - client-CB1B8AC74E59->81367453-3bf0-4298-8a83-8d5c3816df16: receive RaftClientReply:client-CB1B8AC74E59->81367453-3bf0-4298-8a83-8d5c3816df16@group-F6EC397515C5, cid=3362, SUCCESS, logIndex=4629, commits[81367453-3bf0-4298-8a83-8d5c3816df16:c4631]
2019-09-03 20:26:28,806 [grpc-default-executor-2] INFO  client.GrpcClientProtocolClient (GrpcClientProtocolClient.java:onNext(255)) - client-CB1B8AC74E59->81367453-3bf0-4298-8a83-8d5c3816df16: receive RaftClientReply:client-CB1B8AC74E59->81367453-3bf0-4298-8a83-8d5c3816df16@group-F6EC397515C5, cid=3363, SUCCESS, logIndex=4630, commits[81367453-3bf0-4298-8a83-8d5c3816df16:c4631]
2019-09-03 20:26:28,806 [grpc-default-executor-2] INFO  client.GrpcClientProtocolClient (GrpcClientProtocolClient.java:onNext(255)) - client-CB1B8AC74E59->81367453-3bf0-4298-8a83-8d5c3816df16: receive RaftClientReply:client-CB1B8AC74E59->81367453-3bf0-4298-8a83-8d5c3816df16@group-F6EC397515C5, cid=3364, SUCCESS, logIndex=4631, commits[81367453-3bf0-4298-8a83-8d5c3816df16:c4631]
2019-09-03 20:26:28,828 [grpc-default-executor-1] INFO  client.GrpcClientProtocolClient (GrpcClientProtocolClient.java:onNext(255)) - client-CB1B8AC74E59->81367453-3bf0-4298-8a83-8d5c3816df16: receive RaftClientReply:client-CB1B8AC74E59->81367453-3bf0-4298-8a83-8d5c3816df16@group-F6EC397515C5, cid=3365, SUCCESS, logIndex=4633, commits[81367453-3bf0-4298-8a83-8d5c3816df16:c4636]
2019-09-03 20:26:28,828 [grpc-default-executor-1] INFO  client.GrpcClientProtocolClient (GrpcClientProtocolClient.java:onNext(255)) - client-CB1B8AC74E59->81367453-3bf0-4298-8a83-8d5c3816df16: receive RaftClientReply:client-CB1B8AC74E59->81367453-3bf0-4298-8a83-8d5c3816df16@group-F6EC397515C5, cid=3366, SUCCESS, logIndex=4634, commits[81367453-3bf0-4298-8a83-8d5c3816df16:c4636]
2019-09-03 20:26:28,828 [grpc-default-executor-1] INFO  client.GrpcClientProtocolClient (GrpcClientProtocolClient.java:onNext(255)) - client-CB1B8AC74E59->81367453-3bf0-4298-8a83-8d5c3816df16: receive RaftClientReply:client-CB1B8AC74E59->81367453-3bf0-4298-8a83-8d5c3816df16@group-F6EC397515C5, cid=3367, SUCCESS, logIndex=4635, commits[81367453-3bf0-4298-8a83-8d5c3816df16:c4636]
2019-09-03 20:26:28,829 [grpc-default-executor-1] INFO  client.GrpcClientProtocolClient (GrpcClientProtocolClient.java:onNext(255)) - client-CB1B8AC74E59->81367453-3bf0-4298-8a83-8d5c3816df16: receive RaftClientReply:client-CB1B8AC74E59->81367453-3bf0-4298-8a83-8d5c3816df16@group-F6EC397515C5, cid=3368, SUCCESS, logIndex=4636, commits[81367453-3bf0-4298-8a83-8d5c3816df16:c4636]
2019-09-03 20:26:28,847 [SCMBlockDeletingService#1] DEBUG block.SCMBlockDeletingService (SCMBlockDeletingService.java:call(138)) - Running DeletedBlockTransactionScanner
2019-09-03 20:26:28,848 [SCMBlockDeletingService#1] DEBUG block.SCMBlockDeletingService (SCMBlockDeletingService.java:call(155)) - Scanned deleted blocks log and got 0 delTX to process.
2019-09-03 20:26:28,860 [grpc-default-executor-1] INFO  client.GrpcClientProtocolClient (GrpcClientProtocolClient.java:onNext(255)) - client-CB1B8AC74E59->81367453-3bf0-4298-8a83-8d5c3816df16: receive RaftClientReply:client-CB1B8AC74E59->81367453-3bf0-4298-8a83-8d5c3816df16@group-F6EC397515C5, cid=3369, SUCCESS, logIndex=4638, commits[81367453-3bf0-4298-8a83-8d5c3816df16:c4639]
2019-09-03 20:26:28,861 [grpc-default-executor-1] INFO  client.GrpcClientProtocolClient (GrpcClientProtocolClient.java:onNext(255)) - client-CB1B8AC74E59->81367453-3bf0-4298-8a83-8d5c3816df16: receive RaftClientReply:client-CB1B8AC74E59->81367453-3bf0-4298-8a83-8d5c3816df16@group-F6EC397515C5, cid=3370, SUCCESS, logIndex=4639, commits[81367453-3bf0-4298-8a83-8d5c3816df16:c4639]
2019-09-03 20:26:28,871 [grpc-default-executor-1] INFO  client.GrpcClientProtocolClient (GrpcClientProtocolClient.java:onNext(255)) - client-CB1B8AC74E59->81367453-3bf0-4298-8a83-8d5c3816df16: receive RaftClientReply:client-CB1B8AC74E59->81367453-3bf0-4298-8a83-8d5c3816df16@group-F6EC397515C5, cid=3371, SUCCESS, logIndex=4640, commits[81367453-3bf0-4298-8a83-8d5c3816df16:c4641]
2019-09-03 20:26:28,872 [grpc-default-executor-1] INFO  client.GrpcClientProtocolClient (GrpcClientProtocolClient.java:onNext(255)) - client-CB1B8AC74E59->81367453-3bf0-4298-8a83-8d5c3816df16: receive RaftClientReply:client-CB1B8AC74E59->81367453-3bf0-4298-8a83-8d5c3816df16@group-F6EC397515C5, cid=3372, SUCCESS, logIndex=4641, commits[81367453-3bf0-4298-8a83-8d5c3816df16:c4641]
2019-09-03 20:26:28,889 [grpc-default-executor-1] INFO  client.GrpcClientProtocolClient (GrpcClientProtocolClient.java:onNext(255)) - client-CB1B8AC74E59->81367453-3bf0-4298-8a83-8d5c3816df16: receive RaftClientReply:client-CB1B8AC74E59->81367453-3bf0-4298-8a83-8d5c3816df16@group-F6EC397515C5, cid=3373, SUCCESS, logIndex=4644, commits[81367453-3bf0-4298-8a83-8d5c3816df16:c4645]
2019-09-03 20:26:28,889 [grpc-default-executor-1] INFO  client.GrpcClientProtocolClient (GrpcClientProtocolClient.java:onNext(255)) - client-CB1B8AC74E59->81367453-3bf0-4298-8a83-8d5c3816df16: receive RaftClientReply:client-CB1B8AC74E59->81367453-3bf0-4298-8a83-8d5c3816df16@group-F6EC397515C5, cid=3374, SUCCESS, logIndex=4645, commits[81367453-3bf0-4298-8a83-8d5c3816df16:c4645]
2019-09-03 20:26:28,896 [grpc-default-executor-1] INFO  client.GrpcClientProtocolClient (GrpcClientProtocolClient.java:onNext(255)) - client-CB1B8AC74E59->81367453-3bf0-4298-8a83-8d5c3816df16: receive RaftClientReply:client-CB1B8AC74E59->81367453-3bf0-4298-8a83-8d5c3816df16@group-F6EC397515C5, cid=3375, SUCCESS, logIndex=4646, commits[81367453-3bf0-4298-8a83-8d5c3816df16:c4647]
2019-09-03 20:26:28,897 [grpc-default-executor-1] INFO  client.GrpcClientProtocolClient (GrpcClientProtocolClient.java:onNext(255)) - client-CB1B8AC74E59->81367453-3bf0-4298-8a83-8d5c3816df16: receive RaftClientReply:client-CB1B8AC74E59->81367453-3bf0-4298-8a83-8d5c3816df16@group-F6EC397515C5, cid=3376, SUCCESS, logIndex=4647, commits[81367453-3bf0-4298-8a83-8d5c3816df16:c4647]
2019-09-03 20:26:28,943 [grpc-default-executor-1] INFO  client.GrpcClientProtocolClient (GrpcClientProtocolClient.java:onNext(255)) - client-CB1B8AC74E59->81367453-3bf0-4298-8a83-8d5c3816df16: receive RaftClientReply:client-CB1B8AC74E59->81367453-3bf0-4298-8a83-8d5c3816df16@group-F6EC397515C5, cid=3377, SUCCESS, logIndex=4650, commits[81367453-3bf0-4298-8a83-8d5c3816df16:c4653]
2019-09-03 20:26:28,944 [grpc-default-executor-1] INFO  client.GrpcClientProtocolClient (GrpcClientProtocolClient.java:onNext(255)) - client-CB1B8AC74E59->81367453-3bf0-4298-8a83-8d5c3816df16: receive RaftClientReply:client-CB1B8AC74E59->81367453-3bf0-4298-8a83-8d5c3816df16@group-F6EC397515C5, cid=3378, SUCCESS, logIndex=4651, commits[81367453-3bf0-4298-8a83-8d5c3816df16:c4653]
2019-09-03 20:26:28,945 [grpc-default-executor-1] INFO  client.GrpcClientProtocolClient (GrpcClientProtocolClient.java:onNext(255)) - client-CB1B8AC74E59->81367453-3bf0-4298-8a83-8d5c3816df16: receive RaftClientReply:client-CB1B8AC74E59->81367453-3bf0-4298-8a83-8d5c3816df16@group-F6EC397515C5, cid=3379, SUCCESS, logIndex=4652, commits[81367453-3bf0-4298-8a83-8d5c3816df16:c4654]
2019-09-03 20:26:28,945 [grpc-default-executor-1] INFO  client.GrpcClientProtocolClient (GrpcClientProtocolClient.java:onNext(255)) - client-CB1B8AC74E59->81367453-3bf0-4298-8a83-8d5c3816df16: receive RaftClientReply:client-CB1B8AC74E59->81367453-3bf0-4298-8a83-8d5c3816df16@group-F6EC397515C5, cid=3380, SUCCESS, logIndex=4653, commits[81367453-3bf0-4298-8a83-8d5c3816df16:c4654]
2019-09-03 20:26:28,948 [SCMBlockDeletingService#1] DEBUG block.SCMBlockDeletingService (SCMBlockDeletingService.java:call(138)) - Running DeletedBlockTransactionScanner
2019-09-03 20:26:28,948 [SCMBlockDeletingService#1] DEBUG block.SCMBlockDeletingService (SCMBlockDeletingService.java:call(155)) - Scanned deleted blocks log and got 0 delTX to process.
2019-09-03 20:26:28,967 [grpc-default-executor-2] INFO  client.GrpcClientProtocolClient (GrpcClientProtocolClient.java:onNext(255)) - client-CB1B8AC74E59->81367453-3bf0-4298-8a83-8d5c3816df16: receive RaftClientReply:client-CB1B8AC74E59->81367453-3bf0-4298-8a83-8d5c3816df16@group-F6EC397515C5, cid=3381, SUCCESS, logIndex=4655, commits[81367453-3bf0-4298-8a83-8d5c3816df16:c4656]
2019-09-03 20:26:28,967 [grpc-default-executor-2] INFO  client.GrpcClientProtocolClient (GrpcClientProtocolClient.java:onNext(255)) - client-CB1B8AC74E59->81367453-3bf0-4298-8a83-8d5c3816df16: receive RaftClientReply:client-CB1B8AC74E59->81367453-3bf0-4298-8a83-8d5c3816df16@group-F6EC397515C5, cid=3382, SUCCESS, logIndex=4656, commits[81367453-3bf0-4298-8a83-8d5c3816df16:c4656]
2019-09-03 20:26:28,985 [grpc-default-executor-2] INFO  client.GrpcClientProtocolClient (GrpcClientProtocolClient.java:onNext(255)) - client-CB1B8AC74E59->81367453-3bf0-4298-8a83-8d5c3816df16: receive RaftClientReply:client-CB1B8AC74E59->81367453-3bf0-4298-8a83-8d5c3816df16@group-F6EC397515C5, cid=3383, SUCCESS, logIndex=4657, commits[81367453-3bf0-4298-8a83-8d5c3816df16:c4658]
2019-09-03 20:26:28,985 [grpc-default-executor-2] INFO  client.GrpcClientProtocolClient (GrpcClientProtocolClient.java:onNext(255)) - client-CB1B8AC74E59->81367453-3bf0-4298-8a83-8d5c3816df16: receive RaftClientReply:client-CB1B8AC74E59->81367453-3bf0-4298-8a83-8d5c3816df16@group-F6EC397515C5, cid=3384, SUCCESS, logIndex=4658, commits[81367453-3bf0-4298-8a83-8d5c3816df16:c4658]
2019-09-03 20:26:29,013 [grpc-default-executor-1] INFO  client.GrpcClientProtocolClient (GrpcClientProtocolClient.java:onNext(255)) - client-CB1B8AC74E59->81367453-3bf0-4298-8a83-8d5c3816df16: receive RaftClientReply:client-CB1B8AC74E59->81367453-3bf0-4298-8a83-8d5c3816df16@group-F6EC397515C5, cid=3385, SUCCESS, logIndex=4661, commits[81367453-3bf0-4298-8a83-8d5c3816df16:c4664]
2019-09-03 20:26:29,013 [grpc-default-executor-1] INFO  client.GrpcClientProtocolClient (GrpcClientProtocolClient.java:onNext(255)) - client-CB1B8AC74E59->81367453-3bf0-4298-8a83-8d5c3816df16: receive RaftClientReply:client-CB1B8AC74E59->81367453-3bf0-4298-8a83-8d5c3816df16@group-F6EC397515C5, cid=3386, SUCCESS, logIndex=4662, commits[81367453-3bf0-4298-8a83-8d5c3816df16:c4664]
2019-09-03 20:26:29,013 [grpc-default-executor-1] INFO  client.GrpcClientProtocolClient (GrpcClientProtocolClient.java:onNext(255)) - client-CB1B8AC74E59->81367453-3bf0-4298-8a83-8d5c3816df16: receive RaftClientReply:client-CB1B8AC74E59->81367453-3bf0-4298-8a83-8d5c3816df16@group-F6EC397515C5, cid=3387, SUCCESS, logIndex=4663, commits[81367453-3bf0-4298-8a83-8d5c3816df16:c4664]
2019-09-03 20:26:29,014 [grpc-default-executor-1] INFO  client.GrpcClientProtocolClient (GrpcClientProtocolClient.java:onNext(255)) - client-CB1B8AC74E59->81367453-3bf0-4298-8a83-8d5c3816df16: receive RaftClientReply:client-CB1B8AC74E59->81367453-3bf0-4298-8a83-8d5c3816df16@group-F6EC397515C5, cid=3388, SUCCESS, logIndex=4664, commits[81367453-3bf0-4298-8a83-8d5c3816df16:c4664]
2019-09-03 20:26:29,041 [grpc-default-executor-1] INFO  client.GrpcClientProtocolClient (GrpcClientProtocolClient.java:onNext(255)) - client-CB1B8AC74E59->81367453-3bf0-4298-8a83-8d5c3816df16: receive RaftClientReply:client-CB1B8AC74E59->81367453-3bf0-4298-8a83-8d5c3816df16@group-F6EC397515C5, cid=3389, SUCCESS, logIndex=4666, commits[81367453-3bf0-4298-8a83-8d5c3816df16:c4667]
2019-09-03 20:26:29,042 [grpc-default-executor-1] INFO  client.GrpcClientProtocolClient (GrpcClientProtocolClient.java:onNext(255)) - client-CB1B8AC74E59->81367453-3bf0-4298-8a83-8d5c3816df16: receive RaftClientReply:client-CB1B8AC74E59->81367453-3bf0-4298-8a83-8d5c3816df16@group-F6EC397515C5, cid=3390, SUCCESS, logIndex=4667, commits[81367453-3bf0-4298-8a83-8d5c3816df16:c4669]
2019-09-03 20:26:29,042 [grpc-default-executor-1] INFO  client.GrpcClientProtocolClient (GrpcClientProtocolClient.java:onNext(255)) - client-CB1B8AC74E59->81367453-3bf0-4298-8a83-8d5c3816df16: receive RaftClientReply:client-CB1B8AC74E59->81367453-3bf0-4298-8a83-8d5c3816df16@group-F6EC397515C5, cid=3391, SUCCESS, logIndex=4668, commits[81367453-3bf0-4298-8a83-8d5c3816df16:c4669]
2019-09-03 20:26:29,042 [grpc-default-executor-1] INFO  client.GrpcClientProtocolClient (GrpcClientProtocolClient.java:onNext(255)) - client-CB1B8AC74E59->81367453-3bf0-4298-8a83-8d5c3816df16: receive RaftClientReply:client-CB1B8AC74E59->81367453-3bf0-4298-8a83-8d5c3816df16@group-F6EC397515C5, cid=3392, SUCCESS, logIndex=4669, commits[81367453-3bf0-4298-8a83-8d5c3816df16:c4669]
2019-09-03 20:26:29,048 [SCMBlockDeletingService#1] DEBUG block.SCMBlockDeletingService (SCMBlockDeletingService.java:call(138)) - Running DeletedBlockTransactionScanner
2019-09-03 20:26:29,049 [SCMBlockDeletingService#1] DEBUG block.SCMBlockDeletingService (SCMBlockDeletingService.java:call(155)) - Scanned deleted blocks log and got 0 delTX to process.
2019-09-03 20:26:29,087 [grpc-default-executor-1] INFO  client.GrpcClientProtocolClient (GrpcClientProtocolClient.java:onNext(255)) - client-CB1B8AC74E59->81367453-3bf0-4298-8a83-8d5c3816df16: receive RaftClientReply:client-CB1B8AC74E59->81367453-3bf0-4298-8a83-8d5c3816df16@group-F6EC397515C5, cid=3393, SUCCESS, logIndex=4672, commits[81367453-3bf0-4298-8a83-8d5c3816df16:c4675]
2019-09-03 20:26:29,088 [grpc-default-executor-1] INFO  client.GrpcClientProtocolClient (GrpcClientProtocolClient.java:onNext(255)) - client-CB1B8AC74E59->81367453-3bf0-4298-8a83-8d5c3816df16: receive RaftClientReply:client-CB1B8AC74E59->81367453-3bf0-4298-8a83-8d5c3816df16@group-F6EC397515C5, cid=3394, SUCCESS, logIndex=4673, commits[81367453-3bf0-4298-8a83-8d5c3816df16:c4675]
2019-09-03 20:26:29,088 [grpc-default-executor-1] INFO  client.GrpcClientProtocolClient (GrpcClientProtocolClient.java:onNext(255)) - client-CB1B8AC74E59->81367453-3bf0-4298-8a83-8d5c3816df16: receive RaftClientReply:client-CB1B8AC74E59->81367453-3bf0-4298-8a83-8d5c3816df16@group-F6EC397515C5, cid=3395, SUCCESS, logIndex=4674, commits[81367453-3bf0-4298-8a83-8d5c3816df16:c4675]
2019-09-03 20:26:29,088 [grpc-default-executor-1] INFO  client.GrpcClientProtocolClient (GrpcClientProtocolClient.java:onNext(255)) - client-CB1B8AC74E59->81367453-3bf0-4298-8a83-8d5c3816df16: receive RaftClientReply:client-CB1B8AC74E59->81367453-3bf0-4298-8a83-8d5c3816df16@group-F6EC397515C5, cid=3396, SUCCESS, logIndex=4675, commits[81367453-3bf0-4298-8a83-8d5c3816df16:c4675]
2019-09-03 20:26:29,128 [grpc-default-executor-2] INFO  client.GrpcClientProtocolClient (GrpcClientProtocolClient.java:onNext(255)) - client-CB1B8AC74E59->81367453-3bf0-4298-8a83-8d5c3816df16: receive RaftClientReply:client-CB1B8AC74E59->81367453-3bf0-4298-8a83-8d5c3816df16@group-F6EC397515C5, cid=3397, SUCCESS, logIndex=4677, commits[81367453-3bf0-4298-8a83-8d5c3816df16:c4680]
2019-09-03 20:26:29,129 [grpc-default-executor-1] INFO  client.GrpcClientProtocolClient (GrpcClientProtocolClient.java:onNext(255)) - client-CB1B8AC74E59->81367453-3bf0-4298-8a83-8d5c3816df16: receive RaftClientReply:client-CB1B8AC74E59->81367453-3bf0-4298-8a83-8d5c3816df16@group-F6EC397515C5, cid=3398, SUCCESS, logIndex=4678, commits[81367453-3bf0-4298-8a83-8d5c3816df16:c4680]
2019-09-03 20:26:29,129 [grpc-default-executor-1] INFO  client.GrpcClientProtocolClient (GrpcClientProtocolClient.java:onNext(255)) - client-CB1B8AC74E59->81367453-3bf0-4298-8a83-8d5c3816df16: receive RaftClientReply:client-CB1B8AC74E59->81367453-3bf0-4298-8a83-8d5c3816df16@group-F6EC397515C5, cid=3399, SUCCESS, logIndex=4679, commits[81367453-3bf0-4298-8a83-8d5c3816df16:c4680]
2019-09-03 20:26:29,129 [grpc-default-executor-1] INFO  client.GrpcClientProtocolClient (GrpcClientProtocolClient.java:onNext(255)) - client-CB1B8AC74E59->81367453-3bf0-4298-8a83-8d5c3816df16: receive RaftClientReply:client-CB1B8AC74E59->81367453-3bf0-4298-8a83-8d5c3816df16@group-F6EC397515C5, cid=3400, SUCCESS, logIndex=4680, commits[81367453-3bf0-4298-8a83-8d5c3816df16:c4680]
2019-09-03 20:26:29,149 [SCMBlockDeletingService#1] DEBUG block.SCMBlockDeletingService (SCMBlockDeletingService.java:call(138)) - Running DeletedBlockTransactionScanner
2019-09-03 20:26:29,149 [SCMBlockDeletingService#1] DEBUG block.SCMBlockDeletingService (SCMBlockDeletingService.java:call(155)) - Scanned deleted blocks log and got 0 delTX to process.
2019-09-03 20:26:29,160 [grpc-default-executor-2] INFO  client.GrpcClientProtocolClient (GrpcClientProtocolClient.java:onNext(255)) - client-CB1B8AC74E59->81367453-3bf0-4298-8a83-8d5c3816df16: receive RaftClientReply:client-CB1B8AC74E59->81367453-3bf0-4298-8a83-8d5c3816df16@group-F6EC397515C5, cid=3401, SUCCESS, logIndex=4682, commits[81367453-3bf0-4298-8a83-8d5c3816df16:c4683]
2019-09-03 20:26:29,160 [grpc-default-executor-2] INFO  client.GrpcClientProtocolClient (GrpcClientProtocolClient.java:onNext(255)) - client-CB1B8AC74E59->81367453-3bf0-4298-8a83-8d5c3816df16: receive RaftClientReply:client-CB1B8AC74E59->81367453-3bf0-4298-8a83-8d5c3816df16@group-F6EC397515C5, cid=3402, SUCCESS, logIndex=4683, commits[81367453-3bf0-4298-8a83-8d5c3816df16:c4683]
2019-09-03 20:26:29,185 [grpc-default-executor-2] INFO  client.GrpcClientProtocolClient (GrpcClientProtocolClient.java:onNext(255)) - client-CB1B8AC74E59->81367453-3bf0-4298-8a83-8d5c3816df16: receive RaftClientReply:client-CB1B8AC74E59->81367453-3bf0-4298-8a83-8d5c3816df16@group-F6EC397515C5, cid=3403, SUCCESS, logIndex=4684, commits[81367453-3bf0-4298-8a83-8d5c3816df16:c4685]
2019-09-03 20:26:29,186 [grpc-default-executor-2] INFO  client.GrpcClientProtocolClient (GrpcClientProtocolClient.java:onNext(255)) - client-CB1B8AC74E59->81367453-3bf0-4298-8a83-8d5c3816df16: receive RaftClientReply:client-CB1B8AC74E59->81367453-3bf0-4298-8a83-8d5c3816df16@group-F6EC397515C5, cid=3404, SUCCESS, logIndex=4685, commits[81367453-3bf0-4298-8a83-8d5c3816df16:c4685]
2019-09-03 20:26:29,269 [SCMBlockDeletingService#1] DEBUG block.SCMBlockDeletingService (SCMBlockDeletingService.java:call(138)) - Running DeletedBlockTransactionScanner
2019-09-03 20:26:29,269 [SCMBlockDeletingService#1] DEBUG block.SCMBlockDeletingService (SCMBlockDeletingService.java:call(155)) - Scanned deleted blocks log and got 0 delTX to process.
2019-09-03 20:26:29,370 [SCMBlockDeletingService#1] DEBUG block.SCMBlockDeletingService (SCMBlockDeletingService.java:call(138)) - Running DeletedBlockTransactionScanner
2019-09-03 20:26:29,370 [SCMBlockDeletingService#1] DEBUG block.SCMBlockDeletingService (SCMBlockDeletingService.java:call(155)) - Scanned deleted blocks log and got 0 delTX to process.
2019-09-03 20:26:29,400 [grpc-default-executor-2] INFO  client.GrpcClientProtocolClient (GrpcClientProtocolClient.java:onNext(255)) - client-CB1B8AC74E59->81367453-3bf0-4298-8a83-8d5c3816df16: receive RaftClientReply:client-CB1B8AC74E59->81367453-3bf0-4298-8a83-8d5c3816df16@group-F6EC397515C5, cid=3405, SUCCESS, logIndex=4688, commits[81367453-3bf0-4298-8a83-8d5c3816df16:c4689]
2019-09-03 20:26:29,400 [grpc-default-executor-2] INFO  client.GrpcClientProtocolClient (GrpcClientProtocolClient.java:onNext(255)) - client-CB1B8AC74E59->81367453-3bf0-4298-8a83-8d5c3816df16: receive RaftClientReply:client-CB1B8AC74E59->81367453-3bf0-4298-8a83-8d5c3816df16@group-F6EC397515C5, cid=3406, SUCCESS, logIndex=4689, commits[81367453-3bf0-4298-8a83-8d5c3816df16:c4689]
2019-09-03 20:26:29,402 [grpc-default-executor-2] INFO  client.GrpcClientProtocolClient (GrpcClientProtocolClient.java:onNext(255)) - client-CB1B8AC74E59->81367453-3bf0-4298-8a83-8d5c3816df16: receive RaftClientReply:client-CB1B8AC74E59->81367453-3bf0-4298-8a83-8d5c3816df16@group-F6EC397515C5, cid=3407, SUCCESS, logIndex=4690, commits[81367453-3bf0-4298-8a83-8d5c3816df16:c4691]
2019-09-03 20:26:29,402 [grpc-default-executor-2] INFO  client.GrpcClientProtocolClient (GrpcClientProtocolClient.java:onNext(255)) - client-CB1B8AC74E59->81367453-3bf0-4298-8a83-8d5c3816df16: receive RaftClientReply:client-CB1B8AC74E59->81367453-3bf0-4298-8a83-8d5c3816df16@group-F6EC397515C5, cid=3408, SUCCESS, logIndex=4691, commits[81367453-3bf0-4298-8a83-8d5c3816df16:c4691]
2019-09-03 20:26:29,432 [grpc-default-executor-2] INFO  client.GrpcClientProtocolClient (GrpcClientProtocolClient.java:onNext(255)) - client-CB1B8AC74E59->81367453-3bf0-4298-8a83-8d5c3816df16: receive RaftClientReply:client-CB1B8AC74E59->81367453-3bf0-4298-8a83-8d5c3816df16@group-F6EC397515C5, cid=3409, SUCCESS, logIndex=4694, commits[81367453-3bf0-4298-8a83-8d5c3816df16:c4695]
2019-09-03 20:26:29,432 [grpc-default-executor-2] INFO  client.GrpcClientProtocolClient (GrpcClientProtocolClient.java:onNext(255)) - client-CB1B8AC74E59->81367453-3bf0-4298-8a83-8d5c3816df16: receive RaftClientReply:client-CB1B8AC74E59->81367453-3bf0-4298-8a83-8d5c3816df16@group-F6EC397515C5, cid=3410, SUCCESS, logIndex=4695, commits[81367453-3bf0-4298-8a83-8d5c3816df16:c4695]
2019-09-03 20:26:29,451 [grpc-default-executor-2] INFO  client.GrpcClientProtocolClient (GrpcClientProtocolClient.java:onNext(255)) - client-CB1B8AC74E59->81367453-3bf0-4298-8a83-8d5c3816df16: receive RaftClientReply:client-CB1B8AC74E59->81367453-3bf0-4298-8a83-8d5c3816df16@group-F6EC397515C5, cid=3411, SUCCESS, logIndex=4696, commits[81367453-3bf0-4298-8a83-8d5c3816df16:c4697]
2019-09-03 20:26:29,452 [grpc-default-executor-2] INFO  client.GrpcClientProtocolClient (GrpcClientProtocolClient.java:onNext(255)) - client-CB1B8AC74E59->81367453-3bf0-4298-8a83-8d5c3816df16: receive RaftClientReply:client-CB1B8AC74E59->81367453-3bf0-4298-8a83-8d5c3816df16@group-F6EC397515C5, cid=3412, SUCCESS, logIndex=4697, commits[81367453-3bf0-4298-8a83-8d5c3816df16:c4697]
2019-09-03 20:26:29,470 [SCMBlockDeletingService#1] DEBUG block.SCMBlockDeletingService (SCMBlockDeletingService.java:call(138)) - Running DeletedBlockTransactionScanner
2019-09-03 20:26:29,471 [SCMBlockDeletingService#1] DEBUG block.SCMBlockDeletingService (SCMBlockDeletingService.java:call(155)) - Scanned deleted blocks log and got 0 delTX to process.
2019-09-03 20:26:29,481 [grpc-default-executor-2] INFO  client.GrpcClientProtocolClient (GrpcClientProtocolClient.java:onNext(255)) - client-CB1B8AC74E59->81367453-3bf0-4298-8a83-8d5c3816df16: receive RaftClientReply:client-CB1B8AC74E59->81367453-3bf0-4298-8a83-8d5c3816df16@group-F6EC397515C5, cid=3413, SUCCESS, logIndex=4700, commits[81367453-3bf0-4298-8a83-8d5c3816df16:c4703]
2019-09-03 20:26:29,481 [grpc-default-executor-2] INFO  client.GrpcClientProtocolClient (GrpcClientProtocolClient.java:onNext(255)) - client-CB1B8AC74E59->81367453-3bf0-4298-8a83-8d5c3816df16: receive RaftClientReply:client-CB1B8AC74E59->81367453-3bf0-4298-8a83-8d5c3816df16@group-F6EC397515C5, cid=3414, SUCCESS, logIndex=4701, commits[81367453-3bf0-4298-8a83-8d5c3816df16:c4703]
2019-09-03 20:26:29,482 [grpc-default-executor-2] INFO  client.GrpcClientProtocolClient (GrpcClientProtocolClient.java:onNext(255)) - client-CB1B8AC74E59->81367453-3bf0-4298-8a83-8d5c3816df16: receive RaftClientReply:client-CB1B8AC74E59->81367453-3bf0-4298-8a83-8d5c3816df16@group-F6EC397515C5, cid=3415, SUCCESS, logIndex=4702, commits[81367453-3bf0-4298-8a83-8d5c3816df16:c4703]
2019-09-03 20:26:29,482 [grpc-default-executor-2] INFO  client.GrpcClientProtocolClient (GrpcClientProtocolClient.java:onNext(255)) - client-CB1B8AC74E59->81367453-3bf0-4298-8a83-8d5c3816df16: receive RaftClientReply:client-CB1B8AC74E59->81367453-3bf0-4298-8a83-8d5c3816df16@group-F6EC397515C5, cid=3416, SUCCESS, logIndex=4703, commits[81367453-3bf0-4298-8a83-8d5c3816df16:c4703]
2019-09-03 20:26:29,509 [grpc-default-executor-1] INFO  client.GrpcClientProtocolClient (GrpcClientProtocolClient.java:onNext(255)) - client-CB1B8AC74E59->81367453-3bf0-4298-8a83-8d5c3816df16: receive RaftClientReply:client-CB1B8AC74E59->81367453-3bf0-4298-8a83-8d5c3816df16@group-F6EC397515C5, cid=3417, SUCCESS, logIndex=4705, commits[81367453-3bf0-4298-8a83-8d5c3816df16:c4706]
2019-09-03 20:26:29,509 [grpc-default-executor-1] INFO  client.GrpcClientProtocolClient (GrpcClientProtocolClient.java:onNext(255)) - client-CB1B8AC74E59->81367453-3bf0-4298-8a83-8d5c3816df16: receive RaftClientReply:client-CB1B8AC74E59->81367453-3bf0-4298-8a83-8d5c3816df16@group-F6EC397515C5, cid=3418, SUCCESS, logIndex=4706, commits[81367453-3bf0-4298-8a83-8d5c3816df16:c4706]
2019-09-03 20:26:29,515 [grpc-default-executor-1] INFO  client.GrpcClientProtocolClient (GrpcClientProtocolClient.java:onNext(255)) - client-CB1B8AC74E59->81367453-3bf0-4298-8a83-8d5c3816df16: receive RaftClientReply:client-CB1B8AC74E59->81367453-3bf0-4298-8a83-8d5c3816df16@group-F6EC397515C5, cid=3419, SUCCESS, logIndex=4707, commits[81367453-3bf0-4298-8a83-8d5c3816df16:c4708]
2019-09-03 20:26:29,515 [grpc-default-executor-1] INFO  client.GrpcClientProtocolClient (GrpcClientProtocolClient.java:onNext(255)) - client-CB1B8AC74E59->81367453-3bf0-4298-8a83-8d5c3816df16: receive RaftClientReply:client-CB1B8AC74E59->81367453-3bf0-4298-8a83-8d5c3816df16@group-F6EC397515C5, cid=3420, SUCCESS, logIndex=4708, commits[81367453-3bf0-4298-8a83-8d5c3816df16:c4708]
2019-09-03 20:26:29,533 [grpc-default-executor-1] INFO  client.GrpcClientProtocolClient (GrpcClientProtocolClient.java:onNext(255)) - client-CB1B8AC74E59->81367453-3bf0-4298-8a83-8d5c3816df16: receive RaftClientReply:client-CB1B8AC74E59->81367453-3bf0-4298-8a83-8d5c3816df16@group-F6EC397515C5, cid=3421, SUCCESS, logIndex=4711, commits[81367453-3bf0-4298-8a83-8d5c3816df16:c4714]
2019-09-03 20:26:29,534 [grpc-default-executor-1] INFO  client.GrpcClientProtocolClient (GrpcClientProtocolClient.java:onNext(255)) - client-CB1B8AC74E59->81367453-3bf0-4298-8a83-8d5c3816df16: receive RaftClientReply:client-CB1B8AC74E59->81367453-3bf0-4298-8a83-8d5c3816df16@group-F6EC397515C5, cid=3422, SUCCESS, logIndex=4712, commits[81367453-3bf0-4298-8a83-8d5c3816df16:c4714]
2019-09-03 20:26:29,534 [grpc-default-executor-1] INFO  client.GrpcClientProtocolClient (GrpcClientProtocolClient.java:onNext(255)) - client-CB1B8AC74E59->81367453-3bf0-4298-8a83-8d5c3816df16: receive RaftClientReply:client-CB1B8AC74E59->81367453-3bf0-4298-8a83-8d5c3816df16@group-F6EC397515C5, cid=3423, SUCCESS, logIndex=4713, commits[81367453-3bf0-4298-8a83-8d5c3816df16:c4714]
2019-09-03 20:26:29,534 [grpc-default-executor-1] INFO  client.GrpcClientProtocolClient (GrpcClientProtocolClient.java:onNext(255)) - client-CB1B8AC74E59->81367453-3bf0-4298-8a83-8d5c3816df16: receive RaftClientReply:client-CB1B8AC74E59->81367453-3bf0-4298-8a83-8d5c3816df16@group-F6EC397515C5, cid=3424, SUCCESS, logIndex=4714, commits[81367453-3bf0-4298-8a83-8d5c3816df16:c4714]
2019-09-03 20:26:29,571 [SCMBlockDeletingService#1] DEBUG block.SCMBlockDeletingService (SCMBlockDeletingService.java:call(138)) - Running DeletedBlockTransactionScanner
2019-09-03 20:26:29,571 [SCMBlockDeletingService#1] DEBUG block.SCMBlockDeletingService (SCMBlockDeletingService.java:call(155)) - Scanned deleted blocks log and got 0 delTX to process.
2019-09-03 20:26:29,580 [grpc-default-executor-1] INFO  client.GrpcClientProtocolClient (GrpcClientProtocolClient.java:onNext(255)) - client-CB1B8AC74E59->81367453-3bf0-4298-8a83-8d5c3816df16: receive RaftClientReply:client-CB1B8AC74E59->81367453-3bf0-4298-8a83-8d5c3816df16@group-F6EC397515C5, cid=3425, SUCCESS, logIndex=4716, commits[81367453-3bf0-4298-8a83-8d5c3816df16:c4719]
2019-09-03 20:26:29,580 [grpc-default-executor-1] INFO  client.GrpcClientProtocolClient (GrpcClientProtocolClient.java:onNext(255)) - client-CB1B8AC74E59->81367453-3bf0-4298-8a83-8d5c3816df16: receive RaftClientReply:client-CB1B8AC74E59->81367453-3bf0-4298-8a83-8d5c3816df16@group-F6EC397515C5, cid=3426, SUCCESS, logIndex=4717, commits[81367453-3bf0-4298-8a83-8d5c3816df16:c4719]
2019-09-03 20:26:29,581 [grpc-default-executor-1] INFO  client.GrpcClientProtocolClient (GrpcClientProtocolClient.java:onNext(255)) - client-CB1B8AC74E59->81367453-3bf0-4298-8a83-8d5c3816df16: receive RaftClientReply:client-CB1B8AC74E59->81367453-3bf0-4298-8a83-8d5c3816df16@group-F6EC397515C5, cid=3427, SUCCESS, logIndex=4718, commits[81367453-3bf0-4298-8a83-8d5c3816df16:c4719]
2019-09-03 20:26:29,581 [grpc-default-executor-1] INFO  client.GrpcClientProtocolClient (GrpcClientProtocolClient.java:onNext(255)) - client-CB1B8AC74E59->81367453-3bf0-4298-8a83-8d5c3816df16: receive RaftClientReply:client-CB1B8AC74E59->81367453-3bf0-4298-8a83-8d5c3816df16@group-F6EC397515C5, cid=3428, SUCCESS, logIndex=4719, commits[81367453-3bf0-4298-8a83-8d5c3816df16:c4719]
2019-09-03 20:26:29,612 [grpc-default-executor-2] INFO  client.GrpcClientProtocolClient (GrpcClientProtocolClient.java:onNext(255)) - client-CB1B8AC74E59->81367453-3bf0-4298-8a83-8d5c3816df16: receive RaftClientReply:client-CB1B8AC74E59->81367453-3bf0-4298-8a83-8d5c3816df16@group-F6EC397515C5, cid=3429, SUCCESS, logIndex=4721, commits[81367453-3bf0-4298-8a83-8d5c3816df16:c4722]
2019-09-03 20:26:29,612 [grpc-default-executor-2] INFO  client.GrpcClientProtocolClient (GrpcClientProtocolClient.java:onNext(255)) - client-CB1B8AC74E59->81367453-3bf0-4298-8a83-8d5c3816df16: receive RaftClientReply:client-CB1B8AC74E59->81367453-3bf0-4298-8a83-8d5c3816df16@group-F6EC397515C5, cid=3430, SUCCESS, logIndex=4722, commits[81367453-3bf0-4298-8a83-8d5c3816df16:c4722]
2019-09-03 20:26:29,619 [grpc-default-executor-2] INFO  client.GrpcClientProtocolClient (GrpcClientProtocolClient.java:onNext(255)) - client-CB1B8AC74E59->81367453-3bf0-4298-8a83-8d5c3816df16: receive RaftClientReply:client-CB1B8AC74E59->81367453-3bf0-4298-8a83-8d5c3816df16@group-F6EC397515C5, cid=3431, SUCCESS, logIndex=4723, commits[81367453-3bf0-4298-8a83-8d5c3816df16:c4724]
2019-09-03 20:26:29,619 [grpc-default-executor-2] INFO  client.GrpcClientProtocolClient (GrpcClientProtocolClient.java:onNext(255)) - client-CB1B8AC74E59->81367453-3bf0-4298-8a83-8d5c3816df16: receive RaftClientReply:client-CB1B8AC74E59->81367453-3bf0-4298-8a83-8d5c3816df16@group-F6EC397515C5, cid=3432, SUCCESS, logIndex=4724, commits[81367453-3bf0-4298-8a83-8d5c3816df16:c4724]
2019-09-03 20:26:29,646 [grpc-default-executor-2] INFO  client.GrpcClientProtocolClient (GrpcClientProtocolClient.java:onNext(255)) - client-CB1B8AC74E59->81367453-3bf0-4298-8a83-8d5c3816df16: receive RaftClientReply:client-CB1B8AC74E59->81367453-3bf0-4298-8a83-8d5c3816df16@group-F6EC397515C5, cid=3433, SUCCESS, logIndex=4727, commits[81367453-3bf0-4298-8a83-8d5c3816df16:c4728]
2019-09-03 20:26:29,647 [grpc-default-executor-2] INFO  client.GrpcClientProtocolClient (GrpcClientProtocolClient.java:onNext(255)) - client-CB1B8AC74E59->81367453-3bf0-4298-8a83-8d5c3816df16: receive RaftClientReply:client-CB1B8AC74E59->81367453-3bf0-4298-8a83-8d5c3816df16@group-F6EC397515C5, cid=3434, SUCCESS, logIndex=4728, commits[81367453-3bf0-4298-8a83-8d5c3816df16:c4728]
2019-09-03 20:26:29,650 [grpc-default-executor-2] INFO  client.GrpcClientProtocolClient (GrpcClientProtocolClient.java:onNext(255)) - client-CB1B8AC74E59->81367453-3bf0-4298-8a83-8d5c3816df16: receive RaftClientReply:client-CB1B8AC74E59->81367453-3bf0-4298-8a83-8d5c3816df16@group-F6EC397515C5, cid=3435, SUCCESS, logIndex=4729, commits[81367453-3bf0-4298-8a83-8d5c3816df16:c4730]
2019-09-03 20:26:29,651 [grpc-default-executor-2] INFO  client.GrpcClientProtocolClient (GrpcClientProtocolClient.java:onNext(255)) - client-CB1B8AC74E59->81367453-3bf0-4298-8a83-8d5c3816df16: receive RaftClientReply:client-CB1B8AC74E59->81367453-3bf0-4298-8a83-8d5c3816df16@group-F6EC397515C5, cid=3436, SUCCESS, logIndex=4730, commits[81367453-3bf0-4298-8a83-8d5c3816df16:c4730]
2019-09-03 20:26:29,672 [SCMBlockDeletingService#1] DEBUG block.SCMBlockDeletingService (SCMBlockDeletingService.java:call(138)) - Running DeletedBlockTransactionScanner
2019-09-03 20:26:29,672 [SCMBlockDeletingService#1] DEBUG block.SCMBlockDeletingService (SCMBlockDeletingService.java:call(155)) - Scanned deleted blocks log and got 0 delTX to process.
2019-09-03 20:26:29,683 [grpc-default-executor-1] INFO  client.GrpcClientProtocolClient (GrpcClientProtocolClient.java:onNext(255)) - client-CB1B8AC74E59->81367453-3bf0-4298-8a83-8d5c3816df16: receive RaftClientReply:client-CB1B8AC74E59->81367453-3bf0-4298-8a83-8d5c3816df16@group-F6EC397515C5, cid=3437, SUCCESS, logIndex=4733, commits[81367453-3bf0-4298-8a83-8d5c3816df16:c4736]
2019-09-03 20:26:29,683 [grpc-default-executor-1] INFO  client.GrpcClientProtocolClient (GrpcClientProtocolClient.java:onNext(255)) - client-CB1B8AC74E59->81367453-3bf0-4298-8a83-8d5c3816df16: receive RaftClientReply:client-CB1B8AC74E59->81367453-3bf0-4298-8a83-8d5c3816df16@group-F6EC397515C5, cid=3438, SUCCESS, logIndex=4734, commits[81367453-3bf0-4298-8a83-8d5c3816df16:c4736]
2019-09-03 20:26:29,683 [grpc-default-executor-1] INFO  client.GrpcClientProtocolClient (GrpcClientProtocolClient.java:onNext(255)) - client-CB1B8AC74E59->81367453-3bf0-4298-8a83-8d5c3816df16: receive RaftClientReply:client-CB1B8AC74E59->81367453-3bf0-4298-8a83-8d5c3816df16@group-F6EC397515C5, cid=3439, SUCCESS, logIndex=4735, commits[81367453-3bf0-4298-8a83-8d5c3816df16:c4736]
2019-09-03 20:26:29,684 [grpc-default-executor-1] INFO  client.GrpcClientProtocolClient (GrpcClientProtocolClient.java:onNext(255)) - client-CB1B8AC74E59->81367453-3bf0-4298-8a83-8d5c3816df16: receive RaftClientReply:client-CB1B8AC74E59->81367453-3bf0-4298-8a83-8d5c3816df16@group-F6EC397515C5, cid=3440, SUCCESS, logIndex=4736, commits[81367453-3bf0-4298-8a83-8d5c3816df16:c4736]
2019-09-03 20:26:29,718 [grpc-default-executor-2] INFO  client.GrpcClientProtocolClient (GrpcClientProtocolClient.java:onNext(255)) - client-CB1B8AC74E59->81367453-3bf0-4298-8a83-8d5c3816df16: receive RaftClientReply:client-CB1B8AC74E59->81367453-3bf0-4298-8a83-8d5c3816df16@group-F6EC397515C5, cid=3441, SUCCESS, logIndex=4738, commits[81367453-3bf0-4298-8a83-8d5c3816df16:c4741]
2019-09-03 20:26:29,719 [grpc-default-executor-2] INFO  client.GrpcClientProtocolClient (GrpcClientProtocolClient.java:onNext(255)) - client-CB1B8AC74E59->81367453-3bf0-4298-8a83-8d5c3816df16: receive RaftClientReply:client-CB1B8AC74E59->81367453-3bf0-4298-8a83-8d5c3816df16@group-F6EC397515C5, cid=3442, SUCCESS, logIndex=4739, commits[81367453-3bf0-4298-8a83-8d5c3816df16:c4741]
2019-09-03 20:26:29,720 [grpc-default-executor-2] INFO  client.GrpcClientProtocolClient (GrpcClientProtocolClient.java:onNext(255)) - client-CB1B8AC74E59->81367453-3bf0-4298-8a83-8d5c3816df16: receive RaftClientReply:client-CB1B8AC74E59->81367453-3bf0-4298-8a83-8d5c3816df16@group-F6EC397515C5, cid=3443, SUCCESS, logIndex=4740, commits[81367453-3bf0-4298-8a83-8d5c3816df16:c4741]
2019-09-03 20:26:29,720 [grpc-default-executor-2] INFO  client.GrpcClientProtocolClient (GrpcClientProtocolClient.java:onNext(255)) - client-CB1B8AC74E59->81367453-3bf0-4298-8a83-8d5c3816df16: receive RaftClientReply:client-CB1B8AC74E59->81367453-3bf0-4298-8a83-8d5c3816df16@group-F6EC397515C5, cid=3444, SUCCESS, logIndex=4741, commits[81367453-3bf0-4298-8a83-8d5c3816df16:c4741]
2019-09-03 20:26:29,737 [grpc-default-executor-1] INFO  client.GrpcClientProtocolClient (GrpcClientProtocolClient.java:onNext(255)) - client-CB1B8AC74E59->81367453-3bf0-4298-8a83-8d5c3816df16: receive RaftClientReply:client-CB1B8AC74E59->81367453-3bf0-4298-8a83-8d5c3816df16@group-F6EC397515C5, cid=3445, SUCCESS, logIndex=4743, commits[81367453-3bf0-4298-8a83-8d5c3816df16:c4744]
2019-09-03 20:26:29,738 [grpc-default-executor-1] INFO  client.GrpcClientProtocolClient (GrpcClientProtocolClient.java:onNext(255)) - client-CB1B8AC74E59->81367453-3bf0-4298-8a83-8d5c3816df16: receive RaftClientReply:client-CB1B8AC74E59->81367453-3bf0-4298-8a83-8d5c3816df16@group-F6EC397515C5, cid=3446, SUCCESS, logIndex=4744, commits[81367453-3bf0-4298-8a83-8d5c3816df16:c4744]
2019-09-03 20:26:29,744 [grpc-default-executor-1] INFO  client.GrpcClientProtocolClient (GrpcClientProtocolClient.java:onNext(255)) - client-CB1B8AC74E59->81367453-3bf0-4298-8a83-8d5c3816df16: receive RaftClientReply:client-CB1B8AC74E59->81367453-3bf0-4298-8a83-8d5c3816df16@group-F6EC397515C5, cid=3447, SUCCESS, logIndex=4745, commits[81367453-3bf0-4298-8a83-8d5c3816df16:c4746]
2019-09-03 20:26:29,744 [grpc-default-executor-1] INFO  client.GrpcClientProtocolClient (GrpcClientProtocolClient.java:onNext(255)) - client-CB1B8AC74E59->81367453-3bf0-4298-8a83-8d5c3816df16: receive RaftClientReply:client-CB1B8AC74E59->81367453-3bf0-4298-8a83-8d5c3816df16@group-F6EC397515C5, cid=3448, SUCCESS, logIndex=4746, commits[81367453-3bf0-4298-8a83-8d5c3816df16:c4746]
2019-09-03 20:26:29,772 [SCMBlockDeletingService#1] DEBUG block.SCMBlockDeletingService (SCMBlockDeletingService.java:call(138)) - Running DeletedBlockTransactionScanner
2019-09-03 20:26:29,773 [SCMBlockDeletingService#1] DEBUG block.SCMBlockDeletingService (SCMBlockDeletingService.java:call(155)) - Scanned deleted blocks log and got 0 delTX to process.
2019-09-03 20:26:29,873 [SCMBlockDeletingService#1] DEBUG block.SCMBlockDeletingService (SCMBlockDeletingService.java:call(138)) - Running DeletedBlockTransactionScanner
2019-09-03 20:26:29,873 [SCMBlockDeletingService#1] DEBUG block.SCMBlockDeletingService (SCMBlockDeletingService.java:call(155)) - Scanned deleted blocks log and got 0 delTX to process.
2019-09-03 20:26:29,897 [grpc-default-executor-1] INFO  client.GrpcClientProtocolClient (GrpcClientProtocolClient.java:onNext(255)) - client-CB1B8AC74E59->81367453-3bf0-4298-8a83-8d5c3816df16: receive RaftClientReply:client-CB1B8AC74E59->81367453-3bf0-4298-8a83-8d5c3816df16@group-F6EC397515C5, cid=3449, SUCCESS, logIndex=4749, commits[81367453-3bf0-4298-8a83-8d5c3816df16:c4750]
2019-09-03 20:26:29,898 [grpc-default-executor-1] INFO  client.GrpcClientProtocolClient (GrpcClientProtocolClient.java:onNext(255)) - client-CB1B8AC74E59->81367453-3bf0-4298-8a83-8d5c3816df16: receive RaftClientReply:client-CB1B8AC74E59->81367453-3bf0-4298-8a83-8d5c3816df16@group-F6EC397515C5, cid=3450, SUCCESS, logIndex=4750, commits[81367453-3bf0-4298-8a83-8d5c3816df16:c4750]
2019-09-03 20:26:29,906 [grpc-default-executor-1] INFO  client.GrpcClientProtocolClient (GrpcClientProtocolClient.java:onNext(255)) - client-CB1B8AC74E59->81367453-3bf0-4298-8a83-8d5c3816df16: receive RaftClientReply:client-CB1B8AC74E59->81367453-3bf0-4298-8a83-8d5c3816df16@group-F6EC397515C5, cid=3451, SUCCESS, logIndex=4751, commits[81367453-3bf0-4298-8a83-8d5c3816df16:c4752]
2019-09-03 20:26:29,906 [grpc-default-executor-1] INFO  client.GrpcClientProtocolClient (GrpcClientProtocolClient.java:onNext(255)) - client-CB1B8AC74E59->81367453-3bf0-4298-8a83-8d5c3816df16: receive RaftClientReply:client-CB1B8AC74E59->81367453-3bf0-4298-8a83-8d5c3816df16@group-F6EC397515C5, cid=3452, SUCCESS, logIndex=4752, commits[81367453-3bf0-4298-8a83-8d5c3816df16:c4752]
2019-09-03 20:26:29,942 [grpc-default-executor-2] INFO  client.GrpcClientProtocolClient (GrpcClientProtocolClient.java:onNext(255)) - client-CB1B8AC74E59->81367453-3bf0-4298-8a83-8d5c3816df16: receive RaftClientReply:client-CB1B8AC74E59->81367453-3bf0-4298-8a83-8d5c3816df16@group-F6EC397515C5, cid=3453, SUCCESS, logIndex=4755, commits[81367453-3bf0-4298-8a83-8d5c3816df16:c4758]
2019-09-03 20:26:29,943 [grpc-default-executor-2] INFO  client.GrpcClientProtocolClient (GrpcClientProtocolClient.java:onNext(255)) - client-CB1B8AC74E59->81367453-3bf0-4298-8a83-8d5c3816df16: receive RaftClientReply:client-CB1B8AC74E59->81367453-3bf0-4298-8a83-8d5c3816df16@group-F6EC397515C5, cid=3454, SUCCESS, logIndex=4756, commits[81367453-3bf0-4298-8a83-8d5c3816df16:c4758]
2019-09-03 20:26:29,943 [grpc-default-executor-2] INFO  client.GrpcClientProtocolClient (GrpcClientProtocolClient.java:onNext(255)) - client-CB1B8AC74E59->81367453-3bf0-4298-8a83-8d5c3816df16: receive RaftClientReply:client-CB1B8AC74E59->81367453-3bf0-4298-8a83-8d5c3816df16@group-F6EC397515C5, cid=3455, SUCCESS, logIndex=4757, commits[81367453-3bf0-4298-8a83-8d5c3816df16:c4758]
2019-09-03 20:26:29,944 [grpc-default-executor-2] INFO  client.GrpcClientProtocolClient (GrpcClientProtocolClient.java:onNext(255)) - client-CB1B8AC74E59->81367453-3bf0-4298-8a83-8d5c3816df16: receive RaftClientReply:client-CB1B8AC74E59->81367453-3bf0-4298-8a83-8d5c3816df16@group-F6EC397515C5, cid=3456, SUCCESS, logIndex=4758, commits[81367453-3bf0-4298-8a83-8d5c3816df16:c4758]
2019-09-03 20:26:29,974 [SCMBlockDeletingService#1] DEBUG block.SCMBlockDeletingService (SCMBlockDeletingService.java:call(138)) - Running DeletedBlockTransactionScanner
2019-09-03 20:26:29,974 [grpc-default-executor-2] INFO  client.GrpcClientProtocolClient (GrpcClientProtocolClient.java:onNext(255)) - client-CB1B8AC74E59->81367453-3bf0-4298-8a83-8d5c3816df16: receive RaftClientReply:client-CB1B8AC74E59->81367453-3bf0-4298-8a83-8d5c3816df16@group-F6EC397515C5, cid=3457, SUCCESS, logIndex=4760, commits[81367453-3bf0-4298-8a83-8d5c3816df16:c4763]
2019-09-03 20:26:29,974 [SCMBlockDeletingService#1] DEBUG block.SCMBlockDeletingService (SCMBlockDeletingService.java:call(155)) - Scanned deleted blocks log and got 0 delTX to process.
2019-09-03 20:26:29,975 [grpc-default-executor-2] INFO  client.GrpcClientProtocolClient (GrpcClientProtocolClient.java:onNext(255)) - client-CB1B8AC74E59->81367453-3bf0-4298-8a83-8d5c3816df16: receive RaftClientReply:client-CB1B8AC74E59->81367453-3bf0-4298-8a83-8d5c3816df16@group-F6EC397515C5, cid=3458, SUCCESS, logIndex=4761, commits[81367453-3bf0-4298-8a83-8d5c3816df16:c4763]
2019-09-03 20:26:29,975 [grpc-default-executor-2] INFO  client.GrpcClientProtocolClient (GrpcClientProtocolClient.java:onNext(255)) - client-CB1B8AC74E59->81367453-3bf0-4298-8a83-8d5c3816df16: receive RaftClientReply:client-CB1B8AC74E59->81367453-3bf0-4298-8a83-8d5c3816df16@group-F6EC397515C5, cid=3459, SUCCESS, logIndex=4762, commits[81367453-3bf0-4298-8a83-8d5c3816df16:c4763]
2019-09-03 20:26:29,975 [grpc-default-executor-2] INFO  client.GrpcClientProtocolClient (GrpcClientProtocolClient.java:onNext(255)) - client-CB1B8AC74E59->81367453-3bf0-4298-8a83-8d5c3816df16: receive RaftClientReply:client-CB1B8AC74E59->81367453-3bf0-4298-8a83-8d5c3816df16@group-F6EC397515C5, cid=3460, SUCCESS, logIndex=4763, commits[81367453-3bf0-4298-8a83-8d5c3816df16:c4763]
2019-09-03 20:26:30,017 [grpc-default-executor-1] INFO  client.GrpcClientProtocolClient (GrpcClientProtocolClient.java:onNext(255)) - client-CB1B8AC74E59->81367453-3bf0-4298-8a83-8d5c3816df16: receive RaftClientReply:client-CB1B8AC74E59->81367453-3bf0-4298-8a83-8d5c3816df16@group-F6EC397515C5, cid=3461, SUCCESS, logIndex=4765, commits[81367453-3bf0-4298-8a83-8d5c3816df16:c4768]
2019-09-03 20:26:30,018 [grpc-default-executor-1] INFO  client.GrpcClientProtocolClient (GrpcClientProtocolClient.java:onNext(255)) - client-CB1B8AC74E59->81367453-3bf0-4298-8a83-8d5c3816df16: receive RaftClientReply:client-CB1B8AC74E59->81367453-3bf0-4298-8a83-8d5c3816df16@group-F6EC397515C5, cid=3462, SUCCESS, logIndex=4766, commits[81367453-3bf0-4298-8a83-8d5c3816df16:c4769]
2019-09-03 20:26:30,019 [grpc-default-executor-1] INFO  client.GrpcClientProtocolClient (GrpcClientProtocolClient.java:onNext(255)) - client-CB1B8AC74E59->81367453-3bf0-4298-8a83-8d5c3816df16: receive RaftClientReply:client-CB1B8AC74E59->81367453-3bf0-4298-8a83-8d5c3816df16@group-F6EC397515C5, cid=3463, SUCCESS, logIndex=4767, commits[81367453-3bf0-4298-8a83-8d5c3816df16:c4769]
2019-09-03 20:26:30,019 [grpc-default-executor-1] INFO  client.GrpcClientProtocolClient (GrpcClientProtocolClient.java:onNext(255)) - client-CB1B8AC74E59->81367453-3bf0-4298-8a83-8d5c3816df16: receive RaftClientReply:client-CB1B8AC74E59->81367453-3bf0-4298-8a83-8d5c3816df16@group-F6EC397515C5, cid=3464, SUCCESS, logIndex=4768, commits[81367453-3bf0-4298-8a83-8d5c3816df16:c4769]
2019-09-03 20:26:30,075 [SCMBlockDeletingService#1] DEBUG block.SCMBlockDeletingService (SCMBlockDeletingService.java:call(138)) - Running DeletedBlockTransactionScanner
2019-09-03 20:26:30,075 [SCMBlockDeletingService#1] DEBUG block.SCMBlockDeletingService (SCMBlockDeletingService.java:call(155)) - Scanned deleted blocks log and got 0 delTX to process.
2019-09-03 20:26:30,084 [grpc-default-executor-2] INFO  client.GrpcClientProtocolClient (GrpcClientProtocolClient.java:onNext(255)) - client-CB1B8AC74E59->81367453-3bf0-4298-8a83-8d5c3816df16: receive RaftClientReply:client-CB1B8AC74E59->81367453-3bf0-4298-8a83-8d5c3816df16@group-F6EC397515C5, cid=3465, SUCCESS, logIndex=4770, commits[81367453-3bf0-4298-8a83-8d5c3816df16:c4771]
2019-09-03 20:26:30,085 [grpc-default-executor-2] INFO  client.GrpcClientProtocolClient (GrpcClientProtocolClient.java:onNext(255)) - client-CB1B8AC74E59->81367453-3bf0-4298-8a83-8d5c3816df16: receive RaftClientReply:client-CB1B8AC74E59->81367453-3bf0-4298-8a83-8d5c3816df16@group-F6EC397515C5, cid=3466, SUCCESS, logIndex=4771, commits[81367453-3bf0-4298-8a83-8d5c3816df16:c4771]
2019-09-03 20:26:30,086 [grpc-default-executor-2] INFO  client.GrpcClientProtocolClient (GrpcClientProtocolClient.java:onNext(255)) - client-CB1B8AC74E59->81367453-3bf0-4298-8a83-8d5c3816df16: receive RaftClientReply:client-CB1B8AC74E59->81367453-3bf0-4298-8a83-8d5c3816df16@group-F6EC397515C5, cid=3467, SUCCESS, logIndex=4772, commits[81367453-3bf0-4298-8a83-8d5c3816df16:c4773]
2019-09-03 20:26:30,086 [grpc-default-executor-2] INFO  client.GrpcClientProtocolClient (GrpcClientProtocolClient.java:onNext(255)) - client-CB1B8AC74E59->81367453-3bf0-4298-8a83-8d5c3816df16: receive RaftClientReply:client-CB1B8AC74E59->81367453-3bf0-4298-8a83-8d5c3816df16@group-F6EC397515C5, cid=3468, SUCCESS, logIndex=4773, commits[81367453-3bf0-4298-8a83-8d5c3816df16:c4773]
2019-09-03 20:26:30,110 [grpc-default-executor-2] INFO  client.GrpcClientProtocolClient (GrpcClientProtocolClient.java:onNext(255)) - client-CB1B8AC74E59->81367453-3bf0-4298-8a83-8d5c3816df16: receive RaftClientReply:client-CB1B8AC74E59->81367453-3bf0-4298-8a83-8d5c3816df16@group-F6EC397515C5, cid=3469, SUCCESS, logIndex=4776, commits[81367453-3bf0-4298-8a83-8d5c3816df16:c4779]
2019-09-03 20:26:30,111 [grpc-default-executor-2] INFO  client.GrpcClientProtocolClient (GrpcClientProtocolClient.java:onNext(255)) - client-CB1B8AC74E59->81367453-3bf0-4298-8a83-8d5c3816df16: receive RaftClientReply:client-CB1B8AC74E59->81367453-3bf0-4298-8a83-8d5c3816df16@group-F6EC397515C5, cid=3470, SUCCESS, logIndex=4777, commits[81367453-3bf0-4298-8a83-8d5c3816df16:c4779]
2019-09-03 20:26:30,112 [grpc-default-executor-2] INFO  client.GrpcClientProtocolClient (GrpcClientProtocolClient.java:onNext(255)) - client-CB1B8AC74E59->81367453-3bf0-4298-8a83-8d5c3816df16: receive RaftClientReply:client-CB1B8AC74E59->81367453-3bf0-4298-8a83-8d5c3816df16@group-F6EC397515C5, cid=3471, SUCCESS, logIndex=4778, commits[81367453-3bf0-4298-8a83-8d5c3816df16:c4779]
2019-09-03 20:26:30,112 [grpc-default-executor-2] INFO  client.GrpcClientProtocolClient (GrpcClientProtocolClient.java:onNext(255)) - client-CB1B8AC74E59->81367453-3bf0-4298-8a83-8d5c3816df16: receive RaftClientReply:client-CB1B8AC74E59->81367453-3bf0-4298-8a83-8d5c3816df16@group-F6EC397515C5, cid=3472, SUCCESS, logIndex=4779, commits[81367453-3bf0-4298-8a83-8d5c3816df16:c4779]
2019-09-03 20:26:30,136 [grpc-default-executor-2] INFO  client.GrpcClientProtocolClient (GrpcClientProtocolClient.java:onNext(255)) - client-CB1B8AC74E59->81367453-3bf0-4298-8a83-8d5c3816df16: receive RaftClientReply:client-CB1B8AC74E59->81367453-3bf0-4298-8a83-8d5c3816df16@group-F6EC397515C5, cid=3473, SUCCESS, logIndex=4781, commits[81367453-3bf0-4298-8a83-8d5c3816df16:c4782]
2019-09-03 20:26:30,136 [grpc-default-executor-2] INFO  client.GrpcClientProtocolClient (GrpcClientProtocolClient.java:onNext(255)) - client-CB1B8AC74E59->81367453-3bf0-4298-8a83-8d5c3816df16: receive RaftClientReply:client-CB1B8AC74E59->81367453-3bf0-4298-8a83-8d5c3816df16@group-F6EC397515C5, cid=3474, SUCCESS, logIndex=4782, commits[81367453-3bf0-4298-8a83-8d5c3816df16:c4782]
2019-09-03 20:26:30,140 [grpc-default-executor-2] INFO  client.GrpcClientProtocolClient (GrpcClientProtocolClient.java:onNext(255)) - client-CB1B8AC74E59->81367453-3bf0-4298-8a83-8d5c3816df16: receive RaftClientReply:client-CB1B8AC74E59->81367453-3bf0-4298-8a83-8d5c3816df16@group-F6EC397515C5, cid=3475, SUCCESS, logIndex=4783, commits[81367453-3bf0-4298-8a83-8d5c3816df16:c4784]
2019-09-03 20:26:30,140 [grpc-default-executor-2] INFO  client.GrpcClientProtocolClient (GrpcClientProtocolClient.java:onNext(255)) - client-CB1B8AC74E59->81367453-3bf0-4298-8a83-8d5c3816df16: receive RaftClientReply:client-CB1B8AC74E59->81367453-3bf0-4298-8a83-8d5c3816df16@group-F6EC397515C5, cid=3476, SUCCESS, logIndex=4784, commits[81367453-3bf0-4298-8a83-8d5c3816df16:c4784]
2019-09-03 20:26:30,154 [grpc-default-executor-2] INFO  client.GrpcClientProtocolClient (GrpcClientProtocolClient.java:onNext(255)) - client-CB1B8AC74E59->81367453-3bf0-4298-8a83-8d5c3816df16: receive RaftClientReply:client-CB1B8AC74E59->81367453-3bf0-4298-8a83-8d5c3816df16@group-F6EC397515C5, cid=3477, SUCCESS, logIndex=4787, commits[81367453-3bf0-4298-8a83-8d5c3816df16:c4788]
2019-09-03 20:26:30,155 [grpc-default-executor-2] INFO  client.GrpcClientProtocolClient (GrpcClientProtocolClient.java:onNext(255)) - client-CB1B8AC74E59->81367453-3bf0-4298-8a83-8d5c3816df16: receive RaftClientReply:client-CB1B8AC74E59->81367453-3bf0-4298-8a83-8d5c3816df16@group-F6EC397515C5, cid=3478, SUCCESS, logIndex=4788, commits[81367453-3bf0-4298-8a83-8d5c3816df16:c4788]
2019-09-03 20:26:30,162 [grpc-default-executor-2] INFO  client.GrpcClientProtocolClient (GrpcClientProtocolClient.java:onNext(255)) - client-CB1B8AC74E59->81367453-3bf0-4298-8a83-8d5c3816df16: receive RaftClientReply:client-CB1B8AC74E59->81367453-3bf0-4298-8a83-8d5c3816df16@group-F6EC397515C5, cid=3479, SUCCESS, logIndex=4789, commits[81367453-3bf0-4298-8a83-8d5c3816df16:c4790]
2019-09-03 20:26:30,162 [grpc-default-executor-2] INFO  client.GrpcClientProtocolClient (GrpcClientProtocolClient.java:onNext(255)) - client-CB1B8AC74E59->81367453-3bf0-4298-8a83-8d5c3816df16: receive RaftClientReply:client-CB1B8AC74E59->81367453-3bf0-4298-8a83-8d5c3816df16@group-F6EC397515C5, cid=3480, SUCCESS, logIndex=4790, commits[81367453-3bf0-4298-8a83-8d5c3816df16:c4790]
2019-09-03 20:26:30,175 [SCMBlockDeletingService#0] DEBUG block.SCMBlockDeletingService (SCMBlockDeletingService.java:call(138)) - Running DeletedBlockTransactionScanner
2019-09-03 20:26:30,175 [SCMBlockDeletingService#0] DEBUG block.SCMBlockDeletingService (SCMBlockDeletingService.java:call(155)) - Scanned deleted blocks log and got 0 delTX to process.
2019-09-03 20:26:30,191 [grpc-default-executor-2] INFO  client.GrpcClientProtocolClient (GrpcClientProtocolClient.java:onNext(255)) - client-CB1B8AC74E59->81367453-3bf0-4298-8a83-8d5c3816df16: receive RaftClientReply:client-CB1B8AC74E59->81367453-3bf0-4298-8a83-8d5c3816df16@group-F6EC397515C5, cid=3481, SUCCESS, logIndex=4793, commits[81367453-3bf0-4298-8a83-8d5c3816df16:c4796]
2019-09-03 20:26:30,191 [grpc-default-executor-2] INFO  client.GrpcClientProtocolClient (GrpcClientProtocolClient.java:onNext(255)) - client-CB1B8AC74E59->81367453-3bf0-4298-8a83-8d5c3816df16: receive RaftClientReply:client-CB1B8AC74E59->81367453-3bf0-4298-8a83-8d5c3816df16@group-F6EC397515C5, cid=3482, SUCCESS, logIndex=4794, commits[81367453-3bf0-4298-8a83-8d5c3816df16:c4796]
2019-09-03 20:26:30,192 [grpc-default-executor-2] INFO  client.GrpcClientProtocolClient (GrpcClientProtocolClient.java:onNext(255)) - client-CB1B8AC74E59->81367453-3bf0-4298-8a83-8d5c3816df16: receive RaftClientReply:client-CB1B8AC74E59->81367453-3bf0-4298-8a83-8d5c3816df16@group-F6EC397515C5, cid=3483, SUCCESS, logIndex=4795, commits[81367453-3bf0-4298-8a83-8d5c3816df16:c4796]
2019-09-03 20:26:30,192 [grpc-default-executor-2] INFO  client.GrpcClientProtocolClient (GrpcClientProtocolClient.java:onNext(255)) - client-CB1B8AC74E59->81367453-3bf0-4298-8a83-8d5c3816df16: receive RaftClientReply:client-CB1B8AC74E59->81367453-3bf0-4298-8a83-8d5c3816df16@group-F6EC397515C5, cid=3484, SUCCESS, logIndex=4796, commits[81367453-3bf0-4298-8a83-8d5c3816df16:c4796]
2019-09-03 20:26:30,220 [grpc-default-executor-2] INFO  client.GrpcClientProtocolClient (GrpcClientProtocolClient.java:onNext(255)) - client-CB1B8AC74E59->81367453-3bf0-4298-8a83-8d5c3816df16: receive RaftClientReply:client-CB1B8AC74E59->81367453-3bf0-4298-8a83-8d5c3816df16@group-F6EC397515C5, cid=3485, SUCCESS, logIndex=4798, commits[81367453-3bf0-4298-8a83-8d5c3816df16:c4799]
2019-09-03 20:26:30,221 [grpc-default-executor-2] INFO  client.GrpcClientProtocolClient (GrpcClientProtocolClient.java:onNext(255)) - client-CB1B8AC74E59->81367453-3bf0-4298-8a83-8d5c3816df16: receive RaftClientReply:client-CB1B8AC74E59->81367453-3bf0-4298-8a83-8d5c3816df16@group-F6EC397515C5, cid=3486, SUCCESS, logIndex=4799, commits[81367453-3bf0-4298-8a83-8d5c3816df16:c4799]
2019-09-03 20:26:30,232 [grpc-default-executor-2] INFO  client.GrpcClientProtocolClient (GrpcClientProtocolClient.java:onNext(255)) - client-CB1B8AC74E59->81367453-3bf0-4298-8a83-8d5c3816df16: receive RaftClientReply:client-CB1B8AC74E59->81367453-3bf0-4298-8a83-8d5c3816df16@group-F6EC397515C5, cid=3487, SUCCESS, logIndex=4800, commits[81367453-3bf0-4298-8a83-8d5c3816df16:c4801]
2019-09-03 20:26:30,232 [grpc-default-executor-2] INFO  client.GrpcClientProtocolClient (GrpcClientProtocolClient.java:onNext(255)) - client-CB1B8AC74E59->81367453-3bf0-4298-8a83-8d5c3816df16: receive RaftClientReply:client-CB1B8AC74E59->81367453-3bf0-4298-8a83-8d5c3816df16@group-F6EC397515C5, cid=3488, SUCCESS, logIndex=4801, commits[81367453-3bf0-4298-8a83-8d5c3816df16:c4801]
2019-09-03 20:26:30,276 [SCMBlockDeletingService#0] DEBUG block.SCMBlockDeletingService (SCMBlockDeletingService.java:call(138)) - Running DeletedBlockTransactionScanner
2019-09-03 20:26:30,276 [grpc-default-executor-2] INFO  client.GrpcClientProtocolClient (GrpcClientProtocolClient.java:onNext(255)) - client-CB1B8AC74E59->81367453-3bf0-4298-8a83-8d5c3816df16: receive RaftClientReply:client-CB1B8AC74E59->81367453-3bf0-4298-8a83-8d5c3816df16@group-F6EC397515C5, cid=3489, SUCCESS, logIndex=4804, commits[81367453-3bf0-4298-8a83-8d5c3816df16:c4805]
2019-09-03 20:26:30,276 [SCMBlockDeletingService#0] DEBUG block.SCMBlockDeletingService (SCMBlockDeletingService.java:call(155)) - Scanned deleted blocks log and got 0 delTX to process.
2019-09-03 20:26:30,277 [grpc-default-executor-2] INFO  client.GrpcClientProtocolClient (GrpcClientProtocolClient.java:onNext(255)) - client-CB1B8AC74E59->81367453-3bf0-4298-8a83-8d5c3816df16: receive RaftClientReply:client-CB1B8AC74E59->81367453-3bf0-4298-8a83-8d5c3816df16@group-F6EC397515C5, cid=3490, SUCCESS, logIndex=4805, commits[81367453-3bf0-4298-8a83-8d5c3816df16:c4805]
2019-09-03 20:26:30,291 [grpc-default-executor-2] INFO  client.GrpcClientProtocolClient (GrpcClientProtocolClient.java:onNext(255)) - client-CB1B8AC74E59->81367453-3bf0-4298-8a83-8d5c3816df16: receive RaftClientReply:client-CB1B8AC74E59->81367453-3bf0-4298-8a83-8d5c3816df16@group-F6EC397515C5, cid=3491, SUCCESS, logIndex=4806, commits[81367453-3bf0-4298-8a83-8d5c3816df16:c4807]
2019-09-03 20:26:30,291 [grpc-default-executor-2] INFO  client.GrpcClientProtocolClient (GrpcClientProtocolClient.java:onNext(255)) - client-CB1B8AC74E59->81367453-3bf0-4298-8a83-8d5c3816df16: receive RaftClientReply:client-CB1B8AC74E59->81367453-3bf0-4298-8a83-8d5c3816df16@group-F6EC397515C5, cid=3492, SUCCESS, logIndex=4807, commits[81367453-3bf0-4298-8a83-8d5c3816df16:c4807]
2019-09-03 20:26:30,414 [SCMBlockDeletingService#1] DEBUG block.SCMBlockDeletingService (SCMBlockDeletingService.java:call(138)) - Running DeletedBlockTransactionScanner
2019-09-03 20:26:30,414 [SCMBlockDeletingService#1] DEBUG block.SCMBlockDeletingService (SCMBlockDeletingService.java:call(155)) - Scanned deleted blocks log and got 0 delTX to process.
2019-09-03 20:26:30,515 [SCMBlockDeletingService#1] DEBUG block.SCMBlockDeletingService (SCMBlockDeletingService.java:call(138)) - Running DeletedBlockTransactionScanner
2019-09-03 20:26:30,515 [SCMBlockDeletingService#1] DEBUG block.SCMBlockDeletingService (SCMBlockDeletingService.java:call(155)) - Scanned deleted blocks log and got 0 delTX to process.
2019-09-03 20:26:30,566 [grpc-default-executor-2] INFO  client.GrpcClientProtocolClient (GrpcClientProtocolClient.java:onNext(255)) - client-CB1B8AC74E59->81367453-3bf0-4298-8a83-8d5c3816df16: receive RaftClientReply:client-CB1B8AC74E59->81367453-3bf0-4298-8a83-8d5c3816df16@group-F6EC397515C5, cid=3493, SUCCESS, logIndex=4810, commits[81367453-3bf0-4298-8a83-8d5c3816df16:c4813]
2019-09-03 20:26:30,567 [grpc-default-executor-2] INFO  client.GrpcClientProtocolClient (GrpcClientProtocolClient.java:onNext(255)) - client-CB1B8AC74E59->81367453-3bf0-4298-8a83-8d5c3816df16: receive RaftClientReply:client-CB1B8AC74E59->81367453-3bf0-4298-8a83-8d5c3816df16@group-F6EC397515C5, cid=3494, SUCCESS, logIndex=4811, commits[81367453-3bf0-4298-8a83-8d5c3816df16:c4813]
2019-09-03 20:26:30,567 [grpc-default-executor-2] INFO  client.GrpcClientProtocolClient (GrpcClientProtocolClient.java:onNext(255)) - client-CB1B8AC74E59->81367453-3bf0-4298-8a83-8d5c3816df16: receive RaftClientReply:client-CB1B8AC74E59->81367453-3bf0-4298-8a83-8d5c3816df16@group-F6EC397515C5, cid=3495, SUCCESS, logIndex=4812, commits[81367453-3bf0-4298-8a83-8d5c3816df16:c4813]
2019-09-03 20:26:30,567 [grpc-default-executor-2] INFO  client.GrpcClientProtocolClient (GrpcClientProtocolClient.java:onNext(255)) - client-CB1B8AC74E59->81367453-3bf0-4298-8a83-8d5c3816df16: receive RaftClientReply:client-CB1B8AC74E59->81367453-3bf0-4298-8a83-8d5c3816df16@group-F6EC397515C5, cid=3496, SUCCESS, logIndex=4813, commits[81367453-3bf0-4298-8a83-8d5c3816df16:c4813]
2019-09-03 20:26:30,597 [grpc-default-executor-2] INFO  client.GrpcClientProtocolClient (GrpcClientProtocolClient.java:onNext(255)) - client-CB1B8AC74E59->81367453-3bf0-4298-8a83-8d5c3816df16: receive RaftClientReply:client-CB1B8AC74E59->81367453-3bf0-4298-8a83-8d5c3816df16@group-F6EC397515C5, cid=3497, SUCCESS, logIndex=4815, commits[81367453-3bf0-4298-8a83-8d5c3816df16:c4818]
2019-09-03 20:26:30,597 [grpc-default-executor-2] INFO  client.GrpcClientProtocolClient (GrpcClientProtocolClient.java:onNext(255)) - client-CB1B8AC74E59->81367453-3bf0-4298-8a83-8d5c3816df16: receive RaftClientReply:client-CB1B8AC74E59->81367453-3bf0-4298-8a83-8d5c3816df16@group-F6EC397515C5, cid=3498, SUCCESS, logIndex=4816, commits[81367453-3bf0-4298-8a83-8d5c3816df16:c4818]
2019-09-03 20:26:30,597 [grpc-default-executor-2] INFO  client.GrpcClientProtocolClient (GrpcClientProtocolClient.java:onNext(255)) - client-CB1B8AC74E59->81367453-3bf0-4298-8a83-8d5c3816df16: receive RaftClientReply:client-CB1B8AC74E59->81367453-3bf0-4298-8a83-8d5c3816df16@group-F6EC397515C5, cid=3499, SUCCESS, logIndex=4817, commits[81367453-3bf0-4298-8a83-8d5c3816df16:c4818]
2019-09-03 20:26:30,598 [grpc-default-executor-2] INFO  client.GrpcClientProtocolClient (GrpcClientProtocolClient.java:onNext(255)) - client-CB1B8AC74E59->81367453-3bf0-4298-8a83-8d5c3816df16: receive RaftClientReply:client-CB1B8AC74E59->81367453-3bf0-4298-8a83-8d5c3816df16@group-F6EC397515C5, cid=3500, SUCCESS, logIndex=4818, commits[81367453-3bf0-4298-8a83-8d5c3816df16:c4818]
2019-09-03 20:26:30,613 [grpc-default-executor-2] INFO  client.GrpcClientProtocolClient (GrpcClientProtocolClient.java:onNext(255)) - client-CB1B8AC74E59->81367453-3bf0-4298-8a83-8d5c3816df16: receive RaftClientReply:client-CB1B8AC74E59->81367453-3bf0-4298-8a83-8d5c3816df16@group-F6EC397515C5, cid=3501, SUCCESS, logIndex=4820, commits[81367453-3bf0-4298-8a83-8d5c3816df16:c4823]
2019-09-03 20:26:30,614 [grpc-default-executor-2] INFO  client.GrpcClientProtocolClient (GrpcClientProtocolClient.java:onNext(255)) - client-CB1B8AC74E59->81367453-3bf0-4298-8a83-8d5c3816df16: receive RaftClientReply:client-CB1B8AC74E59->81367453-3bf0-4298-8a83-8d5c3816df16@group-F6EC397515C5, cid=3502, SUCCESS, logIndex=4821, commits[81367453-3bf0-4298-8a83-8d5c3816df16:c4823]
2019-09-03 20:26:30,614 [grpc-default-executor-2] INFO  client.GrpcClientProtocolClient (GrpcClientProtocolClient.java:onNext(255)) - client-CB1B8AC74E59->81367453-3bf0-4298-8a83-8d5c3816df16: receive RaftClientReply:client-CB1B8AC74E59->81367453-3bf0-4298-8a83-8d5c3816df16@group-F6EC397515C5, cid=3503, SUCCESS, logIndex=4822, commits[81367453-3bf0-4298-8a83-8d5c3816df16:c4823]
2019-09-03 20:26:30,614 [grpc-default-executor-2] INFO  client.GrpcClientProtocolClient (GrpcClientProtocolClient.java:onNext(255)) - client-CB1B8AC74E59->81367453-3bf0-4298-8a83-8d5c3816df16: receive RaftClientReply:client-CB1B8AC74E59->81367453-3bf0-4298-8a83-8d5c3816df16@group-F6EC397515C5, cid=3504, SUCCESS, logIndex=4823, commits[81367453-3bf0-4298-8a83-8d5c3816df16:c4823]
2019-09-03 20:26:30,615 [SCMBlockDeletingService#1] DEBUG block.SCMBlockDeletingService (SCMBlockDeletingService.java:call(138)) - Running DeletedBlockTransactionScanner
2019-09-03 20:26:30,616 [SCMBlockDeletingService#1] DEBUG block.SCMBlockDeletingService (SCMBlockDeletingService.java:call(155)) - Scanned deleted blocks log and got 0 delTX to process.
2019-09-03 20:26:30,639 [grpc-default-executor-1] INFO  client.GrpcClientProtocolClient (GrpcClientProtocolClient.java:onNext(255)) - client-CB1B8AC74E59->81367453-3bf0-4298-8a83-8d5c3816df16: receive RaftClientReply:client-CB1B8AC74E59->81367453-3bf0-4298-8a83-8d5c3816df16@group-F6EC397515C5, cid=3505, SUCCESS, logIndex=4825, commits[81367453-3bf0-4298-8a83-8d5c3816df16:c4828]
2019-09-03 20:26:30,640 [grpc-default-executor-1] INFO  client.GrpcClientProtocolClient (GrpcClientProtocolClient.java:onNext(255)) - client-CB1B8AC74E59->81367453-3bf0-4298-8a83-8d5c3816df16: receive RaftClientReply:client-CB1B8AC74E59->81367453-3bf0-4298-8a83-8d5c3816df16@group-F6EC397515C5, cid=3506, SUCCESS, logIndex=4826, commits[81367453-3bf0-4298-8a83-8d5c3816df16:c4828]
2019-09-03 20:26:30,640 [grpc-default-executor-1] INFO  client.GrpcClientProtocolClient (GrpcClientProtocolClient.java:onNext(255)) - client-CB1B8AC74E59->81367453-3bf0-4298-8a83-8d5c3816df16: receive RaftClientReply:client-CB1B8AC74E59->81367453-3bf0-4298-8a83-8d5c3816df16@group-F6EC397515C5, cid=3507, SUCCESS, logIndex=4827, commits[81367453-3bf0-4298-8a83-8d5c3816df16:c4828]
2019-09-03 20:26:30,640 [grpc-default-executor-1] INFO  client.GrpcClientProtocolClient (GrpcClientProtocolClient.java:onNext(255)) - client-CB1B8AC74E59->81367453-3bf0-4298-8a83-8d5c3816df16: receive RaftClientReply:client-CB1B8AC74E59->81367453-3bf0-4298-8a83-8d5c3816df16@group-F6EC397515C5, cid=3508, SUCCESS, logIndex=4828, commits[81367453-3bf0-4298-8a83-8d5c3816df16:c4828]
2019-09-03 20:26:30,663 [grpc-default-executor-1] INFO  client.GrpcClientProtocolClient (GrpcClientProtocolClient.java:onNext(255)) - client-CB1B8AC74E59->81367453-3bf0-4298-8a83-8d5c3816df16: receive RaftClientReply:client-CB1B8AC74E59->81367453-3bf0-4298-8a83-8d5c3816df16@group-F6EC397515C5, cid=3509, SUCCESS, logIndex=4830, commits[81367453-3bf0-4298-8a83-8d5c3816df16:c4833]
2019-09-03 20:26:30,663 [grpc-default-executor-1] INFO  client.GrpcClientProtocolClient (GrpcClientProtocolClient.java:onNext(255)) - client-CB1B8AC74E59->81367453-3bf0-4298-8a83-8d5c3816df16: receive RaftClientReply:client-CB1B8AC74E59->81367453-3bf0-4298-8a83-8d5c3816df16@group-F6EC397515C5, cid=3510, SUCCESS, logIndex=4831, commits[81367453-3bf0-4298-8a83-8d5c3816df16:c4833]
2019-09-03 20:26:30,664 [grpc-default-executor-1] INFO  client.GrpcClientProtocolClient (GrpcClientProtocolClient.java:onNext(255)) - client-CB1B8AC74E59->81367453-3bf0-4298-8a83-8d5c3816df16: receive RaftClientReply:client-CB1B8AC74E59->81367453-3bf0-4298-8a83-8d5c3816df16@group-F6EC397515C5, cid=3511, SUCCESS, logIndex=4832, commits[81367453-3bf0-4298-8a83-8d5c3816df16:c4833]
2019-09-03 20:26:30,664 [grpc-default-executor-1] INFO  client.GrpcClientProtocolClient (GrpcClientProtocolClient.java:onNext(255)) - client-CB1B8AC74E59->81367453-3bf0-4298-8a83-8d5c3816df16: receive RaftClientReply:client-CB1B8AC74E59->81367453-3bf0-4298-8a83-8d5c3816df16@group-F6EC397515C5, cid=3512, SUCCESS, logIndex=4833, commits[81367453-3bf0-4298-8a83-8d5c3816df16:c4833]
2019-09-03 20:26:30,691 [grpc-default-executor-2] INFO  client.GrpcClientProtocolClient (GrpcClientProtocolClient.java:onNext(255)) - client-CB1B8AC74E59->81367453-3bf0-4298-8a83-8d5c3816df16: receive RaftClientReply:client-CB1B8AC74E59->81367453-3bf0-4298-8a83-8d5c3816df16@group-F6EC397515C5, cid=3513, SUCCESS, logIndex=4835, commits[81367453-3bf0-4298-8a83-8d5c3816df16:c4838]
2019-09-03 20:26:30,692 [grpc-default-executor-2] INFO  client.GrpcClientProtocolClient (GrpcClientProtocolClient.java:onNext(255)) - client-CB1B8AC74E59->81367453-3bf0-4298-8a83-8d5c3816df16: receive RaftClientReply:client-CB1B8AC74E59->81367453-3bf0-4298-8a83-8d5c3816df16@group-F6EC397515C5, cid=3514, SUCCESS, logIndex=4836, commits[81367453-3bf0-4298-8a83-8d5c3816df16:c4838]
2019-09-03 20:26:30,692 [grpc-default-executor-2] INFO  client.GrpcClientProtocolClient (GrpcClientProtocolClient.java:onNext(255)) - client-CB1B8AC74E59->81367453-3bf0-4298-8a83-8d5c3816df16: receive RaftClientReply:client-CB1B8AC74E59->81367453-3bf0-4298-8a83-8d5c3816df16@group-F6EC397515C5, cid=3515, SUCCESS, logIndex=4837, commits[81367453-3bf0-4298-8a83-8d5c3816df16:c4838]
2019-09-03 20:26:30,692 [grpc-default-executor-2] INFO  client.GrpcClientProtocolClient (GrpcClientProtocolClient.java:onNext(255)) - client-CB1B8AC74E59->81367453-3bf0-4298-8a83-8d5c3816df16: receive RaftClientReply:client-CB1B8AC74E59->81367453-3bf0-4298-8a83-8d5c3816df16@group-F6EC397515C5, cid=3516, SUCCESS, logIndex=4838, commits[81367453-3bf0-4298-8a83-8d5c3816df16:c4838]
2019-09-03 20:26:30,705 [grpc-default-executor-2] INFO  client.GrpcClientProtocolClient (GrpcClientProtocolClient.java:onNext(255)) - client-CB1B8AC74E59->81367453-3bf0-4298-8a83-8d5c3816df16: receive RaftClientReply:client-CB1B8AC74E59->81367453-3bf0-4298-8a83-8d5c3816df16@group-F6EC397515C5, cid=3517, SUCCESS, logIndex=4840, commits[81367453-3bf0-4298-8a83-8d5c3816df16:c4843]
2019-09-03 20:26:30,705 [grpc-default-executor-2] INFO  client.GrpcClientProtocolClient (GrpcClientProtocolClient.java:onNext(255)) - client-CB1B8AC74E59->81367453-3bf0-4298-8a83-8d5c3816df16: receive RaftClientReply:client-CB1B8AC74E59->81367453-3bf0-4298-8a83-8d5c3816df16@group-F6EC397515C5, cid=3518, SUCCESS, logIndex=4841, commits[81367453-3bf0-4298-8a83-8d5c3816df16:c4843]
2019-09-03 20:26:30,705 [grpc-default-executor-2] INFO  client.GrpcClientProtocolClient (GrpcClientProtocolClient.java:onNext(255)) - client-CB1B8AC74E59->81367453-3bf0-4298-8a83-8d5c3816df16: receive RaftClientReply:client-CB1B8AC74E59->81367453-3bf0-4298-8a83-8d5c3816df16@group-F6EC397515C5, cid=3519, SUCCESS, logIndex=4842, commits[81367453-3bf0-4298-8a83-8d5c3816df16:c4843]
2019-09-03 20:26:30,705 [grpc-default-executor-2] INFO  client.GrpcClientProtocolClient (GrpcClientProtocolClient.java:onNext(255)) - client-CB1B8AC74E59->81367453-3bf0-4298-8a83-8d5c3816df16: receive RaftClientReply:client-CB1B8AC74E59->81367453-3bf0-4298-8a83-8d5c3816df16@group-F6EC397515C5, cid=3520, SUCCESS, logIndex=4843, commits[81367453-3bf0-4298-8a83-8d5c3816df16:c4843]
2019-09-03 20:26:30,716 [SCMBlockDeletingService#0] DEBUG block.SCMBlockDeletingService (SCMBlockDeletingService.java:call(138)) - Running DeletedBlockTransactionScanner
2019-09-03 20:26:30,716 [SCMBlockDeletingService#0] DEBUG block.SCMBlockDeletingService (SCMBlockDeletingService.java:call(155)) - Scanned deleted blocks log and got 0 delTX to process.
2019-09-03 20:26:30,728 [grpc-default-executor-1] INFO  client.GrpcClientProtocolClient (GrpcClientProtocolClient.java:onNext(255)) - client-CB1B8AC74E59->81367453-3bf0-4298-8a83-8d5c3816df16: receive RaftClientReply:client-CB1B8AC74E59->81367453-3bf0-4298-8a83-8d5c3816df16@group-F6EC397515C5, cid=3521, SUCCESS, logIndex=4845, commits[81367453-3bf0-4298-8a83-8d5c3816df16:c4848]
2019-09-03 20:26:30,729 [grpc-default-executor-1] INFO  client.GrpcClientProtocolClient (GrpcClientProtocolClient.java:onNext(255)) - client-CB1B8AC74E59->81367453-3bf0-4298-8a83-8d5c3816df16: receive RaftClientReply:client-CB1B8AC74E59->81367453-3bf0-4298-8a83-8d5c3816df16@group-F6EC397515C5, cid=3522, SUCCESS, logIndex=4846, commits[81367453-3bf0-4298-8a83-8d5c3816df16:c4848]
2019-09-03 20:26:30,729 [grpc-default-executor-1] INFO  client.GrpcClientProtocolClient (GrpcClientProtocolClient.java:onNext(255)) - client-CB1B8AC74E59->81367453-3bf0-4298-8a83-8d5c3816df16: receive RaftClientReply:client-CB1B8AC74E59->81367453-3bf0-4298-8a83-8d5c3816df16@group-F6EC397515C5, cid=3523, SUCCESS, logIndex=4847, commits[81367453-3bf0-4298-8a83-8d5c3816df16:c4848]
2019-09-03 20:26:30,729 [grpc-default-executor-1] INFO  client.GrpcClientProtocolClient (GrpcClientProtocolClient.java:onNext(255)) - client-CB1B8AC74E59->81367453-3bf0-4298-8a83-8d5c3816df16: receive RaftClientReply:client-CB1B8AC74E59->81367453-3bf0-4298-8a83-8d5c3816df16@group-F6EC397515C5, cid=3524, SUCCESS, logIndex=4848, commits[81367453-3bf0-4298-8a83-8d5c3816df16:c4848]
2019-09-03 20:26:30,748 [grpc-default-executor-1] INFO  client.GrpcClientProtocolClient (GrpcClientProtocolClient.java:onNext(255)) - client-CB1B8AC74E59->81367453-3bf0-4298-8a83-8d5c3816df16: receive RaftClientReply:client-CB1B8AC74E59->81367453-3bf0-4298-8a83-8d5c3816df16@group-F6EC397515C5, cid=3525, SUCCESS, logIndex=4850, commits[81367453-3bf0-4298-8a83-8d5c3816df16:c4853]
2019-09-03 20:26:30,748 [grpc-default-executor-1] INFO  client.GrpcClientProtocolClient (GrpcClientProtocolClient.java:onNext(255)) - client-CB1B8AC74E59->81367453-3bf0-4298-8a83-8d5c3816df16: receive RaftClientReply:client-CB1B8AC74E59->81367453-3bf0-4298-8a83-8d5c3816df16@group-F6EC397515C5, cid=3526, SUCCESS, logIndex=4851, commits[81367453-3bf0-4298-8a83-8d5c3816df16:c4853]
2019-09-03 20:26:30,748 [grpc-default-executor-1] INFO  client.GrpcClientProtocolClient (GrpcClientProtocolClient.java:onNext(255)) - client-CB1B8AC74E59->81367453-3bf0-4298-8a83-8d5c3816df16: receive RaftClientReply:client-CB1B8AC74E59->81367453-3bf0-4298-8a83-8d5c3816df16@group-F6EC397515C5, cid=3527, SUCCESS, logIndex=4852, commits[81367453-3bf0-4298-8a83-8d5c3816df16:c4853]
2019-09-03 20:26:30,749 [grpc-default-executor-1] INFO  client.GrpcClientProtocolClient (GrpcClientProtocolClient.java:onNext(255)) - client-CB1B8AC74E59->81367453-3bf0-4298-8a83-8d5c3816df16: receive RaftClientReply:client-CB1B8AC74E59->81367453-3bf0-4298-8a83-8d5c3816df16@group-F6EC397515C5, cid=3528, SUCCESS, logIndex=4853, commits[81367453-3bf0-4298-8a83-8d5c3816df16:c4853]
2019-09-03 20:26:30,770 [grpc-default-executor-1] INFO  client.GrpcClientProtocolClient (GrpcClientProtocolClient.java:onNext(255)) - client-CB1B8AC74E59->81367453-3bf0-4298-8a83-8d5c3816df16: receive RaftClientReply:client-CB1B8AC74E59->81367453-3bf0-4298-8a83-8d5c3816df16@group-F6EC397515C5, cid=3529, SUCCESS, logIndex=4855, commits[81367453-3bf0-4298-8a83-8d5c3816df16:c4858]
2019-09-03 20:26:30,770 [grpc-default-executor-1] INFO  client.GrpcClientProtocolClient (GrpcClientProtocolClient.java:onNext(255)) - client-CB1B8AC74E59->81367453-3bf0-4298-8a83-8d5c3816df16: receive RaftClientReply:client-CB1B8AC74E59->81367453-3bf0-4298-8a83-8d5c3816df16@group-F6EC397515C5, cid=3530, SUCCESS, logIndex=4856, commits[81367453-3bf0-4298-8a83-8d5c3816df16:c4858]
2019-09-03 20:26:30,770 [grpc-default-executor-1] INFO  client.GrpcClientProtocolClient (GrpcClientProtocolClient.java:onNext(255)) - client-CB1B8AC74E59->81367453-3bf0-4298-8a83-8d5c3816df16: receive RaftClientReply:client-CB1B8AC74E59->81367453-3bf0-4298-8a83-8d5c3816df16@group-F6EC397515C5, cid=3531, SUCCESS, logIndex=4857, commits[81367453-3bf0-4298-8a83-8d5c3816df16:c4858]
2019-09-03 20:26:30,771 [grpc-default-executor-1] INFO  client.GrpcClientProtocolClient (GrpcClientProtocolClient.java:onNext(255)) - client-CB1B8AC74E59->81367453-3bf0-4298-8a83-8d5c3816df16: receive RaftClientReply:client-CB1B8AC74E59->81367453-3bf0-4298-8a83-8d5c3816df16@group-F6EC397515C5, cid=3532, SUCCESS, logIndex=4858, commits[81367453-3bf0-4298-8a83-8d5c3816df16:c4858]
2019-09-03 20:26:30,785 [grpc-default-executor-1] INFO  client.GrpcClientProtocolClient (GrpcClientProtocolClient.java:onNext(255)) - client-CB1B8AC74E59->81367453-3bf0-4298-8a83-8d5c3816df16: receive RaftClientReply:client-CB1B8AC74E59->81367453-3bf0-4298-8a83-8d5c3816df16@group-F6EC397515C5, cid=3533, SUCCESS, logIndex=4860, commits[81367453-3bf0-4298-8a83-8d5c3816df16:c4863]
2019-09-03 20:26:30,785 [grpc-default-executor-1] INFO  client.GrpcClientProtocolClient (GrpcClientProtocolClient.java:onNext(255)) - client-CB1B8AC74E59->81367453-3bf0-4298-8a83-8d5c3816df16: receive RaftClientReply:client-CB1B8AC74E59->81367453-3bf0-4298-8a83-8d5c3816df16@group-F6EC397515C5, cid=3534, SUCCESS, logIndex=4861, commits[81367453-3bf0-4298-8a83-8d5c3816df16:c4863]
2019-09-03 20:26:30,786 [grpc-default-executor-1] INFO  client.GrpcClientProtocolClient (GrpcClientProtocolClient.java:onNext(255)) - client-CB1B8AC74E59->81367453-3bf0-4298-8a83-8d5c3816df16: receive RaftClientReply:client-CB1B8AC74E59->81367453-3bf0-4298-8a83-8d5c3816df16@group-F6EC397515C5, cid=3535, SUCCESS, logIndex=4862, commits[81367453-3bf0-4298-8a83-8d5c3816df16:c4863]
2019-09-03 20:26:30,786 [grpc-default-executor-1] INFO  client.GrpcClientProtocolClient (GrpcClientProtocolClient.java:onNext(255)) - client-CB1B8AC74E59->81367453-3bf0-4298-8a83-8d5c3816df16: receive RaftClientReply:client-CB1B8AC74E59->81367453-3bf0-4298-8a83-8d5c3816df16@group-F6EC397515C5, cid=3536, SUCCESS, logIndex=4863, commits[81367453-3bf0-4298-8a83-8d5c3816df16:c4863]
2019-09-03 20:26:30,816 [SCMBlockDeletingService#0] DEBUG block.SCMBlockDeletingService (SCMBlockDeletingService.java:call(138)) - Running DeletedBlockTransactionScanner
2019-09-03 20:26:30,817 [SCMBlockDeletingService#0] DEBUG block.SCMBlockDeletingService (SCMBlockDeletingService.java:call(155)) - Scanned deleted blocks log and got 0 delTX to process.
2019-09-03 20:26:30,903 [grpc-default-executor-1] INFO  client.GrpcClientProtocolClient (GrpcClientProtocolClient.java:onNext(255)) - client-CB1B8AC74E59->81367453-3bf0-4298-8a83-8d5c3816df16: receive RaftClientReply:client-CB1B8AC74E59->81367453-3bf0-4298-8a83-8d5c3816df16@group-F6EC397515C5, cid=3537, SUCCESS, logIndex=4865, commits[81367453-3bf0-4298-8a83-8d5c3816df16:c4868]
2019-09-03 20:26:30,904 [grpc-default-executor-1] INFO  client.GrpcClientProtocolClient (GrpcClientProtocolClient.java:onNext(255)) - client-CB1B8AC74E59->81367453-3bf0-4298-8a83-8d5c3816df16: receive RaftClientReply:client-CB1B8AC74E59->81367453-3bf0-4298-8a83-8d5c3816df16@group-F6EC397515C5, cid=3538, SUCCESS, logIndex=4866, commits[81367453-3bf0-4298-8a83-8d5c3816df16:c4868]
2019-09-03 20:26:30,904 [grpc-default-executor-1] INFO  client.GrpcClientProtocolClient (GrpcClientProtocolClient.java:onNext(255)) - client-CB1B8AC74E59->81367453-3bf0-4298-8a83-8d5c3816df16: receive RaftClientReply:client-CB1B8AC74E59->81367453-3bf0-4298-8a83-8d5c3816df16@group-F6EC397515C5, cid=3539, SUCCESS, logIndex=4867, commits[81367453-3bf0-4298-8a83-8d5c3816df16:c4868]
2019-09-03 20:26:30,904 [grpc-default-executor-1] INFO  client.GrpcClientProtocolClient (GrpcClientProtocolClient.java:onNext(255)) - client-CB1B8AC74E59->81367453-3bf0-4298-8a83-8d5c3816df16: receive RaftClientReply:client-CB1B8AC74E59->81367453-3bf0-4298-8a83-8d5c3816df16@group-F6EC397515C5, cid=3540, SUCCESS, logIndex=4868, commits[81367453-3bf0-4298-8a83-8d5c3816df16:c4868]
2019-09-03 20:26:30,917 [SCMBlockDeletingService#0] DEBUG block.SCMBlockDeletingService (SCMBlockDeletingService.java:call(138)) - Running DeletedBlockTransactionScanner
2019-09-03 20:26:30,917 [SCMBlockDeletingService#0] DEBUG block.SCMBlockDeletingService (SCMBlockDeletingService.java:call(155)) - Scanned deleted blocks log and got 0 delTX to process.
2019-09-03 20:26:30,943 [grpc-default-executor-1] INFO  client.GrpcClientProtocolClient (GrpcClientProtocolClient.java:onNext(255)) - client-CB1B8AC74E59->81367453-3bf0-4298-8a83-8d5c3816df16: receive RaftClientReply:client-CB1B8AC74E59->81367453-3bf0-4298-8a83-8d5c3816df16@group-F6EC397515C5, cid=3541, SUCCESS, logIndex=4870, commits[81367453-3bf0-4298-8a83-8d5c3816df16:c4873]
2019-09-03 20:26:30,943 [grpc-default-executor-1] INFO  client.GrpcClientProtocolClient (GrpcClientProtocolClient.java:onNext(255)) - client-CB1B8AC74E59->81367453-3bf0-4298-8a83-8d5c3816df16: receive RaftClientReply:client-CB1B8AC74E59->81367453-3bf0-4298-8a83-8d5c3816df16@group-F6EC397515C5, cid=3542, SUCCESS, logIndex=4871, commits[81367453-3bf0-4298-8a83-8d5c3816df16:c4873]
2019-09-03 20:26:30,944 [grpc-default-executor-1] INFO  client.GrpcClientProtocolClient (GrpcClientProtocolClient.java:onNext(255)) - client-CB1B8AC74E59->81367453-3bf0-4298-8a83-8d5c3816df16: receive RaftClientReply:client-CB1B8AC74E59->81367453-3bf0-4298-8a83-8d5c3816df16@group-F6EC397515C5, cid=3543, SUCCESS, logIndex=4872, commits[81367453-3bf0-4298-8a83-8d5c3816df16:c4873]
2019-09-03 20:26:30,944 [grpc-default-executor-1] INFO  client.GrpcClientProtocolClient (GrpcClientProtocolClient.java:onNext(255)) - client-CB1B8AC74E59->81367453-3bf0-4298-8a83-8d5c3816df16: receive RaftClientReply:client-CB1B8AC74E59->81367453-3bf0-4298-8a83-8d5c3816df16@group-F6EC397515C5, cid=3544, SUCCESS, logIndex=4873, commits[81367453-3bf0-4298-8a83-8d5c3816df16:c4873]
2019-09-03 20:26:31,004 [grpc-default-executor-1] INFO  client.GrpcClientProtocolClient (GrpcClientProtocolClient.java:onNext(255)) - client-CB1B8AC74E59->81367453-3bf0-4298-8a83-8d5c3816df16: receive RaftClientReply:client-CB1B8AC74E59->81367453-3bf0-4298-8a83-8d5c3816df16@group-F6EC397515C5, cid=3545, SUCCESS, logIndex=4875, commits[81367453-3bf0-4298-8a83-8d5c3816df16:c4878]
2019-09-03 20:26:31,004 [grpc-default-executor-1] INFO  client.GrpcClientProtocolClient (GrpcClientProtocolClient.java:onNext(255)) - client-CB1B8AC74E59->81367453-3bf0-4298-8a83-8d5c3816df16: receive RaftClientReply:client-CB1B8AC74E59->81367453-3bf0-4298-8a83-8d5c3816df16@group-F6EC397515C5, cid=3546, SUCCESS, logIndex=4876, commits[81367453-3bf0-4298-8a83-8d5c3816df16:c4878]
2019-09-03 20:26:31,005 [grpc-default-executor-1] INFO  client.GrpcClientProtocolClient (GrpcClientProtocolClient.java:onNext(255)) - client-CB1B8AC74E59->81367453-3bf0-4298-8a83-8d5c3816df16: receive RaftClientReply:client-CB1B8AC74E59->81367453-3bf0-4298-8a83-8d5c3816df16@group-F6EC397515C5, cid=3547, SUCCESS, logIndex=4877, commits[81367453-3bf0-4298-8a83-8d5c3816df16:c4878]
2019-09-03 20:26:31,005 [grpc-default-executor-1] INFO  client.GrpcClientProtocolClient (GrpcClientProtocolClient.java:onNext(255)) - client-CB1B8AC74E59->81367453-3bf0-4298-8a83-8d5c3816df16: receive RaftClientReply:client-CB1B8AC74E59->81367453-3bf0-4298-8a83-8d5c3816df16@group-F6EC397515C5, cid=3548, SUCCESS, logIndex=4878, commits[81367453-3bf0-4298-8a83-8d5c3816df16:c4878]
2019-09-03 20:26:31,018 [SCMBlockDeletingService#0] DEBUG block.SCMBlockDeletingService (SCMBlockDeletingService.java:call(138)) - Running DeletedBlockTransactionScanner
2019-09-03 20:26:31,018 [SCMBlockDeletingService#0] DEBUG block.SCMBlockDeletingService (SCMBlockDeletingService.java:call(155)) - Scanned deleted blocks log and got 0 delTX to process.
2019-09-03 20:26:31,022 [grpc-default-executor-1] INFO  client.GrpcClientProtocolClient (GrpcClientProtocolClient.java:onNext(255)) - client-CB1B8AC74E59->81367453-3bf0-4298-8a83-8d5c3816df16: receive RaftClientReply:client-CB1B8AC74E59->81367453-3bf0-4298-8a83-8d5c3816df16@group-F6EC397515C5, cid=3549, SUCCESS, logIndex=4880, commits[81367453-3bf0-4298-8a83-8d5c3816df16:c4883]
2019-09-03 20:26:31,022 [grpc-default-executor-1] INFO  client.GrpcClientProtocolClient (GrpcClientProtocolClient.java:onNext(255)) - client-CB1B8AC74E59->81367453-3bf0-4298-8a83-8d5c3816df16: receive RaftClientReply:client-CB1B8AC74E59->81367453-3bf0-4298-8a83-8d5c3816df16@group-F6EC397515C5, cid=3550, SUCCESS, logIndex=4881, commits[81367453-3bf0-4298-8a83-8d5c3816df16:c4883]
2019-09-03 20:26:31,022 [grpc-default-executor-1] INFO  client.GrpcClientProtocolClient (GrpcClientProtocolClient.java:onNext(255)) - client-CB1B8AC74E59->81367453-3bf0-4298-8a83-8d5c3816df16: receive RaftClientReply:client-CB1B8AC74E59->81367453-3bf0-4298-8a83-8d5c3816df16@group-F6EC397515C5, cid=3551, SUCCESS, logIndex=4882, commits[81367453-3bf0-4298-8a83-8d5c3816df16:c4883]
2019-09-03 20:26:31,023 [grpc-default-executor-1] INFO  client.GrpcClientProtocolClient (GrpcClientProtocolClient.java:onNext(255)) - client-CB1B8AC74E59->81367453-3bf0-4298-8a83-8d5c3816df16: receive RaftClientReply:client-CB1B8AC74E59->81367453-3bf0-4298-8a83-8d5c3816df16@group-F6EC397515C5, cid=3552, SUCCESS, logIndex=4883, commits[81367453-3bf0-4298-8a83-8d5c3816df16:c4884]
2019-09-03 20:26:31,054 [grpc-default-executor-2] INFO  client.GrpcClientProtocolClient (GrpcClientProtocolClient.java:onNext(255)) - client-CB1B8AC74E59->81367453-3bf0-4298-8a83-8d5c3816df16: receive RaftClientReply:client-CB1B8AC74E59->81367453-3bf0-4298-8a83-8d5c3816df16@group-F6EC397515C5, cid=3553, SUCCESS, logIndex=4885, commits[81367453-3bf0-4298-8a83-8d5c3816df16:c4888]
2019-09-03 20:26:31,055 [grpc-default-executor-2] INFO  client.GrpcClientProtocolClient (GrpcClientProtocolClient.java:onNext(255)) - client-CB1B8AC74E59->81367453-3bf0-4298-8a83-8d5c3816df16: receive RaftClientReply:client-CB1B8AC74E59->81367453-3bf0-4298-8a83-8d5c3816df16@group-F6EC397515C5, cid=3554, SUCCESS, logIndex=4886, commits[81367453-3bf0-4298-8a83-8d5c3816df16:c4888]
2019-09-03 20:26:31,055 [grpc-default-executor-2] INFO  client.GrpcClientProtocolClient (GrpcClientProtocolClient.java:onNext(255)) - client-CB1B8AC74E59->81367453-3bf0-4298-8a83-8d5c3816df16: receive RaftClientReply:client-CB1B8AC74E59->81367453-3bf0-4298-8a83-8d5c3816df16@group-F6EC397515C5, cid=3555, SUCCESS, logIndex=4887, commits[81367453-3bf0-4298-8a83-8d5c3816df16:c4889]
2019-09-03 20:26:31,056 [grpc-default-executor-2] INFO  client.GrpcClientProtocolClient (GrpcClientProtocolClient.java:onNext(255)) - client-CB1B8AC74E59->81367453-3bf0-4298-8a83-8d5c3816df16: receive RaftClientReply:client-CB1B8AC74E59->81367453-3bf0-4298-8a83-8d5c3816df16@group-F6EC397515C5, cid=3556, SUCCESS, logIndex=4888, commits[81367453-3bf0-4298-8a83-8d5c3816df16:c4889]
2019-09-03 20:26:31,073 [grpc-default-executor-2] INFO  client.GrpcClientProtocolClient (GrpcClientProtocolClient.java:onNext(255)) - client-CB1B8AC74E59->81367453-3bf0-4298-8a83-8d5c3816df16: receive RaftClientReply:client-CB1B8AC74E59->81367453-3bf0-4298-8a83-8d5c3816df16@group-F6EC397515C5, cid=3557, SUCCESS, logIndex=4890, commits[81367453-3bf0-4298-8a83-8d5c3816df16:c4893]
2019-09-03 20:26:31,074 [grpc-default-executor-2] INFO  client.GrpcClientProtocolClient (GrpcClientProtocolClient.java:onNext(255)) - client-CB1B8AC74E59->81367453-3bf0-4298-8a83-8d5c3816df16: receive RaftClientReply:client-CB1B8AC74E59->81367453-3bf0-4298-8a83-8d5c3816df16@group-F6EC397515C5, cid=3558, SUCCESS, logIndex=4891, commits[81367453-3bf0-4298-8a83-8d5c3816df16:c4893]
2019-09-03 20:26:31,074 [grpc-default-executor-2] INFO  client.GrpcClientProtocolClient (GrpcClientProtocolClient.java:onNext(255)) - client-CB1B8AC74E59->81367453-3bf0-4298-8a83-8d5c3816df16: receive RaftClientReply:client-CB1B8AC74E59->81367453-3bf0-4298-8a83-8d5c3816df16@group-F6EC397515C5, cid=3559, SUCCESS, logIndex=4892, commits[81367453-3bf0-4298-8a83-8d5c3816df16:c4893]
2019-09-03 20:26:31,074 [grpc-default-executor-2] INFO  client.GrpcClientProtocolClient (GrpcClientProtocolClient.java:onNext(255)) - client-CB1B8AC74E59->81367453-3bf0-4298-8a83-8d5c3816df16: receive RaftClientReply:client-CB1B8AC74E59->81367453-3bf0-4298-8a83-8d5c3816df16@group-F6EC397515C5, cid=3560, SUCCESS, logIndex=4893, commits[81367453-3bf0-4298-8a83-8d5c3816df16:c4893]
2019-09-03 20:26:31,107 [grpc-default-executor-1] INFO  client.GrpcClientProtocolClient (GrpcClientProtocolClient.java:onNext(255)) - client-CB1B8AC74E59->81367453-3bf0-4298-8a83-8d5c3816df16: receive RaftClientReply:client-CB1B8AC74E59->81367453-3bf0-4298-8a83-8d5c3816df16@group-F6EC397515C5, cid=3561, SUCCESS, logIndex=4895, commits[81367453-3bf0-4298-8a83-8d5c3816df16:c4898]
2019-09-03 20:26:31,108 [grpc-default-executor-1] INFO  client.GrpcClientProtocolClient (GrpcClientProtocolClient.java:onNext(255)) - client-CB1B8AC74E59->81367453-3bf0-4298-8a83-8d5c3816df16: receive RaftClientReply:client-CB1B8AC74E59->81367453-3bf0-4298-8a83-8d5c3816df16@group-F6EC397515C5, cid=3562, SUCCESS, logIndex=4896, commits[81367453-3bf0-4298-8a83-8d5c3816df16:c4898]
2019-09-03 20:26:31,108 [grpc-default-executor-1] INFO  client.GrpcClientProtocolClient (GrpcClientProtocolClient.java:onNext(255)) - client-CB1B8AC74E59->81367453-3bf0-4298-8a83-8d5c3816df16: receive RaftClientReply:client-CB1B8AC74E59->81367453-3bf0-4298-8a83-8d5c3816df16@group-F6EC397515C5, cid=3563, SUCCESS, logIndex=4897, commits[81367453-3bf0-4298-8a83-8d5c3816df16:c4898]
2019-09-03 20:26:31,108 [grpc-default-executor-1] INFO  client.GrpcClientProtocolClient (GrpcClientProtocolClient.java:onNext(255)) - client-CB1B8AC74E59->81367453-3bf0-4298-8a83-8d5c3816df16: receive RaftClientReply:client-CB1B8AC74E59->81367453-3bf0-4298-8a83-8d5c3816df16@group-F6EC397515C5, cid=3564, SUCCESS, logIndex=4898, commits[81367453-3bf0-4298-8a83-8d5c3816df16:c4898]
2019-09-03 20:26:31,118 [SCMBlockDeletingService#0] DEBUG block.SCMBlockDeletingService (SCMBlockDeletingService.java:call(138)) - Running DeletedBlockTransactionScanner
2019-09-03 20:26:31,119 [SCMBlockDeletingService#0] DEBUG block.SCMBlockDeletingService (SCMBlockDeletingService.java:call(155)) - Scanned deleted blocks log and got 0 delTX to process.
2019-09-03 20:26:31,134 [grpc-default-executor-1] INFO  client.GrpcClientProtocolClient (GrpcClientProtocolClient.java:onNext(255)) - client-CB1B8AC74E59->81367453-3bf0-4298-8a83-8d5c3816df16: receive RaftClientReply:client-CB1B8AC74E59->81367453-3bf0-4298-8a83-8d5c3816df16@group-F6EC397515C5, cid=3565, SUCCESS, logIndex=4900, commits[81367453-3bf0-4298-8a83-8d5c3816df16:c4903]
2019-09-03 20:26:31,134 [grpc-default-executor-1] INFO  client.GrpcClientProtocolClient (GrpcClientProtocolClient.java:onNext(255)) - client-CB1B8AC74E59->81367453-3bf0-4298-8a83-8d5c3816df16: receive RaftClientReply:client-CB1B8AC74E59->81367453-3bf0-4298-8a83-8d5c3816df16@group-F6EC397515C5, cid=3566, SUCCESS, logIndex=4901, commits[81367453-3bf0-4298-8a83-8d5c3816df16:c4903]
2019-09-03 20:26:31,134 [grpc-default-executor-1] INFO  client.GrpcClientProtocolClient (GrpcClientProtocolClient.java:onNext(255)) - client-CB1B8AC74E59->81367453-3bf0-4298-8a83-8d5c3816df16: receive RaftClientReply:client-CB1B8AC74E59->81367453-3bf0-4298-8a83-8d5c3816df16@group-F6EC397515C5, cid=3567, SUCCESS, logIndex=4902, commits[81367453-3bf0-4298-8a83-8d5c3816df16:c4903]
2019-09-03 20:26:31,135 [grpc-default-executor-1] INFO  client.GrpcClientProtocolClient (GrpcClientProtocolClient.java:onNext(255)) - client-CB1B8AC74E59->81367453-3bf0-4298-8a83-8d5c3816df16: receive RaftClientReply:client-CB1B8AC74E59->81367453-3bf0-4298-8a83-8d5c3816df16@group-F6EC397515C5, cid=3568, SUCCESS, logIndex=4903, commits[81367453-3bf0-4298-8a83-8d5c3816df16:c4903]
2019-09-03 20:26:31,174 [grpc-default-executor-1] INFO  client.GrpcClientProtocolClient (GrpcClientProtocolClient.java:onNext(255)) - client-CB1B8AC74E59->81367453-3bf0-4298-8a83-8d5c3816df16: receive RaftClientReply:client-CB1B8AC74E59->81367453-3bf0-4298-8a83-8d5c3816df16@group-F6EC397515C5, cid=3569, SUCCESS, logIndex=4905, commits[81367453-3bf0-4298-8a83-8d5c3816df16:c4908]
2019-09-03 20:26:31,174 [grpc-default-executor-1] INFO  client.GrpcClientProtocolClient (GrpcClientProtocolClient.java:onNext(255)) - client-CB1B8AC74E59->81367453-3bf0-4298-8a83-8d5c3816df16: receive RaftClientReply:client-CB1B8AC74E59->81367453-3bf0-4298-8a83-8d5c3816df16@group-F6EC397515C5, cid=3570, SUCCESS, logIndex=4906, commits[81367453-3bf0-4298-8a83-8d5c3816df16:c4908]
2019-09-03 20:26:31,175 [grpc-default-executor-1] INFO  client.GrpcClientProtocolClient (GrpcClientProtocolClient.java:onNext(255)) - client-CB1B8AC74E59->81367453-3bf0-4298-8a83-8d5c3816df16: receive RaftClientReply:client-CB1B8AC74E59->81367453-3bf0-4298-8a83-8d5c3816df16@group-F6EC397515C5, cid=3571, SUCCESS, logIndex=4907, commits[81367453-3bf0-4298-8a83-8d5c3816df16:c4909]
2019-09-03 20:26:31,175 [grpc-default-executor-1] INFO  client.GrpcClientProtocolClient (GrpcClientProtocolClient.java:onNext(255)) - client-CB1B8AC74E59->81367453-3bf0-4298-8a83-8d5c3816df16: receive RaftClientReply:client-CB1B8AC74E59->81367453-3bf0-4298-8a83-8d5c3816df16@group-F6EC397515C5, cid=3572, SUCCESS, logIndex=4908, commits[81367453-3bf0-4298-8a83-8d5c3816df16:c4909]
2019-09-03 20:26:31,196 [grpc-default-executor-1] INFO  client.GrpcClientProtocolClient (GrpcClientProtocolClient.java:onNext(255)) - client-CB1B8AC74E59->81367453-3bf0-4298-8a83-8d5c3816df16: receive RaftClientReply:client-CB1B8AC74E59->81367453-3bf0-4298-8a83-8d5c3816df16@group-F6EC397515C5, cid=3573, SUCCESS, logIndex=4910, commits[81367453-3bf0-4298-8a83-8d5c3816df16:c4911]
2019-09-03 20:26:31,196 [grpc-default-executor-1] INFO  client.GrpcClientProtocolClient (GrpcClientProtocolClient.java:onNext(255)) - client-CB1B8AC74E59->81367453-3bf0-4298-8a83-8d5c3816df16: receive RaftClientReply:client-CB1B8AC74E59->81367453-3bf0-4298-8a83-8d5c3816df16@group-F6EC397515C5, cid=3574, SUCCESS, logIndex=4911, commits[81367453-3bf0-4298-8a83-8d5c3816df16:c4911]
2019-09-03 20:26:31,218 [grpc-default-executor-1] INFO  client.GrpcClientProtocolClient (GrpcClientProtocolClient.java:onNext(255)) - client-CB1B8AC74E59->81367453-3bf0-4298-8a83-8d5c3816df16: receive RaftClientReply:client-CB1B8AC74E59->81367453-3bf0-4298-8a83-8d5c3816df16@group-F6EC397515C5, cid=3575, SUCCESS, logIndex=4912, commits[81367453-3bf0-4298-8a83-8d5c3816df16:c4913]
2019-09-03 20:26:31,218 [grpc-default-executor-1] INFO  client.GrpcClientProtocolClient (GrpcClientProtocolClient.java:onNext(255)) - client-CB1B8AC74E59->81367453-3bf0-4298-8a83-8d5c3816df16: receive RaftClientReply:client-CB1B8AC74E59->81367453-3bf0-4298-8a83-8d5c3816df16@group-F6EC397515C5, cid=3576, SUCCESS, logIndex=4913, commits[81367453-3bf0-4298-8a83-8d5c3816df16:c4913]
2019-09-03 20:26:31,219 [SCMBlockDeletingService#0] DEBUG block.SCMBlockDeletingService (SCMBlockDeletingService.java:call(138)) - Running DeletedBlockTransactionScanner
2019-09-03 20:26:31,219 [SCMBlockDeletingService#0] DEBUG block.SCMBlockDeletingService (SCMBlockDeletingService.java:call(155)) - Scanned deleted blocks log and got 0 delTX to process.
2019-09-03 20:26:31,238 [grpc-default-executor-1] INFO  client.GrpcClientProtocolClient (GrpcClientProtocolClient.java:onNext(255)) - client-CB1B8AC74E59->81367453-3bf0-4298-8a83-8d5c3816df16: receive RaftClientReply:client-CB1B8AC74E59->81367453-3bf0-4298-8a83-8d5c3816df16@group-F6EC397515C5, cid=3577, SUCCESS, logIndex=4916, commits[81367453-3bf0-4298-8a83-8d5c3816df16:c4919]
2019-09-03 20:26:31,239 [grpc-default-executor-1] INFO  client.GrpcClientProtocolClient (GrpcClientProtocolClient.java:onNext(255)) - client-CB1B8AC74E59->81367453-3bf0-4298-8a83-8d5c3816df16: receive RaftClientReply:client-CB1B8AC74E59->81367453-3bf0-4298-8a83-8d5c3816df16@group-F6EC397515C5, cid=3578, SUCCESS, logIndex=4917, commits[81367453-3bf0-4298-8a83-8d5c3816df16:c4919]
2019-09-03 20:26:31,239 [grpc-default-executor-1] INFO  client.GrpcClientProtocolClient (GrpcClientProtocolClient.java:onNext(255)) - client-CB1B8AC74E59->81367453-3bf0-4298-8a83-8d5c3816df16: receive RaftClientReply:client-CB1B8AC74E59->81367453-3bf0-4298-8a83-8d5c3816df16@group-F6EC397515C5, cid=3579, SUCCESS, logIndex=4918, commits[81367453-3bf0-4298-8a83-8d5c3816df16:c4919]
2019-09-03 20:26:31,239 [grpc-default-executor-1] INFO  client.GrpcClientProtocolClient (GrpcClientProtocolClient.java:onNext(255)) - client-CB1B8AC74E59->81367453-3bf0-4298-8a83-8d5c3816df16: receive RaftClientReply:client-CB1B8AC74E59->81367453-3bf0-4298-8a83-8d5c3816df16@group-F6EC397515C5, cid=3580, SUCCESS, logIndex=4919, commits[81367453-3bf0-4298-8a83-8d5c3816df16:c4919]
2019-09-03 20:26:31,319 [SCMBlockDeletingService#1] DEBUG block.SCMBlockDeletingService (SCMBlockDeletingService.java:call(138)) - Running DeletedBlockTransactionScanner
2019-09-03 20:26:31,320 [SCMBlockDeletingService#1] DEBUG block.SCMBlockDeletingService (SCMBlockDeletingService.java:call(155)) - Scanned deleted blocks log and got 0 delTX to process.
2019-09-03 20:26:31,475 [SCMBlockDeletingService#1] DEBUG block.SCMBlockDeletingService (SCMBlockDeletingService.java:call(138)) - Running DeletedBlockTransactionScanner
2019-09-03 20:26:31,476 [SCMBlockDeletingService#1] DEBUG block.SCMBlockDeletingService (SCMBlockDeletingService.java:call(155)) - Scanned deleted blocks log and got 0 delTX to process.
2019-09-03 20:26:31,516 [grpc-default-executor-1] INFO  client.GrpcClientProtocolClient (GrpcClientProtocolClient.java:onNext(255)) - client-CB1B8AC74E59->81367453-3bf0-4298-8a83-8d5c3816df16: receive RaftClientReply:client-CB1B8AC74E59->81367453-3bf0-4298-8a83-8d5c3816df16@group-F6EC397515C5, cid=3581, SUCCESS, logIndex=4921, commits[81367453-3bf0-4298-8a83-8d5c3816df16:c4922]
2019-09-03 20:26:31,516 [grpc-default-executor-1] INFO  client.GrpcClientProtocolClient (GrpcClientProtocolClient.java:onNext(255)) - client-CB1B8AC74E59->81367453-3bf0-4298-8a83-8d5c3816df16: receive RaftClientReply:client-CB1B8AC74E59->81367453-3bf0-4298-8a83-8d5c3816df16@group-F6EC397515C5, cid=3582, SUCCESS, logIndex=4922, commits[81367453-3bf0-4298-8a83-8d5c3816df16:c4922]
2019-09-03 20:26:31,525 [grpc-default-executor-1] INFO  client.GrpcClientProtocolClient (GrpcClientProtocolClient.java:onNext(255)) - client-CB1B8AC74E59->81367453-3bf0-4298-8a83-8d5c3816df16: receive RaftClientReply:client-CB1B8AC74E59->81367453-3bf0-4298-8a83-8d5c3816df16@group-F6EC397515C5, cid=3583, SUCCESS, logIndex=4923, commits[81367453-3bf0-4298-8a83-8d5c3816df16:c4924]
2019-09-03 20:26:31,525 [grpc-default-executor-1] INFO  client.GrpcClientProtocolClient (GrpcClientProtocolClient.java:onNext(255)) - client-CB1B8AC74E59->81367453-3bf0-4298-8a83-8d5c3816df16: receive RaftClientReply:client-CB1B8AC74E59->81367453-3bf0-4298-8a83-8d5c3816df16@group-F6EC397515C5, cid=3584, SUCCESS, logIndex=4924, commits[81367453-3bf0-4298-8a83-8d5c3816df16:c4924]
2019-09-03 20:26:31,543 [grpc-default-executor-2] INFO  client.GrpcClientProtocolClient (GrpcClientProtocolClient.java:onNext(255)) - client-CB1B8AC74E59->81367453-3bf0-4298-8a83-8d5c3816df16: receive RaftClientReply:client-CB1B8AC74E59->81367453-3bf0-4298-8a83-8d5c3816df16@group-F6EC397515C5, cid=3585, SUCCESS, logIndex=4927, commits[81367453-3bf0-4298-8a83-8d5c3816df16:c4928]
2019-09-03 20:26:31,543 [grpc-default-executor-2] INFO  client.GrpcClientProtocolClient (GrpcClientProtocolClient.java:onNext(255)) - client-CB1B8AC74E59->81367453-3bf0-4298-8a83-8d5c3816df16: receive RaftClientReply:client-CB1B8AC74E59->81367453-3bf0-4298-8a83-8d5c3816df16@group-F6EC397515C5, cid=3586, SUCCESS, logIndex=4928, commits[81367453-3bf0-4298-8a83-8d5c3816df16:c4928]
2019-09-03 20:26:31,548 [grpc-default-executor-2] INFO  client.GrpcClientProtocolClient (GrpcClientProtocolClient.java:onNext(255)) - client-CB1B8AC74E59->81367453-3bf0-4298-8a83-8d5c3816df16: receive RaftClientReply:client-CB1B8AC74E59->81367453-3bf0-4298-8a83-8d5c3816df16@group-F6EC397515C5, cid=3587, SUCCESS, logIndex=4929, commits[81367453-3bf0-4298-8a83-8d5c3816df16:c4930]
2019-09-03 20:26:31,549 [grpc-default-executor-2] INFO  client.GrpcClientProtocolClient (GrpcClientProtocolClient.java:onNext(255)) - client-CB1B8AC74E59->81367453-3bf0-4298-8a83-8d5c3816df16: receive RaftClientReply:client-CB1B8AC74E59->81367453-3bf0-4298-8a83-8d5c3816df16@group-F6EC397515C5, cid=3588, SUCCESS, logIndex=4930, commits[81367453-3bf0-4298-8a83-8d5c3816df16:c4930]
2019-09-03 20:26:31,568 [grpc-default-executor-2] INFO  client.GrpcClientProtocolClient (GrpcClientProtocolClient.java:onNext(255)) - client-CB1B8AC74E59->81367453-3bf0-4298-8a83-8d5c3816df16: receive RaftClientReply:client-CB1B8AC74E59->81367453-3bf0-4298-8a83-8d5c3816df16@group-F6EC397515C5, cid=3589, SUCCESS, logIndex=4933, commits[81367453-3bf0-4298-8a83-8d5c3816df16:c4936]
2019-09-03 20:26:31,569 [grpc-default-executor-2] INFO  client.GrpcClientProtocolClient (GrpcClientProtocolClient.java:onNext(255)) - client-CB1B8AC74E59->81367453-3bf0-4298-8a83-8d5c3816df16: receive RaftClientReply:client-CB1B8AC74E59->81367453-3bf0-4298-8a83-8d5c3816df16@group-F6EC397515C5, cid=3590, SUCCESS, logIndex=4934, commits[81367453-3bf0-4298-8a83-8d5c3816df16:c4936]
2019-09-03 20:26:31,569 [grpc-default-executor-2] INFO  client.GrpcClientProtocolClient (GrpcClientProtocolClient.java:onNext(255)) - client-CB1B8AC74E59->81367453-3bf0-4298-8a83-8d5c3816df16: receive RaftClientReply:client-CB1B8AC74E59->81367453-3bf0-4298-8a83-8d5c3816df16@group-F6EC397515C5, cid=3591, SUCCESS, logIndex=4935, commits[81367453-3bf0-4298-8a83-8d5c3816df16:c4936]
2019-09-03 20:26:31,569 [grpc-default-executor-2] INFO  client.GrpcClientProtocolClient (GrpcClientProtocolClient.java:onNext(255)) - client-CB1B8AC74E59->81367453-3bf0-4298-8a83-8d5c3816df16: receive RaftClientReply:client-CB1B8AC74E59->81367453-3bf0-4298-8a83-8d5c3816df16@group-F6EC397515C5, cid=3592, SUCCESS, logIndex=4936, commits[81367453-3bf0-4298-8a83-8d5c3816df16:c4936]
2019-09-03 20:26:31,576 [SCMBlockDeletingService#1] DEBUG block.SCMBlockDeletingService (SCMBlockDeletingService.java:call(138)) - Running DeletedBlockTransactionScanner
2019-09-03 20:26:31,576 [SCMBlockDeletingService#1] DEBUG block.SCMBlockDeletingService (SCMBlockDeletingService.java:call(155)) - Scanned deleted blocks log and got 0 delTX to process.
2019-09-03 20:26:31,598 [grpc-default-executor-1] INFO  client.GrpcClientProtocolClient (GrpcClientProtocolClient.java:onNext(255)) - client-CB1B8AC74E59->81367453-3bf0-4298-8a83-8d5c3816df16: receive RaftClientReply:client-CB1B8AC74E59->81367453-3bf0-4298-8a83-8d5c3816df16@group-F6EC397515C5, cid=3593, SUCCESS, logIndex=4938, commits[81367453-3bf0-4298-8a83-8d5c3816df16:c4939]
2019-09-03 20:26:31,598 [grpc-default-executor-1] INFO  client.GrpcClientProtocolClient (GrpcClientProtocolClient.java:onNext(255)) - client-CB1B8AC74E59->81367453-3bf0-4298-8a83-8d5c3816df16: receive RaftClientReply:client-CB1B8AC74E59->81367453-3bf0-4298-8a83-8d5c3816df16@group-F6EC397515C5, cid=3594, SUCCESS, logIndex=4939, commits[81367453-3bf0-4298-8a83-8d5c3816df16:c4939]
2019-09-03 20:26:31,609 [grpc-default-executor-1] INFO  client.GrpcClientProtocolClient (GrpcClientProtocolClient.java:onNext(255)) - client-CB1B8AC74E59->81367453-3bf0-4298-8a83-8d5c3816df16: receive RaftClientReply:client-CB1B8AC74E59->81367453-3bf0-4298-8a83-8d5c3816df16@group-F6EC397515C5, cid=3595, SUCCESS, logIndex=4940, commits[81367453-3bf0-4298-8a83-8d5c3816df16:c4941]
2019-09-03 20:26:31,609 [grpc-default-executor-1] INFO  client.GrpcClientProtocolClient (GrpcClientProtocolClient.java:onNext(255)) - client-CB1B8AC74E59->81367453-3bf0-4298-8a83-8d5c3816df16: receive RaftClientReply:client-CB1B8AC74E59->81367453-3bf0-4298-8a83-8d5c3816df16@group-F6EC397515C5, cid=3596, SUCCESS, logIndex=4941, commits[81367453-3bf0-4298-8a83-8d5c3816df16:c4941]
2019-09-03 20:26:31,632 [grpc-default-executor-1] INFO  client.GrpcClientProtocolClient (GrpcClientProtocolClient.java:onNext(255)) - client-CB1B8AC74E59->81367453-3bf0-4298-8a83-8d5c3816df16: receive RaftClientReply:client-CB1B8AC74E59->81367453-3bf0-4298-8a83-8d5c3816df16@group-F6EC397515C5, cid=3597, SUCCESS, logIndex=4944, commits[81367453-3bf0-4298-8a83-8d5c3816df16:c4947]
2019-09-03 20:26:31,632 [grpc-default-executor-1] INFO  client.GrpcClientProtocolClient (GrpcClientProtocolClient.java:onNext(255)) - client-CB1B8AC74E59->81367453-3bf0-4298-8a83-8d5c3816df16: receive RaftClientReply:client-CB1B8AC74E59->81367453-3bf0-4298-8a83-8d5c3816df16@group-F6EC397515C5, cid=3598, SUCCESS, logIndex=4945, commits[81367453-3bf0-4298-8a83-8d5c3816df16:c4947]
2019-09-03 20:26:31,633 [grpc-default-executor-1] INFO  client.GrpcClientProtocolClient (GrpcClientProtocolClient.java:onNext(255)) - client-CB1B8AC74E59->81367453-3bf0-4298-8a83-8d5c3816df16: receive RaftClientReply:client-CB1B8AC74E59->81367453-3bf0-4298-8a83-8d5c3816df16@group-F6EC397515C5, cid=3599, SUCCESS, logIndex=4946, commits[81367453-3bf0-4298-8a83-8d5c3816df16:c4947]
2019-09-03 20:26:31,633 [grpc-default-executor-1] INFO  client.GrpcClientProtocolClient (GrpcClientProtocolClient.java:onNext(255)) - client-CB1B8AC74E59->81367453-3bf0-4298-8a83-8d5c3816df16: receive RaftClientReply:client-CB1B8AC74E59->81367453-3bf0-4298-8a83-8d5c3816df16@group-F6EC397515C5, cid=3600, SUCCESS, logIndex=4947, commits[81367453-3bf0-4298-8a83-8d5c3816df16:c4947]
2019-09-03 20:26:31,663 [grpc-default-executor-1] INFO  client.GrpcClientProtocolClient (GrpcClientProtocolClient.java:onNext(255)) - client-CB1B8AC74E59->81367453-3bf0-4298-8a83-8d5c3816df16: receive RaftClientReply:client-CB1B8AC74E59->81367453-3bf0-4298-8a83-8d5c3816df16@group-F6EC397515C5, cid=3601, SUCCESS, logIndex=4949, commits[81367453-3bf0-4298-8a83-8d5c3816df16:c4952]
2019-09-03 20:26:31,663 [grpc-default-executor-1] INFO  client.GrpcClientProtocolClient (GrpcClientProtocolClient.java:onNext(255)) - client-CB1B8AC74E59->81367453-3bf0-4298-8a83-8d5c3816df16: receive RaftClientReply:client-CB1B8AC74E59->81367453-3bf0-4298-8a83-8d5c3816df16@group-F6EC397515C5, cid=3602, SUCCESS, logIndex=4950, commits[81367453-3bf0-4298-8a83-8d5c3816df16:c4952]
2019-09-03 20:26:31,664 [grpc-default-executor-1] INFO  client.GrpcClientProtocolClient (GrpcClientProtocolClient.java:onNext(255)) - client-CB1B8AC74E59->81367453-3bf0-4298-8a83-8d5c3816df16: receive RaftClientReply:client-CB1B8AC74E59->81367453-3bf0-4298-8a83-8d5c3816df16@group-F6EC397515C5, cid=3603, SUCCESS, logIndex=4951, commits[81367453-3bf0-4298-8a83-8d5c3816df16:c4952]
2019-09-03 20:26:31,664 [grpc-default-executor-1] INFO  client.GrpcClientProtocolClient (GrpcClientProtocolClient.java:onNext(255)) - client-CB1B8AC74E59->81367453-3bf0-4298-8a83-8d5c3816df16: receive RaftClientReply:client-CB1B8AC74E59->81367453-3bf0-4298-8a83-8d5c3816df16@group-F6EC397515C5, cid=3604, SUCCESS, logIndex=4952, commits[81367453-3bf0-4298-8a83-8d5c3816df16:c4952]
2019-09-03 20:26:31,677 [SCMBlockDeletingService#1] DEBUG block.SCMBlockDeletingService (SCMBlockDeletingService.java:call(138)) - Running DeletedBlockTransactionScanner
2019-09-03 20:26:31,677 [SCMBlockDeletingService#1] DEBUG block.SCMBlockDeletingService (SCMBlockDeletingService.java:call(155)) - Scanned deleted blocks log and got 0 delTX to process.
2019-09-03 20:26:31,685 [grpc-default-executor-2] INFO  client.GrpcClientProtocolClient (GrpcClientProtocolClient.java:onNext(255)) - client-CB1B8AC74E59->81367453-3bf0-4298-8a83-8d5c3816df16: receive RaftClientReply:client-CB1B8AC74E59->81367453-3bf0-4298-8a83-8d5c3816df16@group-F6EC397515C5, cid=3605, SUCCESS, logIndex=4954, commits[81367453-3bf0-4298-8a83-8d5c3816df16:c4957]
2019-09-03 20:26:31,686 [grpc-default-executor-2] INFO  client.GrpcClientProtocolClient (GrpcClientProtocolClient.java:onNext(255)) - client-CB1B8AC74E59->81367453-3bf0-4298-8a83-8d5c3816df16: receive RaftClientReply:client-CB1B8AC74E59->81367453-3bf0-4298-8a83-8d5c3816df16@group-F6EC397515C5, cid=3606, SUCCESS, logIndex=4955, commits[81367453-3bf0-4298-8a83-8d5c3816df16:c4957]
2019-09-03 20:26:31,686 [grpc-default-executor-2] INFO  client.GrpcClientProtocolClient (GrpcClientProtocolClient.java:onNext(255)) - client-CB1B8AC74E59->81367453-3bf0-4298-8a83-8d5c3816df16: receive RaftClientReply:client-CB1B8AC74E59->81367453-3bf0-4298-8a83-8d5c3816df16@group-F6EC397515C5, cid=3607, SUCCESS, logIndex=4956, commits[81367453-3bf0-4298-8a83-8d5c3816df16:c4957]
2019-09-03 20:26:31,686 [grpc-default-executor-2] INFO  client.GrpcClientProtocolClient (GrpcClientProtocolClient.java:onNext(255)) - client-CB1B8AC74E59->81367453-3bf0-4298-8a83-8d5c3816df16: receive RaftClientReply:client-CB1B8AC74E59->81367453-3bf0-4298-8a83-8d5c3816df16@group-F6EC397515C5, cid=3608, SUCCESS, logIndex=4957, commits[81367453-3bf0-4298-8a83-8d5c3816df16:c4957]
2019-09-03 20:26:31,719 [grpc-default-executor-2] INFO  client.GrpcClientProtocolClient (GrpcClientProtocolClient.java:onNext(255)) - client-CB1B8AC74E59->81367453-3bf0-4298-8a83-8d5c3816df16: receive RaftClientReply:client-CB1B8AC74E59->81367453-3bf0-4298-8a83-8d5c3816df16@group-F6EC397515C5, cid=3609, SUCCESS, logIndex=4959, commits[81367453-3bf0-4298-8a83-8d5c3816df16:c4960]
2019-09-03 20:26:31,719 [grpc-default-executor-2] INFO  client.GrpcClientProtocolClient (GrpcClientProtocolClient.java:onNext(255)) - client-CB1B8AC74E59->81367453-3bf0-4298-8a83-8d5c3816df16: receive RaftClientReply:client-CB1B8AC74E59->81367453-3bf0-4298-8a83-8d5c3816df16@group-F6EC397515C5, cid=3610, SUCCESS, logIndex=4960, commits[81367453-3bf0-4298-8a83-8d5c3816df16:c4960]
2019-09-03 20:26:31,724 [grpc-default-executor-2] INFO  client.GrpcClientProtocolClient (GrpcClientProtocolClient.java:onNext(255)) - client-CB1B8AC74E59->81367453-3bf0-4298-8a83-8d5c3816df16: receive RaftClientReply:client-CB1B8AC74E59->81367453-3bf0-4298-8a83-8d5c3816df16@group-F6EC397515C5, cid=3611, SUCCESS, logIndex=4961, commits[81367453-3bf0-4298-8a83-8d5c3816df16:c4962]
2019-09-03 20:26:31,724 [grpc-default-executor-2] INFO  client.GrpcClientProtocolClient (GrpcClientProtocolClient.java:onNext(255)) - client-CB1B8AC74E59->81367453-3bf0-4298-8a83-8d5c3816df16: receive RaftClientReply:client-CB1B8AC74E59->81367453-3bf0-4298-8a83-8d5c3816df16@group-F6EC397515C5, cid=3612, SUCCESS, logIndex=4962, commits[81367453-3bf0-4298-8a83-8d5c3816df16:c4962]
2019-09-03 20:26:31,743 [grpc-default-executor-1] INFO  client.GrpcClientProtocolClient (GrpcClientProtocolClient.java:onNext(255)) - client-CB1B8AC74E59->81367453-3bf0-4298-8a83-8d5c3816df16: receive RaftClientReply:client-CB1B8AC74E59->81367453-3bf0-4298-8a83-8d5c3816df16@group-F6EC397515C5, cid=3613, SUCCESS, logIndex=4965, commits[81367453-3bf0-4298-8a83-8d5c3816df16:c4968]
2019-09-03 20:26:31,744 [grpc-default-executor-1] INFO  client.GrpcClientProtocolClient (GrpcClientProtocolClient.java:onNext(255)) - client-CB1B8AC74E59->81367453-3bf0-4298-8a83-8d5c3816df16: receive RaftClientReply:client-CB1B8AC74E59->81367453-3bf0-4298-8a83-8d5c3816df16@group-F6EC397515C5, cid=3614, SUCCESS, logIndex=4966, commits[81367453-3bf0-4298-8a83-8d5c3816df16:c4968]
2019-09-03 20:26:31,744 [grpc-default-executor-1] INFO  client.GrpcClientProtocolClient (GrpcClientProtocolClient.java:onNext(255)) - client-CB1B8AC74E59->81367453-3bf0-4298-8a83-8d5c3816df16: receive RaftClientReply:client-CB1B8AC74E59->81367453-3bf0-4298-8a83-8d5c3816df16@group-F6EC397515C5, cid=3615, SUCCESS, logIndex=4967, commits[81367453-3bf0-4298-8a83-8d5c3816df16:c4968]
2019-09-03 20:26:31,744 [grpc-default-executor-1] INFO  client.GrpcClientProtocolClient (GrpcClientProtocolClient.java:onNext(255)) - client-CB1B8AC74E59->81367453-3bf0-4298-8a83-8d5c3816df16: receive RaftClientReply:client-CB1B8AC74E59->81367453-3bf0-4298-8a83-8d5c3816df16@group-F6EC397515C5, cid=3616, SUCCESS, logIndex=4968, commits[81367453-3bf0-4298-8a83-8d5c3816df16:c4968]
2019-09-03 20:26:31,770 [grpc-default-executor-1] INFO  client.GrpcClientProtocolClient (GrpcClientProtocolClient.java:onNext(255)) - client-CB1B8AC74E59->81367453-3bf0-4298-8a83-8d5c3816df16: receive RaftClientReply:client-CB1B8AC74E59->81367453-3bf0-4298-8a83-8d5c3816df16@group-F6EC397515C5, cid=3617, SUCCESS, logIndex=4970, commits[81367453-3bf0-4298-8a83-8d5c3816df16:c4971]
2019-09-03 20:26:31,771 [grpc-default-executor-1] INFO  client.GrpcClientProtocolClient (GrpcClientProtocolClient.java:onNext(255)) - client-CB1B8AC74E59->81367453-3bf0-4298-8a83-8d5c3816df16: receive RaftClientReply:client-CB1B8AC74E59->81367453-3bf0-4298-8a83-8d5c3816df16@group-F6EC397515C5, cid=3618, SUCCESS, logIndex=4971, commits[81367453-3bf0-4298-8a83-8d5c3816df16:c4971]
2019-09-03 20:26:31,774 [grpc-default-executor-1] INFO  client.GrpcClientProtocolClient (GrpcClientProtocolClient.java:onNext(255)) - client-CB1B8AC74E59->81367453-3bf0-4298-8a83-8d5c3816df16: receive RaftClientReply:client-CB1B8AC74E59->81367453-3bf0-4298-8a83-8d5c3816df16@group-F6EC397515C5, cid=3619, SUCCESS, logIndex=4972, commits[81367453-3bf0-4298-8a83-8d5c3816df16:c4973]
2019-09-03 20:26:31,774 [grpc-default-executor-1] INFO  client.GrpcClientProtocolClient (GrpcClientProtocolClient.java:onNext(255)) - client-CB1B8AC74E59->81367453-3bf0-4298-8a83-8d5c3816df16: receive RaftClientReply:client-CB1B8AC74E59->81367453-3bf0-4298-8a83-8d5c3816df16@group-F6EC397515C5, cid=3620, SUCCESS, logIndex=4973, commits[81367453-3bf0-4298-8a83-8d5c3816df16:c4973]
2019-09-03 20:26:31,777 [SCMBlockDeletingService#1] DEBUG block.SCMBlockDeletingService (SCMBlockDeletingService.java:call(138)) - Running DeletedBlockTransactionScanner
2019-09-03 20:26:31,777 [SCMBlockDeletingService#1] DEBUG block.SCMBlockDeletingService (SCMBlockDeletingService.java:call(155)) - Scanned deleted blocks log and got 0 delTX to process.
2019-09-03 20:26:31,787 [grpc-default-executor-1] INFO  client.GrpcClientProtocolClient (GrpcClientProtocolClient.java:onNext(255)) - client-CB1B8AC74E59->81367453-3bf0-4298-8a83-8d5c3816df16: receive RaftClientReply:client-CB1B8AC74E59->81367453-3bf0-4298-8a83-8d5c3816df16@group-F6EC397515C5, cid=3621, SUCCESS, logIndex=4976, commits[81367453-3bf0-4298-8a83-8d5c3816df16:c4979]
2019-09-03 20:26:31,787 [grpc-default-executor-1] INFO  client.GrpcClientProtocolClient (GrpcClientProtocolClient.java:onNext(255)) - client-CB1B8AC74E59->81367453-3bf0-4298-8a83-8d5c3816df16: receive RaftClientReply:client-CB1B8AC74E59->81367453-3bf0-4298-8a83-8d5c3816df16@group-F6EC397515C5, cid=3622, SUCCESS, logIndex=4977, commits[81367453-3bf0-4298-8a83-8d5c3816df16:c4979]
2019-09-03 20:26:31,787 [grpc-default-executor-1] INFO  client.GrpcClientProtocolClient (GrpcClientProtocolClient.java:onNext(255)) - client-CB1B8AC74E59->81367453-3bf0-4298-8a83-8d5c3816df16: receive RaftClientReply:client-CB1B8AC74E59->81367453-3bf0-4298-8a83-8d5c3816df16@group-F6EC397515C5, cid=3623, SUCCESS, logIndex=4978, commits[81367453-3bf0-4298-8a83-8d5c3816df16:c4979]
2019-09-03 20:26:31,788 [grpc-default-executor-1] INFO  client.GrpcClientProtocolClient (GrpcClientProtocolClient.java:onNext(255)) - client-CB1B8AC74E59->81367453-3bf0-4298-8a83-8d5c3816df16: receive RaftClientReply:client-CB1B8AC74E59->81367453-3bf0-4298-8a83-8d5c3816df16@group-F6EC397515C5, cid=3624, SUCCESS, logIndex=4979, commits[81367453-3bf0-4298-8a83-8d5c3816df16:c4979]
2019-09-03 20:26:31,878 [SCMBlockDeletingService#1] DEBUG block.SCMBlockDeletingService (SCMBlockDeletingService.java:call(138)) - Running DeletedBlockTransactionScanner
2019-09-03 20:26:31,878 [SCMBlockDeletingService#1] DEBUG block.SCMBlockDeletingService (SCMBlockDeletingService.java:call(155)) - Scanned deleted blocks log and got 0 delTX to process.
2019-09-03 20:26:31,897 [grpc-default-executor-2] INFO  client.GrpcClientProtocolClient (GrpcClientProtocolClient.java:onNext(255)) - client-CB1B8AC74E59->81367453-3bf0-4298-8a83-8d5c3816df16: receive RaftClientReply:client-CB1B8AC74E59->81367453-3bf0-4298-8a83-8d5c3816df16@group-F6EC397515C5, cid=3625, SUCCESS, logIndex=4981, commits[81367453-3bf0-4298-8a83-8d5c3816df16:c4984]
2019-09-03 20:26:31,898 [grpc-default-executor-2] INFO  client.GrpcClientProtocolClient (GrpcClientProtocolClient.java:onNext(255)) - client-CB1B8AC74E59->81367453-3bf0-4298-8a83-8d5c3816df16: receive RaftClientReply:client-CB1B8AC74E59->81367453-3bf0-4298-8a83-8d5c3816df16@group-F6EC397515C5, cid=3626, SUCCESS, logIndex=4982, commits[81367453-3bf0-4298-8a83-8d5c3816df16:c4984]
2019-09-03 20:26:31,898 [grpc-default-executor-2] INFO  client.GrpcClientProtocolClient (GrpcClientProtocolClient.java:onNext(255)) - client-CB1B8AC74E59->81367453-3bf0-4298-8a83-8d5c3816df16: receive RaftClientReply:client-CB1B8AC74E59->81367453-3bf0-4298-8a83-8d5c3816df16@group-F6EC397515C5, cid=3627, SUCCESS, logIndex=4983, commits[81367453-3bf0-4298-8a83-8d5c3816df16:c4984]
2019-09-03 20:26:31,898 [grpc-default-executor-2] INFO  client.GrpcClientProtocolClient (GrpcClientProtocolClient.java:onNext(255)) - client-CB1B8AC74E59->81367453-3bf0-4298-8a83-8d5c3816df16: receive RaftClientReply:client-CB1B8AC74E59->81367453-3bf0-4298-8a83-8d5c3816df16@group-F6EC397515C5, cid=3628, SUCCESS, logIndex=4984, commits[81367453-3bf0-4298-8a83-8d5c3816df16:c4984]
2019-09-03 20:26:31,913 [grpc-default-executor-1] INFO  client.GrpcClientProtocolClient (GrpcClientProtocolClient.java:onNext(255)) - client-CB1B8AC74E59->81367453-3bf0-4298-8a83-8d5c3816df16: receive RaftClientReply:client-CB1B8AC74E59->81367453-3bf0-4298-8a83-8d5c3816df16@group-F6EC397515C5, cid=3629, SUCCESS, logIndex=4986, commits[81367453-3bf0-4298-8a83-8d5c3816df16:c4989]
2019-09-03 20:26:31,913 [grpc-default-executor-1] INFO  client.GrpcClientProtocolClient (GrpcClientProtocolClient.java:onNext(255)) - client-CB1B8AC74E59->81367453-3bf0-4298-8a83-8d5c3816df16: receive RaftClientReply:client-CB1B8AC74E59->81367453-3bf0-4298-8a83-8d5c3816df16@group-F6EC397515C5, cid=3630, SUCCESS, logIndex=4987, commits[81367453-3bf0-4298-8a83-8d5c3816df16:c4989]
2019-09-03 20:26:31,914 [grpc-default-executor-1] INFO  client.GrpcClientProtocolClient (GrpcClientProtocolClient.java:onNext(255)) - client-CB1B8AC74E59->81367453-3bf0-4298-8a83-8d5c3816df16: receive RaftClientReply:client-CB1B8AC74E59->81367453-3bf0-4298-8a83-8d5c3816df16@group-F6EC397515C5, cid=3631, SUCCESS, logIndex=4988, commits[81367453-3bf0-4298-8a83-8d5c3816df16:c4989]
2019-09-03 20:26:31,914 [grpc-default-executor-1] INFO  client.GrpcClientProtocolClient (GrpcClientProtocolClient.java:onNext(255)) - client-CB1B8AC74E59->81367453-3bf0-4298-8a83-8d5c3816df16: receive RaftClientReply:client-CB1B8AC74E59->81367453-3bf0-4298-8a83-8d5c3816df16@group-F6EC397515C5, cid=3632, SUCCESS, logIndex=4989, commits[81367453-3bf0-4298-8a83-8d5c3816df16:c4989]
2019-09-03 20:26:31,941 [grpc-default-executor-2] INFO  client.GrpcClientProtocolClient (GrpcClientProtocolClient.java:onNext(255)) - client-CB1B8AC74E59->81367453-3bf0-4298-8a83-8d5c3816df16: receive RaftClientReply:client-CB1B8AC74E59->81367453-3bf0-4298-8a83-8d5c3816df16@group-F6EC397515C5, cid=3633, SUCCESS, logIndex=4991, commits[81367453-3bf0-4298-8a83-8d5c3816df16:c4994]
2019-09-03 20:26:31,941 [grpc-default-executor-2] INFO  client.GrpcClientProtocolClient (GrpcClientProtocolClient.java:onNext(255)) - client-CB1B8AC74E59->81367453-3bf0-4298-8a83-8d5c3816df16: receive RaftClientReply:client-CB1B8AC74E59->81367453-3bf0-4298-8a83-8d5c3816df16@group-F6EC397515C5, cid=3634, SUCCESS, logIndex=4992, commits[81367453-3bf0-4298-8a83-8d5c3816df16:c4995]
2019-09-03 20:26:31,942 [grpc-default-executor-2] INFO  client.GrpcClientProtocolClient (GrpcClientProtocolClient.java:onNext(255)) - client-CB1B8AC74E59->81367453-3bf0-4298-8a83-8d5c3816df16: receive RaftClientReply:client-CB1B8AC74E59->81367453-3bf0-4298-8a83-8d5c3816df16@group-F6EC397515C5, cid=3635, SUCCESS, logIndex=4993, commits[81367453-3bf0-4298-8a83-8d5c3816df16:c4995]
2019-09-03 20:26:31,942 [grpc-default-executor-2] INFO  client.GrpcClientProtocolClient (GrpcClientProtocolClient.java:onNext(255)) - client-CB1B8AC74E59->81367453-3bf0-4298-8a83-8d5c3816df16: receive RaftClientReply:client-CB1B8AC74E59->81367453-3bf0-4298-8a83-8d5c3816df16@group-F6EC397515C5, cid=3636, SUCCESS, logIndex=4994, commits[81367453-3bf0-4298-8a83-8d5c3816df16:c4995]
2019-09-03 20:26:31,957 [grpc-default-executor-2] INFO  client.GrpcClientProtocolClient (GrpcClientProtocolClient.java:onNext(255)) - client-CB1B8AC74E59->81367453-3bf0-4298-8a83-8d5c3816df16: receive RaftClientReply:client-CB1B8AC74E59->81367453-3bf0-4298-8a83-8d5c3816df16@group-F6EC397515C5, cid=3637, SUCCESS, logIndex=4996, commits[81367453-3bf0-4298-8a83-8d5c3816df16:c4999]
2019-09-03 20:26:31,957 [grpc-default-executor-2] INFO  client.GrpcClientProtocolClient (GrpcClientProtocolClient.java:onNext(255)) - client-CB1B8AC74E59->81367453-3bf0-4298-8a83-8d5c3816df16: receive RaftClientReply:client-CB1B8AC74E59->81367453-3bf0-4298-8a83-8d5c3816df16@group-F6EC397515C5, cid=3638, SUCCESS, logIndex=4997, commits[81367453-3bf0-4298-8a83-8d5c3816df16:c4999]
2019-09-03 20:26:31,958 [grpc-default-executor-2] INFO  client.GrpcClientProtocolClient (GrpcClientProtocolClient.java:onNext(255)) - client-CB1B8AC74E59->81367453-3bf0-4298-8a83-8d5c3816df16: receive RaftClientReply:client-CB1B8AC74E59->81367453-3bf0-4298-8a83-8d5c3816df16@group-F6EC397515C5, cid=3639, SUCCESS, logIndex=4998, commits[81367453-3bf0-4298-8a83-8d5c3816df16:c4999]
2019-09-03 20:26:31,958 [grpc-default-executor-2] INFO  client.GrpcClientProtocolClient (GrpcClientProtocolClient.java:onNext(255)) - client-CB1B8AC74E59->81367453-3bf0-4298-8a83-8d5c3816df16: receive RaftClientReply:client-CB1B8AC74E59->81367453-3bf0-4298-8a83-8d5c3816df16@group-F6EC397515C5, cid=3640, SUCCESS, logIndex=4999, commits[81367453-3bf0-4298-8a83-8d5c3816df16:c4999]
2019-09-03 20:26:31,978 [SCMBlockDeletingService#1] DEBUG block.SCMBlockDeletingService (SCMBlockDeletingService.java:call(138)) - Running DeletedBlockTransactionScanner
2019-09-03 20:26:31,979 [SCMBlockDeletingService#1] DEBUG block.SCMBlockDeletingService (SCMBlockDeletingService.java:call(155)) - Scanned deleted blocks log and got 0 delTX to process.
2019-09-03 20:26:31,987 [grpc-default-executor-1] INFO  client.GrpcClientProtocolClient (GrpcClientProtocolClient.java:onNext(255)) - client-CB1B8AC74E59->81367453-3bf0-4298-8a83-8d5c3816df16: receive RaftClientReply:client-CB1B8AC74E59->81367453-3bf0-4298-8a83-8d5c3816df16@group-F6EC397515C5, cid=3641, SUCCESS, logIndex=5001, commits[81367453-3bf0-4298-8a83-8d5c3816df16:c5002]
2019-09-03 20:26:31,987 [grpc-default-executor-1] INFO  client.GrpcClientProtocolClient (GrpcClientProtocolClient.java:onNext(255)) - client-CB1B8AC74E59->81367453-3bf0-4298-8a83-8d5c3816df16: receive RaftClientReply:client-CB1B8AC74E59->81367453-3bf0-4298-8a83-8d5c3816df16@group-F6EC397515C5, cid=3642, SUCCESS, logIndex=5002, commits[81367453-3bf0-4298-8a83-8d5c3816df16:c5002]
2019-09-03 20:26:31,991 [grpc-default-executor-1] INFO  client.GrpcClientProtocolClient (GrpcClientProtocolClient.java:onNext(255)) - client-CB1B8AC74E59->81367453-3bf0-4298-8a83-8d5c3816df16: receive RaftClientReply:client-CB1B8AC74E59->81367453-3bf0-4298-8a83-8d5c3816df16@group-F6EC397515C5, cid=3643, SUCCESS, logIndex=5003, commits[81367453-3bf0-4298-8a83-8d5c3816df16:c5004]
2019-09-03 20:26:31,991 [grpc-default-executor-1] INFO  client.GrpcClientProtocolClient (GrpcClientProtocolClient.java:onNext(255)) - client-CB1B8AC74E59->81367453-3bf0-4298-8a83-8d5c3816df16: receive RaftClientReply:client-CB1B8AC74E59->81367453-3bf0-4298-8a83-8d5c3816df16@group-F6EC397515C5, cid=3644, SUCCESS, logIndex=5004, commits[81367453-3bf0-4298-8a83-8d5c3816df16:c5004]
2019-09-03 20:26:32,009 [grpc-default-executor-1] INFO  client.GrpcClientProtocolClient (GrpcClientProtocolClient.java:onNext(255)) - client-CB1B8AC74E59->81367453-3bf0-4298-8a83-8d5c3816df16: receive RaftClientReply:client-CB1B8AC74E59->81367453-3bf0-4298-8a83-8d5c3816df16@group-F6EC397515C5, cid=3645, SUCCESS, logIndex=5007, commits[81367453-3bf0-4298-8a83-8d5c3816df16:c5010]
2019-09-03 20:26:32,010 [grpc-default-executor-1] INFO  client.GrpcClientProtocolClient (GrpcClientProtocolClient.java:onNext(255)) - client-CB1B8AC74E59->81367453-3bf0-4298-8a83-8d5c3816df16: receive RaftClientReply:client-CB1B8AC74E59->81367453-3bf0-4298-8a83-8d5c3816df16@group-F6EC397515C5, cid=3646, SUCCESS, logIndex=5008, commits[81367453-3bf0-4298-8a83-8d5c3816df16:c5010]
2019-09-03 20:26:32,010 [grpc-default-executor-1] INFO  client.GrpcClientProtocolClient (GrpcClientProtocolClient.java:onNext(255)) - client-CB1B8AC74E59->81367453-3bf0-4298-8a83-8d5c3816df16: receive RaftClientReply:client-CB1B8AC74E59->81367453-3bf0-4298-8a83-8d5c3816df16@group-F6EC397515C5, cid=3647, SUCCESS, logIndex=5009, commits[81367453-3bf0-4298-8a83-8d5c3816df16:c5010]
2019-09-03 20:26:32,011 [grpc-default-executor-1] INFO  client.GrpcClientProtocolClient (GrpcClientProtocolClient.java:onNext(255)) - client-CB1B8AC74E59->81367453-3bf0-4298-8a83-8d5c3816df16: receive RaftClientReply:client-CB1B8AC74E59->81367453-3bf0-4298-8a83-8d5c3816df16@group-F6EC397515C5, cid=3648, SUCCESS, logIndex=5010, commits[81367453-3bf0-4298-8a83-8d5c3816df16:c5010]
2019-09-03 20:26:32,050 [grpc-default-executor-1] INFO  client.GrpcClientProtocolClient (GrpcClientProtocolClient.java:onNext(255)) - client-CB1B8AC74E59->81367453-3bf0-4298-8a83-8d5c3816df16: receive RaftClientReply:client-CB1B8AC74E59->81367453-3bf0-4298-8a83-8d5c3816df16@group-F6EC397515C5, cid=3649, SUCCESS, logIndex=5012, commits[81367453-3bf0-4298-8a83-8d5c3816df16:c5015]
2019-09-03 20:26:32,050 [grpc-default-executor-1] INFO  client.GrpcClientProtocolClient (GrpcClientProtocolClient.java:onNext(255)) - client-CB1B8AC74E59->81367453-3bf0-4298-8a83-8d5c3816df16: receive RaftClientReply:client-CB1B8AC74E59->81367453-3bf0-4298-8a83-8d5c3816df16@group-F6EC397515C5, cid=3650, SUCCESS, logIndex=5013, commits[81367453-3bf0-4298-8a83-8d5c3816df16:c5015]
2019-09-03 20:26:32,051 [grpc-default-executor-1] INFO  client.GrpcClientProtocolClient (GrpcClientProtocolClient.java:onNext(255)) - client-CB1B8AC74E59->81367453-3bf0-4298-8a83-8d5c3816df16: receive RaftClientReply:client-CB1B8AC74E59->81367453-3bf0-4298-8a83-8d5c3816df16@group-F6EC397515C5, cid=3651, SUCCESS, logIndex=5014, commits[81367453-3bf0-4298-8a83-8d5c3816df16:c5015]
2019-09-03 20:26:32,051 [grpc-default-executor-1] INFO  client.GrpcClientProtocolClient (GrpcClientProtocolClient.java:onNext(255)) - client-CB1B8AC74E59->81367453-3bf0-4298-8a83-8d5c3816df16: receive RaftClientReply:client-CB1B8AC74E59->81367453-3bf0-4298-8a83-8d5c3816df16@group-F6EC397515C5, cid=3652, SUCCESS, logIndex=5015, commits[81367453-3bf0-4298-8a83-8d5c3816df16:c5015]
2019-09-03 20:26:32,064 [grpc-default-executor-2] INFO  client.GrpcClientProtocolClient (GrpcClientProtocolClient.java:onNext(255)) - client-CB1B8AC74E59->81367453-3bf0-4298-8a83-8d5c3816df16: receive RaftClientReply:client-CB1B8AC74E59->81367453-3bf0-4298-8a83-8d5c3816df16@group-F6EC397515C5, cid=3653, SUCCESS, logIndex=5017, commits[81367453-3bf0-4298-8a83-8d5c3816df16:c5020]
2019-09-03 20:26:32,064 [grpc-default-executor-2] INFO  client.GrpcClientProtocolClient (GrpcClientProtocolClient.java:onNext(255)) - client-CB1B8AC74E59->81367453-3bf0-4298-8a83-8d5c3816df16: receive RaftClientReply:client-CB1B8AC74E59->81367453-3bf0-4298-8a83-8d5c3816df16@group-F6EC397515C5, cid=3654, SUCCESS, logIndex=5018, commits[81367453-3bf0-4298-8a83-8d5c3816df16:c5020]
2019-09-03 20:26:32,065 [grpc-default-executor-2] INFO  client.GrpcClientProtocolClient (GrpcClientProtocolClient.java:onNext(255)) - client-CB1B8AC74E59->81367453-3bf0-4298-8a83-8d5c3816df16: receive RaftClientReply:client-CB1B8AC74E59->81367453-3bf0-4298-8a83-8d5c3816df16@group-F6EC397515C5, cid=3655, SUCCESS, logIndex=5019, commits[81367453-3bf0-4298-8a83-8d5c3816df16:c5020]
2019-09-03 20:26:32,065 [grpc-default-executor-2] INFO  client.GrpcClientProtocolClient (GrpcClientProtocolClient.java:onNext(255)) - client-CB1B8AC74E59->81367453-3bf0-4298-8a83-8d5c3816df16: receive RaftClientReply:client-CB1B8AC74E59->81367453-3bf0-4298-8a83-8d5c3816df16@group-F6EC397515C5, cid=3656, SUCCESS, logIndex=5020, commits[81367453-3bf0-4298-8a83-8d5c3816df16:c5020]
2019-09-03 20:26:32,079 [SCMBlockDeletingService#1] DEBUG block.SCMBlockDeletingService (SCMBlockDeletingService.java:call(138)) - Running DeletedBlockTransactionScanner
2019-09-03 20:26:32,079 [SCMBlockDeletingService#1] DEBUG block.SCMBlockDeletingService (SCMBlockDeletingService.java:call(155)) - Scanned deleted blocks log and got 0 delTX to process.
2019-09-03 20:26:32,085 [grpc-default-executor-1] INFO  client.GrpcClientProtocolClient (GrpcClientProtocolClient.java:onNext(255)) - client-CB1B8AC74E59->81367453-3bf0-4298-8a83-8d5c3816df16: receive RaftClientReply:client-CB1B8AC74E59->81367453-3bf0-4298-8a83-8d5c3816df16@group-F6EC397515C5, cid=3657, SUCCESS, logIndex=5022, commits[81367453-3bf0-4298-8a83-8d5c3816df16:c5023]
2019-09-03 20:26:32,086 [grpc-default-executor-1] INFO  client.GrpcClientProtocolClient (GrpcClientProtocolClient.java:onNext(255)) - client-CB1B8AC74E59->81367453-3bf0-4298-8a83-8d5c3816df16: receive RaftClientReply:client-CB1B8AC74E59->81367453-3bf0-4298-8a83-8d5c3816df16@group-F6EC397515C5, cid=3658, SUCCESS, logIndex=5023, commits[81367453-3bf0-4298-8a83-8d5c3816df16:c5023]
2019-09-03 20:26:32,088 [grpc-default-executor-1] INFO  client.GrpcClientProtocolClient (GrpcClientProtocolClient.java:onNext(255)) - client-CB1B8AC74E59->81367453-3bf0-4298-8a83-8d5c3816df16: receive RaftClientReply:client-CB1B8AC74E59->81367453-3bf0-4298-8a83-8d5c3816df16@group-F6EC397515C5, cid=3659, SUCCESS, logIndex=5024, commits[81367453-3bf0-4298-8a83-8d5c3816df16:c5025]
2019-09-03 20:26:32,089 [grpc-default-executor-1] INFO  client.GrpcClientProtocolClient (GrpcClientProtocolClient.java:onNext(255)) - client-CB1B8AC74E59->81367453-3bf0-4298-8a83-8d5c3816df16: receive RaftClientReply:client-CB1B8AC74E59->81367453-3bf0-4298-8a83-8d5c3816df16@group-F6EC397515C5, cid=3660, SUCCESS, logIndex=5025, commits[81367453-3bf0-4298-8a83-8d5c3816df16:c5025]
2019-09-03 20:26:32,108 [grpc-default-executor-2] INFO  client.GrpcClientProtocolClient (GrpcClientProtocolClient.java:onNext(255)) - client-CB1B8AC74E59->81367453-3bf0-4298-8a83-8d5c3816df16: receive RaftClientReply:client-CB1B8AC74E59->81367453-3bf0-4298-8a83-8d5c3816df16@group-F6EC397515C5, cid=3661, SUCCESS, logIndex=5028, commits[81367453-3bf0-4298-8a83-8d5c3816df16:c5029]
2019-09-03 20:26:32,109 [grpc-default-executor-2] INFO  client.GrpcClientProtocolClient (GrpcClientProtocolClient.java:onNext(255)) - client-CB1B8AC74E59->81367453-3bf0-4298-8a83-8d5c3816df16: receive RaftClientReply:client-CB1B8AC74E59->81367453-3bf0-4298-8a83-8d5c3816df16@group-F6EC397515C5, cid=3662, SUCCESS, logIndex=5029, commits[81367453-3bf0-4298-8a83-8d5c3816df16:c5029]
2019-09-03 20:26:32,119 [grpc-default-executor-2] INFO  client.GrpcClientProtocolClient (GrpcClientProtocolClient.java:onNext(255)) - client-CB1B8AC74E59->81367453-3bf0-4298-8a83-8d5c3816df16: receive RaftClientReply:client-CB1B8AC74E59->81367453-3bf0-4298-8a83-8d5c3816df16@group-F6EC397515C5, cid=3663, SUCCESS, logIndex=5030, commits[81367453-3bf0-4298-8a83-8d5c3816df16:c5031]
2019-09-03 20:26:32,119 [grpc-default-executor-2] INFO  client.GrpcClientProtocolClient (GrpcClientProtocolClient.java:onNext(255)) - client-CB1B8AC74E59->81367453-3bf0-4298-8a83-8d5c3816df16: receive RaftClientReply:client-CB1B8AC74E59->81367453-3bf0-4298-8a83-8d5c3816df16@group-F6EC397515C5, cid=3664, SUCCESS, logIndex=5031, commits[81367453-3bf0-4298-8a83-8d5c3816df16:c5031]
2019-09-03 20:26:32,161 [grpc-default-executor-1] INFO  client.GrpcClientProtocolClient (GrpcClientProtocolClient.java:onNext(255)) - client-CB1B8AC74E59->81367453-3bf0-4298-8a83-8d5c3816df16: receive RaftClientReply:client-CB1B8AC74E59->81367453-3bf0-4298-8a83-8d5c3816df16@group-F6EC397515C5, cid=3665, SUCCESS, logIndex=5034, commits[81367453-3bf0-4298-8a83-8d5c3816df16:c5035]
2019-09-03 20:26:32,162 [grpc-default-executor-1] INFO  client.GrpcClientProtocolClient (GrpcClientProtocolClient.java:onNext(255)) - client-CB1B8AC74E59->81367453-3bf0-4298-8a83-8d5c3816df16: receive RaftClientReply:client-CB1B8AC74E59->81367453-3bf0-4298-8a83-8d5c3816df16@group-F6EC397515C5, cid=3666, SUCCESS, logIndex=5035, commits[81367453-3bf0-4298-8a83-8d5c3816df16:c5035]
2019-09-03 20:26:32,172 [grpc-default-executor-1] INFO  client.GrpcClientProtocolClient (GrpcClientProtocolClient.java:onNext(255)) - client-CB1B8AC74E59->81367453-3bf0-4298-8a83-8d5c3816df16: receive RaftClientReply:client-CB1B8AC74E59->81367453-3bf0-4298-8a83-8d5c3816df16@group-F6EC397515C5, cid=3667, SUCCESS, logIndex=5036, commits[81367453-3bf0-4298-8a83-8d5c3816df16:c5037]
2019-09-03 20:26:32,173 [grpc-default-executor-1] INFO  client.GrpcClientProtocolClient (GrpcClientProtocolClient.java:onNext(255)) - client-CB1B8AC74E59->81367453-3bf0-4298-8a83-8d5c3816df16: receive RaftClientReply:client-CB1B8AC74E59->81367453-3bf0-4298-8a83-8d5c3816df16@group-F6EC397515C5, cid=3668, SUCCESS, logIndex=5037, commits[81367453-3bf0-4298-8a83-8d5c3816df16:c5037]
2019-09-03 20:26:32,179 [SCMBlockDeletingService#1] DEBUG block.SCMBlockDeletingService (SCMBlockDeletingService.java:call(138)) - Running DeletedBlockTransactionScanner
2019-09-03 20:26:32,180 [SCMBlockDeletingService#1] DEBUG block.SCMBlockDeletingService (SCMBlockDeletingService.java:call(155)) - Scanned deleted blocks log and got 0 delTX to process.
2019-09-03 20:26:32,280 [SCMBlockDeletingService#1] DEBUG block.SCMBlockDeletingService (SCMBlockDeletingService.java:call(138)) - Running DeletedBlockTransactionScanner
2019-09-03 20:26:32,280 [SCMBlockDeletingService#1] DEBUG block.SCMBlockDeletingService (SCMBlockDeletingService.java:call(155)) - Scanned deleted blocks log and got 0 delTX to process.
2019-09-03 20:26:32,388 [SCMBlockDeletingService#1] DEBUG block.SCMBlockDeletingService (SCMBlockDeletingService.java:call(138)) - Running DeletedBlockTransactionScanner
2019-09-03 20:26:32,388 [SCMBlockDeletingService#1] DEBUG block.SCMBlockDeletingService (SCMBlockDeletingService.java:call(155)) - Scanned deleted blocks log and got 0 delTX to process.
2019-09-03 20:26:32,411 [grpc-default-executor-1] INFO  client.GrpcClientProtocolClient (GrpcClientProtocolClient.java:onNext(255)) - client-CB1B8AC74E59->81367453-3bf0-4298-8a83-8d5c3816df16: receive RaftClientReply:client-CB1B8AC74E59->81367453-3bf0-4298-8a83-8d5c3816df16@group-F6EC397515C5, cid=3669, SUCCESS, logIndex=5040, commits[81367453-3bf0-4298-8a83-8d5c3816df16:c5041]
2019-09-03 20:26:32,411 [grpc-default-executor-1] INFO  client.GrpcClientProtocolClient (GrpcClientProtocolClient.java:onNext(255)) - client-CB1B8AC74E59->81367453-3bf0-4298-8a83-8d5c3816df16: receive RaftClientReply:client-CB1B8AC74E59->81367453-3bf0-4298-8a83-8d5c3816df16@group-F6EC397515C5, cid=3670, SUCCESS, logIndex=5041, commits[81367453-3bf0-4298-8a83-8d5c3816df16:c5041]
2019-09-03 20:26:32,422 [grpc-default-executor-1] INFO  client.GrpcClientProtocolClient (GrpcClientProtocolClient.java:onNext(255)) - client-CB1B8AC74E59->81367453-3bf0-4298-8a83-8d5c3816df16: receive RaftClientReply:client-CB1B8AC74E59->81367453-3bf0-4298-8a83-8d5c3816df16@group-F6EC397515C5, cid=3671, SUCCESS, logIndex=5042, commits[81367453-3bf0-4298-8a83-8d5c3816df16:c5043]
2019-09-03 20:26:32,422 [grpc-default-executor-1] INFO  client.GrpcClientProtocolClient (GrpcClientProtocolClient.java:onNext(255)) - client-CB1B8AC74E59->81367453-3bf0-4298-8a83-8d5c3816df16: receive RaftClientReply:client-CB1B8AC74E59->81367453-3bf0-4298-8a83-8d5c3816df16@group-F6EC397515C5, cid=3672, SUCCESS, logIndex=5043, commits[81367453-3bf0-4298-8a83-8d5c3816df16:c5043]
2019-09-03 20:26:32,449 [grpc-default-executor-1] INFO  client.GrpcClientProtocolClient (GrpcClientProtocolClient.java:onNext(255)) - client-CB1B8AC74E59->81367453-3bf0-4298-8a83-8d5c3816df16: receive RaftClientReply:client-CB1B8AC74E59->81367453-3bf0-4298-8a83-8d5c3816df16@group-F6EC397515C5, cid=3673, SUCCESS, logIndex=5046, commits[81367453-3bf0-4298-8a83-8d5c3816df16:c5047]
2019-09-03 20:26:32,449 [grpc-default-executor-1] INFO  client.GrpcClientProtocolClient (GrpcClientProtocolClient.java:onNext(255)) - client-CB1B8AC74E59->81367453-3bf0-4298-8a83-8d5c3816df16: receive RaftClientReply:client-CB1B8AC74E59->81367453-3bf0-4298-8a83-8d5c3816df16@group-F6EC397515C5, cid=3674, SUCCESS, logIndex=5047, commits[81367453-3bf0-4298-8a83-8d5c3816df16:c5047]
2019-09-03 20:26:32,457 [grpc-default-executor-1] INFO  client.GrpcClientProtocolClient (GrpcClientProtocolClient.java:onNext(255)) - client-CB1B8AC74E59->81367453-3bf0-4298-8a83-8d5c3816df16: receive RaftClientReply:client-CB1B8AC74E59->81367453-3bf0-4298-8a83-8d5c3816df16@group-F6EC397515C5, cid=3675, SUCCESS, logIndex=5048, commits[81367453-3bf0-4298-8a83-8d5c3816df16:c5049]
2019-09-03 20:26:32,457 [grpc-default-executor-1] INFO  client.GrpcClientProtocolClient (GrpcClientProtocolClient.java:onNext(255)) - client-CB1B8AC74E59->81367453-3bf0-4298-8a83-8d5c3816df16: receive RaftClientReply:client-CB1B8AC74E59->81367453-3bf0-4298-8a83-8d5c3816df16@group-F6EC397515C5, cid=3676, SUCCESS, logIndex=5049, commits[81367453-3bf0-4298-8a83-8d5c3816df16:c5049]
2019-09-03 20:26:32,486 [grpc-default-executor-2] INFO  client.GrpcClientProtocolClient (GrpcClientProtocolClient.java:onNext(255)) - client-CB1B8AC74E59->81367453-3bf0-4298-8a83-8d5c3816df16: receive RaftClientReply:client-CB1B8AC74E59->81367453-3bf0-4298-8a83-8d5c3816df16@group-F6EC397515C5, cid=3677, SUCCESS, logIndex=5052, commits[81367453-3bf0-4298-8a83-8d5c3816df16:c5055]
2019-09-03 20:26:32,486 [grpc-default-executor-2] INFO  client.GrpcClientProtocolClient (GrpcClientProtocolClient.java:onNext(255)) - client-CB1B8AC74E59->81367453-3bf0-4298-8a83-8d5c3816df16: receive RaftClientReply:client-CB1B8AC74E59->81367453-3bf0-4298-8a83-8d5c3816df16@group-F6EC397515C5, cid=3678, SUCCESS, logIndex=5053, commits[81367453-3bf0-4298-8a83-8d5c3816df16:c5055]
2019-09-03 20:26:32,487 [grpc-default-executor-2] INFO  client.GrpcClientProtocolClient (GrpcClientProtocolClient.java:onNext(255)) - client-CB1B8AC74E59->81367453-3bf0-4298-8a83-8d5c3816df16: receive RaftClientReply:client-CB1B8AC74E59->81367453-3bf0-4298-8a83-8d5c3816df16@group-F6EC397515C5, cid=3679, SUCCESS, logIndex=5054, commits[81367453-3bf0-4298-8a83-8d5c3816df16:c5055]
2019-09-03 20:26:32,487 [grpc-default-executor-2] INFO  client.GrpcClientProtocolClient (GrpcClientProtocolClient.java:onNext(255)) - client-CB1B8AC74E59->81367453-3bf0-4298-8a83-8d5c3816df16: receive RaftClientReply:client-CB1B8AC74E59->81367453-3bf0-4298-8a83-8d5c3816df16@group-F6EC397515C5, cid=3680, SUCCESS, logIndex=5055, commits[81367453-3bf0-4298-8a83-8d5c3816df16:c5055]
2019-09-03 20:26:32,488 [SCMBlockDeletingService#1] DEBUG block.SCMBlockDeletingService (SCMBlockDeletingService.java:call(138)) - Running DeletedBlockTransactionScanner
2019-09-03 20:26:32,489 [SCMBlockDeletingService#1] DEBUG block.SCMBlockDeletingService (SCMBlockDeletingService.java:call(155)) - Scanned deleted blocks log and got 0 delTX to process.
2019-09-03 20:26:32,515 [grpc-default-executor-2] INFO  client.GrpcClientProtocolClient (GrpcClientProtocolClient.java:onNext(255)) - client-CB1B8AC74E59->81367453-3bf0-4298-8a83-8d5c3816df16: receive RaftClientReply:client-CB1B8AC74E59->81367453-3bf0-4298-8a83-8d5c3816df16@group-F6EC397515C5, cid=3681, SUCCESS, logIndex=5057, commits[81367453-3bf0-4298-8a83-8d5c3816df16:c5058]
2019-09-03 20:26:32,516 [grpc-default-executor-2] INFO  client.GrpcClientProtocolClient (GrpcClientProtocolClient.java:onNext(255)) - client-CB1B8AC74E59->81367453-3bf0-4298-8a83-8d5c3816df16: receive RaftClientReply:client-CB1B8AC74E59->81367453-3bf0-4298-8a83-8d5c3816df16@group-F6EC397515C5, cid=3682, SUCCESS, logIndex=5058, commits[81367453-3bf0-4298-8a83-8d5c3816df16:c5058]
2019-09-03 20:26:32,518 [grpc-default-executor-2] INFO  client.GrpcClientProtocolClient (GrpcClientProtocolClient.java:onNext(255)) - client-CB1B8AC74E59->81367453-3bf0-4298-8a83-8d5c3816df16: receive RaftClientReply:client-CB1B8AC74E59->81367453-3bf0-4298-8a83-8d5c3816df16@group-F6EC397515C5, cid=3683, SUCCESS, logIndex=5059, commits[81367453-3bf0-4298-8a83-8d5c3816df16:c5060]
2019-09-03 20:26:32,519 [grpc-default-executor-2] INFO  client.GrpcClientProtocolClient (GrpcClientProtocolClient.java:onNext(255)) - client-CB1B8AC74E59->81367453-3bf0-4298-8a83-8d5c3816df16: receive RaftClientReply:client-CB1B8AC74E59->81367453-3bf0-4298-8a83-8d5c3816df16@group-F6EC397515C5, cid=3684, SUCCESS, logIndex=5060, commits[81367453-3bf0-4298-8a83-8d5c3816df16:c5060]
2019-09-03 20:26:32,532 [grpc-default-executor-1] INFO  client.GrpcClientProtocolClient (GrpcClientProtocolClient.java:onNext(255)) - client-CB1B8AC74E59->81367453-3bf0-4298-8a83-8d5c3816df16: receive RaftClientReply:client-CB1B8AC74E59->81367453-3bf0-4298-8a83-8d5c3816df16@group-F6EC397515C5, cid=3685, SUCCESS, logIndex=5063, commits[81367453-3bf0-4298-8a83-8d5c3816df16:c5066]
2019-09-03 20:26:32,532 [grpc-default-executor-1] INFO  client.GrpcClientProtocolClient (GrpcClientProtocolClient.java:onNext(255)) - client-CB1B8AC74E59->81367453-3bf0-4298-8a83-8d5c3816df16: receive RaftClientReply:client-CB1B8AC74E59->81367453-3bf0-4298-8a83-8d5c3816df16@group-F6EC397515C5, cid=3686, SUCCESS, logIndex=5064, commits[81367453-3bf0-4298-8a83-8d5c3816df16:c5066]
2019-09-03 20:26:32,533 [grpc-default-executor-1] INFO  client.GrpcClientProtocolClient (GrpcClientProtocolClient.java:onNext(255)) - client-CB1B8AC74E59->81367453-3bf0-4298-8a83-8d5c3816df16: receive RaftClientReply:client-CB1B8AC74E59->81367453-3bf0-4298-8a83-8d5c3816df16@group-F6EC397515C5, cid=3687, SUCCESS, logIndex=5065, commits[81367453-3bf0-4298-8a83-8d5c3816df16:c5066]
2019-09-03 20:26:32,533 [grpc-default-executor-1] INFO  client.GrpcClientProtocolClient (GrpcClientProtocolClient.java:onNext(255)) - client-CB1B8AC74E59->81367453-3bf0-4298-8a83-8d5c3816df16: receive RaftClientReply:client-CB1B8AC74E59->81367453-3bf0-4298-8a83-8d5c3816df16@group-F6EC397515C5, cid=3688, SUCCESS, logIndex=5066, commits[81367453-3bf0-4298-8a83-8d5c3816df16:c5066]
2019-09-03 20:26:32,556 [grpc-default-executor-2] INFO  client.GrpcClientProtocolClient (GrpcClientProtocolClient.java:onNext(255)) - client-CB1B8AC74E59->81367453-3bf0-4298-8a83-8d5c3816df16: receive RaftClientReply:client-CB1B8AC74E59->81367453-3bf0-4298-8a83-8d5c3816df16@group-F6EC397515C5, cid=3689, SUCCESS, logIndex=5068, commits[81367453-3bf0-4298-8a83-8d5c3816df16:c5071]
2019-09-03 20:26:32,557 [grpc-default-executor-2] INFO  client.GrpcClientProtocolClient (GrpcClientProtocolClient.java:onNext(255)) - client-CB1B8AC74E59->81367453-3bf0-4298-8a83-8d5c3816df16: receive RaftClientReply:client-CB1B8AC74E59->81367453-3bf0-4298-8a83-8d5c3816df16@group-F6EC397515C5, cid=3690, SUCCESS, logIndex=5069, commits[81367453-3bf0-4298-8a83-8d5c3816df16:c5071]
2019-09-03 20:26:32,557 [grpc-default-executor-2] INFO  client.GrpcClientProtocolClient (GrpcClientProtocolClient.java:onNext(255)) - client-CB1B8AC74E59->81367453-3bf0-4298-8a83-8d5c3816df16: receive RaftClientReply:client-CB1B8AC74E59->81367453-3bf0-4298-8a83-8d5c3816df16@group-F6EC397515C5, cid=3691, SUCCESS, logIndex=5070, commits[81367453-3bf0-4298-8a83-8d5c3816df16:c5071]
2019-09-03 20:26:32,557 [grpc-default-executor-2] INFO  client.GrpcClientProtocolClient (GrpcClientProtocolClient.java:onNext(255)) - client-CB1B8AC74E59->81367453-3bf0-4298-8a83-8d5c3816df16: receive RaftClientReply:client-CB1B8AC74E59->81367453-3bf0-4298-8a83-8d5c3816df16@group-F6EC397515C5, cid=3692, SUCCESS, logIndex=5071, commits[81367453-3bf0-4298-8a83-8d5c3816df16:c5071]
2019-09-03 20:26:32,574 [grpc-default-executor-1] INFO  client.GrpcClientProtocolClient (GrpcClientProtocolClient.java:onNext(255)) - client-CB1B8AC74E59->81367453-3bf0-4298-8a83-8d5c3816df16: receive RaftClientReply:client-CB1B8AC74E59->81367453-3bf0-4298-8a83-8d5c3816df16@group-F6EC397515C5, cid=3693, SUCCESS, logIndex=5073, commits[81367453-3bf0-4298-8a83-8d5c3816df16:c5076]
2019-09-03 20:26:32,574 [grpc-default-executor-1] INFO  client.GrpcClientProtocolClient (GrpcClientProtocolClient.java:onNext(255)) - client-CB1B8AC74E59->81367453-3bf0-4298-8a83-8d5c3816df16: receive RaftClientReply:client-CB1B8AC74E59->81367453-3bf0-4298-8a83-8d5c3816df16@group-F6EC397515C5, cid=3694, SUCCESS, logIndex=5074, commits[81367453-3bf0-4298-8a83-8d5c3816df16:c5076]
2019-09-03 20:26:32,575 [grpc-default-executor-1] INFO  client.GrpcClientProtocolClient (GrpcClientProtocolClient.java:onNext(255)) - client-CB1B8AC74E59->81367453-3bf0-4298-8a83-8d5c3816df16: receive RaftClientReply:client-CB1B8AC74E59->81367453-3bf0-4298-8a83-8d5c3816df16@group-F6EC397515C5, cid=3695, SUCCESS, logIndex=5075, commits[81367453-3bf0-4298-8a83-8d5c3816df16:c5076]
2019-09-03 20:26:32,575 [grpc-default-executor-1] INFO  client.GrpcClientProtocolClient (GrpcClientProtocolClient.java:onNext(255)) - client-CB1B8AC74E59->81367453-3bf0-4298-8a83-8d5c3816df16: receive RaftClientReply:client-CB1B8AC74E59->81367453-3bf0-4298-8a83-8d5c3816df16@group-F6EC397515C5, cid=3696, SUCCESS, logIndex=5076, commits[81367453-3bf0-4298-8a83-8d5c3816df16:c5076]
2019-09-03 20:26:32,589 [SCMBlockDeletingService#1] DEBUG block.SCMBlockDeletingService (SCMBlockDeletingService.java:call(138)) - Running DeletedBlockTransactionScanner
2019-09-03 20:26:32,589 [SCMBlockDeletingService#1] DEBUG block.SCMBlockDeletingService (SCMBlockDeletingService.java:call(155)) - Scanned deleted blocks log and got 0 delTX to process.
2019-09-03 20:26:32,670 [grpc-default-executor-2] INFO  client.GrpcClientProtocolClient (GrpcClientProtocolClient.java:onNext(255)) - client-CB1B8AC74E59->81367453-3bf0-4298-8a83-8d5c3816df16: receive RaftClientReply:client-CB1B8AC74E59->81367453-3bf0-4298-8a83-8d5c3816df16@group-F6EC397515C5, cid=3697, SUCCESS, logIndex=5078, commits[81367453-3bf0-4298-8a83-8d5c3816df16:c5079]
2019-09-03 20:26:32,671 [grpc-default-executor-2] INFO  client.GrpcClientProtocolClient (GrpcClientProtocolClient.java:onNext(255)) - client-CB1B8AC74E59->81367453-3bf0-4298-8a83-8d5c3816df16: receive RaftClientReply:client-CB1B8AC74E59->81367453-3bf0-4298-8a83-8d5c3816df16@group-F6EC397515C5, cid=3698, SUCCESS, logIndex=5079, commits[81367453-3bf0-4298-8a83-8d5c3816df16:c5079]
2019-09-03 20:26:32,690 [SCMBlockDeletingService#1] DEBUG block.SCMBlockDeletingService (SCMBlockDeletingService.java:call(138)) - Running DeletedBlockTransactionScanner
2019-09-03 20:26:32,690 [SCMBlockDeletingService#1] DEBUG block.SCMBlockDeletingService (SCMBlockDeletingService.java:call(155)) - Scanned deleted blocks log and got 0 delTX to process.
2019-09-03 20:26:32,720 [grpc-default-executor-2] INFO  client.GrpcClientProtocolClient (GrpcClientProtocolClient.java:onNext(255)) - client-CB1B8AC74E59->81367453-3bf0-4298-8a83-8d5c3816df16: receive RaftClientReply:client-CB1B8AC74E59->81367453-3bf0-4298-8a83-8d5c3816df16@group-F6EC397515C5, cid=3699, SUCCESS, logIndex=5080, commits[81367453-3bf0-4298-8a83-8d5c3816df16:c5081]
2019-09-03 20:26:32,721 [grpc-default-executor-2] INFO  client.GrpcClientProtocolClient (GrpcClientProtocolClient.java:onNext(255)) - client-CB1B8AC74E59->81367453-3bf0-4298-8a83-8d5c3816df16: receive RaftClientReply:client-CB1B8AC74E59->81367453-3bf0-4298-8a83-8d5c3816df16@group-F6EC397515C5, cid=3700, SUCCESS, logIndex=5081, commits[81367453-3bf0-4298-8a83-8d5c3816df16:c5081]
2019-09-03 20:26:32,734 [grpc-default-executor-2] INFO  client.GrpcClientProtocolClient (GrpcClientProtocolClient.java:onNext(255)) - client-CB1B8AC74E59->81367453-3bf0-4298-8a83-8d5c3816df16: receive RaftClientReply:client-CB1B8AC74E59->81367453-3bf0-4298-8a83-8d5c3816df16@group-F6EC397515C5, cid=3701, SUCCESS, logIndex=5084, commits[81367453-3bf0-4298-8a83-8d5c3816df16:c5085]
2019-09-03 20:26:32,734 [grpc-default-executor-2] INFO  client.GrpcClientProtocolClient (GrpcClientProtocolClient.java:onNext(255)) - client-CB1B8AC74E59->81367453-3bf0-4298-8a83-8d5c3816df16: receive RaftClientReply:client-CB1B8AC74E59->81367453-3bf0-4298-8a83-8d5c3816df16@group-F6EC397515C5, cid=3702, SUCCESS, logIndex=5085, commits[81367453-3bf0-4298-8a83-8d5c3816df16:c5085]
2019-09-03 20:26:32,737 [grpc-default-executor-2] INFO  client.GrpcClientProtocolClient (GrpcClientProtocolClient.java:onNext(255)) - client-CB1B8AC74E59->81367453-3bf0-4298-8a83-8d5c3816df16: receive RaftClientReply:client-CB1B8AC74E59->81367453-3bf0-4298-8a83-8d5c3816df16@group-F6EC397515C5, cid=3703, SUCCESS, logIndex=5086, commits[81367453-3bf0-4298-8a83-8d5c3816df16:c5087]
2019-09-03 20:26:32,738 [grpc-default-executor-2] INFO  client.GrpcClientProtocolClient (GrpcClientProtocolClient.java:onNext(255)) - client-CB1B8AC74E59->81367453-3bf0-4298-8a83-8d5c3816df16: receive RaftClientReply:client-CB1B8AC74E59->81367453-3bf0-4298-8a83-8d5c3816df16@group-F6EC397515C5, cid=3704, SUCCESS, logIndex=5087, commits[81367453-3bf0-4298-8a83-8d5c3816df16:c5087]
2019-09-03 20:26:32,764 [grpc-default-executor-1] INFO  client.GrpcClientProtocolClient (GrpcClientProtocolClient.java:onNext(255)) - client-CB1B8AC74E59->81367453-3bf0-4298-8a83-8d5c3816df16: receive RaftClientReply:client-CB1B8AC74E59->81367453-3bf0-4298-8a83-8d5c3816df16@group-F6EC397515C5, cid=3705, SUCCESS, logIndex=5090, commits[81367453-3bf0-4298-8a83-8d5c3816df16:c5091]
2019-09-03 20:26:32,765 [grpc-default-executor-1] INFO  client.GrpcClientProtocolClient (GrpcClientProtocolClient.java:onNext(255)) - client-CB1B8AC74E59->81367453-3bf0-4298-8a83-8d5c3816df16: receive RaftClientReply:client-CB1B8AC74E59->81367453-3bf0-4298-8a83-8d5c3816df16@group-F6EC397515C5, cid=3706, SUCCESS, logIndex=5091, commits[81367453-3bf0-4298-8a83-8d5c3816df16:c5091]
2019-09-03 20:26:32,771 [grpc-default-executor-1] INFO  client.GrpcClientProtocolClient (GrpcClientProtocolClient.java:onNext(255)) - client-CB1B8AC74E59->81367453-3bf0-4298-8a83-8d5c3816df16: receive RaftClientReply:client-CB1B8AC74E59->81367453-3bf0-4298-8a83-8d5c3816df16@group-F6EC397515C5, cid=3707, SUCCESS, logIndex=5092, commits[81367453-3bf0-4298-8a83-8d5c3816df16:c5093]
2019-09-03 20:26:32,772 [grpc-default-executor-1] INFO  client.GrpcClientProtocolClient (GrpcClientProtocolClient.java:onNext(255)) - client-CB1B8AC74E59->81367453-3bf0-4298-8a83-8d5c3816df16: receive RaftClientReply:client-CB1B8AC74E59->81367453-3bf0-4298-8a83-8d5c3816df16@group-F6EC397515C5, cid=3708, SUCCESS, logIndex=5093, commits[81367453-3bf0-4298-8a83-8d5c3816df16:c5093]
2019-09-03 20:26:32,790 [SCMBlockDeletingService#1] DEBUG block.SCMBlockDeletingService (SCMBlockDeletingService.java:call(138)) - Running DeletedBlockTransactionScanner
2019-09-03 20:26:32,791 [SCMBlockDeletingService#1] DEBUG block.SCMBlockDeletingService (SCMBlockDeletingService.java:call(155)) - Scanned deleted blocks log and got 0 delTX to process.
2019-09-03 20:26:32,792 [grpc-default-executor-1] INFO  client.GrpcClientProtocolClient (GrpcClientProtocolClient.java:onNext(255)) - client-CB1B8AC74E59->81367453-3bf0-4298-8a83-8d5c3816df16: receive RaftClientReply:client-CB1B8AC74E59->81367453-3bf0-4298-8a83-8d5c3816df16@group-F6EC397515C5, cid=3709, SUCCESS, logIndex=5096, commits[81367453-3bf0-4298-8a83-8d5c3816df16:c5097]
2019-09-03 20:26:32,792 [grpc-default-executor-1] INFO  client.GrpcClientProtocolClient (GrpcClientProtocolClient.java:onNext(255)) - client-CB1B8AC74E59->81367453-3bf0-4298-8a83-8d5c3816df16: receive RaftClientReply:client-CB1B8AC74E59->81367453-3bf0-4298-8a83-8d5c3816df16@group-F6EC397515C5, cid=3710, SUCCESS, logIndex=5097, commits[81367453-3bf0-4298-8a83-8d5c3816df16:c5097]
2019-09-03 20:26:32,800 [grpc-default-executor-1] INFO  client.GrpcClientProtocolClient (GrpcClientProtocolClient.java:onNext(255)) - client-CB1B8AC74E59->81367453-3bf0-4298-8a83-8d5c3816df16: receive RaftClientReply:client-CB1B8AC74E59->81367453-3bf0-4298-8a83-8d5c3816df16@group-F6EC397515C5, cid=3711, SUCCESS, logIndex=5098, commits[81367453-3bf0-4298-8a83-8d5c3816df16:c5099]
2019-09-03 20:26:32,800 [grpc-default-executor-1] INFO  client.GrpcClientProtocolClient (GrpcClientProtocolClient.java:onNext(255)) - client-CB1B8AC74E59->81367453-3bf0-4298-8a83-8d5c3816df16: receive RaftClientReply:client-CB1B8AC74E59->81367453-3bf0-4298-8a83-8d5c3816df16@group-F6EC397515C5, cid=3712, SUCCESS, logIndex=5099, commits[81367453-3bf0-4298-8a83-8d5c3816df16:c5099]
2019-09-03 20:26:32,891 [SCMBlockDeletingService#1] DEBUG block.SCMBlockDeletingService (SCMBlockDeletingService.java:call(138)) - Running DeletedBlockTransactionScanner
2019-09-03 20:26:32,891 [SCMBlockDeletingService#1] DEBUG block.SCMBlockDeletingService (SCMBlockDeletingService.java:call(155)) - Scanned deleted blocks log and got 0 delTX to process.
2019-09-03 20:26:32,926 [grpc-default-executor-2] INFO  client.GrpcClientProtocolClient (GrpcClientProtocolClient.java:onNext(255)) - client-CB1B8AC74E59->81367453-3bf0-4298-8a83-8d5c3816df16: receive RaftClientReply:client-CB1B8AC74E59->81367453-3bf0-4298-8a83-8d5c3816df16@group-F6EC397515C5, cid=3713, SUCCESS, logIndex=5102, commits[81367453-3bf0-4298-8a83-8d5c3816df16:c5105]
2019-09-03 20:26:32,927 [grpc-default-executor-2] INFO  client.GrpcClientProtocolClient (GrpcClientProtocolClient.java:onNext(255)) - client-CB1B8AC74E59->81367453-3bf0-4298-8a83-8d5c3816df16: receive RaftClientReply:client-CB1B8AC74E59->81367453-3bf0-4298-8a83-8d5c3816df16@group-F6EC397515C5, cid=3714, SUCCESS, logIndex=5103, commits[81367453-3bf0-4298-8a83-8d5c3816df16:c5105]
2019-09-03 20:26:32,927 [grpc-default-executor-2] INFO  client.GrpcClientProtocolClient (GrpcClientProtocolClient.java:onNext(255)) - client-CB1B8AC74E59->81367453-3bf0-4298-8a83-8d5c3816df16: receive RaftClientReply:client-CB1B8AC74E59->81367453-3bf0-4298-8a83-8d5c3816df16@group-F6EC397515C5, cid=3715, SUCCESS, logIndex=5104, commits[81367453-3bf0-4298-8a83-8d5c3816df16:c5105]
2019-09-03 20:26:32,928 [grpc-default-executor-2] INFO  client.GrpcClientProtocolClient (GrpcClientProtocolClient.java:onNext(255)) - client-CB1B8AC74E59->81367453-3bf0-4298-8a83-8d5c3816df16: receive RaftClientReply:client-CB1B8AC74E59->81367453-3bf0-4298-8a83-8d5c3816df16@group-F6EC397515C5, cid=3716, SUCCESS, logIndex=5105, commits[81367453-3bf0-4298-8a83-8d5c3816df16:c5105]
2019-09-03 20:26:32,941 [grpc-default-executor-1] INFO  client.GrpcClientProtocolClient (GrpcClientProtocolClient.java:onNext(255)) - client-CB1B8AC74E59->81367453-3bf0-4298-8a83-8d5c3816df16: receive RaftClientReply:client-CB1B8AC74E59->81367453-3bf0-4298-8a83-8d5c3816df16@group-F6EC397515C5, cid=3717, SUCCESS, logIndex=5107, commits[81367453-3bf0-4298-8a83-8d5c3816df16:c5110]
2019-09-03 20:26:32,942 [grpc-default-executor-1] INFO  client.GrpcClientProtocolClient (GrpcClientProtocolClient.java:onNext(255)) - client-CB1B8AC74E59->81367453-3bf0-4298-8a83-8d5c3816df16: receive RaftClientReply:client-CB1B8AC74E59->81367453-3bf0-4298-8a83-8d5c3816df16@group-F6EC397515C5, cid=3718, SUCCESS, logIndex=5108, commits[81367453-3bf0-4298-8a83-8d5c3816df16:c5110]
2019-09-03 20:26:32,942 [grpc-default-executor-1] INFO  client.GrpcClientProtocolClient (GrpcClientProtocolClient.java:onNext(255)) - client-CB1B8AC74E59->81367453-3bf0-4298-8a83-8d5c3816df16: receive RaftClientReply:client-CB1B8AC74E59->81367453-3bf0-4298-8a83-8d5c3816df16@group-F6EC397515C5, cid=3719, SUCCESS, logIndex=5109, commits[81367453-3bf0-4298-8a83-8d5c3816df16:c5110]
2019-09-03 20:26:32,942 [grpc-default-executor-1] INFO  client.GrpcClientProtocolClient (GrpcClientProtocolClient.java:onNext(255)) - client-CB1B8AC74E59->81367453-3bf0-4298-8a83-8d5c3816df16: receive RaftClientReply:client-CB1B8AC74E59->81367453-3bf0-4298-8a83-8d5c3816df16@group-F6EC397515C5, cid=3720, SUCCESS, logIndex=5110, commits[81367453-3bf0-4298-8a83-8d5c3816df16:c5110]
2019-09-03 20:26:32,965 [grpc-default-executor-1] INFO  client.GrpcClientProtocolClient (GrpcClientProtocolClient.java:onNext(255)) - client-CB1B8AC74E59->81367453-3bf0-4298-8a83-8d5c3816df16: receive RaftClientReply:client-CB1B8AC74E59->81367453-3bf0-4298-8a83-8d5c3816df16@group-F6EC397515C5, cid=3721, SUCCESS, logIndex=5112, commits[81367453-3bf0-4298-8a83-8d5c3816df16:c5115]
2019-09-03 20:26:32,966 [grpc-default-executor-1] INFO  client.GrpcClientProtocolClient (GrpcClientProtocolClient.java:onNext(255)) - client-CB1B8AC74E59->81367453-3bf0-4298-8a83-8d5c3816df16: receive RaftClientReply:client-CB1B8AC74E59->81367453-3bf0-4298-8a83-8d5c3816df16@group-F6EC397515C5, cid=3722, SUCCESS, logIndex=5113, commits[81367453-3bf0-4298-8a83-8d5c3816df16:c5115]
2019-09-03 20:26:32,966 [grpc-default-executor-1] INFO  client.GrpcClientProtocolClient (GrpcClientProtocolClient.java:onNext(255)) - client-CB1B8AC74E59->81367453-3bf0-4298-8a83-8d5c3816df16: receive RaftClientReply:client-CB1B8AC74E59->81367453-3bf0-4298-8a83-8d5c3816df16@group-F6EC397515C5, cid=3723, SUCCESS, logIndex=5114, commits[81367453-3bf0-4298-8a83-8d5c3816df16:c5115]
2019-09-03 20:26:32,967 [grpc-default-executor-1] INFO  client.GrpcClientProtocolClient (GrpcClientProtocolClient.java:onNext(255)) - client-CB1B8AC74E59->81367453-3bf0-4298-8a83-8d5c3816df16: receive RaftClientReply:client-CB1B8AC74E59->81367453-3bf0-4298-8a83-8d5c3816df16@group-F6EC397515C5, cid=3724, SUCCESS, logIndex=5115, commits[81367453-3bf0-4298-8a83-8d5c3816df16:c5115]
2019-09-03 20:26:32,980 [grpc-default-executor-1] INFO  client.GrpcClientProtocolClient (GrpcClientProtocolClient.java:onNext(255)) - client-CB1B8AC74E59->81367453-3bf0-4298-8a83-8d5c3816df16: receive RaftClientReply:client-CB1B8AC74E59->81367453-3bf0-4298-8a83-8d5c3816df16@group-F6EC397515C5, cid=3725, SUCCESS, logIndex=5117, commits[81367453-3bf0-4298-8a83-8d5c3816df16:c5120]
2019-09-03 20:26:32,980 [grpc-default-executor-1] INFO  client.GrpcClientProtocolClient (GrpcClientProtocolClient.java:onNext(255)) - client-CB1B8AC74E59->81367453-3bf0-4298-8a83-8d5c3816df16: receive RaftClientReply:client-CB1B8AC74E59->81367453-3bf0-4298-8a83-8d5c3816df16@group-F6EC397515C5, cid=3726, SUCCESS, logIndex=5118, commits[81367453-3bf0-4298-8a83-8d5c3816df16:c5120]
2019-09-03 20:26:32,981 [grpc-default-executor-1] INFO  client.GrpcClientProtocolClient (GrpcClientProtocolClient.java:onNext(255)) - client-CB1B8AC74E59->81367453-3bf0-4298-8a83-8d5c3816df16: receive RaftClientReply:client-CB1B8AC74E59->81367453-3bf0-4298-8a83-8d5c3816df16@group-F6EC397515C5, cid=3727, SUCCESS, logIndex=5119, commits[81367453-3bf0-4298-8a83-8d5c3816df16:c5120]
2019-09-03 20:26:32,981 [grpc-default-executor-1] INFO  client.GrpcClientProtocolClient (GrpcClientProtocolClient.java:onNext(255)) - client-CB1B8AC74E59->81367453-3bf0-4298-8a83-8d5c3816df16: receive RaftClientReply:client-CB1B8AC74E59->81367453-3bf0-4298-8a83-8d5c3816df16@group-F6EC397515C5, cid=3728, SUCCESS, logIndex=5120, commits[81367453-3bf0-4298-8a83-8d5c3816df16:c5120]
2019-09-03 20:26:32,992 [SCMBlockDeletingService#1] DEBUG block.SCMBlockDeletingService (SCMBlockDeletingService.java:call(138)) - Running DeletedBlockTransactionScanner
2019-09-03 20:26:32,992 [SCMBlockDeletingService#1] DEBUG block.SCMBlockDeletingService (SCMBlockDeletingService.java:call(155)) - Scanned deleted blocks log and got 0 delTX to process.
2019-09-03 20:26:33,034 [grpc-default-executor-2] INFO  client.GrpcClientProtocolClient (GrpcClientProtocolClient.java:onNext(255)) - client-CB1B8AC74E59->81367453-3bf0-4298-8a83-8d5c3816df16: receive RaftClientReply:client-CB1B8AC74E59->81367453-3bf0-4298-8a83-8d5c3816df16@group-F6EC397515C5, cid=3729, SUCCESS, logIndex=5122, commits[81367453-3bf0-4298-8a83-8d5c3816df16:c5125]
2019-09-03 20:26:33,035 [grpc-default-executor-2] INFO  client.GrpcClientProtocolClient (GrpcClientProtocolClient.java:onNext(255)) - client-CB1B8AC74E59->81367453-3bf0-4298-8a83-8d5c3816df16: receive RaftClientReply:client-CB1B8AC74E59->81367453-3bf0-4298-8a83-8d5c3816df16@group-F6EC397515C5, cid=3730, SUCCESS, logIndex=5123, commits[81367453-3bf0-4298-8a83-8d5c3816df16:c5125]
2019-09-03 20:26:33,035 [grpc-default-executor-2] INFO  client.GrpcClientProtocolClient (GrpcClientProtocolClient.java:onNext(255)) - client-CB1B8AC74E59->81367453-3bf0-4298-8a83-8d5c3816df16: receive RaftClientReply:client-CB1B8AC74E59->81367453-3bf0-4298-8a83-8d5c3816df16@group-F6EC397515C5, cid=3731, SUCCESS, logIndex=5124, commits[81367453-3bf0-4298-8a83-8d5c3816df16:c5125]
2019-09-03 20:26:33,035 [grpc-default-executor-2] INFO  client.GrpcClientProtocolClient (GrpcClientProtocolClient.java:onNext(255)) - client-CB1B8AC74E59->81367453-3bf0-4298-8a83-8d5c3816df16: receive RaftClientReply:client-CB1B8AC74E59->81367453-3bf0-4298-8a83-8d5c3816df16@group-F6EC397515C5, cid=3732, SUCCESS, logIndex=5125, commits[81367453-3bf0-4298-8a83-8d5c3816df16:c5125]
2019-09-03 20:26:33,071 [grpc-default-executor-1] INFO  client.GrpcClientProtocolClient (GrpcClientProtocolClient.java:onNext(255)) - client-CB1B8AC74E59->81367453-3bf0-4298-8a83-8d5c3816df16: receive RaftClientReply:client-CB1B8AC74E59->81367453-3bf0-4298-8a83-8d5c3816df16@group-F6EC397515C5, cid=3733, SUCCESS, logIndex=5127, commits[81367453-3bf0-4298-8a83-8d5c3816df16:c5130]
2019-09-03 20:26:33,071 [grpc-default-executor-1] INFO  client.GrpcClientProtocolClient (GrpcClientProtocolClient.java:onNext(255)) - client-CB1B8AC74E59->81367453-3bf0-4298-8a83-8d5c3816df16: receive RaftClientReply:client-CB1B8AC74E59->81367453-3bf0-4298-8a83-8d5c3816df16@group-F6EC397515C5, cid=3734, SUCCESS, logIndex=5128, commits[81367453-3bf0-4298-8a83-8d5c3816df16:c5130]
2019-09-03 20:26:33,071 [grpc-default-executor-1] INFO  client.GrpcClientProtocolClient (GrpcClientProtocolClient.java:onNext(255)) - client-CB1B8AC74E59->81367453-3bf0-4298-8a83-8d5c3816df16: receive RaftClientReply:client-CB1B8AC74E59->81367453-3bf0-4298-8a83-8d5c3816df16@group-F6EC397515C5, cid=3735, SUCCESS, logIndex=5129, commits[81367453-3bf0-4298-8a83-8d5c3816df16:c5130]
2019-09-03 20:26:33,072 [grpc-default-executor-1] INFO  client.GrpcClientProtocolClient (GrpcClientProtocolClient.java:onNext(255)) - client-CB1B8AC74E59->81367453-3bf0-4298-8a83-8d5c3816df16: receive RaftClientReply:client-CB1B8AC74E59->81367453-3bf0-4298-8a83-8d5c3816df16@group-F6EC397515C5, cid=3736, SUCCESS, logIndex=5130, commits[81367453-3bf0-4298-8a83-8d5c3816df16:c5130]
2019-09-03 20:26:33,092 [SCMBlockDeletingService#1] DEBUG block.SCMBlockDeletingService (SCMBlockDeletingService.java:call(138)) - Running DeletedBlockTransactionScanner
2019-09-03 20:26:33,093 [SCMBlockDeletingService#1] DEBUG block.SCMBlockDeletingService (SCMBlockDeletingService.java:call(155)) - Scanned deleted blocks log and got 0 delTX to process.
2019-09-03 20:26:33,099 [grpc-default-executor-1] INFO  client.GrpcClientProtocolClient (GrpcClientProtocolClient.java:onNext(255)) - client-CB1B8AC74E59->81367453-3bf0-4298-8a83-8d5c3816df16: receive RaftClientReply:client-CB1B8AC74E59->81367453-3bf0-4298-8a83-8d5c3816df16@group-F6EC397515C5, cid=3737, SUCCESS, logIndex=5132, commits[81367453-3bf0-4298-8a83-8d5c3816df16:c5133]
2019-09-03 20:26:33,100 [grpc-default-executor-1] INFO  client.GrpcClientProtocolClient (GrpcClientProtocolClient.java:onNext(255)) - client-CB1B8AC74E59->81367453-3bf0-4298-8a83-8d5c3816df16: receive RaftClientReply:client-CB1B8AC74E59->81367453-3bf0-4298-8a83-8d5c3816df16@group-F6EC397515C5, cid=3738, SUCCESS, logIndex=5133, commits[81367453-3bf0-4298-8a83-8d5c3816df16:c5133]
2019-09-03 20:26:33,104 [grpc-default-executor-1] INFO  client.GrpcClientProtocolClient (GrpcClientProtocolClient.java:onNext(255)) - client-CB1B8AC74E59->81367453-3bf0-4298-8a83-8d5c3816df16: receive RaftClientReply:client-CB1B8AC74E59->81367453-3bf0-4298-8a83-8d5c3816df16@group-F6EC397515C5, cid=3739, SUCCESS, logIndex=5134, commits[81367453-3bf0-4298-8a83-8d5c3816df16:c5135]
2019-09-03 20:26:33,105 [grpc-default-executor-1] INFO  client.GrpcClientProtocolClient (GrpcClientProtocolClient.java:onNext(255)) - client-CB1B8AC74E59->81367453-3bf0-4298-8a83-8d5c3816df16: receive RaftClientReply:client-CB1B8AC74E59->81367453-3bf0-4298-8a83-8d5c3816df16@group-F6EC397515C5, cid=3740, SUCCESS, logIndex=5135, commits[81367453-3bf0-4298-8a83-8d5c3816df16:c5135]
2019-09-03 20:26:33,125 [grpc-default-executor-1] INFO  client.GrpcClientProtocolClient (GrpcClientProtocolClient.java:onNext(255)) - client-CB1B8AC74E59->81367453-3bf0-4298-8a83-8d5c3816df16: receive RaftClientReply:client-CB1B8AC74E59->81367453-3bf0-4298-8a83-8d5c3816df16@group-F6EC397515C5, cid=3741, SUCCESS, logIndex=5138, commits[81367453-3bf0-4298-8a83-8d5c3816df16:c5141]
2019-09-03 20:26:33,125 [grpc-default-executor-1] INFO  client.GrpcClientProtocolClient (GrpcClientProtocolClient.java:onNext(255)) - client-CB1B8AC74E59->81367453-3bf0-4298-8a83-8d5c3816df16: receive RaftClientReply:client-CB1B8AC74E59->81367453-3bf0-4298-8a83-8d5c3816df16@group-F6EC397515C5, cid=3742, SUCCESS, logIndex=5139, commits[81367453-3bf0-4298-8a83-8d5c3816df16:c5141]
2019-09-03 20:26:33,125 [grpc-default-executor-1] INFO  client.GrpcClientProtocolClient (GrpcClientProtocolClient.java:onNext(255)) - client-CB1B8AC74E59->81367453-3bf0-4298-8a83-8d5c3816df16: receive RaftClientReply:client-CB1B8AC74E59->81367453-3bf0-4298-8a83-8d5c3816df16@group-F6EC397515C5, cid=3743, SUCCESS, logIndex=5140, commits[81367453-3bf0-4298-8a83-8d5c3816df16:c5141]
2019-09-03 20:26:33,126 [grpc-default-executor-1] INFO  client.GrpcClientProtocolClient (GrpcClientProtocolClient.java:onNext(255)) - client-CB1B8AC74E59->81367453-3bf0-4298-8a83-8d5c3816df16: receive RaftClientReply:client-CB1B8AC74E59->81367453-3bf0-4298-8a83-8d5c3816df16@group-F6EC397515C5, cid=3744, SUCCESS, logIndex=5141, commits[81367453-3bf0-4298-8a83-8d5c3816df16:c5141]
2019-09-03 20:26:33,150 [grpc-default-executor-1] INFO  client.GrpcClientProtocolClient (GrpcClientProtocolClient.java:onNext(255)) - client-CB1B8AC74E59->81367453-3bf0-4298-8a83-8d5c3816df16: receive RaftClientReply:client-CB1B8AC74E59->81367453-3bf0-4298-8a83-8d5c3816df16@group-F6EC397515C5, cid=3745, SUCCESS, logIndex=5143, commits[81367453-3bf0-4298-8a83-8d5c3816df16:c5144]
2019-09-03 20:26:33,150 [grpc-default-executor-1] INFO  client.GrpcClientProtocolClient (GrpcClientProtocolClient.java:onNext(255)) - client-CB1B8AC74E59->81367453-3bf0-4298-8a83-8d5c3816df16: receive RaftClientReply:client-CB1B8AC74E59->81367453-3bf0-4298-8a83-8d5c3816df16@group-F6EC397515C5, cid=3746, SUCCESS, logIndex=5144, commits[81367453-3bf0-4298-8a83-8d5c3816df16:c5144]
2019-09-03 20:26:33,159 [grpc-default-executor-1] INFO  client.GrpcClientProtocolClient (GrpcClientProtocolClient.java:onNext(255)) - client-CB1B8AC74E59->81367453-3bf0-4298-8a83-8d5c3816df16: receive RaftClientReply:client-CB1B8AC74E59->81367453-3bf0-4298-8a83-8d5c3816df16@group-F6EC397515C5, cid=3747, SUCCESS, logIndex=5145, commits[81367453-3bf0-4298-8a83-8d5c3816df16:c5146]
2019-09-03 20:26:33,159 [grpc-default-executor-1] INFO  client.GrpcClientProtocolClient (GrpcClientProtocolClient.java:onNext(255)) - client-CB1B8AC74E59->81367453-3bf0-4298-8a83-8d5c3816df16: receive RaftClientReply:client-CB1B8AC74E59->81367453-3bf0-4298-8a83-8d5c3816df16@group-F6EC397515C5, cid=3748, SUCCESS, logIndex=5146, commits[81367453-3bf0-4298-8a83-8d5c3816df16:c5146]
2019-09-03 20:26:33,175 [grpc-default-executor-1] INFO  client.GrpcClientProtocolClient (GrpcClientProtocolClient.java:onNext(255)) - client-CB1B8AC74E59->81367453-3bf0-4298-8a83-8d5c3816df16: receive RaftClientReply:client-CB1B8AC74E59->81367453-3bf0-4298-8a83-8d5c3816df16@group-F6EC397515C5, cid=3749, SUCCESS, logIndex=5149, commits[81367453-3bf0-4298-8a83-8d5c3816df16:c5150]
2019-09-03 20:26:33,175 [grpc-default-executor-1] INFO  client.GrpcClientProtocolClient (GrpcClientProtocolClient.java:onNext(255)) - client-CB1B8AC74E59->81367453-3bf0-4298-8a83-8d5c3816df16: receive RaftClientReply:client-CB1B8AC74E59->81367453-3bf0-4298-8a83-8d5c3816df16@group-F6EC397515C5, cid=3750, SUCCESS, logIndex=5150, commits[81367453-3bf0-4298-8a83-8d5c3816df16:c5150]
2019-09-03 20:26:33,183 [grpc-default-executor-1] INFO  client.GrpcClientProtocolClient (GrpcClientProtocolClient.java:onNext(255)) - client-CB1B8AC74E59->81367453-3bf0-4298-8a83-8d5c3816df16: receive RaftClientReply:client-CB1B8AC74E59->81367453-3bf0-4298-8a83-8d5c3816df16@group-F6EC397515C5, cid=3751, SUCCESS, logIndex=5151, commits[81367453-3bf0-4298-8a83-8d5c3816df16:c5152]
2019-09-03 20:26:33,183 [grpc-default-executor-1] INFO  client.GrpcClientProtocolClient (GrpcClientProtocolClient.java:onNext(255)) - client-CB1B8AC74E59->81367453-3bf0-4298-8a83-8d5c3816df16: receive RaftClientReply:client-CB1B8AC74E59->81367453-3bf0-4298-8a83-8d5c3816df16@group-F6EC397515C5, cid=3752, SUCCESS, logIndex=5152, commits[81367453-3bf0-4298-8a83-8d5c3816df16:c5152]
2019-09-03 20:26:33,193 [SCMBlockDeletingService#1] DEBUG block.SCMBlockDeletingService (SCMBlockDeletingService.java:call(138)) - Running DeletedBlockTransactionScanner
2019-09-03 20:26:33,193 [SCMBlockDeletingService#1] DEBUG block.SCMBlockDeletingService (SCMBlockDeletingService.java:call(155)) - Scanned deleted blocks log and got 0 delTX to process.
2019-09-03 20:26:33,215 [grpc-default-executor-2] INFO  client.GrpcClientProtocolClient (GrpcClientProtocolClient.java:onNext(255)) - client-CB1B8AC74E59->81367453-3bf0-4298-8a83-8d5c3816df16: receive RaftClientReply:client-CB1B8AC74E59->81367453-3bf0-4298-8a83-8d5c3816df16@group-F6EC397515C5, cid=3753, SUCCESS, logIndex=5155, commits[81367453-3bf0-4298-8a83-8d5c3816df16:c5156]
2019-09-03 20:26:33,216 [grpc-default-executor-2] INFO  client.GrpcClientProtocolClient (GrpcClientProtocolClient.java:onNext(255)) - client-CB1B8AC74E59->81367453-3bf0-4298-8a83-8d5c3816df16: receive RaftClientReply:client-CB1B8AC74E59->81367453-3bf0-4298-8a83-8d5c3816df16@group-F6EC397515C5, cid=3754, SUCCESS, logIndex=5156, commits[81367453-3bf0-4298-8a83-8d5c3816df16:c5156]
2019-09-03 20:26:33,225 [grpc-default-executor-2] INFO  client.GrpcClientProtocolClient (GrpcClientProtocolClient.java:onNext(255)) - client-CB1B8AC74E59->81367453-3bf0-4298-8a83-8d5c3816df16: receive RaftClientReply:client-CB1B8AC74E59->81367453-3bf0-4298-8a83-8d5c3816df16@group-F6EC397515C5, cid=3755, SUCCESS, logIndex=5157, commits[81367453-3bf0-4298-8a83-8d5c3816df16:c5158]
2019-09-03 20:26:33,226 [grpc-default-executor-2] INFO  client.GrpcClientProtocolClient (GrpcClientProtocolClient.java:onNext(255)) - client-CB1B8AC74E59->81367453-3bf0-4298-8a83-8d5c3816df16: receive RaftClientReply:client-CB1B8AC74E59->81367453-3bf0-4298-8a83-8d5c3816df16@group-F6EC397515C5, cid=3756, SUCCESS, logIndex=5158, commits[81367453-3bf0-4298-8a83-8d5c3816df16:c5158]
2019-09-03 20:26:33,294 [SCMBlockDeletingService#1] DEBUG block.SCMBlockDeletingService (SCMBlockDeletingService.java:call(138)) - Running DeletedBlockTransactionScanner
2019-09-03 20:26:33,294 [SCMBlockDeletingService#1] DEBUG block.SCMBlockDeletingService (SCMBlockDeletingService.java:call(155)) - Scanned deleted blocks log and got 0 delTX to process.
2019-09-03 20:26:33,394 [SCMBlockDeletingService#1] DEBUG block.SCMBlockDeletingService (SCMBlockDeletingService.java:call(138)) - Running DeletedBlockTransactionScanner
2019-09-03 20:26:33,395 [SCMBlockDeletingService#1] DEBUG block.SCMBlockDeletingService (SCMBlockDeletingService.java:call(155)) - Scanned deleted blocks log and got 0 delTX to process.
2019-09-03 20:26:33,495 [SCMBlockDeletingService#1] DEBUG block.SCMBlockDeletingService (SCMBlockDeletingService.java:call(138)) - Running DeletedBlockTransactionScanner
2019-09-03 20:26:33,495 [SCMBlockDeletingService#1] DEBUG block.SCMBlockDeletingService (SCMBlockDeletingService.java:call(155)) - Scanned deleted blocks log and got 0 delTX to process.
2019-09-03 20:26:33,536 [grpc-default-executor-1] INFO  client.GrpcClientProtocolClient (GrpcClientProtocolClient.java:onNext(255)) - client-CB1B8AC74E59->81367453-3bf0-4298-8a83-8d5c3816df16: receive RaftClientReply:client-CB1B8AC74E59->81367453-3bf0-4298-8a83-8d5c3816df16@group-F6EC397515C5, cid=3757, SUCCESS, logIndex=5161, commits[81367453-3bf0-4298-8a83-8d5c3816df16:c5164]
2019-09-03 20:26:33,536 [grpc-default-executor-1] INFO  client.GrpcClientProtocolClient (GrpcClientProtocolClient.java:onNext(255)) - client-CB1B8AC74E59->81367453-3bf0-4298-8a83-8d5c3816df16: receive RaftClientReply:client-CB1B8AC74E59->81367453-3bf0-4298-8a83-8d5c3816df16@group-F6EC397515C5, cid=3758, SUCCESS, logIndex=5162, commits[81367453-3bf0-4298-8a83-8d5c3816df16:c5164]
2019-09-03 20:26:33,537 [grpc-default-executor-1] INFO  client.GrpcClientProtocolClient (GrpcClientProtocolClient.java:onNext(255)) - client-CB1B8AC74E59->81367453-3bf0-4298-8a83-8d5c3816df16: receive RaftClientReply:client-CB1B8AC74E59->81367453-3bf0-4298-8a83-8d5c3816df16@group-F6EC397515C5, cid=3759, SUCCESS, logIndex=5163, commits[81367453-3bf0-4298-8a83-8d5c3816df16:c5164]
2019-09-03 20:26:33,537 [grpc-default-executor-1] INFO  client.GrpcClientProtocolClient (GrpcClientProtocolClient.java:onNext(255)) - client-CB1B8AC74E59->81367453-3bf0-4298-8a83-8d5c3816df16: receive RaftClientReply:client-CB1B8AC74E59->81367453-3bf0-4298-8a83-8d5c3816df16@group-F6EC397515C5, cid=3760, SUCCESS, logIndex=5164, commits[81367453-3bf0-4298-8a83-8d5c3816df16:c5164]
2019-09-03 20:26:33,585 [grpc-default-executor-1] INFO  client.GrpcClientProtocolClient (GrpcClientProtocolClient.java:onNext(255)) - client-CB1B8AC74E59->81367453-3bf0-4298-8a83-8d5c3816df16: receive RaftClientReply:client-CB1B8AC74E59->81367453-3bf0-4298-8a83-8d5c3816df16@group-F6EC397515C5, cid=3761, SUCCESS, logIndex=5166, commits[81367453-3bf0-4298-8a83-8d5c3816df16:c5169]
2019-09-03 20:26:33,586 [grpc-default-executor-1] INFO  client.GrpcClientProtocolClient (GrpcClientProtocolClient.java:onNext(255)) - client-CB1B8AC74E59->81367453-3bf0-4298-8a83-8d5c3816df16: receive RaftClientReply:client-CB1B8AC74E59->81367453-3bf0-4298-8a83-8d5c3816df16@group-F6EC397515C5, cid=3762, SUCCESS, logIndex=5167, commits[81367453-3bf0-4298-8a83-8d5c3816df16:c5169]
2019-09-03 20:26:33,586 [grpc-default-executor-1] INFO  client.GrpcClientProtocolClient (GrpcClientProtocolClient.java:onNext(255)) - client-CB1B8AC74E59->81367453-3bf0-4298-8a83-8d5c3816df16: receive RaftClientReply:client-CB1B8AC74E59->81367453-3bf0-4298-8a83-8d5c3816df16@group-F6EC397515C5, cid=3763, SUCCESS, logIndex=5168, commits[81367453-3bf0-4298-8a83-8d5c3816df16:c5169]
2019-09-03 20:26:33,586 [grpc-default-executor-1] INFO  client.GrpcClientProtocolClient (GrpcClientProtocolClient.java:onNext(255)) - client-CB1B8AC74E59->81367453-3bf0-4298-8a83-8d5c3816df16: receive RaftClientReply:client-CB1B8AC74E59->81367453-3bf0-4298-8a83-8d5c3816df16@group-F6EC397515C5, cid=3764, SUCCESS, logIndex=5169, commits[81367453-3bf0-4298-8a83-8d5c3816df16:c5169]
2019-09-03 20:26:33,596 [SCMBlockDeletingService#1] DEBUG block.SCMBlockDeletingService (SCMBlockDeletingService.java:call(138)) - Running DeletedBlockTransactionScanner
2019-09-03 20:26:33,596 [SCMBlockDeletingService#1] DEBUG block.SCMBlockDeletingService (SCMBlockDeletingService.java:call(155)) - Scanned deleted blocks log and got 0 delTX to process.
2019-09-03 20:26:33,639 [grpc-default-executor-1] INFO  client.GrpcClientProtocolClient (GrpcClientProtocolClient.java:onNext(255)) - client-CB1B8AC74E59->81367453-3bf0-4298-8a83-8d5c3816df16: receive RaftClientReply:client-CB1B8AC74E59->81367453-3bf0-4298-8a83-8d5c3816df16@group-F6EC397515C5, cid=3765, SUCCESS, logIndex=5171, commits[81367453-3bf0-4298-8a83-8d5c3816df16:c5174]
2019-09-03 20:26:33,639 [grpc-default-executor-1] INFO  client.GrpcClientProtocolClient (GrpcClientProtocolClient.java:onNext(255)) - client-CB1B8AC74E59->81367453-3bf0-4298-8a83-8d5c3816df16: receive RaftClientReply:client-CB1B8AC74E59->81367453-3bf0-4298-8a83-8d5c3816df16@group-F6EC397515C5, cid=3766, SUCCESS, logIndex=5172, commits[81367453-3bf0-4298-8a83-8d5c3816df16:c5174]
2019-09-03 20:26:33,640 [grpc-default-executor-2] INFO  client.GrpcClientProtocolClient (GrpcClientProtocolClient.java:onNext(255)) - client-CB1B8AC74E59->81367453-3bf0-4298-8a83-8d5c3816df16: receive RaftClientReply:client-CB1B8AC74E59->81367453-3bf0-4298-8a83-8d5c3816df16@group-F6EC397515C5, cid=3767, SUCCESS, logIndex=5173, commits[81367453-3bf0-4298-8a83-8d5c3816df16:c5174]
2019-09-03 20:26:33,640 [grpc-default-executor-2] INFO  client.GrpcClientProtocolClient (GrpcClientProtocolClient.java:onNext(255)) - client-CB1B8AC74E59->81367453-3bf0-4298-8a83-8d5c3816df16: receive RaftClientReply:client-CB1B8AC74E59->81367453-3bf0-4298-8a83-8d5c3816df16@group-F6EC397515C5, cid=3768, SUCCESS, logIndex=5174, commits[81367453-3bf0-4298-8a83-8d5c3816df16:c5174]
2019-09-03 20:26:33,687 [grpc-default-executor-2] INFO  client.GrpcClientProtocolClient (GrpcClientProtocolClient.java:onNext(255)) - client-CB1B8AC74E59->81367453-3bf0-4298-8a83-8d5c3816df16: receive RaftClientReply:client-CB1B8AC74E59->81367453-3bf0-4298-8a83-8d5c3816df16@group-F6EC397515C5, cid=3769, SUCCESS, logIndex=5176, commits[81367453-3bf0-4298-8a83-8d5c3816df16:c5179]
2019-09-03 20:26:33,688 [grpc-default-executor-2] INFO  client.GrpcClientProtocolClient (GrpcClientProtocolClient.java:onNext(255)) - client-CB1B8AC74E59->81367453-3bf0-4298-8a83-8d5c3816df16: receive RaftClientReply:client-CB1B8AC74E59->81367453-3bf0-4298-8a83-8d5c3816df16@group-F6EC397515C5, cid=3770, SUCCESS, logIndex=5177, commits[81367453-3bf0-4298-8a83-8d5c3816df16:c5179]
2019-09-03 20:26:33,688 [grpc-default-executor-2] INFO  client.GrpcClientProtocolClient (GrpcClientProtocolClient.java:onNext(255)) - client-CB1B8AC74E59->81367453-3bf0-4298-8a83-8d5c3816df16: receive RaftClientReply:client-CB1B8AC74E59->81367453-3bf0-4298-8a83-8d5c3816df16@group-F6EC397515C5, cid=3771, SUCCESS, logIndex=5178, commits[81367453-3bf0-4298-8a83-8d5c3816df16:c5179]
2019-09-03 20:26:33,689 [grpc-default-executor-2] INFO  client.GrpcClientProtocolClient (GrpcClientProtocolClient.java:onNext(255)) - client-CB1B8AC74E59->81367453-3bf0-4298-8a83-8d5c3816df16: receive RaftClientReply:client-CB1B8AC74E59->81367453-3bf0-4298-8a83-8d5c3816df16@group-F6EC397515C5, cid=3772, SUCCESS, logIndex=5179, commits[81367453-3bf0-4298-8a83-8d5c3816df16:c5179]
2019-09-03 20:26:33,696 [SCMBlockDeletingService#1] DEBUG block.SCMBlockDeletingService (SCMBlockDeletingService.java:call(138)) - Running DeletedBlockTransactionScanner
2019-09-03 20:26:33,697 [SCMBlockDeletingService#1] DEBUG block.SCMBlockDeletingService (SCMBlockDeletingService.java:call(155)) - Scanned deleted blocks log and got 0 delTX to process.
2019-09-03 20:26:33,728 [grpc-default-executor-1] INFO  client.GrpcClientProtocolClient (GrpcClientProtocolClient.java:onNext(255)) - client-CB1B8AC74E59->81367453-3bf0-4298-8a83-8d5c3816df16: receive RaftClientReply:client-CB1B8AC74E59->81367453-3bf0-4298-8a83-8d5c3816df16@group-F6EC397515C5, cid=3773, SUCCESS, logIndex=5181, commits[81367453-3bf0-4298-8a83-8d5c3816df16:c5184]
2019-09-03 20:26:33,838 [SCMBlockDeletingService#1] DEBUG block.SCMBlockDeletingService (SCMBlockDeletingService.java:call(138)) - Running DeletedBlockTransactionScanner
2019-09-03 20:26:33,843 [SCMBlockDeletingService#1] DEBUG block.SCMBlockDeletingService (SCMBlockDeletingService.java:call(155)) - Scanned deleted blocks log and got 0 delTX to process.
2019-09-03 20:26:33,844 [grpc-default-executor-1] INFO  client.GrpcClientProtocolClient (GrpcClientProtocolClient.java:onNext(255)) - client-CB1B8AC74E59->81367453-3bf0-4298-8a83-8d5c3816df16: receive RaftClientReply:client-CB1B8AC74E59->81367453-3bf0-4298-8a83-8d5c3816df16@group-F6EC397515C5, cid=3774, SUCCESS, logIndex=5182, commits[81367453-3bf0-4298-8a83-8d5c3816df16:c5184]
2019-09-03 20:26:33,844 [grpc-default-executor-1] INFO  client.GrpcClientProtocolClient (GrpcClientProtocolClient.java:onNext(255)) - client-CB1B8AC74E59->81367453-3bf0-4298-8a83-8d5c3816df16: receive RaftClientReply:client-CB1B8AC74E59->81367453-3bf0-4298-8a83-8d5c3816df16@group-F6EC397515C5, cid=3775, SUCCESS, logIndex=5183, commits[81367453-3bf0-4298-8a83-8d5c3816df16:c5184]
2019-09-03 20:26:33,845 [grpc-default-executor-1] INFO  client.GrpcClientProtocolClient (GrpcClientProtocolClient.java:onNext(255)) - client-CB1B8AC74E59->81367453-3bf0-4298-8a83-8d5c3816df16: receive RaftClientReply:client-CB1B8AC74E59->81367453-3bf0-4298-8a83-8d5c3816df16@group-F6EC397515C5, cid=3776, SUCCESS, logIndex=5184, commits[81367453-3bf0-4298-8a83-8d5c3816df16:c5185]
2019-09-03 20:26:33,868 [grpc-default-executor-1] INFO  client.GrpcClientProtocolClient (GrpcClientProtocolClient.java:onNext(255)) - client-CB1B8AC74E59->81367453-3bf0-4298-8a83-8d5c3816df16: receive RaftClientReply:client-CB1B8AC74E59->81367453-3bf0-4298-8a83-8d5c3816df16@group-F6EC397515C5, cid=3777, SUCCESS, logIndex=5186, commits[81367453-3bf0-4298-8a83-8d5c3816df16:c5187]
2019-09-03 20:26:33,869 [grpc-default-executor-1] INFO  client.GrpcClientProtocolClient (GrpcClientProtocolClient.java:onNext(255)) - client-CB1B8AC74E59->81367453-3bf0-4298-8a83-8d5c3816df16: receive RaftClientReply:client-CB1B8AC74E59->81367453-3bf0-4298-8a83-8d5c3816df16@group-F6EC397515C5, cid=3778, SUCCESS, logIndex=5187, commits[81367453-3bf0-4298-8a83-8d5c3816df16:c5187]
2019-09-03 20:26:33,879 [grpc-default-executor-1] INFO  client.GrpcClientProtocolClient (GrpcClientProtocolClient.java:onNext(255)) - client-CB1B8AC74E59->81367453-3bf0-4298-8a83-8d5c3816df16: receive RaftClientReply:client-CB1B8AC74E59->81367453-3bf0-4298-8a83-8d5c3816df16@group-F6EC397515C5, cid=3779, SUCCESS, logIndex=5188, commits[81367453-3bf0-4298-8a83-8d5c3816df16:c5189]
2019-09-03 20:26:33,880 [grpc-default-executor-1] INFO  client.GrpcClientProtocolClient (GrpcClientProtocolClient.java:onNext(255)) - client-CB1B8AC74E59->81367453-3bf0-4298-8a83-8d5c3816df16: receive RaftClientReply:client-CB1B8AC74E59->81367453-3bf0-4298-8a83-8d5c3816df16@group-F6EC397515C5, cid=3780, SUCCESS, logIndex=5189, commits[81367453-3bf0-4298-8a83-8d5c3816df16:c5189]
2019-09-03 20:26:33,912 [grpc-default-executor-1] INFO  client.GrpcClientProtocolClient (GrpcClientProtocolClient.java:onNext(255)) - client-CB1B8AC74E59->81367453-3bf0-4298-8a83-8d5c3816df16: receive RaftClientReply:client-CB1B8AC74E59->81367453-3bf0-4298-8a83-8d5c3816df16@group-F6EC397515C5, cid=3781, SUCCESS, logIndex=5192, commits[81367453-3bf0-4298-8a83-8d5c3816df16:c5195]
2019-09-03 20:26:33,913 [grpc-default-executor-1] INFO  client.GrpcClientProtocolClient (GrpcClientProtocolClient.java:onNext(255)) - client-CB1B8AC74E59->81367453-3bf0-4298-8a83-8d5c3816df16: receive RaftClientReply:client-CB1B8AC74E59->81367453-3bf0-4298-8a83-8d5c3816df16@group-F6EC397515C5, cid=3782, SUCCESS, logIndex=5193, commits[81367453-3bf0-4298-8a83-8d5c3816df16:c5195]
2019-09-03 20:26:33,913 [grpc-default-executor-1] INFO  client.GrpcClientProtocolClient (GrpcClientProtocolClient.java:onNext(255)) - client-CB1B8AC74E59->81367453-3bf0-4298-8a83-8d5c3816df16: receive RaftClientReply:client-CB1B8AC74E59->81367453-3bf0-4298-8a83-8d5c3816df16@group-F6EC397515C5, cid=3783, SUCCESS, logIndex=5194, commits[81367453-3bf0-4298-8a83-8d5c3816df16:c5195]
2019-09-03 20:26:33,913 [grpc-default-executor-1] INFO  client.GrpcClientProtocolClient (GrpcClientProtocolClient.java:onNext(255)) - client-CB1B8AC74E59->81367453-3bf0-4298-8a83-8d5c3816df16: receive RaftClientReply:client-CB1B8AC74E59->81367453-3bf0-4298-8a83-8d5c3816df16@group-F6EC397515C5, cid=3784, SUCCESS, logIndex=5195, commits[81367453-3bf0-4298-8a83-8d5c3816df16:c5195]
2019-09-03 20:26:33,943 [SCMBlockDeletingService#1] DEBUG block.SCMBlockDeletingService (SCMBlockDeletingService.java:call(138)) - Running DeletedBlockTransactionScanner
2019-09-03 20:26:33,944 [SCMBlockDeletingService#1] DEBUG block.SCMBlockDeletingService (SCMBlockDeletingService.java:call(155)) - Scanned deleted blocks log and got 0 delTX to process.
2019-09-03 20:26:33,944 [grpc-default-executor-1] INFO  client.GrpcClientProtocolClient (GrpcClientProtocolClient.java:onNext(255)) - client-CB1B8AC74E59->81367453-3bf0-4298-8a83-8d5c3816df16: receive RaftClientReply:client-CB1B8AC74E59->81367453-3bf0-4298-8a83-8d5c3816df16@group-F6EC397515C5, cid=3785, SUCCESS, logIndex=5197, commits[81367453-3bf0-4298-8a83-8d5c3816df16:c5198]
2019-09-03 20:26:33,945 [grpc-default-executor-1] INFO  client.GrpcClientProtocolClient (GrpcClientProtocolClient.java:onNext(255)) - client-CB1B8AC74E59->81367453-3bf0-4298-8a83-8d5c3816df16: receive RaftClientReply:client-CB1B8AC74E59->81367453-3bf0-4298-8a83-8d5c3816df16@group-F6EC397515C5, cid=3786, SUCCESS, logIndex=5198, commits[81367453-3bf0-4298-8a83-8d5c3816df16:c5198]
2019-09-03 20:26:33,945 [grpc-default-executor-1] INFO  client.GrpcClientProtocolClient (GrpcClientProtocolClient.java:onNext(255)) - client-CB1B8AC74E59->81367453-3bf0-4298-8a83-8d5c3816df16: receive RaftClientReply:client-CB1B8AC74E59->81367453-3bf0-4298-8a83-8d5c3816df16@group-F6EC397515C5, cid=3787, SUCCESS, logIndex=5199, commits[81367453-3bf0-4298-8a83-8d5c3816df16:c5200]
2019-09-03 20:26:33,945 [grpc-default-executor-1] INFO  client.GrpcClientProtocolClient (GrpcClientProtocolClient.java:onNext(255)) - client-CB1B8AC74E59->81367453-3bf0-4298-8a83-8d5c3816df16: receive RaftClientReply:client-CB1B8AC74E59->81367453-3bf0-4298-8a83-8d5c3816df16@group-F6EC397515C5, cid=3788, SUCCESS, logIndex=5200, commits[81367453-3bf0-4298-8a83-8d5c3816df16:c5200]
2019-09-03 20:26:34,044 [SCMBlockDeletingService#1] DEBUG block.SCMBlockDeletingService (SCMBlockDeletingService.java:call(138)) - Running DeletedBlockTransactionScanner
2019-09-03 20:26:34,045 [SCMBlockDeletingService#1] DEBUG block.SCMBlockDeletingService (SCMBlockDeletingService.java:call(155)) - Scanned deleted blocks log and got 0 delTX to process.
2019-09-03 20:26:34,145 [SCMBlockDeletingService#1] DEBUG block.SCMBlockDeletingService (SCMBlockDeletingService.java:call(138)) - Running DeletedBlockTransactionScanner
2019-09-03 20:26:34,145 [SCMBlockDeletingService#1] DEBUG block.SCMBlockDeletingService (SCMBlockDeletingService.java:call(155)) - Scanned deleted blocks log and got 0 delTX to process.
2019-09-03 20:26:34,245 [SCMBlockDeletingService#1] DEBUG block.SCMBlockDeletingService (SCMBlockDeletingService.java:call(138)) - Running DeletedBlockTransactionScanner
2019-09-03 20:26:34,246 [SCMBlockDeletingService#1] DEBUG block.SCMBlockDeletingService (SCMBlockDeletingService.java:call(155)) - Scanned deleted blocks log and got 0 delTX to process.
2019-09-03 20:26:34,346 [SCMBlockDeletingService#1] DEBUG block.SCMBlockDeletingService (SCMBlockDeletingService.java:call(138)) - Running DeletedBlockTransactionScanner
2019-09-03 20:26:34,347 [SCMBlockDeletingService#1] DEBUG block.SCMBlockDeletingService (SCMBlockDeletingService.java:call(155)) - Scanned deleted blocks log and got 0 delTX to process.
2019-09-03 20:26:34,447 [SCMBlockDeletingService#1] DEBUG block.SCMBlockDeletingService (SCMBlockDeletingService.java:call(138)) - Running DeletedBlockTransactionScanner
2019-09-03 20:26:34,448 [SCMBlockDeletingService#1] DEBUG block.SCMBlockDeletingService (SCMBlockDeletingService.java:call(155)) - Scanned deleted blocks log and got 0 delTX to process.
2019-09-03 20:26:34,548 [SCMBlockDeletingService#1] DEBUG block.SCMBlockDeletingService (SCMBlockDeletingService.java:call(138)) - Running DeletedBlockTransactionScanner
2019-09-03 20:26:34,548 [SCMBlockDeletingService#1] DEBUG block.SCMBlockDeletingService (SCMBlockDeletingService.java:call(155)) - Scanned deleted blocks log and got 0 delTX to process.
2019-09-03 20:26:34,551 [grpc-default-executor-1] INFO  client.GrpcClientProtocolClient (GrpcClientProtocolClient.java:onNext(255)) - client-CB1B8AC74E59->81367453-3bf0-4298-8a83-8d5c3816df16: receive RaftClientReply:client-CB1B8AC74E59->81367453-3bf0-4298-8a83-8d5c3816df16@group-F6EC397515C5, cid=3789, SUCCESS, logIndex=5203, commits[81367453-3bf0-4298-8a83-8d5c3816df16:c5207]
2019-09-03 20:26:34,552 [grpc-default-executor-1] INFO  client.GrpcClientProtocolClient (GrpcClientProtocolClient.java:onNext(255)) - client-CB1B8AC74E59->81367453-3bf0-4298-8a83-8d5c3816df16: receive RaftClientReply:client-CB1B8AC74E59->81367453-3bf0-4298-8a83-8d5c3816df16@group-F6EC397515C5, cid=3790, SUCCESS, logIndex=5204, commits[81367453-3bf0-4298-8a83-8d5c3816df16:c5207]
2019-09-03 20:26:34,586 [grpc-default-executor-1] INFO  client.GrpcClientProtocolClient (GrpcClientProtocolClient.java:onNext(255)) - client-CB1B8AC74E59->81367453-3bf0-4298-8a83-8d5c3816df16: receive RaftClientReply:client-CB1B8AC74E59->81367453-3bf0-4298-8a83-8d5c3816df16@group-F6EC397515C5, cid=3791, SUCCESS, logIndex=5205, commits[81367453-3bf0-4298-8a83-8d5c3816df16:c5207]
2019-09-03 20:26:34,587 [grpc-default-executor-1] INFO  client.GrpcClientProtocolClient (GrpcClientProtocolClient.java:onNext(255)) - client-CB1B8AC74E59->81367453-3bf0-4298-8a83-8d5c3816df16: receive RaftClientReply:client-CB1B8AC74E59->81367453-3bf0-4298-8a83-8d5c3816df16@group-F6EC397515C5, cid=3792, SUCCESS, logIndex=5206, commits[81367453-3bf0-4298-8a83-8d5c3816df16:c5207]
2019-09-03 20:26:34,649 [SCMBlockDeletingService#0] DEBUG block.SCMBlockDeletingService (SCMBlockDeletingService.java:call(138)) - Running DeletedBlockTransactionScanner
2019-09-03 20:26:34,649 [SCMBlockDeletingService#0] DEBUG block.SCMBlockDeletingService (SCMBlockDeletingService.java:call(155)) - Scanned deleted blocks log and got 0 delTX to process.
2019-09-03 20:26:34,749 [SCMBlockDeletingService#0] DEBUG block.SCMBlockDeletingService (SCMBlockDeletingService.java:call(138)) - Running DeletedBlockTransactionScanner
2019-09-03 20:26:34,749 [SCMBlockDeletingService#0] DEBUG block.SCMBlockDeletingService (SCMBlockDeletingService.java:call(155)) - Scanned deleted blocks log and got 0 delTX to process.
2019-09-03 20:26:34,804 [grpc-default-executor-1] INFO  client.GrpcClientProtocolClient (GrpcClientProtocolClient.java:onNext(255)) - client-CB1B8AC74E59->81367453-3bf0-4298-8a83-8d5c3816df16: receive RaftClientReply:client-CB1B8AC74E59->81367453-3bf0-4298-8a83-8d5c3816df16@group-F6EC397515C5, cid=3793, SUCCESS, logIndex=5208, commits[81367453-3bf0-4298-8a83-8d5c3816df16:c5211]
2019-09-03 20:26:34,806 [grpc-default-executor-1] INFO  client.GrpcClientProtocolClient (GrpcClientProtocolClient.java:onNext(255)) - client-CB1B8AC74E59->81367453-3bf0-4298-8a83-8d5c3816df16: receive RaftClientReply:client-CB1B8AC74E59->81367453-3bf0-4298-8a83-8d5c3816df16@group-F6EC397515C5, cid=3794, SUCCESS, logIndex=5209, commits[81367453-3bf0-4298-8a83-8d5c3816df16:c5211]
2019-09-03 20:26:34,806 [grpc-default-executor-1] INFO  client.GrpcClientProtocolClient (GrpcClientProtocolClient.java:onNext(255)) - client-CB1B8AC74E59->81367453-3bf0-4298-8a83-8d5c3816df16: receive RaftClientReply:client-CB1B8AC74E59->81367453-3bf0-4298-8a83-8d5c3816df16@group-F6EC397515C5, cid=3795, SUCCESS, logIndex=5210, commits[81367453-3bf0-4298-8a83-8d5c3816df16:c5211]
2019-09-03 20:26:34,807 [grpc-default-executor-1] INFO  client.GrpcClientProtocolClient (GrpcClientProtocolClient.java:onNext(255)) - client-CB1B8AC74E59->81367453-3bf0-4298-8a83-8d5c3816df16: receive RaftClientReply:client-CB1B8AC74E59->81367453-3bf0-4298-8a83-8d5c3816df16@group-F6EC397515C5, cid=3796, SUCCESS, logIndex=5211, commits[81367453-3bf0-4298-8a83-8d5c3816df16:c5211]
2019-09-03 20:26:34,819 [grpc-default-executor-1] INFO  client.GrpcClientProtocolClient (GrpcClientProtocolClient.java:onNext(255)) - client-CB1B8AC74E59->81367453-3bf0-4298-8a83-8d5c3816df16: receive RaftClientReply:client-CB1B8AC74E59->81367453-3bf0-4298-8a83-8d5c3816df16@group-F6EC397515C5, cid=3797, SUCCESS, logIndex=5213, commits[81367453-3bf0-4298-8a83-8d5c3816df16:c5214]
2019-09-03 20:26:34,820 [grpc-default-executor-1] INFO  client.GrpcClientProtocolClient (GrpcClientProtocolClient.java:onNext(255)) - client-CB1B8AC74E59->81367453-3bf0-4298-8a83-8d5c3816df16: receive RaftClientReply:client-CB1B8AC74E59->81367453-3bf0-4298-8a83-8d5c3816df16@group-F6EC397515C5, cid=3798, SUCCESS, logIndex=5214, commits[81367453-3bf0-4298-8a83-8d5c3816df16:c5214]
2019-09-03 20:26:34,824 [grpc-default-executor-1] INFO  client.GrpcClientProtocolClient (GrpcClientProtocolClient.java:onNext(255)) - client-CB1B8AC74E59->81367453-3bf0-4298-8a83-8d5c3816df16: receive RaftClientReply:client-CB1B8AC74E59->81367453-3bf0-4298-8a83-8d5c3816df16@group-F6EC397515C5, cid=3799, SUCCESS, logIndex=5215, commits[81367453-3bf0-4298-8a83-8d5c3816df16:c5216]
2019-09-03 20:26:34,824 [grpc-default-executor-1] INFO  client.GrpcClientProtocolClient (GrpcClientProtocolClient.java:onNext(255)) - client-CB1B8AC74E59->81367453-3bf0-4298-8a83-8d5c3816df16: receive RaftClientReply:client-CB1B8AC74E59->81367453-3bf0-4298-8a83-8d5c3816df16@group-F6EC397515C5, cid=3800, SUCCESS, logIndex=5216, commits[81367453-3bf0-4298-8a83-8d5c3816df16:c5216]
2019-09-03 20:26:34,850 [SCMBlockDeletingService#0] DEBUG block.SCMBlockDeletingService (SCMBlockDeletingService.java:call(138)) - Running DeletedBlockTransactionScanner
2019-09-03 20:26:34,850 [SCMBlockDeletingService#0] DEBUG block.SCMBlockDeletingService (SCMBlockDeletingService.java:call(155)) - Scanned deleted blocks log and got 0 delTX to process.
2019-09-03 20:26:34,934 [grpc-default-executor-1] INFO  client.GrpcClientProtocolClient (GrpcClientProtocolClient.java:onNext(255)) - client-CB1B8AC74E59->81367453-3bf0-4298-8a83-8d5c3816df16: receive RaftClientReply:client-CB1B8AC74E59->81367453-3bf0-4298-8a83-8d5c3816df16@group-F6EC397515C5, cid=3801, SUCCESS, logIndex=5219, commits[81367453-3bf0-4298-8a83-8d5c3816df16:c5220]
2019-09-03 20:26:34,935 [grpc-default-executor-1] INFO  client.GrpcClientProtocolClient (GrpcClientProtocolClient.java:onNext(255)) - client-CB1B8AC74E59->81367453-3bf0-4298-8a83-8d5c3816df16: receive RaftClientReply:client-CB1B8AC74E59->81367453-3bf0-4298-8a83-8d5c3816df16@group-F6EC397515C5, cid=3802, SUCCESS, logIndex=5220, commits[81367453-3bf0-4298-8a83-8d5c3816df16:c5220]
2019-09-03 20:26:34,946 [grpc-default-executor-1] INFO  client.GrpcClientProtocolClient (GrpcClientProtocolClient.java:onNext(255)) - client-CB1B8AC74E59->81367453-3bf0-4298-8a83-8d5c3816df16: receive RaftClientReply:client-CB1B8AC74E59->81367453-3bf0-4298-8a83-8d5c3816df16@group-F6EC397515C5, cid=3803, SUCCESS, logIndex=5221, commits[81367453-3bf0-4298-8a83-8d5c3816df16:c5222]
2019-09-03 20:26:34,946 [grpc-default-executor-1] INFO  client.GrpcClientProtocolClient (GrpcClientProtocolClient.java:onNext(255)) - client-CB1B8AC74E59->81367453-3bf0-4298-8a83-8d5c3816df16: receive RaftClientReply:client-CB1B8AC74E59->81367453-3bf0-4298-8a83-8d5c3816df16@group-F6EC397515C5, cid=3804, SUCCESS, logIndex=5222, commits[81367453-3bf0-4298-8a83-8d5c3816df16:c5222]
2019-09-03 20:26:34,950 [SCMBlockDeletingService#0] DEBUG block.SCMBlockDeletingService (SCMBlockDeletingService.java:call(138)) - Running DeletedBlockTransactionScanner
2019-09-03 20:26:34,951 [SCMBlockDeletingService#0] DEBUG block.SCMBlockDeletingService (SCMBlockDeletingService.java:call(155)) - Scanned deleted blocks log and got 0 delTX to process.
2019-09-03 20:26:34,967 [grpc-default-executor-2] INFO  client.GrpcClientProtocolClient (GrpcClientProtocolClient.java:onNext(255)) - client-CB1B8AC74E59->81367453-3bf0-4298-8a83-8d5c3816df16: receive RaftClientReply:client-CB1B8AC74E59->81367453-3bf0-4298-8a83-8d5c3816df16@group-F6EC397515C5, cid=3805, SUCCESS, logIndex=5225, commits[81367453-3bf0-4298-8a83-8d5c3816df16:c5228]
2019-09-03 20:26:34,967 [grpc-default-executor-2] INFO  client.GrpcClientProtocolClient (GrpcClientProtocolClient.java:onNext(255)) - client-CB1B8AC74E59->81367453-3bf0-4298-8a83-8d5c3816df16: receive RaftClientReply:client-CB1B8AC74E59->81367453-3bf0-4298-8a83-8d5c3816df16@group-F6EC397515C5, cid=3806, SUCCESS, logIndex=5226, commits[81367453-3bf0-4298-8a83-8d5c3816df16:c5228]
2019-09-03 20:26:34,968 [grpc-default-executor-2] INFO  client.GrpcClientProtocolClient (GrpcClientProtocolClient.java:onNext(255)) - client-CB1B8AC74E59->81367453-3bf0-4298-8a83-8d5c3816df16: receive RaftClientReply:client-CB1B8AC74E59->81367453-3bf0-4298-8a83-8d5c3816df16@group-F6EC397515C5, cid=3807, SUCCESS, logIndex=5227, commits[81367453-3bf0-4298-8a83-8d5c3816df16:c5228]
2019-09-03 20:26:34,968 [grpc-default-executor-2] INFO  client.GrpcClientProtocolClient (GrpcClientProtocolClient.java:onNext(255)) - client-CB1B8AC74E59->81367453-3bf0-4298-8a83-8d5c3816df16: receive RaftClientReply:client-CB1B8AC74E59->81367453-3bf0-4298-8a83-8d5c3816df16@group-F6EC397515C5, cid=3808, SUCCESS, logIndex=5228, commits[81367453-3bf0-4298-8a83-8d5c3816df16:c5228]
2019-09-03 20:26:35,019 [grpc-default-executor-1] INFO  client.GrpcClientProtocolClient (GrpcClientProtocolClient.java:onNext(255)) - client-CB1B8AC74E59->81367453-3bf0-4298-8a83-8d5c3816df16: receive RaftClientReply:client-CB1B8AC74E59->81367453-3bf0-4298-8a83-8d5c3816df16@group-F6EC397515C5, cid=3809, SUCCESS, logIndex=5230, commits[81367453-3bf0-4298-8a83-8d5c3816df16:c5233]
2019-09-03 20:26:35,020 [grpc-default-executor-1] INFO  client.GrpcClientProtocolClient (GrpcClientProtocolClient.java:onNext(255)) - client-CB1B8AC74E59->81367453-3bf0-4298-8a83-8d5c3816df16: receive RaftClientReply:client-CB1B8AC74E59->81367453-3bf0-4298-8a83-8d5c3816df16@group-F6EC397515C5, cid=3810, SUCCESS, logIndex=5231, commits[81367453-3bf0-4298-8a83-8d5c3816df16:c5233]
2019-09-03 20:26:35,020 [grpc-default-executor-1] INFO  client.GrpcClientProtocolClient (GrpcClientProtocolClient.java:onNext(255)) - client-CB1B8AC74E59->81367453-3bf0-4298-8a83-8d5c3816df16: receive RaftClientReply:client-CB1B8AC74E59->81367453-3bf0-4298-8a83-8d5c3816df16@group-F6EC397515C5, cid=3811, SUCCESS, logIndex=5232, commits[81367453-3bf0-4298-8a83-8d5c3816df16:c5233]
2019-09-03 20:26:35,021 [grpc-default-executor-1] INFO  client.GrpcClientProtocolClient (GrpcClientProtocolClient.java:onNext(255)) - client-CB1B8AC74E59->81367453-3bf0-4298-8a83-8d5c3816df16: receive RaftClientReply:client-CB1B8AC74E59->81367453-3bf0-4298-8a83-8d5c3816df16@group-F6EC397515C5, cid=3812, SUCCESS, logIndex=5233, commits[81367453-3bf0-4298-8a83-8d5c3816df16:c5233]
2019-09-03 20:26:35,052 [SCMBlockDeletingService#0] DEBUG block.SCMBlockDeletingService (SCMBlockDeletingService.java:call(138)) - Running DeletedBlockTransactionScanner
2019-09-03 20:26:35,053 [SCMBlockDeletingService#0] DEBUG block.SCMBlockDeletingService (SCMBlockDeletingService.java:call(155)) - Scanned deleted blocks log and got 0 delTX to process.
2019-09-03 20:26:35,061 [grpc-default-executor-1] INFO  client.GrpcClientProtocolClient (GrpcClientProtocolClient.java:onNext(255)) - client-CB1B8AC74E59->81367453-3bf0-4298-8a83-8d5c3816df16: receive RaftClientReply:client-CB1B8AC74E59->81367453-3bf0-4298-8a83-8d5c3816df16@group-F6EC397515C5, cid=3813, SUCCESS, logIndex=5235, commits[81367453-3bf0-4298-8a83-8d5c3816df16:c5238]
2019-09-03 20:26:35,062 [grpc-default-executor-1] INFO  client.GrpcClientProtocolClient (GrpcClientProtocolClient.java:onNext(255)) - client-CB1B8AC74E59->81367453-3bf0-4298-8a83-8d5c3816df16: receive RaftClientReply:client-CB1B8AC74E59->81367453-3bf0-4298-8a83-8d5c3816df16@group-F6EC397515C5, cid=3814, SUCCESS, logIndex=5236, commits[81367453-3bf0-4298-8a83-8d5c3816df16:c5239]
2019-09-03 20:26:35,062 [grpc-default-executor-1] INFO  client.GrpcClientProtocolClient (GrpcClientProtocolClient.java:onNext(255)) - client-CB1B8AC74E59->81367453-3bf0-4298-8a83-8d5c3816df16: receive RaftClientReply:client-CB1B8AC74E59->81367453-3bf0-4298-8a83-8d5c3816df16@group-F6EC397515C5, cid=3815, SUCCESS, logIndex=5237, commits[81367453-3bf0-4298-8a83-8d5c3816df16:c5239]
2019-09-03 20:26:35,063 [grpc-default-executor-1] INFO  client.GrpcClientProtocolClient (GrpcClientProtocolClient.java:onNext(255)) - client-CB1B8AC74E59->81367453-3bf0-4298-8a83-8d5c3816df16: receive RaftClientReply:client-CB1B8AC74E59->81367453-3bf0-4298-8a83-8d5c3816df16@group-F6EC397515C5, cid=3816, SUCCESS, logIndex=5238, commits[81367453-3bf0-4298-8a83-8d5c3816df16:c5239]
2019-09-03 20:26:35,093 [grpc-default-executor-1] INFO  client.GrpcClientProtocolClient (GrpcClientProtocolClient.java:onNext(255)) - client-CB1B8AC74E59->81367453-3bf0-4298-8a83-8d5c3816df16: receive RaftClientReply:client-CB1B8AC74E59->81367453-3bf0-4298-8a83-8d5c3816df16@group-F6EC397515C5, cid=3817, SUCCESS, logIndex=5240, commits[81367453-3bf0-4298-8a83-8d5c3816df16:c5241]
2019-09-03 20:26:35,094 [grpc-default-executor-1] INFO  client.GrpcClientProtocolClient (GrpcClientProtocolClient.java:onNext(255)) - client-CB1B8AC74E59->81367453-3bf0-4298-8a83-8d5c3816df16: receive RaftClientReply:client-CB1B8AC74E59->81367453-3bf0-4298-8a83-8d5c3816df16@group-F6EC397515C5, cid=3818, SUCCESS, logIndex=5241, commits[81367453-3bf0-4298-8a83-8d5c3816df16:c5241]
2019-09-03 20:26:35,099 [grpc-default-executor-1] INFO  client.GrpcClientProtocolClient (GrpcClientProtocolClient.java:onNext(255)) - client-CB1B8AC74E59->81367453-3bf0-4298-8a83-8d5c3816df16: receive RaftClientReply:client-CB1B8AC74E59->81367453-3bf0-4298-8a83-8d5c3816df16@group-F6EC397515C5, cid=3819, SUCCESS, logIndex=5242, commits[81367453-3bf0-4298-8a83-8d5c3816df16:c5243]
2019-09-03 20:26:35,099 [grpc-default-executor-1] INFO  client.GrpcClientProtocolClient (GrpcClientProtocolClient.java:onNext(255)) - client-CB1B8AC74E59->81367453-3bf0-4298-8a83-8d5c3816df16: receive RaftClientReply:client-CB1B8AC74E59->81367453-3bf0-4298-8a83-8d5c3816df16@group-F6EC397515C5, cid=3820, SUCCESS, logIndex=5243, commits[81367453-3bf0-4298-8a83-8d5c3816df16:c5243]
2019-09-03 20:26:35,138 [grpc-default-executor-2] INFO  client.GrpcClientProtocolClient (GrpcClientProtocolClient.java:onNext(255)) - client-CB1B8AC74E59->81367453-3bf0-4298-8a83-8d5c3816df16: receive RaftClientReply:client-CB1B8AC74E59->81367453-3bf0-4298-8a83-8d5c3816df16@group-F6EC397515C5, cid=3821, SUCCESS, logIndex=5246, commits[81367453-3bf0-4298-8a83-8d5c3816df16:c5249]
2019-09-03 20:26:35,138 [grpc-default-executor-2] INFO  client.GrpcClientProtocolClient (GrpcClientProtocolClient.java:onNext(255)) - client-CB1B8AC74E59->81367453-3bf0-4298-8a83-8d5c3816df16: receive RaftClientReply:client-CB1B8AC74E59->81367453-3bf0-4298-8a83-8d5c3816df16@group-F6EC397515C5, cid=3822, SUCCESS, logIndex=5247, commits[81367453-3bf0-4298-8a83-8d5c3816df16:c5249]
2019-09-03 20:26:35,138 [grpc-default-executor-2] INFO  client.GrpcClientProtocolClient (GrpcClientProtocolClient.java:onNext(255)) - client-CB1B8AC74E59->81367453-3bf0-4298-8a83-8d5c3816df16: receive RaftClientReply:client-CB1B8AC74E59->81367453-3bf0-4298-8a83-8d5c3816df16@group-F6EC397515C5, cid=3823, SUCCESS, logIndex=5248, commits[81367453-3bf0-4298-8a83-8d5c3816df16:c5250]
2019-09-03 20:26:35,139 [grpc-default-executor-2] INFO  client.GrpcClientProtocolClient (GrpcClientProtocolClient.java:onNext(255)) - client-CB1B8AC74E59->81367453-3bf0-4298-8a83-8d5c3816df16: receive RaftClientReply:client-CB1B8AC74E59->81367453-3bf0-4298-8a83-8d5c3816df16@group-F6EC397515C5, cid=3824, SUCCESS, logIndex=5249, commits[81367453-3bf0-4298-8a83-8d5c3816df16:c5250]
2019-09-03 20:26:35,153 [SCMBlockDeletingService#0] DEBUG block.SCMBlockDeletingService (SCMBlockDeletingService.java:call(138)) - Running DeletedBlockTransactionScanner
2019-09-03 20:26:35,154 [SCMBlockDeletingService#0] DEBUG block.SCMBlockDeletingService (SCMBlockDeletingService.java:call(155)) - Scanned deleted blocks log and got 0 delTX to process.
2019-09-03 20:26:35,202 [grpc-default-executor-1] INFO  client.GrpcClientProtocolClient (GrpcClientProtocolClient.java:onNext(255)) - client-CB1B8AC74E59->81367453-3bf0-4298-8a83-8d5c3816df16: receive RaftClientReply:client-CB1B8AC74E59->81367453-3bf0-4298-8a83-8d5c3816df16@group-F6EC397515C5, cid=3825, SUCCESS, logIndex=5251, commits[81367453-3bf0-4298-8a83-8d5c3816df16:c5252]
2019-09-03 20:26:35,203 [grpc-default-executor-1] INFO  client.GrpcClientProtocolClient (GrpcClientProtocolClient.java:onNext(255)) - client-CB1B8AC74E59->81367453-3bf0-4298-8a83-8d5c3816df16: receive RaftClientReply:client-CB1B8AC74E59->81367453-3bf0-4298-8a83-8d5c3816df16@group-F6EC397515C5, cid=3826, SUCCESS, logIndex=5252, commits[81367453-3bf0-4298-8a83-8d5c3816df16:c5252]
2019-09-03 20:26:35,212 [grpc-default-executor-1] INFO  client.GrpcClientProtocolClient (GrpcClientProtocolClient.java:onNext(255)) - client-CB1B8AC74E59->81367453-3bf0-4298-8a83-8d5c3816df16: receive RaftClientReply:client-CB1B8AC74E59->81367453-3bf0-4298-8a83-8d5c3816df16@group-F6EC397515C5, cid=3827, SUCCESS, logIndex=5253, commits[81367453-3bf0-4298-8a83-8d5c3816df16:c5254]
2019-09-03 20:26:35,212 [grpc-default-executor-1] INFO  client.GrpcClientProtocolClient (GrpcClientProtocolClient.java:onNext(255)) - client-CB1B8AC74E59->81367453-3bf0-4298-8a83-8d5c3816df16: receive RaftClientReply:client-CB1B8AC74E59->81367453-3bf0-4298-8a83-8d5c3816df16@group-F6EC397515C5, cid=3828, SUCCESS, logIndex=5254, commits[81367453-3bf0-4298-8a83-8d5c3816df16:c5254]
2019-09-03 20:26:35,224 [grpc-default-executor-1] INFO  client.GrpcClientProtocolClient (GrpcClientProtocolClient.java:onNext(255)) - client-CB1B8AC74E59->81367453-3bf0-4298-8a83-8d5c3816df16: receive RaftClientReply:client-CB1B8AC74E59->81367453-3bf0-4298-8a83-8d5c3816df16@group-F6EC397515C5, cid=3829, SUCCESS, logIndex=5257, commits[81367453-3bf0-4298-8a83-8d5c3816df16:c5260]
2019-09-03 20:26:35,224 [grpc-default-executor-1] INFO  client.GrpcClientProtocolClient (GrpcClientProtocolClient.java:onNext(255)) - client-CB1B8AC74E59->81367453-3bf0-4298-8a83-8d5c3816df16: receive RaftClientReply:client-CB1B8AC74E59->81367453-3bf0-4298-8a83-8d5c3816df16@group-F6EC397515C5, cid=3830, SUCCESS, logIndex=5258, commits[81367453-3bf0-4298-8a83-8d5c3816df16:c5260]
2019-09-03 20:26:35,225 [grpc-default-executor-1] INFO  client.GrpcClientProtocolClient (GrpcClientProtocolClient.java:onNext(255)) - client-CB1B8AC74E59->81367453-3bf0-4298-8a83-8d5c3816df16: receive RaftClientReply:client-CB1B8AC74E59->81367453-3bf0-4298-8a83-8d5c3816df16@group-F6EC397515C5, cid=3831, SUCCESS, logIndex=5259, commits[81367453-3bf0-4298-8a83-8d5c3816df16:c5260]
2019-09-03 20:26:35,225 [grpc-default-executor-1] INFO  client.GrpcClientProtocolClient (GrpcClientProtocolClient.java:onNext(255)) - client-CB1B8AC74E59->81367453-3bf0-4298-8a83-8d5c3816df16: receive RaftClientReply:client-CB1B8AC74E59->81367453-3bf0-4298-8a83-8d5c3816df16@group-F6EC397515C5, cid=3832, SUCCESS, logIndex=5260, commits[81367453-3bf0-4298-8a83-8d5c3816df16:c5260]
2019-09-03 20:26:35,250 [grpc-default-executor-1] INFO  client.GrpcClientProtocolClient (GrpcClientProtocolClient.java:onNext(255)) - client-CB1B8AC74E59->81367453-3bf0-4298-8a83-8d5c3816df16: receive RaftClientReply:client-CB1B8AC74E59->81367453-3bf0-4298-8a83-8d5c3816df16@group-F6EC397515C5, cid=3833, SUCCESS, logIndex=5262, commits[81367453-3bf0-4298-8a83-8d5c3816df16:c5263]
2019-09-03 20:26:35,250 [grpc-default-executor-1] INFO  client.GrpcClientProtocolClient (GrpcClientProtocolClient.java:onNext(255)) - client-CB1B8AC74E59->81367453-3bf0-4298-8a83-8d5c3816df16: receive RaftClientReply:client-CB1B8AC74E59->81367453-3bf0-4298-8a83-8d5c3816df16@group-F6EC397515C5, cid=3834, SUCCESS, logIndex=5263, commits[81367453-3bf0-4298-8a83-8d5c3816df16:c5263]
2019-09-03 20:26:35,254 [SCMBlockDeletingService#1] DEBUG block.SCMBlockDeletingService (SCMBlockDeletingService.java:call(138)) - Running DeletedBlockTransactionScanner
2019-09-03 20:26:35,254 [SCMBlockDeletingService#1] DEBUG block.SCMBlockDeletingService (SCMBlockDeletingService.java:call(155)) - Scanned deleted blocks log and got 0 delTX to process.
2019-09-03 20:26:35,258 [grpc-default-executor-1] INFO  client.GrpcClientProtocolClient (GrpcClientProtocolClient.java:onNext(255)) - client-CB1B8AC74E59->81367453-3bf0-4298-8a83-8d5c3816df16: receive RaftClientReply:client-CB1B8AC74E59->81367453-3bf0-4298-8a83-8d5c3816df16@group-F6EC397515C5, cid=3835, SUCCESS, logIndex=5264, commits[81367453-3bf0-4298-8a83-8d5c3816df16:c5265]
2019-09-03 20:26:35,259 [grpc-default-executor-1] INFO  client.GrpcClientProtocolClient (GrpcClientProtocolClient.java:onNext(255)) - client-CB1B8AC74E59->81367453-3bf0-4298-8a83-8d5c3816df16: receive RaftClientReply:client-CB1B8AC74E59->81367453-3bf0-4298-8a83-8d5c3816df16@group-F6EC397515C5, cid=3836, SUCCESS, logIndex=5265, commits[81367453-3bf0-4298-8a83-8d5c3816df16:c5265]
2019-09-03 20:26:35,276 [grpc-default-executor-1] INFO  client.GrpcClientProtocolClient (GrpcClientProtocolClient.java:onNext(255)) - client-CB1B8AC74E59->81367453-3bf0-4298-8a83-8d5c3816df16: receive RaftClientReply:client-CB1B8AC74E59->81367453-3bf0-4298-8a83-8d5c3816df16@group-F6EC397515C5, cid=3837, SUCCESS, logIndex=5268, commits[81367453-3bf0-4298-8a83-8d5c3816df16:c5271]
2019-09-03 20:26:35,277 [grpc-default-executor-1] INFO  client.GrpcClientProtocolClient (GrpcClientProtocolClient.java:onNext(255)) - client-CB1B8AC74E59->81367453-3bf0-4298-8a83-8d5c3816df16: receive RaftClientReply:client-CB1B8AC74E59->81367453-3bf0-4298-8a83-8d5c3816df16@group-F6EC397515C5, cid=3838, SUCCESS, logIndex=5269, commits[81367453-3bf0-4298-8a83-8d5c3816df16:c5271]
2019-09-03 20:26:35,277 [grpc-default-executor-1] INFO  client.GrpcClientProtocolClient (GrpcClientProtocolClient.java:onNext(255)) - client-CB1B8AC74E59->81367453-3bf0-4298-8a83-8d5c3816df16: receive RaftClientReply:client-CB1B8AC74E59->81367453-3bf0-4298-8a83-8d5c3816df16@group-F6EC397515C5, cid=3839, SUCCESS, logIndex=5270, commits[81367453-3bf0-4298-8a83-8d5c3816df16:c5271]
2019-09-03 20:26:35,277 [grpc-default-executor-1] INFO  client.GrpcClientProtocolClient (GrpcClientProtocolClient.java:onNext(255)) - client-CB1B8AC74E59->81367453-3bf0-4298-8a83-8d5c3816df16: receive RaftClientReply:client-CB1B8AC74E59->81367453-3bf0-4298-8a83-8d5c3816df16@group-F6EC397515C5, cid=3840, SUCCESS, logIndex=5271, commits[81367453-3bf0-4298-8a83-8d5c3816df16:c5271]
2019-09-03 20:26:35,297 [grpc-default-executor-1] INFO  client.GrpcClientProtocolClient (GrpcClientProtocolClient.java:onNext(255)) - client-CB1B8AC74E59->81367453-3bf0-4298-8a83-8d5c3816df16: receive RaftClientReply:client-CB1B8AC74E59->81367453-3bf0-4298-8a83-8d5c3816df16@group-F6EC397515C5, cid=3841, SUCCESS, logIndex=5273, commits[81367453-3bf0-4298-8a83-8d5c3816df16:c5276]
2019-09-03 20:26:35,297 [grpc-default-executor-1] INFO  client.GrpcClientProtocolClient (GrpcClientProtocolClient.java:onNext(255)) - client-CB1B8AC74E59->81367453-3bf0-4298-8a83-8d5c3816df16: receive RaftClientReply:client-CB1B8AC74E59->81367453-3bf0-4298-8a83-8d5c3816df16@group-F6EC397515C5, cid=3842, SUCCESS, logIndex=5274, commits[81367453-3bf0-4298-8a83-8d5c3816df16:c5276]
2019-09-03 20:26:35,297 [grpc-default-executor-1] INFO  client.GrpcClientProtocolClient (GrpcClientProtocolClient.java:onNext(255)) - client-CB1B8AC74E59->81367453-3bf0-4298-8a83-8d5c3816df16: receive RaftClientReply:client-CB1B8AC74E59->81367453-3bf0-4298-8a83-8d5c3816df16@group-F6EC397515C5, cid=3843, SUCCESS, logIndex=5275, commits[81367453-3bf0-4298-8a83-8d5c3816df16:c5276]
2019-09-03 20:26:35,298 [grpc-default-executor-1] INFO  client.GrpcClientProtocolClient (GrpcClientProtocolClient.java:onNext(255)) - client-CB1B8AC74E59->81367453-3bf0-4298-8a83-8d5c3816df16: receive RaftClientReply:client-CB1B8AC74E59->81367453-3bf0-4298-8a83-8d5c3816df16@group-F6EC397515C5, cid=3844, SUCCESS, logIndex=5276, commits[81367453-3bf0-4298-8a83-8d5c3816df16:c5276]
2019-09-03 20:26:35,315 [grpc-default-executor-1] INFO  client.GrpcClientProtocolClient (GrpcClientProtocolClient.java:onNext(255)) - client-CB1B8AC74E59->81367453-3bf0-4298-8a83-8d5c3816df16: receive RaftClientReply:client-CB1B8AC74E59->81367453-3bf0-4298-8a83-8d5c3816df16@group-F6EC397515C5, cid=3845, SUCCESS, logIndex=5278, commits[81367453-3bf0-4298-8a83-8d5c3816df16:c5279]
2019-09-03 20:26:35,315 [grpc-default-executor-1] INFO  client.GrpcClientProtocolClient (GrpcClientProtocolClient.java:onNext(255)) - client-CB1B8AC74E59->81367453-3bf0-4298-8a83-8d5c3816df16: receive RaftClientReply:client-CB1B8AC74E59->81367453-3bf0-4298-8a83-8d5c3816df16@group-F6EC397515C5, cid=3846, SUCCESS, logIndex=5279, commits[81367453-3bf0-4298-8a83-8d5c3816df16:c5279]
2019-09-03 20:26:35,354 [SCMBlockDeletingService#1] DEBUG block.SCMBlockDeletingService (SCMBlockDeletingService.java:call(138)) - Running DeletedBlockTransactionScanner
2019-09-03 20:26:35,355 [SCMBlockDeletingService#1] DEBUG block.SCMBlockDeletingService (SCMBlockDeletingService.java:call(155)) - Scanned deleted blocks log and got 0 delTX to process.
2019-09-03 20:26:35,422 [grpc-default-executor-1] INFO  client.GrpcClientProtocolClient (GrpcClientProtocolClient.java:onNext(255)) - client-CB1B8AC74E59->81367453-3bf0-4298-8a83-8d5c3816df16: receive RaftClientReply:client-CB1B8AC74E59->81367453-3bf0-4298-8a83-8d5c3816df16@group-F6EC397515C5, cid=3847, SUCCESS, logIndex=5281, commits[81367453-3bf0-4298-8a83-8d5c3816df16:c5282]
2019-09-03 20:26:35,422 [grpc-default-executor-1] INFO  client.GrpcClientProtocolClient (GrpcClientProtocolClient.java:onNext(255)) - client-CB1B8AC74E59->81367453-3bf0-4298-8a83-8d5c3816df16: receive RaftClientReply:client-CB1B8AC74E59->81367453-3bf0-4298-8a83-8d5c3816df16@group-F6EC397515C5, cid=3848, SUCCESS, logIndex=5282, commits[81367453-3bf0-4298-8a83-8d5c3816df16:c5282]
2019-09-03 20:26:35,454 [grpc-default-executor-1] INFO  client.GrpcClientProtocolClient (GrpcClientProtocolClient.java:onNext(255)) - client-CB1B8AC74E59->81367453-3bf0-4298-8a83-8d5c3816df16: receive RaftClientReply:client-CB1B8AC74E59->81367453-3bf0-4298-8a83-8d5c3816df16@group-F6EC397515C5, cid=3849, SUCCESS, logIndex=5284, commits[81367453-3bf0-4298-8a83-8d5c3816df16:c5285]
2019-09-03 20:26:35,454 [grpc-default-executor-1] INFO  client.GrpcClientProtocolClient (GrpcClientProtocolClient.java:onNext(255)) - client-CB1B8AC74E59->81367453-3bf0-4298-8a83-8d5c3816df16: receive RaftClientReply:client-CB1B8AC74E59->81367453-3bf0-4298-8a83-8d5c3816df16@group-F6EC397515C5, cid=3850, SUCCESS, logIndex=5285, commits[81367453-3bf0-4298-8a83-8d5c3816df16:c5285]
2019-09-03 20:26:35,455 [SCMBlockDeletingService#1] DEBUG block.SCMBlockDeletingService (SCMBlockDeletingService.java:call(138)) - Running DeletedBlockTransactionScanner
2019-09-03 20:26:35,455 [SCMBlockDeletingService#1] DEBUG block.SCMBlockDeletingService (SCMBlockDeletingService.java:call(155)) - Scanned deleted blocks log and got 0 delTX to process.
2019-09-03 20:26:35,460 [grpc-default-executor-1] INFO  client.GrpcClientProtocolClient (GrpcClientProtocolClient.java:onNext(255)) - client-CB1B8AC74E59->81367453-3bf0-4298-8a83-8d5c3816df16: receive RaftClientReply:client-CB1B8AC74E59->81367453-3bf0-4298-8a83-8d5c3816df16@group-F6EC397515C5, cid=3851, SUCCESS, logIndex=5286, commits[81367453-3bf0-4298-8a83-8d5c3816df16:c5287]
2019-09-03 20:26:35,460 [grpc-default-executor-1] INFO  client.GrpcClientProtocolClient (GrpcClientProtocolClient.java:onNext(255)) - client-CB1B8AC74E59->81367453-3bf0-4298-8a83-8d5c3816df16: receive RaftClientReply:client-CB1B8AC74E59->81367453-3bf0-4298-8a83-8d5c3816df16@group-F6EC397515C5, cid=3852, SUCCESS, logIndex=5287, commits[81367453-3bf0-4298-8a83-8d5c3816df16:c5287]
2019-09-03 20:26:35,490 [grpc-default-executor-1] INFO  client.GrpcClientProtocolClient (GrpcClientProtocolClient.java:onNext(255)) - client-CB1B8AC74E59->81367453-3bf0-4298-8a83-8d5c3816df16: receive RaftClientReply:client-CB1B8AC74E59->81367453-3bf0-4298-8a83-8d5c3816df16@group-F6EC397515C5, cid=3853, SUCCESS, logIndex=5290, commits[81367453-3bf0-4298-8a83-8d5c3816df16:c5293]
2019-09-03 20:26:35,491 [grpc-default-executor-1] INFO  client.GrpcClientProtocolClient (GrpcClientProtocolClient.java:onNext(255)) - client-CB1B8AC74E59->81367453-3bf0-4298-8a83-8d5c3816df16: receive RaftClientReply:client-CB1B8AC74E59->81367453-3bf0-4298-8a83-8d5c3816df16@group-F6EC397515C5, cid=3854, SUCCESS, logIndex=5291, commits[81367453-3bf0-4298-8a83-8d5c3816df16:c5293]
2019-09-03 20:26:35,491 [grpc-default-executor-1] INFO  client.GrpcClientProtocolClient (GrpcClientProtocolClient.java:onNext(255)) - client-CB1B8AC74E59->81367453-3bf0-4298-8a83-8d5c3816df16: receive RaftClientReply:client-CB1B8AC74E59->81367453-3bf0-4298-8a83-8d5c3816df16@group-F6EC397515C5, cid=3855, SUCCESS, logIndex=5292, commits[81367453-3bf0-4298-8a83-8d5c3816df16:c5293]
2019-09-03 20:26:35,492 [grpc-default-executor-1] INFO  client.GrpcClientProtocolClient (GrpcClientProtocolClient.java:onNext(255)) - client-CB1B8AC74E59->81367453-3bf0-4298-8a83-8d5c3816df16: receive RaftClientReply:client-CB1B8AC74E59->81367453-3bf0-4298-8a83-8d5c3816df16@group-F6EC397515C5, cid=3856, SUCCESS, logIndex=5293, commits[81367453-3bf0-4298-8a83-8d5c3816df16:c5293]
2019-09-03 20:26:35,519 [grpc-default-executor-1] INFO  client.GrpcClientProtocolClient (GrpcClientProtocolClient.java:onNext(255)) - client-CB1B8AC74E59->81367453-3bf0-4298-8a83-8d5c3816df16: receive RaftClientReply:client-CB1B8AC74E59->81367453-3bf0-4298-8a83-8d5c3816df16@group-F6EC397515C5, cid=3857, SUCCESS, logIndex=5295, commits[81367453-3bf0-4298-8a83-8d5c3816df16:c5296]
2019-09-03 20:26:35,520 [grpc-default-executor-1] INFO  client.GrpcClientProtocolClient (GrpcClientProtocolClient.java:onNext(255)) - client-CB1B8AC74E59->81367453-3bf0-4298-8a83-8d5c3816df16: receive RaftClientReply:client-CB1B8AC74E59->81367453-3bf0-4298-8a83-8d5c3816df16@group-F6EC397515C5, cid=3858, SUCCESS, logIndex=5296, commits[81367453-3bf0-4298-8a83-8d5c3816df16:c5298]
2019-09-03 20:26:35,520 [grpc-default-executor-1] INFO  client.GrpcClientProtocolClient (GrpcClientProtocolClient.java:onNext(255)) - client-CB1B8AC74E59->81367453-3bf0-4298-8a83-8d5c3816df16: receive RaftClientReply:client-CB1B8AC74E59->81367453-3bf0-4298-8a83-8d5c3816df16@group-F6EC397515C5, cid=3859, SUCCESS, logIndex=5297, commits[81367453-3bf0-4298-8a83-8d5c3816df16:c5298]
2019-09-03 20:26:35,521 [grpc-default-executor-1] INFO  client.GrpcClientProtocolClient (GrpcClientProtocolClient.java:onNext(255)) - client-CB1B8AC74E59->81367453-3bf0-4298-8a83-8d5c3816df16: receive RaftClientReply:client-CB1B8AC74E59->81367453-3bf0-4298-8a83-8d5c3816df16@group-F6EC397515C5, cid=3860, SUCCESS, logIndex=5298, commits[81367453-3bf0-4298-8a83-8d5c3816df16:c5298]
2019-09-03 20:26:35,531 [grpc-default-executor-1] INFO  client.GrpcClientProtocolClient (GrpcClientProtocolClient.java:onNext(255)) - client-CB1B8AC74E59->81367453-3bf0-4298-8a83-8d5c3816df16: receive RaftClientReply:client-CB1B8AC74E59->81367453-3bf0-4298-8a83-8d5c3816df16@group-F6EC397515C5, cid=3861, SUCCESS, logIndex=5301, commits[81367453-3bf0-4298-8a83-8d5c3816df16:c5302]
2019-09-03 20:26:35,531 [grpc-default-executor-1] INFO  client.GrpcClientProtocolClient (GrpcClientProtocolClient.java:onNext(255)) - client-CB1B8AC74E59->81367453-3bf0-4298-8a83-8d5c3816df16: receive RaftClientReply:client-CB1B8AC74E59->81367453-3bf0-4298-8a83-8d5c3816df16@group-F6EC397515C5, cid=3862, SUCCESS, logIndex=5302, commits[81367453-3bf0-4298-8a83-8d5c3816df16:c5302]
2019-09-03 20:26:35,543 [grpc-default-executor-1] INFO  client.GrpcClientProtocolClient (GrpcClientProtocolClient.java:onNext(255)) - client-CB1B8AC74E59->81367453-3bf0-4298-8a83-8d5c3816df16: receive RaftClientReply:client-CB1B8AC74E59->81367453-3bf0-4298-8a83-8d5c3816df16@group-F6EC397515C5, cid=3863, SUCCESS, logIndex=5303, commits[81367453-3bf0-4298-8a83-8d5c3816df16:c5305]
2019-09-03 20:26:35,543 [grpc-default-executor-1] INFO  client.GrpcClientProtocolClient (GrpcClientProtocolClient.java:onNext(255)) - client-CB1B8AC74E59->81367453-3bf0-4298-8a83-8d5c3816df16: receive RaftClientReply:client-CB1B8AC74E59->81367453-3bf0-4298-8a83-8d5c3816df16@group-F6EC397515C5, cid=3864, SUCCESS, logIndex=5304, commits[81367453-3bf0-4298-8a83-8d5c3816df16:c5305]
2019-09-03 20:26:35,556 [SCMBlockDeletingService#1] DEBUG block.SCMBlockDeletingService (SCMBlockDeletingService.java:call(138)) - Running DeletedBlockTransactionScanner
2019-09-03 20:26:35,556 [SCMBlockDeletingService#1] DEBUG block.SCMBlockDeletingService (SCMBlockDeletingService.java:call(155)) - Scanned deleted blocks log and got 0 delTX to process.
2019-09-03 20:26:35,570 [grpc-default-executor-2] INFO  client.GrpcClientProtocolClient (GrpcClientProtocolClient.java:onNext(255)) - client-CB1B8AC74E59->81367453-3bf0-4298-8a83-8d5c3816df16: receive RaftClientReply:client-CB1B8AC74E59->81367453-3bf0-4298-8a83-8d5c3816df16@group-F6EC397515C5, cid=3865, SUCCESS, logIndex=5306, commits[81367453-3bf0-4298-8a83-8d5c3816df16:c5307]
2019-09-03 20:26:35,571 [grpc-default-executor-2] INFO  client.GrpcClientProtocolClient (GrpcClientProtocolClient.java:onNext(255)) - client-CB1B8AC74E59->81367453-3bf0-4298-8a83-8d5c3816df16: receive RaftClientReply:client-CB1B8AC74E59->81367453-3bf0-4298-8a83-8d5c3816df16@group-F6EC397515C5, cid=3866, SUCCESS, logIndex=5307, commits[81367453-3bf0-4298-8a83-8d5c3816df16:c5307]
2019-09-03 20:26:35,577 [grpc-default-executor-2] INFO  client.GrpcClientProtocolClient (GrpcClientProtocolClient.java:onNext(255)) - client-CB1B8AC74E59->81367453-3bf0-4298-8a83-8d5c3816df16: receive RaftClientReply:client-CB1B8AC74E59->81367453-3bf0-4298-8a83-8d5c3816df16@group-F6EC397515C5, cid=3867, SUCCESS, logIndex=5308, commits[81367453-3bf0-4298-8a83-8d5c3816df16:c5309]
2019-09-03 20:26:35,577 [grpc-default-executor-2] INFO  client.GrpcClientProtocolClient (GrpcClientProtocolClient.java:onNext(255)) - client-CB1B8AC74E59->81367453-3bf0-4298-8a83-8d5c3816df16: receive RaftClientReply:client-CB1B8AC74E59->81367453-3bf0-4298-8a83-8d5c3816df16@group-F6EC397515C5, cid=3868, SUCCESS, logIndex=5309, commits[81367453-3bf0-4298-8a83-8d5c3816df16:c5309]
2019-09-03 20:26:35,613 [grpc-default-executor-2] INFO  client.GrpcClientProtocolClient (GrpcClientProtocolClient.java:onNext(255)) - client-CB1B8AC74E59->81367453-3bf0-4298-8a83-8d5c3816df16: receive RaftClientReply:client-CB1B8AC74E59->81367453-3bf0-4298-8a83-8d5c3816df16@group-F6EC397515C5, cid=3869, SUCCESS, logIndex=5312, commits[81367453-3bf0-4298-8a83-8d5c3816df16:c5315]
2019-09-03 20:26:35,614 [grpc-default-executor-2] INFO  client.GrpcClientProtocolClient (GrpcClientProtocolClient.java:onNext(255)) - client-CB1B8AC74E59->81367453-3bf0-4298-8a83-8d5c3816df16: receive RaftClientReply:client-CB1B8AC74E59->81367453-3bf0-4298-8a83-8d5c3816df16@group-F6EC397515C5, cid=3870, SUCCESS, logIndex=5313, commits[81367453-3bf0-4298-8a83-8d5c3816df16:c5315]
2019-09-03 20:26:35,614 [grpc-default-executor-2] INFO  client.GrpcClientProtocolClient (GrpcClientProtocolClient.java:onNext(255)) - client-CB1B8AC74E59->81367453-3bf0-4298-8a83-8d5c3816df16: receive RaftClientReply:client-CB1B8AC74E59->81367453-3bf0-4298-8a83-8d5c3816df16@group-F6EC397515C5, cid=3871, SUCCESS, logIndex=5314, commits[81367453-3bf0-4298-8a83-8d5c3816df16:c5315]
2019-09-03 20:26:35,614 [grpc-default-executor-2] INFO  client.GrpcClientProtocolClient (GrpcClientProtocolClient.java:onNext(255)) - client-CB1B8AC74E59->81367453-3bf0-4298-8a83-8d5c3816df16: receive RaftClientReply:client-CB1B8AC74E59->81367453-3bf0-4298-8a83-8d5c3816df16@group-F6EC397515C5, cid=3872, SUCCESS, logIndex=5315, commits[81367453-3bf0-4298-8a83-8d5c3816df16:c5315]
2019-09-03 20:26:35,656 [SCMBlockDeletingService#1] DEBUG block.SCMBlockDeletingService (SCMBlockDeletingService.java:call(138)) - Running DeletedBlockTransactionScanner
2019-09-03 20:26:35,657 [SCMBlockDeletingService#1] DEBUG block.SCMBlockDeletingService (SCMBlockDeletingService.java:call(155)) - Scanned deleted blocks log and got 0 delTX to process.
2019-09-03 20:26:35,657 [grpc-default-executor-2] INFO  client.GrpcClientProtocolClient (GrpcClientProtocolClient.java:onNext(255)) - client-CB1B8AC74E59->81367453-3bf0-4298-8a83-8d5c3816df16: receive RaftClientReply:client-CB1B8AC74E59->81367453-3bf0-4298-8a83-8d5c3816df16@group-F6EC397515C5, cid=3873, SUCCESS, logIndex=5317, commits[81367453-3bf0-4298-8a83-8d5c3816df16:c5320]
2019-09-03 20:26:35,658 [grpc-default-executor-2] INFO  client.GrpcClientProtocolClient (GrpcClientProtocolClient.java:onNext(255)) - client-CB1B8AC74E59->81367453-3bf0-4298-8a83-8d5c3816df16: receive RaftClientReply:client-CB1B8AC74E59->81367453-3bf0-4298-8a83-8d5c3816df16@group-F6EC397515C5, cid=3874, SUCCESS, logIndex=5318, commits[81367453-3bf0-4298-8a83-8d5c3816df16:c5320]
2019-09-03 20:26:35,658 [grpc-default-executor-2] INFO  client.GrpcClientProtocolClient (GrpcClientProtocolClient.java:onNext(255)) - client-CB1B8AC74E59->81367453-3bf0-4298-8a83-8d5c3816df16: receive RaftClientReply:client-CB1B8AC74E59->81367453-3bf0-4298-8a83-8d5c3816df16@group-F6EC397515C5, cid=3875, SUCCESS, logIndex=5319, commits[81367453-3bf0-4298-8a83-8d5c3816df16:c5320]
2019-09-03 20:26:35,658 [grpc-default-executor-2] INFO  client.GrpcClientProtocolClient (GrpcClientProtocolClient.java:onNext(255)) - client-CB1B8AC74E59->81367453-3bf0-4298-8a83-8d5c3816df16: receive RaftClientReply:client-CB1B8AC74E59->81367453-3bf0-4298-8a83-8d5c3816df16@group-F6EC397515C5, cid=3876, SUCCESS, logIndex=5320, commits[81367453-3bf0-4298-8a83-8d5c3816df16:c5320]
2019-09-03 20:26:35,686 [grpc-default-executor-1] INFO  client.GrpcClientProtocolClient (GrpcClientProtocolClient.java:onNext(255)) - client-CB1B8AC74E59->81367453-3bf0-4298-8a83-8d5c3816df16: receive RaftClientReply:client-CB1B8AC74E59->81367453-3bf0-4298-8a83-8d5c3816df16@group-F6EC397515C5, cid=3877, SUCCESS, logIndex=5322, commits[81367453-3bf0-4298-8a83-8d5c3816df16:c5325]
2019-09-03 20:26:35,687 [grpc-default-executor-1] INFO  client.GrpcClientProtocolClient (GrpcClientProtocolClient.java:onNext(255)) - client-CB1B8AC74E59->81367453-3bf0-4298-8a83-8d5c3816df16: receive RaftClientReply:client-CB1B8AC74E59->81367453-3bf0-4298-8a83-8d5c3816df16@group-F6EC397515C5, cid=3878, SUCCESS, logIndex=5323, commits[81367453-3bf0-4298-8a83-8d5c3816df16:c5325]
2019-09-03 20:26:35,687 [grpc-default-executor-1] INFO  client.GrpcClientProtocolClient (GrpcClientProtocolClient.java:onNext(255)) - client-CB1B8AC74E59->81367453-3bf0-4298-8a83-8d5c3816df16: receive RaftClientReply:client-CB1B8AC74E59->81367453-3bf0-4298-8a83-8d5c3816df16@group-F6EC397515C5, cid=3879, SUCCESS, logIndex=5324, commits[81367453-3bf0-4298-8a83-8d5c3816df16:c5325]
2019-09-03 20:26:35,687 [grpc-default-executor-1] INFO  client.GrpcClientProtocolClient (GrpcClientProtocolClient.java:onNext(255)) - client-CB1B8AC74E59->81367453-3bf0-4298-8a83-8d5c3816df16: receive RaftClientReply:client-CB1B8AC74E59->81367453-3bf0-4298-8a83-8d5c3816df16@group-F6EC397515C5, cid=3880, SUCCESS, logIndex=5325, commits[81367453-3bf0-4298-8a83-8d5c3816df16:c5326]
2019-09-03 20:26:35,801 [SCMBlockDeletingService#1] DEBUG block.SCMBlockDeletingService (SCMBlockDeletingService.java:call(138)) - Running DeletedBlockTransactionScanner
2019-09-03 20:26:35,802 [SCMBlockDeletingService#1] DEBUG block.SCMBlockDeletingService (SCMBlockDeletingService.java:call(155)) - Scanned deleted blocks log and got 0 delTX to process.
2019-09-03 20:26:35,821 [grpc-default-executor-1] INFO  client.GrpcClientProtocolClient (GrpcClientProtocolClient.java:onNext(255)) - client-CB1B8AC74E59->81367453-3bf0-4298-8a83-8d5c3816df16: receive RaftClientReply:client-CB1B8AC74E59->81367453-3bf0-4298-8a83-8d5c3816df16@group-F6EC397515C5, cid=3881, SUCCESS, logIndex=5327, commits[81367453-3bf0-4298-8a83-8d5c3816df16:c5328]
2019-09-03 20:26:35,822 [grpc-default-executor-1] INFO  client.GrpcClientProtocolClient (GrpcClientProtocolClient.java:onNext(255)) - client-CB1B8AC74E59->81367453-3bf0-4298-8a83-8d5c3816df16: receive RaftClientReply:client-CB1B8AC74E59->81367453-3bf0-4298-8a83-8d5c3816df16@group-F6EC397515C5, cid=3882, SUCCESS, logIndex=5328, commits[81367453-3bf0-4298-8a83-8d5c3816df16:c5328]
2019-09-03 20:26:35,834 [grpc-default-executor-1] INFO  client.GrpcClientProtocolClient (GrpcClientProtocolClient.java:onNext(255)) - client-CB1B8AC74E59->81367453-3bf0-4298-8a83-8d5c3816df16: receive RaftClientReply:client-CB1B8AC74E59->81367453-3bf0-4298-8a83-8d5c3816df16@group-F6EC397515C5, cid=3883, SUCCESS, logIndex=5329, commits[81367453-3bf0-4298-8a83-8d5c3816df16:c5330]
2019-09-03 20:26:35,834 [grpc-default-executor-1] INFO  client.GrpcClientProtocolClient (GrpcClientProtocolClient.java:onNext(255)) - client-CB1B8AC74E59->81367453-3bf0-4298-8a83-8d5c3816df16: receive RaftClientReply:client-CB1B8AC74E59->81367453-3bf0-4298-8a83-8d5c3816df16@group-F6EC397515C5, cid=3884, SUCCESS, logIndex=5330, commits[81367453-3bf0-4298-8a83-8d5c3816df16:c5330]
2019-09-03 20:26:35,855 [grpc-default-executor-1] INFO  client.GrpcClientProtocolClient (GrpcClientProtocolClient.java:onNext(255)) - client-CB1B8AC74E59->81367453-3bf0-4298-8a83-8d5c3816df16: receive RaftClientReply:client-CB1B8AC74E59->81367453-3bf0-4298-8a83-8d5c3816df16@group-F6EC397515C5, cid=3885, SUCCESS, logIndex=5333, commits[81367453-3bf0-4298-8a83-8d5c3816df16:c5336]
2019-09-03 20:26:35,855 [grpc-default-executor-1] INFO  client.GrpcClientProtocolClient (GrpcClientProtocolClient.java:onNext(255)) - client-CB1B8AC74E59->81367453-3bf0-4298-8a83-8d5c3816df16: receive RaftClientReply:client-CB1B8AC74E59->81367453-3bf0-4298-8a83-8d5c3816df16@group-F6EC397515C5, cid=3886, SUCCESS, logIndex=5334, commits[81367453-3bf0-4298-8a83-8d5c3816df16:c5336]
2019-09-03 20:26:35,856 [grpc-default-executor-1] INFO  client.GrpcClientProtocolClient (GrpcClientProtocolClient.java:onNext(255)) - client-CB1B8AC74E59->81367453-3bf0-4298-8a83-8d5c3816df16: receive RaftClientReply:client-CB1B8AC74E59->81367453-3bf0-4298-8a83-8d5c3816df16@group-F6EC397515C5, cid=3887, SUCCESS, logIndex=5335, commits[81367453-3bf0-4298-8a83-8d5c3816df16:c5336]
2019-09-03 20:26:35,856 [grpc-default-executor-1] INFO  client.GrpcClientProtocolClient (GrpcClientProtocolClient.java:onNext(255)) - client-CB1B8AC74E59->81367453-3bf0-4298-8a83-8d5c3816df16: receive RaftClientReply:client-CB1B8AC74E59->81367453-3bf0-4298-8a83-8d5c3816df16@group-F6EC397515C5, cid=3888, SUCCESS, logIndex=5336, commits[81367453-3bf0-4298-8a83-8d5c3816df16:c5336]
2019-09-03 20:26:35,883 [grpc-default-executor-2] INFO  client.GrpcClientProtocolClient (GrpcClientProtocolClient.java:onNext(255)) - client-CB1B8AC74E59->81367453-3bf0-4298-8a83-8d5c3816df16: receive RaftClientReply:client-CB1B8AC74E59->81367453-3bf0-4298-8a83-8d5c3816df16@group-F6EC397515C5, cid=3889, SUCCESS, logIndex=5338, commits[81367453-3bf0-4298-8a83-8d5c3816df16:c5339]
2019-09-03 20:26:35,884 [grpc-default-executor-2] INFO  client.GrpcClientProtocolClient (GrpcClientProtocolClient.java:onNext(255)) - client-CB1B8AC74E59->81367453-3bf0-4298-8a83-8d5c3816df16: receive RaftClientReply:client-CB1B8AC74E59->81367453-3bf0-4298-8a83-8d5c3816df16@group-F6EC397515C5, cid=3890, SUCCESS, logIndex=5339, commits[81367453-3bf0-4298-8a83-8d5c3816df16:c5339]
2019-09-03 20:26:35,902 [SCMBlockDeletingService#1] DEBUG block.SCMBlockDeletingService (SCMBlockDeletingService.java:call(138)) - Running DeletedBlockTransactionScanner
2019-09-03 20:26:35,902 [SCMBlockDeletingService#1] DEBUG block.SCMBlockDeletingService (SCMBlockDeletingService.java:call(155)) - Scanned deleted blocks log and got 0 delTX to process.
2019-09-03 20:26:35,987 [grpc-default-executor-2] INFO  client.GrpcClientProtocolClient (GrpcClientProtocolClient.java:onNext(255)) - client-CB1B8AC74E59->81367453-3bf0-4298-8a83-8d5c3816df16: receive RaftClientReply:client-CB1B8AC74E59->81367453-3bf0-4298-8a83-8d5c3816df16@group-F6EC397515C5, cid=3891, SUCCESS, logIndex=5341, commits[81367453-3bf0-4298-8a83-8d5c3816df16:c5342]
2019-09-03 20:26:35,987 [grpc-default-executor-2] INFO  client.GrpcClientProtocolClient (GrpcClientProtocolClient.java:onNext(255)) - client-CB1B8AC74E59->81367453-3bf0-4298-8a83-8d5c3816df16: receive RaftClientReply:client-CB1B8AC74E59->81367453-3bf0-4298-8a83-8d5c3816df16@group-F6EC397515C5, cid=3892, SUCCESS, logIndex=5342, commits[81367453-3bf0-4298-8a83-8d5c3816df16:c5342]
2019-09-03 20:26:36,003 [SCMBlockDeletingService#1] DEBUG block.SCMBlockDeletingService (SCMBlockDeletingService.java:call(138)) - Running DeletedBlockTransactionScanner
2019-09-03 20:26:36,003 [grpc-default-executor-1] INFO  client.GrpcClientProtocolClient (GrpcClientProtocolClient.java:onNext(255)) - client-CB1B8AC74E59->81367453-3bf0-4298-8a83-8d5c3816df16: receive RaftClientReply:client-CB1B8AC74E59->81367453-3bf0-4298-8a83-8d5c3816df16@group-F6EC397515C5, cid=3893, SUCCESS, logIndex=5344, commits[81367453-3bf0-4298-8a83-8d5c3816df16:c5347]
2019-09-03 20:26:36,003 [SCMBlockDeletingService#1] DEBUG block.SCMBlockDeletingService (SCMBlockDeletingService.java:call(155)) - Scanned deleted blocks log and got 0 delTX to process.
2019-09-03 20:26:36,003 [grpc-default-executor-1] INFO  client.GrpcClientProtocolClient (GrpcClientProtocolClient.java:onNext(255)) - client-CB1B8AC74E59->81367453-3bf0-4298-8a83-8d5c3816df16: receive RaftClientReply:client-CB1B8AC74E59->81367453-3bf0-4298-8a83-8d5c3816df16@group-F6EC397515C5, cid=3894, SUCCESS, logIndex=5345, commits[81367453-3bf0-4298-8a83-8d5c3816df16:c5347]
2019-09-03 20:26:36,004 [grpc-default-executor-1] INFO  client.GrpcClientProtocolClient (GrpcClientProtocolClient.java:onNext(255)) - client-CB1B8AC74E59->81367453-3bf0-4298-8a83-8d5c3816df16: receive RaftClientReply:client-CB1B8AC74E59->81367453-3bf0-4298-8a83-8d5c3816df16@group-F6EC397515C5, cid=3895, SUCCESS, logIndex=5346, commits[81367453-3bf0-4298-8a83-8d5c3816df16:c5347]
2019-09-03 20:26:36,004 [grpc-default-executor-1] INFO  client.GrpcClientProtocolClient (GrpcClientProtocolClient.java:onNext(255)) - client-CB1B8AC74E59->81367453-3bf0-4298-8a83-8d5c3816df16: receive RaftClientReply:client-CB1B8AC74E59->81367453-3bf0-4298-8a83-8d5c3816df16@group-F6EC397515C5, cid=3896, SUCCESS, logIndex=5347, commits[81367453-3bf0-4298-8a83-8d5c3816df16:c5347]
2019-09-03 20:26:36,024 [grpc-default-executor-2] INFO  client.GrpcClientProtocolClient (GrpcClientProtocolClient.java:onNext(255)) - client-CB1B8AC74E59->81367453-3bf0-4298-8a83-8d5c3816df16: receive RaftClientReply:client-CB1B8AC74E59->81367453-3bf0-4298-8a83-8d5c3816df16@group-F6EC397515C5, cid=3897, SUCCESS, logIndex=5349, commits[81367453-3bf0-4298-8a83-8d5c3816df16:c5352]
2019-09-03 20:26:36,024 [grpc-default-executor-2] INFO  client.GrpcClientProtocolClient (GrpcClientProtocolClient.java:onNext(255)) - client-CB1B8AC74E59->81367453-3bf0-4298-8a83-8d5c3816df16: receive RaftClientReply:client-CB1B8AC74E59->81367453-3bf0-4298-8a83-8d5c3816df16@group-F6EC397515C5, cid=3898, SUCCESS, logIndex=5350, commits[81367453-3bf0-4298-8a83-8d5c3816df16:c5352]
2019-09-03 20:26:36,024 [grpc-default-executor-2] INFO  client.GrpcClientProtocolClient (GrpcClientProtocolClient.java:onNext(255)) - client-CB1B8AC74E59->81367453-3bf0-4298-8a83-8d5c3816df16: receive RaftClientReply:client-CB1B8AC74E59->81367453-3bf0-4298-8a83-8d5c3816df16@group-F6EC397515C5, cid=3899, SUCCESS, logIndex=5351, commits[81367453-3bf0-4298-8a83-8d5c3816df16:c5352]
2019-09-03 20:26:36,025 [grpc-default-executor-2] INFO  client.GrpcClientProtocolClient (GrpcClientProtocolClient.java:onNext(255)) - client-CB1B8AC74E59->81367453-3bf0-4298-8a83-8d5c3816df16: receive RaftClientReply:client-CB1B8AC74E59->81367453-3bf0-4298-8a83-8d5c3816df16@group-F6EC397515C5, cid=3900, SUCCESS, logIndex=5352, commits[81367453-3bf0-4298-8a83-8d5c3816df16:c5352]
2019-09-03 20:26:36,036 [grpc-default-executor-2] INFO  client.GrpcClientProtocolClient (GrpcClientProtocolClient.java:onNext(255)) - client-CB1B8AC74E59->81367453-3bf0-4298-8a83-8d5c3816df16: receive RaftClientReply:client-CB1B8AC74E59->81367453-3bf0-4298-8a83-8d5c3816df16@group-F6EC397515C5, cid=3901, SUCCESS, logIndex=5354, commits[81367453-3bf0-4298-8a83-8d5c3816df16:c5357]
2019-09-03 20:26:36,037 [grpc-default-executor-2] INFO  client.GrpcClientProtocolClient (GrpcClientProtocolClient.java:onNext(255)) - client-CB1B8AC74E59->81367453-3bf0-4298-8a83-8d5c3816df16: receive RaftClientReply:client-CB1B8AC74E59->81367453-3bf0-4298-8a83-8d5c3816df16@group-F6EC397515C5, cid=3902, SUCCESS, logIndex=5355, commits[81367453-3bf0-4298-8a83-8d5c3816df16:c5357]
2019-09-03 20:26:36,037 [grpc-default-executor-2] INFO  client.GrpcClientProtocolClient (GrpcClientProtocolClient.java:onNext(255)) - client-CB1B8AC74E59->81367453-3bf0-4298-8a83-8d5c3816df16: receive RaftClientReply:client-CB1B8AC74E59->81367453-3bf0-4298-8a83-8d5c3816df16@group-F6EC397515C5, cid=3903, SUCCESS, logIndex=5356, commits[81367453-3bf0-4298-8a83-8d5c3816df16:c5357]
2019-09-03 20:26:36,037 [grpc-default-executor-2] INFO  client.GrpcClientProtocolClient (GrpcClientProtocolClient.java:onNext(255)) - client-CB1B8AC74E59->81367453-3bf0-4298-8a83-8d5c3816df16: receive RaftClientReply:client-CB1B8AC74E59->81367453-3bf0-4298-8a83-8d5c3816df16@group-F6EC397515C5, cid=3904, SUCCESS, logIndex=5357, commits[81367453-3bf0-4298-8a83-8d5c3816df16:c5357]
2019-09-03 20:26:36,063 [grpc-default-executor-2] INFO  client.GrpcClientProtocolClient (GrpcClientProtocolClient.java:onNext(255)) - client-CB1B8AC74E59->81367453-3bf0-4298-8a83-8d5c3816df16: receive RaftClientReply:client-CB1B8AC74E59->81367453-3bf0-4298-8a83-8d5c3816df16@group-F6EC397515C5, cid=3905, SUCCESS, logIndex=5359, commits[81367453-3bf0-4298-8a83-8d5c3816df16:c5362]
2019-09-03 20:26:36,063 [grpc-default-executor-2] INFO  client.GrpcClientProtocolClient (GrpcClientProtocolClient.java:onNext(255)) - client-CB1B8AC74E59->81367453-3bf0-4298-8a83-8d5c3816df16: receive RaftClientReply:client-CB1B8AC74E59->81367453-3bf0-4298-8a83-8d5c3816df16@group-F6EC397515C5, cid=3906, SUCCESS, logIndex=5360, commits[81367453-3bf0-4298-8a83-8d5c3816df16:c5362]
2019-09-03 20:26:36,063 [grpc-default-executor-2] INFO  client.GrpcClientProtocolClient (GrpcClientProtocolClient.java:onNext(255)) - client-CB1B8AC74E59->81367453-3bf0-4298-8a83-8d5c3816df16: receive RaftClientReply:client-CB1B8AC74E59->81367453-3bf0-4298-8a83-8d5c3816df16@group-F6EC397515C5, cid=3907, SUCCESS, logIndex=5361, commits[81367453-3bf0-4298-8a83-8d5c3816df16:c5362]
2019-09-03 20:26:36,064 [grpc-default-executor-2] INFO  client.GrpcClientProtocolClient (GrpcClientProtocolClient.java:onNext(255)) - client-CB1B8AC74E59->81367453-3bf0-4298-8a83-8d5c3816df16: receive RaftClientReply:client-CB1B8AC74E59->81367453-3bf0-4298-8a83-8d5c3816df16@group-F6EC397515C5, cid=3908, SUCCESS, logIndex=5362, commits[81367453-3bf0-4298-8a83-8d5c3816df16:c5362]
2019-09-03 20:26:36,079 [grpc-default-executor-2] INFO  client.GrpcClientProtocolClient (GrpcClientProtocolClient.java:onNext(255)) - client-CB1B8AC74E59->81367453-3bf0-4298-8a83-8d5c3816df16: receive RaftClientReply:client-CB1B8AC74E59->81367453-3bf0-4298-8a83-8d5c3816df16@group-F6EC397515C5, cid=3909, SUCCESS, logIndex=5364, commits[81367453-3bf0-4298-8a83-8d5c3816df16:c5365]
2019-09-03 20:26:36,080 [grpc-default-executor-2] INFO  client.GrpcClientProtocolClient (GrpcClientProtocolClient.java:onNext(255)) - client-CB1B8AC74E59->81367453-3bf0-4298-8a83-8d5c3816df16: receive RaftClientReply:client-CB1B8AC74E59->81367453-3bf0-4298-8a83-8d5c3816df16@group-F6EC397515C5, cid=3910, SUCCESS, logIndex=5365, commits[81367453-3bf0-4298-8a83-8d5c3816df16:c5365]
2019-09-03 20:26:36,090 [grpc-default-executor-2] INFO  client.GrpcClientProtocolClient (GrpcClientProtocolClient.java:onNext(255)) - client-CB1B8AC74E59->81367453-3bf0-4298-8a83-8d5c3816df16: receive RaftClientReply:client-CB1B8AC74E59->81367453-3bf0-4298-8a83-8d5c3816df16@group-F6EC397515C5, cid=3911, SUCCESS, logIndex=5366, commits[81367453-3bf0-4298-8a83-8d5c3816df16:c5367]
2019-09-03 20:26:36,091 [grpc-default-executor-2] INFO  client.GrpcClientProtocolClient (GrpcClientProtocolClient.java:onNext(255)) - client-CB1B8AC74E59->81367453-3bf0-4298-8a83-8d5c3816df16: receive RaftClientReply:client-CB1B8AC74E59->81367453-3bf0-4298-8a83-8d5c3816df16@group-F6EC397515C5, cid=3912, SUCCESS, logIndex=5367, commits[81367453-3bf0-4298-8a83-8d5c3816df16:c5367]
2019-09-03 20:26:36,103 [SCMBlockDeletingService#1] DEBUG block.SCMBlockDeletingService (SCMBlockDeletingService.java:call(138)) - Running DeletedBlockTransactionScanner
2019-09-03 20:26:36,104 [SCMBlockDeletingService#1] DEBUG block.SCMBlockDeletingService (SCMBlockDeletingService.java:call(155)) - Scanned deleted blocks log and got 0 delTX to process.
2019-09-03 20:26:36,112 [grpc-default-executor-1] INFO  segmented.SegmentedRaftLogWorker (SegmentedRaftLogWorker.java:rollLogSegment(385)) - 81367453-3bf0-4298-8a83-8d5c3816df16-SegmentedRaftLogWorker:Storage Directory /workdir/hadoop-ozone/integration-test/target/test-dir/MiniOzoneClusterImpl-f6d2529a-717c-4912-84e5-25bf8ea5201e/datanode-0/data/ratis/a9d3e85d-64a7-4c5f-8c0c-f6ec397515c5: Rolling segment log-0_5371 to index:5371
2019-09-03 20:26:36,120 [grpc-default-executor-1] INFO  client.GrpcClientProtocolClient (GrpcClientProtocolClient.java:onNext(255)) - client-CB1B8AC74E59->81367453-3bf0-4298-8a83-8d5c3816df16: receive RaftClientReply:client-CB1B8AC74E59->81367453-3bf0-4298-8a83-8d5c3816df16@group-F6EC397515C5, cid=3913, SUCCESS, logIndex=5370, commits[81367453-3bf0-4298-8a83-8d5c3816df16:c5371]
2019-09-03 20:26:36,121 [grpc-default-executor-1] INFO  client.GrpcClientProtocolClient (GrpcClientProtocolClient.java:onNext(255)) - client-CB1B8AC74E59->81367453-3bf0-4298-8a83-8d5c3816df16: receive RaftClientReply:client-CB1B8AC74E59->81367453-3bf0-4298-8a83-8d5c3816df16@group-F6EC397515C5, cid=3914, SUCCESS, logIndex=5371, commits[81367453-3bf0-4298-8a83-8d5c3816df16:c5371]
2019-09-03 20:26:36,121 [81367453-3bf0-4298-8a83-8d5c3816df16-SegmentedRaftLogWorker:Storage Directory /workdir/hadoop-ozone/integration-test/target/test-dir/MiniOzoneClusterImpl-f6d2529a-717c-4912-84e5-25bf8ea5201e/datanode-0/data/ratis/a9d3e85d-64a7-4c5f-8c0c-f6ec397515c5] INFO  segmented.SegmentedRaftLogWorker (SegmentedRaftLogWorker.java:execute(526)) - 81367453-3bf0-4298-8a83-8d5c3816df16-SegmentedRaftLogWorker:Storage Directory /workdir/hadoop-ozone/integration-test/target/test-dir/MiniOzoneClusterImpl-f6d2529a-717c-4912-84e5-25bf8ea5201e/datanode-0/data/ratis/a9d3e85d-64a7-4c5f-8c0c-f6ec397515c5: Rolled log segment from /workdir/hadoop-ozone/integration-test/target/test-dir/MiniOzoneClusterImpl-f6d2529a-717c-4912-84e5-25bf8ea5201e/datanode-0/data/ratis/a9d3e85d-64a7-4c5f-8c0c-f6ec397515c5/current/log_inprogress_0 to /workdir/hadoop-ozone/integration-test/target/test-dir/MiniOzoneClusterImpl-f6d2529a-717c-4912-84e5-25bf8ea5201e/datanode-0/data/ratis/a9d3e85d-64a7-4c5f-8c0c-f6ec397515c5/current/log_0-5371
2019-09-03 20:26:36,187 [81367453-3bf0-4298-8a83-8d5c3816df16-SegmentedRaftLogWorker:Storage Directory /workdir/hadoop-ozone/integration-test/target/test-dir/MiniOzoneClusterImpl-f6d2529a-717c-4912-84e5-25bf8ea5201e/datanode-0/data/ratis/a9d3e85d-64a7-4c5f-8c0c-f6ec397515c5] INFO  segmented.SegmentedRaftLogWorker (SegmentedRaftLogWorker.java:execute(569)) - 81367453-3bf0-4298-8a83-8d5c3816df16-SegmentedRaftLogWorker:Storage Directory /workdir/hadoop-ozone/integration-test/target/test-dir/MiniOzoneClusterImpl-f6d2529a-717c-4912-84e5-25bf8ea5201e/datanode-0/data/ratis/a9d3e85d-64a7-4c5f-8c0c-f6ec397515c5: created new log segment /workdir/hadoop-ozone/integration-test/target/test-dir/MiniOzoneClusterImpl-f6d2529a-717c-4912-84e5-25bf8ea5201e/datanode-0/data/ratis/a9d3e85d-64a7-4c5f-8c0c-f6ec397515c5/current/log_inprogress_5372
2019-09-03 20:26:36,199 [grpc-default-executor-1] INFO  client.GrpcClientProtocolClient (GrpcClientProtocolClient.java:onNext(255)) - client-CB1B8AC74E59->81367453-3bf0-4298-8a83-8d5c3816df16: receive RaftClientReply:client-CB1B8AC74E59->81367453-3bf0-4298-8a83-8d5c3816df16@group-F6EC397515C5, cid=3915, SUCCESS, logIndex=5372, commits[81367453-3bf0-4298-8a83-8d5c3816df16:c5374]
2019-09-03 20:26:36,201 [grpc-default-executor-1] INFO  client.GrpcClientProtocolClient (GrpcClientProtocolClient.java:onNext(255)) - client-CB1B8AC74E59->81367453-3bf0-4298-8a83-8d5c3816df16: receive RaftClientReply:client-CB1B8AC74E59->81367453-3bf0-4298-8a83-8d5c3816df16@group-F6EC397515C5, cid=3916, SUCCESS, logIndex=5373, commits[81367453-3bf0-4298-8a83-8d5c3816df16:c5374]
2019-09-03 20:26:36,204 [SCMBlockDeletingService#1] DEBUG block.SCMBlockDeletingService (SCMBlockDeletingService.java:call(138)) - Running DeletedBlockTransactionScanner
2019-09-03 20:26:36,205 [SCMBlockDeletingService#1] DEBUG block.SCMBlockDeletingService (SCMBlockDeletingService.java:call(155)) - Scanned deleted blocks log and got 0 delTX to process.
2019-09-03 20:26:36,221 [grpc-default-executor-2] INFO  client.GrpcClientProtocolClient (GrpcClientProtocolClient.java:onNext(255)) - client-CB1B8AC74E59->81367453-3bf0-4298-8a83-8d5c3816df16: receive RaftClientReply:client-CB1B8AC74E59->81367453-3bf0-4298-8a83-8d5c3816df16@group-F6EC397515C5, cid=3917, SUCCESS, logIndex=5375, commits[81367453-3bf0-4298-8a83-8d5c3816df16:c5376]
2019-09-03 20:26:36,222 [grpc-default-executor-2] INFO  client.GrpcClientProtocolClient (GrpcClientProtocolClient.java:onNext(255)) - client-CB1B8AC74E59->81367453-3bf0-4298-8a83-8d5c3816df16: receive RaftClientReply:client-CB1B8AC74E59->81367453-3bf0-4298-8a83-8d5c3816df16@group-F6EC397515C5, cid=3918, SUCCESS, logIndex=5376, commits[81367453-3bf0-4298-8a83-8d5c3816df16:c5378]
2019-09-03 20:26:36,222 [grpc-default-executor-2] INFO  client.GrpcClientProtocolClient (GrpcClientProtocolClient.java:onNext(255)) - client-CB1B8AC74E59->81367453-3bf0-4298-8a83-8d5c3816df16: receive RaftClientReply:client-CB1B8AC74E59->81367453-3bf0-4298-8a83-8d5c3816df16@group-F6EC397515C5, cid=3919, SUCCESS, logIndex=5377, commits[81367453-3bf0-4298-8a83-8d5c3816df16:c5378]
2019-09-03 20:26:36,222 [grpc-default-executor-2] INFO  client.GrpcClientProtocolClient (GrpcClientProtocolClient.java:onNext(255)) - client-CB1B8AC74E59->81367453-3bf0-4298-8a83-8d5c3816df16: receive RaftClientReply:client-CB1B8AC74E59->81367453-3bf0-4298-8a83-8d5c3816df16@group-F6EC397515C5, cid=3920, SUCCESS, logIndex=5378, commits[81367453-3bf0-4298-8a83-8d5c3816df16:c5379]
2019-09-03 20:26:36,251 [grpc-default-executor-2] INFO  client.GrpcClientProtocolClient (GrpcClientProtocolClient.java:onNext(255)) - client-CB1B8AC74E59->81367453-3bf0-4298-8a83-8d5c3816df16: receive RaftClientReply:client-CB1B8AC74E59->81367453-3bf0-4298-8a83-8d5c3816df16@group-F6EC397515C5, cid=3921, SUCCESS, logIndex=5381, commits[81367453-3bf0-4298-8a83-8d5c3816df16:c5384]
2019-09-03 20:26:36,252 [grpc-default-executor-2] INFO  client.GrpcClientProtocolClient (GrpcClientProtocolClient.java:onNext(255)) - client-CB1B8AC74E59->81367453-3bf0-4298-8a83-8d5c3816df16: receive RaftClientReply:client-CB1B8AC74E59->81367453-3bf0-4298-8a83-8d5c3816df16@group-F6EC397515C5, cid=3922, SUCCESS, logIndex=5382, commits[81367453-3bf0-4298-8a83-8d5c3816df16:c5385]
2019-09-03 20:26:36,252 [grpc-default-executor-2] INFO  client.GrpcClientProtocolClient (GrpcClientProtocolClient.java:onNext(255)) - client-CB1B8AC74E59->81367453-3bf0-4298-8a83-8d5c3816df16: receive RaftClientReply:client-CB1B8AC74E59->81367453-3bf0-4298-8a83-8d5c3816df16@group-F6EC397515C5, cid=3923, SUCCESS, logIndex=5383, commits[81367453-3bf0-4298-8a83-8d5c3816df16:c5385]
2019-09-03 20:26:36,252 [grpc-default-executor-2] INFO  client.GrpcClientProtocolClient (GrpcClientProtocolClient.java:onNext(255)) - client-CB1B8AC74E59->81367453-3bf0-4298-8a83-8d5c3816df16: receive RaftClientReply:client-CB1B8AC74E59->81367453-3bf0-4298-8a83-8d5c3816df16@group-F6EC397515C5, cid=3924, SUCCESS, logIndex=5384, commits[81367453-3bf0-4298-8a83-8d5c3816df16:c5386]
2019-09-03 20:26:36,271 [grpc-default-executor-1] INFO  client.GrpcClientProtocolClient (GrpcClientProtocolClient.java:onNext(255)) - client-CB1B8AC74E59->81367453-3bf0-4298-8a83-8d5c3816df16: receive RaftClientReply:client-CB1B8AC74E59->81367453-3bf0-4298-8a83-8d5c3816df16@group-F6EC397515C5, cid=3925, SUCCESS, logIndex=5387, commits[81367453-3bf0-4298-8a83-8d5c3816df16:c5388]
2019-09-03 20:26:36,272 [grpc-default-executor-1] INFO  client.GrpcClientProtocolClient (GrpcClientProtocolClient.java:onNext(255)) - client-CB1B8AC74E59->81367453-3bf0-4298-8a83-8d5c3816df16: receive RaftClientReply:client-CB1B8AC74E59->81367453-3bf0-4298-8a83-8d5c3816df16@group-F6EC397515C5, cid=3926, SUCCESS, logIndex=5388, commits[81367453-3bf0-4298-8a83-8d5c3816df16:c5390]
2019-09-03 20:26:36,272 [grpc-default-executor-1] INFO  client.GrpcClientProtocolClient (GrpcClientProtocolClient.java:onNext(255)) - client-CB1B8AC74E59->81367453-3bf0-4298-8a83-8d5c3816df16: receive RaftClientReply:client-CB1B8AC74E59->81367453-3bf0-4298-8a83-8d5c3816df16@group-F6EC397515C5, cid=3927, SUCCESS, logIndex=5389, commits[81367453-3bf0-4298-8a83-8d5c3816df16:c5391]
2019-09-03 20:26:36,273 [grpc-default-executor-1] INFO  client.GrpcClientProtocolClient (GrpcClientProtocolClient.java:onNext(255)) - client-CB1B8AC74E59->81367453-3bf0-4298-8a83-8d5c3816df16: receive RaftClientReply:client-CB1B8AC74E59->81367453-3bf0-4298-8a83-8d5c3816df16@group-F6EC397515C5, cid=3928, SUCCESS, logIndex=5390, commits[81367453-3bf0-4298-8a83-8d5c3816df16:c5392]
2019-09-03 20:26:36,306 [SCMBlockDeletingService#1] DEBUG block.SCMBlockDeletingService (SCMBlockDeletingService.java:call(138)) - Running DeletedBlockTransactionScanner
2019-09-03 20:26:36,306 [SCMBlockDeletingService#1] DEBUG block.SCMBlockDeletingService (SCMBlockDeletingService.java:call(155)) - Scanned deleted blocks log and got 0 delTX to process.
2019-09-03 20:26:36,308 [grpc-default-executor-2] INFO  client.GrpcClientProtocolClient (GrpcClientProtocolClient.java:onNext(255)) - client-CB1B8AC74E59->81367453-3bf0-4298-8a83-8d5c3816df16: receive RaftClientReply:client-CB1B8AC74E59->81367453-3bf0-4298-8a83-8d5c3816df16@group-F6EC397515C5, cid=3929, SUCCESS, logIndex=5393, commits[81367453-3bf0-4298-8a83-8d5c3816df16:c5396]
2019-09-03 20:26:36,309 [grpc-default-executor-2] INFO  client.GrpcClientProtocolClient (GrpcClientProtocolClient.java:onNext(255)) - client-CB1B8AC74E59->81367453-3bf0-4298-8a83-8d5c3816df16: receive RaftClientReply:client-CB1B8AC74E59->81367453-3bf0-4298-8a83-8d5c3816df16@group-F6EC397515C5, cid=3930, SUCCESS, logIndex=5394, commits[81367453-3bf0-4298-8a83-8d5c3816df16:c5397]
2019-09-03 20:26:36,309 [grpc-default-executor-2] INFO  client.GrpcClientProtocolClient (GrpcClientProtocolClient.java:onNext(255)) - client-CB1B8AC74E59->81367453-3bf0-4298-8a83-8d5c3816df16: receive RaftClientReply:client-CB1B8AC74E59->81367453-3bf0-4298-8a83-8d5c3816df16@group-F6EC397515C5, cid=3931, SUCCESS, logIndex=5395, commits[81367453-3bf0-4298-8a83-8d5c3816df16:c5397]
2019-09-03 20:26:36,309 [grpc-default-executor-2] INFO  client.GrpcClientProtocolClient (GrpcClientProtocolClient.java:onNext(255)) - client-CB1B8AC74E59->81367453-3bf0-4298-8a83-8d5c3816df16: receive RaftClientReply:client-CB1B8AC74E59->81367453-3bf0-4298-8a83-8d5c3816df16@group-F6EC397515C5, cid=3932, SUCCESS, logIndex=5396, commits[81367453-3bf0-4298-8a83-8d5c3816df16:c5397]
2019-09-03 20:26:36,329 [grpc-default-executor-2] INFO  client.GrpcClientProtocolClient (GrpcClientProtocolClient.java:onNext(255)) - client-CB1B8AC74E59->81367453-3bf0-4298-8a83-8d5c3816df16: receive RaftClientReply:client-CB1B8AC74E59->81367453-3bf0-4298-8a83-8d5c3816df16@group-F6EC397515C5, cid=3933, SUCCESS, logIndex=5398, commits[81367453-3bf0-4298-8a83-8d5c3816df16:c5399]
2019-09-03 20:26:36,330 [grpc-default-executor-2] INFO  client.GrpcClientProtocolClient (GrpcClientProtocolClient.java:onNext(255)) - client-CB1B8AC74E59->81367453-3bf0-4298-8a83-8d5c3816df16: receive RaftClientReply:client-CB1B8AC74E59->81367453-3bf0-4298-8a83-8d5c3816df16@group-F6EC397515C5, cid=3934, SUCCESS, logIndex=5399, commits[81367453-3bf0-4298-8a83-8d5c3816df16:c5400]
2019-09-03 20:26:36,407 [SCMBlockDeletingService#1] DEBUG block.SCMBlockDeletingService (SCMBlockDeletingService.java:call(138)) - Running DeletedBlockTransactionScanner
2019-09-03 20:26:36,407 [SCMBlockDeletingService#1] DEBUG block.SCMBlockDeletingService (SCMBlockDeletingService.java:call(155)) - Scanned deleted blocks log and got 0 delTX to process.
2019-09-03 20:26:36,436 [grpc-default-executor-1] INFO  client.GrpcClientProtocolClient (GrpcClientProtocolClient.java:onNext(255)) - client-CB1B8AC74E59->81367453-3bf0-4298-8a83-8d5c3816df16: receive RaftClientReply:client-CB1B8AC74E59->81367453-3bf0-4298-8a83-8d5c3816df16@group-F6EC397515C5, cid=3935, SUCCESS, logIndex=5401, commits[81367453-3bf0-4298-8a83-8d5c3816df16:c5402]
2019-09-03 20:26:36,437 [grpc-default-executor-1] INFO  client.GrpcClientProtocolClient (GrpcClientProtocolClient.java:onNext(255)) - client-CB1B8AC74E59->81367453-3bf0-4298-8a83-8d5c3816df16: receive RaftClientReply:client-CB1B8AC74E59->81367453-3bf0-4298-8a83-8d5c3816df16@group-F6EC397515C5, cid=3936, SUCCESS, logIndex=5402, commits[81367453-3bf0-4298-8a83-8d5c3816df16:c5403]
2019-09-03 20:26:36,476 [grpc-default-executor-2] INFO  client.GrpcClientProtocolClient (GrpcClientProtocolClient.java:onNext(255)) - client-CB1B8AC74E59->81367453-3bf0-4298-8a83-8d5c3816df16: receive RaftClientReply:client-CB1B8AC74E59->81367453-3bf0-4298-8a83-8d5c3816df16@group-F6EC397515C5, cid=3937, SUCCESS, logIndex=5404, commits[81367453-3bf0-4298-8a83-8d5c3816df16:c5407]
2019-09-03 20:26:36,476 [grpc-default-executor-2] INFO  client.GrpcClientProtocolClient (GrpcClientProtocolClient.java:onNext(255)) - client-CB1B8AC74E59->81367453-3bf0-4298-8a83-8d5c3816df16: receive RaftClientReply:client-CB1B8AC74E59->81367453-3bf0-4298-8a83-8d5c3816df16@group-F6EC397515C5, cid=3938, SUCCESS, logIndex=5405, commits[81367453-3bf0-4298-8a83-8d5c3816df16:c5408]
2019-09-03 20:26:36,477 [grpc-default-executor-2] INFO  client.GrpcClientProtocolClient (GrpcClientProtocolClient.java:onNext(255)) - client-CB1B8AC74E59->81367453-3bf0-4298-8a83-8d5c3816df16: receive RaftClientReply:client-CB1B8AC74E59->81367453-3bf0-4298-8a83-8d5c3816df16@group-F6EC397515C5, cid=3939, SUCCESS, logIndex=5406, commits[81367453-3bf0-4298-8a83-8d5c3816df16:c5408]
2019-09-03 20:26:36,477 [grpc-default-executor-2] INFO  client.GrpcClientProtocolClient (GrpcClientProtocolClient.java:onNext(255)) - client-CB1B8AC74E59->81367453-3bf0-4298-8a83-8d5c3816df16: receive RaftClientReply:client-CB1B8AC74E59->81367453-3bf0-4298-8a83-8d5c3816df16@group-F6EC397515C5, cid=3940, SUCCESS, logIndex=5407, commits[81367453-3bf0-4298-8a83-8d5c3816df16:c5408]
2019-09-03 20:26:36,497 [grpc-default-executor-2] INFO  client.GrpcClientProtocolClient (GrpcClientProtocolClient.java:onNext(255)) - client-CB1B8AC74E59->81367453-3bf0-4298-8a83-8d5c3816df16: receive RaftClientReply:client-CB1B8AC74E59->81367453-3bf0-4298-8a83-8d5c3816df16@group-F6EC397515C5, cid=3941, SUCCESS, logIndex=5409, commits[81367453-3bf0-4298-8a83-8d5c3816df16:c5412]
2019-09-03 20:26:36,497 [grpc-default-executor-2] INFO  client.GrpcClientProtocolClient (GrpcClientProtocolClient.java:onNext(255)) - client-CB1B8AC74E59->81367453-3bf0-4298-8a83-8d5c3816df16: receive RaftClientReply:client-CB1B8AC74E59->81367453-3bf0-4298-8a83-8d5c3816df16@group-F6EC397515C5, cid=3942, SUCCESS, logIndex=5410, commits[81367453-3bf0-4298-8a83-8d5c3816df16:c5413]
2019-09-03 20:26:36,497 [grpc-default-executor-2] INFO  client.GrpcClientProtocolClient (GrpcClientProtocolClient.java:onNext(255)) - client-CB1B8AC74E59->81367453-3bf0-4298-8a83-8d5c3816df16: receive RaftClientReply:client-CB1B8AC74E59->81367453-3bf0-4298-8a83-8d5c3816df16@group-F6EC397515C5, cid=3943, SUCCESS, logIndex=5411, commits[81367453-3bf0-4298-8a83-8d5c3816df16:c5413]
2019-09-03 20:26:36,497 [grpc-default-executor-2] INFO  client.GrpcClientProtocolClient (GrpcClientProtocolClient.java:onNext(255)) - client-CB1B8AC74E59->81367453-3bf0-4298-8a83-8d5c3816df16: receive RaftClientReply:client-CB1B8AC74E59->81367453-3bf0-4298-8a83-8d5c3816df16@group-F6EC397515C5, cid=3944, SUCCESS, logIndex=5412, commits[81367453-3bf0-4298-8a83-8d5c3816df16:c5413]
2019-09-03 20:26:36,507 [SCMBlockDeletingService#1] DEBUG block.SCMBlockDeletingService (SCMBlockDeletingService.java:call(138)) - Running DeletedBlockTransactionScanner
2019-09-03 20:26:36,508 [SCMBlockDeletingService#1] DEBUG block.SCMBlockDeletingService (SCMBlockDeletingService.java:call(155)) - Scanned deleted blocks log and got 0 delTX to process.
2019-09-03 20:26:36,526 [grpc-default-executor-1] INFO  client.GrpcClientProtocolClient (GrpcClientProtocolClient.java:onNext(255)) - client-CB1B8AC74E59->81367453-3bf0-4298-8a83-8d5c3816df16: receive RaftClientReply:client-CB1B8AC74E59->81367453-3bf0-4298-8a83-8d5c3816df16@group-F6EC397515C5, cid=3945, SUCCESS, logIndex=5414, commits[81367453-3bf0-4298-8a83-8d5c3816df16:c5417]
2019-09-03 20:26:36,526 [grpc-default-executor-1] INFO  client.GrpcClientProtocolClient (GrpcClientProtocolClient.java:onNext(255)) - client-CB1B8AC74E59->81367453-3bf0-4298-8a83-8d5c3816df16: receive RaftClientReply:client-CB1B8AC74E59->81367453-3bf0-4298-8a83-8d5c3816df16@group-F6EC397515C5, cid=3946, SUCCESS, logIndex=5415, commits[81367453-3bf0-4298-8a83-8d5c3816df16:c5418]
2019-09-03 20:26:36,527 [grpc-default-executor-1] INFO  client.GrpcClientProtocolClient (GrpcClientProtocolClient.java:onNext(255)) - client-CB1B8AC74E59->81367453-3bf0-4298-8a83-8d5c3816df16: receive RaftClientReply:client-CB1B8AC74E59->81367453-3bf0-4298-8a83-8d5c3816df16@group-F6EC397515C5, cid=3947, SUCCESS, logIndex=5416, commits[81367453-3bf0-4298-8a83-8d5c3816df16:c5418]
2019-09-03 20:26:36,527 [grpc-default-executor-1] INFO  client.GrpcClientProtocolClient (GrpcClientProtocolClient.java:onNext(255)) - client-CB1B8AC74E59->81367453-3bf0-4298-8a83-8d5c3816df16: receive RaftClientReply:client-CB1B8AC74E59->81367453-3bf0-4298-8a83-8d5c3816df16@group-F6EC397515C5, cid=3948, SUCCESS, logIndex=5417, commits[81367453-3bf0-4298-8a83-8d5c3816df16:c5418]
2019-09-03 20:26:36,547 [grpc-default-executor-2] INFO  client.GrpcClientProtocolClient (GrpcClientProtocolClient.java:onNext(255)) - client-CB1B8AC74E59->81367453-3bf0-4298-8a83-8d5c3816df16: receive RaftClientReply:client-CB1B8AC74E59->81367453-3bf0-4298-8a83-8d5c3816df16@group-F6EC397515C5, cid=3949, SUCCESS, logIndex=5419, commits[81367453-3bf0-4298-8a83-8d5c3816df16:c5422]
2019-09-03 20:26:36,548 [grpc-default-executor-2] INFO  client.GrpcClientProtocolClient (GrpcClientProtocolClient.java:onNext(255)) - client-CB1B8AC74E59->81367453-3bf0-4298-8a83-8d5c3816df16: receive RaftClientReply:client-CB1B8AC74E59->81367453-3bf0-4298-8a83-8d5c3816df16@group-F6EC397515C5, cid=3950, SUCCESS, logIndex=5420, commits[81367453-3bf0-4298-8a83-8d5c3816df16:c5423]
2019-09-03 20:26:36,548 [grpc-default-executor-2] INFO  client.GrpcClientProtocolClient (GrpcClientProtocolClient.java:onNext(255)) - client-CB1B8AC74E59->81367453-3bf0-4298-8a83-8d5c3816df16: receive RaftClientReply:client-CB1B8AC74E59->81367453-3bf0-4298-8a83-8d5c3816df16@group-F6EC397515C5, cid=3951, SUCCESS, logIndex=5421, commits[81367453-3bf0-4298-8a83-8d5c3816df16:c5423]
2019-09-03 20:26:36,548 [grpc-default-executor-2] INFO  client.GrpcClientProtocolClient (GrpcClientProtocolClient.java:onNext(255)) - client-CB1B8AC74E59->81367453-3bf0-4298-8a83-8d5c3816df16: receive RaftClientReply:client-CB1B8AC74E59->81367453-3bf0-4298-8a83-8d5c3816df16@group-F6EC397515C5, cid=3952, SUCCESS, logIndex=5422, commits[81367453-3bf0-4298-8a83-8d5c3816df16:c5423]
2019-09-03 20:26:36,577 [grpc-default-executor-2] INFO  client.GrpcClientProtocolClient (GrpcClientProtocolClient.java:onNext(255)) - client-CB1B8AC74E59->81367453-3bf0-4298-8a83-8d5c3816df16: receive RaftClientReply:client-CB1B8AC74E59->81367453-3bf0-4298-8a83-8d5c3816df16@group-F6EC397515C5, cid=3953, SUCCESS, logIndex=5424, commits[81367453-3bf0-4298-8a83-8d5c3816df16:c5425]
2019-09-03 20:26:36,578 [grpc-default-executor-2] INFO  client.GrpcClientProtocolClient (GrpcClientProtocolClient.java:onNext(255)) - client-CB1B8AC74E59->81367453-3bf0-4298-8a83-8d5c3816df16: receive RaftClientReply:client-CB1B8AC74E59->81367453-3bf0-4298-8a83-8d5c3816df16@group-F6EC397515C5, cid=3954, SUCCESS, logIndex=5425, commits[81367453-3bf0-4298-8a83-8d5c3816df16:c5425]
2019-09-03 20:26:36,579 [grpc-default-executor-2] INFO  client.GrpcClientProtocolClient (GrpcClientProtocolClient.java:onNext(255)) - client-CB1B8AC74E59->81367453-3bf0-4298-8a83-8d5c3816df16: receive RaftClientReply:client-CB1B8AC74E59->81367453-3bf0-4298-8a83-8d5c3816df16@group-F6EC397515C5, cid=3955, SUCCESS, logIndex=5426, commits[81367453-3bf0-4298-8a83-8d5c3816df16:c5427]
2019-09-03 20:26:36,579 [grpc-default-executor-2] INFO  client.GrpcClientProtocolClient (GrpcClientProtocolClient.java:onNext(255)) - client-CB1B8AC74E59->81367453-3bf0-4298-8a83-8d5c3816df16: receive RaftClientReply:client-CB1B8AC74E59->81367453-3bf0-4298-8a83-8d5c3816df16@group-F6EC397515C5, cid=3956, SUCCESS, logIndex=5427, commits[81367453-3bf0-4298-8a83-8d5c3816df16:c5427]
2019-09-03 20:26:36,590 [grpc-default-executor-2] INFO  client.GrpcClientProtocolClient (GrpcClientProtocolClient.java:onNext(255)) - client-CB1B8AC74E59->81367453-3bf0-4298-8a83-8d5c3816df16: receive RaftClientReply:client-CB1B8AC74E59->81367453-3bf0-4298-8a83-8d5c3816df16@group-F6EC397515C5, cid=3957, SUCCESS, logIndex=5430, commits[81367453-3bf0-4298-8a83-8d5c3816df16:c5433]
2019-09-03 20:26:36,591 [grpc-default-executor-2] INFO  client.GrpcClientProtocolClient (GrpcClientProtocolClient.java:onNext(255)) - client-CB1B8AC74E59->81367453-3bf0-4298-8a83-8d5c3816df16: receive RaftClientReply:client-CB1B8AC74E59->81367453-3bf0-4298-8a83-8d5c3816df16@group-F6EC397515C5, cid=3958, SUCCESS, logIndex=5431, commits[81367453-3bf0-4298-8a83-8d5c3816df16:c5434]
2019-09-03 20:26:36,591 [grpc-default-executor-2] INFO  client.GrpcClientProtocolClient (GrpcClientProtocolClient.java:onNext(255)) - client-CB1B8AC74E59->81367453-3bf0-4298-8a83-8d5c3816df16: receive RaftClientReply:client-CB1B8AC74E59->81367453-3bf0-4298-8a83-8d5c3816df16@group-F6EC397515C5, cid=3959, SUCCESS, logIndex=5432, commits[81367453-3bf0-4298-8a83-8d5c3816df16:c5434]
2019-09-03 20:26:36,592 [grpc-default-executor-2] INFO  client.GrpcClientProtocolClient (GrpcClientProtocolClient.java:onNext(255)) - client-CB1B8AC74E59->81367453-3bf0-4298-8a83-8d5c3816df16: receive RaftClientReply:client-CB1B8AC74E59->81367453-3bf0-4298-8a83-8d5c3816df16@group-F6EC397515C5, cid=3960, SUCCESS, logIndex=5433, commits[81367453-3bf0-4298-8a83-8d5c3816df16:c5434]
2019-09-03 20:26:36,608 [SCMBlockDeletingService#1] DEBUG block.SCMBlockDeletingService (SCMBlockDeletingService.java:call(138)) - Running DeletedBlockTransactionScanner
2019-09-03 20:26:36,608 [SCMBlockDeletingService#1] DEBUG block.SCMBlockDeletingService (SCMBlockDeletingService.java:call(155)) - Scanned deleted blocks log and got 0 delTX to process.
2019-09-03 20:26:36,619 [grpc-default-executor-2] INFO  client.GrpcClientProtocolClient (GrpcClientProtocolClient.java:onNext(255)) - client-CB1B8AC74E59->81367453-3bf0-4298-8a83-8d5c3816df16: receive RaftClientReply:client-CB1B8AC74E59->81367453-3bf0-4298-8a83-8d5c3816df16@group-F6EC397515C5, cid=3961, SUCCESS, logIndex=5435, commits[81367453-3bf0-4298-8a83-8d5c3816df16:c5438]
2019-09-03 20:26:36,620 [grpc-default-executor-2] INFO  client.GrpcClientProtocolClient (GrpcClientProtocolClient.java:onNext(255)) - client-CB1B8AC74E59->81367453-3bf0-4298-8a83-8d5c3816df16: receive RaftClientReply:client-CB1B8AC74E59->81367453-3bf0-4298-8a83-8d5c3816df16@group-F6EC397515C5, cid=3962, SUCCESS, logIndex=5436, commits[81367453-3bf0-4298-8a83-8d5c3816df16:c5439]
2019-09-03 20:26:36,620 [grpc-default-executor-2] INFO  client.GrpcClientProtocolClient (GrpcClientProtocolClient.java:onNext(255)) - client-CB1B8AC74E59->81367453-3bf0-4298-8a83-8d5c3816df16: receive RaftClientReply:client-CB1B8AC74E59->81367453-3bf0-4298-8a83-8d5c3816df16@group-F6EC397515C5, cid=3963, SUCCESS, logIndex=5437, commits[81367453-3bf0-4298-8a83-8d5c3816df16:c5439]
2019-09-03 20:26:36,620 [grpc-default-executor-2] INFO  client.GrpcClientProtocolClient (GrpcClientProtocolClient.java:onNext(255)) - client-CB1B8AC74E59->81367453-3bf0-4298-8a83-8d5c3816df16: receive RaftClientReply:client-CB1B8AC74E59->81367453-3bf0-4298-8a83-8d5c3816df16@group-F6EC397515C5, cid=3964, SUCCESS, logIndex=5438, commits[81367453-3bf0-4298-8a83-8d5c3816df16:c5439]
2019-09-03 20:26:36,640 [grpc-default-executor-2] INFO  client.GrpcClientProtocolClient (GrpcClientProtocolClient.java:onNext(255)) - client-CB1B8AC74E59->81367453-3bf0-4298-8a83-8d5c3816df16: receive RaftClientReply:client-CB1B8AC74E59->81367453-3bf0-4298-8a83-8d5c3816df16@group-F6EC397515C5, cid=3965, SUCCESS, logIndex=5440, commits[81367453-3bf0-4298-8a83-8d5c3816df16:c5443]
2019-09-03 20:26:36,640 [grpc-default-executor-2] INFO  client.GrpcClientProtocolClient (GrpcClientProtocolClient.java:onNext(255)) - client-CB1B8AC74E59->81367453-3bf0-4298-8a83-8d5c3816df16: receive RaftClientReply:client-CB1B8AC74E59->81367453-3bf0-4298-8a83-8d5c3816df16@group-F6EC397515C5, cid=3966, SUCCESS, logIndex=5441, commits[81367453-3bf0-4298-8a83-8d5c3816df16:c5443]
2019-09-03 20:26:36,640 [grpc-default-executor-2] INFO  client.GrpcClientProtocolClient (GrpcClientProtocolClient.java:onNext(255)) - client-CB1B8AC74E59->81367453-3bf0-4298-8a83-8d5c3816df16: receive RaftClientReply:client-CB1B8AC74E59->81367453-3bf0-4298-8a83-8d5c3816df16@group-F6EC397515C5, cid=3967, SUCCESS, logIndex=5442, commits[81367453-3bf0-4298-8a83-8d5c3816df16:c5444]
2019-09-03 20:26:36,640 [grpc-default-executor-2] INFO  client.GrpcClientProtocolClient (GrpcClientProtocolClient.java:onNext(255)) - client-CB1B8AC74E59->81367453-3bf0-4298-8a83-8d5c3816df16: receive RaftClientReply:client-CB1B8AC74E59->81367453-3bf0-4298-8a83-8d5c3816df16@group-F6EC397515C5, cid=3968, SUCCESS, logIndex=5443, commits[81367453-3bf0-4298-8a83-8d5c3816df16:c5444]
2019-09-03 20:26:36,673 [grpc-default-executor-2] INFO  client.GrpcClientProtocolClient (GrpcClientProtocolClient.java:onNext(255)) - client-CB1B8AC74E59->81367453-3bf0-4298-8a83-8d5c3816df16: receive RaftClientReply:client-CB1B8AC74E59->81367453-3bf0-4298-8a83-8d5c3816df16@group-F6EC397515C5, cid=3969, SUCCESS, logIndex=5445, commits[81367453-3bf0-4298-8a83-8d5c3816df16:c5448]
2019-09-03 20:26:36,673 [grpc-default-executor-2] INFO  client.GrpcClientProtocolClient (GrpcClientProtocolClient.java:onNext(255)) - client-CB1B8AC74E59->81367453-3bf0-4298-8a83-8d5c3816df16: receive RaftClientReply:client-CB1B8AC74E59->81367453-3bf0-4298-8a83-8d5c3816df16@group-F6EC397515C5, cid=3970, SUCCESS, logIndex=5446, commits[81367453-3bf0-4298-8a83-8d5c3816df16:c5449]
2019-09-03 20:26:36,674 [grpc-default-executor-2] INFO  client.GrpcClientProtocolClient (GrpcClientProtocolClient.java:onNext(255)) - client-CB1B8AC74E59->81367453-3bf0-4298-8a83-8d5c3816df16: receive RaftClientReply:client-CB1B8AC74E59->81367453-3bf0-4298-8a83-8d5c3816df16@group-F6EC397515C5, cid=3971, SUCCESS, logIndex=5447, commits[81367453-3bf0-4298-8a83-8d5c3816df16:c5449]
2019-09-03 20:26:36,674 [grpc-default-executor-2] INFO  client.GrpcClientProtocolClient (GrpcClientProtocolClient.java:onNext(255)) - client-CB1B8AC74E59->81367453-3bf0-4298-8a83-8d5c3816df16: receive RaftClientReply:client-CB1B8AC74E59->81367453-3bf0-4298-8a83-8d5c3816df16@group-F6EC397515C5, cid=3972, SUCCESS, logIndex=5448, commits[81367453-3bf0-4298-8a83-8d5c3816df16:c5449]
2019-09-03 20:26:36,699 [grpc-default-executor-2] INFO  client.GrpcClientProtocolClient (GrpcClientProtocolClient.java:onNext(255)) - client-CB1B8AC74E59->81367453-3bf0-4298-8a83-8d5c3816df16: receive RaftClientReply:client-CB1B8AC74E59->81367453-3bf0-4298-8a83-8d5c3816df16@group-F6EC397515C5, cid=3973, SUCCESS, logIndex=5450, commits[81367453-3bf0-4298-8a83-8d5c3816df16:c5453]
2019-09-03 20:26:36,700 [grpc-default-executor-2] INFO  client.GrpcClientProtocolClient (GrpcClientProtocolClient.java:onNext(255)) - client-CB1B8AC74E59->81367453-3bf0-4298-8a83-8d5c3816df16: receive RaftClientReply:client-CB1B8AC74E59->81367453-3bf0-4298-8a83-8d5c3816df16@group-F6EC397515C5, cid=3974, SUCCESS, logIndex=5451, commits[81367453-3bf0-4298-8a83-8d5c3816df16:c5453]
2019-09-03 20:26:36,700 [grpc-default-executor-2] INFO  client.GrpcClientProtocolClient (GrpcClientProtocolClient.java:onNext(255)) - client-CB1B8AC74E59->81367453-3bf0-4298-8a83-8d5c3816df16: receive RaftClientReply:client-CB1B8AC74E59->81367453-3bf0-4298-8a83-8d5c3816df16@group-F6EC397515C5, cid=3975, SUCCESS, logIndex=5452, commits[81367453-3bf0-4298-8a83-8d5c3816df16:c5454]
2019-09-03 20:26:36,701 [grpc-default-executor-2] INFO  client.GrpcClientProtocolClient (GrpcClientProtocolClient.java:onNext(255)) - client-CB1B8AC74E59->81367453-3bf0-4298-8a83-8d5c3816df16: receive RaftClientReply:client-CB1B8AC74E59->81367453-3bf0-4298-8a83-8d5c3816df16@group-F6EC397515C5, cid=3976, SUCCESS, logIndex=5453, commits[81367453-3bf0-4298-8a83-8d5c3816df16:c5454]
2019-09-03 20:26:36,785 [SCMBlockDeletingService#1] DEBUG block.SCMBlockDeletingService (SCMBlockDeletingService.java:call(138)) - Running DeletedBlockTransactionScanner
2019-09-03 20:26:36,786 [SCMBlockDeletingService#1] DEBUG block.SCMBlockDeletingService (SCMBlockDeletingService.java:call(155)) - Scanned deleted blocks log and got 0 delTX to process.
2019-09-03 20:26:36,811 [grpc-default-executor-2] INFO  client.GrpcClientProtocolClient (GrpcClientProtocolClient.java:onNext(255)) - client-CB1B8AC74E59->81367453-3bf0-4298-8a83-8d5c3816df16: receive RaftClientReply:client-CB1B8AC74E59->81367453-3bf0-4298-8a83-8d5c3816df16@group-F6EC397515C5, cid=3977, SUCCESS, logIndex=5455, commits[81367453-3bf0-4298-8a83-8d5c3816df16:c5456]
2019-09-03 20:26:36,812 [grpc-default-executor-2] INFO  client.GrpcClientProtocolClient (GrpcClientProtocolClient.java:onNext(255)) - client-CB1B8AC74E59->81367453-3bf0-4298-8a83-8d5c3816df16: receive RaftClientReply:client-CB1B8AC74E59->81367453-3bf0-4298-8a83-8d5c3816df16@group-F6EC397515C5, cid=3978, SUCCESS, logIndex=5456, commits[81367453-3bf0-4298-8a83-8d5c3816df16:c5457]
2019-09-03 20:26:36,886 [SCMBlockDeletingService#1] DEBUG block.SCMBlockDeletingService (SCMBlockDeletingService.java:call(138)) - Running DeletedBlockTransactionScanner
2019-09-03 20:26:36,886 [SCMBlockDeletingService#1] DEBUG block.SCMBlockDeletingService (SCMBlockDeletingService.java:call(155)) - Scanned deleted blocks log and got 0 delTX to process.
2019-09-03 20:26:36,899 [grpc-default-executor-1] INFO  client.GrpcClientProtocolClient (GrpcClientProtocolClient.java:onNext(255)) - client-CB1B8AC74E59->81367453-3bf0-4298-8a83-8d5c3816df16: receive RaftClientReply:client-CB1B8AC74E59->81367453-3bf0-4298-8a83-8d5c3816df16@group-F6EC397515C5, cid=3979, SUCCESS, logIndex=5458, commits[81367453-3bf0-4298-8a83-8d5c3816df16:c5459]
2019-09-03 20:26:36,899 [grpc-default-executor-1] INFO  client.GrpcClientProtocolClient (GrpcClientProtocolClient.java:onNext(255)) - client-CB1B8AC74E59->81367453-3bf0-4298-8a83-8d5c3816df16: receive RaftClientReply:client-CB1B8AC74E59->81367453-3bf0-4298-8a83-8d5c3816df16@group-F6EC397515C5, cid=3980, SUCCESS, logIndex=5459, commits[81367453-3bf0-4298-8a83-8d5c3816df16:c5460]
2019-09-03 20:26:36,920 [grpc-default-executor-1] INFO  client.GrpcClientProtocolClient (GrpcClientProtocolClient.java:onNext(255)) - client-CB1B8AC74E59->81367453-3bf0-4298-8a83-8d5c3816df16: receive RaftClientReply:client-CB1B8AC74E59->81367453-3bf0-4298-8a83-8d5c3816df16@group-F6EC397515C5, cid=3981, SUCCESS, logIndex=5461, commits[81367453-3bf0-4298-8a83-8d5c3816df16:c5464]
2019-09-03 20:26:36,920 [grpc-default-executor-1] INFO  client.GrpcClientProtocolClient (GrpcClientProtocolClient.java:onNext(255)) - client-CB1B8AC74E59->81367453-3bf0-4298-8a83-8d5c3816df16: receive RaftClientReply:client-CB1B8AC74E59->81367453-3bf0-4298-8a83-8d5c3816df16@group-F6EC397515C5, cid=3982, SUCCESS, logIndex=5462, commits[81367453-3bf0-4298-8a83-8d5c3816df16:c5464]
2019-09-03 20:26:36,920 [grpc-default-executor-1] INFO  client.GrpcClientProtocolClient (GrpcClientProtocolClient.java:onNext(255)) - client-CB1B8AC74E59->81367453-3bf0-4298-8a83-8d5c3816df16: receive RaftClientReply:client-CB1B8AC74E59->81367453-3bf0-4298-8a83-8d5c3816df16@group-F6EC397515C5, cid=3983, SUCCESS, logIndex=5463, commits[81367453-3bf0-4298-8a83-8d5c3816df16:c5464]
2019-09-03 20:26:36,921 [grpc-default-executor-1] INFO  client.GrpcClientProtocolClient (GrpcClientProtocolClient.java:onNext(255)) - client-CB1B8AC74E59->81367453-3bf0-4298-8a83-8d5c3816df16: receive RaftClientReply:client-CB1B8AC74E59->81367453-3bf0-4298-8a83-8d5c3816df16@group-F6EC397515C5, cid=3984, SUCCESS, logIndex=5464, commits[81367453-3bf0-4298-8a83-8d5c3816df16:c5464]
2019-09-03 20:26:36,952 [grpc-default-executor-1] INFO  client.GrpcClientProtocolClient (GrpcClientProtocolClient.java:onNext(255)) - client-CB1B8AC74E59->81367453-3bf0-4298-8a83-8d5c3816df16: receive RaftClientReply:client-CB1B8AC74E59->81367453-3bf0-4298-8a83-8d5c3816df16@group-F6EC397515C5, cid=3985, SUCCESS, logIndex=5466, commits[81367453-3bf0-4298-8a83-8d5c3816df16:c5469]
2019-09-03 20:26:36,953 [grpc-default-executor-1] INFO  client.GrpcClientProtocolClient (GrpcClientProtocolClient.java:onNext(255)) - client-CB1B8AC74E59->81367453-3bf0-4298-8a83-8d5c3816df16: receive RaftClientReply:client-CB1B8AC74E59->81367453-3bf0-4298-8a83-8d5c3816df16@group-F6EC397515C5, cid=3986, SUCCESS, logIndex=5467, commits[81367453-3bf0-4298-8a83-8d5c3816df16:c5470]
2019-09-03 20:26:36,953 [grpc-default-executor-1] INFO  client.GrpcClientProtocolClient (GrpcClientProtocolClient.java:onNext(255)) - client-CB1B8AC74E59->81367453-3bf0-4298-8a83-8d5c3816df16: receive RaftClientReply:client-CB1B8AC74E59->81367453-3bf0-4298-8a83-8d5c3816df16@group-F6EC397515C5, cid=3987, SUCCESS, logIndex=5468, commits[81367453-3bf0-4298-8a83-8d5c3816df16:c5470]
2019-09-03 20:26:36,953 [grpc-default-executor-1] INFO  client.GrpcClientProtocolClient (GrpcClientProtocolClient.java:onNext(255)) - client-CB1B8AC74E59->81367453-3bf0-4298-8a83-8d5c3816df16: receive RaftClientReply:client-CB1B8AC74E59->81367453-3bf0-4298-8a83-8d5c3816df16@group-F6EC397515C5, cid=3988, SUCCESS, logIndex=5469, commits[81367453-3bf0-4298-8a83-8d5c3816df16:c5470]
2019-09-03 20:26:36,973 [grpc-default-executor-1] INFO  client.GrpcClientProtocolClient (GrpcClientProtocolClient.java:onNext(255)) - client-CB1B8AC74E59->81367453-3bf0-4298-8a83-8d5c3816df16: receive RaftClientReply:client-CB1B8AC74E59->81367453-3bf0-4298-8a83-8d5c3816df16@group-F6EC397515C5, cid=3989, SUCCESS, logIndex=5471, commits[81367453-3bf0-4298-8a83-8d5c3816df16:c5474]
2019-09-03 20:26:36,973 [grpc-default-executor-1] INFO  client.GrpcClientProtocolClient (GrpcClientProtocolClient.java:onNext(255)) - client-CB1B8AC74E59->81367453-3bf0-4298-8a83-8d5c3816df16: receive RaftClientReply:client-CB1B8AC74E59->81367453-3bf0-4298-8a83-8d5c3816df16@group-F6EC397515C5, cid=3990, SUCCESS, logIndex=5472, commits[81367453-3bf0-4298-8a83-8d5c3816df16:c5475]
2019-09-03 20:26:36,974 [grpc-default-executor-1] INFO  client.GrpcClientProtocolClient (GrpcClientProtocolClient.java:onNext(255)) - client-CB1B8AC74E59->81367453-3bf0-4298-8a83-8d5c3816df16: receive RaftClientReply:client-CB1B8AC74E59->81367453-3bf0-4298-8a83-8d5c3816df16@group-F6EC397515C5, cid=3991, SUCCESS, logIndex=5473, commits[81367453-3bf0-4298-8a83-8d5c3816df16:c5475]
2019-09-03 20:26:36,974 [grpc-default-executor-1] INFO  client.GrpcClientProtocolClient (GrpcClientProtocolClient.java:onNext(255)) - client-CB1B8AC74E59->81367453-3bf0-4298-8a83-8d5c3816df16: receive RaftClientReply:client-CB1B8AC74E59->81367453-3bf0-4298-8a83-8d5c3816df16@group-F6EC397515C5, cid=3992, SUCCESS, logIndex=5474, commits[81367453-3bf0-4298-8a83-8d5c3816df16:c5475]
2019-09-03 20:26:36,987 [SCMBlockDeletingService#1] DEBUG block.SCMBlockDeletingService (SCMBlockDeletingService.java:call(138)) - Running DeletedBlockTransactionScanner
2019-09-03 20:26:36,987 [SCMBlockDeletingService#1] DEBUG block.SCMBlockDeletingService (SCMBlockDeletingService.java:call(155)) - Scanned deleted blocks log and got 0 delTX to process.
2019-09-03 20:26:37,005 [grpc-default-executor-1] INFO  client.GrpcClientProtocolClient (GrpcClientProtocolClient.java:onNext(255)) - client-CB1B8AC74E59->81367453-3bf0-4298-8a83-8d5c3816df16: receive RaftClientReply:client-CB1B8AC74E59->81367453-3bf0-4298-8a83-8d5c3816df16@group-F6EC397515C5, cid=3993, SUCCESS, logIndex=5476, commits[81367453-3bf0-4298-8a83-8d5c3816df16:c5479]
2019-09-03 20:26:37,005 [grpc-default-executor-1] INFO  client.GrpcClientProtocolClient (GrpcClientProtocolClient.java:onNext(255)) - client-CB1B8AC74E59->81367453-3bf0-4298-8a83-8d5c3816df16: receive RaftClientReply:client-CB1B8AC74E59->81367453-3bf0-4298-8a83-8d5c3816df16@group-F6EC397515C5, cid=3994, SUCCESS, logIndex=5477, commits[81367453-3bf0-4298-8a83-8d5c3816df16:c5480]
2019-09-03 20:26:37,006 [grpc-default-executor-1] INFO  client.GrpcClientProtocolClient (GrpcClientProtocolClient.java:onNext(255)) - client-CB1B8AC74E59->81367453-3bf0-4298-8a83-8d5c3816df16: receive RaftClientReply:client-CB1B8AC74E59->81367453-3bf0-4298-8a83-8d5c3816df16@group-F6EC397515C5, cid=3995, SUCCESS, logIndex=5478, commits[81367453-3bf0-4298-8a83-8d5c3816df16:c5480]
2019-09-03 20:26:37,006 [grpc-default-executor-1] INFO  client.GrpcClientProtocolClient (GrpcClientProtocolClient.java:onNext(255)) - client-CB1B8AC74E59->81367453-3bf0-4298-8a83-8d5c3816df16: receive RaftClientReply:client-CB1B8AC74E59->81367453-3bf0-4298-8a83-8d5c3816df16@group-F6EC397515C5, cid=3996, SUCCESS, logIndex=5479, commits[81367453-3bf0-4298-8a83-8d5c3816df16:c5480]
2019-09-03 20:26:37,025 [grpc-default-executor-1] INFO  client.GrpcClientProtocolClient (GrpcClientProtocolClient.java:onNext(255)) - client-CB1B8AC74E59->81367453-3bf0-4298-8a83-8d5c3816df16: receive RaftClientReply:client-CB1B8AC74E59->81367453-3bf0-4298-8a83-8d5c3816df16@group-F6EC397515C5, cid=3997, SUCCESS, logIndex=5481, commits[81367453-3bf0-4298-8a83-8d5c3816df16:c5484]
2019-09-03 20:26:37,025 [grpc-default-executor-1] INFO  client.GrpcClientProtocolClient (GrpcClientProtocolClient.java:onNext(255)) - client-CB1B8AC74E59->81367453-3bf0-4298-8a83-8d5c3816df16: receive RaftClientReply:client-CB1B8AC74E59->81367453-3bf0-4298-8a83-8d5c3816df16@group-F6EC397515C5, cid=3998, SUCCESS, logIndex=5482, commits[81367453-3bf0-4298-8a83-8d5c3816df16:c5484]
2019-09-03 20:26:37,025 [grpc-default-executor-1] INFO  client.GrpcClientProtocolClient (GrpcClientProtocolClient.java:onNext(255)) - client-CB1B8AC74E59->81367453-3bf0-4298-8a83-8d5c3816df16: receive RaftClientReply:client-CB1B8AC74E59->81367453-3bf0-4298-8a83-8d5c3816df16@group-F6EC397515C5, cid=3999, SUCCESS, logIndex=5483, commits[81367453-3bf0-4298-8a83-8d5c3816df16:c5485]
2019-09-03 20:26:37,026 [grpc-default-executor-1] INFO  client.GrpcClientProtocolClient (GrpcClientProtocolClient.java:onNext(255)) - client-CB1B8AC74E59->81367453-3bf0-4298-8a83-8d5c3816df16: receive RaftClientReply:client-CB1B8AC74E59->81367453-3bf0-4298-8a83-8d5c3816df16@group-F6EC397515C5, cid=4000, SUCCESS, logIndex=5484, commits[81367453-3bf0-4298-8a83-8d5c3816df16:c5486]
2019-09-03 20:26:37,059 [grpc-default-executor-2] INFO  client.GrpcClientProtocolClient (GrpcClientProtocolClient.java:onNext(255)) - client-CB1B8AC74E59->81367453-3bf0-4298-8a83-8d5c3816df16: receive RaftClientReply:client-CB1B8AC74E59->81367453-3bf0-4298-8a83-8d5c3816df16@group-F6EC397515C5, cid=4001, SUCCESS, logIndex=5487, commits[81367453-3bf0-4298-8a83-8d5c3816df16:c5488]
2019-09-03 20:26:37,060 [grpc-default-executor-2] INFO  client.GrpcClientProtocolClient (GrpcClientProtocolClient.java:onNext(255)) - client-CB1B8AC74E59->81367453-3bf0-4298-8a83-8d5c3816df16: receive RaftClientReply:client-CB1B8AC74E59->81367453-3bf0-4298-8a83-8d5c3816df16@group-F6EC397515C5, cid=4002, SUCCESS, logIndex=5488, commits[81367453-3bf0-4298-8a83-8d5c3816df16:c5490]
2019-09-03 20:26:37,060 [grpc-default-executor-2] INFO  client.GrpcClientProtocolClient (GrpcClientProtocolClient.java:onNext(255)) - client-CB1B8AC74E59->81367453-3bf0-4298-8a83-8d5c3816df16: receive RaftClientReply:client-CB1B8AC74E59->81367453-3bf0-4298-8a83-8d5c3816df16@group-F6EC397515C5, cid=4003, SUCCESS, logIndex=5489, commits[81367453-3bf0-4298-8a83-8d5c3816df16:c5491]
2019-09-03 20:26:37,060 [grpc-default-executor-2] INFO  client.GrpcClientProtocolClient (GrpcClientProtocolClient.java:onNext(255)) - client-CB1B8AC74E59->81367453-3bf0-4298-8a83-8d5c3816df16: receive RaftClientReply:client-CB1B8AC74E59->81367453-3bf0-4298-8a83-8d5c3816df16@group-F6EC397515C5, cid=4004, SUCCESS, logIndex=5490, commits[81367453-3bf0-4298-8a83-8d5c3816df16:c5491]
2019-09-03 20:26:37,084 [grpc-default-executor-1] INFO  client.GrpcClientProtocolClient (GrpcClientProtocolClient.java:onNext(255)) - client-CB1B8AC74E59->81367453-3bf0-4298-8a83-8d5c3816df16: receive RaftClientReply:client-CB1B8AC74E59->81367453-3bf0-4298-8a83-8d5c3816df16@group-F6EC397515C5, cid=4005, SUCCESS, logIndex=5493, commits[81367453-3bf0-4298-8a83-8d5c3816df16:c5496]
2019-09-03 20:26:37,084 [grpc-default-executor-1] INFO  client.GrpcClientProtocolClient (GrpcClientProtocolClient.java:onNext(255)) - client-CB1B8AC74E59->81367453-3bf0-4298-8a83-8d5c3816df16: receive RaftClientReply:client-CB1B8AC74E59->81367453-3bf0-4298-8a83-8d5c3816df16@group-F6EC397515C5, cid=4006, SUCCESS, logIndex=5494, commits[81367453-3bf0-4298-8a83-8d5c3816df16:c5497]
2019-09-03 20:26:37,084 [grpc-default-executor-1] INFO  client.GrpcClientProtocolClient (GrpcClientProtocolClient.java:onNext(255)) - client-CB1B8AC74E59->81367453-3bf0-4298-8a83-8d5c3816df16: receive RaftClientReply:client-CB1B8AC74E59->81367453-3bf0-4298-8a83-8d5c3816df16@group-F6EC397515C5, cid=4007, SUCCESS, logIndex=5495, commits[81367453-3bf0-4298-8a83-8d5c3816df16:c5497]
2019-09-03 20:26:37,084 [grpc-default-executor-1] INFO  client.GrpcClientProtocolClient (GrpcClientProtocolClient.java:onNext(255)) - client-CB1B8AC74E59->81367453-3bf0-4298-8a83-8d5c3816df16: receive RaftClientReply:client-CB1B8AC74E59->81367453-3bf0-4298-8a83-8d5c3816df16@group-F6EC397515C5, cid=4008, SUCCESS, logIndex=5496, commits[81367453-3bf0-4298-8a83-8d5c3816df16:c5497]
2019-09-03 20:26:37,087 [SCMBlockDeletingService#1] DEBUG block.SCMBlockDeletingService (SCMBlockDeletingService.java:call(138)) - Running DeletedBlockTransactionScanner
2019-09-03 20:26:37,088 [SCMBlockDeletingService#1] DEBUG block.SCMBlockDeletingService (SCMBlockDeletingService.java:call(155)) - Scanned deleted blocks log and got 0 delTX to process.
2019-09-03 20:26:37,116 [grpc-default-executor-1] INFO  client.GrpcClientProtocolClient (GrpcClientProtocolClient.java:onNext(255)) - client-CB1B8AC74E59->81367453-3bf0-4298-8a83-8d5c3816df16: receive RaftClientReply:client-CB1B8AC74E59->81367453-3bf0-4298-8a83-8d5c3816df16@group-F6EC397515C5, cid=4009, SUCCESS, logIndex=5498, commits[81367453-3bf0-4298-8a83-8d5c3816df16:c5501]
2019-09-03 20:26:37,117 [grpc-default-executor-1] INFO  client.GrpcClientProtocolClient (GrpcClientProtocolClient.java:onNext(255)) - client-CB1B8AC74E59->81367453-3bf0-4298-8a83-8d5c3816df16: receive RaftClientReply:client-CB1B8AC74E59->81367453-3bf0-4298-8a83-8d5c3816df16@group-F6EC397515C5, cid=4010, SUCCESS, logIndex=5499, commits[81367453-3bf0-4298-8a83-8d5c3816df16:c5501]
2019-09-03 20:26:37,117 [grpc-default-executor-1] INFO  client.GrpcClientProtocolClient (GrpcClientProtocolClient.java:onNext(255)) - client-CB1B8AC74E59->81367453-3bf0-4298-8a83-8d5c3816df16: receive RaftClientReply:client-CB1B8AC74E59->81367453-3bf0-4298-8a83-8d5c3816df16@group-F6EC397515C5, cid=4011, SUCCESS, logIndex=5500, commits[81367453-3bf0-4298-8a83-8d5c3816df16:c5501]
2019-09-03 20:26:37,117 [grpc-default-executor-1] INFO  client.GrpcClientProtocolClient (GrpcClientProtocolClient.java:onNext(255)) - client-CB1B8AC74E59->81367453-3bf0-4298-8a83-8d5c3816df16: receive RaftClientReply:client-CB1B8AC74E59->81367453-3bf0-4298-8a83-8d5c3816df16@group-F6EC397515C5, cid=4012, SUCCESS, logIndex=5501, commits[81367453-3bf0-4298-8a83-8d5c3816df16:c5501]
2019-09-03 20:26:37,139 [grpc-default-executor-2] INFO  client.GrpcClientProtocolClient (GrpcClientProtocolClient.java:onNext(255)) - client-CB1B8AC74E59->81367453-3bf0-4298-8a83-8d5c3816df16: receive RaftClientReply:client-CB1B8AC74E59->81367453-3bf0-4298-8a83-8d5c3816df16@group-F6EC397515C5, cid=4013, SUCCESS, logIndex=5503, commits[81367453-3bf0-4298-8a83-8d5c3816df16:c5506]
2019-09-03 20:26:37,139 [grpc-default-executor-2] INFO  client.GrpcClientProtocolClient (GrpcClientProtocolClient.java:onNext(255)) - client-CB1B8AC74E59->81367453-3bf0-4298-8a83-8d5c3816df16: receive RaftClientReply:client-CB1B8AC74E59->81367453-3bf0-4298-8a83-8d5c3816df16@group-F6EC397515C5, cid=4014, SUCCESS, logIndex=5504, commits[81367453-3bf0-4298-8a83-8d5c3816df16:c5506]
2019-09-03 20:26:37,139 [grpc-default-executor-2] INFO  client.GrpcClientProtocolClient (GrpcClientProtocolClient.java:onNext(255)) - client-CB1B8AC74E59->81367453-3bf0-4298-8a83-8d5c3816df16: receive RaftClientReply:client-CB1B8AC74E59->81367453-3bf0-4298-8a83-8d5c3816df16@group-F6EC397515C5, cid=4015, SUCCESS, logIndex=5505, commits[81367453-3bf0-4298-8a83-8d5c3816df16:c5506]
2019-09-03 20:26:37,139 [grpc-default-executor-2] INFO  client.GrpcClientProtocolClient (GrpcClientProtocolClient.java:onNext(255)) - client-CB1B8AC74E59->81367453-3bf0-4298-8a83-8d5c3816df16: receive RaftClientReply:client-CB1B8AC74E59->81367453-3bf0-4298-8a83-8d5c3816df16@group-F6EC397515C5, cid=4016, SUCCESS, logIndex=5506, commits[81367453-3bf0-4298-8a83-8d5c3816df16:c5506]
2019-09-03 20:26:37,173 [grpc-default-executor-1] INFO  client.GrpcClientProtocolClient (GrpcClientProtocolClient.java:onNext(255)) - client-CB1B8AC74E59->81367453-3bf0-4298-8a83-8d5c3816df16: receive RaftClientReply:client-CB1B8AC74E59->81367453-3bf0-4298-8a83-8d5c3816df16@group-F6EC397515C5, cid=4017, SUCCESS, logIndex=5508, commits[81367453-3bf0-4298-8a83-8d5c3816df16:c5511]
2019-09-03 20:26:37,173 [grpc-default-executor-1] INFO  client.GrpcClientProtocolClient (GrpcClientProtocolClient.java:onNext(255)) - client-CB1B8AC74E59->81367453-3bf0-4298-8a83-8d5c3816df16: receive RaftClientReply:client-CB1B8AC74E59->81367453-3bf0-4298-8a83-8d5c3816df16@group-F6EC397515C5, cid=4018, SUCCESS, logIndex=5509, commits[81367453-3bf0-4298-8a83-8d5c3816df16:c5511]
2019-09-03 20:26:37,173 [grpc-default-executor-1] INFO  client.GrpcClientProtocolClient (GrpcClientProtocolClient.java:onNext(255)) - client-CB1B8AC74E59->81367453-3bf0-4298-8a83-8d5c3816df16: receive RaftClientReply:client-CB1B8AC74E59->81367453-3bf0-4298-8a83-8d5c3816df16@group-F6EC397515C5, cid=4019, SUCCESS, logIndex=5510, commits[81367453-3bf0-4298-8a83-8d5c3816df16:c5511]
2019-09-03 20:26:37,174 [grpc-default-executor-1] INFO  client.GrpcClientProtocolClient (GrpcClientProtocolClient.java:onNext(255)) - client-CB1B8AC74E59->81367453-3bf0-4298-8a83-8d5c3816df16: receive RaftClientReply:client-CB1B8AC74E59->81367453-3bf0-4298-8a83-8d5c3816df16@group-F6EC397515C5, cid=4020, SUCCESS, logIndex=5511, commits[81367453-3bf0-4298-8a83-8d5c3816df16:c5511]
2019-09-03 20:26:37,183 [grpc-default-executor-2] INFO  client.GrpcClientProtocolClient (GrpcClientProtocolClient.java:onNext(255)) - client-CB1B8AC74E59->81367453-3bf0-4298-8a83-8d5c3816df16: receive RaftClientReply:client-CB1B8AC74E59->81367453-3bf0-4298-8a83-8d5c3816df16@group-F6EC397515C5, cid=4021, SUCCESS, logIndex=5513, commits[81367453-3bf0-4298-8a83-8d5c3816df16:c5514]
2019-09-03 20:26:37,183 [grpc-default-executor-2] INFO  client.GrpcClientProtocolClient (GrpcClientProtocolClient.java:onNext(255)) - client-CB1B8AC74E59->81367453-3bf0-4298-8a83-8d5c3816df16: receive RaftClientReply:client-CB1B8AC74E59->81367453-3bf0-4298-8a83-8d5c3816df16@group-F6EC397515C5, cid=4022, SUCCESS, logIndex=5514, commits[81367453-3bf0-4298-8a83-8d5c3816df16:c5515]
2019-09-03 20:26:37,188 [SCMBlockDeletingService#1] DEBUG block.SCMBlockDeletingService (SCMBlockDeletingService.java:call(138)) - Running DeletedBlockTransactionScanner
2019-09-03 20:26:37,188 [SCMBlockDeletingService#1] DEBUG block.SCMBlockDeletingService (SCMBlockDeletingService.java:call(155)) - Scanned deleted blocks log and got 0 delTX to process.
2019-09-03 20:26:37,288 [grpc-default-executor-2] INFO  client.GrpcClientProtocolClient (GrpcClientProtocolClient.java:onNext(255)) - client-CB1B8AC74E59->81367453-3bf0-4298-8a83-8d5c3816df16: receive RaftClientReply:client-CB1B8AC74E59->81367453-3bf0-4298-8a83-8d5c3816df16@group-F6EC397515C5, cid=4023, SUCCESS, logIndex=5516, commits[81367453-3bf0-4298-8a83-8d5c3816df16:c5517]
2019-09-03 20:26:37,288 [grpc-default-executor-2] INFO  client.GrpcClientProtocolClient (GrpcClientProtocolClient.java:onNext(255)) - client-CB1B8AC74E59->81367453-3bf0-4298-8a83-8d5c3816df16: receive RaftClientReply:client-CB1B8AC74E59->81367453-3bf0-4298-8a83-8d5c3816df16@group-F6EC397515C5, cid=4024, SUCCESS, logIndex=5517, commits[81367453-3bf0-4298-8a83-8d5c3816df16:c5518]
2019-09-03 20:26:37,289 [SCMBlockDeletingService#1] DEBUG block.SCMBlockDeletingService (SCMBlockDeletingService.java:call(138)) - Running DeletedBlockTransactionScanner
2019-09-03 20:26:37,289 [SCMBlockDeletingService#1] DEBUG block.SCMBlockDeletingService (SCMBlockDeletingService.java:call(155)) - Scanned deleted blocks log and got 0 delTX to process.
2019-09-03 20:26:37,309 [grpc-default-executor-2] INFO  client.GrpcClientProtocolClient (GrpcClientProtocolClient.java:onNext(255)) - client-CB1B8AC74E59->81367453-3bf0-4298-8a83-8d5c3816df16: receive RaftClientReply:client-CB1B8AC74E59->81367453-3bf0-4298-8a83-8d5c3816df16@group-F6EC397515C5, cid=4025, SUCCESS, logIndex=5519, commits[81367453-3bf0-4298-8a83-8d5c3816df16:c5520]
2019-09-03 20:26:37,309 [grpc-default-executor-2] INFO  client.GrpcClientProtocolClient (GrpcClientProtocolClient.java:onNext(255)) - client-CB1B8AC74E59->81367453-3bf0-4298-8a83-8d5c3816df16: receive RaftClientReply:client-CB1B8AC74E59->81367453-3bf0-4298-8a83-8d5c3816df16@group-F6EC397515C5, cid=4026, SUCCESS, logIndex=5520, commits[81367453-3bf0-4298-8a83-8d5c3816df16:c5523]
2019-09-03 20:26:37,309 [grpc-default-executor-2] INFO  client.GrpcClientProtocolClient (GrpcClientProtocolClient.java:onNext(255)) - client-CB1B8AC74E59->81367453-3bf0-4298-8a83-8d5c3816df16: receive RaftClientReply:client-CB1B8AC74E59->81367453-3bf0-4298-8a83-8d5c3816df16@group-F6EC397515C5, cid=4027, SUCCESS, logIndex=5521, commits[81367453-3bf0-4298-8a83-8d5c3816df16:c5523]
2019-09-03 20:26:37,310 [grpc-default-executor-2] INFO  client.GrpcClientProtocolClient (GrpcClientProtocolClient.java:onNext(255)) - client-CB1B8AC74E59->81367453-3bf0-4298-8a83-8d5c3816df16: receive RaftClientReply:client-CB1B8AC74E59->81367453-3bf0-4298-8a83-8d5c3816df16@group-F6EC397515C5, cid=4028, SUCCESS, logIndex=5522, commits[81367453-3bf0-4298-8a83-8d5c3816df16:c5523]
2019-09-03 20:26:37,330 [grpc-default-executor-1] INFO  client.GrpcClientProtocolClient (GrpcClientProtocolClient.java:onNext(255)) - client-CB1B8AC74E59->81367453-3bf0-4298-8a83-8d5c3816df16: receive RaftClientReply:client-CB1B8AC74E59->81367453-3bf0-4298-8a83-8d5c3816df16@group-F6EC397515C5, cid=4029, SUCCESS, logIndex=5524, commits[81367453-3bf0-4298-8a83-8d5c3816df16:c5527]
2019-09-03 20:26:37,331 [grpc-default-executor-1] INFO  client.GrpcClientProtocolClient (GrpcClientProtocolClient.java:onNext(255)) - client-CB1B8AC74E59->81367453-3bf0-4298-8a83-8d5c3816df16: receive RaftClientReply:client-CB1B8AC74E59->81367453-3bf0-4298-8a83-8d5c3816df16@group-F6EC397515C5, cid=4030, SUCCESS, logIndex=5525, commits[81367453-3bf0-4298-8a83-8d5c3816df16:c5528]
2019-09-03 20:26:37,331 [grpc-default-executor-1] INFO  client.GrpcClientProtocolClient (GrpcClientProtocolClient.java:onNext(255)) - client-CB1B8AC74E59->81367453-3bf0-4298-8a83-8d5c3816df16: receive RaftClientReply:client-CB1B8AC74E59->81367453-3bf0-4298-8a83-8d5c3816df16@group-F6EC397515C5, cid=4031, SUCCESS, logIndex=5526, commits[81367453-3bf0-4298-8a83-8d5c3816df16:c5528]
2019-09-03 20:26:37,331 [grpc-default-executor-1] INFO  client.GrpcClientProtocolClient (GrpcClientProtocolClient.java:onNext(255)) - client-CB1B8AC74E59->81367453-3bf0-4298-8a83-8d5c3816df16: receive RaftClientReply:client-CB1B8AC74E59->81367453-3bf0-4298-8a83-8d5c3816df16@group-F6EC397515C5, cid=4032, SUCCESS, logIndex=5527, commits[81367453-3bf0-4298-8a83-8d5c3816df16:c5528]
2019-09-03 20:26:37,359 [grpc-default-executor-1] INFO  client.GrpcClientProtocolClient (GrpcClientProtocolClient.java:onNext(255)) - client-CB1B8AC74E59->81367453-3bf0-4298-8a83-8d5c3816df16: receive RaftClientReply:client-CB1B8AC74E59->81367453-3bf0-4298-8a83-8d5c3816df16@group-F6EC397515C5, cid=4033, SUCCESS, logIndex=5529, commits[81367453-3bf0-4298-8a83-8d5c3816df16:c5530]
2019-09-03 20:26:37,360 [grpc-default-executor-1] INFO  client.GrpcClientProtocolClient (GrpcClientProtocolClient.java:onNext(255)) - client-CB1B8AC74E59->81367453-3bf0-4298-8a83-8d5c3816df16: receive RaftClientReply:client-CB1B8AC74E59->81367453-3bf0-4298-8a83-8d5c3816df16@group-F6EC397515C5, cid=4034, SUCCESS, logIndex=5530, commits[81367453-3bf0-4298-8a83-8d5c3816df16:c5532]
2019-09-03 20:26:37,360 [grpc-default-executor-1] INFO  client.GrpcClientProtocolClient (GrpcClientProtocolClient.java:onNext(255)) - client-CB1B8AC74E59->81367453-3bf0-4298-8a83-8d5c3816df16: receive RaftClientReply:client-CB1B8AC74E59->81367453-3bf0-4298-8a83-8d5c3816df16@group-F6EC397515C5, cid=4035, SUCCESS, logIndex=5531, commits[81367453-3bf0-4298-8a83-8d5c3816df16:c5533]
2019-09-03 20:26:37,360 [grpc-default-executor-1] INFO  client.GrpcClientProtocolClient (GrpcClientProtocolClient.java:onNext(255)) - client-CB1B8AC74E59->81367453-3bf0-4298-8a83-8d5c3816df16: receive RaftClientReply:client-CB1B8AC74E59->81367453-3bf0-4298-8a83-8d5c3816df16@group-F6EC397515C5, cid=4036, SUCCESS, logIndex=5532, commits[81367453-3bf0-4298-8a83-8d5c3816df16:c5533]
2019-09-03 20:26:37,383 [grpc-default-executor-1] INFO  client.GrpcClientProtocolClient (GrpcClientProtocolClient.java:onNext(255)) - client-CB1B8AC74E59->81367453-3bf0-4298-8a83-8d5c3816df16: receive RaftClientReply:client-CB1B8AC74E59->81367453-3bf0-4298-8a83-8d5c3816df16@group-F6EC397515C5, cid=4037, SUCCESS, logIndex=5535, commits[81367453-3bf0-4298-8a83-8d5c3816df16:c5538]
2019-09-03 20:26:37,384 [grpc-default-executor-1] INFO  client.GrpcClientProtocolClient (GrpcClientProtocolClient.java:onNext(255)) - client-CB1B8AC74E59->81367453-3bf0-4298-8a83-8d5c3816df16: receive RaftClientReply:client-CB1B8AC74E59->81367453-3bf0-4298-8a83-8d5c3816df16@group-F6EC397515C5, cid=4038, SUCCESS, logIndex=5536, commits[81367453-3bf0-4298-8a83-8d5c3816df16:c5538]
2019-09-03 20:26:37,384 [grpc-default-executor-1] INFO  client.GrpcClientProtocolClient (GrpcClientProtocolClient.java:onNext(255)) - client-CB1B8AC74E59->81367453-3bf0-4298-8a83-8d5c3816df16: receive RaftClientReply:client-CB1B8AC74E59->81367453-3bf0-4298-8a83-8d5c3816df16@group-F6EC397515C5, cid=4039, SUCCESS, logIndex=5537, commits[81367453-3bf0-4298-8a83-8d5c3816df16:c5539]
2019-09-03 20:26:37,384 [grpc-default-executor-1] INFO  client.GrpcClientProtocolClient (GrpcClientProtocolClient.java:onNext(255)) - client-CB1B8AC74E59->81367453-3bf0-4298-8a83-8d5c3816df16: receive RaftClientReply:client-CB1B8AC74E59->81367453-3bf0-4298-8a83-8d5c3816df16@group-F6EC397515C5, cid=4040, SUCCESS, logIndex=5538, commits[81367453-3bf0-4298-8a83-8d5c3816df16:c5539]
2019-09-03 20:26:37,389 [SCMBlockDeletingService#1] DEBUG block.SCMBlockDeletingService (SCMBlockDeletingService.java:call(138)) - Running DeletedBlockTransactionScanner
2019-09-03 20:26:37,389 [SCMBlockDeletingService#1] DEBUG block.SCMBlockDeletingService (SCMBlockDeletingService.java:call(155)) - Scanned deleted blocks log and got 0 delTX to process.
2019-09-03 20:26:37,413 [grpc-default-executor-2] INFO  client.GrpcClientProtocolClient (GrpcClientProtocolClient.java:onNext(255)) - client-CB1B8AC74E59->81367453-3bf0-4298-8a83-8d5c3816df16: receive RaftClientReply:client-CB1B8AC74E59->81367453-3bf0-4298-8a83-8d5c3816df16@group-F6EC397515C5, cid=4041, SUCCESS, logIndex=5540, commits[81367453-3bf0-4298-8a83-8d5c3816df16:c5543]
2019-09-03 20:26:37,414 [grpc-default-executor-2] INFO  client.GrpcClientProtocolClient (GrpcClientProtocolClient.java:onNext(255)) - client-CB1B8AC74E59->81367453-3bf0-4298-8a83-8d5c3816df16: receive RaftClientReply:client-CB1B8AC74E59->81367453-3bf0-4298-8a83-8d5c3816df16@group-F6EC397515C5, cid=4042, SUCCESS, logIndex=5541, commits[81367453-3bf0-4298-8a83-8d5c3816df16:c5543]
2019-09-03 20:26:37,414 [grpc-default-executor-2] INFO  client.GrpcClientProtocolClient (GrpcClientProtocolClient.java:onNext(255)) - client-CB1B8AC74E59->81367453-3bf0-4298-8a83-8d5c3816df16: receive RaftClientReply:client-CB1B8AC74E59->81367453-3bf0-4298-8a83-8d5c3816df16@group-F6EC397515C5, cid=4043, SUCCESS, logIndex=5542, commits[81367453-3bf0-4298-8a83-8d5c3816df16:c5544]
2019-09-03 20:26:37,415 [grpc-default-executor-2] INFO  client.GrpcClientProtocolClient (GrpcClientProtocolClient.java:onNext(255)) - client-CB1B8AC74E59->81367453-3bf0-4298-8a83-8d5c3816df16: receive RaftClientReply:client-CB1B8AC74E59->81367453-3bf0-4298-8a83-8d5c3816df16@group-F6EC397515C5, cid=4044, SUCCESS, logIndex=5543, commits[81367453-3bf0-4298-8a83-8d5c3816df16:c5545]
2019-09-03 20:26:37,435 [grpc-default-executor-2] INFO  client.GrpcClientProtocolClient (GrpcClientProtocolClient.java:onNext(255)) - client-CB1B8AC74E59->81367453-3bf0-4298-8a83-8d5c3816df16: receive RaftClientReply:client-CB1B8AC74E59->81367453-3bf0-4298-8a83-8d5c3816df16@group-F6EC397515C5, cid=4045, SUCCESS, logIndex=5546, commits[81367453-3bf0-4298-8a83-8d5c3816df16:c5547]
2019-09-03 20:26:37,435 [grpc-default-executor-2] INFO  client.GrpcClientProtocolClient (GrpcClientProtocolClient.java:onNext(255)) - client-CB1B8AC74E59->81367453-3bf0-4298-8a83-8d5c3816df16: receive RaftClientReply:client-CB1B8AC74E59->81367453-3bf0-4298-8a83-8d5c3816df16@group-F6EC397515C5, cid=4046, SUCCESS, logIndex=5547, commits[81367453-3bf0-4298-8a83-8d5c3816df16:c5549]
2019-09-03 20:26:37,435 [grpc-default-executor-2] INFO  client.GrpcClientProtocolClient (GrpcClientProtocolClient.java:onNext(255)) - client-CB1B8AC74E59->81367453-3bf0-4298-8a83-8d5c3816df16: receive RaftClientReply:client-CB1B8AC74E59->81367453-3bf0-4298-8a83-8d5c3816df16@group-F6EC397515C5, cid=4047, SUCCESS, logIndex=5548, commits[81367453-3bf0-4298-8a83-8d5c3816df16:c5550]
2019-09-03 20:26:37,436 [grpc-default-executor-2] INFO  client.GrpcClientProtocolClient (GrpcClientProtocolClient.java:onNext(255)) - client-CB1B8AC74E59->81367453-3bf0-4298-8a83-8d5c3816df16: receive RaftClientReply:client-CB1B8AC74E59->81367453-3bf0-4298-8a83-8d5c3816df16@group-F6EC397515C5, cid=4048, SUCCESS, logIndex=5549, commits[81367453-3bf0-4298-8a83-8d5c3816df16:c5550]
2019-09-03 20:26:37,467 [grpc-default-executor-1] INFO  client.GrpcClientProtocolClient (GrpcClientProtocolClient.java:onNext(255)) - client-CB1B8AC74E59->81367453-3bf0-4298-8a83-8d5c3816df16: receive RaftClientReply:client-CB1B8AC74E59->81367453-3bf0-4298-8a83-8d5c3816df16@group-F6EC397515C5, cid=4049, SUCCESS, logIndex=5552, commits[81367453-3bf0-4298-8a83-8d5c3816df16:c5555]
2019-09-03 20:26:37,468 [grpc-default-executor-1] INFO  client.GrpcClientProtocolClient (GrpcClientProtocolClient.java:onNext(255)) - client-CB1B8AC74E59->81367453-3bf0-4298-8a83-8d5c3816df16: receive RaftClientReply:client-CB1B8AC74E59->81367453-3bf0-4298-8a83-8d5c3816df16@group-F6EC397515C5, cid=4050, SUCCESS, logIndex=5553, commits[81367453-3bf0-4298-8a83-8d5c3816df16:c5556]
2019-09-03 20:26:37,468 [grpc-default-executor-1] INFO  client.GrpcClientProtocolClient (GrpcClientProtocolClient.java:onNext(255)) - client-CB1B8AC74E59->81367453-3bf0-4298-8a83-8d5c3816df16: receive RaftClientReply:client-CB1B8AC74E59->81367453-3bf0-4298-8a83-8d5c3816df16@group-F6EC397515C5, cid=4051, SUCCESS, logIndex=5554, commits[81367453-3bf0-4298-8a83-8d5c3816df16:c5556]
2019-09-03 20:26:37,468 [grpc-default-executor-1] INFO  client.GrpcClientProtocolClient (GrpcClientProtocolClient.java:onNext(255)) - client-CB1B8AC74E59->81367453-3bf0-4298-8a83-8d5c3816df16: receive RaftClientReply:client-CB1B8AC74E59->81367453-3bf0-4298-8a83-8d5c3816df16@group-F6EC397515C5, cid=4052, SUCCESS, logIndex=5555, commits[81367453-3bf0-4298-8a83-8d5c3816df16:c5556]
2019-09-03 20:26:37,486 [grpc-default-executor-1] INFO  client.GrpcClientProtocolClient (GrpcClientProtocolClient.java:onNext(255)) - client-CB1B8AC74E59->81367453-3bf0-4298-8a83-8d5c3816df16: receive RaftClientReply:client-CB1B8AC74E59->81367453-3bf0-4298-8a83-8d5c3816df16@group-F6EC397515C5, cid=4053, SUCCESS, logIndex=5557, commits[81367453-3bf0-4298-8a83-8d5c3816df16:c5560]
2019-09-03 20:26:37,487 [grpc-default-executor-1] INFO  client.GrpcClientProtocolClient (GrpcClientProtocolClient.java:onNext(255)) - client-CB1B8AC74E59->81367453-3bf0-4298-8a83-8d5c3816df16: receive RaftClientReply:client-CB1B8AC74E59->81367453-3bf0-4298-8a83-8d5c3816df16@group-F6EC397515C5, cid=4054, SUCCESS, logIndex=5558, commits[81367453-3bf0-4298-8a83-8d5c3816df16:c5561]
2019-09-03 20:26:37,490 [SCMBlockDeletingService#0] DEBUG block.SCMBlockDeletingService (SCMBlockDeletingService.java:call(138)) - Running DeletedBlockTransactionScanner
2019-09-03 20:26:37,490 [SCMBlockDeletingService#0] DEBUG block.SCMBlockDeletingService (SCMBlockDeletingService.java:call(155)) - Scanned deleted blocks log and got 0 delTX to process.
2019-09-03 20:26:37,491 [grpc-default-executor-1] INFO  client.GrpcClientProtocolClient (GrpcClientProtocolClient.java:onNext(255)) - client-CB1B8AC74E59->81367453-3bf0-4298-8a83-8d5c3816df16: receive RaftClientReply:client-CB1B8AC74E59->81367453-3bf0-4298-8a83-8d5c3816df16@group-F6EC397515C5, cid=4055, SUCCESS, logIndex=5559, commits[81367453-3bf0-4298-8a83-8d5c3816df16:c5561]
2019-09-03 20:26:37,491 [grpc-default-executor-1] INFO  client.GrpcClientProtocolClient (GrpcClientProtocolClient.java:onNext(255)) - client-CB1B8AC74E59->81367453-3bf0-4298-8a83-8d5c3816df16: receive RaftClientReply:client-CB1B8AC74E59->81367453-3bf0-4298-8a83-8d5c3816df16@group-F6EC397515C5, cid=4056, SUCCESS, logIndex=5560, commits[81367453-3bf0-4298-8a83-8d5c3816df16:c5562]
2019-09-03 20:26:37,521 [grpc-default-executor-1] INFO  client.GrpcClientProtocolClient (GrpcClientProtocolClient.java:onNext(255)) - client-CB1B8AC74E59->81367453-3bf0-4298-8a83-8d5c3816df16: receive RaftClientReply:client-CB1B8AC74E59->81367453-3bf0-4298-8a83-8d5c3816df16@group-F6EC397515C5, cid=4057, SUCCESS, logIndex=5563, commits[81367453-3bf0-4298-8a83-8d5c3816df16:c5566]
2019-09-03 20:26:37,522 [grpc-default-executor-1] INFO  client.GrpcClientProtocolClient (GrpcClientProtocolClient.java:onNext(255)) - client-CB1B8AC74E59->81367453-3bf0-4298-8a83-8d5c3816df16: receive RaftClientReply:client-CB1B8AC74E59->81367453-3bf0-4298-8a83-8d5c3816df16@group-F6EC397515C5, cid=4058, SUCCESS, logIndex=5564, commits[81367453-3bf0-4298-8a83-8d5c3816df16:c5567]
2019-09-03 20:26:37,522 [grpc-default-executor-1] INFO  client.GrpcClientProtocolClient (GrpcClientProtocolClient.java:onNext(255)) - client-CB1B8AC74E59->81367453-3bf0-4298-8a83-8d5c3816df16: receive RaftClientReply:client-CB1B8AC74E59->81367453-3bf0-4298-8a83-8d5c3816df16@group-F6EC397515C5, cid=4059, SUCCESS, logIndex=5565, commits[81367453-3bf0-4298-8a83-8d5c3816df16:c5567]
2019-09-03 20:26:37,522 [grpc-default-executor-1] INFO  client.GrpcClientProtocolClient (GrpcClientProtocolClient.java:onNext(255)) - client-CB1B8AC74E59->81367453-3bf0-4298-8a83-8d5c3816df16: receive RaftClientReply:client-CB1B8AC74E59->81367453-3bf0-4298-8a83-8d5c3816df16@group-F6EC397515C5, cid=4060, SUCCESS, logIndex=5566, commits[81367453-3bf0-4298-8a83-8d5c3816df16:c5567]
2019-09-03 20:26:37,540 [grpc-default-executor-1] INFO  client.GrpcClientProtocolClient (GrpcClientProtocolClient.java:onNext(255)) - client-CB1B8AC74E59->81367453-3bf0-4298-8a83-8d5c3816df16: receive RaftClientReply:client-CB1B8AC74E59->81367453-3bf0-4298-8a83-8d5c3816df16@group-F6EC397515C5, cid=4061, SUCCESS, logIndex=5568, commits[81367453-3bf0-4298-8a83-8d5c3816df16:c5569]
2019-09-03 20:26:37,540 [grpc-default-executor-1] INFO  client.GrpcClientProtocolClient (GrpcClientProtocolClient.java:onNext(255)) - client-CB1B8AC74E59->81367453-3bf0-4298-8a83-8d5c3816df16: receive RaftClientReply:client-CB1B8AC74E59->81367453-3bf0-4298-8a83-8d5c3816df16@group-F6EC397515C5, cid=4062, SUCCESS, logIndex=5569, commits[81367453-3bf0-4298-8a83-8d5c3816df16:c5571]
2019-09-03 20:26:37,540 [grpc-default-executor-1] INFO  client.GrpcClientProtocolClient (GrpcClientProtocolClient.java:onNext(255)) - client-CB1B8AC74E59->81367453-3bf0-4298-8a83-8d5c3816df16: receive RaftClientReply:client-CB1B8AC74E59->81367453-3bf0-4298-8a83-8d5c3816df16@group-F6EC397515C5, cid=4063, SUCCESS, logIndex=5570, commits[81367453-3bf0-4298-8a83-8d5c3816df16:c5571]
2019-09-03 20:26:37,540 [grpc-default-executor-1] INFO  client.GrpcClientProtocolClient (GrpcClientProtocolClient.java:onNext(255)) - client-CB1B8AC74E59->81367453-3bf0-4298-8a83-8d5c3816df16: receive RaftClientReply:client-CB1B8AC74E59->81367453-3bf0-4298-8a83-8d5c3816df16@group-F6EC397515C5, cid=4064, SUCCESS, logIndex=5571, commits[81367453-3bf0-4298-8a83-8d5c3816df16:c5571]
2019-09-03 20:26:37,627 [SCMBlockDeletingService#0] DEBUG block.SCMBlockDeletingService (SCMBlockDeletingService.java:call(138)) - Running DeletedBlockTransactionScanner
2019-09-03 20:26:37,627 [SCMBlockDeletingService#0] DEBUG block.SCMBlockDeletingService (SCMBlockDeletingService.java:call(155)) - Scanned deleted blocks log and got 0 delTX to process.
2019-09-03 20:26:37,643 [grpc-default-executor-2] INFO  client.GrpcClientProtocolClient (GrpcClientProtocolClient.java:onNext(255)) - client-CB1B8AC74E59->81367453-3bf0-4298-8a83-8d5c3816df16: receive RaftClientReply:client-CB1B8AC74E59->81367453-3bf0-4298-8a83-8d5c3816df16@group-F6EC397515C5, cid=4065, SUCCESS, logIndex=5574, commits[81367453-3bf0-4298-8a83-8d5c3816df16:c5575]
2019-09-03 20:26:37,643 [grpc-default-executor-2] INFO  client.GrpcClientProtocolClient (GrpcClientProtocolClient.java:onNext(255)) - client-CB1B8AC74E59->81367453-3bf0-4298-8a83-8d5c3816df16: receive RaftClientReply:client-CB1B8AC74E59->81367453-3bf0-4298-8a83-8d5c3816df16@group-F6EC397515C5, cid=4066, SUCCESS, logIndex=5575, commits[81367453-3bf0-4298-8a83-8d5c3816df16:c5576]
2019-09-03 20:26:37,727 [SCMBlockDeletingService#0] DEBUG block.SCMBlockDeletingService (SCMBlockDeletingService.java:call(138)) - Running DeletedBlockTransactionScanner
2019-09-03 20:26:37,727 [SCMBlockDeletingService#0] DEBUG block.SCMBlockDeletingService (SCMBlockDeletingService.java:call(155)) - Scanned deleted blocks log and got 0 delTX to process.
2019-09-03 20:26:37,730 [grpc-default-executor-2] INFO  client.GrpcClientProtocolClient (GrpcClientProtocolClient.java:onNext(255)) - client-CB1B8AC74E59->81367453-3bf0-4298-8a83-8d5c3816df16: receive RaftClientReply:client-CB1B8AC74E59->81367453-3bf0-4298-8a83-8d5c3816df16@group-F6EC397515C5, cid=4067, SUCCESS, logIndex=5577, commits[81367453-3bf0-4298-8a83-8d5c3816df16:c5578]
2019-09-03 20:26:37,730 [grpc-default-executor-2] INFO  client.GrpcClientProtocolClient (GrpcClientProtocolClient.java:onNext(255)) - client-CB1B8AC74E59->81367453-3bf0-4298-8a83-8d5c3816df16: receive RaftClientReply:client-CB1B8AC74E59->81367453-3bf0-4298-8a83-8d5c3816df16@group-F6EC397515C5, cid=4068, SUCCESS, logIndex=5578, commits[81367453-3bf0-4298-8a83-8d5c3816df16:c5579]
2019-09-03 20:26:37,750 [grpc-default-executor-2] INFO  client.GrpcClientProtocolClient (GrpcClientProtocolClient.java:onNext(255)) - client-CB1B8AC74E59->81367453-3bf0-4298-8a83-8d5c3816df16: receive RaftClientReply:client-CB1B8AC74E59->81367453-3bf0-4298-8a83-8d5c3816df16@group-F6EC397515C5, cid=4069, SUCCESS, logIndex=5580, commits[81367453-3bf0-4298-8a83-8d5c3816df16:c5583]
2019-09-03 20:26:37,750 [grpc-default-executor-2] INFO  client.GrpcClientProtocolClient (GrpcClientProtocolClient.java:onNext(255)) - client-CB1B8AC74E59->81367453-3bf0-4298-8a83-8d5c3816df16: receive RaftClientReply:client-CB1B8AC74E59->81367453-3bf0-4298-8a83-8d5c3816df16@group-F6EC397515C5, cid=4070, SUCCESS, logIndex=5581, commits[81367453-3bf0-4298-8a83-8d5c3816df16:c5583]
2019-09-03 20:26:37,750 [grpc-default-executor-2] INFO  client.GrpcClientProtocolClient (GrpcClientProtocolClient.java:onNext(255)) - client-CB1B8AC74E59->81367453-3bf0-4298-8a83-8d5c3816df16: receive RaftClientReply:client-CB1B8AC74E59->81367453-3bf0-4298-8a83-8d5c3816df16@group-F6EC397515C5, cid=4071, SUCCESS, logIndex=5582, commits[81367453-3bf0-4298-8a83-8d5c3816df16:c5584]
2019-09-03 20:26:37,750 [grpc-default-executor-2] INFO  client.GrpcClientProtocolClient (GrpcClientProtocolClient.java:onNext(255)) - client-CB1B8AC74E59->81367453-3bf0-4298-8a83-8d5c3816df16: receive RaftClientReply:client-CB1B8AC74E59->81367453-3bf0-4298-8a83-8d5c3816df16@group-F6EC397515C5, cid=4072, SUCCESS, logIndex=5583, commits[81367453-3bf0-4298-8a83-8d5c3816df16:c5584]
2019-09-03 20:26:37,781 [grpc-default-executor-2] INFO  client.GrpcClientProtocolClient (GrpcClientProtocolClient.java:onNext(255)) - client-CB1B8AC74E59->81367453-3bf0-4298-8a83-8d5c3816df16: receive RaftClientReply:client-CB1B8AC74E59->81367453-3bf0-4298-8a83-8d5c3816df16@group-F6EC397515C5, cid=4073, SUCCESS, logIndex=5585, commits[81367453-3bf0-4298-8a83-8d5c3816df16:c5588]
2019-09-03 20:26:37,782 [grpc-default-executor-2] INFO  client.GrpcClientProtocolClient (GrpcClientProtocolClient.java:onNext(255)) - client-CB1B8AC74E59->81367453-3bf0-4298-8a83-8d5c3816df16: receive RaftClientReply:client-CB1B8AC74E59->81367453-3bf0-4298-8a83-8d5c3816df16@group-F6EC397515C5, cid=4074, SUCCESS, logIndex=5586, commits[81367453-3bf0-4298-8a83-8d5c3816df16:c5588]
2019-09-03 20:26:37,782 [grpc-default-executor-2] INFO  client.GrpcClientProtocolClient (GrpcClientProtocolClient.java:onNext(255)) - client-CB1B8AC74E59->81367453-3bf0-4298-8a83-8d5c3816df16: receive RaftClientReply:client-CB1B8AC74E59->81367453-3bf0-4298-8a83-8d5c3816df16@group-F6EC397515C5, cid=4075, SUCCESS, logIndex=5587, commits[81367453-3bf0-4298-8a83-8d5c3816df16:c5589]
2019-09-03 20:26:37,782 [grpc-default-executor-2] INFO  client.GrpcClientProtocolClient (GrpcClientProtocolClient.java:onNext(255)) - client-CB1B8AC74E59->81367453-3bf0-4298-8a83-8d5c3816df16: receive RaftClientReply:client-CB1B8AC74E59->81367453-3bf0-4298-8a83-8d5c3816df16@group-F6EC397515C5, cid=4076, SUCCESS, logIndex=5588, commits[81367453-3bf0-4298-8a83-8d5c3816df16:c5589]
2019-09-03 20:26:37,800 [grpc-default-executor-1] INFO  client.GrpcClientProtocolClient (GrpcClientProtocolClient.java:onNext(255)) - client-CB1B8AC74E59->81367453-3bf0-4298-8a83-8d5c3816df16: receive RaftClientReply:client-CB1B8AC74E59->81367453-3bf0-4298-8a83-8d5c3816df16@group-F6EC397515C5, cid=4077, SUCCESS, logIndex=5590, commits[81367453-3bf0-4298-8a83-8d5c3816df16:c5591]
2019-09-03 20:26:37,800 [grpc-default-executor-1] INFO  client.GrpcClientProtocolClient (GrpcClientProtocolClient.java:onNext(255)) - client-CB1B8AC74E59->81367453-3bf0-4298-8a83-8d5c3816df16: receive RaftClientReply:client-CB1B8AC74E59->81367453-3bf0-4298-8a83-8d5c3816df16@group-F6EC397515C5, cid=4078, SUCCESS, logIndex=5591, commits[81367453-3bf0-4298-8a83-8d5c3816df16:c5593]
2019-09-03 20:26:37,800 [grpc-default-executor-1] INFO  client.GrpcClientProtocolClient (GrpcClientProtocolClient.java:onNext(255)) - client-CB1B8AC74E59->81367453-3bf0-4298-8a83-8d5c3816df16: receive RaftClientReply:client-CB1B8AC74E59->81367453-3bf0-4298-8a83-8d5c3816df16@group-F6EC397515C5, cid=4079, SUCCESS, logIndex=5592, commits[81367453-3bf0-4298-8a83-8d5c3816df16:c5593]
2019-09-03 20:26:37,800 [grpc-default-executor-1] INFO  client.GrpcClientProtocolClient (GrpcClientProtocolClient.java:onNext(255)) - client-CB1B8AC74E59->81367453-3bf0-4298-8a83-8d5c3816df16: receive RaftClientReply:client-CB1B8AC74E59->81367453-3bf0-4298-8a83-8d5c3816df16@group-F6EC397515C5, cid=4080, SUCCESS, logIndex=5593, commits[81367453-3bf0-4298-8a83-8d5c3816df16:c5594]
2019-09-03 20:26:37,827 [grpc-default-executor-1] INFO  client.GrpcClientProtocolClient (GrpcClientProtocolClient.java:onNext(255)) - client-CB1B8AC74E59->81367453-3bf0-4298-8a83-8d5c3816df16: receive RaftClientReply:client-CB1B8AC74E59->81367453-3bf0-4298-8a83-8d5c3816df16@group-F6EC397515C5, cid=4081, SUCCESS, logIndex=5596, commits[81367453-3bf0-4298-8a83-8d5c3816df16:c5597]
2019-09-03 20:26:37,828 [grpc-default-executor-1] INFO  client.GrpcClientProtocolClient (GrpcClientProtocolClient.java:onNext(255)) - client-CB1B8AC74E59->81367453-3bf0-4298-8a83-8d5c3816df16: receive RaftClientReply:client-CB1B8AC74E59->81367453-3bf0-4298-8a83-8d5c3816df16@group-F6EC397515C5, cid=4082, SUCCESS, logIndex=5597, commits[81367453-3bf0-4298-8a83-8d5c3816df16:c5599]
2019-09-03 20:26:37,828 [SCMBlockDeletingService#0] DEBUG block.SCMBlockDeletingService (SCMBlockDeletingService.java:call(138)) - Running DeletedBlockTransactionScanner
2019-09-03 20:26:37,828 [grpc-default-executor-1] INFO  client.GrpcClientProtocolClient (GrpcClientProtocolClient.java:onNext(255)) - client-CB1B8AC74E59->81367453-3bf0-4298-8a83-8d5c3816df16: receive RaftClientReply:client-CB1B8AC74E59->81367453-3bf0-4298-8a83-8d5c3816df16@group-F6EC397515C5, cid=4083, SUCCESS, logIndex=5598, commits[81367453-3bf0-4298-8a83-8d5c3816df16:c5600]
2019-09-03 20:26:37,828 [SCMBlockDeletingService#0] DEBUG block.SCMBlockDeletingService (SCMBlockDeletingService.java:call(155)) - Scanned deleted blocks log and got 0 delTX to process.
2019-09-03 20:26:37,828 [grpc-default-executor-1] INFO  client.GrpcClientProtocolClient (GrpcClientProtocolClient.java:onNext(255)) - client-CB1B8AC74E59->81367453-3bf0-4298-8a83-8d5c3816df16: receive RaftClientReply:client-CB1B8AC74E59->81367453-3bf0-4298-8a83-8d5c3816df16@group-F6EC397515C5, cid=4084, SUCCESS, logIndex=5599, commits[81367453-3bf0-4298-8a83-8d5c3816df16:c5600]
2019-09-03 20:26:37,847 [grpc-default-executor-1] INFO  client.GrpcClientProtocolClient (GrpcClientProtocolClient.java:onNext(255)) - client-CB1B8AC74E59->81367453-3bf0-4298-8a83-8d5c3816df16: receive RaftClientReply:client-CB1B8AC74E59->81367453-3bf0-4298-8a83-8d5c3816df16@group-F6EC397515C5, cid=4085, SUCCESS, logIndex=5602, commits[81367453-3bf0-4298-8a83-8d5c3816df16:c5603]
2019-09-03 20:26:37,848 [grpc-default-executor-1] INFO  client.GrpcClientProtocolClient (GrpcClientProtocolClient.java:onNext(255)) - client-CB1B8AC74E59->81367453-3bf0-4298-8a83-8d5c3816df16: receive RaftClientReply:client-CB1B8AC74E59->81367453-3bf0-4298-8a83-8d5c3816df16@group-F6EC397515C5, cid=4086, SUCCESS, logIndex=5603, commits[81367453-3bf0-4298-8a83-8d5c3816df16:c5605]
2019-09-03 20:26:37,848 [grpc-default-executor-1] INFO  client.GrpcClientProtocolClient (GrpcClientProtocolClient.java:onNext(255)) - client-CB1B8AC74E59->81367453-3bf0-4298-8a83-8d5c3816df16: receive RaftClientReply:client-CB1B8AC74E59->81367453-3bf0-4298-8a83-8d5c3816df16@group-F6EC397515C5, cid=4087, SUCCESS, logIndex=5604, commits[81367453-3bf0-4298-8a83-8d5c3816df16:c5605]
2019-09-03 20:26:37,848 [grpc-default-executor-1] INFO  client.GrpcClientProtocolClient (GrpcClientProtocolClient.java:onNext(255)) - client-CB1B8AC74E59->81367453-3bf0-4298-8a83-8d5c3816df16: receive RaftClientReply:client-CB1B8AC74E59->81367453-3bf0-4298-8a83-8d5c3816df16@group-F6EC397515C5, cid=4088, SUCCESS, logIndex=5605, commits[81367453-3bf0-4298-8a83-8d5c3816df16:c5606]
2019-09-03 20:26:37,881 [grpc-default-executor-1] INFO  client.GrpcClientProtocolClient (GrpcClientProtocolClient.java:onNext(255)) - client-CB1B8AC74E59->81367453-3bf0-4298-8a83-8d5c3816df16: receive RaftClientReply:client-CB1B8AC74E59->81367453-3bf0-4298-8a83-8d5c3816df16@group-F6EC397515C5, cid=4089, SUCCESS, logIndex=5608, commits[81367453-3bf0-4298-8a83-8d5c3816df16:c5609]
2019-09-03 20:26:37,881 [grpc-default-executor-1] INFO  client.GrpcClientProtocolClient (GrpcClientProtocolClient.java:onNext(255)) - client-CB1B8AC74E59->81367453-3bf0-4298-8a83-8d5c3816df16: receive RaftClientReply:client-CB1B8AC74E59->81367453-3bf0-4298-8a83-8d5c3816df16@group-F6EC397515C5, cid=4090, SUCCESS, logIndex=5609, commits[81367453-3bf0-4298-8a83-8d5c3816df16:c5611]
2019-09-03 20:26:37,882 [grpc-default-executor-1] INFO  client.GrpcClientProtocolClient (GrpcClientProtocolClient.java:onNext(255)) - client-CB1B8AC74E59->81367453-3bf0-4298-8a83-8d5c3816df16: receive RaftClientReply:client-CB1B8AC74E59->81367453-3bf0-4298-8a83-8d5c3816df16@group-F6EC397515C5, cid=4091, SUCCESS, logIndex=5610, commits[81367453-3bf0-4298-8a83-8d5c3816df16:c5612]
2019-09-03 20:26:37,882 [grpc-default-executor-1] INFO  client.GrpcClientProtocolClient (GrpcClientProtocolClient.java:onNext(255)) - client-CB1B8AC74E59->81367453-3bf0-4298-8a83-8d5c3816df16: receive RaftClientReply:client-CB1B8AC74E59->81367453-3bf0-4298-8a83-8d5c3816df16@group-F6EC397515C5, cid=4092, SUCCESS, logIndex=5611, commits[81367453-3bf0-4298-8a83-8d5c3816df16:c5612]
2019-09-03 20:26:37,910 [grpc-default-executor-1] INFO  client.GrpcClientProtocolClient (GrpcClientProtocolClient.java:onNext(255)) - client-CB1B8AC74E59->81367453-3bf0-4298-8a83-8d5c3816df16: receive RaftClientReply:client-CB1B8AC74E59->81367453-3bf0-4298-8a83-8d5c3816df16@group-F6EC397515C5, cid=4093, SUCCESS, logIndex=5614, commits[81367453-3bf0-4298-8a83-8d5c3816df16:c5617]
2019-09-03 20:26:37,910 [grpc-default-executor-1] INFO  client.GrpcClientProtocolClient (GrpcClientProtocolClient.java:onNext(255)) - client-CB1B8AC74E59->81367453-3bf0-4298-8a83-8d5c3816df16: receive RaftClientReply:client-CB1B8AC74E59->81367453-3bf0-4298-8a83-8d5c3816df16@group-F6EC397515C5, cid=4094, SUCCESS, logIndex=5615, commits[81367453-3bf0-4298-8a83-8d5c3816df16:c5617]
2019-09-03 20:26:37,910 [grpc-default-executor-1] INFO  client.GrpcClientProtocolClient (GrpcClientProtocolClient.java:onNext(255)) - client-CB1B8AC74E59->81367453-3bf0-4298-8a83-8d5c3816df16: receive RaftClientReply:client-CB1B8AC74E59->81367453-3bf0-4298-8a83-8d5c3816df16@group-F6EC397515C5, cid=4095, SUCCESS, logIndex=5616, commits[81367453-3bf0-4298-8a83-8d5c3816df16:c5618]
2019-09-03 20:26:37,911 [grpc-default-executor-1] INFO  client.GrpcClientProtocolClient (GrpcClientProtocolClient.java:onNext(255)) - client-CB1B8AC74E59->81367453-3bf0-4298-8a83-8d5c3816df16: receive RaftClientReply:client-CB1B8AC74E59->81367453-3bf0-4298-8a83-8d5c3816df16@group-F6EC397515C5, cid=4096, SUCCESS, logIndex=5617, commits[81367453-3bf0-4298-8a83-8d5c3816df16:c5619]
2019-09-03 20:26:37,928 [SCMBlockDeletingService#0] DEBUG block.SCMBlockDeletingService (SCMBlockDeletingService.java:call(138)) - Running DeletedBlockTransactionScanner
2019-09-03 20:26:37,929 [SCMBlockDeletingService#0] DEBUG block.SCMBlockDeletingService (SCMBlockDeletingService.java:call(155)) - Scanned deleted blocks log and got 0 delTX to process.
2019-09-03 20:26:37,946 [grpc-default-executor-2] INFO  client.GrpcClientProtocolClient (GrpcClientProtocolClient.java:onNext(255)) - client-CB1B8AC74E59->81367453-3bf0-4298-8a83-8d5c3816df16: receive RaftClientReply:client-CB1B8AC74E59->81367453-3bf0-4298-8a83-8d5c3816df16@group-F6EC397515C5, cid=4097, SUCCESS, logIndex=5620, commits[81367453-3bf0-4298-8a83-8d5c3816df16:c5623]
2019-09-03 20:26:37,946 [grpc-default-executor-2] INFO  client.GrpcClientProtocolClient (GrpcClientProtocolClient.java:onNext(255)) - client-CB1B8AC74E59->81367453-3bf0-4298-8a83-8d5c3816df16: receive RaftClientReply:client-CB1B8AC74E59->81367453-3bf0-4298-8a83-8d5c3816df16@group-F6EC397515C5, cid=4098, SUCCESS, logIndex=5621, commits[81367453-3bf0-4298-8a83-8d5c3816df16:c5624]
2019-09-03 20:26:37,946 [grpc-default-executor-2] INFO  client.GrpcClientProtocolClient (GrpcClientProtocolClient.java:onNext(255)) - client-CB1B8AC74E59->81367453-3bf0-4298-8a83-8d5c3816df16: receive RaftClientReply:client-CB1B8AC74E59->81367453-3bf0-4298-8a83-8d5c3816df16@group-F6EC397515C5, cid=4099, SUCCESS, logIndex=5622, commits[81367453-3bf0-4298-8a83-8d5c3816df16:c5624]
2019-09-03 20:26:37,947 [grpc-default-executor-2] INFO  client.GrpcClientProtocolClient (GrpcClientProtocolClient.java:onNext(255)) - client-CB1B8AC74E59->81367453-3bf0-4298-8a83-8d5c3816df16: receive RaftClientReply:client-CB1B8AC74E59->81367453-3bf0-4298-8a83-8d5c3816df16@group-F6EC397515C5, cid=4100, SUCCESS, logIndex=5623, commits[81367453-3bf0-4298-8a83-8d5c3816df16:c5624]
2019-09-03 20:26:37,969 [grpc-default-executor-2] INFO  client.GrpcClientProtocolClient (GrpcClientProtocolClient.java:onNext(255)) - client-CB1B8AC74E59->81367453-3bf0-4298-8a83-8d5c3816df16: receive RaftClientReply:client-CB1B8AC74E59->81367453-3bf0-4298-8a83-8d5c3816df16@group-F6EC397515C5, cid=4101, SUCCESS, logIndex=5625, commits[81367453-3bf0-4298-8a83-8d5c3816df16:c5628]
2019-09-03 20:26:37,969 [grpc-default-executor-2] INFO  client.GrpcClientProtocolClient (GrpcClientProtocolClient.java:onNext(255)) - client-CB1B8AC74E59->81367453-3bf0-4298-8a83-8d5c3816df16: receive RaftClientReply:client-CB1B8AC74E59->81367453-3bf0-4298-8a83-8d5c3816df16@group-F6EC397515C5, cid=4102, SUCCESS, logIndex=5626, commits[81367453-3bf0-4298-8a83-8d5c3816df16:c5629]
2019-09-03 20:26:37,969 [grpc-default-executor-2] INFO  client.GrpcClientProtocolClient (GrpcClientProtocolClient.java:onNext(255)) - client-CB1B8AC74E59->81367453-3bf0-4298-8a83-8d5c3816df16: receive RaftClientReply:client-CB1B8AC74E59->81367453-3bf0-4298-8a83-8d5c3816df16@group-F6EC397515C5, cid=4103, SUCCESS, logIndex=5627, commits[81367453-3bf0-4298-8a83-8d5c3816df16:c5629]
2019-09-03 20:26:37,970 [grpc-default-executor-2] INFO  client.GrpcClientProtocolClient (GrpcClientProtocolClient.java:onNext(255)) - client-CB1B8AC74E59->81367453-3bf0-4298-8a83-8d5c3816df16: receive RaftClientReply:client-CB1B8AC74E59->81367453-3bf0-4298-8a83-8d5c3816df16@group-F6EC397515C5, cid=4104, SUCCESS, logIndex=5628, commits[81367453-3bf0-4298-8a83-8d5c3816df16:c5629]
2019-09-03 20:26:38,000 [grpc-default-executor-1] INFO  client.GrpcClientProtocolClient (GrpcClientProtocolClient.java:onNext(255)) - client-CB1B8AC74E59->81367453-3bf0-4298-8a83-8d5c3816df16: receive RaftClientReply:client-CB1B8AC74E59->81367453-3bf0-4298-8a83-8d5c3816df16@group-F6EC397515C5, cid=4105, SUCCESS, logIndex=5630, commits[81367453-3bf0-4298-8a83-8d5c3816df16:c5633]
2019-09-03 20:26:38,001 [grpc-default-executor-1] INFO  client.GrpcClientProtocolClient (GrpcClientProtocolClient.java:onNext(255)) - client-CB1B8AC74E59->81367453-3bf0-4298-8a83-8d5c3816df16: receive RaftClientReply:client-CB1B8AC74E59->81367453-3bf0-4298-8a83-8d5c3816df16@group-F6EC397515C5, cid=4106, SUCCESS, logIndex=5631, commits[81367453-3bf0-4298-8a83-8d5c3816df16:c5634]
2019-09-03 20:26:38,001 [grpc-default-executor-1] INFO  client.GrpcClientProtocolClient (GrpcClientProtocolClient.java:onNext(255)) - client-CB1B8AC74E59->81367453-3bf0-4298-8a83-8d5c3816df16: receive RaftClientReply:client-CB1B8AC74E59->81367453-3bf0-4298-8a83-8d5c3816df16@group-F6EC397515C5, cid=4107, SUCCESS, logIndex=5632, commits[81367453-3bf0-4298-8a83-8d5c3816df16:c5634]
2019-09-03 20:26:38,001 [grpc-default-executor-1] INFO  client.GrpcClientProtocolClient (GrpcClientProtocolClient.java:onNext(255)) - client-CB1B8AC74E59->81367453-3bf0-4298-8a83-8d5c3816df16: receive RaftClientReply:client-CB1B8AC74E59->81367453-3bf0-4298-8a83-8d5c3816df16@group-F6EC397515C5, cid=4108, SUCCESS, logIndex=5633, commits[81367453-3bf0-4298-8a83-8d5c3816df16:c5634]
2019-09-03 20:26:38,021 [grpc-default-executor-1] INFO  client.GrpcClientProtocolClient (GrpcClientProtocolClient.java:onNext(255)) - client-CB1B8AC74E59->81367453-3bf0-4298-8a83-8d5c3816df16: receive RaftClientReply:client-CB1B8AC74E59->81367453-3bf0-4298-8a83-8d5c3816df16@group-F6EC397515C5, cid=4109, SUCCESS, logIndex=5635, commits[81367453-3bf0-4298-8a83-8d5c3816df16:c5636]
2019-09-03 20:26:38,022 [grpc-default-executor-1] INFO  client.GrpcClientProtocolClient (GrpcClientProtocolClient.java:onNext(255)) - client-CB1B8AC74E59->81367453-3bf0-4298-8a83-8d5c3816df16: receive RaftClientReply:client-CB1B8AC74E59->81367453-3bf0-4298-8a83-8d5c3816df16@group-F6EC397515C5, cid=4110, SUCCESS, logIndex=5636, commits[81367453-3bf0-4298-8a83-8d5c3816df16:c5636]
2019-09-03 20:26:38,029 [SCMBlockDeletingService#0] DEBUG block.SCMBlockDeletingService (SCMBlockDeletingService.java:call(138)) - Running DeletedBlockTransactionScanner
2019-09-03 20:26:38,029 [SCMBlockDeletingService#0] DEBUG block.SCMBlockDeletingService (SCMBlockDeletingService.java:call(155)) - Scanned deleted blocks log and got 0 delTX to process.
2019-09-03 20:26:38,115 [grpc-default-executor-2] INFO  client.GrpcClientProtocolClient (GrpcClientProtocolClient.java:onNext(255)) - client-CB1B8AC74E59->81367453-3bf0-4298-8a83-8d5c3816df16: receive RaftClientReply:client-CB1B8AC74E59->81367453-3bf0-4298-8a83-8d5c3816df16@group-F6EC397515C5, cid=4111, SUCCESS, logIndex=5638, commits[81367453-3bf0-4298-8a83-8d5c3816df16:c5639]
2019-09-03 20:26:38,116 [grpc-default-executor-2] INFO  client.GrpcClientProtocolClient (GrpcClientProtocolClient.java:onNext(255)) - client-CB1B8AC74E59->81367453-3bf0-4298-8a83-8d5c3816df16: receive RaftClientReply:client-CB1B8AC74E59->81367453-3bf0-4298-8a83-8d5c3816df16@group-F6EC397515C5, cid=4112, SUCCESS, logIndex=5639, commits[81367453-3bf0-4298-8a83-8d5c3816df16:c5640]
2019-09-03 20:26:38,130 [SCMBlockDeletingService#0] DEBUG block.SCMBlockDeletingService (SCMBlockDeletingService.java:call(138)) - Running DeletedBlockTransactionScanner
2019-09-03 20:26:38,130 [SCMBlockDeletingService#0] DEBUG block.SCMBlockDeletingService (SCMBlockDeletingService.java:call(155)) - Scanned deleted blocks log and got 0 delTX to process.
2019-09-03 20:26:38,145 [grpc-default-executor-1] INFO  client.GrpcClientProtocolClient (GrpcClientProtocolClient.java:onNext(255)) - client-CB1B8AC74E59->81367453-3bf0-4298-8a83-8d5c3816df16: receive RaftClientReply:client-CB1B8AC74E59->81367453-3bf0-4298-8a83-8d5c3816df16@group-F6EC397515C5, cid=4113, SUCCESS, logIndex=5641, commits[81367453-3bf0-4298-8a83-8d5c3816df16:c5644]
2019-09-03 20:26:38,145 [grpc-default-executor-1] INFO  client.GrpcClientProtocolClient (GrpcClientProtocolClient.java:onNext(255)) - client-CB1B8AC74E59->81367453-3bf0-4298-8a83-8d5c3816df16: receive RaftClientReply:client-CB1B8AC74E59->81367453-3bf0-4298-8a83-8d5c3816df16@group-F6EC397515C5, cid=4114, SUCCESS, logIndex=5642, commits[81367453-3bf0-4298-8a83-8d5c3816df16:c5644]
2019-09-03 20:26:38,145 [grpc-default-executor-1] INFO  client.GrpcClientProtocolClient (GrpcClientProtocolClient.java:onNext(255)) - client-CB1B8AC74E59->81367453-3bf0-4298-8a83-8d5c3816df16: receive RaftClientReply:client-CB1B8AC74E59->81367453-3bf0-4298-8a83-8d5c3816df16@group-F6EC397515C5, cid=4115, SUCCESS, logIndex=5643, commits[81367453-3bf0-4298-8a83-8d5c3816df16:c5645]
2019-09-03 20:26:38,146 [grpc-default-executor-1] INFO  client.GrpcClientProtocolClient (GrpcClientProtocolClient.java:onNext(255)) - client-CB1B8AC74E59->81367453-3bf0-4298-8a83-8d5c3816df16: receive RaftClientReply:client-CB1B8AC74E59->81367453-3bf0-4298-8a83-8d5c3816df16@group-F6EC397515C5, cid=4116, SUCCESS, logIndex=5644, commits[81367453-3bf0-4298-8a83-8d5c3816df16:c5645]
2019-09-03 20:26:38,165 [grpc-default-executor-1] INFO  client.GrpcClientProtocolClient (GrpcClientProtocolClient.java:onNext(255)) - client-CB1B8AC74E59->81367453-3bf0-4298-8a83-8d5c3816df16: receive RaftClientReply:client-CB1B8AC74E59->81367453-3bf0-4298-8a83-8d5c3816df16@group-F6EC397515C5, cid=4117, SUCCESS, logIndex=5646, commits[81367453-3bf0-4298-8a83-8d5c3816df16:c5649]
2019-09-03 20:26:38,165 [grpc-default-executor-1] INFO  client.GrpcClientProtocolClient (GrpcClientProtocolClient.java:onNext(255)) - client-CB1B8AC74E59->81367453-3bf0-4298-8a83-8d5c3816df16: receive RaftClientReply:client-CB1B8AC74E59->81367453-3bf0-4298-8a83-8d5c3816df16@group-F6EC397515C5, cid=4118, SUCCESS, logIndex=5647, commits[81367453-3bf0-4298-8a83-8d5c3816df16:c5649]
2019-09-03 20:26:38,165 [grpc-default-executor-1] INFO  client.GrpcClientProtocolClient (GrpcClientProtocolClient.java:onNext(255)) - client-CB1B8AC74E59->81367453-3bf0-4298-8a83-8d5c3816df16: receive RaftClientReply:client-CB1B8AC74E59->81367453-3bf0-4298-8a83-8d5c3816df16@group-F6EC397515C5, cid=4119, SUCCESS, logIndex=5648, commits[81367453-3bf0-4298-8a83-8d5c3816df16:c5649]
2019-09-03 20:26:38,165 [grpc-default-executor-1] INFO  client.GrpcClientProtocolClient (GrpcClientProtocolClient.java:onNext(255)) - client-CB1B8AC74E59->81367453-3bf0-4298-8a83-8d5c3816df16: receive RaftClientReply:client-CB1B8AC74E59->81367453-3bf0-4298-8a83-8d5c3816df16@group-F6EC397515C5, cid=4120, SUCCESS, logIndex=5649, commits[81367453-3bf0-4298-8a83-8d5c3816df16:c5649]
2019-09-03 20:26:38,202 [grpc-default-executor-1] INFO  client.GrpcClientProtocolClient (GrpcClientProtocolClient.java:onNext(255)) - client-CB1B8AC74E59->81367453-3bf0-4298-8a83-8d5c3816df16: receive RaftClientReply:client-CB1B8AC74E59->81367453-3bf0-4298-8a83-8d5c3816df16@group-F6EC397515C5, cid=4121, SUCCESS, logIndex=5651, commits[81367453-3bf0-4298-8a83-8d5c3816df16:c5654]
2019-09-03 20:26:38,202 [grpc-default-executor-1] INFO  client.GrpcClientProtocolClient (GrpcClientProtocolClient.java:onNext(255)) - client-CB1B8AC74E59->81367453-3bf0-4298-8a83-8d5c3816df16: receive RaftClientReply:client-CB1B8AC74E59->81367453-3bf0-4298-8a83-8d5c3816df16@group-F6EC397515C5, cid=4122, SUCCESS, logIndex=5652, commits[81367453-3bf0-4298-8a83-8d5c3816df16:c5655]
2019-09-03 20:26:38,203 [grpc-default-executor-1] INFO  client.GrpcClientProtocolClient (GrpcClientProtocolClient.java:onNext(255)) - client-CB1B8AC74E59->81367453-3bf0-4298-8a83-8d5c3816df16: receive RaftClientReply:client-CB1B8AC74E59->81367453-3bf0-4298-8a83-8d5c3816df16@group-F6EC397515C5, cid=4123, SUCCESS, logIndex=5653, commits[81367453-3bf0-4298-8a83-8d5c3816df16:c5655]
2019-09-03 20:26:38,206 [grpc-default-executor-1] INFO  client.GrpcClientProtocolClient (GrpcClientProtocolClient.java:onNext(255)) - client-CB1B8AC74E59->81367453-3bf0-4298-8a83-8d5c3816df16: receive RaftClientReply:client-CB1B8AC74E59->81367453-3bf0-4298-8a83-8d5c3816df16@group-F6EC397515C5, cid=4124, SUCCESS, logIndex=5654, commits[81367453-3bf0-4298-8a83-8d5c3816df16:c5655]
2019-09-03 20:26:38,226 [grpc-default-executor-2] INFO  client.GrpcClientProtocolClient (GrpcClientProtocolClient.java:onNext(255)) - client-CB1B8AC74E59->81367453-3bf0-4298-8a83-8d5c3816df16: receive RaftClientReply:client-CB1B8AC74E59->81367453-3bf0-4298-8a83-8d5c3816df16@group-F6EC397515C5, cid=4125, SUCCESS, logIndex=5656, commits[81367453-3bf0-4298-8a83-8d5c3816df16:c5657]
2019-09-03 20:26:38,226 [grpc-default-executor-2] INFO  client.GrpcClientProtocolClient (GrpcClientProtocolClient.java:onNext(255)) - client-CB1B8AC74E59->81367453-3bf0-4298-8a83-8d5c3816df16: receive RaftClientReply:client-CB1B8AC74E59->81367453-3bf0-4298-8a83-8d5c3816df16@group-F6EC397515C5, cid=4126, SUCCESS, logIndex=5657, commits[81367453-3bf0-4298-8a83-8d5c3816df16:c5657]
2019-09-03 20:26:38,227 [grpc-default-executor-2] INFO  client.GrpcClientProtocolClient (GrpcClientProtocolClient.java:onNext(255)) - client-CB1B8AC74E59->81367453-3bf0-4298-8a83-8d5c3816df16: receive RaftClientReply:client-CB1B8AC74E59->81367453-3bf0-4298-8a83-8d5c3816df16@group-F6EC397515C5, cid=4127, SUCCESS, logIndex=5658, commits[81367453-3bf0-4298-8a83-8d5c3816df16:c5659]
2019-09-03 20:26:38,228 [grpc-default-executor-2] INFO  client.GrpcClientProtocolClient (GrpcClientProtocolClient.java:onNext(255)) - client-CB1B8AC74E59->81367453-3bf0-4298-8a83-8d5c3816df16: receive RaftClientReply:client-CB1B8AC74E59->81367453-3bf0-4298-8a83-8d5c3816df16@group-F6EC397515C5, cid=4128, SUCCESS, logIndex=5659, commits[81367453-3bf0-4298-8a83-8d5c3816df16:c5659]
2019-09-03 20:26:38,230 [SCMBlockDeletingService#0] DEBUG block.SCMBlockDeletingService (SCMBlockDeletingService.java:call(138)) - Running DeletedBlockTransactionScanner
2019-09-03 20:26:38,231 [SCMBlockDeletingService#0] DEBUG block.SCMBlockDeletingService (SCMBlockDeletingService.java:call(155)) - Scanned deleted blocks log and got 0 delTX to process.
2019-09-03 20:26:38,263 [grpc-default-executor-1] INFO  client.GrpcClientProtocolClient (GrpcClientProtocolClient.java:onNext(255)) - client-CB1B8AC74E59->81367453-3bf0-4298-8a83-8d5c3816df16: receive RaftClientReply:client-CB1B8AC74E59->81367453-3bf0-4298-8a83-8d5c3816df16@group-F6EC397515C5, cid=4129, SUCCESS, logIndex=5662, commits[81367453-3bf0-4298-8a83-8d5c3816df16:c5663]
2019-09-03 20:26:38,264 [grpc-default-executor-1] INFO  client.GrpcClientProtocolClient (GrpcClientProtocolClient.java:onNext(255)) - client-CB1B8AC74E59->81367453-3bf0-4298-8a83-8d5c3816df16: receive RaftClientReply:client-CB1B8AC74E59->81367453-3bf0-4298-8a83-8d5c3816df16@group-F6EC397515C5, cid=4130, SUCCESS, logIndex=5663, commits[81367453-3bf0-4298-8a83-8d5c3816df16:c5665]
2019-09-03 20:26:38,264 [grpc-default-executor-1] INFO  client.GrpcClientProtocolClient (GrpcClientProtocolClient.java:onNext(255)) - client-CB1B8AC74E59->81367453-3bf0-4298-8a83-8d5c3816df16: receive RaftClientReply:client-CB1B8AC74E59->81367453-3bf0-4298-8a83-8d5c3816df16@group-F6EC397515C5, cid=4131, SUCCESS, logIndex=5664, commits[81367453-3bf0-4298-8a83-8d5c3816df16:c5665]
2019-09-03 20:26:38,264 [grpc-default-executor-1] INFO  client.GrpcClientProtocolClient (GrpcClientProtocolClient.java:onNext(255)) - client-CB1B8AC74E59->81367453-3bf0-4298-8a83-8d5c3816df16: receive RaftClientReply:client-CB1B8AC74E59->81367453-3bf0-4298-8a83-8d5c3816df16@group-F6EC397515C5, cid=4132, SUCCESS, logIndex=5665, commits[81367453-3bf0-4298-8a83-8d5c3816df16:c5666]
2019-09-03 20:26:38,284 [grpc-default-executor-1] INFO  client.GrpcClientProtocolClient (GrpcClientProtocolClient.java:onNext(255)) - client-CB1B8AC74E59->81367453-3bf0-4298-8a83-8d5c3816df16: receive RaftClientReply:client-CB1B8AC74E59->81367453-3bf0-4298-8a83-8d5c3816df16@group-F6EC397515C5, cid=4133, SUCCESS, logIndex=5668, commits[81367453-3bf0-4298-8a83-8d5c3816df16:c5669]
2019-09-03 20:26:38,285 [grpc-default-executor-1] INFO  client.GrpcClientProtocolClient (GrpcClientProtocolClient.java:onNext(255)) - client-CB1B8AC74E59->81367453-3bf0-4298-8a83-8d5c3816df16: receive RaftClientReply:client-CB1B8AC74E59->81367453-3bf0-4298-8a83-8d5c3816df16@group-F6EC397515C5, cid=4134, SUCCESS, logIndex=5669, commits[81367453-3bf0-4298-8a83-8d5c3816df16:c5671]
2019-09-03 20:26:38,285 [grpc-default-executor-1] INFO  client.GrpcClientProtocolClient (GrpcClientProtocolClient.java:onNext(255)) - client-CB1B8AC74E59->81367453-3bf0-4298-8a83-8d5c3816df16: receive RaftClientReply:client-CB1B8AC74E59->81367453-3bf0-4298-8a83-8d5c3816df16@group-F6EC397515C5, cid=4135, SUCCESS, logIndex=5670, commits[81367453-3bf0-4298-8a83-8d5c3816df16:c5671]
2019-09-03 20:26:38,285 [grpc-default-executor-1] INFO  client.GrpcClientProtocolClient (GrpcClientProtocolClient.java:onNext(255)) - client-CB1B8AC74E59->81367453-3bf0-4298-8a83-8d5c3816df16: receive RaftClientReply:client-CB1B8AC74E59->81367453-3bf0-4298-8a83-8d5c3816df16@group-F6EC397515C5, cid=4136, SUCCESS, logIndex=5671, commits[81367453-3bf0-4298-8a83-8d5c3816df16:c5672]
2019-09-03 20:26:38,319 [grpc-default-executor-1] INFO  client.GrpcClientProtocolClient (GrpcClientProtocolClient.java:onNext(255)) - client-CB1B8AC74E59->81367453-3bf0-4298-8a83-8d5c3816df16: receive RaftClientReply:client-CB1B8AC74E59->81367453-3bf0-4298-8a83-8d5c3816df16@group-F6EC397515C5, cid=4137, SUCCESS, logIndex=5674, commits[81367453-3bf0-4298-8a83-8d5c3816df16:c5677]
2019-09-03 20:26:38,320 [grpc-default-executor-1] INFO  client.GrpcClientProtocolClient (GrpcClientProtocolClient.java:onNext(255)) - client-CB1B8AC74E59->81367453-3bf0-4298-8a83-8d5c3816df16: receive RaftClientReply:client-CB1B8AC74E59->81367453-3bf0-4298-8a83-8d5c3816df16@group-F6EC397515C5, cid=4138, SUCCESS, logIndex=5675, commits[81367453-3bf0-4298-8a83-8d5c3816df16:c5677]
2019-09-03 20:26:38,320 [grpc-default-executor-1] INFO  client.GrpcClientProtocolClient (GrpcClientProtocolClient.java:onNext(255)) - client-CB1B8AC74E59->81367453-3bf0-4298-8a83-8d5c3816df16: receive RaftClientReply:client-CB1B8AC74E59->81367453-3bf0-4298-8a83-8d5c3816df16@group-F6EC397515C5, cid=4139, SUCCESS, logIndex=5676, commits[81367453-3bf0-4298-8a83-8d5c3816df16:c5678]
2019-09-03 20:26:38,320 [grpc-default-executor-1] INFO  client.GrpcClientProtocolClient (GrpcClientProtocolClient.java:onNext(255)) - client-CB1B8AC74E59->81367453-3bf0-4298-8a83-8d5c3816df16: receive RaftClientReply:client-CB1B8AC74E59->81367453-3bf0-4298-8a83-8d5c3816df16@group-F6EC397515C5, cid=4140, SUCCESS, logIndex=5677, commits[81367453-3bf0-4298-8a83-8d5c3816df16:c5678]
2019-09-03 20:26:38,331 [SCMBlockDeletingService#0] DEBUG block.SCMBlockDeletingService (SCMBlockDeletingService.java:call(138)) - Running DeletedBlockTransactionScanner
2019-09-03 20:26:38,331 [SCMBlockDeletingService#0] DEBUG block.SCMBlockDeletingService (SCMBlockDeletingService.java:call(155)) - Scanned deleted blocks log and got 0 delTX to process.
2019-09-03 20:26:38,343 [grpc-default-executor-1] INFO  client.GrpcClientProtocolClient (GrpcClientProtocolClient.java:onNext(255)) - client-CB1B8AC74E59->81367453-3bf0-4298-8a83-8d5c3816df16: receive RaftClientReply:client-CB1B8AC74E59->81367453-3bf0-4298-8a83-8d5c3816df16@group-F6EC397515C5, cid=4141, SUCCESS, logIndex=5680, commits[81367453-3bf0-4298-8a83-8d5c3816df16:c5681]
2019-09-03 20:26:38,344 [grpc-default-executor-1] INFO  client.GrpcClientProtocolClient (GrpcClientProtocolClient.java:onNext(255)) - client-CB1B8AC74E59->81367453-3bf0-4298-8a83-8d5c3816df16: receive RaftClientReply:client-CB1B8AC74E59->81367453-3bf0-4298-8a83-8d5c3816df16@group-F6EC397515C5, cid=4142, SUCCESS, logIndex=5681, commits[81367453-3bf0-4298-8a83-8d5c3816df16:c5683]
2019-09-03 20:26:38,344 [grpc-default-executor-1] INFO  client.GrpcClientProtocolClient (GrpcClientProtocolClient.java:onNext(255)) - client-CB1B8AC74E59->81367453-3bf0-4298-8a83-8d5c3816df16: receive RaftClientReply:client-CB1B8AC74E59->81367453-3bf0-4298-8a83-8d5c3816df16@group-F6EC397515C5, cid=4143, SUCCESS, logIndex=5682, commits[81367453-3bf0-4298-8a83-8d5c3816df16:c5683]
2019-09-03 20:26:38,344 [grpc-default-executor-1] INFO  client.GrpcClientProtocolClient (GrpcClientProtocolClient.java:onNext(255)) - client-CB1B8AC74E59->81367453-3bf0-4298-8a83-8d5c3816df16: receive RaftClientReply:client-CB1B8AC74E59->81367453-3bf0-4298-8a83-8d5c3816df16@group-F6EC397515C5, cid=4144, SUCCESS, logIndex=5683, commits[81367453-3bf0-4298-8a83-8d5c3816df16:c5684]
2019-09-03 20:26:38,376 [grpc-default-executor-2] INFO  client.GrpcClientProtocolClient (GrpcClientProtocolClient.java:onNext(255)) - client-CB1B8AC74E59->81367453-3bf0-4298-8a83-8d5c3816df16: receive RaftClientReply:client-CB1B8AC74E59->81367453-3bf0-4298-8a83-8d5c3816df16@group-F6EC397515C5, cid=4145, SUCCESS, logIndex=5686, commits[81367453-3bf0-4298-8a83-8d5c3816df16:c5687]
2019-09-03 20:26:38,376 [grpc-default-executor-2] INFO  client.GrpcClientProtocolClient (GrpcClientProtocolClient.java:onNext(255)) - client-CB1B8AC74E59->81367453-3bf0-4298-8a83-8d5c3816df16: receive RaftClientReply:client-CB1B8AC74E59->81367453-3bf0-4298-8a83-8d5c3816df16@group-F6EC397515C5, cid=4146, SUCCESS, logIndex=5687, commits[81367453-3bf0-4298-8a83-8d5c3816df16:c5689]
2019-09-03 20:26:38,377 [grpc-default-executor-2] INFO  client.GrpcClientProtocolClient (GrpcClientProtocolClient.java:onNext(255)) - client-CB1B8AC74E59->81367453-3bf0-4298-8a83-8d5c3816df16: receive RaftClientReply:client-CB1B8AC74E59->81367453-3bf0-4298-8a83-8d5c3816df16@group-F6EC397515C5, cid=4147, SUCCESS, logIndex=5688, commits[81367453-3bf0-4298-8a83-8d5c3816df16:c5690]
2019-09-03 20:26:38,377 [grpc-default-executor-2] INFO  client.GrpcClientProtocolClient (GrpcClientProtocolClient.java:onNext(255)) - client-CB1B8AC74E59->81367453-3bf0-4298-8a83-8d5c3816df16: receive RaftClientReply:client-CB1B8AC74E59->81367453-3bf0-4298-8a83-8d5c3816df16@group-F6EC397515C5, cid=4148, SUCCESS, logIndex=5689, commits[81367453-3bf0-4298-8a83-8d5c3816df16:c5690]
2019-09-03 20:26:38,397 [grpc-default-executor-2] INFO  client.GrpcClientProtocolClient (GrpcClientProtocolClient.java:onNext(255)) - client-CB1B8AC74E59->81367453-3bf0-4298-8a83-8d5c3816df16: receive RaftClientReply:client-CB1B8AC74E59->81367453-3bf0-4298-8a83-8d5c3816df16@group-F6EC397515C5, cid=4149, SUCCESS, logIndex=5692, commits[81367453-3bf0-4298-8a83-8d5c3816df16:c5693]
2019-09-03 20:26:38,398 [grpc-default-executor-2] INFO  client.GrpcClientProtocolClient (GrpcClientProtocolClient.java:onNext(255)) - client-CB1B8AC74E59->81367453-3bf0-4298-8a83-8d5c3816df16: receive RaftClientReply:client-CB1B8AC74E59->81367453-3bf0-4298-8a83-8d5c3816df16@group-F6EC397515C5, cid=4150, SUCCESS, logIndex=5693, commits[81367453-3bf0-4298-8a83-8d5c3816df16:c5695]
2019-09-03 20:26:38,398 [grpc-default-executor-2] INFO  client.GrpcClientProtocolClient (GrpcClientProtocolClient.java:onNext(255)) - client-CB1B8AC74E59->81367453-3bf0-4298-8a83-8d5c3816df16: receive RaftClientReply:client-CB1B8AC74E59->81367453-3bf0-4298-8a83-8d5c3816df16@group-F6EC397515C5, cid=4151, SUCCESS, logIndex=5694, commits[81367453-3bf0-4298-8a83-8d5c3816df16:c5696]
2019-09-03 20:26:38,399 [grpc-default-executor-2] INFO  client.GrpcClientProtocolClient (GrpcClientProtocolClient.java:onNext(255)) - client-CB1B8AC74E59->81367453-3bf0-4298-8a83-8d5c3816df16: receive RaftClientReply:client-CB1B8AC74E59->81367453-3bf0-4298-8a83-8d5c3816df16@group-F6EC397515C5, cid=4152, SUCCESS, logIndex=5695, commits[81367453-3bf0-4298-8a83-8d5c3816df16:c5696]
2019-09-03 20:26:38,560 [SCMBlockDeletingService#0] DEBUG block.SCMBlockDeletingService (SCMBlockDeletingService.java:call(138)) - Running DeletedBlockTransactionScanner
2019-09-03 20:26:38,560 [SCMBlockDeletingService#0] DEBUG block.SCMBlockDeletingService (SCMBlockDeletingService.java:call(155)) - Scanned deleted blocks log and got 0 delTX to process.
2019-09-03 20:26:38,578 [grpc-default-executor-1] INFO  client.GrpcClientProtocolClient (GrpcClientProtocolClient.java:onNext(255)) - client-CB1B8AC74E59->81367453-3bf0-4298-8a83-8d5c3816df16: receive RaftClientReply:client-CB1B8AC74E59->81367453-3bf0-4298-8a83-8d5c3816df16@group-F6EC397515C5, cid=4153, SUCCESS, logIndex=5698, commits[81367453-3bf0-4298-8a83-8d5c3816df16:c5699]
2019-09-03 20:26:38,578 [grpc-default-executor-1] INFO  client.GrpcClientProtocolClient (GrpcClientProtocolClient.java:onNext(255)) - client-CB1B8AC74E59->81367453-3bf0-4298-8a83-8d5c3816df16: receive RaftClientReply:client-CB1B8AC74E59->81367453-3bf0-4298-8a83-8d5c3816df16@group-F6EC397515C5, cid=4154, SUCCESS, logIndex=5699, commits[81367453-3bf0-4298-8a83-8d5c3816df16:c5699]
2019-09-03 20:26:38,661 [SCMBlockDeletingService#1] DEBUG block.SCMBlockDeletingService (SCMBlockDeletingService.java:call(138)) - Running DeletedBlockTransactionScanner
2019-09-03 20:26:38,661 [SCMBlockDeletingService#1] DEBUG block.SCMBlockDeletingService (SCMBlockDeletingService.java:call(155)) - Scanned deleted blocks log and got 0 delTX to process.
2019-09-03 20:26:38,701 [grpc-default-executor-1] INFO  client.GrpcClientProtocolClient (GrpcClientProtocolClient.java:onNext(255)) - client-CB1B8AC74E59->81367453-3bf0-4298-8a83-8d5c3816df16: receive RaftClientReply:client-CB1B8AC74E59->81367453-3bf0-4298-8a83-8d5c3816df16@group-F6EC397515C5, cid=4155, SUCCESS, logIndex=5701, commits[81367453-3bf0-4298-8a83-8d5c3816df16:c5702]
2019-09-03 20:26:38,701 [grpc-default-executor-1] INFO  client.GrpcClientProtocolClient (GrpcClientProtocolClient.java:onNext(255)) - client-CB1B8AC74E59->81367453-3bf0-4298-8a83-8d5c3816df16: receive RaftClientReply:client-CB1B8AC74E59->81367453-3bf0-4298-8a83-8d5c3816df16@group-F6EC397515C5, cid=4156, SUCCESS, logIndex=5702, commits[81367453-3bf0-4298-8a83-8d5c3816df16:c5702]
2019-09-03 20:26:38,750 [grpc-default-executor-2] INFO  client.GrpcClientProtocolClient (GrpcClientProtocolClient.java:onNext(255)) - client-CB1B8AC74E59->81367453-3bf0-4298-8a83-8d5c3816df16: receive RaftClientReply:client-CB1B8AC74E59->81367453-3bf0-4298-8a83-8d5c3816df16@group-F6EC397515C5, cid=4157, SUCCESS, logIndex=5704, commits[81367453-3bf0-4298-8a83-8d5c3816df16:c5707]
2019-09-03 20:26:38,750 [grpc-default-executor-2] INFO  client.GrpcClientProtocolClient (GrpcClientProtocolClient.java:onNext(255)) - client-CB1B8AC74E59->81367453-3bf0-4298-8a83-8d5c3816df16: receive RaftClientReply:client-CB1B8AC74E59->81367453-3bf0-4298-8a83-8d5c3816df16@group-F6EC397515C5, cid=4158, SUCCESS, logIndex=5705, commits[81367453-3bf0-4298-8a83-8d5c3816df16:c5707]
2019-09-03 20:26:38,750 [grpc-default-executor-2] INFO  client.GrpcClientProtocolClient (GrpcClientProtocolClient.java:onNext(255)) - client-CB1B8AC74E59->81367453-3bf0-4298-8a83-8d5c3816df16: receive RaftClientReply:client-CB1B8AC74E59->81367453-3bf0-4298-8a83-8d5c3816df16@group-F6EC397515C5, cid=4159, SUCCESS, logIndex=5706, commits[81367453-3bf0-4298-8a83-8d5c3816df16:c5707]
2019-09-03 20:26:38,751 [grpc-default-executor-2] INFO  client.GrpcClientProtocolClient (GrpcClientProtocolClient.java:onNext(255)) - client-CB1B8AC74E59->81367453-3bf0-4298-8a83-8d5c3816df16: receive RaftClientReply:client-CB1B8AC74E59->81367453-3bf0-4298-8a83-8d5c3816df16@group-F6EC397515C5, cid=4160, SUCCESS, logIndex=5707, commits[81367453-3bf0-4298-8a83-8d5c3816df16:c5707]
2019-09-03 20:26:38,761 [SCMBlockDeletingService#1] DEBUG block.SCMBlockDeletingService (SCMBlockDeletingService.java:call(138)) - Running DeletedBlockTransactionScanner
2019-09-03 20:26:38,762 [SCMBlockDeletingService#1] DEBUG block.SCMBlockDeletingService (SCMBlockDeletingService.java:call(155)) - Scanned deleted blocks log and got 0 delTX to process.
2019-09-03 20:26:38,777 [grpc-default-executor-1] INFO  client.GrpcClientProtocolClient (GrpcClientProtocolClient.java:onNext(255)) - client-CB1B8AC74E59->81367453-3bf0-4298-8a83-8d5c3816df16: receive RaftClientReply:client-CB1B8AC74E59->81367453-3bf0-4298-8a83-8d5c3816df16@group-F6EC397515C5, cid=4161, SUCCESS, logIndex=5709, commits[81367453-3bf0-4298-8a83-8d5c3816df16:c5710]
2019-09-03 20:26:38,777 [grpc-default-executor-1] INFO  client.GrpcClientProtocolClient (GrpcClientProtocolClient.java:onNext(255)) - client-CB1B8AC74E59->81367453-3bf0-4298-8a83-8d5c3816df16: receive RaftClientReply:client-CB1B8AC74E59->81367453-3bf0-4298-8a83-8d5c3816df16@group-F6EC397515C5, cid=4162, SUCCESS, logIndex=5710, commits[81367453-3bf0-4298-8a83-8d5c3816df16:c5710]
2019-09-03 20:26:38,778 [grpc-default-executor-1] INFO  client.GrpcClientProtocolClient (GrpcClientProtocolClient.java:onNext(255)) - client-CB1B8AC74E59->81367453-3bf0-4298-8a83-8d5c3816df16: receive RaftClientReply:client-CB1B8AC74E59->81367453-3bf0-4298-8a83-8d5c3816df16@group-F6EC397515C5, cid=4163, SUCCESS, logIndex=5711, commits[81367453-3bf0-4298-8a83-8d5c3816df16:c5712]
2019-09-03 20:26:38,778 [grpc-default-executor-1] INFO  client.GrpcClientProtocolClient (GrpcClientProtocolClient.java:onNext(255)) - client-CB1B8AC74E59->81367453-3bf0-4298-8a83-8d5c3816df16: receive RaftClientReply:client-CB1B8AC74E59->81367453-3bf0-4298-8a83-8d5c3816df16@group-F6EC397515C5, cid=4164, SUCCESS, logIndex=5712, commits[81367453-3bf0-4298-8a83-8d5c3816df16:c5712]
2019-09-03 20:26:38,793 [grpc-default-executor-2] INFO  client.GrpcClientProtocolClient (GrpcClientProtocolClient.java:onNext(255)) - client-CB1B8AC74E59->81367453-3bf0-4298-8a83-8d5c3816df16: receive RaftClientReply:client-CB1B8AC74E59->81367453-3bf0-4298-8a83-8d5c3816df16@group-F6EC397515C5, cid=4165, SUCCESS, logIndex=5715, commits[81367453-3bf0-4298-8a83-8d5c3816df16:c5716]
2019-09-03 20:26:38,793 [grpc-default-executor-2] INFO  client.GrpcClientProtocolClient (GrpcClientProtocolClient.java:onNext(255)) - client-CB1B8AC74E59->81367453-3bf0-4298-8a83-8d5c3816df16: receive RaftClientReply:client-CB1B8AC74E59->81367453-3bf0-4298-8a83-8d5c3816df16@group-F6EC397515C5, cid=4166, SUCCESS, logIndex=5716, commits[81367453-3bf0-4298-8a83-8d5c3816df16:c5718]
2019-09-03 20:26:38,793 [grpc-default-executor-2] INFO  client.GrpcClientProtocolClient (GrpcClientProtocolClient.java:onNext(255)) - client-CB1B8AC74E59->81367453-3bf0-4298-8a83-8d5c3816df16: receive RaftClientReply:client-CB1B8AC74E59->81367453-3bf0-4298-8a83-8d5c3816df16@group-F6EC397515C5, cid=4167, SUCCESS, logIndex=5717, commits[81367453-3bf0-4298-8a83-8d5c3816df16:c5718]
2019-09-03 20:26:38,794 [grpc-default-executor-2] INFO  client.GrpcClientProtocolClient (GrpcClientProtocolClient.java:onNext(255)) - client-CB1B8AC74E59->81367453-3bf0-4298-8a83-8d5c3816df16: receive RaftClientReply:client-CB1B8AC74E59->81367453-3bf0-4298-8a83-8d5c3816df16@group-F6EC397515C5, cid=4168, SUCCESS, logIndex=5718, commits[81367453-3bf0-4298-8a83-8d5c3816df16:c5719]
2019-09-03 20:26:38,819 [grpc-default-executor-2] INFO  client.GrpcClientProtocolClient (GrpcClientProtocolClient.java:onNext(255)) - client-CB1B8AC74E59->81367453-3bf0-4298-8a83-8d5c3816df16: receive RaftClientReply:client-CB1B8AC74E59->81367453-3bf0-4298-8a83-8d5c3816df16@group-F6EC397515C5, cid=4169, SUCCESS, logIndex=5721, commits[81367453-3bf0-4298-8a83-8d5c3816df16:c5722]
2019-09-03 20:26:38,820 [grpc-default-executor-2] INFO  client.GrpcClientProtocolClient (GrpcClientProtocolClient.java:onNext(255)) - client-CB1B8AC74E59->81367453-3bf0-4298-8a83-8d5c3816df16: receive RaftClientReply:client-CB1B8AC74E59->81367453-3bf0-4298-8a83-8d5c3816df16@group-F6EC397515C5, cid=4170, SUCCESS, logIndex=5722, commits[81367453-3bf0-4298-8a83-8d5c3816df16:c5724]
2019-09-03 20:26:38,820 [grpc-default-executor-2] INFO  client.GrpcClientProtocolClient (GrpcClientProtocolClient.java:onNext(255)) - client-CB1B8AC74E59->81367453-3bf0-4298-8a83-8d5c3816df16: receive RaftClientReply:client-CB1B8AC74E59->81367453-3bf0-4298-8a83-8d5c3816df16@group-F6EC397515C5, cid=4171, SUCCESS, logIndex=5723, commits[81367453-3bf0-4298-8a83-8d5c3816df16:c5725]
2019-09-03 20:26:38,820 [grpc-default-executor-2] INFO  client.GrpcClientProtocolClient (GrpcClientProtocolClient.java:onNext(255)) - client-CB1B8AC74E59->81367453-3bf0-4298-8a83-8d5c3816df16: receive RaftClientReply:client-CB1B8AC74E59->81367453-3bf0-4298-8a83-8d5c3816df16@group-F6EC397515C5, cid=4172, SUCCESS, logIndex=5724, commits[81367453-3bf0-4298-8a83-8d5c3816df16:c5725]
2019-09-03 20:26:38,862 [SCMBlockDeletingService#1] DEBUG block.SCMBlockDeletingService (SCMBlockDeletingService.java:call(138)) - Running DeletedBlockTransactionScanner
2019-09-03 20:26:38,862 [SCMBlockDeletingService#1] DEBUG block.SCMBlockDeletingService (SCMBlockDeletingService.java:call(155)) - Scanned deleted blocks log and got 0 delTX to process.
2019-09-03 20:26:38,910 [grpc-default-executor-2] INFO  client.GrpcClientProtocolClient (GrpcClientProtocolClient.java:onNext(255)) - client-CB1B8AC74E59->81367453-3bf0-4298-8a83-8d5c3816df16: receive RaftClientReply:client-CB1B8AC74E59->81367453-3bf0-4298-8a83-8d5c3816df16@group-F6EC397515C5, cid=4173, SUCCESS, logIndex=5727, commits[81367453-3bf0-4298-8a83-8d5c3816df16:c5730]
2019-09-03 20:26:38,911 [grpc-default-executor-2] INFO  client.GrpcClientProtocolClient (GrpcClientProtocolClient.java:onNext(255)) - client-CB1B8AC74E59->81367453-3bf0-4298-8a83-8d5c3816df16: receive RaftClientReply:client-CB1B8AC74E59->81367453-3bf0-4298-8a83-8d5c3816df16@group-F6EC397515C5, cid=4174, SUCCESS, logIndex=5728, commits[81367453-3bf0-4298-8a83-8d5c3816df16:c5730]
2019-09-03 20:26:38,911 [grpc-default-executor-2] INFO  client.GrpcClientProtocolClient (GrpcClientProtocolClient.java:onNext(255)) - client-CB1B8AC74E59->81367453-3bf0-4298-8a83-8d5c3816df16: receive RaftClientReply:client-CB1B8AC74E59->81367453-3bf0-4298-8a83-8d5c3816df16@group-F6EC397515C5, cid=4175, SUCCESS, logIndex=5729, commits[81367453-3bf0-4298-8a83-8d5c3816df16:c5730]
2019-09-03 20:26:38,911 [grpc-default-executor-2] INFO  client.GrpcClientProtocolClient (GrpcClientProtocolClient.java:onNext(255)) - client-CB1B8AC74E59->81367453-3bf0-4298-8a83-8d5c3816df16: receive RaftClientReply:client-CB1B8AC74E59->81367453-3bf0-4298-8a83-8d5c3816df16@group-F6EC397515C5, cid=4176, SUCCESS, logIndex=5730, commits[81367453-3bf0-4298-8a83-8d5c3816df16:c5730]
2019-09-03 20:26:38,951 [grpc-default-executor-2] INFO  client.GrpcClientProtocolClient (GrpcClientProtocolClient.java:onNext(255)) - client-CB1B8AC74E59->81367453-3bf0-4298-8a83-8d5c3816df16: receive RaftClientReply:client-CB1B8AC74E59->81367453-3bf0-4298-8a83-8d5c3816df16@group-F6EC397515C5, cid=4177, SUCCESS, logIndex=5732, commits[81367453-3bf0-4298-8a83-8d5c3816df16:c5735]
2019-09-03 20:26:38,952 [grpc-default-executor-2] INFO  client.GrpcClientProtocolClient (GrpcClientProtocolClient.java:onNext(255)) - client-CB1B8AC74E59->81367453-3bf0-4298-8a83-8d5c3816df16: receive RaftClientReply:client-CB1B8AC74E59->81367453-3bf0-4298-8a83-8d5c3816df16@group-F6EC397515C5, cid=4178, SUCCESS, logIndex=5733, commits[81367453-3bf0-4298-8a83-8d5c3816df16:c5735]
2019-09-03 20:26:38,952 [grpc-default-executor-2] INFO  client.GrpcClientProtocolClient (GrpcClientProtocolClient.java:onNext(255)) - client-CB1B8AC74E59->81367453-3bf0-4298-8a83-8d5c3816df16: receive RaftClientReply:client-CB1B8AC74E59->81367453-3bf0-4298-8a83-8d5c3816df16@group-F6EC397515C5, cid=4179, SUCCESS, logIndex=5734, commits[81367453-3bf0-4298-8a83-8d5c3816df16:c5735]
2019-09-03 20:26:38,953 [grpc-default-executor-2] INFO  client.GrpcClientProtocolClient (GrpcClientProtocolClient.java:onNext(255)) - client-CB1B8AC74E59->81367453-3bf0-4298-8a83-8d5c3816df16: receive RaftClientReply:client-CB1B8AC74E59->81367453-3bf0-4298-8a83-8d5c3816df16@group-F6EC397515C5, cid=4180, SUCCESS, logIndex=5735, commits[81367453-3bf0-4298-8a83-8d5c3816df16:c5735]
2019-09-03 20:26:38,963 [SCMBlockDeletingService#0] DEBUG block.SCMBlockDeletingService (SCMBlockDeletingService.java:call(138)) - Running DeletedBlockTransactionScanner
2019-09-03 20:26:38,963 [SCMBlockDeletingService#0] DEBUG block.SCMBlockDeletingService (SCMBlockDeletingService.java:call(155)) - Scanned deleted blocks log and got 0 delTX to process.
2019-09-03 20:26:38,982 [grpc-default-executor-2] INFO  client.GrpcClientProtocolClient (GrpcClientProtocolClient.java:onNext(255)) - client-CB1B8AC74E59->81367453-3bf0-4298-8a83-8d5c3816df16: receive RaftClientReply:client-CB1B8AC74E59->81367453-3bf0-4298-8a83-8d5c3816df16@group-F6EC397515C5, cid=4181, SUCCESS, logIndex=5737, commits[81367453-3bf0-4298-8a83-8d5c3816df16:c5740]
2019-09-03 20:26:38,983 [grpc-default-executor-2] INFO  client.GrpcClientProtocolClient (GrpcClientProtocolClient.java:onNext(255)) - client-CB1B8AC74E59->81367453-3bf0-4298-8a83-8d5c3816df16: receive RaftClientReply:client-CB1B8AC74E59->81367453-3bf0-4298-8a83-8d5c3816df16@group-F6EC397515C5, cid=4182, SUCCESS, logIndex=5738, commits[81367453-3bf0-4298-8a83-8d5c3816df16:c5741]
2019-09-03 20:26:38,984 [grpc-default-executor-2] INFO  client.GrpcClientProtocolClient (GrpcClientProtocolClient.java:onNext(255)) - client-CB1B8AC74E59->81367453-3bf0-4298-8a83-8d5c3816df16: receive RaftClientReply:client-CB1B8AC74E59->81367453-3bf0-4298-8a83-8d5c3816df16@group-F6EC397515C5, cid=4183, SUCCESS, logIndex=5739, commits[81367453-3bf0-4298-8a83-8d5c3816df16:c5741]
2019-09-03 20:26:38,984 [grpc-default-executor-2] INFO  client.GrpcClientProtocolClient (GrpcClientProtocolClient.java:onNext(255)) - client-CB1B8AC74E59->81367453-3bf0-4298-8a83-8d5c3816df16: receive RaftClientReply:client-CB1B8AC74E59->81367453-3bf0-4298-8a83-8d5c3816df16@group-F6EC397515C5, cid=4184, SUCCESS, logIndex=5740, commits[81367453-3bf0-4298-8a83-8d5c3816df16:c5741]
2019-09-03 20:26:39,014 [grpc-default-executor-2] INFO  client.GrpcClientProtocolClient (GrpcClientProtocolClient.java:onNext(255)) - client-CB1B8AC74E59->81367453-3bf0-4298-8a83-8d5c3816df16: receive RaftClientReply:client-CB1B8AC74E59->81367453-3bf0-4298-8a83-8d5c3816df16@group-F6EC397515C5, cid=4185, SUCCESS, logIndex=5742, commits[81367453-3bf0-4298-8a83-8d5c3816df16:c5745]
2019-09-03 20:26:39,015 [grpc-default-executor-2] INFO  client.GrpcClientProtocolClient (GrpcClientProtocolClient.java:onNext(255)) - client-CB1B8AC74E59->81367453-3bf0-4298-8a83-8d5c3816df16: receive RaftClientReply:client-CB1B8AC74E59->81367453-3bf0-4298-8a83-8d5c3816df16@group-F6EC397515C5, cid=4186, SUCCESS, logIndex=5743, commits[81367453-3bf0-4298-8a83-8d5c3816df16:c5745]
2019-09-03 20:26:39,015 [grpc-default-executor-2] INFO  client.GrpcClientProtocolClient (GrpcClientProtocolClient.java:onNext(255)) - client-CB1B8AC74E59->81367453-3bf0-4298-8a83-8d5c3816df16: receive RaftClientReply:client-CB1B8AC74E59->81367453-3bf0-4298-8a83-8d5c3816df16@group-F6EC397515C5, cid=4187, SUCCESS, logIndex=5744, commits[81367453-3bf0-4298-8a83-8d5c3816df16:c5746]
2019-09-03 20:26:39,015 [grpc-default-executor-2] INFO  client.GrpcClientProtocolClient (GrpcClientProtocolClient.java:onNext(255)) - client-CB1B8AC74E59->81367453-3bf0-4298-8a83-8d5c3816df16: receive RaftClientReply:client-CB1B8AC74E59->81367453-3bf0-4298-8a83-8d5c3816df16@group-F6EC397515C5, cid=4188, SUCCESS, logIndex=5745, commits[81367453-3bf0-4298-8a83-8d5c3816df16:c5746]
2019-09-03 20:26:39,028 [grpc-default-executor-1] INFO  client.GrpcClientProtocolClient (GrpcClientProtocolClient.java:onNext(255)) - client-CB1B8AC74E59->81367453-3bf0-4298-8a83-8d5c3816df16: receive RaftClientReply:client-CB1B8AC74E59->81367453-3bf0-4298-8a83-8d5c3816df16@group-F6EC397515C5, cid=4189, SUCCESS, logIndex=5747, commits[81367453-3bf0-4298-8a83-8d5c3816df16:c5748]
2019-09-03 20:26:39,028 [grpc-default-executor-1] INFO  client.GrpcClientProtocolClient (GrpcClientProtocolClient.java:onNext(255)) - client-CB1B8AC74E59->81367453-3bf0-4298-8a83-8d5c3816df16: receive RaftClientReply:client-CB1B8AC74E59->81367453-3bf0-4298-8a83-8d5c3816df16@group-F6EC397515C5, cid=4190, SUCCESS, logIndex=5748, commits[81367453-3bf0-4298-8a83-8d5c3816df16:c5748]
2019-09-03 20:26:39,041 [grpc-default-executor-1] INFO  client.GrpcClientProtocolClient (GrpcClientProtocolClient.java:onNext(255)) - client-CB1B8AC74E59->81367453-3bf0-4298-8a83-8d5c3816df16: receive RaftClientReply:client-CB1B8AC74E59->81367453-3bf0-4298-8a83-8d5c3816df16@group-F6EC397515C5, cid=4191, SUCCESS, logIndex=5749, commits[81367453-3bf0-4298-8a83-8d5c3816df16:c5750]
2019-09-03 20:26:39,041 [grpc-default-executor-1] INFO  client.GrpcClientProtocolClient (GrpcClientProtocolClient.java:onNext(255)) - client-CB1B8AC74E59->81367453-3bf0-4298-8a83-8d5c3816df16: receive RaftClientReply:client-CB1B8AC74E59->81367453-3bf0-4298-8a83-8d5c3816df16@group-F6EC397515C5, cid=4192, SUCCESS, logIndex=5750, commits[81367453-3bf0-4298-8a83-8d5c3816df16:c5750]
2019-09-03 20:26:39,063 [SCMBlockDeletingService#0] DEBUG block.SCMBlockDeletingService (SCMBlockDeletingService.java:call(138)) - Running DeletedBlockTransactionScanner
2019-09-03 20:26:39,064 [SCMBlockDeletingService#0] DEBUG block.SCMBlockDeletingService (SCMBlockDeletingService.java:call(155)) - Scanned deleted blocks log and got 0 delTX to process.
2019-09-03 20:26:39,070 [grpc-default-executor-1] INFO  client.GrpcClientProtocolClient (GrpcClientProtocolClient.java:onNext(255)) - client-CB1B8AC74E59->81367453-3bf0-4298-8a83-8d5c3816df16: receive RaftClientReply:client-CB1B8AC74E59->81367453-3bf0-4298-8a83-8d5c3816df16@group-F6EC397515C5, cid=4193, SUCCESS, logIndex=5753, commits[81367453-3bf0-4298-8a83-8d5c3816df16:c5754]
2019-09-03 20:26:39,070 [grpc-default-executor-1] INFO  client.GrpcClientProtocolClient (GrpcClientProtocolClient.java:onNext(255)) - client-CB1B8AC74E59->81367453-3bf0-4298-8a83-8d5c3816df16: receive RaftClientReply:client-CB1B8AC74E59->81367453-3bf0-4298-8a83-8d5c3816df16@group-F6EC397515C5, cid=4194, SUCCESS, logIndex=5754, commits[81367453-3bf0-4298-8a83-8d5c3816df16:c5757]
2019-09-03 20:26:39,070 [grpc-default-executor-1] INFO  client.GrpcClientProtocolClient (GrpcClientProtocolClient.java:onNext(255)) - client-CB1B8AC74E59->81367453-3bf0-4298-8a83-8d5c3816df16: receive RaftClientReply:client-CB1B8AC74E59->81367453-3bf0-4298-8a83-8d5c3816df16@group-F6EC397515C5, cid=4195, SUCCESS, logIndex=5755, commits[81367453-3bf0-4298-8a83-8d5c3816df16:c5757]
2019-09-03 20:26:39,071 [grpc-default-executor-1] INFO  client.GrpcClientProtocolClient (GrpcClientProtocolClient.java:onNext(255)) - client-CB1B8AC74E59->81367453-3bf0-4298-8a83-8d5c3816df16: receive RaftClientReply:client-CB1B8AC74E59->81367453-3bf0-4298-8a83-8d5c3816df16@group-F6EC397515C5, cid=4196, SUCCESS, logIndex=5756, commits[81367453-3bf0-4298-8a83-8d5c3816df16:c5757]
2019-09-03 20:26:39,084 [grpc-default-executor-1] INFO  client.GrpcClientProtocolClient (GrpcClientProtocolClient.java:onNext(255)) - client-CB1B8AC74E59->81367453-3bf0-4298-8a83-8d5c3816df16: receive RaftClientReply:client-CB1B8AC74E59->81367453-3bf0-4298-8a83-8d5c3816df16@group-F6EC397515C5, cid=4197, SUCCESS, logIndex=5758, commits[81367453-3bf0-4298-8a83-8d5c3816df16:c5759]
2019-09-03 20:26:39,085 [grpc-default-executor-1] INFO  client.GrpcClientProtocolClient (GrpcClientProtocolClient.java:onNext(255)) - client-CB1B8AC74E59->81367453-3bf0-4298-8a83-8d5c3816df16: receive RaftClientReply:client-CB1B8AC74E59->81367453-3bf0-4298-8a83-8d5c3816df16@group-F6EC397515C5, cid=4198, SUCCESS, logIndex=5759, commits[81367453-3bf0-4298-8a83-8d5c3816df16:c5759]
2019-09-03 20:26:39,164 [SCMBlockDeletingService#0] DEBUG block.SCMBlockDeletingService (SCMBlockDeletingService.java:call(138)) - Running DeletedBlockTransactionScanner
2019-09-03 20:26:39,164 [SCMBlockDeletingService#0] DEBUG block.SCMBlockDeletingService (SCMBlockDeletingService.java:call(155)) - Scanned deleted blocks log and got 0 delTX to process.
2019-09-03 20:26:39,179 [grpc-default-executor-2] INFO  client.GrpcClientProtocolClient (GrpcClientProtocolClient.java:onNext(255)) - client-CB1B8AC74E59->81367453-3bf0-4298-8a83-8d5c3816df16: receive RaftClientReply:client-CB1B8AC74E59->81367453-3bf0-4298-8a83-8d5c3816df16@group-F6EC397515C5, cid=4199, SUCCESS, logIndex=5761, commits[81367453-3bf0-4298-8a83-8d5c3816df16:c5762]
2019-09-03 20:26:39,179 [grpc-default-executor-2] INFO  client.GrpcClientProtocolClient (GrpcClientProtocolClient.java:onNext(255)) - client-CB1B8AC74E59->81367453-3bf0-4298-8a83-8d5c3816df16: receive RaftClientReply:client-CB1B8AC74E59->81367453-3bf0-4298-8a83-8d5c3816df16@group-F6EC397515C5, cid=4200, SUCCESS, logIndex=5762, commits[81367453-3bf0-4298-8a83-8d5c3816df16:c5763]
2019-09-03 20:26:39,206 [grpc-default-executor-1] INFO  client.GrpcClientProtocolClient (GrpcClientProtocolClient.java:onNext(255)) - client-CB1B8AC74E59->81367453-3bf0-4298-8a83-8d5c3816df16: receive RaftClientReply:client-CB1B8AC74E59->81367453-3bf0-4298-8a83-8d5c3816df16@group-F6EC397515C5, cid=4201, SUCCESS, logIndex=5764, commits[81367453-3bf0-4298-8a83-8d5c3816df16:c5767]
2019-09-03 20:26:39,207 [grpc-default-executor-1] INFO  client.GrpcClientProtocolClient (GrpcClientProtocolClient.java:onNext(255)) - client-CB1B8AC74E59->81367453-3bf0-4298-8a83-8d5c3816df16: receive RaftClientReply:client-CB1B8AC74E59->81367453-3bf0-4298-8a83-8d5c3816df16@group-F6EC397515C5, cid=4202, SUCCESS, logIndex=5765, commits[81367453-3bf0-4298-8a83-8d5c3816df16:c5767]
2019-09-03 20:26:39,207 [grpc-default-executor-1] INFO  client.GrpcClientProtocolClient (GrpcClientProtocolClient.java:onNext(255)) - client-CB1B8AC74E59->81367453-3bf0-4298-8a83-8d5c3816df16: receive RaftClientReply:client-CB1B8AC74E59->81367453-3bf0-4298-8a83-8d5c3816df16@group-F6EC397515C5, cid=4203, SUCCESS, logIndex=5766, commits[81367453-3bf0-4298-8a83-8d5c3816df16:c5768]
2019-09-03 20:26:39,207 [grpc-default-executor-1] INFO  client.GrpcClientProtocolClient (GrpcClientProtocolClient.java:onNext(255)) - client-CB1B8AC74E59->81367453-3bf0-4298-8a83-8d5c3816df16: receive RaftClientReply:client-CB1B8AC74E59->81367453-3bf0-4298-8a83-8d5c3816df16@group-F6EC397515C5, cid=4204, SUCCESS, logIndex=5767, commits[81367453-3bf0-4298-8a83-8d5c3816df16:c5768]
2019-09-03 20:26:39,219 [grpc-default-executor-2] INFO  client.GrpcClientProtocolClient (GrpcClientProtocolClient.java:onNext(255)) - client-CB1B8AC74E59->81367453-3bf0-4298-8a83-8d5c3816df16: receive RaftClientReply:client-CB1B8AC74E59->81367453-3bf0-4298-8a83-8d5c3816df16@group-F6EC397515C5, cid=4205, SUCCESS, logIndex=5769, commits[81367453-3bf0-4298-8a83-8d5c3816df16:c5770]
2019-09-03 20:26:39,220 [grpc-default-executor-2] INFO  client.GrpcClientProtocolClient (GrpcClientProtocolClient.java:onNext(255)) - client-CB1B8AC74E59->81367453-3bf0-4298-8a83-8d5c3816df16: receive RaftClientReply:client-CB1B8AC74E59->81367453-3bf0-4298-8a83-8d5c3816df16@group-F6EC397515C5, cid=4206, SUCCESS, logIndex=5770, commits[81367453-3bf0-4298-8a83-8d5c3816df16:c5770]
2019-09-03 20:26:39,239 [grpc-default-executor-2] INFO  client.GrpcClientProtocolClient (GrpcClientProtocolClient.java:onNext(255)) - client-CB1B8AC74E59->81367453-3bf0-4298-8a83-8d5c3816df16: receive RaftClientReply:client-CB1B8AC74E59->81367453-3bf0-4298-8a83-8d5c3816df16@group-F6EC397515C5, cid=4207, SUCCESS, logIndex=5771, commits[81367453-3bf0-4298-8a83-8d5c3816df16:c5772]
2019-09-03 20:26:39,239 [grpc-default-executor-2] INFO  client.GrpcClientProtocolClient (GrpcClientProtocolClient.java:onNext(255)) - client-CB1B8AC74E59->81367453-3bf0-4298-8a83-8d5c3816df16: receive RaftClientReply:client-CB1B8AC74E59->81367453-3bf0-4298-8a83-8d5c3816df16@group-F6EC397515C5, cid=4208, SUCCESS, logIndex=5772, commits[81367453-3bf0-4298-8a83-8d5c3816df16:c5772]
2019-09-03 20:26:39,265 [SCMBlockDeletingService#0] DEBUG block.SCMBlockDeletingService (SCMBlockDeletingService.java:call(138)) - Running DeletedBlockTransactionScanner
2019-09-03 20:26:39,265 [SCMBlockDeletingService#0] DEBUG block.SCMBlockDeletingService (SCMBlockDeletingService.java:call(155)) - Scanned deleted blocks log and got 0 delTX to process.
2019-09-03 20:26:39,267 [grpc-default-executor-2] INFO  client.GrpcClientProtocolClient (GrpcClientProtocolClient.java:onNext(255)) - client-CB1B8AC74E59->81367453-3bf0-4298-8a83-8d5c3816df16: receive RaftClientReply:client-CB1B8AC74E59->81367453-3bf0-4298-8a83-8d5c3816df16@group-F6EC397515C5, cid=4209, SUCCESS, logIndex=5775, commits[81367453-3bf0-4298-8a83-8d5c3816df16:c5778]
2019-09-03 20:26:39,268 [grpc-default-executor-2] INFO  client.GrpcClientProtocolClient (GrpcClientProtocolClient.java:onNext(255)) - client-CB1B8AC74E59->81367453-3bf0-4298-8a83-8d5c3816df16: receive RaftClientReply:client-CB1B8AC74E59->81367453-3bf0-4298-8a83-8d5c3816df16@group-F6EC397515C5, cid=4210, SUCCESS, logIndex=5776, commits[81367453-3bf0-4298-8a83-8d5c3816df16:c5779]
2019-09-03 20:26:39,268 [grpc-default-executor-2] INFO  client.GrpcClientProtocolClient (GrpcClientProtocolClient.java:onNext(255)) - client-CB1B8AC74E59->81367453-3bf0-4298-8a83-8d5c3816df16: receive RaftClientReply:client-CB1B8AC74E59->81367453-3bf0-4298-8a83-8d5c3816df16@group-F6EC397515C5, cid=4211, SUCCESS, logIndex=5777, commits[81367453-3bf0-4298-8a83-8d5c3816df16:c5779]
2019-09-03 20:26:39,269 [grpc-default-executor-2] INFO  client.GrpcClientProtocolClient (GrpcClientProtocolClient.java:onNext(255)) - client-CB1B8AC74E59->81367453-3bf0-4298-8a83-8d5c3816df16: receive RaftClientReply:client-CB1B8AC74E59->81367453-3bf0-4298-8a83-8d5c3816df16@group-F6EC397515C5, cid=4212, SUCCESS, logIndex=5778, commits[81367453-3bf0-4298-8a83-8d5c3816df16:c5779]
2019-09-03 20:26:39,284 [grpc-default-executor-2] INFO  client.GrpcClientProtocolClient (GrpcClientProtocolClient.java:onNext(255)) - client-CB1B8AC74E59->81367453-3bf0-4298-8a83-8d5c3816df16: receive RaftClientReply:client-CB1B8AC74E59->81367453-3bf0-4298-8a83-8d5c3816df16@group-F6EC397515C5, cid=4213, SUCCESS, logIndex=5780, commits[81367453-3bf0-4298-8a83-8d5c3816df16:c5781]
2019-09-03 20:26:39,284 [grpc-default-executor-2] INFO  client.GrpcClientProtocolClient (GrpcClientProtocolClient.java:onNext(255)) - client-CB1B8AC74E59->81367453-3bf0-4298-8a83-8d5c3816df16: receive RaftClientReply:client-CB1B8AC74E59->81367453-3bf0-4298-8a83-8d5c3816df16@group-F6EC397515C5, cid=4214, SUCCESS, logIndex=5781, commits[81367453-3bf0-4298-8a83-8d5c3816df16:c5783]
2019-09-03 20:26:39,285 [grpc-default-executor-2] INFO  client.GrpcClientProtocolClient (GrpcClientProtocolClient.java:onNext(255)) - client-CB1B8AC74E59->81367453-3bf0-4298-8a83-8d5c3816df16: receive RaftClientReply:client-CB1B8AC74E59->81367453-3bf0-4298-8a83-8d5c3816df16@group-F6EC397515C5, cid=4215, SUCCESS, logIndex=5782, commits[81367453-3bf0-4298-8a83-8d5c3816df16:c5784]
2019-09-03 20:26:39,285 [grpc-default-executor-2] INFO  client.GrpcClientProtocolClient (GrpcClientProtocolClient.java:onNext(255)) - client-CB1B8AC74E59->81367453-3bf0-4298-8a83-8d5c3816df16: receive RaftClientReply:client-CB1B8AC74E59->81367453-3bf0-4298-8a83-8d5c3816df16@group-F6EC397515C5, cid=4216, SUCCESS, logIndex=5783, commits[81367453-3bf0-4298-8a83-8d5c3816df16:c5784]
2019-09-03 20:26:39,329 [grpc-default-executor-1] INFO  client.GrpcClientProtocolClient (GrpcClientProtocolClient.java:onNext(255)) - client-CB1B8AC74E59->81367453-3bf0-4298-8a83-8d5c3816df16: receive RaftClientReply:client-CB1B8AC74E59->81367453-3bf0-4298-8a83-8d5c3816df16@group-F6EC397515C5, cid=4217, SUCCESS, logIndex=5786, commits[81367453-3bf0-4298-8a83-8d5c3816df16:c5789]
2019-09-03 20:26:39,330 [grpc-default-executor-1] INFO  client.GrpcClientProtocolClient (GrpcClientProtocolClient.java:onNext(255)) - client-CB1B8AC74E59->81367453-3bf0-4298-8a83-8d5c3816df16: receive RaftClientReply:client-CB1B8AC74E59->81367453-3bf0-4298-8a83-8d5c3816df16@group-F6EC397515C5, cid=4218, SUCCESS, logIndex=5787, commits[81367453-3bf0-4298-8a83-8d5c3816df16:c5789]
2019-09-03 20:26:39,330 [grpc-default-executor-1] INFO  client.GrpcClientProtocolClient (GrpcClientProtocolClient.java:onNext(255)) - client-CB1B8AC74E59->81367453-3bf0-4298-8a83-8d5c3816df16: receive RaftClientReply:client-CB1B8AC74E59->81367453-3bf0-4298-8a83-8d5c3816df16@group-F6EC397515C5, cid=4219, SUCCESS, logIndex=5788, commits[81367453-3bf0-4298-8a83-8d5c3816df16:c5789]
2019-09-03 20:26:39,331 [grpc-default-executor-1] INFO  client.GrpcClientProtocolClient (GrpcClientProtocolClient.java:onNext(255)) - client-CB1B8AC74E59->81367453-3bf0-4298-8a83-8d5c3816df16: receive RaftClientReply:client-CB1B8AC74E59->81367453-3bf0-4298-8a83-8d5c3816df16@group-F6EC397515C5, cid=4220, SUCCESS, logIndex=5789, commits[81367453-3bf0-4298-8a83-8d5c3816df16:c5789]
2019-09-03 20:26:39,344 [grpc-default-executor-1] INFO  client.GrpcClientProtocolClient (GrpcClientProtocolClient.java:onNext(255)) - client-CB1B8AC74E59->81367453-3bf0-4298-8a83-8d5c3816df16: receive RaftClientReply:client-CB1B8AC74E59->81367453-3bf0-4298-8a83-8d5c3816df16@group-F6EC397515C5, cid=4221, SUCCESS, logIndex=5791, commits[81367453-3bf0-4298-8a83-8d5c3816df16:c5792]
2019-09-03 20:26:39,344 [grpc-default-executor-1] INFO  client.GrpcClientProtocolClient (GrpcClientProtocolClient.java:onNext(255)) - client-CB1B8AC74E59->81367453-3bf0-4298-8a83-8d5c3816df16: receive RaftClientReply:client-CB1B8AC74E59->81367453-3bf0-4298-8a83-8d5c3816df16@group-F6EC397515C5, cid=4222, SUCCESS, logIndex=5792, commits[81367453-3bf0-4298-8a83-8d5c3816df16:c5794]
2019-09-03 20:26:39,345 [grpc-default-executor-1] INFO  client.GrpcClientProtocolClient (GrpcClientProtocolClient.java:onNext(255)) - client-CB1B8AC74E59->81367453-3bf0-4298-8a83-8d5c3816df16: receive RaftClientReply:client-CB1B8AC74E59->81367453-3bf0-4298-8a83-8d5c3816df16@group-F6EC397515C5, cid=4223, SUCCESS, logIndex=5793, commits[81367453-3bf0-4298-8a83-8d5c3816df16:c5795]
2019-09-03 20:26:39,345 [grpc-default-executor-1] INFO  client.GrpcClientProtocolClient (GrpcClientProtocolClient.java:onNext(255)) - client-CB1B8AC74E59->81367453-3bf0-4298-8a83-8d5c3816df16: receive RaftClientReply:client-CB1B8AC74E59->81367453-3bf0-4298-8a83-8d5c3816df16@group-F6EC397515C5, cid=4224, SUCCESS, logIndex=5794, commits[81367453-3bf0-4298-8a83-8d5c3816df16:c5795]
2019-09-03 20:26:39,365 [SCMBlockDeletingService#0] DEBUG block.SCMBlockDeletingService (SCMBlockDeletingService.java:call(138)) - Running DeletedBlockTransactionScanner
2019-09-03 20:26:39,366 [SCMBlockDeletingService#0] DEBUG block.SCMBlockDeletingService (SCMBlockDeletingService.java:call(155)) - Scanned deleted blocks log and got 0 delTX to process.
2019-09-03 20:26:39,405 [grpc-default-executor-1] INFO  client.GrpcClientProtocolClient (GrpcClientProtocolClient.java:onNext(255)) - client-CB1B8AC74E59->81367453-3bf0-4298-8a83-8d5c3816df16: receive RaftClientReply:client-CB1B8AC74E59->81367453-3bf0-4298-8a83-8d5c3816df16@group-F6EC397515C5, cid=4225, SUCCESS, logIndex=5797, commits[81367453-3bf0-4298-8a83-8d5c3816df16:c5798]
2019-09-03 20:26:39,406 [grpc-default-executor-1] INFO  client.GrpcClientProtocolClient (GrpcClientProtocolClient.java:onNext(255)) - client-CB1B8AC74E59->81367453-3bf0-4298-8a83-8d5c3816df16: receive RaftClientReply:client-CB1B8AC74E59->81367453-3bf0-4298-8a83-8d5c3816df16@group-F6EC397515C5, cid=4226, SUCCESS, logIndex=5798, commits[81367453-3bf0-4298-8a83-8d5c3816df16:c5798]
2019-09-03 20:26:39,414 [grpc-default-executor-1] INFO  client.GrpcClientProtocolClient (GrpcClientProtocolClient.java:onNext(255)) - client-CB1B8AC74E59->81367453-3bf0-4298-8a83-8d5c3816df16: receive RaftClientReply:client-CB1B8AC74E59->81367453-3bf0-4298-8a83-8d5c3816df16@group-F6EC397515C5, cid=4227, SUCCESS, logIndex=5799, commits[81367453-3bf0-4298-8a83-8d5c3816df16:c5800]
2019-09-03 20:26:39,415 [grpc-default-executor-1] INFO  client.GrpcClientProtocolClient (GrpcClientProtocolClient.java:onNext(255)) - client-CB1B8AC74E59->81367453-3bf0-4298-8a83-8d5c3816df16: receive RaftClientReply:client-CB1B8AC74E59->81367453-3bf0-4298-8a83-8d5c3816df16@group-F6EC397515C5, cid=4228, SUCCESS, logIndex=5800, commits[81367453-3bf0-4298-8a83-8d5c3816df16:c5800]
2019-09-03 20:26:39,467 [SCMBlockDeletingService#1] DEBUG block.SCMBlockDeletingService (SCMBlockDeletingService.java:call(138)) - Running DeletedBlockTransactionScanner
2019-09-03 20:26:39,467 [SCMBlockDeletingService#1] DEBUG block.SCMBlockDeletingService (SCMBlockDeletingService.java:call(155)) - Scanned deleted blocks log and got 0 delTX to process.
2019-09-03 20:26:39,483 [grpc-default-executor-2] INFO  client.GrpcClientProtocolClient (GrpcClientProtocolClient.java:onNext(255)) - client-CB1B8AC74E59->81367453-3bf0-4298-8a83-8d5c3816df16: receive RaftClientReply:client-CB1B8AC74E59->81367453-3bf0-4298-8a83-8d5c3816df16@group-F6EC397515C5, cid=4229, SUCCESS, logIndex=5803, commits[81367453-3bf0-4298-8a83-8d5c3816df16:c5806]
2019-09-03 20:26:39,483 [grpc-default-executor-2] INFO  client.GrpcClientProtocolClient (GrpcClientProtocolClient.java:onNext(255)) - client-CB1B8AC74E59->81367453-3bf0-4298-8a83-8d5c3816df16: receive RaftClientReply:client-CB1B8AC74E59->81367453-3bf0-4298-8a83-8d5c3816df16@group-F6EC397515C5, cid=4230, SUCCESS, logIndex=5804, commits[81367453-3bf0-4298-8a83-8d5c3816df16:c5807]
2019-09-03 20:26:39,483 [grpc-default-executor-2] INFO  client.GrpcClientProtocolClient (GrpcClientProtocolClient.java:onNext(255)) - client-CB1B8AC74E59->81367453-3bf0-4298-8a83-8d5c3816df16: receive RaftClientReply:client-CB1B8AC74E59->81367453-3bf0-4298-8a83-8d5c3816df16@group-F6EC397515C5, cid=4231, SUCCESS, logIndex=5805, commits[81367453-3bf0-4298-8a83-8d5c3816df16:c5807]
2019-09-03 20:26:39,484 [grpc-default-executor-2] INFO  client.GrpcClientProtocolClient (GrpcClientProtocolClient.java:onNext(255)) - client-CB1B8AC74E59->81367453-3bf0-4298-8a83-8d5c3816df16: receive RaftClientReply:client-CB1B8AC74E59->81367453-3bf0-4298-8a83-8d5c3816df16@group-F6EC397515C5, cid=4232, SUCCESS, logIndex=5806, commits[81367453-3bf0-4298-8a83-8d5c3816df16:c5807]
2019-09-03 20:26:39,515 [grpc-default-executor-1] INFO  client.GrpcClientProtocolClient (GrpcClientProtocolClient.java:onNext(255)) - client-CB1B8AC74E59->81367453-3bf0-4298-8a83-8d5c3816df16: receive RaftClientReply:client-CB1B8AC74E59->81367453-3bf0-4298-8a83-8d5c3816df16@group-F6EC397515C5, cid=4233, SUCCESS, logIndex=5808, commits[81367453-3bf0-4298-8a83-8d5c3816df16:c5809]
2019-09-03 20:26:39,516 [grpc-default-executor-1] INFO  client.GrpcClientProtocolClient (GrpcClientProtocolClient.java:onNext(255)) - client-CB1B8AC74E59->81367453-3bf0-4298-8a83-8d5c3816df16: receive RaftClientReply:client-CB1B8AC74E59->81367453-3bf0-4298-8a83-8d5c3816df16@group-F6EC397515C5, cid=4234, SUCCESS, logIndex=5809, commits[81367453-3bf0-4298-8a83-8d5c3816df16:c5812]
2019-09-03 20:26:39,517 [grpc-default-executor-1] INFO  client.GrpcClientProtocolClient (GrpcClientProtocolClient.java:onNext(255)) - client-CB1B8AC74E59->81367453-3bf0-4298-8a83-8d5c3816df16: receive RaftClientReply:client-CB1B8AC74E59->81367453-3bf0-4298-8a83-8d5c3816df16@group-F6EC397515C5, cid=4235, SUCCESS, logIndex=5810, commits[81367453-3bf0-4298-8a83-8d5c3816df16:c5812]
2019-09-03 20:26:39,517 [grpc-default-executor-1] INFO  client.GrpcClientProtocolClient (GrpcClientProtocolClient.java:onNext(255)) - client-CB1B8AC74E59->81367453-3bf0-4298-8a83-8d5c3816df16: receive RaftClientReply:client-CB1B8AC74E59->81367453-3bf0-4298-8a83-8d5c3816df16@group-F6EC397515C5, cid=4236, SUCCESS, logIndex=5811, commits[81367453-3bf0-4298-8a83-8d5c3816df16:c5812]
2019-09-03 20:26:39,540 [grpc-default-executor-1] INFO  client.GrpcClientProtocolClient (GrpcClientProtocolClient.java:onNext(255)) - client-CB1B8AC74E59->81367453-3bf0-4298-8a83-8d5c3816df16: receive RaftClientReply:client-CB1B8AC74E59->81367453-3bf0-4298-8a83-8d5c3816df16@group-F6EC397515C5, cid=4237, SUCCESS, logIndex=5813, commits[81367453-3bf0-4298-8a83-8d5c3816df16:c5814]
2019-09-03 20:26:39,540 [grpc-default-executor-1] INFO  client.GrpcClientProtocolClient (GrpcClientProtocolClient.java:onNext(255)) - client-CB1B8AC74E59->81367453-3bf0-4298-8a83-8d5c3816df16: receive RaftClientReply:client-CB1B8AC74E59->81367453-3bf0-4298-8a83-8d5c3816df16@group-F6EC397515C5, cid=4238, SUCCESS, logIndex=5814, commits[81367453-3bf0-4298-8a83-8d5c3816df16:c5816]
2019-09-03 20:26:39,541 [grpc-default-executor-1] INFO  client.GrpcClientProtocolClient (GrpcClientProtocolClient.java:onNext(255)) - client-CB1B8AC74E59->81367453-3bf0-4298-8a83-8d5c3816df16: receive RaftClientReply:client-CB1B8AC74E59->81367453-3bf0-4298-8a83-8d5c3816df16@group-F6EC397515C5, cid=4239, SUCCESS, logIndex=5815, commits[81367453-3bf0-4298-8a83-8d5c3816df16:c5816]
2019-09-03 20:26:39,541 [grpc-default-executor-1] INFO  client.GrpcClientProtocolClient (GrpcClientProtocolClient.java:onNext(255)) - client-CB1B8AC74E59->81367453-3bf0-4298-8a83-8d5c3816df16: receive RaftClientReply:client-CB1B8AC74E59->81367453-3bf0-4298-8a83-8d5c3816df16@group-F6EC397515C5, cid=4240, SUCCESS, logIndex=5816, commits[81367453-3bf0-4298-8a83-8d5c3816df16:c5817]
2019-09-03 20:26:39,650 [SCMBlockDeletingService#1] DEBUG block.SCMBlockDeletingService (SCMBlockDeletingService.java:call(138)) - Running DeletedBlockTransactionScanner
2019-09-03 20:26:39,651 [SCMBlockDeletingService#1] DEBUG block.SCMBlockDeletingService (SCMBlockDeletingService.java:call(155)) - Scanned deleted blocks log and got 0 delTX to process.
2019-09-03 20:26:39,733 [grpc-default-executor-2] INFO  client.GrpcClientProtocolClient (GrpcClientProtocolClient.java:onNext(255)) - client-CB1B8AC74E59->81367453-3bf0-4298-8a83-8d5c3816df16: receive RaftClientReply:client-CB1B8AC74E59->81367453-3bf0-4298-8a83-8d5c3816df16@group-F6EC397515C5, cid=4241, SUCCESS, logIndex=5819, commits[81367453-3bf0-4298-8a83-8d5c3816df16:c5820]
2019-09-03 20:26:39,734 [grpc-default-executor-2] INFO  client.GrpcClientProtocolClient (GrpcClientProtocolClient.java:onNext(255)) - client-CB1B8AC74E59->81367453-3bf0-4298-8a83-8d5c3816df16: receive RaftClientReply:client-CB1B8AC74E59->81367453-3bf0-4298-8a83-8d5c3816df16@group-F6EC397515C5, cid=4242, SUCCESS, logIndex=5820, commits[81367453-3bf0-4298-8a83-8d5c3816df16:c5820]
2019-09-03 20:26:39,751 [SCMBlockDeletingService#1] DEBUG block.SCMBlockDeletingService (SCMBlockDeletingService.java:call(138)) - Running DeletedBlockTransactionScanner
2019-09-03 20:26:39,751 [SCMBlockDeletingService#1] DEBUG block.SCMBlockDeletingService (SCMBlockDeletingService.java:call(155)) - Scanned deleted blocks log and got 0 delTX to process.
2019-09-03 20:26:39,779 [grpc-default-executor-1] INFO  client.GrpcClientProtocolClient (GrpcClientProtocolClient.java:onNext(255)) - client-CB1B8AC74E59->81367453-3bf0-4298-8a83-8d5c3816df16: receive RaftClientReply:client-CB1B8AC74E59->81367453-3bf0-4298-8a83-8d5c3816df16@group-F6EC397515C5, cid=4243, SUCCESS, logIndex=5822, commits[81367453-3bf0-4298-8a83-8d5c3816df16:c5823]
2019-09-03 20:26:39,780 [grpc-default-executor-1] INFO  client.GrpcClientProtocolClient (GrpcClientProtocolClient.java:onNext(255)) - client-CB1B8AC74E59->81367453-3bf0-4298-8a83-8d5c3816df16: receive RaftClientReply:client-CB1B8AC74E59->81367453-3bf0-4298-8a83-8d5c3816df16@group-F6EC397515C5, cid=4244, SUCCESS, logIndex=5823, commits[81367453-3bf0-4298-8a83-8d5c3816df16:c5823]
2019-09-03 20:26:39,829 [grpc-default-executor-1] INFO  client.GrpcClientProtocolClient (GrpcClientProtocolClient.java:onNext(255)) - client-CB1B8AC74E59->81367453-3bf0-4298-8a83-8d5c3816df16: receive RaftClientReply:client-CB1B8AC74E59->81367453-3bf0-4298-8a83-8d5c3816df16@group-F6EC397515C5, cid=4245, SUCCESS, logIndex=5825, commits[81367453-3bf0-4298-8a83-8d5c3816df16:c5828]
2019-09-03 20:26:39,829 [grpc-default-executor-1] INFO  client.GrpcClientProtocolClient (GrpcClientProtocolClient.java:onNext(255)) - client-CB1B8AC74E59->81367453-3bf0-4298-8a83-8d5c3816df16: receive RaftClientReply:client-CB1B8AC74E59->81367453-3bf0-4298-8a83-8d5c3816df16@group-F6EC397515C5, cid=4246, SUCCESS, logIndex=5826, commits[81367453-3bf0-4298-8a83-8d5c3816df16:c5828]
2019-09-03 20:26:39,829 [grpc-default-executor-1] INFO  client.GrpcClientProtocolClient (GrpcClientProtocolClient.java:onNext(255)) - client-CB1B8AC74E59->81367453-3bf0-4298-8a83-8d5c3816df16: receive RaftClientReply:client-CB1B8AC74E59->81367453-3bf0-4298-8a83-8d5c3816df16@group-F6EC397515C5, cid=4247, SUCCESS, logIndex=5827, commits[81367453-3bf0-4298-8a83-8d5c3816df16:c5828]
2019-09-03 20:26:39,830 [grpc-default-executor-1] INFO  client.GrpcClientProtocolClient (GrpcClientProtocolClient.java:onNext(255)) - client-CB1B8AC74E59->81367453-3bf0-4298-8a83-8d5c3816df16: receive RaftClientReply:client-CB1B8AC74E59->81367453-3bf0-4298-8a83-8d5c3816df16@group-F6EC397515C5, cid=4248, SUCCESS, logIndex=5828, commits[81367453-3bf0-4298-8a83-8d5c3816df16:c5828]
2019-09-03 20:26:39,851 [SCMBlockDeletingService#1] DEBUG block.SCMBlockDeletingService (SCMBlockDeletingService.java:call(138)) - Running DeletedBlockTransactionScanner
2019-09-03 20:26:39,852 [SCMBlockDeletingService#1] DEBUG block.SCMBlockDeletingService (SCMBlockDeletingService.java:call(155)) - Scanned deleted blocks log and got 0 delTX to process.
2019-09-03 20:26:39,877 [grpc-default-executor-2] INFO  client.GrpcClientProtocolClient (GrpcClientProtocolClient.java:onNext(255)) - client-CB1B8AC74E59->81367453-3bf0-4298-8a83-8d5c3816df16: receive RaftClientReply:client-CB1B8AC74E59->81367453-3bf0-4298-8a83-8d5c3816df16@group-F6EC397515C5, cid=4249, SUCCESS, logIndex=5830, commits[81367453-3bf0-4298-8a83-8d5c3816df16:c5831]
2019-09-03 20:26:39,878 [grpc-default-executor-2] INFO  client.GrpcClientProtocolClient (GrpcClientProtocolClient.java:onNext(255)) - client-CB1B8AC74E59->81367453-3bf0-4298-8a83-8d5c3816df16: receive RaftClientReply:client-CB1B8AC74E59->81367453-3bf0-4298-8a83-8d5c3816df16@group-F6EC397515C5, cid=4250, SUCCESS, logIndex=5831, commits[81367453-3bf0-4298-8a83-8d5c3816df16:c5833]
2019-09-03 20:26:39,878 [grpc-default-executor-2] INFO  client.GrpcClientProtocolClient (GrpcClientProtocolClient.java:onNext(255)) - client-CB1B8AC74E59->81367453-3bf0-4298-8a83-8d5c3816df16: receive RaftClientReply:client-CB1B8AC74E59->81367453-3bf0-4298-8a83-8d5c3816df16@group-F6EC397515C5, cid=4251, SUCCESS, logIndex=5832, commits[81367453-3bf0-4298-8a83-8d5c3816df16:c5834]
2019-09-03 20:26:39,878 [grpc-default-executor-2] INFO  client.GrpcClientProtocolClient (GrpcClientProtocolClient.java:onNext(255)) - client-CB1B8AC74E59->81367453-3bf0-4298-8a83-8d5c3816df16: receive RaftClientReply:client-CB1B8AC74E59->81367453-3bf0-4298-8a83-8d5c3816df16@group-F6EC397515C5, cid=4252, SUCCESS, logIndex=5833, commits[81367453-3bf0-4298-8a83-8d5c3816df16:c5835]
2019-09-03 20:26:39,891 [grpc-default-executor-2] INFO  client.GrpcClientProtocolClient (GrpcClientProtocolClient.java:onNext(255)) - client-CB1B8AC74E59->81367453-3bf0-4298-8a83-8d5c3816df16: receive RaftClientReply:client-CB1B8AC74E59->81367453-3bf0-4298-8a83-8d5c3816df16@group-F6EC397515C5, cid=4253, SUCCESS, logIndex=5836, commits[81367453-3bf0-4298-8a83-8d5c3816df16:c5839]
2019-09-03 20:26:39,892 [grpc-default-executor-2] INFO  client.GrpcClientProtocolClient (GrpcClientProtocolClient.java:onNext(255)) - client-CB1B8AC74E59->81367453-3bf0-4298-8a83-8d5c3816df16: receive RaftClientReply:client-CB1B8AC74E59->81367453-3bf0-4298-8a83-8d5c3816df16@group-F6EC397515C5, cid=4254, SUCCESS, logIndex=5837, commits[81367453-3bf0-4298-8a83-8d5c3816df16:c5840]
2019-09-03 20:26:39,892 [grpc-default-executor-2] INFO  client.GrpcClientProtocolClient (GrpcClientProtocolClient.java:onNext(255)) - client-CB1B8AC74E59->81367453-3bf0-4298-8a83-8d5c3816df16: receive RaftClientReply:client-CB1B8AC74E59->81367453-3bf0-4298-8a83-8d5c3816df16@group-F6EC397515C5, cid=4255, SUCCESS, logIndex=5838, commits[81367453-3bf0-4298-8a83-8d5c3816df16:c5840]
2019-09-03 20:26:39,892 [grpc-default-executor-2] INFO  client.GrpcClientProtocolClient (GrpcClientProtocolClient.java:onNext(255)) - client-CB1B8AC74E59->81367453-3bf0-4298-8a83-8d5c3816df16: receive RaftClientReply:client-CB1B8AC74E59->81367453-3bf0-4298-8a83-8d5c3816df16@group-F6EC397515C5, cid=4256, SUCCESS, logIndex=5839, commits[81367453-3bf0-4298-8a83-8d5c3816df16:c5840]
2019-09-03 20:26:39,931 [grpc-default-executor-1] INFO  client.GrpcClientProtocolClient (GrpcClientProtocolClient.java:onNext(255)) - client-CB1B8AC74E59->81367453-3bf0-4298-8a83-8d5c3816df16: receive RaftClientReply:client-CB1B8AC74E59->81367453-3bf0-4298-8a83-8d5c3816df16@group-F6EC397515C5, cid=4257, SUCCESS, logIndex=5841, commits[81367453-3bf0-4298-8a83-8d5c3816df16:c5844]
2019-09-03 20:26:39,931 [grpc-default-executor-1] INFO  client.GrpcClientProtocolClient (GrpcClientProtocolClient.java:onNext(255)) - client-CB1B8AC74E59->81367453-3bf0-4298-8a83-8d5c3816df16: receive RaftClientReply:client-CB1B8AC74E59->81367453-3bf0-4298-8a83-8d5c3816df16@group-F6EC397515C5, cid=4258, SUCCESS, logIndex=5842, commits[81367453-3bf0-4298-8a83-8d5c3816df16:c5844]
2019-09-03 20:26:39,932 [grpc-default-executor-1] INFO  client.GrpcClientProtocolClient (GrpcClientProtocolClient.java:onNext(255)) - client-CB1B8AC74E59->81367453-3bf0-4298-8a83-8d5c3816df16: receive RaftClientReply:client-CB1B8AC74E59->81367453-3bf0-4298-8a83-8d5c3816df16@group-F6EC397515C5, cid=4259, SUCCESS, logIndex=5843, commits[81367453-3bf0-4298-8a83-8d5c3816df16:c5844]
2019-09-03 20:26:39,932 [grpc-default-executor-1] INFO  client.GrpcClientProtocolClient (GrpcClientProtocolClient.java:onNext(255)) - client-CB1B8AC74E59->81367453-3bf0-4298-8a83-8d5c3816df16: receive RaftClientReply:client-CB1B8AC74E59->81367453-3bf0-4298-8a83-8d5c3816df16@group-F6EC397515C5, cid=4260, SUCCESS, logIndex=5844, commits[81367453-3bf0-4298-8a83-8d5c3816df16:c5844]
2019-09-03 20:26:39,946 [grpc-default-executor-2] INFO  client.GrpcClientProtocolClient (GrpcClientProtocolClient.java:onNext(255)) - client-CB1B8AC74E59->81367453-3bf0-4298-8a83-8d5c3816df16: receive RaftClientReply:client-CB1B8AC74E59->81367453-3bf0-4298-8a83-8d5c3816df16@group-F6EC397515C5, cid=4261, SUCCESS, logIndex=5846, commits[81367453-3bf0-4298-8a83-8d5c3816df16:c5849]
2019-09-03 20:26:39,947 [grpc-default-executor-2] INFO  client.GrpcClientProtocolClient (GrpcClientProtocolClient.java:onNext(255)) - client-CB1B8AC74E59->81367453-3bf0-4298-8a83-8d5c3816df16: receive RaftClientReply:client-CB1B8AC74E59->81367453-3bf0-4298-8a83-8d5c3816df16@group-F6EC397515C5, cid=4262, SUCCESS, logIndex=5847, commits[81367453-3bf0-4298-8a83-8d5c3816df16:c5849]
2019-09-03 20:26:39,947 [grpc-default-executor-2] INFO  client.GrpcClientProtocolClient (GrpcClientProtocolClient.java:onNext(255)) - client-CB1B8AC74E59->81367453-3bf0-4298-8a83-8d5c3816df16: receive RaftClientReply:client-CB1B8AC74E59->81367453-3bf0-4298-8a83-8d5c3816df16@group-F6EC397515C5, cid=4263, SUCCESS, logIndex=5848, commits[81367453-3bf0-4298-8a83-8d5c3816df16:c5849]
2019-09-03 20:26:39,947 [grpc-default-executor-2] INFO  client.GrpcClientProtocolClient (GrpcClientProtocolClient.java:onNext(255)) - client-CB1B8AC74E59->81367453-3bf0-4298-8a83-8d5c3816df16: receive RaftClientReply:client-CB1B8AC74E59->81367453-3bf0-4298-8a83-8d5c3816df16@group-F6EC397515C5, cid=4264, SUCCESS, logIndex=5849, commits[81367453-3bf0-4298-8a83-8d5c3816df16:c5849]
2019-09-03 20:26:39,952 [SCMBlockDeletingService#1] DEBUG block.SCMBlockDeletingService (SCMBlockDeletingService.java:call(138)) - Running DeletedBlockTransactionScanner
2019-09-03 20:26:39,952 [SCMBlockDeletingService#1] DEBUG block.SCMBlockDeletingService (SCMBlockDeletingService.java:call(155)) - Scanned deleted blocks log and got 0 delTX to process.
2019-09-03 20:26:39,983 [grpc-default-executor-1] INFO  client.GrpcClientProtocolClient (GrpcClientProtocolClient.java:onNext(255)) - client-CB1B8AC74E59->81367453-3bf0-4298-8a83-8d5c3816df16: receive RaftClientReply:client-CB1B8AC74E59->81367453-3bf0-4298-8a83-8d5c3816df16@group-F6EC397515C5, cid=4265, SUCCESS, logIndex=5851, commits[81367453-3bf0-4298-8a83-8d5c3816df16:c5854]
2019-09-03 20:26:39,983 [grpc-default-executor-1] INFO  client.GrpcClientProtocolClient (GrpcClientProtocolClient.java:onNext(255)) - client-CB1B8AC74E59->81367453-3bf0-4298-8a83-8d5c3816df16: receive RaftClientReply:client-CB1B8AC74E59->81367453-3bf0-4298-8a83-8d5c3816df16@group-F6EC397515C5, cid=4266, SUCCESS, logIndex=5852, commits[81367453-3bf0-4298-8a83-8d5c3816df16:c5855]
2019-09-03 20:26:39,984 [grpc-default-executor-1] INFO  client.GrpcClientProtocolClient (GrpcClientProtocolClient.java:onNext(255)) - client-CB1B8AC74E59->81367453-3bf0-4298-8a83-8d5c3816df16: receive RaftClientReply:client-CB1B8AC74E59->81367453-3bf0-4298-8a83-8d5c3816df16@group-F6EC397515C5, cid=4267, SUCCESS, logIndex=5853, commits[81367453-3bf0-4298-8a83-8d5c3816df16:c5855]
2019-09-03 20:26:39,984 [grpc-default-executor-1] INFO  client.GrpcClientProtocolClient (GrpcClientProtocolClient.java:onNext(255)) - client-CB1B8AC74E59->81367453-3bf0-4298-8a83-8d5c3816df16: receive RaftClientReply:client-CB1B8AC74E59->81367453-3bf0-4298-8a83-8d5c3816df16@group-F6EC397515C5, cid=4268, SUCCESS, logIndex=5854, commits[81367453-3bf0-4298-8a83-8d5c3816df16:c5855]
2019-09-03 20:26:40,000 [grpc-default-executor-1] INFO  client.GrpcClientProtocolClient (GrpcClientProtocolClient.java:onNext(255)) - client-CB1B8AC74E59->81367453-3bf0-4298-8a83-8d5c3816df16: receive RaftClientReply:client-CB1B8AC74E59->81367453-3bf0-4298-8a83-8d5c3816df16@group-F6EC397515C5, cid=4269, SUCCESS, logIndex=5856, commits[81367453-3bf0-4298-8a83-8d5c3816df16:c5859]
2019-09-03 20:26:40,000 [grpc-default-executor-1] INFO  client.GrpcClientProtocolClient (GrpcClientProtocolClient.java:onNext(255)) - client-CB1B8AC74E59->81367453-3bf0-4298-8a83-8d5c3816df16: receive RaftClientReply:client-CB1B8AC74E59->81367453-3bf0-4298-8a83-8d5c3816df16@group-F6EC397515C5, cid=4270, SUCCESS, logIndex=5857, commits[81367453-3bf0-4298-8a83-8d5c3816df16:c5859]
2019-09-03 20:26:40,001 [grpc-default-executor-1] INFO  client.GrpcClientProtocolClient (GrpcClientProtocolClient.java:onNext(255)) - client-CB1B8AC74E59->81367453-3bf0-4298-8a83-8d5c3816df16: receive RaftClientReply:client-CB1B8AC74E59->81367453-3bf0-4298-8a83-8d5c3816df16@group-F6EC397515C5, cid=4271, SUCCESS, logIndex=5858, commits[81367453-3bf0-4298-8a83-8d5c3816df16:c5859]
2019-09-03 20:26:40,001 [grpc-default-executor-1] INFO  client.GrpcClientProtocolClient (GrpcClientProtocolClient.java:onNext(255)) - client-CB1B8AC74E59->81367453-3bf0-4298-8a83-8d5c3816df16: receive RaftClientReply:client-CB1B8AC74E59->81367453-3bf0-4298-8a83-8d5c3816df16@group-F6EC397515C5, cid=4272, SUCCESS, logIndex=5859, commits[81367453-3bf0-4298-8a83-8d5c3816df16:c5859]
2019-09-03 20:26:40,039 [grpc-default-executor-1] INFO  client.GrpcClientProtocolClient (GrpcClientProtocolClient.java:onNext(255)) - client-CB1B8AC74E59->81367453-3bf0-4298-8a83-8d5c3816df16: receive RaftClientReply:client-CB1B8AC74E59->81367453-3bf0-4298-8a83-8d5c3816df16@group-F6EC397515C5, cid=4273, SUCCESS, logIndex=5861, commits[81367453-3bf0-4298-8a83-8d5c3816df16:c5862]
2019-09-03 20:26:40,039 [grpc-default-executor-1] INFO  client.GrpcClientProtocolClient (GrpcClientProtocolClient.java:onNext(255)) - client-CB1B8AC74E59->81367453-3bf0-4298-8a83-8d5c3816df16: receive RaftClientReply:client-CB1B8AC74E59->81367453-3bf0-4298-8a83-8d5c3816df16@group-F6EC397515C5, cid=4274, SUCCESS, logIndex=5862, commits[81367453-3bf0-4298-8a83-8d5c3816df16:c5864]
2019-09-03 20:26:40,040 [grpc-default-executor-1] INFO  client.GrpcClientProtocolClient (GrpcClientProtocolClient.java:onNext(255)) - client-CB1B8AC74E59->81367453-3bf0-4298-8a83-8d5c3816df16: receive RaftClientReply:client-CB1B8AC74E59->81367453-3bf0-4298-8a83-8d5c3816df16@group-F6EC397515C5, cid=4275, SUCCESS, logIndex=5863, commits[81367453-3bf0-4298-8a83-8d5c3816df16:c5864]
2019-09-03 20:26:40,040 [grpc-default-executor-1] INFO  client.GrpcClientProtocolClient (GrpcClientProtocolClient.java:onNext(255)) - client-CB1B8AC74E59->81367453-3bf0-4298-8a83-8d5c3816df16: receive RaftClientReply:client-CB1B8AC74E59->81367453-3bf0-4298-8a83-8d5c3816df16@group-F6EC397515C5, cid=4276, SUCCESS, logIndex=5864, commits[81367453-3bf0-4298-8a83-8d5c3816df16:c5864]
2019-09-03 20:26:40,053 [SCMBlockDeletingService#0] DEBUG block.SCMBlockDeletingService (SCMBlockDeletingService.java:call(138)) - Running DeletedBlockTransactionScanner
2019-09-03 20:26:40,053 [SCMBlockDeletingService#0] DEBUG block.SCMBlockDeletingService (SCMBlockDeletingService.java:call(155)) - Scanned deleted blocks log and got 0 delTX to process.
2019-09-03 20:26:40,097 [grpc-default-executor-2] INFO  client.GrpcClientProtocolClient (GrpcClientProtocolClient.java:onNext(255)) - client-CB1B8AC74E59->81367453-3bf0-4298-8a83-8d5c3816df16: receive RaftClientReply:client-CB1B8AC74E59->81367453-3bf0-4298-8a83-8d5c3816df16@group-F6EC397515C5, cid=4277, SUCCESS, logIndex=5867, commits[81367453-3bf0-4298-8a83-8d5c3816df16:c5870]
2019-09-03 20:26:40,098 [grpc-default-executor-2] INFO  client.GrpcClientProtocolClient (GrpcClientProtocolClient.java:onNext(255)) - client-CB1B8AC74E59->81367453-3bf0-4298-8a83-8d5c3816df16: receive RaftClientReply:client-CB1B8AC74E59->81367453-3bf0-4298-8a83-8d5c3816df16@group-F6EC397515C5, cid=4278, SUCCESS, logIndex=5868, commits[81367453-3bf0-4298-8a83-8d5c3816df16:c5870]
2019-09-03 20:26:40,098 [grpc-default-executor-2] INFO  client.GrpcClientProtocolClient (GrpcClientProtocolClient.java:onNext(255)) - client-CB1B8AC74E59->81367453-3bf0-4298-8a83-8d5c3816df16: receive RaftClientReply:client-CB1B8AC74E59->81367453-3bf0-4298-8a83-8d5c3816df16@group-F6EC397515C5, cid=4279, SUCCESS, logIndex=5869, commits[81367453-3bf0-4298-8a83-8d5c3816df16:c5870]
2019-09-03 20:26:40,098 [grpc-default-executor-2] INFO  client.GrpcClientProtocolClient (GrpcClientProtocolClient.java:onNext(255)) - client-CB1B8AC74E59->81367453-3bf0-4298-8a83-8d5c3816df16: receive RaftClientReply:client-CB1B8AC74E59->81367453-3bf0-4298-8a83-8d5c3816df16@group-F6EC397515C5, cid=4280, SUCCESS, logIndex=5870, commits[81367453-3bf0-4298-8a83-8d5c3816df16:c5870]
2019-09-03 20:26:40,153 [SCMBlockDeletingService#0] DEBUG block.SCMBlockDeletingService (SCMBlockDeletingService.java:call(138)) - Running DeletedBlockTransactionScanner
2019-09-03 20:26:40,153 [SCMBlockDeletingService#0] DEBUG block.SCMBlockDeletingService (SCMBlockDeletingService.java:call(155)) - Scanned deleted blocks log and got 0 delTX to process.
2019-09-03 20:26:40,254 [SCMBlockDeletingService#1] DEBUG block.SCMBlockDeletingService (SCMBlockDeletingService.java:call(138)) - Running DeletedBlockTransactionScanner
2019-09-03 20:26:40,254 [SCMBlockDeletingService#1] DEBUG block.SCMBlockDeletingService (SCMBlockDeletingService.java:call(155)) - Scanned deleted blocks log and got 0 delTX to process.
2019-09-03 20:26:40,354 [SCMBlockDeletingService#1] DEBUG block.SCMBlockDeletingService (SCMBlockDeletingService.java:call(138)) - Running DeletedBlockTransactionScanner
2019-09-03 20:26:40,355 [SCMBlockDeletingService#1] DEBUG block.SCMBlockDeletingService (SCMBlockDeletingService.java:call(155)) - Scanned deleted blocks log and got 0 delTX to process.
2019-09-03 20:26:40,455 [SCMBlockDeletingService#1] DEBUG block.SCMBlockDeletingService (SCMBlockDeletingService.java:call(138)) - Running DeletedBlockTransactionScanner
2019-09-03 20:26:40,455 [SCMBlockDeletingService#1] DEBUG block.SCMBlockDeletingService (SCMBlockDeletingService.java:call(155)) - Scanned deleted blocks log and got 0 delTX to process.
2019-09-03 20:26:40,556 [SCMBlockDeletingService#1] DEBUG block.SCMBlockDeletingService (SCMBlockDeletingService.java:call(138)) - Running DeletedBlockTransactionScanner
2019-09-03 20:26:40,556 [SCMBlockDeletingService#1] DEBUG block.SCMBlockDeletingService (SCMBlockDeletingService.java:call(155)) - Scanned deleted blocks log and got 0 delTX to process.
2019-09-03 20:26:40,656 [SCMBlockDeletingService#1] DEBUG block.SCMBlockDeletingService (SCMBlockDeletingService.java:call(138)) - Running DeletedBlockTransactionScanner
2019-09-03 20:26:40,656 [SCMBlockDeletingService#1] DEBUG block.SCMBlockDeletingService (SCMBlockDeletingService.java:call(155)) - Scanned deleted blocks log and got 0 delTX to process.
2019-09-03 20:26:40,757 [SCMBlockDeletingService#1] DEBUG block.SCMBlockDeletingService (SCMBlockDeletingService.java:call(138)) - Running DeletedBlockTransactionScanner
2019-09-03 20:26:40,757 [SCMBlockDeletingService#1] DEBUG block.SCMBlockDeletingService (SCMBlockDeletingService.java:call(155)) - Scanned deleted blocks log and got 0 delTX to process.
2019-09-03 20:26:40,857 [SCMBlockDeletingService#1] DEBUG block.SCMBlockDeletingService (SCMBlockDeletingService.java:call(138)) - Running DeletedBlockTransactionScanner
2019-09-03 20:26:40,858 [SCMBlockDeletingService#1] DEBUG block.SCMBlockDeletingService (SCMBlockDeletingService.java:call(155)) - Scanned deleted blocks log and got 0 delTX to process.
2019-09-03 20:26:40,958 [SCMBlockDeletingService#1] DEBUG block.SCMBlockDeletingService (SCMBlockDeletingService.java:call(138)) - Running DeletedBlockTransactionScanner
2019-09-03 20:26:40,959 [SCMBlockDeletingService#1] DEBUG block.SCMBlockDeletingService (SCMBlockDeletingService.java:call(155)) - Scanned deleted blocks log and got 0 delTX to process.
2019-09-03 20:26:41,059 [SCMBlockDeletingService#1] DEBUG block.SCMBlockDeletingService (SCMBlockDeletingService.java:call(138)) - Running DeletedBlockTransactionScanner
2019-09-03 20:26:41,059 [SCMBlockDeletingService#1] DEBUG block.SCMBlockDeletingService (SCMBlockDeletingService.java:call(155)) - Scanned deleted blocks log and got 0 delTX to process.
2019-09-03 20:26:41,160 [SCMBlockDeletingService#1] DEBUG block.SCMBlockDeletingService (SCMBlockDeletingService.java:call(138)) - Running DeletedBlockTransactionScanner
2019-09-03 20:26:41,160 [SCMBlockDeletingService#1] DEBUG block.SCMBlockDeletingService (SCMBlockDeletingService.java:call(155)) - Scanned deleted blocks log and got 0 delTX to process.
2019-09-03 20:26:41,260 [SCMBlockDeletingService#1] DEBUG block.SCMBlockDeletingService (SCMBlockDeletingService.java:call(138)) - Running DeletedBlockTransactionScanner
2019-09-03 20:26:41,261 [SCMBlockDeletingService#1] DEBUG block.SCMBlockDeletingService (SCMBlockDeletingService.java:call(155)) - Scanned deleted blocks log and got 0 delTX to process.
2019-09-03 20:26:41,361 [SCMBlockDeletingService#1] DEBUG block.SCMBlockDeletingService (SCMBlockDeletingService.java:call(138)) - Running DeletedBlockTransactionScanner
2019-09-03 20:26:41,361 [SCMBlockDeletingService#1] DEBUG block.SCMBlockDeletingService (SCMBlockDeletingService.java:call(155)) - Scanned deleted blocks log and got 0 delTX to process.
2019-09-03 20:26:41,462 [SCMBlockDeletingService#1] DEBUG block.SCMBlockDeletingService (SCMBlockDeletingService.java:call(138)) - Running DeletedBlockTransactionScanner
2019-09-03 20:26:41,462 [SCMBlockDeletingService#1] DEBUG block.SCMBlockDeletingService (SCMBlockDeletingService.java:call(155)) - Scanned deleted blocks log and got 0 delTX to process.
2019-09-03 20:26:41,463 [grpc-default-executor-2] INFO  client.GrpcClientProtocolClient (GrpcClientProtocolClient.java:onNext(255)) - client-CB1B8AC74E59->81367453-3bf0-4298-8a83-8d5c3816df16: receive RaftClientReply:client-CB1B8AC74E59->81367453-3bf0-4298-8a83-8d5c3816df16@group-F6EC397515C5, cid=4281, SUCCESS, logIndex=5872, commits[81367453-3bf0-4298-8a83-8d5c3816df16:c5875]
2019-09-03 20:26:41,463 [grpc-default-executor-2] INFO  client.GrpcClientProtocolClient (GrpcClientProtocolClient.java:onNext(255)) - client-CB1B8AC74E59->81367453-3bf0-4298-8a83-8d5c3816df16: receive RaftClientReply:client-CB1B8AC74E59->81367453-3bf0-4298-8a83-8d5c3816df16@group-F6EC397515C5, cid=4282, SUCCESS, logIndex=5873, commits[81367453-3bf0-4298-8a83-8d5c3816df16:c5875]
2019-09-03 20:26:41,464 [grpc-default-executor-2] INFO  client.GrpcClientProtocolClient (GrpcClientProtocolClient.java:onNext(255)) - client-CB1B8AC74E59->81367453-3bf0-4298-8a83-8d5c3816df16: receive RaftClientReply:client-CB1B8AC74E59->81367453-3bf0-4298-8a83-8d5c3816df16@group-F6EC397515C5, cid=4283, SUCCESS, logIndex=5874, commits[81367453-3bf0-4298-8a83-8d5c3816df16:c5875]
2019-09-03 20:26:41,464 [grpc-default-executor-2] INFO  client.GrpcClientProtocolClient (GrpcClientProtocolClient.java:onNext(255)) - client-CB1B8AC74E59->81367453-3bf0-4298-8a83-8d5c3816df16: receive RaftClientReply:client-CB1B8AC74E59->81367453-3bf0-4298-8a83-8d5c3816df16@group-F6EC397515C5, cid=4284, SUCCESS, logIndex=5875, commits[81367453-3bf0-4298-8a83-8d5c3816df16:c5875]
2019-09-03 20:26:41,482 [grpc-default-executor-2] INFO  client.GrpcClientProtocolClient (GrpcClientProtocolClient.java:onNext(255)) - client-CB1B8AC74E59->81367453-3bf0-4298-8a83-8d5c3816df16: receive RaftClientReply:client-CB1B8AC74E59->81367453-3bf0-4298-8a83-8d5c3816df16@group-F6EC397515C5, cid=4285, SUCCESS, logIndex=5877, commits[81367453-3bf0-4298-8a83-8d5c3816df16:c5880]
2019-09-03 20:26:41,482 [grpc-default-executor-2] INFO  client.GrpcClientProtocolClient (GrpcClientProtocolClient.java:onNext(255)) - client-CB1B8AC74E59->81367453-3bf0-4298-8a83-8d5c3816df16: receive RaftClientReply:client-CB1B8AC74E59->81367453-3bf0-4298-8a83-8d5c3816df16@group-F6EC397515C5, cid=4286, SUCCESS, logIndex=5878, commits[81367453-3bf0-4298-8a83-8d5c3816df16:c5880]
2019-09-03 20:26:41,483 [grpc-default-executor-2] INFO  client.GrpcClientProtocolClient (GrpcClientProtocolClient.java:onNext(255)) - client-CB1B8AC74E59->81367453-3bf0-4298-8a83-8d5c3816df16: receive RaftClientReply:client-CB1B8AC74E59->81367453-3bf0-4298-8a83-8d5c3816df16@group-F6EC397515C5, cid=4287, SUCCESS, logIndex=5879, commits[81367453-3bf0-4298-8a83-8d5c3816df16:c5880]
2019-09-03 20:26:41,483 [grpc-default-executor-2] INFO  client.GrpcClientProtocolClient (GrpcClientProtocolClient.java:onNext(255)) - client-CB1B8AC74E59->81367453-3bf0-4298-8a83-8d5c3816df16: receive RaftClientReply:client-CB1B8AC74E59->81367453-3bf0-4298-8a83-8d5c3816df16@group-F6EC397515C5, cid=4288, SUCCESS, logIndex=5880, commits[81367453-3bf0-4298-8a83-8d5c3816df16:c5880]
2019-09-03 20:26:41,562 [SCMBlockDeletingService#1] DEBUG block.SCMBlockDeletingService (SCMBlockDeletingService.java:call(138)) - Running DeletedBlockTransactionScanner
2019-09-03 20:26:41,563 [SCMBlockDeletingService#1] DEBUG block.SCMBlockDeletingService (SCMBlockDeletingService.java:call(155)) - Scanned deleted blocks log and got 0 delTX to process.
2019-09-03 20:26:41,630 [grpc-default-executor-2] INFO  client.GrpcClientProtocolClient (GrpcClientProtocolClient.java:onNext(255)) - client-CB1B8AC74E59->81367453-3bf0-4298-8a83-8d5c3816df16: receive RaftClientReply:client-CB1B8AC74E59->81367453-3bf0-4298-8a83-8d5c3816df16@group-F6EC397515C5, cid=4289, SUCCESS, logIndex=5882, commits[81367453-3bf0-4298-8a83-8d5c3816df16:c5885]
2019-09-03 20:26:41,631 [grpc-default-executor-2] INFO  client.GrpcClientProtocolClient (GrpcClientProtocolClient.java:onNext(255)) - client-CB1B8AC74E59->81367453-3bf0-4298-8a83-8d5c3816df16: receive RaftClientReply:client-CB1B8AC74E59->81367453-3bf0-4298-8a83-8d5c3816df16@group-F6EC397515C5, cid=4290, SUCCESS, logIndex=5883, commits[81367453-3bf0-4298-8a83-8d5c3816df16:c5885]
2019-09-03 20:26:41,631 [grpc-default-executor-2] INFO  client.GrpcClientProtocolClient (GrpcClientProtocolClient.java:onNext(255)) - client-CB1B8AC74E59->81367453-3bf0-4298-8a83-8d5c3816df16: receive RaftClientReply:client-CB1B8AC74E59->81367453-3bf0-4298-8a83-8d5c3816df16@group-F6EC397515C5, cid=4291, SUCCESS, logIndex=5884, commits[81367453-3bf0-4298-8a83-8d5c3816df16:c5885]
2019-09-03 20:26:41,631 [grpc-default-executor-2] INFO  client.GrpcClientProtocolClient (GrpcClientProtocolClient.java:onNext(255)) - client-CB1B8AC74E59->81367453-3bf0-4298-8a83-8d5c3816df16: receive RaftClientReply:client-CB1B8AC74E59->81367453-3bf0-4298-8a83-8d5c3816df16@group-F6EC397515C5, cid=4292, SUCCESS, logIndex=5885, commits[81367453-3bf0-4298-8a83-8d5c3816df16:c5885]
2019-09-03 20:26:41,650 [grpc-default-executor-1] INFO  client.GrpcClientProtocolClient (GrpcClientProtocolClient.java:onNext(255)) - client-CB1B8AC74E59->81367453-3bf0-4298-8a83-8d5c3816df16: receive RaftClientReply:client-CB1B8AC74E59->81367453-3bf0-4298-8a83-8d5c3816df16@group-F6EC397515C5, cid=4293, SUCCESS, logIndex=5887, commits[81367453-3bf0-4298-8a83-8d5c3816df16:c5890]
2019-09-03 20:26:41,650 [grpc-default-executor-1] INFO  client.GrpcClientProtocolClient (GrpcClientProtocolClient.java:onNext(255)) - client-CB1B8AC74E59->81367453-3bf0-4298-8a83-8d5c3816df16: receive RaftClientReply:client-CB1B8AC74E59->81367453-3bf0-4298-8a83-8d5c3816df16@group-F6EC397515C5, cid=4294, SUCCESS, logIndex=5888, commits[81367453-3bf0-4298-8a83-8d5c3816df16:c5890]
2019-09-03 20:26:41,651 [grpc-default-executor-1] INFO  client.GrpcClientProtocolClient (GrpcClientProtocolClient.java:onNext(255)) - client-CB1B8AC74E59->81367453-3bf0-4298-8a83-8d5c3816df16: receive RaftClientReply:client-CB1B8AC74E59->81367453-3bf0-4298-8a83-8d5c3816df16@group-F6EC397515C5, cid=4295, SUCCESS, logIndex=5889, commits[81367453-3bf0-4298-8a83-8d5c3816df16:c5890]
2019-09-03 20:26:41,651 [grpc-default-executor-1] INFO  client.GrpcClientProtocolClient (GrpcClientProtocolClient.java:onNext(255)) - client-CB1B8AC74E59->81367453-3bf0-4298-8a83-8d5c3816df16: receive RaftClientReply:client-CB1B8AC74E59->81367453-3bf0-4298-8a83-8d5c3816df16@group-F6EC397515C5, cid=4296, SUCCESS, logIndex=5890, commits[81367453-3bf0-4298-8a83-8d5c3816df16:c5890]
2019-09-03 20:26:41,663 [SCMBlockDeletingService#1] DEBUG block.SCMBlockDeletingService (SCMBlockDeletingService.java:call(138)) - Running DeletedBlockTransactionScanner
2019-09-03 20:26:41,663 [SCMBlockDeletingService#1] DEBUG block.SCMBlockDeletingService (SCMBlockDeletingService.java:call(155)) - Scanned deleted blocks log and got 0 delTX to process.
2019-09-03 20:26:41,680 [grpc-default-executor-1] INFO  client.GrpcClientProtocolClient (GrpcClientProtocolClient.java:onNext(255)) - client-CB1B8AC74E59->81367453-3bf0-4298-8a83-8d5c3816df16: receive RaftClientReply:client-CB1B8AC74E59->81367453-3bf0-4298-8a83-8d5c3816df16@group-F6EC397515C5, cid=4297, SUCCESS, logIndex=5892, commits[81367453-3bf0-4298-8a83-8d5c3816df16:c5895]
2019-09-03 20:26:41,680 [grpc-default-executor-1] INFO  client.GrpcClientProtocolClient (GrpcClientProtocolClient.java:onNext(255)) - client-CB1B8AC74E59->81367453-3bf0-4298-8a83-8d5c3816df16: receive RaftClientReply:client-CB1B8AC74E59->81367453-3bf0-4298-8a83-8d5c3816df16@group-F6EC397515C5, cid=4298, SUCCESS, logIndex=5893, commits[81367453-3bf0-4298-8a83-8d5c3816df16:c5895]
2019-09-03 20:26:41,681 [grpc-default-executor-1] INFO  client.GrpcClientProtocolClient (GrpcClientProtocolClient.java:onNext(255)) - client-CB1B8AC74E59->81367453-3bf0-4298-8a83-8d5c3816df16: receive RaftClientReply:client-CB1B8AC74E59->81367453-3bf0-4298-8a83-8d5c3816df16@group-F6EC397515C5, cid=4299, SUCCESS, logIndex=5894, commits[81367453-3bf0-4298-8a83-8d5c3816df16:c5895]
2019-09-03 20:26:41,681 [grpc-default-executor-1] INFO  client.GrpcClientProtocolClient (GrpcClientProtocolClient.java:onNext(255)) - client-CB1B8AC74E59->81367453-3bf0-4298-8a83-8d5c3816df16: receive RaftClientReply:client-CB1B8AC74E59->81367453-3bf0-4298-8a83-8d5c3816df16@group-F6EC397515C5, cid=4300, SUCCESS, logIndex=5895, commits[81367453-3bf0-4298-8a83-8d5c3816df16:c5895]
2019-09-03 20:26:41,704 [grpc-default-executor-2] INFO  client.GrpcClientProtocolClient (GrpcClientProtocolClient.java:onNext(255)) - client-CB1B8AC74E59->81367453-3bf0-4298-8a83-8d5c3816df16: receive RaftClientReply:client-CB1B8AC74E59->81367453-3bf0-4298-8a83-8d5c3816df16@group-F6EC397515C5, cid=4301, SUCCESS, logIndex=5897, commits[81367453-3bf0-4298-8a83-8d5c3816df16:c5900]
2019-09-03 20:26:41,705 [grpc-default-executor-2] INFO  client.GrpcClientProtocolClient (GrpcClientProtocolClient.java:onNext(255)) - client-CB1B8AC74E59->81367453-3bf0-4298-8a83-8d5c3816df16: receive RaftClientReply:client-CB1B8AC74E59->81367453-3bf0-4298-8a83-8d5c3816df16@group-F6EC397515C5, cid=4302, SUCCESS, logIndex=5898, commits[81367453-3bf0-4298-8a83-8d5c3816df16:c5900]
2019-09-03 20:26:41,705 [grpc-default-executor-2] INFO  client.GrpcClientProtocolClient (GrpcClientProtocolClient.java:onNext(255)) - client-CB1B8AC74E59->81367453-3bf0-4298-8a83-8d5c3816df16: receive RaftClientReply:client-CB1B8AC74E59->81367453-3bf0-4298-8a83-8d5c3816df16@group-F6EC397515C5, cid=4303, SUCCESS, logIndex=5899, commits[81367453-3bf0-4298-8a83-8d5c3816df16:c5900]
2019-09-03 20:26:41,705 [grpc-default-executor-2] INFO  client.GrpcClientProtocolClient (GrpcClientProtocolClient.java:onNext(255)) - client-CB1B8AC74E59->81367453-3bf0-4298-8a83-8d5c3816df16: receive RaftClientReply:client-CB1B8AC74E59->81367453-3bf0-4298-8a83-8d5c3816df16@group-F6EC397515C5, cid=4304, SUCCESS, logIndex=5900, commits[81367453-3bf0-4298-8a83-8d5c3816df16:c5900]
2019-09-03 20:26:41,730 [grpc-default-executor-2] INFO  client.GrpcClientProtocolClient (GrpcClientProtocolClient.java:onNext(255)) - client-CB1B8AC74E59->81367453-3bf0-4298-8a83-8d5c3816df16: receive RaftClientReply:client-CB1B8AC74E59->81367453-3bf0-4298-8a83-8d5c3816df16@group-F6EC397515C5, cid=4305, SUCCESS, logIndex=5902, commits[81367453-3bf0-4298-8a83-8d5c3816df16:c5903]
2019-09-03 20:26:41,731 [grpc-default-executor-2] INFO  client.GrpcClientProtocolClient (GrpcClientProtocolClient.java:onNext(255)) - client-CB1B8AC74E59->81367453-3bf0-4298-8a83-8d5c3816df16: receive RaftClientReply:client-CB1B8AC74E59->81367453-3bf0-4298-8a83-8d5c3816df16@group-F6EC397515C5, cid=4306, SUCCESS, logIndex=5903, commits[81367453-3bf0-4298-8a83-8d5c3816df16:c5903]
2019-09-03 20:26:41,737 [grpc-default-executor-2] INFO  client.GrpcClientProtocolClient (GrpcClientProtocolClient.java:onNext(255)) - client-CB1B8AC74E59->81367453-3bf0-4298-8a83-8d5c3816df16: receive RaftClientReply:client-CB1B8AC74E59->81367453-3bf0-4298-8a83-8d5c3816df16@group-F6EC397515C5, cid=4307, SUCCESS, logIndex=5904, commits[81367453-3bf0-4298-8a83-8d5c3816df16:c5905]
2019-09-03 20:26:41,738 [grpc-default-executor-2] INFO  client.GrpcClientProtocolClient (GrpcClientProtocolClient.java:onNext(255)) - client-CB1B8AC74E59->81367453-3bf0-4298-8a83-8d5c3816df16: receive RaftClientReply:client-CB1B8AC74E59->81367453-3bf0-4298-8a83-8d5c3816df16@group-F6EC397515C5, cid=4308, SUCCESS, logIndex=5905, commits[81367453-3bf0-4298-8a83-8d5c3816df16:c5905]
2019-09-03 20:26:41,755 [grpc-default-executor-2] INFO  client.GrpcClientProtocolClient (GrpcClientProtocolClient.java:onNext(255)) - client-CB1B8AC74E59->81367453-3bf0-4298-8a83-8d5c3816df16: receive RaftClientReply:client-CB1B8AC74E59->81367453-3bf0-4298-8a83-8d5c3816df16@group-F6EC397515C5, cid=4309, SUCCESS, logIndex=5908, commits[81367453-3bf0-4298-8a83-8d5c3816df16:c5911]
2019-09-03 20:26:41,755 [grpc-default-executor-2] INFO  client.GrpcClientProtocolClient (GrpcClientProtocolClient.java:onNext(255)) - client-CB1B8AC74E59->81367453-3bf0-4298-8a83-8d5c3816df16: receive RaftClientReply:client-CB1B8AC74E59->81367453-3bf0-4298-8a83-8d5c3816df16@group-F6EC397515C5, cid=4310, SUCCESS, logIndex=5909, commits[81367453-3bf0-4298-8a83-8d5c3816df16:c5911]
2019-09-03 20:26:41,755 [grpc-default-executor-2] INFO  client.GrpcClientProtocolClient (GrpcClientProtocolClient.java:onNext(255)) - client-CB1B8AC74E59->81367453-3bf0-4298-8a83-8d5c3816df16: receive RaftClientReply:client-CB1B8AC74E59->81367453-3bf0-4298-8a83-8d5c3816df16@group-F6EC397515C5, cid=4311, SUCCESS, logIndex=5910, commits[81367453-3bf0-4298-8a83-8d5c3816df16:c5911]
2019-09-03 20:26:41,755 [grpc-default-executor-2] INFO  client.GrpcClientProtocolClient (GrpcClientProtocolClient.java:onNext(255)) - client-CB1B8AC74E59->81367453-3bf0-4298-8a83-8d5c3816df16: receive RaftClientReply:client-CB1B8AC74E59->81367453-3bf0-4298-8a83-8d5c3816df16@group-F6EC397515C5, cid=4312, SUCCESS, logIndex=5911, commits[81367453-3bf0-4298-8a83-8d5c3816df16:c5911]
2019-09-03 20:26:41,763 [SCMBlockDeletingService#1] DEBUG block.SCMBlockDeletingService (SCMBlockDeletingService.java:call(138)) - Running DeletedBlockTransactionScanner
2019-09-03 20:26:41,764 [SCMBlockDeletingService#1] DEBUG block.SCMBlockDeletingService (SCMBlockDeletingService.java:call(155)) - Scanned deleted blocks log and got 0 delTX to process.
2019-09-03 20:26:41,793 [grpc-default-executor-2] INFO  client.GrpcClientProtocolClient (GrpcClientProtocolClient.java:onNext(255)) - client-CB1B8AC74E59->81367453-3bf0-4298-8a83-8d5c3816df16: receive RaftClientReply:client-CB1B8AC74E59->81367453-3bf0-4298-8a83-8d5c3816df16@group-F6EC397515C5, cid=4313, SUCCESS, logIndex=5913, commits[81367453-3bf0-4298-8a83-8d5c3816df16:c5914]
2019-09-03 20:26:41,794 [grpc-default-executor-2] INFO  client.GrpcClientProtocolClient (GrpcClientProtocolClient.java:onNext(255)) - client-CB1B8AC74E59->81367453-3bf0-4298-8a83-8d5c3816df16: receive RaftClientReply:client-CB1B8AC74E59->81367453-3bf0-4298-8a83-8d5c3816df16@group-F6EC397515C5, cid=4314, SUCCESS, logIndex=5914, commits[81367453-3bf0-4298-8a83-8d5c3816df16:c5914]
2019-09-03 20:26:41,803 [grpc-default-executor-2] INFO  client.GrpcClientProtocolClient (GrpcClientProtocolClient.java:onNext(255)) - client-CB1B8AC74E59->81367453-3bf0-4298-8a83-8d5c3816df16: receive RaftClientReply:client-CB1B8AC74E59->81367453-3bf0-4298-8a83-8d5c3816df16@group-F6EC397515C5, cid=4315, SUCCESS, logIndex=5915, commits[81367453-3bf0-4298-8a83-8d5c3816df16:c5916]
2019-09-03 20:26:41,803 [grpc-default-executor-2] INFO  client.GrpcClientProtocolClient (GrpcClientProtocolClient.java:onNext(255)) - client-CB1B8AC74E59->81367453-3bf0-4298-8a83-8d5c3816df16: receive RaftClientReply:client-CB1B8AC74E59->81367453-3bf0-4298-8a83-8d5c3816df16@group-F6EC397515C5, cid=4316, SUCCESS, logIndex=5916, commits[81367453-3bf0-4298-8a83-8d5c3816df16:c5916]
2019-09-03 20:26:41,823 [grpc-default-executor-2] INFO  client.GrpcClientProtocolClient (GrpcClientProtocolClient.java:onNext(255)) - client-CB1B8AC74E59->81367453-3bf0-4298-8a83-8d5c3816df16: receive RaftClientReply:client-CB1B8AC74E59->81367453-3bf0-4298-8a83-8d5c3816df16@group-F6EC397515C5, cid=4317, SUCCESS, logIndex=5919, commits[81367453-3bf0-4298-8a83-8d5c3816df16:c5922]
2019-09-03 20:26:41,823 [grpc-default-executor-2] INFO  client.GrpcClientProtocolClient (GrpcClientProtocolClient.java:onNext(255)) - client-CB1B8AC74E59->81367453-3bf0-4298-8a83-8d5c3816df16: receive RaftClientReply:client-CB1B8AC74E59->81367453-3bf0-4298-8a83-8d5c3816df16@group-F6EC397515C5, cid=4318, SUCCESS, logIndex=5920, commits[81367453-3bf0-4298-8a83-8d5c3816df16:c5922]
2019-09-03 20:26:41,824 [grpc-default-executor-2] INFO  client.GrpcClientProtocolClient (GrpcClientProtocolClient.java:onNext(255)) - client-CB1B8AC74E59->81367453-3bf0-4298-8a83-8d5c3816df16: receive RaftClientReply:client-CB1B8AC74E59->81367453-3bf0-4298-8a83-8d5c3816df16@group-F6EC397515C5, cid=4319, SUCCESS, logIndex=5921, commits[81367453-3bf0-4298-8a83-8d5c3816df16:c5922]
2019-09-03 20:26:41,824 [grpc-default-executor-2] INFO  client.GrpcClientProtocolClient (GrpcClientProtocolClient.java:onNext(255)) - client-CB1B8AC74E59->81367453-3bf0-4298-8a83-8d5c3816df16: receive RaftClientReply:client-CB1B8AC74E59->81367453-3bf0-4298-8a83-8d5c3816df16@group-F6EC397515C5, cid=4320, SUCCESS, logIndex=5922, commits[81367453-3bf0-4298-8a83-8d5c3816df16:c5922]
2019-09-03 20:26:41,864 [SCMBlockDeletingService#1] DEBUG block.SCMBlockDeletingService (SCMBlockDeletingService.java:call(138)) - Running DeletedBlockTransactionScanner
2019-09-03 20:26:41,864 [SCMBlockDeletingService#1] DEBUG block.SCMBlockDeletingService (SCMBlockDeletingService.java:call(155)) - Scanned deleted blocks log and got 0 delTX to process.
2019-09-03 20:26:41,903 [grpc-default-executor-2] INFO  client.GrpcClientProtocolClient (GrpcClientProtocolClient.java:onNext(255)) - client-CB1B8AC74E59->81367453-3bf0-4298-8a83-8d5c3816df16: receive RaftClientReply:client-CB1B8AC74E59->81367453-3bf0-4298-8a83-8d5c3816df16@group-F6EC397515C5, cid=4321, SUCCESS, logIndex=5924, commits[81367453-3bf0-4298-8a83-8d5c3816df16:c5925]
2019-09-03 20:26:41,904 [grpc-default-executor-2] INFO  client.GrpcClientProtocolClient (GrpcClientProtocolClient.java:onNext(255)) - client-CB1B8AC74E59->81367453-3bf0-4298-8a83-8d5c3816df16: receive RaftClientReply:client-CB1B8AC74E59->81367453-3bf0-4298-8a83-8d5c3816df16@group-F6EC397515C5, cid=4322, SUCCESS, logIndex=5925, commits[81367453-3bf0-4298-8a83-8d5c3816df16:c5925]
2019-09-03 20:26:41,922 [grpc-default-executor-2] INFO  client.GrpcClientProtocolClient (GrpcClientProtocolClient.java:onNext(255)) - client-CB1B8AC74E59->81367453-3bf0-4298-8a83-8d5c3816df16: receive RaftClientReply:client-CB1B8AC74E59->81367453-3bf0-4298-8a83-8d5c3816df16@group-F6EC397515C5, cid=4323, SUCCESS, logIndex=5926, commits[81367453-3bf0-4298-8a83-8d5c3816df16:c5927]
2019-09-03 20:26:41,922 [grpc-default-executor-2] INFO  client.GrpcClientProtocolClient (GrpcClientProtocolClient.java:onNext(255)) - client-CB1B8AC74E59->81367453-3bf0-4298-8a83-8d5c3816df16: receive RaftClientReply:client-CB1B8AC74E59->81367453-3bf0-4298-8a83-8d5c3816df16@group-F6EC397515C5, cid=4324, SUCCESS, logIndex=5927, commits[81367453-3bf0-4298-8a83-8d5c3816df16:c5927]
2019-09-03 20:26:41,954 [grpc-default-executor-2] INFO  client.GrpcClientProtocolClient (GrpcClientProtocolClient.java:onNext(255)) - client-CB1B8AC74E59->81367453-3bf0-4298-8a83-8d5c3816df16: receive RaftClientReply:client-CB1B8AC74E59->81367453-3bf0-4298-8a83-8d5c3816df16@group-F6EC397515C5, cid=4325, SUCCESS, logIndex=5930, commits[81367453-3bf0-4298-8a83-8d5c3816df16:c5933]
2019-09-03 20:26:41,954 [grpc-default-executor-2] INFO  client.GrpcClientProtocolClient (GrpcClientProtocolClient.java:onNext(255)) - client-CB1B8AC74E59->81367453-3bf0-4298-8a83-8d5c3816df16: receive RaftClientReply:client-CB1B8AC74E59->81367453-3bf0-4298-8a83-8d5c3816df16@group-F6EC397515C5, cid=4326, SUCCESS, logIndex=5931, commits[81367453-3bf0-4298-8a83-8d5c3816df16:c5933]
2019-09-03 20:26:41,954 [grpc-default-executor-2] INFO  client.GrpcClientProtocolClient (GrpcClientProtocolClient.java:onNext(255)) - client-CB1B8AC74E59->81367453-3bf0-4298-8a83-8d5c3816df16: receive RaftClientReply:client-CB1B8AC74E59->81367453-3bf0-4298-8a83-8d5c3816df16@group-F6EC397515C5, cid=4327, SUCCESS, logIndex=5932, commits[81367453-3bf0-4298-8a83-8d5c3816df16:c5933]
2019-09-03 20:26:41,955 [grpc-default-executor-2] INFO  client.GrpcClientProtocolClient (GrpcClientProtocolClient.java:onNext(255)) - client-CB1B8AC74E59->81367453-3bf0-4298-8a83-8d5c3816df16: receive RaftClientReply:client-CB1B8AC74E59->81367453-3bf0-4298-8a83-8d5c3816df16@group-F6EC397515C5, cid=4328, SUCCESS, logIndex=5933, commits[81367453-3bf0-4298-8a83-8d5c3816df16:c5933]
2019-09-03 20:26:41,965 [SCMBlockDeletingService#1] DEBUG block.SCMBlockDeletingService (SCMBlockDeletingService.java:call(138)) - Running DeletedBlockTransactionScanner
2019-09-03 20:26:41,965 [SCMBlockDeletingService#1] DEBUG block.SCMBlockDeletingService (SCMBlockDeletingService.java:call(155)) - Scanned deleted blocks log and got 0 delTX to process.
2019-09-03 20:26:41,998 [grpc-default-executor-2] INFO  client.GrpcClientProtocolClient (GrpcClientProtocolClient.java:onNext(255)) - client-CB1B8AC74E59->81367453-3bf0-4298-8a83-8d5c3816df16: receive RaftClientReply:client-CB1B8AC74E59->81367453-3bf0-4298-8a83-8d5c3816df16@group-F6EC397515C5, cid=4329, SUCCESS, logIndex=5935, commits[81367453-3bf0-4298-8a83-8d5c3816df16:c5936]
2019-09-03 20:26:41,998 [grpc-default-executor-2] INFO  client.GrpcClientProtocolClient (GrpcClientProtocolClient.java:onNext(255)) - client-CB1B8AC74E59->81367453-3bf0-4298-8a83-8d5c3816df16: receive RaftClientReply:client-CB1B8AC74E59->81367453-3bf0-4298-8a83-8d5c3816df16@group-F6EC397515C5, cid=4330, SUCCESS, logIndex=5936, commits[81367453-3bf0-4298-8a83-8d5c3816df16:c5936]
2019-09-03 20:26:41,999 [grpc-default-executor-2] INFO  client.GrpcClientProtocolClient (GrpcClientProtocolClient.java:onNext(255)) - client-CB1B8AC74E59->81367453-3bf0-4298-8a83-8d5c3816df16: receive RaftClientReply:client-CB1B8AC74E59->81367453-3bf0-4298-8a83-8d5c3816df16@group-F6EC397515C5, cid=4331, SUCCESS, logIndex=5937, commits[81367453-3bf0-4298-8a83-8d5c3816df16:c5938]
2019-09-03 20:26:41,999 [grpc-default-executor-2] INFO  client.GrpcClientProtocolClient (GrpcClientProtocolClient.java:onNext(255)) - client-CB1B8AC74E59->81367453-3bf0-4298-8a83-8d5c3816df16: receive RaftClientReply:client-CB1B8AC74E59->81367453-3bf0-4298-8a83-8d5c3816df16@group-F6EC397515C5, cid=4332, SUCCESS, logIndex=5938, commits[81367453-3bf0-4298-8a83-8d5c3816df16:c5938]
2019-09-03 20:26:42,065 [SCMBlockDeletingService#1] DEBUG block.SCMBlockDeletingService (SCMBlockDeletingService.java:call(138)) - Running DeletedBlockTransactionScanner
2019-09-03 20:26:42,066 [SCMBlockDeletingService#1] DEBUG block.SCMBlockDeletingService (SCMBlockDeletingService.java:call(155)) - Scanned deleted blocks log and got 0 delTX to process.
2019-09-03 20:26:42,166 [SCMBlockDeletingService#1] DEBUG block.SCMBlockDeletingService (SCMBlockDeletingService.java:call(138)) - Running DeletedBlockTransactionScanner
2019-09-03 20:26:42,166 [SCMBlockDeletingService#1] DEBUG block.SCMBlockDeletingService (SCMBlockDeletingService.java:call(155)) - Scanned deleted blocks log and got 0 delTX to process.
2019-09-03 20:26:42,191 [grpc-default-executor-1] INFO  client.GrpcClientProtocolClient (GrpcClientProtocolClient.java:onNext(255)) - client-CB1B8AC74E59->81367453-3bf0-4298-8a83-8d5c3816df16: receive RaftClientReply:client-CB1B8AC74E59->81367453-3bf0-4298-8a83-8d5c3816df16@group-F6EC397515C5, cid=4333, SUCCESS, logIndex=5941, commits[81367453-3bf0-4298-8a83-8d5c3816df16:c5942]
2019-09-03 20:26:42,191 [grpc-default-executor-1] INFO  client.GrpcClientProtocolClient (GrpcClientProtocolClient.java:onNext(255)) - client-CB1B8AC74E59->81367453-3bf0-4298-8a83-8d5c3816df16: receive RaftClientReply:client-CB1B8AC74E59->81367453-3bf0-4298-8a83-8d5c3816df16@group-F6EC397515C5, cid=4334, SUCCESS, logIndex=5942, commits[81367453-3bf0-4298-8a83-8d5c3816df16:c5942]
2019-09-03 20:26:42,209 [grpc-default-executor-1] INFO  client.GrpcClientProtocolClient (GrpcClientProtocolClient.java:onNext(255)) - client-CB1B8AC74E59->81367453-3bf0-4298-8a83-8d5c3816df16: receive RaftClientReply:client-CB1B8AC74E59->81367453-3bf0-4298-8a83-8d5c3816df16@group-F6EC397515C5, cid=4335, SUCCESS, logIndex=5943, commits[81367453-3bf0-4298-8a83-8d5c3816df16:c5944]
2019-09-03 20:26:42,209 [grpc-default-executor-1] INFO  client.GrpcClientProtocolClient (GrpcClientProtocolClient.java:onNext(255)) - client-CB1B8AC74E59->81367453-3bf0-4298-8a83-8d5c3816df16: receive RaftClientReply:client-CB1B8AC74E59->81367453-3bf0-4298-8a83-8d5c3816df16@group-F6EC397515C5, cid=4336, SUCCESS, logIndex=5944, commits[81367453-3bf0-4298-8a83-8d5c3816df16:c5944]
2019-09-03 20:26:42,236 [grpc-default-executor-1] INFO  client.GrpcClientProtocolClient (GrpcClientProtocolClient.java:onNext(255)) - client-CB1B8AC74E59->81367453-3bf0-4298-8a83-8d5c3816df16: receive RaftClientReply:client-CB1B8AC74E59->81367453-3bf0-4298-8a83-8d5c3816df16@group-F6EC397515C5, cid=4337, SUCCESS, logIndex=5947, commits[81367453-3bf0-4298-8a83-8d5c3816df16:c5950]
2019-09-03 20:26:42,236 [grpc-default-executor-1] INFO  client.GrpcClientProtocolClient (GrpcClientProtocolClient.java:onNext(255)) - client-CB1B8AC74E59->81367453-3bf0-4298-8a83-8d5c3816df16: receive RaftClientReply:client-CB1B8AC74E59->81367453-3bf0-4298-8a83-8d5c3816df16@group-F6EC397515C5, cid=4338, SUCCESS, logIndex=5948, commits[81367453-3bf0-4298-8a83-8d5c3816df16:c5950]
2019-09-03 20:26:42,236 [grpc-default-executor-1] INFO  client.GrpcClientProtocolClient (GrpcClientProtocolClient.java:onNext(255)) - client-CB1B8AC74E59->81367453-3bf0-4298-8a83-8d5c3816df16: receive RaftClientReply:client-CB1B8AC74E59->81367453-3bf0-4298-8a83-8d5c3816df16@group-F6EC397515C5, cid=4339, SUCCESS, logIndex=5949, commits[81367453-3bf0-4298-8a83-8d5c3816df16:c5950]
2019-09-03 20:26:42,237 [grpc-default-executor-1] INFO  client.GrpcClientProtocolClient (GrpcClientProtocolClient.java:onNext(255)) - client-CB1B8AC74E59->81367453-3bf0-4298-8a83-8d5c3816df16: receive RaftClientReply:client-CB1B8AC74E59->81367453-3bf0-4298-8a83-8d5c3816df16@group-F6EC397515C5, cid=4340, SUCCESS, logIndex=5950, commits[81367453-3bf0-4298-8a83-8d5c3816df16:c5950]
2019-09-03 20:26:42,267 [SCMBlockDeletingService#1] DEBUG block.SCMBlockDeletingService (SCMBlockDeletingService.java:call(138)) - Running DeletedBlockTransactionScanner
2019-09-03 20:26:42,267 [SCMBlockDeletingService#1] DEBUG block.SCMBlockDeletingService (SCMBlockDeletingService.java:call(155)) - Scanned deleted blocks log and got 0 delTX to process.
2019-09-03 20:26:42,288 [grpc-default-executor-2] INFO  client.GrpcClientProtocolClient (GrpcClientProtocolClient.java:onNext(255)) - client-CB1B8AC74E59->81367453-3bf0-4298-8a83-8d5c3816df16: receive RaftClientReply:client-CB1B8AC74E59->81367453-3bf0-4298-8a83-8d5c3816df16@group-F6EC397515C5, cid=4341, SUCCESS, logIndex=5952, commits[81367453-3bf0-4298-8a83-8d5c3816df16:c5955]
2019-09-03 20:26:42,288 [grpc-default-executor-2] INFO  client.GrpcClientProtocolClient (GrpcClientProtocolClient.java:onNext(255)) - client-CB1B8AC74E59->81367453-3bf0-4298-8a83-8d5c3816df16: receive RaftClientReply:client-CB1B8AC74E59->81367453-3bf0-4298-8a83-8d5c3816df16@group-F6EC397515C5, cid=4342, SUCCESS, logIndex=5953, commits[81367453-3bf0-4298-8a83-8d5c3816df16:c5955]
2019-09-03 20:26:42,289 [grpc-default-executor-2] INFO  client.GrpcClientProtocolClient (GrpcClientProtocolClient.java:onNext(255)) - client-CB1B8AC74E59->81367453-3bf0-4298-8a83-8d5c3816df16: receive RaftClientReply:client-CB1B8AC74E59->81367453-3bf0-4298-8a83-8d5c3816df16@group-F6EC397515C5, cid=4343, SUCCESS, logIndex=5954, commits[81367453-3bf0-4298-8a83-8d5c3816df16:c5955]
2019-09-03 20:26:42,289 [grpc-default-executor-2] INFO  client.GrpcClientProtocolClient (GrpcClientProtocolClient.java:onNext(255)) - client-CB1B8AC74E59->81367453-3bf0-4298-8a83-8d5c3816df16: receive RaftClientReply:client-CB1B8AC74E59->81367453-3bf0-4298-8a83-8d5c3816df16@group-F6EC397515C5, cid=4344, SUCCESS, logIndex=5955, commits[81367453-3bf0-4298-8a83-8d5c3816df16:c5955]
2019-09-03 20:26:42,316 [grpc-default-executor-1] INFO  client.GrpcClientProtocolClient (GrpcClientProtocolClient.java:onNext(255)) - client-CB1B8AC74E59->81367453-3bf0-4298-8a83-8d5c3816df16: receive RaftClientReply:client-CB1B8AC74E59->81367453-3bf0-4298-8a83-8d5c3816df16@group-F6EC397515C5, cid=4345, SUCCESS, logIndex=5957, commits[81367453-3bf0-4298-8a83-8d5c3816df16:c5960]
2019-09-03 20:26:42,317 [grpc-default-executor-1] INFO  client.GrpcClientProtocolClient (GrpcClientProtocolClient.java:onNext(255)) - client-CB1B8AC74E59->81367453-3bf0-4298-8a83-8d5c3816df16: receive RaftClientReply:client-CB1B8AC74E59->81367453-3bf0-4298-8a83-8d5c3816df16@group-F6EC397515C5, cid=4346, SUCCESS, logIndex=5958, commits[81367453-3bf0-4298-8a83-8d5c3816df16:c5960]
2019-09-03 20:26:42,317 [grpc-default-executor-1] INFO  client.GrpcClientProtocolClient (GrpcClientProtocolClient.java:onNext(255)) - client-CB1B8AC74E59->81367453-3bf0-4298-8a83-8d5c3816df16: receive RaftClientReply:client-CB1B8AC74E59->81367453-3bf0-4298-8a83-8d5c3816df16@group-F6EC397515C5, cid=4347, SUCCESS, logIndex=5959, commits[81367453-3bf0-4298-8a83-8d5c3816df16:c5960]
2019-09-03 20:26:42,317 [grpc-default-executor-1] INFO  client.GrpcClientProtocolClient (GrpcClientProtocolClient.java:onNext(255)) - client-CB1B8AC74E59->81367453-3bf0-4298-8a83-8d5c3816df16: receive RaftClientReply:client-CB1B8AC74E59->81367453-3bf0-4298-8a83-8d5c3816df16@group-F6EC397515C5, cid=4348, SUCCESS, logIndex=5960, commits[81367453-3bf0-4298-8a83-8d5c3816df16:c5960]
2019-09-03 20:26:42,328 [grpc-default-executor-1] INFO  client.GrpcClientProtocolClient (GrpcClientProtocolClient.java:onNext(255)) - client-CB1B8AC74E59->81367453-3bf0-4298-8a83-8d5c3816df16: receive RaftClientReply:client-CB1B8AC74E59->81367453-3bf0-4298-8a83-8d5c3816df16@group-F6EC397515C5, cid=4349, SUCCESS, logIndex=5962, commits[81367453-3bf0-4298-8a83-8d5c3816df16:c5965]
2019-09-03 20:26:42,329 [grpc-default-executor-1] INFO  client.GrpcClientProtocolClient (GrpcClientProtocolClient.java:onNext(255)) - client-CB1B8AC74E59->81367453-3bf0-4298-8a83-8d5c3816df16: receive RaftClientReply:client-CB1B8AC74E59->81367453-3bf0-4298-8a83-8d5c3816df16@group-F6EC397515C5, cid=4350, SUCCESS, logIndex=5963, commits[81367453-3bf0-4298-8a83-8d5c3816df16:c5965]
2019-09-03 20:26:42,329 [grpc-default-executor-1] INFO  client.GrpcClientProtocolClient (GrpcClientProtocolClient.java:onNext(255)) - client-CB1B8AC74E59->81367453-3bf0-4298-8a83-8d5c3816df16: receive RaftClientReply:client-CB1B8AC74E59->81367453-3bf0-4298-8a83-8d5c3816df16@group-F6EC397515C5, cid=4351, SUCCESS, logIndex=5964, commits[81367453-3bf0-4298-8a83-8d5c3816df16:c5965]
2019-09-03 20:26:42,330 [grpc-default-executor-1] INFO  client.GrpcClientProtocolClient (GrpcClientProtocolClient.java:onNext(255)) - client-CB1B8AC74E59->81367453-3bf0-4298-8a83-8d5c3816df16: receive RaftClientReply:client-CB1B8AC74E59->81367453-3bf0-4298-8a83-8d5c3816df16@group-F6EC397515C5, cid=4352, SUCCESS, logIndex=5965, commits[81367453-3bf0-4298-8a83-8d5c3816df16:c5965]
2019-09-03 20:26:42,356 [grpc-default-executor-2] INFO  client.GrpcClientProtocolClient (GrpcClientProtocolClient.java:onNext(255)) - client-CB1B8AC74E59->81367453-3bf0-4298-8a83-8d5c3816df16: receive RaftClientReply:client-CB1B8AC74E59->81367453-3bf0-4298-8a83-8d5c3816df16@group-F6EC397515C5, cid=4353, SUCCESS, logIndex=5967, commits[81367453-3bf0-4298-8a83-8d5c3816df16:c5968]
2019-09-03 20:26:42,356 [grpc-default-executor-2] INFO  client.GrpcClientProtocolClient (GrpcClientProtocolClient.java:onNext(255)) - client-CB1B8AC74E59->81367453-3bf0-4298-8a83-8d5c3816df16: receive RaftClientReply:client-CB1B8AC74E59->81367453-3bf0-4298-8a83-8d5c3816df16@group-F6EC397515C5, cid=4354, SUCCESS, logIndex=5968, commits[81367453-3bf0-4298-8a83-8d5c3816df16:c5968]
2019-09-03 20:26:42,360 [grpc-default-executor-2] INFO  client.GrpcClientProtocolClient (GrpcClientProtocolClient.java:onNext(255)) - client-CB1B8AC74E59->81367453-3bf0-4298-8a83-8d5c3816df16: receive RaftClientReply:client-CB1B8AC74E59->81367453-3bf0-4298-8a83-8d5c3816df16@group-F6EC397515C5, cid=4355, SUCCESS, logIndex=5969, commits[81367453-3bf0-4298-8a83-8d5c3816df16:c5970]
2019-09-03 20:26:42,360 [grpc-default-executor-2] INFO  client.GrpcClientProtocolClient (GrpcClientProtocolClient.java:onNext(255)) - client-CB1B8AC74E59->81367453-3bf0-4298-8a83-8d5c3816df16: receive RaftClientReply:client-CB1B8AC74E59->81367453-3bf0-4298-8a83-8d5c3816df16@group-F6EC397515C5, cid=4356, SUCCESS, logIndex=5970, commits[81367453-3bf0-4298-8a83-8d5c3816df16:c5970]
2019-09-03 20:26:42,367 [SCMBlockDeletingService#1] DEBUG block.SCMBlockDeletingService (SCMBlockDeletingService.java:call(138)) - Running DeletedBlockTransactionScanner
2019-09-03 20:26:42,367 [SCMBlockDeletingService#1] DEBUG block.SCMBlockDeletingService (SCMBlockDeletingService.java:call(155)) - Scanned deleted blocks log and got 0 delTX to process.
2019-09-03 20:26:42,372 [grpc-default-executor-2] INFO  client.GrpcClientProtocolClient (GrpcClientProtocolClient.java:onNext(255)) - client-CB1B8AC74E59->81367453-3bf0-4298-8a83-8d5c3816df16: receive RaftClientReply:client-CB1B8AC74E59->81367453-3bf0-4298-8a83-8d5c3816df16@group-F6EC397515C5, cid=4357, SUCCESS, logIndex=5973, commits[81367453-3bf0-4298-8a83-8d5c3816df16:c5976]
2019-09-03 20:26:42,372 [grpc-default-executor-2] INFO  client.GrpcClientProtocolClient (GrpcClientProtocolClient.java:onNext(255)) - client-CB1B8AC74E59->81367453-3bf0-4298-8a83-8d5c3816df16: receive RaftClientReply:client-CB1B8AC74E59->81367453-3bf0-4298-8a83-8d5c3816df16@group-F6EC397515C5, cid=4358, SUCCESS, logIndex=5974, commits[81367453-3bf0-4298-8a83-8d5c3816df16:c5976]
2019-09-03 20:26:42,372 [grpc-default-executor-2] INFO  client.GrpcClientProtocolClient (GrpcClientProtocolClient.java:onNext(255)) - client-CB1B8AC74E59->81367453-3bf0-4298-8a83-8d5c3816df16: receive RaftClientReply:client-CB1B8AC74E59->81367453-3bf0-4298-8a83-8d5c3816df16@group-F6EC397515C5, cid=4359, SUCCESS, logIndex=5975, commits[81367453-3bf0-4298-8a83-8d5c3816df16:c5977]
2019-09-03 20:26:42,373 [grpc-default-executor-2] INFO  client.GrpcClientProtocolClient (GrpcClientProtocolClient.java:onNext(255)) - client-CB1B8AC74E59->81367453-3bf0-4298-8a83-8d5c3816df16: receive RaftClientReply:client-CB1B8AC74E59->81367453-3bf0-4298-8a83-8d5c3816df16@group-F6EC397515C5, cid=4360, SUCCESS, logIndex=5976, commits[81367453-3bf0-4298-8a83-8d5c3816df16:c5977]
2019-09-03 20:26:42,406 [grpc-default-executor-2] INFO  client.GrpcClientProtocolClient (GrpcClientProtocolClient.java:onNext(255)) - client-CB1B8AC74E59->81367453-3bf0-4298-8a83-8d5c3816df16: receive RaftClientReply:client-CB1B8AC74E59->81367453-3bf0-4298-8a83-8d5c3816df16@group-F6EC397515C5, cid=4361, SUCCESS, logIndex=5978, commits[81367453-3bf0-4298-8a83-8d5c3816df16:c5979]
2019-09-03 20:26:42,406 [grpc-default-executor-2] INFO  client.GrpcClientProtocolClient (GrpcClientProtocolClient.java:onNext(255)) - client-CB1B8AC74E59->81367453-3bf0-4298-8a83-8d5c3816df16: receive RaftClientReply:client-CB1B8AC74E59->81367453-3bf0-4298-8a83-8d5c3816df16@group-F6EC397515C5, cid=4362, SUCCESS, logIndex=5979, commits[81367453-3bf0-4298-8a83-8d5c3816df16:c5979]
2019-09-03 20:26:42,409 [grpc-default-executor-2] INFO  client.GrpcClientProtocolClient (GrpcClientProtocolClient.java:onNext(255)) - client-CB1B8AC74E59->81367453-3bf0-4298-8a83-8d5c3816df16: receive RaftClientReply:client-CB1B8AC74E59->81367453-3bf0-4298-8a83-8d5c3816df16@group-F6EC397515C5, cid=4363, SUCCESS, logIndex=5980, commits[81367453-3bf0-4298-8a83-8d5c3816df16:c5981]
2019-09-03 20:26:42,409 [grpc-default-executor-2] INFO  client.GrpcClientProtocolClient (GrpcClientProtocolClient.java:onNext(255)) - client-CB1B8AC74E59->81367453-3bf0-4298-8a83-8d5c3816df16: receive RaftClientReply:client-CB1B8AC74E59->81367453-3bf0-4298-8a83-8d5c3816df16@group-F6EC397515C5, cid=4364, SUCCESS, logIndex=5981, commits[81367453-3bf0-4298-8a83-8d5c3816df16:c5981]
2019-09-03 20:26:42,425 [grpc-default-executor-2] INFO  client.GrpcClientProtocolClient (GrpcClientProtocolClient.java:onNext(255)) - client-CB1B8AC74E59->81367453-3bf0-4298-8a83-8d5c3816df16: receive RaftClientReply:client-CB1B8AC74E59->81367453-3bf0-4298-8a83-8d5c3816df16@group-F6EC397515C5, cid=4365, SUCCESS, logIndex=5984, commits[81367453-3bf0-4298-8a83-8d5c3816df16:c5987]
2019-09-03 20:26:42,425 [grpc-default-executor-2] INFO  client.GrpcClientProtocolClient (GrpcClientProtocolClient.java:onNext(255)) - client-CB1B8AC74E59->81367453-3bf0-4298-8a83-8d5c3816df16: receive RaftClientReply:client-CB1B8AC74E59->81367453-3bf0-4298-8a83-8d5c3816df16@group-F6EC397515C5, cid=4366, SUCCESS, logIndex=5985, commits[81367453-3bf0-4298-8a83-8d5c3816df16:c5987]
2019-09-03 20:26:42,426 [grpc-default-executor-2] INFO  client.GrpcClientProtocolClient (GrpcClientProtocolClient.java:onNext(255)) - client-CB1B8AC74E59->81367453-3bf0-4298-8a83-8d5c3816df16: receive RaftClientReply:client-CB1B8AC74E59->81367453-3bf0-4298-8a83-8d5c3816df16@group-F6EC397515C5, cid=4367, SUCCESS, logIndex=5986, commits[81367453-3bf0-4298-8a83-8d5c3816df16:c5987]
2019-09-03 20:26:42,426 [grpc-default-executor-2] INFO  client.GrpcClientProtocolClient (GrpcClientProtocolClient.java:onNext(255)) - client-CB1B8AC74E59->81367453-3bf0-4298-8a83-8d5c3816df16: receive RaftClientReply:client-CB1B8AC74E59->81367453-3bf0-4298-8a83-8d5c3816df16@group-F6EC397515C5, cid=4368, SUCCESS, logIndex=5987, commits[81367453-3bf0-4298-8a83-8d5c3816df16:c5987]
2019-09-03 20:26:42,457 [grpc-default-executor-1] INFO  client.GrpcClientProtocolClient (GrpcClientProtocolClient.java:onNext(255)) - client-CB1B8AC74E59->81367453-3bf0-4298-8a83-8d5c3816df16: receive RaftClientReply:client-CB1B8AC74E59->81367453-3bf0-4298-8a83-8d5c3816df16@group-F6EC397515C5, cid=4369, SUCCESS, logIndex=5989, commits[81367453-3bf0-4298-8a83-8d5c3816df16:c5992]
2019-09-03 20:26:42,458 [grpc-default-executor-1] INFO  client.GrpcClientProtocolClient (GrpcClientProtocolClient.java:onNext(255)) - client-CB1B8AC74E59->81367453-3bf0-4298-8a83-8d5c3816df16: receive RaftClientReply:client-CB1B8AC74E59->81367453-3bf0-4298-8a83-8d5c3816df16@group-F6EC397515C5, cid=4370, SUCCESS, logIndex=5990, commits[81367453-3bf0-4298-8a83-8d5c3816df16:c5992]
2019-09-03 20:26:42,458 [grpc-default-executor-1] INFO  client.GrpcClientProtocolClient (GrpcClientProtocolClient.java:onNext(255)) - client-CB1B8AC74E59->81367453-3bf0-4298-8a83-8d5c3816df16: receive RaftClientReply:client-CB1B8AC74E59->81367453-3bf0-4298-8a83-8d5c3816df16@group-F6EC397515C5, cid=4371, SUCCESS, logIndex=5991, commits[81367453-3bf0-4298-8a83-8d5c3816df16:c5992]
2019-09-03 20:26:42,458 [grpc-default-executor-1] INFO  client.GrpcClientProtocolClient (GrpcClientProtocolClient.java:onNext(255)) - client-CB1B8AC74E59->81367453-3bf0-4298-8a83-8d5c3816df16: receive RaftClientReply:client-CB1B8AC74E59->81367453-3bf0-4298-8a83-8d5c3816df16@group-F6EC397515C5, cid=4372, SUCCESS, logIndex=5992, commits[81367453-3bf0-4298-8a83-8d5c3816df16:c5992]
2019-09-03 20:26:42,468 [SCMBlockDeletingService#1] DEBUG block.SCMBlockDeletingService (SCMBlockDeletingService.java:call(138)) - Running DeletedBlockTransactionScanner
2019-09-03 20:26:42,468 [SCMBlockDeletingService#1] DEBUG block.SCMBlockDeletingService (SCMBlockDeletingService.java:call(155)) - Scanned deleted blocks log and got 0 delTX to process.
2019-09-03 20:26:42,481 [grpc-default-executor-1] INFO  client.GrpcClientProtocolClient (GrpcClientProtocolClient.java:onNext(255)) - client-CB1B8AC74E59->81367453-3bf0-4298-8a83-8d5c3816df16: receive RaftClientReply:client-CB1B8AC74E59->81367453-3bf0-4298-8a83-8d5c3816df16@group-F6EC397515C5, cid=4373, SUCCESS, logIndex=5994, commits[81367453-3bf0-4298-8a83-8d5c3816df16:c5997]
2019-09-03 20:26:42,482 [grpc-default-executor-1] INFO  client.GrpcClientProtocolClient (GrpcClientProtocolClient.java:onNext(255)) - client-CB1B8AC74E59->81367453-3bf0-4298-8a83-8d5c3816df16: receive RaftClientReply:client-CB1B8AC74E59->81367453-3bf0-4298-8a83-8d5c3816df16@group-F6EC397515C5, cid=4374, SUCCESS, logIndex=5995, commits[81367453-3bf0-4298-8a83-8d5c3816df16:c5997]
2019-09-03 20:26:42,482 [grpc-default-executor-1] INFO  client.GrpcClientProtocolClient (GrpcClientProtocolClient.java:onNext(255)) - client-CB1B8AC74E59->81367453-3bf0-4298-8a83-8d5c3816df16: receive RaftClientReply:client-CB1B8AC74E59->81367453-3bf0-4298-8a83-8d5c3816df16@group-F6EC397515C5, cid=4375, SUCCESS, logIndex=5996, commits[81367453-3bf0-4298-8a83-8d5c3816df16:c5997]
2019-09-03 20:26:42,483 [grpc-default-executor-1] INFO  client.GrpcClientProtocolClient (GrpcClientProtocolClient.java:onNext(255)) - client-CB1B8AC74E59->81367453-3bf0-4298-8a83-8d5c3816df16: receive RaftClientReply:client-CB1B8AC74E59->81367453-3bf0-4298-8a83-8d5c3816df16@group-F6EC397515C5, cid=4376, SUCCESS, logIndex=5997, commits[81367453-3bf0-4298-8a83-8d5c3816df16:c5997]
2019-09-03 20:26:42,568 [SCMBlockDeletingService#1] DEBUG block.SCMBlockDeletingService (SCMBlockDeletingService.java:call(138)) - Running DeletedBlockTransactionScanner
2019-09-03 20:26:42,569 [SCMBlockDeletingService#1] DEBUG block.SCMBlockDeletingService (SCMBlockDeletingService.java:call(155)) - Scanned deleted blocks log and got 0 delTX to process.
2019-09-03 20:26:42,599 [grpc-default-executor-1] INFO  client.GrpcClientProtocolClient (GrpcClientProtocolClient.java:onNext(255)) - client-CB1B8AC74E59->81367453-3bf0-4298-8a83-8d5c3816df16: receive RaftClientReply:client-CB1B8AC74E59->81367453-3bf0-4298-8a83-8d5c3816df16@group-F6EC397515C5, cid=4377, SUCCESS, logIndex=5999, commits[81367453-3bf0-4298-8a83-8d5c3816df16:c6002]
2019-09-03 20:26:42,599 [grpc-default-executor-1] INFO  client.GrpcClientProtocolClient (GrpcClientProtocolClient.java:onNext(255)) - client-CB1B8AC74E59->81367453-3bf0-4298-8a83-8d5c3816df16: receive RaftClientReply:client-CB1B8AC74E59->81367453-3bf0-4298-8a83-8d5c3816df16@group-F6EC397515C5, cid=4378, SUCCESS, logIndex=6000, commits[81367453-3bf0-4298-8a83-8d5c3816df16:c6002]
2019-09-03 20:26:42,599 [grpc-default-executor-1] INFO  client.GrpcClientProtocolClient (GrpcClientProtocolClient.java:onNext(255)) - client-CB1B8AC74E59->81367453-3bf0-4298-8a83-8d5c3816df16: receive RaftClientReply:client-CB1B8AC74E59->81367453-3bf0-4298-8a83-8d5c3816df16@group-F6EC397515C5, cid=4379, SUCCESS, logIndex=6001, commits[81367453-3bf0-4298-8a83-8d5c3816df16:c6002]
2019-09-03 20:26:42,600 [grpc-default-executor-1] INFO  client.GrpcClientProtocolClient (GrpcClientProtocolClient.java:onNext(255)) - client-CB1B8AC74E59->81367453-3bf0-4298-8a83-8d5c3816df16: receive RaftClientReply:client-CB1B8AC74E59->81367453-3bf0-4298-8a83-8d5c3816df16@group-F6EC397515C5, cid=4380, SUCCESS, logIndex=6002, commits[81367453-3bf0-4298-8a83-8d5c3816df16:c6002]
2019-09-03 20:26:42,615 [grpc-default-executor-1] INFO  client.GrpcClientProtocolClient (GrpcClientProtocolClient.java:onNext(255)) - client-CB1B8AC74E59->81367453-3bf0-4298-8a83-8d5c3816df16: receive RaftClientReply:client-CB1B8AC74E59->81367453-3bf0-4298-8a83-8d5c3816df16@group-F6EC397515C5, cid=4381, SUCCESS, logIndex=6004, commits[81367453-3bf0-4298-8a83-8d5c3816df16:c6007]
2019-09-03 20:26:42,615 [grpc-default-executor-1] INFO  client.GrpcClientProtocolClient (GrpcClientProtocolClient.java:onNext(255)) - client-CB1B8AC74E59->81367453-3bf0-4298-8a83-8d5c3816df16: receive RaftClientReply:client-CB1B8AC74E59->81367453-3bf0-4298-8a83-8d5c3816df16@group-F6EC397515C5, cid=4382, SUCCESS, logIndex=6005, commits[81367453-3bf0-4298-8a83-8d5c3816df16:c6007]
2019-09-03 20:26:42,616 [grpc-default-executor-1] INFO  client.GrpcClientProtocolClient (GrpcClientProtocolClient.java:onNext(255)) - client-CB1B8AC74E59->81367453-3bf0-4298-8a83-8d5c3816df16: receive RaftClientReply:client-CB1B8AC74E59->81367453-3bf0-4298-8a83-8d5c3816df16@group-F6EC397515C5, cid=4383, SUCCESS, logIndex=6006, commits[81367453-3bf0-4298-8a83-8d5c3816df16:c6007]
2019-09-03 20:26:42,616 [grpc-default-executor-1] INFO  client.GrpcClientProtocolClient (GrpcClientProtocolClient.java:onNext(255)) - client-CB1B8AC74E59->81367453-3bf0-4298-8a83-8d5c3816df16: receive RaftClientReply:client-CB1B8AC74E59->81367453-3bf0-4298-8a83-8d5c3816df16@group-F6EC397515C5, cid=4384, SUCCESS, logIndex=6007, commits[81367453-3bf0-4298-8a83-8d5c3816df16:c6007]
2019-09-03 20:26:42,649 [grpc-default-executor-2] INFO  client.GrpcClientProtocolClient (GrpcClientProtocolClient.java:onNext(255)) - client-CB1B8AC74E59->81367453-3bf0-4298-8a83-8d5c3816df16: receive RaftClientReply:client-CB1B8AC74E59->81367453-3bf0-4298-8a83-8d5c3816df16@group-F6EC397515C5, cid=4385, SUCCESS, logIndex=6009, commits[81367453-3bf0-4298-8a83-8d5c3816df16:c6012]
2019-09-03 20:26:42,650 [grpc-default-executor-2] INFO  client.GrpcClientProtocolClient (GrpcClientProtocolClient.java:onNext(255)) - client-CB1B8AC74E59->81367453-3bf0-4298-8a83-8d5c3816df16: receive RaftClientReply:client-CB1B8AC74E59->81367453-3bf0-4298-8a83-8d5c3816df16@group-F6EC397515C5, cid=4386, SUCCESS, logIndex=6010, commits[81367453-3bf0-4298-8a83-8d5c3816df16:c6012]
2019-09-03 20:26:42,650 [grpc-default-executor-2] INFO  client.GrpcClientProtocolClient (GrpcClientProtocolClient.java:onNext(255)) - client-CB1B8AC74E59->81367453-3bf0-4298-8a83-8d5c3816df16: receive RaftClientReply:client-CB1B8AC74E59->81367453-3bf0-4298-8a83-8d5c3816df16@group-F6EC397515C5, cid=4387, SUCCESS, logIndex=6011, commits[81367453-3bf0-4298-8a83-8d5c3816df16:c6012]
2019-09-03 20:26:42,650 [grpc-default-executor-2] INFO  client.GrpcClientProtocolClient (GrpcClientProtocolClient.java:onNext(255)) - client-CB1B8AC74E59->81367453-3bf0-4298-8a83-8d5c3816df16: receive RaftClientReply:client-CB1B8AC74E59->81367453-3bf0-4298-8a83-8d5c3816df16@group-F6EC397515C5, cid=4388, SUCCESS, logIndex=6012, commits[81367453-3bf0-4298-8a83-8d5c3816df16:c6012]
2019-09-03 20:26:42,667 [grpc-default-executor-2] INFO  client.GrpcClientProtocolClient (GrpcClientProtocolClient.java:onNext(255)) - client-CB1B8AC74E59->81367453-3bf0-4298-8a83-8d5c3816df16: receive RaftClientReply:client-CB1B8AC74E59->81367453-3bf0-4298-8a83-8d5c3816df16@group-F6EC397515C5, cid=4389, SUCCESS, logIndex=6014, commits[81367453-3bf0-4298-8a83-8d5c3816df16:c6017]
2019-09-03 20:26:42,668 [grpc-default-executor-2] INFO  client.GrpcClientProtocolClient (GrpcClientProtocolClient.java:onNext(255)) - client-CB1B8AC74E59->81367453-3bf0-4298-8a83-8d5c3816df16: receive RaftClientReply:client-CB1B8AC74E59->81367453-3bf0-4298-8a83-8d5c3816df16@group-F6EC397515C5, cid=4390, SUCCESS, logIndex=6015, commits[81367453-3bf0-4298-8a83-8d5c3816df16:c6017]
2019-09-03 20:26:42,668 [grpc-default-executor-2] INFO  client.GrpcClientProtocolClient (GrpcClientProtocolClient.java:onNext(255)) - client-CB1B8AC74E59->81367453-3bf0-4298-8a83-8d5c3816df16: receive RaftClientReply:client-CB1B8AC74E59->81367453-3bf0-4298-8a83-8d5c3816df16@group-F6EC397515C5, cid=4391, SUCCESS, logIndex=6016, commits[81367453-3bf0-4298-8a83-8d5c3816df16:c6017]
2019-09-03 20:26:42,668 [grpc-default-executor-2] INFO  client.GrpcClientProtocolClient (GrpcClientProtocolClient.java:onNext(255)) - client-CB1B8AC74E59->81367453-3bf0-4298-8a83-8d5c3816df16: receive RaftClientReply:client-CB1B8AC74E59->81367453-3bf0-4298-8a83-8d5c3816df16@group-F6EC397515C5, cid=4392, SUCCESS, logIndex=6017, commits[81367453-3bf0-4298-8a83-8d5c3816df16:c6017]
2019-09-03 20:26:42,669 [SCMBlockDeletingService#1] DEBUG block.SCMBlockDeletingService (SCMBlockDeletingService.java:call(138)) - Running DeletedBlockTransactionScanner
2019-09-03 20:26:42,669 [SCMBlockDeletingService#1] DEBUG block.SCMBlockDeletingService (SCMBlockDeletingService.java:call(155)) - Scanned deleted blocks log and got 0 delTX to process.
2019-09-03 20:26:42,694 [grpc-default-executor-2] INFO  client.GrpcClientProtocolClient (GrpcClientProtocolClient.java:onNext(255)) - client-CB1B8AC74E59->81367453-3bf0-4298-8a83-8d5c3816df16: receive RaftClientReply:client-CB1B8AC74E59->81367453-3bf0-4298-8a83-8d5c3816df16@group-F6EC397515C5, cid=4393, SUCCESS, logIndex=6019, commits[81367453-3bf0-4298-8a83-8d5c3816df16:c6022]
2019-09-03 20:26:42,695 [grpc-default-executor-2] INFO  client.GrpcClientProtocolClient (GrpcClientProtocolClient.java:onNext(255)) - client-CB1B8AC74E59->81367453-3bf0-4298-8a83-8d5c3816df16: receive RaftClientReply:client-CB1B8AC74E59->81367453-3bf0-4298-8a83-8d5c3816df16@group-F6EC397515C5, cid=4394, SUCCESS, logIndex=6020, commits[81367453-3bf0-4298-8a83-8d5c3816df16:c6022]
2019-09-03 20:26:42,695 [grpc-default-executor-2] INFO  client.GrpcClientProtocolClient (GrpcClientProtocolClient.java:onNext(255)) - client-CB1B8AC74E59->81367453-3bf0-4298-8a83-8d5c3816df16: receive RaftClientReply:client-CB1B8AC74E59->81367453-3bf0-4298-8a83-8d5c3816df16@group-F6EC397515C5, cid=4395, SUCCESS, logIndex=6021, commits[81367453-3bf0-4298-8a83-8d5c3816df16:c6022]
2019-09-03 20:26:42,695 [grpc-default-executor-2] INFO  client.GrpcClientProtocolClient (GrpcClientProtocolClient.java:onNext(255)) - client-CB1B8AC74E59->81367453-3bf0-4298-8a83-8d5c3816df16: receive RaftClientReply:client-CB1B8AC74E59->81367453-3bf0-4298-8a83-8d5c3816df16@group-F6EC397515C5, cid=4396, SUCCESS, logIndex=6022, commits[81367453-3bf0-4298-8a83-8d5c3816df16:c6022]
2019-09-03 20:26:42,713 [grpc-default-executor-2] INFO  client.GrpcClientProtocolClient (GrpcClientProtocolClient.java:onNext(255)) - client-CB1B8AC74E59->81367453-3bf0-4298-8a83-8d5c3816df16: receive RaftClientReply:client-CB1B8AC74E59->81367453-3bf0-4298-8a83-8d5c3816df16@group-F6EC397515C5, cid=4397, SUCCESS, logIndex=6024, commits[81367453-3bf0-4298-8a83-8d5c3816df16:c6027]
2019-09-03 20:26:42,713 [grpc-default-executor-2] INFO  client.GrpcClientProtocolClient (GrpcClientProtocolClient.java:onNext(255)) - client-CB1B8AC74E59->81367453-3bf0-4298-8a83-8d5c3816df16: receive RaftClientReply:client-CB1B8AC74E59->81367453-3bf0-4298-8a83-8d5c3816df16@group-F6EC397515C5, cid=4398, SUCCESS, logIndex=6025, commits[81367453-3bf0-4298-8a83-8d5c3816df16:c6027]
2019-09-03 20:26:42,713 [grpc-default-executor-2] INFO  client.GrpcClientProtocolClient (GrpcClientProtocolClient.java:onNext(255)) - client-CB1B8AC74E59->81367453-3bf0-4298-8a83-8d5c3816df16: receive RaftClientReply:client-CB1B8AC74E59->81367453-3bf0-4298-8a83-8d5c3816df16@group-F6EC397515C5, cid=4399, SUCCESS, logIndex=6026, commits[81367453-3bf0-4298-8a83-8d5c3816df16:c6027]
2019-09-03 20:26:42,714 [grpc-default-executor-2] INFO  client.GrpcClientProtocolClient (GrpcClientProtocolClient.java:onNext(255)) - client-CB1B8AC74E59->81367453-3bf0-4298-8a83-8d5c3816df16: receive RaftClientReply:client-CB1B8AC74E59->81367453-3bf0-4298-8a83-8d5c3816df16@group-F6EC397515C5, cid=4400, SUCCESS, logIndex=6027, commits[81367453-3bf0-4298-8a83-8d5c3816df16:c6027]
2019-09-03 20:26:42,763 [grpc-default-executor-1] INFO  client.GrpcClientProtocolClient (GrpcClientProtocolClient.java:onNext(255)) - client-CB1B8AC74E59->81367453-3bf0-4298-8a83-8d5c3816df16: receive RaftClientReply:client-CB1B8AC74E59->81367453-3bf0-4298-8a83-8d5c3816df16@group-F6EC397515C5, cid=4401, SUCCESS, logIndex=6029, commits[81367453-3bf0-4298-8a83-8d5c3816df16:c6032]
2019-09-03 20:26:42,763 [grpc-default-executor-1] INFO  client.GrpcClientProtocolClient (GrpcClientProtocolClient.java:onNext(255)) - client-CB1B8AC74E59->81367453-3bf0-4298-8a83-8d5c3816df16: receive RaftClientReply:client-CB1B8AC74E59->81367453-3bf0-4298-8a83-8d5c3816df16@group-F6EC397515C5, cid=4402, SUCCESS, logIndex=6030, commits[81367453-3bf0-4298-8a83-8d5c3816df16:c6032]
2019-09-03 20:26:42,764 [grpc-default-executor-1] INFO  client.GrpcClientProtocolClient (GrpcClientProtocolClient.java:onNext(255)) - client-CB1B8AC74E59->81367453-3bf0-4298-8a83-8d5c3816df16: receive RaftClientReply:client-CB1B8AC74E59->81367453-3bf0-4298-8a83-8d5c3816df16@group-F6EC397515C5, cid=4403, SUCCESS, logIndex=6031, commits[81367453-3bf0-4298-8a83-8d5c3816df16:c6032]
2019-09-03 20:26:42,764 [grpc-default-executor-1] INFO  client.GrpcClientProtocolClient (GrpcClientProtocolClient.java:onNext(255)) - client-CB1B8AC74E59->81367453-3bf0-4298-8a83-8d5c3816df16: receive RaftClientReply:client-CB1B8AC74E59->81367453-3bf0-4298-8a83-8d5c3816df16@group-F6EC397515C5, cid=4404, SUCCESS, logIndex=6032, commits[81367453-3bf0-4298-8a83-8d5c3816df16:c6032]
2019-09-03 20:26:42,770 [SCMBlockDeletingService#1] DEBUG block.SCMBlockDeletingService (SCMBlockDeletingService.java:call(138)) - Running DeletedBlockTransactionScanner
2019-09-03 20:26:42,770 [SCMBlockDeletingService#1] DEBUG block.SCMBlockDeletingService (SCMBlockDeletingService.java:call(155)) - Scanned deleted blocks log and got 0 delTX to process.
2019-09-03 20:26:42,781 [grpc-default-executor-2] INFO  client.GrpcClientProtocolClient (GrpcClientProtocolClient.java:onNext(255)) - client-CB1B8AC74E59->81367453-3bf0-4298-8a83-8d5c3816df16: receive RaftClientReply:client-CB1B8AC74E59->81367453-3bf0-4298-8a83-8d5c3816df16@group-F6EC397515C5, cid=4405, SUCCESS, logIndex=6034, commits[81367453-3bf0-4298-8a83-8d5c3816df16:c6037]
2019-09-03 20:26:42,781 [grpc-default-executor-2] INFO  client.GrpcClientProtocolClient (GrpcClientProtocolClient.java:onNext(255)) - client-CB1B8AC74E59->81367453-3bf0-4298-8a83-8d5c3816df16: receive RaftClientReply:client-CB1B8AC74E59->81367453-3bf0-4298-8a83-8d5c3816df16@group-F6EC397515C5, cid=4406, SUCCESS, logIndex=6035, commits[81367453-3bf0-4298-8a83-8d5c3816df16:c6037]
2019-09-03 20:26:42,782 [grpc-default-executor-2] INFO  client.GrpcClientProtocolClient (GrpcClientProtocolClient.java:onNext(255)) - client-CB1B8AC74E59->81367453-3bf0-4298-8a83-8d5c3816df16: receive RaftClientReply:client-CB1B8AC74E59->81367453-3bf0-4298-8a83-8d5c3816df16@group-F6EC397515C5, cid=4407, SUCCESS, logIndex=6036, commits[81367453-3bf0-4298-8a83-8d5c3816df16:c6037]
2019-09-03 20:26:42,782 [grpc-default-executor-2] INFO  client.GrpcClientProtocolClient (GrpcClientProtocolClient.java:onNext(255)) - client-CB1B8AC74E59->81367453-3bf0-4298-8a83-8d5c3816df16: receive RaftClientReply:client-CB1B8AC74E59->81367453-3bf0-4298-8a83-8d5c3816df16@group-F6EC397515C5, cid=4408, SUCCESS, logIndex=6037, commits[81367453-3bf0-4298-8a83-8d5c3816df16:c6037]
2019-09-03 20:26:42,815 [grpc-default-executor-1] INFO  client.GrpcClientProtocolClient (GrpcClientProtocolClient.java:onNext(255)) - client-CB1B8AC74E59->81367453-3bf0-4298-8a83-8d5c3816df16: receive RaftClientReply:client-CB1B8AC74E59->81367453-3bf0-4298-8a83-8d5c3816df16@group-F6EC397515C5, cid=4409, SUCCESS, logIndex=6039, commits[81367453-3bf0-4298-8a83-8d5c3816df16:c6042]
2019-09-03 20:26:42,815 [grpc-default-executor-1] INFO  client.GrpcClientProtocolClient (GrpcClientProtocolClient.java:onNext(255)) - client-CB1B8AC74E59->81367453-3bf0-4298-8a83-8d5c3816df16: receive RaftClientReply:client-CB1B8AC74E59->81367453-3bf0-4298-8a83-8d5c3816df16@group-F6EC397515C5, cid=4410, SUCCESS, logIndex=6040, commits[81367453-3bf0-4298-8a83-8d5c3816df16:c6042]
2019-09-03 20:26:42,816 [grpc-default-executor-1] INFO  client.GrpcClientProtocolClient (GrpcClientProtocolClient.java:onNext(255)) - client-CB1B8AC74E59->81367453-3bf0-4298-8a83-8d5c3816df16: receive RaftClientReply:client-CB1B8AC74E59->81367453-3bf0-4298-8a83-8d5c3816df16@group-F6EC397515C5, cid=4411, SUCCESS, logIndex=6041, commits[81367453-3bf0-4298-8a83-8d5c3816df16:c6042]
2019-09-03 20:26:42,816 [grpc-default-executor-1] INFO  client.GrpcClientProtocolClient (GrpcClientProtocolClient.java:onNext(255)) - client-CB1B8AC74E59->81367453-3bf0-4298-8a83-8d5c3816df16: receive RaftClientReply:client-CB1B8AC74E59->81367453-3bf0-4298-8a83-8d5c3816df16@group-F6EC397515C5, cid=4412, SUCCESS, logIndex=6042, commits[81367453-3bf0-4298-8a83-8d5c3816df16:c6042]
2019-09-03 20:26:42,833 [grpc-default-executor-1] INFO  client.GrpcClientProtocolClient (GrpcClientProtocolClient.java:onNext(255)) - client-CB1B8AC74E59->81367453-3bf0-4298-8a83-8d5c3816df16: receive RaftClientReply:client-CB1B8AC74E59->81367453-3bf0-4298-8a83-8d5c3816df16@group-F6EC397515C5, cid=4413, SUCCESS, logIndex=6044, commits[81367453-3bf0-4298-8a83-8d5c3816df16:c6047]
2019-09-03 20:26:42,833 [grpc-default-executor-1] INFO  client.GrpcClientProtocolClient (GrpcClientProtocolClient.java:onNext(255)) - client-CB1B8AC74E59->81367453-3bf0-4298-8a83-8d5c3816df16: receive RaftClientReply:client-CB1B8AC74E59->81367453-3bf0-4298-8a83-8d5c3816df16@group-F6EC397515C5, cid=4414, SUCCESS, logIndex=6045, commits[81367453-3bf0-4298-8a83-8d5c3816df16:c6047]
2019-09-03 20:26:42,834 [grpc-default-executor-1] INFO  client.GrpcClientProtocolClient (GrpcClientProtocolClient.java:onNext(255)) - client-CB1B8AC74E59->81367453-3bf0-4298-8a83-8d5c3816df16: receive RaftClientReply:client-CB1B8AC74E59->81367453-3bf0-4298-8a83-8d5c3816df16@group-F6EC397515C5, cid=4415, SUCCESS, logIndex=6046, commits[81367453-3bf0-4298-8a83-8d5c3816df16:c6047]
2019-09-03 20:26:42,834 [grpc-default-executor-1] INFO  client.GrpcClientProtocolClient (GrpcClientProtocolClient.java:onNext(255)) - client-CB1B8AC74E59->81367453-3bf0-4298-8a83-8d5c3816df16: receive RaftClientReply:client-CB1B8AC74E59->81367453-3bf0-4298-8a83-8d5c3816df16@group-F6EC397515C5, cid=4416, SUCCESS, logIndex=6047, commits[81367453-3bf0-4298-8a83-8d5c3816df16:c6047]
2019-09-03 20:26:42,870 [SCMBlockDeletingService#1] DEBUG block.SCMBlockDeletingService (SCMBlockDeletingService.java:call(138)) - Running DeletedBlockTransactionScanner
2019-09-03 20:26:42,871 [SCMBlockDeletingService#1] DEBUG block.SCMBlockDeletingService (SCMBlockDeletingService.java:call(155)) - Scanned deleted blocks log and got 0 delTX to process.
2019-09-03 20:26:42,881 [grpc-default-executor-2] INFO  client.GrpcClientProtocolClient (GrpcClientProtocolClient.java:onNext(255)) - client-CB1B8AC74E59->81367453-3bf0-4298-8a83-8d5c3816df16: receive RaftClientReply:client-CB1B8AC74E59->81367453-3bf0-4298-8a83-8d5c3816df16@group-F6EC397515C5, cid=4417, SUCCESS, logIndex=6049, commits[81367453-3bf0-4298-8a83-8d5c3816df16:c6052]
2019-09-03 20:26:42,882 [grpc-default-executor-2] INFO  client.GrpcClientProtocolClient (GrpcClientProtocolClient.java:onNext(255)) - client-CB1B8AC74E59->81367453-3bf0-4298-8a83-8d5c3816df16: receive RaftClientReply:client-CB1B8AC74E59->81367453-3bf0-4298-8a83-8d5c3816df16@group-F6EC397515C5, cid=4418, SUCCESS, logIndex=6050, commits[81367453-3bf0-4298-8a83-8d5c3816df16:c6052]
2019-09-03 20:26:42,882 [grpc-default-executor-2] INFO  client.GrpcClientProtocolClient (GrpcClientProtocolClient.java:onNext(255)) - client-CB1B8AC74E59->81367453-3bf0-4298-8a83-8d5c3816df16: receive RaftClientReply:client-CB1B8AC74E59->81367453-3bf0-4298-8a83-8d5c3816df16@group-F6EC397515C5, cid=4419, SUCCESS, logIndex=6051, commits[81367453-3bf0-4298-8a83-8d5c3816df16:c6052]
2019-09-03 20:26:42,882 [grpc-default-executor-2] INFO  client.GrpcClientProtocolClient (GrpcClientProtocolClient.java:onNext(255)) - client-CB1B8AC74E59->81367453-3bf0-4298-8a83-8d5c3816df16: receive RaftClientReply:client-CB1B8AC74E59->81367453-3bf0-4298-8a83-8d5c3816df16@group-F6EC397515C5, cid=4420, SUCCESS, logIndex=6052, commits[81367453-3bf0-4298-8a83-8d5c3816df16:c6052]
2019-09-03 20:26:42,891 [grpc-default-executor-1] INFO  client.GrpcClientProtocolClient (GrpcClientProtocolClient.java:onNext(255)) - client-CB1B8AC74E59->81367453-3bf0-4298-8a83-8d5c3816df16: receive RaftClientReply:client-CB1B8AC74E59->81367453-3bf0-4298-8a83-8d5c3816df16@group-F6EC397515C5, cid=4421, SUCCESS, logIndex=6054, commits[81367453-3bf0-4298-8a83-8d5c3816df16:c6055]
2019-09-03 20:26:42,892 [grpc-default-executor-1] INFO  client.GrpcClientProtocolClient (GrpcClientProtocolClient.java:onNext(255)) - client-CB1B8AC74E59->81367453-3bf0-4298-8a83-8d5c3816df16: receive RaftClientReply:client-CB1B8AC74E59->81367453-3bf0-4298-8a83-8d5c3816df16@group-F6EC397515C5, cid=4422, SUCCESS, logIndex=6055, commits[81367453-3bf0-4298-8a83-8d5c3816df16:c6055]
2019-09-03 20:26:43,018 [SCMBlockDeletingService#1] DEBUG block.SCMBlockDeletingService (SCMBlockDeletingService.java:call(138)) - Running DeletedBlockTransactionScanner
2019-09-03 20:26:43,018 [SCMBlockDeletingService#1] DEBUG block.SCMBlockDeletingService (SCMBlockDeletingService.java:call(155)) - Scanned deleted blocks log and got 0 delTX to process.
2019-09-03 20:26:43,119 [SCMBlockDeletingService#1] DEBUG block.SCMBlockDeletingService (SCMBlockDeletingService.java:call(138)) - Running DeletedBlockTransactionScanner
2019-09-03 20:26:43,119 [SCMBlockDeletingService#1] DEBUG block.SCMBlockDeletingService (SCMBlockDeletingService.java:call(155)) - Scanned deleted blocks log and got 0 delTX to process.
2019-09-03 20:26:43,219 [SCMBlockDeletingService#1] DEBUG block.SCMBlockDeletingService (SCMBlockDeletingService.java:call(138)) - Running DeletedBlockTransactionScanner
2019-09-03 20:26:43,220 [SCMBlockDeletingService#1] DEBUG block.SCMBlockDeletingService (SCMBlockDeletingService.java:call(155)) - Scanned deleted blocks log and got 0 delTX to process.
2019-09-03 20:26:43,320 [SCMBlockDeletingService#1] DEBUG block.SCMBlockDeletingService (SCMBlockDeletingService.java:call(138)) - Running DeletedBlockTransactionScanner
2019-09-03 20:26:43,320 [SCMBlockDeletingService#1] DEBUG block.SCMBlockDeletingService (SCMBlockDeletingService.java:call(155)) - Scanned deleted blocks log and got 0 delTX to process.
2019-09-03 20:26:43,420 [SCMBlockDeletingService#1] DEBUG block.SCMBlockDeletingService (SCMBlockDeletingService.java:call(138)) - Running DeletedBlockTransactionScanner
2019-09-03 20:26:43,421 [SCMBlockDeletingService#1] DEBUG block.SCMBlockDeletingService (SCMBlockDeletingService.java:call(155)) - Scanned deleted blocks log and got 0 delTX to process.
2019-09-03 20:26:43,444 [IPC Server handler 4 on 38828] INFO  server.SCMBlockProtocolServer (SCMBlockProtocolServer.java:deleteKeyBlocks(212)) - SCM is informed by OM to delete 1 blocks
2019-09-03 20:26:43,446 [IPC Server handler 4 on 38828] INFO  block.BlockManagerImpl (BlockManagerImpl.java:deleteBlocks(269)) - Deleting blocks conID: 1 locID: 102730454847324161 bcsId: 0,conID: 2 locID: 102730454847651842 bcsId: 0,conID: 3 locID: 102730454847651843 bcsId: 0,conID: 1 locID: 102730454847848452 bcsId: 0,conID: 2 locID: 102730454847848453 bcsId: 0,conID: 3 locID: 102730454847913990 bcsId: 0,conID: 1 locID: 102730455127031815 bcsId: 0,conID: 2 locID: 102730455132995592 bcsId: 0,conID: 3 locID: 102730455137583113 bcsId: 0,conID: 1 locID: 102730455141974026 bcsId: 0,conID: 2 locID: 102730455147347979 bcsId: 0,conID: 3 locID: 102730455152787468 bcsId: 0,conID: 1 locID: 102730455164452877 bcsId: 0,conID: 2 locID: 102730455169302542 bcsId: 0,conID: 3 locID: 102730455175593999 bcsId: 0,conID: 1 locID: 102730455181426704 bcsId: 0,conID: 2 locID: 102730455187259409 bcsId: 0,conID: 3 locID: 102730455210065938 bcsId: 0,conID: 1 locID: 102730455215112211 bcsId: 0,conID: 2 locID: 102730455219175444 bcsId: 0,conID: 3 locID: 102730455222976533 bcsId: 0,conID: 1 locID: 102730455226974230 bcsId: 0,conID: 2 locID: 102730455231234071 bcsId: 0,conID: 3 locID: 102730455242047512 bcsId: 0,conID: 1 locID: 102730455246438425 bcsId: 0,conID: 2 locID: 102730455249911834 bcsId: 0,conID: 3 locID: 102730455253319707 bcsId: 0,conID: 1 locID: 102730455257382940 bcsId: 0,conID: 2 locID: 102730455267868701 bcsId: 0,conID: 3 locID: 102730455270817822 bcsId: 0,conID: 1 locID: 102730455273963551 bcsId: 0,conID: 2 locID: 102730455277436960 bcsId: 0,conID: 3 locID: 102730455280975905 bcsId: 0,conID: 1 locID: 102730455284252706 bcsId: 0,conID: 2 locID: 102730455304241187 bcsId: 0,conID: 3 locID: 102730455310204964 bcsId: 0,conID: 1 locID: 102730455316365349 bcsId: 0,conID: 2 locID: 102730455320363046 bcsId: 0,conID: 3 locID: 102730455324229671 bcsId: 0,conID: 1 locID: 102730455338516520 bcsId: 0,conID: 2 locID: 102730455342776361 bcsId: 0,conID: 3 locID: 102730455346774058 bcsId: 0,conID: 1 locID: 102730455353851947 bcsId: 0,conID: 2 locID: 102730455358242860 bcsId: 0,conID: 3 locID: 102730455361388589 bcsId: 0,conID: 1 locID: 102730455371612206 bcsId: 0,conID: 2 locID: 102730455376068655 bcsId: 0,conID: 3 locID: 102730455380131888 bcsId: 0,conID: 1 locID: 102730455384784945 bcsId: 0,conID: 2 locID: 102730455391928370 bcsId: 0,conID: 3 locID: 102730455400906803 bcsId: 0,conID: 1 locID: 102730455404707892 bcsId: 0,conID: 2 locID: 102730455418470453 bcsId: 0,conID: 3 locID: 102730455422140470 bcsId: 0,conID: 1 locID: 102730455428497463 bcsId: 0,conID: 2 locID: 102730455432036408 bcsId: 0,conID: 3 locID: 102730455442456633 bcsId: 0,conID: 1 locID: 102730455448617018 bcsId: 0,conID: 2 locID: 102730455453204539 bcsId: 0,conID: 3 locID: 102730455456874556 bcsId: 0,conID: 1 locID: 102730455460741181 bcsId: 0,conID: 2 locID: 102730455475159102 bcsId: 0,conID: 3 locID: 102730455479025727 bcsId: 0,conID: 1 locID: 102730455483678784 bcsId: 0,conID: 2 locID: 102730455487873089 bcsId: 0,conID: 3 locID: 102730455494819906 bcsId: 0,conID: 1 locID: 102730455501045827 bcsId: 0,conID: 2 locID: 102730455516643396 bcsId: 0,conID: 3 locID: 102730455524966469 bcsId: 0,conID: 1 locID: 102730455537549382 bcsId: 0,conID: 2 locID: 102730455543054407 bcsId: 0,conID: 3 locID: 102730455548428360 bcsId: 0,conID: 1 locID: 102730455558455369 bcsId: 0,conID: 2 locID: 102730455563698250 bcsId: 0,conID: 3 locID: 102730455570841675 bcsId: 0,conID: 1 locID: 102730455579557964 bcsId: 0,conID: 2 locID: 102730455583948877 bcsId: 0,conID: 3 locID: 102730455589847118 bcsId: 0,conID: 1 locID: 102730455606165583 bcsId: 0,conID: 2 locID: 102730455610753104 bcsId: 0,conID: 3 locID: 102730455614095441 bcsId: 0,conID: 1 locID: 102730455617896530 bcsId: 0,conID: 2 locID: 102730455623139411 bcsId: 0,conID: 3 locID: 102730455635198036 bcsId: 0,conID: 1 locID: 102730455654400085 bcsId: 0,conID: 2 locID: 102730455663837270 bcsId: 0,conID: 3 locID: 102730455667507287 bcsId: 0,conID: 1 locID: 102730455669932120 bcsId: 0,conID: 2 locID: 102730455675437145 bcsId: 0,conID: 3 locID: 102730455688347738 bcsId: 0,conID: 1 locID: 102730455691427931 bcsId: 0,conID: 2 locID: 102730455694049372 bcsId: 0,conID: 3 locID: 102730455697457245 bcsId: 0,conID: 1 locID: 102730455702765662 bcsId: 0,conID: 2 locID: 102730455723606111 bcsId: 0,conID: 3 locID: 102730455731011680 bcsId: 0,conID: 1 locID: 102730455735402593 bcsId: 0,conID: 2 locID: 102730455738941538 bcsId: 0,conID: 3 locID: 102730455742218339 bcsId: 0,conID: 1 locID: 102730455747723364 bcsId: 0,conID: 2 locID: 102730455759519845 bcsId: 0,conID: 3 locID: 102730455763976294 bcsId: 0,conID: 1 locID: 102730455768301671 bcsId: 0,conID: 2 locID: 102730455774265448 bcsId: 0,conID: 3 locID: 102730455788683369 bcsId: 0,conID: 1 locID: 102730455798644842 bcsId: 0,conID: 2 locID: 102730455802642539 bcsId: 0,conID: 3 locID: 102730455807098988 bcsId: 0,conID: 1 locID: 102730455812800621 bcsId: 0,conID: 2 locID: 102730455816142958 bcsId: 0,conID: 3 locID: 102730455819812975 bcsId: 0,conID: 1 locID: 102730455838490736 bcsId: 0,conID: 2 locID: 102730455842422897 bcsId: 0,conID: 3 locID: 102730455847469170 bcsId: 0,conID: 1 locID: 102730455851663475 bcsId: 0,conID: 2 locID: 102730455857823860 bcsId: 0,conID: 3 locID: 102730455862345845 bcsId: 0,conID: 1 locID: 102730455871783030 bcsId: 0,conID: 2 locID: 102730455875453047 bcsId: 0,conID: 3 locID: 102730455880827000 bcsId: 0,conID: 1 locID: 102730455884562553 bcsId: 0,conID: 2 locID: 102730455890002042 bcsId: 0,conID: 3 locID: 102730455907238011 bcsId: 0,conID: 1 locID: 102730455913791612 bcsId: 0,conID: 2 locID: 102730455916216445 bcsId: 0,conID: 3 locID: 102730455920017534 bcsId: 0,conID: 1 locID: 102730455924080767 bcsId: 0,conID: 2 locID: 102730455928864896 bcsId: 0,conID: 3 locID: 102730455940268161 bcsId: 0,conID: 1 locID: 102730455943938178 bcsId: 0,conID: 2 locID: 102730455953703043 bcsId: 0,conID: 3 locID: 102730455957373060 bcsId: 0,conID: 1 locID: 102730455962222725 bcsId: 0,conID: 2 locID: 102730455975002246 bcsId: 0,conID: 3 locID: 102730455978672263 bcsId: 0,conID: 1 locID: 102730455983063176 bcsId: 0,conID: 2 locID: 102730455986733193 bcsId: 0,conID: 3 locID: 102730455989420170 bcsId: 0,conID: 1 locID: 102730455994859659 bcsId: 0,conID: 2 locID: 102730456013144204 bcsId: 0,conID: 3 locID: 102730456017076365 bcsId: 0,conID: 1 locID: 102730456021270670 bcsId: 0,conID: 2 locID: 102730456024678543 bcsId: 0,conID: 3 locID: 102730456028086416 bcsId: 0,conID: 1 locID: 102730456037916817 bcsId: 0,conID: 2 locID: 102730456041848978 bcsId: 0,conID: 3 locID: 102730456045715603 bcsId: 0,conID: 1 locID: 102730456049909908 bcsId: 0,conID: 2 locID: 102730456064131221 bcsId: 0,conID: 3 locID: 102730456069439638 bcsId: 0,conID: 1 locID: 102730456078680215 bcsId: 0,conID: 2 locID: 102730456082677912 bcsId: 0,conID: 3 locID: 102730456085495961 bcsId: 0,conID: 1 locID: 102730456233279642 bcsId: 0,conID: 2 locID: 102730456239112347 bcsId: 0,conID: 3 locID: 102730456255037596 bcsId: 0,conID: 1 locID: 102730456258248861 bcsId: 0,conID: 2 locID: 102730456262443166 bcsId: 0,conID: 3 locID: 102730456265851039 bcsId: 0,conID: 1 locID: 102730456269062304 bcsId: 0,conID: 2 locID: 102730456272994465 bcsId: 0,conID: 3 locID: 102730456282693794 bcsId: 0,conID: 1 locID: 102730456285642915 bcsId: 0,conID: 2 locID: 102730456288657572 bcsId: 0,conID: 3 locID: 102730456297308325 bcsId: 0,conID: 1 locID: 102730456301764774 bcsId: 0,conID: 2 locID: 102730456312250535 bcsId: 0,conID: 3 locID: 102730456315723944 bcsId: 0,conID: 1 locID: 102730456320901289 bcsId: 0,conID: 2 locID: 102730456324767914 bcsId: 0,conID: 3 locID: 102730456330731691 bcsId: 0,conID: 1 locID: 102730456333746348 bcsId: 0,conID: 2 locID: 102730456348295341 bcsId: 0,conID: 3 locID: 102730456351572142 bcsId: 0,conID: 1 locID: 102730456354521263 bcsId: 0,conID: 2 locID: 102730456358125744 bcsId: 0,conID: 3 locID: 102730456362582193 bcsId: 0,conID: 1 locID: 102730456375296178 bcsId: 0,conID: 2 locID: 102730456378900659 bcsId: 0,conID: 3 locID: 102730456383684788 bcsId: 0,conID: 1 locID: 102730456386764981 bcsId: 0,conID: 2 locID: 102730456396857526 bcsId: 0,conID: 3 locID: 102730456400724151 bcsId: 0,conID: 1 locID: 102730456412586168 bcsId: 0,conID: 2 locID: 102730456417566905 bcsId: 0,conID: 3 locID: 102730456421302458 bcsId: 0,conID: 1 locID: 102730456424644795 bcsId: 0,conID: 2 locID: 102730456429625532 bcsId: 0,conID: 3 locID: 102730456439980221 bcsId: 0,conID: 1 locID: 102730456447713470 bcsId: 0,conID: 2 locID: 102730456451645631 bcsId: 0,conID: 3 locID: 102730456456364224 bcsId: 0,conID: 1 locID: 102730456459837633 bcsId: 0,conID: 2 locID: 102730456463573186 bcsId: 0,conID: 3 locID: 102730456473403587 bcsId: 0,conID: 1 locID: 102730456476614852 bcsId: 0,conID: 2 locID: 102730456479760581 bcsId: 0,conID: 3 locID: 102730456482644166 bcsId: 0,conID: 1 locID: 102730456489066695 bcsId: 0,conID: 2 locID: 102730456508793032 bcsId: 0,conID: 3 locID: 102730456513642697 bcsId: 0,conID: 1 locID: 102730456519344330 bcsId: 0,conID: 2 locID: 102730456523800779 bcsId: 0,conID: 3 locID: 102730456529502412 bcsId: 0,conID: 1 locID: 102730456533958861 bcsId: 0,conID: 2 locID: 102730456547328206 bcsId: 0,conID: 3 locID: 102730456557551823 bcsId: 0,conID: 1 locID: 102730456562270416 bcsId: 0,conID: 2 locID: 102730456567644369 bcsId: 0,conID: 3 locID: 102730456574001362 bcsId: 0,conID: 1 locID: 102730456621056211 bcsId: 0,conID: 2 locID: 102730456626888916 bcsId: 0,conID: 3 locID: 102730456633901269 bcsId: 0,conID: 1 locID: 102730456655069398 bcsId: 0,conID: 2 locID: 102730456659656919 bcsId: 0,conID: 3 locID: 102730456662409432 bcsId: 0,conID: 1 locID: 102730456672698585 bcsId: 0,conID: 2 locID: 102730456676499674 bcsId: 0,conID: 3 locID: 102730456681742555 bcsId: 0,conID: 1 locID: 102730456685019356 bcsId: 0,conID: 2 locID: 102730456690852061 bcsId: 0,conID: 3 locID: 102730456699699422 bcsId: 0,conID: 1 locID: 102730456709071071 bcsId: 0,conID: 2 locID: 102730456711495904 bcsId: 0,conID: 3 locID: 102730456719491297 bcsId: 0,conID: 1 locID: 102730456722899170 bcsId: 0,conID: 2 locID: 102730456727224547 bcsId: 0,conID: 3 locID: 102730456737513700 bcsId: 0,conID: 1 locID: 102730456740069605 bcsId: 0,conID: 2 locID: 102730456742428902 bcsId: 0,conID: 3 locID: 102730456748130535 bcsId: 0,conID: 1 locID: 102730456758616296 bcsId: 0,conID: 2 locID: 102730456761303273 bcsId: 0,conID: 3 locID: 102730456774410474 bcsId: 0,conID: 1 locID: 102730456779653355 bcsId: 0,conID: 2 locID: 102730456783454444 bcsId: 0,conID: 3 locID: 102730456787976429 bcsId: 0,conID: 1 locID: 102730456792629486 bcsId: 0,conID: 2 locID: 102730456804884719 bcsId: 0,conID: 3 locID: 102730456807702768 bcsId: 0,conID: 1 locID: 102730456811241713 bcsId: 0,conID: 2 locID: 102730456819499250 bcsId: 0,conID: 3 locID: 102730456822710515 bcsId: 0,conID: 1 locID: 102730456832475380 bcsId: 0,conID: 2 locID: 102730456840667381 bcsId: 0,conID: 3 locID: 102730456845779190 bcsId: 0,conID: 1 locID: 102730456849252599 bcsId: 0,conID: 2 locID: 102730456852398328 bcsId: 0,conID: 3 locID: 102730456856985849 bcsId: 0,conID: 1 locID: 102730456867799290 bcsId: 0,conID: 2 locID: 102730456870682875 bcsId: 0,conID: 3 locID: 102730456874483964 bcsId: 0,conID: 1 locID: 102730456879005949 bcsId: 0,conID: 2 locID: 102730456884117758 bcsId: 0,conID: 3 locID: 102730456896438527 bcsId: 0,conID: 1 locID: 102730456906531072 bcsId: 0,conID: 2 locID: 102730456910725377 bcsId: 0,conID: 3 locID: 102730456914657538 bcsId: 0,conID: 1 locID: 102730456918327555 bcsId: 0,conID: 2 locID: 102730456922521860 bcsId: 0,conID: 3 locID: 102730456934777093 bcsId: 0,conID: 1 locID: 102730456938250502 bcsId: 0,conID: 2 locID: 102730456942444807 bcsId: 0,conID: 3 locID: 102730456946901256 bcsId: 0,conID: 1 locID: 102730456950833417 bcsId: 0,conID: 2 locID: 102730456955552010 bcsId: 0,conID: 3 locID: 102730456976457995 bcsId: 0,conID: 1 locID: 102730456981307660 bcsId: 0,conID: 2 locID: 102730456987599117 bcsId: 0,conID: 3 locID: 102730456992252174 bcsId: 0,conID: 1 locID: 102730456995266831 bcsId: 0,conID: 2 locID: 102730457004638480 bcsId: 0,conID: 3 locID: 102730457008046353 bcsId: 0,conID: 1 locID: 102730457012109586 bcsId: 0,conID: 2 locID: 102730457014665491 bcsId: 0,conID: 3 locID: 102730457019187476 bcsId: 0,conID: 1 locID: 102730457022923029 bcsId: 0,conID: 2 locID: 102730457039241494 bcsId: 0,conID: 3 locID: 102730457042190615 bcsId: 0,conID: 1 locID: 102730457045336344 bcsId: 0,conID: 2 locID: 102730457048351001 bcsId: 0,conID: 3 locID: 102730457050710298 bcsId: 0,conID: 1 locID: 102730457059754267 bcsId: 0,conID: 2 locID: 102730457064538396 bcsId: 0,conID: 3 locID: 102730457067749661 bcsId: 0,conID: 1 locID: 102730457070829854 bcsId: 0,conID: 2 locID: 102730457073189151 bcsId: 0,conID: 3 locID: 102730457077514528 bcsId: 0,conID: 1 locID: 102730457091801377 bcsId: 0,conID: 2 locID: 102730457094226210 bcsId: 0,conID: 3 locID: 102730457097109795 bcsId: 0,conID: 1 locID: 102730457104711972 bcsId: 0,conID: 2 locID: 102730457108054309 bcsId: 0,conID: 3 locID: 102730457118408998 bcsId: 0,conID: 1 locID: 102730457126535463 bcsId: 0,conID: 2 locID: 102730457130336552 bcsId: 0,conID: 3 locID: 102730457135513897 bcsId: 0,conID: 1 locID: 102730457139970346 bcsId: 0,conID: 2 locID: 102730457150718251 bcsId: 0,conID: 3 locID: 102730457165398316 bcsId: 0,conID: 1 locID: 102730457169199405 bcsId: 0,conID: 2 locID: 102730457172017454 bcsId: 0,conID: 3 locID: 102730457175687471 bcsId: 0,conID: 1 locID: 102730457179881776 bcsId: 0,conID: 2 locID: 102730457191285041 bcsId: 0,conID: 3 locID: 102730457195020594 bcsId: 0,conID: 1 locID: 102730457200787763 bcsId: 0,conID: 2 locID: 102730457204523316 bcsId: 0,conID: 3 locID: 102730457209635125 bcsId: 0,conID: 1 locID: 102730457215992118 bcsId: 0,conID: 2 locID: 102730457241616695 bcsId: 0,conID: 3 locID: 102730457245811000 bcsId: 0,conID: 1 locID: 102730457250201913 bcsId: 0,conID: 2 locID: 102730457254396218 bcsId: 0,conID: 3 locID: 102730457259114811 bcsId: 0,conID: 1 locID: 102730457269600572 bcsId: 0,conID: 2 locID: 102730457279824189 bcsId: 0,conID: 3 locID: 102730457287295294 bcsId: 0,conID: 1 locID: 102730457291620671 bcsId: 0,conID: 2 locID: 102730457295880512 bcsId: 0,conID: 3 locID: 102730457299091777 bcsId: 0,conID: 1 locID: 102730457311805762 bcsId: 0,conID: 2 locID: 102730457322160451 bcsId: 0,conID: 3 locID: 102730457325306180 bcsId: 0,conID: 1 locID: 102730457328648517 bcsId: 0,conID: 2 locID: 102730457332777286 bcsId: 0,conID: 3 locID: 102730457336250695 bcsId: 0,conID: 1 locID: 102730457345753416 bcsId: 0,conID: 2 locID: 102730457349751113 bcsId: 0,conID: 3 locID: 102730457354338634 bcsId: 0,conID: 1 locID: 102730457361023307 bcsId: 0,conID: 2 locID: 102730457366135116 bcsId: 0,conID: 3 locID: 102730457376358733 bcsId: 0,conID: 1 locID: 102730457381011790 bcsId: 0,conID: 2 locID: 102730457385009487 bcsId: 0,conID: 3 locID: 102730457400672592 bcsId: 0,conID: 1 locID: 102730457405653329 bcsId: 0,conID: 2 locID: 102730457412272466 bcsId: 0,conID: 3 locID: 102730457426559315 bcsId: 0,conID: 1 locID: 102730457431343444 bcsId: 0,conID: 2 locID: 102730457435144533 bcsId: 0,conID: 3 locID: 102730457439011158 bcsId: 0,conID: 1 locID: 102730457444319575 bcsId: 0,conID: 2 locID: 102730457458999640 bcsId: 0,conID: 3 locID: 102730457466077529 bcsId: 0,conID: 1 locID: 102730457469157722 bcsId: 0,conID: 2 locID: 102730457472762203 bcsId: 0,conID: 3 locID: 102730457476956508 bcsId: 0,conID: 1 locID: 102730457492423005 bcsId: 0,conID: 2 locID: 102730457502974302 bcsId: 0,conID: 3 locID: 102730457505792351 bcsId: 0,conID: 1 locID: 102730457510510944 bcsId: 0,conID: 2 locID: 102730457515295073 bcsId: 0,conID: 3 locID: 102730457519227234 bcsId: 0,conID: 1 locID: 102730457529123171 bcsId: 0,conID: 2 locID: 102730457532137828 bcsId: 0,conID: 3 locID: 102730457535021413 bcsId: 0,conID: 1 locID: 102730457537642854 bcsId: 0,conID: 2 locID: 102730457540657511 bcsId: 0,conID: 3 locID: 102730457545769320 bcsId: 0,conID: 1 locID: 102730457566151017 bcsId: 0,conID: 2 locID: 102730457570804074 bcsId: 0,conID: 3 locID: 102730457575981419 bcsId: 0,conID: 1 locID: 102730457579127148 bcsId: 0,conID: 2 locID: 102730457586663789 bcsId: 0,conID: 3 locID: 102730457598919022 bcsId: 0,conID: 1 locID: 102730457602589039 bcsId: 0,conID: 2 locID: 102730457607831920 bcsId: 0,conID: 3 locID: 102730457612288369 bcsId: 0,conID: 1 locID: 102730457616875890 bcsId: 0,conID: 2 locID: 102730457622184307 bcsId: 0,conID: 3 locID: 102730457652068724 bcsId: 0,conID: 1 locID: 102730457654755701 bcsId: 0,conID: 2 locID: 102730457658229110 bcsId: 0,conID: 3 locID: 102730457661243767 bcsId: 0,conID: 1 locID: 102730457665044856 bcsId: 0,conID: 2 locID: 102730457675530617 bcsId: 0,conID: 3 locID: 102730457680904570 bcsId: 0,conID: 1 locID: 102730457684443515 bcsId: 0,conID: 2 locID: 102730457687654780 bcsId: 0,conID: 3 locID: 102730457690341757 bcsId: 0,conID: 1 locID: 102730457692766590 bcsId: 0,conID: 2 locID: 102730457711116671 bcsId: 0,conID: 3 locID: 102730457716031872 bcsId: 0,conID: 1 locID: 102730457719243137 bcsId: 0,conID: 2 locID: 102730457722192258 bcsId: 0,conID: 3 locID: 102730457725731203 bcsId: 0,conID: 1 locID: 102730457734185348 bcsId: 0,conID: 2 locID: 102730457737986437 bcsId: 0,conID: 3 locID: 102730457740673414 bcsId: 0,conID: 1 locID: 102730457744474503 bcsId: 0,conID: 2 locID: 102730457747030408 bcsId: 0,conID: 3 locID: 102730457750176137 bcsId: 0,conID: 1 locID: 102730457769247114 bcsId: 0,conID: 2 locID: 102730457772261771 bcsId: 0,conID: 3 locID: 102730457776390540 bcsId: 0,conID: 1 locID: 102730457779470733 bcsId: 0,conID: 2 locID: 102730457781895566 bcsId: 0,conID: 3 locID: 102730457793364367 bcsId: 0,conID: 1 locID: 102730457801490832 bcsId: 0,conID: 2 locID: 102730457810010513 bcsId: 0,conID: 3 locID: 102730457814663570 bcsId: 0,conID: 1 locID: 102730457819382163 bcsId: 0,conID: 2 locID: 102730457823314324 bcsId: 0,conID: 3 locID: 102730457844613525 bcsId: 0,conID: 1 locID: 102730457847890326 bcsId: 0,conID: 2 locID: 102730457852936599 bcsId: 0,conID: 3 locID: 102730457856868760 bcsId: 0,conID: 1 locID: 102730457860473241 bcsId: 0,conID: 2 locID: 102730457871614362 bcsId: 0,conID: 3 locID: 102730457890292123 bcsId: 0,conID: 1 locID: 102730457893372316 bcsId: 0,conID: 2 locID: 102730457895797149 bcsId: 0,conID: 3 locID: 102730457919127966 bcsId: 0,conID: 1 locID: 102730457922797983 bcsId: 0,conID: 2 locID: 102730457964806560 bcsId: 0,conID: 3 locID: 102730457967428001 bcsId: 0,conID: 1 locID: 102730457970246050 bcsId: 0,conID: 2 locID: 102730457977061795 bcsId: 0,conID: 3 locID: 102730457980862884 bcsId: 0,conID: 1 locID: 102730457989972389 bcsId: 0,conID: 2 locID: 102730457994625446 bcsId: 0,conID: 3 locID: 102730457999475111 bcsId: 0,conID: 1 locID: 102730458004914600 bcsId: 0,conID: 2 locID: 102730458008846761 bcsId: 0,conID: 3 locID: 102730458014286250 bcsId: 0,conID: 1 locID: 102730458032243115 bcsId: 0,conID: 2 locID: 102730458037485996 bcsId: 0,conID: 3 locID: 102730458040893869 bcsId: 0,conID: 1 locID: 102730458046464430 bcsId: 0,conID: 2 locID: 102730458050724271 bcsId: 0,conID: 3 locID: 102730458054984112 bcsId: 0,conID: 1 locID: 102730458067829169 bcsId: 0,conID: 2 locID: 102730458073006514 bcsId: 0,conID: 3 locID: 102730458078773683 bcsId: 0,conID: 1 locID: 102730458081984948 bcsId: 0,conID: 2 locID: 102730458086900149 bcsId: 0,conID: 3 locID: 102730458108592566 bcsId: 0,conID: 1 locID: 102730458111672759 bcsId: 0,conID: 2 locID: 102730458115015096 bcsId: 0,conID: 3 locID: 102730458117636537 bcsId: 0,conID: 1 locID: 102730458120389050 bcsId: 0,conID: 2 locID: 102730458122813883 bcsId: 0,conID: 3 locID: 102730458133299644 bcsId: 0,conID: 1 locID: 102730458138476989 bcsId: 0,conID: 2 locID: 102730458141819326 bcsId: 0,conID: 3 locID: 102730458145685951 bcsId: 0,conID: 1 locID: 102730458151125440 bcsId: 0,conID: 2 locID: 102730458171244993 bcsId: 0,conID: 3 locID: 102730458174194114 bcsId: 0,conID: 1 locID: 102730458178453955 bcsId: 0,conID: 2 locID: 102730458181927364 bcsId: 0,conID: 3 locID: 102730458185728453 bcsId: 0,conID: 1 locID: 102730458188546502 bcsId: 0,conID: 2 locID: 102730458196869575 bcsId: 0,conID: 3 locID: 102730458199753160 bcsId: 0,conID: 1 locID: 102730458203226569 bcsId: 0,conID: 2 locID: 102730458206699978 bcsId: 0,conID: 3 locID: 102730458210369995 bcsId: 0,conID: 1 locID: 102730458230227404 bcsId: 0,conID: 2 locID: 102730458234552781 bcsId: 0,conID: 3 locID: 102730458237370830 bcsId: 0,conID: 1 locID: 102730458240188879 bcsId: 0,conID: 2 locID: 102730458250871248 bcsId: 0,conID: 3 locID: 102730458254934481 bcsId: 0,conID: 1 locID: 102730458264240594 bcsId: 0,conID: 2 locID: 102730458266730963 bcsId: 0,conID: 3 locID: 102730458272760276 bcsId: 0,conID: 1 locID: 102730458276299221 bcsId: 0,conID: 2 locID: 102730458280100310 bcsId: 0,conID: 3 locID: 102730458303234519 bcsId: 0,conID: 1 locID: 102730458310050264 bcsId: 0,conID: 2 locID: 102730458323485145 bcsId: 0,conID: 3 locID: 102730458327810522 bcsId: 0,conID: 1 locID: 102730458371916251 bcsId: 0,conID: 2 locID: 102730458387513820 bcsId: 0,conID: 3 locID: 102730458397016541 bcsId: 0,conID: 1 locID: 102730458403176926 bcsId: 0,conID: 2 locID: 102730458408288735 bcsId: 0,conID: 3 locID: 102730458413859296 bcsId: 0,conID: 1 locID: 102730458417136097 bcsId: 0,conID: 2 locID: 102730458426835426 bcsId: 0,conID: 3 locID: 102730458431422947 bcsId: 0,conID: 1 locID: 102730458434765284 bcsId: 0,conID: 2 locID: 102730458439418341 bcsId: 0,conID: 3 locID: 102730458451345894 bcsId: 0,conID: 1 locID: 102730458455212519 bcsId: 0,conID: 2 locID: 102730458464780776 bcsId: 0,conID: 3 locID: 102730458467140073 bcsId: 0,conID: 1 locID: 102730458470613482 bcsId: 0,conID: 2 locID: 102730458479133163 bcsId: 0,conID: 3 locID: 102730458482541036 bcsId: 0,conID: 1 locID: 102730458493157869 bcsId: 0,conID: 2 locID: 102730458497090030 bcsId: 0,conID: 3 locID: 102730458500563439 bcsId: 0,conID: 1 locID: 102730458503315952 bcsId: 0,conID: 2 locID: 102730458506658289 bcsId: 0,conID: 3 locID: 102730458515964402 bcsId: 0,conID: 1 locID: 102730458524942835 bcsId: 0,conID: 2 locID: 102730458528481780 bcsId: 0,conID: 3 locID: 102730458531824117 bcsId: 0,conID: 1 locID: 102730458535690742 bcsId: 0,conID: 2 locID: 102730458539295223 bcsId: 0,conID: 3 locID: 102730458549060088 bcsId: 0,conID: 1 locID: 102730458551812601 bcsId: 0,conID: 2 locID: 102730458555351546 bcsId: 0,conID: 3 locID: 102730458558759419 bcsId: 0,conID: 1 locID: 102730458562363900 bcsId: 0,conID: 2 locID: 102730458565509629 bcsId: 0,conID: 3 locID: 102730458579337726 bcsId: 0,conID: 1 locID: 102730458582548991 bcsId: 0,conID: 2 locID: 102730458585825792 bcsId: 0,conID: 3 locID: 102730458589889025 bcsId: 0,conID: 1 locID: 102730458593690114 bcsId: 0,conID: 2 locID: 102730458603258371 bcsId: 0,conID: 3 locID: 102730458606469636 bcsId: 0,conID: 1 locID: 102730458610795013 bcsId: 0,conID: 2 locID: 102730458614530566 bcsId: 0,conID: 3 locID: 102730458618397191 bcsId: 0,conID: 1 locID: 102730458622067208 bcsId: 0,conID: 2 locID: 102730458644939273 bcsId: 0,conID: 3 locID: 102730458647822858 bcsId: 0,conID: 1 locID: 102730458655490571 bcsId: 0,conID: 2 locID: 102730458660274700 bcsId: 0,conID: 3 locID: 102730458664010253 bcsId: 0,conID: 1 locID: 102730458673054222 bcsId: 0,conID: 2 locID: 102730458677051919 bcsId: 0,conID: 3 locID: 102730458680001040 bcsId: 0,conID: 1 locID: 102730458683867665 bcsId: 0,conID: 2 locID: 102730458693108242 bcsId: 0,conID: 3 locID: 102730458696843795 bcsId: 0,conID: 1 locID: 102730458715718164 bcsId: 0,conID: 2 locID: 102730458719781397 bcsId: 0,conID: 3 locID: 102730458723385878 bcsId: 0,conID: 1 locID: 102730458726859287 bcsId: 0,conID: 2 locID: 102730458733216280 bcsId: 0,conID: 3 locID: 102730458824049177 bcsId: 0,conID: 1 locID: 102730458834993690 bcsId: 0,conID: 2 locID: 102730458838532635 bcsId: 0,conID: 3 locID: 102730458841874972 bcsId: 0,conID: 1 locID: 102730458846396957 bcsId: 0,conID: 2 locID: 102730458855113246 bcsId: 0,conID: 3 locID: 102730458871628319 bcsId: 0,conID: 1 locID: 102730458876740128 bcsId: 0,conID: 2 locID: 102730458879492641 bcsId: 0,conID: 3 locID: 102730458882310690 bcsId: 0,conID: 1 locID: 102730458885718563 bcsId: 0,conID: 2 locID: 102730458889388580 bcsId: 0,conID: 3 locID: 102730458898301477 bcsId: 0,conID: 1 locID: 102730458901709350 bcsId: 0,conID: 2 locID: 102730458904658471 bcsId: 0,conID: 3 locID: 102730458909180456 bcsId: 0,conID: 1 locID: 102730458912719401 bcsId: 0
2019-09-03 20:26:43,521 [SCMBlockDeletingService#1] DEBUG block.SCMBlockDeletingService (SCMBlockDeletingService.java:call(138)) - Running DeletedBlockTransactionScanner
2019-09-03 20:26:43,522 [SCMBlockDeletingService#1] DEBUG block.SCMBlockDeletingService (SCMBlockDeletingService.java:call(155)) - Scanned deleted blocks log and got 0 delTX to process.
2019-09-03 20:26:43,622 [SCMBlockDeletingService#1] DEBUG block.SCMBlockDeletingService (SCMBlockDeletingService.java:call(138)) - Running DeletedBlockTransactionScanner
2019-09-03 20:26:43,623 [SCMBlockDeletingService#1] DEBUG block.SCMBlockDeletingService (SCMBlockDeletingService.java:call(155)) - Scanned deleted blocks log and got 0 delTX to process.
2019-09-03 20:26:43,724 [SCMBlockDeletingService#1] DEBUG block.SCMBlockDeletingService (SCMBlockDeletingService.java:call(138)) - Running DeletedBlockTransactionScanner
2019-09-03 20:26:43,725 [SCMBlockDeletingService#1] DEBUG block.SCMBlockDeletingService (SCMBlockDeletingService.java:call(155)) - Scanned deleted blocks log and got 0 delTX to process.
2019-09-03 20:26:43,825 [SCMBlockDeletingService#1] DEBUG block.SCMBlockDeletingService (SCMBlockDeletingService.java:call(138)) - Running DeletedBlockTransactionScanner
2019-09-03 20:26:43,826 [SCMBlockDeletingService#1] DEBUG block.SCMBlockDeletingService (SCMBlockDeletingService.java:call(155)) - Scanned deleted blocks log and got 0 delTX to process.
2019-09-03 20:26:43,926 [SCMBlockDeletingService#1] DEBUG block.SCMBlockDeletingService (SCMBlockDeletingService.java:call(138)) - Running DeletedBlockTransactionScanner
2019-09-03 20:26:43,927 [SCMBlockDeletingService#1] DEBUG block.SCMBlockDeletingService (SCMBlockDeletingService.java:call(155)) - Scanned deleted blocks log and got 0 delTX to process.
2019-09-03 20:26:44,027 [SCMBlockDeletingService#1] DEBUG block.SCMBlockDeletingService (SCMBlockDeletingService.java:call(138)) - Running DeletedBlockTransactionScanner
2019-09-03 20:26:44,028 [SCMBlockDeletingService#1] DEBUG block.SCMBlockDeletingService (SCMBlockDeletingService.java:call(155)) - Scanned deleted blocks log and got 0 delTX to process.
2019-09-03 20:26:44,128 [SCMBlockDeletingService#1] DEBUG block.SCMBlockDeletingService (SCMBlockDeletingService.java:call(138)) - Running DeletedBlockTransactionScanner
2019-09-03 20:26:44,129 [SCMBlockDeletingService#1] DEBUG block.SCMBlockDeletingService (SCMBlockDeletingService.java:call(155)) - Scanned deleted blocks log and got 0 delTX to process.
2019-09-03 20:26:44,229 [SCMBlockDeletingService#1] DEBUG block.SCMBlockDeletingService (SCMBlockDeletingService.java:call(138)) - Running DeletedBlockTransactionScanner
2019-09-03 20:26:44,230 [SCMBlockDeletingService#1] DEBUG block.SCMBlockDeletingService (SCMBlockDeletingService.java:call(155)) - Scanned deleted blocks log and got 0 delTX to process.
2019-09-03 20:26:44,330 [SCMBlockDeletingService#1] DEBUG block.SCMBlockDeletingService (SCMBlockDeletingService.java:call(138)) - Running DeletedBlockTransactionScanner
2019-09-03 20:26:44,330 [SCMBlockDeletingService#1] DEBUG block.SCMBlockDeletingService (SCMBlockDeletingService.java:call(155)) - Scanned deleted blocks log and got 0 delTX to process.
2019-09-03 20:26:44,431 [SCMBlockDeletingService#1] DEBUG block.SCMBlockDeletingService (SCMBlockDeletingService.java:call(138)) - Running DeletedBlockTransactionScanner
2019-09-03 20:26:44,431 [SCMBlockDeletingService#1] DEBUG block.SCMBlockDeletingService (SCMBlockDeletingService.java:call(155)) - Scanned deleted blocks log and got 0 delTX to process.
2019-09-03 20:26:44,532 [SCMBlockDeletingService#1] DEBUG block.SCMBlockDeletingService (SCMBlockDeletingService.java:call(138)) - Running DeletedBlockTransactionScanner
2019-09-03 20:26:44,532 [SCMBlockDeletingService#1] DEBUG block.SCMBlockDeletingService (SCMBlockDeletingService.java:call(155)) - Scanned deleted blocks log and got 0 delTX to process.
2019-09-03 20:26:44,633 [SCMBlockDeletingService#1] DEBUG block.SCMBlockDeletingService (SCMBlockDeletingService.java:call(138)) - Running DeletedBlockTransactionScanner
2019-09-03 20:26:44,633 [SCMBlockDeletingService#1] DEBUG block.SCMBlockDeletingService (SCMBlockDeletingService.java:call(155)) - Scanned deleted blocks log and got 0 delTX to process.
2019-09-03 20:26:44,734 [SCMBlockDeletingService#1] DEBUG block.SCMBlockDeletingService (SCMBlockDeletingService.java:call(138)) - Running DeletedBlockTransactionScanner
2019-09-03 20:26:44,734 [SCMBlockDeletingService#1] DEBUG block.SCMBlockDeletingService (SCMBlockDeletingService.java:call(155)) - Scanned deleted blocks log and got 0 delTX to process.
2019-09-03 20:26:44,835 [SCMBlockDeletingService#1] DEBUG block.SCMBlockDeletingService (SCMBlockDeletingService.java:call(138)) - Running DeletedBlockTransactionScanner
2019-09-03 20:26:44,835 [SCMBlockDeletingService#1] DEBUG block.SCMBlockDeletingService (SCMBlockDeletingService.java:call(155)) - Scanned deleted blocks log and got 0 delTX to process.
2019-09-03 20:26:44,936 [SCMBlockDeletingService#1] DEBUG block.SCMBlockDeletingService (SCMBlockDeletingService.java:call(138)) - Running DeletedBlockTransactionScanner
2019-09-03 20:26:44,936 [SCMBlockDeletingService#1] DEBUG block.SCMBlockDeletingService (SCMBlockDeletingService.java:call(155)) - Scanned deleted blocks log and got 0 delTX to process.
2019-09-03 20:26:45,036 [SCMBlockDeletingService#1] DEBUG block.SCMBlockDeletingService (SCMBlockDeletingService.java:call(138)) - Running DeletedBlockTransactionScanner
2019-09-03 20:26:45,037 [SCMBlockDeletingService#1] DEBUG block.SCMBlockDeletingService (SCMBlockDeletingService.java:call(155)) - Scanned deleted blocks log and got 0 delTX to process.
2019-09-03 20:26:45,138 [SCMBlockDeletingService#0] DEBUG block.SCMBlockDeletingService (SCMBlockDeletingService.java:call(138)) - Running DeletedBlockTransactionScanner
2019-09-03 20:26:45,139 [SCMBlockDeletingService#0] DEBUG block.SCMBlockDeletingService (SCMBlockDeletingService.java:call(155)) - Scanned deleted blocks log and got 0 delTX to process.
2019-09-03 20:26:45,240 [SCMBlockDeletingService#0] DEBUG block.SCMBlockDeletingService (SCMBlockDeletingService.java:call(138)) - Running DeletedBlockTransactionScanner
2019-09-03 20:26:45,240 [SCMBlockDeletingService#0] DEBUG block.SCMBlockDeletingService (SCMBlockDeletingService.java:call(155)) - Scanned deleted blocks log and got 0 delTX to process.
2019-09-03 20:26:45,341 [SCMBlockDeletingService#0] DEBUG block.SCMBlockDeletingService (SCMBlockDeletingService.java:call(138)) - Running DeletedBlockTransactionScanner
2019-09-03 20:26:45,341 [SCMBlockDeletingService#0] DEBUG block.SCMBlockDeletingService (SCMBlockDeletingService.java:call(155)) - Scanned deleted blocks log and got 0 delTX to process.
2019-09-03 20:26:45,442 [SCMBlockDeletingService#0] DEBUG block.SCMBlockDeletingService (SCMBlockDeletingService.java:call(138)) - Running DeletedBlockTransactionScanner
2019-09-03 20:26:45,442 [SCMBlockDeletingService#0] DEBUG block.SCMBlockDeletingService (SCMBlockDeletingService.java:call(155)) - Scanned deleted blocks log and got 0 delTX to process.
2019-09-03 20:26:45,543 [SCMBlockDeletingService#0] DEBUG block.SCMBlockDeletingService (SCMBlockDeletingService.java:call(138)) - Running DeletedBlockTransactionScanner
2019-09-03 20:26:45,543 [SCMBlockDeletingService#0] DEBUG block.SCMBlockDeletingService (SCMBlockDeletingService.java:call(155)) - Scanned deleted blocks log and got 0 delTX to process.
2019-09-03 20:26:45,644 [SCMBlockDeletingService#0] DEBUG block.SCMBlockDeletingService (SCMBlockDeletingService.java:call(138)) - Running DeletedBlockTransactionScanner
2019-09-03 20:26:45,644 [SCMBlockDeletingService#0] DEBUG block.SCMBlockDeletingService (SCMBlockDeletingService.java:call(155)) - Scanned deleted blocks log and got 0 delTX to process.
2019-09-03 20:26:45,745 [SCMBlockDeletingService#0] DEBUG block.SCMBlockDeletingService (SCMBlockDeletingService.java:call(138)) - Running DeletedBlockTransactionScanner
2019-09-03 20:26:45,745 [SCMBlockDeletingService#0] DEBUG block.SCMBlockDeletingService (SCMBlockDeletingService.java:call(155)) - Scanned deleted blocks log and got 0 delTX to process.
2019-09-03 20:26:45,846 [SCMBlockDeletingService#0] DEBUG block.SCMBlockDeletingService (SCMBlockDeletingService.java:call(138)) - Running DeletedBlockTransactionScanner
2019-09-03 20:26:45,846 [SCMBlockDeletingService#0] DEBUG block.SCMBlockDeletingService (SCMBlockDeletingService.java:call(155)) - Scanned deleted blocks log and got 0 delTX to process.
2019-09-03 20:26:45,946 [SCMBlockDeletingService#0] DEBUG block.SCMBlockDeletingService (SCMBlockDeletingService.java:call(138)) - Running DeletedBlockTransactionScanner
2019-09-03 20:26:45,947 [SCMBlockDeletingService#0] DEBUG block.SCMBlockDeletingService (SCMBlockDeletingService.java:call(155)) - Scanned deleted blocks log and got 0 delTX to process.
2019-09-03 20:26:46,047 [SCMBlockDeletingService#0] DEBUG block.SCMBlockDeletingService (SCMBlockDeletingService.java:call(138)) - Running DeletedBlockTransactionScanner
2019-09-03 20:26:46,048 [SCMBlockDeletingService#0] DEBUG block.SCMBlockDeletingService (SCMBlockDeletingService.java:call(155)) - Scanned deleted blocks log and got 0 delTX to process.
2019-09-03 20:26:46,149 [SCMBlockDeletingService#0] DEBUG block.SCMBlockDeletingService (SCMBlockDeletingService.java:call(138)) - Running DeletedBlockTransactionScanner
2019-09-03 20:26:46,149 [SCMBlockDeletingService#0] DEBUG block.SCMBlockDeletingService (SCMBlockDeletingService.java:call(155)) - Scanned deleted blocks log and got 0 delTX to process.
2019-09-03 20:26:46,250 [SCMBlockDeletingService#0] DEBUG block.SCMBlockDeletingService (SCMBlockDeletingService.java:call(138)) - Running DeletedBlockTransactionScanner
2019-09-03 20:26:46,250 [SCMBlockDeletingService#0] DEBUG block.SCMBlockDeletingService (SCMBlockDeletingService.java:call(155)) - Scanned deleted blocks log and got 0 delTX to process.
2019-09-03 20:26:46,351 [SCMBlockDeletingService#0] DEBUG block.SCMBlockDeletingService (SCMBlockDeletingService.java:call(138)) - Running DeletedBlockTransactionScanner
2019-09-03 20:26:46,351 [SCMBlockDeletingService#0] DEBUG block.SCMBlockDeletingService (SCMBlockDeletingService.java:call(155)) - Scanned deleted blocks log and got 0 delTX to process.
2019-09-03 20:26:46,452 [SCMBlockDeletingService#0] DEBUG block.SCMBlockDeletingService (SCMBlockDeletingService.java:call(138)) - Running DeletedBlockTransactionScanner
2019-09-03 20:26:46,452 [SCMBlockDeletingService#0] DEBUG block.SCMBlockDeletingService (SCMBlockDeletingService.java:call(155)) - Scanned deleted blocks log and got 0 delTX to process.
2019-09-03 20:26:46,553 [SCMBlockDeletingService#0] DEBUG block.SCMBlockDeletingService (SCMBlockDeletingService.java:call(138)) - Running DeletedBlockTransactionScanner
2019-09-03 20:26:46,553 [SCMBlockDeletingService#0] DEBUG block.SCMBlockDeletingService (SCMBlockDeletingService.java:call(155)) - Scanned deleted blocks log and got 0 delTX to process.
2019-09-03 20:26:46,654 [SCMBlockDeletingService#0] DEBUG block.SCMBlockDeletingService (SCMBlockDeletingService.java:call(138)) - Running DeletedBlockTransactionScanner
2019-09-03 20:26:46,654 [SCMBlockDeletingService#0] DEBUG block.SCMBlockDeletingService (SCMBlockDeletingService.java:call(155)) - Scanned deleted blocks log and got 0 delTX to process.
2019-09-03 20:26:46,755 [SCMBlockDeletingService#0] DEBUG block.SCMBlockDeletingService (SCMBlockDeletingService.java:call(138)) - Running DeletedBlockTransactionScanner
2019-09-03 20:26:46,755 [SCMBlockDeletingService#0] DEBUG block.SCMBlockDeletingService (SCMBlockDeletingService.java:call(155)) - Scanned deleted blocks log and got 0 delTX to process.
2019-09-03 20:26:46,856 [SCMBlockDeletingService#0] DEBUG block.SCMBlockDeletingService (SCMBlockDeletingService.java:call(138)) - Running DeletedBlockTransactionScanner
2019-09-03 20:26:46,856 [SCMBlockDeletingService#0] DEBUG block.SCMBlockDeletingService (SCMBlockDeletingService.java:call(155)) - Scanned deleted blocks log and got 0 delTX to process.
2019-09-03 20:26:46,957 [SCMBlockDeletingService#0] DEBUG block.SCMBlockDeletingService (SCMBlockDeletingService.java:call(138)) - Running DeletedBlockTransactionScanner
2019-09-03 20:26:46,957 [SCMBlockDeletingService#0] DEBUG block.SCMBlockDeletingService (SCMBlockDeletingService.java:call(155)) - Scanned deleted blocks log and got 0 delTX to process.
2019-09-03 20:26:47,058 [SCMBlockDeletingService#0] DEBUG block.SCMBlockDeletingService (SCMBlockDeletingService.java:call(138)) - Running DeletedBlockTransactionScanner
2019-09-03 20:26:47,058 [SCMBlockDeletingService#0] DEBUG block.SCMBlockDeletingService (SCMBlockDeletingService.java:call(155)) - Scanned deleted blocks log and got 0 delTX to process.
2019-09-03 20:26:47,159 [SCMBlockDeletingService#0] DEBUG block.SCMBlockDeletingService (SCMBlockDeletingService.java:call(138)) - Running DeletedBlockTransactionScanner
2019-09-03 20:26:47,159 [SCMBlockDeletingService#0] DEBUG block.SCMBlockDeletingService (SCMBlockDeletingService.java:call(155)) - Scanned deleted blocks log and got 0 delTX to process.
2019-09-03 20:26:47,259 [SCMBlockDeletingService#0] DEBUG block.SCMBlockDeletingService (SCMBlockDeletingService.java:call(138)) - Running DeletedBlockTransactionScanner
2019-09-03 20:26:47,260 [SCMBlockDeletingService#0] DEBUG block.SCMBlockDeletingService (SCMBlockDeletingService.java:call(155)) - Scanned deleted blocks log and got 0 delTX to process.
2019-09-03 20:26:47,360 [SCMBlockDeletingService#0] DEBUG block.SCMBlockDeletingService (SCMBlockDeletingService.java:call(138)) - Running DeletedBlockTransactionScanner
2019-09-03 20:26:47,361 [SCMBlockDeletingService#0] DEBUG block.SCMBlockDeletingService (SCMBlockDeletingService.java:call(155)) - Scanned deleted blocks log and got 0 delTX to process.
2019-09-03 20:26:47,461 [SCMBlockDeletingService#1] DEBUG block.SCMBlockDeletingService (SCMBlockDeletingService.java:call(138)) - Running DeletedBlockTransactionScanner
2019-09-03 20:26:47,462 [SCMBlockDeletingService#1] DEBUG block.SCMBlockDeletingService (SCMBlockDeletingService.java:call(155)) - Scanned deleted blocks log and got 0 delTX to process.
2019-09-03 20:26:47,562 [SCMBlockDeletingService#1] DEBUG block.SCMBlockDeletingService (SCMBlockDeletingService.java:call(138)) - Running DeletedBlockTransactionScanner
2019-09-03 20:26:47,562 [SCMBlockDeletingService#1] DEBUG block.SCMBlockDeletingService (SCMBlockDeletingService.java:call(155)) - Scanned deleted blocks log and got 0 delTX to process.
2019-09-03 20:26:47,663 [SCMBlockDeletingService#1] DEBUG block.SCMBlockDeletingService (SCMBlockDeletingService.java:call(138)) - Running DeletedBlockTransactionScanner
2019-09-03 20:26:47,663 [SCMBlockDeletingService#1] DEBUG block.SCMBlockDeletingService (SCMBlockDeletingService.java:call(155)) - Scanned deleted blocks log and got 0 delTX to process.
2019-09-03 20:26:47,764 [SCMBlockDeletingService#1] DEBUG block.SCMBlockDeletingService (SCMBlockDeletingService.java:call(138)) - Running DeletedBlockTransactionScanner
2019-09-03 20:26:47,764 [SCMBlockDeletingService#1] DEBUG block.SCMBlockDeletingService (SCMBlockDeletingService.java:call(155)) - Scanned deleted blocks log and got 0 delTX to process.
2019-09-03 20:26:47,865 [SCMBlockDeletingService#1] DEBUG block.SCMBlockDeletingService (SCMBlockDeletingService.java:call(138)) - Running DeletedBlockTransactionScanner
2019-09-03 20:26:47,865 [SCMBlockDeletingService#1] DEBUG block.SCMBlockDeletingService (SCMBlockDeletingService.java:call(155)) - Scanned deleted blocks log and got 0 delTX to process.
2019-09-03 20:26:47,966 [SCMBlockDeletingService#1] DEBUG block.SCMBlockDeletingService (SCMBlockDeletingService.java:call(138)) - Running DeletedBlockTransactionScanner
2019-09-03 20:26:47,966 [SCMBlockDeletingService#1] DEBUG block.SCMBlockDeletingService (SCMBlockDeletingService.java:call(155)) - Scanned deleted blocks log and got 0 delTX to process.
2019-09-03 20:26:48,067 [SCMBlockDeletingService#1] DEBUG block.SCMBlockDeletingService (SCMBlockDeletingService.java:call(138)) - Running DeletedBlockTransactionScanner
2019-09-03 20:26:48,067 [SCMBlockDeletingService#1] DEBUG block.SCMBlockDeletingService (SCMBlockDeletingService.java:call(155)) - Scanned deleted blocks log and got 0 delTX to process.
2019-09-03 20:26:48,168 [SCMBlockDeletingService#1] DEBUG block.SCMBlockDeletingService (SCMBlockDeletingService.java:call(138)) - Running DeletedBlockTransactionScanner
2019-09-03 20:26:48,168 [SCMBlockDeletingService#1] DEBUG block.SCMBlockDeletingService (SCMBlockDeletingService.java:call(155)) - Scanned deleted blocks log and got 0 delTX to process.
2019-09-03 20:26:48,268 [SCMBlockDeletingService#1] DEBUG block.SCMBlockDeletingService (SCMBlockDeletingService.java:call(138)) - Running DeletedBlockTransactionScanner
2019-09-03 20:26:48,269 [SCMBlockDeletingService#1] DEBUG block.SCMBlockDeletingService (SCMBlockDeletingService.java:call(155)) - Scanned deleted blocks log and got 0 delTX to process.
2019-09-03 20:26:48,369 [SCMBlockDeletingService#1] DEBUG block.SCMBlockDeletingService (SCMBlockDeletingService.java:call(138)) - Running DeletedBlockTransactionScanner
2019-09-03 20:26:48,370 [SCMBlockDeletingService#1] DEBUG block.SCMBlockDeletingService (SCMBlockDeletingService.java:call(155)) - Scanned deleted blocks log and got 0 delTX to process.
2019-09-03 20:26:48,470 [SCMBlockDeletingService#1] DEBUG block.SCMBlockDeletingService (SCMBlockDeletingService.java:call(138)) - Running DeletedBlockTransactionScanner
2019-09-03 20:26:48,471 [SCMBlockDeletingService#1] DEBUG block.SCMBlockDeletingService (SCMBlockDeletingService.java:call(155)) - Scanned deleted blocks log and got 0 delTX to process.
2019-09-03 20:26:48,571 [SCMBlockDeletingService#1] DEBUG block.SCMBlockDeletingService (SCMBlockDeletingService.java:call(138)) - Running DeletedBlockTransactionScanner
2019-09-03 20:26:48,575 [SCMBlockDeletingService#1] DEBUG block.SCMBlockDeletingService (SCMBlockDeletingService.java:call(155)) - Scanned deleted blocks log and got 3 delTX to process.
2019-09-03 20:26:48,580 [SCMBlockDeletingService#1] DEBUG block.SCMBlockDeletingService (SCMBlockDeletingService.java:call(171)) - Added delete block command for datanode 81367453-3bf0-4298-8a83-8d5c3816df16 in the queue, number of delete block transactions: 3, TxID list: 1,2,3
2019-09-03 20:26:48,582 [SCMBlockDeletingService#1] INFO  block.SCMBlockDeletingService (SCMBlockDeletingService.java:call(182)) - Totally added 3 delete blocks command for 1 datanodes, task elapsed time: 10ms
2019-09-03 20:26:48,667 [Datanode State Machine Thread - 0] INFO  statemachine.DatanodeStateMachine (DatanodeStateMachine.java:lambda$startDaemon$0(350)) - Ozone container server started.
2019-09-03 20:26:48,682 [SCMBlockDeletingService#0] DEBUG block.SCMBlockDeletingService (SCMBlockDeletingService.java:call(138)) - Running DeletedBlockTransactionScanner
2019-09-03 20:26:48,683 [SCMBlockDeletingService#0] DEBUG block.SCMBlockDeletingService (SCMBlockDeletingService.java:call(155)) - Scanned deleted blocks log and got 3 delTX to process.
2019-09-03 20:26:48,683 [SCMBlockDeletingService#0] DEBUG block.SCMBlockDeletingService (SCMBlockDeletingService.java:call(171)) - Added delete block command for datanode 81367453-3bf0-4298-8a83-8d5c3816df16 in the queue, number of delete block transactions: 3, TxID list: 1,2,3
2019-09-03 20:26:48,684 [SCMBlockDeletingService#0] INFO  block.SCMBlockDeletingService (SCMBlockDeletingService.java:call(182)) - Totally added 3 delete blocks command for 1 datanodes, task elapsed time: 2ms
2019-09-03 20:26:48,784 [SCMBlockDeletingService#1] DEBUG block.SCMBlockDeletingService (SCMBlockDeletingService.java:call(138)) - Running DeletedBlockTransactionScanner
2019-09-03 20:26:48,785 [SCMBlockDeletingService#1] DEBUG block.SCMBlockDeletingService (SCMBlockDeletingService.java:call(155)) - Scanned deleted blocks log and got 3 delTX to process.
2019-09-03 20:26:48,785 [SCMBlockDeletingService#1] DEBUG block.SCMBlockDeletingService (SCMBlockDeletingService.java:call(171)) - Added delete block command for datanode 81367453-3bf0-4298-8a83-8d5c3816df16 in the queue, number of delete block transactions: 3, TxID list: 1,2,3
2019-09-03 20:26:48,786 [SCMBlockDeletingService#1] INFO  block.SCMBlockDeletingService (SCMBlockDeletingService.java:call(182)) - Totally added 3 delete blocks command for 1 datanodes, task elapsed time: 2ms
2019-09-03 20:26:48,886 [SCMBlockDeletingService#1] DEBUG block.SCMBlockDeletingService (SCMBlockDeletingService.java:call(138)) - Running DeletedBlockTransactionScanner
2019-09-03 20:26:48,887 [SCMBlockDeletingService#1] DEBUG block.SCMBlockDeletingService (SCMBlockDeletingService.java:call(155)) - Scanned deleted blocks log and got 3 delTX to process.
2019-09-03 20:26:48,887 [SCMBlockDeletingService#1] DEBUG block.SCMBlockDeletingService (SCMBlockDeletingService.java:call(171)) - Added delete block command for datanode 81367453-3bf0-4298-8a83-8d5c3816df16 in the queue, number of delete block transactions: 3, TxID list: 1,2,3
2019-09-03 20:26:48,888 [SCMBlockDeletingService#1] INFO  block.SCMBlockDeletingService (SCMBlockDeletingService.java:call(182)) - Totally added 3 delete blocks command for 1 datanodes, task elapsed time: 2ms
2019-09-03 20:26:48,988 [SCMBlockDeletingService#1] DEBUG block.SCMBlockDeletingService (SCMBlockDeletingService.java:call(138)) - Running DeletedBlockTransactionScanner
2019-09-03 20:26:48,989 [SCMBlockDeletingService#1] DEBUG block.SCMBlockDeletingService (SCMBlockDeletingService.java:call(155)) - Scanned deleted blocks log and got 3 delTX to process.
2019-09-03 20:26:48,989 [SCMBlockDeletingService#1] DEBUG block.SCMBlockDeletingService (SCMBlockDeletingService.java:call(171)) - Added delete block command for datanode 81367453-3bf0-4298-8a83-8d5c3816df16 in the queue, number of delete block transactions: 3, TxID list: 1,2,3
2019-09-03 20:26:48,989 [SCMBlockDeletingService#1] INFO  block.SCMBlockDeletingService (SCMBlockDeletingService.java:call(182)) - Totally added 3 delete blocks command for 1 datanodes, task elapsed time: 2ms
2019-09-03 20:26:49,090 [SCMBlockDeletingService#1] DEBUG block.SCMBlockDeletingService (SCMBlockDeletingService.java:call(138)) - Running DeletedBlockTransactionScanner
2019-09-03 20:26:49,090 [SCMBlockDeletingService#1] DEBUG block.SCMBlockDeletingService (SCMBlockDeletingService.java:call(155)) - Scanned deleted blocks log and got 3 delTX to process.
2019-09-03 20:26:49,091 [SCMBlockDeletingService#1] DEBUG block.SCMBlockDeletingService (SCMBlockDeletingService.java:call(171)) - Added delete block command for datanode 81367453-3bf0-4298-8a83-8d5c3816df16 in the queue, number of delete block transactions: 3, TxID list: 1,2,3
2019-09-03 20:26:49,091 [SCMBlockDeletingService#1] INFO  block.SCMBlockDeletingService (SCMBlockDeletingService.java:call(182)) - Totally added 3 delete blocks command for 1 datanodes, task elapsed time: 2ms
2019-09-03 20:26:49,192 [SCMBlockDeletingService#0] DEBUG block.SCMBlockDeletingService (SCMBlockDeletingService.java:call(138)) - Running DeletedBlockTransactionScanner
2019-09-03 20:26:49,193 [SCMBlockDeletingService#0] DEBUG block.SCMBlockDeletingService (SCMBlockDeletingService.java:call(155)) - Scanned deleted blocks log and got 3 delTX to process.
2019-09-03 20:26:49,193 [SCMBlockDeletingService#0] DEBUG block.SCMBlockDeletingService (SCMBlockDeletingService.java:call(171)) - Added delete block command for datanode 81367453-3bf0-4298-8a83-8d5c3816df16 in the queue, number of delete block transactions: 3, TxID list: 1,2,3
2019-09-03 20:26:49,194 [SCMBlockDeletingService#0] INFO  block.SCMBlockDeletingService (SCMBlockDeletingService.java:call(182)) - Totally added 3 delete blocks command for 1 datanodes, task elapsed time: 2ms
2019-09-03 20:26:49,294 [SCMBlockDeletingService#1] DEBUG block.SCMBlockDeletingService (SCMBlockDeletingService.java:call(138)) - Running DeletedBlockTransactionScanner
2019-09-03 20:26:49,295 [SCMBlockDeletingService#1] DEBUG block.SCMBlockDeletingService (SCMBlockDeletingService.java:call(155)) - Scanned deleted blocks log and got 3 delTX to process.
2019-09-03 20:26:49,295 [SCMBlockDeletingService#1] DEBUG block.SCMBlockDeletingService (SCMBlockDeletingService.java:call(171)) - Added delete block command for datanode 81367453-3bf0-4298-8a83-8d5c3816df16 in the queue, number of delete block transactions: 3, TxID list: 1,2,3
2019-09-03 20:26:49,296 [SCMBlockDeletingService#1] INFO  block.SCMBlockDeletingService (SCMBlockDeletingService.java:call(182)) - Totally added 3 delete blocks command for 1 datanodes, task elapsed time: 1ms
2019-09-03 20:26:49,396 [SCMBlockDeletingService#1] DEBUG block.SCMBlockDeletingService (SCMBlockDeletingService.java:call(138)) - Running DeletedBlockTransactionScanner
2019-09-03 20:26:49,397 [SCMBlockDeletingService#1] DEBUG block.SCMBlockDeletingService (SCMBlockDeletingService.java:call(155)) - Scanned deleted blocks log and got 3 delTX to process.
2019-09-03 20:26:49,397 [SCMBlockDeletingService#1] DEBUG block.SCMBlockDeletingService (SCMBlockDeletingService.java:call(171)) - Added delete block command for datanode 81367453-3bf0-4298-8a83-8d5c3816df16 in the queue, number of delete block transactions: 3, TxID list: 1,2,3
2019-09-03 20:26:49,398 [SCMBlockDeletingService#1] INFO  block.SCMBlockDeletingService (SCMBlockDeletingService.java:call(182)) - Totally added 3 delete blocks command for 1 datanodes, task elapsed time: 1ms
2019-09-03 20:26:49,498 [SCMBlockDeletingService#1] DEBUG block.SCMBlockDeletingService (SCMBlockDeletingService.java:call(138)) - Running DeletedBlockTransactionScanner
2019-09-03 20:26:49,498 [SCMBlockDeletingService#1] DEBUG block.SCMBlockDeletingService (SCMBlockDeletingService.java:call(155)) - Scanned deleted blocks log and got 3 delTX to process.
2019-09-03 20:26:49,499 [SCMBlockDeletingService#1] DEBUG block.SCMBlockDeletingService (SCMBlockDeletingService.java:call(171)) - Added delete block command for datanode 81367453-3bf0-4298-8a83-8d5c3816df16 in the queue, number of delete block transactions: 3, TxID list: 1,2,3
2019-09-03 20:26:49,499 [SCMBlockDeletingService#1] INFO  block.SCMBlockDeletingService (SCMBlockDeletingService.java:call(182)) - Totally added 3 delete blocks command for 1 datanodes, task elapsed time: 2ms
2019-09-03 20:26:49,584 [pool-7-thread-1] INFO  commands.RetriableDatanodeEventWatcher (RetriableDatanodeEventWatcher.java:onTimeout(47)) - RetriableDatanodeCommand type=deleteBlocksCommand with id=1567542408580 timed out. Retrying.
2019-09-03 20:26:49,600 [SCMBlockDeletingService#1] DEBUG block.SCMBlockDeletingService (SCMBlockDeletingService.java:call(138)) - Running DeletedBlockTransactionScanner
2019-09-03 20:26:49,600 [SCMBlockDeletingService#1] DEBUG block.SCMBlockDeletingService (SCMBlockDeletingService.java:call(155)) - Scanned deleted blocks log and got 3 delTX to process.
2019-09-03 20:26:49,600 [SCMBlockDeletingService#1] DEBUG block.SCMBlockDeletingService (SCMBlockDeletingService.java:call(171)) - Added delete block command for datanode 81367453-3bf0-4298-8a83-8d5c3816df16 in the queue, number of delete block transactions: 3, TxID list: 1,2,3
2019-09-03 20:26:49,601 [SCMBlockDeletingService#1] INFO  block.SCMBlockDeletingService (SCMBlockDeletingService.java:call(182)) - Totally added 3 delete blocks command for 1 datanodes, task elapsed time: 1ms
2019-09-03 20:26:49,683 [pool-7-thread-1] INFO  commands.RetriableDatanodeEventWatcher (RetriableDatanodeEventWatcher.java:onTimeout(47)) - RetriableDatanodeCommand type=deleteBlocksCommand with id=1567542408581 timed out. Retrying.
2019-09-03 20:26:49,701 [SCMBlockDeletingService#1] DEBUG block.SCMBlockDeletingService (SCMBlockDeletingService.java:call(138)) - Running DeletedBlockTransactionScanner
2019-09-03 20:26:49,702 [SCMBlockDeletingService#1] DEBUG block.SCMBlockDeletingService (SCMBlockDeletingService.java:call(155)) - Scanned deleted blocks log and got 3 delTX to process.
2019-09-03 20:26:49,702 [SCMBlockDeletingService#1] DEBUG block.SCMBlockDeletingService (SCMBlockDeletingService.java:call(171)) - Added delete block command for datanode 81367453-3bf0-4298-8a83-8d5c3816df16 in the queue, number of delete block transactions: 3, TxID list: 1,2,3
2019-09-03 20:26:49,703 [SCMBlockDeletingService#1] INFO  block.SCMBlockDeletingService (SCMBlockDeletingService.java:call(182)) - Totally added 3 delete blocks command for 1 datanodes, task elapsed time: 1ms
2019-09-03 20:26:49,785 [pool-7-thread-1] INFO  commands.RetriableDatanodeEventWatcher (RetriableDatanodeEventWatcher.java:onTimeout(47)) - RetriableDatanodeCommand type=deleteBlocksCommand with id=1567542408582 timed out. Retrying.
2019-09-03 20:26:49,803 [SCMBlockDeletingService#1] DEBUG block.SCMBlockDeletingService (SCMBlockDeletingService.java:call(138)) - Running DeletedBlockTransactionScanner
2019-09-03 20:26:49,803 [SCMBlockDeletingService#1] DEBUG block.SCMBlockDeletingService (SCMBlockDeletingService.java:call(155)) - Scanned deleted blocks log and got 3 delTX to process.
2019-09-03 20:26:49,804 [SCMBlockDeletingService#1] DEBUG block.SCMBlockDeletingService (SCMBlockDeletingService.java:call(171)) - Added delete block command for datanode 81367453-3bf0-4298-8a83-8d5c3816df16 in the queue, number of delete block transactions: 3, TxID list: 1,2,3
2019-09-03 20:26:49,804 [SCMBlockDeletingService#1] INFO  block.SCMBlockDeletingService (SCMBlockDeletingService.java:call(182)) - Totally added 3 delete blocks command for 1 datanodes, task elapsed time: 1ms
2019-09-03 20:26:49,887 [pool-7-thread-1] INFO  commands.RetriableDatanodeEventWatcher (RetriableDatanodeEventWatcher.java:onTimeout(47)) - RetriableDatanodeCommand type=deleteBlocksCommand with id=1567542408583 timed out. Retrying.
2019-09-03 20:26:49,905 [SCMBlockDeletingService#0] DEBUG block.SCMBlockDeletingService (SCMBlockDeletingService.java:call(138)) - Running DeletedBlockTransactionScanner
2019-09-03 20:26:49,905 [SCMBlockDeletingService#0] DEBUG block.SCMBlockDeletingService (SCMBlockDeletingService.java:call(155)) - Scanned deleted blocks log and got 3 delTX to process.
2019-09-03 20:26:49,905 [SCMBlockDeletingService#0] DEBUG block.SCMBlockDeletingService (SCMBlockDeletingService.java:call(171)) - Added delete block command for datanode 81367453-3bf0-4298-8a83-8d5c3816df16 in the queue, number of delete block transactions: 3, TxID list: 1,2,3
2019-09-03 20:26:49,906 [SCMBlockDeletingService#0] INFO  block.SCMBlockDeletingService (SCMBlockDeletingService.java:call(182)) - Totally added 3 delete blocks command for 1 datanodes, task elapsed time: 1ms
2019-09-03 20:26:49,989 [pool-7-thread-1] INFO  commands.RetriableDatanodeEventWatcher (RetriableDatanodeEventWatcher.java:onTimeout(47)) - RetriableDatanodeCommand type=deleteBlocksCommand with id=1567542408584 timed out. Retrying.
2019-09-03 20:26:50,006 [SCMBlockDeletingService#0] DEBUG block.SCMBlockDeletingService (SCMBlockDeletingService.java:call(138)) - Running DeletedBlockTransactionScanner
2019-09-03 20:26:50,007 [SCMBlockDeletingService#0] DEBUG block.SCMBlockDeletingService (SCMBlockDeletingService.java:call(155)) - Scanned deleted blocks log and got 3 delTX to process.
2019-09-03 20:26:50,007 [SCMBlockDeletingService#0] DEBUG block.SCMBlockDeletingService (SCMBlockDeletingService.java:call(171)) - Added delete block command for datanode 81367453-3bf0-4298-8a83-8d5c3816df16 in the queue, number of delete block transactions: 3, TxID list: 1,2,3
2019-09-03 20:26:50,008 [SCMBlockDeletingService#0] INFO  block.SCMBlockDeletingService (SCMBlockDeletingService.java:call(182)) - Totally added 3 delete blocks command for 1 datanodes, task elapsed time: 1ms
2019-09-03 20:26:50,091 [pool-7-thread-1] INFO  commands.RetriableDatanodeEventWatcher (RetriableDatanodeEventWatcher.java:onTimeout(47)) - RetriableDatanodeCommand type=deleteBlocksCommand with id=1567542408585 timed out. Retrying.
2019-09-03 20:26:50,108 [SCMBlockDeletingService#0] DEBUG block.SCMBlockDeletingService (SCMBlockDeletingService.java:call(138)) - Running DeletedBlockTransactionScanner
2019-09-03 20:26:50,109 [SCMBlockDeletingService#0] DEBUG block.SCMBlockDeletingService (SCMBlockDeletingService.java:call(155)) - Scanned deleted blocks log and got 3 delTX to process.
2019-09-03 20:26:50,109 [SCMBlockDeletingService#0] DEBUG block.SCMBlockDeletingService (SCMBlockDeletingService.java:call(171)) - Added delete block command for datanode 81367453-3bf0-4298-8a83-8d5c3816df16 in the queue, number of delete block transactions: 3, TxID list: 1,2,3
2019-09-03 20:26:50,110 [SCMBlockDeletingService#0] INFO  block.SCMBlockDeletingService (SCMBlockDeletingService.java:call(182)) - Totally added 3 delete blocks command for 1 datanodes, task elapsed time: 2ms
2019-09-03 20:26:50,194 [pool-7-thread-1] INFO  commands.RetriableDatanodeEventWatcher (RetriableDatanodeEventWatcher.java:onTimeout(47)) - RetriableDatanodeCommand type=deleteBlocksCommand with id=1567542408586 timed out. Retrying.
2019-09-03 20:26:50,210 [SCMBlockDeletingService#0] DEBUG block.SCMBlockDeletingService (SCMBlockDeletingService.java:call(138)) - Running DeletedBlockTransactionScanner
2019-09-03 20:26:50,211 [SCMBlockDeletingService#0] DEBUG block.SCMBlockDeletingService (SCMBlockDeletingService.java:call(155)) - Scanned deleted blocks log and got 3 delTX to process.
2019-09-03 20:26:50,211 [SCMBlockDeletingService#0] DEBUG block.SCMBlockDeletingService (SCMBlockDeletingService.java:call(171)) - Added delete block command for datanode 81367453-3bf0-4298-8a83-8d5c3816df16 in the queue, number of delete block transactions: 3, TxID list: 1,2,3
2019-09-03 20:26:50,211 [SCMBlockDeletingService#0] INFO  block.SCMBlockDeletingService (SCMBlockDeletingService.java:call(182)) - Totally added 3 delete blocks command for 1 datanodes, task elapsed time: 1ms
2019-09-03 20:26:50,296 [pool-7-thread-1] INFO  commands.RetriableDatanodeEventWatcher (RetriableDatanodeEventWatcher.java:onTimeout(47)) - RetriableDatanodeCommand type=deleteBlocksCommand with id=1567542408587 timed out. Retrying.
2019-09-03 20:26:50,312 [SCMBlockDeletingService#0] DEBUG block.SCMBlockDeletingService (SCMBlockDeletingService.java:call(138)) - Running DeletedBlockTransactionScanner
2019-09-03 20:26:50,312 [SCMBlockDeletingService#0] DEBUG block.SCMBlockDeletingService (SCMBlockDeletingService.java:call(155)) - Scanned deleted blocks log and got 3 delTX to process.
2019-09-03 20:26:50,313 [SCMBlockDeletingService#0] DEBUG block.SCMBlockDeletingService (SCMBlockDeletingService.java:call(171)) - Added delete block command for datanode 81367453-3bf0-4298-8a83-8d5c3816df16 in the queue, number of delete block transactions: 3, TxID list: 1,2,3
2019-09-03 20:26:50,313 [SCMBlockDeletingService#0] INFO  block.SCMBlockDeletingService (SCMBlockDeletingService.java:call(182)) - Totally added 3 delete blocks command for 1 datanodes, task elapsed time: 1ms
2019-09-03 20:26:50,397 [pool-7-thread-1] INFO  commands.RetriableDatanodeEventWatcher (RetriableDatanodeEventWatcher.java:onTimeout(47)) - RetriableDatanodeCommand type=deleteBlocksCommand with id=1567542408588 timed out. Retrying.
2019-09-03 20:26:50,413 [SCMBlockDeletingService#0] DEBUG block.SCMBlockDeletingService (SCMBlockDeletingService.java:call(138)) - Running DeletedBlockTransactionScanner
2019-09-03 20:26:50,414 [SCMBlockDeletingService#0] DEBUG block.SCMBlockDeletingService (SCMBlockDeletingService.java:call(155)) - Scanned deleted blocks log and got 3 delTX to process.
2019-09-03 20:26:50,414 [SCMBlockDeletingService#0] DEBUG block.SCMBlockDeletingService (SCMBlockDeletingService.java:call(171)) - Added delete block command for datanode 81367453-3bf0-4298-8a83-8d5c3816df16 in the queue, number of delete block transactions: 3, TxID list: 1,2,3
2019-09-03 20:26:50,415 [SCMBlockDeletingService#0] INFO  block.SCMBlockDeletingService (SCMBlockDeletingService.java:call(182)) - Totally added 3 delete blocks command for 1 datanodes, task elapsed time: 1ms
2019-09-03 20:26:50,499 [pool-7-thread-1] INFO  commands.RetriableDatanodeEventWatcher (RetriableDatanodeEventWatcher.java:onTimeout(47)) - RetriableDatanodeCommand type=deleteBlocksCommand with id=1567542408589 timed out. Retrying.
2019-09-03 20:26:50,515 [SCMBlockDeletingService#0] DEBUG block.SCMBlockDeletingService (SCMBlockDeletingService.java:call(138)) - Running DeletedBlockTransactionScanner
2019-09-03 20:26:50,516 [SCMBlockDeletingService#0] DEBUG block.SCMBlockDeletingService (SCMBlockDeletingService.java:call(155)) - Scanned deleted blocks log and got 3 delTX to process.
2019-09-03 20:26:50,517 [SCMBlockDeletingService#0] DEBUG block.SCMBlockDeletingService (SCMBlockDeletingService.java:call(171)) - Added delete block command for datanode 81367453-3bf0-4298-8a83-8d5c3816df16 in the queue, number of delete block transactions: 3, TxID list: 1,2,3
2019-09-03 20:26:50,517 [SCMBlockDeletingService#0] INFO  block.SCMBlockDeletingService (SCMBlockDeletingService.java:call(182)) - Totally added 3 delete blocks command for 1 datanodes, task elapsed time: 2ms
2019-09-03 20:26:50,584 [pool-7-thread-1] INFO  commands.RetriableDatanodeEventWatcher (RetriableDatanodeEventWatcher.java:onTimeout(47)) - RetriableDatanodeCommand type=deleteBlocksCommand with id=1567542408580 timed out. Retrying.
2019-09-03 20:26:50,601 [pool-7-thread-1] INFO  commands.RetriableDatanodeEventWatcher (RetriableDatanodeEventWatcher.java:onTimeout(47)) - RetriableDatanodeCommand type=deleteBlocksCommand with id=1567542408590 timed out. Retrying.
2019-09-03 20:26:50,618 [SCMBlockDeletingService#0] DEBUG block.SCMBlockDeletingService (SCMBlockDeletingService.java:call(138)) - Running DeletedBlockTransactionScanner
2019-09-03 20:26:50,618 [SCMBlockDeletingService#0] DEBUG block.SCMBlockDeletingService (SCMBlockDeletingService.java:call(155)) - Scanned deleted blocks log and got 3 delTX to process.
2019-09-03 20:26:50,619 [SCMBlockDeletingService#0] DEBUG block.SCMBlockDeletingService (SCMBlockDeletingService.java:call(171)) - Added delete block command for datanode 81367453-3bf0-4298-8a83-8d5c3816df16 in the queue, number of delete block transactions: 3, TxID list: 1,2,3
2019-09-03 20:26:50,619 [SCMBlockDeletingService#0] INFO  block.SCMBlockDeletingService (SCMBlockDeletingService.java:call(182)) - Totally added 3 delete blocks command for 1 datanodes, task elapsed time: 1ms
2019-09-03 20:26:50,684 [pool-7-thread-1] INFO  commands.RetriableDatanodeEventWatcher (RetriableDatanodeEventWatcher.java:onTimeout(47)) - RetriableDatanodeCommand type=deleteBlocksCommand with id=1567542408581 timed out. Retrying.
2019-09-03 20:26:50,702 [pool-7-thread-1] INFO  commands.RetriableDatanodeEventWatcher (RetriableDatanodeEventWatcher.java:onTimeout(47)) - RetriableDatanodeCommand type=deleteBlocksCommand with id=1567542408591 timed out. Retrying.
2019-09-03 20:26:50,720 [SCMBlockDeletingService#0] DEBUG block.SCMBlockDeletingService (SCMBlockDeletingService.java:call(138)) - Running DeletedBlockTransactionScanner
2019-09-03 20:26:50,720 [SCMBlockDeletingService#0] DEBUG block.SCMBlockDeletingService (SCMBlockDeletingService.java:call(155)) - Scanned deleted blocks log and got 3 delTX to process.
2019-09-03 20:26:50,721 [SCMBlockDeletingService#0] DEBUG block.SCMBlockDeletingService (SCMBlockDeletingService.java:call(171)) - Added delete block command for datanode 81367453-3bf0-4298-8a83-8d5c3816df16 in the queue, number of delete block transactions: 3, TxID list: 1,2,3
2019-09-03 20:26:50,721 [SCMBlockDeletingService#0] INFO  block.SCMBlockDeletingService (SCMBlockDeletingService.java:call(182)) - Totally added 3 delete blocks command for 1 datanodes, task elapsed time: 1ms
2019-09-03 20:26:50,785 [pool-7-thread-1] INFO  commands.RetriableDatanodeEventWatcher (RetriableDatanodeEventWatcher.java:onTimeout(47)) - RetriableDatanodeCommand type=deleteBlocksCommand with id=1567542408582 timed out. Retrying.
2019-09-03 20:26:50,804 [pool-7-thread-1] INFO  commands.RetriableDatanodeEventWatcher (RetriableDatanodeEventWatcher.java:onTimeout(47)) - RetriableDatanodeCommand type=deleteBlocksCommand with id=1567542408592 timed out. Retrying.
2019-09-03 20:26:50,821 [SCMBlockDeletingService#0] DEBUG block.SCMBlockDeletingService (SCMBlockDeletingService.java:call(138)) - Running DeletedBlockTransactionScanner
2019-09-03 20:26:50,822 [SCMBlockDeletingService#0] DEBUG block.SCMBlockDeletingService (SCMBlockDeletingService.java:call(155)) - Scanned deleted blocks log and got 3 delTX to process.
2019-09-03 20:26:50,823 [SCMBlockDeletingService#0] DEBUG block.SCMBlockDeletingService (SCMBlockDeletingService.java:call(171)) - Added delete block command for datanode 81367453-3bf0-4298-8a83-8d5c3816df16 in the queue, number of delete block transactions: 3, TxID list: 1,2,3
2019-09-03 20:26:50,823 [SCMBlockDeletingService#0] INFO  block.SCMBlockDeletingService (SCMBlockDeletingService.java:call(182)) - Totally added 3 delete blocks command for 1 datanodes, task elapsed time: 2ms
2019-09-03 20:26:50,888 [pool-7-thread-1] INFO  commands.RetriableDatanodeEventWatcher (RetriableDatanodeEventWatcher.java:onTimeout(47)) - RetriableDatanodeCommand type=deleteBlocksCommand with id=1567542408583 timed out. Retrying.
2019-09-03 20:26:50,906 [pool-7-thread-1] INFO  commands.RetriableDatanodeEventWatcher (RetriableDatanodeEventWatcher.java:onTimeout(47)) - RetriableDatanodeCommand type=deleteBlocksCommand with id=1567542408593 timed out. Retrying.
2019-09-03 20:26:50,924 [SCMBlockDeletingService#0] DEBUG block.SCMBlockDeletingService (SCMBlockDeletingService.java:call(138)) - Running DeletedBlockTransactionScanner
2019-09-03 20:26:50,924 [SCMBlockDeletingService#0] DEBUG block.SCMBlockDeletingService (SCMBlockDeletingService.java:call(155)) - Scanned deleted blocks log and got 3 delTX to process.
2019-09-03 20:26:50,924 [SCMBlockDeletingService#0] DEBUG block.SCMBlockDeletingService (SCMBlockDeletingService.java:call(171)) - Added delete block command for datanode 81367453-3bf0-4298-8a83-8d5c3816df16 in the queue, number of delete block transactions: 3, TxID list: 1,2,3
2019-09-03 20:26:50,925 [SCMBlockDeletingService#0] INFO  block.SCMBlockDeletingService (SCMBlockDeletingService.java:call(182)) - Totally added 3 delete blocks command for 1 datanodes, task elapsed time: 1ms
2019-09-03 20:26:50,990 [pool-7-thread-1] INFO  commands.RetriableDatanodeEventWatcher (RetriableDatanodeEventWatcher.java:onTimeout(47)) - RetriableDatanodeCommand type=deleteBlocksCommand with id=1567542408584 timed out. Retrying.
2019-09-03 20:26:51,008 [pool-7-thread-1] INFO  commands.RetriableDatanodeEventWatcher (RetriableDatanodeEventWatcher.java:onTimeout(47)) - RetriableDatanodeCommand type=deleteBlocksCommand with id=1567542408594 timed out. Retrying.
2019-09-03 20:26:51,025 [SCMBlockDeletingService#1] DEBUG block.SCMBlockDeletingService (SCMBlockDeletingService.java:call(138)) - Running DeletedBlockTransactionScanner
2019-09-03 20:26:51,026 [SCMBlockDeletingService#1] DEBUG block.SCMBlockDeletingService (SCMBlockDeletingService.java:call(155)) - Scanned deleted blocks log and got 3 delTX to process.
2019-09-03 20:26:51,026 [SCMBlockDeletingService#1] DEBUG block.SCMBlockDeletingService (SCMBlockDeletingService.java:call(171)) - Added delete block command for datanode 81367453-3bf0-4298-8a83-8d5c3816df16 in the queue, number of delete block transactions: 3, TxID list: 1,2,3
2019-09-03 20:26:51,026 [SCMBlockDeletingService#1] INFO  block.SCMBlockDeletingService (SCMBlockDeletingService.java:call(182)) - Totally added 3 delete blocks command for 1 datanodes, task elapsed time: 2ms
2019-09-03 20:26:51,091 [pool-7-thread-1] INFO  commands.RetriableDatanodeEventWatcher (RetriableDatanodeEventWatcher.java:onTimeout(47)) - RetriableDatanodeCommand type=deleteBlocksCommand with id=1567542408585 timed out. Retrying.
2019-09-03 20:26:51,110 [pool-7-thread-1] INFO  commands.RetriableDatanodeEventWatcher (RetriableDatanodeEventWatcher.java:onTimeout(47)) - RetriableDatanodeCommand type=deleteBlocksCommand with id=1567542408595 timed out. Retrying.
2019-09-03 20:26:51,127 [SCMBlockDeletingService#0] DEBUG block.SCMBlockDeletingService (SCMBlockDeletingService.java:call(138)) - Running DeletedBlockTransactionScanner
2019-09-03 20:26:51,127 [SCMBlockDeletingService#0] DEBUG block.SCMBlockDeletingService (SCMBlockDeletingService.java:call(155)) - Scanned deleted blocks log and got 3 delTX to process.
2019-09-03 20:26:51,127 [SCMBlockDeletingService#0] DEBUG block.SCMBlockDeletingService (SCMBlockDeletingService.java:call(171)) - Added delete block command for datanode 81367453-3bf0-4298-8a83-8d5c3816df16 in the queue, number of delete block transactions: 3, TxID list: 1,2,3
2019-09-03 20:26:51,128 [SCMBlockDeletingService#0] INFO  block.SCMBlockDeletingService (SCMBlockDeletingService.java:call(182)) - Totally added 3 delete blocks command for 1 datanodes, task elapsed time: 1ms
2019-09-03 20:26:51,194 [pool-7-thread-1] INFO  commands.RetriableDatanodeEventWatcher (RetriableDatanodeEventWatcher.java:onTimeout(47)) - RetriableDatanodeCommand type=deleteBlocksCommand with id=1567542408586 timed out. Retrying.
2019-09-03 20:26:51,211 [pool-7-thread-1] INFO  commands.RetriableDatanodeEventWatcher (RetriableDatanodeEventWatcher.java:onTimeout(47)) - RetriableDatanodeCommand type=deleteBlocksCommand with id=1567542408596 timed out. Retrying.
2019-09-03 20:26:51,228 [SCMBlockDeletingService#0] DEBUG block.SCMBlockDeletingService (SCMBlockDeletingService.java:call(138)) - Running DeletedBlockTransactionScanner
2019-09-03 20:26:51,229 [SCMBlockDeletingService#0] DEBUG block.SCMBlockDeletingService (SCMBlockDeletingService.java:call(155)) - Scanned deleted blocks log and got 3 delTX to process.
2019-09-03 20:26:51,229 [SCMBlockDeletingService#0] DEBUG block.SCMBlockDeletingService (SCMBlockDeletingService.java:call(171)) - Added delete block command for datanode 81367453-3bf0-4298-8a83-8d5c3816df16 in the queue, number of delete block transactions: 3, TxID list: 1,2,3
2019-09-03 20:26:51,229 [SCMBlockDeletingService#0] INFO  block.SCMBlockDeletingService (SCMBlockDeletingService.java:call(182)) - Totally added 3 delete blocks command for 1 datanodes, task elapsed time: 2ms
2019-09-03 20:26:51,297 [pool-7-thread-1] INFO  commands.RetriableDatanodeEventWatcher (RetriableDatanodeEventWatcher.java:onTimeout(47)) - RetriableDatanodeCommand type=deleteBlocksCommand with id=1567542408587 timed out. Retrying.
2019-09-03 20:26:51,313 [pool-7-thread-1] INFO  commands.RetriableDatanodeEventWatcher (RetriableDatanodeEventWatcher.java:onTimeout(47)) - RetriableDatanodeCommand type=deleteBlocksCommand with id=1567542408597 timed out. Retrying.
2019-09-03 20:26:51,330 [SCMBlockDeletingService#0] DEBUG block.SCMBlockDeletingService (SCMBlockDeletingService.java:call(138)) - Running DeletedBlockTransactionScanner
2019-09-03 20:26:51,330 [SCMBlockDeletingService#0] DEBUG block.SCMBlockDeletingService (SCMBlockDeletingService.java:call(155)) - Scanned deleted blocks log and got 3 delTX to process.
2019-09-03 20:26:51,330 [SCMBlockDeletingService#0] DEBUG block.SCMBlockDeletingService (SCMBlockDeletingService.java:call(171)) - Added delete block command for datanode 81367453-3bf0-4298-8a83-8d5c3816df16 in the queue, number of delete block transactions: 3, TxID list: 1,2,3
2019-09-03 20:26:51,331 [SCMBlockDeletingService#0] INFO  block.SCMBlockDeletingService (SCMBlockDeletingService.java:call(182)) - Totally added 3 delete blocks command for 1 datanodes, task elapsed time: 1ms
2019-09-03 20:26:51,398 [pool-7-thread-1] INFO  commands.RetriableDatanodeEventWatcher (RetriableDatanodeEventWatcher.java:onTimeout(47)) - RetriableDatanodeCommand type=deleteBlocksCommand with id=1567542408588 timed out. Retrying.
2019-09-03 20:26:51,415 [pool-7-thread-1] INFO  commands.RetriableDatanodeEventWatcher (RetriableDatanodeEventWatcher.java:onTimeout(47)) - RetriableDatanodeCommand type=deleteBlocksCommand with id=1567542408598 timed out. Retrying.
2019-09-03 20:26:51,431 [SCMBlockDeletingService#0] DEBUG block.SCMBlockDeletingService (SCMBlockDeletingService.java:call(138)) - Running DeletedBlockTransactionScanner
2019-09-03 20:26:51,432 [SCMBlockDeletingService#0] DEBUG block.SCMBlockDeletingService (SCMBlockDeletingService.java:call(155)) - Scanned deleted blocks log and got 3 delTX to process.
2019-09-03 20:26:51,432 [SCMBlockDeletingService#0] DEBUG block.SCMBlockDeletingService (SCMBlockDeletingService.java:call(171)) - Added delete block command for datanode 81367453-3bf0-4298-8a83-8d5c3816df16 in the queue, number of delete block transactions: 3, TxID list: 1,2,3
2019-09-03 20:26:51,433 [SCMBlockDeletingService#0] INFO  block.SCMBlockDeletingService (SCMBlockDeletingService.java:call(182)) - Totally added 3 delete blocks command for 1 datanodes, task elapsed time: 2ms
2019-09-03 20:26:51,499 [pool-7-thread-1] INFO  commands.RetriableDatanodeEventWatcher (RetriableDatanodeEventWatcher.java:onTimeout(47)) - RetriableDatanodeCommand type=deleteBlocksCommand with id=1567542408589 timed out. Retrying.
2019-09-03 20:26:51,517 [pool-7-thread-1] INFO  commands.RetriableDatanodeEventWatcher (RetriableDatanodeEventWatcher.java:onTimeout(47)) - RetriableDatanodeCommand type=deleteBlocksCommand with id=1567542408599 timed out. Retrying.
2019-09-03 20:26:51,533 [SCMBlockDeletingService#0] DEBUG block.SCMBlockDeletingService (SCMBlockDeletingService.java:call(138)) - Running DeletedBlockTransactionScanner
2019-09-03 20:26:51,534 [SCMBlockDeletingService#0] DEBUG block.SCMBlockDeletingService (SCMBlockDeletingService.java:call(155)) - Scanned deleted blocks log and got 3 delTX to process.
2019-09-03 20:26:51,534 [SCMBlockDeletingService#0] DEBUG block.SCMBlockDeletingService (SCMBlockDeletingService.java:call(171)) - Added delete block command for datanode 81367453-3bf0-4298-8a83-8d5c3816df16 in the queue, number of delete block transactions: 3, TxID list: 1,2,3
2019-09-03 20:26:51,535 [SCMBlockDeletingService#0] INFO  block.SCMBlockDeletingService (SCMBlockDeletingService.java:call(182)) - Totally added 3 delete blocks command for 1 datanodes, task elapsed time: 1ms
2019-09-03 20:26:51,537 [EventQueue-StaleNodeForStaleNodeHandler] INFO  node.StaleNodeHandler (StaleNodeHandler.java:onMessage(58)) - Datanode 81367453-3bf0-4298-8a83-8d5c3816df16{ip: 192.168.36.111, host: pr-hdds-1200-xgh2h-450883189, networkLocation: /default-rack, certSerialId: null} moved to stale state. Finalizing its pipelines [PipelineID=a9d3e85d-64a7-4c5f-8c0c-f6ec397515c5]
2019-09-03 20:26:51,538 [EventQueue-StaleNodeForStaleNodeHandler] INFO  pipeline.SCMPipelineManager (SCMPipelineManager.java:finalizeAndDestroyPipeline(311)) - destroying pipeline:Pipeline[ Id: a9d3e85d-64a7-4c5f-8c0c-f6ec397515c5, Nodes: 81367453-3bf0-4298-8a83-8d5c3816df16{ip: 192.168.36.111, host: pr-hdds-1200-xgh2h-450883189, networkLocation: /default-rack, certSerialId: null}, Type:RATIS, Factor:ONE, State:OPEN]
2019-09-03 20:26:51,540 [EventQueue-StaleNodeForStaleNodeHandler] INFO  pipeline.PipelineStateManager (PipelineStateManager.java:finalizePipeline(123)) - Pipeline Pipeline[ Id: a9d3e85d-64a7-4c5f-8c0c-f6ec397515c5, Nodes: 81367453-3bf0-4298-8a83-8d5c3816df16{ip: 192.168.36.111, host: pr-hdds-1200-xgh2h-450883189, networkLocation: /default-rack, certSerialId: null}, Type:RATIS, Factor:ONE, State:CLOSED] moved to CLOSED state
2019-09-03 20:26:51,585 [pool-7-thread-1] INFO  commands.RetriableDatanodeEventWatcher (RetriableDatanodeEventWatcher.java:onTimeout(47)) - RetriableDatanodeCommand type=deleteBlocksCommand with id=1567542408580 timed out. Retrying.
2019-09-03 20:26:51,601 [pool-7-thread-1] INFO  commands.RetriableDatanodeEventWatcher (RetriableDatanodeEventWatcher.java:onTimeout(47)) - RetriableDatanodeCommand type=deleteBlocksCommand with id=1567542408590 timed out. Retrying.
2019-09-03 20:26:51,619 [pool-7-thread-1] INFO  commands.RetriableDatanodeEventWatcher (RetriableDatanodeEventWatcher.java:onTimeout(47)) - RetriableDatanodeCommand type=deleteBlocksCommand with id=1567542408600 timed out. Retrying.
2019-09-03 20:26:51,635 [SCMBlockDeletingService#0] DEBUG block.SCMBlockDeletingService (SCMBlockDeletingService.java:call(138)) - Running DeletedBlockTransactionScanner
2019-09-03 20:26:51,636 [SCMBlockDeletingService#0] DEBUG block.SCMBlockDeletingService (SCMBlockDeletingService.java:call(155)) - Scanned deleted blocks log and got 3 delTX to process.
2019-09-03 20:26:51,636 [SCMBlockDeletingService#0] DEBUG block.SCMBlockDeletingService (SCMBlockDeletingService.java:call(171)) - Added delete block command for datanode 81367453-3bf0-4298-8a83-8d5c3816df16 in the queue, number of delete block transactions: 3, TxID list: 1,2,3
2019-09-03 20:26:51,637 [SCMBlockDeletingService#0] INFO  block.SCMBlockDeletingService (SCMBlockDeletingService.java:call(182)) - Totally added 3 delete blocks command for 1 datanodes, task elapsed time: 1ms
2019-09-03 20:26:51,685 [pool-7-thread-1] INFO  commands.RetriableDatanodeEventWatcher (RetriableDatanodeEventWatcher.java:onTimeout(47)) - RetriableDatanodeCommand type=deleteBlocksCommand with id=1567542408581 timed out. Retrying.
2019-09-03 20:26:51,702 [pool-7-thread-1] INFO  commands.RetriableDatanodeEventWatcher (RetriableDatanodeEventWatcher.java:onTimeout(47)) - RetriableDatanodeCommand type=deleteBlocksCommand with id=1567542408591 timed out. Retrying.
2019-09-03 20:26:51,721 [pool-7-thread-1] INFO  commands.RetriableDatanodeEventWatcher (RetriableDatanodeEventWatcher.java:onTimeout(47)) - RetriableDatanodeCommand type=deleteBlocksCommand with id=1567542408601 timed out. Retrying.
2019-09-03 20:26:51,737 [SCMBlockDeletingService#0] DEBUG block.SCMBlockDeletingService (SCMBlockDeletingService.java:call(138)) - Running DeletedBlockTransactionScanner
2019-09-03 20:26:51,738 [SCMBlockDeletingService#0] DEBUG block.SCMBlockDeletingService (SCMBlockDeletingService.java:call(155)) - Scanned deleted blocks log and got 3 delTX to process.
2019-09-03 20:26:51,738 [SCMBlockDeletingService#0] DEBUG block.SCMBlockDeletingService (SCMBlockDeletingService.java:call(171)) - Added delete block command for datanode 81367453-3bf0-4298-8a83-8d5c3816df16 in the queue, number of delete block transactions: 3, TxID list: 1,2,3
2019-09-03 20:26:51,738 [SCMBlockDeletingService#0] INFO  block.SCMBlockDeletingService (SCMBlockDeletingService.java:call(182)) - Totally added 3 delete blocks command for 1 datanodes, task elapsed time: 2ms
2019-09-03 20:26:51,786 [pool-7-thread-1] INFO  commands.RetriableDatanodeEventWatcher (RetriableDatanodeEventWatcher.java:onTimeout(47)) - RetriableDatanodeCommand type=deleteBlocksCommand with id=1567542408582 timed out. Retrying.
2019-09-03 20:26:51,804 [pool-7-thread-1] INFO  commands.RetriableDatanodeEventWatcher (RetriableDatanodeEventWatcher.java:onTimeout(47)) - RetriableDatanodeCommand type=deleteBlocksCommand with id=1567542408592 timed out. Retrying.
2019-09-03 20:26:51,823 [pool-7-thread-1] INFO  commands.RetriableDatanodeEventWatcher (RetriableDatanodeEventWatcher.java:onTimeout(47)) - RetriableDatanodeCommand type=deleteBlocksCommand with id=1567542408602 timed out. Retrying.
2019-09-03 20:26:51,839 [SCMBlockDeletingService#0] DEBUG block.SCMBlockDeletingService (SCMBlockDeletingService.java:call(138)) - Running DeletedBlockTransactionScanner
2019-09-03 20:26:51,840 [SCMBlockDeletingService#0] DEBUG block.SCMBlockDeletingService (SCMBlockDeletingService.java:call(155)) - Scanned deleted blocks log and got 3 delTX to process.
2019-09-03 20:26:51,840 [SCMBlockDeletingService#0] DEBUG block.SCMBlockDeletingService (SCMBlockDeletingService.java:call(171)) - Added delete block command for datanode 81367453-3bf0-4298-8a83-8d5c3816df16 in the queue, number of delete block transactions: 3, TxID list: 1,2,3
2019-09-03 20:26:51,840 [SCMBlockDeletingService#0] INFO  block.SCMBlockDeletingService (SCMBlockDeletingService.java:call(182)) - Totally added 3 delete blocks command for 1 datanodes, task elapsed time: 2ms
2019-09-03 20:26:51,889 [pool-7-thread-1] INFO  commands.RetriableDatanodeEventWatcher (RetriableDatanodeEventWatcher.java:onTimeout(47)) - RetriableDatanodeCommand type=deleteBlocksCommand with id=1567542408583 timed out. Retrying.
2019-09-03 20:26:51,906 [pool-7-thread-1] INFO  commands.RetriableDatanodeEventWatcher (RetriableDatanodeEventWatcher.java:onTimeout(47)) - RetriableDatanodeCommand type=deleteBlocksCommand with id=1567542408593 timed out. Retrying.
2019-09-03 20:26:51,925 [pool-7-thread-1] INFO  commands.RetriableDatanodeEventWatcher (RetriableDatanodeEventWatcher.java:onTimeout(47)) - RetriableDatanodeCommand type=deleteBlocksCommand with id=1567542408603 timed out. Retrying.
2019-09-03 20:26:51,941 [SCMBlockDeletingService#0] DEBUG block.SCMBlockDeletingService (SCMBlockDeletingService.java:call(138)) - Running DeletedBlockTransactionScanner
2019-09-03 20:26:51,941 [SCMBlockDeletingService#0] DEBUG block.SCMBlockDeletingService (SCMBlockDeletingService.java:call(155)) - Scanned deleted blocks log and got 3 delTX to process.
2019-09-03 20:26:51,942 [SCMBlockDeletingService#0] DEBUG block.SCMBlockDeletingService (SCMBlockDeletingService.java:call(171)) - Added delete block command for datanode 81367453-3bf0-4298-8a83-8d5c3816df16 in the queue, number of delete block transactions: 3, TxID list: 1,2,3
2019-09-03 20:26:51,942 [SCMBlockDeletingService#0] INFO  block.SCMBlockDeletingService (SCMBlockDeletingService.java:call(182)) - Totally added 3 delete blocks command for 1 datanodes, task elapsed time: 1ms
2019-09-03 20:26:51,991 [pool-7-thread-1] INFO  commands.RetriableDatanodeEventWatcher (RetriableDatanodeEventWatcher.java:onTimeout(47)) - RetriableDatanodeCommand type=deleteBlocksCommand with id=1567542408584 timed out. Retrying.
2019-09-03 20:26:52,008 [pool-7-thread-1] INFO  commands.RetriableDatanodeEventWatcher (RetriableDatanodeEventWatcher.java:onTimeout(47)) - RetriableDatanodeCommand type=deleteBlocksCommand with id=1567542408594 timed out. Retrying.
2019-09-03 20:26:52,026 [pool-7-thread-1] INFO  commands.RetriableDatanodeEventWatcher (RetriableDatanodeEventWatcher.java:onTimeout(47)) - RetriableDatanodeCommand type=deleteBlocksCommand with id=1567542408604 timed out. Retrying.
2019-09-03 20:26:52,043 [SCMBlockDeletingService#0] DEBUG block.SCMBlockDeletingService (SCMBlockDeletingService.java:call(138)) - Running DeletedBlockTransactionScanner
2019-09-03 20:26:52,043 [SCMBlockDeletingService#0] DEBUG block.SCMBlockDeletingService (SCMBlockDeletingService.java:call(155)) - Scanned deleted blocks log and got 3 delTX to process.
2019-09-03 20:26:52,043 [SCMBlockDeletingService#0] DEBUG block.SCMBlockDeletingService (SCMBlockDeletingService.java:call(171)) - Added delete block command for datanode 81367453-3bf0-4298-8a83-8d5c3816df16 in the queue, number of delete block transactions: 3, TxID list: 1,2,3
2019-09-03 20:26:52,044 [SCMBlockDeletingService#0] INFO  block.SCMBlockDeletingService (SCMBlockDeletingService.java:call(182)) - Totally added 3 delete blocks command for 1 datanodes, task elapsed time: 1ms
2019-09-03 20:26:52,092 [pool-7-thread-1] INFO  commands.RetriableDatanodeEventWatcher (RetriableDatanodeEventWatcher.java:onTimeout(47)) - RetriableDatanodeCommand type=deleteBlocksCommand with id=1567542408585 timed out. Retrying.
2019-09-03 20:26:52,110 [pool-7-thread-1] INFO  commands.RetriableDatanodeEventWatcher (RetriableDatanodeEventWatcher.java:onTimeout(47)) - RetriableDatanodeCommand type=deleteBlocksCommand with id=1567542408595 timed out. Retrying.
2019-09-03 20:26:52,128 [pool-7-thread-1] INFO  commands.RetriableDatanodeEventWatcher (RetriableDatanodeEventWatcher.java:onTimeout(47)) - RetriableDatanodeCommand type=deleteBlocksCommand with id=1567542408605 timed out. Retrying.
2019-09-03 20:26:52,144 [SCMBlockDeletingService#0] DEBUG block.SCMBlockDeletingService (SCMBlockDeletingService.java:call(138)) - Running DeletedBlockTransactionScanner
2019-09-03 20:26:52,145 [SCMBlockDeletingService#0] DEBUG block.SCMBlockDeletingService (SCMBlockDeletingService.java:call(155)) - Scanned deleted blocks log and got 3 delTX to process.
2019-09-03 20:26:52,145 [SCMBlockDeletingService#0] DEBUG block.SCMBlockDeletingService (SCMBlockDeletingService.java:call(171)) - Added delete block command for datanode 81367453-3bf0-4298-8a83-8d5c3816df16 in the queue, number of delete block transactions: 3, TxID list: 1,2,3
2019-09-03 20:26:52,146 [SCMBlockDeletingService#0] INFO  block.SCMBlockDeletingService (SCMBlockDeletingService.java:call(182)) - Totally added 3 delete blocks command for 1 datanodes, task elapsed time: 2ms
2019-09-03 20:26:52,194 [pool-7-thread-1] INFO  commands.RetriableDatanodeEventWatcher (RetriableDatanodeEventWatcher.java:onTimeout(47)) - RetriableDatanodeCommand type=deleteBlocksCommand with id=1567542408586 timed out. Retrying.
2019-09-03 20:26:52,211 [pool-7-thread-1] INFO  commands.RetriableDatanodeEventWatcher (RetriableDatanodeEventWatcher.java:onTimeout(47)) - RetriableDatanodeCommand type=deleteBlocksCommand with id=1567542408596 timed out. Retrying.
2019-09-03 20:26:52,229 [pool-7-thread-1] INFO  commands.RetriableDatanodeEventWatcher (RetriableDatanodeEventWatcher.java:onTimeout(47)) - RetriableDatanodeCommand type=deleteBlocksCommand with id=1567542408606 timed out. Retrying.
2019-09-03 20:26:52,246 [SCMBlockDeletingService#1] DEBUG block.SCMBlockDeletingService (SCMBlockDeletingService.java:call(138)) - Running DeletedBlockTransactionScanner
2019-09-03 20:26:52,247 [SCMBlockDeletingService#1] DEBUG block.SCMBlockDeletingService (SCMBlockDeletingService.java:call(155)) - Scanned deleted blocks log and got 3 delTX to process.
2019-09-03 20:26:52,248 [SCMBlockDeletingService#1] DEBUG block.SCMBlockDeletingService (SCMBlockDeletingService.java:call(171)) - Added delete block command for datanode 81367453-3bf0-4298-8a83-8d5c3816df16 in the queue, number of delete block transactions: 3, TxID list: 1,2,3
2019-09-03 20:26:52,248 [SCMBlockDeletingService#1] INFO  block.SCMBlockDeletingService (SCMBlockDeletingService.java:call(182)) - Totally added 3 delete blocks command for 1 datanodes, task elapsed time: 1ms
2019-09-03 20:26:52,298 [pool-7-thread-1] INFO  commands.RetriableDatanodeEventWatcher (RetriableDatanodeEventWatcher.java:onTimeout(47)) - RetriableDatanodeCommand type=deleteBlocksCommand with id=1567542408587 timed out. Retrying.
2019-09-03 20:26:52,314 [pool-7-thread-1] INFO  commands.RetriableDatanodeEventWatcher (RetriableDatanodeEventWatcher.java:onTimeout(47)) - RetriableDatanodeCommand type=deleteBlocksCommand with id=1567542408597 timed out. Retrying.
2019-09-03 20:26:52,331 [pool-7-thread-1] INFO  commands.RetriableDatanodeEventWatcher (RetriableDatanodeEventWatcher.java:onTimeout(47)) - RetriableDatanodeCommand type=deleteBlocksCommand with id=1567542408607 timed out. Retrying.
2019-09-03 20:26:52,349 [SCMBlockDeletingService#1] DEBUG block.SCMBlockDeletingService (SCMBlockDeletingService.java:call(138)) - Running DeletedBlockTransactionScanner
2019-09-03 20:26:52,349 [SCMBlockDeletingService#1] DEBUG block.SCMBlockDeletingService (SCMBlockDeletingService.java:call(155)) - Scanned deleted blocks log and got 3 delTX to process.
2019-09-03 20:26:52,350 [SCMBlockDeletingService#1] DEBUG block.SCMBlockDeletingService (SCMBlockDeletingService.java:call(171)) - Added delete block command for datanode 81367453-3bf0-4298-8a83-8d5c3816df16 in the queue, number of delete block transactions: 3, TxID list: 1,2,3
2019-09-03 20:26:52,350 [SCMBlockDeletingService#1] INFO  block.SCMBlockDeletingService (SCMBlockDeletingService.java:call(182)) - Totally added 3 delete blocks command for 1 datanodes, task elapsed time: 1ms
2019-09-03 20:26:52,398 [pool-7-thread-1] INFO  commands.RetriableDatanodeEventWatcher (RetriableDatanodeEventWatcher.java:onTimeout(47)) - RetriableDatanodeCommand type=deleteBlocksCommand with id=1567542408588 timed out. Retrying.
2019-09-03 20:26:52,416 [pool-7-thread-1] INFO  commands.RetriableDatanodeEventWatcher (RetriableDatanodeEventWatcher.java:onTimeout(47)) - RetriableDatanodeCommand type=deleteBlocksCommand with id=1567542408598 timed out. Retrying.
2019-09-03 20:26:52,433 [pool-7-thread-1] INFO  commands.RetriableDatanodeEventWatcher (RetriableDatanodeEventWatcher.java:onTimeout(47)) - RetriableDatanodeCommand type=deleteBlocksCommand with id=1567542408608 timed out. Retrying.
2019-09-03 20:26:52,450 [SCMBlockDeletingService#1] DEBUG block.SCMBlockDeletingService (SCMBlockDeletingService.java:call(138)) - Running DeletedBlockTransactionScanner
2019-09-03 20:26:52,451 [SCMBlockDeletingService#1] DEBUG block.SCMBlockDeletingService (SCMBlockDeletingService.java:call(155)) - Scanned deleted blocks log and got 3 delTX to process.
2019-09-03 20:26:52,451 [SCMBlockDeletingService#1] DEBUG block.SCMBlockDeletingService (SCMBlockDeletingService.java:call(171)) - Added delete block command for datanode 81367453-3bf0-4298-8a83-8d5c3816df16 in the queue, number of delete block transactions: 3, TxID list: 1,2,3
2019-09-03 20:26:52,452 [SCMBlockDeletingService#1] INFO  block.SCMBlockDeletingService (SCMBlockDeletingService.java:call(182)) - Totally added 3 delete blocks command for 1 datanodes, task elapsed time: 1ms
2019-09-03 20:26:52,499 [pool-7-thread-1] INFO  commands.RetriableDatanodeEventWatcher (RetriableDatanodeEventWatcher.java:onTimeout(47)) - RetriableDatanodeCommand type=deleteBlocksCommand with id=1567542408589 timed out. Retrying.
2019-09-03 20:26:52,517 [pool-7-thread-1] INFO  commands.RetriableDatanodeEventWatcher (RetriableDatanodeEventWatcher.java:onTimeout(47)) - RetriableDatanodeCommand type=deleteBlocksCommand with id=1567542408599 timed out. Retrying.
2019-09-03 20:26:52,535 [pool-7-thread-1] INFO  commands.RetriableDatanodeEventWatcher (RetriableDatanodeEventWatcher.java:onTimeout(47)) - RetriableDatanodeCommand type=deleteBlocksCommand with id=1567542408609 timed out. Retrying.
2019-09-03 20:26:52,552 [SCMBlockDeletingService#1] DEBUG block.SCMBlockDeletingService (SCMBlockDeletingService.java:call(138)) - Running DeletedBlockTransactionScanner
2019-09-03 20:26:52,552 [SCMBlockDeletingService#1] DEBUG block.SCMBlockDeletingService (SCMBlockDeletingService.java:call(155)) - Scanned deleted blocks log and got 3 delTX to process.
2019-09-03 20:26:52,553 [SCMBlockDeletingService#1] DEBUG block.SCMBlockDeletingService (SCMBlockDeletingService.java:call(171)) - Added delete block command for datanode 81367453-3bf0-4298-8a83-8d5c3816df16 in the queue, number of delete block transactions: 3, TxID list: 1,2,3
2019-09-03 20:26:52,553 [SCMBlockDeletingService#1] INFO  block.SCMBlockDeletingService (SCMBlockDeletingService.java:call(182)) - Totally added 3 delete blocks command for 1 datanodes, task elapsed time: 1ms
2019-09-03 20:26:52,585 [pool-7-thread-1] INFO  commands.RetriableDatanodeEventWatcher (RetriableDatanodeEventWatcher.java:onTimeout(47)) - RetriableDatanodeCommand type=deleteBlocksCommand with id=1567542408580 timed out. Retrying.
2019-09-03 20:26:52,602 [pool-7-thread-1] INFO  commands.RetriableDatanodeEventWatcher (RetriableDatanodeEventWatcher.java:onTimeout(47)) - RetriableDatanodeCommand type=deleteBlocksCommand with id=1567542408590 timed out. Retrying.
2019-09-03 20:26:52,619 [pool-7-thread-1] INFO  commands.RetriableDatanodeEventWatcher (RetriableDatanodeEventWatcher.java:onTimeout(47)) - RetriableDatanodeCommand type=deleteBlocksCommand with id=1567542408600 timed out. Retrying.
2019-09-03 20:26:52,636 [pool-7-thread-1] INFO  commands.RetriableDatanodeEventWatcher (RetriableDatanodeEventWatcher.java:onTimeout(47)) - RetriableDatanodeCommand type=deleteBlocksCommand with id=1567542408610 timed out. Retrying.
2019-09-03 20:26:52,654 [SCMBlockDeletingService#1] DEBUG block.SCMBlockDeletingService (SCMBlockDeletingService.java:call(138)) - Running DeletedBlockTransactionScanner
2019-09-03 20:26:52,654 [SCMBlockDeletingService#1] DEBUG block.SCMBlockDeletingService (SCMBlockDeletingService.java:call(155)) - Scanned deleted blocks log and got 3 delTX to process.
2019-09-03 20:26:52,654 [SCMBlockDeletingService#1] DEBUG block.SCMBlockDeletingService (SCMBlockDeletingService.java:call(171)) - Added delete block command for datanode 81367453-3bf0-4298-8a83-8d5c3816df16 in the queue, number of delete block transactions: 3, TxID list: 1,2,3
2019-09-03 20:26:52,655 [SCMBlockDeletingService#1] INFO  block.SCMBlockDeletingService (SCMBlockDeletingService.java:call(182)) - Totally added 3 delete blocks command for 1 datanodes, task elapsed time: 1ms
2019-09-03 20:26:52,685 [pool-7-thread-1] INFO  commands.RetriableDatanodeEventWatcher (RetriableDatanodeEventWatcher.java:onTimeout(47)) - RetriableDatanodeCommand type=deleteBlocksCommand with id=1567542408581 timed out. Retrying.
2019-09-03 20:26:52,703 [pool-7-thread-1] INFO  commands.RetriableDatanodeEventWatcher (RetriableDatanodeEventWatcher.java:onTimeout(47)) - RetriableDatanodeCommand type=deleteBlocksCommand with id=1567542408591 timed out. Retrying.
2019-09-03 20:26:52,721 [pool-7-thread-1] INFO  commands.RetriableDatanodeEventWatcher (RetriableDatanodeEventWatcher.java:onTimeout(47)) - RetriableDatanodeCommand type=deleteBlocksCommand with id=1567542408601 timed out. Retrying.
2019-09-03 20:26:52,738 [pool-7-thread-1] INFO  commands.RetriableDatanodeEventWatcher (RetriableDatanodeEventWatcher.java:onTimeout(47)) - RetriableDatanodeCommand type=deleteBlocksCommand with id=1567542408611 timed out. Retrying.
2019-09-03 20:26:52,755 [SCMBlockDeletingService#1] DEBUG block.SCMBlockDeletingService (SCMBlockDeletingService.java:call(138)) - Running DeletedBlockTransactionScanner
2019-09-03 20:26:52,755 [SCMBlockDeletingService#1] DEBUG block.SCMBlockDeletingService (SCMBlockDeletingService.java:call(155)) - Scanned deleted blocks log and got 3 delTX to process.
2019-09-03 20:26:52,756 [SCMBlockDeletingService#1] DEBUG block.SCMBlockDeletingService (SCMBlockDeletingService.java:call(171)) - Added delete block command for datanode 81367453-3bf0-4298-8a83-8d5c3816df16 in the queue, number of delete block transactions: 3, TxID list: 1,2,3
2019-09-03 20:26:52,756 [SCMBlockDeletingService#1] INFO  block.SCMBlockDeletingService (SCMBlockDeletingService.java:call(182)) - Totally added 3 delete blocks command for 1 datanodes, task elapsed time: 1ms
2019-09-03 20:26:52,787 [pool-7-thread-1] INFO  commands.RetriableDatanodeEventWatcher (RetriableDatanodeEventWatcher.java:onTimeout(47)) - RetriableDatanodeCommand type=deleteBlocksCommand with id=1567542408582 timed out. Retrying.
2019-09-03 20:26:52,804 [pool-7-thread-1] INFO  commands.RetriableDatanodeEventWatcher (RetriableDatanodeEventWatcher.java:onTimeout(47)) - RetriableDatanodeCommand type=deleteBlocksCommand with id=1567542408592 timed out. Retrying.
2019-09-03 20:26:52,824 [pool-7-thread-1] INFO  commands.RetriableDatanodeEventWatcher (RetriableDatanodeEventWatcher.java:onTimeout(47)) - RetriableDatanodeCommand type=deleteBlocksCommand with id=1567542408602 timed out. Retrying.
2019-09-03 20:26:52,840 [pool-7-thread-1] INFO  commands.RetriableDatanodeEventWatcher (RetriableDatanodeEventWatcher.java:onTimeout(47)) - RetriableDatanodeCommand type=deleteBlocksCommand with id=1567542408612 timed out. Retrying.
2019-09-03 20:26:52,856 [SCMBlockDeletingService#1] DEBUG block.SCMBlockDeletingService (SCMBlockDeletingService.java:call(138)) - Running DeletedBlockTransactionScanner
2019-09-03 20:26:52,857 [SCMBlockDeletingService#1] DEBUG block.SCMBlockDeletingService (SCMBlockDeletingService.java:call(155)) - Scanned deleted blocks log and got 3 delTX to process.
2019-09-03 20:26:52,857 [SCMBlockDeletingService#1] DEBUG block.SCMBlockDeletingService (SCMBlockDeletingService.java:call(171)) - Added delete block command for datanode 81367453-3bf0-4298-8a83-8d5c3816df16 in the queue, number of delete block transactions: 3, TxID list: 1,2,3
2019-09-03 20:26:52,857 [SCMBlockDeletingService#1] INFO  block.SCMBlockDeletingService (SCMBlockDeletingService.java:call(182)) - Totally added 3 delete blocks command for 1 datanodes, task elapsed time: 2ms
2019-09-03 20:26:52,890 [pool-7-thread-1] INFO  commands.RetriableDatanodeEventWatcher (RetriableDatanodeEventWatcher.java:onTimeout(47)) - RetriableDatanodeCommand type=deleteBlocksCommand with id=1567542408583 timed out. Retrying.
2019-09-03 20:26:52,906 [pool-7-thread-1] INFO  commands.RetriableDatanodeEventWatcher (RetriableDatanodeEventWatcher.java:onTimeout(47)) - RetriableDatanodeCommand type=deleteBlocksCommand with id=1567542408593 timed out. Retrying.
2019-09-03 20:26:52,926 [pool-7-thread-1] INFO  commands.RetriableDatanodeEventWatcher (RetriableDatanodeEventWatcher.java:onTimeout(47)) - RetriableDatanodeCommand type=deleteBlocksCommand with id=1567542408603 timed out. Retrying.
2019-09-03 20:26:52,942 [pool-7-thread-1] INFO  commands.RetriableDatanodeEventWatcher (RetriableDatanodeEventWatcher.java:onTimeout(47)) - RetriableDatanodeCommand type=deleteBlocksCommand with id=1567542408613 timed out. Retrying.
2019-09-03 20:26:52,958 [SCMBlockDeletingService#1] DEBUG block.SCMBlockDeletingService (SCMBlockDeletingService.java:call(138)) - Running DeletedBlockTransactionScanner
2019-09-03 20:26:52,958 [SCMBlockDeletingService#1] DEBUG block.SCMBlockDeletingService (SCMBlockDeletingService.java:call(155)) - Scanned deleted blocks log and got 3 delTX to process.
2019-09-03 20:26:52,959 [SCMBlockDeletingService#1] DEBUG block.SCMBlockDeletingService (SCMBlockDeletingService.java:call(171)) - Added delete block command for datanode 81367453-3bf0-4298-8a83-8d5c3816df16 in the queue, number of delete block transactions: 3, TxID list: 1,2,3
2019-09-03 20:26:52,959 [SCMBlockDeletingService#1] INFO  block.SCMBlockDeletingService (SCMBlockDeletingService.java:call(182)) - Totally added 3 delete blocks command for 1 datanodes, task elapsed time: 1ms
2019-09-03 20:26:52,992 [pool-7-thread-1] INFO  commands.RetriableDatanodeEventWatcher (RetriableDatanodeEventWatcher.java:onTimeout(47)) - RetriableDatanodeCommand type=deleteBlocksCommand with id=1567542408584 timed out. Retrying.
2019-09-03 20:26:53,008 [pool-7-thread-1] INFO  commands.RetriableDatanodeEventWatcher (RetriableDatanodeEventWatcher.java:onTimeout(47)) - RetriableDatanodeCommand type=deleteBlocksCommand with id=1567542408594 timed out. Retrying.
2019-09-03 20:26:53,027 [pool-7-thread-1] INFO  commands.RetriableDatanodeEventWatcher (RetriableDatanodeEventWatcher.java:onTimeout(47)) - RetriableDatanodeCommand type=deleteBlocksCommand with id=1567542408604 timed out. Retrying.
2019-09-03 20:26:53,044 [pool-7-thread-1] INFO  commands.RetriableDatanodeEventWatcher (RetriableDatanodeEventWatcher.java:onTimeout(47)) - RetriableDatanodeCommand type=deleteBlocksCommand with id=1567542408614 timed out. Retrying.
2019-09-03 20:26:53,060 [SCMBlockDeletingService#1] DEBUG block.SCMBlockDeletingService (SCMBlockDeletingService.java:call(138)) - Running DeletedBlockTransactionScanner
2019-09-03 20:26:53,061 [SCMBlockDeletingService#1] DEBUG block.SCMBlockDeletingService (SCMBlockDeletingService.java:call(155)) - Scanned deleted blocks log and got 3 delTX to process.
2019-09-03 20:26:53,061 [SCMBlockDeletingService#1] DEBUG block.SCMBlockDeletingService (SCMBlockDeletingService.java:call(171)) - Added delete block command for datanode 81367453-3bf0-4298-8a83-8d5c3816df16 in the queue, number of delete block transactions: 3, TxID list: 1,2,3
2019-09-03 20:26:53,062 [SCMBlockDeletingService#1] INFO  block.SCMBlockDeletingService (SCMBlockDeletingService.java:call(182)) - Totally added 3 delete blocks command for 1 datanodes, task elapsed time: 2ms
2019-09-03 20:26:53,092 [pool-7-thread-1] INFO  commands.RetriableDatanodeEventWatcher (RetriableDatanodeEventWatcher.java:onTimeout(47)) - RetriableDatanodeCommand type=deleteBlocksCommand with id=1567542408585 timed out. Retrying.
2019-09-03 20:26:53,111 [pool-7-thread-1] INFO  commands.RetriableDatanodeEventWatcher (RetriableDatanodeEventWatcher.java:onTimeout(47)) - RetriableDatanodeCommand type=deleteBlocksCommand with id=1567542408595 timed out. Retrying.
2019-09-03 20:26:53,128 [pool-7-thread-1] INFO  commands.RetriableDatanodeEventWatcher (RetriableDatanodeEventWatcher.java:onTimeout(47)) - RetriableDatanodeCommand type=deleteBlocksCommand with id=1567542408605 timed out. Retrying.
2019-09-03 20:26:53,146 [pool-7-thread-1] INFO  commands.RetriableDatanodeEventWatcher (RetriableDatanodeEventWatcher.java:onTimeout(47)) - RetriableDatanodeCommand type=deleteBlocksCommand with id=1567542408615 timed out. Retrying.
2019-09-03 20:26:53,162 [SCMBlockDeletingService#1] DEBUG block.SCMBlockDeletingService (SCMBlockDeletingService.java:call(138)) - Running DeletedBlockTransactionScanner
2019-09-03 20:26:53,163 [SCMBlockDeletingService#1] DEBUG block.SCMBlockDeletingService (SCMBlockDeletingService.java:call(155)) - Scanned deleted blocks log and got 3 delTX to process.
2019-09-03 20:26:53,163 [SCMBlockDeletingService#1] DEBUG block.SCMBlockDeletingService (SCMBlockDeletingService.java:call(171)) - Added delete block command for datanode 81367453-3bf0-4298-8a83-8d5c3816df16 in the queue, number of delete block transactions: 3, TxID list: 1,2,3
2019-09-03 20:26:53,163 [SCMBlockDeletingService#1] INFO  block.SCMBlockDeletingService (SCMBlockDeletingService.java:call(182)) - Totally added 3 delete blocks command for 1 datanodes, task elapsed time: 1ms
2019-09-03 20:26:53,194 [pool-7-thread-1] INFO  commands.RetriableDatanodeEventWatcher (RetriableDatanodeEventWatcher.java:onTimeout(47)) - RetriableDatanodeCommand type=deleteBlocksCommand with id=1567542408586 timed out. Retrying.
2019-09-03 20:26:53,212 [pool-7-thread-1] INFO  commands.RetriableDatanodeEventWatcher (RetriableDatanodeEventWatcher.java:onTimeout(47)) - RetriableDatanodeCommand type=deleteBlocksCommand with id=1567542408596 timed out. Retrying.
2019-09-03 20:26:53,229 [pool-7-thread-1] INFO  commands.RetriableDatanodeEventWatcher (RetriableDatanodeEventWatcher.java:onTimeout(47)) - RetriableDatanodeCommand type=deleteBlocksCommand with id=1567542408606 timed out. Retrying.
2019-09-03 20:26:53,248 [pool-7-thread-1] INFO  commands.RetriableDatanodeEventWatcher (RetriableDatanodeEventWatcher.java:onTimeout(47)) - RetriableDatanodeCommand type=deleteBlocksCommand with id=1567542408616 timed out. Retrying.
2019-09-03 20:26:53,264 [SCMBlockDeletingService#1] DEBUG block.SCMBlockDeletingService (SCMBlockDeletingService.java:call(138)) - Running DeletedBlockTransactionScanner
2019-09-03 20:26:53,264 [SCMBlockDeletingService#1] DEBUG block.SCMBlockDeletingService (SCMBlockDeletingService.java:call(155)) - Scanned deleted blocks log and got 3 delTX to process.
2019-09-03 20:26:53,264 [SCMBlockDeletingService#1] DEBUG block.SCMBlockDeletingService (SCMBlockDeletingService.java:call(171)) - Added delete block command for datanode 81367453-3bf0-4298-8a83-8d5c3816df16 in the queue, number of delete block transactions: 3, TxID list: 1,2,3
2019-09-03 20:26:53,265 [SCMBlockDeletingService#1] INFO  block.SCMBlockDeletingService (SCMBlockDeletingService.java:call(182)) - Totally added 3 delete blocks command for 1 datanodes, task elapsed time: 1ms
2019-09-03 20:26:53,299 [pool-7-thread-1] INFO  commands.RetriableDatanodeEventWatcher (RetriableDatanodeEventWatcher.java:onTimeout(47)) - RetriableDatanodeCommand type=deleteBlocksCommand with id=1567542408587 timed out. Retrying.
2019-09-03 20:26:53,314 [pool-7-thread-1] INFO  commands.RetriableDatanodeEventWatcher (RetriableDatanodeEventWatcher.java:onTimeout(47)) - RetriableDatanodeCommand type=deleteBlocksCommand with id=1567542408597 timed out. Retrying.
2019-09-03 20:26:53,332 [pool-7-thread-1] INFO  commands.RetriableDatanodeEventWatcher (RetriableDatanodeEventWatcher.java:onTimeout(47)) - RetriableDatanodeCommand type=deleteBlocksCommand with id=1567542408607 timed out. Retrying.
2019-09-03 20:26:53,350 [pool-7-thread-1] INFO  commands.RetriableDatanodeEventWatcher (RetriableDatanodeEventWatcher.java:onTimeout(47)) - RetriableDatanodeCommand type=deleteBlocksCommand with id=1567542408617 timed out. Retrying.
2019-09-03 20:26:53,365 [SCMBlockDeletingService#1] DEBUG block.SCMBlockDeletingService (SCMBlockDeletingService.java:call(138)) - Running DeletedBlockTransactionScanner
2019-09-03 20:26:53,366 [SCMBlockDeletingService#1] DEBUG block.SCMBlockDeletingService (SCMBlockDeletingService.java:call(155)) - Scanned deleted blocks log and got 3 delTX to process.
2019-09-03 20:26:53,366 [SCMBlockDeletingService#1] DEBUG block.SCMBlockDeletingService (SCMBlockDeletingService.java:call(171)) - Added delete block command for datanode 81367453-3bf0-4298-8a83-8d5c3816df16 in the queue, number of delete block transactions: 3, TxID list: 1,2,3
2019-09-03 20:26:53,366 [SCMBlockDeletingService#1] INFO  block.SCMBlockDeletingService (SCMBlockDeletingService.java:call(182)) - Totally added 3 delete blocks command for 1 datanodes, task elapsed time: 2ms
2019-09-03 20:26:53,398 [pool-7-thread-1] INFO  commands.RetriableDatanodeEventWatcher (RetriableDatanodeEventWatcher.java:onTimeout(47)) - RetriableDatanodeCommand type=deleteBlocksCommand with id=1567542408588 timed out. Retrying.
2019-09-03 20:26:53,417 [pool-7-thread-1] INFO  commands.RetriableDatanodeEventWatcher (RetriableDatanodeEventWatcher.java:onTimeout(47)) - RetriableDatanodeCommand type=deleteBlocksCommand with id=1567542408598 timed out. Retrying.
2019-09-03 20:26:53,434 [pool-7-thread-1] INFO  commands.RetriableDatanodeEventWatcher (RetriableDatanodeEventWatcher.java:onTimeout(47)) - RetriableDatanodeCommand type=deleteBlocksCommand with id=1567542408608 timed out. Retrying.
2019-09-03 20:26:53,451 [pool-7-thread-1] INFO  commands.RetriableDatanodeEventWatcher (RetriableDatanodeEventWatcher.java:onTimeout(47)) - RetriableDatanodeCommand type=deleteBlocksCommand with id=1567542408618 timed out. Retrying.
2019-09-03 20:26:53,467 [SCMBlockDeletingService#1] DEBUG block.SCMBlockDeletingService (SCMBlockDeletingService.java:call(138)) - Running DeletedBlockTransactionScanner
2019-09-03 20:26:53,467 [SCMBlockDeletingService#1] DEBUG block.SCMBlockDeletingService (SCMBlockDeletingService.java:call(155)) - Scanned deleted blocks log and got 3 delTX to process.
2019-09-03 20:26:53,467 [SCMBlockDeletingService#1] DEBUG block.SCMBlockDeletingService (SCMBlockDeletingService.java:call(171)) - Added delete block command for datanode 81367453-3bf0-4298-8a83-8d5c3816df16 in the queue, number of delete block transactions: 3, TxID list: 1,2,3
2019-09-03 20:26:53,468 [SCMBlockDeletingService#1] INFO  block.SCMBlockDeletingService (SCMBlockDeletingService.java:call(182)) - Totally added 3 delete blocks command for 1 datanodes, task elapsed time: 1ms
2019-09-03 20:26:53,500 [pool-7-thread-1] INFO  commands.RetriableDatanodeEventWatcher (RetriableDatanodeEventWatcher.java:onTimeout(47)) - RetriableDatanodeCommand type=deleteBlocksCommand with id=1567542408589 timed out. Retrying.
2019-09-03 20:26:53,518 [pool-7-thread-1] INFO  commands.RetriableDatanodeEventWatcher (RetriableDatanodeEventWatcher.java:onTimeout(47)) - RetriableDatanodeCommand type=deleteBlocksCommand with id=1567542408599 timed out. Retrying.
2019-09-03 20:26:53,535 [pool-7-thread-1] INFO  commands.RetriableDatanodeEventWatcher (RetriableDatanodeEventWatcher.java:onTimeout(47)) - RetriableDatanodeCommand type=deleteBlocksCommand with id=1567542408609 timed out. Retrying.
2019-09-03 20:26:53,553 [pool-7-thread-1] INFO  commands.RetriableDatanodeEventWatcher (RetriableDatanodeEventWatcher.java:onTimeout(47)) - RetriableDatanodeCommand type=deleteBlocksCommand with id=1567542408619 timed out. Retrying.
2019-09-03 20:26:53,568 [SCMBlockDeletingService#1] DEBUG block.SCMBlockDeletingService (SCMBlockDeletingService.java:call(138)) - Running DeletedBlockTransactionScanner
2019-09-03 20:26:53,569 [SCMBlockDeletingService#1] DEBUG block.SCMBlockDeletingService (SCMBlockDeletingService.java:call(155)) - Scanned deleted blocks log and got 3 delTX to process.
2019-09-03 20:26:53,569 [SCMBlockDeletingService#1] DEBUG block.SCMBlockDeletingService (SCMBlockDeletingService.java:call(171)) - Added delete block command for datanode 81367453-3bf0-4298-8a83-8d5c3816df16 in the queue, number of delete block transactions: 3, TxID list: 1,2,3
2019-09-03 20:26:53,569 [SCMBlockDeletingService#1] INFO  block.SCMBlockDeletingService (SCMBlockDeletingService.java:call(182)) - Totally added 3 delete blocks command for 1 datanodes, task elapsed time: 1ms
2019-09-03 20:26:53,575 [main] INFO  ozoneimpl.OzoneContainer (OzoneContainer.java:stop(230)) - Attempting to stop container services.
2019-09-03 20:26:53,578 [main] INFO  impl.RaftServerProxy (RaftServerProxy.java:lambda$close$4(314)) - 81367453-3bf0-4298-8a83-8d5c3816df16: close
2019-09-03 20:26:53,581 [main] INFO  impl.RaftServerImpl (RaftServerImpl.java:lambda$shutdown$3(245)) - 81367453-3bf0-4298-8a83-8d5c3816df16: shutdown group-F6EC397515C5
2019-09-03 20:26:53,582 [main] INFO  util.JmxRegister (JmxRegister.java:unregister(73)) - Successfully un-registered JMX Bean with object name Ratis:service=RaftServer,group=group-F6EC397515C5,id=81367453-3bf0-4298-8a83-8d5c3816df16
2019-09-03 20:26:53,583 [main] INFO  impl.RoleInfo (RoleInfo.java:shutdownLeaderState(104)) - 81367453-3bf0-4298-8a83-8d5c3816df16: shutdown LeaderState
2019-09-03 20:26:53,584 [main] INFO  impl.PendingRequests (PendingRequests.java:sendNotLeaderResponses(202)) - 81367453-3bf0-4298-8a83-8d5c3816df16-PendingRequests: sendNotLeaderResponses
2019-09-03 20:26:53,586 [pool-7-thread-1] INFO  commands.RetriableDatanodeEventWatcher (RetriableDatanodeEventWatcher.java:onTimeout(47)) - RetriableDatanodeCommand type=deleteBlocksCommand with id=1567542408580 timed out. Retrying.
2019-09-03 20:26:53,592 [main] INFO  impl.StateMachineUpdater (StateMachineUpdater.java:stopAndJoin(115)) - StateMachineUpdater:81367453-3bf0-4298-8a83-8d5c3816df16:group-F6EC397515C5: set stopIndex = 6056
2019-09-03 20:26:53,593 [StateMachineUpdater:81367453-3bf0-4298-8a83-8d5c3816df16:group-F6EC397515C5] INFO  ratis.ContainerStateMachine (ContainerStateMachine.java:takeSnapshot(284)) - group-F6EC397515C5: Taking a snapshot at:(t:1, i:6055) file /workdir/hadoop-ozone/integration-test/target/test-dir/MiniOzoneClusterImpl-f6d2529a-717c-4912-84e5-25bf8ea5201e/datanode-0/data/ratis/a9d3e85d-64a7-4c5f-8c0c-f6ec397515c5/sm/snapshot.1_6055
2019-09-03 20:26:53,602 [pool-7-thread-1] INFO  commands.RetriableDatanodeEventWatcher (RetriableDatanodeEventWatcher.java:onTimeout(47)) - RetriableDatanodeCommand type=deleteBlocksCommand with id=1567542408590 timed out. Retrying.
2019-09-03 20:26:53,620 [pool-7-thread-1] INFO  commands.RetriableDatanodeEventWatcher (RetriableDatanodeEventWatcher.java:onTimeout(47)) - RetriableDatanodeCommand type=deleteBlocksCommand with id=1567542408600 timed out. Retrying.
2019-09-03 20:26:53,630 [StateMachineUpdater:81367453-3bf0-4298-8a83-8d5c3816df16:group-F6EC397515C5] INFO  ratis.ContainerStateMachine (ContainerStateMachine.java:takeSnapshot(295)) - group-F6EC397515C5: Finished taking a snapshot at:(t:1, i:6055) file:/workdir/hadoop-ozone/integration-test/target/test-dir/MiniOzoneClusterImpl-f6d2529a-717c-4912-84e5-25bf8ea5201e/datanode-0/data/ratis/a9d3e85d-64a7-4c5f-8c0c-f6ec397515c5/sm/snapshot.1_6055 time:38
2019-09-03 20:26:53,630 [StateMachineUpdater:81367453-3bf0-4298-8a83-8d5c3816df16:group-F6EC397515C5] INFO  impl.StateMachineUpdater (StateMachineUpdater.java:takeSnapshot(242)) - StateMachineUpdater:81367453-3bf0-4298-8a83-8d5c3816df16:group-F6EC397515C5: Took a snapshot at index 6055
2019-09-03 20:26:53,631 [StateMachineUpdater:81367453-3bf0-4298-8a83-8d5c3816df16:group-F6EC397515C5] INFO  impl.StateMachineUpdater (StateMachineUpdater.java:lambda$new$0(80)) - StateMachineUpdater:81367453-3bf0-4298-8a83-8d5c3816df16:group-F6EC397515C5: snapshotIndex: updateIncreasingly -1 -> 6055
2019-09-03 20:26:53,636 [pool-7-thread-1] INFO  commands.RetriableDatanodeEventWatcher (RetriableDatanodeEventWatcher.java:onTimeout(47)) - RetriableDatanodeCommand type=deleteBlocksCommand with id=1567542408610 timed out. Retrying.
2019-09-03 20:26:53,639 [main] INFO  impl.RaftServerImpl (ServerState.java:close(394)) - 81367453-3bf0-4298-8a83-8d5c3816df16:group-F6EC397515C5 closes. The last applied log index is 6056
2019-09-03 20:26:53,644 [81367453-3bf0-4298-8a83-8d5c3816df16-SegmentedRaftLogWorker:Storage Directory /workdir/hadoop-ozone/integration-test/target/test-dir/MiniOzoneClusterImpl-f6d2529a-717c-4912-84e5-25bf8ea5201e/datanode-0/data/ratis/a9d3e85d-64a7-4c5f-8c0c-f6ec397515c5] INFO  segmented.SegmentedRaftLogWorker (SegmentedRaftLogWorker.java:run(313)) - 81367453-3bf0-4298-8a83-8d5c3816df16-SegmentedRaftLogWorker:Storage Directory /workdir/hadoop-ozone/integration-test/target/test-dir/MiniOzoneClusterImpl-f6d2529a-717c-4912-84e5-25bf8ea5201e/datanode-0/data/ratis/a9d3e85d-64a7-4c5f-8c0c-f6ec397515c5 was interrupted, exiting. There are 0 tasks remaining in the queue.
2019-09-03 20:26:53,645 [main] INFO  segmented.SegmentedRaftLogWorker (SegmentedRaftLogWorker.java:close(228)) - 81367453-3bf0-4298-8a83-8d5c3816df16-SegmentedRaftLogWorker:Storage Directory /workdir/hadoop-ozone/integration-test/target/test-dir/MiniOzoneClusterImpl-f6d2529a-717c-4912-84e5-25bf8ea5201e/datanode-0/data/ratis/a9d3e85d-64a7-4c5f-8c0c-f6ec397515c5 close()
2019-09-03 20:26:53,647 [main] INFO  server.GrpcService (GrpcService.java:closeImpl(155)) - 81367453-3bf0-4298-8a83-8d5c3816df16: shutdown server with port 40871 now
2019-09-03 20:26:53,651 [main] INFO  server.GrpcService (GrpcService.java:closeImpl(163)) - 81367453-3bf0-4298-8a83-8d5c3816df16: shutdown server with port 40871 successfully
2019-09-03 20:26:53,654 [pool-7-thread-1] INFO  commands.RetriableDatanodeEventWatcher (RetriableDatanodeEventWatcher.java:onTimeout(47)) - RetriableDatanodeCommand type=deleteBlocksCommand with id=1567542408620 timed out. Retrying.
2019-09-03 20:26:53,665 [refreshUsed-/workdir/hadoop-ozone/integration-test/target/test-dir/MiniOzoneClusterImpl-f6d2529a-717c-4912-84e5-25bf8ea5201e/datanode-0/data/containers] WARN  fs.CachingGetSpaceUsed (CachingGetSpaceUsed.java:run(183)) - Thread Interrupted waiting to refresh disk information: sleep interrupted
2019-09-03 20:26:53,670 [SCMBlockDeletingService#1] DEBUG block.SCMBlockDeletingService (SCMBlockDeletingService.java:call(138)) - Running DeletedBlockTransactionScanner
2019-09-03 20:26:53,671 [SCMBlockDeletingService#1] DEBUG block.SCMBlockDeletingService (SCMBlockDeletingService.java:call(155)) - Scanned deleted blocks log and got 3 delTX to process.
2019-09-03 20:26:53,671 [SCMBlockDeletingService#1] DEBUG block.SCMBlockDeletingService (SCMBlockDeletingService.java:call(171)) - Added delete block command for datanode 81367453-3bf0-4298-8a83-8d5c3816df16 in the queue, number of delete block transactions: 3, TxID list: 1,2,3
2019-09-03 20:26:53,671 [SCMBlockDeletingService#1] INFO  block.SCMBlockDeletingService (SCMBlockDeletingService.java:call(182)) - Totally added 3 delete blocks command for 1 datanodes, task elapsed time: 2ms
2019-09-03 20:26:53,686 [main] INFO  utils.BackgroundService (BackgroundService.java:shutdown(148)) - Shutting down service BlockDeletingService
2019-09-03 20:26:53,686 [pool-7-thread-1] INFO  commands.RetriableDatanodeEventWatcher (RetriableDatanodeEventWatcher.java:onTimeout(47)) - RetriableDatanodeCommand type=deleteBlocksCommand with id=1567542408581 timed out. Retrying.
2019-09-03 20:26:53,690 [main] INFO  statemachine.DatanodeStateMachine (DatanodeStateMachine.java:stopDaemon(395)) - Ozone container server stopped.
2019-09-03 20:26:53,698 [main] INFO  handler.ContextHandler (ContextHandler.java:doStop(910)) - Stopped o.e.j.w.WebAppContext@60f70249{/,null,UNAVAILABLE}{/hddsDatanode}
2019-09-03 20:26:53,703 [pool-7-thread-1] INFO  commands.RetriableDatanodeEventWatcher (RetriableDatanodeEventWatcher.java:onTimeout(47)) - RetriableDatanodeCommand type=deleteBlocksCommand with id=1567542408591 timed out. Retrying.
2019-09-03 20:26:53,705 [main] INFO  server.AbstractConnector (AbstractConnector.java:doStop(318)) - Stopped ServerConnector@31ee2fdb{HTTP/1.1,[http/1.1]}{0.0.0.0:0}
2019-09-03 20:26:53,705 [main] INFO  handler.ContextHandler (ContextHandler.java:doStop(910)) - Stopped o.e.j.s.ServletContextHandler@7a0ef219{/static,jar:file:/home/user/.m2/repository/org/apache/hadoop/hadoop-hdds-container-service/0.5.0-SNAPSHOT/hadoop-hdds-container-service-0.5.0-SNAPSHOT.jar!/webapps/static,UNAVAILABLE}
2019-09-03 20:26:53,706 [main] INFO  handler.ContextHandler (ContextHandler.java:doStop(910)) - Stopped o.e.j.s.ServletContextHandler@5c77ba8f{/logs,file:///workdir/hadoop-ozone/integration-test/target/log,UNAVAILABLE}
2019-09-03 20:26:53,722 [pool-7-thread-1] INFO  commands.RetriableDatanodeEventWatcher (RetriableDatanodeEventWatcher.java:onTimeout(47)) - RetriableDatanodeCommand type=deleteBlocksCommand with id=1567542408601 timed out. Retrying.
2019-09-03 20:26:53,738 [pool-7-thread-1] INFO  commands.RetriableDatanodeEventWatcher (RetriableDatanodeEventWatcher.java:onTimeout(47)) - RetriableDatanodeCommand type=deleteBlocksCommand with id=1567542408611 timed out. Retrying.
2019-09-03 20:26:53,756 [pool-7-thread-1] INFO  commands.RetriableDatanodeEventWatcher (RetriableDatanodeEventWatcher.java:onTimeout(47)) - RetriableDatanodeCommand type=deleteBlocksCommand with id=1567542408621 timed out. Retrying.
2019-09-03 20:26:53,772 [SCMBlockDeletingService#1] DEBUG block.SCMBlockDeletingService (SCMBlockDeletingService.java:call(138)) - Running DeletedBlockTransactionScanner
2019-09-03 20:26:53,772 [SCMBlockDeletingService#1] DEBUG block.SCMBlockDeletingService (SCMBlockDeletingService.java:call(155)) - Scanned deleted blocks log and got 3 delTX to process.
2019-09-03 20:26:53,773 [SCMBlockDeletingService#1] DEBUG block.SCMBlockDeletingService (SCMBlockDeletingService.java:call(171)) - Added delete block command for datanode 81367453-3bf0-4298-8a83-8d5c3816df16 in the queue, number of delete block transactions: 3, TxID list: 1,2,3
2019-09-03 20:26:53,773 [SCMBlockDeletingService#1] INFO  block.SCMBlockDeletingService (SCMBlockDeletingService.java:call(182)) - Totally added 3 delete blocks command for 1 datanodes, task elapsed time: 2ms
2019-09-03 20:26:53,787 [pool-7-thread-1] INFO  commands.RetriableDatanodeEventWatcher (RetriableDatanodeEventWatcher.java:onTimeout(47)) - RetriableDatanodeCommand type=deleteBlocksCommand with id=1567542408582 timed out. Retrying.
2019-09-03 20:26:53,805 [pool-7-thread-1] INFO  commands.RetriableDatanodeEventWatcher (RetriableDatanodeEventWatcher.java:onTimeout(47)) - RetriableDatanodeCommand type=deleteBlocksCommand with id=1567542408592 timed out. Retrying.
2019-09-03 20:26:53,825 [pool-7-thread-1] INFO  commands.RetriableDatanodeEventWatcher (RetriableDatanodeEventWatcher.java:onTimeout(47)) - RetriableDatanodeCommand type=deleteBlocksCommand with id=1567542408602 timed out. Retrying.
2019-09-03 20:26:53,841 [pool-7-thread-1] INFO  commands.RetriableDatanodeEventWatcher (RetriableDatanodeEventWatcher.java:onTimeout(47)) - RetriableDatanodeCommand type=deleteBlocksCommand with id=1567542408612 timed out. Retrying.
2019-09-03 20:26:53,857 [pool-7-thread-1] INFO  commands.RetriableDatanodeEventWatcher (RetriableDatanodeEventWatcher.java:onTimeout(47)) - RetriableDatanodeCommand type=deleteBlocksCommand with id=1567542408622 timed out. Retrying.
2019-09-03 20:26:53,874 [SCMBlockDeletingService#1] DEBUG block.SCMBlockDeletingService (SCMBlockDeletingService.java:call(138)) - Running DeletedBlockTransactionScanner
2019-09-03 20:26:53,875 [SCMBlockDeletingService#1] DEBUG block.SCMBlockDeletingService (SCMBlockDeletingService.java:call(155)) - Scanned deleted blocks log and got 3 delTX to process.
2019-09-03 20:26:53,875 [SCMBlockDeletingService#1] DEBUG block.SCMBlockDeletingService (SCMBlockDeletingService.java:call(171)) - Added delete block command for datanode 81367453-3bf0-4298-8a83-8d5c3816df16 in the queue, number of delete block transactions: 3, TxID list: 1,2,3
2019-09-03 20:26:53,875 [SCMBlockDeletingService#1] INFO  block.SCMBlockDeletingService (SCMBlockDeletingService.java:call(182)) - Totally added 3 delete blocks command for 1 datanodes, task elapsed time: 2ms
2019-09-03 20:26:53,891 [pool-7-thread-1] INFO  commands.RetriableDatanodeEventWatcher (RetriableDatanodeEventWatcher.java:onTimeout(47)) - RetriableDatanodeCommand type=deleteBlocksCommand with id=1567542408583 timed out. Retrying.
2019-09-03 20:26:53,906 [pool-7-thread-1] INFO  commands.RetriableDatanodeEventWatcher (RetriableDatanodeEventWatcher.java:onTimeout(47)) - RetriableDatanodeCommand type=deleteBlocksCommand with id=1567542408593 timed out. Retrying.
2019-09-03 20:26:53,927 [pool-7-thread-1] INFO  commands.RetriableDatanodeEventWatcher (RetriableDatanodeEventWatcher.java:onTimeout(47)) - RetriableDatanodeCommand type=deleteBlocksCommand with id=1567542408603 timed out. Retrying.
2019-09-03 20:26:53,943 [pool-7-thread-1] INFO  commands.RetriableDatanodeEventWatcher (RetriableDatanodeEventWatcher.java:onTimeout(47)) - RetriableDatanodeCommand type=deleteBlocksCommand with id=1567542408613 timed out. Retrying.
2019-09-03 20:26:53,959 [pool-7-thread-1] INFO  commands.RetriableDatanodeEventWatcher (RetriableDatanodeEventWatcher.java:onTimeout(47)) - RetriableDatanodeCommand type=deleteBlocksCommand with id=1567542408623 timed out. Retrying.
2019-09-03 20:26:53,976 [SCMBlockDeletingService#1] DEBUG block.SCMBlockDeletingService (SCMBlockDeletingService.java:call(138)) - Running DeletedBlockTransactionScanner
2019-09-03 20:26:53,976 [SCMBlockDeletingService#1] DEBUG block.SCMBlockDeletingService (SCMBlockDeletingService.java:call(155)) - Scanned deleted blocks log and got 3 delTX to process.
2019-09-03 20:26:53,977 [SCMBlockDeletingService#1] DEBUG block.SCMBlockDeletingService (SCMBlockDeletingService.java:call(171)) - Added delete block command for datanode 81367453-3bf0-4298-8a83-8d5c3816df16 in the queue, number of delete block transactions: 3, TxID list: 1,2,3
2019-09-03 20:26:53,977 [SCMBlockDeletingService#1] INFO  block.SCMBlockDeletingService (SCMBlockDeletingService.java:call(182)) - Totally added 3 delete blocks command for 1 datanodes, task elapsed time: 2ms
2019-09-03 20:26:53,993 [pool-7-thread-1] INFO  commands.RetriableDatanodeEventWatcher (RetriableDatanodeEventWatcher.java:onTimeout(47)) - RetriableDatanodeCommand type=deleteBlocksCommand with id=1567542408584 timed out. Retrying.
2019-09-03 20:26:54,008 [pool-7-thread-1] INFO  commands.RetriableDatanodeEventWatcher (RetriableDatanodeEventWatcher.java:onTimeout(47)) - RetriableDatanodeCommand type=deleteBlocksCommand with id=1567542408594 timed out. Retrying.
2019-09-03 20:26:54,028 [pool-7-thread-1] INFO  commands.RetriableDatanodeEventWatcher (RetriableDatanodeEventWatcher.java:onTimeout(47)) - RetriableDatanodeCommand type=deleteBlocksCommand with id=1567542408604 timed out. Retrying.
2019-09-03 20:26:54,044 [pool-7-thread-1] INFO  commands.RetriableDatanodeEventWatcher (RetriableDatanodeEventWatcher.java:onTimeout(47)) - RetriableDatanodeCommand type=deleteBlocksCommand with id=1567542408614 timed out. Retrying.
2019-09-03 20:26:54,062 [pool-7-thread-1] INFO  commands.RetriableDatanodeEventWatcher (RetriableDatanodeEventWatcher.java:onTimeout(47)) - RetriableDatanodeCommand type=deleteBlocksCommand with id=1567542408624 timed out. Retrying.
2019-09-03 20:26:54,078 [SCMBlockDeletingService#1] DEBUG block.SCMBlockDeletingService (SCMBlockDeletingService.java:call(138)) - Running DeletedBlockTransactionScanner
2019-09-03 20:26:54,078 [SCMBlockDeletingService#1] DEBUG block.SCMBlockDeletingService (SCMBlockDeletingService.java:call(155)) - Scanned deleted blocks log and got 3 delTX to process.
2019-09-03 20:26:54,078 [SCMBlockDeletingService#1] DEBUG block.SCMBlockDeletingService (SCMBlockDeletingService.java:call(171)) - Added delete block command for datanode 81367453-3bf0-4298-8a83-8d5c3816df16 in the queue, number of delete block transactions: 3, TxID list: 1,2,3
2019-09-03 20:26:54,079 [SCMBlockDeletingService#1] INFO  block.SCMBlockDeletingService (SCMBlockDeletingService.java:call(182)) - Totally added 3 delete blocks command for 1 datanodes, task elapsed time: 1ms
2019-09-03 20:26:54,093 [pool-7-thread-1] INFO  commands.RetriableDatanodeEventWatcher (RetriableDatanodeEventWatcher.java:onTimeout(47)) - RetriableDatanodeCommand type=deleteBlocksCommand with id=1567542408585 timed out. Retrying.
2019-09-03 20:26:54,111 [pool-7-thread-1] INFO  commands.RetriableDatanodeEventWatcher (RetriableDatanodeEventWatcher.java:onTimeout(47)) - RetriableDatanodeCommand type=deleteBlocksCommand with id=1567542408595 timed out. Retrying.
2019-09-03 20:26:54,129 [pool-7-thread-1] INFO  commands.RetriableDatanodeEventWatcher (RetriableDatanodeEventWatcher.java:onTimeout(47)) - RetriableDatanodeCommand type=deleteBlocksCommand with id=1567542408605 timed out. Retrying.
2019-09-03 20:26:54,146 [pool-7-thread-1] INFO  commands.RetriableDatanodeEventWatcher (RetriableDatanodeEventWatcher.java:onTimeout(47)) - RetriableDatanodeCommand type=deleteBlocksCommand with id=1567542408615 timed out. Retrying.
2019-09-03 20:26:54,163 [pool-7-thread-1] INFO  commands.RetriableDatanodeEventWatcher (RetriableDatanodeEventWatcher.java:onTimeout(47)) - RetriableDatanodeCommand type=deleteBlocksCommand with id=1567542408625 timed out. Retrying.
2019-09-03 20:26:54,179 [SCMBlockDeletingService#1] DEBUG block.SCMBlockDeletingService (SCMBlockDeletingService.java:call(138)) - Running DeletedBlockTransactionScanner
2019-09-03 20:26:54,180 [SCMBlockDeletingService#1] DEBUG block.SCMBlockDeletingService (SCMBlockDeletingService.java:call(155)) - Scanned deleted blocks log and got 3 delTX to process.
2019-09-03 20:26:54,180 [SCMBlockDeletingService#1] DEBUG block.SCMBlockDeletingService (SCMBlockDeletingService.java:call(171)) - Added delete block command for datanode 81367453-3bf0-4298-8a83-8d5c3816df16 in the queue, number of delete block transactions: 3, TxID list: 1,2,3
2019-09-03 20:26:54,181 [SCMBlockDeletingService#1] INFO  block.SCMBlockDeletingService (SCMBlockDeletingService.java:call(182)) - Totally added 3 delete blocks command for 1 datanodes, task elapsed time: 1ms
2019-09-03 20:26:54,194 [pool-7-thread-1] INFO  commands.RetriableDatanodeEventWatcher (RetriableDatanodeEventWatcher.java:onTimeout(47)) - RetriableDatanodeCommand type=deleteBlocksCommand with id=1567542408586 timed out. Retrying.
2019-09-03 20:26:54,210 [main] INFO  ozone.MiniOzoneClusterImpl (MiniOzoneClusterImpl.java:lambda$waitForClusterToBeReady$0(140)) - Cluster is ready. Got 0 of 0 DN Heartbeats.
2019-09-03 20:26:54,212 [pool-7-thread-1] INFO  commands.RetriableDatanodeEventWatcher (RetriableDatanodeEventWatcher.java:onTimeout(47)) - RetriableDatanodeCommand type=deleteBlocksCommand with id=1567542408596 timed out. Retrying.
2019-09-03 20:26:54,215 [main] INFO  impl.MetricsSystemImpl (MetricsSystemImpl.java:init(158)) - HddsDatanode metrics system started (again)
2019-09-03 20:26:54,230 [pool-7-thread-1] INFO  commands.RetriableDatanodeEventWatcher (RetriableDatanodeEventWatcher.java:onTimeout(47)) - RetriableDatanodeCommand type=deleteBlocksCommand with id=1567542408606 timed out. Retrying.
2019-09-03 20:26:54,248 [pool-7-thread-1] INFO  commands.RetriableDatanodeEventWatcher (RetriableDatanodeEventWatcher.java:onTimeout(47)) - RetriableDatanodeCommand type=deleteBlocksCommand with id=1567542408616 timed out. Retrying.
2019-09-03 20:26:54,265 [pool-7-thread-1] INFO  commands.RetriableDatanodeEventWatcher (RetriableDatanodeEventWatcher.java:onTimeout(47)) - RetriableDatanodeCommand type=deleteBlocksCommand with id=1567542408626 timed out. Retrying.
2019-09-03 20:26:54,269 [main] INFO  ozone.HddsDatanodeService (HddsDatanodeService.java:start(184)) - HddsDatanodeService host:pr-hdds-1200-xgh2h-450883189 ip:192.168.36.111
2019-09-03 20:26:54,273 [main] INFO  volume.VolumeUsage (VolumeUsage.java:loadScmUsed(144)) - Cached ScmUsed found for /workdir/hadoop-ozone/integration-test/target/test-dir/MiniOzoneClusterImpl-f6d2529a-717c-4912-84e5-25bf8ea5201e/datanode-0/data/containers : 4096 
2019-09-03 20:26:54,273 [main] INFO  volume.HddsVolume (HddsVolume.java:<init>(176)) - Creating Volume: /workdir/hadoop-ozone/integration-test/target/test-dir/MiniOzoneClusterImpl-f6d2529a-717c-4912-84e5-25bf8ea5201e/datanode-0/data/containers/hdds of  storage type : DISK and capacity : 1482555576320
2019-09-03 20:26:54,274 [main] INFO  volume.VolumeSet (VolumeSet.java:initializeVolumeSet(170)) - Added Volume : /workdir/hadoop-ozone/integration-test/target/test-dir/MiniOzoneClusterImpl-f6d2529a-717c-4912-84e5-25bf8ea5201e/datanode-0/data/containers/hdds to VolumeSet
2019-09-03 20:26:54,274 [main] INFO  volume.ThrottledAsyncChecker (ThrottledAsyncChecker.java:schedule(140)) - Scheduling a check for org.apache.hadoop.ozone.container.common.volume.HddsVolume@3456558
2019-09-03 20:26:54,275 [main] INFO  volume.HddsVolumeChecker (HddsVolumeChecker.java:checkAllVolumes(203)) - Scheduled health check for volume org.apache.hadoop.ozone.container.common.volume.HddsVolume@3456558
2019-09-03 20:26:54,281 [SCMBlockDeletingService#1] DEBUG block.SCMBlockDeletingService (SCMBlockDeletingService.java:call(138)) - Running DeletedBlockTransactionScanner
2019-09-03 20:26:54,282 [SCMBlockDeletingService#1] DEBUG block.SCMBlockDeletingService (SCMBlockDeletingService.java:call(155)) - Scanned deleted blocks log and got 3 delTX to process.
2019-09-03 20:26:54,282 [SCMBlockDeletingService#1] DEBUG block.SCMBlockDeletingService (SCMBlockDeletingService.java:call(171)) - Added delete block command for datanode 81367453-3bf0-4298-8a83-8d5c3816df16 in the queue, number of delete block transactions: 3, TxID list: 1,2,3
2019-09-03 20:26:54,282 [SCMBlockDeletingService#1] INFO  block.SCMBlockDeletingService (SCMBlockDeletingService.java:call(182)) - Totally added 3 delete blocks command for 1 datanodes, task elapsed time: 1ms
2019-09-03 20:26:54,299 [pool-7-thread-1] INFO  commands.RetriableDatanodeEventWatcher (RetriableDatanodeEventWatcher.java:onTimeout(47)) - RetriableDatanodeCommand type=deleteBlocksCommand with id=1567542408587 timed out. Retrying.
2019-09-03 20:26:54,315 [pool-7-thread-1] INFO  commands.RetriableDatanodeEventWatcher (RetriableDatanodeEventWatcher.java:onTimeout(47)) - RetriableDatanodeCommand type=deleteBlocksCommand with id=1567542408597 timed out. Retrying.
2019-09-03 20:26:54,332 [pool-7-thread-1] INFO  commands.RetriableDatanodeEventWatcher (RetriableDatanodeEventWatcher.java:onTimeout(47)) - RetriableDatanodeCommand type=deleteBlocksCommand with id=1567542408607 timed out. Retrying.
2019-09-03 20:26:54,351 [pool-7-thread-1] INFO  commands.RetriableDatanodeEventWatcher (RetriableDatanodeEventWatcher.java:onTimeout(47)) - RetriableDatanodeCommand type=deleteBlocksCommand with id=1567542408617 timed out. Retrying.
2019-09-03 20:26:54,366 [pool-7-thread-1] INFO  commands.RetriableDatanodeEventWatcher (RetriableDatanodeEventWatcher.java:onTimeout(47)) - RetriableDatanodeCommand type=deleteBlocksCommand with id=1567542408627 timed out. Retrying.
2019-09-03 20:26:54,369 [main] INFO  impl.RaftServerProxy (ConfUtils.java:logGet(43)) - raft.rpc.type = GRPC (default)
2019-09-03 20:26:54,370 [main] INFO  grpc.GrpcFactory (GrpcFactory.java:checkPooledByteBufAllocatorUseCacheForAllThreads(45)) - PERFORMANCE WARNING: useCacheForAllThreads is true that may cause Netty to create a lot garbage objects and, as a result, trigger GC.
	It is recommended to disable useCacheForAllThreads by setting -Dorg.apache.ratis.thirdparty.io.netty.allocator.useCacheForAllThreads=false in command line.
2019-09-03 20:26:54,370 [main] INFO  grpc.GrpcConfigKeys$Server (ConfUtils.java:logGet(43)) - raft.grpc.server.port = 40871 (custom)
2019-09-03 20:26:54,371 [main] INFO  server.GrpcService (ConfUtils.java:logGet(43)) - raft.grpc.message.size.max = 33570816 (custom)
2019-09-03 20:26:54,371 [main] INFO  server.RaftServerConfigKeys (ConfUtils.java:logGet(43)) - raft.server.log.appender.buffer.byte-limit = 33554432 (custom)
2019-09-03 20:26:54,371 [main] INFO  server.GrpcService (ConfUtils.java:logGet(43)) - raft.grpc.flow.control.window = 1MB (=1048576) (default)
2019-09-03 20:26:54,372 [main] INFO  server.RaftServerConfigKeys (ConfUtils.java:logGet(43)) - raft.server.rpc.request.timeout = 3000ms (default)
2019-09-03 20:26:54,372 [main] INFO  server.RaftServerConfigKeys (ConfUtils.java:logGet(43)) - raft.server.storage.dir = [/workdir/hadoop-ozone/integration-test/target/test-dir/MiniOzoneClusterImpl-f6d2529a-717c-4912-84e5-25bf8ea5201e/datanode-0/data/ratis] (custom)
2019-09-03 20:26:54,373 [main] INFO  impl.RaftServerProxy (RaftServerProxy.java:lambda$null$0(191)) - 81367453-3bf0-4298-8a83-8d5c3816df16: found a subdirectory /workdir/hadoop-ozone/integration-test/target/test-dir/MiniOzoneClusterImpl-f6d2529a-717c-4912-84e5-25bf8ea5201e/datanode-0/data/ratis/a9d3e85d-64a7-4c5f-8c0c-f6ec397515c5
2019-09-03 20:26:54,375 [main] INFO  impl.RaftServerProxy (RaftServerProxy.java:addNew(89)) - 81367453-3bf0-4298-8a83-8d5c3816df16: addNew group-F6EC397515C5:[] returns group-F6EC397515C5:java.util.concurrent.CompletableFuture@5ceecfee[Not completed]
2019-09-03 20:26:54,385 [SCMBlockDeletingService#1] DEBUG block.SCMBlockDeletingService (SCMBlockDeletingService.java:call(138)) - Running DeletedBlockTransactionScanner
2019-09-03 20:26:54,395 [SCMBlockDeletingService#1] DEBUG block.SCMBlockDeletingService (SCMBlockDeletingService.java:call(155)) - Scanned deleted blocks log and got 3 delTX to process.
2019-09-03 20:26:54,400 [pool-7-thread-1] INFO  commands.RetriableDatanodeEventWatcher (SCMBlockDeletingService.java:call(171)) - Added delete block command for datanode 81367453-3bf0-4298-8a83-8d5c3816df16 in the queue, number of delete block transactions: 3, TxID list: 1,2,3
2019-09-03 20:26:54,400 [pool-7-thread-1] INFO  commands.RetriableDatanodeEventWatcher (RetriableDatanodeEventWatcher.java:onTimeout(47)) - RetriableDatanodeCommand type=deleteBlocksCommand with id=1567542408588 timed out. Retrying.
2019-09-03 20:26:54,401 [SCMBlockDeletingService#1] INFO  block.SCMBlockDeletingService (SCMBlockDeletingService.java:call(182)) - Totally added 3 delete blocks command for 1 datanodes, task elapsed time: 15ms
2019-09-03 20:26:54,402 [pool-592-thread-1] INFO  impl.RaftServerImpl (RaftServerImpl.java:<init>(93)) - 81367453-3bf0-4298-8a83-8d5c3816df16: new RaftServerImpl for group-F6EC397515C5:[] with ContainerStateMachine:uninitialized
2019-09-03 20:26:54,402 [main] INFO  hdfs.DFSUtil (DFSUtil.java:httpServerTemplateForNNAndJN(1641)) - Starting Web-server for hddsDatanode at: http://0.0.0.0:42154
2019-09-03 20:26:54,403 [pool-592-thread-1] INFO  server.RaftServerConfigKeys (ConfUtils.java:logGet(43)) - raft.server.rpc.timeout.min = 5s (custom)
2019-09-03 20:26:54,403 [pool-592-thread-1] INFO  server.RaftServerConfigKeys (ConfUtils.java:logGet(43)) - raft.server.rpc.timeout.max = 5200ms (custom)
2019-09-03 20:26:54,403 [pool-592-thread-1] INFO  server.RaftServerConfigKeys (ConfUtils.java:logGet(43)) - raft.server.rpcslowness.timeout = 120s (custom)
2019-09-03 20:26:54,403 [pool-592-thread-1] INFO  server.RaftServerConfigKeys (ConfUtils.java:logGet(43)) - raft.server.sleep.deviation.threshold = 300 (default)
2019-09-03 20:26:54,404 [pool-592-thread-1] INFO  server.RaftServerConfigKeys (ConfUtils.java:logGet(43)) - raft.server.log.appender.install.snapshot.enabled = false (custom)
2019-09-03 20:26:54,404 [pool-592-thread-1] INFO  impl.RaftServerImpl (ServerState.java:<init>(105)) - 81367453-3bf0-4298-8a83-8d5c3816df16:group-F6EC397515C5 ConfigurationManager, init=-1: [], old=null, confs=<EMPTY_MAP>
2019-09-03 20:26:54,404 [pool-592-thread-1] INFO  server.RaftServerConfigKeys (ConfUtils.java:logGet(43)) - raft.server.storage.dir = [/workdir/hadoop-ozone/integration-test/target/test-dir/MiniOzoneClusterImpl-f6d2529a-717c-4912-84e5-25bf8ea5201e/datanode-0/data/ratis] (custom)
2019-09-03 20:26:54,405 [main] INFO  server.AuthenticationFilter (AuthenticationFilter.java:constructSecretProvider(240)) - Unable to initialize FileSignerSecretProvider, falling back to use random secrets.
2019-09-03 20:26:54,407 [main] WARN  http.HttpRequestLog (HttpRequestLog.java:getRequestLog(97)) - Jetty request log can only be enabled using Log4j
2019-09-03 20:26:54,409 [main] INFO  http.HttpServer2 (HttpServer2.java:addGlobalFilter(975)) - Added global filter 'safety' (class=org.apache.hadoop.http.HttpServer2$QuotingInputFilter)
2019-09-03 20:26:54,410 [main] INFO  http.HttpServer2 (HttpServer2.java:addFilter(948)) - Added filter static_user_filter (class=org.apache.hadoop.http.lib.StaticUserWebFilter$StaticUserFilter) to context hddsDatanode
2019-09-03 20:26:54,411 [main] INFO  http.HttpServer2 (HttpServer2.java:addFilter(958)) - Added filter static_user_filter (class=org.apache.hadoop.http.lib.StaticUserWebFilter$StaticUserFilter) to context logs
2019-09-03 20:26:54,411 [main] INFO  http.HttpServer2 (HttpServer2.java:addFilter(958)) - Added filter static_user_filter (class=org.apache.hadoop.http.lib.StaticUserWebFilter$StaticUserFilter) to context static
2019-09-03 20:26:54,413 [main] INFO  http.HttpServer2 (HttpServer2.java:bindListener(1191)) - Jetty bound to port 42154
2019-09-03 20:26:54,413 [main] INFO  server.Server (Server.java:doStart(351)) - jetty-9.3.24.v20180605, build timestamp: 2018-06-05T17:11:56Z, git hash: 84205aa28f11a4f31f2a3b86d1bba2cc8ab69827
2019-09-03 20:26:54,415 [main] INFO  handler.ContextHandler (ContextHandler.java:doStart(781)) - Started o.e.j.s.ServletContextHandler@4462efe1{/logs,file:///workdir/hadoop-ozone/integration-test/target/log,AVAILABLE}
2019-09-03 20:26:54,416 [main] INFO  handler.ContextHandler (ContextHandler.java:doStart(781)) - Started o.e.j.s.ServletContextHandler@2db4ad1{/static,jar:file:/home/user/.m2/repository/org/apache/hadoop/hadoop-hdds-container-service/0.5.0-SNAPSHOT/hadoop-hdds-container-service-0.5.0-SNAPSHOT.jar!/webapps/static,AVAILABLE}
2019-09-03 20:26:54,417 [pool-7-thread-1] INFO  commands.RetriableDatanodeEventWatcher (RetriableDatanodeEventWatcher.java:onTimeout(47)) - RetriableDatanodeCommand type=deleteBlocksCommand with id=1567542408598 timed out. Retrying.
2019-09-03 20:26:54,435 [pool-7-thread-1] INFO  commands.RetriableDatanodeEventWatcher (RetriableDatanodeEventWatcher.java:onTimeout(47)) - RetriableDatanodeCommand type=deleteBlocksCommand with id=1567542408608 timed out. Retrying.
2019-09-03 20:26:54,451 [pool-7-thread-1] INFO  commands.RetriableDatanodeEventWatcher (RetriableDatanodeEventWatcher.java:onTimeout(47)) - RetriableDatanodeCommand type=deleteBlocksCommand with id=1567542408618 timed out. Retrying.
2019-09-03 20:26:54,460 [main] INFO  handler.ContextHandler (ContextHandler.java:doStart(781)) - Started o.e.j.w.WebAppContext@11f9535b{/,file:///tmp/jetty-0.0.0.0-42154-hddsDatanode-_-any-6756649758694804600.dir/webapp/,AVAILABLE}{/hddsDatanode}
2019-09-03 20:26:54,461 [main] INFO  server.AbstractConnector (AbstractConnector.java:doStart(278)) - Started ServerConnector@8cc8cdb{HTTP/1.1,[http/1.1]}{0.0.0.0:42154}
2019-09-03 20:26:54,462 [main] INFO  server.Server (Server.java:doStart(419)) - Started @87191ms
2019-09-03 20:26:54,462 [main] WARN  impl.MetricsSystemImpl (MetricsSystemImpl.java:register(276)) - Sink prometheus already exists!
2019-09-03 20:26:54,463 [main] INFO  server.BaseHttpServer (BaseHttpServer.java:updateConnectorAddress(215)) - HTTP server of HDDSDATANODE is listening at http://0.0.0.0:42154
2019-09-03 20:26:54,463 [main] INFO  ozone.MiniOzoneClusterImpl (MiniOzoneClusterImpl.java:lambda$waitForClusterToBeReady$0(140)) - Waiting for cluster to be ready. Got 0 of 1 DN Heartbeats.
2019-09-03 20:26:54,465 [org.apache.hadoop.util.JvmPauseMonitor$Monitor@626c44c5] INFO  util.JvmPauseMonitor (JvmPauseMonitor.java:run(188)) - Starting JVM pause monitor
2019-09-03 20:26:54,468 [pool-7-thread-1] INFO  commands.RetriableDatanodeEventWatcher (RetriableDatanodeEventWatcher.java:onTimeout(47)) - RetriableDatanodeCommand type=deleteBlocksCommand with id=1567542408628 timed out. Retrying.
2019-09-03 20:26:54,500 [pool-7-thread-1] INFO  commands.RetriableDatanodeEventWatcher (RetriableDatanodeEventWatcher.java:onTimeout(47)) - RetriableDatanodeCommand type=deleteBlocksCommand with id=1567542408589 timed out. Retrying.
2019-09-03 20:26:54,501 [SCMBlockDeletingService#0] DEBUG block.SCMBlockDeletingService (SCMBlockDeletingService.java:call(138)) - Running DeletedBlockTransactionScanner
2019-09-03 20:26:54,502 [SCMBlockDeletingService#0] DEBUG block.SCMBlockDeletingService (SCMBlockDeletingService.java:call(155)) - Scanned deleted blocks log and got 3 delTX to process.
2019-09-03 20:26:54,502 [SCMBlockDeletingService#0] DEBUG block.SCMBlockDeletingService (SCMBlockDeletingService.java:call(171)) - Added delete block command for datanode 81367453-3bf0-4298-8a83-8d5c3816df16 in the queue, number of delete block transactions: 3, TxID list: 1,2,3
2019-09-03 20:26:54,502 [SCMBlockDeletingService#0] INFO  block.SCMBlockDeletingService (SCMBlockDeletingService.java:call(182)) - Totally added 3 delete blocks command for 1 datanodes, task elapsed time: 2ms
2019-09-03 20:26:54,519 [pool-7-thread-1] INFO  commands.RetriableDatanodeEventWatcher (RetriableDatanodeEventWatcher.java:onTimeout(47)) - RetriableDatanodeCommand type=deleteBlocksCommand with id=1567542408599 timed out. Retrying.
2019-09-03 20:26:54,536 [pool-7-thread-1] INFO  commands.RetriableDatanodeEventWatcher (RetriableDatanodeEventWatcher.java:onTimeout(47)) - RetriableDatanodeCommand type=deleteBlocksCommand with id=1567542408609 timed out. Retrying.
2019-09-03 20:26:54,553 [pool-7-thread-1] INFO  commands.RetriableDatanodeEventWatcher (RetriableDatanodeEventWatcher.java:onTimeout(47)) - RetriableDatanodeCommand type=deleteBlocksCommand with id=1567542408619 timed out. Retrying.
2019-09-03 20:26:54,569 [pool-7-thread-1] INFO  commands.RetriableDatanodeEventWatcher (RetriableDatanodeEventWatcher.java:onTimeout(47)) - RetriableDatanodeCommand type=deleteBlocksCommand with id=1567542408629 timed out. Retrying.
2019-09-03 20:26:54,587 [pool-7-thread-1] INFO  commands.RetriableDatanodeEventWatcher (RetriableDatanodeEventWatcher.java:onTimeout(47)) - RetriableDatanodeCommand type=deleteBlocksCommand with id=1567542408580 timed out. Retrying.
2019-09-03 20:26:54,603 [SCMBlockDeletingService#0] DEBUG block.SCMBlockDeletingService (SCMBlockDeletingService.java:call(138)) - Running DeletedBlockTransactionScanner
2019-09-03 20:26:54,603 [pool-7-thread-1] INFO  commands.RetriableDatanodeEventWatcher (RetriableDatanodeEventWatcher.java:onTimeout(47)) - RetriableDatanodeCommand type=deleteBlocksCommand with id=1567542408590 timed out. Retrying.
2019-09-03 20:26:54,603 [SCMBlockDeletingService#0] DEBUG block.SCMBlockDeletingService (SCMBlockDeletingService.java:call(155)) - Scanned deleted blocks log and got 3 delTX to process.
2019-09-03 20:26:54,604 [SCMBlockDeletingService#0] DEBUG block.SCMBlockDeletingService (SCMBlockDeletingService.java:call(171)) - Added delete block command for datanode 81367453-3bf0-4298-8a83-8d5c3816df16 in the queue, number of delete block transactions: 3, TxID list: 1,2,3
2019-09-03 20:26:54,604 [SCMBlockDeletingService#0] INFO  block.SCMBlockDeletingService (SCMBlockDeletingService.java:call(182)) - Totally added 3 delete blocks command for 1 datanodes, task elapsed time: 1ms
2019-09-03 20:26:54,621 [pool-7-thread-1] INFO  commands.RetriableDatanodeEventWatcher (RetriableDatanodeEventWatcher.java:onTimeout(47)) - RetriableDatanodeCommand type=deleteBlocksCommand with id=1567542408600 timed out. Retrying.
2019-09-03 20:26:54,636 [pool-7-thread-1] INFO  commands.RetriableDatanodeEventWatcher (RetriableDatanodeEventWatcher.java:onTimeout(47)) - RetriableDatanodeCommand type=deleteBlocksCommand with id=1567542408610 timed out. Retrying.
2019-09-03 20:26:54,656 [pool-7-thread-1] INFO  commands.RetriableDatanodeEventWatcher (RetriableDatanodeEventWatcher.java:onTimeout(47)) - RetriableDatanodeCommand type=deleteBlocksCommand with id=1567542408620 timed out. Retrying.
2019-09-03 20:26:54,670 [pool-7-thread-1] INFO  commands.RetriableDatanodeEventWatcher (RetriableDatanodeEventWatcher.java:onTimeout(47)) - RetriableDatanodeCommand type=deleteBlocksCommand with id=1567542408630 timed out. Retrying.
2019-09-03 20:26:54,687 [pool-7-thread-1] INFO  commands.RetriableDatanodeEventWatcher (RetriableDatanodeEventWatcher.java:onTimeout(47)) - RetriableDatanodeCommand type=deleteBlocksCommand with id=1567542408581 timed out. Retrying.
2019-09-03 20:26:54,703 [pool-7-thread-1] INFO  commands.RetriableDatanodeEventWatcher (RetriableDatanodeEventWatcher.java:onTimeout(47)) - RetriableDatanodeCommand type=deleteBlocksCommand with id=1567542408591 timed out. Retrying.
2019-09-03 20:26:54,704 [SCMBlockDeletingService#0] DEBUG block.SCMBlockDeletingService (SCMBlockDeletingService.java:call(138)) - Running DeletedBlockTransactionScanner
2019-09-03 20:26:54,705 [SCMBlockDeletingService#0] DEBUG block.SCMBlockDeletingService (SCMBlockDeletingService.java:call(155)) - Scanned deleted blocks log and got 3 delTX to process.
2019-09-03 20:26:54,705 [SCMBlockDeletingService#0] DEBUG block.SCMBlockDeletingService (SCMBlockDeletingService.java:call(171)) - Added delete block command for datanode 81367453-3bf0-4298-8a83-8d5c3816df16 in the queue, number of delete block transactions: 3, TxID list: 1,2,3
2019-09-03 20:26:54,706 [SCMBlockDeletingService#0] INFO  block.SCMBlockDeletingService (SCMBlockDeletingService.java:call(182)) - Totally added 3 delete blocks command for 1 datanodes, task elapsed time: 1ms
2019-09-03 20:26:54,725 [pool-7-thread-1] INFO  commands.RetriableDatanodeEventWatcher (RetriableDatanodeEventWatcher.java:onTimeout(47)) - RetriableDatanodeCommand type=deleteBlocksCommand with id=1567542408601 timed out. Retrying.
2019-09-03 20:26:54,739 [pool-7-thread-1] INFO  commands.RetriableDatanodeEventWatcher (RetriableDatanodeEventWatcher.java:onTimeout(47)) - RetriableDatanodeCommand type=deleteBlocksCommand with id=1567542408611 timed out. Retrying.
2019-09-03 20:26:54,756 [pool-7-thread-1] INFO  commands.RetriableDatanodeEventWatcher (RetriableDatanodeEventWatcher.java:onTimeout(47)) - RetriableDatanodeCommand type=deleteBlocksCommand with id=1567542408621 timed out. Retrying.
2019-09-03 20:26:54,773 [pool-7-thread-1] INFO  commands.RetriableDatanodeEventWatcher (RetriableDatanodeEventWatcher.java:onTimeout(47)) - RetriableDatanodeCommand type=deleteBlocksCommand with id=1567542408631 timed out. Retrying.
2019-09-03 20:26:54,788 [pool-7-thread-1] INFO  commands.RetriableDatanodeEventWatcher (RetriableDatanodeEventWatcher.java:onTimeout(47)) - RetriableDatanodeCommand type=deleteBlocksCommand with id=1567542408582 timed out. Retrying.
2019-09-03 20:26:54,805 [pool-7-thread-1] INFO  commands.RetriableDatanodeEventWatcher (RetriableDatanodeEventWatcher.java:onTimeout(47)) - RetriableDatanodeCommand type=deleteBlocksCommand with id=1567542408592 timed out. Retrying.
2019-09-03 20:26:54,806 [SCMBlockDeletingService#0] DEBUG block.SCMBlockDeletingService (SCMBlockDeletingService.java:call(138)) - Running DeletedBlockTransactionScanner
2019-09-03 20:26:54,806 [SCMBlockDeletingService#0] DEBUG block.SCMBlockDeletingService (SCMBlockDeletingService.java:call(155)) - Scanned deleted blocks log and got 3 delTX to process.
2019-09-03 20:26:54,807 [SCMBlockDeletingService#0] DEBUG block.SCMBlockDeletingService (SCMBlockDeletingService.java:call(171)) - Added delete block command for datanode 81367453-3bf0-4298-8a83-8d5c3816df16 in the queue, number of delete block transactions: 3, TxID list: 1,2,3
2019-09-03 20:26:54,807 [SCMBlockDeletingService#0] INFO  block.SCMBlockDeletingService (SCMBlockDeletingService.java:call(182)) - Totally added 3 delete blocks command for 1 datanodes, task elapsed time: 1ms
2019-09-03 20:26:54,825 [pool-7-thread-1] INFO  commands.RetriableDatanodeEventWatcher (RetriableDatanodeEventWatcher.java:onTimeout(47)) - RetriableDatanodeCommand type=deleteBlocksCommand with id=1567542408602 timed out. Retrying.
2019-09-03 20:26:54,842 [pool-7-thread-1] INFO  commands.RetriableDatanodeEventWatcher (RetriableDatanodeEventWatcher.java:onTimeout(47)) - RetriableDatanodeCommand type=deleteBlocksCommand with id=1567542408612 timed out. Retrying.
2019-09-03 20:26:54,857 [pool-7-thread-1] INFO  commands.RetriableDatanodeEventWatcher (RetriableDatanodeEventWatcher.java:onTimeout(47)) - RetriableDatanodeCommand type=deleteBlocksCommand with id=1567542408622 timed out. Retrying.
2019-09-03 20:26:54,875 [pool-7-thread-1] INFO  commands.RetriableDatanodeEventWatcher (RetriableDatanodeEventWatcher.java:onTimeout(47)) - RetriableDatanodeCommand type=deleteBlocksCommand with id=1567542408632 timed out. Retrying.
2019-09-03 20:26:54,892 [pool-7-thread-1] INFO  commands.RetriableDatanodeEventWatcher (RetriableDatanodeEventWatcher.java:onTimeout(47)) - RetriableDatanodeCommand type=deleteBlocksCommand with id=1567542408583 timed out. Retrying.
2019-09-03 20:26:54,907 [pool-7-thread-1] INFO  commands.RetriableDatanodeEventWatcher (RetriableDatanodeEventWatcher.java:onTimeout(47)) - RetriableDatanodeCommand type=deleteBlocksCommand with id=1567542408593 timed out. Retrying.
2019-09-03 20:26:54,907 [SCMBlockDeletingService#0] DEBUG block.SCMBlockDeletingService (SCMBlockDeletingService.java:call(138)) - Running DeletedBlockTransactionScanner
2019-09-03 20:26:54,908 [SCMBlockDeletingService#0] DEBUG block.SCMBlockDeletingService (SCMBlockDeletingService.java:call(155)) - Scanned deleted blocks log and got 3 delTX to process.
2019-09-03 20:26:54,908 [SCMBlockDeletingService#0] DEBUG block.SCMBlockDeletingService (SCMBlockDeletingService.java:call(171)) - Added delete block command for datanode 81367453-3bf0-4298-8a83-8d5c3816df16 in the queue, number of delete block transactions: 3, TxID list: 1,2,3
2019-09-03 20:26:54,909 [SCMBlockDeletingService#0] INFO  block.SCMBlockDeletingService (SCMBlockDeletingService.java:call(182)) - Totally added 3 delete blocks command for 1 datanodes, task elapsed time: 1ms
2019-09-03 20:26:54,928 [pool-7-thread-1] INFO  commands.RetriableDatanodeEventWatcher (RetriableDatanodeEventWatcher.java:onTimeout(47)) - RetriableDatanodeCommand type=deleteBlocksCommand with id=1567542408603 timed out. Retrying.
2019-09-03 20:26:54,943 [pool-7-thread-1] INFO  commands.RetriableDatanodeEventWatcher (RetriableDatanodeEventWatcher.java:onTimeout(47)) - RetriableDatanodeCommand type=deleteBlocksCommand with id=1567542408613 timed out. Retrying.
2019-09-03 20:26:54,960 [pool-7-thread-1] INFO  commands.RetriableDatanodeEventWatcher (RetriableDatanodeEventWatcher.java:onTimeout(47)) - RetriableDatanodeCommand type=deleteBlocksCommand with id=1567542408623 timed out. Retrying.
2019-09-03 20:26:54,977 [pool-7-thread-1] INFO  commands.RetriableDatanodeEventWatcher (RetriableDatanodeEventWatcher.java:onTimeout(47)) - RetriableDatanodeCommand type=deleteBlocksCommand with id=1567542408633 timed out. Retrying.
2019-09-03 20:26:54,994 [pool-7-thread-1] INFO  commands.RetriableDatanodeEventWatcher (RetriableDatanodeEventWatcher.java:onTimeout(47)) - RetriableDatanodeCommand type=deleteBlocksCommand with id=1567542408584 timed out. Retrying.
2019-09-03 20:26:55,008 [pool-7-thread-1] INFO  commands.RetriableDatanodeEventWatcher (RetriableDatanodeEventWatcher.java:onTimeout(47)) - RetriableDatanodeCommand type=deleteBlocksCommand with id=1567542408594 timed out. Retrying.
2019-09-03 20:26:55,009 [SCMBlockDeletingService#0] DEBUG block.SCMBlockDeletingService (SCMBlockDeletingService.java:call(138)) - Running DeletedBlockTransactionScanner
2019-09-03 20:26:55,010 [SCMBlockDeletingService#0] DEBUG block.SCMBlockDeletingService (SCMBlockDeletingService.java:call(155)) - Scanned deleted blocks log and got 3 delTX to process.
2019-09-03 20:26:55,010 [SCMBlockDeletingService#0] DEBUG block.SCMBlockDeletingService (SCMBlockDeletingService.java:call(171)) - Added delete block command for datanode 81367453-3bf0-4298-8a83-8d5c3816df16 in the queue, number of delete block transactions: 3, TxID list: 1,2,3
2019-09-03 20:26:55,010 [SCMBlockDeletingService#0] INFO  block.SCMBlockDeletingService (SCMBlockDeletingService.java:call(182)) - Totally added 3 delete blocks command for 1 datanodes, task elapsed time: 2ms
2019-09-03 20:26:55,028 [pool-7-thread-1] INFO  commands.RetriableDatanodeEventWatcher (RetriableDatanodeEventWatcher.java:onTimeout(47)) - RetriableDatanodeCommand type=deleteBlocksCommand with id=1567542408604 timed out. Retrying.
2019-09-03 20:26:55,045 [pool-7-thread-1] INFO  commands.RetriableDatanodeEventWatcher (RetriableDatanodeEventWatcher.java:onTimeout(47)) - RetriableDatanodeCommand type=deleteBlocksCommand with id=1567542408614 timed out. Retrying.
2019-09-03 20:26:55,063 [pool-7-thread-1] INFO  commands.RetriableDatanodeEventWatcher (RetriableDatanodeEventWatcher.java:onTimeout(47)) - RetriableDatanodeCommand type=deleteBlocksCommand with id=1567542408624 timed out. Retrying.
2019-09-03 20:26:55,079 [pool-7-thread-1] INFO  commands.RetriableDatanodeEventWatcher (RetriableDatanodeEventWatcher.java:onTimeout(47)) - RetriableDatanodeCommand type=deleteBlocksCommand with id=1567542408634 timed out. Retrying.
2019-09-03 20:26:55,094 [pool-7-thread-1] INFO  commands.RetriableDatanodeEventWatcher (RetriableDatanodeEventWatcher.java:onTimeout(47)) - RetriableDatanodeCommand type=deleteBlocksCommand with id=1567542408585 timed out. Retrying.
2019-09-03 20:26:55,111 [SCMBlockDeletingService#0] DEBUG block.SCMBlockDeletingService (SCMBlockDeletingService.java:call(138)) - Running DeletedBlockTransactionScanner
2019-09-03 20:26:55,112 [SCMBlockDeletingService#0] DEBUG block.SCMBlockDeletingService (SCMBlockDeletingService.java:call(155)) - Scanned deleted blocks log and got 3 delTX to process.
2019-09-03 20:26:55,112 [pool-7-thread-1] INFO  commands.RetriableDatanodeEventWatcher (SCMBlockDeletingService.java:call(171)) - Added delete block command for datanode 81367453-3bf0-4298-8a83-8d5c3816df16 in the queue, number of delete block transactions: 3, TxID list: 1,2,3
2019-09-03 20:26:55,112 [pool-7-thread-1] INFO  commands.RetriableDatanodeEventWatcher (RetriableDatanodeEventWatcher.java:onTimeout(47)) - RetriableDatanodeCommand type=deleteBlocksCommand with id=1567542408595 timed out. Retrying.
2019-09-03 20:26:55,112 [SCMBlockDeletingService#0] INFO  block.SCMBlockDeletingService (SCMBlockDeletingService.java:call(182)) - Totally added 3 delete blocks command for 1 datanodes, task elapsed time: 2ms
2019-09-03 20:26:55,129 [pool-7-thread-1] INFO  commands.RetriableDatanodeEventWatcher (RetriableDatanodeEventWatcher.java:onTimeout(47)) - RetriableDatanodeCommand type=deleteBlocksCommand with id=1567542408605 timed out. Retrying.
2019-09-03 20:26:55,146 [pool-7-thread-1] INFO  commands.RetriableDatanodeEventWatcher (RetriableDatanodeEventWatcher.java:onTimeout(47)) - RetriableDatanodeCommand type=deleteBlocksCommand with id=1567542408615 timed out. Retrying.
2019-09-03 20:26:55,164 [pool-7-thread-1] INFO  commands.RetriableDatanodeEventWatcher (RetriableDatanodeEventWatcher.java:onTimeout(47)) - RetriableDatanodeCommand type=deleteBlocksCommand with id=1567542408625 timed out. Retrying.
2019-09-03 20:26:55,180 [pool-7-thread-1] INFO  commands.RetriableDatanodeEventWatcher (RetriableDatanodeEventWatcher.java:onTimeout(47)) - RetriableDatanodeCommand type=deleteBlocksCommand with id=1567542408635 timed out. Retrying.
2019-09-03 20:26:55,195 [pool-7-thread-1] INFO  commands.RetriableDatanodeEventWatcher (RetriableDatanodeEventWatcher.java:onTimeout(47)) - RetriableDatanodeCommand type=deleteBlocksCommand with id=1567542408586 timed out. Retrying.
2019-09-03 20:26:55,213 [SCMBlockDeletingService#0] DEBUG block.SCMBlockDeletingService (SCMBlockDeletingService.java:call(138)) - Running DeletedBlockTransactionScanner
2019-09-03 20:26:55,213 [pool-7-thread-1] INFO  commands.RetriableDatanodeEventWatcher (RetriableDatanodeEventWatcher.java:onTimeout(47)) - RetriableDatanodeCommand type=deleteBlocksCommand with id=1567542408596 timed out. Retrying.
2019-09-03 20:26:55,213 [SCMBlockDeletingService#0] DEBUG block.SCMBlockDeletingService (SCMBlockDeletingService.java:call(155)) - Scanned deleted blocks log and got 3 delTX to process.
2019-09-03 20:26:55,213 [SCMBlockDeletingService#0] DEBUG block.SCMBlockDeletingService (SCMBlockDeletingService.java:call(171)) - Added delete block command for datanode 81367453-3bf0-4298-8a83-8d5c3816df16 in the queue, number of delete block transactions: 3, TxID list: 1,2,3
2019-09-03 20:26:55,214 [SCMBlockDeletingService#0] INFO  block.SCMBlockDeletingService (SCMBlockDeletingService.java:call(182)) - Totally added 3 delete blocks command for 1 datanodes, task elapsed time: 1ms
2019-09-03 20:26:55,230 [pool-7-thread-1] INFO  commands.RetriableDatanodeEventWatcher (RetriableDatanodeEventWatcher.java:onTimeout(47)) - RetriableDatanodeCommand type=deleteBlocksCommand with id=1567542408606 timed out. Retrying.
2019-09-03 20:26:55,249 [pool-7-thread-1] INFO  commands.RetriableDatanodeEventWatcher (RetriableDatanodeEventWatcher.java:onTimeout(47)) - RetriableDatanodeCommand type=deleteBlocksCommand with id=1567542408616 timed out. Retrying.
2019-09-03 20:26:55,265 [pool-7-thread-1] INFO  commands.RetriableDatanodeEventWatcher (RetriableDatanodeEventWatcher.java:onTimeout(47)) - RetriableDatanodeCommand type=deleteBlocksCommand with id=1567542408626 timed out. Retrying.
2019-09-03 20:26:55,282 [pool-7-thread-1] INFO  commands.RetriableDatanodeEventWatcher (RetriableDatanodeEventWatcher.java:onTimeout(47)) - RetriableDatanodeCommand type=deleteBlocksCommand with id=1567542408636 timed out. Retrying.
2019-09-03 20:26:55,300 [pool-7-thread-1] INFO  commands.RetriableDatanodeEventWatcher (RetriableDatanodeEventWatcher.java:onTimeout(47)) - RetriableDatanodeCommand type=deleteBlocksCommand with id=1567542408587 timed out. Retrying.
2019-09-03 20:26:55,314 [SCMBlockDeletingService#0] DEBUG block.SCMBlockDeletingService (SCMBlockDeletingService.java:call(138)) - Running DeletedBlockTransactionScanner
2019-09-03 20:26:55,315 [SCMBlockDeletingService#0] DEBUG block.SCMBlockDeletingService (SCMBlockDeletingService.java:call(155)) - Scanned deleted blocks log and got 3 delTX to process.
2019-09-03 20:26:55,315 [SCMBlockDeletingService#0] DEBUG block.SCMBlockDeletingService (SCMBlockDeletingService.java:call(171)) - Added delete block command for datanode 81367453-3bf0-4298-8a83-8d5c3816df16 in the queue, number of delete block transactions: 3, TxID list: 1,2,3
2019-09-03 20:26:55,315 [pool-7-thread-1] INFO  commands.RetriableDatanodeEventWatcher (RetriableDatanodeEventWatcher.java:onTimeout(47)) - RetriableDatanodeCommand type=deleteBlocksCommand with id=1567542408597 timed out. Retrying.
2019-09-03 20:26:55,315 [SCMBlockDeletingService#0] INFO  block.SCMBlockDeletingService (SCMBlockDeletingService.java:call(182)) - Totally added 3 delete blocks command for 1 datanodes, task elapsed time: 2ms
2019-09-03 20:26:55,333 [pool-7-thread-1] INFO  commands.RetriableDatanodeEventWatcher (RetriableDatanodeEventWatcher.java:onTimeout(47)) - RetriableDatanodeCommand type=deleteBlocksCommand with id=1567542408607 timed out. Retrying.
2019-09-03 20:26:55,351 [pool-7-thread-1] INFO  commands.RetriableDatanodeEventWatcher (RetriableDatanodeEventWatcher.java:onTimeout(47)) - RetriableDatanodeCommand type=deleteBlocksCommand with id=1567542408617 timed out. Retrying.
2019-09-03 20:26:55,367 [pool-7-thread-1] INFO  commands.RetriableDatanodeEventWatcher (RetriableDatanodeEventWatcher.java:onTimeout(47)) - RetriableDatanodeCommand type=deleteBlocksCommand with id=1567542408627 timed out. Retrying.
2019-09-03 20:26:55,399 [pool-7-thread-1] INFO  commands.RetriableDatanodeEventWatcher (RetriableDatanodeEventWatcher.java:onTimeout(47)) - RetriableDatanodeCommand type=deleteBlocksCommand with id=1567542408637 timed out. Retrying.
2019-09-03 20:26:55,401 [pool-7-thread-1] INFO  commands.RetriableDatanodeEventWatcher (RetriableDatanodeEventWatcher.java:onTimeout(47)) - RetriableDatanodeCommand type=deleteBlocksCommand with id=1567542408588 timed out. Retrying.
2019-09-03 20:26:55,416 [SCMBlockDeletingService#0] DEBUG block.SCMBlockDeletingService (SCMBlockDeletingService.java:call(138)) - Running DeletedBlockTransactionScanner
2019-09-03 20:26:55,416 [SCMBlockDeletingService#0] DEBUG block.SCMBlockDeletingService (SCMBlockDeletingService.java:call(155)) - Scanned deleted blocks log and got 3 delTX to process.
2019-09-03 20:26:55,417 [pool-7-thread-1] INFO  commands.RetriableDatanodeEventWatcher (SCMBlockDeletingService.java:call(171)) - Added delete block command for datanode 81367453-3bf0-4298-8a83-8d5c3816df16 in the queue, number of delete block transactions: 3, TxID list: 1,2,3
2019-09-03 20:26:55,417 [pool-7-thread-1] INFO  commands.RetriableDatanodeEventWatcher (RetriableDatanodeEventWatcher.java:onTimeout(47)) - RetriableDatanodeCommand type=deleteBlocksCommand with id=1567542408598 timed out. Retrying.
2019-09-03 20:26:55,417 [SCMBlockDeletingService#0] INFO  block.SCMBlockDeletingService (SCMBlockDeletingService.java:call(182)) - Totally added 3 delete blocks command for 1 datanodes, task elapsed time: 1ms
2019-09-03 20:26:55,436 [pool-7-thread-1] INFO  commands.RetriableDatanodeEventWatcher (RetriableDatanodeEventWatcher.java:onTimeout(47)) - RetriableDatanodeCommand type=deleteBlocksCommand with id=1567542408608 timed out. Retrying.
2019-09-03 20:26:55,452 [pool-7-thread-1] INFO  commands.RetriableDatanodeEventWatcher (RetriableDatanodeEventWatcher.java:onTimeout(47)) - RetriableDatanodeCommand type=deleteBlocksCommand with id=1567542408618 timed out. Retrying.
2019-09-03 20:26:55,464 [main] INFO  ozone.MiniOzoneClusterImpl (MiniOzoneClusterImpl.java:lambda$waitForClusterToBeReady$0(140)) - Waiting for cluster to be ready. Got 0 of 1 DN Heartbeats.
2019-09-03 20:26:55,467 [pool-7-thread-1] INFO  commands.RetriableDatanodeEventWatcher (RetriableDatanodeEventWatcher.java:onTimeout(47)) - RetriableDatanodeCommand type=deleteBlocksCommand with id=1567542408628 timed out. Retrying.
2019-09-03 20:26:55,501 [pool-7-thread-1] INFO  commands.RetriableDatanodeEventWatcher (RetriableDatanodeEventWatcher.java:onTimeout(47)) - RetriableDatanodeCommand type=deleteBlocksCommand with id=1567542408589 timed out. Retrying.
2019-09-03 20:26:55,502 [pool-7-thread-1] INFO  commands.RetriableDatanodeEventWatcher (RetriableDatanodeEventWatcher.java:onTimeout(47)) - RetriableDatanodeCommand type=deleteBlocksCommand with id=1567542408638 timed out. Retrying.
2019-09-03 20:26:55,517 [SCMBlockDeletingService#0] DEBUG block.SCMBlockDeletingService (SCMBlockDeletingService.java:call(138)) - Running DeletedBlockTransactionScanner
2019-09-03 20:26:55,518 [SCMBlockDeletingService#0] DEBUG block.SCMBlockDeletingService (SCMBlockDeletingService.java:call(155)) - Scanned deleted blocks log and got 3 delTX to process.
2019-09-03 20:26:55,518 [SCMBlockDeletingService#0] DEBUG block.SCMBlockDeletingService (SCMBlockDeletingService.java:call(171)) - Added delete block command for datanode 81367453-3bf0-4298-8a83-8d5c3816df16 in the queue, number of delete block transactions: 3, TxID list: 1,2,3
2019-09-03 20:26:55,519 [SCMBlockDeletingService#0] INFO  block.SCMBlockDeletingService (SCMBlockDeletingService.java:call(182)) - Totally added 3 delete blocks command for 1 datanodes, task elapsed time: 1ms
2019-09-03 20:26:55,519 [pool-7-thread-1] INFO  commands.RetriableDatanodeEventWatcher (RetriableDatanodeEventWatcher.java:onTimeout(47)) - RetriableDatanodeCommand type=deleteBlocksCommand with id=1567542408599 timed out. Retrying.
2019-09-03 20:26:55,536 [pool-7-thread-1] INFO  commands.RetriableDatanodeEventWatcher (RetriableDatanodeEventWatcher.java:onTimeout(47)) - RetriableDatanodeCommand type=deleteBlocksCommand with id=1567542408609 timed out. Retrying.
2019-09-03 20:26:55,554 [pool-7-thread-1] INFO  commands.RetriableDatanodeEventWatcher (RetriableDatanodeEventWatcher.java:onTimeout(47)) - RetriableDatanodeCommand type=deleteBlocksCommand with id=1567542408619 timed out. Retrying.
2019-09-03 20:26:55,569 [pool-7-thread-1] INFO  commands.RetriableDatanodeEventWatcher (RetriableDatanodeEventWatcher.java:onTimeout(47)) - RetriableDatanodeCommand type=deleteBlocksCommand with id=1567542408629 timed out. Retrying.
2019-09-03 20:26:55,588 [pool-7-thread-1] INFO  commands.RetriableDatanodeEventWatcher (RetriableDatanodeEventWatcher.java:onTimeout(47)) - RetriableDatanodeCommand type=deleteBlocksCommand with id=1567542408580 timed out. Retrying.
2019-09-03 20:26:55,603 [pool-7-thread-1] INFO  commands.RetriableDatanodeEventWatcher (RetriableDatanodeEventWatcher.java:onTimeout(47)) - RetriableDatanodeCommand type=deleteBlocksCommand with id=1567542408590 timed out. Retrying.
2019-09-03 20:26:55,604 [pool-7-thread-1] INFO  commands.RetriableDatanodeEventWatcher (RetriableDatanodeEventWatcher.java:onTimeout(47)) - RetriableDatanodeCommand type=deleteBlocksCommand with id=1567542408639 timed out. Retrying.
2019-09-03 20:26:55,619 [SCMBlockDeletingService#0] DEBUG block.SCMBlockDeletingService (SCMBlockDeletingService.java:call(138)) - Running DeletedBlockTransactionScanner
2019-09-03 20:26:55,619 [SCMBlockDeletingService#0] DEBUG block.SCMBlockDeletingService (SCMBlockDeletingService.java:call(155)) - Scanned deleted blocks log and got 3 delTX to process.
2019-09-03 20:26:55,620 [SCMBlockDeletingService#0] DEBUG block.SCMBlockDeletingService (SCMBlockDeletingService.java:call(171)) - Added delete block command for datanode 81367453-3bf0-4298-8a83-8d5c3816df16 in the queue, number of delete block transactions: 3, TxID list: 1,2,3
2019-09-03 20:26:55,620 [SCMBlockDeletingService#0] INFO  block.SCMBlockDeletingService (SCMBlockDeletingService.java:call(182)) - Totally added 3 delete blocks command for 1 datanodes, task elapsed time: 1ms
2019-09-03 20:26:55,621 [pool-7-thread-1] INFO  commands.RetriableDatanodeEventWatcher (RetriableDatanodeEventWatcher.java:onTimeout(47)) - RetriableDatanodeCommand type=deleteBlocksCommand with id=1567542408600 timed out. Retrying.
2019-09-03 20:26:55,637 [pool-7-thread-1] INFO  commands.RetriableDatanodeEventWatcher (RetriableDatanodeEventWatcher.java:onTimeout(47)) - RetriableDatanodeCommand type=deleteBlocksCommand with id=1567542408610 timed out. Retrying.
2019-09-03 20:26:55,656 [pool-7-thread-1] INFO  commands.RetriableDatanodeEventWatcher (RetriableDatanodeEventWatcher.java:onTimeout(47)) - RetriableDatanodeCommand type=deleteBlocksCommand with id=1567542408620 timed out. Retrying.
2019-09-03 20:26:55,671 [pool-7-thread-1] INFO  commands.RetriableDatanodeEventWatcher (RetriableDatanodeEventWatcher.java:onTimeout(47)) - RetriableDatanodeCommand type=deleteBlocksCommand with id=1567542408630 timed out. Retrying.
2019-09-03 20:26:55,688 [pool-7-thread-1] INFO  commands.RetriableDatanodeEventWatcher (RetriableDatanodeEventWatcher.java:onTimeout(47)) - RetriableDatanodeCommand type=deleteBlocksCommand with id=1567542408581 timed out. Retrying.
2019-09-03 20:26:55,703 [pool-7-thread-1] INFO  commands.RetriableDatanodeEventWatcher (RetriableDatanodeEventWatcher.java:onTimeout(47)) - RetriableDatanodeCommand type=deleteBlocksCommand with id=1567542408591 timed out. Retrying.
2019-09-03 20:26:55,705 [pool-7-thread-1] INFO  commands.RetriableDatanodeEventWatcher (RetriableDatanodeEventWatcher.java:onTimeout(47)) - RetriableDatanodeCommand type=deleteBlocksCommand with id=1567542408640 timed out. Retrying.
2019-09-03 20:26:55,721 [SCMBlockDeletingService#0] DEBUG block.SCMBlockDeletingService (SCMBlockDeletingService.java:call(138)) - Running DeletedBlockTransactionScanner
2019-09-03 20:26:55,721 [SCMBlockDeletingService#0] DEBUG block.SCMBlockDeletingService (SCMBlockDeletingService.java:call(155)) - Scanned deleted blocks log and got 3 delTX to process.
2019-09-03 20:26:55,721 [SCMBlockDeletingService#0] DEBUG block.SCMBlockDeletingService (SCMBlockDeletingService.java:call(171)) - Added delete block command for datanode 81367453-3bf0-4298-8a83-8d5c3816df16 in the queue, number of delete block transactions: 3, TxID list: 1,2,3
2019-09-03 20:26:55,726 [pool-7-thread-1] INFO  commands.RetriableDatanodeEventWatcher (RetriableDatanodeEventWatcher.java:onTimeout(47)) - RetriableDatanodeCommand type=deleteBlocksCommand with id=1567542408601 timed out. Retrying.
2019-09-03 20:26:55,740 [pool-7-thread-1] INFO  commands.RetriableDatanodeEventWatcher (RetriableDatanodeEventWatcher.java:onTimeout(47)) - RetriableDatanodeCommand type=deleteBlocksCommand with id=1567542408611 timed out. Retrying.
2019-09-03 20:26:55,753 [SCMBlockDeletingService#0] INFO  block.SCMBlockDeletingService (SCMBlockDeletingService.java:call(182)) - Totally added 3 delete blocks command for 1 datanodes, task elapsed time: 32ms
2019-09-03 20:26:55,756 [pool-7-thread-1] INFO  commands.RetriableDatanodeEventWatcher (RetriableDatanodeEventWatcher.java:onTimeout(47)) - RetriableDatanodeCommand type=deleteBlocksCommand with id=1567542408621 timed out. Retrying.
2019-09-03 20:26:55,774 [pool-7-thread-1] INFO  commands.RetriableDatanodeEventWatcher (RetriableDatanodeEventWatcher.java:onTimeout(47)) - RetriableDatanodeCommand type=deleteBlocksCommand with id=1567542408631 timed out. Retrying.
2019-09-03 20:26:55,789 [pool-7-thread-1] INFO  commands.RetriableDatanodeEventWatcher (RetriableDatanodeEventWatcher.java:onTimeout(47)) - RetriableDatanodeCommand type=deleteBlocksCommand with id=1567542408582 timed out. Retrying.
2019-09-03 20:26:55,805 [pool-7-thread-1] INFO  commands.RetriableDatanodeEventWatcher (RetriableDatanodeEventWatcher.java:onTimeout(47)) - RetriableDatanodeCommand type=deleteBlocksCommand with id=1567542408592 timed out. Retrying.
2019-09-03 20:26:55,807 [pool-7-thread-1] INFO  commands.RetriableDatanodeEventWatcher (RetriableDatanodeEventWatcher.java:onTimeout(47)) - RetriableDatanodeCommand type=deleteBlocksCommand with id=1567542408641 timed out. Retrying.
2019-09-03 20:26:55,826 [pool-7-thread-1] INFO  commands.RetriableDatanodeEventWatcher (RetriableDatanodeEventWatcher.java:onTimeout(47)) - RetriableDatanodeCommand type=deleteBlocksCommand with id=1567542408602 timed out. Retrying.
2019-09-03 20:26:55,842 [pool-7-thread-1] INFO  commands.RetriableDatanodeEventWatcher (RetriableDatanodeEventWatcher.java:onTimeout(47)) - RetriableDatanodeCommand type=deleteBlocksCommand with id=1567542408612 timed out. Retrying.
2019-09-03 20:26:55,853 [SCMBlockDeletingService#0] DEBUG block.SCMBlockDeletingService (SCMBlockDeletingService.java:call(138)) - Running DeletedBlockTransactionScanner
2019-09-03 20:26:55,854 [SCMBlockDeletingService#0] DEBUG block.SCMBlockDeletingService (SCMBlockDeletingService.java:call(155)) - Scanned deleted blocks log and got 3 delTX to process.
2019-09-03 20:26:55,854 [SCMBlockDeletingService#0] DEBUG block.SCMBlockDeletingService (SCMBlockDeletingService.java:call(171)) - Added delete block command for datanode 81367453-3bf0-4298-8a83-8d5c3816df16 in the queue, number of delete block transactions: 3, TxID list: 1,2,3
2019-09-03 20:26:55,854 [SCMBlockDeletingService#0] INFO  block.SCMBlockDeletingService (SCMBlockDeletingService.java:call(182)) - Totally added 3 delete blocks command for 1 datanodes, task elapsed time: 2ms
2019-09-03 20:26:55,858 [pool-7-thread-1] INFO  commands.RetriableDatanodeEventWatcher (RetriableDatanodeEventWatcher.java:onTimeout(47)) - RetriableDatanodeCommand type=deleteBlocksCommand with id=1567542408622 timed out. Retrying.
2019-09-03 20:26:55,875 [pool-7-thread-1] INFO  commands.RetriableDatanodeEventWatcher (RetriableDatanodeEventWatcher.java:onTimeout(47)) - RetriableDatanodeCommand type=deleteBlocksCommand with id=1567542408632 timed out. Retrying.
2019-09-03 20:26:55,893 [pool-7-thread-1] INFO  commands.RetriableDatanodeEventWatcher (RetriableDatanodeEventWatcher.java:onTimeout(47)) - RetriableDatanodeCommand type=deleteBlocksCommand with id=1567542408583 timed out. Retrying.
2019-09-03 20:26:55,908 [pool-7-thread-1] INFO  commands.RetriableDatanodeEventWatcher (RetriableDatanodeEventWatcher.java:onTimeout(47)) - RetriableDatanodeCommand type=deleteBlocksCommand with id=1567542408593 timed out. Retrying.
2019-09-03 20:26:55,909 [pool-7-thread-1] INFO  commands.RetriableDatanodeEventWatcher (RetriableDatanodeEventWatcher.java:onTimeout(47)) - RetriableDatanodeCommand type=deleteBlocksCommand with id=1567542408642 timed out. Retrying.
2019-09-03 20:26:55,928 [pool-7-thread-1] INFO  commands.RetriableDatanodeEventWatcher (RetriableDatanodeEventWatcher.java:onTimeout(47)) - RetriableDatanodeCommand type=deleteBlocksCommand with id=1567542408603 timed out. Retrying.
2019-09-03 20:26:55,944 [pool-7-thread-1] INFO  commands.RetriableDatanodeEventWatcher (RetriableDatanodeEventWatcher.java:onTimeout(47)) - RetriableDatanodeCommand type=deleteBlocksCommand with id=1567542408613 timed out. Retrying.
2019-09-03 20:26:55,955 [SCMBlockDeletingService#0] DEBUG block.SCMBlockDeletingService (SCMBlockDeletingService.java:call(138)) - Running DeletedBlockTransactionScanner
2019-09-03 20:26:55,955 [SCMBlockDeletingService#0] DEBUG block.SCMBlockDeletingService (SCMBlockDeletingService.java:call(155)) - Scanned deleted blocks log and got 3 delTX to process.
2019-09-03 20:26:55,956 [SCMBlockDeletingService#0] DEBUG block.SCMBlockDeletingService (SCMBlockDeletingService.java:call(171)) - Added delete block command for datanode 81367453-3bf0-4298-8a83-8d5c3816df16 in the queue, number of delete block transactions: 3, TxID list: 1,2,3
2019-09-03 20:26:55,956 [SCMBlockDeletingService#0] INFO  block.SCMBlockDeletingService (SCMBlockDeletingService.java:call(182)) - Totally added 3 delete blocks command for 1 datanodes, task elapsed time: 2ms
2019-09-03 20:26:55,960 [pool-7-thread-1] INFO  commands.RetriableDatanodeEventWatcher (RetriableDatanodeEventWatcher.java:onTimeout(47)) - RetriableDatanodeCommand type=deleteBlocksCommand with id=1567542408623 timed out. Retrying.
2019-09-03 20:26:55,978 [pool-7-thread-1] INFO  commands.RetriableDatanodeEventWatcher (RetriableDatanodeEventWatcher.java:onTimeout(47)) - RetriableDatanodeCommand type=deleteBlocksCommand with id=1567542408633 timed out. Retrying.
2019-09-03 20:26:55,994 [pool-7-thread-1] INFO  commands.RetriableDatanodeEventWatcher (RetriableDatanodeEventWatcher.java:onTimeout(47)) - RetriableDatanodeCommand type=deleteBlocksCommand with id=1567542408584 timed out. Retrying.
2019-09-03 20:26:56,008 [pool-7-thread-1] INFO  commands.RetriableDatanodeEventWatcher (RetriableDatanodeEventWatcher.java:onTimeout(47)) - RetriableDatanodeCommand type=deleteBlocksCommand with id=1567542408594 timed out. Retrying.
2019-09-03 20:26:56,010 [pool-7-thread-1] INFO  commands.RetriableDatanodeEventWatcher (RetriableDatanodeEventWatcher.java:onTimeout(47)) - RetriableDatanodeCommand type=deleteBlocksCommand with id=1567542408643 timed out. Retrying.
2019-09-03 20:26:56,029 [pool-7-thread-1] INFO  commands.RetriableDatanodeEventWatcher (RetriableDatanodeEventWatcher.java:onTimeout(47)) - RetriableDatanodeCommand type=deleteBlocksCommand with id=1567542408604 timed out. Retrying.
2019-09-03 20:26:56,045 [pool-7-thread-1] INFO  commands.RetriableDatanodeEventWatcher (RetriableDatanodeEventWatcher.java:onTimeout(47)) - RetriableDatanodeCommand type=deleteBlocksCommand with id=1567542408614 timed out. Retrying.
2019-09-03 20:26:56,057 [SCMBlockDeletingService#0] DEBUG block.SCMBlockDeletingService (SCMBlockDeletingService.java:call(138)) - Running DeletedBlockTransactionScanner
2019-09-03 20:26:56,057 [SCMBlockDeletingService#0] DEBUG block.SCMBlockDeletingService (SCMBlockDeletingService.java:call(155)) - Scanned deleted blocks log and got 3 delTX to process.
2019-09-03 20:26:56,058 [SCMBlockDeletingService#0] DEBUG block.SCMBlockDeletingService (SCMBlockDeletingService.java:call(171)) - Added delete block command for datanode 81367453-3bf0-4298-8a83-8d5c3816df16 in the queue, number of delete block transactions: 3, TxID list: 1,2,3
2019-09-03 20:26:56,058 [SCMBlockDeletingService#0] INFO  block.SCMBlockDeletingService (SCMBlockDeletingService.java:call(182)) - Totally added 3 delete blocks command for 1 datanodes, task elapsed time: 1ms
2019-09-03 20:26:56,063 [pool-7-thread-1] INFO  commands.RetriableDatanodeEventWatcher (RetriableDatanodeEventWatcher.java:onTimeout(47)) - RetriableDatanodeCommand type=deleteBlocksCommand with id=1567542408624 timed out. Retrying.
2019-09-03 20:26:56,080 [pool-7-thread-1] INFO  commands.RetriableDatanodeEventWatcher (RetriableDatanodeEventWatcher.java:onTimeout(47)) - RetriableDatanodeCommand type=deleteBlocksCommand with id=1567542408634 timed out. Retrying.
2019-09-03 20:26:56,095 [pool-7-thread-1] INFO  commands.RetriableDatanodeEventWatcher (RetriableDatanodeEventWatcher.java:onTimeout(47)) - RetriableDatanodeCommand type=deleteBlocksCommand with id=1567542408585 timed out. Retrying.
2019-09-03 20:26:56,112 [pool-7-thread-1] INFO  commands.RetriableDatanodeEventWatcher (RetriableDatanodeEventWatcher.java:onTimeout(47)) - RetriableDatanodeCommand type=deleteBlocksCommand with id=1567542408595 timed out. Retrying.
2019-09-03 20:26:56,112 [pool-7-thread-2] INFO  commands.RetriableDatanodeEventWatcher (RetriableDatanodeEventWatcher.java:onTimeout(47)) - RetriableDatanodeCommand type=deleteBlocksCommand with id=1567542408644 timed out. Retrying.
2019-09-03 20:26:56,129 [pool-7-thread-2] INFO  commands.RetriableDatanodeEventWatcher (RetriableDatanodeEventWatcher.java:onTimeout(47)) - RetriableDatanodeCommand type=deleteBlocksCommand with id=1567542408605 timed out. Retrying.
2019-09-03 20:26:56,147 [pool-7-thread-2] INFO  commands.RetriableDatanodeEventWatcher (RetriableDatanodeEventWatcher.java:onTimeout(47)) - RetriableDatanodeCommand type=deleteBlocksCommand with id=1567542408615 timed out. Retrying.
2019-09-03 20:26:56,158 [SCMBlockDeletingService#0] DEBUG block.SCMBlockDeletingService (SCMBlockDeletingService.java:call(138)) - Running DeletedBlockTransactionScanner
2019-09-03 20:26:56,159 [SCMBlockDeletingService#0] DEBUG block.SCMBlockDeletingService (SCMBlockDeletingService.java:call(155)) - Scanned deleted blocks log and got 3 delTX to process.
2019-09-03 20:26:56,159 [SCMBlockDeletingService#0] DEBUG block.SCMBlockDeletingService (SCMBlockDeletingService.java:call(171)) - Added delete block command for datanode 81367453-3bf0-4298-8a83-8d5c3816df16 in the queue, number of delete block transactions: 3, TxID list: 1,2,3
2019-09-03 20:26:56,159 [SCMBlockDeletingService#0] INFO  block.SCMBlockDeletingService (SCMBlockDeletingService.java:call(182)) - Totally added 3 delete blocks command for 1 datanodes, task elapsed time: 1ms
2019-09-03 20:26:56,164 [pool-7-thread-2] INFO  commands.RetriableDatanodeEventWatcher (RetriableDatanodeEventWatcher.java:onTimeout(47)) - RetriableDatanodeCommand type=deleteBlocksCommand with id=1567542408625 timed out. Retrying.
2019-09-03 20:26:56,181 [pool-7-thread-2] INFO  commands.RetriableDatanodeEventWatcher (RetriableDatanodeEventWatcher.java:onTimeout(47)) - RetriableDatanodeCommand type=deleteBlocksCommand with id=1567542408635 timed out. Retrying.
2019-09-03 20:26:56,196 [pool-7-thread-2] INFO  commands.RetriableDatanodeEventWatcher (RetriableDatanodeEventWatcher.java:onTimeout(47)) - RetriableDatanodeCommand type=deleteBlocksCommand with id=1567542408586 timed out. Retrying.
2019-09-03 20:26:56,213 [pool-7-thread-2] INFO  commands.RetriableDatanodeEventWatcher (RetriableDatanodeEventWatcher.java:onTimeout(47)) - RetriableDatanodeCommand type=deleteBlocksCommand with id=1567542408596 timed out. Retrying.
2019-09-03 20:26:56,214 [pool-7-thread-2] INFO  commands.RetriableDatanodeEventWatcher (RetriableDatanodeEventWatcher.java:onTimeout(47)) - RetriableDatanodeCommand type=deleteBlocksCommand with id=1567542408645 timed out. Retrying.
2019-09-03 20:26:56,230 [pool-7-thread-2] INFO  commands.RetriableDatanodeEventWatcher (RetriableDatanodeEventWatcher.java:onTimeout(47)) - RetriableDatanodeCommand type=deleteBlocksCommand with id=1567542408606 timed out. Retrying.
2019-09-03 20:26:56,250 [pool-7-thread-2] INFO  commands.RetriableDatanodeEventWatcher (RetriableDatanodeEventWatcher.java:onTimeout(47)) - RetriableDatanodeCommand type=deleteBlocksCommand with id=1567542408616 timed out. Retrying.
2019-09-03 20:26:56,260 [SCMBlockDeletingService#0] DEBUG block.SCMBlockDeletingService (SCMBlockDeletingService.java:call(138)) - Running DeletedBlockTransactionScanner
2019-09-03 20:26:56,260 [SCMBlockDeletingService#0] DEBUG block.SCMBlockDeletingService (SCMBlockDeletingService.java:call(155)) - Scanned deleted blocks log and got 3 delTX to process.
2019-09-03 20:26:56,261 [SCMBlockDeletingService#0] DEBUG block.SCMBlockDeletingService (SCMBlockDeletingService.java:call(171)) - Added delete block command for datanode 81367453-3bf0-4298-8a83-8d5c3816df16 in the queue, number of delete block transactions: 3, TxID list: 1,2,3
2019-09-03 20:26:56,261 [SCMBlockDeletingService#0] INFO  block.SCMBlockDeletingService (SCMBlockDeletingService.java:call(182)) - Totally added 3 delete blocks command for 1 datanodes, task elapsed time: 1ms
2019-09-03 20:26:56,265 [pool-7-thread-2] INFO  commands.RetriableDatanodeEventWatcher (RetriableDatanodeEventWatcher.java:onTimeout(47)) - RetriableDatanodeCommand type=deleteBlocksCommand with id=1567542408626 timed out. Retrying.
2019-09-03 20:26:56,283 [pool-7-thread-2] INFO  commands.RetriableDatanodeEventWatcher (RetriableDatanodeEventWatcher.java:onTimeout(47)) - RetriableDatanodeCommand type=deleteBlocksCommand with id=1567542408636 timed out. Retrying.
2019-09-03 20:26:56,300 [pool-7-thread-2] INFO  commands.RetriableDatanodeEventWatcher (RetriableDatanodeEventWatcher.java:onTimeout(47)) - RetriableDatanodeCommand type=deleteBlocksCommand with id=1567542408587 timed out. Retrying.
2019-09-03 20:26:56,315 [pool-7-thread-2] INFO  commands.RetriableDatanodeEventWatcher (RetriableDatanodeEventWatcher.java:onTimeout(47)) - RetriableDatanodeCommand type=deleteBlocksCommand with id=1567542408646 timed out. Retrying.
2019-09-03 20:26:56,315 [pool-7-thread-2] INFO  commands.RetriableDatanodeEventWatcher (RetriableDatanodeEventWatcher.java:onTimeout(47)) - RetriableDatanodeCommand type=deleteBlocksCommand with id=1567542408597 timed out. Retrying.
2019-09-03 20:26:56,333 [pool-7-thread-2] INFO  commands.RetriableDatanodeEventWatcher (RetriableDatanodeEventWatcher.java:onTimeout(47)) - RetriableDatanodeCommand type=deleteBlocksCommand with id=1567542408607 timed out. Retrying.
2019-09-03 20:26:56,351 [pool-7-thread-2] INFO  commands.RetriableDatanodeEventWatcher (RetriableDatanodeEventWatcher.java:onTimeout(47)) - RetriableDatanodeCommand type=deleteBlocksCommand with id=1567542408617 timed out. Retrying.
2019-09-03 20:26:56,361 [SCMBlockDeletingService#0] DEBUG block.SCMBlockDeletingService (SCMBlockDeletingService.java:call(138)) - Running DeletedBlockTransactionScanner
2019-09-03 20:26:56,362 [SCMBlockDeletingService#0] DEBUG block.SCMBlockDeletingService (SCMBlockDeletingService.java:call(155)) - Scanned deleted blocks log and got 3 delTX to process.
2019-09-03 20:26:56,362 [SCMBlockDeletingService#0] DEBUG block.SCMBlockDeletingService (SCMBlockDeletingService.java:call(171)) - Added delete block command for datanode 81367453-3bf0-4298-8a83-8d5c3816df16 in the queue, number of delete block transactions: 3, TxID list: 1,2,3
2019-09-03 20:26:56,363 [SCMBlockDeletingService#0] INFO  block.SCMBlockDeletingService (SCMBlockDeletingService.java:call(182)) - Totally added 3 delete blocks command for 1 datanodes, task elapsed time: 1ms
2019-09-03 20:26:56,367 [pool-7-thread-2] INFO  commands.RetriableDatanodeEventWatcher (RetriableDatanodeEventWatcher.java:onTimeout(47)) - RetriableDatanodeCommand type=deleteBlocksCommand with id=1567542408627 timed out. Retrying.
2019-09-03 20:26:56,400 [pool-7-thread-2] INFO  commands.RetriableDatanodeEventWatcher (RetriableDatanodeEventWatcher.java:onTimeout(47)) - RetriableDatanodeCommand type=deleteBlocksCommand with id=1567542408637 timed out. Retrying.
2019-09-03 20:26:56,402 [pool-7-thread-2] INFO  commands.RetriableDatanodeEventWatcher (RetriableDatanodeEventWatcher.java:onTimeout(47)) - RetriableDatanodeCommand type=deleteBlocksCommand with id=1567542408588 timed out. Retrying.
2019-09-03 20:26:56,417 [pool-7-thread-2] INFO  commands.RetriableDatanodeEventWatcher (RetriableDatanodeEventWatcher.java:onTimeout(47)) - RetriableDatanodeCommand type=deleteBlocksCommand with id=1567542408598 timed out. Retrying.
2019-09-03 20:26:56,418 [pool-7-thread-1] INFO  commands.RetriableDatanodeEventWatcher (RetriableDatanodeEventWatcher.java:onTimeout(47)) - RetriableDatanodeCommand type=deleteBlocksCommand with id=1567542408647 timed out. Retrying.
2019-09-03 20:26:56,437 [pool-7-thread-1] INFO  commands.RetriableDatanodeEventWatcher (RetriableDatanodeEventWatcher.java:onTimeout(47)) - RetriableDatanodeCommand type=deleteBlocksCommand with id=1567542408608 timed out. Retrying.
2019-09-03 20:26:56,452 [pool-7-thread-1] INFO  commands.RetriableDatanodeEventWatcher (RetriableDatanodeEventWatcher.java:onTimeout(47)) - RetriableDatanodeCommand type=deleteBlocksCommand with id=1567542408618 timed out. Retrying.
2019-09-03 20:26:56,463 [SCMBlockDeletingService#0] DEBUG block.SCMBlockDeletingService (SCMBlockDeletingService.java:call(138)) - Running DeletedBlockTransactionScanner
2019-09-03 20:26:56,464 [SCMBlockDeletingService#0] DEBUG block.SCMBlockDeletingService (SCMBlockDeletingService.java:call(155)) - Scanned deleted blocks log and got 3 delTX to process.
2019-09-03 20:26:56,464 [main] INFO  ozone.MiniOzoneClusterImpl (MiniOzoneClusterImpl.java:lambda$waitForClusterToBeReady$0(140)) - Waiting for cluster to be ready. Got 0 of 1 DN Heartbeats.
2019-09-03 20:26:56,464 [SCMBlockDeletingService#0] DEBUG block.SCMBlockDeletingService (SCMBlockDeletingService.java:call(171)) - Added delete block command for datanode 81367453-3bf0-4298-8a83-8d5c3816df16 in the queue, number of delete block transactions: 3, TxID list: 1,2,3
2019-09-03 20:26:56,465 [SCMBlockDeletingService#0] INFO  block.SCMBlockDeletingService (SCMBlockDeletingService.java:call(182)) - Totally added 3 delete blocks command for 1 datanodes, task elapsed time: 2ms
2019-09-03 20:26:56,468 [pool-7-thread-1] INFO  commands.RetriableDatanodeEventWatcher (RetriableDatanodeEventWatcher.java:onTimeout(47)) - RetriableDatanodeCommand type=deleteBlocksCommand with id=1567542408628 timed out. Retrying.
2019-09-03 20:26:56,468 [Datanode State Machine Thread - 0] INFO  ozoneimpl.OzoneContainer (OzoneContainer.java:start(216)) - Attempting to start container services.
2019-09-03 20:26:56,468 [Datanode State Machine Thread - 0] INFO  ozoneimpl.OzoneContainer (OzoneContainer.java:startContainerScrub(178)) - Background container scanner has been disabled.
2019-09-03 20:26:56,468 [Datanode State Machine Thread - 0] INFO  ratis.XceiverServerRatis (XceiverServerRatis.java:start(393)) - Starting XceiverServerRatis 81367453-3bf0-4298-8a83-8d5c3816df16 at port 40871
2019-09-03 20:26:56,502 [pool-7-thread-1] INFO  commands.RetriableDatanodeEventWatcher (RetriableDatanodeEventWatcher.java:onTimeout(47)) - RetriableDatanodeCommand type=deleteBlocksCommand with id=1567542408638 timed out. Retrying.
2019-09-03 20:26:56,502 [pool-7-thread-2] INFO  commands.RetriableDatanodeEventWatcher (RetriableDatanodeEventWatcher.java:onTimeout(47)) - RetriableDatanodeCommand type=deleteBlocksCommand with id=1567542408589 timed out. Retrying.
2019-09-03 20:26:56,518 [pool-7-thread-2] INFO  commands.RetriableDatanodeEventWatcher (RetriableDatanodeEventWatcher.java:onTimeout(47)) - RetriableDatanodeCommand type=deleteBlocksCommand with id=1567542408648 timed out. Retrying.
2019-09-03 20:26:56,519 [pool-7-thread-2] INFO  commands.RetriableDatanodeEventWatcher (RetriableDatanodeEventWatcher.java:onTimeout(47)) - RetriableDatanodeCommand type=deleteBlocksCommand with id=1567542408599 timed out. Retrying.
2019-09-03 20:26:56,537 [pool-7-thread-2] INFO  commands.RetriableDatanodeEventWatcher (RetriableDatanodeEventWatcher.java:onTimeout(47)) - RetriableDatanodeCommand type=deleteBlocksCommand with id=1567542408609 timed out. Retrying.
2019-09-03 20:26:56,554 [pool-7-thread-2] INFO  commands.RetriableDatanodeEventWatcher (RetriableDatanodeEventWatcher.java:onTimeout(47)) - RetriableDatanodeCommand type=deleteBlocksCommand with id=1567542408619 timed out. Retrying.
2019-09-03 20:26:56,565 [SCMBlockDeletingService#0] DEBUG block.SCMBlockDeletingService (SCMBlockDeletingService.java:call(138)) - Running DeletedBlockTransactionScanner
2019-09-03 20:26:56,566 [SCMBlockDeletingService#0] DEBUG block.SCMBlockDeletingService (SCMBlockDeletingService.java:call(155)) - Scanned deleted blocks log and got 3 delTX to process.
2019-09-03 20:26:56,567 [SCMBlockDeletingService#0] DEBUG block.SCMBlockDeletingService (SCMBlockDeletingService.java:call(171)) - Added delete block command for datanode 81367453-3bf0-4298-8a83-8d5c3816df16 in the queue, number of delete block transactions: 3, TxID list: 1,2,3
2019-09-03 20:26:56,567 [SCMBlockDeletingService#0] INFO  block.SCMBlockDeletingService (SCMBlockDeletingService.java:call(182)) - Totally added 3 delete blocks command for 1 datanodes, task elapsed time: 2ms
2019-09-03 20:26:56,570 [pool-7-thread-2] INFO  commands.RetriableDatanodeEventWatcher (RetriableDatanodeEventWatcher.java:onTimeout(47)) - RetriableDatanodeCommand type=deleteBlocksCommand with id=1567542408629 timed out. Retrying.
2019-09-03 20:26:56,589 [pool-7-thread-2] INFO  commands.RetriableDatanodeEventWatcher (RetriableDatanodeEventWatcher.java:onTimeout(47)) - RetriableDatanodeCommand type=deleteBlocksCommand with id=1567542408580 timed out. Retrying.
2019-09-03 20:26:56,603 [pool-7-thread-2] INFO  commands.RetriableDatanodeEventWatcher (RetriableDatanodeEventWatcher.java:onTimeout(47)) - RetriableDatanodeCommand type=deleteBlocksCommand with id=1567542408590 timed out. Retrying.
2019-09-03 20:26:56,605 [pool-7-thread-2] INFO  commands.RetriableDatanodeEventWatcher (RetriableDatanodeEventWatcher.java:onTimeout(47)) - RetriableDatanodeCommand type=deleteBlocksCommand with id=1567542408639 timed out. Retrying.
2019-09-03 20:26:56,620 [pool-7-thread-2] INFO  commands.RetriableDatanodeEventWatcher (RetriableDatanodeEventWatcher.java:onTimeout(47)) - RetriableDatanodeCommand type=deleteBlocksCommand with id=1567542408649 timed out. Retrying.
2019-09-03 20:26:56,622 [pool-7-thread-2] INFO  commands.RetriableDatanodeEventWatcher (RetriableDatanodeEventWatcher.java:onTimeout(47)) - RetriableDatanodeCommand type=deleteBlocksCommand with id=1567542408600 timed out. Retrying.
2019-09-03 20:26:56,637 [pool-7-thread-2] INFO  commands.RetriableDatanodeEventWatcher (RetriableDatanodeEventWatcher.java:onTimeout(47)) - RetriableDatanodeCommand type=deleteBlocksCommand with id=1567542408610 timed out. Retrying.
2019-09-03 20:26:56,657 [pool-7-thread-2] INFO  commands.RetriableDatanodeEventWatcher (RetriableDatanodeEventWatcher.java:onTimeout(47)) - RetriableDatanodeCommand type=deleteBlocksCommand with id=1567542408620 timed out. Retrying.
2019-09-03 20:26:56,668 [SCMBlockDeletingService#0] DEBUG block.SCMBlockDeletingService (SCMBlockDeletingService.java:call(138)) - Running DeletedBlockTransactionScanner
2019-09-03 20:26:56,669 [SCMBlockDeletingService#0] DEBUG block.SCMBlockDeletingService (SCMBlockDeletingService.java:call(155)) - Scanned deleted blocks log and got 3 delTX to process.
2019-09-03 20:26:56,669 [SCMBlockDeletingService#0] DEBUG block.SCMBlockDeletingService (SCMBlockDeletingService.java:call(171)) - Added delete block command for datanode 81367453-3bf0-4298-8a83-8d5c3816df16 in the queue, number of delete block transactions: 3, TxID list: 1,2,3
2019-09-03 20:26:56,669 [SCMBlockDeletingService#0] INFO  block.SCMBlockDeletingService (SCMBlockDeletingService.java:call(182)) - Totally added 3 delete blocks command for 1 datanodes, task elapsed time: 2ms
2019-09-03 20:26:56,672 [pool-7-thread-2] INFO  commands.RetriableDatanodeEventWatcher (RetriableDatanodeEventWatcher.java:onTimeout(47)) - RetriableDatanodeCommand type=deleteBlocksCommand with id=1567542408630 timed out. Retrying.
2019-09-03 20:26:56,683 [pool-592-thread-1] INFO  storage.RaftStorageDirectory (RaftStorageDirectory.java:tryLock(328)) - Lock on /workdir/hadoop-ozone/integration-test/target/test-dir/MiniOzoneClusterImpl-f6d2529a-717c-4912-84e5-25bf8ea5201e/datanode-0/data/ratis/a9d3e85d-64a7-4c5f-8c0c-f6ec397515c5/in_use.lock acquired by nodename 8687@pr-hdds-1200-xgh2h-450883189
2019-09-03 20:26:56,688 [pool-7-thread-2] INFO  commands.RetriableDatanodeEventWatcher (RetriableDatanodeEventWatcher.java:onTimeout(47)) - RetriableDatanodeCommand type=deleteBlocksCommand with id=1567542408581 timed out. Retrying.
2019-09-03 20:26:56,690 [pool-592-thread-1] INFO  ratis.ContainerStateMachine (ContainerStateMachine.java:loadSnapshot(236)) - group-F6EC397515C5: Setting the last applied index to (t:1, i:6055)
2019-09-03 20:26:56,695 [pool-592-thread-1] INFO  impl.RaftServerImpl (ServerState.java:setRaftConf(361)) - 81367453-3bf0-4298-8a83-8d5c3816df16:group-F6EC397515C5 set configuration 0: [81367453-3bf0-4298-8a83-8d5c3816df16:192.168.36.111:40871], old=null at 0
2019-09-03 20:26:56,695 [pool-592-thread-1] INFO  server.RaftServerConfigKeys (ConfUtils.java:logGet(43)) - raft.server.leader.election.timeout = 120s (custom)
2019-09-03 20:26:56,695 [pool-592-thread-1] INFO  server.RaftServerConfigKeys (ConfUtils.java:logGet(43)) - raft.server.log.use.memory = false (default)
2019-09-03 20:26:56,695 [pool-592-thread-1] INFO  server.RaftServerConfigKeys (ConfUtils.java:logGet(43)) - raft.server.log.purge.gap = 1000000 (custom)
2019-09-03 20:26:56,695 [pool-592-thread-1] INFO  server.RaftServerConfigKeys (ConfUtils.java:logGet(43)) - raft.server.log.appender.buffer.byte-limit = 33554432 (custom)
2019-09-03 20:26:56,696 [pool-592-thread-1] INFO  server.RaftServerConfigKeys (ConfUtils.java:logGet(43)) - raft.server.log.segment.size.max = 1048576 (custom)
2019-09-03 20:26:56,696 [pool-592-thread-1] INFO  server.RaftServerConfigKeys (ConfUtils.java:logGet(43)) - raft.server.log.segment.cache.num.max = 2 (custom)
2019-09-03 20:26:56,696 [pool-592-thread-1] INFO  segmented.SegmentedRaftLogWorker (SegmentedRaftLogWorker.java:<init>(172)) - new 81367453-3bf0-4298-8a83-8d5c3816df16-SegmentedRaftLogWorker:Storage Directory /workdir/hadoop-ozone/integration-test/target/test-dir/MiniOzoneClusterImpl-f6d2529a-717c-4912-84e5-25bf8ea5201e/datanode-0/data/ratis/a9d3e85d-64a7-4c5f-8c0c-f6ec397515c5 for RaftStorage:Storage Directory /workdir/hadoop-ozone/integration-test/target/test-dir/MiniOzoneClusterImpl-f6d2529a-717c-4912-84e5-25bf8ea5201e/datanode-0/data/ratis/a9d3e85d-64a7-4c5f-8c0c-f6ec397515c5
2019-09-03 20:26:56,696 [pool-592-thread-1] INFO  server.RaftServerConfigKeys (ConfUtils.java:logGet(43)) - raft.server.log.queue.byte-limit = 2147483647 (custom)
2019-09-03 20:26:56,696 [pool-592-thread-1] INFO  server.RaftServerConfigKeys (ConfUtils.java:logGet(43)) - raft.server.log.queue.element-limit = 1024 (custom)
2019-09-03 20:26:56,697 [pool-592-thread-1] INFO  server.RaftServerConfigKeys (ConfUtils.java:logGet(43)) - raft.server.log.segment.size.max = 1048576 (custom)
2019-09-03 20:26:56,697 [pool-592-thread-1] INFO  server.RaftServerConfigKeys (ConfUtils.java:logGet(43)) - raft.server.log.preallocated.size = 16384 (custom)
2019-09-03 20:26:56,697 [pool-592-thread-1] INFO  server.RaftServerConfigKeys (ConfUtils.java:logGet(43)) - raft.server.log.write.buffer.size = 33554432 (custom)
2019-09-03 20:26:56,697 [pool-592-thread-1] INFO  server.RaftServerConfigKeys (ConfUtils.java:logGet(43)) - raft.server.log.force.sync.num = 128 (default)
2019-09-03 20:26:56,697 [pool-592-thread-1] INFO  server.RaftServerConfigKeys (ConfUtils.java:logGet(43)) - raft.server.log.statemachine.data.sync = true (default)
2019-09-03 20:26:56,698 [pool-592-thread-1] INFO  server.RaftServerConfigKeys (ConfUtils.java:logGet(43)) - raft.server.log.statemachine.data.sync.timeout = 10s (default)
2019-09-03 20:26:56,698 [pool-592-thread-1] INFO  server.RaftServerConfigKeys (ConfUtils.java:logGet(43)) - raft.server.log.statemachine.data.sync.timeout.retry = -1 (default)
2019-09-03 20:26:56,698 [pool-592-thread-1] INFO  server.RaftServerConfigKeys (ConfUtils.java:logGet(43)) - raft.server.log.statemachine.data.caching.enabled = true (custom)
2019-09-03 20:26:56,704 [pool-7-thread-1] INFO  commands.RetriableDatanodeEventWatcher (RetriableDatanodeEventWatcher.java:onTimeout(47)) - RetriableDatanodeCommand type=deleteBlocksCommand with id=1567542408640 timed out. Retrying.
2019-09-03 20:26:56,706 [pool-7-thread-2] INFO  commands.RetriableDatanodeEventWatcher (RetriableDatanodeEventWatcher.java:onTimeout(47)) - RetriableDatanodeCommand type=deleteBlocksCommand with id=1567542408591 timed out. Retrying.
2019-09-03 20:26:56,707 [pool-592-thread-1] INFO  impl.RaftServerImpl (ServerState.java:setRaftConf(361)) - 81367453-3bf0-4298-8a83-8d5c3816df16:group-F6EC397515C5 set configuration 0: [81367453-3bf0-4298-8a83-8d5c3816df16:192.168.36.111:40871], old=null at 0
2019-09-03 20:26:56,722 [pool-7-thread-2] INFO  commands.RetriableDatanodeEventWatcher (RetriableDatanodeEventWatcher.java:onTimeout(47)) - RetriableDatanodeCommand type=deleteBlocksCommand with id=1567542408650 timed out. Retrying.
2019-09-03 20:26:56,726 [pool-7-thread-2] INFO  commands.RetriableDatanodeEventWatcher (RetriableDatanodeEventWatcher.java:onTimeout(47)) - RetriableDatanodeCommand type=deleteBlocksCommand with id=1567542408601 timed out. Retrying.
2019-09-03 20:26:56,741 [pool-7-thread-2] INFO  commands.RetriableDatanodeEventWatcher (RetriableDatanodeEventWatcher.java:onTimeout(47)) - RetriableDatanodeCommand type=deleteBlocksCommand with id=1567542408611 timed out. Retrying.
2019-09-03 20:26:56,757 [pool-7-thread-2] INFO  commands.RetriableDatanodeEventWatcher (RetriableDatanodeEventWatcher.java:onTimeout(47)) - RetriableDatanodeCommand type=deleteBlocksCommand with id=1567542408621 timed out. Retrying.
2019-09-03 20:26:56,761 [pool-592-thread-1] INFO  segmented.LogSegment (LogSegment.java:loadSegment(145)) - Successfully read 5372 entries from segment file /workdir/hadoop-ozone/integration-test/target/test-dir/MiniOzoneClusterImpl-f6d2529a-717c-4912-84e5-25bf8ea5201e/datanode-0/data/ratis/a9d3e85d-64a7-4c5f-8c0c-f6ec397515c5/current/log_0-5371
2019-09-03 20:26:56,764 [pool-592-thread-1] INFO  segmented.LogSegment (LogSegment.java:loadSegment(145)) - Successfully read 685 entries from segment file /workdir/hadoop-ozone/integration-test/target/test-dir/MiniOzoneClusterImpl-f6d2529a-717c-4912-84e5-25bf8ea5201e/datanode-0/data/ratis/a9d3e85d-64a7-4c5f-8c0c-f6ec397515c5/current/log_inprogress_5372
2019-09-03 20:26:56,764 [pool-592-thread-1] INFO  segmented.SegmentedRaftLogWorker (SegmentedRaftLogWorker.java:lambda$new$0(132)) - 81367453-3bf0-4298-8a83-8d5c3816df16-SegmentedRaftLogWorker:Storage Directory /workdir/hadoop-ozone/integration-test/target/test-dir/MiniOzoneClusterImpl-f6d2529a-717c-4912-84e5-25bf8ea5201e/datanode-0/data/ratis/a9d3e85d-64a7-4c5f-8c0c-f6ec397515c5: flushIndex: setUnconditionally 0 -> 6056
2019-09-03 20:26:56,770 [SCMBlockDeletingService#0] DEBUG block.SCMBlockDeletingService (SCMBlockDeletingService.java:call(138)) - Running DeletedBlockTransactionScanner
2019-09-03 20:26:56,770 [SCMBlockDeletingService#0] DEBUG block.SCMBlockDeletingService (SCMBlockDeletingService.java:call(155)) - Scanned deleted blocks log and got 3 delTX to process.
2019-09-03 20:26:56,771 [SCMBlockDeletingService#0] DEBUG block.SCMBlockDeletingService (SCMBlockDeletingService.java:call(171)) - Added delete block command for datanode 81367453-3bf0-4298-8a83-8d5c3816df16 in the queue, number of delete block transactions: 3, TxID list: 1,2,3
2019-09-03 20:26:56,771 [SCMBlockDeletingService#0] INFO  block.SCMBlockDeletingService (SCMBlockDeletingService.java:call(182)) - Totally added 3 delete blocks command for 1 datanodes, task elapsed time: 1ms
2019-09-03 20:26:56,774 [pool-7-thread-2] INFO  commands.RetriableDatanodeEventWatcher (RetriableDatanodeEventWatcher.java:onTimeout(47)) - RetriableDatanodeCommand type=deleteBlocksCommand with id=1567542408631 timed out. Retrying.
2019-09-03 20:26:56,790 [pool-7-thread-2] INFO  commands.RetriableDatanodeEventWatcher (RetriableDatanodeEventWatcher.java:onTimeout(47)) - RetriableDatanodeCommand type=deleteBlocksCommand with id=1567542408582 timed out. Retrying.
2019-09-03 20:26:56,796 [pool-592-thread-1] INFO  raftlog.RaftLog (RaftLog.java:lambda$new$0(62)) - 81367453-3bf0-4298-8a83-8d5c3816df16: commitIndex: updateToMax old=6055, new=6055, updated? false
2019-09-03 20:26:56,797 [pool-592-thread-1] INFO  server.RaftServerConfigKeys (ConfUtils.java:logGet(43)) - raft.server.snapshot.auto.trigger.enabled = true (custom)
2019-09-03 20:26:56,797 [pool-592-thread-1] INFO  server.RaftServerConfigKeys (ConfUtils.java:logGet(43)) - raft.server.snapshot.auto.trigger.threshold = 10000 (custom)
2019-09-03 20:26:56,797 [pool-592-thread-1] INFO  server.RaftServerConfigKeys (ConfUtils.java:logGet(43)) - raft.server.retrycache.expirytime = 600000ms (custom)
2019-09-03 20:26:56,797 [Datanode State Machine Thread - 0] INFO  impl.RaftServerImpl (RaftServerImpl.java:start(180)) - 81367453-3bf0-4298-8a83-8d5c3816df16: start group-F6EC397515C5
2019-09-03 20:26:56,799 [Datanode State Machine Thread - 0] INFO  impl.RaftServerImpl (RaftServerImpl.java:setRole(171)) - 81367453-3bf0-4298-8a83-8d5c3816df16:group-F6EC397515C5 changes role from null to FOLLOWER at term 1 for startAsFollower
2019-09-03 20:26:56,799 [Datanode State Machine Thread - 0] INFO  impl.RoleInfo (RoleInfo.java:updateAndGet(143)) - 81367453-3bf0-4298-8a83-8d5c3816df16: start FollowerState
2019-09-03 20:26:56,800 [Datanode State Machine Thread - 0] INFO  util.JmxRegister (JmxRegister.java:tryRegister(44)) - Successfully registered JMX Bean with object name Ratis:service=RaftServer,group=group-F6EC397515C5,id=81367453-3bf0-4298-8a83-8d5c3816df16
2019-09-03 20:26:56,801 [Datanode State Machine Thread - 0] INFO  impl.RaftServerProxy (RaftServerProxy.java:lambda$start$3(299)) - 81367453-3bf0-4298-8a83-8d5c3816df16: start RPC server
2019-09-03 20:26:56,805 [Datanode State Machine Thread - 0] INFO  server.GrpcService (GrpcService.java:startImpl(149)) - 81367453-3bf0-4298-8a83-8d5c3816df16: GrpcService started, listening on 0.0.0.0/0.0.0.0:40871
2019-09-03 20:26:56,807 [pool-7-thread-2] INFO  commands.RetriableDatanodeEventWatcher (RetriableDatanodeEventWatcher.java:onTimeout(47)) - RetriableDatanodeCommand type=deleteBlocksCommand with id=1567542408592 timed out. Retrying.
2019-09-03 20:26:56,807 [pool-7-thread-1] INFO  commands.RetriableDatanodeEventWatcher (RetriableDatanodeEventWatcher.java:onTimeout(47)) - RetriableDatanodeCommand type=deleteBlocksCommand with id=1567542408641 timed out. Retrying.
2019-09-03 20:26:56,827 [pool-7-thread-1] INFO  commands.RetriableDatanodeEventWatcher (RetriableDatanodeEventWatcher.java:onTimeout(47)) - RetriableDatanodeCommand type=deleteBlocksCommand with id=1567542408602 timed out. Retrying.
2019-09-03 20:26:56,843 [pool-7-thread-1] INFO  commands.RetriableDatanodeEventWatcher (RetriableDatanodeEventWatcher.java:onTimeout(47)) - RetriableDatanodeCommand type=deleteBlocksCommand with id=1567542408612 timed out. Retrying.
2019-09-03 20:26:56,854 [pool-7-thread-1] INFO  commands.RetriableDatanodeEventWatcher (RetriableDatanodeEventWatcher.java:onTimeout(47)) - RetriableDatanodeCommand type=deleteBlocksCommand with id=1567542408651 timed out. Retrying.
2019-09-03 20:26:56,859 [pool-7-thread-1] INFO  commands.RetriableDatanodeEventWatcher (RetriableDatanodeEventWatcher.java:onTimeout(47)) - RetriableDatanodeCommand type=deleteBlocksCommand with id=1567542408622 timed out. Retrying.
2019-09-03 20:26:56,871 [SCMBlockDeletingService#0] DEBUG block.SCMBlockDeletingService (SCMBlockDeletingService.java:call(138)) - Running DeletedBlockTransactionScanner
2019-09-03 20:26:56,872 [SCMBlockDeletingService#0] DEBUG block.SCMBlockDeletingService (SCMBlockDeletingService.java:call(155)) - Scanned deleted blocks log and got 3 delTX to process.
2019-09-03 20:26:56,872 [SCMBlockDeletingService#0] DEBUG block.SCMBlockDeletingService (SCMBlockDeletingService.java:call(171)) - Added delete block command for datanode 81367453-3bf0-4298-8a83-8d5c3816df16 in the queue, number of delete block transactions: 3, TxID list: 1,2,3
2019-09-03 20:26:56,872 [SCMBlockDeletingService#0] INFO  block.SCMBlockDeletingService (SCMBlockDeletingService.java:call(182)) - Totally added 3 delete blocks command for 1 datanodes, task elapsed time: 1ms
2019-09-03 20:26:56,875 [pool-7-thread-1] INFO  commands.RetriableDatanodeEventWatcher (RetriableDatanodeEventWatcher.java:onTimeout(47)) - RetriableDatanodeCommand type=deleteBlocksCommand with id=1567542408632 timed out. Retrying.
2019-09-03 20:26:56,893 [pool-7-thread-1] INFO  commands.RetriableDatanodeEventWatcher (RetriableDatanodeEventWatcher.java:onTimeout(47)) - RetriableDatanodeCommand type=deleteBlocksCommand with id=1567542408583 timed out. Retrying.
2019-09-03 20:26:56,908 [pool-7-thread-1] INFO  commands.RetriableDatanodeEventWatcher (RetriableDatanodeEventWatcher.java:onTimeout(47)) - RetriableDatanodeCommand type=deleteBlocksCommand with id=1567542408593 timed out. Retrying.
2019-09-03 20:26:56,910 [pool-7-thread-1] INFO  commands.RetriableDatanodeEventWatcher (RetriableDatanodeEventWatcher.java:onTimeout(47)) - RetriableDatanodeCommand type=deleteBlocksCommand with id=1567542408642 timed out. Retrying.
2019-09-03 20:26:56,928 [pool-7-thread-1] INFO  commands.RetriableDatanodeEventWatcher (RetriableDatanodeEventWatcher.java:onTimeout(47)) - RetriableDatanodeCommand type=deleteBlocksCommand with id=1567542408603 timed out. Retrying.
2019-09-03 20:26:56,945 [pool-7-thread-1] INFO  commands.RetriableDatanodeEventWatcher (RetriableDatanodeEventWatcher.java:onTimeout(47)) - RetriableDatanodeCommand type=deleteBlocksCommand with id=1567542408613 timed out. Retrying.
2019-09-03 20:26:56,956 [pool-7-thread-1] INFO  commands.RetriableDatanodeEventWatcher (RetriableDatanodeEventWatcher.java:onTimeout(47)) - RetriableDatanodeCommand type=deleteBlocksCommand with id=1567542408652 timed out. Retrying.
2019-09-03 20:26:56,961 [pool-7-thread-1] INFO  commands.RetriableDatanodeEventWatcher (RetriableDatanodeEventWatcher.java:onTimeout(47)) - RetriableDatanodeCommand type=deleteBlocksCommand with id=1567542408623 timed out. Retrying.
2019-09-03 20:26:56,973 [SCMBlockDeletingService#0] DEBUG block.SCMBlockDeletingService (SCMBlockDeletingService.java:call(138)) - Running DeletedBlockTransactionScanner
2019-09-03 20:26:56,973 [SCMBlockDeletingService#0] DEBUG block.SCMBlockDeletingService (SCMBlockDeletingService.java:call(155)) - Scanned deleted blocks log and got 3 delTX to process.
2019-09-03 20:26:56,973 [SCMBlockDeletingService#0] DEBUG block.SCMBlockDeletingService (SCMBlockDeletingService.java:call(171)) - Added delete block command for datanode 81367453-3bf0-4298-8a83-8d5c3816df16 in the queue, number of delete block transactions: 3, TxID list: 1,2,3
2019-09-03 20:26:56,974 [SCMBlockDeletingService#0] INFO  block.SCMBlockDeletingService (SCMBlockDeletingService.java:call(182)) - Totally added 3 delete blocks command for 1 datanodes, task elapsed time: 1ms
2019-09-03 20:26:56,978 [pool-7-thread-1] INFO  commands.RetriableDatanodeEventWatcher (RetriableDatanodeEventWatcher.java:onTimeout(47)) - RetriableDatanodeCommand type=deleteBlocksCommand with id=1567542408633 timed out. Retrying.
2019-09-03 20:26:56,995 [pool-7-thread-1] INFO  commands.RetriableDatanodeEventWatcher (RetriableDatanodeEventWatcher.java:onTimeout(47)) - RetriableDatanodeCommand type=deleteBlocksCommand with id=1567542408584 timed out. Retrying.
2019-09-03 20:26:57,009 [pool-7-thread-1] INFO  commands.RetriableDatanodeEventWatcher (RetriableDatanodeEventWatcher.java:onTimeout(47)) - RetriableDatanodeCommand type=deleteBlocksCommand with id=1567542408594 timed out. Retrying.
2019-09-03 20:26:57,009 [pool-7-thread-1] INFO  commands.RetriableDatanodeEventWatcher (RetriableDatanodeEventWatcher.java:onTimeout(47)) - RetriableDatanodeCommand type=deleteBlocksCommand with id=1567542408643 timed out. Retrying.
2019-09-03 20:26:57,030 [pool-7-thread-1] INFO  commands.RetriableDatanodeEventWatcher (RetriableDatanodeEventWatcher.java:onTimeout(47)) - RetriableDatanodeCommand type=deleteBlocksCommand with id=1567542408604 timed out. Retrying.
2019-09-03 20:26:57,045 [pool-7-thread-1] INFO  commands.RetriableDatanodeEventWatcher (RetriableDatanodeEventWatcher.java:onTimeout(47)) - RetriableDatanodeCommand type=deleteBlocksCommand with id=1567542408614 timed out. Retrying.
2019-09-03 20:26:57,058 [pool-7-thread-1] INFO  commands.RetriableDatanodeEventWatcher (RetriableDatanodeEventWatcher.java:onTimeout(47)) - RetriableDatanodeCommand type=deleteBlocksCommand with id=1567542408653 timed out. Retrying.
2019-09-03 20:26:57,063 [pool-7-thread-1] INFO  commands.RetriableDatanodeEventWatcher (RetriableDatanodeEventWatcher.java:onTimeout(47)) - RetriableDatanodeCommand type=deleteBlocksCommand with id=1567542408624 timed out. Retrying.
2019-09-03 20:26:57,074 [SCMBlockDeletingService#0] DEBUG block.SCMBlockDeletingService (SCMBlockDeletingService.java:call(138)) - Running DeletedBlockTransactionScanner
2019-09-03 20:26:57,075 [SCMBlockDeletingService#0] DEBUG block.SCMBlockDeletingService (SCMBlockDeletingService.java:call(155)) - Scanned deleted blocks log and got 3 delTX to process.
2019-09-03 20:26:57,075 [SCMBlockDeletingService#0] DEBUG block.SCMBlockDeletingService (SCMBlockDeletingService.java:call(171)) - Added delete block command for datanode 81367453-3bf0-4298-8a83-8d5c3816df16 in the queue, number of delete block transactions: 3, TxID list: 1,2,3
2019-09-03 20:26:57,076 [SCMBlockDeletingService#0] INFO  block.SCMBlockDeletingService (SCMBlockDeletingService.java:call(182)) - Totally added 3 delete blocks command for 1 datanodes, task elapsed time: 1ms
2019-09-03 20:26:57,080 [pool-7-thread-1] INFO  commands.RetriableDatanodeEventWatcher (RetriableDatanodeEventWatcher.java:onTimeout(47)) - RetriableDatanodeCommand type=deleteBlocksCommand with id=1567542408634 timed out. Retrying.
2019-09-03 20:26:57,096 [pool-7-thread-1] INFO  commands.RetriableDatanodeEventWatcher (RetriableDatanodeEventWatcher.java:onTimeout(47)) - RetriableDatanodeCommand type=deleteBlocksCommand with id=1567542408585 timed out. Retrying.
2019-09-03 20:26:57,112 [pool-7-thread-1] INFO  commands.RetriableDatanodeEventWatcher (RetriableDatanodeEventWatcher.java:onTimeout(47)) - RetriableDatanodeCommand type=deleteBlocksCommand with id=1567542408595 timed out. Retrying.
2019-09-03 20:26:57,112 [pool-7-thread-1] INFO  commands.RetriableDatanodeEventWatcher (RetriableDatanodeEventWatcher.java:onTimeout(47)) - RetriableDatanodeCommand type=deleteBlocksCommand with id=1567542408644 timed out. Retrying.
2019-09-03 20:26:57,130 [pool-7-thread-1] INFO  commands.RetriableDatanodeEventWatcher (RetriableDatanodeEventWatcher.java:onTimeout(47)) - RetriableDatanodeCommand type=deleteBlocksCommand with id=1567542408605 timed out. Retrying.
2019-09-03 20:26:57,148 [pool-7-thread-1] INFO  commands.RetriableDatanodeEventWatcher (RetriableDatanodeEventWatcher.java:onTimeout(47)) - RetriableDatanodeCommand type=deleteBlocksCommand with id=1567542408615 timed out. Retrying.
2019-09-03 20:26:57,159 [pool-7-thread-1] INFO  commands.RetriableDatanodeEventWatcher (RetriableDatanodeEventWatcher.java:onTimeout(47)) - RetriableDatanodeCommand type=deleteBlocksCommand with id=1567542408654 timed out. Retrying.
2019-09-03 20:26:57,165 [pool-7-thread-1] INFO  commands.RetriableDatanodeEventWatcher (RetriableDatanodeEventWatcher.java:onTimeout(47)) - RetriableDatanodeCommand type=deleteBlocksCommand with id=1567542408625 timed out. Retrying.
2019-09-03 20:26:57,176 [SCMBlockDeletingService#0] DEBUG block.SCMBlockDeletingService (SCMBlockDeletingService.java:call(138)) - Running DeletedBlockTransactionScanner
2019-09-03 20:26:57,177 [SCMBlockDeletingService#0] DEBUG block.SCMBlockDeletingService (SCMBlockDeletingService.java:call(155)) - Scanned deleted blocks log and got 3 delTX to process.
2019-09-03 20:26:57,177 [SCMBlockDeletingService#0] DEBUG block.SCMBlockDeletingService (SCMBlockDeletingService.java:call(171)) - Added delete block command for datanode 81367453-3bf0-4298-8a83-8d5c3816df16 in the queue, number of delete block transactions: 3, TxID list: 1,2,3
2019-09-03 20:26:57,178 [SCMBlockDeletingService#0] INFO  block.SCMBlockDeletingService (SCMBlockDeletingService.java:call(182)) - Totally added 3 delete blocks command for 1 datanodes, task elapsed time: 1ms
2019-09-03 20:26:57,182 [pool-7-thread-1] INFO  commands.RetriableDatanodeEventWatcher (RetriableDatanodeEventWatcher.java:onTimeout(47)) - RetriableDatanodeCommand type=deleteBlocksCommand with id=1567542408635 timed out. Retrying.
2019-09-03 20:26:57,196 [pool-7-thread-1] INFO  commands.RetriableDatanodeEventWatcher (RetriableDatanodeEventWatcher.java:onTimeout(47)) - RetriableDatanodeCommand type=deleteBlocksCommand with id=1567542408586 timed out. Retrying.
2019-09-03 20:26:57,214 [pool-7-thread-1] INFO  commands.RetriableDatanodeEventWatcher (RetriableDatanodeEventWatcher.java:onTimeout(47)) - RetriableDatanodeCommand type=deleteBlocksCommand with id=1567542408596 timed out. Retrying.
2019-09-03 20:26:57,214 [pool-7-thread-2] INFO  commands.RetriableDatanodeEventWatcher (RetriableDatanodeEventWatcher.java:onTimeout(47)) - RetriableDatanodeCommand type=deleteBlocksCommand with id=1567542408645 timed out. Retrying.
2019-09-03 20:26:57,231 [pool-7-thread-2] INFO  commands.RetriableDatanodeEventWatcher (RetriableDatanodeEventWatcher.java:onTimeout(47)) - RetriableDatanodeCommand type=deleteBlocksCommand with id=1567542408606 timed out. Retrying.
2019-09-03 20:26:57,250 [pool-7-thread-2] INFO  commands.RetriableDatanodeEventWatcher (RetriableDatanodeEventWatcher.java:onTimeout(47)) - RetriableDatanodeCommand type=deleteBlocksCommand with id=1567542408616 timed out. Retrying.
2019-09-03 20:26:57,261 [pool-7-thread-2] INFO  commands.RetriableDatanodeEventWatcher (RetriableDatanodeEventWatcher.java:onTimeout(47)) - RetriableDatanodeCommand type=deleteBlocksCommand with id=1567542408655 timed out. Retrying.
2019-09-03 20:26:57,266 [pool-7-thread-2] INFO  commands.RetriableDatanodeEventWatcher (RetriableDatanodeEventWatcher.java:onTimeout(47)) - RetriableDatanodeCommand type=deleteBlocksCommand with id=1567542408626 timed out. Retrying.
2019-09-03 20:26:57,278 [SCMBlockDeletingService#0] DEBUG block.SCMBlockDeletingService (SCMBlockDeletingService.java:call(138)) - Running DeletedBlockTransactionScanner
2019-09-03 20:26:57,278 [SCMBlockDeletingService#0] DEBUG block.SCMBlockDeletingService (SCMBlockDeletingService.java:call(155)) - Scanned deleted blocks log and got 3 delTX to process.
2019-09-03 20:26:57,279 [SCMBlockDeletingService#0] DEBUG block.SCMBlockDeletingService (SCMBlockDeletingService.java:call(171)) - Added delete block command for datanode 81367453-3bf0-4298-8a83-8d5c3816df16 in the queue, number of delete block transactions: 3, TxID list: 1,2,3
2019-09-03 20:26:57,279 [SCMBlockDeletingService#0] INFO  block.SCMBlockDeletingService (SCMBlockDeletingService.java:call(182)) - Totally added 3 delete blocks command for 1 datanodes, task elapsed time: 1ms
2019-09-03 20:26:57,283 [pool-7-thread-2] INFO  commands.RetriableDatanodeEventWatcher (RetriableDatanodeEventWatcher.java:onTimeout(47)) - RetriableDatanodeCommand type=deleteBlocksCommand with id=1567542408636 timed out. Retrying.
2019-09-03 20:26:57,301 [pool-7-thread-2] INFO  commands.RetriableDatanodeEventWatcher (RetriableDatanodeEventWatcher.java:onTimeout(47)) - RetriableDatanodeCommand type=deleteBlocksCommand with id=1567542408587 timed out. Retrying.
2019-09-03 20:26:57,315 [pool-7-thread-2] INFO  commands.RetriableDatanodeEventWatcher (RetriableDatanodeEventWatcher.java:onTimeout(47)) - RetriableDatanodeCommand type=deleteBlocksCommand with id=1567542408646 timed out. Retrying.
2019-09-03 20:26:57,316 [pool-7-thread-2] INFO  commands.RetriableDatanodeEventWatcher (RetriableDatanodeEventWatcher.java:onTimeout(47)) - RetriableDatanodeCommand type=deleteBlocksCommand with id=1567542408597 timed out. Retrying.
2019-09-03 20:26:57,333 [pool-7-thread-2] INFO  commands.RetriableDatanodeEventWatcher (RetriableDatanodeEventWatcher.java:onTimeout(47)) - RetriableDatanodeCommand type=deleteBlocksCommand with id=1567542408607 timed out. Retrying.
2019-09-03 20:26:57,351 [pool-7-thread-2] INFO  commands.RetriableDatanodeEventWatcher (RetriableDatanodeEventWatcher.java:onTimeout(47)) - RetriableDatanodeCommand type=deleteBlocksCommand with id=1567542408617 timed out. Retrying.
2019-09-03 20:26:57,362 [pool-7-thread-2] INFO  commands.RetriableDatanodeEventWatcher (RetriableDatanodeEventWatcher.java:onTimeout(47)) - RetriableDatanodeCommand type=deleteBlocksCommand with id=1567542408656 timed out. Retrying.
2019-09-03 20:26:57,367 [pool-7-thread-2] INFO  commands.RetriableDatanodeEventWatcher (RetriableDatanodeEventWatcher.java:onTimeout(47)) - RetriableDatanodeCommand type=deleteBlocksCommand with id=1567542408627 timed out. Retrying.
2019-09-03 20:26:57,380 [SCMBlockDeletingService#0] DEBUG block.SCMBlockDeletingService (SCMBlockDeletingService.java:call(138)) - Running DeletedBlockTransactionScanner
2019-09-03 20:26:57,380 [SCMBlockDeletingService#0] DEBUG block.SCMBlockDeletingService (SCMBlockDeletingService.java:call(155)) - Scanned deleted blocks log and got 3 delTX to process.
2019-09-03 20:26:57,381 [SCMBlockDeletingService#0] DEBUG block.SCMBlockDeletingService (SCMBlockDeletingService.java:call(171)) - Added delete block command for datanode 81367453-3bf0-4298-8a83-8d5c3816df16 in the queue, number of delete block transactions: 3, TxID list: 1,2,3
2019-09-03 20:26:57,381 [SCMBlockDeletingService#0] INFO  block.SCMBlockDeletingService (SCMBlockDeletingService.java:call(182)) - Totally added 3 delete blocks command for 1 datanodes, task elapsed time: 1ms
2019-09-03 20:26:57,401 [pool-7-thread-2] INFO  commands.RetriableDatanodeEventWatcher (RetriableDatanodeEventWatcher.java:onTimeout(47)) - RetriableDatanodeCommand type=deleteBlocksCommand with id=1567542408637 timed out. Retrying.
2019-09-03 20:26:57,401 [pool-7-thread-2] INFO  commands.RetriableDatanodeEventWatcher (RetriableDatanodeEventWatcher.java:onTimeout(47)) - RetriableDatanodeCommand type=deleteBlocksCommand with id=1567542408588 timed out. Retrying.
2019-09-03 20:26:57,418 [pool-7-thread-2] INFO  commands.RetriableDatanodeEventWatcher (RetriableDatanodeEventWatcher.java:onTimeout(47)) - RetriableDatanodeCommand type=deleteBlocksCommand with id=1567542408598 timed out. Retrying.
2019-09-03 20:26:57,418 [pool-7-thread-1] INFO  commands.RetriableDatanodeEventWatcher (RetriableDatanodeEventWatcher.java:onTimeout(47)) - RetriableDatanodeCommand type=deleteBlocksCommand with id=1567542408647 timed out. Retrying.
2019-09-03 20:26:57,438 [pool-7-thread-1] INFO  commands.RetriableDatanodeEventWatcher (RetriableDatanodeEventWatcher.java:onTimeout(47)) - RetriableDatanodeCommand type=deleteBlocksCommand with id=1567542408608 timed out. Retrying.
2019-09-03 20:26:57,452 [pool-7-thread-1] INFO  commands.RetriableDatanodeEventWatcher (RetriableDatanodeEventWatcher.java:onTimeout(47)) - RetriableDatanodeCommand type=deleteBlocksCommand with id=1567542408618 timed out. Retrying.
2019-09-03 20:26:57,464 [pool-7-thread-1] INFO  commands.RetriableDatanodeEventWatcher (RetriableDatanodeEventWatcher.java:onTimeout(47)) - RetriableDatanodeCommand type=deleteBlocksCommand with id=1567542408657 timed out. Retrying.
2019-09-03 20:26:57,465 [main] INFO  ozone.MiniOzoneClusterImpl (MiniOzoneClusterImpl.java:lambda$waitForClusterToBeReady$0(140)) - Waiting for cluster to be ready. Got 0 of 1 DN Heartbeats.
2019-09-03 20:26:57,468 [pool-7-thread-1] INFO  commands.RetriableDatanodeEventWatcher (RetriableDatanodeEventWatcher.java:onTimeout(47)) - RetriableDatanodeCommand type=deleteBlocksCommand with id=1567542408628 timed out. Retrying.
2019-09-03 20:26:57,482 [SCMBlockDeletingService#0] DEBUG block.SCMBlockDeletingService (SCMBlockDeletingService.java:call(138)) - Running DeletedBlockTransactionScanner
2019-09-03 20:26:57,482 [SCMBlockDeletingService#0] DEBUG block.SCMBlockDeletingService (SCMBlockDeletingService.java:call(155)) - Scanned deleted blocks log and got 3 delTX to process.
2019-09-03 20:26:57,482 [SCMBlockDeletingService#0] DEBUG block.SCMBlockDeletingService (SCMBlockDeletingService.java:call(171)) - Added delete block command for datanode 81367453-3bf0-4298-8a83-8d5c3816df16 in the queue, number of delete block transactions: 3, TxID list: 1,2,3
2019-09-03 20:26:57,483 [SCMBlockDeletingService#0] INFO  block.SCMBlockDeletingService (SCMBlockDeletingService.java:call(182)) - Totally added 3 delete blocks command for 1 datanodes, task elapsed time: 1ms
2019-09-03 20:26:57,503 [pool-7-thread-1] INFO  commands.RetriableDatanodeEventWatcher (RetriableDatanodeEventWatcher.java:onTimeout(47)) - RetriableDatanodeCommand type=deleteBlocksCommand with id=1567542408638 timed out. Retrying.
2019-09-03 20:26:57,503 [pool-7-thread-2] INFO  commands.RetriableDatanodeEventWatcher (RetriableDatanodeEventWatcher.java:onTimeout(47)) - RetriableDatanodeCommand type=deleteBlocksCommand with id=1567542408589 timed out. Retrying.
2019-09-03 20:26:57,518 [pool-7-thread-2] INFO  commands.RetriableDatanodeEventWatcher (RetriableDatanodeEventWatcher.java:onTimeout(47)) - RetriableDatanodeCommand type=deleteBlocksCommand with id=1567542408648 timed out. Retrying.
2019-09-03 20:26:57,520 [pool-7-thread-2] INFO  commands.RetriableDatanodeEventWatcher (RetriableDatanodeEventWatcher.java:onTimeout(47)) - RetriableDatanodeCommand type=deleteBlocksCommand with id=1567542408599 timed out. Retrying.
2019-09-03 20:26:57,538 [pool-7-thread-2] INFO  commands.RetriableDatanodeEventWatcher (RetriableDatanodeEventWatcher.java:onTimeout(47)) - RetriableDatanodeCommand type=deleteBlocksCommand with id=1567542408609 timed out. Retrying.
2019-09-03 20:26:57,554 [pool-7-thread-2] INFO  commands.RetriableDatanodeEventWatcher (RetriableDatanodeEventWatcher.java:onTimeout(47)) - RetriableDatanodeCommand type=deleteBlocksCommand with id=1567542408619 timed out. Retrying.
2019-09-03 20:26:57,567 [pool-7-thread-2] INFO  commands.RetriableDatanodeEventWatcher (RetriableDatanodeEventWatcher.java:onTimeout(47)) - RetriableDatanodeCommand type=deleteBlocksCommand with id=1567542408658 timed out. Retrying.
2019-09-03 20:26:57,571 [pool-7-thread-2] INFO  commands.RetriableDatanodeEventWatcher (RetriableDatanodeEventWatcher.java:onTimeout(47)) - RetriableDatanodeCommand type=deleteBlocksCommand with id=1567542408629 timed out. Retrying.
2019-09-03 20:26:57,583 [SCMBlockDeletingService#1] DEBUG block.SCMBlockDeletingService (SCMBlockDeletingService.java:call(138)) - Running DeletedBlockTransactionScanner
2019-09-03 20:26:57,584 [SCMBlockDeletingService#1] DEBUG block.SCMBlockDeletingService (SCMBlockDeletingService.java:call(155)) - Scanned deleted blocks log and got 3 delTX to process.
2019-09-03 20:26:57,584 [SCMBlockDeletingService#1] DEBUG block.SCMBlockDeletingService (SCMBlockDeletingService.java:call(171)) - Added delete block command for datanode 81367453-3bf0-4298-8a83-8d5c3816df16 in the queue, number of delete block transactions: 3, TxID list: 1,2,3
2019-09-03 20:26:57,584 [SCMBlockDeletingService#1] INFO  block.SCMBlockDeletingService (SCMBlockDeletingService.java:call(182)) - Totally added 3 delete blocks command for 1 datanodes, task elapsed time: 1ms
2019-09-03 20:26:57,589 [pool-7-thread-2] INFO  commands.RetriableDatanodeEventWatcher (RetriableDatanodeEventWatcher.java:onTimeout(47)) - RetriableDatanodeCommand type=deleteBlocksCommand with id=1567542408580 timed out. Retrying.
2019-09-03 20:26:57,604 [pool-7-thread-2] INFO  commands.RetriableDatanodeEventWatcher (RetriableDatanodeEventWatcher.java:onTimeout(47)) - RetriableDatanodeCommand type=deleteBlocksCommand with id=1567542408590 timed out. Retrying.
2019-09-03 20:26:57,605 [pool-7-thread-2] INFO  commands.RetriableDatanodeEventWatcher (RetriableDatanodeEventWatcher.java:onTimeout(47)) - RetriableDatanodeCommand type=deleteBlocksCommand with id=1567542408639 timed out. Retrying.
2019-09-03 20:26:57,621 [pool-7-thread-2] INFO  commands.RetriableDatanodeEventWatcher (RetriableDatanodeEventWatcher.java:onTimeout(47)) - RetriableDatanodeCommand type=deleteBlocksCommand with id=1567542408649 timed out. Retrying.
2019-09-03 20:26:57,621 [pool-7-thread-2] INFO  commands.RetriableDatanodeEventWatcher (RetriableDatanodeEventWatcher.java:onTimeout(47)) - RetriableDatanodeCommand type=deleteBlocksCommand with id=1567542408600 timed out. Retrying.
2019-09-03 20:26:57,638 [pool-7-thread-2] INFO  commands.RetriableDatanodeEventWatcher (RetriableDatanodeEventWatcher.java:onTimeout(47)) - RetriableDatanodeCommand type=deleteBlocksCommand with id=1567542408610 timed out. Retrying.
2019-09-03 20:26:57,657 [pool-7-thread-2] INFO  commands.RetriableDatanodeEventWatcher (RetriableDatanodeEventWatcher.java:onTimeout(47)) - RetriableDatanodeCommand type=deleteBlocksCommand with id=1567542408620 timed out. Retrying.
2019-09-03 20:26:57,669 [pool-7-thread-2] INFO  commands.RetriableDatanodeEventWatcher (RetriableDatanodeEventWatcher.java:onTimeout(47)) - RetriableDatanodeCommand type=deleteBlocksCommand with id=1567542408659 timed out. Retrying.
2019-09-03 20:26:57,673 [pool-7-thread-2] INFO  commands.RetriableDatanodeEventWatcher (RetriableDatanodeEventWatcher.java:onTimeout(47)) - RetriableDatanodeCommand type=deleteBlocksCommand with id=1567542408630 timed out. Retrying.
2019-09-03 20:26:57,685 [SCMBlockDeletingService#1] DEBUG block.SCMBlockDeletingService (SCMBlockDeletingService.java:call(138)) - Running DeletedBlockTransactionScanner
2019-09-03 20:26:57,685 [SCMBlockDeletingService#1] DEBUG block.SCMBlockDeletingService (SCMBlockDeletingService.java:call(155)) - Scanned deleted blocks log and got 3 delTX to process.
2019-09-03 20:26:57,686 [SCMBlockDeletingService#1] DEBUG block.SCMBlockDeletingService (SCMBlockDeletingService.java:call(171)) - Added delete block command for datanode 81367453-3bf0-4298-8a83-8d5c3816df16 in the queue, number of delete block transactions: 3, TxID list: 1,2,3
2019-09-03 20:26:57,686 [SCMBlockDeletingService#1] INFO  block.SCMBlockDeletingService (SCMBlockDeletingService.java:call(182)) - Totally added 3 delete blocks command for 1 datanodes, task elapsed time: 1ms
2019-09-03 20:26:57,688 [pool-7-thread-2] INFO  commands.RetriableDatanodeEventWatcher (RetriableDatanodeEventWatcher.java:onTimeout(47)) - RetriableDatanodeCommand type=deleteBlocksCommand with id=1567542408581 timed out. Retrying.
2019-09-03 20:26:57,706 [pool-7-thread-2] INFO  commands.RetriableDatanodeEventWatcher (RetriableDatanodeEventWatcher.java:onTimeout(47)) - RetriableDatanodeCommand type=deleteBlocksCommand with id=1567542408591 timed out. Retrying.
2019-09-03 20:26:57,706 [pool-7-thread-1] INFO  commands.RetriableDatanodeEventWatcher (RetriableDatanodeEventWatcher.java:onTimeout(47)) - RetriableDatanodeCommand type=deleteBlocksCommand with id=1567542408640 timed out. Retrying.
2019-09-03 20:26:57,723 [pool-7-thread-1] INFO  commands.RetriableDatanodeEventWatcher (RetriableDatanodeEventWatcher.java:onTimeout(47)) - RetriableDatanodeCommand type=deleteBlocksCommand with id=1567542408650 timed out. Retrying.
2019-09-03 20:26:57,726 [pool-7-thread-1] INFO  commands.RetriableDatanodeEventWatcher (RetriableDatanodeEventWatcher.java:onTimeout(47)) - RetriableDatanodeCommand type=deleteBlocksCommand with id=1567542408601 timed out. Retrying.
2019-09-03 20:26:57,742 [pool-7-thread-1] INFO  commands.RetriableDatanodeEventWatcher (RetriableDatanodeEventWatcher.java:onTimeout(47)) - RetriableDatanodeCommand type=deleteBlocksCommand with id=1567542408611 timed out. Retrying.
2019-09-03 20:26:57,757 [pool-7-thread-1] INFO  commands.RetriableDatanodeEventWatcher (RetriableDatanodeEventWatcher.java:onTimeout(47)) - RetriableDatanodeCommand type=deleteBlocksCommand with id=1567542408621 timed out. Retrying.
2019-09-03 20:26:57,771 [pool-7-thread-1] INFO  commands.RetriableDatanodeEventWatcher (RetriableDatanodeEventWatcher.java:onTimeout(47)) - RetriableDatanodeCommand type=deleteBlocksCommand with id=1567542408660 timed out. Retrying.
2019-09-03 20:26:57,774 [pool-7-thread-1] INFO  commands.RetriableDatanodeEventWatcher (RetriableDatanodeEventWatcher.java:onTimeout(47)) - RetriableDatanodeCommand type=deleteBlocksCommand with id=1567542408631 timed out. Retrying.
2019-09-03 20:26:57,786 [SCMBlockDeletingService#1] DEBUG block.SCMBlockDeletingService (SCMBlockDeletingService.java:call(138)) - Running DeletedBlockTransactionScanner
2019-09-03 20:26:57,787 [SCMBlockDeletingService#1] DEBUG block.SCMBlockDeletingService (SCMBlockDeletingService.java:call(155)) - Scanned deleted blocks log and got 3 delTX to process.
2019-09-03 20:26:57,787 [SCMBlockDeletingService#1] DEBUG block.SCMBlockDeletingService (SCMBlockDeletingService.java:call(171)) - Added delete block command for datanode 81367453-3bf0-4298-8a83-8d5c3816df16 in the queue, number of delete block transactions: 3, TxID list: 1,2,3
2019-09-03 20:26:57,788 [SCMBlockDeletingService#1] INFO  block.SCMBlockDeletingService (SCMBlockDeletingService.java:call(182)) - Totally added 3 delete blocks command for 1 datanodes, task elapsed time: 1ms
2019-09-03 20:26:57,791 [pool-7-thread-1] INFO  commands.RetriableDatanodeEventWatcher (RetriableDatanodeEventWatcher.java:onTimeout(47)) - RetriableDatanodeCommand type=deleteBlocksCommand with id=1567542408582 timed out. Retrying.
2019-09-03 20:26:57,807 [pool-7-thread-1] INFO  commands.RetriableDatanodeEventWatcher (RetriableDatanodeEventWatcher.java:onTimeout(47)) - RetriableDatanodeCommand type=deleteBlocksCommand with id=1567542408592 timed out. Retrying.
2019-09-03 20:26:57,807 [pool-7-thread-1] INFO  commands.RetriableDatanodeEventWatcher (RetriableDatanodeEventWatcher.java:onTimeout(47)) - RetriableDatanodeCommand type=deleteBlocksCommand with id=1567542408641 timed out. Retrying.
2019-09-03 20:26:57,827 [pool-7-thread-1] INFO  commands.RetriableDatanodeEventWatcher (RetriableDatanodeEventWatcher.java:onTimeout(47)) - RetriableDatanodeCommand type=deleteBlocksCommand with id=1567542408602 timed out. Retrying.
2019-09-03 20:26:57,844 [pool-7-thread-1] INFO  commands.RetriableDatanodeEventWatcher (RetriableDatanodeEventWatcher.java:onTimeout(47)) - RetriableDatanodeCommand type=deleteBlocksCommand with id=1567542408612 timed out. Retrying.
2019-09-03 20:26:57,854 [pool-7-thread-1] INFO  commands.RetriableDatanodeEventWatcher (RetriableDatanodeEventWatcher.java:onTimeout(47)) - RetriableDatanodeCommand type=deleteBlocksCommand with id=1567542408651 timed out. Retrying.
2019-09-03 20:26:57,860 [pool-7-thread-1] INFO  commands.RetriableDatanodeEventWatcher (RetriableDatanodeEventWatcher.java:onTimeout(47)) - RetriableDatanodeCommand type=deleteBlocksCommand with id=1567542408622 timed out. Retrying.
2019-09-03 20:26:57,872 [pool-7-thread-1] INFO  commands.RetriableDatanodeEventWatcher (RetriableDatanodeEventWatcher.java:onTimeout(47)) - RetriableDatanodeCommand type=deleteBlocksCommand with id=1567542408661 timed out. Retrying.
2019-09-03 20:26:57,876 [pool-7-thread-1] INFO  commands.RetriableDatanodeEventWatcher (RetriableDatanodeEventWatcher.java:onTimeout(47)) - RetriableDatanodeCommand type=deleteBlocksCommand with id=1567542408632 timed out. Retrying.
2019-09-03 20:26:57,888 [SCMBlockDeletingService#1] DEBUG block.SCMBlockDeletingService (SCMBlockDeletingService.java:call(138)) - Running DeletedBlockTransactionScanner
2019-09-03 20:26:57,888 [SCMBlockDeletingService#1] DEBUG block.SCMBlockDeletingService (SCMBlockDeletingService.java:call(155)) - Scanned deleted blocks log and got 3 delTX to process.
2019-09-03 20:26:57,889 [SCMBlockDeletingService#1] DEBUG block.SCMBlockDeletingService (SCMBlockDeletingService.java:call(171)) - Added delete block command for datanode 81367453-3bf0-4298-8a83-8d5c3816df16 in the queue, number of delete block transactions: 3, TxID list: 1,2,3
2019-09-03 20:26:57,889 [SCMBlockDeletingService#1] INFO  block.SCMBlockDeletingService (SCMBlockDeletingService.java:call(182)) - Totally added 3 delete blocks command for 1 datanodes, task elapsed time: 1ms
2019-09-03 20:26:57,893 [pool-7-thread-1] INFO  commands.RetriableDatanodeEventWatcher (RetriableDatanodeEventWatcher.java:onTimeout(47)) - RetriableDatanodeCommand type=deleteBlocksCommand with id=1567542408583 timed out. Retrying.
2019-09-03 20:26:57,908 [pool-7-thread-1] INFO  commands.RetriableDatanodeEventWatcher (RetriableDatanodeEventWatcher.java:onTimeout(47)) - RetriableDatanodeCommand type=deleteBlocksCommand with id=1567542408593 timed out. Retrying.
2019-09-03 20:26:57,911 [pool-7-thread-1] INFO  commands.RetriableDatanodeEventWatcher (RetriableDatanodeEventWatcher.java:onTimeout(47)) - RetriableDatanodeCommand type=deleteBlocksCommand with id=1567542408642 timed out. Retrying.
2019-09-03 20:26:57,928 [pool-7-thread-1] INFO  commands.RetriableDatanodeEventWatcher (RetriableDatanodeEventWatcher.java:onTimeout(47)) - RetriableDatanodeCommand type=deleteBlocksCommand with id=1567542408603 timed out. Retrying.
2019-09-03 20:26:57,946 [pool-7-thread-1] INFO  commands.RetriableDatanodeEventWatcher (RetriableDatanodeEventWatcher.java:onTimeout(47)) - RetriableDatanodeCommand type=deleteBlocksCommand with id=1567542408613 timed out. Retrying.
2019-09-03 20:26:57,956 [pool-7-thread-1] INFO  commands.RetriableDatanodeEventWatcher (RetriableDatanodeEventWatcher.java:onTimeout(47)) - RetriableDatanodeCommand type=deleteBlocksCommand with id=1567542408652 timed out. Retrying.
2019-09-03 20:26:57,961 [pool-7-thread-1] INFO  commands.RetriableDatanodeEventWatcher (RetriableDatanodeEventWatcher.java:onTimeout(47)) - RetriableDatanodeCommand type=deleteBlocksCommand with id=1567542408623 timed out. Retrying.
2019-09-03 20:26:57,974 [pool-7-thread-1] INFO  commands.RetriableDatanodeEventWatcher (RetriableDatanodeEventWatcher.java:onTimeout(47)) - RetriableDatanodeCommand type=deleteBlocksCommand with id=1567542408662 timed out. Retrying.
2019-09-03 20:26:57,978 [pool-7-thread-1] INFO  commands.RetriableDatanodeEventWatcher (RetriableDatanodeEventWatcher.java:onTimeout(47)) - RetriableDatanodeCommand type=deleteBlocksCommand with id=1567542408633 timed out. Retrying.
2019-09-03 20:26:57,989 [SCMBlockDeletingService#1] DEBUG block.SCMBlockDeletingService (SCMBlockDeletingService.java:call(138)) - Running DeletedBlockTransactionScanner
2019-09-03 20:26:57,990 [SCMBlockDeletingService#1] DEBUG block.SCMBlockDeletingService (SCMBlockDeletingService.java:call(155)) - Scanned deleted blocks log and got 3 delTX to process.
2019-09-03 20:26:57,990 [SCMBlockDeletingService#1] DEBUG block.SCMBlockDeletingService (SCMBlockDeletingService.java:call(171)) - Added delete block command for datanode 81367453-3bf0-4298-8a83-8d5c3816df16 in the queue, number of delete block transactions: 3, TxID list: 1,2,3
2019-09-03 20:26:57,991 [SCMBlockDeletingService#1] INFO  block.SCMBlockDeletingService (SCMBlockDeletingService.java:call(182)) - Totally added 3 delete blocks command for 1 datanodes, task elapsed time: 1ms
2019-09-03 20:26:57,996 [pool-7-thread-1] INFO  commands.RetriableDatanodeEventWatcher (RetriableDatanodeEventWatcher.java:onTimeout(47)) - RetriableDatanodeCommand type=deleteBlocksCommand with id=1567542408584 timed out. Retrying.
2019-09-03 20:26:58,010 [pool-7-thread-1] INFO  commands.RetriableDatanodeEventWatcher (RetriableDatanodeEventWatcher.java:onTimeout(47)) - RetriableDatanodeCommand type=deleteBlocksCommand with id=1567542408594 timed out. Retrying.
2019-09-03 20:26:58,010 [pool-7-thread-2] INFO  commands.RetriableDatanodeEventWatcher (RetriableDatanodeEventWatcher.java:onTimeout(47)) - RetriableDatanodeCommand type=deleteBlocksCommand with id=1567542408643 timed out. Retrying.
2019-09-03 20:26:58,030 [pool-7-thread-2] INFO  commands.RetriableDatanodeEventWatcher (RetriableDatanodeEventWatcher.java:onTimeout(47)) - RetriableDatanodeCommand type=deleteBlocksCommand with id=1567542408604 timed out. Retrying.
2019-09-03 20:26:58,045 [pool-7-thread-2] INFO  commands.RetriableDatanodeEventWatcher (RetriableDatanodeEventWatcher.java:onTimeout(47)) - RetriableDatanodeCommand type=deleteBlocksCommand with id=1567542408614 timed out. Retrying.
2019-09-03 20:26:58,059 [pool-7-thread-2] INFO  commands.RetriableDatanodeEventWatcher (RetriableDatanodeEventWatcher.java:onTimeout(47)) - RetriableDatanodeCommand type=deleteBlocksCommand with id=1567542408653 timed out. Retrying.
2019-09-03 20:26:58,063 [pool-7-thread-2] INFO  commands.RetriableDatanodeEventWatcher (RetriableDatanodeEventWatcher.java:onTimeout(47)) - RetriableDatanodeCommand type=deleteBlocksCommand with id=1567542408624 timed out. Retrying.
2019-09-03 20:26:58,076 [pool-7-thread-2] INFO  commands.RetriableDatanodeEventWatcher (RetriableDatanodeEventWatcher.java:onTimeout(47)) - RetriableDatanodeCommand type=deleteBlocksCommand with id=1567542408663 timed out. Retrying.
2019-09-03 20:26:58,080 [pool-7-thread-2] INFO  commands.RetriableDatanodeEventWatcher (RetriableDatanodeEventWatcher.java:onTimeout(47)) - RetriableDatanodeCommand type=deleteBlocksCommand with id=1567542408634 timed out. Retrying.
2019-09-03 20:26:58,091 [SCMBlockDeletingService#1] DEBUG block.SCMBlockDeletingService (SCMBlockDeletingService.java:call(138)) - Running DeletedBlockTransactionScanner
2019-09-03 20:26:58,091 [SCMBlockDeletingService#1] DEBUG block.SCMBlockDeletingService (SCMBlockDeletingService.java:call(155)) - Scanned deleted blocks log and got 3 delTX to process.
2019-09-03 20:26:58,092 [SCMBlockDeletingService#1] DEBUG block.SCMBlockDeletingService (SCMBlockDeletingService.java:call(171)) - Added delete block command for datanode 81367453-3bf0-4298-8a83-8d5c3816df16 in the queue, number of delete block transactions: 3, TxID list: 1,2,3
2019-09-03 20:26:58,092 [SCMBlockDeletingService#1] INFO  block.SCMBlockDeletingService (SCMBlockDeletingService.java:call(182)) - Totally added 3 delete blocks command for 1 datanodes, task elapsed time: 1ms
2019-09-03 20:26:58,097 [pool-7-thread-2] INFO  commands.RetriableDatanodeEventWatcher (RetriableDatanodeEventWatcher.java:onTimeout(47)) - RetriableDatanodeCommand type=deleteBlocksCommand with id=1567542408585 timed out. Retrying.
2019-09-03 20:26:58,112 [pool-7-thread-2] INFO  commands.RetriableDatanodeEventWatcher (RetriableDatanodeEventWatcher.java:onTimeout(47)) - RetriableDatanodeCommand type=deleteBlocksCommand with id=1567542408595 timed out. Retrying.
2019-09-03 20:26:58,113 [pool-7-thread-2] INFO  commands.RetriableDatanodeEventWatcher (RetriableDatanodeEventWatcher.java:onTimeout(47)) - RetriableDatanodeCommand type=deleteBlocksCommand with id=1567542408644 timed out. Retrying.
2019-09-03 20:26:58,130 [pool-7-thread-2] INFO  commands.RetriableDatanodeEventWatcher (RetriableDatanodeEventWatcher.java:onTimeout(47)) - RetriableDatanodeCommand type=deleteBlocksCommand with id=1567542408605 timed out. Retrying.
2019-09-03 20:26:58,148 [pool-7-thread-2] INFO  commands.RetriableDatanodeEventWatcher (RetriableDatanodeEventWatcher.java:onTimeout(47)) - RetriableDatanodeCommand type=deleteBlocksCommand with id=1567542408615 timed out. Retrying.
2019-09-03 20:26:58,160 [pool-7-thread-2] INFO  commands.RetriableDatanodeEventWatcher (RetriableDatanodeEventWatcher.java:onTimeout(47)) - RetriableDatanodeCommand type=deleteBlocksCommand with id=1567542408654 timed out. Retrying.
2019-09-03 20:26:58,165 [pool-7-thread-2] INFO  commands.RetriableDatanodeEventWatcher (RetriableDatanodeEventWatcher.java:onTimeout(47)) - RetriableDatanodeCommand type=deleteBlocksCommand with id=1567542408625 timed out. Retrying.
2019-09-03 20:26:58,177 [pool-7-thread-2] INFO  commands.RetriableDatanodeEventWatcher (RetriableDatanodeEventWatcher.java:onTimeout(47)) - RetriableDatanodeCommand type=deleteBlocksCommand with id=1567542408664 timed out. Retrying.
2019-09-03 20:26:58,183 [pool-7-thread-2] INFO  commands.RetriableDatanodeEventWatcher (RetriableDatanodeEventWatcher.java:onTimeout(47)) - RetriableDatanodeCommand type=deleteBlocksCommand with id=1567542408635 timed out. Retrying.
2019-09-03 20:26:58,193 [SCMBlockDeletingService#1] DEBUG block.SCMBlockDeletingService (SCMBlockDeletingService.java:call(138)) - Running DeletedBlockTransactionScanner
2019-09-03 20:26:58,193 [SCMBlockDeletingService#1] DEBUG block.SCMBlockDeletingService (SCMBlockDeletingService.java:call(155)) - Scanned deleted blocks log and got 3 delTX to process.
2019-09-03 20:26:58,193 [SCMBlockDeletingService#1] DEBUG block.SCMBlockDeletingService (SCMBlockDeletingService.java:call(171)) - Added delete block command for datanode 81367453-3bf0-4298-8a83-8d5c3816df16 in the queue, number of delete block transactions: 3, TxID list: 1,2,3
2019-09-03 20:26:58,194 [SCMBlockDeletingService#1] INFO  block.SCMBlockDeletingService (SCMBlockDeletingService.java:call(182)) - Totally added 3 delete blocks command for 1 datanodes, task elapsed time: 1ms
2019-09-03 20:26:58,196 [pool-7-thread-2] INFO  commands.RetriableDatanodeEventWatcher (RetriableDatanodeEventWatcher.java:onTimeout(47)) - RetriableDatanodeCommand type=deleteBlocksCommand with id=1567542408586 timed out. Retrying.
2019-09-03 20:26:58,214 [pool-7-thread-1] INFO  commands.RetriableDatanodeEventWatcher (RetriableDatanodeEventWatcher.java:onTimeout(47)) - RetriableDatanodeCommand type=deleteBlocksCommand with id=1567542408645 timed out. Retrying.
2019-09-03 20:26:58,214 [pool-7-thread-2] INFO  commands.RetriableDatanodeEventWatcher (RetriableDatanodeEventWatcher.java:onTimeout(47)) - RetriableDatanodeCommand type=deleteBlocksCommand with id=1567542408596 timed out. Retrying.
2019-09-03 20:26:58,232 [pool-7-thread-2] INFO  commands.RetriableDatanodeEventWatcher (RetriableDatanodeEventWatcher.java:onTimeout(47)) - RetriableDatanodeCommand type=deleteBlocksCommand with id=1567542408606 timed out. Retrying.
2019-09-03 20:26:58,252 [pool-7-thread-2] INFO  commands.RetriableDatanodeEventWatcher (RetriableDatanodeEventWatcher.java:onTimeout(47)) - RetriableDatanodeCommand type=deleteBlocksCommand with id=1567542408616 timed out. Retrying.
2019-09-03 20:26:58,261 [pool-7-thread-2] INFO  commands.RetriableDatanodeEventWatcher (RetriableDatanodeEventWatcher.java:onTimeout(47)) - RetriableDatanodeCommand type=deleteBlocksCommand with id=1567542408655 timed out. Retrying.
2019-09-03 20:26:58,267 [pool-7-thread-2] INFO  commands.RetriableDatanodeEventWatcher (RetriableDatanodeEventWatcher.java:onTimeout(47)) - RetriableDatanodeCommand type=deleteBlocksCommand with id=1567542408626 timed out. Retrying.
2019-09-03 20:26:58,279 [pool-7-thread-2] INFO  commands.RetriableDatanodeEventWatcher (RetriableDatanodeEventWatcher.java:onTimeout(47)) - RetriableDatanodeCommand type=deleteBlocksCommand with id=1567542408665 timed out. Retrying.
2019-09-03 20:26:58,283 [pool-7-thread-2] INFO  commands.RetriableDatanodeEventWatcher (RetriableDatanodeEventWatcher.java:onTimeout(47)) - RetriableDatanodeCommand type=deleteBlocksCommand with id=1567542408636 timed out. Retrying.
2019-09-03 20:26:58,294 [SCMBlockDeletingService#1] DEBUG block.SCMBlockDeletingService (SCMBlockDeletingService.java:call(138)) - Running DeletedBlockTransactionScanner
2019-09-03 20:26:58,294 [SCMBlockDeletingService#1] DEBUG block.SCMBlockDeletingService (SCMBlockDeletingService.java:call(155)) - Scanned deleted blocks log and got 3 delTX to process.
2019-09-03 20:26:58,295 [SCMBlockDeletingService#1] DEBUG block.SCMBlockDeletingService (SCMBlockDeletingService.java:call(171)) - Added delete block command for datanode 81367453-3bf0-4298-8a83-8d5c3816df16 in the queue, number of delete block transactions: 3, TxID list: 1,2,3
2019-09-03 20:26:58,295 [SCMBlockDeletingService#1] INFO  block.SCMBlockDeletingService (SCMBlockDeletingService.java:call(182)) - Totally added 3 delete blocks command for 1 datanodes, task elapsed time: 1ms
2019-09-03 20:26:58,301 [pool-7-thread-2] INFO  commands.RetriableDatanodeEventWatcher (RetriableDatanodeEventWatcher.java:onTimeout(47)) - RetriableDatanodeCommand type=deleteBlocksCommand with id=1567542408587 timed out. Retrying.
2019-09-03 20:26:58,316 [pool-7-thread-1] INFO  commands.RetriableDatanodeEventWatcher (RetriableDatanodeEventWatcher.java:onTimeout(47)) - RetriableDatanodeCommand type=deleteBlocksCommand with id=1567542408646 timed out. Retrying.
2019-09-03 20:26:58,316 [pool-7-thread-2] INFO  commands.RetriableDatanodeEventWatcher (RetriableDatanodeEventWatcher.java:onTimeout(47)) - RetriableDatanodeCommand type=deleteBlocksCommand with id=1567542408597 timed out. Retrying.
2019-09-03 20:26:58,333 [pool-7-thread-2] INFO  commands.RetriableDatanodeEventWatcher (RetriableDatanodeEventWatcher.java:onTimeout(47)) - RetriableDatanodeCommand type=deleteBlocksCommand with id=1567542408607 timed out. Retrying.
2019-09-03 20:26:58,352 [pool-7-thread-2] INFO  commands.RetriableDatanodeEventWatcher (RetriableDatanodeEventWatcher.java:onTimeout(47)) - RetriableDatanodeCommand type=deleteBlocksCommand with id=1567542408617 timed out. Retrying.
2019-09-03 20:26:58,363 [pool-7-thread-2] INFO  commands.RetriableDatanodeEventWatcher (RetriableDatanodeEventWatcher.java:onTimeout(47)) - RetriableDatanodeCommand type=deleteBlocksCommand with id=1567542408656 timed out. Retrying.
2019-09-03 20:26:58,367 [pool-7-thread-2] INFO  commands.RetriableDatanodeEventWatcher (RetriableDatanodeEventWatcher.java:onTimeout(47)) - RetriableDatanodeCommand type=deleteBlocksCommand with id=1567542408627 timed out. Retrying.
2019-09-03 20:26:58,381 [pool-7-thread-2] INFO  commands.RetriableDatanodeEventWatcher (RetriableDatanodeEventWatcher.java:onTimeout(47)) - RetriableDatanodeCommand type=deleteBlocksCommand with id=1567542408666 timed out. Retrying.
2019-09-03 20:26:58,395 [SCMBlockDeletingService#1] DEBUG block.SCMBlockDeletingService (SCMBlockDeletingService.java:call(138)) - Running DeletedBlockTransactionScanner
2019-09-03 20:26:58,396 [SCMBlockDeletingService#1] DEBUG block.SCMBlockDeletingService (SCMBlockDeletingService.java:call(155)) - Scanned deleted blocks log and got 3 delTX to process.
2019-09-03 20:26:58,396 [SCMBlockDeletingService#1] DEBUG block.SCMBlockDeletingService (SCMBlockDeletingService.java:call(171)) - Added delete block command for datanode 81367453-3bf0-4298-8a83-8d5c3816df16 in the queue, number of delete block transactions: 3, TxID list: 1,2,3
2019-09-03 20:26:58,396 [SCMBlockDeletingService#1] INFO  block.SCMBlockDeletingService (SCMBlockDeletingService.java:call(182)) - Totally added 3 delete blocks command for 1 datanodes, task elapsed time: 2ms
2019-09-03 20:26:58,402 [pool-7-thread-2] INFO  commands.RetriableDatanodeEventWatcher (RetriableDatanodeEventWatcher.java:onTimeout(47)) - RetriableDatanodeCommand type=deleteBlocksCommand with id=1567542408637 timed out. Retrying.
2019-09-03 20:26:58,402 [pool-7-thread-1] INFO  commands.RetriableDatanodeEventWatcher (RetriableDatanodeEventWatcher.java:onTimeout(47)) - RetriableDatanodeCommand type=deleteBlocksCommand with id=1567542408588 timed out. Retrying.
2019-09-03 20:26:58,418 [pool-7-thread-1] INFO  commands.RetriableDatanodeEventWatcher (RetriableDatanodeEventWatcher.java:onTimeout(47)) - RetriableDatanodeCommand type=deleteBlocksCommand with id=1567542408598 timed out. Retrying.
2019-09-03 20:26:58,419 [pool-7-thread-1] INFO  commands.RetriableDatanodeEventWatcher (RetriableDatanodeEventWatcher.java:onTimeout(47)) - RetriableDatanodeCommand type=deleteBlocksCommand with id=1567542408647 timed out. Retrying.
2019-09-03 20:26:58,438 [pool-7-thread-1] INFO  commands.RetriableDatanodeEventWatcher (RetriableDatanodeEventWatcher.java:onTimeout(47)) - RetriableDatanodeCommand type=deleteBlocksCommand with id=1567542408608 timed out. Retrying.
2019-09-03 20:26:58,453 [pool-7-thread-1] INFO  commands.RetriableDatanodeEventWatcher (RetriableDatanodeEventWatcher.java:onTimeout(47)) - RetriableDatanodeCommand type=deleteBlocksCommand with id=1567542408618 timed out. Retrying.
2019-09-03 20:26:58,464 [pool-7-thread-1] INFO  commands.RetriableDatanodeEventWatcher (RetriableDatanodeEventWatcher.java:onTimeout(47)) - RetriableDatanodeCommand type=deleteBlocksCommand with id=1567542408657 timed out. Retrying.
2019-09-03 20:26:58,465 [main] INFO  ozone.MiniOzoneClusterImpl (MiniOzoneClusterImpl.java:lambda$waitForClusterToBeReady$0(140)) - Waiting for cluster to be ready. Got 0 of 1 DN Heartbeats.
2019-09-03 20:26:58,469 [pool-7-thread-1] INFO  commands.RetriableDatanodeEventWatcher (RetriableDatanodeEventWatcher.java:onTimeout(47)) - RetriableDatanodeCommand type=deleteBlocksCommand with id=1567542408628 timed out. Retrying.
2019-09-03 20:26:58,469 [EventQueue-PendingDeleteStatusForPendingDeleteHandler] INFO  block.SCMBlockDeletingService (SCMBlockDeletingService.java:handlePendingDeletes(115)) - Block deletion txnID mismatch in datanode 81367453-3bf0-4298-8a83-8d5c3816df16 for containerID 1. Datanode delete txnID: 0, SCM txnID: 1
2019-09-03 20:26:58,469 [EventQueue-PendingDeleteStatusForPendingDeleteHandler] INFO  block.SCMBlockDeletingService (SCMBlockDeletingService.java:handlePendingDeletes(115)) - Block deletion txnID mismatch in datanode 81367453-3bf0-4298-8a83-8d5c3816df16 for containerID 2. Datanode delete txnID: 0, SCM txnID: 2
2019-09-03 20:26:58,469 [EventQueue-PendingDeleteStatusForPendingDeleteHandler] INFO  block.SCMBlockDeletingService (SCMBlockDeletingService.java:handlePendingDeletes(115)) - Block deletion txnID mismatch in datanode 81367453-3bf0-4298-8a83-8d5c3816df16 for containerID 3. Datanode delete txnID: 0, SCM txnID: 3
2019-09-03 20:26:58,483 [pool-7-thread-1] INFO  commands.RetriableDatanodeEventWatcher (RetriableDatanodeEventWatcher.java:onTimeout(47)) - RetriableDatanodeCommand type=deleteBlocksCommand with id=1567542408667 timed out. Retrying.
2019-09-03 20:26:58,497 [SCMBlockDeletingService#1] DEBUG block.SCMBlockDeletingService (SCMBlockDeletingService.java:call(138)) - Running DeletedBlockTransactionScanner
2019-09-03 20:26:58,497 [SCMBlockDeletingService#1] DEBUG block.SCMBlockDeletingService (SCMBlockDeletingService.java:call(155)) - Scanned deleted blocks log and got 3 delTX to process.
2019-09-03 20:26:58,497 [SCMBlockDeletingService#1] DEBUG block.SCMBlockDeletingService (SCMBlockDeletingService.java:call(171)) - Added delete block command for datanode 81367453-3bf0-4298-8a83-8d5c3816df16 in the queue, number of delete block transactions: 3, TxID list: 1,2,3
2019-09-03 20:26:58,498 [SCMBlockDeletingService#1] INFO  block.SCMBlockDeletingService (SCMBlockDeletingService.java:call(182)) - Totally added 3 delete blocks command for 1 datanodes, task elapsed time: 1ms
2019-09-03 20:26:58,503 [pool-7-thread-1] INFO  commands.RetriableDatanodeEventWatcher (RetriableDatanodeEventWatcher.java:onTimeout(47)) - RetriableDatanodeCommand type=deleteBlocksCommand with id=1567542408638 timed out. Retrying.
2019-09-03 20:26:58,503 [pool-7-thread-2] INFO  commands.RetriableDatanodeEventWatcher (RetriableDatanodeEventWatcher.java:onTimeout(47)) - RetriableDatanodeCommand type=deleteBlocksCommand with id=1567542408589 timed out. Retrying.
2019-09-03 20:26:58,519 [pool-7-thread-2] INFO  commands.RetriableDatanodeEventWatcher (RetriableDatanodeEventWatcher.java:onTimeout(47)) - RetriableDatanodeCommand type=deleteBlocksCommand with id=1567542408648 timed out. Retrying.
2019-09-03 20:26:58,520 [pool-7-thread-2] INFO  commands.RetriableDatanodeEventWatcher (RetriableDatanodeEventWatcher.java:onTimeout(47)) - RetriableDatanodeCommand type=deleteBlocksCommand with id=1567542408599 timed out. Retrying.
2019-09-03 20:26:58,539 [pool-7-thread-2] INFO  commands.RetriableDatanodeEventWatcher (RetriableDatanodeEventWatcher.java:onTimeout(47)) - RetriableDatanodeCommand type=deleteBlocksCommand with id=1567542408609 timed out. Retrying.
2019-09-03 20:26:58,554 [pool-7-thread-2] INFO  commands.RetriableDatanodeEventWatcher (RetriableDatanodeEventWatcher.java:onTimeout(47)) - RetriableDatanodeCommand type=deleteBlocksCommand with id=1567542408619 timed out. Retrying.
2019-09-03 20:26:58,568 [pool-7-thread-2] INFO  commands.RetriableDatanodeEventWatcher (RetriableDatanodeEventWatcher.java:onTimeout(47)) - RetriableDatanodeCommand type=deleteBlocksCommand with id=1567542408658 timed out. Retrying.
2019-09-03 20:26:58,571 [pool-7-thread-2] INFO  commands.RetriableDatanodeEventWatcher (RetriableDatanodeEventWatcher.java:onTimeout(47)) - RetriableDatanodeCommand type=deleteBlocksCommand with id=1567542408629 timed out. Retrying.
2019-09-03 20:26:58,584 [pool-7-thread-2] INFO  commands.RetriableDatanodeEventWatcher (RetriableDatanodeEventWatcher.java:onTimeout(47)) - RetriableDatanodeCommand type=deleteBlocksCommand with id=1567542408668 timed out. Retrying.
2019-09-03 20:26:58,590 [pool-7-thread-2] INFO  commands.RetriableDatanodeEventWatcher (RetriableDatanodeEventWatcher.java:onTimeout(47)) - RetriableDatanodeCommand type=deleteBlocksCommand with id=1567542408580 timed out. Retrying.
2019-09-03 20:26:58,598 [SCMBlockDeletingService#1] DEBUG block.SCMBlockDeletingService (SCMBlockDeletingService.java:call(138)) - Running DeletedBlockTransactionScanner
2019-09-03 20:26:58,598 [SCMBlockDeletingService#1] DEBUG block.SCMBlockDeletingService (SCMBlockDeletingService.java:call(155)) - Scanned deleted blocks log and got 3 delTX to process.
2019-09-03 20:26:58,599 [SCMBlockDeletingService#1] DEBUG block.SCMBlockDeletingService (SCMBlockDeletingService.java:call(171)) - Added delete block command for datanode 81367453-3bf0-4298-8a83-8d5c3816df16 in the queue, number of delete block transactions: 3, TxID list: 1,2,3
2019-09-03 20:26:58,599 [SCMBlockDeletingService#1] INFO  block.SCMBlockDeletingService (SCMBlockDeletingService.java:call(182)) - Totally added 3 delete blocks command for 1 datanodes, task elapsed time: 1ms
2019-09-03 20:26:58,604 [pool-7-thread-2] INFO  commands.RetriableDatanodeEventWatcher (RetriableDatanodeEventWatcher.java:onTimeout(47)) - RetriableDatanodeCommand type=deleteBlocksCommand with id=1567542408590 timed out. Retrying.
2019-09-03 20:26:58,606 [pool-7-thread-2] INFO  commands.RetriableDatanodeEventWatcher (RetriableDatanodeEventWatcher.java:onTimeout(47)) - RetriableDatanodeCommand type=deleteBlocksCommand with id=1567542408639 timed out. Retrying.
2019-09-03 20:26:58,621 [pool-7-thread-2] INFO  commands.RetriableDatanodeEventWatcher (RetriableDatanodeEventWatcher.java:onTimeout(47)) - RetriableDatanodeCommand type=deleteBlocksCommand with id=1567542408649 timed out. Retrying.
2019-09-03 20:26:58,622 [pool-7-thread-2] INFO  commands.RetriableDatanodeEventWatcher (RetriableDatanodeEventWatcher.java:onTimeout(47)) - RetriableDatanodeCommand type=deleteBlocksCommand with id=1567542408600 timed out. Retrying.
2019-09-03 20:26:58,639 [pool-7-thread-2] INFO  commands.RetriableDatanodeEventWatcher (RetriableDatanodeEventWatcher.java:onTimeout(47)) - RetriableDatanodeCommand type=deleteBlocksCommand with id=1567542408610 timed out. Retrying.
2019-09-03 20:26:58,657 [pool-7-thread-2] INFO  commands.RetriableDatanodeEventWatcher (RetriableDatanodeEventWatcher.java:onTimeout(47)) - RetriableDatanodeCommand type=deleteBlocksCommand with id=1567542408620 timed out. Retrying.
2019-09-03 20:26:58,670 [pool-7-thread-2] INFO  commands.RetriableDatanodeEventWatcher (RetriableDatanodeEventWatcher.java:onTimeout(47)) - RetriableDatanodeCommand type=deleteBlocksCommand with id=1567542408659 timed out. Retrying.
2019-09-03 20:26:58,673 [pool-7-thread-2] INFO  commands.RetriableDatanodeEventWatcher (RetriableDatanodeEventWatcher.java:onTimeout(47)) - RetriableDatanodeCommand type=deleteBlocksCommand with id=1567542408630 timed out. Retrying.
2019-09-03 20:26:58,686 [pool-7-thread-2] INFO  commands.RetriableDatanodeEventWatcher (RetriableDatanodeEventWatcher.java:onTimeout(47)) - RetriableDatanodeCommand type=deleteBlocksCommand with id=1567542408669 timed out. Retrying.
2019-09-03 20:26:58,688 [pool-7-thread-2] INFO  commands.RetriableDatanodeEventWatcher (RetriableDatanodeEventWatcher.java:onTimeout(47)) - RetriableDatanodeCommand type=deleteBlocksCommand with id=1567542408581 timed out. Retrying.
2019-09-03 20:26:58,699 [SCMBlockDeletingService#1] DEBUG block.SCMBlockDeletingService (SCMBlockDeletingService.java:call(138)) - Running DeletedBlockTransactionScanner
2019-09-03 20:26:58,700 [SCMBlockDeletingService#1] DEBUG block.SCMBlockDeletingService (SCMBlockDeletingService.java:call(155)) - Scanned deleted blocks log and got 3 delTX to process.
2019-09-03 20:26:58,700 [SCMBlockDeletingService#1] DEBUG block.SCMBlockDeletingService (SCMBlockDeletingService.java:call(171)) - Added delete block command for datanode 81367453-3bf0-4298-8a83-8d5c3816df16 in the queue, number of delete block transactions: 3, TxID list: 1,2,3
2019-09-03 20:26:58,701 [SCMBlockDeletingService#1] INFO  block.SCMBlockDeletingService (SCMBlockDeletingService.java:call(182)) - Totally added 3 delete blocks command for 1 datanodes, task elapsed time: 1ms
2019-09-03 20:26:58,707 [pool-7-thread-2] INFO  commands.RetriableDatanodeEventWatcher (RetriableDatanodeEventWatcher.java:onTimeout(47)) - RetriableDatanodeCommand type=deleteBlocksCommand with id=1567542408591 timed out. Retrying.
2019-09-03 20:26:58,707 [pool-7-thread-1] INFO  commands.RetriableDatanodeEventWatcher (RetriableDatanodeEventWatcher.java:onTimeout(47)) - RetriableDatanodeCommand type=deleteBlocksCommand with id=1567542408640 timed out. Retrying.
2019-09-03 20:26:58,724 [pool-7-thread-1] INFO  commands.RetriableDatanodeEventWatcher (RetriableDatanodeEventWatcher.java:onTimeout(47)) - RetriableDatanodeCommand type=deleteBlocksCommand with id=1567542408650 timed out. Retrying.
2019-09-03 20:26:58,726 [pool-7-thread-1] INFO  commands.RetriableDatanodeEventWatcher (RetriableDatanodeEventWatcher.java:onTimeout(47)) - RetriableDatanodeCommand type=deleteBlocksCommand with id=1567542408601 timed out. Retrying.
2019-09-03 20:26:58,743 [pool-7-thread-1] INFO  commands.RetriableDatanodeEventWatcher (RetriableDatanodeEventWatcher.java:onTimeout(47)) - RetriableDatanodeCommand type=deleteBlocksCommand with id=1567542408611 timed out. Retrying.
2019-09-03 20:26:58,758 [pool-7-thread-1] INFO  commands.RetriableDatanodeEventWatcher (RetriableDatanodeEventWatcher.java:onTimeout(47)) - RetriableDatanodeCommand type=deleteBlocksCommand with id=1567542408621 timed out. Retrying.
2019-09-03 20:26:58,770 [pool-7-thread-1] INFO  commands.RetriableDatanodeEventWatcher (RetriableDatanodeEventWatcher.java:onTimeout(47)) - RetriableDatanodeCommand type=deleteBlocksCommand with id=1567542408660 timed out. Retrying.
2019-09-03 20:26:58,775 [pool-7-thread-1] INFO  commands.RetriableDatanodeEventWatcher (RetriableDatanodeEventWatcher.java:onTimeout(47)) - RetriableDatanodeCommand type=deleteBlocksCommand with id=1567542408631 timed out. Retrying.
2019-09-03 20:26:58,787 [pool-7-thread-1] INFO  commands.RetriableDatanodeEventWatcher (RetriableDatanodeEventWatcher.java:onTimeout(47)) - RetriableDatanodeCommand type=deleteBlocksCommand with id=1567542408670 timed out. Retrying.
2019-09-03 20:26:58,792 [pool-7-thread-1] INFO  commands.RetriableDatanodeEventWatcher (RetriableDatanodeEventWatcher.java:onTimeout(47)) - RetriableDatanodeCommand type=deleteBlocksCommand with id=1567542408582 timed out. Retrying.
2019-09-03 20:26:58,801 [SCMBlockDeletingService#1] DEBUG block.SCMBlockDeletingService (SCMBlockDeletingService.java:call(138)) - Running DeletedBlockTransactionScanner
2019-09-03 20:26:58,802 [SCMBlockDeletingService#1] DEBUG block.SCMBlockDeletingService (SCMBlockDeletingService.java:call(155)) - Scanned deleted blocks log and got 3 delTX to process.
2019-09-03 20:26:58,802 [SCMBlockDeletingService#1] DEBUG block.SCMBlockDeletingService (SCMBlockDeletingService.java:call(171)) - Added delete block command for datanode 81367453-3bf0-4298-8a83-8d5c3816df16 in the queue, number of delete block transactions: 3, TxID list: 1,2,3
2019-09-03 20:26:58,803 [SCMBlockDeletingService#1] INFO  block.SCMBlockDeletingService (SCMBlockDeletingService.java:call(182)) - Totally added 3 delete blocks command for 1 datanodes, task elapsed time: 2ms
2019-09-03 20:26:58,807 [pool-7-thread-2] INFO  commands.RetriableDatanodeEventWatcher (RetriableDatanodeEventWatcher.java:onTimeout(47)) - RetriableDatanodeCommand type=deleteBlocksCommand with id=1567542408641 timed out. Retrying.
2019-09-03 20:26:58,808 [pool-7-thread-1] INFO  commands.RetriableDatanodeEventWatcher (RetriableDatanodeEventWatcher.java:onTimeout(47)) - RetriableDatanodeCommand type=deleteBlocksCommand with id=1567542408592 timed out. Retrying.
2019-09-03 20:26:58,827 [pool-7-thread-1] INFO  commands.RetriableDatanodeEventWatcher (RetriableDatanodeEventWatcher.java:onTimeout(47)) - RetriableDatanodeCommand type=deleteBlocksCommand with id=1567542408602 timed out. Retrying.
2019-09-03 20:26:58,845 [pool-7-thread-1] INFO  commands.RetriableDatanodeEventWatcher (RetriableDatanodeEventWatcher.java:onTimeout(47)) - RetriableDatanodeCommand type=deleteBlocksCommand with id=1567542408612 timed out. Retrying.
2019-09-03 20:26:58,855 [pool-7-thread-1] INFO  commands.RetriableDatanodeEventWatcher (RetriableDatanodeEventWatcher.java:onTimeout(47)) - RetriableDatanodeCommand type=deleteBlocksCommand with id=1567542408651 timed out. Retrying.
2019-09-03 20:26:58,860 [pool-7-thread-1] INFO  commands.RetriableDatanodeEventWatcher (RetriableDatanodeEventWatcher.java:onTimeout(47)) - RetriableDatanodeCommand type=deleteBlocksCommand with id=1567542408622 timed out. Retrying.
2019-09-03 20:26:58,873 [pool-7-thread-1] INFO  commands.RetriableDatanodeEventWatcher (RetriableDatanodeEventWatcher.java:onTimeout(47)) - RetriableDatanodeCommand type=deleteBlocksCommand with id=1567542408661 timed out. Retrying.
2019-09-03 20:26:58,876 [pool-7-thread-1] INFO  commands.RetriableDatanodeEventWatcher (RetriableDatanodeEventWatcher.java:onTimeout(47)) - RetriableDatanodeCommand type=deleteBlocksCommand with id=1567542408632 timed out. Retrying.
2019-09-03 20:26:58,889 [pool-7-thread-1] INFO  commands.RetriableDatanodeEventWatcher (RetriableDatanodeEventWatcher.java:onTimeout(47)) - RetriableDatanodeCommand type=deleteBlocksCommand with id=1567542408671 timed out. Retrying.
2019-09-03 20:26:58,893 [pool-7-thread-1] INFO  commands.RetriableDatanodeEventWatcher (RetriableDatanodeEventWatcher.java:onTimeout(47)) - RetriableDatanodeCommand type=deleteBlocksCommand with id=1567542408583 timed out. Retrying.
2019-09-03 20:26:58,903 [SCMBlockDeletingService#1] DEBUG block.SCMBlockDeletingService (SCMBlockDeletingService.java:call(138)) - Running DeletedBlockTransactionScanner
2019-09-03 20:26:58,903 [SCMBlockDeletingService#1] DEBUG block.SCMBlockDeletingService (SCMBlockDeletingService.java:call(155)) - Scanned deleted blocks log and got 3 delTX to process.
2019-09-03 20:26:58,904 [SCMBlockDeletingService#1] DEBUG block.SCMBlockDeletingService (SCMBlockDeletingService.java:call(171)) - Added delete block command for datanode 81367453-3bf0-4298-8a83-8d5c3816df16 in the queue, number of delete block transactions: 3, TxID list: 1,2,3
2019-09-03 20:26:58,904 [SCMBlockDeletingService#1] INFO  block.SCMBlockDeletingService (SCMBlockDeletingService.java:call(182)) - Totally added 3 delete blocks command for 1 datanodes, task elapsed time: 1ms
2019-09-03 20:26:58,908 [pool-7-thread-1] INFO  commands.RetriableDatanodeEventWatcher (RetriableDatanodeEventWatcher.java:onTimeout(47)) - RetriableDatanodeCommand type=deleteBlocksCommand with id=1567542408593 timed out. Retrying.
2019-09-03 20:26:58,912 [pool-7-thread-1] INFO  commands.RetriableDatanodeEventWatcher (RetriableDatanodeEventWatcher.java:onTimeout(47)) - RetriableDatanodeCommand type=deleteBlocksCommand with id=1567542408642 timed out. Retrying.
2019-09-03 20:26:58,928 [pool-7-thread-1] INFO  commands.RetriableDatanodeEventWatcher (RetriableDatanodeEventWatcher.java:onTimeout(47)) - RetriableDatanodeCommand type=deleteBlocksCommand with id=1567542408603 timed out. Retrying.
2019-09-03 20:26:58,947 [pool-7-thread-1] INFO  commands.RetriableDatanodeEventWatcher (RetriableDatanodeEventWatcher.java:onTimeout(47)) - RetriableDatanodeCommand type=deleteBlocksCommand with id=1567542408613 timed out. Retrying.
2019-09-03 20:26:58,957 [pool-7-thread-1] INFO  commands.RetriableDatanodeEventWatcher (RetriableDatanodeEventWatcher.java:onTimeout(47)) - RetriableDatanodeCommand type=deleteBlocksCommand with id=1567542408652 timed out. Retrying.
2019-09-03 20:26:58,961 [pool-7-thread-1] INFO  commands.RetriableDatanodeEventWatcher (RetriableDatanodeEventWatcher.java:onTimeout(47)) - RetriableDatanodeCommand type=deleteBlocksCommand with id=1567542408623 timed out. Retrying.
2019-09-03 20:26:58,975 [pool-7-thread-1] INFO  commands.RetriableDatanodeEventWatcher (RetriableDatanodeEventWatcher.java:onTimeout(47)) - RetriableDatanodeCommand type=deleteBlocksCommand with id=1567542408662 timed out. Retrying.
2019-09-03 20:26:58,978 [pool-7-thread-1] INFO  commands.RetriableDatanodeEventWatcher (RetriableDatanodeEventWatcher.java:onTimeout(47)) - RetriableDatanodeCommand type=deleteBlocksCommand with id=1567542408633 timed out. Retrying.
2019-09-03 20:26:58,990 [pool-7-thread-1] INFO  commands.RetriableDatanodeEventWatcher (RetriableDatanodeEventWatcher.java:onTimeout(47)) - RetriableDatanodeCommand type=deleteBlocksCommand with id=1567542408672 timed out. Retrying.
2019-09-03 20:26:58,997 [pool-7-thread-1] INFO  commands.RetriableDatanodeEventWatcher (RetriableDatanodeEventWatcher.java:onTimeout(47)) - RetriableDatanodeCommand type=deleteBlocksCommand with id=1567542408584 timed out. Retrying.
2019-09-03 20:26:59,004 [SCMBlockDeletingService#1] DEBUG block.SCMBlockDeletingService (SCMBlockDeletingService.java:call(138)) - Running DeletedBlockTransactionScanner
2019-09-03 20:26:59,005 [SCMBlockDeletingService#1] DEBUG block.SCMBlockDeletingService (SCMBlockDeletingService.java:call(155)) - Scanned deleted blocks log and got 3 delTX to process.
2019-09-03 20:26:59,005 [SCMBlockDeletingService#1] DEBUG block.SCMBlockDeletingService (SCMBlockDeletingService.java:call(171)) - Added delete block command for datanode 81367453-3bf0-4298-8a83-8d5c3816df16 in the queue, number of delete block transactions: 3, TxID list: 1,2,3
2019-09-03 20:26:59,006 [SCMBlockDeletingService#1] INFO  block.SCMBlockDeletingService (SCMBlockDeletingService.java:call(182)) - Totally added 3 delete blocks command for 1 datanodes, task elapsed time: 1ms
2019-09-03 20:26:59,011 [pool-7-thread-1] INFO  commands.RetriableDatanodeEventWatcher (RetriableDatanodeEventWatcher.java:onTimeout(47)) - RetriableDatanodeCommand type=deleteBlocksCommand with id=1567542408594 timed out. Retrying.
2019-09-03 20:26:59,012 [pool-7-thread-2] INFO  commands.RetriableDatanodeEventWatcher (RetriableDatanodeEventWatcher.java:onTimeout(47)) - RetriableDatanodeCommand type=deleteBlocksCommand with id=1567542408643 timed out. Retrying.
2019-09-03 20:26:59,030 [pool-7-thread-2] INFO  commands.RetriableDatanodeEventWatcher (RetriableDatanodeEventWatcher.java:onTimeout(47)) - RetriableDatanodeCommand type=deleteBlocksCommand with id=1567542408604 timed out. Retrying.
2019-09-03 20:26:59,046 [pool-7-thread-2] INFO  commands.RetriableDatanodeEventWatcher (RetriableDatanodeEventWatcher.java:onTimeout(47)) - RetriableDatanodeCommand type=deleteBlocksCommand with id=1567542408614 timed out. Retrying.
2019-09-03 20:26:59,060 [pool-7-thread-2] INFO  commands.RetriableDatanodeEventWatcher (RetriableDatanodeEventWatcher.java:onTimeout(47)) - RetriableDatanodeCommand type=deleteBlocksCommand with id=1567542408653 timed out. Retrying.
2019-09-03 20:26:59,063 [pool-7-thread-2] INFO  commands.RetriableDatanodeEventWatcher (RetriableDatanodeEventWatcher.java:onTimeout(47)) - RetriableDatanodeCommand type=deleteBlocksCommand with id=1567542408624 timed out. Retrying.
2019-09-03 20:26:59,077 [pool-7-thread-2] INFO  commands.RetriableDatanodeEventWatcher (RetriableDatanodeEventWatcher.java:onTimeout(47)) - RetriableDatanodeCommand type=deleteBlocksCommand with id=1567542408663 timed out. Retrying.
2019-09-03 20:26:59,080 [pool-7-thread-2] INFO  commands.RetriableDatanodeEventWatcher (RetriableDatanodeEventWatcher.java:onTimeout(47)) - RetriableDatanodeCommand type=deleteBlocksCommand with id=1567542408634 timed out. Retrying.
2019-09-03 20:26:59,092 [pool-7-thread-2] INFO  commands.RetriableDatanodeEventWatcher (RetriableDatanodeEventWatcher.java:onTimeout(47)) - RetriableDatanodeCommand type=deleteBlocksCommand with id=1567542408673 timed out. Retrying.
2019-09-03 20:26:59,098 [pool-7-thread-2] INFO  commands.RetriableDatanodeEventWatcher (RetriableDatanodeEventWatcher.java:onTimeout(47)) - RetriableDatanodeCommand type=deleteBlocksCommand with id=1567542408585 timed out. Retrying.
2019-09-03 20:26:59,106 [SCMBlockDeletingService#1] DEBUG block.SCMBlockDeletingService (SCMBlockDeletingService.java:call(138)) - Running DeletedBlockTransactionScanner
2019-09-03 20:26:59,107 [SCMBlockDeletingService#1] DEBUG block.SCMBlockDeletingService (SCMBlockDeletingService.java:call(155)) - Scanned deleted blocks log and got 3 delTX to process.
2019-09-03 20:26:59,107 [SCMBlockDeletingService#1] DEBUG block.SCMBlockDeletingService (SCMBlockDeletingService.java:call(171)) - Added delete block command for datanode 81367453-3bf0-4298-8a83-8d5c3816df16 in the queue, number of delete block transactions: 3, TxID list: 1,2,3
2019-09-03 20:26:59,108 [SCMBlockDeletingService#1] INFO  block.SCMBlockDeletingService (SCMBlockDeletingService.java:call(182)) - Totally added 3 delete blocks command for 1 datanodes, task elapsed time: 2ms
2019-09-03 20:26:59,112 [pool-7-thread-2] INFO  commands.RetriableDatanodeEventWatcher (RetriableDatanodeEventWatcher.java:onTimeout(47)) - RetriableDatanodeCommand type=deleteBlocksCommand with id=1567542408595 timed out. Retrying.
2019-09-03 20:26:59,114 [pool-7-thread-2] INFO  commands.RetriableDatanodeEventWatcher (RetriableDatanodeEventWatcher.java:onTimeout(47)) - RetriableDatanodeCommand type=deleteBlocksCommand with id=1567542408644 timed out. Retrying.
2019-09-03 20:26:59,130 [pool-7-thread-2] INFO  commands.RetriableDatanodeEventWatcher (RetriableDatanodeEventWatcher.java:onTimeout(47)) - RetriableDatanodeCommand type=deleteBlocksCommand with id=1567542408605 timed out. Retrying.
2019-09-03 20:26:59,149 [pool-7-thread-2] INFO  commands.RetriableDatanodeEventWatcher (RetriableDatanodeEventWatcher.java:onTimeout(47)) - RetriableDatanodeCommand type=deleteBlocksCommand with id=1567542408615 timed out. Retrying.
2019-09-03 20:26:59,160 [pool-7-thread-2] INFO  commands.RetriableDatanodeEventWatcher (RetriableDatanodeEventWatcher.java:onTimeout(47)) - RetriableDatanodeCommand type=deleteBlocksCommand with id=1567542408654 timed out. Retrying.
2019-09-03 20:26:59,166 [pool-7-thread-2] INFO  commands.RetriableDatanodeEventWatcher (RetriableDatanodeEventWatcher.java:onTimeout(47)) - RetriableDatanodeCommand type=deleteBlocksCommand with id=1567542408625 timed out. Retrying.
2019-09-03 20:26:59,177 [pool-7-thread-2] INFO  commands.RetriableDatanodeEventWatcher (RetriableDatanodeEventWatcher.java:onTimeout(47)) - RetriableDatanodeCommand type=deleteBlocksCommand with id=1567542408664 timed out. Retrying.
2019-09-03 20:26:59,184 [pool-7-thread-2] INFO  commands.RetriableDatanodeEventWatcher (RetriableDatanodeEventWatcher.java:onTimeout(47)) - RetriableDatanodeCommand type=deleteBlocksCommand with id=1567542408635 timed out. Retrying.
2019-09-03 20:26:59,193 [pool-7-thread-2] INFO  commands.RetriableDatanodeEventWatcher (RetriableDatanodeEventWatcher.java:onTimeout(47)) - RetriableDatanodeCommand type=deleteBlocksCommand with id=1567542408674 timed out. Retrying.
2019-09-03 20:26:59,196 [pool-7-thread-2] INFO  commands.RetriableDatanodeEventWatcher (RetriableDatanodeEventWatcher.java:onTimeout(47)) - RetriableDatanodeCommand type=deleteBlocksCommand with id=1567542408586 timed out. Retrying.
2019-09-03 20:26:59,208 [SCMBlockDeletingService#1] DEBUG block.SCMBlockDeletingService (SCMBlockDeletingService.java:call(138)) - Running DeletedBlockTransactionScanner
2019-09-03 20:26:59,209 [SCMBlockDeletingService#1] DEBUG block.SCMBlockDeletingService (SCMBlockDeletingService.java:call(155)) - Scanned deleted blocks log and got 3 delTX to process.
2019-09-03 20:26:59,209 [SCMBlockDeletingService#1] DEBUG block.SCMBlockDeletingService (SCMBlockDeletingService.java:call(171)) - Added delete block command for datanode 81367453-3bf0-4298-8a83-8d5c3816df16 in the queue, number of delete block transactions: 3, TxID list: 1,2,3
2019-09-03 20:26:59,210 [SCMBlockDeletingService#1] INFO  block.SCMBlockDeletingService (SCMBlockDeletingService.java:call(182)) - Totally added 3 delete blocks command for 1 datanodes, task elapsed time: 2ms
2019-09-03 20:26:59,214 [pool-7-thread-2] INFO  commands.RetriableDatanodeEventWatcher (RetriableDatanodeEventWatcher.java:onTimeout(47)) - RetriableDatanodeCommand type=deleteBlocksCommand with id=1567542408596 timed out. Retrying.
2019-09-03 20:26:59,215 [pool-7-thread-1] INFO  commands.RetriableDatanodeEventWatcher (RetriableDatanodeEventWatcher.java:onTimeout(47)) - RetriableDatanodeCommand type=deleteBlocksCommand with id=1567542408645 timed out. Retrying.
2019-09-03 20:26:59,232 [pool-7-thread-1] INFO  commands.RetriableDatanodeEventWatcher (RetriableDatanodeEventWatcher.java:onTimeout(47)) - RetriableDatanodeCommand type=deleteBlocksCommand with id=1567542408606 timed out. Retrying.
2019-09-03 20:26:59,252 [pool-7-thread-1] INFO  commands.RetriableDatanodeEventWatcher (RetriableDatanodeEventWatcher.java:onTimeout(47)) - RetriableDatanodeCommand type=deleteBlocksCommand with id=1567542408616 timed out. Retrying.
2019-09-03 20:26:59,262 [pool-7-thread-1] INFO  commands.RetriableDatanodeEventWatcher (RetriableDatanodeEventWatcher.java:onTimeout(47)) - RetriableDatanodeCommand type=deleteBlocksCommand with id=1567542408655 timed out. Retrying.
2019-09-03 20:26:59,267 [pool-7-thread-1] INFO  commands.RetriableDatanodeEventWatcher (RetriableDatanodeEventWatcher.java:onTimeout(47)) - RetriableDatanodeCommand type=deleteBlocksCommand with id=1567542408626 timed out. Retrying.
2019-09-03 20:26:59,279 [pool-7-thread-1] INFO  commands.RetriableDatanodeEventWatcher (RetriableDatanodeEventWatcher.java:onTimeout(47)) - RetriableDatanodeCommand type=deleteBlocksCommand with id=1567542408665 timed out. Retrying.
2019-09-03 20:26:59,284 [pool-7-thread-1] INFO  commands.RetriableDatanodeEventWatcher (RetriableDatanodeEventWatcher.java:onTimeout(47)) - RetriableDatanodeCommand type=deleteBlocksCommand with id=1567542408636 timed out. Retrying.
2019-09-03 20:26:59,295 [pool-7-thread-1] INFO  commands.RetriableDatanodeEventWatcher (RetriableDatanodeEventWatcher.java:onTimeout(47)) - RetriableDatanodeCommand type=deleteBlocksCommand with id=1567542408675 timed out. Retrying.
2019-09-03 20:26:59,301 [pool-7-thread-1] INFO  commands.RetriableDatanodeEventWatcher (RetriableDatanodeEventWatcher.java:onTimeout(47)) - RetriableDatanodeCommand type=deleteBlocksCommand with id=1567542408587 timed out. Retrying.
2019-09-03 20:26:59,310 [SCMBlockDeletingService#1] DEBUG block.SCMBlockDeletingService (SCMBlockDeletingService.java:call(138)) - Running DeletedBlockTransactionScanner
2019-09-03 20:26:59,311 [SCMBlockDeletingService#1] DEBUG block.SCMBlockDeletingService (SCMBlockDeletingService.java:call(155)) - Scanned deleted blocks log and got 3 delTX to process.
2019-09-03 20:26:59,311 [SCMBlockDeletingService#1] DEBUG block.SCMBlockDeletingService (SCMBlockDeletingService.java:call(171)) - Added delete block command for datanode 81367453-3bf0-4298-8a83-8d5c3816df16 in the queue, number of delete block transactions: 3, TxID list: 1,2,3
2019-09-03 20:26:59,311 [SCMBlockDeletingService#1] INFO  block.SCMBlockDeletingService (SCMBlockDeletingService.java:call(182)) - Totally added 3 delete blocks command for 1 datanodes, task elapsed time: 1ms
2019-09-03 20:26:59,317 [pool-7-thread-1] INFO  commands.RetriableDatanodeEventWatcher (RetriableDatanodeEventWatcher.java:onTimeout(47)) - RetriableDatanodeCommand type=deleteBlocksCommand with id=1567542408597 timed out. Retrying.
2019-09-03 20:26:59,317 [pool-7-thread-2] INFO  commands.RetriableDatanodeEventWatcher (RetriableDatanodeEventWatcher.java:onTimeout(47)) - RetriableDatanodeCommand type=deleteBlocksCommand with id=1567542408646 timed out. Retrying.
2019-09-03 20:26:59,333 [pool-7-thread-2] INFO  commands.RetriableDatanodeEventWatcher (RetriableDatanodeEventWatcher.java:onTimeout(47)) - RetriableDatanodeCommand type=deleteBlocksCommand with id=1567542408607 timed out. Retrying.
2019-09-03 20:26:59,353 [pool-7-thread-2] INFO  commands.RetriableDatanodeEventWatcher (RetriableDatanodeEventWatcher.java:onTimeout(47)) - RetriableDatanodeCommand type=deleteBlocksCommand with id=1567542408617 timed out. Retrying.
2019-09-03 20:26:59,363 [pool-7-thread-2] INFO  commands.RetriableDatanodeEventWatcher (RetriableDatanodeEventWatcher.java:onTimeout(47)) - RetriableDatanodeCommand type=deleteBlocksCommand with id=1567542408656 timed out. Retrying.
2019-09-03 20:26:59,368 [pool-7-thread-2] INFO  commands.RetriableDatanodeEventWatcher (RetriableDatanodeEventWatcher.java:onTimeout(47)) - RetriableDatanodeCommand type=deleteBlocksCommand with id=1567542408627 timed out. Retrying.
2019-09-03 20:26:59,381 [pool-7-thread-2] INFO  commands.RetriableDatanodeEventWatcher (RetriableDatanodeEventWatcher.java:onTimeout(47)) - RetriableDatanodeCommand type=deleteBlocksCommand with id=1567542408666 timed out. Retrying.
2019-09-03 20:26:59,396 [pool-7-thread-2] INFO  commands.RetriableDatanodeEventWatcher (RetriableDatanodeEventWatcher.java:onTimeout(47)) - RetriableDatanodeCommand type=deleteBlocksCommand with id=1567542408676 timed out. Retrying.
2019-09-03 20:26:59,403 [pool-7-thread-2] INFO  commands.RetriableDatanodeEventWatcher (RetriableDatanodeEventWatcher.java:onTimeout(47)) - RetriableDatanodeCommand type=deleteBlocksCommand with id=1567542408637 timed out. Retrying.
2019-09-03 20:26:59,403 [pool-7-thread-1] INFO  commands.RetriableDatanodeEventWatcher (RetriableDatanodeEventWatcher.java:onTimeout(47)) - RetriableDatanodeCommand type=deleteBlocksCommand with id=1567542408588 timed out. Retrying.
2019-09-03 20:26:59,412 [SCMBlockDeletingService#1] DEBUG block.SCMBlockDeletingService (SCMBlockDeletingService.java:call(138)) - Running DeletedBlockTransactionScanner
2019-09-03 20:26:59,412 [SCMBlockDeletingService#1] DEBUG block.SCMBlockDeletingService (SCMBlockDeletingService.java:call(155)) - Scanned deleted blocks log and got 3 delTX to process.
2019-09-03 20:26:59,412 [SCMBlockDeletingService#1] DEBUG block.SCMBlockDeletingService (SCMBlockDeletingService.java:call(171)) - Added delete block command for datanode 81367453-3bf0-4298-8a83-8d5c3816df16 in the queue, number of delete block transactions: 3, TxID list: 1,2,3
2019-09-03 20:26:59,413 [SCMBlockDeletingService#1] INFO  block.SCMBlockDeletingService (SCMBlockDeletingService.java:call(182)) - Totally added 3 delete blocks command for 1 datanodes, task elapsed time: 1ms
2019-09-03 20:26:59,418 [pool-7-thread-1] INFO  commands.RetriableDatanodeEventWatcher (RetriableDatanodeEventWatcher.java:onTimeout(47)) - RetriableDatanodeCommand type=deleteBlocksCommand with id=1567542408598 timed out. Retrying.
2019-09-03 20:26:59,420 [pool-7-thread-1] INFO  commands.RetriableDatanodeEventWatcher (RetriableDatanodeEventWatcher.java:onTimeout(47)) - RetriableDatanodeCommand type=deleteBlocksCommand with id=1567542408647 timed out. Retrying.
2019-09-03 20:26:59,438 [pool-7-thread-1] INFO  commands.RetriableDatanodeEventWatcher (RetriableDatanodeEventWatcher.java:onTimeout(47)) - RetriableDatanodeCommand type=deleteBlocksCommand with id=1567542408608 timed out. Retrying.
2019-09-03 20:26:59,454 [pool-7-thread-1] INFO  commands.RetriableDatanodeEventWatcher (RetriableDatanodeEventWatcher.java:onTimeout(47)) - RetriableDatanodeCommand type=deleteBlocksCommand with id=1567542408618 timed out. Retrying.
2019-09-03 20:26:59,465 [pool-7-thread-1] INFO  commands.RetriableDatanodeEventWatcher (RetriableDatanodeEventWatcher.java:onTimeout(47)) - RetriableDatanodeCommand type=deleteBlocksCommand with id=1567542408657 timed out. Retrying.
2019-09-03 20:26:59,465 [main] INFO  ozone.MiniOzoneClusterImpl (MiniOzoneClusterImpl.java:lambda$waitForClusterToBeReady$0(140)) - Waiting for cluster to be ready. Got 0 of 1 DN Heartbeats.
2019-09-03 20:26:59,469 [pool-7-thread-1] INFO  commands.RetriableDatanodeEventWatcher (RetriableDatanodeEventWatcher.java:onTimeout(47)) - RetriableDatanodeCommand type=deleteBlocksCommand with id=1567542408628 timed out. Retrying.
2019-09-03 20:26:59,484 [pool-7-thread-1] INFO  commands.RetriableDatanodeEventWatcher (RetriableDatanodeEventWatcher.java:onTimeout(47)) - RetriableDatanodeCommand type=deleteBlocksCommand with id=1567542408667 timed out. Retrying.
2019-09-03 20:26:59,496 [pool-7-thread-1] INFO  commands.RetriableDatanodeEventWatcher (RetriableDatanodeEventWatcher.java:onTimeout(47)) - RetriableDatanodeCommand type=deleteBlocksCommand with id=1567542408677 timed out. Retrying.
2019-09-03 20:26:59,503 [pool-7-thread-1] INFO  commands.RetriableDatanodeEventWatcher (RetriableDatanodeEventWatcher.java:onTimeout(47)) - RetriableDatanodeCommand type=deleteBlocksCommand with id=1567542408638 timed out. Retrying.
2019-09-03 20:26:59,504 [pool-7-thread-2] INFO  commands.RetriableDatanodeEventWatcher (RetriableDatanodeEventWatcher.java:onTimeout(47)) - RetriableDatanodeCommand type=deleteBlocksCommand with id=1567542408589 timed out. Retrying.
2019-09-03 20:26:59,513 [SCMBlockDeletingService#1] DEBUG block.SCMBlockDeletingService (SCMBlockDeletingService.java:call(138)) - Running DeletedBlockTransactionScanner
2019-09-03 20:26:59,514 [SCMBlockDeletingService#1] DEBUG block.SCMBlockDeletingService (SCMBlockDeletingService.java:call(155)) - Scanned deleted blocks log and got 3 delTX to process.
2019-09-03 20:26:59,514 [SCMBlockDeletingService#1] DEBUG block.SCMBlockDeletingService (SCMBlockDeletingService.java:call(171)) - Added delete block command for datanode 81367453-3bf0-4298-8a83-8d5c3816df16 in the queue, number of delete block transactions: 3, TxID list: 1,2,3
2019-09-03 20:26:59,514 [SCMBlockDeletingService#1] INFO  block.SCMBlockDeletingService (SCMBlockDeletingService.java:call(182)) - Totally added 3 delete blocks command for 1 datanodes, task elapsed time: 2ms
2019-09-03 20:26:59,519 [pool-7-thread-2] INFO  commands.RetriableDatanodeEventWatcher (RetriableDatanodeEventWatcher.java:onTimeout(47)) - RetriableDatanodeCommand type=deleteBlocksCommand with id=1567542408648 timed out. Retrying.
2019-09-03 20:26:59,519 [pool-7-thread-2] INFO  commands.RetriableDatanodeEventWatcher (RetriableDatanodeEventWatcher.java:onTimeout(47)) - RetriableDatanodeCommand type=deleteBlocksCommand with id=1567542408599 timed out. Retrying.
2019-09-03 20:26:59,540 [pool-7-thread-2] INFO  commands.RetriableDatanodeEventWatcher (RetriableDatanodeEventWatcher.java:onTimeout(47)) - RetriableDatanodeCommand type=deleteBlocksCommand with id=1567542408609 timed out. Retrying.
2019-09-03 20:26:59,554 [pool-7-thread-2] INFO  commands.RetriableDatanodeEventWatcher (RetriableDatanodeEventWatcher.java:onTimeout(47)) - RetriableDatanodeCommand type=deleteBlocksCommand with id=1567542408619 timed out. Retrying.
2019-09-03 20:26:59,569 [pool-7-thread-2] INFO  commands.RetriableDatanodeEventWatcher (RetriableDatanodeEventWatcher.java:onTimeout(47)) - RetriableDatanodeCommand type=deleteBlocksCommand with id=1567542408658 timed out. Retrying.
2019-09-03 20:26:59,571 [pool-7-thread-2] INFO  commands.RetriableDatanodeEventWatcher (RetriableDatanodeEventWatcher.java:onTimeout(47)) - RetriableDatanodeCommand type=deleteBlocksCommand with id=1567542408629 timed out. Retrying.
2019-09-03 20:26:59,584 [pool-7-thread-2] INFO  commands.RetriableDatanodeEventWatcher (RetriableDatanodeEventWatcher.java:onTimeout(47)) - RetriableDatanodeCommand type=deleteBlocksCommand with id=1567542408668 timed out. Retrying.
2019-09-03 20:26:59,591 [pool-7-thread-2] INFO  commands.RetriableDatanodeEventWatcher (RetriableDatanodeEventWatcher.java:onTimeout(47)) - RetriableDatanodeCommand type=deleteBlocksCommand with id=1567542408580 timed out. Retrying.
2019-09-03 20:26:59,598 [pool-7-thread-2] INFO  commands.RetriableDatanodeEventWatcher (RetriableDatanodeEventWatcher.java:onTimeout(47)) - RetriableDatanodeCommand type=deleteBlocksCommand with id=1567542408678 timed out. Retrying.
2019-09-03 20:26:59,604 [pool-7-thread-2] INFO  commands.RetriableDatanodeEventWatcher (RetriableDatanodeEventWatcher.java:onTimeout(47)) - RetriableDatanodeCommand type=deleteBlocksCommand with id=1567542408590 timed out. Retrying.
2019-09-03 20:26:59,606 [pool-7-thread-2] INFO  commands.RetriableDatanodeEventWatcher (RetriableDatanodeEventWatcher.java:onTimeout(47)) - RetriableDatanodeCommand type=deleteBlocksCommand with id=1567542408639 timed out. Retrying.
2019-09-03 20:26:59,615 [SCMBlockDeletingService#1] DEBUG block.SCMBlockDeletingService (SCMBlockDeletingService.java:call(138)) - Running DeletedBlockTransactionScanner
2019-09-03 20:26:59,615 [SCMBlockDeletingService#1] DEBUG block.SCMBlockDeletingService (SCMBlockDeletingService.java:call(155)) - Scanned deleted blocks log and got 3 delTX to process.
2019-09-03 20:26:59,616 [SCMBlockDeletingService#1] DEBUG block.SCMBlockDeletingService (SCMBlockDeletingService.java:call(171)) - Added delete block command for datanode 81367453-3bf0-4298-8a83-8d5c3816df16 in the queue, number of delete block transactions: 3, TxID list: 1,2,3
2019-09-03 20:26:59,616 [SCMBlockDeletingService#1] INFO  block.SCMBlockDeletingService (SCMBlockDeletingService.java:call(182)) - Totally added 3 delete blocks command for 1 datanodes, task elapsed time: 1ms
2019-09-03 20:26:59,621 [pool-7-thread-2] INFO  commands.RetriableDatanodeEventWatcher (RetriableDatanodeEventWatcher.java:onTimeout(47)) - RetriableDatanodeCommand type=deleteBlocksCommand with id=1567542408649 timed out. Retrying.
2019-09-03 20:26:59,622 [pool-7-thread-2] INFO  commands.RetriableDatanodeEventWatcher (RetriableDatanodeEventWatcher.java:onTimeout(47)) - RetriableDatanodeCommand type=deleteBlocksCommand with id=1567542408600 timed out. Retrying.
2019-09-03 20:26:59,640 [pool-7-thread-2] INFO  commands.RetriableDatanodeEventWatcher (RetriableDatanodeEventWatcher.java:onTimeout(47)) - RetriableDatanodeCommand type=deleteBlocksCommand with id=1567542408610 timed out. Retrying.
2019-09-03 20:26:59,657 [pool-7-thread-2] INFO  commands.RetriableDatanodeEventWatcher (RetriableDatanodeEventWatcher.java:onTimeout(47)) - RetriableDatanodeCommand type=deleteBlocksCommand with id=1567542408620 timed out. Retrying.
2019-09-03 20:26:59,671 [pool-7-thread-2] INFO  commands.RetriableDatanodeEventWatcher (RetriableDatanodeEventWatcher.java:onTimeout(47)) - RetriableDatanodeCommand type=deleteBlocksCommand with id=1567542408659 timed out. Retrying.
2019-09-03 20:26:59,673 [pool-7-thread-2] INFO  commands.RetriableDatanodeEventWatcher (RetriableDatanodeEventWatcher.java:onTimeout(47)) - RetriableDatanodeCommand type=deleteBlocksCommand with id=1567542408630 timed out. Retrying.
2019-09-03 20:26:59,687 [pool-7-thread-2] INFO  commands.RetriableDatanodeEventWatcher (RetriableDatanodeEventWatcher.java:onTimeout(47)) - RetriableDatanodeCommand type=deleteBlocksCommand with id=1567542408669 timed out. Retrying.
2019-09-03 20:26:59,687 [pool-7-thread-2] INFO  commands.RetriableDatanodeEventWatcher (RetriableDatanodeEventWatcher.java:onTimeout(47)) - RetriableDatanodeCommand type=deleteBlocksCommand with id=1567542408581 timed out. Retrying.
2019-09-03 20:26:59,701 [pool-7-thread-2] INFO  commands.RetriableDatanodeEventWatcher (RetriableDatanodeEventWatcher.java:onTimeout(47)) - RetriableDatanodeCommand type=deleteBlocksCommand with id=1567542408679 timed out. Retrying.
2019-09-03 20:26:59,707 [pool-7-thread-2] INFO  commands.RetriableDatanodeEventWatcher (RetriableDatanodeEventWatcher.java:onTimeout(47)) - RetriableDatanodeCommand type=deleteBlocksCommand with id=1567542408591 timed out. Retrying.
2019-09-03 20:26:59,708 [pool-7-thread-1] INFO  commands.RetriableDatanodeEventWatcher (RetriableDatanodeEventWatcher.java:onTimeout(47)) - RetriableDatanodeCommand type=deleteBlocksCommand with id=1567542408640 timed out. Retrying.
2019-09-03 20:26:59,716 [SCMBlockDeletingService#1] DEBUG block.SCMBlockDeletingService (SCMBlockDeletingService.java:call(138)) - Running DeletedBlockTransactionScanner
2019-09-03 20:26:59,717 [SCMBlockDeletingService#1] DEBUG block.SCMBlockDeletingService (SCMBlockDeletingService.java:call(155)) - Scanned deleted blocks log and got 3 delTX to process.
2019-09-03 20:26:59,717 [SCMBlockDeletingService#1] DEBUG block.SCMBlockDeletingService (SCMBlockDeletingService.java:call(171)) - Added delete block command for datanode 81367453-3bf0-4298-8a83-8d5c3816df16 in the queue, number of delete block transactions: 3, TxID list: 1,2,3
2019-09-03 20:26:59,718 [SCMBlockDeletingService#1] INFO  block.SCMBlockDeletingService (SCMBlockDeletingService.java:call(182)) - Totally added 3 delete blocks command for 1 datanodes, task elapsed time: 1ms
2019-09-03 20:26:59,725 [pool-7-thread-1] INFO  commands.RetriableDatanodeEventWatcher (RetriableDatanodeEventWatcher.java:onTimeout(47)) - RetriableDatanodeCommand type=deleteBlocksCommand with id=1567542408650 timed out. Retrying.
2019-09-03 20:26:59,726 [pool-7-thread-1] INFO  commands.RetriableDatanodeEventWatcher (RetriableDatanodeEventWatcher.java:onTimeout(47)) - RetriableDatanodeCommand type=deleteBlocksCommand with id=1567542408601 timed out. Retrying.
2019-09-03 20:26:59,744 [pool-7-thread-1] INFO  commands.RetriableDatanodeEventWatcher (RetriableDatanodeEventWatcher.java:onTimeout(47)) - RetriableDatanodeCommand type=deleteBlocksCommand with id=1567542408611 timed out. Retrying.
2019-09-03 20:26:59,758 [pool-7-thread-1] INFO  commands.RetriableDatanodeEventWatcher (RetriableDatanodeEventWatcher.java:onTimeout(47)) - RetriableDatanodeCommand type=deleteBlocksCommand with id=1567542408621 timed out. Retrying.
2019-09-03 20:26:59,771 [pool-7-thread-1] INFO  commands.RetriableDatanodeEventWatcher (RetriableDatanodeEventWatcher.java:onTimeout(47)) - RetriableDatanodeCommand type=deleteBlocksCommand with id=1567542408660 timed out. Retrying.
2019-09-03 20:26:59,776 [pool-7-thread-1] INFO  commands.RetriableDatanodeEventWatcher (RetriableDatanodeEventWatcher.java:onTimeout(47)) - RetriableDatanodeCommand type=deleteBlocksCommand with id=1567542408631 timed out. Retrying.
2019-09-03 20:26:59,787 [pool-7-thread-1] INFO  commands.RetriableDatanodeEventWatcher (RetriableDatanodeEventWatcher.java:onTimeout(47)) - RetriableDatanodeCommand type=deleteBlocksCommand with id=1567542408670 timed out. Retrying.
2019-09-03 20:26:59,792 [pool-7-thread-1] INFO  commands.RetriableDatanodeEventWatcher (RetriableDatanodeEventWatcher.java:onTimeout(47)) - RetriableDatanodeCommand type=deleteBlocksCommand with id=1567542408582 timed out. Retrying.
2019-09-03 20:26:59,802 [pool-7-thread-1] INFO  commands.RetriableDatanodeEventWatcher (RetriableDatanodeEventWatcher.java:onTimeout(47)) - RetriableDatanodeCommand type=deleteBlocksCommand with id=1567542408680 timed out. Retrying.
2019-09-03 20:26:59,808 [pool-7-thread-1] INFO  commands.RetriableDatanodeEventWatcher (RetriableDatanodeEventWatcher.java:onTimeout(47)) - RetriableDatanodeCommand type=deleteBlocksCommand with id=1567542408592 timed out. Retrying.
2019-09-03 20:26:59,808 [pool-7-thread-2] INFO  commands.RetriableDatanodeEventWatcher (RetriableDatanodeEventWatcher.java:onTimeout(47)) - RetriableDatanodeCommand type=deleteBlocksCommand with id=1567542408641 timed out. Retrying.
2019-09-03 20:26:59,818 [SCMBlockDeletingService#1] DEBUG block.SCMBlockDeletingService (SCMBlockDeletingService.java:call(138)) - Running DeletedBlockTransactionScanner
2019-09-03 20:26:59,818 [SCMBlockDeletingService#1] DEBUG block.SCMBlockDeletingService (SCMBlockDeletingService.java:call(155)) - Scanned deleted blocks log and got 3 delTX to process.
2019-09-03 20:26:59,819 [SCMBlockDeletingService#1] DEBUG block.SCMBlockDeletingService (SCMBlockDeletingService.java:call(171)) - Added delete block command for datanode 81367453-3bf0-4298-8a83-8d5c3816df16 in the queue, number of delete block transactions: 3, TxID list: 1,2,3
2019-09-03 20:26:59,819 [SCMBlockDeletingService#1] INFO  block.SCMBlockDeletingService (SCMBlockDeletingService.java:call(182)) - Totally added 3 delete blocks command for 1 datanodes, task elapsed time: 1ms
2019-09-03 20:26:59,828 [pool-7-thread-2] INFO  commands.RetriableDatanodeEventWatcher (RetriableDatanodeEventWatcher.java:onTimeout(47)) - RetriableDatanodeCommand type=deleteBlocksCommand with id=1567542408602 timed out. Retrying.
2019-09-03 20:26:59,844 [pool-7-thread-2] INFO  commands.RetriableDatanodeEventWatcher (RetriableDatanodeEventWatcher.java:onTimeout(47)) - RetriableDatanodeCommand type=deleteBlocksCommand with id=1567542408612 timed out. Retrying.
2019-09-03 20:26:59,856 [pool-7-thread-2] INFO  commands.RetriableDatanodeEventWatcher (RetriableDatanodeEventWatcher.java:onTimeout(47)) - RetriableDatanodeCommand type=deleteBlocksCommand with id=1567542408651 timed out. Retrying.
2019-09-03 20:26:59,860 [pool-7-thread-2] INFO  commands.RetriableDatanodeEventWatcher (RetriableDatanodeEventWatcher.java:onTimeout(47)) - RetriableDatanodeCommand type=deleteBlocksCommand with id=1567542408622 timed out. Retrying.
2019-09-03 20:26:59,874 [pool-7-thread-2] INFO  commands.RetriableDatanodeEventWatcher (RetriableDatanodeEventWatcher.java:onTimeout(47)) - RetriableDatanodeCommand type=deleteBlocksCommand with id=1567542408661 timed out. Retrying.
2019-09-03 20:26:59,875 [pool-7-thread-2] INFO  commands.RetriableDatanodeEventWatcher (RetriableDatanodeEventWatcher.java:onTimeout(47)) - RetriableDatanodeCommand type=deleteBlocksCommand with id=1567542408632 timed out. Retrying.
2019-09-03 20:26:59,890 [pool-7-thread-2] INFO  commands.RetriableDatanodeEventWatcher (RetriableDatanodeEventWatcher.java:onTimeout(47)) - RetriableDatanodeCommand type=deleteBlocksCommand with id=1567542408671 timed out. Retrying.
2019-09-03 20:26:59,892 [pool-7-thread-2] INFO  commands.RetriableDatanodeEventWatcher (RetriableDatanodeEventWatcher.java:onTimeout(47)) - RetriableDatanodeCommand type=deleteBlocksCommand with id=1567542408583 timed out. Retrying.
2019-09-03 20:26:59,904 [pool-7-thread-2] INFO  commands.RetriableDatanodeEventWatcher (RetriableDatanodeEventWatcher.java:onTimeout(47)) - RetriableDatanodeCommand type=deleteBlocksCommand with id=1567542408681 timed out. Retrying.
2019-09-03 20:26:59,908 [pool-7-thread-2] INFO  commands.RetriableDatanodeEventWatcher (RetriableDatanodeEventWatcher.java:onTimeout(47)) - RetriableDatanodeCommand type=deleteBlocksCommand with id=1567542408593 timed out. Retrying.
2019-09-03 20:26:59,912 [pool-7-thread-2] INFO  commands.RetriableDatanodeEventWatcher (RetriableDatanodeEventWatcher.java:onTimeout(47)) - RetriableDatanodeCommand type=deleteBlocksCommand with id=1567542408642 timed out. Retrying.
2019-09-03 20:26:59,920 [SCMBlockDeletingService#1] DEBUG block.SCMBlockDeletingService (SCMBlockDeletingService.java:call(138)) - Running DeletedBlockTransactionScanner
2019-09-03 20:26:59,920 [SCMBlockDeletingService#1] DEBUG block.SCMBlockDeletingService (SCMBlockDeletingService.java:call(155)) - Scanned deleted blocks log and got 3 delTX to process.
2019-09-03 20:26:59,920 [SCMBlockDeletingService#1] DEBUG block.SCMBlockDeletingService (SCMBlockDeletingService.java:call(171)) - Added delete block command for datanode 81367453-3bf0-4298-8a83-8d5c3816df16 in the queue, number of delete block transactions: 3, TxID list: 1,2,3
2019-09-03 20:26:59,921 [SCMBlockDeletingService#1] INFO  block.SCMBlockDeletingService (SCMBlockDeletingService.java:call(182)) - Totally added 3 delete blocks command for 1 datanodes, task elapsed time: 1ms
2019-09-03 20:26:59,929 [pool-7-thread-2] INFO  commands.RetriableDatanodeEventWatcher (RetriableDatanodeEventWatcher.java:onTimeout(47)) - RetriableDatanodeCommand type=deleteBlocksCommand with id=1567542408603 timed out. Retrying.
2019-09-03 20:26:59,947 [pool-7-thread-2] INFO  commands.RetriableDatanodeEventWatcher (RetriableDatanodeEventWatcher.java:onTimeout(47)) - RetriableDatanodeCommand type=deleteBlocksCommand with id=1567542408613 timed out. Retrying.
2019-09-03 20:26:59,958 [pool-7-thread-2] INFO  commands.RetriableDatanodeEventWatcher (RetriableDatanodeEventWatcher.java:onTimeout(47)) - RetriableDatanodeCommand type=deleteBlocksCommand with id=1567542408652 timed out. Retrying.
2019-09-03 20:26:59,961 [pool-7-thread-2] INFO  commands.RetriableDatanodeEventWatcher (RetriableDatanodeEventWatcher.java:onTimeout(47)) - RetriableDatanodeCommand type=deleteBlocksCommand with id=1567542408623 timed out. Retrying.
2019-09-03 20:26:59,976 [pool-7-thread-2] INFO  commands.RetriableDatanodeEventWatcher (RetriableDatanodeEventWatcher.java:onTimeout(47)) - RetriableDatanodeCommand type=deleteBlocksCommand with id=1567542408662 timed out. Retrying.
2019-09-03 20:26:59,978 [pool-7-thread-2] INFO  commands.RetriableDatanodeEventWatcher (RetriableDatanodeEventWatcher.java:onTimeout(47)) - RetriableDatanodeCommand type=deleteBlocksCommand with id=1567542408633 timed out. Retrying.
2019-09-03 20:26:59,990 [pool-7-thread-2] INFO  commands.RetriableDatanodeEventWatcher (RetriableDatanodeEventWatcher.java:onTimeout(47)) - RetriableDatanodeCommand type=deleteBlocksCommand with id=1567542408672 timed out. Retrying.
2019-09-03 20:26:59,998 [pool-7-thread-2] INFO  commands.RetriableDatanodeEventWatcher (RetriableDatanodeEventWatcher.java:onTimeout(47)) - RetriableDatanodeCommand type=deleteBlocksCommand with id=1567542408584 timed out. Retrying.
2019-09-03 20:27:00,005 [pool-7-thread-2] INFO  commands.RetriableDatanodeEventWatcher (RetriableDatanodeEventWatcher.java:onTimeout(47)) - RetriableDatanodeCommand type=deleteBlocksCommand with id=1567542408682 timed out. Retrying.
2019-09-03 20:27:00,012 [pool-7-thread-2] INFO  commands.RetriableDatanodeEventWatcher (RetriableDatanodeEventWatcher.java:onTimeout(47)) - RetriableDatanodeCommand type=deleteBlocksCommand with id=1567542408594 timed out. Retrying.
2019-09-03 20:27:00,012 [pool-7-thread-1] INFO  commands.RetriableDatanodeEventWatcher (RetriableDatanodeEventWatcher.java:onTimeout(47)) - RetriableDatanodeCommand type=deleteBlocksCommand with id=1567542408643 timed out. Retrying.
2019-09-03 20:27:00,021 [SCMBlockDeletingService#1] DEBUG block.SCMBlockDeletingService (SCMBlockDeletingService.java:call(138)) - Running DeletedBlockTransactionScanner
2019-09-03 20:27:00,022 [SCMBlockDeletingService#1] DEBUG block.SCMBlockDeletingService (SCMBlockDeletingService.java:call(155)) - Scanned deleted blocks log and got 3 delTX to process.
2019-09-03 20:27:00,022 [SCMBlockDeletingService#1] DEBUG block.SCMBlockDeletingService (SCMBlockDeletingService.java:call(171)) - Added delete block command for datanode 81367453-3bf0-4298-8a83-8d5c3816df16 in the queue, number of delete block transactions: 3, TxID list: 1,2,3
2019-09-03 20:27:00,023 [SCMBlockDeletingService#1] INFO  block.SCMBlockDeletingService (SCMBlockDeletingService.java:call(182)) - Totally added 3 delete blocks command for 1 datanodes, task elapsed time: 1ms
2019-09-03 20:27:00,031 [pool-7-thread-1] INFO  commands.RetriableDatanodeEventWatcher (RetriableDatanodeEventWatcher.java:onTimeout(47)) - RetriableDatanodeCommand type=deleteBlocksCommand with id=1567542408604 timed out. Retrying.
2019-09-03 20:27:00,047 [pool-7-thread-1] INFO  commands.RetriableDatanodeEventWatcher (RetriableDatanodeEventWatcher.java:onTimeout(47)) - RetriableDatanodeCommand type=deleteBlocksCommand with id=1567542408614 timed out. Retrying.
2019-09-03 20:27:00,060 [pool-7-thread-1] INFO  commands.RetriableDatanodeEventWatcher (RetriableDatanodeEventWatcher.java:onTimeout(47)) - RetriableDatanodeCommand type=deleteBlocksCommand with id=1567542408653 timed out. Retrying.
2019-09-03 20:27:00,064 [pool-7-thread-1] INFO  commands.RetriableDatanodeEventWatcher (RetriableDatanodeEventWatcher.java:onTimeout(47)) - RetriableDatanodeCommand type=deleteBlocksCommand with id=1567542408624 timed out. Retrying.
2019-09-03 20:27:00,077 [pool-7-thread-1] INFO  commands.RetriableDatanodeEventWatcher (RetriableDatanodeEventWatcher.java:onTimeout(47)) - RetriableDatanodeCommand type=deleteBlocksCommand with id=1567542408663 timed out. Retrying.
2019-09-03 20:27:00,081 [pool-7-thread-1] INFO  commands.RetriableDatanodeEventWatcher (RetriableDatanodeEventWatcher.java:onTimeout(47)) - RetriableDatanodeCommand type=deleteBlocksCommand with id=1567542408634 timed out. Retrying.
2019-09-03 20:27:00,092 [pool-7-thread-1] INFO  commands.RetriableDatanodeEventWatcher (RetriableDatanodeEventWatcher.java:onTimeout(47)) - RetriableDatanodeCommand type=deleteBlocksCommand with id=1567542408673 timed out. Retrying.
2019-09-03 20:27:00,099 [pool-7-thread-1] INFO  commands.RetriableDatanodeEventWatcher (RetriableDatanodeEventWatcher.java:onTimeout(47)) - RetriableDatanodeCommand type=deleteBlocksCommand with id=1567542408585 timed out. Retrying.
2019-09-03 20:27:00,106 [pool-7-thread-1] INFO  commands.RetriableDatanodeEventWatcher (RetriableDatanodeEventWatcher.java:onTimeout(47)) - RetriableDatanodeCommand type=deleteBlocksCommand with id=1567542408683 timed out. Retrying.
2019-09-03 20:27:00,113 [pool-7-thread-1] INFO  commands.RetriableDatanodeEventWatcher (RetriableDatanodeEventWatcher.java:onTimeout(47)) - RetriableDatanodeCommand type=deleteBlocksCommand with id=1567542408595 timed out. Retrying.
2019-09-03 20:27:00,114 [pool-7-thread-1] INFO  commands.RetriableDatanodeEventWatcher (RetriableDatanodeEventWatcher.java:onTimeout(47)) - RetriableDatanodeCommand type=deleteBlocksCommand with id=1567542408644 timed out. Retrying.
2019-09-03 20:27:00,123 [SCMBlockDeletingService#1] DEBUG block.SCMBlockDeletingService (SCMBlockDeletingService.java:call(138)) - Running DeletedBlockTransactionScanner
2019-09-03 20:27:00,124 [SCMBlockDeletingService#1] DEBUG block.SCMBlockDeletingService (SCMBlockDeletingService.java:call(155)) - Scanned deleted blocks log and got 3 delTX to process.
2019-09-03 20:27:00,124 [SCMBlockDeletingService#1] DEBUG block.SCMBlockDeletingService (SCMBlockDeletingService.java:call(171)) - Added delete block command for datanode 81367453-3bf0-4298-8a83-8d5c3816df16 in the queue, number of delete block transactions: 3, TxID list: 1,2,3
2019-09-03 20:27:00,124 [SCMBlockDeletingService#1] INFO  block.SCMBlockDeletingService (SCMBlockDeletingService.java:call(182)) - Totally added 3 delete blocks command for 1 datanodes, task elapsed time: 1ms
2019-09-03 20:27:00,131 [pool-7-thread-1] INFO  commands.RetriableDatanodeEventWatcher (RetriableDatanodeEventWatcher.java:onTimeout(47)) - RetriableDatanodeCommand type=deleteBlocksCommand with id=1567542408605 timed out. Retrying.
2019-09-03 20:27:00,149 [pool-7-thread-1] INFO  commands.RetriableDatanodeEventWatcher (RetriableDatanodeEventWatcher.java:onTimeout(47)) - RetriableDatanodeCommand type=deleteBlocksCommand with id=1567542408615 timed out. Retrying.
2019-09-03 20:27:00,160 [pool-7-thread-1] INFO  commands.RetriableDatanodeEventWatcher (RetriableDatanodeEventWatcher.java:onTimeout(47)) - RetriableDatanodeCommand type=deleteBlocksCommand with id=1567542408654 timed out. Retrying.
2019-09-03 20:27:00,166 [pool-7-thread-1] INFO  commands.RetriableDatanodeEventWatcher (RetriableDatanodeEventWatcher.java:onTimeout(47)) - RetriableDatanodeCommand type=deleteBlocksCommand with id=1567542408625 timed out. Retrying.
2019-09-03 20:27:00,178 [pool-7-thread-1] INFO  commands.RetriableDatanodeEventWatcher (RetriableDatanodeEventWatcher.java:onTimeout(47)) - RetriableDatanodeCommand type=deleteBlocksCommand with id=1567542408664 timed out. Retrying.
2019-09-03 20:27:00,184 [pool-7-thread-1] INFO  commands.RetriableDatanodeEventWatcher (RetriableDatanodeEventWatcher.java:onTimeout(47)) - RetriableDatanodeCommand type=deleteBlocksCommand with id=1567542408635 timed out. Retrying.
2019-09-03 20:27:00,194 [pool-7-thread-1] INFO  commands.RetriableDatanodeEventWatcher (RetriableDatanodeEventWatcher.java:onTimeout(47)) - RetriableDatanodeCommand type=deleteBlocksCommand with id=1567542408674 timed out. Retrying.
2019-09-03 20:27:00,196 [pool-7-thread-1] INFO  commands.RetriableDatanodeEventWatcher (RetriableDatanodeEventWatcher.java:onTimeout(47)) - RetriableDatanodeCommand type=deleteBlocksCommand with id=1567542408586 timed out. Retrying.
2019-09-03 20:27:00,209 [pool-7-thread-1] INFO  commands.RetriableDatanodeEventWatcher (RetriableDatanodeEventWatcher.java:onTimeout(47)) - RetriableDatanodeCommand type=deleteBlocksCommand with id=1567542408684 timed out. Retrying.
2019-09-03 20:27:00,215 [pool-7-thread-1] INFO  commands.RetriableDatanodeEventWatcher (RetriableDatanodeEventWatcher.java:onTimeout(47)) - RetriableDatanodeCommand type=deleteBlocksCommand with id=1567542408596 timed out. Retrying.
2019-09-03 20:27:00,215 [pool-7-thread-2] INFO  commands.RetriableDatanodeEventWatcher (RetriableDatanodeEventWatcher.java:onTimeout(47)) - RetriableDatanodeCommand type=deleteBlocksCommand with id=1567542408645 timed out. Retrying.
2019-09-03 20:27:00,225 [SCMBlockDeletingService#1] DEBUG block.SCMBlockDeletingService (SCMBlockDeletingService.java:call(138)) - Running DeletedBlockTransactionScanner
2019-09-03 20:27:00,225 [SCMBlockDeletingService#1] DEBUG block.SCMBlockDeletingService (SCMBlockDeletingService.java:call(155)) - Scanned deleted blocks log and got 3 delTX to process.
2019-09-03 20:27:00,226 [SCMBlockDeletingService#1] DEBUG block.SCMBlockDeletingService (SCMBlockDeletingService.java:call(171)) - Added delete block command for datanode 81367453-3bf0-4298-8a83-8d5c3816df16 in the queue, number of delete block transactions: 3, TxID list: 1,2,3
2019-09-03 20:27:00,226 [SCMBlockDeletingService#1] INFO  block.SCMBlockDeletingService (SCMBlockDeletingService.java:call(182)) - Totally added 3 delete blocks command for 1 datanodes, task elapsed time: 1ms
2019-09-03 20:27:00,233 [pool-7-thread-2] INFO  commands.RetriableDatanodeEventWatcher (RetriableDatanodeEventWatcher.java:onTimeout(47)) - RetriableDatanodeCommand type=deleteBlocksCommand with id=1567542408606 timed out. Retrying.
2019-09-03 20:27:00,252 [pool-7-thread-2] INFO  commands.RetriableDatanodeEventWatcher (RetriableDatanodeEventWatcher.java:onTimeout(47)) - RetriableDatanodeCommand type=deleteBlocksCommand with id=1567542408616 timed out. Retrying.
2019-09-03 20:27:00,263 [pool-7-thread-2] INFO  commands.RetriableDatanodeEventWatcher (RetriableDatanodeEventWatcher.java:onTimeout(47)) - RetriableDatanodeCommand type=deleteBlocksCommand with id=1567542408655 timed out. Retrying.
2019-09-03 20:27:00,268 [pool-7-thread-2] INFO  commands.RetriableDatanodeEventWatcher (RetriableDatanodeEventWatcher.java:onTimeout(47)) - RetriableDatanodeCommand type=deleteBlocksCommand with id=1567542408626 timed out. Retrying.
2019-09-03 20:27:00,279 [pool-7-thread-2] INFO  commands.RetriableDatanodeEventWatcher (RetriableDatanodeEventWatcher.java:onTimeout(47)) - RetriableDatanodeCommand type=deleteBlocksCommand with id=1567542408665 timed out. Retrying.
2019-09-03 20:27:00,285 [pool-7-thread-2] INFO  commands.RetriableDatanodeEventWatcher (RetriableDatanodeEventWatcher.java:onTimeout(47)) - RetriableDatanodeCommand type=deleteBlocksCommand with id=1567542408636 timed out. Retrying.
2019-09-03 20:27:00,294 [pool-7-thread-2] INFO  commands.RetriableDatanodeEventWatcher (RetriableDatanodeEventWatcher.java:onTimeout(47)) - RetriableDatanodeCommand type=deleteBlocksCommand with id=1567542408675 timed out. Retrying.
2019-09-03 20:27:00,302 [pool-7-thread-2] INFO  commands.RetriableDatanodeEventWatcher (RetriableDatanodeEventWatcher.java:onTimeout(47)) - RetriableDatanodeCommand type=deleteBlocksCommand with id=1567542408587 timed out. Retrying.
2019-09-03 20:27:00,311 [pool-7-thread-2] INFO  commands.RetriableDatanodeEventWatcher (RetriableDatanodeEventWatcher.java:onTimeout(47)) - RetriableDatanodeCommand type=deleteBlocksCommand with id=1567542408685 timed out. Retrying.
2019-09-03 20:27:00,318 [pool-7-thread-2] INFO  commands.RetriableDatanodeEventWatcher (RetriableDatanodeEventWatcher.java:onTimeout(47)) - RetriableDatanodeCommand type=deleteBlocksCommand with id=1567542408597 timed out. Retrying.
2019-09-03 20:27:00,318 [pool-7-thread-1] INFO  commands.RetriableDatanodeEventWatcher (RetriableDatanodeEventWatcher.java:onTimeout(47)) - RetriableDatanodeCommand type=deleteBlocksCommand with id=1567542408646 timed out. Retrying.
2019-09-03 20:27:00,327 [SCMBlockDeletingService#1] DEBUG block.SCMBlockDeletingService (SCMBlockDeletingService.java:call(138)) - Running DeletedBlockTransactionScanner
2019-09-03 20:27:00,327 [SCMBlockDeletingService#1] DEBUG block.SCMBlockDeletingService (SCMBlockDeletingService.java:call(155)) - Scanned deleted blocks log and got 3 delTX to process.
2019-09-03 20:27:00,327 [SCMBlockDeletingService#1] DEBUG block.SCMBlockDeletingService (SCMBlockDeletingService.java:call(171)) - Added delete block command for datanode 81367453-3bf0-4298-8a83-8d5c3816df16 in the queue, number of delete block transactions: 3, TxID list: 1,2,3
2019-09-03 20:27:00,328 [SCMBlockDeletingService#1] INFO  block.SCMBlockDeletingService (SCMBlockDeletingService.java:call(182)) - Totally added 3 delete blocks command for 1 datanodes, task elapsed time: 1ms
2019-09-03 20:27:00,332 [pool-7-thread-1] INFO  commands.RetriableDatanodeEventWatcher (RetriableDatanodeEventWatcher.java:onTimeout(47)) - RetriableDatanodeCommand type=deleteBlocksCommand with id=1567542408607 timed out. Retrying.
2019-09-03 20:27:00,354 [pool-7-thread-1] INFO  commands.RetriableDatanodeEventWatcher (RetriableDatanodeEventWatcher.java:onTimeout(47)) - RetriableDatanodeCommand type=deleteBlocksCommand with id=1567542408617 timed out. Retrying.
2019-09-03 20:27:00,363 [pool-7-thread-1] INFO  commands.RetriableDatanodeEventWatcher (RetriableDatanodeEventWatcher.java:onTimeout(47)) - RetriableDatanodeCommand type=deleteBlocksCommand with id=1567542408656 timed out. Retrying.
2019-09-03 20:27:00,369 [pool-7-thread-1] INFO  commands.RetriableDatanodeEventWatcher (RetriableDatanodeEventWatcher.java:onTimeout(47)) - RetriableDatanodeCommand type=deleteBlocksCommand with id=1567542408627 timed out. Retrying.
2019-09-03 20:27:00,381 [pool-7-thread-1] INFO  commands.RetriableDatanodeEventWatcher (RetriableDatanodeEventWatcher.java:onTimeout(47)) - RetriableDatanodeCommand type=deleteBlocksCommand with id=1567542408666 timed out. Retrying.
2019-09-03 20:27:00,397 [pool-7-thread-1] INFO  commands.RetriableDatanodeEventWatcher (RetriableDatanodeEventWatcher.java:onTimeout(47)) - RetriableDatanodeCommand type=deleteBlocksCommand with id=1567542408676 timed out. Retrying.
2019-09-03 20:27:00,403 [pool-7-thread-2] INFO  commands.RetriableDatanodeEventWatcher (RetriableDatanodeEventWatcher.java:onTimeout(47)) - RetriableDatanodeCommand type=deleteBlocksCommand with id=1567542408588 timed out. Retrying.
2019-09-03 20:27:00,403 [pool-7-thread-1] INFO  commands.RetriableDatanodeEventWatcher (RetriableDatanodeEventWatcher.java:onTimeout(47)) - RetriableDatanodeCommand type=deleteBlocksCommand with id=1567542408637 timed out. Retrying.
2019-09-03 20:27:00,413 [pool-7-thread-1] INFO  commands.RetriableDatanodeEventWatcher (RetriableDatanodeEventWatcher.java:onTimeout(47)) - RetriableDatanodeCommand type=deleteBlocksCommand with id=1567542408686 timed out. Retrying.
2019-09-03 20:27:00,418 [pool-7-thread-1] INFO  commands.RetriableDatanodeEventWatcher (RetriableDatanodeEventWatcher.java:onTimeout(47)) - RetriableDatanodeCommand type=deleteBlocksCommand with id=1567542408598 timed out. Retrying.
2019-09-03 20:27:00,421 [pool-7-thread-1] INFO  commands.RetriableDatanodeEventWatcher (RetriableDatanodeEventWatcher.java:onTimeout(47)) - RetriableDatanodeCommand type=deleteBlocksCommand with id=1567542408647 timed out. Retrying.
2019-09-03 20:27:00,428 [SCMBlockDeletingService#1] DEBUG block.SCMBlockDeletingService (SCMBlockDeletingService.java:call(138)) - Running DeletedBlockTransactionScanner
2019-09-03 20:27:00,428 [SCMBlockDeletingService#1] DEBUG block.SCMBlockDeletingService (SCMBlockDeletingService.java:call(155)) - Scanned deleted blocks log and got 3 delTX to process.
2019-09-03 20:27:00,429 [SCMBlockDeletingService#1] DEBUG block.SCMBlockDeletingService (SCMBlockDeletingService.java:call(171)) - Added delete block command for datanode 81367453-3bf0-4298-8a83-8d5c3816df16 in the queue, number of delete block transactions: 3, TxID list: 1,2,3
2019-09-03 20:27:00,429 [SCMBlockDeletingService#1] INFO  block.SCMBlockDeletingService (SCMBlockDeletingService.java:call(182)) - Totally added 3 delete blocks command for 1 datanodes, task elapsed time: 1ms
2019-09-03 20:27:00,438 [pool-7-thread-1] INFO  commands.RetriableDatanodeEventWatcher (RetriableDatanodeEventWatcher.java:onTimeout(47)) - RetriableDatanodeCommand type=deleteBlocksCommand with id=1567542408608 timed out. Retrying.
2019-09-03 20:27:00,454 [pool-7-thread-1] INFO  commands.RetriableDatanodeEventWatcher (RetriableDatanodeEventWatcher.java:onTimeout(47)) - RetriableDatanodeCommand type=deleteBlocksCommand with id=1567542408618 timed out. Retrying.
2019-09-03 20:27:00,465 [pool-7-thread-1] INFO  commands.RetriableDatanodeEventWatcher (RetriableDatanodeEventWatcher.java:onTimeout(47)) - RetriableDatanodeCommand type=deleteBlocksCommand with id=1567542408657 timed out. Retrying.
2019-09-03 20:27:00,466 [main] INFO  ozone.MiniOzoneClusterImpl (MiniOzoneClusterImpl.java:lambda$waitForClusterToBeReady$0(140)) - Waiting for cluster to be ready. Got 0 of 1 DN Heartbeats.
2019-09-03 20:27:00,467 [EventQueue-PendingDeleteStatusForPendingDeleteHandler] INFO  block.SCMBlockDeletingService (SCMBlockDeletingService.java:handlePendingDeletes(115)) - Block deletion txnID mismatch in datanode 81367453-3bf0-4298-8a83-8d5c3816df16 for containerID 1. Datanode delete txnID: 0, SCM txnID: 1
2019-09-03 20:27:00,467 [EventQueue-PendingDeleteStatusForPendingDeleteHandler] INFO  block.SCMBlockDeletingService (SCMBlockDeletingService.java:handlePendingDeletes(115)) - Block deletion txnID mismatch in datanode 81367453-3bf0-4298-8a83-8d5c3816df16 for containerID 2. Datanode delete txnID: 0, SCM txnID: 2
2019-09-03 20:27:00,468 [EventQueue-PendingDeleteStatusForPendingDeleteHandler] INFO  block.SCMBlockDeletingService (SCMBlockDeletingService.java:handlePendingDeletes(115)) - Block deletion txnID mismatch in datanode 81367453-3bf0-4298-8a83-8d5c3816df16 for containerID 3. Datanode delete txnID: 0, SCM txnID: 3
2019-09-03 20:27:00,470 [pool-7-thread-1] INFO  commands.RetriableDatanodeEventWatcher (RetriableDatanodeEventWatcher.java:onTimeout(47)) - RetriableDatanodeCommand type=deleteBlocksCommand with id=1567542408628 timed out. Retrying.
2019-09-03 20:27:00,484 [pool-7-thread-1] INFO  commands.RetriableDatanodeEventWatcher (RetriableDatanodeEventWatcher.java:onTimeout(47)) - RetriableDatanodeCommand type=deleteBlocksCommand with id=1567542408667 timed out. Retrying.
2019-09-03 20:27:00,497 [pool-7-thread-1] INFO  commands.RetriableDatanodeEventWatcher (RetriableDatanodeEventWatcher.java:onTimeout(47)) - RetriableDatanodeCommand type=deleteBlocksCommand with id=1567542408677 timed out. Retrying.
2019-09-03 20:27:00,505 [pool-7-thread-1] INFO  commands.RetriableDatanodeEventWatcher (RetriableDatanodeEventWatcher.java:onTimeout(47)) - RetriableDatanodeCommand type=deleteBlocksCommand with id=1567542408638 timed out. Retrying.
2019-09-03 20:27:00,505 [pool-7-thread-2] INFO  commands.RetriableDatanodeEventWatcher (RetriableDatanodeEventWatcher.java:onTimeout(47)) - RetriableDatanodeCommand type=deleteBlocksCommand with id=1567542408589 timed out. Retrying.
2019-09-03 20:27:00,514 [pool-7-thread-2] INFO  commands.RetriableDatanodeEventWatcher (RetriableDatanodeEventWatcher.java:onTimeout(47)) - RetriableDatanodeCommand type=deleteBlocksCommand with id=1567542408687 timed out. Retrying.
2019-09-03 20:27:00,520 [pool-7-thread-2] INFO  commands.RetriableDatanodeEventWatcher (RetriableDatanodeEventWatcher.java:onTimeout(47)) - RetriableDatanodeCommand type=deleteBlocksCommand with id=1567542408599 timed out. Retrying.
2019-09-03 20:27:00,520 [pool-7-thread-1] INFO  commands.RetriableDatanodeEventWatcher (RetriableDatanodeEventWatcher.java:onTimeout(47)) - RetriableDatanodeCommand type=deleteBlocksCommand with id=1567542408648 timed out. Retrying.
2019-09-03 20:27:00,529 [SCMBlockDeletingService#1] DEBUG block.SCMBlockDeletingService (SCMBlockDeletingService.java:call(138)) - Running DeletedBlockTransactionScanner
2019-09-03 20:27:00,530 [SCMBlockDeletingService#1] DEBUG block.SCMBlockDeletingService (SCMBlockDeletingService.java:call(155)) - Scanned deleted blocks log and got 3 delTX to process.
2019-09-03 20:27:00,530 [SCMBlockDeletingService#1] DEBUG block.SCMBlockDeletingService (SCMBlockDeletingService.java:call(171)) - Added delete block command for datanode 81367453-3bf0-4298-8a83-8d5c3816df16 in the queue, number of delete block transactions: 3, TxID list: 1,2,3
2019-09-03 20:27:00,531 [SCMBlockDeletingService#1] INFO  block.SCMBlockDeletingService (SCMBlockDeletingService.java:call(182)) - Totally added 3 delete blocks command for 1 datanodes, task elapsed time: 1ms
2019-09-03 20:27:00,540 [pool-7-thread-1] INFO  commands.RetriableDatanodeEventWatcher (RetriableDatanodeEventWatcher.java:onTimeout(47)) - RetriableDatanodeCommand type=deleteBlocksCommand with id=1567542408609 timed out. Retrying.
2019-09-03 20:27:00,555 [pool-7-thread-1] INFO  commands.RetriableDatanodeEventWatcher (RetriableDatanodeEventWatcher.java:onTimeout(47)) - RetriableDatanodeCommand type=deleteBlocksCommand with id=1567542408619 timed out. Retrying.
2019-09-03 20:27:00,569 [pool-7-thread-1] INFO  commands.RetriableDatanodeEventWatcher (RetriableDatanodeEventWatcher.java:onTimeout(47)) - RetriableDatanodeCommand type=deleteBlocksCommand with id=1567542408658 timed out. Retrying.
2019-09-03 20:27:00,573 [pool-7-thread-1] INFO  commands.RetriableDatanodeEventWatcher (RetriableDatanodeEventWatcher.java:onTimeout(47)) - RetriableDatanodeCommand type=deleteBlocksCommand with id=1567542408629 timed out. Retrying.
2019-09-03 20:27:00,575 [grpc-default-executor-1] INFO  impl.RaftServerProxy (RaftServerProxy.java:addNew(89)) - 81367453-3bf0-4298-8a83-8d5c3816df16: addNew group-BA67C1F6DD21:[81367453-3bf0-4298-8a83-8d5c3816df16:192.168.36.111:40871] returns group-BA67C1F6DD21:java.util.concurrent.CompletableFuture@1e280392[Not completed]
2019-09-03 20:27:00,578 [pool-592-thread-1] INFO  impl.RaftServerImpl (RaftServerImpl.java:<init>(93)) - 81367453-3bf0-4298-8a83-8d5c3816df16: new RaftServerImpl for group-BA67C1F6DD21:[81367453-3bf0-4298-8a83-8d5c3816df16:192.168.36.111:40871] with ContainerStateMachine:uninitialized
2019-09-03 20:27:00,578 [pool-592-thread-1] INFO  server.RaftServerConfigKeys (ConfUtils.java:logGet(43)) - raft.server.rpc.timeout.min = 5s (custom)
2019-09-03 20:27:00,579 [pool-592-thread-1] INFO  server.RaftServerConfigKeys (ConfUtils.java:logGet(43)) - raft.server.rpc.timeout.max = 5200ms (custom)
2019-09-03 20:27:00,579 [pool-592-thread-1] INFO  server.RaftServerConfigKeys (ConfUtils.java:logGet(43)) - raft.server.rpcslowness.timeout = 120s (custom)
2019-09-03 20:27:00,579 [pool-592-thread-1] INFO  server.RaftServerConfigKeys (ConfUtils.java:logGet(43)) - raft.server.sleep.deviation.threshold = 300 (default)
2019-09-03 20:27:00,579 [pool-592-thread-1] INFO  server.RaftServerConfigKeys (ConfUtils.java:logGet(43)) - raft.server.log.appender.install.snapshot.enabled = false (custom)
2019-09-03 20:27:00,579 [pool-592-thread-1] INFO  impl.RaftServerImpl (ServerState.java:<init>(105)) - 81367453-3bf0-4298-8a83-8d5c3816df16:group-BA67C1F6DD21 ConfigurationManager, init=-1: [81367453-3bf0-4298-8a83-8d5c3816df16:192.168.36.111:40871], old=null, confs=<EMPTY_MAP>
2019-09-03 20:27:00,580 [pool-592-thread-1] INFO  server.RaftServerConfigKeys (ConfUtils.java:logGet(43)) - raft.server.storage.dir = [/workdir/hadoop-ozone/integration-test/target/test-dir/MiniOzoneClusterImpl-f6d2529a-717c-4912-84e5-25bf8ea5201e/datanode-0/data/ratis] (custom)
2019-09-03 20:27:00,580 [pool-592-thread-1] INFO  storage.RaftStorageDirectory (RaftStorageDirectory.java:analyzeStorage(246)) - The storage directory /workdir/hadoop-ozone/integration-test/target/test-dir/MiniOzoneClusterImpl-f6d2529a-717c-4912-84e5-25bf8ea5201e/datanode-0/data/ratis/da404062-49d4-4612-b638-ba67c1f6dd21 does not exist. Creating ...
2019-09-03 20:27:00,584 [pool-7-thread-1] INFO  commands.RetriableDatanodeEventWatcher (RetriableDatanodeEventWatcher.java:onTimeout(47)) - RetriableDatanodeCommand type=deleteBlocksCommand with id=1567542408668 timed out. Retrying.
2019-09-03 20:27:00,592 [pool-7-thread-1] INFO  commands.RetriableDatanodeEventWatcher (RetriableDatanodeEventWatcher.java:onTimeout(47)) - RetriableDatanodeCommand type=deleteBlocksCommand with id=1567542408580 timed out. Retrying.
2019-09-03 20:27:00,599 [pool-7-thread-1] INFO  commands.RetriableDatanodeEventWatcher (RetriableDatanodeEventWatcher.java:onTimeout(47)) - RetriableDatanodeCommand type=deleteBlocksCommand with id=1567542408678 timed out. Retrying.
2019-09-03 20:27:00,604 [pool-7-thread-1] INFO  commands.RetriableDatanodeEventWatcher (RetriableDatanodeEventWatcher.java:onTimeout(47)) - RetriableDatanodeCommand type=deleteBlocksCommand with id=1567542408590 timed out. Retrying.
2019-09-03 20:27:00,607 [pool-7-thread-1] INFO  commands.RetriableDatanodeEventWatcher (RetriableDatanodeEventWatcher.java:onTimeout(47)) - RetriableDatanodeCommand type=deleteBlocksCommand with id=1567542408639 timed out. Retrying.
2019-09-03 20:27:00,616 [pool-7-thread-1] INFO  commands.RetriableDatanodeEventWatcher (RetriableDatanodeEventWatcher.java:onTimeout(47)) - RetriableDatanodeCommand type=deleteBlocksCommand with id=1567542408688 timed out. Retrying.
2019-09-03 20:27:00,621 [pool-7-thread-1] INFO  commands.RetriableDatanodeEventWatcher (RetriableDatanodeEventWatcher.java:onTimeout(47)) - RetriableDatanodeCommand type=deleteBlocksCommand with id=1567542408649 timed out. Retrying.
2019-09-03 20:27:00,623 [pool-7-thread-1] INFO  commands.RetriableDatanodeEventWatcher (RetriableDatanodeEventWatcher.java:onTimeout(47)) - RetriableDatanodeCommand type=deleteBlocksCommand with id=1567542408600 timed out. Retrying.
2019-09-03 20:27:00,624 [pool-592-thread-1] INFO  storage.RaftStorageDirectory (RaftStorageDirectory.java:tryLock(328)) - Lock on /workdir/hadoop-ozone/integration-test/target/test-dir/MiniOzoneClusterImpl-f6d2529a-717c-4912-84e5-25bf8ea5201e/datanode-0/data/ratis/da404062-49d4-4612-b638-ba67c1f6dd21/in_use.lock acquired by nodename 8687@pr-hdds-1200-xgh2h-450883189
2019-09-03 20:27:00,631 [SCMBlockDeletingService#1] DEBUG block.SCMBlockDeletingService (SCMBlockDeletingService.java:call(138)) - Running DeletedBlockTransactionScanner
2019-09-03 20:27:00,632 [SCMBlockDeletingService#1] DEBUG block.SCMBlockDeletingService (SCMBlockDeletingService.java:call(155)) - Scanned deleted blocks log and got 3 delTX to process.
2019-09-03 20:27:00,633 [SCMBlockDeletingService#1] DEBUG block.SCMBlockDeletingService (SCMBlockDeletingService.java:call(171)) - Added delete block command for datanode 81367453-3bf0-4298-8a83-8d5c3816df16 in the queue, number of delete block transactions: 3, TxID list: 1,2,3
2019-09-03 20:27:00,633 [SCMBlockDeletingService#1] INFO  block.SCMBlockDeletingService (SCMBlockDeletingService.java:call(182)) - Totally added 3 delete blocks command for 1 datanodes, task elapsed time: 1ms
2019-09-03 20:27:00,637 [pool-592-thread-1] INFO  storage.RaftStorage (RaftStorage.java:format(72)) - Storage directory /workdir/hadoop-ozone/integration-test/target/test-dir/MiniOzoneClusterImpl-f6d2529a-717c-4912-84e5-25bf8ea5201e/datanode-0/data/ratis/da404062-49d4-4612-b638-ba67c1f6dd21 has been successfully formatted.
2019-09-03 20:27:00,639 [pool-592-thread-1] INFO  ratis.ContainerStateMachine (ContainerStateMachine.java:loadSnapshot(227)) - group-BA67C1F6DD21: The snapshot info is null. Setting the last applied indexto:(t:0, i:~)
2019-09-03 20:27:00,639 [pool-592-thread-1] INFO  server.RaftServerConfigKeys (ConfUtils.java:logGet(43)) - raft.server.leader.election.timeout = 120s (custom)
2019-09-03 20:27:00,639 [pool-592-thread-1] INFO  server.RaftServerConfigKeys (ConfUtils.java:logGet(43)) - raft.server.log.use.memory = false (default)
2019-09-03 20:27:00,640 [pool-592-thread-1] INFO  server.RaftServerConfigKeys (ConfUtils.java:logGet(43)) - raft.server.log.purge.gap = 1000000 (custom)
2019-09-03 20:27:00,640 [pool-7-thread-1] INFO  commands.RetriableDatanodeEventWatcher (RetriableDatanodeEventWatcher.java:onTimeout(47)) - RetriableDatanodeCommand type=deleteBlocksCommand with id=1567542408610 timed out. Retrying.
ConfUtils.java:logGet(43)) - raft.server.log.appender.buffer.byte-limit = 33554432 (custom)
2019-09-03 20:27:00,640 [pool-7-thread-1] INFO  commands.RetriableDatanodeEventWatcher (RetriableDatanodeEventWatcher.java:onTimeout(47)) - RetriableDatanodeCommand type=deleteBlocksCommand with id=1567542408610 timed out. Retrying.
2019-09-03 20:27:00,640 [pool-592-thread-1] INFO  server.RaftServerConfigKeys (ConfUtils.java:logGet(43)) - raft.server.log.segment.size.max = 1048576 (custom)
2019-09-03 20:27:00,640 [pool-592-thread-1] INFO  server.RaftServerConfigKeys (ConfUtils.java:logGet(43)) - raft.server.log.segment.cache.num.max = 2 (custom)
2019-09-03 20:27:00,641 [pool-592-thread-1] INFO  segmented.SegmentedRaftLogWorker (SegmentedRaftLogWorker.java:<init>(172)) - new 81367453-3bf0-4298-8a83-8d5c3816df16-SegmentedRaftLogWorker:Storage Directory /workdir/hadoop-ozone/integration-test/target/test-dir/MiniOzoneClusterImpl-f6d2529a-717c-4912-84e5-25bf8ea5201e/datanode-0/data/ratis/da404062-49d4-4612-b638-ba67c1f6dd21 for RaftStorage:Storage Directory /workdir/hadoop-ozone/integration-test/target/test-dir/MiniOzoneClusterImpl-f6d2529a-717c-4912-84e5-25bf8ea5201e/datanode-0/data/ratis/da404062-49d4-4612-b638-ba67c1f6dd21
2019-09-03 20:27:00,641 [pool-592-thread-1] INFO  server.RaftServerConfigKeys (ConfUtils.java:logGet(43)) - raft.server.log.queue.byte-limit = 2147483647 (custom)
2019-09-03 20:27:00,641 [pool-592-thread-1] INFO  server.RaftServerConfigKeys (ConfUtils.java:logGet(43)) - raft.server.log.queue.element-limit = 1024 (custom)
2019-09-03 20:27:00,641 [pool-592-thread-1] INFO  server.RaftServerConfigKeys (ConfUtils.java:logGet(43)) - raft.server.log.segment.size.max = 1048576 (custom)
2019-09-03 20:27:00,641 [pool-592-thread-1] INFO  server.RaftServerConfigKeys (ConfUtils.java:logGet(43)) - raft.server.log.preallocated.size = 16384 (custom)
2019-09-03 20:27:00,642 [pool-592-thread-1] INFO  server.RaftServerConfigKeys (ConfUtils.java:logGet(43)) - raft.server.log.write.buffer.size = 33554432 (custom)
2019-09-03 20:27:00,642 [pool-592-thread-1] INFO  server.RaftServerConfigKeys (ConfUtils.java:logGet(43)) - raft.server.log.force.sync.num = 128 (default)
2019-09-03 20:27:00,642 [pool-592-thread-1] INFO  server.RaftServerConfigKeys (ConfUtils.java:logGet(43)) - raft.server.log.statemachine.data.sync = true (default)
2019-09-03 20:27:00,642 [pool-592-thread-1] INFO  server.RaftServerConfigKeys (ConfUtils.java:logGet(43)) - raft.server.log.statemachine.data.sync.timeout = 10s (default)
2019-09-03 20:27:00,642 [pool-592-thread-1] INFO  server.RaftServerConfigKeys (ConfUtils.java:logGet(43)) - raft.server.log.statemachine.data.sync.timeout.retry = -1 (default)
2019-09-03 20:27:00,642 [pool-592-thread-1] INFO  server.RaftServerConfigKeys (ConfUtils.java:logGet(43)) - raft.server.log.statemachine.data.caching.enabled = true (custom)
2019-09-03 20:27:00,643 [pool-592-thread-1] INFO  segmented.SegmentedRaftLogWorker (SegmentedRaftLogWorker.java:lambda$new$0(132)) - 81367453-3bf0-4298-8a83-8d5c3816df16-SegmentedRaftLogWorker:Storage Directory /workdir/hadoop-ozone/integration-test/target/test-dir/MiniOzoneClusterImpl-f6d2529a-717c-4912-84e5-25bf8ea5201e/datanode-0/data/ratis/da404062-49d4-4612-b638-ba67c1f6dd21: flushIndex: setUnconditionally 0 -> -1
2019-09-03 20:27:00,643 [pool-592-thread-1] INFO  server.RaftServerConfigKeys (ConfUtils.java:logGet(43)) - raft.server.snapshot.auto.trigger.enabled = true (custom)
2019-09-03 20:27:00,644 [pool-592-thread-1] INFO  server.RaftServerConfigKeys (ConfUtils.java:logGet(43)) - raft.server.snapshot.auto.trigger.threshold = 10000 (custom)
2019-09-03 20:27:00,644 [pool-592-thread-1] INFO  server.RaftServerConfigKeys (ConfUtils.java:logGet(43)) - raft.server.retrycache.expirytime = 600000ms (custom)
2019-09-03 20:27:00,644 [pool-592-thread-1] INFO  impl.RaftServerImpl (RaftServerImpl.java:start(180)) - 81367453-3bf0-4298-8a83-8d5c3816df16: start group-BA67C1F6DD21
2019-09-03 20:27:00,644 [pool-592-thread-1] INFO  impl.RaftServerImpl (RaftServerImpl.java:setRole(171)) - 81367453-3bf0-4298-8a83-8d5c3816df16:group-BA67C1F6DD21 changes role from null to FOLLOWER at term 0 for startAsFollower
2019-09-03 20:27:00,644 [pool-592-thread-1] INFO  impl.RoleInfo (RoleInfo.java:updateAndGet(143)) - 81367453-3bf0-4298-8a83-8d5c3816df16: start FollowerState
2019-09-03 20:27:00,645 [pool-592-thread-1] INFO  util.JmxRegister (JmxRegister.java:tryRegister(44)) - Successfully registered JMX Bean with object name Ratis:service=RaftServer,group=group-BA67C1F6DD21,id=81367453-3bf0-4298-8a83-8d5c3816df16
2019-09-03 20:27:00,654 [RatisPipelineUtilsThread] INFO  pipeline.PipelineStateManager (PipelineStateManager.java:addPipeline(56)) - Created pipeline Pipeline[ Id: da404062-49d4-4612-b638-ba67c1f6dd21, Nodes: 81367453-3bf0-4298-8a83-8d5c3816df16{ip: 192.168.36.111, host: pr-hdds-1200-xgh2h-450883189, networkLocation: /default-rack, certSerialId: null}, Type:RATIS, Factor:ONE, State:OPEN]
2019-09-03 20:27:00,658 [pool-7-thread-1] INFO  commands.RetriableDatanodeEventWatcher (RetriableDatanodeEventWatcher.java:onTimeout(47)) - RetriableDatanodeCommand type=deleteBlocksCommand with id=1567542408620 timed out. Retrying.
2019-09-03 20:27:00,671 [pool-7-thread-1] INFO  commands.RetriableDatanodeEventWatcher (RetriableDatanodeEventWatcher.java:onTimeout(47)) - RetriableDatanodeCommand type=deleteBlocksCommand with id=1567542408659 timed out. Retrying.
2019-09-03 20:27:00,674 [pool-7-thread-1] INFO  commands.RetriableDatanodeEventWatcher (RetriableDatanodeEventWatcher.java:onTimeout(47)) - RetriableDatanodeCommand type=deleteBlocksCommand with id=1567542408630 timed out. Retrying.
2019-09-03 20:27:00,687 [pool-7-thread-1] INFO  commands.RetriableDatanodeEventWatcher (RetriableDatanodeEventWatcher.java:onTimeout(47)) - RetriableDatanodeCommand type=deleteBlocksCommand with id=1567542408669 timed out. Retrying.
2019-09-03 20:27:00,688 [pool-7-thread-1] INFO  commands.RetriableDatanodeEventWatcher (RetriableDatanodeEventWatcher.java:onTimeout(47)) - RetriableDatanodeCommand type=deleteBlocksCommand with id=1567542408581 timed out. Retrying.
2019-09-03 20:27:00,701 [pool-7-thread-1] INFO  commands.RetriableDatanodeEventWatcher (RetriableDatanodeEventWatcher.java:onTimeout(47)) - RetriableDatanodeCommand type=deleteBlocksCommand with id=1567542408679 timed out. Retrying.
2019-09-03 20:27:00,708 [pool-7-thread-1] INFO  commands.RetriableDatanodeEventWatcher (RetriableDatanodeEventWatcher.java:onTimeout(47)) - RetriableDatanodeCommand type=deleteBlocksCommand with id=1567542408591 timed out. Retrying.
2019-09-03 20:27:00,708 [pool-7-thread-2] INFO  commands.RetriableDatanodeEventWatcher (RetriableDatanodeEventWatcher.java:onTimeout(47)) - RetriableDatanodeCommand type=deleteBlocksCommand with id=1567542408640 timed out. Retrying.
2019-09-03 20:27:00,717 [pool-7-thread-2] INFO  commands.RetriableDatanodeEventWatcher (RetriableDatanodeEventWatcher.java:onTimeout(47)) - RetriableDatanodeCommand type=deleteBlocksCommand with id=1567542408689 timed out. Retrying.
2019-09-03 20:27:00,725 [pool-7-thread-2] INFO  commands.RetriableDatanodeEventWatcher (RetriableDatanodeEventWatcher.java:onTimeout(47)) - RetriableDatanodeCommand type=deleteBlocksCommand with id=1567542408650 timed out. Retrying.
2019-09-03 20:27:00,727 [pool-7-thread-2] INFO  commands.RetriableDatanodeEventWatcher (RetriableDatanodeEventWatcher.java:onTimeout(47)) - RetriableDatanodeCommand type=deleteBlocksCommand with id=1567542408601 timed out. Retrying.
2019-09-03 20:27:00,733 [SCMBlockDeletingService#1] DEBUG block.SCMBlockDeletingService (SCMBlockDeletingService.java:call(138)) - Running DeletedBlockTransactionScanner
2019-09-03 20:27:00,734 [SCMBlockDeletingService#1] DEBUG block.SCMBlockDeletingService (SCMBlockDeletingService.java:call(155)) - Scanned deleted blocks log and got 3 delTX to process.
2019-09-03 20:27:00,734 [SCMBlockDeletingService#1] DEBUG block.SCMBlockDeletingService (SCMBlockDeletingService.java:call(171)) - Added delete block command for datanode 81367453-3bf0-4298-8a83-8d5c3816df16 in the queue, number of delete block transactions: 3, TxID list: 1,2,3
2019-09-03 20:27:00,734 [SCMBlockDeletingService#1] INFO  block.SCMBlockDeletingService (SCMBlockDeletingService.java:call(182)) - Totally added 3 delete blocks command for 1 datanodes, task elapsed time: 1ms
2019-09-03 20:27:00,744 [pool-7-thread-2] INFO  commands.RetriableDatanodeEventWatcher (RetriableDatanodeEventWatcher.java:onTimeout(47)) - RetriableDatanodeCommand type=deleteBlocksCommand with id=1567542408611 timed out. Retrying.
2019-09-03 20:27:00,759 [pool-7-thread-2] INFO  commands.RetriableDatanodeEventWatcher (RetriableDatanodeEventWatcher.java:onTimeout(47)) - RetriableDatanodeCommand type=deleteBlocksCommand with id=1567542408621 timed out. Retrying.
2019-09-03 20:27:00,770 [pool-7-thread-2] INFO  commands.RetriableDatanodeEventWatcher (RetriableDatanodeEventWatcher.java:onTimeout(47)) - RetriableDatanodeCommand type=deleteBlocksCommand with id=1567542408660 timed out. Retrying.
2019-09-03 20:27:00,776 [pool-7-thread-2] INFO  commands.RetriableDatanodeEventWatcher (RetriableDatanodeEventWatcher.java:onTimeout(47)) - RetriableDatanodeCommand type=deleteBlocksCommand with id=1567542408631 timed out. Retrying.
2019-09-03 20:27:00,787 [pool-7-thread-2] INFO  commands.RetriableDatanodeEventWatcher (RetriableDatanodeEventWatcher.java:onTimeout(47)) - RetriableDatanodeCommand type=deleteBlocksCommand with id=1567542408670 timed out. Retrying.
2019-09-03 20:27:00,792 [pool-7-thread-2] INFO  commands.RetriableDatanodeEventWatcher (RetriableDatanodeEventWatcher.java:onTimeout(47)) - RetriableDatanodeCommand type=deleteBlocksCommand with id=1567542408582 timed out. Retrying.
2019-09-03 20:27:00,803 [pool-7-thread-2] INFO  commands.RetriableDatanodeEventWatcher (RetriableDatanodeEventWatcher.java:onTimeout(47)) - RetriableDatanodeCommand type=deleteBlocksCommand with id=1567542408680 timed out. Retrying.
2019-09-03 20:27:00,808 [pool-7-thread-2] INFO  commands.RetriableDatanodeEventWatcher (RetriableDatanodeEventWatcher.java:onTimeout(47)) - RetriableDatanodeCommand type=deleteBlocksCommand with id=1567542408592 timed out. Retrying.
2019-09-03 20:27:00,808 [pool-7-thread-1] INFO  commands.RetriableDatanodeEventWatcher (RetriableDatanodeEventWatcher.java:onTimeout(47)) - RetriableDatanodeCommand type=deleteBlocksCommand with id=1567542408641 timed out. Retrying.
2019-09-03 20:27:00,819 [pool-7-thread-1] INFO  commands.RetriableDatanodeEventWatcher (RetriableDatanodeEventWatcher.java:onTimeout(47)) - RetriableDatanodeCommand type=deleteBlocksCommand with id=1567542408690 timed out. Retrying.
2019-09-03 20:27:00,828 [pool-7-thread-1] INFO  commands.RetriableDatanodeEventWatcher (RetriableDatanodeEventWatcher.java:onTimeout(47)) - RetriableDatanodeCommand type=deleteBlocksCommand with id=1567542408602 timed out. Retrying.
2019-09-03 20:27:00,835 [SCMBlockDeletingService#1] DEBUG block.SCMBlockDeletingService (SCMBlockDeletingService.java:call(138)) - Running DeletedBlockTransactionScanner
2019-09-03 20:27:00,835 [SCMBlockDeletingService#1] DEBUG block.SCMBlockDeletingService (SCMBlockDeletingService.java:call(155)) - Scanned deleted blocks log and got 3 delTX to process.
2019-09-03 20:27:00,836 [SCMBlockDeletingService#1] DEBUG block.SCMBlockDeletingService (SCMBlockDeletingService.java:call(171)) - Added delete block command for datanode 81367453-3bf0-4298-8a83-8d5c3816df16 in the queue, number of delete block transactions: 3, TxID list: 1,2,3
2019-09-03 20:27:00,836 [SCMBlockDeletingService#1] INFO  block.SCMBlockDeletingService (SCMBlockDeletingService.java:call(182)) - Totally added 3 delete blocks command for 1 datanodes, task elapsed time: 1ms
2019-09-03 20:27:00,845 [pool-7-thread-1] INFO  commands.RetriableDatanodeEventWatcher (RetriableDatanodeEventWatcher.java:onTimeout(47)) - RetriableDatanodeCommand type=deleteBlocksCommand with id=1567542408612 timed out. Retrying.
2019-09-03 20:27:00,856 [pool-7-thread-1] INFO  commands.RetriableDatanodeEventWatcher (RetriableDatanodeEventWatcher.java:onTimeout(47)) - RetriableDatanodeCommand type=deleteBlocksCommand with id=1567542408651 timed out. Retrying.
2019-09-03 20:27:00,861 [pool-7-thread-1] INFO  commands.RetriableDatanodeEventWatcher (RetriableDatanodeEventWatcher.java:onTimeout(47)) - RetriableDatanodeCommand type=deleteBlocksCommand with id=1567542408622 timed out. Retrying.
2019-09-03 20:27:00,874 [pool-7-thread-1] INFO  commands.RetriableDatanodeEventWatcher (RetriableDatanodeEventWatcher.java:onTimeout(47)) - RetriableDatanodeCommand type=deleteBlocksCommand with id=1567542408661 timed out. Retrying.
2019-09-03 20:27:00,876 [pool-7-thread-1] INFO  commands.RetriableDatanodeEventWatcher (RetriableDatanodeEventWatcher.java:onTimeout(47)) - RetriableDatanodeCommand type=deleteBlocksCommand with id=1567542408632 timed out. Retrying.
2019-09-03 20:27:00,890 [pool-7-thread-1] INFO  commands.RetriableDatanodeEventWatcher (RetriableDatanodeEventWatcher.java:onTimeout(47)) - RetriableDatanodeCommand type=deleteBlocksCommand with id=1567542408671 timed out. Retrying.
2019-09-03 20:27:00,893 [pool-7-thread-1] INFO  commands.RetriableDatanodeEventWatcher (RetriableDatanodeEventWatcher.java:onTimeout(47)) - RetriableDatanodeCommand type=deleteBlocksCommand with id=1567542408583 timed out. Retrying.
2019-09-03 20:27:00,904 [pool-7-thread-1] INFO  commands.RetriableDatanodeEventWatcher (RetriableDatanodeEventWatcher.java:onTimeout(47)) - RetriableDatanodeCommand type=deleteBlocksCommand with id=1567542408681 timed out. Retrying.
2019-09-03 20:27:00,908 [pool-7-thread-1] INFO  commands.RetriableDatanodeEventWatcher (RetriableDatanodeEventWatcher.java:onTimeout(47)) - RetriableDatanodeCommand type=deleteBlocksCommand with id=1567542408593 timed out. Retrying.
2019-09-03 20:27:00,913 [pool-7-thread-1] INFO  commands.RetriableDatanodeEventWatcher (RetriableDatanodeEventWatcher.java:onTimeout(47)) - RetriableDatanodeCommand type=deleteBlocksCommand with id=1567542408642 timed out. Retrying.
2019-09-03 20:27:00,921 [pool-7-thread-1] INFO  commands.RetriableDatanodeEventWatcher (RetriableDatanodeEventWatcher.java:onTimeout(47)) - RetriableDatanodeCommand type=deleteBlocksCommand with id=1567542408691 timed out. Retrying.
2019-09-03 20:27:00,929 [pool-7-thread-1] INFO  commands.RetriableDatanodeEventWatcher (RetriableDatanodeEventWatcher.java:onTimeout(47)) - RetriableDatanodeCommand type=deleteBlocksCommand with id=1567542408603 timed out. Retrying.
2019-09-03 20:27:00,937 [SCMBlockDeletingService#1] DEBUG block.SCMBlockDeletingService (SCMBlockDeletingService.java:call(138)) - Running DeletedBlockTransactionScanner
2019-09-03 20:27:00,938 [SCMBlockDeletingService#1] DEBUG block.SCMBlockDeletingService (SCMBlockDeletingService.java:call(155)) - Scanned deleted blocks log and got 3 delTX to process.
2019-09-03 20:27:00,938 [SCMBlockDeletingService#1] DEBUG block.SCMBlockDeletingService (SCMBlockDeletingService.java:call(171)) - Added delete block command for datanode 81367453-3bf0-4298-8a83-8d5c3816df16 in the queue, number of delete block transactions: 3, TxID list: 1,2,3
2019-09-03 20:27:00,939 [SCMBlockDeletingService#1] INFO  block.SCMBlockDeletingService (SCMBlockDeletingService.java:call(182)) - Totally added 3 delete blocks command for 1 datanodes, task elapsed time: 2ms
2019-09-03 20:27:00,948 [pool-7-thread-1] INFO  commands.RetriableDatanodeEventWatcher (RetriableDatanodeEventWatcher.java:onTimeout(47)) - RetriableDatanodeCommand type=deleteBlocksCommand with id=1567542408613 timed out. Retrying.
2019-09-03 20:27:00,958 [pool-7-thread-1] INFO  commands.RetriableDatanodeEventWatcher (RetriableDatanodeEventWatcher.java:onTimeout(47)) - RetriableDatanodeCommand type=deleteBlocksCommand with id=1567542408652 timed out. Retrying.
2019-09-03 20:27:00,961 [pool-7-thread-1] INFO  commands.RetriableDatanodeEventWatcher (RetriableDatanodeEventWatcher.java:onTimeout(47)) - RetriableDatanodeCommand type=deleteBlocksCommand with id=1567542408623 timed out. Retrying.
2019-09-03 20:27:00,976 [pool-7-thread-1] INFO  commands.RetriableDatanodeEventWatcher (RetriableDatanodeEventWatcher.java:onTimeout(47)) - RetriableDatanodeCommand type=deleteBlocksCommand with id=1567542408662 timed out. Retrying.
2019-09-03 20:27:00,979 [pool-7-thread-1] INFO  commands.RetriableDatanodeEventWatcher (RetriableDatanodeEventWatcher.java:onTimeout(47)) - RetriableDatanodeCommand type=deleteBlocksCommand with id=1567542408633 timed out. Retrying.
2019-09-03 20:27:00,990 [pool-7-thread-1] INFO  commands.RetriableDatanodeEventWatcher (RetriableDatanodeEventWatcher.java:onTimeout(47)) - RetriableDatanodeCommand type=deleteBlocksCommand with id=1567542408672 timed out. Retrying.
2019-09-03 20:27:00,998 [pool-7-thread-1] INFO  commands.RetriableDatanodeEventWatcher (RetriableDatanodeEventWatcher.java:onTimeout(47)) - RetriableDatanodeCommand type=deleteBlocksCommand with id=1567542408584 timed out. Retrying.
2019-09-03 20:27:01,006 [pool-7-thread-1] INFO  commands.RetriableDatanodeEventWatcher (RetriableDatanodeEventWatcher.java:onTimeout(47)) - RetriableDatanodeCommand type=deleteBlocksCommand with id=1567542408682 timed out. Retrying.
2019-09-03 20:27:01,012 [pool-7-thread-1] INFO  commands.RetriableDatanodeEventWatcher (RetriableDatanodeEventWatcher.java:onTimeout(47)) - RetriableDatanodeCommand type=deleteBlocksCommand with id=1567542408594 timed out. Retrying.
2019-09-03 20:27:01,012 [pool-7-thread-2] INFO  commands.RetriableDatanodeEventWatcher (RetriableDatanodeEventWatcher.java:onTimeout(47)) - RetriableDatanodeCommand type=deleteBlocksCommand with id=1567542408643 timed out. Retrying.
2019-09-03 20:27:01,022 [pool-7-thread-2] INFO  commands.RetriableDatanodeEventWatcher (RetriableDatanodeEventWatcher.java:onTimeout(47)) - RetriableDatanodeCommand type=deleteBlocksCommand with id=1567542408692 timed out. Retrying.
2019-09-03 20:27:01,032 [pool-7-thread-2] INFO  commands.RetriableDatanodeEventWatcher (RetriableDatanodeEventWatcher.java:onTimeout(47)) - RetriableDatanodeCommand type=deleteBlocksCommand with id=1567542408604 timed out. Retrying.
2019-09-03 20:27:01,039 [SCMBlockDeletingService#0] DEBUG block.SCMBlockDeletingService (SCMBlockDeletingService.java:call(138)) - Running DeletedBlockTransactionScanner
2019-09-03 20:27:01,040 [SCMBlockDeletingService#0] DEBUG block.SCMBlockDeletingService (SCMBlockDeletingService.java:call(155)) - Scanned deleted blocks log and got 3 delTX to process.
2019-09-03 20:27:01,041 [SCMBlockDeletingService#0] DEBUG block.SCMBlockDeletingService (SCMBlockDeletingService.java:call(171)) - Added delete block command for datanode 81367453-3bf0-4298-8a83-8d5c3816df16 in the queue, number of delete block transactions: 3, TxID list: 1,2,3
2019-09-03 20:27:01,041 [SCMBlockDeletingService#0] INFO  block.SCMBlockDeletingService (SCMBlockDeletingService.java:call(182)) - Totally added 3 delete blocks command for 1 datanodes, task elapsed time: 3ms
2019-09-03 20:27:01,047 [pool-7-thread-2] INFO  commands.RetriableDatanodeEventWatcher (RetriableDatanodeEventWatcher.java:onTimeout(47)) - RetriableDatanodeCommand type=deleteBlocksCommand with id=1567542408614 timed out. Retrying.
2019-09-03 20:27:01,061 [pool-7-thread-2] INFO  commands.RetriableDatanodeEventWatcher (RetriableDatanodeEventWatcher.java:onTimeout(47)) - RetriableDatanodeCommand type=deleteBlocksCommand with id=1567542408653 timed out. Retrying.
2019-09-03 20:27:01,066 [pool-7-thread-2] INFO  commands.RetriableDatanodeEventWatcher (RetriableDatanodeEventWatcher.java:onTimeout(47)) - RetriableDatanodeCommand type=deleteBlocksCommand with id=1567542408624 timed out. Retrying.
2019-09-03 20:27:01,077 [pool-7-thread-2] INFO  commands.RetriableDatanodeEventWatcher (RetriableDatanodeEventWatcher.java:onTimeout(47)) - RetriableDatanodeCommand type=deleteBlocksCommand with id=1567542408663 timed out. Retrying.
2019-09-03 20:27:01,082 [pool-7-thread-2] INFO  commands.RetriableDatanodeEventWatcher (RetriableDatanodeEventWatcher.java:onTimeout(47)) - RetriableDatanodeCommand type=deleteBlocksCommand with id=1567542408634 timed out. Retrying.
2019-09-03 20:27:01,092 [pool-7-thread-2] INFO  commands.RetriableDatanodeEventWatcher (RetriableDatanodeEventWatcher.java:onTimeout(47)) - RetriableDatanodeCommand type=deleteBlocksCommand with id=1567542408673 timed out. Retrying.
2019-09-03 20:27:01,099 [pool-7-thread-2] INFO  commands.RetriableDatanodeEventWatcher (RetriableDatanodeEventWatcher.java:onTimeout(47)) - RetriableDatanodeCommand type=deleteBlocksCommand with id=1567542408585 timed out. Retrying.
2019-09-03 20:27:01,107 [pool-7-thread-2] INFO  commands.RetriableDatanodeEventWatcher (RetriableDatanodeEventWatcher.java:onTimeout(47)) - RetriableDatanodeCommand type=deleteBlocksCommand with id=1567542408683 timed out. Retrying.
2019-09-03 20:27:01,113 [pool-7-thread-2] INFO  commands.RetriableDatanodeEventWatcher (RetriableDatanodeEventWatcher.java:onTimeout(47)) - RetriableDatanodeCommand type=deleteBlocksCommand with id=1567542408595 timed out. Retrying.
2019-09-03 20:27:01,115 [pool-7-thread-2] INFO  commands.RetriableDatanodeEventWatcher (RetriableDatanodeEventWatcher.java:onTimeout(47)) - RetriableDatanodeCommand type=deleteBlocksCommand with id=1567542408644 timed out. Retrying.
2019-09-03 20:27:01,124 [pool-7-thread-2] INFO  commands.RetriableDatanodeEventWatcher (RetriableDatanodeEventWatcher.java:onTimeout(47)) - RetriableDatanodeCommand type=deleteBlocksCommand with id=1567542408693 timed out. Retrying.
2019-09-03 20:27:01,132 [pool-7-thread-2] INFO  commands.RetriableDatanodeEventWatcher (RetriableDatanodeEventWatcher.java:onTimeout(47)) - RetriableDatanodeCommand type=deleteBlocksCommand with id=1567542408605 timed out. Retrying.
2019-09-03 20:27:01,208 [pool-7-thread-2] INFO  commands.RetriableDatanodeEventWatcher (RetriableDatanodeEventWatcher.java:onTimeout(47)) - RetriableDatanodeCommand type=deleteBlocksCommand with id=1567542408615 timed out. Retrying.
SCMBlockDeletingService.java:call(138)) - Running DeletedBlockTransactionScanner
2019-09-03 20:27:01,208 [pool-7-thread-2] INFO  commands.RetriableDatanodeEventWatcher (RetriableDatanodeEventWatcher.java:onTimeout(47)) - RetriableDatanodeCommand type=deleteBlocksCommand with id=1567542408615 timed out. Retrying.
2019-09-03 20:27:01,227 [RetriableDatanodeEventWatcher.java:onTimeout(47)) - SCMBlockDeletingService#0] DEBUG block.SCMBlockDeletingService (RetriableDatanodeCommand type=deleteBlocksCommand with id=1567542408684 timed out. Retrying.
SCMBlockDeletingService.java:call(155)) - Scanned deleted blocks log and got 3 delTX to process.
2019-09-03 20:27:01,227 [pool-7-thread-6] INFO  commands.RetriableDatanodeEventWatcher (RetriableDatanodeEventWatcher.java:onTimeout(47)) - RetriableDatanodeCommand type=deleteBlocksCommand with id=1567542408684 timed out. Retrying.
2019-09-03 20:27:01,228 [pool-7-thread-4] INFO  commands.RetriableDatanodeEventWatcher (RetriableDatanodeEventWatcher.java:onTimeout(47)) - RetriableDatanodeCommand type=deleteBlocksCommand with id=1567542408586 timed out. Retrying.
2019-09-03 20:27:01,228 [pool-7-thread-5] INFO  commands.RetriableDatanodeEventWatcher (RetriableDatanodeEventWatcher.java:onTimeout(47)) - RetriableDatanodeCommand type=deleteBlocksCommand with id=1567542408674 timed out. Retrying.
SCMBlockDeletingService.java:call(171)) - Added delete block command for datanode 81367453-3bf0-4298-8a83-8d5c3816df16 in the queue, number of delete block transactions: 3, TxID list: 1,2,3
2019-09-03 20:27:01,228 [pool-7-thread-5] INFO  commands.RetriableDatanodeEventWatcher (RetriableDatanodeEventWatcher.java:onTimeout(47)) - RetriableDatanodeCommand type=deleteBlocksCommand with id=1567542408674 timed out. Retrying.
2019-09-03 20:27:01,228 [pool-7-thread-3] INFO  commands.RetriableDatanodeEventWatcher (RetriableDatanodeEventWatcher.java:onTimeout(47)) - RetriableDatanodeCommand type=deleteBlocksCommand with id=1567542408635 timed out. Retrying.
2019-09-03 20:27:01,229 [pool-7-thread-1] INFO  commands.RetriableDatanodeEventWatcher (RetriableDatanodeEventWatcher.java:onTimeout(47)) - RetriableDatanodeCommand type=deleteBlocksCommand with id=1567542408625 timed out. Retrying.
2019-09-03 20:27:01,229 [SCMBlockDeletingService#0] INFO  block.SCMBlockDeletingService (RetriableDatanodeEventWatcher.java:onTimeout(47)) - RetriableDatanodeCommand type=deleteBlocksCommand with id=1567542408664 timed out. Retrying.
SCMBlockDeletingService.java:call(182)) - Totally added 3 delete blocks command for 1 datanodes, task elapsed time: 21ms
2019-09-03 20:27:01,229 [pool-7-thread-9] INFO  commands.RetriableDatanodeEventWatcher (RetriableDatanodeEventWatcher.java:onTimeout(47)) - RetriableDatanodeCommand type=deleteBlocksCommand with id=1567542408664 timed out. Retrying.
2019-09-03 20:27:01,229 [pool-7-thread-8] INFO  commands.RetriableDatanodeEventWatcher (RetriableDatanodeEventWatcher.java:onTimeout(47)) - RetriableDatanodeCommand type=deleteBlocksCommand with id=1567542408645 timed out. Retrying.
2019-09-03 20:27:01,229 [pool-7-thread-2] INFO  commands.RetriableDatanodeEventWatcher (RetriableDatanodeEventWatcher.java:onTimeout(47)) - RetriableDatanodeCommand type=deleteBlocksCommand with id=1567542408654 timed out. Retrying.
2019-09-03 20:27:01,229 [pool-7-thread-7] INFO  commands.RetriableDatanodeEventWatcher (RetriableDatanodeEventWatcher.java:onTimeout(47)) - RetriableDatanodeCommand type=deleteBlocksCommand with id=1567542408694 timed out. Retrying.
2019-09-03 20:27:01,230 [pool-7-thread-7] INFO  commands.RetriableDatanodeEventWatcher (RetriableDatanodeEventWatcher.java:onTimeout(47)) - RetriableDatanodeCommand type=deleteBlocksCommand with id=1567542408596 timed out. Retrying.
2019-09-03 20:27:01,233 [pool-7-thread-7] INFO  commands.RetriableDatanodeEventWatcher (RetriableDatanodeEventWatcher.java:onTimeout(47)) - RetriableDatanodeCommand type=deleteBlocksCommand with id=1567542408606 timed out. Retrying.
2019-09-03 20:27:01,251 [pool-7-thread-7] INFO  commands.RetriableDatanodeEventWatcher (RetriableDatanodeEventWatcher.java:onTimeout(47)) - RetriableDatanodeCommand type=deleteBlocksCommand with id=1567542408616 timed out. Retrying.
2019-09-03 20:27:01,264 [pool-7-thread-7] INFO  commands.RetriableDatanodeEventWatcher (RetriableDatanodeEventWatcher.java:onTimeout(47)) - RetriableDatanodeCommand type=deleteBlocksCommand with id=1567542408655 timed out. Retrying.
2019-09-03 20:27:01,268 [pool-7-thread-7] INFO  commands.RetriableDatanodeEventWatcher (RetriableDatanodeEventWatcher.java:onTimeout(47)) - RetriableDatanodeCommand type=deleteBlocksCommand with id=1567542408626 timed out. Retrying.
2019-09-03 20:27:01,280 [pool-7-thread-7] INFO  commands.RetriableDatanodeEventWatcher (RetriableDatanodeEventWatcher.java:onTimeout(47)) - RetriableDatanodeCommand type=deleteBlocksCommand with id=1567542408665 timed out. Retrying.
2019-09-03 20:27:01,285 [pool-7-thread-7] INFO  commands.RetriableDatanodeEventWatcher (RetriableDatanodeEventWatcher.java:onTimeout(47)) - RetriableDatanodeCommand type=deleteBlocksCommand with id=1567542408636 timed out. Retrying.
2019-09-03 20:27:01,296 [pool-7-thread-7] INFO  commands.RetriableDatanodeEventWatcher (RetriableDatanodeEventWatcher.java:onTimeout(47)) - RetriableDatanodeCommand type=deleteBlocksCommand with id=1567542408675 timed out. Retrying.
2019-09-03 20:27:01,302 [pool-7-thread-7] INFO  commands.RetriableDatanodeEventWatcher (RetriableDatanodeEventWatcher.java:onTimeout(47)) - RetriableDatanodeCommand type=deleteBlocksCommand with id=1567542408587 timed out. Retrying.
2019-09-03 20:27:01,312 [pool-7-thread-7] INFO  commands.RetriableDatanodeEventWatcher (RetriableDatanodeEventWatcher.java:onTimeout(47)) - RetriableDatanodeCommand type=deleteBlocksCommand with id=1567542408685 timed out. Retrying.
2019-09-03 20:27:01,319 [pool-7-thread-7] INFO  commands.RetriableDatanodeEventWatcher (RetriableDatanodeEventWatcher.java:onTimeout(47)) - RetriableDatanodeCommand type=deleteBlocksCommand with id=1567542408597 timed out. Retrying.
2019-09-03 20:27:01,319 [pool-7-thread-2] INFO  commands.RetriableDatanodeEventWatcher (RetriableDatanodeEventWatcher.java:onTimeout(47)) - RetriableDatanodeCommand type=deleteBlocksCommand with id=1567542408646 timed out. Retrying.
2019-09-03 20:27:01,328 [pool-7-thread-2] INFO  commands.RetriableDatanodeEventWatcher (RetriableDatanodeEventWatcher.java:onTimeout(47)) - RetriableDatanodeCommand type=deleteBlocksCommand with id=1567542408695 timed out. Retrying.
2019-09-03 20:27:01,329 [SCMBlockDeletingService#0] DEBUG block.SCMBlockDeletingService (SCMBlockDeletingService.java:call(138)) - Running DeletedBlockTransactionScanner
2019-09-03 20:27:01,330 [SCMBlockDeletingService#0] DEBUG block.SCMBlockDeletingService (SCMBlockDeletingService.java:call(155)) - Scanned deleted blocks log and got 3 delTX to process.
2019-09-03 20:27:01,331 [SCMBlockDeletingService#0] DEBUG block.SCMBlockDeletingService (SCMBlockDeletingService.java:call(171)) - Added delete block command for datanode 81367453-3bf0-4298-8a83-8d5c3816df16 in the queue, number of delete block transactions: 3, TxID list: 1,2,3
2019-09-03 20:27:01,331 [SCMBlockDeletingService#0] INFO  block.SCMBlockDeletingService (SCMBlockDeletingService.java:call(182)) - Totally added 3 delete blocks command for 1 datanodes, task elapsed time: 2ms
2019-09-03 20:27:01,333 [pool-7-thread-2] INFO  commands.RetriableDatanodeEventWatcher (RetriableDatanodeEventWatcher.java:onTimeout(47)) - RetriableDatanodeCommand type=deleteBlocksCommand with id=1567542408607 timed out. Retrying.
2019-09-03 20:27:01,354 [pool-7-thread-2] INFO  commands.RetriableDatanodeEventWatcher (RetriableDatanodeEventWatcher.java:onTimeout(47)) - RetriableDatanodeCommand type=deleteBlocksCommand with id=1567542408617 timed out. Retrying.
2019-09-03 20:27:01,363 [pool-7-thread-2] INFO  commands.RetriableDatanodeEventWatcher (RetriableDatanodeEventWatcher.java:onTimeout(47)) - RetriableDatanodeCommand type=deleteBlocksCommand with id=1567542408656 timed out. Retrying.
2019-09-03 20:27:01,369 [pool-7-thread-2] INFO  commands.RetriableDatanodeEventWatcher (RetriableDatanodeEventWatcher.java:onTimeout(47)) - RetriableDatanodeCommand type=deleteBlocksCommand with id=1567542408627 timed out. Retrying.
2019-09-03 20:27:01,381 [pool-7-thread-2] INFO  commands.RetriableDatanodeEventWatcher (RetriableDatanodeEventWatcher.java:onTimeout(47)) - RetriableDatanodeCommand type=deleteBlocksCommand with id=1567542408666 timed out. Retrying.
2019-09-03 20:27:01,398 [pool-7-thread-2] INFO  commands.RetriableDatanodeEventWatcher (RetriableDatanodeEventWatcher.java:onTimeout(47)) - RetriableDatanodeCommand type=deleteBlocksCommand with id=1567542408676 timed out. Retrying.
2019-09-03 20:27:01,404 [pool-7-thread-2] INFO  commands.RetriableDatanodeEventWatcher (RetriableDatanodeEventWatcher.java:onTimeout(47)) - RetriableDatanodeCommand type=deleteBlocksCommand with id=1567542408637 timed out. Retrying.
2019-09-03 20:27:01,405 [pool-7-thread-7] INFO  commands.RetriableDatanodeEventWatcher (RetriableDatanodeEventWatcher.java:onTimeout(47)) - RetriableDatanodeCommand type=deleteBlocksCommand with id=1567542408588 timed out. Retrying.
2019-09-03 20:27:01,413 [pool-7-thread-7] INFO  commands.RetriableDatanodeEventWatcher (RetriableDatanodeEventWatcher.java:onTimeout(47)) - RetriableDatanodeCommand type=deleteBlocksCommand with id=1567542408686 timed out. Retrying.
2019-09-03 20:27:01,419 [pool-7-thread-7] INFO  commands.RetriableDatanodeEventWatcher (RetriableDatanodeEventWatcher.java:onTimeout(47)) - RetriableDatanodeCommand type=deleteBlocksCommand with id=1567542408598 timed out. Retrying.
2019-09-03 20:27:01,421 [pool-7-thread-7] INFO  commands.RetriableDatanodeEventWatcher (RetriableDatanodeEventWatcher.java:onTimeout(47)) - RetriableDatanodeCommand type=deleteBlocksCommand with id=1567542408647 timed out. Retrying.
2019-09-03 20:27:01,429 [pool-7-thread-7] INFO  commands.RetriableDatanodeEventWatcher (RetriableDatanodeEventWatcher.java:onTimeout(47)) - RetriableDatanodeCommand type=deleteBlocksCommand with id=1567542408696 timed out. Retrying.
2019-09-03 20:27:01,432 [SCMBlockDeletingService#0] DEBUG block.SCMBlockDeletingService (SCMBlockDeletingService.java:call(138)) - Running DeletedBlockTransactionScanner
2019-09-03 20:27:01,432 [SCMBlockDeletingService#0] DEBUG block.SCMBlockDeletingService (SCMBlockDeletingService.java:call(155)) - Scanned deleted blocks log and got 3 delTX to process.
2019-09-03 20:27:01,432 [SCMBlockDeletingService#0] DEBUG block.SCMBlockDeletingService (SCMBlockDeletingService.java:call(171)) - Added delete block command for datanode 81367453-3bf0-4298-8a83-8d5c3816df16 in the queue, number of delete block transactions: 3, TxID list: 1,2,3
2019-09-03 20:27:01,433 [SCMBlockDeletingService#0] INFO  block.SCMBlockDeletingService (SCMBlockDeletingService.java:call(182)) - Totally added 3 delete blocks command for 1 datanodes, task elapsed time: 1ms
2019-09-03 20:27:01,438 [pool-7-thread-7] INFO  commands.RetriableDatanodeEventWatcher (RetriableDatanodeEventWatcher.java:onTimeout(47)) - RetriableDatanodeCommand type=deleteBlocksCommand with id=1567542408608 timed out. Retrying.
2019-09-03 20:27:01,455 [pool-7-thread-7] INFO  commands.RetriableDatanodeEventWatcher (RetriableDatanodeEventWatcher.java:onTimeout(47)) - RetriableDatanodeCommand type=deleteBlocksCommand with id=1567542408618 timed out. Retrying.
2019-09-03 20:27:01,466 [pool-7-thread-7] INFO  commands.RetriableDatanodeEventWatcher (RetriableDatanodeEventWatcher.java:onTimeout(47)) - RetriableDatanodeCommand type=deleteBlocksCommand with id=1567542408657 timed out. Retrying.
2019-09-03 20:27:01,467 [main] INFO  ozone.MiniOzoneClusterImpl (MiniOzoneClusterImpl.java:lambda$waitForClusterToBeReady$0(140)) - Cluster is ready. Got 1 of 1 DN Heartbeats.
2019-09-03 20:27:01,470 [pool-7-thread-7] INFO  commands.RetriableDatanodeEventWatcher (RetriableDatanodeEventWatcher.java:onTimeout(47)) - RetriableDatanodeCommand type=deleteBlocksCommand with id=1567542408628 timed out. Retrying.
2019-09-03 20:27:01,479 [Datanode State Machine Thread - 0] ERROR statemachine.EndpointStateMachine (EndpointStateMachine.java:logIfNeeded(204)) - Unable to communicate to SCM server at 0.0.0.0:43589 for past 0 seconds.
java.net.SocketTimeoutException: Call From pr-hdds-1200-xgh2h-450883189/192.168.36.111 to 0.0.0.0:43589 failed on socket timeout exception: java.net.SocketTimeoutException: 1000 millis timeout while waiting for channel to be ready for read. ch : java.nio.channels.SocketChannel[connected local=/192.168.36.111:38698 remote=/0.0.0.0:43589]; For more details see:  http://wiki.apache.org/hadoop/SocketTimeout
	at sun.reflect.NativeConstructorAccessorImpl.newInstance0(Native Method)
	at sun.reflect.NativeConstructorAccessorImpl.newInstance(NativeConstructorAccessorImpl.java:62)
	at sun.reflect.DelegatingConstructorAccessorImpl.newInstance(DelegatingConstructorAccessorImpl.java:45)
	at java.lang.reflect.Constructor.newInstance(Constructor.java:423)
	at org.apache.hadoop.net.NetUtils.wrapWithMessage(NetUtils.java:831)
	at org.apache.hadoop.net.NetUtils.wrapException(NetUtils.java:775)
	at org.apache.hadoop.ipc.Client.getRpcResponse(Client.java:1515)
	at org.apache.hadoop.ipc.Client.call(Client.java:1457)
	at org.apache.hadoop.ipc.Client.call(Client.java:1367)
	at org.apache.hadoop.ipc.ProtobufRpcEngine$Invoker.invoke(ProtobufRpcEngine.java:228)
	at org.apache.hadoop.ipc.ProtobufRpcEngine$Invoker.invoke(ProtobufRpcEngine.java:116)
	at com.sun.proxy.$Proxy32.sendHeartbeat(Unknown Source)
	at org.apache.hadoop.ozone.protocolPB.StorageContainerDatanodeProtocolClientSideTranslatorPB.sendHeartbeat(StorageContainerDatanodeProtocolClientSideTranslatorPB.java:131)
	at org.apache.hadoop.ozone.container.common.states.endpoint.HeartbeatEndpointTask.call(HeartbeatEndpointTask.java:143)
	at org.apache.hadoop.ozone.container.common.states.endpoint.HeartbeatEndpointTask.call(HeartbeatEndpointTask.java:74)
	at java.util.concurrent.FutureTask.run(FutureTask.java:266)
	at java.util.concurrent.Executors$RunnableAdapter.call(Executors.java:511)
	at java.util.concurrent.FutureTask.run(FutureTask.java:266)
	at java.util.concurrent.ThreadPoolExecutor.runWorker(ThreadPoolExecutor.java:1149)
	at java.util.concurrent.ThreadPoolExecutor$Worker.run(ThreadPoolExecutor.java:624)
	at java.lang.Thread.run(Thread.java:748)
Caused by: java.net.SocketTimeoutException: 1000 millis timeout while waiting for channel to be ready for read. ch : java.nio.channels.SocketChannel[connected local=/192.168.36.111:38698 remote=/0.0.0.0:43589]
	at org.apache.hadoop.net.SocketIOWithTimeout.doIO(SocketIOWithTimeout.java:164)
	at org.apache.hadoop.net.SocketInputStream.read(SocketInputStream.java:161)
	at org.apache.hadoop.net.SocketInputStream.read(SocketInputStream.java:131)
	at java.io.FilterInputStream.read(FilterInputStream.java:133)
	at java.io.BufferedInputStream.fill(BufferedInputStream.java:246)
	at java.io.BufferedInputStream.read(BufferedInputStream.java:265)
	at java.io.FilterInputStream.read(FilterInputStream.java:83)
	at java.io.FilterInputStream.read(FilterInputStream.java:83)
	at org.apache.hadoop.ipc.Client$Connection$PingInputStream.read(Client.java:557)
	at java.io.DataInputStream.readInt(DataInputStream.java:387)
	at org.apache.hadoop.ipc.Client$IpcStreams.readResponse(Client.java:1816)
	at org.apache.hadoop.ipc.Client$Connection.receiveRpcResponse(Client.java:1173)
	at org.apache.hadoop.ipc.Client$Connection.run(Client.java:1069)
2019-09-03 20:27:01,486 [pool-7-thread-7] INFO  commands.RetriableDatanodeEventWatcher (RetriableDatanodeEventWatcher.java:onTimeout(47)) - RetriableDatanodeCommand type=deleteBlocksCommand with id=1567542408667 timed out. Retrying.
2019-09-03 20:27:01,496 [EventQueue-PendingDeleteStatusForPendingDeleteHandler] INFO  block.SCMBlockDeletingService (SCMBlockDeletingService.java:handlePendingDeletes(115)) - Block deletion txnID mismatch in datanode 81367453-3bf0-4298-8a83-8d5c3816df16 for containerID 1. Datanode delete txnID: 0, SCM txnID: 1
2019-09-03 20:27:01,496 [EventQueue-PendingDeleteStatusForPendingDeleteHandler] INFO  block.SCMBlockDeletingService (SCMBlockDeletingService.java:handlePendingDeletes(115)) - Block deletion txnID mismatch in datanode 81367453-3bf0-4298-8a83-8d5c3816df16 for containerID 2. Datanode delete txnID: 0, SCM txnID: 2
2019-09-03 20:27:01,496 [EventQueue-PendingDeleteStatusForPendingDeleteHandler] INFO  block.SCMBlockDeletingService (SCMBlockDeletingService.java:handlePendingDeletes(115)) - Block deletion txnID mismatch in datanode 81367453-3bf0-4298-8a83-8d5c3816df16 for containerID 3. Datanode delete txnID: 0, SCM txnID: 3
2019-09-03 20:27:01,498 [pool-7-thread-7] INFO  commands.RetriableDatanodeEventWatcher (RetriableDatanodeEventWatcher.java:onTimeout(47)) - RetriableDatanodeCommand type=deleteBlocksCommand with id=1567542408677 timed out. Retrying.
2019-09-03 20:27:01,504 [pool-7-thread-7] INFO  commands.RetriableDatanodeEventWatcher (RetriableDatanodeEventWatcher.java:onTimeout(47)) - RetriableDatanodeCommand type=deleteBlocksCommand with id=1567542408638 timed out. Retrying.
2019-09-03 20:27:01,505 [pool-7-thread-2] INFO  commands.RetriableDatanodeEventWatcher (RetriableDatanodeEventWatcher.java:onTimeout(47)) - RetriableDatanodeCommand type=deleteBlocksCommand with id=1567542408589 timed out. Retrying.
2019-09-03 20:27:01,514 [pool-7-thread-2] INFO  commands.RetriableDatanodeEventWatcher (RetriableDatanodeEventWatcher.java:onTimeout(47)) - RetriableDatanodeCommand type=deleteBlocksCommand with id=1567542408687 timed out. Retrying.
2019-09-03 20:27:01,520 [pool-7-thread-2] INFO  commands.RetriableDatanodeEventWatcher (RetriableDatanodeEventWatcher.java:onTimeout(47)) - RetriableDatanodeCommand type=deleteBlocksCommand with id=1567542408599 timed out. Retrying.
2019-09-03 20:27:01,521 [pool-7-thread-7] INFO  commands.RetriableDatanodeEventWatcher (RetriableDatanodeEventWatcher.java:onTimeout(47)) - RetriableDatanodeCommand type=deleteBlocksCommand with id=1567542408648 timed out. Retrying.
2019-09-03 20:27:01,531 [pool-7-thread-7] INFO  commands.RetriableDatanodeEventWatcher (RetriableDatanodeEventWatcher.java:onTimeout(47)) - RetriableDatanodeCommand type=deleteBlocksCommand with id=1567542408697 timed out. Retrying.
2019-09-03 20:27:01,533 [SCMBlockDeletingService#0] DEBUG block.SCMBlockDeletingService (SCMBlockDeletingService.java:call(138)) - Running DeletedBlockTransactionScanner
2019-09-03 20:27:01,534 [SCMBlockDeletingService#0] DEBUG block.SCMBlockDeletingService (SCMBlockDeletingService.java:call(155)) - Scanned deleted blocks log and got 3 delTX to process.
2019-09-03 20:27:01,534 [SCMBlockDeletingService#0] DEBUG block.SCMBlockDeletingService (SCMBlockDeletingService.java:call(171)) - Added delete block command for datanode 81367453-3bf0-4298-8a83-8d5c3816df16 in the queue, number of delete block transactions: 3, TxID list: 1,2,3
2019-09-03 20:27:01,534 [SCMBlockDeletingService#0] INFO  block.SCMBlockDeletingService (SCMBlockDeletingService.java:call(182)) - Totally added 3 delete blocks command for 1 datanodes, task elapsed time: 1ms
2019-09-03 20:27:01,540 [pool-7-thread-7] INFO  commands.RetriableDatanodeEventWatcher (RetriableDatanodeEventWatcher.java:onTimeout(47)) - RetriableDatanodeCommand type=deleteBlocksCommand with id=1567542408609 timed out. Retrying.
2019-09-03 20:27:01,555 [pool-7-thread-7] INFO  commands.RetriableDatanodeEventWatcher (RetriableDatanodeEventWatcher.java:onTimeout(47)) - RetriableDatanodeCommand type=deleteBlocksCommand with id=1567542408619 timed out. Retrying.
2019-09-03 20:27:01,569 [pool-7-thread-7] INFO  commands.RetriableDatanodeEventWatcher (RetriableDatanodeEventWatcher.java:onTimeout(47)) - RetriableDatanodeCommand type=deleteBlocksCommand with id=1567542408658 timed out. Retrying.
2019-09-03 20:27:01,572 [pool-7-thread-7] INFO  commands.RetriableDatanodeEventWatcher (RetriableDatanodeEventWatcher.java:onTimeout(47)) - RetriableDatanodeCommand type=deleteBlocksCommand with id=1567542408629 timed out. Retrying.
2019-09-03 20:27:01,585 [pool-7-thread-7] INFO  commands.RetriableDatanodeEventWatcher (RetriableDatanodeEventWatcher.java:onTimeout(47)) - RetriableDatanodeCommand type=deleteBlocksCommand with id=1567542408668 timed out. Retrying.
2019-09-03 20:27:01,592 [pool-7-thread-7] INFO  commands.RetriableDatanodeEventWatcher (RetriableDatanodeEventWatcher.java:onTimeout(47)) - RetriableDatanodeCommand type=deleteBlocksCommand with id=1567542408580 timed out. Retrying.
2019-09-03 20:27:01,600 [pool-7-thread-7] INFO  commands.RetriableDatanodeEventWatcher (RetriableDatanodeEventWatcher.java:onTimeout(47)) - RetriableDatanodeCommand type=deleteBlocksCommand with id=1567542408678 timed out. Retrying.
2019-09-03 20:27:01,604 [pool-7-thread-7] INFO  commands.RetriableDatanodeEventWatcher (RetriableDatanodeEventWatcher.java:onTimeout(47)) - RetriableDatanodeCommand type=deleteBlocksCommand with id=1567542408590 timed out. Retrying.
2019-09-03 20:27:01,607 [pool-7-thread-7] INFO  commands.RetriableDatanodeEventWatcher (RetriableDatanodeEventWatcher.java:onTimeout(47)) - RetriableDatanodeCommand type=deleteBlocksCommand with id=1567542408639 timed out. Retrying.
2019-09-03 20:27:01,617 [pool-7-thread-7] INFO  commands.RetriableDatanodeEventWatcher (RetriableDatanodeEventWatcher.java:onTimeout(47)) - RetriableDatanodeCommand type=deleteBlocksCommand with id=1567542408688 timed out. Retrying.
2019-09-03 20:27:01,621 [pool-7-thread-7] INFO  commands.RetriableDatanodeEventWatcher (RetriableDatanodeEventWatcher.java:onTimeout(47)) - RetriableDatanodeCommand type=deleteBlocksCommand with id=1567542408649 timed out. Retrying.
2019-09-03 20:27:01,624 [pool-7-thread-7] INFO  commands.RetriableDatanodeEventWatcher (RetriableDatanodeEventWatcher.java:onTimeout(47)) - RetriableDatanodeCommand type=deleteBlocksCommand with id=1567542408600 timed out. Retrying.
2019-09-03 20:27:01,632 [pool-7-thread-7] INFO  commands.RetriableDatanodeEventWatcher (RetriableDatanodeEventWatcher.java:onTimeout(47)) - RetriableDatanodeCommand type=deleteBlocksCommand with id=1567542408698 timed out. Retrying.
2019-09-03 20:27:01,635 [SCMBlockDeletingService#0] DEBUG block.SCMBlockDeletingService (SCMBlockDeletingService.java:call(138)) - Running DeletedBlockTransactionScanner
2019-09-03 20:27:01,635 [SCMBlockDeletingService#0] DEBUG block.SCMBlockDeletingService (SCMBlockDeletingService.java:call(155)) - Scanned deleted blocks log and got 3 delTX to process.
2019-09-03 20:27:01,635 [SCMBlockDeletingService#0] DEBUG block.SCMBlockDeletingService (SCMBlockDeletingService.java:call(171)) - Added delete block command for datanode 81367453-3bf0-4298-8a83-8d5c3816df16 in the queue, number of delete block transactions: 3, TxID list: 1,2,3
2019-09-03 20:27:01,636 [SCMBlockDeletingService#0] INFO  block.SCMBlockDeletingService (SCMBlockDeletingService.java:call(182)) - Totally added 3 delete blocks command for 1 datanodes, task elapsed time: 1ms
2019-09-03 20:27:01,640 [pool-7-thread-7] INFO  commands.RetriableDatanodeEventWatcher (RetriableDatanodeEventWatcher.java:onTimeout(47)) - RetriableDatanodeCommand type=deleteBlocksCommand with id=1567542408610 timed out. Retrying.
2019-09-03 20:27:01,717 [pool-7-thread-7] INFO  commands.RetriableDatanodeEventWatcher (RetriableDatanodeEventWatcher.java:onTimeout(47)) - RetriableDatanodeCommand type=deleteBlocksCommand with id=1567542408620 timed out. Retrying.
2019-09-03 20:27:01,718 [pool-7-thread-6] INFO  commands.RetriableDatanodeEventWatcher (RetriableDatanodeEventWatcher.java:onTimeout(47)) - RetriableDatanodeCommand type=deleteBlocksCommand with id=1567542408669 timed out. Retrying.
2019-09-03 20:27:01,718 [pool-7-thread-4] INFO  commands.RetriableDatanodeEventWatcher (RetriableDatanodeEventWatcher.java:onTimeout(47)) - RetriableDatanodeCommand type=deleteBlocksCommand with id=1567542408659 timed out. Retrying.
2019-09-03 20:27:01,718 [pool-7-thread-3] INFO  commands.RetriableDatanodeEventWatcher (RetriableDatanodeEventWatcher.java:onTimeout(47)) - RetriableDatanodeCommand type=deleteBlocksCommand with id=1567542408689 timed out. Retrying.
2019-09-03 20:27:01,718 [pool-7-thread-5] INFO  commands.RetriableDatanodeEventWatcher (RetriableDatanodeEventWatcher.java:onTimeout(47)) - RetriableDatanodeCommand type=deleteBlocksCommand with id=1567542408640 timed out. Retrying.
2019-09-03 20:27:01,719 [pool-7-thread-9] INFO  commands.RetriableDatanodeEventWatcher (RetriableDatanodeEventWatcher.java:onTimeout(47)) - RetriableDatanodeCommand type=deleteBlocksCommand with id=1567542408591 timed out. Retrying.
2019-09-03 20:27:01,719 [pool-7-thread-1] INFO  commands.RetriableDatanodeEventWatcher (RetriableDatanodeEventWatcher.java:onTimeout(47)) - RetriableDatanodeCommand type=deleteBlocksCommand with id=1567542408679 timed out. Retrying.
2019-09-03 20:27:01,719 [pool-7-thread-2] INFO  commands.RetriableDatanodeEventWatcher (RetriableDatanodeEventWatcher.java:onTimeout(47)) - RetriableDatanodeCommand type=deleteBlocksCommand with id=1567542408630 timed out. Retrying.
2019-09-03 20:27:01,719 [pool-7-thread-8] INFO  commands.RetriableDatanodeEventWatcher (RetriableDatanodeEventWatcher.java:onTimeout(47)) - RetriableDatanodeCommand type=deleteBlocksCommand with id=1567542408581 timed out. Retrying.
2019-09-03 20:27:01,721 [EventQueue-PendingDeleteStatusForPendingDeleteHandler] INFO  block.SCMBlockDeletingService (SCMBlockDeletingService.java:handlePendingDeletes(115)) - Block deletion txnID mismatch in datanode 81367453-3bf0-4298-8a83-8d5c3816df16 for containerID 1. Datanode delete txnID: 0, SCM txnID: 1
2019-09-03 20:27:01,721 [EventQueue-PendingDeleteStatusForPendingDeleteHandler] INFO  block.SCMBlockDeletingService (SCMBlockDeletingService.java:handlePendingDeletes(115)) - Block deletion txnID mismatch in datanode 81367453-3bf0-4298-8a83-8d5c3816df16 for containerID 2. Datanode delete txnID: 0, SCM txnID: 2
2019-09-03 20:27:01,721 [EventQueue-PendingDeleteStatusForPendingDeleteHandler] INFO  block.SCMBlockDeletingService (SCMBlockDeletingService.java:handlePendingDeletes(115)) - Block deletion txnID mismatch in datanode 81367453-3bf0-4298-8a83-8d5c3816df16 for containerID 3. Datanode delete txnID: 0, SCM txnID: 3
2019-09-03 20:27:01,725 [pool-7-thread-8] INFO  commands.RetriableDatanodeEventWatcher (RetriableDatanodeEventWatcher.java:onTimeout(47)) - RetriableDatanodeCommand type=deleteBlocksCommand with id=1567542408650 timed out. Retrying.
2019-09-03 20:27:01,727 [pool-7-thread-8] INFO  commands.RetriableDatanodeEventWatcher (RetriableDatanodeEventWatcher.java:onTimeout(47)) - RetriableDatanodeCommand type=deleteBlocksCommand with id=1567542408601 timed out. Retrying.
2019-09-03 20:27:01,734 [pool-7-thread-8] INFO  commands.RetriableDatanodeEventWatcher (RetriableDatanodeEventWatcher.java:onTimeout(47)) - RetriableDatanodeCommand type=deleteBlocksCommand with id=1567542408699 timed out. Retrying.
2019-09-03 20:27:01,736 [SCMBlockDeletingService#0] DEBUG block.SCMBlockDeletingService (SCMBlockDeletingService.java:call(138)) - Running DeletedBlockTransactionScanner
2019-09-03 20:27:01,737 [SCMBlockDeletingService#0] DEBUG block.SCMBlockDeletingService (SCMBlockDeletingService.java:call(155)) - Scanned deleted blocks log and got 3 delTX to process.
2019-09-03 20:27:01,737 [SCMBlockDeletingService#0] DEBUG block.SCMBlockDeletingService (SCMBlockDeletingService.java:call(171)) - Added delete block command for datanode 81367453-3bf0-4298-8a83-8d5c3816df16 in the queue, number of delete block transactions: 3, TxID list: 1,2,3
2019-09-03 20:27:01,737 [SCMBlockDeletingService#0] INFO  block.SCMBlockDeletingService (SCMBlockDeletingService.java:call(182)) - Totally added 3 delete blocks command for 1 datanodes, task elapsed time: 1ms
2019-09-03 20:27:01,745 [pool-7-thread-8] INFO  commands.RetriableDatanodeEventWatcher (RetriableDatanodeEventWatcher.java:onTimeout(47)) - RetriableDatanodeCommand type=deleteBlocksCommand with id=1567542408611 timed out. Retrying.
2019-09-03 20:27:01,759 [pool-7-thread-8] INFO  commands.RetriableDatanodeEventWatcher (RetriableDatanodeEventWatcher.java:onTimeout(47)) - RetriableDatanodeCommand type=deleteBlocksCommand with id=1567542408621 timed out. Retrying.
2019-09-03 20:27:01,771 [pool-7-thread-8] INFO  commands.RetriableDatanodeEventWatcher (RetriableDatanodeEventWatcher.java:onTimeout(47)) - RetriableDatanodeCommand type=deleteBlocksCommand with id=1567542408660 timed out. Retrying.
2019-09-03 20:27:01,776 [pool-7-thread-8] INFO  commands.RetriableDatanodeEventWatcher (RetriableDatanodeEventWatcher.java:onTimeout(47)) - RetriableDatanodeCommand type=deleteBlocksCommand with id=1567542408631 timed out. Retrying.
2019-09-03 20:27:01,788 [pool-7-thread-8] INFO  commands.RetriableDatanodeEventWatcher (RetriableDatanodeEventWatcher.java:onTimeout(47)) - RetriableDatanodeCommand type=deleteBlocksCommand with id=1567542408670 timed out. Retrying.
2019-09-03 20:27:01,793 [pool-7-thread-8] INFO  commands.RetriableDatanodeEventWatcher (RetriableDatanodeEventWatcher.java:onTimeout(47)) - RetriableDatanodeCommand type=deleteBlocksCommand with id=1567542408582 timed out. Retrying.
2019-09-03 20:27:01,803 [pool-7-thread-8] INFO  commands.RetriableDatanodeEventWatcher (RetriableDatanodeEventWatcher.java:onTimeout(47)) - RetriableDatanodeCommand type=deleteBlocksCommand with id=1567542408680 timed out. Retrying.
2019-09-03 20:27:01,809 [pool-7-thread-8] INFO  commands.RetriableDatanodeEventWatcher (RetriableDatanodeEventWatcher.java:onTimeout(47)) - RetriableDatanodeCommand type=deleteBlocksCommand with id=1567542408592 timed out. Retrying.
2019-09-03 20:27:01,809 [pool-7-thread-2] INFO  commands.RetriableDatanodeEventWatcher (RetriableDatanodeEventWatcher.java:onTimeout(47)) - RetriableDatanodeCommand type=deleteBlocksCommand with id=1567542408641 timed out. Retrying.
2019-09-03 20:27:01,818 [pool-7-thread-2] INFO  commands.RetriableDatanodeEventWatcher (RetriableDatanodeEventWatcher.java:onTimeout(47)) - RetriableDatanodeCommand type=deleteBlocksCommand with id=1567542408690 timed out. Retrying.
2019-09-03 20:27:01,829 [pool-7-thread-2] INFO  commands.RetriableDatanodeEventWatcher (RetriableDatanodeEventWatcher.java:onTimeout(47)) - RetriableDatanodeCommand type=deleteBlocksCommand with id=1567542408602 timed out. Retrying.
2019-09-03 20:27:01,835 [pool-7-thread-2] INFO  commands.RetriableDatanodeEventWatcher (RetriableDatanodeEventWatcher.java:onTimeout(47)) - RetriableDatanodeCommand type=deleteBlocksCommand with id=1567542408700 timed out. Retrying.
2019-09-03 20:27:01,837 [SCMBlockDeletingService#0] DEBUG block.SCMBlockDeletingService (SCMBlockDeletingService.java:call(138)) - Running DeletedBlockTransactionScanner
2019-09-03 20:27:01,838 [SCMBlockDeletingService#0] DEBUG block.SCMBlockDeletingService (SCMBlockDeletingService.java:call(155)) - Scanned deleted blocks log and got 3 delTX to process.
2019-09-03 20:27:01,838 [SCMBlockDeletingService#0] DEBUG block.SCMBlockDeletingService (SCMBlockDeletingService.java:call(171)) - Added delete block command for datanode 81367453-3bf0-4298-8a83-8d5c3816df16 in the queue, number of delete block transactions: 3, TxID list: 1,2,3
2019-09-03 20:27:01,838 [SCMBlockDeletingService#0] INFO  block.SCMBlockDeletingService (SCMBlockDeletingService.java:call(182)) - Totally added 3 delete blocks command for 1 datanodes, task elapsed time: 1ms
2019-09-03 20:27:01,846 [pool-7-thread-2] INFO  commands.RetriableDatanodeEventWatcher (RetriableDatanodeEventWatcher.java:onTimeout(47)) - RetriableDatanodeCommand type=deleteBlocksCommand with id=1567542408612 timed out. Retrying.
2019-09-03 20:27:01,856 [pool-7-thread-2] INFO  commands.RetriableDatanodeEventWatcher (RetriableDatanodeEventWatcher.java:onTimeout(47)) - RetriableDatanodeCommand type=deleteBlocksCommand with id=1567542408651 timed out. Retrying.
2019-09-03 20:27:01,862 [pool-7-thread-2] INFO  commands.RetriableDatanodeEventWatcher (RetriableDatanodeEventWatcher.java:onTimeout(47)) - RetriableDatanodeCommand type=deleteBlocksCommand with id=1567542408622 timed out. Retrying.
2019-09-03 20:27:01,874 [pool-7-thread-2] INFO  commands.RetriableDatanodeEventWatcher (RetriableDatanodeEventWatcher.java:onTimeout(47)) - RetriableDatanodeCommand type=deleteBlocksCommand with id=1567542408661 timed out. Retrying.
2019-09-03 20:27:01,877 [pool-7-thread-2] INFO  commands.RetriableDatanodeEventWatcher (RetriableDatanodeEventWatcher.java:onTimeout(47)) - RetriableDatanodeCommand type=deleteBlocksCommand with id=1567542408632 timed out. Retrying.
2019-09-03 20:27:01,890 [pool-7-thread-2] INFO  commands.RetriableDatanodeEventWatcher (RetriableDatanodeEventWatcher.java:onTimeout(47)) - RetriableDatanodeCommand type=deleteBlocksCommand with id=1567542408671 timed out. Retrying.
2019-09-03 20:27:01,894 [pool-7-thread-2] INFO  commands.RetriableDatanodeEventWatcher (RetriableDatanodeEventWatcher.java:onTimeout(47)) - RetriableDatanodeCommand type=deleteBlocksCommand with id=1567542408583 timed out. Retrying.
2019-09-03 20:27:01,907 [pool-7-thread-2] INFO  commands.RetriableDatanodeEventWatcher (FollowerState.java:run(106)) - 81367453-3bf0-4298-8a83-8d5c3816df16:group-F6EC397515C5 changes to CANDIDATE, lastRpcTime:5101, electionTimeout:5101ms
2019-09-03 20:27:01,907 [Thread-4620] INFO  impl.RoleInfo (RetriableDatanodeEventWatcher.java:onTimeout(47)) - RetriableDatanodeCommand type=deleteBlocksCommand with id=1567542408681 timed out. Retrying.
RoleInfo.java:shutdownFollowerState(121)) - 81367453-3bf0-4298-8a83-8d5c3816df16: shutdown FollowerState
2019-09-03 20:27:01,907 [pool-7-thread-2] INFO  commands.RetriableDatanodeEventWatcher (RetriableDatanodeEventWatcher.java:onTimeout(47)) - RetriableDatanodeCommand type=deleteBlocksCommand with id=1567542408681 timed out. Retrying.
2019-09-03 20:27:01,908 [Thread-4620] INFO  impl.RaftServerImpl (RaftServerImpl.java:setRole(171)) - 81367453-3bf0-4298-8a83-8d5c3816df16:group-F6EC397515C5 changes role from FOLLOWER to CANDIDATE at term 1 for changeToCandidate
2019-09-03 20:27:01,908 [Thread-4620] INFO  impl.RoleInfo (RoleInfo.java:updateAndGet(143)) - 81367453-3bf0-4298-8a83-8d5c3816df16: start LeaderElection
2019-09-03 20:27:01,913 [pool-7-thread-2] INFO  commands.RetriableDatanodeEventWatcher (RetriableDatanodeEventWatcher.java:onTimeout(47)) - RetriableDatanodeCommand type=deleteBlocksCommand with id=1567542408593 timed out. Retrying.
2019-09-03 20:27:01,914 [pool-7-thread-8] INFO  commands.RetriableDatanodeEventWatcher (RetriableDatanodeEventWatcher.java:onTimeout(47)) - RetriableDatanodeCommand type=deleteBlocksCommand with id=1567542408642 timed out. Retrying.
2019-09-03 20:27:01,920 [EventQueue-PendingDeleteStatusForPendingDeleteHandler] INFO  block.SCMBlockDeletingService (SCMBlockDeletingService.java:handlePendingDeletes(115)) - Block deletion txnID mismatch in datanode 81367453-3bf0-4298-8a83-8d5c3816df16 for containerID 1. Datanode delete txnID: 0, SCM txnID: 1
2019-09-03 20:27:01,920 [EventQueue-PendingDeleteStatusForPendingDeleteHandler] INFO  block.SCMBlockDeletingService (SCMBlockDeletingService.java:handlePendingDeletes(115)) - Block deletion txnID mismatch in datanode 81367453-3bf0-4298-8a83-8d5c3816df16 for containerID 2. Datanode delete txnID: 0, SCM txnID: 2
2019-09-03 20:27:01,920 [EventQueue-PendingDeleteStatusForPendingDeleteHandler] INFO  block.SCMBlockDeletingService (SCMBlockDeletingService.java:handlePendingDeletes(115)) - Block deletion txnID mismatch in datanode 81367453-3bf0-4298-8a83-8d5c3816df16 for containerID 3. Datanode delete txnID: 0, SCM txnID: 3
2019-09-03 20:27:01,922 [pool-7-thread-8] INFO  commands.RetriableDatanodeEventWatcher (RetriableDatanodeEventWatcher.java:onTimeout(47)) - RetriableDatanodeCommand type=deleteBlocksCommand with id=1567542408691 timed out. Retrying.
2019-09-03 20:27:01,929 [pool-7-thread-8] INFO  commands.RetriableDatanodeEventWatcher (RetriableDatanodeEventWatcher.java:onTimeout(47)) - RetriableDatanodeCommand type=deleteBlocksCommand with id=1567542408603 timed out. Retrying.
2019-09-03 20:27:01,938 [pool-7-thread-8] INFO  commands.RetriableDatanodeEventWatcher (RetriableDatanodeEventWatcher.java:onTimeout(47)) - RetriableDatanodeCommand type=deleteBlocksCommand with id=1567542408701 timed out. Retrying.
2019-09-03 20:27:01,939 [SCMBlockDeletingService#0] DEBUG block.SCMBlockDeletingService (SCMBlockDeletingService.java:call(138)) - Running DeletedBlockTransactionScanner
2019-09-03 20:27:01,939 [SCMBlockDeletingService#0] DEBUG block.SCMBlockDeletingService (SCMBlockDeletingService.java:call(155)) - Scanned deleted blocks log and got 3 delTX to process.
2019-09-03 20:27:01,940 [SCMBlockDeletingService#0] DEBUG block.SCMBlockDeletingService (SCMBlockDeletingService.java:call(171)) - Added delete block command for datanode 81367453-3bf0-4298-8a83-8d5c3816df16 in the queue, number of delete block transactions: 3, TxID list: 1,2,3
2019-09-03 20:27:01,940 [IPC Server handler 10 on 43589] WARN  ipc.Server (Server.java:setupResponse(2950)) - Large response size 4212506 for call Call#2001 Retry#0 org.apache.hadoop.ozone.protocol.StorageContainerDatanodeProtocol.sendHeartbeat from 192.168.36.111:38698
2019-09-03 20:27:01,940 [SCMBlockDeletingService#0] INFO  block.SCMBlockDeletingService (SCMBlockDeletingService.java:call(182)) - Totally added 3 delete blocks command for 1 datanodes, task elapsed time: 2ms
2019-09-03 20:27:01,941 [IPC Server handler 10 on 43589] WARN  ipc.Server (Server.java:processResponse(1523)) - IPC Server handler 10 on 43589, call Call#2001 Retry#0 org.apache.hadoop.ozone.protocol.StorageContainerDatanodeProtocol.sendHeartbeat from 192.168.36.111:38698: output error
2019-09-03 20:27:01,941 [IPC Server handler 10 on 43589] INFO  ipc.Server (Server.java:run(2695)) - IPC Server handler 10 on 43589 caught an exception
java.nio.channels.ClosedChannelException
	at sun.nio.ch.SocketChannelImpl.ensureWriteOpen(SocketChannelImpl.java:270)
	at sun.nio.ch.SocketChannelImpl.write(SocketChannelImpl.java:461)
	at org.apache.hadoop.ipc.Server.channelIO(Server.java:3298)
	at org.apache.hadoop.ipc.Server.channelWrite(Server.java:3250)
	at org.apache.hadoop.ipc.Server.access$1700(Server.java:137)
	at org.apache.hadoop.ipc.Server$Responder.processResponse(Server.java:1473)
	at org.apache.hadoop.ipc.Server$Responder.doRespond(Server.java:1543)
	at org.apache.hadoop.ipc.Server$Connection.sendResponse(Server.java:2593)
	at org.apache.hadoop.ipc.Server$Connection.access$300(Server.java:1615)
	at org.apache.hadoop.ipc.Server$RpcCall.doResponse(Server.java:940)
	at org.apache.hadoop.ipc.Server$Call.sendResponse(Server.java:774)
	at org.apache.hadoop.ipc.Server$RpcCall.run(Server.java:885)
	at org.apache.hadoop.ipc.Server$RpcCall.run(Server.java:822)
	at java.security.AccessController.doPrivileged(Native Method)
	at javax.security.auth.Subject.doAs(Subject.java:422)
	at org.apache.hadoop.security.UserGroupInformation.doAs(UserGroupInformation.java:1730)
	at org.apache.hadoop.ipc.Server$Handler.run(Server.java:2682)
2019-09-03 20:27:01,949 [pool-7-thread-8] INFO  commands.RetriableDatanodeEventWatcher (RetriableDatanodeEventWatcher.java:onTimeout(47)) - RetriableDatanodeCommand type=deleteBlocksCommand with id=1567542408613 timed out. Retrying.
2019-09-03 20:27:01,958 [pool-7-thread-8] INFO  commands.RetriableDatanodeEventWatcher (RetriableDatanodeEventWatcher.java:onTimeout(47)) - RetriableDatanodeCommand type=deleteBlocksCommand with id=1567542408652 timed out. Retrying.
2019-09-03 20:27:01,962 [pool-7-thread-8] INFO  commands.RetriableDatanodeEventWatcher (RetriableDatanodeEventWatcher.java:onTimeout(47)) - RetriableDatanodeCommand type=deleteBlocksCommand with id=1567542408623 timed out. Retrying.
2019-09-03 20:27:01,977 [pool-7-thread-8] INFO  commands.RetriableDatanodeEventWatcher (RetriableDatanodeEventWatcher.java:onTimeout(47)) - RetriableDatanodeCommand type=deleteBlocksCommand with id=1567542408662 timed out. Retrying.
2019-09-03 20:27:01,979 [pool-7-thread-8] INFO  commands.RetriableDatanodeEventWatcher (RetriableDatanodeEventWatcher.java:onTimeout(47)) - RetriableDatanodeCommand type=deleteBlocksCommand with id=1567542408633 timed out. Retrying.
2019-09-03 20:27:01,990 [pool-7-thread-8] INFO  commands.RetriableDatanodeEventWatcher (RetriableDatanodeEventWatcher.java:onTimeout(47)) - RetriableDatanodeCommand type=deleteBlocksCommand with id=1567542408672 timed out. Retrying.
2019-09-03 20:27:01,999 [pool-7-thread-8] INFO  commands.RetriableDatanodeEventWatcher (RetriableDatanodeEventWatcher.java:onTimeout(47)) - RetriableDatanodeCommand type=deleteBlocksCommand with id=1567542408584 timed out. Retrying.
2019-09-03 20:27:02,006 [pool-7-thread-8] INFO  commands.RetriableDatanodeEventWatcher (RetriableDatanodeEventWatcher.java:onTimeout(47)) - RetriableDatanodeCommand type=deleteBlocksCommand with id=1567542408682 timed out. Retrying.
2019-09-03 20:27:02,012 [pool-7-thread-8] INFO  commands.RetriableDatanodeEventWatcher (RetriableDatanodeEventWatcher.java:onTimeout(47)) - RetriableDatanodeCommand type=deleteBlocksCommand with id=1567542408594 timed out. Retrying.
2019-09-03 20:27:02,012 [pool-7-thread-2] INFO  commands.RetriableDatanodeEventWatcher (RetriableDatanodeEventWatcher.java:onTimeout(47)) - RetriableDatanodeCommand type=deleteBlocksCommand with id=1567542408643 timed out. Retrying.
2019-09-03 20:27:02,023 [pool-7-thread-2] INFO  commands.RetriableDatanodeEventWatcher (RetriableDatanodeEventWatcher.java:onTimeout(47)) - RetriableDatanodeCommand type=deleteBlocksCommand with id=1567542408692 timed out. Retrying.
2019-09-03 20:27:02,032 [pool-7-thread-2] INFO  commands.RetriableDatanodeEventWatcher (RetriableDatanodeEventWatcher.java:onTimeout(47)) - RetriableDatanodeCommand type=deleteBlocksCommand with id=1567542408604 timed out. Retrying.
2019-09-03 20:27:02,040 [pool-7-thread-2] INFO  commands.RetriableDatanodeEventWatcher (RetriableDatanodeEventWatcher.java:onTimeout(47)) - RetriableDatanodeCommand type=deleteBlocksCommand with id=1567542408702 timed out. Retrying.
2019-09-03 20:27:02,041 [SCMBlockDeletingService#0] DEBUG block.SCMBlockDeletingService (SCMBlockDeletingService.java:call(138)) - Running DeletedBlockTransactionScanner
2019-09-03 20:27:02,041 [SCMBlockDeletingService#0] DEBUG block.SCMBlockDeletingService (SCMBlockDeletingService.java:call(155)) - Scanned deleted blocks log and got 3 delTX to process.
2019-09-03 20:27:02,041 [SCMBlockDeletingService#0] DEBUG block.SCMBlockDeletingService (SCMBlockDeletingService.java:call(171)) - Added delete block command for datanode 81367453-3bf0-4298-8a83-8d5c3816df16 in the queue, number of delete block transactions: 3, TxID list: 1,2,3
2019-09-03 20:27:02,042 [SCMBlockDeletingService#0] INFO  block.SCMBlockDeletingService (SCMBlockDeletingService.java:call(182)) - Totally added 3 delete blocks command for 1 datanodes, task elapsed time: 1ms
2019-09-03 20:27:02,046 [pool-7-thread-2] INFO  commands.RetriableDatanodeEventWatcher (RetriableDatanodeEventWatcher.java:onTimeout(47)) - RetriableDatanodeCommand type=deleteBlocksCommand with id=1567542408614 timed out. Retrying.
2019-09-03 20:27:02,062 [pool-7-thread-2] INFO  commands.RetriableDatanodeEventWatcher (RetriableDatanodeEventWatcher.java:onTimeout(47)) - RetriableDatanodeCommand type=deleteBlocksCommand with id=1567542408653 timed out. Retrying.
2019-09-03 20:27:02,067 [pool-7-thread-2] INFO  commands.RetriableDatanodeEventWatcher (RetriableDatanodeEventWatcher.java:onTimeout(47)) - RetriableDatanodeCommand type=deleteBlocksCommand with id=1567542408624 timed out. Retrying.
2019-09-03 20:27:02,078 [pool-7-thread-2] INFO  commands.RetriableDatanodeEventWatcher (RetriableDatanodeEventWatcher.java:onTimeout(47)) - RetriableDatanodeCommand type=deleteBlocksCommand with id=1567542408663 timed out. Retrying.
2019-09-03 20:27:02,082 [pool-7-thread-2] INFO  commands.RetriableDatanodeEventWatcher (RetriableDatanodeEventWatcher.java:onTimeout(47)) - RetriableDatanodeCommand type=deleteBlocksCommand with id=1567542408634 timed out. Retrying.
2019-09-03 20:27:02,092 [pool-7-thread-2] INFO  commands.RetriableDatanodeEventWatcher (RetriableDatanodeEventWatcher.java:onTimeout(47)) - RetriableDatanodeCommand type=deleteBlocksCommand with id=1567542408673 timed out. Retrying.
2019-09-03 20:27:02,099 [pool-7-thread-2] INFO  commands.RetriableDatanodeEventWatcher (RetriableDatanodeEventWatcher.java:onTimeout(47)) - RetriableDatanodeCommand type=deleteBlocksCommand with id=1567542408585 timed out. Retrying.
2019-09-03 20:27:02,108 [pool-7-thread-2] INFO  commands.RetriableDatanodeEventWatcher (RetriableDatanodeEventWatcher.java:onTimeout(47)) - RetriableDatanodeCommand type=deleteBlocksCommand with id=1567542408683 timed out. Retrying.
2019-09-03 20:27:02,113 [pool-7-thread-2] INFO  commands.RetriableDatanodeEventWatcher (RetriableDatanodeEventWatcher.java:onTimeout(47)) - RetriableDatanodeCommand type=deleteBlocksCommand with id=1567542408595 timed out. Retrying.
2019-09-03 20:27:02,116 [pool-7-thread-2] INFO  commands.RetriableDatanodeEventWatcher (RetriableDatanodeEventWatcher.java:onTimeout(47)) - RetriableDatanodeCommand type=deleteBlocksCommand with id=1567542408644 timed out. Retrying.
2019-09-03 20:27:02,123 [pool-7-thread-2] INFO  commands.RetriableDatanodeEventWatcher (RetriableDatanodeEventWatcher.java:onTimeout(47)) - RetriableDatanodeCommand type=deleteBlocksCommand with id=1567542408693 timed out. Retrying.
2019-09-03 20:27:02,133 [pool-7-thread-2] INFO  commands.RetriableDatanodeEventWatcher (RetriableDatanodeEventWatcher.java:onTimeout(47)) - RetriableDatanodeCommand type=deleteBlocksCommand with id=1567542408605 timed out. Retrying.
2019-09-03 20:27:02,142 [SCMBlockDeletingService#0] DEBUG block.SCMBlockDeletingService (SCMBlockDeletingService.java:call(138)) - Running DeletedBlockTransactionScanner
2019-09-03 20:27:02,143 [SCMBlockDeletingService#0] DEBUG block.SCMBlockDeletingService (SCMBlockDeletingService.java:call(155)) - Scanned deleted blocks log and got 3 delTX to process.
2019-09-03 20:27:02,143 [SCMBlockDeletingService#0] DEBUG block.SCMBlockDeletingService (SCMBlockDeletingService.java:call(171)) - Added delete block command for datanode 81367453-3bf0-4298-8a83-8d5c3816df16 in the queue, number of delete block transactions: 3, TxID list: 1,2,3
2019-09-03 20:27:02,143 [SCMBlockDeletingService#0] INFO  block.SCMBlockDeletingService (SCMBlockDeletingService.java:call(182)) - Totally added 3 delete blocks command for 1 datanodes, task elapsed time: 2ms
2019-09-03 20:27:02,230 [pool-7-thread-2] INFO  commands.RetriableDatanodeEventWatcher (RetriableDatanodeEventWatcher.java:onTimeout(47)) - RetriableDatanodeCommand type=deleteBlocksCommand with id=1567542408615 timed out. Retrying.
2019-09-03 20:27:02,230 [pool-7-thread-10] INFO  commands.RetriableDatanodeEventWatcher (RetriableDatanodeEventWatcher.java:onTimeout(47)) - RetriableDatanodeCommand type=deleteBlocksCommand with id=1567542408645 timed out. Retrying.
2019-09-03 20:27:02,231 [pool-7-thread-11] INFO  commands.RetriableDatanodeEventWatcher (RetriableDatanodeEventWatcher.java:onTimeout(47)) - RetriableDatanodeCommand type=deleteBlocksCommand with id=1567542408654 timed out. Retrying.
2019-09-03 20:27:02,231 [pool-7-thread-3] INFO  commands.RetriableDatanodeEventWatcher (RetriableDatanodeEventWatcher.java:onTimeout(47)) - RetriableDatanodeCommand type=deleteBlocksCommand with id=1567542408674 timed out. Retrying.
2019-09-03 20:27:02,231 [pool-7-thread-6] INFO  commands.RetriableDatanodeEventWatcher (RetriableDatanodeEventWatcher.java:onTimeout(47)) - RetriableDatanodeCommand type=deleteBlocksCommand with id=1567542408694 timed out. Retrying.
2019-09-03 20:27:02,231 [pool-7-thread-4] INFO  commands.RetriableDatanodeEventWatcher (RetriableDatanodeEventWatcher.java:onTimeout(47)) - RetriableDatanodeCommand type=deleteBlocksCommand with id=1567542408684 timed out. Retrying.
2019-09-03 20:27:02,231 [pool-7-thread-5] INFO  commands.RetriableDatanodeEventWatcher (RetriableDatanodeEventWatcher.java:onTimeout(47)) - RetriableDatanodeCommand type=deleteBlocksCommand with id=1567542408596 timed out. Retrying.
2019-09-03 20:27:02,232 [pool-7-thread-1] INFO  commands.RetriableDatanodeEventWatcher (RetriableDatanodeEventWatcher.java:onTimeout(47)) - RetriableDatanodeCommand type=deleteBlocksCommand with id=1567542408635 timed out. Retrying.
2019-09-03 20:27:02,232 [pool-7-thread-8] INFO  commands.RetriableDatanodeEventWatcher (RetriableDatanodeEventWatcher.java:onTimeout(47)) - RetriableDatanodeCommand type=deleteBlocksCommand with id=1567542408625 timed out. Retrying.
2019-09-03 20:27:02,232 [pool-7-thread-7] INFO  commands.RetriableDatanodeEventWatcher (RetriableDatanodeEventWatcher.java:onTimeout(47)) - RetriableDatanodeCommand type=deleteBlocksCommand with id=1567542408703 timed out. Retrying.
2019-09-03 20:27:02,232 [pool-7-thread-9] INFO  commands.RetriableDatanodeEventWatcher (RetriableDatanodeEventWatcher.java:onTimeout(47)) - RetriableDatanodeCommand type=deleteBlocksCommand with id=1567542408586 timed out. Retrying.
2019-09-03 20:27:02,232 [pool-7-thread-12] INFO  commands.RetriableDatanodeEventWatcher (RetriableDatanodeEventWatcher.java:onTimeout(47)) - RetriableDatanodeCommand type=deleteBlocksCommand with id=1567542408664 timed out. Retrying.
2019-09-03 20:27:02,234 [pool-7-thread-12] INFO  commands.RetriableDatanodeEventWatcher (RetriableDatanodeEventWatcher.java:onTimeout(47)) - RetriableDatanodeCommand type=deleteBlocksCommand with id=1567542408606 timed out. Retrying.
2019-09-03 20:27:02,244 [SCMBlockDeletingService#0] DEBUG block.SCMBlockDeletingService (SCMBlockDeletingService.java:call(138)) - Running DeletedBlockTransactionScanner
2019-09-03 20:27:02,244 [SCMBlockDeletingService#0] DEBUG block.SCMBlockDeletingService (SCMBlockDeletingService.java:call(155)) - Scanned deleted blocks log and got 3 delTX to process.
2019-09-03 20:27:02,244 [SCMBlockDeletingService#0] DEBUG block.SCMBlockDeletingService (SCMBlockDeletingService.java:call(171)) - Added delete block command for datanode 81367453-3bf0-4298-8a83-8d5c3816df16 in the queue, number of delete block transactions: 3, TxID list: 1,2,3
2019-09-03 20:27:02,244 [SCMBlockDeletingService#0] INFO  block.SCMBlockDeletingService (SCMBlockDeletingService.java:call(182)) - Totally added 3 delete blocks command for 1 datanodes, task elapsed time: 1ms
2019-09-03 20:27:02,252 [pool-7-thread-12] INFO  commands.RetriableDatanodeEventWatcher (RetriableDatanodeEventWatcher.java:onTimeout(47)) - RetriableDatanodeCommand type=deleteBlocksCommand with id=1567542408616 timed out. Retrying.
2019-09-03 20:27:02,264 [pool-7-thread-12] INFO  commands.RetriableDatanodeEventWatcher (RetriableDatanodeEventWatcher.java:onTimeout(47)) - RetriableDatanodeCommand type=deleteBlocksCommand with id=1567542408655 timed out. Retrying.
2019-09-03 20:27:02,269 [pool-7-thread-12] INFO  commands.RetriableDatanodeEventWatcher (RetriableDatanodeEventWatcher.java:onTimeout(47)) - RetriableDatanodeCommand type=deleteBlocksCommand with id=1567542408626 timed out. Retrying.
2019-09-03 20:27:02,279 [pool-7-thread-12] INFO  commands.RetriableDatanodeEventWatcher (RetriableDatanodeEventWatcher.java:onTimeout(47)) - RetriableDatanodeCommand type=deleteBlocksCommand with id=1567542408665 timed out. Retrying.
2019-09-03 20:27:02,286 [pool-7-thread-12] INFO  commands.RetriableDatanodeEventWatcher (RetriableDatanodeEventWatcher.java:onTimeout(47)) - RetriableDatanodeCommand type=deleteBlocksCommand with id=1567542408636 timed out. Retrying.
2019-09-03 20:27:02,296 [pool-7-thread-12] INFO  commands.RetriableDatanodeEventWatcher (RetriableDatanodeEventWatcher.java:onTimeout(47)) - RetriableDatanodeCommand type=deleteBlocksCommand with id=1567542408675 timed out. Retrying.
2019-09-03 20:27:02,301 [pool-7-thread-12] INFO  commands.RetriableDatanodeEventWatcher (RetriableDatanodeEventWatcher.java:onTimeout(47)) - RetriableDatanodeCommand type=deleteBlocksCommand with id=1567542408587 timed out. Retrying.
2019-09-03 20:27:02,313 [pool-7-thread-12] INFO  commands.RetriableDatanodeEventWatcher (RetriableDatanodeEventWatcher.java:onTimeout(47)) - RetriableDatanodeCommand type=deleteBlocksCommand with id=1567542408685 timed out. Retrying.
2019-09-03 20:27:02,319 [pool-7-thread-9] INFO  commands.RetriableDatanodeEventWatcher (RetriableDatanodeEventWatcher.java:onTimeout(47)) - RetriableDatanodeCommand type=deleteBlocksCommand with id=1567542408646 timed out. Retrying.
2019-09-03 20:27:02,319 [pool-7-thread-12] INFO  commands.RetriableDatanodeEventWatcher (SCMBlockDeletingService.java:handlePendingDeletes(115)) - Block deletion txnID mismatch in datanode 81367453-3bf0-4298-8a83-8d5c3816df16 for containerID 1. Datanode delete txnID: 0, SCM txnID: 1
2019-09-03 20:27:02,319 [pool-7-thread-12] INFO  commands.RetriableDatanodeEventWatcher (RetriableDatanodeEventWatcher.java:onTimeout(47)) - RetriableDatanodeCommand type=deleteBlocksCommand with id=1567542408597 timed out. Retrying.
2019-09-03 20:27:02,320 [EventQueue-PendingDeleteStatusForPendingDeleteHandler] INFO  block.SCMBlockDeletingService (SCMBlockDeletingService.java:handlePendingDeletes(115)) - Block deletion txnID mismatch in datanode 81367453-3bf0-4298-8a83-8d5c3816df16 for containerID 2. Datanode delete txnID: 0, SCM txnID: 2
2019-09-03 20:27:02,320 [EventQueue-PendingDeleteStatusForPendingDeleteHandler] INFO  block.SCMBlockDeletingService (SCMBlockDeletingService.java:handlePendingDeletes(115)) - Block deletion txnID mismatch in datanode 81367453-3bf0-4298-8a83-8d5c3816df16 for containerID 3. Datanode delete txnID: 0, SCM txnID: 3
2019-09-03 20:27:02,329 [pool-7-thread-12] INFO  commands.RetriableDatanodeEventWatcher (RetriableDatanodeEventWatcher.java:onTimeout(47)) - RetriableDatanodeCommand type=deleteBlocksCommand with id=1567542408695 timed out. Retrying.
2019-09-03 20:27:02,331 [pool-7-thread-12] INFO  commands.RetriableDatanodeEventWatcher (RetriableDatanodeEventWatcher.java:onTimeout(47)) - RetriableDatanodeCommand type=deleteBlocksCommand with id=1567542408704 timed out. Retrying.
2019-09-03 20:27:02,333 [pool-7-thread-12] INFO  commands.RetriableDatanodeEventWatcher (RetriableDatanodeEventWatcher.java:onTimeout(47)) - RetriableDatanodeCommand type=deleteBlocksCommand with id=1567542408607 timed out. Retrying.
2019-09-03 20:27:02,345 [SCMBlockDeletingService#0] DEBUG block.SCMBlockDeletingService (SCMBlockDeletingService.java:call(138)) - Running DeletedBlockTransactionScanner
2019-09-03 20:27:02,345 [SCMBlockDeletingService#0] DEBUG block.SCMBlockDeletingService (SCMBlockDeletingService.java:call(155)) - Scanned deleted blocks log and got 3 delTX to process.
2019-09-03 20:27:02,345 [SCMBlockDeletingService#0] DEBUG block.SCMBlockDeletingService (SCMBlockDeletingService.java:call(171)) - Added delete block command for datanode 81367453-3bf0-4298-8a83-8d5c3816df16 in the queue, number of delete block transactions: 3, TxID list: 1,2,3
2019-09-03 20:27:02,346 [SCMBlockDeletingService#0] INFO  block.SCMBlockDeletingService (SCMBlockDeletingService.java:call(182)) - Totally added 3 delete blocks command for 1 datanodes, task elapsed time: 1ms
2019-09-03 20:27:02,355 [pool-7-thread-12] INFO  commands.RetriableDatanodeEventWatcher (RetriableDatanodeEventWatcher.java:onTimeout(47)) - RetriableDatanodeCommand type=deleteBlocksCommand with id=1567542408617 timed out. Retrying.
2019-09-03 20:27:02,363 [pool-7-thread-12] INFO  commands.RetriableDatanodeEventWatcher (RetriableDatanodeEventWatcher.java:onTimeout(47)) - RetriableDatanodeCommand type=deleteBlocksCommand with id=1567542408656 timed out. Retrying.
2019-09-03 20:27:02,370 [pool-7-thread-12] INFO  commands.RetriableDatanodeEventWatcher (RetriableDatanodeEventWatcher.java:onTimeout(47)) - RetriableDatanodeCommand type=deleteBlocksCommand with id=1567542408627 timed out. Retrying.
2019-09-03 20:27:02,382 [pool-7-thread-12] INFO  commands.RetriableDatanodeEventWatcher (RetriableDatanodeEventWatcher.java:onTimeout(47)) - RetriableDatanodeCommand type=deleteBlocksCommand with id=1567542408666 timed out. Retrying.
2019-09-03 20:27:02,397 [pool-7-thread-12] INFO  commands.RetriableDatanodeEventWatcher (RetriableDatanodeEventWatcher.java:onTimeout(47)) - RetriableDatanodeCommand type=deleteBlocksCommand with id=1567542408676 timed out. Retrying.
2019-09-03 20:27:02,405 [pool-7-thread-9] INFO  commands.RetriableDatanodeEventWatcher (RetriableDatanodeEventWatcher.java:onTimeout(47)) - RetriableDatanodeCommand type=deleteBlocksCommand with id=1567542408588 timed out. Retrying.
2019-09-03 20:27:02,405 [pool-7-thread-12] INFO  commands.RetriableDatanodeEventWatcher (RetriableDatanodeEventWatcher.java:onTimeout(47)) - RetriableDatanodeCommand type=deleteBlocksCommand with id=1567542408637 timed out. Retrying.
2019-09-03 20:27:02,413 [pool-7-thread-12] INFO  commands.RetriableDatanodeEventWatcher (RetriableDatanodeEventWatcher.java:onTimeout(47)) - RetriableDatanodeCommand type=deleteBlocksCommand with id=1567542408686 timed out. Retrying.
2019-09-03 20:27:02,420 [pool-7-thread-12] INFO  commands.RetriableDatanodeEventWatcher (RetriableDatanodeEventWatcher.java:onTimeout(47)) - RetriableDatanodeCommand type=deleteBlocksCommand with id=1567542408598 timed out. Retrying.
2019-09-03 20:27:02,420 [pool-7-thread-12] INFO  commands.RetriableDatanodeEventWatcher (RetriableDatanodeEventWatcher.java:onTimeout(47)) - RetriableDatanodeCommand type=deleteBlocksCommand with id=1567542408647 timed out. Retrying.
2019-09-03 20:27:02,429 [pool-7-thread-12] INFO  commands.RetriableDatanodeEventWatcher (RetriableDatanodeEventWatcher.java:onTimeout(47)) - RetriableDatanodeCommand type=deleteBlocksCommand with id=1567542408696 timed out. Retrying.
2019-09-03 20:27:02,433 [pool-7-thread-12] INFO  commands.RetriableDatanodeEventWatcher (RetriableDatanodeEventWatcher.java:onTimeout(47)) - RetriableDatanodeCommand type=deleteBlocksCommand with id=1567542408705 timed out. Retrying.
2019-09-03 20:27:02,438 [pool-7-thread-12] INFO  commands.RetriableDatanodeEventWatcher (RetriableDatanodeEventWatcher.java:onTimeout(47)) - RetriableDatanodeCommand type=deleteBlocksCommand with id=1567542408608 timed out. Retrying.
2019-09-03 20:27:02,446 [SCMBlockDeletingService#0] DEBUG block.SCMBlockDeletingService (SCMBlockDeletingService.java:call(138)) - Running DeletedBlockTransactionScanner
2019-09-03 20:27:02,447 [SCMBlockDeletingService#0] DEBUG block.SCMBlockDeletingService (SCMBlockDeletingService.java:call(155)) - Scanned deleted blocks log and got 3 delTX to process.
2019-09-03 20:27:02,447 [SCMBlockDeletingService#0] DEBUG block.SCMBlockDeletingService (SCMBlockDeletingService.java:call(171)) - Added delete block command for datanode 81367453-3bf0-4298-8a83-8d5c3816df16 in the queue, number of delete block transactions: 3, TxID list: 1,2,3
2019-09-03 20:27:02,447 [SCMBlockDeletingService#0] INFO  block.SCMBlockDeletingService (SCMBlockDeletingService.java:call(182)) - Totally added 3 delete blocks command for 1 datanodes, task elapsed time: 1ms
2019-09-03 20:27:02,456 [pool-7-thread-12] INFO  commands.RetriableDatanodeEventWatcher (RetriableDatanodeEventWatcher.java:onTimeout(47)) - RetriableDatanodeCommand type=deleteBlocksCommand with id=1567542408618 timed out. Retrying.
2019-09-03 20:27:02,466 [pool-7-thread-12] INFO  commands.RetriableDatanodeEventWatcher (RetriableDatanodeEventWatcher.java:onTimeout(47)) - RetriableDatanodeCommand type=deleteBlocksCommand with id=1567542408657 timed out. Retrying.
2019-09-03 20:27:02,471 [pool-7-thread-12] INFO  commands.RetriableDatanodeEventWatcher (RetriableDatanodeEventWatcher.java:onTimeout(47)) - RetriableDatanodeCommand type=deleteBlocksCommand with id=1567542408628 timed out. Retrying.
2019-09-03 20:27:02,471 [Command processor thread] INFO  commandhandler.DeleteBlocksCommandHandler (DeleteBlocksCommandHandler.java:handle(106)) - Start to delete container blocks, TXIDs=[1(0),2(0),3(0)], numOfContainers=3, numOfBlocks=553
2019-09-03 20:27:02,487 [pool-7-thread-12] INFO  commands.RetriableDatanodeEventWatcher (RetriableDatanodeEventWatcher.java:onTimeout(47)) - RetriableDatanodeCommand type=deleteBlocksCommand with id=1567542408667 timed out. Retrying.
2019-09-03 20:27:02,498 [pool-7-thread-12] INFO  commands.RetriableDatanodeEventWatcher (RetriableDatanodeEventWatcher.java:onTimeout(47)) - RetriableDatanodeCommand type=deleteBlocksCommand with id=1567542408677 timed out. Retrying.
2019-09-03 20:27:02,505 [pool-7-thread-9] INFO  commands.RetriableDatanodeEventWatcher (RetriableDatanodeEventWatcher.java:onTimeout(47)) - RetriableDatanodeCommand type=deleteBlocksCommand with id=1567542408589 timed out. Retrying.
2019-09-03 20:27:02,505 [pool-7-thread-12] INFO  commands.RetriableDatanodeEventWatcher (RetriableDatanodeEventWatcher.java:onTimeout(47)) - RetriableDatanodeCommand type=deleteBlocksCommand with id=1567542408638 timed out. Retrying.
2019-09-03 20:27:02,506 [Command processor thread] INFO  commandhandler.DeleteBlocksCommandHandler (DeleteBlocksCommandHandler.java:handle(106)) - Start to delete container blocks, TXIDs=[1(0),2(0),3(0)], numOfContainers=3, numOfBlocks=553
2019-09-03 20:27:02,508 [Command processor thread] INFO  commandhandler.DeleteBlocksCommandHandler (DeleteBlocksCommandHandler.java:handle(106)) - Start to delete container blocks, TXIDs=[1(0),2(0),3(0)], numOfContainers=3, numOfBlocks=553
2019-09-03 20:27:02,509 [Command processor thread] INFO  commandhandler.DeleteBlocksCommandHandler (DeleteBlocksCommandHandler.java:handle(106)) - Start to delete container blocks, TXIDs=[1(0),2(0),3(0)], numOfContainers=3, numOfBlocks=553
2019-09-03 20:27:02,510 [Command processor thread] INFO  commandhandler.DeleteBlocksCommandHandler (DeleteBlocksCommandHandler.java:handle(106)) - Start to delete container blocks, TXIDs=[1(0),2(0),3(0)], numOfContainers=3, numOfBlocks=553
2019-09-03 20:27:02,512 [Command processor thread] INFO  commandhandler.DeleteBlocksCommandHandler (DeleteBlocksCommandHandler.java:handle(106)) - Start to delete container blocks, TXIDs=[1(0),2(0),3(0)], numOfContainers=3, numOfBlocks=553
2019-09-03 20:27:02,513 [Command processor thread] INFO  commandhandler.DeleteBlocksCommandHandler (DeleteBlocksCommandHandler.java:handle(106)) - Start to delete container blocks, TXIDs=[1(0),2(0),3(0)], numOfContainers=3, numOfBlocks=553
2019-09-03 20:27:02,514 [pool-7-thread-12] INFO  commands.RetriableDatanodeEventWatcher (RetriableDatanodeEventWatcher.java:onTimeout(47)) - RetriableDatanodeCommand type=deleteBlocksCommand with id=1567542408687 timed out. Retrying.
2019-09-03 20:27:02,514 [Command processor thread] INFO  commandhandler.DeleteBlocksCommandHandler (DeleteBlocksCommandHandler.java:handle(106)) - Start to delete container blocks, TXIDs=[1(0),2(0),3(0)], numOfContainers=3, numOfBlocks=553
2019-09-03 20:27:02,516 [Command processor thread] INFO  commandhandler.DeleteBlocksCommandHandler (DeleteBlocksCommandHandler.java:handle(106)) - Start to delete container blocks, TXIDs=[1(74),2(74),3(74)], numOfContainers=3, numOfBlocks=553
2019-09-03 20:27:02,517 [Command processor thread] INFO  commandhandler.DeleteBlocksCommandHandler (DeleteBlocksCommandHandler.java:handle(106)) - Start to delete container blocks, TXIDs=[1(0),2(0),3(0)], numOfContainers=3, numOfBlocks=553
2019-09-03 20:27:02,518 [Command processor thread] INFO  commandhandler.DeleteBlocksCommandHandler (DeleteBlocksCommandHandler.java:handle(106)) - Start to delete container blocks, TXIDs=[1(0),2(0),3(0)], numOfContainers=3, numOfBlocks=553
2019-09-03 20:27:02,520 [Command processor thread] INFO  commandhandler.DeleteBlocksCommandHandler (DeleteBlocksCommandHandler.java:handle(106)) - Start to delete container blocks, TXIDs=[1(0),2(0),3(0)], numOfContainers=3, numOfBlocks=553
2019-09-03 20:27:02,520 [pool-7-thread-9] INFO  commands.RetriableDatanodeEventWatcher (RetriableDatanodeEventWatcher.java:onTimeout(47)) - RetriableDatanodeCommand type=deleteBlocksCommand with id=1567542408648 timed out. Retrying.
2019-09-03 20:27:02,521 [pool-7-thread-12] INFO  commands.RetriableDatanodeEventWatcher (RetriableDatanodeEventWatcher.java:onTimeout(47)) - RetriableDatanodeCommand type=deleteBlocksCommand with id=1567542408599 timed out. Retrying.
2019-09-03 20:27:02,521 [Command processor thread] INFO  commandhandler.DeleteBlocksCommandHandler (DeleteBlocksCommandHandler.java:handle(106)) - Start to delete container blocks, TXIDs=[1(0),2(0),3(0)], numOfContainers=3, numOfBlocks=553
2019-09-03 20:27:02,522 [Command processor thread] INFO  commandhandler.DeleteBlocksCommandHandler (DeleteBlocksCommandHandler.java:handle(106)) - Start to delete container blocks, TXIDs=[1(0),2(0),3(0)], numOfContainers=3, numOfBlocks=553
2019-09-03 20:27:02,524 [Command processor thread] INFO  commandhandler.DeleteBlocksCommandHandler (DeleteBlocksCommandHandler.java:handle(106)) - Start to delete container blocks, TXIDs=[1(0),2(0),3(0)], numOfContainers=3, numOfBlocks=553
2019-09-03 20:27:02,525 [Command processor thread] INFO  commandhandler.DeleteBlocksCommandHandler (DeleteBlocksCommandHandler.java:handle(106)) - Start to delete container blocks, TXIDs=[1(0),2(0),3(0)], numOfContainers=3, numOfBlocks=553
2019-09-03 20:27:02,527 [Command processor thread] INFO  commandhandler.DeleteBlocksCommandHandler (DeleteBlocksCommandHandler.java:handle(106)) - Start to delete container blocks, TXIDs=[1(0),2(0),3(0)], numOfContainers=3, numOfBlocks=553
2019-09-03 20:27:02,528 [Command processor thread] INFO  commandhandler.DeleteBlocksCommandHandler (DeleteBlocksCommandHandler.java:handle(106)) - Start to delete container blocks, TXIDs=[1(0),2(0),3(0)], numOfContainers=3, numOfBlocks=553
2019-09-03 20:27:02,530 [Command processor thread] INFO  commandhandler.DeleteBlocksCommandHandler (DeleteBlocksCommandHandler.java:handle(106)) - Start to delete container blocks, TXIDs=[1(0),2(0),3(0)], numOfContainers=3, numOfBlocks=553
2019-09-03 20:27:02,531 [Command processor thread] INFO  commandhandler.DeleteBlocksCommandHandler (DeleteBlocksCommandHandler.java:handle(106)) - Start to delete container blocks, TXIDs=[1(0),2(0),3(0)], numOfContainers=3, numOfBlocks=553
2019-09-03 20:27:02,531 [pool-7-thread-12] INFO  commands.RetriableDatanodeEventWatcher (RetriableDatanodeEventWatcher.java:onTimeout(47)) - RetriableDatanodeCommand type=deleteBlocksCommand with id=1567542408697 timed out. Retrying.
2019-09-03 20:27:02,532 [Command processor thread] INFO  commandhandler.DeleteBlocksCommandHandler (DeleteBlocksCommandHandler.java:handle(106)) - Start to delete container blocks, TXIDs=[1(0),2(0),3(0)], numOfContainers=3, numOfBlocks=553
2019-09-03 20:27:02,534 [pool-7-thread-12] INFO  commands.RetriableDatanodeEventWatcher (RetriableDatanodeEventWatcher.java:onTimeout(47)) - RetriableDatanodeCommand type=deleteBlocksCommand with id=1567542408706 timed out. Retrying.
2019-09-03 20:27:02,534 [Command processor thread] INFO  commandhandler.DeleteBlocksCommandHandler (DeleteBlocksCommandHandler.java:handle(106)) - Start to delete container blocks, TXIDs=[1(455),2(455),3(455)], numOfContainers=3, numOfBlocks=553
2019-09-03 20:27:02,535 [Command processor thread] INFO  commandhandler.DeleteBlocksCommandHandler (DeleteBlocksCommandHandler.java:handle(106)) - Start to delete container blocks, TXIDs=[1(0),2(0),3(0)], numOfContainers=3, numOfBlocks=553
2019-09-03 20:27:02,537 [Command processor thread] INFO  commandhandler.DeleteBlocksCommandHandler (DeleteBlocksCommandHandler.java:handle(106)) - Start to delete container blocks, TXIDs=[1(0),2(0),3(0)], numOfContainers=3, numOfBlocks=553
2019-09-03 20:27:02,538 [Command processor thread] INFO  commandhandler.DeleteBlocksCommandHandler (DeleteBlocksCommandHandler.java:handle(106)) - Start to delete container blocks, TXIDs=[1(0),2(0),3(0)], numOfContainers=3, numOfBlocks=553
2019-09-03 20:27:02,539 [Command processor thread] INFO  commandhandler.DeleteBlocksCommandHandler (DeleteBlocksCommandHandler.java:handle(106)) - Start to delete container blocks, TXIDs=[1(0),2(0),3(0)], numOfContainers=3, numOfBlocks=553
2019-09-03 20:27:02,541 [Command processor thread] INFO  commandhandler.DeleteBlocksCommandHandler (DeleteBlocksCommandHandler.java:handle(106)) - Start to delete container blocks, TXIDs=[1(0),2(0),3(0)], numOfContainers=3, numOfBlocks=553
2019-09-03 20:27:02,541 [pool-7-thread-12] INFO  commands.RetriableDatanodeEventWatcher (RetriableDatanodeEventWatcher.java:onTimeout(47)) - RetriableDatanodeCommand type=deleteBlocksCommand with id=1567542408609 timed out. Retrying.
2019-09-03 20:27:02,542 [Command processor thread] INFO  commandhandler.DeleteBlocksCommandHandler (DeleteBlocksCommandHandler.java:handle(106)) - Start to delete container blocks, TXIDs=[1(0),2(0),3(0)], numOfContainers=3, numOfBlocks=553
2019-09-03 20:27:02,543 [Command processor thread] INFO  commandhandler.DeleteBlocksCommandHandler (DeleteBlocksCommandHandler.java:handle(106)) - Start to delete container blocks, TXIDs=[1(0),2(0),3(0)], numOfContainers=3, numOfBlocks=553
2019-09-03 20:27:02,544 [Command processor thread] INFO  commandhandler.DeleteBlocksCommandHandler (DeleteBlocksCommandHandler.java:handle(106)) - Start to delete container blocks, TXIDs=[1(0),2(0),3(0)], numOfContainers=3, numOfBlocks=553
2019-09-03 20:27:02,546 [Command processor thread] INFO  commandhandler.DeleteBlocksCommandHandler (DeleteBlocksCommandHandler.java:handle(106)) - Start to delete container blocks, TXIDs=[1(0),2(0),3(0)], numOfContainers=3, numOfBlocks=553
2019-09-03 20:27:02,547 [Command processor thread] INFO  commandhandler.DeleteBlocksCommandHandler (DeleteBlocksCommandHandler.java:handle(106)) - Start to delete container blocks, TXIDs=[1(0),2(0),3(0)], numOfContainers=3, numOfBlocks=553
2019-09-03 20:27:02,548 [SCMBlockDeletingService#0] DEBUG block.SCMBlockDeletingService (SCMBlockDeletingService.java:call(138)) - Running DeletedBlockTransactionScanner
2019-09-03 20:27:02,548 [SCMBlockDeletingService#0] DEBUG block.SCMBlockDeletingService (SCMBlockDeletingService.java:call(155)) - Scanned deleted blocks log and got 3 delTX to process.
2019-09-03 20:27:02,548 [Command processor thread] INFO  commandhandler.DeleteBlocksCommandHandler (DeleteBlocksCommandHandler.java:handle(106)) - Start to delete container blocks, TXIDs=[1(0),2(0),3(0)], numOfContainers=3, numOfBlocks=553
2019-09-03 20:27:02,548 [SCMBlockDeletingService#0] DEBUG block.SCMBlockDeletingService (SCMBlockDeletingService.java:call(171)) - Added delete block command for datanode 81367453-3bf0-4298-8a83-8d5c3816df16 in the queue, number of delete block transactions: 3, TxID list: 1,2,3
2019-09-03 20:27:02,549 [SCMBlockDeletingService#0] INFO  block.SCMBlockDeletingService (SCMBlockDeletingService.java:call(182)) - Totally added 3 delete blocks command for 1 datanodes, task elapsed time: 1ms
2019-09-03 20:27:02,550 [Command processor thread] INFO  commandhandler.DeleteBlocksCommandHandler (DeleteBlocksCommandHandler.java:handle(106)) - Start to delete container blocks, TXIDs=[1(0),2(0),3(0)], numOfContainers=3, numOfBlocks=553
2019-09-03 20:27:02,551 [Command processor thread] INFO  commandhandler.DeleteBlocksCommandHandler (DeleteBlocksCommandHandler.java:handle(106)) - Start to delete container blocks, TXIDs=[1(756),2(756),3(756)], numOfContainers=3, numOfBlocks=553
2019-09-03 20:27:02,552 [Command processor thread] INFO  commandhandler.DeleteBlocksCommandHandler (DeleteBlocksCommandHandler.java:handle(106)) - Start to delete container blocks, TXIDs=[1(0),2(0),3(0)], numOfContainers=3, numOfBlocks=553
2019-09-03 20:27:02,554 [Command processor thread] INFO  commandhandler.DeleteBlocksCommandHandler (DeleteBlocksCommandHandler.java:handle(106)) - Start to delete container blocks, TXIDs=[1(0),2(0),3(0)], numOfContainers=3, numOfBlocks=553
2019-09-03 20:27:02,555 [Command processor thread] INFO  commandhandler.DeleteBlocksCommandHandler (DeleteBlocksCommandHandler.java:handle(106)) - Start to delete container blocks, TXIDs=[1(0),2(0),3(0)], numOfContainers=3, numOfBlocks=553
2019-09-03 20:27:02,556 [pool-7-thread-12] INFO  commands.RetriableDatanodeEventWatcher (RetriableDatanodeEventWatcher.java:onTimeout(47)) - RetriableDatanodeCommand type=deleteBlocksCommand with id=1567542408619 timed out. Retrying.
2019-09-03 20:27:02,556 [Command processor thread] INFO  commandhandler.DeleteBlocksCommandHandler (DeleteBlocksCommandHandler.java:handle(106)) - Start to delete container blocks, TXIDs=[1(0),2(0),3(0)], numOfContainers=3, numOfBlocks=553
2019-09-03 20:27:02,557 [Command processor thread] INFO  commandhandler.DeleteBlocksCommandHandler (DeleteBlocksCommandHandler.java:handle(106)) - Start to delete container blocks, TXIDs=[1(0),2(0),3(0)], numOfContainers=3, numOfBlocks=553
2019-09-03 20:27:02,559 [Command processor thread] INFO  commandhandler.DeleteBlocksCommandHandler (DeleteBlocksCommandHandler.java:handle(106)) - Start to delete container blocks, TXIDs=[1(0),2(0),3(0)], numOfContainers=3, numOfBlocks=553
2019-09-03 20:27:02,560 [Command processor thread] INFO  commandhandler.DeleteBlocksCommandHandler (DeleteBlocksCommandHandler.java:handle(106)) - Start to delete container blocks, TXIDs=[1(0),2(0),3(0)], numOfContainers=3, numOfBlocks=553
2019-09-03 20:27:02,562 [Command processor thread] INFO  commandhandler.DeleteBlocksCommandHandler (DeleteBlocksCommandHandler.java:handle(106)) - Start to delete container blocks, TXIDs=[1(0),2(0),3(0)], numOfContainers=3, numOfBlocks=553
2019-09-03 20:27:02,563 [Command processor thread] INFO  commandhandler.DeleteBlocksCommandHandler (DeleteBlocksCommandHandler.java:handle(106)) - Start to delete container blocks, TXIDs=[1(0),2(0),3(0)], numOfContainers=3, numOfBlocks=553
2019-09-03 20:27:02,564 [Command processor thread] INFO  commandhandler.DeleteBlocksCommandHandler (DeleteBlocksCommandHandler.java:handle(106)) - Start to delete container blocks, TXIDs=[1(0),2(0),3(0)], numOfContainers=3, numOfBlocks=553
2019-09-03 20:27:02,565 [Command processor thread] INFO  commandhandler.DeleteBlocksCommandHandler (DeleteBlocksCommandHandler.java:handle(106)) - Start to delete container blocks, TXIDs=[1(0),2(0),3(0)], numOfContainers=3, numOfBlocks=553
2019-09-03 20:27:02,566 [Command processor thread] INFO  commandhandler.DeleteBlocksCommandHandler (DeleteBlocksCommandHandler.java:handle(106)) - Start to delete container blocks, TXIDs=[1(756),2(756),3(756)], numOfContainers=3, numOfBlocks=553
2019-09-03 20:27:02,566 [BlockDeletingService#2] INFO  background.BlockDeletingService (BlockDeletingService.java:getTasks(129)) - Plan to choose 10 containers for block deletion, actually returns 3 valid containers.
2019-09-03 20:27:02,567 [Command processor thread] INFO  commandhandler.DeleteBlocksCommandHandler (DeleteBlocksCommandHandler.java:handle(106)) - Start to delete container blocks, TXIDs=[1(0),2(0),3(0)], numOfContainers=3, numOfBlocks=553
2019-09-03 20:27:02,568 [Command processor thread] INFO  commandhandler.DeleteBlocksCommandHandler (DeleteBlocksCommandHandler.java:handle(106)) - Start to delete container blocks, TXIDs=[1(0),2(0),3(0)], numOfContainers=3, numOfBlocks=553
2019-09-03 20:27:02,569 [Command processor thread] INFO  commandhandler.DeleteBlocksCommandHandler (DeleteBlocksCommandHandler.java:handle(106)) - Start to delete container blocks, TXIDs=[1(0),2(0),3(0)], numOfContainers=3, numOfBlocks=553
2019-09-03 20:27:02,569 [pool-7-thread-12] INFO  commands.RetriableDatanodeEventWatcher (RetriableDatanodeEventWatcher.java:onTimeout(47)) - RetriableDatanodeCommand type=deleteBlocksCommand with id=1567542408658 timed out. Retrying.
2019-09-03 20:27:02,573 [pool-7-thread-12] INFO  commands.RetriableDatanodeEventWatcher (RetriableDatanodeEventWatcher.java:onTimeout(47)) - RetriableDatanodeCommand type=deleteBlocksCommand with id=1567542408629 timed out. Retrying.
2019-09-03 20:27:02,573 [Command processor thread] INFO  commandhandler.DeleteBlocksCommandHandler (DeleteBlocksCommandHandler.java:handle(106)) - Start to delete container blocks, TXIDs=[1(0),2(0),3(0)], numOfContainers=3, numOfBlocks=553
2019-09-03 20:27:02,574 [Command processor thread] INFO  commandhandler.DeleteBlocksCommandHandler (DeleteBlocksCommandHandler.java:handle(106)) - Start to delete container blocks, TXIDs=[1(0),2(0),3(0)], numOfContainers=3, numOfBlocks=553
2019-09-03 20:27:02,575 [Command processor thread] INFO  commandhandler.DeleteBlocksCommandHandler (DeleteBlocksCommandHandler.java:handle(106)) - Start to delete container blocks, TXIDs=[1(0),2(0),3(0)], numOfContainers=3, numOfBlocks=553
2019-09-03 20:27:02,576 [Command processor thread] INFO  commandhandler.DeleteBlocksCommandHandler (DeleteBlocksCommandHandler.java:handle(106)) - Start to delete container blocks, TXIDs=[1(0),2(0),3(0)], numOfContainers=3, numOfBlocks=553
2019-09-03 20:27:02,577 [Command processor thread] INFO  commandhandler.DeleteBlocksCommandHandler (DeleteBlocksCommandHandler.java:handle(106)) - Start to delete container blocks, TXIDs=[1(0),2(0),3(0)], numOfContainers=3, numOfBlocks=553
2019-09-03 20:27:02,578 [Command processor thread] INFO  commandhandler.DeleteBlocksCommandHandler (DeleteBlocksCommandHandler.java:handle(106)) - Start to delete container blocks, TXIDs=[1(0),2(0),3(0)], numOfContainers=3, numOfBlocks=553
2019-09-03 20:27:02,579 [Command processor thread] INFO  commandhandler.DeleteBlocksCommandHandler (DeleteBlocksCommandHandler.java:handle(106)) - Start to delete container blocks, TXIDs=[1(0),2(0),3(0)], numOfContainers=3, numOfBlocks=553
2019-09-03 20:27:02,580 [Command processor thread] INFO  commandhandler.DeleteBlocksCommandHandler (DeleteBlocksCommandHandler.java:handle(106)) - Start to delete container blocks, TXIDs=[1(0),2(0),3(0)], numOfContainers=3, numOfBlocks=553
2019-09-03 20:27:02,581 [Command processor thread] INFO  commandhandler.DeleteBlocksCommandHandler (DeleteBlocksCommandHandler.java:handle(106)) - Start to delete container blocks, TXIDs=[1(0),2(0),3(0)], numOfContainers=3, numOfBlocks=553
2019-09-03 20:27:02,582 [Command processor thread] INFO  commandhandler.DeleteBlocksCommandHandler (DeleteBlocksCommandHandler.java:handle(106)) - Start to delete container blocks, TXIDs=[1(756),2(756),3(756)], numOfContainers=3, numOfBlocks=553
2019-09-03 20:27:02,583 [Command processor thread] INFO  commandhandler.DeleteBlocksCommandHandler (DeleteBlocksCommandHandler.java:handle(106)) - Start to delete container blocks, TXIDs=[1(0),2(0),3(0)], numOfContainers=3, numOfBlocks=553
2019-09-03 20:27:02,584 [Command processor thread] INFO  commandhandler.DeleteBlocksCommandHandler (DeleteBlocksCommandHandler.java:handle(106)) - Start to delete container blocks, TXIDs=[1(0),2(0),3(0)], numOfContainers=3, numOfBlocks=553
2019-09-03 20:27:02,585 [Command processor thread] INFO  commandhandler.DeleteBlocksCommandHandler (DeleteBlocksCommandHandler.java:handle(106)) - Start to delete container blocks, TXIDs=[1(0),2(0),3(0)], numOfContainers=3, numOfBlocks=553
2019-09-03 20:27:02,585 [pool-7-thread-12] INFO  commands.RetriableDatanodeEventWatcher (RetriableDatanodeEventWatcher.java:onTimeout(47)) - RetriableDatanodeCommand type=deleteBlocksCommand with id=1567542408668 timed out. Retrying.
2019-09-03 20:27:02,586 [Command processor thread] INFO  commandhandler.DeleteBlocksCommandHandler (DeleteBlocksCommandHandler.java:handle(106)) - Start to delete container blocks, TXIDs=[1(0),2(0),3(0)], numOfContainers=3, numOfBlocks=553
2019-09-03 20:27:02,587 [Command processor thread] INFO  commandhandler.DeleteBlocksCommandHandler (DeleteBlocksCommandHandler.java:handle(106)) - Start to delete container blocks, TXIDs=[1(0),2(0),3(0)], numOfContainers=3, numOfBlocks=553
2019-09-03 20:27:02,588 [Command processor thread] INFO  commandhandler.DeleteBlocksCommandHandler (DeleteBlocksCommandHandler.java:handle(106)) - Start to delete container blocks, TXIDs=[1(0),2(0),3(0)], numOfContainers=3, numOfBlocks=553
2019-09-03 20:27:02,589 [Command processor thread] INFO  commandhandler.DeleteBlocksCommandHandler (DeleteBlocksCommandHandler.java:handle(106)) - Start to delete container blocks, TXIDs=[1(0),2(0),3(0)], numOfContainers=3, numOfBlocks=553
2019-09-03 20:27:02,590 [Command processor thread] INFO  commandhandler.DeleteBlocksCommandHandler (DeleteBlocksCommandHandler.java:handle(106)) - Start to delete container blocks, TXIDs=[1(0),2(0),3(0)], numOfContainers=3, numOfBlocks=553
2019-09-03 20:27:02,590 [Command processor thread] INFO  commandhandler.DeleteBlocksCommandHandler (DeleteBlocksCommandHandler.java:handle(106)) - Start to delete container blocks, TXIDs=[1(0),2(0),3(0)], numOfContainers=3, numOfBlocks=553
2019-09-03 20:27:02,591 [Command processor thread] INFO  commandhandler.DeleteBlocksCommandHandler (DeleteBlocksCommandHandler.java:handle(106)) - Start to delete container blocks, TXIDs=[1(0),2(0),3(0)], numOfContainers=3, numOfBlocks=553
2019-09-03 20:27:02,592 [Command processor thread] INFO  commandhandler.DeleteBlocksCommandHandler (DeleteBlocksCommandHandler.java:handle(106)) - Start to delete container blocks, TXIDs=[1(0),2(0),3(0)], numOfContainers=3, numOfBlocks=553
2019-09-03 20:27:02,593 [pool-7-thread-12] INFO  commands.RetriableDatanodeEventWatcher (RetriableDatanodeEventWatcher.java:onTimeout(47)) - RetriableDatanodeCommand type=deleteBlocksCommand with id=1567542408580 timed out. Retrying.
2019-09-03 20:27:02,593 [Command processor thread] INFO  commandhandler.DeleteBlocksCommandHandler (DeleteBlocksCommandHandler.java:handle(106)) - Start to delete container blocks, TXIDs=[1(0),2(0),3(0)], numOfContainers=3, numOfBlocks=553
2019-09-03 20:27:02,594 [Command processor thread] INFO  commandhandler.DeleteBlocksCommandHandler (DeleteBlocksCommandHandler.java:handle(106)) - Start to delete container blocks, TXIDs=[1(756),2(756),3(756)], numOfContainers=3, numOfBlocks=553
2019-09-03 20:27:02,595 [Command processor thread] INFO  commandhandler.DeleteBlocksCommandHandler (DeleteBlocksCommandHandler.java:handle(106)) - Start to delete container blocks, TXIDs=[1(0),2(0),3(0)], numOfContainers=3, numOfBlocks=553
2019-09-03 20:27:02,596 [Command processor thread] INFO  commandhandler.DeleteBlocksCommandHandler (DeleteBlocksCommandHandler.java:handle(106)) - Start to delete container blocks, TXIDs=[1(0),2(0),3(0)], numOfContainers=3, numOfBlocks=553
2019-09-03 20:27:02,597 [Command processor thread] INFO  commandhandler.DeleteBlocksCommandHandler (DeleteBlocksCommandHandler.java:handle(106)) - Start to delete container blocks, TXIDs=[1(0),2(0),3(0)], numOfContainers=3, numOfBlocks=553
2019-09-03 20:27:02,598 [Command processor thread] INFO  commandhandler.DeleteBlocksCommandHandler (DeleteBlocksCommandHandler.java:handle(106)) - Start to delete container blocks, TXIDs=[1(0),2(0),3(0)], numOfContainers=3, numOfBlocks=553
2019-09-03 20:27:02,599 [Command processor thread] INFO  commandhandler.DeleteBlocksCommandHandler (DeleteBlocksCommandHandler.java:handle(106)) - Start to delete container blocks, TXIDs=[1(0),2(0),3(0)], numOfContainers=3, numOfBlocks=553
2019-09-03 20:27:02,599 [Command processor thread] INFO  commandhandler.DeleteBlocksCommandHandler (DeleteBlocksCommandHandler.java:handle(106)) - Start to delete container blocks, TXIDs=[1(0),2(0),3(0)], numOfContainers=3, numOfBlocks=553
2019-09-03 20:27:02,600 [Command processor thread] INFO  commandhandler.DeleteBlocksCommandHandler (DeleteBlocksCommandHandler.java:handle(106)) - Start to delete container blocks, TXIDs=[1(0),2(0),3(0)], numOfContainers=3, numOfBlocks=553
2019-09-03 20:27:02,600 [pool-7-thread-12] INFO  commands.RetriableDatanodeEventWatcher (RetriableDatanodeEventWatcher.java:onTimeout(47)) - RetriableDatanodeCommand type=deleteBlocksCommand with id=1567542408678 timed out. Retrying.
2019-09-03 20:27:02,601 [Command processor thread] INFO  commandhandler.DeleteBlocksCommandHandler (DeleteBlocksCommandHandler.java:handle(106)) - Start to delete container blocks, TXIDs=[1(0),2(0),3(0)], numOfContainers=3, numOfBlocks=553
2019-09-03 20:27:02,602 [Command processor thread] INFO  commandhandler.DeleteBlocksCommandHandler (DeleteBlocksCommandHandler.java:handle(106)) - Start to delete container blocks, TXIDs=[1(0),2(0),3(0)], numOfContainers=3, numOfBlocks=553
2019-09-03 20:27:02,603 [Command processor thread] INFO  commandhandler.DeleteBlocksCommandHandler (DeleteBlocksCommandHandler.java:handle(106)) - Start to delete container blocks, TXIDs=[1(0),2(0),3(0)], numOfContainers=3, numOfBlocks=553
2019-09-03 20:27:02,604 [Command processor thread] INFO  commandhandler.DeleteBlocksCommandHandler (DeleteBlocksCommandHandler.java:handle(106)) - Start to delete container blocks, TXIDs=[1(0),2(0),3(0)], numOfContainers=3, numOfBlocks=553
2019-09-03 20:27:02,605 [pool-7-thread-12] INFO  commands.RetriableDatanodeEventWatcher (RetriableDatanodeEventWatcher.java:onTimeout(47)) - RetriableDatanodeCommand type=deleteBlocksCommand with id=1567542408590 timed out. Retrying.
2019-09-03 20:27:02,605 [Command processor thread] INFO  commandhandler.DeleteBlocksCommandHandler (DeleteBlocksCommandHandler.java:handle(106)) - Start to delete container blocks, TXIDs=[1(0),2(0),3(0)], numOfContainers=3, numOfBlocks=553
2019-09-03 20:27:02,607 [pool-7-thread-12] INFO  commands.RetriableDatanodeEventWatcher (RetriableDatanodeEventWatcher.java:onTimeout(47)) - RetriableDatanodeCommand type=deleteBlocksCommand with id=1567542408639 timed out. Retrying.
2019-09-03 20:27:02,618 [pool-7-thread-12] INFO  commands.RetriableDatanodeEventWatcher (RetriableDatanodeEventWatcher.java:onTimeout(47)) - RetriableDatanodeCommand type=deleteBlocksCommand with id=1567542408688 timed out. Retrying.
2019-09-03 20:27:02,621 [pool-7-thread-12] INFO  commands.RetriableDatanodeEventWatcher (RetriableDatanodeEventWatcher.java:onTimeout(47)) - RetriableDatanodeCommand type=deleteBlocksCommand with id=1567542408649 timed out. Retrying.
2019-09-03 20:27:02,624 [pool-7-thread-12] INFO  commands.RetriableDatanodeEventWatcher (RetriableDatanodeEventWatcher.java:onTimeout(47)) - RetriableDatanodeCommand type=deleteBlocksCommand with id=1567542408600 timed out. Retrying.
2019-09-03 20:27:02,633 [pool-7-thread-12] INFO  commands.RetriableDatanodeEventWatcher (RetriableDatanodeEventWatcher.java:onTimeout(47)) - RetriableDatanodeCommand type=deleteBlocksCommand with id=1567542408698 timed out. Retrying.
2019-09-03 20:27:02,636 [pool-7-thread-12] INFO  commands.RetriableDatanodeEventWatcher (RetriableDatanodeEventWatcher.java:onTimeout(47)) - RetriableDatanodeCommand type=deleteBlocksCommand with id=1567542408707 timed out. Retrying.
2019-09-03 20:27:02,640 [pool-7-thread-12] INFO  commands.RetriableDatanodeEventWatcher (RetriableDatanodeEventWatcher.java:onTimeout(47)) - RetriableDatanodeCommand type=deleteBlocksCommand with id=1567542408610 timed out. Retrying.
2019-09-03 20:27:02,649 [SCMBlockDeletingService#0] DEBUG block.SCMBlockDeletingService (SCMBlockDeletingService.java:call(138)) - Running DeletedBlockTransactionScanner
2019-09-03 20:27:02,650 [SCMBlockDeletingService#0] DEBUG block.SCMBlockDeletingService (SCMBlockDeletingService.java:call(155)) - Scanned deleted blocks log and got 3 delTX to process.
2019-09-03 20:27:02,650 [SCMBlockDeletingService#0] DEBUG block.SCMBlockDeletingService (SCMBlockDeletingService.java:call(171)) - Added delete block command for datanode 81367453-3bf0-4298-8a83-8d5c3816df16 in the queue, number of delete block transactions: 3, TxID list: 1,2,3
2019-09-03 20:27:02,718 [pool-7-thread-12] INFO  commands.RetriableDatanodeEventWatcher (RetriableDatanodeEventWatcher.java:onTimeout(47)) - RetriableDatanodeCommand type=deleteBlocksCommand with id=1567542408620 timed out. Retrying.
2019-09-03 20:27:02,719 [pool-7-thread-4] INFO  commands.RetriableDatanodeEventWatcher (RetriableDatanodeEventWatcher.java:onTimeout(47)) - RetriableDatanodeCommand type=deleteBlocksCommand with id=1567542408640 timed out. Retrying.
2019-09-03 20:27:02,719 [pool-7-thread-3] INFO  commands.RetriableDatanodeEventWatcher (RetriableDatanodeEventWatcher.java:onTimeout(47)) - RetriableDatanodeCommand type=deleteBlocksCommand with id=1567542408669 timed out. Retrying.
2019-09-03 20:27:02,719 [pool-7-thread-6] INFO  commands.RetriableDatanodeEventWatcher (RetriableDatanodeEventWatcher.java:onTimeout(47)) - RetriableDatanodeCommand type=deleteBlocksCommand with id=1567542408659 timed out. Retrying.
2019-09-03 20:27:02,719 [pool-7-thread-5] INFO  commands.RetriableDatanodeEventWatcher (RetriableDatanodeEventWatcher.java:onTimeout(47)) - RetriableDatanodeCommand type=deleteBlocksCommand with id=1567542408689 timed out. Retrying.
2019-09-03 20:27:02,720 [pool-7-thread-1] INFO  commands.RetriableDatanodeEventWatcher (RetriableDatanodeEventWatcher.java:onTimeout(47)) - RetriableDatanodeCommand type=deleteBlocksCommand with id=1567542408679 timed out. Retrying.
2019-09-03 20:27:02,720 [pool-7-thread-8] INFO  commands.RetriableDatanodeEventWatcher (RetriableDatanodeEventWatcher.java:onTimeout(47)) - RetriableDatanodeCommand type=deleteBlocksCommand with id=1567542408591 timed out. Retrying.
2019-09-03 20:27:02,720 [pool-7-thread-9] INFO  commands.RetriableDatanodeEventWatcher (RetriableDatanodeEventWatcher.java:onTimeout(47)) - RetriableDatanodeCommand type=deleteBlocksCommand with id=1567542408630 timed out. Retrying.
2019-09-03 20:27:02,720 [pool-7-thread-7] INFO  commands.RetriableDatanodeEventWatcher (RetriableDatanodeEventWatcher.java:onTimeout(47)) - RetriableDatanodeCommand type=deleteBlocksCommand with id=1567542408581 timed out. Retrying.
2019-09-03 20:27:02,726 [pool-7-thread-7] INFO  commands.RetriableDatanodeEventWatcher (RetriableDatanodeEventWatcher.java:onTimeout(47)) - RetriableDatanodeCommand type=deleteBlocksCommand with id=1567542408650 timed out. Retrying.
2019-09-03 20:27:02,727 [pool-7-thread-7] INFO  commands.RetriableDatanodeEventWatcher (RetriableDatanodeEventWatcher.java:onTimeout(47)) - RetriableDatanodeCommand type=deleteBlocksCommand with id=1567542408601 timed out. Retrying.
2019-09-03 20:27:02,734 [pool-7-thread-7] INFO  commands.RetriableDatanodeEventWatcher (RetriableDatanodeEventWatcher.java:onTimeout(47)) - RetriableDatanodeCommand type=deleteBlocksCommand with id=1567542408699 timed out. Retrying.
2019-09-03 20:27:02,737 [pool-7-thread-7] INFO  commands.RetriableDatanodeEventWatcher (RetriableDatanodeEventWatcher.java:onTimeout(47)) - RetriableDatanodeCommand type=deleteBlocksCommand with id=1567542408708 timed out. Retrying.
2019-09-03 20:27:02,745 [pool-7-thread-7] INFO  commands.RetriableDatanodeEventWatcher (RetriableDatanodeEventWatcher.java:onTimeout(47)) - RetriableDatanodeCommand type=deleteBlocksCommand with id=1567542408611 timed out. Retrying.
2019-09-03 20:27:02,760 [pool-7-thread-7] INFO  commands.RetriableDatanodeEventWatcher (RetriableDatanodeEventWatcher.java:onTimeout(47)) - RetriableDatanodeCommand type=deleteBlocksCommand with id=1567542408621 timed out. Retrying.
2019-09-03 20:27:02,771 [pool-7-thread-7] INFO  commands.RetriableDatanodeEventWatcher (RetriableDatanodeEventWatcher.java:onTimeout(47)) - RetriableDatanodeCommand type=deleteBlocksCommand with id=1567542408660 timed out. Retrying.
2019-09-03 20:27:02,777 [pool-7-thread-7] INFO  commands.RetriableDatanodeEventWatcher (RetriableDatanodeEventWatcher.java:onTimeout(47)) - RetriableDatanodeCommand type=deleteBlocksCommand with id=1567542408631 timed out. Retrying.
2019-09-03 20:27:02,788 [pool-7-thread-7] INFO  commands.RetriableDatanodeEventWatcher (RetriableDatanodeEventWatcher.java:onTimeout(47)) - RetriableDatanodeCommand type=deleteBlocksCommand with id=1567542408670 timed out. Retrying.
2019-09-03 20:27:02,793 [pool-7-thread-7] INFO  commands.RetriableDatanodeEventWatcher (RetriableDatanodeEventWatcher.java:onTimeout(47)) - RetriableDatanodeCommand type=deleteBlocksCommand with id=1567542408582 timed out. Retrying.
2019-09-03 20:27:02,804 [pool-7-thread-7] INFO  commands.RetriableDatanodeEventWatcher (RetriableDatanodeEventWatcher.java:onTimeout(47)) - RetriableDatanodeCommand type=deleteBlocksCommand with id=1567542408680 timed out. Retrying.
2019-09-03 20:27:02,809 [pool-7-thread-7] INFO  commands.RetriableDatanodeEventWatcher (RetriableDatanodeEventWatcher.java:onTimeout(47)) - RetriableDatanodeCommand type=deleteBlocksCommand with id=1567542408592 timed out. Retrying.
2019-09-03 20:27:02,810 [pool-7-thread-7] INFO  commands.RetriableDatanodeEventWatcher (RetriableDatanodeEventWatcher.java:onTimeout(47)) - RetriableDatanodeCommand type=deleteBlocksCommand with id=1567542408641 timed out. Retrying.
2019-09-03 20:27:02,819 [pool-7-thread-7] INFO  commands.RetriableDatanodeEventWatcher (RetriableDatanodeEventWatcher.java:onTimeout(47)) - RetriableDatanodeCommand type=deleteBlocksCommand with id=1567542408690 timed out. Retrying.
2019-09-03 20:27:02,830 [pool-7-thread-7] INFO  commands.RetriableDatanodeEventWatcher (RetriableDatanodeEventWatcher.java:onTimeout(47)) - RetriableDatanodeCommand type=deleteBlocksCommand with id=1567542408602 timed out. Retrying.
2019-09-03 20:27:02,836 [pool-7-thread-7] INFO  commands.RetriableDatanodeEventWatcher (RetriableDatanodeEventWatcher.java:onTimeout(47)) - RetriableDatanodeCommand type=deleteBlocksCommand with id=1567542408700 timed out. Retrying.
2019-09-03 20:27:02,837 [pool-7-thread-7] INFO  commands.RetriableDatanodeEventWatcher (RetriableDatanodeEventWatcher.java:onTimeout(47)) - RetriableDatanodeCommand type=deleteBlocksCommand with id=1567542408709 timed out. Retrying.
2019-09-03 20:27:02,847 [pool-7-thread-7] INFO  commands.RetriableDatanodeEventWatcher (RetriableDatanodeEventWatcher.java:onTimeout(47)) - RetriableDatanodeCommand type=deleteBlocksCommand with id=1567542408612 timed out. Retrying.
2019-09-03 20:27:02,856 [pool-7-thread-7] INFO  commands.RetriableDatanodeEventWatcher (RetriableDatanodeEventWatcher.java:onTimeout(47)) - RetriableDatanodeCommand type=deleteBlocksCommand with id=1567542408651 timed out. Retrying.
2019-09-03 20:27:02,863 [pool-7-thread-7] INFO  commands.RetriableDatanodeEventWatcher (RetriableDatanodeEventWatcher.java:onTimeout(47)) - RetriableDatanodeCommand type=deleteBlocksCommand with id=1567542408622 timed out. Retrying.
2019-09-03 20:27:02,875 [pool-7-thread-7] INFO  commands.RetriableDatanodeEventWatcher (RetriableDatanodeEventWatcher.java:onTimeout(47)) - RetriableDatanodeCommand type=deleteBlocksCommand with id=1567542408661 timed out. Retrying.
2019-09-03 20:27:02,876 [pool-7-thread-7] INFO  commands.RetriableDatanodeEventWatcher (RetriableDatanodeEventWatcher.java:onTimeout(47)) - RetriableDatanodeCommand type=deleteBlocksCommand with id=1567542408632 timed out. Retrying.
2019-09-03 20:27:02,891 [pool-7-thread-7] INFO  commands.RetriableDatanodeEventWatcher (RetriableDatanodeEventWatcher.java:onTimeout(47)) - RetriableDatanodeCommand type=deleteBlocksCommand with id=1567542408671 timed out. Retrying.
2019-09-03 20:27:02,894 [pool-7-thread-7] INFO  commands.RetriableDatanodeEventWatcher (RetriableDatanodeEventWatcher.java:onTimeout(47)) - RetriableDatanodeCommand type=deleteBlocksCommand with id=1567542408583 timed out. Retrying.
2019-09-03 20:27:02,908 [pool-7-thread-7] INFO  commands.RetriableDatanodeEventWatcher (RetriableDatanodeEventWatcher.java:onTimeout(47)) - RetriableDatanodeCommand type=deleteBlocksCommand with id=1567542408681 timed out. Retrying.
2019-09-03 20:27:02,914 [pool-7-thread-7] INFO  commands.RetriableDatanodeEventWatcher (RetriableDatanodeEventWatcher.java:onTimeout(47)) - RetriableDatanodeCommand type=deleteBlocksCommand with id=1567542408593 timed out. Retrying.
2019-09-03 20:27:02,915 [pool-7-thread-7] INFO  commands.RetriableDatanodeEventWatcher (RetriableDatanodeEventWatcher.java:onTimeout(47)) - RetriableDatanodeCommand type=deleteBlocksCommand with id=1567542408642 timed out. Retrying.
2019-09-03 20:27:02,922 [pool-7-thread-7] INFO  commands.RetriableDatanodeEventWatcher (RetriableDatanodeEventWatcher.java:onTimeout(47)) - RetriableDatanodeCommand type=deleteBlocksCommand with id=1567542408691 timed out. Retrying.
2019-09-03 20:27:02,930 [pool-7-thread-7] INFO  commands.RetriableDatanodeEventWatcher (RetriableDatanodeEventWatcher.java:onTimeout(47)) - RetriableDatanodeCommand type=deleteBlocksCommand with id=1567542408603 timed out. Retrying.
2019-09-03 20:27:02,938 [pool-7-thread-7] INFO  commands.RetriableDatanodeEventWatcher (RetriableDatanodeEventWatcher.java:onTimeout(47)) - RetriableDatanodeCommand type=deleteBlocksCommand with id=1567542408701 timed out. Retrying.
2019-09-03 20:27:02,940 [pool-7-thread-7] INFO  commands.RetriableDatanodeEventWatcher (RetriableDatanodeEventWatcher.java:onTimeout(47)) - RetriableDatanodeCommand type=deleteBlocksCommand with id=1567542408710 timed out. Retrying.
2019-09-03 20:27:02,948 [pool-7-thread-7] INFO  commands.RetriableDatanodeEventWatcher (RetriableDatanodeEventWatcher.java:onTimeout(47)) - RetriableDatanodeCommand type=deleteBlocksCommand with id=1567542408613 timed out. Retrying.
2019-09-03 20:27:02,959 [pool-7-thread-7] INFO  commands.RetriableDatanodeEventWatcher (RetriableDatanodeEventWatcher.java:onTimeout(47)) - RetriableDatanodeCommand type=deleteBlocksCommand with id=1567542408652 timed out. Retrying.
2019-09-03 20:27:02,961 [pool-7-thread-7] INFO  commands.RetriableDatanodeEventWatcher (RetriableDatanodeEventWatcher.java:onTimeout(47)) - RetriableDatanodeCommand type=deleteBlocksCommand with id=1567542408623 timed out. Retrying.
2019-09-03 20:27:02,977 [pool-7-thread-7] INFO  commands.RetriableDatanodeEventWatcher (RetriableDatanodeEventWatcher.java:onTimeout(47)) - RetriableDatanodeCommand type=deleteBlocksCommand with id=1567542408662 timed out. Retrying.
2019-09-03 20:27:02,979 [pool-7-thread-7] INFO  commands.RetriableDatanodeEventWatcher (RetriableDatanodeEventWatcher.java:onTimeout(47)) - RetriableDatanodeCommand type=deleteBlocksCommand with id=1567542408633 timed out. Retrying.
2019-09-03 20:27:02,990 [pool-7-thread-7] INFO  commands.RetriableDatanodeEventWatcher (RetriableDatanodeEventWatcher.java:onTimeout(47)) - RetriableDatanodeCommand type=deleteBlocksCommand with id=1567542408672 timed out. Retrying.
2019-09-03 20:27:02,999 [pool-7-thread-7] INFO  commands.RetriableDatanodeEventWatcher (RetriableDatanodeEventWatcher.java:onTimeout(47)) - RetriableDatanodeCommand type=deleteBlocksCommand with id=1567542408584 timed out. Retrying.
2019-09-03 20:27:03,007 [pool-7-thread-7] INFO  commands.RetriableDatanodeEventWatcher (RetriableDatanodeEventWatcher.java:onTimeout(47)) - RetriableDatanodeCommand type=deleteBlocksCommand with id=1567542408682 timed out. Retrying.
2019-09-03 20:27:03,012 [pool-7-thread-7] INFO  commands.RetriableDatanodeEventWatcher (RetriableDatanodeEventWatcher.java:onTimeout(47)) - RetriableDatanodeCommand type=deleteBlocksCommand with id=1567542408594 timed out. Retrying.
2019-09-03 20:27:03,013 [pool-7-thread-9] INFO  commands.RetriableDatanodeEventWatcher (RetriableDatanodeEventWatcher.java:onTimeout(47)) - RetriableDatanodeCommand type=deleteBlocksCommand with id=1567542408643 timed out. Retrying.
2019-09-03 20:27:03,023 [pool-7-thread-9] INFO  commands.RetriableDatanodeEventWatcher (RetriableDatanodeEventWatcher.java:onTimeout(47)) - RetriableDatanodeCommand type=deleteBlocksCommand with id=1567542408692 timed out. Retrying.
2019-09-03 20:27:03,033 [pool-7-thread-9] INFO  commands.RetriableDatanodeEventWatcher (RetriableDatanodeEventWatcher.java:onTimeout(47)) - RetriableDatanodeCommand type=deleteBlocksCommand with id=1567542408604 timed out. Retrying.
2019-09-03 20:27:03,041 [pool-7-thread-9] INFO  commands.RetriableDatanodeEventWatcher (RetriableDatanodeEventWatcher.java:onTimeout(47)) - RetriableDatanodeCommand type=deleteBlocksCommand with id=1567542408702 timed out. Retrying.
2019-09-03 20:27:03,042 [pool-7-thread-9] INFO  commands.RetriableDatanodeEventWatcher (RetriableDatanodeEventWatcher.java:onTimeout(47)) - RetriableDatanodeCommand type=deleteBlocksCommand with id=1567542408711 timed out. Retrying.
2019-09-03 20:27:03,047 [pool-7-thread-9] INFO  commands.RetriableDatanodeEventWatcher (RetriableDatanodeEventWatcher.java:onTimeout(47)) - RetriableDatanodeCommand type=deleteBlocksCommand with id=1567542408614 timed out. Retrying.
2019-09-03 20:27:03,062 [pool-7-thread-9] INFO  commands.RetriableDatanodeEventWatcher (RetriableDatanodeEventWatcher.java:onTimeout(47)) - RetriableDatanodeCommand type=deleteBlocksCommand with id=1567542408653 timed out. Retrying.
2019-09-03 20:27:03,068 [pool-7-thread-9] INFO  commands.RetriableDatanodeEventWatcher (RetriableDatanodeEventWatcher.java:onTimeout(47)) - RetriableDatanodeCommand type=deleteBlocksCommand with id=1567542408624 timed out. Retrying.
2019-09-03 20:27:03,078 [pool-7-thread-9] INFO  commands.RetriableDatanodeEventWatcher (RetriableDatanodeEventWatcher.java:onTimeout(47)) - RetriableDatanodeCommand type=deleteBlocksCommand with id=1567542408663 timed out. Retrying.
2019-09-03 20:27:03,082 [pool-7-thread-9] INFO  commands.RetriableDatanodeEventWatcher (RetriableDatanodeEventWatcher.java:onTimeout(47)) - RetriableDatanodeCommand type=deleteBlocksCommand with id=1567542408634 timed out. Retrying.
2019-09-03 20:27:03,093 [pool-7-thread-9] INFO  commands.RetriableDatanodeEventWatcher (RetriableDatanodeEventWatcher.java:onTimeout(47)) - RetriableDatanodeCommand type=deleteBlocksCommand with id=1567542408673 timed out. Retrying.
2019-09-03 20:27:03,099 [pool-7-thread-9] INFO  commands.RetriableDatanodeEventWatcher (RetriableDatanodeEventWatcher.java:onTimeout(47)) - RetriableDatanodeCommand type=deleteBlocksCommand with id=1567542408585 timed out. Retrying.
2019-09-03 20:27:03,109 [pool-7-thread-9] INFO  commands.RetriableDatanodeEventWatcher (RetriableDatanodeEventWatcher.java:onTimeout(47)) - RetriableDatanodeCommand type=deleteBlocksCommand with id=1567542408683 timed out. Retrying.
2019-09-03 20:27:03,113 [pool-7-thread-9] INFO  commands.RetriableDatanodeEventWatcher (RetriableDatanodeEventWatcher.java:onTimeout(47)) - RetriableDatanodeCommand type=deleteBlocksCommand with id=1567542408595 timed out. Retrying.
2019-09-03 20:27:03,117 [pool-7-thread-9] INFO  commands.RetriableDatanodeEventWatcher (RetriableDatanodeEventWatcher.java:onTimeout(47)) - RetriableDatanodeCommand type=deleteBlocksCommand with id=1567542408644 timed out. Retrying.
2019-09-03 20:27:03,124 [pool-7-thread-9] INFO  commands.RetriableDatanodeEventWatcher (RetriableDatanodeEventWatcher.java:onTimeout(47)) - RetriableDatanodeCommand type=deleteBlocksCommand with id=1567542408693 timed out. Retrying.
2019-09-03 20:27:03,132 [pool-7-thread-9] INFO  commands.RetriableDatanodeEventWatcher (RetriableDatanodeEventWatcher.java:onTimeout(47)) - RetriableDatanodeCommand type=deleteBlocksCommand with id=1567542408605 timed out. Retrying.
2019-09-03 20:27:03,143 [pool-7-thread-9] INFO  commands.RetriableDatanodeEventWatcher (RetriableDatanodeEventWatcher.java:onTimeout(47)) - RetriableDatanodeCommand type=deleteBlocksCommand with id=1567542408712 timed out. Retrying.
2019-09-03 20:27:03,231 [pool-7-thread-9] INFO  commands.RetriableDatanodeEventWatcher (RetriableDatanodeEventWatcher.java:onTimeout(47)) - RetriableDatanodeCommand type=deleteBlocksCommand with id=1567542408615 timed out. Retrying.
2019-09-03 20:27:03,232 [pool-7-thread-11] INFO  commands.RetriableDatanodeEventWatcher (RetriableDatanodeEventWatcher.java:onTimeout(47)) - RetriableDatanodeCommand type=deleteBlocksCommand with id=1567542408654 timed out. Retrying.
2019-09-03 20:27:03,232 [pool-7-thread-4] INFO  commands.RetriableDatanodeEventWatcher (RetriableDatanodeEventWatcher.java:onTimeout(47)) - RetriableDatanodeCommand type=deleteBlocksCommand with id=1567542408703 timed out. Retrying.
2019-09-03 20:27:03,232 [pool-7-thread-5] INFO  commands.RetriableDatanodeEventWatcher (RetriableDatanodeEventWatcher.java:onTimeout(47)) - RetriableDatanodeCommand type=deleteBlocksCommand with id=1567542408674 timed out. Retrying.
2019-09-03 20:27:03,232 [pool-7-thread-6] INFO  commands.RetriableDatanodeEventWatcher (RetriableDatanodeEventWatcher.java:onTimeout(47)) - RetriableDatanodeCommand type=deleteBlocksCommand with id=1567542408684 timed out. Retrying.
2019-09-03 20:27:03,233 [pool-7-thread-1] INFO  commands.RetriableDatanodeEventWatcher (RetriableDatanodeEventWatcher.java:onTimeout(47)) - RetriableDatanodeCommand type=deleteBlocksCommand with id=1567542408596 timed out. Retrying.
2019-09-03 20:27:03,233 [pool-7-thread-8] INFO  commands.RetriableDatanodeEventWatcher (RetriableDatanodeEventWatcher.java:onTimeout(47)) - RetriableDatanodeCommand type=deleteBlocksCommand with id=1567542408635 timed out. Retrying.
2019-09-03 20:27:03,233 [pool-7-thread-3] INFO  commands.RetriableDatanodeEventWatcher (RetriableDatanodeEventWatcher.java:onTimeout(47)) - RetriableDatanodeCommand type=deleteBlocksCommand with id=1567542408694 timed out. Retrying.
2019-09-03 20:27:03,233 [pool-7-thread-12] INFO  commands.RetriableDatanodeEventWatcher (RetriableDatanodeEventWatcher.java:onTimeout(47)) - RetriableDatanodeCommand type=deleteBlocksCommand with id=1567542408645 timed out. Retrying.
2019-09-03 20:27:03,233 [pool-7-thread-7] INFO  commands.RetriableDatanodeEventWatcher (RetriableDatanodeEventWatcher.java:onTimeout(47)) - RetriableDatanodeCommand type=deleteBlocksCommand with id=1567542408625 timed out. Retrying.
2019-09-03 20:27:03,234 [pool-7-thread-3] INFO  commands.RetriableDatanodeEventWatcher (RetriableDatanodeEventWatcher.java:onTimeout(47)) - RetriableDatanodeCommand type=deleteBlocksCommand with id=1567542408606 timed out. Retrying.
2019-09-03 20:27:03,234 [pool-7-thread-4] INFO  commands.RetriableDatanodeEventWatcher (RetriableDatanodeEventWatcher.java:onTimeout(47)) - RetriableDatanodeCommand type=deleteBlocksCommand with id=1567542408664 timed out. Retrying.
2019-09-03 20:27:03,234 [pool-7-thread-5] INFO  commands.RetriableDatanodeEventWatcher (RetriableDatanodeEventWatcher.java:onTimeout(47)) - RetriableDatanodeCommand type=deleteBlocksCommand with id=1567542408586 timed out. Retrying.
2019-09-03 20:27:03,244 [pool-7-thread-5] INFO  commands.RetriableDatanodeEventWatcher (RetriableDatanodeEventWatcher.java:onTimeout(47)) - RetriableDatanodeCommand type=deleteBlocksCommand with id=1567542408713 timed out. Retrying.
2019-09-03 20:27:03,253 [pool-7-thread-5] INFO  commands.RetriableDatanodeEventWatcher (RetriableDatanodeEventWatcher.java:onTimeout(47)) - RetriableDatanodeCommand type=deleteBlocksCommand with id=1567542408616 timed out. Retrying.
2019-09-03 20:27:03,264 [pool-7-thread-5] INFO  commands.RetriableDatanodeEventWatcher (RetriableDatanodeEventWatcher.java:onTimeout(47)) - RetriableDatanodeCommand type=deleteBlocksCommand with id=1567542408655 timed out. Retrying.
2019-09-03 20:27:03,270 [pool-7-thread-5] INFO  commands.RetriableDatanodeEventWatcher (RetriableDatanodeEventWatcher.java:onTimeout(47)) - RetriableDatanodeCommand type=deleteBlocksCommand with id=1567542408626 timed out. Retrying.
2019-09-03 20:27:03,280 [pool-7-thread-5] INFO  commands.RetriableDatanodeEventWatcher (RetriableDatanodeEventWatcher.java:onTimeout(47)) - RetriableDatanodeCommand type=deleteBlocksCommand with id=1567542408665 timed out. Retrying.
2019-09-03 20:27:03,286 [pool-7-thread-5] INFO  commands.RetriableDatanodeEventWatcher (RetriableDatanodeEventWatcher.java:onTimeout(47)) - RetriableDatanodeCommand type=deleteBlocksCommand with id=1567542408636 timed out. Retrying.
2019-09-03 20:27:03,297 [pool-7-thread-5] INFO  commands.RetriableDatanodeEventWatcher (RetriableDatanodeEventWatcher.java:onTimeout(47)) - RetriableDatanodeCommand type=deleteBlocksCommand with id=1567542408675 timed out. Retrying.
2019-09-03 20:27:03,302 [pool-7-thread-5] INFO  commands.RetriableDatanodeEventWatcher (RetriableDatanodeEventWatcher.java:onTimeout(47)) - RetriableDatanodeCommand type=deleteBlocksCommand with id=1567542408587 timed out. Retrying.
2019-09-03 20:27:03,313 [pool-7-thread-5] INFO  commands.RetriableDatanodeEventWatcher (RetriableDatanodeEventWatcher.java:onTimeout(47)) - RetriableDatanodeCommand type=deleteBlocksCommand with id=1567542408685 timed out. Retrying.
2019-09-03 20:27:03,320 [pool-7-thread-5] INFO  commands.RetriableDatanodeEventWatcher (RetriableDatanodeEventWatcher.java:onTimeout(47)) - RetriableDatanodeCommand type=deleteBlocksCommand with id=1567542408597 timed out. Retrying.
2019-09-03 20:27:03,320 [pool-7-thread-4] INFO  commands.RetriableDatanodeEventWatcher (RetriableDatanodeEventWatcher.java:onTimeout(47)) - RetriableDatanodeCommand type=deleteBlocksCommand with id=1567542408646 timed out. Retrying.
2019-09-03 20:27:03,329 [pool-7-thread-4] INFO  commands.RetriableDatanodeEventWatcher (RetriableDatanodeEventWatcher.java:onTimeout(47)) - RetriableDatanodeCommand type=deleteBlocksCommand with id=1567542408695 timed out. Retrying.
2019-09-03 20:27:03,332 [pool-7-thread-4] INFO  commands.RetriableDatanodeEventWatcher (RetriableDatanodeEventWatcher.java:onTimeout(47)) - RetriableDatanodeCommand type=deleteBlocksCommand with id=1567542408704 timed out. Retrying.
2019-09-03 20:27:03,332 [pool-7-thread-4] INFO  commands.RetriableDatanodeEventWatcher (RetriableDatanodeEventWatcher.java:onTimeout(47)) - RetriableDatanodeCommand type=deleteBlocksCommand with id=1567542408607 timed out. Retrying.
2019-09-03 20:27:03,346 [pool-7-thread-4] INFO  commands.RetriableDatanodeEventWatcher (RetriableDatanodeEventWatcher.java:onTimeout(47)) - RetriableDatanodeCommand type=deleteBlocksCommand with id=1567542408714 timed out. Retrying.
2019-09-03 20:27:03,354 [pool-7-thread-4] INFO  commands.RetriableDatanodeEventWatcher (RetriableDatanodeEventWatcher.java:onTimeout(47)) - RetriableDatanodeCommand type=deleteBlocksCommand with id=1567542408617 timed out. Retrying.
2019-09-03 20:27:03,364 [pool-7-thread-4] INFO  commands.RetriableDatanodeEventWatcher (RetriableDatanodeEventWatcher.java:onTimeout(47)) - RetriableDatanodeCommand type=deleteBlocksCommand with id=1567542408656 timed out. Retrying.
2019-09-03 20:27:03,370 [pool-7-thread-4] INFO  commands.RetriableDatanodeEventWatcher (RetriableDatanodeEventWatcher.java:onTimeout(47)) - RetriableDatanodeCommand type=deleteBlocksCommand with id=1567542408627 timed out. Retrying.
2019-09-03 20:27:03,383 [pool-7-thread-4] INFO  commands.RetriableDatanodeEventWatcher (RetriableDatanodeEventWatcher.java:onTimeout(47)) - RetriableDatanodeCommand type=deleteBlocksCommand with id=1567542408666 timed out. Retrying.
2019-09-03 20:27:03,398 [pool-7-thread-4] INFO  commands.RetriableDatanodeEventWatcher (RetriableDatanodeEventWatcher.java:onTimeout(47)) - RetriableDatanodeCommand type=deleteBlocksCommand with id=1567542408676 timed out. Retrying.
2019-09-03 20:27:03,406 [pool-7-thread-4] INFO  commands.RetriableDatanodeEventWatcher (RetriableDatanodeEventWatcher.java:onTimeout(47)) - RetriableDatanodeCommand type=deleteBlocksCommand with id=1567542408637 timed out. Retrying.
2019-09-03 20:27:03,406 [pool-7-thread-5] INFO  commands.RetriableDatanodeEventWatcher (RetriableDatanodeEventWatcher.java:onTimeout(47)) - RetriableDatanodeCommand type=deleteBlocksCommand with id=1567542408588 timed out. Retrying.
2019-09-03 20:27:03,413 [pool-7-thread-5] INFO  commands.RetriableDatanodeEventWatcher (RetriableDatanodeEventWatcher.java:onTimeout(47)) - RetriableDatanodeCommand type=deleteBlocksCommand with id=1567542408686 timed out. Retrying.
2019-09-03 20:27:03,421 [pool-7-thread-4] INFO  commands.RetriableDatanodeEventWatcher (RetriableDatanodeEventWatcher.java:onTimeout(47)) - RetriableDatanodeCommand type=deleteBlocksCommand with id=1567542408647 timed out. Retrying.
2019-09-03 20:27:03,421 [pool-7-thread-5] INFO  commands.RetriableDatanodeEventWatcher (RetriableDatanodeEventWatcher.java:onTimeout(47)) - RetriableDatanodeCommand type=deleteBlocksCommand with id=1567542408598 timed out. Retrying.
2019-09-03 20:27:03,429 [pool-7-thread-5] INFO  commands.RetriableDatanodeEventWatcher (RetriableDatanodeEventWatcher.java:onTimeout(47)) - RetriableDatanodeCommand type=deleteBlocksCommand with id=1567542408696 timed out. Retrying.
2019-09-03 20:27:03,434 [pool-7-thread-5] INFO  commands.RetriableDatanodeEventWatcher (RetriableDatanodeEventWatcher.java:onTimeout(47)) - RetriableDatanodeCommand type=deleteBlocksCommand with id=1567542408705 timed out. Retrying.
2019-09-03 20:27:03,438 [pool-7-thread-5] INFO  commands.RetriableDatanodeEventWatcher (RetriableDatanodeEventWatcher.java:onTimeout(47)) - RetriableDatanodeCommand type=deleteBlocksCommand with id=1567542408608 timed out. Retrying.
2019-09-03 20:27:03,447 [pool-7-thread-5] INFO  commands.RetriableDatanodeEventWatcher (RetriableDatanodeEventWatcher.java:onTimeout(47)) - RetriableDatanodeCommand type=deleteBlocksCommand with id=1567542408715 timed out. Retrying.
2019-09-03 20:27:03,457 [pool-7-thread-5] INFO  commands.RetriableDatanodeEventWatcher (RetriableDatanodeEventWatcher.java:onTimeout(47)) - RetriableDatanodeCommand type=deleteBlocksCommand with id=1567542408618 timed out. Retrying.
2019-09-03 20:27:03,465 [pool-7-thread-5] INFO  commands.RetriableDatanodeEventWatcher (RetriableDatanodeEventWatcher.java:onTimeout(47)) - RetriableDatanodeCommand type=deleteBlocksCommand with id=1567542408657 timed out. Retrying.
]]></system-out>
    <system-err><![CDATA[ERROR StatusLogger No Log4j 2 configuration file found. Using default configuration (logging only errors to the console), or user programmatically provided configurations. Set system property 'log4j2.debug' to show Log4j 2 internal initialization logging. See https://logging.apache.org/log4j/2.x/manual/configuration.html for instructions on how to configure Log4j 2
]]></system-err>
  </testcase>
</testsuite>