<?xml version="1.0" encoding="UTF-8"?>
<testsuite xmlns:xsi="http://www.w3.org/2001/XMLSchema-instance" xsi:noNamespaceSchemaLocation="https://maven.apache.org/surefire/maven-surefire-plugin/xsd/surefire-test-report.xsd" name="org.apache.hadoop.ozone.client.rpc.Test2WayCommitInRatis" time="30.83" tests="1" errors="1" skipped="0" failures="0">
  <properties>
    <property name="awt.toolkit" value="sun.awt.X11.XToolkit"/>
    <property name="file.encoding.pkg" value="sun.io"/>
    <property name="java.specification.version" value="1.8"/>
    <property name="sun.cpu.isalist" value=""/>
    <property name="sun.jnu.encoding" value="UTF-8"/>
    <property name="java.class.path" value="/workdir/hadoop-ozone/integration-test/target/test-classes:/workdir/hadoop-ozone/integration-test/target/classes:/home/user/.m2/repository/org/apache/hadoop/hadoop-ozone-common/0.5.0-SNAPSHOT/hadoop-ozone-common-0.5.0-SNAPSHOT.jar:/home/user/.m2/repository/org/apache/commons/commons-compress/1.4.1/commons-compress-1.4.1.jar:/home/user/.m2/repository/org/tukaani/xz/1.0/xz-1.0.jar:/home/user/.m2/repository/org/apache/hadoop/hadoop-common/3.2.0/hadoop-common-3.2.0.jar:/home/user/.m2/repository/org/apache/hadoop/hadoop-hdfs/3.2.0/hadoop-hdfs-3.2.0.jar:/home/user/.m2/repository/org/apache/hadoop/hadoop-hdfs-client/3.2.0/hadoop-hdfs-client-3.2.0.jar:/home/user/.m2/repository/com/fasterxml/jackson/core/jackson-annotations/2.9.5/jackson-annotations-2.9.5.jar:/home/user/.m2/repository/org/apache/hadoop/hadoop-hdds-common/0.5.0-SNAPSHOT/hadoop-hdds-common-0.5.0-SNAPSHOT.jar:/home/user/.m2/repository/javax/annotation/javax.annotation-api/1.2/javax.annotation-api-1.2.jar:/home/user/.m2/repository/org/apache/ratis/ratis-server/0.4.0-2337318-SNAPSHOT/ratis-server-0.4.0-2337318-SNAPSHOT.jar:/home/user/.m2/repository/org/apache/ratis/ratis-thirdparty-misc/0.2.0/ratis-thirdparty-misc-0.2.0.jar:/home/user/.m2/repository/org/apache/ratis/ratis-proto/0.4.0-2337318-SNAPSHOT/ratis-proto-0.4.0-2337318-SNAPSHOT.jar:/home/user/.m2/repository/org/apache/ratis/ratis-common/0.4.0-2337318-SNAPSHOT/ratis-common-0.4.0-2337318-SNAPSHOT.jar:/home/user/.m2/repository/org/apache/ratis/ratis-client/0.4.0-2337318-SNAPSHOT/ratis-client-0.4.0-2337318-SNAPSHOT.jar:/home/user/.m2/repository/org/apache/ratis/ratis-metrics/0.4.0-2337318-SNAPSHOT/ratis-metrics-0.4.0-2337318-SNAPSHOT.jar:/home/user/.m2/repository/org/apache/ratis/ratis-netty/0.4.0-2337318-SNAPSHOT/ratis-netty-0.4.0-2337318-SNAPSHOT.jar:/home/user/.m2/repository/org/apache/ratis/ratis-grpc/0.4.0-2337318-SNAPSHOT/ratis-grpc-0.4.0-2337318-SNAPSHOT.jar:/home/user/.m2/repository/org/rocksdb/rocksdbjni/6.0.1/rocksdbjni-6.0.1.jar:/home/user/.m2/repository/org/apache/logging/log4j/log4j-api/2.11.0/log4j-api-2.11.0.jar:/home/user/.m2/repository/org/apache/logging/log4j/log4j-core/2.11.0/log4j-core-2.11.0.jar:/home/user/.m2/repository/com/lmax/disruptor/3.4.2/disruptor-3.4.2.jar:/home/user/.m2/repository/org/apache/commons/commons-pool2/2.6.0/commons-pool2-2.6.0.jar:/home/user/.m2/repository/org/bouncycastle/bcpkix-jdk15on/1.60/bcpkix-jdk15on-1.60.jar:/home/user/.m2/repository/commons-validator/commons-validator/1.6/commons-validator-1.6.jar:/home/user/.m2/repository/commons-digester/commons-digester/1.8.1/commons-digester-1.8.1.jar:/home/user/.m2/repository/io/jaegertracing/jaeger-client/0.33.1/jaeger-client-0.33.1.jar:/home/user/.m2/repository/io/jaegertracing/jaeger-thrift/0.33.1/jaeger-thrift-0.33.1.jar:/home/user/.m2/repository/org/apache/thrift/libthrift/0.11.0/libthrift-0.11.0.jar:/home/user/.m2/repository/com/squareup/okhttp3/okhttp/3.9.0/okhttp-3.9.0.jar:/home/user/.m2/repository/com/squareup/okio/okio/1.13.0/okio-1.13.0.jar:/home/user/.m2/repository/io/jaegertracing/jaeger-core/0.33.1/jaeger-core-0.33.1.jar:/home/user/.m2/repository/io/jaegertracing/jaeger-tracerresolver/0.33.1/jaeger-tracerresolver-0.33.1.jar:/home/user/.m2/repository/io/opentracing/contrib/opentracing-tracerresolver/0.1.5/opentracing-tracerresolver-0.1.5.jar:/home/user/.m2/repository/io/opentracing/opentracing-util/0.31.0/opentracing-util-0.31.0.jar:/home/user/.m2/repository/io/opentracing/opentracing-api/0.31.0/opentracing-api-0.31.0.jar:/home/user/.m2/repository/io/opentracing/opentracing-noop/0.31.0/opentracing-noop-0.31.0.jar:/home/user/.m2/repository/org/apache/hadoop/hadoop-hdds-server-framework/0.5.0-SNAPSHOT/hadoop-hdds-server-framework-0.5.0-SNAPSHOT.jar:/home/user/.m2/repository/org/apache/hadoop/hadoop-hdds-container-service/0.5.0-SNAPSHOT/hadoop-hdds-container-service-0.5.0-SNAPSHOT.jar:/home/user/.m2/repository/org/apache/hadoop/hadoop-hdds-client/0.5.0-SNAPSHOT/hadoop-hdds-client-0.5.0-SNAPSHOT.jar:/home/user/.m2/repository/org/apache/hadoop/hadoop-hdds-tools/0.5.0-SNAPSHOT/hadoop-hdds-tools-0.5.0-SNAPSHOT.jar:/home/user/.m2/repository/org/apache/hadoop/hadoop-hdds-server-scm/0.5.0-SNAPSHOT/hadoop-hdds-server-scm-0.5.0-SNAPSHOT.jar:/home/user/.m2/repository/org/apache/hadoop/hadoop-hdds-docs/0.5.0-SNAPSHOT/hadoop-hdds-docs-0.5.0-SNAPSHOT.jar:/home/user/.m2/repository/io/dropwizard/metrics/metrics-core/3.2.4/metrics-core-3.2.4.jar:/home/user/.m2/repository/org/hamcrest/hamcrest-all/1.3/hamcrest-all-1.3.jar:/home/user/.m2/repository/org/bouncycastle/bcprov-jdk15on/1.60/bcprov-jdk15on-1.60.jar:/home/user/.m2/repository/info/picocli/picocli/3.9.6/picocli-3.9.6.jar:/home/user/.m2/repository/com/google/protobuf/protobuf-java/2.5.0/protobuf-java-2.5.0.jar:/home/user/.m2/repository/com/google/guava/guava/11.0.2/guava-11.0.2.jar:/home/user/.m2/repository/org/apache/hadoop/hadoop-ozone-ozone-manager/0.5.0-SNAPSHOT/hadoop-ozone-ozone-manager-0.5.0-SNAPSHOT.jar:/home/user/.m2/repository/org/apache/hadoop/hadoop-minikdc/3.2.0/hadoop-minikdc-3.2.0.jar:/home/user/.m2/repository/commons-io/commons-io/2.5/commons-io-2.5.jar:/home/user/.m2/repository/org/apache/kerby/kerb-simplekdc/1.0.1/kerb-simplekdc-1.0.1.jar:/home/user/.m2/repository/org/apache/kerby/kerb-client/1.0.1/kerb-client-1.0.1.jar:/home/user/.m2/repository/org/apache/kerby/kerby-config/1.0.1/kerby-config-1.0.1.jar:/home/user/.m2/repository/org/apache/kerby/kerb-core/1.0.1/kerb-core-1.0.1.jar:/home/user/.m2/repository/org/apache/kerby/kerby-pkix/1.0.1/kerby-pkix-1.0.1.jar:/home/user/.m2/repository/org/apache/kerby/kerby-asn1/1.0.1/kerby-asn1-1.0.1.jar:/home/user/.m2/repository/org/apache/kerby/kerby-util/1.0.1/kerby-util-1.0.1.jar:/home/user/.m2/repository/org/apache/kerby/kerb-common/1.0.1/kerb-common-1.0.1.jar:/home/user/.m2/repository/org/apache/kerby/kerb-crypto/1.0.1/kerb-crypto-1.0.1.jar:/home/user/.m2/repository/org/apache/kerby/kerb-util/1.0.1/kerb-util-1.0.1.jar:/home/user/.m2/repository/org/apache/kerby/token-provider/1.0.1/token-provider-1.0.1.jar:/home/user/.m2/repository/org/apache/kerby/kerb-admin/1.0.1/kerb-admin-1.0.1.jar:/home/user/.m2/repository/org/apache/kerby/kerb-server/1.0.1/kerb-server-1.0.1.jar:/home/user/.m2/repository/org/apache/kerby/kerb-identity/1.0.1/kerb-identity-1.0.1.jar:/home/user/.m2/repository/org/apache/kerby/kerby-xdr/1.0.1/kerby-xdr-1.0.1.jar:/home/user/.m2/repository/org/slf4j/slf4j-log4j12/1.7.25/slf4j-log4j12-1.7.25.jar:/home/user/.m2/repository/org/apache/hadoop/hadoop-ozone-s3gateway/0.5.0-SNAPSHOT/hadoop-ozone-s3gateway-0.5.0-SNAPSHOT.jar:/home/user/.m2/repository/org/jboss/weld/servlet/weld-servlet/2.4.7.Final/weld-servlet-2.4.7.Final.jar:/home/user/.m2/repository/org/glassfish/jersey/containers/jersey-container-servlet-core/2.27/jersey-container-servlet-core-2.27.jar:/home/user/.m2/repository/org/glassfish/hk2/external/javax.inject/2.5.0-b42/javax.inject-2.5.0-b42.jar:/home/user/.m2/repository/org/glassfish/jersey/core/jersey-common/2.27/jersey-common-2.27.jar:/home/user/.m2/repository/org/glassfish/hk2/osgi-resource-locator/1.0.1/osgi-resource-locator-1.0.1.jar:/home/user/.m2/repository/javax/ws/rs/javax.ws.rs-api/2.1/javax.ws.rs-api-2.1.jar:/home/user/.m2/repository/org/glassfish/jersey/ext/cdi/jersey-cdi1x/2.27/jersey-cdi1x-2.27.jar:/home/user/.m2/repository/org/glassfish/jersey/inject/jersey-hk2/2.27/jersey-hk2-2.27.jar:/home/user/.m2/repository/org/glassfish/hk2/hk2-locator/2.5.0-b42/hk2-locator-2.5.0-b42.jar:/home/user/.m2/repository/org/javassist/javassist/3.22.0-CR2/javassist-3.22.0-CR2.jar:/home/user/.m2/repository/org/glassfish/hk2/hk2-api/2.5.0/hk2-api-2.5.0.jar:/home/user/.m2/repository/org/glassfish/hk2/external/jakarta.inject/2.5.0/jakarta.inject-2.5.0.jar:/home/user/.m2/repository/org/glassfish/hk2/hk2-utils/2.5.0/hk2-utils-2.5.0.jar:/home/user/.m2/repository/jakarta/annotation/jakarta.annotation-api/1.3.4/jakarta.annotation-api-1.3.4.jar:/home/user/.m2/repository/org/glassfish/hk2/external/aopalliance-repackaged/2.5.0/aopalliance-repackaged-2.5.0.jar:/home/user/.m2/repository/com/fasterxml/jackson/dataformat/jackson-dataformat-xml/2.9.0/jackson-dataformat-xml-2.9.0.jar:/home/user/.m2/repository/com/fasterxml/jackson/core/jackson-core/2.9.5/jackson-core-2.9.5.jar:/home/user/.m2/repository/com/fasterxml/jackson/module/jackson-module-jaxb-annotations/2.9.5/jackson-module-jaxb-annotations-2.9.5.jar:/home/user/.m2/repository/javax/enterprise/cdi-api/1.2/cdi-api-1.2.jar:/home/user/.m2/repository/javax/el/javax.el-api/3.0.0/javax.el-api-3.0.0.jar:/home/user/.m2/repository/javax/interceptor/javax.interceptor-api/1.2/javax.interceptor-api-1.2.jar:/home/user/.m2/repository/javax/inject/javax.inject/1/javax.inject-1.jar:/home/user/.m2/repository/com/sun/xml/bind/jaxb-impl/2.3.0.1/jaxb-impl-2.3.0.1.jar:/home/user/.m2/repository/com/sun/xml/bind/jaxb-core/2.3.0.1/jaxb-core-2.3.0.1.jar:/home/user/.m2/repository/javax/xml/bind/jaxb-api/2.3.0/jaxb-api-2.3.0.jar:/home/user/.m2/repository/javax/activation/activation/1.1.1/activation-1.1.1.jar:/home/user/.m2/repository/org/apache/hadoop/hadoop-ozone-csi/0.5.0-SNAPSHOT/hadoop-ozone-csi-0.5.0-SNAPSHOT.jar:/home/user/.m2/repository/com/google/protobuf/protobuf-java-util/3.5.1/protobuf-java-util-3.5.1.jar:/home/user/.m2/repository/org/apache/hadoop/hadoop-hdds-config/0.5.0-SNAPSHOT/hadoop-hdds-config-0.5.0-SNAPSHOT.jar:/home/user/.m2/repository/io/grpc/grpc-netty/1.17.1/grpc-netty-1.17.1.jar:/home/user/.m2/repository/io/grpc/grpc-core/1.17.1/grpc-core-1.17.1.jar:/home/user/.m2/repository/io/grpc/grpc-context/1.17.1/grpc-context-1.17.1.jar:/home/user/.m2/repository/com/google/errorprone/error_prone_annotations/2.2.0/error_prone_annotations-2.2.0.jar:/home/user/.m2/repository/org/codehaus/mojo/animal-sniffer-annotations/1.17/animal-sniffer-annotations-1.17.jar:/home/user/.m2/repository/io/opencensus/opencensus-api/0.17.0/opencensus-api-0.17.0.jar:/home/user/.m2/repository/io/opencensus/opencensus-contrib-grpc-metrics/0.17.0/opencensus-contrib-grpc-metrics-0.17.0.jar:/home/user/.m2/repository/io/netty/netty-codec-http2/4.1.30.Final/netty-codec-http2-4.1.30.Final.jar:/home/user/.m2/repository/io/netty/netty-codec-http/4.1.30.Final/netty-codec-http-4.1.30.Final.jar:/home/user/.m2/repository/io/netty/netty-codec/4.1.30.Final/netty-codec-4.1.30.Final.jar:/home/user/.m2/repository/io/netty/netty-handler/4.1.30.Final/netty-handler-4.1.30.Final.jar:/home/user/.m2/repository/io/netty/netty-handler-proxy/4.1.30.Final/netty-handler-proxy-4.1.30.Final.jar:/home/user/.m2/repository/io/netty/netty-codec-socks/4.1.30.Final/netty-codec-socks-4.1.30.Final.jar:/home/user/.m2/repository/io/netty/netty-transport-native-epoll/4.1.30.Final/netty-transport-native-epoll-4.1.30.Final.jar:/home/user/.m2/repository/io/netty/netty-common/4.1.30.Final/netty-common-4.1.30.Final.jar:/home/user/.m2/repository/io/netty/netty-buffer/4.1.30.Final/netty-buffer-4.1.30.Final.jar:/home/user/.m2/repository/io/netty/netty-transport/4.1.30.Final/netty-transport-4.1.30.Final.jar:/home/user/.m2/repository/io/netty/netty-resolver/4.1.30.Final/netty-resolver-4.1.30.Final.jar:/home/user/.m2/repository/io/netty/netty-transport-native-unix-common/4.1.30.Final/netty-transport-native-unix-common-4.1.30.Final.jar:/home/user/.m2/repository/io/grpc/grpc-protobuf/1.17.1/grpc-protobuf-1.17.1.jar:/home/user/.m2/repository/com/google/api/grpc/proto-google-common-protos/1.0.0/proto-google-common-protos-1.0.0.jar:/home/user/.m2/repository/io/grpc/grpc-protobuf-lite/1.17.1/grpc-protobuf-lite-1.17.1.jar:/home/user/.m2/repository/io/grpc/grpc-stub/1.17.1/grpc-stub-1.17.1.jar:/home/user/.m2/repository/org/apache/hadoop/hadoop-ozone-recon/0.5.0-SNAPSHOT/hadoop-ozone-recon-0.5.0-SNAPSHOT.jar:/home/user/.m2/repository/org/apache/hadoop/hadoop-ozone-reconcodegen/0.5.0-SNAPSHOT/hadoop-ozone-reconcodegen-0.5.0-SNAPSHOT.jar:/home/user/.m2/repository/com/google/inject/extensions/guice-multibindings/4.0/guice-multibindings-4.0.jar:/home/user/.m2/repository/com/google/inject/guice/4.0/guice-4.0.jar:/home/user/.m2/repository/aopalliance/aopalliance/1.0/aopalliance-1.0.jar:/home/user/.m2/repository/com/google/inject/extensions/guice-servlet/4.0/guice-servlet-4.0.jar:/home/user/.m2/repository/org/glassfish/jersey/containers/jersey-container-servlet/2.27/jersey-container-servlet-2.27.jar:/home/user/.m2/repository/org/glassfish/hk2/guice-bridge/2.5.0/guice-bridge-2.5.0.jar:/home/user/.m2/repository/org/glassfish/jersey/core/jersey-server/2.27/jersey-server-2.27.jar:/home/user/.m2/repository/org/glassfish/jersey/core/jersey-client/2.27/jersey-client-2.27.jar:/home/user/.m2/repository/org/glassfish/jersey/media/jersey-media-jaxb/2.27/jersey-media-jaxb-2.27.jar:/home/user/.m2/repository/javax/validation/validation-api/1.1.0.Final/validation-api-1.1.0.Final.jar:/home/user/.m2/repository/org/glassfish/jersey/media/jersey-media-json-jackson/2.27/jersey-media-json-jackson-2.27.jar:/home/user/.m2/repository/org/glassfish/jersey/ext/jersey-entity-filtering/2.27/jersey-entity-filtering-2.27.jar:/home/user/.m2/repository/com/google/inject/extensions/guice-assistedinject/4.0/guice-assistedinject-4.0.jar:/home/user/.m2/repository/org/jooq/jooq/3.11.10/jooq-3.11.10.jar:/home/user/.m2/repository/org/jooq/jooq-meta/3.11.10/jooq-meta-3.11.10.jar:/home/user/.m2/repository/org/jooq/jooq-codegen/3.11.10/jooq-codegen-3.11.10.jar:/home/user/.m2/repository/com/jolbox/bonecp/0.8.0.RELEASE/bonecp-0.8.0.RELEASE.jar:/home/user/.m2/repository/org/xerial/sqlite-jdbc/3.25.2/sqlite-jdbc-3.25.2.jar:/home/user/.m2/repository/org/springframework/spring-jdbc/5.1.3.RELEASE/spring-jdbc-5.1.3.RELEASE.jar:/home/user/.m2/repository/org/springframework/spring-beans/5.1.3.RELEASE/spring-beans-5.1.3.RELEASE.jar:/home/user/.m2/repository/org/springframework/spring-core/5.1.3.RELEASE/spring-core-5.1.3.RELEASE.jar:/home/user/.m2/repository/org/springframework/spring-jcl/5.1.3.RELEASE/spring-jcl-5.1.3.RELEASE.jar:/home/user/.m2/repository/org/springframework/spring-tx/5.1.3.RELEASE/spring-tx-5.1.3.RELEASE.jar:/home/user/.m2/repository/org/apache/hadoop/hadoop-ozone-client/0.5.0-SNAPSHOT/hadoop-ozone-client-0.5.0-SNAPSHOT.jar:/home/user/.m2/repository/commons-lang/commons-lang/2.6/commons-lang-2.6.jar:/home/user/.m2/repository/org/apache/hadoop/hadoop-ozone-ozone-manager/0.5.0-SNAPSHOT/hadoop-ozone-ozone-manager-0.5.0-SNAPSHOT-tests.jar:/home/user/.m2/repository/junit/junit/4.11/junit-4.11.jar:/home/user/.m2/repository/org/hamcrest/hamcrest-core/1.3/hamcrest-core-1.3.jar:/home/user/.m2/repository/org/openjdk/jmh/jmh-core/1.19/jmh-core-1.19.jar:/home/user/.m2/repository/net/sf/jopt-simple/jopt-simple/4.6/jopt-simple-4.6.jar:/home/user/.m2/repository/org/apache/commons/commons-math3/3.1.1/commons-math3-3.1.1.jar:/home/user/.m2/repository/org/openjdk/jmh/jmh-generator-annprocess/1.19/jmh-generator-annprocess-1.19.jar:/home/user/.m2/repository/org/mockito/mockito-all/1.8.5/mockito-all-1.8.5.jar:/home/user/.m2/repository/org/apache/hadoop/hadoop-kms/3.2.0/hadoop-kms-3.2.0.jar:/home/user/.m2/repository/org/apache/hadoop/hadoop-auth/3.2.0/hadoop-auth-3.2.0.jar:/home/user/.m2/repository/com/nimbusds/nimbus-jose-jwt/4.41.1/nimbus-jose-jwt-4.41.1.jar:/home/user/.m2/repository/com/github/stephenc/jcip/jcip-annotations/1.0-1/jcip-annotations-1.0-1.jar:/home/user/.m2/repository/net/minidev/json-smart/2.3/json-smart-2.3.jar:/home/user/.m2/repository/net/minidev/accessors-smart/1.2/accessors-smart-1.2.jar:/home/user/.m2/repository/org/ow2/asm/asm/5.0.4/asm-5.0.4.jar:/home/user/.m2/repository/org/apache/curator/curator-framework/2.12.0/curator-framework-2.12.0.jar:/home/user/.m2/repository/com/sun/jersey/jersey-core/1.19/jersey-core-1.19.jar:/home/user/.m2/repository/javax/ws/rs/jsr311-api/1.1.1/jsr311-api-1.1.1.jar:/home/user/.m2/repository/com/sun/jersey/jersey-server/1.19/jersey-server-1.19.jar:/home/user/.m2/repository/javax/servlet/javax.servlet-api/3.1.0/javax.servlet-api-3.1.0.jar:/home/user/.m2/repository/org/eclipse/jetty/jetty-server/9.3.24.v20180605/jetty-server-9.3.24.v20180605.jar:/home/user/.m2/repository/org/eclipse/jetty/jetty-http/9.3.24.v20180605/jetty-http-9.3.24.v20180605.jar:/home/user/.m2/repository/org/eclipse/jetty/jetty-io/9.3.24.v20180605/jetty-io-9.3.24.v20180605.jar:/home/user/.m2/repository/org/eclipse/jetty/jetty-webapp/9.3.24.v20180605/jetty-webapp-9.3.24.v20180605.jar:/home/user/.m2/repository/org/eclipse/jetty/jetty-xml/9.3.24.v20180605/jetty-xml-9.3.24.v20180605.jar:/home/user/.m2/repository/log4j/log4j/1.2.17/log4j-1.2.17.jar:/home/user/.m2/repository/org/slf4j/slf4j-api/1.7.25/slf4j-api-1.7.25.jar:/home/user/.m2/repository/org/slf4j/jul-to-slf4j/1.7.25/jul-to-slf4j-1.7.25.jar:/home/user/.m2/repository/org/eclipse/jetty/jetty-util/9.3.24.v20180605/jetty-util-9.3.24.v20180605.jar:/home/user/.m2/repository/com/fasterxml/jackson/core/jackson-databind/2.9.5/jackson-databind-2.9.5.jar:/home/user/.m2/repository/org/apache/hadoop/hadoop-kms/3.2.0/hadoop-kms-3.2.0-tests.jar:/home/user/.m2/repository/org/apache/hadoop/hadoop-hdds-server-scm/0.5.0-SNAPSHOT/hadoop-hdds-server-scm-0.5.0-SNAPSHOT-tests.jar:/home/user/.m2/repository/org/apache/hadoop/hadoop-hdds-container-service/0.5.0-SNAPSHOT/hadoop-hdds-container-service-0.5.0-SNAPSHOT-tests.jar:/home/user/.m2/repository/org/yaml/snakeyaml/1.16/snakeyaml-1.16.jar:/home/user/.m2/repository/org/apache/hadoop/hadoop-common/3.2.0/hadoop-common-3.2.0-tests.jar:/home/user/.m2/repository/org/apache/hadoop/hadoop-annotations/3.2.0/hadoop-annotations-3.2.0.jar:/usr/lib/jvm/java-1.8-openjdk/jre/../lib/tools.jar:/home/user/.m2/repository/commons-cli/commons-cli/1.2/commons-cli-1.2.jar:/home/user/.m2/repository/org/apache/httpcomponents/httpclient/4.5.2/httpclient-4.5.2.jar:/home/user/.m2/repository/org/apache/httpcomponents/httpcore/4.4.4/httpcore-4.4.4.jar:/home/user/.m2/repository/commons-codec/commons-codec/1.11/commons-codec-1.11.jar:/home/user/.m2/repository/commons-net/commons-net/3.6/commons-net-3.6.jar:/home/user/.m2/repository/commons-collections/commons-collections/3.2.2/commons-collections-3.2.2.jar:/home/user/.m2/repository/org/eclipse/jetty/jetty-servlet/9.3.24.v20180605/jetty-servlet-9.3.24.v20180605.jar:/home/user/.m2/repository/org/eclipse/jetty/jetty-security/9.3.24.v20180605/jetty-security-9.3.24.v20180605.jar:/home/user/.m2/repository/javax/servlet/jsp/jsp-api/2.1/jsp-api-2.1.jar:/home/user/.m2/repository/com/sun/jersey/jersey-servlet/1.19/jersey-servlet-1.19.jar:/home/user/.m2/repository/com/sun/jersey/jersey-json/1.19/jersey-json-1.19.jar:/home/user/.m2/repository/org/codehaus/jettison/jettison/1.1/jettison-1.1.jar:/home/user/.m2/repository/org/codehaus/jackson/jackson-core-asl/1.9.13/jackson-core-asl-1.9.13.jar:/home/user/.m2/repository/org/codehaus/jackson/jackson-mapper-asl/1.9.13/jackson-mapper-asl-1.9.13.jar:/home/user/.m2/repository/org/codehaus/jackson/jackson-jaxrs/1.9.13/jackson-jaxrs-1.9.13.jar:/home/user/.m2/repository/org/codehaus/jackson/jackson-xc/1.9.13/jackson-xc-1.9.13.jar:/home/user/.m2/repository/commons-logging/commons-logging/1.1.3/commons-logging-1.1.3.jar:/home/user/.m2/repository/commons-beanutils/commons-beanutils/1.9.3/commons-beanutils-1.9.3.jar:/home/user/.m2/repository/org/apache/commons/commons-configuration2/2.1.1/commons-configuration2-2.1.1.jar:/home/user/.m2/repository/org/apache/commons/commons-lang3/3.7/commons-lang3-3.7.jar:/home/user/.m2/repository/org/apache/commons/commons-text/1.4/commons-text-1.4.jar:/home/user/.m2/repository/org/apache/avro/avro/1.7.7/avro-1.7.7.jar:/home/user/.m2/repository/com/thoughtworks/paranamer/paranamer/2.3/paranamer-2.3.jar:/home/user/.m2/repository/org/xerial/snappy/snappy-java/1.0.5/snappy-java-1.0.5.jar:/home/user/.m2/repository/com/google/re2j/re2j/1.1/re2j-1.1.jar:/home/user/.m2/repository/com/google/code/gson/gson/2.2.4/gson-2.2.4.jar:/home/user/.m2/repository/com/jcraft/jsch/0.1.54/jsch-0.1.54.jar:/home/user/.m2/repository/org/apache/curator/curator-client/2.12.0/curator-client-2.12.0.jar:/home/user/.m2/repository/org/apache/curator/curator-recipes/2.12.0/curator-recipes-2.12.0.jar:/home/user/.m2/repository/com/google/code/findbugs/jsr305/3.0.0/jsr305-3.0.0.jar:/home/user/.m2/repository/org/apache/htrace/htrace-core4/4.1.0-incubating/htrace-core4-4.1.0-incubating.jar:/home/user/.m2/repository/org/apache/zookeeper/zookeeper/3.4.13/zookeeper-3.4.13.jar:/home/user/.m2/repository/org/apache/yetus/audience-annotations/0.5.0/audience-annotations-0.5.0.jar:/home/user/.m2/repository/org/codehaus/woodstox/stax2-api/3.1.4/stax2-api-3.1.4.jar:/home/user/.m2/repository/com/fasterxml/woodstox/woodstox-core/5.0.3/woodstox-core-5.0.3.jar:/home/user/.m2/repository/dnsjava/dnsjava/2.1.7/dnsjava-2.1.7.jar:/home/user/.m2/repository/org/apache/hadoop/hadoop-hdfs/3.2.0/hadoop-hdfs-3.2.0-tests.jar:/home/user/.m2/repository/org/eclipse/jetty/jetty-util-ajax/9.3.24.v20180605/jetty-util-ajax-9.3.24.v20180605.jar:/home/user/.m2/repository/commons-daemon/commons-daemon/1.0.13/commons-daemon-1.0.13.jar:/home/user/.m2/repository/io/netty/netty/3.10.5.Final/netty-3.10.5.Final.jar:/home/user/.m2/repository/io/netty/netty-all/4.0.52.Final/netty-all-4.0.52.Final.jar:/home/user/.m2/repository/org/fusesource/leveldbjni/leveldbjni-all/1.8/leveldbjni-all-1.8.jar:"/>
    <property name="java.vm.vendor" value="IcedTea"/>
    <property name="sun.arch.data.model" value="64"/>
    <property name="test.build.dir" value="/workdir/hadoop-ozone/integration-test/target/test-dir"/>
    <property name="test.cache.data" value=""/>
    <property name="java.vendor.url" value="https://icedtea.classpath.org"/>
    <property name="user.timezone" value=""/>
    <property name="java.vm.specification.version" value="1.8"/>
    <property name="os.name" value="Linux"/>
    <property name="test.build.data" value="/workdir/hadoop-ozone/integration-test/target/test-dir"/>
    <property name="user.country" value="US"/>
    <property name="sun.java.launcher" value="SUN_STANDARD"/>
    <property name="sun.boot.library.path" value="/usr/lib/jvm/java-1.8-openjdk/jre/lib/amd64"/>
    <property name="sun.java.command" value="/workdir/hadoop-ozone/integration-test/target/surefire/surefirebooter2935464119588226476.jar /workdir/hadoop-ozone/integration-test/target/surefire 2019-09-03T19-04-25_743-jvmRun1 surefire5302116039296915175tmp surefire_154913454664136202830tmp"/>
    <property name="test" value="!TestMiniChaosOzoneCluster"/>
    <property name="surefire.test.class.path" value="/workdir/hadoop-ozone/integration-test/target/test-classes:/workdir/hadoop-ozone/integration-test/target/classes:/home/user/.m2/repository/org/apache/hadoop/hadoop-ozone-common/0.5.0-SNAPSHOT/hadoop-ozone-common-0.5.0-SNAPSHOT.jar:/home/user/.m2/repository/org/apache/commons/commons-compress/1.4.1/commons-compress-1.4.1.jar:/home/user/.m2/repository/org/tukaani/xz/1.0/xz-1.0.jar:/home/user/.m2/repository/org/apache/hadoop/hadoop-common/3.2.0/hadoop-common-3.2.0.jar:/home/user/.m2/repository/org/apache/hadoop/hadoop-hdfs/3.2.0/hadoop-hdfs-3.2.0.jar:/home/user/.m2/repository/org/apache/hadoop/hadoop-hdfs-client/3.2.0/hadoop-hdfs-client-3.2.0.jar:/home/user/.m2/repository/com/fasterxml/jackson/core/jackson-annotations/2.9.5/jackson-annotations-2.9.5.jar:/home/user/.m2/repository/org/apache/hadoop/hadoop-hdds-common/0.5.0-SNAPSHOT/hadoop-hdds-common-0.5.0-SNAPSHOT.jar:/home/user/.m2/repository/javax/annotation/javax.annotation-api/1.2/javax.annotation-api-1.2.jar:/home/user/.m2/repository/org/apache/ratis/ratis-server/0.4.0-2337318-SNAPSHOT/ratis-server-0.4.0-2337318-SNAPSHOT.jar:/home/user/.m2/repository/org/apache/ratis/ratis-thirdparty-misc/0.2.0/ratis-thirdparty-misc-0.2.0.jar:/home/user/.m2/repository/org/apache/ratis/ratis-proto/0.4.0-2337318-SNAPSHOT/ratis-proto-0.4.0-2337318-SNAPSHOT.jar:/home/user/.m2/repository/org/apache/ratis/ratis-common/0.4.0-2337318-SNAPSHOT/ratis-common-0.4.0-2337318-SNAPSHOT.jar:/home/user/.m2/repository/org/apache/ratis/ratis-client/0.4.0-2337318-SNAPSHOT/ratis-client-0.4.0-2337318-SNAPSHOT.jar:/home/user/.m2/repository/org/apache/ratis/ratis-metrics/0.4.0-2337318-SNAPSHOT/ratis-metrics-0.4.0-2337318-SNAPSHOT.jar:/home/user/.m2/repository/org/apache/ratis/ratis-netty/0.4.0-2337318-SNAPSHOT/ratis-netty-0.4.0-2337318-SNAPSHOT.jar:/home/user/.m2/repository/org/apache/ratis/ratis-grpc/0.4.0-2337318-SNAPSHOT/ratis-grpc-0.4.0-2337318-SNAPSHOT.jar:/home/user/.m2/repository/org/rocksdb/rocksdbjni/6.0.1/rocksdbjni-6.0.1.jar:/home/user/.m2/repository/org/apache/logging/log4j/log4j-api/2.11.0/log4j-api-2.11.0.jar:/home/user/.m2/repository/org/apache/logging/log4j/log4j-core/2.11.0/log4j-core-2.11.0.jar:/home/user/.m2/repository/com/lmax/disruptor/3.4.2/disruptor-3.4.2.jar:/home/user/.m2/repository/org/apache/commons/commons-pool2/2.6.0/commons-pool2-2.6.0.jar:/home/user/.m2/repository/org/bouncycastle/bcpkix-jdk15on/1.60/bcpkix-jdk15on-1.60.jar:/home/user/.m2/repository/commons-validator/commons-validator/1.6/commons-validator-1.6.jar:/home/user/.m2/repository/commons-digester/commons-digester/1.8.1/commons-digester-1.8.1.jar:/home/user/.m2/repository/io/jaegertracing/jaeger-client/0.33.1/jaeger-client-0.33.1.jar:/home/user/.m2/repository/io/jaegertracing/jaeger-thrift/0.33.1/jaeger-thrift-0.33.1.jar:/home/user/.m2/repository/org/apache/thrift/libthrift/0.11.0/libthrift-0.11.0.jar:/home/user/.m2/repository/com/squareup/okhttp3/okhttp/3.9.0/okhttp-3.9.0.jar:/home/user/.m2/repository/com/squareup/okio/okio/1.13.0/okio-1.13.0.jar:/home/user/.m2/repository/io/jaegertracing/jaeger-core/0.33.1/jaeger-core-0.33.1.jar:/home/user/.m2/repository/io/jaegertracing/jaeger-tracerresolver/0.33.1/jaeger-tracerresolver-0.33.1.jar:/home/user/.m2/repository/io/opentracing/contrib/opentracing-tracerresolver/0.1.5/opentracing-tracerresolver-0.1.5.jar:/home/user/.m2/repository/io/opentracing/opentracing-util/0.31.0/opentracing-util-0.31.0.jar:/home/user/.m2/repository/io/opentracing/opentracing-api/0.31.0/opentracing-api-0.31.0.jar:/home/user/.m2/repository/io/opentracing/opentracing-noop/0.31.0/opentracing-noop-0.31.0.jar:/home/user/.m2/repository/org/apache/hadoop/hadoop-hdds-server-framework/0.5.0-SNAPSHOT/hadoop-hdds-server-framework-0.5.0-SNAPSHOT.jar:/home/user/.m2/repository/org/apache/hadoop/hadoop-hdds-container-service/0.5.0-SNAPSHOT/hadoop-hdds-container-service-0.5.0-SNAPSHOT.jar:/home/user/.m2/repository/org/apache/hadoop/hadoop-hdds-client/0.5.0-SNAPSHOT/hadoop-hdds-client-0.5.0-SNAPSHOT.jar:/home/user/.m2/repository/org/apache/hadoop/hadoop-hdds-tools/0.5.0-SNAPSHOT/hadoop-hdds-tools-0.5.0-SNAPSHOT.jar:/home/user/.m2/repository/org/apache/hadoop/hadoop-hdds-server-scm/0.5.0-SNAPSHOT/hadoop-hdds-server-scm-0.5.0-SNAPSHOT.jar:/home/user/.m2/repository/org/apache/hadoop/hadoop-hdds-docs/0.5.0-SNAPSHOT/hadoop-hdds-docs-0.5.0-SNAPSHOT.jar:/home/user/.m2/repository/io/dropwizard/metrics/metrics-core/3.2.4/metrics-core-3.2.4.jar:/home/user/.m2/repository/org/hamcrest/hamcrest-all/1.3/hamcrest-all-1.3.jar:/home/user/.m2/repository/org/bouncycastle/bcprov-jdk15on/1.60/bcprov-jdk15on-1.60.jar:/home/user/.m2/repository/info/picocli/picocli/3.9.6/picocli-3.9.6.jar:/home/user/.m2/repository/com/google/protobuf/protobuf-java/2.5.0/protobuf-java-2.5.0.jar:/home/user/.m2/repository/com/google/guava/guava/11.0.2/guava-11.0.2.jar:/home/user/.m2/repository/org/apache/hadoop/hadoop-ozone-ozone-manager/0.5.0-SNAPSHOT/hadoop-ozone-ozone-manager-0.5.0-SNAPSHOT.jar:/home/user/.m2/repository/org/apache/hadoop/hadoop-minikdc/3.2.0/hadoop-minikdc-3.2.0.jar:/home/user/.m2/repository/commons-io/commons-io/2.5/commons-io-2.5.jar:/home/user/.m2/repository/org/apache/kerby/kerb-simplekdc/1.0.1/kerb-simplekdc-1.0.1.jar:/home/user/.m2/repository/org/apache/kerby/kerb-client/1.0.1/kerb-client-1.0.1.jar:/home/user/.m2/repository/org/apache/kerby/kerby-config/1.0.1/kerby-config-1.0.1.jar:/home/user/.m2/repository/org/apache/kerby/kerb-core/1.0.1/kerb-core-1.0.1.jar:/home/user/.m2/repository/org/apache/kerby/kerby-pkix/1.0.1/kerby-pkix-1.0.1.jar:/home/user/.m2/repository/org/apache/kerby/kerby-asn1/1.0.1/kerby-asn1-1.0.1.jar:/home/user/.m2/repository/org/apache/kerby/kerby-util/1.0.1/kerby-util-1.0.1.jar:/home/user/.m2/repository/org/apache/kerby/kerb-common/1.0.1/kerb-common-1.0.1.jar:/home/user/.m2/repository/org/apache/kerby/kerb-crypto/1.0.1/kerb-crypto-1.0.1.jar:/home/user/.m2/repository/org/apache/kerby/kerb-util/1.0.1/kerb-util-1.0.1.jar:/home/user/.m2/repository/org/apache/kerby/token-provider/1.0.1/token-provider-1.0.1.jar:/home/user/.m2/repository/org/apache/kerby/kerb-admin/1.0.1/kerb-admin-1.0.1.jar:/home/user/.m2/repository/org/apache/kerby/kerb-server/1.0.1/kerb-server-1.0.1.jar:/home/user/.m2/repository/org/apache/kerby/kerb-identity/1.0.1/kerb-identity-1.0.1.jar:/home/user/.m2/repository/org/apache/kerby/kerby-xdr/1.0.1/kerby-xdr-1.0.1.jar:/home/user/.m2/repository/org/slf4j/slf4j-log4j12/1.7.25/slf4j-log4j12-1.7.25.jar:/home/user/.m2/repository/org/apache/hadoop/hadoop-ozone-s3gateway/0.5.0-SNAPSHOT/hadoop-ozone-s3gateway-0.5.0-SNAPSHOT.jar:/home/user/.m2/repository/org/jboss/weld/servlet/weld-servlet/2.4.7.Final/weld-servlet-2.4.7.Final.jar:/home/user/.m2/repository/org/glassfish/jersey/containers/jersey-container-servlet-core/2.27/jersey-container-servlet-core-2.27.jar:/home/user/.m2/repository/org/glassfish/hk2/external/javax.inject/2.5.0-b42/javax.inject-2.5.0-b42.jar:/home/user/.m2/repository/org/glassfish/jersey/core/jersey-common/2.27/jersey-common-2.27.jar:/home/user/.m2/repository/org/glassfish/hk2/osgi-resource-locator/1.0.1/osgi-resource-locator-1.0.1.jar:/home/user/.m2/repository/javax/ws/rs/javax.ws.rs-api/2.1/javax.ws.rs-api-2.1.jar:/home/user/.m2/repository/org/glassfish/jersey/ext/cdi/jersey-cdi1x/2.27/jersey-cdi1x-2.27.jar:/home/user/.m2/repository/org/glassfish/jersey/inject/jersey-hk2/2.27/jersey-hk2-2.27.jar:/home/user/.m2/repository/org/glassfish/hk2/hk2-locator/2.5.0-b42/hk2-locator-2.5.0-b42.jar:/home/user/.m2/repository/org/javassist/javassist/3.22.0-CR2/javassist-3.22.0-CR2.jar:/home/user/.m2/repository/org/glassfish/hk2/hk2-api/2.5.0/hk2-api-2.5.0.jar:/home/user/.m2/repository/org/glassfish/hk2/external/jakarta.inject/2.5.0/jakarta.inject-2.5.0.jar:/home/user/.m2/repository/org/glassfish/hk2/hk2-utils/2.5.0/hk2-utils-2.5.0.jar:/home/user/.m2/repository/jakarta/annotation/jakarta.annotation-api/1.3.4/jakarta.annotation-api-1.3.4.jar:/home/user/.m2/repository/org/glassfish/hk2/external/aopalliance-repackaged/2.5.0/aopalliance-repackaged-2.5.0.jar:/home/user/.m2/repository/com/fasterxml/jackson/dataformat/jackson-dataformat-xml/2.9.0/jackson-dataformat-xml-2.9.0.jar:/home/user/.m2/repository/com/fasterxml/jackson/core/jackson-core/2.9.5/jackson-core-2.9.5.jar:/home/user/.m2/repository/com/fasterxml/jackson/module/jackson-module-jaxb-annotations/2.9.5/jackson-module-jaxb-annotations-2.9.5.jar:/home/user/.m2/repository/javax/enterprise/cdi-api/1.2/cdi-api-1.2.jar:/home/user/.m2/repository/javax/el/javax.el-api/3.0.0/javax.el-api-3.0.0.jar:/home/user/.m2/repository/javax/interceptor/javax.interceptor-api/1.2/javax.interceptor-api-1.2.jar:/home/user/.m2/repository/javax/inject/javax.inject/1/javax.inject-1.jar:/home/user/.m2/repository/com/sun/xml/bind/jaxb-impl/2.3.0.1/jaxb-impl-2.3.0.1.jar:/home/user/.m2/repository/com/sun/xml/bind/jaxb-core/2.3.0.1/jaxb-core-2.3.0.1.jar:/home/user/.m2/repository/javax/xml/bind/jaxb-api/2.3.0/jaxb-api-2.3.0.jar:/home/user/.m2/repository/javax/activation/activation/1.1.1/activation-1.1.1.jar:/home/user/.m2/repository/org/apache/hadoop/hadoop-ozone-csi/0.5.0-SNAPSHOT/hadoop-ozone-csi-0.5.0-SNAPSHOT.jar:/home/user/.m2/repository/com/google/protobuf/protobuf-java-util/3.5.1/protobuf-java-util-3.5.1.jar:/home/user/.m2/repository/org/apache/hadoop/hadoop-hdds-config/0.5.0-SNAPSHOT/hadoop-hdds-config-0.5.0-SNAPSHOT.jar:/home/user/.m2/repository/io/grpc/grpc-netty/1.17.1/grpc-netty-1.17.1.jar:/home/user/.m2/repository/io/grpc/grpc-core/1.17.1/grpc-core-1.17.1.jar:/home/user/.m2/repository/io/grpc/grpc-context/1.17.1/grpc-context-1.17.1.jar:/home/user/.m2/repository/com/google/errorprone/error_prone_annotations/2.2.0/error_prone_annotations-2.2.0.jar:/home/user/.m2/repository/org/codehaus/mojo/animal-sniffer-annotations/1.17/animal-sniffer-annotations-1.17.jar:/home/user/.m2/repository/io/opencensus/opencensus-api/0.17.0/opencensus-api-0.17.0.jar:/home/user/.m2/repository/io/opencensus/opencensus-contrib-grpc-metrics/0.17.0/opencensus-contrib-grpc-metrics-0.17.0.jar:/home/user/.m2/repository/io/netty/netty-codec-http2/4.1.30.Final/netty-codec-http2-4.1.30.Final.jar:/home/user/.m2/repository/io/netty/netty-codec-http/4.1.30.Final/netty-codec-http-4.1.30.Final.jar:/home/user/.m2/repository/io/netty/netty-codec/4.1.30.Final/netty-codec-4.1.30.Final.jar:/home/user/.m2/repository/io/netty/netty-handler/4.1.30.Final/netty-handler-4.1.30.Final.jar:/home/user/.m2/repository/io/netty/netty-handler-proxy/4.1.30.Final/netty-handler-proxy-4.1.30.Final.jar:/home/user/.m2/repository/io/netty/netty-codec-socks/4.1.30.Final/netty-codec-socks-4.1.30.Final.jar:/home/user/.m2/repository/io/netty/netty-transport-native-epoll/4.1.30.Final/netty-transport-native-epoll-4.1.30.Final.jar:/home/user/.m2/repository/io/netty/netty-common/4.1.30.Final/netty-common-4.1.30.Final.jar:/home/user/.m2/repository/io/netty/netty-buffer/4.1.30.Final/netty-buffer-4.1.30.Final.jar:/home/user/.m2/repository/io/netty/netty-transport/4.1.30.Final/netty-transport-4.1.30.Final.jar:/home/user/.m2/repository/io/netty/netty-resolver/4.1.30.Final/netty-resolver-4.1.30.Final.jar:/home/user/.m2/repository/io/netty/netty-transport-native-unix-common/4.1.30.Final/netty-transport-native-unix-common-4.1.30.Final.jar:/home/user/.m2/repository/io/grpc/grpc-protobuf/1.17.1/grpc-protobuf-1.17.1.jar:/home/user/.m2/repository/com/google/api/grpc/proto-google-common-protos/1.0.0/proto-google-common-protos-1.0.0.jar:/home/user/.m2/repository/io/grpc/grpc-protobuf-lite/1.17.1/grpc-protobuf-lite-1.17.1.jar:/home/user/.m2/repository/io/grpc/grpc-stub/1.17.1/grpc-stub-1.17.1.jar:/home/user/.m2/repository/org/apache/hadoop/hadoop-ozone-recon/0.5.0-SNAPSHOT/hadoop-ozone-recon-0.5.0-SNAPSHOT.jar:/home/user/.m2/repository/org/apache/hadoop/hadoop-ozone-reconcodegen/0.5.0-SNAPSHOT/hadoop-ozone-reconcodegen-0.5.0-SNAPSHOT.jar:/home/user/.m2/repository/com/google/inject/extensions/guice-multibindings/4.0/guice-multibindings-4.0.jar:/home/user/.m2/repository/com/google/inject/guice/4.0/guice-4.0.jar:/home/user/.m2/repository/aopalliance/aopalliance/1.0/aopalliance-1.0.jar:/home/user/.m2/repository/com/google/inject/extensions/guice-servlet/4.0/guice-servlet-4.0.jar:/home/user/.m2/repository/org/glassfish/jersey/containers/jersey-container-servlet/2.27/jersey-container-servlet-2.27.jar:/home/user/.m2/repository/org/glassfish/hk2/guice-bridge/2.5.0/guice-bridge-2.5.0.jar:/home/user/.m2/repository/org/glassfish/jersey/core/jersey-server/2.27/jersey-server-2.27.jar:/home/user/.m2/repository/org/glassfish/jersey/core/jersey-client/2.27/jersey-client-2.27.jar:/home/user/.m2/repository/org/glassfish/jersey/media/jersey-media-jaxb/2.27/jersey-media-jaxb-2.27.jar:/home/user/.m2/repository/javax/validation/validation-api/1.1.0.Final/validation-api-1.1.0.Final.jar:/home/user/.m2/repository/org/glassfish/jersey/media/jersey-media-json-jackson/2.27/jersey-media-json-jackson-2.27.jar:/home/user/.m2/repository/org/glassfish/jersey/ext/jersey-entity-filtering/2.27/jersey-entity-filtering-2.27.jar:/home/user/.m2/repository/com/google/inject/extensions/guice-assistedinject/4.0/guice-assistedinject-4.0.jar:/home/user/.m2/repository/org/jooq/jooq/3.11.10/jooq-3.11.10.jar:/home/user/.m2/repository/org/jooq/jooq-meta/3.11.10/jooq-meta-3.11.10.jar:/home/user/.m2/repository/org/jooq/jooq-codegen/3.11.10/jooq-codegen-3.11.10.jar:/home/user/.m2/repository/com/jolbox/bonecp/0.8.0.RELEASE/bonecp-0.8.0.RELEASE.jar:/home/user/.m2/repository/org/xerial/sqlite-jdbc/3.25.2/sqlite-jdbc-3.25.2.jar:/home/user/.m2/repository/org/springframework/spring-jdbc/5.1.3.RELEASE/spring-jdbc-5.1.3.RELEASE.jar:/home/user/.m2/repository/org/springframework/spring-beans/5.1.3.RELEASE/spring-beans-5.1.3.RELEASE.jar:/home/user/.m2/repository/org/springframework/spring-core/5.1.3.RELEASE/spring-core-5.1.3.RELEASE.jar:/home/user/.m2/repository/org/springframework/spring-jcl/5.1.3.RELEASE/spring-jcl-5.1.3.RELEASE.jar:/home/user/.m2/repository/org/springframework/spring-tx/5.1.3.RELEASE/spring-tx-5.1.3.RELEASE.jar:/home/user/.m2/repository/org/apache/hadoop/hadoop-ozone-client/0.5.0-SNAPSHOT/hadoop-ozone-client-0.5.0-SNAPSHOT.jar:/home/user/.m2/repository/commons-lang/commons-lang/2.6/commons-lang-2.6.jar:/home/user/.m2/repository/org/apache/hadoop/hadoop-ozone-ozone-manager/0.5.0-SNAPSHOT/hadoop-ozone-ozone-manager-0.5.0-SNAPSHOT-tests.jar:/home/user/.m2/repository/junit/junit/4.11/junit-4.11.jar:/home/user/.m2/repository/org/hamcrest/hamcrest-core/1.3/hamcrest-core-1.3.jar:/home/user/.m2/repository/org/openjdk/jmh/jmh-core/1.19/jmh-core-1.19.jar:/home/user/.m2/repository/net/sf/jopt-simple/jopt-simple/4.6/jopt-simple-4.6.jar:/home/user/.m2/repository/org/apache/commons/commons-math3/3.1.1/commons-math3-3.1.1.jar:/home/user/.m2/repository/org/openjdk/jmh/jmh-generator-annprocess/1.19/jmh-generator-annprocess-1.19.jar:/home/user/.m2/repository/org/mockito/mockito-all/1.8.5/mockito-all-1.8.5.jar:/home/user/.m2/repository/org/apache/hadoop/hadoop-kms/3.2.0/hadoop-kms-3.2.0.jar:/home/user/.m2/repository/org/apache/hadoop/hadoop-auth/3.2.0/hadoop-auth-3.2.0.jar:/home/user/.m2/repository/com/nimbusds/nimbus-jose-jwt/4.41.1/nimbus-jose-jwt-4.41.1.jar:/home/user/.m2/repository/com/github/stephenc/jcip/jcip-annotations/1.0-1/jcip-annotations-1.0-1.jar:/home/user/.m2/repository/net/minidev/json-smart/2.3/json-smart-2.3.jar:/home/user/.m2/repository/net/minidev/accessors-smart/1.2/accessors-smart-1.2.jar:/home/user/.m2/repository/org/ow2/asm/asm/5.0.4/asm-5.0.4.jar:/home/user/.m2/repository/org/apache/curator/curator-framework/2.12.0/curator-framework-2.12.0.jar:/home/user/.m2/repository/com/sun/jersey/jersey-core/1.19/jersey-core-1.19.jar:/home/user/.m2/repository/javax/ws/rs/jsr311-api/1.1.1/jsr311-api-1.1.1.jar:/home/user/.m2/repository/com/sun/jersey/jersey-server/1.19/jersey-server-1.19.jar:/home/user/.m2/repository/javax/servlet/javax.servlet-api/3.1.0/javax.servlet-api-3.1.0.jar:/home/user/.m2/repository/org/eclipse/jetty/jetty-server/9.3.24.v20180605/jetty-server-9.3.24.v20180605.jar:/home/user/.m2/repository/org/eclipse/jetty/jetty-http/9.3.24.v20180605/jetty-http-9.3.24.v20180605.jar:/home/user/.m2/repository/org/eclipse/jetty/jetty-io/9.3.24.v20180605/jetty-io-9.3.24.v20180605.jar:/home/user/.m2/repository/org/eclipse/jetty/jetty-webapp/9.3.24.v20180605/jetty-webapp-9.3.24.v20180605.jar:/home/user/.m2/repository/org/eclipse/jetty/jetty-xml/9.3.24.v20180605/jetty-xml-9.3.24.v20180605.jar:/home/user/.m2/repository/log4j/log4j/1.2.17/log4j-1.2.17.jar:/home/user/.m2/repository/org/slf4j/slf4j-api/1.7.25/slf4j-api-1.7.25.jar:/home/user/.m2/repository/org/slf4j/jul-to-slf4j/1.7.25/jul-to-slf4j-1.7.25.jar:/home/user/.m2/repository/org/eclipse/jetty/jetty-util/9.3.24.v20180605/jetty-util-9.3.24.v20180605.jar:/home/user/.m2/repository/com/fasterxml/jackson/core/jackson-databind/2.9.5/jackson-databind-2.9.5.jar:/home/user/.m2/repository/org/apache/hadoop/hadoop-kms/3.2.0/hadoop-kms-3.2.0-tests.jar:/home/user/.m2/repository/org/apache/hadoop/hadoop-hdds-server-scm/0.5.0-SNAPSHOT/hadoop-hdds-server-scm-0.5.0-SNAPSHOT-tests.jar:/home/user/.m2/repository/org/apache/hadoop/hadoop-hdds-container-service/0.5.0-SNAPSHOT/hadoop-hdds-container-service-0.5.0-SNAPSHOT-tests.jar:/home/user/.m2/repository/org/yaml/snakeyaml/1.16/snakeyaml-1.16.jar:/home/user/.m2/repository/org/apache/hadoop/hadoop-common/3.2.0/hadoop-common-3.2.0-tests.jar:/home/user/.m2/repository/org/apache/hadoop/hadoop-annotations/3.2.0/hadoop-annotations-3.2.0.jar:/usr/lib/jvm/java-1.8-openjdk/jre/../lib/tools.jar:/home/user/.m2/repository/commons-cli/commons-cli/1.2/commons-cli-1.2.jar:/home/user/.m2/repository/org/apache/httpcomponents/httpclient/4.5.2/httpclient-4.5.2.jar:/home/user/.m2/repository/org/apache/httpcomponents/httpcore/4.4.4/httpcore-4.4.4.jar:/home/user/.m2/repository/commons-codec/commons-codec/1.11/commons-codec-1.11.jar:/home/user/.m2/repository/commons-net/commons-net/3.6/commons-net-3.6.jar:/home/user/.m2/repository/commons-collections/commons-collections/3.2.2/commons-collections-3.2.2.jar:/home/user/.m2/repository/org/eclipse/jetty/jetty-servlet/9.3.24.v20180605/jetty-servlet-9.3.24.v20180605.jar:/home/user/.m2/repository/org/eclipse/jetty/jetty-security/9.3.24.v20180605/jetty-security-9.3.24.v20180605.jar:/home/user/.m2/repository/javax/servlet/jsp/jsp-api/2.1/jsp-api-2.1.jar:/home/user/.m2/repository/com/sun/jersey/jersey-servlet/1.19/jersey-servlet-1.19.jar:/home/user/.m2/repository/com/sun/jersey/jersey-json/1.19/jersey-json-1.19.jar:/home/user/.m2/repository/org/codehaus/jettison/jettison/1.1/jettison-1.1.jar:/home/user/.m2/repository/org/codehaus/jackson/jackson-core-asl/1.9.13/jackson-core-asl-1.9.13.jar:/home/user/.m2/repository/org/codehaus/jackson/jackson-mapper-asl/1.9.13/jackson-mapper-asl-1.9.13.jar:/home/user/.m2/repository/org/codehaus/jackson/jackson-jaxrs/1.9.13/jackson-jaxrs-1.9.13.jar:/home/user/.m2/repository/org/codehaus/jackson/jackson-xc/1.9.13/jackson-xc-1.9.13.jar:/home/user/.m2/repository/commons-logging/commons-logging/1.1.3/commons-logging-1.1.3.jar:/home/user/.m2/repository/commons-beanutils/commons-beanutils/1.9.3/commons-beanutils-1.9.3.jar:/home/user/.m2/repository/org/apache/commons/commons-configuration2/2.1.1/commons-configuration2-2.1.1.jar:/home/user/.m2/repository/org/apache/commons/commons-lang3/3.7/commons-lang3-3.7.jar:/home/user/.m2/repository/org/apache/commons/commons-text/1.4/commons-text-1.4.jar:/home/user/.m2/repository/org/apache/avro/avro/1.7.7/avro-1.7.7.jar:/home/user/.m2/repository/com/thoughtworks/paranamer/paranamer/2.3/paranamer-2.3.jar:/home/user/.m2/repository/org/xerial/snappy/snappy-java/1.0.5/snappy-java-1.0.5.jar:/home/user/.m2/repository/com/google/re2j/re2j/1.1/re2j-1.1.jar:/home/user/.m2/repository/com/google/code/gson/gson/2.2.4/gson-2.2.4.jar:/home/user/.m2/repository/com/jcraft/jsch/0.1.54/jsch-0.1.54.jar:/home/user/.m2/repository/org/apache/curator/curator-client/2.12.0/curator-client-2.12.0.jar:/home/user/.m2/repository/org/apache/curator/curator-recipes/2.12.0/curator-recipes-2.12.0.jar:/home/user/.m2/repository/com/google/code/findbugs/jsr305/3.0.0/jsr305-3.0.0.jar:/home/user/.m2/repository/org/apache/htrace/htrace-core4/4.1.0-incubating/htrace-core4-4.1.0-incubating.jar:/home/user/.m2/repository/org/apache/zookeeper/zookeeper/3.4.13/zookeeper-3.4.13.jar:/home/user/.m2/repository/org/apache/yetus/audience-annotations/0.5.0/audience-annotations-0.5.0.jar:/home/user/.m2/repository/org/codehaus/woodstox/stax2-api/3.1.4/stax2-api-3.1.4.jar:/home/user/.m2/repository/com/fasterxml/woodstox/woodstox-core/5.0.3/woodstox-core-5.0.3.jar:/home/user/.m2/repository/dnsjava/dnsjava/2.1.7/dnsjava-2.1.7.jar:/home/user/.m2/repository/org/apache/hadoop/hadoop-hdfs/3.2.0/hadoop-hdfs-3.2.0-tests.jar:/home/user/.m2/repository/org/eclipse/jetty/jetty-util-ajax/9.3.24.v20180605/jetty-util-ajax-9.3.24.v20180605.jar:/home/user/.m2/repository/commons-daemon/commons-daemon/1.0.13/commons-daemon-1.0.13.jar:/home/user/.m2/repository/io/netty/netty/3.10.5.Final/netty-3.10.5.Final.jar:/home/user/.m2/repository/io/netty/netty-all/4.0.52.Final/netty-all-4.0.52.Final.jar:/home/user/.m2/repository/org/fusesource/leveldbjni/leveldbjni-all/1.8/leveldbjni-all-1.8.jar:"/>
    <property name="sun.cpu.endian" value="little"/>
    <property name="user.home" value="/home/user"/>
    <property name="user.language" value="en"/>
    <property name="java.specification.vendor" value="Oracle Corporation"/>
    <property name="java.home" value="/usr/lib/jvm/java-1.8-openjdk/jre"/>
    <property name="java.security.krb5.conf" value="/workdir/hadoop-ozone/integration-test/target/test-classes/krb5.conf"/>
    <property name="basedir" value="/workdir/hadoop-ozone/integration-test"/>
    <property name="file.separator" value="/"/>
    <property name="line.separator" value="&#10;"/>
    <property name="java.vm.specification.vendor" value="Oracle Corporation"/>
    <property name="java.specification.name" value="Java Platform API Specification"/>
    <property name="java.awt.graphicsenv" value="sun.awt.X11GraphicsEnvironment"/>
    <property name="surefire.real.class.path" value="/workdir/hadoop-ozone/integration-test/target/surefire/surefirebooter2935464119588226476.jar"/>
    <property name="hadoop.log.dir" value="/workdir/hadoop-ozone/integration-test/target/log"/>
    <property name="sun.boot.class.path" value="/usr/lib/jvm/java-1.8-openjdk/jre/lib/resources.jar:/usr/lib/jvm/java-1.8-openjdk/jre/lib/rt.jar:/usr/lib/jvm/java-1.8-openjdk/jre/lib/sunrsasign.jar:/usr/lib/jvm/java-1.8-openjdk/jre/lib/jsse.jar:/usr/lib/jvm/java-1.8-openjdk/jre/lib/jce.jar:/usr/lib/jvm/java-1.8-openjdk/jre/lib/charsets.jar:/usr/lib/jvm/java-1.8-openjdk/jre/lib/jfr.jar:/usr/lib/jvm/java-1.8-openjdk/jre/classes"/>
    <property name="sun.management.compiler" value="HotSpot 64-Bit Tiered Compilers"/>
    <property name="java.runtime.version" value="1.8.0_212-b04"/>
    <property name="java.net.preferIPv4Stack" value="true"/>
    <property name="user.name" value="jenkins1000"/>
    <property name="path.separator" value=":"/>
    <property name="java.security.egd" value="file:///dev/urandom"/>
    <property name="os.version" value="3.10.0-957.12.2.el7.x86_64"/>
    <property name="java.endorsed.dirs" value="/usr/lib/jvm/java-1.8-openjdk/jre/lib/endorsed"/>
    <property name="java.runtime.name" value="OpenJDK Runtime Environment"/>
    <property name="file.encoding" value="UTF-8"/>
    <property name="java.vm.name" value="OpenJDK 64-Bit Server VM"/>
    <property name="test.build.webapps" value=""/>
    <property name="localRepository" value="/home/user/.m2/repository"/>
    <property name="java.vendor.url.bug" value="https://icedtea.classpath.org/bugzilla"/>
    <property name="java.io.tmpdir" value="/tmp"/>
    <property name="require.test.libhadoop" value=""/>
    <property name="java.version" value="1.8.0_212"/>
    <property name="user.dir" value="/workdir/hadoop-ozone/integration-test"/>
    <property name="os.arch" value="amd64"/>
    <property name="java.vm.specification.name" value="Java Virtual Machine Specification"/>
    <property name="test.build.classes" value="/workdir/hadoop-ozone/integration-test/target/test-classes"/>
    <property name="java.awt.printerjob" value="sun.print.PSPrinterJob"/>
    <property name="sun.os.patch.level" value="unknown"/>
    <property name="hadoop.tmp.dir" value="/workdir/hadoop-ozone/integration-test/target/tmp"/>
    <property name="java.library.path" value="/usr/lib/jvm/java-1.8-openjdk/jre/lib/amd64/server:/usr/lib/jvm/java-1.8-openjdk/jre/lib/amd64:/usr/lib/jvm/java-1.8-openjdk/jre/../lib/amd64:/workdir/hadoop-ozone/integration-test/target/native/target/usr/local/lib:/workdir/hadoop-ozone/integration-test/../../hadoop-common-project/hadoop-common/target/native/target/usr/local/lib:/usr/java/packages/lib/amd64:/usr/lib64:/lib64:/lib:/usr/lib"/>
    <property name="java.vm.info" value="mixed mode"/>
    <property name="java.vendor" value="IcedTea"/>
    <property name="java.vm.version" value="25.212-b04"/>
    <property name="java.ext.dirs" value="/usr/lib/jvm/java-1.8-openjdk/jre/lib/ext:/usr/java/packages/lib/ext"/>
    <property name="sun.io.unicode.encoding" value="UnicodeLittle"/>
    <property name="java.class.version" value="52.0"/>
  </properties>
  <testcase name="test2WayCommitForRetryfailure" classname="org.apache.hadoop.ozone.client.rpc.Test2WayCommitInRatis" time="30.77">
    <error message="org.apache.ratis.protocol.RaftRetryFailureException: Failed RaftClientRequest:client-BB475B78FCF9-&gt;44cf7b35-669b-40df-948d-f1dd5cc3dccb@group-63B1919ED310, cid=13, seq=1*, RW, org.apache.hadoop.hdds.scm.XceiverClientRatis$$Lambda$311/276561074@177955f for 20 attempts with RetryLimited(maxAttempts=20, sleepTime=1000ms)" type="java.util.concurrent.ExecutionException">java.util.concurrent.ExecutionException: org.apache.ratis.protocol.RaftRetryFailureException: Failed RaftClientRequest:client-BB475B78FCF9->44cf7b35-669b-40df-948d-f1dd5cc3dccb@group-63B1919ED310, cid=13, seq=1*, RW, org.apache.hadoop.hdds.scm.XceiverClientRatis$$Lambda$311/276561074@177955f for 20 attempts with RetryLimited(maxAttempts=20, sleepTime=1000ms)
	at java.util.concurrent.CompletableFuture.reportGet(CompletableFuture.java:357)
	at java.util.concurrent.CompletableFuture.get(CompletableFuture.java:1895)
	at org.apache.hadoop.ozone.client.rpc.Test2WayCommitInRatis.test2WayCommitForRetryfailure(Test2WayCommitInRatis.java:138)
	at sun.reflect.NativeMethodAccessorImpl.invoke0(Native Method)
	at sun.reflect.NativeMethodAccessorImpl.invoke(NativeMethodAccessorImpl.java:62)
	at sun.reflect.DelegatingMethodAccessorImpl.invoke(DelegatingMethodAccessorImpl.java:43)
	at java.lang.reflect.Method.invoke(Method.java:498)
	at org.junit.runners.model.FrameworkMethod$1.runReflectiveCall(FrameworkMethod.java:47)
	at org.junit.internal.runners.model.ReflectiveCallable.run(ReflectiveCallable.java:12)
	at org.junit.runners.model.FrameworkMethod.invokeExplosively(FrameworkMethod.java:44)
	at org.junit.internal.runners.statements.InvokeMethod.evaluate(InvokeMethod.java:17)
	at org.junit.runners.ParentRunner.runLeaf(ParentRunner.java:271)
	at org.junit.runners.BlockJUnit4ClassRunner.runChild(BlockJUnit4ClassRunner.java:70)
	at org.junit.runners.BlockJUnit4ClassRunner.runChild(BlockJUnit4ClassRunner.java:50)
	at org.junit.runners.ParentRunner$3.run(ParentRunner.java:238)
	at org.junit.runners.ParentRunner$1.schedule(ParentRunner.java:63)
	at org.junit.runners.ParentRunner.runChildren(ParentRunner.java:236)
	at org.junit.runners.ParentRunner.access$000(ParentRunner.java:53)
	at org.junit.runners.ParentRunner$2.evaluate(ParentRunner.java:229)
	at org.junit.runners.ParentRunner.run(ParentRunner.java:309)
	at org.apache.maven.surefire.junit4.JUnit4Provider.execute(JUnit4Provider.java:365)
	at org.apache.maven.surefire.junit4.JUnit4Provider.executeWithRerun(JUnit4Provider.java:273)
	at org.apache.maven.surefire.junit4.JUnit4Provider.executeTestSet(JUnit4Provider.java:238)
	at org.apache.maven.surefire.junit4.JUnit4Provider.invoke(JUnit4Provider.java:159)
	at org.apache.maven.surefire.booter.ForkedBooter.invokeProviderInSameClassLoader(ForkedBooter.java:384)
	at org.apache.maven.surefire.booter.ForkedBooter.runSuitesInProcess(ForkedBooter.java:345)
	at org.apache.maven.surefire.booter.ForkedBooter.execute(ForkedBooter.java:126)
	at org.apache.maven.surefire.booter.ForkedBooter.main(ForkedBooter.java:418)
Caused by: org.apache.ratis.protocol.RaftRetryFailureException: Failed RaftClientRequest:client-BB475B78FCF9->44cf7b35-669b-40df-948d-f1dd5cc3dccb@group-63B1919ED310, cid=13, seq=1*, RW, org.apache.hadoop.hdds.scm.XceiverClientRatis$$Lambda$311/276561074@177955f for 20 attempts with RetryLimited(maxAttempts=20, sleepTime=1000ms)
	at org.apache.ratis.client.impl.RaftClientImpl.noMoreRetries(RaftClientImpl.java:272)
	at org.apache.ratis.client.impl.OrderedAsync.handleAsyncRetryFailure(OrderedAsync.java:138)
	at org.apache.ratis.client.impl.OrderedAsync.lambda$sendRequest$10(OrderedAsync.java:230)
	at java.util.concurrent.CompletableFuture.uniExceptionally(CompletableFuture.java:870)
	at java.util.concurrent.CompletableFuture$UniExceptionally.tryFire(CompletableFuture.java:852)
	at java.util.concurrent.CompletableFuture.postComplete(CompletableFuture.java:474)
	at java.util.concurrent.CompletableFuture.completeExceptionally(CompletableFuture.java:1977)
	at org.apache.ratis.grpc.client.GrpcClientProtocolClient$AsyncStreamObservers.completeReplyExceptionally(GrpcClientProtocolClient.java:330)
	at org.apache.ratis.grpc.client.GrpcClientProtocolClient$AsyncStreamObservers.access$000(GrpcClientProtocolClient.java:246)
	at org.apache.ratis.grpc.client.GrpcClientProtocolClient$AsyncStreamObservers$1.onNext(GrpcClientProtocolClient.java:258)
	at org.apache.ratis.grpc.client.GrpcClientProtocolClient$AsyncStreamObservers$1.onNext(GrpcClientProtocolClient.java:249)
	at org.apache.ratis.thirdparty.io.grpc.stub.ClientCalls$StreamObserverToCallListenerAdapter.onMessage(ClientCalls.java:421)
	at org.apache.ratis.thirdparty.io.grpc.ForwardingClientCallListener.onMessage(ForwardingClientCallListener.java:33)
	at org.apache.ratis.thirdparty.io.grpc.ForwardingClientCallListener.onMessage(ForwardingClientCallListener.java:33)
	at org.apache.ratis.thirdparty.io.grpc.internal.ClientCallImpl$ClientStreamListenerImpl$1MessagesAvailable.runInContext(ClientCallImpl.java:519)
	at org.apache.ratis.thirdparty.io.grpc.internal.ContextRunnable.run(ContextRunnable.java:37)
	at org.apache.ratis.thirdparty.io.grpc.internal.SerializingExecutor.run(SerializingExecutor.java:123)
	at java.util.concurrent.ThreadPoolExecutor.runWorker(ThreadPoolExecutor.java:1149)
	at java.util.concurrent.ThreadPoolExecutor$Worker.run(ThreadPoolExecutor.java:624)
	at java.lang.Thread.run(Thread.java:748)
Caused by: org.apache.ratis.protocol.NotLeaderException: Server 44cf7b35-669b-40df-948d-f1dd5cc3dccb is not the leader (null). Request must be sent to leader.
	at org.apache.ratis.client.impl.ClientProtoUtils.toRaftClientReply(ClientProtoUtils.java:242)
	at org.apache.ratis.grpc.client.GrpcClientProtocolClient$AsyncStreamObservers$1.onNext(GrpcClientProtocolClient.java:254)
	... 10 more
</error>
    <system-out><![CDATA[2019-09-03 19:15:39,163 [main] WARN  server.ServerUtils (ServerUtils.java:getScmDbDir(145)) - ozone.scm.db.dirs is not configured. We recommend adding this setting. Falling back to ozone.metadata.dirs instead.
2019-09-03 19:15:39,321 [main] WARN  server.ServerUtils (ServerUtils.java:getScmDbDir(145)) - ozone.scm.db.dirs is not configured. We recommend adding this setting. Falling back to ozone.metadata.dirs instead.
2019-09-03 19:15:39,325 [main] WARN  server.ServerUtils (ServerUtils.java:getScmDbDir(145)) - ozone.scm.db.dirs is not configured. We recommend adding this setting. Falling back to ozone.metadata.dirs instead.
2019-09-03 19:15:39,346 [main] INFO  util.log (Log.java:initialized(192)) - Logging initialized @1009ms
2019-09-03 19:15:39,452 [main] INFO  db.DBStoreBuilder (DBStoreBuilder.java:addTable(110)) - using custom profile for table: deletedBlocks
2019-09-03 19:15:39,452 [main] INFO  db.DBStoreBuilder (DBStoreBuilder.java:processTables(161)) - Using default column profile:DBProfile.DISK for Table:deletedBlocks
2019-09-03 19:15:39,453 [main] INFO  db.DBStoreBuilder (DBStoreBuilder.java:addTable(110)) - using custom profile for table: validCerts
2019-09-03 19:15:39,453 [main] INFO  db.DBStoreBuilder (DBStoreBuilder.java:processTables(161)) - Using default column profile:DBProfile.DISK for Table:validCerts
2019-09-03 19:15:39,453 [main] INFO  db.DBStoreBuilder (DBStoreBuilder.java:addTable(110)) - using custom profile for table: revokedCerts
2019-09-03 19:15:39,454 [main] INFO  db.DBStoreBuilder (DBStoreBuilder.java:processTables(161)) - Using default column profile:DBProfile.DISK for Table:revokedCerts
2019-09-03 19:15:39,467 [main] INFO  db.DBStoreBuilder (DBStoreBuilder.java:addTable(110)) - using custom profile for table: default
2019-09-03 19:15:39,467 [main] INFO  db.DBStoreBuilder (DBStoreBuilder.java:processTables(167)) - Using default column profile:DBProfile.DISK for Table:default
2019-09-03 19:15:39,468 [main] INFO  db.DBStoreBuilder (DBStoreBuilder.java:getDbProfile(198)) - Using default options. DBProfile.DISK
2019-09-03 19:15:39,716 [main] INFO  net.NodeSchemaLoader (NodeSchemaLoader.java:loadSchemaFromFile(125)) - Loading file from sun.misc.CompoundEnumeration@4c583ecf
2019-09-03 19:15:39,718 [main] INFO  net.NodeSchemaLoader (NodeSchemaLoader.java:loadSchema(171)) - Loading network topology layer schema file
2019-09-03 19:15:39,789 [main] WARN  server.ServerUtils (ServerUtils.java:sanitizeUserArgs(70)) - ozone.scm.stale.node.interval value = 300000 is larger than max = 100000 based on the key value of ozone.scm.heartbeat.thread.interval, reset to the max value 100000.
2019-09-03 19:15:39,791 [main] WARN  server.ServerUtils (ServerUtils.java:sanitizeUserArgs(70)) - ozone.scm.stale.node.interval value = 300000 is larger than max = 100000 based on the key value of ozone.scm.heartbeat.thread.interval, reset to the max value 100000.
2019-09-03 19:15:39,793 [main] INFO  node.SCMNodeManager (SCMNodeManager.java:<init>(114)) - Entering startup safe mode.
2019-09-03 19:15:39,867 [main] INFO  algorithms.ContainerPlacementPolicyFactory (ContainerPlacementPolicyFactory.java:getPolicy(55)) - Create container placement policy of type org.apache.hadoop.hdds.scm.container.placement.algorithms.SCMContainerPlacementRandom
2019-09-03 19:15:39,882 [main] WARN  server.ServerUtils (ServerUtils.java:getScmDbDir(145)) - ozone.scm.db.dirs is not configured. We recommend adding this setting. Falling back to ozone.metadata.dirs instead.
2019-09-03 19:15:39,957 [main] INFO  pipeline.SCMPipelineManager (SCMPipelineManager.java:initializePipelineState(128)) - No pipeline exists in current db
2019-09-03 19:15:39,961 [main] WARN  server.ServerUtils (ServerUtils.java:getScmDbDir(145)) - ozone.scm.db.dirs is not configured. We recommend adding this setting. Falling back to ozone.metadata.dirs instead.
2019-09-03 19:15:40,079 [main] WARN  events.EventQueue (EventQueue.java:fireEvent(183)) - No event handler registered for event TypedEvent{payloadType=SafeModeStatus, name='SafeModeStatus'}
2019-09-03 19:15:40,491 [main] INFO  ipc.CallQueueManager (CallQueueManager.java:<init>(84)) - Using callQueue: class java.util.concurrent.LinkedBlockingQueue, queueCapacity: 2000, scheduler: class org.apache.hadoop.ipc.DefaultRpcScheduler, ipcBackoff: false.
2019-09-03 19:15:40,521 [Socket Reader #1 for port 35505] INFO  ipc.Server (Server.java:run(1074)) - Starting Socket Reader #1 for port 35505
2019-09-03 19:15:40,666 [main] INFO  ipc.CallQueueManager (CallQueueManager.java:<init>(84)) - Using callQueue: class java.util.concurrent.LinkedBlockingQueue, queueCapacity: 2000, scheduler: class org.apache.hadoop.ipc.DefaultRpcScheduler, ipcBackoff: false.
2019-09-03 19:15:40,667 [Socket Reader #1 for port 43634] INFO  ipc.Server (Server.java:run(1074)) - Starting Socket Reader #1 for port 43634
2019-09-03 19:15:40,680 [main] INFO  ipc.CallQueueManager (CallQueueManager.java:<init>(84)) - Using callQueue: class java.util.concurrent.LinkedBlockingQueue, queueCapacity: 2000, scheduler: class org.apache.hadoop.ipc.DefaultRpcScheduler, ipcBackoff: false.
2019-09-03 19:15:40,681 [Socket Reader #1 for port 38376] INFO  ipc.Server (Server.java:run(1074)) - Starting Socket Reader #1 for port 38376
2019-09-03 19:15:40,712 [main] INFO  hdfs.DFSUtil (DFSUtil.java:httpServerTemplateForNNAndJN(1641)) - Starting Web-server for scm at: http://0.0.0.0:0
2019-09-03 19:15:40,915 [main] INFO  server.AuthenticationFilter (AuthenticationFilter.java:constructSecretProvider(240)) - Unable to initialize FileSignerSecretProvider, falling back to use random secrets.
2019-09-03 19:15:40,925 [main] WARN  http.HttpRequestLog (HttpRequestLog.java:getRequestLog(97)) - Jetty request log can only be enabled using Log4j
2019-09-03 19:15:40,934 [main] INFO  http.HttpServer2 (HttpServer2.java:addGlobalFilter(975)) - Added global filter 'safety' (class=org.apache.hadoop.http.HttpServer2$QuotingInputFilter)
2019-09-03 19:15:40,938 [main] INFO  http.HttpServer2 (HttpServer2.java:addFilter(948)) - Added filter static_user_filter (class=org.apache.hadoop.http.lib.StaticUserWebFilter$StaticUserFilter) to context scm
2019-09-03 19:15:40,938 [main] INFO  http.HttpServer2 (HttpServer2.java:addFilter(958)) - Added filter static_user_filter (class=org.apache.hadoop.http.lib.StaticUserWebFilter$StaticUserFilter) to context static
2019-09-03 19:15:40,938 [main] INFO  http.HttpServer2 (HttpServer2.java:addFilter(958)) - Added filter static_user_filter (class=org.apache.hadoop.http.lib.StaticUserWebFilter$StaticUserFilter) to context logs
2019-09-03 19:15:40,975 [main] INFO  server.StorageContainerManager (StorageContainerManager.java:start(759)) - StorageContainerLocationProtocol RPC server is listening at /0.0.0.0:38376
2019-09-03 19:15:41,037 [main] WARN  impl.MetricsConfig (MetricsConfig.java:loadFirst(134)) - Cannot locate configuration: tried hadoop-metrics2-storagecontainermanager.properties,hadoop-metrics2.properties
2019-09-03 19:15:41,049 [main] INFO  impl.MetricsSystemImpl (MetricsSystemImpl.java:startTimer(374)) - Scheduled Metric snapshot period at 10 second(s).
2019-09-03 19:15:41,050 [main] INFO  impl.MetricsSystemImpl (MetricsSystemImpl.java:start(191)) - StorageContainerManager metrics system started
2019-09-03 19:15:41,284 [main] INFO  server.SCMClientProtocolServer (SCMClientProtocolServer.java:start(151)) - RPC server for Client  is listening at /0.0.0.0:38376
2019-09-03 19:15:41,285 [IPC Server Responder] INFO  ipc.Server (Server.java:run(1314)) - IPC Server Responder: starting
2019-09-03 19:15:41,285 [IPC Server listener on 38376] INFO  ipc.Server (Server.java:run(1153)) - IPC Server listener on 38376: starting
2019-09-03 19:15:41,287 [main] INFO  server.StorageContainerManager (StorageContainerManager.java:start(769)) - ScmBlockLocationProtocol RPC server is listening at /0.0.0.0:43634
2019-09-03 19:15:41,288 [main] INFO  server.SCMBlockProtocolServer (SCMBlockProtocolServer.java:start(146)) - RPC server for Block Protocol is listening at /0.0.0.0:43634
2019-09-03 19:15:41,289 [IPC Server Responder] INFO  ipc.Server (Server.java:run(1314)) - IPC Server Responder: starting
2019-09-03 19:15:41,289 [IPC Server listener on 43634] INFO  ipc.Server (Server.java:run(1153)) - IPC Server listener on 43634: starting
2019-09-03 19:15:41,290 [main] INFO  server.StorageContainerManager (StorageContainerManager.java:start(773)) - ScmDatanodeProtocl RPC server is listening at /0.0.0.0:35505
2019-09-03 19:15:41,291 [main] INFO  server.SCMDatanodeProtocolServer (SCMDatanodeProtocolServer.java:start(191)) - RPC server for DataNodes is listening at /0.0.0.0:35505
2019-09-03 19:15:41,291 [IPC Server Responder] INFO  ipc.Server (Server.java:run(1314)) - IPC Server Responder: starting
2019-09-03 19:15:41,291 [IPC Server listener on 35505] INFO  ipc.Server (Server.java:run(1153)) - IPC Server listener on 35505: starting
2019-09-03 19:15:41,294 [main] INFO  http.HttpServer2 (HttpServer2.java:bindListener(1191)) - Jetty bound to port 36079
2019-09-03 19:15:41,296 [main] INFO  server.Server (Server.java:doStart(351)) - jetty-9.3.24.v20180605, build timestamp: 2018-06-05T17:11:56Z, git hash: 84205aa28f11a4f31f2a3b86d1bba2cc8ab69827
2019-09-03 19:15:41,337 [main] INFO  handler.ContextHandler (ContextHandler.java:doStart(781)) - Started o.e.j.s.ServletContextHandler@2dd80673{/logs,file:///workdir/hadoop-ozone/integration-test/target/log,AVAILABLE}
2019-09-03 19:15:41,338 [main] INFO  handler.ContextHandler (ContextHandler.java:doStart(781)) - Started o.e.j.s.ServletContextHandler@57ea113a{/static,file:///workdir/hadoop-ozone/integration-test/target/test-classes/webapps/static,AVAILABLE}
2019-09-03 19:15:41,383 [main] INFO  handler.ContextHandler (ContextHandler.java:doStart(781)) - Started o.e.j.w.WebAppContext@67ef029{/,file:///workdir/hadoop-ozone/integration-test/target/test-classes/webapps/scm/,AVAILABLE}{/scm}
2019-09-03 19:15:41,388 [main] INFO  server.AbstractConnector (AbstractConnector.java:doStart(278)) - Started ServerConnector@4152d38d{HTTP/1.1,[http/1.1]}{0.0.0.0:36079}
2019-09-03 19:15:41,388 [main] INFO  server.Server (Server.java:doStart(419)) - Started @3052ms
2019-09-03 19:15:41,390 [main] INFO  impl.MetricsSinkAdapter (MetricsSinkAdapter.java:start(204)) - Sink prometheus started
2019-09-03 19:15:41,391 [main] INFO  impl.MetricsSystemImpl (MetricsSystemImpl.java:registerSink(301)) - Registered sink prometheus
2019-09-03 19:15:41,393 [main] INFO  server.BaseHttpServer (BaseHttpServer.java:updateConnectorAddress(215)) - HTTP server of SCM is listening at http://0.0.0.0:36079
2019-09-03 19:15:41,398 [org.apache.hadoop.util.JvmPauseMonitor$Monitor@1ac85b0c] INFO  util.JvmPauseMonitor (JvmPauseMonitor.java:run(188)) - Starting JVM pause monitor
2019-09-03 19:15:41,400 [main] WARN  server.ServerUtils (ServerUtils.java:getDBPath(222)) - ozone.om.db.dirs is not configured. We recommend adding this setting. Falling back to ozone.metadata.dirs instead.
2019-09-03 19:15:41,536 [main] WARN  server.ServerUtils (ServerUtils.java:getDBPath(222)) - ozone.om.db.dirs is not configured. We recommend adding this setting. Falling back to ozone.metadata.dirs instead.
2019-09-03 19:15:41,536 [main] WARN  server.ServerUtils (ServerUtils.java:getDBPath(222)) - ozone.om.db.dirs is not configured. We recommend adding this setting. Falling back to ozone.metadata.dirs instead.
2019-09-03 19:15:41,537 [main] INFO  om.OzoneManager (OzoneManager.java:setOMNodeDetails(649)) - OM Service ID is not set. Setting it to the default ID: omServiceIdDefault
2019-09-03 19:15:41,538 [main] INFO  om.OzoneManager (OzoneManager.java:setOMNodeDetails(655)) - OM Node ID is not set. Setting it to the OmStorage's OmID: 4c5daa6f-b540-4ebe-9a24-d696b241868b
2019-09-03 19:15:41,539 [main] INFO  om.OzoneManager (OzoneManager.java:loadOMHAConfigs(606)) - Found matching OM address with OMServiceId: null, OMNodeId: null, RPC Address: localhost:0 and Ratis port: 9872
2019-09-03 19:15:42,287 [main] WARN  server.ServerUtils (ServerUtils.java:getDBPath(222)) - ozone.om.db.dirs is not configured. We recommend adding this setting. Falling back to ozone.metadata.dirs instead.
2019-09-03 19:15:42,299 [main] INFO  db.DBStoreBuilder (DBStoreBuilder.java:addTable(110)) - using custom profile for table: userTable
2019-09-03 19:15:42,299 [main] INFO  db.DBStoreBuilder (DBStoreBuilder.java:processTables(161)) - Using default column profile:DBProfile.DISK for Table:userTable
2019-09-03 19:15:42,300 [main] INFO  db.DBStoreBuilder (DBStoreBuilder.java:addTable(110)) - using custom profile for table: volumeTable
2019-09-03 19:15:42,300 [main] INFO  db.DBStoreBuilder (DBStoreBuilder.java:processTables(161)) - Using default column profile:DBProfile.DISK for Table:volumeTable
2019-09-03 19:15:42,301 [main] INFO  db.DBStoreBuilder (DBStoreBuilder.java:addTable(110)) - using custom profile for table: bucketTable
2019-09-03 19:15:42,301 [main] INFO  db.DBStoreBuilder (DBStoreBuilder.java:processTables(161)) - Using default column profile:DBProfile.DISK for Table:bucketTable
2019-09-03 19:15:42,301 [main] INFO  db.DBStoreBuilder (DBStoreBuilder.java:addTable(110)) - using custom profile for table: keyTable
2019-09-03 19:15:42,302 [main] INFO  db.DBStoreBuilder (DBStoreBuilder.java:processTables(161)) - Using default column profile:DBProfile.DISK for Table:keyTable
2019-09-03 19:15:42,302 [main] INFO  db.DBStoreBuilder (DBStoreBuilder.java:addTable(110)) - using custom profile for table: deletedTable
2019-09-03 19:15:42,302 [main] INFO  db.DBStoreBuilder (DBStoreBuilder.java:processTables(161)) - Using default column profile:DBProfile.DISK for Table:deletedTable
2019-09-03 19:15:42,303 [main] INFO  db.DBStoreBuilder (DBStoreBuilder.java:addTable(110)) - using custom profile for table: openKeyTable
2019-09-03 19:15:42,303 [main] INFO  db.DBStoreBuilder (DBStoreBuilder.java:processTables(161)) - Using default column profile:DBProfile.DISK for Table:openKeyTable
2019-09-03 19:15:42,304 [main] INFO  db.DBStoreBuilder (DBStoreBuilder.java:addTable(110)) - using custom profile for table: s3Table
2019-09-03 19:15:42,304 [main] INFO  db.DBStoreBuilder (DBStoreBuilder.java:processTables(161)) - Using default column profile:DBProfile.DISK for Table:s3Table
2019-09-03 19:15:42,304 [main] INFO  db.DBStoreBuilder (DBStoreBuilder.java:addTable(110)) - using custom profile for table: multipartInfoTable
2019-09-03 19:15:42,305 [main] INFO  db.DBStoreBuilder (DBStoreBuilder.java:processTables(161)) - Using default column profile:DBProfile.DISK for Table:multipartInfoTable
2019-09-03 19:15:42,305 [main] INFO  db.DBStoreBuilder (DBStoreBuilder.java:addTable(110)) - using custom profile for table: dTokenTable
2019-09-03 19:15:42,306 [main] INFO  db.DBStoreBuilder (DBStoreBuilder.java:processTables(161)) - Using default column profile:DBProfile.DISK for Table:dTokenTable
2019-09-03 19:15:42,306 [main] INFO  db.DBStoreBuilder (DBStoreBuilder.java:addTable(110)) - using custom profile for table: s3SecretTable
2019-09-03 19:15:42,306 [main] INFO  db.DBStoreBuilder (DBStoreBuilder.java:processTables(161)) - Using default column profile:DBProfile.DISK for Table:s3SecretTable
2019-09-03 19:15:42,307 [main] INFO  db.DBStoreBuilder (DBStoreBuilder.java:addTable(110)) - using custom profile for table: prefixTable
2019-09-03 19:15:42,307 [main] INFO  db.DBStoreBuilder (DBStoreBuilder.java:processTables(161)) - Using default column profile:DBProfile.DISK for Table:prefixTable
2019-09-03 19:15:42,308 [main] INFO  db.DBStoreBuilder (DBStoreBuilder.java:addTable(110)) - using custom profile for table: default
2019-09-03 19:15:42,308 [main] INFO  db.DBStoreBuilder (DBStoreBuilder.java:processTables(167)) - Using default column profile:DBProfile.DISK for Table:default
2019-09-03 19:15:42,308 [main] INFO  db.DBStoreBuilder (DBStoreBuilder.java:getDbProfile(198)) - Using default options. DBProfile.DISK
2019-09-03 19:15:42,814 [main] INFO  ipc.CallQueueManager (CallQueueManager.java:<init>(84)) - Using callQueue: class java.util.concurrent.LinkedBlockingQueue, queueCapacity: 2000, scheduler: class org.apache.hadoop.ipc.DefaultRpcScheduler, ipcBackoff: false.
2019-09-03 19:15:42,815 [Socket Reader #1 for port 42695] INFO  ipc.Server (Server.java:run(1074)) - Starting Socket Reader #1 for port 42695
2019-09-03 19:15:42,837 [main] INFO  om.OzoneManager (OzoneManager.java:start(1240)) - OzoneManager RPC server is listening at localhost/127.0.0.1:42695
2019-09-03 19:15:42,837 [main] INFO  impl.MetricsSystemImpl (MetricsSystemImpl.java:init(158)) - OzoneManager metrics system started (again)
2019-09-03 19:15:42,838 [IPC Server Responder] INFO  ipc.Server (Server.java:run(1314)) - IPC Server Responder: starting
2019-09-03 19:15:42,839 [IPC Server listener on 42695] INFO  ipc.Server (Server.java:run(1153)) - IPC Server listener on 42695: starting
2019-09-03 19:15:42,844 [main] INFO  hdfs.DFSUtil (DFSUtil.java:httpServerTemplateForNNAndJN(1641)) - Starting Web-server for ozoneManager at: http://0.0.0.0:0
2019-09-03 19:15:42,846 [main] INFO  server.AuthenticationFilter (AuthenticationFilter.java:constructSecretProvider(240)) - Unable to initialize FileSignerSecretProvider, falling back to use random secrets.
2019-09-03 19:15:42,846 [main] WARN  http.HttpRequestLog (HttpRequestLog.java:getRequestLog(97)) - Jetty request log can only be enabled using Log4j
2019-09-03 19:15:42,848 [main] INFO  http.HttpServer2 (HttpServer2.java:addGlobalFilter(975)) - Added global filter 'safety' (class=org.apache.hadoop.http.HttpServer2$QuotingInputFilter)
2019-09-03 19:15:42,849 [main] INFO  http.HttpServer2 (HttpServer2.java:addFilter(948)) - Added filter static_user_filter (class=org.apache.hadoop.http.lib.StaticUserWebFilter$StaticUserFilter) to context ozoneManager
2019-09-03 19:15:42,849 [main] INFO  http.HttpServer2 (HttpServer2.java:addFilter(958)) - Added filter static_user_filter (class=org.apache.hadoop.http.lib.StaticUserWebFilter$StaticUserFilter) to context logs
2019-09-03 19:15:42,850 [main] INFO  http.HttpServer2 (HttpServer2.java:addFilter(958)) - Added filter static_user_filter (class=org.apache.hadoop.http.lib.StaticUserWebFilter$StaticUserFilter) to context static
2019-09-03 19:15:42,852 [main] INFO  http.HttpServer2 (HttpServer2.java:bindListener(1191)) - Jetty bound to port 34773
2019-09-03 19:15:42,852 [main] INFO  server.Server (Server.java:doStart(351)) - jetty-9.3.24.v20180605, build timestamp: 2018-06-05T17:11:56Z, git hash: 84205aa28f11a4f31f2a3b86d1bba2cc8ab69827
2019-09-03 19:15:42,854 [main] INFO  handler.ContextHandler (ContextHandler.java:doStart(781)) - Started o.e.j.s.ServletContextHandler@53692008{/logs,file:///workdir/hadoop-ozone/integration-test/target/log,AVAILABLE}
2019-09-03 19:15:42,855 [main] INFO  handler.ContextHandler (ContextHandler.java:doStart(781)) - Started o.e.j.s.ServletContextHandler@1bbae752{/static,file:///workdir/hadoop-ozone/integration-test/target/test-classes/webapps/static,AVAILABLE}
2019-09-03 19:15:42,860 [main] INFO  handler.ContextHandler (ContextHandler.java:doStart(781)) - Started o.e.j.w.WebAppContext@3a627c80{/,file:///workdir/hadoop-ozone/integration-test/target/test-classes/webapps/ozoneManager/,AVAILABLE}{/ozoneManager}
2019-09-03 19:15:42,861 [main] INFO  server.AbstractConnector (AbstractConnector.java:doStart(278)) - Started ServerConnector@49aa766b{HTTP/1.1,[http/1.1]}{0.0.0.0:34773}
2019-09-03 19:15:42,862 [main] INFO  server.Server (Server.java:doStart(419)) - Started @4525ms
2019-09-03 19:15:42,862 [main] WARN  impl.MetricsSystemImpl (MetricsSystemImpl.java:register(276)) - Sink prometheus already exists!
2019-09-03 19:15:42,863 [main] INFO  server.BaseHttpServer (BaseHttpServer.java:updateConnectorAddress(215)) - HTTP server of OZONEMANAGER is listening at http://0.0.0.0:34773
2019-09-03 19:15:43,259 [main] INFO  impl.MetricsSystemImpl (MetricsSystemImpl.java:init(158)) - HddsDatanode metrics system started (again)
2019-09-03 19:15:43,308 [main] INFO  ozone.HddsDatanodeService (HddsDatanodeService.java:start(184)) - HddsDatanodeService host:pr-hdds-1200-xgh2h-450883189 ip:192.168.36.111
2019-09-03 19:15:43,345 [main] INFO  volume.HddsVolume (HddsVolume.java:<init>(176)) - Creating Volume: /workdir/hadoop-ozone/integration-test/target/test-dir/MiniOzoneClusterImpl-50949d89-65ee-463c-9ac0-9cef6a8092fe/datanode-0/data/containers/hdds of  storage type : DISK and capacity : 1482555576320
2019-09-03 19:15:43,348 [main] INFO  volume.VolumeSet (VolumeSet.java:initializeVolumeSet(170)) - Added Volume : /workdir/hadoop-ozone/integration-test/target/test-dir/MiniOzoneClusterImpl-50949d89-65ee-463c-9ac0-9cef6a8092fe/datanode-0/data/containers/hdds to VolumeSet
2019-09-03 19:15:43,354 [main] INFO  volume.ThrottledAsyncChecker (ThrottledAsyncChecker.java:schedule(140)) - Scheduling a check for org.apache.hadoop.ozone.container.common.volume.HddsVolume@14379273
2019-09-03 19:15:43,383 [main] INFO  volume.HddsVolumeChecker (HddsVolumeChecker.java:checkAllVolumes(203)) - Scheduled health check for volume org.apache.hadoop.ozone.container.common.volume.HddsVolume@14379273
2019-09-03 19:15:43,511 [main] INFO  impl.RaftServerProxy (ConfUtils.java:logGet(43)) - raft.rpc.type = GRPC (default)
2019-09-03 19:15:43,580 [main] INFO  grpc.GrpcFactory (GrpcFactory.java:checkPooledByteBufAllocatorUseCacheForAllThreads(45)) - PERFORMANCE WARNING: useCacheForAllThreads is true that may cause Netty to create a lot garbage objects and, as a result, trigger GC.
	It is recommended to disable useCacheForAllThreads by setting -Dorg.apache.ratis.thirdparty.io.netty.allocator.useCacheForAllThreads=false in command line.
2019-09-03 19:15:43,585 [main] INFO  grpc.GrpcConfigKeys$Server (ConfUtils.java:logGet(43)) - raft.grpc.server.port = 0 (default)
2019-09-03 19:15:43,587 [main] INFO  server.GrpcService (ConfUtils.java:logGet(43)) - raft.grpc.message.size.max = 33570816 (custom)
2019-09-03 19:15:43,588 [main] INFO  server.RaftServerConfigKeys (ConfUtils.java:logGet(43)) - raft.server.log.appender.buffer.byte-limit = 33554432 (custom)
2019-09-03 19:15:43,589 [main] INFO  server.GrpcService (ConfUtils.java:logGet(43)) - raft.grpc.flow.control.window = 1MB (=1048576) (default)
2019-09-03 19:15:43,590 [main] INFO  server.RaftServerConfigKeys (ConfUtils.java:logGet(43)) - raft.server.rpc.request.timeout = 3000ms (default)
2019-09-03 19:15:43,765 [main] INFO  server.RaftServerConfigKeys (ConfUtils.java:logGet(43)) - raft.server.storage.dir = [/workdir/hadoop-ozone/integration-test/target/test-dir/MiniOzoneClusterImpl-50949d89-65ee-463c-9ac0-9cef6a8092fe/datanode-0/data/ratis] (custom)
2019-09-03 19:15:43,825 [main] INFO  hdfs.DFSUtil (DFSUtil.java:httpServerTemplateForNNAndJN(1641)) - Starting Web-server for hddsDatanode at: http://0.0.0.0:0
2019-09-03 19:15:43,827 [main] INFO  server.AuthenticationFilter (AuthenticationFilter.java:constructSecretProvider(240)) - Unable to initialize FileSignerSecretProvider, falling back to use random secrets.
2019-09-03 19:15:43,828 [main] WARN  http.HttpRequestLog (HttpRequestLog.java:getRequestLog(97)) - Jetty request log can only be enabled using Log4j
2019-09-03 19:15:43,830 [main] INFO  http.HttpServer2 (HttpServer2.java:addGlobalFilter(975)) - Added global filter 'safety' (class=org.apache.hadoop.http.HttpServer2$QuotingInputFilter)
2019-09-03 19:15:43,830 [main] INFO  http.HttpServer2 (HttpServer2.java:addFilter(948)) - Added filter static_user_filter (class=org.apache.hadoop.http.lib.StaticUserWebFilter$StaticUserFilter) to context hddsDatanode
2019-09-03 19:15:43,831 [main] INFO  http.HttpServer2 (HttpServer2.java:addFilter(958)) - Added filter static_user_filter (class=org.apache.hadoop.http.lib.StaticUserWebFilter$StaticUserFilter) to context static
2019-09-03 19:15:43,831 [main] INFO  http.HttpServer2 (HttpServer2.java:addFilter(958)) - Added filter static_user_filter (class=org.apache.hadoop.http.lib.StaticUserWebFilter$StaticUserFilter) to context logs
2019-09-03 19:15:43,832 [main] INFO  http.HttpServer2 (HttpServer2.java:bindListener(1191)) - Jetty bound to port 44714
2019-09-03 19:15:43,832 [main] INFO  server.Server (Server.java:doStart(351)) - jetty-9.3.24.v20180605, build timestamp: 2018-06-05T17:11:56Z, git hash: 84205aa28f11a4f31f2a3b86d1bba2cc8ab69827
2019-09-03 19:15:43,834 [main] INFO  handler.ContextHandler (ContextHandler.java:doStart(781)) - Started o.e.j.s.ServletContextHandler@25290bca{/logs,file:///workdir/hadoop-ozone/integration-test/target/log,AVAILABLE}
2019-09-03 19:15:43,834 [main] INFO  handler.ContextHandler (ContextHandler.java:doStart(781)) - Started o.e.j.s.ServletContextHandler@4ac86d6a{/static,jar:file:/home/user/.m2/repository/org/apache/hadoop/hadoop-hdds-container-service/0.5.0-SNAPSHOT/hadoop-hdds-container-service-0.5.0-SNAPSHOT.jar!/webapps/static,AVAILABLE}
2019-09-03 19:15:43,868 [main] INFO  handler.ContextHandler (ContextHandler.java:doStart(781)) - Started o.e.j.w.WebAppContext@6d1dcdff{/,file:///tmp/jetty-0.0.0.0-44714-hddsDatanode-_-any-339010018349066484.dir/webapp/,AVAILABLE}{/hddsDatanode}
2019-09-03 19:15:43,869 [main] INFO  server.AbstractConnector (AbstractConnector.java:doStart(278)) - Started ServerConnector@102ecc22{HTTP/1.1,[http/1.1]}{0.0.0.0:44714}
2019-09-03 19:15:43,869 [main] INFO  server.Server (Server.java:doStart(419)) - Started @5533ms
2019-09-03 19:15:43,870 [main] WARN  impl.MetricsSystemImpl (MetricsSystemImpl.java:register(276)) - Sink prometheus already exists!
2019-09-03 19:15:43,871 [main] INFO  server.BaseHttpServer (BaseHttpServer.java:updateConnectorAddress(215)) - HTTP server of HDDSDATANODE is listening at http://0.0.0.0:44714
2019-09-03 19:15:43,873 [main] INFO  impl.MetricsSystemImpl (MetricsSystemImpl.java:init(158)) - HddsDatanode metrics system started (again)
2019-09-03 19:15:43,877 [main] INFO  ozone.HddsDatanodeService (HddsDatanodeService.java:start(184)) - HddsDatanodeService host:pr-hdds-1200-xgh2h-450883189 ip:192.168.36.111
2019-09-03 19:15:43,879 [org.apache.hadoop.util.JvmPauseMonitor$Monitor@35c4ec27] INFO  util.JvmPauseMonitor (JvmPauseMonitor.java:run(188)) - Starting JVM pause monitor
2019-09-03 19:15:43,886 [main] INFO  volume.HddsVolume (HddsVolume.java:<init>(176)) - Creating Volume: /workdir/hadoop-ozone/integration-test/target/test-dir/MiniOzoneClusterImpl-50949d89-65ee-463c-9ac0-9cef6a8092fe/datanode-1/data/containers/hdds of  storage type : DISK and capacity : 1482555576320
2019-09-03 19:15:43,887 [main] INFO  volume.VolumeSet (VolumeSet.java:initializeVolumeSet(170)) - Added Volume : /workdir/hadoop-ozone/integration-test/target/test-dir/MiniOzoneClusterImpl-50949d89-65ee-463c-9ac0-9cef6a8092fe/datanode-1/data/containers/hdds to VolumeSet
2019-09-03 19:15:43,887 [main] INFO  volume.ThrottledAsyncChecker (ThrottledAsyncChecker.java:schedule(140)) - Scheduling a check for org.apache.hadoop.ozone.container.common.volume.HddsVolume@421056e5
2019-09-03 19:15:43,888 [main] INFO  volume.HddsVolumeChecker (HddsVolumeChecker.java:checkAllVolumes(203)) - Scheduled health check for volume org.apache.hadoop.ozone.container.common.volume.HddsVolume@421056e5
2019-09-03 19:15:43,906 [main] INFO  impl.RaftServerProxy (ConfUtils.java:logGet(43)) - raft.rpc.type = GRPC (default)
2019-09-03 19:15:43,907 [main] INFO  grpc.GrpcFactory (GrpcFactory.java:checkPooledByteBufAllocatorUseCacheForAllThreads(45)) - PERFORMANCE WARNING: useCacheForAllThreads is true that may cause Netty to create a lot garbage objects and, as a result, trigger GC.
	It is recommended to disable useCacheForAllThreads by setting -Dorg.apache.ratis.thirdparty.io.netty.allocator.useCacheForAllThreads=false in command line.
2019-09-03 19:15:43,907 [main] INFO  grpc.GrpcConfigKeys$Server (ConfUtils.java:logGet(43)) - raft.grpc.server.port = 0 (default)
2019-09-03 19:15:43,907 [main] INFO  server.GrpcService (ConfUtils.java:logGet(43)) - raft.grpc.message.size.max = 33570816 (custom)
2019-09-03 19:15:43,908 [main] INFO  server.RaftServerConfigKeys (ConfUtils.java:logGet(43)) - raft.server.log.appender.buffer.byte-limit = 33554432 (custom)
2019-09-03 19:15:43,908 [main] INFO  server.GrpcService (ConfUtils.java:logGet(43)) - raft.grpc.flow.control.window = 1MB (=1048576) (default)
2019-09-03 19:15:43,908 [main] INFO  server.RaftServerConfigKeys (ConfUtils.java:logGet(43)) - raft.server.rpc.request.timeout = 3000ms (default)
2019-09-03 19:15:43,909 [main] INFO  server.RaftServerConfigKeys (ConfUtils.java:logGet(43)) - raft.server.storage.dir = [/workdir/hadoop-ozone/integration-test/target/test-dir/MiniOzoneClusterImpl-50949d89-65ee-463c-9ac0-9cef6a8092fe/datanode-1/data/ratis] (custom)
2019-09-03 19:15:43,912 [main] INFO  hdfs.DFSUtil (DFSUtil.java:httpServerTemplateForNNAndJN(1641)) - Starting Web-server for hddsDatanode at: http://0.0.0.0:0
2019-09-03 19:15:43,913 [main] INFO  server.AuthenticationFilter (AuthenticationFilter.java:constructSecretProvider(240)) - Unable to initialize FileSignerSecretProvider, falling back to use random secrets.
2019-09-03 19:15:43,914 [main] WARN  http.HttpRequestLog (HttpRequestLog.java:getRequestLog(97)) - Jetty request log can only be enabled using Log4j
2019-09-03 19:15:43,916 [main] INFO  http.HttpServer2 (HttpServer2.java:addGlobalFilter(975)) - Added global filter 'safety' (class=org.apache.hadoop.http.HttpServer2$QuotingInputFilter)
2019-09-03 19:15:43,917 [main] INFO  http.HttpServer2 (HttpServer2.java:addFilter(948)) - Added filter static_user_filter (class=org.apache.hadoop.http.lib.StaticUserWebFilter$StaticUserFilter) to context hddsDatanode
2019-09-03 19:15:43,917 [main] INFO  http.HttpServer2 (HttpServer2.java:addFilter(958)) - Added filter static_user_filter (class=org.apache.hadoop.http.lib.StaticUserWebFilter$StaticUserFilter) to context logs
2019-09-03 19:15:43,917 [main] INFO  http.HttpServer2 (HttpServer2.java:addFilter(958)) - Added filter static_user_filter (class=org.apache.hadoop.http.lib.StaticUserWebFilter$StaticUserFilter) to context static
2019-09-03 19:15:43,918 [main] INFO  http.HttpServer2 (HttpServer2.java:bindListener(1191)) - Jetty bound to port 43223
2019-09-03 19:15:43,919 [main] INFO  server.Server (Server.java:doStart(351)) - jetty-9.3.24.v20180605, build timestamp: 2018-06-05T17:11:56Z, git hash: 84205aa28f11a4f31f2a3b86d1bba2cc8ab69827
2019-09-03 19:15:43,923 [main] INFO  handler.ContextHandler (ContextHandler.java:doStart(781)) - Started o.e.j.s.ServletContextHandler@6edcad64{/logs,file:///workdir/hadoop-ozone/integration-test/target/log,AVAILABLE}
2019-09-03 19:15:43,924 [main] INFO  handler.ContextHandler (ContextHandler.java:doStart(781)) - Started o.e.j.s.ServletContextHandler@3e33d73e{/static,jar:file:/home/user/.m2/repository/org/apache/hadoop/hadoop-hdds-container-service/0.5.0-SNAPSHOT/hadoop-hdds-container-service-0.5.0-SNAPSHOT.jar!/webapps/static,AVAILABLE}
2019-09-03 19:15:43,963 [main] INFO  handler.ContextHandler (ContextHandler.java:doStart(781)) - Started o.e.j.w.WebAppContext@277b8fa4{/,file:///tmp/jetty-0.0.0.0-43223-hddsDatanode-_-any-3299072500338544028.dir/webapp/,AVAILABLE}{/hddsDatanode}
2019-09-03 19:15:43,965 [main] INFO  server.AbstractConnector (AbstractConnector.java:doStart(278)) - Started ServerConnector@6cd64ee8{HTTP/1.1,[http/1.1]}{0.0.0.0:43223}
2019-09-03 19:15:43,967 [main] INFO  server.Server (Server.java:doStart(419)) - Started @5630ms
2019-09-03 19:15:43,967 [main] WARN  impl.MetricsSystemImpl (MetricsSystemImpl.java:register(276)) - Sink prometheus already exists!
2019-09-03 19:15:43,968 [main] INFO  server.BaseHttpServer (BaseHttpServer.java:updateConnectorAddress(215)) - HTTP server of HDDSDATANODE is listening at http://0.0.0.0:43223
2019-09-03 19:15:43,968 [main] INFO  impl.MetricsSystemImpl (MetricsSystemImpl.java:init(158)) - HddsDatanode metrics system started (again)
2019-09-03 19:15:43,972 [org.apache.hadoop.util.JvmPauseMonitor$Monitor@422dbba5] INFO  util.JvmPauseMonitor (JvmPauseMonitor.java:run(188)) - Starting JVM pause monitor
2019-09-03 19:15:43,974 [main] INFO  ozone.HddsDatanodeService (HddsDatanodeService.java:start(184)) - HddsDatanodeService host:pr-hdds-1200-xgh2h-450883189 ip:192.168.36.111
2019-09-03 19:15:43,983 [main] INFO  volume.HddsVolume (HddsVolume.java:<init>(176)) - Creating Volume: /workdir/hadoop-ozone/integration-test/target/test-dir/MiniOzoneClusterImpl-50949d89-65ee-463c-9ac0-9cef6a8092fe/datanode-2/data/containers/hdds of  storage type : DISK and capacity : 1482555576320
2019-09-03 19:15:43,984 [main] INFO  volume.VolumeSet (VolumeSet.java:initializeVolumeSet(170)) - Added Volume : /workdir/hadoop-ozone/integration-test/target/test-dir/MiniOzoneClusterImpl-50949d89-65ee-463c-9ac0-9cef6a8092fe/datanode-2/data/containers/hdds to VolumeSet
2019-09-03 19:15:43,984 [main] INFO  volume.ThrottledAsyncChecker (ThrottledAsyncChecker.java:schedule(140)) - Scheduling a check for org.apache.hadoop.ozone.container.common.volume.HddsVolume@3ee0b4f7
2019-09-03 19:15:43,985 [main] INFO  volume.HddsVolumeChecker (HddsVolumeChecker.java:checkAllVolumes(203)) - Scheduled health check for volume org.apache.hadoop.ozone.container.common.volume.HddsVolume@3ee0b4f7
2019-09-03 19:15:44,007 [main] INFO  impl.RaftServerProxy (ConfUtils.java:logGet(43)) - raft.rpc.type = GRPC (default)
2019-09-03 19:15:44,007 [main] INFO  grpc.GrpcFactory (GrpcFactory.java:checkPooledByteBufAllocatorUseCacheForAllThreads(45)) - PERFORMANCE WARNING: useCacheForAllThreads is true that may cause Netty to create a lot garbage objects and, as a result, trigger GC.
	It is recommended to disable useCacheForAllThreads by setting -Dorg.apache.ratis.thirdparty.io.netty.allocator.useCacheForAllThreads=false in command line.
2019-09-03 19:15:44,008 [main] INFO  grpc.GrpcConfigKeys$Server (ConfUtils.java:logGet(43)) - raft.grpc.server.port = 0 (default)
2019-09-03 19:15:44,008 [main] INFO  server.GrpcService (ConfUtils.java:logGet(43)) - raft.grpc.message.size.max = 33570816 (custom)
2019-09-03 19:15:44,008 [main] INFO  server.RaftServerConfigKeys (ConfUtils.java:logGet(43)) - raft.server.log.appender.buffer.byte-limit = 33554432 (custom)
2019-09-03 19:15:44,010 [main] INFO  server.GrpcService (ConfUtils.java:logGet(43)) - raft.grpc.flow.control.window = 1MB (=1048576) (default)
2019-09-03 19:15:44,010 [main] INFO  server.RaftServerConfigKeys (ConfUtils.java:logGet(43)) - raft.server.rpc.request.timeout = 3000ms (default)
2019-09-03 19:15:44,011 [main] INFO  server.RaftServerConfigKeys (ConfUtils.java:logGet(43)) - raft.server.storage.dir = [/workdir/hadoop-ozone/integration-test/target/test-dir/MiniOzoneClusterImpl-50949d89-65ee-463c-9ac0-9cef6a8092fe/datanode-2/data/ratis] (custom)
2019-09-03 19:15:44,013 [main] INFO  hdfs.DFSUtil (DFSUtil.java:httpServerTemplateForNNAndJN(1641)) - Starting Web-server for hddsDatanode at: http://0.0.0.0:0
2019-09-03 19:15:44,015 [main] INFO  server.AuthenticationFilter (AuthenticationFilter.java:constructSecretProvider(240)) - Unable to initialize FileSignerSecretProvider, falling back to use random secrets.
2019-09-03 19:15:44,016 [Datanode State Machine Thread - 0] INFO  datanode.InitDatanodeState (InitDatanodeState.java:persistContainerDatanodeDetails(140)) - DatanodeDetails is persisted to /workdir/hadoop-ozone/integration-test/target/test-dir/MiniOzoneClusterImpl-50949d89-65ee-463c-9ac0-9cef6a8092fe/datanode-0/meta/datanode.id
2019-09-03 19:15:44,016 [main] WARN  http.HttpRequestLog (HttpRequestLog.java:getRequestLog(97)) - Jetty request log can only be enabled using Log4j
2019-09-03 19:15:44,019 [Datanode State Machine Thread - 0] INFO  datanode.InitDatanodeState (InitDatanodeState.java:persistContainerDatanodeDetails(140)) - DatanodeDetails is persisted to /workdir/hadoop-ozone/integration-test/target/test-dir/MiniOzoneClusterImpl-50949d89-65ee-463c-9ac0-9cef6a8092fe/datanode-1/meta/datanode.id
2019-09-03 19:15:44,021 [main] INFO  http.HttpServer2 (HttpServer2.java:addGlobalFilter(975)) - Added global filter 'safety' (class=org.apache.hadoop.http.HttpServer2$QuotingInputFilter)
2019-09-03 19:15:44,021 [main] INFO  http.HttpServer2 (HttpServer2.java:addFilter(948)) - Added filter static_user_filter (class=org.apache.hadoop.http.lib.StaticUserWebFilter$StaticUserFilter) to context hddsDatanode
2019-09-03 19:15:44,022 [main] INFO  http.HttpServer2 (HttpServer2.java:addFilter(958)) - Added filter static_user_filter (class=org.apache.hadoop.http.lib.StaticUserWebFilter$StaticUserFilter) to context static
2019-09-03 19:15:44,022 [main] INFO  http.HttpServer2 (HttpServer2.java:addFilter(958)) - Added filter static_user_filter (class=org.apache.hadoop.http.lib.StaticUserWebFilter$StaticUserFilter) to context logs
2019-09-03 19:15:44,023 [main] INFO  http.HttpServer2 (HttpServer2.java:bindListener(1191)) - Jetty bound to port 38529
2019-09-03 19:15:44,023 [main] INFO  server.Server (Server.java:doStart(351)) - jetty-9.3.24.v20180605, build timestamp: 2018-06-05T17:11:56Z, git hash: 84205aa28f11a4f31f2a3b86d1bba2cc8ab69827
2019-09-03 19:15:44,025 [main] INFO  handler.ContextHandler (ContextHandler.java:doStart(781)) - Started o.e.j.s.ServletContextHandler@52d97ab6{/logs,file:///workdir/hadoop-ozone/integration-test/target/log,AVAILABLE}
2019-09-03 19:15:44,026 [main] INFO  handler.ContextHandler (ContextHandler.java:doStart(781)) - Started o.e.j.s.ServletContextHandler@5e5af8e1{/static,jar:file:/home/user/.m2/repository/org/apache/hadoop/hadoop-hdds-container-service/0.5.0-SNAPSHOT/hadoop-hdds-container-service-0.5.0-SNAPSHOT.jar!/webapps/static,AVAILABLE}
2019-09-03 19:15:44,059 [main] INFO  handler.ContextHandler (ContextHandler.java:doStart(781)) - Started o.e.j.w.WebAppContext@28da7d11{/,file:///tmp/jetty-0.0.0.0-38529-hddsDatanode-_-any-6453432197135764749.dir/webapp/,AVAILABLE}{/hddsDatanode}
2019-09-03 19:15:44,060 [main] INFO  server.AbstractConnector (AbstractConnector.java:doStart(278)) - Started ServerConnector@77b919a3{HTTP/1.1,[http/1.1]}{0.0.0.0:38529}
2019-09-03 19:15:44,061 [main] INFO  server.Server (Server.java:doStart(419)) - Started @5725ms
2019-09-03 19:15:44,061 [main] WARN  impl.MetricsSystemImpl (MetricsSystemImpl.java:register(276)) - Sink prometheus already exists!
2019-09-03 19:15:44,061 [main] INFO  server.BaseHttpServer (BaseHttpServer.java:updateConnectorAddress(215)) - HTTP server of HDDSDATANODE is listening at http://0.0.0.0:38529
2019-09-03 19:15:44,062 [main] INFO  impl.MetricsSystemImpl (MetricsSystemImpl.java:init(158)) - HddsDatanode metrics system started (again)
2019-09-03 19:15:44,065 [main] INFO  ozone.HddsDatanodeService (HddsDatanodeService.java:start(184)) - HddsDatanodeService host:pr-hdds-1200-xgh2h-450883189 ip:192.168.36.111
2019-09-03 19:15:44,065 [org.apache.hadoop.util.JvmPauseMonitor$Monitor@57776483] INFO  util.JvmPauseMonitor (JvmPauseMonitor.java:run(188)) - Starting JVM pause monitor
2019-09-03 19:15:44,068 [Datanode State Machine Thread - 0] INFO  datanode.InitDatanodeState (InitDatanodeState.java:persistContainerDatanodeDetails(140)) - DatanodeDetails is persisted to /workdir/hadoop-ozone/integration-test/target/test-dir/MiniOzoneClusterImpl-50949d89-65ee-463c-9ac0-9cef6a8092fe/datanode-2/meta/datanode.id
2019-09-03 19:15:44,072 [main] INFO  volume.HddsVolume (HddsVolume.java:<init>(176)) - Creating Volume: /workdir/hadoop-ozone/integration-test/target/test-dir/MiniOzoneClusterImpl-50949d89-65ee-463c-9ac0-9cef6a8092fe/datanode-3/data/containers/hdds of  storage type : DISK and capacity : 1482555576320
2019-09-03 19:15:44,073 [main] INFO  volume.VolumeSet (VolumeSet.java:initializeVolumeSet(170)) - Added Volume : /workdir/hadoop-ozone/integration-test/target/test-dir/MiniOzoneClusterImpl-50949d89-65ee-463c-9ac0-9cef6a8092fe/datanode-3/data/containers/hdds to VolumeSet
2019-09-03 19:15:44,073 [main] INFO  volume.ThrottledAsyncChecker (ThrottledAsyncChecker.java:schedule(140)) - Scheduling a check for org.apache.hadoop.ozone.container.common.volume.HddsVolume@733aa9d8
2019-09-03 19:15:44,074 [main] INFO  volume.HddsVolumeChecker (HddsVolumeChecker.java:checkAllVolumes(203)) - Scheduled health check for volume org.apache.hadoop.ozone.container.common.volume.HddsVolume@733aa9d8
2019-09-03 19:15:44,087 [main] INFO  impl.RaftServerProxy (ConfUtils.java:logGet(43)) - raft.rpc.type = GRPC (default)
2019-09-03 19:15:44,087 [main] INFO  grpc.GrpcFactory (GrpcFactory.java:checkPooledByteBufAllocatorUseCacheForAllThreads(45)) - PERFORMANCE WARNING: useCacheForAllThreads is true that may cause Netty to create a lot garbage objects and, as a result, trigger GC.
	It is recommended to disable useCacheForAllThreads by setting -Dorg.apache.ratis.thirdparty.io.netty.allocator.useCacheForAllThreads=false in command line.
2019-09-03 19:15:44,088 [main] INFO  grpc.GrpcConfigKeys$Server (ConfUtils.java:logGet(43)) - raft.grpc.server.port = 0 (default)
2019-09-03 19:15:44,088 [main] INFO  server.GrpcService (ConfUtils.java:logGet(43)) - raft.grpc.message.size.max = 33570816 (custom)
2019-09-03 19:15:44,088 [main] INFO  server.RaftServerConfigKeys (ConfUtils.java:logGet(43)) - raft.server.log.appender.buffer.byte-limit = 33554432 (custom)
2019-09-03 19:15:44,088 [main] INFO  server.GrpcService (ConfUtils.java:logGet(43)) - raft.grpc.flow.control.window = 1MB (=1048576) (default)
2019-09-03 19:15:44,089 [main] INFO  server.RaftServerConfigKeys (ConfUtils.java:logGet(43)) - raft.server.rpc.request.timeout = 3000ms (default)
2019-09-03 19:15:44,089 [main] INFO  server.RaftServerConfigKeys (ConfUtils.java:logGet(43)) - raft.server.storage.dir = [/workdir/hadoop-ozone/integration-test/target/test-dir/MiniOzoneClusterImpl-50949d89-65ee-463c-9ac0-9cef6a8092fe/datanode-3/data/ratis] (custom)
2019-09-03 19:15:44,091 [main] INFO  hdfs.DFSUtil (DFSUtil.java:httpServerTemplateForNNAndJN(1641)) - Starting Web-server for hddsDatanode at: http://0.0.0.0:0
2019-09-03 19:15:44,093 [main] INFO  server.AuthenticationFilter (AuthenticationFilter.java:constructSecretProvider(240)) - Unable to initialize FileSignerSecretProvider, falling back to use random secrets.
2019-09-03 19:15:44,093 [main] WARN  http.HttpRequestLog (HttpRequestLog.java:getRequestLog(97)) - Jetty request log can only be enabled using Log4j
2019-09-03 19:15:44,095 [main] INFO  http.HttpServer2 (HttpServer2.java:addGlobalFilter(975)) - Added global filter 'safety' (class=org.apache.hadoop.http.HttpServer2$QuotingInputFilter)
2019-09-03 19:15:44,095 [main] INFO  http.HttpServer2 (HttpServer2.java:addFilter(948)) - Added filter static_user_filter (class=org.apache.hadoop.http.lib.StaticUserWebFilter$StaticUserFilter) to context hddsDatanode
2019-09-03 19:15:44,096 [main] INFO  http.HttpServer2 (HttpServer2.java:addFilter(958)) - Added filter static_user_filter (class=org.apache.hadoop.http.lib.StaticUserWebFilter$StaticUserFilter) to context static
2019-09-03 19:15:44,096 [main] INFO  http.HttpServer2 (HttpServer2.java:addFilter(958)) - Added filter static_user_filter (class=org.apache.hadoop.http.lib.StaticUserWebFilter$StaticUserFilter) to context logs
2019-09-03 19:15:44,097 [main] INFO  http.HttpServer2 (HttpServer2.java:bindListener(1191)) - Jetty bound to port 34726
2019-09-03 19:15:44,097 [main] INFO  server.Server (Server.java:doStart(351)) - jetty-9.3.24.v20180605, build timestamp: 2018-06-05T17:11:56Z, git hash: 84205aa28f11a4f31f2a3b86d1bba2cc8ab69827
2019-09-03 19:15:44,100 [main] INFO  handler.ContextHandler (ContextHandler.java:doStart(781)) - Started o.e.j.s.ServletContextHandler@588f63c{/logs,file:///workdir/hadoop-ozone/integration-test/target/log,AVAILABLE}
2019-09-03 19:15:44,101 [main] INFO  handler.ContextHandler (ContextHandler.java:doStart(781)) - Started o.e.j.s.ServletContextHandler@1981d861{/static,jar:file:/home/user/.m2/repository/org/apache/hadoop/hadoop-hdds-container-service/0.5.0-SNAPSHOT/hadoop-hdds-container-service-0.5.0-SNAPSHOT.jar!/webapps/static,AVAILABLE}
2019-09-03 19:15:44,130 [main] INFO  handler.ContextHandler (ContextHandler.java:doStart(781)) - Started o.e.j.w.WebAppContext@41eb94bc{/,file:///tmp/jetty-0.0.0.0-34726-hddsDatanode-_-any-6872648692703183245.dir/webapp/,AVAILABLE}{/hddsDatanode}
2019-09-03 19:15:44,130 [main] INFO  server.AbstractConnector (AbstractConnector.java:doStart(278)) - Started ServerConnector@378cfecf{HTTP/1.1,[http/1.1]}{0.0.0.0:34726}
2019-09-03 19:15:44,132 [main] INFO  server.Server (Server.java:doStart(419)) - Started @5795ms
2019-09-03 19:15:44,132 [main] WARN  impl.MetricsSystemImpl (MetricsSystemImpl.java:register(276)) - Sink prometheus already exists!
2019-09-03 19:15:44,133 [main] INFO  server.BaseHttpServer (BaseHttpServer.java:updateConnectorAddress(215)) - HTTP server of HDDSDATANODE is listening at http://0.0.0.0:34726
2019-09-03 19:15:44,133 [main] INFO  impl.MetricsSystemImpl (MetricsSystemImpl.java:init(158)) - HddsDatanode metrics system started (again)
2019-09-03 19:15:44,136 [main] INFO  ozone.HddsDatanodeService (HddsDatanodeService.java:start(184)) - HddsDatanodeService host:pr-hdds-1200-xgh2h-450883189 ip:192.168.36.111
2019-09-03 19:15:44,136 [org.apache.hadoop.util.JvmPauseMonitor$Monitor@155428a4] INFO  util.JvmPauseMonitor (JvmPauseMonitor.java:run(188)) - Starting JVM pause monitor
2019-09-03 19:15:44,139 [Datanode State Machine Thread - 0] INFO  datanode.InitDatanodeState (InitDatanodeState.java:persistContainerDatanodeDetails(140)) - DatanodeDetails is persisted to /workdir/hadoop-ozone/integration-test/target/test-dir/MiniOzoneClusterImpl-50949d89-65ee-463c-9ac0-9cef6a8092fe/datanode-3/meta/datanode.id
2019-09-03 19:15:44,144 [main] INFO  volume.HddsVolume (HddsVolume.java:<init>(176)) - Creating Volume: /workdir/hadoop-ozone/integration-test/target/test-dir/MiniOzoneClusterImpl-50949d89-65ee-463c-9ac0-9cef6a8092fe/datanode-4/data/containers/hdds of  storage type : DISK and capacity : 1482555576320
2019-09-03 19:15:44,144 [main] INFO  volume.VolumeSet (VolumeSet.java:initializeVolumeSet(170)) - Added Volume : /workdir/hadoop-ozone/integration-test/target/test-dir/MiniOzoneClusterImpl-50949d89-65ee-463c-9ac0-9cef6a8092fe/datanode-4/data/containers/hdds to VolumeSet
2019-09-03 19:15:44,144 [main] INFO  volume.ThrottledAsyncChecker (ThrottledAsyncChecker.java:schedule(140)) - Scheduling a check for org.apache.hadoop.ozone.container.common.volume.HddsVolume@70972170
2019-09-03 19:15:44,145 [main] INFO  volume.HddsVolumeChecker (HddsVolumeChecker.java:checkAllVolumes(203)) - Scheduled health check for volume org.apache.hadoop.ozone.container.common.volume.HddsVolume@70972170
2019-09-03 19:15:44,158 [main] INFO  impl.RaftServerProxy (ConfUtils.java:logGet(43)) - raft.rpc.type = GRPC (default)
2019-09-03 19:15:44,158 [main] INFO  grpc.GrpcFactory (GrpcFactory.java:checkPooledByteBufAllocatorUseCacheForAllThreads(45)) - PERFORMANCE WARNING: useCacheForAllThreads is true that may cause Netty to create a lot garbage objects and, as a result, trigger GC.
	It is recommended to disable useCacheForAllThreads by setting -Dorg.apache.ratis.thirdparty.io.netty.allocator.useCacheForAllThreads=false in command line.
2019-09-03 19:15:44,158 [main] INFO  grpc.GrpcConfigKeys$Server (ConfUtils.java:logGet(43)) - raft.grpc.server.port = 0 (default)
2019-09-03 19:15:44,159 [main] INFO  server.GrpcService (ConfUtils.java:logGet(43)) - raft.grpc.message.size.max = 33570816 (custom)
2019-09-03 19:15:44,159 [main] INFO  server.RaftServerConfigKeys (ConfUtils.java:logGet(43)) - raft.server.log.appender.buffer.byte-limit = 33554432 (custom)
2019-09-03 19:15:44,159 [main] INFO  server.GrpcService (ConfUtils.java:logGet(43)) - raft.grpc.flow.control.window = 1MB (=1048576) (default)
2019-09-03 19:15:44,159 [main] INFO  server.RaftServerConfigKeys (ConfUtils.java:logGet(43)) - raft.server.rpc.request.timeout = 3000ms (default)
2019-09-03 19:15:44,160 [main] INFO  server.RaftServerConfigKeys (ConfUtils.java:logGet(43)) - raft.server.storage.dir = [/workdir/hadoop-ozone/integration-test/target/test-dir/MiniOzoneClusterImpl-50949d89-65ee-463c-9ac0-9cef6a8092fe/datanode-4/data/ratis] (custom)
2019-09-03 19:15:44,162 [main] INFO  hdfs.DFSUtil (DFSUtil.java:httpServerTemplateForNNAndJN(1641)) - Starting Web-server for hddsDatanode at: http://0.0.0.0:0
2019-09-03 19:15:44,164 [main] INFO  server.AuthenticationFilter (AuthenticationFilter.java:constructSecretProvider(240)) - Unable to initialize FileSignerSecretProvider, falling back to use random secrets.
2019-09-03 19:15:44,165 [main] WARN  http.HttpRequestLog (HttpRequestLog.java:getRequestLog(97)) - Jetty request log can only be enabled using Log4j
2019-09-03 19:15:44,167 [main] INFO  http.HttpServer2 (HttpServer2.java:addGlobalFilter(975)) - Added global filter 'safety' (class=org.apache.hadoop.http.HttpServer2$QuotingInputFilter)
2019-09-03 19:15:44,168 [main] INFO  http.HttpServer2 (HttpServer2.java:addFilter(948)) - Added filter static_user_filter (class=org.apache.hadoop.http.lib.StaticUserWebFilter$StaticUserFilter) to context hddsDatanode
2019-09-03 19:15:44,169 [main] INFO  http.HttpServer2 (HttpServer2.java:addFilter(958)) - Added filter static_user_filter (class=org.apache.hadoop.http.lib.StaticUserWebFilter$StaticUserFilter) to context logs
2019-09-03 19:15:44,169 [main] INFO  http.HttpServer2 (HttpServer2.java:addFilter(958)) - Added filter static_user_filter (class=org.apache.hadoop.http.lib.StaticUserWebFilter$StaticUserFilter) to context static
2019-09-03 19:15:44,170 [main] INFO  http.HttpServer2 (HttpServer2.java:bindListener(1191)) - Jetty bound to port 39763
2019-09-03 19:15:44,170 [main] INFO  server.Server (Server.java:doStart(351)) - jetty-9.3.24.v20180605, build timestamp: 2018-06-05T17:11:56Z, git hash: 84205aa28f11a4f31f2a3b86d1bba2cc8ab69827
2019-09-03 19:15:44,173 [main] INFO  handler.ContextHandler (ContextHandler.java:doStart(781)) - Started o.e.j.s.ServletContextHandler@56dfab87{/logs,file:///workdir/hadoop-ozone/integration-test/target/log,AVAILABLE}
2019-09-03 19:15:44,174 [main] INFO  handler.ContextHandler (ContextHandler.java:doStart(781)) - Started o.e.j.s.ServletContextHandler@7fb29ca9{/static,jar:file:/home/user/.m2/repository/org/apache/hadoop/hadoop-hdds-container-service/0.5.0-SNAPSHOT/hadoop-hdds-container-service-0.5.0-SNAPSHOT.jar!/webapps/static,AVAILABLE}
2019-09-03 19:15:44,216 [main] INFO  handler.ContextHandler (ContextHandler.java:doStart(781)) - Started o.e.j.w.WebAppContext@6a1d3225{/,file:///tmp/jetty-0.0.0.0-39763-hddsDatanode-_-any-5628181282172578922.dir/webapp/,AVAILABLE}{/hddsDatanode}
2019-09-03 19:15:44,217 [main] INFO  server.AbstractConnector (AbstractConnector.java:doStart(278)) - Started ServerConnector@67e13bd0{HTTP/1.1,[http/1.1]}{0.0.0.0:39763}
2019-09-03 19:15:44,220 [main] INFO  server.Server (Server.java:doStart(419)) - Started @5881ms
2019-09-03 19:15:44,221 [main] WARN  impl.MetricsSystemImpl (MetricsSystemImpl.java:register(276)) - Sink prometheus already exists!
2019-09-03 19:15:44,221 [main] INFO  server.BaseHttpServer (BaseHttpServer.java:updateConnectorAddress(215)) - HTTP server of HDDSDATANODE is listening at http://0.0.0.0:39763
2019-09-03 19:15:44,222 [main] INFO  impl.MetricsSystemImpl (MetricsSystemImpl.java:init(158)) - HddsDatanode metrics system started (again)
2019-09-03 19:15:44,226 [org.apache.hadoop.util.JvmPauseMonitor$Monitor@2aa02415] INFO  util.JvmPauseMonitor (JvmPauseMonitor.java:run(188)) - Starting JVM pause monitor
2019-09-03 19:15:44,226 [main] INFO  ozone.HddsDatanodeService (HddsDatanodeService.java:start(184)) - HddsDatanodeService host:pr-hdds-1200-xgh2h-450883189 ip:192.168.36.111
2019-09-03 19:15:44,229 [Datanode State Machine Thread - 0] INFO  datanode.InitDatanodeState (InitDatanodeState.java:persistContainerDatanodeDetails(140)) - DatanodeDetails is persisted to /workdir/hadoop-ozone/integration-test/target/test-dir/MiniOzoneClusterImpl-50949d89-65ee-463c-9ac0-9cef6a8092fe/datanode-4/meta/datanode.id
2019-09-03 19:15:44,235 [main] INFO  volume.HddsVolume (HddsVolume.java:<init>(176)) - Creating Volume: /workdir/hadoop-ozone/integration-test/target/test-dir/MiniOzoneClusterImpl-50949d89-65ee-463c-9ac0-9cef6a8092fe/datanode-5/data/containers/hdds of  storage type : DISK and capacity : 1482555576320
2019-09-03 19:15:44,235 [main] INFO  volume.VolumeSet (VolumeSet.java:initializeVolumeSet(170)) - Added Volume : /workdir/hadoop-ozone/integration-test/target/test-dir/MiniOzoneClusterImpl-50949d89-65ee-463c-9ac0-9cef6a8092fe/datanode-5/data/containers/hdds to VolumeSet
2019-09-03 19:15:44,236 [main] INFO  volume.ThrottledAsyncChecker (ThrottledAsyncChecker.java:schedule(140)) - Scheduling a check for org.apache.hadoop.ozone.container.common.volume.HddsVolume@250a500b
2019-09-03 19:15:44,236 [main] INFO  volume.HddsVolumeChecker (HddsVolumeChecker.java:checkAllVolumes(203)) - Scheduled health check for volume org.apache.hadoop.ozone.container.common.volume.HddsVolume@250a500b
2019-09-03 19:15:44,254 [main] INFO  impl.RaftServerProxy (ConfUtils.java:logGet(43)) - raft.rpc.type = GRPC (default)
2019-09-03 19:15:44,254 [main] INFO  grpc.GrpcFactory (GrpcFactory.java:checkPooledByteBufAllocatorUseCacheForAllThreads(45)) - PERFORMANCE WARNING: useCacheForAllThreads is true that may cause Netty to create a lot garbage objects and, as a result, trigger GC.
	It is recommended to disable useCacheForAllThreads by setting -Dorg.apache.ratis.thirdparty.io.netty.allocator.useCacheForAllThreads=false in command line.
2019-09-03 19:15:44,254 [main] INFO  grpc.GrpcConfigKeys$Server (ConfUtils.java:logGet(43)) - raft.grpc.server.port = 0 (default)
2019-09-03 19:15:44,255 [main] INFO  server.GrpcService (ConfUtils.java:logGet(43)) - raft.grpc.message.size.max = 33570816 (custom)
2019-09-03 19:15:44,255 [main] INFO  server.RaftServerConfigKeys (ConfUtils.java:logGet(43)) - raft.server.log.appender.buffer.byte-limit = 33554432 (custom)
2019-09-03 19:15:44,255 [main] INFO  server.GrpcService (ConfUtils.java:logGet(43)) - raft.grpc.flow.control.window = 1MB (=1048576) (default)
2019-09-03 19:15:44,255 [main] INFO  server.RaftServerConfigKeys (ConfUtils.java:logGet(43)) - raft.server.rpc.request.timeout = 3000ms (default)
2019-09-03 19:15:44,256 [main] INFO  server.RaftServerConfigKeys (ConfUtils.java:logGet(43)) - raft.server.storage.dir = [/workdir/hadoop-ozone/integration-test/target/test-dir/MiniOzoneClusterImpl-50949d89-65ee-463c-9ac0-9cef6a8092fe/datanode-5/data/ratis] (custom)
2019-09-03 19:15:44,258 [main] INFO  hdfs.DFSUtil (DFSUtil.java:httpServerTemplateForNNAndJN(1641)) - Starting Web-server for hddsDatanode at: http://0.0.0.0:0
2019-09-03 19:15:44,260 [main] INFO  server.AuthenticationFilter (AuthenticationFilter.java:constructSecretProvider(240)) - Unable to initialize FileSignerSecretProvider, falling back to use random secrets.
2019-09-03 19:15:44,260 [main] WARN  http.HttpRequestLog (HttpRequestLog.java:getRequestLog(97)) - Jetty request log can only be enabled using Log4j
2019-09-03 19:15:44,263 [main] INFO  http.HttpServer2 (HttpServer2.java:addGlobalFilter(975)) - Added global filter 'safety' (class=org.apache.hadoop.http.HttpServer2$QuotingInputFilter)
2019-09-03 19:15:44,264 [main] INFO  http.HttpServer2 (HttpServer2.java:addFilter(948)) - Added filter static_user_filter (class=org.apache.hadoop.http.lib.StaticUserWebFilter$StaticUserFilter) to context hddsDatanode
2019-09-03 19:15:44,264 [main] INFO  http.HttpServer2 (HttpServer2.java:addFilter(958)) - Added filter static_user_filter (class=org.apache.hadoop.http.lib.StaticUserWebFilter$StaticUserFilter) to context static
2019-09-03 19:15:44,265 [main] INFO  http.HttpServer2 (HttpServer2.java:addFilter(958)) - Added filter static_user_filter (class=org.apache.hadoop.http.lib.StaticUserWebFilter$StaticUserFilter) to context logs
2019-09-03 19:15:44,266 [main] INFO  http.HttpServer2 (HttpServer2.java:bindListener(1191)) - Jetty bound to port 45572
2019-09-03 19:15:44,266 [main] INFO  server.Server (Server.java:doStart(351)) - jetty-9.3.24.v20180605, build timestamp: 2018-06-05T17:11:56Z, git hash: 84205aa28f11a4f31f2a3b86d1bba2cc8ab69827
2019-09-03 19:15:44,269 [main] INFO  handler.ContextHandler (ContextHandler.java:doStart(781)) - Started o.e.j.s.ServletContextHandler@934b52f{/logs,file:///workdir/hadoop-ozone/integration-test/target/log,AVAILABLE}
2019-09-03 19:15:44,270 [main] INFO  handler.ContextHandler (ContextHandler.java:doStart(781)) - Started o.e.j.s.ServletContextHandler@5ea4300e{/static,jar:file:/home/user/.m2/repository/org/apache/hadoop/hadoop-hdds-container-service/0.5.0-SNAPSHOT/hadoop-hdds-container-service-0.5.0-SNAPSHOT.jar!/webapps/static,AVAILABLE}
2019-09-03 19:15:44,312 [main] INFO  handler.ContextHandler (ContextHandler.java:doStart(781)) - Started o.e.j.w.WebAppContext@6cf0a747{/,file:///tmp/jetty-0.0.0.0-45572-hddsDatanode-_-any-2628630092004647598.dir/webapp/,AVAILABLE}{/hddsDatanode}
2019-09-03 19:15:44,313 [main] INFO  server.AbstractConnector (AbstractConnector.java:doStart(278)) - Started ServerConnector@21505815{HTTP/1.1,[http/1.1]}{0.0.0.0:45572}
2019-09-03 19:15:44,313 [main] INFO  server.Server (Server.java:doStart(419)) - Started @5977ms
2019-09-03 19:15:44,313 [main] WARN  impl.MetricsSystemImpl (MetricsSystemImpl.java:register(276)) - Sink prometheus already exists!
2019-09-03 19:15:44,314 [main] INFO  server.BaseHttpServer (BaseHttpServer.java:updateConnectorAddress(215)) - HTTP server of HDDSDATANODE is listening at http://0.0.0.0:45572
2019-09-03 19:15:44,314 [main] INFO  impl.MetricsSystemImpl (MetricsSystemImpl.java:init(158)) - HddsDatanode metrics system started (again)
2019-09-03 19:15:44,317 [org.apache.hadoop.util.JvmPauseMonitor$Monitor@14f389a2] INFO  util.JvmPauseMonitor (JvmPauseMonitor.java:run(188)) - Starting JVM pause monitor
2019-09-03 19:15:44,318 [main] INFO  ozone.HddsDatanodeService (HddsDatanodeService.java:start(184)) - HddsDatanodeService host:pr-hdds-1200-xgh2h-450883189 ip:192.168.36.111
2019-09-03 19:15:44,320 [Datanode State Machine Thread - 0] INFO  datanode.InitDatanodeState (InitDatanodeState.java:persistContainerDatanodeDetails(140)) - DatanodeDetails is persisted to /workdir/hadoop-ozone/integration-test/target/test-dir/MiniOzoneClusterImpl-50949d89-65ee-463c-9ac0-9cef6a8092fe/datanode-5/meta/datanode.id
2019-09-03 19:15:44,325 [main] INFO  volume.HddsVolume (HddsVolume.java:<init>(176)) - Creating Volume: /workdir/hadoop-ozone/integration-test/target/test-dir/MiniOzoneClusterImpl-50949d89-65ee-463c-9ac0-9cef6a8092fe/datanode-6/data/containers/hdds of  storage type : DISK and capacity : 1482555576320
2019-09-03 19:15:44,325 [main] INFO  volume.VolumeSet (VolumeSet.java:initializeVolumeSet(170)) - Added Volume : /workdir/hadoop-ozone/integration-test/target/test-dir/MiniOzoneClusterImpl-50949d89-65ee-463c-9ac0-9cef6a8092fe/datanode-6/data/containers/hdds to VolumeSet
2019-09-03 19:15:44,325 [main] INFO  volume.ThrottledAsyncChecker (ThrottledAsyncChecker.java:schedule(140)) - Scheduling a check for org.apache.hadoop.ozone.container.common.volume.HddsVolume@12d5c30e
2019-09-03 19:15:44,326 [main] INFO  volume.HddsVolumeChecker (HddsVolumeChecker.java:checkAllVolumes(203)) - Scheduled health check for volume org.apache.hadoop.ozone.container.common.volume.HddsVolume@12d5c30e
2019-09-03 19:15:44,339 [main] INFO  impl.RaftServerProxy (ConfUtils.java:logGet(43)) - raft.rpc.type = GRPC (default)
2019-09-03 19:15:44,339 [main] INFO  grpc.GrpcFactory (GrpcFactory.java:checkPooledByteBufAllocatorUseCacheForAllThreads(45)) - PERFORMANCE WARNING: useCacheForAllThreads is true that may cause Netty to create a lot garbage objects and, as a result, trigger GC.
	It is recommended to disable useCacheForAllThreads by setting -Dorg.apache.ratis.thirdparty.io.netty.allocator.useCacheForAllThreads=false in command line.
2019-09-03 19:15:44,339 [main] INFO  grpc.GrpcConfigKeys$Server (ConfUtils.java:logGet(43)) - raft.grpc.server.port = 0 (default)
2019-09-03 19:15:44,339 [main] INFO  server.GrpcService (ConfUtils.java:logGet(43)) - raft.grpc.message.size.max = 33570816 (custom)
2019-09-03 19:15:44,340 [main] INFO  server.RaftServerConfigKeys (ConfUtils.java:logGet(43)) - raft.server.log.appender.buffer.byte-limit = 33554432 (custom)
2019-09-03 19:15:44,340 [main] INFO  server.GrpcService (ConfUtils.java:logGet(43)) - raft.grpc.flow.control.window = 1MB (=1048576) (default)
2019-09-03 19:15:44,340 [main] INFO  server.RaftServerConfigKeys (ConfUtils.java:logGet(43)) - raft.server.rpc.request.timeout = 3000ms (default)
2019-09-03 19:15:44,340 [main] INFO  server.RaftServerConfigKeys (ConfUtils.java:logGet(43)) - raft.server.storage.dir = [/workdir/hadoop-ozone/integration-test/target/test-dir/MiniOzoneClusterImpl-50949d89-65ee-463c-9ac0-9cef6a8092fe/datanode-6/data/ratis] (custom)
2019-09-03 19:15:44,342 [main] INFO  hdfs.DFSUtil (DFSUtil.java:httpServerTemplateForNNAndJN(1641)) - Starting Web-server for hddsDatanode at: http://0.0.0.0:0
2019-09-03 19:15:44,344 [main] INFO  server.AuthenticationFilter (AuthenticationFilter.java:constructSecretProvider(240)) - Unable to initialize FileSignerSecretProvider, falling back to use random secrets.
2019-09-03 19:15:44,345 [main] WARN  http.HttpRequestLog (HttpRequestLog.java:getRequestLog(97)) - Jetty request log can only be enabled using Log4j
2019-09-03 19:15:44,347 [main] INFO  http.HttpServer2 (HttpServer2.java:addGlobalFilter(975)) - Added global filter 'safety' (class=org.apache.hadoop.http.HttpServer2$QuotingInputFilter)
2019-09-03 19:15:44,348 [main] INFO  http.HttpServer2 (HttpServer2.java:addFilter(948)) - Added filter static_user_filter (class=org.apache.hadoop.http.lib.StaticUserWebFilter$StaticUserFilter) to context hddsDatanode
2019-09-03 19:15:44,349 [main] INFO  http.HttpServer2 (HttpServer2.java:addFilter(958)) - Added filter static_user_filter (class=org.apache.hadoop.http.lib.StaticUserWebFilter$StaticUserFilter) to context logs
2019-09-03 19:15:44,349 [main] INFO  http.HttpServer2 (HttpServer2.java:addFilter(958)) - Added filter static_user_filter (class=org.apache.hadoop.http.lib.StaticUserWebFilter$StaticUserFilter) to context static
2019-09-03 19:15:44,350 [main] INFO  http.HttpServer2 (HttpServer2.java:bindListener(1191)) - Jetty bound to port 45764
2019-09-03 19:15:44,350 [main] INFO  server.Server (Server.java:doStart(351)) - jetty-9.3.24.v20180605, build timestamp: 2018-06-05T17:11:56Z, git hash: 84205aa28f11a4f31f2a3b86d1bba2cc8ab69827
2019-09-03 19:15:44,353 [main] INFO  handler.ContextHandler (ContextHandler.java:doStart(781)) - Started o.e.j.s.ServletContextHandler@10f7918f{/logs,file:///workdir/hadoop-ozone/integration-test/target/log,AVAILABLE}
2019-09-03 19:15:44,354 [main] INFO  handler.ContextHandler (ContextHandler.java:doStart(781)) - Started o.e.j.s.ServletContextHandler@54e02f6a{/static,jar:file:/home/user/.m2/repository/org/apache/hadoop/hadoop-hdds-container-service/0.5.0-SNAPSHOT/hadoop-hdds-container-service-0.5.0-SNAPSHOT.jar!/webapps/static,AVAILABLE}
2019-09-03 19:15:44,398 [main] INFO  handler.ContextHandler (ContextHandler.java:doStart(781)) - Started o.e.j.w.WebAppContext@34780cd9{/,file:///tmp/jetty-0.0.0.0-45764-hddsDatanode-_-any-4993455783938331992.dir/webapp/,AVAILABLE}{/hddsDatanode}
2019-09-03 19:15:44,400 [main] INFO  server.AbstractConnector (AbstractConnector.java:doStart(278)) - Started ServerConnector@623ebac7{HTTP/1.1,[http/1.1]}{0.0.0.0:45764}
2019-09-03 19:15:44,400 [main] INFO  server.Server (Server.java:doStart(419)) - Started @6064ms
2019-09-03 19:15:44,400 [main] WARN  impl.MetricsSystemImpl (MetricsSystemImpl.java:register(276)) - Sink prometheus already exists!
2019-09-03 19:15:44,401 [main] INFO  server.BaseHttpServer (BaseHttpServer.java:updateConnectorAddress(215)) - HTTP server of HDDSDATANODE is listening at http://0.0.0.0:45764
2019-09-03 19:15:44,404 [org.apache.hadoop.util.JvmPauseMonitor$Monitor@2fedab1c] INFO  util.JvmPauseMonitor (JvmPauseMonitor.java:run(188)) - Starting JVM pause monitor
2019-09-03 19:15:44,404 [main] INFO  ozone.MiniOzoneClusterImpl (MiniOzoneClusterImpl.java:lambda$waitForClusterToBeReady$0(140)) - Waiting for cluster to be ready. Got 0 of 7 DN Heartbeats.
2019-09-03 19:15:44,408 [Datanode State Machine Thread - 0] INFO  datanode.InitDatanodeState (InitDatanodeState.java:persistContainerDatanodeDetails(140)) - DatanodeDetails is persisted to /workdir/hadoop-ozone/integration-test/target/test-dir/MiniOzoneClusterImpl-50949d89-65ee-463c-9ac0-9cef6a8092fe/datanode-6/meta/datanode.id
2019-09-03 19:15:45,405 [main] INFO  ozone.MiniOzoneClusterImpl (MiniOzoneClusterImpl.java:lambda$waitForClusterToBeReady$0(140)) - Waiting for cluster to be ready. Got 0 of 7 DN Heartbeats.
2019-09-03 19:15:45,978 [Datanode State Machine Thread - 0] INFO  ozoneimpl.OzoneContainer (OzoneContainer.java:start(216)) - Attempting to start container services.
2019-09-03 19:15:45,981 [Datanode State Machine Thread - 0] INFO  ozoneimpl.OzoneContainer (OzoneContainer.java:startContainerScrub(178)) - Background container scanner has been disabled.
2019-09-03 19:15:45,981 [Datanode State Machine Thread - 0] INFO  ratis.XceiverServerRatis (XceiverServerRatis.java:start(393)) - Starting XceiverServerRatis 4ebfd344-ca94-4a63-bd37-0865b7f24224 at port 0
2019-09-03 19:15:45,991 [Datanode State Machine Thread - 0] INFO  ozoneimpl.OzoneContainer (OzoneContainer.java:start(216)) - Attempting to start container services.
2019-09-03 19:15:46,003 [Datanode State Machine Thread - 0] INFO  ozoneimpl.OzoneContainer (OzoneContainer.java:startContainerScrub(178)) - Background container scanner has been disabled.
2019-09-03 19:15:46,003 [Datanode State Machine Thread - 0] INFO  ratis.XceiverServerRatis (XceiverServerRatis.java:start(393)) - Starting XceiverServerRatis 44cf7b35-669b-40df-948d-f1dd5cc3dccb at port 0
2019-09-03 19:15:46,019 [Datanode State Machine Thread - 0] INFO  impl.RaftServerProxy (RaftServerProxy.java:lambda$start$3(299)) - 44cf7b35-669b-40df-948d-f1dd5cc3dccb: start RPC server
2019-09-03 19:15:46,019 [Datanode State Machine Thread - 0] INFO  impl.RaftServerProxy (RaftServerProxy.java:lambda$start$3(299)) - 4ebfd344-ca94-4a63-bd37-0865b7f24224: start RPC server
2019-09-03 19:15:46,108 [Datanode State Machine Thread - 0] INFO  ozoneimpl.OzoneContainer (OzoneContainer.java:start(216)) - Attempting to start container services.
2019-09-03 19:15:46,113 [Datanode State Machine Thread - 0] INFO  ozoneimpl.OzoneContainer (OzoneContainer.java:startContainerScrub(178)) - Background container scanner has been disabled.
2019-09-03 19:15:46,113 [Datanode State Machine Thread - 0] INFO  ratis.XceiverServerRatis (XceiverServerRatis.java:start(393)) - Starting XceiverServerRatis 4cbc4ef8-b38a-42da-baa5-927a64bc0217 at port 0
2019-09-03 19:15:46,121 [Datanode State Machine Thread - 0] INFO  impl.RaftServerProxy (RaftServerProxy.java:lambda$start$3(299)) - 4cbc4ef8-b38a-42da-baa5-927a64bc0217: start RPC server
2019-09-03 19:15:46,187 [Datanode State Machine Thread - 0] INFO  server.GrpcService (GrpcService.java:startImpl(149)) - 4cbc4ef8-b38a-42da-baa5-927a64bc0217: GrpcService started, listening on 0.0.0.0/0.0.0.0:39256
2019-09-03 19:15:46,188 [Datanode State Machine Thread - 0] INFO  server.GrpcService (GrpcService.java:startImpl(149)) - 4ebfd344-ca94-4a63-bd37-0865b7f24224: GrpcService started, listening on 0.0.0.0/0.0.0.0:37147
2019-09-03 19:15:46,188 [Datanode State Machine Thread - 0] INFO  ratis.XceiverServerRatis (XceiverServerRatis.java:start(403)) - XceiverServerRatis 4cbc4ef8-b38a-42da-baa5-927a64bc0217 is started using port 39256
2019-09-03 19:15:46,188 [Datanode State Machine Thread - 0] INFO  server.GrpcService (GrpcService.java:startImpl(149)) - 44cf7b35-669b-40df-948d-f1dd5cc3dccb: GrpcService started, listening on 0.0.0.0/0.0.0.0:35273
2019-09-03 19:15:46,188 [Datanode State Machine Thread - 0] INFO  ratis.XceiverServerRatis (XceiverServerRatis.java:start(403)) - XceiverServerRatis 4ebfd344-ca94-4a63-bd37-0865b7f24224 is started using port 37147
2019-09-03 19:15:46,189 [Datanode State Machine Thread - 0] INFO  ozoneimpl.OzoneContainer (OzoneContainer.java:start(216)) - Attempting to start container services.
2019-09-03 19:15:46,189 [Datanode State Machine Thread - 0] INFO  ratis.XceiverServerRatis (XceiverServerRatis.java:start(403)) - XceiverServerRatis 44cf7b35-669b-40df-948d-f1dd5cc3dccb is started using port 35273
2019-09-03 19:15:46,189 [Datanode State Machine Thread - 0] INFO  ozoneimpl.OzoneContainer (OzoneContainer.java:startContainerScrub(178)) - Background container scanner has been disabled.
2019-09-03 19:15:46,189 [Datanode State Machine Thread - 0] INFO  ratis.XceiverServerRatis (XceiverServerRatis.java:start(393)) - Starting XceiverServerRatis 7fbfd930-315e-4dda-a09d-757ef11043e1 at port 0
2019-09-03 19:15:46,196 [Datanode State Machine Thread - 0] INFO  server.XceiverServerGrpc (XceiverServerGrpc.java:start(163)) - XceiverServerGrpc 4cbc4ef8-b38a-42da-baa5-927a64bc0217 is started using port 35399
2019-09-03 19:15:46,196 [Datanode State Machine Thread - 0] INFO  server.XceiverServerGrpc (XceiverServerGrpc.java:start(163)) - XceiverServerGrpc 44cf7b35-669b-40df-948d-f1dd5cc3dccb is started using port 35114
2019-09-03 19:15:46,196 [Datanode State Machine Thread - 0] INFO  server.XceiverServerGrpc (XceiverServerGrpc.java:start(163)) - XceiverServerGrpc 4ebfd344-ca94-4a63-bd37-0865b7f24224 is started using port 36103
2019-09-03 19:15:46,201 [Datanode State Machine Thread - 0] INFO  impl.RaftServerProxy (RaftServerProxy.java:lambda$start$3(299)) - 7fbfd930-315e-4dda-a09d-757ef11043e1: start RPC server
2019-09-03 19:15:46,206 [Datanode State Machine Thread - 0] INFO  server.GrpcService (GrpcService.java:startImpl(149)) - 7fbfd930-315e-4dda-a09d-757ef11043e1: GrpcService started, listening on 0.0.0.0/0.0.0.0:40821
2019-09-03 19:15:46,206 [Datanode State Machine Thread - 0] INFO  ratis.XceiverServerRatis (XceiverServerRatis.java:start(403)) - XceiverServerRatis 7fbfd930-315e-4dda-a09d-757ef11043e1 is started using port 40821
2019-09-03 19:15:46,209 [Datanode State Machine Thread - 0] INFO  server.XceiverServerGrpc (XceiverServerGrpc.java:start(163)) - XceiverServerGrpc 7fbfd930-315e-4dda-a09d-757ef11043e1 is started using port 36185
2019-09-03 19:15:46,284 [Datanode State Machine Thread - 0] INFO  ozoneimpl.OzoneContainer (OzoneContainer.java:start(216)) - Attempting to start container services.
2019-09-03 19:15:46,285 [Datanode State Machine Thread - 0] INFO  ozoneimpl.OzoneContainer (OzoneContainer.java:startContainerScrub(178)) - Background container scanner has been disabled.
2019-09-03 19:15:46,285 [Datanode State Machine Thread - 0] INFO  ratis.XceiverServerRatis (XceiverServerRatis.java:start(393)) - Starting XceiverServerRatis c2cced2c-a5fa-4c5c-8090-f9d7b3a4cc37 at port 0
2019-09-03 19:15:46,291 [Datanode State Machine Thread - 0] INFO  impl.RaftServerProxy (RaftServerProxy.java:lambda$start$3(299)) - c2cced2c-a5fa-4c5c-8090-f9d7b3a4cc37: start RPC server
2019-09-03 19:15:46,294 [Datanode State Machine Thread - 0] INFO  server.GrpcService (GrpcService.java:startImpl(149)) - c2cced2c-a5fa-4c5c-8090-f9d7b3a4cc37: GrpcService started, listening on 0.0.0.0/0.0.0.0:38974
2019-09-03 19:15:46,295 [Datanode State Machine Thread - 0] INFO  ratis.XceiverServerRatis (XceiverServerRatis.java:start(403)) - XceiverServerRatis c2cced2c-a5fa-4c5c-8090-f9d7b3a4cc37 is started using port 38974
2019-09-03 19:15:46,298 [Datanode State Machine Thread - 0] INFO  server.XceiverServerGrpc (XceiverServerGrpc.java:start(163)) - XceiverServerGrpc c2cced2c-a5fa-4c5c-8090-f9d7b3a4cc37 is started using port 34641
2019-09-03 19:15:46,335 [Datanode State Machine Thread - 0] INFO  ozoneimpl.OzoneContainer (OzoneContainer.java:start(216)) - Attempting to start container services.
2019-09-03 19:15:46,335 [Datanode State Machine Thread - 0] INFO  ozoneimpl.OzoneContainer (OzoneContainer.java:startContainerScrub(178)) - Background container scanner has been disabled.
2019-09-03 19:15:46,335 [Datanode State Machine Thread - 0] INFO  ratis.XceiverServerRatis (XceiverServerRatis.java:start(393)) - Starting XceiverServerRatis c493b4b3-cebb-4892-b879-a25efd5348e1 at port 0
2019-09-03 19:15:46,343 [Datanode State Machine Thread - 0] INFO  impl.RaftServerProxy (RaftServerProxy.java:lambda$start$3(299)) - c493b4b3-cebb-4892-b879-a25efd5348e1: start RPC server
2019-09-03 19:15:46,347 [Datanode State Machine Thread - 0] INFO  server.GrpcService (GrpcService.java:startImpl(149)) - c493b4b3-cebb-4892-b879-a25efd5348e1: GrpcService started, listening on 0.0.0.0/0.0.0.0:37988
2019-09-03 19:15:46,347 [Datanode State Machine Thread - 0] INFO  ratis.XceiverServerRatis (XceiverServerRatis.java:start(403)) - XceiverServerRatis c493b4b3-cebb-4892-b879-a25efd5348e1 is started using port 37988
2019-09-03 19:15:46,351 [Datanode State Machine Thread - 0] INFO  server.XceiverServerGrpc (XceiverServerGrpc.java:start(163)) - XceiverServerGrpc c493b4b3-cebb-4892-b879-a25efd5348e1 is started using port 40678
2019-09-03 19:15:46,406 [main] INFO  ozone.MiniOzoneClusterImpl (MiniOzoneClusterImpl.java:lambda$waitForClusterToBeReady$0(140)) - Waiting for cluster to be ready. Got 0 of 7 DN Heartbeats.
2019-09-03 19:15:46,446 [Datanode State Machine Thread - 0] INFO  ozoneimpl.OzoneContainer (OzoneContainer.java:start(216)) - Attempting to start container services.
2019-09-03 19:15:46,447 [Datanode State Machine Thread - 0] INFO  ozoneimpl.OzoneContainer (OzoneContainer.java:startContainerScrub(178)) - Background container scanner has been disabled.
2019-09-03 19:15:46,447 [Datanode State Machine Thread - 0] INFO  ratis.XceiverServerRatis (XceiverServerRatis.java:start(393)) - Starting XceiverServerRatis 015a1f9e-984b-40a0-8c74-d24906177fee at port 0
2019-09-03 19:15:46,454 [Datanode State Machine Thread - 0] INFO  impl.RaftServerProxy (RaftServerProxy.java:lambda$start$3(299)) - 015a1f9e-984b-40a0-8c74-d24906177fee: start RPC server
2019-09-03 19:15:46,459 [Datanode State Machine Thread - 0] INFO  server.GrpcService (GrpcService.java:startImpl(149)) - 015a1f9e-984b-40a0-8c74-d24906177fee: GrpcService started, listening on 0.0.0.0/0.0.0.0:33327
2019-09-03 19:15:46,460 [Datanode State Machine Thread - 0] INFO  ratis.XceiverServerRatis (XceiverServerRatis.java:start(403)) - XceiverServerRatis 015a1f9e-984b-40a0-8c74-d24906177fee is started using port 33327
2019-09-03 19:15:46,464 [Datanode State Machine Thread - 0] INFO  server.XceiverServerGrpc (XceiverServerGrpc.java:start(163)) - XceiverServerGrpc 015a1f9e-984b-40a0-8c74-d24906177fee is started using port 42330
2019-09-03 19:15:47,407 [main] INFO  ozone.MiniOzoneClusterImpl (MiniOzoneClusterImpl.java:lambda$waitForClusterToBeReady$0(140)) - Waiting for cluster to be ready. Got 0 of 7 DN Heartbeats.
2019-09-03 19:15:47,923 [IPC Server handler 2 on 35505] INFO  net.NetworkTopology (NetworkTopologyImpl.java:add(110)) - Added a new node: /default-rack/4ebfd344-ca94-4a63-bd37-0865b7f24224
2019-09-03 19:15:47,924 [IPC Server handler 2 on 35505] INFO  node.SCMNodeManager (SCMNodeManager.java:register(266)) - Registered Data node : 4ebfd344-ca94-4a63-bd37-0865b7f24224{ip: 192.168.36.111, host: pr-hdds-1200-xgh2h-450883189, networkLocation: /default-rack, certSerialId: null}
2019-09-03 19:15:47,929 [EventQueue-NodeRegistrationContainerReportForDataNodeSafeModeRule] INFO  safemode.SCMSafeModeManager (DataNodeSafeModeRule.java:process(71)) - SCM in safe mode. 1 DataNodes registered, 1 required.
2019-09-03 19:15:47,930 [EventQueue-NodeRegistrationContainerReportForDataNodeSafeModeRule] INFO  safemode.SCMSafeModeManager (SCMSafeModeManager.java:validateSafeModeExitRules(177)) - ScmSafeModeManager, all rules are successfully validated
2019-09-03 19:15:47,930 [EventQueue-NodeRegistrationContainerReportForDataNodeSafeModeRule] INFO  safemode.SCMSafeModeManager (SCMSafeModeManager.java:exitSafeMode(193)) - SCM exiting safe mode.
2019-09-03 19:15:47,975 [IPC Server handler 4 on 35505] INFO  net.NetworkTopology (NetworkTopologyImpl.java:add(110)) - Added a new node: /default-rack/44cf7b35-669b-40df-948d-f1dd5cc3dccb
2019-09-03 19:15:47,975 [IPC Server handler 4 on 35505] INFO  node.SCMNodeManager (SCMNodeManager.java:register(266)) - Registered Data node : 44cf7b35-669b-40df-948d-f1dd5cc3dccb{ip: 192.168.36.111, host: pr-hdds-1200-xgh2h-450883189, networkLocation: /default-rack, certSerialId: null}
2019-09-03 19:15:48,069 [IPC Server handler 3 on 35505] INFO  net.NetworkTopology (NetworkTopologyImpl.java:add(110)) - Added a new node: /default-rack/4cbc4ef8-b38a-42da-baa5-927a64bc0217
2019-09-03 19:15:48,069 [IPC Server handler 3 on 35505] INFO  node.SCMNodeManager (SCMNodeManager.java:register(266)) - Registered Data node : 4cbc4ef8-b38a-42da-baa5-927a64bc0217{ip: 192.168.36.111, host: pr-hdds-1200-xgh2h-450883189, networkLocation: /default-rack, certSerialId: null}
2019-09-03 19:15:48,142 [IPC Server handler 12 on 35505] INFO  net.NetworkTopology (NetworkTopologyImpl.java:add(110)) - Added a new node: /default-rack/7fbfd930-315e-4dda-a09d-757ef11043e1
2019-09-03 19:15:48,142 [IPC Server handler 12 on 35505] INFO  node.SCMNodeManager (SCMNodeManager.java:register(266)) - Registered Data node : 7fbfd930-315e-4dda-a09d-757ef11043e1{ip: 192.168.36.111, host: pr-hdds-1200-xgh2h-450883189, networkLocation: /default-rack, certSerialId: null}
2019-09-03 19:15:48,231 [IPC Server handler 5 on 35505] INFO  net.NetworkTopology (NetworkTopologyImpl.java:add(110)) - Added a new node: /default-rack/c2cced2c-a5fa-4c5c-8090-f9d7b3a4cc37
2019-09-03 19:15:48,231 [IPC Server handler 5 on 35505] INFO  node.SCMNodeManager (SCMNodeManager.java:register(266)) - Registered Data node : c2cced2c-a5fa-4c5c-8090-f9d7b3a4cc37{ip: 192.168.36.111, host: pr-hdds-1200-xgh2h-450883189, networkLocation: /default-rack, certSerialId: null}
2019-09-03 19:15:48,321 [IPC Server handler 0 on 35505] INFO  net.NetworkTopology (NetworkTopologyImpl.java:add(110)) - Added a new node: /default-rack/c493b4b3-cebb-4892-b879-a25efd5348e1
2019-09-03 19:15:48,321 [IPC Server handler 0 on 35505] INFO  node.SCMNodeManager (SCMNodeManager.java:register(266)) - Registered Data node : c493b4b3-cebb-4892-b879-a25efd5348e1{ip: 192.168.36.111, host: pr-hdds-1200-xgh2h-450883189, networkLocation: /default-rack, certSerialId: null}
2019-09-03 19:15:48,408 [main] INFO  ozone.MiniOzoneClusterImpl (MiniOzoneClusterImpl.java:lambda$waitForClusterToBeReady$0(140)) - Waiting for cluster to be ready. Got 6 of 7 DN Heartbeats.
2019-09-03 19:15:48,409 [IPC Server handler 2 on 35505] INFO  net.NetworkTopology (NetworkTopologyImpl.java:add(110)) - Added a new node: /default-rack/015a1f9e-984b-40a0-8c74-d24906177fee
2019-09-03 19:15:48,409 [IPC Server handler 2 on 35505] INFO  node.SCMNodeManager (SCMNodeManager.java:register(266)) - Registered Data node : 015a1f9e-984b-40a0-8c74-d24906177fee{ip: 192.168.36.111, host: pr-hdds-1200-xgh2h-450883189, networkLocation: /default-rack, certSerialId: null}
2019-09-03 19:15:48,461 [grpc-default-executor-0] INFO  impl.RaftServerProxy (RaftServerProxy.java:addNew(89)) - 4ebfd344-ca94-4a63-bd37-0865b7f24224: addNew group-29887B3187DF:[4ebfd344-ca94-4a63-bd37-0865b7f24224:192.168.36.111:37147] returns group-29887B3187DF:java.util.concurrent.CompletableFuture@6d5837b0[Not completed]
2019-09-03 19:15:48,476 [pool-27-thread-1] INFO  impl.RaftServerImpl (RaftServerImpl.java:<init>(93)) - 4ebfd344-ca94-4a63-bd37-0865b7f24224: new RaftServerImpl for group-29887B3187DF:[4ebfd344-ca94-4a63-bd37-0865b7f24224:192.168.36.111:37147] with ContainerStateMachine:uninitialized
2019-09-03 19:15:48,478 [pool-27-thread-1] INFO  server.RaftServerConfigKeys (ConfUtils.java:logGet(43)) - raft.server.rpc.timeout.min = 5s (custom)
2019-09-03 19:15:48,479 [pool-27-thread-1] INFO  server.RaftServerConfigKeys (ConfUtils.java:logGet(43)) - raft.server.rpc.timeout.max = 5200ms (custom)
2019-09-03 19:15:48,479 [pool-27-thread-1] INFO  server.RaftServerConfigKeys (ConfUtils.java:logGet(43)) - raft.server.rpcslowness.timeout = 120s (custom)
2019-09-03 19:15:48,480 [pool-27-thread-1] INFO  server.RaftServerConfigKeys (ConfUtils.java:logGet(43)) - raft.server.sleep.deviation.threshold = 300 (default)
2019-09-03 19:15:48,481 [pool-27-thread-1] INFO  server.RaftServerConfigKeys (ConfUtils.java:logGet(43)) - raft.server.log.appender.install.snapshot.enabled = false (custom)
2019-09-03 19:15:48,487 [pool-27-thread-1] INFO  impl.RaftServerImpl (ServerState.java:<init>(105)) - 4ebfd344-ca94-4a63-bd37-0865b7f24224:group-29887B3187DF ConfigurationManager, init=-1: [4ebfd344-ca94-4a63-bd37-0865b7f24224:192.168.36.111:37147], old=null, confs=<EMPTY_MAP>
2019-09-03 19:15:48,487 [pool-27-thread-1] INFO  server.RaftServerConfigKeys (ConfUtils.java:logGet(43)) - raft.server.storage.dir = [/workdir/hadoop-ozone/integration-test/target/test-dir/MiniOzoneClusterImpl-50949d89-65ee-463c-9ac0-9cef6a8092fe/datanode-0/data/ratis] (custom)
2019-09-03 19:15:48,494 [pool-27-thread-1] INFO  storage.RaftStorageDirectory (RaftStorageDirectory.java:analyzeStorage(246)) - The storage directory /workdir/hadoop-ozone/integration-test/target/test-dir/MiniOzoneClusterImpl-50949d89-65ee-463c-9ac0-9cef6a8092fe/datanode-0/data/ratis/5135fcb8-0682-4ab9-831c-29887b3187df does not exist. Creating ...
2019-09-03 19:15:48,567 [pool-27-thread-1] INFO  storage.RaftStorageDirectory (RaftStorageDirectory.java:tryLock(328)) - Lock on /workdir/hadoop-ozone/integration-test/target/test-dir/MiniOzoneClusterImpl-50949d89-65ee-463c-9ac0-9cef6a8092fe/datanode-0/data/ratis/5135fcb8-0682-4ab9-831c-29887b3187df/in_use.lock acquired by nodename 21940@pr-hdds-1200-xgh2h-450883189
2019-09-03 19:15:48,584 [pool-27-thread-1] INFO  storage.RaftStorage (RaftStorage.java:format(72)) - Storage directory /workdir/hadoop-ozone/integration-test/target/test-dir/MiniOzoneClusterImpl-50949d89-65ee-463c-9ac0-9cef6a8092fe/datanode-0/data/ratis/5135fcb8-0682-4ab9-831c-29887b3187df has been successfully formatted.
2019-09-03 19:15:48,586 [pool-27-thread-1] INFO  ratis.ContainerStateMachine (ContainerStateMachine.java:loadSnapshot(227)) - group-29887B3187DF: The snapshot info is null. Setting the last applied indexto:(t:0, i:~)
2019-09-03 19:15:48,586 [pool-27-thread-1] INFO  server.RaftServerConfigKeys (ConfUtils.java:logGet(43)) - raft.server.leader.election.timeout = 120s (custom)
2019-09-03 19:15:48,588 [pool-27-thread-1] INFO  server.RaftServerConfigKeys (ConfUtils.java:logGet(43)) - raft.server.log.use.memory = false (default)
2019-09-03 19:15:48,594 [pool-27-thread-1] INFO  server.RaftServerConfigKeys (ConfUtils.java:logGet(43)) - raft.server.log.purge.gap = 1000000 (custom)
2019-09-03 19:15:48,594 [pool-27-thread-1] INFO  server.RaftServerConfigKeys (ConfUtils.java:logGet(43)) - raft.server.log.appender.buffer.byte-limit = 33554432 (custom)
2019-09-03 19:15:48,595 [pool-27-thread-1] INFO  server.RaftServerConfigKeys (ConfUtils.java:logGet(43)) - raft.server.log.segment.size.max = 1048576 (custom)
2019-09-03 19:15:48,599 [pool-27-thread-1] INFO  server.RaftServerConfigKeys (ConfUtils.java:logGet(43)) - raft.server.log.segment.cache.num.max = 2 (custom)
2019-09-03 19:15:48,604 [pool-27-thread-1] INFO  segmented.SegmentedRaftLogWorker (SegmentedRaftLogWorker.java:<init>(172)) - new 4ebfd344-ca94-4a63-bd37-0865b7f24224-SegmentedRaftLogWorker:Storage Directory /workdir/hadoop-ozone/integration-test/target/test-dir/MiniOzoneClusterImpl-50949d89-65ee-463c-9ac0-9cef6a8092fe/datanode-0/data/ratis/5135fcb8-0682-4ab9-831c-29887b3187df for RaftStorage:Storage Directory /workdir/hadoop-ozone/integration-test/target/test-dir/MiniOzoneClusterImpl-50949d89-65ee-463c-9ac0-9cef6a8092fe/datanode-0/data/ratis/5135fcb8-0682-4ab9-831c-29887b3187df
2019-09-03 19:15:48,615 [pool-27-thread-1] INFO  server.RaftServerConfigKeys (ConfUtils.java:logGet(43)) - raft.server.log.queue.byte-limit = 2147483647 (custom)
2019-09-03 19:15:48,616 [pool-27-thread-1] INFO  server.RaftServerConfigKeys (ConfUtils.java:logGet(43)) - raft.server.log.queue.element-limit = 1024 (custom)
2019-09-03 19:15:48,620 [pool-27-thread-1] INFO  server.RaftServerConfigKeys (ConfUtils.java:logGet(43)) - raft.server.log.segment.size.max = 1048576 (custom)
2019-09-03 19:15:48,621 [pool-27-thread-1] INFO  server.RaftServerConfigKeys (ConfUtils.java:logGet(43)) - raft.server.log.preallocated.size = 16384 (custom)
2019-09-03 19:15:48,621 [pool-27-thread-1] INFO  server.RaftServerConfigKeys (ConfUtils.java:logGet(43)) - raft.server.log.write.buffer.size = 33554432 (custom)
2019-09-03 19:15:48,621 [pool-27-thread-1] INFO  server.RaftServerConfigKeys (ConfUtils.java:logGet(43)) - raft.server.log.force.sync.num = 128 (default)
2019-09-03 19:15:48,622 [pool-27-thread-1] INFO  server.RaftServerConfigKeys (ConfUtils.java:logGet(43)) - raft.server.log.statemachine.data.sync = true (default)
2019-09-03 19:15:48,622 [pool-27-thread-1] INFO  server.RaftServerConfigKeys (ConfUtils.java:logGet(43)) - raft.server.log.statemachine.data.sync.timeout = 10s (default)
2019-09-03 19:15:48,623 [pool-27-thread-1] INFO  server.RaftServerConfigKeys (ConfUtils.java:logGet(43)) - raft.server.log.statemachine.data.sync.timeout.retry = -1 (default)
2019-09-03 19:15:48,631 [pool-27-thread-1] INFO  server.RaftServerConfigKeys (ConfUtils.java:logGet(43)) - raft.server.log.statemachine.data.caching.enabled = true (custom)
2019-09-03 19:15:48,635 [pool-27-thread-1] INFO  segmented.SegmentedRaftLogWorker (SegmentedRaftLogWorker.java:lambda$new$0(132)) - 4ebfd344-ca94-4a63-bd37-0865b7f24224-SegmentedRaftLogWorker:Storage Directory /workdir/hadoop-ozone/integration-test/target/test-dir/MiniOzoneClusterImpl-50949d89-65ee-463c-9ac0-9cef6a8092fe/datanode-0/data/ratis/5135fcb8-0682-4ab9-831c-29887b3187df: flushIndex: setUnconditionally 0 -> -1
2019-09-03 19:15:48,639 [pool-27-thread-1] INFO  server.RaftServerConfigKeys (ConfUtils.java:logGet(43)) - raft.server.snapshot.auto.trigger.enabled = true (custom)
2019-09-03 19:15:48,640 [pool-27-thread-1] INFO  server.RaftServerConfigKeys (ConfUtils.java:logGet(43)) - raft.server.snapshot.auto.trigger.threshold = 10000 (custom)
2019-09-03 19:15:48,641 [pool-27-thread-1] INFO  server.RaftServerConfigKeys (ConfUtils.java:logGet(43)) - raft.server.retrycache.expirytime = 600000ms (custom)
2019-09-03 19:15:48,661 [pool-27-thread-1] INFO  impl.RaftServerImpl (RaftServerImpl.java:start(180)) - 4ebfd344-ca94-4a63-bd37-0865b7f24224: start group-29887B3187DF
2019-09-03 19:15:48,661 [pool-27-thread-1] INFO  impl.RaftServerImpl (RaftServerImpl.java:setRole(171)) - 4ebfd344-ca94-4a63-bd37-0865b7f24224:group-29887B3187DF changes role from null to FOLLOWER at term 0 for startAsFollower
2019-09-03 19:15:48,663 [pool-27-thread-1] INFO  impl.RoleInfo (RoleInfo.java:updateAndGet(143)) - 4ebfd344-ca94-4a63-bd37-0865b7f24224: start FollowerState
2019-09-03 19:15:48,664 [pool-27-thread-1] INFO  util.JmxRegister (JmxRegister.java:tryRegister(44)) - Successfully registered JMX Bean with object name Ratis:service=RaftServer,group=group-29887B3187DF,id=4ebfd344-ca94-4a63-bd37-0865b7f24224
2019-09-03 19:15:48,725 [RatisPipelineUtilsThread] INFO  pipeline.PipelineStateManager (PipelineStateManager.java:addPipeline(56)) - Created pipeline Pipeline[ Id: 5135fcb8-0682-4ab9-831c-29887b3187df, Nodes: 4ebfd344-ca94-4a63-bd37-0865b7f24224{ip: 192.168.36.111, host: pr-hdds-1200-xgh2h-450883189, networkLocation: /default-rack, certSerialId: null}, Type:RATIS, Factor:ONE, State:OPEN]
2019-09-03 19:15:48,750 [grpc-default-executor-0] INFO  impl.RaftServerProxy (RaftServerProxy.java:addNew(89)) - 4cbc4ef8-b38a-42da-baa5-927a64bc0217: addNew group-9BA973042DC7:[4cbc4ef8-b38a-42da-baa5-927a64bc0217:192.168.36.111:39256] returns group-9BA973042DC7:java.util.concurrent.CompletableFuture@12a0c56a[Not completed]
2019-09-03 19:15:48,795 [pool-47-thread-1] INFO  impl.RaftServerImpl (RaftServerImpl.java:<init>(93)) - 4cbc4ef8-b38a-42da-baa5-927a64bc0217: new RaftServerImpl for group-9BA973042DC7:[4cbc4ef8-b38a-42da-baa5-927a64bc0217:192.168.36.111:39256] with ContainerStateMachine:uninitialized
2019-09-03 19:15:48,797 [pool-47-thread-1] INFO  server.RaftServerConfigKeys (ConfUtils.java:logGet(43)) - raft.server.rpc.timeout.min = 5s (custom)
2019-09-03 19:15:48,797 [pool-47-thread-1] INFO  server.RaftServerConfigKeys (ConfUtils.java:logGet(43)) - raft.server.rpc.timeout.max = 5200ms (custom)
2019-09-03 19:15:48,797 [pool-47-thread-1] INFO  server.RaftServerConfigKeys (ConfUtils.java:logGet(43)) - raft.server.rpcslowness.timeout = 120s (custom)
2019-09-03 19:15:48,797 [pool-47-thread-1] INFO  server.RaftServerConfigKeys (ConfUtils.java:logGet(43)) - raft.server.sleep.deviation.threshold = 300 (default)
2019-09-03 19:15:48,797 [pool-47-thread-1] INFO  server.RaftServerConfigKeys (ConfUtils.java:logGet(43)) - raft.server.log.appender.install.snapshot.enabled = false (custom)
2019-09-03 19:15:48,797 [pool-47-thread-1] INFO  impl.RaftServerImpl (ServerState.java:<init>(105)) - 4cbc4ef8-b38a-42da-baa5-927a64bc0217:group-9BA973042DC7 ConfigurationManager, init=-1: [4cbc4ef8-b38a-42da-baa5-927a64bc0217:192.168.36.111:39256], old=null, confs=<EMPTY_MAP>
2019-09-03 19:15:48,798 [pool-47-thread-1] INFO  server.RaftServerConfigKeys (ConfUtils.java:logGet(43)) - raft.server.storage.dir = [/workdir/hadoop-ozone/integration-test/target/test-dir/MiniOzoneClusterImpl-50949d89-65ee-463c-9ac0-9cef6a8092fe/datanode-2/data/ratis] (custom)
2019-09-03 19:15:48,798 [pool-47-thread-1] INFO  storage.RaftStorageDirectory (RaftStorageDirectory.java:analyzeStorage(246)) - The storage directory /workdir/hadoop-ozone/integration-test/target/test-dir/MiniOzoneClusterImpl-50949d89-65ee-463c-9ac0-9cef6a8092fe/datanode-2/data/ratis/4c9b93f2-8636-413a-8040-9ba973042dc7 does not exist. Creating ...
2019-09-03 19:15:48,832 [pool-47-thread-1] INFO  storage.RaftStorageDirectory (RaftStorageDirectory.java:tryLock(328)) - Lock on /workdir/hadoop-ozone/integration-test/target/test-dir/MiniOzoneClusterImpl-50949d89-65ee-463c-9ac0-9cef6a8092fe/datanode-2/data/ratis/4c9b93f2-8636-413a-8040-9ba973042dc7/in_use.lock acquired by nodename 21940@pr-hdds-1200-xgh2h-450883189
2019-09-03 19:15:48,837 [pool-47-thread-1] INFO  storage.RaftStorage (RaftStorage.java:format(72)) - Storage directory /workdir/hadoop-ozone/integration-test/target/test-dir/MiniOzoneClusterImpl-50949d89-65ee-463c-9ac0-9cef6a8092fe/datanode-2/data/ratis/4c9b93f2-8636-413a-8040-9ba973042dc7 has been successfully formatted.
2019-09-03 19:15:48,839 [pool-47-thread-1] INFO  ratis.ContainerStateMachine (ContainerStateMachine.java:loadSnapshot(227)) - group-9BA973042DC7: The snapshot info is null. Setting the last applied indexto:(t:0, i:~)
2019-09-03 19:15:48,840 [pool-47-thread-1] INFO  server.RaftServerConfigKeys (ConfUtils.java:logGet(43)) - raft.server.leader.election.timeout = 120s (custom)
2019-09-03 19:15:48,840 [pool-47-thread-1] INFO  server.RaftServerConfigKeys (ConfUtils.java:logGet(43)) - raft.server.log.use.memory = false (default)
2019-09-03 19:15:48,841 [pool-47-thread-1] INFO  server.RaftServerConfigKeys (ConfUtils.java:logGet(43)) - raft.server.log.purge.gap = 1000000 (custom)
2019-09-03 19:15:48,841 [pool-47-thread-1] INFO  server.RaftServerConfigKeys (ConfUtils.java:logGet(43)) - raft.server.log.appender.buffer.byte-limit = 33554432 (custom)
2019-09-03 19:15:48,841 [pool-47-thread-1] INFO  server.RaftServerConfigKeys (ConfUtils.java:logGet(43)) - raft.server.log.segment.size.max = 1048576 (custom)
2019-09-03 19:15:48,841 [pool-47-thread-1] INFO  server.RaftServerConfigKeys (ConfUtils.java:logGet(43)) - raft.server.log.segment.cache.num.max = 2 (custom)
2019-09-03 19:15:48,841 [pool-47-thread-1] INFO  segmented.SegmentedRaftLogWorker (SegmentedRaftLogWorker.java:<init>(172)) - new 4cbc4ef8-b38a-42da-baa5-927a64bc0217-SegmentedRaftLogWorker:Storage Directory /workdir/hadoop-ozone/integration-test/target/test-dir/MiniOzoneClusterImpl-50949d89-65ee-463c-9ac0-9cef6a8092fe/datanode-2/data/ratis/4c9b93f2-8636-413a-8040-9ba973042dc7 for RaftStorage:Storage Directory /workdir/hadoop-ozone/integration-test/target/test-dir/MiniOzoneClusterImpl-50949d89-65ee-463c-9ac0-9cef6a8092fe/datanode-2/data/ratis/4c9b93f2-8636-413a-8040-9ba973042dc7
2019-09-03 19:15:48,843 [pool-47-thread-1] INFO  server.RaftServerConfigKeys (ConfUtils.java:logGet(43)) - raft.server.log.queue.byte-limit = 2147483647 (custom)
2019-09-03 19:15:48,843 [pool-47-thread-1] INFO  server.RaftServerConfigKeys (ConfUtils.java:logGet(43)) - raft.server.log.queue.element-limit = 1024 (custom)
2019-09-03 19:15:48,844 [pool-47-thread-1] INFO  server.RaftServerConfigKeys (ConfUtils.java:logGet(43)) - raft.server.log.segment.size.max = 1048576 (custom)
2019-09-03 19:15:48,844 [pool-47-thread-1] INFO  server.RaftServerConfigKeys (ConfUtils.java:logGet(43)) - raft.server.log.preallocated.size = 16384 (custom)
2019-09-03 19:15:48,844 [pool-47-thread-1] INFO  server.RaftServerConfigKeys (ConfUtils.java:logGet(43)) - raft.server.log.write.buffer.size = 33554432 (custom)
2019-09-03 19:15:48,844 [pool-47-thread-1] INFO  server.RaftServerConfigKeys (ConfUtils.java:logGet(43)) - raft.server.log.force.sync.num = 128 (default)
2019-09-03 19:15:48,844 [pool-47-thread-1] INFO  server.RaftServerConfigKeys (ConfUtils.java:logGet(43)) - raft.server.log.statemachine.data.sync = true (default)
2019-09-03 19:15:48,844 [pool-47-thread-1] INFO  server.RaftServerConfigKeys (ConfUtils.java:logGet(43)) - raft.server.log.statemachine.data.sync.timeout = 10s (default)
2019-09-03 19:15:48,844 [pool-47-thread-1] INFO  server.RaftServerConfigKeys (ConfUtils.java:logGet(43)) - raft.server.log.statemachine.data.sync.timeout.retry = -1 (default)
2019-09-03 19:15:48,845 [pool-47-thread-1] INFO  server.RaftServerConfigKeys (ConfUtils.java:logGet(43)) - raft.server.log.statemachine.data.caching.enabled = true (custom)
2019-09-03 19:15:48,845 [pool-47-thread-1] INFO  segmented.SegmentedRaftLogWorker (SegmentedRaftLogWorker.java:lambda$new$0(132)) - 4cbc4ef8-b38a-42da-baa5-927a64bc0217-SegmentedRaftLogWorker:Storage Directory /workdir/hadoop-ozone/integration-test/target/test-dir/MiniOzoneClusterImpl-50949d89-65ee-463c-9ac0-9cef6a8092fe/datanode-2/data/ratis/4c9b93f2-8636-413a-8040-9ba973042dc7: flushIndex: setUnconditionally 0 -> -1
2019-09-03 19:15:48,846 [pool-47-thread-1] INFO  server.RaftServerConfigKeys (ConfUtils.java:logGet(43)) - raft.server.snapshot.auto.trigger.enabled = true (custom)
2019-09-03 19:15:48,846 [pool-47-thread-1] INFO  server.RaftServerConfigKeys (ConfUtils.java:logGet(43)) - raft.server.snapshot.auto.trigger.threshold = 10000 (custom)
2019-09-03 19:15:48,847 [pool-47-thread-1] INFO  server.RaftServerConfigKeys (ConfUtils.java:logGet(43)) - raft.server.retrycache.expirytime = 600000ms (custom)
2019-09-03 19:15:48,847 [pool-47-thread-1] INFO  impl.RaftServerImpl (RaftServerImpl.java:start(180)) - 4cbc4ef8-b38a-42da-baa5-927a64bc0217: start group-9BA973042DC7
2019-09-03 19:15:48,847 [pool-47-thread-1] INFO  impl.RaftServerImpl (RaftServerImpl.java:setRole(171)) - 4cbc4ef8-b38a-42da-baa5-927a64bc0217:group-9BA973042DC7 changes role from null to FOLLOWER at term 0 for startAsFollower
2019-09-03 19:15:48,847 [pool-47-thread-1] INFO  impl.RoleInfo (RoleInfo.java:updateAndGet(143)) - 4cbc4ef8-b38a-42da-baa5-927a64bc0217: start FollowerState
2019-09-03 19:15:48,849 [pool-47-thread-1] INFO  util.JmxRegister (JmxRegister.java:tryRegister(44)) - Successfully registered JMX Bean with object name Ratis:service=RaftServer,group=group-9BA973042DC7,id=4cbc4ef8-b38a-42da-baa5-927a64bc0217
2019-09-03 19:15:48,863 [RatisPipelineUtilsThread] INFO  pipeline.PipelineStateManager (PipelineStateManager.java:addPipeline(56)) - Created pipeline Pipeline[ Id: 4c9b93f2-8636-413a-8040-9ba973042dc7, Nodes: 4cbc4ef8-b38a-42da-baa5-927a64bc0217{ip: 192.168.36.111, host: pr-hdds-1200-xgh2h-450883189, networkLocation: /default-rack, certSerialId: null}, Type:RATIS, Factor:ONE, State:OPEN]
2019-09-03 19:15:48,894 [grpc-default-executor-0] INFO  impl.RaftServerProxy (RaftServerProxy.java:addNew(89)) - c2cced2c-a5fa-4c5c-8090-f9d7b3a4cc37: addNew group-357D35F2F4A5:[c2cced2c-a5fa-4c5c-8090-f9d7b3a4cc37:192.168.36.111:38974] returns group-357D35F2F4A5:java.util.concurrent.CompletableFuture@d365713[Not completed]
2019-09-03 19:15:48,916 [pool-67-thread-1] INFO  impl.RaftServerImpl (RaftServerImpl.java:<init>(93)) - c2cced2c-a5fa-4c5c-8090-f9d7b3a4cc37: new RaftServerImpl for group-357D35F2F4A5:[c2cced2c-a5fa-4c5c-8090-f9d7b3a4cc37:192.168.36.111:38974] with ContainerStateMachine:uninitialized
2019-09-03 19:15:48,916 [pool-67-thread-1] INFO  server.RaftServerConfigKeys (ConfUtils.java:logGet(43)) - raft.server.rpc.timeout.min = 5s (custom)
2019-09-03 19:15:48,916 [pool-67-thread-1] INFO  server.RaftServerConfigKeys (ConfUtils.java:logGet(43)) - raft.server.rpc.timeout.max = 5200ms (custom)
2019-09-03 19:15:48,917 [pool-67-thread-1] INFO  server.RaftServerConfigKeys (ConfUtils.java:logGet(43)) - raft.server.rpcslowness.timeout = 120s (custom)
2019-09-03 19:15:48,917 [pool-67-thread-1] INFO  server.RaftServerConfigKeys (ConfUtils.java:logGet(43)) - raft.server.sleep.deviation.threshold = 300 (default)
2019-09-03 19:15:48,917 [pool-67-thread-1] INFO  server.RaftServerConfigKeys (ConfUtils.java:logGet(43)) - raft.server.log.appender.install.snapshot.enabled = false (custom)
2019-09-03 19:15:48,917 [pool-67-thread-1] INFO  impl.RaftServerImpl (ServerState.java:<init>(105)) - c2cced2c-a5fa-4c5c-8090-f9d7b3a4cc37:group-357D35F2F4A5 ConfigurationManager, init=-1: [c2cced2c-a5fa-4c5c-8090-f9d7b3a4cc37:192.168.36.111:38974], old=null, confs=<EMPTY_MAP>
2019-09-03 19:15:48,917 [pool-67-thread-1] INFO  server.RaftServerConfigKeys (ConfUtils.java:logGet(43)) - raft.server.storage.dir = [/workdir/hadoop-ozone/integration-test/target/test-dir/MiniOzoneClusterImpl-50949d89-65ee-463c-9ac0-9cef6a8092fe/datanode-4/data/ratis] (custom)
2019-09-03 19:15:48,917 [pool-67-thread-1] INFO  storage.RaftStorageDirectory (RaftStorageDirectory.java:analyzeStorage(246)) - The storage directory /workdir/hadoop-ozone/integration-test/target/test-dir/MiniOzoneClusterImpl-50949d89-65ee-463c-9ac0-9cef6a8092fe/datanode-4/data/ratis/12f612ea-7d47-423d-bd25-357d35f2f4a5 does not exist. Creating ...
2019-09-03 19:15:48,923 [pool-67-thread-1] INFO  storage.RaftStorageDirectory (RaftStorageDirectory.java:tryLock(328)) - Lock on /workdir/hadoop-ozone/integration-test/target/test-dir/MiniOzoneClusterImpl-50949d89-65ee-463c-9ac0-9cef6a8092fe/datanode-4/data/ratis/12f612ea-7d47-423d-bd25-357d35f2f4a5/in_use.lock acquired by nodename 21940@pr-hdds-1200-xgh2h-450883189
2019-09-03 19:15:48,927 [pool-67-thread-1] INFO  storage.RaftStorage (RaftStorage.java:format(72)) - Storage directory /workdir/hadoop-ozone/integration-test/target/test-dir/MiniOzoneClusterImpl-50949d89-65ee-463c-9ac0-9cef6a8092fe/datanode-4/data/ratis/12f612ea-7d47-423d-bd25-357d35f2f4a5 has been successfully formatted.
2019-09-03 19:15:48,927 [pool-67-thread-1] INFO  ratis.ContainerStateMachine (ContainerStateMachine.java:loadSnapshot(227)) - group-357D35F2F4A5: The snapshot info is null. Setting the last applied indexto:(t:0, i:~)
2019-09-03 19:15:48,928 [pool-67-thread-1] INFO  server.RaftServerConfigKeys (ConfUtils.java:logGet(43)) - raft.server.leader.election.timeout = 120s (custom)
2019-09-03 19:15:48,928 [pool-67-thread-1] INFO  server.RaftServerConfigKeys (ConfUtils.java:logGet(43)) - raft.server.log.use.memory = false (default)
2019-09-03 19:15:48,928 [pool-67-thread-1] INFO  server.RaftServerConfigKeys (ConfUtils.java:logGet(43)) - raft.server.log.purge.gap = 1000000 (custom)
2019-09-03 19:15:48,928 [pool-67-thread-1] INFO  server.RaftServerConfigKeys (ConfUtils.java:logGet(43)) - raft.server.log.appender.buffer.byte-limit = 33554432 (custom)
2019-09-03 19:15:48,928 [pool-67-thread-1] INFO  server.RaftServerConfigKeys (ConfUtils.java:logGet(43)) - raft.server.log.segment.size.max = 1048576 (custom)
2019-09-03 19:15:48,928 [pool-67-thread-1] INFO  server.RaftServerConfigKeys (ConfUtils.java:logGet(43)) - raft.server.log.segment.cache.num.max = 2 (custom)
2019-09-03 19:15:48,928 [pool-67-thread-1] INFO  segmented.SegmentedRaftLogWorker (SegmentedRaftLogWorker.java:<init>(172)) - new c2cced2c-a5fa-4c5c-8090-f9d7b3a4cc37-SegmentedRaftLogWorker:Storage Directory /workdir/hadoop-ozone/integration-test/target/test-dir/MiniOzoneClusterImpl-50949d89-65ee-463c-9ac0-9cef6a8092fe/datanode-4/data/ratis/12f612ea-7d47-423d-bd25-357d35f2f4a5 for RaftStorage:Storage Directory /workdir/hadoop-ozone/integration-test/target/test-dir/MiniOzoneClusterImpl-50949d89-65ee-463c-9ac0-9cef6a8092fe/datanode-4/data/ratis/12f612ea-7d47-423d-bd25-357d35f2f4a5
2019-09-03 19:15:48,929 [pool-67-thread-1] INFO  server.RaftServerConfigKeys (ConfUtils.java:logGet(43)) - raft.server.log.queue.byte-limit = 2147483647 (custom)
2019-09-03 19:15:48,929 [pool-67-thread-1] INFO  server.RaftServerConfigKeys (ConfUtils.java:logGet(43)) - raft.server.log.queue.element-limit = 1024 (custom)
2019-09-03 19:15:48,929 [pool-67-thread-1] INFO  server.RaftServerConfigKeys (ConfUtils.java:logGet(43)) - raft.server.log.segment.size.max = 1048576 (custom)
2019-09-03 19:15:48,929 [pool-67-thread-1] INFO  server.RaftServerConfigKeys (ConfUtils.java:logGet(43)) - raft.server.log.preallocated.size = 16384 (custom)
2019-09-03 19:15:48,929 [pool-67-thread-1] INFO  server.RaftServerConfigKeys (ConfUtils.java:logGet(43)) - raft.server.log.write.buffer.size = 33554432 (custom)
2019-09-03 19:15:48,930 [pool-67-thread-1] INFO  server.RaftServerConfigKeys (ConfUtils.java:logGet(43)) - raft.server.log.force.sync.num = 128 (default)
2019-09-03 19:15:48,930 [pool-67-thread-1] INFO  server.RaftServerConfigKeys (ConfUtils.java:logGet(43)) - raft.server.log.statemachine.data.sync = true (default)
2019-09-03 19:15:48,930 [pool-67-thread-1] INFO  server.RaftServerConfigKeys (ConfUtils.java:logGet(43)) - raft.server.log.statemachine.data.sync.timeout = 10s (default)
2019-09-03 19:15:48,930 [pool-67-thread-1] INFO  server.RaftServerConfigKeys (ConfUtils.java:logGet(43)) - raft.server.log.statemachine.data.sync.timeout.retry = -1 (default)
2019-09-03 19:15:48,931 [pool-67-thread-1] INFO  server.RaftServerConfigKeys (ConfUtils.java:logGet(43)) - raft.server.log.statemachine.data.caching.enabled = true (custom)
2019-09-03 19:15:48,931 [pool-67-thread-1] INFO  segmented.SegmentedRaftLogWorker (SegmentedRaftLogWorker.java:lambda$new$0(132)) - c2cced2c-a5fa-4c5c-8090-f9d7b3a4cc37-SegmentedRaftLogWorker:Storage Directory /workdir/hadoop-ozone/integration-test/target/test-dir/MiniOzoneClusterImpl-50949d89-65ee-463c-9ac0-9cef6a8092fe/datanode-4/data/ratis/12f612ea-7d47-423d-bd25-357d35f2f4a5: flushIndex: setUnconditionally 0 -> -1
2019-09-03 19:15:48,931 [pool-67-thread-1] INFO  server.RaftServerConfigKeys (ConfUtils.java:logGet(43)) - raft.server.snapshot.auto.trigger.enabled = true (custom)
2019-09-03 19:15:48,931 [pool-67-thread-1] INFO  server.RaftServerConfigKeys (ConfUtils.java:logGet(43)) - raft.server.snapshot.auto.trigger.threshold = 10000 (custom)
2019-09-03 19:15:48,931 [pool-67-thread-1] INFO  server.RaftServerConfigKeys (ConfUtils.java:logGet(43)) - raft.server.retrycache.expirytime = 600000ms (custom)
2019-09-03 19:15:48,932 [pool-67-thread-1] INFO  impl.RaftServerImpl (RaftServerImpl.java:start(180)) - c2cced2c-a5fa-4c5c-8090-f9d7b3a4cc37: start group-357D35F2F4A5
2019-09-03 19:15:48,932 [pool-67-thread-1] INFO  impl.RaftServerImpl (RaftServerImpl.java:setRole(171)) - c2cced2c-a5fa-4c5c-8090-f9d7b3a4cc37:group-357D35F2F4A5 changes role from null to FOLLOWER at term 0 for startAsFollower
2019-09-03 19:15:48,932 [pool-67-thread-1] INFO  impl.RoleInfo (RoleInfo.java:updateAndGet(143)) - c2cced2c-a5fa-4c5c-8090-f9d7b3a4cc37: start FollowerState
2019-09-03 19:15:48,932 [pool-67-thread-1] INFO  util.JmxRegister (JmxRegister.java:tryRegister(44)) - Successfully registered JMX Bean with object name Ratis:service=RaftServer,group=group-357D35F2F4A5,id=c2cced2c-a5fa-4c5c-8090-f9d7b3a4cc37
2019-09-03 19:15:48,945 [RatisPipelineUtilsThread] INFO  pipeline.PipelineStateManager (PipelineStateManager.java:addPipeline(56)) - Created pipeline Pipeline[ Id: 12f612ea-7d47-423d-bd25-357d35f2f4a5, Nodes: c2cced2c-a5fa-4c5c-8090-f9d7b3a4cc37{ip: 192.168.36.111, host: pr-hdds-1200-xgh2h-450883189, networkLocation: /default-rack, certSerialId: null}, Type:RATIS, Factor:ONE, State:OPEN]
2019-09-03 19:15:48,966 [grpc-default-executor-0] INFO  impl.RaftServerProxy (RaftServerProxy.java:addNew(89)) - 44cf7b35-669b-40df-948d-f1dd5cc3dccb: addNew group-E786AE1EBDEA:[44cf7b35-669b-40df-948d-f1dd5cc3dccb:192.168.36.111:35273] returns group-E786AE1EBDEA:java.util.concurrent.CompletableFuture@6b8e0216[Not completed]
2019-09-03 19:15:48,968 [pool-37-thread-1] INFO  impl.RaftServerImpl (RaftServerImpl.java:<init>(93)) - 44cf7b35-669b-40df-948d-f1dd5cc3dccb: new RaftServerImpl for group-E786AE1EBDEA:[44cf7b35-669b-40df-948d-f1dd5cc3dccb:192.168.36.111:35273] with ContainerStateMachine:uninitialized
2019-09-03 19:15:48,968 [pool-37-thread-1] INFO  server.RaftServerConfigKeys (ConfUtils.java:logGet(43)) - raft.server.rpc.timeout.min = 5s (custom)
2019-09-03 19:15:48,968 [pool-37-thread-1] INFO  server.RaftServerConfigKeys (ConfUtils.java:logGet(43)) - raft.server.rpc.timeout.max = 5200ms (custom)
2019-09-03 19:15:48,968 [pool-37-thread-1] INFO  server.RaftServerConfigKeys (ConfUtils.java:logGet(43)) - raft.server.rpcslowness.timeout = 120s (custom)
2019-09-03 19:15:48,969 [pool-37-thread-1] INFO  server.RaftServerConfigKeys (ConfUtils.java:logGet(43)) - raft.server.sleep.deviation.threshold = 300 (default)
2019-09-03 19:15:48,969 [pool-37-thread-1] INFO  server.RaftServerConfigKeys (ConfUtils.java:logGet(43)) - raft.server.log.appender.install.snapshot.enabled = false (custom)
2019-09-03 19:15:48,969 [pool-37-thread-1] INFO  impl.RaftServerImpl (ServerState.java:<init>(105)) - 44cf7b35-669b-40df-948d-f1dd5cc3dccb:group-E786AE1EBDEA ConfigurationManager, init=-1: [44cf7b35-669b-40df-948d-f1dd5cc3dccb:192.168.36.111:35273], old=null, confs=<EMPTY_MAP>
2019-09-03 19:15:48,969 [pool-37-thread-1] INFO  server.RaftServerConfigKeys (ConfUtils.java:logGet(43)) - raft.server.storage.dir = [/workdir/hadoop-ozone/integration-test/target/test-dir/MiniOzoneClusterImpl-50949d89-65ee-463c-9ac0-9cef6a8092fe/datanode-1/data/ratis] (custom)
2019-09-03 19:15:48,970 [pool-37-thread-1] INFO  storage.RaftStorageDirectory (RaftStorageDirectory.java:analyzeStorage(246)) - The storage directory /workdir/hadoop-ozone/integration-test/target/test-dir/MiniOzoneClusterImpl-50949d89-65ee-463c-9ac0-9cef6a8092fe/datanode-1/data/ratis/7b63a9e1-201f-42e9-a81d-e786ae1ebdea does not exist. Creating ...
2019-09-03 19:15:48,975 [pool-37-thread-1] INFO  storage.RaftStorageDirectory (RaftStorageDirectory.java:tryLock(328)) - Lock on /workdir/hadoop-ozone/integration-test/target/test-dir/MiniOzoneClusterImpl-50949d89-65ee-463c-9ac0-9cef6a8092fe/datanode-1/data/ratis/7b63a9e1-201f-42e9-a81d-e786ae1ebdea/in_use.lock acquired by nodename 21940@pr-hdds-1200-xgh2h-450883189
2019-09-03 19:15:48,979 [pool-37-thread-1] INFO  storage.RaftStorage (RaftStorage.java:format(72)) - Storage directory /workdir/hadoop-ozone/integration-test/target/test-dir/MiniOzoneClusterImpl-50949d89-65ee-463c-9ac0-9cef6a8092fe/datanode-1/data/ratis/7b63a9e1-201f-42e9-a81d-e786ae1ebdea has been successfully formatted.
2019-09-03 19:15:48,979 [pool-37-thread-1] INFO  ratis.ContainerStateMachine (ContainerStateMachine.java:loadSnapshot(227)) - group-E786AE1EBDEA: The snapshot info is null. Setting the last applied indexto:(t:0, i:~)
2019-09-03 19:15:48,980 [pool-37-thread-1] INFO  server.RaftServerConfigKeys (ConfUtils.java:logGet(43)) - raft.server.leader.election.timeout = 120s (custom)
2019-09-03 19:15:48,980 [pool-37-thread-1] INFO  server.RaftServerConfigKeys (ConfUtils.java:logGet(43)) - raft.server.log.use.memory = false (default)
2019-09-03 19:15:48,980 [pool-37-thread-1] INFO  server.RaftServerConfigKeys (ConfUtils.java:logGet(43)) - raft.server.log.purge.gap = 1000000 (custom)
2019-09-03 19:15:48,980 [pool-37-thread-1] INFO  server.RaftServerConfigKeys (ConfUtils.java:logGet(43)) - raft.server.log.appender.buffer.byte-limit = 33554432 (custom)
2019-09-03 19:15:48,980 [pool-37-thread-1] INFO  server.RaftServerConfigKeys (ConfUtils.java:logGet(43)) - raft.server.log.segment.size.max = 1048576 (custom)
2019-09-03 19:15:48,980 [pool-37-thread-1] INFO  server.RaftServerConfigKeys (ConfUtils.java:logGet(43)) - raft.server.log.segment.cache.num.max = 2 (custom)
2019-09-03 19:15:48,980 [pool-37-thread-1] INFO  segmented.SegmentedRaftLogWorker (SegmentedRaftLogWorker.java:<init>(172)) - new 44cf7b35-669b-40df-948d-f1dd5cc3dccb-SegmentedRaftLogWorker:Storage Directory /workdir/hadoop-ozone/integration-test/target/test-dir/MiniOzoneClusterImpl-50949d89-65ee-463c-9ac0-9cef6a8092fe/datanode-1/data/ratis/7b63a9e1-201f-42e9-a81d-e786ae1ebdea for RaftStorage:Storage Directory /workdir/hadoop-ozone/integration-test/target/test-dir/MiniOzoneClusterImpl-50949d89-65ee-463c-9ac0-9cef6a8092fe/datanode-1/data/ratis/7b63a9e1-201f-42e9-a81d-e786ae1ebdea
2019-09-03 19:15:48,981 [pool-37-thread-1] INFO  server.RaftServerConfigKeys (ConfUtils.java:logGet(43)) - raft.server.log.queue.byte-limit = 2147483647 (custom)
2019-09-03 19:15:48,981 [pool-37-thread-1] INFO  server.RaftServerConfigKeys (ConfUtils.java:logGet(43)) - raft.server.log.queue.element-limit = 1024 (custom)
2019-09-03 19:15:48,981 [pool-37-thread-1] INFO  server.RaftServerConfigKeys (ConfUtils.java:logGet(43)) - raft.server.log.segment.size.max = 1048576 (custom)
2019-09-03 19:15:48,981 [pool-37-thread-1] INFO  server.RaftServerConfigKeys (ConfUtils.java:logGet(43)) - raft.server.log.preallocated.size = 16384 (custom)
2019-09-03 19:15:48,982 [pool-37-thread-1] INFO  server.RaftServerConfigKeys (ConfUtils.java:logGet(43)) - raft.server.log.write.buffer.size = 33554432 (custom)
2019-09-03 19:15:48,982 [pool-37-thread-1] INFO  server.RaftServerConfigKeys (ConfUtils.java:logGet(43)) - raft.server.log.force.sync.num = 128 (default)
2019-09-03 19:15:48,982 [pool-37-thread-1] INFO  server.RaftServerConfigKeys (ConfUtils.java:logGet(43)) - raft.server.log.statemachine.data.sync = true (default)
2019-09-03 19:15:48,982 [pool-37-thread-1] INFO  server.RaftServerConfigKeys (ConfUtils.java:logGet(43)) - raft.server.log.statemachine.data.sync.timeout = 10s (default)
2019-09-03 19:15:48,982 [pool-37-thread-1] INFO  server.RaftServerConfigKeys (ConfUtils.java:logGet(43)) - raft.server.log.statemachine.data.sync.timeout.retry = -1 (default)
2019-09-03 19:15:48,983 [pool-37-thread-1] INFO  server.RaftServerConfigKeys (ConfUtils.java:logGet(43)) - raft.server.log.statemachine.data.caching.enabled = true (custom)
2019-09-03 19:15:48,983 [pool-37-thread-1] INFO  segmented.SegmentedRaftLogWorker (SegmentedRaftLogWorker.java:lambda$new$0(132)) - 44cf7b35-669b-40df-948d-f1dd5cc3dccb-SegmentedRaftLogWorker:Storage Directory /workdir/hadoop-ozone/integration-test/target/test-dir/MiniOzoneClusterImpl-50949d89-65ee-463c-9ac0-9cef6a8092fe/datanode-1/data/ratis/7b63a9e1-201f-42e9-a81d-e786ae1ebdea: flushIndex: setUnconditionally 0 -> -1
2019-09-03 19:15:48,984 [pool-37-thread-1] INFO  server.RaftServerConfigKeys (ConfUtils.java:logGet(43)) - raft.server.snapshot.auto.trigger.enabled = true (custom)
2019-09-03 19:15:48,984 [pool-37-thread-1] INFO  server.RaftServerConfigKeys (ConfUtils.java:logGet(43)) - raft.server.snapshot.auto.trigger.threshold = 10000 (custom)
2019-09-03 19:15:48,984 [pool-37-thread-1] INFO  server.RaftServerConfigKeys (ConfUtils.java:logGet(43)) - raft.server.retrycache.expirytime = 600000ms (custom)
2019-09-03 19:15:48,984 [pool-37-thread-1] INFO  impl.RaftServerImpl (RaftServerImpl.java:start(180)) - 44cf7b35-669b-40df-948d-f1dd5cc3dccb: start group-E786AE1EBDEA
2019-09-03 19:15:48,984 [pool-37-thread-1] INFO  impl.RaftServerImpl (RaftServerImpl.java:setRole(171)) - 44cf7b35-669b-40df-948d-f1dd5cc3dccb:group-E786AE1EBDEA changes role from null to FOLLOWER at term 0 for startAsFollower
2019-09-03 19:15:48,985 [pool-37-thread-1] INFO  impl.RoleInfo (RoleInfo.java:updateAndGet(143)) - 44cf7b35-669b-40df-948d-f1dd5cc3dccb: start FollowerState
2019-09-03 19:15:48,985 [pool-37-thread-1] INFO  util.JmxRegister (JmxRegister.java:tryRegister(44)) - Successfully registered JMX Bean with object name Ratis:service=RaftServer,group=group-E786AE1EBDEA,id=44cf7b35-669b-40df-948d-f1dd5cc3dccb
2019-09-03 19:15:48,997 [RatisPipelineUtilsThread] INFO  pipeline.PipelineStateManager (PipelineStateManager.java:addPipeline(56)) - Created pipeline Pipeline[ Id: 7b63a9e1-201f-42e9-a81d-e786ae1ebdea, Nodes: 44cf7b35-669b-40df-948d-f1dd5cc3dccb{ip: 192.168.36.111, host: pr-hdds-1200-xgh2h-450883189, networkLocation: /default-rack, certSerialId: null}, Type:RATIS, Factor:ONE, State:OPEN]
2019-09-03 19:15:49,016 [grpc-default-executor-0] INFO  impl.RaftServerProxy (RaftServerProxy.java:addNew(89)) - 7fbfd930-315e-4dda-a09d-757ef11043e1: addNew group-4DF86493E1ED:[7fbfd930-315e-4dda-a09d-757ef11043e1:192.168.36.111:40821] returns group-4DF86493E1ED:java.util.concurrent.CompletableFuture@6d9e1d27[Not completed]
2019-09-03 19:15:49,020 [pool-57-thread-1] INFO  impl.RaftServerImpl (RaftServerImpl.java:<init>(93)) - 7fbfd930-315e-4dda-a09d-757ef11043e1: new RaftServerImpl for group-4DF86493E1ED:[7fbfd930-315e-4dda-a09d-757ef11043e1:192.168.36.111:40821] with ContainerStateMachine:uninitialized
2019-09-03 19:15:49,020 [pool-57-thread-1] INFO  server.RaftServerConfigKeys (ConfUtils.java:logGet(43)) - raft.server.rpc.timeout.min = 5s (custom)
2019-09-03 19:15:49,020 [pool-57-thread-1] INFO  server.RaftServerConfigKeys (ConfUtils.java:logGet(43)) - raft.server.rpc.timeout.max = 5200ms (custom)
2019-09-03 19:15:49,020 [pool-57-thread-1] INFO  server.RaftServerConfigKeys (ConfUtils.java:logGet(43)) - raft.server.rpcslowness.timeout = 120s (custom)
2019-09-03 19:15:49,021 [pool-57-thread-1] INFO  server.RaftServerConfigKeys (ConfUtils.java:logGet(43)) - raft.server.sleep.deviation.threshold = 300 (default)
2019-09-03 19:15:49,021 [pool-57-thread-1] INFO  server.RaftServerConfigKeys (ConfUtils.java:logGet(43)) - raft.server.log.appender.install.snapshot.enabled = false (custom)
2019-09-03 19:15:49,021 [pool-57-thread-1] INFO  impl.RaftServerImpl (ServerState.java:<init>(105)) - 7fbfd930-315e-4dda-a09d-757ef11043e1:group-4DF86493E1ED ConfigurationManager, init=-1: [7fbfd930-315e-4dda-a09d-757ef11043e1:192.168.36.111:40821], old=null, confs=<EMPTY_MAP>
2019-09-03 19:15:49,021 [pool-57-thread-1] INFO  server.RaftServerConfigKeys (ConfUtils.java:logGet(43)) - raft.server.storage.dir = [/workdir/hadoop-ozone/integration-test/target/test-dir/MiniOzoneClusterImpl-50949d89-65ee-463c-9ac0-9cef6a8092fe/datanode-3/data/ratis] (custom)
2019-09-03 19:15:49,021 [pool-57-thread-1] INFO  storage.RaftStorageDirectory (RaftStorageDirectory.java:analyzeStorage(246)) - The storage directory /workdir/hadoop-ozone/integration-test/target/test-dir/MiniOzoneClusterImpl-50949d89-65ee-463c-9ac0-9cef6a8092fe/datanode-3/data/ratis/1abb983e-4d15-474f-a5c4-4df86493e1ed does not exist. Creating ...
2019-09-03 19:15:49,028 [pool-57-thread-1] INFO  storage.RaftStorageDirectory (RaftStorageDirectory.java:tryLock(328)) - Lock on /workdir/hadoop-ozone/integration-test/target/test-dir/MiniOzoneClusterImpl-50949d89-65ee-463c-9ac0-9cef6a8092fe/datanode-3/data/ratis/1abb983e-4d15-474f-a5c4-4df86493e1ed/in_use.lock acquired by nodename 21940@pr-hdds-1200-xgh2h-450883189
2019-09-03 19:15:49,032 [pool-57-thread-1] INFO  storage.RaftStorage (RaftStorage.java:format(72)) - Storage directory /workdir/hadoop-ozone/integration-test/target/test-dir/MiniOzoneClusterImpl-50949d89-65ee-463c-9ac0-9cef6a8092fe/datanode-3/data/ratis/1abb983e-4d15-474f-a5c4-4df86493e1ed has been successfully formatted.
2019-09-03 19:15:49,032 [pool-57-thread-1] INFO  ratis.ContainerStateMachine (ContainerStateMachine.java:loadSnapshot(227)) - group-4DF86493E1ED: The snapshot info is null. Setting the last applied indexto:(t:0, i:~)
2019-09-03 19:15:49,033 [pool-57-thread-1] INFO  server.RaftServerConfigKeys (ConfUtils.java:logGet(43)) - raft.server.leader.election.timeout = 120s (custom)
2019-09-03 19:15:49,033 [pool-57-thread-1] INFO  server.RaftServerConfigKeys (ConfUtils.java:logGet(43)) - raft.server.log.use.memory = false (default)
2019-09-03 19:15:49,033 [pool-57-thread-1] INFO  server.RaftServerConfigKeys (ConfUtils.java:logGet(43)) - raft.server.log.purge.gap = 1000000 (custom)
2019-09-03 19:15:49,033 [pool-57-thread-1] INFO  server.RaftServerConfigKeys (ConfUtils.java:logGet(43)) - raft.server.log.appender.buffer.byte-limit = 33554432 (custom)
2019-09-03 19:15:49,033 [pool-57-thread-1] INFO  server.RaftServerConfigKeys (ConfUtils.java:logGet(43)) - raft.server.log.segment.size.max = 1048576 (custom)
2019-09-03 19:15:49,033 [pool-57-thread-1] INFO  server.RaftServerConfigKeys (ConfUtils.java:logGet(43)) - raft.server.log.segment.cache.num.max = 2 (custom)
2019-09-03 19:15:49,033 [pool-57-thread-1] INFO  segmented.SegmentedRaftLogWorker (SegmentedRaftLogWorker.java:<init>(172)) - new 7fbfd930-315e-4dda-a09d-757ef11043e1-SegmentedRaftLogWorker:Storage Directory /workdir/hadoop-ozone/integration-test/target/test-dir/MiniOzoneClusterImpl-50949d89-65ee-463c-9ac0-9cef6a8092fe/datanode-3/data/ratis/1abb983e-4d15-474f-a5c4-4df86493e1ed for RaftStorage:Storage Directory /workdir/hadoop-ozone/integration-test/target/test-dir/MiniOzoneClusterImpl-50949d89-65ee-463c-9ac0-9cef6a8092fe/datanode-3/data/ratis/1abb983e-4d15-474f-a5c4-4df86493e1ed
2019-09-03 19:15:49,033 [pool-57-thread-1] INFO  server.RaftServerConfigKeys (ConfUtils.java:logGet(43)) - raft.server.log.queue.byte-limit = 2147483647 (custom)
2019-09-03 19:15:49,034 [pool-57-thread-1] INFO  server.RaftServerConfigKeys (ConfUtils.java:logGet(43)) - raft.server.log.queue.element-limit = 1024 (custom)
2019-09-03 19:15:49,034 [pool-57-thread-1] INFO  server.RaftServerConfigKeys (ConfUtils.java:logGet(43)) - raft.server.log.segment.size.max = 1048576 (custom)
2019-09-03 19:15:49,034 [pool-57-thread-1] INFO  server.RaftServerConfigKeys (ConfUtils.java:logGet(43)) - raft.server.log.preallocated.size = 16384 (custom)
2019-09-03 19:15:49,034 [pool-57-thread-1] INFO  server.RaftServerConfigKeys (ConfUtils.java:logGet(43)) - raft.server.log.write.buffer.size = 33554432 (custom)
2019-09-03 19:15:49,034 [pool-57-thread-1] INFO  server.RaftServerConfigKeys (ConfUtils.java:logGet(43)) - raft.server.log.force.sync.num = 128 (default)
2019-09-03 19:15:49,034 [pool-57-thread-1] INFO  server.RaftServerConfigKeys (ConfUtils.java:logGet(43)) - raft.server.log.statemachine.data.sync = true (default)
2019-09-03 19:15:49,034 [pool-57-thread-1] INFO  server.RaftServerConfigKeys (ConfUtils.java:logGet(43)) - raft.server.log.statemachine.data.sync.timeout = 10s (default)
2019-09-03 19:15:49,035 [pool-57-thread-1] INFO  server.RaftServerConfigKeys (ConfUtils.java:logGet(43)) - raft.server.log.statemachine.data.sync.timeout.retry = -1 (default)
2019-09-03 19:15:49,035 [pool-57-thread-1] INFO  server.RaftServerConfigKeys (ConfUtils.java:logGet(43)) - raft.server.log.statemachine.data.caching.enabled = true (custom)
2019-09-03 19:15:49,035 [pool-57-thread-1] INFO  segmented.SegmentedRaftLogWorker (SegmentedRaftLogWorker.java:lambda$new$0(132)) - 7fbfd930-315e-4dda-a09d-757ef11043e1-SegmentedRaftLogWorker:Storage Directory /workdir/hadoop-ozone/integration-test/target/test-dir/MiniOzoneClusterImpl-50949d89-65ee-463c-9ac0-9cef6a8092fe/datanode-3/data/ratis/1abb983e-4d15-474f-a5c4-4df86493e1ed: flushIndex: setUnconditionally 0 -> -1
2019-09-03 19:15:49,035 [pool-57-thread-1] INFO  server.RaftServerConfigKeys (ConfUtils.java:logGet(43)) - raft.server.snapshot.auto.trigger.enabled = true (custom)
2019-09-03 19:15:49,036 [pool-57-thread-1] INFO  server.RaftServerConfigKeys (ConfUtils.java:logGet(43)) - raft.server.snapshot.auto.trigger.threshold = 10000 (custom)
2019-09-03 19:15:49,036 [pool-57-thread-1] INFO  server.RaftServerConfigKeys (ConfUtils.java:logGet(43)) - raft.server.retrycache.expirytime = 600000ms (custom)
2019-09-03 19:15:49,036 [pool-57-thread-1] INFO  impl.RaftServerImpl (RaftServerImpl.java:start(180)) - 7fbfd930-315e-4dda-a09d-757ef11043e1: start group-4DF86493E1ED
2019-09-03 19:15:49,036 [pool-57-thread-1] INFO  impl.RaftServerImpl (RaftServerImpl.java:setRole(171)) - 7fbfd930-315e-4dda-a09d-757ef11043e1:group-4DF86493E1ED changes role from null to FOLLOWER at term 0 for startAsFollower
2019-09-03 19:15:49,036 [pool-57-thread-1] INFO  impl.RoleInfo (RoleInfo.java:updateAndGet(143)) - 7fbfd930-315e-4dda-a09d-757ef11043e1: start FollowerState
2019-09-03 19:15:49,036 [pool-57-thread-1] INFO  util.JmxRegister (JmxRegister.java:tryRegister(44)) - Successfully registered JMX Bean with object name Ratis:service=RaftServer,group=group-4DF86493E1ED,id=7fbfd930-315e-4dda-a09d-757ef11043e1
2019-09-03 19:15:49,047 [RatisPipelineUtilsThread] INFO  pipeline.PipelineStateManager (PipelineStateManager.java:addPipeline(56)) - Created pipeline Pipeline[ Id: 1abb983e-4d15-474f-a5c4-4df86493e1ed, Nodes: 7fbfd930-315e-4dda-a09d-757ef11043e1{ip: 192.168.36.111, host: pr-hdds-1200-xgh2h-450883189, networkLocation: /default-rack, certSerialId: null}, Type:RATIS, Factor:ONE, State:OPEN]
2019-09-03 19:15:49,074 [grpc-default-executor-0] INFO  impl.RaftServerProxy (RaftServerProxy.java:addNew(89)) - 015a1f9e-984b-40a0-8c74-d24906177fee: addNew group-D356A232141F:[015a1f9e-984b-40a0-8c74-d24906177fee:192.168.36.111:33327] returns group-D356A232141F:java.util.concurrent.CompletableFuture@66fd9e68[Not completed]
2019-09-03 19:15:49,078 [pool-87-thread-1] INFO  impl.RaftServerImpl (RaftServerImpl.java:<init>(93)) - 015a1f9e-984b-40a0-8c74-d24906177fee: new RaftServerImpl for group-D356A232141F:[015a1f9e-984b-40a0-8c74-d24906177fee:192.168.36.111:33327] with ContainerStateMachine:uninitialized
2019-09-03 19:15:49,079 [pool-87-thread-1] INFO  server.RaftServerConfigKeys (ConfUtils.java:logGet(43)) - raft.server.rpc.timeout.min = 5s (custom)
2019-09-03 19:15:49,079 [pool-87-thread-1] INFO  server.RaftServerConfigKeys (ConfUtils.java:logGet(43)) - raft.server.rpc.timeout.max = 5200ms (custom)
2019-09-03 19:15:49,079 [pool-87-thread-1] INFO  server.RaftServerConfigKeys (ConfUtils.java:logGet(43)) - raft.server.rpcslowness.timeout = 120s (custom)
2019-09-03 19:15:49,079 [pool-87-thread-1] INFO  server.RaftServerConfigKeys (ConfUtils.java:logGet(43)) - raft.server.sleep.deviation.threshold = 300 (default)
2019-09-03 19:15:49,079 [pool-87-thread-1] INFO  server.RaftServerConfigKeys (ConfUtils.java:logGet(43)) - raft.server.log.appender.install.snapshot.enabled = false (custom)
2019-09-03 19:15:49,079 [pool-87-thread-1] INFO  impl.RaftServerImpl (ServerState.java:<init>(105)) - 015a1f9e-984b-40a0-8c74-d24906177fee:group-D356A232141F ConfigurationManager, init=-1: [015a1f9e-984b-40a0-8c74-d24906177fee:192.168.36.111:33327], old=null, confs=<EMPTY_MAP>
2019-09-03 19:15:49,079 [pool-87-thread-1] INFO  server.RaftServerConfigKeys (ConfUtils.java:logGet(43)) - raft.server.storage.dir = [/workdir/hadoop-ozone/integration-test/target/test-dir/MiniOzoneClusterImpl-50949d89-65ee-463c-9ac0-9cef6a8092fe/datanode-6/data/ratis] (custom)
2019-09-03 19:15:49,080 [pool-87-thread-1] INFO  storage.RaftStorageDirectory (RaftStorageDirectory.java:analyzeStorage(246)) - The storage directory /workdir/hadoop-ozone/integration-test/target/test-dir/MiniOzoneClusterImpl-50949d89-65ee-463c-9ac0-9cef6a8092fe/datanode-6/data/ratis/618a3cf9-a565-410e-a6b0-d356a232141f does not exist. Creating ...
2019-09-03 19:15:49,092 [pool-87-thread-1] INFO  storage.RaftStorageDirectory (RaftStorageDirectory.java:tryLock(328)) - Lock on /workdir/hadoop-ozone/integration-test/target/test-dir/MiniOzoneClusterImpl-50949d89-65ee-463c-9ac0-9cef6a8092fe/datanode-6/data/ratis/618a3cf9-a565-410e-a6b0-d356a232141f/in_use.lock acquired by nodename 21940@pr-hdds-1200-xgh2h-450883189
2019-09-03 19:15:49,112 [pool-87-thread-1] INFO  storage.RaftStorage (RaftStorage.java:format(72)) - Storage directory /workdir/hadoop-ozone/integration-test/target/test-dir/MiniOzoneClusterImpl-50949d89-65ee-463c-9ac0-9cef6a8092fe/datanode-6/data/ratis/618a3cf9-a565-410e-a6b0-d356a232141f has been successfully formatted.
2019-09-03 19:15:49,112 [pool-87-thread-1] INFO  ratis.ContainerStateMachine (ContainerStateMachine.java:loadSnapshot(227)) - group-D356A232141F: The snapshot info is null. Setting the last applied indexto:(t:0, i:~)
2019-09-03 19:15:49,112 [pool-87-thread-1] INFO  server.RaftServerConfigKeys (ConfUtils.java:logGet(43)) - raft.server.leader.election.timeout = 120s (custom)
2019-09-03 19:15:49,112 [pool-87-thread-1] INFO  server.RaftServerConfigKeys (ConfUtils.java:logGet(43)) - raft.server.log.use.memory = false (default)
2019-09-03 19:15:49,112 [pool-87-thread-1] INFO  server.RaftServerConfigKeys (ConfUtils.java:logGet(43)) - raft.server.log.purge.gap = 1000000 (custom)
2019-09-03 19:15:49,113 [pool-87-thread-1] INFO  server.RaftServerConfigKeys (ConfUtils.java:logGet(43)) - raft.server.log.appender.buffer.byte-limit = 33554432 (custom)
2019-09-03 19:15:49,113 [pool-87-thread-1] INFO  server.RaftServerConfigKeys (ConfUtils.java:logGet(43)) - raft.server.log.segment.size.max = 1048576 (custom)
2019-09-03 19:15:49,113 [pool-87-thread-1] INFO  server.RaftServerConfigKeys (ConfUtils.java:logGet(43)) - raft.server.log.segment.cache.num.max = 2 (custom)
2019-09-03 19:15:49,113 [pool-87-thread-1] INFO  segmented.SegmentedRaftLogWorker (SegmentedRaftLogWorker.java:<init>(172)) - new 015a1f9e-984b-40a0-8c74-d24906177fee-SegmentedRaftLogWorker:Storage Directory /workdir/hadoop-ozone/integration-test/target/test-dir/MiniOzoneClusterImpl-50949d89-65ee-463c-9ac0-9cef6a8092fe/datanode-6/data/ratis/618a3cf9-a565-410e-a6b0-d356a232141f for RaftStorage:Storage Directory /workdir/hadoop-ozone/integration-test/target/test-dir/MiniOzoneClusterImpl-50949d89-65ee-463c-9ac0-9cef6a8092fe/datanode-6/data/ratis/618a3cf9-a565-410e-a6b0-d356a232141f
2019-09-03 19:15:49,113 [pool-87-thread-1] INFO  server.RaftServerConfigKeys (ConfUtils.java:logGet(43)) - raft.server.log.queue.byte-limit = 2147483647 (custom)
2019-09-03 19:15:49,113 [pool-87-thread-1] INFO  server.RaftServerConfigKeys (ConfUtils.java:logGet(43)) - raft.server.log.queue.element-limit = 1024 (custom)
2019-09-03 19:15:49,114 [pool-87-thread-1] INFO  server.RaftServerConfigKeys (ConfUtils.java:logGet(43)) - raft.server.log.segment.size.max = 1048576 (custom)
2019-09-03 19:15:49,114 [pool-87-thread-1] INFO  server.RaftServerConfigKeys (ConfUtils.java:logGet(43)) - raft.server.log.preallocated.size = 16384 (custom)
2019-09-03 19:15:49,114 [pool-87-thread-1] INFO  server.RaftServerConfigKeys (ConfUtils.java:logGet(43)) - raft.server.log.write.buffer.size = 33554432 (custom)
2019-09-03 19:15:49,114 [pool-87-thread-1] INFO  server.RaftServerConfigKeys (ConfUtils.java:logGet(43)) - raft.server.log.force.sync.num = 128 (default)
2019-09-03 19:15:49,114 [pool-87-thread-1] INFO  server.RaftServerConfigKeys (ConfUtils.java:logGet(43)) - raft.server.log.statemachine.data.sync = true (default)
2019-09-03 19:15:49,114 [pool-87-thread-1] INFO  server.RaftServerConfigKeys (ConfUtils.java:logGet(43)) - raft.server.log.statemachine.data.sync.timeout = 10s (default)
2019-09-03 19:15:49,114 [pool-87-thread-1] INFO  server.RaftServerConfigKeys (ConfUtils.java:logGet(43)) - raft.server.log.statemachine.data.sync.timeout.retry = -1 (default)
2019-09-03 19:15:49,115 [pool-87-thread-1] INFO  server.RaftServerConfigKeys (ConfUtils.java:logGet(43)) - raft.server.log.statemachine.data.caching.enabled = true (custom)
2019-09-03 19:15:49,115 [pool-87-thread-1] INFO  segmented.SegmentedRaftLogWorker (SegmentedRaftLogWorker.java:lambda$new$0(132)) - 015a1f9e-984b-40a0-8c74-d24906177fee-SegmentedRaftLogWorker:Storage Directory /workdir/hadoop-ozone/integration-test/target/test-dir/MiniOzoneClusterImpl-50949d89-65ee-463c-9ac0-9cef6a8092fe/datanode-6/data/ratis/618a3cf9-a565-410e-a6b0-d356a232141f: flushIndex: setUnconditionally 0 -> -1
2019-09-03 19:15:49,115 [pool-87-thread-1] INFO  server.RaftServerConfigKeys (ConfUtils.java:logGet(43)) - raft.server.snapshot.auto.trigger.enabled = true (custom)
2019-09-03 19:15:49,115 [pool-87-thread-1] INFO  server.RaftServerConfigKeys (ConfUtils.java:logGet(43)) - raft.server.snapshot.auto.trigger.threshold = 10000 (custom)
2019-09-03 19:15:49,116 [pool-87-thread-1] INFO  server.RaftServerConfigKeys (ConfUtils.java:logGet(43)) - raft.server.retrycache.expirytime = 600000ms (custom)
2019-09-03 19:15:49,116 [pool-87-thread-1] INFO  impl.RaftServerImpl (RaftServerImpl.java:start(180)) - 015a1f9e-984b-40a0-8c74-d24906177fee: start group-D356A232141F
2019-09-03 19:15:49,116 [pool-87-thread-1] INFO  impl.RaftServerImpl (RaftServerImpl.java:setRole(171)) - 015a1f9e-984b-40a0-8c74-d24906177fee:group-D356A232141F changes role from null to FOLLOWER at term 0 for startAsFollower
2019-09-03 19:15:49,116 [pool-87-thread-1] INFO  impl.RoleInfo (RoleInfo.java:updateAndGet(143)) - 015a1f9e-984b-40a0-8c74-d24906177fee: start FollowerState
2019-09-03 19:15:49,116 [pool-87-thread-1] INFO  util.JmxRegister (JmxRegister.java:tryRegister(44)) - Successfully registered JMX Bean with object name Ratis:service=RaftServer,group=group-D356A232141F,id=015a1f9e-984b-40a0-8c74-d24906177fee
2019-09-03 19:15:49,127 [RatisPipelineUtilsThread] INFO  pipeline.PipelineStateManager (PipelineStateManager.java:addPipeline(56)) - Created pipeline Pipeline[ Id: 618a3cf9-a565-410e-a6b0-d356a232141f, Nodes: 015a1f9e-984b-40a0-8c74-d24906177fee{ip: 192.168.36.111, host: pr-hdds-1200-xgh2h-450883189, networkLocation: /default-rack, certSerialId: null}, Type:RATIS, Factor:ONE, State:OPEN]
2019-09-03 19:15:49,142 [grpc-default-executor-0] INFO  impl.RaftServerProxy (RaftServerProxy.java:addNew(89)) - c493b4b3-cebb-4892-b879-a25efd5348e1: addNew group-9B53B19CA5A6:[c493b4b3-cebb-4892-b879-a25efd5348e1:192.168.36.111:37988] returns group-9B53B19CA5A6:java.util.concurrent.CompletableFuture@73ec0413[Not completed]
2019-09-03 19:15:49,146 [pool-77-thread-1] INFO  impl.RaftServerImpl (RaftServerImpl.java:<init>(93)) - c493b4b3-cebb-4892-b879-a25efd5348e1: new RaftServerImpl for group-9B53B19CA5A6:[c493b4b3-cebb-4892-b879-a25efd5348e1:192.168.36.111:37988] with ContainerStateMachine:uninitialized
2019-09-03 19:15:49,146 [pool-77-thread-1] INFO  server.RaftServerConfigKeys (ConfUtils.java:logGet(43)) - raft.server.rpc.timeout.min = 5s (custom)
2019-09-03 19:15:49,146 [pool-77-thread-1] INFO  server.RaftServerConfigKeys (ConfUtils.java:logGet(43)) - raft.server.rpc.timeout.max = 5200ms (custom)
2019-09-03 19:15:49,146 [pool-77-thread-1] INFO  server.RaftServerConfigKeys (ConfUtils.java:logGet(43)) - raft.server.rpcslowness.timeout = 120s (custom)
2019-09-03 19:15:49,147 [pool-77-thread-1] INFO  server.RaftServerConfigKeys (ConfUtils.java:logGet(43)) - raft.server.sleep.deviation.threshold = 300 (default)
2019-09-03 19:15:49,147 [pool-77-thread-1] INFO  server.RaftServerConfigKeys (ConfUtils.java:logGet(43)) - raft.server.log.appender.install.snapshot.enabled = false (custom)
2019-09-03 19:15:49,147 [pool-77-thread-1] INFO  impl.RaftServerImpl (ServerState.java:<init>(105)) - c493b4b3-cebb-4892-b879-a25efd5348e1:group-9B53B19CA5A6 ConfigurationManager, init=-1: [c493b4b3-cebb-4892-b879-a25efd5348e1:192.168.36.111:37988], old=null, confs=<EMPTY_MAP>
2019-09-03 19:15:49,147 [pool-77-thread-1] INFO  server.RaftServerConfigKeys (ConfUtils.java:logGet(43)) - raft.server.storage.dir = [/workdir/hadoop-ozone/integration-test/target/test-dir/MiniOzoneClusterImpl-50949d89-65ee-463c-9ac0-9cef6a8092fe/datanode-5/data/ratis] (custom)
2019-09-03 19:15:49,148 [pool-77-thread-1] INFO  storage.RaftStorageDirectory (RaftStorageDirectory.java:analyzeStorage(246)) - The storage directory /workdir/hadoop-ozone/integration-test/target/test-dir/MiniOzoneClusterImpl-50949d89-65ee-463c-9ac0-9cef6a8092fe/datanode-5/data/ratis/d013e85c-43a3-45f5-8378-9b53b19ca5a6 does not exist. Creating ...
2019-09-03 19:15:49,162 [pool-77-thread-1] INFO  storage.RaftStorageDirectory (RaftStorageDirectory.java:tryLock(328)) - Lock on /workdir/hadoop-ozone/integration-test/target/test-dir/MiniOzoneClusterImpl-50949d89-65ee-463c-9ac0-9cef6a8092fe/datanode-5/data/ratis/d013e85c-43a3-45f5-8378-9b53b19ca5a6/in_use.lock acquired by nodename 21940@pr-hdds-1200-xgh2h-450883189
2019-09-03 19:15:49,176 [pool-77-thread-1] INFO  storage.RaftStorage (RaftStorage.java:format(72)) - Storage directory /workdir/hadoop-ozone/integration-test/target/test-dir/MiniOzoneClusterImpl-50949d89-65ee-463c-9ac0-9cef6a8092fe/datanode-5/data/ratis/d013e85c-43a3-45f5-8378-9b53b19ca5a6 has been successfully formatted.
2019-09-03 19:15:49,176 [pool-77-thread-1] INFO  ratis.ContainerStateMachine (ContainerStateMachine.java:loadSnapshot(227)) - group-9B53B19CA5A6: The snapshot info is null. Setting the last applied indexto:(t:0, i:~)
2019-09-03 19:15:49,177 [pool-77-thread-1] INFO  server.RaftServerConfigKeys (ConfUtils.java:logGet(43)) - raft.server.leader.election.timeout = 120s (custom)
2019-09-03 19:15:49,177 [pool-77-thread-1] INFO  server.RaftServerConfigKeys (ConfUtils.java:logGet(43)) - raft.server.log.use.memory = false (default)
2019-09-03 19:15:49,177 [pool-77-thread-1] INFO  server.RaftServerConfigKeys (ConfUtils.java:logGet(43)) - raft.server.log.purge.gap = 1000000 (custom)
2019-09-03 19:15:49,177 [pool-77-thread-1] INFO  server.RaftServerConfigKeys (ConfUtils.java:logGet(43)) - raft.server.log.appender.buffer.byte-limit = 33554432 (custom)
2019-09-03 19:15:49,177 [pool-77-thread-1] INFO  server.RaftServerConfigKeys (ConfUtils.java:logGet(43)) - raft.server.log.segment.size.max = 1048576 (custom)
2019-09-03 19:15:49,177 [pool-77-thread-1] INFO  server.RaftServerConfigKeys (ConfUtils.java:logGet(43)) - raft.server.log.segment.cache.num.max = 2 (custom)
2019-09-03 19:15:49,178 [pool-77-thread-1] INFO  segmented.SegmentedRaftLogWorker (SegmentedRaftLogWorker.java:<init>(172)) - new c493b4b3-cebb-4892-b879-a25efd5348e1-SegmentedRaftLogWorker:Storage Directory /workdir/hadoop-ozone/integration-test/target/test-dir/MiniOzoneClusterImpl-50949d89-65ee-463c-9ac0-9cef6a8092fe/datanode-5/data/ratis/d013e85c-43a3-45f5-8378-9b53b19ca5a6 for RaftStorage:Storage Directory /workdir/hadoop-ozone/integration-test/target/test-dir/MiniOzoneClusterImpl-50949d89-65ee-463c-9ac0-9cef6a8092fe/datanode-5/data/ratis/d013e85c-43a3-45f5-8378-9b53b19ca5a6
2019-09-03 19:15:49,178 [pool-77-thread-1] INFO  server.RaftServerConfigKeys (ConfUtils.java:logGet(43)) - raft.server.log.queue.byte-limit = 2147483647 (custom)
2019-09-03 19:15:49,178 [pool-77-thread-1] INFO  server.RaftServerConfigKeys (ConfUtils.java:logGet(43)) - raft.server.log.queue.element-limit = 1024 (custom)
2019-09-03 19:15:49,178 [pool-77-thread-1] INFO  server.RaftServerConfigKeys (ConfUtils.java:logGet(43)) - raft.server.log.segment.size.max = 1048576 (custom)
2019-09-03 19:15:49,178 [pool-77-thread-1] INFO  server.RaftServerConfigKeys (ConfUtils.java:logGet(43)) - raft.server.log.preallocated.size = 16384 (custom)
2019-09-03 19:15:49,178 [pool-77-thread-1] INFO  server.RaftServerConfigKeys (ConfUtils.java:logGet(43)) - raft.server.log.write.buffer.size = 33554432 (custom)
2019-09-03 19:15:49,179 [pool-77-thread-1] INFO  server.RaftServerConfigKeys (ConfUtils.java:logGet(43)) - raft.server.log.force.sync.num = 128 (default)
2019-09-03 19:15:49,179 [pool-77-thread-1] INFO  server.RaftServerConfigKeys (ConfUtils.java:logGet(43)) - raft.server.log.statemachine.data.sync = true (default)
2019-09-03 19:15:49,179 [pool-77-thread-1] INFO  server.RaftServerConfigKeys (ConfUtils.java:logGet(43)) - raft.server.log.statemachine.data.sync.timeout = 10s (default)
2019-09-03 19:15:49,179 [pool-77-thread-1] INFO  server.RaftServerConfigKeys (ConfUtils.java:logGet(43)) - raft.server.log.statemachine.data.sync.timeout.retry = -1 (default)
2019-09-03 19:15:49,179 [pool-77-thread-1] INFO  server.RaftServerConfigKeys (ConfUtils.java:logGet(43)) - raft.server.log.statemachine.data.caching.enabled = true (custom)
2019-09-03 19:15:49,180 [pool-77-thread-1] INFO  segmented.SegmentedRaftLogWorker (SegmentedRaftLogWorker.java:lambda$new$0(132)) - c493b4b3-cebb-4892-b879-a25efd5348e1-SegmentedRaftLogWorker:Storage Directory /workdir/hadoop-ozone/integration-test/target/test-dir/MiniOzoneClusterImpl-50949d89-65ee-463c-9ac0-9cef6a8092fe/datanode-5/data/ratis/d013e85c-43a3-45f5-8378-9b53b19ca5a6: flushIndex: setUnconditionally 0 -> -1
2019-09-03 19:15:49,180 [pool-77-thread-1] INFO  server.RaftServerConfigKeys (ConfUtils.java:logGet(43)) - raft.server.snapshot.auto.trigger.enabled = true (custom)
2019-09-03 19:15:49,180 [pool-77-thread-1] INFO  server.RaftServerConfigKeys (ConfUtils.java:logGet(43)) - raft.server.snapshot.auto.trigger.threshold = 10000 (custom)
2019-09-03 19:15:49,180 [pool-77-thread-1] INFO  server.RaftServerConfigKeys (ConfUtils.java:logGet(43)) - raft.server.retrycache.expirytime = 600000ms (custom)
2019-09-03 19:15:49,181 [pool-77-thread-1] INFO  impl.RaftServerImpl (RaftServerImpl.java:start(180)) - c493b4b3-cebb-4892-b879-a25efd5348e1: start group-9B53B19CA5A6
2019-09-03 19:15:49,181 [pool-77-thread-1] INFO  impl.RaftServerImpl (RaftServerImpl.java:setRole(171)) - c493b4b3-cebb-4892-b879-a25efd5348e1:group-9B53B19CA5A6 changes role from null to FOLLOWER at term 0 for startAsFollower
2019-09-03 19:15:49,181 [pool-77-thread-1] INFO  impl.RoleInfo (RoleInfo.java:updateAndGet(143)) - c493b4b3-cebb-4892-b879-a25efd5348e1: start FollowerState
2019-09-03 19:15:49,181 [pool-77-thread-1] INFO  util.JmxRegister (JmxRegister.java:tryRegister(44)) - Successfully registered JMX Bean with object name Ratis:service=RaftServer,group=group-9B53B19CA5A6,id=c493b4b3-cebb-4892-b879-a25efd5348e1
2019-09-03 19:15:49,196 [RatisPipelineUtilsThread] INFO  pipeline.PipelineStateManager (PipelineStateManager.java:addPipeline(56)) - Created pipeline Pipeline[ Id: d013e85c-43a3-45f5-8378-9b53b19ca5a6, Nodes: c493b4b3-cebb-4892-b879-a25efd5348e1{ip: 192.168.36.111, host: pr-hdds-1200-xgh2h-450883189, networkLocation: /default-rack, certSerialId: null}, Type:RATIS, Factor:ONE, State:OPEN]
2019-09-03 19:15:49,234 [grpc-default-executor-0] INFO  impl.RaftServerProxy (RaftServerProxy.java:addNew(89)) - 4cbc4ef8-b38a-42da-baa5-927a64bc0217: addNew group-63B1919ED310:[4cbc4ef8-b38a-42da-baa5-927a64bc0217:192.168.36.111:39256, c2cced2c-a5fa-4c5c-8090-f9d7b3a4cc37:192.168.36.111:38974, 44cf7b35-669b-40df-948d-f1dd5cc3dccb:192.168.36.111:35273] returns group-63B1919ED310:java.util.concurrent.CompletableFuture@7cf761b5[Not completed]
2019-09-03 19:15:49,234 [grpc-default-executor-2] INFO  impl.RaftServerProxy (RaftServerProxy.java:addNew(89)) - 44cf7b35-669b-40df-948d-f1dd5cc3dccb: addNew group-63B1919ED310:[4cbc4ef8-b38a-42da-baa5-927a64bc0217:192.168.36.111:39256, c2cced2c-a5fa-4c5c-8090-f9d7b3a4cc37:192.168.36.111:38974, 44cf7b35-669b-40df-948d-f1dd5cc3dccb:192.168.36.111:35273] returns group-63B1919ED310:java.util.concurrent.CompletableFuture@1cafced5[Not completed]
2019-09-03 19:15:49,234 [grpc-default-executor-1] INFO  impl.RaftServerProxy (RaftServerProxy.java:addNew(89)) - c2cced2c-a5fa-4c5c-8090-f9d7b3a4cc37: addNew group-63B1919ED310:[4cbc4ef8-b38a-42da-baa5-927a64bc0217:192.168.36.111:39256, c2cced2c-a5fa-4c5c-8090-f9d7b3a4cc37:192.168.36.111:38974, 44cf7b35-669b-40df-948d-f1dd5cc3dccb:192.168.36.111:35273] returns group-63B1919ED310:java.util.concurrent.CompletableFuture@7658ee77[Not completed]
2019-09-03 19:15:49,236 [pool-67-thread-1] INFO  impl.RaftServerImpl (RaftServerImpl.java:<init>(93)) - c2cced2c-a5fa-4c5c-8090-f9d7b3a4cc37: new RaftServerImpl for group-63B1919ED310:[4cbc4ef8-b38a-42da-baa5-927a64bc0217:192.168.36.111:39256, c2cced2c-a5fa-4c5c-8090-f9d7b3a4cc37:192.168.36.111:38974, 44cf7b35-669b-40df-948d-f1dd5cc3dccb:192.168.36.111:35273] with ContainerStateMachine:uninitialized
2019-09-03 19:15:49,236 [pool-67-thread-1] INFO  server.RaftServerConfigKeys (ConfUtils.java:logGet(43)) - raft.server.rpc.timeout.min = 5s (custom)
2019-09-03 19:15:49,236 [pool-67-thread-1] INFO  server.RaftServerConfigKeys (ConfUtils.java:logGet(43)) - raft.server.rpc.timeout.max = 5200ms (custom)
2019-09-03 19:15:49,236 [pool-67-thread-1] INFO  server.RaftServerConfigKeys (ConfUtils.java:logGet(43)) - raft.server.rpcslowness.timeout = 120s (custom)
2019-09-03 19:15:49,236 [pool-67-thread-1] INFO  server.RaftServerConfigKeys (ConfUtils.java:logGet(43)) - raft.server.sleep.deviation.threshold = 300 (default)
2019-09-03 19:15:49,236 [pool-67-thread-1] INFO  server.RaftServerConfigKeys (ConfUtils.java:logGet(43)) - raft.server.log.appender.install.snapshot.enabled = false (custom)
2019-09-03 19:15:49,237 [pool-67-thread-1] INFO  impl.RaftServerImpl (ServerState.java:<init>(105)) - c2cced2c-a5fa-4c5c-8090-f9d7b3a4cc37:group-63B1919ED310 ConfigurationManager, init=-1: [4cbc4ef8-b38a-42da-baa5-927a64bc0217:192.168.36.111:39256, c2cced2c-a5fa-4c5c-8090-f9d7b3a4cc37:192.168.36.111:38974, 44cf7b35-669b-40df-948d-f1dd5cc3dccb:192.168.36.111:35273], old=null, confs=<EMPTY_MAP>
2019-09-03 19:15:49,237 [pool-67-thread-1] INFO  server.RaftServerConfigKeys (ConfUtils.java:logGet(43)) - raft.server.storage.dir = [/workdir/hadoop-ozone/integration-test/target/test-dir/MiniOzoneClusterImpl-50949d89-65ee-463c-9ac0-9cef6a8092fe/datanode-4/data/ratis] (custom)
2019-09-03 19:15:49,237 [pool-67-thread-1] INFO  storage.RaftStorageDirectory (RaftStorageDirectory.java:analyzeStorage(246)) - The storage directory /workdir/hadoop-ozone/integration-test/target/test-dir/MiniOzoneClusterImpl-50949d89-65ee-463c-9ac0-9cef6a8092fe/datanode-4/data/ratis/7aef16a0-8639-4558-a6ca-63b1919ed310 does not exist. Creating ...
2019-09-03 19:15:49,238 [pool-47-thread-1] INFO  impl.RaftServerImpl (RaftServerImpl.java:<init>(93)) - 4cbc4ef8-b38a-42da-baa5-927a64bc0217: new RaftServerImpl for group-63B1919ED310:[4cbc4ef8-b38a-42da-baa5-927a64bc0217:192.168.36.111:39256, c2cced2c-a5fa-4c5c-8090-f9d7b3a4cc37:192.168.36.111:38974, 44cf7b35-669b-40df-948d-f1dd5cc3dccb:192.168.36.111:35273] with ContainerStateMachine:uninitialized
2019-09-03 19:15:49,238 [pool-47-thread-1] INFO  server.RaftServerConfigKeys (ConfUtils.java:logGet(43)) - raft.server.rpc.timeout.min = 5s (custom)
2019-09-03 19:15:49,238 [pool-47-thread-1] INFO  server.RaftServerConfigKeys (ConfUtils.java:logGet(43)) - raft.server.rpc.timeout.max = 5200ms (custom)
2019-09-03 19:15:49,238 [pool-47-thread-1] INFO  server.RaftServerConfigKeys (ConfUtils.java:logGet(43)) - raft.server.rpcslowness.timeout = 120s (custom)
2019-09-03 19:15:49,239 [pool-47-thread-1] INFO  server.RaftServerConfigKeys (ConfUtils.java:logGet(43)) - raft.server.sleep.deviation.threshold = 300 (default)
2019-09-03 19:15:49,239 [pool-47-thread-1] INFO  server.RaftServerConfigKeys (ConfUtils.java:logGet(43)) - raft.server.log.appender.install.snapshot.enabled = false (custom)
2019-09-03 19:15:49,239 [pool-37-thread-1] INFO  impl.RaftServerImpl (RaftServerImpl.java:<init>(93)) - 44cf7b35-669b-40df-948d-f1dd5cc3dccb: new RaftServerImpl for group-63B1919ED310:[4cbc4ef8-b38a-42da-baa5-927a64bc0217:192.168.36.111:39256, c2cced2c-a5fa-4c5c-8090-f9d7b3a4cc37:192.168.36.111:38974, 44cf7b35-669b-40df-948d-f1dd5cc3dccb:192.168.36.111:35273] with ContainerStateMachine:uninitialized
2019-09-03 19:15:49,239 [pool-47-thread-1] INFO  impl.RaftServerImpl (ServerState.java:<init>(105)) - 4cbc4ef8-b38a-42da-baa5-927a64bc0217:group-63B1919ED310 ConfigurationManager, init=-1: [4cbc4ef8-b38a-42da-baa5-927a64bc0217:192.168.36.111:39256, c2cced2c-a5fa-4c5c-8090-f9d7b3a4cc37:192.168.36.111:38974, 44cf7b35-669b-40df-948d-f1dd5cc3dccb:192.168.36.111:35273], old=null, confs=<EMPTY_MAP>
2019-09-03 19:15:49,239 [pool-37-thread-1] INFO  server.RaftServerConfigKeys (ConfUtils.java:logGet(43)) - raft.server.rpc.timeout.min = 5s (custom)
2019-09-03 19:15:49,239 [pool-47-thread-1] INFO  server.RaftServerConfigKeys (ConfUtils.java:logGet(43)) - raft.server.storage.dir = [/workdir/hadoop-ozone/integration-test/target/test-dir/MiniOzoneClusterImpl-50949d89-65ee-463c-9ac0-9cef6a8092fe/datanode-2/data/ratis] (custom)
2019-09-03 19:15:49,239 [pool-37-thread-1] INFO  server.RaftServerConfigKeys (ConfUtils.java:logGet(43)) - raft.server.rpc.timeout.max = 5200ms (custom)
2019-09-03 19:15:49,240 [pool-37-thread-1] INFO  server.RaftServerConfigKeys (ConfUtils.java:logGet(43)) - raft.server.rpcslowness.timeout = 120s (custom)
2019-09-03 19:15:49,240 [pool-37-thread-1] INFO  server.RaftServerConfigKeys (ConfUtils.java:logGet(43)) - raft.server.sleep.deviation.threshold = 300 (default)
2019-09-03 19:15:49,240 [pool-47-thread-1] INFO  storage.RaftStorageDirectory (RaftStorageDirectory.java:analyzeStorage(246)) - The storage directory /workdir/hadoop-ozone/integration-test/target/test-dir/MiniOzoneClusterImpl-50949d89-65ee-463c-9ac0-9cef6a8092fe/datanode-2/data/ratis/7aef16a0-8639-4558-a6ca-63b1919ed310 does not exist. Creating ...
2019-09-03 19:15:49,240 [pool-37-thread-1] INFO  server.RaftServerConfigKeys (ConfUtils.java:logGet(43)) - raft.server.log.appender.install.snapshot.enabled = false (custom)
2019-09-03 19:15:49,241 [pool-37-thread-1] INFO  impl.RaftServerImpl (ServerState.java:<init>(105)) - 44cf7b35-669b-40df-948d-f1dd5cc3dccb:group-63B1919ED310 ConfigurationManager, init=-1: [4cbc4ef8-b38a-42da-baa5-927a64bc0217:192.168.36.111:39256, c2cced2c-a5fa-4c5c-8090-f9d7b3a4cc37:192.168.36.111:38974, 44cf7b35-669b-40df-948d-f1dd5cc3dccb:192.168.36.111:35273], old=null, confs=<EMPTY_MAP>
2019-09-03 19:15:49,241 [pool-37-thread-1] INFO  server.RaftServerConfigKeys (ConfUtils.java:logGet(43)) - raft.server.storage.dir = [/workdir/hadoop-ozone/integration-test/target/test-dir/MiniOzoneClusterImpl-50949d89-65ee-463c-9ac0-9cef6a8092fe/datanode-1/data/ratis] (custom)
2019-09-03 19:15:49,241 [pool-37-thread-1] INFO  storage.RaftStorageDirectory (RaftStorageDirectory.java:analyzeStorage(246)) - The storage directory /workdir/hadoop-ozone/integration-test/target/test-dir/MiniOzoneClusterImpl-50949d89-65ee-463c-9ac0-9cef6a8092fe/datanode-1/data/ratis/7aef16a0-8639-4558-a6ca-63b1919ed310 does not exist. Creating ...
2019-09-03 19:15:49,251 [pool-47-thread-1] INFO  storage.RaftStorageDirectory (RaftStorageDirectory.java:tryLock(328)) - Lock on /workdir/hadoop-ozone/integration-test/target/test-dir/MiniOzoneClusterImpl-50949d89-65ee-463c-9ac0-9cef6a8092fe/datanode-2/data/ratis/7aef16a0-8639-4558-a6ca-63b1919ed310/in_use.lock acquired by nodename 21940@pr-hdds-1200-xgh2h-450883189
2019-09-03 19:15:49,251 [pool-37-thread-1] INFO  storage.RaftStorageDirectory (RaftStorageDirectory.java:tryLock(328)) - Lock on /workdir/hadoop-ozone/integration-test/target/test-dir/MiniOzoneClusterImpl-50949d89-65ee-463c-9ac0-9cef6a8092fe/datanode-1/data/ratis/7aef16a0-8639-4558-a6ca-63b1919ed310/in_use.lock acquired by nodename 21940@pr-hdds-1200-xgh2h-450883189
2019-09-03 19:15:49,251 [pool-67-thread-1] INFO  storage.RaftStorageDirectory (RaftStorageDirectory.java:tryLock(328)) - Lock on /workdir/hadoop-ozone/integration-test/target/test-dir/MiniOzoneClusterImpl-50949d89-65ee-463c-9ac0-9cef6a8092fe/datanode-4/data/ratis/7aef16a0-8639-4558-a6ca-63b1919ed310/in_use.lock acquired by nodename 21940@pr-hdds-1200-xgh2h-450883189
2019-09-03 19:15:49,266 [pool-47-thread-1] INFO  storage.RaftStorage (RaftStorage.java:format(72)) - Storage directory /workdir/hadoop-ozone/integration-test/target/test-dir/MiniOzoneClusterImpl-50949d89-65ee-463c-9ac0-9cef6a8092fe/datanode-2/data/ratis/7aef16a0-8639-4558-a6ca-63b1919ed310 has been successfully formatted.
2019-09-03 19:15:49,266 [pool-37-thread-1] INFO  storage.RaftStorage (RaftStorage.java:format(72)) - Storage directory /workdir/hadoop-ozone/integration-test/target/test-dir/MiniOzoneClusterImpl-50949d89-65ee-463c-9ac0-9cef6a8092fe/datanode-1/data/ratis/7aef16a0-8639-4558-a6ca-63b1919ed310 has been successfully formatted.
2019-09-03 19:15:49,266 [pool-47-thread-1] INFO  ratis.ContainerStateMachine (ContainerStateMachine.java:loadSnapshot(227)) - group-63B1919ED310: The snapshot info is null. Setting the last applied indexto:(t:0, i:~)
2019-09-03 19:15:49,266 [pool-67-thread-1] INFO  storage.RaftStorage (RaftStorage.java:format(72)) - Storage directory /workdir/hadoop-ozone/integration-test/target/test-dir/MiniOzoneClusterImpl-50949d89-65ee-463c-9ac0-9cef6a8092fe/datanode-4/data/ratis/7aef16a0-8639-4558-a6ca-63b1919ed310 has been successfully formatted.
2019-09-03 19:15:49,266 [pool-37-thread-1] INFO  ratis.ContainerStateMachine (ContainerStateMachine.java:loadSnapshot(227)) - group-63B1919ED310: The snapshot info is null. Setting the last applied indexto:(t:0, i:~)
2019-09-03 19:15:49,266 [pool-47-thread-1] INFO  server.RaftServerConfigKeys (ConfUtils.java:logGet(43)) - raft.server.leader.election.timeout = 120s (custom)
2019-09-03 19:15:49,266 [pool-37-thread-1] INFO  server.RaftServerConfigKeys (ConfUtils.java:logGet(43)) - raft.server.leader.election.timeout = 120s (custom)
2019-09-03 19:15:49,266 [pool-67-thread-1] INFO  ratis.ContainerStateMachine (ContainerStateMachine.java:loadSnapshot(227)) - group-63B1919ED310: The snapshot info is null. Setting the last applied indexto:(t:0, i:~)
2019-09-03 19:15:49,267 [pool-37-thread-1] INFO  server.RaftServerConfigKeys (ConfUtils.java:logGet(43)) - raft.server.log.use.memory = false (default)
2019-09-03 19:15:49,267 [pool-47-thread-1] INFO  server.RaftServerConfigKeys (ConfUtils.java:logGet(43)) - raft.server.log.use.memory = false (default)
2019-09-03 19:15:49,267 [pool-37-thread-1] INFO  server.RaftServerConfigKeys (ConfUtils.java:logGet(43)) - raft.server.log.purge.gap = 1000000 (custom)
2019-09-03 19:15:49,267 [pool-67-thread-1] INFO  server.RaftServerConfigKeys (ConfUtils.java:logGet(43)) - raft.server.leader.election.timeout = 120s (custom)
2019-09-03 19:15:49,267 [pool-37-thread-1] INFO  server.RaftServerConfigKeys (ConfUtils.java:logGet(43)) - raft.server.log.appender.buffer.byte-limit = 33554432 (custom)
2019-09-03 19:15:49,267 [pool-47-thread-1] INFO  server.RaftServerConfigKeys (ConfUtils.java:logGet(43)) - raft.server.log.purge.gap = 1000000 (custom)
2019-09-03 19:15:49,268 [pool-37-thread-1] INFO  server.RaftServerConfigKeys (ConfUtils.java:logGet(43)) - raft.server.log.segment.size.max = 1048576 (custom)
2019-09-03 19:15:49,267 [pool-67-thread-1] INFO  server.RaftServerConfigKeys (ConfUtils.java:logGet(43)) - raft.server.log.use.memory = false (default)
2019-09-03 19:15:49,268 [pool-67-thread-1] INFO  server.RaftServerConfigKeys (ConfUtils.java:logGet(43)) - raft.server.log.purge.gap = 1000000 (custom)
2019-09-03 19:15:49,268 [pool-37-thread-1] INFO  server.RaftServerConfigKeys (ConfUtils.java:logGet(43)) - raft.server.log.segment.cache.num.max = 2 (custom)
2019-09-03 19:15:49,268 [pool-47-thread-1] INFO  server.RaftServerConfigKeys (ConfUtils.java:logGet(43)) - raft.server.log.appender.buffer.byte-limit = 33554432 (custom)
2019-09-03 19:15:49,268 [pool-37-thread-1] INFO  segmented.SegmentedRaftLogWorker (SegmentedRaftLogWorker.java:<init>(172)) - new 44cf7b35-669b-40df-948d-f1dd5cc3dccb-SegmentedRaftLogWorker:Storage Directory /workdir/hadoop-ozone/integration-test/target/test-dir/MiniOzoneClusterImpl-50949d89-65ee-463c-9ac0-9cef6a8092fe/datanode-1/data/ratis/7aef16a0-8639-4558-a6ca-63b1919ed310 for RaftStorage:Storage Directory /workdir/hadoop-ozone/integration-test/target/test-dir/MiniOzoneClusterImpl-50949d89-65ee-463c-9ac0-9cef6a8092fe/datanode-1/data/ratis/7aef16a0-8639-4558-a6ca-63b1919ed310
2019-09-03 19:15:49,268 [pool-67-thread-1] INFO  server.RaftServerConfigKeys (ConfUtils.java:logGet(43)) - raft.server.log.appender.buffer.byte-limit = 33554432 (custom)
2019-09-03 19:15:49,269 [pool-37-thread-1] INFO  server.RaftServerConfigKeys (ConfUtils.java:logGet(43)) - raft.server.log.queue.byte-limit = 2147483647 (custom)
2019-09-03 19:15:49,269 [pool-47-thread-1] INFO  server.RaftServerConfigKeys (ConfUtils.java:logGet(43)) - raft.server.log.segment.size.max = 1048576 (custom)
2019-09-03 19:15:49,270 [pool-37-thread-1] INFO  server.RaftServerConfigKeys (ConfUtils.java:logGet(43)) - raft.server.log.queue.element-limit = 1024 (custom)
2019-09-03 19:15:49,269 [pool-67-thread-1] INFO  server.RaftServerConfigKeys (ConfUtils.java:logGet(43)) - raft.server.log.segment.size.max = 1048576 (custom)
2019-09-03 19:15:49,271 [pool-37-thread-1] INFO  server.RaftServerConfigKeys (ConfUtils.java:logGet(43)) - raft.server.log.segment.size.max = 1048576 (custom)
2019-09-03 19:15:49,271 [pool-47-thread-1] INFO  server.RaftServerConfigKeys (ConfUtils.java:logGet(43)) - raft.server.log.segment.cache.num.max = 2 (custom)
2019-09-03 19:15:49,271 [pool-37-thread-1] INFO  server.RaftServerConfigKeys (ConfUtils.java:logGet(43)) - raft.server.log.preallocated.size = 16384 (custom)
2019-09-03 19:15:49,271 [pool-67-thread-1] INFO  server.RaftServerConfigKeys (ConfUtils.java:logGet(43)) - raft.server.log.segment.cache.num.max = 2 (custom)
2019-09-03 19:15:49,271 [pool-37-thread-1] INFO  server.RaftServerConfigKeys (ConfUtils.java:logGet(43)) - raft.server.log.write.buffer.size = 33554432 (custom)
2019-09-03 19:15:49,271 [pool-47-thread-1] INFO  segmented.SegmentedRaftLogWorker (SegmentedRaftLogWorker.java:<init>(172)) - new 4cbc4ef8-b38a-42da-baa5-927a64bc0217-SegmentedRaftLogWorker:Storage Directory /workdir/hadoop-ozone/integration-test/target/test-dir/MiniOzoneClusterImpl-50949d89-65ee-463c-9ac0-9cef6a8092fe/datanode-2/data/ratis/7aef16a0-8639-4558-a6ca-63b1919ed310 for RaftStorage:Storage Directory /workdir/hadoop-ozone/integration-test/target/test-dir/MiniOzoneClusterImpl-50949d89-65ee-463c-9ac0-9cef6a8092fe/datanode-2/data/ratis/7aef16a0-8639-4558-a6ca-63b1919ed310
2019-09-03 19:15:49,272 [pool-37-thread-1] INFO  server.RaftServerConfigKeys (ConfUtils.java:logGet(43)) - raft.server.log.force.sync.num = 128 (default)
2019-09-03 19:15:49,272 [pool-67-thread-1] INFO  segmented.SegmentedRaftLogWorker (SegmentedRaftLogWorker.java:<init>(172)) - new c2cced2c-a5fa-4c5c-8090-f9d7b3a4cc37-SegmentedRaftLogWorker:Storage Directory /workdir/hadoop-ozone/integration-test/target/test-dir/MiniOzoneClusterImpl-50949d89-65ee-463c-9ac0-9cef6a8092fe/datanode-4/data/ratis/7aef16a0-8639-4558-a6ca-63b1919ed310 for RaftStorage:Storage Directory /workdir/hadoop-ozone/integration-test/target/test-dir/MiniOzoneClusterImpl-50949d89-65ee-463c-9ac0-9cef6a8092fe/datanode-4/data/ratis/7aef16a0-8639-4558-a6ca-63b1919ed310
2019-09-03 19:15:49,272 [pool-37-thread-1] INFO  server.RaftServerConfigKeys (ConfUtils.java:logGet(43)) - raft.server.log.statemachine.data.sync = true (default)
2019-09-03 19:15:49,272 [pool-47-thread-1] INFO  server.RaftServerConfigKeys (ConfUtils.java:logGet(43)) - raft.server.log.queue.byte-limit = 2147483647 (custom)
2019-09-03 19:15:49,275 [pool-37-thread-1] INFO  server.RaftServerConfigKeys (ConfUtils.java:logGet(43)) - raft.server.log.statemachine.data.sync.timeout = 10s (default)
2019-09-03 19:15:49,273 [pool-67-thread-1] INFO  server.RaftServerConfigKeys (ConfUtils.java:logGet(43)) - raft.server.log.queue.byte-limit = 2147483647 (custom)
2019-09-03 19:15:49,275 [pool-37-thread-1] INFO  server.RaftServerConfigKeys (ConfUtils.java:logGet(43)) - raft.server.log.statemachine.data.sync.timeout.retry = -1 (default)
2019-09-03 19:15:49,275 [pool-47-thread-1] INFO  server.RaftServerConfigKeys (ConfUtils.java:logGet(43)) - raft.server.log.queue.element-limit = 1024 (custom)
2019-09-03 19:15:49,276 [pool-67-thread-1] INFO  server.RaftServerConfigKeys (ConfUtils.java:logGet(43)) - raft.server.log.queue.element-limit = 1024 (custom)
2019-09-03 19:15:49,276 [pool-37-thread-1] INFO  server.RaftServerConfigKeys (ConfUtils.java:logGet(43)) - raft.server.log.statemachine.data.caching.enabled = true (custom)
2019-09-03 19:15:49,276 [pool-47-thread-1] INFO  server.RaftServerConfigKeys (ConfUtils.java:logGet(43)) - raft.server.log.segment.size.max = 1048576 (custom)
2019-09-03 19:15:49,276 [pool-67-thread-1] INFO  server.RaftServerConfigKeys (ConfUtils.java:logGet(43)) - raft.server.log.segment.size.max = 1048576 (custom)
2019-09-03 19:15:49,276 [pool-47-thread-1] INFO  server.RaftServerConfigKeys (ConfUtils.java:logGet(43)) - raft.server.log.preallocated.size = 16384 (custom)
2019-09-03 19:15:49,277 [pool-67-thread-1] INFO  server.RaftServerConfigKeys (ConfUtils.java:logGet(43)) - raft.server.log.preallocated.size = 16384 (custom)
2019-09-03 19:15:49,277 [pool-37-thread-1] INFO  segmented.SegmentedRaftLogWorker (SegmentedRaftLogWorker.java:lambda$new$0(132)) - 44cf7b35-669b-40df-948d-f1dd5cc3dccb-SegmentedRaftLogWorker:Storage Directory /workdir/hadoop-ozone/integration-test/target/test-dir/MiniOzoneClusterImpl-50949d89-65ee-463c-9ac0-9cef6a8092fe/datanode-1/data/ratis/7aef16a0-8639-4558-a6ca-63b1919ed310: flushIndex: setUnconditionally 0 -> -1
2019-09-03 19:15:49,277 [pool-67-thread-1] INFO  server.RaftServerConfigKeys (ConfUtils.java:logGet(43)) - raft.server.log.write.buffer.size = 33554432 (custom)
2019-09-03 19:15:49,277 [pool-47-thread-1] INFO  server.RaftServerConfigKeys (ConfUtils.java:logGet(43)) - raft.server.log.write.buffer.size = 33554432 (custom)
2019-09-03 19:15:49,277 [pool-37-thread-1] INFO  server.RaftServerConfigKeys (ConfUtils.java:logGet(43)) - raft.server.snapshot.auto.trigger.enabled = true (custom)
2019-09-03 19:15:49,277 [pool-67-thread-1] INFO  server.RaftServerConfigKeys (ConfUtils.java:logGet(43)) - raft.server.log.force.sync.num = 128 (default)
2019-09-03 19:15:49,278 [pool-37-thread-1] INFO  server.RaftServerConfigKeys (ConfUtils.java:logGet(43)) - raft.server.snapshot.auto.trigger.threshold = 10000 (custom)
2019-09-03 19:15:49,277 [pool-47-thread-1] INFO  server.RaftServerConfigKeys (ConfUtils.java:logGet(43)) - raft.server.log.force.sync.num = 128 (default)
2019-09-03 19:15:49,278 [pool-67-thread-1] INFO  server.RaftServerConfigKeys (ConfUtils.java:logGet(43)) - raft.server.log.statemachine.data.sync = true (default)
2019-09-03 19:15:49,278 [pool-37-thread-1] INFO  server.RaftServerConfigKeys (ConfUtils.java:logGet(43)) - raft.server.retrycache.expirytime = 600000ms (custom)
2019-09-03 19:15:49,278 [pool-47-thread-1] INFO  server.RaftServerConfigKeys (ConfUtils.java:logGet(43)) - raft.server.log.statemachine.data.sync = true (default)
2019-09-03 19:15:49,278 [pool-67-thread-1] INFO  server.RaftServerConfigKeys (ConfUtils.java:logGet(43)) - raft.server.log.statemachine.data.sync.timeout = 10s (default)
2019-09-03 19:15:49,278 [pool-37-thread-1] INFO  impl.RaftServerImpl (RaftServerImpl.java:start(180)) - 44cf7b35-669b-40df-948d-f1dd5cc3dccb: start group-63B1919ED310
2019-09-03 19:15:49,278 [pool-47-thread-1] INFO  server.RaftServerConfigKeys (ConfUtils.java:logGet(43)) - raft.server.log.statemachine.data.sync.timeout = 10s (default)
2019-09-03 19:15:49,279 [pool-37-thread-1] INFO  impl.RaftServerImpl (RaftServerImpl.java:setRole(171)) - 44cf7b35-669b-40df-948d-f1dd5cc3dccb:group-63B1919ED310 changes role from null to FOLLOWER at term 0 for startAsFollower
2019-09-03 19:15:49,279 [pool-67-thread-1] INFO  server.RaftServerConfigKeys (ConfUtils.java:logGet(43)) - raft.server.log.statemachine.data.sync.timeout.retry = -1 (default)
2019-09-03 19:15:49,279 [pool-37-thread-1] INFO  impl.RoleInfo (RoleInfo.java:updateAndGet(143)) - 44cf7b35-669b-40df-948d-f1dd5cc3dccb: start FollowerState
2019-09-03 19:15:49,279 [pool-47-thread-1] INFO  server.RaftServerConfigKeys (ConfUtils.java:logGet(43)) - raft.server.log.statemachine.data.sync.timeout.retry = -1 (default)
2019-09-03 19:15:49,279 [pool-67-thread-1] INFO  server.RaftServerConfigKeys (ConfUtils.java:logGet(43)) - raft.server.log.statemachine.data.caching.enabled = true (custom)
2019-09-03 19:15:49,279 [pool-47-thread-1] INFO  server.RaftServerConfigKeys (ConfUtils.java:logGet(43)) - raft.server.log.statemachine.data.caching.enabled = true (custom)
2019-09-03 19:15:49,280 [pool-37-thread-1] INFO  util.JmxRegister (JmxRegister.java:tryRegister(44)) - Successfully registered JMX Bean with object name Ratis:service=RaftServer,group=group-63B1919ED310,id=44cf7b35-669b-40df-948d-f1dd5cc3dccb
2019-09-03 19:15:49,280 [pool-67-thread-1] INFO  segmented.SegmentedRaftLogWorker (SegmentedRaftLogWorker.java:lambda$new$0(132)) - c2cced2c-a5fa-4c5c-8090-f9d7b3a4cc37-SegmentedRaftLogWorker:Storage Directory /workdir/hadoop-ozone/integration-test/target/test-dir/MiniOzoneClusterImpl-50949d89-65ee-463c-9ac0-9cef6a8092fe/datanode-4/data/ratis/7aef16a0-8639-4558-a6ca-63b1919ed310: flushIndex: setUnconditionally 0 -> -1
2019-09-03 19:15:49,280 [pool-47-thread-1] INFO  segmented.SegmentedRaftLogWorker (SegmentedRaftLogWorker.java:lambda$new$0(132)) - 4cbc4ef8-b38a-42da-baa5-927a64bc0217-SegmentedRaftLogWorker:Storage Directory /workdir/hadoop-ozone/integration-test/target/test-dir/MiniOzoneClusterImpl-50949d89-65ee-463c-9ac0-9cef6a8092fe/datanode-2/data/ratis/7aef16a0-8639-4558-a6ca-63b1919ed310: flushIndex: setUnconditionally 0 -> -1
2019-09-03 19:15:49,280 [pool-67-thread-1] INFO  server.RaftServerConfigKeys (ConfUtils.java:logGet(43)) - raft.server.snapshot.auto.trigger.enabled = true (custom)
2019-09-03 19:15:49,280 [pool-47-thread-1] INFO  server.RaftServerConfigKeys (ConfUtils.java:logGet(43)) - raft.server.snapshot.auto.trigger.enabled = true (custom)
2019-09-03 19:15:49,280 [pool-67-thread-1] INFO  server.RaftServerConfigKeys (ConfUtils.java:logGet(43)) - raft.server.snapshot.auto.trigger.threshold = 10000 (custom)
2019-09-03 19:15:49,280 [pool-47-thread-1] INFO  server.RaftServerConfigKeys (ConfUtils.java:logGet(43)) - raft.server.snapshot.auto.trigger.threshold = 10000 (custom)
2019-09-03 19:15:49,281 [pool-67-thread-1] INFO  server.RaftServerConfigKeys (ConfUtils.java:logGet(43)) - raft.server.retrycache.expirytime = 600000ms (custom)
2019-09-03 19:15:49,281 [pool-47-thread-1] INFO  server.RaftServerConfigKeys (ConfUtils.java:logGet(43)) - raft.server.retrycache.expirytime = 600000ms (custom)
2019-09-03 19:15:49,281 [pool-67-thread-1] INFO  impl.RaftServerImpl (RaftServerImpl.java:start(180)) - c2cced2c-a5fa-4c5c-8090-f9d7b3a4cc37: start group-63B1919ED310
2019-09-03 19:15:49,281 [pool-47-thread-1] INFO  impl.RaftServerImpl (RaftServerImpl.java:start(180)) - 4cbc4ef8-b38a-42da-baa5-927a64bc0217: start group-63B1919ED310
2019-09-03 19:15:49,281 [pool-67-thread-1] INFO  impl.RaftServerImpl (RaftServerImpl.java:setRole(171)) - c2cced2c-a5fa-4c5c-8090-f9d7b3a4cc37:group-63B1919ED310 changes role from null to FOLLOWER at term 0 for startAsFollower
2019-09-03 19:15:49,281 [pool-47-thread-1] INFO  impl.RaftServerImpl (RaftServerImpl.java:setRole(171)) - 4cbc4ef8-b38a-42da-baa5-927a64bc0217:group-63B1919ED310 changes role from null to FOLLOWER at term 0 for startAsFollower
2019-09-03 19:15:49,281 [pool-67-thread-1] INFO  impl.RoleInfo (RoleInfo.java:updateAndGet(143)) - c2cced2c-a5fa-4c5c-8090-f9d7b3a4cc37: start FollowerState
2019-09-03 19:15:49,282 [pool-47-thread-1] INFO  impl.RoleInfo (RoleInfo.java:updateAndGet(143)) - 4cbc4ef8-b38a-42da-baa5-927a64bc0217: start FollowerState
2019-09-03 19:15:49,283 [pool-47-thread-1] INFO  util.JmxRegister (JmxRegister.java:tryRegister(44)) - Successfully registered JMX Bean with object name Ratis:service=RaftServer,group=group-63B1919ED310,id=4cbc4ef8-b38a-42da-baa5-927a64bc0217
2019-09-03 19:15:49,283 [pool-67-thread-1] INFO  util.JmxRegister (JmxRegister.java:tryRegister(44)) - Successfully registered JMX Bean with object name Ratis:service=RaftServer,group=group-63B1919ED310,id=c2cced2c-a5fa-4c5c-8090-f9d7b3a4cc37
2019-09-03 19:15:49,300 [RatisPipelineUtilsThread] INFO  pipeline.PipelineStateManager (PipelineStateManager.java:addPipeline(56)) - Created pipeline Pipeline[ Id: 7aef16a0-8639-4558-a6ca-63b1919ed310, Nodes: 4cbc4ef8-b38a-42da-baa5-927a64bc0217{ip: 192.168.36.111, host: pr-hdds-1200-xgh2h-450883189, networkLocation: /default-rack, certSerialId: null}c2cced2c-a5fa-4c5c-8090-f9d7b3a4cc37{ip: 192.168.36.111, host: pr-hdds-1200-xgh2h-450883189, networkLocation: /default-rack, certSerialId: null}44cf7b35-669b-40df-948d-f1dd5cc3dccb{ip: 192.168.36.111, host: pr-hdds-1200-xgh2h-450883189, networkLocation: /default-rack, certSerialId: null}, Type:RATIS, Factor:THREE, State:OPEN]
2019-09-03 19:15:49,325 [grpc-default-executor-0] INFO  impl.RaftServerProxy (RaftServerProxy.java:addNew(89)) - 7fbfd930-315e-4dda-a09d-757ef11043e1: addNew group-A412D6A07EE1:[7fbfd930-315e-4dda-a09d-757ef11043e1:192.168.36.111:40821, 015a1f9e-984b-40a0-8c74-d24906177fee:192.168.36.111:33327, 4ebfd344-ca94-4a63-bd37-0865b7f24224:192.168.36.111:37147] returns group-A412D6A07EE1:java.util.concurrent.CompletableFuture@50299783[Not completed]
2019-09-03 19:15:49,329 [grpc-default-executor-0] INFO  impl.RaftServerProxy (RaftServerProxy.java:addNew(89)) - 015a1f9e-984b-40a0-8c74-d24906177fee: addNew group-A412D6A07EE1:[7fbfd930-315e-4dda-a09d-757ef11043e1:192.168.36.111:40821, 015a1f9e-984b-40a0-8c74-d24906177fee:192.168.36.111:33327, 4ebfd344-ca94-4a63-bd37-0865b7f24224:192.168.36.111:37147] returns group-A412D6A07EE1:java.util.concurrent.CompletableFuture@11aea451[Not completed]
2019-09-03 19:15:49,329 [grpc-default-executor-2] INFO  impl.RaftServerProxy (RaftServerProxy.java:addNew(89)) - 4ebfd344-ca94-4a63-bd37-0865b7f24224: addNew group-A412D6A07EE1:[7fbfd930-315e-4dda-a09d-757ef11043e1:192.168.36.111:40821, 015a1f9e-984b-40a0-8c74-d24906177fee:192.168.36.111:33327, 4ebfd344-ca94-4a63-bd37-0865b7f24224:192.168.36.111:37147] returns group-A412D6A07EE1:java.util.concurrent.CompletableFuture@5d92c4ee[Not completed]
2019-09-03 19:15:49,329 [pool-57-thread-1] INFO  impl.RaftServerImpl (RaftServerImpl.java:<init>(93)) - 7fbfd930-315e-4dda-a09d-757ef11043e1: new RaftServerImpl for group-A412D6A07EE1:[7fbfd930-315e-4dda-a09d-757ef11043e1:192.168.36.111:40821, 015a1f9e-984b-40a0-8c74-d24906177fee:192.168.36.111:33327, 4ebfd344-ca94-4a63-bd37-0865b7f24224:192.168.36.111:37147] with ContainerStateMachine:uninitialized
2019-09-03 19:15:49,331 [pool-57-thread-1] INFO  server.RaftServerConfigKeys (ConfUtils.java:logGet(43)) - raft.server.rpc.timeout.min = 5s (custom)
2019-09-03 19:15:49,331 [pool-57-thread-1] INFO  server.RaftServerConfigKeys (ConfUtils.java:logGet(43)) - raft.server.rpc.timeout.max = 5200ms (custom)
2019-09-03 19:15:49,332 [pool-57-thread-1] INFO  server.RaftServerConfigKeys (ConfUtils.java:logGet(43)) - raft.server.rpcslowness.timeout = 120s (custom)
2019-09-03 19:15:49,332 [pool-57-thread-1] INFO  server.RaftServerConfigKeys (ConfUtils.java:logGet(43)) - raft.server.sleep.deviation.threshold = 300 (default)
2019-09-03 19:15:49,332 [pool-57-thread-1] INFO  server.RaftServerConfigKeys (ConfUtils.java:logGet(43)) - raft.server.log.appender.install.snapshot.enabled = false (custom)
2019-09-03 19:15:49,332 [pool-57-thread-1] INFO  impl.RaftServerImpl (ServerState.java:<init>(105)) - 7fbfd930-315e-4dda-a09d-757ef11043e1:group-A412D6A07EE1 ConfigurationManager, init=-1: [7fbfd930-315e-4dda-a09d-757ef11043e1:192.168.36.111:40821, 015a1f9e-984b-40a0-8c74-d24906177fee:192.168.36.111:33327, 4ebfd344-ca94-4a63-bd37-0865b7f24224:192.168.36.111:37147], old=null, confs=<EMPTY_MAP>
2019-09-03 19:15:49,332 [pool-57-thread-1] INFO  server.RaftServerConfigKeys (ConfUtils.java:logGet(43)) - raft.server.storage.dir = [/workdir/hadoop-ozone/integration-test/target/test-dir/MiniOzoneClusterImpl-50949d89-65ee-463c-9ac0-9cef6a8092fe/datanode-3/data/ratis] (custom)
2019-09-03 19:15:49,333 [pool-27-thread-1] INFO  impl.RaftServerImpl (RaftServerImpl.java:<init>(93)) - 4ebfd344-ca94-4a63-bd37-0865b7f24224: new RaftServerImpl for group-A412D6A07EE1:[7fbfd930-315e-4dda-a09d-757ef11043e1:192.168.36.111:40821, 015a1f9e-984b-40a0-8c74-d24906177fee:192.168.36.111:33327, 4ebfd344-ca94-4a63-bd37-0865b7f24224:192.168.36.111:37147] with ContainerStateMachine:uninitialized
2019-09-03 19:15:49,333 [pool-57-thread-1] INFO  storage.RaftStorageDirectory (RaftStorageDirectory.java:analyzeStorage(246)) - The storage directory /workdir/hadoop-ozone/integration-test/target/test-dir/MiniOzoneClusterImpl-50949d89-65ee-463c-9ac0-9cef6a8092fe/datanode-3/data/ratis/c118cba3-10c4-40d5-89af-a412d6a07ee1 does not exist. Creating ...
2019-09-03 19:15:49,333 [pool-27-thread-1] INFO  server.RaftServerConfigKeys (ConfUtils.java:logGet(43)) - raft.server.rpc.timeout.min = 5s (custom)
2019-09-03 19:15:49,333 [pool-27-thread-1] INFO  server.RaftServerConfigKeys (ConfUtils.java:logGet(43)) - raft.server.rpc.timeout.max = 5200ms (custom)
2019-09-03 19:15:49,333 [pool-27-thread-1] INFO  server.RaftServerConfigKeys (ConfUtils.java:logGet(43)) - raft.server.rpcslowness.timeout = 120s (custom)
2019-09-03 19:15:49,333 [pool-27-thread-1] INFO  server.RaftServerConfigKeys (ConfUtils.java:logGet(43)) - raft.server.sleep.deviation.threshold = 300 (default)
2019-09-03 19:15:49,333 [pool-27-thread-1] INFO  server.RaftServerConfigKeys (ConfUtils.java:logGet(43)) - raft.server.log.appender.install.snapshot.enabled = false (custom)
2019-09-03 19:15:49,334 [pool-27-thread-1] INFO  impl.RaftServerImpl (ServerState.java:<init>(105)) - 4ebfd344-ca94-4a63-bd37-0865b7f24224:group-A412D6A07EE1 ConfigurationManager, init=-1: [7fbfd930-315e-4dda-a09d-757ef11043e1:192.168.36.111:40821, 015a1f9e-984b-40a0-8c74-d24906177fee:192.168.36.111:33327, 4ebfd344-ca94-4a63-bd37-0865b7f24224:192.168.36.111:37147], old=null, confs=<EMPTY_MAP>
2019-09-03 19:15:49,334 [pool-27-thread-1] INFO  server.RaftServerConfigKeys (ConfUtils.java:logGet(43)) - raft.server.storage.dir = [/workdir/hadoop-ozone/integration-test/target/test-dir/MiniOzoneClusterImpl-50949d89-65ee-463c-9ac0-9cef6a8092fe/datanode-0/data/ratis] (custom)
2019-09-03 19:15:49,334 [pool-27-thread-1] INFO  storage.RaftStorageDirectory (RaftStorageDirectory.java:analyzeStorage(246)) - The storage directory /workdir/hadoop-ozone/integration-test/target/test-dir/MiniOzoneClusterImpl-50949d89-65ee-463c-9ac0-9cef6a8092fe/datanode-0/data/ratis/c118cba3-10c4-40d5-89af-a412d6a07ee1 does not exist. Creating ...
2019-09-03 19:15:49,334 [pool-87-thread-1] INFO  impl.RaftServerImpl (RaftServerImpl.java:<init>(93)) - 015a1f9e-984b-40a0-8c74-d24906177fee: new RaftServerImpl for group-A412D6A07EE1:[7fbfd930-315e-4dda-a09d-757ef11043e1:192.168.36.111:40821, 015a1f9e-984b-40a0-8c74-d24906177fee:192.168.36.111:33327, 4ebfd344-ca94-4a63-bd37-0865b7f24224:192.168.36.111:37147] with ContainerStateMachine:uninitialized
2019-09-03 19:15:49,335 [pool-87-thread-1] INFO  server.RaftServerConfigKeys (ConfUtils.java:logGet(43)) - raft.server.rpc.timeout.min = 5s (custom)
2019-09-03 19:15:49,335 [pool-87-thread-1] INFO  server.RaftServerConfigKeys (ConfUtils.java:logGet(43)) - raft.server.rpc.timeout.max = 5200ms (custom)
2019-09-03 19:15:49,336 [pool-87-thread-1] INFO  server.RaftServerConfigKeys (ConfUtils.java:logGet(43)) - raft.server.rpcslowness.timeout = 120s (custom)
2019-09-03 19:15:49,336 [pool-87-thread-1] INFO  server.RaftServerConfigKeys (ConfUtils.java:logGet(43)) - raft.server.sleep.deviation.threshold = 300 (default)
2019-09-03 19:15:49,336 [pool-87-thread-1] INFO  server.RaftServerConfigKeys (ConfUtils.java:logGet(43)) - raft.server.log.appender.install.snapshot.enabled = false (custom)
2019-09-03 19:15:49,336 [pool-87-thread-1] INFO  impl.RaftServerImpl (ServerState.java:<init>(105)) - 015a1f9e-984b-40a0-8c74-d24906177fee:group-A412D6A07EE1 ConfigurationManager, init=-1: [7fbfd930-315e-4dda-a09d-757ef11043e1:192.168.36.111:40821, 015a1f9e-984b-40a0-8c74-d24906177fee:192.168.36.111:33327, 4ebfd344-ca94-4a63-bd37-0865b7f24224:192.168.36.111:37147], old=null, confs=<EMPTY_MAP>
2019-09-03 19:15:49,336 [pool-87-thread-1] INFO  server.RaftServerConfigKeys (ConfUtils.java:logGet(43)) - raft.server.storage.dir = [/workdir/hadoop-ozone/integration-test/target/test-dir/MiniOzoneClusterImpl-50949d89-65ee-463c-9ac0-9cef6a8092fe/datanode-6/data/ratis] (custom)
2019-09-03 19:15:49,337 [pool-87-thread-1] INFO  storage.RaftStorageDirectory (RaftStorageDirectory.java:analyzeStorage(246)) - The storage directory /workdir/hadoop-ozone/integration-test/target/test-dir/MiniOzoneClusterImpl-50949d89-65ee-463c-9ac0-9cef6a8092fe/datanode-6/data/ratis/c118cba3-10c4-40d5-89af-a412d6a07ee1 does not exist. Creating ...
2019-09-03 19:15:49,347 [pool-87-thread-1] INFO  storage.RaftStorageDirectory (RaftStorageDirectory.java:tryLock(328)) - Lock on /workdir/hadoop-ozone/integration-test/target/test-dir/MiniOzoneClusterImpl-50949d89-65ee-463c-9ac0-9cef6a8092fe/datanode-6/data/ratis/c118cba3-10c4-40d5-89af-a412d6a07ee1/in_use.lock acquired by nodename 21940@pr-hdds-1200-xgh2h-450883189
2019-09-03 19:15:49,347 [pool-57-thread-1] INFO  storage.RaftStorageDirectory (RaftStorageDirectory.java:tryLock(328)) - Lock on /workdir/hadoop-ozone/integration-test/target/test-dir/MiniOzoneClusterImpl-50949d89-65ee-463c-9ac0-9cef6a8092fe/datanode-3/data/ratis/c118cba3-10c4-40d5-89af-a412d6a07ee1/in_use.lock acquired by nodename 21940@pr-hdds-1200-xgh2h-450883189
2019-09-03 19:15:49,347 [pool-27-thread-1] INFO  storage.RaftStorageDirectory (RaftStorageDirectory.java:tryLock(328)) - Lock on /workdir/hadoop-ozone/integration-test/target/test-dir/MiniOzoneClusterImpl-50949d89-65ee-463c-9ac0-9cef6a8092fe/datanode-0/data/ratis/c118cba3-10c4-40d5-89af-a412d6a07ee1/in_use.lock acquired by nodename 21940@pr-hdds-1200-xgh2h-450883189
2019-09-03 19:15:49,366 [pool-27-thread-1] INFO  storage.RaftStorage (RaftStorage.java:format(72)) - Storage directory /workdir/hadoop-ozone/integration-test/target/test-dir/MiniOzoneClusterImpl-50949d89-65ee-463c-9ac0-9cef6a8092fe/datanode-0/data/ratis/c118cba3-10c4-40d5-89af-a412d6a07ee1 has been successfully formatted.
2019-09-03 19:15:49,366 [pool-57-thread-1] INFO  storage.RaftStorage (RaftStorage.java:format(72)) - Storage directory /workdir/hadoop-ozone/integration-test/target/test-dir/MiniOzoneClusterImpl-50949d89-65ee-463c-9ac0-9cef6a8092fe/datanode-3/data/ratis/c118cba3-10c4-40d5-89af-a412d6a07ee1 has been successfully formatted.
2019-09-03 19:15:49,366 [pool-27-thread-1] INFO  ratis.ContainerStateMachine (ContainerStateMachine.java:loadSnapshot(227)) - group-A412D6A07EE1: The snapshot info is null. Setting the last applied indexto:(t:0, i:~)
2019-09-03 19:15:49,366 [pool-87-thread-1] INFO  storage.RaftStorage (RaftStorage.java:format(72)) - Storage directory /workdir/hadoop-ozone/integration-test/target/test-dir/MiniOzoneClusterImpl-50949d89-65ee-463c-9ac0-9cef6a8092fe/datanode-6/data/ratis/c118cba3-10c4-40d5-89af-a412d6a07ee1 has been successfully formatted.
2019-09-03 19:15:49,366 [pool-27-thread-1] INFO  server.RaftServerConfigKeys (ConfUtils.java:logGet(43)) - raft.server.leader.election.timeout = 120s (custom)
2019-09-03 19:15:49,366 [pool-57-thread-1] INFO  ratis.ContainerStateMachine (ContainerStateMachine.java:loadSnapshot(227)) - group-A412D6A07EE1: The snapshot info is null. Setting the last applied indexto:(t:0, i:~)
2019-09-03 19:15:49,367 [pool-27-thread-1] INFO  server.RaftServerConfigKeys (ConfUtils.java:logGet(43)) - raft.server.log.use.memory = false (default)
2019-09-03 19:15:49,367 [pool-87-thread-1] INFO  ratis.ContainerStateMachine (ContainerStateMachine.java:loadSnapshot(227)) - group-A412D6A07EE1: The snapshot info is null. Setting the last applied indexto:(t:0, i:~)
2019-09-03 19:15:49,367 [pool-27-thread-1] INFO  server.RaftServerConfigKeys (ConfUtils.java:logGet(43)) - raft.server.log.purge.gap = 1000000 (custom)
2019-09-03 19:15:49,367 [pool-57-thread-1] INFO  server.RaftServerConfigKeys (ConfUtils.java:logGet(43)) - raft.server.leader.election.timeout = 120s (custom)
2019-09-03 19:15:49,367 [pool-27-thread-1] INFO  server.RaftServerConfigKeys (ConfUtils.java:logGet(43)) - raft.server.log.appender.buffer.byte-limit = 33554432 (custom)
2019-09-03 19:15:49,367 [pool-87-thread-1] INFO  server.RaftServerConfigKeys (ConfUtils.java:logGet(43)) - raft.server.leader.election.timeout = 120s (custom)
2019-09-03 19:15:49,368 [pool-27-thread-1] INFO  server.RaftServerConfigKeys (ConfUtils.java:logGet(43)) - raft.server.log.segment.size.max = 1048576 (custom)
2019-09-03 19:15:49,367 [pool-57-thread-1] INFO  server.RaftServerConfigKeys (ConfUtils.java:logGet(43)) - raft.server.log.use.memory = false (default)
2019-09-03 19:15:49,368 [pool-27-thread-1] INFO  server.RaftServerConfigKeys (ConfUtils.java:logGet(43)) - raft.server.log.segment.cache.num.max = 2 (custom)
2019-09-03 19:15:49,368 [pool-87-thread-1] INFO  server.RaftServerConfigKeys (ConfUtils.java:logGet(43)) - raft.server.log.use.memory = false (default)
2019-09-03 19:15:49,368 [pool-27-thread-1] INFO  segmented.SegmentedRaftLogWorker (SegmentedRaftLogWorker.java:<init>(172)) - new 4ebfd344-ca94-4a63-bd37-0865b7f24224-SegmentedRaftLogWorker:Storage Directory /workdir/hadoop-ozone/integration-test/target/test-dir/MiniOzoneClusterImpl-50949d89-65ee-463c-9ac0-9cef6a8092fe/datanode-0/data/ratis/c118cba3-10c4-40d5-89af-a412d6a07ee1 for RaftStorage:Storage Directory /workdir/hadoop-ozone/integration-test/target/test-dir/MiniOzoneClusterImpl-50949d89-65ee-463c-9ac0-9cef6a8092fe/datanode-0/data/ratis/c118cba3-10c4-40d5-89af-a412d6a07ee1
2019-09-03 19:15:49,368 [pool-57-thread-1] INFO  server.RaftServerConfigKeys (ConfUtils.java:logGet(43)) - raft.server.log.purge.gap = 1000000 (custom)
2019-09-03 19:15:49,368 [pool-27-thread-1] INFO  server.RaftServerConfigKeys (ConfUtils.java:logGet(43)) - raft.server.log.queue.byte-limit = 2147483647 (custom)
2019-09-03 19:15:49,368 [pool-87-thread-1] INFO  server.RaftServerConfigKeys (ConfUtils.java:logGet(43)) - raft.server.log.purge.gap = 1000000 (custom)
2019-09-03 19:15:49,371 [pool-27-thread-1] INFO  server.RaftServerConfigKeys (ConfUtils.java:logGet(43)) - raft.server.log.queue.element-limit = 1024 (custom)
2019-09-03 19:15:49,369 [pool-57-thread-1] INFO  server.RaftServerConfigKeys (ConfUtils.java:logGet(43)) - raft.server.log.appender.buffer.byte-limit = 33554432 (custom)
2019-09-03 19:15:49,371 [pool-27-thread-1] INFO  server.RaftServerConfigKeys (ConfUtils.java:logGet(43)) - raft.server.log.segment.size.max = 1048576 (custom)
2019-09-03 19:15:49,371 [pool-87-thread-1] INFO  server.RaftServerConfigKeys (ConfUtils.java:logGet(43)) - raft.server.log.appender.buffer.byte-limit = 33554432 (custom)
2019-09-03 19:15:49,372 [pool-27-thread-1] INFO  server.RaftServerConfigKeys (ConfUtils.java:logGet(43)) - raft.server.log.preallocated.size = 16384 (custom)
2019-09-03 19:15:49,371 [pool-57-thread-1] INFO  server.RaftServerConfigKeys (ConfUtils.java:logGet(43)) - raft.server.log.segment.size.max = 1048576 (custom)
2019-09-03 19:15:49,372 [pool-27-thread-1] INFO  server.RaftServerConfigKeys (ConfUtils.java:logGet(43)) - raft.server.log.write.buffer.size = 33554432 (custom)
2019-09-03 19:15:49,372 [pool-87-thread-1] INFO  server.RaftServerConfigKeys (ConfUtils.java:logGet(43)) - raft.server.log.segment.size.max = 1048576 (custom)
2019-09-03 19:15:49,372 [pool-27-thread-1] INFO  server.RaftServerConfigKeys (ConfUtils.java:logGet(43)) - raft.server.log.force.sync.num = 128 (default)
2019-09-03 19:15:49,372 [pool-57-thread-1] INFO  server.RaftServerConfigKeys (ConfUtils.java:logGet(43)) - raft.server.log.segment.cache.num.max = 2 (custom)
2019-09-03 19:15:49,372 [pool-27-thread-1] INFO  server.RaftServerConfigKeys (ConfUtils.java:logGet(43)) - raft.server.log.statemachine.data.sync = true (default)
2019-09-03 19:15:49,372 [pool-87-thread-1] INFO  server.RaftServerConfigKeys (ConfUtils.java:logGet(43)) - raft.server.log.segment.cache.num.max = 2 (custom)
2019-09-03 19:15:49,373 [pool-27-thread-1] INFO  server.RaftServerConfigKeys (ConfUtils.java:logGet(43)) - raft.server.log.statemachine.data.sync.timeout = 10s (default)
2019-09-03 19:15:49,372 [pool-57-thread-1] INFO  segmented.SegmentedRaftLogWorker (SegmentedRaftLogWorker.java:<init>(172)) - new 7fbfd930-315e-4dda-a09d-757ef11043e1-SegmentedRaftLogWorker:Storage Directory /workdir/hadoop-ozone/integration-test/target/test-dir/MiniOzoneClusterImpl-50949d89-65ee-463c-9ac0-9cef6a8092fe/datanode-3/data/ratis/c118cba3-10c4-40d5-89af-a412d6a07ee1 for RaftStorage:Storage Directory /workdir/hadoop-ozone/integration-test/target/test-dir/MiniOzoneClusterImpl-50949d89-65ee-463c-9ac0-9cef6a8092fe/datanode-3/data/ratis/c118cba3-10c4-40d5-89af-a412d6a07ee1
2019-09-03 19:15:49,373 [pool-27-thread-1] INFO  server.RaftServerConfigKeys (ConfUtils.java:logGet(43)) - raft.server.log.statemachine.data.sync.timeout.retry = -1 (default)
2019-09-03 19:15:49,373 [pool-87-thread-1] INFO  segmented.SegmentedRaftLogWorker (SegmentedRaftLogWorker.java:<init>(172)) - new 015a1f9e-984b-40a0-8c74-d24906177fee-SegmentedRaftLogWorker:Storage Directory /workdir/hadoop-ozone/integration-test/target/test-dir/MiniOzoneClusterImpl-50949d89-65ee-463c-9ac0-9cef6a8092fe/datanode-6/data/ratis/c118cba3-10c4-40d5-89af-a412d6a07ee1 for RaftStorage:Storage Directory /workdir/hadoop-ozone/integration-test/target/test-dir/MiniOzoneClusterImpl-50949d89-65ee-463c-9ac0-9cef6a8092fe/datanode-6/data/ratis/c118cba3-10c4-40d5-89af-a412d6a07ee1
2019-09-03 19:15:49,373 [pool-57-thread-1] INFO  server.RaftServerConfigKeys (ConfUtils.java:logGet(43)) - raft.server.log.queue.byte-limit = 2147483647 (custom)
2019-09-03 19:15:49,375 [pool-27-thread-1] INFO  server.RaftServerConfigKeys (ConfUtils.java:logGet(43)) - raft.server.log.statemachine.data.caching.enabled = true (custom)
2019-09-03 19:15:49,375 [pool-87-thread-1] INFO  server.RaftServerConfigKeys (ConfUtils.java:logGet(43)) - raft.server.log.queue.byte-limit = 2147483647 (custom)
2019-09-03 19:15:49,377 [pool-27-thread-1] INFO  segmented.SegmentedRaftLogWorker (SegmentedRaftLogWorker.java:lambda$new$0(132)) - 4ebfd344-ca94-4a63-bd37-0865b7f24224-SegmentedRaftLogWorker:Storage Directory /workdir/hadoop-ozone/integration-test/target/test-dir/MiniOzoneClusterImpl-50949d89-65ee-463c-9ac0-9cef6a8092fe/datanode-0/data/ratis/c118cba3-10c4-40d5-89af-a412d6a07ee1: flushIndex: setUnconditionally 0 -> -1
2019-09-03 19:15:49,375 [pool-57-thread-1] INFO  server.RaftServerConfigKeys (ConfUtils.java:logGet(43)) - raft.server.log.queue.element-limit = 1024 (custom)
2019-09-03 19:15:49,377 [pool-87-thread-1] INFO  server.RaftServerConfigKeys (ConfUtils.java:logGet(43)) - raft.server.log.queue.element-limit = 1024 (custom)
2019-09-03 19:15:49,377 [pool-57-thread-1] INFO  server.RaftServerConfigKeys (ConfUtils.java:logGet(43)) - raft.server.log.segment.size.max = 1048576 (custom)
2019-09-03 19:15:49,377 [pool-87-thread-1] INFO  server.RaftServerConfigKeys (ConfUtils.java:logGet(43)) - raft.server.log.segment.size.max = 1048576 (custom)
2019-09-03 19:15:49,377 [pool-27-thread-1] INFO  server.RaftServerConfigKeys (ConfUtils.java:logGet(43)) - raft.server.snapshot.auto.trigger.enabled = true (custom)
2019-09-03 19:15:49,377 [pool-87-thread-1] INFO  server.RaftServerConfigKeys (ConfUtils.java:logGet(43)) - raft.server.log.preallocated.size = 16384 (custom)
2019-09-03 19:15:49,377 [pool-57-thread-1] INFO  server.RaftServerConfigKeys (ConfUtils.java:logGet(43)) - raft.server.log.preallocated.size = 16384 (custom)
2019-09-03 19:15:49,378 [pool-87-thread-1] INFO  server.RaftServerConfigKeys (ConfUtils.java:logGet(43)) - raft.server.log.write.buffer.size = 33554432 (custom)
2019-09-03 19:15:49,377 [pool-27-thread-1] INFO  server.RaftServerConfigKeys (ConfUtils.java:logGet(43)) - raft.server.snapshot.auto.trigger.threshold = 10000 (custom)
2019-09-03 19:15:49,378 [pool-87-thread-1] INFO  server.RaftServerConfigKeys (ConfUtils.java:logGet(43)) - raft.server.log.force.sync.num = 128 (default)
2019-09-03 19:15:49,378 [pool-57-thread-1] INFO  server.RaftServerConfigKeys (ConfUtils.java:logGet(43)) - raft.server.log.write.buffer.size = 33554432 (custom)
2019-09-03 19:15:49,378 [pool-87-thread-1] INFO  server.RaftServerConfigKeys (ConfUtils.java:logGet(43)) - raft.server.log.statemachine.data.sync = true (default)
2019-09-03 19:15:49,378 [pool-27-thread-1] INFO  server.RaftServerConfigKeys (ConfUtils.java:logGet(43)) - raft.server.retrycache.expirytime = 600000ms (custom)
2019-09-03 19:15:49,379 [pool-87-thread-1] INFO  server.RaftServerConfigKeys (ConfUtils.java:logGet(43)) - raft.server.log.statemachine.data.sync.timeout = 10s (default)
2019-09-03 19:15:49,378 [pool-57-thread-1] INFO  server.RaftServerConfigKeys (ConfUtils.java:logGet(43)) - raft.server.log.force.sync.num = 128 (default)
2019-09-03 19:15:49,379 [pool-87-thread-1] INFO  server.RaftServerConfigKeys (ConfUtils.java:logGet(43)) - raft.server.log.statemachine.data.sync.timeout.retry = -1 (default)
2019-09-03 19:15:49,379 [pool-27-thread-1] INFO  impl.RaftServerImpl (RaftServerImpl.java:start(180)) - 4ebfd344-ca94-4a63-bd37-0865b7f24224: start group-A412D6A07EE1
2019-09-03 19:15:49,379 [pool-87-thread-1] INFO  server.RaftServerConfigKeys (ConfUtils.java:logGet(43)) - raft.server.log.statemachine.data.caching.enabled = true (custom)
2019-09-03 19:15:49,379 [pool-57-thread-1] INFO  server.RaftServerConfigKeys (ConfUtils.java:logGet(43)) - raft.server.log.statemachine.data.sync = true (default)
2019-09-03 19:15:49,379 [pool-27-thread-1] INFO  impl.RaftServerImpl (RaftServerImpl.java:setRole(171)) - 4ebfd344-ca94-4a63-bd37-0865b7f24224:group-A412D6A07EE1 changes role from null to FOLLOWER at term 0 for startAsFollower
2019-09-03 19:15:49,380 [pool-87-thread-1] INFO  segmented.SegmentedRaftLogWorker (SegmentedRaftLogWorker.java:lambda$new$0(132)) - 015a1f9e-984b-40a0-8c74-d24906177fee-SegmentedRaftLogWorker:Storage Directory /workdir/hadoop-ozone/integration-test/target/test-dir/MiniOzoneClusterImpl-50949d89-65ee-463c-9ac0-9cef6a8092fe/datanode-6/data/ratis/c118cba3-10c4-40d5-89af-a412d6a07ee1: flushIndex: setUnconditionally 0 -> -1
2019-09-03 19:15:49,380 [pool-57-thread-1] INFO  server.RaftServerConfigKeys (ConfUtils.java:logGet(43)) - raft.server.log.statemachine.data.sync.timeout = 10s (default)
2019-09-03 19:15:49,380 [pool-27-thread-1] INFO  impl.RoleInfo (RoleInfo.java:updateAndGet(143)) - 4ebfd344-ca94-4a63-bd37-0865b7f24224: start FollowerState
2019-09-03 19:15:49,380 [pool-87-thread-1] INFO  server.RaftServerConfigKeys (ConfUtils.java:logGet(43)) - raft.server.snapshot.auto.trigger.enabled = true (custom)
2019-09-03 19:15:49,380 [pool-57-thread-1] INFO  server.RaftServerConfigKeys (ConfUtils.java:logGet(43)) - raft.server.log.statemachine.data.sync.timeout.retry = -1 (default)
2019-09-03 19:15:49,380 [pool-87-thread-1] INFO  server.RaftServerConfigKeys (ConfUtils.java:logGet(43)) - raft.server.snapshot.auto.trigger.threshold = 10000 (custom)
2019-09-03 19:15:49,381 [pool-57-thread-1] INFO  server.RaftServerConfigKeys (ConfUtils.java:logGet(43)) - raft.server.log.statemachine.data.caching.enabled = true (custom)
2019-09-03 19:15:49,380 [pool-27-thread-1] INFO  util.JmxRegister (JmxRegister.java:tryRegister(44)) - Successfully registered JMX Bean with object name Ratis:service=RaftServer,group=group-A412D6A07EE1,id=4ebfd344-ca94-4a63-bd37-0865b7f24224
2019-09-03 19:15:49,381 [pool-87-thread-1] INFO  server.RaftServerConfigKeys (ConfUtils.java:logGet(43)) - raft.server.retrycache.expirytime = 600000ms (custom)
2019-09-03 19:15:49,381 [pool-57-thread-1] INFO  segmented.SegmentedRaftLogWorker (SegmentedRaftLogWorker.java:lambda$new$0(132)) - 7fbfd930-315e-4dda-a09d-757ef11043e1-SegmentedRaftLogWorker:Storage Directory /workdir/hadoop-ozone/integration-test/target/test-dir/MiniOzoneClusterImpl-50949d89-65ee-463c-9ac0-9cef6a8092fe/datanode-3/data/ratis/c118cba3-10c4-40d5-89af-a412d6a07ee1: flushIndex: setUnconditionally 0 -> -1
2019-09-03 19:15:49,381 [pool-87-thread-1] INFO  impl.RaftServerImpl (RaftServerImpl.java:start(180)) - 015a1f9e-984b-40a0-8c74-d24906177fee: start group-A412D6A07EE1
2019-09-03 19:15:49,381 [pool-87-thread-1] INFO  impl.RaftServerImpl (RaftServerImpl.java:setRole(171)) - 015a1f9e-984b-40a0-8c74-d24906177fee:group-A412D6A07EE1 changes role from null to FOLLOWER at term 0 for startAsFollower
2019-09-03 19:15:49,381 [pool-57-thread-1] INFO  server.RaftServerConfigKeys (ConfUtils.java:logGet(43)) - raft.server.snapshot.auto.trigger.enabled = true (custom)
2019-09-03 19:15:49,382 [pool-87-thread-1] INFO  impl.RoleInfo (RoleInfo.java:updateAndGet(143)) - 015a1f9e-984b-40a0-8c74-d24906177fee: start FollowerState
2019-09-03 19:15:49,382 [pool-57-thread-1] INFO  server.RaftServerConfigKeys (ConfUtils.java:logGet(43)) - raft.server.snapshot.auto.trigger.threshold = 10000 (custom)
2019-09-03 19:15:49,382 [pool-57-thread-1] INFO  server.RaftServerConfigKeys (ConfUtils.java:logGet(43)) - raft.server.retrycache.expirytime = 600000ms (custom)
2019-09-03 19:15:49,382 [pool-87-thread-1] INFO  util.JmxRegister (JmxRegister.java:tryRegister(44)) - Successfully registered JMX Bean with object name Ratis:service=RaftServer,group=group-A412D6A07EE1,id=015a1f9e-984b-40a0-8c74-d24906177fee
2019-09-03 19:15:49,382 [pool-57-thread-1] INFO  impl.RaftServerImpl (RaftServerImpl.java:start(180)) - 7fbfd930-315e-4dda-a09d-757ef11043e1: start group-A412D6A07EE1
2019-09-03 19:15:49,382 [pool-57-thread-1] INFO  impl.RaftServerImpl (RaftServerImpl.java:setRole(171)) - 7fbfd930-315e-4dda-a09d-757ef11043e1:group-A412D6A07EE1 changes role from null to FOLLOWER at term 0 for startAsFollower
2019-09-03 19:15:49,382 [pool-57-thread-1] INFO  impl.RoleInfo (RoleInfo.java:updateAndGet(143)) - 7fbfd930-315e-4dda-a09d-757ef11043e1: start FollowerState
2019-09-03 19:15:49,384 [pool-57-thread-1] INFO  util.JmxRegister (JmxRegister.java:tryRegister(44)) - Successfully registered JMX Bean with object name Ratis:service=RaftServer,group=group-A412D6A07EE1,id=7fbfd930-315e-4dda-a09d-757ef11043e1
2019-09-03 19:15:49,399 [RatisPipelineUtilsThread] INFO  pipeline.PipelineStateManager (PipelineStateManager.java:addPipeline(56)) - Created pipeline Pipeline[ Id: c118cba3-10c4-40d5-89af-a412d6a07ee1, Nodes: 4ebfd344-ca94-4a63-bd37-0865b7f24224{ip: 192.168.36.111, host: pr-hdds-1200-xgh2h-450883189, networkLocation: /default-rack, certSerialId: null}7fbfd930-315e-4dda-a09d-757ef11043e1{ip: 192.168.36.111, host: pr-hdds-1200-xgh2h-450883189, networkLocation: /default-rack, certSerialId: null}015a1f9e-984b-40a0-8c74-d24906177fee{ip: 192.168.36.111, host: pr-hdds-1200-xgh2h-450883189, networkLocation: /default-rack, certSerialId: null}, Type:RATIS, Factor:THREE, State:OPEN]
2019-09-03 19:15:49,408 [main] INFO  ozone.MiniOzoneClusterImpl (MiniOzoneClusterImpl.java:lambda$waitForClusterToBeReady$0(140)) - Cluster is ready. Got 7 of 7 DN Heartbeats.
2019-09-03 19:15:49,907 [main] INFO  rpc.RpcClient (RpcClient.java:createVolume(293)) - Creating Volume: watchforcommithandlingtest, with jenkins1000 as owner.
2019-09-03 19:15:49,942 [main] INFO  rpc.RpcClient (RpcClient.java:createBucket(432)) - Creating Bucket: watchforcommithandlingtest/watchforcommithandlingtest, with Versioning false and Storage Type set to DISK and Encryption set to false 
2019-09-03 19:15:49,970 [main] INFO  ozone.MiniOzoneClusterImpl (MiniOzoneClusterImpl.java:getStorageContainerLocationClient(227)) - Creating StorageContainerLocationProtocol RPC client with address /0.0.0.0:38376
2019-09-03 19:15:50,004 [main] INFO  impl.MetricsSystemImpl (MetricsSystemImpl.java:init(158)) - XceiverClientMetrics metrics system started (again)
2019-09-03 19:15:50,081 [grpc-default-executor-0] INFO  client.GrpcClientProtocolClient (GrpcClientProtocolClient.java:onNext(255)) - client-BB475B78FCF9->4cbc4ef8-b38a-42da-baa5-927a64bc0217: receive RaftClientReply:client-BB475B78FCF9->4cbc4ef8-b38a-42da-baa5-927a64bc0217@group-63B1919ED310, cid=13, FAILED org.apache.ratis.protocol.NotLeaderException: Server 4cbc4ef8-b38a-42da-baa5-927a64bc0217 is not the leader (null). Request must be sent to leader., logIndex=0, commits[4cbc4ef8-b38a-42da-baa5-927a64bc0217:c-1]
2019-09-03 19:15:50,936 [Thread-238] INFO  container.ReplicationManager (ReplicationManager.java:start(162)) - Starting Replication Monitor Thread.
2019-09-03 19:15:50,941 [ReplicationMonitor] INFO  container.ReplicationManager (ReplicationManager.java:run(225)) - Replication Monitor Thread took 4 milliseconds for processing 1 containers.
2019-09-03 19:15:51,125 [grpc-default-executor-2] INFO  client.GrpcClientProtocolClient (GrpcClientProtocolClient.java:onNext(255)) - client-BB475B78FCF9->c2cced2c-a5fa-4c5c-8090-f9d7b3a4cc37: receive RaftClientReply:client-BB475B78FCF9->c2cced2c-a5fa-4c5c-8090-f9d7b3a4cc37@group-63B1919ED310, cid=13, FAILED org.apache.ratis.protocol.NotLeaderException: Server c2cced2c-a5fa-4c5c-8090-f9d7b3a4cc37 is not the leader (null). Request must be sent to leader., logIndex=0, commits[c2cced2c-a5fa-4c5c-8090-f9d7b3a4cc37:c-1]
2019-09-03 19:15:52,152 [grpc-default-executor-0] INFO  client.GrpcClientProtocolClient (GrpcClientProtocolClient.java:onNext(255)) - client-BB475B78FCF9->44cf7b35-669b-40df-948d-f1dd5cc3dccb: receive RaftClientReply:client-BB475B78FCF9->44cf7b35-669b-40df-948d-f1dd5cc3dccb@group-63B1919ED310, cid=13, FAILED org.apache.ratis.protocol.NotLeaderException: Server 44cf7b35-669b-40df-948d-f1dd5cc3dccb is not the leader (null). Request must be sent to leader., logIndex=0, commits[44cf7b35-669b-40df-948d-f1dd5cc3dccb:c-1]
2019-09-03 19:15:53,172 [grpc-default-executor-0] INFO  client.GrpcClientProtocolClient (GrpcClientProtocolClient.java:onNext(255)) - client-BB475B78FCF9->c2cced2c-a5fa-4c5c-8090-f9d7b3a4cc37: receive RaftClientReply:client-BB475B78FCF9->c2cced2c-a5fa-4c5c-8090-f9d7b3a4cc37@group-63B1919ED310, cid=13, FAILED org.apache.ratis.protocol.NotLeaderException: Server c2cced2c-a5fa-4c5c-8090-f9d7b3a4cc37 is not the leader (null). Request must be sent to leader., logIndex=0, commits[c2cced2c-a5fa-4c5c-8090-f9d7b3a4cc37:c-1]
2019-09-03 19:15:53,667 [Thread-240] INFO  impl.FollowerState (FollowerState.java:run(106)) - 4ebfd344-ca94-4a63-bd37-0865b7f24224:group-29887B3187DF changes to CANDIDATE, lastRpcTime:5004, electionTimeout:5003ms
2019-09-03 19:15:53,670 [Thread-240] INFO  impl.RoleInfo (RoleInfo.java:shutdownFollowerState(121)) - 4ebfd344-ca94-4a63-bd37-0865b7f24224: shutdown FollowerState
2019-09-03 19:15:53,670 [Thread-240] INFO  impl.RaftServerImpl (RaftServerImpl.java:setRole(171)) - 4ebfd344-ca94-4a63-bd37-0865b7f24224:group-29887B3187DF changes role from FOLLOWER to CANDIDATE at term 0 for changeToCandidate
2019-09-03 19:15:53,678 [Thread-240] INFO  impl.RoleInfo (RoleInfo.java:updateAndGet(143)) - 4ebfd344-ca94-4a63-bd37-0865b7f24224: start LeaderElection
2019-09-03 19:15:53,770 [4ebfd344-ca94-4a63-bd37-0865b7f24224:group-29887B3187DF:LeaderElection1] INFO  impl.LeaderElection (LeaderElection.java:askForVotes(181)) - 4ebfd344-ca94-4a63-bd37-0865b7f24224:group-29887B3187DF:LeaderElection1: begin an election at term 1 for -1: [4ebfd344-ca94-4a63-bd37-0865b7f24224:192.168.36.111:37147], old=null
2019-09-03 19:15:53,775 [4ebfd344-ca94-4a63-bd37-0865b7f24224:group-29887B3187DF:LeaderElection1] INFO  impl.RoleInfo (RoleInfo.java:shutdownLeaderElection(134)) - 4ebfd344-ca94-4a63-bd37-0865b7f24224: shutdown LeaderElection
2019-09-03 19:15:53,776 [4ebfd344-ca94-4a63-bd37-0865b7f24224:group-29887B3187DF:LeaderElection1] INFO  impl.RaftServerImpl (RaftServerImpl.java:setRole(171)) - 4ebfd344-ca94-4a63-bd37-0865b7f24224:group-29887B3187DF changes role from CANDIDATE to LEADER at term 1 for changeToLeader
2019-09-03 19:15:53,776 [4ebfd344-ca94-4a63-bd37-0865b7f24224:group-29887B3187DF:LeaderElection1] INFO  impl.RaftServerImpl (ServerState.java:setLeader(263)) - 4ebfd344-ca94-4a63-bd37-0865b7f24224:group-29887B3187DF change Leader from null to 4ebfd344-ca94-4a63-bd37-0865b7f24224 at term 1 for becomeLeader, leader elected after 5189ms
2019-09-03 19:15:53,786 [4ebfd344-ca94-4a63-bd37-0865b7f24224:group-29887B3187DF:LeaderElection1] INFO  server.RaftServerConfigKeys (ConfUtils.java:logGet(43)) - raft.server.staging.catchup.gap = 1000 (default)
2019-09-03 19:15:53,786 [4ebfd344-ca94-4a63-bd37-0865b7f24224:group-29887B3187DF:LeaderElection1] INFO  server.RaftServerConfigKeys (ConfUtils.java:logGet(43)) - raft.server.rpc.sleep.time = 25ms (default)
2019-09-03 19:15:53,790 [4ebfd344-ca94-4a63-bd37-0865b7f24224:group-29887B3187DF:LeaderElection1] INFO  server.RaftServerConfigKeys (ConfUtils.java:logGet(43)) - raft.server.write.element-limit = 4096 (default)
2019-09-03 19:15:53,793 [4ebfd344-ca94-4a63-bd37-0865b7f24224:group-29887B3187DF:LeaderElection1] INFO  server.RaftServerConfigKeys (ConfUtils.java:logGet(43)) - raft.server.watch.timeout = 10s (default)
2019-09-03 19:15:53,794 [4ebfd344-ca94-4a63-bd37-0865b7f24224:group-29887B3187DF:LeaderElection1] INFO  server.RaftServerConfigKeys (ConfUtils.java:logGet(43)) - raft.server.watch.timeout.denomination = 1s (default)
2019-09-03 19:15:53,795 [4ebfd344-ca94-4a63-bd37-0865b7f24224:group-29887B3187DF:LeaderElection1] INFO  server.RaftServerConfigKeys (ConfUtils.java:logGet(43)) - raft.server.watch.element-limit = 65536 (default)
2019-09-03 19:15:53,806 [4ebfd344-ca94-4a63-bd37-0865b7f24224:group-29887B3187DF:LeaderElection1] INFO  impl.RoleInfo (RoleInfo.java:updateAndGet(143)) - 4ebfd344-ca94-4a63-bd37-0865b7f24224: start LeaderState
2019-09-03 19:15:54,137 [Thread-249] INFO  impl.FollowerState (FollowerState.java:run(106)) - 44cf7b35-669b-40df-948d-f1dd5cc3dccb:group-E786AE1EBDEA changes to CANDIDATE, lastRpcTime:5152, electionTimeout:5041ms
2019-09-03 19:15:54,137 [Thread-243] INFO  impl.FollowerState (FollowerState.java:run(106)) - 4cbc4ef8-b38a-42da-baa5-927a64bc0217:group-9BA973042DC7 changes to CANDIDATE, lastRpcTime:5289, electionTimeout:5104ms
2019-09-03 19:15:54,137 [Thread-246] INFO  impl.FollowerState (FollowerState.java:run(106)) - c2cced2c-a5fa-4c5c-8090-f9d7b3a4cc37:group-357D35F2F4A5 changes to CANDIDATE, lastRpcTime:5204, electionTimeout:5163ms
2019-09-03 19:15:54,155 [Thread-243] INFO  impl.RoleInfo (RoleInfo.java:shutdownFollowerState(121)) - 4cbc4ef8-b38a-42da-baa5-927a64bc0217: shutdown FollowerState
2019-09-03 19:15:54,155 [Thread-249] INFO  impl.RoleInfo (RoleInfo.java:shutdownFollowerState(121)) - 44cf7b35-669b-40df-948d-f1dd5cc3dccb: shutdown FollowerState
2019-09-03 19:15:54,155 [Thread-243] INFO  impl.RaftServerImpl (RaftServerImpl.java:setRole(171)) - 4cbc4ef8-b38a-42da-baa5-927a64bc0217:group-9BA973042DC7 changes role from FOLLOWER to CANDIDATE at term 0 for changeToCandidate
2019-09-03 19:15:54,155 [Thread-246] INFO  impl.RoleInfo (RoleInfo.java:shutdownFollowerState(121)) - c2cced2c-a5fa-4c5c-8090-f9d7b3a4cc37: shutdown FollowerState
2019-09-03 19:15:54,156 [Thread-249] INFO  impl.RaftServerImpl (RaftServerImpl.java:setRole(171)) - 44cf7b35-669b-40df-948d-f1dd5cc3dccb:group-E786AE1EBDEA changes role from FOLLOWER to CANDIDATE at term 0 for changeToCandidate
2019-09-03 19:15:54,156 [Thread-246] INFO  impl.RaftServerImpl (RaftServerImpl.java:setRole(171)) - c2cced2c-a5fa-4c5c-8090-f9d7b3a4cc37:group-357D35F2F4A5 changes role from FOLLOWER to CANDIDATE at term 0 for changeToCandidate
2019-09-03 19:15:54,156 [Thread-243] INFO  impl.RoleInfo (RoleInfo.java:updateAndGet(143)) - 4cbc4ef8-b38a-42da-baa5-927a64bc0217: start LeaderElection
2019-09-03 19:15:54,156 [Thread-249] INFO  impl.RoleInfo (RoleInfo.java:updateAndGet(143)) - 44cf7b35-669b-40df-948d-f1dd5cc3dccb: start LeaderElection
2019-09-03 19:15:54,156 [Thread-246] INFO  impl.RoleInfo (RoleInfo.java:updateAndGet(143)) - c2cced2c-a5fa-4c5c-8090-f9d7b3a4cc37: start LeaderElection
2019-09-03 19:15:54,204 [Thread-258] INFO  impl.FollowerState (FollowerState.java:run(106)) - c493b4b3-cebb-4892-b879-a25efd5348e1:group-9B53B19CA5A6 changes to CANDIDATE, lastRpcTime:5020, electionTimeout:5013ms
2019-09-03 19:15:54,204 [Thread-258] INFO  impl.RoleInfo (RoleInfo.java:shutdownFollowerState(121)) - c493b4b3-cebb-4892-b879-a25efd5348e1: shutdown FollowerState
2019-09-03 19:15:54,204 [Thread-258] INFO  impl.RaftServerImpl (RaftServerImpl.java:setRole(171)) - c493b4b3-cebb-4892-b879-a25efd5348e1:group-9B53B19CA5A6 changes role from FOLLOWER to CANDIDATE at term 0 for changeToCandidate
2019-09-03 19:15:54,204 [Thread-252] INFO  impl.FollowerState (FollowerState.java:run(106)) - 7fbfd930-315e-4dda-a09d-757ef11043e1:group-4DF86493E1ED changes to CANDIDATE, lastRpcTime:5167, electionTimeout:5167ms
2019-09-03 19:15:54,204 [Thread-258] INFO  impl.RoleInfo (RoleInfo.java:updateAndGet(143)) - c493b4b3-cebb-4892-b879-a25efd5348e1: start LeaderElection
2019-09-03 19:15:54,204 [Thread-252] INFO  impl.RoleInfo (RoleInfo.java:shutdownFollowerState(121)) - 7fbfd930-315e-4dda-a09d-757ef11043e1: shutdown FollowerState
2019-09-03 19:15:54,204 [Thread-252] INFO  impl.RaftServerImpl (RaftServerImpl.java:setRole(171)) - 7fbfd930-315e-4dda-a09d-757ef11043e1:group-4DF86493E1ED changes role from FOLLOWER to CANDIDATE at term 0 for changeToCandidate
2019-09-03 19:15:54,208 [Thread-252] INFO  impl.RoleInfo (RoleInfo.java:updateAndGet(143)) - 7fbfd930-315e-4dda-a09d-757ef11043e1: start LeaderElection
2019-09-03 19:15:54,213 [44cf7b35-669b-40df-948d-f1dd5cc3dccb:group-E786AE1EBDEA:LeaderElection3] INFO  impl.LeaderElection (LeaderElection.java:askForVotes(181)) - 44cf7b35-669b-40df-948d-f1dd5cc3dccb:group-E786AE1EBDEA:LeaderElection3: begin an election at term 1 for -1: [44cf7b35-669b-40df-948d-f1dd5cc3dccb:192.168.36.111:35273], old=null
2019-09-03 19:15:54,214 [4cbc4ef8-b38a-42da-baa5-927a64bc0217:group-9BA973042DC7:LeaderElection2] INFO  impl.LeaderElection (LeaderElection.java:askForVotes(181)) - 4cbc4ef8-b38a-42da-baa5-927a64bc0217:group-9BA973042DC7:LeaderElection2: begin an election at term 1 for -1: [4cbc4ef8-b38a-42da-baa5-927a64bc0217:192.168.36.111:39256], old=null
2019-09-03 19:15:54,213 [c2cced2c-a5fa-4c5c-8090-f9d7b3a4cc37:group-357D35F2F4A5:LeaderElection4] INFO  impl.LeaderElection (LeaderElection.java:askForVotes(181)) - c2cced2c-a5fa-4c5c-8090-f9d7b3a4cc37:group-357D35F2F4A5:LeaderElection4: begin an election at term 1 for -1: [c2cced2c-a5fa-4c5c-8090-f9d7b3a4cc37:192.168.36.111:38974], old=null
2019-09-03 19:15:54,214 [4cbc4ef8-b38a-42da-baa5-927a64bc0217:group-9BA973042DC7:LeaderElection2] INFO  impl.RoleInfo (RoleInfo.java:shutdownLeaderElection(134)) - 4cbc4ef8-b38a-42da-baa5-927a64bc0217: shutdown LeaderElection
2019-09-03 19:15:54,214 [c2cced2c-a5fa-4c5c-8090-f9d7b3a4cc37:group-357D35F2F4A5:LeaderElection4] INFO  impl.RoleInfo (RoleInfo.java:shutdownLeaderElection(134)) - c2cced2c-a5fa-4c5c-8090-f9d7b3a4cc37: shutdown LeaderElection
2019-09-03 19:15:54,214 [44cf7b35-669b-40df-948d-f1dd5cc3dccb:group-E786AE1EBDEA:LeaderElection3] INFO  impl.RoleInfo (RoleInfo.java:shutdownLeaderElection(134)) - 44cf7b35-669b-40df-948d-f1dd5cc3dccb: shutdown LeaderElection
2019-09-03 19:15:54,215 [c2cced2c-a5fa-4c5c-8090-f9d7b3a4cc37:group-357D35F2F4A5:LeaderElection4] INFO  impl.RaftServerImpl (RaftServerImpl.java:setRole(171)) - c2cced2c-a5fa-4c5c-8090-f9d7b3a4cc37:group-357D35F2F4A5 changes role from CANDIDATE to LEADER at term 1 for changeToLeader
2019-09-03 19:15:54,214 [4cbc4ef8-b38a-42da-baa5-927a64bc0217:group-9BA973042DC7:LeaderElection2] INFO  impl.RaftServerImpl (RaftServerImpl.java:setRole(171)) - 4cbc4ef8-b38a-42da-baa5-927a64bc0217:group-9BA973042DC7 changes role from CANDIDATE to LEADER at term 1 for changeToLeader
2019-09-03 19:15:54,215 [c2cced2c-a5fa-4c5c-8090-f9d7b3a4cc37:group-357D35F2F4A5:LeaderElection4] INFO  impl.RaftServerImpl (ServerState.java:setLeader(263)) - c2cced2c-a5fa-4c5c-8090-f9d7b3a4cc37:group-357D35F2F4A5 change Leader from null to c2cced2c-a5fa-4c5c-8090-f9d7b3a4cc37 at term 1 for becomeLeader, leader elected after 5287ms
2019-09-03 19:15:54,215 [44cf7b35-669b-40df-948d-f1dd5cc3dccb:group-E786AE1EBDEA:LeaderElection3] INFO  impl.RaftServerImpl (RaftServerImpl.java:setRole(171)) - 44cf7b35-669b-40df-948d-f1dd5cc3dccb:group-E786AE1EBDEA changes role from CANDIDATE to LEADER at term 1 for changeToLeader
2019-09-03 19:15:54,216 [c2cced2c-a5fa-4c5c-8090-f9d7b3a4cc37:group-357D35F2F4A5:LeaderElection4] INFO  server.RaftServerConfigKeys (ConfUtils.java:logGet(43)) - raft.server.staging.catchup.gap = 1000 (default)
2019-09-03 19:15:54,215 [4cbc4ef8-b38a-42da-baa5-927a64bc0217:group-9BA973042DC7:LeaderElection2] INFO  impl.RaftServerImpl (ServerState.java:setLeader(263)) - 4cbc4ef8-b38a-42da-baa5-927a64bc0217:group-9BA973042DC7 change Leader from null to 4cbc4ef8-b38a-42da-baa5-927a64bc0217 at term 1 for becomeLeader, leader elected after 5374ms
2019-09-03 19:15:54,216 [c2cced2c-a5fa-4c5c-8090-f9d7b3a4cc37:group-357D35F2F4A5:LeaderElection4] INFO  server.RaftServerConfigKeys (ConfUtils.java:logGet(43)) - raft.server.rpc.sleep.time = 25ms (default)
2019-09-03 19:15:54,218 [4cbc4ef8-b38a-42da-baa5-927a64bc0217:group-9BA973042DC7:LeaderElection2] INFO  server.RaftServerConfigKeys (ConfUtils.java:logGet(43)) - raft.server.staging.catchup.gap = 1000 (default)
2019-09-03 19:15:54,218 [c2cced2c-a5fa-4c5c-8090-f9d7b3a4cc37:group-357D35F2F4A5:LeaderElection4] INFO  server.RaftServerConfigKeys (ConfUtils.java:logGet(43)) - raft.server.write.element-limit = 4096 (default)
2019-09-03 19:15:54,216 [44cf7b35-669b-40df-948d-f1dd5cc3dccb:group-E786AE1EBDEA:LeaderElection3] INFO  impl.RaftServerImpl (ServerState.java:setLeader(263)) - 44cf7b35-669b-40df-948d-f1dd5cc3dccb:group-E786AE1EBDEA change Leader from null to 44cf7b35-669b-40df-948d-f1dd5cc3dccb at term 1 for becomeLeader, leader elected after 5236ms
2019-09-03 19:15:54,218 [c2cced2c-a5fa-4c5c-8090-f9d7b3a4cc37:group-357D35F2F4A5:LeaderElection4] INFO  server.RaftServerConfigKeys (ConfUtils.java:logGet(43)) - raft.server.watch.timeout = 10s (default)
2019-09-03 19:15:54,218 [4cbc4ef8-b38a-42da-baa5-927a64bc0217:group-9BA973042DC7:LeaderElection2] INFO  server.RaftServerConfigKeys (ConfUtils.java:logGet(43)) - raft.server.rpc.sleep.time = 25ms (default)
2019-09-03 19:15:54,220 [c2cced2c-a5fa-4c5c-8090-f9d7b3a4cc37:group-357D35F2F4A5:LeaderElection4] INFO  server.RaftServerConfigKeys (ConfUtils.java:logGet(43)) - raft.server.watch.timeout.denomination = 1s (default)
2019-09-03 19:15:54,220 [44cf7b35-669b-40df-948d-f1dd5cc3dccb:group-E786AE1EBDEA:LeaderElection3] INFO  server.RaftServerConfigKeys (ConfUtils.java:logGet(43)) - raft.server.staging.catchup.gap = 1000 (default)
2019-09-03 19:15:54,220 [c2cced2c-a5fa-4c5c-8090-f9d7b3a4cc37:group-357D35F2F4A5:LeaderElection4] INFO  server.RaftServerConfigKeys (ConfUtils.java:logGet(43)) - raft.server.watch.element-limit = 65536 (default)
2019-09-03 19:15:54,220 [4cbc4ef8-b38a-42da-baa5-927a64bc0217:group-9BA973042DC7:LeaderElection2] INFO  server.RaftServerConfigKeys (ConfUtils.java:logGet(43)) - raft.server.write.element-limit = 4096 (default)
2019-09-03 19:15:54,220 [44cf7b35-669b-40df-948d-f1dd5cc3dccb:group-E786AE1EBDEA:LeaderElection3] INFO  server.RaftServerConfigKeys (ConfUtils.java:logGet(43)) - raft.server.rpc.sleep.time = 25ms (default)
2019-09-03 19:15:54,222 [c2cced2c-a5fa-4c5c-8090-f9d7b3a4cc37:group-357D35F2F4A5:LeaderElection4] INFO  impl.RoleInfo (RoleInfo.java:updateAndGet(143)) - c2cced2c-a5fa-4c5c-8090-f9d7b3a4cc37: start LeaderState
2019-09-03 19:15:54,224 [4cbc4ef8-b38a-42da-baa5-927a64bc0217:group-9BA973042DC7:LeaderElection2] INFO  server.RaftServerConfigKeys (ConfUtils.java:logGet(43)) - raft.server.watch.timeout = 10s (default)
2019-09-03 19:15:54,224 [44cf7b35-669b-40df-948d-f1dd5cc3dccb:group-E786AE1EBDEA:LeaderElection3] INFO  server.RaftServerConfigKeys (ConfUtils.java:logGet(43)) - raft.server.write.element-limit = 4096 (default)
2019-09-03 19:15:54,224 [4cbc4ef8-b38a-42da-baa5-927a64bc0217:group-9BA973042DC7:LeaderElection2] INFO  server.RaftServerConfigKeys (ConfUtils.java:logGet(43)) - raft.server.watch.timeout.denomination = 1s (default)
2019-09-03 19:15:54,225 [44cf7b35-669b-40df-948d-f1dd5cc3dccb:group-E786AE1EBDEA:LeaderElection3] INFO  server.RaftServerConfigKeys (ConfUtils.java:logGet(43)) - raft.server.watch.timeout = 10s (default)
2019-09-03 19:15:54,225 [4cbc4ef8-b38a-42da-baa5-927a64bc0217:group-9BA973042DC7:LeaderElection2] INFO  server.RaftServerConfigKeys (ConfUtils.java:logGet(43)) - raft.server.watch.element-limit = 65536 (default)
2019-09-03 19:15:54,226 [44cf7b35-669b-40df-948d-f1dd5cc3dccb:group-E786AE1EBDEA:LeaderElection3] INFO  server.RaftServerConfigKeys (ConfUtils.java:logGet(43)) - raft.server.watch.timeout.denomination = 1s (default)
2019-09-03 19:15:54,226 [7fbfd930-315e-4dda-a09d-757ef11043e1:group-4DF86493E1ED:LeaderElection6] INFO  impl.LeaderElection (LeaderElection.java:askForVotes(181)) - 7fbfd930-315e-4dda-a09d-757ef11043e1:group-4DF86493E1ED:LeaderElection6: begin an election at term 1 for -1: [7fbfd930-315e-4dda-a09d-757ef11043e1:192.168.36.111:40821], old=null
2019-09-03 19:15:54,226 [c493b4b3-cebb-4892-b879-a25efd5348e1:group-9B53B19CA5A6:LeaderElection5] INFO  impl.LeaderElection (LeaderElection.java:askForVotes(181)) - c493b4b3-cebb-4892-b879-a25efd5348e1:group-9B53B19CA5A6:LeaderElection5: begin an election at term 1 for -1: [c493b4b3-cebb-4892-b879-a25efd5348e1:192.168.36.111:37988], old=null
2019-09-03 19:15:54,226 [7fbfd930-315e-4dda-a09d-757ef11043e1:group-4DF86493E1ED:LeaderElection6] INFO  impl.RoleInfo (RoleInfo.java:shutdownLeaderElection(134)) - 7fbfd930-315e-4dda-a09d-757ef11043e1: shutdown LeaderElection
2019-09-03 19:15:54,226 [4cbc4ef8-b38a-42da-baa5-927a64bc0217:group-9BA973042DC7:LeaderElection2] INFO  impl.RoleInfo (RoleInfo.java:updateAndGet(143)) - 4cbc4ef8-b38a-42da-baa5-927a64bc0217: start LeaderState
2019-09-03 19:15:54,226 [44cf7b35-669b-40df-948d-f1dd5cc3dccb:group-E786AE1EBDEA:LeaderElection3] INFO  server.RaftServerConfigKeys (ConfUtils.java:logGet(43)) - raft.server.watch.element-limit = 65536 (default)
2019-09-03 19:15:54,227 [7fbfd930-315e-4dda-a09d-757ef11043e1:group-4DF86493E1ED:LeaderElection6] INFO  impl.RaftServerImpl (RaftServerImpl.java:setRole(171)) - 7fbfd930-315e-4dda-a09d-757ef11043e1:group-4DF86493E1ED changes role from CANDIDATE to LEADER at term 1 for changeToLeader
2019-09-03 19:15:54,226 [grpc-default-executor-2] INFO  client.GrpcClientProtocolClient (GrpcClientProtocolClient.java:onNext(255)) - client-BB475B78FCF9->44cf7b35-669b-40df-948d-f1dd5cc3dccb: receive RaftClientReply:client-BB475B78FCF9->44cf7b35-669b-40df-948d-f1dd5cc3dccb@group-63B1919ED310, cid=13, FAILED org.apache.ratis.protocol.NotLeaderException: Server 44cf7b35-669b-40df-948d-f1dd5cc3dccb is not the leader (null). Request must be sent to leader., logIndex=0, commits[44cf7b35-669b-40df-948d-f1dd5cc3dccb:c-1]
2019-09-03 19:15:54,227 [4ebfd344-ca94-4a63-bd37-0865b7f24224:group-29887B3187DF:LeaderElection1] INFO  segmented.SegmentedRaftLogWorker (SegmentedRaftLogWorker.java:startLogSegment(380)) - 4ebfd344-ca94-4a63-bd37-0865b7f24224-SegmentedRaftLogWorker:Storage Directory /workdir/hadoop-ozone/integration-test/target/test-dir/MiniOzoneClusterImpl-50949d89-65ee-463c-9ac0-9cef6a8092fe/datanode-0/data/ratis/5135fcb8-0682-4ab9-831c-29887b3187df: Starting segment from index:0
2019-09-03 19:15:54,226 [c493b4b3-cebb-4892-b879-a25efd5348e1:group-9B53B19CA5A6:LeaderElection5] INFO  impl.RoleInfo (RoleInfo.java:shutdownLeaderElection(134)) - c493b4b3-cebb-4892-b879-a25efd5348e1: shutdown LeaderElection
2019-09-03 19:15:54,227 [4cbc4ef8-b38a-42da-baa5-927a64bc0217:group-9BA973042DC7:LeaderElection2] INFO  segmented.SegmentedRaftLogWorker (SegmentedRaftLogWorker.java:startLogSegment(380)) - 4cbc4ef8-b38a-42da-baa5-927a64bc0217-SegmentedRaftLogWorker:Storage Directory /workdir/hadoop-ozone/integration-test/target/test-dir/MiniOzoneClusterImpl-50949d89-65ee-463c-9ac0-9cef6a8092fe/datanode-2/data/ratis/4c9b93f2-8636-413a-8040-9ba973042dc7: Starting segment from index:0
2019-09-03 19:15:54,227 [c2cced2c-a5fa-4c5c-8090-f9d7b3a4cc37:group-357D35F2F4A5:LeaderElection4] INFO  segmented.SegmentedRaftLogWorker (SegmentedRaftLogWorker.java:startLogSegment(380)) - c2cced2c-a5fa-4c5c-8090-f9d7b3a4cc37-SegmentedRaftLogWorker:Storage Directory /workdir/hadoop-ozone/integration-test/target/test-dir/MiniOzoneClusterImpl-50949d89-65ee-463c-9ac0-9cef6a8092fe/datanode-4/data/ratis/12f612ea-7d47-423d-bd25-357d35f2f4a5: Starting segment from index:0
2019-09-03 19:15:54,227 [44cf7b35-669b-40df-948d-f1dd5cc3dccb:group-E786AE1EBDEA:LeaderElection3] INFO  impl.RoleInfo (RoleInfo.java:updateAndGet(143)) - 44cf7b35-669b-40df-948d-f1dd5cc3dccb: start LeaderState
2019-09-03 19:15:54,227 [7fbfd930-315e-4dda-a09d-757ef11043e1:group-4DF86493E1ED:LeaderElection6] INFO  impl.RaftServerImpl (ServerState.java:setLeader(263)) - 7fbfd930-315e-4dda-a09d-757ef11043e1:group-4DF86493E1ED change Leader from null to 7fbfd930-315e-4dda-a09d-757ef11043e1 at term 1 for becomeLeader, leader elected after 5194ms
2019-09-03 19:15:54,232 [c493b4b3-cebb-4892-b879-a25efd5348e1:group-9B53B19CA5A6:LeaderElection5] INFO  impl.RaftServerImpl (RaftServerImpl.java:setRole(171)) - c493b4b3-cebb-4892-b879-a25efd5348e1:group-9B53B19CA5A6 changes role from CANDIDATE to LEADER at term 1 for changeToLeader
2019-09-03 19:15:54,235 [44cf7b35-669b-40df-948d-f1dd5cc3dccb:group-E786AE1EBDEA:LeaderElection3] INFO  segmented.SegmentedRaftLogWorker (SegmentedRaftLogWorker.java:startLogSegment(380)) - 44cf7b35-669b-40df-948d-f1dd5cc3dccb-SegmentedRaftLogWorker:Storage Directory /workdir/hadoop-ozone/integration-test/target/test-dir/MiniOzoneClusterImpl-50949d89-65ee-463c-9ac0-9cef6a8092fe/datanode-1/data/ratis/7b63a9e1-201f-42e9-a81d-e786ae1ebdea: Starting segment from index:0
2019-09-03 19:15:54,235 [7fbfd930-315e-4dda-a09d-757ef11043e1:group-4DF86493E1ED:LeaderElection6] INFO  server.RaftServerConfigKeys (ConfUtils.java:logGet(43)) - raft.server.staging.catchup.gap = 1000 (default)
2019-09-03 19:15:54,236 [c493b4b3-cebb-4892-b879-a25efd5348e1:group-9B53B19CA5A6:LeaderElection5] INFO  impl.RaftServerImpl (ServerState.java:setLeader(263)) - c493b4b3-cebb-4892-b879-a25efd5348e1:group-9B53B19CA5A6 change Leader from null to c493b4b3-cebb-4892-b879-a25efd5348e1 at term 1 for becomeLeader, leader elected after 5058ms
2019-09-03 19:15:54,237 [7fbfd930-315e-4dda-a09d-757ef11043e1:group-4DF86493E1ED:LeaderElection6] INFO  server.RaftServerConfigKeys (ConfUtils.java:logGet(43)) - raft.server.rpc.sleep.time = 25ms (default)
2019-09-03 19:15:54,239 [c493b4b3-cebb-4892-b879-a25efd5348e1:group-9B53B19CA5A6:LeaderElection5] INFO  server.RaftServerConfigKeys (ConfUtils.java:logGet(43)) - raft.server.staging.catchup.gap = 1000 (default)
2019-09-03 19:15:54,239 [7fbfd930-315e-4dda-a09d-757ef11043e1:group-4DF86493E1ED:LeaderElection6] INFO  server.RaftServerConfigKeys (ConfUtils.java:logGet(43)) - raft.server.write.element-limit = 4096 (default)
2019-09-03 19:15:54,239 [c493b4b3-cebb-4892-b879-a25efd5348e1:group-9B53B19CA5A6:LeaderElection5] INFO  server.RaftServerConfigKeys (ConfUtils.java:logGet(43)) - raft.server.rpc.sleep.time = 25ms (default)
2019-09-03 19:15:54,239 [7fbfd930-315e-4dda-a09d-757ef11043e1:group-4DF86493E1ED:LeaderElection6] INFO  server.RaftServerConfigKeys (ConfUtils.java:logGet(43)) - raft.server.watch.timeout = 10s (default)
2019-09-03 19:15:54,240 [c493b4b3-cebb-4892-b879-a25efd5348e1:group-9B53B19CA5A6:LeaderElection5] INFO  server.RaftServerConfigKeys (ConfUtils.java:logGet(43)) - raft.server.write.element-limit = 4096 (default)
2019-09-03 19:15:54,240 [7fbfd930-315e-4dda-a09d-757ef11043e1:group-4DF86493E1ED:LeaderElection6] INFO  server.RaftServerConfigKeys (ConfUtils.java:logGet(43)) - raft.server.watch.timeout.denomination = 1s (default)
2019-09-03 19:15:54,240 [c493b4b3-cebb-4892-b879-a25efd5348e1:group-9B53B19CA5A6:LeaderElection5] INFO  server.RaftServerConfigKeys (ConfUtils.java:logGet(43)) - raft.server.watch.timeout = 10s (default)
2019-09-03 19:15:54,240 [7fbfd930-315e-4dda-a09d-757ef11043e1:group-4DF86493E1ED:LeaderElection6] INFO  server.RaftServerConfigKeys (ConfUtils.java:logGet(43)) - raft.server.watch.element-limit = 65536 (default)
2019-09-03 19:15:54,240 [c493b4b3-cebb-4892-b879-a25efd5348e1:group-9B53B19CA5A6:LeaderElection5] INFO  server.RaftServerConfigKeys (ConfUtils.java:logGet(43)) - raft.server.watch.timeout.denomination = 1s (default)
2019-09-03 19:15:54,240 [7fbfd930-315e-4dda-a09d-757ef11043e1:group-4DF86493E1ED:LeaderElection6] INFO  impl.RoleInfo (RoleInfo.java:updateAndGet(143)) - 7fbfd930-315e-4dda-a09d-757ef11043e1: start LeaderState
2019-09-03 19:15:54,240 [c493b4b3-cebb-4892-b879-a25efd5348e1:group-9B53B19CA5A6:LeaderElection5] INFO  server.RaftServerConfigKeys (ConfUtils.java:logGet(43)) - raft.server.watch.element-limit = 65536 (default)
2019-09-03 19:15:54,240 [7fbfd930-315e-4dda-a09d-757ef11043e1:group-4DF86493E1ED:LeaderElection6] INFO  segmented.SegmentedRaftLogWorker (SegmentedRaftLogWorker.java:startLogSegment(380)) - 7fbfd930-315e-4dda-a09d-757ef11043e1-SegmentedRaftLogWorker:Storage Directory /workdir/hadoop-ozone/integration-test/target/test-dir/MiniOzoneClusterImpl-50949d89-65ee-463c-9ac0-9cef6a8092fe/datanode-3/data/ratis/1abb983e-4d15-474f-a5c4-4df86493e1ed: Starting segment from index:0
2019-09-03 19:15:54,241 [c493b4b3-cebb-4892-b879-a25efd5348e1:group-9B53B19CA5A6:LeaderElection5] INFO  impl.RoleInfo (RoleInfo.java:updateAndGet(143)) - c493b4b3-cebb-4892-b879-a25efd5348e1: start LeaderState
2019-09-03 19:15:54,241 [c493b4b3-cebb-4892-b879-a25efd5348e1:group-9B53B19CA5A6:LeaderElection5] INFO  segmented.SegmentedRaftLogWorker (SegmentedRaftLogWorker.java:startLogSegment(380)) - c493b4b3-cebb-4892-b879-a25efd5348e1-SegmentedRaftLogWorker:Storage Directory /workdir/hadoop-ozone/integration-test/target/test-dir/MiniOzoneClusterImpl-50949d89-65ee-463c-9ac0-9cef6a8092fe/datanode-5/data/ratis/d013e85c-43a3-45f5-8378-9b53b19ca5a6: Starting segment from index:0
2019-09-03 19:15:54,246 [44cf7b35-669b-40df-948d-f1dd5cc3dccb:group-E786AE1EBDEA:LeaderElection3] INFO  impl.RaftServerImpl (ServerState.java:setRaftConf(361)) - 44cf7b35-669b-40df-948d-f1dd5cc3dccb:group-E786AE1EBDEA set configuration 0: [44cf7b35-669b-40df-948d-f1dd5cc3dccb:192.168.36.111:35273], old=null at 0
2019-09-03 19:15:54,246 [c2cced2c-a5fa-4c5c-8090-f9d7b3a4cc37:group-357D35F2F4A5:LeaderElection4] INFO  impl.RaftServerImpl (ServerState.java:setRaftConf(361)) - c2cced2c-a5fa-4c5c-8090-f9d7b3a4cc37:group-357D35F2F4A5 set configuration 0: [c2cced2c-a5fa-4c5c-8090-f9d7b3a4cc37:192.168.36.111:38974], old=null at 0
2019-09-03 19:15:54,246 [4cbc4ef8-b38a-42da-baa5-927a64bc0217:group-9BA973042DC7:LeaderElection2] INFO  impl.RaftServerImpl (ServerState.java:setRaftConf(361)) - 4cbc4ef8-b38a-42da-baa5-927a64bc0217:group-9BA973042DC7 set configuration 0: [4cbc4ef8-b38a-42da-baa5-927a64bc0217:192.168.36.111:39256], old=null at 0
2019-09-03 19:15:54,246 [7fbfd930-315e-4dda-a09d-757ef11043e1:group-4DF86493E1ED:LeaderElection6] INFO  impl.RaftServerImpl (ServerState.java:setRaftConf(361)) - 7fbfd930-315e-4dda-a09d-757ef11043e1:group-4DF86493E1ED set configuration 0: [7fbfd930-315e-4dda-a09d-757ef11043e1:192.168.36.111:40821], old=null at 0
2019-09-03 19:15:54,246 [4ebfd344-ca94-4a63-bd37-0865b7f24224:group-29887B3187DF:LeaderElection1] INFO  impl.RaftServerImpl (ServerState.java:setRaftConf(361)) - 4ebfd344-ca94-4a63-bd37-0865b7f24224:group-29887B3187DF set configuration 0: [4ebfd344-ca94-4a63-bd37-0865b7f24224:192.168.36.111:37147], old=null at 0
2019-09-03 19:15:54,246 [c493b4b3-cebb-4892-b879-a25efd5348e1:group-9B53B19CA5A6:LeaderElection5] INFO  impl.RaftServerImpl (ServerState.java:setRaftConf(361)) - c493b4b3-cebb-4892-b879-a25efd5348e1:group-9B53B19CA5A6 set configuration 0: [c493b4b3-cebb-4892-b879-a25efd5348e1:192.168.36.111:37988], old=null at 0
2019-09-03 19:15:54,271 [Thread-255] INFO  impl.FollowerState (FollowerState.java:run(106)) - 015a1f9e-984b-40a0-8c74-d24906177fee:group-D356A232141F changes to CANDIDATE, lastRpcTime:5155, electionTimeout:5155ms
2019-09-03 19:15:54,272 [Thread-255] INFO  impl.RoleInfo (RoleInfo.java:shutdownFollowerState(121)) - 015a1f9e-984b-40a0-8c74-d24906177fee: shutdown FollowerState
2019-09-03 19:15:54,272 [Thread-255] INFO  impl.RaftServerImpl (RaftServerImpl.java:setRole(171)) - 015a1f9e-984b-40a0-8c74-d24906177fee:group-D356A232141F changes role from FOLLOWER to CANDIDATE at term 0 for changeToCandidate
2019-09-03 19:15:54,272 [Thread-255] INFO  impl.RoleInfo (RoleInfo.java:updateAndGet(143)) - 015a1f9e-984b-40a0-8c74-d24906177fee: start LeaderElection
2019-09-03 19:15:54,289 [015a1f9e-984b-40a0-8c74-d24906177fee:group-D356A232141F:LeaderElection7] INFO  impl.LeaderElection (LeaderElection.java:askForVotes(181)) - 015a1f9e-984b-40a0-8c74-d24906177fee:group-D356A232141F:LeaderElection7: begin an election at term 1 for -1: [015a1f9e-984b-40a0-8c74-d24906177fee:192.168.36.111:33327], old=null
2019-09-03 19:15:54,290 [015a1f9e-984b-40a0-8c74-d24906177fee:group-D356A232141F:LeaderElection7] INFO  impl.RoleInfo (RoleInfo.java:shutdownLeaderElection(134)) - 015a1f9e-984b-40a0-8c74-d24906177fee: shutdown LeaderElection
2019-09-03 19:15:54,290 [015a1f9e-984b-40a0-8c74-d24906177fee:group-D356A232141F:LeaderElection7] INFO  impl.RaftServerImpl (RaftServerImpl.java:setRole(171)) - 015a1f9e-984b-40a0-8c74-d24906177fee:group-D356A232141F changes role from CANDIDATE to LEADER at term 1 for changeToLeader
2019-09-03 19:15:54,290 [015a1f9e-984b-40a0-8c74-d24906177fee:group-D356A232141F:LeaderElection7] INFO  impl.RaftServerImpl (ServerState.java:setLeader(263)) - 015a1f9e-984b-40a0-8c74-d24906177fee:group-D356A232141F change Leader from null to 015a1f9e-984b-40a0-8c74-d24906177fee at term 1 for becomeLeader, leader elected after 5177ms
2019-09-03 19:15:54,292 [015a1f9e-984b-40a0-8c74-d24906177fee:group-D356A232141F:LeaderElection7] INFO  server.RaftServerConfigKeys (ConfUtils.java:logGet(43)) - raft.server.staging.catchup.gap = 1000 (default)
2019-09-03 19:15:54,292 [015a1f9e-984b-40a0-8c74-d24906177fee:group-D356A232141F:LeaderElection7] INFO  server.RaftServerConfigKeys (ConfUtils.java:logGet(43)) - raft.server.rpc.sleep.time = 25ms (default)
2019-09-03 19:15:54,292 [015a1f9e-984b-40a0-8c74-d24906177fee:group-D356A232141F:LeaderElection7] INFO  server.RaftServerConfigKeys (ConfUtils.java:logGet(43)) - raft.server.write.element-limit = 4096 (default)
2019-09-03 19:15:54,292 [015a1f9e-984b-40a0-8c74-d24906177fee:group-D356A232141F:LeaderElection7] INFO  server.RaftServerConfigKeys (ConfUtils.java:logGet(43)) - raft.server.watch.timeout = 10s (default)
2019-09-03 19:15:54,292 [015a1f9e-984b-40a0-8c74-d24906177fee:group-D356A232141F:LeaderElection7] INFO  server.RaftServerConfigKeys (ConfUtils.java:logGet(43)) - raft.server.watch.timeout.denomination = 1s (default)
2019-09-03 19:15:54,293 [015a1f9e-984b-40a0-8c74-d24906177fee:group-D356A232141F:LeaderElection7] INFO  server.RaftServerConfigKeys (ConfUtils.java:logGet(43)) - raft.server.watch.element-limit = 65536 (default)
2019-09-03 19:15:54,293 [015a1f9e-984b-40a0-8c74-d24906177fee:group-D356A232141F:LeaderElection7] INFO  impl.RoleInfo (RoleInfo.java:updateAndGet(143)) - 015a1f9e-984b-40a0-8c74-d24906177fee: start LeaderState
2019-09-03 19:15:54,293 [015a1f9e-984b-40a0-8c74-d24906177fee:group-D356A232141F:LeaderElection7] INFO  segmented.SegmentedRaftLogWorker (SegmentedRaftLogWorker.java:startLogSegment(380)) - 015a1f9e-984b-40a0-8c74-d24906177fee-SegmentedRaftLogWorker:Storage Directory /workdir/hadoop-ozone/integration-test/target/test-dir/MiniOzoneClusterImpl-50949d89-65ee-463c-9ac0-9cef6a8092fe/datanode-6/data/ratis/618a3cf9-a565-410e-a6b0-d356a232141f: Starting segment from index:0
2019-09-03 19:15:54,293 [015a1f9e-984b-40a0-8c74-d24906177fee:group-D356A232141F:LeaderElection7] INFO  impl.RaftServerImpl (ServerState.java:setRaftConf(361)) - 015a1f9e-984b-40a0-8c74-d24906177fee:group-D356A232141F set configuration 0: [015a1f9e-984b-40a0-8c74-d24906177fee:192.168.36.111:33327], old=null at 0
2019-09-03 19:15:54,394 [Thread-265] INFO  impl.FollowerState (FollowerState.java:run(106)) - c2cced2c-a5fa-4c5c-8090-f9d7b3a4cc37:group-63B1919ED310 changes to CANDIDATE, lastRpcTime:5112, electionTimeout:5111ms
2019-09-03 19:15:54,395 [Thread-265] INFO  impl.RoleInfo (RoleInfo.java:shutdownFollowerState(121)) - c2cced2c-a5fa-4c5c-8090-f9d7b3a4cc37: shutdown FollowerState
2019-09-03 19:15:54,395 [Thread-265] INFO  impl.RaftServerImpl (RaftServerImpl.java:setRole(171)) - c2cced2c-a5fa-4c5c-8090-f9d7b3a4cc37:group-63B1919ED310 changes role from FOLLOWER to CANDIDATE at term 0 for changeToCandidate
2019-09-03 19:15:54,395 [Thread-265] INFO  impl.RoleInfo (RoleInfo.java:updateAndGet(143)) - c2cced2c-a5fa-4c5c-8090-f9d7b3a4cc37: start LeaderElection
2019-09-03 19:15:54,440 [Thread-266] INFO  impl.FollowerState (FollowerState.java:run(106)) - 4cbc4ef8-b38a-42da-baa5-927a64bc0217:group-63B1919ED310 changes to CANDIDATE, lastRpcTime:5158, electionTimeout:5157ms
2019-09-03 19:15:54,441 [Thread-266] INFO  impl.RoleInfo (RoleInfo.java:shutdownFollowerState(121)) - 4cbc4ef8-b38a-42da-baa5-927a64bc0217: shutdown FollowerState
2019-09-03 19:15:54,441 [Thread-266] INFO  impl.RaftServerImpl (RaftServerImpl.java:setRole(171)) - 4cbc4ef8-b38a-42da-baa5-927a64bc0217:group-63B1919ED310 changes role from FOLLOWER to CANDIDATE at term 0 for changeToCandidate
2019-09-03 19:15:54,441 [Thread-266] INFO  impl.RoleInfo (RoleInfo.java:updateAndGet(143)) - 4cbc4ef8-b38a-42da-baa5-927a64bc0217: start LeaderElection
2019-09-03 19:15:54,457 [Thread-261] INFO  impl.FollowerState (FollowerState.java:run(106)) - 44cf7b35-669b-40df-948d-f1dd5cc3dccb:group-63B1919ED310 changes to CANDIDATE, lastRpcTime:5177, electionTimeout:5173ms
2019-09-03 19:15:54,457 [015a1f9e-984b-40a0-8c74-d24906177fee-SegmentedRaftLogWorker:Storage Directory /workdir/hadoop-ozone/integration-test/target/test-dir/MiniOzoneClusterImpl-50949d89-65ee-463c-9ac0-9cef6a8092fe/datanode-6/data/ratis/618a3cf9-a565-410e-a6b0-d356a232141f] INFO  segmented.SegmentedRaftLogWorker (SegmentedRaftLogWorker.java:execute(569)) - 015a1f9e-984b-40a0-8c74-d24906177fee-SegmentedRaftLogWorker:Storage Directory /workdir/hadoop-ozone/integration-test/target/test-dir/MiniOzoneClusterImpl-50949d89-65ee-463c-9ac0-9cef6a8092fe/datanode-6/data/ratis/618a3cf9-a565-410e-a6b0-d356a232141f: created new log segment /workdir/hadoop-ozone/integration-test/target/test-dir/MiniOzoneClusterImpl-50949d89-65ee-463c-9ac0-9cef6a8092fe/datanode-6/data/ratis/618a3cf9-a565-410e-a6b0-d356a232141f/current/log_inprogress_0
2019-09-03 19:15:54,457 [c2cced2c-a5fa-4c5c-8090-f9d7b3a4cc37-SegmentedRaftLogWorker:Storage Directory /workdir/hadoop-ozone/integration-test/target/test-dir/MiniOzoneClusterImpl-50949d89-65ee-463c-9ac0-9cef6a8092fe/datanode-4/data/ratis/12f612ea-7d47-423d-bd25-357d35f2f4a5] INFO  segmented.SegmentedRaftLogWorker (SegmentedRaftLogWorker.java:execute(569)) - c2cced2c-a5fa-4c5c-8090-f9d7b3a4cc37-SegmentedRaftLogWorker:Storage Directory /workdir/hadoop-ozone/integration-test/target/test-dir/MiniOzoneClusterImpl-50949d89-65ee-463c-9ac0-9cef6a8092fe/datanode-4/data/ratis/12f612ea-7d47-423d-bd25-357d35f2f4a5: created new log segment /workdir/hadoop-ozone/integration-test/target/test-dir/MiniOzoneClusterImpl-50949d89-65ee-463c-9ac0-9cef6a8092fe/datanode-4/data/ratis/12f612ea-7d47-423d-bd25-357d35f2f4a5/current/log_inprogress_0
2019-09-03 19:15:54,457 [4ebfd344-ca94-4a63-bd37-0865b7f24224-SegmentedRaftLogWorker:Storage Directory /workdir/hadoop-ozone/integration-test/target/test-dir/MiniOzoneClusterImpl-50949d89-65ee-463c-9ac0-9cef6a8092fe/datanode-0/data/ratis/5135fcb8-0682-4ab9-831c-29887b3187df] INFO  segmented.SegmentedRaftLogWorker (SegmentedRaftLogWorker.java:execute(569)) - 4ebfd344-ca94-4a63-bd37-0865b7f24224-SegmentedRaftLogWorker:Storage Directory /workdir/hadoop-ozone/integration-test/target/test-dir/MiniOzoneClusterImpl-50949d89-65ee-463c-9ac0-9cef6a8092fe/datanode-0/data/ratis/5135fcb8-0682-4ab9-831c-29887b3187df: created new log segment /workdir/hadoop-ozone/integration-test/target/test-dir/MiniOzoneClusterImpl-50949d89-65ee-463c-9ac0-9cef6a8092fe/datanode-0/data/ratis/5135fcb8-0682-4ab9-831c-29887b3187df/current/log_inprogress_0
2019-09-03 19:15:54,457 [Thread-261] INFO  impl.RoleInfo (RoleInfo.java:shutdownFollowerState(121)) - 44cf7b35-669b-40df-948d-f1dd5cc3dccb: shutdown FollowerState
2019-09-03 19:15:54,459 [c2cced2c-a5fa-4c5c-8090-f9d7b3a4cc37:group-63B1919ED310:LeaderElection8] INFO  impl.LeaderElection (LeaderElection.java:askForVotes(181)) - c2cced2c-a5fa-4c5c-8090-f9d7b3a4cc37:group-63B1919ED310:LeaderElection8: begin an election at term 1 for -1: [4cbc4ef8-b38a-42da-baa5-927a64bc0217:192.168.36.111:39256, c2cced2c-a5fa-4c5c-8090-f9d7b3a4cc37:192.168.36.111:38974, 44cf7b35-669b-40df-948d-f1dd5cc3dccb:192.168.36.111:35273], old=null
2019-09-03 19:15:54,470 [Thread-270] INFO  impl.FollowerState (FollowerState.java:run(106)) - 4ebfd344-ca94-4a63-bd37-0865b7f24224:group-A412D6A07EE1 changes to CANDIDATE, lastRpcTime:5090, electionTimeout:5088ms
2019-09-03 19:15:54,468 [Thread-261] INFO  impl.RaftServerImpl (RaftServerImpl.java:setRole(171)) - 44cf7b35-669b-40df-948d-f1dd5cc3dccb:group-63B1919ED310 changes role from FOLLOWER to CANDIDATE at term 0 for changeToCandidate
2019-09-03 19:15:54,471 [Thread-270] INFO  impl.RoleInfo (RoleInfo.java:shutdownFollowerState(121)) - 4ebfd344-ca94-4a63-bd37-0865b7f24224: shutdown FollowerState
2019-09-03 19:15:54,471 [Thread-261] INFO  impl.RoleInfo (RoleInfo.java:updateAndGet(143)) - 44cf7b35-669b-40df-948d-f1dd5cc3dccb: start LeaderElection
2019-09-03 19:15:54,471 [Thread-270] INFO  impl.RaftServerImpl (RaftServerImpl.java:setRole(171)) - 4ebfd344-ca94-4a63-bd37-0865b7f24224:group-A412D6A07EE1 changes role from FOLLOWER to CANDIDATE at term 0 for changeToCandidate
2019-09-03 19:15:54,473 [Thread-270] INFO  impl.RoleInfo (RoleInfo.java:updateAndGet(143)) - 4ebfd344-ca94-4a63-bd37-0865b7f24224: start LeaderElection
2019-09-03 19:15:54,475 [7fbfd930-315e-4dda-a09d-757ef11043e1-SegmentedRaftLogWorker:Storage Directory /workdir/hadoop-ozone/integration-test/target/test-dir/MiniOzoneClusterImpl-50949d89-65ee-463c-9ac0-9cef6a8092fe/datanode-3/data/ratis/1abb983e-4d15-474f-a5c4-4df86493e1ed] INFO  segmented.SegmentedRaftLogWorker (SegmentedRaftLogWorker.java:execute(569)) - 7fbfd930-315e-4dda-a09d-757ef11043e1-SegmentedRaftLogWorker:Storage Directory /workdir/hadoop-ozone/integration-test/target/test-dir/MiniOzoneClusterImpl-50949d89-65ee-463c-9ac0-9cef6a8092fe/datanode-3/data/ratis/1abb983e-4d15-474f-a5c4-4df86493e1ed: created new log segment /workdir/hadoop-ozone/integration-test/target/test-dir/MiniOzoneClusterImpl-50949d89-65ee-463c-9ac0-9cef6a8092fe/datanode-3/data/ratis/1abb983e-4d15-474f-a5c4-4df86493e1ed/current/log_inprogress_0
2019-09-03 19:15:54,475 [4cbc4ef8-b38a-42da-baa5-927a64bc0217:group-63B1919ED310:LeaderElection9] INFO  impl.LeaderElection (LeaderElection.java:askForVotes(181)) - 4cbc4ef8-b38a-42da-baa5-927a64bc0217:group-63B1919ED310:LeaderElection9: begin an election at term 1 for -1: [4cbc4ef8-b38a-42da-baa5-927a64bc0217:192.168.36.111:39256, c2cced2c-a5fa-4c5c-8090-f9d7b3a4cc37:192.168.36.111:38974, 44cf7b35-669b-40df-948d-f1dd5cc3dccb:192.168.36.111:35273], old=null
2019-09-03 19:15:54,475 [44cf7b35-669b-40df-948d-f1dd5cc3dccb-SegmentedRaftLogWorker:Storage Directory /workdir/hadoop-ozone/integration-test/target/test-dir/MiniOzoneClusterImpl-50949d89-65ee-463c-9ac0-9cef6a8092fe/datanode-1/data/ratis/7b63a9e1-201f-42e9-a81d-e786ae1ebdea] INFO  segmented.SegmentedRaftLogWorker (SegmentedRaftLogWorker.java:execute(569)) - 44cf7b35-669b-40df-948d-f1dd5cc3dccb-SegmentedRaftLogWorker:Storage Directory /workdir/hadoop-ozone/integration-test/target/test-dir/MiniOzoneClusterImpl-50949d89-65ee-463c-9ac0-9cef6a8092fe/datanode-1/data/ratis/7b63a9e1-201f-42e9-a81d-e786ae1ebdea: created new log segment /workdir/hadoop-ozone/integration-test/target/test-dir/MiniOzoneClusterImpl-50949d89-65ee-463c-9ac0-9cef6a8092fe/datanode-1/data/ratis/7b63a9e1-201f-42e9-a81d-e786ae1ebdea/current/log_inprogress_0
2019-09-03 19:15:54,475 [4cbc4ef8-b38a-42da-baa5-927a64bc0217-SegmentedRaftLogWorker:Storage Directory /workdir/hadoop-ozone/integration-test/target/test-dir/MiniOzoneClusterImpl-50949d89-65ee-463c-9ac0-9cef6a8092fe/datanode-2/data/ratis/4c9b93f2-8636-413a-8040-9ba973042dc7] INFO  segmented.SegmentedRaftLogWorker (SegmentedRaftLogWorker.java:execute(569)) - 4cbc4ef8-b38a-42da-baa5-927a64bc0217-SegmentedRaftLogWorker:Storage Directory /workdir/hadoop-ozone/integration-test/target/test-dir/MiniOzoneClusterImpl-50949d89-65ee-463c-9ac0-9cef6a8092fe/datanode-2/data/ratis/4c9b93f2-8636-413a-8040-9ba973042dc7: created new log segment /workdir/hadoop-ozone/integration-test/target/test-dir/MiniOzoneClusterImpl-50949d89-65ee-463c-9ac0-9cef6a8092fe/datanode-2/data/ratis/4c9b93f2-8636-413a-8040-9ba973042dc7/current/log_inprogress_0
2019-09-03 19:15:54,475 [c493b4b3-cebb-4892-b879-a25efd5348e1-SegmentedRaftLogWorker:Storage Directory /workdir/hadoop-ozone/integration-test/target/test-dir/MiniOzoneClusterImpl-50949d89-65ee-463c-9ac0-9cef6a8092fe/datanode-5/data/ratis/d013e85c-43a3-45f5-8378-9b53b19ca5a6] INFO  segmented.SegmentedRaftLogWorker (SegmentedRaftLogWorker.java:execute(569)) - c493b4b3-cebb-4892-b879-a25efd5348e1-SegmentedRaftLogWorker:Storage Directory /workdir/hadoop-ozone/integration-test/target/test-dir/MiniOzoneClusterImpl-50949d89-65ee-463c-9ac0-9cef6a8092fe/datanode-5/data/ratis/d013e85c-43a3-45f5-8378-9b53b19ca5a6: created new log segment /workdir/hadoop-ozone/integration-test/target/test-dir/MiniOzoneClusterImpl-50949d89-65ee-463c-9ac0-9cef6a8092fe/datanode-5/data/ratis/d013e85c-43a3-45f5-8378-9b53b19ca5a6/current/log_inprogress_0
2019-09-03 19:15:54,497 [44cf7b35-669b-40df-948d-f1dd5cc3dccb:group-63B1919ED310:LeaderElection10] INFO  impl.LeaderElection (LeaderElection.java:askForVotes(181)) - 44cf7b35-669b-40df-948d-f1dd5cc3dccb:group-63B1919ED310:LeaderElection10: begin an election at term 1 for -1: [4cbc4ef8-b38a-42da-baa5-927a64bc0217:192.168.36.111:39256, c2cced2c-a5fa-4c5c-8090-f9d7b3a4cc37:192.168.36.111:38974, 44cf7b35-669b-40df-948d-f1dd5cc3dccb:192.168.36.111:35273], old=null
2019-09-03 19:15:54,497 [4ebfd344-ca94-4a63-bd37-0865b7f24224:group-A412D6A07EE1:LeaderElection11] INFO  impl.LeaderElection (LeaderElection.java:askForVotes(181)) - 4ebfd344-ca94-4a63-bd37-0865b7f24224:group-A412D6A07EE1:LeaderElection11: begin an election at term 1 for -1: [7fbfd930-315e-4dda-a09d-757ef11043e1:192.168.36.111:40821, 015a1f9e-984b-40a0-8c74-d24906177fee:192.168.36.111:33327, 4ebfd344-ca94-4a63-bd37-0865b7f24224:192.168.36.111:37147], old=null
2019-09-03 19:15:54,529 [Thread-273] INFO  impl.FollowerState (FollowerState.java:run(106)) - 015a1f9e-984b-40a0-8c74-d24906177fee:group-A412D6A07EE1 changes to CANDIDATE, lastRpcTime:5147, electionTimeout:5146ms
2019-09-03 19:15:54,530 [Thread-273] INFO  impl.RoleInfo (RoleInfo.java:shutdownFollowerState(121)) - 015a1f9e-984b-40a0-8c74-d24906177fee: shutdown FollowerState
2019-09-03 19:15:54,530 [Thread-273] INFO  impl.RaftServerImpl (RaftServerImpl.java:setRole(171)) - 015a1f9e-984b-40a0-8c74-d24906177fee:group-A412D6A07EE1 changes role from FOLLOWER to CANDIDATE at term 0 for changeToCandidate
2019-09-03 19:15:54,532 [Thread-273] INFO  impl.RoleInfo (RoleInfo.java:updateAndGet(143)) - 015a1f9e-984b-40a0-8c74-d24906177fee: start LeaderElection
2019-09-03 19:15:54,537 [grpc-default-executor-5] INFO  impl.RaftServerImpl (RaftServerImpl.java:setRole(171)) - 015a1f9e-984b-40a0-8c74-d24906177fee:group-A412D6A07EE1 changes role from CANDIDATE to FOLLOWER at term 1 for recognizeCandidate:4ebfd344-ca94-4a63-bd37-0865b7f24224
2019-09-03 19:15:54,537 [grpc-default-executor-4] INFO  impl.RaftServerImpl (RaftServerImpl.java:setRole(171)) - 7fbfd930-315e-4dda-a09d-757ef11043e1:group-A412D6A07EE1 changes role from FOLLOWER to FOLLOWER at term 1 for recognizeCandidate:4ebfd344-ca94-4a63-bd37-0865b7f24224
2019-09-03 19:15:54,537 [grpc-default-executor-5] INFO  impl.RoleInfo (RoleInfo.java:shutdownLeaderElection(134)) - 015a1f9e-984b-40a0-8c74-d24906177fee: shutdown LeaderElection
2019-09-03 19:15:54,538 [grpc-default-executor-4] INFO  impl.RoleInfo (RoleInfo.java:shutdownFollowerState(121)) - 7fbfd930-315e-4dda-a09d-757ef11043e1: shutdown FollowerState
2019-09-03 19:15:54,540 [grpc-default-executor-5] INFO  impl.RoleInfo (RoleInfo.java:updateAndGet(143)) - 015a1f9e-984b-40a0-8c74-d24906177fee: start FollowerState
2019-09-03 19:15:54,546 [grpc-default-executor-4] INFO  impl.RoleInfo (RoleInfo.java:updateAndGet(143)) - 7fbfd930-315e-4dda-a09d-757ef11043e1: start FollowerState
2019-09-03 19:15:54,546 [Thread-276] INFO  impl.FollowerState (FollowerState.java:run(114)) - 7fbfd930-315e-4dda-a09d-757ef11043e1: FollowerState was interrupted: java.lang.InterruptedException: sleep interrupted
2019-09-03 19:15:54,551 [4cbc4ef8-b38a-42da-baa5-927a64bc0217:group-63B1919ED310:LeaderElection9] INFO  impl.LeaderElection (LeaderElection.java:logAndReturn(56)) - 4cbc4ef8-b38a-42da-baa5-927a64bc0217:group-63B1919ED310:LeaderElection9: Election REJECTED; received 2 response(s) [4cbc4ef8-b38a-42da-baa5-927a64bc0217<-c2cced2c-a5fa-4c5c-8090-f9d7b3a4cc37#0:FAIL-t1, 4cbc4ef8-b38a-42da-baa5-927a64bc0217<-44cf7b35-669b-40df-948d-f1dd5cc3dccb#0:FAIL-t1] and 0 exception(s); 4cbc4ef8-b38a-42da-baa5-927a64bc0217:t1, leader=null, voted=4cbc4ef8-b38a-42da-baa5-927a64bc0217, raftlog=4cbc4ef8-b38a-42da-baa5-927a64bc0217-SegmentedRaftLog:OPENED:c-1,f-1,i0, conf=-1: [4cbc4ef8-b38a-42da-baa5-927a64bc0217:192.168.36.111:39256, c2cced2c-a5fa-4c5c-8090-f9d7b3a4cc37:192.168.36.111:38974, 44cf7b35-669b-40df-948d-f1dd5cc3dccb:192.168.36.111:35273], old=null
2019-09-03 19:15:54,551 [c2cced2c-a5fa-4c5c-8090-f9d7b3a4cc37:group-63B1919ED310:LeaderElection8] INFO  impl.LeaderElection (LeaderElection.java:logAndReturn(56)) - c2cced2c-a5fa-4c5c-8090-f9d7b3a4cc37:group-63B1919ED310:LeaderElection8: Election REJECTED; received 2 response(s) [c2cced2c-a5fa-4c5c-8090-f9d7b3a4cc37<-4cbc4ef8-b38a-42da-baa5-927a64bc0217#0:FAIL-t1, c2cced2c-a5fa-4c5c-8090-f9d7b3a4cc37<-44cf7b35-669b-40df-948d-f1dd5cc3dccb#0:FAIL-t1] and 0 exception(s); c2cced2c-a5fa-4c5c-8090-f9d7b3a4cc37:t1, leader=null, voted=c2cced2c-a5fa-4c5c-8090-f9d7b3a4cc37, raftlog=c2cced2c-a5fa-4c5c-8090-f9d7b3a4cc37-SegmentedRaftLog:OPENED:c-1,f-1,i0, conf=-1: [4cbc4ef8-b38a-42da-baa5-927a64bc0217:192.168.36.111:39256, c2cced2c-a5fa-4c5c-8090-f9d7b3a4cc37:192.168.36.111:38974, 44cf7b35-669b-40df-948d-f1dd5cc3dccb:192.168.36.111:35273], old=null
2019-09-03 19:15:54,551 [4cbc4ef8-b38a-42da-baa5-927a64bc0217:group-63B1919ED310:LeaderElection9] INFO  impl.RaftServerImpl (RaftServerImpl.java:setRole(171)) - 4cbc4ef8-b38a-42da-baa5-927a64bc0217:group-63B1919ED310 changes role from CANDIDATE to FOLLOWER at term 1 for DISCOVERED_A_NEW_TERM
2019-09-03 19:15:54,553 [4cbc4ef8-b38a-42da-baa5-927a64bc0217:group-63B1919ED310:LeaderElection9] INFO  impl.RoleInfo (RoleInfo.java:shutdownLeaderElection(134)) - 4cbc4ef8-b38a-42da-baa5-927a64bc0217: shutdown LeaderElection
2019-09-03 19:15:54,554 [c2cced2c-a5fa-4c5c-8090-f9d7b3a4cc37:group-63B1919ED310:LeaderElection8] INFO  impl.RaftServerImpl (RaftServerImpl.java:setRole(171)) - c2cced2c-a5fa-4c5c-8090-f9d7b3a4cc37:group-63B1919ED310 changes role from CANDIDATE to FOLLOWER at term 1 for DISCOVERED_A_NEW_TERM
2019-09-03 19:15:54,556 [4cbc4ef8-b38a-42da-baa5-927a64bc0217:group-63B1919ED310:LeaderElection9] INFO  impl.RoleInfo (RoleInfo.java:updateAndGet(143)) - 4cbc4ef8-b38a-42da-baa5-927a64bc0217: start FollowerState
2019-09-03 19:15:54,558 [c2cced2c-a5fa-4c5c-8090-f9d7b3a4cc37:group-63B1919ED310:LeaderElection8] INFO  impl.RoleInfo (RoleInfo.java:shutdownLeaderElection(134)) - c2cced2c-a5fa-4c5c-8090-f9d7b3a4cc37: shutdown LeaderElection
2019-09-03 19:15:54,561 [c2cced2c-a5fa-4c5c-8090-f9d7b3a4cc37:group-63B1919ED310:LeaderElection8] INFO  impl.RoleInfo (RoleInfo.java:updateAndGet(143)) - c2cced2c-a5fa-4c5c-8090-f9d7b3a4cc37: start FollowerState
2019-09-03 19:15:54,564 [44cf7b35-669b-40df-948d-f1dd5cc3dccb:group-63B1919ED310:LeaderElection10] INFO  impl.LeaderElection (LeaderElection.java:logAndReturn(56)) - 44cf7b35-669b-40df-948d-f1dd5cc3dccb:group-63B1919ED310:LeaderElection10: Election REJECTED; received 2 response(s) [44cf7b35-669b-40df-948d-f1dd5cc3dccb<-4cbc4ef8-b38a-42da-baa5-927a64bc0217#0:FAIL-t1, 44cf7b35-669b-40df-948d-f1dd5cc3dccb<-c2cced2c-a5fa-4c5c-8090-f9d7b3a4cc37#0:FAIL-t1] and 0 exception(s); 44cf7b35-669b-40df-948d-f1dd5cc3dccb:t1, leader=null, voted=44cf7b35-669b-40df-948d-f1dd5cc3dccb, raftlog=44cf7b35-669b-40df-948d-f1dd5cc3dccb-SegmentedRaftLog:OPENED:c-1,f-1,i0, conf=-1: [4cbc4ef8-b38a-42da-baa5-927a64bc0217:192.168.36.111:39256, c2cced2c-a5fa-4c5c-8090-f9d7b3a4cc37:192.168.36.111:38974, 44cf7b35-669b-40df-948d-f1dd5cc3dccb:192.168.36.111:35273], old=null
2019-09-03 19:15:54,564 [44cf7b35-669b-40df-948d-f1dd5cc3dccb:group-63B1919ED310:LeaderElection10] INFO  impl.RaftServerImpl (RaftServerImpl.java:setRole(171)) - 44cf7b35-669b-40df-948d-f1dd5cc3dccb:group-63B1919ED310 changes role from CANDIDATE to FOLLOWER at term 1 for DISCOVERED_A_NEW_TERM
2019-09-03 19:15:54,566 [44cf7b35-669b-40df-948d-f1dd5cc3dccb:group-63B1919ED310:LeaderElection10] INFO  impl.RoleInfo (RoleInfo.java:shutdownLeaderElection(134)) - 44cf7b35-669b-40df-948d-f1dd5cc3dccb: shutdown LeaderElection
2019-09-03 19:15:54,568 [44cf7b35-669b-40df-948d-f1dd5cc3dccb:group-63B1919ED310:LeaderElection10] INFO  impl.RoleInfo (RoleInfo.java:updateAndGet(143)) - 44cf7b35-669b-40df-948d-f1dd5cc3dccb: start FollowerState
2019-09-03 19:15:54,577 [015a1f9e-984b-40a0-8c74-d24906177fee:group-A412D6A07EE1:LeaderElection12] INFO  impl.LeaderElection (LeaderElection.java:askForVotes(181)) - 015a1f9e-984b-40a0-8c74-d24906177fee:group-A412D6A07EE1:LeaderElection12: begin an election at term 2 for -1: [7fbfd930-315e-4dda-a09d-757ef11043e1:192.168.36.111:40821, 015a1f9e-984b-40a0-8c74-d24906177fee:192.168.36.111:33327, 4ebfd344-ca94-4a63-bd37-0865b7f24224:192.168.36.111:37147], old=null
2019-09-03 19:15:54,580 [015a1f9e-984b-40a0-8c74-d24906177fee:group-A412D6A07EE1:LeaderElection12] INFO  impl.LeaderElection (LeaderElection.java:logAndReturn(56)) - 015a1f9e-984b-40a0-8c74-d24906177fee:group-A412D6A07EE1:LeaderElection12: Election REJECTED; received 0 response(s) [] and 0 exception(s); 015a1f9e-984b-40a0-8c74-d24906177fee:t2, leader=null, voted=015a1f9e-984b-40a0-8c74-d24906177fee, raftlog=015a1f9e-984b-40a0-8c74-d24906177fee-SegmentedRaftLog:OPENED:c-1,f-1,i0, conf=-1: [7fbfd930-315e-4dda-a09d-757ef11043e1:192.168.36.111:40821, 015a1f9e-984b-40a0-8c74-d24906177fee:192.168.36.111:33327, 4ebfd344-ca94-4a63-bd37-0865b7f24224:192.168.36.111:37147], old=null
2019-09-03 19:15:54,586 [4ebfd344-ca94-4a63-bd37-0865b7f24224:group-A412D6A07EE1:LeaderElection11] INFO  impl.LeaderElection (LeaderElection.java:logAndReturn(56)) - 4ebfd344-ca94-4a63-bd37-0865b7f24224:group-A412D6A07EE1:LeaderElection11: Election PASSED; received 2 response(s) [4ebfd344-ca94-4a63-bd37-0865b7f24224<-7fbfd930-315e-4dda-a09d-757ef11043e1#0:OK-t1, 4ebfd344-ca94-4a63-bd37-0865b7f24224<-015a1f9e-984b-40a0-8c74-d24906177fee#0:FAIL-t1] and 0 exception(s); 4ebfd344-ca94-4a63-bd37-0865b7f24224:t1, leader=null, voted=4ebfd344-ca94-4a63-bd37-0865b7f24224, raftlog=4ebfd344-ca94-4a63-bd37-0865b7f24224-SegmentedRaftLog:OPENED:c-1,f-1,i0, conf=-1: [7fbfd930-315e-4dda-a09d-757ef11043e1:192.168.36.111:40821, 015a1f9e-984b-40a0-8c74-d24906177fee:192.168.36.111:33327, 4ebfd344-ca94-4a63-bd37-0865b7f24224:192.168.36.111:37147], old=null
2019-09-03 19:15:54,586 [4ebfd344-ca94-4a63-bd37-0865b7f24224:group-A412D6A07EE1:LeaderElection11] INFO  impl.RoleInfo (RoleInfo.java:shutdownLeaderElection(134)) - 4ebfd344-ca94-4a63-bd37-0865b7f24224: shutdown LeaderElection
2019-09-03 19:15:54,586 [4ebfd344-ca94-4a63-bd37-0865b7f24224:group-A412D6A07EE1:LeaderElection11] INFO  impl.RaftServerImpl (RaftServerImpl.java:setRole(171)) - 4ebfd344-ca94-4a63-bd37-0865b7f24224:group-A412D6A07EE1 changes role from CANDIDATE to LEADER at term 1 for changeToLeader
2019-09-03 19:15:54,590 [4ebfd344-ca94-4a63-bd37-0865b7f24224:group-A412D6A07EE1:LeaderElection11] INFO  impl.RaftServerImpl (ServerState.java:setLeader(263)) - 4ebfd344-ca94-4a63-bd37-0865b7f24224:group-A412D6A07EE1 change Leader from null to 4ebfd344-ca94-4a63-bd37-0865b7f24224 at term 1 for becomeLeader, leader elected after 5223ms
2019-09-03 19:15:54,590 [4ebfd344-ca94-4a63-bd37-0865b7f24224:group-A412D6A07EE1:LeaderElection11] INFO  server.RaftServerConfigKeys (ConfUtils.java:logGet(43)) - raft.server.staging.catchup.gap = 1000 (default)
2019-09-03 19:15:54,590 [4ebfd344-ca94-4a63-bd37-0865b7f24224:group-A412D6A07EE1:LeaderElection11] INFO  server.RaftServerConfigKeys (ConfUtils.java:logGet(43)) - raft.server.rpc.sleep.time = 25ms (default)
2019-09-03 19:15:54,590 [4ebfd344-ca94-4a63-bd37-0865b7f24224:group-A412D6A07EE1:LeaderElection11] INFO  server.RaftServerConfigKeys (ConfUtils.java:logGet(43)) - raft.server.write.element-limit = 4096 (default)
2019-09-03 19:15:54,590 [4ebfd344-ca94-4a63-bd37-0865b7f24224:group-A412D6A07EE1:LeaderElection11] INFO  server.RaftServerConfigKeys (ConfUtils.java:logGet(43)) - raft.server.watch.timeout = 10s (default)
2019-09-03 19:15:54,591 [4ebfd344-ca94-4a63-bd37-0865b7f24224:group-A412D6A07EE1:LeaderElection11] INFO  server.RaftServerConfigKeys (ConfUtils.java:logGet(43)) - raft.server.watch.timeout.denomination = 1s (default)
2019-09-03 19:15:54,591 [4ebfd344-ca94-4a63-bd37-0865b7f24224:group-A412D6A07EE1:LeaderElection11] INFO  server.RaftServerConfigKeys (ConfUtils.java:logGet(43)) - raft.server.watch.element-limit = 65536 (default)
2019-09-03 19:15:54,593 [4ebfd344-ca94-4a63-bd37-0865b7f24224:group-A412D6A07EE1:LeaderElection11] INFO  server.RaftServerConfigKeys (ConfUtils.java:logGet(43)) - raft.server.log.appender.snapshot.chunk.size.max = 16MB (=16777216) (default)
2019-09-03 19:15:54,593 [4ebfd344-ca94-4a63-bd37-0865b7f24224:group-A412D6A07EE1:LeaderElection11] INFO  server.RaftServerConfigKeys (ConfUtils.java:logGet(43)) - raft.server.log.appender.buffer.byte-limit = 33554432 (custom)
2019-09-03 19:15:54,595 [4ebfd344-ca94-4a63-bd37-0865b7f24224:group-A412D6A07EE1:LeaderElection11] INFO  server.RaftServerConfigKeys (ConfUtils.java:logGet(43)) - raft.server.log.appender.buffer.element-limit = 1 (custom)
2019-09-03 19:15:54,596 [grpc-default-executor-4] INFO  impl.RaftServerImpl (RaftServerImpl.java:setRole(171)) - 7fbfd930-315e-4dda-a09d-757ef11043e1:group-A412D6A07EE1 changes role from FOLLOWER to FOLLOWER at term 2 for recognizeCandidate:015a1f9e-984b-40a0-8c74-d24906177fee
2019-09-03 19:15:54,598 [grpc-default-executor-4] INFO  impl.RoleInfo (RoleInfo.java:shutdownFollowerState(121)) - 7fbfd930-315e-4dda-a09d-757ef11043e1: shutdown FollowerState
2019-09-03 19:15:54,598 [Thread-325] INFO  impl.FollowerState (FollowerState.java:run(114)) - 7fbfd930-315e-4dda-a09d-757ef11043e1: FollowerState was interrupted: java.lang.InterruptedException: sleep interrupted
2019-09-03 19:15:54,598 [grpc-default-executor-4] INFO  impl.RoleInfo (RoleInfo.java:updateAndGet(143)) - 7fbfd930-315e-4dda-a09d-757ef11043e1: start FollowerState
2019-09-03 19:15:54,602 [4ebfd344-ca94-4a63-bd37-0865b7f24224:group-A412D6A07EE1:LeaderElection11] INFO  grpc.GrpcConfigKeys$Server (ConfUtils.java:logGet(43)) - raft.grpc.server.leader.outstanding.appends.max = 128 (default)
2019-09-03 19:15:54,602 [4ebfd344-ca94-4a63-bd37-0865b7f24224:group-A412D6A07EE1:LeaderElection11] INFO  server.RaftServerConfigKeys (ConfUtils.java:logGet(43)) - raft.server.rpc.request.timeout = 3000ms (default)
2019-09-03 19:15:54,602 [4ebfd344-ca94-4a63-bd37-0865b7f24224:group-A412D6A07EE1:LeaderElection11] INFO  server.RaftServerConfigKeys (ConfUtils.java:logGet(43)) - raft.server.log.appender.install.snapshot.enabled = false (custom)
2019-09-03 19:15:54,602 [4ebfd344-ca94-4a63-bd37-0865b7f24224:group-A412D6A07EE1:LeaderElection11] INFO  server.RaftServerConfigKeys (ConfUtils.java:logGet(43)) - raft.server.log.appender.snapshot.chunk.size.max = 16MB (=16777216) (default)
2019-09-03 19:15:54,602 [4ebfd344-ca94-4a63-bd37-0865b7f24224:group-A412D6A07EE1:LeaderElection11] INFO  server.RaftServerConfigKeys (ConfUtils.java:logGet(43)) - raft.server.log.appender.buffer.byte-limit = 33554432 (custom)
2019-09-03 19:15:54,602 [4ebfd344-ca94-4a63-bd37-0865b7f24224:group-A412D6A07EE1:LeaderElection11] INFO  server.RaftServerConfigKeys (ConfUtils.java:logGet(43)) - raft.server.log.appender.buffer.element-limit = 1 (custom)
2019-09-03 19:15:54,602 [4ebfd344-ca94-4a63-bd37-0865b7f24224:group-A412D6A07EE1:LeaderElection11] INFO  grpc.GrpcConfigKeys$Server (ConfUtils.java:logGet(43)) - raft.grpc.server.leader.outstanding.appends.max = 128 (default)
2019-09-03 19:15:54,603 [4ebfd344-ca94-4a63-bd37-0865b7f24224:group-A412D6A07EE1:LeaderElection11] INFO  server.RaftServerConfigKeys (ConfUtils.java:logGet(43)) - raft.server.rpc.request.timeout = 3000ms (default)
2019-09-03 19:15:54,603 [4ebfd344-ca94-4a63-bd37-0865b7f24224:group-A412D6A07EE1:LeaderElection11] INFO  server.RaftServerConfigKeys (ConfUtils.java:logGet(43)) - raft.server.log.appender.install.snapshot.enabled = false (custom)
2019-09-03 19:15:54,604 [4ebfd344-ca94-4a63-bd37-0865b7f24224:group-A412D6A07EE1:LeaderElection11] INFO  impl.RoleInfo (RoleInfo.java:updateAndGet(143)) - 4ebfd344-ca94-4a63-bd37-0865b7f24224: start LeaderState
2019-09-03 19:15:54,604 [4ebfd344-ca94-4a63-bd37-0865b7f24224:group-A412D6A07EE1:LeaderElection11] INFO  segmented.SegmentedRaftLogWorker (SegmentedRaftLogWorker.java:startLogSegment(380)) - 4ebfd344-ca94-4a63-bd37-0865b7f24224-SegmentedRaftLogWorker:Storage Directory /workdir/hadoop-ozone/integration-test/target/test-dir/MiniOzoneClusterImpl-50949d89-65ee-463c-9ac0-9cef6a8092fe/datanode-0/data/ratis/c118cba3-10c4-40d5-89af-a412d6a07ee1: Starting segment from index:0
2019-09-03 19:15:54,605 [4ebfd344-ca94-4a63-bd37-0865b7f24224:group-A412D6A07EE1:LeaderElection11] INFO  impl.RaftServerImpl (ServerState.java:setRaftConf(361)) - 4ebfd344-ca94-4a63-bd37-0865b7f24224:group-A412D6A07EE1 set configuration 0: [7fbfd930-315e-4dda-a09d-757ef11043e1:192.168.36.111:40821, 015a1f9e-984b-40a0-8c74-d24906177fee:192.168.36.111:33327, 4ebfd344-ca94-4a63-bd37-0865b7f24224:192.168.36.111:37147], old=null at 0
2019-09-03 19:15:54,605 [grpc-default-executor-5] INFO  impl.RaftServerImpl (ServerState.java:setLeader(263)) - 4ebfd344-ca94-4a63-bd37-0865b7f24224:group-A412D6A07EE1 change Leader from 4ebfd344-ca94-4a63-bd37-0865b7f24224 to null at term 2 for updateCurrentTerm
2019-09-03 19:15:54,636 [grpc-default-executor-5] INFO  impl.RaftServerImpl (RaftServerImpl.java:setRole(171)) - 4ebfd344-ca94-4a63-bd37-0865b7f24224:group-A412D6A07EE1 changes role from LEADER to FOLLOWER at term 2 for recognizeCandidate:015a1f9e-984b-40a0-8c74-d24906177fee
2019-09-03 19:15:54,636 [grpc-default-executor-5] INFO  impl.RoleInfo (RoleInfo.java:shutdownLeaderState(104)) - 4ebfd344-ca94-4a63-bd37-0865b7f24224: shutdown LeaderState
2019-09-03 19:15:54,642 [grpc-default-executor-5] INFO  impl.PendingRequests (PendingRequests.java:sendNotLeaderResponses(202)) - 4ebfd344-ca94-4a63-bd37-0865b7f24224-PendingRequests: sendNotLeaderResponses
2019-09-03 19:15:54,645 [grpc-default-executor-5] INFO  impl.RoleInfo (RoleInfo.java:updateAndGet(143)) - 4ebfd344-ca94-4a63-bd37-0865b7f24224: start FollowerState
2019-09-03 19:15:54,649 [4ebfd344-ca94-4a63-bd37-0865b7f24224-SegmentedRaftLogWorker:Storage Directory /workdir/hadoop-ozone/integration-test/target/test-dir/MiniOzoneClusterImpl-50949d89-65ee-463c-9ac0-9cef6a8092fe/datanode-0/data/ratis/c118cba3-10c4-40d5-89af-a412d6a07ee1] INFO  segmented.SegmentedRaftLogWorker (SegmentedRaftLogWorker.java:execute(569)) - 4ebfd344-ca94-4a63-bd37-0865b7f24224-SegmentedRaftLogWorker:Storage Directory /workdir/hadoop-ozone/integration-test/target/test-dir/MiniOzoneClusterImpl-50949d89-65ee-463c-9ac0-9cef6a8092fe/datanode-0/data/ratis/c118cba3-10c4-40d5-89af-a412d6a07ee1: created new log segment /workdir/hadoop-ozone/integration-test/target/test-dir/MiniOzoneClusterImpl-50949d89-65ee-463c-9ac0-9cef6a8092fe/datanode-0/data/ratis/c118cba3-10c4-40d5-89af-a412d6a07ee1/current/log_inprogress_0
2019-09-03 19:15:54,649 [org.apache.ratis.server.impl.LogAppender$AppenderDaemon$$Lambda$604/8377590@6a094b52] WARN  server.GrpcLogAppender (GrpcLogAppender.java:mayWait(143)) - GrpcLogAppender(4ebfd344-ca94-4a63-bd37-0865b7f24224->7fbfd930-315e-4dda-a09d-757ef11043e1): Wait interrupted by java.lang.InterruptedException
2019-09-03 19:15:54,649 [org.apache.ratis.server.impl.LogAppender$AppenderDaemon$$Lambda$604/8377590@6d538a3d] WARN  server.GrpcLogAppender (GrpcLogAppender.java:mayWait(143)) - GrpcLogAppender(4ebfd344-ca94-4a63-bd37-0865b7f24224->015a1f9e-984b-40a0-8c74-d24906177fee): Wait interrupted by java.lang.InterruptedException
2019-09-03 19:15:54,657 [grpc-default-executor-5] INFO  server.GrpcServerProtocolService (GrpcServerProtocolService.java:onCompleted(104)) - 015a1f9e-984b-40a0-8c74-d24906177fee: appendEntries completed
2019-09-03 19:15:54,657 [grpc-default-executor-4] INFO  server.GrpcServerProtocolService (GrpcServerProtocolService.java:onCompleted(104)) - 7fbfd930-315e-4dda-a09d-757ef11043e1: appendEntries completed
2019-09-03 19:15:54,662 [grpc-default-executor-4] INFO  server.GrpcLogAppender (GrpcLogAppender.java:onCompleted(292)) - 4ebfd344-ca94-4a63-bd37-0865b7f24224->7fbfd930-315e-4dda-a09d-757ef11043e1: follower responses appendEntries COMPLETED
2019-09-03 19:15:54,662 [grpc-default-executor-5] INFO  server.GrpcLogAppender (GrpcLogAppender.java:onCompleted(292)) - 4ebfd344-ca94-4a63-bd37-0865b7f24224->015a1f9e-984b-40a0-8c74-d24906177fee: follower responses appendEntries COMPLETED
2019-09-03 19:15:54,667 [grpc-default-executor-4] INFO  impl.FollowerInfo (FollowerInfo.java:lambda$new$0(50)) - 4ebfd344-ca94-4a63-bd37-0865b7f24224->7fbfd930-315e-4dda-a09d-757ef11043e1: nextIndex: updateUnconditionally 0 -> 0
2019-09-03 19:15:54,667 [grpc-default-executor-5] INFO  impl.FollowerInfo (FollowerInfo.java:lambda$new$0(50)) - 4ebfd344-ca94-4a63-bd37-0865b7f24224->015a1f9e-984b-40a0-8c74-d24906177fee: nextIndex: updateUnconditionally 0 -> 0
2019-09-03 19:15:55,247 [grpc-default-executor-5] INFO  client.GrpcClientProtocolClient (GrpcClientProtocolClient.java:onNext(255)) - client-BB475B78FCF9->c2cced2c-a5fa-4c5c-8090-f9d7b3a4cc37: receive RaftClientReply:client-BB475B78FCF9->c2cced2c-a5fa-4c5c-8090-f9d7b3a4cc37@group-63B1919ED310, cid=13, FAILED org.apache.ratis.protocol.NotLeaderException: Server c2cced2c-a5fa-4c5c-8090-f9d7b3a4cc37 is not the leader (null). Request must be sent to leader., logIndex=0, commits[c2cced2c-a5fa-4c5c-8090-f9d7b3a4cc37:c-1]
2019-09-03 19:15:56,264 [grpc-default-executor-4] INFO  client.GrpcClientProtocolClient (GrpcClientProtocolClient.java:onNext(255)) - client-BB475B78FCF9->44cf7b35-669b-40df-948d-f1dd5cc3dccb: receive RaftClientReply:client-BB475B78FCF9->44cf7b35-669b-40df-948d-f1dd5cc3dccb@group-63B1919ED310, cid=13, FAILED org.apache.ratis.protocol.NotLeaderException: Server 44cf7b35-669b-40df-948d-f1dd5cc3dccb is not the leader (null). Request must be sent to leader., logIndex=0, commits[44cf7b35-669b-40df-948d-f1dd5cc3dccb:c-1]
2019-09-03 19:15:57,283 [grpc-default-executor-4] INFO  client.GrpcClientProtocolClient (GrpcClientProtocolClient.java:onNext(255)) - client-BB475B78FCF9->4cbc4ef8-b38a-42da-baa5-927a64bc0217: receive RaftClientReply:client-BB475B78FCF9->4cbc4ef8-b38a-42da-baa5-927a64bc0217@group-63B1919ED310, cid=13, FAILED org.apache.ratis.protocol.NotLeaderException: Server 4cbc4ef8-b38a-42da-baa5-927a64bc0217 is not the leader (null). Request must be sent to leader., logIndex=0, commits[4cbc4ef8-b38a-42da-baa5-927a64bc0217:c-1]
2019-09-03 19:15:58,302 [grpc-default-executor-4] INFO  client.GrpcClientProtocolClient (GrpcClientProtocolClient.java:onNext(255)) - client-BB475B78FCF9->c2cced2c-a5fa-4c5c-8090-f9d7b3a4cc37: receive RaftClientReply:client-BB475B78FCF9->c2cced2c-a5fa-4c5c-8090-f9d7b3a4cc37@group-63B1919ED310, cid=13, FAILED org.apache.ratis.protocol.NotLeaderException: Server c2cced2c-a5fa-4c5c-8090-f9d7b3a4cc37 is not the leader (null). Request must be sent to leader., logIndex=0, commits[c2cced2c-a5fa-4c5c-8090-f9d7b3a4cc37:c-1]
2019-09-03 19:15:59,326 [grpc-default-executor-4] INFO  client.GrpcClientProtocolClient (GrpcClientProtocolClient.java:onNext(255)) - client-BB475B78FCF9->4cbc4ef8-b38a-42da-baa5-927a64bc0217: receive RaftClientReply:client-BB475B78FCF9->4cbc4ef8-b38a-42da-baa5-927a64bc0217@group-63B1919ED310, cid=13, FAILED org.apache.ratis.protocol.NotLeaderException: Server 4cbc4ef8-b38a-42da-baa5-927a64bc0217 is not the leader (null). Request must be sent to leader., logIndex=0, commits[4cbc4ef8-b38a-42da-baa5-927a64bc0217:c-1]
2019-09-03 19:15:59,634 [Thread-326] INFO  impl.FollowerState (FollowerState.java:run(106)) - 4cbc4ef8-b38a-42da-baa5-927a64bc0217:group-63B1919ED310 changes to CANDIDATE, lastRpcTime:5077, electionTimeout:5073ms
2019-09-03 19:15:59,638 [Thread-326] INFO  impl.RoleInfo (RoleInfo.java:shutdownFollowerState(121)) - 4cbc4ef8-b38a-42da-baa5-927a64bc0217: shutdown FollowerState
2019-09-03 19:15:59,638 [Thread-326] INFO  impl.RaftServerImpl (RaftServerImpl.java:setRole(171)) - 4cbc4ef8-b38a-42da-baa5-927a64bc0217:group-63B1919ED310 changes role from FOLLOWER to CANDIDATE at term 1 for changeToCandidate
2019-09-03 19:15:59,638 [Thread-326] INFO  impl.RoleInfo (RoleInfo.java:updateAndGet(143)) - 4cbc4ef8-b38a-42da-baa5-927a64bc0217: start LeaderElection
2019-09-03 19:15:59,669 [Thread-328] INFO  impl.FollowerState (FollowerState.java:run(106)) - 44cf7b35-669b-40df-948d-f1dd5cc3dccb:group-63B1919ED310 changes to CANDIDATE, lastRpcTime:5101, electionTimeout:5099ms
2019-09-03 19:15:59,672 [Thread-328] INFO  impl.RoleInfo (RoleInfo.java:shutdownFollowerState(121)) - 44cf7b35-669b-40df-948d-f1dd5cc3dccb: shutdown FollowerState
2019-09-03 19:15:59,672 [Thread-328] INFO  impl.RaftServerImpl (RaftServerImpl.java:setRole(171)) - 44cf7b35-669b-40df-948d-f1dd5cc3dccb:group-63B1919ED310 changes role from FOLLOWER to CANDIDATE at term 1 for changeToCandidate
2019-09-03 19:15:59,673 [Thread-328] INFO  impl.RoleInfo (RoleInfo.java:updateAndGet(143)) - 44cf7b35-669b-40df-948d-f1dd5cc3dccb: start LeaderElection
2019-09-03 19:15:59,698 [Thread-324] INFO  impl.FollowerState (FollowerState.java:run(106)) - 015a1f9e-984b-40a0-8c74-d24906177fee:group-A412D6A07EE1 changes to CANDIDATE, lastRpcTime:5158, electionTimeout:5152ms
2019-09-03 19:15:59,698 [Thread-324] INFO  impl.RoleInfo (RoleInfo.java:shutdownFollowerState(121)) - 015a1f9e-984b-40a0-8c74-d24906177fee: shutdown FollowerState
2019-09-03 19:15:59,698 [Thread-324] INFO  impl.RaftServerImpl (RaftServerImpl.java:setRole(171)) - 015a1f9e-984b-40a0-8c74-d24906177fee:group-A412D6A07EE1 changes role from FOLLOWER to CANDIDATE at term 2 for changeToCandidate
2019-09-03 19:15:59,699 [Thread-324] INFO  impl.RoleInfo (RoleInfo.java:updateAndGet(143)) - 015a1f9e-984b-40a0-8c74-d24906177fee: start LeaderElection
2019-09-03 19:15:59,744 [Thread-327] INFO  impl.FollowerState (FollowerState.java:run(106)) - c2cced2c-a5fa-4c5c-8090-f9d7b3a4cc37:group-63B1919ED310 changes to CANDIDATE, lastRpcTime:5183, electionTimeout:5180ms
2019-09-03 19:15:59,744 [Thread-327] INFO  impl.RoleInfo (RoleInfo.java:shutdownFollowerState(121)) - c2cced2c-a5fa-4c5c-8090-f9d7b3a4cc37: shutdown FollowerState
2019-09-03 19:15:59,745 [Thread-327] INFO  impl.RaftServerImpl (RaftServerImpl.java:setRole(171)) - c2cced2c-a5fa-4c5c-8090-f9d7b3a4cc37:group-63B1919ED310 changes role from FOLLOWER to CANDIDATE at term 1 for changeToCandidate
2019-09-03 19:15:59,745 [Thread-327] INFO  impl.RoleInfo (RoleInfo.java:updateAndGet(143)) - c2cced2c-a5fa-4c5c-8090-f9d7b3a4cc37: start LeaderElection
2019-09-03 19:15:59,758 [4cbc4ef8-b38a-42da-baa5-927a64bc0217:group-63B1919ED310:LeaderElection13] INFO  impl.LeaderElection (LeaderElection.java:askForVotes(181)) - 4cbc4ef8-b38a-42da-baa5-927a64bc0217:group-63B1919ED310:LeaderElection13: begin an election at term 2 for -1: [4cbc4ef8-b38a-42da-baa5-927a64bc0217:192.168.36.111:39256, c2cced2c-a5fa-4c5c-8090-f9d7b3a4cc37:192.168.36.111:38974, 44cf7b35-669b-40df-948d-f1dd5cc3dccb:192.168.36.111:35273], old=null
2019-09-03 19:15:59,759 [44cf7b35-669b-40df-948d-f1dd5cc3dccb:group-63B1919ED310:LeaderElection14] INFO  impl.LeaderElection (LeaderElection.java:askForVotes(181)) - 44cf7b35-669b-40df-948d-f1dd5cc3dccb:group-63B1919ED310:LeaderElection14: begin an election at term 2 for -1: [4cbc4ef8-b38a-42da-baa5-927a64bc0217:192.168.36.111:39256, c2cced2c-a5fa-4c5c-8090-f9d7b3a4cc37:192.168.36.111:38974, 44cf7b35-669b-40df-948d-f1dd5cc3dccb:192.168.36.111:35273], old=null
2019-09-03 19:15:59,759 [015a1f9e-984b-40a0-8c74-d24906177fee:group-A412D6A07EE1:LeaderElection15] INFO  impl.LeaderElection (LeaderElection.java:askForVotes(181)) - 015a1f9e-984b-40a0-8c74-d24906177fee:group-A412D6A07EE1:LeaderElection15: begin an election at term 3 for -1: [7fbfd930-315e-4dda-a09d-757ef11043e1:192.168.36.111:40821, 015a1f9e-984b-40a0-8c74-d24906177fee:192.168.36.111:33327, 4ebfd344-ca94-4a63-bd37-0865b7f24224:192.168.36.111:37147], old=null
2019-09-03 19:15:59,761 [c2cced2c-a5fa-4c5c-8090-f9d7b3a4cc37:group-63B1919ED310:LeaderElection16] INFO  impl.LeaderElection (LeaderElection.java:askForVotes(181)) - c2cced2c-a5fa-4c5c-8090-f9d7b3a4cc37:group-63B1919ED310:LeaderElection16: begin an election at term 2 for -1: [4cbc4ef8-b38a-42da-baa5-927a64bc0217:192.168.36.111:39256, c2cced2c-a5fa-4c5c-8090-f9d7b3a4cc37:192.168.36.111:38974, 44cf7b35-669b-40df-948d-f1dd5cc3dccb:192.168.36.111:35273], old=null
2019-09-03 19:15:59,768 [grpc-default-executor-4] INFO  impl.RaftServerImpl (RaftServerImpl.java:setRole(171)) - 7fbfd930-315e-4dda-a09d-757ef11043e1:group-A412D6A07EE1 changes role from FOLLOWER to FOLLOWER at term 3 for recognizeCandidate:015a1f9e-984b-40a0-8c74-d24906177fee
2019-09-03 19:15:59,769 [grpc-default-executor-4] INFO  impl.RoleInfo (RoleInfo.java:shutdownFollowerState(121)) - 7fbfd930-315e-4dda-a09d-757ef11043e1: shutdown FollowerState
2019-09-03 19:15:59,771 [grpc-default-executor-4] INFO  impl.RoleInfo (RoleInfo.java:updateAndGet(143)) - 7fbfd930-315e-4dda-a09d-757ef11043e1: start FollowerState
2019-09-03 19:15:59,771 [Thread-332] INFO  impl.FollowerState (FollowerState.java:run(114)) - 7fbfd930-315e-4dda-a09d-757ef11043e1: FollowerState was interrupted: java.lang.InterruptedException: sleep interrupted
2019-09-03 19:15:59,780 [44cf7b35-669b-40df-948d-f1dd5cc3dccb:group-63B1919ED310:LeaderElection14] INFO  impl.LeaderElection (LeaderElection.java:logAndReturn(56)) - 44cf7b35-669b-40df-948d-f1dd5cc3dccb:group-63B1919ED310:LeaderElection14: Election REJECTED; received 2 response(s) [44cf7b35-669b-40df-948d-f1dd5cc3dccb<-4cbc4ef8-b38a-42da-baa5-927a64bc0217#0:FAIL-t2, 44cf7b35-669b-40df-948d-f1dd5cc3dccb<-c2cced2c-a5fa-4c5c-8090-f9d7b3a4cc37#0:FAIL-t2] and 0 exception(s); 44cf7b35-669b-40df-948d-f1dd5cc3dccb:t2, leader=null, voted=44cf7b35-669b-40df-948d-f1dd5cc3dccb, raftlog=44cf7b35-669b-40df-948d-f1dd5cc3dccb-SegmentedRaftLog:OPENED:c-1,f-1,i0, conf=-1: [4cbc4ef8-b38a-42da-baa5-927a64bc0217:192.168.36.111:39256, c2cced2c-a5fa-4c5c-8090-f9d7b3a4cc37:192.168.36.111:38974, 44cf7b35-669b-40df-948d-f1dd5cc3dccb:192.168.36.111:35273], old=null
2019-09-03 19:15:59,789 [44cf7b35-669b-40df-948d-f1dd5cc3dccb:group-63B1919ED310:LeaderElection14] INFO  impl.RaftServerImpl (RaftServerImpl.java:setRole(171)) - 44cf7b35-669b-40df-948d-f1dd5cc3dccb:group-63B1919ED310 changes role from CANDIDATE to FOLLOWER at term 2 for DISCOVERED_A_NEW_TERM
2019-09-03 19:15:59,791 [44cf7b35-669b-40df-948d-f1dd5cc3dccb:group-63B1919ED310:LeaderElection14] INFO  impl.RoleInfo (RoleInfo.java:shutdownLeaderElection(134)) - 44cf7b35-669b-40df-948d-f1dd5cc3dccb: shutdown LeaderElection
2019-09-03 19:15:59,791 [grpc-default-executor-5] INFO  impl.RaftServerImpl (RaftServerImpl.java:setRole(171)) - 4ebfd344-ca94-4a63-bd37-0865b7f24224:group-A412D6A07EE1 changes role from FOLLOWER to FOLLOWER at term 3 for recognizeCandidate:015a1f9e-984b-40a0-8c74-d24906177fee
2019-09-03 19:15:59,793 [44cf7b35-669b-40df-948d-f1dd5cc3dccb:group-63B1919ED310:LeaderElection14] INFO  impl.RoleInfo (RoleInfo.java:updateAndGet(143)) - 44cf7b35-669b-40df-948d-f1dd5cc3dccb: start FollowerState
2019-09-03 19:15:59,793 [grpc-default-executor-5] INFO  impl.RoleInfo (RoleInfo.java:shutdownFollowerState(121)) - 4ebfd344-ca94-4a63-bd37-0865b7f24224: shutdown FollowerState
2019-09-03 19:15:59,795 [Thread-335] INFO  impl.FollowerState (FollowerState.java:run(114)) - 4ebfd344-ca94-4a63-bd37-0865b7f24224: FollowerState was interrupted: java.lang.InterruptedException: sleep interrupted
2019-09-03 19:15:59,796 [grpc-default-executor-5] INFO  impl.RoleInfo (RoleInfo.java:updateAndGet(143)) - 4ebfd344-ca94-4a63-bd37-0865b7f24224: start FollowerState
2019-09-03 19:15:59,805 [4cbc4ef8-b38a-42da-baa5-927a64bc0217:group-63B1919ED310:LeaderElection13] INFO  impl.LeaderElection (LeaderElection.java:logAndReturn(56)) - 4cbc4ef8-b38a-42da-baa5-927a64bc0217:group-63B1919ED310:LeaderElection13: Election REJECTED; received 2 response(s) [4cbc4ef8-b38a-42da-baa5-927a64bc0217<-c2cced2c-a5fa-4c5c-8090-f9d7b3a4cc37#0:FAIL-t2, 4cbc4ef8-b38a-42da-baa5-927a64bc0217<-44cf7b35-669b-40df-948d-f1dd5cc3dccb#0:FAIL-t2] and 0 exception(s); 4cbc4ef8-b38a-42da-baa5-927a64bc0217:t2, leader=null, voted=4cbc4ef8-b38a-42da-baa5-927a64bc0217, raftlog=4cbc4ef8-b38a-42da-baa5-927a64bc0217-SegmentedRaftLog:OPENED:c-1,f-1,i0, conf=-1: [4cbc4ef8-b38a-42da-baa5-927a64bc0217:192.168.36.111:39256, c2cced2c-a5fa-4c5c-8090-f9d7b3a4cc37:192.168.36.111:38974, 44cf7b35-669b-40df-948d-f1dd5cc3dccb:192.168.36.111:35273], old=null
2019-09-03 19:15:59,808 [4cbc4ef8-b38a-42da-baa5-927a64bc0217:group-63B1919ED310:LeaderElection13] INFO  impl.RaftServerImpl (RaftServerImpl.java:setRole(171)) - 4cbc4ef8-b38a-42da-baa5-927a64bc0217:group-63B1919ED310 changes role from CANDIDATE to FOLLOWER at term 2 for DISCOVERED_A_NEW_TERM
2019-09-03 19:15:59,808 [4cbc4ef8-b38a-42da-baa5-927a64bc0217:group-63B1919ED310:LeaderElection13] INFO  impl.RoleInfo (RoleInfo.java:shutdownLeaderElection(134)) - 4cbc4ef8-b38a-42da-baa5-927a64bc0217: shutdown LeaderElection
2019-09-03 19:15:59,808 [c2cced2c-a5fa-4c5c-8090-f9d7b3a4cc37:group-63B1919ED310:LeaderElection16] INFO  impl.LeaderElection (LeaderElection.java:logAndReturn(56)) - c2cced2c-a5fa-4c5c-8090-f9d7b3a4cc37:group-63B1919ED310:LeaderElection16: Election REJECTED; received 2 response(s) [c2cced2c-a5fa-4c5c-8090-f9d7b3a4cc37<-4cbc4ef8-b38a-42da-baa5-927a64bc0217#0:FAIL-t2, c2cced2c-a5fa-4c5c-8090-f9d7b3a4cc37<-44cf7b35-669b-40df-948d-f1dd5cc3dccb#0:FAIL-t2] and 0 exception(s); c2cced2c-a5fa-4c5c-8090-f9d7b3a4cc37:t2, leader=null, voted=c2cced2c-a5fa-4c5c-8090-f9d7b3a4cc37, raftlog=c2cced2c-a5fa-4c5c-8090-f9d7b3a4cc37-SegmentedRaftLog:OPENED:c-1,f-1,i0, conf=-1: [4cbc4ef8-b38a-42da-baa5-927a64bc0217:192.168.36.111:39256, c2cced2c-a5fa-4c5c-8090-f9d7b3a4cc37:192.168.36.111:38974, 44cf7b35-669b-40df-948d-f1dd5cc3dccb:192.168.36.111:35273], old=null
2019-09-03 19:15:59,809 [c2cced2c-a5fa-4c5c-8090-f9d7b3a4cc37:group-63B1919ED310:LeaderElection16] INFO  impl.RaftServerImpl (RaftServerImpl.java:setRole(171)) - c2cced2c-a5fa-4c5c-8090-f9d7b3a4cc37:group-63B1919ED310 changes role from CANDIDATE to FOLLOWER at term 2 for DISCOVERED_A_NEW_TERM
2019-09-03 19:15:59,811 [c2cced2c-a5fa-4c5c-8090-f9d7b3a4cc37:group-63B1919ED310:LeaderElection16] INFO  impl.RoleInfo (RoleInfo.java:shutdownLeaderElection(134)) - c2cced2c-a5fa-4c5c-8090-f9d7b3a4cc37: shutdown LeaderElection
2019-09-03 19:15:59,812 [4cbc4ef8-b38a-42da-baa5-927a64bc0217:group-63B1919ED310:LeaderElection13] INFO  impl.RoleInfo (RoleInfo.java:updateAndGet(143)) - 4cbc4ef8-b38a-42da-baa5-927a64bc0217: start FollowerState
2019-09-03 19:15:59,813 [c2cced2c-a5fa-4c5c-8090-f9d7b3a4cc37:group-63B1919ED310:LeaderElection16] INFO  impl.RoleInfo (RoleInfo.java:updateAndGet(143)) - c2cced2c-a5fa-4c5c-8090-f9d7b3a4cc37: start FollowerState
2019-09-03 19:15:59,816 [015a1f9e-984b-40a0-8c74-d24906177fee:group-A412D6A07EE1:LeaderElection15] INFO  impl.LeaderElection (LeaderElection.java:logAndReturn(56)) - 015a1f9e-984b-40a0-8c74-d24906177fee:group-A412D6A07EE1:LeaderElection15: Election PASSED; received 1 response(s) [015a1f9e-984b-40a0-8c74-d24906177fee<-7fbfd930-315e-4dda-a09d-757ef11043e1#0:OK-t3] and 0 exception(s); 015a1f9e-984b-40a0-8c74-d24906177fee:t3, leader=null, voted=015a1f9e-984b-40a0-8c74-d24906177fee, raftlog=015a1f9e-984b-40a0-8c74-d24906177fee-SegmentedRaftLog:OPENED:c-1,f-1,i0, conf=-1: [7fbfd930-315e-4dda-a09d-757ef11043e1:192.168.36.111:40821, 015a1f9e-984b-40a0-8c74-d24906177fee:192.168.36.111:33327, 4ebfd344-ca94-4a63-bd37-0865b7f24224:192.168.36.111:37147], old=null
2019-09-03 19:15:59,816 [015a1f9e-984b-40a0-8c74-d24906177fee:group-A412D6A07EE1:LeaderElection15] INFO  impl.RoleInfo (RoleInfo.java:shutdownLeaderElection(134)) - 015a1f9e-984b-40a0-8c74-d24906177fee: shutdown LeaderElection
2019-09-03 19:15:59,818 [015a1f9e-984b-40a0-8c74-d24906177fee:group-A412D6A07EE1:LeaderElection15] INFO  impl.RaftServerImpl (RaftServerImpl.java:setRole(171)) - 015a1f9e-984b-40a0-8c74-d24906177fee:group-A412D6A07EE1 changes role from CANDIDATE to LEADER at term 3 for changeToLeader
2019-09-03 19:15:59,819 [015a1f9e-984b-40a0-8c74-d24906177fee:group-A412D6A07EE1:LeaderElection15] INFO  impl.RaftServerImpl (ServerState.java:setLeader(263)) - 015a1f9e-984b-40a0-8c74-d24906177fee:group-A412D6A07EE1 change Leader from null to 015a1f9e-984b-40a0-8c74-d24906177fee at term 3 for becomeLeader, leader elected after 10452ms
2019-09-03 19:15:59,820 [015a1f9e-984b-40a0-8c74-d24906177fee:group-A412D6A07EE1:LeaderElection15] INFO  server.RaftServerConfigKeys (ConfUtils.java:logGet(43)) - raft.server.staging.catchup.gap = 1000 (default)
2019-09-03 19:15:59,820 [015a1f9e-984b-40a0-8c74-d24906177fee:group-A412D6A07EE1:LeaderElection15] INFO  server.RaftServerConfigKeys (ConfUtils.java:logGet(43)) - raft.server.rpc.sleep.time = 25ms (default)
2019-09-03 19:15:59,820 [015a1f9e-984b-40a0-8c74-d24906177fee:group-A412D6A07EE1:LeaderElection15] INFO  server.RaftServerConfigKeys (ConfUtils.java:logGet(43)) - raft.server.write.element-limit = 4096 (default)
2019-09-03 19:15:59,820 [015a1f9e-984b-40a0-8c74-d24906177fee:group-A412D6A07EE1:LeaderElection15] INFO  server.RaftServerConfigKeys (ConfUtils.java:logGet(43)) - raft.server.watch.timeout = 10s (default)
2019-09-03 19:15:59,821 [015a1f9e-984b-40a0-8c74-d24906177fee:group-A412D6A07EE1:LeaderElection15] INFO  server.RaftServerConfigKeys (ConfUtils.java:logGet(43)) - raft.server.watch.timeout.denomination = 1s (default)
2019-09-03 19:15:59,821 [015a1f9e-984b-40a0-8c74-d24906177fee:group-A412D6A07EE1:LeaderElection15] INFO  server.RaftServerConfigKeys (ConfUtils.java:logGet(43)) - raft.server.watch.element-limit = 65536 (default)
2019-09-03 19:15:59,821 [015a1f9e-984b-40a0-8c74-d24906177fee:group-A412D6A07EE1:LeaderElection15] INFO  server.RaftServerConfigKeys (ConfUtils.java:logGet(43)) - raft.server.log.appender.snapshot.chunk.size.max = 16MB (=16777216) (default)
2019-09-03 19:15:59,823 [015a1f9e-984b-40a0-8c74-d24906177fee:group-A412D6A07EE1:LeaderElection15] INFO  server.RaftServerConfigKeys (ConfUtils.java:logGet(43)) - raft.server.log.appender.buffer.byte-limit = 33554432 (custom)
2019-09-03 19:15:59,823 [015a1f9e-984b-40a0-8c74-d24906177fee:group-A412D6A07EE1:LeaderElection15] INFO  server.RaftServerConfigKeys (ConfUtils.java:logGet(43)) - raft.server.log.appender.buffer.element-limit = 1 (custom)
2019-09-03 19:15:59,823 [015a1f9e-984b-40a0-8c74-d24906177fee:group-A412D6A07EE1:LeaderElection15] INFO  grpc.GrpcConfigKeys$Server (ConfUtils.java:logGet(43)) - raft.grpc.server.leader.outstanding.appends.max = 128 (default)
2019-09-03 19:15:59,826 [015a1f9e-984b-40a0-8c74-d24906177fee:group-A412D6A07EE1:LeaderElection15] INFO  server.RaftServerConfigKeys (ConfUtils.java:logGet(43)) - raft.server.rpc.request.timeout = 3000ms (default)
2019-09-03 19:15:59,826 [015a1f9e-984b-40a0-8c74-d24906177fee:group-A412D6A07EE1:LeaderElection15] INFO  server.RaftServerConfigKeys (ConfUtils.java:logGet(43)) - raft.server.log.appender.install.snapshot.enabled = false (custom)
2019-09-03 19:15:59,826 [015a1f9e-984b-40a0-8c74-d24906177fee:group-A412D6A07EE1:LeaderElection15] INFO  server.RaftServerConfigKeys (ConfUtils.java:logGet(43)) - raft.server.log.appender.snapshot.chunk.size.max = 16MB (=16777216) (default)
2019-09-03 19:15:59,826 [015a1f9e-984b-40a0-8c74-d24906177fee:group-A412D6A07EE1:LeaderElection15] INFO  server.RaftServerConfigKeys (ConfUtils.java:logGet(43)) - raft.server.log.appender.buffer.byte-limit = 33554432 (custom)
2019-09-03 19:15:59,826 [015a1f9e-984b-40a0-8c74-d24906177fee:group-A412D6A07EE1:LeaderElection15] INFO  server.RaftServerConfigKeys (ConfUtils.java:logGet(43)) - raft.server.log.appender.buffer.element-limit = 1 (custom)
2019-09-03 19:15:59,826 [015a1f9e-984b-40a0-8c74-d24906177fee:group-A412D6A07EE1:LeaderElection15] INFO  grpc.GrpcConfigKeys$Server (ConfUtils.java:logGet(43)) - raft.grpc.server.leader.outstanding.appends.max = 128 (default)
2019-09-03 19:15:59,826 [015a1f9e-984b-40a0-8c74-d24906177fee:group-A412D6A07EE1:LeaderElection15] INFO  server.RaftServerConfigKeys (ConfUtils.java:logGet(43)) - raft.server.rpc.request.timeout = 3000ms (default)
2019-09-03 19:15:59,826 [015a1f9e-984b-40a0-8c74-d24906177fee:group-A412D6A07EE1:LeaderElection15] INFO  server.RaftServerConfigKeys (ConfUtils.java:logGet(43)) - raft.server.log.appender.install.snapshot.enabled = false (custom)
2019-09-03 19:15:59,827 [015a1f9e-984b-40a0-8c74-d24906177fee:group-A412D6A07EE1:LeaderElection15] INFO  impl.RoleInfo (RoleInfo.java:updateAndGet(143)) - 015a1f9e-984b-40a0-8c74-d24906177fee: start LeaderState
2019-09-03 19:15:59,827 [015a1f9e-984b-40a0-8c74-d24906177fee:group-A412D6A07EE1:LeaderElection15] INFO  segmented.SegmentedRaftLogWorker (SegmentedRaftLogWorker.java:startLogSegment(380)) - 015a1f9e-984b-40a0-8c74-d24906177fee-SegmentedRaftLogWorker:Storage Directory /workdir/hadoop-ozone/integration-test/target/test-dir/MiniOzoneClusterImpl-50949d89-65ee-463c-9ac0-9cef6a8092fe/datanode-6/data/ratis/c118cba3-10c4-40d5-89af-a412d6a07ee1: Starting segment from index:0
2019-09-03 19:15:59,829 [015a1f9e-984b-40a0-8c74-d24906177fee:group-A412D6A07EE1:LeaderElection15] INFO  impl.RaftServerImpl (ServerState.java:setRaftConf(361)) - 015a1f9e-984b-40a0-8c74-d24906177fee:group-A412D6A07EE1 set configuration 0: [7fbfd930-315e-4dda-a09d-757ef11043e1:192.168.36.111:40821, 015a1f9e-984b-40a0-8c74-d24906177fee:192.168.36.111:33327, 4ebfd344-ca94-4a63-bd37-0865b7f24224:192.168.36.111:37147], old=null at 0
2019-09-03 19:15:59,871 [grpc-default-executor-5] INFO  impl.RaftServerImpl (ServerState.java:setLeader(263)) - 7fbfd930-315e-4dda-a09d-757ef11043e1:group-A412D6A07EE1 change Leader from null to 015a1f9e-984b-40a0-8c74-d24906177fee at term 3 for appendEntries, leader elected after 10504ms
2019-09-03 19:15:59,871 [grpc-default-executor-0] INFO  impl.RaftServerImpl (ServerState.java:setLeader(263)) - 4ebfd344-ca94-4a63-bd37-0865b7f24224:group-A412D6A07EE1 change Leader from null to 015a1f9e-984b-40a0-8c74-d24906177fee at term 3 for appendEntries, leader elected after 5266ms
2019-09-03 19:15:59,873 [015a1f9e-984b-40a0-8c74-d24906177fee-SegmentedRaftLogWorker:Storage Directory /workdir/hadoop-ozone/integration-test/target/test-dir/MiniOzoneClusterImpl-50949d89-65ee-463c-9ac0-9cef6a8092fe/datanode-6/data/ratis/c118cba3-10c4-40d5-89af-a412d6a07ee1] INFO  segmented.SegmentedRaftLogWorker (SegmentedRaftLogWorker.java:execute(569)) - 015a1f9e-984b-40a0-8c74-d24906177fee-SegmentedRaftLogWorker:Storage Directory /workdir/hadoop-ozone/integration-test/target/test-dir/MiniOzoneClusterImpl-50949d89-65ee-463c-9ac0-9cef6a8092fe/datanode-6/data/ratis/c118cba3-10c4-40d5-89af-a412d6a07ee1: created new log segment /workdir/hadoop-ozone/integration-test/target/test-dir/MiniOzoneClusterImpl-50949d89-65ee-463c-9ac0-9cef6a8092fe/datanode-6/data/ratis/c118cba3-10c4-40d5-89af-a412d6a07ee1/current/log_inprogress_0
2019-09-03 19:15:59,902 [grpc-default-executor-0] INFO  impl.RaftServerImpl (ServerState.java:setRaftConf(361)) - 7fbfd930-315e-4dda-a09d-757ef11043e1:group-A412D6A07EE1 set configuration 0: [7fbfd930-315e-4dda-a09d-757ef11043e1:192.168.36.111:40821, 015a1f9e-984b-40a0-8c74-d24906177fee:192.168.36.111:33327, 4ebfd344-ca94-4a63-bd37-0865b7f24224:192.168.36.111:37147], old=null at 0
2019-09-03 19:15:59,902 [grpc-default-executor-5] INFO  impl.RaftServerImpl (ServerState.java:setRaftConf(361)) - 4ebfd344-ca94-4a63-bd37-0865b7f24224:group-A412D6A07EE1 set configuration 0: [7fbfd930-315e-4dda-a09d-757ef11043e1:192.168.36.111:40821, 015a1f9e-984b-40a0-8c74-d24906177fee:192.168.36.111:33327, 4ebfd344-ca94-4a63-bd37-0865b7f24224:192.168.36.111:37147], old=null at 0
2019-09-03 19:15:59,904 [grpc-default-executor-0] INFO  segmented.SegmentedRaftLogWorker (SegmentedRaftLogWorker.java:startLogSegment(380)) - 7fbfd930-315e-4dda-a09d-757ef11043e1-SegmentedRaftLogWorker:Storage Directory /workdir/hadoop-ozone/integration-test/target/test-dir/MiniOzoneClusterImpl-50949d89-65ee-463c-9ac0-9cef6a8092fe/datanode-3/data/ratis/c118cba3-10c4-40d5-89af-a412d6a07ee1: Starting segment from index:0
2019-09-03 19:15:59,906 [grpc-default-executor-5] INFO  segmented.SegmentedRaftLogWorker (SegmentedRaftLogWorker.java:truncate(396)) - 4ebfd344-ca94-4a63-bd37-0865b7f24224-SegmentedRaftLogWorker:Storage Directory /workdir/hadoop-ozone/integration-test/target/test-dir/MiniOzoneClusterImpl-50949d89-65ee-463c-9ac0-9cef6a8092fe/datanode-0/data/ratis/c118cba3-10c4-40d5-89af-a412d6a07ee1: Truncating segments toTruncate: null
  toDelete: [(0, 0) isOpen? true, length=0, newEndIndex=-1], start index 0
2019-09-03 19:15:59,907 [grpc-default-executor-5] INFO  segmented.SegmentedRaftLogWorker (SegmentedRaftLogWorker.java:startLogSegment(380)) - 4ebfd344-ca94-4a63-bd37-0865b7f24224-SegmentedRaftLogWorker:Storage Directory /workdir/hadoop-ozone/integration-test/target/test-dir/MiniOzoneClusterImpl-50949d89-65ee-463c-9ac0-9cef6a8092fe/datanode-0/data/ratis/c118cba3-10c4-40d5-89af-a412d6a07ee1: Starting segment from index:0
2019-09-03 19:15:59,908 [4ebfd344-ca94-4a63-bd37-0865b7f24224-SegmentedRaftLogWorker:Storage Directory /workdir/hadoop-ozone/integration-test/target/test-dir/MiniOzoneClusterImpl-50949d89-65ee-463c-9ac0-9cef6a8092fe/datanode-0/data/ratis/c118cba3-10c4-40d5-89af-a412d6a07ee1] INFO  segmented.SegmentedRaftLogWorker (SegmentedRaftLogWorker.java:execute(633)) - 4ebfd344-ca94-4a63-bd37-0865b7f24224-SegmentedRaftLogWorker:Storage Directory /workdir/hadoop-ozone/integration-test/target/test-dir/MiniOzoneClusterImpl-50949d89-65ee-463c-9ac0-9cef6a8092fe/datanode-0/data/ratis/c118cba3-10c4-40d5-89af-a412d6a07ee1: Deleted log file /workdir/hadoop-ozone/integration-test/target/test-dir/MiniOzoneClusterImpl-50949d89-65ee-463c-9ac0-9cef6a8092fe/datanode-0/data/ratis/c118cba3-10c4-40d5-89af-a412d6a07ee1/current/log_inprogress_0
2019-09-03 19:15:59,908 [4ebfd344-ca94-4a63-bd37-0865b7f24224-SegmentedRaftLogWorker:Storage Directory /workdir/hadoop-ozone/integration-test/target/test-dir/MiniOzoneClusterImpl-50949d89-65ee-463c-9ac0-9cef6a8092fe/datanode-0/data/ratis/c118cba3-10c4-40d5-89af-a412d6a07ee1] INFO  segmented.SegmentedRaftLogWorker (SegmentedRaftLogWorker.java:lambda$new$0(132)) - 4ebfd344-ca94-4a63-bd37-0865b7f24224-SegmentedRaftLogWorker:Storage Directory /workdir/hadoop-ozone/integration-test/target/test-dir/MiniOzoneClusterImpl-50949d89-65ee-463c-9ac0-9cef6a8092fe/datanode-0/data/ratis/c118cba3-10c4-40d5-89af-a412d6a07ee1: flushIndex: setUnconditionally 0 -> -1
2019-09-03 19:15:59,942 [7fbfd930-315e-4dda-a09d-757ef11043e1-SegmentedRaftLogWorker:Storage Directory /workdir/hadoop-ozone/integration-test/target/test-dir/MiniOzoneClusterImpl-50949d89-65ee-463c-9ac0-9cef6a8092fe/datanode-3/data/ratis/c118cba3-10c4-40d5-89af-a412d6a07ee1] INFO  segmented.SegmentedRaftLogWorker (SegmentedRaftLogWorker.java:execute(569)) - 7fbfd930-315e-4dda-a09d-757ef11043e1-SegmentedRaftLogWorker:Storage Directory /workdir/hadoop-ozone/integration-test/target/test-dir/MiniOzoneClusterImpl-50949d89-65ee-463c-9ac0-9cef6a8092fe/datanode-3/data/ratis/c118cba3-10c4-40d5-89af-a412d6a07ee1: created new log segment /workdir/hadoop-ozone/integration-test/target/test-dir/MiniOzoneClusterImpl-50949d89-65ee-463c-9ac0-9cef6a8092fe/datanode-3/data/ratis/c118cba3-10c4-40d5-89af-a412d6a07ee1/current/log_inprogress_0
2019-09-03 19:15:59,942 [4ebfd344-ca94-4a63-bd37-0865b7f24224-SegmentedRaftLogWorker:Storage Directory /workdir/hadoop-ozone/integration-test/target/test-dir/MiniOzoneClusterImpl-50949d89-65ee-463c-9ac0-9cef6a8092fe/datanode-0/data/ratis/c118cba3-10c4-40d5-89af-a412d6a07ee1] INFO  segmented.SegmentedRaftLogWorker (SegmentedRaftLogWorker.java:execute(569)) - 4ebfd344-ca94-4a63-bd37-0865b7f24224-SegmentedRaftLogWorker:Storage Directory /workdir/hadoop-ozone/integration-test/target/test-dir/MiniOzoneClusterImpl-50949d89-65ee-463c-9ac0-9cef6a8092fe/datanode-0/data/ratis/c118cba3-10c4-40d5-89af-a412d6a07ee1: created new log segment /workdir/hadoop-ozone/integration-test/target/test-dir/MiniOzoneClusterImpl-50949d89-65ee-463c-9ac0-9cef6a8092fe/datanode-0/data/ratis/c118cba3-10c4-40d5-89af-a412d6a07ee1/current/log_inprogress_0
2019-09-03 19:16:00,347 [grpc-default-executor-5] INFO  client.GrpcClientProtocolClient (GrpcClientProtocolClient.java:onNext(255)) - client-BB475B78FCF9->44cf7b35-669b-40df-948d-f1dd5cc3dccb: receive RaftClientReply:client-BB475B78FCF9->44cf7b35-669b-40df-948d-f1dd5cc3dccb@group-63B1919ED310, cid=13, FAILED org.apache.ratis.protocol.NotLeaderException: Server 44cf7b35-669b-40df-948d-f1dd5cc3dccb is not the leader (null). Request must be sent to leader., logIndex=0, commits[44cf7b35-669b-40df-948d-f1dd5cc3dccb:c-1]
2019-09-03 19:16:01,369 [grpc-default-executor-5] INFO  client.GrpcClientProtocolClient (GrpcClientProtocolClient.java:onNext(255)) - client-BB475B78FCF9->4cbc4ef8-b38a-42da-baa5-927a64bc0217: receive RaftClientReply:client-BB475B78FCF9->4cbc4ef8-b38a-42da-baa5-927a64bc0217@group-63B1919ED310, cid=13, FAILED org.apache.ratis.protocol.NotLeaderException: Server 4cbc4ef8-b38a-42da-baa5-927a64bc0217 is not the leader (null). Request must be sent to leader., logIndex=0, commits[4cbc4ef8-b38a-42da-baa5-927a64bc0217:c-1]
2019-09-03 19:16:02,390 [grpc-default-executor-0] INFO  client.GrpcClientProtocolClient (GrpcClientProtocolClient.java:onNext(255)) - client-BB475B78FCF9->44cf7b35-669b-40df-948d-f1dd5cc3dccb: receive RaftClientReply:client-BB475B78FCF9->44cf7b35-669b-40df-948d-f1dd5cc3dccb@group-63B1919ED310, cid=13, FAILED org.apache.ratis.protocol.NotLeaderException: Server 44cf7b35-669b-40df-948d-f1dd5cc3dccb is not the leader (null). Request must be sent to leader., logIndex=0, commits[44cf7b35-669b-40df-948d-f1dd5cc3dccb:c-1]
2019-09-03 19:16:03,414 [grpc-default-executor-0] INFO  client.GrpcClientProtocolClient (GrpcClientProtocolClient.java:onNext(255)) - client-BB475B78FCF9->c2cced2c-a5fa-4c5c-8090-f9d7b3a4cc37: receive RaftClientReply:client-BB475B78FCF9->c2cced2c-a5fa-4c5c-8090-f9d7b3a4cc37@group-63B1919ED310, cid=13, FAILED org.apache.ratis.protocol.NotLeaderException: Server c2cced2c-a5fa-4c5c-8090-f9d7b3a4cc37 is not the leader (null). Request must be sent to leader., logIndex=0, commits[c2cced2c-a5fa-4c5c-8090-f9d7b3a4cc37:c-1]
2019-09-03 19:16:04,433 [grpc-default-executor-0] INFO  client.GrpcClientProtocolClient (GrpcClientProtocolClient.java:onNext(255)) - client-BB475B78FCF9->44cf7b35-669b-40df-948d-f1dd5cc3dccb: receive RaftClientReply:client-BB475B78FCF9->44cf7b35-669b-40df-948d-f1dd5cc3dccb@group-63B1919ED310, cid=13, FAILED org.apache.ratis.protocol.NotLeaderException: Server 44cf7b35-669b-40df-948d-f1dd5cc3dccb is not the leader (null). Request must be sent to leader., logIndex=0, commits[44cf7b35-669b-40df-948d-f1dd5cc3dccb:c-1]
2019-09-03 19:16:04,859 [Thread-364] INFO  impl.FollowerState (FollowerState.java:run(106)) - 44cf7b35-669b-40df-948d-f1dd5cc3dccb:group-63B1919ED310 changes to CANDIDATE, lastRpcTime:5065, electionTimeout:5063ms
2019-09-03 19:16:04,859 [Thread-364] INFO  impl.RoleInfo (RoleInfo.java:shutdownFollowerState(121)) - 44cf7b35-669b-40df-948d-f1dd5cc3dccb: shutdown FollowerState
2019-09-03 19:16:04,859 [Thread-364] INFO  impl.RaftServerImpl (RaftServerImpl.java:setRole(171)) - 44cf7b35-669b-40df-948d-f1dd5cc3dccb:group-63B1919ED310 changes role from FOLLOWER to CANDIDATE at term 2 for changeToCandidate
2019-09-03 19:16:04,859 [Thread-364] INFO  impl.RoleInfo (RoleInfo.java:updateAndGet(143)) - 44cf7b35-669b-40df-948d-f1dd5cc3dccb: start LeaderElection
2019-09-03 19:16:04,886 [Thread-367] INFO  impl.FollowerState (FollowerState.java:run(106)) - c2cced2c-a5fa-4c5c-8090-f9d7b3a4cc37:group-63B1919ED310 changes to CANDIDATE, lastRpcTime:5073, electionTimeout:5070ms
2019-09-03 19:16:04,887 [Thread-367] INFO  impl.RoleInfo (RoleInfo.java:shutdownFollowerState(121)) - c2cced2c-a5fa-4c5c-8090-f9d7b3a4cc37: shutdown FollowerState
2019-09-03 19:16:04,887 [Thread-367] INFO  impl.RaftServerImpl (RaftServerImpl.java:setRole(171)) - c2cced2c-a5fa-4c5c-8090-f9d7b3a4cc37:group-63B1919ED310 changes role from FOLLOWER to CANDIDATE at term 2 for changeToCandidate
2019-09-03 19:16:04,887 [Thread-367] INFO  impl.RoleInfo (RoleInfo.java:updateAndGet(143)) - c2cced2c-a5fa-4c5c-8090-f9d7b3a4cc37: start LeaderElection
2019-09-03 19:16:04,984 [Thread-366] INFO  impl.FollowerState (FollowerState.java:run(106)) - 4cbc4ef8-b38a-42da-baa5-927a64bc0217:group-63B1919ED310 changes to CANDIDATE, lastRpcTime:5172, electionTimeout:5168ms
2019-09-03 19:16:04,984 [Thread-366] INFO  impl.RoleInfo (RoleInfo.java:shutdownFollowerState(121)) - 4cbc4ef8-b38a-42da-baa5-927a64bc0217: shutdown FollowerState
2019-09-03 19:16:04,984 [Thread-366] INFO  impl.RaftServerImpl (RaftServerImpl.java:setRole(171)) - 4cbc4ef8-b38a-42da-baa5-927a64bc0217:group-63B1919ED310 changes role from FOLLOWER to CANDIDATE at term 2 for changeToCandidate
2019-09-03 19:16:04,985 [Thread-366] INFO  impl.RoleInfo (RoleInfo.java:updateAndGet(143)) - 4cbc4ef8-b38a-42da-baa5-927a64bc0217: start LeaderElection
2019-09-03 19:16:05,250 [c2cced2c-a5fa-4c5c-8090-f9d7b3a4cc37:group-63B1919ED310:LeaderElection18] INFO  impl.LeaderElection (LeaderElection.java:askForVotes(181)) - c2cced2c-a5fa-4c5c-8090-f9d7b3a4cc37:group-63B1919ED310:LeaderElection18: begin an election at term 3 for -1: [4cbc4ef8-b38a-42da-baa5-927a64bc0217:192.168.36.111:39256, c2cced2c-a5fa-4c5c-8090-f9d7b3a4cc37:192.168.36.111:38974, 44cf7b35-669b-40df-948d-f1dd5cc3dccb:192.168.36.111:35273], old=null
2019-09-03 19:16:05,290 [44cf7b35-669b-40df-948d-f1dd5cc3dccb:group-63B1919ED310:LeaderElection17] INFO  impl.LeaderElection (LeaderElection.java:askForVotes(181)) - 44cf7b35-669b-40df-948d-f1dd5cc3dccb:group-63B1919ED310:LeaderElection17: begin an election at term 3 for -1: [4cbc4ef8-b38a-42da-baa5-927a64bc0217:192.168.36.111:39256, c2cced2c-a5fa-4c5c-8090-f9d7b3a4cc37:192.168.36.111:38974, 44cf7b35-669b-40df-948d-f1dd5cc3dccb:192.168.36.111:35273], old=null
2019-09-03 19:16:05,298 [4cbc4ef8-b38a-42da-baa5-927a64bc0217:group-63B1919ED310:LeaderElection19] INFO  impl.LeaderElection (LeaderElection.java:askForVotes(181)) - 4cbc4ef8-b38a-42da-baa5-927a64bc0217:group-63B1919ED310:LeaderElection19: begin an election at term 3 for -1: [4cbc4ef8-b38a-42da-baa5-927a64bc0217:192.168.36.111:39256, c2cced2c-a5fa-4c5c-8090-f9d7b3a4cc37:192.168.36.111:38974, 44cf7b35-669b-40df-948d-f1dd5cc3dccb:192.168.36.111:35273], old=null
2019-09-03 19:16:05,299 [44cf7b35-669b-40df-948d-f1dd5cc3dccb:group-63B1919ED310:LeaderElection17] INFO  impl.LeaderElection (LeaderElection.java:logAndReturn(56)) - 44cf7b35-669b-40df-948d-f1dd5cc3dccb:group-63B1919ED310:LeaderElection17: Election REJECTED; received 2 response(s) [44cf7b35-669b-40df-948d-f1dd5cc3dccb<-4cbc4ef8-b38a-42da-baa5-927a64bc0217#0:FAIL-t3, 44cf7b35-669b-40df-948d-f1dd5cc3dccb<-c2cced2c-a5fa-4c5c-8090-f9d7b3a4cc37#0:FAIL-t3] and 0 exception(s); 44cf7b35-669b-40df-948d-f1dd5cc3dccb:t3, leader=null, voted=44cf7b35-669b-40df-948d-f1dd5cc3dccb, raftlog=44cf7b35-669b-40df-948d-f1dd5cc3dccb-SegmentedRaftLog:OPENED:c-1,f-1,i0, conf=-1: [4cbc4ef8-b38a-42da-baa5-927a64bc0217:192.168.36.111:39256, c2cced2c-a5fa-4c5c-8090-f9d7b3a4cc37:192.168.36.111:38974, 44cf7b35-669b-40df-948d-f1dd5cc3dccb:192.168.36.111:35273], old=null
2019-09-03 19:16:05,300 [44cf7b35-669b-40df-948d-f1dd5cc3dccb:group-63B1919ED310:LeaderElection17] INFO  impl.RaftServerImpl (RaftServerImpl.java:setRole(171)) - 44cf7b35-669b-40df-948d-f1dd5cc3dccb:group-63B1919ED310 changes role from CANDIDATE to FOLLOWER at term 3 for DISCOVERED_A_NEW_TERM
2019-09-03 19:16:05,302 [44cf7b35-669b-40df-948d-f1dd5cc3dccb:group-63B1919ED310:LeaderElection17] INFO  impl.RoleInfo (RoleInfo.java:shutdownLeaderElection(134)) - 44cf7b35-669b-40df-948d-f1dd5cc3dccb: shutdown LeaderElection
2019-09-03 19:16:05,304 [44cf7b35-669b-40df-948d-f1dd5cc3dccb:group-63B1919ED310:LeaderElection17] INFO  impl.RoleInfo (RoleInfo.java:updateAndGet(143)) - 44cf7b35-669b-40df-948d-f1dd5cc3dccb: start FollowerState
2019-09-03 19:16:05,306 [c2cced2c-a5fa-4c5c-8090-f9d7b3a4cc37:group-63B1919ED310:LeaderElection18] INFO  impl.LeaderElection (LeaderElection.java:logAndReturn(56)) - c2cced2c-a5fa-4c5c-8090-f9d7b3a4cc37:group-63B1919ED310:LeaderElection18: Election REJECTED; received 2 response(s) [c2cced2c-a5fa-4c5c-8090-f9d7b3a4cc37<-4cbc4ef8-b38a-42da-baa5-927a64bc0217#0:FAIL-t3, c2cced2c-a5fa-4c5c-8090-f9d7b3a4cc37<-44cf7b35-669b-40df-948d-f1dd5cc3dccb#0:FAIL-t3] and 0 exception(s); c2cced2c-a5fa-4c5c-8090-f9d7b3a4cc37:t3, leader=null, voted=c2cced2c-a5fa-4c5c-8090-f9d7b3a4cc37, raftlog=c2cced2c-a5fa-4c5c-8090-f9d7b3a4cc37-SegmentedRaftLog:OPENED:c-1,f-1,i0, conf=-1: [4cbc4ef8-b38a-42da-baa5-927a64bc0217:192.168.36.111:39256, c2cced2c-a5fa-4c5c-8090-f9d7b3a4cc37:192.168.36.111:38974, 44cf7b35-669b-40df-948d-f1dd5cc3dccb:192.168.36.111:35273], old=null
2019-09-03 19:16:05,307 [c2cced2c-a5fa-4c5c-8090-f9d7b3a4cc37:group-63B1919ED310:LeaderElection18] INFO  impl.RaftServerImpl (RaftServerImpl.java:setRole(171)) - c2cced2c-a5fa-4c5c-8090-f9d7b3a4cc37:group-63B1919ED310 changes role from CANDIDATE to FOLLOWER at term 3 for DISCOVERED_A_NEW_TERM
2019-09-03 19:16:05,308 [c2cced2c-a5fa-4c5c-8090-f9d7b3a4cc37:group-63B1919ED310:LeaderElection18] INFO  impl.RoleInfo (RoleInfo.java:shutdownLeaderElection(134)) - c2cced2c-a5fa-4c5c-8090-f9d7b3a4cc37: shutdown LeaderElection
2019-09-03 19:16:05,308 [c2cced2c-a5fa-4c5c-8090-f9d7b3a4cc37:group-63B1919ED310:LeaderElection18] INFO  impl.RoleInfo (RoleInfo.java:updateAndGet(143)) - c2cced2c-a5fa-4c5c-8090-f9d7b3a4cc37: start FollowerState
2019-09-03 19:16:05,312 [4cbc4ef8-b38a-42da-baa5-927a64bc0217:group-63B1919ED310:LeaderElection19] INFO  impl.LeaderElection (LeaderElection.java:logAndReturn(56)) - 4cbc4ef8-b38a-42da-baa5-927a64bc0217:group-63B1919ED310:LeaderElection19: Election REJECTED; received 2 response(s) [4cbc4ef8-b38a-42da-baa5-927a64bc0217<-c2cced2c-a5fa-4c5c-8090-f9d7b3a4cc37#0:FAIL-t3, 4cbc4ef8-b38a-42da-baa5-927a64bc0217<-44cf7b35-669b-40df-948d-f1dd5cc3dccb#0:FAIL-t3] and 0 exception(s); 4cbc4ef8-b38a-42da-baa5-927a64bc0217:t3, leader=null, voted=4cbc4ef8-b38a-42da-baa5-927a64bc0217, raftlog=4cbc4ef8-b38a-42da-baa5-927a64bc0217-SegmentedRaftLog:OPENED:c-1,f-1,i0, conf=-1: [4cbc4ef8-b38a-42da-baa5-927a64bc0217:192.168.36.111:39256, c2cced2c-a5fa-4c5c-8090-f9d7b3a4cc37:192.168.36.111:38974, 44cf7b35-669b-40df-948d-f1dd5cc3dccb:192.168.36.111:35273], old=null
2019-09-03 19:16:05,312 [4cbc4ef8-b38a-42da-baa5-927a64bc0217:group-63B1919ED310:LeaderElection19] INFO  impl.RaftServerImpl (RaftServerImpl.java:setRole(171)) - 4cbc4ef8-b38a-42da-baa5-927a64bc0217:group-63B1919ED310 changes role from CANDIDATE to FOLLOWER at term 3 for DISCOVERED_A_NEW_TERM
2019-09-03 19:16:05,320 [4cbc4ef8-b38a-42da-baa5-927a64bc0217:group-63B1919ED310:LeaderElection19] INFO  impl.RoleInfo (RoleInfo.java:shutdownLeaderElection(134)) - 4cbc4ef8-b38a-42da-baa5-927a64bc0217: shutdown LeaderElection
2019-09-03 19:16:05,320 [4cbc4ef8-b38a-42da-baa5-927a64bc0217:group-63B1919ED310:LeaderElection19] INFO  impl.RoleInfo (RoleInfo.java:updateAndGet(143)) - 4cbc4ef8-b38a-42da-baa5-927a64bc0217: start FollowerState
2019-09-03 19:16:05,453 [grpc-default-executor-0] INFO  client.GrpcClientProtocolClient (GrpcClientProtocolClient.java:onNext(255)) - client-BB475B78FCF9->c2cced2c-a5fa-4c5c-8090-f9d7b3a4cc37: receive RaftClientReply:client-BB475B78FCF9->c2cced2c-a5fa-4c5c-8090-f9d7b3a4cc37@group-63B1919ED310, cid=13, FAILED org.apache.ratis.protocol.NotLeaderException: Server c2cced2c-a5fa-4c5c-8090-f9d7b3a4cc37 is not the leader (null). Request must be sent to leader., logIndex=0, commits[c2cced2c-a5fa-4c5c-8090-f9d7b3a4cc37:c-1]
2019-09-03 19:16:06,473 [grpc-default-executor-5] INFO  client.GrpcClientProtocolClient (GrpcClientProtocolClient.java:onNext(255)) - client-BB475B78FCF9->4cbc4ef8-b38a-42da-baa5-927a64bc0217: receive RaftClientReply:client-BB475B78FCF9->4cbc4ef8-b38a-42da-baa5-927a64bc0217@group-63B1919ED310, cid=13, FAILED org.apache.ratis.protocol.NotLeaderException: Server 4cbc4ef8-b38a-42da-baa5-927a64bc0217 is not the leader (null). Request must be sent to leader., logIndex=0, commits[4cbc4ef8-b38a-42da-baa5-927a64bc0217:c-1]
2019-09-03 19:16:07,494 [grpc-default-executor-0] INFO  client.GrpcClientProtocolClient (GrpcClientProtocolClient.java:onNext(255)) - client-BB475B78FCF9->44cf7b35-669b-40df-948d-f1dd5cc3dccb: receive RaftClientReply:client-BB475B78FCF9->44cf7b35-669b-40df-948d-f1dd5cc3dccb@group-63B1919ED310, cid=13, FAILED org.apache.ratis.protocol.NotLeaderException: Server 44cf7b35-669b-40df-948d-f1dd5cc3dccb is not the leader (null). Request must be sent to leader., logIndex=0, commits[44cf7b35-669b-40df-948d-f1dd5cc3dccb:c-1]
2019-09-03 19:16:08,512 [grpc-default-executor-4] INFO  client.GrpcClientProtocolClient (GrpcClientProtocolClient.java:onNext(255)) - client-BB475B78FCF9->4cbc4ef8-b38a-42da-baa5-927a64bc0217: receive RaftClientReply:client-BB475B78FCF9->4cbc4ef8-b38a-42da-baa5-927a64bc0217@group-63B1919ED310, cid=13, FAILED org.apache.ratis.protocol.NotLeaderException: Server 4cbc4ef8-b38a-42da-baa5-927a64bc0217 is not the leader (null). Request must be sent to leader., logIndex=0, commits[4cbc4ef8-b38a-42da-baa5-927a64bc0217:c-1]
2019-09-03 19:16:09,537 [grpc-default-executor-4] INFO  client.GrpcClientProtocolClient (GrpcClientProtocolClient.java:onNext(255)) - client-BB475B78FCF9->44cf7b35-669b-40df-948d-f1dd5cc3dccb: receive RaftClientReply:client-BB475B78FCF9->44cf7b35-669b-40df-948d-f1dd5cc3dccb@group-63B1919ED310, cid=13, FAILED org.apache.ratis.protocol.NotLeaderException: Server 44cf7b35-669b-40df-948d-f1dd5cc3dccb is not the leader (null). Request must be sent to leader., logIndex=0, commits[44cf7b35-669b-40df-948d-f1dd5cc3dccb:c-1]
]]></system-out>
    <system-err><![CDATA[ERROR StatusLogger No Log4j 2 configuration file found. Using default configuration (logging only errors to the console), or user programmatically provided configurations. Set system property 'log4j2.debug' to show Log4j 2 internal initialization logging. See https://logging.apache.org/log4j/2.x/manual/configuration.html for instructions on how to configure Log4j 2
]]></system-err>
  </testcase>
</testsuite>