<?xml version="1.0" encoding="UTF-8"?>
<testsuite xmlns:xsi="http://www.w3.org/2001/XMLSchema-instance" xsi:noNamespaceSchemaLocation="https://maven.apache.org/surefire/maven-surefire-plugin/xsd/surefire-test-report.xsd" name="org.apache.hadoop.ozone.client.rpc.TestBlockOutputStreamWithFailures" time="739.874" tests="8" errors="0" skipped="0" failures="1">
  <properties>
    <property name="awt.toolkit" value="sun.awt.X11.XToolkit"/>
    <property name="file.encoding.pkg" value="sun.io"/>
    <property name="java.specification.version" value="1.8"/>
    <property name="sun.cpu.isalist" value=""/>
    <property name="sun.jnu.encoding" value="UTF-8"/>
    <property name="java.class.path" value="/workdir/hadoop-ozone/integration-test/target/test-classes:/workdir/hadoop-ozone/integration-test/target/classes:/home/user/.m2/repository/org/apache/hadoop/hadoop-ozone-common/0.5.0-SNAPSHOT/hadoop-ozone-common-0.5.0-SNAPSHOT.jar:/home/user/.m2/repository/org/apache/commons/commons-compress/1.4.1/commons-compress-1.4.1.jar:/home/user/.m2/repository/org/tukaani/xz/1.0/xz-1.0.jar:/home/user/.m2/repository/org/apache/hadoop/hadoop-common/3.2.0/hadoop-common-3.2.0.jar:/home/user/.m2/repository/org/apache/hadoop/hadoop-hdfs/3.2.0/hadoop-hdfs-3.2.0.jar:/home/user/.m2/repository/org/apache/hadoop/hadoop-hdfs-client/3.2.0/hadoop-hdfs-client-3.2.0.jar:/home/user/.m2/repository/com/fasterxml/jackson/core/jackson-annotations/2.9.5/jackson-annotations-2.9.5.jar:/home/user/.m2/repository/org/apache/hadoop/hadoop-hdds-common/0.5.0-SNAPSHOT/hadoop-hdds-common-0.5.0-SNAPSHOT.jar:/home/user/.m2/repository/javax/annotation/javax.annotation-api/1.2/javax.annotation-api-1.2.jar:/home/user/.m2/repository/org/apache/ratis/ratis-server/0.4.0-2337318-SNAPSHOT/ratis-server-0.4.0-2337318-SNAPSHOT.jar:/home/user/.m2/repository/org/apache/ratis/ratis-thirdparty-misc/0.2.0/ratis-thirdparty-misc-0.2.0.jar:/home/user/.m2/repository/org/apache/ratis/ratis-proto/0.4.0-2337318-SNAPSHOT/ratis-proto-0.4.0-2337318-SNAPSHOT.jar:/home/user/.m2/repository/org/apache/ratis/ratis-common/0.4.0-2337318-SNAPSHOT/ratis-common-0.4.0-2337318-SNAPSHOT.jar:/home/user/.m2/repository/org/apache/ratis/ratis-client/0.4.0-2337318-SNAPSHOT/ratis-client-0.4.0-2337318-SNAPSHOT.jar:/home/user/.m2/repository/org/apache/ratis/ratis-metrics/0.4.0-2337318-SNAPSHOT/ratis-metrics-0.4.0-2337318-SNAPSHOT.jar:/home/user/.m2/repository/org/apache/ratis/ratis-netty/0.4.0-2337318-SNAPSHOT/ratis-netty-0.4.0-2337318-SNAPSHOT.jar:/home/user/.m2/repository/org/apache/ratis/ratis-grpc/0.4.0-2337318-SNAPSHOT/ratis-grpc-0.4.0-2337318-SNAPSHOT.jar:/home/user/.m2/repository/org/rocksdb/rocksdbjni/6.0.1/rocksdbjni-6.0.1.jar:/home/user/.m2/repository/org/apache/logging/log4j/log4j-api/2.11.0/log4j-api-2.11.0.jar:/home/user/.m2/repository/org/apache/logging/log4j/log4j-core/2.11.0/log4j-core-2.11.0.jar:/home/user/.m2/repository/com/lmax/disruptor/3.4.2/disruptor-3.4.2.jar:/home/user/.m2/repository/org/apache/commons/commons-pool2/2.6.0/commons-pool2-2.6.0.jar:/home/user/.m2/repository/org/bouncycastle/bcpkix-jdk15on/1.60/bcpkix-jdk15on-1.60.jar:/home/user/.m2/repository/commons-validator/commons-validator/1.6/commons-validator-1.6.jar:/home/user/.m2/repository/commons-digester/commons-digester/1.8.1/commons-digester-1.8.1.jar:/home/user/.m2/repository/io/jaegertracing/jaeger-client/0.33.1/jaeger-client-0.33.1.jar:/home/user/.m2/repository/io/jaegertracing/jaeger-thrift/0.33.1/jaeger-thrift-0.33.1.jar:/home/user/.m2/repository/org/apache/thrift/libthrift/0.11.0/libthrift-0.11.0.jar:/home/user/.m2/repository/com/squareup/okhttp3/okhttp/3.9.0/okhttp-3.9.0.jar:/home/user/.m2/repository/com/squareup/okio/okio/1.13.0/okio-1.13.0.jar:/home/user/.m2/repository/io/jaegertracing/jaeger-core/0.33.1/jaeger-core-0.33.1.jar:/home/user/.m2/repository/io/jaegertracing/jaeger-tracerresolver/0.33.1/jaeger-tracerresolver-0.33.1.jar:/home/user/.m2/repository/io/opentracing/contrib/opentracing-tracerresolver/0.1.5/opentracing-tracerresolver-0.1.5.jar:/home/user/.m2/repository/io/opentracing/opentracing-util/0.31.0/opentracing-util-0.31.0.jar:/home/user/.m2/repository/io/opentracing/opentracing-api/0.31.0/opentracing-api-0.31.0.jar:/home/user/.m2/repository/io/opentracing/opentracing-noop/0.31.0/opentracing-noop-0.31.0.jar:/home/user/.m2/repository/org/apache/hadoop/hadoop-hdds-server-framework/0.5.0-SNAPSHOT/hadoop-hdds-server-framework-0.5.0-SNAPSHOT.jar:/home/user/.m2/repository/org/apache/hadoop/hadoop-hdds-container-service/0.5.0-SNAPSHOT/hadoop-hdds-container-service-0.5.0-SNAPSHOT.jar:/home/user/.m2/repository/org/apache/hadoop/hadoop-hdds-client/0.5.0-SNAPSHOT/hadoop-hdds-client-0.5.0-SNAPSHOT.jar:/home/user/.m2/repository/org/apache/hadoop/hadoop-hdds-tools/0.5.0-SNAPSHOT/hadoop-hdds-tools-0.5.0-SNAPSHOT.jar:/home/user/.m2/repository/org/apache/hadoop/hadoop-hdds-server-scm/0.5.0-SNAPSHOT/hadoop-hdds-server-scm-0.5.0-SNAPSHOT.jar:/home/user/.m2/repository/org/apache/hadoop/hadoop-hdds-docs/0.5.0-SNAPSHOT/hadoop-hdds-docs-0.5.0-SNAPSHOT.jar:/home/user/.m2/repository/io/dropwizard/metrics/metrics-core/3.2.4/metrics-core-3.2.4.jar:/home/user/.m2/repository/org/hamcrest/hamcrest-all/1.3/hamcrest-all-1.3.jar:/home/user/.m2/repository/org/bouncycastle/bcprov-jdk15on/1.60/bcprov-jdk15on-1.60.jar:/home/user/.m2/repository/info/picocli/picocli/3.9.6/picocli-3.9.6.jar:/home/user/.m2/repository/com/google/protobuf/protobuf-java/2.5.0/protobuf-java-2.5.0.jar:/home/user/.m2/repository/com/google/guava/guava/11.0.2/guava-11.0.2.jar:/home/user/.m2/repository/org/apache/hadoop/hadoop-ozone-ozone-manager/0.5.0-SNAPSHOT/hadoop-ozone-ozone-manager-0.5.0-SNAPSHOT.jar:/home/user/.m2/repository/org/apache/hadoop/hadoop-minikdc/3.2.0/hadoop-minikdc-3.2.0.jar:/home/user/.m2/repository/commons-io/commons-io/2.5/commons-io-2.5.jar:/home/user/.m2/repository/org/apache/kerby/kerb-simplekdc/1.0.1/kerb-simplekdc-1.0.1.jar:/home/user/.m2/repository/org/apache/kerby/kerb-client/1.0.1/kerb-client-1.0.1.jar:/home/user/.m2/repository/org/apache/kerby/kerby-config/1.0.1/kerby-config-1.0.1.jar:/home/user/.m2/repository/org/apache/kerby/kerb-core/1.0.1/kerb-core-1.0.1.jar:/home/user/.m2/repository/org/apache/kerby/kerby-pkix/1.0.1/kerby-pkix-1.0.1.jar:/home/user/.m2/repository/org/apache/kerby/kerby-asn1/1.0.1/kerby-asn1-1.0.1.jar:/home/user/.m2/repository/org/apache/kerby/kerby-util/1.0.1/kerby-util-1.0.1.jar:/home/user/.m2/repository/org/apache/kerby/kerb-common/1.0.1/kerb-common-1.0.1.jar:/home/user/.m2/repository/org/apache/kerby/kerb-crypto/1.0.1/kerb-crypto-1.0.1.jar:/home/user/.m2/repository/org/apache/kerby/kerb-util/1.0.1/kerb-util-1.0.1.jar:/home/user/.m2/repository/org/apache/kerby/token-provider/1.0.1/token-provider-1.0.1.jar:/home/user/.m2/repository/org/apache/kerby/kerb-admin/1.0.1/kerb-admin-1.0.1.jar:/home/user/.m2/repository/org/apache/kerby/kerb-server/1.0.1/kerb-server-1.0.1.jar:/home/user/.m2/repository/org/apache/kerby/kerb-identity/1.0.1/kerb-identity-1.0.1.jar:/home/user/.m2/repository/org/apache/kerby/kerby-xdr/1.0.1/kerby-xdr-1.0.1.jar:/home/user/.m2/repository/org/slf4j/slf4j-log4j12/1.7.25/slf4j-log4j12-1.7.25.jar:/home/user/.m2/repository/org/apache/hadoop/hadoop-ozone-s3gateway/0.5.0-SNAPSHOT/hadoop-ozone-s3gateway-0.5.0-SNAPSHOT.jar:/home/user/.m2/repository/org/jboss/weld/servlet/weld-servlet/2.4.7.Final/weld-servlet-2.4.7.Final.jar:/home/user/.m2/repository/org/glassfish/jersey/containers/jersey-container-servlet-core/2.27/jersey-container-servlet-core-2.27.jar:/home/user/.m2/repository/org/glassfish/hk2/external/javax.inject/2.5.0-b42/javax.inject-2.5.0-b42.jar:/home/user/.m2/repository/org/glassfish/jersey/core/jersey-common/2.27/jersey-common-2.27.jar:/home/user/.m2/repository/org/glassfish/hk2/osgi-resource-locator/1.0.1/osgi-resource-locator-1.0.1.jar:/home/user/.m2/repository/javax/ws/rs/javax.ws.rs-api/2.1/javax.ws.rs-api-2.1.jar:/home/user/.m2/repository/org/glassfish/jersey/ext/cdi/jersey-cdi1x/2.27/jersey-cdi1x-2.27.jar:/home/user/.m2/repository/org/glassfish/jersey/inject/jersey-hk2/2.27/jersey-hk2-2.27.jar:/home/user/.m2/repository/org/glassfish/hk2/hk2-locator/2.5.0-b42/hk2-locator-2.5.0-b42.jar:/home/user/.m2/repository/org/javassist/javassist/3.22.0-CR2/javassist-3.22.0-CR2.jar:/home/user/.m2/repository/org/glassfish/hk2/hk2-api/2.5.0/hk2-api-2.5.0.jar:/home/user/.m2/repository/org/glassfish/hk2/external/jakarta.inject/2.5.0/jakarta.inject-2.5.0.jar:/home/user/.m2/repository/org/glassfish/hk2/hk2-utils/2.5.0/hk2-utils-2.5.0.jar:/home/user/.m2/repository/jakarta/annotation/jakarta.annotation-api/1.3.4/jakarta.annotation-api-1.3.4.jar:/home/user/.m2/repository/org/glassfish/hk2/external/aopalliance-repackaged/2.5.0/aopalliance-repackaged-2.5.0.jar:/home/user/.m2/repository/com/fasterxml/jackson/dataformat/jackson-dataformat-xml/2.9.0/jackson-dataformat-xml-2.9.0.jar:/home/user/.m2/repository/com/fasterxml/jackson/core/jackson-core/2.9.5/jackson-core-2.9.5.jar:/home/user/.m2/repository/com/fasterxml/jackson/module/jackson-module-jaxb-annotations/2.9.5/jackson-module-jaxb-annotations-2.9.5.jar:/home/user/.m2/repository/javax/enterprise/cdi-api/1.2/cdi-api-1.2.jar:/home/user/.m2/repository/javax/el/javax.el-api/3.0.0/javax.el-api-3.0.0.jar:/home/user/.m2/repository/javax/interceptor/javax.interceptor-api/1.2/javax.interceptor-api-1.2.jar:/home/user/.m2/repository/javax/inject/javax.inject/1/javax.inject-1.jar:/home/user/.m2/repository/com/sun/xml/bind/jaxb-impl/2.3.0.1/jaxb-impl-2.3.0.1.jar:/home/user/.m2/repository/com/sun/xml/bind/jaxb-core/2.3.0.1/jaxb-core-2.3.0.1.jar:/home/user/.m2/repository/javax/xml/bind/jaxb-api/2.3.0/jaxb-api-2.3.0.jar:/home/user/.m2/repository/javax/activation/activation/1.1.1/activation-1.1.1.jar:/home/user/.m2/repository/org/apache/hadoop/hadoop-ozone-csi/0.5.0-SNAPSHOT/hadoop-ozone-csi-0.5.0-SNAPSHOT.jar:/home/user/.m2/repository/com/google/protobuf/protobuf-java-util/3.5.1/protobuf-java-util-3.5.1.jar:/home/user/.m2/repository/org/apache/hadoop/hadoop-hdds-config/0.5.0-SNAPSHOT/hadoop-hdds-config-0.5.0-SNAPSHOT.jar:/home/user/.m2/repository/io/grpc/grpc-netty/1.17.1/grpc-netty-1.17.1.jar:/home/user/.m2/repository/io/grpc/grpc-core/1.17.1/grpc-core-1.17.1.jar:/home/user/.m2/repository/io/grpc/grpc-context/1.17.1/grpc-context-1.17.1.jar:/home/user/.m2/repository/com/google/errorprone/error_prone_annotations/2.2.0/error_prone_annotations-2.2.0.jar:/home/user/.m2/repository/org/codehaus/mojo/animal-sniffer-annotations/1.17/animal-sniffer-annotations-1.17.jar:/home/user/.m2/repository/io/opencensus/opencensus-api/0.17.0/opencensus-api-0.17.0.jar:/home/user/.m2/repository/io/opencensus/opencensus-contrib-grpc-metrics/0.17.0/opencensus-contrib-grpc-metrics-0.17.0.jar:/home/user/.m2/repository/io/netty/netty-codec-http2/4.1.30.Final/netty-codec-http2-4.1.30.Final.jar:/home/user/.m2/repository/io/netty/netty-codec-http/4.1.30.Final/netty-codec-http-4.1.30.Final.jar:/home/user/.m2/repository/io/netty/netty-codec/4.1.30.Final/netty-codec-4.1.30.Final.jar:/home/user/.m2/repository/io/netty/netty-handler/4.1.30.Final/netty-handler-4.1.30.Final.jar:/home/user/.m2/repository/io/netty/netty-handler-proxy/4.1.30.Final/netty-handler-proxy-4.1.30.Final.jar:/home/user/.m2/repository/io/netty/netty-codec-socks/4.1.30.Final/netty-codec-socks-4.1.30.Final.jar:/home/user/.m2/repository/io/netty/netty-transport-native-epoll/4.1.30.Final/netty-transport-native-epoll-4.1.30.Final.jar:/home/user/.m2/repository/io/netty/netty-common/4.1.30.Final/netty-common-4.1.30.Final.jar:/home/user/.m2/repository/io/netty/netty-buffer/4.1.30.Final/netty-buffer-4.1.30.Final.jar:/home/user/.m2/repository/io/netty/netty-transport/4.1.30.Final/netty-transport-4.1.30.Final.jar:/home/user/.m2/repository/io/netty/netty-resolver/4.1.30.Final/netty-resolver-4.1.30.Final.jar:/home/user/.m2/repository/io/netty/netty-transport-native-unix-common/4.1.30.Final/netty-transport-native-unix-common-4.1.30.Final.jar:/home/user/.m2/repository/io/grpc/grpc-protobuf/1.17.1/grpc-protobuf-1.17.1.jar:/home/user/.m2/repository/com/google/api/grpc/proto-google-common-protos/1.0.0/proto-google-common-protos-1.0.0.jar:/home/user/.m2/repository/io/grpc/grpc-protobuf-lite/1.17.1/grpc-protobuf-lite-1.17.1.jar:/home/user/.m2/repository/io/grpc/grpc-stub/1.17.1/grpc-stub-1.17.1.jar:/home/user/.m2/repository/org/apache/hadoop/hadoop-ozone-recon/0.5.0-SNAPSHOT/hadoop-ozone-recon-0.5.0-SNAPSHOT.jar:/home/user/.m2/repository/org/apache/hadoop/hadoop-ozone-reconcodegen/0.5.0-SNAPSHOT/hadoop-ozone-reconcodegen-0.5.0-SNAPSHOT.jar:/home/user/.m2/repository/com/google/inject/extensions/guice-multibindings/4.0/guice-multibindings-4.0.jar:/home/user/.m2/repository/com/google/inject/guice/4.0/guice-4.0.jar:/home/user/.m2/repository/aopalliance/aopalliance/1.0/aopalliance-1.0.jar:/home/user/.m2/repository/com/google/inject/extensions/guice-servlet/4.0/guice-servlet-4.0.jar:/home/user/.m2/repository/org/glassfish/jersey/containers/jersey-container-servlet/2.27/jersey-container-servlet-2.27.jar:/home/user/.m2/repository/org/glassfish/hk2/guice-bridge/2.5.0/guice-bridge-2.5.0.jar:/home/user/.m2/repository/org/glassfish/jersey/core/jersey-server/2.27/jersey-server-2.27.jar:/home/user/.m2/repository/org/glassfish/jersey/core/jersey-client/2.27/jersey-client-2.27.jar:/home/user/.m2/repository/org/glassfish/jersey/media/jersey-media-jaxb/2.27/jersey-media-jaxb-2.27.jar:/home/user/.m2/repository/javax/validation/validation-api/1.1.0.Final/validation-api-1.1.0.Final.jar:/home/user/.m2/repository/org/glassfish/jersey/media/jersey-media-json-jackson/2.27/jersey-media-json-jackson-2.27.jar:/home/user/.m2/repository/org/glassfish/jersey/ext/jersey-entity-filtering/2.27/jersey-entity-filtering-2.27.jar:/home/user/.m2/repository/com/google/inject/extensions/guice-assistedinject/4.0/guice-assistedinject-4.0.jar:/home/user/.m2/repository/org/jooq/jooq/3.11.10/jooq-3.11.10.jar:/home/user/.m2/repository/org/jooq/jooq-meta/3.11.10/jooq-meta-3.11.10.jar:/home/user/.m2/repository/org/jooq/jooq-codegen/3.11.10/jooq-codegen-3.11.10.jar:/home/user/.m2/repository/com/jolbox/bonecp/0.8.0.RELEASE/bonecp-0.8.0.RELEASE.jar:/home/user/.m2/repository/org/xerial/sqlite-jdbc/3.25.2/sqlite-jdbc-3.25.2.jar:/home/user/.m2/repository/org/springframework/spring-jdbc/5.1.3.RELEASE/spring-jdbc-5.1.3.RELEASE.jar:/home/user/.m2/repository/org/springframework/spring-beans/5.1.3.RELEASE/spring-beans-5.1.3.RELEASE.jar:/home/user/.m2/repository/org/springframework/spring-core/5.1.3.RELEASE/spring-core-5.1.3.RELEASE.jar:/home/user/.m2/repository/org/springframework/spring-jcl/5.1.3.RELEASE/spring-jcl-5.1.3.RELEASE.jar:/home/user/.m2/repository/org/springframework/spring-tx/5.1.3.RELEASE/spring-tx-5.1.3.RELEASE.jar:/home/user/.m2/repository/org/apache/hadoop/hadoop-ozone-client/0.5.0-SNAPSHOT/hadoop-ozone-client-0.5.0-SNAPSHOT.jar:/home/user/.m2/repository/commons-lang/commons-lang/2.6/commons-lang-2.6.jar:/home/user/.m2/repository/org/apache/hadoop/hadoop-ozone-ozone-manager/0.5.0-SNAPSHOT/hadoop-ozone-ozone-manager-0.5.0-SNAPSHOT-tests.jar:/home/user/.m2/repository/junit/junit/4.11/junit-4.11.jar:/home/user/.m2/repository/org/hamcrest/hamcrest-core/1.3/hamcrest-core-1.3.jar:/home/user/.m2/repository/org/openjdk/jmh/jmh-core/1.19/jmh-core-1.19.jar:/home/user/.m2/repository/net/sf/jopt-simple/jopt-simple/4.6/jopt-simple-4.6.jar:/home/user/.m2/repository/org/apache/commons/commons-math3/3.1.1/commons-math3-3.1.1.jar:/home/user/.m2/repository/org/openjdk/jmh/jmh-generator-annprocess/1.19/jmh-generator-annprocess-1.19.jar:/home/user/.m2/repository/org/mockito/mockito-all/1.8.5/mockito-all-1.8.5.jar:/home/user/.m2/repository/org/apache/hadoop/hadoop-kms/3.2.0/hadoop-kms-3.2.0.jar:/home/user/.m2/repository/org/apache/hadoop/hadoop-auth/3.2.0/hadoop-auth-3.2.0.jar:/home/user/.m2/repository/com/nimbusds/nimbus-jose-jwt/4.41.1/nimbus-jose-jwt-4.41.1.jar:/home/user/.m2/repository/com/github/stephenc/jcip/jcip-annotations/1.0-1/jcip-annotations-1.0-1.jar:/home/user/.m2/repository/net/minidev/json-smart/2.3/json-smart-2.3.jar:/home/user/.m2/repository/net/minidev/accessors-smart/1.2/accessors-smart-1.2.jar:/home/user/.m2/repository/org/ow2/asm/asm/5.0.4/asm-5.0.4.jar:/home/user/.m2/repository/org/apache/curator/curator-framework/2.12.0/curator-framework-2.12.0.jar:/home/user/.m2/repository/com/sun/jersey/jersey-core/1.19/jersey-core-1.19.jar:/home/user/.m2/repository/javax/ws/rs/jsr311-api/1.1.1/jsr311-api-1.1.1.jar:/home/user/.m2/repository/com/sun/jersey/jersey-server/1.19/jersey-server-1.19.jar:/home/user/.m2/repository/javax/servlet/javax.servlet-api/3.1.0/javax.servlet-api-3.1.0.jar:/home/user/.m2/repository/org/eclipse/jetty/jetty-server/9.3.24.v20180605/jetty-server-9.3.24.v20180605.jar:/home/user/.m2/repository/org/eclipse/jetty/jetty-http/9.3.24.v20180605/jetty-http-9.3.24.v20180605.jar:/home/user/.m2/repository/org/eclipse/jetty/jetty-io/9.3.24.v20180605/jetty-io-9.3.24.v20180605.jar:/home/user/.m2/repository/org/eclipse/jetty/jetty-webapp/9.3.24.v20180605/jetty-webapp-9.3.24.v20180605.jar:/home/user/.m2/repository/org/eclipse/jetty/jetty-xml/9.3.24.v20180605/jetty-xml-9.3.24.v20180605.jar:/home/user/.m2/repository/log4j/log4j/1.2.17/log4j-1.2.17.jar:/home/user/.m2/repository/org/slf4j/slf4j-api/1.7.25/slf4j-api-1.7.25.jar:/home/user/.m2/repository/org/slf4j/jul-to-slf4j/1.7.25/jul-to-slf4j-1.7.25.jar:/home/user/.m2/repository/org/eclipse/jetty/jetty-util/9.3.24.v20180605/jetty-util-9.3.24.v20180605.jar:/home/user/.m2/repository/com/fasterxml/jackson/core/jackson-databind/2.9.5/jackson-databind-2.9.5.jar:/home/user/.m2/repository/org/apache/hadoop/hadoop-kms/3.2.0/hadoop-kms-3.2.0-tests.jar:/home/user/.m2/repository/org/apache/hadoop/hadoop-hdds-server-scm/0.5.0-SNAPSHOT/hadoop-hdds-server-scm-0.5.0-SNAPSHOT-tests.jar:/home/user/.m2/repository/org/apache/hadoop/hadoop-hdds-container-service/0.5.0-SNAPSHOT/hadoop-hdds-container-service-0.5.0-SNAPSHOT-tests.jar:/home/user/.m2/repository/org/yaml/snakeyaml/1.16/snakeyaml-1.16.jar:/home/user/.m2/repository/org/apache/hadoop/hadoop-common/3.2.0/hadoop-common-3.2.0-tests.jar:/home/user/.m2/repository/org/apache/hadoop/hadoop-annotations/3.2.0/hadoop-annotations-3.2.0.jar:/usr/lib/jvm/java-1.8-openjdk/jre/../lib/tools.jar:/home/user/.m2/repository/commons-cli/commons-cli/1.2/commons-cli-1.2.jar:/home/user/.m2/repository/org/apache/httpcomponents/httpclient/4.5.2/httpclient-4.5.2.jar:/home/user/.m2/repository/org/apache/httpcomponents/httpcore/4.4.4/httpcore-4.4.4.jar:/home/user/.m2/repository/commons-codec/commons-codec/1.11/commons-codec-1.11.jar:/home/user/.m2/repository/commons-net/commons-net/3.6/commons-net-3.6.jar:/home/user/.m2/repository/commons-collections/commons-collections/3.2.2/commons-collections-3.2.2.jar:/home/user/.m2/repository/org/eclipse/jetty/jetty-servlet/9.3.24.v20180605/jetty-servlet-9.3.24.v20180605.jar:/home/user/.m2/repository/org/eclipse/jetty/jetty-security/9.3.24.v20180605/jetty-security-9.3.24.v20180605.jar:/home/user/.m2/repository/javax/servlet/jsp/jsp-api/2.1/jsp-api-2.1.jar:/home/user/.m2/repository/com/sun/jersey/jersey-servlet/1.19/jersey-servlet-1.19.jar:/home/user/.m2/repository/com/sun/jersey/jersey-json/1.19/jersey-json-1.19.jar:/home/user/.m2/repository/org/codehaus/jettison/jettison/1.1/jettison-1.1.jar:/home/user/.m2/repository/org/codehaus/jackson/jackson-core-asl/1.9.13/jackson-core-asl-1.9.13.jar:/home/user/.m2/repository/org/codehaus/jackson/jackson-mapper-asl/1.9.13/jackson-mapper-asl-1.9.13.jar:/home/user/.m2/repository/org/codehaus/jackson/jackson-jaxrs/1.9.13/jackson-jaxrs-1.9.13.jar:/home/user/.m2/repository/org/codehaus/jackson/jackson-xc/1.9.13/jackson-xc-1.9.13.jar:/home/user/.m2/repository/commons-logging/commons-logging/1.1.3/commons-logging-1.1.3.jar:/home/user/.m2/repository/commons-beanutils/commons-beanutils/1.9.3/commons-beanutils-1.9.3.jar:/home/user/.m2/repository/org/apache/commons/commons-configuration2/2.1.1/commons-configuration2-2.1.1.jar:/home/user/.m2/repository/org/apache/commons/commons-lang3/3.7/commons-lang3-3.7.jar:/home/user/.m2/repository/org/apache/commons/commons-text/1.4/commons-text-1.4.jar:/home/user/.m2/repository/org/apache/avro/avro/1.7.7/avro-1.7.7.jar:/home/user/.m2/repository/com/thoughtworks/paranamer/paranamer/2.3/paranamer-2.3.jar:/home/user/.m2/repository/org/xerial/snappy/snappy-java/1.0.5/snappy-java-1.0.5.jar:/home/user/.m2/repository/com/google/re2j/re2j/1.1/re2j-1.1.jar:/home/user/.m2/repository/com/google/code/gson/gson/2.2.4/gson-2.2.4.jar:/home/user/.m2/repository/com/jcraft/jsch/0.1.54/jsch-0.1.54.jar:/home/user/.m2/repository/org/apache/curator/curator-client/2.12.0/curator-client-2.12.0.jar:/home/user/.m2/repository/org/apache/curator/curator-recipes/2.12.0/curator-recipes-2.12.0.jar:/home/user/.m2/repository/com/google/code/findbugs/jsr305/3.0.0/jsr305-3.0.0.jar:/home/user/.m2/repository/org/apache/htrace/htrace-core4/4.1.0-incubating/htrace-core4-4.1.0-incubating.jar:/home/user/.m2/repository/org/apache/zookeeper/zookeeper/3.4.13/zookeeper-3.4.13.jar:/home/user/.m2/repository/org/apache/yetus/audience-annotations/0.5.0/audience-annotations-0.5.0.jar:/home/user/.m2/repository/org/codehaus/woodstox/stax2-api/3.1.4/stax2-api-3.1.4.jar:/home/user/.m2/repository/com/fasterxml/woodstox/woodstox-core/5.0.3/woodstox-core-5.0.3.jar:/home/user/.m2/repository/dnsjava/dnsjava/2.1.7/dnsjava-2.1.7.jar:/home/user/.m2/repository/org/apache/hadoop/hadoop-hdfs/3.2.0/hadoop-hdfs-3.2.0-tests.jar:/home/user/.m2/repository/org/eclipse/jetty/jetty-util-ajax/9.3.24.v20180605/jetty-util-ajax-9.3.24.v20180605.jar:/home/user/.m2/repository/commons-daemon/commons-daemon/1.0.13/commons-daemon-1.0.13.jar:/home/user/.m2/repository/io/netty/netty/3.10.5.Final/netty-3.10.5.Final.jar:/home/user/.m2/repository/io/netty/netty-all/4.0.52.Final/netty-all-4.0.52.Final.jar:/home/user/.m2/repository/org/fusesource/leveldbjni/leveldbjni-all/1.8/leveldbjni-all-1.8.jar:"/>
    <property name="java.vm.vendor" value="IcedTea"/>
    <property name="sun.arch.data.model" value="64"/>
    <property name="test.build.dir" value="/workdir/hadoop-ozone/integration-test/target/test-dir"/>
    <property name="test.cache.data" value=""/>
    <property name="java.vendor.url" value="https://icedtea.classpath.org"/>
    <property name="user.timezone" value=""/>
    <property name="java.vm.specification.version" value="1.8"/>
    <property name="os.name" value="Linux"/>
    <property name="test.build.data" value="/workdir/hadoop-ozone/integration-test/target/test-dir"/>
    <property name="user.country" value="US"/>
    <property name="sun.java.launcher" value="SUN_STANDARD"/>
    <property name="sun.boot.library.path" value="/usr/lib/jvm/java-1.8-openjdk/jre/lib/amd64"/>
    <property name="sun.java.command" value="/workdir/hadoop-ozone/integration-test/target/surefire/surefirebooter4606118991883425448.jar /workdir/hadoop-ozone/integration-test/target/surefire 2019-09-03T19-04-25_743-jvmRun1 surefire8795231624169685893tmp surefire_164090081850253942744tmp"/>
    <property name="test" value="!TestMiniChaosOzoneCluster"/>
    <property name="surefire.test.class.path" value="/workdir/hadoop-ozone/integration-test/target/test-classes:/workdir/hadoop-ozone/integration-test/target/classes:/home/user/.m2/repository/org/apache/hadoop/hadoop-ozone-common/0.5.0-SNAPSHOT/hadoop-ozone-common-0.5.0-SNAPSHOT.jar:/home/user/.m2/repository/org/apache/commons/commons-compress/1.4.1/commons-compress-1.4.1.jar:/home/user/.m2/repository/org/tukaani/xz/1.0/xz-1.0.jar:/home/user/.m2/repository/org/apache/hadoop/hadoop-common/3.2.0/hadoop-common-3.2.0.jar:/home/user/.m2/repository/org/apache/hadoop/hadoop-hdfs/3.2.0/hadoop-hdfs-3.2.0.jar:/home/user/.m2/repository/org/apache/hadoop/hadoop-hdfs-client/3.2.0/hadoop-hdfs-client-3.2.0.jar:/home/user/.m2/repository/com/fasterxml/jackson/core/jackson-annotations/2.9.5/jackson-annotations-2.9.5.jar:/home/user/.m2/repository/org/apache/hadoop/hadoop-hdds-common/0.5.0-SNAPSHOT/hadoop-hdds-common-0.5.0-SNAPSHOT.jar:/home/user/.m2/repository/javax/annotation/javax.annotation-api/1.2/javax.annotation-api-1.2.jar:/home/user/.m2/repository/org/apache/ratis/ratis-server/0.4.0-2337318-SNAPSHOT/ratis-server-0.4.0-2337318-SNAPSHOT.jar:/home/user/.m2/repository/org/apache/ratis/ratis-thirdparty-misc/0.2.0/ratis-thirdparty-misc-0.2.0.jar:/home/user/.m2/repository/org/apache/ratis/ratis-proto/0.4.0-2337318-SNAPSHOT/ratis-proto-0.4.0-2337318-SNAPSHOT.jar:/home/user/.m2/repository/org/apache/ratis/ratis-common/0.4.0-2337318-SNAPSHOT/ratis-common-0.4.0-2337318-SNAPSHOT.jar:/home/user/.m2/repository/org/apache/ratis/ratis-client/0.4.0-2337318-SNAPSHOT/ratis-client-0.4.0-2337318-SNAPSHOT.jar:/home/user/.m2/repository/org/apache/ratis/ratis-metrics/0.4.0-2337318-SNAPSHOT/ratis-metrics-0.4.0-2337318-SNAPSHOT.jar:/home/user/.m2/repository/org/apache/ratis/ratis-netty/0.4.0-2337318-SNAPSHOT/ratis-netty-0.4.0-2337318-SNAPSHOT.jar:/home/user/.m2/repository/org/apache/ratis/ratis-grpc/0.4.0-2337318-SNAPSHOT/ratis-grpc-0.4.0-2337318-SNAPSHOT.jar:/home/user/.m2/repository/org/rocksdb/rocksdbjni/6.0.1/rocksdbjni-6.0.1.jar:/home/user/.m2/repository/org/apache/logging/log4j/log4j-api/2.11.0/log4j-api-2.11.0.jar:/home/user/.m2/repository/org/apache/logging/log4j/log4j-core/2.11.0/log4j-core-2.11.0.jar:/home/user/.m2/repository/com/lmax/disruptor/3.4.2/disruptor-3.4.2.jar:/home/user/.m2/repository/org/apache/commons/commons-pool2/2.6.0/commons-pool2-2.6.0.jar:/home/user/.m2/repository/org/bouncycastle/bcpkix-jdk15on/1.60/bcpkix-jdk15on-1.60.jar:/home/user/.m2/repository/commons-validator/commons-validator/1.6/commons-validator-1.6.jar:/home/user/.m2/repository/commons-digester/commons-digester/1.8.1/commons-digester-1.8.1.jar:/home/user/.m2/repository/io/jaegertracing/jaeger-client/0.33.1/jaeger-client-0.33.1.jar:/home/user/.m2/repository/io/jaegertracing/jaeger-thrift/0.33.1/jaeger-thrift-0.33.1.jar:/home/user/.m2/repository/org/apache/thrift/libthrift/0.11.0/libthrift-0.11.0.jar:/home/user/.m2/repository/com/squareup/okhttp3/okhttp/3.9.0/okhttp-3.9.0.jar:/home/user/.m2/repository/com/squareup/okio/okio/1.13.0/okio-1.13.0.jar:/home/user/.m2/repository/io/jaegertracing/jaeger-core/0.33.1/jaeger-core-0.33.1.jar:/home/user/.m2/repository/io/jaegertracing/jaeger-tracerresolver/0.33.1/jaeger-tracerresolver-0.33.1.jar:/home/user/.m2/repository/io/opentracing/contrib/opentracing-tracerresolver/0.1.5/opentracing-tracerresolver-0.1.5.jar:/home/user/.m2/repository/io/opentracing/opentracing-util/0.31.0/opentracing-util-0.31.0.jar:/home/user/.m2/repository/io/opentracing/opentracing-api/0.31.0/opentracing-api-0.31.0.jar:/home/user/.m2/repository/io/opentracing/opentracing-noop/0.31.0/opentracing-noop-0.31.0.jar:/home/user/.m2/repository/org/apache/hadoop/hadoop-hdds-server-framework/0.5.0-SNAPSHOT/hadoop-hdds-server-framework-0.5.0-SNAPSHOT.jar:/home/user/.m2/repository/org/apache/hadoop/hadoop-hdds-container-service/0.5.0-SNAPSHOT/hadoop-hdds-container-service-0.5.0-SNAPSHOT.jar:/home/user/.m2/repository/org/apache/hadoop/hadoop-hdds-client/0.5.0-SNAPSHOT/hadoop-hdds-client-0.5.0-SNAPSHOT.jar:/home/user/.m2/repository/org/apache/hadoop/hadoop-hdds-tools/0.5.0-SNAPSHOT/hadoop-hdds-tools-0.5.0-SNAPSHOT.jar:/home/user/.m2/repository/org/apache/hadoop/hadoop-hdds-server-scm/0.5.0-SNAPSHOT/hadoop-hdds-server-scm-0.5.0-SNAPSHOT.jar:/home/user/.m2/repository/org/apache/hadoop/hadoop-hdds-docs/0.5.0-SNAPSHOT/hadoop-hdds-docs-0.5.0-SNAPSHOT.jar:/home/user/.m2/repository/io/dropwizard/metrics/metrics-core/3.2.4/metrics-core-3.2.4.jar:/home/user/.m2/repository/org/hamcrest/hamcrest-all/1.3/hamcrest-all-1.3.jar:/home/user/.m2/repository/org/bouncycastle/bcprov-jdk15on/1.60/bcprov-jdk15on-1.60.jar:/home/user/.m2/repository/info/picocli/picocli/3.9.6/picocli-3.9.6.jar:/home/user/.m2/repository/com/google/protobuf/protobuf-java/2.5.0/protobuf-java-2.5.0.jar:/home/user/.m2/repository/com/google/guava/guava/11.0.2/guava-11.0.2.jar:/home/user/.m2/repository/org/apache/hadoop/hadoop-ozone-ozone-manager/0.5.0-SNAPSHOT/hadoop-ozone-ozone-manager-0.5.0-SNAPSHOT.jar:/home/user/.m2/repository/org/apache/hadoop/hadoop-minikdc/3.2.0/hadoop-minikdc-3.2.0.jar:/home/user/.m2/repository/commons-io/commons-io/2.5/commons-io-2.5.jar:/home/user/.m2/repository/org/apache/kerby/kerb-simplekdc/1.0.1/kerb-simplekdc-1.0.1.jar:/home/user/.m2/repository/org/apache/kerby/kerb-client/1.0.1/kerb-client-1.0.1.jar:/home/user/.m2/repository/org/apache/kerby/kerby-config/1.0.1/kerby-config-1.0.1.jar:/home/user/.m2/repository/org/apache/kerby/kerb-core/1.0.1/kerb-core-1.0.1.jar:/home/user/.m2/repository/org/apache/kerby/kerby-pkix/1.0.1/kerby-pkix-1.0.1.jar:/home/user/.m2/repository/org/apache/kerby/kerby-asn1/1.0.1/kerby-asn1-1.0.1.jar:/home/user/.m2/repository/org/apache/kerby/kerby-util/1.0.1/kerby-util-1.0.1.jar:/home/user/.m2/repository/org/apache/kerby/kerb-common/1.0.1/kerb-common-1.0.1.jar:/home/user/.m2/repository/org/apache/kerby/kerb-crypto/1.0.1/kerb-crypto-1.0.1.jar:/home/user/.m2/repository/org/apache/kerby/kerb-util/1.0.1/kerb-util-1.0.1.jar:/home/user/.m2/repository/org/apache/kerby/token-provider/1.0.1/token-provider-1.0.1.jar:/home/user/.m2/repository/org/apache/kerby/kerb-admin/1.0.1/kerb-admin-1.0.1.jar:/home/user/.m2/repository/org/apache/kerby/kerb-server/1.0.1/kerb-server-1.0.1.jar:/home/user/.m2/repository/org/apache/kerby/kerb-identity/1.0.1/kerb-identity-1.0.1.jar:/home/user/.m2/repository/org/apache/kerby/kerby-xdr/1.0.1/kerby-xdr-1.0.1.jar:/home/user/.m2/repository/org/slf4j/slf4j-log4j12/1.7.25/slf4j-log4j12-1.7.25.jar:/home/user/.m2/repository/org/apache/hadoop/hadoop-ozone-s3gateway/0.5.0-SNAPSHOT/hadoop-ozone-s3gateway-0.5.0-SNAPSHOT.jar:/home/user/.m2/repository/org/jboss/weld/servlet/weld-servlet/2.4.7.Final/weld-servlet-2.4.7.Final.jar:/home/user/.m2/repository/org/glassfish/jersey/containers/jersey-container-servlet-core/2.27/jersey-container-servlet-core-2.27.jar:/home/user/.m2/repository/org/glassfish/hk2/external/javax.inject/2.5.0-b42/javax.inject-2.5.0-b42.jar:/home/user/.m2/repository/org/glassfish/jersey/core/jersey-common/2.27/jersey-common-2.27.jar:/home/user/.m2/repository/org/glassfish/hk2/osgi-resource-locator/1.0.1/osgi-resource-locator-1.0.1.jar:/home/user/.m2/repository/javax/ws/rs/javax.ws.rs-api/2.1/javax.ws.rs-api-2.1.jar:/home/user/.m2/repository/org/glassfish/jersey/ext/cdi/jersey-cdi1x/2.27/jersey-cdi1x-2.27.jar:/home/user/.m2/repository/org/glassfish/jersey/inject/jersey-hk2/2.27/jersey-hk2-2.27.jar:/home/user/.m2/repository/org/glassfish/hk2/hk2-locator/2.5.0-b42/hk2-locator-2.5.0-b42.jar:/home/user/.m2/repository/org/javassist/javassist/3.22.0-CR2/javassist-3.22.0-CR2.jar:/home/user/.m2/repository/org/glassfish/hk2/hk2-api/2.5.0/hk2-api-2.5.0.jar:/home/user/.m2/repository/org/glassfish/hk2/external/jakarta.inject/2.5.0/jakarta.inject-2.5.0.jar:/home/user/.m2/repository/org/glassfish/hk2/hk2-utils/2.5.0/hk2-utils-2.5.0.jar:/home/user/.m2/repository/jakarta/annotation/jakarta.annotation-api/1.3.4/jakarta.annotation-api-1.3.4.jar:/home/user/.m2/repository/org/glassfish/hk2/external/aopalliance-repackaged/2.5.0/aopalliance-repackaged-2.5.0.jar:/home/user/.m2/repository/com/fasterxml/jackson/dataformat/jackson-dataformat-xml/2.9.0/jackson-dataformat-xml-2.9.0.jar:/home/user/.m2/repository/com/fasterxml/jackson/core/jackson-core/2.9.5/jackson-core-2.9.5.jar:/home/user/.m2/repository/com/fasterxml/jackson/module/jackson-module-jaxb-annotations/2.9.5/jackson-module-jaxb-annotations-2.9.5.jar:/home/user/.m2/repository/javax/enterprise/cdi-api/1.2/cdi-api-1.2.jar:/home/user/.m2/repository/javax/el/javax.el-api/3.0.0/javax.el-api-3.0.0.jar:/home/user/.m2/repository/javax/interceptor/javax.interceptor-api/1.2/javax.interceptor-api-1.2.jar:/home/user/.m2/repository/javax/inject/javax.inject/1/javax.inject-1.jar:/home/user/.m2/repository/com/sun/xml/bind/jaxb-impl/2.3.0.1/jaxb-impl-2.3.0.1.jar:/home/user/.m2/repository/com/sun/xml/bind/jaxb-core/2.3.0.1/jaxb-core-2.3.0.1.jar:/home/user/.m2/repository/javax/xml/bind/jaxb-api/2.3.0/jaxb-api-2.3.0.jar:/home/user/.m2/repository/javax/activation/activation/1.1.1/activation-1.1.1.jar:/home/user/.m2/repository/org/apache/hadoop/hadoop-ozone-csi/0.5.0-SNAPSHOT/hadoop-ozone-csi-0.5.0-SNAPSHOT.jar:/home/user/.m2/repository/com/google/protobuf/protobuf-java-util/3.5.1/protobuf-java-util-3.5.1.jar:/home/user/.m2/repository/org/apache/hadoop/hadoop-hdds-config/0.5.0-SNAPSHOT/hadoop-hdds-config-0.5.0-SNAPSHOT.jar:/home/user/.m2/repository/io/grpc/grpc-netty/1.17.1/grpc-netty-1.17.1.jar:/home/user/.m2/repository/io/grpc/grpc-core/1.17.1/grpc-core-1.17.1.jar:/home/user/.m2/repository/io/grpc/grpc-context/1.17.1/grpc-context-1.17.1.jar:/home/user/.m2/repository/com/google/errorprone/error_prone_annotations/2.2.0/error_prone_annotations-2.2.0.jar:/home/user/.m2/repository/org/codehaus/mojo/animal-sniffer-annotations/1.17/animal-sniffer-annotations-1.17.jar:/home/user/.m2/repository/io/opencensus/opencensus-api/0.17.0/opencensus-api-0.17.0.jar:/home/user/.m2/repository/io/opencensus/opencensus-contrib-grpc-metrics/0.17.0/opencensus-contrib-grpc-metrics-0.17.0.jar:/home/user/.m2/repository/io/netty/netty-codec-http2/4.1.30.Final/netty-codec-http2-4.1.30.Final.jar:/home/user/.m2/repository/io/netty/netty-codec-http/4.1.30.Final/netty-codec-http-4.1.30.Final.jar:/home/user/.m2/repository/io/netty/netty-codec/4.1.30.Final/netty-codec-4.1.30.Final.jar:/home/user/.m2/repository/io/netty/netty-handler/4.1.30.Final/netty-handler-4.1.30.Final.jar:/home/user/.m2/repository/io/netty/netty-handler-proxy/4.1.30.Final/netty-handler-proxy-4.1.30.Final.jar:/home/user/.m2/repository/io/netty/netty-codec-socks/4.1.30.Final/netty-codec-socks-4.1.30.Final.jar:/home/user/.m2/repository/io/netty/netty-transport-native-epoll/4.1.30.Final/netty-transport-native-epoll-4.1.30.Final.jar:/home/user/.m2/repository/io/netty/netty-common/4.1.30.Final/netty-common-4.1.30.Final.jar:/home/user/.m2/repository/io/netty/netty-buffer/4.1.30.Final/netty-buffer-4.1.30.Final.jar:/home/user/.m2/repository/io/netty/netty-transport/4.1.30.Final/netty-transport-4.1.30.Final.jar:/home/user/.m2/repository/io/netty/netty-resolver/4.1.30.Final/netty-resolver-4.1.30.Final.jar:/home/user/.m2/repository/io/netty/netty-transport-native-unix-common/4.1.30.Final/netty-transport-native-unix-common-4.1.30.Final.jar:/home/user/.m2/repository/io/grpc/grpc-protobuf/1.17.1/grpc-protobuf-1.17.1.jar:/home/user/.m2/repository/com/google/api/grpc/proto-google-common-protos/1.0.0/proto-google-common-protos-1.0.0.jar:/home/user/.m2/repository/io/grpc/grpc-protobuf-lite/1.17.1/grpc-protobuf-lite-1.17.1.jar:/home/user/.m2/repository/io/grpc/grpc-stub/1.17.1/grpc-stub-1.17.1.jar:/home/user/.m2/repository/org/apache/hadoop/hadoop-ozone-recon/0.5.0-SNAPSHOT/hadoop-ozone-recon-0.5.0-SNAPSHOT.jar:/home/user/.m2/repository/org/apache/hadoop/hadoop-ozone-reconcodegen/0.5.0-SNAPSHOT/hadoop-ozone-reconcodegen-0.5.0-SNAPSHOT.jar:/home/user/.m2/repository/com/google/inject/extensions/guice-multibindings/4.0/guice-multibindings-4.0.jar:/home/user/.m2/repository/com/google/inject/guice/4.0/guice-4.0.jar:/home/user/.m2/repository/aopalliance/aopalliance/1.0/aopalliance-1.0.jar:/home/user/.m2/repository/com/google/inject/extensions/guice-servlet/4.0/guice-servlet-4.0.jar:/home/user/.m2/repository/org/glassfish/jersey/containers/jersey-container-servlet/2.27/jersey-container-servlet-2.27.jar:/home/user/.m2/repository/org/glassfish/hk2/guice-bridge/2.5.0/guice-bridge-2.5.0.jar:/home/user/.m2/repository/org/glassfish/jersey/core/jersey-server/2.27/jersey-server-2.27.jar:/home/user/.m2/repository/org/glassfish/jersey/core/jersey-client/2.27/jersey-client-2.27.jar:/home/user/.m2/repository/org/glassfish/jersey/media/jersey-media-jaxb/2.27/jersey-media-jaxb-2.27.jar:/home/user/.m2/repository/javax/validation/validation-api/1.1.0.Final/validation-api-1.1.0.Final.jar:/home/user/.m2/repository/org/glassfish/jersey/media/jersey-media-json-jackson/2.27/jersey-media-json-jackson-2.27.jar:/home/user/.m2/repository/org/glassfish/jersey/ext/jersey-entity-filtering/2.27/jersey-entity-filtering-2.27.jar:/home/user/.m2/repository/com/google/inject/extensions/guice-assistedinject/4.0/guice-assistedinject-4.0.jar:/home/user/.m2/repository/org/jooq/jooq/3.11.10/jooq-3.11.10.jar:/home/user/.m2/repository/org/jooq/jooq-meta/3.11.10/jooq-meta-3.11.10.jar:/home/user/.m2/repository/org/jooq/jooq-codegen/3.11.10/jooq-codegen-3.11.10.jar:/home/user/.m2/repository/com/jolbox/bonecp/0.8.0.RELEASE/bonecp-0.8.0.RELEASE.jar:/home/user/.m2/repository/org/xerial/sqlite-jdbc/3.25.2/sqlite-jdbc-3.25.2.jar:/home/user/.m2/repository/org/springframework/spring-jdbc/5.1.3.RELEASE/spring-jdbc-5.1.3.RELEASE.jar:/home/user/.m2/repository/org/springframework/spring-beans/5.1.3.RELEASE/spring-beans-5.1.3.RELEASE.jar:/home/user/.m2/repository/org/springframework/spring-core/5.1.3.RELEASE/spring-core-5.1.3.RELEASE.jar:/home/user/.m2/repository/org/springframework/spring-jcl/5.1.3.RELEASE/spring-jcl-5.1.3.RELEASE.jar:/home/user/.m2/repository/org/springframework/spring-tx/5.1.3.RELEASE/spring-tx-5.1.3.RELEASE.jar:/home/user/.m2/repository/org/apache/hadoop/hadoop-ozone-client/0.5.0-SNAPSHOT/hadoop-ozone-client-0.5.0-SNAPSHOT.jar:/home/user/.m2/repository/commons-lang/commons-lang/2.6/commons-lang-2.6.jar:/home/user/.m2/repository/org/apache/hadoop/hadoop-ozone-ozone-manager/0.5.0-SNAPSHOT/hadoop-ozone-ozone-manager-0.5.0-SNAPSHOT-tests.jar:/home/user/.m2/repository/junit/junit/4.11/junit-4.11.jar:/home/user/.m2/repository/org/hamcrest/hamcrest-core/1.3/hamcrest-core-1.3.jar:/home/user/.m2/repository/org/openjdk/jmh/jmh-core/1.19/jmh-core-1.19.jar:/home/user/.m2/repository/net/sf/jopt-simple/jopt-simple/4.6/jopt-simple-4.6.jar:/home/user/.m2/repository/org/apache/commons/commons-math3/3.1.1/commons-math3-3.1.1.jar:/home/user/.m2/repository/org/openjdk/jmh/jmh-generator-annprocess/1.19/jmh-generator-annprocess-1.19.jar:/home/user/.m2/repository/org/mockito/mockito-all/1.8.5/mockito-all-1.8.5.jar:/home/user/.m2/repository/org/apache/hadoop/hadoop-kms/3.2.0/hadoop-kms-3.2.0.jar:/home/user/.m2/repository/org/apache/hadoop/hadoop-auth/3.2.0/hadoop-auth-3.2.0.jar:/home/user/.m2/repository/com/nimbusds/nimbus-jose-jwt/4.41.1/nimbus-jose-jwt-4.41.1.jar:/home/user/.m2/repository/com/github/stephenc/jcip/jcip-annotations/1.0-1/jcip-annotations-1.0-1.jar:/home/user/.m2/repository/net/minidev/json-smart/2.3/json-smart-2.3.jar:/home/user/.m2/repository/net/minidev/accessors-smart/1.2/accessors-smart-1.2.jar:/home/user/.m2/repository/org/ow2/asm/asm/5.0.4/asm-5.0.4.jar:/home/user/.m2/repository/org/apache/curator/curator-framework/2.12.0/curator-framework-2.12.0.jar:/home/user/.m2/repository/com/sun/jersey/jersey-core/1.19/jersey-core-1.19.jar:/home/user/.m2/repository/javax/ws/rs/jsr311-api/1.1.1/jsr311-api-1.1.1.jar:/home/user/.m2/repository/com/sun/jersey/jersey-server/1.19/jersey-server-1.19.jar:/home/user/.m2/repository/javax/servlet/javax.servlet-api/3.1.0/javax.servlet-api-3.1.0.jar:/home/user/.m2/repository/org/eclipse/jetty/jetty-server/9.3.24.v20180605/jetty-server-9.3.24.v20180605.jar:/home/user/.m2/repository/org/eclipse/jetty/jetty-http/9.3.24.v20180605/jetty-http-9.3.24.v20180605.jar:/home/user/.m2/repository/org/eclipse/jetty/jetty-io/9.3.24.v20180605/jetty-io-9.3.24.v20180605.jar:/home/user/.m2/repository/org/eclipse/jetty/jetty-webapp/9.3.24.v20180605/jetty-webapp-9.3.24.v20180605.jar:/home/user/.m2/repository/org/eclipse/jetty/jetty-xml/9.3.24.v20180605/jetty-xml-9.3.24.v20180605.jar:/home/user/.m2/repository/log4j/log4j/1.2.17/log4j-1.2.17.jar:/home/user/.m2/repository/org/slf4j/slf4j-api/1.7.25/slf4j-api-1.7.25.jar:/home/user/.m2/repository/org/slf4j/jul-to-slf4j/1.7.25/jul-to-slf4j-1.7.25.jar:/home/user/.m2/repository/org/eclipse/jetty/jetty-util/9.3.24.v20180605/jetty-util-9.3.24.v20180605.jar:/home/user/.m2/repository/com/fasterxml/jackson/core/jackson-databind/2.9.5/jackson-databind-2.9.5.jar:/home/user/.m2/repository/org/apache/hadoop/hadoop-kms/3.2.0/hadoop-kms-3.2.0-tests.jar:/home/user/.m2/repository/org/apache/hadoop/hadoop-hdds-server-scm/0.5.0-SNAPSHOT/hadoop-hdds-server-scm-0.5.0-SNAPSHOT-tests.jar:/home/user/.m2/repository/org/apache/hadoop/hadoop-hdds-container-service/0.5.0-SNAPSHOT/hadoop-hdds-container-service-0.5.0-SNAPSHOT-tests.jar:/home/user/.m2/repository/org/yaml/snakeyaml/1.16/snakeyaml-1.16.jar:/home/user/.m2/repository/org/apache/hadoop/hadoop-common/3.2.0/hadoop-common-3.2.0-tests.jar:/home/user/.m2/repository/org/apache/hadoop/hadoop-annotations/3.2.0/hadoop-annotations-3.2.0.jar:/usr/lib/jvm/java-1.8-openjdk/jre/../lib/tools.jar:/home/user/.m2/repository/commons-cli/commons-cli/1.2/commons-cli-1.2.jar:/home/user/.m2/repository/org/apache/httpcomponents/httpclient/4.5.2/httpclient-4.5.2.jar:/home/user/.m2/repository/org/apache/httpcomponents/httpcore/4.4.4/httpcore-4.4.4.jar:/home/user/.m2/repository/commons-codec/commons-codec/1.11/commons-codec-1.11.jar:/home/user/.m2/repository/commons-net/commons-net/3.6/commons-net-3.6.jar:/home/user/.m2/repository/commons-collections/commons-collections/3.2.2/commons-collections-3.2.2.jar:/home/user/.m2/repository/org/eclipse/jetty/jetty-servlet/9.3.24.v20180605/jetty-servlet-9.3.24.v20180605.jar:/home/user/.m2/repository/org/eclipse/jetty/jetty-security/9.3.24.v20180605/jetty-security-9.3.24.v20180605.jar:/home/user/.m2/repository/javax/servlet/jsp/jsp-api/2.1/jsp-api-2.1.jar:/home/user/.m2/repository/com/sun/jersey/jersey-servlet/1.19/jersey-servlet-1.19.jar:/home/user/.m2/repository/com/sun/jersey/jersey-json/1.19/jersey-json-1.19.jar:/home/user/.m2/repository/org/codehaus/jettison/jettison/1.1/jettison-1.1.jar:/home/user/.m2/repository/org/codehaus/jackson/jackson-core-asl/1.9.13/jackson-core-asl-1.9.13.jar:/home/user/.m2/repository/org/codehaus/jackson/jackson-mapper-asl/1.9.13/jackson-mapper-asl-1.9.13.jar:/home/user/.m2/repository/org/codehaus/jackson/jackson-jaxrs/1.9.13/jackson-jaxrs-1.9.13.jar:/home/user/.m2/repository/org/codehaus/jackson/jackson-xc/1.9.13/jackson-xc-1.9.13.jar:/home/user/.m2/repository/commons-logging/commons-logging/1.1.3/commons-logging-1.1.3.jar:/home/user/.m2/repository/commons-beanutils/commons-beanutils/1.9.3/commons-beanutils-1.9.3.jar:/home/user/.m2/repository/org/apache/commons/commons-configuration2/2.1.1/commons-configuration2-2.1.1.jar:/home/user/.m2/repository/org/apache/commons/commons-lang3/3.7/commons-lang3-3.7.jar:/home/user/.m2/repository/org/apache/commons/commons-text/1.4/commons-text-1.4.jar:/home/user/.m2/repository/org/apache/avro/avro/1.7.7/avro-1.7.7.jar:/home/user/.m2/repository/com/thoughtworks/paranamer/paranamer/2.3/paranamer-2.3.jar:/home/user/.m2/repository/org/xerial/snappy/snappy-java/1.0.5/snappy-java-1.0.5.jar:/home/user/.m2/repository/com/google/re2j/re2j/1.1/re2j-1.1.jar:/home/user/.m2/repository/com/google/code/gson/gson/2.2.4/gson-2.2.4.jar:/home/user/.m2/repository/com/jcraft/jsch/0.1.54/jsch-0.1.54.jar:/home/user/.m2/repository/org/apache/curator/curator-client/2.12.0/curator-client-2.12.0.jar:/home/user/.m2/repository/org/apache/curator/curator-recipes/2.12.0/curator-recipes-2.12.0.jar:/home/user/.m2/repository/com/google/code/findbugs/jsr305/3.0.0/jsr305-3.0.0.jar:/home/user/.m2/repository/org/apache/htrace/htrace-core4/4.1.0-incubating/htrace-core4-4.1.0-incubating.jar:/home/user/.m2/repository/org/apache/zookeeper/zookeeper/3.4.13/zookeeper-3.4.13.jar:/home/user/.m2/repository/org/apache/yetus/audience-annotations/0.5.0/audience-annotations-0.5.0.jar:/home/user/.m2/repository/org/codehaus/woodstox/stax2-api/3.1.4/stax2-api-3.1.4.jar:/home/user/.m2/repository/com/fasterxml/woodstox/woodstox-core/5.0.3/woodstox-core-5.0.3.jar:/home/user/.m2/repository/dnsjava/dnsjava/2.1.7/dnsjava-2.1.7.jar:/home/user/.m2/repository/org/apache/hadoop/hadoop-hdfs/3.2.0/hadoop-hdfs-3.2.0-tests.jar:/home/user/.m2/repository/org/eclipse/jetty/jetty-util-ajax/9.3.24.v20180605/jetty-util-ajax-9.3.24.v20180605.jar:/home/user/.m2/repository/commons-daemon/commons-daemon/1.0.13/commons-daemon-1.0.13.jar:/home/user/.m2/repository/io/netty/netty/3.10.5.Final/netty-3.10.5.Final.jar:/home/user/.m2/repository/io/netty/netty-all/4.0.52.Final/netty-all-4.0.52.Final.jar:/home/user/.m2/repository/org/fusesource/leveldbjni/leveldbjni-all/1.8/leveldbjni-all-1.8.jar:"/>
    <property name="sun.cpu.endian" value="little"/>
    <property name="user.home" value="/home/user"/>
    <property name="user.language" value="en"/>
    <property name="java.specification.vendor" value="Oracle Corporation"/>
    <property name="java.home" value="/usr/lib/jvm/java-1.8-openjdk/jre"/>
    <property name="java.security.krb5.conf" value="/workdir/hadoop-ozone/integration-test/target/test-classes/krb5.conf"/>
    <property name="basedir" value="/workdir/hadoop-ozone/integration-test"/>
    <property name="file.separator" value="/"/>
    <property name="line.separator" value="&#10;"/>
    <property name="java.vm.specification.vendor" value="Oracle Corporation"/>
    <property name="java.specification.name" value="Java Platform API Specification"/>
    <property name="java.awt.graphicsenv" value="sun.awt.X11GraphicsEnvironment"/>
    <property name="surefire.real.class.path" value="/workdir/hadoop-ozone/integration-test/target/surefire/surefirebooter4606118991883425448.jar"/>
    <property name="hadoop.log.dir" value="/workdir/hadoop-ozone/integration-test/target/log"/>
    <property name="sun.boot.class.path" value="/usr/lib/jvm/java-1.8-openjdk/jre/lib/resources.jar:/usr/lib/jvm/java-1.8-openjdk/jre/lib/rt.jar:/usr/lib/jvm/java-1.8-openjdk/jre/lib/sunrsasign.jar:/usr/lib/jvm/java-1.8-openjdk/jre/lib/jsse.jar:/usr/lib/jvm/java-1.8-openjdk/jre/lib/jce.jar:/usr/lib/jvm/java-1.8-openjdk/jre/lib/charsets.jar:/usr/lib/jvm/java-1.8-openjdk/jre/lib/jfr.jar:/usr/lib/jvm/java-1.8-openjdk/jre/classes"/>
    <property name="sun.management.compiler" value="HotSpot 64-Bit Tiered Compilers"/>
    <property name="java.runtime.version" value="1.8.0_212-b04"/>
    <property name="java.net.preferIPv4Stack" value="true"/>
    <property name="user.name" value="jenkins1000"/>
    <property name="path.separator" value=":"/>
    <property name="java.security.egd" value="file:///dev/urandom"/>
    <property name="os.version" value="3.10.0-957.12.2.el7.x86_64"/>
    <property name="java.endorsed.dirs" value="/usr/lib/jvm/java-1.8-openjdk/jre/lib/endorsed"/>
    <property name="java.runtime.name" value="OpenJDK Runtime Environment"/>
    <property name="file.encoding" value="UTF-8"/>
    <property name="java.vm.name" value="OpenJDK 64-Bit Server VM"/>
    <property name="test.build.webapps" value=""/>
    <property name="localRepository" value="/home/user/.m2/repository"/>
    <property name="java.vendor.url.bug" value="https://icedtea.classpath.org/bugzilla"/>
    <property name="java.io.tmpdir" value="/tmp"/>
    <property name="require.test.libhadoop" value=""/>
    <property name="java.version" value="1.8.0_212"/>
    <property name="user.dir" value="/workdir/hadoop-ozone/integration-test"/>
    <property name="os.arch" value="amd64"/>
    <property name="java.vm.specification.name" value="Java Virtual Machine Specification"/>
    <property name="test.build.classes" value="/workdir/hadoop-ozone/integration-test/target/test-classes"/>
    <property name="java.awt.printerjob" value="sun.print.PSPrinterJob"/>
    <property name="sun.os.patch.level" value="unknown"/>
    <property name="hadoop.tmp.dir" value="/workdir/hadoop-ozone/integration-test/target/tmp"/>
    <property name="java.library.path" value="/usr/lib/jvm/java-1.8-openjdk/jre/lib/amd64/server:/usr/lib/jvm/java-1.8-openjdk/jre/lib/amd64:/usr/lib/jvm/java-1.8-openjdk/jre/../lib/amd64:/workdir/hadoop-ozone/integration-test/target/native/target/usr/local/lib:/workdir/hadoop-ozone/integration-test/../../hadoop-common-project/hadoop-common/target/native/target/usr/local/lib:/usr/java/packages/lib/amd64:/usr/lib64:/lib64:/lib:/usr/lib"/>
    <property name="java.vm.info" value="mixed mode"/>
    <property name="java.vendor" value="IcedTea"/>
    <property name="java.vm.version" value="25.212-b04"/>
    <property name="java.ext.dirs" value="/usr/lib/jvm/java-1.8-openjdk/jre/lib/ext:/usr/java/packages/lib/ext"/>
    <property name="sun.io.unicode.encoding" value="UnicodeLittle"/>
    <property name="java.class.version" value="52.0"/>
  </properties>
  <testcase name="test2DatanodesFailure" classname="org.apache.hadoop.ozone.client.rpc.TestBlockOutputStreamWithFailures" time="108.279"/>
  <testcase name="testDatanodeFailureWithPreAllocation" classname="org.apache.hadoop.ozone.client.rpc.TestBlockOutputStreamWithFailures" time="225.649"/>
  <testcase name="testDatanodeFailureWithSingleNodeRatis" classname="org.apache.hadoop.ozone.client.rpc.TestBlockOutputStreamWithFailures" time="223.842"/>
  <testcase name="testWatchForCommitWithSingleNodeRatis" classname="org.apache.hadoop.ozone.client.rpc.TestBlockOutputStreamWithFailures" time="33.278"/>
  <testcase name="testWatchForCommitDatanodeFailure" classname="org.apache.hadoop.ozone.client.rpc.TestBlockOutputStreamWithFailures" time="42.288">
    <failure message="expected:&lt;2&gt; but was:&lt;3&gt;" type="java.lang.AssertionError"><![CDATA[java.lang.AssertionError: expected:<2> but was:<3>
	at org.junit.Assert.fail(Assert.java:88)
	at org.junit.Assert.failNotEquals(Assert.java:743)
	at org.junit.Assert.assertEquals(Assert.java:118)
	at org.junit.Assert.assertEquals(Assert.java:555)
	at org.junit.Assert.assertEquals(Assert.java:542)
	at org.apache.hadoop.ozone.client.rpc.TestBlockOutputStreamWithFailures.testWatchForCommitDatanodeFailure(TestBlockOutputStreamWithFailures.java:366)
	at sun.reflect.NativeMethodAccessorImpl.invoke0(Native Method)
	at sun.reflect.NativeMethodAccessorImpl.invoke(NativeMethodAccessorImpl.java:62)
	at sun.reflect.DelegatingMethodAccessorImpl.invoke(DelegatingMethodAccessorImpl.java:43)
	at java.lang.reflect.Method.invoke(Method.java:498)
	at org.junit.runners.model.FrameworkMethod$1.runReflectiveCall(FrameworkMethod.java:47)
	at org.junit.internal.runners.model.ReflectiveCallable.run(ReflectiveCallable.java:12)
	at org.junit.runners.model.FrameworkMethod.invokeExplosively(FrameworkMethod.java:44)
	at org.junit.internal.runners.statements.InvokeMethod.evaluate(InvokeMethod.java:17)
	at org.junit.internal.runners.statements.RunBefores.evaluate(RunBefores.java:26)
	at org.junit.internal.runners.statements.RunAfters.evaluate(RunAfters.java:27)
	at org.junit.runners.ParentRunner.runLeaf(ParentRunner.java:271)
	at org.junit.runners.BlockJUnit4ClassRunner.runChild(BlockJUnit4ClassRunner.java:70)
	at org.junit.runners.BlockJUnit4ClassRunner.runChild(BlockJUnit4ClassRunner.java:50)
	at org.junit.runners.ParentRunner$3.run(ParentRunner.java:238)
	at org.junit.runners.ParentRunner$1.schedule(ParentRunner.java:63)
	at org.junit.runners.ParentRunner.runChildren(ParentRunner.java:236)
	at org.junit.runners.ParentRunner.access$000(ParentRunner.java:53)
	at org.junit.runners.ParentRunner$2.evaluate(ParentRunner.java:229)
	at org.junit.runners.ParentRunner.run(ParentRunner.java:309)
	at org.apache.maven.surefire.junit4.JUnit4Provider.execute(JUnit4Provider.java:365)
	at org.apache.maven.surefire.junit4.JUnit4Provider.executeWithRerun(JUnit4Provider.java:273)
	at org.apache.maven.surefire.junit4.JUnit4Provider.executeTestSet(JUnit4Provider.java:238)
	at org.apache.maven.surefire.junit4.JUnit4Provider.invoke(JUnit4Provider.java:159)
	at org.apache.maven.surefire.booter.ForkedBooter.invokeProviderInSameClassLoader(ForkedBooter.java:384)
	at org.apache.maven.surefire.booter.ForkedBooter.runSuitesInProcess(ForkedBooter.java:345)
	at org.apache.maven.surefire.booter.ForkedBooter.execute(ForkedBooter.java:126)
	at org.apache.maven.surefire.booter.ForkedBooter.main(ForkedBooter.java:418)
]]></failure>
    <system-out><![CDATA[2019-09-03 19:26:01,886 [main] WARN  server.ServerUtils (ServerUtils.java:getScmDbDir(145)) - ozone.scm.db.dirs is not configured. We recommend adding this setting. Falling back to ozone.metadata.dirs instead.
2019-09-03 19:26:01,912 [main] WARN  server.ServerUtils (ServerUtils.java:getScmDbDir(145)) - ozone.scm.db.dirs is not configured. We recommend adding this setting. Falling back to ozone.metadata.dirs instead.
2019-09-03 19:26:01,912 [main] WARN  server.ServerUtils (ServerUtils.java:getScmDbDir(145)) - ozone.scm.db.dirs is not configured. We recommend adding this setting. Falling back to ozone.metadata.dirs instead.
2019-09-03 19:26:01,913 [main] INFO  db.DBStoreBuilder (DBStoreBuilder.java:addTable(110)) - using custom profile for table: deletedBlocks
2019-09-03 19:26:01,913 [main] INFO  db.DBStoreBuilder (DBStoreBuilder.java:processTables(161)) - Using default column profile:DBProfile.DISK for Table:deletedBlocks
2019-09-03 19:26:01,913 [main] INFO  db.DBStoreBuilder (DBStoreBuilder.java:addTable(110)) - using custom profile for table: validCerts
2019-09-03 19:26:01,914 [main] INFO  db.DBStoreBuilder (DBStoreBuilder.java:processTables(161)) - Using default column profile:DBProfile.DISK for Table:validCerts
2019-09-03 19:26:01,914 [main] INFO  db.DBStoreBuilder (DBStoreBuilder.java:addTable(110)) - using custom profile for table: revokedCerts
2019-09-03 19:26:01,914 [main] INFO  db.DBStoreBuilder (DBStoreBuilder.java:processTables(161)) - Using default column profile:DBProfile.DISK for Table:revokedCerts
2019-09-03 19:26:01,914 [main] INFO  db.DBStoreBuilder (DBStoreBuilder.java:addTable(110)) - using custom profile for table: default
2019-09-03 19:26:01,914 [main] INFO  db.DBStoreBuilder (DBStoreBuilder.java:processTables(167)) - Using default column profile:DBProfile.DISK for Table:default
2019-09-03 19:26:01,915 [main] INFO  db.DBStoreBuilder (DBStoreBuilder.java:getDbProfile(198)) - Using default options. DBProfile.DISK
2019-09-03 19:26:02,070 [main] INFO  net.NodeSchemaLoader (NodeSchemaLoader.java:loadSchemaFromFile(125)) - Loading file from sun.misc.CompoundEnumeration@6897a4a
2019-09-03 19:26:02,070 [main] INFO  net.NodeSchemaLoader (NodeSchemaLoader.java:loadSchema(171)) - Loading network topology layer schema file
2019-09-03 19:26:02,076 [main] INFO  node.SCMNodeManager (SCMNodeManager.java:<init>(114)) - Entering startup safe mode.
2019-09-03 19:26:02,077 [main] INFO  algorithms.ContainerPlacementPolicyFactory (ContainerPlacementPolicyFactory.java:getPolicy(55)) - Create container placement policy of type org.apache.hadoop.hdds.scm.container.placement.algorithms.SCMContainerPlacementRandom
2019-09-03 19:26:02,077 [main] WARN  server.ServerUtils (ServerUtils.java:getScmDbDir(145)) - ozone.scm.db.dirs is not configured. We recommend adding this setting. Falling back to ozone.metadata.dirs instead.
2019-09-03 19:26:02,127 [main] INFO  pipeline.SCMPipelineManager (SCMPipelineManager.java:initializePipelineState(128)) - No pipeline exists in current db
2019-09-03 19:26:02,127 [main] WARN  server.ServerUtils (ServerUtils.java:getScmDbDir(145)) - ozone.scm.db.dirs is not configured. We recommend adding this setting. Falling back to ozone.metadata.dirs instead.
2019-09-03 19:26:02,155 [main] WARN  events.EventQueue (EventQueue.java:fireEvent(183)) - No event handler registered for event TypedEvent{payloadType=SafeModeStatus, name='SafeModeStatus'}
2019-09-03 19:26:02,156 [main] INFO  ipc.CallQueueManager (CallQueueManager.java:<init>(84)) - Using callQueue: class java.util.concurrent.LinkedBlockingQueue, queueCapacity: 2000, scheduler: class org.apache.hadoop.ipc.DefaultRpcScheduler, ipcBackoff: false.
2019-09-03 19:26:02,157 [Socket Reader #1 for port 44940] INFO  ipc.Server (Server.java:run(1074)) - Starting Socket Reader #1 for port 44940
2019-09-03 19:26:02,159 [main] INFO  ipc.CallQueueManager (CallQueueManager.java:<init>(84)) - Using callQueue: class java.util.concurrent.LinkedBlockingQueue, queueCapacity: 2000, scheduler: class org.apache.hadoop.ipc.DefaultRpcScheduler, ipcBackoff: false.
2019-09-03 19:26:02,160 [Socket Reader #1 for port 40089] INFO  ipc.Server (Server.java:run(1074)) - Starting Socket Reader #1 for port 40089
2019-09-03 19:26:02,161 [main] INFO  ipc.CallQueueManager (CallQueueManager.java:<init>(84)) - Using callQueue: class java.util.concurrent.LinkedBlockingQueue, queueCapacity: 2000, scheduler: class org.apache.hadoop.ipc.DefaultRpcScheduler, ipcBackoff: false.
2019-09-03 19:26:02,162 [Socket Reader #1 for port 42252] INFO  ipc.Server (Server.java:run(1074)) - Starting Socket Reader #1 for port 42252
2019-09-03 19:26:02,164 [main] INFO  hdfs.DFSUtil (DFSUtil.java:httpServerTemplateForNNAndJN(1641)) - Starting Web-server for scm at: http://0.0.0.0:0
2019-09-03 19:26:02,167 [main] INFO  server.AuthenticationFilter (AuthenticationFilter.java:constructSecretProvider(240)) - Unable to initialize FileSignerSecretProvider, falling back to use random secrets.
2019-09-03 19:26:02,167 [main] WARN  http.HttpRequestLog (HttpRequestLog.java:getRequestLog(97)) - Jetty request log can only be enabled using Log4j
2019-09-03 19:26:02,170 [main] INFO  http.HttpServer2 (HttpServer2.java:addGlobalFilter(975)) - Added global filter 'safety' (class=org.apache.hadoop.http.HttpServer2$QuotingInputFilter)
2019-09-03 19:26:02,171 [main] INFO  http.HttpServer2 (HttpServer2.java:addFilter(948)) - Added filter static_user_filter (class=org.apache.hadoop.http.lib.StaticUserWebFilter$StaticUserFilter) to context scm
2019-09-03 19:26:02,171 [main] INFO  http.HttpServer2 (HttpServer2.java:addFilter(958)) - Added filter static_user_filter (class=org.apache.hadoop.http.lib.StaticUserWebFilter$StaticUserFilter) to context logs
2019-09-03 19:26:02,171 [main] INFO  http.HttpServer2 (HttpServer2.java:addFilter(958)) - Added filter static_user_filter (class=org.apache.hadoop.http.lib.StaticUserWebFilter$StaticUserFilter) to context static
2019-09-03 19:26:02,174 [main] INFO  server.StorageContainerManager (StorageContainerManager.java:start(759)) - StorageContainerLocationProtocol RPC server is listening at /0.0.0.0:42252
2019-09-03 19:26:02,176 [main] WARN  impl.MetricsConfig (MetricsConfig.java:loadFirst(134)) - Cannot locate configuration: tried hadoop-metrics2-storagecontainermanager.properties,hadoop-metrics2.properties
2019-09-03 19:26:02,177 [main] INFO  impl.MetricsSystemImpl (MetricsSystemImpl.java:startTimer(374)) - Scheduled Metric snapshot period at 10 second(s).
2019-09-03 19:26:02,177 [main] INFO  impl.MetricsSystemImpl (MetricsSystemImpl.java:start(191)) - StorageContainerManager metrics system started
2019-09-03 19:26:02,215 [main] WARN  impl.MetricsSystemImpl (MetricsSystemImpl.java:register(276)) - Sink prometheus already exists!
2019-09-03 19:26:02,276 [main] INFO  server.SCMClientProtocolServer (SCMClientProtocolServer.java:start(151)) - RPC server for Client  is listening at /0.0.0.0:42252
2019-09-03 19:26:02,276 [IPC Server Responder] INFO  ipc.Server (Server.java:run(1314)) - IPC Server Responder: starting
2019-09-03 19:26:02,277 [IPC Server listener on 42252] INFO  ipc.Server (Server.java:run(1153)) - IPC Server listener on 42252: starting
2019-09-03 19:26:02,280 [main] INFO  server.StorageContainerManager (StorageContainerManager.java:start(769)) - ScmBlockLocationProtocol RPC server is listening at /0.0.0.0:40089
2019-09-03 19:26:02,281 [main] INFO  server.SCMBlockProtocolServer (SCMBlockProtocolServer.java:start(146)) - RPC server for Block Protocol is listening at /0.0.0.0:40089
2019-09-03 19:26:02,281 [IPC Server Responder] INFO  ipc.Server (Server.java:run(1314)) - IPC Server Responder: starting
2019-09-03 19:26:02,281 [IPC Server listener on 40089] INFO  ipc.Server (Server.java:run(1153)) - IPC Server listener on 40089: starting
2019-09-03 19:26:02,285 [main] INFO  server.StorageContainerManager (StorageContainerManager.java:start(773)) - ScmDatanodeProtocl RPC server is listening at /0.0.0.0:44940
2019-09-03 19:26:02,285 [main] INFO  server.SCMDatanodeProtocolServer (SCMDatanodeProtocolServer.java:start(191)) - RPC server for DataNodes is listening at /0.0.0.0:44940
2019-09-03 19:26:02,286 [IPC Server Responder] INFO  ipc.Server (Server.java:run(1314)) - IPC Server Responder: starting
2019-09-03 19:26:02,286 [IPC Server listener on 44940] INFO  ipc.Server (Server.java:run(1153)) - IPC Server listener on 44940: starting
2019-09-03 19:26:02,290 [main] INFO  http.HttpServer2 (HttpServer2.java:bindListener(1191)) - Jetty bound to port 43036
2019-09-03 19:26:02,290 [main] INFO  server.Server (Server.java:doStart(351)) - jetty-9.3.24.v20180605, build timestamp: 2018-06-05T17:11:56Z, git hash: 84205aa28f11a4f31f2a3b86d1bba2cc8ab69827
2019-09-03 19:26:02,292 [main] INFO  handler.ContextHandler (ContextHandler.java:doStart(781)) - Started o.e.j.s.ServletContextHandler@8e99809{/logs,file:///workdir/hadoop-ozone/integration-test/target/log,AVAILABLE}
2019-09-03 19:26:02,293 [main] INFO  handler.ContextHandler (ContextHandler.java:doStart(781)) - Started o.e.j.s.ServletContextHandler@4d354a3e{/static,file:///workdir/hadoop-ozone/integration-test/target/test-classes/webapps/static,AVAILABLE}
2019-09-03 19:26:02,299 [main] INFO  handler.ContextHandler (ContextHandler.java:doStart(781)) - Started o.e.j.w.WebAppContext@7aded903{/,file:///workdir/hadoop-ozone/integration-test/target/test-classes/webapps/scm/,AVAILABLE}{/scm}
2019-09-03 19:26:02,299 [main] INFO  server.AbstractConnector (AbstractConnector.java:doStart(278)) - Started ServerConnector@2db86a7c{HTTP/1.1,[http/1.1]}{0.0.0.0:43036}
2019-09-03 19:26:02,300 [main] INFO  server.Server (Server.java:doStart(419)) - Started @592143ms
2019-09-03 19:26:02,300 [main] WARN  impl.MetricsSystemImpl (MetricsSystemImpl.java:register(276)) - Sink prometheus already exists!
2019-09-03 19:26:02,301 [main] INFO  server.BaseHttpServer (BaseHttpServer.java:updateConnectorAddress(215)) - HTTP server of SCM is listening at http://0.0.0.0:43036
2019-09-03 19:26:02,302 [main] WARN  server.ServerUtils (ServerUtils.java:getDBPath(222)) - ozone.om.db.dirs is not configured. We recommend adding this setting. Falling back to ozone.metadata.dirs instead.
2019-09-03 19:26:02,303 [org.apache.hadoop.util.JvmPauseMonitor$Monitor@5b02a984] INFO  util.JvmPauseMonitor (JvmPauseMonitor.java:run(188)) - Starting JVM pause monitor
2019-09-03 19:26:02,316 [main] WARN  server.ServerUtils (ServerUtils.java:getDBPath(222)) - ozone.om.db.dirs is not configured. We recommend adding this setting. Falling back to ozone.metadata.dirs instead.
2019-09-03 19:26:02,317 [main] WARN  server.ServerUtils (ServerUtils.java:getDBPath(222)) - ozone.om.db.dirs is not configured. We recommend adding this setting. Falling back to ozone.metadata.dirs instead.
2019-09-03 19:26:02,317 [main] INFO  om.OzoneManager (OzoneManager.java:setOMNodeDetails(649)) - OM Service ID is not set. Setting it to the default ID: omServiceIdDefault
2019-09-03 19:26:02,317 [main] INFO  om.OzoneManager (OzoneManager.java:setOMNodeDetails(655)) - OM Node ID is not set. Setting it to the OmStorage's OmID: dc91c86b-9e48-4784-82c2-45f2740dca7e
2019-09-03 19:26:02,318 [main] INFO  om.OzoneManager (OzoneManager.java:loadOMHAConfigs(606)) - Found matching OM address with OMServiceId: null, OMNodeId: null, RPC Address: localhost:0 and Ratis port: 9872
2019-09-03 19:26:02,324 [main] WARN  server.ServerUtils (ServerUtils.java:getDBPath(222)) - ozone.om.db.dirs is not configured. We recommend adding this setting. Falling back to ozone.metadata.dirs instead.
2019-09-03 19:26:02,324 [main] INFO  db.DBStoreBuilder (DBStoreBuilder.java:addTable(110)) - using custom profile for table: userTable
2019-09-03 19:26:02,324 [main] INFO  db.DBStoreBuilder (DBStoreBuilder.java:processTables(161)) - Using default column profile:DBProfile.DISK for Table:userTable
2019-09-03 19:26:02,325 [main] INFO  db.DBStoreBuilder (DBStoreBuilder.java:addTable(110)) - using custom profile for table: volumeTable
2019-09-03 19:26:02,325 [main] INFO  db.DBStoreBuilder (DBStoreBuilder.java:processTables(161)) - Using default column profile:DBProfile.DISK for Table:volumeTable
2019-09-03 19:26:02,325 [main] INFO  db.DBStoreBuilder (DBStoreBuilder.java:addTable(110)) - using custom profile for table: bucketTable
2019-09-03 19:26:02,325 [main] INFO  db.DBStoreBuilder (DBStoreBuilder.java:processTables(161)) - Using default column profile:DBProfile.DISK for Table:bucketTable
2019-09-03 19:26:02,325 [main] INFO  db.DBStoreBuilder (DBStoreBuilder.java:addTable(110)) - using custom profile for table: keyTable
2019-09-03 19:26:02,326 [main] INFO  db.DBStoreBuilder (DBStoreBuilder.java:processTables(161)) - Using default column profile:DBProfile.DISK for Table:keyTable
2019-09-03 19:26:02,326 [main] INFO  db.DBStoreBuilder (DBStoreBuilder.java:addTable(110)) - using custom profile for table: deletedTable
2019-09-03 19:26:02,326 [main] INFO  db.DBStoreBuilder (DBStoreBuilder.java:processTables(161)) - Using default column profile:DBProfile.DISK for Table:deletedTable
2019-09-03 19:26:02,326 [main] INFO  db.DBStoreBuilder (DBStoreBuilder.java:addTable(110)) - using custom profile for table: openKeyTable
2019-09-03 19:26:02,326 [main] INFO  db.DBStoreBuilder (DBStoreBuilder.java:processTables(161)) - Using default column profile:DBProfile.DISK for Table:openKeyTable
2019-09-03 19:26:02,327 [main] INFO  db.DBStoreBuilder (DBStoreBuilder.java:addTable(110)) - using custom profile for table: s3Table
2019-09-03 19:26:02,327 [main] INFO  db.DBStoreBuilder (DBStoreBuilder.java:processTables(161)) - Using default column profile:DBProfile.DISK for Table:s3Table
2019-09-03 19:26:02,327 [main] INFO  db.DBStoreBuilder (DBStoreBuilder.java:addTable(110)) - using custom profile for table: multipartInfoTable
2019-09-03 19:26:02,327 [main] INFO  db.DBStoreBuilder (DBStoreBuilder.java:processTables(161)) - Using default column profile:DBProfile.DISK for Table:multipartInfoTable
2019-09-03 19:26:02,328 [main] INFO  db.DBStoreBuilder (DBStoreBuilder.java:addTable(110)) - using custom profile for table: dTokenTable
2019-09-03 19:26:02,328 [main] INFO  db.DBStoreBuilder (DBStoreBuilder.java:processTables(161)) - Using default column profile:DBProfile.DISK for Table:dTokenTable
2019-09-03 19:26:02,328 [main] INFO  db.DBStoreBuilder (DBStoreBuilder.java:addTable(110)) - using custom profile for table: s3SecretTable
2019-09-03 19:26:02,328 [main] INFO  db.DBStoreBuilder (DBStoreBuilder.java:processTables(161)) - Using default column profile:DBProfile.DISK for Table:s3SecretTable
2019-09-03 19:26:02,328 [main] INFO  db.DBStoreBuilder (DBStoreBuilder.java:addTable(110)) - using custom profile for table: prefixTable
2019-09-03 19:26:02,329 [main] INFO  db.DBStoreBuilder (DBStoreBuilder.java:processTables(161)) - Using default column profile:DBProfile.DISK for Table:prefixTable
2019-09-03 19:26:02,329 [main] INFO  db.DBStoreBuilder (DBStoreBuilder.java:addTable(110)) - using custom profile for table: default
2019-09-03 19:26:02,329 [main] INFO  db.DBStoreBuilder (DBStoreBuilder.java:processTables(167)) - Using default column profile:DBProfile.DISK for Table:default
2019-09-03 19:26:02,329 [main] INFO  db.DBStoreBuilder (DBStoreBuilder.java:getDbProfile(198)) - Using default options. DBProfile.DISK
2019-09-03 19:26:02,840 [main] INFO  ipc.CallQueueManager (CallQueueManager.java:<init>(84)) - Using callQueue: class java.util.concurrent.LinkedBlockingQueue, queueCapacity: 2000, scheduler: class org.apache.hadoop.ipc.DefaultRpcScheduler, ipcBackoff: false.
2019-09-03 19:26:02,841 [Socket Reader #1 for port 41364] INFO  ipc.Server (Server.java:run(1074)) - Starting Socket Reader #1 for port 41364
2019-09-03 19:26:02,860 [main] INFO  om.OzoneManager (OzoneManager.java:start(1240)) - OzoneManager RPC server is listening at localhost/127.0.0.1:41364
2019-09-03 19:26:02,860 [main] INFO  impl.MetricsSystemImpl (MetricsSystemImpl.java:init(158)) - OzoneManager metrics system started (again)
2019-09-03 19:26:02,861 [IPC Server Responder] INFO  ipc.Server (Server.java:run(1314)) - IPC Server Responder: starting
2019-09-03 19:26:02,861 [IPC Server listener on 41364] INFO  ipc.Server (Server.java:run(1153)) - IPC Server listener on 41364: starting
2019-09-03 19:26:02,867 [main] INFO  hdfs.DFSUtil (DFSUtil.java:httpServerTemplateForNNAndJN(1641)) - Starting Web-server for ozoneManager at: http://0.0.0.0:0
2019-09-03 19:26:02,869 [main] INFO  server.AuthenticationFilter (AuthenticationFilter.java:constructSecretProvider(240)) - Unable to initialize FileSignerSecretProvider, falling back to use random secrets.
2019-09-03 19:26:02,869 [main] WARN  http.HttpRequestLog (HttpRequestLog.java:getRequestLog(97)) - Jetty request log can only be enabled using Log4j
2019-09-03 19:26:02,871 [main] INFO  http.HttpServer2 (HttpServer2.java:addGlobalFilter(975)) - Added global filter 'safety' (class=org.apache.hadoop.http.HttpServer2$QuotingInputFilter)
2019-09-03 19:26:02,872 [main] INFO  http.HttpServer2 (HttpServer2.java:addFilter(948)) - Added filter static_user_filter (class=org.apache.hadoop.http.lib.StaticUserWebFilter$StaticUserFilter) to context ozoneManager
2019-09-03 19:26:02,872 [main] INFO  http.HttpServer2 (HttpServer2.java:addFilter(958)) - Added filter static_user_filter (class=org.apache.hadoop.http.lib.StaticUserWebFilter$StaticUserFilter) to context static
2019-09-03 19:26:02,872 [main] INFO  http.HttpServer2 (HttpServer2.java:addFilter(958)) - Added filter static_user_filter (class=org.apache.hadoop.http.lib.StaticUserWebFilter$StaticUserFilter) to context logs
2019-09-03 19:26:02,873 [main] INFO  http.HttpServer2 (HttpServer2.java:bindListener(1191)) - Jetty bound to port 36344
2019-09-03 19:26:02,874 [main] INFO  server.Server (Server.java:doStart(351)) - jetty-9.3.24.v20180605, build timestamp: 2018-06-05T17:11:56Z, git hash: 84205aa28f11a4f31f2a3b86d1bba2cc8ab69827
2019-09-03 19:26:02,876 [main] INFO  handler.ContextHandler (ContextHandler.java:doStart(781)) - Started o.e.j.s.ServletContextHandler@119290b9{/logs,file:///workdir/hadoop-ozone/integration-test/target/log,AVAILABLE}
2019-09-03 19:26:02,876 [main] INFO  handler.ContextHandler (ContextHandler.java:doStart(781)) - Started o.e.j.s.ServletContextHandler@62cbc478{/static,file:///workdir/hadoop-ozone/integration-test/target/test-classes/webapps/static,AVAILABLE}
2019-09-03 19:26:02,881 [main] INFO  handler.ContextHandler (ContextHandler.java:doStart(781)) - Started o.e.j.w.WebAppContext@5cfed0ba{/,file:///workdir/hadoop-ozone/integration-test/target/test-classes/webapps/ozoneManager/,AVAILABLE}{/ozoneManager}
2019-09-03 19:26:02,882 [main] INFO  server.AbstractConnector (AbstractConnector.java:doStart(278)) - Started ServerConnector@5c8d58ed{HTTP/1.1,[http/1.1]}{0.0.0.0:36344}
2019-09-03 19:26:02,883 [main] INFO  server.Server (Server.java:doStart(419)) - Started @592726ms
2019-09-03 19:26:02,883 [main] WARN  impl.MetricsSystemImpl (MetricsSystemImpl.java:register(276)) - Sink prometheus already exists!
2019-09-03 19:26:02,884 [main] INFO  server.BaseHttpServer (BaseHttpServer.java:updateConnectorAddress(215)) - HTTP server of OZONEMANAGER is listening at http://0.0.0.0:36344
2019-09-03 19:26:02,901 [main] INFO  impl.MetricsSystemImpl (MetricsSystemImpl.java:init(158)) - HddsDatanode metrics system started (again)
2019-09-03 19:26:02,904 [main] INFO  ozone.HddsDatanodeService (HddsDatanodeService.java:start(184)) - HddsDatanodeService host:pr-hdds-1200-xgh2h-450883189 ip:192.168.36.111
2019-09-03 19:26:02,911 [main] INFO  volume.HddsVolume (HddsVolume.java:<init>(176)) - Creating Volume: /workdir/hadoop-ozone/integration-test/target/test-dir/MiniOzoneClusterImpl-02951a51-9d93-4f48-8a2f-9f437eec0b3a/datanode-0/data/containers/hdds of  storage type : DISK and capacity : 1482555576320
2019-09-03 19:26:02,911 [main] INFO  volume.VolumeSet (VolumeSet.java:initializeVolumeSet(170)) - Added Volume : /workdir/hadoop-ozone/integration-test/target/test-dir/MiniOzoneClusterImpl-02951a51-9d93-4f48-8a2f-9f437eec0b3a/datanode-0/data/containers/hdds to VolumeSet
2019-09-03 19:26:02,912 [main] INFO  volume.ThrottledAsyncChecker (ThrottledAsyncChecker.java:schedule(140)) - Scheduling a check for org.apache.hadoop.ozone.container.common.volume.HddsVolume@2f2e4bde
2019-09-03 19:26:02,912 [main] INFO  volume.HddsVolumeChecker (HddsVolumeChecker.java:checkAllVolumes(203)) - Scheduled health check for volume org.apache.hadoop.ozone.container.common.volume.HddsVolume@2f2e4bde
2019-09-03 19:26:02,927 [main] INFO  impl.RaftServerProxy (ConfUtils.java:logGet(43)) - raft.rpc.type = GRPC (default)
2019-09-03 19:26:02,927 [main] INFO  grpc.GrpcFactory (GrpcFactory.java:checkPooledByteBufAllocatorUseCacheForAllThreads(45)) - PERFORMANCE WARNING: useCacheForAllThreads is true that may cause Netty to create a lot garbage objects and, as a result, trigger GC.
	It is recommended to disable useCacheForAllThreads by setting -Dorg.apache.ratis.thirdparty.io.netty.allocator.useCacheForAllThreads=false in command line.
2019-09-03 19:26:02,928 [main] INFO  grpc.GrpcConfigKeys$Server (ConfUtils.java:logGet(43)) - raft.grpc.server.port = 0 (default)
2019-09-03 19:26:02,928 [main] INFO  server.GrpcService (ConfUtils.java:logGet(43)) - raft.grpc.message.size.max = 33570816 (custom)
2019-09-03 19:26:02,928 [main] INFO  server.RaftServerConfigKeys (ConfUtils.java:logGet(43)) - raft.server.log.appender.buffer.byte-limit = 33554432 (custom)
2019-09-03 19:26:02,928 [main] INFO  server.GrpcService (ConfUtils.java:logGet(43)) - raft.grpc.flow.control.window = 1MB (=1048576) (default)
2019-09-03 19:26:02,928 [main] INFO  server.RaftServerConfigKeys (ConfUtils.java:logGet(43)) - raft.server.rpc.request.timeout = 3000ms (default)
2019-09-03 19:26:02,929 [main] INFO  server.RaftServerConfigKeys (ConfUtils.java:logGet(43)) - raft.server.storage.dir = [/workdir/hadoop-ozone/integration-test/target/test-dir/MiniOzoneClusterImpl-02951a51-9d93-4f48-8a2f-9f437eec0b3a/datanode-0/data/ratis] (custom)
2019-09-03 19:26:02,930 [main] INFO  hdfs.DFSUtil (DFSUtil.java:httpServerTemplateForNNAndJN(1641)) - Starting Web-server for hddsDatanode at: http://0.0.0.0:0
2019-09-03 19:26:02,931 [main] INFO  server.AuthenticationFilter (AuthenticationFilter.java:constructSecretProvider(240)) - Unable to initialize FileSignerSecretProvider, falling back to use random secrets.
2019-09-03 19:26:02,932 [main] WARN  http.HttpRequestLog (HttpRequestLog.java:getRequestLog(97)) - Jetty request log can only be enabled using Log4j
2019-09-03 19:26:02,933 [main] INFO  http.HttpServer2 (HttpServer2.java:addGlobalFilter(975)) - Added global filter 'safety' (class=org.apache.hadoop.http.HttpServer2$QuotingInputFilter)
2019-09-03 19:26:02,934 [main] INFO  http.HttpServer2 (HttpServer2.java:addFilter(948)) - Added filter static_user_filter (class=org.apache.hadoop.http.lib.StaticUserWebFilter$StaticUserFilter) to context hddsDatanode
2019-09-03 19:26:02,934 [main] INFO  http.HttpServer2 (HttpServer2.java:addFilter(958)) - Added filter static_user_filter (class=org.apache.hadoop.http.lib.StaticUserWebFilter$StaticUserFilter) to context static
2019-09-03 19:26:02,934 [main] INFO  http.HttpServer2 (HttpServer2.java:addFilter(958)) - Added filter static_user_filter (class=org.apache.hadoop.http.lib.StaticUserWebFilter$StaticUserFilter) to context logs
2019-09-03 19:26:02,935 [main] INFO  http.HttpServer2 (HttpServer2.java:bindListener(1191)) - Jetty bound to port 45425
2019-09-03 19:26:02,935 [main] INFO  server.Server (Server.java:doStart(351)) - jetty-9.3.24.v20180605, build timestamp: 2018-06-05T17:11:56Z, git hash: 84205aa28f11a4f31f2a3b86d1bba2cc8ab69827
2019-09-03 19:26:02,937 [main] INFO  handler.ContextHandler (ContextHandler.java:doStart(781)) - Started o.e.j.s.ServletContextHandler@2dbfa972{/logs,file:///workdir/hadoop-ozone/integration-test/target/log,AVAILABLE}
2019-09-03 19:26:02,937 [main] INFO  handler.ContextHandler (ContextHandler.java:doStart(781)) - Started o.e.j.s.ServletContextHandler@41aebbb4{/static,jar:file:/home/user/.m2/repository/org/apache/hadoop/hadoop-hdds-container-service/0.5.0-SNAPSHOT/hadoop-hdds-container-service-0.5.0-SNAPSHOT.jar!/webapps/static,AVAILABLE}
2019-09-03 19:26:02,966 [main] INFO  handler.ContextHandler (ContextHandler.java:doStart(781)) - Started o.e.j.w.WebAppContext@2dd178f3{/,file:///tmp/jetty-0.0.0.0-45425-hddsDatanode-_-any-6411481021688421865.dir/webapp/,AVAILABLE}{/hddsDatanode}
2019-09-03 19:26:02,966 [main] INFO  server.AbstractConnector (AbstractConnector.java:doStart(278)) - Started ServerConnector@64656b9e{HTTP/1.1,[http/1.1]}{0.0.0.0:45425}
2019-09-03 19:26:02,967 [main] INFO  server.Server (Server.java:doStart(419)) - Started @592809ms
2019-09-03 19:26:02,967 [main] WARN  impl.MetricsSystemImpl (MetricsSystemImpl.java:register(276)) - Sink prometheus already exists!
2019-09-03 19:26:02,968 [main] INFO  server.BaseHttpServer (BaseHttpServer.java:updateConnectorAddress(215)) - HTTP server of HDDSDATANODE is listening at http://0.0.0.0:45425
2019-09-03 19:26:02,968 [main] INFO  impl.MetricsSystemImpl (MetricsSystemImpl.java:init(158)) - HddsDatanode metrics system started (again)
2019-09-03 19:26:02,970 [org.apache.hadoop.util.JvmPauseMonitor$Monitor@38366d19] INFO  util.JvmPauseMonitor (JvmPauseMonitor.java:run(188)) - Starting JVM pause monitor
2019-09-03 19:26:02,970 [main] INFO  ozone.HddsDatanodeService (HddsDatanodeService.java:start(184)) - HddsDatanodeService host:pr-hdds-1200-xgh2h-450883189 ip:192.168.36.111
2019-09-03 19:26:02,972 [Datanode State Machine Thread - 0] INFO  datanode.InitDatanodeState (InitDatanodeState.java:persistContainerDatanodeDetails(140)) - DatanodeDetails is persisted to /workdir/hadoop-ozone/integration-test/target/test-dir/MiniOzoneClusterImpl-02951a51-9d93-4f48-8a2f-9f437eec0b3a/datanode-0/meta/datanode.id
2019-09-03 19:26:02,976 [main] INFO  volume.HddsVolume (HddsVolume.java:<init>(176)) - Creating Volume: /workdir/hadoop-ozone/integration-test/target/test-dir/MiniOzoneClusterImpl-02951a51-9d93-4f48-8a2f-9f437eec0b3a/datanode-1/data/containers/hdds of  storage type : DISK and capacity : 1482555576320
2019-09-03 19:26:02,977 [main] INFO  volume.VolumeSet (VolumeSet.java:initializeVolumeSet(170)) - Added Volume : /workdir/hadoop-ozone/integration-test/target/test-dir/MiniOzoneClusterImpl-02951a51-9d93-4f48-8a2f-9f437eec0b3a/datanode-1/data/containers/hdds to VolumeSet
2019-09-03 19:26:02,977 [main] INFO  volume.ThrottledAsyncChecker (ThrottledAsyncChecker.java:schedule(140)) - Scheduling a check for org.apache.hadoop.ozone.container.common.volume.HddsVolume@64f4f12
2019-09-03 19:26:02,977 [main] INFO  volume.HddsVolumeChecker (HddsVolumeChecker.java:checkAllVolumes(203)) - Scheduled health check for volume org.apache.hadoop.ozone.container.common.volume.HddsVolume@64f4f12
2019-09-03 19:26:02,990 [main] INFO  impl.RaftServerProxy (ConfUtils.java:logGet(43)) - raft.rpc.type = GRPC (default)
2019-09-03 19:26:02,990 [main] INFO  grpc.GrpcFactory (GrpcFactory.java:checkPooledByteBufAllocatorUseCacheForAllThreads(45)) - PERFORMANCE WARNING: useCacheForAllThreads is true that may cause Netty to create a lot garbage objects and, as a result, trigger GC.
	It is recommended to disable useCacheForAllThreads by setting -Dorg.apache.ratis.thirdparty.io.netty.allocator.useCacheForAllThreads=false in command line.
2019-09-03 19:26:02,991 [main] INFO  grpc.GrpcConfigKeys$Server (ConfUtils.java:logGet(43)) - raft.grpc.server.port = 0 (default)
2019-09-03 19:26:02,991 [main] INFO  server.GrpcService (ConfUtils.java:logGet(43)) - raft.grpc.message.size.max = 33570816 (custom)
2019-09-03 19:26:02,991 [main] INFO  server.RaftServerConfigKeys (ConfUtils.java:logGet(43)) - raft.server.log.appender.buffer.byte-limit = 33554432 (custom)
2019-09-03 19:26:02,991 [main] INFO  server.GrpcService (ConfUtils.java:logGet(43)) - raft.grpc.flow.control.window = 1MB (=1048576) (default)
2019-09-03 19:26:02,991 [main] INFO  server.RaftServerConfigKeys (ConfUtils.java:logGet(43)) - raft.server.rpc.request.timeout = 3000ms (default)
2019-09-03 19:26:02,992 [main] INFO  server.RaftServerConfigKeys (ConfUtils.java:logGet(43)) - raft.server.storage.dir = [/workdir/hadoop-ozone/integration-test/target/test-dir/MiniOzoneClusterImpl-02951a51-9d93-4f48-8a2f-9f437eec0b3a/datanode-1/data/ratis] (custom)
2019-09-03 19:26:02,993 [main] INFO  hdfs.DFSUtil (DFSUtil.java:httpServerTemplateForNNAndJN(1641)) - Starting Web-server for hddsDatanode at: http://0.0.0.0:0
2019-09-03 19:26:02,994 [main] INFO  server.AuthenticationFilter (AuthenticationFilter.java:constructSecretProvider(240)) - Unable to initialize FileSignerSecretProvider, falling back to use random secrets.
2019-09-03 19:26:02,994 [main] WARN  http.HttpRequestLog (HttpRequestLog.java:getRequestLog(97)) - Jetty request log can only be enabled using Log4j
2019-09-03 19:26:02,996 [main] INFO  http.HttpServer2 (HttpServer2.java:addGlobalFilter(975)) - Added global filter 'safety' (class=org.apache.hadoop.http.HttpServer2$QuotingInputFilter)
2019-09-03 19:26:02,996 [main] INFO  http.HttpServer2 (HttpServer2.java:addFilter(948)) - Added filter static_user_filter (class=org.apache.hadoop.http.lib.StaticUserWebFilter$StaticUserFilter) to context hddsDatanode
2019-09-03 19:26:02,996 [main] INFO  http.HttpServer2 (HttpServer2.java:addFilter(958)) - Added filter static_user_filter (class=org.apache.hadoop.http.lib.StaticUserWebFilter$StaticUserFilter) to context static
2019-09-03 19:26:02,996 [main] INFO  http.HttpServer2 (HttpServer2.java:addFilter(958)) - Added filter static_user_filter (class=org.apache.hadoop.http.lib.StaticUserWebFilter$StaticUserFilter) to context logs
2019-09-03 19:26:02,997 [main] INFO  http.HttpServer2 (HttpServer2.java:bindListener(1191)) - Jetty bound to port 39164
2019-09-03 19:26:02,997 [main] INFO  server.Server (Server.java:doStart(351)) - jetty-9.3.24.v20180605, build timestamp: 2018-06-05T17:11:56Z, git hash: 84205aa28f11a4f31f2a3b86d1bba2cc8ab69827
2019-09-03 19:26:02,998 [main] INFO  handler.ContextHandler (ContextHandler.java:doStart(781)) - Started o.e.j.s.ServletContextHandler@5d7dd549{/logs,file:///workdir/hadoop-ozone/integration-test/target/log,AVAILABLE}
2019-09-03 19:26:02,999 [main] INFO  handler.ContextHandler (ContextHandler.java:doStart(781)) - Started o.e.j.s.ServletContextHandler@6459f4ea{/static,jar:file:/home/user/.m2/repository/org/apache/hadoop/hadoop-hdds-container-service/0.5.0-SNAPSHOT/hadoop-hdds-container-service-0.5.0-SNAPSHOT.jar!/webapps/static,AVAILABLE}
2019-09-03 19:26:03,046 [main] INFO  handler.ContextHandler (ContextHandler.java:doStart(781)) - Started o.e.j.w.WebAppContext@581c9bb7{/,file:///tmp/jetty-0.0.0.0-39164-hddsDatanode-_-any-5746113618136423717.dir/webapp/,AVAILABLE}{/hddsDatanode}
2019-09-03 19:26:03,047 [main] INFO  server.AbstractConnector (AbstractConnector.java:doStart(278)) - Started ServerConnector@138f0661{HTTP/1.1,[http/1.1]}{0.0.0.0:39164}
2019-09-03 19:26:03,048 [main] INFO  server.Server (Server.java:doStart(419)) - Started @592890ms
2019-09-03 19:26:03,049 [main] WARN  impl.MetricsSystemImpl (MetricsSystemImpl.java:register(276)) - Sink prometheus already exists!
2019-09-03 19:26:03,049 [main] INFO  server.BaseHttpServer (BaseHttpServer.java:updateConnectorAddress(215)) - HTTP server of HDDSDATANODE is listening at http://0.0.0.0:39164
2019-09-03 19:26:03,050 [main] INFO  impl.MetricsSystemImpl (MetricsSystemImpl.java:init(158)) - HddsDatanode metrics system started (again)
2019-09-03 19:26:03,052 [org.apache.hadoop.util.JvmPauseMonitor$Monitor@7ef503aa] INFO  util.JvmPauseMonitor (JvmPauseMonitor.java:run(188)) - Starting JVM pause monitor
2019-09-03 19:26:03,053 [main] INFO  ozone.HddsDatanodeService (HddsDatanodeService.java:start(184)) - HddsDatanodeService host:pr-hdds-1200-xgh2h-450883189 ip:192.168.36.111
2019-09-03 19:26:03,053 [Datanode State Machine Thread - 0] INFO  datanode.InitDatanodeState (InitDatanodeState.java:persistContainerDatanodeDetails(140)) - DatanodeDetails is persisted to /workdir/hadoop-ozone/integration-test/target/test-dir/MiniOzoneClusterImpl-02951a51-9d93-4f48-8a2f-9f437eec0b3a/datanode-1/meta/datanode.id
2019-09-03 19:26:03,058 [main] INFO  volume.HddsVolume (HddsVolume.java:<init>(176)) - Creating Volume: /workdir/hadoop-ozone/integration-test/target/test-dir/MiniOzoneClusterImpl-02951a51-9d93-4f48-8a2f-9f437eec0b3a/datanode-2/data/containers/hdds of  storage type : DISK and capacity : 1482555576320
2019-09-03 19:26:03,058 [main] INFO  volume.VolumeSet (VolumeSet.java:initializeVolumeSet(170)) - Added Volume : /workdir/hadoop-ozone/integration-test/target/test-dir/MiniOzoneClusterImpl-02951a51-9d93-4f48-8a2f-9f437eec0b3a/datanode-2/data/containers/hdds to VolumeSet
2019-09-03 19:26:03,059 [main] INFO  volume.ThrottledAsyncChecker (ThrottledAsyncChecker.java:schedule(140)) - Scheduling a check for org.apache.hadoop.ozone.container.common.volume.HddsVolume@6f50d55c
2019-09-03 19:26:03,059 [main] INFO  volume.HddsVolumeChecker (HddsVolumeChecker.java:checkAllVolumes(203)) - Scheduled health check for volume org.apache.hadoop.ozone.container.common.volume.HddsVolume@6f50d55c
2019-09-03 19:26:03,071 [main] INFO  impl.RaftServerProxy (ConfUtils.java:logGet(43)) - raft.rpc.type = GRPC (default)
2019-09-03 19:26:03,071 [main] INFO  grpc.GrpcFactory (GrpcFactory.java:checkPooledByteBufAllocatorUseCacheForAllThreads(45)) - PERFORMANCE WARNING: useCacheForAllThreads is true that may cause Netty to create a lot garbage objects and, as a result, trigger GC.
	It is recommended to disable useCacheForAllThreads by setting -Dorg.apache.ratis.thirdparty.io.netty.allocator.useCacheForAllThreads=false in command line.
2019-09-03 19:26:03,071 [main] INFO  grpc.GrpcConfigKeys$Server (ConfUtils.java:logGet(43)) - raft.grpc.server.port = 0 (default)
2019-09-03 19:26:03,071 [main] INFO  server.GrpcService (ConfUtils.java:logGet(43)) - raft.grpc.message.size.max = 33570816 (custom)
2019-09-03 19:26:03,072 [main] INFO  server.RaftServerConfigKeys (ConfUtils.java:logGet(43)) - raft.server.log.appender.buffer.byte-limit = 33554432 (custom)
2019-09-03 19:26:03,072 [main] INFO  server.GrpcService (ConfUtils.java:logGet(43)) - raft.grpc.flow.control.window = 1MB (=1048576) (default)
2019-09-03 19:26:03,072 [main] INFO  server.RaftServerConfigKeys (ConfUtils.java:logGet(43)) - raft.server.rpc.request.timeout = 3000ms (default)
2019-09-03 19:26:03,072 [main] INFO  server.RaftServerConfigKeys (ConfUtils.java:logGet(43)) - raft.server.storage.dir = [/workdir/hadoop-ozone/integration-test/target/test-dir/MiniOzoneClusterImpl-02951a51-9d93-4f48-8a2f-9f437eec0b3a/datanode-2/data/ratis] (custom)
2019-09-03 19:26:03,074 [main] INFO  hdfs.DFSUtil (DFSUtil.java:httpServerTemplateForNNAndJN(1641)) - Starting Web-server for hddsDatanode at: http://0.0.0.0:0
2019-09-03 19:26:03,075 [main] INFO  server.AuthenticationFilter (AuthenticationFilter.java:constructSecretProvider(240)) - Unable to initialize FileSignerSecretProvider, falling back to use random secrets.
2019-09-03 19:26:03,075 [main] WARN  http.HttpRequestLog (HttpRequestLog.java:getRequestLog(97)) - Jetty request log can only be enabled using Log4j
2019-09-03 19:26:03,077 [main] INFO  http.HttpServer2 (HttpServer2.java:addGlobalFilter(975)) - Added global filter 'safety' (class=org.apache.hadoop.http.HttpServer2$QuotingInputFilter)
2019-09-03 19:26:03,077 [main] INFO  http.HttpServer2 (HttpServer2.java:addFilter(948)) - Added filter static_user_filter (class=org.apache.hadoop.http.lib.StaticUserWebFilter$StaticUserFilter) to context hddsDatanode
2019-09-03 19:26:03,077 [main] INFO  http.HttpServer2 (HttpServer2.java:addFilter(958)) - Added filter static_user_filter (class=org.apache.hadoop.http.lib.StaticUserWebFilter$StaticUserFilter) to context static
2019-09-03 19:26:03,078 [main] INFO  http.HttpServer2 (HttpServer2.java:addFilter(958)) - Added filter static_user_filter (class=org.apache.hadoop.http.lib.StaticUserWebFilter$StaticUserFilter) to context logs
2019-09-03 19:26:03,078 [main] INFO  http.HttpServer2 (HttpServer2.java:bindListener(1191)) - Jetty bound to port 42400
2019-09-03 19:26:03,079 [main] INFO  server.Server (Server.java:doStart(351)) - jetty-9.3.24.v20180605, build timestamp: 2018-06-05T17:11:56Z, git hash: 84205aa28f11a4f31f2a3b86d1bba2cc8ab69827
2019-09-03 19:26:03,081 [main] INFO  handler.ContextHandler (ContextHandler.java:doStart(781)) - Started o.e.j.s.ServletContextHandler@7d37ee0c{/logs,file:///workdir/hadoop-ozone/integration-test/target/log,AVAILABLE}
2019-09-03 19:26:03,081 [main] INFO  handler.ContextHandler (ContextHandler.java:doStart(781)) - Started o.e.j.s.ServletContextHandler@4602f874{/static,jar:file:/home/user/.m2/repository/org/apache/hadoop/hadoop-hdds-container-service/0.5.0-SNAPSHOT/hadoop-hdds-container-service-0.5.0-SNAPSHOT.jar!/webapps/static,AVAILABLE}
2019-09-03 19:26:03,111 [main] INFO  handler.ContextHandler (ContextHandler.java:doStart(781)) - Started o.e.j.w.WebAppContext@5d1bdd4a{/,file:///tmp/jetty-0.0.0.0-42400-hddsDatanode-_-any-7484274530302414145.dir/webapp/,AVAILABLE}{/hddsDatanode}
2019-09-03 19:26:03,111 [main] INFO  server.AbstractConnector (AbstractConnector.java:doStart(278)) - Started ServerConnector@6812c8cc{HTTP/1.1,[http/1.1]}{0.0.0.0:42400}
2019-09-03 19:26:03,112 [main] INFO  server.Server (Server.java:doStart(419)) - Started @592955ms
2019-09-03 19:26:03,113 [main] WARN  impl.MetricsSystemImpl (MetricsSystemImpl.java:register(276)) - Sink prometheus already exists!
2019-09-03 19:26:03,114 [main] INFO  server.BaseHttpServer (BaseHttpServer.java:updateConnectorAddress(215)) - HTTP server of HDDSDATANODE is listening at http://0.0.0.0:42400
2019-09-03 19:26:03,114 [main] INFO  impl.MetricsSystemImpl (MetricsSystemImpl.java:init(158)) - HddsDatanode metrics system started (again)
2019-09-03 19:26:03,117 [main] INFO  ozone.HddsDatanodeService (HddsDatanodeService.java:start(184)) - HddsDatanodeService host:pr-hdds-1200-xgh2h-450883189 ip:192.168.36.111
2019-09-03 19:26:03,117 [org.apache.hadoop.util.JvmPauseMonitor$Monitor@514dfcc] INFO  util.JvmPauseMonitor (JvmPauseMonitor.java:run(188)) - Starting JVM pause monitor
2019-09-03 19:26:03,118 [Datanode State Machine Thread - 0] INFO  datanode.InitDatanodeState (InitDatanodeState.java:persistContainerDatanodeDetails(140)) - DatanodeDetails is persisted to /workdir/hadoop-ozone/integration-test/target/test-dir/MiniOzoneClusterImpl-02951a51-9d93-4f48-8a2f-9f437eec0b3a/datanode-2/meta/datanode.id
2019-09-03 19:26:03,122 [main] INFO  volume.HddsVolume (HddsVolume.java:<init>(176)) - Creating Volume: /workdir/hadoop-ozone/integration-test/target/test-dir/MiniOzoneClusterImpl-02951a51-9d93-4f48-8a2f-9f437eec0b3a/datanode-3/data/containers/hdds of  storage type : DISK and capacity : 1482555576320
2019-09-03 19:26:03,123 [main] INFO  volume.VolumeSet (VolumeSet.java:initializeVolumeSet(170)) - Added Volume : /workdir/hadoop-ozone/integration-test/target/test-dir/MiniOzoneClusterImpl-02951a51-9d93-4f48-8a2f-9f437eec0b3a/datanode-3/data/containers/hdds to VolumeSet
2019-09-03 19:26:03,123 [main] INFO  volume.ThrottledAsyncChecker (ThrottledAsyncChecker.java:schedule(140)) - Scheduling a check for org.apache.hadoop.ozone.container.common.volume.HddsVolume@546ed2a0
2019-09-03 19:26:03,123 [main] INFO  volume.HddsVolumeChecker (HddsVolumeChecker.java:checkAllVolumes(203)) - Scheduled health check for volume org.apache.hadoop.ozone.container.common.volume.HddsVolume@546ed2a0
2019-09-03 19:26:03,137 [main] INFO  impl.RaftServerProxy (ConfUtils.java:logGet(43)) - raft.rpc.type = GRPC (default)
2019-09-03 19:26:03,138 [main] INFO  grpc.GrpcFactory (GrpcFactory.java:checkPooledByteBufAllocatorUseCacheForAllThreads(45)) - PERFORMANCE WARNING: useCacheForAllThreads is true that may cause Netty to create a lot garbage objects and, as a result, trigger GC.
	It is recommended to disable useCacheForAllThreads by setting -Dorg.apache.ratis.thirdparty.io.netty.allocator.useCacheForAllThreads=false in command line.
2019-09-03 19:26:03,138 [main] INFO  grpc.GrpcConfigKeys$Server (ConfUtils.java:logGet(43)) - raft.grpc.server.port = 0 (default)
2019-09-03 19:26:03,138 [main] INFO  server.GrpcService (ConfUtils.java:logGet(43)) - raft.grpc.message.size.max = 33570816 (custom)
2019-09-03 19:26:03,138 [main] INFO  server.RaftServerConfigKeys (ConfUtils.java:logGet(43)) - raft.server.log.appender.buffer.byte-limit = 33554432 (custom)
2019-09-03 19:26:03,139 [main] INFO  server.GrpcService (ConfUtils.java:logGet(43)) - raft.grpc.flow.control.window = 1MB (=1048576) (default)
2019-09-03 19:26:03,139 [main] INFO  server.RaftServerConfigKeys (ConfUtils.java:logGet(43)) - raft.server.rpc.request.timeout = 3000ms (default)
2019-09-03 19:26:03,139 [main] INFO  server.RaftServerConfigKeys (ConfUtils.java:logGet(43)) - raft.server.storage.dir = [/workdir/hadoop-ozone/integration-test/target/test-dir/MiniOzoneClusterImpl-02951a51-9d93-4f48-8a2f-9f437eec0b3a/datanode-3/data/ratis] (custom)
2019-09-03 19:26:03,141 [main] INFO  hdfs.DFSUtil (DFSUtil.java:httpServerTemplateForNNAndJN(1641)) - Starting Web-server for hddsDatanode at: http://0.0.0.0:0
2019-09-03 19:26:03,142 [main] INFO  server.AuthenticationFilter (AuthenticationFilter.java:constructSecretProvider(240)) - Unable to initialize FileSignerSecretProvider, falling back to use random secrets.
2019-09-03 19:26:03,142 [main] WARN  http.HttpRequestLog (HttpRequestLog.java:getRequestLog(97)) - Jetty request log can only be enabled using Log4j
2019-09-03 19:26:03,143 [main] INFO  http.HttpServer2 (HttpServer2.java:addGlobalFilter(975)) - Added global filter 'safety' (class=org.apache.hadoop.http.HttpServer2$QuotingInputFilter)
2019-09-03 19:26:03,144 [main] INFO  http.HttpServer2 (HttpServer2.java:addFilter(948)) - Added filter static_user_filter (class=org.apache.hadoop.http.lib.StaticUserWebFilter$StaticUserFilter) to context hddsDatanode
2019-09-03 19:26:03,144 [main] INFO  http.HttpServer2 (HttpServer2.java:addFilter(958)) - Added filter static_user_filter (class=org.apache.hadoop.http.lib.StaticUserWebFilter$StaticUserFilter) to context logs
2019-09-03 19:26:03,144 [main] INFO  http.HttpServer2 (HttpServer2.java:addFilter(958)) - Added filter static_user_filter (class=org.apache.hadoop.http.lib.StaticUserWebFilter$StaticUserFilter) to context static
2019-09-03 19:26:03,145 [main] INFO  http.HttpServer2 (HttpServer2.java:bindListener(1191)) - Jetty bound to port 44653
2019-09-03 19:26:03,145 [main] INFO  server.Server (Server.java:doStart(351)) - jetty-9.3.24.v20180605, build timestamp: 2018-06-05T17:11:56Z, git hash: 84205aa28f11a4f31f2a3b86d1bba2cc8ab69827
2019-09-03 19:26:03,146 [main] INFO  handler.ContextHandler (ContextHandler.java:doStart(781)) - Started o.e.j.s.ServletContextHandler@143fefaf{/logs,file:///workdir/hadoop-ozone/integration-test/target/log,AVAILABLE}
2019-09-03 19:26:03,147 [main] INFO  handler.ContextHandler (ContextHandler.java:doStart(781)) - Started o.e.j.s.ServletContextHandler@46468f0{/static,jar:file:/home/user/.m2/repository/org/apache/hadoop/hadoop-hdds-container-service/0.5.0-SNAPSHOT/hadoop-hdds-container-service-0.5.0-SNAPSHOT.jar!/webapps/static,AVAILABLE}
2019-09-03 19:26:03,174 [main] INFO  handler.ContextHandler (ContextHandler.java:doStart(781)) - Started o.e.j.w.WebAppContext@75793f17{/,file:///tmp/jetty-0.0.0.0-44653-hddsDatanode-_-any-2155643037527210929.dir/webapp/,AVAILABLE}{/hddsDatanode}
2019-09-03 19:26:03,175 [main] INFO  server.AbstractConnector (AbstractConnector.java:doStart(278)) - Started ServerConnector@4652c74d{HTTP/1.1,[http/1.1]}{0.0.0.0:44653}
2019-09-03 19:26:03,175 [main] INFO  server.Server (Server.java:doStart(419)) - Started @593018ms
2019-09-03 19:26:03,176 [main] WARN  impl.MetricsSystemImpl (MetricsSystemImpl.java:register(276)) - Sink prometheus already exists!
2019-09-03 19:26:03,177 [main] INFO  server.BaseHttpServer (BaseHttpServer.java:updateConnectorAddress(215)) - HTTP server of HDDSDATANODE is listening at http://0.0.0.0:44653
2019-09-03 19:26:03,177 [main] INFO  impl.MetricsSystemImpl (MetricsSystemImpl.java:init(158)) - HddsDatanode metrics system started (again)
2019-09-03 19:26:03,180 [org.apache.hadoop.util.JvmPauseMonitor$Monitor@35a21b2a] INFO  util.JvmPauseMonitor (JvmPauseMonitor.java:run(188)) - Starting JVM pause monitor
2019-09-03 19:26:03,180 [main] INFO  ozone.HddsDatanodeService (HddsDatanodeService.java:start(184)) - HddsDatanodeService host:pr-hdds-1200-xgh2h-450883189 ip:192.168.36.111
2019-09-03 19:26:03,181 [Datanode State Machine Thread - 0] INFO  datanode.InitDatanodeState (InitDatanodeState.java:persistContainerDatanodeDetails(140)) - DatanodeDetails is persisted to /workdir/hadoop-ozone/integration-test/target/test-dir/MiniOzoneClusterImpl-02951a51-9d93-4f48-8a2f-9f437eec0b3a/datanode-3/meta/datanode.id
2019-09-03 19:26:03,186 [main] INFO  volume.HddsVolume (HddsVolume.java:<init>(176)) - Creating Volume: /workdir/hadoop-ozone/integration-test/target/test-dir/MiniOzoneClusterImpl-02951a51-9d93-4f48-8a2f-9f437eec0b3a/datanode-4/data/containers/hdds of  storage type : DISK and capacity : 1482555576320
2019-09-03 19:26:03,186 [main] INFO  volume.VolumeSet (VolumeSet.java:initializeVolumeSet(170)) - Added Volume : /workdir/hadoop-ozone/integration-test/target/test-dir/MiniOzoneClusterImpl-02951a51-9d93-4f48-8a2f-9f437eec0b3a/datanode-4/data/containers/hdds to VolumeSet
2019-09-03 19:26:03,186 [main] INFO  volume.ThrottledAsyncChecker (ThrottledAsyncChecker.java:schedule(140)) - Scheduling a check for org.apache.hadoop.ozone.container.common.volume.HddsVolume@234cd86c
2019-09-03 19:26:03,186 [main] INFO  volume.HddsVolumeChecker (HddsVolumeChecker.java:checkAllVolumes(203)) - Scheduled health check for volume org.apache.hadoop.ozone.container.common.volume.HddsVolume@234cd86c
2019-09-03 19:26:03,201 [main] INFO  impl.RaftServerProxy (ConfUtils.java:logGet(43)) - raft.rpc.type = GRPC (default)
2019-09-03 19:26:03,201 [main] INFO  grpc.GrpcFactory (GrpcFactory.java:checkPooledByteBufAllocatorUseCacheForAllThreads(45)) - PERFORMANCE WARNING: useCacheForAllThreads is true that may cause Netty to create a lot garbage objects and, as a result, trigger GC.
	It is recommended to disable useCacheForAllThreads by setting -Dorg.apache.ratis.thirdparty.io.netty.allocator.useCacheForAllThreads=false in command line.
2019-09-03 19:26:03,201 [main] INFO  grpc.GrpcConfigKeys$Server (ConfUtils.java:logGet(43)) - raft.grpc.server.port = 0 (default)
2019-09-03 19:26:03,202 [main] INFO  server.GrpcService (ConfUtils.java:logGet(43)) - raft.grpc.message.size.max = 33570816 (custom)
2019-09-03 19:26:03,202 [main] INFO  server.RaftServerConfigKeys (ConfUtils.java:logGet(43)) - raft.server.log.appender.buffer.byte-limit = 33554432 (custom)
2019-09-03 19:26:03,202 [main] INFO  server.GrpcService (ConfUtils.java:logGet(43)) - raft.grpc.flow.control.window = 1MB (=1048576) (default)
2019-09-03 19:26:03,202 [main] INFO  server.RaftServerConfigKeys (ConfUtils.java:logGet(43)) - raft.server.rpc.request.timeout = 3000ms (default)
2019-09-03 19:26:03,203 [main] INFO  server.RaftServerConfigKeys (ConfUtils.java:logGet(43)) - raft.server.storage.dir = [/workdir/hadoop-ozone/integration-test/target/test-dir/MiniOzoneClusterImpl-02951a51-9d93-4f48-8a2f-9f437eec0b3a/datanode-4/data/ratis] (custom)
2019-09-03 19:26:03,204 [main] INFO  hdfs.DFSUtil (DFSUtil.java:httpServerTemplateForNNAndJN(1641)) - Starting Web-server for hddsDatanode at: http://0.0.0.0:0
2019-09-03 19:26:03,205 [main] INFO  server.AuthenticationFilter (AuthenticationFilter.java:constructSecretProvider(240)) - Unable to initialize FileSignerSecretProvider, falling back to use random secrets.
2019-09-03 19:26:03,206 [main] WARN  http.HttpRequestLog (HttpRequestLog.java:getRequestLog(97)) - Jetty request log can only be enabled using Log4j
2019-09-03 19:26:03,207 [main] INFO  http.HttpServer2 (HttpServer2.java:addGlobalFilter(975)) - Added global filter 'safety' (class=org.apache.hadoop.http.HttpServer2$QuotingInputFilter)
2019-09-03 19:26:03,208 [main] INFO  http.HttpServer2 (HttpServer2.java:addFilter(948)) - Added filter static_user_filter (class=org.apache.hadoop.http.lib.StaticUserWebFilter$StaticUserFilter) to context hddsDatanode
2019-09-03 19:26:03,208 [main] INFO  http.HttpServer2 (HttpServer2.java:addFilter(958)) - Added filter static_user_filter (class=org.apache.hadoop.http.lib.StaticUserWebFilter$StaticUserFilter) to context logs
2019-09-03 19:26:03,208 [main] INFO  http.HttpServer2 (HttpServer2.java:addFilter(958)) - Added filter static_user_filter (class=org.apache.hadoop.http.lib.StaticUserWebFilter$StaticUserFilter) to context static
2019-09-03 19:26:03,209 [main] INFO  http.HttpServer2 (HttpServer2.java:bindListener(1191)) - Jetty bound to port 43014
2019-09-03 19:26:03,209 [main] INFO  server.Server (Server.java:doStart(351)) - jetty-9.3.24.v20180605, build timestamp: 2018-06-05T17:11:56Z, git hash: 84205aa28f11a4f31f2a3b86d1bba2cc8ab69827
2019-09-03 19:26:03,211 [main] INFO  handler.ContextHandler (ContextHandler.java:doStart(781)) - Started o.e.j.s.ServletContextHandler@7b6141f0{/logs,file:///workdir/hadoop-ozone/integration-test/target/log,AVAILABLE}
2019-09-03 19:26:03,212 [main] INFO  handler.ContextHandler (ContextHandler.java:doStart(781)) - Started o.e.j.s.ServletContextHandler@70b48eb3{/static,jar:file:/home/user/.m2/repository/org/apache/hadoop/hadoop-hdds-container-service/0.5.0-SNAPSHOT/hadoop-hdds-container-service-0.5.0-SNAPSHOT.jar!/webapps/static,AVAILABLE}
2019-09-03 19:26:03,240 [main] INFO  handler.ContextHandler (ContextHandler.java:doStart(781)) - Started o.e.j.w.WebAppContext@c568f91{/,file:///tmp/jetty-0.0.0.0-43014-hddsDatanode-_-any-893032909309327388.dir/webapp/,AVAILABLE}{/hddsDatanode}
2019-09-03 19:26:03,241 [main] INFO  server.AbstractConnector (AbstractConnector.java:doStart(278)) - Started ServerConnector@5fd43e58{HTTP/1.1,[http/1.1]}{0.0.0.0:43014}
2019-09-03 19:26:03,241 [main] INFO  server.Server (Server.java:doStart(419)) - Started @593084ms
2019-09-03 19:26:03,242 [main] WARN  impl.MetricsSystemImpl (MetricsSystemImpl.java:register(276)) - Sink prometheus already exists!
2019-09-03 19:26:03,243 [main] INFO  server.BaseHttpServer (BaseHttpServer.java:updateConnectorAddress(215)) - HTTP server of HDDSDATANODE is listening at http://0.0.0.0:43014
2019-09-03 19:26:03,243 [main] INFO  impl.MetricsSystemImpl (MetricsSystemImpl.java:init(158)) - HddsDatanode metrics system started (again)
2019-09-03 19:26:03,246 [org.apache.hadoop.util.JvmPauseMonitor$Monitor@3729ee3a] INFO  util.JvmPauseMonitor (JvmPauseMonitor.java:run(188)) - Starting JVM pause monitor
2019-09-03 19:26:03,247 [main] INFO  ozone.HddsDatanodeService (HddsDatanodeService.java:start(184)) - HddsDatanodeService host:pr-hdds-1200-xgh2h-450883189 ip:192.168.36.111
2019-09-03 19:26:03,248 [Datanode State Machine Thread - 0] INFO  datanode.InitDatanodeState (InitDatanodeState.java:persistContainerDatanodeDetails(140)) - DatanodeDetails is persisted to /workdir/hadoop-ozone/integration-test/target/test-dir/MiniOzoneClusterImpl-02951a51-9d93-4f48-8a2f-9f437eec0b3a/datanode-4/meta/datanode.id
2019-09-03 19:26:03,253 [main] INFO  volume.HddsVolume (HddsVolume.java:<init>(176)) - Creating Volume: /workdir/hadoop-ozone/integration-test/target/test-dir/MiniOzoneClusterImpl-02951a51-9d93-4f48-8a2f-9f437eec0b3a/datanode-5/data/containers/hdds of  storage type : DISK and capacity : 1482555576320
2019-09-03 19:26:03,253 [main] INFO  volume.VolumeSet (VolumeSet.java:initializeVolumeSet(170)) - Added Volume : /workdir/hadoop-ozone/integration-test/target/test-dir/MiniOzoneClusterImpl-02951a51-9d93-4f48-8a2f-9f437eec0b3a/datanode-5/data/containers/hdds to VolumeSet
2019-09-03 19:26:03,253 [main] INFO  volume.ThrottledAsyncChecker (ThrottledAsyncChecker.java:schedule(140)) - Scheduling a check for org.apache.hadoop.ozone.container.common.volume.HddsVolume@cbf1997
2019-09-03 19:26:03,254 [main] INFO  volume.HddsVolumeChecker (HddsVolumeChecker.java:checkAllVolumes(203)) - Scheduled health check for volume org.apache.hadoop.ozone.container.common.volume.HddsVolume@cbf1997
2019-09-03 19:26:03,270 [main] INFO  impl.RaftServerProxy (ConfUtils.java:logGet(43)) - raft.rpc.type = GRPC (default)
2019-09-03 19:26:03,270 [main] INFO  grpc.GrpcFactory (GrpcFactory.java:checkPooledByteBufAllocatorUseCacheForAllThreads(45)) - PERFORMANCE WARNING: useCacheForAllThreads is true that may cause Netty to create a lot garbage objects and, as a result, trigger GC.
	It is recommended to disable useCacheForAllThreads by setting -Dorg.apache.ratis.thirdparty.io.netty.allocator.useCacheForAllThreads=false in command line.
2019-09-03 19:26:03,271 [main] INFO  grpc.GrpcConfigKeys$Server (ConfUtils.java:logGet(43)) - raft.grpc.server.port = 0 (default)
2019-09-03 19:26:03,271 [main] INFO  server.GrpcService (ConfUtils.java:logGet(43)) - raft.grpc.message.size.max = 33570816 (custom)
2019-09-03 19:26:03,271 [main] INFO  server.RaftServerConfigKeys (ConfUtils.java:logGet(43)) - raft.server.log.appender.buffer.byte-limit = 33554432 (custom)
2019-09-03 19:26:03,271 [main] INFO  server.GrpcService (ConfUtils.java:logGet(43)) - raft.grpc.flow.control.window = 1MB (=1048576) (default)
2019-09-03 19:26:03,271 [main] INFO  server.RaftServerConfigKeys (ConfUtils.java:logGet(43)) - raft.server.rpc.request.timeout = 3000ms (default)
2019-09-03 19:26:03,272 [main] INFO  server.RaftServerConfigKeys (ConfUtils.java:logGet(43)) - raft.server.storage.dir = [/workdir/hadoop-ozone/integration-test/target/test-dir/MiniOzoneClusterImpl-02951a51-9d93-4f48-8a2f-9f437eec0b3a/datanode-5/data/ratis] (custom)
2019-09-03 19:26:03,273 [main] INFO  hdfs.DFSUtil (DFSUtil.java:httpServerTemplateForNNAndJN(1641)) - Starting Web-server for hddsDatanode at: http://0.0.0.0:0
2019-09-03 19:26:03,275 [main] INFO  server.AuthenticationFilter (AuthenticationFilter.java:constructSecretProvider(240)) - Unable to initialize FileSignerSecretProvider, falling back to use random secrets.
2019-09-03 19:26:03,275 [main] WARN  http.HttpRequestLog (HttpRequestLog.java:getRequestLog(97)) - Jetty request log can only be enabled using Log4j
2019-09-03 19:26:03,277 [main] INFO  http.HttpServer2 (HttpServer2.java:addGlobalFilter(975)) - Added global filter 'safety' (class=org.apache.hadoop.http.HttpServer2$QuotingInputFilter)
2019-09-03 19:26:03,278 [main] INFO  http.HttpServer2 (HttpServer2.java:addFilter(948)) - Added filter static_user_filter (class=org.apache.hadoop.http.lib.StaticUserWebFilter$StaticUserFilter) to context hddsDatanode
2019-09-03 19:26:03,278 [main] INFO  http.HttpServer2 (HttpServer2.java:addFilter(958)) - Added filter static_user_filter (class=org.apache.hadoop.http.lib.StaticUserWebFilter$StaticUserFilter) to context logs
2019-09-03 19:26:03,278 [main] INFO  http.HttpServer2 (HttpServer2.java:addFilter(958)) - Added filter static_user_filter (class=org.apache.hadoop.http.lib.StaticUserWebFilter$StaticUserFilter) to context static
2019-09-03 19:26:03,278 [main] INFO  http.HttpServer2 (HttpServer2.java:bindListener(1191)) - Jetty bound to port 35591
2019-09-03 19:26:03,279 [main] INFO  server.Server (Server.java:doStart(351)) - jetty-9.3.24.v20180605, build timestamp: 2018-06-05T17:11:56Z, git hash: 84205aa28f11a4f31f2a3b86d1bba2cc8ab69827
2019-09-03 19:26:03,280 [main] INFO  handler.ContextHandler (ContextHandler.java:doStart(781)) - Started o.e.j.s.ServletContextHandler@7d133fb7{/logs,file:///workdir/hadoop-ozone/integration-test/target/log,AVAILABLE}
2019-09-03 19:26:03,281 [main] INFO  handler.ContextHandler (ContextHandler.java:doStart(781)) - Started o.e.j.s.ServletContextHandler@7eb27768{/static,jar:file:/home/user/.m2/repository/org/apache/hadoop/hadoop-hdds-container-service/0.5.0-SNAPSHOT/hadoop-hdds-container-service-0.5.0-SNAPSHOT.jar!/webapps/static,AVAILABLE}
2019-09-03 19:26:03,309 [main] INFO  handler.ContextHandler (ContextHandler.java:doStart(781)) - Started o.e.j.w.WebAppContext@6aea99e7{/,file:///tmp/jetty-0.0.0.0-35591-hddsDatanode-_-any-8190194572498141034.dir/webapp/,AVAILABLE}{/hddsDatanode}
2019-09-03 19:26:03,309 [main] INFO  server.AbstractConnector (AbstractConnector.java:doStart(278)) - Started ServerConnector@1c6a0103{HTTP/1.1,[http/1.1]}{0.0.0.0:35591}
2019-09-03 19:26:03,311 [main] INFO  server.Server (Server.java:doStart(419)) - Started @593154ms
2019-09-03 19:26:03,311 [main] WARN  impl.MetricsSystemImpl (MetricsSystemImpl.java:register(276)) - Sink prometheus already exists!
2019-09-03 19:26:03,312 [main] INFO  server.BaseHttpServer (BaseHttpServer.java:updateConnectorAddress(215)) - HTTP server of HDDSDATANODE is listening at http://0.0.0.0:35591
2019-09-03 19:26:03,312 [main] INFO  impl.MetricsSystemImpl (MetricsSystemImpl.java:init(158)) - HddsDatanode metrics system started (again)
2019-09-03 19:26:03,315 [org.apache.hadoop.util.JvmPauseMonitor$Monitor@5cf5cf1d] INFO  util.JvmPauseMonitor (JvmPauseMonitor.java:run(188)) - Starting JVM pause monitor
2019-09-03 19:26:03,316 [main] INFO  ozone.HddsDatanodeService (HddsDatanodeService.java:start(184)) - HddsDatanodeService host:pr-hdds-1200-xgh2h-450883189 ip:192.168.36.111
2019-09-03 19:26:03,317 [Datanode State Machine Thread - 0] INFO  datanode.InitDatanodeState (InitDatanodeState.java:persistContainerDatanodeDetails(140)) - DatanodeDetails is persisted to /workdir/hadoop-ozone/integration-test/target/test-dir/MiniOzoneClusterImpl-02951a51-9d93-4f48-8a2f-9f437eec0b3a/datanode-5/meta/datanode.id
2019-09-03 19:26:03,322 [main] INFO  volume.HddsVolume (HddsVolume.java:<init>(176)) - Creating Volume: /workdir/hadoop-ozone/integration-test/target/test-dir/MiniOzoneClusterImpl-02951a51-9d93-4f48-8a2f-9f437eec0b3a/datanode-6/data/containers/hdds of  storage type : DISK and capacity : 1482555576320
2019-09-03 19:26:03,322 [main] INFO  volume.VolumeSet (VolumeSet.java:initializeVolumeSet(170)) - Added Volume : /workdir/hadoop-ozone/integration-test/target/test-dir/MiniOzoneClusterImpl-02951a51-9d93-4f48-8a2f-9f437eec0b3a/datanode-6/data/containers/hdds to VolumeSet
2019-09-03 19:26:03,322 [main] INFO  volume.ThrottledAsyncChecker (ThrottledAsyncChecker.java:schedule(140)) - Scheduling a check for org.apache.hadoop.ozone.container.common.volume.HddsVolume@629075f4
2019-09-03 19:26:03,323 [main] INFO  volume.HddsVolumeChecker (HddsVolumeChecker.java:checkAllVolumes(203)) - Scheduled health check for volume org.apache.hadoop.ozone.container.common.volume.HddsVolume@629075f4
2019-09-03 19:26:03,343 [main] INFO  impl.RaftServerProxy (ConfUtils.java:logGet(43)) - raft.rpc.type = GRPC (default)
2019-09-03 19:26:03,343 [main] INFO  grpc.GrpcFactory (GrpcFactory.java:checkPooledByteBufAllocatorUseCacheForAllThreads(45)) - PERFORMANCE WARNING: useCacheForAllThreads is true that may cause Netty to create a lot garbage objects and, as a result, trigger GC.
	It is recommended to disable useCacheForAllThreads by setting -Dorg.apache.ratis.thirdparty.io.netty.allocator.useCacheForAllThreads=false in command line.
2019-09-03 19:26:03,343 [main] INFO  grpc.GrpcConfigKeys$Server (ConfUtils.java:logGet(43)) - raft.grpc.server.port = 0 (default)
2019-09-03 19:26:03,344 [main] INFO  server.GrpcService (ConfUtils.java:logGet(43)) - raft.grpc.message.size.max = 33570816 (custom)
2019-09-03 19:26:03,344 [main] INFO  server.RaftServerConfigKeys (ConfUtils.java:logGet(43)) - raft.server.log.appender.buffer.byte-limit = 33554432 (custom)
2019-09-03 19:26:03,344 [main] INFO  server.GrpcService (ConfUtils.java:logGet(43)) - raft.grpc.flow.control.window = 1MB (=1048576) (default)
2019-09-03 19:26:03,345 [main] INFO  server.RaftServerConfigKeys (ConfUtils.java:logGet(43)) - raft.server.rpc.request.timeout = 3000ms (default)
2019-09-03 19:26:03,345 [main] INFO  server.RaftServerConfigKeys (ConfUtils.java:logGet(43)) - raft.server.storage.dir = [/workdir/hadoop-ozone/integration-test/target/test-dir/MiniOzoneClusterImpl-02951a51-9d93-4f48-8a2f-9f437eec0b3a/datanode-6/data/ratis] (custom)
2019-09-03 19:26:03,347 [main] INFO  hdfs.DFSUtil (DFSUtil.java:httpServerTemplateForNNAndJN(1641)) - Starting Web-server for hddsDatanode at: http://0.0.0.0:0
2019-09-03 19:26:03,348 [main] INFO  server.AuthenticationFilter (AuthenticationFilter.java:constructSecretProvider(240)) - Unable to initialize FileSignerSecretProvider, falling back to use random secrets.
2019-09-03 19:26:03,349 [main] WARN  http.HttpRequestLog (HttpRequestLog.java:getRequestLog(97)) - Jetty request log can only be enabled using Log4j
2019-09-03 19:26:03,351 [main] INFO  http.HttpServer2 (HttpServer2.java:addGlobalFilter(975)) - Added global filter 'safety' (class=org.apache.hadoop.http.HttpServer2$QuotingInputFilter)
2019-09-03 19:26:03,352 [main] INFO  http.HttpServer2 (HttpServer2.java:addFilter(948)) - Added filter static_user_filter (class=org.apache.hadoop.http.lib.StaticUserWebFilter$StaticUserFilter) to context hddsDatanode
2019-09-03 19:26:03,352 [main] INFO  http.HttpServer2 (HttpServer2.java:addFilter(958)) - Added filter static_user_filter (class=org.apache.hadoop.http.lib.StaticUserWebFilter$StaticUserFilter) to context logs
2019-09-03 19:26:03,352 [main] INFO  http.HttpServer2 (HttpServer2.java:addFilter(958)) - Added filter static_user_filter (class=org.apache.hadoop.http.lib.StaticUserWebFilter$StaticUserFilter) to context static
2019-09-03 19:26:03,353 [main] INFO  http.HttpServer2 (HttpServer2.java:bindListener(1191)) - Jetty bound to port 41438
2019-09-03 19:26:03,353 [main] INFO  server.Server (Server.java:doStart(351)) - jetty-9.3.24.v20180605, build timestamp: 2018-06-05T17:11:56Z, git hash: 84205aa28f11a4f31f2a3b86d1bba2cc8ab69827
2019-09-03 19:26:03,355 [main] INFO  handler.ContextHandler (ContextHandler.java:doStart(781)) - Started o.e.j.s.ServletContextHandler@39133244{/logs,file:///workdir/hadoop-ozone/integration-test/target/log,AVAILABLE}
2019-09-03 19:26:03,355 [main] INFO  handler.ContextHandler (ContextHandler.java:doStart(781)) - Started o.e.j.s.ServletContextHandler@5e193ef5{/static,jar:file:/home/user/.m2/repository/org/apache/hadoop/hadoop-hdds-container-service/0.5.0-SNAPSHOT/hadoop-hdds-container-service-0.5.0-SNAPSHOT.jar!/webapps/static,AVAILABLE}
2019-09-03 19:26:03,390 [main] INFO  handler.ContextHandler (ContextHandler.java:doStart(781)) - Started o.e.j.w.WebAppContext@6c2a95d5{/,file:///tmp/jetty-0.0.0.0-41438-hddsDatanode-_-any-7477923700974557556.dir/webapp/,AVAILABLE}{/hddsDatanode}
2019-09-03 19:26:03,391 [main] INFO  server.AbstractConnector (AbstractConnector.java:doStart(278)) - Started ServerConnector@24d8f87a{HTTP/1.1,[http/1.1]}{0.0.0.0:41438}
2019-09-03 19:26:03,395 [main] INFO  server.Server (Server.java:doStart(419)) - Started @593234ms
2019-09-03 19:26:03,395 [main] WARN  impl.MetricsSystemImpl (MetricsSystemImpl.java:register(276)) - Sink prometheus already exists!
2019-09-03 19:26:03,395 [main] INFO  server.BaseHttpServer (BaseHttpServer.java:updateConnectorAddress(215)) - HTTP server of HDDSDATANODE is listening at http://0.0.0.0:41438
2019-09-03 19:26:03,396 [main] INFO  ozone.MiniOzoneClusterImpl (MiniOzoneClusterImpl.java:lambda$waitForClusterToBeReady$0(140)) - Waiting for cluster to be ready. Got 0 of 7 DN Heartbeats.
2019-09-03 19:26:03,397 [org.apache.hadoop.util.JvmPauseMonitor$Monitor@7463b20c] INFO  util.JvmPauseMonitor (JvmPauseMonitor.java:run(188)) - Starting JVM pause monitor
2019-09-03 19:26:03,398 [Datanode State Machine Thread - 0] INFO  datanode.InitDatanodeState (InitDatanodeState.java:persistContainerDatanodeDetails(140)) - DatanodeDetails is persisted to /workdir/hadoop-ozone/integration-test/target/test-dir/MiniOzoneClusterImpl-02951a51-9d93-4f48-8a2f-9f437eec0b3a/datanode-6/meta/datanode.id
2019-09-03 19:26:04,396 [main] INFO  ozone.MiniOzoneClusterImpl (MiniOzoneClusterImpl.java:lambda$waitForClusterToBeReady$0(140)) - Waiting for cluster to be ready. Got 0 of 7 DN Heartbeats.
2019-09-03 19:26:04,993 [Datanode State Machine Thread - 0] INFO  ozoneimpl.OzoneContainer (OzoneContainer.java:start(216)) - Attempting to start container services.
2019-09-03 19:26:04,994 [Datanode State Machine Thread - 0] INFO  ozoneimpl.OzoneContainer (OzoneContainer.java:startContainerScrub(178)) - Background container scanner has been disabled.
2019-09-03 19:26:04,994 [Datanode State Machine Thread - 0] INFO  ratis.XceiverServerRatis (XceiverServerRatis.java:start(393)) - Starting XceiverServerRatis fae74cfc-a3de-49ec-a122-0d29a4d89532 at port 0
2019-09-03 19:26:05,000 [Datanode State Machine Thread - 0] INFO  impl.RaftServerProxy (RaftServerProxy.java:lambda$start$3(299)) - fae74cfc-a3de-49ec-a122-0d29a4d89532: start RPC server
2019-09-03 19:26:05,003 [Datanode State Machine Thread - 0] INFO  server.GrpcService (GrpcService.java:startImpl(149)) - fae74cfc-a3de-49ec-a122-0d29a4d89532: GrpcService started, listening on 0.0.0.0/0.0.0.0:45161
2019-09-03 19:26:05,004 [Datanode State Machine Thread - 0] INFO  ratis.XceiverServerRatis (XceiverServerRatis.java:start(403)) - XceiverServerRatis fae74cfc-a3de-49ec-a122-0d29a4d89532 is started using port 45161
2019-09-03 19:26:05,004 [Datanode State Machine Thread - 0] INFO  server.XceiverServerGrpc (XceiverServerGrpc.java:start(163)) - XceiverServerGrpc fae74cfc-a3de-49ec-a122-0d29a4d89532 is started using port 45947
2019-09-03 19:26:05,075 [Datanode State Machine Thread - 0] INFO  ozoneimpl.OzoneContainer (OzoneContainer.java:start(216)) - Attempting to start container services.
2019-09-03 19:26:05,075 [Datanode State Machine Thread - 0] INFO  ozoneimpl.OzoneContainer (OzoneContainer.java:startContainerScrub(178)) - Background container scanner has been disabled.
2019-09-03 19:26:05,076 [Datanode State Machine Thread - 0] INFO  ratis.XceiverServerRatis (XceiverServerRatis.java:start(393)) - Starting XceiverServerRatis 325e8060-d055-47ec-a514-0af988bd5c40 at port 0
2019-09-03 19:26:05,081 [Datanode State Machine Thread - 0] INFO  impl.RaftServerProxy (RaftServerProxy.java:lambda$start$3(299)) - 325e8060-d055-47ec-a514-0af988bd5c40: start RPC server
2019-09-03 19:26:05,083 [Datanode State Machine Thread - 0] INFO  server.GrpcService (GrpcService.java:startImpl(149)) - 325e8060-d055-47ec-a514-0af988bd5c40: GrpcService started, listening on 0.0.0.0/0.0.0.0:33601
2019-09-03 19:26:05,083 [Datanode State Machine Thread - 0] INFO  ratis.XceiverServerRatis (XceiverServerRatis.java:start(403)) - XceiverServerRatis 325e8060-d055-47ec-a514-0af988bd5c40 is started using port 33601
2019-09-03 19:26:05,084 [Datanode State Machine Thread - 0] INFO  server.XceiverServerGrpc (XceiverServerGrpc.java:start(163)) - XceiverServerGrpc 325e8060-d055-47ec-a514-0af988bd5c40 is started using port 41733
2019-09-03 19:26:05,131 [Datanode State Machine Thread - 0] INFO  ozoneimpl.OzoneContainer (OzoneContainer.java:start(216)) - Attempting to start container services.
2019-09-03 19:26:05,132 [Datanode State Machine Thread - 0] INFO  ozoneimpl.OzoneContainer (OzoneContainer.java:startContainerScrub(178)) - Background container scanner has been disabled.
2019-09-03 19:26:05,132 [Datanode State Machine Thread - 0] INFO  ratis.XceiverServerRatis (XceiverServerRatis.java:start(393)) - Starting XceiverServerRatis a0815a8b-861a-43d7-baa1-c508cc6e5dd8 at port 0
2019-09-03 19:26:05,139 [Datanode State Machine Thread - 0] INFO  impl.RaftServerProxy (RaftServerProxy.java:lambda$start$3(299)) - a0815a8b-861a-43d7-baa1-c508cc6e5dd8: start RPC server
2019-09-03 19:26:05,140 [Datanode State Machine Thread - 0] INFO  server.GrpcService (GrpcService.java:startImpl(149)) - a0815a8b-861a-43d7-baa1-c508cc6e5dd8: GrpcService started, listening on 0.0.0.0/0.0.0.0:41600
2019-09-03 19:26:05,140 [Datanode State Machine Thread - 0] INFO  ratis.XceiverServerRatis (XceiverServerRatis.java:start(403)) - XceiverServerRatis a0815a8b-861a-43d7-baa1-c508cc6e5dd8 is started using port 41600
2019-09-03 19:26:05,140 [Datanode State Machine Thread - 0] INFO  server.XceiverServerGrpc (XceiverServerGrpc.java:start(163)) - XceiverServerGrpc a0815a8b-861a-43d7-baa1-c508cc6e5dd8 is started using port 37792
2019-09-03 19:26:05,195 [Datanode State Machine Thread - 0] INFO  ozoneimpl.OzoneContainer (OzoneContainer.java:start(216)) - Attempting to start container services.
2019-09-03 19:26:05,195 [Datanode State Machine Thread - 0] INFO  ozoneimpl.OzoneContainer (OzoneContainer.java:startContainerScrub(178)) - Background container scanner has been disabled.
2019-09-03 19:26:05,195 [Datanode State Machine Thread - 0] INFO  ratis.XceiverServerRatis (XceiverServerRatis.java:start(393)) - Starting XceiverServerRatis 132c2cee-ba09-4dde-896e-8618e1396401 at port 0
2019-09-03 19:26:05,200 [Datanode State Machine Thread - 0] INFO  impl.RaftServerProxy (RaftServerProxy.java:lambda$start$3(299)) - 132c2cee-ba09-4dde-896e-8618e1396401: start RPC server
2019-09-03 19:26:05,201 [Datanode State Machine Thread - 0] INFO  server.GrpcService (GrpcService.java:startImpl(149)) - 132c2cee-ba09-4dde-896e-8618e1396401: GrpcService started, listening on 0.0.0.0/0.0.0.0:41632
2019-09-03 19:26:05,201 [Datanode State Machine Thread - 0] INFO  ratis.XceiverServerRatis (XceiverServerRatis.java:start(403)) - XceiverServerRatis 132c2cee-ba09-4dde-896e-8618e1396401 is started using port 41632
2019-09-03 19:26:05,201 [Datanode State Machine Thread - 0] INFO  server.XceiverServerGrpc (XceiverServerGrpc.java:start(163)) - XceiverServerGrpc 132c2cee-ba09-4dde-896e-8618e1396401 is started using port 43758
2019-09-03 19:26:05,261 [Datanode State Machine Thread - 0] INFO  ozoneimpl.OzoneContainer (OzoneContainer.java:start(216)) - Attempting to start container services.
2019-09-03 19:26:05,261 [Datanode State Machine Thread - 0] INFO  ozoneimpl.OzoneContainer (OzoneContainer.java:startContainerScrub(178)) - Background container scanner has been disabled.
2019-09-03 19:26:05,261 [Datanode State Machine Thread - 0] INFO  ratis.XceiverServerRatis (XceiverServerRatis.java:start(393)) - Starting XceiverServerRatis 842067f9-d964-4704-9fac-339bb292f0b1 at port 0
2019-09-03 19:26:05,267 [Datanode State Machine Thread - 0] INFO  impl.RaftServerProxy (RaftServerProxy.java:lambda$start$3(299)) - 842067f9-d964-4704-9fac-339bb292f0b1: start RPC server
2019-09-03 19:26:05,267 [Datanode State Machine Thread - 0] INFO  server.GrpcService (GrpcService.java:startImpl(149)) - 842067f9-d964-4704-9fac-339bb292f0b1: GrpcService started, listening on 0.0.0.0/0.0.0.0:44903
2019-09-03 19:26:05,268 [Datanode State Machine Thread - 0] INFO  ratis.XceiverServerRatis (XceiverServerRatis.java:start(403)) - XceiverServerRatis 842067f9-d964-4704-9fac-339bb292f0b1 is started using port 44903
2019-09-03 19:26:05,276 [Datanode State Machine Thread - 0] INFO  server.XceiverServerGrpc (XceiverServerGrpc.java:start(163)) - XceiverServerGrpc 842067f9-d964-4704-9fac-339bb292f0b1 is started using port 33768
2019-09-03 19:26:05,329 [Datanode State Machine Thread - 0] INFO  ozoneimpl.OzoneContainer (OzoneContainer.java:start(216)) - Attempting to start container services.
2019-09-03 19:26:05,329 [Datanode State Machine Thread - 0] INFO  ozoneimpl.OzoneContainer (OzoneContainer.java:startContainerScrub(178)) - Background container scanner has been disabled.
2019-09-03 19:26:05,330 [Datanode State Machine Thread - 0] INFO  ratis.XceiverServerRatis (XceiverServerRatis.java:start(393)) - Starting XceiverServerRatis dd8cfd05-4000-4955-ac1a-45b85b415652 at port 0
2019-09-03 19:26:05,335 [Datanode State Machine Thread - 0] INFO  impl.RaftServerProxy (RaftServerProxy.java:lambda$start$3(299)) - dd8cfd05-4000-4955-ac1a-45b85b415652: start RPC server
2019-09-03 19:26:05,335 [Datanode State Machine Thread - 0] INFO  server.GrpcService (GrpcService.java:startImpl(149)) - dd8cfd05-4000-4955-ac1a-45b85b415652: GrpcService started, listening on 0.0.0.0/0.0.0.0:33102
2019-09-03 19:26:05,335 [Datanode State Machine Thread - 0] INFO  ratis.XceiverServerRatis (XceiverServerRatis.java:start(403)) - XceiverServerRatis dd8cfd05-4000-4955-ac1a-45b85b415652 is started using port 33102
2019-09-03 19:26:05,336 [Datanode State Machine Thread - 0] INFO  server.XceiverServerGrpc (XceiverServerGrpc.java:start(163)) - XceiverServerGrpc dd8cfd05-4000-4955-ac1a-45b85b415652 is started using port 36842
2019-09-03 19:26:05,397 [main] INFO  ozone.MiniOzoneClusterImpl (MiniOzoneClusterImpl.java:lambda$waitForClusterToBeReady$0(140)) - Waiting for cluster to be ready. Got 0 of 7 DN Heartbeats.
2019-09-03 19:26:05,411 [Datanode State Machine Thread - 0] INFO  ozoneimpl.OzoneContainer (OzoneContainer.java:start(216)) - Attempting to start container services.
2019-09-03 19:26:05,411 [Datanode State Machine Thread - 0] INFO  ozoneimpl.OzoneContainer (OzoneContainer.java:startContainerScrub(178)) - Background container scanner has been disabled.
2019-09-03 19:26:05,411 [Datanode State Machine Thread - 0] INFO  ratis.XceiverServerRatis (XceiverServerRatis.java:start(393)) - Starting XceiverServerRatis 243df66c-4ee7-4dc6-a4d1-401ff0e2c7f3 at port 0
2019-09-03 19:26:05,417 [Datanode State Machine Thread - 0] INFO  impl.RaftServerProxy (RaftServerProxy.java:lambda$start$3(299)) - 243df66c-4ee7-4dc6-a4d1-401ff0e2c7f3: start RPC server
2019-09-03 19:26:05,418 [Datanode State Machine Thread - 0] INFO  server.GrpcService (GrpcService.java:startImpl(149)) - 243df66c-4ee7-4dc6-a4d1-401ff0e2c7f3: GrpcService started, listening on 0.0.0.0/0.0.0.0:46193
2019-09-03 19:26:05,418 [Datanode State Machine Thread - 0] INFO  ratis.XceiverServerRatis (XceiverServerRatis.java:start(403)) - XceiverServerRatis 243df66c-4ee7-4dc6-a4d1-401ff0e2c7f3 is started using port 46193
2019-09-03 19:26:05,419 [Datanode State Machine Thread - 0] INFO  server.XceiverServerGrpc (XceiverServerGrpc.java:start(163)) - XceiverServerGrpc 243df66c-4ee7-4dc6-a4d1-401ff0e2c7f3 is started using port 35194
2019-09-03 19:26:06,397 [main] INFO  ozone.MiniOzoneClusterImpl (MiniOzoneClusterImpl.java:lambda$waitForClusterToBeReady$0(140)) - Waiting for cluster to be ready. Got 0 of 7 DN Heartbeats.
2019-09-03 19:26:06,977 [IPC Server handler 3 on 44940] INFO  net.NetworkTopology (NetworkTopologyImpl.java:add(110)) - Added a new node: /default-rack/fae74cfc-a3de-49ec-a122-0d29a4d89532
2019-09-03 19:26:06,979 [IPC Server handler 3 on 44940] INFO  node.SCMNodeManager (SCMNodeManager.java:register(266)) - Registered Data node : fae74cfc-a3de-49ec-a122-0d29a4d89532{ip: 192.168.36.111, host: pr-hdds-1200-xgh2h-450883189, networkLocation: /default-rack, certSerialId: null}
2019-09-03 19:26:06,980 [EventQueue-NodeRegistrationContainerReportForDataNodeSafeModeRule] INFO  safemode.SCMSafeModeManager (DataNodeSafeModeRule.java:process(71)) - SCM in safe mode. 1 DataNodes registered, 1 required.
2019-09-03 19:26:06,983 [EventQueue-NodeRegistrationContainerReportForDataNodeSafeModeRule] INFO  safemode.SCMSafeModeManager (SCMSafeModeManager.java:validateSafeModeExitRules(177)) - ScmSafeModeManager, all rules are successfully validated
2019-09-03 19:26:06,983 [EventQueue-NodeRegistrationContainerReportForDataNodeSafeModeRule] INFO  safemode.SCMSafeModeManager (SCMSafeModeManager.java:exitSafeMode(193)) - SCM exiting safe mode.
2019-09-03 19:26:07,009 [grpc-default-executor-5] INFO  impl.RaftServerProxy (RaftServerProxy.java:addNew(89)) - fae74cfc-a3de-49ec-a122-0d29a4d89532: addNew group-C246AF215228:[fae74cfc-a3de-49ec-a122-0d29a4d89532:192.168.36.111:45161] returns group-C246AF215228:java.util.concurrent.CompletableFuture@fe0c428[Not completed]
2019-09-03 19:26:07,010 [pool-409-thread-1] INFO  impl.RaftServerImpl (RaftServerImpl.java:<init>(93)) - fae74cfc-a3de-49ec-a122-0d29a4d89532: new RaftServerImpl for group-C246AF215228:[fae74cfc-a3de-49ec-a122-0d29a4d89532:192.168.36.111:45161] with ContainerStateMachine:uninitialized
2019-09-03 19:26:07,011 [pool-409-thread-1] INFO  server.RaftServerConfigKeys (ConfUtils.java:logGet(43)) - raft.server.rpc.timeout.min = 5s (custom)
2019-09-03 19:26:07,011 [pool-409-thread-1] INFO  server.RaftServerConfigKeys (ConfUtils.java:logGet(43)) - raft.server.rpc.timeout.max = 5200ms (custom)
2019-09-03 19:26:07,011 [pool-409-thread-1] INFO  server.RaftServerConfigKeys (ConfUtils.java:logGet(43)) - raft.server.rpcslowness.timeout = 120s (custom)
2019-09-03 19:26:07,011 [pool-409-thread-1] INFO  server.RaftServerConfigKeys (ConfUtils.java:logGet(43)) - raft.server.sleep.deviation.threshold = 300 (default)
2019-09-03 19:26:07,011 [pool-409-thread-1] INFO  server.RaftServerConfigKeys (ConfUtils.java:logGet(43)) - raft.server.log.appender.install.snapshot.enabled = false (custom)
2019-09-03 19:26:07,012 [pool-409-thread-1] INFO  impl.RaftServerImpl (ServerState.java:<init>(105)) - fae74cfc-a3de-49ec-a122-0d29a4d89532:group-C246AF215228 ConfigurationManager, init=-1: [fae74cfc-a3de-49ec-a122-0d29a4d89532:192.168.36.111:45161], old=null, confs=<EMPTY_MAP>
2019-09-03 19:26:07,012 [pool-409-thread-1] INFO  server.RaftServerConfigKeys (ConfUtils.java:logGet(43)) - raft.server.storage.dir = [/workdir/hadoop-ozone/integration-test/target/test-dir/MiniOzoneClusterImpl-02951a51-9d93-4f48-8a2f-9f437eec0b3a/datanode-0/data/ratis] (custom)
2019-09-03 19:26:07,012 [pool-409-thread-1] INFO  storage.RaftStorageDirectory (RaftStorageDirectory.java:analyzeStorage(246)) - The storage directory /workdir/hadoop-ozone/integration-test/target/test-dir/MiniOzoneClusterImpl-02951a51-9d93-4f48-8a2f-9f437eec0b3a/datanode-0/data/ratis/3b993dc2-8242-4f99-b9d2-c246af215228 does not exist. Creating ...
2019-09-03 19:26:07,026 [pool-409-thread-1] INFO  storage.RaftStorageDirectory (RaftStorageDirectory.java:tryLock(328)) - Lock on /workdir/hadoop-ozone/integration-test/target/test-dir/MiniOzoneClusterImpl-02951a51-9d93-4f48-8a2f-9f437eec0b3a/datanode-0/data/ratis/3b993dc2-8242-4f99-b9d2-c246af215228/in_use.lock acquired by nodename 23079@pr-hdds-1200-xgh2h-450883189
2019-09-03 19:26:07,039 [pool-409-thread-1] INFO  storage.RaftStorage (RaftStorage.java:format(72)) - Storage directory /workdir/hadoop-ozone/integration-test/target/test-dir/MiniOzoneClusterImpl-02951a51-9d93-4f48-8a2f-9f437eec0b3a/datanode-0/data/ratis/3b993dc2-8242-4f99-b9d2-c246af215228 has been successfully formatted.
2019-09-03 19:26:07,039 [pool-409-thread-1] INFO  ratis.ContainerStateMachine (ContainerStateMachine.java:loadSnapshot(227)) - group-C246AF215228: The snapshot info is null. Setting the last applied indexto:(t:0, i:~)
2019-09-03 19:26:07,039 [pool-409-thread-1] INFO  server.RaftServerConfigKeys (ConfUtils.java:logGet(43)) - raft.server.leader.election.timeout = 120s (custom)
2019-09-03 19:26:07,039 [pool-409-thread-1] INFO  server.RaftServerConfigKeys (ConfUtils.java:logGet(43)) - raft.server.log.use.memory = false (default)
2019-09-03 19:26:07,040 [pool-409-thread-1] INFO  server.RaftServerConfigKeys (ConfUtils.java:logGet(43)) - raft.server.log.purge.gap = 1000000 (custom)
2019-09-03 19:26:07,040 [pool-409-thread-1] INFO  server.RaftServerConfigKeys (ConfUtils.java:logGet(43)) - raft.server.log.appender.buffer.byte-limit = 33554432 (custom)
2019-09-03 19:26:07,040 [pool-409-thread-1] INFO  server.RaftServerConfigKeys (ConfUtils.java:logGet(43)) - raft.server.log.segment.size.max = 1048576 (custom)
2019-09-03 19:26:07,040 [pool-409-thread-1] INFO  server.RaftServerConfigKeys (ConfUtils.java:logGet(43)) - raft.server.log.segment.cache.num.max = 2 (custom)
2019-09-03 19:26:07,040 [pool-409-thread-1] INFO  segmented.SegmentedRaftLogWorker (SegmentedRaftLogWorker.java:<init>(172)) - new fae74cfc-a3de-49ec-a122-0d29a4d89532-SegmentedRaftLogWorker:Storage Directory /workdir/hadoop-ozone/integration-test/target/test-dir/MiniOzoneClusterImpl-02951a51-9d93-4f48-8a2f-9f437eec0b3a/datanode-0/data/ratis/3b993dc2-8242-4f99-b9d2-c246af215228 for RaftStorage:Storage Directory /workdir/hadoop-ozone/integration-test/target/test-dir/MiniOzoneClusterImpl-02951a51-9d93-4f48-8a2f-9f437eec0b3a/datanode-0/data/ratis/3b993dc2-8242-4f99-b9d2-c246af215228
2019-09-03 19:26:07,041 [pool-409-thread-1] INFO  server.RaftServerConfigKeys (ConfUtils.java:logGet(43)) - raft.server.log.queue.byte-limit = 2147483647 (custom)
2019-09-03 19:26:07,041 [pool-409-thread-1] INFO  server.RaftServerConfigKeys (ConfUtils.java:logGet(43)) - raft.server.log.queue.element-limit = 1024 (custom)
2019-09-03 19:26:07,041 [pool-409-thread-1] INFO  server.RaftServerConfigKeys (ConfUtils.java:logGet(43)) - raft.server.log.segment.size.max = 1048576 (custom)
2019-09-03 19:26:07,041 [pool-409-thread-1] INFO  server.RaftServerConfigKeys (ConfUtils.java:logGet(43)) - raft.server.log.preallocated.size = 16384 (custom)
2019-09-03 19:26:07,041 [pool-409-thread-1] INFO  server.RaftServerConfigKeys (ConfUtils.java:logGet(43)) - raft.server.log.write.buffer.size = 33554432 (custom)
2019-09-03 19:26:07,042 [pool-409-thread-1] INFO  server.RaftServerConfigKeys (ConfUtils.java:logGet(43)) - raft.server.log.force.sync.num = 128 (default)
2019-09-03 19:26:07,042 [pool-409-thread-1] INFO  server.RaftServerConfigKeys (ConfUtils.java:logGet(43)) - raft.server.log.statemachine.data.sync = true (default)
2019-09-03 19:26:07,042 [pool-409-thread-1] INFO  server.RaftServerConfigKeys (ConfUtils.java:logGet(43)) - raft.server.log.statemachine.data.sync.timeout = 10s (default)
2019-09-03 19:26:07,042 [pool-409-thread-1] INFO  server.RaftServerConfigKeys (ConfUtils.java:logGet(43)) - raft.server.log.statemachine.data.sync.timeout.retry = -1 (default)
2019-09-03 19:26:07,043 [pool-409-thread-1] INFO  server.RaftServerConfigKeys (ConfUtils.java:logGet(43)) - raft.server.log.statemachine.data.caching.enabled = true (custom)
2019-09-03 19:26:07,043 [pool-409-thread-1] INFO  segmented.SegmentedRaftLogWorker (SegmentedRaftLogWorker.java:lambda$new$0(132)) - fae74cfc-a3de-49ec-a122-0d29a4d89532-SegmentedRaftLogWorker:Storage Directory /workdir/hadoop-ozone/integration-test/target/test-dir/MiniOzoneClusterImpl-02951a51-9d93-4f48-8a2f-9f437eec0b3a/datanode-0/data/ratis/3b993dc2-8242-4f99-b9d2-c246af215228: flushIndex: setUnconditionally 0 -> -1
2019-09-03 19:26:07,043 [pool-409-thread-1] INFO  server.RaftServerConfigKeys (ConfUtils.java:logGet(43)) - raft.server.snapshot.auto.trigger.enabled = true (custom)
2019-09-03 19:26:07,044 [pool-409-thread-1] INFO  server.RaftServerConfigKeys (ConfUtils.java:logGet(43)) - raft.server.snapshot.auto.trigger.threshold = 10000 (custom)
2019-09-03 19:26:07,044 [pool-409-thread-1] INFO  server.RaftServerConfigKeys (ConfUtils.java:logGet(43)) - raft.server.retrycache.expirytime = 600000ms (custom)
2019-09-03 19:26:07,044 [pool-409-thread-1] INFO  impl.RaftServerImpl (RaftServerImpl.java:start(180)) - fae74cfc-a3de-49ec-a122-0d29a4d89532: start group-C246AF215228
2019-09-03 19:26:07,044 [pool-409-thread-1] INFO  impl.RaftServerImpl (RaftServerImpl.java:setRole(171)) - fae74cfc-a3de-49ec-a122-0d29a4d89532:group-C246AF215228 changes role from null to FOLLOWER at term 0 for startAsFollower
2019-09-03 19:26:07,044 [pool-409-thread-1] INFO  impl.RoleInfo (RoleInfo.java:updateAndGet(143)) - fae74cfc-a3de-49ec-a122-0d29a4d89532: start FollowerState
2019-09-03 19:26:07,045 [pool-409-thread-1] INFO  util.JmxRegister (JmxRegister.java:tryRegister(44)) - Successfully registered JMX Bean with object name Ratis:service=RaftServer,group=group-C246AF215228,id=fae74cfc-a3de-49ec-a122-0d29a4d89532
2019-09-03 19:26:07,051 [RatisPipelineUtilsThread] INFO  pipeline.PipelineStateManager (PipelineStateManager.java:addPipeline(56)) - Created pipeline Pipeline[ Id: 3b993dc2-8242-4f99-b9d2-c246af215228, Nodes: fae74cfc-a3de-49ec-a122-0d29a4d89532{ip: 192.168.36.111, host: pr-hdds-1200-xgh2h-450883189, networkLocation: /default-rack, certSerialId: null}, Type:RATIS, Factor:ONE, State:OPEN]
2019-09-03 19:26:07,053 [IPC Server handler 1 on 44940] INFO  net.NetworkTopology (NetworkTopologyImpl.java:add(110)) - Added a new node: /default-rack/325e8060-d055-47ec-a514-0af988bd5c40
2019-09-03 19:26:07,053 [IPC Server handler 1 on 44940] INFO  node.SCMNodeManager (SCMNodeManager.java:register(266)) - Registered Data node : 325e8060-d055-47ec-a514-0af988bd5c40{ip: 192.168.36.111, host: pr-hdds-1200-xgh2h-450883189, networkLocation: /default-rack, certSerialId: null}
2019-09-03 19:26:07,074 [grpc-default-executor-5] INFO  impl.RaftServerProxy (RaftServerProxy.java:addNew(89)) - 325e8060-d055-47ec-a514-0af988bd5c40: addNew group-1EC1A5EAFBA1:[325e8060-d055-47ec-a514-0af988bd5c40:192.168.36.111:33601] returns group-1EC1A5EAFBA1:java.util.concurrent.CompletableFuture@2b97f36f[Not completed]
2019-09-03 19:26:07,076 [pool-419-thread-1] INFO  impl.RaftServerImpl (RaftServerImpl.java:<init>(93)) - 325e8060-d055-47ec-a514-0af988bd5c40: new RaftServerImpl for group-1EC1A5EAFBA1:[325e8060-d055-47ec-a514-0af988bd5c40:192.168.36.111:33601] with ContainerStateMachine:uninitialized
2019-09-03 19:26:07,076 [pool-419-thread-1] INFO  server.RaftServerConfigKeys (ConfUtils.java:logGet(43)) - raft.server.rpc.timeout.min = 5s (custom)
2019-09-03 19:26:07,076 [pool-419-thread-1] INFO  server.RaftServerConfigKeys (ConfUtils.java:logGet(43)) - raft.server.rpc.timeout.max = 5200ms (custom)
2019-09-03 19:26:07,076 [pool-419-thread-1] INFO  server.RaftServerConfigKeys (ConfUtils.java:logGet(43)) - raft.server.rpcslowness.timeout = 120s (custom)
2019-09-03 19:26:07,076 [pool-419-thread-1] INFO  server.RaftServerConfigKeys (ConfUtils.java:logGet(43)) - raft.server.sleep.deviation.threshold = 300 (default)
2019-09-03 19:26:07,076 [pool-419-thread-1] INFO  server.RaftServerConfigKeys (ConfUtils.java:logGet(43)) - raft.server.log.appender.install.snapshot.enabled = false (custom)
2019-09-03 19:26:07,077 [pool-419-thread-1] INFO  impl.RaftServerImpl (ServerState.java:<init>(105)) - 325e8060-d055-47ec-a514-0af988bd5c40:group-1EC1A5EAFBA1 ConfigurationManager, init=-1: [325e8060-d055-47ec-a514-0af988bd5c40:192.168.36.111:33601], old=null, confs=<EMPTY_MAP>
2019-09-03 19:26:07,077 [pool-419-thread-1] INFO  server.RaftServerConfigKeys (ConfUtils.java:logGet(43)) - raft.server.storage.dir = [/workdir/hadoop-ozone/integration-test/target/test-dir/MiniOzoneClusterImpl-02951a51-9d93-4f48-8a2f-9f437eec0b3a/datanode-1/data/ratis] (custom)
2019-09-03 19:26:07,077 [pool-419-thread-1] INFO  storage.RaftStorageDirectory (RaftStorageDirectory.java:analyzeStorage(246)) - The storage directory /workdir/hadoop-ozone/integration-test/target/test-dir/MiniOzoneClusterImpl-02951a51-9d93-4f48-8a2f-9f437eec0b3a/datanode-1/data/ratis/4a327fb2-1aad-412a-ac0d-1ec1a5eafba1 does not exist. Creating ...
2019-09-03 19:26:07,091 [pool-419-thread-1] INFO  storage.RaftStorageDirectory (RaftStorageDirectory.java:tryLock(328)) - Lock on /workdir/hadoop-ozone/integration-test/target/test-dir/MiniOzoneClusterImpl-02951a51-9d93-4f48-8a2f-9f437eec0b3a/datanode-1/data/ratis/4a327fb2-1aad-412a-ac0d-1ec1a5eafba1/in_use.lock acquired by nodename 23079@pr-hdds-1200-xgh2h-450883189
2019-09-03 19:26:07,105 [pool-419-thread-1] INFO  storage.RaftStorage (RaftStorage.java:format(72)) - Storage directory /workdir/hadoop-ozone/integration-test/target/test-dir/MiniOzoneClusterImpl-02951a51-9d93-4f48-8a2f-9f437eec0b3a/datanode-1/data/ratis/4a327fb2-1aad-412a-ac0d-1ec1a5eafba1 has been successfully formatted.
2019-09-03 19:26:07,105 [pool-419-thread-1] INFO  ratis.ContainerStateMachine (ContainerStateMachine.java:loadSnapshot(227)) - group-1EC1A5EAFBA1: The snapshot info is null. Setting the last applied indexto:(t:0, i:~)
2019-09-03 19:26:07,105 [pool-419-thread-1] INFO  server.RaftServerConfigKeys (ConfUtils.java:logGet(43)) - raft.server.leader.election.timeout = 120s (custom)
2019-09-03 19:26:07,105 [pool-419-thread-1] INFO  server.RaftServerConfigKeys (ConfUtils.java:logGet(43)) - raft.server.log.use.memory = false (default)
2019-09-03 19:26:07,105 [pool-419-thread-1] INFO  server.RaftServerConfigKeys (ConfUtils.java:logGet(43)) - raft.server.log.purge.gap = 1000000 (custom)
2019-09-03 19:26:07,106 [pool-419-thread-1] INFO  server.RaftServerConfigKeys (ConfUtils.java:logGet(43)) - raft.server.log.appender.buffer.byte-limit = 33554432 (custom)
2019-09-03 19:26:07,106 [pool-419-thread-1] INFO  server.RaftServerConfigKeys (ConfUtils.java:logGet(43)) - raft.server.log.segment.size.max = 1048576 (custom)
2019-09-03 19:26:07,106 [pool-419-thread-1] INFO  server.RaftServerConfigKeys (ConfUtils.java:logGet(43)) - raft.server.log.segment.cache.num.max = 2 (custom)
2019-09-03 19:26:07,106 [pool-419-thread-1] INFO  segmented.SegmentedRaftLogWorker (SegmentedRaftLogWorker.java:<init>(172)) - new 325e8060-d055-47ec-a514-0af988bd5c40-SegmentedRaftLogWorker:Storage Directory /workdir/hadoop-ozone/integration-test/target/test-dir/MiniOzoneClusterImpl-02951a51-9d93-4f48-8a2f-9f437eec0b3a/datanode-1/data/ratis/4a327fb2-1aad-412a-ac0d-1ec1a5eafba1 for RaftStorage:Storage Directory /workdir/hadoop-ozone/integration-test/target/test-dir/MiniOzoneClusterImpl-02951a51-9d93-4f48-8a2f-9f437eec0b3a/datanode-1/data/ratis/4a327fb2-1aad-412a-ac0d-1ec1a5eafba1
2019-09-03 19:26:07,106 [pool-419-thread-1] INFO  server.RaftServerConfigKeys (ConfUtils.java:logGet(43)) - raft.server.log.queue.byte-limit = 2147483647 (custom)
2019-09-03 19:26:07,106 [pool-419-thread-1] INFO  server.RaftServerConfigKeys (ConfUtils.java:logGet(43)) - raft.server.log.queue.element-limit = 1024 (custom)
2019-09-03 19:26:07,106 [pool-419-thread-1] INFO  server.RaftServerConfigKeys (ConfUtils.java:logGet(43)) - raft.server.log.segment.size.max = 1048576 (custom)
2019-09-03 19:26:07,107 [pool-419-thread-1] INFO  server.RaftServerConfigKeys (ConfUtils.java:logGet(43)) - raft.server.log.preallocated.size = 16384 (custom)
2019-09-03 19:26:07,107 [pool-419-thread-1] INFO  server.RaftServerConfigKeys (ConfUtils.java:logGet(43)) - raft.server.log.write.buffer.size = 33554432 (custom)
2019-09-03 19:26:07,107 [pool-419-thread-1] INFO  server.RaftServerConfigKeys (ConfUtils.java:logGet(43)) - raft.server.log.force.sync.num = 128 (default)
2019-09-03 19:26:07,107 [pool-419-thread-1] INFO  server.RaftServerConfigKeys (ConfUtils.java:logGet(43)) - raft.server.log.statemachine.data.sync = true (default)
2019-09-03 19:26:07,107 [pool-419-thread-1] INFO  server.RaftServerConfigKeys (ConfUtils.java:logGet(43)) - raft.server.log.statemachine.data.sync.timeout = 10s (default)
2019-09-03 19:26:07,107 [pool-419-thread-1] INFO  server.RaftServerConfigKeys (ConfUtils.java:logGet(43)) - raft.server.log.statemachine.data.sync.timeout.retry = -1 (default)
2019-09-03 19:26:07,108 [pool-419-thread-1] INFO  server.RaftServerConfigKeys (ConfUtils.java:logGet(43)) - raft.server.log.statemachine.data.caching.enabled = true (custom)
2019-09-03 19:26:07,108 [pool-419-thread-1] INFO  segmented.SegmentedRaftLogWorker (SegmentedRaftLogWorker.java:lambda$new$0(132)) - 325e8060-d055-47ec-a514-0af988bd5c40-SegmentedRaftLogWorker:Storage Directory /workdir/hadoop-ozone/integration-test/target/test-dir/MiniOzoneClusterImpl-02951a51-9d93-4f48-8a2f-9f437eec0b3a/datanode-1/data/ratis/4a327fb2-1aad-412a-ac0d-1ec1a5eafba1: flushIndex: setUnconditionally 0 -> -1
2019-09-03 19:26:07,108 [pool-419-thread-1] INFO  server.RaftServerConfigKeys (ConfUtils.java:logGet(43)) - raft.server.snapshot.auto.trigger.enabled = true (custom)
2019-09-03 19:26:07,109 [pool-419-thread-1] INFO  server.RaftServerConfigKeys (ConfUtils.java:logGet(43)) - raft.server.snapshot.auto.trigger.threshold = 10000 (custom)
2019-09-03 19:26:07,109 [pool-419-thread-1] INFO  server.RaftServerConfigKeys (ConfUtils.java:logGet(43)) - raft.server.retrycache.expirytime = 600000ms (custom)
2019-09-03 19:26:07,109 [pool-419-thread-1] INFO  impl.RaftServerImpl (RaftServerImpl.java:start(180)) - 325e8060-d055-47ec-a514-0af988bd5c40: start group-1EC1A5EAFBA1
2019-09-03 19:26:07,109 [pool-419-thread-1] INFO  impl.RaftServerImpl (RaftServerImpl.java:setRole(171)) - 325e8060-d055-47ec-a514-0af988bd5c40:group-1EC1A5EAFBA1 changes role from null to FOLLOWER at term 0 for startAsFollower
2019-09-03 19:26:07,109 [pool-419-thread-1] INFO  impl.RoleInfo (RoleInfo.java:updateAndGet(143)) - 325e8060-d055-47ec-a514-0af988bd5c40: start FollowerState
2019-09-03 19:26:07,110 [pool-419-thread-1] INFO  util.JmxRegister (JmxRegister.java:tryRegister(44)) - Successfully registered JMX Bean with object name Ratis:service=RaftServer,group=group-1EC1A5EAFBA1,id=325e8060-d055-47ec-a514-0af988bd5c40
2019-09-03 19:26:07,116 [RatisPipelineUtilsThread] INFO  pipeline.PipelineStateManager (PipelineStateManager.java:addPipeline(56)) - Created pipeline Pipeline[ Id: 4a327fb2-1aad-412a-ac0d-1ec1a5eafba1, Nodes: 325e8060-d055-47ec-a514-0af988bd5c40{ip: 192.168.36.111, host: pr-hdds-1200-xgh2h-450883189, networkLocation: /default-rack, certSerialId: null}, Type:RATIS, Factor:ONE, State:OPEN]
2019-09-03 19:26:07,119 [IPC Server handler 4 on 44940] INFO  net.NetworkTopology (NetworkTopologyImpl.java:add(110)) - Added a new node: /default-rack/a0815a8b-861a-43d7-baa1-c508cc6e5dd8
2019-09-03 19:26:07,119 [IPC Server handler 4 on 44940] INFO  node.SCMNodeManager (SCMNodeManager.java:register(266)) - Registered Data node : a0815a8b-861a-43d7-baa1-c508cc6e5dd8{ip: 192.168.36.111, host: pr-hdds-1200-xgh2h-450883189, networkLocation: /default-rack, certSerialId: null}
2019-09-03 19:26:07,125 [grpc-default-executor-5] INFO  impl.RaftServerProxy (RaftServerProxy.java:addNew(89)) - a0815a8b-861a-43d7-baa1-c508cc6e5dd8: addNew group-3F0C3D9A658E:[a0815a8b-861a-43d7-baa1-c508cc6e5dd8:192.168.36.111:41600] returns group-3F0C3D9A658E:java.util.concurrent.CompletableFuture@2e55b378[Not completed]
2019-09-03 19:26:07,126 [pool-429-thread-1] INFO  impl.RaftServerImpl (RaftServerImpl.java:<init>(93)) - a0815a8b-861a-43d7-baa1-c508cc6e5dd8: new RaftServerImpl for group-3F0C3D9A658E:[a0815a8b-861a-43d7-baa1-c508cc6e5dd8:192.168.36.111:41600] with ContainerStateMachine:uninitialized
2019-09-03 19:26:07,126 [pool-429-thread-1] INFO  server.RaftServerConfigKeys (ConfUtils.java:logGet(43)) - raft.server.rpc.timeout.min = 5s (custom)
2019-09-03 19:26:07,126 [pool-429-thread-1] INFO  server.RaftServerConfigKeys (ConfUtils.java:logGet(43)) - raft.server.rpc.timeout.max = 5200ms (custom)
2019-09-03 19:26:07,126 [pool-429-thread-1] INFO  server.RaftServerConfigKeys (ConfUtils.java:logGet(43)) - raft.server.rpcslowness.timeout = 120s (custom)
2019-09-03 19:26:07,126 [pool-429-thread-1] INFO  server.RaftServerConfigKeys (ConfUtils.java:logGet(43)) - raft.server.sleep.deviation.threshold = 300 (default)
2019-09-03 19:26:07,127 [pool-429-thread-1] INFO  server.RaftServerConfigKeys (ConfUtils.java:logGet(43)) - raft.server.log.appender.install.snapshot.enabled = false (custom)
2019-09-03 19:26:07,127 [pool-429-thread-1] INFO  impl.RaftServerImpl (ServerState.java:<init>(105)) - a0815a8b-861a-43d7-baa1-c508cc6e5dd8:group-3F0C3D9A658E ConfigurationManager, init=-1: [a0815a8b-861a-43d7-baa1-c508cc6e5dd8:192.168.36.111:41600], old=null, confs=<EMPTY_MAP>
2019-09-03 19:26:07,127 [pool-429-thread-1] INFO  server.RaftServerConfigKeys (ConfUtils.java:logGet(43)) - raft.server.storage.dir = [/workdir/hadoop-ozone/integration-test/target/test-dir/MiniOzoneClusterImpl-02951a51-9d93-4f48-8a2f-9f437eec0b3a/datanode-2/data/ratis] (custom)
2019-09-03 19:26:07,127 [pool-429-thread-1] INFO  storage.RaftStorageDirectory (RaftStorageDirectory.java:analyzeStorage(246)) - The storage directory /workdir/hadoop-ozone/integration-test/target/test-dir/MiniOzoneClusterImpl-02951a51-9d93-4f48-8a2f-9f437eec0b3a/datanode-2/data/ratis/d8a7926e-ade3-4d16-a91b-3f0c3d9a658e does not exist. Creating ...
2019-09-03 19:26:07,140 [pool-429-thread-1] INFO  storage.RaftStorageDirectory (RaftStorageDirectory.java:tryLock(328)) - Lock on /workdir/hadoop-ozone/integration-test/target/test-dir/MiniOzoneClusterImpl-02951a51-9d93-4f48-8a2f-9f437eec0b3a/datanode-2/data/ratis/d8a7926e-ade3-4d16-a91b-3f0c3d9a658e/in_use.lock acquired by nodename 23079@pr-hdds-1200-xgh2h-450883189
2019-09-03 19:26:07,153 [pool-429-thread-1] INFO  storage.RaftStorage (RaftStorage.java:format(72)) - Storage directory /workdir/hadoop-ozone/integration-test/target/test-dir/MiniOzoneClusterImpl-02951a51-9d93-4f48-8a2f-9f437eec0b3a/datanode-2/data/ratis/d8a7926e-ade3-4d16-a91b-3f0c3d9a658e has been successfully formatted.
2019-09-03 19:26:07,153 [pool-429-thread-1] INFO  ratis.ContainerStateMachine (ContainerStateMachine.java:loadSnapshot(227)) - group-3F0C3D9A658E: The snapshot info is null. Setting the last applied indexto:(t:0, i:~)
2019-09-03 19:26:07,154 [pool-429-thread-1] INFO  server.RaftServerConfigKeys (ConfUtils.java:logGet(43)) - raft.server.leader.election.timeout = 120s (custom)
2019-09-03 19:26:07,154 [pool-429-thread-1] INFO  server.RaftServerConfigKeys (ConfUtils.java:logGet(43)) - raft.server.log.use.memory = false (default)
2019-09-03 19:26:07,154 [pool-429-thread-1] INFO  server.RaftServerConfigKeys (ConfUtils.java:logGet(43)) - raft.server.log.purge.gap = 1000000 (custom)
2019-09-03 19:26:07,154 [pool-429-thread-1] INFO  server.RaftServerConfigKeys (ConfUtils.java:logGet(43)) - raft.server.log.appender.buffer.byte-limit = 33554432 (custom)
2019-09-03 19:26:07,154 [pool-429-thread-1] INFO  server.RaftServerConfigKeys (ConfUtils.java:logGet(43)) - raft.server.log.segment.size.max = 1048576 (custom)
2019-09-03 19:26:07,154 [pool-429-thread-1] INFO  server.RaftServerConfigKeys (ConfUtils.java:logGet(43)) - raft.server.log.segment.cache.num.max = 2 (custom)
2019-09-03 19:26:07,154 [pool-429-thread-1] INFO  segmented.SegmentedRaftLogWorker (SegmentedRaftLogWorker.java:<init>(172)) - new a0815a8b-861a-43d7-baa1-c508cc6e5dd8-SegmentedRaftLogWorker:Storage Directory /workdir/hadoop-ozone/integration-test/target/test-dir/MiniOzoneClusterImpl-02951a51-9d93-4f48-8a2f-9f437eec0b3a/datanode-2/data/ratis/d8a7926e-ade3-4d16-a91b-3f0c3d9a658e for RaftStorage:Storage Directory /workdir/hadoop-ozone/integration-test/target/test-dir/MiniOzoneClusterImpl-02951a51-9d93-4f48-8a2f-9f437eec0b3a/datanode-2/data/ratis/d8a7926e-ade3-4d16-a91b-3f0c3d9a658e
2019-09-03 19:26:07,154 [pool-429-thread-1] INFO  server.RaftServerConfigKeys (ConfUtils.java:logGet(43)) - raft.server.log.queue.byte-limit = 2147483647 (custom)
2019-09-03 19:26:07,155 [pool-429-thread-1] INFO  server.RaftServerConfigKeys (ConfUtils.java:logGet(43)) - raft.server.log.queue.element-limit = 1024 (custom)
2019-09-03 19:26:07,155 [pool-429-thread-1] INFO  server.RaftServerConfigKeys (ConfUtils.java:logGet(43)) - raft.server.log.segment.size.max = 1048576 (custom)
2019-09-03 19:26:07,155 [pool-429-thread-1] INFO  server.RaftServerConfigKeys (ConfUtils.java:logGet(43)) - raft.server.log.preallocated.size = 16384 (custom)
2019-09-03 19:26:07,155 [pool-429-thread-1] INFO  server.RaftServerConfigKeys (ConfUtils.java:logGet(43)) - raft.server.log.write.buffer.size = 33554432 (custom)
2019-09-03 19:26:07,155 [pool-429-thread-1] INFO  server.RaftServerConfigKeys (ConfUtils.java:logGet(43)) - raft.server.log.force.sync.num = 128 (default)
2019-09-03 19:26:07,155 [pool-429-thread-1] INFO  server.RaftServerConfigKeys (ConfUtils.java:logGet(43)) - raft.server.log.statemachine.data.sync = true (default)
2019-09-03 19:26:07,155 [pool-429-thread-1] INFO  server.RaftServerConfigKeys (ConfUtils.java:logGet(43)) - raft.server.log.statemachine.data.sync.timeout = 10s (default)
2019-09-03 19:26:07,155 [pool-429-thread-1] INFO  server.RaftServerConfigKeys (ConfUtils.java:logGet(43)) - raft.server.log.statemachine.data.sync.timeout.retry = -1 (default)
2019-09-03 19:26:07,156 [pool-429-thread-1] INFO  server.RaftServerConfigKeys (ConfUtils.java:logGet(43)) - raft.server.log.statemachine.data.caching.enabled = true (custom)
2019-09-03 19:26:07,156 [pool-429-thread-1] INFO  segmented.SegmentedRaftLogWorker (SegmentedRaftLogWorker.java:lambda$new$0(132)) - a0815a8b-861a-43d7-baa1-c508cc6e5dd8-SegmentedRaftLogWorker:Storage Directory /workdir/hadoop-ozone/integration-test/target/test-dir/MiniOzoneClusterImpl-02951a51-9d93-4f48-8a2f-9f437eec0b3a/datanode-2/data/ratis/d8a7926e-ade3-4d16-a91b-3f0c3d9a658e: flushIndex: setUnconditionally 0 -> -1
2019-09-03 19:26:07,157 [pool-429-thread-1] INFO  server.RaftServerConfigKeys (ConfUtils.java:logGet(43)) - raft.server.snapshot.auto.trigger.enabled = true (custom)
2019-09-03 19:26:07,157 [pool-429-thread-1] INFO  server.RaftServerConfigKeys (ConfUtils.java:logGet(43)) - raft.server.snapshot.auto.trigger.threshold = 10000 (custom)
2019-09-03 19:26:07,157 [pool-429-thread-1] INFO  server.RaftServerConfigKeys (ConfUtils.java:logGet(43)) - raft.server.retrycache.expirytime = 600000ms (custom)
2019-09-03 19:26:07,157 [pool-429-thread-1] INFO  impl.RaftServerImpl (RaftServerImpl.java:start(180)) - a0815a8b-861a-43d7-baa1-c508cc6e5dd8: start group-3F0C3D9A658E
2019-09-03 19:26:07,157 [pool-429-thread-1] INFO  impl.RaftServerImpl (RaftServerImpl.java:setRole(171)) - a0815a8b-861a-43d7-baa1-c508cc6e5dd8:group-3F0C3D9A658E changes role from null to FOLLOWER at term 0 for startAsFollower
2019-09-03 19:26:07,157 [pool-429-thread-1] INFO  impl.RoleInfo (RoleInfo.java:updateAndGet(143)) - a0815a8b-861a-43d7-baa1-c508cc6e5dd8: start FollowerState
2019-09-03 19:26:07,158 [pool-429-thread-1] INFO  util.JmxRegister (JmxRegister.java:tryRegister(44)) - Successfully registered JMX Bean with object name Ratis:service=RaftServer,group=group-3F0C3D9A658E,id=a0815a8b-861a-43d7-baa1-c508cc6e5dd8
2019-09-03 19:26:07,162 [RatisPipelineUtilsThread] INFO  pipeline.PipelineStateManager (PipelineStateManager.java:addPipeline(56)) - Created pipeline Pipeline[ Id: d8a7926e-ade3-4d16-a91b-3f0c3d9a658e, Nodes: a0815a8b-861a-43d7-baa1-c508cc6e5dd8{ip: 192.168.36.111, host: pr-hdds-1200-xgh2h-450883189, networkLocation: /default-rack, certSerialId: null}, Type:RATIS, Factor:ONE, State:OPEN]
2019-09-03 19:26:07,178 [grpc-default-executor-8] INFO  impl.RaftServerProxy (RaftServerProxy.java:addNew(89)) - a0815a8b-861a-43d7-baa1-c508cc6e5dd8: addNew group-582CB46D4500:[fae74cfc-a3de-49ec-a122-0d29a4d89532:192.168.36.111:45161, a0815a8b-861a-43d7-baa1-c508cc6e5dd8:192.168.36.111:41600, 325e8060-d055-47ec-a514-0af988bd5c40:192.168.36.111:33601] returns group-582CB46D4500:java.util.concurrent.CompletableFuture@277b3339[Not completed]
2019-09-03 19:26:07,180 [grpc-default-executor-8] INFO  impl.RaftServerProxy (RaftServerProxy.java:addNew(89)) - 325e8060-d055-47ec-a514-0af988bd5c40: addNew group-582CB46D4500:[fae74cfc-a3de-49ec-a122-0d29a4d89532:192.168.36.111:45161, a0815a8b-861a-43d7-baa1-c508cc6e5dd8:192.168.36.111:41600, 325e8060-d055-47ec-a514-0af988bd5c40:192.168.36.111:33601] returns group-582CB46D4500:java.util.concurrent.CompletableFuture@52a0bdef[Not completed]
2019-09-03 19:26:07,181 [pool-429-thread-1] INFO  impl.RaftServerImpl (RaftServerImpl.java:<init>(93)) - a0815a8b-861a-43d7-baa1-c508cc6e5dd8: new RaftServerImpl for group-582CB46D4500:[fae74cfc-a3de-49ec-a122-0d29a4d89532:192.168.36.111:45161, a0815a8b-861a-43d7-baa1-c508cc6e5dd8:192.168.36.111:41600, 325e8060-d055-47ec-a514-0af988bd5c40:192.168.36.111:33601] with ContainerStateMachine:uninitialized
2019-09-03 19:26:07,181 [pool-429-thread-1] INFO  server.RaftServerConfigKeys (ConfUtils.java:logGet(43)) - raft.server.rpc.timeout.min = 5s (custom)
2019-09-03 19:26:07,181 [pool-429-thread-1] INFO  server.RaftServerConfigKeys (ConfUtils.java:logGet(43)) - raft.server.rpc.timeout.max = 5200ms (custom)
2019-09-03 19:26:07,181 [pool-429-thread-1] INFO  server.RaftServerConfigKeys (ConfUtils.java:logGet(43)) - raft.server.rpcslowness.timeout = 120s (custom)
2019-09-03 19:26:07,182 [grpc-default-executor-8] INFO  impl.RaftServerProxy (RaftServerProxy.java:addNew(89)) - fae74cfc-a3de-49ec-a122-0d29a4d89532: addNew group-582CB46D4500:[fae74cfc-a3de-49ec-a122-0d29a4d89532:192.168.36.111:45161, a0815a8b-861a-43d7-baa1-c508cc6e5dd8:192.168.36.111:41600, 325e8060-d055-47ec-a514-0af988bd5c40:192.168.36.111:33601] returns group-582CB46D4500:java.util.concurrent.CompletableFuture@458dd81b[Not completed]
2019-09-03 19:26:07,182 [IPC Server handler 5 on 44940] INFO  net.NetworkTopology (NetworkTopologyImpl.java:add(110)) - Added a new node: /default-rack/132c2cee-ba09-4dde-896e-8618e1396401
2019-09-03 19:26:07,182 [pool-419-thread-1] INFO  impl.RaftServerImpl (RaftServerImpl.java:<init>(93)) - 325e8060-d055-47ec-a514-0af988bd5c40: new RaftServerImpl for group-582CB46D4500:[fae74cfc-a3de-49ec-a122-0d29a4d89532:192.168.36.111:45161, a0815a8b-861a-43d7-baa1-c508cc6e5dd8:192.168.36.111:41600, 325e8060-d055-47ec-a514-0af988bd5c40:192.168.36.111:33601] with ContainerStateMachine:uninitialized
2019-09-03 19:26:07,182 [pool-419-thread-1] INFO  server.RaftServerConfigKeys (ConfUtils.java:logGet(43)) - raft.server.rpc.timeout.min = 5s (custom)
2019-09-03 19:26:07,183 [pool-419-thread-1] INFO  server.RaftServerConfigKeys (ConfUtils.java:logGet(43)) - raft.server.rpc.timeout.max = 5200ms (custom)
2019-09-03 19:26:07,183 [pool-419-thread-1] INFO  server.RaftServerConfigKeys (ConfUtils.java:logGet(43)) - raft.server.rpcslowness.timeout = 120s (custom)
2019-09-03 19:26:07,183 [pool-419-thread-1] INFO  server.RaftServerConfigKeys (ConfUtils.java:logGet(43)) - raft.server.sleep.deviation.threshold = 300 (default)
2019-09-03 19:26:07,182 [pool-429-thread-1] INFO  server.RaftServerConfigKeys (ConfUtils.java:logGet(43)) - raft.server.sleep.deviation.threshold = 300 (default)
2019-09-03 19:26:07,184 [pool-429-thread-1] INFO  server.RaftServerConfigKeys (ConfUtils.java:logGet(43)) - raft.server.log.appender.install.snapshot.enabled = false (custom)
2019-09-03 19:26:07,184 [pool-429-thread-1] INFO  impl.RaftServerImpl (ServerState.java:<init>(105)) - a0815a8b-861a-43d7-baa1-c508cc6e5dd8:group-582CB46D4500 ConfigurationManager, init=-1: [fae74cfc-a3de-49ec-a122-0d29a4d89532:192.168.36.111:45161, a0815a8b-861a-43d7-baa1-c508cc6e5dd8:192.168.36.111:41600, 325e8060-d055-47ec-a514-0af988bd5c40:192.168.36.111:33601], old=null, confs=<EMPTY_MAP>
2019-09-03 19:26:07,184 [pool-429-thread-1] INFO  server.RaftServerConfigKeys (ConfUtils.java:logGet(43)) - raft.server.storage.dir = [/workdir/hadoop-ozone/integration-test/target/test-dir/MiniOzoneClusterImpl-02951a51-9d93-4f48-8a2f-9f437eec0b3a/datanode-2/data/ratis] (custom)
2019-09-03 19:26:07,183 [pool-419-thread-1] INFO  server.RaftServerConfigKeys (ConfUtils.java:logGet(43)) - raft.server.log.appender.install.snapshot.enabled = false (custom)
2019-09-03 19:26:07,182 [pool-409-thread-1] INFO  impl.RaftServerImpl (RaftServerImpl.java:<init>(93)) - fae74cfc-a3de-49ec-a122-0d29a4d89532: new RaftServerImpl for group-582CB46D4500:[fae74cfc-a3de-49ec-a122-0d29a4d89532:192.168.36.111:45161, a0815a8b-861a-43d7-baa1-c508cc6e5dd8:192.168.36.111:41600, 325e8060-d055-47ec-a514-0af988bd5c40:192.168.36.111:33601] with ContainerStateMachine:uninitialized
2019-09-03 19:26:07,185 [pool-429-thread-1] INFO  storage.RaftStorageDirectory (RaftStorageDirectory.java:analyzeStorage(246)) - The storage directory /workdir/hadoop-ozone/integration-test/target/test-dir/MiniOzoneClusterImpl-02951a51-9d93-4f48-8a2f-9f437eec0b3a/datanode-2/data/ratis/2f3fbb08-d04a-4546-a4b8-582cb46d4500 does not exist. Creating ...
2019-09-03 19:26:07,182 [IPC Server handler 5 on 44940] INFO  node.SCMNodeManager (SCMNodeManager.java:register(266)) - Registered Data node : 132c2cee-ba09-4dde-896e-8618e1396401{ip: 192.168.36.111, host: pr-hdds-1200-xgh2h-450883189, networkLocation: /default-rack, certSerialId: null}
2019-09-03 19:26:07,185 [pool-409-thread-1] INFO  server.RaftServerConfigKeys (ConfUtils.java:logGet(43)) - raft.server.rpc.timeout.min = 5s (custom)
2019-09-03 19:26:07,185 [pool-409-thread-1] INFO  server.RaftServerConfigKeys (ConfUtils.java:logGet(43)) - raft.server.rpc.timeout.max = 5200ms (custom)
2019-09-03 19:26:07,185 [pool-409-thread-1] INFO  server.RaftServerConfigKeys (ConfUtils.java:logGet(43)) - raft.server.rpcslowness.timeout = 120s (custom)
2019-09-03 19:26:07,185 [pool-409-thread-1] INFO  server.RaftServerConfigKeys (ConfUtils.java:logGet(43)) - raft.server.sleep.deviation.threshold = 300 (default)
2019-09-03 19:26:07,185 [pool-419-thread-1] INFO  impl.RaftServerImpl (ServerState.java:<init>(105)) - 325e8060-d055-47ec-a514-0af988bd5c40:group-582CB46D4500 ConfigurationManager, init=-1: [fae74cfc-a3de-49ec-a122-0d29a4d89532:192.168.36.111:45161, a0815a8b-861a-43d7-baa1-c508cc6e5dd8:192.168.36.111:41600, 325e8060-d055-47ec-a514-0af988bd5c40:192.168.36.111:33601], old=null, confs=<EMPTY_MAP>
2019-09-03 19:26:07,186 [pool-409-thread-1] INFO  server.RaftServerConfigKeys (ConfUtils.java:logGet(43)) - raft.server.log.appender.install.snapshot.enabled = false (custom)
2019-09-03 19:26:07,186 [pool-419-thread-1] INFO  server.RaftServerConfigKeys (ConfUtils.java:logGet(43)) - raft.server.storage.dir = [/workdir/hadoop-ozone/integration-test/target/test-dir/MiniOzoneClusterImpl-02951a51-9d93-4f48-8a2f-9f437eec0b3a/datanode-1/data/ratis] (custom)
2019-09-03 19:26:07,186 [pool-409-thread-1] INFO  impl.RaftServerImpl (ServerState.java:<init>(105)) - fae74cfc-a3de-49ec-a122-0d29a4d89532:group-582CB46D4500 ConfigurationManager, init=-1: [fae74cfc-a3de-49ec-a122-0d29a4d89532:192.168.36.111:45161, a0815a8b-861a-43d7-baa1-c508cc6e5dd8:192.168.36.111:41600, 325e8060-d055-47ec-a514-0af988bd5c40:192.168.36.111:33601], old=null, confs=<EMPTY_MAP>
2019-09-03 19:26:07,186 [pool-409-thread-1] INFO  server.RaftServerConfigKeys (ConfUtils.java:logGet(43)) - raft.server.storage.dir = [/workdir/hadoop-ozone/integration-test/target/test-dir/MiniOzoneClusterImpl-02951a51-9d93-4f48-8a2f-9f437eec0b3a/datanode-0/data/ratis] (custom)
2019-09-03 19:26:07,186 [pool-419-thread-1] INFO  storage.RaftStorageDirectory (RaftStorageDirectory.java:analyzeStorage(246)) - The storage directory /workdir/hadoop-ozone/integration-test/target/test-dir/MiniOzoneClusterImpl-02951a51-9d93-4f48-8a2f-9f437eec0b3a/datanode-1/data/ratis/2f3fbb08-d04a-4546-a4b8-582cb46d4500 does not exist. Creating ...
2019-09-03 19:26:07,186 [pool-409-thread-1] INFO  storage.RaftStorageDirectory (RaftStorageDirectory.java:analyzeStorage(246)) - The storage directory /workdir/hadoop-ozone/integration-test/target/test-dir/MiniOzoneClusterImpl-02951a51-9d93-4f48-8a2f-9f437eec0b3a/datanode-0/data/ratis/2f3fbb08-d04a-4546-a4b8-582cb46d4500 does not exist. Creating ...
2019-09-03 19:26:07,198 [pool-429-thread-1] INFO  storage.RaftStorageDirectory (RaftStorageDirectory.java:tryLock(328)) - Lock on /workdir/hadoop-ozone/integration-test/target/test-dir/MiniOzoneClusterImpl-02951a51-9d93-4f48-8a2f-9f437eec0b3a/datanode-2/data/ratis/2f3fbb08-d04a-4546-a4b8-582cb46d4500/in_use.lock acquired by nodename 23079@pr-hdds-1200-xgh2h-450883189
2019-09-03 19:26:07,198 [pool-409-thread-1] INFO  storage.RaftStorageDirectory (RaftStorageDirectory.java:tryLock(328)) - Lock on /workdir/hadoop-ozone/integration-test/target/test-dir/MiniOzoneClusterImpl-02951a51-9d93-4f48-8a2f-9f437eec0b3a/datanode-0/data/ratis/2f3fbb08-d04a-4546-a4b8-582cb46d4500/in_use.lock acquired by nodename 23079@pr-hdds-1200-xgh2h-450883189
2019-09-03 19:26:07,198 [pool-419-thread-1] INFO  storage.RaftStorageDirectory (RaftStorageDirectory.java:tryLock(328)) - Lock on /workdir/hadoop-ozone/integration-test/target/test-dir/MiniOzoneClusterImpl-02951a51-9d93-4f48-8a2f-9f437eec0b3a/datanode-1/data/ratis/2f3fbb08-d04a-4546-a4b8-582cb46d4500/in_use.lock acquired by nodename 23079@pr-hdds-1200-xgh2h-450883189
2019-09-03 19:26:07,212 [pool-429-thread-1] INFO  storage.RaftStorage (RaftStorage.java:format(72)) - Storage directory /workdir/hadoop-ozone/integration-test/target/test-dir/MiniOzoneClusterImpl-02951a51-9d93-4f48-8a2f-9f437eec0b3a/datanode-2/data/ratis/2f3fbb08-d04a-4546-a4b8-582cb46d4500 has been successfully formatted.
2019-09-03 19:26:07,212 [pool-419-thread-1] INFO  storage.RaftStorage (RaftStorage.java:format(72)) - Storage directory /workdir/hadoop-ozone/integration-test/target/test-dir/MiniOzoneClusterImpl-02951a51-9d93-4f48-8a2f-9f437eec0b3a/datanode-1/data/ratis/2f3fbb08-d04a-4546-a4b8-582cb46d4500 has been successfully formatted.
2019-09-03 19:26:07,212 [pool-409-thread-1] INFO  storage.RaftStorage (RaftStorage.java:format(72)) - Storage directory /workdir/hadoop-ozone/integration-test/target/test-dir/MiniOzoneClusterImpl-02951a51-9d93-4f48-8a2f-9f437eec0b3a/datanode-0/data/ratis/2f3fbb08-d04a-4546-a4b8-582cb46d4500 has been successfully formatted.
2019-09-03 19:26:07,212 [pool-429-thread-1] INFO  ratis.ContainerStateMachine (ContainerStateMachine.java:loadSnapshot(227)) - group-582CB46D4500: The snapshot info is null. Setting the last applied indexto:(t:0, i:~)
2019-09-03 19:26:07,212 [pool-419-thread-1] INFO  ratis.ContainerStateMachine (ContainerStateMachine.java:loadSnapshot(227)) - group-582CB46D4500: The snapshot info is null. Setting the last applied indexto:(t:0, i:~)
2019-09-03 19:26:07,213 [pool-409-thread-1] INFO  ratis.ContainerStateMachine (ContainerStateMachine.java:loadSnapshot(227)) - group-582CB46D4500: The snapshot info is null. Setting the last applied indexto:(t:0, i:~)
2019-09-03 19:26:07,213 [pool-429-thread-1] INFO  server.RaftServerConfigKeys (ConfUtils.java:logGet(43)) - raft.server.leader.election.timeout = 120s (custom)
2019-09-03 19:26:07,213 [pool-409-thread-1] INFO  server.RaftServerConfigKeys (ConfUtils.java:logGet(43)) - raft.server.leader.election.timeout = 120s (custom)
2019-09-03 19:26:07,213 [pool-419-thread-1] INFO  server.RaftServerConfigKeys (ConfUtils.java:logGet(43)) - raft.server.leader.election.timeout = 120s (custom)
2019-09-03 19:26:07,213 [pool-409-thread-1] INFO  server.RaftServerConfigKeys (ConfUtils.java:logGet(43)) - raft.server.log.use.memory = false (default)
2019-09-03 19:26:07,213 [pool-429-thread-1] INFO  server.RaftServerConfigKeys (ConfUtils.java:logGet(43)) - raft.server.log.use.memory = false (default)
2019-09-03 19:26:07,213 [pool-409-thread-1] INFO  server.RaftServerConfigKeys (ConfUtils.java:logGet(43)) - raft.server.log.purge.gap = 1000000 (custom)
2019-09-03 19:26:07,213 [pool-419-thread-1] INFO  server.RaftServerConfigKeys (ConfUtils.java:logGet(43)) - raft.server.log.use.memory = false (default)
2019-09-03 19:26:07,214 [pool-409-thread-1] INFO  server.RaftServerConfigKeys (ConfUtils.java:logGet(43)) - raft.server.log.appender.buffer.byte-limit = 33554432 (custom)
2019-09-03 19:26:07,214 [pool-429-thread-1] INFO  server.RaftServerConfigKeys (ConfUtils.java:logGet(43)) - raft.server.log.purge.gap = 1000000 (custom)
2019-09-03 19:26:07,214 [pool-409-thread-1] INFO  server.RaftServerConfigKeys (ConfUtils.java:logGet(43)) - raft.server.log.segment.size.max = 1048576 (custom)
2019-09-03 19:26:07,214 [pool-419-thread-1] INFO  server.RaftServerConfigKeys (ConfUtils.java:logGet(43)) - raft.server.log.purge.gap = 1000000 (custom)
2019-09-03 19:26:07,214 [pool-409-thread-1] INFO  server.RaftServerConfigKeys (ConfUtils.java:logGet(43)) - raft.server.log.segment.cache.num.max = 2 (custom)
2019-09-03 19:26:07,214 [pool-429-thread-1] INFO  server.RaftServerConfigKeys (ConfUtils.java:logGet(43)) - raft.server.log.appender.buffer.byte-limit = 33554432 (custom)
2019-09-03 19:26:07,214 [pool-409-thread-1] INFO  segmented.SegmentedRaftLogWorker (SegmentedRaftLogWorker.java:<init>(172)) - new fae74cfc-a3de-49ec-a122-0d29a4d89532-SegmentedRaftLogWorker:Storage Directory /workdir/hadoop-ozone/integration-test/target/test-dir/MiniOzoneClusterImpl-02951a51-9d93-4f48-8a2f-9f437eec0b3a/datanode-0/data/ratis/2f3fbb08-d04a-4546-a4b8-582cb46d4500 for RaftStorage:Storage Directory /workdir/hadoop-ozone/integration-test/target/test-dir/MiniOzoneClusterImpl-02951a51-9d93-4f48-8a2f-9f437eec0b3a/datanode-0/data/ratis/2f3fbb08-d04a-4546-a4b8-582cb46d4500
2019-09-03 19:26:07,214 [pool-419-thread-1] INFO  server.RaftServerConfigKeys (ConfUtils.java:logGet(43)) - raft.server.log.appender.buffer.byte-limit = 33554432 (custom)
2019-09-03 19:26:07,215 [pool-409-thread-1] INFO  server.RaftServerConfigKeys (ConfUtils.java:logGet(43)) - raft.server.log.queue.byte-limit = 2147483647 (custom)
2019-09-03 19:26:07,215 [pool-429-thread-1] INFO  server.RaftServerConfigKeys (ConfUtils.java:logGet(43)) - raft.server.log.segment.size.max = 1048576 (custom)
2019-09-03 19:26:07,215 [pool-409-thread-1] INFO  server.RaftServerConfigKeys (ConfUtils.java:logGet(43)) - raft.server.log.queue.element-limit = 1024 (custom)
2019-09-03 19:26:07,215 [pool-419-thread-1] INFO  server.RaftServerConfigKeys (ConfUtils.java:logGet(43)) - raft.server.log.segment.size.max = 1048576 (custom)
2019-09-03 19:26:07,215 [pool-409-thread-1] INFO  server.RaftServerConfigKeys (ConfUtils.java:logGet(43)) - raft.server.log.segment.size.max = 1048576 (custom)
2019-09-03 19:26:07,215 [pool-429-thread-1] INFO  server.RaftServerConfigKeys (ConfUtils.java:logGet(43)) - raft.server.log.segment.cache.num.max = 2 (custom)
2019-09-03 19:26:07,215 [pool-409-thread-1] INFO  server.RaftServerConfigKeys (ConfUtils.java:logGet(43)) - raft.server.log.preallocated.size = 16384 (custom)
2019-09-03 19:26:07,215 [pool-419-thread-1] INFO  server.RaftServerConfigKeys (ConfUtils.java:logGet(43)) - raft.server.log.segment.cache.num.max = 2 (custom)
2019-09-03 19:26:07,216 [pool-409-thread-1] INFO  server.RaftServerConfigKeys (ConfUtils.java:logGet(43)) - raft.server.log.write.buffer.size = 33554432 (custom)
2019-09-03 19:26:07,216 [pool-429-thread-1] INFO  segmented.SegmentedRaftLogWorker (SegmentedRaftLogWorker.java:<init>(172)) - new a0815a8b-861a-43d7-baa1-c508cc6e5dd8-SegmentedRaftLogWorker:Storage Directory /workdir/hadoop-ozone/integration-test/target/test-dir/MiniOzoneClusterImpl-02951a51-9d93-4f48-8a2f-9f437eec0b3a/datanode-2/data/ratis/2f3fbb08-d04a-4546-a4b8-582cb46d4500 for RaftStorage:Storage Directory /workdir/hadoop-ozone/integration-test/target/test-dir/MiniOzoneClusterImpl-02951a51-9d93-4f48-8a2f-9f437eec0b3a/datanode-2/data/ratis/2f3fbb08-d04a-4546-a4b8-582cb46d4500
2019-09-03 19:26:07,216 [pool-409-thread-1] INFO  server.RaftServerConfigKeys (ConfUtils.java:logGet(43)) - raft.server.log.force.sync.num = 128 (default)
2019-09-03 19:26:07,216 [pool-419-thread-1] INFO  segmented.SegmentedRaftLogWorker (SegmentedRaftLogWorker.java:<init>(172)) - new 325e8060-d055-47ec-a514-0af988bd5c40-SegmentedRaftLogWorker:Storage Directory /workdir/hadoop-ozone/integration-test/target/test-dir/MiniOzoneClusterImpl-02951a51-9d93-4f48-8a2f-9f437eec0b3a/datanode-1/data/ratis/2f3fbb08-d04a-4546-a4b8-582cb46d4500 for RaftStorage:Storage Directory /workdir/hadoop-ozone/integration-test/target/test-dir/MiniOzoneClusterImpl-02951a51-9d93-4f48-8a2f-9f437eec0b3a/datanode-1/data/ratis/2f3fbb08-d04a-4546-a4b8-582cb46d4500
2019-09-03 19:26:07,216 [pool-409-thread-1] INFO  server.RaftServerConfigKeys (ConfUtils.java:logGet(43)) - raft.server.log.statemachine.data.sync = true (default)
2019-09-03 19:26:07,216 [pool-429-thread-1] INFO  server.RaftServerConfigKeys (ConfUtils.java:logGet(43)) - raft.server.log.queue.byte-limit = 2147483647 (custom)
2019-09-03 19:26:07,216 [pool-409-thread-1] INFO  server.RaftServerConfigKeys (ConfUtils.java:logGet(43)) - raft.server.log.statemachine.data.sync.timeout = 10s (default)
2019-09-03 19:26:07,216 [pool-419-thread-1] INFO  server.RaftServerConfigKeys (ConfUtils.java:logGet(43)) - raft.server.log.queue.byte-limit = 2147483647 (custom)
2019-09-03 19:26:07,217 [pool-409-thread-1] INFO  server.RaftServerConfigKeys (ConfUtils.java:logGet(43)) - raft.server.log.statemachine.data.sync.timeout.retry = -1 (default)
2019-09-03 19:26:07,217 [pool-429-thread-1] INFO  server.RaftServerConfigKeys (ConfUtils.java:logGet(43)) - raft.server.log.queue.element-limit = 1024 (custom)
2019-09-03 19:26:07,217 [pool-409-thread-1] INFO  server.RaftServerConfigKeys (ConfUtils.java:logGet(43)) - raft.server.log.statemachine.data.caching.enabled = true (custom)
2019-09-03 19:26:07,217 [pool-419-thread-1] INFO  server.RaftServerConfigKeys (ConfUtils.java:logGet(43)) - raft.server.log.queue.element-limit = 1024 (custom)
2019-09-03 19:26:07,217 [pool-429-thread-1] INFO  server.RaftServerConfigKeys (ConfUtils.java:logGet(43)) - raft.server.log.segment.size.max = 1048576 (custom)
2019-09-03 19:26:07,217 [pool-409-thread-1] INFO  segmented.SegmentedRaftLogWorker (SegmentedRaftLogWorker.java:lambda$new$0(132)) - fae74cfc-a3de-49ec-a122-0d29a4d89532-SegmentedRaftLogWorker:Storage Directory /workdir/hadoop-ozone/integration-test/target/test-dir/MiniOzoneClusterImpl-02951a51-9d93-4f48-8a2f-9f437eec0b3a/datanode-0/data/ratis/2f3fbb08-d04a-4546-a4b8-582cb46d4500: flushIndex: setUnconditionally 0 -> -1
2019-09-03 19:26:07,217 [pool-419-thread-1] INFO  server.RaftServerConfigKeys (ConfUtils.java:logGet(43)) - raft.server.log.segment.size.max = 1048576 (custom)
2019-09-03 19:26:07,218 [pool-429-thread-1] INFO  server.RaftServerConfigKeys (ConfUtils.java:logGet(43)) - raft.server.log.preallocated.size = 16384 (custom)
2019-09-03 19:26:07,218 [pool-409-thread-1] INFO  server.RaftServerConfigKeys (ConfUtils.java:logGet(43)) - raft.server.snapshot.auto.trigger.enabled = true (custom)
2019-09-03 19:26:07,218 [pool-429-thread-1] INFO  server.RaftServerConfigKeys (ConfUtils.java:logGet(43)) - raft.server.log.write.buffer.size = 33554432 (custom)
2019-09-03 19:26:07,218 [pool-429-thread-1] INFO  server.RaftServerConfigKeys (ConfUtils.java:logGet(43)) - raft.server.log.force.sync.num = 128 (default)
2019-09-03 19:26:07,218 [pool-419-thread-1] INFO  server.RaftServerConfigKeys (ConfUtils.java:logGet(43)) - raft.server.log.preallocated.size = 16384 (custom)
2019-09-03 19:26:07,218 [pool-429-thread-1] INFO  server.RaftServerConfigKeys (ConfUtils.java:logGet(43)) - raft.server.log.statemachine.data.sync = true (default)
2019-09-03 19:26:07,218 [pool-409-thread-1] INFO  server.RaftServerConfigKeys (ConfUtils.java:logGet(43)) - raft.server.snapshot.auto.trigger.threshold = 10000 (custom)
2019-09-03 19:26:07,218 [pool-429-thread-1] INFO  server.RaftServerConfigKeys (ConfUtils.java:logGet(43)) - raft.server.log.statemachine.data.sync.timeout = 10s (default)
2019-09-03 19:26:07,219 [pool-429-thread-1] INFO  server.RaftServerConfigKeys (ConfUtils.java:logGet(43)) - raft.server.log.statemachine.data.sync.timeout.retry = -1 (default)
2019-09-03 19:26:07,218 [pool-419-thread-1] INFO  server.RaftServerConfigKeys (ConfUtils.java:logGet(43)) - raft.server.log.write.buffer.size = 33554432 (custom)
2019-09-03 19:26:07,219 [pool-429-thread-1] INFO  server.RaftServerConfigKeys (ConfUtils.java:logGet(43)) - raft.server.log.statemachine.data.caching.enabled = true (custom)
2019-09-03 19:26:07,219 [pool-409-thread-1] INFO  server.RaftServerConfigKeys (ConfUtils.java:logGet(43)) - raft.server.retrycache.expirytime = 600000ms (custom)
2019-09-03 19:26:07,219 [pool-429-thread-1] INFO  segmented.SegmentedRaftLogWorker (SegmentedRaftLogWorker.java:lambda$new$0(132)) - a0815a8b-861a-43d7-baa1-c508cc6e5dd8-SegmentedRaftLogWorker:Storage Directory /workdir/hadoop-ozone/integration-test/target/test-dir/MiniOzoneClusterImpl-02951a51-9d93-4f48-8a2f-9f437eec0b3a/datanode-2/data/ratis/2f3fbb08-d04a-4546-a4b8-582cb46d4500: flushIndex: setUnconditionally 0 -> -1
2019-09-03 19:26:07,219 [pool-419-thread-1] INFO  server.RaftServerConfigKeys (ConfUtils.java:logGet(43)) - raft.server.log.force.sync.num = 128 (default)
2019-09-03 19:26:07,219 [pool-409-thread-1] INFO  impl.RaftServerImpl (RaftServerImpl.java:start(180)) - fae74cfc-a3de-49ec-a122-0d29a4d89532: start group-582CB46D4500
2019-09-03 19:26:07,219 [pool-429-thread-1] INFO  server.RaftServerConfigKeys (ConfUtils.java:logGet(43)) - raft.server.snapshot.auto.trigger.enabled = true (custom)
2019-09-03 19:26:07,219 [pool-419-thread-1] INFO  server.RaftServerConfigKeys (ConfUtils.java:logGet(43)) - raft.server.log.statemachine.data.sync = true (default)
2019-09-03 19:26:07,220 [pool-429-thread-1] INFO  server.RaftServerConfigKeys (ConfUtils.java:logGet(43)) - raft.server.snapshot.auto.trigger.threshold = 10000 (custom)
2019-09-03 19:26:07,219 [pool-409-thread-1] INFO  impl.RaftServerImpl (RaftServerImpl.java:setRole(171)) - fae74cfc-a3de-49ec-a122-0d29a4d89532:group-582CB46D4500 changes role from null to FOLLOWER at term 0 for startAsFollower
2019-09-03 19:26:07,220 [pool-429-thread-1] INFO  server.RaftServerConfigKeys (ConfUtils.java:logGet(43)) - raft.server.retrycache.expirytime = 600000ms (custom)
2019-09-03 19:26:07,220 [pool-419-thread-1] INFO  server.RaftServerConfigKeys (ConfUtils.java:logGet(43)) - raft.server.log.statemachine.data.sync.timeout = 10s (default)
2019-09-03 19:26:07,220 [pool-429-thread-1] INFO  impl.RaftServerImpl (RaftServerImpl.java:start(180)) - a0815a8b-861a-43d7-baa1-c508cc6e5dd8: start group-582CB46D4500
2019-09-03 19:26:07,220 [pool-409-thread-1] INFO  impl.RoleInfo (RoleInfo.java:updateAndGet(143)) - fae74cfc-a3de-49ec-a122-0d29a4d89532: start FollowerState
2019-09-03 19:26:07,220 [pool-429-thread-1] INFO  impl.RaftServerImpl (RaftServerImpl.java:setRole(171)) - a0815a8b-861a-43d7-baa1-c508cc6e5dd8:group-582CB46D4500 changes role from null to FOLLOWER at term 0 for startAsFollower
2019-09-03 19:26:07,220 [pool-419-thread-1] INFO  server.RaftServerConfigKeys (ConfUtils.java:logGet(43)) - raft.server.log.statemachine.data.sync.timeout.retry = -1 (default)
2019-09-03 19:26:07,220 [pool-429-thread-1] INFO  impl.RoleInfo (RoleInfo.java:updateAndGet(143)) - a0815a8b-861a-43d7-baa1-c508cc6e5dd8: start FollowerState
2019-09-03 19:26:07,220 [pool-419-thread-1] INFO  server.RaftServerConfigKeys (ConfUtils.java:logGet(43)) - raft.server.log.statemachine.data.caching.enabled = true (custom)
2019-09-03 19:26:07,221 [pool-409-thread-1] INFO  util.JmxRegister (JmxRegister.java:tryRegister(44)) - Successfully registered JMX Bean with object name Ratis:service=RaftServer,group=group-582CB46D4500,id=fae74cfc-a3de-49ec-a122-0d29a4d89532
2019-09-03 19:26:07,221 [pool-419-thread-1] INFO  segmented.SegmentedRaftLogWorker (SegmentedRaftLogWorker.java:lambda$new$0(132)) - 325e8060-d055-47ec-a514-0af988bd5c40-SegmentedRaftLogWorker:Storage Directory /workdir/hadoop-ozone/integration-test/target/test-dir/MiniOzoneClusterImpl-02951a51-9d93-4f48-8a2f-9f437eec0b3a/datanode-1/data/ratis/2f3fbb08-d04a-4546-a4b8-582cb46d4500: flushIndex: setUnconditionally 0 -> -1
2019-09-03 19:26:07,234 [pool-429-thread-1] INFO  util.JmxRegister (JmxRegister.java:tryRegister(44)) - Successfully registered JMX Bean with object name Ratis:service=RaftServer,group=group-582CB46D4500,id=a0815a8b-861a-43d7-baa1-c508cc6e5dd8
2019-09-03 19:26:07,234 [pool-419-thread-1] INFO  server.RaftServerConfigKeys (ConfUtils.java:logGet(43)) - raft.server.snapshot.auto.trigger.enabled = true (custom)
2019-09-03 19:26:07,234 [pool-419-thread-1] INFO  server.RaftServerConfigKeys (ConfUtils.java:logGet(43)) - raft.server.snapshot.auto.trigger.threshold = 10000 (custom)
2019-09-03 19:26:07,234 [pool-419-thread-1] INFO  server.RaftServerConfigKeys (ConfUtils.java:logGet(43)) - raft.server.retrycache.expirytime = 600000ms (custom)
2019-09-03 19:26:07,241 [pool-419-thread-1] INFO  impl.RaftServerImpl (RaftServerImpl.java:start(180)) - 325e8060-d055-47ec-a514-0af988bd5c40: start group-582CB46D4500
2019-09-03 19:26:07,241 [pool-419-thread-1] INFO  impl.RaftServerImpl (RaftServerImpl.java:setRole(171)) - 325e8060-d055-47ec-a514-0af988bd5c40:group-582CB46D4500 changes role from null to FOLLOWER at term 0 for startAsFollower
2019-09-03 19:26:07,241 [pool-419-thread-1] INFO  impl.RoleInfo (RoleInfo.java:updateAndGet(143)) - 325e8060-d055-47ec-a514-0af988bd5c40: start FollowerState
2019-09-03 19:26:07,243 [pool-419-thread-1] INFO  util.JmxRegister (JmxRegister.java:tryRegister(44)) - Successfully registered JMX Bean with object name Ratis:service=RaftServer,group=group-582CB46D4500,id=325e8060-d055-47ec-a514-0af988bd5c40
2019-09-03 19:26:07,248 [RatisPipelineUtilsThread] INFO  pipeline.PipelineStateManager (PipelineStateManager.java:addPipeline(56)) - Created pipeline Pipeline[ Id: 2f3fbb08-d04a-4546-a4b8-582cb46d4500, Nodes: 325e8060-d055-47ec-a514-0af988bd5c40{ip: 192.168.36.111, host: pr-hdds-1200-xgh2h-450883189, networkLocation: /default-rack, certSerialId: null}fae74cfc-a3de-49ec-a122-0d29a4d89532{ip: 192.168.36.111, host: pr-hdds-1200-xgh2h-450883189, networkLocation: /default-rack, certSerialId: null}a0815a8b-861a-43d7-baa1-c508cc6e5dd8{ip: 192.168.36.111, host: pr-hdds-1200-xgh2h-450883189, networkLocation: /default-rack, certSerialId: null}, Type:RATIS, Factor:THREE, State:OPEN]
2019-09-03 19:26:07,248 [IPC Server handler 6 on 44940] INFO  net.NetworkTopology (NetworkTopologyImpl.java:add(110)) - Added a new node: /default-rack/842067f9-d964-4704-9fac-339bb292f0b1
2019-09-03 19:26:07,249 [IPC Server handler 6 on 44940] INFO  node.SCMNodeManager (SCMNodeManager.java:register(266)) - Registered Data node : 842067f9-d964-4704-9fac-339bb292f0b1{ip: 192.168.36.111, host: pr-hdds-1200-xgh2h-450883189, networkLocation: /default-rack, certSerialId: null}
2019-09-03 19:26:07,316 [IPC Server handler 2 on 44940] INFO  net.NetworkTopology (NetworkTopologyImpl.java:add(110)) - Added a new node: /default-rack/dd8cfd05-4000-4955-ac1a-45b85b415652
2019-09-03 19:26:07,317 [IPC Server handler 2 on 44940] INFO  node.SCMNodeManager (SCMNodeManager.java:register(266)) - Registered Data node : dd8cfd05-4000-4955-ac1a-45b85b415652{ip: 192.168.36.111, host: pr-hdds-1200-xgh2h-450883189, networkLocation: /default-rack, certSerialId: null}
2019-09-03 19:26:07,324 [grpc-default-executor-8] INFO  impl.RaftServerProxy (RaftServerProxy.java:addNew(89)) - 132c2cee-ba09-4dde-896e-8618e1396401: addNew group-DDF31ED53680:[132c2cee-ba09-4dde-896e-8618e1396401:192.168.36.111:41632] returns group-DDF31ED53680:java.util.concurrent.CompletableFuture@66627836[Not completed]
2019-09-03 19:26:07,325 [pool-439-thread-1] INFO  impl.RaftServerImpl (RaftServerImpl.java:<init>(93)) - 132c2cee-ba09-4dde-896e-8618e1396401: new RaftServerImpl for group-DDF31ED53680:[132c2cee-ba09-4dde-896e-8618e1396401:192.168.36.111:41632] with ContainerStateMachine:uninitialized
2019-09-03 19:26:07,326 [pool-439-thread-1] INFO  server.RaftServerConfigKeys (ConfUtils.java:logGet(43)) - raft.server.rpc.timeout.min = 5s (custom)
2019-09-03 19:26:07,326 [pool-439-thread-1] INFO  server.RaftServerConfigKeys (ConfUtils.java:logGet(43)) - raft.server.rpc.timeout.max = 5200ms (custom)
2019-09-03 19:26:07,326 [pool-439-thread-1] INFO  server.RaftServerConfigKeys (ConfUtils.java:logGet(43)) - raft.server.rpcslowness.timeout = 120s (custom)
2019-09-03 19:26:07,326 [pool-439-thread-1] INFO  server.RaftServerConfigKeys (ConfUtils.java:logGet(43)) - raft.server.sleep.deviation.threshold = 300 (default)
2019-09-03 19:26:07,326 [pool-439-thread-1] INFO  server.RaftServerConfigKeys (ConfUtils.java:logGet(43)) - raft.server.log.appender.install.snapshot.enabled = false (custom)
2019-09-03 19:26:07,326 [pool-439-thread-1] INFO  impl.RaftServerImpl (ServerState.java:<init>(105)) - 132c2cee-ba09-4dde-896e-8618e1396401:group-DDF31ED53680 ConfigurationManager, init=-1: [132c2cee-ba09-4dde-896e-8618e1396401:192.168.36.111:41632], old=null, confs=<EMPTY_MAP>
2019-09-03 19:26:07,327 [pool-439-thread-1] INFO  server.RaftServerConfigKeys (ConfUtils.java:logGet(43)) - raft.server.storage.dir = [/workdir/hadoop-ozone/integration-test/target/test-dir/MiniOzoneClusterImpl-02951a51-9d93-4f48-8a2f-9f437eec0b3a/datanode-3/data/ratis] (custom)
2019-09-03 19:26:07,327 [pool-439-thread-1] INFO  storage.RaftStorageDirectory (RaftStorageDirectory.java:analyzeStorage(246)) - The storage directory /workdir/hadoop-ozone/integration-test/target/test-dir/MiniOzoneClusterImpl-02951a51-9d93-4f48-8a2f-9f437eec0b3a/datanode-3/data/ratis/1a8f9767-83da-4434-b9c5-ddf31ed53680 does not exist. Creating ...
2019-09-03 19:26:07,340 [pool-439-thread-1] INFO  storage.RaftStorageDirectory (RaftStorageDirectory.java:tryLock(328)) - Lock on /workdir/hadoop-ozone/integration-test/target/test-dir/MiniOzoneClusterImpl-02951a51-9d93-4f48-8a2f-9f437eec0b3a/datanode-3/data/ratis/1a8f9767-83da-4434-b9c5-ddf31ed53680/in_use.lock acquired by nodename 23079@pr-hdds-1200-xgh2h-450883189
2019-09-03 19:26:07,353 [pool-439-thread-1] INFO  storage.RaftStorage (RaftStorage.java:format(72)) - Storage directory /workdir/hadoop-ozone/integration-test/target/test-dir/MiniOzoneClusterImpl-02951a51-9d93-4f48-8a2f-9f437eec0b3a/datanode-3/data/ratis/1a8f9767-83da-4434-b9c5-ddf31ed53680 has been successfully formatted.
2019-09-03 19:26:07,354 [pool-439-thread-1] INFO  ratis.ContainerStateMachine (ContainerStateMachine.java:loadSnapshot(227)) - group-DDF31ED53680: The snapshot info is null. Setting the last applied indexto:(t:0, i:~)
2019-09-03 19:26:07,354 [pool-439-thread-1] INFO  server.RaftServerConfigKeys (ConfUtils.java:logGet(43)) - raft.server.leader.election.timeout = 120s (custom)
2019-09-03 19:26:07,354 [pool-439-thread-1] INFO  server.RaftServerConfigKeys (ConfUtils.java:logGet(43)) - raft.server.log.use.memory = false (default)
2019-09-03 19:26:07,354 [pool-439-thread-1] INFO  server.RaftServerConfigKeys (ConfUtils.java:logGet(43)) - raft.server.log.purge.gap = 1000000 (custom)
2019-09-03 19:26:07,354 [pool-439-thread-1] INFO  server.RaftServerConfigKeys (ConfUtils.java:logGet(43)) - raft.server.log.appender.buffer.byte-limit = 33554432 (custom)
2019-09-03 19:26:07,354 [pool-439-thread-1] INFO  server.RaftServerConfigKeys (ConfUtils.java:logGet(43)) - raft.server.log.segment.size.max = 1048576 (custom)
2019-09-03 19:26:07,354 [pool-439-thread-1] INFO  server.RaftServerConfigKeys (ConfUtils.java:logGet(43)) - raft.server.log.segment.cache.num.max = 2 (custom)
2019-09-03 19:26:07,355 [pool-439-thread-1] INFO  segmented.SegmentedRaftLogWorker (SegmentedRaftLogWorker.java:<init>(172)) - new 132c2cee-ba09-4dde-896e-8618e1396401-SegmentedRaftLogWorker:Storage Directory /workdir/hadoop-ozone/integration-test/target/test-dir/MiniOzoneClusterImpl-02951a51-9d93-4f48-8a2f-9f437eec0b3a/datanode-3/data/ratis/1a8f9767-83da-4434-b9c5-ddf31ed53680 for RaftStorage:Storage Directory /workdir/hadoop-ozone/integration-test/target/test-dir/MiniOzoneClusterImpl-02951a51-9d93-4f48-8a2f-9f437eec0b3a/datanode-3/data/ratis/1a8f9767-83da-4434-b9c5-ddf31ed53680
2019-09-03 19:26:07,355 [pool-439-thread-1] INFO  server.RaftServerConfigKeys (ConfUtils.java:logGet(43)) - raft.server.log.queue.byte-limit = 2147483647 (custom)
2019-09-03 19:26:07,355 [pool-439-thread-1] INFO  server.RaftServerConfigKeys (ConfUtils.java:logGet(43)) - raft.server.log.queue.element-limit = 1024 (custom)
2019-09-03 19:26:07,355 [pool-439-thread-1] INFO  server.RaftServerConfigKeys (ConfUtils.java:logGet(43)) - raft.server.log.segment.size.max = 1048576 (custom)
2019-09-03 19:26:07,355 [pool-439-thread-1] INFO  server.RaftServerConfigKeys (ConfUtils.java:logGet(43)) - raft.server.log.preallocated.size = 16384 (custom)
2019-09-03 19:26:07,355 [pool-439-thread-1] INFO  server.RaftServerConfigKeys (ConfUtils.java:logGet(43)) - raft.server.log.write.buffer.size = 33554432 (custom)
2019-09-03 19:26:07,356 [pool-439-thread-1] INFO  server.RaftServerConfigKeys (ConfUtils.java:logGet(43)) - raft.server.log.force.sync.num = 128 (default)
2019-09-03 19:26:07,356 [pool-439-thread-1] INFO  server.RaftServerConfigKeys (ConfUtils.java:logGet(43)) - raft.server.log.statemachine.data.sync = true (default)
2019-09-03 19:26:07,356 [pool-439-thread-1] INFO  server.RaftServerConfigKeys (ConfUtils.java:logGet(43)) - raft.server.log.statemachine.data.sync.timeout = 10s (default)
2019-09-03 19:26:07,356 [pool-439-thread-1] INFO  server.RaftServerConfigKeys (ConfUtils.java:logGet(43)) - raft.server.log.statemachine.data.sync.timeout.retry = -1 (default)
2019-09-03 19:26:07,356 [pool-439-thread-1] INFO  server.RaftServerConfigKeys (ConfUtils.java:logGet(43)) - raft.server.log.statemachine.data.caching.enabled = true (custom)
2019-09-03 19:26:07,357 [pool-439-thread-1] INFO  segmented.SegmentedRaftLogWorker (SegmentedRaftLogWorker.java:lambda$new$0(132)) - 132c2cee-ba09-4dde-896e-8618e1396401-SegmentedRaftLogWorker:Storage Directory /workdir/hadoop-ozone/integration-test/target/test-dir/MiniOzoneClusterImpl-02951a51-9d93-4f48-8a2f-9f437eec0b3a/datanode-3/data/ratis/1a8f9767-83da-4434-b9c5-ddf31ed53680: flushIndex: setUnconditionally 0 -> -1
2019-09-03 19:26:07,357 [pool-439-thread-1] INFO  server.RaftServerConfigKeys (ConfUtils.java:logGet(43)) - raft.server.snapshot.auto.trigger.enabled = true (custom)
2019-09-03 19:26:07,357 [pool-439-thread-1] INFO  server.RaftServerConfigKeys (ConfUtils.java:logGet(43)) - raft.server.snapshot.auto.trigger.threshold = 10000 (custom)
2019-09-03 19:26:07,357 [pool-439-thread-1] INFO  server.RaftServerConfigKeys (ConfUtils.java:logGet(43)) - raft.server.retrycache.expirytime = 600000ms (custom)
2019-09-03 19:26:07,357 [pool-439-thread-1] INFO  impl.RaftServerImpl (RaftServerImpl.java:start(180)) - 132c2cee-ba09-4dde-896e-8618e1396401: start group-DDF31ED53680
2019-09-03 19:26:07,358 [pool-439-thread-1] INFO  impl.RaftServerImpl (RaftServerImpl.java:setRole(171)) - 132c2cee-ba09-4dde-896e-8618e1396401:group-DDF31ED53680 changes role from null to FOLLOWER at term 0 for startAsFollower
2019-09-03 19:26:07,358 [pool-439-thread-1] INFO  impl.RoleInfo (RoleInfo.java:updateAndGet(143)) - 132c2cee-ba09-4dde-896e-8618e1396401: start FollowerState
2019-09-03 19:26:07,358 [pool-439-thread-1] INFO  util.JmxRegister (JmxRegister.java:tryRegister(44)) - Successfully registered JMX Bean with object name Ratis:service=RaftServer,group=group-DDF31ED53680,id=132c2cee-ba09-4dde-896e-8618e1396401
2019-09-03 19:26:07,363 [RatisPipelineUtilsThread] INFO  pipeline.PipelineStateManager (PipelineStateManager.java:addPipeline(56)) - Created pipeline Pipeline[ Id: 1a8f9767-83da-4434-b9c5-ddf31ed53680, Nodes: 132c2cee-ba09-4dde-896e-8618e1396401{ip: 192.168.36.111, host: pr-hdds-1200-xgh2h-450883189, networkLocation: /default-rack, certSerialId: null}, Type:RATIS, Factor:ONE, State:OPEN]
2019-09-03 19:26:07,372 [grpc-default-executor-8] INFO  impl.RaftServerProxy (RaftServerProxy.java:addNew(89)) - 842067f9-d964-4704-9fac-339bb292f0b1: addNew group-5D8D6D73FB02:[842067f9-d964-4704-9fac-339bb292f0b1:192.168.36.111:44903] returns group-5D8D6D73FB02:java.util.concurrent.CompletableFuture@53074b38[Not completed]
2019-09-03 19:26:07,373 [pool-449-thread-1] INFO  impl.RaftServerImpl (RaftServerImpl.java:<init>(93)) - 842067f9-d964-4704-9fac-339bb292f0b1: new RaftServerImpl for group-5D8D6D73FB02:[842067f9-d964-4704-9fac-339bb292f0b1:192.168.36.111:44903] with ContainerStateMachine:uninitialized
2019-09-03 19:26:07,373 [pool-449-thread-1] INFO  server.RaftServerConfigKeys (ConfUtils.java:logGet(43)) - raft.server.rpc.timeout.min = 5s (custom)
2019-09-03 19:26:07,373 [pool-449-thread-1] INFO  server.RaftServerConfigKeys (ConfUtils.java:logGet(43)) - raft.server.rpc.timeout.max = 5200ms (custom)
2019-09-03 19:26:07,373 [pool-449-thread-1] INFO  server.RaftServerConfigKeys (ConfUtils.java:logGet(43)) - raft.server.rpcslowness.timeout = 120s (custom)
2019-09-03 19:26:07,373 [pool-449-thread-1] INFO  server.RaftServerConfigKeys (ConfUtils.java:logGet(43)) - raft.server.sleep.deviation.threshold = 300 (default)
2019-09-03 19:26:07,373 [pool-449-thread-1] INFO  server.RaftServerConfigKeys (ConfUtils.java:logGet(43)) - raft.server.log.appender.install.snapshot.enabled = false (custom)
2019-09-03 19:26:07,374 [pool-449-thread-1] INFO  impl.RaftServerImpl (ServerState.java:<init>(105)) - 842067f9-d964-4704-9fac-339bb292f0b1:group-5D8D6D73FB02 ConfigurationManager, init=-1: [842067f9-d964-4704-9fac-339bb292f0b1:192.168.36.111:44903], old=null, confs=<EMPTY_MAP>
2019-09-03 19:26:07,374 [pool-449-thread-1] INFO  server.RaftServerConfigKeys (ConfUtils.java:logGet(43)) - raft.server.storage.dir = [/workdir/hadoop-ozone/integration-test/target/test-dir/MiniOzoneClusterImpl-02951a51-9d93-4f48-8a2f-9f437eec0b3a/datanode-4/data/ratis] (custom)
2019-09-03 19:26:07,374 [pool-449-thread-1] INFO  storage.RaftStorageDirectory (RaftStorageDirectory.java:analyzeStorage(246)) - The storage directory /workdir/hadoop-ozone/integration-test/target/test-dir/MiniOzoneClusterImpl-02951a51-9d93-4f48-8a2f-9f437eec0b3a/datanode-4/data/ratis/f7baeb13-b13b-455c-af96-5d8d6d73fb02 does not exist. Creating ...
2019-09-03 19:26:07,387 [pool-449-thread-1] INFO  storage.RaftStorageDirectory (RaftStorageDirectory.java:tryLock(328)) - Lock on /workdir/hadoop-ozone/integration-test/target/test-dir/MiniOzoneClusterImpl-02951a51-9d93-4f48-8a2f-9f437eec0b3a/datanode-4/data/ratis/f7baeb13-b13b-455c-af96-5d8d6d73fb02/in_use.lock acquired by nodename 23079@pr-hdds-1200-xgh2h-450883189
2019-09-03 19:26:07,398 [main] INFO  ozone.MiniOzoneClusterImpl (MiniOzoneClusterImpl.java:lambda$waitForClusterToBeReady$0(140)) - Waiting for cluster to be ready. Got 6 of 7 DN Heartbeats.
2019-09-03 19:26:07,399 [IPC Server handler 3 on 44940] INFO  net.NetworkTopology (NetworkTopologyImpl.java:add(110)) - Added a new node: /default-rack/243df66c-4ee7-4dc6-a4d1-401ff0e2c7f3
2019-09-03 19:26:07,399 [IPC Server handler 3 on 44940] INFO  node.SCMNodeManager (SCMNodeManager.java:register(266)) - Registered Data node : 243df66c-4ee7-4dc6-a4d1-401ff0e2c7f3{ip: 192.168.36.111, host: pr-hdds-1200-xgh2h-450883189, networkLocation: /default-rack, certSerialId: null}
2019-09-03 19:26:07,400 [pool-449-thread-1] INFO  storage.RaftStorage (RaftStorage.java:format(72)) - Storage directory /workdir/hadoop-ozone/integration-test/target/test-dir/MiniOzoneClusterImpl-02951a51-9d93-4f48-8a2f-9f437eec0b3a/datanode-4/data/ratis/f7baeb13-b13b-455c-af96-5d8d6d73fb02 has been successfully formatted.
2019-09-03 19:26:07,401 [pool-449-thread-1] INFO  ratis.ContainerStateMachine (ContainerStateMachine.java:loadSnapshot(227)) - group-5D8D6D73FB02: The snapshot info is null. Setting the last applied indexto:(t:0, i:~)
2019-09-03 19:26:07,401 [pool-449-thread-1] INFO  server.RaftServerConfigKeys (ConfUtils.java:logGet(43)) - raft.server.leader.election.timeout = 120s (custom)
2019-09-03 19:26:07,401 [pool-449-thread-1] INFO  server.RaftServerConfigKeys (ConfUtils.java:logGet(43)) - raft.server.log.use.memory = false (default)
2019-09-03 19:26:07,401 [pool-449-thread-1] INFO  server.RaftServerConfigKeys (ConfUtils.java:logGet(43)) - raft.server.log.purge.gap = 1000000 (custom)
2019-09-03 19:26:07,401 [pool-449-thread-1] INFO  server.RaftServerConfigKeys (ConfUtils.java:logGet(43)) - raft.server.log.appender.buffer.byte-limit = 33554432 (custom)
2019-09-03 19:26:07,401 [pool-449-thread-1] INFO  server.RaftServerConfigKeys (ConfUtils.java:logGet(43)) - raft.server.log.segment.size.max = 1048576 (custom)
2019-09-03 19:26:07,402 [pool-449-thread-1] INFO  server.RaftServerConfigKeys (ConfUtils.java:logGet(43)) - raft.server.log.segment.cache.num.max = 2 (custom)
2019-09-03 19:26:07,402 [pool-449-thread-1] INFO  segmented.SegmentedRaftLogWorker (SegmentedRaftLogWorker.java:<init>(172)) - new 842067f9-d964-4704-9fac-339bb292f0b1-SegmentedRaftLogWorker:Storage Directory /workdir/hadoop-ozone/integration-test/target/test-dir/MiniOzoneClusterImpl-02951a51-9d93-4f48-8a2f-9f437eec0b3a/datanode-4/data/ratis/f7baeb13-b13b-455c-af96-5d8d6d73fb02 for RaftStorage:Storage Directory /workdir/hadoop-ozone/integration-test/target/test-dir/MiniOzoneClusterImpl-02951a51-9d93-4f48-8a2f-9f437eec0b3a/datanode-4/data/ratis/f7baeb13-b13b-455c-af96-5d8d6d73fb02
2019-09-03 19:26:07,402 [pool-449-thread-1] INFO  server.RaftServerConfigKeys (ConfUtils.java:logGet(43)) - raft.server.log.queue.byte-limit = 2147483647 (custom)
2019-09-03 19:26:07,402 [pool-449-thread-1] INFO  server.RaftServerConfigKeys (ConfUtils.java:logGet(43)) - raft.server.log.queue.element-limit = 1024 (custom)
2019-09-03 19:26:07,402 [pool-449-thread-1] INFO  server.RaftServerConfigKeys (ConfUtils.java:logGet(43)) - raft.server.log.segment.size.max = 1048576 (custom)
2019-09-03 19:26:07,402 [pool-449-thread-1] INFO  server.RaftServerConfigKeys (ConfUtils.java:logGet(43)) - raft.server.log.preallocated.size = 16384 (custom)
2019-09-03 19:26:07,403 [pool-449-thread-1] INFO  server.RaftServerConfigKeys (ConfUtils.java:logGet(43)) - raft.server.log.write.buffer.size = 33554432 (custom)
2019-09-03 19:26:07,403 [pool-449-thread-1] INFO  server.RaftServerConfigKeys (ConfUtils.java:logGet(43)) - raft.server.log.force.sync.num = 128 (default)
2019-09-03 19:26:07,403 [pool-449-thread-1] INFO  server.RaftServerConfigKeys (ConfUtils.java:logGet(43)) - raft.server.log.statemachine.data.sync = true (default)
2019-09-03 19:26:07,403 [pool-449-thread-1] INFO  server.RaftServerConfigKeys (ConfUtils.java:logGet(43)) - raft.server.log.statemachine.data.sync.timeout = 10s (default)
2019-09-03 19:26:07,403 [pool-449-thread-1] INFO  server.RaftServerConfigKeys (ConfUtils.java:logGet(43)) - raft.server.log.statemachine.data.sync.timeout.retry = -1 (default)
2019-09-03 19:26:07,403 [pool-449-thread-1] INFO  server.RaftServerConfigKeys (ConfUtils.java:logGet(43)) - raft.server.log.statemachine.data.caching.enabled = true (custom)
2019-09-03 19:26:07,404 [pool-449-thread-1] INFO  segmented.SegmentedRaftLogWorker (SegmentedRaftLogWorker.java:lambda$new$0(132)) - 842067f9-d964-4704-9fac-339bb292f0b1-SegmentedRaftLogWorker:Storage Directory /workdir/hadoop-ozone/integration-test/target/test-dir/MiniOzoneClusterImpl-02951a51-9d93-4f48-8a2f-9f437eec0b3a/datanode-4/data/ratis/f7baeb13-b13b-455c-af96-5d8d6d73fb02: flushIndex: setUnconditionally 0 -> -1
2019-09-03 19:26:07,404 [pool-449-thread-1] INFO  server.RaftServerConfigKeys (ConfUtils.java:logGet(43)) - raft.server.snapshot.auto.trigger.enabled = true (custom)
2019-09-03 19:26:07,404 [pool-449-thread-1] INFO  server.RaftServerConfigKeys (ConfUtils.java:logGet(43)) - raft.server.snapshot.auto.trigger.threshold = 10000 (custom)
2019-09-03 19:26:07,404 [pool-449-thread-1] INFO  server.RaftServerConfigKeys (ConfUtils.java:logGet(43)) - raft.server.retrycache.expirytime = 600000ms (custom)
2019-09-03 19:26:07,405 [pool-449-thread-1] INFO  impl.RaftServerImpl (RaftServerImpl.java:start(180)) - 842067f9-d964-4704-9fac-339bb292f0b1: start group-5D8D6D73FB02
2019-09-03 19:26:07,405 [pool-449-thread-1] INFO  impl.RaftServerImpl (RaftServerImpl.java:setRole(171)) - 842067f9-d964-4704-9fac-339bb292f0b1:group-5D8D6D73FB02 changes role from null to FOLLOWER at term 0 for startAsFollower
2019-09-03 19:26:07,405 [pool-449-thread-1] INFO  impl.RoleInfo (RoleInfo.java:updateAndGet(143)) - 842067f9-d964-4704-9fac-339bb292f0b1: start FollowerState
2019-09-03 19:26:07,405 [pool-449-thread-1] INFO  util.JmxRegister (JmxRegister.java:tryRegister(44)) - Successfully registered JMX Bean with object name Ratis:service=RaftServer,group=group-5D8D6D73FB02,id=842067f9-d964-4704-9fac-339bb292f0b1
2019-09-03 19:26:07,410 [RatisPipelineUtilsThread] INFO  pipeline.PipelineStateManager (PipelineStateManager.java:addPipeline(56)) - Created pipeline Pipeline[ Id: f7baeb13-b13b-455c-af96-5d8d6d73fb02, Nodes: 842067f9-d964-4704-9fac-339bb292f0b1{ip: 192.168.36.111, host: pr-hdds-1200-xgh2h-450883189, networkLocation: /default-rack, certSerialId: null}, Type:RATIS, Factor:ONE, State:OPEN]
2019-09-03 19:26:07,416 [grpc-default-executor-8] INFO  impl.RaftServerProxy (RaftServerProxy.java:addNew(89)) - dd8cfd05-4000-4955-ac1a-45b85b415652: addNew group-DE2062FBC0B0:[dd8cfd05-4000-4955-ac1a-45b85b415652:192.168.36.111:33102] returns group-DE2062FBC0B0:java.util.concurrent.CompletableFuture@2c78cf48[Not completed]
2019-09-03 19:26:07,417 [pool-459-thread-1] INFO  impl.RaftServerImpl (RaftServerImpl.java:<init>(93)) - dd8cfd05-4000-4955-ac1a-45b85b415652: new RaftServerImpl for group-DE2062FBC0B0:[dd8cfd05-4000-4955-ac1a-45b85b415652:192.168.36.111:33102] with ContainerStateMachine:uninitialized
2019-09-03 19:26:07,417 [pool-459-thread-1] INFO  server.RaftServerConfigKeys (ConfUtils.java:logGet(43)) - raft.server.rpc.timeout.min = 5s (custom)
2019-09-03 19:26:07,418 [pool-459-thread-1] INFO  server.RaftServerConfigKeys (ConfUtils.java:logGet(43)) - raft.server.rpc.timeout.max = 5200ms (custom)
2019-09-03 19:26:07,418 [pool-459-thread-1] INFO  server.RaftServerConfigKeys (ConfUtils.java:logGet(43)) - raft.server.rpcslowness.timeout = 120s (custom)
2019-09-03 19:26:07,418 [pool-459-thread-1] INFO  server.RaftServerConfigKeys (ConfUtils.java:logGet(43)) - raft.server.sleep.deviation.threshold = 300 (default)
2019-09-03 19:26:07,418 [pool-459-thread-1] INFO  server.RaftServerConfigKeys (ConfUtils.java:logGet(43)) - raft.server.log.appender.install.snapshot.enabled = false (custom)
2019-09-03 19:26:07,418 [pool-459-thread-1] INFO  impl.RaftServerImpl (ServerState.java:<init>(105)) - dd8cfd05-4000-4955-ac1a-45b85b415652:group-DE2062FBC0B0 ConfigurationManager, init=-1: [dd8cfd05-4000-4955-ac1a-45b85b415652:192.168.36.111:33102], old=null, confs=<EMPTY_MAP>
2019-09-03 19:26:07,418 [pool-459-thread-1] INFO  server.RaftServerConfigKeys (ConfUtils.java:logGet(43)) - raft.server.storage.dir = [/workdir/hadoop-ozone/integration-test/target/test-dir/MiniOzoneClusterImpl-02951a51-9d93-4f48-8a2f-9f437eec0b3a/datanode-5/data/ratis] (custom)
2019-09-03 19:26:07,418 [pool-459-thread-1] INFO  storage.RaftStorageDirectory (RaftStorageDirectory.java:analyzeStorage(246)) - The storage directory /workdir/hadoop-ozone/integration-test/target/test-dir/MiniOzoneClusterImpl-02951a51-9d93-4f48-8a2f-9f437eec0b3a/datanode-5/data/ratis/7a7e0cf5-9bb5-4d9a-8117-de2062fbc0b0 does not exist. Creating ...
2019-09-03 19:26:07,432 [pool-459-thread-1] INFO  storage.RaftStorageDirectory (RaftStorageDirectory.java:tryLock(328)) - Lock on /workdir/hadoop-ozone/integration-test/target/test-dir/MiniOzoneClusterImpl-02951a51-9d93-4f48-8a2f-9f437eec0b3a/datanode-5/data/ratis/7a7e0cf5-9bb5-4d9a-8117-de2062fbc0b0/in_use.lock acquired by nodename 23079@pr-hdds-1200-xgh2h-450883189
2019-09-03 19:26:07,445 [pool-459-thread-1] INFO  storage.RaftStorage (RaftStorage.java:format(72)) - Storage directory /workdir/hadoop-ozone/integration-test/target/test-dir/MiniOzoneClusterImpl-02951a51-9d93-4f48-8a2f-9f437eec0b3a/datanode-5/data/ratis/7a7e0cf5-9bb5-4d9a-8117-de2062fbc0b0 has been successfully formatted.
2019-09-03 19:26:07,445 [pool-459-thread-1] INFO  ratis.ContainerStateMachine (ContainerStateMachine.java:loadSnapshot(227)) - group-DE2062FBC0B0: The snapshot info is null. Setting the last applied indexto:(t:0, i:~)
2019-09-03 19:26:07,445 [pool-459-thread-1] INFO  server.RaftServerConfigKeys (ConfUtils.java:logGet(43)) - raft.server.leader.election.timeout = 120s (custom)
2019-09-03 19:26:07,445 [pool-459-thread-1] INFO  server.RaftServerConfigKeys (ConfUtils.java:logGet(43)) - raft.server.log.use.memory = false (default)
2019-09-03 19:26:07,445 [pool-459-thread-1] INFO  server.RaftServerConfigKeys (ConfUtils.java:logGet(43)) - raft.server.log.purge.gap = 1000000 (custom)
2019-09-03 19:26:07,445 [pool-459-thread-1] INFO  server.RaftServerConfigKeys (ConfUtils.java:logGet(43)) - raft.server.log.appender.buffer.byte-limit = 33554432 (custom)
2019-09-03 19:26:07,445 [pool-459-thread-1] INFO  server.RaftServerConfigKeys (ConfUtils.java:logGet(43)) - raft.server.log.segment.size.max = 1048576 (custom)
2019-09-03 19:26:07,445 [pool-459-thread-1] INFO  server.RaftServerConfigKeys (ConfUtils.java:logGet(43)) - raft.server.log.segment.cache.num.max = 2 (custom)
2019-09-03 19:26:07,446 [pool-459-thread-1] INFO  segmented.SegmentedRaftLogWorker (SegmentedRaftLogWorker.java:<init>(172)) - new dd8cfd05-4000-4955-ac1a-45b85b415652-SegmentedRaftLogWorker:Storage Directory /workdir/hadoop-ozone/integration-test/target/test-dir/MiniOzoneClusterImpl-02951a51-9d93-4f48-8a2f-9f437eec0b3a/datanode-5/data/ratis/7a7e0cf5-9bb5-4d9a-8117-de2062fbc0b0 for RaftStorage:Storage Directory /workdir/hadoop-ozone/integration-test/target/test-dir/MiniOzoneClusterImpl-02951a51-9d93-4f48-8a2f-9f437eec0b3a/datanode-5/data/ratis/7a7e0cf5-9bb5-4d9a-8117-de2062fbc0b0
2019-09-03 19:26:07,446 [pool-459-thread-1] INFO  server.RaftServerConfigKeys (ConfUtils.java:logGet(43)) - raft.server.log.queue.byte-limit = 2147483647 (custom)
2019-09-03 19:26:07,446 [pool-459-thread-1] INFO  server.RaftServerConfigKeys (ConfUtils.java:logGet(43)) - raft.server.log.queue.element-limit = 1024 (custom)
2019-09-03 19:26:07,446 [pool-459-thread-1] INFO  server.RaftServerConfigKeys (ConfUtils.java:logGet(43)) - raft.server.log.segment.size.max = 1048576 (custom)
2019-09-03 19:26:07,446 [pool-459-thread-1] INFO  server.RaftServerConfigKeys (ConfUtils.java:logGet(43)) - raft.server.log.preallocated.size = 16384 (custom)
2019-09-03 19:26:07,446 [pool-459-thread-1] INFO  server.RaftServerConfigKeys (ConfUtils.java:logGet(43)) - raft.server.log.write.buffer.size = 33554432 (custom)
2019-09-03 19:26:07,446 [pool-459-thread-1] INFO  server.RaftServerConfigKeys (ConfUtils.java:logGet(43)) - raft.server.log.force.sync.num = 128 (default)
2019-09-03 19:26:07,447 [pool-459-thread-1] INFO  server.RaftServerConfigKeys (ConfUtils.java:logGet(43)) - raft.server.log.statemachine.data.sync = true (default)
2019-09-03 19:26:07,447 [pool-459-thread-1] INFO  server.RaftServerConfigKeys (ConfUtils.java:logGet(43)) - raft.server.log.statemachine.data.sync.timeout = 10s (default)
2019-09-03 19:26:07,447 [pool-459-thread-1] INFO  server.RaftServerConfigKeys (ConfUtils.java:logGet(43)) - raft.server.log.statemachine.data.sync.timeout.retry = -1 (default)
2019-09-03 19:26:07,447 [pool-459-thread-1] INFO  server.RaftServerConfigKeys (ConfUtils.java:logGet(43)) - raft.server.log.statemachine.data.caching.enabled = true (custom)
2019-09-03 19:26:07,447 [pool-459-thread-1] INFO  segmented.SegmentedRaftLogWorker (SegmentedRaftLogWorker.java:lambda$new$0(132)) - dd8cfd05-4000-4955-ac1a-45b85b415652-SegmentedRaftLogWorker:Storage Directory /workdir/hadoop-ozone/integration-test/target/test-dir/MiniOzoneClusterImpl-02951a51-9d93-4f48-8a2f-9f437eec0b3a/datanode-5/data/ratis/7a7e0cf5-9bb5-4d9a-8117-de2062fbc0b0: flushIndex: setUnconditionally 0 -> -1
2019-09-03 19:26:07,448 [pool-459-thread-1] INFO  server.RaftServerConfigKeys (ConfUtils.java:logGet(43)) - raft.server.snapshot.auto.trigger.enabled = true (custom)
2019-09-03 19:26:07,448 [pool-459-thread-1] INFO  server.RaftServerConfigKeys (ConfUtils.java:logGet(43)) - raft.server.snapshot.auto.trigger.threshold = 10000 (custom)
2019-09-03 19:26:07,448 [pool-459-thread-1] INFO  server.RaftServerConfigKeys (ConfUtils.java:logGet(43)) - raft.server.retrycache.expirytime = 600000ms (custom)
2019-09-03 19:26:07,448 [pool-459-thread-1] INFO  impl.RaftServerImpl (RaftServerImpl.java:start(180)) - dd8cfd05-4000-4955-ac1a-45b85b415652: start group-DE2062FBC0B0
2019-09-03 19:26:07,448 [pool-459-thread-1] INFO  impl.RaftServerImpl (RaftServerImpl.java:setRole(171)) - dd8cfd05-4000-4955-ac1a-45b85b415652:group-DE2062FBC0B0 changes role from null to FOLLOWER at term 0 for startAsFollower
2019-09-03 19:26:07,448 [pool-459-thread-1] INFO  impl.RoleInfo (RoleInfo.java:updateAndGet(143)) - dd8cfd05-4000-4955-ac1a-45b85b415652: start FollowerState
2019-09-03 19:26:07,449 [pool-459-thread-1] INFO  util.JmxRegister (JmxRegister.java:tryRegister(44)) - Successfully registered JMX Bean with object name Ratis:service=RaftServer,group=group-DE2062FBC0B0,id=dd8cfd05-4000-4955-ac1a-45b85b415652
2019-09-03 19:26:07,453 [RatisPipelineUtilsThread] INFO  pipeline.PipelineStateManager (PipelineStateManager.java:addPipeline(56)) - Created pipeline Pipeline[ Id: 7a7e0cf5-9bb5-4d9a-8117-de2062fbc0b0, Nodes: dd8cfd05-4000-4955-ac1a-45b85b415652{ip: 192.168.36.111, host: pr-hdds-1200-xgh2h-450883189, networkLocation: /default-rack, certSerialId: null}, Type:RATIS, Factor:ONE, State:OPEN]
2019-09-03 19:26:07,460 [grpc-default-executor-8] INFO  impl.RaftServerProxy (RaftServerProxy.java:addNew(89)) - 243df66c-4ee7-4dc6-a4d1-401ff0e2c7f3: addNew group-A8556519AA4D:[243df66c-4ee7-4dc6-a4d1-401ff0e2c7f3:192.168.36.111:46193] returns group-A8556519AA4D:java.util.concurrent.CompletableFuture@12cff3a5[Not completed]
2019-09-03 19:26:07,461 [pool-469-thread-1] INFO  impl.RaftServerImpl (RaftServerImpl.java:<init>(93)) - 243df66c-4ee7-4dc6-a4d1-401ff0e2c7f3: new RaftServerImpl for group-A8556519AA4D:[243df66c-4ee7-4dc6-a4d1-401ff0e2c7f3:192.168.36.111:46193] with ContainerStateMachine:uninitialized
2019-09-03 19:26:07,461 [pool-469-thread-1] INFO  server.RaftServerConfigKeys (ConfUtils.java:logGet(43)) - raft.server.rpc.timeout.min = 5s (custom)
2019-09-03 19:26:07,461 [pool-469-thread-1] INFO  server.RaftServerConfigKeys (ConfUtils.java:logGet(43)) - raft.server.rpc.timeout.max = 5200ms (custom)
2019-09-03 19:26:07,461 [pool-469-thread-1] INFO  server.RaftServerConfigKeys (ConfUtils.java:logGet(43)) - raft.server.rpcslowness.timeout = 120s (custom)
2019-09-03 19:26:07,461 [pool-469-thread-1] INFO  server.RaftServerConfigKeys (ConfUtils.java:logGet(43)) - raft.server.sleep.deviation.threshold = 300 (default)
2019-09-03 19:26:07,461 [pool-469-thread-1] INFO  server.RaftServerConfigKeys (ConfUtils.java:logGet(43)) - raft.server.log.appender.install.snapshot.enabled = false (custom)
2019-09-03 19:26:07,461 [pool-469-thread-1] INFO  impl.RaftServerImpl (ServerState.java:<init>(105)) - 243df66c-4ee7-4dc6-a4d1-401ff0e2c7f3:group-A8556519AA4D ConfigurationManager, init=-1: [243df66c-4ee7-4dc6-a4d1-401ff0e2c7f3:192.168.36.111:46193], old=null, confs=<EMPTY_MAP>
2019-09-03 19:26:07,462 [pool-469-thread-1] INFO  server.RaftServerConfigKeys (ConfUtils.java:logGet(43)) - raft.server.storage.dir = [/workdir/hadoop-ozone/integration-test/target/test-dir/MiniOzoneClusterImpl-02951a51-9d93-4f48-8a2f-9f437eec0b3a/datanode-6/data/ratis] (custom)
2019-09-03 19:26:07,462 [pool-469-thread-1] INFO  storage.RaftStorageDirectory (RaftStorageDirectory.java:analyzeStorage(246)) - The storage directory /workdir/hadoop-ozone/integration-test/target/test-dir/MiniOzoneClusterImpl-02951a51-9d93-4f48-8a2f-9f437eec0b3a/datanode-6/data/ratis/0847e7bc-7ce3-4adc-a44a-a8556519aa4d does not exist. Creating ...
2019-09-03 19:26:07,475 [pool-469-thread-1] INFO  storage.RaftStorageDirectory (RaftStorageDirectory.java:tryLock(328)) - Lock on /workdir/hadoop-ozone/integration-test/target/test-dir/MiniOzoneClusterImpl-02951a51-9d93-4f48-8a2f-9f437eec0b3a/datanode-6/data/ratis/0847e7bc-7ce3-4adc-a44a-a8556519aa4d/in_use.lock acquired by nodename 23079@pr-hdds-1200-xgh2h-450883189
2019-09-03 19:26:07,488 [pool-469-thread-1] INFO  storage.RaftStorage (RaftStorage.java:format(72)) - Storage directory /workdir/hadoop-ozone/integration-test/target/test-dir/MiniOzoneClusterImpl-02951a51-9d93-4f48-8a2f-9f437eec0b3a/datanode-6/data/ratis/0847e7bc-7ce3-4adc-a44a-a8556519aa4d has been successfully formatted.
2019-09-03 19:26:07,489 [pool-469-thread-1] INFO  ratis.ContainerStateMachine (ContainerStateMachine.java:loadSnapshot(227)) - group-A8556519AA4D: The snapshot info is null. Setting the last applied indexto:(t:0, i:~)
2019-09-03 19:26:07,489 [pool-469-thread-1] INFO  server.RaftServerConfigKeys (ConfUtils.java:logGet(43)) - raft.server.leader.election.timeout = 120s (custom)
2019-09-03 19:26:07,489 [pool-469-thread-1] INFO  server.RaftServerConfigKeys (ConfUtils.java:logGet(43)) - raft.server.log.use.memory = false (default)
2019-09-03 19:26:07,489 [pool-469-thread-1] INFO  server.RaftServerConfigKeys (ConfUtils.java:logGet(43)) - raft.server.log.purge.gap = 1000000 (custom)
2019-09-03 19:26:07,489 [pool-469-thread-1] INFO  server.RaftServerConfigKeys (ConfUtils.java:logGet(43)) - raft.server.log.appender.buffer.byte-limit = 33554432 (custom)
2019-09-03 19:26:07,489 [pool-469-thread-1] INFO  server.RaftServerConfigKeys (ConfUtils.java:logGet(43)) - raft.server.log.segment.size.max = 1048576 (custom)
2019-09-03 19:26:07,489 [pool-469-thread-1] INFO  server.RaftServerConfigKeys (ConfUtils.java:logGet(43)) - raft.server.log.segment.cache.num.max = 2 (custom)
2019-09-03 19:26:07,490 [pool-469-thread-1] INFO  segmented.SegmentedRaftLogWorker (SegmentedRaftLogWorker.java:<init>(172)) - new 243df66c-4ee7-4dc6-a4d1-401ff0e2c7f3-SegmentedRaftLogWorker:Storage Directory /workdir/hadoop-ozone/integration-test/target/test-dir/MiniOzoneClusterImpl-02951a51-9d93-4f48-8a2f-9f437eec0b3a/datanode-6/data/ratis/0847e7bc-7ce3-4adc-a44a-a8556519aa4d for RaftStorage:Storage Directory /workdir/hadoop-ozone/integration-test/target/test-dir/MiniOzoneClusterImpl-02951a51-9d93-4f48-8a2f-9f437eec0b3a/datanode-6/data/ratis/0847e7bc-7ce3-4adc-a44a-a8556519aa4d
2019-09-03 19:26:07,490 [pool-469-thread-1] INFO  server.RaftServerConfigKeys (ConfUtils.java:logGet(43)) - raft.server.log.queue.byte-limit = 2147483647 (custom)
2019-09-03 19:26:07,490 [pool-469-thread-1] INFO  server.RaftServerConfigKeys (ConfUtils.java:logGet(43)) - raft.server.log.queue.element-limit = 1024 (custom)
2019-09-03 19:26:07,490 [pool-469-thread-1] INFO  server.RaftServerConfigKeys (ConfUtils.java:logGet(43)) - raft.server.log.segment.size.max = 1048576 (custom)
2019-09-03 19:26:07,490 [pool-469-thread-1] INFO  server.RaftServerConfigKeys (ConfUtils.java:logGet(43)) - raft.server.log.preallocated.size = 16384 (custom)
2019-09-03 19:26:07,490 [pool-469-thread-1] INFO  server.RaftServerConfigKeys (ConfUtils.java:logGet(43)) - raft.server.log.write.buffer.size = 33554432 (custom)
2019-09-03 19:26:07,491 [pool-469-thread-1] INFO  server.RaftServerConfigKeys (ConfUtils.java:logGet(43)) - raft.server.log.force.sync.num = 128 (default)
2019-09-03 19:26:07,491 [pool-469-thread-1] INFO  server.RaftServerConfigKeys (ConfUtils.java:logGet(43)) - raft.server.log.statemachine.data.sync = true (default)
2019-09-03 19:26:07,491 [pool-469-thread-1] INFO  server.RaftServerConfigKeys (ConfUtils.java:logGet(43)) - raft.server.log.statemachine.data.sync.timeout = 10s (default)
2019-09-03 19:26:07,491 [pool-469-thread-1] INFO  server.RaftServerConfigKeys (ConfUtils.java:logGet(43)) - raft.server.log.statemachine.data.sync.timeout.retry = -1 (default)
2019-09-03 19:26:07,491 [pool-469-thread-1] INFO  server.RaftServerConfigKeys (ConfUtils.java:logGet(43)) - raft.server.log.statemachine.data.caching.enabled = true (custom)
2019-09-03 19:26:07,492 [pool-469-thread-1] INFO  segmented.SegmentedRaftLogWorker (SegmentedRaftLogWorker.java:lambda$new$0(132)) - 243df66c-4ee7-4dc6-a4d1-401ff0e2c7f3-SegmentedRaftLogWorker:Storage Directory /workdir/hadoop-ozone/integration-test/target/test-dir/MiniOzoneClusterImpl-02951a51-9d93-4f48-8a2f-9f437eec0b3a/datanode-6/data/ratis/0847e7bc-7ce3-4adc-a44a-a8556519aa4d: flushIndex: setUnconditionally 0 -> -1
2019-09-03 19:26:07,492 [pool-469-thread-1] INFO  server.RaftServerConfigKeys (ConfUtils.java:logGet(43)) - raft.server.snapshot.auto.trigger.enabled = true (custom)
2019-09-03 19:26:07,492 [pool-469-thread-1] INFO  server.RaftServerConfigKeys (ConfUtils.java:logGet(43)) - raft.server.snapshot.auto.trigger.threshold = 10000 (custom)
2019-09-03 19:26:07,492 [pool-469-thread-1] INFO  server.RaftServerConfigKeys (ConfUtils.java:logGet(43)) - raft.server.retrycache.expirytime = 600000ms (custom)
2019-09-03 19:26:07,493 [pool-469-thread-1] INFO  impl.RaftServerImpl (RaftServerImpl.java:start(180)) - 243df66c-4ee7-4dc6-a4d1-401ff0e2c7f3: start group-A8556519AA4D
2019-09-03 19:26:07,493 [pool-469-thread-1] INFO  impl.RaftServerImpl (RaftServerImpl.java:setRole(171)) - 243df66c-4ee7-4dc6-a4d1-401ff0e2c7f3:group-A8556519AA4D changes role from null to FOLLOWER at term 0 for startAsFollower
2019-09-03 19:26:07,493 [pool-469-thread-1] INFO  impl.RoleInfo (RoleInfo.java:updateAndGet(143)) - 243df66c-4ee7-4dc6-a4d1-401ff0e2c7f3: start FollowerState
2019-09-03 19:26:07,493 [pool-469-thread-1] INFO  util.JmxRegister (JmxRegister.java:tryRegister(44)) - Successfully registered JMX Bean with object name Ratis:service=RaftServer,group=group-A8556519AA4D,id=243df66c-4ee7-4dc6-a4d1-401ff0e2c7f3
2019-09-03 19:26:07,498 [RatisPipelineUtilsThread] INFO  pipeline.PipelineStateManager (PipelineStateManager.java:addPipeline(56)) - Created pipeline Pipeline[ Id: 0847e7bc-7ce3-4adc-a44a-a8556519aa4d, Nodes: 243df66c-4ee7-4dc6-a4d1-401ff0e2c7f3{ip: 192.168.36.111, host: pr-hdds-1200-xgh2h-450883189, networkLocation: /default-rack, certSerialId: null}, Type:RATIS, Factor:ONE, State:OPEN]
2019-09-03 19:26:07,516 [grpc-default-executor-10] INFO  impl.RaftServerProxy (RaftServerProxy.java:addNew(89)) - dd8cfd05-4000-4955-ac1a-45b85b415652: addNew group-D43D9728F9DB:[842067f9-d964-4704-9fac-339bb292f0b1:192.168.36.111:44903, dd8cfd05-4000-4955-ac1a-45b85b415652:192.168.36.111:33102, 132c2cee-ba09-4dde-896e-8618e1396401:192.168.36.111:41632] returns group-D43D9728F9DB:java.util.concurrent.CompletableFuture@6e1a6a23[Not completed]
2019-09-03 19:26:07,516 [grpc-default-executor-5] INFO  impl.RaftServerProxy (RaftServerProxy.java:addNew(89)) - 132c2cee-ba09-4dde-896e-8618e1396401: addNew group-D43D9728F9DB:[842067f9-d964-4704-9fac-339bb292f0b1:192.168.36.111:44903, dd8cfd05-4000-4955-ac1a-45b85b415652:192.168.36.111:33102, 132c2cee-ba09-4dde-896e-8618e1396401:192.168.36.111:41632] returns group-D43D9728F9DB:java.util.concurrent.CompletableFuture@59d4e1f4[Not completed]
2019-09-03 19:26:07,516 [grpc-default-executor-8] INFO  impl.RaftServerProxy (RaftServerProxy.java:addNew(89)) - 842067f9-d964-4704-9fac-339bb292f0b1: addNew group-D43D9728F9DB:[842067f9-d964-4704-9fac-339bb292f0b1:192.168.36.111:44903, dd8cfd05-4000-4955-ac1a-45b85b415652:192.168.36.111:33102, 132c2cee-ba09-4dde-896e-8618e1396401:192.168.36.111:41632] returns group-D43D9728F9DB:java.util.concurrent.CompletableFuture@45aee8f4[Not completed]
2019-09-03 19:26:07,518 [pool-439-thread-1] INFO  impl.RaftServerImpl (RaftServerImpl.java:<init>(93)) - 132c2cee-ba09-4dde-896e-8618e1396401: new RaftServerImpl for group-D43D9728F9DB:[842067f9-d964-4704-9fac-339bb292f0b1:192.168.36.111:44903, dd8cfd05-4000-4955-ac1a-45b85b415652:192.168.36.111:33102, 132c2cee-ba09-4dde-896e-8618e1396401:192.168.36.111:41632] with ContainerStateMachine:uninitialized
2019-09-03 19:26:07,518 [pool-439-thread-1] INFO  server.RaftServerConfigKeys (ConfUtils.java:logGet(43)) - raft.server.rpc.timeout.min = 5s (custom)
2019-09-03 19:26:07,518 [pool-439-thread-1] INFO  server.RaftServerConfigKeys (ConfUtils.java:logGet(43)) - raft.server.rpc.timeout.max = 5200ms (custom)
2019-09-03 19:26:07,518 [pool-439-thread-1] INFO  server.RaftServerConfigKeys (ConfUtils.java:logGet(43)) - raft.server.rpcslowness.timeout = 120s (custom)
2019-09-03 19:26:07,518 [pool-439-thread-1] INFO  server.RaftServerConfigKeys (ConfUtils.java:logGet(43)) - raft.server.sleep.deviation.threshold = 300 (default)
2019-09-03 19:26:07,519 [pool-439-thread-1] INFO  server.RaftServerConfigKeys (ConfUtils.java:logGet(43)) - raft.server.log.appender.install.snapshot.enabled = false (custom)
2019-09-03 19:26:07,519 [pool-459-thread-1] INFO  impl.RaftServerImpl (RaftServerImpl.java:<init>(93)) - dd8cfd05-4000-4955-ac1a-45b85b415652: new RaftServerImpl for group-D43D9728F9DB:[842067f9-d964-4704-9fac-339bb292f0b1:192.168.36.111:44903, dd8cfd05-4000-4955-ac1a-45b85b415652:192.168.36.111:33102, 132c2cee-ba09-4dde-896e-8618e1396401:192.168.36.111:41632] with ContainerStateMachine:uninitialized
2019-09-03 19:26:07,519 [pool-439-thread-1] INFO  impl.RaftServerImpl (ServerState.java:<init>(105)) - 132c2cee-ba09-4dde-896e-8618e1396401:group-D43D9728F9DB ConfigurationManager, init=-1: [842067f9-d964-4704-9fac-339bb292f0b1:192.168.36.111:44903, dd8cfd05-4000-4955-ac1a-45b85b415652:192.168.36.111:33102, 132c2cee-ba09-4dde-896e-8618e1396401:192.168.36.111:41632], old=null, confs=<EMPTY_MAP>
2019-09-03 19:26:07,519 [pool-459-thread-1] INFO  server.RaftServerConfigKeys (ConfUtils.java:logGet(43)) - raft.server.rpc.timeout.min = 5s (custom)
2019-09-03 19:26:07,519 [pool-439-thread-1] INFO  server.RaftServerConfigKeys (ConfUtils.java:logGet(43)) - raft.server.storage.dir = [/workdir/hadoop-ozone/integration-test/target/test-dir/MiniOzoneClusterImpl-02951a51-9d93-4f48-8a2f-9f437eec0b3a/datanode-3/data/ratis] (custom)
2019-09-03 19:26:07,519 [pool-459-thread-1] INFO  server.RaftServerConfigKeys (ConfUtils.java:logGet(43)) - raft.server.rpc.timeout.max = 5200ms (custom)
2019-09-03 19:26:07,519 [pool-459-thread-1] INFO  server.RaftServerConfigKeys (ConfUtils.java:logGet(43)) - raft.server.rpcslowness.timeout = 120s (custom)
2019-09-03 19:26:07,520 [pool-449-thread-1] INFO  impl.RaftServerImpl (RaftServerImpl.java:<init>(93)) - 842067f9-d964-4704-9fac-339bb292f0b1: new RaftServerImpl for group-D43D9728F9DB:[842067f9-d964-4704-9fac-339bb292f0b1:192.168.36.111:44903, dd8cfd05-4000-4955-ac1a-45b85b415652:192.168.36.111:33102, 132c2cee-ba09-4dde-896e-8618e1396401:192.168.36.111:41632] with ContainerStateMachine:uninitialized
2019-09-03 19:26:07,520 [pool-459-thread-1] INFO  server.RaftServerConfigKeys (ConfUtils.java:logGet(43)) - raft.server.sleep.deviation.threshold = 300 (default)
2019-09-03 19:26:07,520 [pool-439-thread-1] INFO  storage.RaftStorageDirectory (RaftStorageDirectory.java:analyzeStorage(246)) - The storage directory /workdir/hadoop-ozone/integration-test/target/test-dir/MiniOzoneClusterImpl-02951a51-9d93-4f48-8a2f-9f437eec0b3a/datanode-3/data/ratis/0f28de98-0573-4103-9eab-d43d9728f9db does not exist. Creating ...
2019-09-03 19:26:07,520 [pool-459-thread-1] INFO  server.RaftServerConfigKeys (ConfUtils.java:logGet(43)) - raft.server.log.appender.install.snapshot.enabled = false (custom)
2019-09-03 19:26:07,520 [pool-449-thread-1] INFO  server.RaftServerConfigKeys (ConfUtils.java:logGet(43)) - raft.server.rpc.timeout.min = 5s (custom)
2019-09-03 19:26:07,520 [pool-459-thread-1] INFO  impl.RaftServerImpl (ServerState.java:<init>(105)) - dd8cfd05-4000-4955-ac1a-45b85b415652:group-D43D9728F9DB ConfigurationManager, init=-1: [842067f9-d964-4704-9fac-339bb292f0b1:192.168.36.111:44903, dd8cfd05-4000-4955-ac1a-45b85b415652:192.168.36.111:33102, 132c2cee-ba09-4dde-896e-8618e1396401:192.168.36.111:41632], old=null, confs=<EMPTY_MAP>
2019-09-03 19:26:07,520 [pool-449-thread-1] INFO  server.RaftServerConfigKeys (ConfUtils.java:logGet(43)) - raft.server.rpc.timeout.max = 5200ms (custom)
2019-09-03 19:26:07,520 [pool-459-thread-1] INFO  server.RaftServerConfigKeys (ConfUtils.java:logGet(43)) - raft.server.storage.dir = [/workdir/hadoop-ozone/integration-test/target/test-dir/MiniOzoneClusterImpl-02951a51-9d93-4f48-8a2f-9f437eec0b3a/datanode-5/data/ratis] (custom)
2019-09-03 19:26:07,520 [pool-449-thread-1] INFO  server.RaftServerConfigKeys (ConfUtils.java:logGet(43)) - raft.server.rpcslowness.timeout = 120s (custom)
2019-09-03 19:26:07,521 [pool-449-thread-1] INFO  server.RaftServerConfigKeys (ConfUtils.java:logGet(43)) - raft.server.sleep.deviation.threshold = 300 (default)
2019-09-03 19:26:07,521 [pool-459-thread-1] INFO  storage.RaftStorageDirectory (RaftStorageDirectory.java:analyzeStorage(246)) - The storage directory /workdir/hadoop-ozone/integration-test/target/test-dir/MiniOzoneClusterImpl-02951a51-9d93-4f48-8a2f-9f437eec0b3a/datanode-5/data/ratis/0f28de98-0573-4103-9eab-d43d9728f9db does not exist. Creating ...
2019-09-03 19:26:07,521 [pool-449-thread-1] INFO  server.RaftServerConfigKeys (ConfUtils.java:logGet(43)) - raft.server.log.appender.install.snapshot.enabled = false (custom)
2019-09-03 19:26:07,521 [pool-449-thread-1] INFO  impl.RaftServerImpl (ServerState.java:<init>(105)) - 842067f9-d964-4704-9fac-339bb292f0b1:group-D43D9728F9DB ConfigurationManager, init=-1: [842067f9-d964-4704-9fac-339bb292f0b1:192.168.36.111:44903, dd8cfd05-4000-4955-ac1a-45b85b415652:192.168.36.111:33102, 132c2cee-ba09-4dde-896e-8618e1396401:192.168.36.111:41632], old=null, confs=<EMPTY_MAP>
2019-09-03 19:26:07,521 [pool-449-thread-1] INFO  server.RaftServerConfigKeys (ConfUtils.java:logGet(43)) - raft.server.storage.dir = [/workdir/hadoop-ozone/integration-test/target/test-dir/MiniOzoneClusterImpl-02951a51-9d93-4f48-8a2f-9f437eec0b3a/datanode-4/data/ratis] (custom)
2019-09-03 19:26:07,522 [pool-449-thread-1] INFO  storage.RaftStorageDirectory (RaftStorageDirectory.java:analyzeStorage(246)) - The storage directory /workdir/hadoop-ozone/integration-test/target/test-dir/MiniOzoneClusterImpl-02951a51-9d93-4f48-8a2f-9f437eec0b3a/datanode-4/data/ratis/0f28de98-0573-4103-9eab-d43d9728f9db does not exist. Creating ...
2019-09-03 19:26:07,533 [pool-459-thread-1] INFO  storage.RaftStorageDirectory (RaftStorageDirectory.java:tryLock(328)) - Lock on /workdir/hadoop-ozone/integration-test/target/test-dir/MiniOzoneClusterImpl-02951a51-9d93-4f48-8a2f-9f437eec0b3a/datanode-5/data/ratis/0f28de98-0573-4103-9eab-d43d9728f9db/in_use.lock acquired by nodename 23079@pr-hdds-1200-xgh2h-450883189
2019-09-03 19:26:07,533 [pool-439-thread-1] INFO  storage.RaftStorageDirectory (RaftStorageDirectory.java:tryLock(328)) - Lock on /workdir/hadoop-ozone/integration-test/target/test-dir/MiniOzoneClusterImpl-02951a51-9d93-4f48-8a2f-9f437eec0b3a/datanode-3/data/ratis/0f28de98-0573-4103-9eab-d43d9728f9db/in_use.lock acquired by nodename 23079@pr-hdds-1200-xgh2h-450883189
2019-09-03 19:26:07,533 [pool-449-thread-1] INFO  storage.RaftStorageDirectory (RaftStorageDirectory.java:tryLock(328)) - Lock on /workdir/hadoop-ozone/integration-test/target/test-dir/MiniOzoneClusterImpl-02951a51-9d93-4f48-8a2f-9f437eec0b3a/datanode-4/data/ratis/0f28de98-0573-4103-9eab-d43d9728f9db/in_use.lock acquired by nodename 23079@pr-hdds-1200-xgh2h-450883189
2019-09-03 19:26:07,547 [pool-439-thread-1] INFO  storage.RaftStorage (RaftStorage.java:format(72)) - Storage directory /workdir/hadoop-ozone/integration-test/target/test-dir/MiniOzoneClusterImpl-02951a51-9d93-4f48-8a2f-9f437eec0b3a/datanode-3/data/ratis/0f28de98-0573-4103-9eab-d43d9728f9db has been successfully formatted.
2019-09-03 19:26:07,547 [pool-459-thread-1] INFO  storage.RaftStorage (RaftStorage.java:format(72)) - Storage directory /workdir/hadoop-ozone/integration-test/target/test-dir/MiniOzoneClusterImpl-02951a51-9d93-4f48-8a2f-9f437eec0b3a/datanode-5/data/ratis/0f28de98-0573-4103-9eab-d43d9728f9db has been successfully formatted.
2019-09-03 19:26:07,547 [pool-449-thread-1] INFO  storage.RaftStorage (RaftStorage.java:format(72)) - Storage directory /workdir/hadoop-ozone/integration-test/target/test-dir/MiniOzoneClusterImpl-02951a51-9d93-4f48-8a2f-9f437eec0b3a/datanode-4/data/ratis/0f28de98-0573-4103-9eab-d43d9728f9db has been successfully formatted.
2019-09-03 19:26:07,547 [pool-439-thread-1] INFO  ratis.ContainerStateMachine (ContainerStateMachine.java:loadSnapshot(227)) - group-D43D9728F9DB: The snapshot info is null. Setting the last applied indexto:(t:0, i:~)
2019-09-03 19:26:07,548 [pool-449-thread-1] INFO  ratis.ContainerStateMachine (ContainerStateMachine.java:loadSnapshot(227)) - group-D43D9728F9DB: The snapshot info is null. Setting the last applied indexto:(t:0, i:~)
2019-09-03 19:26:07,548 [pool-459-thread-1] INFO  ratis.ContainerStateMachine (ContainerStateMachine.java:loadSnapshot(227)) - group-D43D9728F9DB: The snapshot info is null. Setting the last applied indexto:(t:0, i:~)
2019-09-03 19:26:07,548 [pool-449-thread-1] INFO  server.RaftServerConfigKeys (ConfUtils.java:logGet(43)) - raft.server.leader.election.timeout = 120s (custom)
2019-09-03 19:26:07,548 [pool-439-thread-1] INFO  server.RaftServerConfigKeys (ConfUtils.java:logGet(43)) - raft.server.leader.election.timeout = 120s (custom)
2019-09-03 19:26:07,548 [pool-449-thread-1] INFO  server.RaftServerConfigKeys (ConfUtils.java:logGet(43)) - raft.server.log.use.memory = false (default)
2019-09-03 19:26:07,548 [pool-459-thread-1] INFO  server.RaftServerConfigKeys (ConfUtils.java:logGet(43)) - raft.server.leader.election.timeout = 120s (custom)
2019-09-03 19:26:07,548 [pool-449-thread-1] INFO  server.RaftServerConfigKeys (ConfUtils.java:logGet(43)) - raft.server.log.purge.gap = 1000000 (custom)
2019-09-03 19:26:07,548 [pool-439-thread-1] INFO  server.RaftServerConfigKeys (ConfUtils.java:logGet(43)) - raft.server.log.use.memory = false (default)
2019-09-03 19:26:07,548 [pool-449-thread-1] INFO  server.RaftServerConfigKeys (ConfUtils.java:logGet(43)) - raft.server.log.appender.buffer.byte-limit = 33554432 (custom)
2019-09-03 19:26:07,548 [pool-459-thread-1] INFO  server.RaftServerConfigKeys (ConfUtils.java:logGet(43)) - raft.server.log.use.memory = false (default)
2019-09-03 19:26:07,549 [pool-449-thread-1] INFO  server.RaftServerConfigKeys (ConfUtils.java:logGet(43)) - raft.server.log.segment.size.max = 1048576 (custom)
2019-09-03 19:26:07,548 [pool-439-thread-1] INFO  server.RaftServerConfigKeys (ConfUtils.java:logGet(43)) - raft.server.log.purge.gap = 1000000 (custom)
2019-09-03 19:26:07,549 [pool-449-thread-1] INFO  server.RaftServerConfigKeys (ConfUtils.java:logGet(43)) - raft.server.log.segment.cache.num.max = 2 (custom)
2019-09-03 19:26:07,549 [pool-449-thread-1] INFO  segmented.SegmentedRaftLogWorker (SegmentedRaftLogWorker.java:<init>(172)) - new 842067f9-d964-4704-9fac-339bb292f0b1-SegmentedRaftLogWorker:Storage Directory /workdir/hadoop-ozone/integration-test/target/test-dir/MiniOzoneClusterImpl-02951a51-9d93-4f48-8a2f-9f437eec0b3a/datanode-4/data/ratis/0f28de98-0573-4103-9eab-d43d9728f9db for RaftStorage:Storage Directory /workdir/hadoop-ozone/integration-test/target/test-dir/MiniOzoneClusterImpl-02951a51-9d93-4f48-8a2f-9f437eec0b3a/datanode-4/data/ratis/0f28de98-0573-4103-9eab-d43d9728f9db
2019-09-03 19:26:07,549 [pool-459-thread-1] INFO  server.RaftServerConfigKeys (ConfUtils.java:logGet(43)) - raft.server.log.purge.gap = 1000000 (custom)
2019-09-03 19:26:07,549 [pool-459-thread-1] INFO  server.RaftServerConfigKeys (ConfUtils.java:logGet(43)) - raft.server.log.appender.buffer.byte-limit = 33554432 (custom)
2019-09-03 19:26:07,549 [pool-449-thread-1] INFO  server.RaftServerConfigKeys (ConfUtils.java:logGet(43)) - raft.server.log.queue.byte-limit = 2147483647 (custom)
2019-09-03 19:26:07,550 [pool-449-thread-1] INFO  server.RaftServerConfigKeys (ConfUtils.java:logGet(43)) - raft.server.log.queue.element-limit = 1024 (custom)
2019-09-03 19:26:07,549 [pool-439-thread-1] INFO  server.RaftServerConfigKeys (ConfUtils.java:logGet(43)) - raft.server.log.appender.buffer.byte-limit = 33554432 (custom)
2019-09-03 19:26:07,550 [pool-449-thread-1] INFO  server.RaftServerConfigKeys (ConfUtils.java:logGet(43)) - raft.server.log.segment.size.max = 1048576 (custom)
2019-09-03 19:26:07,549 [pool-459-thread-1] INFO  server.RaftServerConfigKeys (ConfUtils.java:logGet(43)) - raft.server.log.segment.size.max = 1048576 (custom)
2019-09-03 19:26:07,550 [pool-449-thread-1] INFO  server.RaftServerConfigKeys (ConfUtils.java:logGet(43)) - raft.server.log.preallocated.size = 16384 (custom)
2019-09-03 19:26:07,550 [pool-439-thread-1] INFO  server.RaftServerConfigKeys (ConfUtils.java:logGet(43)) - raft.server.log.segment.size.max = 1048576 (custom)
2019-09-03 19:26:07,550 [pool-449-thread-1] INFO  server.RaftServerConfigKeys (ConfUtils.java:logGet(43)) - raft.server.log.write.buffer.size = 33554432 (custom)
2019-09-03 19:26:07,550 [pool-459-thread-1] INFO  server.RaftServerConfigKeys (ConfUtils.java:logGet(43)) - raft.server.log.segment.cache.num.max = 2 (custom)
2019-09-03 19:26:07,550 [pool-449-thread-1] INFO  server.RaftServerConfigKeys (ConfUtils.java:logGet(43)) - raft.server.log.force.sync.num = 128 (default)
2019-09-03 19:26:07,550 [pool-439-thread-1] INFO  server.RaftServerConfigKeys (ConfUtils.java:logGet(43)) - raft.server.log.segment.cache.num.max = 2 (custom)
2019-09-03 19:26:07,551 [pool-449-thread-1] INFO  server.RaftServerConfigKeys (ConfUtils.java:logGet(43)) - raft.server.log.statemachine.data.sync = true (default)
2019-09-03 19:26:07,551 [pool-449-thread-1] INFO  server.RaftServerConfigKeys (ConfUtils.java:logGet(43)) - raft.server.log.statemachine.data.sync.timeout = 10s (default)
2019-09-03 19:26:07,551 [pool-459-thread-1] INFO  segmented.SegmentedRaftLogWorker (SegmentedRaftLogWorker.java:<init>(172)) - new dd8cfd05-4000-4955-ac1a-45b85b415652-SegmentedRaftLogWorker:Storage Directory /workdir/hadoop-ozone/integration-test/target/test-dir/MiniOzoneClusterImpl-02951a51-9d93-4f48-8a2f-9f437eec0b3a/datanode-5/data/ratis/0f28de98-0573-4103-9eab-d43d9728f9db for RaftStorage:Storage Directory /workdir/hadoop-ozone/integration-test/target/test-dir/MiniOzoneClusterImpl-02951a51-9d93-4f48-8a2f-9f437eec0b3a/datanode-5/data/ratis/0f28de98-0573-4103-9eab-d43d9728f9db
2019-09-03 19:26:07,551 [pool-449-thread-1] INFO  server.RaftServerConfigKeys (ConfUtils.java:logGet(43)) - raft.server.log.statemachine.data.sync.timeout.retry = -1 (default)
2019-09-03 19:26:07,551 [pool-439-thread-1] INFO  segmented.SegmentedRaftLogWorker (SegmentedRaftLogWorker.java:<init>(172)) - new 132c2cee-ba09-4dde-896e-8618e1396401-SegmentedRaftLogWorker:Storage Directory /workdir/hadoop-ozone/integration-test/target/test-dir/MiniOzoneClusterImpl-02951a51-9d93-4f48-8a2f-9f437eec0b3a/datanode-3/data/ratis/0f28de98-0573-4103-9eab-d43d9728f9db for RaftStorage:Storage Directory /workdir/hadoop-ozone/integration-test/target/test-dir/MiniOzoneClusterImpl-02951a51-9d93-4f48-8a2f-9f437eec0b3a/datanode-3/data/ratis/0f28de98-0573-4103-9eab-d43d9728f9db
2019-09-03 19:26:07,551 [pool-449-thread-1] INFO  server.RaftServerConfigKeys (ConfUtils.java:logGet(43)) - raft.server.log.statemachine.data.caching.enabled = true (custom)
2019-09-03 19:26:07,551 [pool-459-thread-1] INFO  server.RaftServerConfigKeys (ConfUtils.java:logGet(43)) - raft.server.log.queue.byte-limit = 2147483647 (custom)
2019-09-03 19:26:07,552 [pool-449-thread-1] INFO  segmented.SegmentedRaftLogWorker (SegmentedRaftLogWorker.java:lambda$new$0(132)) - 842067f9-d964-4704-9fac-339bb292f0b1-SegmentedRaftLogWorker:Storage Directory /workdir/hadoop-ozone/integration-test/target/test-dir/MiniOzoneClusterImpl-02951a51-9d93-4f48-8a2f-9f437eec0b3a/datanode-4/data/ratis/0f28de98-0573-4103-9eab-d43d9728f9db: flushIndex: setUnconditionally 0 -> -1
2019-09-03 19:26:07,551 [pool-439-thread-1] INFO  server.RaftServerConfigKeys (ConfUtils.java:logGet(43)) - raft.server.log.queue.byte-limit = 2147483647 (custom)
2019-09-03 19:26:07,552 [pool-459-thread-1] INFO  server.RaftServerConfigKeys (ConfUtils.java:logGet(43)) - raft.server.log.queue.element-limit = 1024 (custom)
2019-09-03 19:26:07,552 [pool-439-thread-1] INFO  server.RaftServerConfigKeys (ConfUtils.java:logGet(43)) - raft.server.log.queue.element-limit = 1024 (custom)
2019-09-03 19:26:07,552 [pool-459-thread-1] INFO  server.RaftServerConfigKeys (ConfUtils.java:logGet(43)) - raft.server.log.segment.size.max = 1048576 (custom)
2019-09-03 19:26:07,552 [pool-449-thread-1] INFO  server.RaftServerConfigKeys (ConfUtils.java:logGet(43)) - raft.server.snapshot.auto.trigger.enabled = true (custom)
2019-09-03 19:26:07,552 [pool-459-thread-1] INFO  server.RaftServerConfigKeys (ConfUtils.java:logGet(43)) - raft.server.log.preallocated.size = 16384 (custom)
2019-09-03 19:26:07,553 [pool-459-thread-1] INFO  server.RaftServerConfigKeys (ConfUtils.java:logGet(43)) - raft.server.log.write.buffer.size = 33554432 (custom)
2019-09-03 19:26:07,552 [pool-439-thread-1] INFO  server.RaftServerConfigKeys (ConfUtils.java:logGet(43)) - raft.server.log.segment.size.max = 1048576 (custom)
2019-09-03 19:26:07,553 [pool-459-thread-1] INFO  server.RaftServerConfigKeys (ConfUtils.java:logGet(43)) - raft.server.log.force.sync.num = 128 (default)
2019-09-03 19:26:07,552 [pool-449-thread-1] INFO  server.RaftServerConfigKeys (ConfUtils.java:logGet(43)) - raft.server.snapshot.auto.trigger.threshold = 10000 (custom)
2019-09-03 19:26:07,553 [pool-459-thread-1] INFO  server.RaftServerConfigKeys (ConfUtils.java:logGet(43)) - raft.server.log.statemachine.data.sync = true (default)
2019-09-03 19:26:07,553 [pool-439-thread-1] INFO  server.RaftServerConfigKeys (ConfUtils.java:logGet(43)) - raft.server.log.preallocated.size = 16384 (custom)
2019-09-03 19:26:07,553 [pool-459-thread-1] INFO  server.RaftServerConfigKeys (ConfUtils.java:logGet(43)) - raft.server.log.statemachine.data.sync.timeout = 10s (default)
2019-09-03 19:26:07,553 [pool-449-thread-1] INFO  server.RaftServerConfigKeys (ConfUtils.java:logGet(43)) - raft.server.retrycache.expirytime = 600000ms (custom)
2019-09-03 19:26:07,553 [pool-459-thread-1] INFO  server.RaftServerConfigKeys (ConfUtils.java:logGet(43)) - raft.server.log.statemachine.data.sync.timeout.retry = -1 (default)
2019-09-03 19:26:07,554 [pool-449-thread-1] INFO  impl.RaftServerImpl (RaftServerImpl.java:start(180)) - 842067f9-d964-4704-9fac-339bb292f0b1: start group-D43D9728F9DB
2019-09-03 19:26:07,553 [pool-439-thread-1] INFO  server.RaftServerConfigKeys (ConfUtils.java:logGet(43)) - raft.server.log.write.buffer.size = 33554432 (custom)
2019-09-03 19:26:07,554 [pool-449-thread-1] INFO  impl.RaftServerImpl (RaftServerImpl.java:setRole(171)) - 842067f9-d964-4704-9fac-339bb292f0b1:group-D43D9728F9DB changes role from null to FOLLOWER at term 0 for startAsFollower
2019-09-03 19:26:07,554 [pool-459-thread-1] INFO  server.RaftServerConfigKeys (ConfUtils.java:logGet(43)) - raft.server.log.statemachine.data.caching.enabled = true (custom)
2019-09-03 19:26:07,554 [pool-449-thread-1] INFO  impl.RoleInfo (RoleInfo.java:updateAndGet(143)) - 842067f9-d964-4704-9fac-339bb292f0b1: start FollowerState
2019-09-03 19:26:07,554 [pool-439-thread-1] INFO  server.RaftServerConfigKeys (ConfUtils.java:logGet(43)) - raft.server.log.force.sync.num = 128 (default)
2019-09-03 19:26:07,554 [pool-459-thread-1] INFO  segmented.SegmentedRaftLogWorker (SegmentedRaftLogWorker.java:lambda$new$0(132)) - dd8cfd05-4000-4955-ac1a-45b85b415652-SegmentedRaftLogWorker:Storage Directory /workdir/hadoop-ozone/integration-test/target/test-dir/MiniOzoneClusterImpl-02951a51-9d93-4f48-8a2f-9f437eec0b3a/datanode-5/data/ratis/0f28de98-0573-4103-9eab-d43d9728f9db: flushIndex: setUnconditionally 0 -> -1
2019-09-03 19:26:07,554 [pool-439-thread-1] INFO  server.RaftServerConfigKeys (ConfUtils.java:logGet(43)) - raft.server.log.statemachine.data.sync = true (default)
2019-09-03 19:26:07,554 [pool-449-thread-1] INFO  util.JmxRegister (JmxRegister.java:tryRegister(44)) - Successfully registered JMX Bean with object name Ratis:service=RaftServer,group=group-D43D9728F9DB,id=842067f9-d964-4704-9fac-339bb292f0b1
2019-09-03 19:26:07,554 [pool-459-thread-1] INFO  server.RaftServerConfigKeys (ConfUtils.java:logGet(43)) - raft.server.snapshot.auto.trigger.enabled = true (custom)
2019-09-03 19:26:07,554 [pool-439-thread-1] INFO  server.RaftServerConfigKeys (ConfUtils.java:logGet(43)) - raft.server.log.statemachine.data.sync.timeout = 10s (default)
2019-09-03 19:26:07,555 [pool-459-thread-1] INFO  server.RaftServerConfigKeys (ConfUtils.java:logGet(43)) - raft.server.snapshot.auto.trigger.threshold = 10000 (custom)
2019-09-03 19:26:07,555 [pool-439-thread-1] INFO  server.RaftServerConfigKeys (ConfUtils.java:logGet(43)) - raft.server.log.statemachine.data.sync.timeout.retry = -1 (default)
2019-09-03 19:26:07,555 [pool-459-thread-1] INFO  server.RaftServerConfigKeys (ConfUtils.java:logGet(43)) - raft.server.retrycache.expirytime = 600000ms (custom)
2019-09-03 19:26:07,555 [pool-439-thread-1] INFO  server.RaftServerConfigKeys (ConfUtils.java:logGet(43)) - raft.server.log.statemachine.data.caching.enabled = true (custom)
2019-09-03 19:26:07,555 [pool-459-thread-1] INFO  impl.RaftServerImpl (RaftServerImpl.java:start(180)) - dd8cfd05-4000-4955-ac1a-45b85b415652: start group-D43D9728F9DB
2019-09-03 19:26:07,555 [pool-459-thread-1] INFO  impl.RaftServerImpl (RaftServerImpl.java:setRole(171)) - dd8cfd05-4000-4955-ac1a-45b85b415652:group-D43D9728F9DB changes role from null to FOLLOWER at term 0 for startAsFollower
2019-09-03 19:26:07,555 [pool-439-thread-1] INFO  segmented.SegmentedRaftLogWorker (SegmentedRaftLogWorker.java:lambda$new$0(132)) - 132c2cee-ba09-4dde-896e-8618e1396401-SegmentedRaftLogWorker:Storage Directory /workdir/hadoop-ozone/integration-test/target/test-dir/MiniOzoneClusterImpl-02951a51-9d93-4f48-8a2f-9f437eec0b3a/datanode-3/data/ratis/0f28de98-0573-4103-9eab-d43d9728f9db: flushIndex: setUnconditionally 0 -> -1
2019-09-03 19:26:07,555 [pool-459-thread-1] INFO  impl.RoleInfo (RoleInfo.java:updateAndGet(143)) - dd8cfd05-4000-4955-ac1a-45b85b415652: start FollowerState
2019-09-03 19:26:07,556 [pool-439-thread-1] INFO  server.RaftServerConfigKeys (ConfUtils.java:logGet(43)) - raft.server.snapshot.auto.trigger.enabled = true (custom)
2019-09-03 19:26:07,558 [pool-459-thread-1] INFO  util.JmxRegister (JmxRegister.java:tryRegister(44)) - Successfully registered JMX Bean with object name Ratis:service=RaftServer,group=group-D43D9728F9DB,id=dd8cfd05-4000-4955-ac1a-45b85b415652
2019-09-03 19:26:07,558 [pool-439-thread-1] INFO  server.RaftServerConfigKeys (ConfUtils.java:logGet(43)) - raft.server.snapshot.auto.trigger.threshold = 10000 (custom)
2019-09-03 19:26:07,559 [pool-439-thread-1] INFO  server.RaftServerConfigKeys (ConfUtils.java:logGet(43)) - raft.server.retrycache.expirytime = 600000ms (custom)
2019-09-03 19:26:07,559 [pool-439-thread-1] INFO  impl.RaftServerImpl (RaftServerImpl.java:start(180)) - 132c2cee-ba09-4dde-896e-8618e1396401: start group-D43D9728F9DB
2019-09-03 19:26:07,559 [pool-439-thread-1] INFO  impl.RaftServerImpl (RaftServerImpl.java:setRole(171)) - 132c2cee-ba09-4dde-896e-8618e1396401:group-D43D9728F9DB changes role from null to FOLLOWER at term 0 for startAsFollower
2019-09-03 19:26:07,559 [pool-439-thread-1] INFO  impl.RoleInfo (RoleInfo.java:updateAndGet(143)) - 132c2cee-ba09-4dde-896e-8618e1396401: start FollowerState
2019-09-03 19:26:07,561 [pool-439-thread-1] INFO  util.JmxRegister (JmxRegister.java:tryRegister(44)) - Successfully registered JMX Bean with object name Ratis:service=RaftServer,group=group-D43D9728F9DB,id=132c2cee-ba09-4dde-896e-8618e1396401
2019-09-03 19:26:07,565 [RatisPipelineUtilsThread] INFO  pipeline.PipelineStateManager (PipelineStateManager.java:addPipeline(56)) - Created pipeline Pipeline[ Id: 0f28de98-0573-4103-9eab-d43d9728f9db, Nodes: 132c2cee-ba09-4dde-896e-8618e1396401{ip: 192.168.36.111, host: pr-hdds-1200-xgh2h-450883189, networkLocation: /default-rack, certSerialId: null}842067f9-d964-4704-9fac-339bb292f0b1{ip: 192.168.36.111, host: pr-hdds-1200-xgh2h-450883189, networkLocation: /default-rack, certSerialId: null}dd8cfd05-4000-4955-ac1a-45b85b415652{ip: 192.168.36.111, host: pr-hdds-1200-xgh2h-450883189, networkLocation: /default-rack, certSerialId: null}, Type:RATIS, Factor:THREE, State:OPEN]
2019-09-03 19:26:08,399 [main] INFO  ozone.MiniOzoneClusterImpl (MiniOzoneClusterImpl.java:lambda$waitForClusterToBeReady$0(140)) - Cluster is ready. Got 7 of 7 DN Heartbeats.
2019-09-03 19:26:08,420 [main] INFO  rpc.RpcClient (RpcClient.java:createVolume(293)) - Creating Volume: testblockoutputstream, with jenkins1000 as owner.
2019-09-03 19:26:08,432 [main] INFO  rpc.RpcClient (RpcClient.java:createBucket(432)) - Creating Bucket: testblockoutputstream/testblockoutputstream, with Versioning false and Storage Type set to DISK and Encryption set to false 
2019-09-03 19:26:08,459 [grpc-default-executor-8] INFO  client.GrpcClientProtocolClient (GrpcClientProtocolClient.java:onNext(255)) - client-95287ED7DA23->325e8060-d055-47ec-a514-0af988bd5c40: receive RaftClientReply:client-95287ED7DA23->325e8060-d055-47ec-a514-0af988bd5c40@group-582CB46D4500, cid=182, FAILED org.apache.ratis.protocol.NotLeaderException: Server 325e8060-d055-47ec-a514-0af988bd5c40 is not the leader (null). Request must be sent to leader., logIndex=0, commits[325e8060-d055-47ec-a514-0af988bd5c40:c-1]
2019-09-03 19:26:09,479 [grpc-default-executor-5] INFO  client.GrpcClientProtocolClient (GrpcClientProtocolClient.java:onNext(255)) - client-95287ED7DA23->fae74cfc-a3de-49ec-a122-0d29a4d89532: receive RaftClientReply:client-95287ED7DA23->fae74cfc-a3de-49ec-a122-0d29a4d89532@group-582CB46D4500, cid=182, FAILED org.apache.ratis.protocol.NotLeaderException: Server fae74cfc-a3de-49ec-a122-0d29a4d89532 is not the leader (null). Request must be sent to leader., logIndex=0, commits[fae74cfc-a3de-49ec-a122-0d29a4d89532:c-1]
2019-09-03 19:26:10,001 [Thread-3545] INFO  container.ReplicationManager (ReplicationManager.java:start(162)) - Starting Replication Monitor Thread.
2019-09-03 19:26:10,005 [ReplicationMonitor] INFO  container.ReplicationManager (ReplicationManager.java:run(225)) - Replication Monitor Thread took 0 milliseconds for processing 1 containers.
2019-09-03 19:26:10,490 [grpc-default-executor-5] INFO  client.GrpcClientProtocolClient (GrpcClientProtocolClient.java:onNext(255)) - client-95287ED7DA23->325e8060-d055-47ec-a514-0af988bd5c40: receive RaftClientReply:client-95287ED7DA23->325e8060-d055-47ec-a514-0af988bd5c40@group-582CB46D4500, cid=182, FAILED org.apache.ratis.protocol.NotLeaderException: Server 325e8060-d055-47ec-a514-0af988bd5c40 is not the leader (null). Request must be sent to leader., logIndex=0, commits[325e8060-d055-47ec-a514-0af988bd5c40:c-1]
2019-09-03 19:26:11,505 [grpc-default-executor-5] INFO  client.GrpcClientProtocolClient (GrpcClientProtocolClient.java:onNext(255)) - client-95287ED7DA23->fae74cfc-a3de-49ec-a122-0d29a4d89532: receive RaftClientReply:client-95287ED7DA23->fae74cfc-a3de-49ec-a122-0d29a4d89532@group-582CB46D4500, cid=182, FAILED org.apache.ratis.protocol.NotLeaderException: Server fae74cfc-a3de-49ec-a122-0d29a4d89532 is not the leader (null). Request must be sent to leader., logIndex=0, commits[fae74cfc-a3de-49ec-a122-0d29a4d89532:c-1]
2019-09-03 19:26:12,112 [Thread-3550] INFO  impl.FollowerState (FollowerState.java:run(106)) - 325e8060-d055-47ec-a514-0af988bd5c40:group-1EC1A5EAFBA1 changes to CANDIDATE, lastRpcTime:5003, electionTimeout:5001ms
2019-09-03 19:26:12,113 [Thread-3550] INFO  impl.RoleInfo (RoleInfo.java:shutdownFollowerState(121)) - 325e8060-d055-47ec-a514-0af988bd5c40: shutdown FollowerState
2019-09-03 19:26:12,113 [Thread-3550] INFO  impl.RaftServerImpl (RaftServerImpl.java:setRole(171)) - 325e8060-d055-47ec-a514-0af988bd5c40:group-1EC1A5EAFBA1 changes role from FOLLOWER to CANDIDATE at term 0 for changeToCandidate
2019-09-03 19:26:12,113 [Thread-3550] INFO  impl.RoleInfo (RoleInfo.java:updateAndGet(143)) - 325e8060-d055-47ec-a514-0af988bd5c40: start LeaderElection
2019-09-03 19:26:12,136 [325e8060-d055-47ec-a514-0af988bd5c40:group-1EC1A5EAFBA1:LeaderElection73] INFO  impl.LeaderElection (LeaderElection.java:askForVotes(181)) - 325e8060-d055-47ec-a514-0af988bd5c40:group-1EC1A5EAFBA1:LeaderElection73: begin an election at term 1 for -1: [325e8060-d055-47ec-a514-0af988bd5c40:192.168.36.111:33601], old=null
2019-09-03 19:26:12,137 [325e8060-d055-47ec-a514-0af988bd5c40:group-1EC1A5EAFBA1:LeaderElection73] INFO  impl.RoleInfo (RoleInfo.java:shutdownLeaderElection(134)) - 325e8060-d055-47ec-a514-0af988bd5c40: shutdown LeaderElection
2019-09-03 19:26:12,137 [325e8060-d055-47ec-a514-0af988bd5c40:group-1EC1A5EAFBA1:LeaderElection73] INFO  impl.RaftServerImpl (RaftServerImpl.java:setRole(171)) - 325e8060-d055-47ec-a514-0af988bd5c40:group-1EC1A5EAFBA1 changes role from CANDIDATE to LEADER at term 1 for changeToLeader
2019-09-03 19:26:12,137 [325e8060-d055-47ec-a514-0af988bd5c40:group-1EC1A5EAFBA1:LeaderElection73] INFO  impl.RaftServerImpl (ServerState.java:setLeader(263)) - 325e8060-d055-47ec-a514-0af988bd5c40:group-1EC1A5EAFBA1 change Leader from null to 325e8060-d055-47ec-a514-0af988bd5c40 at term 1 for becomeLeader, leader elected after 5031ms
2019-09-03 19:26:12,137 [325e8060-d055-47ec-a514-0af988bd5c40:group-1EC1A5EAFBA1:LeaderElection73] INFO  server.RaftServerConfigKeys (ConfUtils.java:logGet(43)) - raft.server.staging.catchup.gap = 1000 (default)
2019-09-03 19:26:12,137 [325e8060-d055-47ec-a514-0af988bd5c40:group-1EC1A5EAFBA1:LeaderElection73] INFO  server.RaftServerConfigKeys (ConfUtils.java:logGet(43)) - raft.server.rpc.sleep.time = 25ms (default)
2019-09-03 19:26:12,137 [325e8060-d055-47ec-a514-0af988bd5c40:group-1EC1A5EAFBA1:LeaderElection73] INFO  server.RaftServerConfigKeys (ConfUtils.java:logGet(43)) - raft.server.write.element-limit = 4096 (default)
2019-09-03 19:26:12,138 [325e8060-d055-47ec-a514-0af988bd5c40:group-1EC1A5EAFBA1:LeaderElection73] INFO  server.RaftServerConfigKeys (ConfUtils.java:logGet(43)) - raft.server.watch.timeout = 10s (default)
2019-09-03 19:26:12,138 [325e8060-d055-47ec-a514-0af988bd5c40:group-1EC1A5EAFBA1:LeaderElection73] INFO  server.RaftServerConfigKeys (ConfUtils.java:logGet(43)) - raft.server.watch.timeout.denomination = 1s (default)
2019-09-03 19:26:12,138 [325e8060-d055-47ec-a514-0af988bd5c40:group-1EC1A5EAFBA1:LeaderElection73] INFO  server.RaftServerConfigKeys (ConfUtils.java:logGet(43)) - raft.server.watch.element-limit = 65536 (default)
2019-09-03 19:26:12,138 [325e8060-d055-47ec-a514-0af988bd5c40:group-1EC1A5EAFBA1:LeaderElection73] INFO  impl.RoleInfo (RoleInfo.java:updateAndGet(143)) - 325e8060-d055-47ec-a514-0af988bd5c40: start LeaderState
2019-09-03 19:26:12,138 [325e8060-d055-47ec-a514-0af988bd5c40:group-1EC1A5EAFBA1:LeaderElection73] INFO  segmented.SegmentedRaftLogWorker (SegmentedRaftLogWorker.java:startLogSegment(380)) - 325e8060-d055-47ec-a514-0af988bd5c40-SegmentedRaftLogWorker:Storage Directory /workdir/hadoop-ozone/integration-test/target/test-dir/MiniOzoneClusterImpl-02951a51-9d93-4f48-8a2f-9f437eec0b3a/datanode-1/data/ratis/4a327fb2-1aad-412a-ac0d-1ec1a5eafba1: Starting segment from index:0
2019-09-03 19:26:12,139 [325e8060-d055-47ec-a514-0af988bd5c40:group-1EC1A5EAFBA1:LeaderElection73] INFO  impl.RaftServerImpl (ServerState.java:setRaftConf(361)) - 325e8060-d055-47ec-a514-0af988bd5c40:group-1EC1A5EAFBA1 set configuration 0: [325e8060-d055-47ec-a514-0af988bd5c40:192.168.36.111:33601], old=null at 0
2019-09-03 19:26:12,185 [325e8060-d055-47ec-a514-0af988bd5c40-SegmentedRaftLogWorker:Storage Directory /workdir/hadoop-ozone/integration-test/target/test-dir/MiniOzoneClusterImpl-02951a51-9d93-4f48-8a2f-9f437eec0b3a/datanode-1/data/ratis/4a327fb2-1aad-412a-ac0d-1ec1a5eafba1] INFO  segmented.SegmentedRaftLogWorker (SegmentedRaftLogWorker.java:execute(569)) - 325e8060-d055-47ec-a514-0af988bd5c40-SegmentedRaftLogWorker:Storage Directory /workdir/hadoop-ozone/integration-test/target/test-dir/MiniOzoneClusterImpl-02951a51-9d93-4f48-8a2f-9f437eec0b3a/datanode-1/data/ratis/4a327fb2-1aad-412a-ac0d-1ec1a5eafba1: created new log segment /workdir/hadoop-ozone/integration-test/target/test-dir/MiniOzoneClusterImpl-02951a51-9d93-4f48-8a2f-9f437eec0b3a/datanode-1/data/ratis/4a327fb2-1aad-412a-ac0d-1ec1a5eafba1/current/log_inprogress_0
2019-09-03 19:26:12,194 [Thread-3553] INFO  impl.FollowerState (FollowerState.java:run(106)) - a0815a8b-861a-43d7-baa1-c508cc6e5dd8:group-3F0C3D9A658E changes to CANDIDATE, lastRpcTime:5036, electionTimeout:5036ms
2019-09-03 19:26:12,194 [Thread-3553] INFO  impl.RoleInfo (RoleInfo.java:shutdownFollowerState(121)) - a0815a8b-861a-43d7-baa1-c508cc6e5dd8: shutdown FollowerState
2019-09-03 19:26:12,194 [Thread-3553] INFO  impl.RaftServerImpl (RaftServerImpl.java:setRole(171)) - a0815a8b-861a-43d7-baa1-c508cc6e5dd8:group-3F0C3D9A658E changes role from FOLLOWER to CANDIDATE at term 0 for changeToCandidate
2019-09-03 19:26:12,194 [Thread-3553] INFO  impl.RoleInfo (RoleInfo.java:updateAndGet(143)) - a0815a8b-861a-43d7-baa1-c508cc6e5dd8: start LeaderElection
2019-09-03 19:26:12,220 [a0815a8b-861a-43d7-baa1-c508cc6e5dd8:group-3F0C3D9A658E:LeaderElection74] INFO  impl.LeaderElection (LeaderElection.java:askForVotes(181)) - a0815a8b-861a-43d7-baa1-c508cc6e5dd8:group-3F0C3D9A658E:LeaderElection74: begin an election at term 1 for -1: [a0815a8b-861a-43d7-baa1-c508cc6e5dd8:192.168.36.111:41600], old=null
2019-09-03 19:26:12,220 [a0815a8b-861a-43d7-baa1-c508cc6e5dd8:group-3F0C3D9A658E:LeaderElection74] INFO  impl.RoleInfo (RoleInfo.java:shutdownLeaderElection(134)) - a0815a8b-861a-43d7-baa1-c508cc6e5dd8: shutdown LeaderElection
2019-09-03 19:26:12,220 [a0815a8b-861a-43d7-baa1-c508cc6e5dd8:group-3F0C3D9A658E:LeaderElection74] INFO  impl.RaftServerImpl (RaftServerImpl.java:setRole(171)) - a0815a8b-861a-43d7-baa1-c508cc6e5dd8:group-3F0C3D9A658E changes role from CANDIDATE to LEADER at term 1 for changeToLeader
2019-09-03 19:26:12,221 [a0815a8b-861a-43d7-baa1-c508cc6e5dd8:group-3F0C3D9A658E:LeaderElection74] INFO  impl.RaftServerImpl (ServerState.java:setLeader(263)) - a0815a8b-861a-43d7-baa1-c508cc6e5dd8:group-3F0C3D9A658E change Leader from null to a0815a8b-861a-43d7-baa1-c508cc6e5dd8 at term 1 for becomeLeader, leader elected after 5066ms
2019-09-03 19:26:12,221 [a0815a8b-861a-43d7-baa1-c508cc6e5dd8:group-3F0C3D9A658E:LeaderElection74] INFO  server.RaftServerConfigKeys (ConfUtils.java:logGet(43)) - raft.server.staging.catchup.gap = 1000 (default)
2019-09-03 19:26:12,221 [a0815a8b-861a-43d7-baa1-c508cc6e5dd8:group-3F0C3D9A658E:LeaderElection74] INFO  server.RaftServerConfigKeys (ConfUtils.java:logGet(43)) - raft.server.rpc.sleep.time = 25ms (default)
2019-09-03 19:26:12,221 [a0815a8b-861a-43d7-baa1-c508cc6e5dd8:group-3F0C3D9A658E:LeaderElection74] INFO  server.RaftServerConfigKeys (ConfUtils.java:logGet(43)) - raft.server.write.element-limit = 4096 (default)
2019-09-03 19:26:12,222 [a0815a8b-861a-43d7-baa1-c508cc6e5dd8:group-3F0C3D9A658E:LeaderElection74] INFO  server.RaftServerConfigKeys (ConfUtils.java:logGet(43)) - raft.server.watch.timeout = 10s (default)
2019-09-03 19:26:12,222 [a0815a8b-861a-43d7-baa1-c508cc6e5dd8:group-3F0C3D9A658E:LeaderElection74] INFO  server.RaftServerConfigKeys (ConfUtils.java:logGet(43)) - raft.server.watch.timeout.denomination = 1s (default)
2019-09-03 19:26:12,222 [a0815a8b-861a-43d7-baa1-c508cc6e5dd8:group-3F0C3D9A658E:LeaderElection74] INFO  server.RaftServerConfigKeys (ConfUtils.java:logGet(43)) - raft.server.watch.element-limit = 65536 (default)
2019-09-03 19:26:12,223 [a0815a8b-861a-43d7-baa1-c508cc6e5dd8:group-3F0C3D9A658E:LeaderElection74] INFO  impl.RoleInfo (RoleInfo.java:updateAndGet(143)) - a0815a8b-861a-43d7-baa1-c508cc6e5dd8: start LeaderState
2019-09-03 19:26:12,223 [a0815a8b-861a-43d7-baa1-c508cc6e5dd8:group-3F0C3D9A658E:LeaderElection74] INFO  segmented.SegmentedRaftLogWorker (SegmentedRaftLogWorker.java:startLogSegment(380)) - a0815a8b-861a-43d7-baa1-c508cc6e5dd8-SegmentedRaftLogWorker:Storage Directory /workdir/hadoop-ozone/integration-test/target/test-dir/MiniOzoneClusterImpl-02951a51-9d93-4f48-8a2f-9f437eec0b3a/datanode-2/data/ratis/d8a7926e-ade3-4d16-a91b-3f0c3d9a658e: Starting segment from index:0
2019-09-03 19:26:12,224 [a0815a8b-861a-43d7-baa1-c508cc6e5dd8:group-3F0C3D9A658E:LeaderElection74] INFO  impl.RaftServerImpl (ServerState.java:setRaftConf(361)) - a0815a8b-861a-43d7-baa1-c508cc6e5dd8:group-3F0C3D9A658E set configuration 0: [a0815a8b-861a-43d7-baa1-c508cc6e5dd8:192.168.36.111:41600], old=null at 0
2019-09-03 19:26:12,236 [Thread-3547] INFO  impl.FollowerState (FollowerState.java:run(106)) - fae74cfc-a3de-49ec-a122-0d29a4d89532:group-C246AF215228 changes to CANDIDATE, lastRpcTime:5191, electionTimeout:5191ms
2019-09-03 19:26:12,236 [Thread-3547] INFO  impl.RoleInfo (RoleInfo.java:shutdownFollowerState(121)) - fae74cfc-a3de-49ec-a122-0d29a4d89532: shutdown FollowerState
2019-09-03 19:26:12,237 [Thread-3547] INFO  impl.RaftServerImpl (RaftServerImpl.java:setRole(171)) - fae74cfc-a3de-49ec-a122-0d29a4d89532:group-C246AF215228 changes role from FOLLOWER to CANDIDATE at term 0 for changeToCandidate
2019-09-03 19:26:12,237 [Thread-3547] INFO  impl.RoleInfo (RoleInfo.java:updateAndGet(143)) - fae74cfc-a3de-49ec-a122-0d29a4d89532: start LeaderElection
2019-09-03 19:26:12,276 [a0815a8b-861a-43d7-baa1-c508cc6e5dd8-SegmentedRaftLogWorker:Storage Directory /workdir/hadoop-ozone/integration-test/target/test-dir/MiniOzoneClusterImpl-02951a51-9d93-4f48-8a2f-9f437eec0b3a/datanode-2/data/ratis/d8a7926e-ade3-4d16-a91b-3f0c3d9a658e] INFO  segmented.SegmentedRaftLogWorker (SegmentedRaftLogWorker.java:execute(569)) - a0815a8b-861a-43d7-baa1-c508cc6e5dd8-SegmentedRaftLogWorker:Storage Directory /workdir/hadoop-ozone/integration-test/target/test-dir/MiniOzoneClusterImpl-02951a51-9d93-4f48-8a2f-9f437eec0b3a/datanode-2/data/ratis/d8a7926e-ade3-4d16-a91b-3f0c3d9a658e: created new log segment /workdir/hadoop-ozone/integration-test/target/test-dir/MiniOzoneClusterImpl-02951a51-9d93-4f48-8a2f-9f437eec0b3a/datanode-2/data/ratis/d8a7926e-ade3-4d16-a91b-3f0c3d9a658e/current/log_inprogress_0
2019-09-03 19:26:12,276 [fae74cfc-a3de-49ec-a122-0d29a4d89532:group-C246AF215228:LeaderElection75] INFO  impl.LeaderElection (LeaderElection.java:askForVotes(181)) - fae74cfc-a3de-49ec-a122-0d29a4d89532:group-C246AF215228:LeaderElection75: begin an election at term 1 for -1: [fae74cfc-a3de-49ec-a122-0d29a4d89532:192.168.36.111:45161], old=null
2019-09-03 19:26:12,277 [fae74cfc-a3de-49ec-a122-0d29a4d89532:group-C246AF215228:LeaderElection75] INFO  impl.RoleInfo (RoleInfo.java:shutdownLeaderElection(134)) - fae74cfc-a3de-49ec-a122-0d29a4d89532: shutdown LeaderElection
2019-09-03 19:26:12,277 [fae74cfc-a3de-49ec-a122-0d29a4d89532:group-C246AF215228:LeaderElection75] INFO  impl.RaftServerImpl (RaftServerImpl.java:setRole(171)) - fae74cfc-a3de-49ec-a122-0d29a4d89532:group-C246AF215228 changes role from CANDIDATE to LEADER at term 1 for changeToLeader
2019-09-03 19:26:12,277 [fae74cfc-a3de-49ec-a122-0d29a4d89532:group-C246AF215228:LeaderElection75] INFO  impl.RaftServerImpl (ServerState.java:setLeader(263)) - fae74cfc-a3de-49ec-a122-0d29a4d89532:group-C246AF215228 change Leader from null to fae74cfc-a3de-49ec-a122-0d29a4d89532 at term 1 for becomeLeader, leader elected after 5237ms
2019-09-03 19:26:12,277 [fae74cfc-a3de-49ec-a122-0d29a4d89532:group-C246AF215228:LeaderElection75] INFO  server.RaftServerConfigKeys (ConfUtils.java:logGet(43)) - raft.server.staging.catchup.gap = 1000 (default)
2019-09-03 19:26:12,277 [fae74cfc-a3de-49ec-a122-0d29a4d89532:group-C246AF215228:LeaderElection75] INFO  server.RaftServerConfigKeys (ConfUtils.java:logGet(43)) - raft.server.rpc.sleep.time = 25ms (default)
2019-09-03 19:26:12,277 [fae74cfc-a3de-49ec-a122-0d29a4d89532:group-C246AF215228:LeaderElection75] INFO  server.RaftServerConfigKeys (ConfUtils.java:logGet(43)) - raft.server.write.element-limit = 4096 (default)
2019-09-03 19:26:12,278 [fae74cfc-a3de-49ec-a122-0d29a4d89532:group-C246AF215228:LeaderElection75] INFO  server.RaftServerConfigKeys (ConfUtils.java:logGet(43)) - raft.server.watch.timeout = 10s (default)
2019-09-03 19:26:12,278 [fae74cfc-a3de-49ec-a122-0d29a4d89532:group-C246AF215228:LeaderElection75] INFO  server.RaftServerConfigKeys (ConfUtils.java:logGet(43)) - raft.server.watch.timeout.denomination = 1s (default)
2019-09-03 19:26:12,278 [fae74cfc-a3de-49ec-a122-0d29a4d89532:group-C246AF215228:LeaderElection75] INFO  server.RaftServerConfigKeys (ConfUtils.java:logGet(43)) - raft.server.watch.element-limit = 65536 (default)
2019-09-03 19:26:12,278 [fae74cfc-a3de-49ec-a122-0d29a4d89532:group-C246AF215228:LeaderElection75] INFO  impl.RoleInfo (RoleInfo.java:updateAndGet(143)) - fae74cfc-a3de-49ec-a122-0d29a4d89532: start LeaderState
2019-09-03 19:26:12,278 [fae74cfc-a3de-49ec-a122-0d29a4d89532:group-C246AF215228:LeaderElection75] INFO  segmented.SegmentedRaftLogWorker (SegmentedRaftLogWorker.java:startLogSegment(380)) - fae74cfc-a3de-49ec-a122-0d29a4d89532-SegmentedRaftLogWorker:Storage Directory /workdir/hadoop-ozone/integration-test/target/test-dir/MiniOzoneClusterImpl-02951a51-9d93-4f48-8a2f-9f437eec0b3a/datanode-0/data/ratis/3b993dc2-8242-4f99-b9d2-c246af215228: Starting segment from index:0
2019-09-03 19:26:12,278 [fae74cfc-a3de-49ec-a122-0d29a4d89532:group-C246AF215228:LeaderElection75] INFO  impl.RaftServerImpl (ServerState.java:setRaftConf(361)) - fae74cfc-a3de-49ec-a122-0d29a4d89532:group-C246AF215228 set configuration 0: [fae74cfc-a3de-49ec-a122-0d29a4d89532:192.168.36.111:45161], old=null at 0
2019-09-03 19:26:12,320 [fae74cfc-a3de-49ec-a122-0d29a4d89532-SegmentedRaftLogWorker:Storage Directory /workdir/hadoop-ozone/integration-test/target/test-dir/MiniOzoneClusterImpl-02951a51-9d93-4f48-8a2f-9f437eec0b3a/datanode-0/data/ratis/3b993dc2-8242-4f99-b9d2-c246af215228] INFO  segmented.SegmentedRaftLogWorker (SegmentedRaftLogWorker.java:execute(569)) - fae74cfc-a3de-49ec-a122-0d29a4d89532-SegmentedRaftLogWorker:Storage Directory /workdir/hadoop-ozone/integration-test/target/test-dir/MiniOzoneClusterImpl-02951a51-9d93-4f48-8a2f-9f437eec0b3a/datanode-0/data/ratis/3b993dc2-8242-4f99-b9d2-c246af215228: created new log segment /workdir/hadoop-ozone/integration-test/target/test-dir/MiniOzoneClusterImpl-02951a51-9d93-4f48-8a2f-9f437eec0b3a/datanode-0/data/ratis/3b993dc2-8242-4f99-b9d2-c246af215228/current/log_inprogress_0
2019-09-03 19:26:12,320 [Thread-3562] INFO  impl.FollowerState (FollowerState.java:run(106)) - 325e8060-d055-47ec-a514-0af988bd5c40:group-582CB46D4500 changes to CANDIDATE, lastRpcTime:5079, electionTimeout:5077ms
2019-09-03 19:26:12,320 [Thread-3562] INFO  impl.RoleInfo (RoleInfo.java:shutdownFollowerState(121)) - 325e8060-d055-47ec-a514-0af988bd5c40: shutdown FollowerState
2019-09-03 19:26:12,320 [Thread-3562] INFO  impl.RaftServerImpl (RaftServerImpl.java:setRole(171)) - 325e8060-d055-47ec-a514-0af988bd5c40:group-582CB46D4500 changes role from FOLLOWER to CANDIDATE at term 0 for changeToCandidate
2019-09-03 19:26:12,321 [Thread-3562] INFO  impl.RoleInfo (RoleInfo.java:updateAndGet(143)) - 325e8060-d055-47ec-a514-0af988bd5c40: start LeaderElection
2019-09-03 19:26:12,333 [325e8060-d055-47ec-a514-0af988bd5c40:group-582CB46D4500:LeaderElection76] INFO  impl.LeaderElection (LeaderElection.java:askForVotes(181)) - 325e8060-d055-47ec-a514-0af988bd5c40:group-582CB46D4500:LeaderElection76: begin an election at term 1 for -1: [fae74cfc-a3de-49ec-a122-0d29a4d89532:192.168.36.111:45161, a0815a8b-861a-43d7-baa1-c508cc6e5dd8:192.168.36.111:41600, 325e8060-d055-47ec-a514-0af988bd5c40:192.168.36.111:33601], old=null
2019-09-03 19:26:12,337 [grpc-default-executor-5] INFO  impl.RaftServerImpl (RaftServerImpl.java:setRole(171)) - a0815a8b-861a-43d7-baa1-c508cc6e5dd8:group-582CB46D4500 changes role from FOLLOWER to FOLLOWER at term 1 for recognizeCandidate:325e8060-d055-47ec-a514-0af988bd5c40
2019-09-03 19:26:12,337 [grpc-default-executor-8] INFO  impl.RaftServerImpl (RaftServerImpl.java:setRole(171)) - fae74cfc-a3de-49ec-a122-0d29a4d89532:group-582CB46D4500 changes role from FOLLOWER to FOLLOWER at term 1 for recognizeCandidate:325e8060-d055-47ec-a514-0af988bd5c40
2019-09-03 19:26:12,337 [grpc-default-executor-5] INFO  impl.RoleInfo (RoleInfo.java:shutdownFollowerState(121)) - a0815a8b-861a-43d7-baa1-c508cc6e5dd8: shutdown FollowerState
2019-09-03 19:26:12,337 [grpc-default-executor-8] INFO  impl.RoleInfo (RoleInfo.java:shutdownFollowerState(121)) - fae74cfc-a3de-49ec-a122-0d29a4d89532: shutdown FollowerState
2019-09-03 19:26:12,338 [grpc-default-executor-5] INFO  impl.RoleInfo (RoleInfo.java:updateAndGet(143)) - a0815a8b-861a-43d7-baa1-c508cc6e5dd8: start FollowerState
2019-09-03 19:26:12,338 [Thread-3558] INFO  impl.FollowerState (FollowerState.java:run(114)) - a0815a8b-861a-43d7-baa1-c508cc6e5dd8: FollowerState was interrupted: java.lang.InterruptedException: sleep interrupted
2019-09-03 19:26:12,338 [grpc-default-executor-8] INFO  impl.RoleInfo (RoleInfo.java:updateAndGet(143)) - fae74cfc-a3de-49ec-a122-0d29a4d89532: start FollowerState
2019-09-03 19:26:12,338 [Thread-3557] INFO  impl.FollowerState (FollowerState.java:run(114)) - fae74cfc-a3de-49ec-a122-0d29a4d89532: FollowerState was interrupted: java.lang.InterruptedException: sleep interrupted
2019-09-03 19:26:12,359 [325e8060-d055-47ec-a514-0af988bd5c40:group-582CB46D4500:LeaderElection76] INFO  impl.LeaderElection (LeaderElection.java:logAndReturn(56)) - 325e8060-d055-47ec-a514-0af988bd5c40:group-582CB46D4500:LeaderElection76: Election PASSED; received 1 response(s) [325e8060-d055-47ec-a514-0af988bd5c40<-a0815a8b-861a-43d7-baa1-c508cc6e5dd8#0:OK-t1] and 0 exception(s); 325e8060-d055-47ec-a514-0af988bd5c40:t1, leader=null, voted=325e8060-d055-47ec-a514-0af988bd5c40, raftlog=325e8060-d055-47ec-a514-0af988bd5c40-SegmentedRaftLog:OPENED:c-1,f-1,i0, conf=-1: [fae74cfc-a3de-49ec-a122-0d29a4d89532:192.168.36.111:45161, a0815a8b-861a-43d7-baa1-c508cc6e5dd8:192.168.36.111:41600, 325e8060-d055-47ec-a514-0af988bd5c40:192.168.36.111:33601], old=null
2019-09-03 19:26:12,359 [325e8060-d055-47ec-a514-0af988bd5c40:group-582CB46D4500:LeaderElection76] INFO  impl.RoleInfo (RoleInfo.java:shutdownLeaderElection(134)) - 325e8060-d055-47ec-a514-0af988bd5c40: shutdown LeaderElection
2019-09-03 19:26:12,359 [325e8060-d055-47ec-a514-0af988bd5c40:group-582CB46D4500:LeaderElection76] INFO  impl.RaftServerImpl (RaftServerImpl.java:setRole(171)) - 325e8060-d055-47ec-a514-0af988bd5c40:group-582CB46D4500 changes role from CANDIDATE to LEADER at term 1 for changeToLeader
2019-09-03 19:26:12,360 [325e8060-d055-47ec-a514-0af988bd5c40:group-582CB46D4500:LeaderElection76] INFO  impl.RaftServerImpl (ServerState.java:setLeader(263)) - 325e8060-d055-47ec-a514-0af988bd5c40:group-582CB46D4500 change Leader from null to 325e8060-d055-47ec-a514-0af988bd5c40 at term 1 for becomeLeader, leader elected after 5146ms
2019-09-03 19:26:12,360 [325e8060-d055-47ec-a514-0af988bd5c40:group-582CB46D4500:LeaderElection76] INFO  server.RaftServerConfigKeys (ConfUtils.java:logGet(43)) - raft.server.staging.catchup.gap = 1000 (default)
2019-09-03 19:26:12,360 [325e8060-d055-47ec-a514-0af988bd5c40:group-582CB46D4500:LeaderElection76] INFO  server.RaftServerConfigKeys (ConfUtils.java:logGet(43)) - raft.server.rpc.sleep.time = 25ms (default)
2019-09-03 19:26:12,360 [325e8060-d055-47ec-a514-0af988bd5c40:group-582CB46D4500:LeaderElection76] INFO  server.RaftServerConfigKeys (ConfUtils.java:logGet(43)) - raft.server.write.element-limit = 4096 (default)
2019-09-03 19:26:12,360 [325e8060-d055-47ec-a514-0af988bd5c40:group-582CB46D4500:LeaderElection76] INFO  server.RaftServerConfigKeys (ConfUtils.java:logGet(43)) - raft.server.watch.timeout = 10s (default)
2019-09-03 19:26:12,360 [325e8060-d055-47ec-a514-0af988bd5c40:group-582CB46D4500:LeaderElection76] INFO  server.RaftServerConfigKeys (ConfUtils.java:logGet(43)) - raft.server.watch.timeout.denomination = 1s (default)
2019-09-03 19:26:12,360 [325e8060-d055-47ec-a514-0af988bd5c40:group-582CB46D4500:LeaderElection76] INFO  server.RaftServerConfigKeys (ConfUtils.java:logGet(43)) - raft.server.watch.element-limit = 65536 (default)
2019-09-03 19:26:12,361 [325e8060-d055-47ec-a514-0af988bd5c40:group-582CB46D4500:LeaderElection76] INFO  server.RaftServerConfigKeys (ConfUtils.java:logGet(43)) - raft.server.log.appender.snapshot.chunk.size.max = 16MB (=16777216) (default)
2019-09-03 19:26:12,361 [325e8060-d055-47ec-a514-0af988bd5c40:group-582CB46D4500:LeaderElection76] INFO  server.RaftServerConfigKeys (ConfUtils.java:logGet(43)) - raft.server.log.appender.buffer.byte-limit = 33554432 (custom)
2019-09-03 19:26:12,361 [325e8060-d055-47ec-a514-0af988bd5c40:group-582CB46D4500:LeaderElection76] INFO  server.RaftServerConfigKeys (ConfUtils.java:logGet(43)) - raft.server.log.appender.buffer.element-limit = 1 (custom)
2019-09-03 19:26:12,361 [325e8060-d055-47ec-a514-0af988bd5c40:group-582CB46D4500:LeaderElection76] INFO  grpc.GrpcConfigKeys$Server (ConfUtils.java:logGet(43)) - raft.grpc.server.leader.outstanding.appends.max = 128 (default)
2019-09-03 19:26:12,361 [325e8060-d055-47ec-a514-0af988bd5c40:group-582CB46D4500:LeaderElection76] INFO  server.RaftServerConfigKeys (ConfUtils.java:logGet(43)) - raft.server.rpc.request.timeout = 3000ms (default)
2019-09-03 19:26:12,362 [325e8060-d055-47ec-a514-0af988bd5c40:group-582CB46D4500:LeaderElection76] INFO  server.RaftServerConfigKeys (ConfUtils.java:logGet(43)) - raft.server.log.appender.install.snapshot.enabled = false (custom)
2019-09-03 19:26:12,362 [325e8060-d055-47ec-a514-0af988bd5c40:group-582CB46D4500:LeaderElection76] INFO  server.RaftServerConfigKeys (ConfUtils.java:logGet(43)) - raft.server.log.appender.snapshot.chunk.size.max = 16MB (=16777216) (default)
2019-09-03 19:26:12,362 [325e8060-d055-47ec-a514-0af988bd5c40:group-582CB46D4500:LeaderElection76] INFO  server.RaftServerConfigKeys (ConfUtils.java:logGet(43)) - raft.server.log.appender.buffer.byte-limit = 33554432 (custom)
2019-09-03 19:26:12,362 [325e8060-d055-47ec-a514-0af988bd5c40:group-582CB46D4500:LeaderElection76] INFO  server.RaftServerConfigKeys (ConfUtils.java:logGet(43)) - raft.server.log.appender.buffer.element-limit = 1 (custom)
2019-09-03 19:26:12,362 [325e8060-d055-47ec-a514-0af988bd5c40:group-582CB46D4500:LeaderElection76] INFO  grpc.GrpcConfigKeys$Server (ConfUtils.java:logGet(43)) - raft.grpc.server.leader.outstanding.appends.max = 128 (default)
2019-09-03 19:26:12,362 [325e8060-d055-47ec-a514-0af988bd5c40:group-582CB46D4500:LeaderElection76] INFO  server.RaftServerConfigKeys (ConfUtils.java:logGet(43)) - raft.server.rpc.request.timeout = 3000ms (default)
2019-09-03 19:26:12,363 [325e8060-d055-47ec-a514-0af988bd5c40:group-582CB46D4500:LeaderElection76] INFO  server.RaftServerConfigKeys (ConfUtils.java:logGet(43)) - raft.server.log.appender.install.snapshot.enabled = false (custom)
2019-09-03 19:26:12,363 [325e8060-d055-47ec-a514-0af988bd5c40:group-582CB46D4500:LeaderElection76] INFO  impl.RoleInfo (RoleInfo.java:updateAndGet(143)) - 325e8060-d055-47ec-a514-0af988bd5c40: start LeaderState
2019-09-03 19:26:12,363 [325e8060-d055-47ec-a514-0af988bd5c40:group-582CB46D4500:LeaderElection76] INFO  segmented.SegmentedRaftLogWorker (SegmentedRaftLogWorker.java:startLogSegment(380)) - 325e8060-d055-47ec-a514-0af988bd5c40-SegmentedRaftLogWorker:Storage Directory /workdir/hadoop-ozone/integration-test/target/test-dir/MiniOzoneClusterImpl-02951a51-9d93-4f48-8a2f-9f437eec0b3a/datanode-1/data/ratis/2f3fbb08-d04a-4546-a4b8-582cb46d4500: Starting segment from index:0
2019-09-03 19:26:12,364 [325e8060-d055-47ec-a514-0af988bd5c40:group-582CB46D4500:LeaderElection76] INFO  impl.RaftServerImpl (ServerState.java:setRaftConf(361)) - 325e8060-d055-47ec-a514-0af988bd5c40:group-582CB46D4500 set configuration 0: [fae74cfc-a3de-49ec-a122-0d29a4d89532:192.168.36.111:45161, a0815a8b-861a-43d7-baa1-c508cc6e5dd8:192.168.36.111:41600, 325e8060-d055-47ec-a514-0af988bd5c40:192.168.36.111:33601], old=null at 0
2019-09-03 19:26:12,365 [grpc-default-executor-8] INFO  impl.RaftServerImpl (ServerState.java:setLeader(263)) - fae74cfc-a3de-49ec-a122-0d29a4d89532:group-582CB46D4500 change Leader from null to 325e8060-d055-47ec-a514-0af988bd5c40 at term 1 for appendEntries, leader elected after 5151ms
2019-09-03 19:26:12,365 [grpc-default-executor-5] INFO  impl.RaftServerImpl (ServerState.java:setLeader(263)) - a0815a8b-861a-43d7-baa1-c508cc6e5dd8:group-582CB46D4500 change Leader from null to 325e8060-d055-47ec-a514-0af988bd5c40 at term 1 for appendEntries, leader elected after 5152ms
2019-09-03 19:26:12,391 [Thread-3565] INFO  impl.FollowerState (FollowerState.java:run(106)) - 132c2cee-ba09-4dde-896e-8618e1396401:group-DDF31ED53680 changes to CANDIDATE, lastRpcTime:5033, electionTimeout:5033ms
2019-09-03 19:26:12,392 [Thread-3565] INFO  impl.RoleInfo (RoleInfo.java:shutdownFollowerState(121)) - 132c2cee-ba09-4dde-896e-8618e1396401: shutdown FollowerState
2019-09-03 19:26:12,392 [Thread-3565] INFO  impl.RaftServerImpl (RaftServerImpl.java:setRole(171)) - 132c2cee-ba09-4dde-896e-8618e1396401:group-DDF31ED53680 changes role from FOLLOWER to CANDIDATE at term 0 for changeToCandidate
2019-09-03 19:26:12,394 [Thread-3565] INFO  impl.RoleInfo (RoleInfo.java:updateAndGet(143)) - 132c2cee-ba09-4dde-896e-8618e1396401: start LeaderElection
2019-09-03 19:26:12,404 [grpc-default-executor-5] INFO  impl.RaftServerImpl (ServerState.java:setRaftConf(361)) - a0815a8b-861a-43d7-baa1-c508cc6e5dd8:group-582CB46D4500 set configuration 0: [fae74cfc-a3de-49ec-a122-0d29a4d89532:192.168.36.111:45161, a0815a8b-861a-43d7-baa1-c508cc6e5dd8:192.168.36.111:41600, 325e8060-d055-47ec-a514-0af988bd5c40:192.168.36.111:33601], old=null at 0
2019-09-03 19:26:12,404 [grpc-default-executor-8] INFO  impl.RaftServerImpl (ServerState.java:setRaftConf(361)) - fae74cfc-a3de-49ec-a122-0d29a4d89532:group-582CB46D4500 set configuration 0: [fae74cfc-a3de-49ec-a122-0d29a4d89532:192.168.36.111:45161, a0815a8b-861a-43d7-baa1-c508cc6e5dd8:192.168.36.111:41600, 325e8060-d055-47ec-a514-0af988bd5c40:192.168.36.111:33601], old=null at 0
2019-09-03 19:26:12,404 [grpc-default-executor-5] INFO  segmented.SegmentedRaftLogWorker (SegmentedRaftLogWorker.java:startLogSegment(380)) - a0815a8b-861a-43d7-baa1-c508cc6e5dd8-SegmentedRaftLogWorker:Storage Directory /workdir/hadoop-ozone/integration-test/target/test-dir/MiniOzoneClusterImpl-02951a51-9d93-4f48-8a2f-9f437eec0b3a/datanode-2/data/ratis/2f3fbb08-d04a-4546-a4b8-582cb46d4500: Starting segment from index:0
2019-09-03 19:26:12,404 [grpc-default-executor-8] INFO  segmented.SegmentedRaftLogWorker (SegmentedRaftLogWorker.java:startLogSegment(380)) - fae74cfc-a3de-49ec-a122-0d29a4d89532-SegmentedRaftLogWorker:Storage Directory /workdir/hadoop-ozone/integration-test/target/test-dir/MiniOzoneClusterImpl-02951a51-9d93-4f48-8a2f-9f437eec0b3a/datanode-0/data/ratis/2f3fbb08-d04a-4546-a4b8-582cb46d4500: Starting segment from index:0
2019-09-03 19:26:12,404 [325e8060-d055-47ec-a514-0af988bd5c40-SegmentedRaftLogWorker:Storage Directory /workdir/hadoop-ozone/integration-test/target/test-dir/MiniOzoneClusterImpl-02951a51-9d93-4f48-8a2f-9f437eec0b3a/datanode-1/data/ratis/2f3fbb08-d04a-4546-a4b8-582cb46d4500] INFO  segmented.SegmentedRaftLogWorker (SegmentedRaftLogWorker.java:execute(569)) - 325e8060-d055-47ec-a514-0af988bd5c40-SegmentedRaftLogWorker:Storage Directory /workdir/hadoop-ozone/integration-test/target/test-dir/MiniOzoneClusterImpl-02951a51-9d93-4f48-8a2f-9f437eec0b3a/datanode-1/data/ratis/2f3fbb08-d04a-4546-a4b8-582cb46d4500: created new log segment /workdir/hadoop-ozone/integration-test/target/test-dir/MiniOzoneClusterImpl-02951a51-9d93-4f48-8a2f-9f437eec0b3a/datanode-1/data/ratis/2f3fbb08-d04a-4546-a4b8-582cb46d4500/current/log_inprogress_0
2019-09-03 19:26:12,407 [132c2cee-ba09-4dde-896e-8618e1396401:group-DDF31ED53680:LeaderElection77] INFO  impl.LeaderElection (LeaderElection.java:askForVotes(181)) - 132c2cee-ba09-4dde-896e-8618e1396401:group-DDF31ED53680:LeaderElection77: begin an election at term 1 for -1: [132c2cee-ba09-4dde-896e-8618e1396401:192.168.36.111:41632], old=null
2019-09-03 19:26:12,407 [132c2cee-ba09-4dde-896e-8618e1396401:group-DDF31ED53680:LeaderElection77] INFO  impl.RoleInfo (RoleInfo.java:shutdownLeaderElection(134)) - 132c2cee-ba09-4dde-896e-8618e1396401: shutdown LeaderElection
2019-09-03 19:26:12,407 [132c2cee-ba09-4dde-896e-8618e1396401:group-DDF31ED53680:LeaderElection77] INFO  impl.RaftServerImpl (RaftServerImpl.java:setRole(171)) - 132c2cee-ba09-4dde-896e-8618e1396401:group-DDF31ED53680 changes role from CANDIDATE to LEADER at term 1 for changeToLeader
2019-09-03 19:26:12,408 [132c2cee-ba09-4dde-896e-8618e1396401:group-DDF31ED53680:LeaderElection77] INFO  impl.RaftServerImpl (ServerState.java:setLeader(263)) - 132c2cee-ba09-4dde-896e-8618e1396401:group-DDF31ED53680 change Leader from null to 132c2cee-ba09-4dde-896e-8618e1396401 at term 1 for becomeLeader, leader elected after 5053ms
2019-09-03 19:26:12,408 [132c2cee-ba09-4dde-896e-8618e1396401:group-DDF31ED53680:LeaderElection77] INFO  server.RaftServerConfigKeys (ConfUtils.java:logGet(43)) - raft.server.staging.catchup.gap = 1000 (default)
2019-09-03 19:26:12,408 [132c2cee-ba09-4dde-896e-8618e1396401:group-DDF31ED53680:LeaderElection77] INFO  server.RaftServerConfigKeys (ConfUtils.java:logGet(43)) - raft.server.rpc.sleep.time = 25ms (default)
2019-09-03 19:26:12,408 [132c2cee-ba09-4dde-896e-8618e1396401:group-DDF31ED53680:LeaderElection77] INFO  server.RaftServerConfigKeys (ConfUtils.java:logGet(43)) - raft.server.write.element-limit = 4096 (default)
2019-09-03 19:26:12,408 [132c2cee-ba09-4dde-896e-8618e1396401:group-DDF31ED53680:LeaderElection77] INFO  server.RaftServerConfigKeys (ConfUtils.java:logGet(43)) - raft.server.watch.timeout = 10s (default)
2019-09-03 19:26:12,408 [132c2cee-ba09-4dde-896e-8618e1396401:group-DDF31ED53680:LeaderElection77] INFO  server.RaftServerConfigKeys (ConfUtils.java:logGet(43)) - raft.server.watch.timeout.denomination = 1s (default)
2019-09-03 19:26:12,409 [132c2cee-ba09-4dde-896e-8618e1396401:group-DDF31ED53680:LeaderElection77] INFO  server.RaftServerConfigKeys (ConfUtils.java:logGet(43)) - raft.server.watch.element-limit = 65536 (default)
2019-09-03 19:26:12,409 [132c2cee-ba09-4dde-896e-8618e1396401:group-DDF31ED53680:LeaderElection77] INFO  impl.RoleInfo (RoleInfo.java:updateAndGet(143)) - 132c2cee-ba09-4dde-896e-8618e1396401: start LeaderState
2019-09-03 19:26:12,409 [132c2cee-ba09-4dde-896e-8618e1396401:group-DDF31ED53680:LeaderElection77] INFO  segmented.SegmentedRaftLogWorker (SegmentedRaftLogWorker.java:startLogSegment(380)) - 132c2cee-ba09-4dde-896e-8618e1396401-SegmentedRaftLogWorker:Storage Directory /workdir/hadoop-ozone/integration-test/target/test-dir/MiniOzoneClusterImpl-02951a51-9d93-4f48-8a2f-9f437eec0b3a/datanode-3/data/ratis/1a8f9767-83da-4434-b9c5-ddf31ed53680: Starting segment from index:0
2019-09-03 19:26:12,410 [132c2cee-ba09-4dde-896e-8618e1396401:group-DDF31ED53680:LeaderElection77] INFO  impl.RaftServerImpl (ServerState.java:setRaftConf(361)) - 132c2cee-ba09-4dde-896e-8618e1396401:group-DDF31ED53680 set configuration 0: [132c2cee-ba09-4dde-896e-8618e1396401:192.168.36.111:41632], old=null at 0
2019-09-03 19:26:12,463 [132c2cee-ba09-4dde-896e-8618e1396401-SegmentedRaftLogWorker:Storage Directory /workdir/hadoop-ozone/integration-test/target/test-dir/MiniOzoneClusterImpl-02951a51-9d93-4f48-8a2f-9f437eec0b3a/datanode-3/data/ratis/1a8f9767-83da-4434-b9c5-ddf31ed53680] INFO  segmented.SegmentedRaftLogWorker (SegmentedRaftLogWorker.java:execute(569)) - 132c2cee-ba09-4dde-896e-8618e1396401-SegmentedRaftLogWorker:Storage Directory /workdir/hadoop-ozone/integration-test/target/test-dir/MiniOzoneClusterImpl-02951a51-9d93-4f48-8a2f-9f437eec0b3a/datanode-3/data/ratis/1a8f9767-83da-4434-b9c5-ddf31ed53680: created new log segment /workdir/hadoop-ozone/integration-test/target/test-dir/MiniOzoneClusterImpl-02951a51-9d93-4f48-8a2f-9f437eec0b3a/datanode-3/data/ratis/1a8f9767-83da-4434-b9c5-ddf31ed53680/current/log_inprogress_0
2019-09-03 19:26:12,463 [a0815a8b-861a-43d7-baa1-c508cc6e5dd8-SegmentedRaftLogWorker:Storage Directory /workdir/hadoop-ozone/integration-test/target/test-dir/MiniOzoneClusterImpl-02951a51-9d93-4f48-8a2f-9f437eec0b3a/datanode-2/data/ratis/2f3fbb08-d04a-4546-a4b8-582cb46d4500] INFO  segmented.SegmentedRaftLogWorker (SegmentedRaftLogWorker.java:execute(569)) - a0815a8b-861a-43d7-baa1-c508cc6e5dd8-SegmentedRaftLogWorker:Storage Directory /workdir/hadoop-ozone/integration-test/target/test-dir/MiniOzoneClusterImpl-02951a51-9d93-4f48-8a2f-9f437eec0b3a/datanode-2/data/ratis/2f3fbb08-d04a-4546-a4b8-582cb46d4500: created new log segment /workdir/hadoop-ozone/integration-test/target/test-dir/MiniOzoneClusterImpl-02951a51-9d93-4f48-8a2f-9f437eec0b3a/datanode-2/data/ratis/2f3fbb08-d04a-4546-a4b8-582cb46d4500/current/log_inprogress_0
2019-09-03 19:26:12,463 [fae74cfc-a3de-49ec-a122-0d29a4d89532-SegmentedRaftLogWorker:Storage Directory /workdir/hadoop-ozone/integration-test/target/test-dir/MiniOzoneClusterImpl-02951a51-9d93-4f48-8a2f-9f437eec0b3a/datanode-0/data/ratis/2f3fbb08-d04a-4546-a4b8-582cb46d4500] INFO  segmented.SegmentedRaftLogWorker (SegmentedRaftLogWorker.java:execute(569)) - fae74cfc-a3de-49ec-a122-0d29a4d89532-SegmentedRaftLogWorker:Storage Directory /workdir/hadoop-ozone/integration-test/target/test-dir/MiniOzoneClusterImpl-02951a51-9d93-4f48-8a2f-9f437eec0b3a/datanode-0/data/ratis/2f3fbb08-d04a-4546-a4b8-582cb46d4500: created new log segment /workdir/hadoop-ozone/integration-test/target/test-dir/MiniOzoneClusterImpl-02951a51-9d93-4f48-8a2f-9f437eec0b3a/datanode-0/data/ratis/2f3fbb08-d04a-4546-a4b8-582cb46d4500/current/log_inprogress_0
2019-09-03 19:26:12,553 [Thread-3568] INFO  impl.FollowerState (FollowerState.java:run(106)) - 842067f9-d964-4704-9fac-339bb292f0b1:group-5D8D6D73FB02 changes to CANDIDATE, lastRpcTime:5148, electionTimeout:5148ms
2019-09-03 19:26:12,554 [Thread-3568] INFO  impl.RoleInfo (RoleInfo.java:shutdownFollowerState(121)) - 842067f9-d964-4704-9fac-339bb292f0b1: shutdown FollowerState
2019-09-03 19:26:12,554 [Thread-3568] INFO  impl.RaftServerImpl (RaftServerImpl.java:setRole(171)) - 842067f9-d964-4704-9fac-339bb292f0b1:group-5D8D6D73FB02 changes role from FOLLOWER to CANDIDATE at term 0 for changeToCandidate
2019-09-03 19:26:12,554 [Thread-3568] INFO  impl.RoleInfo (RoleInfo.java:updateAndGet(143)) - 842067f9-d964-4704-9fac-339bb292f0b1: start LeaderElection
2019-09-03 19:26:12,572 [842067f9-d964-4704-9fac-339bb292f0b1:group-5D8D6D73FB02:LeaderElection78] INFO  impl.LeaderElection (LeaderElection.java:askForVotes(181)) - 842067f9-d964-4704-9fac-339bb292f0b1:group-5D8D6D73FB02:LeaderElection78: begin an election at term 1 for -1: [842067f9-d964-4704-9fac-339bb292f0b1:192.168.36.111:44903], old=null
2019-09-03 19:26:12,572 [842067f9-d964-4704-9fac-339bb292f0b1:group-5D8D6D73FB02:LeaderElection78] INFO  impl.RoleInfo (RoleInfo.java:shutdownLeaderElection(134)) - 842067f9-d964-4704-9fac-339bb292f0b1: shutdown LeaderElection
2019-09-03 19:26:12,572 [842067f9-d964-4704-9fac-339bb292f0b1:group-5D8D6D73FB02:LeaderElection78] INFO  impl.RaftServerImpl (RaftServerImpl.java:setRole(171)) - 842067f9-d964-4704-9fac-339bb292f0b1:group-5D8D6D73FB02 changes role from CANDIDATE to LEADER at term 1 for changeToLeader
2019-09-03 19:26:12,572 [842067f9-d964-4704-9fac-339bb292f0b1:group-5D8D6D73FB02:LeaderElection78] INFO  impl.RaftServerImpl (ServerState.java:setLeader(263)) - 842067f9-d964-4704-9fac-339bb292f0b1:group-5D8D6D73FB02 change Leader from null to 842067f9-d964-4704-9fac-339bb292f0b1 at term 1 for becomeLeader, leader elected after 5171ms
2019-09-03 19:26:12,572 [842067f9-d964-4704-9fac-339bb292f0b1:group-5D8D6D73FB02:LeaderElection78] INFO  server.RaftServerConfigKeys (ConfUtils.java:logGet(43)) - raft.server.staging.catchup.gap = 1000 (default)
2019-09-03 19:26:12,572 [842067f9-d964-4704-9fac-339bb292f0b1:group-5D8D6D73FB02:LeaderElection78] INFO  server.RaftServerConfigKeys (ConfUtils.java:logGet(43)) - raft.server.rpc.sleep.time = 25ms (default)
2019-09-03 19:26:12,573 [842067f9-d964-4704-9fac-339bb292f0b1:group-5D8D6D73FB02:LeaderElection78] INFO  server.RaftServerConfigKeys (ConfUtils.java:logGet(43)) - raft.server.write.element-limit = 4096 (default)
2019-09-03 19:26:12,573 [842067f9-d964-4704-9fac-339bb292f0b1:group-5D8D6D73FB02:LeaderElection78] INFO  server.RaftServerConfigKeys (ConfUtils.java:logGet(43)) - raft.server.watch.timeout = 10s (default)
2019-09-03 19:26:12,573 [842067f9-d964-4704-9fac-339bb292f0b1:group-5D8D6D73FB02:LeaderElection78] INFO  server.RaftServerConfigKeys (ConfUtils.java:logGet(43)) - raft.server.watch.timeout.denomination = 1s (default)
2019-09-03 19:26:12,573 [842067f9-d964-4704-9fac-339bb292f0b1:group-5D8D6D73FB02:LeaderElection78] INFO  server.RaftServerConfigKeys (ConfUtils.java:logGet(43)) - raft.server.watch.element-limit = 65536 (default)
2019-09-03 19:26:12,573 [842067f9-d964-4704-9fac-339bb292f0b1:group-5D8D6D73FB02:LeaderElection78] INFO  impl.RoleInfo (RoleInfo.java:updateAndGet(143)) - 842067f9-d964-4704-9fac-339bb292f0b1: start LeaderState
2019-09-03 19:26:12,574 [842067f9-d964-4704-9fac-339bb292f0b1:group-5D8D6D73FB02:LeaderElection78] INFO  segmented.SegmentedRaftLogWorker (SegmentedRaftLogWorker.java:startLogSegment(380)) - 842067f9-d964-4704-9fac-339bb292f0b1-SegmentedRaftLogWorker:Storage Directory /workdir/hadoop-ozone/integration-test/target/test-dir/MiniOzoneClusterImpl-02951a51-9d93-4f48-8a2f-9f437eec0b3a/datanode-4/data/ratis/f7baeb13-b13b-455c-af96-5d8d6d73fb02: Starting segment from index:0
2019-09-03 19:26:12,574 [842067f9-d964-4704-9fac-339bb292f0b1:group-5D8D6D73FB02:LeaderElection78] INFO  impl.RaftServerImpl (ServerState.java:setRaftConf(361)) - 842067f9-d964-4704-9fac-339bb292f0b1:group-5D8D6D73FB02 set configuration 0: [842067f9-d964-4704-9fac-339bb292f0b1:192.168.36.111:44903], old=null at 0
2019-09-03 19:26:12,617 [Thread-3571] INFO  impl.FollowerState (FollowerState.java:run(106)) - dd8cfd05-4000-4955-ac1a-45b85b415652:group-DE2062FBC0B0 changes to CANDIDATE, lastRpcTime:5168, electionTimeout:5148ms
2019-09-03 19:26:12,617 [Thread-3580] INFO  impl.FollowerState (FollowerState.java:run(106)) - dd8cfd05-4000-4955-ac1a-45b85b415652:group-D43D9728F9DB changes to CANDIDATE, lastRpcTime:5061, electionTimeout:5023ms
2019-09-03 19:26:12,617 [Thread-3571] INFO  impl.RoleInfo (RoleInfo.java:shutdownFollowerState(121)) - dd8cfd05-4000-4955-ac1a-45b85b415652: shutdown FollowerState
2019-09-03 19:26:12,617 [Thread-3580] INFO  impl.RoleInfo (RoleInfo.java:shutdownFollowerState(121)) - dd8cfd05-4000-4955-ac1a-45b85b415652: shutdown FollowerState
2019-09-03 19:26:12,617 [Thread-3571] INFO  impl.RaftServerImpl (RaftServerImpl.java:setRole(171)) - dd8cfd05-4000-4955-ac1a-45b85b415652:group-DE2062FBC0B0 changes role from FOLLOWER to CANDIDATE at term 0 for changeToCandidate
2019-09-03 19:26:12,617 [Thread-3580] INFO  impl.RaftServerImpl (RaftServerImpl.java:setRole(171)) - dd8cfd05-4000-4955-ac1a-45b85b415652:group-D43D9728F9DB changes role from FOLLOWER to CANDIDATE at term 0 for changeToCandidate
2019-09-03 19:26:12,617 [Thread-3571] INFO  impl.RoleInfo (RoleInfo.java:updateAndGet(143)) - dd8cfd05-4000-4955-ac1a-45b85b415652: start LeaderElection
2019-09-03 19:26:12,618 [Thread-3580] INFO  impl.RoleInfo (RoleInfo.java:updateAndGet(143)) - dd8cfd05-4000-4955-ac1a-45b85b415652: start LeaderElection
2019-09-03 19:26:12,625 [842067f9-d964-4704-9fac-339bb292f0b1-SegmentedRaftLogWorker:Storage Directory /workdir/hadoop-ozone/integration-test/target/test-dir/MiniOzoneClusterImpl-02951a51-9d93-4f48-8a2f-9f437eec0b3a/datanode-4/data/ratis/f7baeb13-b13b-455c-af96-5d8d6d73fb02] INFO  segmented.SegmentedRaftLogWorker (SegmentedRaftLogWorker.java:execute(569)) - 842067f9-d964-4704-9fac-339bb292f0b1-SegmentedRaftLogWorker:Storage Directory /workdir/hadoop-ozone/integration-test/target/test-dir/MiniOzoneClusterImpl-02951a51-9d93-4f48-8a2f-9f437eec0b3a/datanode-4/data/ratis/f7baeb13-b13b-455c-af96-5d8d6d73fb02: created new log segment /workdir/hadoop-ozone/integration-test/target/test-dir/MiniOzoneClusterImpl-02951a51-9d93-4f48-8a2f-9f437eec0b3a/datanode-4/data/ratis/f7baeb13-b13b-455c-af96-5d8d6d73fb02/current/log_inprogress_0
2019-09-03 19:26:12,641 [dd8cfd05-4000-4955-ac1a-45b85b415652:group-DE2062FBC0B0:LeaderElection79] INFO  impl.LeaderElection (LeaderElection.java:askForVotes(181)) - dd8cfd05-4000-4955-ac1a-45b85b415652:group-DE2062FBC0B0:LeaderElection79: begin an election at term 1 for -1: [dd8cfd05-4000-4955-ac1a-45b85b415652:192.168.36.111:33102], old=null
2019-09-03 19:26:12,641 [dd8cfd05-4000-4955-ac1a-45b85b415652:group-D43D9728F9DB:LeaderElection80] INFO  impl.LeaderElection (LeaderElection.java:askForVotes(181)) - dd8cfd05-4000-4955-ac1a-45b85b415652:group-D43D9728F9DB:LeaderElection80: begin an election at term 1 for -1: [842067f9-d964-4704-9fac-339bb292f0b1:192.168.36.111:44903, dd8cfd05-4000-4955-ac1a-45b85b415652:192.168.36.111:33102, 132c2cee-ba09-4dde-896e-8618e1396401:192.168.36.111:41632], old=null
2019-09-03 19:26:12,644 [dd8cfd05-4000-4955-ac1a-45b85b415652:group-DE2062FBC0B0:LeaderElection79] INFO  impl.RoleInfo (RoleInfo.java:shutdownLeaderElection(134)) - dd8cfd05-4000-4955-ac1a-45b85b415652: shutdown LeaderElection
2019-09-03 19:26:12,644 [dd8cfd05-4000-4955-ac1a-45b85b415652:group-DE2062FBC0B0:LeaderElection79] INFO  impl.RaftServerImpl (RaftServerImpl.java:setRole(171)) - dd8cfd05-4000-4955-ac1a-45b85b415652:group-DE2062FBC0B0 changes role from CANDIDATE to LEADER at term 1 for changeToLeader
2019-09-03 19:26:12,644 [dd8cfd05-4000-4955-ac1a-45b85b415652:group-DE2062FBC0B0:LeaderElection79] INFO  impl.RaftServerImpl (ServerState.java:setLeader(263)) - dd8cfd05-4000-4955-ac1a-45b85b415652:group-DE2062FBC0B0 change Leader from null to dd8cfd05-4000-4955-ac1a-45b85b415652 at term 1 for becomeLeader, leader elected after 5199ms
2019-09-03 19:26:12,644 [dd8cfd05-4000-4955-ac1a-45b85b415652:group-DE2062FBC0B0:LeaderElection79] INFO  server.RaftServerConfigKeys (ConfUtils.java:logGet(43)) - raft.server.staging.catchup.gap = 1000 (default)
2019-09-03 19:26:12,645 [dd8cfd05-4000-4955-ac1a-45b85b415652:group-DE2062FBC0B0:LeaderElection79] INFO  server.RaftServerConfigKeys (ConfUtils.java:logGet(43)) - raft.server.rpc.sleep.time = 25ms (default)
2019-09-03 19:26:12,645 [dd8cfd05-4000-4955-ac1a-45b85b415652:group-DE2062FBC0B0:LeaderElection79] INFO  server.RaftServerConfigKeys (ConfUtils.java:logGet(43)) - raft.server.write.element-limit = 4096 (default)
2019-09-03 19:26:12,645 [dd8cfd05-4000-4955-ac1a-45b85b415652:group-DE2062FBC0B0:LeaderElection79] INFO  server.RaftServerConfigKeys (ConfUtils.java:logGet(43)) - raft.server.watch.timeout = 10s (default)
2019-09-03 19:26:12,645 [dd8cfd05-4000-4955-ac1a-45b85b415652:group-DE2062FBC0B0:LeaderElection79] INFO  server.RaftServerConfigKeys (ConfUtils.java:logGet(43)) - raft.server.watch.timeout.denomination = 1s (default)
2019-09-03 19:26:12,645 [dd8cfd05-4000-4955-ac1a-45b85b415652:group-DE2062FBC0B0:LeaderElection79] INFO  server.RaftServerConfigKeys (ConfUtils.java:logGet(43)) - raft.server.watch.element-limit = 65536 (default)
2019-09-03 19:26:12,646 [dd8cfd05-4000-4955-ac1a-45b85b415652:group-DE2062FBC0B0:LeaderElection79] INFO  impl.RoleInfo (RoleInfo.java:updateAndGet(143)) - dd8cfd05-4000-4955-ac1a-45b85b415652: start LeaderState
2019-09-03 19:26:12,646 [dd8cfd05-4000-4955-ac1a-45b85b415652:group-DE2062FBC0B0:LeaderElection79] INFO  segmented.SegmentedRaftLogWorker (SegmentedRaftLogWorker.java:startLogSegment(380)) - dd8cfd05-4000-4955-ac1a-45b85b415652-SegmentedRaftLogWorker:Storage Directory /workdir/hadoop-ozone/integration-test/target/test-dir/MiniOzoneClusterImpl-02951a51-9d93-4f48-8a2f-9f437eec0b3a/datanode-5/data/ratis/7a7e0cf5-9bb5-4d9a-8117-de2062fbc0b0: Starting segment from index:0
2019-09-03 19:26:12,647 [dd8cfd05-4000-4955-ac1a-45b85b415652:group-DE2062FBC0B0:LeaderElection79] INFO  impl.RaftServerImpl (ServerState.java:setRaftConf(361)) - dd8cfd05-4000-4955-ac1a-45b85b415652:group-DE2062FBC0B0 set configuration 0: [dd8cfd05-4000-4955-ac1a-45b85b415652:192.168.36.111:33102], old=null at 0
2019-09-03 19:26:12,680 [Thread-3574] INFO  impl.FollowerState (FollowerState.java:run(106)) - 243df66c-4ee7-4dc6-a4d1-401ff0e2c7f3:group-A8556519AA4D changes to CANDIDATE, lastRpcTime:5187, electionTimeout:5173ms
2019-09-03 19:26:12,681 [Thread-3577] INFO  impl.FollowerState (FollowerState.java:run(106)) - 842067f9-d964-4704-9fac-339bb292f0b1:group-D43D9728F9DB changes to CANDIDATE, lastRpcTime:5126, electionTimeout:5100ms
2019-09-03 19:26:12,681 [Thread-3574] INFO  impl.RoleInfo (RoleInfo.java:shutdownFollowerState(121)) - 243df66c-4ee7-4dc6-a4d1-401ff0e2c7f3: shutdown FollowerState
2019-09-03 19:26:12,681 [Thread-3577] INFO  impl.RoleInfo (RoleInfo.java:shutdownFollowerState(121)) - 842067f9-d964-4704-9fac-339bb292f0b1: shutdown FollowerState
2019-09-03 19:26:12,681 [Thread-3574] INFO  impl.RaftServerImpl (RaftServerImpl.java:setRole(171)) - 243df66c-4ee7-4dc6-a4d1-401ff0e2c7f3:group-A8556519AA4D changes role from FOLLOWER to CANDIDATE at term 0 for changeToCandidate
2019-09-03 19:26:12,681 [Thread-3577] INFO  impl.RaftServerImpl (RaftServerImpl.java:setRole(171)) - 842067f9-d964-4704-9fac-339bb292f0b1:group-D43D9728F9DB changes role from FOLLOWER to CANDIDATE at term 0 for changeToCandidate
2019-09-03 19:26:12,681 [Thread-3574] INFO  impl.RoleInfo (RoleInfo.java:updateAndGet(143)) - 243df66c-4ee7-4dc6-a4d1-401ff0e2c7f3: start LeaderElection
2019-09-03 19:26:12,681 [Thread-3577] INFO  impl.RoleInfo (RoleInfo.java:updateAndGet(143)) - 842067f9-d964-4704-9fac-339bb292f0b1: start LeaderElection
2019-09-03 19:26:12,691 [grpc-default-executor-5] INFO  impl.RaftServerImpl (RaftServerImpl.java:setRole(171)) - 132c2cee-ba09-4dde-896e-8618e1396401:group-D43D9728F9DB changes role from FOLLOWER to FOLLOWER at term 1 for recognizeCandidate:dd8cfd05-4000-4955-ac1a-45b85b415652
2019-09-03 19:26:12,692 [grpc-default-executor-5] INFO  impl.RoleInfo (RoleInfo.java:shutdownFollowerState(121)) - 132c2cee-ba09-4dde-896e-8618e1396401: shutdown FollowerState
2019-09-03 19:26:12,692 [grpc-default-executor-5] INFO  impl.RoleInfo (RoleInfo.java:updateAndGet(143)) - 132c2cee-ba09-4dde-896e-8618e1396401: start FollowerState
2019-09-03 19:26:12,692 [Thread-3583] INFO  impl.FollowerState (FollowerState.java:run(114)) - 132c2cee-ba09-4dde-896e-8618e1396401: FollowerState was interrupted: java.lang.InterruptedException: sleep interrupted
2019-09-03 19:26:12,694 [dd8cfd05-4000-4955-ac1a-45b85b415652-SegmentedRaftLogWorker:Storage Directory /workdir/hadoop-ozone/integration-test/target/test-dir/MiniOzoneClusterImpl-02951a51-9d93-4f48-8a2f-9f437eec0b3a/datanode-5/data/ratis/7a7e0cf5-9bb5-4d9a-8117-de2062fbc0b0] INFO  segmented.SegmentedRaftLogWorker (SegmentedRaftLogWorker.java:execute(569)) - dd8cfd05-4000-4955-ac1a-45b85b415652-SegmentedRaftLogWorker:Storage Directory /workdir/hadoop-ozone/integration-test/target/test-dir/MiniOzoneClusterImpl-02951a51-9d93-4f48-8a2f-9f437eec0b3a/datanode-5/data/ratis/7a7e0cf5-9bb5-4d9a-8117-de2062fbc0b0: created new log segment /workdir/hadoop-ozone/integration-test/target/test-dir/MiniOzoneClusterImpl-02951a51-9d93-4f48-8a2f-9f437eec0b3a/datanode-5/data/ratis/7a7e0cf5-9bb5-4d9a-8117-de2062fbc0b0/current/log_inprogress_0
2019-09-03 19:26:12,694 [842067f9-d964-4704-9fac-339bb292f0b1:group-D43D9728F9DB:LeaderElection82] INFO  impl.LeaderElection (LeaderElection.java:askForVotes(181)) - 842067f9-d964-4704-9fac-339bb292f0b1:group-D43D9728F9DB:LeaderElection82: begin an election at term 1 for -1: [842067f9-d964-4704-9fac-339bb292f0b1:192.168.36.111:44903, dd8cfd05-4000-4955-ac1a-45b85b415652:192.168.36.111:33102, 132c2cee-ba09-4dde-896e-8618e1396401:192.168.36.111:41632], old=null
2019-09-03 19:26:12,704 [243df66c-4ee7-4dc6-a4d1-401ff0e2c7f3:group-A8556519AA4D:LeaderElection81] INFO  impl.LeaderElection (LeaderElection.java:askForVotes(181)) - 243df66c-4ee7-4dc6-a4d1-401ff0e2c7f3:group-A8556519AA4D:LeaderElection81: begin an election at term 1 for -1: [243df66c-4ee7-4dc6-a4d1-401ff0e2c7f3:192.168.36.111:46193], old=null
2019-09-03 19:26:12,704 [243df66c-4ee7-4dc6-a4d1-401ff0e2c7f3:group-A8556519AA4D:LeaderElection81] INFO  impl.RoleInfo (RoleInfo.java:shutdownLeaderElection(134)) - 243df66c-4ee7-4dc6-a4d1-401ff0e2c7f3: shutdown LeaderElection
2019-09-03 19:26:12,705 [243df66c-4ee7-4dc6-a4d1-401ff0e2c7f3:group-A8556519AA4D:LeaderElection81] INFO  impl.RaftServerImpl (RaftServerImpl.java:setRole(171)) - 243df66c-4ee7-4dc6-a4d1-401ff0e2c7f3:group-A8556519AA4D changes role from CANDIDATE to LEADER at term 1 for changeToLeader
2019-09-03 19:26:12,705 [243df66c-4ee7-4dc6-a4d1-401ff0e2c7f3:group-A8556519AA4D:LeaderElection81] INFO  impl.RaftServerImpl (ServerState.java:setLeader(263)) - 243df66c-4ee7-4dc6-a4d1-401ff0e2c7f3:group-A8556519AA4D change Leader from null to 243df66c-4ee7-4dc6-a4d1-401ff0e2c7f3 at term 1 for becomeLeader, leader elected after 5215ms
2019-09-03 19:26:12,705 [243df66c-4ee7-4dc6-a4d1-401ff0e2c7f3:group-A8556519AA4D:LeaderElection81] INFO  server.RaftServerConfigKeys (ConfUtils.java:logGet(43)) - raft.server.staging.catchup.gap = 1000 (default)
2019-09-03 19:26:12,705 [243df66c-4ee7-4dc6-a4d1-401ff0e2c7f3:group-A8556519AA4D:LeaderElection81] INFO  server.RaftServerConfigKeys (ConfUtils.java:logGet(43)) - raft.server.rpc.sleep.time = 25ms (default)
2019-09-03 19:26:12,705 [243df66c-4ee7-4dc6-a4d1-401ff0e2c7f3:group-A8556519AA4D:LeaderElection81] INFO  server.RaftServerConfigKeys (ConfUtils.java:logGet(43)) - raft.server.write.element-limit = 4096 (default)
2019-09-03 19:26:12,707 [243df66c-4ee7-4dc6-a4d1-401ff0e2c7f3:group-A8556519AA4D:LeaderElection81] INFO  server.RaftServerConfigKeys (ConfUtils.java:logGet(43)) - raft.server.watch.timeout = 10s (default)
2019-09-03 19:26:12,707 [243df66c-4ee7-4dc6-a4d1-401ff0e2c7f3:group-A8556519AA4D:LeaderElection81] INFO  server.RaftServerConfigKeys (ConfUtils.java:logGet(43)) - raft.server.watch.timeout.denomination = 1s (default)
2019-09-03 19:26:12,707 [243df66c-4ee7-4dc6-a4d1-401ff0e2c7f3:group-A8556519AA4D:LeaderElection81] INFO  server.RaftServerConfigKeys (ConfUtils.java:logGet(43)) - raft.server.watch.element-limit = 65536 (default)
2019-09-03 19:26:12,708 [243df66c-4ee7-4dc6-a4d1-401ff0e2c7f3:group-A8556519AA4D:LeaderElection81] INFO  impl.RoleInfo (RoleInfo.java:updateAndGet(143)) - 243df66c-4ee7-4dc6-a4d1-401ff0e2c7f3: start LeaderState
2019-09-03 19:26:12,708 [243df66c-4ee7-4dc6-a4d1-401ff0e2c7f3:group-A8556519AA4D:LeaderElection81] INFO  segmented.SegmentedRaftLogWorker (SegmentedRaftLogWorker.java:startLogSegment(380)) - 243df66c-4ee7-4dc6-a4d1-401ff0e2c7f3-SegmentedRaftLogWorker:Storage Directory /workdir/hadoop-ozone/integration-test/target/test-dir/MiniOzoneClusterImpl-02951a51-9d93-4f48-8a2f-9f437eec0b3a/datanode-6/data/ratis/0847e7bc-7ce3-4adc-a44a-a8556519aa4d: Starting segment from index:0
2019-09-03 19:26:12,710 [243df66c-4ee7-4dc6-a4d1-401ff0e2c7f3:group-A8556519AA4D:LeaderElection81] INFO  impl.RaftServerImpl (ServerState.java:setRaftConf(361)) - 243df66c-4ee7-4dc6-a4d1-401ff0e2c7f3:group-A8556519AA4D set configuration 0: [243df66c-4ee7-4dc6-a4d1-401ff0e2c7f3:192.168.36.111:46193], old=null at 0
2019-09-03 19:26:12,712 [grpc-default-executor-9] INFO  client.GrpcClientProtocolClient (GrpcClientProtocolClient.java:onNext(255)) - client-95287ED7DA23->325e8060-d055-47ec-a514-0af988bd5c40: receive RaftClientReply:client-95287ED7DA23->325e8060-d055-47ec-a514-0af988bd5c40@group-582CB46D4500, cid=182, SUCCESS, logIndex=1, commits[325e8060-d055-47ec-a514-0af988bd5c40:c1, fae74cfc-a3de-49ec-a122-0d29a4d89532:c0, a0815a8b-861a-43d7-baa1-c508cc6e5dd8:c0]
2019-09-03 19:26:12,754 [842067f9-d964-4704-9fac-339bb292f0b1:group-D43D9728F9DB:LeaderElection82] INFO  impl.LeaderElection (LeaderElection.java:logAndReturn(56)) - 842067f9-d964-4704-9fac-339bb292f0b1:group-D43D9728F9DB:LeaderElection82: Election REJECTED; received 2 response(s) [842067f9-d964-4704-9fac-339bb292f0b1<-dd8cfd05-4000-4955-ac1a-45b85b415652#0:FAIL-t1, 842067f9-d964-4704-9fac-339bb292f0b1<-132c2cee-ba09-4dde-896e-8618e1396401#0:FAIL-t1] and 0 exception(s); 842067f9-d964-4704-9fac-339bb292f0b1:t1, leader=null, voted=842067f9-d964-4704-9fac-339bb292f0b1, raftlog=842067f9-d964-4704-9fac-339bb292f0b1-SegmentedRaftLog:OPENED:c-1,f-1,i0, conf=-1: [842067f9-d964-4704-9fac-339bb292f0b1:192.168.36.111:44903, dd8cfd05-4000-4955-ac1a-45b85b415652:192.168.36.111:33102, 132c2cee-ba09-4dde-896e-8618e1396401:192.168.36.111:41632], old=null
2019-09-03 19:26:12,754 [dd8cfd05-4000-4955-ac1a-45b85b415652:group-D43D9728F9DB:LeaderElection80] INFO  impl.LeaderElection (LeaderElection.java:logAndReturn(56)) - dd8cfd05-4000-4955-ac1a-45b85b415652:group-D43D9728F9DB:LeaderElection80: Election PASSED; received 2 response(s) [dd8cfd05-4000-4955-ac1a-45b85b415652<-842067f9-d964-4704-9fac-339bb292f0b1#0:FAIL-t1, dd8cfd05-4000-4955-ac1a-45b85b415652<-132c2cee-ba09-4dde-896e-8618e1396401#0:OK-t1] and 0 exception(s); dd8cfd05-4000-4955-ac1a-45b85b415652:t1, leader=null, voted=dd8cfd05-4000-4955-ac1a-45b85b415652, raftlog=dd8cfd05-4000-4955-ac1a-45b85b415652-SegmentedRaftLog:OPENED:c-1,f-1,i0, conf=-1: [842067f9-d964-4704-9fac-339bb292f0b1:192.168.36.111:44903, dd8cfd05-4000-4955-ac1a-45b85b415652:192.168.36.111:33102, 132c2cee-ba09-4dde-896e-8618e1396401:192.168.36.111:41632], old=null
2019-09-03 19:26:12,755 [842067f9-d964-4704-9fac-339bb292f0b1:group-D43D9728F9DB:LeaderElection82] INFO  impl.RaftServerImpl (RaftServerImpl.java:setRole(171)) - 842067f9-d964-4704-9fac-339bb292f0b1:group-D43D9728F9DB changes role from CANDIDATE to FOLLOWER at term 1 for DISCOVERED_A_NEW_TERM
2019-09-03 19:26:12,755 [dd8cfd05-4000-4955-ac1a-45b85b415652:group-D43D9728F9DB:LeaderElection80] INFO  impl.RoleInfo (RoleInfo.java:shutdownLeaderElection(134)) - dd8cfd05-4000-4955-ac1a-45b85b415652: shutdown LeaderElection
2019-09-03 19:26:12,755 [842067f9-d964-4704-9fac-339bb292f0b1:group-D43D9728F9DB:LeaderElection82] INFO  impl.RoleInfo (RoleInfo.java:shutdownLeaderElection(134)) - 842067f9-d964-4704-9fac-339bb292f0b1: shutdown LeaderElection
2019-09-03 19:26:12,755 [dd8cfd05-4000-4955-ac1a-45b85b415652:group-D43D9728F9DB:LeaderElection80] INFO  impl.RaftServerImpl (RaftServerImpl.java:setRole(171)) - dd8cfd05-4000-4955-ac1a-45b85b415652:group-D43D9728F9DB changes role from CANDIDATE to LEADER at term 1 for changeToLeader
2019-09-03 19:26:12,755 [842067f9-d964-4704-9fac-339bb292f0b1:group-D43D9728F9DB:LeaderElection82] INFO  impl.RoleInfo (RoleInfo.java:updateAndGet(143)) - 842067f9-d964-4704-9fac-339bb292f0b1: start FollowerState
2019-09-03 19:26:12,755 [dd8cfd05-4000-4955-ac1a-45b85b415652:group-D43D9728F9DB:LeaderElection80] INFO  impl.RaftServerImpl (ServerState.java:setLeader(263)) - dd8cfd05-4000-4955-ac1a-45b85b415652:group-D43D9728F9DB change Leader from null to dd8cfd05-4000-4955-ac1a-45b85b415652 at term 1 for becomeLeader, leader elected after 5207ms
2019-09-03 19:26:12,756 [dd8cfd05-4000-4955-ac1a-45b85b415652:group-D43D9728F9DB:LeaderElection80] INFO  server.RaftServerConfigKeys (ConfUtils.java:logGet(43)) - raft.server.staging.catchup.gap = 1000 (default)
2019-09-03 19:26:12,756 [dd8cfd05-4000-4955-ac1a-45b85b415652:group-D43D9728F9DB:LeaderElection80] INFO  server.RaftServerConfigKeys (ConfUtils.java:logGet(43)) - raft.server.rpc.sleep.time = 25ms (default)
2019-09-03 19:26:12,756 [dd8cfd05-4000-4955-ac1a-45b85b415652:group-D43D9728F9DB:LeaderElection80] INFO  server.RaftServerConfigKeys (ConfUtils.java:logGet(43)) - raft.server.write.element-limit = 4096 (default)
2019-09-03 19:26:12,756 [dd8cfd05-4000-4955-ac1a-45b85b415652:group-D43D9728F9DB:LeaderElection80] INFO  server.RaftServerConfigKeys (ConfUtils.java:logGet(43)) - raft.server.watch.timeout = 10s (default)
2019-09-03 19:26:12,756 [dd8cfd05-4000-4955-ac1a-45b85b415652:group-D43D9728F9DB:LeaderElection80] INFO  server.RaftServerConfigKeys (ConfUtils.java:logGet(43)) - raft.server.watch.timeout.denomination = 1s (default)
2019-09-03 19:26:12,756 [dd8cfd05-4000-4955-ac1a-45b85b415652:group-D43D9728F9DB:LeaderElection80] INFO  server.RaftServerConfigKeys (ConfUtils.java:logGet(43)) - raft.server.watch.element-limit = 65536 (default)
2019-09-03 19:26:12,756 [243df66c-4ee7-4dc6-a4d1-401ff0e2c7f3-SegmentedRaftLogWorker:Storage Directory /workdir/hadoop-ozone/integration-test/target/test-dir/MiniOzoneClusterImpl-02951a51-9d93-4f48-8a2f-9f437eec0b3a/datanode-6/data/ratis/0847e7bc-7ce3-4adc-a44a-a8556519aa4d] INFO  segmented.SegmentedRaftLogWorker (SegmentedRaftLogWorker.java:execute(569)) - 243df66c-4ee7-4dc6-a4d1-401ff0e2c7f3-SegmentedRaftLogWorker:Storage Directory /workdir/hadoop-ozone/integration-test/target/test-dir/MiniOzoneClusterImpl-02951a51-9d93-4f48-8a2f-9f437eec0b3a/datanode-6/data/ratis/0847e7bc-7ce3-4adc-a44a-a8556519aa4d: created new log segment /workdir/hadoop-ozone/integration-test/target/test-dir/MiniOzoneClusterImpl-02951a51-9d93-4f48-8a2f-9f437eec0b3a/datanode-6/data/ratis/0847e7bc-7ce3-4adc-a44a-a8556519aa4d/current/log_inprogress_0
2019-09-03 19:26:12,757 [dd8cfd05-4000-4955-ac1a-45b85b415652:group-D43D9728F9DB:LeaderElection80] INFO  server.RaftServerConfigKeys (ConfUtils.java:logGet(43)) - raft.server.log.appender.snapshot.chunk.size.max = 16MB (=16777216) (default)
2019-09-03 19:26:12,757 [dd8cfd05-4000-4955-ac1a-45b85b415652:group-D43D9728F9DB:LeaderElection80] INFO  server.RaftServerConfigKeys (ConfUtils.java:logGet(43)) - raft.server.log.appender.buffer.byte-limit = 33554432 (custom)
2019-09-03 19:26:12,757 [dd8cfd05-4000-4955-ac1a-45b85b415652:group-D43D9728F9DB:LeaderElection80] INFO  server.RaftServerConfigKeys (ConfUtils.java:logGet(43)) - raft.server.log.appender.buffer.element-limit = 1 (custom)
2019-09-03 19:26:12,757 [dd8cfd05-4000-4955-ac1a-45b85b415652:group-D43D9728F9DB:LeaderElection80] INFO  grpc.GrpcConfigKeys$Server (ConfUtils.java:logGet(43)) - raft.grpc.server.leader.outstanding.appends.max = 128 (default)
2019-09-03 19:26:12,757 [dd8cfd05-4000-4955-ac1a-45b85b415652:group-D43D9728F9DB:LeaderElection80] INFO  server.RaftServerConfigKeys (ConfUtils.java:logGet(43)) - raft.server.rpc.request.timeout = 3000ms (default)
2019-09-03 19:26:12,757 [dd8cfd05-4000-4955-ac1a-45b85b415652:group-D43D9728F9DB:LeaderElection80] INFO  server.RaftServerConfigKeys (ConfUtils.java:logGet(43)) - raft.server.log.appender.install.snapshot.enabled = false (custom)
2019-09-03 19:26:12,757 [dd8cfd05-4000-4955-ac1a-45b85b415652:group-D43D9728F9DB:LeaderElection80] INFO  server.RaftServerConfigKeys (ConfUtils.java:logGet(43)) - raft.server.log.appender.snapshot.chunk.size.max = 16MB (=16777216) (default)
2019-09-03 19:26:12,758 [dd8cfd05-4000-4955-ac1a-45b85b415652:group-D43D9728F9DB:LeaderElection80] INFO  server.RaftServerConfigKeys (ConfUtils.java:logGet(43)) - raft.server.log.appender.buffer.byte-limit = 33554432 (custom)
2019-09-03 19:26:12,758 [dd8cfd05-4000-4955-ac1a-45b85b415652:group-D43D9728F9DB:LeaderElection80] INFO  server.RaftServerConfigKeys (ConfUtils.java:logGet(43)) - raft.server.log.appender.buffer.element-limit = 1 (custom)
2019-09-03 19:26:12,758 [dd8cfd05-4000-4955-ac1a-45b85b415652:group-D43D9728F9DB:LeaderElection80] INFO  grpc.GrpcConfigKeys$Server (ConfUtils.java:logGet(43)) - raft.grpc.server.leader.outstanding.appends.max = 128 (default)
2019-09-03 19:26:12,758 [dd8cfd05-4000-4955-ac1a-45b85b415652:group-D43D9728F9DB:LeaderElection80] INFO  server.RaftServerConfigKeys (ConfUtils.java:logGet(43)) - raft.server.rpc.request.timeout = 3000ms (default)
2019-09-03 19:26:12,758 [dd8cfd05-4000-4955-ac1a-45b85b415652:group-D43D9728F9DB:LeaderElection80] INFO  server.RaftServerConfigKeys (ConfUtils.java:logGet(43)) - raft.server.log.appender.install.snapshot.enabled = false (custom)
2019-09-03 19:26:12,758 [dd8cfd05-4000-4955-ac1a-45b85b415652:group-D43D9728F9DB:LeaderElection80] INFO  impl.RoleInfo (RoleInfo.java:updateAndGet(143)) - dd8cfd05-4000-4955-ac1a-45b85b415652: start LeaderState
2019-09-03 19:26:12,759 [dd8cfd05-4000-4955-ac1a-45b85b415652:group-D43D9728F9DB:LeaderElection80] INFO  segmented.SegmentedRaftLogWorker (SegmentedRaftLogWorker.java:startLogSegment(380)) - dd8cfd05-4000-4955-ac1a-45b85b415652-SegmentedRaftLogWorker:Storage Directory /workdir/hadoop-ozone/integration-test/target/test-dir/MiniOzoneClusterImpl-02951a51-9d93-4f48-8a2f-9f437eec0b3a/datanode-5/data/ratis/0f28de98-0573-4103-9eab-d43d9728f9db: Starting segment from index:0
2019-09-03 19:26:12,760 [dd8cfd05-4000-4955-ac1a-45b85b415652:group-D43D9728F9DB:LeaderElection80] INFO  impl.RaftServerImpl (ServerState.java:setRaftConf(361)) - dd8cfd05-4000-4955-ac1a-45b85b415652:group-D43D9728F9DB set configuration 0: [842067f9-d964-4704-9fac-339bb292f0b1:192.168.36.111:44903, dd8cfd05-4000-4955-ac1a-45b85b415652:192.168.36.111:33102, 132c2cee-ba09-4dde-896e-8618e1396401:192.168.36.111:41632], old=null at 0
2019-09-03 19:26:12,761 [grpc-default-executor-5] INFO  impl.RaftServerImpl (ServerState.java:setLeader(263)) - 842067f9-d964-4704-9fac-339bb292f0b1:group-D43D9728F9DB change Leader from null to dd8cfd05-4000-4955-ac1a-45b85b415652 at term 1 for appendEntries, leader elected after 5213ms
2019-09-03 19:26:12,801 [grpc-default-executor-10] INFO  impl.RaftServerImpl (ServerState.java:setLeader(263)) - 132c2cee-ba09-4dde-896e-8618e1396401:group-D43D9728F9DB change Leader from null to dd8cfd05-4000-4955-ac1a-45b85b415652 at term 1 for appendEntries, leader elected after 5253ms
2019-09-03 19:26:12,810 [grpc-default-executor-10] INFO  client.GrpcClientProtocolClient (GrpcClientProtocolClient.java:onNext(255)) - client-95287ED7DA23->325e8060-d055-47ec-a514-0af988bd5c40: receive RaftClientReply:client-95287ED7DA23->325e8060-d055-47ec-a514-0af988bd5c40@group-582CB46D4500, cid=183, SUCCESS, logIndex=3, commits[325e8060-d055-47ec-a514-0af988bd5c40:c4, fae74cfc-a3de-49ec-a122-0d29a4d89532:c1, a0815a8b-861a-43d7-baa1-c508cc6e5dd8:c2]
2019-09-03 19:26:12,810 [grpc-default-executor-5] INFO  impl.RaftServerImpl (ServerState.java:setRaftConf(361)) - 132c2cee-ba09-4dde-896e-8618e1396401:group-D43D9728F9DB set configuration 0: [842067f9-d964-4704-9fac-339bb292f0b1:192.168.36.111:44903, dd8cfd05-4000-4955-ac1a-45b85b415652:192.168.36.111:33102, 132c2cee-ba09-4dde-896e-8618e1396401:192.168.36.111:41632], old=null at 0
2019-09-03 19:26:12,810 [grpc-default-executor-5] INFO  segmented.SegmentedRaftLogWorker (SegmentedRaftLogWorker.java:startLogSegment(380)) - 132c2cee-ba09-4dde-896e-8618e1396401-SegmentedRaftLogWorker:Storage Directory /workdir/hadoop-ozone/integration-test/target/test-dir/MiniOzoneClusterImpl-02951a51-9d93-4f48-8a2f-9f437eec0b3a/datanode-3/data/ratis/0f28de98-0573-4103-9eab-d43d9728f9db: Starting segment from index:0
2019-09-03 19:26:12,811 [grpc-default-executor-5] INFO  impl.RaftServerImpl (ServerState.java:setRaftConf(361)) - 842067f9-d964-4704-9fac-339bb292f0b1:group-D43D9728F9DB set configuration 0: [842067f9-d964-4704-9fac-339bb292f0b1:192.168.36.111:44903, dd8cfd05-4000-4955-ac1a-45b85b415652:192.168.36.111:33102, 132c2cee-ba09-4dde-896e-8618e1396401:192.168.36.111:41632], old=null at 0
2019-09-03 19:26:12,811 [grpc-default-executor-5] INFO  segmented.SegmentedRaftLogWorker (SegmentedRaftLogWorker.java:startLogSegment(380)) - 842067f9-d964-4704-9fac-339bb292f0b1-SegmentedRaftLogWorker:Storage Directory /workdir/hadoop-ozone/integration-test/target/test-dir/MiniOzoneClusterImpl-02951a51-9d93-4f48-8a2f-9f437eec0b3a/datanode-4/data/ratis/0f28de98-0573-4103-9eab-d43d9728f9db: Starting segment from index:0
2019-09-03 19:26:12,814 [dd8cfd05-4000-4955-ac1a-45b85b415652-SegmentedRaftLogWorker:Storage Directory /workdir/hadoop-ozone/integration-test/target/test-dir/MiniOzoneClusterImpl-02951a51-9d93-4f48-8a2f-9f437eec0b3a/datanode-5/data/ratis/0f28de98-0573-4103-9eab-d43d9728f9db] INFO  segmented.SegmentedRaftLogWorker (SegmentedRaftLogWorker.java:execute(569)) - dd8cfd05-4000-4955-ac1a-45b85b415652-SegmentedRaftLogWorker:Storage Directory /workdir/hadoop-ozone/integration-test/target/test-dir/MiniOzoneClusterImpl-02951a51-9d93-4f48-8a2f-9f437eec0b3a/datanode-5/data/ratis/0f28de98-0573-4103-9eab-d43d9728f9db: created new log segment /workdir/hadoop-ozone/integration-test/target/test-dir/MiniOzoneClusterImpl-02951a51-9d93-4f48-8a2f-9f437eec0b3a/datanode-5/data/ratis/0f28de98-0573-4103-9eab-d43d9728f9db/current/log_inprogress_0
2019-09-03 19:26:12,848 [842067f9-d964-4704-9fac-339bb292f0b1-SegmentedRaftLogWorker:Storage Directory /workdir/hadoop-ozone/integration-test/target/test-dir/MiniOzoneClusterImpl-02951a51-9d93-4f48-8a2f-9f437eec0b3a/datanode-4/data/ratis/0f28de98-0573-4103-9eab-d43d9728f9db] INFO  segmented.SegmentedRaftLogWorker (SegmentedRaftLogWorker.java:execute(569)) - 842067f9-d964-4704-9fac-339bb292f0b1-SegmentedRaftLogWorker:Storage Directory /workdir/hadoop-ozone/integration-test/target/test-dir/MiniOzoneClusterImpl-02951a51-9d93-4f48-8a2f-9f437eec0b3a/datanode-4/data/ratis/0f28de98-0573-4103-9eab-d43d9728f9db: created new log segment /workdir/hadoop-ozone/integration-test/target/test-dir/MiniOzoneClusterImpl-02951a51-9d93-4f48-8a2f-9f437eec0b3a/datanode-4/data/ratis/0f28de98-0573-4103-9eab-d43d9728f9db/current/log_inprogress_0
2019-09-03 19:26:12,850 [grpc-default-executor-5] INFO  client.GrpcClientProtocolClient (GrpcClientProtocolClient.java:onNext(255)) - client-95287ED7DA23->325e8060-d055-47ec-a514-0af988bd5c40: receive RaftClientReply:client-95287ED7DA23->325e8060-d055-47ec-a514-0af988bd5c40@group-582CB46D4500, cid=184, SUCCESS, logIndex=4, commits[325e8060-d055-47ec-a514-0af988bd5c40:c12, fae74cfc-a3de-49ec-a122-0d29a4d89532:c7, a0815a8b-861a-43d7-baa1-c508cc6e5dd8:c8]
2019-09-03 19:26:12,852 [grpc-default-executor-5] INFO  client.GrpcClientProtocolClient (GrpcClientProtocolClient.java:onNext(255)) - client-95287ED7DA23->325e8060-d055-47ec-a514-0af988bd5c40: receive RaftClientReply:client-95287ED7DA23->325e8060-d055-47ec-a514-0af988bd5c40@group-582CB46D4500, cid=185, SUCCESS, logIndex=5, commits[325e8060-d055-47ec-a514-0af988bd5c40:c12, fae74cfc-a3de-49ec-a122-0d29a4d89532:c7, a0815a8b-861a-43d7-baa1-c508cc6e5dd8:c8]
2019-09-03 19:26:12,852 [grpc-default-executor-5] INFO  client.GrpcClientProtocolClient (GrpcClientProtocolClient.java:onNext(255)) - client-95287ED7DA23->325e8060-d055-47ec-a514-0af988bd5c40: receive RaftClientReply:client-95287ED7DA23->325e8060-d055-47ec-a514-0af988bd5c40@group-582CB46D4500, cid=186, SUCCESS, logIndex=6, commits[325e8060-d055-47ec-a514-0af988bd5c40:c12, fae74cfc-a3de-49ec-a122-0d29a4d89532:c7, a0815a8b-861a-43d7-baa1-c508cc6e5dd8:c8]
2019-09-03 19:26:12,865 [132c2cee-ba09-4dde-896e-8618e1396401-SegmentedRaftLogWorker:Storage Directory /workdir/hadoop-ozone/integration-test/target/test-dir/MiniOzoneClusterImpl-02951a51-9d93-4f48-8a2f-9f437eec0b3a/datanode-3/data/ratis/0f28de98-0573-4103-9eab-d43d9728f9db] INFO  segmented.SegmentedRaftLogWorker (SegmentedRaftLogWorker.java:execute(569)) - 132c2cee-ba09-4dde-896e-8618e1396401-SegmentedRaftLogWorker:Storage Directory /workdir/hadoop-ozone/integration-test/target/test-dir/MiniOzoneClusterImpl-02951a51-9d93-4f48-8a2f-9f437eec0b3a/datanode-3/data/ratis/0f28de98-0573-4103-9eab-d43d9728f9db: created new log segment /workdir/hadoop-ozone/integration-test/target/test-dir/MiniOzoneClusterImpl-02951a51-9d93-4f48-8a2f-9f437eec0b3a/datanode-3/data/ratis/0f28de98-0573-4103-9eab-d43d9728f9db/current/log_inprogress_0
2019-09-03 19:26:12,953 [grpc-default-executor-5] INFO  client.GrpcClientProtocolClient (GrpcClientProtocolClient.java:onNext(255)) - client-95287ED7DA23->325e8060-d055-47ec-a514-0af988bd5c40: receive RaftClientReply:client-95287ED7DA23->325e8060-d055-47ec-a514-0af988bd5c40@group-582CB46D4500, cid=187, SUCCESS, logIndex=7, commits[325e8060-d055-47ec-a514-0af988bd5c40:c12, fae74cfc-a3de-49ec-a122-0d29a4d89532:c7, a0815a8b-861a-43d7-baa1-c508cc6e5dd8:c8]
2019-09-03 19:26:12,980 [grpc-default-executor-10] INFO  client.GrpcClientProtocolClient (GrpcClientProtocolClient.java:onNext(255)) - client-95287ED7DA23->325e8060-d055-47ec-a514-0af988bd5c40: receive RaftClientReply:client-95287ED7DA23->325e8060-d055-47ec-a514-0af988bd5c40@group-582CB46D4500, cid=188, SUCCESS, logIndex=13, commits[325e8060-d055-47ec-a514-0af988bd5c40:c14, fae74cfc-a3de-49ec-a122-0d29a4d89532:c12, a0815a8b-861a-43d7-baa1-c508cc6e5dd8:c12]
2019-09-03 19:26:12,981 [grpc-default-executor-10] INFO  client.GrpcClientProtocolClient (GrpcClientProtocolClient.java:onNext(255)) - client-95287ED7DA23->325e8060-d055-47ec-a514-0af988bd5c40: receive RaftClientReply:client-95287ED7DA23->325e8060-d055-47ec-a514-0af988bd5c40@group-582CB46D4500, cid=189, SUCCESS, logIndex=14, commits[325e8060-d055-47ec-a514-0af988bd5c40:c14, fae74cfc-a3de-49ec-a122-0d29a4d89532:c12, a0815a8b-861a-43d7-baa1-c508cc6e5dd8:c12]
2019-09-03 19:26:12,996 [grpc-default-executor-9] INFO  client.GrpcClientProtocolClient (GrpcClientProtocolClient.java:onNext(255)) - client-95287ED7DA23->325e8060-d055-47ec-a514-0af988bd5c40: receive RaftClientReply:client-95287ED7DA23->325e8060-d055-47ec-a514-0af988bd5c40@group-582CB46D4500, cid=190, SUCCESS, logIndex=0, commits[325e8060-d055-47ec-a514-0af988bd5c40:c15, fae74cfc-a3de-49ec-a122-0d29a4d89532:c14, a0815a8b-861a-43d7-baa1-c508cc6e5dd8:c14]
2019-09-03 19:26:13,644 [Datanode State Machine Thread - 0] INFO  statemachine.DatanodeStateMachine (DatanodeStateMachine.java:lambda$startDaemon$0(350)) - Ozone container server started.
2019-09-03 19:26:17,651 [EventQueue-StaleNodeForStaleNodeHandler] INFO  node.StaleNodeHandler (StaleNodeHandler.java:onMessage(58)) - Datanode 325e8060-d055-47ec-a514-0af988bd5c40{ip: 192.168.36.111, host: pr-hdds-1200-xgh2h-450883189, networkLocation: /default-rack, certSerialId: null} moved to stale state. Finalizing its pipelines [PipelineID=4a327fb2-1aad-412a-ac0d-1ec1a5eafba1, PipelineID=2f3fbb08-d04a-4546-a4b8-582cb46d4500]
2019-09-03 19:26:17,651 [EventQueue-StaleNodeForStaleNodeHandler] INFO  pipeline.SCMPipelineManager (SCMPipelineManager.java:finalizeAndDestroyPipeline(311)) - destroying pipeline:Pipeline[ Id: 4a327fb2-1aad-412a-ac0d-1ec1a5eafba1, Nodes: 325e8060-d055-47ec-a514-0af988bd5c40{ip: 192.168.36.111, host: pr-hdds-1200-xgh2h-450883189, networkLocation: /default-rack, certSerialId: null}, Type:RATIS, Factor:ONE, State:OPEN]
2019-09-03 19:26:17,651 [EventQueue-StaleNodeForStaleNodeHandler] INFO  pipeline.PipelineStateManager (PipelineStateManager.java:finalizePipeline(123)) - Pipeline Pipeline[ Id: 4a327fb2-1aad-412a-ac0d-1ec1a5eafba1, Nodes: 325e8060-d055-47ec-a514-0af988bd5c40{ip: 192.168.36.111, host: pr-hdds-1200-xgh2h-450883189, networkLocation: /default-rack, certSerialId: null}, Type:RATIS, Factor:ONE, State:CLOSED] moved to CLOSED state
2019-09-03 19:26:17,651 [EventQueue-StaleNodeForStaleNodeHandler] INFO  pipeline.SCMPipelineManager (SCMPipelineManager.java:finalizeAndDestroyPipeline(311)) - destroying pipeline:Pipeline[ Id: 2f3fbb08-d04a-4546-a4b8-582cb46d4500, Nodes: 325e8060-d055-47ec-a514-0af988bd5c40{ip: 192.168.36.111, host: pr-hdds-1200-xgh2h-450883189, networkLocation: /default-rack, certSerialId: null}fae74cfc-a3de-49ec-a122-0d29a4d89532{ip: 192.168.36.111, host: pr-hdds-1200-xgh2h-450883189, networkLocation: /default-rack, certSerialId: null}a0815a8b-861a-43d7-baa1-c508cc6e5dd8{ip: 192.168.36.111, host: pr-hdds-1200-xgh2h-450883189, networkLocation: /default-rack, certSerialId: null}, Type:RATIS, Factor:THREE, State:OPEN]
2019-09-03 19:26:17,651 [EventQueue-StaleNodeForStaleNodeHandler] INFO  pipeline.PipelineStateManager (PipelineStateManager.java:finalizePipeline(123)) - Pipeline Pipeline[ Id: 2f3fbb08-d04a-4546-a4b8-582cb46d4500, Nodes: 325e8060-d055-47ec-a514-0af988bd5c40{ip: 192.168.36.111, host: pr-hdds-1200-xgh2h-450883189, networkLocation: /default-rack, certSerialId: null}fae74cfc-a3de-49ec-a122-0d29a4d89532{ip: 192.168.36.111, host: pr-hdds-1200-xgh2h-450883189, networkLocation: /default-rack, certSerialId: null}a0815a8b-861a-43d7-baa1-c508cc6e5dd8{ip: 192.168.36.111, host: pr-hdds-1200-xgh2h-450883189, networkLocation: /default-rack, certSerialId: null}, Type:RATIS, Factor:THREE, State:CLOSED] moved to CLOSED state
2019-09-03 19:26:17,652 [EventQueue-CloseContainerForCloseContainerEventHandler] INFO  container.CloseContainerEventHandler (CloseContainerEventHandler.java:onMessage(61)) - Close container Event triggered for container : #1
2019-09-03 19:26:17,998 [main] INFO  ozoneimpl.OzoneContainer (OzoneContainer.java:stop(230)) - Attempting to stop container services.
2019-09-03 19:26:17,999 [main] INFO  impl.RaftServerProxy (RaftServerProxy.java:lambda$close$4(314)) - 325e8060-d055-47ec-a514-0af988bd5c40: close
2019-09-03 19:26:18,000 [main] INFO  impl.RaftServerImpl (RaftServerImpl.java:lambda$shutdown$3(245)) - 325e8060-d055-47ec-a514-0af988bd5c40: shutdown group-1EC1A5EAFBA1
2019-09-03 19:26:18,000 [main] INFO  util.JmxRegister (JmxRegister.java:unregister(73)) - Successfully un-registered JMX Bean with object name Ratis:service=RaftServer,group=group-1EC1A5EAFBA1,id=325e8060-d055-47ec-a514-0af988bd5c40
2019-09-03 19:26:18,001 [main] INFO  impl.RoleInfo (RoleInfo.java:shutdownLeaderState(104)) - 325e8060-d055-47ec-a514-0af988bd5c40: shutdown LeaderState
2019-09-03 19:26:18,001 [main] INFO  impl.PendingRequests (PendingRequests.java:sendNotLeaderResponses(202)) - 325e8060-d055-47ec-a514-0af988bd5c40-PendingRequests: sendNotLeaderResponses
2019-09-03 19:26:18,002 [main] INFO  impl.StateMachineUpdater (StateMachineUpdater.java:stopAndJoin(115)) - StateMachineUpdater:325e8060-d055-47ec-a514-0af988bd5c40:group-1EC1A5EAFBA1: set stopIndex = 0
2019-09-03 19:26:18,002 [main] INFO  impl.RaftServerImpl (ServerState.java:close(394)) - 325e8060-d055-47ec-a514-0af988bd5c40:group-1EC1A5EAFBA1 closes. The last applied log index is 0
2019-09-03 19:26:18,003 [325e8060-d055-47ec-a514-0af988bd5c40-SegmentedRaftLogWorker:Storage Directory /workdir/hadoop-ozone/integration-test/target/test-dir/MiniOzoneClusterImpl-02951a51-9d93-4f48-8a2f-9f437eec0b3a/datanode-1/data/ratis/4a327fb2-1aad-412a-ac0d-1ec1a5eafba1] INFO  segmented.SegmentedRaftLogWorker (SegmentedRaftLogWorker.java:run(313)) - 325e8060-d055-47ec-a514-0af988bd5c40-SegmentedRaftLogWorker:Storage Directory /workdir/hadoop-ozone/integration-test/target/test-dir/MiniOzoneClusterImpl-02951a51-9d93-4f48-8a2f-9f437eec0b3a/datanode-1/data/ratis/4a327fb2-1aad-412a-ac0d-1ec1a5eafba1 was interrupted, exiting. There are 0 tasks remaining in the queue.
2019-09-03 19:26:18,009 [main] INFO  segmented.SegmentedRaftLogWorker (SegmentedRaftLogWorker.java:close(228)) - 325e8060-d055-47ec-a514-0af988bd5c40-SegmentedRaftLogWorker:Storage Directory /workdir/hadoop-ozone/integration-test/target/test-dir/MiniOzoneClusterImpl-02951a51-9d93-4f48-8a2f-9f437eec0b3a/datanode-1/data/ratis/4a327fb2-1aad-412a-ac0d-1ec1a5eafba1 close()
2019-09-03 19:26:18,014 [main] INFO  impl.RaftServerImpl (RaftServerImpl.java:lambda$shutdown$3(245)) - 325e8060-d055-47ec-a514-0af988bd5c40: shutdown group-582CB46D4500
2019-09-03 19:26:18,014 [main] INFO  util.JmxRegister (JmxRegister.java:unregister(73)) - Successfully un-registered JMX Bean with object name Ratis:service=RaftServer,group=group-582CB46D4500,id=325e8060-d055-47ec-a514-0af988bd5c40
2019-09-03 19:26:18,014 [main] INFO  impl.RoleInfo (RoleInfo.java:shutdownLeaderState(104)) - 325e8060-d055-47ec-a514-0af988bd5c40: shutdown LeaderState
2019-09-03 19:26:18,019 [org.apache.ratis.server.impl.LogAppender$AppenderDaemon$$Lambda$491/2071131875@4d16fe68] WARN  server.GrpcLogAppender (GrpcLogAppender.java:mayWait(143)) - GrpcLogAppender(325e8060-d055-47ec-a514-0af988bd5c40->fae74cfc-a3de-49ec-a122-0d29a4d89532): Wait interrupted by java.lang.InterruptedException
2019-09-03 19:26:18,019 [main] INFO  impl.PendingRequests (PendingRequests.java:sendNotLeaderResponses(202)) - 325e8060-d055-47ec-a514-0af988bd5c40-PendingRequests: sendNotLeaderResponses
2019-09-03 19:26:18,019 [org.apache.ratis.server.impl.LogAppender$AppenderDaemon$$Lambda$491/2071131875@81479ae] WARN  server.GrpcLogAppender (GrpcLogAppender.java:mayWait(143)) - GrpcLogAppender(325e8060-d055-47ec-a514-0af988bd5c40->a0815a8b-861a-43d7-baa1-c508cc6e5dd8): Wait interrupted by java.lang.InterruptedException
2019-09-03 19:26:18,035 [main] INFO  impl.StateMachineUpdater (StateMachineUpdater.java:stopAndJoin(115)) - StateMachineUpdater:325e8060-d055-47ec-a514-0af988bd5c40:group-582CB46D4500: set stopIndex = 16
2019-09-03 19:26:18,035 [grpc-default-executor-9] INFO  server.GrpcServerProtocolService (GrpcServerProtocolService.java:onCompleted(104)) - a0815a8b-861a-43d7-baa1-c508cc6e5dd8: appendEntries completed
2019-09-03 19:26:18,035 [StateMachineUpdater:325e8060-d055-47ec-a514-0af988bd5c40:group-582CB46D4500] INFO  ratis.ContainerStateMachine (ContainerStateMachine.java:takeSnapshot(284)) - group-582CB46D4500: Taking a snapshot at:(t:1, i:14) file /workdir/hadoop-ozone/integration-test/target/test-dir/MiniOzoneClusterImpl-02951a51-9d93-4f48-8a2f-9f437eec0b3a/datanode-1/data/ratis/2f3fbb08-d04a-4546-a4b8-582cb46d4500/sm/snapshot.1_14
2019-09-03 19:26:18,035 [grpc-default-executor-10] INFO  server.GrpcServerProtocolService (GrpcServerProtocolService.java:onCompleted(104)) - fae74cfc-a3de-49ec-a122-0d29a4d89532: appendEntries completed
2019-09-03 19:26:18,036 [grpc-default-executor-10] INFO  server.GrpcLogAppender (GrpcLogAppender.java:onCompleted(292)) - 325e8060-d055-47ec-a514-0af988bd5c40->a0815a8b-861a-43d7-baa1-c508cc6e5dd8: follower responses appendEntries COMPLETED
2019-09-03 19:26:18,036 [grpc-default-executor-9] INFO  server.GrpcLogAppender (GrpcLogAppender.java:onCompleted(292)) - 325e8060-d055-47ec-a514-0af988bd5c40->fae74cfc-a3de-49ec-a122-0d29a4d89532: follower responses appendEntries COMPLETED
2019-09-03 19:26:18,037 [grpc-default-executor-10] INFO  impl.FollowerInfo (FollowerInfo.java:lambda$new$0(50)) - 325e8060-d055-47ec-a514-0af988bd5c40->a0815a8b-861a-43d7-baa1-c508cc6e5dd8: nextIndex: updateUnconditionally 17 -> 16
2019-09-03 19:26:18,037 [grpc-default-executor-9] INFO  impl.FollowerInfo (FollowerInfo.java:lambda$new$0(50)) - 325e8060-d055-47ec-a514-0af988bd5c40->fae74cfc-a3de-49ec-a122-0d29a4d89532: nextIndex: updateUnconditionally 17 -> 16
2019-09-03 19:26:18,049 [StateMachineUpdater:325e8060-d055-47ec-a514-0af988bd5c40:group-582CB46D4500] INFO  ratis.ContainerStateMachine (ContainerStateMachine.java:takeSnapshot(295)) - group-582CB46D4500: Finished taking a snapshot at:(t:1, i:14) file:/workdir/hadoop-ozone/integration-test/target/test-dir/MiniOzoneClusterImpl-02951a51-9d93-4f48-8a2f-9f437eec0b3a/datanode-1/data/ratis/2f3fbb08-d04a-4546-a4b8-582cb46d4500/sm/snapshot.1_14 time:14
2019-09-03 19:26:18,049 [StateMachineUpdater:325e8060-d055-47ec-a514-0af988bd5c40:group-582CB46D4500] INFO  impl.StateMachineUpdater (StateMachineUpdater.java:takeSnapshot(242)) - StateMachineUpdater:325e8060-d055-47ec-a514-0af988bd5c40:group-582CB46D4500: Took a snapshot at index 14
2019-09-03 19:26:18,050 [StateMachineUpdater:325e8060-d055-47ec-a514-0af988bd5c40:group-582CB46D4500] INFO  impl.StateMachineUpdater (StateMachineUpdater.java:lambda$new$0(80)) - StateMachineUpdater:325e8060-d055-47ec-a514-0af988bd5c40:group-582CB46D4500: snapshotIndex: updateIncreasingly -1 -> 14
2019-09-03 19:26:18,050 [main] INFO  impl.RaftServerImpl (ServerState.java:close(394)) - 325e8060-d055-47ec-a514-0af988bd5c40:group-582CB46D4500 closes. The last applied log index is 16
2019-09-03 19:26:18,051 [325e8060-d055-47ec-a514-0af988bd5c40-SegmentedRaftLogWorker:Storage Directory /workdir/hadoop-ozone/integration-test/target/test-dir/MiniOzoneClusterImpl-02951a51-9d93-4f48-8a2f-9f437eec0b3a/datanode-1/data/ratis/2f3fbb08-d04a-4546-a4b8-582cb46d4500] INFO  segmented.SegmentedRaftLogWorker (SegmentedRaftLogWorker.java:run(313)) - 325e8060-d055-47ec-a514-0af988bd5c40-SegmentedRaftLogWorker:Storage Directory /workdir/hadoop-ozone/integration-test/target/test-dir/MiniOzoneClusterImpl-02951a51-9d93-4f48-8a2f-9f437eec0b3a/datanode-1/data/ratis/2f3fbb08-d04a-4546-a4b8-582cb46d4500 was interrupted, exiting. There are 0 tasks remaining in the queue.
2019-09-03 19:26:18,054 [main] INFO  segmented.SegmentedRaftLogWorker (SegmentedRaftLogWorker.java:close(228)) - 325e8060-d055-47ec-a514-0af988bd5c40-SegmentedRaftLogWorker:Storage Directory /workdir/hadoop-ozone/integration-test/target/test-dir/MiniOzoneClusterImpl-02951a51-9d93-4f48-8a2f-9f437eec0b3a/datanode-1/data/ratis/2f3fbb08-d04a-4546-a4b8-582cb46d4500 close()
2019-09-03 19:26:18,058 [main] INFO  server.GrpcService (GrpcService.java:closeImpl(155)) - 325e8060-d055-47ec-a514-0af988bd5c40: shutdown server with port 33601 now
2019-09-03 19:26:18,059 [grpc-default-executor-10] WARN  client.GrpcClientProtocolService (LogUtils.java:warn(134)) - 3-UnorderedRequestStreamObserver3: onError: org.apache.ratis.thirdparty.io.grpc.StatusRuntimeException: CANCELLED: cancelled before receiving half close
2019-09-03 19:26:18,060 [main] INFO  server.GrpcService (GrpcService.java:closeImpl(163)) - 325e8060-d055-47ec-a514-0af988bd5c40: shutdown server with port 33601 successfully
2019-09-03 19:26:18,063 [refreshUsed-/workdir/hadoop-ozone/integration-test/target/test-dir/MiniOzoneClusterImpl-02951a51-9d93-4f48-8a2f-9f437eec0b3a/datanode-1/data/containers] WARN  fs.CachingGetSpaceUsed (CachingGetSpaceUsed.java:run(183)) - Thread Interrupted waiting to refresh disk information: sleep interrupted
2019-09-03 19:26:18,084 [main] INFO  utils.BackgroundService (BackgroundService.java:shutdown(148)) - Shutting down service BlockDeletingService
2019-09-03 19:26:18,091 [main] INFO  statemachine.DatanodeStateMachine (DatanodeStateMachine.java:stopDaemon(395)) - Ozone container server stopped.
2019-09-03 19:26:18,092 [main] INFO  handler.ContextHandler (ContextHandler.java:doStop(910)) - Stopped o.e.j.w.WebAppContext@581c9bb7{/,null,UNAVAILABLE}{/hddsDatanode}
2019-09-03 19:26:18,093 [main] INFO  server.AbstractConnector (AbstractConnector.java:doStop(318)) - Stopped ServerConnector@138f0661{HTTP/1.1,[http/1.1]}{0.0.0.0:0}
2019-09-03 19:26:18,094 [main] INFO  handler.ContextHandler (ContextHandler.java:doStop(910)) - Stopped o.e.j.s.ServletContextHandler@6459f4ea{/static,jar:file:/home/user/.m2/repository/org/apache/hadoop/hadoop-hdds-container-service/0.5.0-SNAPSHOT/hadoop-hdds-container-service-0.5.0-SNAPSHOT.jar!/webapps/static,UNAVAILABLE}
2019-09-03 19:26:18,094 [main] INFO  handler.ContextHandler (ContextHandler.java:doStop(910)) - Stopped o.e.j.s.ServletContextHandler@5d7dd549{/logs,file:///workdir/hadoop-ozone/integration-test/target/log,UNAVAILABLE}
2019-09-03 19:26:20,109 [grpc-default-executor-10] INFO  client.GrpcClientProtocolClient (GrpcClientProtocolClient.java:onNext(255)) - client-95287ED7DA23->a0815a8b-861a-43d7-baa1-c508cc6e5dd8: receive RaftClientReply:client-95287ED7DA23->a0815a8b-861a-43d7-baa1-c508cc6e5dd8@group-582CB46D4500, cid=191, FAILED org.apache.ratis.protocol.NotLeaderException: Server a0815a8b-861a-43d7-baa1-c508cc6e5dd8 is not the leader (325e8060-d055-47ec-a514-0af988bd5c40:192.168.36.111:33601). Request must be sent to leader., logIndex=0, commits[a0815a8b-861a-43d7-baa1-c508cc6e5dd8:c16, fae74cfc-a3de-49ec-a122-0d29a4d89532:c16, 325e8060-d055-47ec-a514-0af988bd5c40:c16]
2019-09-03 19:26:21,129 [grpc-default-executor-9] INFO  client.GrpcClientProtocolClient (GrpcClientProtocolClient.java:onNext(255)) - client-95287ED7DA23->a0815a8b-861a-43d7-baa1-c508cc6e5dd8: receive RaftClientReply:client-95287ED7DA23->a0815a8b-861a-43d7-baa1-c508cc6e5dd8@group-582CB46D4500, cid=191, FAILED org.apache.ratis.protocol.NotLeaderException: Server a0815a8b-861a-43d7-baa1-c508cc6e5dd8 is not the leader (325e8060-d055-47ec-a514-0af988bd5c40:192.168.36.111:33601). Request must be sent to leader., logIndex=0, commits[a0815a8b-861a-43d7-baa1-c508cc6e5dd8:c16, fae74cfc-a3de-49ec-a122-0d29a4d89532:c16, 325e8060-d055-47ec-a514-0af988bd5c40:c16]
2019-09-03 19:26:22,148 [grpc-default-executor-5] INFO  client.GrpcClientProtocolClient (GrpcClientProtocolClient.java:onNext(255)) - client-95287ED7DA23->a0815a8b-861a-43d7-baa1-c508cc6e5dd8: receive RaftClientReply:client-95287ED7DA23->a0815a8b-861a-43d7-baa1-c508cc6e5dd8@group-582CB46D4500, cid=191, FAILED org.apache.ratis.protocol.NotLeaderException: Server a0815a8b-861a-43d7-baa1-c508cc6e5dd8 is not the leader (325e8060-d055-47ec-a514-0af988bd5c40:192.168.36.111:33601). Request must be sent to leader., logIndex=0, commits[a0815a8b-861a-43d7-baa1-c508cc6e5dd8:c16, fae74cfc-a3de-49ec-a122-0d29a4d89532:c16, 325e8060-d055-47ec-a514-0af988bd5c40:c16]
2019-09-03 19:26:23,164 [grpc-default-executor-10] INFO  client.GrpcClientProtocolClient (GrpcClientProtocolClient.java:onNext(255)) - client-95287ED7DA23->fae74cfc-a3de-49ec-a122-0d29a4d89532: receive RaftClientReply:client-95287ED7DA23->fae74cfc-a3de-49ec-a122-0d29a4d89532@group-582CB46D4500, cid=191, FAILED org.apache.ratis.protocol.NotLeaderException: Server fae74cfc-a3de-49ec-a122-0d29a4d89532 is not the leader (325e8060-d055-47ec-a514-0af988bd5c40:192.168.36.111:33601). Request must be sent to leader., logIndex=0, commits[fae74cfc-a3de-49ec-a122-0d29a4d89532:c16, a0815a8b-861a-43d7-baa1-c508cc6e5dd8:c16, 325e8060-d055-47ec-a514-0af988bd5c40:c16]
2019-09-03 19:26:24,184 [grpc-default-executor-10] INFO  client.GrpcClientProtocolClient (GrpcClientProtocolClient.java:onNext(255)) - client-95287ED7DA23->a0815a8b-861a-43d7-baa1-c508cc6e5dd8: receive RaftClientReply:client-95287ED7DA23->a0815a8b-861a-43d7-baa1-c508cc6e5dd8@group-582CB46D4500, cid=191, FAILED org.apache.ratis.protocol.NotLeaderException: Server a0815a8b-861a-43d7-baa1-c508cc6e5dd8 is not the leader (325e8060-d055-47ec-a514-0af988bd5c40:192.168.36.111:33601). Request must be sent to leader., logIndex=0, commits[a0815a8b-861a-43d7-baa1-c508cc6e5dd8:c16, fae74cfc-a3de-49ec-a122-0d29a4d89532:c16, 325e8060-d055-47ec-a514-0af988bd5c40:c16]
2019-09-03 19:26:25,203 [grpc-default-executor-5] INFO  client.GrpcClientProtocolClient (GrpcClientProtocolClient.java:onNext(255)) - client-95287ED7DA23->a0815a8b-861a-43d7-baa1-c508cc6e5dd8: receive RaftClientReply:client-95287ED7DA23->a0815a8b-861a-43d7-baa1-c508cc6e5dd8@group-582CB46D4500, cid=191, FAILED org.apache.ratis.protocol.NotLeaderException: Server a0815a8b-861a-43d7-baa1-c508cc6e5dd8 is not the leader (325e8060-d055-47ec-a514-0af988bd5c40:192.168.36.111:33601). Request must be sent to leader., logIndex=0, commits[a0815a8b-861a-43d7-baa1-c508cc6e5dd8:c16, fae74cfc-a3de-49ec-a122-0d29a4d89532:c16, 325e8060-d055-47ec-a514-0af988bd5c40:c16]
2019-09-03 19:26:26,219 [grpc-default-executor-9] INFO  client.GrpcClientProtocolClient (GrpcClientProtocolClient.java:onNext(255)) - client-95287ED7DA23->fae74cfc-a3de-49ec-a122-0d29a4d89532: receive RaftClientReply:client-95287ED7DA23->fae74cfc-a3de-49ec-a122-0d29a4d89532@group-582CB46D4500, cid=191, FAILED org.apache.ratis.protocol.NotLeaderException: Server fae74cfc-a3de-49ec-a122-0d29a4d89532 is not the leader (325e8060-d055-47ec-a514-0af988bd5c40:192.168.36.111:33601). Request must be sent to leader., logIndex=0, commits[fae74cfc-a3de-49ec-a122-0d29a4d89532:c16, a0815a8b-861a-43d7-baa1-c508cc6e5dd8:c16, 325e8060-d055-47ec-a514-0af988bd5c40:c16]
2019-09-03 19:26:27,234 [grpc-default-executor-5] INFO  client.GrpcClientProtocolClient (GrpcClientProtocolClient.java:onNext(255)) - client-95287ED7DA23->a0815a8b-861a-43d7-baa1-c508cc6e5dd8: receive RaftClientReply:client-95287ED7DA23->a0815a8b-861a-43d7-baa1-c508cc6e5dd8@group-582CB46D4500, cid=191, FAILED org.apache.ratis.protocol.NotLeaderException: Server a0815a8b-861a-43d7-baa1-c508cc6e5dd8 is not the leader (325e8060-d055-47ec-a514-0af988bd5c40:192.168.36.111:33601). Request must be sent to leader., logIndex=0, commits[a0815a8b-861a-43d7-baa1-c508cc6e5dd8:c16, fae74cfc-a3de-49ec-a122-0d29a4d89532:c16, 325e8060-d055-47ec-a514-0af988bd5c40:c16]
2019-09-03 19:26:27,582 [Thread-3610] INFO  impl.FollowerState (FollowerState.java:run(106)) - fae74cfc-a3de-49ec-a122-0d29a4d89532:group-582CB46D4500 changes to CANDIDATE, lastRpcTime:9583, electionTimeout:5152ms
2019-09-03 19:26:27,582 [Thread-3610] INFO  impl.RoleInfo (RoleInfo.java:shutdownFollowerState(121)) - fae74cfc-a3de-49ec-a122-0d29a4d89532: shutdown FollowerState
2019-09-03 19:26:27,582 [Thread-3610] INFO  impl.RaftServerImpl (RaftServerImpl.java:setRole(171)) - fae74cfc-a3de-49ec-a122-0d29a4d89532:group-582CB46D4500 changes role from FOLLOWER to CANDIDATE at term 1 for changeToCandidate
2019-09-03 19:26:27,582 [Thread-3610] INFO  impl.RoleInfo (RoleInfo.java:updateAndGet(143)) - fae74cfc-a3de-49ec-a122-0d29a4d89532: start LeaderElection
2019-09-03 19:26:27,587 [fae74cfc-a3de-49ec-a122-0d29a4d89532:group-582CB46D4500:LeaderElection83] INFO  impl.RaftServerImpl (ServerState.java:setLeader(263)) - fae74cfc-a3de-49ec-a122-0d29a4d89532:group-582CB46D4500 change Leader from 325e8060-d055-47ec-a514-0af988bd5c40 to null at term 1 for initElection
2019-09-03 19:26:27,601 [fae74cfc-a3de-49ec-a122-0d29a4d89532:group-582CB46D4500:LeaderElection83] INFO  impl.LeaderElection (LeaderElection.java:askForVotes(181)) - fae74cfc-a3de-49ec-a122-0d29a4d89532:group-582CB46D4500:LeaderElection83: begin an election at term 2 for 0: [fae74cfc-a3de-49ec-a122-0d29a4d89532:192.168.36.111:45161, a0815a8b-861a-43d7-baa1-c508cc6e5dd8:192.168.36.111:41600, 325e8060-d055-47ec-a514-0af988bd5c40:192.168.36.111:33601], old=null
2019-09-03 19:26:27,603 [fae74cfc-a3de-49ec-a122-0d29a4d89532:group-582CB46D4500:LeaderElection83] INFO  impl.LeaderElection (LogUtils.java:infoOrTrace(149)) - fae74cfc-a3de-49ec-a122-0d29a4d89532:group-582CB46D4500:LeaderElection83 got exception when requesting votes: {}
java.util.concurrent.ExecutionException: org.apache.ratis.thirdparty.io.grpc.StatusRuntimeException: UNAVAILABLE: io exception
	at java.util.concurrent.FutureTask.report(FutureTask.java:122)
	at java.util.concurrent.FutureTask.get(FutureTask.java:192)
	at org.apache.ratis.server.impl.LeaderElection.waitForResults(LeaderElection.java:262)
	at org.apache.ratis.server.impl.LeaderElection.askForVotes(LeaderElection.java:200)
	at org.apache.ratis.server.impl.LeaderElection.run(LeaderElection.java:130)
	at java.lang.Thread.run(Thread.java:748)
Caused by: org.apache.ratis.thirdparty.io.grpc.StatusRuntimeException: UNAVAILABLE: io exception
	at org.apache.ratis.thirdparty.io.grpc.stub.ClientCalls.toStatusRuntimeException(ClientCalls.java:233)
	at org.apache.ratis.thirdparty.io.grpc.stub.ClientCalls.getUnchecked(ClientCalls.java:214)
	at org.apache.ratis.thirdparty.io.grpc.stub.ClientCalls.blockingUnaryCall(ClientCalls.java:139)
	at org.apache.ratis.proto.grpc.RaftServerProtocolServiceGrpc$RaftServerProtocolServiceBlockingStub.requestVote(RaftServerProtocolServiceGrpc.java:265)
	at org.apache.ratis.grpc.server.GrpcServerProtocolClient.requestVote(GrpcServerProtocolClient.java:83)
	at org.apache.ratis.grpc.server.GrpcService.requestVote(GrpcService.java:195)
	at org.apache.ratis.server.impl.LeaderElection.lambda$submitRequests$1(LeaderElection.java:237)
	at java.util.concurrent.FutureTask.run(FutureTask.java:266)
	at java.util.concurrent.Executors$RunnableAdapter.call(Executors.java:511)
	at java.util.concurrent.FutureTask.run(FutureTask.java:266)
	at java.util.concurrent.ThreadPoolExecutor.runWorker(ThreadPoolExecutor.java:1149)
	at java.util.concurrent.ThreadPoolExecutor$Worker.run(ThreadPoolExecutor.java:624)
	... 1 more
Caused by: org.apache.ratis.thirdparty.io.netty.channel.AbstractChannel$AnnotatedConnectException: Connection refused: /192.168.36.111:33601
	at sun.nio.ch.SocketChannelImpl.checkConnect(Native Method)
	at sun.nio.ch.SocketChannelImpl.finishConnect(SocketChannelImpl.java:717)
	at org.apache.ratis.thirdparty.io.netty.channel.socket.nio.NioSocketChannel.doFinishConnect(NioSocketChannel.java:327)
	at org.apache.ratis.thirdparty.io.netty.channel.nio.AbstractNioChannel$AbstractNioUnsafe.finishConnect(AbstractNioChannel.java:340)
	at org.apache.ratis.thirdparty.io.netty.channel.nio.NioEventLoop.processSelectedKey(NioEventLoop.java:632)
	at org.apache.ratis.thirdparty.io.netty.channel.nio.NioEventLoop.processSelectedKeysOptimized(NioEventLoop.java:579)
	at org.apache.ratis.thirdparty.io.netty.channel.nio.NioEventLoop.processSelectedKeys(NioEventLoop.java:496)
	at org.apache.ratis.thirdparty.io.netty.channel.nio.NioEventLoop.run(NioEventLoop.java:458)
	at org.apache.ratis.thirdparty.io.netty.util.concurrent.SingleThreadEventExecutor$5.run(SingleThreadEventExecutor.java:897)
	at org.apache.ratis.thirdparty.io.netty.util.concurrent.FastThreadLocalRunnable.run(FastThreadLocalRunnable.java:30)
	... 1 more
Caused by: java.net.ConnectException: Connection refused
	... 11 more
2019-09-03 19:26:27,607 [grpc-default-executor-9] INFO  impl.RaftServerImpl (ServerState.java:setLeader(263)) - a0815a8b-861a-43d7-baa1-c508cc6e5dd8:group-582CB46D4500 change Leader from 325e8060-d055-47ec-a514-0af988bd5c40 to null at term 2 for updateCurrentTerm
2019-09-03 19:26:27,607 [grpc-default-executor-9] INFO  impl.RaftServerImpl (RaftServerImpl.java:setRole(171)) - a0815a8b-861a-43d7-baa1-c508cc6e5dd8:group-582CB46D4500 changes role from FOLLOWER to FOLLOWER at term 2 for recognizeCandidate:fae74cfc-a3de-49ec-a122-0d29a4d89532
2019-09-03 19:26:27,608 [grpc-default-executor-9] INFO  impl.RoleInfo (RoleInfo.java:shutdownFollowerState(121)) - a0815a8b-861a-43d7-baa1-c508cc6e5dd8: shutdown FollowerState
2019-09-03 19:26:27,608 [grpc-default-executor-9] INFO  impl.RoleInfo (RoleInfo.java:updateAndGet(143)) - a0815a8b-861a-43d7-baa1-c508cc6e5dd8: start FollowerState
2019-09-03 19:26:27,608 [Thread-3609] INFO  impl.FollowerState (FollowerState.java:run(114)) - a0815a8b-861a-43d7-baa1-c508cc6e5dd8: FollowerState was interrupted: java.lang.InterruptedException: sleep interrupted
2019-09-03 19:26:27,626 [fae74cfc-a3de-49ec-a122-0d29a4d89532:group-582CB46D4500:LeaderElection83] INFO  impl.LeaderElection (LeaderElection.java:logAndReturn(56)) - fae74cfc-a3de-49ec-a122-0d29a4d89532:group-582CB46D4500:LeaderElection83: Election PASSED; received 1 response(s) [fae74cfc-a3de-49ec-a122-0d29a4d89532<-a0815a8b-861a-43d7-baa1-c508cc6e5dd8#0:OK-t2] and 1 exception(s); fae74cfc-a3de-49ec-a122-0d29a4d89532:t2, leader=null, voted=fae74cfc-a3de-49ec-a122-0d29a4d89532, raftlog=fae74cfc-a3de-49ec-a122-0d29a4d89532-SegmentedRaftLog:OPENED:c16,f16,i16, conf=0: [fae74cfc-a3de-49ec-a122-0d29a4d89532:192.168.36.111:45161, a0815a8b-861a-43d7-baa1-c508cc6e5dd8:192.168.36.111:41600, 325e8060-d055-47ec-a514-0af988bd5c40:192.168.36.111:33601], old=null
2019-09-03 19:26:27,626 [fae74cfc-a3de-49ec-a122-0d29a4d89532:group-582CB46D4500:LeaderElection83] INFO  impl.LeaderElection (LogUtils.java:infoOrTrace(149)) -   Exception 0: {}
java.util.concurrent.ExecutionException: org.apache.ratis.thirdparty.io.grpc.StatusRuntimeException: UNAVAILABLE: io exception
	at java.util.concurrent.FutureTask.report(FutureTask.java:122)
	at java.util.concurrent.FutureTask.get(FutureTask.java:192)
	at org.apache.ratis.server.impl.LeaderElection.waitForResults(LeaderElection.java:262)
	at org.apache.ratis.server.impl.LeaderElection.askForVotes(LeaderElection.java:200)
	at org.apache.ratis.server.impl.LeaderElection.run(LeaderElection.java:130)
	at java.lang.Thread.run(Thread.java:748)
Caused by: org.apache.ratis.thirdparty.io.grpc.StatusRuntimeException: UNAVAILABLE: io exception
	at org.apache.ratis.thirdparty.io.grpc.stub.ClientCalls.toStatusRuntimeException(ClientCalls.java:233)
	at org.apache.ratis.thirdparty.io.grpc.stub.ClientCalls.getUnchecked(ClientCalls.java:214)
	at org.apache.ratis.thirdparty.io.grpc.stub.ClientCalls.blockingUnaryCall(ClientCalls.java:139)
	at org.apache.ratis.proto.grpc.RaftServerProtocolServiceGrpc$RaftServerProtocolServiceBlockingStub.requestVote(RaftServerProtocolServiceGrpc.java:265)
	at org.apache.ratis.grpc.server.GrpcServerProtocolClient.requestVote(GrpcServerProtocolClient.java:83)
	at org.apache.ratis.grpc.server.GrpcService.requestVote(GrpcService.java:195)
	at org.apache.ratis.server.impl.LeaderElection.lambda$submitRequests$1(LeaderElection.java:237)
	at java.util.concurrent.FutureTask.run(FutureTask.java:266)
	at java.util.concurrent.Executors$RunnableAdapter.call(Executors.java:511)
	at java.util.concurrent.FutureTask.run(FutureTask.java:266)
	at java.util.concurrent.ThreadPoolExecutor.runWorker(ThreadPoolExecutor.java:1149)
	at java.util.concurrent.ThreadPoolExecutor$Worker.run(ThreadPoolExecutor.java:624)
	... 1 more
Caused by: org.apache.ratis.thirdparty.io.netty.channel.AbstractChannel$AnnotatedConnectException: Connection refused: /192.168.36.111:33601
	at sun.nio.ch.SocketChannelImpl.checkConnect(Native Method)
	at sun.nio.ch.SocketChannelImpl.finishConnect(SocketChannelImpl.java:717)
	at org.apache.ratis.thirdparty.io.netty.channel.socket.nio.NioSocketChannel.doFinishConnect(NioSocketChannel.java:327)
	at org.apache.ratis.thirdparty.io.netty.channel.nio.AbstractNioChannel$AbstractNioUnsafe.finishConnect(AbstractNioChannel.java:340)
	at org.apache.ratis.thirdparty.io.netty.channel.nio.NioEventLoop.processSelectedKey(NioEventLoop.java:632)
	at org.apache.ratis.thirdparty.io.netty.channel.nio.NioEventLoop.processSelectedKeysOptimized(NioEventLoop.java:579)
	at org.apache.ratis.thirdparty.io.netty.channel.nio.NioEventLoop.processSelectedKeys(NioEventLoop.java:496)
	at org.apache.ratis.thirdparty.io.netty.channel.nio.NioEventLoop.run(NioEventLoop.java:458)
	at org.apache.ratis.thirdparty.io.netty.util.concurrent.SingleThreadEventExecutor$5.run(SingleThreadEventExecutor.java:897)
	at org.apache.ratis.thirdparty.io.netty.util.concurrent.FastThreadLocalRunnable.run(FastThreadLocalRunnable.java:30)
	... 1 more
Caused by: java.net.ConnectException: Connection refused
	... 11 more
2019-09-03 19:26:27,626 [fae74cfc-a3de-49ec-a122-0d29a4d89532:group-582CB46D4500:LeaderElection83] INFO  impl.RoleInfo (RoleInfo.java:shutdownLeaderElection(134)) - fae74cfc-a3de-49ec-a122-0d29a4d89532: shutdown LeaderElection
2019-09-03 19:26:27,627 [fae74cfc-a3de-49ec-a122-0d29a4d89532:group-582CB46D4500:LeaderElection83] INFO  impl.RaftServerImpl (RaftServerImpl.java:setRole(171)) - fae74cfc-a3de-49ec-a122-0d29a4d89532:group-582CB46D4500 changes role from CANDIDATE to LEADER at term 2 for changeToLeader
2019-09-03 19:26:27,627 [fae74cfc-a3de-49ec-a122-0d29a4d89532:group-582CB46D4500:LeaderElection83] INFO  impl.RaftServerImpl (ServerState.java:setLeader(263)) - fae74cfc-a3de-49ec-a122-0d29a4d89532:group-582CB46D4500 change Leader from null to fae74cfc-a3de-49ec-a122-0d29a4d89532 at term 2 for becomeLeader, leader elected after 39ms
2019-09-03 19:26:27,627 [fae74cfc-a3de-49ec-a122-0d29a4d89532:group-582CB46D4500:LeaderElection83] INFO  server.RaftServerConfigKeys (ConfUtils.java:logGet(43)) - raft.server.staging.catchup.gap = 1000 (default)
2019-09-03 19:26:27,627 [fae74cfc-a3de-49ec-a122-0d29a4d89532:group-582CB46D4500:LeaderElection83] INFO  server.RaftServerConfigKeys (ConfUtils.java:logGet(43)) - raft.server.rpc.sleep.time = 25ms (default)
2019-09-03 19:26:27,627 [fae74cfc-a3de-49ec-a122-0d29a4d89532:group-582CB46D4500:LeaderElection83] INFO  server.RaftServerConfigKeys (ConfUtils.java:logGet(43)) - raft.server.write.element-limit = 4096 (default)
2019-09-03 19:26:27,627 [fae74cfc-a3de-49ec-a122-0d29a4d89532:group-582CB46D4500:LeaderElection83] INFO  server.RaftServerConfigKeys (ConfUtils.java:logGet(43)) - raft.server.watch.timeout = 10s (default)
2019-09-03 19:26:27,627 [fae74cfc-a3de-49ec-a122-0d29a4d89532:group-582CB46D4500:LeaderElection83] INFO  server.RaftServerConfigKeys (ConfUtils.java:logGet(43)) - raft.server.watch.timeout.denomination = 1s (default)
2019-09-03 19:26:27,628 [fae74cfc-a3de-49ec-a122-0d29a4d89532:group-582CB46D4500:LeaderElection83] INFO  server.RaftServerConfigKeys (ConfUtils.java:logGet(43)) - raft.server.watch.element-limit = 65536 (default)
2019-09-03 19:26:27,628 [fae74cfc-a3de-49ec-a122-0d29a4d89532:group-582CB46D4500:LeaderElection83] INFO  server.RaftServerConfigKeys (ConfUtils.java:logGet(43)) - raft.server.log.appender.snapshot.chunk.size.max = 16MB (=16777216) (default)
2019-09-03 19:26:27,628 [fae74cfc-a3de-49ec-a122-0d29a4d89532:group-582CB46D4500:LeaderElection83] INFO  server.RaftServerConfigKeys (ConfUtils.java:logGet(43)) - raft.server.log.appender.buffer.byte-limit = 33554432 (custom)
2019-09-03 19:26:27,628 [fae74cfc-a3de-49ec-a122-0d29a4d89532:group-582CB46D4500:LeaderElection83] INFO  server.RaftServerConfigKeys (ConfUtils.java:logGet(43)) - raft.server.log.appender.buffer.element-limit = 1 (custom)
2019-09-03 19:26:27,629 [fae74cfc-a3de-49ec-a122-0d29a4d89532:group-582CB46D4500:LeaderElection83] INFO  grpc.GrpcConfigKeys$Server (ConfUtils.java:logGet(43)) - raft.grpc.server.leader.outstanding.appends.max = 128 (default)
2019-09-03 19:26:27,629 [fae74cfc-a3de-49ec-a122-0d29a4d89532:group-582CB46D4500:LeaderElection83] INFO  server.RaftServerConfigKeys (ConfUtils.java:logGet(43)) - raft.server.rpc.request.timeout = 3000ms (default)
2019-09-03 19:26:27,629 [fae74cfc-a3de-49ec-a122-0d29a4d89532:group-582CB46D4500:LeaderElection83] INFO  server.RaftServerConfigKeys (ConfUtils.java:logGet(43)) - raft.server.log.appender.install.snapshot.enabled = false (custom)
2019-09-03 19:26:27,629 [fae74cfc-a3de-49ec-a122-0d29a4d89532:group-582CB46D4500:LeaderElection83] INFO  server.RaftServerConfigKeys (ConfUtils.java:logGet(43)) - raft.server.log.appender.snapshot.chunk.size.max = 16MB (=16777216) (default)
2019-09-03 19:26:27,629 [fae74cfc-a3de-49ec-a122-0d29a4d89532:group-582CB46D4500:LeaderElection83] INFO  server.RaftServerConfigKeys (ConfUtils.java:logGet(43)) - raft.server.log.appender.buffer.byte-limit = 33554432 (custom)
2019-09-03 19:26:27,629 [fae74cfc-a3de-49ec-a122-0d29a4d89532:group-582CB46D4500:LeaderElection83] INFO  server.RaftServerConfigKeys (ConfUtils.java:logGet(43)) - raft.server.log.appender.buffer.element-limit = 1 (custom)
2019-09-03 19:26:27,630 [fae74cfc-a3de-49ec-a122-0d29a4d89532:group-582CB46D4500:LeaderElection83] INFO  grpc.GrpcConfigKeys$Server (ConfUtils.java:logGet(43)) - raft.grpc.server.leader.outstanding.appends.max = 128 (default)
2019-09-03 19:26:27,630 [fae74cfc-a3de-49ec-a122-0d29a4d89532:group-582CB46D4500:LeaderElection83] INFO  server.RaftServerConfigKeys (ConfUtils.java:logGet(43)) - raft.server.rpc.request.timeout = 3000ms (default)
2019-09-03 19:26:27,630 [fae74cfc-a3de-49ec-a122-0d29a4d89532:group-582CB46D4500:LeaderElection83] INFO  server.RaftServerConfigKeys (ConfUtils.java:logGet(43)) - raft.server.log.appender.install.snapshot.enabled = false (custom)
2019-09-03 19:26:27,630 [fae74cfc-a3de-49ec-a122-0d29a4d89532:group-582CB46D4500:LeaderElection83] INFO  impl.RoleInfo (RoleInfo.java:updateAndGet(143)) - fae74cfc-a3de-49ec-a122-0d29a4d89532: start LeaderState
2019-09-03 19:26:27,630 [fae74cfc-a3de-49ec-a122-0d29a4d89532:group-582CB46D4500:LeaderElection83] INFO  segmented.SegmentedRaftLogWorker (SegmentedRaftLogWorker.java:rollLogSegment(385)) - fae74cfc-a3de-49ec-a122-0d29a4d89532-SegmentedRaftLogWorker:Storage Directory /workdir/hadoop-ozone/integration-test/target/test-dir/MiniOzoneClusterImpl-02951a51-9d93-4f48-8a2f-9f437eec0b3a/datanode-0/data/ratis/2f3fbb08-d04a-4546-a4b8-582cb46d4500: Rolling segment log-0_16 to index:16
2019-09-03 19:26:27,631 [fae74cfc-a3de-49ec-a122-0d29a4d89532-SegmentedRaftLogWorker:Storage Directory /workdir/hadoop-ozone/integration-test/target/test-dir/MiniOzoneClusterImpl-02951a51-9d93-4f48-8a2f-9f437eec0b3a/datanode-0/data/ratis/2f3fbb08-d04a-4546-a4b8-582cb46d4500] INFO  segmented.SegmentedRaftLogWorker (SegmentedRaftLogWorker.java:execute(526)) - fae74cfc-a3de-49ec-a122-0d29a4d89532-SegmentedRaftLogWorker:Storage Directory /workdir/hadoop-ozone/integration-test/target/test-dir/MiniOzoneClusterImpl-02951a51-9d93-4f48-8a2f-9f437eec0b3a/datanode-0/data/ratis/2f3fbb08-d04a-4546-a4b8-582cb46d4500: Rolled log segment from /workdir/hadoop-ozone/integration-test/target/test-dir/MiniOzoneClusterImpl-02951a51-9d93-4f48-8a2f-9f437eec0b3a/datanode-0/data/ratis/2f3fbb08-d04a-4546-a4b8-582cb46d4500/current/log_inprogress_0 to /workdir/hadoop-ozone/integration-test/target/test-dir/MiniOzoneClusterImpl-02951a51-9d93-4f48-8a2f-9f437eec0b3a/datanode-0/data/ratis/2f3fbb08-d04a-4546-a4b8-582cb46d4500/current/log_0-16
2019-09-03 19:26:27,631 [fae74cfc-a3de-49ec-a122-0d29a4d89532:group-582CB46D4500:LeaderElection83] INFO  impl.RaftServerImpl (ServerState.java:setRaftConf(361)) - fae74cfc-a3de-49ec-a122-0d29a4d89532:group-582CB46D4500 set configuration 17: [fae74cfc-a3de-49ec-a122-0d29a4d89532:192.168.36.111:45161, a0815a8b-861a-43d7-baa1-c508cc6e5dd8:192.168.36.111:41600, 325e8060-d055-47ec-a514-0af988bd5c40:192.168.36.111:33601], old=null at 17
2019-09-03 19:26:27,632 [grpc-default-executor-9] WARN  server.GrpcLogAppender (LogUtils.java:warn(134)) - fae74cfc-a3de-49ec-a122-0d29a4d89532->325e8060-d055-47ec-a514-0af988bd5c40: Failed appendEntries: org.apache.ratis.thirdparty.io.grpc.StatusRuntimeException: UNAVAILABLE: io exception
2019-09-03 19:26:27,632 [grpc-default-executor-9] INFO  impl.FollowerInfo (FollowerInfo.java:lambda$new$0(50)) - fae74cfc-a3de-49ec-a122-0d29a4d89532->325e8060-d055-47ec-a514-0af988bd5c40: nextIndex: updateUnconditionally 17 -> 1
2019-09-03 19:26:27,633 [grpc-default-executor-10] INFO  impl.RaftServerImpl (ServerState.java:setLeader(263)) - a0815a8b-861a-43d7-baa1-c508cc6e5dd8:group-582CB46D4500 change Leader from null to fae74cfc-a3de-49ec-a122-0d29a4d89532 at term 2 for appendEntries, leader elected after 25ms
2019-09-03 19:26:27,635 [grpc-default-executor-10] INFO  impl.RaftServerImpl (ServerState.java:setRaftConf(361)) - a0815a8b-861a-43d7-baa1-c508cc6e5dd8:group-582CB46D4500 set configuration 17: [fae74cfc-a3de-49ec-a122-0d29a4d89532:192.168.36.111:45161, a0815a8b-861a-43d7-baa1-c508cc6e5dd8:192.168.36.111:41600, 325e8060-d055-47ec-a514-0af988bd5c40:192.168.36.111:33601], old=null at 17
2019-09-03 19:26:27,635 [grpc-default-executor-10] INFO  segmented.SegmentedRaftLogWorker (SegmentedRaftLogWorker.java:rollLogSegment(385)) - a0815a8b-861a-43d7-baa1-c508cc6e5dd8-SegmentedRaftLogWorker:Storage Directory /workdir/hadoop-ozone/integration-test/target/test-dir/MiniOzoneClusterImpl-02951a51-9d93-4f48-8a2f-9f437eec0b3a/datanode-2/data/ratis/2f3fbb08-d04a-4546-a4b8-582cb46d4500: Rolling segment log-0_16 to index:16
2019-09-03 19:26:27,636 [a0815a8b-861a-43d7-baa1-c508cc6e5dd8-SegmentedRaftLogWorker:Storage Directory /workdir/hadoop-ozone/integration-test/target/test-dir/MiniOzoneClusterImpl-02951a51-9d93-4f48-8a2f-9f437eec0b3a/datanode-2/data/ratis/2f3fbb08-d04a-4546-a4b8-582cb46d4500] INFO  segmented.SegmentedRaftLogWorker (SegmentedRaftLogWorker.java:execute(526)) - a0815a8b-861a-43d7-baa1-c508cc6e5dd8-SegmentedRaftLogWorker:Storage Directory /workdir/hadoop-ozone/integration-test/target/test-dir/MiniOzoneClusterImpl-02951a51-9d93-4f48-8a2f-9f437eec0b3a/datanode-2/data/ratis/2f3fbb08-d04a-4546-a4b8-582cb46d4500: Rolled log segment from /workdir/hadoop-ozone/integration-test/target/test-dir/MiniOzoneClusterImpl-02951a51-9d93-4f48-8a2f-9f437eec0b3a/datanode-2/data/ratis/2f3fbb08-d04a-4546-a4b8-582cb46d4500/current/log_inprogress_0 to /workdir/hadoop-ozone/integration-test/target/test-dir/MiniOzoneClusterImpl-02951a51-9d93-4f48-8a2f-9f437eec0b3a/datanode-2/data/ratis/2f3fbb08-d04a-4546-a4b8-582cb46d4500/current/log_0-16
2019-09-03 19:26:27,672 [fae74cfc-a3de-49ec-a122-0d29a4d89532-SegmentedRaftLogWorker:Storage Directory /workdir/hadoop-ozone/integration-test/target/test-dir/MiniOzoneClusterImpl-02951a51-9d93-4f48-8a2f-9f437eec0b3a/datanode-0/data/ratis/2f3fbb08-d04a-4546-a4b8-582cb46d4500] INFO  segmented.SegmentedRaftLogWorker (SegmentedRaftLogWorker.java:execute(569)) - fae74cfc-a3de-49ec-a122-0d29a4d89532-SegmentedRaftLogWorker:Storage Directory /workdir/hadoop-ozone/integration-test/target/test-dir/MiniOzoneClusterImpl-02951a51-9d93-4f48-8a2f-9f437eec0b3a/datanode-0/data/ratis/2f3fbb08-d04a-4546-a4b8-582cb46d4500: created new log segment /workdir/hadoop-ozone/integration-test/target/test-dir/MiniOzoneClusterImpl-02951a51-9d93-4f48-8a2f-9f437eec0b3a/datanode-0/data/ratis/2f3fbb08-d04a-4546-a4b8-582cb46d4500/current/log_inprogress_17
2019-09-03 19:26:27,685 [a0815a8b-861a-43d7-baa1-c508cc6e5dd8-SegmentedRaftLogWorker:Storage Directory /workdir/hadoop-ozone/integration-test/target/test-dir/MiniOzoneClusterImpl-02951a51-9d93-4f48-8a2f-9f437eec0b3a/datanode-2/data/ratis/2f3fbb08-d04a-4546-a4b8-582cb46d4500] INFO  segmented.SegmentedRaftLogWorker (SegmentedRaftLogWorker.java:execute(569)) - a0815a8b-861a-43d7-baa1-c508cc6e5dd8-SegmentedRaftLogWorker:Storage Directory /workdir/hadoop-ozone/integration-test/target/test-dir/MiniOzoneClusterImpl-02951a51-9d93-4f48-8a2f-9f437eec0b3a/datanode-2/data/ratis/2f3fbb08-d04a-4546-a4b8-582cb46d4500: created new log segment /workdir/hadoop-ozone/integration-test/target/test-dir/MiniOzoneClusterImpl-02951a51-9d93-4f48-8a2f-9f437eec0b3a/datanode-2/data/ratis/2f3fbb08-d04a-4546-a4b8-582cb46d4500/current/log_inprogress_17
2019-09-03 19:26:27,705 [grpc-default-executor-5] WARN  server.GrpcLogAppender (LogUtils.java:warn(134)) - fae74cfc-a3de-49ec-a122-0d29a4d89532->325e8060-d055-47ec-a514-0af988bd5c40: Failed appendEntries: org.apache.ratis.thirdparty.io.grpc.StatusRuntimeException: UNAVAILABLE: io exception
2019-09-03 19:26:27,706 [grpc-default-executor-5] INFO  impl.FollowerInfo (FollowerInfo.java:lambda$new$0(50)) - fae74cfc-a3de-49ec-a122-0d29a4d89532->325e8060-d055-47ec-a514-0af988bd5c40: nextIndex: updateUnconditionally 2 -> 1
2019-09-03 19:26:27,717 [grpc-default-executor-9] WARN  server.GrpcLogAppender (LogUtils.java:warn(134)) - fae74cfc-a3de-49ec-a122-0d29a4d89532->325e8060-d055-47ec-a514-0af988bd5c40: Failed appendEntries: org.apache.ratis.thirdparty.io.grpc.StatusRuntimeException: UNAVAILABLE: io exception
2019-09-03 19:26:27,717 [grpc-default-executor-9] INFO  impl.FollowerInfo (FollowerInfo.java:lambda$new$0(50)) - fae74cfc-a3de-49ec-a122-0d29a4d89532->325e8060-d055-47ec-a514-0af988bd5c40: nextIndex: updateUnconditionally 2 -> 1
19:26:28.243 [grpc-default-executor-9] ERROR DNAudit - user=null | ip=null | op=WRITE_CHUNK {blockData=conID: 1 locID: 102730220728549390 bcsId: 14} | ret=FAILURE
org.apache.hadoop.hdds.scm.container.common.helpers.ContainerNotOpenException: Container 1 in CLOSING state
	at org.apache.hadoop.ozone.container.common.impl.HddsDispatcher.validateContainerCommand(HddsDispatcher.java:408) ~[hadoop-hdds-container-service-0.5.0-SNAPSHOT.jar:?]
	at org.apache.hadoop.ozone.container.common.transport.server.ratis.ContainerStateMachine.startTransaction(ContainerStateMachine.java:310) ~[hadoop-hdds-container-service-0.5.0-SNAPSHOT.jar:?]
	at org.apache.ratis.server.impl.RaftServerImpl.submitClientRequestAsync(RaftServerImpl.java:566) ~[ratis-server-0.4.0-2337318-SNAPSHOT.jar:0.4.0-2337318-SNAPSHOT]
	at org.apache.ratis.server.impl.RaftServerProxy.lambda$submitClientRequestAsync$7(RaftServerProxy.java:333) ~[ratis-server-0.4.0-2337318-SNAPSHOT.jar:0.4.0-2337318-SNAPSHOT]
	at org.apache.ratis.server.impl.RaftServerProxy.lambda$null$5(RaftServerProxy.java:328) ~[ratis-server-0.4.0-2337318-SNAPSHOT.jar:0.4.0-2337318-SNAPSHOT]
	at org.apache.ratis.util.JavaUtils.callAsUnchecked(JavaUtils.java:109) ~[ratis-common-0.4.0-2337318-SNAPSHOT.jar:0.4.0-2337318-SNAPSHOT]
	at org.apache.ratis.server.impl.RaftServerProxy.lambda$submitRequest$6(RaftServerProxy.java:328) ~[ratis-server-0.4.0-2337318-SNAPSHOT.jar:0.4.0-2337318-SNAPSHOT]
	at java.util.concurrent.CompletableFuture.uniComposeStage(CompletableFuture.java:981) ~[?:1.8.0_212]
	at java.util.concurrent.CompletableFuture.thenCompose(CompletableFuture.java:2124) ~[?:1.8.0_212]
	at org.apache.ratis.server.impl.RaftServerProxy.submitRequest(RaftServerProxy.java:327) ~[ratis-server-0.4.0-2337318-SNAPSHOT.jar:0.4.0-2337318-SNAPSHOT]
	at org.apache.ratis.server.impl.RaftServerProxy.submitClientRequestAsync(RaftServerProxy.java:333) ~[ratis-server-0.4.0-2337318-SNAPSHOT.jar:0.4.0-2337318-SNAPSHOT]
	at org.apache.ratis.grpc.client.GrpcClientProtocolService$RequestStreamObserver.processClientRequest(GrpcClientProtocolService.java:220) ~[ratis-grpc-0.4.0-2337318-SNAPSHOT.jar:0.4.0-2337318-SNAPSHOT]
	at org.apache.ratis.grpc.client.GrpcClientProtocolService$OrderedRequestStreamObserver.processClientRequest(GrpcClientProtocolService.java:326) ~[ratis-grpc-0.4.0-2337318-SNAPSHOT.jar:0.4.0-2337318-SNAPSHOT]
	at org.apache.ratis.util.SlidingWindow$Server.processRequestsFromHead(SlidingWindow.java:429) [ratis-common-0.4.0-2337318-SNAPSHOT.jar:0.4.0-2337318-SNAPSHOT]
	at org.apache.ratis.util.SlidingWindow$Server.receivedRequest(SlidingWindow.java:421) [ratis-common-0.4.0-2337318-SNAPSHOT.jar:0.4.0-2337318-SNAPSHOT]
	at org.apache.ratis.grpc.client.GrpcClientProtocolService$OrderedRequestStreamObserver.processClientRequest(GrpcClientProtocolService.java:345) [ratis-grpc-0.4.0-2337318-SNAPSHOT.jar:0.4.0-2337318-SNAPSHOT]
	at org.apache.ratis.grpc.client.GrpcClientProtocolService$RequestStreamObserver.onNext(GrpcClientProtocolService.java:240) [ratis-grpc-0.4.0-2337318-SNAPSHOT.jar:0.4.0-2337318-SNAPSHOT]
	at org.apache.ratis.grpc.client.GrpcClientProtocolService$RequestStreamObserver.onNext(GrpcClientProtocolService.java:168) [ratis-grpc-0.4.0-2337318-SNAPSHOT.jar:0.4.0-2337318-SNAPSHOT]
	at org.apache.ratis.thirdparty.io.grpc.stub.ServerCalls$StreamingServerCallHandler$StreamingServerCallListener.onMessage(ServerCalls.java:248) [ratis-thirdparty-misc-0.2.0.jar:0.2.0]
	at org.apache.ratis.thirdparty.io.grpc.internal.ServerCallImpl$ServerStreamListenerImpl.messagesAvailable(ServerCallImpl.java:263) [ratis-thirdparty-misc-0.2.0.jar:0.2.0]
	at org.apache.ratis.thirdparty.io.grpc.internal.ServerImpl$JumpToApplicationThreadServerStreamListener$1MessagesAvailable.runInContext(ServerImpl.java:686) [ratis-thirdparty-misc-0.2.0.jar:0.2.0]
	at org.apache.ratis.thirdparty.io.grpc.internal.ContextRunnable.run(ContextRunnable.java:37) [ratis-thirdparty-misc-0.2.0.jar:0.2.0]
	at org.apache.ratis.thirdparty.io.grpc.internal.SerializingExecutor.run(SerializingExecutor.java:123) [ratis-thirdparty-misc-0.2.0.jar:0.2.0]
	at java.util.concurrent.ThreadPoolExecutor.runWorker(ThreadPoolExecutor.java:1149) [?:1.8.0_212]
	at java.util.concurrent.ThreadPoolExecutor$Worker.run(ThreadPoolExecutor.java:624) [?:1.8.0_212]
	at java.lang.Thread.run(Thread.java:748) [?:1.8.0_212]
2019-09-03 19:26:28,260 [grpc-default-executor-9] INFO  client.GrpcClientProtocolClient (GrpcClientProtocolClient.java:onNext(255)) - client-95287ED7DA23->fae74cfc-a3de-49ec-a122-0d29a4d89532: receive RaftClientReply:client-95287ED7DA23->fae74cfc-a3de-49ec-a122-0d29a4d89532@group-582CB46D4500, cid=191, FAILED org.apache.ratis.protocol.StateMachineException: org.apache.hadoop.hdds.scm.container.common.helpers.ContainerNotOpenException from Server fae74cfc-a3de-49ec-a122-0d29a4d89532: Container 1 in CLOSING state, logIndex=0, commits[fae74cfc-a3de-49ec-a122-0d29a4d89532:c18, a0815a8b-861a-43d7-baa1-c508cc6e5dd8:c17, 325e8060-d055-47ec-a514-0af988bd5c40:c16]
19:26:28.261 [grpc-default-executor-5] ERROR DNAudit - user=null | ip=null | op=WRITE_CHUNK {blockData=conID: 1 locID: 102730220728549390 bcsId: 14} | ret=FAILURE
org.apache.hadoop.hdds.scm.container.common.helpers.ContainerNotOpenException: Container 1 in CLOSING state
	at org.apache.hadoop.ozone.container.common.impl.HddsDispatcher.validateContainerCommand(HddsDispatcher.java:408) ~[hadoop-hdds-container-service-0.5.0-SNAPSHOT.jar:?]
	at org.apache.hadoop.ozone.container.common.transport.server.ratis.ContainerStateMachine.startTransaction(ContainerStateMachine.java:310) ~[hadoop-hdds-container-service-0.5.0-SNAPSHOT.jar:?]
	at org.apache.ratis.server.impl.RaftServerImpl.submitClientRequestAsync(RaftServerImpl.java:566) ~[ratis-server-0.4.0-2337318-SNAPSHOT.jar:0.4.0-2337318-SNAPSHOT]
	at org.apache.ratis.server.impl.RaftServerProxy.lambda$submitClientRequestAsync$7(RaftServerProxy.java:333) ~[ratis-server-0.4.0-2337318-SNAPSHOT.jar:0.4.0-2337318-SNAPSHOT]
	at org.apache.ratis.server.impl.RaftServerProxy.lambda$null$5(RaftServerProxy.java:328) ~[ratis-server-0.4.0-2337318-SNAPSHOT.jar:0.4.0-2337318-SNAPSHOT]
	at org.apache.ratis.util.JavaUtils.callAsUnchecked(JavaUtils.java:109) ~[ratis-common-0.4.0-2337318-SNAPSHOT.jar:0.4.0-2337318-SNAPSHOT]
	at org.apache.ratis.server.impl.RaftServerProxy.lambda$submitRequest$6(RaftServerProxy.java:328) ~[ratis-server-0.4.0-2337318-SNAPSHOT.jar:0.4.0-2337318-SNAPSHOT]
	at java.util.concurrent.CompletableFuture.uniComposeStage(CompletableFuture.java:981) ~[?:1.8.0_212]
	at java.util.concurrent.CompletableFuture.thenCompose(CompletableFuture.java:2124) ~[?:1.8.0_212]
	at org.apache.ratis.server.impl.RaftServerProxy.submitRequest(RaftServerProxy.java:327) ~[ratis-server-0.4.0-2337318-SNAPSHOT.jar:0.4.0-2337318-SNAPSHOT]
	at org.apache.ratis.server.impl.RaftServerProxy.submitClientRequestAsync(RaftServerProxy.java:333) ~[ratis-server-0.4.0-2337318-SNAPSHOT.jar:0.4.0-2337318-SNAPSHOT]
	at org.apache.ratis.grpc.client.GrpcClientProtocolService$RequestStreamObserver.processClientRequest(GrpcClientProtocolService.java:220) ~[ratis-grpc-0.4.0-2337318-SNAPSHOT.jar:0.4.0-2337318-SNAPSHOT]
	at org.apache.ratis.grpc.client.GrpcClientProtocolService$OrderedRequestStreamObserver.processClientRequest(GrpcClientProtocolService.java:326) ~[ratis-grpc-0.4.0-2337318-SNAPSHOT.jar:0.4.0-2337318-SNAPSHOT]
	at org.apache.ratis.util.SlidingWindow$Server.processRequestsFromHead(SlidingWindow.java:429) [ratis-common-0.4.0-2337318-SNAPSHOT.jar:0.4.0-2337318-SNAPSHOT]
	at org.apache.ratis.util.SlidingWindow$Server.receivedRequest(SlidingWindow.java:421) [ratis-common-0.4.0-2337318-SNAPSHOT.jar:0.4.0-2337318-SNAPSHOT]
	at org.apache.ratis.grpc.client.GrpcClientProtocolService$OrderedRequestStreamObserver.processClientRequest(GrpcClientProtocolService.java:345) [ratis-grpc-0.4.0-2337318-SNAPSHOT.jar:0.4.0-2337318-SNAPSHOT]
	at org.apache.ratis.grpc.client.GrpcClientProtocolService$RequestStreamObserver.onNext(GrpcClientProtocolService.java:240) [ratis-grpc-0.4.0-2337318-SNAPSHOT.jar:0.4.0-2337318-SNAPSHOT]
	at org.apache.ratis.grpc.client.GrpcClientProtocolService$RequestStreamObserver.onNext(GrpcClientProtocolService.java:168) [ratis-grpc-0.4.0-2337318-SNAPSHOT.jar:0.4.0-2337318-SNAPSHOT]
	at org.apache.ratis.thirdparty.io.grpc.stub.ServerCalls$StreamingServerCallHandler$StreamingServerCallListener.onMessage(ServerCalls.java:248) [ratis-thirdparty-misc-0.2.0.jar:0.2.0]
	at org.apache.ratis.thirdparty.io.grpc.internal.ServerCallImpl$ServerStreamListenerImpl.messagesAvailable(ServerCallImpl.java:263) [ratis-thirdparty-misc-0.2.0.jar:0.2.0]
	at org.apache.ratis.thirdparty.io.grpc.internal.ServerImpl$JumpToApplicationThreadServerStreamListener$1MessagesAvailable.runInContext(ServerImpl.java:686) [ratis-thirdparty-misc-0.2.0.jar:0.2.0]
	at org.apache.ratis.thirdparty.io.grpc.internal.ContextRunnable.run(ContextRunnable.java:37) [ratis-thirdparty-misc-0.2.0.jar:0.2.0]
	at org.apache.ratis.thirdparty.io.grpc.internal.SerializingExecutor.run(SerializingExecutor.java:123) [ratis-thirdparty-misc-0.2.0.jar:0.2.0]
	at java.util.concurrent.ThreadPoolExecutor.runWorker(ThreadPoolExecutor.java:1149) [?:1.8.0_212]
	at java.util.concurrent.ThreadPoolExecutor$Worker.run(ThreadPoolExecutor.java:624) [?:1.8.0_212]
	at java.lang.Thread.run(Thread.java:748) [?:1.8.0_212]
2019-09-03 19:26:28,274 [grpc-default-executor-9] INFO  client.GrpcClientProtocolClient (GrpcClientProtocolClient.java:onNext(255)) - client-95287ED7DA23->fae74cfc-a3de-49ec-a122-0d29a4d89532: receive RaftClientReply:client-95287ED7DA23->fae74cfc-a3de-49ec-a122-0d29a4d89532@group-582CB46D4500, cid=192, FAILED org.apache.ratis.protocol.StateMachineException: org.apache.hadoop.hdds.scm.container.common.helpers.ContainerNotOpenException from Server fae74cfc-a3de-49ec-a122-0d29a4d89532: Container 1 in CLOSING state, logIndex=0, commits[fae74cfc-a3de-49ec-a122-0d29a4d89532:c18, a0815a8b-861a-43d7-baa1-c508cc6e5dd8:c17, 325e8060-d055-47ec-a514-0af988bd5c40:c16]
19:26:28.274 [grpc-default-executor-5] ERROR DNAudit - user=null | ip=null | op=PUT_BLOCK {blockData=[blockId=conID: 1 locID: 102730220728549390 bcsId: 0,size=650]} | ret=FAILURE
org.apache.hadoop.hdds.scm.container.common.helpers.ContainerNotOpenException: Container 1 in CLOSING state
	at org.apache.hadoop.ozone.container.common.impl.HddsDispatcher.validateContainerCommand(HddsDispatcher.java:408) ~[hadoop-hdds-container-service-0.5.0-SNAPSHOT.jar:?]
	at org.apache.hadoop.ozone.container.common.transport.server.ratis.ContainerStateMachine.startTransaction(ContainerStateMachine.java:310) ~[hadoop-hdds-container-service-0.5.0-SNAPSHOT.jar:?]
	at org.apache.ratis.server.impl.RaftServerImpl.submitClientRequestAsync(RaftServerImpl.java:566) ~[ratis-server-0.4.0-2337318-SNAPSHOT.jar:0.4.0-2337318-SNAPSHOT]
	at org.apache.ratis.server.impl.RaftServerProxy.lambda$submitClientRequestAsync$7(RaftServerProxy.java:333) ~[ratis-server-0.4.0-2337318-SNAPSHOT.jar:0.4.0-2337318-SNAPSHOT]
	at org.apache.ratis.server.impl.RaftServerProxy.lambda$null$5(RaftServerProxy.java:328) ~[ratis-server-0.4.0-2337318-SNAPSHOT.jar:0.4.0-2337318-SNAPSHOT]
	at org.apache.ratis.util.JavaUtils.callAsUnchecked(JavaUtils.java:109) ~[ratis-common-0.4.0-2337318-SNAPSHOT.jar:0.4.0-2337318-SNAPSHOT]
	at org.apache.ratis.server.impl.RaftServerProxy.lambda$submitRequest$6(RaftServerProxy.java:328) ~[ratis-server-0.4.0-2337318-SNAPSHOT.jar:0.4.0-2337318-SNAPSHOT]
	at java.util.concurrent.CompletableFuture.uniComposeStage(CompletableFuture.java:981) ~[?:1.8.0_212]
	at java.util.concurrent.CompletableFuture.thenCompose(CompletableFuture.java:2124) ~[?:1.8.0_212]
	at org.apache.ratis.server.impl.RaftServerProxy.submitRequest(RaftServerProxy.java:327) ~[ratis-server-0.4.0-2337318-SNAPSHOT.jar:0.4.0-2337318-SNAPSHOT]
	at org.apache.ratis.server.impl.RaftServerProxy.submitClientRequestAsync(RaftServerProxy.java:333) ~[ratis-server-0.4.0-2337318-SNAPSHOT.jar:0.4.0-2337318-SNAPSHOT]
	at org.apache.ratis.grpc.client.GrpcClientProtocolService$RequestStreamObserver.processClientRequest(GrpcClientProtocolService.java:220) ~[ratis-grpc-0.4.0-2337318-SNAPSHOT.jar:0.4.0-2337318-SNAPSHOT]
	at org.apache.ratis.grpc.client.GrpcClientProtocolService$OrderedRequestStreamObserver.processClientRequest(GrpcClientProtocolService.java:326) ~[ratis-grpc-0.4.0-2337318-SNAPSHOT.jar:0.4.0-2337318-SNAPSHOT]
	at org.apache.ratis.util.SlidingWindow$Server.processRequestsFromHead(SlidingWindow.java:429) [ratis-common-0.4.0-2337318-SNAPSHOT.jar:0.4.0-2337318-SNAPSHOT]
	at org.apache.ratis.util.SlidingWindow$Server.receivedRequest(SlidingWindow.java:421) [ratis-common-0.4.0-2337318-SNAPSHOT.jar:0.4.0-2337318-SNAPSHOT]
	at org.apache.ratis.grpc.client.GrpcClientProtocolService$OrderedRequestStreamObserver.processClientRequest(GrpcClientProtocolService.java:345) [ratis-grpc-0.4.0-2337318-SNAPSHOT.jar:0.4.0-2337318-SNAPSHOT]
	at org.apache.ratis.grpc.client.GrpcClientProtocolService$RequestStreamObserver.onNext(GrpcClientProtocolService.java:240) [ratis-grpc-0.4.0-2337318-SNAPSHOT.jar:0.4.0-2337318-SNAPSHOT]
	at org.apache.ratis.grpc.client.GrpcClientProtocolService$RequestStreamObserver.onNext(GrpcClientProtocolService.java:168) [ratis-grpc-0.4.0-2337318-SNAPSHOT.jar:0.4.0-2337318-SNAPSHOT]
	at org.apache.ratis.thirdparty.io.grpc.stub.ServerCalls$StreamingServerCallHandler$StreamingServerCallListener.onMessage(ServerCalls.java:248) [ratis-thirdparty-misc-0.2.0.jar:0.2.0]
	at org.apache.ratis.thirdparty.io.grpc.internal.ServerCallImpl$ServerStreamListenerImpl.messagesAvailable(ServerCallImpl.java:263) [ratis-thirdparty-misc-0.2.0.jar:0.2.0]
	at org.apache.ratis.thirdparty.io.grpc.internal.ServerImpl$JumpToApplicationThreadServerStreamListener$1MessagesAvailable.runInContext(ServerImpl.java:686) [ratis-thirdparty-misc-0.2.0.jar:0.2.0]
	at org.apache.ratis.thirdparty.io.grpc.internal.ContextRunnable.run(ContextRunnable.java:37) [ratis-thirdparty-misc-0.2.0.jar:0.2.0]
	at org.apache.ratis.thirdparty.io.grpc.internal.SerializingExecutor.run(SerializingExecutor.java:123) [ratis-thirdparty-misc-0.2.0.jar:0.2.0]
	at java.util.concurrent.ThreadPoolExecutor.runWorker(ThreadPoolExecutor.java:1149) [?:1.8.0_212]
	at java.util.concurrent.ThreadPoolExecutor$Worker.run(ThreadPoolExecutor.java:624) [?:1.8.0_212]
	at java.lang.Thread.run(Thread.java:748) [?:1.8.0_212]
2019-09-03 19:26:28,281 [grpc-default-executor-9] INFO  client.GrpcClientProtocolClient (GrpcClientProtocolClient.java:onNext(255)) - client-95287ED7DA23->fae74cfc-a3de-49ec-a122-0d29a4d89532: receive RaftClientReply:client-95287ED7DA23->fae74cfc-a3de-49ec-a122-0d29a4d89532@group-582CB46D4500, cid=193, FAILED org.apache.ratis.protocol.StateMachineException: org.apache.hadoop.hdds.scm.container.common.helpers.ContainerNotOpenException from Server fae74cfc-a3de-49ec-a122-0d29a4d89532: Container 1 in CLOSING state, logIndex=0, commits[fae74cfc-a3de-49ec-a122-0d29a4d89532:c18, a0815a8b-861a-43d7-baa1-c508cc6e5dd8:c17, 325e8060-d055-47ec-a514-0af988bd5c40:c16]
19:26:28.281 [grpc-default-executor-5] ERROR DNAudit - user=null | ip=null | op=WRITE_CHUNK {blockData=conID: 1 locID: 102730220728549390 bcsId: 14} | ret=FAILURE
org.apache.hadoop.hdds.scm.container.common.helpers.ContainerNotOpenException: Container 1 in CLOSING state
	at org.apache.hadoop.ozone.container.common.impl.HddsDispatcher.validateContainerCommand(HddsDispatcher.java:408) ~[hadoop-hdds-container-service-0.5.0-SNAPSHOT.jar:?]
	at org.apache.hadoop.ozone.container.common.transport.server.ratis.ContainerStateMachine.startTransaction(ContainerStateMachine.java:310) ~[hadoop-hdds-container-service-0.5.0-SNAPSHOT.jar:?]
	at org.apache.ratis.server.impl.RaftServerImpl.submitClientRequestAsync(RaftServerImpl.java:566) ~[ratis-server-0.4.0-2337318-SNAPSHOT.jar:0.4.0-2337318-SNAPSHOT]
	at org.apache.ratis.server.impl.RaftServerProxy.lambda$submitClientRequestAsync$7(RaftServerProxy.java:333) ~[ratis-server-0.4.0-2337318-SNAPSHOT.jar:0.4.0-2337318-SNAPSHOT]
	at org.apache.ratis.server.impl.RaftServerProxy.lambda$null$5(RaftServerProxy.java:328) ~[ratis-server-0.4.0-2337318-SNAPSHOT.jar:0.4.0-2337318-SNAPSHOT]
	at org.apache.ratis.util.JavaUtils.callAsUnchecked(JavaUtils.java:109) ~[ratis-common-0.4.0-2337318-SNAPSHOT.jar:0.4.0-2337318-SNAPSHOT]
	at org.apache.ratis.server.impl.RaftServerProxy.lambda$submitRequest$6(RaftServerProxy.java:328) ~[ratis-server-0.4.0-2337318-SNAPSHOT.jar:0.4.0-2337318-SNAPSHOT]
	at java.util.concurrent.CompletableFuture.uniComposeStage(CompletableFuture.java:981) ~[?:1.8.0_212]
	at java.util.concurrent.CompletableFuture.thenCompose(CompletableFuture.java:2124) ~[?:1.8.0_212]
	at org.apache.ratis.server.impl.RaftServerProxy.submitRequest(RaftServerProxy.java:327) ~[ratis-server-0.4.0-2337318-SNAPSHOT.jar:0.4.0-2337318-SNAPSHOT]
	at org.apache.ratis.server.impl.RaftServerProxy.submitClientRequestAsync(RaftServerProxy.java:333) ~[ratis-server-0.4.0-2337318-SNAPSHOT.jar:0.4.0-2337318-SNAPSHOT]
	at org.apache.ratis.grpc.client.GrpcClientProtocolService$RequestStreamObserver.processClientRequest(GrpcClientProtocolService.java:220) ~[ratis-grpc-0.4.0-2337318-SNAPSHOT.jar:0.4.0-2337318-SNAPSHOT]
	at org.apache.ratis.grpc.client.GrpcClientProtocolService$OrderedRequestStreamObserver.processClientRequest(GrpcClientProtocolService.java:326) ~[ratis-grpc-0.4.0-2337318-SNAPSHOT.jar:0.4.0-2337318-SNAPSHOT]
	at org.apache.ratis.util.SlidingWindow$Server.processRequestsFromHead(SlidingWindow.java:429) [ratis-common-0.4.0-2337318-SNAPSHOT.jar:0.4.0-2337318-SNAPSHOT]
	at org.apache.ratis.util.SlidingWindow$Server.receivedRequest(SlidingWindow.java:421) [ratis-common-0.4.0-2337318-SNAPSHOT.jar:0.4.0-2337318-SNAPSHOT]
	at org.apache.ratis.grpc.client.GrpcClientProtocolService$OrderedRequestStreamObserver.processClientRequest(GrpcClientProtocolService.java:345) [ratis-grpc-0.4.0-2337318-SNAPSHOT.jar:0.4.0-2337318-SNAPSHOT]
	at org.apache.ratis.grpc.client.GrpcClientProtocolService$RequestStreamObserver.onNext(GrpcClientProtocolService.java:240) [ratis-grpc-0.4.0-2337318-SNAPSHOT.jar:0.4.0-2337318-SNAPSHOT]
	at org.apache.ratis.grpc.client.GrpcClientProtocolService$RequestStreamObserver.onNext(GrpcClientProtocolService.java:168) [ratis-grpc-0.4.0-2337318-SNAPSHOT.jar:0.4.0-2337318-SNAPSHOT]
	at org.apache.ratis.thirdparty.io.grpc.stub.ServerCalls$StreamingServerCallHandler$StreamingServerCallListener.onMessage(ServerCalls.java:248) [ratis-thirdparty-misc-0.2.0.jar:0.2.0]
	at org.apache.ratis.thirdparty.io.grpc.internal.ServerCallImpl$ServerStreamListenerImpl.messagesAvailable(ServerCallImpl.java:263) [ratis-thirdparty-misc-0.2.0.jar:0.2.0]
	at org.apache.ratis.thirdparty.io.grpc.internal.ServerImpl$JumpToApplicationThreadServerStreamListener$1MessagesAvailable.runInContext(ServerImpl.java:686) [ratis-thirdparty-misc-0.2.0.jar:0.2.0]
	at org.apache.ratis.thirdparty.io.grpc.internal.ContextRunnable.run(ContextRunnable.java:37) [ratis-thirdparty-misc-0.2.0.jar:0.2.0]
	at org.apache.ratis.thirdparty.io.grpc.internal.SerializingExecutor.run(SerializingExecutor.java:123) [ratis-thirdparty-misc-0.2.0.jar:0.2.0]
	at java.util.concurrent.ThreadPoolExecutor.runWorker(ThreadPoolExecutor.java:1149) [?:1.8.0_212]
	at java.util.concurrent.ThreadPoolExecutor$Worker.run(ThreadPoolExecutor.java:624) [?:1.8.0_212]
	at java.lang.Thread.run(Thread.java:748) [?:1.8.0_212]
19:26:28.282 [grpc-default-executor-5] ERROR DNAudit - user=null | ip=null | op=WRITE_CHUNK {blockData=conID: 1 locID: 102730220728549390 bcsId: 14} | ret=FAILURE
org.apache.hadoop.hdds.scm.container.common.helpers.ContainerNotOpenException: Container 1 in CLOSING state
	at org.apache.hadoop.ozone.container.common.impl.HddsDispatcher.validateContainerCommand(HddsDispatcher.java:408) ~[hadoop-hdds-container-service-0.5.0-SNAPSHOT.jar:?]
	at org.apache.hadoop.ozone.container.common.transport.server.ratis.ContainerStateMachine.startTransaction(ContainerStateMachine.java:310) ~[hadoop-hdds-container-service-0.5.0-SNAPSHOT.jar:?]
	at org.apache.ratis.server.impl.RaftServerImpl.submitClientRequestAsync(RaftServerImpl.java:566) ~[ratis-server-0.4.0-2337318-SNAPSHOT.jar:0.4.0-2337318-SNAPSHOT]
	at org.apache.ratis.server.impl.RaftServerProxy.lambda$submitClientRequestAsync$7(RaftServerProxy.java:333) ~[ratis-server-0.4.0-2337318-SNAPSHOT.jar:0.4.0-2337318-SNAPSHOT]
	at org.apache.ratis.server.impl.RaftServerProxy.lambda$null$5(RaftServerProxy.java:328) ~[ratis-server-0.4.0-2337318-SNAPSHOT.jar:0.4.0-2337318-SNAPSHOT]
	at org.apache.ratis.util.JavaUtils.callAsUnchecked(JavaUtils.java:109) ~[ratis-common-0.4.0-2337318-SNAPSHOT.jar:0.4.0-2337318-SNAPSHOT]
	at org.apache.ratis.server.impl.RaftServerProxy.lambda$submitRequest$6(RaftServerProxy.java:328) ~[ratis-server-0.4.0-2337318-SNAPSHOT.jar:0.4.0-2337318-SNAPSHOT]
	at java.util.concurrent.CompletableFuture.uniComposeStage(CompletableFuture.java:981) ~[?:1.8.0_212]
	at java.util.concurrent.CompletableFuture.thenCompose(CompletableFuture.java:2124) ~[?:1.8.0_212]
	at org.apache.ratis.server.impl.RaftServerProxy.submitRequest(RaftServerProxy.java:327) ~[ratis-server-0.4.0-2337318-SNAPSHOT.jar:0.4.0-2337318-SNAPSHOT]
	at org.apache.ratis.server.impl.RaftServerProxy.submitClientRequestAsync(RaftServerProxy.java:333) ~[ratis-server-0.4.0-2337318-SNAPSHOT.jar:0.4.0-2337318-SNAPSHOT]
	at org.apache.ratis.grpc.client.GrpcClientProtocolService$RequestStreamObserver.processClientRequest(GrpcClientProtocolService.java:220) ~[ratis-grpc-0.4.0-2337318-SNAPSHOT.jar:0.4.0-2337318-SNAPSHOT]
	at org.apache.ratis.grpc.client.GrpcClientProtocolService$OrderedRequestStreamObserver.processClientRequest(GrpcClientProtocolService.java:326) ~[ratis-grpc-0.4.0-2337318-SNAPSHOT.jar:0.4.0-2337318-SNAPSHOT]
	at org.apache.ratis.util.SlidingWindow$Server.processRequestsFromHead(SlidingWindow.java:429) [ratis-common-0.4.0-2337318-SNAPSHOT.jar:0.4.0-2337318-SNAPSHOT]
	at org.apache.ratis.util.SlidingWindow$Server.receivedRequest(SlidingWindow.java:421) [ratis-common-0.4.0-2337318-SNAPSHOT.jar:0.4.0-2337318-SNAPSHOT]
	at org.apache.ratis.grpc.client.GrpcClientProtocolService$OrderedRequestStreamObserver.processClientRequest(GrpcClientProtocolService.java:345) [ratis-grpc-0.4.0-2337318-SNAPSHOT.jar:0.4.0-2337318-SNAPSHOT]
	at org.apache.ratis.grpc.client.GrpcClientProtocolService$RequestStreamObserver.onNext(GrpcClientProtocolService.java:240) [ratis-grpc-0.4.0-2337318-SNAPSHOT.jar:0.4.0-2337318-SNAPSHOT]
	at org.apache.ratis.grpc.client.GrpcClientProtocolService$RequestStreamObserver.onNext(GrpcClientProtocolService.java:168) [ratis-grpc-0.4.0-2337318-SNAPSHOT.jar:0.4.0-2337318-SNAPSHOT]
	at org.apache.ratis.thirdparty.io.grpc.stub.ServerCalls$StreamingServerCallHandler$StreamingServerCallListener.onMessage(ServerCalls.java:248) [ratis-thirdparty-misc-0.2.0.jar:0.2.0]
	at org.apache.ratis.thirdparty.io.grpc.internal.ServerCallImpl$ServerStreamListenerImpl.messagesAvailable(ServerCallImpl.java:263) [ratis-thirdparty-misc-0.2.0.jar:0.2.0]
	at org.apache.ratis.thirdparty.io.grpc.internal.ServerImpl$JumpToApplicationThreadServerStreamListener$1MessagesAvailable.runInContext(ServerImpl.java:686) [ratis-thirdparty-misc-0.2.0.jar:0.2.0]
	at org.apache.ratis.thirdparty.io.grpc.internal.ContextRunnable.run(ContextRunnable.java:37) [ratis-thirdparty-misc-0.2.0.jar:0.2.0]
	at org.apache.ratis.thirdparty.io.grpc.internal.SerializingExecutor.run(SerializingExecutor.java:123) [ratis-thirdparty-misc-0.2.0.jar:0.2.0]
	at java.util.concurrent.ThreadPoolExecutor.runWorker(ThreadPoolExecutor.java:1149) [?:1.8.0_212]
	at java.util.concurrent.ThreadPoolExecutor$Worker.run(ThreadPoolExecutor.java:624) [?:1.8.0_212]
	at java.lang.Thread.run(Thread.java:748) [?:1.8.0_212]
2019-09-03 19:26:28,294 [grpc-default-executor-9] INFO  client.GrpcClientProtocolClient (GrpcClientProtocolClient.java:onNext(255)) - client-95287ED7DA23->fae74cfc-a3de-49ec-a122-0d29a4d89532: receive RaftClientReply:client-95287ED7DA23->fae74cfc-a3de-49ec-a122-0d29a4d89532@group-582CB46D4500, cid=194, FAILED org.apache.ratis.protocol.StateMachineException: org.apache.hadoop.hdds.scm.container.common.helpers.ContainerNotOpenException from Server fae74cfc-a3de-49ec-a122-0d29a4d89532: Container 1 in CLOSING state, logIndex=0, commits[fae74cfc-a3de-49ec-a122-0d29a4d89532:c18, a0815a8b-861a-43d7-baa1-c508cc6e5dd8:c17, 325e8060-d055-47ec-a514-0af988bd5c40:c16]
2019-09-03 19:26:28,295 [grpc-default-executor-9] INFO  client.GrpcClientProtocolClient (GrpcClientProtocolClient.java:onNext(255)) - client-95287ED7DA23->fae74cfc-a3de-49ec-a122-0d29a4d89532: receive RaftClientReply:client-95287ED7DA23->fae74cfc-a3de-49ec-a122-0d29a4d89532@group-582CB46D4500, cid=195, FAILED org.apache.ratis.protocol.StateMachineException: org.apache.hadoop.hdds.scm.container.common.helpers.ContainerNotOpenException from Server fae74cfc-a3de-49ec-a122-0d29a4d89532: Container 1 in CLOSING state, logIndex=0, commits[fae74cfc-a3de-49ec-a122-0d29a4d89532:c18, a0815a8b-861a-43d7-baa1-c508cc6e5dd8:c17, 325e8060-d055-47ec-a514-0af988bd5c40:c16]
19:26:28.295 [grpc-default-executor-5] ERROR DNAudit - user=null | ip=null | op=PUT_BLOCK {blockData=[blockId=conID: 1 locID: 102730220728549390 bcsId: 0,size=800]} | ret=FAILURE
org.apache.hadoop.hdds.scm.container.common.helpers.ContainerNotOpenException: Container 1 in CLOSING state
	at org.apache.hadoop.ozone.container.common.impl.HddsDispatcher.validateContainerCommand(HddsDispatcher.java:408) ~[hadoop-hdds-container-service-0.5.0-SNAPSHOT.jar:?]
	at org.apache.hadoop.ozone.container.common.transport.server.ratis.ContainerStateMachine.startTransaction(ContainerStateMachine.java:310) ~[hadoop-hdds-container-service-0.5.0-SNAPSHOT.jar:?]
	at org.apache.ratis.server.impl.RaftServerImpl.submitClientRequestAsync(RaftServerImpl.java:566) ~[ratis-server-0.4.0-2337318-SNAPSHOT.jar:0.4.0-2337318-SNAPSHOT]
	at org.apache.ratis.server.impl.RaftServerProxy.lambda$submitClientRequestAsync$7(RaftServerProxy.java:333) ~[ratis-server-0.4.0-2337318-SNAPSHOT.jar:0.4.0-2337318-SNAPSHOT]
	at org.apache.ratis.server.impl.RaftServerProxy.lambda$null$5(RaftServerProxy.java:328) ~[ratis-server-0.4.0-2337318-SNAPSHOT.jar:0.4.0-2337318-SNAPSHOT]
	at org.apache.ratis.util.JavaUtils.callAsUnchecked(JavaUtils.java:109) ~[ratis-common-0.4.0-2337318-SNAPSHOT.jar:0.4.0-2337318-SNAPSHOT]
	at org.apache.ratis.server.impl.RaftServerProxy.lambda$submitRequest$6(RaftServerProxy.java:328) ~[ratis-server-0.4.0-2337318-SNAPSHOT.jar:0.4.0-2337318-SNAPSHOT]
	at java.util.concurrent.CompletableFuture.uniComposeStage(CompletableFuture.java:981) ~[?:1.8.0_212]
	at java.util.concurrent.CompletableFuture.thenCompose(CompletableFuture.java:2124) ~[?:1.8.0_212]
	at org.apache.ratis.server.impl.RaftServerProxy.submitRequest(RaftServerProxy.java:327) ~[ratis-server-0.4.0-2337318-SNAPSHOT.jar:0.4.0-2337318-SNAPSHOT]
	at org.apache.ratis.server.impl.RaftServerProxy.submitClientRequestAsync(RaftServerProxy.java:333) ~[ratis-server-0.4.0-2337318-SNAPSHOT.jar:0.4.0-2337318-SNAPSHOT]
	at org.apache.ratis.grpc.client.GrpcClientProtocolService$RequestStreamObserver.processClientRequest(GrpcClientProtocolService.java:220) ~[ratis-grpc-0.4.0-2337318-SNAPSHOT.jar:0.4.0-2337318-SNAPSHOT]
	at org.apache.ratis.grpc.client.GrpcClientProtocolService$OrderedRequestStreamObserver.processClientRequest(GrpcClientProtocolService.java:326) ~[ratis-grpc-0.4.0-2337318-SNAPSHOT.jar:0.4.0-2337318-SNAPSHOT]
	at org.apache.ratis.util.SlidingWindow$Server.processRequestsFromHead(SlidingWindow.java:429) [ratis-common-0.4.0-2337318-SNAPSHOT.jar:0.4.0-2337318-SNAPSHOT]
	at org.apache.ratis.util.SlidingWindow$Server.receivedRequest(SlidingWindow.java:421) [ratis-common-0.4.0-2337318-SNAPSHOT.jar:0.4.0-2337318-SNAPSHOT]
	at org.apache.ratis.grpc.client.GrpcClientProtocolService$OrderedRequestStreamObserver.processClientRequest(GrpcClientProtocolService.java:345) [ratis-grpc-0.4.0-2337318-SNAPSHOT.jar:0.4.0-2337318-SNAPSHOT]
	at org.apache.ratis.grpc.client.GrpcClientProtocolService$RequestStreamObserver.onNext(GrpcClientProtocolService.java:240) [ratis-grpc-0.4.0-2337318-SNAPSHOT.jar:0.4.0-2337318-SNAPSHOT]
	at org.apache.ratis.grpc.client.GrpcClientProtocolService$RequestStreamObserver.onNext(GrpcClientProtocolService.java:168) [ratis-grpc-0.4.0-2337318-SNAPSHOT.jar:0.4.0-2337318-SNAPSHOT]
	at org.apache.ratis.thirdparty.io.grpc.stub.ServerCalls$StreamingServerCallHandler$StreamingServerCallListener.onMessage(ServerCalls.java:248) [ratis-thirdparty-misc-0.2.0.jar:0.2.0]
	at org.apache.ratis.thirdparty.io.grpc.internal.ServerCallImpl$ServerStreamListenerImpl.messagesAvailable(ServerCallImpl.java:263) [ratis-thirdparty-misc-0.2.0.jar:0.2.0]
	at org.apache.ratis.thirdparty.io.grpc.internal.ServerImpl$JumpToApplicationThreadServerStreamListener$1MessagesAvailable.runInContext(ServerImpl.java:686) [ratis-thirdparty-misc-0.2.0.jar:0.2.0]
	at org.apache.ratis.thirdparty.io.grpc.internal.ContextRunnable.run(ContextRunnable.java:37) [ratis-thirdparty-misc-0.2.0.jar:0.2.0]
	at org.apache.ratis.thirdparty.io.grpc.internal.SerializingExecutor.run(SerializingExecutor.java:123) [ratis-thirdparty-misc-0.2.0.jar:0.2.0]
	at java.util.concurrent.ThreadPoolExecutor.runWorker(ThreadPoolExecutor.java:1149) [?:1.8.0_212]
	at java.util.concurrent.ThreadPoolExecutor$Worker.run(ThreadPoolExecutor.java:624) [?:1.8.0_212]
	at java.lang.Thread.run(Thread.java:748) [?:1.8.0_212]
2019-09-03 19:26:28,301 [grpc-default-executor-5] INFO  client.GrpcClientProtocolClient (GrpcClientProtocolClient.java:onNext(255)) - client-95287ED7DA23->fae74cfc-a3de-49ec-a122-0d29a4d89532: receive RaftClientReply:client-95287ED7DA23->fae74cfc-a3de-49ec-a122-0d29a4d89532@group-582CB46D4500, cid=196, FAILED org.apache.ratis.protocol.StateMachineException: org.apache.hadoop.hdds.scm.container.common.helpers.ContainerNotOpenException from Server fae74cfc-a3de-49ec-a122-0d29a4d89532: Container 1 in CLOSING state, logIndex=0, commits[fae74cfc-a3de-49ec-a122-0d29a4d89532:c18, a0815a8b-861a-43d7-baa1-c508cc6e5dd8:c17, 325e8060-d055-47ec-a514-0af988bd5c40:c16]
2019-09-03 19:26:28,343 [grpc-default-executor-5] INFO  client.GrpcClientProtocolClient (GrpcClientProtocolClient.java:onNext(255)) - client-EB2D91601E28->132c2cee-ba09-4dde-896e-8618e1396401: receive RaftClientReply:client-EB2D91601E28->132c2cee-ba09-4dde-896e-8618e1396401@group-D43D9728F9DB, cid=197, FAILED org.apache.ratis.protocol.NotLeaderException: Server 132c2cee-ba09-4dde-896e-8618e1396401 is not the leader (dd8cfd05-4000-4955-ac1a-45b85b415652:192.168.36.111:33102). Request must be sent to leader., logIndex=0, commits[132c2cee-ba09-4dde-896e-8618e1396401:c0, 842067f9-d964-4704-9fac-339bb292f0b1:c0, dd8cfd05-4000-4955-ac1a-45b85b415652:c0]
2019-09-03 19:26:28,600 [grpc-default-executor-9] INFO  client.GrpcClientProtocolClient (GrpcClientProtocolClient.java:onNext(255)) - client-EB2D91601E28->dd8cfd05-4000-4955-ac1a-45b85b415652: receive RaftClientReply:client-EB2D91601E28->dd8cfd05-4000-4955-ac1a-45b85b415652@group-D43D9728F9DB, cid=197, SUCCESS, logIndex=1, commits[dd8cfd05-4000-4955-ac1a-45b85b415652:c1, 842067f9-d964-4704-9fac-339bb292f0b1:c0, 132c2cee-ba09-4dde-896e-8618e1396401:c0]
2019-09-03 19:26:28,615 [grpc-default-executor-9] INFO  client.GrpcClientProtocolClient (GrpcClientProtocolClient.java:onNext(255)) - client-EB2D91601E28->dd8cfd05-4000-4955-ac1a-45b85b415652: receive RaftClientReply:client-EB2D91601E28->dd8cfd05-4000-4955-ac1a-45b85b415652@group-D43D9728F9DB, cid=198, SUCCESS, logIndex=3, commits[dd8cfd05-4000-4955-ac1a-45b85b415652:c4, 842067f9-d964-4704-9fac-339bb292f0b1:c2, 132c2cee-ba09-4dde-896e-8618e1396401:c1]
2019-09-03 19:26:28,654 [grpc-default-executor-9] INFO  client.GrpcClientProtocolClient (GrpcClientProtocolClient.java:onNext(255)) - client-EB2D91601E28->dd8cfd05-4000-4955-ac1a-45b85b415652: receive RaftClientReply:client-EB2D91601E28->dd8cfd05-4000-4955-ac1a-45b85b415652@group-D43D9728F9DB, cid=199, SUCCESS, logIndex=4, commits[dd8cfd05-4000-4955-ac1a-45b85b415652:c12, 842067f9-d964-4704-9fac-339bb292f0b1:c7, 132c2cee-ba09-4dde-896e-8618e1396401:c7]
2019-09-03 19:26:28,655 [grpc-default-executor-9] INFO  client.GrpcClientProtocolClient (GrpcClientProtocolClient.java:onNext(255)) - client-EB2D91601E28->dd8cfd05-4000-4955-ac1a-45b85b415652: receive RaftClientReply:client-EB2D91601E28->dd8cfd05-4000-4955-ac1a-45b85b415652@group-D43D9728F9DB, cid=200, SUCCESS, logIndex=5, commits[dd8cfd05-4000-4955-ac1a-45b85b415652:c12, 842067f9-d964-4704-9fac-339bb292f0b1:c7, 132c2cee-ba09-4dde-896e-8618e1396401:c7]
2019-09-03 19:26:28,655 [grpc-default-executor-9] INFO  client.GrpcClientProtocolClient (GrpcClientProtocolClient.java:onNext(255)) - client-EB2D91601E28->dd8cfd05-4000-4955-ac1a-45b85b415652: receive RaftClientReply:client-EB2D91601E28->dd8cfd05-4000-4955-ac1a-45b85b415652@group-D43D9728F9DB, cid=201, SUCCESS, logIndex=6, commits[dd8cfd05-4000-4955-ac1a-45b85b415652:c12, 842067f9-d964-4704-9fac-339bb292f0b1:c7, 132c2cee-ba09-4dde-896e-8618e1396401:c7]
2019-09-03 19:26:28,738 [grpc-default-executor-9] INFO  client.GrpcClientProtocolClient (GrpcClientProtocolClient.java:onNext(255)) - client-EB2D91601E28->dd8cfd05-4000-4955-ac1a-45b85b415652: receive RaftClientReply:client-EB2D91601E28->dd8cfd05-4000-4955-ac1a-45b85b415652@group-D43D9728F9DB, cid=202, SUCCESS, logIndex=7, commits[dd8cfd05-4000-4955-ac1a-45b85b415652:c12, 842067f9-d964-4704-9fac-339bb292f0b1:c7, 132c2cee-ba09-4dde-896e-8618e1396401:c7]
2019-09-03 19:26:28,749 [grpc-default-executor-10] INFO  client.GrpcClientProtocolClient (GrpcClientProtocolClient.java:onNext(255)) - client-EB2D91601E28->dd8cfd05-4000-4955-ac1a-45b85b415652: receive RaftClientReply:client-EB2D91601E28->dd8cfd05-4000-4955-ac1a-45b85b415652@group-D43D9728F9DB, cid=203, SUCCESS, logIndex=13, commits[dd8cfd05-4000-4955-ac1a-45b85b415652:c14, 842067f9-d964-4704-9fac-339bb292f0b1:c12, 132c2cee-ba09-4dde-896e-8618e1396401:c7]
2019-09-03 19:26:28,750 [grpc-default-executor-10] INFO  client.GrpcClientProtocolClient (GrpcClientProtocolClient.java:onNext(255)) - client-EB2D91601E28->dd8cfd05-4000-4955-ac1a-45b85b415652: receive RaftClientReply:client-EB2D91601E28->dd8cfd05-4000-4955-ac1a-45b85b415652@group-D43D9728F9DB, cid=204, SUCCESS, logIndex=14, commits[dd8cfd05-4000-4955-ac1a-45b85b415652:c14, 842067f9-d964-4704-9fac-339bb292f0b1:c12, 132c2cee-ba09-4dde-896e-8618e1396401:c12]
2019-09-03 19:26:28,768 [grpc-default-executor-10] INFO  client.GrpcClientProtocolClient (GrpcClientProtocolClient.java:onNext(255)) - client-EB2D91601E28->dd8cfd05-4000-4955-ac1a-45b85b415652: receive RaftClientReply:client-EB2D91601E28->dd8cfd05-4000-4955-ac1a-45b85b415652@group-D43D9728F9DB, cid=205, SUCCESS, logIndex=0, commits[dd8cfd05-4000-4955-ac1a-45b85b415652:c16, 842067f9-d964-4704-9fac-339bb292f0b1:c14, 132c2cee-ba09-4dde-896e-8618e1396401:c14]
2019-09-03 19:26:28,769 [main] INFO  ozone.MiniOzoneClusterImpl (MiniOzoneClusterImpl.java:shutdown(307)) - Shutting down the Mini Ozone Cluster
2019-09-03 19:26:28,769 [main] INFO  ozone.MiniOzoneClusterImpl (MiniOzoneClusterImpl.java:stop(322)) - Stopping the Mini Ozone Cluster
2019-09-03 19:26:28,769 [main] INFO  ozone.MiniOzoneClusterImpl (MiniOzoneClusterImpl.java:stop(324)) - Stopping the OzoneManager
2019-09-03 19:26:28,769 [main] INFO  ipc.Server (Server.java:stop(3082)) - Stopping server on 41364
2019-09-03 19:26:28,780 [IPC Server listener on 41364] INFO  ipc.Server (Server.java:run(1185)) - Stopping IPC Server listener on 41364
2019-09-03 19:26:28,788 [main] INFO  ratis.OzoneManagerDoubleBuffer (OzoneManagerDoubleBuffer.java:stop(248)) - Stopping OMDoubleBuffer flush thread
2019-09-03 19:26:28,788 [IPC Server Responder] INFO  ipc.Server (Server.java:run(1319)) - Stopping IPC Server Responder
2019-09-03 19:26:28,791 [OMDoubleBufferFlushThread] INFO  ratis.OzoneManagerDoubleBuffer (OzoneManagerDoubleBuffer.java:flushTransactions(191)) - OMDoubleBuffer flush thread OMDoubleBufferFlushThread is interrupted and will exit. OMDoubleBufferFlushThread
2019-09-03 19:26:28,791 [main] INFO  utils.BackgroundService (BackgroundService.java:shutdown(148)) - Shutting down service KeyDeletingService
2019-09-03 19:26:28,793 [main] INFO  handler.ContextHandler (ContextHandler.java:doStop(910)) - Stopped o.e.j.w.WebAppContext@5cfed0ba{/,null,UNAVAILABLE}{/ozoneManager}
2019-09-03 19:26:28,794 [main] INFO  server.AbstractConnector (AbstractConnector.java:doStop(318)) - Stopped ServerConnector@5c8d58ed{HTTP/1.1,[http/1.1]}{0.0.0.0:0}
2019-09-03 19:26:28,794 [main] INFO  handler.ContextHandler (ContextHandler.java:doStop(910)) - Stopped o.e.j.s.ServletContextHandler@62cbc478{/static,file:///workdir/hadoop-ozone/integration-test/target/test-classes/webapps/static,UNAVAILABLE}
2019-09-03 19:26:28,795 [main] INFO  handler.ContextHandler (ContextHandler.java:doStop(910)) - Stopped o.e.j.s.ServletContextHandler@119290b9{/logs,file:///workdir/hadoop-ozone/integration-test/target/log,UNAVAILABLE}
2019-09-03 19:26:28,797 [main] INFO  ozone.MiniOzoneClusterImpl (MiniOzoneClusterImpl.java:stop(330)) - Shutting the HddsDatanodes
2019-09-03 19:26:29,448 [Datanode State Machine Thread - 0] INFO  statemachine.DatanodeStateMachine (DatanodeStateMachine.java:lambda$startDaemon$0(350)) - Ozone container server started.
2019-09-03 19:26:29,660 [Datanode State Machine Thread - 0] INFO  statemachine.DatanodeStateMachine (DatanodeStateMachine.java:lambda$startDaemon$0(350)) - Ozone container server started.
2019-09-03 19:26:30,218 [grpc-default-executor-10] WARN  server.GrpcLogAppender (LogUtils.java:warn(134)) - fae74cfc-a3de-49ec-a122-0d29a4d89532->325e8060-d055-47ec-a514-0af988bd5c40: Failed appendEntries: org.apache.ratis.thirdparty.io.grpc.StatusRuntimeException: UNAVAILABLE: io exception
2019-09-03 19:26:30,219 [grpc-default-executor-10] INFO  impl.FollowerInfo (FollowerInfo.java:lambda$new$0(50)) - fae74cfc-a3de-49ec-a122-0d29a4d89532->325e8060-d055-47ec-a514-0af988bd5c40: nextIndex: updateUnconditionally 1 -> 0
2019-09-03 19:26:32,719 [grpc-default-executor-9] WARN  server.GrpcLogAppender (LogUtils.java:warn(134)) - fae74cfc-a3de-49ec-a122-0d29a4d89532->325e8060-d055-47ec-a514-0af988bd5c40: Failed appendEntries: org.apache.ratis.thirdparty.io.grpc.StatusRuntimeException: UNAVAILABLE: io exception
2019-09-03 19:26:32,719 [grpc-default-executor-9] INFO  impl.FollowerInfo (FollowerInfo.java:lambda$new$0(50)) - fae74cfc-a3de-49ec-a122-0d29a4d89532->325e8060-d055-47ec-a514-0af988bd5c40: nextIndex: updateUnconditionally 0 -> 0
2019-09-03 19:26:33,483 [EventQueue-StaleNodeForStaleNodeHandler] INFO  node.StaleNodeHandler (StaleNodeHandler.java:onMessage(58)) - Datanode 842067f9-d964-4704-9fac-339bb292f0b1{ip: 192.168.36.111, host: pr-hdds-1200-xgh2h-450883189, networkLocation: /default-rack, certSerialId: null} moved to stale state. Finalizing its pipelines [PipelineID=f7baeb13-b13b-455c-af96-5d8d6d73fb02, PipelineID=0f28de98-0573-4103-9eab-d43d9728f9db]
2019-09-03 19:26:33,483 [EventQueue-StaleNodeForStaleNodeHandler] INFO  pipeline.SCMPipelineManager (SCMPipelineManager.java:finalizeAndDestroyPipeline(311)) - destroying pipeline:Pipeline[ Id: f7baeb13-b13b-455c-af96-5d8d6d73fb02, Nodes: 842067f9-d964-4704-9fac-339bb292f0b1{ip: 192.168.36.111, host: pr-hdds-1200-xgh2h-450883189, networkLocation: /default-rack, certSerialId: null}, Type:RATIS, Factor:ONE, State:OPEN]
2019-09-03 19:26:33,483 [EventQueue-StaleNodeForStaleNodeHandler] INFO  pipeline.PipelineStateManager (PipelineStateManager.java:finalizePipeline(123)) - Pipeline Pipeline[ Id: f7baeb13-b13b-455c-af96-5d8d6d73fb02, Nodes: 842067f9-d964-4704-9fac-339bb292f0b1{ip: 192.168.36.111, host: pr-hdds-1200-xgh2h-450883189, networkLocation: /default-rack, certSerialId: null}, Type:RATIS, Factor:ONE, State:CLOSED] moved to CLOSED state
2019-09-03 19:26:33,483 [EventQueue-StaleNodeForStaleNodeHandler] INFO  pipeline.SCMPipelineManager (SCMPipelineManager.java:finalizeAndDestroyPipeline(311)) - destroying pipeline:Pipeline[ Id: 0f28de98-0573-4103-9eab-d43d9728f9db, Nodes: 132c2cee-ba09-4dde-896e-8618e1396401{ip: 192.168.36.111, host: pr-hdds-1200-xgh2h-450883189, networkLocation: /default-rack, certSerialId: null}842067f9-d964-4704-9fac-339bb292f0b1{ip: 192.168.36.111, host: pr-hdds-1200-xgh2h-450883189, networkLocation: /default-rack, certSerialId: null}dd8cfd05-4000-4955-ac1a-45b85b415652{ip: 192.168.36.111, host: pr-hdds-1200-xgh2h-450883189, networkLocation: /default-rack, certSerialId: null}, Type:RATIS, Factor:THREE, State:OPEN]
2019-09-03 19:26:33,483 [EventQueue-StaleNodeForStaleNodeHandler] INFO  pipeline.PipelineStateManager (PipelineStateManager.java:finalizePipeline(123)) - Pipeline Pipeline[ Id: 0f28de98-0573-4103-9eab-d43d9728f9db, Nodes: 132c2cee-ba09-4dde-896e-8618e1396401{ip: 192.168.36.111, host: pr-hdds-1200-xgh2h-450883189, networkLocation: /default-rack, certSerialId: null}842067f9-d964-4704-9fac-339bb292f0b1{ip: 192.168.36.111, host: pr-hdds-1200-xgh2h-450883189, networkLocation: /default-rack, certSerialId: null}dd8cfd05-4000-4955-ac1a-45b85b415652{ip: 192.168.36.111, host: pr-hdds-1200-xgh2h-450883189, networkLocation: /default-rack, certSerialId: null}, Type:RATIS, Factor:THREE, State:CLOSED] moved to CLOSED state
2019-09-03 19:26:33,484 [EventQueue-CloseContainerForCloseContainerEventHandler] INFO  container.CloseContainerEventHandler (CloseContainerEventHandler.java:onMessage(61)) - Close container Event triggered for container : #2
2019-09-03 19:26:33,683 [EventQueue-StaleNodeForStaleNodeHandler] INFO  node.StaleNodeHandler (StaleNodeHandler.java:onMessage(58)) - Datanode a0815a8b-861a-43d7-baa1-c508cc6e5dd8{ip: 192.168.36.111, host: pr-hdds-1200-xgh2h-450883189, networkLocation: /default-rack, certSerialId: null} moved to stale state. Finalizing its pipelines [PipelineID=2f3fbb08-d04a-4546-a4b8-582cb46d4500, PipelineID=d8a7926e-ade3-4d16-a91b-3f0c3d9a658e]
2019-09-03 19:26:33,683 [EventQueue-StaleNodeForStaleNodeHandler] INFO  pipeline.SCMPipelineManager (SCMPipelineManager.java:finalizeAndDestroyPipeline(311)) - destroying pipeline:Pipeline[ Id: 2f3fbb08-d04a-4546-a4b8-582cb46d4500, Nodes: 325e8060-d055-47ec-a514-0af988bd5c40{ip: 192.168.36.111, host: pr-hdds-1200-xgh2h-450883189, networkLocation: /default-rack, certSerialId: null}fae74cfc-a3de-49ec-a122-0d29a4d89532{ip: 192.168.36.111, host: pr-hdds-1200-xgh2h-450883189, networkLocation: /default-rack, certSerialId: null}a0815a8b-861a-43d7-baa1-c508cc6e5dd8{ip: 192.168.36.111, host: pr-hdds-1200-xgh2h-450883189, networkLocation: /default-rack, certSerialId: null}, Type:RATIS, Factor:THREE, State:CLOSED]
2019-09-03 19:26:33,684 [EventQueue-StaleNodeForStaleNodeHandler] INFO  pipeline.SCMPipelineManager (SCMPipelineManager.java:finalizeAndDestroyPipeline(311)) - destroying pipeline:Pipeline[ Id: d8a7926e-ade3-4d16-a91b-3f0c3d9a658e, Nodes: a0815a8b-861a-43d7-baa1-c508cc6e5dd8{ip: 192.168.36.111, host: pr-hdds-1200-xgh2h-450883189, networkLocation: /default-rack, certSerialId: null}, Type:RATIS, Factor:ONE, State:OPEN]
2019-09-03 19:26:33,684 [EventQueue-StaleNodeForStaleNodeHandler] INFO  pipeline.PipelineStateManager (PipelineStateManager.java:finalizePipeline(123)) - Pipeline Pipeline[ Id: d8a7926e-ade3-4d16-a91b-3f0c3d9a658e, Nodes: a0815a8b-861a-43d7-baa1-c508cc6e5dd8{ip: 192.168.36.111, host: pr-hdds-1200-xgh2h-450883189, networkLocation: /default-rack, certSerialId: null}, Type:RATIS, Factor:ONE, State:CLOSED] moved to CLOSED state
2019-09-03 19:26:33,798 [ForkJoinPool.commonPool-worker-0] INFO  ozoneimpl.OzoneContainer (OzoneContainer.java:stop(230)) - Attempting to stop container services.
2019-09-03 19:26:33,798 [main] INFO  ozoneimpl.OzoneContainer (OzoneContainer.java:stop(230)) - Attempting to stop container services.
2019-09-03 19:26:33,799 [ForkJoinPool.commonPool-worker-0] INFO  impl.RaftServerProxy (RaftServerProxy.java:lambda$close$4(314)) - a0815a8b-861a-43d7-baa1-c508cc6e5dd8: close
2019-09-03 19:26:33,799 [main] INFO  impl.RaftServerProxy (RaftServerProxy.java:lambda$close$4(314)) - 842067f9-d964-4704-9fac-339bb292f0b1: close
2019-09-03 19:26:33,799 [ForkJoinPool.commonPool-worker-0] INFO  impl.RaftServerImpl (RaftServerImpl.java:lambda$shutdown$3(245)) - a0815a8b-861a-43d7-baa1-c508cc6e5dd8: shutdown group-582CB46D4500
2019-09-03 19:26:33,799 [main] INFO  impl.RaftServerImpl (RaftServerImpl.java:lambda$shutdown$3(245)) - 842067f9-d964-4704-9fac-339bb292f0b1: shutdown group-5D8D6D73FB02
2019-09-03 19:26:33,800 [ForkJoinPool.commonPool-worker-0] INFO  util.JmxRegister (JmxRegister.java:unregister(73)) - Successfully un-registered JMX Bean with object name Ratis:service=RaftServer,group=group-582CB46D4500,id=a0815a8b-861a-43d7-baa1-c508cc6e5dd8
2019-09-03 19:26:33,800 [main] INFO  util.JmxRegister (JmxRegister.java:unregister(73)) - Successfully un-registered JMX Bean with object name Ratis:service=RaftServer,group=group-5D8D6D73FB02,id=842067f9-d964-4704-9fac-339bb292f0b1
2019-09-03 19:26:33,800 [ForkJoinPool.commonPool-worker-0] INFO  impl.RoleInfo (RoleInfo.java:shutdownFollowerState(121)) - a0815a8b-861a-43d7-baa1-c508cc6e5dd8: shutdown FollowerState
2019-09-03 19:26:33,801 [main] INFO  impl.RoleInfo (RoleInfo.java:shutdownLeaderState(104)) - 842067f9-d964-4704-9fac-339bb292f0b1: shutdown LeaderState
2019-09-03 19:26:33,801 [Thread-3755] INFO  impl.FollowerState (FollowerState.java:run(114)) - a0815a8b-861a-43d7-baa1-c508cc6e5dd8: FollowerState was interrupted: java.lang.InterruptedException: sleep interrupted
2019-09-03 19:26:33,801 [StateMachineUpdater:a0815a8b-861a-43d7-baa1-c508cc6e5dd8:group-582CB46D4500] INFO  ratis.ContainerStateMachine (ContainerStateMachine.java:takeSnapshot(284)) - group-582CB46D4500: Taking a snapshot at:(t:1, i:14) file /workdir/hadoop-ozone/integration-test/target/test-dir/MiniOzoneClusterImpl-02951a51-9d93-4f48-8a2f-9f437eec0b3a/datanode-2/data/ratis/2f3fbb08-d04a-4546-a4b8-582cb46d4500/sm/snapshot.1_14
2019-09-03 19:26:33,801 [ForkJoinPool.commonPool-worker-0] INFO  impl.StateMachineUpdater (StateMachineUpdater.java:stopAndJoin(115)) - StateMachineUpdater:a0815a8b-861a-43d7-baa1-c508cc6e5dd8:group-582CB46D4500: set stopIndex = 18
2019-09-03 19:26:33,801 [main] INFO  impl.PendingRequests (PendingRequests.java:sendNotLeaderResponses(202)) - 842067f9-d964-4704-9fac-339bb292f0b1-PendingRequests: sendNotLeaderResponses
2019-09-03 19:26:33,805 [main] INFO  impl.StateMachineUpdater (StateMachineUpdater.java:stopAndJoin(115)) - StateMachineUpdater:842067f9-d964-4704-9fac-339bb292f0b1:group-5D8D6D73FB02: set stopIndex = 0
2019-09-03 19:26:33,806 [main] INFO  impl.RaftServerImpl (ServerState.java:close(394)) - 842067f9-d964-4704-9fac-339bb292f0b1:group-5D8D6D73FB02 closes. The last applied log index is 0
2019-09-03 19:26:33,807 [842067f9-d964-4704-9fac-339bb292f0b1-SegmentedRaftLogWorker:Storage Directory /workdir/hadoop-ozone/integration-test/target/test-dir/MiniOzoneClusterImpl-02951a51-9d93-4f48-8a2f-9f437eec0b3a/datanode-4/data/ratis/f7baeb13-b13b-455c-af96-5d8d6d73fb02] INFO  segmented.SegmentedRaftLogWorker (SegmentedRaftLogWorker.java:run(313)) - 842067f9-d964-4704-9fac-339bb292f0b1-SegmentedRaftLogWorker:Storage Directory /workdir/hadoop-ozone/integration-test/target/test-dir/MiniOzoneClusterImpl-02951a51-9d93-4f48-8a2f-9f437eec0b3a/datanode-4/data/ratis/f7baeb13-b13b-455c-af96-5d8d6d73fb02 was interrupted, exiting. There are 0 tasks remaining in the queue.
2019-09-03 19:26:33,825 [main] INFO  segmented.SegmentedRaftLogWorker (SegmentedRaftLogWorker.java:close(228)) - 842067f9-d964-4704-9fac-339bb292f0b1-SegmentedRaftLogWorker:Storage Directory /workdir/hadoop-ozone/integration-test/target/test-dir/MiniOzoneClusterImpl-02951a51-9d93-4f48-8a2f-9f437eec0b3a/datanode-4/data/ratis/f7baeb13-b13b-455c-af96-5d8d6d73fb02 close()
2019-09-03 19:26:33,829 [StateMachineUpdater:a0815a8b-861a-43d7-baa1-c508cc6e5dd8:group-582CB46D4500] INFO  ratis.ContainerStateMachine (ContainerStateMachine.java:takeSnapshot(295)) - group-582CB46D4500: Finished taking a snapshot at:(t:1, i:14) file:/workdir/hadoop-ozone/integration-test/target/test-dir/MiniOzoneClusterImpl-02951a51-9d93-4f48-8a2f-9f437eec0b3a/datanode-2/data/ratis/2f3fbb08-d04a-4546-a4b8-582cb46d4500/sm/snapshot.1_14 time:27
2019-09-03 19:26:33,829 [main] INFO  impl.RaftServerImpl (RaftServerImpl.java:lambda$shutdown$3(245)) - 842067f9-d964-4704-9fac-339bb292f0b1: shutdown group-D43D9728F9DB
2019-09-03 19:26:33,830 [StateMachineUpdater:a0815a8b-861a-43d7-baa1-c508cc6e5dd8:group-582CB46D4500] INFO  impl.StateMachineUpdater (StateMachineUpdater.java:takeSnapshot(242)) - StateMachineUpdater:a0815a8b-861a-43d7-baa1-c508cc6e5dd8:group-582CB46D4500: Took a snapshot at index 14
2019-09-03 19:26:33,830 [main] INFO  util.JmxRegister (JmxRegister.java:unregister(73)) - Successfully un-registered JMX Bean with object name Ratis:service=RaftServer,group=group-D43D9728F9DB,id=842067f9-d964-4704-9fac-339bb292f0b1
2019-09-03 19:26:33,831 [main] INFO  impl.RoleInfo (RoleInfo.java:shutdownFollowerState(121)) - 842067f9-d964-4704-9fac-339bb292f0b1: shutdown FollowerState
2019-09-03 19:26:33,830 [StateMachineUpdater:a0815a8b-861a-43d7-baa1-c508cc6e5dd8:group-582CB46D4500] INFO  impl.StateMachineUpdater (StateMachineUpdater.java:lambda$new$0(80)) - StateMachineUpdater:a0815a8b-861a-43d7-baa1-c508cc6e5dd8:group-582CB46D4500: snapshotIndex: updateIncreasingly -1 -> 14
2019-09-03 19:26:33,831 [StateMachineUpdater:842067f9-d964-4704-9fac-339bb292f0b1:group-D43D9728F9DB] INFO  ratis.ContainerStateMachine (ContainerStateMachine.java:takeSnapshot(284)) - group-D43D9728F9DB: Taking a snapshot at:(t:1, i:14) file /workdir/hadoop-ozone/integration-test/target/test-dir/MiniOzoneClusterImpl-02951a51-9d93-4f48-8a2f-9f437eec0b3a/datanode-4/data/ratis/0f28de98-0573-4103-9eab-d43d9728f9db/sm/snapshot.1_14
2019-09-03 19:26:33,831 [main] INFO  impl.StateMachineUpdater (StateMachineUpdater.java:stopAndJoin(115)) - StateMachineUpdater:842067f9-d964-4704-9fac-339bb292f0b1:group-D43D9728F9DB: set stopIndex = 16
2019-09-03 19:26:33,831 [ForkJoinPool.commonPool-worker-0] INFO  impl.RaftServerImpl (ServerState.java:close(394)) - a0815a8b-861a-43d7-baa1-c508cc6e5dd8:group-582CB46D4500 closes. The last applied log index is 18
2019-09-03 19:26:33,831 [Thread-3648] INFO  impl.FollowerState (FollowerState.java:run(114)) - 842067f9-d964-4704-9fac-339bb292f0b1: FollowerState was interrupted: java.lang.InterruptedException: sleep interrupted
2019-09-03 19:26:33,832 [a0815a8b-861a-43d7-baa1-c508cc6e5dd8-SegmentedRaftLogWorker:Storage Directory /workdir/hadoop-ozone/integration-test/target/test-dir/MiniOzoneClusterImpl-02951a51-9d93-4f48-8a2f-9f437eec0b3a/datanode-2/data/ratis/2f3fbb08-d04a-4546-a4b8-582cb46d4500] INFO  segmented.SegmentedRaftLogWorker (SegmentedRaftLogWorker.java:run(313)) - a0815a8b-861a-43d7-baa1-c508cc6e5dd8-SegmentedRaftLogWorker:Storage Directory /workdir/hadoop-ozone/integration-test/target/test-dir/MiniOzoneClusterImpl-02951a51-9d93-4f48-8a2f-9f437eec0b3a/datanode-2/data/ratis/2f3fbb08-d04a-4546-a4b8-582cb46d4500 was interrupted, exiting. There are 0 tasks remaining in the queue.
2019-09-03 19:26:33,836 [StateMachineUpdater:842067f9-d964-4704-9fac-339bb292f0b1:group-D43D9728F9DB] INFO  ratis.ContainerStateMachine (ContainerStateMachine.java:takeSnapshot(295)) - group-D43D9728F9DB: Finished taking a snapshot at:(t:1, i:14) file:/workdir/hadoop-ozone/integration-test/target/test-dir/MiniOzoneClusterImpl-02951a51-9d93-4f48-8a2f-9f437eec0b3a/datanode-4/data/ratis/0f28de98-0573-4103-9eab-d43d9728f9db/sm/snapshot.1_14 time:6
2019-09-03 19:26:33,837 [ForkJoinPool.commonPool-worker-0] INFO  segmented.SegmentedRaftLogWorker (SegmentedRaftLogWorker.java:close(228)) - a0815a8b-861a-43d7-baa1-c508cc6e5dd8-SegmentedRaftLogWorker:Storage Directory /workdir/hadoop-ozone/integration-test/target/test-dir/MiniOzoneClusterImpl-02951a51-9d93-4f48-8a2f-9f437eec0b3a/datanode-2/data/ratis/2f3fbb08-d04a-4546-a4b8-582cb46d4500 close()
2019-09-03 19:26:33,837 [StateMachineUpdater:842067f9-d964-4704-9fac-339bb292f0b1:group-D43D9728F9DB] INFO  impl.StateMachineUpdater (StateMachineUpdater.java:takeSnapshot(242)) - StateMachineUpdater:842067f9-d964-4704-9fac-339bb292f0b1:group-D43D9728F9DB: Took a snapshot at index 14
2019-09-03 19:26:33,841 [ForkJoinPool.commonPool-worker-0] INFO  impl.RaftServerImpl (RaftServerImpl.java:lambda$shutdown$3(245)) - a0815a8b-861a-43d7-baa1-c508cc6e5dd8: shutdown group-3F0C3D9A658E
2019-09-03 19:26:33,841 [StateMachineUpdater:842067f9-d964-4704-9fac-339bb292f0b1:group-D43D9728F9DB] INFO  impl.StateMachineUpdater (StateMachineUpdater.java:lambda$new$0(80)) - StateMachineUpdater:842067f9-d964-4704-9fac-339bb292f0b1:group-D43D9728F9DB: snapshotIndex: updateIncreasingly -1 -> 14
2019-09-03 19:26:33,841 [ForkJoinPool.commonPool-worker-0] INFO  util.JmxRegister (JmxRegister.java:unregister(73)) - Successfully un-registered JMX Bean with object name Ratis:service=RaftServer,group=group-3F0C3D9A658E,id=a0815a8b-861a-43d7-baa1-c508cc6e5dd8
2019-09-03 19:26:33,841 [main] INFO  impl.RaftServerImpl (ServerState.java:close(394)) - 842067f9-d964-4704-9fac-339bb292f0b1:group-D43D9728F9DB closes. The last applied log index is 16
2019-09-03 19:26:33,842 [ForkJoinPool.commonPool-worker-0] INFO  impl.RoleInfo (RoleInfo.java:shutdownLeaderState(104)) - a0815a8b-861a-43d7-baa1-c508cc6e5dd8: shutdown LeaderState
2019-09-03 19:26:33,842 [842067f9-d964-4704-9fac-339bb292f0b1-SegmentedRaftLogWorker:Storage Directory /workdir/hadoop-ozone/integration-test/target/test-dir/MiniOzoneClusterImpl-02951a51-9d93-4f48-8a2f-9f437eec0b3a/datanode-4/data/ratis/0f28de98-0573-4103-9eab-d43d9728f9db] INFO  segmented.SegmentedRaftLogWorker (SegmentedRaftLogWorker.java:run(313)) - 842067f9-d964-4704-9fac-339bb292f0b1-SegmentedRaftLogWorker:Storage Directory /workdir/hadoop-ozone/integration-test/target/test-dir/MiniOzoneClusterImpl-02951a51-9d93-4f48-8a2f-9f437eec0b3a/datanode-4/data/ratis/0f28de98-0573-4103-9eab-d43d9728f9db was interrupted, exiting. There are 0 tasks remaining in the queue.
2019-09-03 19:26:33,843 [ForkJoinPool.commonPool-worker-0] INFO  impl.PendingRequests (PendingRequests.java:sendNotLeaderResponses(202)) - a0815a8b-861a-43d7-baa1-c508cc6e5dd8-PendingRequests: sendNotLeaderResponses
2019-09-03 19:26:33,845 [main] INFO  segmented.SegmentedRaftLogWorker (SegmentedRaftLogWorker.java:close(228)) - 842067f9-d964-4704-9fac-339bb292f0b1-SegmentedRaftLogWorker:Storage Directory /workdir/hadoop-ozone/integration-test/target/test-dir/MiniOzoneClusterImpl-02951a51-9d93-4f48-8a2f-9f437eec0b3a/datanode-4/data/ratis/0f28de98-0573-4103-9eab-d43d9728f9db close()
2019-09-03 19:26:33,845 [ForkJoinPool.commonPool-worker-0] INFO  impl.StateMachineUpdater (StateMachineUpdater.java:stopAndJoin(115)) - StateMachineUpdater:a0815a8b-861a-43d7-baa1-c508cc6e5dd8:group-3F0C3D9A658E: set stopIndex = 0
2019-09-03 19:26:33,849 [main] INFO  server.GrpcService (GrpcService.java:closeImpl(155)) - 842067f9-d964-4704-9fac-339bb292f0b1: shutdown server with port 44903 now
2019-09-03 19:26:33,850 [ForkJoinPool.commonPool-worker-0] INFO  impl.RaftServerImpl (ServerState.java:close(394)) - a0815a8b-861a-43d7-baa1-c508cc6e5dd8:group-3F0C3D9A658E closes. The last applied log index is 0
2019-09-03 19:26:33,851 [a0815a8b-861a-43d7-baa1-c508cc6e5dd8-SegmentedRaftLogWorker:Storage Directory /workdir/hadoop-ozone/integration-test/target/test-dir/MiniOzoneClusterImpl-02951a51-9d93-4f48-8a2f-9f437eec0b3a/datanode-2/data/ratis/d8a7926e-ade3-4d16-a91b-3f0c3d9a658e] INFO  segmented.SegmentedRaftLogWorker (SegmentedRaftLogWorker.java:run(313)) - a0815a8b-861a-43d7-baa1-c508cc6e5dd8-SegmentedRaftLogWorker:Storage Directory /workdir/hadoop-ozone/integration-test/target/test-dir/MiniOzoneClusterImpl-02951a51-9d93-4f48-8a2f-9f437eec0b3a/datanode-2/data/ratis/d8a7926e-ade3-4d16-a91b-3f0c3d9a658e was interrupted, exiting. There are 0 tasks remaining in the queue.
2019-09-03 19:26:33,851 [grpc-default-executor-9] WARN  server.GrpcServerProtocolService (LogUtils.java:warn(134)) - 842067f9-d964-4704-9fac-339bb292f0b1: appendEntries onError: org.apache.ratis.thirdparty.io.grpc.StatusRuntimeException: CANCELLED: cancelled before receiving half close
2019-09-03 19:26:33,853 [ForkJoinPool.commonPool-worker-0] INFO  segmented.SegmentedRaftLogWorker (SegmentedRaftLogWorker.java:close(228)) - a0815a8b-861a-43d7-baa1-c508cc6e5dd8-SegmentedRaftLogWorker:Storage Directory /workdir/hadoop-ozone/integration-test/target/test-dir/MiniOzoneClusterImpl-02951a51-9d93-4f48-8a2f-9f437eec0b3a/datanode-2/data/ratis/d8a7926e-ade3-4d16-a91b-3f0c3d9a658e close()
2019-09-03 19:26:33,853 [main] INFO  server.GrpcService (GrpcService.java:closeImpl(163)) - 842067f9-d964-4704-9fac-339bb292f0b1: shutdown server with port 44903 successfully
2019-09-03 19:26:33,853 [grpc-default-executor-10] WARN  server.GrpcLogAppender (LogUtils.java:warn(134)) - dd8cfd05-4000-4955-ac1a-45b85b415652->842067f9-d964-4704-9fac-339bb292f0b1: Failed appendEntries: org.apache.ratis.thirdparty.io.grpc.StatusRuntimeException: CANCELLED: HTTP/2 error code: CANCEL
Received Rst Stream
2019-09-03 19:26:33,857 [ForkJoinPool.commonPool-worker-0] INFO  server.GrpcService (GrpcService.java:closeImpl(155)) - a0815a8b-861a-43d7-baa1-c508cc6e5dd8: shutdown server with port 41600 now
2019-09-03 19:26:33,858 [grpc-default-executor-10] INFO  impl.FollowerInfo (FollowerInfo.java:lambda$new$0(50)) - dd8cfd05-4000-4955-ac1a-45b85b415652->842067f9-d964-4704-9fac-339bb292f0b1: nextIndex: updateUnconditionally 17 -> 16
2019-09-03 19:26:33,858 [grpc-default-executor-9] WARN  server.GrpcServerProtocolService (LogUtils.java:warn(134)) - a0815a8b-861a-43d7-baa1-c508cc6e5dd8: appendEntries onError: org.apache.ratis.thirdparty.io.grpc.StatusRuntimeException: CANCELLED: cancelled before receiving half close
2019-09-03 19:26:33,859 [ForkJoinPool.commonPool-worker-0] INFO  server.GrpcService (GrpcService.java:closeImpl(163)) - a0815a8b-861a-43d7-baa1-c508cc6e5dd8: shutdown server with port 41600 successfully
2019-09-03 19:26:33,859 [grpc-default-executor-10] WARN  server.GrpcLogAppender (LogUtils.java:warn(134)) - fae74cfc-a3de-49ec-a122-0d29a4d89532->a0815a8b-861a-43d7-baa1-c508cc6e5dd8: Failed appendEntries: org.apache.ratis.thirdparty.io.grpc.StatusRuntimeException: CANCELLED: HTTP/2 error code: CANCEL
Received Rst Stream
2019-09-03 19:26:33,859 [grpc-default-executor-10] INFO  impl.FollowerInfo (FollowerInfo.java:lambda$new$0(50)) - fae74cfc-a3de-49ec-a122-0d29a4d89532->a0815a8b-861a-43d7-baa1-c508cc6e5dd8: nextIndex: updateUnconditionally 19 -> 18
2019-09-03 19:26:33,860 [refreshUsed-/workdir/hadoop-ozone/integration-test/target/test-dir/MiniOzoneClusterImpl-02951a51-9d93-4f48-8a2f-9f437eec0b3a/datanode-4/data/containers] WARN  fs.CachingGetSpaceUsed (CachingGetSpaceUsed.java:run(183)) - Thread Interrupted waiting to refresh disk information: sleep interrupted
2019-09-03 19:26:33,862 [refreshUsed-/workdir/hadoop-ozone/integration-test/target/test-dir/MiniOzoneClusterImpl-02951a51-9d93-4f48-8a2f-9f437eec0b3a/datanode-2/data/containers] WARN  fs.CachingGetSpaceUsed (CachingGetSpaceUsed.java:run(183)) - Thread Interrupted waiting to refresh disk information: sleep interrupted
2019-09-03 19:26:33,881 [main] INFO  utils.BackgroundService (BackgroundService.java:shutdown(148)) - Shutting down service BlockDeletingService
2019-09-03 19:26:33,887 [main] INFO  statemachine.DatanodeStateMachine (DatanodeStateMachine.java:stopDaemon(395)) - Ozone container server stopped.
2019-09-03 19:26:33,888 [main] INFO  handler.ContextHandler (ContextHandler.java:doStop(910)) - Stopped o.e.j.w.WebAppContext@c568f91{/,null,UNAVAILABLE}{/hddsDatanode}
2019-09-03 19:26:33,889 [main] INFO  server.AbstractConnector (AbstractConnector.java:doStop(318)) - Stopped ServerConnector@5fd43e58{HTTP/1.1,[http/1.1]}{0.0.0.0:0}
2019-09-03 19:26:33,889 [main] INFO  handler.ContextHandler (ContextHandler.java:doStop(910)) - Stopped o.e.j.s.ServletContextHandler@70b48eb3{/static,jar:file:/home/user/.m2/repository/org/apache/hadoop/hadoop-hdds-container-service/0.5.0-SNAPSHOT/hadoop-hdds-container-service-0.5.0-SNAPSHOT.jar!/webapps/static,UNAVAILABLE}
2019-09-03 19:26:33,890 [main] INFO  handler.ContextHandler (ContextHandler.java:doStop(910)) - Stopped o.e.j.s.ServletContextHandler@7b6141f0{/logs,file:///workdir/hadoop-ozone/integration-test/target/log,UNAVAILABLE}
2019-09-03 19:26:33,892 [ForkJoinPool.commonPool-worker-0] INFO  utils.BackgroundService (BackgroundService.java:shutdown(148)) - Shutting down service BlockDeletingService
2019-09-03 19:26:33,897 [ForkJoinPool.commonPool-worker-0] INFO  statemachine.DatanodeStateMachine (DatanodeStateMachine.java:stopDaemon(395)) - Ozone container server stopped.
2019-09-03 19:26:33,903 [ForkJoinPool.commonPool-worker-0] INFO  handler.ContextHandler (ContextHandler.java:doStop(910)) - Stopped o.e.j.w.WebAppContext@5d1bdd4a{/,null,UNAVAILABLE}{/hddsDatanode}
2019-09-03 19:26:33,904 [ForkJoinPool.commonPool-worker-0] INFO  server.AbstractConnector (AbstractConnector.java:doStop(318)) - Stopped ServerConnector@6812c8cc{HTTP/1.1,[http/1.1]}{0.0.0.0:0}
2019-09-03 19:26:33,905 [ForkJoinPool.commonPool-worker-0] INFO  handler.ContextHandler (ContextHandler.java:doStop(910)) - Stopped o.e.j.s.ServletContextHandler@4602f874{/static,jar:file:/home/user/.m2/repository/org/apache/hadoop/hadoop-hdds-container-service/0.5.0-SNAPSHOT/hadoop-hdds-container-service-0.5.0-SNAPSHOT.jar!/webapps/static,UNAVAILABLE}
2019-09-03 19:26:33,907 [ForkJoinPool.commonPool-worker-0] INFO  handler.ContextHandler (ContextHandler.java:doStop(910)) - Stopped o.e.j.s.ServletContextHandler@7d37ee0c{/logs,file:///workdir/hadoop-ozone/integration-test/target/log,UNAVAILABLE}
2019-09-03 19:26:34,449 [Datanode State Machine Thread - 0] INFO  statemachine.DatanodeStateMachine (DatanodeStateMachine.java:lambda$startDaemon$0(350)) - Ozone container server started.
2019-09-03 19:26:34,660 [Datanode State Machine Thread - 0] INFO  statemachine.DatanodeStateMachine (DatanodeStateMachine.java:lambda$startDaemon$0(350)) - Ozone container server started.
2019-09-03 19:26:35,220 [grpc-default-executor-5] WARN  server.GrpcLogAppender (LogUtils.java:warn(134)) - fae74cfc-a3de-49ec-a122-0d29a4d89532->a0815a8b-861a-43d7-baa1-c508cc6e5dd8: Failed appendEntries: org.apache.ratis.thirdparty.io.grpc.StatusRuntimeException: UNAVAILABLE: io exception
2019-09-03 19:26:35,220 [grpc-default-executor-10] WARN  server.GrpcLogAppender (LogUtils.java:warn(134)) - fae74cfc-a3de-49ec-a122-0d29a4d89532->325e8060-d055-47ec-a514-0af988bd5c40: Failed appendEntries: org.apache.ratis.thirdparty.io.grpc.StatusRuntimeException: UNAVAILABLE: io exception
2019-09-03 19:26:35,220 [grpc-default-executor-5] INFO  impl.FollowerInfo (FollowerInfo.java:lambda$new$0(50)) - fae74cfc-a3de-49ec-a122-0d29a4d89532->a0815a8b-861a-43d7-baa1-c508cc6e5dd8: nextIndex: updateUnconditionally 18 -> 17
2019-09-03 19:26:35,220 [grpc-default-executor-10] INFO  impl.FollowerInfo (FollowerInfo.java:lambda$new$0(50)) - fae74cfc-a3de-49ec-a122-0d29a4d89532->325e8060-d055-47ec-a514-0af988bd5c40: nextIndex: updateUnconditionally 0 -> 0
2019-09-03 19:26:36,271 [grpc-default-executor-8] WARN  server.GrpcLogAppender (LogUtils.java:warn(134)) - dd8cfd05-4000-4955-ac1a-45b85b415652->842067f9-d964-4704-9fac-339bb292f0b1: Failed appendEntries: org.apache.ratis.thirdparty.io.grpc.StatusRuntimeException: UNAVAILABLE: io exception
2019-09-03 19:26:36,271 [grpc-default-executor-8] INFO  impl.FollowerInfo (FollowerInfo.java:lambda$new$0(50)) - dd8cfd05-4000-4955-ac1a-45b85b415652->842067f9-d964-4704-9fac-339bb292f0b1: nextIndex: updateUnconditionally 16 -> 15
2019-09-03 19:26:36,462 [grpc-default-executor-10] WARN  server.GrpcLogAppender (LogUtils.java:warn(134)) - dd8cfd05-4000-4955-ac1a-45b85b415652->842067f9-d964-4704-9fac-339bb292f0b1: Failed appendEntries: org.apache.ratis.thirdparty.io.grpc.StatusRuntimeException: UNAVAILABLE: io exception
2019-09-03 19:26:36,462 [grpc-default-executor-10] INFO  impl.FollowerInfo (FollowerInfo.java:lambda$new$0(50)) - dd8cfd05-4000-4955-ac1a-45b85b415652->842067f9-d964-4704-9fac-339bb292f0b1: nextIndex: updateUnconditionally 16 -> 15
2019-09-03 19:26:36,474 [grpc-default-executor-5] WARN  server.GrpcLogAppender (LogUtils.java:warn(134)) - dd8cfd05-4000-4955-ac1a-45b85b415652->842067f9-d964-4704-9fac-339bb292f0b1: Failed appendEntries: org.apache.ratis.thirdparty.io.grpc.StatusRuntimeException: UNAVAILABLE: io exception
2019-09-03 19:26:36,475 [grpc-default-executor-5] INFO  impl.FollowerInfo (FollowerInfo.java:lambda$new$0(50)) - dd8cfd05-4000-4955-ac1a-45b85b415652->842067f9-d964-4704-9fac-339bb292f0b1: nextIndex: updateUnconditionally 16 -> 15
2019-09-03 19:26:36,488 [RatisApplyTransactionExecutor 2] INFO  interfaces.Container (KeyValueContainer.java:flushAndSyncDB(384)) - Container 2 is synced with bcsId 14.
2019-09-03 19:26:36,488 [RatisApplyTransactionExecutor 2] INFO  interfaces.Container (KeyValueContainer.java:flushAndSyncDB(384)) - Container 2 is synced with bcsId 14.
2019-09-03 19:26:36,491 [grpc-default-executor-10] WARN  server.GrpcLogAppender (LogUtils.java:warn(134)) - dd8cfd05-4000-4955-ac1a-45b85b415652->842067f9-d964-4704-9fac-339bb292f0b1: Failed appendEntries: org.apache.ratis.thirdparty.io.grpc.StatusRuntimeException: UNAVAILABLE: io exception
2019-09-03 19:26:36,491 [grpc-default-executor-10] INFO  impl.FollowerInfo (FollowerInfo.java:lambda$new$0(50)) - dd8cfd05-4000-4955-ac1a-45b85b415652->842067f9-d964-4704-9fac-339bb292f0b1: nextIndex: updateUnconditionally 16 -> 15
2019-09-03 19:26:36,503 [EventQueue-IncrementalContainerReportForIncrementalContainerReportHandler] INFO  container.IncrementalContainerReportHandler (AbstractContainerReportHandler.java:updateContainerState(176)) - Moving container #2 to CLOSED state, datanode dd8cfd05-4000-4955-ac1a-45b85b415652{ip: 192.168.36.111, host: pr-hdds-1200-xgh2h-450883189, networkLocation: /default-rack, certSerialId: null} reported CLOSED replica.
2019-09-03 19:26:36,515 [RatisApplyTransactionExecutor 2] INFO  interfaces.Container (KeyValueContainer.java:flushAndSyncDB(384)) - Container 2 is synced with bcsId 14.
2019-09-03 19:26:36,515 [RatisApplyTransactionExecutor 2] INFO  interfaces.Container (KeyValueContainer.java:flushAndSyncDB(384)) - Container 2 is synced with bcsId 14.
2019-09-03 19:26:37,721 [grpc-default-executor-5] WARN  server.GrpcLogAppender (LogUtils.java:warn(134)) - fae74cfc-a3de-49ec-a122-0d29a4d89532->a0815a8b-861a-43d7-baa1-c508cc6e5dd8: Failed appendEntries: org.apache.ratis.thirdparty.io.grpc.StatusRuntimeException: UNAVAILABLE: io exception
2019-09-03 19:26:37,721 [grpc-default-executor-10] WARN  server.GrpcLogAppender (LogUtils.java:warn(134)) - fae74cfc-a3de-49ec-a122-0d29a4d89532->325e8060-d055-47ec-a514-0af988bd5c40: Failed appendEntries: org.apache.ratis.thirdparty.io.grpc.StatusRuntimeException: UNAVAILABLE: io exception
2019-09-03 19:26:37,721 [grpc-default-executor-5] INFO  impl.FollowerInfo (FollowerInfo.java:lambda$new$0(50)) - fae74cfc-a3de-49ec-a122-0d29a4d89532->a0815a8b-861a-43d7-baa1-c508cc6e5dd8: nextIndex: updateUnconditionally 17 -> 16
2019-09-03 19:26:37,722 [grpc-default-executor-10] INFO  impl.FollowerInfo (FollowerInfo.java:lambda$new$0(50)) - fae74cfc-a3de-49ec-a122-0d29a4d89532->325e8060-d055-47ec-a514-0af988bd5c40: nextIndex: updateUnconditionally 0 -> 0
2019-09-03 19:26:38,490 [EventQueue-StaleNodeForStaleNodeHandler] INFO  node.StaleNodeHandler (StaleNodeHandler.java:onMessage(58)) - Datanode 132c2cee-ba09-4dde-896e-8618e1396401{ip: 192.168.36.111, host: pr-hdds-1200-xgh2h-450883189, networkLocation: /default-rack, certSerialId: null} moved to stale state. Finalizing its pipelines [PipelineID=1a8f9767-83da-4434-b9c5-ddf31ed53680, PipelineID=0f28de98-0573-4103-9eab-d43d9728f9db]
2019-09-03 19:26:38,491 [EventQueue-StaleNodeForStaleNodeHandler] INFO  pipeline.SCMPipelineManager (SCMPipelineManager.java:finalizeAndDestroyPipeline(311)) - destroying pipeline:Pipeline[ Id: 1a8f9767-83da-4434-b9c5-ddf31ed53680, Nodes: 132c2cee-ba09-4dde-896e-8618e1396401{ip: 192.168.36.111, host: pr-hdds-1200-xgh2h-450883189, networkLocation: /default-rack, certSerialId: null}, Type:RATIS, Factor:ONE, State:OPEN]
2019-09-03 19:26:38,491 [EventQueue-StaleNodeForStaleNodeHandler] INFO  pipeline.PipelineStateManager (PipelineStateManager.java:finalizePipeline(123)) - Pipeline Pipeline[ Id: 1a8f9767-83da-4434-b9c5-ddf31ed53680, Nodes: 132c2cee-ba09-4dde-896e-8618e1396401{ip: 192.168.36.111, host: pr-hdds-1200-xgh2h-450883189, networkLocation: /default-rack, certSerialId: null}, Type:RATIS, Factor:ONE, State:CLOSED] moved to CLOSED state
2019-09-03 19:26:38,491 [EventQueue-StaleNodeForStaleNodeHandler] INFO  pipeline.SCMPipelineManager (SCMPipelineManager.java:finalizeAndDestroyPipeline(311)) - destroying pipeline:Pipeline[ Id: 0f28de98-0573-4103-9eab-d43d9728f9db, Nodes: 132c2cee-ba09-4dde-896e-8618e1396401{ip: 192.168.36.111, host: pr-hdds-1200-xgh2h-450883189, networkLocation: /default-rack, certSerialId: null}842067f9-d964-4704-9fac-339bb292f0b1{ip: 192.168.36.111, host: pr-hdds-1200-xgh2h-450883189, networkLocation: /default-rack, certSerialId: null}dd8cfd05-4000-4955-ac1a-45b85b415652{ip: 192.168.36.111, host: pr-hdds-1200-xgh2h-450883189, networkLocation: /default-rack, certSerialId: null}, Type:RATIS, Factor:THREE, State:CLOSED]
2019-09-03 19:26:38,691 [EventQueue-StaleNodeForStaleNodeHandler] INFO  node.StaleNodeHandler (StaleNodeHandler.java:onMessage(58)) - Datanode fae74cfc-a3de-49ec-a122-0d29a4d89532{ip: 192.168.36.111, host: pr-hdds-1200-xgh2h-450883189, networkLocation: /default-rack, certSerialId: null} moved to stale state. Finalizing its pipelines [PipelineID=2f3fbb08-d04a-4546-a4b8-582cb46d4500, PipelineID=3b993dc2-8242-4f99-b9d2-c246af215228]
2019-09-03 19:26:38,691 [EventQueue-StaleNodeForStaleNodeHandler] INFO  pipeline.SCMPipelineManager (SCMPipelineManager.java:finalizeAndDestroyPipeline(311)) - destroying pipeline:Pipeline[ Id: 2f3fbb08-d04a-4546-a4b8-582cb46d4500, Nodes: 325e8060-d055-47ec-a514-0af988bd5c40{ip: 192.168.36.111, host: pr-hdds-1200-xgh2h-450883189, networkLocation: /default-rack, certSerialId: null}fae74cfc-a3de-49ec-a122-0d29a4d89532{ip: 192.168.36.111, host: pr-hdds-1200-xgh2h-450883189, networkLocation: /default-rack, certSerialId: null}a0815a8b-861a-43d7-baa1-c508cc6e5dd8{ip: 192.168.36.111, host: pr-hdds-1200-xgh2h-450883189, networkLocation: /default-rack, certSerialId: null}, Type:RATIS, Factor:THREE, State:CLOSED]
2019-09-03 19:26:38,691 [EventQueue-StaleNodeForStaleNodeHandler] INFO  pipeline.SCMPipelineManager (SCMPipelineManager.java:finalizeAndDestroyPipeline(311)) - destroying pipeline:Pipeline[ Id: 3b993dc2-8242-4f99-b9d2-c246af215228, Nodes: fae74cfc-a3de-49ec-a122-0d29a4d89532{ip: 192.168.36.111, host: pr-hdds-1200-xgh2h-450883189, networkLocation: /default-rack, certSerialId: null}, Type:RATIS, Factor:ONE, State:OPEN]
2019-09-03 19:26:38,692 [EventQueue-StaleNodeForStaleNodeHandler] INFO  pipeline.PipelineStateManager (PipelineStateManager.java:finalizePipeline(123)) - Pipeline Pipeline[ Id: 3b993dc2-8242-4f99-b9d2-c246af215228, Nodes: fae74cfc-a3de-49ec-a122-0d29a4d89532{ip: 192.168.36.111, host: pr-hdds-1200-xgh2h-450883189, networkLocation: /default-rack, certSerialId: null}, Type:RATIS, Factor:ONE, State:CLOSED] moved to CLOSED state
2019-09-03 19:26:38,892 [main] INFO  ozoneimpl.OzoneContainer (OzoneContainer.java:stop(230)) - Attempting to stop container services.
2019-09-03 19:26:38,893 [main] INFO  impl.RaftServerProxy (RaftServerProxy.java:lambda$close$4(314)) - 132c2cee-ba09-4dde-896e-8618e1396401: close
2019-09-03 19:26:38,893 [main] INFO  impl.RaftServerImpl (RaftServerImpl.java:lambda$shutdown$3(245)) - 132c2cee-ba09-4dde-896e-8618e1396401: shutdown group-DDF31ED53680
2019-09-03 19:26:38,894 [main] INFO  util.JmxRegister (JmxRegister.java:unregister(73)) - Successfully un-registered JMX Bean with object name Ratis:service=RaftServer,group=group-DDF31ED53680,id=132c2cee-ba09-4dde-896e-8618e1396401
2019-09-03 19:26:38,894 [main] INFO  impl.RoleInfo (RoleInfo.java:shutdownLeaderState(104)) - 132c2cee-ba09-4dde-896e-8618e1396401: shutdown LeaderState
2019-09-03 19:26:38,895 [main] INFO  impl.PendingRequests (PendingRequests.java:sendNotLeaderResponses(202)) - 132c2cee-ba09-4dde-896e-8618e1396401-PendingRequests: sendNotLeaderResponses
2019-09-03 19:26:38,895 [main] INFO  impl.StateMachineUpdater (StateMachineUpdater.java:stopAndJoin(115)) - StateMachineUpdater:132c2cee-ba09-4dde-896e-8618e1396401:group-DDF31ED53680: set stopIndex = 0
2019-09-03 19:26:38,896 [main] INFO  impl.RaftServerImpl (ServerState.java:close(394)) - 132c2cee-ba09-4dde-896e-8618e1396401:group-DDF31ED53680 closes. The last applied log index is 0
2019-09-03 19:26:38,896 [132c2cee-ba09-4dde-896e-8618e1396401-SegmentedRaftLogWorker:Storage Directory /workdir/hadoop-ozone/integration-test/target/test-dir/MiniOzoneClusterImpl-02951a51-9d93-4f48-8a2f-9f437eec0b3a/datanode-3/data/ratis/1a8f9767-83da-4434-b9c5-ddf31ed53680] INFO  segmented.SegmentedRaftLogWorker (SegmentedRaftLogWorker.java:run(313)) - 132c2cee-ba09-4dde-896e-8618e1396401-SegmentedRaftLogWorker:Storage Directory /workdir/hadoop-ozone/integration-test/target/test-dir/MiniOzoneClusterImpl-02951a51-9d93-4f48-8a2f-9f437eec0b3a/datanode-3/data/ratis/1a8f9767-83da-4434-b9c5-ddf31ed53680 was interrupted, exiting. There are 0 tasks remaining in the queue.
2019-09-03 19:26:38,900 [main] INFO  segmented.SegmentedRaftLogWorker (SegmentedRaftLogWorker.java:close(228)) - 132c2cee-ba09-4dde-896e-8618e1396401-SegmentedRaftLogWorker:Storage Directory /workdir/hadoop-ozone/integration-test/target/test-dir/MiniOzoneClusterImpl-02951a51-9d93-4f48-8a2f-9f437eec0b3a/datanode-3/data/ratis/1a8f9767-83da-4434-b9c5-ddf31ed53680 close()
2019-09-03 19:26:38,903 [main] INFO  impl.RaftServerImpl (RaftServerImpl.java:lambda$shutdown$3(245)) - 132c2cee-ba09-4dde-896e-8618e1396401: shutdown group-D43D9728F9DB
2019-09-03 19:26:38,903 [main] INFO  util.JmxRegister (JmxRegister.java:unregister(73)) - Successfully un-registered JMX Bean with object name Ratis:service=RaftServer,group=group-D43D9728F9DB,id=132c2cee-ba09-4dde-896e-8618e1396401
2019-09-03 19:26:38,904 [main] INFO  impl.RoleInfo (RoleInfo.java:shutdownFollowerState(121)) - 132c2cee-ba09-4dde-896e-8618e1396401: shutdown FollowerState
2019-09-03 19:26:38,904 [main] INFO  impl.StateMachineUpdater (StateMachineUpdater.java:stopAndJoin(115)) - StateMachineUpdater:132c2cee-ba09-4dde-896e-8618e1396401:group-D43D9728F9DB: set stopIndex = 17
2019-09-03 19:26:38,904 [Thread-3636] INFO  impl.FollowerState (FollowerState.java:run(114)) - 132c2cee-ba09-4dde-896e-8618e1396401: FollowerState was interrupted: java.lang.InterruptedException: sleep interrupted
2019-09-03 19:26:38,904 [StateMachineUpdater:132c2cee-ba09-4dde-896e-8618e1396401:group-D43D9728F9DB] INFO  ratis.ContainerStateMachine (ContainerStateMachine.java:takeSnapshot(284)) - group-D43D9728F9DB: Taking a snapshot at:(t:1, i:17) file /workdir/hadoop-ozone/integration-test/target/test-dir/MiniOzoneClusterImpl-02951a51-9d93-4f48-8a2f-9f437eec0b3a/datanode-3/data/ratis/0f28de98-0573-4103-9eab-d43d9728f9db/sm/snapshot.1_17
2019-09-03 19:26:38,909 [ForkJoinPool.commonPool-worker-0] INFO  ozoneimpl.OzoneContainer (OzoneContainer.java:stop(230)) - Attempting to stop container services.
2019-09-03 19:26:38,909 [ForkJoinPool.commonPool-worker-0] INFO  impl.RaftServerProxy (RaftServerProxy.java:lambda$close$4(314)) - fae74cfc-a3de-49ec-a122-0d29a4d89532: close
2019-09-03 19:26:38,909 [ForkJoinPool.commonPool-worker-0] INFO  impl.RaftServerImpl (RaftServerImpl.java:lambda$shutdown$3(245)) - fae74cfc-a3de-49ec-a122-0d29a4d89532: shutdown group-582CB46D4500
2019-09-03 19:26:38,910 [ForkJoinPool.commonPool-worker-0] INFO  util.JmxRegister (JmxRegister.java:unregister(73)) - Successfully un-registered JMX Bean with object name Ratis:service=RaftServer,group=group-582CB46D4500,id=fae74cfc-a3de-49ec-a122-0d29a4d89532
2019-09-03 19:26:38,910 [ForkJoinPool.commonPool-worker-0] INFO  impl.RoleInfo (RoleInfo.java:shutdownLeaderState(104)) - fae74cfc-a3de-49ec-a122-0d29a4d89532: shutdown LeaderState
2019-09-03 19:26:38,913 [ForkJoinPool.commonPool-worker-0] INFO  impl.PendingRequests (PendingRequests.java:sendNotLeaderResponses(202)) - fae74cfc-a3de-49ec-a122-0d29a4d89532-PendingRequests: sendNotLeaderResponses
2019-09-03 19:26:38,913 [org.apache.ratis.server.impl.LogAppender$AppenderDaemon$$Lambda$491/2071131875@612b0ece] WARN  server.GrpcLogAppender (GrpcLogAppender.java:mayWait(143)) - GrpcLogAppender(fae74cfc-a3de-49ec-a122-0d29a4d89532->325e8060-d055-47ec-a514-0af988bd5c40): Wait interrupted by java.lang.InterruptedException
2019-09-03 19:26:38,913 [org.apache.ratis.server.impl.LogAppender$AppenderDaemon$$Lambda$491/2071131875@10c0ac3b] WARN  server.GrpcLogAppender (GrpcLogAppender.java:mayWait(143)) - GrpcLogAppender(fae74cfc-a3de-49ec-a122-0d29a4d89532->a0815a8b-861a-43d7-baa1-c508cc6e5dd8): Wait interrupted by java.lang.InterruptedException
2019-09-03 19:26:38,913 [StateMachineUpdater:fae74cfc-a3de-49ec-a122-0d29a4d89532:group-582CB46D4500] INFO  ratis.ContainerStateMachine (ContainerStateMachine.java:takeSnapshot(284)) - group-582CB46D4500: Taking a snapshot at:(t:1, i:14) file /workdir/hadoop-ozone/integration-test/target/test-dir/MiniOzoneClusterImpl-02951a51-9d93-4f48-8a2f-9f437eec0b3a/datanode-0/data/ratis/2f3fbb08-d04a-4546-a4b8-582cb46d4500/sm/snapshot.1_14
2019-09-03 19:26:38,913 [ForkJoinPool.commonPool-worker-0] INFO  impl.StateMachineUpdater (StateMachineUpdater.java:stopAndJoin(115)) - StateMachineUpdater:fae74cfc-a3de-49ec-a122-0d29a4d89532:group-582CB46D4500: set stopIndex = 18
2019-09-03 19:26:38,920 [StateMachineUpdater:fae74cfc-a3de-49ec-a122-0d29a4d89532:group-582CB46D4500] INFO  ratis.ContainerStateMachine (ContainerStateMachine.java:takeSnapshot(295)) - group-582CB46D4500: Finished taking a snapshot at:(t:1, i:14) file:/workdir/hadoop-ozone/integration-test/target/test-dir/MiniOzoneClusterImpl-02951a51-9d93-4f48-8a2f-9f437eec0b3a/datanode-0/data/ratis/2f3fbb08-d04a-4546-a4b8-582cb46d4500/sm/snapshot.1_14 time:6
2019-09-03 19:26:38,920 [StateMachineUpdater:132c2cee-ba09-4dde-896e-8618e1396401:group-D43D9728F9DB] INFO  ratis.ContainerStateMachine (ContainerStateMachine.java:takeSnapshot(295)) - group-D43D9728F9DB: Finished taking a snapshot at:(t:1, i:17) file:/workdir/hadoop-ozone/integration-test/target/test-dir/MiniOzoneClusterImpl-02951a51-9d93-4f48-8a2f-9f437eec0b3a/datanode-3/data/ratis/0f28de98-0573-4103-9eab-d43d9728f9db/sm/snapshot.1_17 time:15
2019-09-03 19:26:38,920 [StateMachineUpdater:fae74cfc-a3de-49ec-a122-0d29a4d89532:group-582CB46D4500] INFO  impl.StateMachineUpdater (StateMachineUpdater.java:takeSnapshot(242)) - StateMachineUpdater:fae74cfc-a3de-49ec-a122-0d29a4d89532:group-582CB46D4500: Took a snapshot at index 14
2019-09-03 19:26:38,920 [StateMachineUpdater:132c2cee-ba09-4dde-896e-8618e1396401:group-D43D9728F9DB] INFO  impl.StateMachineUpdater (StateMachineUpdater.java:takeSnapshot(242)) - StateMachineUpdater:132c2cee-ba09-4dde-896e-8618e1396401:group-D43D9728F9DB: Took a snapshot at index 17
2019-09-03 19:26:38,920 [StateMachineUpdater:fae74cfc-a3de-49ec-a122-0d29a4d89532:group-582CB46D4500] INFO  impl.StateMachineUpdater (StateMachineUpdater.java:lambda$new$0(80)) - StateMachineUpdater:fae74cfc-a3de-49ec-a122-0d29a4d89532:group-582CB46D4500: snapshotIndex: updateIncreasingly -1 -> 14
2019-09-03 19:26:38,920 [StateMachineUpdater:132c2cee-ba09-4dde-896e-8618e1396401:group-D43D9728F9DB] INFO  impl.StateMachineUpdater (StateMachineUpdater.java:lambda$new$0(80)) - StateMachineUpdater:132c2cee-ba09-4dde-896e-8618e1396401:group-D43D9728F9DB: snapshotIndex: updateIncreasingly -1 -> 17
2019-09-03 19:26:38,921 [ForkJoinPool.commonPool-worker-0] INFO  impl.RaftServerImpl (ServerState.java:close(394)) - fae74cfc-a3de-49ec-a122-0d29a4d89532:group-582CB46D4500 closes. The last applied log index is 18
2019-09-03 19:26:38,921 [main] INFO  impl.RaftServerImpl (ServerState.java:close(394)) - 132c2cee-ba09-4dde-896e-8618e1396401:group-D43D9728F9DB closes. The last applied log index is 17
2019-09-03 19:26:38,921 [fae74cfc-a3de-49ec-a122-0d29a4d89532-SegmentedRaftLogWorker:Storage Directory /workdir/hadoop-ozone/integration-test/target/test-dir/MiniOzoneClusterImpl-02951a51-9d93-4f48-8a2f-9f437eec0b3a/datanode-0/data/ratis/2f3fbb08-d04a-4546-a4b8-582cb46d4500] INFO  segmented.SegmentedRaftLogWorker (SegmentedRaftLogWorker.java:run(313)) - fae74cfc-a3de-49ec-a122-0d29a4d89532-SegmentedRaftLogWorker:Storage Directory /workdir/hadoop-ozone/integration-test/target/test-dir/MiniOzoneClusterImpl-02951a51-9d93-4f48-8a2f-9f437eec0b3a/datanode-0/data/ratis/2f3fbb08-d04a-4546-a4b8-582cb46d4500 was interrupted, exiting. There are 0 tasks remaining in the queue.
2019-09-03 19:26:38,922 [132c2cee-ba09-4dde-896e-8618e1396401-SegmentedRaftLogWorker:Storage Directory /workdir/hadoop-ozone/integration-test/target/test-dir/MiniOzoneClusterImpl-02951a51-9d93-4f48-8a2f-9f437eec0b3a/datanode-3/data/ratis/0f28de98-0573-4103-9eab-d43d9728f9db] INFO  segmented.SegmentedRaftLogWorker (SegmentedRaftLogWorker.java:run(313)) - 132c2cee-ba09-4dde-896e-8618e1396401-SegmentedRaftLogWorker:Storage Directory /workdir/hadoop-ozone/integration-test/target/test-dir/MiniOzoneClusterImpl-02951a51-9d93-4f48-8a2f-9f437eec0b3a/datanode-3/data/ratis/0f28de98-0573-4103-9eab-d43d9728f9db was interrupted, exiting. There are 0 tasks remaining in the queue.
2019-09-03 19:26:38,925 [ForkJoinPool.commonPool-worker-0] INFO  segmented.SegmentedRaftLogWorker (SegmentedRaftLogWorker.java:close(228)) - fae74cfc-a3de-49ec-a122-0d29a4d89532-SegmentedRaftLogWorker:Storage Directory /workdir/hadoop-ozone/integration-test/target/test-dir/MiniOzoneClusterImpl-02951a51-9d93-4f48-8a2f-9f437eec0b3a/datanode-0/data/ratis/2f3fbb08-d04a-4546-a4b8-582cb46d4500 close()
2019-09-03 19:26:38,925 [main] INFO  segmented.SegmentedRaftLogWorker (SegmentedRaftLogWorker.java:close(228)) - 132c2cee-ba09-4dde-896e-8618e1396401-SegmentedRaftLogWorker:Storage Directory /workdir/hadoop-ozone/integration-test/target/test-dir/MiniOzoneClusterImpl-02951a51-9d93-4f48-8a2f-9f437eec0b3a/datanode-3/data/ratis/0f28de98-0573-4103-9eab-d43d9728f9db close()
2019-09-03 19:26:38,927 [ForkJoinPool.commonPool-worker-0] INFO  impl.RaftServerImpl (RaftServerImpl.java:lambda$shutdown$3(245)) - fae74cfc-a3de-49ec-a122-0d29a4d89532: shutdown group-C246AF215228
2019-09-03 19:26:38,929 [main] INFO  server.GrpcService (GrpcService.java:closeImpl(155)) - 132c2cee-ba09-4dde-896e-8618e1396401: shutdown server with port 41632 now
2019-09-03 19:26:38,930 [ForkJoinPool.commonPool-worker-0] INFO  util.JmxRegister (JmxRegister.java:unregister(73)) - Successfully un-registered JMX Bean with object name Ratis:service=RaftServer,group=group-C246AF215228,id=fae74cfc-a3de-49ec-a122-0d29a4d89532
2019-09-03 19:26:38,930 [ForkJoinPool.commonPool-worker-0] INFO  impl.RoleInfo (RoleInfo.java:shutdownLeaderState(104)) - fae74cfc-a3de-49ec-a122-0d29a4d89532: shutdown LeaderState
2019-09-03 19:26:38,931 [ForkJoinPool.commonPool-worker-0] INFO  impl.PendingRequests (PendingRequests.java:sendNotLeaderResponses(202)) - fae74cfc-a3de-49ec-a122-0d29a4d89532-PendingRequests: sendNotLeaderResponses
2019-09-03 19:26:38,931 [grpc-default-executor-5] WARN  server.GrpcServerProtocolService (LogUtils.java:warn(134)) - 132c2cee-ba09-4dde-896e-8618e1396401: appendEntries onError: org.apache.ratis.thirdparty.io.grpc.StatusRuntimeException: CANCELLED: cancelled before receiving half close
2019-09-03 19:26:38,931 [grpc-default-executor-10] WARN  server.GrpcLogAppender (LogUtils.java:warn(134)) - dd8cfd05-4000-4955-ac1a-45b85b415652->132c2cee-ba09-4dde-896e-8618e1396401: Failed appendEntries: org.apache.ratis.thirdparty.io.grpc.StatusRuntimeException: CANCELLED: HTTP/2 error code: CANCEL
Received Rst Stream
2019-09-03 19:26:38,931 [main] INFO  server.GrpcService (GrpcService.java:closeImpl(163)) - 132c2cee-ba09-4dde-896e-8618e1396401: shutdown server with port 41632 successfully
2019-09-03 19:26:38,931 [ForkJoinPool.commonPool-worker-0] INFO  impl.StateMachineUpdater (StateMachineUpdater.java:stopAndJoin(115)) - StateMachineUpdater:fae74cfc-a3de-49ec-a122-0d29a4d89532:group-C246AF215228: set stopIndex = 0
2019-09-03 19:26:38,932 [grpc-default-executor-10] INFO  impl.FollowerInfo (FollowerInfo.java:lambda$new$0(50)) - dd8cfd05-4000-4955-ac1a-45b85b415652->132c2cee-ba09-4dde-896e-8618e1396401: nextIndex: updateUnconditionally 19 -> 18
2019-09-03 19:26:38,932 [ForkJoinPool.commonPool-worker-0] INFO  impl.RaftServerImpl (ServerState.java:close(394)) - fae74cfc-a3de-49ec-a122-0d29a4d89532:group-C246AF215228 closes. The last applied log index is 0
2019-09-03 19:26:38,933 [fae74cfc-a3de-49ec-a122-0d29a4d89532-SegmentedRaftLogWorker:Storage Directory /workdir/hadoop-ozone/integration-test/target/test-dir/MiniOzoneClusterImpl-02951a51-9d93-4f48-8a2f-9f437eec0b3a/datanode-0/data/ratis/3b993dc2-8242-4f99-b9d2-c246af215228] INFO  segmented.SegmentedRaftLogWorker (SegmentedRaftLogWorker.java:run(313)) - fae74cfc-a3de-49ec-a122-0d29a4d89532-SegmentedRaftLogWorker:Storage Directory /workdir/hadoop-ozone/integration-test/target/test-dir/MiniOzoneClusterImpl-02951a51-9d93-4f48-8a2f-9f437eec0b3a/datanode-0/data/ratis/3b993dc2-8242-4f99-b9d2-c246af215228 was interrupted, exiting. There are 0 tasks remaining in the queue.
2019-09-03 19:26:38,934 [ForkJoinPool.commonPool-worker-0] INFO  segmented.SegmentedRaftLogWorker (SegmentedRaftLogWorker.java:close(228)) - fae74cfc-a3de-49ec-a122-0d29a4d89532-SegmentedRaftLogWorker:Storage Directory /workdir/hadoop-ozone/integration-test/target/test-dir/MiniOzoneClusterImpl-02951a51-9d93-4f48-8a2f-9f437eec0b3a/datanode-0/data/ratis/3b993dc2-8242-4f99-b9d2-c246af215228 close()
2019-09-03 19:26:38,935 [refreshUsed-/workdir/hadoop-ozone/integration-test/target/test-dir/MiniOzoneClusterImpl-02951a51-9d93-4f48-8a2f-9f437eec0b3a/datanode-3/data/containers] WARN  fs.CachingGetSpaceUsed (CachingGetSpaceUsed.java:run(183)) - Thread Interrupted waiting to refresh disk information: sleep interrupted
2019-09-03 19:26:38,938 [ForkJoinPool.commonPool-worker-0] INFO  server.GrpcService (GrpcService.java:closeImpl(155)) - fae74cfc-a3de-49ec-a122-0d29a4d89532: shutdown server with port 45161 now
2019-09-03 19:26:38,938 [ForkJoinPool.commonPool-worker-0] INFO  server.GrpcService (GrpcService.java:closeImpl(163)) - fae74cfc-a3de-49ec-a122-0d29a4d89532: shutdown server with port 45161 successfully
2019-09-03 19:26:38,946 [refreshUsed-/workdir/hadoop-ozone/integration-test/target/test-dir/MiniOzoneClusterImpl-02951a51-9d93-4f48-8a2f-9f437eec0b3a/datanode-0/data/containers] WARN  fs.CachingGetSpaceUsed (CachingGetSpaceUsed.java:run(183)) - Thread Interrupted waiting to refresh disk information: sleep interrupted
2019-09-03 19:26:38,957 [main] INFO  utils.BackgroundService (BackgroundService.java:shutdown(148)) - Shutting down service BlockDeletingService
2019-09-03 19:26:38,960 [main] INFO  statemachine.DatanodeStateMachine (DatanodeStateMachine.java:stopDaemon(395)) - Ozone container server stopped.
2019-09-03 19:26:38,961 [main] INFO  handler.ContextHandler (ContextHandler.java:doStop(910)) - Stopped o.e.j.w.WebAppContext@75793f17{/,null,UNAVAILABLE}{/hddsDatanode}
2019-09-03 19:26:38,962 [main] INFO  server.AbstractConnector (AbstractConnector.java:doStop(318)) - Stopped ServerConnector@4652c74d{HTTP/1.1,[http/1.1]}{0.0.0.0:0}
2019-09-03 19:26:38,963 [main] INFO  handler.ContextHandler (ContextHandler.java:doStop(910)) - Stopped o.e.j.s.ServletContextHandler@46468f0{/static,jar:file:/home/user/.m2/repository/org/apache/hadoop/hadoop-hdds-container-service/0.5.0-SNAPSHOT/hadoop-hdds-container-service-0.5.0-SNAPSHOT.jar!/webapps/static,UNAVAILABLE}
2019-09-03 19:26:38,963 [main] INFO  handler.ContextHandler (ContextHandler.java:doStop(910)) - Stopped o.e.j.s.ServletContextHandler@143fefaf{/logs,file:///workdir/hadoop-ozone/integration-test/target/log,UNAVAILABLE}
2019-09-03 19:26:38,964 [ForkJoinPool.commonPool-worker-0] INFO  utils.BackgroundService (BackgroundService.java:shutdown(148)) - Shutting down service BlockDeletingService
2019-09-03 19:26:38,968 [ForkJoinPool.commonPool-worker-0] INFO  statemachine.DatanodeStateMachine (DatanodeStateMachine.java:stopDaemon(395)) - Ozone container server stopped.
2019-09-03 19:26:38,971 [ForkJoinPool.commonPool-worker-0] INFO  handler.ContextHandler (ContextHandler.java:doStop(910)) - Stopped o.e.j.w.WebAppContext@2dd178f3{/,null,UNAVAILABLE}{/hddsDatanode}
2019-09-03 19:26:38,972 [ForkJoinPool.commonPool-worker-0] INFO  server.AbstractConnector (AbstractConnector.java:doStop(318)) - Stopped ServerConnector@64656b9e{HTTP/1.1,[http/1.1]}{0.0.0.0:0}
2019-09-03 19:26:38,973 [ForkJoinPool.commonPool-worker-0] INFO  handler.ContextHandler (ContextHandler.java:doStop(910)) - Stopped o.e.j.s.ServletContextHandler@41aebbb4{/static,jar:file:/home/user/.m2/repository/org/apache/hadoop/hadoop-hdds-container-service/0.5.0-SNAPSHOT/hadoop-hdds-container-service-0.5.0-SNAPSHOT.jar!/webapps/static,UNAVAILABLE}
2019-09-03 19:26:38,974 [ForkJoinPool.commonPool-worker-0] INFO  handler.ContextHandler (ContextHandler.java:doStop(910)) - Stopped o.e.j.s.ServletContextHandler@2dbfa972{/logs,file:///workdir/hadoop-ozone/integration-test/target/log,UNAVAILABLE}
2019-09-03 19:26:38,988 [grpc-default-executor-10] WARN  server.GrpcLogAppender (LogUtils.java:warn(134)) - dd8cfd05-4000-4955-ac1a-45b85b415652->132c2cee-ba09-4dde-896e-8618e1396401: Failed appendEntries: org.apache.ratis.thirdparty.io.grpc.StatusRuntimeException: UNAVAILABLE: io exception
2019-09-03 19:26:38,988 [grpc-default-executor-10] INFO  impl.FollowerInfo (FollowerInfo.java:lambda$new$0(50)) - dd8cfd05-4000-4955-ac1a-45b85b415652->132c2cee-ba09-4dde-896e-8618e1396401: nextIndex: updateUnconditionally 18 -> 17
2019-09-03 19:26:38,988 [grpc-default-executor-9] WARN  server.GrpcLogAppender (LogUtils.java:warn(134)) - dd8cfd05-4000-4955-ac1a-45b85b415652->842067f9-d964-4704-9fac-339bb292f0b1: Failed appendEntries: org.apache.ratis.thirdparty.io.grpc.StatusRuntimeException: UNAVAILABLE: io exception
2019-09-03 19:26:38,989 [grpc-default-executor-9] INFO  impl.FollowerInfo (FollowerInfo.java:lambda$new$0(50)) - dd8cfd05-4000-4955-ac1a-45b85b415652->842067f9-d964-4704-9fac-339bb292f0b1: nextIndex: updateUnconditionally 15 -> 14
2019-09-03 19:26:39,407 [Datanode State Machine Thread - 0] INFO  statemachine.DatanodeStateMachine (DatanodeStateMachine.java:lambda$startDaemon$0(350)) - Ozone container server started.
2019-09-03 19:26:39,502 [Datanode State Machine Thread - 0] INFO  statemachine.DatanodeStateMachine (DatanodeStateMachine.java:lambda$startDaemon$0(350)) - Ozone container server started.
2019-09-03 19:26:41,490 [grpc-default-executor-5] WARN  server.GrpcLogAppender (LogUtils.java:warn(134)) - dd8cfd05-4000-4955-ac1a-45b85b415652->132c2cee-ba09-4dde-896e-8618e1396401: Failed appendEntries: org.apache.ratis.thirdparty.io.grpc.StatusRuntimeException: UNAVAILABLE: io exception
2019-09-03 19:26:41,490 [grpc-default-executor-8] WARN  server.GrpcLogAppender (LogUtils.java:warn(134)) - dd8cfd05-4000-4955-ac1a-45b85b415652->842067f9-d964-4704-9fac-339bb292f0b1: Failed appendEntries: org.apache.ratis.thirdparty.io.grpc.StatusRuntimeException: UNAVAILABLE: io exception
2019-09-03 19:26:41,490 [grpc-default-executor-5] INFO  impl.FollowerInfo (FollowerInfo.java:lambda$new$0(50)) - dd8cfd05-4000-4955-ac1a-45b85b415652->132c2cee-ba09-4dde-896e-8618e1396401: nextIndex: updateUnconditionally 17 -> 16
2019-09-03 19:26:41,490 [grpc-default-executor-8] INFO  impl.FollowerInfo (FollowerInfo.java:lambda$new$0(50)) - dd8cfd05-4000-4955-ac1a-45b85b415652->842067f9-d964-4704-9fac-339bb292f0b1: nextIndex: updateUnconditionally 14 -> 13
2019-09-03 19:26:43,497 [EventQueue-StaleNodeForStaleNodeHandler] INFO  node.StaleNodeHandler (StaleNodeHandler.java:onMessage(58)) - Datanode 243df66c-4ee7-4dc6-a4d1-401ff0e2c7f3{ip: 192.168.36.111, host: pr-hdds-1200-xgh2h-450883189, networkLocation: /default-rack, certSerialId: null} moved to stale state. Finalizing its pipelines [PipelineID=0847e7bc-7ce3-4adc-a44a-a8556519aa4d]
2019-09-03 19:26:43,498 [EventQueue-StaleNodeForStaleNodeHandler] INFO  pipeline.SCMPipelineManager (SCMPipelineManager.java:finalizeAndDestroyPipeline(311)) - destroying pipeline:Pipeline[ Id: 0847e7bc-7ce3-4adc-a44a-a8556519aa4d, Nodes: 243df66c-4ee7-4dc6-a4d1-401ff0e2c7f3{ip: 192.168.36.111, host: pr-hdds-1200-xgh2h-450883189, networkLocation: /default-rack, certSerialId: null}, Type:RATIS, Factor:ONE, State:OPEN]
2019-09-03 19:26:43,498 [EventQueue-StaleNodeForStaleNodeHandler] INFO  pipeline.PipelineStateManager (PipelineStateManager.java:finalizePipeline(123)) - Pipeline Pipeline[ Id: 0847e7bc-7ce3-4adc-a44a-a8556519aa4d, Nodes: 243df66c-4ee7-4dc6-a4d1-401ff0e2c7f3{ip: 192.168.36.111, host: pr-hdds-1200-xgh2h-450883189, networkLocation: /default-rack, certSerialId: null}, Type:RATIS, Factor:ONE, State:CLOSED] moved to CLOSED state
2019-09-03 19:26:43,598 [EventQueue-StaleNodeForStaleNodeHandler] INFO  node.StaleNodeHandler (StaleNodeHandler.java:onMessage(58)) - Datanode dd8cfd05-4000-4955-ac1a-45b85b415652{ip: 192.168.36.111, host: pr-hdds-1200-xgh2h-450883189, networkLocation: /default-rack, certSerialId: null} moved to stale state. Finalizing its pipelines [PipelineID=0f28de98-0573-4103-9eab-d43d9728f9db, PipelineID=7a7e0cf5-9bb5-4d9a-8117-de2062fbc0b0]
2019-09-03 19:26:43,598 [EventQueue-StaleNodeForStaleNodeHandler] INFO  pipeline.SCMPipelineManager (SCMPipelineManager.java:finalizeAndDestroyPipeline(311)) - destroying pipeline:Pipeline[ Id: 0f28de98-0573-4103-9eab-d43d9728f9db, Nodes: 132c2cee-ba09-4dde-896e-8618e1396401{ip: 192.168.36.111, host: pr-hdds-1200-xgh2h-450883189, networkLocation: /default-rack, certSerialId: null}842067f9-d964-4704-9fac-339bb292f0b1{ip: 192.168.36.111, host: pr-hdds-1200-xgh2h-450883189, networkLocation: /default-rack, certSerialId: null}dd8cfd05-4000-4955-ac1a-45b85b415652{ip: 192.168.36.111, host: pr-hdds-1200-xgh2h-450883189, networkLocation: /default-rack, certSerialId: null}, Type:RATIS, Factor:THREE, State:CLOSED]
2019-09-03 19:26:43,598 [EventQueue-StaleNodeForStaleNodeHandler] INFO  pipeline.SCMPipelineManager (SCMPipelineManager.java:finalizeAndDestroyPipeline(311)) - destroying pipeline:Pipeline[ Id: 7a7e0cf5-9bb5-4d9a-8117-de2062fbc0b0, Nodes: dd8cfd05-4000-4955-ac1a-45b85b415652{ip: 192.168.36.111, host: pr-hdds-1200-xgh2h-450883189, networkLocation: /default-rack, certSerialId: null}, Type:RATIS, Factor:ONE, State:OPEN]
2019-09-03 19:26:43,598 [EventQueue-StaleNodeForStaleNodeHandler] INFO  pipeline.PipelineStateManager (PipelineStateManager.java:finalizePipeline(123)) - Pipeline Pipeline[ Id: 7a7e0cf5-9bb5-4d9a-8117-de2062fbc0b0, Nodes: dd8cfd05-4000-4955-ac1a-45b85b415652{ip: 192.168.36.111, host: pr-hdds-1200-xgh2h-450883189, networkLocation: /default-rack, certSerialId: null}, Type:RATIS, Factor:ONE, State:CLOSED] moved to CLOSED state
2019-09-03 19:26:43,967 [main] INFO  ozoneimpl.OzoneContainer (OzoneContainer.java:stop(230)) - Attempting to stop container services.
2019-09-03 19:26:43,967 [main] INFO  impl.RaftServerProxy (RaftServerProxy.java:lambda$close$4(314)) - 243df66c-4ee7-4dc6-a4d1-401ff0e2c7f3: close
2019-09-03 19:26:43,968 [main] INFO  impl.RaftServerImpl (RaftServerImpl.java:lambda$shutdown$3(245)) - 243df66c-4ee7-4dc6-a4d1-401ff0e2c7f3: shutdown group-A8556519AA4D
2019-09-03 19:26:43,968 [main] INFO  util.JmxRegister (JmxRegister.java:unregister(73)) - Successfully un-registered JMX Bean with object name Ratis:service=RaftServer,group=group-A8556519AA4D,id=243df66c-4ee7-4dc6-a4d1-401ff0e2c7f3
2019-09-03 19:26:43,969 [main] INFO  impl.RoleInfo (RoleInfo.java:shutdownLeaderState(104)) - 243df66c-4ee7-4dc6-a4d1-401ff0e2c7f3: shutdown LeaderState
2019-09-03 19:26:43,969 [main] INFO  impl.PendingRequests (PendingRequests.java:sendNotLeaderResponses(202)) - 243df66c-4ee7-4dc6-a4d1-401ff0e2c7f3-PendingRequests: sendNotLeaderResponses
2019-09-03 19:26:43,970 [main] INFO  impl.StateMachineUpdater (StateMachineUpdater.java:stopAndJoin(115)) - StateMachineUpdater:243df66c-4ee7-4dc6-a4d1-401ff0e2c7f3:group-A8556519AA4D: set stopIndex = 0
2019-09-03 19:26:43,970 [main] INFO  impl.RaftServerImpl (ServerState.java:close(394)) - 243df66c-4ee7-4dc6-a4d1-401ff0e2c7f3:group-A8556519AA4D closes. The last applied log index is 0
2019-09-03 19:26:43,971 [243df66c-4ee7-4dc6-a4d1-401ff0e2c7f3-SegmentedRaftLogWorker:Storage Directory /workdir/hadoop-ozone/integration-test/target/test-dir/MiniOzoneClusterImpl-02951a51-9d93-4f48-8a2f-9f437eec0b3a/datanode-6/data/ratis/0847e7bc-7ce3-4adc-a44a-a8556519aa4d] INFO  segmented.SegmentedRaftLogWorker (SegmentedRaftLogWorker.java:run(313)) - 243df66c-4ee7-4dc6-a4d1-401ff0e2c7f3-SegmentedRaftLogWorker:Storage Directory /workdir/hadoop-ozone/integration-test/target/test-dir/MiniOzoneClusterImpl-02951a51-9d93-4f48-8a2f-9f437eec0b3a/datanode-6/data/ratis/0847e7bc-7ce3-4adc-a44a-a8556519aa4d was interrupted, exiting. There are 0 tasks remaining in the queue.
2019-09-03 19:26:43,973 [main] INFO  segmented.SegmentedRaftLogWorker (SegmentedRaftLogWorker.java:close(228)) - 243df66c-4ee7-4dc6-a4d1-401ff0e2c7f3-SegmentedRaftLogWorker:Storage Directory /workdir/hadoop-ozone/integration-test/target/test-dir/MiniOzoneClusterImpl-02951a51-9d93-4f48-8a2f-9f437eec0b3a/datanode-6/data/ratis/0847e7bc-7ce3-4adc-a44a-a8556519aa4d close()
2019-09-03 19:26:43,976 [main] INFO  server.GrpcService (GrpcService.java:closeImpl(155)) - 243df66c-4ee7-4dc6-a4d1-401ff0e2c7f3: shutdown server with port 46193 now
2019-09-03 19:26:43,976 [ForkJoinPool.commonPool-worker-0] INFO  ozoneimpl.OzoneContainer (OzoneContainer.java:stop(230)) - Attempting to stop container services.
2019-09-03 19:26:43,982 [main] INFO  server.GrpcService (GrpcService.java:closeImpl(163)) - 243df66c-4ee7-4dc6-a4d1-401ff0e2c7f3: shutdown server with port 46193 successfully
2019-09-03 19:26:43,982 [ForkJoinPool.commonPool-worker-0] INFO  impl.RaftServerProxy (RaftServerProxy.java:lambda$close$4(314)) - dd8cfd05-4000-4955-ac1a-45b85b415652: close
2019-09-03 19:26:43,983 [ForkJoinPool.commonPool-worker-0] INFO  impl.RaftServerImpl (RaftServerImpl.java:lambda$shutdown$3(245)) - dd8cfd05-4000-4955-ac1a-45b85b415652: shutdown group-D43D9728F9DB
2019-09-03 19:26:43,983 [ForkJoinPool.commonPool-worker-0] INFO  util.JmxRegister (JmxRegister.java:unregister(73)) - Successfully un-registered JMX Bean with object name Ratis:service=RaftServer,group=group-D43D9728F9DB,id=dd8cfd05-4000-4955-ac1a-45b85b415652
2019-09-03 19:26:43,984 [ForkJoinPool.commonPool-worker-0] INFO  impl.RoleInfo (RoleInfo.java:shutdownLeaderState(104)) - dd8cfd05-4000-4955-ac1a-45b85b415652: shutdown LeaderState
2019-09-03 19:26:43,987 [ForkJoinPool.commonPool-worker-0] INFO  impl.PendingRequests (PendingRequests.java:sendNotLeaderResponses(202)) - dd8cfd05-4000-4955-ac1a-45b85b415652-PendingRequests: sendNotLeaderResponses
2019-09-03 19:26:43,987 [org.apache.ratis.server.impl.LogAppender$AppenderDaemon$$Lambda$491/2071131875@71f61c9a] WARN  server.GrpcLogAppender (GrpcLogAppender.java:mayWait(143)) - GrpcLogAppender(dd8cfd05-4000-4955-ac1a-45b85b415652->132c2cee-ba09-4dde-896e-8618e1396401): Wait interrupted by java.lang.InterruptedException
2019-09-03 19:26:43,987 [org.apache.ratis.server.impl.LogAppender$AppenderDaemon$$Lambda$491/2071131875@34f48460] WARN  server.GrpcLogAppender (GrpcLogAppender.java:mayWait(143)) - GrpcLogAppender(dd8cfd05-4000-4955-ac1a-45b85b415652->842067f9-d964-4704-9fac-339bb292f0b1): Wait interrupted by java.lang.InterruptedException
2019-09-03 19:26:43,991 [ForkJoinPool.commonPool-worker-0] INFO  impl.StateMachineUpdater (StateMachineUpdater.java:stopAndJoin(115)) - StateMachineUpdater:dd8cfd05-4000-4955-ac1a-45b85b415652:group-D43D9728F9DB: set stopIndex = 18
2019-09-03 19:26:43,991 [StateMachineUpdater:dd8cfd05-4000-4955-ac1a-45b85b415652:group-D43D9728F9DB] INFO  ratis.ContainerStateMachine (ContainerStateMachine.java:takeSnapshot(284)) - group-D43D9728F9DB: Taking a snapshot at:(t:1, i:18) file /workdir/hadoop-ozone/integration-test/target/test-dir/MiniOzoneClusterImpl-02951a51-9d93-4f48-8a2f-9f437eec0b3a/datanode-5/data/ratis/0f28de98-0573-4103-9eab-d43d9728f9db/sm/snapshot.1_18
2019-09-03 19:26:43,991 [refreshUsed-/workdir/hadoop-ozone/integration-test/target/test-dir/MiniOzoneClusterImpl-02951a51-9d93-4f48-8a2f-9f437eec0b3a/datanode-6/data/containers] WARN  fs.CachingGetSpaceUsed (CachingGetSpaceUsed.java:run(183)) - Thread Interrupted waiting to refresh disk information: sleep interrupted
2019-09-03 19:26:44,004 [StateMachineUpdater:dd8cfd05-4000-4955-ac1a-45b85b415652:group-D43D9728F9DB] INFO  ratis.ContainerStateMachine (ContainerStateMachine.java:takeSnapshot(295)) - group-D43D9728F9DB: Finished taking a snapshot at:(t:1, i:18) file:/workdir/hadoop-ozone/integration-test/target/test-dir/MiniOzoneClusterImpl-02951a51-9d93-4f48-8a2f-9f437eec0b3a/datanode-5/data/ratis/0f28de98-0573-4103-9eab-d43d9728f9db/sm/snapshot.1_18 time:14
2019-09-03 19:26:44,005 [StateMachineUpdater:dd8cfd05-4000-4955-ac1a-45b85b415652:group-D43D9728F9DB] INFO  impl.StateMachineUpdater (StateMachineUpdater.java:takeSnapshot(242)) - StateMachineUpdater:dd8cfd05-4000-4955-ac1a-45b85b415652:group-D43D9728F9DB: Took a snapshot at index 18
2019-09-03 19:26:44,005 [StateMachineUpdater:dd8cfd05-4000-4955-ac1a-45b85b415652:group-D43D9728F9DB] INFO  impl.StateMachineUpdater (StateMachineUpdater.java:lambda$new$0(80)) - StateMachineUpdater:dd8cfd05-4000-4955-ac1a-45b85b415652:group-D43D9728F9DB: snapshotIndex: updateIncreasingly -1 -> 18
2019-09-03 19:26:44,005 [ForkJoinPool.commonPool-worker-0] INFO  impl.RaftServerImpl (ServerState.java:close(394)) - dd8cfd05-4000-4955-ac1a-45b85b415652:group-D43D9728F9DB closes. The last applied log index is 18
2019-09-03 19:26:44,006 [dd8cfd05-4000-4955-ac1a-45b85b415652-SegmentedRaftLogWorker:Storage Directory /workdir/hadoop-ozone/integration-test/target/test-dir/MiniOzoneClusterImpl-02951a51-9d93-4f48-8a2f-9f437eec0b3a/datanode-5/data/ratis/0f28de98-0573-4103-9eab-d43d9728f9db] INFO  segmented.SegmentedRaftLogWorker (SegmentedRaftLogWorker.java:run(313)) - dd8cfd05-4000-4955-ac1a-45b85b415652-SegmentedRaftLogWorker:Storage Directory /workdir/hadoop-ozone/integration-test/target/test-dir/MiniOzoneClusterImpl-02951a51-9d93-4f48-8a2f-9f437eec0b3a/datanode-5/data/ratis/0f28de98-0573-4103-9eab-d43d9728f9db was interrupted, exiting. There are 0 tasks remaining in the queue.
2019-09-03 19:26:44,007 [ForkJoinPool.commonPool-worker-0] INFO  segmented.SegmentedRaftLogWorker (SegmentedRaftLogWorker.java:close(228)) - dd8cfd05-4000-4955-ac1a-45b85b415652-SegmentedRaftLogWorker:Storage Directory /workdir/hadoop-ozone/integration-test/target/test-dir/MiniOzoneClusterImpl-02951a51-9d93-4f48-8a2f-9f437eec0b3a/datanode-5/data/ratis/0f28de98-0573-4103-9eab-d43d9728f9db close()
2019-09-03 19:26:44,012 [ForkJoinPool.commonPool-worker-0] INFO  impl.RaftServerImpl (RaftServerImpl.java:lambda$shutdown$3(245)) - dd8cfd05-4000-4955-ac1a-45b85b415652: shutdown group-DE2062FBC0B0
2019-09-03 19:26:44,012 [ForkJoinPool.commonPool-worker-0] INFO  util.JmxRegister (JmxRegister.java:unregister(73)) - Successfully un-registered JMX Bean with object name Ratis:service=RaftServer,group=group-DE2062FBC0B0,id=dd8cfd05-4000-4955-ac1a-45b85b415652
2019-09-03 19:26:44,013 [ForkJoinPool.commonPool-worker-0] INFO  impl.RoleInfo (RoleInfo.java:shutdownLeaderState(104)) - dd8cfd05-4000-4955-ac1a-45b85b415652: shutdown LeaderState
2019-09-03 19:26:44,013 [ForkJoinPool.commonPool-worker-0] INFO  impl.PendingRequests (PendingRequests.java:sendNotLeaderResponses(202)) - dd8cfd05-4000-4955-ac1a-45b85b415652-PendingRequests: sendNotLeaderResponses
2019-09-03 19:26:44,013 [ForkJoinPool.commonPool-worker-0] INFO  impl.StateMachineUpdater (StateMachineUpdater.java:stopAndJoin(115)) - StateMachineUpdater:dd8cfd05-4000-4955-ac1a-45b85b415652:group-DE2062FBC0B0: set stopIndex = 0
2019-09-03 19:26:44,013 [ForkJoinPool.commonPool-worker-0] INFO  impl.RaftServerImpl (ServerState.java:close(394)) - dd8cfd05-4000-4955-ac1a-45b85b415652:group-DE2062FBC0B0 closes. The last applied log index is 0
2019-09-03 19:26:44,014 [dd8cfd05-4000-4955-ac1a-45b85b415652-SegmentedRaftLogWorker:Storage Directory /workdir/hadoop-ozone/integration-test/target/test-dir/MiniOzoneClusterImpl-02951a51-9d93-4f48-8a2f-9f437eec0b3a/datanode-5/data/ratis/7a7e0cf5-9bb5-4d9a-8117-de2062fbc0b0] INFO  segmented.SegmentedRaftLogWorker (SegmentedRaftLogWorker.java:run(313)) - dd8cfd05-4000-4955-ac1a-45b85b415652-SegmentedRaftLogWorker:Storage Directory /workdir/hadoop-ozone/integration-test/target/test-dir/MiniOzoneClusterImpl-02951a51-9d93-4f48-8a2f-9f437eec0b3a/datanode-5/data/ratis/7a7e0cf5-9bb5-4d9a-8117-de2062fbc0b0 was interrupted, exiting. There are 0 tasks remaining in the queue.
2019-09-03 19:26:44,014 [ForkJoinPool.commonPool-worker-0] INFO  segmented.SegmentedRaftLogWorker (SegmentedRaftLogWorker.java:close(228)) - dd8cfd05-4000-4955-ac1a-45b85b415652-SegmentedRaftLogWorker:Storage Directory /workdir/hadoop-ozone/integration-test/target/test-dir/MiniOzoneClusterImpl-02951a51-9d93-4f48-8a2f-9f437eec0b3a/datanode-5/data/ratis/7a7e0cf5-9bb5-4d9a-8117-de2062fbc0b0 close()
2019-09-03 19:26:44,015 [ForkJoinPool.commonPool-worker-0] INFO  server.GrpcService (GrpcService.java:closeImpl(155)) - dd8cfd05-4000-4955-ac1a-45b85b415652: shutdown server with port 33102 now
2019-09-03 19:26:44,016 [grpc-default-executor-5] WARN  client.GrpcClientProtocolService (LogUtils.java:warn(134)) - 1-UnorderedRequestStreamObserver1: onError: org.apache.ratis.thirdparty.io.grpc.StatusRuntimeException: CANCELLED: cancelled before receiving half close
2019-09-03 19:26:44,016 [ForkJoinPool.commonPool-worker-0] INFO  server.GrpcService (GrpcService.java:closeImpl(163)) - dd8cfd05-4000-4955-ac1a-45b85b415652: shutdown server with port 33102 successfully
2019-09-03 19:26:44,016 [main] INFO  utils.BackgroundService (BackgroundService.java:shutdown(148)) - Shutting down service BlockDeletingService
2019-09-03 19:26:44,021 [main] INFO  statemachine.DatanodeStateMachine (DatanodeStateMachine.java:stopDaemon(395)) - Ozone container server stopped.
2019-09-03 19:26:44,022 [refreshUsed-/workdir/hadoop-ozone/integration-test/target/test-dir/MiniOzoneClusterImpl-02951a51-9d93-4f48-8a2f-9f437eec0b3a/datanode-5/data/containers] WARN  fs.CachingGetSpaceUsed (CachingGetSpaceUsed.java:run(183)) - Thread Interrupted waiting to refresh disk information: sleep interrupted
2019-09-03 19:26:44,023 [main] INFO  handler.ContextHandler (ContextHandler.java:doStop(910)) - Stopped o.e.j.w.WebAppContext@6c2a95d5{/,null,UNAVAILABLE}{/hddsDatanode}
2019-09-03 19:26:44,026 [main] INFO  server.AbstractConnector (AbstractConnector.java:doStop(318)) - Stopped ServerConnector@24d8f87a{HTTP/1.1,[http/1.1]}{0.0.0.0:0}
2019-09-03 19:26:44,027 [main] INFO  handler.ContextHandler (ContextHandler.java:doStop(910)) - Stopped o.e.j.s.ServletContextHandler@5e193ef5{/static,jar:file:/home/user/.m2/repository/org/apache/hadoop/hadoop-hdds-container-service/0.5.0-SNAPSHOT/hadoop-hdds-container-service-0.5.0-SNAPSHOT.jar!/webapps/static,UNAVAILABLE}
2019-09-03 19:26:44,027 [main] INFO  handler.ContextHandler (ContextHandler.java:doStop(910)) - Stopped o.e.j.s.ServletContextHandler@39133244{/logs,file:///workdir/hadoop-ozone/integration-test/target/log,UNAVAILABLE}
2019-09-03 19:26:44,037 [ForkJoinPool.commonPool-worker-0] INFO  utils.BackgroundService (BackgroundService.java:shutdown(148)) - Shutting down service BlockDeletingService
2019-09-03 19:26:44,040 [ForkJoinPool.commonPool-worker-0] INFO  statemachine.DatanodeStateMachine (DatanodeStateMachine.java:stopDaemon(395)) - Ozone container server stopped.
2019-09-03 19:26:44,043 [ForkJoinPool.commonPool-worker-0] INFO  handler.ContextHandler (ContextHandler.java:doStop(910)) - Stopped o.e.j.w.WebAppContext@6aea99e7{/,null,UNAVAILABLE}{/hddsDatanode}
2019-09-03 19:26:44,043 [ForkJoinPool.commonPool-worker-0] INFO  server.AbstractConnector (AbstractConnector.java:doStop(318)) - Stopped ServerConnector@1c6a0103{HTTP/1.1,[http/1.1]}{0.0.0.0:0}
2019-09-03 19:26:44,044 [ForkJoinPool.commonPool-worker-0] INFO  handler.ContextHandler (ContextHandler.java:doStop(910)) - Stopped o.e.j.s.ServletContextHandler@7eb27768{/static,jar:file:/home/user/.m2/repository/org/apache/hadoop/hadoop-hdds-container-service/0.5.0-SNAPSHOT/hadoop-hdds-container-service-0.5.0-SNAPSHOT.jar!/webapps/static,UNAVAILABLE}
2019-09-03 19:26:44,045 [ForkJoinPool.commonPool-worker-0] INFO  handler.ContextHandler (ContextHandler.java:doStop(910)) - Stopped o.e.j.s.ServletContextHandler@7d133fb7{/logs,file:///workdir/hadoop-ozone/integration-test/target/log,UNAVAILABLE}
2019-09-03 19:26:44,046 [main] INFO  ozone.MiniOzoneClusterImpl (MiniOzoneClusterImpl.java:stop(339)) - Stopping the StorageContainerManager
2019-09-03 19:26:44,046 [main] INFO  server.StorageContainerManager (StorageContainerManager.java:stop(797)) - Stopping Replication Manager Service.
2019-09-03 19:26:44,046 [main] INFO  container.ReplicationManager (ReplicationManager.java:stop(203)) - Stopping Replication Monitor Thread.
2019-09-03 19:26:44,047 [main] INFO  server.StorageContainerManager (StorageContainerManager.java:stop(804)) - Stopping Lease Manager of the command watchers
2019-09-03 19:26:44,047 [main] INFO  server.StorageContainerManager (StorageContainerManager.java:stop(811)) - Stopping datanode service RPC server
2019-09-03 19:26:44,047 [main] INFO  server.SCMDatanodeProtocolServer (SCMDatanodeProtocolServer.java:stop(367)) - Stopping the RPC server for DataNodes
2019-09-03 19:26:44,047 [main] INFO  ipc.Server (Server.java:stop(3082)) - Stopping server on 44940
2019-09-03 19:26:44,050 [IPC Server listener on 44940] INFO  ipc.Server (Server.java:run(1185)) - Stopping IPC Server listener on 44940
2019-09-03 19:26:44,050 [IPC Server Responder] INFO  ipc.Server (Server.java:run(1319)) - Stopping IPC Server Responder
2019-09-03 19:26:44,098 [SCM Heartbeat Processing Thread - 0] WARN  node.NodeStateManager (NodeStateManager.java:scheduleNextHealthCheck(646)) - Current Thread is interrupted, shutting down HB processing thread for Node Manager.
2019-09-03 19:26:44,098 [main] INFO  server.StorageContainerManager (StorageContainerManager.java:stop(819)) - Stopping block service RPC server
2019-09-03 19:26:44,099 [main] INFO  server.SCMBlockProtocolServer (SCMBlockProtocolServer.java:stop(155)) - Stopping the RPC server for Block Protocol
2019-09-03 19:26:44,099 [main] INFO  ipc.Server (Server.java:stop(3082)) - Stopping server on 40089
2019-09-03 19:26:44,100 [IPC Server listener on 40089] INFO  ipc.Server (Server.java:run(1185)) - Stopping IPC Server listener on 40089
2019-09-03 19:26:44,100 [main] INFO  server.StorageContainerManager (StorageContainerManager.java:stop(826)) - Stopping the StorageContainerLocationProtocol RPC server
2019-09-03 19:26:44,102 [main] INFO  server.SCMClientProtocolServer (SCMClientProtocolServer.java:stop(159)) - Stopping the RPC server for Client Protocol
2019-09-03 19:26:44,102 [IPC Server Responder] INFO  ipc.Server (Server.java:run(1319)) - Stopping IPC Server Responder
2019-09-03 19:26:44,102 [main] INFO  ipc.Server (Server.java:stop(3082)) - Stopping server on 42252
2019-09-03 19:26:44,104 [IPC Server listener on 42252] INFO  ipc.Server (Server.java:run(1185)) - Stopping IPC Server listener on 42252
2019-09-03 19:26:44,104 [main] INFO  server.StorageContainerManager (StorageContainerManager.java:stop(833)) - Stopping Storage Container Manager HTTP server.
2019-09-03 19:26:44,105 [IPC Server Responder] INFO  ipc.Server (Server.java:run(1319)) - Stopping IPC Server Responder
2019-09-03 19:26:44,106 [main] INFO  handler.ContextHandler (ContextHandler.java:doStop(910)) - Stopped o.e.j.w.WebAppContext@7aded903{/,null,UNAVAILABLE}{/scm}
2019-09-03 19:26:44,106 [main] INFO  server.AbstractConnector (AbstractConnector.java:doStop(318)) - Stopped ServerConnector@2db86a7c{HTTP/1.1,[http/1.1]}{0.0.0.0:0}
2019-09-03 19:26:44,106 [main] INFO  handler.ContextHandler (ContextHandler.java:doStop(910)) - Stopped o.e.j.s.ServletContextHandler@4d354a3e{/static,file:///workdir/hadoop-ozone/integration-test/target/test-classes/webapps/static,UNAVAILABLE}
2019-09-03 19:26:44,107 [main] INFO  handler.ContextHandler (ContextHandler.java:doStop(910)) - Stopped o.e.j.s.ServletContextHandler@8e99809{/logs,file:///workdir/hadoop-ozone/integration-test/target/log,UNAVAILABLE}
2019-09-03 19:26:44,108 [main] INFO  server.StorageContainerManager (StorageContainerManager.java:stop(844)) - Stopping Block Manager Service.
2019-09-03 19:26:44,108 [main] INFO  utils.BackgroundService (BackgroundService.java:shutdown(148)) - Shutting down service SCMBlockDeletingService
2019-09-03 19:26:44,108 [main] INFO  utils.BackgroundService (BackgroundService.java:shutdown(148)) - Shutting down service SCMBlockDeletingService
2019-09-03 19:26:44,109 [main] INFO  server.StorageContainerManager (StorageContainerManager.java:stop(866)) - Stopping SCM Event Queue.
2019-09-03 19:26:44,112 [main] INFO  impl.MetricsSystemImpl (MetricsSystemImpl.java:stop(210)) - Stopping HddsDatanode metrics system...
2019-09-03 19:26:44,119 [main] INFO  impl.MetricsSystemImpl (MetricsSystemImpl.java:stop(216)) - HddsDatanode metrics system stopped.
]]></system-out>
  </testcase>
  <testcase name="testFailureWithPrimeSizedData" classname="org.apache.hadoop.ozone.client.rpc.TestBlockOutputStreamWithFailures" time="34.754"/>
  <testcase name="testWatchForCommitWithCloseContainerException" classname="org.apache.hadoop.ozone.client.rpc.TestBlockOutputStreamWithFailures" time="33.966"/>
  <testcase name="testExceptionDuringClose" classname="org.apache.hadoop.ozone.client.rpc.TestBlockOutputStreamWithFailures" time="37.534"/>
</testsuite>