<?xml version="1.0" encoding="UTF-8"?>
<testsuite xmlns:xsi="http://www.w3.org/2001/XMLSchema-instance" xsi:noNamespaceSchemaLocation="https://maven.apache.org/surefire/maven-surefire-plugin/xsd/surefire-test-report.xsd" name="org.apache.hadoop.ozone.client.rpc.TestWatchForCommit" time="241.24" tests="5" errors="1" skipped="0" failures="0">
  <properties>
    <property name="awt.toolkit" value="sun.awt.X11.XToolkit"/>
    <property name="file.encoding.pkg" value="sun.io"/>
    <property name="java.specification.version" value="1.8"/>
    <property name="sun.cpu.isalist" value=""/>
    <property name="sun.jnu.encoding" value="UTF-8"/>
    <property name="java.class.path" value="/workdir/hadoop-ozone/integration-test/target/test-classes:/workdir/hadoop-ozone/integration-test/target/classes:/home/user/.m2/repository/org/apache/hadoop/hadoop-ozone-common/0.5.0-SNAPSHOT/hadoop-ozone-common-0.5.0-SNAPSHOT.jar:/home/user/.m2/repository/org/apache/commons/commons-compress/1.4.1/commons-compress-1.4.1.jar:/home/user/.m2/repository/org/tukaani/xz/1.0/xz-1.0.jar:/home/user/.m2/repository/org/apache/hadoop/hadoop-common/3.2.0/hadoop-common-3.2.0.jar:/home/user/.m2/repository/org/apache/hadoop/hadoop-hdfs/3.2.0/hadoop-hdfs-3.2.0.jar:/home/user/.m2/repository/org/apache/hadoop/hadoop-hdfs-client/3.2.0/hadoop-hdfs-client-3.2.0.jar:/home/user/.m2/repository/com/fasterxml/jackson/core/jackson-annotations/2.9.5/jackson-annotations-2.9.5.jar:/home/user/.m2/repository/org/apache/hadoop/hadoop-hdds-common/0.5.0-SNAPSHOT/hadoop-hdds-common-0.5.0-SNAPSHOT.jar:/home/user/.m2/repository/javax/annotation/javax.annotation-api/1.2/javax.annotation-api-1.2.jar:/home/user/.m2/repository/org/apache/ratis/ratis-server/0.4.0-2337318-SNAPSHOT/ratis-server-0.4.0-2337318-SNAPSHOT.jar:/home/user/.m2/repository/org/apache/ratis/ratis-thirdparty-misc/0.2.0/ratis-thirdparty-misc-0.2.0.jar:/home/user/.m2/repository/org/apache/ratis/ratis-proto/0.4.0-2337318-SNAPSHOT/ratis-proto-0.4.0-2337318-SNAPSHOT.jar:/home/user/.m2/repository/org/apache/ratis/ratis-common/0.4.0-2337318-SNAPSHOT/ratis-common-0.4.0-2337318-SNAPSHOT.jar:/home/user/.m2/repository/org/apache/ratis/ratis-client/0.4.0-2337318-SNAPSHOT/ratis-client-0.4.0-2337318-SNAPSHOT.jar:/home/user/.m2/repository/org/apache/ratis/ratis-metrics/0.4.0-2337318-SNAPSHOT/ratis-metrics-0.4.0-2337318-SNAPSHOT.jar:/home/user/.m2/repository/org/apache/ratis/ratis-netty/0.4.0-2337318-SNAPSHOT/ratis-netty-0.4.0-2337318-SNAPSHOT.jar:/home/user/.m2/repository/org/apache/ratis/ratis-grpc/0.4.0-2337318-SNAPSHOT/ratis-grpc-0.4.0-2337318-SNAPSHOT.jar:/home/user/.m2/repository/org/rocksdb/rocksdbjni/6.0.1/rocksdbjni-6.0.1.jar:/home/user/.m2/repository/org/apache/logging/log4j/log4j-api/2.11.0/log4j-api-2.11.0.jar:/home/user/.m2/repository/org/apache/logging/log4j/log4j-core/2.11.0/log4j-core-2.11.0.jar:/home/user/.m2/repository/com/lmax/disruptor/3.4.2/disruptor-3.4.2.jar:/home/user/.m2/repository/org/apache/commons/commons-pool2/2.6.0/commons-pool2-2.6.0.jar:/home/user/.m2/repository/org/bouncycastle/bcpkix-jdk15on/1.60/bcpkix-jdk15on-1.60.jar:/home/user/.m2/repository/commons-validator/commons-validator/1.6/commons-validator-1.6.jar:/home/user/.m2/repository/commons-digester/commons-digester/1.8.1/commons-digester-1.8.1.jar:/home/user/.m2/repository/io/jaegertracing/jaeger-client/0.33.1/jaeger-client-0.33.1.jar:/home/user/.m2/repository/io/jaegertracing/jaeger-thrift/0.33.1/jaeger-thrift-0.33.1.jar:/home/user/.m2/repository/org/apache/thrift/libthrift/0.11.0/libthrift-0.11.0.jar:/home/user/.m2/repository/com/squareup/okhttp3/okhttp/3.9.0/okhttp-3.9.0.jar:/home/user/.m2/repository/com/squareup/okio/okio/1.13.0/okio-1.13.0.jar:/home/user/.m2/repository/io/jaegertracing/jaeger-core/0.33.1/jaeger-core-0.33.1.jar:/home/user/.m2/repository/io/jaegertracing/jaeger-tracerresolver/0.33.1/jaeger-tracerresolver-0.33.1.jar:/home/user/.m2/repository/io/opentracing/contrib/opentracing-tracerresolver/0.1.5/opentracing-tracerresolver-0.1.5.jar:/home/user/.m2/repository/io/opentracing/opentracing-util/0.31.0/opentracing-util-0.31.0.jar:/home/user/.m2/repository/io/opentracing/opentracing-api/0.31.0/opentracing-api-0.31.0.jar:/home/user/.m2/repository/io/opentracing/opentracing-noop/0.31.0/opentracing-noop-0.31.0.jar:/home/user/.m2/repository/org/apache/hadoop/hadoop-hdds-server-framework/0.5.0-SNAPSHOT/hadoop-hdds-server-framework-0.5.0-SNAPSHOT.jar:/home/user/.m2/repository/org/apache/hadoop/hadoop-hdds-container-service/0.5.0-SNAPSHOT/hadoop-hdds-container-service-0.5.0-SNAPSHOT.jar:/home/user/.m2/repository/org/apache/hadoop/hadoop-hdds-client/0.5.0-SNAPSHOT/hadoop-hdds-client-0.5.0-SNAPSHOT.jar:/home/user/.m2/repository/org/apache/hadoop/hadoop-hdds-tools/0.5.0-SNAPSHOT/hadoop-hdds-tools-0.5.0-SNAPSHOT.jar:/home/user/.m2/repository/org/apache/hadoop/hadoop-hdds-server-scm/0.5.0-SNAPSHOT/hadoop-hdds-server-scm-0.5.0-SNAPSHOT.jar:/home/user/.m2/repository/org/apache/hadoop/hadoop-hdds-docs/0.5.0-SNAPSHOT/hadoop-hdds-docs-0.5.0-SNAPSHOT.jar:/home/user/.m2/repository/io/dropwizard/metrics/metrics-core/3.2.4/metrics-core-3.2.4.jar:/home/user/.m2/repository/org/hamcrest/hamcrest-all/1.3/hamcrest-all-1.3.jar:/home/user/.m2/repository/org/bouncycastle/bcprov-jdk15on/1.60/bcprov-jdk15on-1.60.jar:/home/user/.m2/repository/info/picocli/picocli/3.9.6/picocli-3.9.6.jar:/home/user/.m2/repository/com/google/protobuf/protobuf-java/2.5.0/protobuf-java-2.5.0.jar:/home/user/.m2/repository/com/google/guava/guava/11.0.2/guava-11.0.2.jar:/home/user/.m2/repository/org/apache/hadoop/hadoop-ozone-ozone-manager/0.5.0-SNAPSHOT/hadoop-ozone-ozone-manager-0.5.0-SNAPSHOT.jar:/home/user/.m2/repository/org/apache/hadoop/hadoop-minikdc/3.2.0/hadoop-minikdc-3.2.0.jar:/home/user/.m2/repository/commons-io/commons-io/2.5/commons-io-2.5.jar:/home/user/.m2/repository/org/apache/kerby/kerb-simplekdc/1.0.1/kerb-simplekdc-1.0.1.jar:/home/user/.m2/repository/org/apache/kerby/kerb-client/1.0.1/kerb-client-1.0.1.jar:/home/user/.m2/repository/org/apache/kerby/kerby-config/1.0.1/kerby-config-1.0.1.jar:/home/user/.m2/repository/org/apache/kerby/kerb-core/1.0.1/kerb-core-1.0.1.jar:/home/user/.m2/repository/org/apache/kerby/kerby-pkix/1.0.1/kerby-pkix-1.0.1.jar:/home/user/.m2/repository/org/apache/kerby/kerby-asn1/1.0.1/kerby-asn1-1.0.1.jar:/home/user/.m2/repository/org/apache/kerby/kerby-util/1.0.1/kerby-util-1.0.1.jar:/home/user/.m2/repository/org/apache/kerby/kerb-common/1.0.1/kerb-common-1.0.1.jar:/home/user/.m2/repository/org/apache/kerby/kerb-crypto/1.0.1/kerb-crypto-1.0.1.jar:/home/user/.m2/repository/org/apache/kerby/kerb-util/1.0.1/kerb-util-1.0.1.jar:/home/user/.m2/repository/org/apache/kerby/token-provider/1.0.1/token-provider-1.0.1.jar:/home/user/.m2/repository/org/apache/kerby/kerb-admin/1.0.1/kerb-admin-1.0.1.jar:/home/user/.m2/repository/org/apache/kerby/kerb-server/1.0.1/kerb-server-1.0.1.jar:/home/user/.m2/repository/org/apache/kerby/kerb-identity/1.0.1/kerb-identity-1.0.1.jar:/home/user/.m2/repository/org/apache/kerby/kerby-xdr/1.0.1/kerby-xdr-1.0.1.jar:/home/user/.m2/repository/org/slf4j/slf4j-log4j12/1.7.25/slf4j-log4j12-1.7.25.jar:/home/user/.m2/repository/org/apache/hadoop/hadoop-ozone-s3gateway/0.5.0-SNAPSHOT/hadoop-ozone-s3gateway-0.5.0-SNAPSHOT.jar:/home/user/.m2/repository/org/jboss/weld/servlet/weld-servlet/2.4.7.Final/weld-servlet-2.4.7.Final.jar:/home/user/.m2/repository/org/glassfish/jersey/containers/jersey-container-servlet-core/2.27/jersey-container-servlet-core-2.27.jar:/home/user/.m2/repository/org/glassfish/hk2/external/javax.inject/2.5.0-b42/javax.inject-2.5.0-b42.jar:/home/user/.m2/repository/org/glassfish/jersey/core/jersey-common/2.27/jersey-common-2.27.jar:/home/user/.m2/repository/org/glassfish/hk2/osgi-resource-locator/1.0.1/osgi-resource-locator-1.0.1.jar:/home/user/.m2/repository/javax/ws/rs/javax.ws.rs-api/2.1/javax.ws.rs-api-2.1.jar:/home/user/.m2/repository/org/glassfish/jersey/ext/cdi/jersey-cdi1x/2.27/jersey-cdi1x-2.27.jar:/home/user/.m2/repository/org/glassfish/jersey/inject/jersey-hk2/2.27/jersey-hk2-2.27.jar:/home/user/.m2/repository/org/glassfish/hk2/hk2-locator/2.5.0-b42/hk2-locator-2.5.0-b42.jar:/home/user/.m2/repository/org/javassist/javassist/3.22.0-CR2/javassist-3.22.0-CR2.jar:/home/user/.m2/repository/org/glassfish/hk2/hk2-api/2.5.0/hk2-api-2.5.0.jar:/home/user/.m2/repository/org/glassfish/hk2/external/jakarta.inject/2.5.0/jakarta.inject-2.5.0.jar:/home/user/.m2/repository/org/glassfish/hk2/hk2-utils/2.5.0/hk2-utils-2.5.0.jar:/home/user/.m2/repository/jakarta/annotation/jakarta.annotation-api/1.3.4/jakarta.annotation-api-1.3.4.jar:/home/user/.m2/repository/org/glassfish/hk2/external/aopalliance-repackaged/2.5.0/aopalliance-repackaged-2.5.0.jar:/home/user/.m2/repository/com/fasterxml/jackson/dataformat/jackson-dataformat-xml/2.9.0/jackson-dataformat-xml-2.9.0.jar:/home/user/.m2/repository/com/fasterxml/jackson/core/jackson-core/2.9.5/jackson-core-2.9.5.jar:/home/user/.m2/repository/com/fasterxml/jackson/module/jackson-module-jaxb-annotations/2.9.5/jackson-module-jaxb-annotations-2.9.5.jar:/home/user/.m2/repository/javax/enterprise/cdi-api/1.2/cdi-api-1.2.jar:/home/user/.m2/repository/javax/el/javax.el-api/3.0.0/javax.el-api-3.0.0.jar:/home/user/.m2/repository/javax/interceptor/javax.interceptor-api/1.2/javax.interceptor-api-1.2.jar:/home/user/.m2/repository/javax/inject/javax.inject/1/javax.inject-1.jar:/home/user/.m2/repository/com/sun/xml/bind/jaxb-impl/2.3.0.1/jaxb-impl-2.3.0.1.jar:/home/user/.m2/repository/com/sun/xml/bind/jaxb-core/2.3.0.1/jaxb-core-2.3.0.1.jar:/home/user/.m2/repository/javax/xml/bind/jaxb-api/2.3.0/jaxb-api-2.3.0.jar:/home/user/.m2/repository/javax/activation/activation/1.1.1/activation-1.1.1.jar:/home/user/.m2/repository/org/apache/hadoop/hadoop-ozone-csi/0.5.0-SNAPSHOT/hadoop-ozone-csi-0.5.0-SNAPSHOT.jar:/home/user/.m2/repository/com/google/protobuf/protobuf-java-util/3.5.1/protobuf-java-util-3.5.1.jar:/home/user/.m2/repository/org/apache/hadoop/hadoop-hdds-config/0.5.0-SNAPSHOT/hadoop-hdds-config-0.5.0-SNAPSHOT.jar:/home/user/.m2/repository/io/grpc/grpc-netty/1.17.1/grpc-netty-1.17.1.jar:/home/user/.m2/repository/io/grpc/grpc-core/1.17.1/grpc-core-1.17.1.jar:/home/user/.m2/repository/io/grpc/grpc-context/1.17.1/grpc-context-1.17.1.jar:/home/user/.m2/repository/com/google/errorprone/error_prone_annotations/2.2.0/error_prone_annotations-2.2.0.jar:/home/user/.m2/repository/org/codehaus/mojo/animal-sniffer-annotations/1.17/animal-sniffer-annotations-1.17.jar:/home/user/.m2/repository/io/opencensus/opencensus-api/0.17.0/opencensus-api-0.17.0.jar:/home/user/.m2/repository/io/opencensus/opencensus-contrib-grpc-metrics/0.17.0/opencensus-contrib-grpc-metrics-0.17.0.jar:/home/user/.m2/repository/io/netty/netty-codec-http2/4.1.30.Final/netty-codec-http2-4.1.30.Final.jar:/home/user/.m2/repository/io/netty/netty-codec-http/4.1.30.Final/netty-codec-http-4.1.30.Final.jar:/home/user/.m2/repository/io/netty/netty-codec/4.1.30.Final/netty-codec-4.1.30.Final.jar:/home/user/.m2/repository/io/netty/netty-handler/4.1.30.Final/netty-handler-4.1.30.Final.jar:/home/user/.m2/repository/io/netty/netty-handler-proxy/4.1.30.Final/netty-handler-proxy-4.1.30.Final.jar:/home/user/.m2/repository/io/netty/netty-codec-socks/4.1.30.Final/netty-codec-socks-4.1.30.Final.jar:/home/user/.m2/repository/io/netty/netty-transport-native-epoll/4.1.30.Final/netty-transport-native-epoll-4.1.30.Final.jar:/home/user/.m2/repository/io/netty/netty-common/4.1.30.Final/netty-common-4.1.30.Final.jar:/home/user/.m2/repository/io/netty/netty-buffer/4.1.30.Final/netty-buffer-4.1.30.Final.jar:/home/user/.m2/repository/io/netty/netty-transport/4.1.30.Final/netty-transport-4.1.30.Final.jar:/home/user/.m2/repository/io/netty/netty-resolver/4.1.30.Final/netty-resolver-4.1.30.Final.jar:/home/user/.m2/repository/io/netty/netty-transport-native-unix-common/4.1.30.Final/netty-transport-native-unix-common-4.1.30.Final.jar:/home/user/.m2/repository/io/grpc/grpc-protobuf/1.17.1/grpc-protobuf-1.17.1.jar:/home/user/.m2/repository/com/google/api/grpc/proto-google-common-protos/1.0.0/proto-google-common-protos-1.0.0.jar:/home/user/.m2/repository/io/grpc/grpc-protobuf-lite/1.17.1/grpc-protobuf-lite-1.17.1.jar:/home/user/.m2/repository/io/grpc/grpc-stub/1.17.1/grpc-stub-1.17.1.jar:/home/user/.m2/repository/org/apache/hadoop/hadoop-ozone-recon/0.5.0-SNAPSHOT/hadoop-ozone-recon-0.5.0-SNAPSHOT.jar:/home/user/.m2/repository/org/apache/hadoop/hadoop-ozone-reconcodegen/0.5.0-SNAPSHOT/hadoop-ozone-reconcodegen-0.5.0-SNAPSHOT.jar:/home/user/.m2/repository/com/google/inject/extensions/guice-multibindings/4.0/guice-multibindings-4.0.jar:/home/user/.m2/repository/com/google/inject/guice/4.0/guice-4.0.jar:/home/user/.m2/repository/aopalliance/aopalliance/1.0/aopalliance-1.0.jar:/home/user/.m2/repository/com/google/inject/extensions/guice-servlet/4.0/guice-servlet-4.0.jar:/home/user/.m2/repository/org/glassfish/jersey/containers/jersey-container-servlet/2.27/jersey-container-servlet-2.27.jar:/home/user/.m2/repository/org/glassfish/hk2/guice-bridge/2.5.0/guice-bridge-2.5.0.jar:/home/user/.m2/repository/org/glassfish/jersey/core/jersey-server/2.27/jersey-server-2.27.jar:/home/user/.m2/repository/org/glassfish/jersey/core/jersey-client/2.27/jersey-client-2.27.jar:/home/user/.m2/repository/org/glassfish/jersey/media/jersey-media-jaxb/2.27/jersey-media-jaxb-2.27.jar:/home/user/.m2/repository/javax/validation/validation-api/1.1.0.Final/validation-api-1.1.0.Final.jar:/home/user/.m2/repository/org/glassfish/jersey/media/jersey-media-json-jackson/2.27/jersey-media-json-jackson-2.27.jar:/home/user/.m2/repository/org/glassfish/jersey/ext/jersey-entity-filtering/2.27/jersey-entity-filtering-2.27.jar:/home/user/.m2/repository/com/google/inject/extensions/guice-assistedinject/4.0/guice-assistedinject-4.0.jar:/home/user/.m2/repository/org/jooq/jooq/3.11.10/jooq-3.11.10.jar:/home/user/.m2/repository/org/jooq/jooq-meta/3.11.10/jooq-meta-3.11.10.jar:/home/user/.m2/repository/org/jooq/jooq-codegen/3.11.10/jooq-codegen-3.11.10.jar:/home/user/.m2/repository/com/jolbox/bonecp/0.8.0.RELEASE/bonecp-0.8.0.RELEASE.jar:/home/user/.m2/repository/org/xerial/sqlite-jdbc/3.25.2/sqlite-jdbc-3.25.2.jar:/home/user/.m2/repository/org/springframework/spring-jdbc/5.1.3.RELEASE/spring-jdbc-5.1.3.RELEASE.jar:/home/user/.m2/repository/org/springframework/spring-beans/5.1.3.RELEASE/spring-beans-5.1.3.RELEASE.jar:/home/user/.m2/repository/org/springframework/spring-core/5.1.3.RELEASE/spring-core-5.1.3.RELEASE.jar:/home/user/.m2/repository/org/springframework/spring-jcl/5.1.3.RELEASE/spring-jcl-5.1.3.RELEASE.jar:/home/user/.m2/repository/org/springframework/spring-tx/5.1.3.RELEASE/spring-tx-5.1.3.RELEASE.jar:/home/user/.m2/repository/org/apache/hadoop/hadoop-ozone-client/0.5.0-SNAPSHOT/hadoop-ozone-client-0.5.0-SNAPSHOT.jar:/home/user/.m2/repository/commons-lang/commons-lang/2.6/commons-lang-2.6.jar:/home/user/.m2/repository/org/apache/hadoop/hadoop-ozone-ozone-manager/0.5.0-SNAPSHOT/hadoop-ozone-ozone-manager-0.5.0-SNAPSHOT-tests.jar:/home/user/.m2/repository/junit/junit/4.11/junit-4.11.jar:/home/user/.m2/repository/org/hamcrest/hamcrest-core/1.3/hamcrest-core-1.3.jar:/home/user/.m2/repository/org/openjdk/jmh/jmh-core/1.19/jmh-core-1.19.jar:/home/user/.m2/repository/net/sf/jopt-simple/jopt-simple/4.6/jopt-simple-4.6.jar:/home/user/.m2/repository/org/apache/commons/commons-math3/3.1.1/commons-math3-3.1.1.jar:/home/user/.m2/repository/org/openjdk/jmh/jmh-generator-annprocess/1.19/jmh-generator-annprocess-1.19.jar:/home/user/.m2/repository/org/mockito/mockito-all/1.8.5/mockito-all-1.8.5.jar:/home/user/.m2/repository/org/apache/hadoop/hadoop-kms/3.2.0/hadoop-kms-3.2.0.jar:/home/user/.m2/repository/org/apache/hadoop/hadoop-auth/3.2.0/hadoop-auth-3.2.0.jar:/home/user/.m2/repository/com/nimbusds/nimbus-jose-jwt/4.41.1/nimbus-jose-jwt-4.41.1.jar:/home/user/.m2/repository/com/github/stephenc/jcip/jcip-annotations/1.0-1/jcip-annotations-1.0-1.jar:/home/user/.m2/repository/net/minidev/json-smart/2.3/json-smart-2.3.jar:/home/user/.m2/repository/net/minidev/accessors-smart/1.2/accessors-smart-1.2.jar:/home/user/.m2/repository/org/ow2/asm/asm/5.0.4/asm-5.0.4.jar:/home/user/.m2/repository/org/apache/curator/curator-framework/2.12.0/curator-framework-2.12.0.jar:/home/user/.m2/repository/com/sun/jersey/jersey-core/1.19/jersey-core-1.19.jar:/home/user/.m2/repository/javax/ws/rs/jsr311-api/1.1.1/jsr311-api-1.1.1.jar:/home/user/.m2/repository/com/sun/jersey/jersey-server/1.19/jersey-server-1.19.jar:/home/user/.m2/repository/javax/servlet/javax.servlet-api/3.1.0/javax.servlet-api-3.1.0.jar:/home/user/.m2/repository/org/eclipse/jetty/jetty-server/9.3.24.v20180605/jetty-server-9.3.24.v20180605.jar:/home/user/.m2/repository/org/eclipse/jetty/jetty-http/9.3.24.v20180605/jetty-http-9.3.24.v20180605.jar:/home/user/.m2/repository/org/eclipse/jetty/jetty-io/9.3.24.v20180605/jetty-io-9.3.24.v20180605.jar:/home/user/.m2/repository/org/eclipse/jetty/jetty-webapp/9.3.24.v20180605/jetty-webapp-9.3.24.v20180605.jar:/home/user/.m2/repository/org/eclipse/jetty/jetty-xml/9.3.24.v20180605/jetty-xml-9.3.24.v20180605.jar:/home/user/.m2/repository/log4j/log4j/1.2.17/log4j-1.2.17.jar:/home/user/.m2/repository/org/slf4j/slf4j-api/1.7.25/slf4j-api-1.7.25.jar:/home/user/.m2/repository/org/slf4j/jul-to-slf4j/1.7.25/jul-to-slf4j-1.7.25.jar:/home/user/.m2/repository/org/eclipse/jetty/jetty-util/9.3.24.v20180605/jetty-util-9.3.24.v20180605.jar:/home/user/.m2/repository/com/fasterxml/jackson/core/jackson-databind/2.9.5/jackson-databind-2.9.5.jar:/home/user/.m2/repository/org/apache/hadoop/hadoop-kms/3.2.0/hadoop-kms-3.2.0-tests.jar:/home/user/.m2/repository/org/apache/hadoop/hadoop-hdds-server-scm/0.5.0-SNAPSHOT/hadoop-hdds-server-scm-0.5.0-SNAPSHOT-tests.jar:/home/user/.m2/repository/org/apache/hadoop/hadoop-hdds-container-service/0.5.0-SNAPSHOT/hadoop-hdds-container-service-0.5.0-SNAPSHOT-tests.jar:/home/user/.m2/repository/org/yaml/snakeyaml/1.16/snakeyaml-1.16.jar:/home/user/.m2/repository/org/apache/hadoop/hadoop-common/3.2.0/hadoop-common-3.2.0-tests.jar:/home/user/.m2/repository/org/apache/hadoop/hadoop-annotations/3.2.0/hadoop-annotations-3.2.0.jar:/usr/lib/jvm/java-1.8-openjdk/jre/../lib/tools.jar:/home/user/.m2/repository/commons-cli/commons-cli/1.2/commons-cli-1.2.jar:/home/user/.m2/repository/org/apache/httpcomponents/httpclient/4.5.2/httpclient-4.5.2.jar:/home/user/.m2/repository/org/apache/httpcomponents/httpcore/4.4.4/httpcore-4.4.4.jar:/home/user/.m2/repository/commons-codec/commons-codec/1.11/commons-codec-1.11.jar:/home/user/.m2/repository/commons-net/commons-net/3.6/commons-net-3.6.jar:/home/user/.m2/repository/commons-collections/commons-collections/3.2.2/commons-collections-3.2.2.jar:/home/user/.m2/repository/org/eclipse/jetty/jetty-servlet/9.3.24.v20180605/jetty-servlet-9.3.24.v20180605.jar:/home/user/.m2/repository/org/eclipse/jetty/jetty-security/9.3.24.v20180605/jetty-security-9.3.24.v20180605.jar:/home/user/.m2/repository/javax/servlet/jsp/jsp-api/2.1/jsp-api-2.1.jar:/home/user/.m2/repository/com/sun/jersey/jersey-servlet/1.19/jersey-servlet-1.19.jar:/home/user/.m2/repository/com/sun/jersey/jersey-json/1.19/jersey-json-1.19.jar:/home/user/.m2/repository/org/codehaus/jettison/jettison/1.1/jettison-1.1.jar:/home/user/.m2/repository/org/codehaus/jackson/jackson-core-asl/1.9.13/jackson-core-asl-1.9.13.jar:/home/user/.m2/repository/org/codehaus/jackson/jackson-mapper-asl/1.9.13/jackson-mapper-asl-1.9.13.jar:/home/user/.m2/repository/org/codehaus/jackson/jackson-jaxrs/1.9.13/jackson-jaxrs-1.9.13.jar:/home/user/.m2/repository/org/codehaus/jackson/jackson-xc/1.9.13/jackson-xc-1.9.13.jar:/home/user/.m2/repository/commons-logging/commons-logging/1.1.3/commons-logging-1.1.3.jar:/home/user/.m2/repository/commons-beanutils/commons-beanutils/1.9.3/commons-beanutils-1.9.3.jar:/home/user/.m2/repository/org/apache/commons/commons-configuration2/2.1.1/commons-configuration2-2.1.1.jar:/home/user/.m2/repository/org/apache/commons/commons-lang3/3.7/commons-lang3-3.7.jar:/home/user/.m2/repository/org/apache/commons/commons-text/1.4/commons-text-1.4.jar:/home/user/.m2/repository/org/apache/avro/avro/1.7.7/avro-1.7.7.jar:/home/user/.m2/repository/com/thoughtworks/paranamer/paranamer/2.3/paranamer-2.3.jar:/home/user/.m2/repository/org/xerial/snappy/snappy-java/1.0.5/snappy-java-1.0.5.jar:/home/user/.m2/repository/com/google/re2j/re2j/1.1/re2j-1.1.jar:/home/user/.m2/repository/com/google/code/gson/gson/2.2.4/gson-2.2.4.jar:/home/user/.m2/repository/com/jcraft/jsch/0.1.54/jsch-0.1.54.jar:/home/user/.m2/repository/org/apache/curator/curator-client/2.12.0/curator-client-2.12.0.jar:/home/user/.m2/repository/org/apache/curator/curator-recipes/2.12.0/curator-recipes-2.12.0.jar:/home/user/.m2/repository/com/google/code/findbugs/jsr305/3.0.0/jsr305-3.0.0.jar:/home/user/.m2/repository/org/apache/htrace/htrace-core4/4.1.0-incubating/htrace-core4-4.1.0-incubating.jar:/home/user/.m2/repository/org/apache/zookeeper/zookeeper/3.4.13/zookeeper-3.4.13.jar:/home/user/.m2/repository/org/apache/yetus/audience-annotations/0.5.0/audience-annotations-0.5.0.jar:/home/user/.m2/repository/org/codehaus/woodstox/stax2-api/3.1.4/stax2-api-3.1.4.jar:/home/user/.m2/repository/com/fasterxml/woodstox/woodstox-core/5.0.3/woodstox-core-5.0.3.jar:/home/user/.m2/repository/dnsjava/dnsjava/2.1.7/dnsjava-2.1.7.jar:/home/user/.m2/repository/org/apache/hadoop/hadoop-hdfs/3.2.0/hadoop-hdfs-3.2.0-tests.jar:/home/user/.m2/repository/org/eclipse/jetty/jetty-util-ajax/9.3.24.v20180605/jetty-util-ajax-9.3.24.v20180605.jar:/home/user/.m2/repository/commons-daemon/commons-daemon/1.0.13/commons-daemon-1.0.13.jar:/home/user/.m2/repository/io/netty/netty/3.10.5.Final/netty-3.10.5.Final.jar:/home/user/.m2/repository/io/netty/netty-all/4.0.52.Final/netty-all-4.0.52.Final.jar:/home/user/.m2/repository/org/fusesource/leveldbjni/leveldbjni-all/1.8/leveldbjni-all-1.8.jar:"/>
    <property name="java.vm.vendor" value="IcedTea"/>
    <property name="sun.arch.data.model" value="64"/>
    <property name="test.build.dir" value="/workdir/hadoop-ozone/integration-test/target/test-dir"/>
    <property name="test.cache.data" value=""/>
    <property name="java.vendor.url" value="https://icedtea.classpath.org"/>
    <property name="user.timezone" value=""/>
    <property name="java.vm.specification.version" value="1.8"/>
    <property name="os.name" value="Linux"/>
    <property name="test.build.data" value="/workdir/hadoop-ozone/integration-test/target/test-dir"/>
    <property name="user.country" value="US"/>
    <property name="sun.java.launcher" value="SUN_STANDARD"/>
    <property name="sun.boot.library.path" value="/usr/lib/jvm/java-1.8-openjdk/jre/lib/amd64"/>
    <property name="sun.java.command" value="/workdir/hadoop-ozone/integration-test/target/surefire/surefirebooter3347167886360127293.jar /workdir/hadoop-ozone/integration-test/target/surefire 2019-09-03T19-04-25_743-jvmRun1 surefire7776767372768100467tmp surefire_186867562368730707275tmp"/>
    <property name="test" value="!TestMiniChaosOzoneCluster"/>
    <property name="surefire.test.class.path" value="/workdir/hadoop-ozone/integration-test/target/test-classes:/workdir/hadoop-ozone/integration-test/target/classes:/home/user/.m2/repository/org/apache/hadoop/hadoop-ozone-common/0.5.0-SNAPSHOT/hadoop-ozone-common-0.5.0-SNAPSHOT.jar:/home/user/.m2/repository/org/apache/commons/commons-compress/1.4.1/commons-compress-1.4.1.jar:/home/user/.m2/repository/org/tukaani/xz/1.0/xz-1.0.jar:/home/user/.m2/repository/org/apache/hadoop/hadoop-common/3.2.0/hadoop-common-3.2.0.jar:/home/user/.m2/repository/org/apache/hadoop/hadoop-hdfs/3.2.0/hadoop-hdfs-3.2.0.jar:/home/user/.m2/repository/org/apache/hadoop/hadoop-hdfs-client/3.2.0/hadoop-hdfs-client-3.2.0.jar:/home/user/.m2/repository/com/fasterxml/jackson/core/jackson-annotations/2.9.5/jackson-annotations-2.9.5.jar:/home/user/.m2/repository/org/apache/hadoop/hadoop-hdds-common/0.5.0-SNAPSHOT/hadoop-hdds-common-0.5.0-SNAPSHOT.jar:/home/user/.m2/repository/javax/annotation/javax.annotation-api/1.2/javax.annotation-api-1.2.jar:/home/user/.m2/repository/org/apache/ratis/ratis-server/0.4.0-2337318-SNAPSHOT/ratis-server-0.4.0-2337318-SNAPSHOT.jar:/home/user/.m2/repository/org/apache/ratis/ratis-thirdparty-misc/0.2.0/ratis-thirdparty-misc-0.2.0.jar:/home/user/.m2/repository/org/apache/ratis/ratis-proto/0.4.0-2337318-SNAPSHOT/ratis-proto-0.4.0-2337318-SNAPSHOT.jar:/home/user/.m2/repository/org/apache/ratis/ratis-common/0.4.0-2337318-SNAPSHOT/ratis-common-0.4.0-2337318-SNAPSHOT.jar:/home/user/.m2/repository/org/apache/ratis/ratis-client/0.4.0-2337318-SNAPSHOT/ratis-client-0.4.0-2337318-SNAPSHOT.jar:/home/user/.m2/repository/org/apache/ratis/ratis-metrics/0.4.0-2337318-SNAPSHOT/ratis-metrics-0.4.0-2337318-SNAPSHOT.jar:/home/user/.m2/repository/org/apache/ratis/ratis-netty/0.4.0-2337318-SNAPSHOT/ratis-netty-0.4.0-2337318-SNAPSHOT.jar:/home/user/.m2/repository/org/apache/ratis/ratis-grpc/0.4.0-2337318-SNAPSHOT/ratis-grpc-0.4.0-2337318-SNAPSHOT.jar:/home/user/.m2/repository/org/rocksdb/rocksdbjni/6.0.1/rocksdbjni-6.0.1.jar:/home/user/.m2/repository/org/apache/logging/log4j/log4j-api/2.11.0/log4j-api-2.11.0.jar:/home/user/.m2/repository/org/apache/logging/log4j/log4j-core/2.11.0/log4j-core-2.11.0.jar:/home/user/.m2/repository/com/lmax/disruptor/3.4.2/disruptor-3.4.2.jar:/home/user/.m2/repository/org/apache/commons/commons-pool2/2.6.0/commons-pool2-2.6.0.jar:/home/user/.m2/repository/org/bouncycastle/bcpkix-jdk15on/1.60/bcpkix-jdk15on-1.60.jar:/home/user/.m2/repository/commons-validator/commons-validator/1.6/commons-validator-1.6.jar:/home/user/.m2/repository/commons-digester/commons-digester/1.8.1/commons-digester-1.8.1.jar:/home/user/.m2/repository/io/jaegertracing/jaeger-client/0.33.1/jaeger-client-0.33.1.jar:/home/user/.m2/repository/io/jaegertracing/jaeger-thrift/0.33.1/jaeger-thrift-0.33.1.jar:/home/user/.m2/repository/org/apache/thrift/libthrift/0.11.0/libthrift-0.11.0.jar:/home/user/.m2/repository/com/squareup/okhttp3/okhttp/3.9.0/okhttp-3.9.0.jar:/home/user/.m2/repository/com/squareup/okio/okio/1.13.0/okio-1.13.0.jar:/home/user/.m2/repository/io/jaegertracing/jaeger-core/0.33.1/jaeger-core-0.33.1.jar:/home/user/.m2/repository/io/jaegertracing/jaeger-tracerresolver/0.33.1/jaeger-tracerresolver-0.33.1.jar:/home/user/.m2/repository/io/opentracing/contrib/opentracing-tracerresolver/0.1.5/opentracing-tracerresolver-0.1.5.jar:/home/user/.m2/repository/io/opentracing/opentracing-util/0.31.0/opentracing-util-0.31.0.jar:/home/user/.m2/repository/io/opentracing/opentracing-api/0.31.0/opentracing-api-0.31.0.jar:/home/user/.m2/repository/io/opentracing/opentracing-noop/0.31.0/opentracing-noop-0.31.0.jar:/home/user/.m2/repository/org/apache/hadoop/hadoop-hdds-server-framework/0.5.0-SNAPSHOT/hadoop-hdds-server-framework-0.5.0-SNAPSHOT.jar:/home/user/.m2/repository/org/apache/hadoop/hadoop-hdds-container-service/0.5.0-SNAPSHOT/hadoop-hdds-container-service-0.5.0-SNAPSHOT.jar:/home/user/.m2/repository/org/apache/hadoop/hadoop-hdds-client/0.5.0-SNAPSHOT/hadoop-hdds-client-0.5.0-SNAPSHOT.jar:/home/user/.m2/repository/org/apache/hadoop/hadoop-hdds-tools/0.5.0-SNAPSHOT/hadoop-hdds-tools-0.5.0-SNAPSHOT.jar:/home/user/.m2/repository/org/apache/hadoop/hadoop-hdds-server-scm/0.5.0-SNAPSHOT/hadoop-hdds-server-scm-0.5.0-SNAPSHOT.jar:/home/user/.m2/repository/org/apache/hadoop/hadoop-hdds-docs/0.5.0-SNAPSHOT/hadoop-hdds-docs-0.5.0-SNAPSHOT.jar:/home/user/.m2/repository/io/dropwizard/metrics/metrics-core/3.2.4/metrics-core-3.2.4.jar:/home/user/.m2/repository/org/hamcrest/hamcrest-all/1.3/hamcrest-all-1.3.jar:/home/user/.m2/repository/org/bouncycastle/bcprov-jdk15on/1.60/bcprov-jdk15on-1.60.jar:/home/user/.m2/repository/info/picocli/picocli/3.9.6/picocli-3.9.6.jar:/home/user/.m2/repository/com/google/protobuf/protobuf-java/2.5.0/protobuf-java-2.5.0.jar:/home/user/.m2/repository/com/google/guava/guava/11.0.2/guava-11.0.2.jar:/home/user/.m2/repository/org/apache/hadoop/hadoop-ozone-ozone-manager/0.5.0-SNAPSHOT/hadoop-ozone-ozone-manager-0.5.0-SNAPSHOT.jar:/home/user/.m2/repository/org/apache/hadoop/hadoop-minikdc/3.2.0/hadoop-minikdc-3.2.0.jar:/home/user/.m2/repository/commons-io/commons-io/2.5/commons-io-2.5.jar:/home/user/.m2/repository/org/apache/kerby/kerb-simplekdc/1.0.1/kerb-simplekdc-1.0.1.jar:/home/user/.m2/repository/org/apache/kerby/kerb-client/1.0.1/kerb-client-1.0.1.jar:/home/user/.m2/repository/org/apache/kerby/kerby-config/1.0.1/kerby-config-1.0.1.jar:/home/user/.m2/repository/org/apache/kerby/kerb-core/1.0.1/kerb-core-1.0.1.jar:/home/user/.m2/repository/org/apache/kerby/kerby-pkix/1.0.1/kerby-pkix-1.0.1.jar:/home/user/.m2/repository/org/apache/kerby/kerby-asn1/1.0.1/kerby-asn1-1.0.1.jar:/home/user/.m2/repository/org/apache/kerby/kerby-util/1.0.1/kerby-util-1.0.1.jar:/home/user/.m2/repository/org/apache/kerby/kerb-common/1.0.1/kerb-common-1.0.1.jar:/home/user/.m2/repository/org/apache/kerby/kerb-crypto/1.0.1/kerb-crypto-1.0.1.jar:/home/user/.m2/repository/org/apache/kerby/kerb-util/1.0.1/kerb-util-1.0.1.jar:/home/user/.m2/repository/org/apache/kerby/token-provider/1.0.1/token-provider-1.0.1.jar:/home/user/.m2/repository/org/apache/kerby/kerb-admin/1.0.1/kerb-admin-1.0.1.jar:/home/user/.m2/repository/org/apache/kerby/kerb-server/1.0.1/kerb-server-1.0.1.jar:/home/user/.m2/repository/org/apache/kerby/kerb-identity/1.0.1/kerb-identity-1.0.1.jar:/home/user/.m2/repository/org/apache/kerby/kerby-xdr/1.0.1/kerby-xdr-1.0.1.jar:/home/user/.m2/repository/org/slf4j/slf4j-log4j12/1.7.25/slf4j-log4j12-1.7.25.jar:/home/user/.m2/repository/org/apache/hadoop/hadoop-ozone-s3gateway/0.5.0-SNAPSHOT/hadoop-ozone-s3gateway-0.5.0-SNAPSHOT.jar:/home/user/.m2/repository/org/jboss/weld/servlet/weld-servlet/2.4.7.Final/weld-servlet-2.4.7.Final.jar:/home/user/.m2/repository/org/glassfish/jersey/containers/jersey-container-servlet-core/2.27/jersey-container-servlet-core-2.27.jar:/home/user/.m2/repository/org/glassfish/hk2/external/javax.inject/2.5.0-b42/javax.inject-2.5.0-b42.jar:/home/user/.m2/repository/org/glassfish/jersey/core/jersey-common/2.27/jersey-common-2.27.jar:/home/user/.m2/repository/org/glassfish/hk2/osgi-resource-locator/1.0.1/osgi-resource-locator-1.0.1.jar:/home/user/.m2/repository/javax/ws/rs/javax.ws.rs-api/2.1/javax.ws.rs-api-2.1.jar:/home/user/.m2/repository/org/glassfish/jersey/ext/cdi/jersey-cdi1x/2.27/jersey-cdi1x-2.27.jar:/home/user/.m2/repository/org/glassfish/jersey/inject/jersey-hk2/2.27/jersey-hk2-2.27.jar:/home/user/.m2/repository/org/glassfish/hk2/hk2-locator/2.5.0-b42/hk2-locator-2.5.0-b42.jar:/home/user/.m2/repository/org/javassist/javassist/3.22.0-CR2/javassist-3.22.0-CR2.jar:/home/user/.m2/repository/org/glassfish/hk2/hk2-api/2.5.0/hk2-api-2.5.0.jar:/home/user/.m2/repository/org/glassfish/hk2/external/jakarta.inject/2.5.0/jakarta.inject-2.5.0.jar:/home/user/.m2/repository/org/glassfish/hk2/hk2-utils/2.5.0/hk2-utils-2.5.0.jar:/home/user/.m2/repository/jakarta/annotation/jakarta.annotation-api/1.3.4/jakarta.annotation-api-1.3.4.jar:/home/user/.m2/repository/org/glassfish/hk2/external/aopalliance-repackaged/2.5.0/aopalliance-repackaged-2.5.0.jar:/home/user/.m2/repository/com/fasterxml/jackson/dataformat/jackson-dataformat-xml/2.9.0/jackson-dataformat-xml-2.9.0.jar:/home/user/.m2/repository/com/fasterxml/jackson/core/jackson-core/2.9.5/jackson-core-2.9.5.jar:/home/user/.m2/repository/com/fasterxml/jackson/module/jackson-module-jaxb-annotations/2.9.5/jackson-module-jaxb-annotations-2.9.5.jar:/home/user/.m2/repository/javax/enterprise/cdi-api/1.2/cdi-api-1.2.jar:/home/user/.m2/repository/javax/el/javax.el-api/3.0.0/javax.el-api-3.0.0.jar:/home/user/.m2/repository/javax/interceptor/javax.interceptor-api/1.2/javax.interceptor-api-1.2.jar:/home/user/.m2/repository/javax/inject/javax.inject/1/javax.inject-1.jar:/home/user/.m2/repository/com/sun/xml/bind/jaxb-impl/2.3.0.1/jaxb-impl-2.3.0.1.jar:/home/user/.m2/repository/com/sun/xml/bind/jaxb-core/2.3.0.1/jaxb-core-2.3.0.1.jar:/home/user/.m2/repository/javax/xml/bind/jaxb-api/2.3.0/jaxb-api-2.3.0.jar:/home/user/.m2/repository/javax/activation/activation/1.1.1/activation-1.1.1.jar:/home/user/.m2/repository/org/apache/hadoop/hadoop-ozone-csi/0.5.0-SNAPSHOT/hadoop-ozone-csi-0.5.0-SNAPSHOT.jar:/home/user/.m2/repository/com/google/protobuf/protobuf-java-util/3.5.1/protobuf-java-util-3.5.1.jar:/home/user/.m2/repository/org/apache/hadoop/hadoop-hdds-config/0.5.0-SNAPSHOT/hadoop-hdds-config-0.5.0-SNAPSHOT.jar:/home/user/.m2/repository/io/grpc/grpc-netty/1.17.1/grpc-netty-1.17.1.jar:/home/user/.m2/repository/io/grpc/grpc-core/1.17.1/grpc-core-1.17.1.jar:/home/user/.m2/repository/io/grpc/grpc-context/1.17.1/grpc-context-1.17.1.jar:/home/user/.m2/repository/com/google/errorprone/error_prone_annotations/2.2.0/error_prone_annotations-2.2.0.jar:/home/user/.m2/repository/org/codehaus/mojo/animal-sniffer-annotations/1.17/animal-sniffer-annotations-1.17.jar:/home/user/.m2/repository/io/opencensus/opencensus-api/0.17.0/opencensus-api-0.17.0.jar:/home/user/.m2/repository/io/opencensus/opencensus-contrib-grpc-metrics/0.17.0/opencensus-contrib-grpc-metrics-0.17.0.jar:/home/user/.m2/repository/io/netty/netty-codec-http2/4.1.30.Final/netty-codec-http2-4.1.30.Final.jar:/home/user/.m2/repository/io/netty/netty-codec-http/4.1.30.Final/netty-codec-http-4.1.30.Final.jar:/home/user/.m2/repository/io/netty/netty-codec/4.1.30.Final/netty-codec-4.1.30.Final.jar:/home/user/.m2/repository/io/netty/netty-handler/4.1.30.Final/netty-handler-4.1.30.Final.jar:/home/user/.m2/repository/io/netty/netty-handler-proxy/4.1.30.Final/netty-handler-proxy-4.1.30.Final.jar:/home/user/.m2/repository/io/netty/netty-codec-socks/4.1.30.Final/netty-codec-socks-4.1.30.Final.jar:/home/user/.m2/repository/io/netty/netty-transport-native-epoll/4.1.30.Final/netty-transport-native-epoll-4.1.30.Final.jar:/home/user/.m2/repository/io/netty/netty-common/4.1.30.Final/netty-common-4.1.30.Final.jar:/home/user/.m2/repository/io/netty/netty-buffer/4.1.30.Final/netty-buffer-4.1.30.Final.jar:/home/user/.m2/repository/io/netty/netty-transport/4.1.30.Final/netty-transport-4.1.30.Final.jar:/home/user/.m2/repository/io/netty/netty-resolver/4.1.30.Final/netty-resolver-4.1.30.Final.jar:/home/user/.m2/repository/io/netty/netty-transport-native-unix-common/4.1.30.Final/netty-transport-native-unix-common-4.1.30.Final.jar:/home/user/.m2/repository/io/grpc/grpc-protobuf/1.17.1/grpc-protobuf-1.17.1.jar:/home/user/.m2/repository/com/google/api/grpc/proto-google-common-protos/1.0.0/proto-google-common-protos-1.0.0.jar:/home/user/.m2/repository/io/grpc/grpc-protobuf-lite/1.17.1/grpc-protobuf-lite-1.17.1.jar:/home/user/.m2/repository/io/grpc/grpc-stub/1.17.1/grpc-stub-1.17.1.jar:/home/user/.m2/repository/org/apache/hadoop/hadoop-ozone-recon/0.5.0-SNAPSHOT/hadoop-ozone-recon-0.5.0-SNAPSHOT.jar:/home/user/.m2/repository/org/apache/hadoop/hadoop-ozone-reconcodegen/0.5.0-SNAPSHOT/hadoop-ozone-reconcodegen-0.5.0-SNAPSHOT.jar:/home/user/.m2/repository/com/google/inject/extensions/guice-multibindings/4.0/guice-multibindings-4.0.jar:/home/user/.m2/repository/com/google/inject/guice/4.0/guice-4.0.jar:/home/user/.m2/repository/aopalliance/aopalliance/1.0/aopalliance-1.0.jar:/home/user/.m2/repository/com/google/inject/extensions/guice-servlet/4.0/guice-servlet-4.0.jar:/home/user/.m2/repository/org/glassfish/jersey/containers/jersey-container-servlet/2.27/jersey-container-servlet-2.27.jar:/home/user/.m2/repository/org/glassfish/hk2/guice-bridge/2.5.0/guice-bridge-2.5.0.jar:/home/user/.m2/repository/org/glassfish/jersey/core/jersey-server/2.27/jersey-server-2.27.jar:/home/user/.m2/repository/org/glassfish/jersey/core/jersey-client/2.27/jersey-client-2.27.jar:/home/user/.m2/repository/org/glassfish/jersey/media/jersey-media-jaxb/2.27/jersey-media-jaxb-2.27.jar:/home/user/.m2/repository/javax/validation/validation-api/1.1.0.Final/validation-api-1.1.0.Final.jar:/home/user/.m2/repository/org/glassfish/jersey/media/jersey-media-json-jackson/2.27/jersey-media-json-jackson-2.27.jar:/home/user/.m2/repository/org/glassfish/jersey/ext/jersey-entity-filtering/2.27/jersey-entity-filtering-2.27.jar:/home/user/.m2/repository/com/google/inject/extensions/guice-assistedinject/4.0/guice-assistedinject-4.0.jar:/home/user/.m2/repository/org/jooq/jooq/3.11.10/jooq-3.11.10.jar:/home/user/.m2/repository/org/jooq/jooq-meta/3.11.10/jooq-meta-3.11.10.jar:/home/user/.m2/repository/org/jooq/jooq-codegen/3.11.10/jooq-codegen-3.11.10.jar:/home/user/.m2/repository/com/jolbox/bonecp/0.8.0.RELEASE/bonecp-0.8.0.RELEASE.jar:/home/user/.m2/repository/org/xerial/sqlite-jdbc/3.25.2/sqlite-jdbc-3.25.2.jar:/home/user/.m2/repository/org/springframework/spring-jdbc/5.1.3.RELEASE/spring-jdbc-5.1.3.RELEASE.jar:/home/user/.m2/repository/org/springframework/spring-beans/5.1.3.RELEASE/spring-beans-5.1.3.RELEASE.jar:/home/user/.m2/repository/org/springframework/spring-core/5.1.3.RELEASE/spring-core-5.1.3.RELEASE.jar:/home/user/.m2/repository/org/springframework/spring-jcl/5.1.3.RELEASE/spring-jcl-5.1.3.RELEASE.jar:/home/user/.m2/repository/org/springframework/spring-tx/5.1.3.RELEASE/spring-tx-5.1.3.RELEASE.jar:/home/user/.m2/repository/org/apache/hadoop/hadoop-ozone-client/0.5.0-SNAPSHOT/hadoop-ozone-client-0.5.0-SNAPSHOT.jar:/home/user/.m2/repository/commons-lang/commons-lang/2.6/commons-lang-2.6.jar:/home/user/.m2/repository/org/apache/hadoop/hadoop-ozone-ozone-manager/0.5.0-SNAPSHOT/hadoop-ozone-ozone-manager-0.5.0-SNAPSHOT-tests.jar:/home/user/.m2/repository/junit/junit/4.11/junit-4.11.jar:/home/user/.m2/repository/org/hamcrest/hamcrest-core/1.3/hamcrest-core-1.3.jar:/home/user/.m2/repository/org/openjdk/jmh/jmh-core/1.19/jmh-core-1.19.jar:/home/user/.m2/repository/net/sf/jopt-simple/jopt-simple/4.6/jopt-simple-4.6.jar:/home/user/.m2/repository/org/apache/commons/commons-math3/3.1.1/commons-math3-3.1.1.jar:/home/user/.m2/repository/org/openjdk/jmh/jmh-generator-annprocess/1.19/jmh-generator-annprocess-1.19.jar:/home/user/.m2/repository/org/mockito/mockito-all/1.8.5/mockito-all-1.8.5.jar:/home/user/.m2/repository/org/apache/hadoop/hadoop-kms/3.2.0/hadoop-kms-3.2.0.jar:/home/user/.m2/repository/org/apache/hadoop/hadoop-auth/3.2.0/hadoop-auth-3.2.0.jar:/home/user/.m2/repository/com/nimbusds/nimbus-jose-jwt/4.41.1/nimbus-jose-jwt-4.41.1.jar:/home/user/.m2/repository/com/github/stephenc/jcip/jcip-annotations/1.0-1/jcip-annotations-1.0-1.jar:/home/user/.m2/repository/net/minidev/json-smart/2.3/json-smart-2.3.jar:/home/user/.m2/repository/net/minidev/accessors-smart/1.2/accessors-smart-1.2.jar:/home/user/.m2/repository/org/ow2/asm/asm/5.0.4/asm-5.0.4.jar:/home/user/.m2/repository/org/apache/curator/curator-framework/2.12.0/curator-framework-2.12.0.jar:/home/user/.m2/repository/com/sun/jersey/jersey-core/1.19/jersey-core-1.19.jar:/home/user/.m2/repository/javax/ws/rs/jsr311-api/1.1.1/jsr311-api-1.1.1.jar:/home/user/.m2/repository/com/sun/jersey/jersey-server/1.19/jersey-server-1.19.jar:/home/user/.m2/repository/javax/servlet/javax.servlet-api/3.1.0/javax.servlet-api-3.1.0.jar:/home/user/.m2/repository/org/eclipse/jetty/jetty-server/9.3.24.v20180605/jetty-server-9.3.24.v20180605.jar:/home/user/.m2/repository/org/eclipse/jetty/jetty-http/9.3.24.v20180605/jetty-http-9.3.24.v20180605.jar:/home/user/.m2/repository/org/eclipse/jetty/jetty-io/9.3.24.v20180605/jetty-io-9.3.24.v20180605.jar:/home/user/.m2/repository/org/eclipse/jetty/jetty-webapp/9.3.24.v20180605/jetty-webapp-9.3.24.v20180605.jar:/home/user/.m2/repository/org/eclipse/jetty/jetty-xml/9.3.24.v20180605/jetty-xml-9.3.24.v20180605.jar:/home/user/.m2/repository/log4j/log4j/1.2.17/log4j-1.2.17.jar:/home/user/.m2/repository/org/slf4j/slf4j-api/1.7.25/slf4j-api-1.7.25.jar:/home/user/.m2/repository/org/slf4j/jul-to-slf4j/1.7.25/jul-to-slf4j-1.7.25.jar:/home/user/.m2/repository/org/eclipse/jetty/jetty-util/9.3.24.v20180605/jetty-util-9.3.24.v20180605.jar:/home/user/.m2/repository/com/fasterxml/jackson/core/jackson-databind/2.9.5/jackson-databind-2.9.5.jar:/home/user/.m2/repository/org/apache/hadoop/hadoop-kms/3.2.0/hadoop-kms-3.2.0-tests.jar:/home/user/.m2/repository/org/apache/hadoop/hadoop-hdds-server-scm/0.5.0-SNAPSHOT/hadoop-hdds-server-scm-0.5.0-SNAPSHOT-tests.jar:/home/user/.m2/repository/org/apache/hadoop/hadoop-hdds-container-service/0.5.0-SNAPSHOT/hadoop-hdds-container-service-0.5.0-SNAPSHOT-tests.jar:/home/user/.m2/repository/org/yaml/snakeyaml/1.16/snakeyaml-1.16.jar:/home/user/.m2/repository/org/apache/hadoop/hadoop-common/3.2.0/hadoop-common-3.2.0-tests.jar:/home/user/.m2/repository/org/apache/hadoop/hadoop-annotations/3.2.0/hadoop-annotations-3.2.0.jar:/usr/lib/jvm/java-1.8-openjdk/jre/../lib/tools.jar:/home/user/.m2/repository/commons-cli/commons-cli/1.2/commons-cli-1.2.jar:/home/user/.m2/repository/org/apache/httpcomponents/httpclient/4.5.2/httpclient-4.5.2.jar:/home/user/.m2/repository/org/apache/httpcomponents/httpcore/4.4.4/httpcore-4.4.4.jar:/home/user/.m2/repository/commons-codec/commons-codec/1.11/commons-codec-1.11.jar:/home/user/.m2/repository/commons-net/commons-net/3.6/commons-net-3.6.jar:/home/user/.m2/repository/commons-collections/commons-collections/3.2.2/commons-collections-3.2.2.jar:/home/user/.m2/repository/org/eclipse/jetty/jetty-servlet/9.3.24.v20180605/jetty-servlet-9.3.24.v20180605.jar:/home/user/.m2/repository/org/eclipse/jetty/jetty-security/9.3.24.v20180605/jetty-security-9.3.24.v20180605.jar:/home/user/.m2/repository/javax/servlet/jsp/jsp-api/2.1/jsp-api-2.1.jar:/home/user/.m2/repository/com/sun/jersey/jersey-servlet/1.19/jersey-servlet-1.19.jar:/home/user/.m2/repository/com/sun/jersey/jersey-json/1.19/jersey-json-1.19.jar:/home/user/.m2/repository/org/codehaus/jettison/jettison/1.1/jettison-1.1.jar:/home/user/.m2/repository/org/codehaus/jackson/jackson-core-asl/1.9.13/jackson-core-asl-1.9.13.jar:/home/user/.m2/repository/org/codehaus/jackson/jackson-mapper-asl/1.9.13/jackson-mapper-asl-1.9.13.jar:/home/user/.m2/repository/org/codehaus/jackson/jackson-jaxrs/1.9.13/jackson-jaxrs-1.9.13.jar:/home/user/.m2/repository/org/codehaus/jackson/jackson-xc/1.9.13/jackson-xc-1.9.13.jar:/home/user/.m2/repository/commons-logging/commons-logging/1.1.3/commons-logging-1.1.3.jar:/home/user/.m2/repository/commons-beanutils/commons-beanutils/1.9.3/commons-beanutils-1.9.3.jar:/home/user/.m2/repository/org/apache/commons/commons-configuration2/2.1.1/commons-configuration2-2.1.1.jar:/home/user/.m2/repository/org/apache/commons/commons-lang3/3.7/commons-lang3-3.7.jar:/home/user/.m2/repository/org/apache/commons/commons-text/1.4/commons-text-1.4.jar:/home/user/.m2/repository/org/apache/avro/avro/1.7.7/avro-1.7.7.jar:/home/user/.m2/repository/com/thoughtworks/paranamer/paranamer/2.3/paranamer-2.3.jar:/home/user/.m2/repository/org/xerial/snappy/snappy-java/1.0.5/snappy-java-1.0.5.jar:/home/user/.m2/repository/com/google/re2j/re2j/1.1/re2j-1.1.jar:/home/user/.m2/repository/com/google/code/gson/gson/2.2.4/gson-2.2.4.jar:/home/user/.m2/repository/com/jcraft/jsch/0.1.54/jsch-0.1.54.jar:/home/user/.m2/repository/org/apache/curator/curator-client/2.12.0/curator-client-2.12.0.jar:/home/user/.m2/repository/org/apache/curator/curator-recipes/2.12.0/curator-recipes-2.12.0.jar:/home/user/.m2/repository/com/google/code/findbugs/jsr305/3.0.0/jsr305-3.0.0.jar:/home/user/.m2/repository/org/apache/htrace/htrace-core4/4.1.0-incubating/htrace-core4-4.1.0-incubating.jar:/home/user/.m2/repository/org/apache/zookeeper/zookeeper/3.4.13/zookeeper-3.4.13.jar:/home/user/.m2/repository/org/apache/yetus/audience-annotations/0.5.0/audience-annotations-0.5.0.jar:/home/user/.m2/repository/org/codehaus/woodstox/stax2-api/3.1.4/stax2-api-3.1.4.jar:/home/user/.m2/repository/com/fasterxml/woodstox/woodstox-core/5.0.3/woodstox-core-5.0.3.jar:/home/user/.m2/repository/dnsjava/dnsjava/2.1.7/dnsjava-2.1.7.jar:/home/user/.m2/repository/org/apache/hadoop/hadoop-hdfs/3.2.0/hadoop-hdfs-3.2.0-tests.jar:/home/user/.m2/repository/org/eclipse/jetty/jetty-util-ajax/9.3.24.v20180605/jetty-util-ajax-9.3.24.v20180605.jar:/home/user/.m2/repository/commons-daemon/commons-daemon/1.0.13/commons-daemon-1.0.13.jar:/home/user/.m2/repository/io/netty/netty/3.10.5.Final/netty-3.10.5.Final.jar:/home/user/.m2/repository/io/netty/netty-all/4.0.52.Final/netty-all-4.0.52.Final.jar:/home/user/.m2/repository/org/fusesource/leveldbjni/leveldbjni-all/1.8/leveldbjni-all-1.8.jar:"/>
    <property name="sun.cpu.endian" value="little"/>
    <property name="user.home" value="/home/user"/>
    <property name="user.language" value="en"/>
    <property name="java.specification.vendor" value="Oracle Corporation"/>
    <property name="java.home" value="/usr/lib/jvm/java-1.8-openjdk/jre"/>
    <property name="java.security.krb5.conf" value="/workdir/hadoop-ozone/integration-test/target/test-classes/krb5.conf"/>
    <property name="basedir" value="/workdir/hadoop-ozone/integration-test"/>
    <property name="file.separator" value="/"/>
    <property name="line.separator" value="&#10;"/>
    <property name="java.vm.specification.vendor" value="Oracle Corporation"/>
    <property name="java.specification.name" value="Java Platform API Specification"/>
    <property name="java.awt.graphicsenv" value="sun.awt.X11GraphicsEnvironment"/>
    <property name="surefire.real.class.path" value="/workdir/hadoop-ozone/integration-test/target/surefire/surefirebooter3347167886360127293.jar"/>
    <property name="hadoop.log.dir" value="/workdir/hadoop-ozone/integration-test/target/log"/>
    <property name="sun.boot.class.path" value="/usr/lib/jvm/java-1.8-openjdk/jre/lib/resources.jar:/usr/lib/jvm/java-1.8-openjdk/jre/lib/rt.jar:/usr/lib/jvm/java-1.8-openjdk/jre/lib/sunrsasign.jar:/usr/lib/jvm/java-1.8-openjdk/jre/lib/jsse.jar:/usr/lib/jvm/java-1.8-openjdk/jre/lib/jce.jar:/usr/lib/jvm/java-1.8-openjdk/jre/lib/charsets.jar:/usr/lib/jvm/java-1.8-openjdk/jre/lib/jfr.jar:/usr/lib/jvm/java-1.8-openjdk/jre/classes"/>
    <property name="sun.management.compiler" value="HotSpot 64-Bit Tiered Compilers"/>
    <property name="java.runtime.version" value="1.8.0_212-b04"/>
    <property name="java.net.preferIPv4Stack" value="true"/>
    <property name="user.name" value="jenkins1000"/>
    <property name="path.separator" value=":"/>
    <property name="java.security.egd" value="file:///dev/urandom"/>
    <property name="os.version" value="3.10.0-957.12.2.el7.x86_64"/>
    <property name="java.endorsed.dirs" value="/usr/lib/jvm/java-1.8-openjdk/jre/lib/endorsed"/>
    <property name="java.runtime.name" value="OpenJDK Runtime Environment"/>
    <property name="file.encoding" value="UTF-8"/>
    <property name="java.vm.name" value="OpenJDK 64-Bit Server VM"/>
    <property name="test.build.webapps" value=""/>
    <property name="localRepository" value="/home/user/.m2/repository"/>
    <property name="java.vendor.url.bug" value="https://icedtea.classpath.org/bugzilla"/>
    <property name="java.io.tmpdir" value="/tmp"/>
    <property name="require.test.libhadoop" value=""/>
    <property name="java.version" value="1.8.0_212"/>
    <property name="user.dir" value="/workdir/hadoop-ozone/integration-test"/>
    <property name="os.arch" value="amd64"/>
    <property name="java.vm.specification.name" value="Java Virtual Machine Specification"/>
    <property name="test.build.classes" value="/workdir/hadoop-ozone/integration-test/target/test-classes"/>
    <property name="java.awt.printerjob" value="sun.print.PSPrinterJob"/>
    <property name="sun.os.patch.level" value="unknown"/>
    <property name="hadoop.tmp.dir" value="/workdir/hadoop-ozone/integration-test/target/tmp"/>
    <property name="java.library.path" value="/usr/lib/jvm/java-1.8-openjdk/jre/lib/amd64/server:/usr/lib/jvm/java-1.8-openjdk/jre/lib/amd64:/usr/lib/jvm/java-1.8-openjdk/jre/../lib/amd64:/workdir/hadoop-ozone/integration-test/target/native/target/usr/local/lib:/workdir/hadoop-ozone/integration-test/../../hadoop-common-project/hadoop-common/target/native/target/usr/local/lib:/usr/java/packages/lib/amd64:/usr/lib64:/lib64:/lib:/usr/lib"/>
    <property name="java.vm.info" value="mixed mode"/>
    <property name="java.vendor" value="IcedTea"/>
    <property name="java.vm.version" value="25.212-b04"/>
    <property name="java.ext.dirs" value="/usr/lib/jvm/java-1.8-openjdk/jre/lib/ext:/usr/java/packages/lib/ext"/>
    <property name="sun.io.unicode.encoding" value="UnicodeLittle"/>
    <property name="java.class.version" value="52.0"/>
  </properties>
  <testcase name="testWatchForCommitWithKeyWrite" classname="org.apache.hadoop.ozone.client.rpc.TestWatchForCommit" time="60.542"/>
  <testcase name="testWatchForCommitWithSmallerTimeoutValue" classname="org.apache.hadoop.ozone.client.rpc.TestWatchForCommit" time="43.695"/>
  <testcase name="testWatchForCommitForRetryfailure" classname="org.apache.hadoop.ozone.client.rpc.TestWatchForCommit" time="79.261"/>
  <testcase name="testWatchForCommitForGroupMismatchException" classname="org.apache.hadoop.ozone.client.rpc.TestWatchForCommit" time="32.059"/>
  <testcase name="test2WayCommitForTimeoutException" classname="org.apache.hadoop.ozone.client.rpc.TestWatchForCommit" time="25.614">
    <error message="org.apache.ratis.protocol.RaftRetryFailureException: Failed RaftClientRequest:client-4CABE020C7D8-&gt;f650faf9-d54a-4b2d-8e46-47465280ce6b@group-AD4D0EF0791D, cid=103, seq=1*, RW, org.apache.hadoop.hdds.scm.XceiverClientRatis$$Lambda$445/917131986@6c5f2b9b for 20 attempts with RetryLimited(maxAttempts=20, sleepTime=1000ms)" type="java.util.concurrent.ExecutionException">java.util.concurrent.ExecutionException: org.apache.ratis.protocol.RaftRetryFailureException: Failed RaftClientRequest:client-4CABE020C7D8->f650faf9-d54a-4b2d-8e46-47465280ce6b@group-AD4D0EF0791D, cid=103, seq=1*, RW, org.apache.hadoop.hdds.scm.XceiverClientRatis$$Lambda$445/917131986@6c5f2b9b for 20 attempts with RetryLimited(maxAttempts=20, sleepTime=1000ms)
	at java.util.concurrent.CompletableFuture.reportGet(CompletableFuture.java:357)
	at java.util.concurrent.CompletableFuture.get(CompletableFuture.java:1895)
	at org.apache.hadoop.ozone.client.rpc.TestWatchForCommit.test2WayCommitForTimeoutException(TestWatchForCommit.java:384)
	at sun.reflect.NativeMethodAccessorImpl.invoke0(Native Method)
	at sun.reflect.NativeMethodAccessorImpl.invoke(NativeMethodAccessorImpl.java:62)
	at sun.reflect.DelegatingMethodAccessorImpl.invoke(DelegatingMethodAccessorImpl.java:43)
	at java.lang.reflect.Method.invoke(Method.java:498)
	at org.junit.runners.model.FrameworkMethod$1.runReflectiveCall(FrameworkMethod.java:47)
	at org.junit.internal.runners.model.ReflectiveCallable.run(ReflectiveCallable.java:12)
	at org.junit.runners.model.FrameworkMethod.invokeExplosively(FrameworkMethod.java:44)
	at org.junit.internal.runners.statements.InvokeMethod.evaluate(InvokeMethod.java:17)
	at org.junit.runners.ParentRunner.runLeaf(ParentRunner.java:271)
	at org.junit.runners.BlockJUnit4ClassRunner.runChild(BlockJUnit4ClassRunner.java:70)
	at org.junit.runners.BlockJUnit4ClassRunner.runChild(BlockJUnit4ClassRunner.java:50)
	at org.junit.runners.ParentRunner$3.run(ParentRunner.java:238)
	at org.junit.runners.ParentRunner$1.schedule(ParentRunner.java:63)
	at org.junit.runners.ParentRunner.runChildren(ParentRunner.java:236)
	at org.junit.runners.ParentRunner.access$000(ParentRunner.java:53)
	at org.junit.runners.ParentRunner$2.evaluate(ParentRunner.java:229)
	at org.junit.runners.ParentRunner.run(ParentRunner.java:309)
	at org.apache.maven.surefire.junit4.JUnit4Provider.execute(JUnit4Provider.java:365)
	at org.apache.maven.surefire.junit4.JUnit4Provider.executeWithRerun(JUnit4Provider.java:273)
	at org.apache.maven.surefire.junit4.JUnit4Provider.executeTestSet(JUnit4Provider.java:238)
	at org.apache.maven.surefire.junit4.JUnit4Provider.invoke(JUnit4Provider.java:159)
	at org.apache.maven.surefire.booter.ForkedBooter.invokeProviderInSameClassLoader(ForkedBooter.java:384)
	at org.apache.maven.surefire.booter.ForkedBooter.runSuitesInProcess(ForkedBooter.java:345)
	at org.apache.maven.surefire.booter.ForkedBooter.execute(ForkedBooter.java:126)
	at org.apache.maven.surefire.booter.ForkedBooter.main(ForkedBooter.java:418)
Caused by: org.apache.ratis.protocol.RaftRetryFailureException: Failed RaftClientRequest:client-4CABE020C7D8->f650faf9-d54a-4b2d-8e46-47465280ce6b@group-AD4D0EF0791D, cid=103, seq=1*, RW, org.apache.hadoop.hdds.scm.XceiverClientRatis$$Lambda$445/917131986@6c5f2b9b for 20 attempts with RetryLimited(maxAttempts=20, sleepTime=1000ms)
	at org.apache.ratis.client.impl.RaftClientImpl.noMoreRetries(RaftClientImpl.java:272)
	at org.apache.ratis.client.impl.OrderedAsync.handleAsyncRetryFailure(OrderedAsync.java:138)
	at org.apache.ratis.client.impl.OrderedAsync.lambda$sendRequest$10(OrderedAsync.java:230)
	at java.util.concurrent.CompletableFuture.uniExceptionally(CompletableFuture.java:870)
	at java.util.concurrent.CompletableFuture$UniExceptionally.tryFire(CompletableFuture.java:852)
	at java.util.concurrent.CompletableFuture.postComplete(CompletableFuture.java:474)
	at java.util.concurrent.CompletableFuture.completeExceptionally(CompletableFuture.java:1977)
	at org.apache.ratis.grpc.client.GrpcClientProtocolClient$AsyncStreamObservers.completeReplyExceptionally(GrpcClientProtocolClient.java:330)
	at org.apache.ratis.grpc.client.GrpcClientProtocolClient$AsyncStreamObservers.access$000(GrpcClientProtocolClient.java:246)
	at org.apache.ratis.grpc.client.GrpcClientProtocolClient$AsyncStreamObservers$1.onNext(GrpcClientProtocolClient.java:258)
	at org.apache.ratis.grpc.client.GrpcClientProtocolClient$AsyncStreamObservers$1.onNext(GrpcClientProtocolClient.java:249)
	at org.apache.ratis.thirdparty.io.grpc.stub.ClientCalls$StreamObserverToCallListenerAdapter.onMessage(ClientCalls.java:421)
	at org.apache.ratis.thirdparty.io.grpc.ForwardingClientCallListener.onMessage(ForwardingClientCallListener.java:33)
	at org.apache.ratis.thirdparty.io.grpc.ForwardingClientCallListener.onMessage(ForwardingClientCallListener.java:33)
	at org.apache.ratis.thirdparty.io.grpc.internal.ClientCallImpl$ClientStreamListenerImpl$1MessagesAvailable.runInContext(ClientCallImpl.java:519)
	at org.apache.ratis.thirdparty.io.grpc.internal.ContextRunnable.run(ContextRunnable.java:37)
	at org.apache.ratis.thirdparty.io.grpc.internal.SerializingExecutor.run(SerializingExecutor.java:123)
	at java.util.concurrent.ThreadPoolExecutor.runWorker(ThreadPoolExecutor.java:1149)
	at java.util.concurrent.ThreadPoolExecutor$Worker.run(ThreadPoolExecutor.java:624)
	at java.lang.Thread.run(Thread.java:748)
Caused by: org.apache.ratis.protocol.NotLeaderException: Server f650faf9-d54a-4b2d-8e46-47465280ce6b is not the leader (null). Request must be sent to leader.
	at org.apache.ratis.client.impl.ClientProtoUtils.toRaftClientReply(ClientProtoUtils.java:242)
	at org.apache.ratis.grpc.client.GrpcClientProtocolClient$AsyncStreamObservers$1.onNext(GrpcClientProtocolClient.java:254)
	... 10 more
</error>
    <system-out><![CDATA[2019-09-03 19:32:29,259 [main] WARN  server.ServerUtils (ServerUtils.java:getScmDbDir(145)) - ozone.scm.db.dirs is not configured. We recommend adding this setting. Falling back to ozone.metadata.dirs instead.
2019-09-03 19:32:29,276 [main] WARN  server.ServerUtils (ServerUtils.java:getScmDbDir(145)) - ozone.scm.db.dirs is not configured. We recommend adding this setting. Falling back to ozone.metadata.dirs instead.
2019-09-03 19:32:29,276 [main] WARN  server.ServerUtils (ServerUtils.java:getScmDbDir(145)) - ozone.scm.db.dirs is not configured. We recommend adding this setting. Falling back to ozone.metadata.dirs instead.
2019-09-03 19:32:29,277 [main] INFO  db.DBStoreBuilder (DBStoreBuilder.java:addTable(110)) - using custom profile for table: deletedBlocks
2019-09-03 19:32:29,277 [main] INFO  db.DBStoreBuilder (DBStoreBuilder.java:processTables(161)) - Using default column profile:DBProfile.DISK for Table:deletedBlocks
2019-09-03 19:32:29,277 [main] INFO  db.DBStoreBuilder (DBStoreBuilder.java:addTable(110)) - using custom profile for table: validCerts
2019-09-03 19:32:29,277 [main] INFO  db.DBStoreBuilder (DBStoreBuilder.java:processTables(161)) - Using default column profile:DBProfile.DISK for Table:validCerts
2019-09-03 19:32:29,278 [main] INFO  db.DBStoreBuilder (DBStoreBuilder.java:addTable(110)) - using custom profile for table: revokedCerts
2019-09-03 19:32:29,278 [main] INFO  db.DBStoreBuilder (DBStoreBuilder.java:processTables(161)) - Using default column profile:DBProfile.DISK for Table:revokedCerts
2019-09-03 19:32:29,278 [main] INFO  db.DBStoreBuilder (DBStoreBuilder.java:addTable(110)) - using custom profile for table: default
2019-09-03 19:32:29,278 [main] INFO  db.DBStoreBuilder (DBStoreBuilder.java:processTables(167)) - Using default column profile:DBProfile.DISK for Table:default
2019-09-03 19:32:29,278 [main] INFO  db.DBStoreBuilder (DBStoreBuilder.java:getDbProfile(198)) - Using default options. DBProfile.DISK
2019-09-03 19:32:29,507 [main] INFO  net.NodeSchemaLoader (NodeSchemaLoader.java:loadSchemaFromFile(125)) - Loading file from sun.misc.CompoundEnumeration@3086f480
2019-09-03 19:32:29,507 [main] INFO  net.NodeSchemaLoader (NodeSchemaLoader.java:loadSchema(171)) - Loading network topology layer schema file
2019-09-03 19:32:29,513 [main] WARN  server.ServerUtils (ServerUtils.java:sanitizeUserArgs(70)) - ozone.scm.stale.node.interval value = 300000 is larger than max = 100000 based on the key value of ozone.scm.heartbeat.thread.interval, reset to the max value 100000.
2019-09-03 19:32:29,513 [main] WARN  server.ServerUtils (ServerUtils.java:sanitizeUserArgs(70)) - ozone.scm.stale.node.interval value = 300000 is larger than max = 100000 based on the key value of ozone.scm.heartbeat.thread.interval, reset to the max value 100000.
2019-09-03 19:32:29,514 [main] INFO  node.SCMNodeManager (SCMNodeManager.java:<init>(114)) - Entering startup safe mode.
2019-09-03 19:32:29,514 [main] INFO  algorithms.ContainerPlacementPolicyFactory (ContainerPlacementPolicyFactory.java:getPolicy(55)) - Create container placement policy of type org.apache.hadoop.hdds.scm.container.placement.algorithms.SCMContainerPlacementRandom
2019-09-03 19:32:29,515 [main] WARN  server.ServerUtils (ServerUtils.java:getScmDbDir(145)) - ozone.scm.db.dirs is not configured. We recommend adding this setting. Falling back to ozone.metadata.dirs instead.
2019-09-03 19:32:29,603 [main] INFO  pipeline.SCMPipelineManager (SCMPipelineManager.java:initializePipelineState(128)) - No pipeline exists in current db
2019-09-03 19:32:29,604 [main] WARN  server.ServerUtils (ServerUtils.java:getScmDbDir(145)) - ozone.scm.db.dirs is not configured. We recommend adding this setting. Falling back to ozone.metadata.dirs instead.
2019-09-03 19:32:29,697 [main] WARN  events.EventQueue (EventQueue.java:fireEvent(183)) - No event handler registered for event TypedEvent{payloadType=SafeModeStatus, name='SafeModeStatus'}
2019-09-03 19:32:29,698 [main] INFO  ipc.CallQueueManager (CallQueueManager.java:<init>(84)) - Using callQueue: class java.util.concurrent.LinkedBlockingQueue, queueCapacity: 2000, scheduler: class org.apache.hadoop.ipc.DefaultRpcScheduler, ipcBackoff: false.
2019-09-03 19:32:29,699 [Socket Reader #1 for port 36566] INFO  ipc.Server (Server.java:run(1074)) - Starting Socket Reader #1 for port 36566
2019-09-03 19:32:29,701 [main] INFO  ipc.CallQueueManager (CallQueueManager.java:<init>(84)) - Using callQueue: class java.util.concurrent.LinkedBlockingQueue, queueCapacity: 2000, scheduler: class org.apache.hadoop.ipc.DefaultRpcScheduler, ipcBackoff: false.
2019-09-03 19:32:29,702 [Socket Reader #1 for port 33993] INFO  ipc.Server (Server.java:run(1074)) - Starting Socket Reader #1 for port 33993
2019-09-03 19:32:29,703 [main] INFO  ipc.CallQueueManager (CallQueueManager.java:<init>(84)) - Using callQueue: class java.util.concurrent.LinkedBlockingQueue, queueCapacity: 2000, scheduler: class org.apache.hadoop.ipc.DefaultRpcScheduler, ipcBackoff: false.
2019-09-03 19:32:29,704 [Socket Reader #1 for port 37185] INFO  ipc.Server (Server.java:run(1074)) - Starting Socket Reader #1 for port 37185
2019-09-03 19:32:29,707 [main] INFO  hdfs.DFSUtil (DFSUtil.java:httpServerTemplateForNNAndJN(1641)) - Starting Web-server for scm at: http://0.0.0.0:0
2019-09-03 19:32:29,709 [main] INFO  server.AuthenticationFilter (AuthenticationFilter.java:constructSecretProvider(240)) - Unable to initialize FileSignerSecretProvider, falling back to use random secrets.
2019-09-03 19:32:29,710 [main] WARN  http.HttpRequestLog (HttpRequestLog.java:getRequestLog(97)) - Jetty request log can only be enabled using Log4j
2019-09-03 19:32:29,712 [main] INFO  http.HttpServer2 (HttpServer2.java:addGlobalFilter(975)) - Added global filter 'safety' (class=org.apache.hadoop.http.HttpServer2$QuotingInputFilter)
2019-09-03 19:32:29,713 [main] INFO  http.HttpServer2 (HttpServer2.java:addFilter(948)) - Added filter static_user_filter (class=org.apache.hadoop.http.lib.StaticUserWebFilter$StaticUserFilter) to context scm
2019-09-03 19:32:29,713 [main] INFO  http.HttpServer2 (HttpServer2.java:addFilter(958)) - Added filter static_user_filter (class=org.apache.hadoop.http.lib.StaticUserWebFilter$StaticUserFilter) to context static
2019-09-03 19:32:29,713 [main] INFO  http.HttpServer2 (HttpServer2.java:addFilter(958)) - Added filter static_user_filter (class=org.apache.hadoop.http.lib.StaticUserWebFilter$StaticUserFilter) to context logs
2019-09-03 19:32:29,716 [main] INFO  server.StorageContainerManager (StorageContainerManager.java:start(759)) - StorageContainerLocationProtocol RPC server is listening at /0.0.0.0:37185
2019-09-03 19:32:29,718 [main] WARN  impl.MetricsConfig (MetricsConfig.java:loadFirst(134)) - Cannot locate configuration: tried hadoop-metrics2-storagecontainermanager.properties,hadoop-metrics2.properties
2019-09-03 19:32:29,719 [main] INFO  impl.MetricsSystemImpl (MetricsSystemImpl.java:startTimer(374)) - Scheduled Metric snapshot period at 10 second(s).
2019-09-03 19:32:29,719 [main] INFO  impl.MetricsSystemImpl (MetricsSystemImpl.java:start(191)) - StorageContainerManager metrics system started
2019-09-03 19:32:29,818 [main] WARN  impl.MetricsSystemImpl (MetricsSystemImpl.java:register(276)) - Sink prometheus already exists!
2019-09-03 19:32:29,825 [main] INFO  server.SCMClientProtocolServer (SCMClientProtocolServer.java:start(151)) - RPC server for Client  is listening at /0.0.0.0:37185
2019-09-03 19:32:29,826 [IPC Server Responder] INFO  ipc.Server (Server.java:run(1314)) - IPC Server Responder: starting
2019-09-03 19:32:29,826 [IPC Server listener on 37185] INFO  ipc.Server (Server.java:run(1153)) - IPC Server listener on 37185: starting
2019-09-03 19:32:29,830 [main] INFO  server.StorageContainerManager (StorageContainerManager.java:start(769)) - ScmBlockLocationProtocol RPC server is listening at /0.0.0.0:33993
2019-09-03 19:32:29,830 [main] INFO  server.SCMBlockProtocolServer (SCMBlockProtocolServer.java:start(146)) - RPC server for Block Protocol is listening at /0.0.0.0:33993
2019-09-03 19:32:29,830 [IPC Server Responder] INFO  ipc.Server (Server.java:run(1314)) - IPC Server Responder: starting
2019-09-03 19:32:29,831 [IPC Server listener on 33993] INFO  ipc.Server (Server.java:run(1153)) - IPC Server listener on 33993: starting
2019-09-03 19:32:29,836 [main] INFO  server.StorageContainerManager (StorageContainerManager.java:start(773)) - ScmDatanodeProtocl RPC server is listening at /0.0.0.0:36566
2019-09-03 19:32:29,836 [main] INFO  server.SCMDatanodeProtocolServer (SCMDatanodeProtocolServer.java:start(191)) - RPC server for DataNodes is listening at /0.0.0.0:36566
2019-09-03 19:32:29,836 [IPC Server Responder] INFO  ipc.Server (Server.java:run(1314)) - IPC Server Responder: starting
2019-09-03 19:32:29,837 [IPC Server listener on 36566] INFO  ipc.Server (Server.java:run(1153)) - IPC Server listener on 36566: starting
2019-09-03 19:32:29,839 [main] INFO  http.HttpServer2 (HttpServer2.java:bindListener(1191)) - Jetty bound to port 44154
2019-09-03 19:32:29,840 [main] INFO  server.Server (Server.java:doStart(351)) - jetty-9.3.24.v20180605, build timestamp: 2018-06-05T17:11:56Z, git hash: 84205aa28f11a4f31f2a3b86d1bba2cc8ab69827
2019-09-03 19:32:29,841 [main] INFO  handler.ContextHandler (ContextHandler.java:doStart(781)) - Started o.e.j.s.ServletContextHandler@6d293993{/logs,file:///workdir/hadoop-ozone/integration-test/target/log,AVAILABLE}
2019-09-03 19:32:29,842 [main] INFO  handler.ContextHandler (ContextHandler.java:doStart(781)) - Started o.e.j.s.ServletContextHandler@616a06e3{/static,file:///workdir/hadoop-ozone/integration-test/target/test-classes/webapps/static,AVAILABLE}
2019-09-03 19:32:29,846 [main] INFO  handler.ContextHandler (ContextHandler.java:doStart(781)) - Started o.e.j.w.WebAppContext@7926352f{/,file:///workdir/hadoop-ozone/integration-test/target/test-classes/webapps/scm/,AVAILABLE}{/scm}
2019-09-03 19:32:29,846 [main] INFO  server.AbstractConnector (AbstractConnector.java:doStart(278)) - Started ServerConnector@5bc63e20{HTTP/1.1,[http/1.1]}{0.0.0.0:44154}
2019-09-03 19:32:29,847 [main] INFO  server.Server (Server.java:doStart(419)) - Started @216600ms
2019-09-03 19:32:29,847 [main] WARN  impl.MetricsSystemImpl (MetricsSystemImpl.java:register(276)) - Sink prometheus already exists!
2019-09-03 19:32:29,849 [main] INFO  server.BaseHttpServer (BaseHttpServer.java:updateConnectorAddress(215)) - HTTP server of SCM is listening at http://0.0.0.0:44154
2019-09-03 19:32:29,851 [main] WARN  server.ServerUtils (ServerUtils.java:getDBPath(222)) - ozone.om.db.dirs is not configured. We recommend adding this setting. Falling back to ozone.metadata.dirs instead.
2019-09-03 19:32:29,851 [org.apache.hadoop.util.JvmPauseMonitor$Monitor@2fc49538] INFO  util.JvmPauseMonitor (JvmPauseMonitor.java:run(188)) - Starting JVM pause monitor
2019-09-03 19:32:29,864 [main] WARN  server.ServerUtils (ServerUtils.java:getDBPath(222)) - ozone.om.db.dirs is not configured. We recommend adding this setting. Falling back to ozone.metadata.dirs instead.
2019-09-03 19:32:29,865 [main] WARN  server.ServerUtils (ServerUtils.java:getDBPath(222)) - ozone.om.db.dirs is not configured. We recommend adding this setting. Falling back to ozone.metadata.dirs instead.
2019-09-03 19:32:29,865 [main] INFO  om.OzoneManager (OzoneManager.java:setOMNodeDetails(649)) - OM Service ID is not set. Setting it to the default ID: omServiceIdDefault
2019-09-03 19:32:29,865 [main] INFO  om.OzoneManager (OzoneManager.java:setOMNodeDetails(655)) - OM Node ID is not set. Setting it to the OmStorage's OmID: 88fc4e7a-838f-41e5-ae08-0fffccef9a24
2019-09-03 19:32:29,866 [main] INFO  om.OzoneManager (OzoneManager.java:loadOMHAConfigs(606)) - Found matching OM address with OMServiceId: null, OMNodeId: null, RPC Address: localhost:0 and Ratis port: 9872
2019-09-03 19:32:29,872 [main] WARN  server.ServerUtils (ServerUtils.java:getDBPath(222)) - ozone.om.db.dirs is not configured. We recommend adding this setting. Falling back to ozone.metadata.dirs instead.
2019-09-03 19:32:29,873 [main] INFO  db.DBStoreBuilder (DBStoreBuilder.java:addTable(110)) - using custom profile for table: userTable
2019-09-03 19:32:29,873 [main] INFO  db.DBStoreBuilder (DBStoreBuilder.java:processTables(161)) - Using default column profile:DBProfile.DISK for Table:userTable
2019-09-03 19:32:29,873 [main] INFO  db.DBStoreBuilder (DBStoreBuilder.java:addTable(110)) - using custom profile for table: volumeTable
2019-09-03 19:32:29,874 [main] INFO  db.DBStoreBuilder (DBStoreBuilder.java:processTables(161)) - Using default column profile:DBProfile.DISK for Table:volumeTable
2019-09-03 19:32:29,874 [main] INFO  db.DBStoreBuilder (DBStoreBuilder.java:addTable(110)) - using custom profile for table: bucketTable
2019-09-03 19:32:29,874 [main] INFO  db.DBStoreBuilder (DBStoreBuilder.java:processTables(161)) - Using default column profile:DBProfile.DISK for Table:bucketTable
2019-09-03 19:32:29,874 [main] INFO  db.DBStoreBuilder (DBStoreBuilder.java:addTable(110)) - using custom profile for table: keyTable
2019-09-03 19:32:29,874 [main] INFO  db.DBStoreBuilder (DBStoreBuilder.java:processTables(161)) - Using default column profile:DBProfile.DISK for Table:keyTable
2019-09-03 19:32:29,875 [main] INFO  db.DBStoreBuilder (DBStoreBuilder.java:addTable(110)) - using custom profile for table: deletedTable
2019-09-03 19:32:29,875 [main] INFO  db.DBStoreBuilder (DBStoreBuilder.java:processTables(161)) - Using default column profile:DBProfile.DISK for Table:deletedTable
2019-09-03 19:32:29,875 [main] INFO  db.DBStoreBuilder (DBStoreBuilder.java:addTable(110)) - using custom profile for table: openKeyTable
2019-09-03 19:32:29,875 [main] INFO  db.DBStoreBuilder (DBStoreBuilder.java:processTables(161)) - Using default column profile:DBProfile.DISK for Table:openKeyTable
2019-09-03 19:32:29,875 [main] INFO  db.DBStoreBuilder (DBStoreBuilder.java:addTable(110)) - using custom profile for table: s3Table
2019-09-03 19:32:29,876 [main] INFO  db.DBStoreBuilder (DBStoreBuilder.java:processTables(161)) - Using default column profile:DBProfile.DISK for Table:s3Table
2019-09-03 19:32:29,876 [main] INFO  db.DBStoreBuilder (DBStoreBuilder.java:addTable(110)) - using custom profile for table: multipartInfoTable
2019-09-03 19:32:29,876 [main] INFO  db.DBStoreBuilder (DBStoreBuilder.java:processTables(161)) - Using default column profile:DBProfile.DISK for Table:multipartInfoTable
2019-09-03 19:32:29,876 [main] INFO  db.DBStoreBuilder (DBStoreBuilder.java:addTable(110)) - using custom profile for table: dTokenTable
2019-09-03 19:32:29,876 [main] INFO  db.DBStoreBuilder (DBStoreBuilder.java:processTables(161)) - Using default column profile:DBProfile.DISK for Table:dTokenTable
2019-09-03 19:32:29,877 [main] INFO  db.DBStoreBuilder (DBStoreBuilder.java:addTable(110)) - using custom profile for table: s3SecretTable
2019-09-03 19:32:29,877 [main] INFO  db.DBStoreBuilder (DBStoreBuilder.java:processTables(161)) - Using default column profile:DBProfile.DISK for Table:s3SecretTable
2019-09-03 19:32:29,877 [main] INFO  db.DBStoreBuilder (DBStoreBuilder.java:addTable(110)) - using custom profile for table: prefixTable
2019-09-03 19:32:29,877 [main] INFO  db.DBStoreBuilder (DBStoreBuilder.java:processTables(161)) - Using default column profile:DBProfile.DISK for Table:prefixTable
2019-09-03 19:32:29,878 [main] INFO  db.DBStoreBuilder (DBStoreBuilder.java:addTable(110)) - using custom profile for table: default
2019-09-03 19:32:29,878 [main] INFO  db.DBStoreBuilder (DBStoreBuilder.java:processTables(167)) - Using default column profile:DBProfile.DISK for Table:default
2019-09-03 19:32:29,878 [main] INFO  db.DBStoreBuilder (DBStoreBuilder.java:getDbProfile(198)) - Using default options. DBProfile.DISK
2019-09-03 19:32:30,576 [main] INFO  ipc.CallQueueManager (CallQueueManager.java:<init>(84)) - Using callQueue: class java.util.concurrent.LinkedBlockingQueue, queueCapacity: 2000, scheduler: class org.apache.hadoop.ipc.DefaultRpcScheduler, ipcBackoff: false.
2019-09-03 19:32:30,577 [Socket Reader #1 for port 39923] INFO  ipc.Server (Server.java:run(1074)) - Starting Socket Reader #1 for port 39923
2019-09-03 19:32:30,593 [main] INFO  om.OzoneManager (OzoneManager.java:start(1240)) - OzoneManager RPC server is listening at localhost/127.0.0.1:39923
2019-09-03 19:32:30,594 [main] INFO  impl.MetricsSystemImpl (MetricsSystemImpl.java:init(158)) - OzoneManager metrics system started (again)
2019-09-03 19:32:30,595 [IPC Server Responder] INFO  ipc.Server (Server.java:run(1314)) - IPC Server Responder: starting
2019-09-03 19:32:30,595 [IPC Server listener on 39923] INFO  ipc.Server (Server.java:run(1153)) - IPC Server listener on 39923: starting
2019-09-03 19:32:30,601 [main] INFO  hdfs.DFSUtil (DFSUtil.java:httpServerTemplateForNNAndJN(1641)) - Starting Web-server for ozoneManager at: http://0.0.0.0:0
2019-09-03 19:32:30,603 [main] INFO  server.AuthenticationFilter (AuthenticationFilter.java:constructSecretProvider(240)) - Unable to initialize FileSignerSecretProvider, falling back to use random secrets.
2019-09-03 19:32:30,604 [main] WARN  http.HttpRequestLog (HttpRequestLog.java:getRequestLog(97)) - Jetty request log can only be enabled using Log4j
2019-09-03 19:32:30,607 [main] INFO  http.HttpServer2 (HttpServer2.java:addGlobalFilter(975)) - Added global filter 'safety' (class=org.apache.hadoop.http.HttpServer2$QuotingInputFilter)
2019-09-03 19:32:30,607 [main] INFO  http.HttpServer2 (HttpServer2.java:addFilter(948)) - Added filter static_user_filter (class=org.apache.hadoop.http.lib.StaticUserWebFilter$StaticUserFilter) to context ozoneManager
2019-09-03 19:32:30,608 [main] INFO  http.HttpServer2 (HttpServer2.java:addFilter(958)) - Added filter static_user_filter (class=org.apache.hadoop.http.lib.StaticUserWebFilter$StaticUserFilter) to context static
2019-09-03 19:32:30,608 [main] INFO  http.HttpServer2 (HttpServer2.java:addFilter(958)) - Added filter static_user_filter (class=org.apache.hadoop.http.lib.StaticUserWebFilter$StaticUserFilter) to context logs
2019-09-03 19:32:30,609 [main] INFO  http.HttpServer2 (HttpServer2.java:bindListener(1191)) - Jetty bound to port 36105
2019-09-03 19:32:30,609 [main] INFO  server.Server (Server.java:doStart(351)) - jetty-9.3.24.v20180605, build timestamp: 2018-06-05T17:11:56Z, git hash: 84205aa28f11a4f31f2a3b86d1bba2cc8ab69827
2019-09-03 19:32:30,612 [main] INFO  handler.ContextHandler (ContextHandler.java:doStart(781)) - Started o.e.j.s.ServletContextHandler@224c7de4{/logs,file:///workdir/hadoop-ozone/integration-test/target/log,AVAILABLE}
2019-09-03 19:32:30,612 [main] INFO  handler.ContextHandler (ContextHandler.java:doStart(781)) - Started o.e.j.s.ServletContextHandler@55846997{/static,file:///workdir/hadoop-ozone/integration-test/target/test-classes/webapps/static,AVAILABLE}
2019-09-03 19:32:30,618 [main] INFO  handler.ContextHandler (ContextHandler.java:doStart(781)) - Started o.e.j.w.WebAppContext@16a3cc88{/,file:///workdir/hadoop-ozone/integration-test/target/test-classes/webapps/ozoneManager/,AVAILABLE}{/ozoneManager}
2019-09-03 19:32:30,618 [main] INFO  server.AbstractConnector (AbstractConnector.java:doStart(278)) - Started ServerConnector@696b52bc{HTTP/1.1,[http/1.1]}{0.0.0.0:36105}
2019-09-03 19:32:30,619 [main] INFO  server.Server (Server.java:doStart(419)) - Started @217372ms
2019-09-03 19:32:30,620 [main] WARN  impl.MetricsSystemImpl (MetricsSystemImpl.java:register(276)) - Sink prometheus already exists!
2019-09-03 19:32:30,620 [main] INFO  server.BaseHttpServer (BaseHttpServer.java:updateConnectorAddress(215)) - HTTP server of OZONEMANAGER is listening at http://0.0.0.0:36105
2019-09-03 19:32:30,641 [main] INFO  impl.MetricsSystemImpl (MetricsSystemImpl.java:init(158)) - HddsDatanode metrics system started (again)
2019-09-03 19:32:30,644 [main] INFO  ozone.HddsDatanodeService (HddsDatanodeService.java:start(184)) - HddsDatanodeService host:pr-hdds-1200-xgh2h-450883189 ip:192.168.36.111
2019-09-03 19:32:30,651 [main] INFO  volume.HddsVolume (HddsVolume.java:<init>(176)) - Creating Volume: /workdir/hadoop-ozone/integration-test/target/test-dir/MiniOzoneClusterImpl-41176880-f664-46d8-b28c-56a7528e8d0a/datanode-0/data/containers/hdds of  storage type : DISK and capacity : 1482555576320
2019-09-03 19:32:30,651 [main] INFO  volume.VolumeSet (VolumeSet.java:initializeVolumeSet(170)) - Added Volume : /workdir/hadoop-ozone/integration-test/target/test-dir/MiniOzoneClusterImpl-41176880-f664-46d8-b28c-56a7528e8d0a/datanode-0/data/containers/hdds to VolumeSet
2019-09-03 19:32:30,651 [main] INFO  volume.ThrottledAsyncChecker (ThrottledAsyncChecker.java:schedule(140)) - Scheduling a check for org.apache.hadoop.ozone.container.common.volume.HddsVolume@339f3a55
2019-09-03 19:32:30,654 [main] INFO  volume.HddsVolumeChecker (HddsVolumeChecker.java:checkAllVolumes(203)) - Scheduled health check for volume org.apache.hadoop.ozone.container.common.volume.HddsVolume@339f3a55
2019-09-03 19:32:30,666 [main] INFO  impl.RaftServerProxy (ConfUtils.java:logGet(43)) - raft.rpc.type = GRPC (default)
2019-09-03 19:32:30,666 [main] INFO  grpc.GrpcFactory (GrpcFactory.java:checkPooledByteBufAllocatorUseCacheForAllThreads(45)) - PERFORMANCE WARNING: useCacheForAllThreads is true that may cause Netty to create a lot garbage objects and, as a result, trigger GC.
	It is recommended to disable useCacheForAllThreads by setting -Dorg.apache.ratis.thirdparty.io.netty.allocator.useCacheForAllThreads=false in command line.
2019-09-03 19:32:30,667 [main] INFO  grpc.GrpcConfigKeys$Server (ConfUtils.java:logGet(43)) - raft.grpc.server.port = 0 (default)
2019-09-03 19:32:30,667 [main] INFO  server.GrpcService (ConfUtils.java:logGet(43)) - raft.grpc.message.size.max = 33570816 (custom)
2019-09-03 19:32:30,667 [main] INFO  server.RaftServerConfigKeys (ConfUtils.java:logGet(43)) - raft.server.log.appender.buffer.byte-limit = 33554432 (custom)
2019-09-03 19:32:30,667 [main] INFO  server.GrpcService (ConfUtils.java:logGet(43)) - raft.grpc.flow.control.window = 1MB (=1048576) (default)
2019-09-03 19:32:30,667 [main] INFO  server.RaftServerConfigKeys (ConfUtils.java:logGet(43)) - raft.server.rpc.request.timeout = 3000ms (default)
2019-09-03 19:32:30,668 [main] INFO  server.RaftServerConfigKeys (ConfUtils.java:logGet(43)) - raft.server.storage.dir = [/workdir/hadoop-ozone/integration-test/target/test-dir/MiniOzoneClusterImpl-41176880-f664-46d8-b28c-56a7528e8d0a/datanode-0/data/ratis] (custom)
2019-09-03 19:32:30,669 [main] INFO  hdfs.DFSUtil (DFSUtil.java:httpServerTemplateForNNAndJN(1641)) - Starting Web-server for hddsDatanode at: http://0.0.0.0:0
2019-09-03 19:32:30,671 [main] INFO  server.AuthenticationFilter (AuthenticationFilter.java:constructSecretProvider(240)) - Unable to initialize FileSignerSecretProvider, falling back to use random secrets.
2019-09-03 19:32:30,672 [main] WARN  http.HttpRequestLog (HttpRequestLog.java:getRequestLog(97)) - Jetty request log can only be enabled using Log4j
2019-09-03 19:32:30,674 [main] INFO  http.HttpServer2 (HttpServer2.java:addGlobalFilter(975)) - Added global filter 'safety' (class=org.apache.hadoop.http.HttpServer2$QuotingInputFilter)
2019-09-03 19:32:30,674 [main] INFO  http.HttpServer2 (HttpServer2.java:addFilter(948)) - Added filter static_user_filter (class=org.apache.hadoop.http.lib.StaticUserWebFilter$StaticUserFilter) to context hddsDatanode
2019-09-03 19:32:30,675 [main] INFO  http.HttpServer2 (HttpServer2.java:addFilter(958)) - Added filter static_user_filter (class=org.apache.hadoop.http.lib.StaticUserWebFilter$StaticUserFilter) to context logs
2019-09-03 19:32:30,675 [main] INFO  http.HttpServer2 (HttpServer2.java:addFilter(958)) - Added filter static_user_filter (class=org.apache.hadoop.http.lib.StaticUserWebFilter$StaticUserFilter) to context static
2019-09-03 19:32:30,676 [main] INFO  http.HttpServer2 (HttpServer2.java:bindListener(1191)) - Jetty bound to port 41503
2019-09-03 19:32:30,676 [main] INFO  server.Server (Server.java:doStart(351)) - jetty-9.3.24.v20180605, build timestamp: 2018-06-05T17:11:56Z, git hash: 84205aa28f11a4f31f2a3b86d1bba2cc8ab69827
2019-09-03 19:32:30,678 [main] INFO  handler.ContextHandler (ContextHandler.java:doStart(781)) - Started o.e.j.s.ServletContextHandler@58687fb7{/logs,file:///workdir/hadoop-ozone/integration-test/target/log,AVAILABLE}
2019-09-03 19:32:30,678 [main] INFO  handler.ContextHandler (ContextHandler.java:doStart(781)) - Started o.e.j.s.ServletContextHandler@3a3b10f4{/static,jar:file:/home/user/.m2/repository/org/apache/hadoop/hadoop-hdds-container-service/0.5.0-SNAPSHOT/hadoop-hdds-container-service-0.5.0-SNAPSHOT.jar!/webapps/static,AVAILABLE}
2019-09-03 19:32:30,715 [main] INFO  handler.ContextHandler (ContextHandler.java:doStart(781)) - Started o.e.j.w.WebAppContext@527a8665{/,file:///tmp/jetty-0.0.0.0-41503-hddsDatanode-_-any-7444987410367850534.dir/webapp/,AVAILABLE}{/hddsDatanode}
2019-09-03 19:32:30,715 [main] INFO  server.AbstractConnector (AbstractConnector.java:doStart(278)) - Started ServerConnector@7ab2a07e{HTTP/1.1,[http/1.1]}{0.0.0.0:41503}
2019-09-03 19:32:30,717 [main] INFO  server.Server (Server.java:doStart(419)) - Started @217469ms
2019-09-03 19:32:30,717 [main] WARN  impl.MetricsSystemImpl (MetricsSystemImpl.java:register(276)) - Sink prometheus already exists!
2019-09-03 19:32:30,718 [main] INFO  server.BaseHttpServer (BaseHttpServer.java:updateConnectorAddress(215)) - HTTP server of HDDSDATANODE is listening at http://0.0.0.0:41503
2019-09-03 19:32:30,718 [main] INFO  impl.MetricsSystemImpl (MetricsSystemImpl.java:init(158)) - HddsDatanode metrics system started (again)
2019-09-03 19:32:30,721 [main] INFO  ozone.HddsDatanodeService (HddsDatanodeService.java:start(184)) - HddsDatanodeService host:pr-hdds-1200-xgh2h-450883189 ip:192.168.36.111
2019-09-03 19:32:30,721 [org.apache.hadoop.util.JvmPauseMonitor$Monitor@ab0dd6e] INFO  util.JvmPauseMonitor (JvmPauseMonitor.java:run(188)) - Starting JVM pause monitor
2019-09-03 19:32:30,723 [Datanode State Machine Thread - 0] INFO  datanode.InitDatanodeState (InitDatanodeState.java:persistContainerDatanodeDetails(140)) - DatanodeDetails is persisted to /workdir/hadoop-ozone/integration-test/target/test-dir/MiniOzoneClusterImpl-41176880-f664-46d8-b28c-56a7528e8d0a/datanode-0/meta/datanode.id
2019-09-03 19:32:30,728 [main] INFO  volume.HddsVolume (HddsVolume.java:<init>(176)) - Creating Volume: /workdir/hadoop-ozone/integration-test/target/test-dir/MiniOzoneClusterImpl-41176880-f664-46d8-b28c-56a7528e8d0a/datanode-1/data/containers/hdds of  storage type : DISK and capacity : 1482555576320
2019-09-03 19:32:30,728 [main] INFO  volume.VolumeSet (VolumeSet.java:initializeVolumeSet(170)) - Added Volume : /workdir/hadoop-ozone/integration-test/target/test-dir/MiniOzoneClusterImpl-41176880-f664-46d8-b28c-56a7528e8d0a/datanode-1/data/containers/hdds to VolumeSet
2019-09-03 19:32:30,728 [main] INFO  volume.ThrottledAsyncChecker (ThrottledAsyncChecker.java:schedule(140)) - Scheduling a check for org.apache.hadoop.ozone.container.common.volume.HddsVolume@361cd35c
2019-09-03 19:32:30,729 [main] INFO  volume.HddsVolumeChecker (HddsVolumeChecker.java:checkAllVolumes(203)) - Scheduled health check for volume org.apache.hadoop.ozone.container.common.volume.HddsVolume@361cd35c
2019-09-03 19:32:30,744 [main] INFO  impl.RaftServerProxy (ConfUtils.java:logGet(43)) - raft.rpc.type = GRPC (default)
2019-09-03 19:32:30,744 [main] INFO  grpc.GrpcFactory (GrpcFactory.java:checkPooledByteBufAllocatorUseCacheForAllThreads(45)) - PERFORMANCE WARNING: useCacheForAllThreads is true that may cause Netty to create a lot garbage objects and, as a result, trigger GC.
	It is recommended to disable useCacheForAllThreads by setting -Dorg.apache.ratis.thirdparty.io.netty.allocator.useCacheForAllThreads=false in command line.
2019-09-03 19:32:30,745 [main] INFO  grpc.GrpcConfigKeys$Server (ConfUtils.java:logGet(43)) - raft.grpc.server.port = 0 (default)
2019-09-03 19:32:30,745 [main] INFO  server.GrpcService (ConfUtils.java:logGet(43)) - raft.grpc.message.size.max = 33570816 (custom)
2019-09-03 19:32:30,745 [main] INFO  server.RaftServerConfigKeys (ConfUtils.java:logGet(43)) - raft.server.log.appender.buffer.byte-limit = 33554432 (custom)
2019-09-03 19:32:30,745 [main] INFO  server.GrpcService (ConfUtils.java:logGet(43)) - raft.grpc.flow.control.window = 1MB (=1048576) (default)
2019-09-03 19:32:30,746 [main] INFO  server.RaftServerConfigKeys (ConfUtils.java:logGet(43)) - raft.server.rpc.request.timeout = 3000ms (default)
2019-09-03 19:32:30,746 [main] INFO  server.RaftServerConfigKeys (ConfUtils.java:logGet(43)) - raft.server.storage.dir = [/workdir/hadoop-ozone/integration-test/target/test-dir/MiniOzoneClusterImpl-41176880-f664-46d8-b28c-56a7528e8d0a/datanode-1/data/ratis] (custom)
2019-09-03 19:32:30,747 [main] INFO  hdfs.DFSUtil (DFSUtil.java:httpServerTemplateForNNAndJN(1641)) - Starting Web-server for hddsDatanode at: http://0.0.0.0:0
2019-09-03 19:32:30,749 [main] INFO  server.AuthenticationFilter (AuthenticationFilter.java:constructSecretProvider(240)) - Unable to initialize FileSignerSecretProvider, falling back to use random secrets.
2019-09-03 19:32:30,749 [main] WARN  http.HttpRequestLog (HttpRequestLog.java:getRequestLog(97)) - Jetty request log can only be enabled using Log4j
2019-09-03 19:32:30,751 [main] INFO  http.HttpServer2 (HttpServer2.java:addGlobalFilter(975)) - Added global filter 'safety' (class=org.apache.hadoop.http.HttpServer2$QuotingInputFilter)
2019-09-03 19:32:30,751 [main] INFO  http.HttpServer2 (HttpServer2.java:addFilter(948)) - Added filter static_user_filter (class=org.apache.hadoop.http.lib.StaticUserWebFilter$StaticUserFilter) to context hddsDatanode
2019-09-03 19:32:30,751 [main] INFO  http.HttpServer2 (HttpServer2.java:addFilter(958)) - Added filter static_user_filter (class=org.apache.hadoop.http.lib.StaticUserWebFilter$StaticUserFilter) to context logs
2019-09-03 19:32:30,752 [main] INFO  http.HttpServer2 (HttpServer2.java:addFilter(958)) - Added filter static_user_filter (class=org.apache.hadoop.http.lib.StaticUserWebFilter$StaticUserFilter) to context static
2019-09-03 19:32:30,752 [main] INFO  http.HttpServer2 (HttpServer2.java:bindListener(1191)) - Jetty bound to port 36586
2019-09-03 19:32:30,752 [main] INFO  server.Server (Server.java:doStart(351)) - jetty-9.3.24.v20180605, build timestamp: 2018-06-05T17:11:56Z, git hash: 84205aa28f11a4f31f2a3b86d1bba2cc8ab69827
2019-09-03 19:32:30,754 [main] INFO  handler.ContextHandler (ContextHandler.java:doStart(781)) - Started o.e.j.s.ServletContextHandler@7558c24b{/logs,file:///workdir/hadoop-ozone/integration-test/target/log,AVAILABLE}
2019-09-03 19:32:30,755 [main] INFO  handler.ContextHandler (ContextHandler.java:doStart(781)) - Started o.e.j.s.ServletContextHandler@1f129467{/static,jar:file:/home/user/.m2/repository/org/apache/hadoop/hadoop-hdds-container-service/0.5.0-SNAPSHOT/hadoop-hdds-container-service-0.5.0-SNAPSHOT.jar!/webapps/static,AVAILABLE}
2019-09-03 19:32:30,783 [main] INFO  handler.ContextHandler (ContextHandler.java:doStart(781)) - Started o.e.j.w.WebAppContext@79ecc507{/,file:///tmp/jetty-0.0.0.0-36586-hddsDatanode-_-any-8219377534403451593.dir/webapp/,AVAILABLE}{/hddsDatanode}
2019-09-03 19:32:30,783 [main] INFO  server.AbstractConnector (AbstractConnector.java:doStart(278)) - Started ServerConnector@6ef2f7ad{HTTP/1.1,[http/1.1]}{0.0.0.0:36586}
2019-09-03 19:32:30,784 [main] INFO  server.Server (Server.java:doStart(419)) - Started @217537ms
2019-09-03 19:32:30,784 [main] WARN  impl.MetricsSystemImpl (MetricsSystemImpl.java:register(276)) - Sink prometheus already exists!
2019-09-03 19:32:30,785 [main] INFO  server.BaseHttpServer (BaseHttpServer.java:updateConnectorAddress(215)) - HTTP server of HDDSDATANODE is listening at http://0.0.0.0:36586
2019-09-03 19:32:30,785 [main] INFO  impl.MetricsSystemImpl (MetricsSystemImpl.java:init(158)) - HddsDatanode metrics system started (again)
2019-09-03 19:32:30,788 [org.apache.hadoop.util.JvmPauseMonitor$Monitor@3a83d246] INFO  util.JvmPauseMonitor (JvmPauseMonitor.java:run(188)) - Starting JVM pause monitor
2019-09-03 19:32:30,789 [main] INFO  ozone.HddsDatanodeService (HddsDatanodeService.java:start(184)) - HddsDatanodeService host:pr-hdds-1200-xgh2h-450883189 ip:192.168.36.111
2019-09-03 19:32:30,790 [Datanode State Machine Thread - 0] INFO  datanode.InitDatanodeState (InitDatanodeState.java:persistContainerDatanodeDetails(140)) - DatanodeDetails is persisted to /workdir/hadoop-ozone/integration-test/target/test-dir/MiniOzoneClusterImpl-41176880-f664-46d8-b28c-56a7528e8d0a/datanode-1/meta/datanode.id
2019-09-03 19:32:30,795 [main] INFO  volume.HddsVolume (HddsVolume.java:<init>(176)) - Creating Volume: /workdir/hadoop-ozone/integration-test/target/test-dir/MiniOzoneClusterImpl-41176880-f664-46d8-b28c-56a7528e8d0a/datanode-2/data/containers/hdds of  storage type : DISK and capacity : 1482555576320
2019-09-03 19:32:30,796 [main] INFO  volume.VolumeSet (VolumeSet.java:initializeVolumeSet(170)) - Added Volume : /workdir/hadoop-ozone/integration-test/target/test-dir/MiniOzoneClusterImpl-41176880-f664-46d8-b28c-56a7528e8d0a/datanode-2/data/containers/hdds to VolumeSet
2019-09-03 19:32:30,796 [main] INFO  volume.ThrottledAsyncChecker (ThrottledAsyncChecker.java:schedule(140)) - Scheduling a check for org.apache.hadoop.ozone.container.common.volume.HddsVolume@7abeabe9
2019-09-03 19:32:30,796 [main] INFO  volume.HddsVolumeChecker (HddsVolumeChecker.java:checkAllVolumes(203)) - Scheduled health check for volume org.apache.hadoop.ozone.container.common.volume.HddsVolume@7abeabe9
2019-09-03 19:32:30,808 [main] INFO  impl.RaftServerProxy (ConfUtils.java:logGet(43)) - raft.rpc.type = GRPC (default)
2019-09-03 19:32:30,809 [main] INFO  grpc.GrpcFactory (GrpcFactory.java:checkPooledByteBufAllocatorUseCacheForAllThreads(45)) - PERFORMANCE WARNING: useCacheForAllThreads is true that may cause Netty to create a lot garbage objects and, as a result, trigger GC.
	It is recommended to disable useCacheForAllThreads by setting -Dorg.apache.ratis.thirdparty.io.netty.allocator.useCacheForAllThreads=false in command line.
2019-09-03 19:32:30,809 [main] INFO  grpc.GrpcConfigKeys$Server (ConfUtils.java:logGet(43)) - raft.grpc.server.port = 0 (default)
2019-09-03 19:32:30,809 [main] INFO  server.GrpcService (ConfUtils.java:logGet(43)) - raft.grpc.message.size.max = 33570816 (custom)
2019-09-03 19:32:30,809 [main] INFO  server.RaftServerConfigKeys (ConfUtils.java:logGet(43)) - raft.server.log.appender.buffer.byte-limit = 33554432 (custom)
2019-09-03 19:32:30,809 [main] INFO  server.GrpcService (ConfUtils.java:logGet(43)) - raft.grpc.flow.control.window = 1MB (=1048576) (default)
2019-09-03 19:32:30,810 [main] INFO  server.RaftServerConfigKeys (ConfUtils.java:logGet(43)) - raft.server.rpc.request.timeout = 3000ms (default)
2019-09-03 19:32:30,810 [main] INFO  server.RaftServerConfigKeys (ConfUtils.java:logGet(43)) - raft.server.storage.dir = [/workdir/hadoop-ozone/integration-test/target/test-dir/MiniOzoneClusterImpl-41176880-f664-46d8-b28c-56a7528e8d0a/datanode-2/data/ratis] (custom)
2019-09-03 19:32:30,811 [main] INFO  hdfs.DFSUtil (DFSUtil.java:httpServerTemplateForNNAndJN(1641)) - Starting Web-server for hddsDatanode at: http://0.0.0.0:0
2019-09-03 19:32:30,813 [main] INFO  server.AuthenticationFilter (AuthenticationFilter.java:constructSecretProvider(240)) - Unable to initialize FileSignerSecretProvider, falling back to use random secrets.
2019-09-03 19:32:30,814 [main] WARN  http.HttpRequestLog (HttpRequestLog.java:getRequestLog(97)) - Jetty request log can only be enabled using Log4j
2019-09-03 19:32:30,816 [main] INFO  http.HttpServer2 (HttpServer2.java:addGlobalFilter(975)) - Added global filter 'safety' (class=org.apache.hadoop.http.HttpServer2$QuotingInputFilter)
2019-09-03 19:32:30,816 [main] INFO  http.HttpServer2 (HttpServer2.java:addFilter(948)) - Added filter static_user_filter (class=org.apache.hadoop.http.lib.StaticUserWebFilter$StaticUserFilter) to context hddsDatanode
2019-09-03 19:32:30,817 [main] INFO  http.HttpServer2 (HttpServer2.java:addFilter(958)) - Added filter static_user_filter (class=org.apache.hadoop.http.lib.StaticUserWebFilter$StaticUserFilter) to context logs
2019-09-03 19:32:30,817 [main] INFO  http.HttpServer2 (HttpServer2.java:addFilter(958)) - Added filter static_user_filter (class=org.apache.hadoop.http.lib.StaticUserWebFilter$StaticUserFilter) to context static
2019-09-03 19:32:30,818 [main] INFO  http.HttpServer2 (HttpServer2.java:bindListener(1191)) - Jetty bound to port 41528
2019-09-03 19:32:30,818 [main] INFO  server.Server (Server.java:doStart(351)) - jetty-9.3.24.v20180605, build timestamp: 2018-06-05T17:11:56Z, git hash: 84205aa28f11a4f31f2a3b86d1bba2cc8ab69827
2019-09-03 19:32:30,820 [main] INFO  handler.ContextHandler (ContextHandler.java:doStart(781)) - Started o.e.j.s.ServletContextHandler@1d289d3f{/logs,file:///workdir/hadoop-ozone/integration-test/target/log,AVAILABLE}
2019-09-03 19:32:30,821 [main] INFO  handler.ContextHandler (ContextHandler.java:doStart(781)) - Started o.e.j.s.ServletContextHandler@7f27f59b{/static,jar:file:/home/user/.m2/repository/org/apache/hadoop/hadoop-hdds-container-service/0.5.0-SNAPSHOT/hadoop-hdds-container-service-0.5.0-SNAPSHOT.jar!/webapps/static,AVAILABLE}
2019-09-03 19:32:30,860 [main] INFO  handler.ContextHandler (ContextHandler.java:doStart(781)) - Started o.e.j.w.WebAppContext@26be9a6{/,file:///tmp/jetty-0.0.0.0-41528-hddsDatanode-_-any-8516730933092611580.dir/webapp/,AVAILABLE}{/hddsDatanode}
2019-09-03 19:32:30,860 [main] INFO  server.AbstractConnector (AbstractConnector.java:doStart(278)) - Started ServerConnector@4d518c66{HTTP/1.1,[http/1.1]}{0.0.0.0:41528}
2019-09-03 19:32:30,862 [main] INFO  server.Server (Server.java:doStart(419)) - Started @217614ms
2019-09-03 19:32:30,862 [main] WARN  impl.MetricsSystemImpl (MetricsSystemImpl.java:register(276)) - Sink prometheus already exists!
2019-09-03 19:32:30,863 [main] INFO  server.BaseHttpServer (BaseHttpServer.java:updateConnectorAddress(215)) - HTTP server of HDDSDATANODE is listening at http://0.0.0.0:41528
2019-09-03 19:32:30,863 [main] INFO  impl.MetricsSystemImpl (MetricsSystemImpl.java:init(158)) - HddsDatanode metrics system started (again)
2019-09-03 19:32:30,866 [org.apache.hadoop.util.JvmPauseMonitor$Monitor@1cf82c6d] INFO  util.JvmPauseMonitor (JvmPauseMonitor.java:run(188)) - Starting JVM pause monitor
2019-09-03 19:32:30,867 [main] INFO  ozone.HddsDatanodeService (HddsDatanodeService.java:start(184)) - HddsDatanodeService host:pr-hdds-1200-xgh2h-450883189 ip:192.168.36.111
2019-09-03 19:32:30,868 [Datanode State Machine Thread - 0] INFO  datanode.InitDatanodeState (InitDatanodeState.java:persistContainerDatanodeDetails(140)) - DatanodeDetails is persisted to /workdir/hadoop-ozone/integration-test/target/test-dir/MiniOzoneClusterImpl-41176880-f664-46d8-b28c-56a7528e8d0a/datanode-2/meta/datanode.id
2019-09-03 19:32:30,873 [main] INFO  volume.HddsVolume (HddsVolume.java:<init>(176)) - Creating Volume: /workdir/hadoop-ozone/integration-test/target/test-dir/MiniOzoneClusterImpl-41176880-f664-46d8-b28c-56a7528e8d0a/datanode-3/data/containers/hdds of  storage type : DISK and capacity : 1482555576320
2019-09-03 19:32:30,873 [main] INFO  volume.VolumeSet (VolumeSet.java:initializeVolumeSet(170)) - Added Volume : /workdir/hadoop-ozone/integration-test/target/test-dir/MiniOzoneClusterImpl-41176880-f664-46d8-b28c-56a7528e8d0a/datanode-3/data/containers/hdds to VolumeSet
2019-09-03 19:32:30,874 [main] INFO  volume.ThrottledAsyncChecker (ThrottledAsyncChecker.java:schedule(140)) - Scheduling a check for org.apache.hadoop.ozone.container.common.volume.HddsVolume@a2b54e3
2019-09-03 19:32:30,874 [main] INFO  volume.HddsVolumeChecker (HddsVolumeChecker.java:checkAllVolumes(203)) - Scheduled health check for volume org.apache.hadoop.ozone.container.common.volume.HddsVolume@a2b54e3
2019-09-03 19:32:30,889 [main] INFO  impl.RaftServerProxy (ConfUtils.java:logGet(43)) - raft.rpc.type = GRPC (default)
2019-09-03 19:32:30,890 [main] INFO  grpc.GrpcFactory (GrpcFactory.java:checkPooledByteBufAllocatorUseCacheForAllThreads(45)) - PERFORMANCE WARNING: useCacheForAllThreads is true that may cause Netty to create a lot garbage objects and, as a result, trigger GC.
	It is recommended to disable useCacheForAllThreads by setting -Dorg.apache.ratis.thirdparty.io.netty.allocator.useCacheForAllThreads=false in command line.
2019-09-03 19:32:30,890 [main] INFO  grpc.GrpcConfigKeys$Server (ConfUtils.java:logGet(43)) - raft.grpc.server.port = 0 (default)
2019-09-03 19:32:30,890 [main] INFO  server.GrpcService (ConfUtils.java:logGet(43)) - raft.grpc.message.size.max = 33570816 (custom)
2019-09-03 19:32:30,890 [main] INFO  server.RaftServerConfigKeys (ConfUtils.java:logGet(43)) - raft.server.log.appender.buffer.byte-limit = 33554432 (custom)
2019-09-03 19:32:30,891 [main] INFO  server.GrpcService (ConfUtils.java:logGet(43)) - raft.grpc.flow.control.window = 1MB (=1048576) (default)
2019-09-03 19:32:30,891 [main] INFO  server.RaftServerConfigKeys (ConfUtils.java:logGet(43)) - raft.server.rpc.request.timeout = 3000ms (default)
2019-09-03 19:32:30,891 [main] INFO  server.RaftServerConfigKeys (ConfUtils.java:logGet(43)) - raft.server.storage.dir = [/workdir/hadoop-ozone/integration-test/target/test-dir/MiniOzoneClusterImpl-41176880-f664-46d8-b28c-56a7528e8d0a/datanode-3/data/ratis] (custom)
2019-09-03 19:32:30,893 [main] INFO  hdfs.DFSUtil (DFSUtil.java:httpServerTemplateForNNAndJN(1641)) - Starting Web-server for hddsDatanode at: http://0.0.0.0:0
2019-09-03 19:32:30,894 [main] INFO  server.AuthenticationFilter (AuthenticationFilter.java:constructSecretProvider(240)) - Unable to initialize FileSignerSecretProvider, falling back to use random secrets.
2019-09-03 19:32:30,895 [main] WARN  http.HttpRequestLog (HttpRequestLog.java:getRequestLog(97)) - Jetty request log can only be enabled using Log4j
2019-09-03 19:32:30,897 [main] INFO  http.HttpServer2 (HttpServer2.java:addGlobalFilter(975)) - Added global filter 'safety' (class=org.apache.hadoop.http.HttpServer2$QuotingInputFilter)
2019-09-03 19:32:30,897 [main] INFO  http.HttpServer2 (HttpServer2.java:addFilter(948)) - Added filter static_user_filter (class=org.apache.hadoop.http.lib.StaticUserWebFilter$StaticUserFilter) to context hddsDatanode
2019-09-03 19:32:30,897 [main] INFO  http.HttpServer2 (HttpServer2.java:addFilter(958)) - Added filter static_user_filter (class=org.apache.hadoop.http.lib.StaticUserWebFilter$StaticUserFilter) to context logs
2019-09-03 19:32:30,898 [main] INFO  http.HttpServer2 (HttpServer2.java:addFilter(958)) - Added filter static_user_filter (class=org.apache.hadoop.http.lib.StaticUserWebFilter$StaticUserFilter) to context static
2019-09-03 19:32:30,898 [main] INFO  http.HttpServer2 (HttpServer2.java:bindListener(1191)) - Jetty bound to port 40211
2019-09-03 19:32:30,899 [main] INFO  server.Server (Server.java:doStart(351)) - jetty-9.3.24.v20180605, build timestamp: 2018-06-05T17:11:56Z, git hash: 84205aa28f11a4f31f2a3b86d1bba2cc8ab69827
2019-09-03 19:32:30,900 [main] INFO  handler.ContextHandler (ContextHandler.java:doStart(781)) - Started o.e.j.s.ServletContextHandler@320be73{/logs,file:///workdir/hadoop-ozone/integration-test/target/log,AVAILABLE}
2019-09-03 19:32:30,901 [main] INFO  handler.ContextHandler (ContextHandler.java:doStart(781)) - Started o.e.j.s.ServletContextHandler@6af310c7{/static,jar:file:/home/user/.m2/repository/org/apache/hadoop/hadoop-hdds-container-service/0.5.0-SNAPSHOT/hadoop-hdds-container-service-0.5.0-SNAPSHOT.jar!/webapps/static,AVAILABLE}
2019-09-03 19:32:30,934 [main] INFO  handler.ContextHandler (ContextHandler.java:doStart(781)) - Started o.e.j.w.WebAppContext@353e6389{/,file:///tmp/jetty-0.0.0.0-40211-hddsDatanode-_-any-9191041384445821449.dir/webapp/,AVAILABLE}{/hddsDatanode}
2019-09-03 19:32:30,934 [main] INFO  server.AbstractConnector (AbstractConnector.java:doStart(278)) - Started ServerConnector@15e8f9b2{HTTP/1.1,[http/1.1]}{0.0.0.0:40211}
2019-09-03 19:32:30,936 [main] INFO  server.Server (Server.java:doStart(419)) - Started @217688ms
2019-09-03 19:32:30,936 [main] WARN  impl.MetricsSystemImpl (MetricsSystemImpl.java:register(276)) - Sink prometheus already exists!
2019-09-03 19:32:30,936 [main] INFO  server.BaseHttpServer (BaseHttpServer.java:updateConnectorAddress(215)) - HTTP server of HDDSDATANODE is listening at http://0.0.0.0:40211
2019-09-03 19:32:30,937 [main] INFO  impl.MetricsSystemImpl (MetricsSystemImpl.java:init(158)) - HddsDatanode metrics system started (again)
2019-09-03 19:32:30,940 [main] INFO  ozone.HddsDatanodeService (HddsDatanodeService.java:start(184)) - HddsDatanodeService host:pr-hdds-1200-xgh2h-450883189 ip:192.168.36.111
2019-09-03 19:32:30,940 [org.apache.hadoop.util.JvmPauseMonitor$Monitor@cc8f02a] INFO  util.JvmPauseMonitor (JvmPauseMonitor.java:run(188)) - Starting JVM pause monitor
2019-09-03 19:32:30,941 [Datanode State Machine Thread - 0] INFO  datanode.InitDatanodeState (InitDatanodeState.java:persistContainerDatanodeDetails(140)) - DatanodeDetails is persisted to /workdir/hadoop-ozone/integration-test/target/test-dir/MiniOzoneClusterImpl-41176880-f664-46d8-b28c-56a7528e8d0a/datanode-3/meta/datanode.id
2019-09-03 19:32:30,946 [main] INFO  volume.HddsVolume (HddsVolume.java:<init>(176)) - Creating Volume: /workdir/hadoop-ozone/integration-test/target/test-dir/MiniOzoneClusterImpl-41176880-f664-46d8-b28c-56a7528e8d0a/datanode-4/data/containers/hdds of  storage type : DISK and capacity : 1482555576320
2019-09-03 19:32:30,946 [main] INFO  volume.VolumeSet (VolumeSet.java:initializeVolumeSet(170)) - Added Volume : /workdir/hadoop-ozone/integration-test/target/test-dir/MiniOzoneClusterImpl-41176880-f664-46d8-b28c-56a7528e8d0a/datanode-4/data/containers/hdds to VolumeSet
2019-09-03 19:32:30,946 [main] INFO  volume.ThrottledAsyncChecker (ThrottledAsyncChecker.java:schedule(140)) - Scheduling a check for org.apache.hadoop.ozone.container.common.volume.HddsVolume@7f3c0399
2019-09-03 19:32:30,947 [main] INFO  volume.HddsVolumeChecker (HddsVolumeChecker.java:checkAllVolumes(203)) - Scheduled health check for volume org.apache.hadoop.ozone.container.common.volume.HddsVolume@7f3c0399
2019-09-03 19:32:30,959 [main] INFO  impl.RaftServerProxy (ConfUtils.java:logGet(43)) - raft.rpc.type = GRPC (default)
2019-09-03 19:32:30,959 [main] INFO  grpc.GrpcFactory (GrpcFactory.java:checkPooledByteBufAllocatorUseCacheForAllThreads(45)) - PERFORMANCE WARNING: useCacheForAllThreads is true that may cause Netty to create a lot garbage objects and, as a result, trigger GC.
	It is recommended to disable useCacheForAllThreads by setting -Dorg.apache.ratis.thirdparty.io.netty.allocator.useCacheForAllThreads=false in command line.
2019-09-03 19:32:30,959 [main] INFO  grpc.GrpcConfigKeys$Server (ConfUtils.java:logGet(43)) - raft.grpc.server.port = 0 (default)
2019-09-03 19:32:30,960 [main] INFO  server.GrpcService (ConfUtils.java:logGet(43)) - raft.grpc.message.size.max = 33570816 (custom)
2019-09-03 19:32:30,960 [main] INFO  server.RaftServerConfigKeys (ConfUtils.java:logGet(43)) - raft.server.log.appender.buffer.byte-limit = 33554432 (custom)
2019-09-03 19:32:30,960 [main] INFO  server.GrpcService (ConfUtils.java:logGet(43)) - raft.grpc.flow.control.window = 1MB (=1048576) (default)
2019-09-03 19:32:30,960 [main] INFO  server.RaftServerConfigKeys (ConfUtils.java:logGet(43)) - raft.server.rpc.request.timeout = 3000ms (default)
2019-09-03 19:32:30,961 [main] INFO  server.RaftServerConfigKeys (ConfUtils.java:logGet(43)) - raft.server.storage.dir = [/workdir/hadoop-ozone/integration-test/target/test-dir/MiniOzoneClusterImpl-41176880-f664-46d8-b28c-56a7528e8d0a/datanode-4/data/ratis] (custom)
2019-09-03 19:32:30,962 [main] INFO  hdfs.DFSUtil (DFSUtil.java:httpServerTemplateForNNAndJN(1641)) - Starting Web-server for hddsDatanode at: http://0.0.0.0:0
2019-09-03 19:32:30,964 [main] INFO  server.AuthenticationFilter (AuthenticationFilter.java:constructSecretProvider(240)) - Unable to initialize FileSignerSecretProvider, falling back to use random secrets.
2019-09-03 19:32:30,965 [main] WARN  http.HttpRequestLog (HttpRequestLog.java:getRequestLog(97)) - Jetty request log can only be enabled using Log4j
2019-09-03 19:32:30,967 [main] INFO  http.HttpServer2 (HttpServer2.java:addGlobalFilter(975)) - Added global filter 'safety' (class=org.apache.hadoop.http.HttpServer2$QuotingInputFilter)
2019-09-03 19:32:30,968 [main] INFO  http.HttpServer2 (HttpServer2.java:addFilter(948)) - Added filter static_user_filter (class=org.apache.hadoop.http.lib.StaticUserWebFilter$StaticUserFilter) to context hddsDatanode
2019-09-03 19:32:30,968 [main] INFO  http.HttpServer2 (HttpServer2.java:addFilter(958)) - Added filter static_user_filter (class=org.apache.hadoop.http.lib.StaticUserWebFilter$StaticUserFilter) to context logs
2019-09-03 19:32:30,968 [main] INFO  http.HttpServer2 (HttpServer2.java:addFilter(958)) - Added filter static_user_filter (class=org.apache.hadoop.http.lib.StaticUserWebFilter$StaticUserFilter) to context static
2019-09-03 19:32:30,969 [main] INFO  http.HttpServer2 (HttpServer2.java:bindListener(1191)) - Jetty bound to port 33811
2019-09-03 19:32:30,969 [main] INFO  server.Server (Server.java:doStart(351)) - jetty-9.3.24.v20180605, build timestamp: 2018-06-05T17:11:56Z, git hash: 84205aa28f11a4f31f2a3b86d1bba2cc8ab69827
2019-09-03 19:32:30,971 [main] INFO  handler.ContextHandler (ContextHandler.java:doStart(781)) - Started o.e.j.s.ServletContextHandler@48bc2fce{/logs,file:///workdir/hadoop-ozone/integration-test/target/log,AVAILABLE}
2019-09-03 19:32:30,972 [main] INFO  handler.ContextHandler (ContextHandler.java:doStart(781)) - Started o.e.j.s.ServletContextHandler@24fba488{/static,jar:file:/home/user/.m2/repository/org/apache/hadoop/hadoop-hdds-container-service/0.5.0-SNAPSHOT/hadoop-hdds-container-service-0.5.0-SNAPSHOT.jar!/webapps/static,AVAILABLE}
2019-09-03 19:32:31,011 [main] INFO  handler.ContextHandler (ContextHandler.java:doStart(781)) - Started o.e.j.w.WebAppContext@634f58d2{/,file:///tmp/jetty-0.0.0.0-33811-hddsDatanode-_-any-7734451657333704134.dir/webapp/,AVAILABLE}{/hddsDatanode}
2019-09-03 19:32:31,012 [main] INFO  server.AbstractConnector (AbstractConnector.java:doStart(278)) - Started ServerConnector@585513a8{HTTP/1.1,[http/1.1]}{0.0.0.0:33811}
2019-09-03 19:32:31,013 [main] INFO  server.Server (Server.java:doStart(419)) - Started @217765ms
2019-09-03 19:32:31,013 [main] WARN  impl.MetricsSystemImpl (MetricsSystemImpl.java:register(276)) - Sink prometheus already exists!
2019-09-03 19:32:31,014 [main] INFO  server.BaseHttpServer (BaseHttpServer.java:updateConnectorAddress(215)) - HTTP server of HDDSDATANODE is listening at http://0.0.0.0:33811
2019-09-03 19:32:31,014 [main] INFO  impl.MetricsSystemImpl (MetricsSystemImpl.java:init(158)) - HddsDatanode metrics system started (again)
2019-09-03 19:32:31,018 [org.apache.hadoop.util.JvmPauseMonitor$Monitor@3f60e21c] INFO  util.JvmPauseMonitor (JvmPauseMonitor.java:run(188)) - Starting JVM pause monitor
2019-09-03 19:32:31,019 [main] INFO  ozone.HddsDatanodeService (HddsDatanodeService.java:start(184)) - HddsDatanodeService host:pr-hdds-1200-xgh2h-450883189 ip:192.168.36.111
2019-09-03 19:32:31,020 [Datanode State Machine Thread - 0] INFO  datanode.InitDatanodeState (InitDatanodeState.java:persistContainerDatanodeDetails(140)) - DatanodeDetails is persisted to /workdir/hadoop-ozone/integration-test/target/test-dir/MiniOzoneClusterImpl-41176880-f664-46d8-b28c-56a7528e8d0a/datanode-4/meta/datanode.id
2019-09-03 19:32:31,025 [main] INFO  volume.HddsVolume (HddsVolume.java:<init>(176)) - Creating Volume: /workdir/hadoop-ozone/integration-test/target/test-dir/MiniOzoneClusterImpl-41176880-f664-46d8-b28c-56a7528e8d0a/datanode-5/data/containers/hdds of  storage type : DISK and capacity : 1482555576320
2019-09-03 19:32:31,025 [main] INFO  volume.VolumeSet (VolumeSet.java:initializeVolumeSet(170)) - Added Volume : /workdir/hadoop-ozone/integration-test/target/test-dir/MiniOzoneClusterImpl-41176880-f664-46d8-b28c-56a7528e8d0a/datanode-5/data/containers/hdds to VolumeSet
2019-09-03 19:32:31,026 [main] INFO  volume.ThrottledAsyncChecker (ThrottledAsyncChecker.java:schedule(140)) - Scheduling a check for org.apache.hadoop.ozone.container.common.volume.HddsVolume@57186526
2019-09-03 19:32:31,026 [main] INFO  volume.HddsVolumeChecker (HddsVolumeChecker.java:checkAllVolumes(203)) - Scheduled health check for volume org.apache.hadoop.ozone.container.common.volume.HddsVolume@57186526
2019-09-03 19:32:31,042 [main] INFO  impl.RaftServerProxy (ConfUtils.java:logGet(43)) - raft.rpc.type = GRPC (default)
2019-09-03 19:32:31,042 [main] INFO  grpc.GrpcFactory (GrpcFactory.java:checkPooledByteBufAllocatorUseCacheForAllThreads(45)) - PERFORMANCE WARNING: useCacheForAllThreads is true that may cause Netty to create a lot garbage objects and, as a result, trigger GC.
	It is recommended to disable useCacheForAllThreads by setting -Dorg.apache.ratis.thirdparty.io.netty.allocator.useCacheForAllThreads=false in command line.
2019-09-03 19:32:31,043 [main] INFO  grpc.GrpcConfigKeys$Server (ConfUtils.java:logGet(43)) - raft.grpc.server.port = 0 (default)
2019-09-03 19:32:31,043 [main] INFO  server.GrpcService (ConfUtils.java:logGet(43)) - raft.grpc.message.size.max = 33570816 (custom)
2019-09-03 19:32:31,043 [main] INFO  server.RaftServerConfigKeys (ConfUtils.java:logGet(43)) - raft.server.log.appender.buffer.byte-limit = 33554432 (custom)
2019-09-03 19:32:31,043 [main] INFO  server.GrpcService (ConfUtils.java:logGet(43)) - raft.grpc.flow.control.window = 1MB (=1048576) (default)
2019-09-03 19:32:31,044 [main] INFO  server.RaftServerConfigKeys (ConfUtils.java:logGet(43)) - raft.server.rpc.request.timeout = 3000ms (default)
2019-09-03 19:32:31,044 [main] INFO  server.RaftServerConfigKeys (ConfUtils.java:logGet(43)) - raft.server.storage.dir = [/workdir/hadoop-ozone/integration-test/target/test-dir/MiniOzoneClusterImpl-41176880-f664-46d8-b28c-56a7528e8d0a/datanode-5/data/ratis] (custom)
2019-09-03 19:32:31,046 [main] INFO  hdfs.DFSUtil (DFSUtil.java:httpServerTemplateForNNAndJN(1641)) - Starting Web-server for hddsDatanode at: http://0.0.0.0:0
2019-09-03 19:32:31,047 [main] INFO  server.AuthenticationFilter (AuthenticationFilter.java:constructSecretProvider(240)) - Unable to initialize FileSignerSecretProvider, falling back to use random secrets.
2019-09-03 19:32:31,048 [main] WARN  http.HttpRequestLog (HttpRequestLog.java:getRequestLog(97)) - Jetty request log can only be enabled using Log4j
2019-09-03 19:32:31,050 [main] INFO  http.HttpServer2 (HttpServer2.java:addGlobalFilter(975)) - Added global filter 'safety' (class=org.apache.hadoop.http.HttpServer2$QuotingInputFilter)
2019-09-03 19:32:31,051 [main] INFO  http.HttpServer2 (HttpServer2.java:addFilter(948)) - Added filter static_user_filter (class=org.apache.hadoop.http.lib.StaticUserWebFilter$StaticUserFilter) to context hddsDatanode
2019-09-03 19:32:31,051 [main] INFO  http.HttpServer2 (HttpServer2.java:addFilter(958)) - Added filter static_user_filter (class=org.apache.hadoop.http.lib.StaticUserWebFilter$StaticUserFilter) to context logs
2019-09-03 19:32:31,051 [main] INFO  http.HttpServer2 (HttpServer2.java:addFilter(958)) - Added filter static_user_filter (class=org.apache.hadoop.http.lib.StaticUserWebFilter$StaticUserFilter) to context static
2019-09-03 19:32:31,052 [main] INFO  http.HttpServer2 (HttpServer2.java:bindListener(1191)) - Jetty bound to port 39411
2019-09-03 19:32:31,052 [main] INFO  server.Server (Server.java:doStart(351)) - jetty-9.3.24.v20180605, build timestamp: 2018-06-05T17:11:56Z, git hash: 84205aa28f11a4f31f2a3b86d1bba2cc8ab69827
2019-09-03 19:32:31,054 [main] INFO  handler.ContextHandler (ContextHandler.java:doStart(781)) - Started o.e.j.s.ServletContextHandler@7c70aae1{/logs,file:///workdir/hadoop-ozone/integration-test/target/log,AVAILABLE}
2019-09-03 19:32:31,055 [main] INFO  handler.ContextHandler (ContextHandler.java:doStart(781)) - Started o.e.j.s.ServletContextHandler@6f38f084{/static,jar:file:/home/user/.m2/repository/org/apache/hadoop/hadoop-hdds-container-service/0.5.0-SNAPSHOT/hadoop-hdds-container-service-0.5.0-SNAPSHOT.jar!/webapps/static,AVAILABLE}
2019-09-03 19:32:31,090 [main] INFO  handler.ContextHandler (ContextHandler.java:doStart(781)) - Started o.e.j.w.WebAppContext@543fe698{/,file:///tmp/jetty-0.0.0.0-39411-hddsDatanode-_-any-7171632587028924850.dir/webapp/,AVAILABLE}{/hddsDatanode}
2019-09-03 19:32:31,091 [main] INFO  server.AbstractConnector (AbstractConnector.java:doStart(278)) - Started ServerConnector@6b2fdffc{HTTP/1.1,[http/1.1]}{0.0.0.0:39411}
2019-09-03 19:32:31,092 [main] INFO  server.Server (Server.java:doStart(419)) - Started @217845ms
2019-09-03 19:32:31,093 [main] WARN  impl.MetricsSystemImpl (MetricsSystemImpl.java:register(276)) - Sink prometheus already exists!
2019-09-03 19:32:31,094 [main] INFO  server.BaseHttpServer (BaseHttpServer.java:updateConnectorAddress(215)) - HTTP server of HDDSDATANODE is listening at http://0.0.0.0:39411
2019-09-03 19:32:31,094 [main] INFO  impl.MetricsSystemImpl (MetricsSystemImpl.java:init(158)) - HddsDatanode metrics system started (again)
2019-09-03 19:32:31,098 [org.apache.hadoop.util.JvmPauseMonitor$Monitor@54fb914b] INFO  util.JvmPauseMonitor (JvmPauseMonitor.java:run(188)) - Starting JVM pause monitor
2019-09-03 19:32:31,098 [main] INFO  ozone.HddsDatanodeService (HddsDatanodeService.java:start(184)) - HddsDatanodeService host:pr-hdds-1200-xgh2h-450883189 ip:192.168.36.111
2019-09-03 19:32:31,099 [Datanode State Machine Thread - 0] INFO  datanode.InitDatanodeState (InitDatanodeState.java:persistContainerDatanodeDetails(140)) - DatanodeDetails is persisted to /workdir/hadoop-ozone/integration-test/target/test-dir/MiniOzoneClusterImpl-41176880-f664-46d8-b28c-56a7528e8d0a/datanode-5/meta/datanode.id
2019-09-03 19:32:31,104 [main] INFO  volume.HddsVolume (HddsVolume.java:<init>(176)) - Creating Volume: /workdir/hadoop-ozone/integration-test/target/test-dir/MiniOzoneClusterImpl-41176880-f664-46d8-b28c-56a7528e8d0a/datanode-6/data/containers/hdds of  storage type : DISK and capacity : 1482555576320
2019-09-03 19:32:31,104 [main] INFO  volume.VolumeSet (VolumeSet.java:initializeVolumeSet(170)) - Added Volume : /workdir/hadoop-ozone/integration-test/target/test-dir/MiniOzoneClusterImpl-41176880-f664-46d8-b28c-56a7528e8d0a/datanode-6/data/containers/hdds to VolumeSet
2019-09-03 19:32:31,105 [main] INFO  volume.ThrottledAsyncChecker (ThrottledAsyncChecker.java:schedule(140)) - Scheduling a check for org.apache.hadoop.ozone.container.common.volume.HddsVolume@515ab3f2
2019-09-03 19:32:31,105 [main] INFO  volume.HddsVolumeChecker (HddsVolumeChecker.java:checkAllVolumes(203)) - Scheduled health check for volume org.apache.hadoop.ozone.container.common.volume.HddsVolume@515ab3f2
2019-09-03 19:32:31,119 [main] INFO  impl.RaftServerProxy (ConfUtils.java:logGet(43)) - raft.rpc.type = GRPC (default)
2019-09-03 19:32:31,120 [main] INFO  grpc.GrpcFactory (GrpcFactory.java:checkPooledByteBufAllocatorUseCacheForAllThreads(45)) - PERFORMANCE WARNING: useCacheForAllThreads is true that may cause Netty to create a lot garbage objects and, as a result, trigger GC.
	It is recommended to disable useCacheForAllThreads by setting -Dorg.apache.ratis.thirdparty.io.netty.allocator.useCacheForAllThreads=false in command line.
2019-09-03 19:32:31,120 [main] INFO  grpc.GrpcConfigKeys$Server (ConfUtils.java:logGet(43)) - raft.grpc.server.port = 0 (default)
2019-09-03 19:32:31,120 [main] INFO  server.GrpcService (ConfUtils.java:logGet(43)) - raft.grpc.message.size.max = 33570816 (custom)
2019-09-03 19:32:31,120 [main] INFO  server.RaftServerConfigKeys (ConfUtils.java:logGet(43)) - raft.server.log.appender.buffer.byte-limit = 33554432 (custom)
2019-09-03 19:32:31,120 [main] INFO  server.GrpcService (ConfUtils.java:logGet(43)) - raft.grpc.flow.control.window = 1MB (=1048576) (default)
2019-09-03 19:32:31,121 [main] INFO  server.RaftServerConfigKeys (ConfUtils.java:logGet(43)) - raft.server.rpc.request.timeout = 3000ms (default)
2019-09-03 19:32:31,121 [main] INFO  server.RaftServerConfigKeys (ConfUtils.java:logGet(43)) - raft.server.storage.dir = [/workdir/hadoop-ozone/integration-test/target/test-dir/MiniOzoneClusterImpl-41176880-f664-46d8-b28c-56a7528e8d0a/datanode-6/data/ratis] (custom)
2019-09-03 19:32:31,123 [main] INFO  hdfs.DFSUtil (DFSUtil.java:httpServerTemplateForNNAndJN(1641)) - Starting Web-server for hddsDatanode at: http://0.0.0.0:0
2019-09-03 19:32:31,124 [main] INFO  server.AuthenticationFilter (AuthenticationFilter.java:constructSecretProvider(240)) - Unable to initialize FileSignerSecretProvider, falling back to use random secrets.
2019-09-03 19:32:31,124 [main] WARN  http.HttpRequestLog (HttpRequestLog.java:getRequestLog(97)) - Jetty request log can only be enabled using Log4j
2019-09-03 19:32:31,126 [main] INFO  http.HttpServer2 (HttpServer2.java:addGlobalFilter(975)) - Added global filter 'safety' (class=org.apache.hadoop.http.HttpServer2$QuotingInputFilter)
2019-09-03 19:32:31,127 [main] INFO  http.HttpServer2 (HttpServer2.java:addFilter(948)) - Added filter static_user_filter (class=org.apache.hadoop.http.lib.StaticUserWebFilter$StaticUserFilter) to context hddsDatanode
2019-09-03 19:32:31,127 [main] INFO  http.HttpServer2 (HttpServer2.java:addFilter(958)) - Added filter static_user_filter (class=org.apache.hadoop.http.lib.StaticUserWebFilter$StaticUserFilter) to context static
2019-09-03 19:32:31,127 [main] INFO  http.HttpServer2 (HttpServer2.java:addFilter(958)) - Added filter static_user_filter (class=org.apache.hadoop.http.lib.StaticUserWebFilter$StaticUserFilter) to context logs
2019-09-03 19:32:31,128 [main] INFO  http.HttpServer2 (HttpServer2.java:bindListener(1191)) - Jetty bound to port 33127
2019-09-03 19:32:31,128 [main] INFO  server.Server (Server.java:doStart(351)) - jetty-9.3.24.v20180605, build timestamp: 2018-06-05T17:11:56Z, git hash: 84205aa28f11a4f31f2a3b86d1bba2cc8ab69827
2019-09-03 19:32:31,129 [main] INFO  handler.ContextHandler (ContextHandler.java:doStart(781)) - Started o.e.j.s.ServletContextHandler@6c951ada{/logs,file:///workdir/hadoop-ozone/integration-test/target/log,AVAILABLE}
2019-09-03 19:32:31,130 [main] INFO  handler.ContextHandler (ContextHandler.java:doStart(781)) - Started o.e.j.s.ServletContextHandler@3b0d3a63{/static,jar:file:/home/user/.m2/repository/org/apache/hadoop/hadoop-hdds-container-service/0.5.0-SNAPSHOT/hadoop-hdds-container-service-0.5.0-SNAPSHOT.jar!/webapps/static,AVAILABLE}
2019-09-03 19:32:31,163 [main] INFO  handler.ContextHandler (ContextHandler.java:doStart(781)) - Started o.e.j.w.WebAppContext@578a5ce8{/,file:///tmp/jetty-0.0.0.0-33127-hddsDatanode-_-any-3998604232310304373.dir/webapp/,AVAILABLE}{/hddsDatanode}
2019-09-03 19:32:31,163 [main] INFO  server.AbstractConnector (AbstractConnector.java:doStart(278)) - Started ServerConnector@7c453c34{HTTP/1.1,[http/1.1]}{0.0.0.0:33127}
2019-09-03 19:32:31,165 [main] INFO  server.Server (Server.java:doStart(419)) - Started @217917ms
2019-09-03 19:32:31,165 [main] WARN  impl.MetricsSystemImpl (MetricsSystemImpl.java:register(276)) - Sink prometheus already exists!
2019-09-03 19:32:31,166 [main] INFO  server.BaseHttpServer (BaseHttpServer.java:updateConnectorAddress(215)) - HTTP server of HDDSDATANODE is listening at http://0.0.0.0:33127
2019-09-03 19:32:31,166 [main] INFO  ozone.MiniOzoneClusterImpl (MiniOzoneClusterImpl.java:lambda$waitForClusterToBeReady$0(140)) - Waiting for cluster to be ready. Got 0 of 7 DN Heartbeats.
2019-09-03 19:32:31,167 [org.apache.hadoop.util.JvmPauseMonitor$Monitor@61914279] INFO  util.JvmPauseMonitor (JvmPauseMonitor.java:run(188)) - Starting JVM pause monitor
2019-09-03 19:32:31,169 [Datanode State Machine Thread - 0] INFO  datanode.InitDatanodeState (InitDatanodeState.java:persistContainerDatanodeDetails(140)) - DatanodeDetails is persisted to /workdir/hadoop-ozone/integration-test/target/test-dir/MiniOzoneClusterImpl-41176880-f664-46d8-b28c-56a7528e8d0a/datanode-6/meta/datanode.id
2019-09-03 19:32:32,167 [main] INFO  ozone.MiniOzoneClusterImpl (MiniOzoneClusterImpl.java:lambda$waitForClusterToBeReady$0(140)) - Waiting for cluster to be ready. Got 0 of 7 DN Heartbeats.
2019-09-03 19:32:32,755 [Datanode State Machine Thread - 0] INFO  ozoneimpl.OzoneContainer (OzoneContainer.java:start(216)) - Attempting to start container services.
2019-09-03 19:32:32,756 [Datanode State Machine Thread - 0] INFO  ozoneimpl.OzoneContainer (OzoneContainer.java:startContainerScrub(178)) - Background container scanner has been disabled.
2019-09-03 19:32:32,756 [Datanode State Machine Thread - 0] INFO  ratis.XceiverServerRatis (XceiverServerRatis.java:start(393)) - Starting XceiverServerRatis f650faf9-d54a-4b2d-8e46-47465280ce6b at port 0
2019-09-03 19:32:32,763 [Datanode State Machine Thread - 0] INFO  impl.RaftServerProxy (RaftServerProxy.java:lambda$start$3(299)) - f650faf9-d54a-4b2d-8e46-47465280ce6b: start RPC server
2019-09-03 19:32:32,765 [Datanode State Machine Thread - 0] INFO  server.GrpcService (GrpcService.java:startImpl(149)) - f650faf9-d54a-4b2d-8e46-47465280ce6b: GrpcService started, listening on 0.0.0.0/0.0.0.0:35529
2019-09-03 19:32:32,765 [Datanode State Machine Thread - 0] INFO  ratis.XceiverServerRatis (XceiverServerRatis.java:start(403)) - XceiverServerRatis f650faf9-d54a-4b2d-8e46-47465280ce6b is started using port 35529
2019-09-03 19:32:32,766 [Datanode State Machine Thread - 0] INFO  server.XceiverServerGrpc (XceiverServerGrpc.java:start(163)) - XceiverServerGrpc f650faf9-d54a-4b2d-8e46-47465280ce6b is started using port 43335
2019-09-03 19:32:32,808 [Datanode State Machine Thread - 0] INFO  ozoneimpl.OzoneContainer (OzoneContainer.java:start(216)) - Attempting to start container services.
2019-09-03 19:32:32,808 [Datanode State Machine Thread - 0] INFO  ozoneimpl.OzoneContainer (OzoneContainer.java:startContainerScrub(178)) - Background container scanner has been disabled.
2019-09-03 19:32:32,808 [Datanode State Machine Thread - 0] INFO  ratis.XceiverServerRatis (XceiverServerRatis.java:start(393)) - Starting XceiverServerRatis 11ad8d8e-6f5f-4180-b963-3849b37d37dc at port 0
2019-09-03 19:32:32,815 [Datanode State Machine Thread - 0] INFO  impl.RaftServerProxy (RaftServerProxy.java:lambda$start$3(299)) - 11ad8d8e-6f5f-4180-b963-3849b37d37dc: start RPC server
2019-09-03 19:32:32,816 [Datanode State Machine Thread - 0] INFO  server.GrpcService (GrpcService.java:startImpl(149)) - 11ad8d8e-6f5f-4180-b963-3849b37d37dc: GrpcService started, listening on 0.0.0.0/0.0.0.0:34143
2019-09-03 19:32:32,816 [Datanode State Machine Thread - 0] INFO  ratis.XceiverServerRatis (XceiverServerRatis.java:start(403)) - XceiverServerRatis 11ad8d8e-6f5f-4180-b963-3849b37d37dc is started using port 34143
2019-09-03 19:32:32,818 [Datanode State Machine Thread - 0] INFO  server.XceiverServerGrpc (XceiverServerGrpc.java:start(163)) - XceiverServerGrpc 11ad8d8e-6f5f-4180-b963-3849b37d37dc is started using port 35214
2019-09-03 19:32:32,881 [Datanode State Machine Thread - 0] INFO  ozoneimpl.OzoneContainer (OzoneContainer.java:start(216)) - Attempting to start container services.
2019-09-03 19:32:32,881 [Datanode State Machine Thread - 0] INFO  ozoneimpl.OzoneContainer (OzoneContainer.java:startContainerScrub(178)) - Background container scanner has been disabled.
2019-09-03 19:32:32,881 [Datanode State Machine Thread - 0] INFO  ratis.XceiverServerRatis (XceiverServerRatis.java:start(393)) - Starting XceiverServerRatis 7052ffe1-6ab1-4155-97b2-3918c28e345e at port 0
2019-09-03 19:32:33,167 [main] INFO  ozone.MiniOzoneClusterImpl (MiniOzoneClusterImpl.java:lambda$waitForClusterToBeReady$0(140)) - Waiting for cluster to be ready. Got 0 of 7 DN Heartbeats.
2019-09-03 19:32:33,210 [Datanode State Machine Thread - 0] INFO  impl.RaftServerProxy (RaftServerProxy.java:lambda$start$3(299)) - 7052ffe1-6ab1-4155-97b2-3918c28e345e: start RPC server
2019-09-03 19:32:33,211 [Datanode State Machine Thread - 0] INFO  server.GrpcService (GrpcService.java:startImpl(149)) - 7052ffe1-6ab1-4155-97b2-3918c28e345e: GrpcService started, listening on 0.0.0.0/0.0.0.0:37016
2019-09-03 19:32:33,212 [Datanode State Machine Thread - 0] INFO  ratis.XceiverServerRatis (XceiverServerRatis.java:start(403)) - XceiverServerRatis 7052ffe1-6ab1-4155-97b2-3918c28e345e is started using port 37016
2019-09-03 19:32:33,212 [Datanode State Machine Thread - 0] INFO  server.XceiverServerGrpc (XceiverServerGrpc.java:start(163)) - XceiverServerGrpc 7052ffe1-6ab1-4155-97b2-3918c28e345e is started using port 42076
2019-09-03 19:32:33,225 [Datanode State Machine Thread - 0] INFO  ozoneimpl.OzoneContainer (OzoneContainer.java:start(216)) - Attempting to start container services.
2019-09-03 19:32:33,225 [Datanode State Machine Thread - 0] INFO  ozoneimpl.OzoneContainer (OzoneContainer.java:start(216)) - Attempting to start container services.
2019-09-03 19:32:33,225 [Datanode State Machine Thread - 0] INFO  ozoneimpl.OzoneContainer (OzoneContainer.java:startContainerScrub(178)) - Background container scanner has been disabled.
2019-09-03 19:32:33,225 [Datanode State Machine Thread - 0] INFO  ozoneimpl.OzoneContainer (OzoneContainer.java:start(216)) - Attempting to start container services.
2019-09-03 19:32:33,225 [Datanode State Machine Thread - 0] INFO  ozoneimpl.OzoneContainer (OzoneContainer.java:start(216)) - Attempting to start container services.
2019-09-03 19:32:33,225 [Datanode State Machine Thread - 0] INFO  ozoneimpl.OzoneContainer (OzoneContainer.java:startContainerScrub(178)) - Background container scanner has been disabled.
2019-09-03 19:32:33,225 [Datanode State Machine Thread - 0] INFO  ratis.XceiverServerRatis (XceiverServerRatis.java:start(393)) - Starting XceiverServerRatis be5f5855-7443-42e4-93e6-0a3a68fb3f3c at port 0
2019-09-03 19:32:33,225 [Datanode State Machine Thread - 0] INFO  ratis.XceiverServerRatis (XceiverServerRatis.java:start(393)) - Starting XceiverServerRatis 4f57fb9f-f351-4aa3-a501-66abaf3d5f2e at port 0
2019-09-03 19:32:33,225 [Datanode State Machine Thread - 0] INFO  ozoneimpl.OzoneContainer (OzoneContainer.java:startContainerScrub(178)) - Background container scanner has been disabled.
2019-09-03 19:32:33,225 [Datanode State Machine Thread - 0] INFO  ozoneimpl.OzoneContainer (OzoneContainer.java:startContainerScrub(178)) - Background container scanner has been disabled.
2019-09-03 19:32:33,226 [Datanode State Machine Thread - 0] INFO  ratis.XceiverServerRatis (XceiverServerRatis.java:start(393)) - Starting XceiverServerRatis 03acaf99-618c-497d-b12c-4a9970f5367b at port 0
2019-09-03 19:32:33,226 [Datanode State Machine Thread - 0] INFO  ratis.XceiverServerRatis (XceiverServerRatis.java:start(393)) - Starting XceiverServerRatis aa1c6330-48b2-473c-9dc7-818fa0dc1007 at port 0
2019-09-03 19:32:33,534 [Datanode State Machine Thread - 0] INFO  impl.RaftServerProxy (RaftServerProxy.java:lambda$start$3(299)) - be5f5855-7443-42e4-93e6-0a3a68fb3f3c: start RPC server
2019-09-03 19:32:33,535 [Datanode State Machine Thread - 0] INFO  server.GrpcService (GrpcService.java:startImpl(149)) - be5f5855-7443-42e4-93e6-0a3a68fb3f3c: GrpcService started, listening on 0.0.0.0/0.0.0.0:36948
2019-09-03 19:32:33,535 [Datanode State Machine Thread - 0] INFO  ratis.XceiverServerRatis (XceiverServerRatis.java:start(403)) - XceiverServerRatis be5f5855-7443-42e4-93e6-0a3a68fb3f3c is started using port 36948
2019-09-03 19:32:33,536 [Datanode State Machine Thread - 0] INFO  server.XceiverServerGrpc (XceiverServerGrpc.java:start(163)) - XceiverServerGrpc be5f5855-7443-42e4-93e6-0a3a68fb3f3c is started using port 39884
2019-09-03 19:32:33,588 [Datanode State Machine Thread - 0] INFO  impl.RaftServerProxy (RaftServerProxy.java:lambda$start$3(299)) - 4f57fb9f-f351-4aa3-a501-66abaf3d5f2e: start RPC server
2019-09-03 19:32:33,591 [Datanode State Machine Thread - 0] INFO  server.GrpcService (GrpcService.java:startImpl(149)) - 4f57fb9f-f351-4aa3-a501-66abaf3d5f2e: GrpcService started, listening on 0.0.0.0/0.0.0.0:41009
2019-09-03 19:32:33,591 [Datanode State Machine Thread - 0] INFO  ratis.XceiverServerRatis (XceiverServerRatis.java:start(403)) - XceiverServerRatis 4f57fb9f-f351-4aa3-a501-66abaf3d5f2e is started using port 41009
2019-09-03 19:32:33,592 [Datanode State Machine Thread - 0] INFO  server.XceiverServerGrpc (XceiverServerGrpc.java:start(163)) - XceiverServerGrpc 4f57fb9f-f351-4aa3-a501-66abaf3d5f2e is started using port 43184
2019-09-03 19:32:33,592 [Datanode State Machine Thread - 0] INFO  impl.RaftServerProxy (RaftServerProxy.java:lambda$start$3(299)) - 03acaf99-618c-497d-b12c-4a9970f5367b: start RPC server
2019-09-03 19:32:33,595 [Datanode State Machine Thread - 0] INFO  server.GrpcService (GrpcService.java:startImpl(149)) - 03acaf99-618c-497d-b12c-4a9970f5367b: GrpcService started, listening on 0.0.0.0/0.0.0.0:33814
2019-09-03 19:32:33,595 [Datanode State Machine Thread - 0] INFO  impl.RaftServerProxy (RaftServerProxy.java:lambda$start$3(299)) - aa1c6330-48b2-473c-9dc7-818fa0dc1007: start RPC server
2019-09-03 19:32:33,595 [Datanode State Machine Thread - 0] INFO  ratis.XceiverServerRatis (XceiverServerRatis.java:start(403)) - XceiverServerRatis 03acaf99-618c-497d-b12c-4a9970f5367b is started using port 33814
2019-09-03 19:32:33,597 [Datanode State Machine Thread - 0] INFO  server.XceiverServerGrpc (XceiverServerGrpc.java:start(163)) - XceiverServerGrpc 03acaf99-618c-497d-b12c-4a9970f5367b is started using port 43668
2019-09-03 19:32:33,597 [Datanode State Machine Thread - 0] INFO  server.GrpcService (GrpcService.java:startImpl(149)) - aa1c6330-48b2-473c-9dc7-818fa0dc1007: GrpcService started, listening on 0.0.0.0/0.0.0.0:40818
2019-09-03 19:32:33,597 [Datanode State Machine Thread - 0] INFO  ratis.XceiverServerRatis (XceiverServerRatis.java:start(403)) - XceiverServerRatis aa1c6330-48b2-473c-9dc7-818fa0dc1007 is started using port 40818
2019-09-03 19:32:33,599 [Datanode State Machine Thread - 0] INFO  server.XceiverServerGrpc (XceiverServerGrpc.java:start(163)) - XceiverServerGrpc aa1c6330-48b2-473c-9dc7-818fa0dc1007 is started using port 44787
2019-09-03 19:32:34,168 [main] INFO  ozone.MiniOzoneClusterImpl (MiniOzoneClusterImpl.java:lambda$waitForClusterToBeReady$0(140)) - Waiting for cluster to be ready. Got 0 of 7 DN Heartbeats.
2019-09-03 19:32:34,728 [IPC Server handler 6 on 36566] INFO  net.NetworkTopology (NetworkTopologyImpl.java:add(110)) - Added a new node: /default-rack/f650faf9-d54a-4b2d-8e46-47465280ce6b
2019-09-03 19:32:34,730 [IPC Server handler 6 on 36566] INFO  node.SCMNodeManager (SCMNodeManager.java:register(266)) - Registered Data node : f650faf9-d54a-4b2d-8e46-47465280ce6b{ip: 192.168.36.111, host: pr-hdds-1200-xgh2h-450883189, networkLocation: /default-rack, certSerialId: null}
2019-09-03 19:32:34,732 [EventQueue-NodeRegistrationContainerReportForDataNodeSafeModeRule] INFO  safemode.SCMSafeModeManager (DataNodeSafeModeRule.java:process(71)) - SCM in safe mode. 1 DataNodes registered, 1 required.
2019-09-03 19:32:34,735 [EventQueue-NodeRegistrationContainerReportForDataNodeSafeModeRule] INFO  safemode.SCMSafeModeManager (SCMSafeModeManager.java:validateSafeModeExitRules(177)) - ScmSafeModeManager, all rules are successfully validated
2019-09-03 19:32:34,735 [EventQueue-NodeRegistrationContainerReportForDataNodeSafeModeRule] INFO  safemode.SCMSafeModeManager (SCMSafeModeManager.java:exitSafeMode(193)) - SCM exiting safe mode.
2019-09-03 19:32:34,747 [grpc-default-executor-1] INFO  impl.RaftServerProxy (RaftServerProxy.java:addNew(89)) - f650faf9-d54a-4b2d-8e46-47465280ce6b: addNew group-08A015FFFF4B:[f650faf9-d54a-4b2d-8e46-47465280ce6b:192.168.36.111:35529] returns group-08A015FFFF4B:java.util.concurrent.CompletableFuture@666f36f0[Not completed]
2019-09-03 19:32:34,749 [pool-383-thread-1] INFO  impl.RaftServerImpl (RaftServerImpl.java:<init>(93)) - f650faf9-d54a-4b2d-8e46-47465280ce6b: new RaftServerImpl for group-08A015FFFF4B:[f650faf9-d54a-4b2d-8e46-47465280ce6b:192.168.36.111:35529] with ContainerStateMachine:uninitialized
2019-09-03 19:32:34,749 [pool-383-thread-1] INFO  server.RaftServerConfigKeys (ConfUtils.java:logGet(43)) - raft.server.rpc.timeout.min = 5s (custom)
2019-09-03 19:32:34,749 [pool-383-thread-1] INFO  server.RaftServerConfigKeys (ConfUtils.java:logGet(43)) - raft.server.rpc.timeout.max = 5200ms (custom)
2019-09-03 19:32:34,750 [pool-383-thread-1] INFO  server.RaftServerConfigKeys (ConfUtils.java:logGet(43)) - raft.server.rpcslowness.timeout = 120s (custom)
2019-09-03 19:32:34,750 [pool-383-thread-1] INFO  server.RaftServerConfigKeys (ConfUtils.java:logGet(43)) - raft.server.sleep.deviation.threshold = 300 (default)
2019-09-03 19:32:34,750 [pool-383-thread-1] INFO  server.RaftServerConfigKeys (ConfUtils.java:logGet(43)) - raft.server.log.appender.install.snapshot.enabled = false (custom)
2019-09-03 19:32:34,750 [pool-383-thread-1] INFO  impl.RaftServerImpl (ServerState.java:<init>(105)) - f650faf9-d54a-4b2d-8e46-47465280ce6b:group-08A015FFFF4B ConfigurationManager, init=-1: [f650faf9-d54a-4b2d-8e46-47465280ce6b:192.168.36.111:35529], old=null, confs=<EMPTY_MAP>
2019-09-03 19:32:34,750 [pool-383-thread-1] INFO  server.RaftServerConfigKeys (ConfUtils.java:logGet(43)) - raft.server.storage.dir = [/workdir/hadoop-ozone/integration-test/target/test-dir/MiniOzoneClusterImpl-41176880-f664-46d8-b28c-56a7528e8d0a/datanode-0/data/ratis] (custom)
2019-09-03 19:32:34,751 [pool-383-thread-1] INFO  storage.RaftStorageDirectory (RaftStorageDirectory.java:analyzeStorage(246)) - The storage directory /workdir/hadoop-ozone/integration-test/target/test-dir/MiniOzoneClusterImpl-41176880-f664-46d8-b28c-56a7528e8d0a/datanode-0/data/ratis/d473df3d-c338-400a-8622-08a015ffff4b does not exist. Creating ...
2019-09-03 19:32:34,764 [pool-383-thread-1] INFO  storage.RaftStorageDirectory (RaftStorageDirectory.java:tryLock(328)) - Lock on /workdir/hadoop-ozone/integration-test/target/test-dir/MiniOzoneClusterImpl-41176880-f664-46d8-b28c-56a7528e8d0a/datanode-0/data/ratis/d473df3d-c338-400a-8622-08a015ffff4b/in_use.lock acquired by nodename 3821@pr-hdds-1200-xgh2h-450883189
2019-09-03 19:32:34,777 [pool-383-thread-1] INFO  storage.RaftStorage (RaftStorage.java:format(72)) - Storage directory /workdir/hadoop-ozone/integration-test/target/test-dir/MiniOzoneClusterImpl-41176880-f664-46d8-b28c-56a7528e8d0a/datanode-0/data/ratis/d473df3d-c338-400a-8622-08a015ffff4b has been successfully formatted.
2019-09-03 19:32:34,778 [pool-383-thread-1] INFO  ratis.ContainerStateMachine (ContainerStateMachine.java:loadSnapshot(227)) - group-08A015FFFF4B: The snapshot info is null. Setting the last applied indexto:(t:0, i:~)
2019-09-03 19:32:34,778 [pool-383-thread-1] INFO  server.RaftServerConfigKeys (ConfUtils.java:logGet(43)) - raft.server.leader.election.timeout = 120s (custom)
2019-09-03 19:32:34,778 [pool-383-thread-1] INFO  server.RaftServerConfigKeys (ConfUtils.java:logGet(43)) - raft.server.log.use.memory = false (default)
2019-09-03 19:32:34,778 [pool-383-thread-1] INFO  server.RaftServerConfigKeys (ConfUtils.java:logGet(43)) - raft.server.log.purge.gap = 1000000 (custom)
2019-09-03 19:32:34,778 [pool-383-thread-1] INFO  server.RaftServerConfigKeys (ConfUtils.java:logGet(43)) - raft.server.log.appender.buffer.byte-limit = 33554432 (custom)
2019-09-03 19:32:34,779 [pool-383-thread-1] INFO  server.RaftServerConfigKeys (ConfUtils.java:logGet(43)) - raft.server.log.segment.size.max = 1048576 (custom)
2019-09-03 19:32:34,779 [pool-383-thread-1] INFO  server.RaftServerConfigKeys (ConfUtils.java:logGet(43)) - raft.server.log.segment.cache.num.max = 2 (custom)
2019-09-03 19:32:34,779 [pool-383-thread-1] INFO  segmented.SegmentedRaftLogWorker (SegmentedRaftLogWorker.java:<init>(172)) - new f650faf9-d54a-4b2d-8e46-47465280ce6b-SegmentedRaftLogWorker:Storage Directory /workdir/hadoop-ozone/integration-test/target/test-dir/MiniOzoneClusterImpl-41176880-f664-46d8-b28c-56a7528e8d0a/datanode-0/data/ratis/d473df3d-c338-400a-8622-08a015ffff4b for RaftStorage:Storage Directory /workdir/hadoop-ozone/integration-test/target/test-dir/MiniOzoneClusterImpl-41176880-f664-46d8-b28c-56a7528e8d0a/datanode-0/data/ratis/d473df3d-c338-400a-8622-08a015ffff4b
2019-09-03 19:32:34,779 [pool-383-thread-1] INFO  server.RaftServerConfigKeys (ConfUtils.java:logGet(43)) - raft.server.log.queue.byte-limit = 2147483647 (custom)
2019-09-03 19:32:34,779 [pool-383-thread-1] INFO  server.RaftServerConfigKeys (ConfUtils.java:logGet(43)) - raft.server.log.queue.element-limit = 1024 (custom)
2019-09-03 19:32:34,780 [pool-383-thread-1] INFO  server.RaftServerConfigKeys (ConfUtils.java:logGet(43)) - raft.server.log.segment.size.max = 1048576 (custom)
2019-09-03 19:32:34,780 [pool-383-thread-1] INFO  server.RaftServerConfigKeys (ConfUtils.java:logGet(43)) - raft.server.log.preallocated.size = 16384 (custom)
2019-09-03 19:32:34,780 [pool-383-thread-1] INFO  server.RaftServerConfigKeys (ConfUtils.java:logGet(43)) - raft.server.log.write.buffer.size = 33554432 (custom)
2019-09-03 19:32:34,780 [pool-383-thread-1] INFO  server.RaftServerConfigKeys (ConfUtils.java:logGet(43)) - raft.server.log.force.sync.num = 128 (default)
2019-09-03 19:32:34,780 [pool-383-thread-1] INFO  server.RaftServerConfigKeys (ConfUtils.java:logGet(43)) - raft.server.log.statemachine.data.sync = true (default)
2019-09-03 19:32:34,781 [pool-383-thread-1] INFO  server.RaftServerConfigKeys (ConfUtils.java:logGet(43)) - raft.server.log.statemachine.data.sync.timeout = 10s (default)
2019-09-03 19:32:34,781 [pool-383-thread-1] INFO  server.RaftServerConfigKeys (ConfUtils.java:logGet(43)) - raft.server.log.statemachine.data.sync.timeout.retry = -1 (default)
2019-09-03 19:32:34,781 [pool-383-thread-1] INFO  server.RaftServerConfigKeys (ConfUtils.java:logGet(43)) - raft.server.log.statemachine.data.caching.enabled = true (custom)
2019-09-03 19:32:34,781 [pool-383-thread-1] INFO  segmented.SegmentedRaftLogWorker (SegmentedRaftLogWorker.java:lambda$new$0(132)) - f650faf9-d54a-4b2d-8e46-47465280ce6b-SegmentedRaftLogWorker:Storage Directory /workdir/hadoop-ozone/integration-test/target/test-dir/MiniOzoneClusterImpl-41176880-f664-46d8-b28c-56a7528e8d0a/datanode-0/data/ratis/d473df3d-c338-400a-8622-08a015ffff4b: flushIndex: setUnconditionally 0 -> -1
2019-09-03 19:32:34,782 [pool-383-thread-1] INFO  server.RaftServerConfigKeys (ConfUtils.java:logGet(43)) - raft.server.snapshot.auto.trigger.enabled = true (custom)
2019-09-03 19:32:34,782 [pool-383-thread-1] INFO  server.RaftServerConfigKeys (ConfUtils.java:logGet(43)) - raft.server.snapshot.auto.trigger.threshold = 10000 (custom)
2019-09-03 19:32:34,782 [pool-383-thread-1] INFO  server.RaftServerConfigKeys (ConfUtils.java:logGet(43)) - raft.server.retrycache.expirytime = 600000ms (custom)
2019-09-03 19:32:34,783 [pool-383-thread-1] INFO  impl.RaftServerImpl (RaftServerImpl.java:start(180)) - f650faf9-d54a-4b2d-8e46-47465280ce6b: start group-08A015FFFF4B
2019-09-03 19:32:34,783 [pool-383-thread-1] INFO  impl.RaftServerImpl (RaftServerImpl.java:setRole(171)) - f650faf9-d54a-4b2d-8e46-47465280ce6b:group-08A015FFFF4B changes role from null to FOLLOWER at term 0 for startAsFollower
2019-09-03 19:32:34,783 [pool-383-thread-1] INFO  impl.RoleInfo (RoleInfo.java:updateAndGet(143)) - f650faf9-d54a-4b2d-8e46-47465280ce6b: start FollowerState
2019-09-03 19:32:34,783 [pool-383-thread-1] INFO  util.JmxRegister (JmxRegister.java:tryRegister(44)) - Successfully registered JMX Bean with object name Ratis:service=RaftServer,group=group-08A015FFFF4B,id=f650faf9-d54a-4b2d-8e46-47465280ce6b
2019-09-03 19:32:34,787 [RatisPipelineUtilsThread] INFO  pipeline.PipelineStateManager (PipelineStateManager.java:addPipeline(56)) - Created pipeline Pipeline[ Id: d473df3d-c338-400a-8622-08a015ffff4b, Nodes: f650faf9-d54a-4b2d-8e46-47465280ce6b{ip: 192.168.36.111, host: pr-hdds-1200-xgh2h-450883189, networkLocation: /default-rack, certSerialId: null}, Type:RATIS, Factor:ONE, State:OPEN]
2019-09-03 19:32:34,789 [IPC Server handler 5 on 36566] INFO  net.NetworkTopology (NetworkTopologyImpl.java:add(110)) - Added a new node: /default-rack/11ad8d8e-6f5f-4180-b963-3849b37d37dc
2019-09-03 19:32:34,790 [IPC Server handler 5 on 36566] INFO  node.SCMNodeManager (SCMNodeManager.java:register(266)) - Registered Data node : 11ad8d8e-6f5f-4180-b963-3849b37d37dc{ip: 192.168.36.111, host: pr-hdds-1200-xgh2h-450883189, networkLocation: /default-rack, certSerialId: null}
2019-09-03 19:32:34,812 [grpc-default-executor-1] INFO  impl.RaftServerProxy (RaftServerProxy.java:addNew(89)) - 11ad8d8e-6f5f-4180-b963-3849b37d37dc: addNew group-F3628E76CE99:[11ad8d8e-6f5f-4180-b963-3849b37d37dc:192.168.36.111:34143] returns group-F3628E76CE99:java.util.concurrent.CompletableFuture@3eda2492[Not completed]
2019-09-03 19:32:34,814 [pool-393-thread-1] INFO  impl.RaftServerImpl (RaftServerImpl.java:<init>(93)) - 11ad8d8e-6f5f-4180-b963-3849b37d37dc: new RaftServerImpl for group-F3628E76CE99:[11ad8d8e-6f5f-4180-b963-3849b37d37dc:192.168.36.111:34143] with ContainerStateMachine:uninitialized
2019-09-03 19:32:34,814 [pool-393-thread-1] INFO  server.RaftServerConfigKeys (ConfUtils.java:logGet(43)) - raft.server.rpc.timeout.min = 5s (custom)
2019-09-03 19:32:34,814 [pool-393-thread-1] INFO  server.RaftServerConfigKeys (ConfUtils.java:logGet(43)) - raft.server.rpc.timeout.max = 5200ms (custom)
2019-09-03 19:32:34,814 [pool-393-thread-1] INFO  server.RaftServerConfigKeys (ConfUtils.java:logGet(43)) - raft.server.rpcslowness.timeout = 120s (custom)
2019-09-03 19:32:34,814 [pool-393-thread-1] INFO  server.RaftServerConfigKeys (ConfUtils.java:logGet(43)) - raft.server.sleep.deviation.threshold = 300 (default)
2019-09-03 19:32:34,814 [pool-393-thread-1] INFO  server.RaftServerConfigKeys (ConfUtils.java:logGet(43)) - raft.server.log.appender.install.snapshot.enabled = false (custom)
2019-09-03 19:32:34,814 [pool-393-thread-1] INFO  impl.RaftServerImpl (ServerState.java:<init>(105)) - 11ad8d8e-6f5f-4180-b963-3849b37d37dc:group-F3628E76CE99 ConfigurationManager, init=-1: [11ad8d8e-6f5f-4180-b963-3849b37d37dc:192.168.36.111:34143], old=null, confs=<EMPTY_MAP>
2019-09-03 19:32:34,815 [pool-393-thread-1] INFO  server.RaftServerConfigKeys (ConfUtils.java:logGet(43)) - raft.server.storage.dir = [/workdir/hadoop-ozone/integration-test/target/test-dir/MiniOzoneClusterImpl-41176880-f664-46d8-b28c-56a7528e8d0a/datanode-1/data/ratis] (custom)
2019-09-03 19:32:34,815 [pool-393-thread-1] INFO  storage.RaftStorageDirectory (RaftStorageDirectory.java:analyzeStorage(246)) - The storage directory /workdir/hadoop-ozone/integration-test/target/test-dir/MiniOzoneClusterImpl-41176880-f664-46d8-b28c-56a7528e8d0a/datanode-1/data/ratis/e995bef7-5acc-4fc1-b4f3-f3628e76ce99 does not exist. Creating ...
2019-09-03 19:32:34,828 [pool-393-thread-1] INFO  storage.RaftStorageDirectory (RaftStorageDirectory.java:tryLock(328)) - Lock on /workdir/hadoop-ozone/integration-test/target/test-dir/MiniOzoneClusterImpl-41176880-f664-46d8-b28c-56a7528e8d0a/datanode-1/data/ratis/e995bef7-5acc-4fc1-b4f3-f3628e76ce99/in_use.lock acquired by nodename 3821@pr-hdds-1200-xgh2h-450883189
2019-09-03 19:32:34,841 [pool-393-thread-1] INFO  storage.RaftStorage (RaftStorage.java:format(72)) - Storage directory /workdir/hadoop-ozone/integration-test/target/test-dir/MiniOzoneClusterImpl-41176880-f664-46d8-b28c-56a7528e8d0a/datanode-1/data/ratis/e995bef7-5acc-4fc1-b4f3-f3628e76ce99 has been successfully formatted.
2019-09-03 19:32:34,842 [pool-393-thread-1] INFO  ratis.ContainerStateMachine (ContainerStateMachine.java:loadSnapshot(227)) - group-F3628E76CE99: The snapshot info is null. Setting the last applied indexto:(t:0, i:~)
2019-09-03 19:32:34,842 [pool-393-thread-1] INFO  server.RaftServerConfigKeys (ConfUtils.java:logGet(43)) - raft.server.leader.election.timeout = 120s (custom)
2019-09-03 19:32:34,842 [pool-393-thread-1] INFO  server.RaftServerConfigKeys (ConfUtils.java:logGet(43)) - raft.server.log.use.memory = false (default)
2019-09-03 19:32:34,842 [pool-393-thread-1] INFO  server.RaftServerConfigKeys (ConfUtils.java:logGet(43)) - raft.server.log.purge.gap = 1000000 (custom)
2019-09-03 19:32:34,842 [pool-393-thread-1] INFO  server.RaftServerConfigKeys (ConfUtils.java:logGet(43)) - raft.server.log.appender.buffer.byte-limit = 33554432 (custom)
2019-09-03 19:32:34,843 [pool-393-thread-1] INFO  server.RaftServerConfigKeys (ConfUtils.java:logGet(43)) - raft.server.log.segment.size.max = 1048576 (custom)
2019-09-03 19:32:34,843 [pool-393-thread-1] INFO  server.RaftServerConfigKeys (ConfUtils.java:logGet(43)) - raft.server.log.segment.cache.num.max = 2 (custom)
2019-09-03 19:32:34,843 [pool-393-thread-1] INFO  segmented.SegmentedRaftLogWorker (SegmentedRaftLogWorker.java:<init>(172)) - new 11ad8d8e-6f5f-4180-b963-3849b37d37dc-SegmentedRaftLogWorker:Storage Directory /workdir/hadoop-ozone/integration-test/target/test-dir/MiniOzoneClusterImpl-41176880-f664-46d8-b28c-56a7528e8d0a/datanode-1/data/ratis/e995bef7-5acc-4fc1-b4f3-f3628e76ce99 for RaftStorage:Storage Directory /workdir/hadoop-ozone/integration-test/target/test-dir/MiniOzoneClusterImpl-41176880-f664-46d8-b28c-56a7528e8d0a/datanode-1/data/ratis/e995bef7-5acc-4fc1-b4f3-f3628e76ce99
2019-09-03 19:32:34,843 [pool-393-thread-1] INFO  server.RaftServerConfigKeys (ConfUtils.java:logGet(43)) - raft.server.log.queue.byte-limit = 2147483647 (custom)
2019-09-03 19:32:34,843 [pool-393-thread-1] INFO  server.RaftServerConfigKeys (ConfUtils.java:logGet(43)) - raft.server.log.queue.element-limit = 1024 (custom)
2019-09-03 19:32:34,843 [pool-393-thread-1] INFO  server.RaftServerConfigKeys (ConfUtils.java:logGet(43)) - raft.server.log.segment.size.max = 1048576 (custom)
2019-09-03 19:32:34,844 [pool-393-thread-1] INFO  server.RaftServerConfigKeys (ConfUtils.java:logGet(43)) - raft.server.log.preallocated.size = 16384 (custom)
2019-09-03 19:32:34,844 [pool-393-thread-1] INFO  server.RaftServerConfigKeys (ConfUtils.java:logGet(43)) - raft.server.log.write.buffer.size = 33554432 (custom)
2019-09-03 19:32:34,844 [pool-393-thread-1] INFO  server.RaftServerConfigKeys (ConfUtils.java:logGet(43)) - raft.server.log.force.sync.num = 128 (default)
2019-09-03 19:32:34,844 [pool-393-thread-1] INFO  server.RaftServerConfigKeys (ConfUtils.java:logGet(43)) - raft.server.log.statemachine.data.sync = true (default)
2019-09-03 19:32:34,844 [pool-393-thread-1] INFO  server.RaftServerConfigKeys (ConfUtils.java:logGet(43)) - raft.server.log.statemachine.data.sync.timeout = 10s (default)
2019-09-03 19:32:34,844 [pool-393-thread-1] INFO  server.RaftServerConfigKeys (ConfUtils.java:logGet(43)) - raft.server.log.statemachine.data.sync.timeout.retry = -1 (default)
2019-09-03 19:32:34,845 [pool-393-thread-1] INFO  server.RaftServerConfigKeys (ConfUtils.java:logGet(43)) - raft.server.log.statemachine.data.caching.enabled = true (custom)
2019-09-03 19:32:34,845 [pool-393-thread-1] INFO  segmented.SegmentedRaftLogWorker (SegmentedRaftLogWorker.java:lambda$new$0(132)) - 11ad8d8e-6f5f-4180-b963-3849b37d37dc-SegmentedRaftLogWorker:Storage Directory /workdir/hadoop-ozone/integration-test/target/test-dir/MiniOzoneClusterImpl-41176880-f664-46d8-b28c-56a7528e8d0a/datanode-1/data/ratis/e995bef7-5acc-4fc1-b4f3-f3628e76ce99: flushIndex: setUnconditionally 0 -> -1
2019-09-03 19:32:34,845 [pool-393-thread-1] INFO  server.RaftServerConfigKeys (ConfUtils.java:logGet(43)) - raft.server.snapshot.auto.trigger.enabled = true (custom)
2019-09-03 19:32:34,846 [pool-393-thread-1] INFO  server.RaftServerConfigKeys (ConfUtils.java:logGet(43)) - raft.server.snapshot.auto.trigger.threshold = 10000 (custom)
2019-09-03 19:32:34,846 [pool-393-thread-1] INFO  server.RaftServerConfigKeys (ConfUtils.java:logGet(43)) - raft.server.retrycache.expirytime = 600000ms (custom)
2019-09-03 19:32:34,846 [pool-393-thread-1] INFO  impl.RaftServerImpl (RaftServerImpl.java:start(180)) - 11ad8d8e-6f5f-4180-b963-3849b37d37dc: start group-F3628E76CE99
2019-09-03 19:32:34,846 [pool-393-thread-1] INFO  impl.RaftServerImpl (RaftServerImpl.java:setRole(171)) - 11ad8d8e-6f5f-4180-b963-3849b37d37dc:group-F3628E76CE99 changes role from null to FOLLOWER at term 0 for startAsFollower
2019-09-03 19:32:34,846 [pool-393-thread-1] INFO  impl.RoleInfo (RoleInfo.java:updateAndGet(143)) - 11ad8d8e-6f5f-4180-b963-3849b37d37dc: start FollowerState
2019-09-03 19:32:34,847 [pool-393-thread-1] INFO  util.JmxRegister (JmxRegister.java:tryRegister(44)) - Successfully registered JMX Bean with object name Ratis:service=RaftServer,group=group-F3628E76CE99,id=11ad8d8e-6f5f-4180-b963-3849b37d37dc
2019-09-03 19:32:34,849 [RatisPipelineUtilsThread] INFO  pipeline.PipelineStateManager (PipelineStateManager.java:addPipeline(56)) - Created pipeline Pipeline[ Id: e995bef7-5acc-4fc1-b4f3-f3628e76ce99, Nodes: 11ad8d8e-6f5f-4180-b963-3849b37d37dc{ip: 192.168.36.111, host: pr-hdds-1200-xgh2h-450883189, networkLocation: /default-rack, certSerialId: null}, Type:RATIS, Factor:ONE, State:OPEN]
2019-09-03 19:32:34,868 [IPC Server handler 0 on 36566] INFO  net.NetworkTopology (NetworkTopologyImpl.java:add(110)) - Added a new node: /default-rack/7052ffe1-6ab1-4155-97b2-3918c28e345e
2019-09-03 19:32:34,868 [IPC Server handler 0 on 36566] INFO  node.SCMNodeManager (SCMNodeManager.java:register(266)) - Registered Data node : 7052ffe1-6ab1-4155-97b2-3918c28e345e{ip: 192.168.36.111, host: pr-hdds-1200-xgh2h-450883189, networkLocation: /default-rack, certSerialId: null}
2019-09-03 19:32:34,878 [grpc-default-executor-1] INFO  impl.RaftServerProxy (RaftServerProxy.java:addNew(89)) - 7052ffe1-6ab1-4155-97b2-3918c28e345e: addNew group-D308B6313CFA:[7052ffe1-6ab1-4155-97b2-3918c28e345e:192.168.36.111:37016] returns group-D308B6313CFA:java.util.concurrent.CompletableFuture@76ae75a2[Not completed]
2019-09-03 19:32:34,880 [pool-403-thread-1] INFO  impl.RaftServerImpl (RaftServerImpl.java:<init>(93)) - 7052ffe1-6ab1-4155-97b2-3918c28e345e: new RaftServerImpl for group-D308B6313CFA:[7052ffe1-6ab1-4155-97b2-3918c28e345e:192.168.36.111:37016] with ContainerStateMachine:uninitialized
2019-09-03 19:32:34,881 [pool-403-thread-1] INFO  server.RaftServerConfigKeys (ConfUtils.java:logGet(43)) - raft.server.rpc.timeout.min = 5s (custom)
2019-09-03 19:32:34,881 [pool-403-thread-1] INFO  server.RaftServerConfigKeys (ConfUtils.java:logGet(43)) - raft.server.rpc.timeout.max = 5200ms (custom)
2019-09-03 19:32:34,881 [pool-403-thread-1] INFO  server.RaftServerConfigKeys (ConfUtils.java:logGet(43)) - raft.server.rpcslowness.timeout = 120s (custom)
2019-09-03 19:32:34,881 [pool-403-thread-1] INFO  server.RaftServerConfigKeys (ConfUtils.java:logGet(43)) - raft.server.sleep.deviation.threshold = 300 (default)
2019-09-03 19:32:34,881 [pool-403-thread-1] INFO  server.RaftServerConfigKeys (ConfUtils.java:logGet(43)) - raft.server.log.appender.install.snapshot.enabled = false (custom)
2019-09-03 19:32:34,882 [pool-403-thread-1] INFO  impl.RaftServerImpl (ServerState.java:<init>(105)) - 7052ffe1-6ab1-4155-97b2-3918c28e345e:group-D308B6313CFA ConfigurationManager, init=-1: [7052ffe1-6ab1-4155-97b2-3918c28e345e:192.168.36.111:37016], old=null, confs=<EMPTY_MAP>
2019-09-03 19:32:34,882 [pool-403-thread-1] INFO  server.RaftServerConfigKeys (ConfUtils.java:logGet(43)) - raft.server.storage.dir = [/workdir/hadoop-ozone/integration-test/target/test-dir/MiniOzoneClusterImpl-41176880-f664-46d8-b28c-56a7528e8d0a/datanode-2/data/ratis] (custom)
2019-09-03 19:32:34,882 [pool-403-thread-1] INFO  storage.RaftStorageDirectory (RaftStorageDirectory.java:analyzeStorage(246)) - The storage directory /workdir/hadoop-ozone/integration-test/target/test-dir/MiniOzoneClusterImpl-41176880-f664-46d8-b28c-56a7528e8d0a/datanode-2/data/ratis/9bdcde42-f8d2-4e71-bfcd-d308b6313cfa does not exist. Creating ...
2019-09-03 19:32:34,896 [pool-403-thread-1] INFO  storage.RaftStorageDirectory (RaftStorageDirectory.java:tryLock(328)) - Lock on /workdir/hadoop-ozone/integration-test/target/test-dir/MiniOzoneClusterImpl-41176880-f664-46d8-b28c-56a7528e8d0a/datanode-2/data/ratis/9bdcde42-f8d2-4e71-bfcd-d308b6313cfa/in_use.lock acquired by nodename 3821@pr-hdds-1200-xgh2h-450883189
2019-09-03 19:32:34,909 [pool-403-thread-1] INFO  storage.RaftStorage (RaftStorage.java:format(72)) - Storage directory /workdir/hadoop-ozone/integration-test/target/test-dir/MiniOzoneClusterImpl-41176880-f664-46d8-b28c-56a7528e8d0a/datanode-2/data/ratis/9bdcde42-f8d2-4e71-bfcd-d308b6313cfa has been successfully formatted.
2019-09-03 19:32:34,909 [pool-403-thread-1] INFO  ratis.ContainerStateMachine (ContainerStateMachine.java:loadSnapshot(227)) - group-D308B6313CFA: The snapshot info is null. Setting the last applied indexto:(t:0, i:~)
2019-09-03 19:32:34,910 [pool-403-thread-1] INFO  server.RaftServerConfigKeys (ConfUtils.java:logGet(43)) - raft.server.leader.election.timeout = 120s (custom)
2019-09-03 19:32:34,910 [pool-403-thread-1] INFO  server.RaftServerConfigKeys (ConfUtils.java:logGet(43)) - raft.server.log.use.memory = false (default)
2019-09-03 19:32:34,910 [pool-403-thread-1] INFO  server.RaftServerConfigKeys (ConfUtils.java:logGet(43)) - raft.server.log.purge.gap = 1000000 (custom)
2019-09-03 19:32:34,910 [pool-403-thread-1] INFO  server.RaftServerConfigKeys (ConfUtils.java:logGet(43)) - raft.server.log.appender.buffer.byte-limit = 33554432 (custom)
2019-09-03 19:32:34,910 [pool-403-thread-1] INFO  server.RaftServerConfigKeys (ConfUtils.java:logGet(43)) - raft.server.log.segment.size.max = 1048576 (custom)
2019-09-03 19:32:34,910 [pool-403-thread-1] INFO  server.RaftServerConfigKeys (ConfUtils.java:logGet(43)) - raft.server.log.segment.cache.num.max = 2 (custom)
2019-09-03 19:32:34,911 [pool-403-thread-1] INFO  segmented.SegmentedRaftLogWorker (SegmentedRaftLogWorker.java:<init>(172)) - new 7052ffe1-6ab1-4155-97b2-3918c28e345e-SegmentedRaftLogWorker:Storage Directory /workdir/hadoop-ozone/integration-test/target/test-dir/MiniOzoneClusterImpl-41176880-f664-46d8-b28c-56a7528e8d0a/datanode-2/data/ratis/9bdcde42-f8d2-4e71-bfcd-d308b6313cfa for RaftStorage:Storage Directory /workdir/hadoop-ozone/integration-test/target/test-dir/MiniOzoneClusterImpl-41176880-f664-46d8-b28c-56a7528e8d0a/datanode-2/data/ratis/9bdcde42-f8d2-4e71-bfcd-d308b6313cfa
2019-09-03 19:32:34,911 [pool-403-thread-1] INFO  server.RaftServerConfigKeys (ConfUtils.java:logGet(43)) - raft.server.log.queue.byte-limit = 2147483647 (custom)
2019-09-03 19:32:34,911 [pool-403-thread-1] INFO  server.RaftServerConfigKeys (ConfUtils.java:logGet(43)) - raft.server.log.queue.element-limit = 1024 (custom)
2019-09-03 19:32:34,911 [pool-403-thread-1] INFO  server.RaftServerConfigKeys (ConfUtils.java:logGet(43)) - raft.server.log.segment.size.max = 1048576 (custom)
2019-09-03 19:32:34,912 [pool-403-thread-1] INFO  server.RaftServerConfigKeys (ConfUtils.java:logGet(43)) - raft.server.log.preallocated.size = 16384 (custom)
2019-09-03 19:32:34,912 [pool-403-thread-1] INFO  server.RaftServerConfigKeys (ConfUtils.java:logGet(43)) - raft.server.log.write.buffer.size = 33554432 (custom)
2019-09-03 19:32:34,912 [pool-403-thread-1] INFO  server.RaftServerConfigKeys (ConfUtils.java:logGet(43)) - raft.server.log.force.sync.num = 128 (default)
2019-09-03 19:32:34,912 [pool-403-thread-1] INFO  server.RaftServerConfigKeys (ConfUtils.java:logGet(43)) - raft.server.log.statemachine.data.sync = true (default)
2019-09-03 19:32:34,912 [pool-403-thread-1] INFO  server.RaftServerConfigKeys (ConfUtils.java:logGet(43)) - raft.server.log.statemachine.data.sync.timeout = 10s (default)
2019-09-03 19:32:34,913 [pool-403-thread-1] INFO  server.RaftServerConfigKeys (ConfUtils.java:logGet(43)) - raft.server.log.statemachine.data.sync.timeout.retry = -1 (default)
2019-09-03 19:32:34,913 [pool-403-thread-1] INFO  server.RaftServerConfigKeys (ConfUtils.java:logGet(43)) - raft.server.log.statemachine.data.caching.enabled = true (custom)
2019-09-03 19:32:34,913 [pool-403-thread-1] INFO  segmented.SegmentedRaftLogWorker (SegmentedRaftLogWorker.java:lambda$new$0(132)) - 7052ffe1-6ab1-4155-97b2-3918c28e345e-SegmentedRaftLogWorker:Storage Directory /workdir/hadoop-ozone/integration-test/target/test-dir/MiniOzoneClusterImpl-41176880-f664-46d8-b28c-56a7528e8d0a/datanode-2/data/ratis/9bdcde42-f8d2-4e71-bfcd-d308b6313cfa: flushIndex: setUnconditionally 0 -> -1
2019-09-03 19:32:34,914 [pool-403-thread-1] INFO  server.RaftServerConfigKeys (ConfUtils.java:logGet(43)) - raft.server.snapshot.auto.trigger.enabled = true (custom)
2019-09-03 19:32:34,914 [pool-403-thread-1] INFO  server.RaftServerConfigKeys (ConfUtils.java:logGet(43)) - raft.server.snapshot.auto.trigger.threshold = 10000 (custom)
2019-09-03 19:32:34,914 [pool-403-thread-1] INFO  server.RaftServerConfigKeys (ConfUtils.java:logGet(43)) - raft.server.retrycache.expirytime = 600000ms (custom)
2019-09-03 19:32:34,914 [pool-403-thread-1] INFO  impl.RaftServerImpl (RaftServerImpl.java:start(180)) - 7052ffe1-6ab1-4155-97b2-3918c28e345e: start group-D308B6313CFA
2019-09-03 19:32:34,915 [pool-403-thread-1] INFO  impl.RaftServerImpl (RaftServerImpl.java:setRole(171)) - 7052ffe1-6ab1-4155-97b2-3918c28e345e:group-D308B6313CFA changes role from null to FOLLOWER at term 0 for startAsFollower
2019-09-03 19:32:34,915 [pool-403-thread-1] INFO  impl.RoleInfo (RoleInfo.java:updateAndGet(143)) - 7052ffe1-6ab1-4155-97b2-3918c28e345e: start FollowerState
2019-09-03 19:32:34,915 [pool-403-thread-1] INFO  util.JmxRegister (JmxRegister.java:tryRegister(44)) - Successfully registered JMX Bean with object name Ratis:service=RaftServer,group=group-D308B6313CFA,id=7052ffe1-6ab1-4155-97b2-3918c28e345e
2019-09-03 19:32:34,919 [RatisPipelineUtilsThread] INFO  pipeline.PipelineStateManager (PipelineStateManager.java:addPipeline(56)) - Created pipeline Pipeline[ Id: 9bdcde42-f8d2-4e71-bfcd-d308b6313cfa, Nodes: 7052ffe1-6ab1-4155-97b2-3918c28e345e{ip: 192.168.36.111, host: pr-hdds-1200-xgh2h-450883189, networkLocation: /default-rack, certSerialId: null}, Type:RATIS, Factor:ONE, State:OPEN]
2019-09-03 19:32:34,937 [grpc-default-executor-1] INFO  impl.RaftServerProxy (RaftServerProxy.java:addNew(89)) - 11ad8d8e-6f5f-4180-b963-3849b37d37dc: addNew group-AD4D0EF0791D:[f650faf9-d54a-4b2d-8e46-47465280ce6b:192.168.36.111:35529, 7052ffe1-6ab1-4155-97b2-3918c28e345e:192.168.36.111:37016, 11ad8d8e-6f5f-4180-b963-3849b37d37dc:192.168.36.111:34143] returns group-AD4D0EF0791D:java.util.concurrent.CompletableFuture@5201e25c[Not completed]
2019-09-03 19:32:34,939 [grpc-default-executor-1] INFO  impl.RaftServerProxy (RaftServerProxy.java:addNew(89)) - 7052ffe1-6ab1-4155-97b2-3918c28e345e: addNew group-AD4D0EF0791D:[f650faf9-d54a-4b2d-8e46-47465280ce6b:192.168.36.111:35529, 7052ffe1-6ab1-4155-97b2-3918c28e345e:192.168.36.111:37016, 11ad8d8e-6f5f-4180-b963-3849b37d37dc:192.168.36.111:34143] returns group-AD4D0EF0791D:java.util.concurrent.CompletableFuture@32f23c4a[Not completed]
2019-09-03 19:32:34,943 [grpc-default-executor-1] INFO  impl.RaftServerProxy (RaftServerProxy.java:addNew(89)) - f650faf9-d54a-4b2d-8e46-47465280ce6b: addNew group-AD4D0EF0791D:[f650faf9-d54a-4b2d-8e46-47465280ce6b:192.168.36.111:35529, 7052ffe1-6ab1-4155-97b2-3918c28e345e:192.168.36.111:37016, 11ad8d8e-6f5f-4180-b963-3849b37d37dc:192.168.36.111:34143] returns group-AD4D0EF0791D:java.util.concurrent.CompletableFuture@37f44cd3[Not completed]
2019-09-03 19:32:34,944 [pool-393-thread-1] INFO  impl.RaftServerImpl (RaftServerImpl.java:<init>(93)) - 11ad8d8e-6f5f-4180-b963-3849b37d37dc: new RaftServerImpl for group-AD4D0EF0791D:[f650faf9-d54a-4b2d-8e46-47465280ce6b:192.168.36.111:35529, 7052ffe1-6ab1-4155-97b2-3918c28e345e:192.168.36.111:37016, 11ad8d8e-6f5f-4180-b963-3849b37d37dc:192.168.36.111:34143] with ContainerStateMachine:uninitialized
2019-09-03 19:32:34,944 [IPC Server handler 2 on 36566] INFO  net.NetworkTopology (NetworkTopologyImpl.java:add(110)) - Added a new node: /default-rack/aa1c6330-48b2-473c-9dc7-818fa0dc1007
2019-09-03 19:32:34,944 [pool-393-thread-1] INFO  server.RaftServerConfigKeys (ConfUtils.java:logGet(43)) - raft.server.rpc.timeout.min = 5s (custom)
2019-09-03 19:32:34,944 [IPC Server handler 2 on 36566] INFO  node.SCMNodeManager (SCMNodeManager.java:register(266)) - Registered Data node : aa1c6330-48b2-473c-9dc7-818fa0dc1007{ip: 192.168.36.111, host: pr-hdds-1200-xgh2h-450883189, networkLocation: /default-rack, certSerialId: null}
2019-09-03 19:32:34,944 [pool-393-thread-1] INFO  server.RaftServerConfigKeys (ConfUtils.java:logGet(43)) - raft.server.rpc.timeout.max = 5200ms (custom)
2019-09-03 19:32:34,944 [pool-383-thread-1] INFO  impl.RaftServerImpl (RaftServerImpl.java:<init>(93)) - f650faf9-d54a-4b2d-8e46-47465280ce6b: new RaftServerImpl for group-AD4D0EF0791D:[f650faf9-d54a-4b2d-8e46-47465280ce6b:192.168.36.111:35529, 7052ffe1-6ab1-4155-97b2-3918c28e345e:192.168.36.111:37016, 11ad8d8e-6f5f-4180-b963-3849b37d37dc:192.168.36.111:34143] with ContainerStateMachine:uninitialized
2019-09-03 19:32:34,945 [pool-393-thread-1] INFO  server.RaftServerConfigKeys (ConfUtils.java:logGet(43)) - raft.server.rpcslowness.timeout = 120s (custom)
2019-09-03 19:32:34,945 [pool-383-thread-1] INFO  server.RaftServerConfigKeys (ConfUtils.java:logGet(43)) - raft.server.rpc.timeout.min = 5s (custom)
2019-09-03 19:32:34,945 [pool-393-thread-1] INFO  server.RaftServerConfigKeys (ConfUtils.java:logGet(43)) - raft.server.sleep.deviation.threshold = 300 (default)
2019-09-03 19:32:34,945 [pool-403-thread-1] INFO  impl.RaftServerImpl (RaftServerImpl.java:<init>(93)) - 7052ffe1-6ab1-4155-97b2-3918c28e345e: new RaftServerImpl for group-AD4D0EF0791D:[f650faf9-d54a-4b2d-8e46-47465280ce6b:192.168.36.111:35529, 7052ffe1-6ab1-4155-97b2-3918c28e345e:192.168.36.111:37016, 11ad8d8e-6f5f-4180-b963-3849b37d37dc:192.168.36.111:34143] with ContainerStateMachine:uninitialized
2019-09-03 19:32:34,945 [pool-383-thread-1] INFO  server.RaftServerConfigKeys (ConfUtils.java:logGet(43)) - raft.server.rpc.timeout.max = 5200ms (custom)
2019-09-03 19:32:34,946 [pool-403-thread-1] INFO  server.RaftServerConfigKeys (ConfUtils.java:logGet(43)) - raft.server.rpc.timeout.min = 5s (custom)
2019-09-03 19:32:34,945 [pool-393-thread-1] INFO  server.RaftServerConfigKeys (ConfUtils.java:logGet(43)) - raft.server.log.appender.install.snapshot.enabled = false (custom)
2019-09-03 19:32:34,946 [pool-403-thread-1] INFO  server.RaftServerConfigKeys (ConfUtils.java:logGet(43)) - raft.server.rpc.timeout.max = 5200ms (custom)
2019-09-03 19:32:34,946 [pool-383-thread-1] INFO  server.RaftServerConfigKeys (ConfUtils.java:logGet(43)) - raft.server.rpcslowness.timeout = 120s (custom)
2019-09-03 19:32:34,946 [pool-403-thread-1] INFO  server.RaftServerConfigKeys (ConfUtils.java:logGet(43)) - raft.server.rpcslowness.timeout = 120s (custom)
2019-09-03 19:32:34,946 [pool-393-thread-1] INFO  impl.RaftServerImpl (ServerState.java:<init>(105)) - 11ad8d8e-6f5f-4180-b963-3849b37d37dc:group-AD4D0EF0791D ConfigurationManager, init=-1: [f650faf9-d54a-4b2d-8e46-47465280ce6b:192.168.36.111:35529, 7052ffe1-6ab1-4155-97b2-3918c28e345e:192.168.36.111:37016, 11ad8d8e-6f5f-4180-b963-3849b37d37dc:192.168.36.111:34143], old=null, confs=<EMPTY_MAP>
2019-09-03 19:32:34,947 [pool-403-thread-1] INFO  server.RaftServerConfigKeys (ConfUtils.java:logGet(43)) - raft.server.sleep.deviation.threshold = 300 (default)
2019-09-03 19:32:34,947 [pool-403-thread-1] INFO  server.RaftServerConfigKeys (ConfUtils.java:logGet(43)) - raft.server.log.appender.install.snapshot.enabled = false (custom)
2019-09-03 19:32:34,946 [pool-383-thread-1] INFO  server.RaftServerConfigKeys (ConfUtils.java:logGet(43)) - raft.server.sleep.deviation.threshold = 300 (default)
2019-09-03 19:32:34,947 [pool-403-thread-1] INFO  impl.RaftServerImpl (ServerState.java:<init>(105)) - 7052ffe1-6ab1-4155-97b2-3918c28e345e:group-AD4D0EF0791D ConfigurationManager, init=-1: [f650faf9-d54a-4b2d-8e46-47465280ce6b:192.168.36.111:35529, 7052ffe1-6ab1-4155-97b2-3918c28e345e:192.168.36.111:37016, 11ad8d8e-6f5f-4180-b963-3849b37d37dc:192.168.36.111:34143], old=null, confs=<EMPTY_MAP>
2019-09-03 19:32:34,947 [pool-393-thread-1] INFO  server.RaftServerConfigKeys (ConfUtils.java:logGet(43)) - raft.server.storage.dir = [/workdir/hadoop-ozone/integration-test/target/test-dir/MiniOzoneClusterImpl-41176880-f664-46d8-b28c-56a7528e8d0a/datanode-1/data/ratis] (custom)
2019-09-03 19:32:34,947 [pool-403-thread-1] INFO  server.RaftServerConfigKeys (ConfUtils.java:logGet(43)) - raft.server.storage.dir = [/workdir/hadoop-ozone/integration-test/target/test-dir/MiniOzoneClusterImpl-41176880-f664-46d8-b28c-56a7528e8d0a/datanode-2/data/ratis] (custom)
2019-09-03 19:32:34,947 [pool-383-thread-1] INFO  server.RaftServerConfigKeys (ConfUtils.java:logGet(43)) - raft.server.log.appender.install.snapshot.enabled = false (custom)
2019-09-03 19:32:34,948 [pool-393-thread-1] INFO  storage.RaftStorageDirectory (RaftStorageDirectory.java:analyzeStorage(246)) - The storage directory /workdir/hadoop-ozone/integration-test/target/test-dir/MiniOzoneClusterImpl-41176880-f664-46d8-b28c-56a7528e8d0a/datanode-1/data/ratis/9ca432c9-8cf6-47ec-bc81-ad4d0ef0791d does not exist. Creating ...
2019-09-03 19:32:34,948 [pool-403-thread-1] INFO  storage.RaftStorageDirectory (RaftStorageDirectory.java:analyzeStorage(246)) - The storage directory /workdir/hadoop-ozone/integration-test/target/test-dir/MiniOzoneClusterImpl-41176880-f664-46d8-b28c-56a7528e8d0a/datanode-2/data/ratis/9ca432c9-8cf6-47ec-bc81-ad4d0ef0791d does not exist. Creating ...
2019-09-03 19:32:34,948 [pool-383-thread-1] INFO  impl.RaftServerImpl (ServerState.java:<init>(105)) - f650faf9-d54a-4b2d-8e46-47465280ce6b:group-AD4D0EF0791D ConfigurationManager, init=-1: [f650faf9-d54a-4b2d-8e46-47465280ce6b:192.168.36.111:35529, 7052ffe1-6ab1-4155-97b2-3918c28e345e:192.168.36.111:37016, 11ad8d8e-6f5f-4180-b963-3849b37d37dc:192.168.36.111:34143], old=null, confs=<EMPTY_MAP>
2019-09-03 19:32:34,948 [pool-383-thread-1] INFO  server.RaftServerConfigKeys (ConfUtils.java:logGet(43)) - raft.server.storage.dir = [/workdir/hadoop-ozone/integration-test/target/test-dir/MiniOzoneClusterImpl-41176880-f664-46d8-b28c-56a7528e8d0a/datanode-0/data/ratis] (custom)
2019-09-03 19:32:34,949 [pool-383-thread-1] INFO  storage.RaftStorageDirectory (RaftStorageDirectory.java:analyzeStorage(246)) - The storage directory /workdir/hadoop-ozone/integration-test/target/test-dir/MiniOzoneClusterImpl-41176880-f664-46d8-b28c-56a7528e8d0a/datanode-0/data/ratis/9ca432c9-8cf6-47ec-bc81-ad4d0ef0791d does not exist. Creating ...
2019-09-03 19:32:34,962 [pool-403-thread-1] INFO  storage.RaftStorageDirectory (RaftStorageDirectory.java:tryLock(328)) - Lock on /workdir/hadoop-ozone/integration-test/target/test-dir/MiniOzoneClusterImpl-41176880-f664-46d8-b28c-56a7528e8d0a/datanode-2/data/ratis/9ca432c9-8cf6-47ec-bc81-ad4d0ef0791d/in_use.lock acquired by nodename 3821@pr-hdds-1200-xgh2h-450883189
2019-09-03 19:32:34,962 [pool-383-thread-1] INFO  storage.RaftStorageDirectory (RaftStorageDirectory.java:tryLock(328)) - Lock on /workdir/hadoop-ozone/integration-test/target/test-dir/MiniOzoneClusterImpl-41176880-f664-46d8-b28c-56a7528e8d0a/datanode-0/data/ratis/9ca432c9-8cf6-47ec-bc81-ad4d0ef0791d/in_use.lock acquired by nodename 3821@pr-hdds-1200-xgh2h-450883189
2019-09-03 19:32:34,962 [pool-393-thread-1] INFO  storage.RaftStorageDirectory (RaftStorageDirectory.java:tryLock(328)) - Lock on /workdir/hadoop-ozone/integration-test/target/test-dir/MiniOzoneClusterImpl-41176880-f664-46d8-b28c-56a7528e8d0a/datanode-1/data/ratis/9ca432c9-8cf6-47ec-bc81-ad4d0ef0791d/in_use.lock acquired by nodename 3821@pr-hdds-1200-xgh2h-450883189
2019-09-03 19:32:34,976 [pool-393-thread-1] INFO  storage.RaftStorage (RaftStorage.java:format(72)) - Storage directory /workdir/hadoop-ozone/integration-test/target/test-dir/MiniOzoneClusterImpl-41176880-f664-46d8-b28c-56a7528e8d0a/datanode-1/data/ratis/9ca432c9-8cf6-47ec-bc81-ad4d0ef0791d has been successfully formatted.
2019-09-03 19:32:34,976 [pool-403-thread-1] INFO  storage.RaftStorage (RaftStorage.java:format(72)) - Storage directory /workdir/hadoop-ozone/integration-test/target/test-dir/MiniOzoneClusterImpl-41176880-f664-46d8-b28c-56a7528e8d0a/datanode-2/data/ratis/9ca432c9-8cf6-47ec-bc81-ad4d0ef0791d has been successfully formatted.
2019-09-03 19:32:34,976 [pool-393-thread-1] INFO  ratis.ContainerStateMachine (ContainerStateMachine.java:loadSnapshot(227)) - group-AD4D0EF0791D: The snapshot info is null. Setting the last applied indexto:(t:0, i:~)
2019-09-03 19:32:34,976 [pool-383-thread-1] INFO  storage.RaftStorage (RaftStorage.java:format(72)) - Storage directory /workdir/hadoop-ozone/integration-test/target/test-dir/MiniOzoneClusterImpl-41176880-f664-46d8-b28c-56a7528e8d0a/datanode-0/data/ratis/9ca432c9-8cf6-47ec-bc81-ad4d0ef0791d has been successfully formatted.
2019-09-03 19:32:34,977 [pool-403-thread-1] INFO  ratis.ContainerStateMachine (ContainerStateMachine.java:loadSnapshot(227)) - group-AD4D0EF0791D: The snapshot info is null. Setting the last applied indexto:(t:0, i:~)
2019-09-03 19:32:34,977 [pool-393-thread-1] INFO  server.RaftServerConfigKeys (ConfUtils.java:logGet(43)) - raft.server.leader.election.timeout = 120s (custom)
2019-09-03 19:32:34,977 [pool-383-thread-1] INFO  ratis.ContainerStateMachine (ContainerStateMachine.java:loadSnapshot(227)) - group-AD4D0EF0791D: The snapshot info is null. Setting the last applied indexto:(t:0, i:~)
2019-09-03 19:32:34,977 [pool-403-thread-1] INFO  server.RaftServerConfigKeys (ConfUtils.java:logGet(43)) - raft.server.leader.election.timeout = 120s (custom)
2019-09-03 19:32:34,977 [pool-383-thread-1] INFO  server.RaftServerConfigKeys (ConfUtils.java:logGet(43)) - raft.server.leader.election.timeout = 120s (custom)
2019-09-03 19:32:34,977 [pool-393-thread-1] INFO  server.RaftServerConfigKeys (ConfUtils.java:logGet(43)) - raft.server.log.use.memory = false (default)
2019-09-03 19:32:34,978 [pool-383-thread-1] INFO  server.RaftServerConfigKeys (ConfUtils.java:logGet(43)) - raft.server.log.use.memory = false (default)
2019-09-03 19:32:34,978 [pool-403-thread-1] INFO  server.RaftServerConfigKeys (ConfUtils.java:logGet(43)) - raft.server.log.use.memory = false (default)
2019-09-03 19:32:34,978 [pool-383-thread-1] INFO  server.RaftServerConfigKeys (ConfUtils.java:logGet(43)) - raft.server.log.purge.gap = 1000000 (custom)
2019-09-03 19:32:34,978 [pool-393-thread-1] INFO  server.RaftServerConfigKeys (ConfUtils.java:logGet(43)) - raft.server.log.purge.gap = 1000000 (custom)
2019-09-03 19:32:34,979 [pool-383-thread-1] INFO  server.RaftServerConfigKeys (ConfUtils.java:logGet(43)) - raft.server.log.appender.buffer.byte-limit = 33554432 (custom)
2019-09-03 19:32:34,978 [pool-403-thread-1] INFO  server.RaftServerConfigKeys (ConfUtils.java:logGet(43)) - raft.server.log.purge.gap = 1000000 (custom)
2019-09-03 19:32:34,979 [pool-383-thread-1] INFO  server.RaftServerConfigKeys (ConfUtils.java:logGet(43)) - raft.server.log.segment.size.max = 1048576 (custom)
2019-09-03 19:32:34,979 [pool-393-thread-1] INFO  server.RaftServerConfigKeys (ConfUtils.java:logGet(43)) - raft.server.log.appender.buffer.byte-limit = 33554432 (custom)
2019-09-03 19:32:34,980 [pool-383-thread-1] INFO  server.RaftServerConfigKeys (ConfUtils.java:logGet(43)) - raft.server.log.segment.cache.num.max = 2 (custom)
2019-09-03 19:32:34,979 [pool-403-thread-1] INFO  server.RaftServerConfigKeys (ConfUtils.java:logGet(43)) - raft.server.log.appender.buffer.byte-limit = 33554432 (custom)
2019-09-03 19:32:34,980 [pool-383-thread-1] INFO  segmented.SegmentedRaftLogWorker (SegmentedRaftLogWorker.java:<init>(172)) - new f650faf9-d54a-4b2d-8e46-47465280ce6b-SegmentedRaftLogWorker:Storage Directory /workdir/hadoop-ozone/integration-test/target/test-dir/MiniOzoneClusterImpl-41176880-f664-46d8-b28c-56a7528e8d0a/datanode-0/data/ratis/9ca432c9-8cf6-47ec-bc81-ad4d0ef0791d for RaftStorage:Storage Directory /workdir/hadoop-ozone/integration-test/target/test-dir/MiniOzoneClusterImpl-41176880-f664-46d8-b28c-56a7528e8d0a/datanode-0/data/ratis/9ca432c9-8cf6-47ec-bc81-ad4d0ef0791d
2019-09-03 19:32:34,980 [pool-393-thread-1] INFO  server.RaftServerConfigKeys (ConfUtils.java:logGet(43)) - raft.server.log.segment.size.max = 1048576 (custom)
2019-09-03 19:32:34,980 [pool-383-thread-1] INFO  server.RaftServerConfigKeys (ConfUtils.java:logGet(43)) - raft.server.log.queue.byte-limit = 2147483647 (custom)
2019-09-03 19:32:34,980 [pool-403-thread-1] INFO  server.RaftServerConfigKeys (ConfUtils.java:logGet(43)) - raft.server.log.segment.size.max = 1048576 (custom)
2019-09-03 19:32:34,981 [pool-383-thread-1] INFO  server.RaftServerConfigKeys (ConfUtils.java:logGet(43)) - raft.server.log.queue.element-limit = 1024 (custom)
2019-09-03 19:32:34,980 [pool-393-thread-1] INFO  server.RaftServerConfigKeys (ConfUtils.java:logGet(43)) - raft.server.log.segment.cache.num.max = 2 (custom)
2019-09-03 19:32:34,981 [pool-383-thread-1] INFO  server.RaftServerConfigKeys (ConfUtils.java:logGet(43)) - raft.server.log.segment.size.max = 1048576 (custom)
2019-09-03 19:32:34,982 [pool-383-thread-1] INFO  server.RaftServerConfigKeys (ConfUtils.java:logGet(43)) - raft.server.log.preallocated.size = 16384 (custom)
2019-09-03 19:32:34,982 [pool-383-thread-1] INFO  server.RaftServerConfigKeys (ConfUtils.java:logGet(43)) - raft.server.log.write.buffer.size = 33554432 (custom)
2019-09-03 19:32:34,981 [pool-403-thread-1] INFO  server.RaftServerConfigKeys (ConfUtils.java:logGet(43)) - raft.server.log.segment.cache.num.max = 2 (custom)
2019-09-03 19:32:34,982 [pool-383-thread-1] INFO  server.RaftServerConfigKeys (ConfUtils.java:logGet(43)) - raft.server.log.force.sync.num = 128 (default)
2019-09-03 19:32:34,981 [pool-393-thread-1] INFO  segmented.SegmentedRaftLogWorker (SegmentedRaftLogWorker.java:<init>(172)) - new 11ad8d8e-6f5f-4180-b963-3849b37d37dc-SegmentedRaftLogWorker:Storage Directory /workdir/hadoop-ozone/integration-test/target/test-dir/MiniOzoneClusterImpl-41176880-f664-46d8-b28c-56a7528e8d0a/datanode-1/data/ratis/9ca432c9-8cf6-47ec-bc81-ad4d0ef0791d for RaftStorage:Storage Directory /workdir/hadoop-ozone/integration-test/target/test-dir/MiniOzoneClusterImpl-41176880-f664-46d8-b28c-56a7528e8d0a/datanode-1/data/ratis/9ca432c9-8cf6-47ec-bc81-ad4d0ef0791d
2019-09-03 19:32:34,982 [pool-383-thread-1] INFO  server.RaftServerConfigKeys (ConfUtils.java:logGet(43)) - raft.server.log.statemachine.data.sync = true (default)
2019-09-03 19:32:34,982 [pool-403-thread-1] INFO  segmented.SegmentedRaftLogWorker (SegmentedRaftLogWorker.java:<init>(172)) - new 7052ffe1-6ab1-4155-97b2-3918c28e345e-SegmentedRaftLogWorker:Storage Directory /workdir/hadoop-ozone/integration-test/target/test-dir/MiniOzoneClusterImpl-41176880-f664-46d8-b28c-56a7528e8d0a/datanode-2/data/ratis/9ca432c9-8cf6-47ec-bc81-ad4d0ef0791d for RaftStorage:Storage Directory /workdir/hadoop-ozone/integration-test/target/test-dir/MiniOzoneClusterImpl-41176880-f664-46d8-b28c-56a7528e8d0a/datanode-2/data/ratis/9ca432c9-8cf6-47ec-bc81-ad4d0ef0791d
2019-09-03 19:32:34,983 [pool-383-thread-1] INFO  server.RaftServerConfigKeys (ConfUtils.java:logGet(43)) - raft.server.log.statemachine.data.sync.timeout = 10s (default)
2019-09-03 19:32:34,983 [pool-393-thread-1] INFO  server.RaftServerConfigKeys (ConfUtils.java:logGet(43)) - raft.server.log.queue.byte-limit = 2147483647 (custom)
2019-09-03 19:32:34,983 [pool-383-thread-1] INFO  server.RaftServerConfigKeys (ConfUtils.java:logGet(43)) - raft.server.log.statemachine.data.sync.timeout.retry = -1 (default)
2019-09-03 19:32:34,983 [pool-403-thread-1] INFO  server.RaftServerConfigKeys (ConfUtils.java:logGet(43)) - raft.server.log.queue.byte-limit = 2147483647 (custom)
2019-09-03 19:32:34,983 [pool-383-thread-1] INFO  server.RaftServerConfigKeys (ConfUtils.java:logGet(43)) - raft.server.log.statemachine.data.caching.enabled = true (custom)
2019-09-03 19:32:34,983 [pool-393-thread-1] INFO  server.RaftServerConfigKeys (ConfUtils.java:logGet(43)) - raft.server.log.queue.element-limit = 1024 (custom)
2019-09-03 19:32:34,984 [pool-403-thread-1] INFO  server.RaftServerConfigKeys (ConfUtils.java:logGet(43)) - raft.server.log.queue.element-limit = 1024 (custom)
2019-09-03 19:32:34,984 [pool-393-thread-1] INFO  server.RaftServerConfigKeys (ConfUtils.java:logGet(43)) - raft.server.log.segment.size.max = 1048576 (custom)
2019-09-03 19:32:34,984 [pool-383-thread-1] INFO  segmented.SegmentedRaftLogWorker (SegmentedRaftLogWorker.java:lambda$new$0(132)) - f650faf9-d54a-4b2d-8e46-47465280ce6b-SegmentedRaftLogWorker:Storage Directory /workdir/hadoop-ozone/integration-test/target/test-dir/MiniOzoneClusterImpl-41176880-f664-46d8-b28c-56a7528e8d0a/datanode-0/data/ratis/9ca432c9-8cf6-47ec-bc81-ad4d0ef0791d: flushIndex: setUnconditionally 0 -> -1
2019-09-03 19:32:34,984 [pool-393-thread-1] INFO  server.RaftServerConfigKeys (ConfUtils.java:logGet(43)) - raft.server.log.preallocated.size = 16384 (custom)
2019-09-03 19:32:34,984 [pool-403-thread-1] INFO  server.RaftServerConfigKeys (ConfUtils.java:logGet(43)) - raft.server.log.segment.size.max = 1048576 (custom)
2019-09-03 19:32:34,985 [pool-393-thread-1] INFO  server.RaftServerConfigKeys (ConfUtils.java:logGet(43)) - raft.server.log.write.buffer.size = 33554432 (custom)
2019-09-03 19:32:34,985 [pool-383-thread-1] INFO  server.RaftServerConfigKeys (ConfUtils.java:logGet(43)) - raft.server.snapshot.auto.trigger.enabled = true (custom)
2019-09-03 19:32:34,985 [pool-393-thread-1] INFO  server.RaftServerConfigKeys (ConfUtils.java:logGet(43)) - raft.server.log.force.sync.num = 128 (default)
2019-09-03 19:32:34,985 [pool-403-thread-1] INFO  server.RaftServerConfigKeys (ConfUtils.java:logGet(43)) - raft.server.log.preallocated.size = 16384 (custom)
2019-09-03 19:32:34,985 [pool-393-thread-1] INFO  server.RaftServerConfigKeys (ConfUtils.java:logGet(43)) - raft.server.log.statemachine.data.sync = true (default)
2019-09-03 19:32:34,985 [pool-383-thread-1] INFO  server.RaftServerConfigKeys (ConfUtils.java:logGet(43)) - raft.server.snapshot.auto.trigger.threshold = 10000 (custom)
2019-09-03 19:32:34,986 [pool-393-thread-1] INFO  server.RaftServerConfigKeys (ConfUtils.java:logGet(43)) - raft.server.log.statemachine.data.sync.timeout = 10s (default)
2019-09-03 19:32:34,986 [pool-393-thread-1] INFO  server.RaftServerConfigKeys (ConfUtils.java:logGet(43)) - raft.server.log.statemachine.data.sync.timeout.retry = -1 (default)
2019-09-03 19:32:34,985 [pool-403-thread-1] INFO  server.RaftServerConfigKeys (ConfUtils.java:logGet(43)) - raft.server.log.write.buffer.size = 33554432 (custom)
2019-09-03 19:32:34,986 [pool-393-thread-1] INFO  server.RaftServerConfigKeys (ConfUtils.java:logGet(43)) - raft.server.log.statemachine.data.caching.enabled = true (custom)
2019-09-03 19:32:34,986 [pool-383-thread-1] INFO  server.RaftServerConfigKeys (ConfUtils.java:logGet(43)) - raft.server.retrycache.expirytime = 600000ms (custom)
2019-09-03 19:32:34,986 [pool-403-thread-1] INFO  server.RaftServerConfigKeys (ConfUtils.java:logGet(43)) - raft.server.log.force.sync.num = 128 (default)
2019-09-03 19:32:34,987 [pool-383-thread-1] INFO  impl.RaftServerImpl (RaftServerImpl.java:start(180)) - f650faf9-d54a-4b2d-8e46-47465280ce6b: start group-AD4D0EF0791D
2019-09-03 19:32:34,987 [pool-393-thread-1] INFO  segmented.SegmentedRaftLogWorker (SegmentedRaftLogWorker.java:lambda$new$0(132)) - 11ad8d8e-6f5f-4180-b963-3849b37d37dc-SegmentedRaftLogWorker:Storage Directory /workdir/hadoop-ozone/integration-test/target/test-dir/MiniOzoneClusterImpl-41176880-f664-46d8-b28c-56a7528e8d0a/datanode-1/data/ratis/9ca432c9-8cf6-47ec-bc81-ad4d0ef0791d: flushIndex: setUnconditionally 0 -> -1
2019-09-03 19:32:34,987 [pool-383-thread-1] INFO  impl.RaftServerImpl (RaftServerImpl.java:setRole(171)) - f650faf9-d54a-4b2d-8e46-47465280ce6b:group-AD4D0EF0791D changes role from null to FOLLOWER at term 0 for startAsFollower
2019-09-03 19:32:34,987 [pool-403-thread-1] INFO  server.RaftServerConfigKeys (ConfUtils.java:logGet(43)) - raft.server.log.statemachine.data.sync = true (default)
2019-09-03 19:32:34,987 [pool-383-thread-1] INFO  impl.RoleInfo (RoleInfo.java:updateAndGet(143)) - f650faf9-d54a-4b2d-8e46-47465280ce6b: start FollowerState
2019-09-03 19:32:34,987 [pool-393-thread-1] INFO  server.RaftServerConfigKeys (ConfUtils.java:logGet(43)) - raft.server.snapshot.auto.trigger.enabled = true (custom)
2019-09-03 19:32:34,988 [pool-403-thread-1] INFO  server.RaftServerConfigKeys (ConfUtils.java:logGet(43)) - raft.server.log.statemachine.data.sync.timeout = 10s (default)
2019-09-03 19:32:34,988 [pool-383-thread-1] INFO  util.JmxRegister (JmxRegister.java:tryRegister(44)) - Successfully registered JMX Bean with object name Ratis:service=RaftServer,group=group-AD4D0EF0791D,id=f650faf9-d54a-4b2d-8e46-47465280ce6b
2019-09-03 19:32:34,988 [pool-393-thread-1] INFO  server.RaftServerConfigKeys (ConfUtils.java:logGet(43)) - raft.server.snapshot.auto.trigger.threshold = 10000 (custom)
2019-09-03 19:32:34,988 [pool-403-thread-1] INFO  server.RaftServerConfigKeys (ConfUtils.java:logGet(43)) - raft.server.log.statemachine.data.sync.timeout.retry = -1 (default)
2019-09-03 19:32:34,988 [pool-393-thread-1] INFO  server.RaftServerConfigKeys (ConfUtils.java:logGet(43)) - raft.server.retrycache.expirytime = 600000ms (custom)
2019-09-03 19:32:34,989 [pool-403-thread-1] INFO  server.RaftServerConfigKeys (ConfUtils.java:logGet(43)) - raft.server.log.statemachine.data.caching.enabled = true (custom)
2019-09-03 19:32:34,989 [pool-393-thread-1] INFO  impl.RaftServerImpl (RaftServerImpl.java:start(180)) - 11ad8d8e-6f5f-4180-b963-3849b37d37dc: start group-AD4D0EF0791D
2019-09-03 19:32:34,989 [pool-393-thread-1] INFO  impl.RaftServerImpl (RaftServerImpl.java:setRole(171)) - 11ad8d8e-6f5f-4180-b963-3849b37d37dc:group-AD4D0EF0791D changes role from null to FOLLOWER at term 0 for startAsFollower
2019-09-03 19:32:34,989 [pool-403-thread-1] INFO  segmented.SegmentedRaftLogWorker (SegmentedRaftLogWorker.java:lambda$new$0(132)) - 7052ffe1-6ab1-4155-97b2-3918c28e345e-SegmentedRaftLogWorker:Storage Directory /workdir/hadoop-ozone/integration-test/target/test-dir/MiniOzoneClusterImpl-41176880-f664-46d8-b28c-56a7528e8d0a/datanode-2/data/ratis/9ca432c9-8cf6-47ec-bc81-ad4d0ef0791d: flushIndex: setUnconditionally 0 -> -1
2019-09-03 19:32:34,989 [pool-393-thread-1] INFO  impl.RoleInfo (RoleInfo.java:updateAndGet(143)) - 11ad8d8e-6f5f-4180-b963-3849b37d37dc: start FollowerState
2019-09-03 19:32:34,990 [pool-403-thread-1] INFO  server.RaftServerConfigKeys (ConfUtils.java:logGet(43)) - raft.server.snapshot.auto.trigger.enabled = true (custom)
2019-09-03 19:32:34,990 [pool-403-thread-1] INFO  server.RaftServerConfigKeys (ConfUtils.java:logGet(43)) - raft.server.snapshot.auto.trigger.threshold = 10000 (custom)
2019-09-03 19:32:34,990 [pool-393-thread-1] INFO  util.JmxRegister (JmxRegister.java:tryRegister(44)) - Successfully registered JMX Bean with object name Ratis:service=RaftServer,group=group-AD4D0EF0791D,id=11ad8d8e-6f5f-4180-b963-3849b37d37dc
2019-09-03 19:32:34,990 [pool-403-thread-1] INFO  server.RaftServerConfigKeys (ConfUtils.java:logGet(43)) - raft.server.retrycache.expirytime = 600000ms (custom)
2019-09-03 19:32:34,990 [pool-403-thread-1] INFO  impl.RaftServerImpl (RaftServerImpl.java:start(180)) - 7052ffe1-6ab1-4155-97b2-3918c28e345e: start group-AD4D0EF0791D
2019-09-03 19:32:34,991 [pool-403-thread-1] INFO  impl.RaftServerImpl (RaftServerImpl.java:setRole(171)) - 7052ffe1-6ab1-4155-97b2-3918c28e345e:group-AD4D0EF0791D changes role from null to FOLLOWER at term 0 for startAsFollower
2019-09-03 19:32:34,991 [pool-403-thread-1] INFO  impl.RoleInfo (RoleInfo.java:updateAndGet(143)) - 7052ffe1-6ab1-4155-97b2-3918c28e345e: start FollowerState
2019-09-03 19:32:34,991 [pool-403-thread-1] INFO  util.JmxRegister (JmxRegister.java:tryRegister(44)) - Successfully registered JMX Bean with object name Ratis:service=RaftServer,group=group-AD4D0EF0791D,id=7052ffe1-6ab1-4155-97b2-3918c28e345e
2019-09-03 19:32:34,995 [RatisPipelineUtilsThread] INFO  pipeline.PipelineStateManager (PipelineStateManager.java:addPipeline(56)) - Created pipeline Pipeline[ Id: 9ca432c9-8cf6-47ec-bc81-ad4d0ef0791d, Nodes: f650faf9-d54a-4b2d-8e46-47465280ce6b{ip: 192.168.36.111, host: pr-hdds-1200-xgh2h-450883189, networkLocation: /default-rack, certSerialId: null}11ad8d8e-6f5f-4180-b963-3849b37d37dc{ip: 192.168.36.111, host: pr-hdds-1200-xgh2h-450883189, networkLocation: /default-rack, certSerialId: null}7052ffe1-6ab1-4155-97b2-3918c28e345e{ip: 192.168.36.111, host: pr-hdds-1200-xgh2h-450883189, networkLocation: /default-rack, certSerialId: null}, Type:RATIS, Factor:THREE, State:OPEN]
2019-09-03 19:32:35,019 [IPC Server handler 1 on 36566] INFO  net.NetworkTopology (NetworkTopologyImpl.java:add(110)) - Added a new node: /default-rack/03acaf99-618c-497d-b12c-4a9970f5367b
2019-09-03 19:32:35,019 [IPC Server handler 1 on 36566] INFO  node.SCMNodeManager (SCMNodeManager.java:register(266)) - Registered Data node : 03acaf99-618c-497d-b12c-4a9970f5367b{ip: 192.168.36.111, host: pr-hdds-1200-xgh2h-450883189, networkLocation: /default-rack, certSerialId: null}
2019-09-03 19:32:35,034 [grpc-default-executor-1] INFO  impl.RaftServerProxy (RaftServerProxy.java:addNew(89)) - aa1c6330-48b2-473c-9dc7-818fa0dc1007: addNew group-4A1821051D4A:[aa1c6330-48b2-473c-9dc7-818fa0dc1007:192.168.36.111:40818] returns group-4A1821051D4A:java.util.concurrent.CompletableFuture@295ca004[Not completed]
2019-09-03 19:32:35,037 [pool-413-thread-1] INFO  impl.RaftServerImpl (RaftServerImpl.java:<init>(93)) - aa1c6330-48b2-473c-9dc7-818fa0dc1007: new RaftServerImpl for group-4A1821051D4A:[aa1c6330-48b2-473c-9dc7-818fa0dc1007:192.168.36.111:40818] with ContainerStateMachine:uninitialized
2019-09-03 19:32:35,037 [pool-413-thread-1] INFO  server.RaftServerConfigKeys (ConfUtils.java:logGet(43)) - raft.server.rpc.timeout.min = 5s (custom)
2019-09-03 19:32:35,038 [pool-413-thread-1] INFO  server.RaftServerConfigKeys (ConfUtils.java:logGet(43)) - raft.server.rpc.timeout.max = 5200ms (custom)
2019-09-03 19:32:35,038 [pool-413-thread-1] INFO  server.RaftServerConfigKeys (ConfUtils.java:logGet(43)) - raft.server.rpcslowness.timeout = 120s (custom)
2019-09-03 19:32:35,038 [pool-413-thread-1] INFO  server.RaftServerConfigKeys (ConfUtils.java:logGet(43)) - raft.server.sleep.deviation.threshold = 300 (default)
2019-09-03 19:32:35,038 [pool-413-thread-1] INFO  server.RaftServerConfigKeys (ConfUtils.java:logGet(43)) - raft.server.log.appender.install.snapshot.enabled = false (custom)
2019-09-03 19:32:35,039 [pool-413-thread-1] INFO  impl.RaftServerImpl (ServerState.java:<init>(105)) - aa1c6330-48b2-473c-9dc7-818fa0dc1007:group-4A1821051D4A ConfigurationManager, init=-1: [aa1c6330-48b2-473c-9dc7-818fa0dc1007:192.168.36.111:40818], old=null, confs=<EMPTY_MAP>
2019-09-03 19:32:35,039 [pool-413-thread-1] INFO  server.RaftServerConfigKeys (ConfUtils.java:logGet(43)) - raft.server.storage.dir = [/workdir/hadoop-ozone/integration-test/target/test-dir/MiniOzoneClusterImpl-41176880-f664-46d8-b28c-56a7528e8d0a/datanode-3/data/ratis] (custom)
2019-09-03 19:32:35,039 [pool-413-thread-1] INFO  storage.RaftStorageDirectory (RaftStorageDirectory.java:analyzeStorage(246)) - The storage directory /workdir/hadoop-ozone/integration-test/target/test-dir/MiniOzoneClusterImpl-41176880-f664-46d8-b28c-56a7528e8d0a/datanode-3/data/ratis/60119353-fbcb-4844-a763-4a1821051d4a does not exist. Creating ...
2019-09-03 19:32:35,053 [pool-413-thread-1] INFO  storage.RaftStorageDirectory (RaftStorageDirectory.java:tryLock(328)) - Lock on /workdir/hadoop-ozone/integration-test/target/test-dir/MiniOzoneClusterImpl-41176880-f664-46d8-b28c-56a7528e8d0a/datanode-3/data/ratis/60119353-fbcb-4844-a763-4a1821051d4a/in_use.lock acquired by nodename 3821@pr-hdds-1200-xgh2h-450883189
2019-09-03 19:32:35,073 [pool-413-thread-1] INFO  storage.RaftStorage (RaftStorage.java:format(72)) - Storage directory /workdir/hadoop-ozone/integration-test/target/test-dir/MiniOzoneClusterImpl-41176880-f664-46d8-b28c-56a7528e8d0a/datanode-3/data/ratis/60119353-fbcb-4844-a763-4a1821051d4a has been successfully formatted.
2019-09-03 19:32:35,073 [pool-413-thread-1] INFO  ratis.ContainerStateMachine (ContainerStateMachine.java:loadSnapshot(227)) - group-4A1821051D4A: The snapshot info is null. Setting the last applied indexto:(t:0, i:~)
2019-09-03 19:32:35,074 [pool-413-thread-1] INFO  server.RaftServerConfigKeys (ConfUtils.java:logGet(43)) - raft.server.leader.election.timeout = 120s (custom)
2019-09-03 19:32:35,074 [pool-413-thread-1] INFO  server.RaftServerConfigKeys (ConfUtils.java:logGet(43)) - raft.server.log.use.memory = false (default)
2019-09-03 19:32:35,074 [pool-413-thread-1] INFO  server.RaftServerConfigKeys (ConfUtils.java:logGet(43)) - raft.server.log.purge.gap = 1000000 (custom)
2019-09-03 19:32:35,074 [pool-413-thread-1] INFO  server.RaftServerConfigKeys (ConfUtils.java:logGet(43)) - raft.server.log.appender.buffer.byte-limit = 33554432 (custom)
2019-09-03 19:32:35,074 [pool-413-thread-1] INFO  server.RaftServerConfigKeys (ConfUtils.java:logGet(43)) - raft.server.log.segment.size.max = 1048576 (custom)
2019-09-03 19:32:35,075 [pool-413-thread-1] INFO  server.RaftServerConfigKeys (ConfUtils.java:logGet(43)) - raft.server.log.segment.cache.num.max = 2 (custom)
2019-09-03 19:32:35,075 [pool-413-thread-1] INFO  segmented.SegmentedRaftLogWorker (SegmentedRaftLogWorker.java:<init>(172)) - new aa1c6330-48b2-473c-9dc7-818fa0dc1007-SegmentedRaftLogWorker:Storage Directory /workdir/hadoop-ozone/integration-test/target/test-dir/MiniOzoneClusterImpl-41176880-f664-46d8-b28c-56a7528e8d0a/datanode-3/data/ratis/60119353-fbcb-4844-a763-4a1821051d4a for RaftStorage:Storage Directory /workdir/hadoop-ozone/integration-test/target/test-dir/MiniOzoneClusterImpl-41176880-f664-46d8-b28c-56a7528e8d0a/datanode-3/data/ratis/60119353-fbcb-4844-a763-4a1821051d4a
2019-09-03 19:32:35,075 [pool-413-thread-1] INFO  server.RaftServerConfigKeys (ConfUtils.java:logGet(43)) - raft.server.log.queue.byte-limit = 2147483647 (custom)
2019-09-03 19:32:35,075 [pool-413-thread-1] INFO  server.RaftServerConfigKeys (ConfUtils.java:logGet(43)) - raft.server.log.queue.element-limit = 1024 (custom)
2019-09-03 19:32:35,075 [pool-413-thread-1] INFO  server.RaftServerConfigKeys (ConfUtils.java:logGet(43)) - raft.server.log.segment.size.max = 1048576 (custom)
2019-09-03 19:32:35,076 [pool-413-thread-1] INFO  server.RaftServerConfigKeys (ConfUtils.java:logGet(43)) - raft.server.log.preallocated.size = 16384 (custom)
2019-09-03 19:32:35,076 [pool-413-thread-1] INFO  server.RaftServerConfigKeys (ConfUtils.java:logGet(43)) - raft.server.log.write.buffer.size = 33554432 (custom)
2019-09-03 19:32:35,076 [pool-413-thread-1] INFO  server.RaftServerConfigKeys (ConfUtils.java:logGet(43)) - raft.server.log.force.sync.num = 128 (default)
2019-09-03 19:32:35,076 [pool-413-thread-1] INFO  server.RaftServerConfigKeys (ConfUtils.java:logGet(43)) - raft.server.log.statemachine.data.sync = true (default)
2019-09-03 19:32:35,076 [pool-413-thread-1] INFO  server.RaftServerConfigKeys (ConfUtils.java:logGet(43)) - raft.server.log.statemachine.data.sync.timeout = 10s (default)
2019-09-03 19:32:35,076 [pool-413-thread-1] INFO  server.RaftServerConfigKeys (ConfUtils.java:logGet(43)) - raft.server.log.statemachine.data.sync.timeout.retry = -1 (default)
2019-09-03 19:32:35,077 [pool-413-thread-1] INFO  server.RaftServerConfigKeys (ConfUtils.java:logGet(43)) - raft.server.log.statemachine.data.caching.enabled = true (custom)
2019-09-03 19:32:35,077 [pool-413-thread-1] INFO  segmented.SegmentedRaftLogWorker (SegmentedRaftLogWorker.java:lambda$new$0(132)) - aa1c6330-48b2-473c-9dc7-818fa0dc1007-SegmentedRaftLogWorker:Storage Directory /workdir/hadoop-ozone/integration-test/target/test-dir/MiniOzoneClusterImpl-41176880-f664-46d8-b28c-56a7528e8d0a/datanode-3/data/ratis/60119353-fbcb-4844-a763-4a1821051d4a: flushIndex: setUnconditionally 0 -> -1
2019-09-03 19:32:35,078 [pool-413-thread-1] INFO  server.RaftServerConfigKeys (ConfUtils.java:logGet(43)) - raft.server.snapshot.auto.trigger.enabled = true (custom)
2019-09-03 19:32:35,078 [pool-413-thread-1] INFO  server.RaftServerConfigKeys (ConfUtils.java:logGet(43)) - raft.server.snapshot.auto.trigger.threshold = 10000 (custom)
2019-09-03 19:32:35,078 [pool-413-thread-1] INFO  server.RaftServerConfigKeys (ConfUtils.java:logGet(43)) - raft.server.retrycache.expirytime = 600000ms (custom)
2019-09-03 19:32:35,078 [pool-413-thread-1] INFO  impl.RaftServerImpl (RaftServerImpl.java:start(180)) - aa1c6330-48b2-473c-9dc7-818fa0dc1007: start group-4A1821051D4A
2019-09-03 19:32:35,079 [pool-413-thread-1] INFO  impl.RaftServerImpl (RaftServerImpl.java:setRole(171)) - aa1c6330-48b2-473c-9dc7-818fa0dc1007:group-4A1821051D4A changes role from null to FOLLOWER at term 0 for startAsFollower
2019-09-03 19:32:35,079 [pool-413-thread-1] INFO  impl.RoleInfo (RoleInfo.java:updateAndGet(143)) - aa1c6330-48b2-473c-9dc7-818fa0dc1007: start FollowerState
2019-09-03 19:32:35,079 [pool-413-thread-1] INFO  util.JmxRegister (JmxRegister.java:tryRegister(44)) - Successfully registered JMX Bean with object name Ratis:service=RaftServer,group=group-4A1821051D4A,id=aa1c6330-48b2-473c-9dc7-818fa0dc1007
2019-09-03 19:32:35,082 [RatisPipelineUtilsThread] INFO  pipeline.PipelineStateManager (PipelineStateManager.java:addPipeline(56)) - Created pipeline Pipeline[ Id: 60119353-fbcb-4844-a763-4a1821051d4a, Nodes: aa1c6330-48b2-473c-9dc7-818fa0dc1007{ip: 192.168.36.111, host: pr-hdds-1200-xgh2h-450883189, networkLocation: /default-rack, certSerialId: null}, Type:RATIS, Factor:ONE, State:OPEN]
2019-09-03 19:32:35,095 [grpc-default-executor-1] INFO  impl.RaftServerProxy (RaftServerProxy.java:addNew(89)) - 03acaf99-618c-497d-b12c-4a9970f5367b: addNew group-22E145E1E66D:[03acaf99-618c-497d-b12c-4a9970f5367b:192.168.36.111:33814] returns group-22E145E1E66D:java.util.concurrent.CompletableFuture@11e530e0[Not completed]
2019-09-03 19:32:35,097 [pool-423-thread-1] INFO  impl.RaftServerImpl (RaftServerImpl.java:<init>(93)) - 03acaf99-618c-497d-b12c-4a9970f5367b: new RaftServerImpl for group-22E145E1E66D:[03acaf99-618c-497d-b12c-4a9970f5367b:192.168.36.111:33814] with ContainerStateMachine:uninitialized
2019-09-03 19:32:35,097 [pool-423-thread-1] INFO  server.RaftServerConfigKeys (ConfUtils.java:logGet(43)) - raft.server.rpc.timeout.min = 5s (custom)
2019-09-03 19:32:35,098 [pool-423-thread-1] INFO  server.RaftServerConfigKeys (ConfUtils.java:logGet(43)) - raft.server.rpc.timeout.max = 5200ms (custom)
2019-09-03 19:32:35,098 [pool-423-thread-1] INFO  server.RaftServerConfigKeys (ConfUtils.java:logGet(43)) - raft.server.rpcslowness.timeout = 120s (custom)
2019-09-03 19:32:35,098 [pool-423-thread-1] INFO  server.RaftServerConfigKeys (ConfUtils.java:logGet(43)) - raft.server.sleep.deviation.threshold = 300 (default)
2019-09-03 19:32:35,098 [pool-423-thread-1] INFO  server.RaftServerConfigKeys (ConfUtils.java:logGet(43)) - raft.server.log.appender.install.snapshot.enabled = false (custom)
2019-09-03 19:32:35,098 [pool-423-thread-1] INFO  impl.RaftServerImpl (ServerState.java:<init>(105)) - 03acaf99-618c-497d-b12c-4a9970f5367b:group-22E145E1E66D ConfigurationManager, init=-1: [03acaf99-618c-497d-b12c-4a9970f5367b:192.168.36.111:33814], old=null, confs=<EMPTY_MAP>
2019-09-03 19:32:35,099 [pool-423-thread-1] INFO  server.RaftServerConfigKeys (ConfUtils.java:logGet(43)) - raft.server.storage.dir = [/workdir/hadoop-ozone/integration-test/target/test-dir/MiniOzoneClusterImpl-41176880-f664-46d8-b28c-56a7528e8d0a/datanode-4/data/ratis] (custom)
2019-09-03 19:32:35,099 [IPC Server handler 3 on 36566] INFO  net.NetworkTopology (NetworkTopologyImpl.java:add(110)) - Added a new node: /default-rack/4f57fb9f-f351-4aa3-a501-66abaf3d5f2e
2019-09-03 19:32:35,099 [IPC Server handler 3 on 36566] INFO  node.SCMNodeManager (SCMNodeManager.java:register(266)) - Registered Data node : 4f57fb9f-f351-4aa3-a501-66abaf3d5f2e{ip: 192.168.36.111, host: pr-hdds-1200-xgh2h-450883189, networkLocation: /default-rack, certSerialId: null}
2019-09-03 19:32:35,099 [pool-423-thread-1] INFO  storage.RaftStorageDirectory (RaftStorageDirectory.java:analyzeStorage(246)) - The storage directory /workdir/hadoop-ozone/integration-test/target/test-dir/MiniOzoneClusterImpl-41176880-f664-46d8-b28c-56a7528e8d0a/datanode-4/data/ratis/f7f85baa-33f0-4049-b161-22e145e1e66d does not exist. Creating ...
2019-09-03 19:32:35,112 [pool-423-thread-1] INFO  storage.RaftStorageDirectory (RaftStorageDirectory.java:tryLock(328)) - Lock on /workdir/hadoop-ozone/integration-test/target/test-dir/MiniOzoneClusterImpl-41176880-f664-46d8-b28c-56a7528e8d0a/datanode-4/data/ratis/f7f85baa-33f0-4049-b161-22e145e1e66d/in_use.lock acquired by nodename 3821@pr-hdds-1200-xgh2h-450883189
2019-09-03 19:32:35,125 [pool-423-thread-1] INFO  storage.RaftStorage (RaftStorage.java:format(72)) - Storage directory /workdir/hadoop-ozone/integration-test/target/test-dir/MiniOzoneClusterImpl-41176880-f664-46d8-b28c-56a7528e8d0a/datanode-4/data/ratis/f7f85baa-33f0-4049-b161-22e145e1e66d has been successfully formatted.
2019-09-03 19:32:35,126 [pool-423-thread-1] INFO  ratis.ContainerStateMachine (ContainerStateMachine.java:loadSnapshot(227)) - group-22E145E1E66D: The snapshot info is null. Setting the last applied indexto:(t:0, i:~)
2019-09-03 19:32:35,126 [pool-423-thread-1] INFO  server.RaftServerConfigKeys (ConfUtils.java:logGet(43)) - raft.server.leader.election.timeout = 120s (custom)
2019-09-03 19:32:35,126 [pool-423-thread-1] INFO  server.RaftServerConfigKeys (ConfUtils.java:logGet(43)) - raft.server.log.use.memory = false (default)
2019-09-03 19:32:35,126 [pool-423-thread-1] INFO  server.RaftServerConfigKeys (ConfUtils.java:logGet(43)) - raft.server.log.purge.gap = 1000000 (custom)
2019-09-03 19:32:35,127 [pool-423-thread-1] INFO  server.RaftServerConfigKeys (ConfUtils.java:logGet(43)) - raft.server.log.appender.buffer.byte-limit = 33554432 (custom)
2019-09-03 19:32:35,127 [pool-423-thread-1] INFO  server.RaftServerConfigKeys (ConfUtils.java:logGet(43)) - raft.server.log.segment.size.max = 1048576 (custom)
2019-09-03 19:32:35,127 [pool-423-thread-1] INFO  server.RaftServerConfigKeys (ConfUtils.java:logGet(43)) - raft.server.log.segment.cache.num.max = 2 (custom)
2019-09-03 19:32:35,127 [pool-423-thread-1] INFO  segmented.SegmentedRaftLogWorker (SegmentedRaftLogWorker.java:<init>(172)) - new 03acaf99-618c-497d-b12c-4a9970f5367b-SegmentedRaftLogWorker:Storage Directory /workdir/hadoop-ozone/integration-test/target/test-dir/MiniOzoneClusterImpl-41176880-f664-46d8-b28c-56a7528e8d0a/datanode-4/data/ratis/f7f85baa-33f0-4049-b161-22e145e1e66d for RaftStorage:Storage Directory /workdir/hadoop-ozone/integration-test/target/test-dir/MiniOzoneClusterImpl-41176880-f664-46d8-b28c-56a7528e8d0a/datanode-4/data/ratis/f7f85baa-33f0-4049-b161-22e145e1e66d
2019-09-03 19:32:35,127 [pool-423-thread-1] INFO  server.RaftServerConfigKeys (ConfUtils.java:logGet(43)) - raft.server.log.queue.byte-limit = 2147483647 (custom)
2019-09-03 19:32:35,127 [pool-423-thread-1] INFO  server.RaftServerConfigKeys (ConfUtils.java:logGet(43)) - raft.server.log.queue.element-limit = 1024 (custom)
2019-09-03 19:32:35,128 [pool-423-thread-1] INFO  server.RaftServerConfigKeys (ConfUtils.java:logGet(43)) - raft.server.log.segment.size.max = 1048576 (custom)
2019-09-03 19:32:35,128 [pool-423-thread-1] INFO  server.RaftServerConfigKeys (ConfUtils.java:logGet(43)) - raft.server.log.preallocated.size = 16384 (custom)
2019-09-03 19:32:35,128 [pool-423-thread-1] INFO  server.RaftServerConfigKeys (ConfUtils.java:logGet(43)) - raft.server.log.write.buffer.size = 33554432 (custom)
2019-09-03 19:32:35,128 [pool-423-thread-1] INFO  server.RaftServerConfigKeys (ConfUtils.java:logGet(43)) - raft.server.log.force.sync.num = 128 (default)
2019-09-03 19:32:35,128 [pool-423-thread-1] INFO  server.RaftServerConfigKeys (ConfUtils.java:logGet(43)) - raft.server.log.statemachine.data.sync = true (default)
2019-09-03 19:32:35,128 [pool-423-thread-1] INFO  server.RaftServerConfigKeys (ConfUtils.java:logGet(43)) - raft.server.log.statemachine.data.sync.timeout = 10s (default)
2019-09-03 19:32:35,128 [pool-423-thread-1] INFO  server.RaftServerConfigKeys (ConfUtils.java:logGet(43)) - raft.server.log.statemachine.data.sync.timeout.retry = -1 (default)
2019-09-03 19:32:35,129 [pool-423-thread-1] INFO  server.RaftServerConfigKeys (ConfUtils.java:logGet(43)) - raft.server.log.statemachine.data.caching.enabled = true (custom)
2019-09-03 19:32:35,129 [pool-423-thread-1] INFO  segmented.SegmentedRaftLogWorker (SegmentedRaftLogWorker.java:lambda$new$0(132)) - 03acaf99-618c-497d-b12c-4a9970f5367b-SegmentedRaftLogWorker:Storage Directory /workdir/hadoop-ozone/integration-test/target/test-dir/MiniOzoneClusterImpl-41176880-f664-46d8-b28c-56a7528e8d0a/datanode-4/data/ratis/f7f85baa-33f0-4049-b161-22e145e1e66d: flushIndex: setUnconditionally 0 -> -1
2019-09-03 19:32:35,129 [pool-423-thread-1] INFO  server.RaftServerConfigKeys (ConfUtils.java:logGet(43)) - raft.server.snapshot.auto.trigger.enabled = true (custom)
2019-09-03 19:32:35,130 [pool-423-thread-1] INFO  server.RaftServerConfigKeys (ConfUtils.java:logGet(43)) - raft.server.snapshot.auto.trigger.threshold = 10000 (custom)
2019-09-03 19:32:35,130 [pool-423-thread-1] INFO  server.RaftServerConfigKeys (ConfUtils.java:logGet(43)) - raft.server.retrycache.expirytime = 600000ms (custom)
2019-09-03 19:32:35,130 [pool-423-thread-1] INFO  impl.RaftServerImpl (RaftServerImpl.java:start(180)) - 03acaf99-618c-497d-b12c-4a9970f5367b: start group-22E145E1E66D
2019-09-03 19:32:35,130 [pool-423-thread-1] INFO  impl.RaftServerImpl (RaftServerImpl.java:setRole(171)) - 03acaf99-618c-497d-b12c-4a9970f5367b:group-22E145E1E66D changes role from null to FOLLOWER at term 0 for startAsFollower
2019-09-03 19:32:35,130 [pool-423-thread-1] INFO  impl.RoleInfo (RoleInfo.java:updateAndGet(143)) - 03acaf99-618c-497d-b12c-4a9970f5367b: start FollowerState
2019-09-03 19:32:35,131 [pool-423-thread-1] INFO  util.JmxRegister (JmxRegister.java:tryRegister(44)) - Successfully registered JMX Bean with object name Ratis:service=RaftServer,group=group-22E145E1E66D,id=03acaf99-618c-497d-b12c-4a9970f5367b
2019-09-03 19:32:35,133 [RatisPipelineUtilsThread] INFO  pipeline.PipelineStateManager (PipelineStateManager.java:addPipeline(56)) - Created pipeline Pipeline[ Id: f7f85baa-33f0-4049-b161-22e145e1e66d, Nodes: 03acaf99-618c-497d-b12c-4a9970f5367b{ip: 192.168.36.111, host: pr-hdds-1200-xgh2h-450883189, networkLocation: /default-rack, certSerialId: null}, Type:RATIS, Factor:ONE, State:OPEN]
2019-09-03 19:32:35,143 [grpc-default-executor-1] INFO  impl.RaftServerProxy (RaftServerProxy.java:addNew(89)) - 4f57fb9f-f351-4aa3-a501-66abaf3d5f2e: addNew group-7A1A06110B8E:[4f57fb9f-f351-4aa3-a501-66abaf3d5f2e:192.168.36.111:41009] returns group-7A1A06110B8E:java.util.concurrent.CompletableFuture@7360b772[Not completed]
2019-09-03 19:32:35,145 [pool-433-thread-1] INFO  impl.RaftServerImpl (RaftServerImpl.java:<init>(93)) - 4f57fb9f-f351-4aa3-a501-66abaf3d5f2e: new RaftServerImpl for group-7A1A06110B8E:[4f57fb9f-f351-4aa3-a501-66abaf3d5f2e:192.168.36.111:41009] with ContainerStateMachine:uninitialized
2019-09-03 19:32:35,145 [pool-433-thread-1] INFO  server.RaftServerConfigKeys (ConfUtils.java:logGet(43)) - raft.server.rpc.timeout.min = 5s (custom)
2019-09-03 19:32:35,146 [pool-433-thread-1] INFO  server.RaftServerConfigKeys (ConfUtils.java:logGet(43)) - raft.server.rpc.timeout.max = 5200ms (custom)
2019-09-03 19:32:35,146 [pool-433-thread-1] INFO  server.RaftServerConfigKeys (ConfUtils.java:logGet(43)) - raft.server.rpcslowness.timeout = 120s (custom)
2019-09-03 19:32:35,146 [pool-433-thread-1] INFO  server.RaftServerConfigKeys (ConfUtils.java:logGet(43)) - raft.server.sleep.deviation.threshold = 300 (default)
2019-09-03 19:32:35,146 [pool-433-thread-1] INFO  server.RaftServerConfigKeys (ConfUtils.java:logGet(43)) - raft.server.log.appender.install.snapshot.enabled = false (custom)
2019-09-03 19:32:35,146 [pool-433-thread-1] INFO  impl.RaftServerImpl (ServerState.java:<init>(105)) - 4f57fb9f-f351-4aa3-a501-66abaf3d5f2e:group-7A1A06110B8E ConfigurationManager, init=-1: [4f57fb9f-f351-4aa3-a501-66abaf3d5f2e:192.168.36.111:41009], old=null, confs=<EMPTY_MAP>
2019-09-03 19:32:35,146 [pool-433-thread-1] INFO  server.RaftServerConfigKeys (ConfUtils.java:logGet(43)) - raft.server.storage.dir = [/workdir/hadoop-ozone/integration-test/target/test-dir/MiniOzoneClusterImpl-41176880-f664-46d8-b28c-56a7528e8d0a/datanode-5/data/ratis] (custom)
2019-09-03 19:32:35,147 [pool-433-thread-1] INFO  storage.RaftStorageDirectory (RaftStorageDirectory.java:analyzeStorage(246)) - The storage directory /workdir/hadoop-ozone/integration-test/target/test-dir/MiniOzoneClusterImpl-41176880-f664-46d8-b28c-56a7528e8d0a/datanode-5/data/ratis/64847773-b75f-44a8-820c-7a1a06110b8e does not exist. Creating ...
2019-09-03 19:32:35,160 [pool-433-thread-1] INFO  storage.RaftStorageDirectory (RaftStorageDirectory.java:tryLock(328)) - Lock on /workdir/hadoop-ozone/integration-test/target/test-dir/MiniOzoneClusterImpl-41176880-f664-46d8-b28c-56a7528e8d0a/datanode-5/data/ratis/64847773-b75f-44a8-820c-7a1a06110b8e/in_use.lock acquired by nodename 3821@pr-hdds-1200-xgh2h-450883189
2019-09-03 19:32:35,168 [IPC Server handler 4 on 36566] INFO  net.NetworkTopology (NetworkTopologyImpl.java:add(110)) - Added a new node: /default-rack/be5f5855-7443-42e4-93e6-0a3a68fb3f3c
2019-09-03 19:32:35,168 [IPC Server handler 4 on 36566] INFO  node.SCMNodeManager (SCMNodeManager.java:register(266)) - Registered Data node : be5f5855-7443-42e4-93e6-0a3a68fb3f3c{ip: 192.168.36.111, host: pr-hdds-1200-xgh2h-450883189, networkLocation: /default-rack, certSerialId: null}
2019-09-03 19:32:35,168 [main] INFO  ozone.MiniOzoneClusterImpl (MiniOzoneClusterImpl.java:lambda$waitForClusterToBeReady$0(140)) - Cluster is ready. Got 7 of 7 DN Heartbeats.
2019-09-03 19:32:35,177 [pool-433-thread-1] INFO  storage.RaftStorage (RaftStorage.java:format(72)) - Storage directory /workdir/hadoop-ozone/integration-test/target/test-dir/MiniOzoneClusterImpl-41176880-f664-46d8-b28c-56a7528e8d0a/datanode-5/data/ratis/64847773-b75f-44a8-820c-7a1a06110b8e has been successfully formatted.
2019-09-03 19:32:35,177 [pool-433-thread-1] INFO  ratis.ContainerStateMachine (ContainerStateMachine.java:loadSnapshot(227)) - group-7A1A06110B8E: The snapshot info is null. Setting the last applied indexto:(t:0, i:~)
2019-09-03 19:32:35,178 [pool-433-thread-1] INFO  server.RaftServerConfigKeys (ConfUtils.java:logGet(43)) - raft.server.leader.election.timeout = 120s (custom)
2019-09-03 19:32:35,178 [pool-433-thread-1] INFO  server.RaftServerConfigKeys (ConfUtils.java:logGet(43)) - raft.server.log.use.memory = false (default)
2019-09-03 19:32:35,178 [pool-433-thread-1] INFO  server.RaftServerConfigKeys (ConfUtils.java:logGet(43)) - raft.server.log.purge.gap = 1000000 (custom)
2019-09-03 19:32:35,178 [pool-433-thread-1] INFO  server.RaftServerConfigKeys (ConfUtils.java:logGet(43)) - raft.server.log.appender.buffer.byte-limit = 33554432 (custom)
2019-09-03 19:32:35,178 [pool-433-thread-1] INFO  server.RaftServerConfigKeys (ConfUtils.java:logGet(43)) - raft.server.log.segment.size.max = 1048576 (custom)
2019-09-03 19:32:35,180 [pool-433-thread-1] INFO  server.RaftServerConfigKeys (ConfUtils.java:logGet(43)) - raft.server.log.segment.cache.num.max = 2 (custom)
2019-09-03 19:32:35,180 [pool-433-thread-1] INFO  segmented.SegmentedRaftLogWorker (SegmentedRaftLogWorker.java:<init>(172)) - new 4f57fb9f-f351-4aa3-a501-66abaf3d5f2e-SegmentedRaftLogWorker:Storage Directory /workdir/hadoop-ozone/integration-test/target/test-dir/MiniOzoneClusterImpl-41176880-f664-46d8-b28c-56a7528e8d0a/datanode-5/data/ratis/64847773-b75f-44a8-820c-7a1a06110b8e for RaftStorage:Storage Directory /workdir/hadoop-ozone/integration-test/target/test-dir/MiniOzoneClusterImpl-41176880-f664-46d8-b28c-56a7528e8d0a/datanode-5/data/ratis/64847773-b75f-44a8-820c-7a1a06110b8e
2019-09-03 19:32:35,180 [pool-433-thread-1] INFO  server.RaftServerConfigKeys (ConfUtils.java:logGet(43)) - raft.server.log.queue.byte-limit = 2147483647 (custom)
2019-09-03 19:32:35,180 [pool-433-thread-1] INFO  server.RaftServerConfigKeys (ConfUtils.java:logGet(43)) - raft.server.log.queue.element-limit = 1024 (custom)
2019-09-03 19:32:35,181 [pool-433-thread-1] INFO  server.RaftServerConfigKeys (ConfUtils.java:logGet(43)) - raft.server.log.segment.size.max = 1048576 (custom)
2019-09-03 19:32:35,181 [pool-433-thread-1] INFO  server.RaftServerConfigKeys (ConfUtils.java:logGet(43)) - raft.server.log.preallocated.size = 16384 (custom)
2019-09-03 19:32:35,189 [pool-433-thread-1] INFO  server.RaftServerConfigKeys (ConfUtils.java:logGet(43)) - raft.server.log.write.buffer.size = 33554432 (custom)
2019-09-03 19:32:35,189 [pool-433-thread-1] INFO  server.RaftServerConfigKeys (ConfUtils.java:logGet(43)) - raft.server.log.force.sync.num = 128 (default)
2019-09-03 19:32:35,190 [pool-433-thread-1] INFO  server.RaftServerConfigKeys (ConfUtils.java:logGet(43)) - raft.server.log.statemachine.data.sync = true (default)
2019-09-03 19:32:35,190 [pool-433-thread-1] INFO  server.RaftServerConfigKeys (ConfUtils.java:logGet(43)) - raft.server.log.statemachine.data.sync.timeout = 10s (default)
2019-09-03 19:32:35,190 [pool-433-thread-1] INFO  server.RaftServerConfigKeys (ConfUtils.java:logGet(43)) - raft.server.log.statemachine.data.sync.timeout.retry = -1 (default)
2019-09-03 19:32:35,193 [pool-433-thread-1] INFO  server.RaftServerConfigKeys (ConfUtils.java:logGet(43)) - raft.server.log.statemachine.data.caching.enabled = true (custom)
2019-09-03 19:32:35,193 [pool-433-thread-1] INFO  segmented.SegmentedRaftLogWorker (SegmentedRaftLogWorker.java:lambda$new$0(132)) - 4f57fb9f-f351-4aa3-a501-66abaf3d5f2e-SegmentedRaftLogWorker:Storage Directory /workdir/hadoop-ozone/integration-test/target/test-dir/MiniOzoneClusterImpl-41176880-f664-46d8-b28c-56a7528e8d0a/datanode-5/data/ratis/64847773-b75f-44a8-820c-7a1a06110b8e: flushIndex: setUnconditionally 0 -> -1
2019-09-03 19:32:35,196 [pool-433-thread-1] INFO  server.RaftServerConfigKeys (ConfUtils.java:logGet(43)) - raft.server.snapshot.auto.trigger.enabled = true (custom)
2019-09-03 19:32:35,197 [pool-433-thread-1] INFO  server.RaftServerConfigKeys (ConfUtils.java:logGet(43)) - raft.server.snapshot.auto.trigger.threshold = 10000 (custom)
2019-09-03 19:32:35,197 [pool-433-thread-1] INFO  server.RaftServerConfigKeys (ConfUtils.java:logGet(43)) - raft.server.retrycache.expirytime = 600000ms (custom)
2019-09-03 19:32:35,197 [pool-433-thread-1] INFO  impl.RaftServerImpl (RaftServerImpl.java:start(180)) - 4f57fb9f-f351-4aa3-a501-66abaf3d5f2e: start group-7A1A06110B8E
2019-09-03 19:32:35,197 [pool-433-thread-1] INFO  impl.RaftServerImpl (RaftServerImpl.java:setRole(171)) - 4f57fb9f-f351-4aa3-a501-66abaf3d5f2e:group-7A1A06110B8E changes role from null to FOLLOWER at term 0 for startAsFollower
2019-09-03 19:32:35,197 [pool-433-thread-1] INFO  impl.RoleInfo (RoleInfo.java:updateAndGet(143)) - 4f57fb9f-f351-4aa3-a501-66abaf3d5f2e: start FollowerState
2019-09-03 19:32:35,198 [pool-433-thread-1] INFO  util.JmxRegister (JmxRegister.java:tryRegister(44)) - Successfully registered JMX Bean with object name Ratis:service=RaftServer,group=group-7A1A06110B8E,id=4f57fb9f-f351-4aa3-a501-66abaf3d5f2e
2019-09-03 19:32:35,198 [main] INFO  rpc.RpcClient (RpcClient.java:createVolume(293)) - Creating Volume: watchforcommithandlingtest, with jenkins1000 as owner.
2019-09-03 19:32:35,200 [RatisPipelineUtilsThread] INFO  pipeline.PipelineStateManager (PipelineStateManager.java:addPipeline(56)) - Created pipeline Pipeline[ Id: 64847773-b75f-44a8-820c-7a1a06110b8e, Nodes: 4f57fb9f-f351-4aa3-a501-66abaf3d5f2e{ip: 192.168.36.111, host: pr-hdds-1200-xgh2h-450883189, networkLocation: /default-rack, certSerialId: null}, Type:RATIS, Factor:ONE, State:OPEN]
2019-09-03 19:32:35,217 [main] INFO  rpc.RpcClient (RpcClient.java:createBucket(432)) - Creating Bucket: watchforcommithandlingtest/watchforcommithandlingtest, with Versioning false and Storage Type set to DISK and Encryption set to false 
2019-09-03 19:32:35,223 [grpc-default-executor-1] INFO  impl.RaftServerProxy (RaftServerProxy.java:addNew(89)) - be5f5855-7443-42e4-93e6-0a3a68fb3f3c: addNew group-7C1CD7768324:[be5f5855-7443-42e4-93e6-0a3a68fb3f3c:192.168.36.111:36948] returns group-7C1CD7768324:java.util.concurrent.CompletableFuture@2322d7e7[Not completed]
2019-09-03 19:32:35,224 [main] INFO  ozone.MiniOzoneClusterImpl (MiniOzoneClusterImpl.java:getStorageContainerLocationClient(227)) - Creating StorageContainerLocationProtocol RPC client with address /0.0.0.0:37185
2019-09-03 19:32:35,224 [pool-443-thread-1] INFO  impl.RaftServerImpl (RaftServerImpl.java:<init>(93)) - be5f5855-7443-42e4-93e6-0a3a68fb3f3c: new RaftServerImpl for group-7C1CD7768324:[be5f5855-7443-42e4-93e6-0a3a68fb3f3c:192.168.36.111:36948] with ContainerStateMachine:uninitialized
2019-09-03 19:32:35,224 [pool-443-thread-1] INFO  server.RaftServerConfigKeys (ConfUtils.java:logGet(43)) - raft.server.rpc.timeout.min = 5s (custom)
2019-09-03 19:32:35,225 [pool-443-thread-1] INFO  server.RaftServerConfigKeys (ConfUtils.java:logGet(43)) - raft.server.rpc.timeout.max = 5200ms (custom)
2019-09-03 19:32:35,225 [pool-443-thread-1] INFO  server.RaftServerConfigKeys (ConfUtils.java:logGet(43)) - raft.server.rpcslowness.timeout = 120s (custom)
2019-09-03 19:32:35,225 [pool-443-thread-1] INFO  server.RaftServerConfigKeys (ConfUtils.java:logGet(43)) - raft.server.sleep.deviation.threshold = 300 (default)
2019-09-03 19:32:35,225 [pool-443-thread-1] INFO  server.RaftServerConfigKeys (ConfUtils.java:logGet(43)) - raft.server.log.appender.install.snapshot.enabled = false (custom)
2019-09-03 19:32:35,225 [pool-443-thread-1] INFO  impl.RaftServerImpl (ServerState.java:<init>(105)) - be5f5855-7443-42e4-93e6-0a3a68fb3f3c:group-7C1CD7768324 ConfigurationManager, init=-1: [be5f5855-7443-42e4-93e6-0a3a68fb3f3c:192.168.36.111:36948], old=null, confs=<EMPTY_MAP>
2019-09-03 19:32:35,225 [pool-443-thread-1] INFO  server.RaftServerConfigKeys (ConfUtils.java:logGet(43)) - raft.server.storage.dir = [/workdir/hadoop-ozone/integration-test/target/test-dir/MiniOzoneClusterImpl-41176880-f664-46d8-b28c-56a7528e8d0a/datanode-6/data/ratis] (custom)
2019-09-03 19:32:35,225 [pool-443-thread-1] INFO  storage.RaftStorageDirectory (RaftStorageDirectory.java:analyzeStorage(246)) - The storage directory /workdir/hadoop-ozone/integration-test/target/test-dir/MiniOzoneClusterImpl-41176880-f664-46d8-b28c-56a7528e8d0a/datanode-6/data/ratis/fcd04335-8f4e-4e7a-8202-7c1cd7768324 does not exist. Creating ...
2019-09-03 19:32:35,239 [pool-443-thread-1] INFO  storage.RaftStorageDirectory (RaftStorageDirectory.java:tryLock(328)) - Lock on /workdir/hadoop-ozone/integration-test/target/test-dir/MiniOzoneClusterImpl-41176880-f664-46d8-b28c-56a7528e8d0a/datanode-6/data/ratis/fcd04335-8f4e-4e7a-8202-7c1cd7768324/in_use.lock acquired by nodename 3821@pr-hdds-1200-xgh2h-450883189
2019-09-03 19:32:35,251 [pool-443-thread-1] INFO  storage.RaftStorage (RaftStorage.java:format(72)) - Storage directory /workdir/hadoop-ozone/integration-test/target/test-dir/MiniOzoneClusterImpl-41176880-f664-46d8-b28c-56a7528e8d0a/datanode-6/data/ratis/fcd04335-8f4e-4e7a-8202-7c1cd7768324 has been successfully formatted.
2019-09-03 19:32:35,252 [pool-443-thread-1] INFO  ratis.ContainerStateMachine (ContainerStateMachine.java:loadSnapshot(227)) - group-7C1CD7768324: The snapshot info is null. Setting the last applied indexto:(t:0, i:~)
2019-09-03 19:32:35,252 [pool-443-thread-1] INFO  server.RaftServerConfigKeys (ConfUtils.java:logGet(43)) - raft.server.leader.election.timeout = 120s (custom)
2019-09-03 19:32:35,252 [pool-443-thread-1] INFO  server.RaftServerConfigKeys (ConfUtils.java:logGet(43)) - raft.server.log.use.memory = false (default)
2019-09-03 19:32:35,252 [pool-443-thread-1] INFO  server.RaftServerConfigKeys (ConfUtils.java:logGet(43)) - raft.server.log.purge.gap = 1000000 (custom)
2019-09-03 19:32:35,252 [pool-443-thread-1] INFO  server.RaftServerConfigKeys (ConfUtils.java:logGet(43)) - raft.server.log.appender.buffer.byte-limit = 33554432 (custom)
2019-09-03 19:32:35,252 [pool-443-thread-1] INFO  server.RaftServerConfigKeys (ConfUtils.java:logGet(43)) - raft.server.log.segment.size.max = 1048576 (custom)
2019-09-03 19:32:35,252 [pool-443-thread-1] INFO  server.RaftServerConfigKeys (ConfUtils.java:logGet(43)) - raft.server.log.segment.cache.num.max = 2 (custom)
2019-09-03 19:32:35,253 [pool-443-thread-1] INFO  segmented.SegmentedRaftLogWorker (SegmentedRaftLogWorker.java:<init>(172)) - new be5f5855-7443-42e4-93e6-0a3a68fb3f3c-SegmentedRaftLogWorker:Storage Directory /workdir/hadoop-ozone/integration-test/target/test-dir/MiniOzoneClusterImpl-41176880-f664-46d8-b28c-56a7528e8d0a/datanode-6/data/ratis/fcd04335-8f4e-4e7a-8202-7c1cd7768324 for RaftStorage:Storage Directory /workdir/hadoop-ozone/integration-test/target/test-dir/MiniOzoneClusterImpl-41176880-f664-46d8-b28c-56a7528e8d0a/datanode-6/data/ratis/fcd04335-8f4e-4e7a-8202-7c1cd7768324
2019-09-03 19:32:35,253 [pool-443-thread-1] INFO  server.RaftServerConfigKeys (ConfUtils.java:logGet(43)) - raft.server.log.queue.byte-limit = 2147483647 (custom)
2019-09-03 19:32:35,253 [pool-443-thread-1] INFO  server.RaftServerConfigKeys (ConfUtils.java:logGet(43)) - raft.server.log.queue.element-limit = 1024 (custom)
2019-09-03 19:32:35,253 [pool-443-thread-1] INFO  server.RaftServerConfigKeys (ConfUtils.java:logGet(43)) - raft.server.log.segment.size.max = 1048576 (custom)
2019-09-03 19:32:35,253 [pool-443-thread-1] INFO  server.RaftServerConfigKeys (ConfUtils.java:logGet(43)) - raft.server.log.preallocated.size = 16384 (custom)
2019-09-03 19:32:35,253 [pool-443-thread-1] INFO  server.RaftServerConfigKeys (ConfUtils.java:logGet(43)) - raft.server.log.write.buffer.size = 33554432 (custom)
2019-09-03 19:32:35,253 [pool-443-thread-1] INFO  server.RaftServerConfigKeys (ConfUtils.java:logGet(43)) - raft.server.log.force.sync.num = 128 (default)
2019-09-03 19:32:35,253 [pool-443-thread-1] INFO  server.RaftServerConfigKeys (ConfUtils.java:logGet(43)) - raft.server.log.statemachine.data.sync = true (default)
2019-09-03 19:32:35,254 [pool-443-thread-1] INFO  server.RaftServerConfigKeys (ConfUtils.java:logGet(43)) - raft.server.log.statemachine.data.sync.timeout = 10s (default)
2019-09-03 19:32:35,254 [pool-443-thread-1] INFO  server.RaftServerConfigKeys (ConfUtils.java:logGet(43)) - raft.server.log.statemachine.data.sync.timeout.retry = -1 (default)
2019-09-03 19:32:35,254 [pool-443-thread-1] INFO  server.RaftServerConfigKeys (ConfUtils.java:logGet(43)) - raft.server.log.statemachine.data.caching.enabled = true (custom)
2019-09-03 19:32:35,254 [pool-443-thread-1] INFO  segmented.SegmentedRaftLogWorker (SegmentedRaftLogWorker.java:lambda$new$0(132)) - be5f5855-7443-42e4-93e6-0a3a68fb3f3c-SegmentedRaftLogWorker:Storage Directory /workdir/hadoop-ozone/integration-test/target/test-dir/MiniOzoneClusterImpl-41176880-f664-46d8-b28c-56a7528e8d0a/datanode-6/data/ratis/fcd04335-8f4e-4e7a-8202-7c1cd7768324: flushIndex: setUnconditionally 0 -> -1
2019-09-03 19:32:35,254 [pool-443-thread-1] INFO  server.RaftServerConfigKeys (ConfUtils.java:logGet(43)) - raft.server.snapshot.auto.trigger.enabled = true (custom)
2019-09-03 19:32:35,254 [pool-443-thread-1] INFO  server.RaftServerConfigKeys (ConfUtils.java:logGet(43)) - raft.server.snapshot.auto.trigger.threshold = 10000 (custom)
2019-09-03 19:32:35,255 [pool-443-thread-1] INFO  server.RaftServerConfigKeys (ConfUtils.java:logGet(43)) - raft.server.retrycache.expirytime = 600000ms (custom)
2019-09-03 19:32:35,255 [pool-443-thread-1] INFO  impl.RaftServerImpl (RaftServerImpl.java:start(180)) - be5f5855-7443-42e4-93e6-0a3a68fb3f3c: start group-7C1CD7768324
2019-09-03 19:32:35,255 [pool-443-thread-1] INFO  impl.RaftServerImpl (RaftServerImpl.java:setRole(171)) - be5f5855-7443-42e4-93e6-0a3a68fb3f3c:group-7C1CD7768324 changes role from null to FOLLOWER at term 0 for startAsFollower
2019-09-03 19:32:35,255 [pool-443-thread-1] INFO  impl.RoleInfo (RoleInfo.java:updateAndGet(143)) - be5f5855-7443-42e4-93e6-0a3a68fb3f3c: start FollowerState
2019-09-03 19:32:35,255 [pool-443-thread-1] INFO  util.JmxRegister (JmxRegister.java:tryRegister(44)) - Successfully registered JMX Bean with object name Ratis:service=RaftServer,group=group-7C1CD7768324,id=be5f5855-7443-42e4-93e6-0a3a68fb3f3c
2019-09-03 19:32:35,258 [RatisPipelineUtilsThread] INFO  pipeline.PipelineStateManager (PipelineStateManager.java:addPipeline(56)) - Created pipeline Pipeline[ Id: fcd04335-8f4e-4e7a-8202-7c1cd7768324, Nodes: be5f5855-7443-42e4-93e6-0a3a68fb3f3c{ip: 192.168.36.111, host: pr-hdds-1200-xgh2h-450883189, networkLocation: /default-rack, certSerialId: null}, Type:RATIS, Factor:ONE, State:OPEN]
2019-09-03 19:32:35,274 [grpc-default-executor-1] INFO  impl.RaftServerProxy (RaftServerProxy.java:addNew(89)) - be5f5855-7443-42e4-93e6-0a3a68fb3f3c: addNew group-2BB4FA63A403:[be5f5855-7443-42e4-93e6-0a3a68fb3f3c:192.168.36.111:36948, 4f57fb9f-f351-4aa3-a501-66abaf3d5f2e:192.168.36.111:41009, aa1c6330-48b2-473c-9dc7-818fa0dc1007:192.168.36.111:40818] returns group-2BB4FA63A403:java.util.concurrent.CompletableFuture@49f7da32[Not completed]
2019-09-03 19:32:35,276 [grpc-default-executor-2] INFO  impl.RaftServerProxy (RaftServerProxy.java:addNew(89)) - 4f57fb9f-f351-4aa3-a501-66abaf3d5f2e: addNew group-2BB4FA63A403:[be5f5855-7443-42e4-93e6-0a3a68fb3f3c:192.168.36.111:36948, 4f57fb9f-f351-4aa3-a501-66abaf3d5f2e:192.168.36.111:41009, aa1c6330-48b2-473c-9dc7-818fa0dc1007:192.168.36.111:40818] returns group-2BB4FA63A403:java.util.concurrent.CompletableFuture@4ee421b1[Not completed]
2019-09-03 19:32:35,276 [grpc-default-executor-0] INFO  impl.RaftServerProxy (RaftServerProxy.java:addNew(89)) - aa1c6330-48b2-473c-9dc7-818fa0dc1007: addNew group-2BB4FA63A403:[be5f5855-7443-42e4-93e6-0a3a68fb3f3c:192.168.36.111:36948, 4f57fb9f-f351-4aa3-a501-66abaf3d5f2e:192.168.36.111:41009, aa1c6330-48b2-473c-9dc7-818fa0dc1007:192.168.36.111:40818] returns group-2BB4FA63A403:java.util.concurrent.CompletableFuture@391ab7a5[Not completed]
2019-09-03 19:32:35,277 [pool-443-thread-1] INFO  impl.RaftServerImpl (RaftServerImpl.java:<init>(93)) - be5f5855-7443-42e4-93e6-0a3a68fb3f3c: new RaftServerImpl for group-2BB4FA63A403:[be5f5855-7443-42e4-93e6-0a3a68fb3f3c:192.168.36.111:36948, 4f57fb9f-f351-4aa3-a501-66abaf3d5f2e:192.168.36.111:41009, aa1c6330-48b2-473c-9dc7-818fa0dc1007:192.168.36.111:40818] with ContainerStateMachine:uninitialized
2019-09-03 19:32:35,277 [pool-443-thread-1] INFO  server.RaftServerConfigKeys (ConfUtils.java:logGet(43)) - raft.server.rpc.timeout.min = 5s (custom)
2019-09-03 19:32:35,277 [pool-443-thread-1] INFO  server.RaftServerConfigKeys (ConfUtils.java:logGet(43)) - raft.server.rpc.timeout.max = 5200ms (custom)
2019-09-03 19:32:35,277 [pool-443-thread-1] INFO  server.RaftServerConfigKeys (ConfUtils.java:logGet(43)) - raft.server.rpcslowness.timeout = 120s (custom)
2019-09-03 19:32:35,277 [pool-443-thread-1] INFO  server.RaftServerConfigKeys (ConfUtils.java:logGet(43)) - raft.server.sleep.deviation.threshold = 300 (default)
2019-09-03 19:32:35,278 [pool-443-thread-1] INFO  server.RaftServerConfigKeys (ConfUtils.java:logGet(43)) - raft.server.log.appender.install.snapshot.enabled = false (custom)
2019-09-03 19:32:35,278 [pool-443-thread-1] INFO  impl.RaftServerImpl (ServerState.java:<init>(105)) - be5f5855-7443-42e4-93e6-0a3a68fb3f3c:group-2BB4FA63A403 ConfigurationManager, init=-1: [be5f5855-7443-42e4-93e6-0a3a68fb3f3c:192.168.36.111:36948, 4f57fb9f-f351-4aa3-a501-66abaf3d5f2e:192.168.36.111:41009, aa1c6330-48b2-473c-9dc7-818fa0dc1007:192.168.36.111:40818], old=null, confs=<EMPTY_MAP>
2019-09-03 19:32:35,278 [pool-443-thread-1] INFO  server.RaftServerConfigKeys (ConfUtils.java:logGet(43)) - raft.server.storage.dir = [/workdir/hadoop-ozone/integration-test/target/test-dir/MiniOzoneClusterImpl-41176880-f664-46d8-b28c-56a7528e8d0a/datanode-6/data/ratis] (custom)
2019-09-03 19:32:35,278 [pool-443-thread-1] INFO  storage.RaftStorageDirectory (RaftStorageDirectory.java:analyzeStorage(246)) - The storage directory /workdir/hadoop-ozone/integration-test/target/test-dir/MiniOzoneClusterImpl-41176880-f664-46d8-b28c-56a7528e8d0a/datanode-6/data/ratis/2dc5d168-a910-42bd-bb38-2bb4fa63a403 does not exist. Creating ...
2019-09-03 19:32:35,278 [pool-433-thread-1] INFO  impl.RaftServerImpl (RaftServerImpl.java:<init>(93)) - 4f57fb9f-f351-4aa3-a501-66abaf3d5f2e: new RaftServerImpl for group-2BB4FA63A403:[be5f5855-7443-42e4-93e6-0a3a68fb3f3c:192.168.36.111:36948, 4f57fb9f-f351-4aa3-a501-66abaf3d5f2e:192.168.36.111:41009, aa1c6330-48b2-473c-9dc7-818fa0dc1007:192.168.36.111:40818] with ContainerStateMachine:uninitialized
2019-09-03 19:32:35,278 [pool-433-thread-1] INFO  server.RaftServerConfigKeys (ConfUtils.java:logGet(43)) - raft.server.rpc.timeout.min = 5s (custom)
2019-09-03 19:32:35,279 [pool-433-thread-1] INFO  server.RaftServerConfigKeys (ConfUtils.java:logGet(43)) - raft.server.rpc.timeout.max = 5200ms (custom)
2019-09-03 19:32:35,279 [pool-433-thread-1] INFO  server.RaftServerConfigKeys (ConfUtils.java:logGet(43)) - raft.server.rpcslowness.timeout = 120s (custom)
2019-09-03 19:32:35,279 [pool-433-thread-1] INFO  server.RaftServerConfigKeys (ConfUtils.java:logGet(43)) - raft.server.sleep.deviation.threshold = 300 (default)
2019-09-03 19:32:35,279 [pool-433-thread-1] INFO  server.RaftServerConfigKeys (ConfUtils.java:logGet(43)) - raft.server.log.appender.install.snapshot.enabled = false (custom)
2019-09-03 19:32:35,279 [pool-433-thread-1] INFO  impl.RaftServerImpl (ServerState.java:<init>(105)) - 4f57fb9f-f351-4aa3-a501-66abaf3d5f2e:group-2BB4FA63A403 ConfigurationManager, init=-1: [be5f5855-7443-42e4-93e6-0a3a68fb3f3c:192.168.36.111:36948, 4f57fb9f-f351-4aa3-a501-66abaf3d5f2e:192.168.36.111:41009, aa1c6330-48b2-473c-9dc7-818fa0dc1007:192.168.36.111:40818], old=null, confs=<EMPTY_MAP>
2019-09-03 19:32:35,279 [pool-433-thread-1] INFO  server.RaftServerConfigKeys (ConfUtils.java:logGet(43)) - raft.server.storage.dir = [/workdir/hadoop-ozone/integration-test/target/test-dir/MiniOzoneClusterImpl-41176880-f664-46d8-b28c-56a7528e8d0a/datanode-5/data/ratis] (custom)
2019-09-03 19:32:35,279 [pool-413-thread-1] INFO  impl.RaftServerImpl (RaftServerImpl.java:<init>(93)) - aa1c6330-48b2-473c-9dc7-818fa0dc1007: new RaftServerImpl for group-2BB4FA63A403:[be5f5855-7443-42e4-93e6-0a3a68fb3f3c:192.168.36.111:36948, 4f57fb9f-f351-4aa3-a501-66abaf3d5f2e:192.168.36.111:41009, aa1c6330-48b2-473c-9dc7-818fa0dc1007:192.168.36.111:40818] with ContainerStateMachine:uninitialized
2019-09-03 19:32:35,280 [pool-413-thread-1] INFO  server.RaftServerConfigKeys (ConfUtils.java:logGet(43)) - raft.server.rpc.timeout.min = 5s (custom)
2019-09-03 19:32:35,280 [pool-433-thread-1] INFO  storage.RaftStorageDirectory (RaftStorageDirectory.java:analyzeStorage(246)) - The storage directory /workdir/hadoop-ozone/integration-test/target/test-dir/MiniOzoneClusterImpl-41176880-f664-46d8-b28c-56a7528e8d0a/datanode-5/data/ratis/2dc5d168-a910-42bd-bb38-2bb4fa63a403 does not exist. Creating ...
2019-09-03 19:32:35,280 [pool-413-thread-1] INFO  server.RaftServerConfigKeys (ConfUtils.java:logGet(43)) - raft.server.rpc.timeout.max = 5200ms (custom)
2019-09-03 19:32:35,280 [pool-413-thread-1] INFO  server.RaftServerConfigKeys (ConfUtils.java:logGet(43)) - raft.server.rpcslowness.timeout = 120s (custom)
2019-09-03 19:32:35,280 [pool-413-thread-1] INFO  server.RaftServerConfigKeys (ConfUtils.java:logGet(43)) - raft.server.sleep.deviation.threshold = 300 (default)
2019-09-03 19:32:35,280 [pool-413-thread-1] INFO  server.RaftServerConfigKeys (ConfUtils.java:logGet(43)) - raft.server.log.appender.install.snapshot.enabled = false (custom)
2019-09-03 19:32:35,281 [pool-413-thread-1] INFO  impl.RaftServerImpl (ServerState.java:<init>(105)) - aa1c6330-48b2-473c-9dc7-818fa0dc1007:group-2BB4FA63A403 ConfigurationManager, init=-1: [be5f5855-7443-42e4-93e6-0a3a68fb3f3c:192.168.36.111:36948, 4f57fb9f-f351-4aa3-a501-66abaf3d5f2e:192.168.36.111:41009, aa1c6330-48b2-473c-9dc7-818fa0dc1007:192.168.36.111:40818], old=null, confs=<EMPTY_MAP>
2019-09-03 19:32:35,281 [pool-413-thread-1] INFO  server.RaftServerConfigKeys (ConfUtils.java:logGet(43)) - raft.server.storage.dir = [/workdir/hadoop-ozone/integration-test/target/test-dir/MiniOzoneClusterImpl-41176880-f664-46d8-b28c-56a7528e8d0a/datanode-3/data/ratis] (custom)
2019-09-03 19:32:35,281 [pool-413-thread-1] INFO  storage.RaftStorageDirectory (RaftStorageDirectory.java:analyzeStorage(246)) - The storage directory /workdir/hadoop-ozone/integration-test/target/test-dir/MiniOzoneClusterImpl-41176880-f664-46d8-b28c-56a7528e8d0a/datanode-3/data/ratis/2dc5d168-a910-42bd-bb38-2bb4fa63a403 does not exist. Creating ...
2019-09-03 19:32:35,291 [pool-433-thread-1] INFO  storage.RaftStorageDirectory (RaftStorageDirectory.java:tryLock(328)) - Lock on /workdir/hadoop-ozone/integration-test/target/test-dir/MiniOzoneClusterImpl-41176880-f664-46d8-b28c-56a7528e8d0a/datanode-5/data/ratis/2dc5d168-a910-42bd-bb38-2bb4fa63a403/in_use.lock acquired by nodename 3821@pr-hdds-1200-xgh2h-450883189
2019-09-03 19:32:35,291 [pool-413-thread-1] INFO  storage.RaftStorageDirectory (RaftStorageDirectory.java:tryLock(328)) - Lock on /workdir/hadoop-ozone/integration-test/target/test-dir/MiniOzoneClusterImpl-41176880-f664-46d8-b28c-56a7528e8d0a/datanode-3/data/ratis/2dc5d168-a910-42bd-bb38-2bb4fa63a403/in_use.lock acquired by nodename 3821@pr-hdds-1200-xgh2h-450883189
2019-09-03 19:32:35,292 [pool-443-thread-1] INFO  storage.RaftStorageDirectory (RaftStorageDirectory.java:tryLock(328)) - Lock on /workdir/hadoop-ozone/integration-test/target/test-dir/MiniOzoneClusterImpl-41176880-f664-46d8-b28c-56a7528e8d0a/datanode-6/data/ratis/2dc5d168-a910-42bd-bb38-2bb4fa63a403/in_use.lock acquired by nodename 3821@pr-hdds-1200-xgh2h-450883189
2019-09-03 19:32:35,313 [pool-433-thread-1] INFO  storage.RaftStorage (RaftStorage.java:format(72)) - Storage directory /workdir/hadoop-ozone/integration-test/target/test-dir/MiniOzoneClusterImpl-41176880-f664-46d8-b28c-56a7528e8d0a/datanode-5/data/ratis/2dc5d168-a910-42bd-bb38-2bb4fa63a403 has been successfully formatted.
2019-09-03 19:32:35,313 [pool-443-thread-1] INFO  storage.RaftStorage (RaftStorage.java:format(72)) - Storage directory /workdir/hadoop-ozone/integration-test/target/test-dir/MiniOzoneClusterImpl-41176880-f664-46d8-b28c-56a7528e8d0a/datanode-6/data/ratis/2dc5d168-a910-42bd-bb38-2bb4fa63a403 has been successfully formatted.
2019-09-03 19:32:35,313 [pool-413-thread-1] INFO  storage.RaftStorage (RaftStorage.java:format(72)) - Storage directory /workdir/hadoop-ozone/integration-test/target/test-dir/MiniOzoneClusterImpl-41176880-f664-46d8-b28c-56a7528e8d0a/datanode-3/data/ratis/2dc5d168-a910-42bd-bb38-2bb4fa63a403 has been successfully formatted.
2019-09-03 19:32:35,314 [pool-443-thread-1] INFO  ratis.ContainerStateMachine (ContainerStateMachine.java:loadSnapshot(227)) - group-2BB4FA63A403: The snapshot info is null. Setting the last applied indexto:(t:0, i:~)
2019-09-03 19:32:35,314 [pool-433-thread-1] INFO  ratis.ContainerStateMachine (ContainerStateMachine.java:loadSnapshot(227)) - group-2BB4FA63A403: The snapshot info is null. Setting the last applied indexto:(t:0, i:~)
2019-09-03 19:32:35,314 [pool-443-thread-1] INFO  server.RaftServerConfigKeys (ConfUtils.java:logGet(43)) - raft.server.leader.election.timeout = 120s (custom)
2019-09-03 19:32:35,314 [pool-413-thread-1] INFO  ratis.ContainerStateMachine (ContainerStateMachine.java:loadSnapshot(227)) - group-2BB4FA63A403: The snapshot info is null. Setting the last applied indexto:(t:0, i:~)
2019-09-03 19:32:35,314 [pool-443-thread-1] INFO  server.RaftServerConfigKeys (ConfUtils.java:logGet(43)) - raft.server.log.use.memory = false (default)
2019-09-03 19:32:35,314 [pool-433-thread-1] INFO  server.RaftServerConfigKeys (ConfUtils.java:logGet(43)) - raft.server.leader.election.timeout = 120s (custom)
2019-09-03 19:32:35,315 [pool-443-thread-1] INFO  server.RaftServerConfigKeys (ConfUtils.java:logGet(43)) - raft.server.log.purge.gap = 1000000 (custom)
2019-09-03 19:32:35,315 [pool-413-thread-1] INFO  server.RaftServerConfigKeys (ConfUtils.java:logGet(43)) - raft.server.leader.election.timeout = 120s (custom)
2019-09-03 19:32:35,315 [pool-443-thread-1] INFO  server.RaftServerConfigKeys (ConfUtils.java:logGet(43)) - raft.server.log.appender.buffer.byte-limit = 33554432 (custom)
2019-09-03 19:32:35,315 [pool-433-thread-1] INFO  server.RaftServerConfigKeys (ConfUtils.java:logGet(43)) - raft.server.log.use.memory = false (default)
2019-09-03 19:32:35,315 [pool-443-thread-1] INFO  server.RaftServerConfigKeys (ConfUtils.java:logGet(43)) - raft.server.log.segment.size.max = 1048576 (custom)
2019-09-03 19:32:35,315 [pool-413-thread-1] INFO  server.RaftServerConfigKeys (ConfUtils.java:logGet(43)) - raft.server.log.use.memory = false (default)
2019-09-03 19:32:35,316 [pool-443-thread-1] INFO  server.RaftServerConfigKeys (ConfUtils.java:logGet(43)) - raft.server.log.segment.cache.num.max = 2 (custom)
2019-09-03 19:32:35,316 [pool-433-thread-1] INFO  server.RaftServerConfigKeys (ConfUtils.java:logGet(43)) - raft.server.log.purge.gap = 1000000 (custom)
2019-09-03 19:32:35,316 [pool-443-thread-1] INFO  segmented.SegmentedRaftLogWorker (SegmentedRaftLogWorker.java:<init>(172)) - new be5f5855-7443-42e4-93e6-0a3a68fb3f3c-SegmentedRaftLogWorker:Storage Directory /workdir/hadoop-ozone/integration-test/target/test-dir/MiniOzoneClusterImpl-41176880-f664-46d8-b28c-56a7528e8d0a/datanode-6/data/ratis/2dc5d168-a910-42bd-bb38-2bb4fa63a403 for RaftStorage:Storage Directory /workdir/hadoop-ozone/integration-test/target/test-dir/MiniOzoneClusterImpl-41176880-f664-46d8-b28c-56a7528e8d0a/datanode-6/data/ratis/2dc5d168-a910-42bd-bb38-2bb4fa63a403
2019-09-03 19:32:35,316 [pool-413-thread-1] INFO  server.RaftServerConfigKeys (ConfUtils.java:logGet(43)) - raft.server.log.purge.gap = 1000000 (custom)
2019-09-03 19:32:35,316 [pool-443-thread-1] INFO  server.RaftServerConfigKeys (ConfUtils.java:logGet(43)) - raft.server.log.queue.byte-limit = 2147483647 (custom)
2019-09-03 19:32:35,316 [pool-433-thread-1] INFO  server.RaftServerConfigKeys (ConfUtils.java:logGet(43)) - raft.server.log.appender.buffer.byte-limit = 33554432 (custom)
2019-09-03 19:32:35,317 [pool-443-thread-1] INFO  server.RaftServerConfigKeys (ConfUtils.java:logGet(43)) - raft.server.log.queue.element-limit = 1024 (custom)
2019-09-03 19:32:35,317 [pool-413-thread-1] INFO  server.RaftServerConfigKeys (ConfUtils.java:logGet(43)) - raft.server.log.appender.buffer.byte-limit = 33554432 (custom)
2019-09-03 19:32:35,317 [pool-443-thread-1] INFO  server.RaftServerConfigKeys (ConfUtils.java:logGet(43)) - raft.server.log.segment.size.max = 1048576 (custom)
2019-09-03 19:32:35,317 [pool-433-thread-1] INFO  server.RaftServerConfigKeys (ConfUtils.java:logGet(43)) - raft.server.log.segment.size.max = 1048576 (custom)
2019-09-03 19:32:35,317 [pool-443-thread-1] INFO  server.RaftServerConfigKeys (ConfUtils.java:logGet(43)) - raft.server.log.preallocated.size = 16384 (custom)
2019-09-03 19:32:35,317 [pool-413-thread-1] INFO  server.RaftServerConfigKeys (ConfUtils.java:logGet(43)) - raft.server.log.segment.size.max = 1048576 (custom)
2019-09-03 19:32:35,318 [pool-443-thread-1] INFO  server.RaftServerConfigKeys (ConfUtils.java:logGet(43)) - raft.server.log.write.buffer.size = 33554432 (custom)
2019-09-03 19:32:35,318 [pool-433-thread-1] INFO  server.RaftServerConfigKeys (ConfUtils.java:logGet(43)) - raft.server.log.segment.cache.num.max = 2 (custom)
2019-09-03 19:32:35,318 [pool-443-thread-1] INFO  server.RaftServerConfigKeys (ConfUtils.java:logGet(43)) - raft.server.log.force.sync.num = 128 (default)
2019-09-03 19:32:35,318 [pool-413-thread-1] INFO  server.RaftServerConfigKeys (ConfUtils.java:logGet(43)) - raft.server.log.segment.cache.num.max = 2 (custom)
2019-09-03 19:32:35,319 [pool-443-thread-1] INFO  server.RaftServerConfigKeys (ConfUtils.java:logGet(43)) - raft.server.log.statemachine.data.sync = true (default)
2019-09-03 19:32:35,318 [pool-433-thread-1] INFO  segmented.SegmentedRaftLogWorker (SegmentedRaftLogWorker.java:<init>(172)) - new 4f57fb9f-f351-4aa3-a501-66abaf3d5f2e-SegmentedRaftLogWorker:Storage Directory /workdir/hadoop-ozone/integration-test/target/test-dir/MiniOzoneClusterImpl-41176880-f664-46d8-b28c-56a7528e8d0a/datanode-5/data/ratis/2dc5d168-a910-42bd-bb38-2bb4fa63a403 for RaftStorage:Storage Directory /workdir/hadoop-ozone/integration-test/target/test-dir/MiniOzoneClusterImpl-41176880-f664-46d8-b28c-56a7528e8d0a/datanode-5/data/ratis/2dc5d168-a910-42bd-bb38-2bb4fa63a403
2019-09-03 19:32:35,319 [pool-443-thread-1] INFO  server.RaftServerConfigKeys (ConfUtils.java:logGet(43)) - raft.server.log.statemachine.data.sync.timeout = 10s (default)
2019-09-03 19:32:35,319 [pool-413-thread-1] INFO  segmented.SegmentedRaftLogWorker (SegmentedRaftLogWorker.java:<init>(172)) - new aa1c6330-48b2-473c-9dc7-818fa0dc1007-SegmentedRaftLogWorker:Storage Directory /workdir/hadoop-ozone/integration-test/target/test-dir/MiniOzoneClusterImpl-41176880-f664-46d8-b28c-56a7528e8d0a/datanode-3/data/ratis/2dc5d168-a910-42bd-bb38-2bb4fa63a403 for RaftStorage:Storage Directory /workdir/hadoop-ozone/integration-test/target/test-dir/MiniOzoneClusterImpl-41176880-f664-46d8-b28c-56a7528e8d0a/datanode-3/data/ratis/2dc5d168-a910-42bd-bb38-2bb4fa63a403
2019-09-03 19:32:35,319 [pool-443-thread-1] INFO  server.RaftServerConfigKeys (ConfUtils.java:logGet(43)) - raft.server.log.statemachine.data.sync.timeout.retry = -1 (default)
2019-09-03 19:32:35,319 [pool-433-thread-1] INFO  server.RaftServerConfigKeys (ConfUtils.java:logGet(43)) - raft.server.log.queue.byte-limit = 2147483647 (custom)
2019-09-03 19:32:35,320 [pool-443-thread-1] INFO  server.RaftServerConfigKeys (ConfUtils.java:logGet(43)) - raft.server.log.statemachine.data.caching.enabled = true (custom)
2019-09-03 19:32:35,319 [pool-413-thread-1] INFO  server.RaftServerConfigKeys (ConfUtils.java:logGet(43)) - raft.server.log.queue.byte-limit = 2147483647 (custom)
2019-09-03 19:32:35,320 [pool-433-thread-1] INFO  server.RaftServerConfigKeys (ConfUtils.java:logGet(43)) - raft.server.log.queue.element-limit = 1024 (custom)
2019-09-03 19:32:35,320 [pool-443-thread-1] INFO  segmented.SegmentedRaftLogWorker (SegmentedRaftLogWorker.java:lambda$new$0(132)) - be5f5855-7443-42e4-93e6-0a3a68fb3f3c-SegmentedRaftLogWorker:Storage Directory /workdir/hadoop-ozone/integration-test/target/test-dir/MiniOzoneClusterImpl-41176880-f664-46d8-b28c-56a7528e8d0a/datanode-6/data/ratis/2dc5d168-a910-42bd-bb38-2bb4fa63a403: flushIndex: setUnconditionally 0 -> -1
2019-09-03 19:32:35,320 [pool-413-thread-1] INFO  server.RaftServerConfigKeys (ConfUtils.java:logGet(43)) - raft.server.log.queue.element-limit = 1024 (custom)
2019-09-03 19:32:35,321 [pool-443-thread-1] INFO  server.RaftServerConfigKeys (ConfUtils.java:logGet(43)) - raft.server.snapshot.auto.trigger.enabled = true (custom)
2019-09-03 19:32:35,320 [pool-433-thread-1] INFO  server.RaftServerConfigKeys (ConfUtils.java:logGet(43)) - raft.server.log.segment.size.max = 1048576 (custom)
2019-09-03 19:32:35,321 [pool-443-thread-1] INFO  server.RaftServerConfigKeys (ConfUtils.java:logGet(43)) - raft.server.snapshot.auto.trigger.threshold = 10000 (custom)
2019-09-03 19:32:35,321 [pool-413-thread-1] INFO  server.RaftServerConfigKeys (ConfUtils.java:logGet(43)) - raft.server.log.segment.size.max = 1048576 (custom)
2019-09-03 19:32:35,321 [pool-443-thread-1] INFO  server.RaftServerConfigKeys (ConfUtils.java:logGet(43)) - raft.server.retrycache.expirytime = 600000ms (custom)
2019-09-03 19:32:35,321 [pool-433-thread-1] INFO  server.RaftServerConfigKeys (ConfUtils.java:logGet(43)) - raft.server.log.preallocated.size = 16384 (custom)
2019-09-03 19:32:35,322 [pool-443-thread-1] INFO  impl.RaftServerImpl (RaftServerImpl.java:start(180)) - be5f5855-7443-42e4-93e6-0a3a68fb3f3c: start group-2BB4FA63A403
2019-09-03 19:32:35,322 [pool-443-thread-1] INFO  impl.RaftServerImpl (RaftServerImpl.java:setRole(171)) - be5f5855-7443-42e4-93e6-0a3a68fb3f3c:group-2BB4FA63A403 changes role from null to FOLLOWER at term 0 for startAsFollower
2019-09-03 19:32:35,322 [pool-413-thread-1] INFO  server.RaftServerConfigKeys (ConfUtils.java:logGet(43)) - raft.server.log.preallocated.size = 16384 (custom)
2019-09-03 19:32:35,322 [pool-443-thread-1] INFO  impl.RoleInfo (RoleInfo.java:updateAndGet(143)) - be5f5855-7443-42e4-93e6-0a3a68fb3f3c: start FollowerState
2019-09-03 19:32:35,322 [pool-433-thread-1] INFO  server.RaftServerConfigKeys (ConfUtils.java:logGet(43)) - raft.server.log.write.buffer.size = 33554432 (custom)
2019-09-03 19:32:35,322 [pool-413-thread-1] INFO  server.RaftServerConfigKeys (ConfUtils.java:logGet(43)) - raft.server.log.write.buffer.size = 33554432 (custom)
2019-09-03 19:32:35,323 [pool-433-thread-1] INFO  server.RaftServerConfigKeys (ConfUtils.java:logGet(43)) - raft.server.log.force.sync.num = 128 (default)
2019-09-03 19:32:35,323 [pool-443-thread-1] INFO  util.JmxRegister (JmxRegister.java:tryRegister(44)) - Successfully registered JMX Bean with object name Ratis:service=RaftServer,group=group-2BB4FA63A403,id=be5f5855-7443-42e4-93e6-0a3a68fb3f3c
2019-09-03 19:32:35,323 [pool-413-thread-1] INFO  server.RaftServerConfigKeys (ConfUtils.java:logGet(43)) - raft.server.log.force.sync.num = 128 (default)
2019-09-03 19:32:35,323 [pool-433-thread-1] INFO  server.RaftServerConfigKeys (ConfUtils.java:logGet(43)) - raft.server.log.statemachine.data.sync = true (default)
2019-09-03 19:32:35,323 [pool-413-thread-1] INFO  server.RaftServerConfigKeys (ConfUtils.java:logGet(43)) - raft.server.log.statemachine.data.sync = true (default)
2019-09-03 19:32:35,323 [pool-433-thread-1] INFO  server.RaftServerConfigKeys (ConfUtils.java:logGet(43)) - raft.server.log.statemachine.data.sync.timeout = 10s (default)
2019-09-03 19:32:35,324 [pool-413-thread-1] INFO  server.RaftServerConfigKeys (ConfUtils.java:logGet(43)) - raft.server.log.statemachine.data.sync.timeout = 10s (default)
2019-09-03 19:32:35,324 [pool-433-thread-1] INFO  server.RaftServerConfigKeys (ConfUtils.java:logGet(43)) - raft.server.log.statemachine.data.sync.timeout.retry = -1 (default)
2019-09-03 19:32:35,324 [pool-413-thread-1] INFO  server.RaftServerConfigKeys (ConfUtils.java:logGet(43)) - raft.server.log.statemachine.data.sync.timeout.retry = -1 (default)
2019-09-03 19:32:35,490 [pool-413-thread-1] INFO  server.RaftServerConfigKeys (ConfUtils.java:logGet(43)) - raft.server.log.statemachine.data.caching.enabled = true (custom)
2019-09-03 19:32:35,490 [pool-433-thread-1] INFO  server.RaftServerConfigKeys (ConfUtils.java:logGet(43)) - raft.server.log.statemachine.data.caching.enabled = true (custom)
2019-09-03 19:32:35,491 [pool-413-thread-1] INFO  segmented.SegmentedRaftLogWorker (SegmentedRaftLogWorker.java:lambda$new$0(132)) - aa1c6330-48b2-473c-9dc7-818fa0dc1007-SegmentedRaftLogWorker:Storage Directory /workdir/hadoop-ozone/integration-test/target/test-dir/MiniOzoneClusterImpl-41176880-f664-46d8-b28c-56a7528e8d0a/datanode-3/data/ratis/2dc5d168-a910-42bd-bb38-2bb4fa63a403: flushIndex: setUnconditionally 0 -> -1
2019-09-03 19:32:35,491 [pool-433-thread-1] INFO  segmented.SegmentedRaftLogWorker (SegmentedRaftLogWorker.java:lambda$new$0(132)) - 4f57fb9f-f351-4aa3-a501-66abaf3d5f2e-SegmentedRaftLogWorker:Storage Directory /workdir/hadoop-ozone/integration-test/target/test-dir/MiniOzoneClusterImpl-41176880-f664-46d8-b28c-56a7528e8d0a/datanode-5/data/ratis/2dc5d168-a910-42bd-bb38-2bb4fa63a403: flushIndex: setUnconditionally 0 -> -1
2019-09-03 19:32:35,492 [pool-413-thread-1] INFO  server.RaftServerConfigKeys (ConfUtils.java:logGet(43)) - raft.server.snapshot.auto.trigger.enabled = true (custom)
2019-09-03 19:32:35,492 [pool-433-thread-1] INFO  server.RaftServerConfigKeys (ConfUtils.java:logGet(43)) - raft.server.snapshot.auto.trigger.enabled = true (custom)
2019-09-03 19:32:35,492 [pool-413-thread-1] INFO  server.RaftServerConfigKeys (ConfUtils.java:logGet(43)) - raft.server.snapshot.auto.trigger.threshold = 10000 (custom)
2019-09-03 19:32:35,492 [pool-433-thread-1] INFO  server.RaftServerConfigKeys (ConfUtils.java:logGet(43)) - raft.server.snapshot.auto.trigger.threshold = 10000 (custom)
2019-09-03 19:32:35,492 [pool-413-thread-1] INFO  server.RaftServerConfigKeys (ConfUtils.java:logGet(43)) - raft.server.retrycache.expirytime = 600000ms (custom)
2019-09-03 19:32:35,492 [pool-433-thread-1] INFO  server.RaftServerConfigKeys (ConfUtils.java:logGet(43)) - raft.server.retrycache.expirytime = 600000ms (custom)
2019-09-03 19:32:35,493 [pool-413-thread-1] INFO  impl.RaftServerImpl (RaftServerImpl.java:start(180)) - aa1c6330-48b2-473c-9dc7-818fa0dc1007: start group-2BB4FA63A403
2019-09-03 19:32:35,493 [pool-433-thread-1] INFO  impl.RaftServerImpl (RaftServerImpl.java:start(180)) - 4f57fb9f-f351-4aa3-a501-66abaf3d5f2e: start group-2BB4FA63A403
2019-09-03 19:32:35,493 [pool-413-thread-1] INFO  impl.RaftServerImpl (RaftServerImpl.java:setRole(171)) - aa1c6330-48b2-473c-9dc7-818fa0dc1007:group-2BB4FA63A403 changes role from null to FOLLOWER at term 0 for startAsFollower
2019-09-03 19:32:35,493 [pool-433-thread-1] INFO  impl.RaftServerImpl (RaftServerImpl.java:setRole(171)) - 4f57fb9f-f351-4aa3-a501-66abaf3d5f2e:group-2BB4FA63A403 changes role from null to FOLLOWER at term 0 for startAsFollower
2019-09-03 19:32:35,493 [pool-413-thread-1] INFO  impl.RoleInfo (RoleInfo.java:updateAndGet(143)) - aa1c6330-48b2-473c-9dc7-818fa0dc1007: start FollowerState
2019-09-03 19:32:35,493 [pool-433-thread-1] INFO  impl.RoleInfo (RoleInfo.java:updateAndGet(143)) - 4f57fb9f-f351-4aa3-a501-66abaf3d5f2e: start FollowerState
2019-09-03 19:32:35,494 [pool-413-thread-1] INFO  util.JmxRegister (JmxRegister.java:tryRegister(44)) - Successfully registered JMX Bean with object name Ratis:service=RaftServer,group=group-2BB4FA63A403,id=aa1c6330-48b2-473c-9dc7-818fa0dc1007
2019-09-03 19:32:35,494 [pool-433-thread-1] INFO  util.JmxRegister (JmxRegister.java:tryRegister(44)) - Successfully registered JMX Bean with object name Ratis:service=RaftServer,group=group-2BB4FA63A403,id=4f57fb9f-f351-4aa3-a501-66abaf3d5f2e
2019-09-03 19:32:35,498 [RatisPipelineUtilsThread] INFO  pipeline.PipelineStateManager (PipelineStateManager.java:addPipeline(56)) - Created pipeline Pipeline[ Id: 2dc5d168-a910-42bd-bb38-2bb4fa63a403, Nodes: aa1c6330-48b2-473c-9dc7-818fa0dc1007{ip: 192.168.36.111, host: pr-hdds-1200-xgh2h-450883189, networkLocation: /default-rack, certSerialId: null}4f57fb9f-f351-4aa3-a501-66abaf3d5f2e{ip: 192.168.36.111, host: pr-hdds-1200-xgh2h-450883189, networkLocation: /default-rack, certSerialId: null}be5f5855-7443-42e4-93e6-0a3a68fb3f3c{ip: 192.168.36.111, host: pr-hdds-1200-xgh2h-450883189, networkLocation: /default-rack, certSerialId: null}, Type:RATIS, Factor:THREE, State:OPEN]
2019-09-03 19:32:35,518 [grpc-default-executor-0] INFO  client.GrpcClientProtocolClient (GrpcClientProtocolClient.java:onNext(255)) - client-4CABE020C7D8->f650faf9-d54a-4b2d-8e46-47465280ce6b: receive RaftClientReply:client-4CABE020C7D8->f650faf9-d54a-4b2d-8e46-47465280ce6b@group-AD4D0EF0791D, cid=103, FAILED org.apache.ratis.protocol.NotLeaderException: Server f650faf9-d54a-4b2d-8e46-47465280ce6b is not the leader (null). Request must be sent to leader., logIndex=0, commits[f650faf9-d54a-4b2d-8e46-47465280ce6b:c-1]
2019-09-03 19:32:36,540 [grpc-default-executor-0] INFO  client.GrpcClientProtocolClient (GrpcClientProtocolClient.java:onNext(255)) - client-4CABE020C7D8->7052ffe1-6ab1-4155-97b2-3918c28e345e: receive RaftClientReply:client-4CABE020C7D8->7052ffe1-6ab1-4155-97b2-3918c28e345e@group-AD4D0EF0791D, cid=103, FAILED org.apache.ratis.protocol.NotLeaderException: Server 7052ffe1-6ab1-4155-97b2-3918c28e345e is not the leader (null). Request must be sent to leader., logIndex=0, commits[7052ffe1-6ab1-4155-97b2-3918c28e345e:c-1]
2019-09-03 19:32:37,551 [grpc-default-executor-0] INFO  client.GrpcClientProtocolClient (GrpcClientProtocolClient.java:onNext(255)) - client-4CABE020C7D8->f650faf9-d54a-4b2d-8e46-47465280ce6b: receive RaftClientReply:client-4CABE020C7D8->f650faf9-d54a-4b2d-8e46-47465280ce6b@group-AD4D0EF0791D, cid=103, FAILED org.apache.ratis.protocol.NotLeaderException: Server f650faf9-d54a-4b2d-8e46-47465280ce6b is not the leader (null). Request must be sent to leader., logIndex=0, commits[f650faf9-d54a-4b2d-8e46-47465280ce6b:c-1]
2019-09-03 19:32:37,736 [Thread-2571] INFO  container.ReplicationManager (ReplicationManager.java:start(162)) - Starting Replication Monitor Thread.
2019-09-03 19:32:37,740 [ReplicationMonitor] INFO  container.ReplicationManager (ReplicationManager.java:run(225)) - Replication Monitor Thread took 0 milliseconds for processing 1 containers.
2019-09-03 19:32:38,559 [grpc-default-executor-2] INFO  client.GrpcClientProtocolClient (GrpcClientProtocolClient.java:onNext(255)) - client-4CABE020C7D8->7052ffe1-6ab1-4155-97b2-3918c28e345e: receive RaftClientReply:client-4CABE020C7D8->7052ffe1-6ab1-4155-97b2-3918c28e345e@group-AD4D0EF0791D, cid=103, FAILED org.apache.ratis.protocol.NotLeaderException: Server 7052ffe1-6ab1-4155-97b2-3918c28e345e is not the leader (null). Request must be sent to leader., logIndex=0, commits[7052ffe1-6ab1-4155-97b2-3918c28e345e:c-1]
2019-09-03 19:32:39,572 [grpc-default-executor-2] INFO  client.GrpcClientProtocolClient (GrpcClientProtocolClient.java:onNext(255)) - client-4CABE020C7D8->f650faf9-d54a-4b2d-8e46-47465280ce6b: receive RaftClientReply:client-4CABE020C7D8->f650faf9-d54a-4b2d-8e46-47465280ce6b@group-AD4D0EF0791D, cid=103, FAILED org.apache.ratis.protocol.NotLeaderException: Server f650faf9-d54a-4b2d-8e46-47465280ce6b is not the leader (null). Request must be sent to leader., logIndex=0, commits[f650faf9-d54a-4b2d-8e46-47465280ce6b:c-1]
2019-09-03 19:32:39,868 [Thread-2573] INFO  impl.FollowerState (FollowerState.java:run(106)) - f650faf9-d54a-4b2d-8e46-47465280ce6b:group-08A015FFFF4B changes to CANDIDATE, lastRpcTime:5085, electionTimeout:5085ms
2019-09-03 19:32:39,869 [Thread-2573] INFO  impl.RoleInfo (RoleInfo.java:shutdownFollowerState(121)) - f650faf9-d54a-4b2d-8e46-47465280ce6b: shutdown FollowerState
2019-09-03 19:32:39,869 [Thread-2573] INFO  impl.RaftServerImpl (RaftServerImpl.java:setRole(171)) - f650faf9-d54a-4b2d-8e46-47465280ce6b:group-08A015FFFF4B changes role from FOLLOWER to CANDIDATE at term 0 for changeToCandidate
2019-09-03 19:32:39,869 [Thread-2573] INFO  impl.RoleInfo (RoleInfo.java:updateAndGet(143)) - f650faf9-d54a-4b2d-8e46-47465280ce6b: start LeaderElection
2019-09-03 19:32:39,891 [f650faf9-d54a-4b2d-8e46-47465280ce6b:group-08A015FFFF4B:LeaderElection99] INFO  impl.LeaderElection (LeaderElection.java:askForVotes(181)) - f650faf9-d54a-4b2d-8e46-47465280ce6b:group-08A015FFFF4B:LeaderElection99: begin an election at term 1 for -1: [f650faf9-d54a-4b2d-8e46-47465280ce6b:192.168.36.111:35529], old=null
2019-09-03 19:32:39,892 [f650faf9-d54a-4b2d-8e46-47465280ce6b:group-08A015FFFF4B:LeaderElection99] INFO  impl.RoleInfo (RoleInfo.java:shutdownLeaderElection(134)) - f650faf9-d54a-4b2d-8e46-47465280ce6b: shutdown LeaderElection
2019-09-03 19:32:39,892 [f650faf9-d54a-4b2d-8e46-47465280ce6b:group-08A015FFFF4B:LeaderElection99] INFO  impl.RaftServerImpl (RaftServerImpl.java:setRole(171)) - f650faf9-d54a-4b2d-8e46-47465280ce6b:group-08A015FFFF4B changes role from CANDIDATE to LEADER at term 1 for changeToLeader
2019-09-03 19:32:39,892 [f650faf9-d54a-4b2d-8e46-47465280ce6b:group-08A015FFFF4B:LeaderElection99] INFO  impl.RaftServerImpl (ServerState.java:setLeader(263)) - f650faf9-d54a-4b2d-8e46-47465280ce6b:group-08A015FFFF4B change Leader from null to f650faf9-d54a-4b2d-8e46-47465280ce6b at term 1 for becomeLeader, leader elected after 5113ms
2019-09-03 19:32:39,892 [f650faf9-d54a-4b2d-8e46-47465280ce6b:group-08A015FFFF4B:LeaderElection99] INFO  server.RaftServerConfigKeys (ConfUtils.java:logGet(43)) - raft.server.staging.catchup.gap = 1000 (default)
2019-09-03 19:32:39,892 [f650faf9-d54a-4b2d-8e46-47465280ce6b:group-08A015FFFF4B:LeaderElection99] INFO  server.RaftServerConfigKeys (ConfUtils.java:logGet(43)) - raft.server.rpc.sleep.time = 25ms (default)
2019-09-03 19:32:39,892 [f650faf9-d54a-4b2d-8e46-47465280ce6b:group-08A015FFFF4B:LeaderElection99] INFO  server.RaftServerConfigKeys (ConfUtils.java:logGet(43)) - raft.server.write.element-limit = 4096 (default)
2019-09-03 19:32:39,893 [f650faf9-d54a-4b2d-8e46-47465280ce6b:group-08A015FFFF4B:LeaderElection99] INFO  server.RaftServerConfigKeys (ConfUtils.java:logGet(43)) - raft.server.watch.timeout = 10s (default)
2019-09-03 19:32:39,893 [f650faf9-d54a-4b2d-8e46-47465280ce6b:group-08A015FFFF4B:LeaderElection99] INFO  server.RaftServerConfigKeys (ConfUtils.java:logGet(43)) - raft.server.watch.timeout.denomination = 1s (default)
2019-09-03 19:32:39,893 [f650faf9-d54a-4b2d-8e46-47465280ce6b:group-08A015FFFF4B:LeaderElection99] INFO  server.RaftServerConfigKeys (ConfUtils.java:logGet(43)) - raft.server.watch.element-limit = 65536 (default)
2019-09-03 19:32:39,893 [f650faf9-d54a-4b2d-8e46-47465280ce6b:group-08A015FFFF4B:LeaderElection99] INFO  impl.RoleInfo (RoleInfo.java:updateAndGet(143)) - f650faf9-d54a-4b2d-8e46-47465280ce6b: start LeaderState
2019-09-03 19:32:39,893 [f650faf9-d54a-4b2d-8e46-47465280ce6b:group-08A015FFFF4B:LeaderElection99] INFO  segmented.SegmentedRaftLogWorker (SegmentedRaftLogWorker.java:startLogSegment(380)) - f650faf9-d54a-4b2d-8e46-47465280ce6b-SegmentedRaftLogWorker:Storage Directory /workdir/hadoop-ozone/integration-test/target/test-dir/MiniOzoneClusterImpl-41176880-f664-46d8-b28c-56a7528e8d0a/datanode-0/data/ratis/d473df3d-c338-400a-8622-08a015ffff4b: Starting segment from index:0
2019-09-03 19:32:39,894 [f650faf9-d54a-4b2d-8e46-47465280ce6b:group-08A015FFFF4B:LeaderElection99] INFO  impl.RaftServerImpl (ServerState.java:setRaftConf(361)) - f650faf9-d54a-4b2d-8e46-47465280ce6b:group-08A015FFFF4B set configuration 0: [f650faf9-d54a-4b2d-8e46-47465280ce6b:192.168.36.111:35529], old=null at 0
2019-09-03 19:32:39,941 [f650faf9-d54a-4b2d-8e46-47465280ce6b-SegmentedRaftLogWorker:Storage Directory /workdir/hadoop-ozone/integration-test/target/test-dir/MiniOzoneClusterImpl-41176880-f664-46d8-b28c-56a7528e8d0a/datanode-0/data/ratis/d473df3d-c338-400a-8622-08a015ffff4b] INFO  segmented.SegmentedRaftLogWorker (SegmentedRaftLogWorker.java:execute(569)) - f650faf9-d54a-4b2d-8e46-47465280ce6b-SegmentedRaftLogWorker:Storage Directory /workdir/hadoop-ozone/integration-test/target/test-dir/MiniOzoneClusterImpl-41176880-f664-46d8-b28c-56a7528e8d0a/datanode-0/data/ratis/d473df3d-c338-400a-8622-08a015ffff4b: created new log segment /workdir/hadoop-ozone/integration-test/target/test-dir/MiniOzoneClusterImpl-41176880-f664-46d8-b28c-56a7528e8d0a/datanode-0/data/ratis/d473df3d-c338-400a-8622-08a015ffff4b/current/log_inprogress_0
2019-09-03 19:32:39,969 [Thread-2576] INFO  impl.FollowerState (FollowerState.java:run(106)) - 11ad8d8e-6f5f-4180-b963-3849b37d37dc:group-F3628E76CE99 changes to CANDIDATE, lastRpcTime:5122, electionTimeout:5122ms
2019-09-03 19:32:39,969 [Thread-2576] INFO  impl.RoleInfo (RoleInfo.java:shutdownFollowerState(121)) - 11ad8d8e-6f5f-4180-b963-3849b37d37dc: shutdown FollowerState
2019-09-03 19:32:39,969 [Thread-2576] INFO  impl.RaftServerImpl (RaftServerImpl.java:setRole(171)) - 11ad8d8e-6f5f-4180-b963-3849b37d37dc:group-F3628E76CE99 changes role from FOLLOWER to CANDIDATE at term 0 for changeToCandidate
2019-09-03 19:32:39,969 [Thread-2576] INFO  impl.RoleInfo (RoleInfo.java:updateAndGet(143)) - 11ad8d8e-6f5f-4180-b963-3849b37d37dc: start LeaderElection
2019-09-03 19:32:39,996 [Thread-2579] INFO  impl.FollowerState (FollowerState.java:run(106)) - 7052ffe1-6ab1-4155-97b2-3918c28e345e:group-D308B6313CFA changes to CANDIDATE, lastRpcTime:5081, electionTimeout:5081ms
2019-09-03 19:32:39,997 [Thread-2579] INFO  impl.RoleInfo (RoleInfo.java:shutdownFollowerState(121)) - 7052ffe1-6ab1-4155-97b2-3918c28e345e: shutdown FollowerState
2019-09-03 19:32:39,997 [Thread-2579] INFO  impl.RaftServerImpl (RaftServerImpl.java:setRole(171)) - 7052ffe1-6ab1-4155-97b2-3918c28e345e:group-D308B6313CFA changes role from FOLLOWER to CANDIDATE at term 0 for changeToCandidate
2019-09-03 19:32:40,007 [Thread-2585] INFO  impl.FollowerState (FollowerState.java:run(106)) - 11ad8d8e-6f5f-4180-b963-3849b37d37dc:group-AD4D0EF0791D changes to CANDIDATE, lastRpcTime:5017, electionTimeout:5017ms
2019-09-03 19:32:40,008 [Thread-2585] INFO  impl.RoleInfo (RoleInfo.java:shutdownFollowerState(121)) - 11ad8d8e-6f5f-4180-b963-3849b37d37dc: shutdown FollowerState
2019-09-03 19:32:40,008 [Thread-2585] INFO  impl.RaftServerImpl (RaftServerImpl.java:setRole(171)) - 11ad8d8e-6f5f-4180-b963-3849b37d37dc:group-AD4D0EF0791D changes role from FOLLOWER to CANDIDATE at term 0 for changeToCandidate
2019-09-03 19:32:40,145 [Thread-2591] INFO  impl.FollowerState (FollowerState.java:run(106)) - aa1c6330-48b2-473c-9dc7-818fa0dc1007:group-4A1821051D4A changes to CANDIDATE, lastRpcTime:5066, electionTimeout:5066ms
2019-09-03 19:32:40,145 [Thread-2591] INFO  impl.RoleInfo (RoleInfo.java:shutdownFollowerState(121)) - aa1c6330-48b2-473c-9dc7-818fa0dc1007: shutdown FollowerState
2019-09-03 19:32:40,146 [Thread-2591] INFO  impl.RaftServerImpl (RaftServerImpl.java:setRole(171)) - aa1c6330-48b2-473c-9dc7-818fa0dc1007:group-4A1821051D4A changes role from FOLLOWER to CANDIDATE at term 0 for changeToCandidate
2019-09-03 19:32:40,153 [Thread-2588] INFO  impl.FollowerState (FollowerState.java:run(106)) - 7052ffe1-6ab1-4155-97b2-3918c28e345e:group-AD4D0EF0791D changes to CANDIDATE, lastRpcTime:5162, electionTimeout:5162ms
2019-09-03 19:32:40,154 [Thread-2588] INFO  impl.RoleInfo (RoleInfo.java:shutdownFollowerState(121)) - 7052ffe1-6ab1-4155-97b2-3918c28e345e: shutdown FollowerState
2019-09-03 19:32:40,154 [Thread-2588] INFO  impl.RaftServerImpl (RaftServerImpl.java:setRole(171)) - 7052ffe1-6ab1-4155-97b2-3918c28e345e:group-AD4D0EF0791D changes role from FOLLOWER to CANDIDATE at term 0 for changeToCandidate
2019-09-03 19:32:40,164 [Thread-2594] INFO  impl.FollowerState (FollowerState.java:run(106)) - 03acaf99-618c-497d-b12c-4a9970f5367b:group-22E145E1E66D changes to CANDIDATE, lastRpcTime:5033, electionTimeout:5033ms
2019-09-03 19:32:40,164 [Thread-2594] INFO  impl.RoleInfo (RoleInfo.java:shutdownFollowerState(121)) - 03acaf99-618c-497d-b12c-4a9970f5367b: shutdown FollowerState
2019-09-03 19:32:40,164 [Thread-2594] INFO  impl.RaftServerImpl (RaftServerImpl.java:setRole(171)) - 03acaf99-618c-497d-b12c-4a9970f5367b:group-22E145E1E66D changes role from FOLLOWER to CANDIDATE at term 0 for changeToCandidate
2019-09-03 19:32:40,168 [Thread-2594] INFO  impl.RoleInfo (RoleInfo.java:updateAndGet(143)) - 03acaf99-618c-497d-b12c-4a9970f5367b: start LeaderElection
2019-09-03 19:32:40,171 [Thread-2588] INFO  impl.RoleInfo (RoleInfo.java:updateAndGet(143)) - 7052ffe1-6ab1-4155-97b2-3918c28e345e: start LeaderElection
2019-09-03 19:32:40,171 [Thread-2579] INFO  impl.RoleInfo (RoleInfo.java:updateAndGet(143)) - 7052ffe1-6ab1-4155-97b2-3918c28e345e: start LeaderElection
2019-09-03 19:32:40,171 [Thread-2585] INFO  impl.RoleInfo (RoleInfo.java:updateAndGet(143)) - 11ad8d8e-6f5f-4180-b963-3849b37d37dc: start LeaderElection
2019-09-03 19:32:40,171 [Thread-2591] INFO  impl.RoleInfo (RoleInfo.java:updateAndGet(143)) - aa1c6330-48b2-473c-9dc7-818fa0dc1007: start LeaderElection
2019-09-03 19:32:40,182 [Thread-2582] INFO  impl.FollowerState (FollowerState.java:run(106)) - f650faf9-d54a-4b2d-8e46-47465280ce6b:group-AD4D0EF0791D changes to CANDIDATE, lastRpcTime:5194, electionTimeout:5191ms
2019-09-03 19:32:40,185 [Thread-2582] INFO  impl.RoleInfo (RoleInfo.java:shutdownFollowerState(121)) - f650faf9-d54a-4b2d-8e46-47465280ce6b: shutdown FollowerState
2019-09-03 19:32:40,191 [Thread-2582] INFO  impl.RaftServerImpl (RaftServerImpl.java:setRole(171)) - f650faf9-d54a-4b2d-8e46-47465280ce6b:group-AD4D0EF0791D changes role from FOLLOWER to CANDIDATE at term 0 for changeToCandidate
2019-09-03 19:32:40,191 [Thread-2582] INFO  impl.RoleInfo (RoleInfo.java:updateAndGet(143)) - f650faf9-d54a-4b2d-8e46-47465280ce6b: start LeaderElection
2019-09-03 19:32:40,205 [11ad8d8e-6f5f-4180-b963-3849b37d37dc:group-F3628E76CE99:LeaderElection100] INFO  impl.LeaderElection (LeaderElection.java:askForVotes(181)) - 11ad8d8e-6f5f-4180-b963-3849b37d37dc:group-F3628E76CE99:LeaderElection100: begin an election at term 1 for -1: [11ad8d8e-6f5f-4180-b963-3849b37d37dc:192.168.36.111:34143], old=null
2019-09-03 19:32:40,205 [f650faf9-d54a-4b2d-8e46-47465280ce6b:group-AD4D0EF0791D:LeaderElection106] INFO  impl.LeaderElection (LeaderElection.java:askForVotes(181)) - f650faf9-d54a-4b2d-8e46-47465280ce6b:group-AD4D0EF0791D:LeaderElection106: begin an election at term 1 for -1: [f650faf9-d54a-4b2d-8e46-47465280ce6b:192.168.36.111:35529, 7052ffe1-6ab1-4155-97b2-3918c28e345e:192.168.36.111:37016, 11ad8d8e-6f5f-4180-b963-3849b37d37dc:192.168.36.111:34143], old=null
2019-09-03 19:32:40,205 [11ad8d8e-6f5f-4180-b963-3849b37d37dc:group-F3628E76CE99:LeaderElection100] INFO  impl.RoleInfo (RoleInfo.java:shutdownLeaderElection(134)) - 11ad8d8e-6f5f-4180-b963-3849b37d37dc: shutdown LeaderElection
2019-09-03 19:32:40,205 [03acaf99-618c-497d-b12c-4a9970f5367b:group-22E145E1E66D:LeaderElection105] INFO  impl.LeaderElection (LeaderElection.java:askForVotes(181)) - 03acaf99-618c-497d-b12c-4a9970f5367b:group-22E145E1E66D:LeaderElection105: begin an election at term 1 for -1: [03acaf99-618c-497d-b12c-4a9970f5367b:192.168.36.111:33814], old=null
2019-09-03 19:32:40,205 [aa1c6330-48b2-473c-9dc7-818fa0dc1007:group-4A1821051D4A:LeaderElection103] INFO  impl.LeaderElection (LeaderElection.java:askForVotes(181)) - aa1c6330-48b2-473c-9dc7-818fa0dc1007:group-4A1821051D4A:LeaderElection103: begin an election at term 1 for -1: [aa1c6330-48b2-473c-9dc7-818fa0dc1007:192.168.36.111:40818], old=null
2019-09-03 19:32:40,205 [aa1c6330-48b2-473c-9dc7-818fa0dc1007:group-4A1821051D4A:LeaderElection103] INFO  impl.RoleInfo (RoleInfo.java:shutdownLeaderElection(134)) - aa1c6330-48b2-473c-9dc7-818fa0dc1007: shutdown LeaderElection
2019-09-03 19:32:40,205 [7052ffe1-6ab1-4155-97b2-3918c28e345e:group-D308B6313CFA:LeaderElection101] INFO  impl.LeaderElection (LeaderElection.java:askForVotes(181)) - 7052ffe1-6ab1-4155-97b2-3918c28e345e:group-D308B6313CFA:LeaderElection101: begin an election at term 1 for -1: [7052ffe1-6ab1-4155-97b2-3918c28e345e:192.168.36.111:37016], old=null
2019-09-03 19:32:40,205 [7052ffe1-6ab1-4155-97b2-3918c28e345e:group-AD4D0EF0791D:LeaderElection104] INFO  impl.LeaderElection (LeaderElection.java:askForVotes(181)) - 7052ffe1-6ab1-4155-97b2-3918c28e345e:group-AD4D0EF0791D:LeaderElection104: begin an election at term 1 for -1: [f650faf9-d54a-4b2d-8e46-47465280ce6b:192.168.36.111:35529, 7052ffe1-6ab1-4155-97b2-3918c28e345e:192.168.36.111:37016, 11ad8d8e-6f5f-4180-b963-3849b37d37dc:192.168.36.111:34143], old=null
2019-09-03 19:32:40,205 [11ad8d8e-6f5f-4180-b963-3849b37d37dc:group-AD4D0EF0791D:LeaderElection102] INFO  impl.LeaderElection (LeaderElection.java:askForVotes(181)) - 11ad8d8e-6f5f-4180-b963-3849b37d37dc:group-AD4D0EF0791D:LeaderElection102: begin an election at term 1 for -1: [f650faf9-d54a-4b2d-8e46-47465280ce6b:192.168.36.111:35529, 7052ffe1-6ab1-4155-97b2-3918c28e345e:192.168.36.111:37016, 11ad8d8e-6f5f-4180-b963-3849b37d37dc:192.168.36.111:34143], old=null
2019-09-03 19:32:40,206 [7052ffe1-6ab1-4155-97b2-3918c28e345e:group-D308B6313CFA:LeaderElection101] INFO  impl.RoleInfo (RoleInfo.java:shutdownLeaderElection(134)) - 7052ffe1-6ab1-4155-97b2-3918c28e345e: shutdown LeaderElection
2019-09-03 19:32:40,206 [aa1c6330-48b2-473c-9dc7-818fa0dc1007:group-4A1821051D4A:LeaderElection103] INFO  impl.RaftServerImpl (RaftServerImpl.java:setRole(171)) - aa1c6330-48b2-473c-9dc7-818fa0dc1007:group-4A1821051D4A changes role from CANDIDATE to LEADER at term 1 for changeToLeader
2019-09-03 19:32:40,205 [03acaf99-618c-497d-b12c-4a9970f5367b:group-22E145E1E66D:LeaderElection105] INFO  impl.RoleInfo (RoleInfo.java:shutdownLeaderElection(134)) - 03acaf99-618c-497d-b12c-4a9970f5367b: shutdown LeaderElection
2019-09-03 19:32:40,205 [11ad8d8e-6f5f-4180-b963-3849b37d37dc:group-F3628E76CE99:LeaderElection100] INFO  impl.RaftServerImpl (RaftServerImpl.java:setRole(171)) - 11ad8d8e-6f5f-4180-b963-3849b37d37dc:group-F3628E76CE99 changes role from CANDIDATE to LEADER at term 1 for changeToLeader
2019-09-03 19:32:40,206 [03acaf99-618c-497d-b12c-4a9970f5367b:group-22E145E1E66D:LeaderElection105] INFO  impl.RaftServerImpl (RaftServerImpl.java:setRole(171)) - 03acaf99-618c-497d-b12c-4a9970f5367b:group-22E145E1E66D changes role from CANDIDATE to LEADER at term 1 for changeToLeader
2019-09-03 19:32:40,206 [aa1c6330-48b2-473c-9dc7-818fa0dc1007:group-4A1821051D4A:LeaderElection103] INFO  impl.RaftServerImpl (ServerState.java:setLeader(263)) - aa1c6330-48b2-473c-9dc7-818fa0dc1007:group-4A1821051D4A change Leader from null to aa1c6330-48b2-473c-9dc7-818fa0dc1007 at term 1 for becomeLeader, leader elected after 5132ms
2019-09-03 19:32:40,206 [7052ffe1-6ab1-4155-97b2-3918c28e345e:group-D308B6313CFA:LeaderElection101] INFO  impl.RaftServerImpl (RaftServerImpl.java:setRole(171)) - 7052ffe1-6ab1-4155-97b2-3918c28e345e:group-D308B6313CFA changes role from CANDIDATE to LEADER at term 1 for changeToLeader
2019-09-03 19:32:40,207 [aa1c6330-48b2-473c-9dc7-818fa0dc1007:group-4A1821051D4A:LeaderElection103] INFO  server.RaftServerConfigKeys (ConfUtils.java:logGet(43)) - raft.server.staging.catchup.gap = 1000 (default)
2019-09-03 19:32:40,206 [03acaf99-618c-497d-b12c-4a9970f5367b:group-22E145E1E66D:LeaderElection105] INFO  impl.RaftServerImpl (ServerState.java:setLeader(263)) - 03acaf99-618c-497d-b12c-4a9970f5367b:group-22E145E1E66D change Leader from null to 03acaf99-618c-497d-b12c-4a9970f5367b at term 1 for becomeLeader, leader elected after 5080ms
2019-09-03 19:32:40,206 [11ad8d8e-6f5f-4180-b963-3849b37d37dc:group-F3628E76CE99:LeaderElection100] INFO  impl.RaftServerImpl (ServerState.java:setLeader(263)) - 11ad8d8e-6f5f-4180-b963-3849b37d37dc:group-F3628E76CE99 change Leader from null to 11ad8d8e-6f5f-4180-b963-3849b37d37dc at term 1 for becomeLeader, leader elected after 5364ms
2019-09-03 19:32:40,207 [03acaf99-618c-497d-b12c-4a9970f5367b:group-22E145E1E66D:LeaderElection105] INFO  server.RaftServerConfigKeys (ConfUtils.java:logGet(43)) - raft.server.staging.catchup.gap = 1000 (default)
2019-09-03 19:32:40,207 [03acaf99-618c-497d-b12c-4a9970f5367b:group-22E145E1E66D:LeaderElection105] INFO  server.RaftServerConfigKeys (ConfUtils.java:logGet(43)) - raft.server.rpc.sleep.time = 25ms (default)
2019-09-03 19:32:40,207 [03acaf99-618c-497d-b12c-4a9970f5367b:group-22E145E1E66D:LeaderElection105] INFO  server.RaftServerConfigKeys (ConfUtils.java:logGet(43)) - raft.server.write.element-limit = 4096 (default)
2019-09-03 19:32:40,207 [aa1c6330-48b2-473c-9dc7-818fa0dc1007:group-4A1821051D4A:LeaderElection103] INFO  server.RaftServerConfigKeys (ConfUtils.java:logGet(43)) - raft.server.rpc.sleep.time = 25ms (default)
2019-09-03 19:32:40,207 [7052ffe1-6ab1-4155-97b2-3918c28e345e:group-D308B6313CFA:LeaderElection101] INFO  impl.RaftServerImpl (ServerState.java:setLeader(263)) - 7052ffe1-6ab1-4155-97b2-3918c28e345e:group-D308B6313CFA change Leader from null to 7052ffe1-6ab1-4155-97b2-3918c28e345e at term 1 for becomeLeader, leader elected after 5297ms
2019-09-03 19:32:40,207 [aa1c6330-48b2-473c-9dc7-818fa0dc1007:group-4A1821051D4A:LeaderElection103] INFO  server.RaftServerConfigKeys (ConfUtils.java:logGet(43)) - raft.server.write.element-limit = 4096 (default)
2019-09-03 19:32:40,207 [03acaf99-618c-497d-b12c-4a9970f5367b:group-22E145E1E66D:LeaderElection105] INFO  server.RaftServerConfigKeys (ConfUtils.java:logGet(43)) - raft.server.watch.timeout = 10s (default)
2019-09-03 19:32:40,207 [11ad8d8e-6f5f-4180-b963-3849b37d37dc:group-F3628E76CE99:LeaderElection100] INFO  server.RaftServerConfigKeys (ConfUtils.java:logGet(43)) - raft.server.staging.catchup.gap = 1000 (default)
2019-09-03 19:32:40,208 [03acaf99-618c-497d-b12c-4a9970f5367b:group-22E145E1E66D:LeaderElection105] INFO  server.RaftServerConfigKeys (ConfUtils.java:logGet(43)) - raft.server.watch.timeout.denomination = 1s (default)
2019-09-03 19:32:40,208 [aa1c6330-48b2-473c-9dc7-818fa0dc1007:group-4A1821051D4A:LeaderElection103] INFO  server.RaftServerConfigKeys (ConfUtils.java:logGet(43)) - raft.server.watch.timeout = 10s (default)
2019-09-03 19:32:40,208 [7052ffe1-6ab1-4155-97b2-3918c28e345e:group-D308B6313CFA:LeaderElection101] INFO  server.RaftServerConfigKeys (ConfUtils.java:logGet(43)) - raft.server.staging.catchup.gap = 1000 (default)
2019-09-03 19:32:40,208 [aa1c6330-48b2-473c-9dc7-818fa0dc1007:group-4A1821051D4A:LeaderElection103] INFO  server.RaftServerConfigKeys (ConfUtils.java:logGet(43)) - raft.server.watch.timeout.denomination = 1s (default)
2019-09-03 19:32:40,208 [03acaf99-618c-497d-b12c-4a9970f5367b:group-22E145E1E66D:LeaderElection105] INFO  server.RaftServerConfigKeys (ConfUtils.java:logGet(43)) - raft.server.watch.element-limit = 65536 (default)
2019-09-03 19:32:40,208 [11ad8d8e-6f5f-4180-b963-3849b37d37dc:group-F3628E76CE99:LeaderElection100] INFO  server.RaftServerConfigKeys (ConfUtils.java:logGet(43)) - raft.server.rpc.sleep.time = 25ms (default)
2019-09-03 19:32:40,210 [aa1c6330-48b2-473c-9dc7-818fa0dc1007:group-4A1821051D4A:LeaderElection103] INFO  server.RaftServerConfigKeys (ConfUtils.java:logGet(43)) - raft.server.watch.element-limit = 65536 (default)
2019-09-03 19:32:40,208 [7052ffe1-6ab1-4155-97b2-3918c28e345e:group-D308B6313CFA:LeaderElection101] INFO  server.RaftServerConfigKeys (ConfUtils.java:logGet(43)) - raft.server.rpc.sleep.time = 25ms (default)
2019-09-03 19:32:40,210 [aa1c6330-48b2-473c-9dc7-818fa0dc1007:group-4A1821051D4A:LeaderElection103] INFO  impl.RoleInfo (RoleInfo.java:updateAndGet(143)) - aa1c6330-48b2-473c-9dc7-818fa0dc1007: start LeaderState
2019-09-03 19:32:40,210 [7052ffe1-6ab1-4155-97b2-3918c28e345e:group-D308B6313CFA:LeaderElection101] INFO  server.RaftServerConfigKeys (ConfUtils.java:logGet(43)) - raft.server.write.element-limit = 4096 (default)
2019-09-03 19:32:40,210 [11ad8d8e-6f5f-4180-b963-3849b37d37dc:group-F3628E76CE99:LeaderElection100] INFO  server.RaftServerConfigKeys (ConfUtils.java:logGet(43)) - raft.server.write.element-limit = 4096 (default)
2019-09-03 19:32:40,210 [03acaf99-618c-497d-b12c-4a9970f5367b:group-22E145E1E66D:LeaderElection105] INFO  impl.RoleInfo (RoleInfo.java:updateAndGet(143)) - 03acaf99-618c-497d-b12c-4a9970f5367b: start LeaderState
2019-09-03 19:32:40,211 [11ad8d8e-6f5f-4180-b963-3849b37d37dc:group-F3628E76CE99:LeaderElection100] INFO  server.RaftServerConfigKeys (ConfUtils.java:logGet(43)) - raft.server.watch.timeout = 10s (default)
2019-09-03 19:32:40,211 [7052ffe1-6ab1-4155-97b2-3918c28e345e:group-D308B6313CFA:LeaderElection101] INFO  server.RaftServerConfigKeys (ConfUtils.java:logGet(43)) - raft.server.watch.timeout = 10s (default)
2019-09-03 19:32:40,210 [aa1c6330-48b2-473c-9dc7-818fa0dc1007:group-4A1821051D4A:LeaderElection103] INFO  segmented.SegmentedRaftLogWorker (SegmentedRaftLogWorker.java:startLogSegment(380)) - aa1c6330-48b2-473c-9dc7-818fa0dc1007-SegmentedRaftLogWorker:Storage Directory /workdir/hadoop-ozone/integration-test/target/test-dir/MiniOzoneClusterImpl-41176880-f664-46d8-b28c-56a7528e8d0a/datanode-3/data/ratis/60119353-fbcb-4844-a763-4a1821051d4a: Starting segment from index:0
2019-09-03 19:32:40,212 [7052ffe1-6ab1-4155-97b2-3918c28e345e:group-D308B6313CFA:LeaderElection101] INFO  server.RaftServerConfigKeys (ConfUtils.java:logGet(43)) - raft.server.watch.timeout.denomination = 1s (default)
2019-09-03 19:32:40,211 [11ad8d8e-6f5f-4180-b963-3849b37d37dc:group-F3628E76CE99:LeaderElection100] INFO  server.RaftServerConfigKeys (ConfUtils.java:logGet(43)) - raft.server.watch.timeout.denomination = 1s (default)
2019-09-03 19:32:40,211 [03acaf99-618c-497d-b12c-4a9970f5367b:group-22E145E1E66D:LeaderElection105] INFO  segmented.SegmentedRaftLogWorker (SegmentedRaftLogWorker.java:startLogSegment(380)) - 03acaf99-618c-497d-b12c-4a9970f5367b-SegmentedRaftLogWorker:Storage Directory /workdir/hadoop-ozone/integration-test/target/test-dir/MiniOzoneClusterImpl-41176880-f664-46d8-b28c-56a7528e8d0a/datanode-4/data/ratis/f7f85baa-33f0-4049-b161-22e145e1e66d: Starting segment from index:0
2019-09-03 19:32:40,215 [11ad8d8e-6f5f-4180-b963-3849b37d37dc:group-F3628E76CE99:LeaderElection100] INFO  server.RaftServerConfigKeys (ConfUtils.java:logGet(43)) - raft.server.watch.element-limit = 65536 (default)
2019-09-03 19:32:40,214 [aa1c6330-48b2-473c-9dc7-818fa0dc1007:group-4A1821051D4A:LeaderElection103] INFO  impl.RaftServerImpl (ServerState.java:setRaftConf(361)) - aa1c6330-48b2-473c-9dc7-818fa0dc1007:group-4A1821051D4A set configuration 0: [aa1c6330-48b2-473c-9dc7-818fa0dc1007:192.168.36.111:40818], old=null at 0
2019-09-03 19:32:40,213 [7052ffe1-6ab1-4155-97b2-3918c28e345e:group-D308B6313CFA:LeaderElection101] INFO  server.RaftServerConfigKeys (ConfUtils.java:logGet(43)) - raft.server.watch.element-limit = 65536 (default)
2019-09-03 19:32:40,215 [03acaf99-618c-497d-b12c-4a9970f5367b:group-22E145E1E66D:LeaderElection105] INFO  impl.RaftServerImpl (ServerState.java:setRaftConf(361)) - 03acaf99-618c-497d-b12c-4a9970f5367b:group-22E145E1E66D set configuration 0: [03acaf99-618c-497d-b12c-4a9970f5367b:192.168.36.111:33814], old=null at 0
2019-09-03 19:32:40,215 [7052ffe1-6ab1-4155-97b2-3918c28e345e:group-D308B6313CFA:LeaderElection101] INFO  impl.RoleInfo (RoleInfo.java:updateAndGet(143)) - 7052ffe1-6ab1-4155-97b2-3918c28e345e: start LeaderState
2019-09-03 19:32:40,215 [11ad8d8e-6f5f-4180-b963-3849b37d37dc:group-F3628E76CE99:LeaderElection100] INFO  impl.RoleInfo (RoleInfo.java:updateAndGet(143)) - 11ad8d8e-6f5f-4180-b963-3849b37d37dc: start LeaderState
2019-09-03 19:32:40,215 [7052ffe1-6ab1-4155-97b2-3918c28e345e:group-D308B6313CFA:LeaderElection101] INFO  segmented.SegmentedRaftLogWorker (SegmentedRaftLogWorker.java:startLogSegment(380)) - 7052ffe1-6ab1-4155-97b2-3918c28e345e-SegmentedRaftLogWorker:Storage Directory /workdir/hadoop-ozone/integration-test/target/test-dir/MiniOzoneClusterImpl-41176880-f664-46d8-b28c-56a7528e8d0a/datanode-2/data/ratis/9bdcde42-f8d2-4e71-bfcd-d308b6313cfa: Starting segment from index:0
2019-09-03 19:32:40,215 [11ad8d8e-6f5f-4180-b963-3849b37d37dc:group-F3628E76CE99:LeaderElection100] INFO  segmented.SegmentedRaftLogWorker (SegmentedRaftLogWorker.java:startLogSegment(380)) - 11ad8d8e-6f5f-4180-b963-3849b37d37dc-SegmentedRaftLogWorker:Storage Directory /workdir/hadoop-ozone/integration-test/target/test-dir/MiniOzoneClusterImpl-41176880-f664-46d8-b28c-56a7528e8d0a/datanode-1/data/ratis/e995bef7-5acc-4fc1-b4f3-f3628e76ce99: Starting segment from index:0
2019-09-03 19:32:40,215 [f650faf9-d54a-4b2d-8e46-47465280ce6b:group-AD4D0EF0791D:LeaderElection106] INFO  impl.LeaderElection (LeaderElection.java:logAndReturn(56)) - f650faf9-d54a-4b2d-8e46-47465280ce6b:group-AD4D0EF0791D:LeaderElection106: Election REJECTED; received 2 response(s) [f650faf9-d54a-4b2d-8e46-47465280ce6b<-7052ffe1-6ab1-4155-97b2-3918c28e345e#0:FAIL-t1, f650faf9-d54a-4b2d-8e46-47465280ce6b<-11ad8d8e-6f5f-4180-b963-3849b37d37dc#0:FAIL-t1] and 0 exception(s); f650faf9-d54a-4b2d-8e46-47465280ce6b:t1, leader=null, voted=f650faf9-d54a-4b2d-8e46-47465280ce6b, raftlog=f650faf9-d54a-4b2d-8e46-47465280ce6b-SegmentedRaftLog:OPENED:c-1,f-1,i0, conf=-1: [f650faf9-d54a-4b2d-8e46-47465280ce6b:192.168.36.111:35529, 7052ffe1-6ab1-4155-97b2-3918c28e345e:192.168.36.111:37016, 11ad8d8e-6f5f-4180-b963-3849b37d37dc:192.168.36.111:34143], old=null
2019-09-03 19:32:40,249 [f650faf9-d54a-4b2d-8e46-47465280ce6b:group-AD4D0EF0791D:LeaderElection106] INFO  impl.RaftServerImpl (RaftServerImpl.java:setRole(171)) - f650faf9-d54a-4b2d-8e46-47465280ce6b:group-AD4D0EF0791D changes role from CANDIDATE to FOLLOWER at term 1 for DISCOVERED_A_NEW_TERM
2019-09-03 19:32:40,249 [7052ffe1-6ab1-4155-97b2-3918c28e345e:group-D308B6313CFA:LeaderElection101] INFO  impl.RaftServerImpl (ServerState.java:setRaftConf(361)) - 7052ffe1-6ab1-4155-97b2-3918c28e345e:group-D308B6313CFA set configuration 0: [7052ffe1-6ab1-4155-97b2-3918c28e345e:192.168.36.111:37016], old=null at 0
2019-09-03 19:32:40,250 [f650faf9-d54a-4b2d-8e46-47465280ce6b:group-AD4D0EF0791D:LeaderElection106] INFO  impl.RoleInfo (RoleInfo.java:shutdownLeaderElection(134)) - f650faf9-d54a-4b2d-8e46-47465280ce6b: shutdown LeaderElection
2019-09-03 19:32:40,262 [03acaf99-618c-497d-b12c-4a9970f5367b-SegmentedRaftLogWorker:Storage Directory /workdir/hadoop-ozone/integration-test/target/test-dir/MiniOzoneClusterImpl-41176880-f664-46d8-b28c-56a7528e8d0a/datanode-4/data/ratis/f7f85baa-33f0-4049-b161-22e145e1e66d] INFO  segmented.SegmentedRaftLogWorker (SegmentedRaftLogWorker.java:execute(569)) - 03acaf99-618c-497d-b12c-4a9970f5367b-SegmentedRaftLogWorker:Storage Directory /workdir/hadoop-ozone/integration-test/target/test-dir/MiniOzoneClusterImpl-41176880-f664-46d8-b28c-56a7528e8d0a/datanode-4/data/ratis/f7f85baa-33f0-4049-b161-22e145e1e66d: created new log segment /workdir/hadoop-ozone/integration-test/target/test-dir/MiniOzoneClusterImpl-41176880-f664-46d8-b28c-56a7528e8d0a/datanode-4/data/ratis/f7f85baa-33f0-4049-b161-22e145e1e66d/current/log_inprogress_0
2019-09-03 19:32:40,262 [aa1c6330-48b2-473c-9dc7-818fa0dc1007-SegmentedRaftLogWorker:Storage Directory /workdir/hadoop-ozone/integration-test/target/test-dir/MiniOzoneClusterImpl-41176880-f664-46d8-b28c-56a7528e8d0a/datanode-3/data/ratis/60119353-fbcb-4844-a763-4a1821051d4a] INFO  segmented.SegmentedRaftLogWorker (SegmentedRaftLogWorker.java:execute(569)) - aa1c6330-48b2-473c-9dc7-818fa0dc1007-SegmentedRaftLogWorker:Storage Directory /workdir/hadoop-ozone/integration-test/target/test-dir/MiniOzoneClusterImpl-41176880-f664-46d8-b28c-56a7528e8d0a/datanode-3/data/ratis/60119353-fbcb-4844-a763-4a1821051d4a: created new log segment /workdir/hadoop-ozone/integration-test/target/test-dir/MiniOzoneClusterImpl-41176880-f664-46d8-b28c-56a7528e8d0a/datanode-3/data/ratis/60119353-fbcb-4844-a763-4a1821051d4a/current/log_inprogress_0
2019-09-03 19:32:40,291 [7052ffe1-6ab1-4155-97b2-3918c28e345e-SegmentedRaftLogWorker:Storage Directory /workdir/hadoop-ozone/integration-test/target/test-dir/MiniOzoneClusterImpl-41176880-f664-46d8-b28c-56a7528e8d0a/datanode-2/data/ratis/9bdcde42-f8d2-4e71-bfcd-d308b6313cfa] INFO  segmented.SegmentedRaftLogWorker (SegmentedRaftLogWorker.java:execute(569)) - 7052ffe1-6ab1-4155-97b2-3918c28e345e-SegmentedRaftLogWorker:Storage Directory /workdir/hadoop-ozone/integration-test/target/test-dir/MiniOzoneClusterImpl-41176880-f664-46d8-b28c-56a7528e8d0a/datanode-2/data/ratis/9bdcde42-f8d2-4e71-bfcd-d308b6313cfa: created new log segment /workdir/hadoop-ozone/integration-test/target/test-dir/MiniOzoneClusterImpl-41176880-f664-46d8-b28c-56a7528e8d0a/datanode-2/data/ratis/9bdcde42-f8d2-4e71-bfcd-d308b6313cfa/current/log_inprogress_0
2019-09-03 19:32:40,291 [11ad8d8e-6f5f-4180-b963-3849b37d37dc-SegmentedRaftLogWorker:Storage Directory /workdir/hadoop-ozone/integration-test/target/test-dir/MiniOzoneClusterImpl-41176880-f664-46d8-b28c-56a7528e8d0a/datanode-1/data/ratis/e995bef7-5acc-4fc1-b4f3-f3628e76ce99] INFO  segmented.SegmentedRaftLogWorker (SegmentedRaftLogWorker.java:execute(569)) - 11ad8d8e-6f5f-4180-b963-3849b37d37dc-SegmentedRaftLogWorker:Storage Directory /workdir/hadoop-ozone/integration-test/target/test-dir/MiniOzoneClusterImpl-41176880-f664-46d8-b28c-56a7528e8d0a/datanode-1/data/ratis/e995bef7-5acc-4fc1-b4f3-f3628e76ce99: created new log segment /workdir/hadoop-ozone/integration-test/target/test-dir/MiniOzoneClusterImpl-41176880-f664-46d8-b28c-56a7528e8d0a/datanode-1/data/ratis/e995bef7-5acc-4fc1-b4f3-f3628e76ce99/current/log_inprogress_0
2019-09-03 19:32:40,306 [Thread-2599] INFO  impl.FollowerState (FollowerState.java:run(106)) - 4f57fb9f-f351-4aa3-a501-66abaf3d5f2e:group-7A1A06110B8E changes to CANDIDATE, lastRpcTime:5108, electionTimeout:5108ms
2019-09-03 19:32:40,306 [Thread-2599] INFO  impl.RoleInfo (RoleInfo.java:shutdownFollowerState(121)) - 4f57fb9f-f351-4aa3-a501-66abaf3d5f2e: shutdown FollowerState
2019-09-03 19:32:40,306 [Thread-2599] INFO  impl.RaftServerImpl (RaftServerImpl.java:setRole(171)) - 4f57fb9f-f351-4aa3-a501-66abaf3d5f2e:group-7A1A06110B8E changes role from FOLLOWER to CANDIDATE at term 0 for changeToCandidate
2019-09-03 19:32:40,361 [Thread-2599] INFO  impl.RoleInfo (RoleInfo.java:updateAndGet(143)) - 4f57fb9f-f351-4aa3-a501-66abaf3d5f2e: start LeaderElection
2019-09-03 19:32:40,364 [f650faf9-d54a-4b2d-8e46-47465280ce6b:group-AD4D0EF0791D:LeaderElection106] INFO  impl.RoleInfo (RoleInfo.java:updateAndGet(143)) - f650faf9-d54a-4b2d-8e46-47465280ce6b: start FollowerState
2019-09-03 19:32:40,361 [11ad8d8e-6f5f-4180-b963-3849b37d37dc:group-F3628E76CE99:LeaderElection100] INFO  impl.RaftServerImpl (ServerState.java:setRaftConf(361)) - 11ad8d8e-6f5f-4180-b963-3849b37d37dc:group-F3628E76CE99 set configuration 0: [11ad8d8e-6f5f-4180-b963-3849b37d37dc:192.168.36.111:34143], old=null at 0
2019-09-03 19:32:40,371 [7052ffe1-6ab1-4155-97b2-3918c28e345e:group-AD4D0EF0791D:LeaderElection104] INFO  impl.LeaderElection (LeaderElection.java:logAndReturn(56)) - 7052ffe1-6ab1-4155-97b2-3918c28e345e:group-AD4D0EF0791D:LeaderElection104: Election REJECTED; received 2 response(s) [7052ffe1-6ab1-4155-97b2-3918c28e345e<-f650faf9-d54a-4b2d-8e46-47465280ce6b#0:FAIL-t1, 7052ffe1-6ab1-4155-97b2-3918c28e345e<-11ad8d8e-6f5f-4180-b963-3849b37d37dc#0:FAIL-t1] and 0 exception(s); 7052ffe1-6ab1-4155-97b2-3918c28e345e:t1, leader=null, voted=7052ffe1-6ab1-4155-97b2-3918c28e345e, raftlog=7052ffe1-6ab1-4155-97b2-3918c28e345e-SegmentedRaftLog:OPENED:c-1,f-1,i0, conf=-1: [f650faf9-d54a-4b2d-8e46-47465280ce6b:192.168.36.111:35529, 7052ffe1-6ab1-4155-97b2-3918c28e345e:192.168.36.111:37016, 11ad8d8e-6f5f-4180-b963-3849b37d37dc:192.168.36.111:34143], old=null
2019-09-03 19:32:40,371 [11ad8d8e-6f5f-4180-b963-3849b37d37dc:group-AD4D0EF0791D:LeaderElection102] INFO  impl.LeaderElection (LeaderElection.java:logAndReturn(56)) - 11ad8d8e-6f5f-4180-b963-3849b37d37dc:group-AD4D0EF0791D:LeaderElection102: Election REJECTED; received 2 response(s) [11ad8d8e-6f5f-4180-b963-3849b37d37dc<-f650faf9-d54a-4b2d-8e46-47465280ce6b#0:FAIL-t1, 11ad8d8e-6f5f-4180-b963-3849b37d37dc<-7052ffe1-6ab1-4155-97b2-3918c28e345e#0:FAIL-t1] and 0 exception(s); 11ad8d8e-6f5f-4180-b963-3849b37d37dc:t1, leader=null, voted=11ad8d8e-6f5f-4180-b963-3849b37d37dc, raftlog=11ad8d8e-6f5f-4180-b963-3849b37d37dc-SegmentedRaftLog:OPENED:c-1,f-1,i0, conf=-1: [f650faf9-d54a-4b2d-8e46-47465280ce6b:192.168.36.111:35529, 7052ffe1-6ab1-4155-97b2-3918c28e345e:192.168.36.111:37016, 11ad8d8e-6f5f-4180-b963-3849b37d37dc:192.168.36.111:34143], old=null
2019-09-03 19:32:40,371 [7052ffe1-6ab1-4155-97b2-3918c28e345e:group-AD4D0EF0791D:LeaderElection104] INFO  impl.RaftServerImpl (RaftServerImpl.java:setRole(171)) - 7052ffe1-6ab1-4155-97b2-3918c28e345e:group-AD4D0EF0791D changes role from CANDIDATE to FOLLOWER at term 1 for DISCOVERED_A_NEW_TERM
2019-09-03 19:32:40,371 [11ad8d8e-6f5f-4180-b963-3849b37d37dc:group-AD4D0EF0791D:LeaderElection102] INFO  impl.RaftServerImpl (RaftServerImpl.java:setRole(171)) - 11ad8d8e-6f5f-4180-b963-3849b37d37dc:group-AD4D0EF0791D changes role from CANDIDATE to FOLLOWER at term 1 for DISCOVERED_A_NEW_TERM
2019-09-03 19:32:40,372 [7052ffe1-6ab1-4155-97b2-3918c28e345e:group-AD4D0EF0791D:LeaderElection104] INFO  impl.RoleInfo (RoleInfo.java:shutdownLeaderElection(134)) - 7052ffe1-6ab1-4155-97b2-3918c28e345e: shutdown LeaderElection
2019-09-03 19:32:40,372 [11ad8d8e-6f5f-4180-b963-3849b37d37dc:group-AD4D0EF0791D:LeaderElection102] INFO  impl.RoleInfo (RoleInfo.java:shutdownLeaderElection(134)) - 11ad8d8e-6f5f-4180-b963-3849b37d37dc: shutdown LeaderElection
2019-09-03 19:32:40,372 [7052ffe1-6ab1-4155-97b2-3918c28e345e:group-AD4D0EF0791D:LeaderElection104] INFO  impl.RoleInfo (RoleInfo.java:updateAndGet(143)) - 7052ffe1-6ab1-4155-97b2-3918c28e345e: start FollowerState
2019-09-03 19:32:40,372 [11ad8d8e-6f5f-4180-b963-3849b37d37dc:group-AD4D0EF0791D:LeaderElection102] INFO  impl.RoleInfo (RoleInfo.java:updateAndGet(143)) - 11ad8d8e-6f5f-4180-b963-3849b37d37dc: start FollowerState
2019-09-03 19:32:40,383 [Thread-2602] INFO  impl.FollowerState (FollowerState.java:run(106)) - be5f5855-7443-42e4-93e6-0a3a68fb3f3c:group-7C1CD7768324 changes to CANDIDATE, lastRpcTime:5128, electionTimeout:5128ms
2019-09-03 19:32:40,384 [Thread-2602] INFO  impl.RoleInfo (RoleInfo.java:shutdownFollowerState(121)) - be5f5855-7443-42e4-93e6-0a3a68fb3f3c: shutdown FollowerState
2019-09-03 19:32:40,384 [4f57fb9f-f351-4aa3-a501-66abaf3d5f2e:group-7A1A06110B8E:LeaderElection107] INFO  impl.LeaderElection (LeaderElection.java:askForVotes(181)) - 4f57fb9f-f351-4aa3-a501-66abaf3d5f2e:group-7A1A06110B8E:LeaderElection107: begin an election at term 1 for -1: [4f57fb9f-f351-4aa3-a501-66abaf3d5f2e:192.168.36.111:41009], old=null
2019-09-03 19:32:40,384 [Thread-2602] INFO  impl.RaftServerImpl (RaftServerImpl.java:setRole(171)) - be5f5855-7443-42e4-93e6-0a3a68fb3f3c:group-7C1CD7768324 changes role from FOLLOWER to CANDIDATE at term 0 for changeToCandidate
2019-09-03 19:32:40,384 [4f57fb9f-f351-4aa3-a501-66abaf3d5f2e:group-7A1A06110B8E:LeaderElection107] INFO  impl.RoleInfo (RoleInfo.java:shutdownLeaderElection(134)) - 4f57fb9f-f351-4aa3-a501-66abaf3d5f2e: shutdown LeaderElection
2019-09-03 19:32:40,384 [Thread-2602] INFO  impl.RoleInfo (RoleInfo.java:updateAndGet(143)) - be5f5855-7443-42e4-93e6-0a3a68fb3f3c: start LeaderElection
2019-09-03 19:32:40,384 [4f57fb9f-f351-4aa3-a501-66abaf3d5f2e:group-7A1A06110B8E:LeaderElection107] INFO  impl.RaftServerImpl (RaftServerImpl.java:setRole(171)) - 4f57fb9f-f351-4aa3-a501-66abaf3d5f2e:group-7A1A06110B8E changes role from CANDIDATE to LEADER at term 1 for changeToLeader
2019-09-03 19:32:40,384 [4f57fb9f-f351-4aa3-a501-66abaf3d5f2e:group-7A1A06110B8E:LeaderElection107] INFO  impl.RaftServerImpl (ServerState.java:setLeader(263)) - 4f57fb9f-f351-4aa3-a501-66abaf3d5f2e:group-7A1A06110B8E change Leader from null to 4f57fb9f-f351-4aa3-a501-66abaf3d5f2e at term 1 for becomeLeader, leader elected after 5206ms
2019-09-03 19:32:40,389 [4f57fb9f-f351-4aa3-a501-66abaf3d5f2e:group-7A1A06110B8E:LeaderElection107] INFO  server.RaftServerConfigKeys (ConfUtils.java:logGet(43)) - raft.server.staging.catchup.gap = 1000 (default)
2019-09-03 19:32:40,389 [4f57fb9f-f351-4aa3-a501-66abaf3d5f2e:group-7A1A06110B8E:LeaderElection107] INFO  server.RaftServerConfigKeys (ConfUtils.java:logGet(43)) - raft.server.rpc.sleep.time = 25ms (default)
2019-09-03 19:32:40,389 [4f57fb9f-f351-4aa3-a501-66abaf3d5f2e:group-7A1A06110B8E:LeaderElection107] INFO  server.RaftServerConfigKeys (ConfUtils.java:logGet(43)) - raft.server.write.element-limit = 4096 (default)
2019-09-03 19:32:40,389 [4f57fb9f-f351-4aa3-a501-66abaf3d5f2e:group-7A1A06110B8E:LeaderElection107] INFO  server.RaftServerConfigKeys (ConfUtils.java:logGet(43)) - raft.server.watch.timeout = 10s (default)
2019-09-03 19:32:40,390 [4f57fb9f-f351-4aa3-a501-66abaf3d5f2e:group-7A1A06110B8E:LeaderElection107] INFO  server.RaftServerConfigKeys (ConfUtils.java:logGet(43)) - raft.server.watch.timeout.denomination = 1s (default)
2019-09-03 19:32:40,390 [4f57fb9f-f351-4aa3-a501-66abaf3d5f2e:group-7A1A06110B8E:LeaderElection107] INFO  server.RaftServerConfigKeys (ConfUtils.java:logGet(43)) - raft.server.watch.element-limit = 65536 (default)
2019-09-03 19:32:40,390 [4f57fb9f-f351-4aa3-a501-66abaf3d5f2e:group-7A1A06110B8E:LeaderElection107] INFO  impl.RoleInfo (RoleInfo.java:updateAndGet(143)) - 4f57fb9f-f351-4aa3-a501-66abaf3d5f2e: start LeaderState
2019-09-03 19:32:40,390 [4f57fb9f-f351-4aa3-a501-66abaf3d5f2e:group-7A1A06110B8E:LeaderElection107] INFO  segmented.SegmentedRaftLogWorker (SegmentedRaftLogWorker.java:startLogSegment(380)) - 4f57fb9f-f351-4aa3-a501-66abaf3d5f2e-SegmentedRaftLogWorker:Storage Directory /workdir/hadoop-ozone/integration-test/target/test-dir/MiniOzoneClusterImpl-41176880-f664-46d8-b28c-56a7528e8d0a/datanode-5/data/ratis/64847773-b75f-44a8-820c-7a1a06110b8e: Starting segment from index:0
2019-09-03 19:32:40,391 [4f57fb9f-f351-4aa3-a501-66abaf3d5f2e:group-7A1A06110B8E:LeaderElection107] INFO  impl.RaftServerImpl (ServerState.java:setRaftConf(361)) - 4f57fb9f-f351-4aa3-a501-66abaf3d5f2e:group-7A1A06110B8E set configuration 0: [4f57fb9f-f351-4aa3-a501-66abaf3d5f2e:192.168.36.111:41009], old=null at 0
2019-09-03 19:32:40,401 [be5f5855-7443-42e4-93e6-0a3a68fb3f3c:group-7C1CD7768324:LeaderElection108] INFO  impl.LeaderElection (LeaderElection.java:askForVotes(181)) - be5f5855-7443-42e4-93e6-0a3a68fb3f3c:group-7C1CD7768324:LeaderElection108: begin an election at term 1 for -1: [be5f5855-7443-42e4-93e6-0a3a68fb3f3c:192.168.36.111:36948], old=null
2019-09-03 19:32:40,402 [be5f5855-7443-42e4-93e6-0a3a68fb3f3c:group-7C1CD7768324:LeaderElection108] INFO  impl.RoleInfo (RoleInfo.java:shutdownLeaderElection(134)) - be5f5855-7443-42e4-93e6-0a3a68fb3f3c: shutdown LeaderElection
2019-09-03 19:32:40,402 [be5f5855-7443-42e4-93e6-0a3a68fb3f3c:group-7C1CD7768324:LeaderElection108] INFO  impl.RaftServerImpl (RaftServerImpl.java:setRole(171)) - be5f5855-7443-42e4-93e6-0a3a68fb3f3c:group-7C1CD7768324 changes role from CANDIDATE to LEADER at term 1 for changeToLeader
2019-09-03 19:32:40,402 [be5f5855-7443-42e4-93e6-0a3a68fb3f3c:group-7C1CD7768324:LeaderElection108] INFO  impl.RaftServerImpl (ServerState.java:setLeader(263)) - be5f5855-7443-42e4-93e6-0a3a68fb3f3c:group-7C1CD7768324 change Leader from null to be5f5855-7443-42e4-93e6-0a3a68fb3f3c at term 1 for becomeLeader, leader elected after 5149ms
2019-09-03 19:32:40,402 [be5f5855-7443-42e4-93e6-0a3a68fb3f3c:group-7C1CD7768324:LeaderElection108] INFO  server.RaftServerConfigKeys (ConfUtils.java:logGet(43)) - raft.server.staging.catchup.gap = 1000 (default)
2019-09-03 19:32:40,402 [be5f5855-7443-42e4-93e6-0a3a68fb3f3c:group-7C1CD7768324:LeaderElection108] INFO  server.RaftServerConfigKeys (ConfUtils.java:logGet(43)) - raft.server.rpc.sleep.time = 25ms (default)
2019-09-03 19:32:40,402 [be5f5855-7443-42e4-93e6-0a3a68fb3f3c:group-7C1CD7768324:LeaderElection108] INFO  server.RaftServerConfigKeys (ConfUtils.java:logGet(43)) - raft.server.write.element-limit = 4096 (default)
2019-09-03 19:32:40,402 [be5f5855-7443-42e4-93e6-0a3a68fb3f3c:group-7C1CD7768324:LeaderElection108] INFO  server.RaftServerConfigKeys (ConfUtils.java:logGet(43)) - raft.server.watch.timeout = 10s (default)
2019-09-03 19:32:40,402 [be5f5855-7443-42e4-93e6-0a3a68fb3f3c:group-7C1CD7768324:LeaderElection108] INFO  server.RaftServerConfigKeys (ConfUtils.java:logGet(43)) - raft.server.watch.timeout.denomination = 1s (default)
2019-09-03 19:32:40,402 [be5f5855-7443-42e4-93e6-0a3a68fb3f3c:group-7C1CD7768324:LeaderElection108] INFO  server.RaftServerConfigKeys (ConfUtils.java:logGet(43)) - raft.server.watch.element-limit = 65536 (default)
2019-09-03 19:32:40,403 [be5f5855-7443-42e4-93e6-0a3a68fb3f3c:group-7C1CD7768324:LeaderElection108] INFO  impl.RoleInfo (RoleInfo.java:updateAndGet(143)) - be5f5855-7443-42e4-93e6-0a3a68fb3f3c: start LeaderState
2019-09-03 19:32:40,403 [be5f5855-7443-42e4-93e6-0a3a68fb3f3c:group-7C1CD7768324:LeaderElection108] INFO  segmented.SegmentedRaftLogWorker (SegmentedRaftLogWorker.java:startLogSegment(380)) - be5f5855-7443-42e4-93e6-0a3a68fb3f3c-SegmentedRaftLogWorker:Storage Directory /workdir/hadoop-ozone/integration-test/target/test-dir/MiniOzoneClusterImpl-41176880-f664-46d8-b28c-56a7528e8d0a/datanode-6/data/ratis/fcd04335-8f4e-4e7a-8202-7c1cd7768324: Starting segment from index:0
2019-09-03 19:32:40,424 [4f57fb9f-f351-4aa3-a501-66abaf3d5f2e-SegmentedRaftLogWorker:Storage Directory /workdir/hadoop-ozone/integration-test/target/test-dir/MiniOzoneClusterImpl-41176880-f664-46d8-b28c-56a7528e8d0a/datanode-5/data/ratis/64847773-b75f-44a8-820c-7a1a06110b8e] INFO  segmented.SegmentedRaftLogWorker (SegmentedRaftLogWorker.java:execute(569)) - 4f57fb9f-f351-4aa3-a501-66abaf3d5f2e-SegmentedRaftLogWorker:Storage Directory /workdir/hadoop-ozone/integration-test/target/test-dir/MiniOzoneClusterImpl-41176880-f664-46d8-b28c-56a7528e8d0a/datanode-5/data/ratis/64847773-b75f-44a8-820c-7a1a06110b8e: created new log segment /workdir/hadoop-ozone/integration-test/target/test-dir/MiniOzoneClusterImpl-41176880-f664-46d8-b28c-56a7528e8d0a/datanode-5/data/ratis/64847773-b75f-44a8-820c-7a1a06110b8e/current/log_inprogress_0
2019-09-03 19:32:40,436 [be5f5855-7443-42e4-93e6-0a3a68fb3f3c-SegmentedRaftLogWorker:Storage Directory /workdir/hadoop-ozone/integration-test/target/test-dir/MiniOzoneClusterImpl-41176880-f664-46d8-b28c-56a7528e8d0a/datanode-6/data/ratis/fcd04335-8f4e-4e7a-8202-7c1cd7768324] INFO  segmented.SegmentedRaftLogWorker (SegmentedRaftLogWorker.java:execute(569)) - be5f5855-7443-42e4-93e6-0a3a68fb3f3c-SegmentedRaftLogWorker:Storage Directory /workdir/hadoop-ozone/integration-test/target/test-dir/MiniOzoneClusterImpl-41176880-f664-46d8-b28c-56a7528e8d0a/datanode-6/data/ratis/fcd04335-8f4e-4e7a-8202-7c1cd7768324: created new log segment /workdir/hadoop-ozone/integration-test/target/test-dir/MiniOzoneClusterImpl-41176880-f664-46d8-b28c-56a7528e8d0a/datanode-6/data/ratis/fcd04335-8f4e-4e7a-8202-7c1cd7768324/current/log_inprogress_0
2019-09-03 19:32:40,455 [be5f5855-7443-42e4-93e6-0a3a68fb3f3c:group-7C1CD7768324:LeaderElection108] INFO  impl.RaftServerImpl (ServerState.java:setRaftConf(361)) - be5f5855-7443-42e4-93e6-0a3a68fb3f3c:group-7C1CD7768324 set configuration 0: [be5f5855-7443-42e4-93e6-0a3a68fb3f3c:192.168.36.111:36948], old=null at 0
2019-09-03 19:32:40,494 [Thread-2605] INFO  impl.FollowerState (FollowerState.java:run(106)) - be5f5855-7443-42e4-93e6-0a3a68fb3f3c:group-2BB4FA63A403 changes to CANDIDATE, lastRpcTime:5171, electionTimeout:5171ms
2019-09-03 19:32:40,494 [Thread-2605] INFO  impl.RoleInfo (RoleInfo.java:shutdownFollowerState(121)) - be5f5855-7443-42e4-93e6-0a3a68fb3f3c: shutdown FollowerState
2019-09-03 19:32:40,494 [Thread-2605] INFO  impl.RaftServerImpl (RaftServerImpl.java:setRole(171)) - be5f5855-7443-42e4-93e6-0a3a68fb3f3c:group-2BB4FA63A403 changes role from FOLLOWER to CANDIDATE at term 0 for changeToCandidate
2019-09-03 19:32:40,494 [Thread-2605] INFO  impl.RoleInfo (RoleInfo.java:updateAndGet(143)) - be5f5855-7443-42e4-93e6-0a3a68fb3f3c: start LeaderElection
2019-09-03 19:32:40,515 [be5f5855-7443-42e4-93e6-0a3a68fb3f3c:group-2BB4FA63A403:LeaderElection109] INFO  impl.LeaderElection (LeaderElection.java:askForVotes(181)) - be5f5855-7443-42e4-93e6-0a3a68fb3f3c:group-2BB4FA63A403:LeaderElection109: begin an election at term 1 for -1: [be5f5855-7443-42e4-93e6-0a3a68fb3f3c:192.168.36.111:36948, 4f57fb9f-f351-4aa3-a501-66abaf3d5f2e:192.168.36.111:41009, aa1c6330-48b2-473c-9dc7-818fa0dc1007:192.168.36.111:40818], old=null
2019-09-03 19:32:40,535 [grpc-default-executor-1] INFO  impl.RaftServerImpl (RaftServerImpl.java:setRole(171)) - 4f57fb9f-f351-4aa3-a501-66abaf3d5f2e:group-2BB4FA63A403 changes role from FOLLOWER to FOLLOWER at term 1 for recognizeCandidate:be5f5855-7443-42e4-93e6-0a3a68fb3f3c
2019-09-03 19:32:40,535 [grpc-default-executor-0] INFO  impl.RaftServerImpl (RaftServerImpl.java:setRole(171)) - aa1c6330-48b2-473c-9dc7-818fa0dc1007:group-2BB4FA63A403 changes role from FOLLOWER to FOLLOWER at term 1 for recognizeCandidate:be5f5855-7443-42e4-93e6-0a3a68fb3f3c
2019-09-03 19:32:40,535 [grpc-default-executor-1] INFO  impl.RoleInfo (RoleInfo.java:shutdownFollowerState(121)) - 4f57fb9f-f351-4aa3-a501-66abaf3d5f2e: shutdown FollowerState
2019-09-03 19:32:40,535 [grpc-default-executor-0] INFO  impl.RoleInfo (RoleInfo.java:shutdownFollowerState(121)) - aa1c6330-48b2-473c-9dc7-818fa0dc1007: shutdown FollowerState
2019-09-03 19:32:40,536 [Thread-2610] INFO  impl.FollowerState (FollowerState.java:run(114)) - 4f57fb9f-f351-4aa3-a501-66abaf3d5f2e: FollowerState was interrupted: java.lang.InterruptedException: sleep interrupted
2019-09-03 19:32:40,536 [grpc-default-executor-1] INFO  impl.RoleInfo (RoleInfo.java:updateAndGet(143)) - 4f57fb9f-f351-4aa3-a501-66abaf3d5f2e: start FollowerState
2019-09-03 19:32:40,536 [Thread-2609] INFO  impl.FollowerState (FollowerState.java:run(114)) - aa1c6330-48b2-473c-9dc7-818fa0dc1007: FollowerState was interrupted: java.lang.InterruptedException: sleep interrupted
2019-09-03 19:32:40,536 [grpc-default-executor-0] INFO  impl.RoleInfo (RoleInfo.java:updateAndGet(143)) - aa1c6330-48b2-473c-9dc7-818fa0dc1007: start FollowerState
2019-09-03 19:32:40,555 [be5f5855-7443-42e4-93e6-0a3a68fb3f3c:group-2BB4FA63A403:LeaderElection109] INFO  impl.LeaderElection (LeaderElection.java:logAndReturn(56)) - be5f5855-7443-42e4-93e6-0a3a68fb3f3c:group-2BB4FA63A403:LeaderElection109: Election PASSED; received 1 response(s) [be5f5855-7443-42e4-93e6-0a3a68fb3f3c<-aa1c6330-48b2-473c-9dc7-818fa0dc1007#0:OK-t1] and 0 exception(s); be5f5855-7443-42e4-93e6-0a3a68fb3f3c:t1, leader=null, voted=be5f5855-7443-42e4-93e6-0a3a68fb3f3c, raftlog=be5f5855-7443-42e4-93e6-0a3a68fb3f3c-SegmentedRaftLog:OPENED:c-1,f-1,i0, conf=-1: [be5f5855-7443-42e4-93e6-0a3a68fb3f3c:192.168.36.111:36948, 4f57fb9f-f351-4aa3-a501-66abaf3d5f2e:192.168.36.111:41009, aa1c6330-48b2-473c-9dc7-818fa0dc1007:192.168.36.111:40818], old=null
2019-09-03 19:32:40,555 [be5f5855-7443-42e4-93e6-0a3a68fb3f3c:group-2BB4FA63A403:LeaderElection109] INFO  impl.RoleInfo (RoleInfo.java:shutdownLeaderElection(134)) - be5f5855-7443-42e4-93e6-0a3a68fb3f3c: shutdown LeaderElection
2019-09-03 19:32:40,555 [be5f5855-7443-42e4-93e6-0a3a68fb3f3c:group-2BB4FA63A403:LeaderElection109] INFO  impl.RaftServerImpl (RaftServerImpl.java:setRole(171)) - be5f5855-7443-42e4-93e6-0a3a68fb3f3c:group-2BB4FA63A403 changes role from CANDIDATE to LEADER at term 1 for changeToLeader
2019-09-03 19:32:40,555 [be5f5855-7443-42e4-93e6-0a3a68fb3f3c:group-2BB4FA63A403:LeaderElection109] INFO  impl.RaftServerImpl (ServerState.java:setLeader(263)) - be5f5855-7443-42e4-93e6-0a3a68fb3f3c:group-2BB4FA63A403 change Leader from null to be5f5855-7443-42e4-93e6-0a3a68fb3f3c at term 1 for becomeLeader, leader elected after 5241ms
2019-09-03 19:32:40,555 [be5f5855-7443-42e4-93e6-0a3a68fb3f3c:group-2BB4FA63A403:LeaderElection109] INFO  server.RaftServerConfigKeys (ConfUtils.java:logGet(43)) - raft.server.staging.catchup.gap = 1000 (default)
2019-09-03 19:32:40,556 [be5f5855-7443-42e4-93e6-0a3a68fb3f3c:group-2BB4FA63A403:LeaderElection109] INFO  server.RaftServerConfigKeys (ConfUtils.java:logGet(43)) - raft.server.rpc.sleep.time = 25ms (default)
2019-09-03 19:32:40,556 [be5f5855-7443-42e4-93e6-0a3a68fb3f3c:group-2BB4FA63A403:LeaderElection109] INFO  server.RaftServerConfigKeys (ConfUtils.java:logGet(43)) - raft.server.write.element-limit = 4096 (default)
2019-09-03 19:32:40,556 [be5f5855-7443-42e4-93e6-0a3a68fb3f3c:group-2BB4FA63A403:LeaderElection109] INFO  server.RaftServerConfigKeys (ConfUtils.java:logGet(43)) - raft.server.watch.timeout = 10s (default)
2019-09-03 19:32:40,556 [be5f5855-7443-42e4-93e6-0a3a68fb3f3c:group-2BB4FA63A403:LeaderElection109] INFO  server.RaftServerConfigKeys (ConfUtils.java:logGet(43)) - raft.server.watch.timeout.denomination = 1s (default)
2019-09-03 19:32:40,556 [be5f5855-7443-42e4-93e6-0a3a68fb3f3c:group-2BB4FA63A403:LeaderElection109] INFO  server.RaftServerConfigKeys (ConfUtils.java:logGet(43)) - raft.server.watch.element-limit = 65536 (default)
2019-09-03 19:32:40,556 [be5f5855-7443-42e4-93e6-0a3a68fb3f3c:group-2BB4FA63A403:LeaderElection109] INFO  server.RaftServerConfigKeys (ConfUtils.java:logGet(43)) - raft.server.log.appender.snapshot.chunk.size.max = 16MB (=16777216) (default)
2019-09-03 19:32:40,557 [be5f5855-7443-42e4-93e6-0a3a68fb3f3c:group-2BB4FA63A403:LeaderElection109] INFO  server.RaftServerConfigKeys (ConfUtils.java:logGet(43)) - raft.server.log.appender.buffer.byte-limit = 33554432 (custom)
2019-09-03 19:32:40,557 [be5f5855-7443-42e4-93e6-0a3a68fb3f3c:group-2BB4FA63A403:LeaderElection109] INFO  server.RaftServerConfigKeys (ConfUtils.java:logGet(43)) - raft.server.log.appender.buffer.element-limit = 1 (custom)
2019-09-03 19:32:40,557 [be5f5855-7443-42e4-93e6-0a3a68fb3f3c:group-2BB4FA63A403:LeaderElection109] INFO  grpc.GrpcConfigKeys$Server (ConfUtils.java:logGet(43)) - raft.grpc.server.leader.outstanding.appends.max = 128 (default)
2019-09-03 19:32:40,557 [be5f5855-7443-42e4-93e6-0a3a68fb3f3c:group-2BB4FA63A403:LeaderElection109] INFO  server.RaftServerConfigKeys (ConfUtils.java:logGet(43)) - raft.server.rpc.request.timeout = 3000ms (default)
2019-09-03 19:32:40,557 [be5f5855-7443-42e4-93e6-0a3a68fb3f3c:group-2BB4FA63A403:LeaderElection109] INFO  server.RaftServerConfigKeys (ConfUtils.java:logGet(43)) - raft.server.log.appender.install.snapshot.enabled = false (custom)
2019-09-03 19:32:40,558 [be5f5855-7443-42e4-93e6-0a3a68fb3f3c:group-2BB4FA63A403:LeaderElection109] INFO  server.RaftServerConfigKeys (ConfUtils.java:logGet(43)) - raft.server.log.appender.snapshot.chunk.size.max = 16MB (=16777216) (default)
2019-09-03 19:32:40,558 [be5f5855-7443-42e4-93e6-0a3a68fb3f3c:group-2BB4FA63A403:LeaderElection109] INFO  server.RaftServerConfigKeys (ConfUtils.java:logGet(43)) - raft.server.log.appender.buffer.byte-limit = 33554432 (custom)
2019-09-03 19:32:40,558 [be5f5855-7443-42e4-93e6-0a3a68fb3f3c:group-2BB4FA63A403:LeaderElection109] INFO  server.RaftServerConfigKeys (ConfUtils.java:logGet(43)) - raft.server.log.appender.buffer.element-limit = 1 (custom)
2019-09-03 19:32:40,558 [be5f5855-7443-42e4-93e6-0a3a68fb3f3c:group-2BB4FA63A403:LeaderElection109] INFO  grpc.GrpcConfigKeys$Server (ConfUtils.java:logGet(43)) - raft.grpc.server.leader.outstanding.appends.max = 128 (default)
2019-09-03 19:32:40,558 [be5f5855-7443-42e4-93e6-0a3a68fb3f3c:group-2BB4FA63A403:LeaderElection109] INFO  server.RaftServerConfigKeys (ConfUtils.java:logGet(43)) - raft.server.rpc.request.timeout = 3000ms (default)
2019-09-03 19:32:40,558 [be5f5855-7443-42e4-93e6-0a3a68fb3f3c:group-2BB4FA63A403:LeaderElection109] INFO  server.RaftServerConfigKeys (ConfUtils.java:logGet(43)) - raft.server.log.appender.install.snapshot.enabled = false (custom)
2019-09-03 19:32:40,559 [be5f5855-7443-42e4-93e6-0a3a68fb3f3c:group-2BB4FA63A403:LeaderElection109] INFO  impl.RoleInfo (RoleInfo.java:updateAndGet(143)) - be5f5855-7443-42e4-93e6-0a3a68fb3f3c: start LeaderState
2019-09-03 19:32:40,559 [be5f5855-7443-42e4-93e6-0a3a68fb3f3c:group-2BB4FA63A403:LeaderElection109] INFO  segmented.SegmentedRaftLogWorker (SegmentedRaftLogWorker.java:startLogSegment(380)) - be5f5855-7443-42e4-93e6-0a3a68fb3f3c-SegmentedRaftLogWorker:Storage Directory /workdir/hadoop-ozone/integration-test/target/test-dir/MiniOzoneClusterImpl-41176880-f664-46d8-b28c-56a7528e8d0a/datanode-6/data/ratis/2dc5d168-a910-42bd-bb38-2bb4fa63a403: Starting segment from index:0
2019-09-03 19:32:40,560 [be5f5855-7443-42e4-93e6-0a3a68fb3f3c:group-2BB4FA63A403:LeaderElection109] INFO  impl.RaftServerImpl (ServerState.java:setRaftConf(361)) - be5f5855-7443-42e4-93e6-0a3a68fb3f3c:group-2BB4FA63A403 set configuration 0: [be5f5855-7443-42e4-93e6-0a3a68fb3f3c:192.168.36.111:36948, 4f57fb9f-f351-4aa3-a501-66abaf3d5f2e:192.168.36.111:41009, aa1c6330-48b2-473c-9dc7-818fa0dc1007:192.168.36.111:40818], old=null at 0
2019-09-03 19:32:40,561 [grpc-default-executor-1] INFO  impl.RaftServerImpl (ServerState.java:setLeader(263)) - 4f57fb9f-f351-4aa3-a501-66abaf3d5f2e:group-2BB4FA63A403 change Leader from null to be5f5855-7443-42e4-93e6-0a3a68fb3f3c at term 1 for appendEntries, leader elected after 5246ms
2019-09-03 19:32:40,561 [grpc-default-executor-0] INFO  impl.RaftServerImpl (ServerState.java:setLeader(263)) - aa1c6330-48b2-473c-9dc7-818fa0dc1007:group-2BB4FA63A403 change Leader from null to be5f5855-7443-42e4-93e6-0a3a68fb3f3c at term 1 for appendEntries, leader elected after 5246ms
2019-09-03 19:32:40,598 [grpc-default-executor-0] INFO  impl.RaftServerImpl (ServerState.java:setRaftConf(361)) - 4f57fb9f-f351-4aa3-a501-66abaf3d5f2e:group-2BB4FA63A403 set configuration 0: [be5f5855-7443-42e4-93e6-0a3a68fb3f3c:192.168.36.111:36948, 4f57fb9f-f351-4aa3-a501-66abaf3d5f2e:192.168.36.111:41009, aa1c6330-48b2-473c-9dc7-818fa0dc1007:192.168.36.111:40818], old=null at 0
2019-09-03 19:32:40,598 [grpc-default-executor-1] INFO  impl.RaftServerImpl (ServerState.java:setRaftConf(361)) - aa1c6330-48b2-473c-9dc7-818fa0dc1007:group-2BB4FA63A403 set configuration 0: [be5f5855-7443-42e4-93e6-0a3a68fb3f3c:192.168.36.111:36948, 4f57fb9f-f351-4aa3-a501-66abaf3d5f2e:192.168.36.111:41009, aa1c6330-48b2-473c-9dc7-818fa0dc1007:192.168.36.111:40818], old=null at 0
2019-09-03 19:32:40,598 [grpc-default-executor-0] INFO  segmented.SegmentedRaftLogWorker (SegmentedRaftLogWorker.java:startLogSegment(380)) - 4f57fb9f-f351-4aa3-a501-66abaf3d5f2e-SegmentedRaftLogWorker:Storage Directory /workdir/hadoop-ozone/integration-test/target/test-dir/MiniOzoneClusterImpl-41176880-f664-46d8-b28c-56a7528e8d0a/datanode-5/data/ratis/2dc5d168-a910-42bd-bb38-2bb4fa63a403: Starting segment from index:0
2019-09-03 19:32:40,599 [grpc-default-executor-1] INFO  segmented.SegmentedRaftLogWorker (SegmentedRaftLogWorker.java:startLogSegment(380)) - aa1c6330-48b2-473c-9dc7-818fa0dc1007-SegmentedRaftLogWorker:Storage Directory /workdir/hadoop-ozone/integration-test/target/test-dir/MiniOzoneClusterImpl-41176880-f664-46d8-b28c-56a7528e8d0a/datanode-3/data/ratis/2dc5d168-a910-42bd-bb38-2bb4fa63a403: Starting segment from index:0
2019-09-03 19:32:40,607 [be5f5855-7443-42e4-93e6-0a3a68fb3f3c-SegmentedRaftLogWorker:Storage Directory /workdir/hadoop-ozone/integration-test/target/test-dir/MiniOzoneClusterImpl-41176880-f664-46d8-b28c-56a7528e8d0a/datanode-6/data/ratis/2dc5d168-a910-42bd-bb38-2bb4fa63a403] INFO  segmented.SegmentedRaftLogWorker (SegmentedRaftLogWorker.java:execute(569)) - be5f5855-7443-42e4-93e6-0a3a68fb3f3c-SegmentedRaftLogWorker:Storage Directory /workdir/hadoop-ozone/integration-test/target/test-dir/MiniOzoneClusterImpl-41176880-f664-46d8-b28c-56a7528e8d0a/datanode-6/data/ratis/2dc5d168-a910-42bd-bb38-2bb4fa63a403: created new log segment /workdir/hadoop-ozone/integration-test/target/test-dir/MiniOzoneClusterImpl-41176880-f664-46d8-b28c-56a7528e8d0a/datanode-6/data/ratis/2dc5d168-a910-42bd-bb38-2bb4fa63a403/current/log_inprogress_0
2019-09-03 19:32:40,653 [grpc-default-executor-0] INFO  client.GrpcClientProtocolClient (GrpcClientProtocolClient.java:onNext(255)) - client-4CABE020C7D8->11ad8d8e-6f5f-4180-b963-3849b37d37dc: receive RaftClientReply:client-4CABE020C7D8->11ad8d8e-6f5f-4180-b963-3849b37d37dc@group-AD4D0EF0791D, cid=103, FAILED org.apache.ratis.protocol.NotLeaderException: Server 11ad8d8e-6f5f-4180-b963-3849b37d37dc is not the leader (null). Request must be sent to leader., logIndex=0, commits[11ad8d8e-6f5f-4180-b963-3849b37d37dc:c-1]
2019-09-03 19:32:40,694 [4f57fb9f-f351-4aa3-a501-66abaf3d5f2e-SegmentedRaftLogWorker:Storage Directory /workdir/hadoop-ozone/integration-test/target/test-dir/MiniOzoneClusterImpl-41176880-f664-46d8-b28c-56a7528e8d0a/datanode-5/data/ratis/2dc5d168-a910-42bd-bb38-2bb4fa63a403] INFO  segmented.SegmentedRaftLogWorker (SegmentedRaftLogWorker.java:execute(569)) - 4f57fb9f-f351-4aa3-a501-66abaf3d5f2e-SegmentedRaftLogWorker:Storage Directory /workdir/hadoop-ozone/integration-test/target/test-dir/MiniOzoneClusterImpl-41176880-f664-46d8-b28c-56a7528e8d0a/datanode-5/data/ratis/2dc5d168-a910-42bd-bb38-2bb4fa63a403: created new log segment /workdir/hadoop-ozone/integration-test/target/test-dir/MiniOzoneClusterImpl-41176880-f664-46d8-b28c-56a7528e8d0a/datanode-5/data/ratis/2dc5d168-a910-42bd-bb38-2bb4fa63a403/current/log_inprogress_0
2019-09-03 19:32:40,694 [aa1c6330-48b2-473c-9dc7-818fa0dc1007-SegmentedRaftLogWorker:Storage Directory /workdir/hadoop-ozone/integration-test/target/test-dir/MiniOzoneClusterImpl-41176880-f664-46d8-b28c-56a7528e8d0a/datanode-3/data/ratis/2dc5d168-a910-42bd-bb38-2bb4fa63a403] INFO  segmented.SegmentedRaftLogWorker (SegmentedRaftLogWorker.java:execute(569)) - aa1c6330-48b2-473c-9dc7-818fa0dc1007-SegmentedRaftLogWorker:Storage Directory /workdir/hadoop-ozone/integration-test/target/test-dir/MiniOzoneClusterImpl-41176880-f664-46d8-b28c-56a7528e8d0a/datanode-3/data/ratis/2dc5d168-a910-42bd-bb38-2bb4fa63a403: created new log segment /workdir/hadoop-ozone/integration-test/target/test-dir/MiniOzoneClusterImpl-41176880-f664-46d8-b28c-56a7528e8d0a/datanode-3/data/ratis/2dc5d168-a910-42bd-bb38-2bb4fa63a403/current/log_inprogress_0
2019-09-03 19:32:41,664 [grpc-default-executor-1] INFO  client.GrpcClientProtocolClient (GrpcClientProtocolClient.java:onNext(255)) - client-4CABE020C7D8->7052ffe1-6ab1-4155-97b2-3918c28e345e: receive RaftClientReply:client-4CABE020C7D8->7052ffe1-6ab1-4155-97b2-3918c28e345e@group-AD4D0EF0791D, cid=103, FAILED org.apache.ratis.protocol.NotLeaderException: Server 7052ffe1-6ab1-4155-97b2-3918c28e345e is not the leader (null). Request must be sent to leader., logIndex=0, commits[7052ffe1-6ab1-4155-97b2-3918c28e345e:c-1]
2019-09-03 19:32:42,677 [grpc-default-executor-0] INFO  client.GrpcClientProtocolClient (GrpcClientProtocolClient.java:onNext(255)) - client-4CABE020C7D8->11ad8d8e-6f5f-4180-b963-3849b37d37dc: receive RaftClientReply:client-4CABE020C7D8->11ad8d8e-6f5f-4180-b963-3849b37d37dc@group-AD4D0EF0791D, cid=103, FAILED org.apache.ratis.protocol.NotLeaderException: Server 11ad8d8e-6f5f-4180-b963-3849b37d37dc is not the leader (null). Request must be sent to leader., logIndex=0, commits[11ad8d8e-6f5f-4180-b963-3849b37d37dc:c-1]
2019-09-03 19:32:43,691 [grpc-default-executor-0] INFO  client.GrpcClientProtocolClient (GrpcClientProtocolClient.java:onNext(255)) - client-4CABE020C7D8->f650faf9-d54a-4b2d-8e46-47465280ce6b: receive RaftClientReply:client-4CABE020C7D8->f650faf9-d54a-4b2d-8e46-47465280ce6b@group-AD4D0EF0791D, cid=103, FAILED org.apache.ratis.protocol.NotLeaderException: Server f650faf9-d54a-4b2d-8e46-47465280ce6b is not the leader (null). Request must be sent to leader., logIndex=0, commits[f650faf9-d54a-4b2d-8e46-47465280ce6b:c-1]
2019-09-03 19:32:44,703 [grpc-default-executor-0] INFO  client.GrpcClientProtocolClient (GrpcClientProtocolClient.java:onNext(255)) - client-4CABE020C7D8->11ad8d8e-6f5f-4180-b963-3849b37d37dc: receive RaftClientReply:client-4CABE020C7D8->11ad8d8e-6f5f-4180-b963-3849b37d37dc@group-AD4D0EF0791D, cid=103, FAILED org.apache.ratis.protocol.NotLeaderException: Server 11ad8d8e-6f5f-4180-b963-3849b37d37dc is not the leader (null). Request must be sent to leader., logIndex=0, commits[11ad8d8e-6f5f-4180-b963-3849b37d37dc:c-1]
2019-09-03 19:32:44,709 [grpc-default-worker-ELG-3-4] WARN  nio.NioEventLoop (NioEventLoop.java:select(786)) - Selector.select() returned prematurely {} times in a row; rebuilding Selector {}.
2019-09-03 19:32:44,710 [grpc-default-worker-ELG-3-4] INFO  nio.NioEventLoop (NioEventLoop.java:rebuildSelector0(396)) - Migrated 3 channel(s) to the new Selector.
2019-09-03 19:32:45,393 [Thread-2650] INFO  impl.FollowerState (FollowerState.java:run(106)) - 7052ffe1-6ab1-4155-97b2-3918c28e345e:group-AD4D0EF0791D changes to CANDIDATE, lastRpcTime:5021, electionTimeout:5021ms
2019-09-03 19:32:45,394 [Thread-2650] INFO  impl.RoleInfo (RoleInfo.java:shutdownFollowerState(121)) - 7052ffe1-6ab1-4155-97b2-3918c28e345e: shutdown FollowerState
2019-09-03 19:32:45,394 [Thread-2650] INFO  impl.RaftServerImpl (RaftServerImpl.java:setRole(171)) - 7052ffe1-6ab1-4155-97b2-3918c28e345e:group-AD4D0EF0791D changes role from FOLLOWER to CANDIDATE at term 1 for changeToCandidate
2019-09-03 19:32:45,394 [Thread-2650] INFO  impl.RoleInfo (RoleInfo.java:updateAndGet(143)) - 7052ffe1-6ab1-4155-97b2-3918c28e345e: start LeaderElection
2019-09-03 19:32:45,532 [Thread-2648] INFO  impl.FollowerState (FollowerState.java:run(106)) - f650faf9-d54a-4b2d-8e46-47465280ce6b:group-AD4D0EF0791D changes to CANDIDATE, lastRpcTime:5168, electionTimeout:5162ms
2019-09-03 19:32:45,533 [Thread-2648] INFO  impl.RoleInfo (RoleInfo.java:shutdownFollowerState(121)) - f650faf9-d54a-4b2d-8e46-47465280ce6b: shutdown FollowerState
2019-09-03 19:32:45,533 [Thread-2648] INFO  impl.RaftServerImpl (RaftServerImpl.java:setRole(171)) - f650faf9-d54a-4b2d-8e46-47465280ce6b:group-AD4D0EF0791D changes role from FOLLOWER to CANDIDATE at term 1 for changeToCandidate
2019-09-03 19:32:45,553 [Thread-2651] INFO  impl.FollowerState (FollowerState.java:run(106)) - 11ad8d8e-6f5f-4180-b963-3849b37d37dc:group-AD4D0EF0791D changes to CANDIDATE, lastRpcTime:5180, electionTimeout:5180ms
2019-09-03 19:32:45,553 [Thread-2651] INFO  impl.RoleInfo (RoleInfo.java:shutdownFollowerState(121)) - 11ad8d8e-6f5f-4180-b963-3849b37d37dc: shutdown FollowerState
2019-09-03 19:32:45,553 [Thread-2651] INFO  impl.RaftServerImpl (RaftServerImpl.java:setRole(171)) - 11ad8d8e-6f5f-4180-b963-3849b37d37dc:group-AD4D0EF0791D changes role from FOLLOWER to CANDIDATE at term 1 for changeToCandidate
2019-09-03 19:32:45,682 [Thread-2651] INFO  impl.RoleInfo (RoleInfo.java:updateAndGet(143)) - 11ad8d8e-6f5f-4180-b963-3849b37d37dc: start LeaderElection
2019-09-03 19:32:45,686 [Thread-2648] INFO  impl.RoleInfo (RoleInfo.java:updateAndGet(143)) - f650faf9-d54a-4b2d-8e46-47465280ce6b: start LeaderElection
2019-09-03 19:32:45,712 [7052ffe1-6ab1-4155-97b2-3918c28e345e:group-AD4D0EF0791D:LeaderElection110] INFO  impl.LeaderElection (LeaderElection.java:askForVotes(181)) - 7052ffe1-6ab1-4155-97b2-3918c28e345e:group-AD4D0EF0791D:LeaderElection110: begin an election at term 2 for -1: [f650faf9-d54a-4b2d-8e46-47465280ce6b:192.168.36.111:35529, 7052ffe1-6ab1-4155-97b2-3918c28e345e:192.168.36.111:37016, 11ad8d8e-6f5f-4180-b963-3849b37d37dc:192.168.36.111:34143], old=null
2019-09-03 19:32:45,712 [f650faf9-d54a-4b2d-8e46-47465280ce6b:group-AD4D0EF0791D:LeaderElection111] INFO  impl.LeaderElection (LeaderElection.java:askForVotes(181)) - f650faf9-d54a-4b2d-8e46-47465280ce6b:group-AD4D0EF0791D:LeaderElection111: begin an election at term 2 for -1: [f650faf9-d54a-4b2d-8e46-47465280ce6b:192.168.36.111:35529, 7052ffe1-6ab1-4155-97b2-3918c28e345e:192.168.36.111:37016, 11ad8d8e-6f5f-4180-b963-3849b37d37dc:192.168.36.111:34143], old=null
2019-09-03 19:32:45,712 [11ad8d8e-6f5f-4180-b963-3849b37d37dc:group-AD4D0EF0791D:LeaderElection112] INFO  impl.LeaderElection (LeaderElection.java:askForVotes(181)) - 11ad8d8e-6f5f-4180-b963-3849b37d37dc:group-AD4D0EF0791D:LeaderElection112: begin an election at term 2 for -1: [f650faf9-d54a-4b2d-8e46-47465280ce6b:192.168.36.111:35529, 7052ffe1-6ab1-4155-97b2-3918c28e345e:192.168.36.111:37016, 11ad8d8e-6f5f-4180-b963-3849b37d37dc:192.168.36.111:34143], old=null
2019-09-03 19:32:45,713 [grpc-default-executor-0] INFO  client.GrpcClientProtocolClient (GrpcClientProtocolClient.java:onNext(255)) - client-4CABE020C7D8->7052ffe1-6ab1-4155-97b2-3918c28e345e: receive RaftClientReply:client-4CABE020C7D8->7052ffe1-6ab1-4155-97b2-3918c28e345e@group-AD4D0EF0791D, cid=103, FAILED org.apache.ratis.protocol.NotLeaderException: Server 7052ffe1-6ab1-4155-97b2-3918c28e345e is not the leader (null). Request must be sent to leader., logIndex=0, commits[7052ffe1-6ab1-4155-97b2-3918c28e345e:c-1]
2019-09-03 19:32:45,719 [7052ffe1-6ab1-4155-97b2-3918c28e345e:group-AD4D0EF0791D:LeaderElection110] INFO  impl.LeaderElection (LeaderElection.java:logAndReturn(56)) - 7052ffe1-6ab1-4155-97b2-3918c28e345e:group-AD4D0EF0791D:LeaderElection110: Election REJECTED; received 2 response(s) [7052ffe1-6ab1-4155-97b2-3918c28e345e<-f650faf9-d54a-4b2d-8e46-47465280ce6b#0:FAIL-t2, 7052ffe1-6ab1-4155-97b2-3918c28e345e<-11ad8d8e-6f5f-4180-b963-3849b37d37dc#0:FAIL-t2] and 0 exception(s); 7052ffe1-6ab1-4155-97b2-3918c28e345e:t2, leader=null, voted=7052ffe1-6ab1-4155-97b2-3918c28e345e, raftlog=7052ffe1-6ab1-4155-97b2-3918c28e345e-SegmentedRaftLog:OPENED:c-1,f-1,i0, conf=-1: [f650faf9-d54a-4b2d-8e46-47465280ce6b:192.168.36.111:35529, 7052ffe1-6ab1-4155-97b2-3918c28e345e:192.168.36.111:37016, 11ad8d8e-6f5f-4180-b963-3849b37d37dc:192.168.36.111:34143], old=null
2019-09-03 19:32:45,719 [7052ffe1-6ab1-4155-97b2-3918c28e345e:group-AD4D0EF0791D:LeaderElection110] INFO  impl.RaftServerImpl (RaftServerImpl.java:setRole(171)) - 7052ffe1-6ab1-4155-97b2-3918c28e345e:group-AD4D0EF0791D changes role from CANDIDATE to FOLLOWER at term 2 for DISCOVERED_A_NEW_TERM
2019-09-03 19:32:45,720 [7052ffe1-6ab1-4155-97b2-3918c28e345e:group-AD4D0EF0791D:LeaderElection110] INFO  impl.RoleInfo (RoleInfo.java:shutdownLeaderElection(134)) - 7052ffe1-6ab1-4155-97b2-3918c28e345e: shutdown LeaderElection
2019-09-03 19:32:45,720 [11ad8d8e-6f5f-4180-b963-3849b37d37dc:group-AD4D0EF0791D:LeaderElection112] INFO  impl.LeaderElection (LeaderElection.java:logAndReturn(56)) - 11ad8d8e-6f5f-4180-b963-3849b37d37dc:group-AD4D0EF0791D:LeaderElection112: Election REJECTED; received 2 response(s) [11ad8d8e-6f5f-4180-b963-3849b37d37dc<-f650faf9-d54a-4b2d-8e46-47465280ce6b#0:FAIL-t2, 11ad8d8e-6f5f-4180-b963-3849b37d37dc<-7052ffe1-6ab1-4155-97b2-3918c28e345e#0:FAIL-t2] and 0 exception(s); 11ad8d8e-6f5f-4180-b963-3849b37d37dc:t2, leader=null, voted=11ad8d8e-6f5f-4180-b963-3849b37d37dc, raftlog=11ad8d8e-6f5f-4180-b963-3849b37d37dc-SegmentedRaftLog:OPENED:c-1,f-1,i0, conf=-1: [f650faf9-d54a-4b2d-8e46-47465280ce6b:192.168.36.111:35529, 7052ffe1-6ab1-4155-97b2-3918c28e345e:192.168.36.111:37016, 11ad8d8e-6f5f-4180-b963-3849b37d37dc:192.168.36.111:34143], old=null
2019-09-03 19:32:45,720 [7052ffe1-6ab1-4155-97b2-3918c28e345e:group-AD4D0EF0791D:LeaderElection110] INFO  impl.RoleInfo (RoleInfo.java:updateAndGet(143)) - 7052ffe1-6ab1-4155-97b2-3918c28e345e: start FollowerState
2019-09-03 19:32:45,720 [11ad8d8e-6f5f-4180-b963-3849b37d37dc:group-AD4D0EF0791D:LeaderElection112] INFO  impl.RaftServerImpl (RaftServerImpl.java:setRole(171)) - 11ad8d8e-6f5f-4180-b963-3849b37d37dc:group-AD4D0EF0791D changes role from CANDIDATE to FOLLOWER at term 2 for DISCOVERED_A_NEW_TERM
2019-09-03 19:32:45,720 [11ad8d8e-6f5f-4180-b963-3849b37d37dc:group-AD4D0EF0791D:LeaderElection112] INFO  impl.RoleInfo (RoleInfo.java:shutdownLeaderElection(134)) - 11ad8d8e-6f5f-4180-b963-3849b37d37dc: shutdown LeaderElection
2019-09-03 19:32:45,720 [11ad8d8e-6f5f-4180-b963-3849b37d37dc:group-AD4D0EF0791D:LeaderElection112] INFO  impl.RoleInfo (RoleInfo.java:updateAndGet(143)) - 11ad8d8e-6f5f-4180-b963-3849b37d37dc: start FollowerState
2019-09-03 19:32:45,721 [f650faf9-d54a-4b2d-8e46-47465280ce6b:group-AD4D0EF0791D:LeaderElection111] INFO  impl.LeaderElection (LeaderElection.java:logAndReturn(56)) - f650faf9-d54a-4b2d-8e46-47465280ce6b:group-AD4D0EF0791D:LeaderElection111: Election REJECTED; received 2 response(s) [f650faf9-d54a-4b2d-8e46-47465280ce6b<-7052ffe1-6ab1-4155-97b2-3918c28e345e#0:FAIL-t2, f650faf9-d54a-4b2d-8e46-47465280ce6b<-11ad8d8e-6f5f-4180-b963-3849b37d37dc#0:FAIL-t2] and 0 exception(s); f650faf9-d54a-4b2d-8e46-47465280ce6b:t2, leader=null, voted=f650faf9-d54a-4b2d-8e46-47465280ce6b, raftlog=f650faf9-d54a-4b2d-8e46-47465280ce6b-SegmentedRaftLog:OPENED:c-1,f-1,i0, conf=-1: [f650faf9-d54a-4b2d-8e46-47465280ce6b:192.168.36.111:35529, 7052ffe1-6ab1-4155-97b2-3918c28e345e:192.168.36.111:37016, 11ad8d8e-6f5f-4180-b963-3849b37d37dc:192.168.36.111:34143], old=null
2019-09-03 19:32:45,721 [f650faf9-d54a-4b2d-8e46-47465280ce6b:group-AD4D0EF0791D:LeaderElection111] INFO  impl.RaftServerImpl (RaftServerImpl.java:setRole(171)) - f650faf9-d54a-4b2d-8e46-47465280ce6b:group-AD4D0EF0791D changes role from CANDIDATE to FOLLOWER at term 2 for DISCOVERED_A_NEW_TERM
2019-09-03 19:32:45,721 [f650faf9-d54a-4b2d-8e46-47465280ce6b:group-AD4D0EF0791D:LeaderElection111] INFO  impl.RoleInfo (RoleInfo.java:shutdownLeaderElection(134)) - f650faf9-d54a-4b2d-8e46-47465280ce6b: shutdown LeaderElection
2019-09-03 19:32:45,721 [f650faf9-d54a-4b2d-8e46-47465280ce6b:group-AD4D0EF0791D:LeaderElection111] INFO  impl.RoleInfo (RoleInfo.java:updateAndGet(143)) - f650faf9-d54a-4b2d-8e46-47465280ce6b: start FollowerState
2019-09-03 19:32:46,727 [grpc-default-executor-0] INFO  client.GrpcClientProtocolClient (GrpcClientProtocolClient.java:onNext(255)) - client-4CABE020C7D8->f650faf9-d54a-4b2d-8e46-47465280ce6b: receive RaftClientReply:client-4CABE020C7D8->f650faf9-d54a-4b2d-8e46-47465280ce6b@group-AD4D0EF0791D, cid=103, FAILED org.apache.ratis.protocol.NotLeaderException: Server f650faf9-d54a-4b2d-8e46-47465280ce6b is not the leader (null). Request must be sent to leader., logIndex=0, commits[f650faf9-d54a-4b2d-8e46-47465280ce6b:c-1]
2019-09-03 19:32:47,736 [grpc-default-executor-0] INFO  client.GrpcClientProtocolClient (GrpcClientProtocolClient.java:onNext(255)) - client-4CABE020C7D8->7052ffe1-6ab1-4155-97b2-3918c28e345e: receive RaftClientReply:client-4CABE020C7D8->7052ffe1-6ab1-4155-97b2-3918c28e345e@group-AD4D0EF0791D, cid=103, FAILED org.apache.ratis.protocol.NotLeaderException: Server 7052ffe1-6ab1-4155-97b2-3918c28e345e is not the leader (null). Request must be sent to leader., logIndex=0, commits[7052ffe1-6ab1-4155-97b2-3918c28e345e:c-1]
2019-09-03 19:32:48,753 [grpc-default-executor-2] INFO  client.GrpcClientProtocolClient (GrpcClientProtocolClient.java:onNext(255)) - client-4CABE020C7D8->f650faf9-d54a-4b2d-8e46-47465280ce6b: receive RaftClientReply:client-4CABE020C7D8->f650faf9-d54a-4b2d-8e46-47465280ce6b@group-AD4D0EF0791D, cid=103, FAILED org.apache.ratis.protocol.NotLeaderException: Server f650faf9-d54a-4b2d-8e46-47465280ce6b is not the leader (null). Request must be sent to leader., logIndex=0, commits[f650faf9-d54a-4b2d-8e46-47465280ce6b:c-1]
2019-09-03 19:32:49,763 [grpc-default-executor-2] INFO  client.GrpcClientProtocolClient (GrpcClientProtocolClient.java:onNext(255)) - client-4CABE020C7D8->7052ffe1-6ab1-4155-97b2-3918c28e345e: receive RaftClientReply:client-4CABE020C7D8->7052ffe1-6ab1-4155-97b2-3918c28e345e@group-AD4D0EF0791D, cid=103, FAILED org.apache.ratis.protocol.NotLeaderException: Server 7052ffe1-6ab1-4155-97b2-3918c28e345e is not the leader (null). Request must be sent to leader., logIndex=0, commits[7052ffe1-6ab1-4155-97b2-3918c28e345e:c-1]
2019-09-03 19:32:49,768 [grpc-default-worker-ELG-3-1] WARN  nio.NioEventLoop (NioEventLoop.java:select(786)) - Selector.select() returned prematurely {} times in a row; rebuilding Selector {}.
2019-09-03 19:32:49,771 [grpc-default-worker-ELG-3-1] INFO  nio.NioEventLoop (NioEventLoop.java:rebuildSelector0(396)) - Migrated 4 channel(s) to the new Selector.
2019-09-03 19:32:50,731 [Thread-2700] INFO  impl.FollowerState (FollowerState.java:run(106)) - 7052ffe1-6ab1-4155-97b2-3918c28e345e:group-AD4D0EF0791D changes to CANDIDATE, lastRpcTime:5010, electionTimeout:5010ms
2019-09-03 19:32:50,731 [Thread-2700] INFO  impl.RoleInfo (RoleInfo.java:shutdownFollowerState(121)) - 7052ffe1-6ab1-4155-97b2-3918c28e345e: shutdown FollowerState
2019-09-03 19:32:50,731 [Thread-2700] INFO  impl.RaftServerImpl (RaftServerImpl.java:setRole(171)) - 7052ffe1-6ab1-4155-97b2-3918c28e345e:group-AD4D0EF0791D changes role from FOLLOWER to CANDIDATE at term 2 for changeToCandidate
2019-09-03 19:32:50,731 [Thread-2700] INFO  impl.RoleInfo (RoleInfo.java:updateAndGet(143)) - 7052ffe1-6ab1-4155-97b2-3918c28e345e: start LeaderElection
2019-09-03 19:32:50,736 [Thread-2701] INFO  impl.FollowerState (FollowerState.java:run(106)) - 11ad8d8e-6f5f-4180-b963-3849b37d37dc:group-AD4D0EF0791D changes to CANDIDATE, lastRpcTime:5015, electionTimeout:5014ms
2019-09-03 19:32:50,736 [Thread-2701] INFO  impl.RoleInfo (RoleInfo.java:shutdownFollowerState(121)) - 11ad8d8e-6f5f-4180-b963-3849b37d37dc: shutdown FollowerState
2019-09-03 19:32:50,736 [Thread-2701] INFO  impl.RaftServerImpl (RaftServerImpl.java:setRole(171)) - 11ad8d8e-6f5f-4180-b963-3849b37d37dc:group-AD4D0EF0791D changes role from FOLLOWER to CANDIDATE at term 2 for changeToCandidate
2019-09-03 19:32:50,736 [Thread-2701] INFO  impl.RoleInfo (RoleInfo.java:updateAndGet(143)) - 11ad8d8e-6f5f-4180-b963-3849b37d37dc: start LeaderElection
2019-09-03 19:32:50,740 [Thread-2702] INFO  impl.FollowerState (FollowerState.java:run(106)) - f650faf9-d54a-4b2d-8e46-47465280ce6b:group-AD4D0EF0791D changes to CANDIDATE, lastRpcTime:5018, electionTimeout:5018ms
2019-09-03 19:32:50,740 [Thread-2702] INFO  impl.RoleInfo (RoleInfo.java:shutdownFollowerState(121)) - f650faf9-d54a-4b2d-8e46-47465280ce6b: shutdown FollowerState
2019-09-03 19:32:50,740 [Thread-2702] INFO  impl.RaftServerImpl (RaftServerImpl.java:setRole(171)) - f650faf9-d54a-4b2d-8e46-47465280ce6b:group-AD4D0EF0791D changes role from FOLLOWER to CANDIDATE at term 2 for changeToCandidate
2019-09-03 19:32:50,740 [Thread-2702] INFO  impl.RoleInfo (RoleInfo.java:updateAndGet(143)) - f650faf9-d54a-4b2d-8e46-47465280ce6b: start LeaderElection
2019-09-03 19:32:50,751 [f650faf9-d54a-4b2d-8e46-47465280ce6b:group-AD4D0EF0791D:LeaderElection115] INFO  impl.LeaderElection (LeaderElection.java:askForVotes(181)) - f650faf9-d54a-4b2d-8e46-47465280ce6b:group-AD4D0EF0791D:LeaderElection115: begin an election at term 3 for -1: [f650faf9-d54a-4b2d-8e46-47465280ce6b:192.168.36.111:35529, 7052ffe1-6ab1-4155-97b2-3918c28e345e:192.168.36.111:37016, 11ad8d8e-6f5f-4180-b963-3849b37d37dc:192.168.36.111:34143], old=null
2019-09-03 19:32:50,751 [7052ffe1-6ab1-4155-97b2-3918c28e345e:group-AD4D0EF0791D:LeaderElection113] INFO  impl.LeaderElection (LeaderElection.java:askForVotes(181)) - 7052ffe1-6ab1-4155-97b2-3918c28e345e:group-AD4D0EF0791D:LeaderElection113: begin an election at term 3 for -1: [f650faf9-d54a-4b2d-8e46-47465280ce6b:192.168.36.111:35529, 7052ffe1-6ab1-4155-97b2-3918c28e345e:192.168.36.111:37016, 11ad8d8e-6f5f-4180-b963-3849b37d37dc:192.168.36.111:34143], old=null
2019-09-03 19:32:50,751 [11ad8d8e-6f5f-4180-b963-3849b37d37dc:group-AD4D0EF0791D:LeaderElection114] INFO  impl.LeaderElection (LeaderElection.java:askForVotes(181)) - 11ad8d8e-6f5f-4180-b963-3849b37d37dc:group-AD4D0EF0791D:LeaderElection114: begin an election at term 3 for -1: [f650faf9-d54a-4b2d-8e46-47465280ce6b:192.168.36.111:35529, 7052ffe1-6ab1-4155-97b2-3918c28e345e:192.168.36.111:37016, 11ad8d8e-6f5f-4180-b963-3849b37d37dc:192.168.36.111:34143], old=null
2019-09-03 19:32:50,756 [f650faf9-d54a-4b2d-8e46-47465280ce6b:group-AD4D0EF0791D:LeaderElection115] INFO  impl.LeaderElection (LeaderElection.java:logAndReturn(56)) - f650faf9-d54a-4b2d-8e46-47465280ce6b:group-AD4D0EF0791D:LeaderElection115: Election REJECTED; received 2 response(s) [f650faf9-d54a-4b2d-8e46-47465280ce6b<-7052ffe1-6ab1-4155-97b2-3918c28e345e#0:FAIL-t3, f650faf9-d54a-4b2d-8e46-47465280ce6b<-11ad8d8e-6f5f-4180-b963-3849b37d37dc#0:FAIL-t3] and 0 exception(s); f650faf9-d54a-4b2d-8e46-47465280ce6b:t3, leader=null, voted=f650faf9-d54a-4b2d-8e46-47465280ce6b, raftlog=f650faf9-d54a-4b2d-8e46-47465280ce6b-SegmentedRaftLog:OPENED:c-1,f-1,i0, conf=-1: [f650faf9-d54a-4b2d-8e46-47465280ce6b:192.168.36.111:35529, 7052ffe1-6ab1-4155-97b2-3918c28e345e:192.168.36.111:37016, 11ad8d8e-6f5f-4180-b963-3849b37d37dc:192.168.36.111:34143], old=null
2019-09-03 19:32:50,757 [f650faf9-d54a-4b2d-8e46-47465280ce6b:group-AD4D0EF0791D:LeaderElection115] INFO  impl.RaftServerImpl (RaftServerImpl.java:setRole(171)) - f650faf9-d54a-4b2d-8e46-47465280ce6b:group-AD4D0EF0791D changes role from CANDIDATE to FOLLOWER at term 3 for DISCOVERED_A_NEW_TERM
2019-09-03 19:32:50,757 [f650faf9-d54a-4b2d-8e46-47465280ce6b:group-AD4D0EF0791D:LeaderElection115] INFO  impl.RoleInfo (RoleInfo.java:shutdownLeaderElection(134)) - f650faf9-d54a-4b2d-8e46-47465280ce6b: shutdown LeaderElection
2019-09-03 19:32:50,757 [7052ffe1-6ab1-4155-97b2-3918c28e345e:group-AD4D0EF0791D:LeaderElection113] INFO  impl.LeaderElection (LeaderElection.java:logAndReturn(56)) - 7052ffe1-6ab1-4155-97b2-3918c28e345e:group-AD4D0EF0791D:LeaderElection113: Election REJECTED; received 2 response(s) [7052ffe1-6ab1-4155-97b2-3918c28e345e<-f650faf9-d54a-4b2d-8e46-47465280ce6b#0:FAIL-t3, 7052ffe1-6ab1-4155-97b2-3918c28e345e<-11ad8d8e-6f5f-4180-b963-3849b37d37dc#0:FAIL-t3] and 0 exception(s); 7052ffe1-6ab1-4155-97b2-3918c28e345e:t3, leader=null, voted=7052ffe1-6ab1-4155-97b2-3918c28e345e, raftlog=7052ffe1-6ab1-4155-97b2-3918c28e345e-SegmentedRaftLog:OPENED:c-1,f-1,i0, conf=-1: [f650faf9-d54a-4b2d-8e46-47465280ce6b:192.168.36.111:35529, 7052ffe1-6ab1-4155-97b2-3918c28e345e:192.168.36.111:37016, 11ad8d8e-6f5f-4180-b963-3849b37d37dc:192.168.36.111:34143], old=null
2019-09-03 19:32:50,757 [f650faf9-d54a-4b2d-8e46-47465280ce6b:group-AD4D0EF0791D:LeaderElection115] INFO  impl.RoleInfo (RoleInfo.java:updateAndGet(143)) - f650faf9-d54a-4b2d-8e46-47465280ce6b: start FollowerState
2019-09-03 19:32:50,757 [11ad8d8e-6f5f-4180-b963-3849b37d37dc:group-AD4D0EF0791D:LeaderElection114] INFO  impl.LeaderElection (LeaderElection.java:logAndReturn(56)) - 11ad8d8e-6f5f-4180-b963-3849b37d37dc:group-AD4D0EF0791D:LeaderElection114: Election REJECTED; received 2 response(s) [11ad8d8e-6f5f-4180-b963-3849b37d37dc<-f650faf9-d54a-4b2d-8e46-47465280ce6b#0:FAIL-t3, 11ad8d8e-6f5f-4180-b963-3849b37d37dc<-7052ffe1-6ab1-4155-97b2-3918c28e345e#0:FAIL-t3] and 0 exception(s); 11ad8d8e-6f5f-4180-b963-3849b37d37dc:t3, leader=null, voted=11ad8d8e-6f5f-4180-b963-3849b37d37dc, raftlog=11ad8d8e-6f5f-4180-b963-3849b37d37dc-SegmentedRaftLog:OPENED:c-1,f-1,i0, conf=-1: [f650faf9-d54a-4b2d-8e46-47465280ce6b:192.168.36.111:35529, 7052ffe1-6ab1-4155-97b2-3918c28e345e:192.168.36.111:37016, 11ad8d8e-6f5f-4180-b963-3849b37d37dc:192.168.36.111:34143], old=null
2019-09-03 19:32:50,757 [7052ffe1-6ab1-4155-97b2-3918c28e345e:group-AD4D0EF0791D:LeaderElection113] INFO  impl.RaftServerImpl (RaftServerImpl.java:setRole(171)) - 7052ffe1-6ab1-4155-97b2-3918c28e345e:group-AD4D0EF0791D changes role from CANDIDATE to FOLLOWER at term 3 for DISCOVERED_A_NEW_TERM
2019-09-03 19:32:50,758 [11ad8d8e-6f5f-4180-b963-3849b37d37dc:group-AD4D0EF0791D:LeaderElection114] INFO  impl.RaftServerImpl (RaftServerImpl.java:setRole(171)) - 11ad8d8e-6f5f-4180-b963-3849b37d37dc:group-AD4D0EF0791D changes role from CANDIDATE to FOLLOWER at term 3 for DISCOVERED_A_NEW_TERM
2019-09-03 19:32:50,758 [7052ffe1-6ab1-4155-97b2-3918c28e345e:group-AD4D0EF0791D:LeaderElection113] INFO  impl.RoleInfo (RoleInfo.java:shutdownLeaderElection(134)) - 7052ffe1-6ab1-4155-97b2-3918c28e345e: shutdown LeaderElection
2019-09-03 19:32:50,758 [11ad8d8e-6f5f-4180-b963-3849b37d37dc:group-AD4D0EF0791D:LeaderElection114] INFO  impl.RoleInfo (RoleInfo.java:shutdownLeaderElection(134)) - 11ad8d8e-6f5f-4180-b963-3849b37d37dc: shutdown LeaderElection
2019-09-03 19:32:50,758 [7052ffe1-6ab1-4155-97b2-3918c28e345e:group-AD4D0EF0791D:LeaderElection113] INFO  impl.RoleInfo (RoleInfo.java:updateAndGet(143)) - 7052ffe1-6ab1-4155-97b2-3918c28e345e: start FollowerState
2019-09-03 19:32:50,758 [11ad8d8e-6f5f-4180-b963-3849b37d37dc:group-AD4D0EF0791D:LeaderElection114] INFO  impl.RoleInfo (RoleInfo.java:updateAndGet(143)) - 11ad8d8e-6f5f-4180-b963-3849b37d37dc: start FollowerState
2019-09-03 19:32:50,772 [grpc-default-executor-0] INFO  client.GrpcClientProtocolClient (GrpcClientProtocolClient.java:onNext(255)) - client-4CABE020C7D8->f650faf9-d54a-4b2d-8e46-47465280ce6b: receive RaftClientReply:client-4CABE020C7D8->f650faf9-d54a-4b2d-8e46-47465280ce6b@group-AD4D0EF0791D, cid=103, FAILED org.apache.ratis.protocol.NotLeaderException: Server f650faf9-d54a-4b2d-8e46-47465280ce6b is not the leader (null). Request must be sent to leader., logIndex=0, commits[f650faf9-d54a-4b2d-8e46-47465280ce6b:c-1]
2019-09-03 19:32:50,777 [grpc-default-worker-ELG-3-2] WARN  nio.NioEventLoop (NioEventLoop.java:select(786)) - Selector.select() returned prematurely {} times in a row; rebuilding Selector {}.
2019-09-03 19:32:50,777 [grpc-default-worker-ELG-3-2] INFO  nio.NioEventLoop (NioEventLoop.java:rebuildSelector0(396)) - Migrated 3 channel(s) to the new Selector.
2019-09-03 19:32:51,785 [grpc-default-executor-4] INFO  client.GrpcClientProtocolClient (GrpcClientProtocolClient.java:onNext(255)) - client-4CABE020C7D8->11ad8d8e-6f5f-4180-b963-3849b37d37dc: receive RaftClientReply:client-4CABE020C7D8->11ad8d8e-6f5f-4180-b963-3849b37d37dc@group-AD4D0EF0791D, cid=103, FAILED org.apache.ratis.protocol.NotLeaderException: Server 11ad8d8e-6f5f-4180-b963-3849b37d37dc is not the leader (null). Request must be sent to leader., logIndex=0, commits[11ad8d8e-6f5f-4180-b963-3849b37d37dc:c-1]
2019-09-03 19:32:52,799 [grpc-default-executor-0] INFO  client.GrpcClientProtocolClient (GrpcClientProtocolClient.java:onNext(255)) - client-4CABE020C7D8->7052ffe1-6ab1-4155-97b2-3918c28e345e: receive RaftClientReply:client-4CABE020C7D8->7052ffe1-6ab1-4155-97b2-3918c28e345e@group-AD4D0EF0791D, cid=103, FAILED org.apache.ratis.protocol.NotLeaderException: Server 7052ffe1-6ab1-4155-97b2-3918c28e345e is not the leader (null). Request must be sent to leader., logIndex=0, commits[7052ffe1-6ab1-4155-97b2-3918c28e345e:c-1]
2019-09-03 19:32:53,814 [grpc-default-executor-4] INFO  client.GrpcClientProtocolClient (GrpcClientProtocolClient.java:onNext(255)) - client-4CABE020C7D8->11ad8d8e-6f5f-4180-b963-3849b37d37dc: receive RaftClientReply:client-4CABE020C7D8->11ad8d8e-6f5f-4180-b963-3849b37d37dc@group-AD4D0EF0791D, cid=103, FAILED org.apache.ratis.protocol.NotLeaderException: Server 11ad8d8e-6f5f-4180-b963-3849b37d37dc is not the leader (null). Request must be sent to leader., logIndex=0, commits[11ad8d8e-6f5f-4180-b963-3849b37d37dc:c-1]
2019-09-03 19:32:54,831 [grpc-default-executor-0] INFO  client.GrpcClientProtocolClient (GrpcClientProtocolClient.java:onNext(255)) - client-4CABE020C7D8->f650faf9-d54a-4b2d-8e46-47465280ce6b: receive RaftClientReply:client-4CABE020C7D8->f650faf9-d54a-4b2d-8e46-47465280ce6b@group-AD4D0EF0791D, cid=103, FAILED org.apache.ratis.protocol.NotLeaderException: Server f650faf9-d54a-4b2d-8e46-47465280ce6b is not the leader (null). Request must be sent to leader., logIndex=0, commits[f650faf9-d54a-4b2d-8e46-47465280ce6b:c-1]
]]></system-out>
  </testcase>
</testsuite>