<?xml version="1.0" encoding="UTF-8"?>
<testsuite xmlns:xsi="http://www.w3.org/2001/XMLSchema-instance" xsi:noNamespaceSchemaLocation="https://maven.apache.org/surefire/maven-surefire-plugin/xsd/surefire-test-report.xsd" name="org.apache.hadoop.ozone.freon.TestFreonWithPipelineDestroy" time="58.156" tests="1" errors="1" skipped="0" failures="0">
  <properties>
    <property name="awt.toolkit" value="sun.awt.X11.XToolkit"/>
    <property name="file.encoding.pkg" value="sun.io"/>
    <property name="java.specification.version" value="1.8"/>
    <property name="sun.cpu.isalist" value=""/>
    <property name="sun.jnu.encoding" value="UTF-8"/>
    <property name="java.class.path" value="/workdir/hadoop-ozone/tools/target/test-classes:/workdir/hadoop-ozone/tools/target/classes:/home/user/.m2/repository/org/apache/hadoop/hadoop-ozone-ozone-manager/0.5.0-SNAPSHOT/hadoop-ozone-ozone-manager-0.5.0-SNAPSHOT.jar:/home/user/.m2/repository/org/apache/hadoop/hadoop-hdds-docs/0.5.0-SNAPSHOT/hadoop-hdds-docs-0.5.0-SNAPSHOT.jar:/home/user/.m2/repository/org/bouncycastle/bcprov-jdk15on/1.60/bcprov-jdk15on-1.60.jar:/home/user/.m2/repository/org/apache/hadoop/hadoop-ozone-common/0.5.0-SNAPSHOT/hadoop-ozone-common-0.5.0-SNAPSHOT.jar:/home/user/.m2/repository/org/apache/commons/commons-compress/1.4.1/commons-compress-1.4.1.jar:/home/user/.m2/repository/org/tukaani/xz/1.0/xz-1.0.jar:/home/user/.m2/repository/org/apache/hadoop/hadoop-hdfs-client/3.2.0/hadoop-hdfs-client-3.2.0.jar:/home/user/.m2/repository/com/fasterxml/jackson/core/jackson-annotations/2.9.5/jackson-annotations-2.9.5.jar:/home/user/.m2/repository/org/apache/hadoop/hadoop-hdds-common/0.5.0-SNAPSHOT/hadoop-hdds-common-0.5.0-SNAPSHOT.jar:/home/user/.m2/repository/org/apache/hadoop/hadoop-hdds-config/0.5.0-SNAPSHOT/hadoop-hdds-config-0.5.0-SNAPSHOT.jar:/home/user/.m2/repository/javax/annotation/javax.annotation-api/1.2/javax.annotation-api-1.2.jar:/home/user/.m2/repository/org/apache/ratis/ratis-server/0.4.0-2337318-SNAPSHOT/ratis-server-0.4.0-2337318-SNAPSHOT.jar:/home/user/.m2/repository/org/apache/ratis/ratis-thirdparty-misc/0.2.0/ratis-thirdparty-misc-0.2.0.jar:/home/user/.m2/repository/org/apache/ratis/ratis-proto/0.4.0-2337318-SNAPSHOT/ratis-proto-0.4.0-2337318-SNAPSHOT.jar:/home/user/.m2/repository/org/apache/ratis/ratis-common/0.4.0-2337318-SNAPSHOT/ratis-common-0.4.0-2337318-SNAPSHOT.jar:/home/user/.m2/repository/org/apache/ratis/ratis-client/0.4.0-2337318-SNAPSHOT/ratis-client-0.4.0-2337318-SNAPSHOT.jar:/home/user/.m2/repository/org/apache/ratis/ratis-metrics/0.4.0-2337318-SNAPSHOT/ratis-metrics-0.4.0-2337318-SNAPSHOT.jar:/home/user/.m2/repository/org/apache/ratis/ratis-netty/0.4.0-2337318-SNAPSHOT/ratis-netty-0.4.0-2337318-SNAPSHOT.jar:/home/user/.m2/repository/org/apache/ratis/ratis-grpc/0.4.0-2337318-SNAPSHOT/ratis-grpc-0.4.0-2337318-SNAPSHOT.jar:/home/user/.m2/repository/org/rocksdb/rocksdbjni/6.0.1/rocksdbjni-6.0.1.jar:/home/user/.m2/repository/org/apache/logging/log4j/log4j-api/2.11.0/log4j-api-2.11.0.jar:/home/user/.m2/repository/org/apache/logging/log4j/log4j-core/2.11.0/log4j-core-2.11.0.jar:/home/user/.m2/repository/com/lmax/disruptor/3.4.2/disruptor-3.4.2.jar:/home/user/.m2/repository/org/apache/commons/commons-pool2/2.6.0/commons-pool2-2.6.0.jar:/home/user/.m2/repository/org/bouncycastle/bcpkix-jdk15on/1.60/bcpkix-jdk15on-1.60.jar:/home/user/.m2/repository/commons-validator/commons-validator/1.6/commons-validator-1.6.jar:/home/user/.m2/repository/commons-digester/commons-digester/1.8.1/commons-digester-1.8.1.jar:/home/user/.m2/repository/io/jaegertracing/jaeger-client/0.33.1/jaeger-client-0.33.1.jar:/home/user/.m2/repository/io/jaegertracing/jaeger-thrift/0.33.1/jaeger-thrift-0.33.1.jar:/home/user/.m2/repository/org/apache/thrift/libthrift/0.11.0/libthrift-0.11.0.jar:/home/user/.m2/repository/com/squareup/okhttp3/okhttp/3.9.0/okhttp-3.9.0.jar:/home/user/.m2/repository/com/squareup/okio/okio/1.13.0/okio-1.13.0.jar:/home/user/.m2/repository/io/jaegertracing/jaeger-core/0.33.1/jaeger-core-0.33.1.jar:/home/user/.m2/repository/io/jaegertracing/jaeger-tracerresolver/0.33.1/jaeger-tracerresolver-0.33.1.jar:/home/user/.m2/repository/io/opentracing/contrib/opentracing-tracerresolver/0.1.5/opentracing-tracerresolver-0.1.5.jar:/home/user/.m2/repository/io/opentracing/opentracing-util/0.31.0/opentracing-util-0.31.0.jar:/home/user/.m2/repository/io/opentracing/opentracing-api/0.31.0/opentracing-api-0.31.0.jar:/home/user/.m2/repository/io/opentracing/opentracing-noop/0.31.0/opentracing-noop-0.31.0.jar:/home/user/.m2/repository/org/yaml/snakeyaml/1.16/snakeyaml-1.16.jar:/home/user/.m2/repository/org/apache/hadoop/hadoop-hdds-container-service/0.5.0-SNAPSHOT/hadoop-hdds-container-service-0.5.0-SNAPSHOT.jar:/home/user/.m2/repository/org/apache/hadoop/hadoop-hdds-client/0.5.0-SNAPSHOT/hadoop-hdds-client-0.5.0-SNAPSHOT.jar:/home/user/.m2/repository/org/apache/hadoop/hadoop-hdds-tools/0.5.0-SNAPSHOT/hadoop-hdds-tools-0.5.0-SNAPSHOT.jar:/home/user/.m2/repository/org/xerial/sqlite-jdbc/3.25.2/sqlite-jdbc-3.25.2.jar:/home/user/.m2/repository/org/apache/hadoop/hadoop-hdds-server-scm/0.5.0-SNAPSHOT/hadoop-hdds-server-scm-0.5.0-SNAPSHOT.jar:/home/user/.m2/repository/org/hamcrest/hamcrest-all/1.3/hamcrest-all-1.3.jar:/home/user/.m2/repository/info/picocli/picocli/3.9.6/picocli-3.9.6.jar:/home/user/.m2/repository/com/google/protobuf/protobuf-java/2.5.0/protobuf-java-2.5.0.jar:/home/user/.m2/repository/com/google/guava/guava/11.0.2/guava-11.0.2.jar:/home/user/.m2/repository/org/apache/hadoop/hadoop-ozone-client/0.5.0-SNAPSHOT/hadoop-ozone-client-0.5.0-SNAPSHOT.jar:/workdir/hadoop-ozone/ozonefs/target/classes:/home/user/.m2/repository/org/apache/hadoop/hadoop-hdds-server-framework/0.5.0-SNAPSHOT/hadoop-hdds-server-framework-0.5.0-SNAPSHOT.jar:/home/user/.m2/repository/org/apache/hadoop/hadoop-common/3.2.0/hadoop-common-3.2.0.jar:/home/user/.m2/repository/org/apache/hadoop/hadoop-annotations/3.2.0/hadoop-annotations-3.2.0.jar:/usr/lib/jvm/java-1.8-openjdk/jre/../lib/tools.jar:/home/user/.m2/repository/commons-cli/commons-cli/1.2/commons-cli-1.2.jar:/home/user/.m2/repository/org/apache/commons/commons-math3/3.1.1/commons-math3-3.1.1.jar:/home/user/.m2/repository/org/apache/httpcomponents/httpclient/4.5.2/httpclient-4.5.2.jar:/home/user/.m2/repository/org/apache/httpcomponents/httpcore/4.4.4/httpcore-4.4.4.jar:/home/user/.m2/repository/commons-codec/commons-codec/1.11/commons-codec-1.11.jar:/home/user/.m2/repository/commons-io/commons-io/2.5/commons-io-2.5.jar:/home/user/.m2/repository/commons-net/commons-net/3.6/commons-net-3.6.jar:/home/user/.m2/repository/commons-collections/commons-collections/3.2.2/commons-collections-3.2.2.jar:/home/user/.m2/repository/javax/servlet/javax.servlet-api/3.1.0/javax.servlet-api-3.1.0.jar:/home/user/.m2/repository/org/eclipse/jetty/jetty-server/9.3.24.v20180605/jetty-server-9.3.24.v20180605.jar:/home/user/.m2/repository/org/eclipse/jetty/jetty-http/9.3.24.v20180605/jetty-http-9.3.24.v20180605.jar:/home/user/.m2/repository/org/eclipse/jetty/jetty-io/9.3.24.v20180605/jetty-io-9.3.24.v20180605.jar:/home/user/.m2/repository/org/eclipse/jetty/jetty-util/9.3.24.v20180605/jetty-util-9.3.24.v20180605.jar:/home/user/.m2/repository/org/eclipse/jetty/jetty-servlet/9.3.24.v20180605/jetty-servlet-9.3.24.v20180605.jar:/home/user/.m2/repository/org/eclipse/jetty/jetty-security/9.3.24.v20180605/jetty-security-9.3.24.v20180605.jar:/home/user/.m2/repository/org/eclipse/jetty/jetty-webapp/9.3.24.v20180605/jetty-webapp-9.3.24.v20180605.jar:/home/user/.m2/repository/org/eclipse/jetty/jetty-xml/9.3.24.v20180605/jetty-xml-9.3.24.v20180605.jar:/home/user/.m2/repository/javax/servlet/jsp/jsp-api/2.1/jsp-api-2.1.jar:/home/user/.m2/repository/com/sun/jersey/jersey-core/1.19/jersey-core-1.19.jar:/home/user/.m2/repository/javax/ws/rs/jsr311-api/1.1.1/jsr311-api-1.1.1.jar:/home/user/.m2/repository/com/sun/jersey/jersey-servlet/1.19/jersey-servlet-1.19.jar:/home/user/.m2/repository/com/sun/jersey/jersey-json/1.19/jersey-json-1.19.jar:/home/user/.m2/repository/org/codehaus/jettison/jettison/1.1/jettison-1.1.jar:/home/user/.m2/repository/com/sun/xml/bind/jaxb-impl/2.3.0.1/jaxb-impl-2.3.0.1.jar:/home/user/.m2/repository/org/codehaus/jackson/jackson-core-asl/1.9.13/jackson-core-asl-1.9.13.jar:/home/user/.m2/repository/org/codehaus/jackson/jackson-mapper-asl/1.9.13/jackson-mapper-asl-1.9.13.jar:/home/user/.m2/repository/org/codehaus/jackson/jackson-jaxrs/1.9.13/jackson-jaxrs-1.9.13.jar:/home/user/.m2/repository/org/codehaus/jackson/jackson-xc/1.9.13/jackson-xc-1.9.13.jar:/home/user/.m2/repository/com/sun/jersey/jersey-server/1.19/jersey-server-1.19.jar:/home/user/.m2/repository/commons-logging/commons-logging/1.1.3/commons-logging-1.1.3.jar:/home/user/.m2/repository/log4j/log4j/1.2.17/log4j-1.2.17.jar:/home/user/.m2/repository/commons-beanutils/commons-beanutils/1.9.3/commons-beanutils-1.9.3.jar:/home/user/.m2/repository/org/apache/commons/commons-configuration2/2.1.1/commons-configuration2-2.1.1.jar:/home/user/.m2/repository/org/apache/commons/commons-lang3/3.7/commons-lang3-3.7.jar:/home/user/.m2/repository/org/apache/commons/commons-text/1.4/commons-text-1.4.jar:/home/user/.m2/repository/org/slf4j/slf4j-api/1.7.25/slf4j-api-1.7.25.jar:/home/user/.m2/repository/org/slf4j/slf4j-log4j12/1.7.25/slf4j-log4j12-1.7.25.jar:/home/user/.m2/repository/org/apache/avro/avro/1.7.7/avro-1.7.7.jar:/home/user/.m2/repository/com/thoughtworks/paranamer/paranamer/2.3/paranamer-2.3.jar:/home/user/.m2/repository/org/xerial/snappy/snappy-java/1.0.5/snappy-java-1.0.5.jar:/home/user/.m2/repository/com/google/re2j/re2j/1.1/re2j-1.1.jar:/home/user/.m2/repository/com/google/code/gson/gson/2.2.4/gson-2.2.4.jar:/home/user/.m2/repository/org/apache/hadoop/hadoop-auth/3.2.0/hadoop-auth-3.2.0.jar:/home/user/.m2/repository/com/nimbusds/nimbus-jose-jwt/4.41.1/nimbus-jose-jwt-4.41.1.jar:/home/user/.m2/repository/com/github/stephenc/jcip/jcip-annotations/1.0-1/jcip-annotations-1.0-1.jar:/home/user/.m2/repository/net/minidev/json-smart/2.3/json-smart-2.3.jar:/home/user/.m2/repository/net/minidev/accessors-smart/1.2/accessors-smart-1.2.jar:/home/user/.m2/repository/org/apache/curator/curator-framework/2.12.0/curator-framework-2.12.0.jar:/home/user/.m2/repository/com/jcraft/jsch/0.1.54/jsch-0.1.54.jar:/home/user/.m2/repository/org/apache/curator/curator-client/2.12.0/curator-client-2.12.0.jar:/home/user/.m2/repository/org/apache/curator/curator-recipes/2.12.0/curator-recipes-2.12.0.jar:/home/user/.m2/repository/com/google/code/findbugs/jsr305/3.0.0/jsr305-3.0.0.jar:/home/user/.m2/repository/org/apache/htrace/htrace-core4/4.1.0-incubating/htrace-core4-4.1.0-incubating.jar:/home/user/.m2/repository/org/apache/zookeeper/zookeeper/3.4.13/zookeeper-3.4.13.jar:/home/user/.m2/repository/org/apache/yetus/audience-annotations/0.5.0/audience-annotations-0.5.0.jar:/home/user/.m2/repository/org/apache/kerby/kerb-simplekdc/1.0.1/kerb-simplekdc-1.0.1.jar:/home/user/.m2/repository/org/apache/kerby/kerb-client/1.0.1/kerb-client-1.0.1.jar:/home/user/.m2/repository/org/apache/kerby/kerby-config/1.0.1/kerby-config-1.0.1.jar:/home/user/.m2/repository/org/apache/kerby/kerb-core/1.0.1/kerb-core-1.0.1.jar:/home/user/.m2/repository/org/apache/kerby/kerby-pkix/1.0.1/kerby-pkix-1.0.1.jar:/home/user/.m2/repository/org/apache/kerby/kerby-asn1/1.0.1/kerby-asn1-1.0.1.jar:/home/user/.m2/repository/org/apache/kerby/kerby-util/1.0.1/kerby-util-1.0.1.jar:/home/user/.m2/repository/org/apache/kerby/kerb-common/1.0.1/kerb-common-1.0.1.jar:/home/user/.m2/repository/org/apache/kerby/kerb-crypto/1.0.1/kerb-crypto-1.0.1.jar:/home/user/.m2/repository/org/apache/kerby/kerb-util/1.0.1/kerb-util-1.0.1.jar:/home/user/.m2/repository/org/apache/kerby/token-provider/1.0.1/token-provider-1.0.1.jar:/home/user/.m2/repository/org/apache/kerby/kerb-admin/1.0.1/kerb-admin-1.0.1.jar:/home/user/.m2/repository/org/apache/kerby/kerb-server/1.0.1/kerb-server-1.0.1.jar:/home/user/.m2/repository/org/apache/kerby/kerb-identity/1.0.1/kerb-identity-1.0.1.jar:/home/user/.m2/repository/org/apache/kerby/kerby-xdr/1.0.1/kerby-xdr-1.0.1.jar:/home/user/.m2/repository/com/fasterxml/jackson/core/jackson-databind/2.9.5/jackson-databind-2.9.5.jar:/home/user/.m2/repository/com/fasterxml/jackson/core/jackson-core/2.9.5/jackson-core-2.9.5.jar:/home/user/.m2/repository/org/codehaus/woodstox/stax2-api/3.1.4/stax2-api-3.1.4.jar:/home/user/.m2/repository/com/fasterxml/woodstox/woodstox-core/5.0.3/woodstox-core-5.0.3.jar:/home/user/.m2/repository/dnsjava/dnsjava/2.1.7/dnsjava-2.1.7.jar:/home/user/.m2/repository/org/apache/hadoop/hadoop-hdfs/3.2.0/hadoop-hdfs-3.2.0.jar:/home/user/.m2/repository/org/eclipse/jetty/jetty-util-ajax/9.3.24.v20180605/jetty-util-ajax-9.3.24.v20180605.jar:/home/user/.m2/repository/commons-daemon/commons-daemon/1.0.13/commons-daemon-1.0.13.jar:/home/user/.m2/repository/io/netty/netty/3.10.5.Final/netty-3.10.5.Final.jar:/home/user/.m2/repository/io/netty/netty-all/4.0.52.Final/netty-all-4.0.52.Final.jar:/home/user/.m2/repository/org/fusesource/leveldbjni/leveldbjni-all/1.8/leveldbjni-all-1.8.jar:/home/user/.m2/repository/com/sun/xml/bind/jaxb-core/2.3.0.1/jaxb-core-2.3.0.1.jar:/home/user/.m2/repository/javax/xml/bind/jaxb-api/2.3.0/jaxb-api-2.3.0.jar:/home/user/.m2/repository/javax/activation/activation/1.1.1/activation-1.1.1.jar:/home/user/.m2/repository/io/dropwizard/metrics/metrics-core/3.2.4/metrics-core-3.2.4.jar:/home/user/.m2/repository/org/openjdk/jmh/jmh-core/1.19/jmh-core-1.19.jar:/home/user/.m2/repository/net/sf/jopt-simple/jopt-simple/4.6/jopt-simple-4.6.jar:/home/user/.m2/repository/org/openjdk/jmh/jmh-generator-annprocess/1.19/jmh-generator-annprocess-1.19.jar:/home/user/.m2/repository/com/google/code/findbugs/findbugs/3.0.1/findbugs-3.0.1.jar:/home/user/.m2/repository/net/jcip/jcip-annotations/1.0/jcip-annotations-1.0.jar:/home/user/.m2/repository/com/google/code/findbugs/bcel-findbugs/6.0/bcel-findbugs-6.0.jar:/home/user/.m2/repository/com/google/code/findbugs/jFormatString/2.0.1/jFormatString-2.0.1.jar:/home/user/.m2/repository/dom4j/dom4j/1.6.1/dom4j-1.6.1.jar:/home/user/.m2/repository/xml-apis/xml-apis/1.0.b2/xml-apis-1.0.b2.jar:/home/user/.m2/repository/org/ow2/asm/asm-debug-all/5.0.2/asm-debug-all-5.0.2.jar:/home/user/.m2/repository/org/ow2/asm/asm-commons/5.0.2/asm-commons-5.0.2.jar:/home/user/.m2/repository/org/ow2/asm/asm-tree/5.0.2/asm-tree-5.0.2.jar:/home/user/.m2/repository/org/ow2/asm/asm/5.0.4/asm-5.0.4.jar:/home/user/.m2/repository/commons-lang/commons-lang/2.6/commons-lang-2.6.jar:/home/user/.m2/repository/com/apple/AppleJavaExtensions/1.4/AppleJavaExtensions-1.4.jar:/home/user/.m2/repository/jaxen/jaxen/1.1.6/jaxen-1.1.6.jar:/home/user/.m2/repository/junit/junit/4.11/junit-4.11.jar:/home/user/.m2/repository/org/hamcrest/hamcrest-core/1.3/hamcrest-core-1.3.jar:/home/user/.m2/repository/org/apache/hadoop/hadoop-common/3.2.0/hadoop-common-3.2.0-tests.jar:/workdir/hadoop-ozone/integration-test/target/test-classes:/home/user/.m2/repository/org/apache/hadoop/hadoop-ozone-objectstore-service/0.5.0-SNAPSHOT/hadoop-ozone-objectstore-service-0.5.0-SNAPSHOT.jar:/home/user/.m2/repository/org/apache/hadoop/hadoop-ozone-s3gateway/0.5.0-SNAPSHOT/hadoop-ozone-s3gateway-0.5.0-SNAPSHOT.jar:/home/user/.m2/repository/org/jboss/weld/servlet/weld-servlet/2.4.7.Final/weld-servlet-2.4.7.Final.jar:/home/user/.m2/repository/org/glassfish/jersey/containers/jersey-container-servlet-core/2.27/jersey-container-servlet-core-2.27.jar:/home/user/.m2/repository/org/glassfish/hk2/external/javax.inject/2.5.0-b42/javax.inject-2.5.0-b42.jar:/home/user/.m2/repository/org/glassfish/jersey/core/jersey-common/2.27/jersey-common-2.27.jar:/home/user/.m2/repository/org/glassfish/hk2/osgi-resource-locator/1.0.1/osgi-resource-locator-1.0.1.jar:/home/user/.m2/repository/javax/ws/rs/javax.ws.rs-api/2.1/javax.ws.rs-api-2.1.jar:/home/user/.m2/repository/org/glassfish/jersey/ext/cdi/jersey-cdi1x/2.27/jersey-cdi1x-2.27.jar:/home/user/.m2/repository/org/glassfish/jersey/inject/jersey-hk2/2.27/jersey-hk2-2.27.jar:/home/user/.m2/repository/org/glassfish/hk2/hk2-locator/2.5.0-b42/hk2-locator-2.5.0-b42.jar:/home/user/.m2/repository/org/javassist/javassist/3.22.0-CR2/javassist-3.22.0-CR2.jar:/home/user/.m2/repository/org/glassfish/hk2/hk2-api/2.5.0/hk2-api-2.5.0.jar:/home/user/.m2/repository/org/glassfish/hk2/external/jakarta.inject/2.5.0/jakarta.inject-2.5.0.jar:/home/user/.m2/repository/org/glassfish/hk2/hk2-utils/2.5.0/hk2-utils-2.5.0.jar:/home/user/.m2/repository/jakarta/annotation/jakarta.annotation-api/1.3.4/jakarta.annotation-api-1.3.4.jar:/home/user/.m2/repository/org/glassfish/hk2/external/aopalliance-repackaged/2.5.0/aopalliance-repackaged-2.5.0.jar:/home/user/.m2/repository/com/fasterxml/jackson/dataformat/jackson-dataformat-xml/2.9.0/jackson-dataformat-xml-2.9.0.jar:/home/user/.m2/repository/com/fasterxml/jackson/module/jackson-module-jaxb-annotations/2.9.5/jackson-module-jaxb-annotations-2.9.5.jar:/home/user/.m2/repository/javax/enterprise/cdi-api/1.2/cdi-api-1.2.jar:/home/user/.m2/repository/javax/el/javax.el-api/3.0.0/javax.el-api-3.0.0.jar:/home/user/.m2/repository/javax/interceptor/javax.interceptor-api/1.2/javax.interceptor-api-1.2.jar:/home/user/.m2/repository/javax/inject/javax.inject/1/javax.inject-1.jar:/home/user/.m2/repository/org/apache/hadoop/hadoop-ozone-csi/0.5.0-SNAPSHOT/hadoop-ozone-csi-0.5.0-SNAPSHOT.jar:/home/user/.m2/repository/com/google/protobuf/protobuf-java-util/3.5.1/protobuf-java-util-3.5.1.jar:/home/user/.m2/repository/io/grpc/grpc-netty/1.17.1/grpc-netty-1.17.1.jar:/home/user/.m2/repository/io/grpc/grpc-core/1.17.1/grpc-core-1.17.1.jar:/home/user/.m2/repository/io/grpc/grpc-context/1.17.1/grpc-context-1.17.1.jar:/home/user/.m2/repository/com/google/errorprone/error_prone_annotations/2.2.0/error_prone_annotations-2.2.0.jar:/home/user/.m2/repository/org/codehaus/mojo/animal-sniffer-annotations/1.17/animal-sniffer-annotations-1.17.jar:/home/user/.m2/repository/io/opencensus/opencensus-api/0.17.0/opencensus-api-0.17.0.jar:/home/user/.m2/repository/io/opencensus/opencensus-contrib-grpc-metrics/0.17.0/opencensus-contrib-grpc-metrics-0.17.0.jar:/home/user/.m2/repository/io/netty/netty-codec-http2/4.1.30.Final/netty-codec-http2-4.1.30.Final.jar:/home/user/.m2/repository/io/netty/netty-codec-http/4.1.30.Final/netty-codec-http-4.1.30.Final.jar:/home/user/.m2/repository/io/netty/netty-codec/4.1.30.Final/netty-codec-4.1.30.Final.jar:/home/user/.m2/repository/io/netty/netty-handler/4.1.30.Final/netty-handler-4.1.30.Final.jar:/home/user/.m2/repository/io/netty/netty-handler-proxy/4.1.30.Final/netty-handler-proxy-4.1.30.Final.jar:/home/user/.m2/repository/io/netty/netty-codec-socks/4.1.30.Final/netty-codec-socks-4.1.30.Final.jar:/home/user/.m2/repository/io/netty/netty-transport-native-epoll/4.1.30.Final/netty-transport-native-epoll-4.1.30.Final.jar:/home/user/.m2/repository/io/netty/netty-common/4.1.30.Final/netty-common-4.1.30.Final.jar:/home/user/.m2/repository/io/netty/netty-buffer/4.1.30.Final/netty-buffer-4.1.30.Final.jar:/home/user/.m2/repository/io/netty/netty-transport/4.1.30.Final/netty-transport-4.1.30.Final.jar:/home/user/.m2/repository/io/netty/netty-resolver/4.1.30.Final/netty-resolver-4.1.30.Final.jar:/home/user/.m2/repository/io/netty/netty-transport-native-unix-common/4.1.30.Final/netty-transport-native-unix-common-4.1.30.Final.jar:/home/user/.m2/repository/io/grpc/grpc-protobuf/1.17.1/grpc-protobuf-1.17.1.jar:/home/user/.m2/repository/com/google/api/grpc/proto-google-common-protos/1.0.0/proto-google-common-protos-1.0.0.jar:/home/user/.m2/repository/io/grpc/grpc-protobuf-lite/1.17.1/grpc-protobuf-lite-1.17.1.jar:/home/user/.m2/repository/io/grpc/grpc-stub/1.17.1/grpc-stub-1.17.1.jar:/home/user/.m2/repository/org/apache/hadoop/hadoop-ozone-recon/0.5.0-SNAPSHOT/hadoop-ozone-recon-0.5.0-SNAPSHOT.jar:/home/user/.m2/repository/org/apache/hadoop/hadoop-ozone-reconcodegen/0.5.0-SNAPSHOT/hadoop-ozone-reconcodegen-0.5.0-SNAPSHOT.jar:/home/user/.m2/repository/com/google/inject/extensions/guice-multibindings/4.0/guice-multibindings-4.0.jar:/home/user/.m2/repository/com/google/inject/guice/4.0/guice-4.0.jar:/home/user/.m2/repository/aopalliance/aopalliance/1.0/aopalliance-1.0.jar:/home/user/.m2/repository/com/google/inject/extensions/guice-servlet/4.0/guice-servlet-4.0.jar:/home/user/.m2/repository/org/glassfish/jersey/containers/jersey-container-servlet/2.27/jersey-container-servlet-2.27.jar:/home/user/.m2/repository/org/glassfish/hk2/guice-bridge/2.5.0/guice-bridge-2.5.0.jar:/home/user/.m2/repository/org/glassfish/jersey/core/jersey-server/2.27/jersey-server-2.27.jar:/home/user/.m2/repository/org/glassfish/jersey/core/jersey-client/2.27/jersey-client-2.27.jar:/home/user/.m2/repository/org/glassfish/jersey/media/jersey-media-jaxb/2.27/jersey-media-jaxb-2.27.jar:/home/user/.m2/repository/javax/validation/validation-api/1.1.0.Final/validation-api-1.1.0.Final.jar:/home/user/.m2/repository/org/glassfish/jersey/media/jersey-media-json-jackson/2.27/jersey-media-json-jackson-2.27.jar:/home/user/.m2/repository/org/glassfish/jersey/ext/jersey-entity-filtering/2.27/jersey-entity-filtering-2.27.jar:/home/user/.m2/repository/com/google/inject/extensions/guice-assistedinject/4.0/guice-assistedinject-4.0.jar:/home/user/.m2/repository/org/jooq/jooq/3.11.10/jooq-3.11.10.jar:/home/user/.m2/repository/org/jooq/jooq-meta/3.11.10/jooq-meta-3.11.10.jar:/home/user/.m2/repository/org/jooq/jooq-codegen/3.11.10/jooq-codegen-3.11.10.jar:/home/user/.m2/repository/com/jolbox/bonecp/0.8.0.RELEASE/bonecp-0.8.0.RELEASE.jar:/home/user/.m2/repository/org/springframework/spring-jdbc/5.1.3.RELEASE/spring-jdbc-5.1.3.RELEASE.jar:/home/user/.m2/repository/org/springframework/spring-beans/5.1.3.RELEASE/spring-beans-5.1.3.RELEASE.jar:/home/user/.m2/repository/org/springframework/spring-core/5.1.3.RELEASE/spring-core-5.1.3.RELEASE.jar:/home/user/.m2/repository/org/springframework/spring-jcl/5.1.3.RELEASE/spring-jcl-5.1.3.RELEASE.jar:/home/user/.m2/repository/org/springframework/spring-tx/5.1.3.RELEASE/spring-tx-5.1.3.RELEASE.jar:/home/user/.m2/repository/org/mockito/mockito-core/2.15.0/mockito-core-2.15.0.jar:/home/user/.m2/repository/net/bytebuddy/byte-buddy/1.7.9/byte-buddy-1.7.9.jar:/home/user/.m2/repository/net/bytebuddy/byte-buddy-agent/1.7.9/byte-buddy-agent-1.7.9.jar:/home/user/.m2/repository/org/objenesis/objenesis/1.0/objenesis-1.0.jar:"/>
    <property name="java.vm.vendor" value="IcedTea"/>
    <property name="sun.arch.data.model" value="64"/>
    <property name="test.build.dir" value="/workdir/hadoop-ozone/tools/target/test-dir"/>
    <property name="test.cache.data" value=""/>
    <property name="java.vendor.url" value="https://icedtea.classpath.org"/>
    <property name="user.timezone" value=""/>
    <property name="java.vm.specification.version" value="1.8"/>
    <property name="os.name" value="Linux"/>
    <property name="test.build.data" value="/workdir/hadoop-ozone/tools/target/test-dir"/>
    <property name="user.country" value="US"/>
    <property name="sun.java.launcher" value="SUN_STANDARD"/>
    <property name="sun.boot.library.path" value="/usr/lib/jvm/java-1.8-openjdk/jre/lib/amd64"/>
    <property name="sun.java.command" value="/workdir/hadoop-ozone/tools/target/surefire/surefirebooter2676799140664563327.jar /workdir/hadoop-ozone/tools/target/surefire 2019-08-20T14-44-38_007-jvmRun1 surefire1271161108136022108tmp surefire_1188456023084597361138tmp"/>
    <property name="test" value="!TestMiniChaosOzoneCluster"/>
    <property name="surefire.test.class.path" value="/workdir/hadoop-ozone/tools/target/test-classes:/workdir/hadoop-ozone/tools/target/classes:/home/user/.m2/repository/org/apache/hadoop/hadoop-ozone-ozone-manager/0.5.0-SNAPSHOT/hadoop-ozone-ozone-manager-0.5.0-SNAPSHOT.jar:/home/user/.m2/repository/org/apache/hadoop/hadoop-hdds-docs/0.5.0-SNAPSHOT/hadoop-hdds-docs-0.5.0-SNAPSHOT.jar:/home/user/.m2/repository/org/bouncycastle/bcprov-jdk15on/1.60/bcprov-jdk15on-1.60.jar:/home/user/.m2/repository/org/apache/hadoop/hadoop-ozone-common/0.5.0-SNAPSHOT/hadoop-ozone-common-0.5.0-SNAPSHOT.jar:/home/user/.m2/repository/org/apache/commons/commons-compress/1.4.1/commons-compress-1.4.1.jar:/home/user/.m2/repository/org/tukaani/xz/1.0/xz-1.0.jar:/home/user/.m2/repository/org/apache/hadoop/hadoop-hdfs-client/3.2.0/hadoop-hdfs-client-3.2.0.jar:/home/user/.m2/repository/com/fasterxml/jackson/core/jackson-annotations/2.9.5/jackson-annotations-2.9.5.jar:/home/user/.m2/repository/org/apache/hadoop/hadoop-hdds-common/0.5.0-SNAPSHOT/hadoop-hdds-common-0.5.0-SNAPSHOT.jar:/home/user/.m2/repository/org/apache/hadoop/hadoop-hdds-config/0.5.0-SNAPSHOT/hadoop-hdds-config-0.5.0-SNAPSHOT.jar:/home/user/.m2/repository/javax/annotation/javax.annotation-api/1.2/javax.annotation-api-1.2.jar:/home/user/.m2/repository/org/apache/ratis/ratis-server/0.4.0-2337318-SNAPSHOT/ratis-server-0.4.0-2337318-SNAPSHOT.jar:/home/user/.m2/repository/org/apache/ratis/ratis-thirdparty-misc/0.2.0/ratis-thirdparty-misc-0.2.0.jar:/home/user/.m2/repository/org/apache/ratis/ratis-proto/0.4.0-2337318-SNAPSHOT/ratis-proto-0.4.0-2337318-SNAPSHOT.jar:/home/user/.m2/repository/org/apache/ratis/ratis-common/0.4.0-2337318-SNAPSHOT/ratis-common-0.4.0-2337318-SNAPSHOT.jar:/home/user/.m2/repository/org/apache/ratis/ratis-client/0.4.0-2337318-SNAPSHOT/ratis-client-0.4.0-2337318-SNAPSHOT.jar:/home/user/.m2/repository/org/apache/ratis/ratis-metrics/0.4.0-2337318-SNAPSHOT/ratis-metrics-0.4.0-2337318-SNAPSHOT.jar:/home/user/.m2/repository/org/apache/ratis/ratis-netty/0.4.0-2337318-SNAPSHOT/ratis-netty-0.4.0-2337318-SNAPSHOT.jar:/home/user/.m2/repository/org/apache/ratis/ratis-grpc/0.4.0-2337318-SNAPSHOT/ratis-grpc-0.4.0-2337318-SNAPSHOT.jar:/home/user/.m2/repository/org/rocksdb/rocksdbjni/6.0.1/rocksdbjni-6.0.1.jar:/home/user/.m2/repository/org/apache/logging/log4j/log4j-api/2.11.0/log4j-api-2.11.0.jar:/home/user/.m2/repository/org/apache/logging/log4j/log4j-core/2.11.0/log4j-core-2.11.0.jar:/home/user/.m2/repository/com/lmax/disruptor/3.4.2/disruptor-3.4.2.jar:/home/user/.m2/repository/org/apache/commons/commons-pool2/2.6.0/commons-pool2-2.6.0.jar:/home/user/.m2/repository/org/bouncycastle/bcpkix-jdk15on/1.60/bcpkix-jdk15on-1.60.jar:/home/user/.m2/repository/commons-validator/commons-validator/1.6/commons-validator-1.6.jar:/home/user/.m2/repository/commons-digester/commons-digester/1.8.1/commons-digester-1.8.1.jar:/home/user/.m2/repository/io/jaegertracing/jaeger-client/0.33.1/jaeger-client-0.33.1.jar:/home/user/.m2/repository/io/jaegertracing/jaeger-thrift/0.33.1/jaeger-thrift-0.33.1.jar:/home/user/.m2/repository/org/apache/thrift/libthrift/0.11.0/libthrift-0.11.0.jar:/home/user/.m2/repository/com/squareup/okhttp3/okhttp/3.9.0/okhttp-3.9.0.jar:/home/user/.m2/repository/com/squareup/okio/okio/1.13.0/okio-1.13.0.jar:/home/user/.m2/repository/io/jaegertracing/jaeger-core/0.33.1/jaeger-core-0.33.1.jar:/home/user/.m2/repository/io/jaegertracing/jaeger-tracerresolver/0.33.1/jaeger-tracerresolver-0.33.1.jar:/home/user/.m2/repository/io/opentracing/contrib/opentracing-tracerresolver/0.1.5/opentracing-tracerresolver-0.1.5.jar:/home/user/.m2/repository/io/opentracing/opentracing-util/0.31.0/opentracing-util-0.31.0.jar:/home/user/.m2/repository/io/opentracing/opentracing-api/0.31.0/opentracing-api-0.31.0.jar:/home/user/.m2/repository/io/opentracing/opentracing-noop/0.31.0/opentracing-noop-0.31.0.jar:/home/user/.m2/repository/org/yaml/snakeyaml/1.16/snakeyaml-1.16.jar:/home/user/.m2/repository/org/apache/hadoop/hadoop-hdds-container-service/0.5.0-SNAPSHOT/hadoop-hdds-container-service-0.5.0-SNAPSHOT.jar:/home/user/.m2/repository/org/apache/hadoop/hadoop-hdds-client/0.5.0-SNAPSHOT/hadoop-hdds-client-0.5.0-SNAPSHOT.jar:/home/user/.m2/repository/org/apache/hadoop/hadoop-hdds-tools/0.5.0-SNAPSHOT/hadoop-hdds-tools-0.5.0-SNAPSHOT.jar:/home/user/.m2/repository/org/xerial/sqlite-jdbc/3.25.2/sqlite-jdbc-3.25.2.jar:/home/user/.m2/repository/org/apache/hadoop/hadoop-hdds-server-scm/0.5.0-SNAPSHOT/hadoop-hdds-server-scm-0.5.0-SNAPSHOT.jar:/home/user/.m2/repository/org/hamcrest/hamcrest-all/1.3/hamcrest-all-1.3.jar:/home/user/.m2/repository/info/picocli/picocli/3.9.6/picocli-3.9.6.jar:/home/user/.m2/repository/com/google/protobuf/protobuf-java/2.5.0/protobuf-java-2.5.0.jar:/home/user/.m2/repository/com/google/guava/guava/11.0.2/guava-11.0.2.jar:/home/user/.m2/repository/org/apache/hadoop/hadoop-ozone-client/0.5.0-SNAPSHOT/hadoop-ozone-client-0.5.0-SNAPSHOT.jar:/workdir/hadoop-ozone/ozonefs/target/classes:/home/user/.m2/repository/org/apache/hadoop/hadoop-hdds-server-framework/0.5.0-SNAPSHOT/hadoop-hdds-server-framework-0.5.0-SNAPSHOT.jar:/home/user/.m2/repository/org/apache/hadoop/hadoop-common/3.2.0/hadoop-common-3.2.0.jar:/home/user/.m2/repository/org/apache/hadoop/hadoop-annotations/3.2.0/hadoop-annotations-3.2.0.jar:/usr/lib/jvm/java-1.8-openjdk/jre/../lib/tools.jar:/home/user/.m2/repository/commons-cli/commons-cli/1.2/commons-cli-1.2.jar:/home/user/.m2/repository/org/apache/commons/commons-math3/3.1.1/commons-math3-3.1.1.jar:/home/user/.m2/repository/org/apache/httpcomponents/httpclient/4.5.2/httpclient-4.5.2.jar:/home/user/.m2/repository/org/apache/httpcomponents/httpcore/4.4.4/httpcore-4.4.4.jar:/home/user/.m2/repository/commons-codec/commons-codec/1.11/commons-codec-1.11.jar:/home/user/.m2/repository/commons-io/commons-io/2.5/commons-io-2.5.jar:/home/user/.m2/repository/commons-net/commons-net/3.6/commons-net-3.6.jar:/home/user/.m2/repository/commons-collections/commons-collections/3.2.2/commons-collections-3.2.2.jar:/home/user/.m2/repository/javax/servlet/javax.servlet-api/3.1.0/javax.servlet-api-3.1.0.jar:/home/user/.m2/repository/org/eclipse/jetty/jetty-server/9.3.24.v20180605/jetty-server-9.3.24.v20180605.jar:/home/user/.m2/repository/org/eclipse/jetty/jetty-http/9.3.24.v20180605/jetty-http-9.3.24.v20180605.jar:/home/user/.m2/repository/org/eclipse/jetty/jetty-io/9.3.24.v20180605/jetty-io-9.3.24.v20180605.jar:/home/user/.m2/repository/org/eclipse/jetty/jetty-util/9.3.24.v20180605/jetty-util-9.3.24.v20180605.jar:/home/user/.m2/repository/org/eclipse/jetty/jetty-servlet/9.3.24.v20180605/jetty-servlet-9.3.24.v20180605.jar:/home/user/.m2/repository/org/eclipse/jetty/jetty-security/9.3.24.v20180605/jetty-security-9.3.24.v20180605.jar:/home/user/.m2/repository/org/eclipse/jetty/jetty-webapp/9.3.24.v20180605/jetty-webapp-9.3.24.v20180605.jar:/home/user/.m2/repository/org/eclipse/jetty/jetty-xml/9.3.24.v20180605/jetty-xml-9.3.24.v20180605.jar:/home/user/.m2/repository/javax/servlet/jsp/jsp-api/2.1/jsp-api-2.1.jar:/home/user/.m2/repository/com/sun/jersey/jersey-core/1.19/jersey-core-1.19.jar:/home/user/.m2/repository/javax/ws/rs/jsr311-api/1.1.1/jsr311-api-1.1.1.jar:/home/user/.m2/repository/com/sun/jersey/jersey-servlet/1.19/jersey-servlet-1.19.jar:/home/user/.m2/repository/com/sun/jersey/jersey-json/1.19/jersey-json-1.19.jar:/home/user/.m2/repository/org/codehaus/jettison/jettison/1.1/jettison-1.1.jar:/home/user/.m2/repository/com/sun/xml/bind/jaxb-impl/2.3.0.1/jaxb-impl-2.3.0.1.jar:/home/user/.m2/repository/org/codehaus/jackson/jackson-core-asl/1.9.13/jackson-core-asl-1.9.13.jar:/home/user/.m2/repository/org/codehaus/jackson/jackson-mapper-asl/1.9.13/jackson-mapper-asl-1.9.13.jar:/home/user/.m2/repository/org/codehaus/jackson/jackson-jaxrs/1.9.13/jackson-jaxrs-1.9.13.jar:/home/user/.m2/repository/org/codehaus/jackson/jackson-xc/1.9.13/jackson-xc-1.9.13.jar:/home/user/.m2/repository/com/sun/jersey/jersey-server/1.19/jersey-server-1.19.jar:/home/user/.m2/repository/commons-logging/commons-logging/1.1.3/commons-logging-1.1.3.jar:/home/user/.m2/repository/log4j/log4j/1.2.17/log4j-1.2.17.jar:/home/user/.m2/repository/commons-beanutils/commons-beanutils/1.9.3/commons-beanutils-1.9.3.jar:/home/user/.m2/repository/org/apache/commons/commons-configuration2/2.1.1/commons-configuration2-2.1.1.jar:/home/user/.m2/repository/org/apache/commons/commons-lang3/3.7/commons-lang3-3.7.jar:/home/user/.m2/repository/org/apache/commons/commons-text/1.4/commons-text-1.4.jar:/home/user/.m2/repository/org/slf4j/slf4j-api/1.7.25/slf4j-api-1.7.25.jar:/home/user/.m2/repository/org/slf4j/slf4j-log4j12/1.7.25/slf4j-log4j12-1.7.25.jar:/home/user/.m2/repository/org/apache/avro/avro/1.7.7/avro-1.7.7.jar:/home/user/.m2/repository/com/thoughtworks/paranamer/paranamer/2.3/paranamer-2.3.jar:/home/user/.m2/repository/org/xerial/snappy/snappy-java/1.0.5/snappy-java-1.0.5.jar:/home/user/.m2/repository/com/google/re2j/re2j/1.1/re2j-1.1.jar:/home/user/.m2/repository/com/google/code/gson/gson/2.2.4/gson-2.2.4.jar:/home/user/.m2/repository/org/apache/hadoop/hadoop-auth/3.2.0/hadoop-auth-3.2.0.jar:/home/user/.m2/repository/com/nimbusds/nimbus-jose-jwt/4.41.1/nimbus-jose-jwt-4.41.1.jar:/home/user/.m2/repository/com/github/stephenc/jcip/jcip-annotations/1.0-1/jcip-annotations-1.0-1.jar:/home/user/.m2/repository/net/minidev/json-smart/2.3/json-smart-2.3.jar:/home/user/.m2/repository/net/minidev/accessors-smart/1.2/accessors-smart-1.2.jar:/home/user/.m2/repository/org/apache/curator/curator-framework/2.12.0/curator-framework-2.12.0.jar:/home/user/.m2/repository/com/jcraft/jsch/0.1.54/jsch-0.1.54.jar:/home/user/.m2/repository/org/apache/curator/curator-client/2.12.0/curator-client-2.12.0.jar:/home/user/.m2/repository/org/apache/curator/curator-recipes/2.12.0/curator-recipes-2.12.0.jar:/home/user/.m2/repository/com/google/code/findbugs/jsr305/3.0.0/jsr305-3.0.0.jar:/home/user/.m2/repository/org/apache/htrace/htrace-core4/4.1.0-incubating/htrace-core4-4.1.0-incubating.jar:/home/user/.m2/repository/org/apache/zookeeper/zookeeper/3.4.13/zookeeper-3.4.13.jar:/home/user/.m2/repository/org/apache/yetus/audience-annotations/0.5.0/audience-annotations-0.5.0.jar:/home/user/.m2/repository/org/apache/kerby/kerb-simplekdc/1.0.1/kerb-simplekdc-1.0.1.jar:/home/user/.m2/repository/org/apache/kerby/kerb-client/1.0.1/kerb-client-1.0.1.jar:/home/user/.m2/repository/org/apache/kerby/kerby-config/1.0.1/kerby-config-1.0.1.jar:/home/user/.m2/repository/org/apache/kerby/kerb-core/1.0.1/kerb-core-1.0.1.jar:/home/user/.m2/repository/org/apache/kerby/kerby-pkix/1.0.1/kerby-pkix-1.0.1.jar:/home/user/.m2/repository/org/apache/kerby/kerby-asn1/1.0.1/kerby-asn1-1.0.1.jar:/home/user/.m2/repository/org/apache/kerby/kerby-util/1.0.1/kerby-util-1.0.1.jar:/home/user/.m2/repository/org/apache/kerby/kerb-common/1.0.1/kerb-common-1.0.1.jar:/home/user/.m2/repository/org/apache/kerby/kerb-crypto/1.0.1/kerb-crypto-1.0.1.jar:/home/user/.m2/repository/org/apache/kerby/kerb-util/1.0.1/kerb-util-1.0.1.jar:/home/user/.m2/repository/org/apache/kerby/token-provider/1.0.1/token-provider-1.0.1.jar:/home/user/.m2/repository/org/apache/kerby/kerb-admin/1.0.1/kerb-admin-1.0.1.jar:/home/user/.m2/repository/org/apache/kerby/kerb-server/1.0.1/kerb-server-1.0.1.jar:/home/user/.m2/repository/org/apache/kerby/kerb-identity/1.0.1/kerb-identity-1.0.1.jar:/home/user/.m2/repository/org/apache/kerby/kerby-xdr/1.0.1/kerby-xdr-1.0.1.jar:/home/user/.m2/repository/com/fasterxml/jackson/core/jackson-databind/2.9.5/jackson-databind-2.9.5.jar:/home/user/.m2/repository/com/fasterxml/jackson/core/jackson-core/2.9.5/jackson-core-2.9.5.jar:/home/user/.m2/repository/org/codehaus/woodstox/stax2-api/3.1.4/stax2-api-3.1.4.jar:/home/user/.m2/repository/com/fasterxml/woodstox/woodstox-core/5.0.3/woodstox-core-5.0.3.jar:/home/user/.m2/repository/dnsjava/dnsjava/2.1.7/dnsjava-2.1.7.jar:/home/user/.m2/repository/org/apache/hadoop/hadoop-hdfs/3.2.0/hadoop-hdfs-3.2.0.jar:/home/user/.m2/repository/org/eclipse/jetty/jetty-util-ajax/9.3.24.v20180605/jetty-util-ajax-9.3.24.v20180605.jar:/home/user/.m2/repository/commons-daemon/commons-daemon/1.0.13/commons-daemon-1.0.13.jar:/home/user/.m2/repository/io/netty/netty/3.10.5.Final/netty-3.10.5.Final.jar:/home/user/.m2/repository/io/netty/netty-all/4.0.52.Final/netty-all-4.0.52.Final.jar:/home/user/.m2/repository/org/fusesource/leveldbjni/leveldbjni-all/1.8/leveldbjni-all-1.8.jar:/home/user/.m2/repository/com/sun/xml/bind/jaxb-core/2.3.0.1/jaxb-core-2.3.0.1.jar:/home/user/.m2/repository/javax/xml/bind/jaxb-api/2.3.0/jaxb-api-2.3.0.jar:/home/user/.m2/repository/javax/activation/activation/1.1.1/activation-1.1.1.jar:/home/user/.m2/repository/io/dropwizard/metrics/metrics-core/3.2.4/metrics-core-3.2.4.jar:/home/user/.m2/repository/org/openjdk/jmh/jmh-core/1.19/jmh-core-1.19.jar:/home/user/.m2/repository/net/sf/jopt-simple/jopt-simple/4.6/jopt-simple-4.6.jar:/home/user/.m2/repository/org/openjdk/jmh/jmh-generator-annprocess/1.19/jmh-generator-annprocess-1.19.jar:/home/user/.m2/repository/com/google/code/findbugs/findbugs/3.0.1/findbugs-3.0.1.jar:/home/user/.m2/repository/net/jcip/jcip-annotations/1.0/jcip-annotations-1.0.jar:/home/user/.m2/repository/com/google/code/findbugs/bcel-findbugs/6.0/bcel-findbugs-6.0.jar:/home/user/.m2/repository/com/google/code/findbugs/jFormatString/2.0.1/jFormatString-2.0.1.jar:/home/user/.m2/repository/dom4j/dom4j/1.6.1/dom4j-1.6.1.jar:/home/user/.m2/repository/xml-apis/xml-apis/1.0.b2/xml-apis-1.0.b2.jar:/home/user/.m2/repository/org/ow2/asm/asm-debug-all/5.0.2/asm-debug-all-5.0.2.jar:/home/user/.m2/repository/org/ow2/asm/asm-commons/5.0.2/asm-commons-5.0.2.jar:/home/user/.m2/repository/org/ow2/asm/asm-tree/5.0.2/asm-tree-5.0.2.jar:/home/user/.m2/repository/org/ow2/asm/asm/5.0.4/asm-5.0.4.jar:/home/user/.m2/repository/commons-lang/commons-lang/2.6/commons-lang-2.6.jar:/home/user/.m2/repository/com/apple/AppleJavaExtensions/1.4/AppleJavaExtensions-1.4.jar:/home/user/.m2/repository/jaxen/jaxen/1.1.6/jaxen-1.1.6.jar:/home/user/.m2/repository/junit/junit/4.11/junit-4.11.jar:/home/user/.m2/repository/org/hamcrest/hamcrest-core/1.3/hamcrest-core-1.3.jar:/home/user/.m2/repository/org/apache/hadoop/hadoop-common/3.2.0/hadoop-common-3.2.0-tests.jar:/workdir/hadoop-ozone/integration-test/target/test-classes:/home/user/.m2/repository/org/apache/hadoop/hadoop-ozone-objectstore-service/0.5.0-SNAPSHOT/hadoop-ozone-objectstore-service-0.5.0-SNAPSHOT.jar:/home/user/.m2/repository/org/apache/hadoop/hadoop-ozone-s3gateway/0.5.0-SNAPSHOT/hadoop-ozone-s3gateway-0.5.0-SNAPSHOT.jar:/home/user/.m2/repository/org/jboss/weld/servlet/weld-servlet/2.4.7.Final/weld-servlet-2.4.7.Final.jar:/home/user/.m2/repository/org/glassfish/jersey/containers/jersey-container-servlet-core/2.27/jersey-container-servlet-core-2.27.jar:/home/user/.m2/repository/org/glassfish/hk2/external/javax.inject/2.5.0-b42/javax.inject-2.5.0-b42.jar:/home/user/.m2/repository/org/glassfish/jersey/core/jersey-common/2.27/jersey-common-2.27.jar:/home/user/.m2/repository/org/glassfish/hk2/osgi-resource-locator/1.0.1/osgi-resource-locator-1.0.1.jar:/home/user/.m2/repository/javax/ws/rs/javax.ws.rs-api/2.1/javax.ws.rs-api-2.1.jar:/home/user/.m2/repository/org/glassfish/jersey/ext/cdi/jersey-cdi1x/2.27/jersey-cdi1x-2.27.jar:/home/user/.m2/repository/org/glassfish/jersey/inject/jersey-hk2/2.27/jersey-hk2-2.27.jar:/home/user/.m2/repository/org/glassfish/hk2/hk2-locator/2.5.0-b42/hk2-locator-2.5.0-b42.jar:/home/user/.m2/repository/org/javassist/javassist/3.22.0-CR2/javassist-3.22.0-CR2.jar:/home/user/.m2/repository/org/glassfish/hk2/hk2-api/2.5.0/hk2-api-2.5.0.jar:/home/user/.m2/repository/org/glassfish/hk2/external/jakarta.inject/2.5.0/jakarta.inject-2.5.0.jar:/home/user/.m2/repository/org/glassfish/hk2/hk2-utils/2.5.0/hk2-utils-2.5.0.jar:/home/user/.m2/repository/jakarta/annotation/jakarta.annotation-api/1.3.4/jakarta.annotation-api-1.3.4.jar:/home/user/.m2/repository/org/glassfish/hk2/external/aopalliance-repackaged/2.5.0/aopalliance-repackaged-2.5.0.jar:/home/user/.m2/repository/com/fasterxml/jackson/dataformat/jackson-dataformat-xml/2.9.0/jackson-dataformat-xml-2.9.0.jar:/home/user/.m2/repository/com/fasterxml/jackson/module/jackson-module-jaxb-annotations/2.9.5/jackson-module-jaxb-annotations-2.9.5.jar:/home/user/.m2/repository/javax/enterprise/cdi-api/1.2/cdi-api-1.2.jar:/home/user/.m2/repository/javax/el/javax.el-api/3.0.0/javax.el-api-3.0.0.jar:/home/user/.m2/repository/javax/interceptor/javax.interceptor-api/1.2/javax.interceptor-api-1.2.jar:/home/user/.m2/repository/javax/inject/javax.inject/1/javax.inject-1.jar:/home/user/.m2/repository/org/apache/hadoop/hadoop-ozone-csi/0.5.0-SNAPSHOT/hadoop-ozone-csi-0.5.0-SNAPSHOT.jar:/home/user/.m2/repository/com/google/protobuf/protobuf-java-util/3.5.1/protobuf-java-util-3.5.1.jar:/home/user/.m2/repository/io/grpc/grpc-netty/1.17.1/grpc-netty-1.17.1.jar:/home/user/.m2/repository/io/grpc/grpc-core/1.17.1/grpc-core-1.17.1.jar:/home/user/.m2/repository/io/grpc/grpc-context/1.17.1/grpc-context-1.17.1.jar:/home/user/.m2/repository/com/google/errorprone/error_prone_annotations/2.2.0/error_prone_annotations-2.2.0.jar:/home/user/.m2/repository/org/codehaus/mojo/animal-sniffer-annotations/1.17/animal-sniffer-annotations-1.17.jar:/home/user/.m2/repository/io/opencensus/opencensus-api/0.17.0/opencensus-api-0.17.0.jar:/home/user/.m2/repository/io/opencensus/opencensus-contrib-grpc-metrics/0.17.0/opencensus-contrib-grpc-metrics-0.17.0.jar:/home/user/.m2/repository/io/netty/netty-codec-http2/4.1.30.Final/netty-codec-http2-4.1.30.Final.jar:/home/user/.m2/repository/io/netty/netty-codec-http/4.1.30.Final/netty-codec-http-4.1.30.Final.jar:/home/user/.m2/repository/io/netty/netty-codec/4.1.30.Final/netty-codec-4.1.30.Final.jar:/home/user/.m2/repository/io/netty/netty-handler/4.1.30.Final/netty-handler-4.1.30.Final.jar:/home/user/.m2/repository/io/netty/netty-handler-proxy/4.1.30.Final/netty-handler-proxy-4.1.30.Final.jar:/home/user/.m2/repository/io/netty/netty-codec-socks/4.1.30.Final/netty-codec-socks-4.1.30.Final.jar:/home/user/.m2/repository/io/netty/netty-transport-native-epoll/4.1.30.Final/netty-transport-native-epoll-4.1.30.Final.jar:/home/user/.m2/repository/io/netty/netty-common/4.1.30.Final/netty-common-4.1.30.Final.jar:/home/user/.m2/repository/io/netty/netty-buffer/4.1.30.Final/netty-buffer-4.1.30.Final.jar:/home/user/.m2/repository/io/netty/netty-transport/4.1.30.Final/netty-transport-4.1.30.Final.jar:/home/user/.m2/repository/io/netty/netty-resolver/4.1.30.Final/netty-resolver-4.1.30.Final.jar:/home/user/.m2/repository/io/netty/netty-transport-native-unix-common/4.1.30.Final/netty-transport-native-unix-common-4.1.30.Final.jar:/home/user/.m2/repository/io/grpc/grpc-protobuf/1.17.1/grpc-protobuf-1.17.1.jar:/home/user/.m2/repository/com/google/api/grpc/proto-google-common-protos/1.0.0/proto-google-common-protos-1.0.0.jar:/home/user/.m2/repository/io/grpc/grpc-protobuf-lite/1.17.1/grpc-protobuf-lite-1.17.1.jar:/home/user/.m2/repository/io/grpc/grpc-stub/1.17.1/grpc-stub-1.17.1.jar:/home/user/.m2/repository/org/apache/hadoop/hadoop-ozone-recon/0.5.0-SNAPSHOT/hadoop-ozone-recon-0.5.0-SNAPSHOT.jar:/home/user/.m2/repository/org/apache/hadoop/hadoop-ozone-reconcodegen/0.5.0-SNAPSHOT/hadoop-ozone-reconcodegen-0.5.0-SNAPSHOT.jar:/home/user/.m2/repository/com/google/inject/extensions/guice-multibindings/4.0/guice-multibindings-4.0.jar:/home/user/.m2/repository/com/google/inject/guice/4.0/guice-4.0.jar:/home/user/.m2/repository/aopalliance/aopalliance/1.0/aopalliance-1.0.jar:/home/user/.m2/repository/com/google/inject/extensions/guice-servlet/4.0/guice-servlet-4.0.jar:/home/user/.m2/repository/org/glassfish/jersey/containers/jersey-container-servlet/2.27/jersey-container-servlet-2.27.jar:/home/user/.m2/repository/org/glassfish/hk2/guice-bridge/2.5.0/guice-bridge-2.5.0.jar:/home/user/.m2/repository/org/glassfish/jersey/core/jersey-server/2.27/jersey-server-2.27.jar:/home/user/.m2/repository/org/glassfish/jersey/core/jersey-client/2.27/jersey-client-2.27.jar:/home/user/.m2/repository/org/glassfish/jersey/media/jersey-media-jaxb/2.27/jersey-media-jaxb-2.27.jar:/home/user/.m2/repository/javax/validation/validation-api/1.1.0.Final/validation-api-1.1.0.Final.jar:/home/user/.m2/repository/org/glassfish/jersey/media/jersey-media-json-jackson/2.27/jersey-media-json-jackson-2.27.jar:/home/user/.m2/repository/org/glassfish/jersey/ext/jersey-entity-filtering/2.27/jersey-entity-filtering-2.27.jar:/home/user/.m2/repository/com/google/inject/extensions/guice-assistedinject/4.0/guice-assistedinject-4.0.jar:/home/user/.m2/repository/org/jooq/jooq/3.11.10/jooq-3.11.10.jar:/home/user/.m2/repository/org/jooq/jooq-meta/3.11.10/jooq-meta-3.11.10.jar:/home/user/.m2/repository/org/jooq/jooq-codegen/3.11.10/jooq-codegen-3.11.10.jar:/home/user/.m2/repository/com/jolbox/bonecp/0.8.0.RELEASE/bonecp-0.8.0.RELEASE.jar:/home/user/.m2/repository/org/springframework/spring-jdbc/5.1.3.RELEASE/spring-jdbc-5.1.3.RELEASE.jar:/home/user/.m2/repository/org/springframework/spring-beans/5.1.3.RELEASE/spring-beans-5.1.3.RELEASE.jar:/home/user/.m2/repository/org/springframework/spring-core/5.1.3.RELEASE/spring-core-5.1.3.RELEASE.jar:/home/user/.m2/repository/org/springframework/spring-jcl/5.1.3.RELEASE/spring-jcl-5.1.3.RELEASE.jar:/home/user/.m2/repository/org/springframework/spring-tx/5.1.3.RELEASE/spring-tx-5.1.3.RELEASE.jar:/home/user/.m2/repository/org/mockito/mockito-core/2.15.0/mockito-core-2.15.0.jar:/home/user/.m2/repository/net/bytebuddy/byte-buddy/1.7.9/byte-buddy-1.7.9.jar:/home/user/.m2/repository/net/bytebuddy/byte-buddy-agent/1.7.9/byte-buddy-agent-1.7.9.jar:/home/user/.m2/repository/org/objenesis/objenesis/1.0/objenesis-1.0.jar:"/>
    <property name="sun.cpu.endian" value="little"/>
    <property name="user.home" value="/home/user"/>
    <property name="user.language" value="en"/>
    <property name="java.specification.vendor" value="Oracle Corporation"/>
    <property name="java.home" value="/usr/lib/jvm/java-1.8-openjdk/jre"/>
    <property name="java.security.krb5.conf" value="/workdir/hadoop-ozone/tools/target/test-classes/krb5.conf"/>
    <property name="basedir" value="/workdir/hadoop-ozone/tools"/>
    <property name="file.separator" value="/"/>
    <property name="line.separator" value="&#10;"/>
    <property name="java.vm.specification.vendor" value="Oracle Corporation"/>
    <property name="java.specification.name" value="Java Platform API Specification"/>
    <property name="java.awt.graphicsenv" value="sun.awt.X11GraphicsEnvironment"/>
    <property name="surefire.real.class.path" value="/workdir/hadoop-ozone/tools/target/surefire/surefirebooter2676799140664563327.jar"/>
    <property name="hadoop.log.dir" value="/workdir/hadoop-ozone/tools/target/log"/>
    <property name="sun.boot.class.path" value="/usr/lib/jvm/java-1.8-openjdk/jre/lib/resources.jar:/usr/lib/jvm/java-1.8-openjdk/jre/lib/rt.jar:/usr/lib/jvm/java-1.8-openjdk/jre/lib/sunrsasign.jar:/usr/lib/jvm/java-1.8-openjdk/jre/lib/jsse.jar:/usr/lib/jvm/java-1.8-openjdk/jre/lib/jce.jar:/usr/lib/jvm/java-1.8-openjdk/jre/lib/charsets.jar:/usr/lib/jvm/java-1.8-openjdk/jre/lib/jfr.jar:/usr/lib/jvm/java-1.8-openjdk/jre/classes"/>
    <property name="sun.management.compiler" value="HotSpot 64-Bit Tiered Compilers"/>
    <property name="java.runtime.version" value="1.8.0_212-b04"/>
    <property name="java.net.preferIPv4Stack" value="true"/>
    <property name="user.name" value="jenkins1000"/>
    <property name="path.separator" value=":"/>
    <property name="java.security.egd" value="file:///dev/urandom"/>
    <property name="os.version" value="3.10.0-957.12.2.el7.x86_64"/>
    <property name="java.endorsed.dirs" value="/usr/lib/jvm/java-1.8-openjdk/jre/lib/endorsed"/>
    <property name="java.runtime.name" value="OpenJDK Runtime Environment"/>
    <property name="file.encoding" value="UTF-8"/>
    <property name="java.vm.name" value="OpenJDK 64-Bit Server VM"/>
    <property name="test.build.webapps" value=""/>
    <property name="localRepository" value="/home/user/.m2/repository"/>
    <property name="java.vendor.url.bug" value="https://icedtea.classpath.org/bugzilla"/>
    <property name="java.io.tmpdir" value="/tmp"/>
    <property name="require.test.libhadoop" value=""/>
    <property name="java.version" value="1.8.0_212"/>
    <property name="user.dir" value="/workdir/hadoop-ozone/tools"/>
    <property name="os.arch" value="amd64"/>
    <property name="java.vm.specification.name" value="Java Virtual Machine Specification"/>
    <property name="test.build.classes" value="/workdir/hadoop-ozone/tools/target/test-classes"/>
    <property name="java.awt.printerjob" value="sun.print.PSPrinterJob"/>
    <property name="sun.os.patch.level" value="unknown"/>
    <property name="hadoop.tmp.dir" value="/workdir/hadoop-ozone/tools/target/tmp"/>
    <property name="java.library.path" value="/usr/lib/jvm/java-1.8-openjdk/jre/lib/amd64/server:/usr/lib/jvm/java-1.8-openjdk/jre/lib/amd64:/usr/lib/jvm/java-1.8-openjdk/jre/../lib/amd64:/workdir/hadoop-ozone/tools/target/native/target/usr/local/lib:/workdir/hadoop-ozone/tools/../../hadoop-common-project/hadoop-common/target/native/target/usr/local/lib:/usr/java/packages/lib/amd64:/usr/lib64:/lib64:/lib:/usr/lib"/>
    <property name="java.vm.info" value="mixed mode"/>
    <property name="java.vendor" value="IcedTea"/>
    <property name="java.vm.version" value="25.212-b04"/>
    <property name="java.ext.dirs" value="/usr/lib/jvm/java-1.8-openjdk/jre/lib/ext:/usr/java/packages/lib/ext"/>
    <property name="sun.io.unicode.encoding" value="UnicodeLittle"/>
    <property name="java.class.version" value="52.0"/>
  </properties>
  <testcase name="testRestart" classname="org.apache.hadoop.ozone.freon.TestFreonWithPipelineDestroy" time="35.421">
    <error message="Allocated 0 blocks. Requested 5 blocks" type="INTERNAL_ERROR org.apache.hadoop.ozone.om.exceptions.OMException">INTERNAL_ERROR org.apache.hadoop.ozone.om.exceptions.OMException: Allocated 0 blocks. Requested 5 blocks
	at org.apache.hadoop.ozone.om.protocolPB.OzoneManagerProtocolClientSideTranslatorPB.handleError(OzoneManagerProtocolClientSideTranslatorPB.java:725)
	at org.apache.hadoop.ozone.om.protocolPB.OzoneManagerProtocolClientSideTranslatorPB.openKey(OzoneManagerProtocolClientSideTranslatorPB.java:716)
	at org.apache.hadoop.ozone.client.rpc.RpcClient.createKey(RpcClient.java:614)
	at org.apache.hadoop.ozone.client.OzoneBucket.createKey(OzoneBucket.java:323)
	at org.apache.hadoop.ozone.freon.RandomKeyGenerator.createKey(RandomKeyGenerator.java:686)
	at org.apache.hadoop.ozone.freon.RandomKeyGenerator.access$1100(RandomKeyGenerator.java:87)
	at org.apache.hadoop.ozone.freon.RandomKeyGenerator$ObjectCreator.run(RandomKeyGenerator.java:606)
	at java.util.concurrent.Executors$RunnableAdapter.call(Executors.java:511)
	at java.util.concurrent.FutureTask.run(FutureTask.java:266)
	at java.util.concurrent.ThreadPoolExecutor.runWorker(ThreadPoolExecutor.java:1149)
	at java.util.concurrent.ThreadPoolExecutor$Worker.run(ThreadPoolExecutor.java:624)
	at java.lang.Thread.run(Thread.java:748)
</error>
    <system-out><![CDATA[2019-08-20 16:35:11,408 [main] WARN  server.ServerUtils (ServerUtils.java:getScmDbDir(145)) - ozone.scm.db.dirs is not configured. We recommend adding this setting. Falling back to ozone.metadata.dirs instead.
2019-08-20 16:35:11,532 [main] WARN  server.ServerUtils (ServerUtils.java:getScmDbDir(145)) - ozone.scm.db.dirs is not configured. We recommend adding this setting. Falling back to ozone.metadata.dirs instead.
2019-08-20 16:35:11,535 [main] WARN  server.ServerUtils (ServerUtils.java:getScmDbDir(145)) - ozone.scm.db.dirs is not configured. We recommend adding this setting. Falling back to ozone.metadata.dirs instead.
2019-08-20 16:35:11,552 [main] INFO  util.log (Log.java:initialized(192)) - Logging initialized @884ms
2019-08-20 16:35:11,652 [main] INFO  db.DBStoreBuilder (DBStoreBuilder.java:addTable(110)) - using custom profile for table: deletedBlocks
2019-08-20 16:35:11,652 [main] INFO  db.DBStoreBuilder (DBStoreBuilder.java:processTables(161)) - Using default column profile:DBProfile.DISK for Table:deletedBlocks
2019-08-20 16:35:11,653 [main] INFO  db.DBStoreBuilder (DBStoreBuilder.java:addTable(110)) - using custom profile for table: validCerts
2019-08-20 16:35:11,653 [main] INFO  db.DBStoreBuilder (DBStoreBuilder.java:processTables(161)) - Using default column profile:DBProfile.DISK for Table:validCerts
2019-08-20 16:35:11,654 [main] INFO  db.DBStoreBuilder (DBStoreBuilder.java:addTable(110)) - using custom profile for table: revokedCerts
2019-08-20 16:35:11,654 [main] INFO  db.DBStoreBuilder (DBStoreBuilder.java:processTables(161)) - Using default column profile:DBProfile.DISK for Table:revokedCerts
2019-08-20 16:35:11,666 [main] INFO  db.DBStoreBuilder (DBStoreBuilder.java:addTable(110)) - using custom profile for table: default
2019-08-20 16:35:11,666 [main] INFO  db.DBStoreBuilder (DBStoreBuilder.java:processTables(167)) - Using default column profile:DBProfile.DISK for Table:default
2019-08-20 16:35:11,668 [main] INFO  db.DBStoreBuilder (DBStoreBuilder.java:getDbProfile(198)) - Using default options. DBProfile.DISK
2019-08-20 16:35:11,871 [main] INFO  net.NodeSchemaLoader (NodeSchemaLoader.java:loadSchemaFromFile(125)) - Loading file from sun.misc.CompoundEnumeration@7714e963
2019-08-20 16:35:11,874 [main] INFO  net.NodeSchemaLoader (NodeSchemaLoader.java:loadSchema(171)) - Loading network topology layer schema file
2019-08-20 16:35:11,968 [main] INFO  node.SCMNodeManager (SCMNodeManager.java:<init>(121)) - Entering startup safe mode.
2019-08-20 16:35:12,049 [main] INFO  algorithms.ContainerPlacementPolicyFactory (ContainerPlacementPolicyFactory.java:getPolicy(55)) - Create container placement policy of type org.apache.hadoop.hdds.scm.container.placement.algorithms.SCMContainerPlacementRandom
2019-08-20 16:35:12,065 [main] WARN  server.ServerUtils (ServerUtils.java:getScmDbDir(145)) - ozone.scm.db.dirs is not configured. We recommend adding this setting. Falling back to ozone.metadata.dirs instead.
2019-08-20 16:35:12,148 [main] INFO  pipeline.SCMPipelineManager (SCMPipelineManager.java:initializePipelineState(126)) - No pipeline exists in current db
2019-08-20 16:35:12,150 [main] WARN  server.ServerUtils (ServerUtils.java:getScmDbDir(145)) - ozone.scm.db.dirs is not configured. We recommend adding this setting. Falling back to ozone.metadata.dirs instead.
2019-08-20 16:35:12,292 [main] WARN  events.EventQueue (EventQueue.java:fireEvent(175)) - No event handler registered for event TypedEvent{payloadType=SafeModeStatus, name='SafeModeStatus'}
2019-08-20 16:35:12,779 [main] INFO  ipc.CallQueueManager (CallQueueManager.java:<init>(84)) - Using callQueue: class java.util.concurrent.LinkedBlockingQueue, queueCapacity: 2000, scheduler: class org.apache.hadoop.ipc.DefaultRpcScheduler, ipcBackoff: false.
2019-08-20 16:35:13,095 [Socket Reader #1 for port 37336] INFO  ipc.Server (Server.java:run(1074)) - Starting Socket Reader #1 for port 37336
2019-08-20 16:35:13,125 [main] INFO  ipc.CallQueueManager (CallQueueManager.java:<init>(84)) - Using callQueue: class java.util.concurrent.LinkedBlockingQueue, queueCapacity: 2000, scheduler: class org.apache.hadoop.ipc.DefaultRpcScheduler, ipcBackoff: false.
2019-08-20 16:35:13,126 [Socket Reader #1 for port 43420] INFO  ipc.Server (Server.java:run(1074)) - Starting Socket Reader #1 for port 43420
2019-08-20 16:35:13,135 [main] INFO  ipc.CallQueueManager (CallQueueManager.java:<init>(84)) - Using callQueue: class java.util.concurrent.LinkedBlockingQueue, queueCapacity: 2000, scheduler: class org.apache.hadoop.ipc.DefaultRpcScheduler, ipcBackoff: false.
2019-08-20 16:35:13,136 [Socket Reader #1 for port 46839] INFO  ipc.Server (Server.java:run(1074)) - Starting Socket Reader #1 for port 46839
2019-08-20 16:35:13,166 [main] INFO  hdfs.DFSUtil (DFSUtil.java:httpServerTemplateForNNAndJN(1641)) - Starting Web-server for scm at: http://0.0.0.0:0
2019-08-20 16:35:13,301 [main] INFO  server.AuthenticationFilter (AuthenticationFilter.java:constructSecretProvider(240)) - Unable to initialize FileSignerSecretProvider, falling back to use random secrets.
2019-08-20 16:35:13,319 [main] WARN  http.HttpRequestLog (HttpRequestLog.java:getRequestLog(97)) - Jetty request log can only be enabled using Log4j
2019-08-20 16:35:13,328 [main] INFO  http.HttpServer2 (HttpServer2.java:addGlobalFilter(975)) - Added global filter 'safety' (class=org.apache.hadoop.http.HttpServer2$QuotingInputFilter)
2019-08-20 16:35:13,331 [main] INFO  http.HttpServer2 (HttpServer2.java:addFilter(948)) - Added filter static_user_filter (class=org.apache.hadoop.http.lib.StaticUserWebFilter$StaticUserFilter) to context scm
2019-08-20 16:35:13,332 [main] INFO  http.HttpServer2 (HttpServer2.java:addFilter(958)) - Added filter static_user_filter (class=org.apache.hadoop.http.lib.StaticUserWebFilter$StaticUserFilter) to context logs
2019-08-20 16:35:13,332 [main] INFO  http.HttpServer2 (HttpServer2.java:addFilter(958)) - Added filter static_user_filter (class=org.apache.hadoop.http.lib.StaticUserWebFilter$StaticUserFilter) to context static
2019-08-20 16:35:13,357 [main] INFO  server.StorageContainerManager (StorageContainerManager.java:start(759)) - StorageContainerLocationProtocol RPC server is listening at /0.0.0.0:46839
2019-08-20 16:35:13,410 [main] WARN  impl.MetricsConfig (MetricsConfig.java:loadFirst(134)) - Cannot locate configuration: tried hadoop-metrics2-storagecontainermanager.properties,hadoop-metrics2.properties
2019-08-20 16:35:13,423 [main] INFO  impl.MetricsSystemImpl (MetricsSystemImpl.java:startTimer(374)) - Scheduled Metric snapshot period at 10 second(s).
2019-08-20 16:35:13,424 [main] INFO  impl.MetricsSystemImpl (MetricsSystemImpl.java:start(191)) - StorageContainerManager metrics system started
2019-08-20 16:35:13,642 [main] INFO  server.SCMClientProtocolServer (SCMClientProtocolServer.java:start(151)) - RPC server for Client  is listening at /0.0.0.0:46839
2019-08-20 16:35:13,643 [IPC Server Responder] INFO  ipc.Server (Server.java:run(1314)) - IPC Server Responder: starting
2019-08-20 16:35:13,643 [IPC Server listener on 46839] INFO  ipc.Server (Server.java:run(1153)) - IPC Server listener on 46839: starting
2019-08-20 16:35:13,646 [main] INFO  server.StorageContainerManager (StorageContainerManager.java:start(769)) - ScmBlockLocationProtocol RPC server is listening at /0.0.0.0:43420
2019-08-20 16:35:13,646 [main] INFO  server.SCMBlockProtocolServer (SCMBlockProtocolServer.java:start(140)) - RPC server for Block Protocol is listening at /0.0.0.0:43420
2019-08-20 16:35:13,646 [IPC Server Responder] INFO  ipc.Server (Server.java:run(1314)) - IPC Server Responder: starting
2019-08-20 16:35:13,646 [IPC Server listener on 43420] INFO  ipc.Server (Server.java:run(1153)) - IPC Server listener on 43420: starting
2019-08-20 16:35:13,649 [main] INFO  server.StorageContainerManager (StorageContainerManager.java:start(773)) - ScmDatanodeProtocl RPC server is listening at /0.0.0.0:37336
2019-08-20 16:35:13,649 [main] INFO  server.SCMDatanodeProtocolServer (SCMDatanodeProtocolServer.java:start(191)) - RPC server for DataNodes is listening at /0.0.0.0:37336
2019-08-20 16:35:13,650 [IPC Server Responder] INFO  ipc.Server (Server.java:run(1314)) - IPC Server Responder: starting
2019-08-20 16:35:13,650 [IPC Server listener on 37336] INFO  ipc.Server (Server.java:run(1153)) - IPC Server listener on 37336: starting
2019-08-20 16:35:13,653 [main] INFO  http.HttpServer2 (HttpServer2.java:bindListener(1191)) - Jetty bound to port 34813
2019-08-20 16:35:13,655 [main] INFO  server.Server (Server.java:doStart(351)) - jetty-9.3.24.v20180605, build timestamp: 2018-06-05T17:11:56Z, git hash: 84205aa28f11a4f31f2a3b86d1bba2cc8ab69827
2019-08-20 16:35:13,687 [main] INFO  handler.ContextHandler (ContextHandler.java:doStart(781)) - Started o.e.j.s.ServletContextHandler@b7838a9{/logs,file:///workdir/hadoop-ozone/tools/target/log,AVAILABLE}
2019-08-20 16:35:13,688 [main] INFO  handler.ContextHandler (ContextHandler.java:doStart(781)) - Started o.e.j.s.ServletContextHandler@56c698e3{/static,jar:file:/home/user/.m2/repository/org/apache/hadoop/hadoop-hdds-server-scm/0.5.0-SNAPSHOT/hadoop-hdds-server-scm-0.5.0-SNAPSHOT.jar!/webapps/static,AVAILABLE}
2019-08-20 16:35:13,756 [main] INFO  handler.ContextHandler (ContextHandler.java:doStart(781)) - Started o.e.j.w.WebAppContext@6d511b5f{/,file:///tmp/jetty-0.0.0.0-34813-scm-_-any-5125239140995542545.dir/webapp/,AVAILABLE}{/scm}
2019-08-20 16:35:13,764 [main] INFO  server.AbstractConnector (AbstractConnector.java:doStart(278)) - Started ServerConnector@702ed190{HTTP/1.1,[http/1.1]}{0.0.0.0:34813}
2019-08-20 16:35:13,765 [main] INFO  server.Server (Server.java:doStart(419)) - Started @3097ms
2019-08-20 16:35:13,766 [main] INFO  server.BaseHttpServer (BaseHttpServer.java:updateConnectorAddress(213)) - HTTP server of SCM is listening at http://0.0.0.0:34813
2019-08-20 16:35:13,772 [org.apache.hadoop.util.JvmPauseMonitor$Monitor@5af9926a] INFO  util.JvmPauseMonitor (JvmPauseMonitor.java:run(188)) - Starting JVM pause monitor
2019-08-20 16:35:13,774 [main] WARN  server.ServerUtils (ServerUtils.java:getDBPath(222)) - ozone.om.db.dirs is not configured. We recommend adding this setting. Falling back to ozone.metadata.dirs instead.
2019-08-20 16:35:13,870 [main] WARN  server.ServerUtils (ServerUtils.java:getDBPath(222)) - ozone.om.db.dirs is not configured. We recommend adding this setting. Falling back to ozone.metadata.dirs instead.
2019-08-20 16:35:13,871 [main] WARN  server.ServerUtils (ServerUtils.java:getDBPath(222)) - ozone.om.db.dirs is not configured. We recommend adding this setting. Falling back to ozone.metadata.dirs instead.
2019-08-20 16:35:13,872 [main] INFO  om.OzoneManager (OzoneManager.java:setOMNodeDetails(648)) - OM Service ID is not set. Setting it to the default ID: omServiceIdDefault
2019-08-20 16:35:13,872 [main] INFO  om.OzoneManager (OzoneManager.java:setOMNodeDetails(654)) - OM Node ID is not set. Setting it to the OmStorage's OmID: 4a5fc979-9ffc-427f-99cb-6125d4322a21
2019-08-20 16:35:13,874 [main] INFO  om.OzoneManager (OzoneManager.java:loadOMHAConfigs(605)) - Found matching OM address with OMServiceId: null, OMNodeId: null, RPC Address: localhost:0 and Ratis port: 9872
2019-08-20 16:35:14,122 | INFO  | SCMAudit | user=jenkins1000 | ip=192.168.5.139 | op=GET_SCM_INFO null | ret=SUCCESS |  
2019-08-20 16:35:14,542 [main] WARN  server.ServerUtils (ServerUtils.java:getDBPath(222)) - ozone.om.db.dirs is not configured. We recommend adding this setting. Falling back to ozone.metadata.dirs instead.
2019-08-20 16:35:14,550 [main] INFO  db.DBStoreBuilder (DBStoreBuilder.java:addTable(110)) - using custom profile for table: userTable
2019-08-20 16:35:14,550 [main] INFO  db.DBStoreBuilder (DBStoreBuilder.java:processTables(161)) - Using default column profile:DBProfile.DISK for Table:userTable
2019-08-20 16:35:14,550 [main] INFO  db.DBStoreBuilder (DBStoreBuilder.java:addTable(110)) - using custom profile for table: volumeTable
2019-08-20 16:35:14,550 [main] INFO  db.DBStoreBuilder (DBStoreBuilder.java:processTables(161)) - Using default column profile:DBProfile.DISK for Table:volumeTable
2019-08-20 16:35:14,551 [main] INFO  db.DBStoreBuilder (DBStoreBuilder.java:addTable(110)) - using custom profile for table: bucketTable
2019-08-20 16:35:14,551 [main] INFO  db.DBStoreBuilder (DBStoreBuilder.java:processTables(161)) - Using default column profile:DBProfile.DISK for Table:bucketTable
2019-08-20 16:35:14,551 [main] INFO  db.DBStoreBuilder (DBStoreBuilder.java:addTable(110)) - using custom profile for table: keyTable
2019-08-20 16:35:14,551 [main] INFO  db.DBStoreBuilder (DBStoreBuilder.java:processTables(161)) - Using default column profile:DBProfile.DISK for Table:keyTable
2019-08-20 16:35:14,552 [main] INFO  db.DBStoreBuilder (DBStoreBuilder.java:addTable(110)) - using custom profile for table: deletedTable
2019-08-20 16:35:14,552 [main] INFO  db.DBStoreBuilder (DBStoreBuilder.java:processTables(161)) - Using default column profile:DBProfile.DISK for Table:deletedTable
2019-08-20 16:35:14,552 [main] INFO  db.DBStoreBuilder (DBStoreBuilder.java:addTable(110)) - using custom profile for table: openKeyTable
2019-08-20 16:35:14,553 [main] INFO  db.DBStoreBuilder (DBStoreBuilder.java:processTables(161)) - Using default column profile:DBProfile.DISK for Table:openKeyTable
2019-08-20 16:35:14,553 [main] INFO  db.DBStoreBuilder (DBStoreBuilder.java:addTable(110)) - using custom profile for table: s3Table
2019-08-20 16:35:14,553 [main] INFO  db.DBStoreBuilder (DBStoreBuilder.java:processTables(161)) - Using default column profile:DBProfile.DISK for Table:s3Table
2019-08-20 16:35:14,554 [main] INFO  db.DBStoreBuilder (DBStoreBuilder.java:addTable(110)) - using custom profile for table: multipartInfoTable
2019-08-20 16:35:14,554 [main] INFO  db.DBStoreBuilder (DBStoreBuilder.java:processTables(161)) - Using default column profile:DBProfile.DISK for Table:multipartInfoTable
2019-08-20 16:35:14,554 [main] INFO  db.DBStoreBuilder (DBStoreBuilder.java:addTable(110)) - using custom profile for table: dTokenTable
2019-08-20 16:35:14,555 [main] INFO  db.DBStoreBuilder (DBStoreBuilder.java:processTables(161)) - Using default column profile:DBProfile.DISK for Table:dTokenTable
2019-08-20 16:35:14,555 [main] INFO  db.DBStoreBuilder (DBStoreBuilder.java:addTable(110)) - using custom profile for table: s3SecretTable
2019-08-20 16:35:14,555 [main] INFO  db.DBStoreBuilder (DBStoreBuilder.java:processTables(161)) - Using default column profile:DBProfile.DISK for Table:s3SecretTable
2019-08-20 16:35:14,555 [main] INFO  db.DBStoreBuilder (DBStoreBuilder.java:addTable(110)) - using custom profile for table: prefixTable
2019-08-20 16:35:14,556 [main] INFO  db.DBStoreBuilder (DBStoreBuilder.java:processTables(161)) - Using default column profile:DBProfile.DISK for Table:prefixTable
2019-08-20 16:35:14,556 [main] INFO  db.DBStoreBuilder (DBStoreBuilder.java:addTable(110)) - using custom profile for table: default
2019-08-20 16:35:14,556 [main] INFO  db.DBStoreBuilder (DBStoreBuilder.java:processTables(167)) - Using default column profile:DBProfile.DISK for Table:default
2019-08-20 16:35:14,556 [main] INFO  db.DBStoreBuilder (DBStoreBuilder.java:getDbProfile(198)) - Using default options. DBProfile.DISK
2019-08-20 16:35:15,203 [main] INFO  ipc.CallQueueManager (CallQueueManager.java:<init>(84)) - Using callQueue: class java.util.concurrent.LinkedBlockingQueue, queueCapacity: 2000, scheduler: class org.apache.hadoop.ipc.DefaultRpcScheduler, ipcBackoff: false.
2019-08-20 16:35:15,204 [Socket Reader #1 for port 43659] INFO  ipc.Server (Server.java:run(1074)) - Starting Socket Reader #1 for port 43659
2019-08-20 16:35:15,230 [main] INFO  om.OzoneManager (OzoneManager.java:start(1259)) - OzoneManager RPC server is listening at localhost/127.0.0.1:43659
2019-08-20 16:35:15,230 [main] INFO  impl.MetricsSystemImpl (MetricsSystemImpl.java:init(158)) - OzoneManager metrics system started (again)
2019-08-20 16:35:15,232 [IPC Server Responder] INFO  ipc.Server (Server.java:run(1314)) - IPC Server Responder: starting
2019-08-20 16:35:15,232 [IPC Server listener on 43659] INFO  ipc.Server (Server.java:run(1153)) - IPC Server listener on 43659: starting
2019-08-20 16:35:15,239 [main] INFO  hdfs.DFSUtil (DFSUtil.java:httpServerTemplateForNNAndJN(1641)) - Starting Web-server for ozoneManager at: http://0.0.0.0:0
2019-08-20 16:35:15,241 [main] INFO  server.AuthenticationFilter (AuthenticationFilter.java:constructSecretProvider(240)) - Unable to initialize FileSignerSecretProvider, falling back to use random secrets.
2019-08-20 16:35:15,242 [main] WARN  http.HttpRequestLog (HttpRequestLog.java:getRequestLog(97)) - Jetty request log can only be enabled using Log4j
2019-08-20 16:35:15,246 [main] INFO  http.HttpServer2 (HttpServer2.java:addGlobalFilter(975)) - Added global filter 'safety' (class=org.apache.hadoop.http.HttpServer2$QuotingInputFilter)
2019-08-20 16:35:15,247 [main] INFO  http.HttpServer2 (HttpServer2.java:addFilter(948)) - Added filter static_user_filter (class=org.apache.hadoop.http.lib.StaticUserWebFilter$StaticUserFilter) to context ozoneManager
2019-08-20 16:35:15,247 [main] INFO  http.HttpServer2 (HttpServer2.java:addFilter(958)) - Added filter static_user_filter (class=org.apache.hadoop.http.lib.StaticUserWebFilter$StaticUserFilter) to context static
2019-08-20 16:35:15,248 [main] INFO  http.HttpServer2 (HttpServer2.java:addFilter(958)) - Added filter static_user_filter (class=org.apache.hadoop.http.lib.StaticUserWebFilter$StaticUserFilter) to context logs
2019-08-20 16:35:15,430 [main] INFO  http.HttpServer2 (HttpServer2.java:bindListener(1191)) - Jetty bound to port 41548
2019-08-20 16:35:15,430 [main] INFO  server.Server (Server.java:doStart(351)) - jetty-9.3.24.v20180605, build timestamp: 2018-06-05T17:11:56Z, git hash: 84205aa28f11a4f31f2a3b86d1bba2cc8ab69827
2019-08-20 16:35:15,433 [main] INFO  handler.ContextHandler (ContextHandler.java:doStart(781)) - Started o.e.j.s.ServletContextHandler@73ba6fe6{/logs,file:///workdir/hadoop-ozone/tools/target/log,AVAILABLE}
2019-08-20 16:35:15,434 [main] INFO  handler.ContextHandler (ContextHandler.java:doStart(781)) - Started o.e.j.s.ServletContextHandler@1698d7c0{/static,jar:file:/home/user/.m2/repository/org/apache/hadoop/hadoop-ozone-ozone-manager/0.5.0-SNAPSHOT/hadoop-ozone-ozone-manager-0.5.0-SNAPSHOT.jar!/webapps/static,AVAILABLE}
2019-08-20 16:35:15,519 [main] INFO  handler.ContextHandler (ContextHandler.java:doStart(781)) - Started o.e.j.w.WebAppContext@7c455e96{/,file:///tmp/jetty-0.0.0.0-41548-ozoneManager-_-any-1550942816198385933.dir/webapp/,AVAILABLE}{/ozoneManager}
2019-08-20 16:35:15,521 [main] INFO  server.AbstractConnector (AbstractConnector.java:doStart(278)) - Started ServerConnector@985696{HTTP/1.1,[http/1.1]}{0.0.0.0:41548}
2019-08-20 16:35:15,521 [main] INFO  server.Server (Server.java:doStart(419)) - Started @4853ms
2019-08-20 16:35:15,523 [main] INFO  server.BaseHttpServer (BaseHttpServer.java:updateConnectorAddress(213)) - HTTP server of OZONEMANAGER is listening at http://0.0.0.0:41548
2019-08-20 16:35:15,666 [main] INFO  impl.MetricsSystemImpl (MetricsSystemImpl.java:init(158)) - HddsDatanode metrics system started (again)
2019-08-20 16:35:15,760 [main] INFO  ozone.HddsDatanodeService (HddsDatanodeService.java:start(184)) - HddsDatanodeService host:pr-hdds-1200-9hlr9-3148487106 ip:192.168.5.139
2019-08-20 16:35:15,800 [main] INFO  volume.HddsVolume (HddsVolume.java:<init>(176)) - Creating Volume: /workdir/hadoop-ozone/tools/target/test-dir/MiniOzoneClusterImpl-be136bf1-c7ac-4d2e-9665-41f2df98132f/datanode-0/data/containers/hdds of  storage type : DISK and capacity : 1482555576320
2019-08-20 16:35:15,801 [main] INFO  volume.VolumeSet (VolumeSet.java:initializeVolumeSet(170)) - Added Volume : /workdir/hadoop-ozone/tools/target/test-dir/MiniOzoneClusterImpl-be136bf1-c7ac-4d2e-9665-41f2df98132f/datanode-0/data/containers/hdds to VolumeSet
2019-08-20 16:35:15,805 [main] INFO  volume.ThrottledAsyncChecker (ThrottledAsyncChecker.java:schedule(140)) - Scheduling a check for org.apache.hadoop.ozone.container.common.volume.HddsVolume@7c1c5936
2019-08-20 16:35:15,824 [main] INFO  volume.HddsVolumeChecker (HddsVolumeChecker.java:checkAllVolumes(203)) - Scheduled health check for volume org.apache.hadoop.ozone.container.common.volume.HddsVolume@7c1c5936
2019-08-20 16:35:15,986 [main] INFO  impl.RaftServerProxy (ConfUtils.java:logGet(43)) - raft.rpc.type = GRPC (default)
2019-08-20 16:35:16,064 [main] INFO  grpc.GrpcFactory (GrpcFactory.java:checkPooledByteBufAllocatorUseCacheForAllThreads(45)) - PERFORMANCE WARNING: useCacheForAllThreads is true that may cause Netty to create a lot garbage objects and, as a result, trigger GC.
	It is recommended to disable useCacheForAllThreads by setting -Dorg.apache.ratis.thirdparty.io.netty.allocator.useCacheForAllThreads=false in command line.
2019-08-20 16:35:16,069 [main] INFO  grpc.GrpcConfigKeys$Server (ConfUtils.java:logGet(43)) - raft.grpc.server.port = 0 (default)
2019-08-20 16:35:16,070 [main] INFO  server.GrpcService (ConfUtils.java:logGet(43)) - raft.grpc.message.size.max = 33570816 (custom)
2019-08-20 16:35:16,071 [main] INFO  server.RaftServerConfigKeys (ConfUtils.java:logGet(43)) - raft.server.log.appender.buffer.byte-limit = 33554432 (custom)
2019-08-20 16:35:16,072 [main] INFO  server.GrpcService (ConfUtils.java:logGet(43)) - raft.grpc.flow.control.window = 1MB (=1048576) (default)
2019-08-20 16:35:16,073 [main] INFO  server.RaftServerConfigKeys (ConfUtils.java:logGet(43)) - raft.server.rpc.request.timeout = 3000ms (default)
2019-08-20 16:35:16,292 [main] INFO  server.RaftServerConfigKeys (ConfUtils.java:logGet(43)) - raft.server.storage.dir = [/workdir/hadoop-ozone/tools/target/test-dir/MiniOzoneClusterImpl-be136bf1-c7ac-4d2e-9665-41f2df98132f/datanode-0/data/ratis] (custom)
2019-08-20 16:35:16,349 [main] INFO  replication.SimpleContainerDownloader (SimpleContainerDownloader.java:<init>(72)) - Starting container downloader service to copy containers to replicate.
2019-08-20 16:35:16,368 [main] INFO  hdfs.DFSUtil (DFSUtil.java:httpServerTemplateForNNAndJN(1641)) - Starting Web-server for hddsDatanode at: http://0.0.0.0:0
2019-08-20 16:35:16,372 [main] INFO  server.AuthenticationFilter (AuthenticationFilter.java:constructSecretProvider(240)) - Unable to initialize FileSignerSecretProvider, falling back to use random secrets.
2019-08-20 16:35:16,373 [main] WARN  http.HttpRequestLog (HttpRequestLog.java:getRequestLog(97)) - Jetty request log can only be enabled using Log4j
2019-08-20 16:35:16,377 [main] INFO  http.HttpServer2 (HttpServer2.java:addGlobalFilter(975)) - Added global filter 'safety' (class=org.apache.hadoop.http.HttpServer2$QuotingInputFilter)
2019-08-20 16:35:16,378 [main] INFO  http.HttpServer2 (HttpServer2.java:addFilter(948)) - Added filter static_user_filter (class=org.apache.hadoop.http.lib.StaticUserWebFilter$StaticUserFilter) to context hddsDatanode
2019-08-20 16:35:16,379 [main] INFO  http.HttpServer2 (HttpServer2.java:addFilter(958)) - Added filter static_user_filter (class=org.apache.hadoop.http.lib.StaticUserWebFilter$StaticUserFilter) to context logs
2019-08-20 16:35:16,379 [main] INFO  http.HttpServer2 (HttpServer2.java:addFilter(958)) - Added filter static_user_filter (class=org.apache.hadoop.http.lib.StaticUserWebFilter$StaticUserFilter) to context static
2019-08-20 16:35:16,381 [main] INFO  http.HttpServer2 (HttpServer2.java:bindListener(1191)) - Jetty bound to port 35912
2019-08-20 16:35:16,381 [main] INFO  server.Server (Server.java:doStart(351)) - jetty-9.3.24.v20180605, build timestamp: 2018-06-05T17:11:56Z, git hash: 84205aa28f11a4f31f2a3b86d1bba2cc8ab69827
2019-08-20 16:35:16,384 [main] INFO  handler.ContextHandler (ContextHandler.java:doStart(781)) - Started o.e.j.s.ServletContextHandler@2a369e14{/logs,file:///workdir/hadoop-ozone/tools/target/log,AVAILABLE}
2019-08-20 16:35:16,385 [main] INFO  handler.ContextHandler (ContextHandler.java:doStart(781)) - Started o.e.j.s.ServletContextHandler@c755b2{/static,jar:file:/home/user/.m2/repository/org/apache/hadoop/hadoop-hdds-container-service/0.5.0-SNAPSHOT/hadoop-hdds-container-service-0.5.0-SNAPSHOT.jar!/webapps/static,AVAILABLE}
2019-08-20 16:35:16,428 [main] INFO  handler.ContextHandler (ContextHandler.java:doStart(781)) - Started o.e.j.w.WebAppContext@127a7272{/,file:///tmp/jetty-0.0.0.0-35912-hddsDatanode-_-any-6363766860253951949.dir/webapp/,AVAILABLE}{/hddsDatanode}
2019-08-20 16:35:16,430 [main] INFO  server.AbstractConnector (AbstractConnector.java:doStart(278)) - Started ServerConnector@ff23ae7{HTTP/1.1,[http/1.1]}{0.0.0.0:35912}
2019-08-20 16:35:16,431 [main] INFO  server.Server (Server.java:doStart(419)) - Started @5763ms
2019-08-20 16:35:16,432 [main] INFO  server.BaseHttpServer (BaseHttpServer.java:updateConnectorAddress(213)) - HTTP server of HDDSDATANODE is listening at http://0.0.0.0:35912
2019-08-20 16:35:17,466 | INFO  | ObjectStoreRestHttpServer | Listening HDDS REST traffic on /0.0.0.0:37390 |  
2019-08-20 16:35:17,468 [main] INFO  ozone.HddsDatanodeService (HddsDatanodeService.java:startPlugins(395)) - Started plug-in org.apache.hadoop.ozone.web.OzoneHddsDatanodeService@6f7a2a5
2019-08-20 16:35:17,469 [main] INFO  impl.MetricsSystemImpl (MetricsSystemImpl.java:init(158)) - HddsDatanode metrics system started (again)
2019-08-20 16:35:17,472 [main] INFO  ozone.HddsDatanodeService (HddsDatanodeService.java:start(184)) - HddsDatanodeService host:pr-hdds-1200-9hlr9-3148487106 ip:192.168.5.139
2019-08-20 16:35:17,476 [org.apache.hadoop.util.JvmPauseMonitor$Monitor@63d7e085] INFO  util.JvmPauseMonitor (JvmPauseMonitor.java:run(188)) - Starting JVM pause monitor
2019-08-20 16:35:17,481 [main] INFO  volume.HddsVolume (HddsVolume.java:<init>(176)) - Creating Volume: /workdir/hadoop-ozone/tools/target/test-dir/MiniOzoneClusterImpl-be136bf1-c7ac-4d2e-9665-41f2df98132f/datanode-1/data/containers/hdds of  storage type : DISK and capacity : 1482555576320
2019-08-20 16:35:17,481 [main] INFO  volume.VolumeSet (VolumeSet.java:initializeVolumeSet(170)) - Added Volume : /workdir/hadoop-ozone/tools/target/test-dir/MiniOzoneClusterImpl-be136bf1-c7ac-4d2e-9665-41f2df98132f/datanode-1/data/containers/hdds to VolumeSet
2019-08-20 16:35:17,481 [main] INFO  volume.ThrottledAsyncChecker (ThrottledAsyncChecker.java:schedule(140)) - Scheduling a check for org.apache.hadoop.ozone.container.common.volume.HddsVolume@19dc0d32
2019-08-20 16:35:17,483 [main] INFO  volume.HddsVolumeChecker (HddsVolumeChecker.java:checkAllVolumes(203)) - Scheduled health check for volume org.apache.hadoop.ozone.container.common.volume.HddsVolume@19dc0d32
2019-08-20 16:35:17,503 [main] INFO  impl.RaftServerProxy (ConfUtils.java:logGet(43)) - raft.rpc.type = GRPC (default)
2019-08-20 16:35:17,503 [main] INFO  grpc.GrpcFactory (GrpcFactory.java:checkPooledByteBufAllocatorUseCacheForAllThreads(45)) - PERFORMANCE WARNING: useCacheForAllThreads is true that may cause Netty to create a lot garbage objects and, as a result, trigger GC.
	It is recommended to disable useCacheForAllThreads by setting -Dorg.apache.ratis.thirdparty.io.netty.allocator.useCacheForAllThreads=false in command line.
2019-08-20 16:35:17,503 [main] INFO  grpc.GrpcConfigKeys$Server (ConfUtils.java:logGet(43)) - raft.grpc.server.port = 0 (default)
2019-08-20 16:35:17,504 [main] INFO  server.GrpcService (ConfUtils.java:logGet(43)) - raft.grpc.message.size.max = 33570816 (custom)
2019-08-20 16:35:17,504 [main] INFO  server.RaftServerConfigKeys (ConfUtils.java:logGet(43)) - raft.server.log.appender.buffer.byte-limit = 33554432 (custom)
2019-08-20 16:35:17,504 [main] INFO  server.GrpcService (ConfUtils.java:logGet(43)) - raft.grpc.flow.control.window = 1MB (=1048576) (default)
2019-08-20 16:35:17,504 [main] INFO  server.RaftServerConfigKeys (ConfUtils.java:logGet(43)) - raft.server.rpc.request.timeout = 3000ms (default)
2019-08-20 16:35:17,505 [main] INFO  server.RaftServerConfigKeys (ConfUtils.java:logGet(43)) - raft.server.storage.dir = [/workdir/hadoop-ozone/tools/target/test-dir/MiniOzoneClusterImpl-be136bf1-c7ac-4d2e-9665-41f2df98132f/datanode-1/data/ratis] (custom)
2019-08-20 16:35:17,505 [main] INFO  replication.SimpleContainerDownloader (SimpleContainerDownloader.java:<init>(72)) - Starting container downloader service to copy containers to replicate.
2019-08-20 16:35:17,507 [main] INFO  hdfs.DFSUtil (DFSUtil.java:httpServerTemplateForNNAndJN(1641)) - Starting Web-server for hddsDatanode at: http://0.0.0.0:0
2019-08-20 16:35:17,508 [main] INFO  server.AuthenticationFilter (AuthenticationFilter.java:constructSecretProvider(240)) - Unable to initialize FileSignerSecretProvider, falling back to use random secrets.
2019-08-20 16:35:17,509 [main] WARN  http.HttpRequestLog (HttpRequestLog.java:getRequestLog(97)) - Jetty request log can only be enabled using Log4j
2019-08-20 16:35:17,510 [main] INFO  http.HttpServer2 (HttpServer2.java:addGlobalFilter(975)) - Added global filter 'safety' (class=org.apache.hadoop.http.HttpServer2$QuotingInputFilter)
2019-08-20 16:35:17,510 [main] INFO  http.HttpServer2 (HttpServer2.java:addFilter(948)) - Added filter static_user_filter (class=org.apache.hadoop.http.lib.StaticUserWebFilter$StaticUserFilter) to context hddsDatanode
2019-08-20 16:35:17,511 [main] INFO  http.HttpServer2 (HttpServer2.java:addFilter(958)) - Added filter static_user_filter (class=org.apache.hadoop.http.lib.StaticUserWebFilter$StaticUserFilter) to context logs
2019-08-20 16:35:17,511 [main] INFO  http.HttpServer2 (HttpServer2.java:addFilter(958)) - Added filter static_user_filter (class=org.apache.hadoop.http.lib.StaticUserWebFilter$StaticUserFilter) to context static
2019-08-20 16:35:17,511 [main] INFO  http.HttpServer2 (HttpServer2.java:bindListener(1191)) - Jetty bound to port 46475
2019-08-20 16:35:17,511 [main] INFO  server.Server (Server.java:doStart(351)) - jetty-9.3.24.v20180605, build timestamp: 2018-06-05T17:11:56Z, git hash: 84205aa28f11a4f31f2a3b86d1bba2cc8ab69827
2019-08-20 16:35:17,515 [main] INFO  handler.ContextHandler (ContextHandler.java:doStart(781)) - Started o.e.j.s.ServletContextHandler@eed890d{/logs,file:///workdir/hadoop-ozone/tools/target/log,AVAILABLE}
2019-08-20 16:35:17,515 [main] INFO  handler.ContextHandler (ContextHandler.java:doStart(781)) - Started o.e.j.s.ServletContextHandler@6097fca9{/static,jar:file:/home/user/.m2/repository/org/apache/hadoop/hadoop-hdds-container-service/0.5.0-SNAPSHOT/hadoop-hdds-container-service-0.5.0-SNAPSHOT.jar!/webapps/static,AVAILABLE}
2019-08-20 16:35:17,540 [main] INFO  handler.ContextHandler (ContextHandler.java:doStart(781)) - Started o.e.j.w.WebAppContext@3b97907c{/,file:///tmp/jetty-0.0.0.0-46475-hddsDatanode-_-any-223092742375708523.dir/webapp/,AVAILABLE}{/hddsDatanode}
2019-08-20 16:35:17,541 [main] INFO  server.AbstractConnector (AbstractConnector.java:doStart(278)) - Started ServerConnector@59096b66{HTTP/1.1,[http/1.1]}{0.0.0.0:46475}
2019-08-20 16:35:17,541 [main] INFO  server.Server (Server.java:doStart(419)) - Started @6873ms
2019-08-20 16:35:17,543 [main] INFO  server.BaseHttpServer (BaseHttpServer.java:updateConnectorAddress(213)) - HTTP server of HDDSDATANODE is listening at http://0.0.0.0:46475
2019-08-20 16:35:17,593 [Datanode State Machine Thread - 0] INFO  datanode.InitDatanodeState (InitDatanodeState.java:persistContainerDatanodeDetails(140)) - DatanodeDetails is persisted to /workdir/hadoop-ozone/tools/target/test-dir/MiniOzoneClusterImpl-be136bf1-c7ac-4d2e-9665-41f2df98132f/datanode-0/meta/datanode.id
2019-08-20 16:35:17,708 | INFO  | ObjectStoreRestHttpServer | Listening HDDS REST traffic on /0.0.0.0:32876 |  
2019-08-20 16:35:17,708 [main] INFO  ozone.HddsDatanodeService (HddsDatanodeService.java:startPlugins(395)) - Started plug-in org.apache.hadoop.ozone.web.OzoneHddsDatanodeService@586495f1
2019-08-20 16:35:17,709 [main] INFO  impl.MetricsSystemImpl (MetricsSystemImpl.java:init(158)) - HddsDatanode metrics system started (again)
2019-08-20 16:35:17,712 [org.apache.hadoop.util.JvmPauseMonitor$Monitor@13b7eb3] INFO  util.JvmPauseMonitor (JvmPauseMonitor.java:run(188)) - Starting JVM pause monitor
2019-08-20 16:35:17,713 [main] INFO  ozone.HddsDatanodeService (HddsDatanodeService.java:start(184)) - HddsDatanodeService host:pr-hdds-1200-9hlr9-3148487106 ip:192.168.5.139
2019-08-20 16:35:17,718 [Datanode State Machine Thread - 0] INFO  datanode.InitDatanodeState (InitDatanodeState.java:persistContainerDatanodeDetails(140)) - DatanodeDetails is persisted to /workdir/hadoop-ozone/tools/target/test-dir/MiniOzoneClusterImpl-be136bf1-c7ac-4d2e-9665-41f2df98132f/datanode-1/meta/datanode.id
2019-08-20 16:35:17,725 [main] INFO  volume.HddsVolume (HddsVolume.java:<init>(176)) - Creating Volume: /workdir/hadoop-ozone/tools/target/test-dir/MiniOzoneClusterImpl-be136bf1-c7ac-4d2e-9665-41f2df98132f/datanode-2/data/containers/hdds of  storage type : DISK and capacity : 1482555576320
2019-08-20 16:35:17,727 [main] INFO  volume.VolumeSet (VolumeSet.java:initializeVolumeSet(170)) - Added Volume : /workdir/hadoop-ozone/tools/target/test-dir/MiniOzoneClusterImpl-be136bf1-c7ac-4d2e-9665-41f2df98132f/datanode-2/data/containers/hdds to VolumeSet
2019-08-20 16:35:17,728 [main] INFO  volume.ThrottledAsyncChecker (ThrottledAsyncChecker.java:schedule(140)) - Scheduling a check for org.apache.hadoop.ozone.container.common.volume.HddsVolume@30922f8d
2019-08-20 16:35:17,728 [main] INFO  volume.HddsVolumeChecker (HddsVolumeChecker.java:checkAllVolumes(203)) - Scheduled health check for volume org.apache.hadoop.ozone.container.common.volume.HddsVolume@30922f8d
2019-08-20 16:35:17,748 [main] INFO  impl.RaftServerProxy (ConfUtils.java:logGet(43)) - raft.rpc.type = GRPC (default)
2019-08-20 16:35:17,748 [main] INFO  grpc.GrpcFactory (GrpcFactory.java:checkPooledByteBufAllocatorUseCacheForAllThreads(45)) - PERFORMANCE WARNING: useCacheForAllThreads is true that may cause Netty to create a lot garbage objects and, as a result, trigger GC.
	It is recommended to disable useCacheForAllThreads by setting -Dorg.apache.ratis.thirdparty.io.netty.allocator.useCacheForAllThreads=false in command line.
2019-08-20 16:35:17,748 [main] INFO  grpc.GrpcConfigKeys$Server (ConfUtils.java:logGet(43)) - raft.grpc.server.port = 0 (default)
2019-08-20 16:35:17,748 [main] INFO  server.GrpcService (ConfUtils.java:logGet(43)) - raft.grpc.message.size.max = 33570816 (custom)
2019-08-20 16:35:17,749 [main] INFO  server.RaftServerConfigKeys (ConfUtils.java:logGet(43)) - raft.server.log.appender.buffer.byte-limit = 33554432 (custom)
2019-08-20 16:35:17,749 [main] INFO  server.GrpcService (ConfUtils.java:logGet(43)) - raft.grpc.flow.control.window = 1MB (=1048576) (default)
2019-08-20 16:35:17,749 [main] INFO  server.RaftServerConfigKeys (ConfUtils.java:logGet(43)) - raft.server.rpc.request.timeout = 3000ms (default)
2019-08-20 16:35:17,750 [main] INFO  server.RaftServerConfigKeys (ConfUtils.java:logGet(43)) - raft.server.storage.dir = [/workdir/hadoop-ozone/tools/target/test-dir/MiniOzoneClusterImpl-be136bf1-c7ac-4d2e-9665-41f2df98132f/datanode-2/data/ratis] (custom)
2019-08-20 16:35:17,751 [main] INFO  replication.SimpleContainerDownloader (SimpleContainerDownloader.java:<init>(72)) - Starting container downloader service to copy containers to replicate.
2019-08-20 16:35:17,752 [main] INFO  hdfs.DFSUtil (DFSUtil.java:httpServerTemplateForNNAndJN(1641)) - Starting Web-server for hddsDatanode at: http://0.0.0.0:0
2019-08-20 16:35:17,753 [main] INFO  server.AuthenticationFilter (AuthenticationFilter.java:constructSecretProvider(240)) - Unable to initialize FileSignerSecretProvider, falling back to use random secrets.
2019-08-20 16:35:17,754 [main] WARN  http.HttpRequestLog (HttpRequestLog.java:getRequestLog(97)) - Jetty request log can only be enabled using Log4j
2019-08-20 16:35:17,755 [main] INFO  http.HttpServer2 (HttpServer2.java:addGlobalFilter(975)) - Added global filter 'safety' (class=org.apache.hadoop.http.HttpServer2$QuotingInputFilter)
2019-08-20 16:35:17,756 [main] INFO  http.HttpServer2 (HttpServer2.java:addFilter(948)) - Added filter static_user_filter (class=org.apache.hadoop.http.lib.StaticUserWebFilter$StaticUserFilter) to context hddsDatanode
2019-08-20 16:35:17,756 [main] INFO  http.HttpServer2 (HttpServer2.java:addFilter(958)) - Added filter static_user_filter (class=org.apache.hadoop.http.lib.StaticUserWebFilter$StaticUserFilter) to context static
2019-08-20 16:35:17,756 [main] INFO  http.HttpServer2 (HttpServer2.java:addFilter(958)) - Added filter static_user_filter (class=org.apache.hadoop.http.lib.StaticUserWebFilter$StaticUserFilter) to context logs
2019-08-20 16:35:17,757 [main] INFO  http.HttpServer2 (HttpServer2.java:bindListener(1191)) - Jetty bound to port 33965
2019-08-20 16:35:17,757 [main] INFO  server.Server (Server.java:doStart(351)) - jetty-9.3.24.v20180605, build timestamp: 2018-06-05T17:11:56Z, git hash: 84205aa28f11a4f31f2a3b86d1bba2cc8ab69827
2019-08-20 16:35:17,759 [main] INFO  handler.ContextHandler (ContextHandler.java:doStart(781)) - Started o.e.j.s.ServletContextHandler@2f9b21d6{/logs,file:///workdir/hadoop-ozone/tools/target/log,AVAILABLE}
2019-08-20 16:35:17,760 [main] INFO  handler.ContextHandler (ContextHandler.java:doStart(781)) - Started o.e.j.s.ServletContextHandler@16a3cc88{/static,jar:file:/home/user/.m2/repository/org/apache/hadoop/hadoop-hdds-container-service/0.5.0-SNAPSHOT/hadoop-hdds-container-service-0.5.0-SNAPSHOT.jar!/webapps/static,AVAILABLE}
2019-08-20 16:35:17,789 [main] INFO  handler.ContextHandler (ContextHandler.java:doStart(781)) - Started o.e.j.w.WebAppContext@357c9bd9{/,file:///tmp/jetty-0.0.0.0-33965-hddsDatanode-_-any-935669783218751021.dir/webapp/,AVAILABLE}{/hddsDatanode}
2019-08-20 16:35:17,790 [main] INFO  server.AbstractConnector (AbstractConnector.java:doStart(278)) - Started ServerConnector@7aea704c{HTTP/1.1,[http/1.1]}{0.0.0.0:33965}
2019-08-20 16:35:17,791 [main] INFO  server.Server (Server.java:doStart(419)) - Started @7123ms
2019-08-20 16:35:17,793 [main] INFO  server.BaseHttpServer (BaseHttpServer.java:updateConnectorAddress(213)) - HTTP server of HDDSDATANODE is listening at http://0.0.0.0:33965
2019-08-20 16:35:17,941 | INFO  | ObjectStoreRestHttpServer | Listening HDDS REST traffic on /0.0.0.0:35227 |  
2019-08-20 16:35:17,941 [main] INFO  ozone.HddsDatanodeService (HddsDatanodeService.java:startPlugins(395)) - Started plug-in org.apache.hadoop.ozone.web.OzoneHddsDatanodeService@5968800d
2019-08-20 16:35:17,943 [main] INFO  ozone.MiniOzoneClusterImpl (MiniOzoneClusterImpl.java:lambda$waitForClusterToBeReady$0(142)) - Waiting for cluster to be ready. Got 0 of 3 DN Heartbeats.
2019-08-20 16:35:17,944 [org.apache.hadoop.util.JvmPauseMonitor$Monitor@3b8083ce] INFO  util.JvmPauseMonitor (JvmPauseMonitor.java:run(188)) - Starting JVM pause monitor
2019-08-20 16:35:17,946 [Datanode State Machine Thread - 0] INFO  datanode.InitDatanodeState (InitDatanodeState.java:persistContainerDatanodeDetails(140)) - DatanodeDetails is persisted to /workdir/hadoop-ozone/tools/target/test-dir/MiniOzoneClusterImpl-be136bf1-c7ac-4d2e-9665-41f2df98132f/datanode-2/meta/datanode.id
2019-08-20 16:35:18,943 [main] INFO  ozone.MiniOzoneClusterImpl (MiniOzoneClusterImpl.java:lambda$waitForClusterToBeReady$0(142)) - Waiting for cluster to be ready. Got 0 of 3 DN Heartbeats.
2019-08-20 16:35:19,512 | INFO  | SCMAudit | user=jenkins1000 | ip=192.168.5.139 | op=GET_VERSION null | ret=SUCCESS |  
2019-08-20 16:35:19,546 [Datanode State Machine Thread - 0] INFO  ozoneimpl.OzoneContainer (OzoneContainer.java:start(201)) - Attempting to start container services.
2019-08-20 16:35:19,550 [Datanode State Machine Thread - 0] INFO  ozoneimpl.OzoneContainer (OzoneContainer.java:startContainerScrub(163)) - Background container scanner has been disabled.
2019-08-20 16:35:19,550 [Datanode State Machine Thread - 0] INFO  ratis.XceiverServerRatis (XceiverServerRatis.java:start(404)) - Starting XceiverServerRatis c9d5e90e-0dec-4e85-b4e2-d29823632d06 at port 0
2019-08-20 16:35:19,576 [Datanode State Machine Thread - 0] INFO  impl.RaftServerProxy (RaftServerProxy.java:lambda$start$3(299)) - c9d5e90e-0dec-4e85-b4e2-d29823632d06: start RPC server
2019-08-20 16:35:19,714 | INFO  | SCMAudit | user=jenkins1000 | ip=192.168.5.139 | op=GET_VERSION null | ret=SUCCESS |  
2019-08-20 16:35:19,715 [Datanode State Machine Thread - 0] INFO  server.GrpcService (GrpcService.java:startImpl(149)) - c9d5e90e-0dec-4e85-b4e2-d29823632d06: GrpcService started, listening on 0.0.0.0/0.0.0.0:43573
2019-08-20 16:35:19,716 [Datanode State Machine Thread - 0] INFO  ratis.XceiverServerRatis (XceiverServerRatis.java:start(414)) - XceiverServerRatis c9d5e90e-0dec-4e85-b4e2-d29823632d06 is started using port 43573
2019-08-20 16:35:19,718 [Datanode State Machine Thread - 0] INFO  server.XceiverServerGrpc (XceiverServerGrpc.java:start(161)) - XceiverServerGrpc c9d5e90e-0dec-4e85-b4e2-d29823632d06 is started using port 37127
2019-08-20 16:35:19,729 [Datanode State Machine Thread - 0] INFO  ozoneimpl.OzoneContainer (OzoneContainer.java:start(201)) - Attempting to start container services.
2019-08-20 16:35:19,734 [Datanode State Machine Thread - 0] INFO  ozoneimpl.OzoneContainer (OzoneContainer.java:startContainerScrub(163)) - Background container scanner has been disabled.
2019-08-20 16:35:19,735 [Datanode State Machine Thread - 0] INFO  ratis.XceiverServerRatis (XceiverServerRatis.java:start(404)) - Starting XceiverServerRatis 8556a57b-07a2-43a1-b9c0-1edf0a6afefc at port 0
2019-08-20 16:35:19,744 [Datanode State Machine Thread - 0] INFO  impl.RaftServerProxy (RaftServerProxy.java:lambda$start$3(299)) - 8556a57b-07a2-43a1-b9c0-1edf0a6afefc: start RPC server
2019-08-20 16:35:19,748 [Datanode State Machine Thread - 0] INFO  server.GrpcService (GrpcService.java:startImpl(149)) - 8556a57b-07a2-43a1-b9c0-1edf0a6afefc: GrpcService started, listening on 0.0.0.0/0.0.0.0:40827
2019-08-20 16:35:19,748 [Datanode State Machine Thread - 0] INFO  ratis.XceiverServerRatis (XceiverServerRatis.java:start(414)) - XceiverServerRatis 8556a57b-07a2-43a1-b9c0-1edf0a6afefc is started using port 40827
2019-08-20 16:35:19,750 [Datanode State Machine Thread - 0] INFO  server.XceiverServerGrpc (XceiverServerGrpc.java:start(161)) - XceiverServerGrpc 8556a57b-07a2-43a1-b9c0-1edf0a6afefc is started using port 42729
2019-08-20 16:35:19,945 [main] INFO  ozone.MiniOzoneClusterImpl (MiniOzoneClusterImpl.java:lambda$waitForClusterToBeReady$0(142)) - Waiting for cluster to be ready. Got 0 of 3 DN Heartbeats.
2019-08-20 16:35:19,946 | INFO  | SCMAudit | user=jenkins1000 | ip=192.168.5.139 | op=GET_VERSION null | ret=SUCCESS |  
2019-08-20 16:35:19,960 [Datanode State Machine Thread - 0] INFO  ozoneimpl.OzoneContainer (OzoneContainer.java:start(201)) - Attempting to start container services.
2019-08-20 16:35:19,962 [Datanode State Machine Thread - 0] INFO  ozoneimpl.OzoneContainer (OzoneContainer.java:startContainerScrub(163)) - Background container scanner has been disabled.
2019-08-20 16:35:19,962 [Datanode State Machine Thread - 0] INFO  ratis.XceiverServerRatis (XceiverServerRatis.java:start(404)) - Starting XceiverServerRatis 1cd99ed7-c0d2-41ff-a57e-f64a137aa790 at port 0
2019-08-20 16:35:19,971 [Datanode State Machine Thread - 0] INFO  impl.RaftServerProxy (RaftServerProxy.java:lambda$start$3(299)) - 1cd99ed7-c0d2-41ff-a57e-f64a137aa790: start RPC server
2019-08-20 16:35:19,973 [Datanode State Machine Thread - 0] INFO  server.GrpcService (GrpcService.java:startImpl(149)) - 1cd99ed7-c0d2-41ff-a57e-f64a137aa790: GrpcService started, listening on 0.0.0.0/0.0.0.0:32924
2019-08-20 16:35:19,974 [Datanode State Machine Thread - 0] INFO  ratis.XceiverServerRatis (XceiverServerRatis.java:start(414)) - XceiverServerRatis 1cd99ed7-c0d2-41ff-a57e-f64a137aa790 is started using port 32924
2019-08-20 16:35:19,976 [Datanode State Machine Thread - 0] INFO  server.XceiverServerGrpc (XceiverServerGrpc.java:start(161)) - XceiverServerGrpc 1cd99ed7-c0d2-41ff-a57e-f64a137aa790 is started using port 36590
2019-08-20 16:35:20,945 [main] INFO  ozone.MiniOzoneClusterImpl (MiniOzoneClusterImpl.java:lambda$waitForClusterToBeReady$0(142)) - Waiting for cluster to be ready. Got 0 of 3 DN Heartbeats.
2019-08-20 16:35:21,520 [IPC Server handler 3 on 37336] INFO  net.NetworkTopology (NetworkTopologyImpl.java:add(110)) - Added a new node: /default-rack/c9d5e90e-0dec-4e85-b4e2-d29823632d06
2019-08-20 16:35:21,521 [IPC Server handler 3 on 37336] INFO  node.SCMNodeManager (SCMNodeManager.java:register(273)) - Registered Data node : c9d5e90e-0dec-4e85-b4e2-d29823632d06{ip: 192.168.5.139, host: pr-hdds-1200-9hlr9-3148487106, networkLocation: /default-rack, certSerialId: null}
2019-08-20 16:35:21,527 [EventQueue-NodeRegistrationContainerReportForDataNodeSafeModeRule] INFO  safemode.SCMSafeModeManager (DataNodeSafeModeRule.java:process(71)) - SCM in safe mode. 1 DataNodes registered, 1 required.
2019-08-20 16:35:21,527 [EventQueue-NodeRegistrationContainerReportForDataNodeSafeModeRule] INFO  safemode.SCMSafeModeManager (SCMSafeModeManager.java:validateSafeModeExitRules(177)) - ScmSafeModeManager, all rules are successfully validated
2019-08-20 16:35:21,528 [EventQueue-NodeRegistrationContainerReportForDataNodeSafeModeRule] INFO  safemode.SCMSafeModeManager (SCMSafeModeManager.java:exitSafeMode(193)) - SCM exiting safe mode.
2019-08-20 16:35:21,536 | INFO  | SCMAudit | user=jenkins1000 | ip=192.168.5.139 | op=REGISTER {datanodeDetails=c9d5e90e-0dec-4e85-b4e2-d29823632d06{ip: 192.168.5.139, host: pr-hdds-1200-9hlr9-3148487106, networkLocation: /default-rack, certSerialId: null}} | ret=SUCCESS |  
2019-08-20 16:35:21,717 [IPC Server handler 0 on 37336] INFO  net.NetworkTopology (NetworkTopologyImpl.java:add(110)) - Added a new node: /default-rack/8556a57b-07a2-43a1-b9c0-1edf0a6afefc
2019-08-20 16:35:21,717 [IPC Server handler 0 on 37336] INFO  node.SCMNodeManager (SCMNodeManager.java:register(273)) - Registered Data node : 8556a57b-07a2-43a1-b9c0-1edf0a6afefc{ip: 192.168.5.139, host: pr-hdds-1200-9hlr9-3148487106, networkLocation: /default-rack, certSerialId: null}
2019-08-20 16:35:21,718 | INFO  | SCMAudit | user=jenkins1000 | ip=192.168.5.139 | op=REGISTER {datanodeDetails=8556a57b-07a2-43a1-b9c0-1edf0a6afefc{ip: 192.168.5.139, host: pr-hdds-1200-9hlr9-3148487106, networkLocation: /default-rack, certSerialId: null}} | ret=SUCCESS |  
2019-08-20 16:35:21,946 [main] INFO  ozone.MiniOzoneClusterImpl (MiniOzoneClusterImpl.java:lambda$waitForClusterToBeReady$0(142)) - Waiting for cluster to be ready. Got 2 of 3 DN Heartbeats.
2019-08-20 16:35:21,948 [IPC Server handler 3 on 37336] INFO  net.NetworkTopology (NetworkTopologyImpl.java:add(110)) - Added a new node: /default-rack/1cd99ed7-c0d2-41ff-a57e-f64a137aa790
2019-08-20 16:35:21,949 [IPC Server handler 3 on 37336] INFO  node.SCMNodeManager (SCMNodeManager.java:register(273)) - Registered Data node : 1cd99ed7-c0d2-41ff-a57e-f64a137aa790{ip: 192.168.5.139, host: pr-hdds-1200-9hlr9-3148487106, networkLocation: /default-rack, certSerialId: null}
2019-08-20 16:35:21,950 | INFO  | SCMAudit | user=jenkins1000 | ip=192.168.5.139 | op=REGISTER {datanodeDetails=1cd99ed7-c0d2-41ff-a57e-f64a137aa790{ip: 192.168.5.139, host: pr-hdds-1200-9hlr9-3148487106, networkLocation: /default-rack, certSerialId: null}} | ret=SUCCESS |  
2019-08-20 16:35:22,627 [grpc-default-executor-0] INFO  impl.RaftServerProxy (RaftServerProxy.java:addNew(89)) - c9d5e90e-0dec-4e85-b4e2-d29823632d06: addNew group-6871122BCC81:[c9d5e90e-0dec-4e85-b4e2-d29823632d06:192.168.5.139:43573] returns group-6871122BCC81:java.util.concurrent.CompletableFuture@660bd661[Not completed]
2019-08-20 16:35:22,647 [pool-27-thread-1] INFO  impl.RaftServerImpl (RaftServerImpl.java:<init>(93)) - c9d5e90e-0dec-4e85-b4e2-d29823632d06: new RaftServerImpl for group-6871122BCC81:[c9d5e90e-0dec-4e85-b4e2-d29823632d06:192.168.5.139:43573] with ContainerStateMachine:uninitialized
2019-08-20 16:35:22,650 [pool-27-thread-1] INFO  server.RaftServerConfigKeys (ConfUtils.java:logGet(43)) - raft.server.rpc.timeout.min = 5s (custom)
2019-08-20 16:35:22,651 [pool-27-thread-1] INFO  server.RaftServerConfigKeys (ConfUtils.java:logGet(43)) - raft.server.rpc.timeout.max = 5200ms (custom)
2019-08-20 16:35:22,652 [pool-27-thread-1] INFO  server.RaftServerConfigKeys (ConfUtils.java:logGet(43)) - raft.server.rpcslowness.timeout = 120s (custom)
2019-08-20 16:35:22,653 [pool-27-thread-1] INFO  server.RaftServerConfigKeys (ConfUtils.java:logGet(43)) - raft.server.sleep.deviation.threshold = 300 (default)
2019-08-20 16:35:22,654 [pool-27-thread-1] INFO  server.RaftServerConfigKeys (ConfUtils.java:logGet(43)) - raft.server.log.appender.install.snapshot.enabled = false (custom)
2019-08-20 16:35:22,664 [pool-27-thread-1] INFO  impl.RaftServerImpl (ServerState.java:<init>(105)) - c9d5e90e-0dec-4e85-b4e2-d29823632d06:group-6871122BCC81 ConfigurationManager, init=-1: [c9d5e90e-0dec-4e85-b4e2-d29823632d06:192.168.5.139:43573], old=null, confs=<EMPTY_MAP>
2019-08-20 16:35:22,664 [pool-27-thread-1] INFO  server.RaftServerConfigKeys (ConfUtils.java:logGet(43)) - raft.server.storage.dir = [/workdir/hadoop-ozone/tools/target/test-dir/MiniOzoneClusterImpl-be136bf1-c7ac-4d2e-9665-41f2df98132f/datanode-0/data/ratis] (custom)
2019-08-20 16:35:22,674 [pool-27-thread-1] INFO  storage.RaftStorageDirectory (RaftStorageDirectory.java:analyzeStorage(246)) - The storage directory /workdir/hadoop-ozone/tools/target/test-dir/MiniOzoneClusterImpl-be136bf1-c7ac-4d2e-9665-41f2df98132f/datanode-0/data/ratis/fde22cc2-46c8-4812-b46f-6871122bcc81 does not exist. Creating ...
2019-08-20 16:35:22,947 [main] INFO  ozone.MiniOzoneClusterImpl (MiniOzoneClusterImpl.java:lambda$waitForClusterToBeReady$0(142)) - Cluster is ready. Got 3 of 3 DN Heartbeats.
2019-08-20 16:35:23,351 [main] INFO  freon.RandomKeyGenerator (RandomKeyGenerator.java:call(275)) - Number of Threads: 10
2019-08-20 16:35:23,352 [main] INFO  freon.RandomKeyGenerator (RandomKeyGenerator.java:call(280)) - Number of Volumes: 1.
2019-08-20 16:35:23,352 [main] INFO  freon.RandomKeyGenerator (RandomKeyGenerator.java:call(281)) - Number of Buckets per Volume: 1.
2019-08-20 16:35:23,352 [main] INFO  freon.RandomKeyGenerator (RandomKeyGenerator.java:call(282)) - Number of Keys per Bucket: 1.
2019-08-20 16:35:23,353 [main] INFO  freon.RandomKeyGenerator (RandomKeyGenerator.java:call(283)) - Key size: 20971520 bytes
2019-08-20 16:35:23,353 [main] INFO  freon.RandomKeyGenerator (RandomKeyGenerator.java:call(284)) - Buffer size: 4096 bytes
2019-08-20 16:35:23,357 [main] INFO  freon.RandomKeyGenerator (RandomKeyGenerator.java:call(298)) - Data validation is enabled.
2019-08-20 16:35:23,358 [main] INFO  freon.RandomKeyGenerator (RandomKeyGenerator.java:call(304)) - Starting progress bar Thread.

 0.00% |█                                                                                                    |  0/1 Time: 0:00:002019-08-20 16:35:23,388 [pool-56-thread-1] INFO  rpc.RpcClient (RpcClient.java:createVolume(292)) - Creating Volume: vol-0-11702, with jenkins1000 as owner.
2019-08-20 16:35:23,495 | INFO  | SCMAudit | user=jenkins1000 | ip=192.168.5.139 | op=SEND_HEARTBEAT {datanodeUUID=c9d5e90e-0dec-4e85-b4e2-d29823632d06, command=[]} | ret=SUCCESS |  
2019-08-20 16:35:23,542 [pool-27-thread-1] INFO  storage.RaftStorageDirectory (RaftStorageDirectory.java:tryLock(328)) - Lock on /workdir/hadoop-ozone/tools/target/test-dir/MiniOzoneClusterImpl-be136bf1-c7ac-4d2e-9665-41f2df98132f/datanode-0/data/ratis/fde22cc2-46c8-4812-b46f-6871122bcc81/in_use.lock acquired by nodename 27280@pr-hdds-1200-9hlr9-3148487106
2019-08-20 16:35:23,545 | INFO  | OMAudit | user=jenkins1000 | ip=127.0.0.1 | op=CREATE_VOLUME {admin=jenkins1000, owner=jenkins1000, volume=vol-0-11702, creationTime=1566318923410, quotaInBytes=1152921504606846976} | ret=SUCCESS |  
2019-08-20 16:35:23,561 | INFO  | OMAudit | user=jenkins1000 | ip=127.0.0.1 | op=READ_VOLUME {volume=vol-0-11702} | ret=SUCCESS |  
2019-08-20 16:35:23,580 [pool-56-thread-2] INFO  rpc.RpcClient (RpcClient.java:createBucket(431)) - Creating Bucket: vol-0-11702/bucket-0-30315, with Versioning false and Storage Type set to DISK and Encryption set to false 
2019-08-20 16:35:23,606 | INFO  | OMAudit | user=jenkins1000 | ip=127.0.0.1 | op=CREATE_BUCKET {volume=vol-0-11702, bucket=bucket-0-30315, acls=[user:jenkins1000:a[ACCESS], group:default:a[ACCESS]], isVersionEnabled=false, storageType=DISK, creationTime=0} | ret=SUCCESS |  
2019-08-20 16:35:23,614 | INFO  | OMAudit | user=jenkins1000 | ip=127.0.0.1 | op=READ_BUCKET {volume=vol-0-11702, bucket=bucket-0-30315} | ret=SUCCESS |  
2019-08-20 16:35:23,716 | INFO  | SCMAudit | user=jenkins1000 | ip=192.168.5.139 | op=SEND_HEARTBEAT {datanodeUUID=8556a57b-07a2-43a1-b9c0-1edf0a6afefc, command=[]} | ret=SUCCESS |  
2019-08-20 16:35:23,947 | INFO  | SCMAudit | user=jenkins1000 | ip=192.168.5.139 | op=SEND_HEARTBEAT {datanodeUUID=1cd99ed7-c0d2-41ff-a57e-f64a137aa790, command=[]} | ret=SUCCESS |  
 0.00% |█                                                                                                    |  0/1 Time: 0:00:012019-08-20 16:35:24,479 | INFO  | SCMAudit | user=jenkins1000 | ip=192.168.5.139 | op=SEND_HEARTBEAT {datanodeUUID=c9d5e90e-0dec-4e85-b4e2-d29823632d06, command=[]} | ret=SUCCESS |  
2019-08-20 16:35:24,530 [Thread-177] INFO  container.ReplicationManager (ReplicationManager.java:start(152)) - Starting Replication Monitor Thread.
2019-08-20 16:35:24,533 [ReplicationMonitor] INFO  container.ReplicationManager (ReplicationManager.java:run(215)) - Replication Monitor Thread took 1 milliseconds for processing 0 containers.
2019-08-20 16:35:24,717 | INFO  | SCMAudit | user=jenkins1000 | ip=192.168.5.139 | op=SEND_HEARTBEAT {datanodeUUID=8556a57b-07a2-43a1-b9c0-1edf0a6afefc, command=[]} | ret=SUCCESS |  
2019-08-20 16:35:24,834 [RATISCREATEPIPELINE1] ERROR pipeline.RatisPipelineProvider (RatisPipelineProvider.java:lambda$null$5(235)) - Failed invoke Ratis rpc org.apache.hadoop.hdds.scm.pipeline.RatisPipelineProvider$$Lambda$170/1145593931@4782b3d4 for c9d5e90e-0dec-4e85-b4e2-d29823632d06
org.apache.ratis.protocol.TimeoutIOException: deadline exceeded after 2920986272ns
	at org.apache.ratis.grpc.GrpcUtil.tryUnwrapException(GrpcUtil.java:82)
	at org.apache.ratis.grpc.GrpcUtil.unwrapException(GrpcUtil.java:75)
	at org.apache.ratis.grpc.client.GrpcClientProtocolClient.blockingCall(GrpcClientProtocolClient.java:169)
	at org.apache.ratis.grpc.client.GrpcClientProtocolClient.groupAdd(GrpcClientProtocolClient.java:138)
	at org.apache.ratis.grpc.client.GrpcClientRpc.sendRequest(GrpcClientRpc.java:94)
	at org.apache.ratis.client.impl.RaftClientImpl.sendRequest(RaftClientImpl.java:279)
	at org.apache.ratis.client.impl.RaftClientImpl.groupAdd(RaftClientImpl.java:206)
	at org.apache.hadoop.hdds.scm.pipeline.RatisPipelineProvider.lambda$initializePipeline$4(RatisPipelineProvider.java:194)
	at org.apache.hadoop.hdds.scm.pipeline.RatisPipelineProvider.lambda$null$5(RatisPipelineProvider.java:231)
	at java.util.stream.ForEachOps$ForEachOp$OfRef.accept(ForEachOps.java:184)
	at java.util.ArrayList$ArrayListSpliterator.forEachRemaining(ArrayList.java:1382)
	at java.util.stream.AbstractPipeline.copyInto(AbstractPipeline.java:482)
	at java.util.stream.ForEachOps$ForEachTask.compute(ForEachOps.java:291)
	at java.util.concurrent.CountedCompleter.exec(CountedCompleter.java:731)
	at java.util.concurrent.ForkJoinTask.doExec(ForkJoinTask.java:289)
	at java.util.concurrent.ForkJoinTask.doInvoke(ForkJoinTask.java:401)
	at java.util.concurrent.ForkJoinTask.invoke(ForkJoinTask.java:734)
	at java.util.stream.ForEachOps$ForEachOp.evaluateParallel(ForEachOps.java:160)
	at java.util.stream.ForEachOps$ForEachOp$OfRef.evaluateParallel(ForEachOps.java:174)
	at java.util.stream.AbstractPipeline.evaluate(AbstractPipeline.java:233)
	at java.util.stream.ReferencePipeline.forEach(ReferencePipeline.java:418)
	at java.util.stream.ReferencePipeline$Head.forEach(ReferencePipeline.java:583)
	at org.apache.hadoop.hdds.scm.pipeline.RatisPipelineProvider.lambda$callRatisRpc$6(RatisPipelineProvider.java:225)
	at java.util.concurrent.ForkJoinTask$AdaptedRunnableAction.exec(ForkJoinTask.java:1386)
	at java.util.concurrent.ForkJoinTask.doExec(ForkJoinTask.java:289)
	at java.util.concurrent.ForkJoinPool$WorkQueue.runTask(ForkJoinPool.java:1056)
	at java.util.concurrent.ForkJoinPool.runWorker(ForkJoinPool.java:1692)
	at java.util.concurrent.ForkJoinWorkerThread.run(ForkJoinWorkerThread.java:157)
Caused by: org.apache.ratis.thirdparty.io.grpc.StatusRuntimeException: DEADLINE_EXCEEDED: deadline exceeded after 2920986272ns
	at org.apache.ratis.thirdparty.io.grpc.stub.ClientCalls.toStatusRuntimeException(ClientCalls.java:233)
	at org.apache.ratis.thirdparty.io.grpc.stub.ClientCalls.getUnchecked(ClientCalls.java:214)
	at org.apache.ratis.thirdparty.io.grpc.stub.ClientCalls.blockingUnaryCall(ClientCalls.java:139)
	at org.apache.ratis.proto.grpc.AdminProtocolServiceGrpc$AdminProtocolServiceBlockingStub.groupManagement(AdminProtocolServiceGrpc.java:274)
	at org.apache.ratis.grpc.client.GrpcClientProtocolClient.lambda$groupAdd$3(GrpcClientProtocolClient.java:140)
	at org.apache.ratis.grpc.client.GrpcClientProtocolClient.blockingCall(GrpcClientProtocolClient.java:167)
	... 25 more
2019-08-20 16:35:24,882 [grpc-default-executor-2] INFO  impl.RaftServerProxy (RaftServerProxy.java:addNew(89)) - c9d5e90e-0dec-4e85-b4e2-d29823632d06: addNew group-016D7F0C51D5:[8556a57b-07a2-43a1-b9c0-1edf0a6afefc:192.168.5.139:40827, 1cd99ed7-c0d2-41ff-a57e-f64a137aa790:192.168.5.139:32924, c9d5e90e-0dec-4e85-b4e2-d29823632d06:192.168.5.139:43573] returns group-016D7F0C51D5:java.util.concurrent.CompletableFuture@3eddbac0[Not completed]
2019-08-20 16:35:24,887 [grpc-default-executor-2] INFO  impl.RaftServerProxy (RaftServerProxy.java:addNew(89)) - 8556a57b-07a2-43a1-b9c0-1edf0a6afefc: addNew group-016D7F0C51D5:[8556a57b-07a2-43a1-b9c0-1edf0a6afefc:192.168.5.139:40827, 1cd99ed7-c0d2-41ff-a57e-f64a137aa790:192.168.5.139:32924, c9d5e90e-0dec-4e85-b4e2-d29823632d06:192.168.5.139:43573] returns group-016D7F0C51D5:java.util.concurrent.CompletableFuture@4a6e7885[Not completed]
2019-08-20 16:35:24,888 [grpc-default-executor-0] INFO  impl.RaftServerProxy (RaftServerProxy.java:addNew(89)) - 1cd99ed7-c0d2-41ff-a57e-f64a137aa790: addNew group-016D7F0C51D5:[8556a57b-07a2-43a1-b9c0-1edf0a6afefc:192.168.5.139:40827, 1cd99ed7-c0d2-41ff-a57e-f64a137aa790:192.168.5.139:32924, c9d5e90e-0dec-4e85-b4e2-d29823632d06:192.168.5.139:43573] returns group-016D7F0C51D5:java.util.concurrent.CompletableFuture@3b6a81c8[Not completed]
2019-08-20 16:35:24,920 [pool-38-thread-1] INFO  impl.RaftServerImpl (RaftServerImpl.java:<init>(93)) - 8556a57b-07a2-43a1-b9c0-1edf0a6afefc: new RaftServerImpl for group-016D7F0C51D5:[8556a57b-07a2-43a1-b9c0-1edf0a6afefc:192.168.5.139:40827, 1cd99ed7-c0d2-41ff-a57e-f64a137aa790:192.168.5.139:32924, c9d5e90e-0dec-4e85-b4e2-d29823632d06:192.168.5.139:43573] with ContainerStateMachine:uninitialized
2019-08-20 16:35:24,934 [pool-38-thread-1] INFO  server.RaftServerConfigKeys (ConfUtils.java:logGet(43)) - raft.server.rpc.timeout.min = 5s (custom)
2019-08-20 16:35:24,934 [pool-38-thread-1] INFO  server.RaftServerConfigKeys (ConfUtils.java:logGet(43)) - raft.server.rpc.timeout.max = 5200ms (custom)
2019-08-20 16:35:24,934 [pool-38-thread-1] INFO  server.RaftServerConfigKeys (ConfUtils.java:logGet(43)) - raft.server.rpcslowness.timeout = 120s (custom)
2019-08-20 16:35:24,934 [pool-38-thread-1] INFO  server.RaftServerConfigKeys (ConfUtils.java:logGet(43)) - raft.server.sleep.deviation.threshold = 300 (default)
2019-08-20 16:35:24,934 [pool-49-thread-1] INFO  impl.RaftServerImpl (RaftServerImpl.java:<init>(93)) - 1cd99ed7-c0d2-41ff-a57e-f64a137aa790: new RaftServerImpl for group-016D7F0C51D5:[8556a57b-07a2-43a1-b9c0-1edf0a6afefc:192.168.5.139:40827, 1cd99ed7-c0d2-41ff-a57e-f64a137aa790:192.168.5.139:32924, c9d5e90e-0dec-4e85-b4e2-d29823632d06:192.168.5.139:43573] with ContainerStateMachine:uninitialized
2019-08-20 16:35:24,934 [pool-38-thread-1] INFO  server.RaftServerConfigKeys (ConfUtils.java:logGet(43)) - raft.server.log.appender.install.snapshot.enabled = false (custom)
2019-08-20 16:35:24,936 [pool-49-thread-1] INFO  server.RaftServerConfigKeys (ConfUtils.java:logGet(43)) - raft.server.rpc.timeout.min = 5s (custom)
2019-08-20 16:35:24,936 [pool-38-thread-1] INFO  impl.RaftServerImpl (ServerState.java:<init>(105)) - 8556a57b-07a2-43a1-b9c0-1edf0a6afefc:group-016D7F0C51D5 ConfigurationManager, init=-1: [8556a57b-07a2-43a1-b9c0-1edf0a6afefc:192.168.5.139:40827, 1cd99ed7-c0d2-41ff-a57e-f64a137aa790:192.168.5.139:32924, c9d5e90e-0dec-4e85-b4e2-d29823632d06:192.168.5.139:43573], old=null, confs=<EMPTY_MAP>
2019-08-20 16:35:24,936 [pool-49-thread-1] INFO  server.RaftServerConfigKeys (ConfUtils.java:logGet(43)) - raft.server.rpc.timeout.max = 5200ms (custom)
2019-08-20 16:35:24,936 [pool-38-thread-1] INFO  server.RaftServerConfigKeys (ConfUtils.java:logGet(43)) - raft.server.storage.dir = [/workdir/hadoop-ozone/tools/target/test-dir/MiniOzoneClusterImpl-be136bf1-c7ac-4d2e-9665-41f2df98132f/datanode-1/data/ratis] (custom)
2019-08-20 16:35:24,936 [pool-49-thread-1] INFO  server.RaftServerConfigKeys (ConfUtils.java:logGet(43)) - raft.server.rpcslowness.timeout = 120s (custom)
2019-08-20 16:35:24,936 [pool-49-thread-1] INFO  server.RaftServerConfigKeys (ConfUtils.java:logGet(43)) - raft.server.sleep.deviation.threshold = 300 (default)
2019-08-20 16:35:24,936 [pool-49-thread-1] INFO  server.RaftServerConfigKeys (ConfUtils.java:logGet(43)) - raft.server.log.appender.install.snapshot.enabled = false (custom)
2019-08-20 16:35:24,937 [pool-38-thread-1] INFO  storage.RaftStorageDirectory (RaftStorageDirectory.java:analyzeStorage(246)) - The storage directory /workdir/hadoop-ozone/tools/target/test-dir/MiniOzoneClusterImpl-be136bf1-c7ac-4d2e-9665-41f2df98132f/datanode-1/data/ratis/881144c5-3cc3-4d80-9607-016d7f0c51d5 does not exist. Creating ...
2019-08-20 16:35:24,938 [pool-49-thread-1] INFO  impl.RaftServerImpl (ServerState.java:<init>(105)) - 1cd99ed7-c0d2-41ff-a57e-f64a137aa790:group-016D7F0C51D5 ConfigurationManager, init=-1: [8556a57b-07a2-43a1-b9c0-1edf0a6afefc:192.168.5.139:40827, 1cd99ed7-c0d2-41ff-a57e-f64a137aa790:192.168.5.139:32924, c9d5e90e-0dec-4e85-b4e2-d29823632d06:192.168.5.139:43573], old=null, confs=<EMPTY_MAP>
2019-08-20 16:35:24,938 [pool-49-thread-1] INFO  server.RaftServerConfigKeys (ConfUtils.java:logGet(43)) - raft.server.storage.dir = [/workdir/hadoop-ozone/tools/target/test-dir/MiniOzoneClusterImpl-be136bf1-c7ac-4d2e-9665-41f2df98132f/datanode-2/data/ratis] (custom)
2019-08-20 16:35:24,938 [pool-49-thread-1] INFO  storage.RaftStorageDirectory (RaftStorageDirectory.java:analyzeStorage(246)) - The storage directory /workdir/hadoop-ozone/tools/target/test-dir/MiniOzoneClusterImpl-be136bf1-c7ac-4d2e-9665-41f2df98132f/datanode-2/data/ratis/881144c5-3cc3-4d80-9607-016d7f0c51d5 does not exist. Creating ...
2019-08-20 16:35:24,954 | INFO  | SCMAudit | user=jenkins1000 | ip=192.168.5.139 | op=SEND_HEARTBEAT {datanodeUUID=1cd99ed7-c0d2-41ff-a57e-f64a137aa790, command=[]} | ret=SUCCESS |  
 0.00% |█                                                                                                    |  0/1 Time: 0:00:022019-08-20 16:35:25,425 [pool-49-thread-1] INFO  storage.RaftStorageDirectory (RaftStorageDirectory.java:tryLock(328)) - Lock on /workdir/hadoop-ozone/tools/target/test-dir/MiniOzoneClusterImpl-be136bf1-c7ac-4d2e-9665-41f2df98132f/datanode-2/data/ratis/881144c5-3cc3-4d80-9607-016d7f0c51d5/in_use.lock acquired by nodename 27280@pr-hdds-1200-9hlr9-3148487106
2019-08-20 16:35:25,425 [pool-27-thread-1] INFO  storage.RaftStorage (RaftStorage.java:format(72)) - Storage directory /workdir/hadoop-ozone/tools/target/test-dir/MiniOzoneClusterImpl-be136bf1-c7ac-4d2e-9665-41f2df98132f/datanode-0/data/ratis/fde22cc2-46c8-4812-b46f-6871122bcc81 has been successfully formatted.
2019-08-20 16:35:25,425 [pool-38-thread-1] INFO  storage.RaftStorageDirectory (RaftStorageDirectory.java:tryLock(328)) - Lock on /workdir/hadoop-ozone/tools/target/test-dir/MiniOzoneClusterImpl-be136bf1-c7ac-4d2e-9665-41f2df98132f/datanode-1/data/ratis/881144c5-3cc3-4d80-9607-016d7f0c51d5/in_use.lock acquired by nodename 27280@pr-hdds-1200-9hlr9-3148487106
2019-08-20 16:35:25,430 [pool-27-thread-1] INFO  ratis.ContainerStateMachine (ContainerStateMachine.java:loadSnapshot(222)) - group-6871122BCC81: The snapshot info is null. Setting the last applied indexto:(t:0, i:~)
2019-08-20 16:35:25,430 [pool-27-thread-1] INFO  server.RaftServerConfigKeys (ConfUtils.java:logGet(43)) - raft.server.leader.election.timeout = 120s (custom)
2019-08-20 16:35:25,434 [pool-27-thread-1] INFO  server.RaftServerConfigKeys (ConfUtils.java:logGet(43)) - raft.server.log.use.memory = false (default)
2019-08-20 16:35:25,443 [pool-27-thread-1] INFO  server.RaftServerConfigKeys (ConfUtils.java:logGet(43)) - raft.server.log.purge.gap = 1000000 (custom)
2019-08-20 16:35:25,443 [pool-27-thread-1] INFO  server.RaftServerConfigKeys (ConfUtils.java:logGet(43)) - raft.server.log.appender.buffer.byte-limit = 33554432 (custom)
2019-08-20 16:35:25,445 [pool-27-thread-1] INFO  server.RaftServerConfigKeys (ConfUtils.java:logGet(43)) - raft.server.log.segment.size.max = 1048576 (custom)
2019-08-20 16:35:25,452 [pool-27-thread-1] INFO  server.RaftServerConfigKeys (ConfUtils.java:logGet(43)) - raft.server.log.segment.cache.num.max = 2 (custom)
2019-08-20 16:35:25,462 [pool-27-thread-1] INFO  segmented.SegmentedRaftLogWorker (SegmentedRaftLogWorker.java:<init>(172)) - new c9d5e90e-0dec-4e85-b4e2-d29823632d06-SegmentedRaftLogWorker:Storage Directory /workdir/hadoop-ozone/tools/target/test-dir/MiniOzoneClusterImpl-be136bf1-c7ac-4d2e-9665-41f2df98132f/datanode-0/data/ratis/fde22cc2-46c8-4812-b46f-6871122bcc81 for RaftStorage:Storage Directory /workdir/hadoop-ozone/tools/target/test-dir/MiniOzoneClusterImpl-be136bf1-c7ac-4d2e-9665-41f2df98132f/datanode-0/data/ratis/fde22cc2-46c8-4812-b46f-6871122bcc81
2019-08-20 16:35:25,479 | INFO  | SCMAudit | user=jenkins1000 | ip=192.168.5.139 | op=SEND_HEARTBEAT {datanodeUUID=c9d5e90e-0dec-4e85-b4e2-d29823632d06, command=[]} | ret=SUCCESS |  
2019-08-20 16:35:25,481 [pool-27-thread-1] INFO  server.RaftServerConfigKeys (ConfUtils.java:logGet(43)) - raft.server.log.queue.byte-limit = 2147483647 (custom)
2019-08-20 16:35:25,482 [pool-27-thread-1] INFO  server.RaftServerConfigKeys (ConfUtils.java:logGet(43)) - raft.server.log.queue.element-limit = 1024 (custom)
2019-08-20 16:35:25,489 [pool-27-thread-1] INFO  server.RaftServerConfigKeys (ConfUtils.java:logGet(43)) - raft.server.log.segment.size.max = 1048576 (custom)
2019-08-20 16:35:25,489 [pool-27-thread-1] INFO  server.RaftServerConfigKeys (ConfUtils.java:logGet(43)) - raft.server.log.preallocated.size = 16384 (custom)
2019-08-20 16:35:25,490 [pool-27-thread-1] INFO  server.RaftServerConfigKeys (ConfUtils.java:logGet(43)) - raft.server.log.write.buffer.size = 33554432 (custom)
2019-08-20 16:35:25,490 [pool-27-thread-1] INFO  server.RaftServerConfigKeys (ConfUtils.java:logGet(43)) - raft.server.log.force.sync.num = 128 (default)
2019-08-20 16:35:25,491 [pool-27-thread-1] INFO  server.RaftServerConfigKeys (ConfUtils.java:logGet(43)) - raft.server.log.statemachine.data.sync = true (default)
2019-08-20 16:35:25,492 [pool-27-thread-1] INFO  server.RaftServerConfigKeys (ConfUtils.java:logGet(43)) - raft.server.log.statemachine.data.sync.timeout = 10s (default)
2019-08-20 16:35:25,492 [pool-27-thread-1] INFO  server.RaftServerConfigKeys (ConfUtils.java:logGet(43)) - raft.server.log.statemachine.data.sync.timeout.retry = -1 (default)
2019-08-20 16:35:25,502 [pool-27-thread-1] INFO  server.RaftServerConfigKeys (ConfUtils.java:logGet(43)) - raft.server.log.statemachine.data.caching.enabled = true (custom)
2019-08-20 16:35:25,507 [pool-27-thread-1] INFO  segmented.SegmentedRaftLogWorker (SegmentedRaftLogWorker.java:lambda$new$0(132)) - c9d5e90e-0dec-4e85-b4e2-d29823632d06-SegmentedRaftLogWorker:Storage Directory /workdir/hadoop-ozone/tools/target/test-dir/MiniOzoneClusterImpl-be136bf1-c7ac-4d2e-9665-41f2df98132f/datanode-0/data/ratis/fde22cc2-46c8-4812-b46f-6871122bcc81: flushIndex: setUnconditionally 0 -> -1
2019-08-20 16:35:25,512 [pool-27-thread-1] INFO  server.RaftServerConfigKeys (ConfUtils.java:logGet(43)) - raft.server.snapshot.auto.trigger.enabled = true (custom)
2019-08-20 16:35:25,513 [pool-27-thread-1] INFO  server.RaftServerConfigKeys (ConfUtils.java:logGet(43)) - raft.server.snapshot.auto.trigger.threshold = 10000 (custom)
2019-08-20 16:35:25,513 [pool-27-thread-1] INFO  server.RaftServerConfigKeys (ConfUtils.java:logGet(43)) - raft.server.retrycache.expirytime = 600000ms (custom)
2019-08-20 16:35:25,537 [pool-27-thread-1] INFO  impl.RaftServerImpl (RaftServerImpl.java:<init>(93)) - c9d5e90e-0dec-4e85-b4e2-d29823632d06: new RaftServerImpl for group-016D7F0C51D5:[8556a57b-07a2-43a1-b9c0-1edf0a6afefc:192.168.5.139:40827, 1cd99ed7-c0d2-41ff-a57e-f64a137aa790:192.168.5.139:32924, c9d5e90e-0dec-4e85-b4e2-d29823632d06:192.168.5.139:43573] with ContainerStateMachine:uninitialized
2019-08-20 16:35:25,537 [pool-27-thread-1] INFO  server.RaftServerConfigKeys (ConfUtils.java:logGet(43)) - raft.server.rpc.timeout.min = 5s (custom)
2019-08-20 16:35:25,537 [pool-27-thread-1] INFO  server.RaftServerConfigKeys (ConfUtils.java:logGet(43)) - raft.server.rpc.timeout.max = 5200ms (custom)
2019-08-20 16:35:25,537 [pool-27-thread-1] INFO  server.RaftServerConfigKeys (ConfUtils.java:logGet(43)) - raft.server.rpcslowness.timeout = 120s (custom)
2019-08-20 16:35:25,537 [pool-27-thread-1] INFO  server.RaftServerConfigKeys (ConfUtils.java:logGet(43)) - raft.server.sleep.deviation.threshold = 300 (default)
2019-08-20 16:35:25,538 [pool-27-thread-1] INFO  server.RaftServerConfigKeys (ConfUtils.java:logGet(43)) - raft.server.log.appender.install.snapshot.enabled = false (custom)
2019-08-20 16:35:25,538 [pool-27-thread-1] INFO  impl.RaftServerImpl (ServerState.java:<init>(105)) - c9d5e90e-0dec-4e85-b4e2-d29823632d06:group-016D7F0C51D5 ConfigurationManager, init=-1: [8556a57b-07a2-43a1-b9c0-1edf0a6afefc:192.168.5.139:40827, 1cd99ed7-c0d2-41ff-a57e-f64a137aa790:192.168.5.139:32924, c9d5e90e-0dec-4e85-b4e2-d29823632d06:192.168.5.139:43573], old=null, confs=<EMPTY_MAP>
2019-08-20 16:35:25,538 [pool-27-thread-1] INFO  server.RaftServerConfigKeys (ConfUtils.java:logGet(43)) - raft.server.storage.dir = [/workdir/hadoop-ozone/tools/target/test-dir/MiniOzoneClusterImpl-be136bf1-c7ac-4d2e-9665-41f2df98132f/datanode-0/data/ratis] (custom)
2019-08-20 16:35:25,538 [pool-27-thread-1] INFO  storage.RaftStorageDirectory (RaftStorageDirectory.java:analyzeStorage(246)) - The storage directory /workdir/hadoop-ozone/tools/target/test-dir/MiniOzoneClusterImpl-be136bf1-c7ac-4d2e-9665-41f2df98132f/datanode-0/data/ratis/881144c5-3cc3-4d80-9607-016d7f0c51d5 does not exist. Creating ...
2019-08-20 16:35:25,717 | INFO  | SCMAudit | user=jenkins1000 | ip=192.168.5.139 | op=SEND_HEARTBEAT {datanodeUUID=8556a57b-07a2-43a1-b9c0-1edf0a6afefc, command=[]} | ret=SUCCESS |  
2019-08-20 16:35:25,948 | INFO  | SCMAudit | user=jenkins1000 | ip=192.168.5.139 | op=SEND_HEARTBEAT {datanodeUUID=1cd99ed7-c0d2-41ff-a57e-f64a137aa790, command=[]} | ret=SUCCESS |  
2019-08-20 16:35:26,194 [pool-27-thread-1] INFO  storage.RaftStorageDirectory (RaftStorageDirectory.java:tryLock(328)) - Lock on /workdir/hadoop-ozone/tools/target/test-dir/MiniOzoneClusterImpl-be136bf1-c7ac-4d2e-9665-41f2df98132f/datanode-0/data/ratis/881144c5-3cc3-4d80-9607-016d7f0c51d5/in_use.lock acquired by nodename 27280@pr-hdds-1200-9hlr9-3148487106
2019-08-20 16:35:26,195 [pool-49-thread-1] INFO  storage.RaftStorage (RaftStorage.java:format(72)) - Storage directory /workdir/hadoop-ozone/tools/target/test-dir/MiniOzoneClusterImpl-be136bf1-c7ac-4d2e-9665-41f2df98132f/datanode-2/data/ratis/881144c5-3cc3-4d80-9607-016d7f0c51d5 has been successfully formatted.
2019-08-20 16:35:26,195 [pool-38-thread-1] INFO  storage.RaftStorage (RaftStorage.java:format(72)) - Storage directory /workdir/hadoop-ozone/tools/target/test-dir/MiniOzoneClusterImpl-be136bf1-c7ac-4d2e-9665-41f2df98132f/datanode-1/data/ratis/881144c5-3cc3-4d80-9607-016d7f0c51d5 has been successfully formatted.
2019-08-20 16:35:26,199 [pool-49-thread-1] INFO  ratis.ContainerStateMachine (ContainerStateMachine.java:loadSnapshot(222)) - group-016D7F0C51D5: The snapshot info is null. Setting the last applied indexto:(t:0, i:~)
2019-08-20 16:35:26,200 [pool-38-thread-1] INFO  ratis.ContainerStateMachine (ContainerStateMachine.java:loadSnapshot(222)) - group-016D7F0C51D5: The snapshot info is null. Setting the last applied indexto:(t:0, i:~)
2019-08-20 16:35:26,200 [pool-49-thread-1] INFO  server.RaftServerConfigKeys (ConfUtils.java:logGet(43)) - raft.server.leader.election.timeout = 120s (custom)
2019-08-20 16:35:26,200 [pool-38-thread-1] INFO  server.RaftServerConfigKeys (ConfUtils.java:logGet(43)) - raft.server.leader.election.timeout = 120s (custom)
2019-08-20 16:35:26,201 [pool-49-thread-1] INFO  server.RaftServerConfigKeys (ConfUtils.java:logGet(43)) - raft.server.log.use.memory = false (default)
2019-08-20 16:35:26,201 [pool-38-thread-1] INFO  server.RaftServerConfigKeys (ConfUtils.java:logGet(43)) - raft.server.log.use.memory = false (default)
2019-08-20 16:35:26,201 [pool-49-thread-1] INFO  server.RaftServerConfigKeys (ConfUtils.java:logGet(43)) - raft.server.log.purge.gap = 1000000 (custom)
2019-08-20 16:35:26,201 [pool-38-thread-1] INFO  server.RaftServerConfigKeys (ConfUtils.java:logGet(43)) - raft.server.log.purge.gap = 1000000 (custom)
2019-08-20 16:35:26,202 [pool-49-thread-1] INFO  server.RaftServerConfigKeys (ConfUtils.java:logGet(43)) - raft.server.log.appender.buffer.byte-limit = 33554432 (custom)
2019-08-20 16:35:26,202 [pool-38-thread-1] INFO  server.RaftServerConfigKeys (ConfUtils.java:logGet(43)) - raft.server.log.appender.buffer.byte-limit = 33554432 (custom)
2019-08-20 16:35:26,202 [pool-49-thread-1] INFO  server.RaftServerConfigKeys (ConfUtils.java:logGet(43)) - raft.server.log.segment.size.max = 1048576 (custom)
2019-08-20 16:35:26,202 [pool-38-thread-1] INFO  server.RaftServerConfigKeys (ConfUtils.java:logGet(43)) - raft.server.log.segment.size.max = 1048576 (custom)
2019-08-20 16:35:26,203 [pool-49-thread-1] INFO  server.RaftServerConfigKeys (ConfUtils.java:logGet(43)) - raft.server.log.segment.cache.num.max = 2 (custom)
2019-08-20 16:35:26,203 [pool-38-thread-1] INFO  server.RaftServerConfigKeys (ConfUtils.java:logGet(43)) - raft.server.log.segment.cache.num.max = 2 (custom)
2019-08-20 16:35:26,203 [pool-49-thread-1] INFO  segmented.SegmentedRaftLogWorker (SegmentedRaftLogWorker.java:<init>(172)) - new 1cd99ed7-c0d2-41ff-a57e-f64a137aa790-SegmentedRaftLogWorker:Storage Directory /workdir/hadoop-ozone/tools/target/test-dir/MiniOzoneClusterImpl-be136bf1-c7ac-4d2e-9665-41f2df98132f/datanode-2/data/ratis/881144c5-3cc3-4d80-9607-016d7f0c51d5 for RaftStorage:Storage Directory /workdir/hadoop-ozone/tools/target/test-dir/MiniOzoneClusterImpl-be136bf1-c7ac-4d2e-9665-41f2df98132f/datanode-2/data/ratis/881144c5-3cc3-4d80-9607-016d7f0c51d5
2019-08-20 16:35:26,205 [pool-38-thread-1] INFO  segmented.SegmentedRaftLogWorker (SegmentedRaftLogWorker.java:<init>(172)) - new 8556a57b-07a2-43a1-b9c0-1edf0a6afefc-SegmentedRaftLogWorker:Storage Directory /workdir/hadoop-ozone/tools/target/test-dir/MiniOzoneClusterImpl-be136bf1-c7ac-4d2e-9665-41f2df98132f/datanode-1/data/ratis/881144c5-3cc3-4d80-9607-016d7f0c51d5 for RaftStorage:Storage Directory /workdir/hadoop-ozone/tools/target/test-dir/MiniOzoneClusterImpl-be136bf1-c7ac-4d2e-9665-41f2df98132f/datanode-1/data/ratis/881144c5-3cc3-4d80-9607-016d7f0c51d5
2019-08-20 16:35:26,205 [pool-49-thread-1] INFO  server.RaftServerConfigKeys (ConfUtils.java:logGet(43)) - raft.server.log.queue.byte-limit = 2147483647 (custom)
2019-08-20 16:35:26,206 [pool-38-thread-1] INFO  server.RaftServerConfigKeys (ConfUtils.java:logGet(43)) - raft.server.log.queue.byte-limit = 2147483647 (custom)
2019-08-20 16:35:26,208 [pool-49-thread-1] INFO  server.RaftServerConfigKeys (ConfUtils.java:logGet(43)) - raft.server.log.queue.element-limit = 1024 (custom)
2019-08-20 16:35:26,208 [pool-38-thread-1] INFO  server.RaftServerConfigKeys (ConfUtils.java:logGet(43)) - raft.server.log.queue.element-limit = 1024 (custom)
2019-08-20 16:35:26,208 [pool-49-thread-1] INFO  server.RaftServerConfigKeys (ConfUtils.java:logGet(43)) - raft.server.log.segment.size.max = 1048576 (custom)
2019-08-20 16:35:26,209 [pool-38-thread-1] INFO  server.RaftServerConfigKeys (ConfUtils.java:logGet(43)) - raft.server.log.segment.size.max = 1048576 (custom)
2019-08-20 16:35:26,209 [pool-49-thread-1] INFO  server.RaftServerConfigKeys (ConfUtils.java:logGet(43)) - raft.server.log.preallocated.size = 16384 (custom)
2019-08-20 16:35:26,209 [pool-38-thread-1] INFO  server.RaftServerConfigKeys (ConfUtils.java:logGet(43)) - raft.server.log.preallocated.size = 16384 (custom)
2019-08-20 16:35:26,209 [pool-49-thread-1] INFO  server.RaftServerConfigKeys (ConfUtils.java:logGet(43)) - raft.server.log.write.buffer.size = 33554432 (custom)
2019-08-20 16:35:26,209 [pool-38-thread-1] INFO  server.RaftServerConfigKeys (ConfUtils.java:logGet(43)) - raft.server.log.write.buffer.size = 33554432 (custom)
2019-08-20 16:35:26,210 [pool-49-thread-1] INFO  server.RaftServerConfigKeys (ConfUtils.java:logGet(43)) - raft.server.log.force.sync.num = 128 (default)
2019-08-20 16:35:26,210 [pool-38-thread-1] INFO  server.RaftServerConfigKeys (ConfUtils.java:logGet(43)) - raft.server.log.force.sync.num = 128 (default)
2019-08-20 16:35:26,210 [pool-49-thread-1] INFO  server.RaftServerConfigKeys (ConfUtils.java:logGet(43)) - raft.server.log.statemachine.data.sync = true (default)
2019-08-20 16:35:26,210 [pool-38-thread-1] INFO  server.RaftServerConfigKeys (ConfUtils.java:logGet(43)) - raft.server.log.statemachine.data.sync = true (default)
2019-08-20 16:35:26,211 [pool-49-thread-1] INFO  server.RaftServerConfigKeys (ConfUtils.java:logGet(43)) - raft.server.log.statemachine.data.sync.timeout = 10s (default)
2019-08-20 16:35:26,211 [pool-38-thread-1] INFO  server.RaftServerConfigKeys (ConfUtils.java:logGet(43)) - raft.server.log.statemachine.data.sync.timeout = 10s (default)
2019-08-20 16:35:26,211 [pool-49-thread-1] INFO  server.RaftServerConfigKeys (ConfUtils.java:logGet(43)) - raft.server.log.statemachine.data.sync.timeout.retry = -1 (default)
2019-08-20 16:35:26,212 [pool-38-thread-1] INFO  server.RaftServerConfigKeys (ConfUtils.java:logGet(43)) - raft.server.log.statemachine.data.sync.timeout.retry = -1 (default)
2019-08-20 16:35:26,212 [pool-49-thread-1] INFO  server.RaftServerConfigKeys (ConfUtils.java:logGet(43)) - raft.server.log.statemachine.data.caching.enabled = true (custom)
2019-08-20 16:35:26,212 [pool-38-thread-1] INFO  server.RaftServerConfigKeys (ConfUtils.java:logGet(43)) - raft.server.log.statemachine.data.caching.enabled = true (custom)
2019-08-20 16:35:26,213 [pool-49-thread-1] INFO  segmented.SegmentedRaftLogWorker (SegmentedRaftLogWorker.java:lambda$new$0(132)) - 1cd99ed7-c0d2-41ff-a57e-f64a137aa790-SegmentedRaftLogWorker:Storage Directory /workdir/hadoop-ozone/tools/target/test-dir/MiniOzoneClusterImpl-be136bf1-c7ac-4d2e-9665-41f2df98132f/datanode-2/data/ratis/881144c5-3cc3-4d80-9607-016d7f0c51d5: flushIndex: setUnconditionally 0 -> -1
2019-08-20 16:35:26,213 [pool-38-thread-1] INFO  segmented.SegmentedRaftLogWorker (SegmentedRaftLogWorker.java:lambda$new$0(132)) - 8556a57b-07a2-43a1-b9c0-1edf0a6afefc-SegmentedRaftLogWorker:Storage Directory /workdir/hadoop-ozone/tools/target/test-dir/MiniOzoneClusterImpl-be136bf1-c7ac-4d2e-9665-41f2df98132f/datanode-1/data/ratis/881144c5-3cc3-4d80-9607-016d7f0c51d5: flushIndex: setUnconditionally 0 -> -1
2019-08-20 16:35:26,213 [pool-49-thread-1] INFO  server.RaftServerConfigKeys (ConfUtils.java:logGet(43)) - raft.server.snapshot.auto.trigger.enabled = true (custom)
2019-08-20 16:35:26,214 [pool-49-thread-1] INFO  server.RaftServerConfigKeys (ConfUtils.java:logGet(43)) - raft.server.snapshot.auto.trigger.threshold = 10000 (custom)
2019-08-20 16:35:26,214 [pool-38-thread-1] INFO  server.RaftServerConfigKeys (ConfUtils.java:logGet(43)) - raft.server.snapshot.auto.trigger.enabled = true (custom)
2019-08-20 16:35:26,214 [pool-49-thread-1] INFO  server.RaftServerConfigKeys (ConfUtils.java:logGet(43)) - raft.server.retrycache.expirytime = 600000ms (custom)
2019-08-20 16:35:26,214 [pool-38-thread-1] INFO  server.RaftServerConfigKeys (ConfUtils.java:logGet(43)) - raft.server.snapshot.auto.trigger.threshold = 10000 (custom)
2019-08-20 16:35:26,214 [pool-49-thread-1] INFO  impl.RaftServerImpl (RaftServerImpl.java:start(180)) - 1cd99ed7-c0d2-41ff-a57e-f64a137aa790: start group-016D7F0C51D5
2019-08-20 16:35:26,215 [pool-38-thread-1] INFO  server.RaftServerConfigKeys (ConfUtils.java:logGet(43)) - raft.server.retrycache.expirytime = 600000ms (custom)
2019-08-20 16:35:26,215 [pool-38-thread-1] INFO  impl.RaftServerImpl (RaftServerImpl.java:start(180)) - 8556a57b-07a2-43a1-b9c0-1edf0a6afefc: start group-016D7F0C51D5
2019-08-20 16:35:26,217 [pool-38-thread-1] INFO  impl.RaftServerImpl (RaftServerImpl.java:setRole(171)) - 8556a57b-07a2-43a1-b9c0-1edf0a6afefc:group-016D7F0C51D5 changes role from null to FOLLOWER at term 0 for startAsFollower
2019-08-20 16:35:26,217 [pool-49-thread-1] INFO  impl.RaftServerImpl (RaftServerImpl.java:setRole(171)) - 1cd99ed7-c0d2-41ff-a57e-f64a137aa790:group-016D7F0C51D5 changes role from null to FOLLOWER at term 0 for startAsFollower
2019-08-20 16:35:26,222 [pool-49-thread-1] INFO  impl.RoleInfo (RoleInfo.java:updateAndGet(143)) - 1cd99ed7-c0d2-41ff-a57e-f64a137aa790: start FollowerState
2019-08-20 16:35:26,222 [pool-38-thread-1] INFO  impl.RoleInfo (RoleInfo.java:updateAndGet(143)) - 8556a57b-07a2-43a1-b9c0-1edf0a6afefc: start FollowerState
2019-08-20 16:35:26,227 [pool-49-thread-1] INFO  util.JmxRegister (JmxRegister.java:tryRegister(44)) - Successfully registered JMX Bean with object name Ratis:service=RaftServer,group=group-016D7F0C51D5,id=1cd99ed7-c0d2-41ff-a57e-f64a137aa790
2019-08-20 16:35:26,227 [pool-38-thread-1] INFO  util.JmxRegister (JmxRegister.java:tryRegister(44)) - Successfully registered JMX Bean with object name Ratis:service=RaftServer,group=group-016D7F0C51D5,id=8556a57b-07a2-43a1-b9c0-1edf0a6afefc
 0.00% |█                                                                                                    |  0/1 Time: 0:00:032019-08-20 16:35:26,479 | INFO  | SCMAudit | user=jenkins1000 | ip=192.168.5.139 | op=SEND_HEARTBEAT {datanodeUUID=c9d5e90e-0dec-4e85-b4e2-d29823632d06, command=[]} | ret=SUCCESS |  
2019-08-20 16:35:26,717 | INFO  | SCMAudit | user=jenkins1000 | ip=192.168.5.139 | op=SEND_HEARTBEAT {datanodeUUID=8556a57b-07a2-43a1-b9c0-1edf0a6afefc, command=[]} | ret=SUCCESS |  
2019-08-20 16:35:26,948 | INFO  | SCMAudit | user=jenkins1000 | ip=192.168.5.139 | op=SEND_HEARTBEAT {datanodeUUID=1cd99ed7-c0d2-41ff-a57e-f64a137aa790, command=[]} | ret=SUCCESS |  
 0.00% |█                                                                                                    |  0/1 Time: 0:00:042019-08-20 16:35:27,479 | INFO  | SCMAudit | user=jenkins1000 | ip=192.168.5.139 | op=SEND_HEARTBEAT {datanodeUUID=c9d5e90e-0dec-4e85-b4e2-d29823632d06, command=[]} | ret=SUCCESS |  
2019-08-20 16:35:27,717 | INFO  | SCMAudit | user=jenkins1000 | ip=192.168.5.139 | op=SEND_HEARTBEAT {datanodeUUID=8556a57b-07a2-43a1-b9c0-1edf0a6afefc, command=[]} | ret=SUCCESS |  
2019-08-20 16:35:27,852 [RATISCREATEPIPELINE1] ERROR pipeline.RatisPipelineProvider (RatisPipelineProvider.java:lambda$null$5(235)) - Failed invoke Ratis rpc org.apache.hadoop.hdds.scm.pipeline.RatisPipelineProvider$$Lambda$170/1145593931@787bac87 for c9d5e90e-0dec-4e85-b4e2-d29823632d06
org.apache.ratis.protocol.TimeoutIOException: deadline exceeded after 2998217561ns
	at org.apache.ratis.grpc.GrpcUtil.tryUnwrapException(GrpcUtil.java:82)
	at org.apache.ratis.grpc.GrpcUtil.unwrapException(GrpcUtil.java:75)
	at org.apache.ratis.grpc.client.GrpcClientProtocolClient.blockingCall(GrpcClientProtocolClient.java:169)
	at org.apache.ratis.grpc.client.GrpcClientProtocolClient.groupAdd(GrpcClientProtocolClient.java:138)
	at org.apache.ratis.grpc.client.GrpcClientRpc.sendRequest(GrpcClientRpc.java:94)
	at org.apache.ratis.client.impl.RaftClientImpl.sendRequest(RaftClientImpl.java:279)
	at org.apache.ratis.client.impl.RaftClientImpl.groupAdd(RaftClientImpl.java:206)
	at org.apache.hadoop.hdds.scm.pipeline.RatisPipelineProvider.lambda$initializePipeline$4(RatisPipelineProvider.java:194)
	at org.apache.hadoop.hdds.scm.pipeline.RatisPipelineProvider.lambda$null$5(RatisPipelineProvider.java:231)
	at java.util.stream.ForEachOps$ForEachOp$OfRef.accept(ForEachOps.java:184)
	at java.util.ArrayList$ArrayListSpliterator.forEachRemaining(ArrayList.java:1382)
	at java.util.stream.AbstractPipeline.copyInto(AbstractPipeline.java:482)
	at java.util.stream.ForEachOps$ForEachTask.compute(ForEachOps.java:291)
	at java.util.concurrent.CountedCompleter.exec(CountedCompleter.java:731)
	at java.util.concurrent.ForkJoinTask.doExec(ForkJoinTask.java:289)
	at java.util.concurrent.ForkJoinTask.doInvoke(ForkJoinTask.java:401)
	at java.util.concurrent.ForkJoinTask.invoke(ForkJoinTask.java:734)
	at java.util.stream.ForEachOps$ForEachOp.evaluateParallel(ForEachOps.java:160)
	at java.util.stream.ForEachOps$ForEachOp$OfRef.evaluateParallel(ForEachOps.java:174)
	at java.util.stream.AbstractPipeline.evaluate(AbstractPipeline.java:233)
	at java.util.stream.ReferencePipeline.forEach(ReferencePipeline.java:418)
	at java.util.stream.ReferencePipeline$Head.forEach(ReferencePipeline.java:583)
	at org.apache.hadoop.hdds.scm.pipeline.RatisPipelineProvider.lambda$callRatisRpc$6(RatisPipelineProvider.java:225)
	at java.util.concurrent.ForkJoinTask$AdaptedRunnableAction.exec(ForkJoinTask.java:1386)
	at java.util.concurrent.ForkJoinTask.doExec(ForkJoinTask.java:289)
	at java.util.concurrent.ForkJoinPool$WorkQueue.runTask(ForkJoinPool.java:1056)
	at java.util.concurrent.ForkJoinPool.runWorker(ForkJoinPool.java:1692)
	at java.util.concurrent.ForkJoinWorkerThread.run(ForkJoinWorkerThread.java:157)
Caused by: org.apache.ratis.thirdparty.io.grpc.StatusRuntimeException: DEADLINE_EXCEEDED: deadline exceeded after 2998217561ns
	at org.apache.ratis.thirdparty.io.grpc.stub.ClientCalls.toStatusRuntimeException(ClientCalls.java:233)
	at org.apache.ratis.thirdparty.io.grpc.stub.ClientCalls.getUnchecked(ClientCalls.java:214)
	at org.apache.ratis.thirdparty.io.grpc.stub.ClientCalls.blockingUnaryCall(ClientCalls.java:139)
	at org.apache.ratis.proto.grpc.AdminProtocolServiceGrpc$AdminProtocolServiceBlockingStub.groupManagement(AdminProtocolServiceGrpc.java:274)
	at org.apache.ratis.grpc.client.GrpcClientProtocolClient.lambda$groupAdd$3(GrpcClientProtocolClient.java:140)
	at org.apache.ratis.grpc.client.GrpcClientProtocolClient.blockingCall(GrpcClientProtocolClient.java:167)
	... 25 more
2019-08-20 16:35:27,881 [grpc-default-executor-0] INFO  impl.RaftServerProxy (RaftServerProxy.java:addNew(89)) - 8556a57b-07a2-43a1-b9c0-1edf0a6afefc: addNew group-75C8E82B20D7:[8556a57b-07a2-43a1-b9c0-1edf0a6afefc:192.168.5.139:40827] returns group-75C8E82B20D7:java.util.concurrent.CompletableFuture@74e2c27c[Not completed]
2019-08-20 16:35:27,883 [pool-38-thread-1] INFO  impl.RaftServerImpl (RaftServerImpl.java:<init>(93)) - 8556a57b-07a2-43a1-b9c0-1edf0a6afefc: new RaftServerImpl for group-75C8E82B20D7:[8556a57b-07a2-43a1-b9c0-1edf0a6afefc:192.168.5.139:40827] with ContainerStateMachine:uninitialized
2019-08-20 16:35:27,883 [pool-38-thread-1] INFO  server.RaftServerConfigKeys (ConfUtils.java:logGet(43)) - raft.server.rpc.timeout.min = 5s (custom)
2019-08-20 16:35:27,883 [pool-38-thread-1] INFO  server.RaftServerConfigKeys (ConfUtils.java:logGet(43)) - raft.server.rpc.timeout.max = 5200ms (custom)
2019-08-20 16:35:27,883 [pool-38-thread-1] INFO  server.RaftServerConfigKeys (ConfUtils.java:logGet(43)) - raft.server.rpcslowness.timeout = 120s (custom)
2019-08-20 16:35:27,884 [pool-38-thread-1] INFO  server.RaftServerConfigKeys (ConfUtils.java:logGet(43)) - raft.server.sleep.deviation.threshold = 300 (default)
2019-08-20 16:35:27,884 [pool-38-thread-1] INFO  server.RaftServerConfigKeys (ConfUtils.java:logGet(43)) - raft.server.log.appender.install.snapshot.enabled = false (custom)
2019-08-20 16:35:27,884 [pool-38-thread-1] INFO  impl.RaftServerImpl (ServerState.java:<init>(105)) - 8556a57b-07a2-43a1-b9c0-1edf0a6afefc:group-75C8E82B20D7 ConfigurationManager, init=-1: [8556a57b-07a2-43a1-b9c0-1edf0a6afefc:192.168.5.139:40827], old=null, confs=<EMPTY_MAP>
2019-08-20 16:35:27,884 [pool-38-thread-1] INFO  server.RaftServerConfigKeys (ConfUtils.java:logGet(43)) - raft.server.storage.dir = [/workdir/hadoop-ozone/tools/target/test-dir/MiniOzoneClusterImpl-be136bf1-c7ac-4d2e-9665-41f2df98132f/datanode-1/data/ratis] (custom)
2019-08-20 16:35:27,885 [pool-38-thread-1] INFO  storage.RaftStorageDirectory (RaftStorageDirectory.java:analyzeStorage(246)) - The storage directory /workdir/hadoop-ozone/tools/target/test-dir/MiniOzoneClusterImpl-be136bf1-c7ac-4d2e-9665-41f2df98132f/datanode-1/data/ratis/25628062-deca-4cdf-bd27-75c8e82b20d7 does not exist. Creating ...
2019-08-20 16:35:27,947 | INFO  | SCMAudit | user=jenkins1000 | ip=192.168.5.139 | op=SEND_HEARTBEAT {datanodeUUID=1cd99ed7-c0d2-41ff-a57e-f64a137aa790, command=[]} | ret=SUCCESS |  
 0.00% |█                                                                                                    |  0/1 Time: 0:00:052019-08-20 16:35:28,479 | INFO  | SCMAudit | user=jenkins1000 | ip=192.168.5.139 | op=SEND_HEARTBEAT {datanodeUUID=c9d5e90e-0dec-4e85-b4e2-d29823632d06, command=[]} | ret=SUCCESS |  
2019-08-20 16:35:28,717 | INFO  | SCMAudit | user=jenkins1000 | ip=192.168.5.139 | op=SEND_HEARTBEAT {datanodeUUID=8556a57b-07a2-43a1-b9c0-1edf0a6afefc, command=[]} | ret=SUCCESS |  
2019-08-20 16:35:28,948 | INFO  | SCMAudit | user=jenkins1000 | ip=192.168.5.139 | op=SEND_HEARTBEAT {datanodeUUID=1cd99ed7-c0d2-41ff-a57e-f64a137aa790, command=[]} | ret=SUCCESS |  
 0.00% |█                                                                                                    |  0/1 Time: 0:00:062019-08-20 16:35:29,479 | INFO  | SCMAudit | user=jenkins1000 | ip=192.168.5.139 | op=SEND_HEARTBEAT {datanodeUUID=c9d5e90e-0dec-4e85-b4e2-d29823632d06, command=[]} | ret=SUCCESS |  
2019-08-20 16:35:29,718 | INFO  | SCMAudit | user=jenkins1000 | ip=192.168.5.139 | op=SEND_HEARTBEAT {datanodeUUID=8556a57b-07a2-43a1-b9c0-1edf0a6afefc, command=[]} | ret=SUCCESS |  
2019-08-20 16:35:29,949 | INFO  | SCMAudit | user=jenkins1000 | ip=192.168.5.139 | op=SEND_HEARTBEAT {datanodeUUID=1cd99ed7-c0d2-41ff-a57e-f64a137aa790, command=[]} | ret=SUCCESS |  
 0.00% |█                                                                                                    |  0/1 Time: 0:00:072019-08-20 16:35:30,479 | INFO  | SCMAudit | user=jenkins1000 | ip=192.168.5.139 | op=SEND_HEARTBEAT {datanodeUUID=c9d5e90e-0dec-4e85-b4e2-d29823632d06, command=[]} | ret=SUCCESS |  
2019-08-20 16:35:30,718 | INFO  | SCMAudit | user=jenkins1000 | ip=192.168.5.139 | op=SEND_HEARTBEAT {datanodeUUID=8556a57b-07a2-43a1-b9c0-1edf0a6afefc, command=[]} | ret=SUCCESS |  
2019-08-20 16:35:30,867 [RATISCREATEPIPELINE1] ERROR pipeline.RatisPipelineProvider (RatisPipelineProvider.java:lambda$null$5(235)) - Failed invoke Ratis rpc org.apache.hadoop.hdds.scm.pipeline.RatisPipelineProvider$$Lambda$170/1145593931@178e2f41 for 8556a57b-07a2-43a1-b9c0-1edf0a6afefc
org.apache.ratis.protocol.TimeoutIOException: deadline exceeded after 2999697356ns
	at org.apache.ratis.grpc.GrpcUtil.tryUnwrapException(GrpcUtil.java:82)
	at org.apache.ratis.grpc.GrpcUtil.unwrapException(GrpcUtil.java:75)
	at org.apache.ratis.grpc.client.GrpcClientProtocolClient.blockingCall(GrpcClientProtocolClient.java:169)
	at org.apache.ratis.grpc.client.GrpcClientProtocolClient.groupAdd(GrpcClientProtocolClient.java:138)
	at org.apache.ratis.grpc.client.GrpcClientRpc.sendRequest(GrpcClientRpc.java:94)
	at org.apache.ratis.client.impl.RaftClientImpl.sendRequest(RaftClientImpl.java:279)
	at org.apache.ratis.client.impl.RaftClientImpl.groupAdd(RaftClientImpl.java:206)
	at org.apache.hadoop.hdds.scm.pipeline.RatisPipelineProvider.lambda$initializePipeline$4(RatisPipelineProvider.java:194)
	at org.apache.hadoop.hdds.scm.pipeline.RatisPipelineProvider.lambda$null$5(RatisPipelineProvider.java:231)
	at java.util.stream.ForEachOps$ForEachOp$OfRef.accept(ForEachOps.java:184)
	at java.util.ArrayList$ArrayListSpliterator.forEachRemaining(ArrayList.java:1382)
	at java.util.stream.AbstractPipeline.copyInto(AbstractPipeline.java:482)
	at java.util.stream.ForEachOps$ForEachTask.compute(ForEachOps.java:291)
	at java.util.concurrent.CountedCompleter.exec(CountedCompleter.java:731)
	at java.util.concurrent.ForkJoinTask.doExec(ForkJoinTask.java:289)
	at java.util.concurrent.ForkJoinTask.doInvoke(ForkJoinTask.java:401)
	at java.util.concurrent.ForkJoinTask.invoke(ForkJoinTask.java:734)
	at java.util.stream.ForEachOps$ForEachOp.evaluateParallel(ForEachOps.java:160)
	at java.util.stream.ForEachOps$ForEachOp$OfRef.evaluateParallel(ForEachOps.java:174)
	at java.util.stream.AbstractPipeline.evaluate(AbstractPipeline.java:233)
	at java.util.stream.ReferencePipeline.forEach(ReferencePipeline.java:418)
	at java.util.stream.ReferencePipeline$Head.forEach(ReferencePipeline.java:583)
	at org.apache.hadoop.hdds.scm.pipeline.RatisPipelineProvider.lambda$callRatisRpc$6(RatisPipelineProvider.java:225)
	at java.util.concurrent.ForkJoinTask$AdaptedRunnableAction.exec(ForkJoinTask.java:1386)
	at java.util.concurrent.ForkJoinTask.doExec(ForkJoinTask.java:289)
	at java.util.concurrent.ForkJoinPool$WorkQueue.runTask(ForkJoinPool.java:1056)
	at java.util.concurrent.ForkJoinPool.runWorker(ForkJoinPool.java:1692)
	at java.util.concurrent.ForkJoinWorkerThread.run(ForkJoinWorkerThread.java:157)
Caused by: org.apache.ratis.thirdparty.io.grpc.StatusRuntimeException: DEADLINE_EXCEEDED: deadline exceeded after 2999697356ns
	at org.apache.ratis.thirdparty.io.grpc.stub.ClientCalls.toStatusRuntimeException(ClientCalls.java:233)
	at org.apache.ratis.thirdparty.io.grpc.stub.ClientCalls.getUnchecked(ClientCalls.java:214)
	at org.apache.ratis.thirdparty.io.grpc.stub.ClientCalls.blockingUnaryCall(ClientCalls.java:139)
	at org.apache.ratis.proto.grpc.AdminProtocolServiceGrpc$AdminProtocolServiceBlockingStub.groupManagement(AdminProtocolServiceGrpc.java:274)
	at org.apache.ratis.grpc.client.GrpcClientProtocolClient.lambda$groupAdd$3(GrpcClientProtocolClient.java:140)
	at org.apache.ratis.grpc.client.GrpcClientProtocolClient.blockingCall(GrpcClientProtocolClient.java:167)
	... 25 more
2019-08-20 16:35:30,913 [grpc-default-executor-0] INFO  impl.RaftServerProxy (RaftServerProxy.java:addNew(89)) - 1cd99ed7-c0d2-41ff-a57e-f64a137aa790: addNew group-A0D24D3534FF:[8556a57b-07a2-43a1-b9c0-1edf0a6afefc:192.168.5.139:40827, 1cd99ed7-c0d2-41ff-a57e-f64a137aa790:192.168.5.139:32924, c9d5e90e-0dec-4e85-b4e2-d29823632d06:192.168.5.139:43573] returns group-A0D24D3534FF:java.util.concurrent.CompletableFuture@7474c99c[Not completed]
2019-08-20 16:35:30,913 [grpc-default-executor-1] INFO  impl.RaftServerProxy (RaftServerProxy.java:addNew(89)) - 8556a57b-07a2-43a1-b9c0-1edf0a6afefc: addNew group-A0D24D3534FF:[8556a57b-07a2-43a1-b9c0-1edf0a6afefc:192.168.5.139:40827, 1cd99ed7-c0d2-41ff-a57e-f64a137aa790:192.168.5.139:32924, c9d5e90e-0dec-4e85-b4e2-d29823632d06:192.168.5.139:43573] returns group-A0D24D3534FF:java.util.concurrent.CompletableFuture@70038df9[Not completed]
2019-08-20 16:35:30,913 [grpc-default-executor-2] INFO  impl.RaftServerProxy (RaftServerProxy.java:addNew(89)) - c9d5e90e-0dec-4e85-b4e2-d29823632d06: addNew group-A0D24D3534FF:[8556a57b-07a2-43a1-b9c0-1edf0a6afefc:192.168.5.139:40827, 1cd99ed7-c0d2-41ff-a57e-f64a137aa790:192.168.5.139:32924, c9d5e90e-0dec-4e85-b4e2-d29823632d06:192.168.5.139:43573] returns group-A0D24D3534FF:java.util.concurrent.CompletableFuture@1bf0dc30[Not completed]
2019-08-20 16:35:30,915 [pool-49-thread-1] INFO  impl.RaftServerImpl (RaftServerImpl.java:<init>(93)) - 1cd99ed7-c0d2-41ff-a57e-f64a137aa790: new RaftServerImpl for group-A0D24D3534FF:[8556a57b-07a2-43a1-b9c0-1edf0a6afefc:192.168.5.139:40827, 1cd99ed7-c0d2-41ff-a57e-f64a137aa790:192.168.5.139:32924, c9d5e90e-0dec-4e85-b4e2-d29823632d06:192.168.5.139:43573] with ContainerStateMachine:uninitialized
2019-08-20 16:35:30,915 [pool-49-thread-1] INFO  server.RaftServerConfigKeys (ConfUtils.java:logGet(43)) - raft.server.rpc.timeout.min = 5s (custom)
2019-08-20 16:35:30,916 [pool-49-thread-1] INFO  server.RaftServerConfigKeys (ConfUtils.java:logGet(43)) - raft.server.rpc.timeout.max = 5200ms (custom)
2019-08-20 16:35:30,916 [pool-49-thread-1] INFO  server.RaftServerConfigKeys (ConfUtils.java:logGet(43)) - raft.server.rpcslowness.timeout = 120s (custom)
2019-08-20 16:35:30,916 [pool-49-thread-1] INFO  server.RaftServerConfigKeys (ConfUtils.java:logGet(43)) - raft.server.sleep.deviation.threshold = 300 (default)
2019-08-20 16:35:30,916 [pool-49-thread-1] INFO  server.RaftServerConfigKeys (ConfUtils.java:logGet(43)) - raft.server.log.appender.install.snapshot.enabled = false (custom)
2019-08-20 16:35:30,916 [pool-49-thread-1] INFO  impl.RaftServerImpl (ServerState.java:<init>(105)) - 1cd99ed7-c0d2-41ff-a57e-f64a137aa790:group-A0D24D3534FF ConfigurationManager, init=-1: [8556a57b-07a2-43a1-b9c0-1edf0a6afefc:192.168.5.139:40827, 1cd99ed7-c0d2-41ff-a57e-f64a137aa790:192.168.5.139:32924, c9d5e90e-0dec-4e85-b4e2-d29823632d06:192.168.5.139:43573], old=null, confs=<EMPTY_MAP>
2019-08-20 16:35:30,917 [pool-49-thread-1] INFO  server.RaftServerConfigKeys (ConfUtils.java:logGet(43)) - raft.server.storage.dir = [/workdir/hadoop-ozone/tools/target/test-dir/MiniOzoneClusterImpl-be136bf1-c7ac-4d2e-9665-41f2df98132f/datanode-2/data/ratis] (custom)
2019-08-20 16:35:30,917 [pool-49-thread-1] INFO  storage.RaftStorageDirectory (RaftStorageDirectory.java:analyzeStorage(246)) - The storage directory /workdir/hadoop-ozone/tools/target/test-dir/MiniOzoneClusterImpl-be136bf1-c7ac-4d2e-9665-41f2df98132f/datanode-2/data/ratis/0a8c1667-3d3c-4d2e-aade-a0d24d3534ff does not exist. Creating ...
2019-08-20 16:35:30,949 | INFO  | SCMAudit | user=jenkins1000 | ip=192.168.5.139 | op=SEND_HEARTBEAT {datanodeUUID=1cd99ed7-c0d2-41ff-a57e-f64a137aa790, command=[]} | ret=SUCCESS |  
2019-08-20 16:35:31,301 [Thread-189] INFO  impl.FollowerState (FollowerState.java:run(106)) - 1cd99ed7-c0d2-41ff-a57e-f64a137aa790:group-016D7F0C51D5 changes to CANDIDATE, lastRpcTime:5080, electionTimeout:5077ms
2019-08-20 16:35:31,302 [Thread-189] INFO  impl.RoleInfo (RoleInfo.java:shutdownFollowerState(121)) - 1cd99ed7-c0d2-41ff-a57e-f64a137aa790: shutdown FollowerState
2019-08-20 16:35:31,302 [Thread-189] INFO  impl.RaftServerImpl (RaftServerImpl.java:setRole(171)) - 1cd99ed7-c0d2-41ff-a57e-f64a137aa790:group-016D7F0C51D5 changes role from FOLLOWER to CANDIDATE at term 0 for changeToCandidate
2019-08-20 16:35:31,305 [Thread-189] INFO  impl.RoleInfo (RoleInfo.java:updateAndGet(143)) - 1cd99ed7-c0d2-41ff-a57e-f64a137aa790: start LeaderElection
 0.00% |█                                                                                                    |  0/1 Time: 0:00:082019-08-20 16:35:31,419 [Thread-188] INFO  impl.FollowerState (FollowerState.java:run(106)) - 8556a57b-07a2-43a1-b9c0-1edf0a6afefc:group-016D7F0C51D5 changes to CANDIDATE, lastRpcTime:5198, electionTimeout:5195ms
2019-08-20 16:35:31,421 [Thread-188] INFO  impl.RoleInfo (RoleInfo.java:shutdownFollowerState(121)) - 8556a57b-07a2-43a1-b9c0-1edf0a6afefc: shutdown FollowerState
2019-08-20 16:35:31,421 [Thread-188] INFO  impl.RaftServerImpl (RaftServerImpl.java:setRole(171)) - 8556a57b-07a2-43a1-b9c0-1edf0a6afefc:group-016D7F0C51D5 changes role from FOLLOWER to CANDIDATE at term 0 for changeToCandidate
2019-08-20 16:35:31,421 [Thread-188] INFO  impl.RoleInfo (RoleInfo.java:updateAndGet(143)) - 8556a57b-07a2-43a1-b9c0-1edf0a6afefc: start LeaderElection
2019-08-20 16:35:31,479 | INFO  | SCMAudit | user=jenkins1000 | ip=192.168.5.139 | op=SEND_HEARTBEAT {datanodeUUID=c9d5e90e-0dec-4e85-b4e2-d29823632d06, command=[]} | ret=SUCCESS |  
2019-08-20 16:35:31,725 | INFO  | SCMAudit | user=jenkins1000 | ip=192.168.5.139 | op=SEND_HEARTBEAT {datanodeUUID=8556a57b-07a2-43a1-b9c0-1edf0a6afefc, command=[]} | ret=SUCCESS |  
2019-08-20 16:35:31,949 | INFO  | SCMAudit | user=jenkins1000 | ip=192.168.5.139 | op=SEND_HEARTBEAT {datanodeUUID=1cd99ed7-c0d2-41ff-a57e-f64a137aa790, command=[]} | ret=SUCCESS |  
 0.00% |█                                                                                                    |  0/1 Time: 0:00:092019-08-20 16:35:32,478 | INFO  | SCMAudit | user=jenkins1000 | ip=192.168.5.139 | op=SEND_HEARTBEAT {datanodeUUID=c9d5e90e-0dec-4e85-b4e2-d29823632d06, command=[]} | ret=SUCCESS |  
2019-08-20 16:35:32,717 | INFO  | SCMAudit | user=jenkins1000 | ip=192.168.5.139 | op=SEND_HEARTBEAT {datanodeUUID=8556a57b-07a2-43a1-b9c0-1edf0a6afefc, command=[]} | ret=SUCCESS |  
2019-08-20 16:35:32,948 | INFO  | SCMAudit | user=jenkins1000 | ip=192.168.5.139 | op=SEND_HEARTBEAT {datanodeUUID=1cd99ed7-c0d2-41ff-a57e-f64a137aa790, command=[]} | ret=SUCCESS |  
2019-08-20 16:35:33,333 [pool-38-thread-1] INFO  storage.RaftStorageDirectory (RaftStorageDirectory.java:tryLock(328)) - Lock on /workdir/hadoop-ozone/tools/target/test-dir/MiniOzoneClusterImpl-be136bf1-c7ac-4d2e-9665-41f2df98132f/datanode-1/data/ratis/25628062-deca-4cdf-bd27-75c8e82b20d7/in_use.lock acquired by nodename 27280@pr-hdds-1200-9hlr9-3148487106
 0.00% |█                                                                                                    |  0/1 Time: 0:00:102019-08-20 16:35:33,410 [pool-27-thread-1] INFO  storage.RaftStorage (RaftStorage.java:format(72)) - Storage directory /workdir/hadoop-ozone/tools/target/test-dir/MiniOzoneClusterImpl-be136bf1-c7ac-4d2e-9665-41f2df98132f/datanode-0/data/ratis/881144c5-3cc3-4d80-9607-016d7f0c51d5 has been successfully formatted.
2019-08-20 16:35:33,411 [pool-27-thread-1] INFO  ratis.ContainerStateMachine (ContainerStateMachine.java:loadSnapshot(222)) - group-016D7F0C51D5: The snapshot info is null. Setting the last applied indexto:(t:0, i:~)
2019-08-20 16:35:33,411 [pool-27-thread-1] INFO  server.RaftServerConfigKeys (ConfUtils.java:logGet(43)) - raft.server.leader.election.timeout = 120s (custom)
2019-08-20 16:35:33,411 [pool-27-thread-1] INFO  server.RaftServerConfigKeys (ConfUtils.java:logGet(43)) - raft.server.log.use.memory = false (default)
2019-08-20 16:35:33,412 [pool-27-thread-1] INFO  server.RaftServerConfigKeys (ConfUtils.java:logGet(43)) - raft.server.log.purge.gap = 1000000 (custom)
2019-08-20 16:35:33,412 [pool-27-thread-1] INFO  server.RaftServerConfigKeys (ConfUtils.java:logGet(43)) - raft.server.log.appender.buffer.byte-limit = 33554432 (custom)
2019-08-20 16:35:33,412 [pool-27-thread-1] INFO  server.RaftServerConfigKeys (ConfUtils.java:logGet(43)) - raft.server.log.segment.size.max = 1048576 (custom)
2019-08-20 16:35:33,413 [pool-27-thread-1] INFO  server.RaftServerConfigKeys (ConfUtils.java:logGet(43)) - raft.server.log.segment.cache.num.max = 2 (custom)
2019-08-20 16:35:33,413 [pool-27-thread-1] INFO  segmented.SegmentedRaftLogWorker (SegmentedRaftLogWorker.java:<init>(172)) - new c9d5e90e-0dec-4e85-b4e2-d29823632d06-SegmentedRaftLogWorker:Storage Directory /workdir/hadoop-ozone/tools/target/test-dir/MiniOzoneClusterImpl-be136bf1-c7ac-4d2e-9665-41f2df98132f/datanode-0/data/ratis/881144c5-3cc3-4d80-9607-016d7f0c51d5 for RaftStorage:Storage Directory /workdir/hadoop-ozone/tools/target/test-dir/MiniOzoneClusterImpl-be136bf1-c7ac-4d2e-9665-41f2df98132f/datanode-0/data/ratis/881144c5-3cc3-4d80-9607-016d7f0c51d5
2019-08-20 16:35:33,413 [pool-27-thread-1] INFO  server.RaftServerConfigKeys (ConfUtils.java:logGet(43)) - raft.server.log.queue.byte-limit = 2147483647 (custom)
2019-08-20 16:35:33,414 [pool-27-thread-1] INFO  server.RaftServerConfigKeys (ConfUtils.java:logGet(43)) - raft.server.log.queue.element-limit = 1024 (custom)
2019-08-20 16:35:33,414 [pool-27-thread-1] INFO  server.RaftServerConfigKeys (ConfUtils.java:logGet(43)) - raft.server.log.segment.size.max = 1048576 (custom)
2019-08-20 16:35:33,414 [pool-27-thread-1] INFO  server.RaftServerConfigKeys (ConfUtils.java:logGet(43)) - raft.server.log.preallocated.size = 16384 (custom)
2019-08-20 16:35:33,414 [pool-27-thread-1] INFO  server.RaftServerConfigKeys (ConfUtils.java:logGet(43)) - raft.server.log.write.buffer.size = 33554432 (custom)
2019-08-20 16:35:33,415 [pool-27-thread-1] INFO  server.RaftServerConfigKeys (ConfUtils.java:logGet(43)) - raft.server.log.force.sync.num = 128 (default)
2019-08-20 16:35:33,415 [pool-27-thread-1] INFO  server.RaftServerConfigKeys (ConfUtils.java:logGet(43)) - raft.server.log.statemachine.data.sync = true (default)
2019-08-20 16:35:33,415 [pool-27-thread-1] INFO  server.RaftServerConfigKeys (ConfUtils.java:logGet(43)) - raft.server.log.statemachine.data.sync.timeout = 10s (default)
2019-08-20 16:35:33,415 [pool-27-thread-1] INFO  server.RaftServerConfigKeys (ConfUtils.java:logGet(43)) - raft.server.log.statemachine.data.sync.timeout.retry = -1 (default)
2019-08-20 16:35:33,416 [pool-27-thread-1] INFO  server.RaftServerConfigKeys (ConfUtils.java:logGet(43)) - raft.server.log.statemachine.data.caching.enabled = true (custom)
2019-08-20 16:35:33,417 [pool-27-thread-1] INFO  segmented.SegmentedRaftLogWorker (SegmentedRaftLogWorker.java:lambda$new$0(132)) - c9d5e90e-0dec-4e85-b4e2-d29823632d06-SegmentedRaftLogWorker:Storage Directory /workdir/hadoop-ozone/tools/target/test-dir/MiniOzoneClusterImpl-be136bf1-c7ac-4d2e-9665-41f2df98132f/datanode-0/data/ratis/881144c5-3cc3-4d80-9607-016d7f0c51d5: flushIndex: setUnconditionally 0 -> -1
2019-08-20 16:35:33,417 [pool-27-thread-1] INFO  server.RaftServerConfigKeys (ConfUtils.java:logGet(43)) - raft.server.snapshot.auto.trigger.enabled = true (custom)
2019-08-20 16:35:33,417 [pool-27-thread-1] INFO  server.RaftServerConfigKeys (ConfUtils.java:logGet(43)) - raft.server.snapshot.auto.trigger.threshold = 10000 (custom)
2019-08-20 16:35:33,418 [pool-27-thread-1] INFO  server.RaftServerConfigKeys (ConfUtils.java:logGet(43)) - raft.server.retrycache.expirytime = 600000ms (custom)
2019-08-20 16:35:33,418 [pool-27-thread-1] INFO  impl.RaftServerImpl (RaftServerImpl.java:start(180)) - c9d5e90e-0dec-4e85-b4e2-d29823632d06: start group-6871122BCC81
2019-08-20 16:35:33,419 [pool-27-thread-1] INFO  impl.RaftServerImpl (RaftServerImpl.java:setRole(171)) - c9d5e90e-0dec-4e85-b4e2-d29823632d06:group-6871122BCC81 changes role from null to FOLLOWER at term 0 for startAsFollower
2019-08-20 16:35:33,419 [pool-27-thread-1] INFO  impl.RoleInfo (RoleInfo.java:updateAndGet(143)) - c9d5e90e-0dec-4e85-b4e2-d29823632d06: start FollowerState
2019-08-20 16:35:33,420 [pool-27-thread-1] INFO  util.JmxRegister (JmxRegister.java:tryRegister(44)) - Successfully registered JMX Bean with object name Ratis:service=RaftServer,group=group-6871122BCC81,id=c9d5e90e-0dec-4e85-b4e2-d29823632d06
2019-08-20 16:35:33,425 [pool-27-thread-1] INFO  impl.RaftServerImpl (RaftServerImpl.java:<init>(93)) - c9d5e90e-0dec-4e85-b4e2-d29823632d06: new RaftServerImpl for group-A0D24D3534FF:[8556a57b-07a2-43a1-b9c0-1edf0a6afefc:192.168.5.139:40827, 1cd99ed7-c0d2-41ff-a57e-f64a137aa790:192.168.5.139:32924, c9d5e90e-0dec-4e85-b4e2-d29823632d06:192.168.5.139:43573] with ContainerStateMachine:uninitialized
2019-08-20 16:35:33,426 [pool-27-thread-1] INFO  server.RaftServerConfigKeys (ConfUtils.java:logGet(43)) - raft.server.rpc.timeout.min = 5s (custom)
2019-08-20 16:35:33,426 [pool-27-thread-1] INFO  server.RaftServerConfigKeys (ConfUtils.java:logGet(43)) - raft.server.rpc.timeout.max = 5200ms (custom)
2019-08-20 16:35:33,426 [pool-27-thread-1] INFO  server.RaftServerConfigKeys (ConfUtils.java:logGet(43)) - raft.server.rpcslowness.timeout = 120s (custom)
2019-08-20 16:35:33,426 [pool-27-thread-1] INFO  server.RaftServerConfigKeys (ConfUtils.java:logGet(43)) - raft.server.sleep.deviation.threshold = 300 (default)
2019-08-20 16:35:33,426 [pool-27-thread-1] INFO  server.RaftServerConfigKeys (ConfUtils.java:logGet(43)) - raft.server.log.appender.install.snapshot.enabled = false (custom)
2019-08-20 16:35:33,427 [pool-27-thread-1] INFO  impl.RaftServerImpl (ServerState.java:<init>(105)) - c9d5e90e-0dec-4e85-b4e2-d29823632d06:group-A0D24D3534FF ConfigurationManager, init=-1: [8556a57b-07a2-43a1-b9c0-1edf0a6afefc:192.168.5.139:40827, 1cd99ed7-c0d2-41ff-a57e-f64a137aa790:192.168.5.139:32924, c9d5e90e-0dec-4e85-b4e2-d29823632d06:192.168.5.139:43573], old=null, confs=<EMPTY_MAP>
2019-08-20 16:35:33,427 [pool-27-thread-1] INFO  server.RaftServerConfigKeys (ConfUtils.java:logGet(43)) - raft.server.storage.dir = [/workdir/hadoop-ozone/tools/target/test-dir/MiniOzoneClusterImpl-be136bf1-c7ac-4d2e-9665-41f2df98132f/datanode-0/data/ratis] (custom)
2019-08-20 16:35:33,427 [pool-27-thread-1] INFO  storage.RaftStorageDirectory (RaftStorageDirectory.java:analyzeStorage(246)) - The storage directory /workdir/hadoop-ozone/tools/target/test-dir/MiniOzoneClusterImpl-be136bf1-c7ac-4d2e-9665-41f2df98132f/datanode-0/data/ratis/0a8c1667-3d3c-4d2e-aade-a0d24d3534ff does not exist. Creating ...
2019-08-20 16:35:33,478 | INFO  | SCMAudit | user=jenkins1000 | ip=192.168.5.139 | op=SEND_HEARTBEAT {datanodeUUID=c9d5e90e-0dec-4e85-b4e2-d29823632d06, command=[]} | ret=SUCCESS |  
2019-08-20 16:35:33,717 | INFO  | SCMAudit | user=jenkins1000 | ip=192.168.5.139 | op=SEND_HEARTBEAT {datanodeUUID=8556a57b-07a2-43a1-b9c0-1edf0a6afefc, command=[]} | ret=SUCCESS |  
2019-08-20 16:35:33,892 [RATISCREATEPIPELINE3] ERROR pipeline.RatisPipelineProvider (RatisPipelineProvider.java:lambda$null$5(235)) - Failed invoke Ratis rpc org.apache.hadoop.hdds.scm.pipeline.RatisPipelineProvider$$Lambda$170/1145593931@7ec92119 for 8556a57b-07a2-43a1-b9c0-1edf0a6afefc
org.apache.ratis.protocol.TimeoutIOException: deadline exceeded after 2999577603ns
	at org.apache.ratis.grpc.GrpcUtil.tryUnwrapException(GrpcUtil.java:82)
	at org.apache.ratis.grpc.GrpcUtil.unwrapException(GrpcUtil.java:75)
	at org.apache.ratis.grpc.client.GrpcClientProtocolClient.blockingCall(GrpcClientProtocolClient.java:169)
	at org.apache.ratis.grpc.client.GrpcClientProtocolClient.groupAdd(GrpcClientProtocolClient.java:138)
	at org.apache.ratis.grpc.client.GrpcClientRpc.sendRequest(GrpcClientRpc.java:94)
	at org.apache.ratis.client.impl.RaftClientImpl.sendRequest(RaftClientImpl.java:279)
	at org.apache.ratis.client.impl.RaftClientImpl.groupAdd(RaftClientImpl.java:206)
	at org.apache.hadoop.hdds.scm.pipeline.RatisPipelineProvider.lambda$initializePipeline$4(RatisPipelineProvider.java:194)
	at org.apache.hadoop.hdds.scm.pipeline.RatisPipelineProvider.lambda$null$5(RatisPipelineProvider.java:231)
	at java.util.stream.ForEachOps$ForEachOp$OfRef.accept(ForEachOps.java:184)
	at java.util.ArrayList$ArrayListSpliterator.forEachRemaining(ArrayList.java:1382)
	at java.util.stream.AbstractPipeline.copyInto(AbstractPipeline.java:482)
	at java.util.stream.ForEachOps$ForEachTask.compute(ForEachOps.java:291)
	at java.util.concurrent.CountedCompleter.exec(CountedCompleter.java:731)
	at java.util.concurrent.ForkJoinTask.doExec(ForkJoinTask.java:289)
	at java.util.concurrent.ForkJoinPool$WorkQueue.runTask(ForkJoinPool.java:1056)
	at java.util.concurrent.ForkJoinPool.runWorker(ForkJoinPool.java:1692)
	at java.util.concurrent.ForkJoinWorkerThread.run(ForkJoinWorkerThread.java:157)
Caused by: org.apache.ratis.thirdparty.io.grpc.StatusRuntimeException: DEADLINE_EXCEEDED: deadline exceeded after 2999577603ns
	at org.apache.ratis.thirdparty.io.grpc.stub.ClientCalls.toStatusRuntimeException(ClientCalls.java:233)
	at org.apache.ratis.thirdparty.io.grpc.stub.ClientCalls.getUnchecked(ClientCalls.java:214)
	at org.apache.ratis.thirdparty.io.grpc.stub.ClientCalls.blockingUnaryCall(ClientCalls.java:139)
	at org.apache.ratis.proto.grpc.AdminProtocolServiceGrpc$AdminProtocolServiceBlockingStub.groupManagement(AdminProtocolServiceGrpc.java:274)
	at org.apache.ratis.grpc.client.GrpcClientProtocolClient.lambda$groupAdd$3(GrpcClientProtocolClient.java:140)
	at org.apache.ratis.grpc.client.GrpcClientProtocolClient.blockingCall(GrpcClientProtocolClient.java:167)
	... 15 more
2019-08-20 16:35:33,893 [RATISCREATEPIPELINE2] ERROR pipeline.RatisPipelineProvider (RatisPipelineProvider.java:lambda$null$5(235)) - Failed invoke Ratis rpc org.apache.hadoop.hdds.scm.pipeline.RatisPipelineProvider$$Lambda$170/1145593931@7ec92119 for 1cd99ed7-c0d2-41ff-a57e-f64a137aa790
org.apache.ratis.protocol.TimeoutIOException: deadline exceeded after 2999665737ns
	at org.apache.ratis.grpc.GrpcUtil.tryUnwrapException(GrpcUtil.java:82)
	at org.apache.ratis.grpc.GrpcUtil.unwrapException(GrpcUtil.java:75)
	at org.apache.ratis.grpc.client.GrpcClientProtocolClient.blockingCall(GrpcClientProtocolClient.java:169)
	at org.apache.ratis.grpc.client.GrpcClientProtocolClient.groupAdd(GrpcClientProtocolClient.java:138)
	at org.apache.ratis.grpc.client.GrpcClientRpc.sendRequest(GrpcClientRpc.java:94)
	at org.apache.ratis.client.impl.RaftClientImpl.sendRequest(RaftClientImpl.java:279)
	at org.apache.ratis.client.impl.RaftClientImpl.groupAdd(RaftClientImpl.java:206)
	at org.apache.hadoop.hdds.scm.pipeline.RatisPipelineProvider.lambda$initializePipeline$4(RatisPipelineProvider.java:194)
	at org.apache.hadoop.hdds.scm.pipeline.RatisPipelineProvider.lambda$null$5(RatisPipelineProvider.java:231)
	at java.util.stream.ForEachOps$ForEachOp$OfRef.accept(ForEachOps.java:184)
	at java.util.ArrayList$ArrayListSpliterator.forEachRemaining(ArrayList.java:1382)
	at java.util.stream.AbstractPipeline.copyInto(AbstractPipeline.java:482)
	at java.util.stream.ForEachOps$ForEachTask.compute(ForEachOps.java:291)
	at java.util.concurrent.CountedCompleter.exec(CountedCompleter.java:731)
	at java.util.concurrent.ForkJoinTask.doExec(ForkJoinTask.java:289)
	at java.util.concurrent.ForkJoinPool$WorkQueue.runTask(ForkJoinPool.java:1056)
	at java.util.concurrent.ForkJoinPool.runWorker(ForkJoinPool.java:1692)
	at java.util.concurrent.ForkJoinWorkerThread.run(ForkJoinWorkerThread.java:157)
Caused by: org.apache.ratis.thirdparty.io.grpc.StatusRuntimeException: DEADLINE_EXCEEDED: deadline exceeded after 2999665737ns
	at org.apache.ratis.thirdparty.io.grpc.stub.ClientCalls.toStatusRuntimeException(ClientCalls.java:233)
	at org.apache.ratis.thirdparty.io.grpc.stub.ClientCalls.getUnchecked(ClientCalls.java:214)
	at org.apache.ratis.thirdparty.io.grpc.stub.ClientCalls.blockingUnaryCall(ClientCalls.java:139)
	at org.apache.ratis.proto.grpc.AdminProtocolServiceGrpc$AdminProtocolServiceBlockingStub.groupManagement(AdminProtocolServiceGrpc.java:274)
	at org.apache.ratis.grpc.client.GrpcClientProtocolClient.lambda$groupAdd$3(GrpcClientProtocolClient.java:140)
	at org.apache.ratis.grpc.client.GrpcClientProtocolClient.blockingCall(GrpcClientProtocolClient.java:167)
	... 15 more
2019-08-20 16:35:33,892 [RATISCREATEPIPELINE1] ERROR pipeline.RatisPipelineProvider (RatisPipelineProvider.java:lambda$null$5(235)) - Failed invoke Ratis rpc org.apache.hadoop.hdds.scm.pipeline.RatisPipelineProvider$$Lambda$170/1145593931@7ec92119 for c9d5e90e-0dec-4e85-b4e2-d29823632d06
org.apache.ratis.protocol.TimeoutIOException: deadline exceeded after 2999769887ns
	at org.apache.ratis.grpc.GrpcUtil.tryUnwrapException(GrpcUtil.java:82)
	at org.apache.ratis.grpc.GrpcUtil.unwrapException(GrpcUtil.java:75)
	at org.apache.ratis.grpc.client.GrpcClientProtocolClient.blockingCall(GrpcClientProtocolClient.java:169)
	at org.apache.ratis.grpc.client.GrpcClientProtocolClient.groupAdd(GrpcClientProtocolClient.java:138)
	at org.apache.ratis.grpc.client.GrpcClientRpc.sendRequest(GrpcClientRpc.java:94)
	at org.apache.ratis.client.impl.RaftClientImpl.sendRequest(RaftClientImpl.java:279)
	at org.apache.ratis.client.impl.RaftClientImpl.groupAdd(RaftClientImpl.java:206)
	at org.apache.hadoop.hdds.scm.pipeline.RatisPipelineProvider.lambda$initializePipeline$4(RatisPipelineProvider.java:194)
	at org.apache.hadoop.hdds.scm.pipeline.RatisPipelineProvider.lambda$null$5(RatisPipelineProvider.java:231)
	at java.util.stream.ForEachOps$ForEachOp$OfRef.accept(ForEachOps.java:184)
	at java.util.ArrayList$ArrayListSpliterator.forEachRemaining(ArrayList.java:1382)
	at java.util.stream.AbstractPipeline.copyInto(AbstractPipeline.java:482)
	at java.util.stream.ForEachOps$ForEachTask.compute(ForEachOps.java:291)
	at java.util.concurrent.CountedCompleter.exec(CountedCompleter.java:731)
	at java.util.concurrent.ForkJoinTask.doExec(ForkJoinTask.java:289)
	at java.util.concurrent.ForkJoinTask.doInvoke(ForkJoinTask.java:401)
	at java.util.concurrent.ForkJoinTask.invoke(ForkJoinTask.java:734)
	at java.util.stream.ForEachOps$ForEachOp.evaluateParallel(ForEachOps.java:160)
	at java.util.stream.ForEachOps$ForEachOp$OfRef.evaluateParallel(ForEachOps.java:174)
	at java.util.stream.AbstractPipeline.evaluate(AbstractPipeline.java:233)
	at java.util.stream.ReferencePipeline.forEach(ReferencePipeline.java:418)
	at java.util.stream.ReferencePipeline$Head.forEach(ReferencePipeline.java:583)
	at org.apache.hadoop.hdds.scm.pipeline.RatisPipelineProvider.lambda$callRatisRpc$6(RatisPipelineProvider.java:225)
	at java.util.concurrent.ForkJoinTask$AdaptedRunnableAction.exec(ForkJoinTask.java:1386)
	at java.util.concurrent.ForkJoinTask.doExec(ForkJoinTask.java:289)
	at java.util.concurrent.ForkJoinPool$WorkQueue.runTask(ForkJoinPool.java:1056)
	at java.util.concurrent.ForkJoinPool.runWorker(ForkJoinPool.java:1692)
	at java.util.concurrent.ForkJoinWorkerThread.run(ForkJoinWorkerThread.java:157)
Caused by: org.apache.ratis.thirdparty.io.grpc.StatusRuntimeException: DEADLINE_EXCEEDED: deadline exceeded after 2999769887ns
	at org.apache.ratis.thirdparty.io.grpc.stub.ClientCalls.toStatusRuntimeException(ClientCalls.java:233)
	at org.apache.ratis.thirdparty.io.grpc.stub.ClientCalls.getUnchecked(ClientCalls.java:214)
	at org.apache.ratis.thirdparty.io.grpc.stub.ClientCalls.blockingUnaryCall(ClientCalls.java:139)
	at org.apache.ratis.proto.grpc.AdminProtocolServiceGrpc$AdminProtocolServiceBlockingStub.groupManagement(AdminProtocolServiceGrpc.java:274)
	at org.apache.ratis.grpc.client.GrpcClientProtocolClient.lambda$groupAdd$3(GrpcClientProtocolClient.java:140)
	at org.apache.ratis.grpc.client.GrpcClientProtocolClient.blockingCall(GrpcClientProtocolClient.java:167)
	... 25 more
2019-08-20 16:35:33,901 [IPC Server handler 0 on 43420] WARN  block.BlockManagerImpl (BlockManagerImpl.java:allocateBlock(192)) - Pipeline creation failed for type:RATIS factor:THREE. Retrying get pipelines call once.
org.apache.hadoop.io.MultipleIOException: 3 exceptions [java.io.IOException: Failed invoke Ratis rpc org.apache.hadoop.hdds.scm.pipeline.RatisPipelineProvider$$Lambda$170/1145593931@7ec92119 for 8556a57b-07a2-43a1-b9c0-1edf0a6afefc, java.io.IOException: Failed invoke Ratis rpc org.apache.hadoop.hdds.scm.pipeline.RatisPipelineProvider$$Lambda$170/1145593931@7ec92119 for 1cd99ed7-c0d2-41ff-a57e-f64a137aa790, java.io.IOException: Failed invoke Ratis rpc org.apache.hadoop.hdds.scm.pipeline.RatisPipelineProvider$$Lambda$170/1145593931@7ec92119 for c9d5e90e-0dec-4e85-b4e2-d29823632d06]
	at org.apache.hadoop.io.MultipleIOException.createIOException(MultipleIOException.java:53)
	at org.apache.hadoop.hdds.scm.pipeline.RatisPipelineProvider.callRatisRpc(RatisPipelineProvider.java:251)
	at org.apache.hadoop.hdds.scm.pipeline.RatisPipelineProvider.initializePipeline(RatisPipelineProvider.java:192)
	at org.apache.hadoop.hdds.scm.pipeline.RatisPipelineProvider.create(RatisPipelineProvider.java:161)
	at org.apache.hadoop.hdds.scm.pipeline.PipelineFactory.create(PipelineFactory.java:57)
	at org.apache.hadoop.hdds.scm.pipeline.SCMPipelineManager.createPipeline(SCMPipelineManager.java:149)
	at org.apache.hadoop.hdds.scm.block.BlockManagerImpl.allocateBlock(BlockManagerImpl.java:190)
	at org.apache.hadoop.hdds.scm.server.SCMBlockProtocolServer.allocateBlock(SCMBlockProtocolServer.java:175)
	at org.apache.hadoop.ozone.protocolPB.ScmBlockLocationProtocolServerSideTranslatorPB.allocateScmBlock(ScmBlockLocationProtocolServerSideTranslatorPB.java:153)
	at org.apache.hadoop.ozone.protocolPB.ScmBlockLocationProtocolServerSideTranslatorPB.send(ScmBlockLocationProtocolServerSideTranslatorPB.java:112)
	at org.apache.hadoop.hdds.protocol.proto.ScmBlockLocationProtocolProtos$ScmBlockLocationProtocolService$2.callBlockingMethod(ScmBlockLocationProtocolProtos.java:13157)
	at org.apache.hadoop.ipc.ProtobufRpcEngine$Server$ProtoBufRpcInvoker.call(ProtobufRpcEngine.java:524)
	at org.apache.hadoop.ipc.RPC$Server.call(RPC.java:1025)
	at org.apache.hadoop.ipc.Server$RpcCall.run(Server.java:876)
	at org.apache.hadoop.ipc.Server$RpcCall.run(Server.java:822)
	at java.security.AccessController.doPrivileged(Native Method)
	at javax.security.auth.Subject.doAs(Subject.java:422)
	at org.apache.hadoop.security.UserGroupInformation.doAs(UserGroupInformation.java:1730)
	at org.apache.hadoop.ipc.Server$Handler.run(Server.java:2682)
2019-08-20 16:35:33,924 [grpc-default-executor-2] INFO  impl.RaftServerProxy (RaftServerProxy.java:addNew(89)) - c9d5e90e-0dec-4e85-b4e2-d29823632d06: addNew group-06EF8327F6E7:[8556a57b-07a2-43a1-b9c0-1edf0a6afefc:192.168.5.139:40827, 1cd99ed7-c0d2-41ff-a57e-f64a137aa790:192.168.5.139:32924, c9d5e90e-0dec-4e85-b4e2-d29823632d06:192.168.5.139:43573] returns group-06EF8327F6E7:java.util.concurrent.CompletableFuture@2dae9814[Not completed]
2019-08-20 16:35:33,924 [grpc-default-executor-1] INFO  impl.RaftServerProxy (RaftServerProxy.java:addNew(89)) - 1cd99ed7-c0d2-41ff-a57e-f64a137aa790: addNew group-06EF8327F6E7:[8556a57b-07a2-43a1-b9c0-1edf0a6afefc:192.168.5.139:40827, 1cd99ed7-c0d2-41ff-a57e-f64a137aa790:192.168.5.139:32924, c9d5e90e-0dec-4e85-b4e2-d29823632d06:192.168.5.139:43573] returns group-06EF8327F6E7:java.util.concurrent.CompletableFuture@106b6a1a[Not completed]
2019-08-20 16:35:33,927 [grpc-default-executor-1] INFO  impl.RaftServerProxy (RaftServerProxy.java:addNew(89)) - 8556a57b-07a2-43a1-b9c0-1edf0a6afefc: addNew group-06EF8327F6E7:[8556a57b-07a2-43a1-b9c0-1edf0a6afefc:192.168.5.139:40827, 1cd99ed7-c0d2-41ff-a57e-f64a137aa790:192.168.5.139:32924, c9d5e90e-0dec-4e85-b4e2-d29823632d06:192.168.5.139:43573] returns group-06EF8327F6E7:java.util.concurrent.CompletableFuture@4fece96[Not completed]
2019-08-20 16:35:33,947 | INFO  | SCMAudit | user=jenkins1000 | ip=192.168.5.139 | op=SEND_HEARTBEAT {datanodeUUID=1cd99ed7-c0d2-41ff-a57e-f64a137aa790, command=[]} | ret=SUCCESS |  
2019-08-20 16:35:34,024 [pool-49-thread-1] INFO  storage.RaftStorageDirectory (RaftStorageDirectory.java:tryLock(328)) - Lock on /workdir/hadoop-ozone/tools/target/test-dir/MiniOzoneClusterImpl-be136bf1-c7ac-4d2e-9665-41f2df98132f/datanode-2/data/ratis/0a8c1667-3d3c-4d2e-aade-a0d24d3534ff/in_use.lock acquired by nodename 27280@pr-hdds-1200-9hlr9-3148487106
2019-08-20 16:35:34,024 [1cd99ed7-c0d2-41ff-a57e-f64a137aa790:group-016D7F0C51D5:LeaderElection1] INFO  impl.LeaderElection (LeaderElection.java:askForVotes(181)) - 1cd99ed7-c0d2-41ff-a57e-f64a137aa790:group-016D7F0C51D5:LeaderElection1: begin an election at term 1 for -1: [8556a57b-07a2-43a1-b9c0-1edf0a6afefc:192.168.5.139:40827, 1cd99ed7-c0d2-41ff-a57e-f64a137aa790:192.168.5.139:32924, c9d5e90e-0dec-4e85-b4e2-d29823632d06:192.168.5.139:43573], old=null
2019-08-20 16:35:34,024 [8556a57b-07a2-43a1-b9c0-1edf0a6afefc:group-016D7F0C51D5:LeaderElection2] INFO  impl.LeaderElection (LeaderElection.java:askForVotes(181)) - 8556a57b-07a2-43a1-b9c0-1edf0a6afefc:group-016D7F0C51D5:LeaderElection2: begin an election at term 1 for -1: [8556a57b-07a2-43a1-b9c0-1edf0a6afefc:192.168.5.139:40827, 1cd99ed7-c0d2-41ff-a57e-f64a137aa790:192.168.5.139:32924, c9d5e90e-0dec-4e85-b4e2-d29823632d06:192.168.5.139:43573], old=null
2019-08-20 16:35:34,063 [grpc-default-executor-0] WARN  server.GrpcServerProtocolService (LogUtils.java:warn(134)) - c9d5e90e-0dec-4e85-b4e2-d29823632d06: Failed requestVote 8556a57b-07a2-43a1-b9c0-1edf0a6afefc->c9d5e90e-0dec-4e85-b4e2-d29823632d06#0: org.apache.ratis.protocol.ServerNotReadyException: Server c9d5e90e-0dec-4e85-b4e2-d29823632d06 is not [RUNNING]: current state is NEW
2019-08-20 16:35:34,063 [grpc-default-executor-3] WARN  server.GrpcServerProtocolService (LogUtils.java:warn(134)) - c9d5e90e-0dec-4e85-b4e2-d29823632d06: Failed requestVote 1cd99ed7-c0d2-41ff-a57e-f64a137aa790->c9d5e90e-0dec-4e85-b4e2-d29823632d06#0: org.apache.ratis.protocol.ServerNotReadyException: Server c9d5e90e-0dec-4e85-b4e2-d29823632d06 is not [RUNNING]: current state is NEW
2019-08-20 16:35:34,111 [8556a57b-07a2-43a1-b9c0-1edf0a6afefc:group-016D7F0C51D5:LeaderElection2] INFO  impl.LeaderElection (LogUtils.java:infoOrTrace(149)) - 8556a57b-07a2-43a1-b9c0-1edf0a6afefc:group-016D7F0C51D5:LeaderElection2 got exception when requesting votes: {}
java.util.concurrent.ExecutionException: org.apache.ratis.thirdparty.io.grpc.StatusRuntimeException: INTERNAL: Server c9d5e90e-0dec-4e85-b4e2-d29823632d06 is not [RUNNING]: current state is NEW
	at java.util.concurrent.FutureTask.report(FutureTask.java:122)
	at java.util.concurrent.FutureTask.get(FutureTask.java:192)
	at org.apache.ratis.server.impl.LeaderElection.waitForResults(LeaderElection.java:262)
	at org.apache.ratis.server.impl.LeaderElection.askForVotes(LeaderElection.java:200)
	at org.apache.ratis.server.impl.LeaderElection.run(LeaderElection.java:130)
	at java.lang.Thread.run(Thread.java:748)
Caused by: org.apache.ratis.thirdparty.io.grpc.StatusRuntimeException: INTERNAL: Server c9d5e90e-0dec-4e85-b4e2-d29823632d06 is not [RUNNING]: current state is NEW
	at org.apache.ratis.thirdparty.io.grpc.stub.ClientCalls.toStatusRuntimeException(ClientCalls.java:233)
	at org.apache.ratis.thirdparty.io.grpc.stub.ClientCalls.getUnchecked(ClientCalls.java:214)
	at org.apache.ratis.thirdparty.io.grpc.stub.ClientCalls.blockingUnaryCall(ClientCalls.java:139)
	at org.apache.ratis.proto.grpc.RaftServerProtocolServiceGrpc$RaftServerProtocolServiceBlockingStub.requestVote(RaftServerProtocolServiceGrpc.java:265)
	at org.apache.ratis.grpc.server.GrpcServerProtocolClient.requestVote(GrpcServerProtocolClient.java:83)
	at org.apache.ratis.grpc.server.GrpcService.requestVote(GrpcService.java:195)
	at org.apache.ratis.server.impl.LeaderElection.lambda$submitRequests$1(LeaderElection.java:237)
	at java.util.concurrent.FutureTask.run(FutureTask.java:266)
	at java.util.concurrent.Executors$RunnableAdapter.call(Executors.java:511)
	at java.util.concurrent.FutureTask.run(FutureTask.java:266)
	at java.util.concurrent.ThreadPoolExecutor.runWorker(ThreadPoolExecutor.java:1149)
	at java.util.concurrent.ThreadPoolExecutor$Worker.run(ThreadPoolExecutor.java:624)
	... 1 more
2019-08-20 16:35:34,111 [1cd99ed7-c0d2-41ff-a57e-f64a137aa790:group-016D7F0C51D5:LeaderElection1] INFO  impl.LeaderElection (LogUtils.java:infoOrTrace(149)) - 1cd99ed7-c0d2-41ff-a57e-f64a137aa790:group-016D7F0C51D5:LeaderElection1 got exception when requesting votes: {}
java.util.concurrent.ExecutionException: org.apache.ratis.thirdparty.io.grpc.StatusRuntimeException: INTERNAL: Server c9d5e90e-0dec-4e85-b4e2-d29823632d06 is not [RUNNING]: current state is NEW
	at java.util.concurrent.FutureTask.report(FutureTask.java:122)
	at java.util.concurrent.FutureTask.get(FutureTask.java:192)
	at org.apache.ratis.server.impl.LeaderElection.waitForResults(LeaderElection.java:262)
	at org.apache.ratis.server.impl.LeaderElection.askForVotes(LeaderElection.java:200)
	at org.apache.ratis.server.impl.LeaderElection.run(LeaderElection.java:130)
	at java.lang.Thread.run(Thread.java:748)
Caused by: org.apache.ratis.thirdparty.io.grpc.StatusRuntimeException: INTERNAL: Server c9d5e90e-0dec-4e85-b4e2-d29823632d06 is not [RUNNING]: current state is NEW
	at org.apache.ratis.thirdparty.io.grpc.stub.ClientCalls.toStatusRuntimeException(ClientCalls.java:233)
	at org.apache.ratis.thirdparty.io.grpc.stub.ClientCalls.getUnchecked(ClientCalls.java:214)
	at org.apache.ratis.thirdparty.io.grpc.stub.ClientCalls.blockingUnaryCall(ClientCalls.java:139)
	at org.apache.ratis.proto.grpc.RaftServerProtocolServiceGrpc$RaftServerProtocolServiceBlockingStub.requestVote(RaftServerProtocolServiceGrpc.java:265)
	at org.apache.ratis.grpc.server.GrpcServerProtocolClient.requestVote(GrpcServerProtocolClient.java:83)
	at org.apache.ratis.grpc.server.GrpcService.requestVote(GrpcService.java:195)
	at org.apache.ratis.server.impl.LeaderElection.lambda$submitRequests$1(LeaderElection.java:237)
	at java.util.concurrent.FutureTask.run(FutureTask.java:266)
	at java.util.concurrent.Executors$RunnableAdapter.call(Executors.java:511)
	at java.util.concurrent.FutureTask.run(FutureTask.java:266)
	at java.util.concurrent.ThreadPoolExecutor.runWorker(ThreadPoolExecutor.java:1149)
	at java.util.concurrent.ThreadPoolExecutor$Worker.run(ThreadPoolExecutor.java:624)
	... 1 more
2019-08-20 16:35:34,115 [8556a57b-07a2-43a1-b9c0-1edf0a6afefc:group-016D7F0C51D5:LeaderElection2] INFO  impl.LeaderElection (LeaderElection.java:logAndReturn(56)) - 8556a57b-07a2-43a1-b9c0-1edf0a6afefc:group-016D7F0C51D5:LeaderElection2: Election REJECTED; received 1 response(s) [8556a57b-07a2-43a1-b9c0-1edf0a6afefc<-1cd99ed7-c0d2-41ff-a57e-f64a137aa790#0:FAIL-t1] and 1 exception(s); 8556a57b-07a2-43a1-b9c0-1edf0a6afefc:t1, leader=null, voted=8556a57b-07a2-43a1-b9c0-1edf0a6afefc, raftlog=8556a57b-07a2-43a1-b9c0-1edf0a6afefc-SegmentedRaftLog:OPENED:c-1,f-1,i0, conf=-1: [8556a57b-07a2-43a1-b9c0-1edf0a6afefc:192.168.5.139:40827, 1cd99ed7-c0d2-41ff-a57e-f64a137aa790:192.168.5.139:32924, c9d5e90e-0dec-4e85-b4e2-d29823632d06:192.168.5.139:43573], old=null
2019-08-20 16:35:34,115 [1cd99ed7-c0d2-41ff-a57e-f64a137aa790:group-016D7F0C51D5:LeaderElection1] INFO  impl.LeaderElection (LeaderElection.java:logAndReturn(56)) - 1cd99ed7-c0d2-41ff-a57e-f64a137aa790:group-016D7F0C51D5:LeaderElection1: Election REJECTED; received 1 response(s) [1cd99ed7-c0d2-41ff-a57e-f64a137aa790<-8556a57b-07a2-43a1-b9c0-1edf0a6afefc#0:FAIL-t1] and 1 exception(s); 1cd99ed7-c0d2-41ff-a57e-f64a137aa790:t1, leader=null, voted=1cd99ed7-c0d2-41ff-a57e-f64a137aa790, raftlog=1cd99ed7-c0d2-41ff-a57e-f64a137aa790-SegmentedRaftLog:OPENED:c-1,f-1,i0, conf=-1: [8556a57b-07a2-43a1-b9c0-1edf0a6afefc:192.168.5.139:40827, 1cd99ed7-c0d2-41ff-a57e-f64a137aa790:192.168.5.139:32924, c9d5e90e-0dec-4e85-b4e2-d29823632d06:192.168.5.139:43573], old=null
2019-08-20 16:35:34,116 [8556a57b-07a2-43a1-b9c0-1edf0a6afefc:group-016D7F0C51D5:LeaderElection2] INFO  impl.LeaderElection (LogUtils.java:infoOrTrace(149)) -   Exception 0: {}
java.util.concurrent.ExecutionException: org.apache.ratis.thirdparty.io.grpc.StatusRuntimeException: INTERNAL: Server c9d5e90e-0dec-4e85-b4e2-d29823632d06 is not [RUNNING]: current state is NEW
	at java.util.concurrent.FutureTask.report(FutureTask.java:122)
	at java.util.concurrent.FutureTask.get(FutureTask.java:192)
	at org.apache.ratis.server.impl.LeaderElection.waitForResults(LeaderElection.java:262)
	at org.apache.ratis.server.impl.LeaderElection.askForVotes(LeaderElection.java:200)
	at org.apache.ratis.server.impl.LeaderElection.run(LeaderElection.java:130)
	at java.lang.Thread.run(Thread.java:748)
Caused by: org.apache.ratis.thirdparty.io.grpc.StatusRuntimeException: INTERNAL: Server c9d5e90e-0dec-4e85-b4e2-d29823632d06 is not [RUNNING]: current state is NEW
	at org.apache.ratis.thirdparty.io.grpc.stub.ClientCalls.toStatusRuntimeException(ClientCalls.java:233)
	at org.apache.ratis.thirdparty.io.grpc.stub.ClientCalls.getUnchecked(ClientCalls.java:214)
	at org.apache.ratis.thirdparty.io.grpc.stub.ClientCalls.blockingUnaryCall(ClientCalls.java:139)
	at org.apache.ratis.proto.grpc.RaftServerProtocolServiceGrpc$RaftServerProtocolServiceBlockingStub.requestVote(RaftServerProtocolServiceGrpc.java:265)
	at org.apache.ratis.grpc.server.GrpcServerProtocolClient.requestVote(GrpcServerProtocolClient.java:83)
	at org.apache.ratis.grpc.server.GrpcService.requestVote(GrpcService.java:195)
	at org.apache.ratis.server.impl.LeaderElection.lambda$submitRequests$1(LeaderElection.java:237)
	at java.util.concurrent.FutureTask.run(FutureTask.java:266)
	at java.util.concurrent.Executors$RunnableAdapter.call(Executors.java:511)
	at java.util.concurrent.FutureTask.run(FutureTask.java:266)
	at java.util.concurrent.ThreadPoolExecutor.runWorker(ThreadPoolExecutor.java:1149)
	at java.util.concurrent.ThreadPoolExecutor$Worker.run(ThreadPoolExecutor.java:624)
	... 1 more
2019-08-20 16:35:34,116 [1cd99ed7-c0d2-41ff-a57e-f64a137aa790:group-016D7F0C51D5:LeaderElection1] INFO  impl.LeaderElection (LogUtils.java:infoOrTrace(149)) -   Exception 0: {}
java.util.concurrent.ExecutionException: org.apache.ratis.thirdparty.io.grpc.StatusRuntimeException: INTERNAL: Server c9d5e90e-0dec-4e85-b4e2-d29823632d06 is not [RUNNING]: current state is NEW
	at java.util.concurrent.FutureTask.report(FutureTask.java:122)
	at java.util.concurrent.FutureTask.get(FutureTask.java:192)
	at org.apache.ratis.server.impl.LeaderElection.waitForResults(LeaderElection.java:262)
	at org.apache.ratis.server.impl.LeaderElection.askForVotes(LeaderElection.java:200)
	at org.apache.ratis.server.impl.LeaderElection.run(LeaderElection.java:130)
	at java.lang.Thread.run(Thread.java:748)
Caused by: org.apache.ratis.thirdparty.io.grpc.StatusRuntimeException: INTERNAL: Server c9d5e90e-0dec-4e85-b4e2-d29823632d06 is not [RUNNING]: current state is NEW
	at org.apache.ratis.thirdparty.io.grpc.stub.ClientCalls.toStatusRuntimeException(ClientCalls.java:233)
	at org.apache.ratis.thirdparty.io.grpc.stub.ClientCalls.getUnchecked(ClientCalls.java:214)
	at org.apache.ratis.thirdparty.io.grpc.stub.ClientCalls.blockingUnaryCall(ClientCalls.java:139)
	at org.apache.ratis.proto.grpc.RaftServerProtocolServiceGrpc$RaftServerProtocolServiceBlockingStub.requestVote(RaftServerProtocolServiceGrpc.java:265)
	at org.apache.ratis.grpc.server.GrpcServerProtocolClient.requestVote(GrpcServerProtocolClient.java:83)
	at org.apache.ratis.grpc.server.GrpcService.requestVote(GrpcService.java:195)
	at org.apache.ratis.server.impl.LeaderElection.lambda$submitRequests$1(LeaderElection.java:237)
	at java.util.concurrent.FutureTask.run(FutureTask.java:266)
	at java.util.concurrent.Executors$RunnableAdapter.call(Executors.java:511)
	at java.util.concurrent.FutureTask.run(FutureTask.java:266)
	at java.util.concurrent.ThreadPoolExecutor.runWorker(ThreadPoolExecutor.java:1149)
	at java.util.concurrent.ThreadPoolExecutor$Worker.run(ThreadPoolExecutor.java:624)
	... 1 more
2019-08-20 16:35:34,121 [8556a57b-07a2-43a1-b9c0-1edf0a6afefc:group-016D7F0C51D5:LeaderElection2] INFO  impl.RaftServerImpl (RaftServerImpl.java:setRole(171)) - 8556a57b-07a2-43a1-b9c0-1edf0a6afefc:group-016D7F0C51D5 changes role from CANDIDATE to FOLLOWER at term 1 for DISCOVERED_A_NEW_TERM
2019-08-20 16:35:34,121 [1cd99ed7-c0d2-41ff-a57e-f64a137aa790:group-016D7F0C51D5:LeaderElection1] INFO  impl.RaftServerImpl (RaftServerImpl.java:setRole(171)) - 1cd99ed7-c0d2-41ff-a57e-f64a137aa790:group-016D7F0C51D5 changes role from CANDIDATE to FOLLOWER at term 1 for DISCOVERED_A_NEW_TERM
2019-08-20 16:35:34,121 [8556a57b-07a2-43a1-b9c0-1edf0a6afefc:group-016D7F0C51D5:LeaderElection2] INFO  impl.RoleInfo (RoleInfo.java:shutdownLeaderElection(134)) - 8556a57b-07a2-43a1-b9c0-1edf0a6afefc: shutdown LeaderElection
2019-08-20 16:35:34,121 [1cd99ed7-c0d2-41ff-a57e-f64a137aa790:group-016D7F0C51D5:LeaderElection1] INFO  impl.RoleInfo (RoleInfo.java:shutdownLeaderElection(134)) - 1cd99ed7-c0d2-41ff-a57e-f64a137aa790: shutdown LeaderElection
2019-08-20 16:35:34,121 [8556a57b-07a2-43a1-b9c0-1edf0a6afefc:group-016D7F0C51D5:LeaderElection2] INFO  impl.RoleInfo (RoleInfo.java:updateAndGet(143)) - 8556a57b-07a2-43a1-b9c0-1edf0a6afefc: start FollowerState
2019-08-20 16:35:34,121 [1cd99ed7-c0d2-41ff-a57e-f64a137aa790:group-016D7F0C51D5:LeaderElection1] INFO  impl.RoleInfo (RoleInfo.java:updateAndGet(143)) - 1cd99ed7-c0d2-41ff-a57e-f64a137aa790: start FollowerState
2019-08-20 16:35:34,171 [pool-27-thread-1] INFO  storage.RaftStorageDirectory (RaftStorageDirectory.java:tryLock(328)) - Lock on /workdir/hadoop-ozone/tools/target/test-dir/MiniOzoneClusterImpl-be136bf1-c7ac-4d2e-9665-41f2df98132f/datanode-0/data/ratis/0a8c1667-3d3c-4d2e-aade-a0d24d3534ff/in_use.lock acquired by nodename 27280@pr-hdds-1200-9hlr9-3148487106
2019-08-20 16:35:34,171 [pool-38-thread-1] INFO  storage.RaftStorage (RaftStorage.java:format(72)) - Storage directory /workdir/hadoop-ozone/tools/target/test-dir/MiniOzoneClusterImpl-be136bf1-c7ac-4d2e-9665-41f2df98132f/datanode-1/data/ratis/25628062-deca-4cdf-bd27-75c8e82b20d7 has been successfully formatted.
2019-08-20 16:35:34,172 [pool-38-thread-1] INFO  ratis.ContainerStateMachine (ContainerStateMachine.java:loadSnapshot(222)) - group-75C8E82B20D7: The snapshot info is null. Setting the last applied indexto:(t:0, i:~)
2019-08-20 16:35:34,172 [pool-38-thread-1] INFO  server.RaftServerConfigKeys (ConfUtils.java:logGet(43)) - raft.server.leader.election.timeout = 120s (custom)
2019-08-20 16:35:34,173 [pool-38-thread-1] INFO  server.RaftServerConfigKeys (ConfUtils.java:logGet(43)) - raft.server.log.use.memory = false (default)
2019-08-20 16:35:34,173 [pool-38-thread-1] INFO  server.RaftServerConfigKeys (ConfUtils.java:logGet(43)) - raft.server.log.purge.gap = 1000000 (custom)
2019-08-20 16:35:34,173 [pool-38-thread-1] INFO  server.RaftServerConfigKeys (ConfUtils.java:logGet(43)) - raft.server.log.appender.buffer.byte-limit = 33554432 (custom)
2019-08-20 16:35:34,173 [pool-38-thread-1] INFO  server.RaftServerConfigKeys (ConfUtils.java:logGet(43)) - raft.server.log.segment.size.max = 1048576 (custom)
2019-08-20 16:35:34,173 [pool-38-thread-1] INFO  server.RaftServerConfigKeys (ConfUtils.java:logGet(43)) - raft.server.log.segment.cache.num.max = 2 (custom)
2019-08-20 16:35:34,173 [pool-38-thread-1] INFO  segmented.SegmentedRaftLogWorker (SegmentedRaftLogWorker.java:<init>(172)) - new 8556a57b-07a2-43a1-b9c0-1edf0a6afefc-SegmentedRaftLogWorker:Storage Directory /workdir/hadoop-ozone/tools/target/test-dir/MiniOzoneClusterImpl-be136bf1-c7ac-4d2e-9665-41f2df98132f/datanode-1/data/ratis/25628062-deca-4cdf-bd27-75c8e82b20d7 for RaftStorage:Storage Directory /workdir/hadoop-ozone/tools/target/test-dir/MiniOzoneClusterImpl-be136bf1-c7ac-4d2e-9665-41f2df98132f/datanode-1/data/ratis/25628062-deca-4cdf-bd27-75c8e82b20d7
2019-08-20 16:35:34,173 [pool-38-thread-1] INFO  server.RaftServerConfigKeys (ConfUtils.java:logGet(43)) - raft.server.log.queue.byte-limit = 2147483647 (custom)
2019-08-20 16:35:34,174 [pool-38-thread-1] INFO  server.RaftServerConfigKeys (ConfUtils.java:logGet(43)) - raft.server.log.queue.element-limit = 1024 (custom)
2019-08-20 16:35:34,174 [pool-38-thread-1] INFO  server.RaftServerConfigKeys (ConfUtils.java:logGet(43)) - raft.server.log.segment.size.max = 1048576 (custom)
2019-08-20 16:35:34,174 [pool-38-thread-1] INFO  server.RaftServerConfigKeys (ConfUtils.java:logGet(43)) - raft.server.log.preallocated.size = 16384 (custom)
2019-08-20 16:35:34,174 [pool-38-thread-1] INFO  server.RaftServerConfigKeys (ConfUtils.java:logGet(43)) - raft.server.log.write.buffer.size = 33554432 (custom)
2019-08-20 16:35:34,174 [pool-38-thread-1] INFO  server.RaftServerConfigKeys (ConfUtils.java:logGet(43)) - raft.server.log.force.sync.num = 128 (default)
2019-08-20 16:35:34,174 [pool-38-thread-1] INFO  server.RaftServerConfigKeys (ConfUtils.java:logGet(43)) - raft.server.log.statemachine.data.sync = true (default)
2019-08-20 16:35:34,174 [pool-38-thread-1] INFO  server.RaftServerConfigKeys (ConfUtils.java:logGet(43)) - raft.server.log.statemachine.data.sync.timeout = 10s (default)
2019-08-20 16:35:34,175 [pool-38-thread-1] INFO  server.RaftServerConfigKeys (ConfUtils.java:logGet(43)) - raft.server.log.statemachine.data.sync.timeout.retry = -1 (default)
2019-08-20 16:35:34,175 [pool-38-thread-1] INFO  server.RaftServerConfigKeys (ConfUtils.java:logGet(43)) - raft.server.log.statemachine.data.caching.enabled = true (custom)
2019-08-20 16:35:34,175 [pool-38-thread-1] INFO  segmented.SegmentedRaftLogWorker (SegmentedRaftLogWorker.java:lambda$new$0(132)) - 8556a57b-07a2-43a1-b9c0-1edf0a6afefc-SegmentedRaftLogWorker:Storage Directory /workdir/hadoop-ozone/tools/target/test-dir/MiniOzoneClusterImpl-be136bf1-c7ac-4d2e-9665-41f2df98132f/datanode-1/data/ratis/25628062-deca-4cdf-bd27-75c8e82b20d7: flushIndex: setUnconditionally 0 -> -1
2019-08-20 16:35:34,176 [pool-38-thread-1] INFO  server.RaftServerConfigKeys (ConfUtils.java:logGet(43)) - raft.server.snapshot.auto.trigger.enabled = true (custom)
2019-08-20 16:35:34,176 [pool-38-thread-1] INFO  server.RaftServerConfigKeys (ConfUtils.java:logGet(43)) - raft.server.snapshot.auto.trigger.threshold = 10000 (custom)
2019-08-20 16:35:34,176 [pool-38-thread-1] INFO  server.RaftServerConfigKeys (ConfUtils.java:logGet(43)) - raft.server.retrycache.expirytime = 600000ms (custom)
2019-08-20 16:35:34,178 [pool-38-thread-1] INFO  impl.RaftServerImpl (RaftServerImpl.java:<init>(93)) - 8556a57b-07a2-43a1-b9c0-1edf0a6afefc: new RaftServerImpl for group-A0D24D3534FF:[8556a57b-07a2-43a1-b9c0-1edf0a6afefc:192.168.5.139:40827, 1cd99ed7-c0d2-41ff-a57e-f64a137aa790:192.168.5.139:32924, c9d5e90e-0dec-4e85-b4e2-d29823632d06:192.168.5.139:43573] with ContainerStateMachine:uninitialized
2019-08-20 16:35:34,178 [pool-38-thread-1] INFO  server.RaftServerConfigKeys (ConfUtils.java:logGet(43)) - raft.server.rpc.timeout.min = 5s (custom)
2019-08-20 16:35:34,178 [pool-38-thread-1] INFO  server.RaftServerConfigKeys (ConfUtils.java:logGet(43)) - raft.server.rpc.timeout.max = 5200ms (custom)
2019-08-20 16:35:34,178 [pool-38-thread-1] INFO  server.RaftServerConfigKeys (ConfUtils.java:logGet(43)) - raft.server.rpcslowness.timeout = 120s (custom)
2019-08-20 16:35:34,179 [pool-38-thread-1] INFO  server.RaftServerConfigKeys (ConfUtils.java:logGet(43)) - raft.server.sleep.deviation.threshold = 300 (default)
2019-08-20 16:35:34,179 [pool-38-thread-1] INFO  server.RaftServerConfigKeys (ConfUtils.java:logGet(43)) - raft.server.log.appender.install.snapshot.enabled = false (custom)
2019-08-20 16:35:34,179 [pool-38-thread-1] INFO  impl.RaftServerImpl (ServerState.java:<init>(105)) - 8556a57b-07a2-43a1-b9c0-1edf0a6afefc:group-A0D24D3534FF ConfigurationManager, init=-1: [8556a57b-07a2-43a1-b9c0-1edf0a6afefc:192.168.5.139:40827, 1cd99ed7-c0d2-41ff-a57e-f64a137aa790:192.168.5.139:32924, c9d5e90e-0dec-4e85-b4e2-d29823632d06:192.168.5.139:43573], old=null, confs=<EMPTY_MAP>
2019-08-20 16:35:34,179 [pool-38-thread-1] INFO  server.RaftServerConfigKeys (ConfUtils.java:logGet(43)) - raft.server.storage.dir = [/workdir/hadoop-ozone/tools/target/test-dir/MiniOzoneClusterImpl-be136bf1-c7ac-4d2e-9665-41f2df98132f/datanode-1/data/ratis] (custom)
2019-08-20 16:35:34,180 [pool-38-thread-1] INFO  storage.RaftStorageDirectory (RaftStorageDirectory.java:analyzeStorage(246)) - The storage directory /workdir/hadoop-ozone/tools/target/test-dir/MiniOzoneClusterImpl-be136bf1-c7ac-4d2e-9665-41f2df98132f/datanode-1/data/ratis/0a8c1667-3d3c-4d2e-aade-a0d24d3534ff does not exist. Creating ...
 0.00% |█                                                                                                    |  0/1 Time: 0:00:112019-08-20 16:35:34,479 | INFO  | SCMAudit | user=jenkins1000 | ip=192.168.5.139 | op=SEND_HEARTBEAT {datanodeUUID=c9d5e90e-0dec-4e85-b4e2-d29823632d06, command=[]} | ret=SUCCESS |  
2019-08-20 16:35:34,494 [pool-49-thread-1] INFO  storage.RaftStorage (RaftStorage.java:format(72)) - Storage directory /workdir/hadoop-ozone/tools/target/test-dir/MiniOzoneClusterImpl-be136bf1-c7ac-4d2e-9665-41f2df98132f/datanode-2/data/ratis/0a8c1667-3d3c-4d2e-aade-a0d24d3534ff has been successfully formatted.
2019-08-20 16:35:34,494 [pool-27-thread-1] INFO  storage.RaftStorage (RaftStorage.java:format(72)) - Storage directory /workdir/hadoop-ozone/tools/target/test-dir/MiniOzoneClusterImpl-be136bf1-c7ac-4d2e-9665-41f2df98132f/datanode-0/data/ratis/0a8c1667-3d3c-4d2e-aade-a0d24d3534ff has been successfully formatted.
2019-08-20 16:35:34,631 [pool-27-thread-1] INFO  ratis.ContainerStateMachine (ContainerStateMachine.java:loadSnapshot(222)) - group-A0D24D3534FF: The snapshot info is null. Setting the last applied indexto:(t:0, i:~)
2019-08-20 16:35:34,631 [pool-49-thread-1] INFO  ratis.ContainerStateMachine (ContainerStateMachine.java:loadSnapshot(222)) - group-A0D24D3534FF: The snapshot info is null. Setting the last applied indexto:(t:0, i:~)
2019-08-20 16:35:34,631 [pool-38-thread-1] INFO  storage.RaftStorageDirectory (RaftStorageDirectory.java:tryLock(328)) - Lock on /workdir/hadoop-ozone/tools/target/test-dir/MiniOzoneClusterImpl-be136bf1-c7ac-4d2e-9665-41f2df98132f/datanode-1/data/ratis/0a8c1667-3d3c-4d2e-aade-a0d24d3534ff/in_use.lock acquired by nodename 27280@pr-hdds-1200-9hlr9-3148487106
2019-08-20 16:35:34,631 [pool-27-thread-1] INFO  server.RaftServerConfigKeys (ConfUtils.java:logGet(43)) - raft.server.leader.election.timeout = 120s (custom)
2019-08-20 16:35:34,631 [pool-49-thread-1] INFO  server.RaftServerConfigKeys (ConfUtils.java:logGet(43)) - raft.server.leader.election.timeout = 120s (custom)
2019-08-20 16:35:34,632 [pool-27-thread-1] INFO  server.RaftServerConfigKeys (ConfUtils.java:logGet(43)) - raft.server.log.use.memory = false (default)
2019-08-20 16:35:34,632 [pool-49-thread-1] INFO  server.RaftServerConfigKeys (ConfUtils.java:logGet(43)) - raft.server.log.use.memory = false (default)
2019-08-20 16:35:34,632 [pool-27-thread-1] INFO  server.RaftServerConfigKeys (ConfUtils.java:logGet(43)) - raft.server.log.purge.gap = 1000000 (custom)
2019-08-20 16:35:34,633 [pool-49-thread-1] INFO  server.RaftServerConfigKeys (ConfUtils.java:logGet(43)) - raft.server.log.purge.gap = 1000000 (custom)
2019-08-20 16:35:34,633 [pool-27-thread-1] INFO  server.RaftServerConfigKeys (ConfUtils.java:logGet(43)) - raft.server.log.appender.buffer.byte-limit = 33554432 (custom)
2019-08-20 16:35:34,633 [pool-49-thread-1] INFO  server.RaftServerConfigKeys (ConfUtils.java:logGet(43)) - raft.server.log.appender.buffer.byte-limit = 33554432 (custom)
2019-08-20 16:35:34,633 [pool-27-thread-1] INFO  server.RaftServerConfigKeys (ConfUtils.java:logGet(43)) - raft.server.log.segment.size.max = 1048576 (custom)
2019-08-20 16:35:34,633 [pool-49-thread-1] INFO  server.RaftServerConfigKeys (ConfUtils.java:logGet(43)) - raft.server.log.segment.size.max = 1048576 (custom)
2019-08-20 16:35:34,634 [pool-27-thread-1] INFO  server.RaftServerConfigKeys (ConfUtils.java:logGet(43)) - raft.server.log.segment.cache.num.max = 2 (custom)
2019-08-20 16:35:34,634 [pool-49-thread-1] INFO  server.RaftServerConfigKeys (ConfUtils.java:logGet(43)) - raft.server.log.segment.cache.num.max = 2 (custom)
2019-08-20 16:35:34,634 [pool-27-thread-1] INFO  segmented.SegmentedRaftLogWorker (SegmentedRaftLogWorker.java:<init>(172)) - new c9d5e90e-0dec-4e85-b4e2-d29823632d06-SegmentedRaftLogWorker:Storage Directory /workdir/hadoop-ozone/tools/target/test-dir/MiniOzoneClusterImpl-be136bf1-c7ac-4d2e-9665-41f2df98132f/datanode-0/data/ratis/0a8c1667-3d3c-4d2e-aade-a0d24d3534ff for RaftStorage:Storage Directory /workdir/hadoop-ozone/tools/target/test-dir/MiniOzoneClusterImpl-be136bf1-c7ac-4d2e-9665-41f2df98132f/datanode-0/data/ratis/0a8c1667-3d3c-4d2e-aade-a0d24d3534ff
2019-08-20 16:35:34,634 [pool-49-thread-1] INFO  segmented.SegmentedRaftLogWorker (SegmentedRaftLogWorker.java:<init>(172)) - new 1cd99ed7-c0d2-41ff-a57e-f64a137aa790-SegmentedRaftLogWorker:Storage Directory /workdir/hadoop-ozone/tools/target/test-dir/MiniOzoneClusterImpl-be136bf1-c7ac-4d2e-9665-41f2df98132f/datanode-2/data/ratis/0a8c1667-3d3c-4d2e-aade-a0d24d3534ff for RaftStorage:Storage Directory /workdir/hadoop-ozone/tools/target/test-dir/MiniOzoneClusterImpl-be136bf1-c7ac-4d2e-9665-41f2df98132f/datanode-2/data/ratis/0a8c1667-3d3c-4d2e-aade-a0d24d3534ff
2019-08-20 16:35:34,634 [pool-27-thread-1] INFO  server.RaftServerConfigKeys (ConfUtils.java:logGet(43)) - raft.server.log.queue.byte-limit = 2147483647 (custom)
2019-08-20 16:35:34,636 [pool-49-thread-1] INFO  server.RaftServerConfigKeys (ConfUtils.java:logGet(43)) - raft.server.log.queue.byte-limit = 2147483647 (custom)
2019-08-20 16:35:34,638 [pool-27-thread-1] INFO  server.RaftServerConfigKeys (ConfUtils.java:logGet(43)) - raft.server.log.queue.element-limit = 1024 (custom)
2019-08-20 16:35:34,638 [pool-49-thread-1] INFO  server.RaftServerConfigKeys (ConfUtils.java:logGet(43)) - raft.server.log.queue.element-limit = 1024 (custom)
2019-08-20 16:35:34,638 [pool-27-thread-1] INFO  server.RaftServerConfigKeys (ConfUtils.java:logGet(43)) - raft.server.log.segment.size.max = 1048576 (custom)
2019-08-20 16:35:34,638 [pool-49-thread-1] INFO  server.RaftServerConfigKeys (ConfUtils.java:logGet(43)) - raft.server.log.segment.size.max = 1048576 (custom)
2019-08-20 16:35:34,639 [pool-27-thread-1] INFO  server.RaftServerConfigKeys (ConfUtils.java:logGet(43)) - raft.server.log.preallocated.size = 16384 (custom)
2019-08-20 16:35:34,639 [pool-49-thread-1] INFO  server.RaftServerConfigKeys (ConfUtils.java:logGet(43)) - raft.server.log.preallocated.size = 16384 (custom)
2019-08-20 16:35:34,639 [pool-27-thread-1] INFO  server.RaftServerConfigKeys (ConfUtils.java:logGet(43)) - raft.server.log.write.buffer.size = 33554432 (custom)
2019-08-20 16:35:34,639 [pool-49-thread-1] INFO  server.RaftServerConfigKeys (ConfUtils.java:logGet(43)) - raft.server.log.write.buffer.size = 33554432 (custom)
2019-08-20 16:35:34,639 [pool-27-thread-1] INFO  server.RaftServerConfigKeys (ConfUtils.java:logGet(43)) - raft.server.log.force.sync.num = 128 (default)
2019-08-20 16:35:34,639 [pool-49-thread-1] INFO  server.RaftServerConfigKeys (ConfUtils.java:logGet(43)) - raft.server.log.force.sync.num = 128 (default)
2019-08-20 16:35:34,640 [pool-27-thread-1] INFO  server.RaftServerConfigKeys (ConfUtils.java:logGet(43)) - raft.server.log.statemachine.data.sync = true (default)
2019-08-20 16:35:34,640 [pool-49-thread-1] INFO  server.RaftServerConfigKeys (ConfUtils.java:logGet(43)) - raft.server.log.statemachine.data.sync = true (default)
2019-08-20 16:35:34,640 [pool-27-thread-1] INFO  server.RaftServerConfigKeys (ConfUtils.java:logGet(43)) - raft.server.log.statemachine.data.sync.timeout = 10s (default)
2019-08-20 16:35:34,640 [pool-49-thread-1] INFO  server.RaftServerConfigKeys (ConfUtils.java:logGet(43)) - raft.server.log.statemachine.data.sync.timeout = 10s (default)
2019-08-20 16:35:34,640 [pool-27-thread-1] INFO  server.RaftServerConfigKeys (ConfUtils.java:logGet(43)) - raft.server.log.statemachine.data.sync.timeout.retry = -1 (default)
2019-08-20 16:35:34,640 [pool-49-thread-1] INFO  server.RaftServerConfigKeys (ConfUtils.java:logGet(43)) - raft.server.log.statemachine.data.sync.timeout.retry = -1 (default)
2019-08-20 16:35:34,641 [pool-27-thread-1] INFO  server.RaftServerConfigKeys (ConfUtils.java:logGet(43)) - raft.server.log.statemachine.data.caching.enabled = true (custom)
2019-08-20 16:35:34,641 [pool-49-thread-1] INFO  server.RaftServerConfigKeys (ConfUtils.java:logGet(43)) - raft.server.log.statemachine.data.caching.enabled = true (custom)
2019-08-20 16:35:34,641 [pool-27-thread-1] INFO  segmented.SegmentedRaftLogWorker (SegmentedRaftLogWorker.java:lambda$new$0(132)) - c9d5e90e-0dec-4e85-b4e2-d29823632d06-SegmentedRaftLogWorker:Storage Directory /workdir/hadoop-ozone/tools/target/test-dir/MiniOzoneClusterImpl-be136bf1-c7ac-4d2e-9665-41f2df98132f/datanode-0/data/ratis/0a8c1667-3d3c-4d2e-aade-a0d24d3534ff: flushIndex: setUnconditionally 0 -> -1
2019-08-20 16:35:34,642 [pool-27-thread-1] INFO  server.RaftServerConfigKeys (ConfUtils.java:logGet(43)) - raft.server.snapshot.auto.trigger.enabled = true (custom)
2019-08-20 16:35:34,642 [pool-27-thread-1] INFO  server.RaftServerConfigKeys (ConfUtils.java:logGet(43)) - raft.server.snapshot.auto.trigger.threshold = 10000 (custom)
2019-08-20 16:35:34,642 [pool-27-thread-1] INFO  server.RaftServerConfigKeys (ConfUtils.java:logGet(43)) - raft.server.retrycache.expirytime = 600000ms (custom)
2019-08-20 16:35:34,642 [pool-27-thread-1] INFO  impl.RaftServerImpl (RaftServerImpl.java:start(180)) - c9d5e90e-0dec-4e85-b4e2-d29823632d06: start group-016D7F0C51D5
2019-08-20 16:35:34,642 [pool-27-thread-1] INFO  impl.RaftServerImpl (RaftServerImpl.java:setRole(171)) - c9d5e90e-0dec-4e85-b4e2-d29823632d06:group-016D7F0C51D5 changes role from null to FOLLOWER at term 0 for startAsFollower
2019-08-20 16:35:34,643 [pool-27-thread-1] INFO  impl.RoleInfo (RoleInfo.java:updateAndGet(143)) - c9d5e90e-0dec-4e85-b4e2-d29823632d06: start FollowerState
2019-08-20 16:35:34,643 [pool-27-thread-1] INFO  util.JmxRegister (JmxRegister.java:tryRegister(44)) - Successfully registered JMX Bean with object name Ratis:service=RaftServer,group=group-016D7F0C51D5,id=c9d5e90e-0dec-4e85-b4e2-d29823632d06
2019-08-20 16:35:34,651 [pool-27-thread-1] INFO  impl.RaftServerImpl (RaftServerImpl.java:<init>(93)) - c9d5e90e-0dec-4e85-b4e2-d29823632d06: new RaftServerImpl for group-06EF8327F6E7:[8556a57b-07a2-43a1-b9c0-1edf0a6afefc:192.168.5.139:40827, 1cd99ed7-c0d2-41ff-a57e-f64a137aa790:192.168.5.139:32924, c9d5e90e-0dec-4e85-b4e2-d29823632d06:192.168.5.139:43573] with ContainerStateMachine:uninitialized
2019-08-20 16:35:34,651 [pool-27-thread-1] INFO  server.RaftServerConfigKeys (ConfUtils.java:logGet(43)) - raft.server.rpc.timeout.min = 5s (custom)
2019-08-20 16:35:34,652 [pool-27-thread-1] INFO  server.RaftServerConfigKeys (ConfUtils.java:logGet(43)) - raft.server.rpc.timeout.max = 5200ms (custom)
2019-08-20 16:35:34,652 [pool-27-thread-1] INFO  server.RaftServerConfigKeys (ConfUtils.java:logGet(43)) - raft.server.rpcslowness.timeout = 120s (custom)
2019-08-20 16:35:34,652 [pool-27-thread-1] INFO  server.RaftServerConfigKeys (ConfUtils.java:logGet(43)) - raft.server.sleep.deviation.threshold = 300 (default)
2019-08-20 16:35:34,652 [pool-27-thread-1] INFO  server.RaftServerConfigKeys (ConfUtils.java:logGet(43)) - raft.server.log.appender.install.snapshot.enabled = false (custom)
2019-08-20 16:35:34,652 [pool-27-thread-1] INFO  impl.RaftServerImpl (ServerState.java:<init>(105)) - c9d5e90e-0dec-4e85-b4e2-d29823632d06:group-06EF8327F6E7 ConfigurationManager, init=-1: [8556a57b-07a2-43a1-b9c0-1edf0a6afefc:192.168.5.139:40827, 1cd99ed7-c0d2-41ff-a57e-f64a137aa790:192.168.5.139:32924, c9d5e90e-0dec-4e85-b4e2-d29823632d06:192.168.5.139:43573], old=null, confs=<EMPTY_MAP>
2019-08-20 16:35:34,652 [pool-27-thread-1] INFO  server.RaftServerConfigKeys (ConfUtils.java:logGet(43)) - raft.server.storage.dir = [/workdir/hadoop-ozone/tools/target/test-dir/MiniOzoneClusterImpl-be136bf1-c7ac-4d2e-9665-41f2df98132f/datanode-0/data/ratis] (custom)
2019-08-20 16:35:34,653 [pool-27-thread-1] INFO  storage.RaftStorageDirectory (RaftStorageDirectory.java:analyzeStorage(246)) - The storage directory /workdir/hadoop-ozone/tools/target/test-dir/MiniOzoneClusterImpl-be136bf1-c7ac-4d2e-9665-41f2df98132f/datanode-0/data/ratis/029743d7-9626-4721-8a3d-06ef8327f6e7 does not exist. Creating ...
2019-08-20 16:35:34,718 | INFO  | SCMAudit | user=jenkins1000 | ip=192.168.5.139 | op=SEND_HEARTBEAT {datanodeUUID=8556a57b-07a2-43a1-b9c0-1edf0a6afefc, command=[]} | ret=SUCCESS |  
2019-08-20 16:35:34,800 [pool-49-thread-1] INFO  segmented.SegmentedRaftLogWorker (SegmentedRaftLogWorker.java:lambda$new$0(132)) - 1cd99ed7-c0d2-41ff-a57e-f64a137aa790-SegmentedRaftLogWorker:Storage Directory /workdir/hadoop-ozone/tools/target/test-dir/MiniOzoneClusterImpl-be136bf1-c7ac-4d2e-9665-41f2df98132f/datanode-2/data/ratis/0a8c1667-3d3c-4d2e-aade-a0d24d3534ff: flushIndex: setUnconditionally 0 -> -1
2019-08-20 16:35:34,801 [pool-49-thread-1] INFO  server.RaftServerConfigKeys (ConfUtils.java:logGet(43)) - raft.server.snapshot.auto.trigger.enabled = true (custom)
2019-08-20 16:35:34,801 [pool-49-thread-1] INFO  server.RaftServerConfigKeys (ConfUtils.java:logGet(43)) - raft.server.snapshot.auto.trigger.threshold = 10000 (custom)
2019-08-20 16:35:34,801 [pool-49-thread-1] INFO  server.RaftServerConfigKeys (ConfUtils.java:logGet(43)) - raft.server.retrycache.expirytime = 600000ms (custom)
2019-08-20 16:35:34,804 [pool-49-thread-1] INFO  impl.RaftServerImpl (RaftServerImpl.java:<init>(93)) - 1cd99ed7-c0d2-41ff-a57e-f64a137aa790: new RaftServerImpl for group-06EF8327F6E7:[8556a57b-07a2-43a1-b9c0-1edf0a6afefc:192.168.5.139:40827, 1cd99ed7-c0d2-41ff-a57e-f64a137aa790:192.168.5.139:32924, c9d5e90e-0dec-4e85-b4e2-d29823632d06:192.168.5.139:43573] with ContainerStateMachine:uninitialized
2019-08-20 16:35:34,805 [pool-49-thread-1] INFO  server.RaftServerConfigKeys (ConfUtils.java:logGet(43)) - raft.server.rpc.timeout.min = 5s (custom)
2019-08-20 16:35:34,805 [pool-49-thread-1] INFO  server.RaftServerConfigKeys (ConfUtils.java:logGet(43)) - raft.server.rpc.timeout.max = 5200ms (custom)
2019-08-20 16:35:34,805 [pool-49-thread-1] INFO  server.RaftServerConfigKeys (ConfUtils.java:logGet(43)) - raft.server.rpcslowness.timeout = 120s (custom)
2019-08-20 16:35:34,805 [pool-49-thread-1] INFO  server.RaftServerConfigKeys (ConfUtils.java:logGet(43)) - raft.server.sleep.deviation.threshold = 300 (default)
2019-08-20 16:35:34,806 [pool-49-thread-1] INFO  server.RaftServerConfigKeys (ConfUtils.java:logGet(43)) - raft.server.log.appender.install.snapshot.enabled = false (custom)
2019-08-20 16:35:34,806 [pool-49-thread-1] INFO  impl.RaftServerImpl (ServerState.java:<init>(105)) - 1cd99ed7-c0d2-41ff-a57e-f64a137aa790:group-06EF8327F6E7 ConfigurationManager, init=-1: [8556a57b-07a2-43a1-b9c0-1edf0a6afefc:192.168.5.139:40827, 1cd99ed7-c0d2-41ff-a57e-f64a137aa790:192.168.5.139:32924, c9d5e90e-0dec-4e85-b4e2-d29823632d06:192.168.5.139:43573], old=null, confs=<EMPTY_MAP>
2019-08-20 16:35:34,806 [pool-49-thread-1] INFO  server.RaftServerConfigKeys (ConfUtils.java:logGet(43)) - raft.server.storage.dir = [/workdir/hadoop-ozone/tools/target/test-dir/MiniOzoneClusterImpl-be136bf1-c7ac-4d2e-9665-41f2df98132f/datanode-2/data/ratis] (custom)
2019-08-20 16:35:34,807 [pool-49-thread-1] INFO  storage.RaftStorageDirectory (RaftStorageDirectory.java:analyzeStorage(246)) - The storage directory /workdir/hadoop-ozone/tools/target/test-dir/MiniOzoneClusterImpl-be136bf1-c7ac-4d2e-9665-41f2df98132f/datanode-2/data/ratis/029743d7-9626-4721-8a3d-06ef8327f6e7 does not exist. Creating ...
2019-08-20 16:35:34,948 | INFO  | SCMAudit | user=jenkins1000 | ip=192.168.5.139 | op=SEND_HEARTBEAT {datanodeUUID=1cd99ed7-c0d2-41ff-a57e-f64a137aa790, command=[]} | ret=SUCCESS |  
2019-08-20 16:35:35,066 [pool-38-thread-1] INFO  storage.RaftStorage (RaftStorage.java:format(72)) - Storage directory /workdir/hadoop-ozone/tools/target/test-dir/MiniOzoneClusterImpl-be136bf1-c7ac-4d2e-9665-41f2df98132f/datanode-1/data/ratis/0a8c1667-3d3c-4d2e-aade-a0d24d3534ff has been successfully formatted.
2019-08-20 16:35:35,066 [pool-38-thread-1] INFO  ratis.ContainerStateMachine (ContainerStateMachine.java:loadSnapshot(222)) - group-A0D24D3534FF: The snapshot info is null. Setting the last applied indexto:(t:0, i:~)
2019-08-20 16:35:35,067 [pool-38-thread-1] INFO  server.RaftServerConfigKeys (ConfUtils.java:logGet(43)) - raft.server.leader.election.timeout = 120s (custom)
2019-08-20 16:35:35,067 [pool-38-thread-1] INFO  server.RaftServerConfigKeys (ConfUtils.java:logGet(43)) - raft.server.log.use.memory = false (default)
2019-08-20 16:35:35,067 [pool-38-thread-1] INFO  server.RaftServerConfigKeys (ConfUtils.java:logGet(43)) - raft.server.log.purge.gap = 1000000 (custom)
2019-08-20 16:35:35,067 [pool-38-thread-1] INFO  server.RaftServerConfigKeys (ConfUtils.java:logGet(43)) - raft.server.log.appender.buffer.byte-limit = 33554432 (custom)
2019-08-20 16:35:35,068 [pool-38-thread-1] INFO  server.RaftServerConfigKeys (ConfUtils.java:logGet(43)) - raft.server.log.segment.size.max = 1048576 (custom)
2019-08-20 16:35:35,068 [pool-38-thread-1] INFO  server.RaftServerConfigKeys (ConfUtils.java:logGet(43)) - raft.server.log.segment.cache.num.max = 2 (custom)
2019-08-20 16:35:35,068 [pool-38-thread-1] INFO  segmented.SegmentedRaftLogWorker (SegmentedRaftLogWorker.java:<init>(172)) - new 8556a57b-07a2-43a1-b9c0-1edf0a6afefc-SegmentedRaftLogWorker:Storage Directory /workdir/hadoop-ozone/tools/target/test-dir/MiniOzoneClusterImpl-be136bf1-c7ac-4d2e-9665-41f2df98132f/datanode-1/data/ratis/0a8c1667-3d3c-4d2e-aade-a0d24d3534ff for RaftStorage:Storage Directory /workdir/hadoop-ozone/tools/target/test-dir/MiniOzoneClusterImpl-be136bf1-c7ac-4d2e-9665-41f2df98132f/datanode-1/data/ratis/0a8c1667-3d3c-4d2e-aade-a0d24d3534ff
2019-08-20 16:35:35,068 [pool-38-thread-1] INFO  server.RaftServerConfigKeys (ConfUtils.java:logGet(43)) - raft.server.log.queue.byte-limit = 2147483647 (custom)
2019-08-20 16:35:35,068 [pool-38-thread-1] INFO  server.RaftServerConfigKeys (ConfUtils.java:logGet(43)) - raft.server.log.queue.element-limit = 1024 (custom)
2019-08-20 16:35:35,069 [pool-38-thread-1] INFO  server.RaftServerConfigKeys (ConfUtils.java:logGet(43)) - raft.server.log.segment.size.max = 1048576 (custom)
2019-08-20 16:35:35,069 [pool-38-thread-1] INFO  server.RaftServerConfigKeys (ConfUtils.java:logGet(43)) - raft.server.log.preallocated.size = 16384 (custom)
2019-08-20 16:35:35,069 [pool-38-thread-1] INFO  server.RaftServerConfigKeys (ConfUtils.java:logGet(43)) - raft.server.log.write.buffer.size = 33554432 (custom)
2019-08-20 16:35:35,069 [pool-38-thread-1] INFO  server.RaftServerConfigKeys (ConfUtils.java:logGet(43)) - raft.server.log.force.sync.num = 128 (default)
2019-08-20 16:35:35,070 [pool-38-thread-1] INFO  server.RaftServerConfigKeys (ConfUtils.java:logGet(43)) - raft.server.log.statemachine.data.sync = true (default)
2019-08-20 16:35:35,070 [pool-38-thread-1] INFO  server.RaftServerConfigKeys (ConfUtils.java:logGet(43)) - raft.server.log.statemachine.data.sync.timeout = 10s (default)
2019-08-20 16:35:35,070 [pool-38-thread-1] INFO  server.RaftServerConfigKeys (ConfUtils.java:logGet(43)) - raft.server.log.statemachine.data.sync.timeout.retry = -1 (default)
2019-08-20 16:35:35,070 [pool-38-thread-1] INFO  server.RaftServerConfigKeys (ConfUtils.java:logGet(43)) - raft.server.log.statemachine.data.caching.enabled = true (custom)
2019-08-20 16:35:35,071 [pool-38-thread-1] INFO  segmented.SegmentedRaftLogWorker (SegmentedRaftLogWorker.java:lambda$new$0(132)) - 8556a57b-07a2-43a1-b9c0-1edf0a6afefc-SegmentedRaftLogWorker:Storage Directory /workdir/hadoop-ozone/tools/target/test-dir/MiniOzoneClusterImpl-be136bf1-c7ac-4d2e-9665-41f2df98132f/datanode-1/data/ratis/0a8c1667-3d3c-4d2e-aade-a0d24d3534ff: flushIndex: setUnconditionally 0 -> -1
2019-08-20 16:35:35,071 [pool-38-thread-1] INFO  server.RaftServerConfigKeys (ConfUtils.java:logGet(43)) - raft.server.snapshot.auto.trigger.enabled = true (custom)
2019-08-20 16:35:35,072 [pool-38-thread-1] INFO  server.RaftServerConfigKeys (ConfUtils.java:logGet(43)) - raft.server.snapshot.auto.trigger.threshold = 10000 (custom)
2019-08-20 16:35:35,072 [pool-38-thread-1] INFO  server.RaftServerConfigKeys (ConfUtils.java:logGet(43)) - raft.server.retrycache.expirytime = 600000ms (custom)
2019-08-20 16:35:35,075 [pool-38-thread-1] INFO  impl.RaftServerImpl (RaftServerImpl.java:<init>(93)) - 8556a57b-07a2-43a1-b9c0-1edf0a6afefc: new RaftServerImpl for group-06EF8327F6E7:[8556a57b-07a2-43a1-b9c0-1edf0a6afefc:192.168.5.139:40827, 1cd99ed7-c0d2-41ff-a57e-f64a137aa790:192.168.5.139:32924, c9d5e90e-0dec-4e85-b4e2-d29823632d06:192.168.5.139:43573] with ContainerStateMachine:uninitialized
2019-08-20 16:35:35,075 [pool-38-thread-1] INFO  server.RaftServerConfigKeys (ConfUtils.java:logGet(43)) - raft.server.rpc.timeout.min = 5s (custom)
2019-08-20 16:35:35,075 [pool-38-thread-1] INFO  server.RaftServerConfigKeys (ConfUtils.java:logGet(43)) - raft.server.rpc.timeout.max = 5200ms (custom)
2019-08-20 16:35:35,075 [pool-38-thread-1] INFO  server.RaftServerConfigKeys (ConfUtils.java:logGet(43)) - raft.server.rpcslowness.timeout = 120s (custom)
2019-08-20 16:35:35,076 [pool-38-thread-1] INFO  server.RaftServerConfigKeys (ConfUtils.java:logGet(43)) - raft.server.sleep.deviation.threshold = 300 (default)
2019-08-20 16:35:35,076 [pool-38-thread-1] INFO  server.RaftServerConfigKeys (ConfUtils.java:logGet(43)) - raft.server.log.appender.install.snapshot.enabled = false (custom)
2019-08-20 16:35:35,076 [pool-38-thread-1] INFO  impl.RaftServerImpl (ServerState.java:<init>(105)) - 8556a57b-07a2-43a1-b9c0-1edf0a6afefc:group-06EF8327F6E7 ConfigurationManager, init=-1: [8556a57b-07a2-43a1-b9c0-1edf0a6afefc:192.168.5.139:40827, 1cd99ed7-c0d2-41ff-a57e-f64a137aa790:192.168.5.139:32924, c9d5e90e-0dec-4e85-b4e2-d29823632d06:192.168.5.139:43573], old=null, confs=<EMPTY_MAP>
2019-08-20 16:35:35,076 [pool-38-thread-1] INFO  server.RaftServerConfigKeys (ConfUtils.java:logGet(43)) - raft.server.storage.dir = [/workdir/hadoop-ozone/tools/target/test-dir/MiniOzoneClusterImpl-be136bf1-c7ac-4d2e-9665-41f2df98132f/datanode-1/data/ratis] (custom)
2019-08-20 16:35:35,077 [pool-38-thread-1] INFO  storage.RaftStorageDirectory (RaftStorageDirectory.java:analyzeStorage(246)) - The storage directory /workdir/hadoop-ozone/tools/target/test-dir/MiniOzoneClusterImpl-be136bf1-c7ac-4d2e-9665-41f2df98132f/datanode-1/data/ratis/029743d7-9626-4721-8a3d-06ef8327f6e7 does not exist. Creating ...
 0.00% |█                                                                                                    |  0/1 Time: 0:00:122019-08-20 16:35:35,479 | INFO  | SCMAudit | user=jenkins1000 | ip=192.168.5.139 | op=SEND_HEARTBEAT {datanodeUUID=c9d5e90e-0dec-4e85-b4e2-d29823632d06, command=[]} | ret=SUCCESS |  
2019-08-20 16:35:35,718 | INFO  | SCMAudit | user=jenkins1000 | ip=192.168.5.139 | op=SEND_HEARTBEAT {datanodeUUID=8556a57b-07a2-43a1-b9c0-1edf0a6afefc, command=[]} | ret=SUCCESS |  
2019-08-20 16:35:35,948 | INFO  | SCMAudit | user=jenkins1000 | ip=192.168.5.139 | op=SEND_HEARTBEAT {datanodeUUID=1cd99ed7-c0d2-41ff-a57e-f64a137aa790, command=[]} | ret=SUCCESS |  
 0.00% |█                                                                                                    |  0/1 Time: 0:00:132019-08-20 16:35:36,479 | INFO  | SCMAudit | user=jenkins1000 | ip=192.168.5.139 | op=SEND_HEARTBEAT {datanodeUUID=c9d5e90e-0dec-4e85-b4e2-d29823632d06, command=[]} | ret=SUCCESS |  
2019-08-20 16:35:36,718 | INFO  | SCMAudit | user=jenkins1000 | ip=192.168.5.139 | op=SEND_HEARTBEAT {datanodeUUID=8556a57b-07a2-43a1-b9c0-1edf0a6afefc, command=[]} | ret=SUCCESS |  
2019-08-20 16:35:36,910 [RATISCREATEPIPELINE1] ERROR pipeline.RatisPipelineProvider (RatisPipelineProvider.java:lambda$null$5(235)) - Failed invoke Ratis rpc org.apache.hadoop.hdds.scm.pipeline.RatisPipelineProvider$$Lambda$170/1145593931@134f0d38 for c9d5e90e-0dec-4e85-b4e2-d29823632d06
org.apache.ratis.protocol.TimeoutIOException: deadline exceeded after 2999698156ns
	at org.apache.ratis.grpc.GrpcUtil.tryUnwrapException(GrpcUtil.java:82)
	at org.apache.ratis.grpc.GrpcUtil.unwrapException(GrpcUtil.java:75)
	at org.apache.ratis.grpc.client.GrpcClientProtocolClient.blockingCall(GrpcClientProtocolClient.java:169)
	at org.apache.ratis.grpc.client.GrpcClientProtocolClient.groupAdd(GrpcClientProtocolClient.java:138)
	at org.apache.ratis.grpc.client.GrpcClientRpc.sendRequest(GrpcClientRpc.java:94)
	at org.apache.ratis.client.impl.RaftClientImpl.sendRequest(RaftClientImpl.java:279)
	at org.apache.ratis.client.impl.RaftClientImpl.groupAdd(RaftClientImpl.java:206)
	at org.apache.hadoop.hdds.scm.pipeline.RatisPipelineProvider.lambda$initializePipeline$4(RatisPipelineProvider.java:194)
	at org.apache.hadoop.hdds.scm.pipeline.RatisPipelineProvider.lambda$null$5(RatisPipelineProvider.java:231)
	at java.util.stream.ForEachOps$ForEachOp$OfRef.accept(ForEachOps.java:184)
	at java.util.ArrayList$ArrayListSpliterator.forEachRemaining(ArrayList.java:1382)
	at java.util.stream.AbstractPipeline.copyInto(AbstractPipeline.java:482)
	at java.util.stream.ForEachOps$ForEachTask.compute(ForEachOps.java:291)
	at java.util.concurrent.CountedCompleter.exec(CountedCompleter.java:731)
	at java.util.concurrent.ForkJoinTask.doExec(ForkJoinTask.java:289)
	at java.util.concurrent.ForkJoinTask.doInvoke(ForkJoinTask.java:401)
	at java.util.concurrent.ForkJoinTask.invoke(ForkJoinTask.java:734)
	at java.util.stream.ForEachOps$ForEachOp.evaluateParallel(ForEachOps.java:160)
	at java.util.stream.ForEachOps$ForEachOp$OfRef.evaluateParallel(ForEachOps.java:174)
	at java.util.stream.AbstractPipeline.evaluate(AbstractPipeline.java:233)
	at java.util.stream.ReferencePipeline.forEach(ReferencePipeline.java:418)
	at java.util.stream.ReferencePipeline$Head.forEach(ReferencePipeline.java:583)
	at org.apache.hadoop.hdds.scm.pipeline.RatisPipelineProvider.lambda$callRatisRpc$6(RatisPipelineProvider.java:225)
	at java.util.concurrent.ForkJoinTask$AdaptedRunnableAction.exec(ForkJoinTask.java:1386)
	at java.util.concurrent.ForkJoinTask.doExec(ForkJoinTask.java:289)
	at java.util.concurrent.ForkJoinPool$WorkQueue.runTask(ForkJoinPool.java:1056)
	at java.util.concurrent.ForkJoinPool.runWorker(ForkJoinPool.java:1692)
	at java.util.concurrent.ForkJoinWorkerThread.run(ForkJoinWorkerThread.java:157)
Caused by: org.apache.ratis.thirdparty.io.grpc.StatusRuntimeException: DEADLINE_EXCEEDED: deadline exceeded after 2999698156ns
	at org.apache.ratis.thirdparty.io.grpc.stub.ClientCalls.toStatusRuntimeException(ClientCalls.java:233)
	at org.apache.ratis.thirdparty.io.grpc.stub.ClientCalls.getUnchecked(ClientCalls.java:214)
	at org.apache.ratis.thirdparty.io.grpc.stub.ClientCalls.blockingUnaryCall(ClientCalls.java:139)
	at org.apache.ratis.proto.grpc.AdminProtocolServiceGrpc$AdminProtocolServiceBlockingStub.groupManagement(AdminProtocolServiceGrpc.java:274)
	at org.apache.ratis.grpc.client.GrpcClientProtocolClient.lambda$groupAdd$3(GrpcClientProtocolClient.java:140)
	at org.apache.ratis.grpc.client.GrpcClientProtocolClient.blockingCall(GrpcClientProtocolClient.java:167)
	... 25 more
2019-08-20 16:35:36,912 [RATISCREATEPIPELINE3] ERROR pipeline.RatisPipelineProvider (RatisPipelineProvider.java:lambda$null$5(235)) - Failed invoke Ratis rpc org.apache.hadoop.hdds.scm.pipeline.RatisPipelineProvider$$Lambda$170/1145593931@134f0d38 for 8556a57b-07a2-43a1-b9c0-1edf0a6afefc
org.apache.ratis.protocol.TimeoutIOException: deadline exceeded after 2999625058ns
	at org.apache.ratis.grpc.GrpcUtil.tryUnwrapException(GrpcUtil.java:82)
	at org.apache.ratis.grpc.GrpcUtil.unwrapException(GrpcUtil.java:75)
	at org.apache.ratis.grpc.client.GrpcClientProtocolClient.blockingCall(GrpcClientProtocolClient.java:169)
	at org.apache.ratis.grpc.client.GrpcClientProtocolClient.groupAdd(GrpcClientProtocolClient.java:138)
	at org.apache.ratis.grpc.client.GrpcClientRpc.sendRequest(GrpcClientRpc.java:94)
	at org.apache.ratis.client.impl.RaftClientImpl.sendRequest(RaftClientImpl.java:279)
	at org.apache.ratis.client.impl.RaftClientImpl.groupAdd(RaftClientImpl.java:206)
	at org.apache.hadoop.hdds.scm.pipeline.RatisPipelineProvider.lambda$initializePipeline$4(RatisPipelineProvider.java:194)
	at org.apache.hadoop.hdds.scm.pipeline.RatisPipelineProvider.lambda$null$5(RatisPipelineProvider.java:231)
	at java.util.stream.ForEachOps$ForEachOp$OfRef.accept(ForEachOps.java:184)
	at java.util.ArrayList$ArrayListSpliterator.forEachRemaining(ArrayList.java:1382)
	at java.util.stream.AbstractPipeline.copyInto(AbstractPipeline.java:482)
	at java.util.stream.ForEachOps$ForEachTask.compute(ForEachOps.java:291)
	at java.util.concurrent.CountedCompleter.exec(CountedCompleter.java:731)
	at java.util.concurrent.ForkJoinTask.doExec(ForkJoinTask.java:289)
	at java.util.concurrent.ForkJoinPool$WorkQueue.runTask(ForkJoinPool.java:1056)
	at java.util.concurrent.ForkJoinPool.runWorker(ForkJoinPool.java:1692)
	at java.util.concurrent.ForkJoinWorkerThread.run(ForkJoinWorkerThread.java:157)
Caused by: org.apache.ratis.thirdparty.io.grpc.StatusRuntimeException: DEADLINE_EXCEEDED: deadline exceeded after 2999625058ns
	at org.apache.ratis.thirdparty.io.grpc.stub.ClientCalls.toStatusRuntimeException(ClientCalls.java:233)
	at org.apache.ratis.thirdparty.io.grpc.stub.ClientCalls.getUnchecked(ClientCalls.java:214)
	at org.apache.ratis.thirdparty.io.grpc.stub.ClientCalls.blockingUnaryCall(ClientCalls.java:139)
	at org.apache.ratis.proto.grpc.AdminProtocolServiceGrpc$AdminProtocolServiceBlockingStub.groupManagement(AdminProtocolServiceGrpc.java:274)
	at org.apache.ratis.grpc.client.GrpcClientProtocolClient.lambda$groupAdd$3(GrpcClientProtocolClient.java:140)
	at org.apache.ratis.grpc.client.GrpcClientProtocolClient.blockingCall(GrpcClientProtocolClient.java:167)
	... 15 more
2019-08-20 16:35:36,912 [RATISCREATEPIPELINE2] ERROR pipeline.RatisPipelineProvider (RatisPipelineProvider.java:lambda$null$5(235)) - Failed invoke Ratis rpc org.apache.hadoop.hdds.scm.pipeline.RatisPipelineProvider$$Lambda$170/1145593931@134f0d38 for 1cd99ed7-c0d2-41ff-a57e-f64a137aa790
org.apache.ratis.protocol.TimeoutIOException: deadline exceeded after 2999624923ns
	at org.apache.ratis.grpc.GrpcUtil.tryUnwrapException(GrpcUtil.java:82)
	at org.apache.ratis.grpc.GrpcUtil.unwrapException(GrpcUtil.java:75)
	at org.apache.ratis.grpc.client.GrpcClientProtocolClient.blockingCall(GrpcClientProtocolClient.java:169)
	at org.apache.ratis.grpc.client.GrpcClientProtocolClient.groupAdd(GrpcClientProtocolClient.java:138)
	at org.apache.ratis.grpc.client.GrpcClientRpc.sendRequest(GrpcClientRpc.java:94)
	at org.apache.ratis.client.impl.RaftClientImpl.sendRequest(RaftClientImpl.java:279)
	at org.apache.ratis.client.impl.RaftClientImpl.groupAdd(RaftClientImpl.java:206)
	at org.apache.hadoop.hdds.scm.pipeline.RatisPipelineProvider.lambda$initializePipeline$4(RatisPipelineProvider.java:194)
	at org.apache.hadoop.hdds.scm.pipeline.RatisPipelineProvider.lambda$null$5(RatisPipelineProvider.java:231)
	at java.util.stream.ForEachOps$ForEachOp$OfRef.accept(ForEachOps.java:184)
	at java.util.ArrayList$ArrayListSpliterator.forEachRemaining(ArrayList.java:1382)
	at java.util.stream.AbstractPipeline.copyInto(AbstractPipeline.java:482)
	at java.util.stream.ForEachOps$ForEachTask.compute(ForEachOps.java:291)
	at java.util.concurrent.CountedCompleter.exec(CountedCompleter.java:731)
	at java.util.concurrent.ForkJoinTask.doExec(ForkJoinTask.java:289)
	at java.util.concurrent.ForkJoinPool$WorkQueue.runTask(ForkJoinPool.java:1056)
	at java.util.concurrent.ForkJoinPool.runWorker(ForkJoinPool.java:1692)
	at java.util.concurrent.ForkJoinWorkerThread.run(ForkJoinWorkerThread.java:157)
Caused by: org.apache.ratis.thirdparty.io.grpc.StatusRuntimeException: DEADLINE_EXCEEDED: deadline exceeded after 2999624923ns
	at org.apache.ratis.thirdparty.io.grpc.stub.ClientCalls.toStatusRuntimeException(ClientCalls.java:233)
	at org.apache.ratis.thirdparty.io.grpc.stub.ClientCalls.getUnchecked(ClientCalls.java:214)
	at org.apache.ratis.thirdparty.io.grpc.stub.ClientCalls.blockingUnaryCall(ClientCalls.java:139)
	at org.apache.ratis.proto.grpc.AdminProtocolServiceGrpc$AdminProtocolServiceBlockingStub.groupManagement(AdminProtocolServiceGrpc.java:274)
	at org.apache.ratis.grpc.client.GrpcClientProtocolClient.lambda$groupAdd$3(GrpcClientProtocolClient.java:140)
	at org.apache.ratis.grpc.client.GrpcClientProtocolClient.blockingCall(GrpcClientProtocolClient.java:167)
	... 15 more
2019-08-20 16:35:36,917 [IPC Server handler 0 on 43420] INFO  block.BlockManagerImpl (BlockManagerImpl.java:allocateBlock(198)) - Could not find available pipeline of type:RATIS and factor:THREE even after retrying
2019-08-20 16:35:36,918 [IPC Server handler 0 on 43420] ERROR block.BlockManagerImpl (BlockManagerImpl.java:allocateBlock(222)) - Unable to allocate a block for the size: 4194304, type: RATIS, factor: THREE
2019-08-20 16:35:36,936 [grpc-default-executor-3] INFO  impl.RaftServerProxy (RaftServerProxy.java:addNew(89)) - 1cd99ed7-c0d2-41ff-a57e-f64a137aa790: addNew group-856DB2C06D82:[8556a57b-07a2-43a1-b9c0-1edf0a6afefc:192.168.5.139:40827, 1cd99ed7-c0d2-41ff-a57e-f64a137aa790:192.168.5.139:32924, c9d5e90e-0dec-4e85-b4e2-d29823632d06:192.168.5.139:43573] returns group-856DB2C06D82:java.util.concurrent.CompletableFuture@16cb3727[Not completed]
2019-08-20 16:35:36,936 [grpc-default-executor-1] INFO  impl.RaftServerProxy (RaftServerProxy.java:addNew(89)) - c9d5e90e-0dec-4e85-b4e2-d29823632d06: addNew group-856DB2C06D82:[8556a57b-07a2-43a1-b9c0-1edf0a6afefc:192.168.5.139:40827, 1cd99ed7-c0d2-41ff-a57e-f64a137aa790:192.168.5.139:32924, c9d5e90e-0dec-4e85-b4e2-d29823632d06:192.168.5.139:43573] returns group-856DB2C06D82:java.util.concurrent.CompletableFuture@3c9d006f[Not completed]
2019-08-20 16:35:36,936 [grpc-default-executor-0] INFO  impl.RaftServerProxy (RaftServerProxy.java:addNew(89)) - 8556a57b-07a2-43a1-b9c0-1edf0a6afefc: addNew group-856DB2C06D82:[8556a57b-07a2-43a1-b9c0-1edf0a6afefc:192.168.5.139:40827, 1cd99ed7-c0d2-41ff-a57e-f64a137aa790:192.168.5.139:32924, c9d5e90e-0dec-4e85-b4e2-d29823632d06:192.168.5.139:43573] returns group-856DB2C06D82:java.util.concurrent.CompletableFuture@3e6de431[Not completed]
2019-08-20 16:35:36,948 | INFO  | SCMAudit | user=jenkins1000 | ip=192.168.5.139 | op=SEND_HEARTBEAT {datanodeUUID=1cd99ed7-c0d2-41ff-a57e-f64a137aa790, command=[]} | ret=SUCCESS |  
 0.00% |█                                                                                                    |  0/1 Time: 0:00:142019-08-20 16:35:37,479 | INFO  | SCMAudit | user=jenkins1000 | ip=192.168.5.139 | op=SEND_HEARTBEAT {datanodeUUID=c9d5e90e-0dec-4e85-b4e2-d29823632d06, command=[]} | ret=SUCCESS |  
2019-08-20 16:35:37,718 | INFO  | SCMAudit | user=jenkins1000 | ip=192.168.5.139 | op=SEND_HEARTBEAT {datanodeUUID=8556a57b-07a2-43a1-b9c0-1edf0a6afefc, command=[]} | ret=SUCCESS |  
2019-08-20 16:35:37,948 | INFO  | SCMAudit | user=jenkins1000 | ip=192.168.5.139 | op=SEND_HEARTBEAT {datanodeUUID=1cd99ed7-c0d2-41ff-a57e-f64a137aa790, command=[]} | ret=SUCCESS |  
 0.00% |█                                                                                                    |  0/1 Time: 0:00:152019-08-20 16:35:38,479 | INFO  | SCMAudit | user=jenkins1000 | ip=192.168.5.139 | op=SEND_HEARTBEAT {datanodeUUID=c9d5e90e-0dec-4e85-b4e2-d29823632d06, command=[]} | ret=SUCCESS |  
2019-08-20 16:35:38,518 [Thread-195] INFO  impl.FollowerState (FollowerState.java:run(106)) - c9d5e90e-0dec-4e85-b4e2-d29823632d06:group-6871122BCC81 changes to CANDIDATE, lastRpcTime:5098, electionTimeout:5098ms
2019-08-20 16:35:38,518 [Thread-195] INFO  impl.RoleInfo (RoleInfo.java:shutdownFollowerState(121)) - c9d5e90e-0dec-4e85-b4e2-d29823632d06: shutdown FollowerState
2019-08-20 16:35:38,518 [Thread-195] INFO  impl.RaftServerImpl (RaftServerImpl.java:setRole(171)) - c9d5e90e-0dec-4e85-b4e2-d29823632d06:group-6871122BCC81 changes role from FOLLOWER to CANDIDATE at term 0 for changeToCandidate
2019-08-20 16:35:38,518 [Thread-195] INFO  impl.RoleInfo (RoleInfo.java:updateAndGet(143)) - c9d5e90e-0dec-4e85-b4e2-d29823632d06: start LeaderElection
2019-08-20 16:35:38,719 | INFO  | SCMAudit | user=jenkins1000 | ip=192.168.5.139 | op=SEND_HEARTBEAT {datanodeUUID=8556a57b-07a2-43a1-b9c0-1edf0a6afefc, command=[]} | ret=SUCCESS |  
2019-08-20 16:35:38,948 | INFO  | SCMAudit | user=jenkins1000 | ip=192.168.5.139 | op=SEND_HEARTBEAT {datanodeUUID=1cd99ed7-c0d2-41ff-a57e-f64a137aa790, command=[]} | ret=SUCCESS |  
2019-08-20 16:35:39,134 [Thread-201] INFO  impl.FollowerState (FollowerState.java:run(106)) - 8556a57b-07a2-43a1-b9c0-1edf0a6afefc:group-016D7F0C51D5 changes to CANDIDATE, lastRpcTime:5012, electionTimeout:5011ms
2019-08-20 16:35:39,135 [Thread-201] INFO  impl.RoleInfo (RoleInfo.java:shutdownFollowerState(121)) - 8556a57b-07a2-43a1-b9c0-1edf0a6afefc: shutdown FollowerState
2019-08-20 16:35:39,135 [Thread-201] INFO  impl.RaftServerImpl (RaftServerImpl.java:setRole(171)) - 8556a57b-07a2-43a1-b9c0-1edf0a6afefc:group-016D7F0C51D5 changes role from FOLLOWER to CANDIDATE at term 1 for changeToCandidate
2019-08-20 16:35:39,135 [Thread-201] INFO  impl.RoleInfo (RoleInfo.java:updateAndGet(143)) - 8556a57b-07a2-43a1-b9c0-1edf0a6afefc: start LeaderElection
2019-08-20 16:35:39,236 [Thread-202] INFO  impl.FollowerState (FollowerState.java:run(106)) - 1cd99ed7-c0d2-41ff-a57e-f64a137aa790:group-016D7F0C51D5 changes to CANDIDATE, lastRpcTime:5114, electionTimeout:5113ms
2019-08-20 16:35:39,237 [Thread-202] INFO  impl.RoleInfo (RoleInfo.java:shutdownFollowerState(121)) - 1cd99ed7-c0d2-41ff-a57e-f64a137aa790: shutdown FollowerState
2019-08-20 16:35:39,237 [Thread-202] INFO  impl.RaftServerImpl (RaftServerImpl.java:setRole(171)) - 1cd99ed7-c0d2-41ff-a57e-f64a137aa790:group-016D7F0C51D5 changes role from FOLLOWER to CANDIDATE at term 1 for changeToCandidate
2019-08-20 16:35:39,237 [Thread-202] INFO  impl.RoleInfo (RoleInfo.java:updateAndGet(143)) - 1cd99ed7-c0d2-41ff-a57e-f64a137aa790: start LeaderElection
 0.00% |█                                                                                                    |  0/1 Time: 0:00:162019-08-20 16:35:39,479 | INFO  | SCMAudit | user=jenkins1000 | ip=192.168.5.139 | op=SEND_HEARTBEAT {datanodeUUID=c9d5e90e-0dec-4e85-b4e2-d29823632d06, command=[]} | ret=SUCCESS |  
2019-08-20 16:35:39,719 | INFO  | SCMAudit | user=jenkins1000 | ip=192.168.5.139 | op=SEND_HEARTBEAT {datanodeUUID=8556a57b-07a2-43a1-b9c0-1edf0a6afefc, command=[]} | ret=SUCCESS |  
2019-08-20 16:35:39,732 [Thread-205] INFO  impl.FollowerState (FollowerState.java:run(106)) - c9d5e90e-0dec-4e85-b4e2-d29823632d06:group-016D7F0C51D5 changes to CANDIDATE, lastRpcTime:5089, electionTimeout:5089ms
2019-08-20 16:35:39,732 [Thread-205] INFO  impl.RoleInfo (RoleInfo.java:shutdownFollowerState(121)) - c9d5e90e-0dec-4e85-b4e2-d29823632d06: shutdown FollowerState
2019-08-20 16:35:39,732 [Thread-205] INFO  impl.RaftServerImpl (RaftServerImpl.java:setRole(171)) - c9d5e90e-0dec-4e85-b4e2-d29823632d06:group-016D7F0C51D5 changes role from FOLLOWER to CANDIDATE at term 0 for changeToCandidate
2019-08-20 16:35:39,732 [Thread-205] INFO  impl.RoleInfo (RoleInfo.java:updateAndGet(143)) - c9d5e90e-0dec-4e85-b4e2-d29823632d06: start LeaderElection
2019-08-20 16:35:39,929 [RATISCREATEPIPELINE3] ERROR pipeline.RatisPipelineProvider (RatisPipelineProvider.java:lambda$null$5(235)) - Failed invoke Ratis rpc org.apache.hadoop.hdds.scm.pipeline.RatisPipelineProvider$$Lambda$170/1145593931@1b901d93 for 1cd99ed7-c0d2-41ff-a57e-f64a137aa790
org.apache.ratis.protocol.TimeoutIOException: deadline exceeded after 2999789140ns
	at org.apache.ratis.grpc.GrpcUtil.tryUnwrapException(GrpcUtil.java:82)
	at org.apache.ratis.grpc.GrpcUtil.unwrapException(GrpcUtil.java:75)
	at org.apache.ratis.grpc.client.GrpcClientProtocolClient.blockingCall(GrpcClientProtocolClient.java:169)
	at org.apache.ratis.grpc.client.GrpcClientProtocolClient.groupAdd(GrpcClientProtocolClient.java:138)
	at org.apache.ratis.grpc.client.GrpcClientRpc.sendRequest(GrpcClientRpc.java:94)
	at org.apache.ratis.client.impl.RaftClientImpl.sendRequest(RaftClientImpl.java:279)
	at org.apache.ratis.client.impl.RaftClientImpl.groupAdd(RaftClientImpl.java:206)
	at org.apache.hadoop.hdds.scm.pipeline.RatisPipelineProvider.lambda$initializePipeline$4(RatisPipelineProvider.java:194)
	at org.apache.hadoop.hdds.scm.pipeline.RatisPipelineProvider.lambda$null$5(RatisPipelineProvider.java:231)
	at java.util.stream.ForEachOps$ForEachOp$OfRef.accept(ForEachOps.java:184)
	at java.util.ArrayList$ArrayListSpliterator.forEachRemaining(ArrayList.java:1382)
	at java.util.stream.AbstractPipeline.copyInto(AbstractPipeline.java:482)
	at java.util.stream.ForEachOps$ForEachTask.compute(ForEachOps.java:291)
	at java.util.concurrent.CountedCompleter.exec(CountedCompleter.java:731)
	at java.util.concurrent.ForkJoinTask.doExec(ForkJoinTask.java:289)
	at java.util.concurrent.ForkJoinPool$WorkQueue.runTask(ForkJoinPool.java:1056)
	at java.util.concurrent.ForkJoinPool.runWorker(ForkJoinPool.java:1692)
	at java.util.concurrent.ForkJoinWorkerThread.run(ForkJoinWorkerThread.java:157)
Caused by: org.apache.ratis.thirdparty.io.grpc.StatusRuntimeException: DEADLINE_EXCEEDED: deadline exceeded after 2999789140ns
	at org.apache.ratis.thirdparty.io.grpc.stub.ClientCalls.toStatusRuntimeException(ClientCalls.java:233)
	at org.apache.ratis.thirdparty.io.grpc.stub.ClientCalls.getUnchecked(ClientCalls.java:214)
	at org.apache.ratis.thirdparty.io.grpc.stub.ClientCalls.blockingUnaryCall(ClientCalls.java:139)
	at org.apache.ratis.proto.grpc.AdminProtocolServiceGrpc$AdminProtocolServiceBlockingStub.groupManagement(AdminProtocolServiceGrpc.java:274)
	at org.apache.ratis.grpc.client.GrpcClientProtocolClient.lambda$groupAdd$3(GrpcClientProtocolClient.java:140)
	at org.apache.ratis.grpc.client.GrpcClientProtocolClient.blockingCall(GrpcClientProtocolClient.java:167)
	... 15 more
2019-08-20 16:35:39,931 [RATISCREATEPIPELINE1] ERROR pipeline.RatisPipelineProvider (RatisPipelineProvider.java:lambda$null$5(235)) - Failed invoke Ratis rpc org.apache.hadoop.hdds.scm.pipeline.RatisPipelineProvider$$Lambda$170/1145593931@1b901d93 for c9d5e90e-0dec-4e85-b4e2-d29823632d06
org.apache.ratis.protocol.TimeoutIOException: deadline exceeded after 2999753591ns
	at org.apache.ratis.grpc.GrpcUtil.tryUnwrapException(GrpcUtil.java:82)
	at org.apache.ratis.grpc.GrpcUtil.unwrapException(GrpcUtil.java:75)
	at org.apache.ratis.grpc.client.GrpcClientProtocolClient.blockingCall(GrpcClientProtocolClient.java:169)
	at org.apache.ratis.grpc.client.GrpcClientProtocolClient.groupAdd(GrpcClientProtocolClient.java:138)
	at org.apache.ratis.grpc.client.GrpcClientRpc.sendRequest(GrpcClientRpc.java:94)
	at org.apache.ratis.client.impl.RaftClientImpl.sendRequest(RaftClientImpl.java:279)
	at org.apache.ratis.client.impl.RaftClientImpl.groupAdd(RaftClientImpl.java:206)
	at org.apache.hadoop.hdds.scm.pipeline.RatisPipelineProvider.lambda$initializePipeline$4(RatisPipelineProvider.java:194)
	at org.apache.hadoop.hdds.scm.pipeline.RatisPipelineProvider.lambda$null$5(RatisPipelineProvider.java:231)
	at java.util.stream.ForEachOps$ForEachOp$OfRef.accept(ForEachOps.java:184)
	at java.util.ArrayList$ArrayListSpliterator.forEachRemaining(ArrayList.java:1382)
	at java.util.stream.AbstractPipeline.copyInto(AbstractPipeline.java:482)
	at java.util.stream.ForEachOps$ForEachTask.compute(ForEachOps.java:291)
	at java.util.concurrent.CountedCompleter.exec(CountedCompleter.java:731)
	at java.util.concurrent.ForkJoinTask.doExec(ForkJoinTask.java:289)
	at java.util.concurrent.ForkJoinTask.doInvoke(ForkJoinTask.java:401)
	at java.util.concurrent.ForkJoinTask.invoke(ForkJoinTask.java:734)
	at java.util.stream.ForEachOps$ForEachOp.evaluateParallel(ForEachOps.java:160)
	at java.util.stream.ForEachOps$ForEachOp$OfRef.evaluateParallel(ForEachOps.java:174)
	at java.util.stream.AbstractPipeline.evaluate(AbstractPipeline.java:233)
	at java.util.stream.ReferencePipeline.forEach(ReferencePipeline.java:418)
	at java.util.stream.ReferencePipeline$Head.forEach(ReferencePipeline.java:583)
	at org.apache.hadoop.hdds.scm.pipeline.RatisPipelineProvider.lambda$callRatisRpc$6(RatisPipelineProvider.java:225)
	at java.util.concurrent.ForkJoinTask$AdaptedRunnableAction.exec(ForkJoinTask.java:1386)
	at java.util.concurrent.ForkJoinTask.doExec(ForkJoinTask.java:289)
	at java.util.concurrent.ForkJoinPool$WorkQueue.runTask(ForkJoinPool.java:1056)
	at java.util.concurrent.ForkJoinPool.runWorker(ForkJoinPool.java:1692)
	at java.util.concurrent.ForkJoinWorkerThread.run(ForkJoinWorkerThread.java:157)
Caused by: org.apache.ratis.thirdparty.io.grpc.StatusRuntimeException: DEADLINE_EXCEEDED: deadline exceeded after 2999753591ns
	at org.apache.ratis.thirdparty.io.grpc.stub.ClientCalls.toStatusRuntimeException(ClientCalls.java:233)
	at org.apache.ratis.thirdparty.io.grpc.stub.ClientCalls.getUnchecked(ClientCalls.java:214)
	at org.apache.ratis.thirdparty.io.grpc.stub.ClientCalls.blockingUnaryCall(ClientCalls.java:139)
	at org.apache.ratis.proto.grpc.AdminProtocolServiceGrpc$AdminProtocolServiceBlockingStub.groupManagement(AdminProtocolServiceGrpc.java:274)
	at org.apache.ratis.grpc.client.GrpcClientProtocolClient.lambda$groupAdd$3(GrpcClientProtocolClient.java:140)
	at org.apache.ratis.grpc.client.GrpcClientProtocolClient.blockingCall(GrpcClientProtocolClient.java:167)
	... 25 more
2019-08-20 16:35:39,930 [RATISCREATEPIPELINE2] ERROR pipeline.RatisPipelineProvider (RatisPipelineProvider.java:lambda$null$5(235)) - Failed invoke Ratis rpc org.apache.hadoop.hdds.scm.pipeline.RatisPipelineProvider$$Lambda$170/1145593931@1b901d93 for 8556a57b-07a2-43a1-b9c0-1edf0a6afefc
org.apache.ratis.protocol.TimeoutIOException: deadline exceeded after 2999104524ns
	at org.apache.ratis.grpc.GrpcUtil.tryUnwrapException(GrpcUtil.java:82)
	at org.apache.ratis.grpc.GrpcUtil.unwrapException(GrpcUtil.java:75)
	at org.apache.ratis.grpc.client.GrpcClientProtocolClient.blockingCall(GrpcClientProtocolClient.java:169)
	at org.apache.ratis.grpc.client.GrpcClientProtocolClient.groupAdd(GrpcClientProtocolClient.java:138)
	at org.apache.ratis.grpc.client.GrpcClientRpc.sendRequest(GrpcClientRpc.java:94)
	at org.apache.ratis.client.impl.RaftClientImpl.sendRequest(RaftClientImpl.java:279)
	at org.apache.ratis.client.impl.RaftClientImpl.groupAdd(RaftClientImpl.java:206)
	at org.apache.hadoop.hdds.scm.pipeline.RatisPipelineProvider.lambda$initializePipeline$4(RatisPipelineProvider.java:194)
	at org.apache.hadoop.hdds.scm.pipeline.RatisPipelineProvider.lambda$null$5(RatisPipelineProvider.java:231)
	at java.util.stream.ForEachOps$ForEachOp$OfRef.accept(ForEachOps.java:184)
	at java.util.ArrayList$ArrayListSpliterator.forEachRemaining(ArrayList.java:1382)
	at java.util.stream.AbstractPipeline.copyInto(AbstractPipeline.java:482)
	at java.util.stream.ForEachOps$ForEachTask.compute(ForEachOps.java:291)
	at java.util.concurrent.CountedCompleter.exec(CountedCompleter.java:731)
	at java.util.concurrent.ForkJoinTask.doExec(ForkJoinTask.java:289)
	at java.util.concurrent.ForkJoinPool$WorkQueue.runTask(ForkJoinPool.java:1056)
	at java.util.concurrent.ForkJoinPool.runWorker(ForkJoinPool.java:1692)
	at java.util.concurrent.ForkJoinWorkerThread.run(ForkJoinWorkerThread.java:157)
Caused by: org.apache.ratis.thirdparty.io.grpc.StatusRuntimeException: DEADLINE_EXCEEDED: deadline exceeded after 2999104524ns
	at org.apache.ratis.thirdparty.io.grpc.stub.ClientCalls.toStatusRuntimeException(ClientCalls.java:233)
	at org.apache.ratis.thirdparty.io.grpc.stub.ClientCalls.getUnchecked(ClientCalls.java:214)
	at org.apache.ratis.thirdparty.io.grpc.stub.ClientCalls.blockingUnaryCall(ClientCalls.java:139)
	at org.apache.ratis.proto.grpc.AdminProtocolServiceGrpc$AdminProtocolServiceBlockingStub.groupManagement(AdminProtocolServiceGrpc.java:274)
	at org.apache.ratis.grpc.client.GrpcClientProtocolClient.lambda$groupAdd$3(GrpcClientProtocolClient.java:140)
	at org.apache.ratis.grpc.client.GrpcClientProtocolClient.blockingCall(GrpcClientProtocolClient.java:167)
	... 15 more
2019-08-20 16:35:39,935 [IPC Server handler 0 on 43420] WARN  block.BlockManagerImpl (BlockManagerImpl.java:allocateBlock(192)) - Pipeline creation failed for type:RATIS factor:THREE. Retrying get pipelines call once.
org.apache.hadoop.io.MultipleIOException: 3 exceptions [java.io.IOException: Failed invoke Ratis rpc org.apache.hadoop.hdds.scm.pipeline.RatisPipelineProvider$$Lambda$170/1145593931@1b901d93 for 1cd99ed7-c0d2-41ff-a57e-f64a137aa790, java.io.IOException: Failed invoke Ratis rpc org.apache.hadoop.hdds.scm.pipeline.RatisPipelineProvider$$Lambda$170/1145593931@1b901d93 for c9d5e90e-0dec-4e85-b4e2-d29823632d06, java.io.IOException: Failed invoke Ratis rpc org.apache.hadoop.hdds.scm.pipeline.RatisPipelineProvider$$Lambda$170/1145593931@1b901d93 for 8556a57b-07a2-43a1-b9c0-1edf0a6afefc]
	at org.apache.hadoop.io.MultipleIOException.createIOException(MultipleIOException.java:53)
	at org.apache.hadoop.hdds.scm.pipeline.RatisPipelineProvider.callRatisRpc(RatisPipelineProvider.java:251)
	at org.apache.hadoop.hdds.scm.pipeline.RatisPipelineProvider.initializePipeline(RatisPipelineProvider.java:192)
	at org.apache.hadoop.hdds.scm.pipeline.RatisPipelineProvider.create(RatisPipelineProvider.java:161)
	at org.apache.hadoop.hdds.scm.pipeline.PipelineFactory.create(PipelineFactory.java:57)
	at org.apache.hadoop.hdds.scm.pipeline.SCMPipelineManager.createPipeline(SCMPipelineManager.java:149)
	at org.apache.hadoop.hdds.scm.block.BlockManagerImpl.allocateBlock(BlockManagerImpl.java:190)
	at org.apache.hadoop.hdds.scm.server.SCMBlockProtocolServer.allocateBlock(SCMBlockProtocolServer.java:175)
	at org.apache.hadoop.ozone.protocolPB.ScmBlockLocationProtocolServerSideTranslatorPB.allocateScmBlock(ScmBlockLocationProtocolServerSideTranslatorPB.java:153)
	at org.apache.hadoop.ozone.protocolPB.ScmBlockLocationProtocolServerSideTranslatorPB.send(ScmBlockLocationProtocolServerSideTranslatorPB.java:112)
	at org.apache.hadoop.hdds.protocol.proto.ScmBlockLocationProtocolProtos$ScmBlockLocationProtocolService$2.callBlockingMethod(ScmBlockLocationProtocolProtos.java:13157)
	at org.apache.hadoop.ipc.ProtobufRpcEngine$Server$ProtoBufRpcInvoker.call(ProtobufRpcEngine.java:524)
	at org.apache.hadoop.ipc.RPC$Server.call(RPC.java:1025)
	at org.apache.hadoop.ipc.Server$RpcCall.run(Server.java:876)
	at org.apache.hadoop.ipc.Server$RpcCall.run(Server.java:822)
	at java.security.AccessController.doPrivileged(Native Method)
	at javax.security.auth.Subject.doAs(Subject.java:422)
	at org.apache.hadoop.security.UserGroupInformation.doAs(UserGroupInformation.java:1730)
	at org.apache.hadoop.ipc.Server$Handler.run(Server.java:2682)
2019-08-20 16:35:39,936 [IPC Server handler 0 on 43420] INFO  block.BlockManagerImpl (BlockManagerImpl.java:allocateBlock(198)) - Could not find available pipeline of type:RATIS and factor:THREE even after retrying
2019-08-20 16:35:39,936 [IPC Server handler 0 on 43420] ERROR block.BlockManagerImpl (BlockManagerImpl.java:allocateBlock(222)) - Unable to allocate a block for the size: 4194304, type: RATIS, factor: THREE
2019-08-20 16:35:39,948 | INFO  | SCMAudit | user=jenkins1000 | ip=192.168.5.139 | op=SEND_HEARTBEAT {datanodeUUID=1cd99ed7-c0d2-41ff-a57e-f64a137aa790, command=[]} | ret=SUCCESS |  
2019-08-20 16:35:39,952 [grpc-default-executor-0] INFO  impl.RaftServerProxy (RaftServerProxy.java:addNew(89)) - 1cd99ed7-c0d2-41ff-a57e-f64a137aa790: addNew group-B22F019AFF59:[8556a57b-07a2-43a1-b9c0-1edf0a6afefc:192.168.5.139:40827, 1cd99ed7-c0d2-41ff-a57e-f64a137aa790:192.168.5.139:32924, c9d5e90e-0dec-4e85-b4e2-d29823632d06:192.168.5.139:43573] returns group-B22F019AFF59:java.util.concurrent.CompletableFuture@36b16039[Not completed]
2019-08-20 16:35:39,952 [grpc-default-executor-3] INFO  impl.RaftServerProxy (RaftServerProxy.java:addNew(89)) - 8556a57b-07a2-43a1-b9c0-1edf0a6afefc: addNew group-B22F019AFF59:[8556a57b-07a2-43a1-b9c0-1edf0a6afefc:192.168.5.139:40827, 1cd99ed7-c0d2-41ff-a57e-f64a137aa790:192.168.5.139:32924, c9d5e90e-0dec-4e85-b4e2-d29823632d06:192.168.5.139:43573] returns group-B22F019AFF59:java.util.concurrent.CompletableFuture@76175e70[Not completed]
2019-08-20 16:35:39,954 [grpc-default-executor-3] INFO  impl.RaftServerProxy (RaftServerProxy.java:addNew(89)) - c9d5e90e-0dec-4e85-b4e2-d29823632d06: addNew group-B22F019AFF59:[8556a57b-07a2-43a1-b9c0-1edf0a6afefc:192.168.5.139:40827, 1cd99ed7-c0d2-41ff-a57e-f64a137aa790:192.168.5.139:32924, c9d5e90e-0dec-4e85-b4e2-d29823632d06:192.168.5.139:43573] returns group-B22F019AFF59:java.util.concurrent.CompletableFuture@4eee57[Not completed]
 0.00% |█                                                                                                    |  0/1 Time: 0:00:172019-08-20 16:35:40,479 | INFO  | SCMAudit | user=jenkins1000 | ip=192.168.5.139 | op=SEND_HEARTBEAT {datanodeUUID=c9d5e90e-0dec-4e85-b4e2-d29823632d06, command=[]} | ret=SUCCESS |  
2019-08-20 16:35:40,585 [pool-27-thread-1] INFO  storage.RaftStorageDirectory (RaftStorageDirectory.java:tryLock(328)) - Lock on /workdir/hadoop-ozone/tools/target/test-dir/MiniOzoneClusterImpl-be136bf1-c7ac-4d2e-9665-41f2df98132f/datanode-0/data/ratis/029743d7-9626-4721-8a3d-06ef8327f6e7/in_use.lock acquired by nodename 27280@pr-hdds-1200-9hlr9-3148487106
2019-08-20 16:35:40,721 | INFO  | SCMAudit | user=jenkins1000 | ip=192.168.5.139 | op=SEND_HEARTBEAT {datanodeUUID=8556a57b-07a2-43a1-b9c0-1edf0a6afefc, command=[]} | ret=SUCCESS |  
2019-08-20 16:35:40,948 | INFO  | SCMAudit | user=jenkins1000 | ip=192.168.5.139 | op=SEND_HEARTBEAT {datanodeUUID=1cd99ed7-c0d2-41ff-a57e-f64a137aa790, command=[]} | ret=SUCCESS |  
 0.00% |█                                                                                                    |  0/1 Time: 0:00:182019-08-20 16:35:41,375 [pool-49-thread-1] INFO  storage.RaftStorageDirectory (RaftStorageDirectory.java:tryLock(328)) - Lock on /workdir/hadoop-ozone/tools/target/test-dir/MiniOzoneClusterImpl-be136bf1-c7ac-4d2e-9665-41f2df98132f/datanode-2/data/ratis/029743d7-9626-4721-8a3d-06ef8327f6e7/in_use.lock acquired by nodename 27280@pr-hdds-1200-9hlr9-3148487106
2019-08-20 16:35:41,375 [pool-38-thread-1] INFO  storage.RaftStorageDirectory (RaftStorageDirectory.java:tryLock(328)) - Lock on /workdir/hadoop-ozone/tools/target/test-dir/MiniOzoneClusterImpl-be136bf1-c7ac-4d2e-9665-41f2df98132f/datanode-1/data/ratis/029743d7-9626-4721-8a3d-06ef8327f6e7/in_use.lock acquired by nodename 27280@pr-hdds-1200-9hlr9-3148487106
2019-08-20 16:35:41,389 [c9d5e90e-0dec-4e85-b4e2-d29823632d06:group-6871122BCC81:LeaderElection3] INFO  impl.LeaderElection (LeaderElection.java:askForVotes(181)) - c9d5e90e-0dec-4e85-b4e2-d29823632d06:group-6871122BCC81:LeaderElection3: begin an election at term 1 for -1: [c9d5e90e-0dec-4e85-b4e2-d29823632d06:192.168.5.139:43573], old=null
2019-08-20 16:35:41,389 [8556a57b-07a2-43a1-b9c0-1edf0a6afefc:group-016D7F0C51D5:LeaderElection4] INFO  impl.LeaderElection (LeaderElection.java:askForVotes(181)) - 8556a57b-07a2-43a1-b9c0-1edf0a6afefc:group-016D7F0C51D5:LeaderElection4: begin an election at term 2 for -1: [8556a57b-07a2-43a1-b9c0-1edf0a6afefc:192.168.5.139:40827, 1cd99ed7-c0d2-41ff-a57e-f64a137aa790:192.168.5.139:32924, c9d5e90e-0dec-4e85-b4e2-d29823632d06:192.168.5.139:43573], old=null
2019-08-20 16:35:41,389 [c9d5e90e-0dec-4e85-b4e2-d29823632d06:group-016D7F0C51D5:LeaderElection6] INFO  impl.LeaderElection (LeaderElection.java:askForVotes(181)) - c9d5e90e-0dec-4e85-b4e2-d29823632d06:group-016D7F0C51D5:LeaderElection6: begin an election at term 1 for -1: [8556a57b-07a2-43a1-b9c0-1edf0a6afefc:192.168.5.139:40827, 1cd99ed7-c0d2-41ff-a57e-f64a137aa790:192.168.5.139:32924, c9d5e90e-0dec-4e85-b4e2-d29823632d06:192.168.5.139:43573], old=null
2019-08-20 16:35:41,389 [1cd99ed7-c0d2-41ff-a57e-f64a137aa790:group-016D7F0C51D5:LeaderElection5] INFO  impl.LeaderElection (LeaderElection.java:askForVotes(181)) - 1cd99ed7-c0d2-41ff-a57e-f64a137aa790:group-016D7F0C51D5:LeaderElection5: begin an election at term 2 for -1: [8556a57b-07a2-43a1-b9c0-1edf0a6afefc:192.168.5.139:40827, 1cd99ed7-c0d2-41ff-a57e-f64a137aa790:192.168.5.139:32924, c9d5e90e-0dec-4e85-b4e2-d29823632d06:192.168.5.139:43573], old=null
2019-08-20 16:35:41,390 [c9d5e90e-0dec-4e85-b4e2-d29823632d06:group-6871122BCC81:LeaderElection3] INFO  impl.RoleInfo (RoleInfo.java:shutdownLeaderElection(134)) - c9d5e90e-0dec-4e85-b4e2-d29823632d06: shutdown LeaderElection
2019-08-20 16:35:41,390 [c9d5e90e-0dec-4e85-b4e2-d29823632d06:group-6871122BCC81:LeaderElection3] INFO  impl.RaftServerImpl (RaftServerImpl.java:setRole(171)) - c9d5e90e-0dec-4e85-b4e2-d29823632d06:group-6871122BCC81 changes role from CANDIDATE to LEADER at term 1 for changeToLeader
2019-08-20 16:35:41,390 [c9d5e90e-0dec-4e85-b4e2-d29823632d06:group-6871122BCC81:LeaderElection3] INFO  impl.RaftServerImpl (ServerState.java:setLeader(263)) - c9d5e90e-0dec-4e85-b4e2-d29823632d06:group-6871122BCC81 change Leader from null to c9d5e90e-0dec-4e85-b4e2-d29823632d06 at term 1 for becomeLeader, leader elected after 15960ms
2019-08-20 16:35:41,403 [grpc-default-executor-3] INFO  impl.RaftServerImpl (RaftServerImpl.java:setRole(171)) - c9d5e90e-0dec-4e85-b4e2-d29823632d06:group-016D7F0C51D5 changes role from CANDIDATE to FOLLOWER at term 2 for recognizeCandidate:1cd99ed7-c0d2-41ff-a57e-f64a137aa790
2019-08-20 16:35:41,404 [grpc-default-executor-3] INFO  impl.RoleInfo (RoleInfo.java:shutdownLeaderElection(134)) - c9d5e90e-0dec-4e85-b4e2-d29823632d06: shutdown LeaderElection
2019-08-20 16:35:41,404 [c9d5e90e-0dec-4e85-b4e2-d29823632d06:group-6871122BCC81:LeaderElection3] INFO  server.RaftServerConfigKeys (ConfUtils.java:logGet(43)) - raft.server.staging.catchup.gap = 1000 (default)
2019-08-20 16:35:41,404 [grpc-default-executor-3] INFO  impl.RoleInfo (RoleInfo.java:updateAndGet(143)) - c9d5e90e-0dec-4e85-b4e2-d29823632d06: start FollowerState
2019-08-20 16:35:41,404 [c9d5e90e-0dec-4e85-b4e2-d29823632d06:group-6871122BCC81:LeaderElection3] INFO  server.RaftServerConfigKeys (ConfUtils.java:logGet(43)) - raft.server.rpc.sleep.time = 25ms (default)
2019-08-20 16:35:41,409 [c9d5e90e-0dec-4e85-b4e2-d29823632d06:group-6871122BCC81:LeaderElection3] INFO  server.RaftServerConfigKeys (ConfUtils.java:logGet(43)) - raft.server.write.element-limit = 4096 (default)
2019-08-20 16:35:41,417 [c9d5e90e-0dec-4e85-b4e2-d29823632d06:group-016D7F0C51D5:LeaderElection6] INFO  impl.LeaderElection (LeaderElection.java:logAndReturn(56)) - c9d5e90e-0dec-4e85-b4e2-d29823632d06:group-016D7F0C51D5:LeaderElection6: Election DISCOVERED_A_NEW_TERM; received 1 response(s) [c9d5e90e-0dec-4e85-b4e2-d29823632d06<-8556a57b-07a2-43a1-b9c0-1edf0a6afefc#0:FAIL-t2] and 0 exception(s); c9d5e90e-0dec-4e85-b4e2-d29823632d06:t2, leader=null, voted=null, raftlog=c9d5e90e-0dec-4e85-b4e2-d29823632d06-SegmentedRaftLog:OPENED:c-1,f-1,i0, conf=-1: [8556a57b-07a2-43a1-b9c0-1edf0a6afefc:192.168.5.139:40827, 1cd99ed7-c0d2-41ff-a57e-f64a137aa790:192.168.5.139:32924, c9d5e90e-0dec-4e85-b4e2-d29823632d06:192.168.5.139:43573], old=null
2019-08-20 16:35:41,417 [c9d5e90e-0dec-4e85-b4e2-d29823632d06:group-6871122BCC81:LeaderElection3] INFO  server.RaftServerConfigKeys (ConfUtils.java:logGet(43)) - raft.server.watch.timeout = 10s (default)
2019-08-20 16:35:41,418 [c9d5e90e-0dec-4e85-b4e2-d29823632d06:group-6871122BCC81:LeaderElection3] INFO  server.RaftServerConfigKeys (ConfUtils.java:logGet(43)) - raft.server.watch.timeout.denomination = 1s (default)
2019-08-20 16:35:41,429 [c9d5e90e-0dec-4e85-b4e2-d29823632d06:group-6871122BCC81:LeaderElection3] INFO  server.RaftServerConfigKeys (ConfUtils.java:logGet(43)) - raft.server.watch.element-limit = 65536 (default)
2019-08-20 16:35:41,441 [c9d5e90e-0dec-4e85-b4e2-d29823632d06:group-6871122BCC81:LeaderElection3] INFO  impl.RoleInfo (RoleInfo.java:updateAndGet(143)) - c9d5e90e-0dec-4e85-b4e2-d29823632d06: start LeaderState
2019-08-20 16:35:41,459 [c9d5e90e-0dec-4e85-b4e2-d29823632d06:group-6871122BCC81:LeaderElection3] INFO  segmented.SegmentedRaftLogWorker (SegmentedRaftLogWorker.java:startLogSegment(380)) - c9d5e90e-0dec-4e85-b4e2-d29823632d06-SegmentedRaftLogWorker:Storage Directory /workdir/hadoop-ozone/tools/target/test-dir/MiniOzoneClusterImpl-be136bf1-c7ac-4d2e-9665-41f2df98132f/datanode-0/data/ratis/fde22cc2-46c8-4812-b46f-6871122bcc81: Starting segment from index:0
2019-08-20 16:35:41,468 [c9d5e90e-0dec-4e85-b4e2-d29823632d06:group-6871122BCC81:LeaderElection3] INFO  impl.RaftServerImpl (ServerState.java:setRaftConf(361)) - c9d5e90e-0dec-4e85-b4e2-d29823632d06:group-6871122BCC81 set configuration 0: [c9d5e90e-0dec-4e85-b4e2-d29823632d06:192.168.5.139:43573], old=null at 0
2019-08-20 16:35:41,479 | INFO  | SCMAudit | user=jenkins1000 | ip=192.168.5.139 | op=SEND_HEARTBEAT {datanodeUUID=c9d5e90e-0dec-4e85-b4e2-d29823632d06, command=[]} | ret=SUCCESS |  
2019-08-20 16:35:41,721 | INFO  | SCMAudit | user=jenkins1000 | ip=192.168.5.139 | op=SEND_HEARTBEAT {datanodeUUID=8556a57b-07a2-43a1-b9c0-1edf0a6afefc, command=[]} | ret=SUCCESS |  
2019-08-20 16:35:41,948 | INFO  | SCMAudit | user=jenkins1000 | ip=192.168.5.139 | op=SEND_HEARTBEAT {datanodeUUID=1cd99ed7-c0d2-41ff-a57e-f64a137aa790, command=[]} | ret=SUCCESS |  
 0.00% |█                                                                                                    |  0/1 Time: 0:00:192019-08-20 16:35:42,478 | INFO  | SCMAudit | user=jenkins1000 | ip=192.168.5.139 | op=SEND_HEARTBEAT {datanodeUUID=c9d5e90e-0dec-4e85-b4e2-d29823632d06, command=[]} | ret=SUCCESS |  
2019-08-20 16:35:42,721 | INFO  | SCMAudit | user=jenkins1000 | ip=192.168.5.139 | op=SEND_HEARTBEAT {datanodeUUID=8556a57b-07a2-43a1-b9c0-1edf0a6afefc, command=[]} | ret=SUCCESS |  
2019-08-20 16:35:42,943 [RATISCREATEPIPELINE3] ERROR pipeline.RatisPipelineProvider (RatisPipelineProvider.java:lambda$null$5(235)) - Failed invoke Ratis rpc org.apache.hadoop.hdds.scm.pipeline.RatisPipelineProvider$$Lambda$170/1145593931@7fe8115 for 8556a57b-07a2-43a1-b9c0-1edf0a6afefc
org.apache.ratis.protocol.TimeoutIOException: deadline exceeded after 2995032898ns
	at org.apache.ratis.grpc.GrpcUtil.tryUnwrapException(GrpcUtil.java:82)
	at org.apache.ratis.grpc.GrpcUtil.unwrapException(GrpcUtil.java:75)
	at org.apache.ratis.grpc.client.GrpcClientProtocolClient.blockingCall(GrpcClientProtocolClient.java:169)
	at org.apache.ratis.grpc.client.GrpcClientProtocolClient.groupAdd(GrpcClientProtocolClient.java:138)
	at org.apache.ratis.grpc.client.GrpcClientRpc.sendRequest(GrpcClientRpc.java:94)
	at org.apache.ratis.client.impl.RaftClientImpl.sendRequest(RaftClientImpl.java:279)
	at org.apache.ratis.client.impl.RaftClientImpl.groupAdd(RaftClientImpl.java:206)
	at org.apache.hadoop.hdds.scm.pipeline.RatisPipelineProvider.lambda$initializePipeline$4(RatisPipelineProvider.java:194)
	at org.apache.hadoop.hdds.scm.pipeline.RatisPipelineProvider.lambda$null$5(RatisPipelineProvider.java:231)
	at java.util.stream.ForEachOps$ForEachOp$OfRef.accept(ForEachOps.java:184)
	at java.util.ArrayList$ArrayListSpliterator.forEachRemaining(ArrayList.java:1382)
	at java.util.stream.AbstractPipeline.copyInto(AbstractPipeline.java:482)
	at java.util.stream.ForEachOps$ForEachTask.compute(ForEachOps.java:291)
	at java.util.concurrent.CountedCompleter.exec(CountedCompleter.java:731)
	at java.util.concurrent.ForkJoinTask.doExec(ForkJoinTask.java:289)
	at java.util.concurrent.ForkJoinPool$WorkQueue.runTask(ForkJoinPool.java:1056)
	at java.util.concurrent.ForkJoinPool.runWorker(ForkJoinPool.java:1692)
	at java.util.concurrent.ForkJoinWorkerThread.run(ForkJoinWorkerThread.java:157)
Caused by: org.apache.ratis.thirdparty.io.grpc.StatusRuntimeException: DEADLINE_EXCEEDED: deadline exceeded after 2995032898ns
	at org.apache.ratis.thirdparty.io.grpc.stub.ClientCalls.toStatusRuntimeException(ClientCalls.java:233)
	at org.apache.ratis.thirdparty.io.grpc.stub.ClientCalls.getUnchecked(ClientCalls.java:214)
	at org.apache.ratis.thirdparty.io.grpc.stub.ClientCalls.blockingUnaryCall(ClientCalls.java:139)
	at org.apache.ratis.proto.grpc.AdminProtocolServiceGrpc$AdminProtocolServiceBlockingStub.groupManagement(AdminProtocolServiceGrpc.java:274)
	at org.apache.ratis.grpc.client.GrpcClientProtocolClient.lambda$groupAdd$3(GrpcClientProtocolClient.java:140)
	at org.apache.ratis.grpc.client.GrpcClientProtocolClient.blockingCall(GrpcClientProtocolClient.java:167)
	... 15 more
2019-08-20 16:35:42,946 [RATISCREATEPIPELINE1] ERROR pipeline.RatisPipelineProvider (RatisPipelineProvider.java:lambda$null$5(235)) - Failed invoke Ratis rpc org.apache.hadoop.hdds.scm.pipeline.RatisPipelineProvider$$Lambda$170/1145593931@7fe8115 for c9d5e90e-0dec-4e85-b4e2-d29823632d06
org.apache.ratis.protocol.TimeoutIOException: deadline exceeded after 2995951272ns
	at org.apache.ratis.grpc.GrpcUtil.tryUnwrapException(GrpcUtil.java:82)
	at org.apache.ratis.grpc.GrpcUtil.unwrapException(GrpcUtil.java:75)
	at org.apache.ratis.grpc.client.GrpcClientProtocolClient.blockingCall(GrpcClientProtocolClient.java:169)
	at org.apache.ratis.grpc.client.GrpcClientProtocolClient.groupAdd(GrpcClientProtocolClient.java:138)
	at org.apache.ratis.grpc.client.GrpcClientRpc.sendRequest(GrpcClientRpc.java:94)
	at org.apache.ratis.client.impl.RaftClientImpl.sendRequest(RaftClientImpl.java:279)
	at org.apache.ratis.client.impl.RaftClientImpl.groupAdd(RaftClientImpl.java:206)
	at org.apache.hadoop.hdds.scm.pipeline.RatisPipelineProvider.lambda$initializePipeline$4(RatisPipelineProvider.java:194)
	at org.apache.hadoop.hdds.scm.pipeline.RatisPipelineProvider.lambda$null$5(RatisPipelineProvider.java:231)
	at java.util.stream.ForEachOps$ForEachOp$OfRef.accept(ForEachOps.java:184)
	at java.util.ArrayList$ArrayListSpliterator.forEachRemaining(ArrayList.java:1382)
	at java.util.stream.AbstractPipeline.copyInto(AbstractPipeline.java:482)
	at java.util.stream.ForEachOps$ForEachTask.compute(ForEachOps.java:291)
	at java.util.concurrent.CountedCompleter.exec(CountedCompleter.java:731)
	at java.util.concurrent.ForkJoinTask.doExec(ForkJoinTask.java:289)
	at java.util.concurrent.ForkJoinTask.doInvoke(ForkJoinTask.java:401)
	at java.util.concurrent.ForkJoinTask.invoke(ForkJoinTask.java:734)
	at java.util.stream.ForEachOps$ForEachOp.evaluateParallel(ForEachOps.java:160)
	at java.util.stream.ForEachOps$ForEachOp$OfRef.evaluateParallel(ForEachOps.java:174)
	at java.util.stream.AbstractPipeline.evaluate(AbstractPipeline.java:233)
	at java.util.stream.ReferencePipeline.forEach(ReferencePipeline.java:418)
	at java.util.stream.ReferencePipeline$Head.forEach(ReferencePipeline.java:583)
	at org.apache.hadoop.hdds.scm.pipeline.RatisPipelineProvider.lambda$callRatisRpc$6(RatisPipelineProvider.java:225)
	at java.util.concurrent.ForkJoinTask$AdaptedRunnableAction.exec(ForkJoinTask.java:1386)
	at java.util.concurrent.ForkJoinTask.doExec(ForkJoinTask.java:289)
	at java.util.concurrent.ForkJoinPool$WorkQueue.runTask(ForkJoinPool.java:1056)
	at java.util.concurrent.ForkJoinPool.runWorker(ForkJoinPool.java:1692)
	at java.util.concurrent.ForkJoinWorkerThread.run(ForkJoinWorkerThread.java:157)
Caused by: org.apache.ratis.thirdparty.io.grpc.StatusRuntimeException: DEADLINE_EXCEEDED: deadline exceeded after 2995951272ns
	at org.apache.ratis.thirdparty.io.grpc.stub.ClientCalls.toStatusRuntimeException(ClientCalls.java:233)
	at org.apache.ratis.thirdparty.io.grpc.stub.ClientCalls.getUnchecked(ClientCalls.java:214)
	at org.apache.ratis.thirdparty.io.grpc.stub.ClientCalls.blockingUnaryCall(ClientCalls.java:139)
	at org.apache.ratis.proto.grpc.AdminProtocolServiceGrpc$AdminProtocolServiceBlockingStub.groupManagement(AdminProtocolServiceGrpc.java:274)
	at org.apache.ratis.grpc.client.GrpcClientProtocolClient.lambda$groupAdd$3(GrpcClientProtocolClient.java:140)
	at org.apache.ratis.grpc.client.GrpcClientProtocolClient.blockingCall(GrpcClientProtocolClient.java:167)
	... 25 more
2019-08-20 16:35:42,948 | INFO  | SCMAudit | user=jenkins1000 | ip=192.168.5.139 | op=SEND_HEARTBEAT {datanodeUUID=1cd99ed7-c0d2-41ff-a57e-f64a137aa790, command=[]} | ret=SUCCESS |  
2019-08-20 16:35:42,947 [RATISCREATEPIPELINE2] ERROR pipeline.RatisPipelineProvider (RatisPipelineProvider.java:lambda$null$5(235)) - Failed invoke Ratis rpc org.apache.hadoop.hdds.scm.pipeline.RatisPipelineProvider$$Lambda$170/1145593931@7fe8115 for 1cd99ed7-c0d2-41ff-a57e-f64a137aa790
org.apache.ratis.protocol.TimeoutIOException: deadline exceeded after 2995956819ns
	at org.apache.ratis.grpc.GrpcUtil.tryUnwrapException(GrpcUtil.java:82)
	at org.apache.ratis.grpc.GrpcUtil.unwrapException(GrpcUtil.java:75)
	at org.apache.ratis.grpc.client.GrpcClientProtocolClient.blockingCall(GrpcClientProtocolClient.java:169)
	at org.apache.ratis.grpc.client.GrpcClientProtocolClient.groupAdd(GrpcClientProtocolClient.java:138)
	at org.apache.ratis.grpc.client.GrpcClientRpc.sendRequest(GrpcClientRpc.java:94)
	at org.apache.ratis.client.impl.RaftClientImpl.sendRequest(RaftClientImpl.java:279)
	at org.apache.ratis.client.impl.RaftClientImpl.groupAdd(RaftClientImpl.java:206)
	at org.apache.hadoop.hdds.scm.pipeline.RatisPipelineProvider.lambda$initializePipeline$4(RatisPipelineProvider.java:194)
	at org.apache.hadoop.hdds.scm.pipeline.RatisPipelineProvider.lambda$null$5(RatisPipelineProvider.java:231)
	at java.util.stream.ForEachOps$ForEachOp$OfRef.accept(ForEachOps.java:184)
	at java.util.ArrayList$ArrayListSpliterator.forEachRemaining(ArrayList.java:1382)
	at java.util.stream.AbstractPipeline.copyInto(AbstractPipeline.java:482)
	at java.util.stream.ForEachOps$ForEachTask.compute(ForEachOps.java:291)
	at java.util.concurrent.CountedCompleter.exec(CountedCompleter.java:731)
	at java.util.concurrent.ForkJoinTask.doExec(ForkJoinTask.java:289)
	at java.util.concurrent.ForkJoinPool$WorkQueue.runTask(ForkJoinPool.java:1056)
	at java.util.concurrent.ForkJoinPool.runWorker(ForkJoinPool.java:1692)
	at java.util.concurrent.ForkJoinWorkerThread.run(ForkJoinWorkerThread.java:157)
Caused by: org.apache.ratis.thirdparty.io.grpc.StatusRuntimeException: DEADLINE_EXCEEDED: deadline exceeded after 2995956819ns
	at org.apache.ratis.thirdparty.io.grpc.stub.ClientCalls.toStatusRuntimeException(ClientCalls.java:233)
	at org.apache.ratis.thirdparty.io.grpc.stub.ClientCalls.getUnchecked(ClientCalls.java:214)
	at org.apache.ratis.thirdparty.io.grpc.stub.ClientCalls.blockingUnaryCall(ClientCalls.java:139)
	at org.apache.ratis.proto.grpc.AdminProtocolServiceGrpc$AdminProtocolServiceBlockingStub.groupManagement(AdminProtocolServiceGrpc.java:274)
	at org.apache.ratis.grpc.client.GrpcClientProtocolClient.lambda$groupAdd$3(GrpcClientProtocolClient.java:140)
	at org.apache.ratis.grpc.client.GrpcClientProtocolClient.blockingCall(GrpcClientProtocolClient.java:167)
	... 15 more
2019-08-20 16:35:42,949 [IPC Server handler 0 on 43420] WARN  block.BlockManagerImpl (BlockManagerImpl.java:allocateBlock(192)) - Pipeline creation failed for type:RATIS factor:THREE. Retrying get pipelines call once.
org.apache.hadoop.io.MultipleIOException: 3 exceptions [java.io.IOException: Failed invoke Ratis rpc org.apache.hadoop.hdds.scm.pipeline.RatisPipelineProvider$$Lambda$170/1145593931@7fe8115 for 8556a57b-07a2-43a1-b9c0-1edf0a6afefc, java.io.IOException: Failed invoke Ratis rpc org.apache.hadoop.hdds.scm.pipeline.RatisPipelineProvider$$Lambda$170/1145593931@7fe8115 for c9d5e90e-0dec-4e85-b4e2-d29823632d06, java.io.IOException: Failed invoke Ratis rpc org.apache.hadoop.hdds.scm.pipeline.RatisPipelineProvider$$Lambda$170/1145593931@7fe8115 for 1cd99ed7-c0d2-41ff-a57e-f64a137aa790]
	at org.apache.hadoop.io.MultipleIOException.createIOException(MultipleIOException.java:53)
	at org.apache.hadoop.hdds.scm.pipeline.RatisPipelineProvider.callRatisRpc(RatisPipelineProvider.java:251)
	at org.apache.hadoop.hdds.scm.pipeline.RatisPipelineProvider.initializePipeline(RatisPipelineProvider.java:192)
	at org.apache.hadoop.hdds.scm.pipeline.RatisPipelineProvider.create(RatisPipelineProvider.java:161)
	at org.apache.hadoop.hdds.scm.pipeline.PipelineFactory.create(PipelineFactory.java:57)
	at org.apache.hadoop.hdds.scm.pipeline.SCMPipelineManager.createPipeline(SCMPipelineManager.java:149)
	at org.apache.hadoop.hdds.scm.block.BlockManagerImpl.allocateBlock(BlockManagerImpl.java:190)
	at org.apache.hadoop.hdds.scm.server.SCMBlockProtocolServer.allocateBlock(SCMBlockProtocolServer.java:175)
	at org.apache.hadoop.ozone.protocolPB.ScmBlockLocationProtocolServerSideTranslatorPB.allocateScmBlock(ScmBlockLocationProtocolServerSideTranslatorPB.java:153)
	at org.apache.hadoop.ozone.protocolPB.ScmBlockLocationProtocolServerSideTranslatorPB.send(ScmBlockLocationProtocolServerSideTranslatorPB.java:112)
	at org.apache.hadoop.hdds.protocol.proto.ScmBlockLocationProtocolProtos$ScmBlockLocationProtocolService$2.callBlockingMethod(ScmBlockLocationProtocolProtos.java:13157)
	at org.apache.hadoop.ipc.ProtobufRpcEngine$Server$ProtoBufRpcInvoker.call(ProtobufRpcEngine.java:524)
	at org.apache.hadoop.ipc.RPC$Server.call(RPC.java:1025)
	at org.apache.hadoop.ipc.Server$RpcCall.run(Server.java:876)
	at org.apache.hadoop.ipc.Server$RpcCall.run(Server.java:822)
	at java.security.AccessController.doPrivileged(Native Method)
	at javax.security.auth.Subject.doAs(Subject.java:422)
	at org.apache.hadoop.security.UserGroupInformation.doAs(UserGroupInformation.java:1730)
	at org.apache.hadoop.ipc.Server$Handler.run(Server.java:2682)
2019-08-20 16:35:42,950 [IPC Server handler 0 on 43420] INFO  block.BlockManagerImpl (BlockManagerImpl.java:allocateBlock(198)) - Could not find available pipeline of type:RATIS and factor:THREE even after retrying
2019-08-20 16:35:42,951 [IPC Server handler 0 on 43420] ERROR block.BlockManagerImpl (BlockManagerImpl.java:allocateBlock(222)) - Unable to allocate a block for the size: 4194304, type: RATIS, factor: THREE
2019-08-20 16:35:42,963 [grpc-default-executor-1] INFO  impl.RaftServerProxy (RaftServerProxy.java:addNew(89)) - 1cd99ed7-c0d2-41ff-a57e-f64a137aa790: addNew group-5305C75B78C4:[8556a57b-07a2-43a1-b9c0-1edf0a6afefc:192.168.5.139:40827, 1cd99ed7-c0d2-41ff-a57e-f64a137aa790:192.168.5.139:32924, c9d5e90e-0dec-4e85-b4e2-d29823632d06:192.168.5.139:43573] returns group-5305C75B78C4:java.util.concurrent.CompletableFuture@14d87c31[Not completed]
2019-08-20 16:35:42,963 [grpc-default-executor-4] INFO  impl.RaftServerProxy (RaftServerProxy.java:addNew(89)) - 8556a57b-07a2-43a1-b9c0-1edf0a6afefc: addNew group-5305C75B78C4:[8556a57b-07a2-43a1-b9c0-1edf0a6afefc:192.168.5.139:40827, 1cd99ed7-c0d2-41ff-a57e-f64a137aa790:192.168.5.139:32924, c9d5e90e-0dec-4e85-b4e2-d29823632d06:192.168.5.139:43573] returns group-5305C75B78C4:java.util.concurrent.CompletableFuture@2da87d75[Not completed]
2019-08-20 16:35:42,963 [grpc-default-executor-2] INFO  impl.RaftServerProxy (RaftServerProxy.java:addNew(89)) - c9d5e90e-0dec-4e85-b4e2-d29823632d06: addNew group-5305C75B78C4:[8556a57b-07a2-43a1-b9c0-1edf0a6afefc:192.168.5.139:40827, 1cd99ed7-c0d2-41ff-a57e-f64a137aa790:192.168.5.139:32924, c9d5e90e-0dec-4e85-b4e2-d29823632d06:192.168.5.139:43573] returns group-5305C75B78C4:java.util.concurrent.CompletableFuture@46d3ef36[Not completed]
 0.00% |█                                                                                                    |  0/1 Time: 0:00:202019-08-20 16:35:43,479 | INFO  | SCMAudit | user=jenkins1000 | ip=192.168.5.139 | op=SEND_HEARTBEAT {datanodeUUID=c9d5e90e-0dec-4e85-b4e2-d29823632d06, command=[]} | ret=SUCCESS |  
2019-08-20 16:35:43,721 | INFO  | SCMAudit | user=jenkins1000 | ip=192.168.5.139 | op=SEND_HEARTBEAT {datanodeUUID=8556a57b-07a2-43a1-b9c0-1edf0a6afefc, command=[]} | ret=SUCCESS |  
2019-08-20 16:35:43,948 | INFO  | SCMAudit | user=jenkins1000 | ip=192.168.5.139 | op=SEND_HEARTBEAT {datanodeUUID=1cd99ed7-c0d2-41ff-a57e-f64a137aa790, command=[]} | ret=SUCCESS |  
2019-08-20 16:35:44,057 [pool-27-thread-1] INFO  storage.RaftStorage (RaftStorage.java:format(72)) - Storage directory /workdir/hadoop-ozone/tools/target/test-dir/MiniOzoneClusterImpl-be136bf1-c7ac-4d2e-9665-41f2df98132f/datanode-0/data/ratis/029743d7-9626-4721-8a3d-06ef8327f6e7 has been successfully formatted.
2019-08-20 16:35:44,058 [pool-27-thread-1] INFO  ratis.ContainerStateMachine (ContainerStateMachine.java:loadSnapshot(222)) - group-06EF8327F6E7: The snapshot info is null. Setting the last applied indexto:(t:0, i:~)
2019-08-20 16:35:44,058 [pool-27-thread-1] INFO  server.RaftServerConfigKeys (ConfUtils.java:logGet(43)) - raft.server.leader.election.timeout = 120s (custom)
2019-08-20 16:35:44,058 [pool-27-thread-1] INFO  server.RaftServerConfigKeys (ConfUtils.java:logGet(43)) - raft.server.log.use.memory = false (default)
2019-08-20 16:35:44,058 [pool-27-thread-1] INFO  server.RaftServerConfigKeys (ConfUtils.java:logGet(43)) - raft.server.log.purge.gap = 1000000 (custom)
2019-08-20 16:35:44,059 [pool-27-thread-1] INFO  server.RaftServerConfigKeys (ConfUtils.java:logGet(43)) - raft.server.log.appender.buffer.byte-limit = 33554432 (custom)
2019-08-20 16:35:44,059 [pool-27-thread-1] INFO  server.RaftServerConfigKeys (ConfUtils.java:logGet(43)) - raft.server.log.segment.size.max = 1048576 (custom)
2019-08-20 16:35:44,059 [pool-27-thread-1] INFO  server.RaftServerConfigKeys (ConfUtils.java:logGet(43)) - raft.server.log.segment.cache.num.max = 2 (custom)
2019-08-20 16:35:44,059 [pool-27-thread-1] INFO  segmented.SegmentedRaftLogWorker (SegmentedRaftLogWorker.java:<init>(172)) - new c9d5e90e-0dec-4e85-b4e2-d29823632d06-SegmentedRaftLogWorker:Storage Directory /workdir/hadoop-ozone/tools/target/test-dir/MiniOzoneClusterImpl-be136bf1-c7ac-4d2e-9665-41f2df98132f/datanode-0/data/ratis/029743d7-9626-4721-8a3d-06ef8327f6e7 for RaftStorage:Storage Directory /workdir/hadoop-ozone/tools/target/test-dir/MiniOzoneClusterImpl-be136bf1-c7ac-4d2e-9665-41f2df98132f/datanode-0/data/ratis/029743d7-9626-4721-8a3d-06ef8327f6e7
2019-08-20 16:35:44,059 [pool-27-thread-1] INFO  server.RaftServerConfigKeys (ConfUtils.java:logGet(43)) - raft.server.log.queue.byte-limit = 2147483647 (custom)
2019-08-20 16:35:44,059 [pool-27-thread-1] INFO  server.RaftServerConfigKeys (ConfUtils.java:logGet(43)) - raft.server.log.queue.element-limit = 1024 (custom)
2019-08-20 16:35:44,060 [pool-27-thread-1] INFO  server.RaftServerConfigKeys (ConfUtils.java:logGet(43)) - raft.server.log.segment.size.max = 1048576 (custom)
2019-08-20 16:35:44,060 [pool-27-thread-1] INFO  server.RaftServerConfigKeys (ConfUtils.java:logGet(43)) - raft.server.log.preallocated.size = 16384 (custom)
2019-08-20 16:35:44,060 [pool-27-thread-1] INFO  server.RaftServerConfigKeys (ConfUtils.java:logGet(43)) - raft.server.log.write.buffer.size = 33554432 (custom)
2019-08-20 16:35:44,060 [pool-27-thread-1] INFO  server.RaftServerConfigKeys (ConfUtils.java:logGet(43)) - raft.server.log.force.sync.num = 128 (default)
2019-08-20 16:35:44,060 [pool-27-thread-1] INFO  server.RaftServerConfigKeys (ConfUtils.java:logGet(43)) - raft.server.log.statemachine.data.sync = true (default)
2019-08-20 16:35:44,060 [pool-27-thread-1] INFO  server.RaftServerConfigKeys (ConfUtils.java:logGet(43)) - raft.server.log.statemachine.data.sync.timeout = 10s (default)
2019-08-20 16:35:44,060 [pool-27-thread-1] INFO  server.RaftServerConfigKeys (ConfUtils.java:logGet(43)) - raft.server.log.statemachine.data.sync.timeout.retry = -1 (default)
2019-08-20 16:35:44,061 [pool-27-thread-1] INFO  server.RaftServerConfigKeys (ConfUtils.java:logGet(43)) - raft.server.log.statemachine.data.caching.enabled = true (custom)
2019-08-20 16:35:44,061 [pool-27-thread-1] INFO  segmented.SegmentedRaftLogWorker (SegmentedRaftLogWorker.java:lambda$new$0(132)) - c9d5e90e-0dec-4e85-b4e2-d29823632d06-SegmentedRaftLogWorker:Storage Directory /workdir/hadoop-ozone/tools/target/test-dir/MiniOzoneClusterImpl-be136bf1-c7ac-4d2e-9665-41f2df98132f/datanode-0/data/ratis/029743d7-9626-4721-8a3d-06ef8327f6e7: flushIndex: setUnconditionally 0 -> -1
2019-08-20 16:35:44,061 [pool-27-thread-1] INFO  server.RaftServerConfigKeys (ConfUtils.java:logGet(43)) - raft.server.snapshot.auto.trigger.enabled = true (custom)
2019-08-20 16:35:44,061 [pool-27-thread-1] INFO  server.RaftServerConfigKeys (ConfUtils.java:logGet(43)) - raft.server.snapshot.auto.trigger.threshold = 10000 (custom)
2019-08-20 16:35:44,062 [pool-27-thread-1] INFO  server.RaftServerConfigKeys (ConfUtils.java:logGet(43)) - raft.server.retrycache.expirytime = 600000ms (custom)
2019-08-20 16:35:44,062 [pool-27-thread-1] INFO  impl.RaftServerImpl (RaftServerImpl.java:start(180)) - c9d5e90e-0dec-4e85-b4e2-d29823632d06: start group-A0D24D3534FF
2019-08-20 16:35:44,062 [pool-27-thread-1] INFO  impl.RaftServerImpl (RaftServerImpl.java:setRole(171)) - c9d5e90e-0dec-4e85-b4e2-d29823632d06:group-A0D24D3534FF changes role from null to FOLLOWER at term 0 for startAsFollower
2019-08-20 16:35:44,062 [pool-27-thread-1] INFO  impl.RoleInfo (RoleInfo.java:updateAndGet(143)) - c9d5e90e-0dec-4e85-b4e2-d29823632d06: start FollowerState
2019-08-20 16:35:44,063 [pool-27-thread-1] INFO  util.JmxRegister (JmxRegister.java:tryRegister(44)) - Successfully registered JMX Bean with object name Ratis:service=RaftServer,group=group-A0D24D3534FF,id=c9d5e90e-0dec-4e85-b4e2-d29823632d06
2019-08-20 16:35:44,065 [pool-27-thread-1] INFO  impl.RaftServerImpl (RaftServerImpl.java:<init>(93)) - c9d5e90e-0dec-4e85-b4e2-d29823632d06: new RaftServerImpl for group-856DB2C06D82:[8556a57b-07a2-43a1-b9c0-1edf0a6afefc:192.168.5.139:40827, 1cd99ed7-c0d2-41ff-a57e-f64a137aa790:192.168.5.139:32924, c9d5e90e-0dec-4e85-b4e2-d29823632d06:192.168.5.139:43573] with ContainerStateMachine:uninitialized
2019-08-20 16:35:44,066 [pool-27-thread-1] INFO  server.RaftServerConfigKeys (ConfUtils.java:logGet(43)) - raft.server.rpc.timeout.min = 5s (custom)
2019-08-20 16:35:44,066 [pool-27-thread-1] INFO  server.RaftServerConfigKeys (ConfUtils.java:logGet(43)) - raft.server.rpc.timeout.max = 5200ms (custom)
2019-08-20 16:35:44,066 [pool-27-thread-1] INFO  server.RaftServerConfigKeys (ConfUtils.java:logGet(43)) - raft.server.rpcslowness.timeout = 120s (custom)
2019-08-20 16:35:44,066 [pool-27-thread-1] INFO  server.RaftServerConfigKeys (ConfUtils.java:logGet(43)) - raft.server.sleep.deviation.threshold = 300 (default)
2019-08-20 16:35:44,066 [pool-27-thread-1] INFO  server.RaftServerConfigKeys (ConfUtils.java:logGet(43)) - raft.server.log.appender.install.snapshot.enabled = false (custom)
2019-08-20 16:35:44,066 [pool-27-thread-1] INFO  impl.RaftServerImpl (ServerState.java:<init>(105)) - c9d5e90e-0dec-4e85-b4e2-d29823632d06:group-856DB2C06D82 ConfigurationManager, init=-1: [8556a57b-07a2-43a1-b9c0-1edf0a6afefc:192.168.5.139:40827, 1cd99ed7-c0d2-41ff-a57e-f64a137aa790:192.168.5.139:32924, c9d5e90e-0dec-4e85-b4e2-d29823632d06:192.168.5.139:43573], old=null, confs=<EMPTY_MAP>
2019-08-20 16:35:44,066 [pool-27-thread-1] INFO  server.RaftServerConfigKeys (ConfUtils.java:logGet(43)) - raft.server.storage.dir = [/workdir/hadoop-ozone/tools/target/test-dir/MiniOzoneClusterImpl-be136bf1-c7ac-4d2e-9665-41f2df98132f/datanode-0/data/ratis] (custom)
2019-08-20 16:35:44,250 [pool-27-thread-1] INFO  storage.RaftStorageDirectory (RaftStorageDirectory.java:analyzeStorage(246)) - The storage directory /workdir/hadoop-ozone/tools/target/test-dir/MiniOzoneClusterImpl-be136bf1-c7ac-4d2e-9665-41f2df98132f/datanode-0/data/ratis/809c481f-fe15-4f84-90a9-856db2c06d82 does not exist. Creating ...
 0.00% |█                                                                                                    |  0/1 Time: 0:00:212019-08-20 16:35:44,395 [1cd99ed7-c0d2-41ff-a57e-f64a137aa790:group-016D7F0C51D5:LeaderElection5] INFO  impl.LeaderElection (LogUtils.java:infoOrTrace(149)) - 1cd99ed7-c0d2-41ff-a57e-f64a137aa790:group-016D7F0C51D5:LeaderElection5 got exception when requesting votes: {}
java.util.concurrent.ExecutionException: org.apache.ratis.thirdparty.io.grpc.StatusRuntimeException: DEADLINE_EXCEEDED: deadline exceeded after 2999720974ns
	at java.util.concurrent.FutureTask.report(FutureTask.java:122)
	at java.util.concurrent.FutureTask.get(FutureTask.java:192)
	at org.apache.ratis.server.impl.LeaderElection.waitForResults(LeaderElection.java:262)
	at org.apache.ratis.server.impl.LeaderElection.askForVotes(LeaderElection.java:200)
	at org.apache.ratis.server.impl.LeaderElection.run(LeaderElection.java:130)
	at java.lang.Thread.run(Thread.java:748)
Caused by: org.apache.ratis.thirdparty.io.grpc.StatusRuntimeException: DEADLINE_EXCEEDED: deadline exceeded after 2999720974ns
	at org.apache.ratis.thirdparty.io.grpc.stub.ClientCalls.toStatusRuntimeException(ClientCalls.java:233)
	at org.apache.ratis.thirdparty.io.grpc.stub.ClientCalls.getUnchecked(ClientCalls.java:214)
	at org.apache.ratis.thirdparty.io.grpc.stub.ClientCalls.blockingUnaryCall(ClientCalls.java:139)
	at org.apache.ratis.proto.grpc.RaftServerProtocolServiceGrpc$RaftServerProtocolServiceBlockingStub.requestVote(RaftServerProtocolServiceGrpc.java:265)
	at org.apache.ratis.grpc.server.GrpcServerProtocolClient.requestVote(GrpcServerProtocolClient.java:83)
	at org.apache.ratis.grpc.server.GrpcService.requestVote(GrpcService.java:195)
	at org.apache.ratis.server.impl.LeaderElection.lambda$submitRequests$1(LeaderElection.java:237)
	at java.util.concurrent.FutureTask.run(FutureTask.java:266)
	at java.util.concurrent.Executors$RunnableAdapter.call(Executors.java:511)
	at java.util.concurrent.FutureTask.run(FutureTask.java:266)
	at java.util.concurrent.ThreadPoolExecutor.runWorker(ThreadPoolExecutor.java:1149)
	at java.util.concurrent.ThreadPoolExecutor$Worker.run(ThreadPoolExecutor.java:624)
	... 1 more
2019-08-20 16:35:44,395 [8556a57b-07a2-43a1-b9c0-1edf0a6afefc:group-016D7F0C51D5:LeaderElection4] INFO  impl.LeaderElection (LogUtils.java:infoOrTrace(149)) - 8556a57b-07a2-43a1-b9c0-1edf0a6afefc:group-016D7F0C51D5:LeaderElection4 got exception when requesting votes: {}
java.util.concurrent.ExecutionException: org.apache.ratis.thirdparty.io.grpc.StatusRuntimeException: DEADLINE_EXCEEDED: deadline exceeded after 2999713974ns
	at java.util.concurrent.FutureTask.report(FutureTask.java:122)
	at java.util.concurrent.FutureTask.get(FutureTask.java:192)
	at org.apache.ratis.server.impl.LeaderElection.waitForResults(LeaderElection.java:262)
	at org.apache.ratis.server.impl.LeaderElection.askForVotes(LeaderElection.java:200)
	at org.apache.ratis.server.impl.LeaderElection.run(LeaderElection.java:130)
	at java.lang.Thread.run(Thread.java:748)
Caused by: org.apache.ratis.thirdparty.io.grpc.StatusRuntimeException: DEADLINE_EXCEEDED: deadline exceeded after 2999713974ns
	at org.apache.ratis.thirdparty.io.grpc.stub.ClientCalls.toStatusRuntimeException(ClientCalls.java:233)
	at org.apache.ratis.thirdparty.io.grpc.stub.ClientCalls.getUnchecked(ClientCalls.java:214)
	at org.apache.ratis.thirdparty.io.grpc.stub.ClientCalls.blockingUnaryCall(ClientCalls.java:139)
	at org.apache.ratis.proto.grpc.RaftServerProtocolServiceGrpc$RaftServerProtocolServiceBlockingStub.requestVote(RaftServerProtocolServiceGrpc.java:265)
	at org.apache.ratis.grpc.server.GrpcServerProtocolClient.requestVote(GrpcServerProtocolClient.java:83)
	at org.apache.ratis.grpc.server.GrpcService.requestVote(GrpcService.java:195)
	at org.apache.ratis.server.impl.LeaderElection.lambda$submitRequests$1(LeaderElection.java:237)
	at java.util.concurrent.FutureTask.run(FutureTask.java:266)
	at java.util.concurrent.Executors$RunnableAdapter.call(Executors.java:511)
	at java.util.concurrent.FutureTask.run(FutureTask.java:266)
	at java.util.concurrent.ThreadPoolExecutor.runWorker(ThreadPoolExecutor.java:1149)
	at java.util.concurrent.ThreadPoolExecutor$Worker.run(ThreadPoolExecutor.java:624)
	... 1 more
2019-08-20 16:35:44,402 [1cd99ed7-c0d2-41ff-a57e-f64a137aa790:group-016D7F0C51D5:LeaderElection5] INFO  impl.LeaderElection (LeaderElection.java:logAndReturn(56)) - 1cd99ed7-c0d2-41ff-a57e-f64a137aa790:group-016D7F0C51D5:LeaderElection5: Election REJECTED; received 1 response(s) [1cd99ed7-c0d2-41ff-a57e-f64a137aa790<-8556a57b-07a2-43a1-b9c0-1edf0a6afefc#0:FAIL-t2] and 1 exception(s); 1cd99ed7-c0d2-41ff-a57e-f64a137aa790:t2, leader=null, voted=1cd99ed7-c0d2-41ff-a57e-f64a137aa790, raftlog=1cd99ed7-c0d2-41ff-a57e-f64a137aa790-SegmentedRaftLog:OPENED:c-1,f-1,i0, conf=-1: [8556a57b-07a2-43a1-b9c0-1edf0a6afefc:192.168.5.139:40827, 1cd99ed7-c0d2-41ff-a57e-f64a137aa790:192.168.5.139:32924, c9d5e90e-0dec-4e85-b4e2-d29823632d06:192.168.5.139:43573], old=null
2019-08-20 16:35:44,402 [8556a57b-07a2-43a1-b9c0-1edf0a6afefc:group-016D7F0C51D5:LeaderElection4] INFO  impl.LeaderElection (LeaderElection.java:logAndReturn(56)) - 8556a57b-07a2-43a1-b9c0-1edf0a6afefc:group-016D7F0C51D5:LeaderElection4: Election REJECTED; received 1 response(s) [8556a57b-07a2-43a1-b9c0-1edf0a6afefc<-1cd99ed7-c0d2-41ff-a57e-f64a137aa790#0:FAIL-t2] and 1 exception(s); 8556a57b-07a2-43a1-b9c0-1edf0a6afefc:t2, leader=null, voted=8556a57b-07a2-43a1-b9c0-1edf0a6afefc, raftlog=8556a57b-07a2-43a1-b9c0-1edf0a6afefc-SegmentedRaftLog:OPENED:c-1,f-1,i0, conf=-1: [8556a57b-07a2-43a1-b9c0-1edf0a6afefc:192.168.5.139:40827, 1cd99ed7-c0d2-41ff-a57e-f64a137aa790:192.168.5.139:32924, c9d5e90e-0dec-4e85-b4e2-d29823632d06:192.168.5.139:43573], old=null
2019-08-20 16:35:44,402 [1cd99ed7-c0d2-41ff-a57e-f64a137aa790:group-016D7F0C51D5:LeaderElection5] INFO  impl.LeaderElection (LogUtils.java:infoOrTrace(149)) -   Exception 0: {}
java.util.concurrent.ExecutionException: org.apache.ratis.thirdparty.io.grpc.StatusRuntimeException: DEADLINE_EXCEEDED: deadline exceeded after 2999720974ns
	at java.util.concurrent.FutureTask.report(FutureTask.java:122)
	at java.util.concurrent.FutureTask.get(FutureTask.java:192)
	at org.apache.ratis.server.impl.LeaderElection.waitForResults(LeaderElection.java:262)
	at org.apache.ratis.server.impl.LeaderElection.askForVotes(LeaderElection.java:200)
	at org.apache.ratis.server.impl.LeaderElection.run(LeaderElection.java:130)
	at java.lang.Thread.run(Thread.java:748)
Caused by: org.apache.ratis.thirdparty.io.grpc.StatusRuntimeException: DEADLINE_EXCEEDED: deadline exceeded after 2999720974ns
	at org.apache.ratis.thirdparty.io.grpc.stub.ClientCalls.toStatusRuntimeException(ClientCalls.java:233)
	at org.apache.ratis.thirdparty.io.grpc.stub.ClientCalls.getUnchecked(ClientCalls.java:214)
	at org.apache.ratis.thirdparty.io.grpc.stub.ClientCalls.blockingUnaryCall(ClientCalls.java:139)
	at org.apache.ratis.proto.grpc.RaftServerProtocolServiceGrpc$RaftServerProtocolServiceBlockingStub.requestVote(RaftServerProtocolServiceGrpc.java:265)
	at org.apache.ratis.grpc.server.GrpcServerProtocolClient.requestVote(GrpcServerProtocolClient.java:83)
	at org.apache.ratis.grpc.server.GrpcService.requestVote(GrpcService.java:195)
	at org.apache.ratis.server.impl.LeaderElection.lambda$submitRequests$1(LeaderElection.java:237)
	at java.util.concurrent.FutureTask.run(FutureTask.java:266)
	at java.util.concurrent.Executors$RunnableAdapter.call(Executors.java:511)
	at java.util.concurrent.FutureTask.run(FutureTask.java:266)
	at java.util.concurrent.ThreadPoolExecutor.runWorker(ThreadPoolExecutor.java:1149)
	at java.util.concurrent.ThreadPoolExecutor$Worker.run(ThreadPoolExecutor.java:624)
	... 1 more
2019-08-20 16:35:44,402 [8556a57b-07a2-43a1-b9c0-1edf0a6afefc:group-016D7F0C51D5:LeaderElection4] INFO  impl.LeaderElection (LogUtils.java:infoOrTrace(149)) -   Exception 0: {}
java.util.concurrent.ExecutionException: org.apache.ratis.thirdparty.io.grpc.StatusRuntimeException: DEADLINE_EXCEEDED: deadline exceeded after 2999713974ns
	at java.util.concurrent.FutureTask.report(FutureTask.java:122)
	at java.util.concurrent.FutureTask.get(FutureTask.java:192)
	at org.apache.ratis.server.impl.LeaderElection.waitForResults(LeaderElection.java:262)
	at org.apache.ratis.server.impl.LeaderElection.askForVotes(LeaderElection.java:200)
	at org.apache.ratis.server.impl.LeaderElection.run(LeaderElection.java:130)
	at java.lang.Thread.run(Thread.java:748)
Caused by: org.apache.ratis.thirdparty.io.grpc.StatusRuntimeException: DEADLINE_EXCEEDED: deadline exceeded after 2999713974ns
	at org.apache.ratis.thirdparty.io.grpc.stub.ClientCalls.toStatusRuntimeException(ClientCalls.java:233)
	at org.apache.ratis.thirdparty.io.grpc.stub.ClientCalls.getUnchecked(ClientCalls.java:214)
	at org.apache.ratis.thirdparty.io.grpc.stub.ClientCalls.blockingUnaryCall(ClientCalls.java:139)
	at org.apache.ratis.proto.grpc.RaftServerProtocolServiceGrpc$RaftServerProtocolServiceBlockingStub.requestVote(RaftServerProtocolServiceGrpc.java:265)
	at org.apache.ratis.grpc.server.GrpcServerProtocolClient.requestVote(GrpcServerProtocolClient.java:83)
	at org.apache.ratis.grpc.server.GrpcService.requestVote(GrpcService.java:195)
	at org.apache.ratis.server.impl.LeaderElection.lambda$submitRequests$1(LeaderElection.java:237)
	at java.util.concurrent.FutureTask.run(FutureTask.java:266)
	at java.util.concurrent.Executors$RunnableAdapter.call(Executors.java:511)
	at java.util.concurrent.FutureTask.run(FutureTask.java:266)
	at java.util.concurrent.ThreadPoolExecutor.runWorker(ThreadPoolExecutor.java:1149)
	at java.util.concurrent.ThreadPoolExecutor$Worker.run(ThreadPoolExecutor.java:624)
	... 1 more
2019-08-20 16:35:44,405 [1cd99ed7-c0d2-41ff-a57e-f64a137aa790:group-016D7F0C51D5:LeaderElection5] INFO  impl.RaftServerImpl (RaftServerImpl.java:setRole(171)) - 1cd99ed7-c0d2-41ff-a57e-f64a137aa790:group-016D7F0C51D5 changes role from CANDIDATE to FOLLOWER at term 2 for DISCOVERED_A_NEW_TERM
2019-08-20 16:35:44,407 [8556a57b-07a2-43a1-b9c0-1edf0a6afefc:group-016D7F0C51D5:LeaderElection4] INFO  impl.RaftServerImpl (RaftServerImpl.java:setRole(171)) - 8556a57b-07a2-43a1-b9c0-1edf0a6afefc:group-016D7F0C51D5 changes role from CANDIDATE to FOLLOWER at term 2 for DISCOVERED_A_NEW_TERM
2019-08-20 16:35:44,408 [1cd99ed7-c0d2-41ff-a57e-f64a137aa790:group-016D7F0C51D5:LeaderElection5] INFO  impl.RoleInfo (RoleInfo.java:shutdownLeaderElection(134)) - 1cd99ed7-c0d2-41ff-a57e-f64a137aa790: shutdown LeaderElection
2019-08-20 16:35:44,408 [8556a57b-07a2-43a1-b9c0-1edf0a6afefc:group-016D7F0C51D5:LeaderElection4] INFO  impl.RoleInfo (RoleInfo.java:shutdownLeaderElection(134)) - 8556a57b-07a2-43a1-b9c0-1edf0a6afefc: shutdown LeaderElection
2019-08-20 16:35:44,408 [1cd99ed7-c0d2-41ff-a57e-f64a137aa790:group-016D7F0C51D5:LeaderElection5] INFO  impl.RoleInfo (RoleInfo.java:updateAndGet(143)) - 1cd99ed7-c0d2-41ff-a57e-f64a137aa790: start FollowerState
2019-08-20 16:35:44,408 [8556a57b-07a2-43a1-b9c0-1edf0a6afefc:group-016D7F0C51D5:LeaderElection4] INFO  impl.RoleInfo (RoleInfo.java:updateAndGet(143)) - 8556a57b-07a2-43a1-b9c0-1edf0a6afefc: start FollowerState
2019-08-20 16:35:44,479 | INFO  | SCMAudit | user=jenkins1000 | ip=192.168.5.139 | op=SEND_HEARTBEAT {datanodeUUID=c9d5e90e-0dec-4e85-b4e2-d29823632d06, command=[]} | ret=SUCCESS |  
2019-08-20 16:35:44,721 | INFO  | SCMAudit | user=jenkins1000 | ip=192.168.5.139 | op=SEND_HEARTBEAT {datanodeUUID=8556a57b-07a2-43a1-b9c0-1edf0a6afefc, command=[]} | ret=SUCCESS |  
2019-08-20 16:35:44,949 | INFO  | SCMAudit | user=jenkins1000 | ip=192.168.5.139 | op=SEND_HEARTBEAT {datanodeUUID=1cd99ed7-c0d2-41ff-a57e-f64a137aa790, command=[]} | ret=SUCCESS |  
 0.00% |█                                                                                                    |  0/1 Time: 0:00:222019-08-20 16:35:45,479 | INFO  | SCMAudit | user=jenkins1000 | ip=192.168.5.139 | op=SEND_HEARTBEAT {datanodeUUID=c9d5e90e-0dec-4e85-b4e2-d29823632d06, command=[]} | ret=SUCCESS |  
2019-08-20 16:35:45,721 | INFO  | SCMAudit | user=jenkins1000 | ip=192.168.5.139 | op=SEND_HEARTBEAT {datanodeUUID=8556a57b-07a2-43a1-b9c0-1edf0a6afefc, command=[]} | ret=SUCCESS |  
2019-08-20 16:35:45,950 | INFO  | SCMAudit | user=jenkins1000 | ip=192.168.5.139 | op=SEND_HEARTBEAT {datanodeUUID=1cd99ed7-c0d2-41ff-a57e-f64a137aa790, command=[]} | ret=SUCCESS |  
2019-08-20 16:35:45,962 [RATISCREATEPIPELINE3] ERROR pipeline.RatisPipelineProvider (RatisPipelineProvider.java:lambda$null$5(235)) - Failed invoke Ratis rpc org.apache.hadoop.hdds.scm.pipeline.RatisPipelineProvider$$Lambda$170/1145593931@c90761e for 8556a57b-07a2-43a1-b9c0-1edf0a6afefc
org.apache.ratis.protocol.TimeoutIOException: deadline exceeded after 2999023850ns
	at org.apache.ratis.grpc.GrpcUtil.tryUnwrapException(GrpcUtil.java:82)
	at org.apache.ratis.grpc.GrpcUtil.unwrapException(GrpcUtil.java:75)
	at org.apache.ratis.grpc.client.GrpcClientProtocolClient.blockingCall(GrpcClientProtocolClient.java:169)
	at org.apache.ratis.grpc.client.GrpcClientProtocolClient.groupAdd(GrpcClientProtocolClient.java:138)
	at org.apache.ratis.grpc.client.GrpcClientRpc.sendRequest(GrpcClientRpc.java:94)
	at org.apache.ratis.client.impl.RaftClientImpl.sendRequest(RaftClientImpl.java:279)
	at org.apache.ratis.client.impl.RaftClientImpl.groupAdd(RaftClientImpl.java:206)
	at org.apache.hadoop.hdds.scm.pipeline.RatisPipelineProvider.lambda$initializePipeline$4(RatisPipelineProvider.java:194)
	at org.apache.hadoop.hdds.scm.pipeline.RatisPipelineProvider.lambda$null$5(RatisPipelineProvider.java:231)
	at java.util.stream.ForEachOps$ForEachOp$OfRef.accept(ForEachOps.java:184)
	at java.util.ArrayList$ArrayListSpliterator.forEachRemaining(ArrayList.java:1382)
	at java.util.stream.AbstractPipeline.copyInto(AbstractPipeline.java:482)
	at java.util.stream.ForEachOps$ForEachTask.compute(ForEachOps.java:291)
	at java.util.concurrent.CountedCompleter.exec(CountedCompleter.java:731)
	at java.util.concurrent.ForkJoinTask.doExec(ForkJoinTask.java:289)
	at java.util.concurrent.ForkJoinPool$WorkQueue.runTask(ForkJoinPool.java:1056)
	at java.util.concurrent.ForkJoinPool.runWorker(ForkJoinPool.java:1692)
	at java.util.concurrent.ForkJoinWorkerThread.run(ForkJoinWorkerThread.java:157)
Caused by: org.apache.ratis.thirdparty.io.grpc.StatusRuntimeException: DEADLINE_EXCEEDED: deadline exceeded after 2999023850ns
	at org.apache.ratis.thirdparty.io.grpc.stub.ClientCalls.toStatusRuntimeException(ClientCalls.java:233)
	at org.apache.ratis.thirdparty.io.grpc.stub.ClientCalls.getUnchecked(ClientCalls.java:214)
	at org.apache.ratis.thirdparty.io.grpc.stub.ClientCalls.blockingUnaryCall(ClientCalls.java:139)
	at org.apache.ratis.proto.grpc.AdminProtocolServiceGrpc$AdminProtocolServiceBlockingStub.groupManagement(AdminProtocolServiceGrpc.java:274)
	at org.apache.ratis.grpc.client.GrpcClientProtocolClient.lambda$groupAdd$3(GrpcClientProtocolClient.java:140)
	at org.apache.ratis.grpc.client.GrpcClientProtocolClient.blockingCall(GrpcClientProtocolClient.java:167)
	... 15 more
2019-08-20 16:35:45,962 [RATISCREATEPIPELINE2] ERROR pipeline.RatisPipelineProvider (RatisPipelineProvider.java:lambda$null$5(235)) - Failed invoke Ratis rpc org.apache.hadoop.hdds.scm.pipeline.RatisPipelineProvider$$Lambda$170/1145593931@c90761e for 1cd99ed7-c0d2-41ff-a57e-f64a137aa790
org.apache.ratis.protocol.TimeoutIOException: deadline exceeded after 2998806847ns
	at org.apache.ratis.grpc.GrpcUtil.tryUnwrapException(GrpcUtil.java:82)
	at org.apache.ratis.grpc.GrpcUtil.unwrapException(GrpcUtil.java:75)
	at org.apache.ratis.grpc.client.GrpcClientProtocolClient.blockingCall(GrpcClientProtocolClient.java:169)
	at org.apache.ratis.grpc.client.GrpcClientProtocolClient.groupAdd(GrpcClientProtocolClient.java:138)
	at org.apache.ratis.grpc.client.GrpcClientRpc.sendRequest(GrpcClientRpc.java:94)
	at org.apache.ratis.client.impl.RaftClientImpl.sendRequest(RaftClientImpl.java:279)
	at org.apache.ratis.client.impl.RaftClientImpl.groupAdd(RaftClientImpl.java:206)
	at org.apache.hadoop.hdds.scm.pipeline.RatisPipelineProvider.lambda$initializePipeline$4(RatisPipelineProvider.java:194)
	at org.apache.hadoop.hdds.scm.pipeline.RatisPipelineProvider.lambda$null$5(RatisPipelineProvider.java:231)
	at java.util.stream.ForEachOps$ForEachOp$OfRef.accept(ForEachOps.java:184)
	at java.util.ArrayList$ArrayListSpliterator.forEachRemaining(ArrayList.java:1382)
	at java.util.stream.AbstractPipeline.copyInto(AbstractPipeline.java:482)
	at java.util.stream.ForEachOps$ForEachTask.compute(ForEachOps.java:291)
	at java.util.concurrent.CountedCompleter.exec(CountedCompleter.java:731)
	at java.util.concurrent.ForkJoinTask.doExec(ForkJoinTask.java:289)
	at java.util.concurrent.ForkJoinPool$WorkQueue.runTask(ForkJoinPool.java:1056)
	at java.util.concurrent.ForkJoinPool.runWorker(ForkJoinPool.java:1692)
	at java.util.concurrent.ForkJoinWorkerThread.run(ForkJoinWorkerThread.java:157)
Caused by: org.apache.ratis.thirdparty.io.grpc.StatusRuntimeException: DEADLINE_EXCEEDED: deadline exceeded after 2998806847ns
	at org.apache.ratis.thirdparty.io.grpc.stub.ClientCalls.toStatusRuntimeException(ClientCalls.java:233)
	at org.apache.ratis.thirdparty.io.grpc.stub.ClientCalls.getUnchecked(ClientCalls.java:214)
	at org.apache.ratis.thirdparty.io.grpc.stub.ClientCalls.blockingUnaryCall(ClientCalls.java:139)
	at org.apache.ratis.proto.grpc.AdminProtocolServiceGrpc$AdminProtocolServiceBlockingStub.groupManagement(AdminProtocolServiceGrpc.java:274)
	at org.apache.ratis.grpc.client.GrpcClientProtocolClient.lambda$groupAdd$3(GrpcClientProtocolClient.java:140)
	at org.apache.ratis.grpc.client.GrpcClientProtocolClient.blockingCall(GrpcClientProtocolClient.java:167)
	... 15 more
2019-08-20 16:35:45,962 [RATISCREATEPIPELINE1] ERROR pipeline.RatisPipelineProvider (RatisPipelineProvider.java:lambda$null$5(235)) - Failed invoke Ratis rpc org.apache.hadoop.hdds.scm.pipeline.RatisPipelineProvider$$Lambda$170/1145593931@c90761e for c9d5e90e-0dec-4e85-b4e2-d29823632d06
org.apache.ratis.protocol.TimeoutIOException: deadline exceeded after 2999783268ns
	at org.apache.ratis.grpc.GrpcUtil.tryUnwrapException(GrpcUtil.java:82)
	at org.apache.ratis.grpc.GrpcUtil.unwrapException(GrpcUtil.java:75)
	at org.apache.ratis.grpc.client.GrpcClientProtocolClient.blockingCall(GrpcClientProtocolClient.java:169)
	at org.apache.ratis.grpc.client.GrpcClientProtocolClient.groupAdd(GrpcClientProtocolClient.java:138)
	at org.apache.ratis.grpc.client.GrpcClientRpc.sendRequest(GrpcClientRpc.java:94)
	at org.apache.ratis.client.impl.RaftClientImpl.sendRequest(RaftClientImpl.java:279)
	at org.apache.ratis.client.impl.RaftClientImpl.groupAdd(RaftClientImpl.java:206)
	at org.apache.hadoop.hdds.scm.pipeline.RatisPipelineProvider.lambda$initializePipeline$4(RatisPipelineProvider.java:194)
	at org.apache.hadoop.hdds.scm.pipeline.RatisPipelineProvider.lambda$null$5(RatisPipelineProvider.java:231)
	at java.util.stream.ForEachOps$ForEachOp$OfRef.accept(ForEachOps.java:184)
	at java.util.ArrayList$ArrayListSpliterator.forEachRemaining(ArrayList.java:1382)
	at java.util.stream.AbstractPipeline.copyInto(AbstractPipeline.java:482)
	at java.util.stream.ForEachOps$ForEachTask.compute(ForEachOps.java:291)
	at java.util.concurrent.CountedCompleter.exec(CountedCompleter.java:731)
	at java.util.concurrent.ForkJoinTask.doExec(ForkJoinTask.java:289)
	at java.util.concurrent.ForkJoinTask.doInvoke(ForkJoinTask.java:401)
	at java.util.concurrent.ForkJoinTask.invoke(ForkJoinTask.java:734)
	at java.util.stream.ForEachOps$ForEachOp.evaluateParallel(ForEachOps.java:160)
	at java.util.stream.ForEachOps$ForEachOp$OfRef.evaluateParallel(ForEachOps.java:174)
	at java.util.stream.AbstractPipeline.evaluate(AbstractPipeline.java:233)
	at java.util.stream.ReferencePipeline.forEach(ReferencePipeline.java:418)
	at java.util.stream.ReferencePipeline$Head.forEach(ReferencePipeline.java:583)
	at org.apache.hadoop.hdds.scm.pipeline.RatisPipelineProvider.lambda$callRatisRpc$6(RatisPipelineProvider.java:225)
	at java.util.concurrent.ForkJoinTask$AdaptedRunnableAction.exec(ForkJoinTask.java:1386)
	at java.util.concurrent.ForkJoinTask.doExec(ForkJoinTask.java:289)
	at java.util.concurrent.ForkJoinPool$WorkQueue.runTask(ForkJoinPool.java:1056)
	at java.util.concurrent.ForkJoinPool.runWorker(ForkJoinPool.java:1692)
	at java.util.concurrent.ForkJoinWorkerThread.run(ForkJoinWorkerThread.java:157)
Caused by: org.apache.ratis.thirdparty.io.grpc.StatusRuntimeException: DEADLINE_EXCEEDED: deadline exceeded after 2999783268ns
	at org.apache.ratis.thirdparty.io.grpc.stub.ClientCalls.toStatusRuntimeException(ClientCalls.java:233)
	at org.apache.ratis.thirdparty.io.grpc.stub.ClientCalls.getUnchecked(ClientCalls.java:214)
	at org.apache.ratis.thirdparty.io.grpc.stub.ClientCalls.blockingUnaryCall(ClientCalls.java:139)
	at org.apache.ratis.proto.grpc.AdminProtocolServiceGrpc$AdminProtocolServiceBlockingStub.groupManagement(AdminProtocolServiceGrpc.java:274)
	at org.apache.ratis.grpc.client.GrpcClientProtocolClient.lambda$groupAdd$3(GrpcClientProtocolClient.java:140)
	at org.apache.ratis.grpc.client.GrpcClientProtocolClient.blockingCall(GrpcClientProtocolClient.java:167)
	... 25 more
2019-08-20 16:35:45,978 [IPC Server handler 0 on 43420] WARN  block.BlockManagerImpl (BlockManagerImpl.java:allocateBlock(192)) - Pipeline creation failed for type:RATIS factor:THREE. Retrying get pipelines call once.
org.apache.hadoop.io.MultipleIOException: 3 exceptions [java.io.IOException: Failed invoke Ratis rpc org.apache.hadoop.hdds.scm.pipeline.RatisPipelineProvider$$Lambda$170/1145593931@c90761e for 8556a57b-07a2-43a1-b9c0-1edf0a6afefc, java.io.IOException: Failed invoke Ratis rpc org.apache.hadoop.hdds.scm.pipeline.RatisPipelineProvider$$Lambda$170/1145593931@c90761e for 1cd99ed7-c0d2-41ff-a57e-f64a137aa790, java.io.IOException: Failed invoke Ratis rpc org.apache.hadoop.hdds.scm.pipeline.RatisPipelineProvider$$Lambda$170/1145593931@c90761e for c9d5e90e-0dec-4e85-b4e2-d29823632d06]
	at org.apache.hadoop.io.MultipleIOException.createIOException(MultipleIOException.java:53)
	at org.apache.hadoop.hdds.scm.pipeline.RatisPipelineProvider.callRatisRpc(RatisPipelineProvider.java:251)
	at org.apache.hadoop.hdds.scm.pipeline.RatisPipelineProvider.initializePipeline(RatisPipelineProvider.java:192)
	at org.apache.hadoop.hdds.scm.pipeline.RatisPipelineProvider.create(RatisPipelineProvider.java:161)
	at org.apache.hadoop.hdds.scm.pipeline.PipelineFactory.create(PipelineFactory.java:57)
	at org.apache.hadoop.hdds.scm.pipeline.SCMPipelineManager.createPipeline(SCMPipelineManager.java:149)
	at org.apache.hadoop.hdds.scm.block.BlockManagerImpl.allocateBlock(BlockManagerImpl.java:190)
	at org.apache.hadoop.hdds.scm.server.SCMBlockProtocolServer.allocateBlock(SCMBlockProtocolServer.java:175)
	at org.apache.hadoop.ozone.protocolPB.ScmBlockLocationProtocolServerSideTranslatorPB.allocateScmBlock(ScmBlockLocationProtocolServerSideTranslatorPB.java:153)
	at org.apache.hadoop.ozone.protocolPB.ScmBlockLocationProtocolServerSideTranslatorPB.send(ScmBlockLocationProtocolServerSideTranslatorPB.java:112)
	at org.apache.hadoop.hdds.protocol.proto.ScmBlockLocationProtocolProtos$ScmBlockLocationProtocolService$2.callBlockingMethod(ScmBlockLocationProtocolProtos.java:13157)
	at org.apache.hadoop.ipc.ProtobufRpcEngine$Server$ProtoBufRpcInvoker.call(ProtobufRpcEngine.java:524)
	at org.apache.hadoop.ipc.RPC$Server.call(RPC.java:1025)
	at org.apache.hadoop.ipc.Server$RpcCall.run(Server.java:876)
	at org.apache.hadoop.ipc.Server$RpcCall.run(Server.java:822)
	at java.security.AccessController.doPrivileged(Native Method)
	at javax.security.auth.Subject.doAs(Subject.java:422)
	at org.apache.hadoop.security.UserGroupInformation.doAs(UserGroupInformation.java:1730)
	at org.apache.hadoop.ipc.Server$Handler.run(Server.java:2682)
2019-08-20 16:35:45,979 [IPC Server handler 0 on 43420] INFO  block.BlockManagerImpl (BlockManagerImpl.java:allocateBlock(198)) - Could not find available pipeline of type:RATIS and factor:THREE even after retrying
2019-08-20 16:35:45,979 [IPC Server handler 0 on 43420] ERROR block.BlockManagerImpl (BlockManagerImpl.java:allocateBlock(222)) - Unable to allocate a block for the size: 4194304, type: RATIS, factor: THREE
2019-08-20 16:35:45,998 [grpc-default-executor-4] INFO  impl.RaftServerProxy (RaftServerProxy.java:addNew(89)) - 8556a57b-07a2-43a1-b9c0-1edf0a6afefc: addNew group-4F0E52147044:[8556a57b-07a2-43a1-b9c0-1edf0a6afefc:192.168.5.139:40827, 1cd99ed7-c0d2-41ff-a57e-f64a137aa790:192.168.5.139:32924, c9d5e90e-0dec-4e85-b4e2-d29823632d06:192.168.5.139:43573] returns group-4F0E52147044:java.util.concurrent.CompletableFuture@6c95774e[Not completed]
2019-08-20 16:35:45,999 [grpc-default-executor-2] INFO  impl.RaftServerProxy (RaftServerProxy.java:addNew(89)) - 1cd99ed7-c0d2-41ff-a57e-f64a137aa790: addNew group-4F0E52147044:[8556a57b-07a2-43a1-b9c0-1edf0a6afefc:192.168.5.139:40827, 1cd99ed7-c0d2-41ff-a57e-f64a137aa790:192.168.5.139:32924, c9d5e90e-0dec-4e85-b4e2-d29823632d06:192.168.5.139:43573] returns group-4F0E52147044:java.util.concurrent.CompletableFuture@25565905[Not completed]
2019-08-20 16:35:45,999 [grpc-default-executor-1] INFO  impl.RaftServerProxy (RaftServerProxy.java:addNew(89)) - c9d5e90e-0dec-4e85-b4e2-d29823632d06: addNew group-4F0E52147044:[8556a57b-07a2-43a1-b9c0-1edf0a6afefc:192.168.5.139:40827, 1cd99ed7-c0d2-41ff-a57e-f64a137aa790:192.168.5.139:32924, c9d5e90e-0dec-4e85-b4e2-d29823632d06:192.168.5.139:43573] returns group-4F0E52147044:java.util.concurrent.CompletableFuture@3040dc1[Not completed]
2019-08-20 16:35:46,206 [pool-38-thread-1] INFO  storage.RaftStorage (RaftStorage.java:format(72)) - Storage directory /workdir/hadoop-ozone/tools/target/test-dir/MiniOzoneClusterImpl-be136bf1-c7ac-4d2e-9665-41f2df98132f/datanode-1/data/ratis/029743d7-9626-4721-8a3d-06ef8327f6e7 has been successfully formatted.
2019-08-20 16:35:46,206 [c9d5e90e-0dec-4e85-b4e2-d29823632d06-SegmentedRaftLogWorker:Storage Directory /workdir/hadoop-ozone/tools/target/test-dir/MiniOzoneClusterImpl-be136bf1-c7ac-4d2e-9665-41f2df98132f/datanode-0/data/ratis/fde22cc2-46c8-4812-b46f-6871122bcc81] INFO  segmented.SegmentedRaftLogWorker (SegmentedRaftLogWorker.java:execute(569)) - c9d5e90e-0dec-4e85-b4e2-d29823632d06-SegmentedRaftLogWorker:Storage Directory /workdir/hadoop-ozone/tools/target/test-dir/MiniOzoneClusterImpl-be136bf1-c7ac-4d2e-9665-41f2df98132f/datanode-0/data/ratis/fde22cc2-46c8-4812-b46f-6871122bcc81: created new log segment /workdir/hadoop-ozone/tools/target/test-dir/MiniOzoneClusterImpl-be136bf1-c7ac-4d2e-9665-41f2df98132f/datanode-0/data/ratis/fde22cc2-46c8-4812-b46f-6871122bcc81/current/log_inprogress_0
2019-08-20 16:35:46,206 [pool-49-thread-1] INFO  storage.RaftStorage (RaftStorage.java:format(72)) - Storage directory /workdir/hadoop-ozone/tools/target/test-dir/MiniOzoneClusterImpl-be136bf1-c7ac-4d2e-9665-41f2df98132f/datanode-2/data/ratis/029743d7-9626-4721-8a3d-06ef8327f6e7 has been successfully formatted.
2019-08-20 16:35:46,207 [pool-38-thread-1] INFO  ratis.ContainerStateMachine (ContainerStateMachine.java:loadSnapshot(222)) - group-06EF8327F6E7: The snapshot info is null. Setting the last applied indexto:(t:0, i:~)
2019-08-20 16:35:46,209 [pool-49-thread-1] INFO  ratis.ContainerStateMachine (ContainerStateMachine.java:loadSnapshot(222)) - group-06EF8327F6E7: The snapshot info is null. Setting the last applied indexto:(t:0, i:~)
2019-08-20 16:35:46,209 [pool-38-thread-1] INFO  server.RaftServerConfigKeys (ConfUtils.java:logGet(43)) - raft.server.leader.election.timeout = 120s (custom)
2019-08-20 16:35:46,209 [pool-49-thread-1] INFO  server.RaftServerConfigKeys (ConfUtils.java:logGet(43)) - raft.server.leader.election.timeout = 120s (custom)
2019-08-20 16:35:46,209 [pool-38-thread-1] INFO  server.RaftServerConfigKeys (ConfUtils.java:logGet(43)) - raft.server.log.use.memory = false (default)
2019-08-20 16:35:46,209 [pool-49-thread-1] INFO  server.RaftServerConfigKeys (ConfUtils.java:logGet(43)) - raft.server.log.use.memory = false (default)
2019-08-20 16:35:46,210 [pool-38-thread-1] INFO  server.RaftServerConfigKeys (ConfUtils.java:logGet(43)) - raft.server.log.purge.gap = 1000000 (custom)
2019-08-20 16:35:46,210 [pool-49-thread-1] INFO  server.RaftServerConfigKeys (ConfUtils.java:logGet(43)) - raft.server.log.purge.gap = 1000000 (custom)
2019-08-20 16:35:46,210 [pool-38-thread-1] INFO  server.RaftServerConfigKeys (ConfUtils.java:logGet(43)) - raft.server.log.appender.buffer.byte-limit = 33554432 (custom)
2019-08-20 16:35:46,210 [pool-49-thread-1] INFO  server.RaftServerConfigKeys (ConfUtils.java:logGet(43)) - raft.server.log.appender.buffer.byte-limit = 33554432 (custom)
2019-08-20 16:35:46,210 [pool-38-thread-1] INFO  server.RaftServerConfigKeys (ConfUtils.java:logGet(43)) - raft.server.log.segment.size.max = 1048576 (custom)
2019-08-20 16:35:46,211 [pool-49-thread-1] INFO  server.RaftServerConfigKeys (ConfUtils.java:logGet(43)) - raft.server.log.segment.size.max = 1048576 (custom)
2019-08-20 16:35:46,211 [pool-38-thread-1] INFO  server.RaftServerConfigKeys (ConfUtils.java:logGet(43)) - raft.server.log.segment.cache.num.max = 2 (custom)
2019-08-20 16:35:46,211 [pool-49-thread-1] INFO  server.RaftServerConfigKeys (ConfUtils.java:logGet(43)) - raft.server.log.segment.cache.num.max = 2 (custom)
2019-08-20 16:35:46,211 [pool-38-thread-1] INFO  segmented.SegmentedRaftLogWorker (SegmentedRaftLogWorker.java:<init>(172)) - new 8556a57b-07a2-43a1-b9c0-1edf0a6afefc-SegmentedRaftLogWorker:Storage Directory /workdir/hadoop-ozone/tools/target/test-dir/MiniOzoneClusterImpl-be136bf1-c7ac-4d2e-9665-41f2df98132f/datanode-1/data/ratis/029743d7-9626-4721-8a3d-06ef8327f6e7 for RaftStorage:Storage Directory /workdir/hadoop-ozone/tools/target/test-dir/MiniOzoneClusterImpl-be136bf1-c7ac-4d2e-9665-41f2df98132f/datanode-1/data/ratis/029743d7-9626-4721-8a3d-06ef8327f6e7
2019-08-20 16:35:46,211 [pool-49-thread-1] INFO  segmented.SegmentedRaftLogWorker (SegmentedRaftLogWorker.java:<init>(172)) - new 1cd99ed7-c0d2-41ff-a57e-f64a137aa790-SegmentedRaftLogWorker:Storage Directory /workdir/hadoop-ozone/tools/target/test-dir/MiniOzoneClusterImpl-be136bf1-c7ac-4d2e-9665-41f2df98132f/datanode-2/data/ratis/029743d7-9626-4721-8a3d-06ef8327f6e7 for RaftStorage:Storage Directory /workdir/hadoop-ozone/tools/target/test-dir/MiniOzoneClusterImpl-be136bf1-c7ac-4d2e-9665-41f2df98132f/datanode-2/data/ratis/029743d7-9626-4721-8a3d-06ef8327f6e7
2019-08-20 16:35:46,211 [pool-38-thread-1] INFO  server.RaftServerConfigKeys (ConfUtils.java:logGet(43)) - raft.server.log.queue.byte-limit = 2147483647 (custom)
2019-08-20 16:35:46,213 [pool-49-thread-1] INFO  server.RaftServerConfigKeys (ConfUtils.java:logGet(43)) - raft.server.log.queue.byte-limit = 2147483647 (custom)
2019-08-20 16:35:46,213 [pool-38-thread-1] INFO  server.RaftServerConfigKeys (ConfUtils.java:logGet(43)) - raft.server.log.queue.element-limit = 1024 (custom)
2019-08-20 16:35:46,214 [pool-49-thread-1] INFO  server.RaftServerConfigKeys (ConfUtils.java:logGet(43)) - raft.server.log.queue.element-limit = 1024 (custom)
2019-08-20 16:35:46,215 [pool-38-thread-1] INFO  server.RaftServerConfigKeys (ConfUtils.java:logGet(43)) - raft.server.log.segment.size.max = 1048576 (custom)
2019-08-20 16:35:46,215 [pool-49-thread-1] INFO  server.RaftServerConfigKeys (ConfUtils.java:logGet(43)) - raft.server.log.segment.size.max = 1048576 (custom)
2019-08-20 16:35:46,215 [pool-38-thread-1] INFO  server.RaftServerConfigKeys (ConfUtils.java:logGet(43)) - raft.server.log.preallocated.size = 16384 (custom)
2019-08-20 16:35:46,215 [pool-49-thread-1] INFO  server.RaftServerConfigKeys (ConfUtils.java:logGet(43)) - raft.server.log.preallocated.size = 16384 (custom)
2019-08-20 16:35:46,216 [pool-38-thread-1] INFO  server.RaftServerConfigKeys (ConfUtils.java:logGet(43)) - raft.server.log.write.buffer.size = 33554432 (custom)
2019-08-20 16:35:46,216 [pool-49-thread-1] INFO  server.RaftServerConfigKeys (ConfUtils.java:logGet(43)) - raft.server.log.write.buffer.size = 33554432 (custom)
2019-08-20 16:35:46,216 [pool-38-thread-1] INFO  server.RaftServerConfigKeys (ConfUtils.java:logGet(43)) - raft.server.log.force.sync.num = 128 (default)
2019-08-20 16:35:46,216 [pool-49-thread-1] INFO  server.RaftServerConfigKeys (ConfUtils.java:logGet(43)) - raft.server.log.force.sync.num = 128 (default)
2019-08-20 16:35:46,216 [pool-38-thread-1] INFO  server.RaftServerConfigKeys (ConfUtils.java:logGet(43)) - raft.server.log.statemachine.data.sync = true (default)
2019-08-20 16:35:46,217 [pool-49-thread-1] INFO  server.RaftServerConfigKeys (ConfUtils.java:logGet(43)) - raft.server.log.statemachine.data.sync = true (default)
2019-08-20 16:35:46,217 [pool-38-thread-1] INFO  server.RaftServerConfigKeys (ConfUtils.java:logGet(43)) - raft.server.log.statemachine.data.sync.timeout = 10s (default)
2019-08-20 16:35:46,217 [pool-49-thread-1] INFO  server.RaftServerConfigKeys (ConfUtils.java:logGet(43)) - raft.server.log.statemachine.data.sync.timeout = 10s (default)
2019-08-20 16:35:46,217 [pool-38-thread-1] INFO  server.RaftServerConfigKeys (ConfUtils.java:logGet(43)) - raft.server.log.statemachine.data.sync.timeout.retry = -1 (default)
2019-08-20 16:35:46,217 [pool-49-thread-1] INFO  server.RaftServerConfigKeys (ConfUtils.java:logGet(43)) - raft.server.log.statemachine.data.sync.timeout.retry = -1 (default)
2019-08-20 16:35:46,218 [pool-38-thread-1] INFO  server.RaftServerConfigKeys (ConfUtils.java:logGet(43)) - raft.server.log.statemachine.data.caching.enabled = true (custom)
2019-08-20 16:35:46,218 [pool-49-thread-1] INFO  server.RaftServerConfigKeys (ConfUtils.java:logGet(43)) - raft.server.log.statemachine.data.caching.enabled = true (custom)
2019-08-20 16:35:46,218 [pool-38-thread-1] INFO  segmented.SegmentedRaftLogWorker (SegmentedRaftLogWorker.java:lambda$new$0(132)) - 8556a57b-07a2-43a1-b9c0-1edf0a6afefc-SegmentedRaftLogWorker:Storage Directory /workdir/hadoop-ozone/tools/target/test-dir/MiniOzoneClusterImpl-be136bf1-c7ac-4d2e-9665-41f2df98132f/datanode-1/data/ratis/029743d7-9626-4721-8a3d-06ef8327f6e7: flushIndex: setUnconditionally 0 -> -1
2019-08-20 16:35:46,219 [pool-49-thread-1] INFO  segmented.SegmentedRaftLogWorker (SegmentedRaftLogWorker.java:lambda$new$0(132)) - 1cd99ed7-c0d2-41ff-a57e-f64a137aa790-SegmentedRaftLogWorker:Storage Directory /workdir/hadoop-ozone/tools/target/test-dir/MiniOzoneClusterImpl-be136bf1-c7ac-4d2e-9665-41f2df98132f/datanode-2/data/ratis/029743d7-9626-4721-8a3d-06ef8327f6e7: flushIndex: setUnconditionally 0 -> -1
2019-08-20 16:35:46,219 [pool-38-thread-1] INFO  server.RaftServerConfigKeys (ConfUtils.java:logGet(43)) - raft.server.snapshot.auto.trigger.enabled = true (custom)
2019-08-20 16:35:46,219 [pool-38-thread-1] INFO  server.RaftServerConfigKeys (ConfUtils.java:logGet(43)) - raft.server.snapshot.auto.trigger.threshold = 10000 (custom)
2019-08-20 16:35:46,219 [pool-49-thread-1] INFO  server.RaftServerConfigKeys (ConfUtils.java:logGet(43)) - raft.server.snapshot.auto.trigger.enabled = true (custom)
2019-08-20 16:35:46,219 [pool-38-thread-1] INFO  server.RaftServerConfigKeys (ConfUtils.java:logGet(43)) - raft.server.retrycache.expirytime = 600000ms (custom)
2019-08-20 16:35:46,219 [pool-49-thread-1] INFO  server.RaftServerConfigKeys (ConfUtils.java:logGet(43)) - raft.server.snapshot.auto.trigger.threshold = 10000 (custom)
2019-08-20 16:35:46,220 [pool-38-thread-1] INFO  impl.RaftServerImpl (RaftServerImpl.java:start(180)) - 8556a57b-07a2-43a1-b9c0-1edf0a6afefc: start group-75C8E82B20D7
2019-08-20 16:35:46,220 [pool-49-thread-1] INFO  server.RaftServerConfigKeys (ConfUtils.java:logGet(43)) - raft.server.retrycache.expirytime = 600000ms (custom)
2019-08-20 16:35:46,220 [pool-38-thread-1] INFO  impl.RaftServerImpl (RaftServerImpl.java:setRole(171)) - 8556a57b-07a2-43a1-b9c0-1edf0a6afefc:group-75C8E82B20D7 changes role from null to FOLLOWER at term 0 for startAsFollower
2019-08-20 16:35:46,220 [pool-49-thread-1] INFO  impl.RaftServerImpl (RaftServerImpl.java:start(180)) - 1cd99ed7-c0d2-41ff-a57e-f64a137aa790: start group-A0D24D3534FF
2019-08-20 16:35:46,220 [pool-38-thread-1] INFO  impl.RoleInfo (RoleInfo.java:updateAndGet(143)) - 8556a57b-07a2-43a1-b9c0-1edf0a6afefc: start FollowerState
2019-08-20 16:35:46,221 [pool-49-thread-1] INFO  impl.RaftServerImpl (RaftServerImpl.java:setRole(171)) - 1cd99ed7-c0d2-41ff-a57e-f64a137aa790:group-A0D24D3534FF changes role from null to FOLLOWER at term 0 for startAsFollower
2019-08-20 16:35:46,221 [pool-49-thread-1] INFO  impl.RoleInfo (RoleInfo.java:updateAndGet(143)) - 1cd99ed7-c0d2-41ff-a57e-f64a137aa790: start FollowerState
2019-08-20 16:35:46,221 [pool-38-thread-1] INFO  util.JmxRegister (JmxRegister.java:tryRegister(44)) - Successfully registered JMX Bean with object name Ratis:service=RaftServer,group=group-75C8E82B20D7,id=8556a57b-07a2-43a1-b9c0-1edf0a6afefc
2019-08-20 16:35:46,222 [pool-49-thread-1] INFO  util.JmxRegister (JmxRegister.java:tryRegister(44)) - Successfully registered JMX Bean with object name Ratis:service=RaftServer,group=group-A0D24D3534FF,id=1cd99ed7-c0d2-41ff-a57e-f64a137aa790
2019-08-20 16:35:46,222 [pool-38-thread-1] INFO  impl.RaftServerImpl (RaftServerImpl.java:start(180)) - 8556a57b-07a2-43a1-b9c0-1edf0a6afefc: start group-A0D24D3534FF
2019-08-20 16:35:46,222 [pool-38-thread-1] INFO  impl.RaftServerImpl (RaftServerImpl.java:setRole(171)) - 8556a57b-07a2-43a1-b9c0-1edf0a6afefc:group-A0D24D3534FF changes role from null to FOLLOWER at term 0 for startAsFollower
2019-08-20 16:35:46,223 [pool-38-thread-1] INFO  impl.RoleInfo (RoleInfo.java:updateAndGet(143)) - 8556a57b-07a2-43a1-b9c0-1edf0a6afefc: start FollowerState
2019-08-20 16:35:46,223 [pool-38-thread-1] INFO  util.JmxRegister (JmxRegister.java:tryRegister(44)) - Successfully registered JMX Bean with object name Ratis:service=RaftServer,group=group-A0D24D3534FF,id=8556a57b-07a2-43a1-b9c0-1edf0a6afefc
2019-08-20 16:35:46,226 [pool-49-thread-1] INFO  impl.RaftServerImpl (RaftServerImpl.java:<init>(93)) - 1cd99ed7-c0d2-41ff-a57e-f64a137aa790: new RaftServerImpl for group-856DB2C06D82:[8556a57b-07a2-43a1-b9c0-1edf0a6afefc:192.168.5.139:40827, 1cd99ed7-c0d2-41ff-a57e-f64a137aa790:192.168.5.139:32924, c9d5e90e-0dec-4e85-b4e2-d29823632d06:192.168.5.139:43573] with ContainerStateMachine:uninitialized
2019-08-20 16:35:46,227 [pool-49-thread-1] INFO  server.RaftServerConfigKeys (ConfUtils.java:logGet(43)) - raft.server.rpc.timeout.min = 5s (custom)
2019-08-20 16:35:46,227 [pool-49-thread-1] INFO  server.RaftServerConfigKeys (ConfUtils.java:logGet(43)) - raft.server.rpc.timeout.max = 5200ms (custom)
2019-08-20 16:35:46,227 [pool-49-thread-1] INFO  server.RaftServerConfigKeys (ConfUtils.java:logGet(43)) - raft.server.rpcslowness.timeout = 120s (custom)
2019-08-20 16:35:46,227 [pool-38-thread-1] INFO  impl.RaftServerImpl (RaftServerImpl.java:<init>(93)) - 8556a57b-07a2-43a1-b9c0-1edf0a6afefc: new RaftServerImpl for group-856DB2C06D82:[8556a57b-07a2-43a1-b9c0-1edf0a6afefc:192.168.5.139:40827, 1cd99ed7-c0d2-41ff-a57e-f64a137aa790:192.168.5.139:32924, c9d5e90e-0dec-4e85-b4e2-d29823632d06:192.168.5.139:43573] with ContainerStateMachine:uninitialized
2019-08-20 16:35:46,227 [pool-49-thread-1] INFO  server.RaftServerConfigKeys (ConfUtils.java:logGet(43)) - raft.server.sleep.deviation.threshold = 300 (default)
2019-08-20 16:35:46,228 [pool-38-thread-1] INFO  server.RaftServerConfigKeys (ConfUtils.java:logGet(43)) - raft.server.rpc.timeout.min = 5s (custom)
2019-08-20 16:35:46,228 [pool-49-thread-1] INFO  server.RaftServerConfigKeys (ConfUtils.java:logGet(43)) - raft.server.log.appender.install.snapshot.enabled = false (custom)
2019-08-20 16:35:46,228 [pool-38-thread-1] INFO  server.RaftServerConfigKeys (ConfUtils.java:logGet(43)) - raft.server.rpc.timeout.max = 5200ms (custom)
2019-08-20 16:35:46,228 [pool-49-thread-1] INFO  impl.RaftServerImpl (ServerState.java:<init>(105)) - 1cd99ed7-c0d2-41ff-a57e-f64a137aa790:group-856DB2C06D82 ConfigurationManager, init=-1: [8556a57b-07a2-43a1-b9c0-1edf0a6afefc:192.168.5.139:40827, 1cd99ed7-c0d2-41ff-a57e-f64a137aa790:192.168.5.139:32924, c9d5e90e-0dec-4e85-b4e2-d29823632d06:192.168.5.139:43573], old=null, confs=<EMPTY_MAP>
2019-08-20 16:35:46,228 [pool-38-thread-1] INFO  server.RaftServerConfigKeys (ConfUtils.java:logGet(43)) - raft.server.rpcslowness.timeout = 120s (custom)
2019-08-20 16:35:46,229 [pool-38-thread-1] INFO  server.RaftServerConfigKeys (ConfUtils.java:logGet(43)) - raft.server.sleep.deviation.threshold = 300 (default)
2019-08-20 16:35:46,229 [pool-49-thread-1] INFO  server.RaftServerConfigKeys (ConfUtils.java:logGet(43)) - raft.server.storage.dir = [/workdir/hadoop-ozone/tools/target/test-dir/MiniOzoneClusterImpl-be136bf1-c7ac-4d2e-9665-41f2df98132f/datanode-2/data/ratis] (custom)
2019-08-20 16:35:46,229 [pool-38-thread-1] INFO  server.RaftServerConfigKeys (ConfUtils.java:logGet(43)) - raft.server.log.appender.install.snapshot.enabled = false (custom)
2019-08-20 16:35:46,229 [pool-38-thread-1] INFO  impl.RaftServerImpl (ServerState.java:<init>(105)) - 8556a57b-07a2-43a1-b9c0-1edf0a6afefc:group-856DB2C06D82 ConfigurationManager, init=-1: [8556a57b-07a2-43a1-b9c0-1edf0a6afefc:192.168.5.139:40827, 1cd99ed7-c0d2-41ff-a57e-f64a137aa790:192.168.5.139:32924, c9d5e90e-0dec-4e85-b4e2-d29823632d06:192.168.5.139:43573], old=null, confs=<EMPTY_MAP>
2019-08-20 16:35:46,230 [pool-38-thread-1] INFO  server.RaftServerConfigKeys (ConfUtils.java:logGet(43)) - raft.server.storage.dir = [/workdir/hadoop-ozone/tools/target/test-dir/MiniOzoneClusterImpl-be136bf1-c7ac-4d2e-9665-41f2df98132f/datanode-1/data/ratis] (custom)
2019-08-20 16:35:46,230 [pool-49-thread-1] INFO  storage.RaftStorageDirectory (RaftStorageDirectory.java:analyzeStorage(246)) - The storage directory /workdir/hadoop-ozone/tools/target/test-dir/MiniOzoneClusterImpl-be136bf1-c7ac-4d2e-9665-41f2df98132f/datanode-2/data/ratis/809c481f-fe15-4f84-90a9-856db2c06d82 does not exist. Creating ...
2019-08-20 16:35:46,230 [pool-38-thread-1] INFO  storage.RaftStorageDirectory (RaftStorageDirectory.java:analyzeStorage(246)) - The storage directory /workdir/hadoop-ozone/tools/target/test-dir/MiniOzoneClusterImpl-be136bf1-c7ac-4d2e-9665-41f2df98132f/datanode-1/data/ratis/809c481f-fe15-4f84-90a9-856db2c06d82 does not exist. Creating ...
 0.00% |█                                                                                                    |  0/1 Time: 0:00:232019-08-20 16:35:46,479 | INFO  | SCMAudit | user=jenkins1000 | ip=192.168.5.139 | op=SEND_HEARTBEAT {datanodeUUID=c9d5e90e-0dec-4e85-b4e2-d29823632d06, command=[]} | ret=SUCCESS |  
2019-08-20 16:35:46,720 | INFO  | SCMAudit | user=jenkins1000 | ip=192.168.5.139 | op=SEND_HEARTBEAT {datanodeUUID=8556a57b-07a2-43a1-b9c0-1edf0a6afefc, command=[]} | ret=SUCCESS |  
2019-08-20 16:35:46,844 [Thread-219] INFO  impl.FollowerState (FollowerState.java:run(106)) - c9d5e90e-0dec-4e85-b4e2-d29823632d06:group-016D7F0C51D5 changes to CANDIDATE, lastRpcTime:5440, electionTimeout:5130ms
2019-08-20 16:35:46,845 [Thread-219] INFO  impl.RoleInfo (RoleInfo.java:shutdownFollowerState(121)) - c9d5e90e-0dec-4e85-b4e2-d29823632d06: shutdown FollowerState
2019-08-20 16:35:46,845 [Thread-219] INFO  impl.RaftServerImpl (RaftServerImpl.java:setRole(171)) - c9d5e90e-0dec-4e85-b4e2-d29823632d06:group-016D7F0C51D5 changes role from FOLLOWER to CANDIDATE at term 2 for changeToCandidate
2019-08-20 16:35:46,845 [Thread-219] INFO  impl.RoleInfo (RoleInfo.java:updateAndGet(143)) - c9d5e90e-0dec-4e85-b4e2-d29823632d06: start LeaderElection
2019-08-20 16:35:46,849 [grpc-default-executor-0] INFO  impl.RaftServerImpl (RaftServerImpl.java:setRole(171)) - c9d5e90e-0dec-4e85-b4e2-d29823632d06:group-016D7F0C51D5 changes role from CANDIDATE to FOLLOWER at term 2 for recognizeCandidate:8556a57b-07a2-43a1-b9c0-1edf0a6afefc
2019-08-20 16:35:46,849 [grpc-default-executor-0] INFO  impl.RoleInfo (RoleInfo.java:shutdownLeaderElection(134)) - c9d5e90e-0dec-4e85-b4e2-d29823632d06: shutdown LeaderElection
2019-08-20 16:35:46,849 [grpc-default-executor-0] INFO  impl.RoleInfo (RoleInfo.java:updateAndGet(143)) - c9d5e90e-0dec-4e85-b4e2-d29823632d06: start FollowerState
2019-08-20 16:35:46,950 | INFO  | SCMAudit | user=jenkins1000 | ip=192.168.5.139 | op=SEND_HEARTBEAT {datanodeUUID=1cd99ed7-c0d2-41ff-a57e-f64a137aa790, command=[]} | ret=SUCCESS |  
 0.00% |█                                                                                                    |  0/1 Time: 0:00:242019-08-20 16:35:47,479 | INFO  | SCMAudit | user=jenkins1000 | ip=192.168.5.139 | op=SEND_HEARTBEAT {datanodeUUID=c9d5e90e-0dec-4e85-b4e2-d29823632d06, command=[]} | ret=SUCCESS |  
2019-08-20 16:35:47,721 | INFO  | SCMAudit | user=jenkins1000 | ip=192.168.5.139 | op=SEND_HEARTBEAT {datanodeUUID=8556a57b-07a2-43a1-b9c0-1edf0a6afefc, command=[]} | ret=SUCCESS |  
2019-08-20 16:35:47,950 | INFO  | SCMAudit | user=jenkins1000 | ip=192.168.5.139 | op=SEND_HEARTBEAT {datanodeUUID=1cd99ed7-c0d2-41ff-a57e-f64a137aa790, command=[]} | ret=SUCCESS |  
 0.00% |█                                                                                                    |  0/1 Time: 0:00:252019-08-20 16:35:48,479 | INFO  | SCMAudit | user=jenkins1000 | ip=192.168.5.139 | op=SEND_HEARTBEAT {datanodeUUID=c9d5e90e-0dec-4e85-b4e2-d29823632d06, command=[]} | ret=SUCCESS |  
2019-08-20 16:35:48,703 [pool-27-thread-1] INFO  storage.RaftStorageDirectory (RaftStorageDirectory.java:tryLock(328)) - Lock on /workdir/hadoop-ozone/tools/target/test-dir/MiniOzoneClusterImpl-be136bf1-c7ac-4d2e-9665-41f2df98132f/datanode-0/data/ratis/809c481f-fe15-4f84-90a9-856db2c06d82/in_use.lock acquired by nodename 27280@pr-hdds-1200-9hlr9-3148487106
2019-08-20 16:35:48,720 | INFO  | SCMAudit | user=jenkins1000 | ip=192.168.5.139 | op=SEND_HEARTBEAT {datanodeUUID=8556a57b-07a2-43a1-b9c0-1edf0a6afefc, command=[]} | ret=SUCCESS |  
2019-08-20 16:35:48,860 [pool-49-thread-1] INFO  storage.RaftStorageDirectory (RaftStorageDirectory.java:tryLock(328)) - Lock on /workdir/hadoop-ozone/tools/target/test-dir/MiniOzoneClusterImpl-be136bf1-c7ac-4d2e-9665-41f2df98132f/datanode-2/data/ratis/809c481f-fe15-4f84-90a9-856db2c06d82/in_use.lock acquired by nodename 27280@pr-hdds-1200-9hlr9-3148487106
2019-08-20 16:35:48,860 [pool-38-thread-1] INFO  storage.RaftStorageDirectory (RaftStorageDirectory.java:tryLock(328)) - Lock on /workdir/hadoop-ozone/tools/target/test-dir/MiniOzoneClusterImpl-be136bf1-c7ac-4d2e-9665-41f2df98132f/datanode-1/data/ratis/809c481f-fe15-4f84-90a9-856db2c06d82/in_use.lock acquired by nodename 27280@pr-hdds-1200-9hlr9-3148487106
2019-08-20 16:35:48,876 [c9d5e90e-0dec-4e85-b4e2-d29823632d06:group-016D7F0C51D5:LeaderElection7] INFO  impl.LeaderElection (LeaderElection.java:askForVotes(181)) - c9d5e90e-0dec-4e85-b4e2-d29823632d06:group-016D7F0C51D5:LeaderElection7: begin an election at term 3 for -1: [8556a57b-07a2-43a1-b9c0-1edf0a6afefc:192.168.5.139:40827, 1cd99ed7-c0d2-41ff-a57e-f64a137aa790:192.168.5.139:32924, c9d5e90e-0dec-4e85-b4e2-d29823632d06:192.168.5.139:43573], old=null
2019-08-20 16:35:48,877 [c9d5e90e-0dec-4e85-b4e2-d29823632d06:group-016D7F0C51D5:LeaderElection7] INFO  impl.LeaderElection (LeaderElection.java:logAndReturn(56)) - c9d5e90e-0dec-4e85-b4e2-d29823632d06:group-016D7F0C51D5:LeaderElection7: Election REJECTED; received 0 response(s) [] and 0 exception(s); c9d5e90e-0dec-4e85-b4e2-d29823632d06:t3, leader=null, voted=c9d5e90e-0dec-4e85-b4e2-d29823632d06, raftlog=c9d5e90e-0dec-4e85-b4e2-d29823632d06-SegmentedRaftLog:OPENED:c-1,f-1,i0, conf=-1: [8556a57b-07a2-43a1-b9c0-1edf0a6afefc:192.168.5.139:40827, 1cd99ed7-c0d2-41ff-a57e-f64a137aa790:192.168.5.139:32924, c9d5e90e-0dec-4e85-b4e2-d29823632d06:192.168.5.139:43573], old=null
2019-08-20 16:35:48,879 [pool-27-thread-1] INFO  storage.RaftStorage (RaftStorage.java:format(72)) - Storage directory /workdir/hadoop-ozone/tools/target/test-dir/MiniOzoneClusterImpl-be136bf1-c7ac-4d2e-9665-41f2df98132f/datanode-0/data/ratis/809c481f-fe15-4f84-90a9-856db2c06d82 has been successfully formatted.
2019-08-20 16:35:48,880 [pool-27-thread-1] INFO  ratis.ContainerStateMachine (ContainerStateMachine.java:loadSnapshot(222)) - group-856DB2C06D82: The snapshot info is null. Setting the last applied indexto:(t:0, i:~)
2019-08-20 16:35:48,880 [pool-27-thread-1] INFO  server.RaftServerConfigKeys (ConfUtils.java:logGet(43)) - raft.server.leader.election.timeout = 120s (custom)
2019-08-20 16:35:48,880 [pool-27-thread-1] INFO  server.RaftServerConfigKeys (ConfUtils.java:logGet(43)) - raft.server.log.use.memory = false (default)
2019-08-20 16:35:48,880 [pool-27-thread-1] INFO  server.RaftServerConfigKeys (ConfUtils.java:logGet(43)) - raft.server.log.purge.gap = 1000000 (custom)
2019-08-20 16:35:48,880 [pool-27-thread-1] INFO  server.RaftServerConfigKeys (ConfUtils.java:logGet(43)) - raft.server.log.appender.buffer.byte-limit = 33554432 (custom)
2019-08-20 16:35:48,880 [pool-27-thread-1] INFO  server.RaftServerConfigKeys (ConfUtils.java:logGet(43)) - raft.server.log.segment.size.max = 1048576 (custom)
2019-08-20 16:35:48,881 [pool-27-thread-1] INFO  server.RaftServerConfigKeys (ConfUtils.java:logGet(43)) - raft.server.log.segment.cache.num.max = 2 (custom)
2019-08-20 16:35:48,881 [pool-27-thread-1] INFO  segmented.SegmentedRaftLogWorker (SegmentedRaftLogWorker.java:<init>(172)) - new c9d5e90e-0dec-4e85-b4e2-d29823632d06-SegmentedRaftLogWorker:Storage Directory /workdir/hadoop-ozone/tools/target/test-dir/MiniOzoneClusterImpl-be136bf1-c7ac-4d2e-9665-41f2df98132f/datanode-0/data/ratis/809c481f-fe15-4f84-90a9-856db2c06d82 for RaftStorage:Storage Directory /workdir/hadoop-ozone/tools/target/test-dir/MiniOzoneClusterImpl-be136bf1-c7ac-4d2e-9665-41f2df98132f/datanode-0/data/ratis/809c481f-fe15-4f84-90a9-856db2c06d82
2019-08-20 16:35:48,881 [pool-27-thread-1] INFO  server.RaftServerConfigKeys (ConfUtils.java:logGet(43)) - raft.server.log.queue.byte-limit = 2147483647 (custom)
2019-08-20 16:35:48,881 [pool-27-thread-1] INFO  server.RaftServerConfigKeys (ConfUtils.java:logGet(43)) - raft.server.log.queue.element-limit = 1024 (custom)
2019-08-20 16:35:48,881 [pool-27-thread-1] INFO  server.RaftServerConfigKeys (ConfUtils.java:logGet(43)) - raft.server.log.segment.size.max = 1048576 (custom)
2019-08-20 16:35:48,881 [pool-27-thread-1] INFO  server.RaftServerConfigKeys (ConfUtils.java:logGet(43)) - raft.server.log.preallocated.size = 16384 (custom)
2019-08-20 16:35:48,882 [pool-27-thread-1] INFO  server.RaftServerConfigKeys (ConfUtils.java:logGet(43)) - raft.server.log.write.buffer.size = 33554432 (custom)
2019-08-20 16:35:48,882 [pool-27-thread-1] INFO  server.RaftServerConfigKeys (ConfUtils.java:logGet(43)) - raft.server.log.force.sync.num = 128 (default)
2019-08-20 16:35:48,882 [pool-27-thread-1] INFO  server.RaftServerConfigKeys (ConfUtils.java:logGet(43)) - raft.server.log.statemachine.data.sync = true (default)
2019-08-20 16:35:48,882 [pool-27-thread-1] INFO  server.RaftServerConfigKeys (ConfUtils.java:logGet(43)) - raft.server.log.statemachine.data.sync.timeout = 10s (default)
2019-08-20 16:35:48,882 [pool-27-thread-1] INFO  server.RaftServerConfigKeys (ConfUtils.java:logGet(43)) - raft.server.log.statemachine.data.sync.timeout.retry = -1 (default)
2019-08-20 16:35:48,882 [pool-27-thread-1] INFO  server.RaftServerConfigKeys (ConfUtils.java:logGet(43)) - raft.server.log.statemachine.data.caching.enabled = true (custom)
2019-08-20 16:35:48,884 [pool-27-thread-1] INFO  segmented.SegmentedRaftLogWorker (SegmentedRaftLogWorker.java:lambda$new$0(132)) - c9d5e90e-0dec-4e85-b4e2-d29823632d06-SegmentedRaftLogWorker:Storage Directory /workdir/hadoop-ozone/tools/target/test-dir/MiniOzoneClusterImpl-be136bf1-c7ac-4d2e-9665-41f2df98132f/datanode-0/data/ratis/809c481f-fe15-4f84-90a9-856db2c06d82: flushIndex: setUnconditionally 0 -> -1
2019-08-20 16:35:48,885 [grpc-default-executor-0] INFO  impl.RaftServerImpl (RaftServerImpl.java:setRole(171)) - 8556a57b-07a2-43a1-b9c0-1edf0a6afefc:group-016D7F0C51D5 changes role from FOLLOWER to FOLLOWER at term 3 for recognizeCandidate:c9d5e90e-0dec-4e85-b4e2-d29823632d06
2019-08-20 16:35:48,885 [pool-27-thread-1] INFO  server.RaftServerConfigKeys (ConfUtils.java:logGet(43)) - raft.server.snapshot.auto.trigger.enabled = true (custom)
2019-08-20 16:35:48,885 [grpc-default-executor-3] INFO  impl.RaftServerImpl (RaftServerImpl.java:setRole(171)) - 1cd99ed7-c0d2-41ff-a57e-f64a137aa790:group-016D7F0C51D5 changes role from FOLLOWER to FOLLOWER at term 3 for recognizeCandidate:c9d5e90e-0dec-4e85-b4e2-d29823632d06
2019-08-20 16:35:48,886 [pool-27-thread-1] INFO  server.RaftServerConfigKeys (ConfUtils.java:logGet(43)) - raft.server.snapshot.auto.trigger.threshold = 10000 (custom)
2019-08-20 16:35:48,886 [grpc-default-executor-0] INFO  impl.RoleInfo (RoleInfo.java:shutdownFollowerState(121)) - 8556a57b-07a2-43a1-b9c0-1edf0a6afefc: shutdown FollowerState
2019-08-20 16:35:48,887 [pool-27-thread-1] INFO  server.RaftServerConfigKeys (ConfUtils.java:logGet(43)) - raft.server.retrycache.expirytime = 600000ms (custom)
2019-08-20 16:35:48,887 [grpc-default-executor-0] INFO  impl.RoleInfo (RoleInfo.java:updateAndGet(143)) - 8556a57b-07a2-43a1-b9c0-1edf0a6afefc: start FollowerState
2019-08-20 16:35:48,886 [grpc-default-executor-3] INFO  impl.RoleInfo (RoleInfo.java:shutdownFollowerState(121)) - 1cd99ed7-c0d2-41ff-a57e-f64a137aa790: shutdown FollowerState
2019-08-20 16:35:48,887 [Thread-225] INFO  impl.FollowerState (FollowerState.java:run(114)) - 8556a57b-07a2-43a1-b9c0-1edf0a6afefc: FollowerState was interrupted: java.lang.InterruptedException: sleep interrupted
2019-08-20 16:35:48,887 [Thread-224] INFO  impl.FollowerState (FollowerState.java:run(114)) - 1cd99ed7-c0d2-41ff-a57e-f64a137aa790: FollowerState was interrupted: java.lang.InterruptedException: sleep interrupted
2019-08-20 16:35:48,887 [grpc-default-executor-3] INFO  impl.RoleInfo (RoleInfo.java:updateAndGet(143)) - 1cd99ed7-c0d2-41ff-a57e-f64a137aa790: start FollowerState
2019-08-20 16:35:48,891 [pool-38-thread-1] INFO  storage.RaftStorage (RaftStorage.java:format(72)) - Storage directory /workdir/hadoop-ozone/tools/target/test-dir/MiniOzoneClusterImpl-be136bf1-c7ac-4d2e-9665-41f2df98132f/datanode-1/data/ratis/809c481f-fe15-4f84-90a9-856db2c06d82 has been successfully formatted.
2019-08-20 16:35:48,891 [pool-49-thread-1] INFO  storage.RaftStorage (RaftStorage.java:format(72)) - Storage directory /workdir/hadoop-ozone/tools/target/test-dir/MiniOzoneClusterImpl-be136bf1-c7ac-4d2e-9665-41f2df98132f/datanode-2/data/ratis/809c481f-fe15-4f84-90a9-856db2c06d82 has been successfully formatted.
2019-08-20 16:35:48,891 [pool-38-thread-1] INFO  ratis.ContainerStateMachine (ContainerStateMachine.java:loadSnapshot(222)) - group-856DB2C06D82: The snapshot info is null. Setting the last applied indexto:(t:0, i:~)
2019-08-20 16:35:48,894 [pool-38-thread-1] INFO  server.RaftServerConfigKeys (ConfUtils.java:logGet(43)) - raft.server.leader.election.timeout = 120s (custom)
2019-08-20 16:35:48,894 [pool-49-thread-1] INFO  ratis.ContainerStateMachine (ContainerStateMachine.java:loadSnapshot(222)) - group-856DB2C06D82: The snapshot info is null. Setting the last applied indexto:(t:0, i:~)
2019-08-20 16:35:48,894 [pool-38-thread-1] INFO  server.RaftServerConfigKeys (ConfUtils.java:logGet(43)) - raft.server.log.use.memory = false (default)
2019-08-20 16:35:48,894 [pool-49-thread-1] INFO  server.RaftServerConfigKeys (ConfUtils.java:logGet(43)) - raft.server.leader.election.timeout = 120s (custom)
2019-08-20 16:35:48,894 [pool-27-thread-1] INFO  impl.RaftServerImpl (RaftServerImpl.java:<init>(93)) - c9d5e90e-0dec-4e85-b4e2-d29823632d06: new RaftServerImpl for group-B22F019AFF59:[8556a57b-07a2-43a1-b9c0-1edf0a6afefc:192.168.5.139:40827, 1cd99ed7-c0d2-41ff-a57e-f64a137aa790:192.168.5.139:32924, c9d5e90e-0dec-4e85-b4e2-d29823632d06:192.168.5.139:43573] with ContainerStateMachine:uninitialized
2019-08-20 16:35:48,895 [pool-49-thread-1] INFO  server.RaftServerConfigKeys (ConfUtils.java:logGet(43)) - raft.server.log.use.memory = false (default)
2019-08-20 16:35:48,895 [pool-38-thread-1] INFO  server.RaftServerConfigKeys (ConfUtils.java:logGet(43)) - raft.server.log.purge.gap = 1000000 (custom)
2019-08-20 16:35:48,895 [pool-27-thread-1] INFO  server.RaftServerConfigKeys (ConfUtils.java:logGet(43)) - raft.server.rpc.timeout.min = 5s (custom)
2019-08-20 16:35:48,895 [pool-49-thread-1] INFO  server.RaftServerConfigKeys (ConfUtils.java:logGet(43)) - raft.server.log.purge.gap = 1000000 (custom)
2019-08-20 16:35:48,895 [pool-27-thread-1] INFO  server.RaftServerConfigKeys (ConfUtils.java:logGet(43)) - raft.server.rpc.timeout.max = 5200ms (custom)
2019-08-20 16:35:48,895 [pool-38-thread-1] INFO  server.RaftServerConfigKeys (ConfUtils.java:logGet(43)) - raft.server.log.appender.buffer.byte-limit = 33554432 (custom)
2019-08-20 16:35:48,896 [pool-27-thread-1] INFO  server.RaftServerConfigKeys (ConfUtils.java:logGet(43)) - raft.server.rpcslowness.timeout = 120s (custom)
2019-08-20 16:35:48,896 [pool-49-thread-1] INFO  server.RaftServerConfigKeys (ConfUtils.java:logGet(43)) - raft.server.log.appender.buffer.byte-limit = 33554432 (custom)
2019-08-20 16:35:48,896 [pool-27-thread-1] INFO  server.RaftServerConfigKeys (ConfUtils.java:logGet(43)) - raft.server.sleep.deviation.threshold = 300 (default)
2019-08-20 16:35:48,896 [pool-38-thread-1] INFO  server.RaftServerConfigKeys (ConfUtils.java:logGet(43)) - raft.server.log.segment.size.max = 1048576 (custom)
2019-08-20 16:35:48,896 [pool-27-thread-1] INFO  server.RaftServerConfigKeys (ConfUtils.java:logGet(43)) - raft.server.log.appender.install.snapshot.enabled = false (custom)
2019-08-20 16:35:48,896 [pool-49-thread-1] INFO  server.RaftServerConfigKeys (ConfUtils.java:logGet(43)) - raft.server.log.segment.size.max = 1048576 (custom)
2019-08-20 16:35:48,897 [pool-27-thread-1] INFO  impl.RaftServerImpl (ServerState.java:<init>(105)) - c9d5e90e-0dec-4e85-b4e2-d29823632d06:group-B22F019AFF59 ConfigurationManager, init=-1: [8556a57b-07a2-43a1-b9c0-1edf0a6afefc:192.168.5.139:40827, 1cd99ed7-c0d2-41ff-a57e-f64a137aa790:192.168.5.139:32924, c9d5e90e-0dec-4e85-b4e2-d29823632d06:192.168.5.139:43573], old=null, confs=<EMPTY_MAP>
2019-08-20 16:35:48,897 [pool-38-thread-1] INFO  server.RaftServerConfigKeys (ConfUtils.java:logGet(43)) - raft.server.log.segment.cache.num.max = 2 (custom)
2019-08-20 16:35:48,897 [pool-49-thread-1] INFO  server.RaftServerConfigKeys (ConfUtils.java:logGet(43)) - raft.server.log.segment.cache.num.max = 2 (custom)
2019-08-20 16:35:48,897 [pool-38-thread-1] INFO  segmented.SegmentedRaftLogWorker (SegmentedRaftLogWorker.java:<init>(172)) - new 8556a57b-07a2-43a1-b9c0-1edf0a6afefc-SegmentedRaftLogWorker:Storage Directory /workdir/hadoop-ozone/tools/target/test-dir/MiniOzoneClusterImpl-be136bf1-c7ac-4d2e-9665-41f2df98132f/datanode-1/data/ratis/809c481f-fe15-4f84-90a9-856db2c06d82 for RaftStorage:Storage Directory /workdir/hadoop-ozone/tools/target/test-dir/MiniOzoneClusterImpl-be136bf1-c7ac-4d2e-9665-41f2df98132f/datanode-1/data/ratis/809c481f-fe15-4f84-90a9-856db2c06d82
2019-08-20 16:35:48,897 [pool-27-thread-1] INFO  server.RaftServerConfigKeys (ConfUtils.java:logGet(43)) - raft.server.storage.dir = [/workdir/hadoop-ozone/tools/target/test-dir/MiniOzoneClusterImpl-be136bf1-c7ac-4d2e-9665-41f2df98132f/datanode-0/data/ratis] (custom)
2019-08-20 16:35:48,897 [pool-38-thread-1] INFO  server.RaftServerConfigKeys (ConfUtils.java:logGet(43)) - raft.server.log.queue.byte-limit = 2147483647 (custom)
2019-08-20 16:35:48,897 [pool-49-thread-1] INFO  segmented.SegmentedRaftLogWorker (SegmentedRaftLogWorker.java:<init>(172)) - new 1cd99ed7-c0d2-41ff-a57e-f64a137aa790-SegmentedRaftLogWorker:Storage Directory /workdir/hadoop-ozone/tools/target/test-dir/MiniOzoneClusterImpl-be136bf1-c7ac-4d2e-9665-41f2df98132f/datanode-2/data/ratis/809c481f-fe15-4f84-90a9-856db2c06d82 for RaftStorage:Storage Directory /workdir/hadoop-ozone/tools/target/test-dir/MiniOzoneClusterImpl-be136bf1-c7ac-4d2e-9665-41f2df98132f/datanode-2/data/ratis/809c481f-fe15-4f84-90a9-856db2c06d82
2019-08-20 16:35:48,899 [pool-38-thread-1] INFO  server.RaftServerConfigKeys (ConfUtils.java:logGet(43)) - raft.server.log.queue.element-limit = 1024 (custom)
2019-08-20 16:35:48,899 [pool-49-thread-1] INFO  server.RaftServerConfigKeys (ConfUtils.java:logGet(43)) - raft.server.log.queue.byte-limit = 2147483647 (custom)
2019-08-20 16:35:48,899 [pool-27-thread-1] INFO  storage.RaftStorageDirectory (RaftStorageDirectory.java:analyzeStorage(246)) - The storage directory /workdir/hadoop-ozone/tools/target/test-dir/MiniOzoneClusterImpl-be136bf1-c7ac-4d2e-9665-41f2df98132f/datanode-0/data/ratis/3ef051d5-cfca-45f3-b6da-b22f019aff59 does not exist. Creating ...
2019-08-20 16:35:48,904 [pool-49-thread-1] INFO  server.RaftServerConfigKeys (ConfUtils.java:logGet(43)) - raft.server.log.queue.element-limit = 1024 (custom)
2019-08-20 16:35:48,899 [pool-38-thread-1] INFO  server.RaftServerConfigKeys (ConfUtils.java:logGet(43)) - raft.server.log.segment.size.max = 1048576 (custom)
2019-08-20 16:35:48,906 [pool-49-thread-1] INFO  server.RaftServerConfigKeys (ConfUtils.java:logGet(43)) - raft.server.log.segment.size.max = 1048576 (custom)
2019-08-20 16:35:48,906 [pool-38-thread-1] INFO  server.RaftServerConfigKeys (ConfUtils.java:logGet(43)) - raft.server.log.preallocated.size = 16384 (custom)
2019-08-20 16:35:48,906 [pool-49-thread-1] INFO  server.RaftServerConfigKeys (ConfUtils.java:logGet(43)) - raft.server.log.preallocated.size = 16384 (custom)
2019-08-20 16:35:48,906 [pool-38-thread-1] INFO  server.RaftServerConfigKeys (ConfUtils.java:logGet(43)) - raft.server.log.write.buffer.size = 33554432 (custom)
2019-08-20 16:35:48,906 [pool-49-thread-1] INFO  server.RaftServerConfigKeys (ConfUtils.java:logGet(43)) - raft.server.log.write.buffer.size = 33554432 (custom)
2019-08-20 16:35:48,907 [pool-38-thread-1] INFO  server.RaftServerConfigKeys (ConfUtils.java:logGet(43)) - raft.server.log.force.sync.num = 128 (default)
2019-08-20 16:35:48,907 [pool-49-thread-1] INFO  server.RaftServerConfigKeys (ConfUtils.java:logGet(43)) - raft.server.log.force.sync.num = 128 (default)
2019-08-20 16:35:48,907 [pool-38-thread-1] INFO  server.RaftServerConfigKeys (ConfUtils.java:logGet(43)) - raft.server.log.statemachine.data.sync = true (default)
2019-08-20 16:35:48,907 [pool-49-thread-1] INFO  server.RaftServerConfigKeys (ConfUtils.java:logGet(43)) - raft.server.log.statemachine.data.sync = true (default)
2019-08-20 16:35:48,907 [pool-38-thread-1] INFO  server.RaftServerConfigKeys (ConfUtils.java:logGet(43)) - raft.server.log.statemachine.data.sync.timeout = 10s (default)
2019-08-20 16:35:48,907 [pool-49-thread-1] INFO  server.RaftServerConfigKeys (ConfUtils.java:logGet(43)) - raft.server.log.statemachine.data.sync.timeout = 10s (default)
2019-08-20 16:35:48,907 [pool-38-thread-1] INFO  server.RaftServerConfigKeys (ConfUtils.java:logGet(43)) - raft.server.log.statemachine.data.sync.timeout.retry = -1 (default)
2019-08-20 16:35:48,908 [pool-49-thread-1] INFO  server.RaftServerConfigKeys (ConfUtils.java:logGet(43)) - raft.server.log.statemachine.data.sync.timeout.retry = -1 (default)
2019-08-20 16:35:48,908 [pool-38-thread-1] INFO  server.RaftServerConfigKeys (ConfUtils.java:logGet(43)) - raft.server.log.statemachine.data.caching.enabled = true (custom)
2019-08-20 16:35:48,908 [pool-49-thread-1] INFO  server.RaftServerConfigKeys (ConfUtils.java:logGet(43)) - raft.server.log.statemachine.data.caching.enabled = true (custom)
2019-08-20 16:35:48,908 [pool-38-thread-1] INFO  segmented.SegmentedRaftLogWorker (SegmentedRaftLogWorker.java:lambda$new$0(132)) - 8556a57b-07a2-43a1-b9c0-1edf0a6afefc-SegmentedRaftLogWorker:Storage Directory /workdir/hadoop-ozone/tools/target/test-dir/MiniOzoneClusterImpl-be136bf1-c7ac-4d2e-9665-41f2df98132f/datanode-1/data/ratis/809c481f-fe15-4f84-90a9-856db2c06d82: flushIndex: setUnconditionally 0 -> -1
2019-08-20 16:35:48,908 [pool-49-thread-1] INFO  segmented.SegmentedRaftLogWorker (SegmentedRaftLogWorker.java:lambda$new$0(132)) - 1cd99ed7-c0d2-41ff-a57e-f64a137aa790-SegmentedRaftLogWorker:Storage Directory /workdir/hadoop-ozone/tools/target/test-dir/MiniOzoneClusterImpl-be136bf1-c7ac-4d2e-9665-41f2df98132f/datanode-2/data/ratis/809c481f-fe15-4f84-90a9-856db2c06d82: flushIndex: setUnconditionally 0 -> -1
2019-08-20 16:35:48,909 [pool-38-thread-1] INFO  server.RaftServerConfigKeys (ConfUtils.java:logGet(43)) - raft.server.snapshot.auto.trigger.enabled = true (custom)
2019-08-20 16:35:48,909 [pool-49-thread-1] INFO  server.RaftServerConfigKeys (ConfUtils.java:logGet(43)) - raft.server.snapshot.auto.trigger.enabled = true (custom)
2019-08-20 16:35:48,909 [pool-38-thread-1] INFO  server.RaftServerConfigKeys (ConfUtils.java:logGet(43)) - raft.server.snapshot.auto.trigger.threshold = 10000 (custom)
2019-08-20 16:35:48,909 [pool-49-thread-1] INFO  server.RaftServerConfigKeys (ConfUtils.java:logGet(43)) - raft.server.snapshot.auto.trigger.threshold = 10000 (custom)
2019-08-20 16:35:48,909 [pool-38-thread-1] INFO  server.RaftServerConfigKeys (ConfUtils.java:logGet(43)) - raft.server.retrycache.expirytime = 600000ms (custom)
2019-08-20 16:35:48,909 [pool-49-thread-1] INFO  server.RaftServerConfigKeys (ConfUtils.java:logGet(43)) - raft.server.retrycache.expirytime = 600000ms (custom)
2019-08-20 16:35:48,911 [pool-38-thread-1] INFO  impl.RaftServerImpl (RaftServerImpl.java:<init>(93)) - 8556a57b-07a2-43a1-b9c0-1edf0a6afefc: new RaftServerImpl for group-B22F019AFF59:[8556a57b-07a2-43a1-b9c0-1edf0a6afefc:192.168.5.139:40827, 1cd99ed7-c0d2-41ff-a57e-f64a137aa790:192.168.5.139:32924, c9d5e90e-0dec-4e85-b4e2-d29823632d06:192.168.5.139:43573] with ContainerStateMachine:uninitialized
2019-08-20 16:35:48,911 [pool-38-thread-1] INFO  server.RaftServerConfigKeys (ConfUtils.java:logGet(43)) - raft.server.rpc.timeout.min = 5s (custom)
2019-08-20 16:35:48,912 [pool-38-thread-1] INFO  server.RaftServerConfigKeys (ConfUtils.java:logGet(43)) - raft.server.rpc.timeout.max = 5200ms (custom)
2019-08-20 16:35:48,912 [pool-38-thread-1] INFO  server.RaftServerConfigKeys (ConfUtils.java:logGet(43)) - raft.server.rpcslowness.timeout = 120s (custom)
2019-08-20 16:35:48,912 [pool-38-thread-1] INFO  server.RaftServerConfigKeys (ConfUtils.java:logGet(43)) - raft.server.sleep.deviation.threshold = 300 (default)
2019-08-20 16:35:48,912 [pool-38-thread-1] INFO  server.RaftServerConfigKeys (ConfUtils.java:logGet(43)) - raft.server.log.appender.install.snapshot.enabled = false (custom)
2019-08-20 16:35:48,912 [pool-38-thread-1] INFO  impl.RaftServerImpl (ServerState.java:<init>(105)) - 8556a57b-07a2-43a1-b9c0-1edf0a6afefc:group-B22F019AFF59 ConfigurationManager, init=-1: [8556a57b-07a2-43a1-b9c0-1edf0a6afefc:192.168.5.139:40827, 1cd99ed7-c0d2-41ff-a57e-f64a137aa790:192.168.5.139:32924, c9d5e90e-0dec-4e85-b4e2-d29823632d06:192.168.5.139:43573], old=null, confs=<EMPTY_MAP>
2019-08-20 16:35:48,912 [pool-38-thread-1] INFO  server.RaftServerConfigKeys (ConfUtils.java:logGet(43)) - raft.server.storage.dir = [/workdir/hadoop-ozone/tools/target/test-dir/MiniOzoneClusterImpl-be136bf1-c7ac-4d2e-9665-41f2df98132f/datanode-1/data/ratis] (custom)
2019-08-20 16:35:48,912 [pool-49-thread-1] INFO  impl.RaftServerImpl (RaftServerImpl.java:<init>(93)) - 1cd99ed7-c0d2-41ff-a57e-f64a137aa790: new RaftServerImpl for group-B22F019AFF59:[8556a57b-07a2-43a1-b9c0-1edf0a6afefc:192.168.5.139:40827, 1cd99ed7-c0d2-41ff-a57e-f64a137aa790:192.168.5.139:32924, c9d5e90e-0dec-4e85-b4e2-d29823632d06:192.168.5.139:43573] with ContainerStateMachine:uninitialized
2019-08-20 16:35:48,913 [pool-49-thread-1] INFO  server.RaftServerConfigKeys (ConfUtils.java:logGet(43)) - raft.server.rpc.timeout.min = 5s (custom)
2019-08-20 16:35:48,913 [pool-38-thread-1] INFO  storage.RaftStorageDirectory (RaftStorageDirectory.java:analyzeStorage(246)) - The storage directory /workdir/hadoop-ozone/tools/target/test-dir/MiniOzoneClusterImpl-be136bf1-c7ac-4d2e-9665-41f2df98132f/datanode-1/data/ratis/3ef051d5-cfca-45f3-b6da-b22f019aff59 does not exist. Creating ...
2019-08-20 16:35:48,913 [pool-49-thread-1] INFO  server.RaftServerConfigKeys (ConfUtils.java:logGet(43)) - raft.server.rpc.timeout.max = 5200ms (custom)
2019-08-20 16:35:48,913 [pool-49-thread-1] INFO  server.RaftServerConfigKeys (ConfUtils.java:logGet(43)) - raft.server.rpcslowness.timeout = 120s (custom)
2019-08-20 16:35:48,913 [pool-49-thread-1] INFO  server.RaftServerConfigKeys (ConfUtils.java:logGet(43)) - raft.server.sleep.deviation.threshold = 300 (default)
2019-08-20 16:35:48,913 [pool-49-thread-1] INFO  server.RaftServerConfigKeys (ConfUtils.java:logGet(43)) - raft.server.log.appender.install.snapshot.enabled = false (custom)
2019-08-20 16:35:48,914 [pool-49-thread-1] INFO  impl.RaftServerImpl (ServerState.java:<init>(105)) - 1cd99ed7-c0d2-41ff-a57e-f64a137aa790:group-B22F019AFF59 ConfigurationManager, init=-1: [8556a57b-07a2-43a1-b9c0-1edf0a6afefc:192.168.5.139:40827, 1cd99ed7-c0d2-41ff-a57e-f64a137aa790:192.168.5.139:32924, c9d5e90e-0dec-4e85-b4e2-d29823632d06:192.168.5.139:43573], old=null, confs=<EMPTY_MAP>
2019-08-20 16:35:48,914 [pool-49-thread-1] INFO  server.RaftServerConfigKeys (ConfUtils.java:logGet(43)) - raft.server.storage.dir = [/workdir/hadoop-ozone/tools/target/test-dir/MiniOzoneClusterImpl-be136bf1-c7ac-4d2e-9665-41f2df98132f/datanode-2/data/ratis] (custom)
2019-08-20 16:35:48,914 [pool-49-thread-1] INFO  storage.RaftStorageDirectory (RaftStorageDirectory.java:analyzeStorage(246)) - The storage directory /workdir/hadoop-ozone/tools/target/test-dir/MiniOzoneClusterImpl-be136bf1-c7ac-4d2e-9665-41f2df98132f/datanode-2/data/ratis/3ef051d5-cfca-45f3-b6da-b22f019aff59 does not exist. Creating ...
2019-08-20 16:35:48,934 [pool-49-thread-1] INFO  storage.RaftStorageDirectory (RaftStorageDirectory.java:tryLock(328)) - Lock on /workdir/hadoop-ozone/tools/target/test-dir/MiniOzoneClusterImpl-be136bf1-c7ac-4d2e-9665-41f2df98132f/datanode-2/data/ratis/3ef051d5-cfca-45f3-b6da-b22f019aff59/in_use.lock acquired by nodename 27280@pr-hdds-1200-9hlr9-3148487106
2019-08-20 16:35:48,934 [pool-38-thread-1] INFO  storage.RaftStorageDirectory (RaftStorageDirectory.java:tryLock(328)) - Lock on /workdir/hadoop-ozone/tools/target/test-dir/MiniOzoneClusterImpl-be136bf1-c7ac-4d2e-9665-41f2df98132f/datanode-1/data/ratis/3ef051d5-cfca-45f3-b6da-b22f019aff59/in_use.lock acquired by nodename 27280@pr-hdds-1200-9hlr9-3148487106
2019-08-20 16:35:48,934 [pool-27-thread-1] INFO  storage.RaftStorageDirectory (RaftStorageDirectory.java:tryLock(328)) - Lock on /workdir/hadoop-ozone/tools/target/test-dir/MiniOzoneClusterImpl-be136bf1-c7ac-4d2e-9665-41f2df98132f/datanode-0/data/ratis/3ef051d5-cfca-45f3-b6da-b22f019aff59/in_use.lock acquired by nodename 27280@pr-hdds-1200-9hlr9-3148487106
2019-08-20 16:35:48,946 [pool-27-thread-1] INFO  storage.RaftStorage (RaftStorage.java:format(72)) - Storage directory /workdir/hadoop-ozone/tools/target/test-dir/MiniOzoneClusterImpl-be136bf1-c7ac-4d2e-9665-41f2df98132f/datanode-0/data/ratis/3ef051d5-cfca-45f3-b6da-b22f019aff59 has been successfully formatted.
2019-08-20 16:35:48,946 [pool-49-thread-1] INFO  storage.RaftStorage (RaftStorage.java:format(72)) - Storage directory /workdir/hadoop-ozone/tools/target/test-dir/MiniOzoneClusterImpl-be136bf1-c7ac-4d2e-9665-41f2df98132f/datanode-2/data/ratis/3ef051d5-cfca-45f3-b6da-b22f019aff59 has been successfully formatted.
2019-08-20 16:35:48,946 [pool-27-thread-1] INFO  ratis.ContainerStateMachine (ContainerStateMachine.java:loadSnapshot(222)) - group-B22F019AFF59: The snapshot info is null. Setting the last applied indexto:(t:0, i:~)
2019-08-20 16:35:48,946 [pool-38-thread-1] INFO  storage.RaftStorage (RaftStorage.java:format(72)) - Storage directory /workdir/hadoop-ozone/tools/target/test-dir/MiniOzoneClusterImpl-be136bf1-c7ac-4d2e-9665-41f2df98132f/datanode-1/data/ratis/3ef051d5-cfca-45f3-b6da-b22f019aff59 has been successfully formatted.
2019-08-20 16:35:48,946 [pool-49-thread-1] INFO  ratis.ContainerStateMachine (ContainerStateMachine.java:loadSnapshot(222)) - group-B22F019AFF59: The snapshot info is null. Setting the last applied indexto:(t:0, i:~)
2019-08-20 16:35:48,947 [pool-38-thread-1] INFO  ratis.ContainerStateMachine (ContainerStateMachine.java:loadSnapshot(222)) - group-B22F019AFF59: The snapshot info is null. Setting the last applied indexto:(t:0, i:~)
2019-08-20 16:35:48,946 [pool-27-thread-1] INFO  server.RaftServerConfigKeys (ConfUtils.java:logGet(43)) - raft.server.leader.election.timeout = 120s (custom)
2019-08-20 16:35:48,947 [pool-38-thread-1] INFO  server.RaftServerConfigKeys (ConfUtils.java:logGet(43)) - raft.server.leader.election.timeout = 120s (custom)
2019-08-20 16:35:48,947 [pool-49-thread-1] INFO  server.RaftServerConfigKeys (ConfUtils.java:logGet(43)) - raft.server.leader.election.timeout = 120s (custom)
2019-08-20 16:35:48,947 [pool-38-thread-1] INFO  server.RaftServerConfigKeys (ConfUtils.java:logGet(43)) - raft.server.log.use.memory = false (default)
2019-08-20 16:35:48,947 [pool-27-thread-1] INFO  server.RaftServerConfigKeys (ConfUtils.java:logGet(43)) - raft.server.log.use.memory = false (default)
2019-08-20 16:35:48,947 [pool-38-thread-1] INFO  server.RaftServerConfigKeys (ConfUtils.java:logGet(43)) - raft.server.log.purge.gap = 1000000 (custom)
2019-08-20 16:35:48,947 [pool-49-thread-1] INFO  server.RaftServerConfigKeys (ConfUtils.java:logGet(43)) - raft.server.log.use.memory = false (default)
2019-08-20 16:35:48,948 [pool-38-thread-1] INFO  server.RaftServerConfigKeys (ConfUtils.java:logGet(43)) - raft.server.log.appender.buffer.byte-limit = 33554432 (custom)
2019-08-20 16:35:48,947 [pool-27-thread-1] INFO  server.RaftServerConfigKeys (ConfUtils.java:logGet(43)) - raft.server.log.purge.gap = 1000000 (custom)
2019-08-20 16:35:48,948 [pool-38-thread-1] INFO  server.RaftServerConfigKeys (ConfUtils.java:logGet(43)) - raft.server.log.segment.size.max = 1048576 (custom)
2019-08-20 16:35:48,948 [pool-49-thread-1] INFO  server.RaftServerConfigKeys (ConfUtils.java:logGet(43)) - raft.server.log.purge.gap = 1000000 (custom)
2019-08-20 16:35:48,948 [pool-38-thread-1] INFO  server.RaftServerConfigKeys (ConfUtils.java:logGet(43)) - raft.server.log.segment.cache.num.max = 2 (custom)
2019-08-20 16:35:48,948 [pool-27-thread-1] INFO  server.RaftServerConfigKeys (ConfUtils.java:logGet(43)) - raft.server.log.appender.buffer.byte-limit = 33554432 (custom)
2019-08-20 16:35:48,948 [pool-38-thread-1] INFO  segmented.SegmentedRaftLogWorker (SegmentedRaftLogWorker.java:<init>(172)) - new 8556a57b-07a2-43a1-b9c0-1edf0a6afefc-SegmentedRaftLogWorker:Storage Directory /workdir/hadoop-ozone/tools/target/test-dir/MiniOzoneClusterImpl-be136bf1-c7ac-4d2e-9665-41f2df98132f/datanode-1/data/ratis/3ef051d5-cfca-45f3-b6da-b22f019aff59 for RaftStorage:Storage Directory /workdir/hadoop-ozone/tools/target/test-dir/MiniOzoneClusterImpl-be136bf1-c7ac-4d2e-9665-41f2df98132f/datanode-1/data/ratis/3ef051d5-cfca-45f3-b6da-b22f019aff59
2019-08-20 16:35:48,948 [pool-49-thread-1] INFO  server.RaftServerConfigKeys (ConfUtils.java:logGet(43)) - raft.server.log.appender.buffer.byte-limit = 33554432 (custom)
2019-08-20 16:35:48,949 [pool-38-thread-1] INFO  server.RaftServerConfigKeys (ConfUtils.java:logGet(43)) - raft.server.log.queue.byte-limit = 2147483647 (custom)
2019-08-20 16:35:48,948 [pool-27-thread-1] INFO  server.RaftServerConfigKeys (ConfUtils.java:logGet(43)) - raft.server.log.segment.size.max = 1048576 (custom)
2019-08-20 16:35:48,950 [pool-38-thread-1] INFO  server.RaftServerConfigKeys (ConfUtils.java:logGet(43)) - raft.server.log.queue.element-limit = 1024 (custom)
2019-08-20 16:35:48,950 [pool-49-thread-1] INFO  server.RaftServerConfigKeys (ConfUtils.java:logGet(43)) - raft.server.log.segment.size.max = 1048576 (custom)
2019-08-20 16:35:48,950 [pool-38-thread-1] INFO  server.RaftServerConfigKeys (ConfUtils.java:logGet(43)) - raft.server.log.segment.size.max = 1048576 (custom)
2019-08-20 16:35:48,950 [pool-27-thread-1] INFO  server.RaftServerConfigKeys (ConfUtils.java:logGet(43)) - raft.server.log.segment.cache.num.max = 2 (custom)
2019-08-20 16:35:48,951 [pool-38-thread-1] INFO  server.RaftServerConfigKeys (ConfUtils.java:logGet(43)) - raft.server.log.preallocated.size = 16384 (custom)
2019-08-20 16:35:48,951 [pool-49-thread-1] INFO  server.RaftServerConfigKeys (ConfUtils.java:logGet(43)) - raft.server.log.segment.cache.num.max = 2 (custom)
2019-08-20 16:35:48,951 [pool-38-thread-1] INFO  server.RaftServerConfigKeys (ConfUtils.java:logGet(43)) - raft.server.log.write.buffer.size = 33554432 (custom)
2019-08-20 16:35:48,951 [pool-27-thread-1] INFO  segmented.SegmentedRaftLogWorker (SegmentedRaftLogWorker.java:<init>(172)) - new c9d5e90e-0dec-4e85-b4e2-d29823632d06-SegmentedRaftLogWorker:Storage Directory /workdir/hadoop-ozone/tools/target/test-dir/MiniOzoneClusterImpl-be136bf1-c7ac-4d2e-9665-41f2df98132f/datanode-0/data/ratis/3ef051d5-cfca-45f3-b6da-b22f019aff59 for RaftStorage:Storage Directory /workdir/hadoop-ozone/tools/target/test-dir/MiniOzoneClusterImpl-be136bf1-c7ac-4d2e-9665-41f2df98132f/datanode-0/data/ratis/3ef051d5-cfca-45f3-b6da-b22f019aff59
2019-08-20 16:35:48,951 [pool-38-thread-1] INFO  server.RaftServerConfigKeys (ConfUtils.java:logGet(43)) - raft.server.log.force.sync.num = 128 (default)
2019-08-20 16:35:48,951 | INFO  | SCMAudit | user=jenkins1000 | ip=192.168.5.139 | op=SEND_HEARTBEAT {datanodeUUID=1cd99ed7-c0d2-41ff-a57e-f64a137aa790, command=[]} | ret=SUCCESS |  
2019-08-20 16:35:48,951 [pool-49-thread-1] INFO  segmented.SegmentedRaftLogWorker (SegmentedRaftLogWorker.java:<init>(172)) - new 1cd99ed7-c0d2-41ff-a57e-f64a137aa790-SegmentedRaftLogWorker:Storage Directory /workdir/hadoop-ozone/tools/target/test-dir/MiniOzoneClusterImpl-be136bf1-c7ac-4d2e-9665-41f2df98132f/datanode-2/data/ratis/3ef051d5-cfca-45f3-b6da-b22f019aff59 for RaftStorage:Storage Directory /workdir/hadoop-ozone/tools/target/test-dir/MiniOzoneClusterImpl-be136bf1-c7ac-4d2e-9665-41f2df98132f/datanode-2/data/ratis/3ef051d5-cfca-45f3-b6da-b22f019aff59
2019-08-20 16:35:48,952 [pool-38-thread-1] INFO  server.RaftServerConfigKeys (ConfUtils.java:logGet(43)) - raft.server.log.statemachine.data.sync = true (default)
2019-08-20 16:35:48,951 [pool-27-thread-1] INFO  server.RaftServerConfigKeys (ConfUtils.java:logGet(43)) - raft.server.log.queue.byte-limit = 2147483647 (custom)
2019-08-20 16:35:48,954 [pool-38-thread-1] INFO  server.RaftServerConfigKeys (ConfUtils.java:logGet(43)) - raft.server.log.statemachine.data.sync.timeout = 10s (default)
2019-08-20 16:35:48,953 [pool-49-thread-1] INFO  server.RaftServerConfigKeys (ConfUtils.java:logGet(43)) - raft.server.log.queue.byte-limit = 2147483647 (custom)
2019-08-20 16:35:48,955 [pool-38-thread-1] INFO  server.RaftServerConfigKeys (ConfUtils.java:logGet(43)) - raft.server.log.statemachine.data.sync.timeout.retry = -1 (default)
2019-08-20 16:35:48,954 [pool-27-thread-1] INFO  server.RaftServerConfigKeys (ConfUtils.java:logGet(43)) - raft.server.log.queue.element-limit = 1024 (custom)
2019-08-20 16:35:48,955 [pool-38-thread-1] INFO  server.RaftServerConfigKeys (ConfUtils.java:logGet(43)) - raft.server.log.statemachine.data.caching.enabled = true (custom)
2019-08-20 16:35:48,955 [pool-49-thread-1] INFO  server.RaftServerConfigKeys (ConfUtils.java:logGet(43)) - raft.server.log.queue.element-limit = 1024 (custom)
2019-08-20 16:35:48,955 [pool-27-thread-1] INFO  server.RaftServerConfigKeys (ConfUtils.java:logGet(43)) - raft.server.log.segment.size.max = 1048576 (custom)
2019-08-20 16:35:48,955 [pool-38-thread-1] INFO  segmented.SegmentedRaftLogWorker (SegmentedRaftLogWorker.java:lambda$new$0(132)) - 8556a57b-07a2-43a1-b9c0-1edf0a6afefc-SegmentedRaftLogWorker:Storage Directory /workdir/hadoop-ozone/tools/target/test-dir/MiniOzoneClusterImpl-be136bf1-c7ac-4d2e-9665-41f2df98132f/datanode-1/data/ratis/3ef051d5-cfca-45f3-b6da-b22f019aff59: flushIndex: setUnconditionally 0 -> -1
2019-08-20 16:35:48,955 [pool-49-thread-1] INFO  server.RaftServerConfigKeys (ConfUtils.java:logGet(43)) - raft.server.log.segment.size.max = 1048576 (custom)
2019-08-20 16:35:48,955 [pool-27-thread-1] INFO  server.RaftServerConfigKeys (ConfUtils.java:logGet(43)) - raft.server.log.preallocated.size = 16384 (custom)
2019-08-20 16:35:48,956 [pool-38-thread-1] INFO  server.RaftServerConfigKeys (ConfUtils.java:logGet(43)) - raft.server.snapshot.auto.trigger.enabled = true (custom)
2019-08-20 16:35:48,956 [pool-49-thread-1] INFO  server.RaftServerConfigKeys (ConfUtils.java:logGet(43)) - raft.server.log.preallocated.size = 16384 (custom)
2019-08-20 16:35:48,956 [pool-38-thread-1] INFO  server.RaftServerConfigKeys (ConfUtils.java:logGet(43)) - raft.server.snapshot.auto.trigger.threshold = 10000 (custom)
2019-08-20 16:35:48,956 [pool-27-thread-1] INFO  server.RaftServerConfigKeys (ConfUtils.java:logGet(43)) - raft.server.log.write.buffer.size = 33554432 (custom)
2019-08-20 16:35:48,956 [pool-38-thread-1] INFO  server.RaftServerConfigKeys (ConfUtils.java:logGet(43)) - raft.server.retrycache.expirytime = 600000ms (custom)
2019-08-20 16:35:48,956 [pool-49-thread-1] INFO  server.RaftServerConfigKeys (ConfUtils.java:logGet(43)) - raft.server.log.write.buffer.size = 33554432 (custom)
2019-08-20 16:35:48,956 [pool-27-thread-1] INFO  server.RaftServerConfigKeys (ConfUtils.java:logGet(43)) - raft.server.log.force.sync.num = 128 (default)
2019-08-20 16:35:48,957 [pool-49-thread-1] INFO  server.RaftServerConfigKeys (ConfUtils.java:logGet(43)) - raft.server.log.force.sync.num = 128 (default)
2019-08-20 16:35:48,957 [pool-27-thread-1] INFO  server.RaftServerConfigKeys (ConfUtils.java:logGet(43)) - raft.server.log.statemachine.data.sync = true (default)
2019-08-20 16:35:48,957 [pool-49-thread-1] INFO  server.RaftServerConfigKeys (ConfUtils.java:logGet(43)) - raft.server.log.statemachine.data.sync = true (default)
2019-08-20 16:35:48,957 [pool-27-thread-1] INFO  server.RaftServerConfigKeys (ConfUtils.java:logGet(43)) - raft.server.log.statemachine.data.sync.timeout = 10s (default)
2019-08-20 16:35:48,957 [pool-49-thread-1] INFO  server.RaftServerConfigKeys (ConfUtils.java:logGet(43)) - raft.server.log.statemachine.data.sync.timeout = 10s (default)
2019-08-20 16:35:48,957 [pool-27-thread-1] INFO  server.RaftServerConfigKeys (ConfUtils.java:logGet(43)) - raft.server.log.statemachine.data.sync.timeout.retry = -1 (default)
2019-08-20 16:35:48,957 [pool-49-thread-1] INFO  server.RaftServerConfigKeys (ConfUtils.java:logGet(43)) - raft.server.log.statemachine.data.sync.timeout.retry = -1 (default)
2019-08-20 16:35:48,958 [pool-27-thread-1] INFO  server.RaftServerConfigKeys (ConfUtils.java:logGet(43)) - raft.server.log.statemachine.data.caching.enabled = true (custom)
2019-08-20 16:35:48,958 [pool-49-thread-1] INFO  server.RaftServerConfigKeys (ConfUtils.java:logGet(43)) - raft.server.log.statemachine.data.caching.enabled = true (custom)
2019-08-20 16:35:48,958 [pool-27-thread-1] INFO  segmented.SegmentedRaftLogWorker (SegmentedRaftLogWorker.java:lambda$new$0(132)) - c9d5e90e-0dec-4e85-b4e2-d29823632d06-SegmentedRaftLogWorker:Storage Directory /workdir/hadoop-ozone/tools/target/test-dir/MiniOzoneClusterImpl-be136bf1-c7ac-4d2e-9665-41f2df98132f/datanode-0/data/ratis/3ef051d5-cfca-45f3-b6da-b22f019aff59: flushIndex: setUnconditionally 0 -> -1
2019-08-20 16:35:48,958 [pool-49-thread-1] INFO  segmented.SegmentedRaftLogWorker (SegmentedRaftLogWorker.java:lambda$new$0(132)) - 1cd99ed7-c0d2-41ff-a57e-f64a137aa790-SegmentedRaftLogWorker:Storage Directory /workdir/hadoop-ozone/tools/target/test-dir/MiniOzoneClusterImpl-be136bf1-c7ac-4d2e-9665-41f2df98132f/datanode-2/data/ratis/3ef051d5-cfca-45f3-b6da-b22f019aff59: flushIndex: setUnconditionally 0 -> -1
2019-08-20 16:35:48,958 [pool-27-thread-1] INFO  server.RaftServerConfigKeys (ConfUtils.java:logGet(43)) - raft.server.snapshot.auto.trigger.enabled = true (custom)
2019-08-20 16:35:48,958 [pool-27-thread-1] INFO  server.RaftServerConfigKeys (ConfUtils.java:logGet(43)) - raft.server.snapshot.auto.trigger.threshold = 10000 (custom)
2019-08-20 16:35:48,959 [pool-49-thread-1] INFO  server.RaftServerConfigKeys (ConfUtils.java:logGet(43)) - raft.server.snapshot.auto.trigger.enabled = true (custom)
2019-08-20 16:35:48,958 [pool-38-thread-1] INFO  impl.RaftServerImpl (RaftServerImpl.java:<init>(93)) - 8556a57b-07a2-43a1-b9c0-1edf0a6afefc: new RaftServerImpl for group-5305C75B78C4:[8556a57b-07a2-43a1-b9c0-1edf0a6afefc:192.168.5.139:40827, 1cd99ed7-c0d2-41ff-a57e-f64a137aa790:192.168.5.139:32924, c9d5e90e-0dec-4e85-b4e2-d29823632d06:192.168.5.139:43573] with ContainerStateMachine:uninitialized
2019-08-20 16:35:48,959 [pool-49-thread-1] INFO  server.RaftServerConfigKeys (ConfUtils.java:logGet(43)) - raft.server.snapshot.auto.trigger.threshold = 10000 (custom)
2019-08-20 16:35:48,959 [pool-27-thread-1] INFO  server.RaftServerConfigKeys (ConfUtils.java:logGet(43)) - raft.server.retrycache.expirytime = 600000ms (custom)
2019-08-20 16:35:48,959 [pool-49-thread-1] INFO  server.RaftServerConfigKeys (ConfUtils.java:logGet(43)) - raft.server.retrycache.expirytime = 600000ms (custom)
2019-08-20 16:35:48,959 [pool-38-thread-1] INFO  server.RaftServerConfigKeys (ConfUtils.java:logGet(43)) - raft.server.rpc.timeout.min = 5s (custom)
2019-08-20 16:35:48,959 [pool-38-thread-1] INFO  server.RaftServerConfigKeys (ConfUtils.java:logGet(43)) - raft.server.rpc.timeout.max = 5200ms (custom)
2019-08-20 16:35:48,959 [pool-38-thread-1] INFO  server.RaftServerConfigKeys (ConfUtils.java:logGet(43)) - raft.server.rpcslowness.timeout = 120s (custom)
2019-08-20 16:35:48,960 [pool-38-thread-1] INFO  server.RaftServerConfigKeys (ConfUtils.java:logGet(43)) - raft.server.sleep.deviation.threshold = 300 (default)
2019-08-20 16:35:48,960 [pool-38-thread-1] INFO  server.RaftServerConfigKeys (ConfUtils.java:logGet(43)) - raft.server.log.appender.install.snapshot.enabled = false (custom)
2019-08-20 16:35:48,960 [pool-38-thread-1] INFO  impl.RaftServerImpl (ServerState.java:<init>(105)) - 8556a57b-07a2-43a1-b9c0-1edf0a6afefc:group-5305C75B78C4 ConfigurationManager, init=-1: [8556a57b-07a2-43a1-b9c0-1edf0a6afefc:192.168.5.139:40827, 1cd99ed7-c0d2-41ff-a57e-f64a137aa790:192.168.5.139:32924, c9d5e90e-0dec-4e85-b4e2-d29823632d06:192.168.5.139:43573], old=null, confs=<EMPTY_MAP>
2019-08-20 16:35:48,960 [pool-38-thread-1] INFO  server.RaftServerConfigKeys (ConfUtils.java:logGet(43)) - raft.server.storage.dir = [/workdir/hadoop-ozone/tools/target/test-dir/MiniOzoneClusterImpl-be136bf1-c7ac-4d2e-9665-41f2df98132f/datanode-1/data/ratis] (custom)
2019-08-20 16:35:48,960 [pool-27-thread-1] INFO  impl.RaftServerImpl (RaftServerImpl.java:<init>(93)) - c9d5e90e-0dec-4e85-b4e2-d29823632d06: new RaftServerImpl for group-5305C75B78C4:[8556a57b-07a2-43a1-b9c0-1edf0a6afefc:192.168.5.139:40827, 1cd99ed7-c0d2-41ff-a57e-f64a137aa790:192.168.5.139:32924, c9d5e90e-0dec-4e85-b4e2-d29823632d06:192.168.5.139:43573] with ContainerStateMachine:uninitialized
2019-08-20 16:35:48,961 [pool-38-thread-1] INFO  storage.RaftStorageDirectory (RaftStorageDirectory.java:analyzeStorage(246)) - The storage directory /workdir/hadoop-ozone/tools/target/test-dir/MiniOzoneClusterImpl-be136bf1-c7ac-4d2e-9665-41f2df98132f/datanode-1/data/ratis/59438cf9-19cd-406a-ba7b-5305c75b78c4 does not exist. Creating ...
2019-08-20 16:35:48,961 [pool-27-thread-1] INFO  server.RaftServerConfigKeys (ConfUtils.java:logGet(43)) - raft.server.rpc.timeout.min = 5s (custom)
2019-08-20 16:35:48,961 [pool-27-thread-1] INFO  server.RaftServerConfigKeys (ConfUtils.java:logGet(43)) - raft.server.rpc.timeout.max = 5200ms (custom)
2019-08-20 16:35:48,961 [pool-27-thread-1] INFO  server.RaftServerConfigKeys (ConfUtils.java:logGet(43)) - raft.server.rpcslowness.timeout = 120s (custom)
2019-08-20 16:35:48,961 [pool-27-thread-1] INFO  server.RaftServerConfigKeys (ConfUtils.java:logGet(43)) - raft.server.sleep.deviation.threshold = 300 (default)
2019-08-20 16:35:48,961 [pool-27-thread-1] INFO  server.RaftServerConfigKeys (ConfUtils.java:logGet(43)) - raft.server.log.appender.install.snapshot.enabled = false (custom)
2019-08-20 16:35:48,961 [pool-27-thread-1] INFO  impl.RaftServerImpl (ServerState.java:<init>(105)) - c9d5e90e-0dec-4e85-b4e2-d29823632d06:group-5305C75B78C4 ConfigurationManager, init=-1: [8556a57b-07a2-43a1-b9c0-1edf0a6afefc:192.168.5.139:40827, 1cd99ed7-c0d2-41ff-a57e-f64a137aa790:192.168.5.139:32924, c9d5e90e-0dec-4e85-b4e2-d29823632d06:192.168.5.139:43573], old=null, confs=<EMPTY_MAP>
2019-08-20 16:35:48,961 [pool-27-thread-1] INFO  server.RaftServerConfigKeys (ConfUtils.java:logGet(43)) - raft.server.storage.dir = [/workdir/hadoop-ozone/tools/target/test-dir/MiniOzoneClusterImpl-be136bf1-c7ac-4d2e-9665-41f2df98132f/datanode-0/data/ratis] (custom)
2019-08-20 16:35:48,961 [pool-49-thread-1] INFO  impl.RaftServerImpl (RaftServerImpl.java:<init>(93)) - 1cd99ed7-c0d2-41ff-a57e-f64a137aa790: new RaftServerImpl for group-5305C75B78C4:[8556a57b-07a2-43a1-b9c0-1edf0a6afefc:192.168.5.139:40827, 1cd99ed7-c0d2-41ff-a57e-f64a137aa790:192.168.5.139:32924, c9d5e90e-0dec-4e85-b4e2-d29823632d06:192.168.5.139:43573] with ContainerStateMachine:uninitialized
2019-08-20 16:35:48,962 [pool-49-thread-1] INFO  server.RaftServerConfigKeys (ConfUtils.java:logGet(43)) - raft.server.rpc.timeout.min = 5s (custom)
2019-08-20 16:35:48,962 [pool-27-thread-1] INFO  storage.RaftStorageDirectory (RaftStorageDirectory.java:analyzeStorage(246)) - The storage directory /workdir/hadoop-ozone/tools/target/test-dir/MiniOzoneClusterImpl-be136bf1-c7ac-4d2e-9665-41f2df98132f/datanode-0/data/ratis/59438cf9-19cd-406a-ba7b-5305c75b78c4 does not exist. Creating ...
2019-08-20 16:35:48,962 [pool-49-thread-1] INFO  server.RaftServerConfigKeys (ConfUtils.java:logGet(43)) - raft.server.rpc.timeout.max = 5200ms (custom)
2019-08-20 16:35:48,962 [pool-49-thread-1] INFO  server.RaftServerConfigKeys (ConfUtils.java:logGet(43)) - raft.server.rpcslowness.timeout = 120s (custom)
2019-08-20 16:35:48,962 [pool-49-thread-1] INFO  server.RaftServerConfigKeys (ConfUtils.java:logGet(43)) - raft.server.sleep.deviation.threshold = 300 (default)
2019-08-20 16:35:48,962 [pool-49-thread-1] INFO  server.RaftServerConfigKeys (ConfUtils.java:logGet(43)) - raft.server.log.appender.install.snapshot.enabled = false (custom)
2019-08-20 16:35:48,963 [pool-49-thread-1] INFO  impl.RaftServerImpl (ServerState.java:<init>(105)) - 1cd99ed7-c0d2-41ff-a57e-f64a137aa790:group-5305C75B78C4 ConfigurationManager, init=-1: [8556a57b-07a2-43a1-b9c0-1edf0a6afefc:192.168.5.139:40827, 1cd99ed7-c0d2-41ff-a57e-f64a137aa790:192.168.5.139:32924, c9d5e90e-0dec-4e85-b4e2-d29823632d06:192.168.5.139:43573], old=null, confs=<EMPTY_MAP>
2019-08-20 16:35:48,963 [pool-49-thread-1] INFO  server.RaftServerConfigKeys (ConfUtils.java:logGet(43)) - raft.server.storage.dir = [/workdir/hadoop-ozone/tools/target/test-dir/MiniOzoneClusterImpl-be136bf1-c7ac-4d2e-9665-41f2df98132f/datanode-2/data/ratis] (custom)
2019-08-20 16:35:48,963 [pool-49-thread-1] INFO  storage.RaftStorageDirectory (RaftStorageDirectory.java:analyzeStorage(246)) - The storage directory /workdir/hadoop-ozone/tools/target/test-dir/MiniOzoneClusterImpl-be136bf1-c7ac-4d2e-9665-41f2df98132f/datanode-2/data/ratis/59438cf9-19cd-406a-ba7b-5305c75b78c4 does not exist. Creating ...
2019-08-20 16:35:48,981 [pool-49-thread-1] INFO  storage.RaftStorageDirectory (RaftStorageDirectory.java:tryLock(328)) - Lock on /workdir/hadoop-ozone/tools/target/test-dir/MiniOzoneClusterImpl-be136bf1-c7ac-4d2e-9665-41f2df98132f/datanode-2/data/ratis/59438cf9-19cd-406a-ba7b-5305c75b78c4/in_use.lock acquired by nodename 27280@pr-hdds-1200-9hlr9-3148487106
2019-08-20 16:35:48,981 [pool-27-thread-1] INFO  storage.RaftStorageDirectory (RaftStorageDirectory.java:tryLock(328)) - Lock on /workdir/hadoop-ozone/tools/target/test-dir/MiniOzoneClusterImpl-be136bf1-c7ac-4d2e-9665-41f2df98132f/datanode-0/data/ratis/59438cf9-19cd-406a-ba7b-5305c75b78c4/in_use.lock acquired by nodename 27280@pr-hdds-1200-9hlr9-3148487106
2019-08-20 16:35:48,981 [pool-38-thread-1] INFO  storage.RaftStorageDirectory (RaftStorageDirectory.java:tryLock(328)) - Lock on /workdir/hadoop-ozone/tools/target/test-dir/MiniOzoneClusterImpl-be136bf1-c7ac-4d2e-9665-41f2df98132f/datanode-1/data/ratis/59438cf9-19cd-406a-ba7b-5305c75b78c4/in_use.lock acquired by nodename 27280@pr-hdds-1200-9hlr9-3148487106
2019-08-20 16:35:48,988 [pool-49-thread-1] INFO  storage.RaftStorage (RaftStorage.java:format(72)) - Storage directory /workdir/hadoop-ozone/tools/target/test-dir/MiniOzoneClusterImpl-be136bf1-c7ac-4d2e-9665-41f2df98132f/datanode-2/data/ratis/59438cf9-19cd-406a-ba7b-5305c75b78c4 has been successfully formatted.
2019-08-20 16:35:48,988 [pool-38-thread-1] INFO  storage.RaftStorage (RaftStorage.java:format(72)) - Storage directory /workdir/hadoop-ozone/tools/target/test-dir/MiniOzoneClusterImpl-be136bf1-c7ac-4d2e-9665-41f2df98132f/datanode-1/data/ratis/59438cf9-19cd-406a-ba7b-5305c75b78c4 has been successfully formatted.
2019-08-20 16:35:48,988 [pool-27-thread-1] INFO  storage.RaftStorage (RaftStorage.java:format(72)) - Storage directory /workdir/hadoop-ozone/tools/target/test-dir/MiniOzoneClusterImpl-be136bf1-c7ac-4d2e-9665-41f2df98132f/datanode-0/data/ratis/59438cf9-19cd-406a-ba7b-5305c75b78c4 has been successfully formatted.
2019-08-20 16:35:48,988 [RATISCREATEPIPELINE3] ERROR pipeline.RatisPipelineProvider (RatisPipelineProvider.java:lambda$null$5(235)) - Failed invoke Ratis rpc org.apache.hadoop.hdds.scm.pipeline.RatisPipelineProvider$$Lambda$170/1145593931@241b3120 for 1cd99ed7-c0d2-41ff-a57e-f64a137aa790
org.apache.ratis.protocol.TimeoutIOException: deadline exceeded after 2998258417ns
	at org.apache.ratis.grpc.GrpcUtil.tryUnwrapException(GrpcUtil.java:82)
	at org.apache.ratis.grpc.GrpcUtil.unwrapException(GrpcUtil.java:75)
	at org.apache.ratis.grpc.client.GrpcClientProtocolClient.blockingCall(GrpcClientProtocolClient.java:169)
	at org.apache.ratis.grpc.client.GrpcClientProtocolClient.groupAdd(GrpcClientProtocolClient.java:138)
	at org.apache.ratis.grpc.client.GrpcClientRpc.sendRequest(GrpcClientRpc.java:94)
	at org.apache.ratis.client.impl.RaftClientImpl.sendRequest(RaftClientImpl.java:279)
	at org.apache.ratis.client.impl.RaftClientImpl.groupAdd(RaftClientImpl.java:206)
	at org.apache.hadoop.hdds.scm.pipeline.RatisPipelineProvider.lambda$initializePipeline$4(RatisPipelineProvider.java:194)
	at org.apache.hadoop.hdds.scm.pipeline.RatisPipelineProvider.lambda$null$5(RatisPipelineProvider.java:231)
	at java.util.stream.ForEachOps$ForEachOp$OfRef.accept(ForEachOps.java:184)
	at java.util.ArrayList$ArrayListSpliterator.forEachRemaining(ArrayList.java:1382)
	at java.util.stream.AbstractPipeline.copyInto(AbstractPipeline.java:482)
	at java.util.stream.ForEachOps$ForEachTask.compute(ForEachOps.java:291)
	at java.util.concurrent.CountedCompleter.exec(CountedCompleter.java:731)
	at java.util.concurrent.ForkJoinTask.doExec(ForkJoinTask.java:289)
	at java.util.concurrent.ForkJoinPool$WorkQueue.runTask(ForkJoinPool.java:1056)
	at java.util.concurrent.ForkJoinPool.runWorker(ForkJoinPool.java:1692)
	at java.util.concurrent.ForkJoinWorkerThread.run(ForkJoinWorkerThread.java:157)
Caused by: org.apache.ratis.thirdparty.io.grpc.StatusRuntimeException: DEADLINE_EXCEEDED: deadline exceeded after 2998258417ns
	at org.apache.ratis.thirdparty.io.grpc.stub.ClientCalls.toStatusRuntimeException(ClientCalls.java:233)
	at org.apache.ratis.thirdparty.io.grpc.stub.ClientCalls.getUnchecked(ClientCalls.java:214)
	at org.apache.ratis.thirdparty.io.grpc.stub.ClientCalls.blockingUnaryCall(ClientCalls.java:139)
	at org.apache.ratis.proto.grpc.AdminProtocolServiceGrpc$AdminProtocolServiceBlockingStub.groupManagement(AdminProtocolServiceGrpc.java:274)
	at org.apache.ratis.grpc.client.GrpcClientProtocolClient.lambda$groupAdd$3(GrpcClientProtocolClient.java:140)
	at org.apache.ratis.grpc.client.GrpcClientProtocolClient.blockingCall(GrpcClientProtocolClient.java:167)
	... 15 more
2019-08-20 16:35:48,988 [pool-38-thread-1] INFO  ratis.ContainerStateMachine (ContainerStateMachine.java:loadSnapshot(222)) - group-5305C75B78C4: The snapshot info is null. Setting the last applied indexto:(t:0, i:~)
2019-08-20 16:35:48,988 [pool-49-thread-1] INFO  ratis.ContainerStateMachine (ContainerStateMachine.java:loadSnapshot(222)) - group-5305C75B78C4: The snapshot info is null. Setting the last applied indexto:(t:0, i:~)
2019-08-20 16:35:48,990 [pool-38-thread-1] INFO  server.RaftServerConfigKeys (ConfUtils.java:logGet(43)) - raft.server.leader.election.timeout = 120s (custom)
2019-08-20 16:35:48,991 [pool-49-thread-1] INFO  server.RaftServerConfigKeys (ConfUtils.java:logGet(43)) - raft.server.leader.election.timeout = 120s (custom)
2019-08-20 16:35:48,989 [pool-27-thread-1] INFO  ratis.ContainerStateMachine (ContainerStateMachine.java:loadSnapshot(222)) - group-5305C75B78C4: The snapshot info is null. Setting the last applied indexto:(t:0, i:~)
2019-08-20 16:35:48,989 [RATISCREATEPIPELINE1] ERROR pipeline.RatisPipelineProvider (RatisPipelineProvider.java:lambda$null$5(235)) - Failed invoke Ratis rpc org.apache.hadoop.hdds.scm.pipeline.RatisPipelineProvider$$Lambda$170/1145593931@241b3120 for c9d5e90e-0dec-4e85-b4e2-d29823632d06
org.apache.ratis.protocol.TimeoutIOException: deadline exceeded after 2999565140ns
	at org.apache.ratis.grpc.GrpcUtil.tryUnwrapException(GrpcUtil.java:82)
	at org.apache.ratis.grpc.GrpcUtil.unwrapException(GrpcUtil.java:75)
	at org.apache.ratis.grpc.client.GrpcClientProtocolClient.blockingCall(GrpcClientProtocolClient.java:169)
	at org.apache.ratis.grpc.client.GrpcClientProtocolClient.groupAdd(GrpcClientProtocolClient.java:138)
	at org.apache.ratis.grpc.client.GrpcClientRpc.sendRequest(GrpcClientRpc.java:94)
	at org.apache.ratis.client.impl.RaftClientImpl.sendRequest(RaftClientImpl.java:279)
	at org.apache.ratis.client.impl.RaftClientImpl.groupAdd(RaftClientImpl.java:206)
	at org.apache.hadoop.hdds.scm.pipeline.RatisPipelineProvider.lambda$initializePipeline$4(RatisPipelineProvider.java:194)
	at org.apache.hadoop.hdds.scm.pipeline.RatisPipelineProvider.lambda$null$5(RatisPipelineProvider.java:231)
	at java.util.stream.ForEachOps$ForEachOp$OfRef.accept(ForEachOps.java:184)
	at java.util.ArrayList$ArrayListSpliterator.forEachRemaining(ArrayList.java:1382)
	at java.util.stream.AbstractPipeline.copyInto(AbstractPipeline.java:482)
	at java.util.stream.ForEachOps$ForEachTask.compute(ForEachOps.java:291)
	at java.util.concurrent.CountedCompleter.exec(CountedCompleter.java:731)
	at java.util.concurrent.ForkJoinTask.doExec(ForkJoinTask.java:289)
	at java.util.concurrent.ForkJoinTask.doInvoke(ForkJoinTask.java:401)
	at java.util.concurrent.ForkJoinTask.invoke(ForkJoinTask.java:734)
	at java.util.stream.ForEachOps$ForEachOp.evaluateParallel(ForEachOps.java:160)
	at java.util.stream.ForEachOps$ForEachOp$OfRef.evaluateParallel(ForEachOps.java:174)
	at java.util.stream.AbstractPipeline.evaluate(AbstractPipeline.java:233)
	at java.util.stream.ReferencePipeline.forEach(ReferencePipeline.java:418)
	at java.util.stream.ReferencePipeline$Head.forEach(ReferencePipeline.java:583)
	at org.apache.hadoop.hdds.scm.pipeline.RatisPipelineProvider.lambda$callRatisRpc$6(RatisPipelineProvider.java:225)
	at java.util.concurrent.ForkJoinTask$AdaptedRunnableAction.exec(ForkJoinTask.java:1386)
	at java.util.concurrent.ForkJoinTask.doExec(ForkJoinTask.java:289)
	at java.util.concurrent.ForkJoinPool$WorkQueue.runTask(ForkJoinPool.java:1056)
	at java.util.concurrent.ForkJoinPool.runWorker(ForkJoinPool.java:1692)
	at java.util.concurrent.ForkJoinWorkerThread.run(ForkJoinWorkerThread.java:157)
Caused by: org.apache.ratis.thirdparty.io.grpc.StatusRuntimeException: DEADLINE_EXCEEDED: deadline exceeded after 2999565140ns
	at org.apache.ratis.thirdparty.io.grpc.stub.ClientCalls.toStatusRuntimeException(ClientCalls.java:233)
	at org.apache.ratis.thirdparty.io.grpc.stub.ClientCalls.getUnchecked(ClientCalls.java:214)
	at org.apache.ratis.thirdparty.io.grpc.stub.ClientCalls.blockingUnaryCall(ClientCalls.java:139)
	at org.apache.ratis.proto.grpc.AdminProtocolServiceGrpc$AdminProtocolServiceBlockingStub.groupManagement(AdminProtocolServiceGrpc.java:274)
	at org.apache.ratis.grpc.client.GrpcClientProtocolClient.lambda$groupAdd$3(GrpcClientProtocolClient.java:140)
	at org.apache.ratis.grpc.client.GrpcClientProtocolClient.blockingCall(GrpcClientProtocolClient.java:167)
	... 25 more
2019-08-20 16:35:48,992 [RATISCREATEPIPELINE2] ERROR pipeline.RatisPipelineProvider (RatisPipelineProvider.java:lambda$null$5(235)) - Failed invoke Ratis rpc org.apache.hadoop.hdds.scm.pipeline.RatisPipelineProvider$$Lambda$170/1145593931@241b3120 for 8556a57b-07a2-43a1-b9c0-1edf0a6afefc
org.apache.ratis.protocol.TimeoutIOException
	at org.apache.ratis.grpc.GrpcUtil.tryUnwrapException(GrpcUtil.java:82)
	at org.apache.ratis.grpc.GrpcUtil.unwrapException(GrpcUtil.java:75)
	at org.apache.ratis.grpc.client.GrpcClientProtocolClient.blockingCall(GrpcClientProtocolClient.java:169)
	at org.apache.ratis.grpc.client.GrpcClientProtocolClient.groupAdd(GrpcClientProtocolClient.java:138)
	at org.apache.ratis.grpc.client.GrpcClientRpc.sendRequest(GrpcClientRpc.java:94)
	at org.apache.ratis.client.impl.RaftClientImpl.sendRequest(RaftClientImpl.java:279)
	at org.apache.ratis.client.impl.RaftClientImpl.groupAdd(RaftClientImpl.java:206)
	at org.apache.hadoop.hdds.scm.pipeline.RatisPipelineProvider.lambda$initializePipeline$4(RatisPipelineProvider.java:194)
	at org.apache.hadoop.hdds.scm.pipeline.RatisPipelineProvider.lambda$null$5(RatisPipelineProvider.java:231)
	at java.util.stream.ForEachOps$ForEachOp$OfRef.accept(ForEachOps.java:184)
	at java.util.ArrayList$ArrayListSpliterator.forEachRemaining(ArrayList.java:1382)
	at java.util.stream.AbstractPipeline.copyInto(AbstractPipeline.java:482)
	at java.util.stream.ForEachOps$ForEachTask.compute(ForEachOps.java:291)
	at java.util.concurrent.CountedCompleter.exec(CountedCompleter.java:731)
	at java.util.concurrent.ForkJoinTask.doExec(ForkJoinTask.java:289)
	at java.util.concurrent.ForkJoinPool$WorkQueue.runTask(ForkJoinPool.java:1056)
	at java.util.concurrent.ForkJoinPool.runWorker(ForkJoinPool.java:1692)
	at java.util.concurrent.ForkJoinWorkerThread.run(ForkJoinWorkerThread.java:157)
Caused by: org.apache.ratis.thirdparty.io.grpc.StatusRuntimeException: DEADLINE_EXCEEDED
	at org.apache.ratis.thirdparty.io.grpc.stub.ClientCalls.toStatusRuntimeException(ClientCalls.java:233)
	at org.apache.ratis.thirdparty.io.grpc.stub.ClientCalls.getUnchecked(ClientCalls.java:214)
	at org.apache.ratis.thirdparty.io.grpc.stub.ClientCalls.blockingUnaryCall(ClientCalls.java:139)
	at org.apache.ratis.proto.grpc.AdminProtocolServiceGrpc$AdminProtocolServiceBlockingStub.groupManagement(AdminProtocolServiceGrpc.java:274)
	at org.apache.ratis.grpc.client.GrpcClientProtocolClient.lambda$groupAdd$3(GrpcClientProtocolClient.java:140)
	at org.apache.ratis.grpc.client.GrpcClientProtocolClient.blockingCall(GrpcClientProtocolClient.java:167)
	... 15 more
2019-08-20 16:35:48,992 [pool-27-thread-1] INFO  server.RaftServerConfigKeys (ConfUtils.java:logGet(43)) - raft.server.leader.election.timeout = 120s (custom)
2019-08-20 16:35:48,991 [pool-49-thread-1] INFO  server.RaftServerConfigKeys (ConfUtils.java:logGet(43)) - raft.server.log.use.memory = false (default)
2019-08-20 16:35:48,991 [pool-38-thread-1] INFO  server.RaftServerConfigKeys (ConfUtils.java:logGet(43)) - raft.server.log.use.memory = false (default)
2019-08-20 16:35:48,999 [pool-49-thread-1] INFO  server.RaftServerConfigKeys (ConfUtils.java:logGet(43)) - raft.server.log.purge.gap = 1000000 (custom)
2019-08-20 16:35:48,998 [IPC Server handler 0 on 43420] WARN  block.BlockManagerImpl (BlockManagerImpl.java:allocateBlock(192)) - Pipeline creation failed for type:RATIS factor:THREE. Retrying get pipelines call once.
org.apache.hadoop.io.MultipleIOException: 3 exceptions [java.io.IOException: Failed invoke Ratis rpc org.apache.hadoop.hdds.scm.pipeline.RatisPipelineProvider$$Lambda$170/1145593931@241b3120 for 1cd99ed7-c0d2-41ff-a57e-f64a137aa790, java.io.IOException: Failed invoke Ratis rpc org.apache.hadoop.hdds.scm.pipeline.RatisPipelineProvider$$Lambda$170/1145593931@241b3120 for c9d5e90e-0dec-4e85-b4e2-d29823632d06, java.io.IOException: Failed invoke Ratis rpc org.apache.hadoop.hdds.scm.pipeline.RatisPipelineProvider$$Lambda$170/1145593931@241b3120 for 8556a57b-07a2-43a1-b9c0-1edf0a6afefc]
	at org.apache.hadoop.io.MultipleIOException.createIOException(MultipleIOException.java:53)
	at org.apache.hadoop.hdds.scm.pipeline.RatisPipelineProvider.callRatisRpc(RatisPipelineProvider.java:251)
	at org.apache.hadoop.hdds.scm.pipeline.RatisPipelineProvider.initializePipeline(RatisPipelineProvider.java:192)
	at org.apache.hadoop.hdds.scm.pipeline.RatisPipelineProvider.create(RatisPipelineProvider.java:161)
	at org.apache.hadoop.hdds.scm.pipeline.PipelineFactory.create(PipelineFactory.java:57)
	at org.apache.hadoop.hdds.scm.pipeline.SCMPipelineManager.createPipeline(SCMPipelineManager.java:149)
	at org.apache.hadoop.hdds.scm.block.BlockManagerImpl.allocateBlock(BlockManagerImpl.java:190)
	at org.apache.hadoop.hdds.scm.server.SCMBlockProtocolServer.allocateBlock(SCMBlockProtocolServer.java:175)
	at org.apache.hadoop.ozone.protocolPB.ScmBlockLocationProtocolServerSideTranslatorPB.allocateScmBlock(ScmBlockLocationProtocolServerSideTranslatorPB.java:153)
	at org.apache.hadoop.ozone.protocolPB.ScmBlockLocationProtocolServerSideTranslatorPB.send(ScmBlockLocationProtocolServerSideTranslatorPB.java:112)
	at org.apache.hadoop.hdds.protocol.proto.ScmBlockLocationProtocolProtos$ScmBlockLocationProtocolService$2.callBlockingMethod(ScmBlockLocationProtocolProtos.java:13157)
	at org.apache.hadoop.ipc.ProtobufRpcEngine$Server$ProtoBufRpcInvoker.call(ProtobufRpcEngine.java:524)
	at org.apache.hadoop.ipc.RPC$Server.call(RPC.java:1025)
	at org.apache.hadoop.ipc.Server$RpcCall.run(Server.java:876)
	at org.apache.hadoop.ipc.Server$RpcCall.run(Server.java:822)
	at java.security.AccessController.doPrivileged(Native Method)
	at javax.security.auth.Subject.doAs(Subject.java:422)
	at org.apache.hadoop.security.UserGroupInformation.doAs(UserGroupInformation.java:1730)
	at org.apache.hadoop.ipc.Server$Handler.run(Server.java:2682)
2019-08-20 16:35:48,998 [pool-27-thread-1] INFO  server.RaftServerConfigKeys (ConfUtils.java:logGet(43)) - raft.server.log.use.memory = false (default)
2019-08-20 16:35:49,000 [IPC Server handler 0 on 43420] INFO  block.BlockManagerImpl (BlockManagerImpl.java:allocateBlock(198)) - Could not find available pipeline of type:RATIS and factor:THREE even after retrying
2019-08-20 16:35:48,999 [pool-49-thread-1] INFO  server.RaftServerConfigKeys (ConfUtils.java:logGet(43)) - raft.server.log.appender.buffer.byte-limit = 33554432 (custom)
2019-08-20 16:35:48,999 [pool-38-thread-1] INFO  server.RaftServerConfigKeys (ConfUtils.java:logGet(43)) - raft.server.log.purge.gap = 1000000 (custom)
2019-08-20 16:35:49,001 [pool-49-thread-1] INFO  server.RaftServerConfigKeys (ConfUtils.java:logGet(43)) - raft.server.log.segment.size.max = 1048576 (custom)
2019-08-20 16:35:49,000 [IPC Server handler 0 on 43420] ERROR block.BlockManagerImpl (BlockManagerImpl.java:allocateBlock(222)) - Unable to allocate a block for the size: 4194304, type: RATIS, factor: THREE
2019-08-20 16:35:49,000 [pool-27-thread-1] INFO  server.RaftServerConfigKeys (ConfUtils.java:logGet(43)) - raft.server.log.purge.gap = 1000000 (custom)
2019-08-20 16:35:49,001 | INFO  | SCMAudit | user=jenkins1000 | ip=192.168.5.139 | op=ALLOCATE_BLOCK {owner=4a5fc979-9ffc-427f-99cb-6125d4322a21, size=4194304, type=RATIS, factor=THREE} | ret=SUCCESS |  
2019-08-20 16:35:49,001 [pool-49-thread-1] INFO  server.RaftServerConfigKeys (ConfUtils.java:logGet(43)) - raft.server.log.segment.cache.num.max = 2 (custom)
2019-08-20 16:35:49,001 [pool-38-thread-1] INFO  server.RaftServerConfigKeys (ConfUtils.java:logGet(43)) - raft.server.log.appender.buffer.byte-limit = 33554432 (custom)
2019-08-20 16:35:49,002 [pool-49-thread-1] INFO  segmented.SegmentedRaftLogWorker (SegmentedRaftLogWorker.java:<init>(172)) - new 1cd99ed7-c0d2-41ff-a57e-f64a137aa790-SegmentedRaftLogWorker:Storage Directory /workdir/hadoop-ozone/tools/target/test-dir/MiniOzoneClusterImpl-be136bf1-c7ac-4d2e-9665-41f2df98132f/datanode-2/data/ratis/59438cf9-19cd-406a-ba7b-5305c75b78c4 for RaftStorage:Storage Directory /workdir/hadoop-ozone/tools/target/test-dir/MiniOzoneClusterImpl-be136bf1-c7ac-4d2e-9665-41f2df98132f/datanode-2/data/ratis/59438cf9-19cd-406a-ba7b-5305c75b78c4
2019-08-20 16:35:49,001 [pool-27-thread-1] INFO  server.RaftServerConfigKeys (ConfUtils.java:logGet(43)) - raft.server.log.appender.buffer.byte-limit = 33554432 (custom)
2019-08-20 16:35:49,002 [pool-49-thread-1] INFO  server.RaftServerConfigKeys (ConfUtils.java:logGet(43)) - raft.server.log.queue.byte-limit = 2147483647 (custom)
2019-08-20 16:35:49,003 [pool-27-thread-1] INFO  server.RaftServerConfigKeys (ConfUtils.java:logGet(43)) - raft.server.log.segment.size.max = 1048576 (custom)
2019-08-20 16:35:49,002 [pool-38-thread-1] INFO  server.RaftServerConfigKeys (ConfUtils.java:logGet(43)) - raft.server.log.segment.size.max = 1048576 (custom)
2019-08-20 16:35:49,003 [pool-27-thread-1] INFO  server.RaftServerConfigKeys (ConfUtils.java:logGet(43)) - raft.server.log.segment.cache.num.max = 2 (custom)
2019-08-20 16:35:49,003 [pool-49-thread-1] INFO  server.RaftServerConfigKeys (ConfUtils.java:logGet(43)) - raft.server.log.queue.element-limit = 1024 (custom)
2019-08-20 16:35:49,004 [pool-27-thread-1] INFO  segmented.SegmentedRaftLogWorker (SegmentedRaftLogWorker.java:<init>(172)) - new c9d5e90e-0dec-4e85-b4e2-d29823632d06-SegmentedRaftLogWorker:Storage Directory /workdir/hadoop-ozone/tools/target/test-dir/MiniOzoneClusterImpl-be136bf1-c7ac-4d2e-9665-41f2df98132f/datanode-0/data/ratis/59438cf9-19cd-406a-ba7b-5305c75b78c4 for RaftStorage:Storage Directory /workdir/hadoop-ozone/tools/target/test-dir/MiniOzoneClusterImpl-be136bf1-c7ac-4d2e-9665-41f2df98132f/datanode-0/data/ratis/59438cf9-19cd-406a-ba7b-5305c75b78c4
2019-08-20 16:35:49,003 [pool-38-thread-1] INFO  server.RaftServerConfigKeys (ConfUtils.java:logGet(43)) - raft.server.log.segment.cache.num.max = 2 (custom)
2019-08-20 16:35:49,004 [pool-27-thread-1] INFO  server.RaftServerConfigKeys (ConfUtils.java:logGet(43)) - raft.server.log.queue.byte-limit = 2147483647 (custom)
2019-08-20 16:35:49,004 [pool-49-thread-1] INFO  server.RaftServerConfigKeys (ConfUtils.java:logGet(43)) - raft.server.log.segment.size.max = 1048576 (custom)
2019-08-20 16:35:49,006 [pool-27-thread-1] INFO  server.RaftServerConfigKeys (ConfUtils.java:logGet(43)) - raft.server.log.queue.element-limit = 1024 (custom)
2019-08-20 16:35:49,004 [pool-38-thread-1] INFO  segmented.SegmentedRaftLogWorker (SegmentedRaftLogWorker.java:<init>(172)) - new 8556a57b-07a2-43a1-b9c0-1edf0a6afefc-SegmentedRaftLogWorker:Storage Directory /workdir/hadoop-ozone/tools/target/test-dir/MiniOzoneClusterImpl-be136bf1-c7ac-4d2e-9665-41f2df98132f/datanode-1/data/ratis/59438cf9-19cd-406a-ba7b-5305c75b78c4 for RaftStorage:Storage Directory /workdir/hadoop-ozone/tools/target/test-dir/MiniOzoneClusterImpl-be136bf1-c7ac-4d2e-9665-41f2df98132f/datanode-1/data/ratis/59438cf9-19cd-406a-ba7b-5305c75b78c4
2019-08-20 16:35:49,006 [pool-27-thread-1] INFO  server.RaftServerConfigKeys (ConfUtils.java:logGet(43)) - raft.server.log.segment.size.max = 1048576 (custom)
2019-08-20 16:35:49,006 [pool-49-thread-1] INFO  server.RaftServerConfigKeys (ConfUtils.java:logGet(43)) - raft.server.log.preallocated.size = 16384 (custom)
2019-08-20 16:35:49,007 [pool-27-thread-1] INFO  server.RaftServerConfigKeys (ConfUtils.java:logGet(43)) - raft.server.log.preallocated.size = 16384 (custom)
2019-08-20 16:35:49,006 [pool-38-thread-1] INFO  server.RaftServerConfigKeys (ConfUtils.java:logGet(43)) - raft.server.log.queue.byte-limit = 2147483647 (custom)
2019-08-20 16:35:49,008 [pool-27-thread-1] INFO  server.RaftServerConfigKeys (ConfUtils.java:logGet(43)) - raft.server.log.write.buffer.size = 33554432 (custom)
2019-08-20 16:35:49,008 [pool-49-thread-1] INFO  server.RaftServerConfigKeys (ConfUtils.java:logGet(43)) - raft.server.log.write.buffer.size = 33554432 (custom)
2019-08-20 16:35:49,009 [pool-27-thread-1] INFO  server.RaftServerConfigKeys (ConfUtils.java:logGet(43)) - raft.server.log.force.sync.num = 128 (default)
2019-08-20 16:35:49,008 [pool-38-thread-1] INFO  server.RaftServerConfigKeys (ConfUtils.java:logGet(43)) - raft.server.log.queue.element-limit = 1024 (custom)
2019-08-20 16:35:49,009 [pool-27-thread-1] INFO  server.RaftServerConfigKeys (ConfUtils.java:logGet(43)) - raft.server.log.statemachine.data.sync = true (default)
2019-08-20 16:35:49,009 [pool-49-thread-1] INFO  server.RaftServerConfigKeys (ConfUtils.java:logGet(43)) - raft.server.log.force.sync.num = 128 (default)
2019-08-20 16:35:49,009 [pool-27-thread-1] INFO  server.RaftServerConfigKeys (ConfUtils.java:logGet(43)) - raft.server.log.statemachine.data.sync.timeout = 10s (default)
2019-08-20 16:35:49,009 [pool-38-thread-1] INFO  server.RaftServerConfigKeys (ConfUtils.java:logGet(43)) - raft.server.log.segment.size.max = 1048576 (custom)
2019-08-20 16:35:49,010 [pool-27-thread-1] INFO  server.RaftServerConfigKeys (ConfUtils.java:logGet(43)) - raft.server.log.statemachine.data.sync.timeout.retry = -1 (default)
2019-08-20 16:35:49,009 [pool-49-thread-1] INFO  server.RaftServerConfigKeys (ConfUtils.java:logGet(43)) - raft.server.log.statemachine.data.sync = true (default)
2019-08-20 16:35:49,010 [pool-27-thread-1] INFO  server.RaftServerConfigKeys (ConfUtils.java:logGet(43)) - raft.server.log.statemachine.data.caching.enabled = true (custom)
2019-08-20 16:35:49,010 [pool-38-thread-1] INFO  server.RaftServerConfigKeys (ConfUtils.java:logGet(43)) - raft.server.log.preallocated.size = 16384 (custom)
2019-08-20 16:35:49,010 [pool-49-thread-1] INFO  server.RaftServerConfigKeys (ConfUtils.java:logGet(43)) - raft.server.log.statemachine.data.sync.timeout = 10s (default)
2019-08-20 16:35:49,011 [pool-27-thread-1] INFO  segmented.SegmentedRaftLogWorker (SegmentedRaftLogWorker.java:lambda$new$0(132)) - c9d5e90e-0dec-4e85-b4e2-d29823632d06-SegmentedRaftLogWorker:Storage Directory /workdir/hadoop-ozone/tools/target/test-dir/MiniOzoneClusterImpl-be136bf1-c7ac-4d2e-9665-41f2df98132f/datanode-0/data/ratis/59438cf9-19cd-406a-ba7b-5305c75b78c4: flushIndex: setUnconditionally 0 -> -1
2019-08-20 16:35:49,011 [pool-38-thread-1] INFO  server.RaftServerConfigKeys (ConfUtils.java:logGet(43)) - raft.server.log.write.buffer.size = 33554432 (custom)
2019-08-20 16:35:49,011 [pool-49-thread-1] INFO  server.RaftServerConfigKeys (ConfUtils.java:logGet(43)) - raft.server.log.statemachine.data.sync.timeout.retry = -1 (default)
2019-08-20 16:35:49,011 [pool-38-thread-1] INFO  server.RaftServerConfigKeys (ConfUtils.java:logGet(43)) - raft.server.log.force.sync.num = 128 (default)
2019-08-20 16:35:49,012 [pool-49-thread-1] INFO  server.RaftServerConfigKeys (ConfUtils.java:logGet(43)) - raft.server.log.statemachine.data.caching.enabled = true (custom)
2019-08-20 16:35:49,011 [pool-27-thread-1] INFO  server.RaftServerConfigKeys (ConfUtils.java:logGet(43)) - raft.server.snapshot.auto.trigger.enabled = true (custom)
2019-08-20 16:35:49,012 [pool-49-thread-1] INFO  segmented.SegmentedRaftLogWorker (SegmentedRaftLogWorker.java:lambda$new$0(132)) - 1cd99ed7-c0d2-41ff-a57e-f64a137aa790-SegmentedRaftLogWorker:Storage Directory /workdir/hadoop-ozone/tools/target/test-dir/MiniOzoneClusterImpl-be136bf1-c7ac-4d2e-9665-41f2df98132f/datanode-2/data/ratis/59438cf9-19cd-406a-ba7b-5305c75b78c4: flushIndex: setUnconditionally 0 -> -1
2019-08-20 16:35:49,012 [pool-38-thread-1] INFO  server.RaftServerConfigKeys (ConfUtils.java:logGet(43)) - raft.server.log.statemachine.data.sync = true (default)
2019-08-20 16:35:49,012 [pool-49-thread-1] INFO  server.RaftServerConfigKeys (ConfUtils.java:logGet(43)) - raft.server.snapshot.auto.trigger.enabled = true (custom)
2019-08-20 16:35:49,012 [pool-27-thread-1] INFO  server.RaftServerConfigKeys (ConfUtils.java:logGet(43)) - raft.server.snapshot.auto.trigger.threshold = 10000 (custom)
2019-08-20 16:35:49,013 [pool-49-thread-1] INFO  server.RaftServerConfigKeys (ConfUtils.java:logGet(43)) - raft.server.snapshot.auto.trigger.threshold = 10000 (custom)
2019-08-20 16:35:49,012 [pool-38-thread-1] INFO  server.RaftServerConfigKeys (ConfUtils.java:logGet(43)) - raft.server.log.statemachine.data.sync.timeout = 10s (default)
2019-08-20 16:35:49,014 [pool-49-thread-1] INFO  server.RaftServerConfigKeys (ConfUtils.java:logGet(43)) - raft.server.retrycache.expirytime = 600000ms (custom)
2019-08-20 16:35:49,012 | ERROR | OMAudit | user=jenkins1000 | ip=127.0.0.1 | op=ALLOCATE_KEY {volume=vol-0-11702, bucket=bucket-0-30315, key=key-0-95761, dataSize=20971520, replicationType=RATIS, replicationFactor=THREE, keyLocationInfo=null} | ret=FAILURE | org.apache.hadoop.hdds.scm.exceptions.SCMException: Allocated 0 blocks. Requested 5 blocks
	at org.apache.hadoop.hdds.scm.protocolPB.ScmBlockLocationProtocolClientSideTranslatorPB.handleError(ScmBlockLocationProtocolClientSideTranslatorPB.java:118)
	at org.apache.hadoop.hdds.scm.protocolPB.ScmBlockLocationProtocolClientSideTranslatorPB.allocateBlock(ScmBlockLocationProtocolClientSideTranslatorPB.java:156) 
2019-08-20 16:35:49,014 [pool-27-thread-1] INFO  server.RaftServerConfigKeys (ConfUtils.java:logGet(43)) - raft.server.retrycache.expirytime = 600000ms (custom)
2019-08-20 16:35:49,014 [pool-38-thread-1] INFO  server.RaftServerConfigKeys (ConfUtils.java:logGet(43)) - raft.server.log.statemachine.data.sync.timeout.retry = -1 (default)
2019-08-20 16:35:49,015 [pool-27-thread-1] INFO  impl.RaftServerImpl (RaftServerImpl.java:start(180)) - c9d5e90e-0dec-4e85-b4e2-d29823632d06: start group-06EF8327F6E7
2019-08-20 16:35:49,015 [pool-38-thread-1] INFO  server.RaftServerConfigKeys (ConfUtils.java:logGet(43)) - raft.server.log.statemachine.data.caching.enabled = true (custom)
2019-08-20 16:35:49,015 [pool-27-thread-1] INFO  impl.RaftServerImpl (RaftServerImpl.java:setRole(171)) - c9d5e90e-0dec-4e85-b4e2-d29823632d06:group-06EF8327F6E7 changes role from null to FOLLOWER at term 0 for startAsFollower
2019-08-20 16:35:49,015 [pool-27-thread-1] INFO  impl.RoleInfo (RoleInfo.java:updateAndGet(143)) - c9d5e90e-0dec-4e85-b4e2-d29823632d06: start FollowerState
2019-08-20 16:35:49,016 [pool-38-thread-1] INFO  segmented.SegmentedRaftLogWorker (SegmentedRaftLogWorker.java:lambda$new$0(132)) - 8556a57b-07a2-43a1-b9c0-1edf0a6afefc-SegmentedRaftLogWorker:Storage Directory /workdir/hadoop-ozone/tools/target/test-dir/MiniOzoneClusterImpl-be136bf1-c7ac-4d2e-9665-41f2df98132f/datanode-1/data/ratis/59438cf9-19cd-406a-ba7b-5305c75b78c4: flushIndex: setUnconditionally 0 -> -1
2019-08-20 16:35:49,016 [pool-27-thread-1] INFO  util.JmxRegister (JmxRegister.java:tryRegister(44)) - Successfully registered JMX Bean with object name Ratis:service=RaftServer,group=group-06EF8327F6E7,id=c9d5e90e-0dec-4e85-b4e2-d29823632d06
2019-08-20 16:35:49,016 [pool-38-thread-1] INFO  server.RaftServerConfigKeys (ConfUtils.java:logGet(43)) - raft.server.snapshot.auto.trigger.enabled = true (custom)
2019-08-20 16:35:49,017 [pool-38-thread-1] INFO  server.RaftServerConfigKeys (ConfUtils.java:logGet(43)) - raft.server.snapshot.auto.trigger.threshold = 10000 (custom)
2019-08-20 16:35:49,017 [pool-49-thread-1] INFO  impl.RaftServerImpl (RaftServerImpl.java:<init>(93)) - 1cd99ed7-c0d2-41ff-a57e-f64a137aa790: new RaftServerImpl for group-4F0E52147044:[8556a57b-07a2-43a1-b9c0-1edf0a6afefc:192.168.5.139:40827, 1cd99ed7-c0d2-41ff-a57e-f64a137aa790:192.168.5.139:32924, c9d5e90e-0dec-4e85-b4e2-d29823632d06:192.168.5.139:43573] with ContainerStateMachine:uninitialized
2019-08-20 16:35:49,017 [pool-38-thread-1] INFO  server.RaftServerConfigKeys (ConfUtils.java:logGet(43)) - raft.server.retrycache.expirytime = 600000ms (custom)
2019-08-20 16:35:49,017 [pool-49-thread-1] INFO  server.RaftServerConfigKeys (ConfUtils.java:logGet(43)) - raft.server.rpc.timeout.min = 5s (custom)
2019-08-20 16:35:49,018 [pool-49-thread-1] INFO  server.RaftServerConfigKeys (ConfUtils.java:logGet(43)) - raft.server.rpc.timeout.max = 5200ms (custom)
2019-08-20 16:35:49,018 [pool-49-thread-1] INFO  server.RaftServerConfigKeys (ConfUtils.java:logGet(43)) - raft.server.rpcslowness.timeout = 120s (custom)
2019-08-20 16:35:49,018 [pool-49-thread-1] INFO  server.RaftServerConfigKeys (ConfUtils.java:logGet(43)) - raft.server.sleep.deviation.threshold = 300 (default)
2019-08-20 16:35:49,018 [pool-49-thread-1] INFO  server.RaftServerConfigKeys (ConfUtils.java:logGet(43)) - raft.server.log.appender.install.snapshot.enabled = false (custom)
2019-08-20 16:35:49,018 [pool-49-thread-1] INFO  impl.RaftServerImpl (ServerState.java:<init>(105)) - 1cd99ed7-c0d2-41ff-a57e-f64a137aa790:group-4F0E52147044 ConfigurationManager, init=-1: [8556a57b-07a2-43a1-b9c0-1edf0a6afefc:192.168.5.139:40827, 1cd99ed7-c0d2-41ff-a57e-f64a137aa790:192.168.5.139:32924, c9d5e90e-0dec-4e85-b4e2-d29823632d06:192.168.5.139:43573], old=null, confs=<EMPTY_MAP>
2019-08-20 16:35:49,019 [pool-49-thread-1] INFO  server.RaftServerConfigKeys (ConfUtils.java:logGet(43)) - raft.server.storage.dir = [/workdir/hadoop-ozone/tools/target/test-dir/MiniOzoneClusterImpl-be136bf1-c7ac-4d2e-9665-41f2df98132f/datanode-2/data/ratis] (custom)
2019-08-20 16:35:49,019 [pool-56-thread-3] ERROR freon.RandomKeyGenerator (RandomKeyGenerator.java:createKey(724)) - Exception while adding key: key-0-95761 in bucket: bucket-0-30315 of volume: vol-0-11702.
INTERNAL_ERROR org.apache.hadoop.ozone.om.exceptions.OMException: Allocated 0 blocks. Requested 5 blocks
	at org.apache.hadoop.ozone.om.protocolPB.OzoneManagerProtocolClientSideTranslatorPB.handleError(OzoneManagerProtocolClientSideTranslatorPB.java:725)
	at org.apache.hadoop.ozone.om.protocolPB.OzoneManagerProtocolClientSideTranslatorPB.openKey(OzoneManagerProtocolClientSideTranslatorPB.java:716)
	at org.apache.hadoop.ozone.client.rpc.RpcClient.createKey(RpcClient.java:614)
	at org.apache.hadoop.ozone.client.OzoneBucket.createKey(OzoneBucket.java:323)
	at org.apache.hadoop.ozone.freon.RandomKeyGenerator.createKey(RandomKeyGenerator.java:686)
	at org.apache.hadoop.ozone.freon.RandomKeyGenerator.access$1100(RandomKeyGenerator.java:87)
	at org.apache.hadoop.ozone.freon.RandomKeyGenerator$ObjectCreator.run(RandomKeyGenerator.java:606)
	at java.util.concurrent.Executors$RunnableAdapter.call(Executors.java:511)
	at java.util.concurrent.FutureTask.run(FutureTask.java:266)
	at java.util.concurrent.ThreadPoolExecutor.runWorker(ThreadPoolExecutor.java:1149)
	at java.util.concurrent.ThreadPoolExecutor$Worker.run(ThreadPoolExecutor.java:624)
	at java.lang.Thread.run(Thread.java:748)
2019-08-20 16:35:49,024 [pool-27-thread-1] INFO  impl.RaftServerImpl (RaftServerImpl.java:<init>(93)) - c9d5e90e-0dec-4e85-b4e2-d29823632d06: new RaftServerImpl for group-4F0E52147044:[8556a57b-07a2-43a1-b9c0-1edf0a6afefc:192.168.5.139:40827, 1cd99ed7-c0d2-41ff-a57e-f64a137aa790:192.168.5.139:32924, c9d5e90e-0dec-4e85-b4e2-d29823632d06:192.168.5.139:43573] with ContainerStateMachine:uninitialized
2019-08-20 16:35:49,023 [pool-49-thread-1] INFO  storage.RaftStorageDirectory (RaftStorageDirectory.java:analyzeStorage(246)) - The storage directory /workdir/hadoop-ozone/tools/target/test-dir/MiniOzoneClusterImpl-be136bf1-c7ac-4d2e-9665-41f2df98132f/datanode-2/data/ratis/83468293-c242-439e-91d0-4f0e52147044 does not exist. Creating ...
2019-08-20 16:35:49,024 [pool-27-thread-1] INFO  server.RaftServerConfigKeys (ConfUtils.java:logGet(43)) - raft.server.rpc.timeout.min = 5s (custom)
2019-08-20 16:35:49,024 [pool-27-thread-1] INFO  server.RaftServerConfigKeys (ConfUtils.java:logGet(43)) - raft.server.rpc.timeout.max = 5200ms (custom)
2019-08-20 16:35:49,024 [pool-27-thread-1] INFO  server.RaftServerConfigKeys (ConfUtils.java:logGet(43)) - raft.server.rpcslowness.timeout = 120s (custom)
2019-08-20 16:35:49,025 [pool-27-thread-1] INFO  server.RaftServerConfigKeys (ConfUtils.java:logGet(43)) - raft.server.sleep.deviation.threshold = 300 (default)
2019-08-20 16:35:49,025 [pool-27-thread-1] INFO  server.RaftServerConfigKeys (ConfUtils.java:logGet(43)) - raft.server.log.appender.install.snapshot.enabled = false (custom)
2019-08-20 16:35:49,025 [pool-27-thread-1] INFO  impl.RaftServerImpl (ServerState.java:<init>(105)) - c9d5e90e-0dec-4e85-b4e2-d29823632d06:group-4F0E52147044 ConfigurationManager, init=-1: [8556a57b-07a2-43a1-b9c0-1edf0a6afefc:192.168.5.139:40827, 1cd99ed7-c0d2-41ff-a57e-f64a137aa790:192.168.5.139:32924, c9d5e90e-0dec-4e85-b4e2-d29823632d06:192.168.5.139:43573], old=null, confs=<EMPTY_MAP>
2019-08-20 16:35:49,025 [pool-38-thread-1] INFO  impl.RaftServerImpl (RaftServerImpl.java:<init>(93)) - 8556a57b-07a2-43a1-b9c0-1edf0a6afefc: new RaftServerImpl for group-4F0E52147044:[8556a57b-07a2-43a1-b9c0-1edf0a6afefc:192.168.5.139:40827, 1cd99ed7-c0d2-41ff-a57e-f64a137aa790:192.168.5.139:32924, c9d5e90e-0dec-4e85-b4e2-d29823632d06:192.168.5.139:43573] with ContainerStateMachine:uninitialized
2019-08-20 16:35:49,025 [pool-27-thread-1] INFO  server.RaftServerConfigKeys (ConfUtils.java:logGet(43)) - raft.server.storage.dir = [/workdir/hadoop-ozone/tools/target/test-dir/MiniOzoneClusterImpl-be136bf1-c7ac-4d2e-9665-41f2df98132f/datanode-0/data/ratis] (custom)
2019-08-20 16:35:49,025 [pool-38-thread-1] INFO  server.RaftServerConfigKeys (ConfUtils.java:logGet(43)) - raft.server.rpc.timeout.min = 5s (custom)
2019-08-20 16:35:49,026 [pool-38-thread-1] INFO  server.RaftServerConfigKeys (ConfUtils.java:logGet(43)) - raft.server.rpc.timeout.max = 5200ms (custom)
2019-08-20 16:35:49,026 [pool-27-thread-1] INFO  storage.RaftStorageDirectory (RaftStorageDirectory.java:analyzeStorage(246)) - The storage directory /workdir/hadoop-ozone/tools/target/test-dir/MiniOzoneClusterImpl-be136bf1-c7ac-4d2e-9665-41f2df98132f/datanode-0/data/ratis/83468293-c242-439e-91d0-4f0e52147044 does not exist. Creating ...
2019-08-20 16:35:49,026 [pool-38-thread-1] INFO  server.RaftServerConfigKeys (ConfUtils.java:logGet(43)) - raft.server.rpcslowness.timeout = 120s (custom)
2019-08-20 16:35:49,026 [pool-38-thread-1] INFO  server.RaftServerConfigKeys (ConfUtils.java:logGet(43)) - raft.server.sleep.deviation.threshold = 300 (default)
2019-08-20 16:35:49,026 [pool-38-thread-1] INFO  server.RaftServerConfigKeys (ConfUtils.java:logGet(43)) - raft.server.log.appender.install.snapshot.enabled = false (custom)
2019-08-20 16:35:49,026 [pool-38-thread-1] INFO  impl.RaftServerImpl (ServerState.java:<init>(105)) - 8556a57b-07a2-43a1-b9c0-1edf0a6afefc:group-4F0E52147044 ConfigurationManager, init=-1: [8556a57b-07a2-43a1-b9c0-1edf0a6afefc:192.168.5.139:40827, 1cd99ed7-c0d2-41ff-a57e-f64a137aa790:192.168.5.139:32924, c9d5e90e-0dec-4e85-b4e2-d29823632d06:192.168.5.139:43573], old=null, confs=<EMPTY_MAP>
2019-08-20 16:35:49,027 [pool-38-thread-1] INFO  server.RaftServerConfigKeys (ConfUtils.java:logGet(43)) - raft.server.storage.dir = [/workdir/hadoop-ozone/tools/target/test-dir/MiniOzoneClusterImpl-be136bf1-c7ac-4d2e-9665-41f2df98132f/datanode-1/data/ratis] (custom)
2019-08-20 16:35:49,027 [pool-38-thread-1] INFO  storage.RaftStorageDirectory (RaftStorageDirectory.java:analyzeStorage(246)) - The storage directory /workdir/hadoop-ozone/tools/target/test-dir/MiniOzoneClusterImpl-be136bf1-c7ac-4d2e-9665-41f2df98132f/datanode-1/data/ratis/83468293-c242-439e-91d0-4f0e52147044 does not exist. Creating ...
2019-08-20 16:35:49,032 [pool-27-thread-1] INFO  storage.RaftStorageDirectory (RaftStorageDirectory.java:tryLock(328)) - Lock on /workdir/hadoop-ozone/tools/target/test-dir/MiniOzoneClusterImpl-be136bf1-c7ac-4d2e-9665-41f2df98132f/datanode-0/data/ratis/83468293-c242-439e-91d0-4f0e52147044/in_use.lock acquired by nodename 27280@pr-hdds-1200-9hlr9-3148487106
2019-08-20 16:35:49,032 [pool-38-thread-1] INFO  storage.RaftStorageDirectory (RaftStorageDirectory.java:tryLock(328)) - Lock on /workdir/hadoop-ozone/tools/target/test-dir/MiniOzoneClusterImpl-be136bf1-c7ac-4d2e-9665-41f2df98132f/datanode-1/data/ratis/83468293-c242-439e-91d0-4f0e52147044/in_use.lock acquired by nodename 27280@pr-hdds-1200-9hlr9-3148487106
2019-08-20 16:35:49,032 [pool-49-thread-1] INFO  storage.RaftStorageDirectory (RaftStorageDirectory.java:tryLock(328)) - Lock on /workdir/hadoop-ozone/tools/target/test-dir/MiniOzoneClusterImpl-be136bf1-c7ac-4d2e-9665-41f2df98132f/datanode-2/data/ratis/83468293-c242-439e-91d0-4f0e52147044/in_use.lock acquired by nodename 27280@pr-hdds-1200-9hlr9-3148487106
2019-08-20 16:35:49,042 [pool-38-thread-1] INFO  storage.RaftStorage (RaftStorage.java:format(72)) - Storage directory /workdir/hadoop-ozone/tools/target/test-dir/MiniOzoneClusterImpl-be136bf1-c7ac-4d2e-9665-41f2df98132f/datanode-1/data/ratis/83468293-c242-439e-91d0-4f0e52147044 has been successfully formatted.
2019-08-20 16:35:49,042 [pool-27-thread-1] INFO  storage.RaftStorage (RaftStorage.java:format(72)) - Storage directory /workdir/hadoop-ozone/tools/target/test-dir/MiniOzoneClusterImpl-be136bf1-c7ac-4d2e-9665-41f2df98132f/datanode-0/data/ratis/83468293-c242-439e-91d0-4f0e52147044 has been successfully formatted.
2019-08-20 16:35:49,042 [pool-38-thread-1] INFO  ratis.ContainerStateMachine (ContainerStateMachine.java:loadSnapshot(222)) - group-4F0E52147044: The snapshot info is null. Setting the last applied indexto:(t:0, i:~)
2019-08-20 16:35:49,043 [pool-27-thread-1] INFO  ratis.ContainerStateMachine (ContainerStateMachine.java:loadSnapshot(222)) - group-4F0E52147044: The snapshot info is null. Setting the last applied indexto:(t:0, i:~)
2019-08-20 16:35:49,042 [pool-49-thread-1] INFO  storage.RaftStorage (RaftStorage.java:format(72)) - Storage directory /workdir/hadoop-ozone/tools/target/test-dir/MiniOzoneClusterImpl-be136bf1-c7ac-4d2e-9665-41f2df98132f/datanode-2/data/ratis/83468293-c242-439e-91d0-4f0e52147044 has been successfully formatted.
2019-08-20 16:35:49,043 [pool-27-thread-1] INFO  server.RaftServerConfigKeys (ConfUtils.java:logGet(43)) - raft.server.leader.election.timeout = 120s (custom)
2019-08-20 16:35:49,043 [pool-38-thread-1] INFO  server.RaftServerConfigKeys (ConfUtils.java:logGet(43)) - raft.server.leader.election.timeout = 120s (custom)
2019-08-20 16:35:49,043 [pool-27-thread-1] INFO  server.RaftServerConfigKeys (ConfUtils.java:logGet(43)) - raft.server.log.use.memory = false (default)
2019-08-20 16:35:49,043 [pool-38-thread-1] INFO  server.RaftServerConfigKeys (ConfUtils.java:logGet(43)) - raft.server.log.use.memory = false (default)
2019-08-20 16:35:49,044 [pool-49-thread-1] INFO  ratis.ContainerStateMachine (ContainerStateMachine.java:loadSnapshot(222)) - group-4F0E52147044: The snapshot info is null. Setting the last applied indexto:(t:0, i:~)
2019-08-20 16:35:49,044 [pool-27-thread-1] INFO  server.RaftServerConfigKeys (ConfUtils.java:logGet(43)) - raft.server.log.purge.gap = 1000000 (custom)
2019-08-20 16:35:49,044 [pool-49-thread-1] INFO  server.RaftServerConfigKeys (ConfUtils.java:logGet(43)) - raft.server.leader.election.timeout = 120s (custom)
2019-08-20 16:35:49,044 [pool-38-thread-1] INFO  server.RaftServerConfigKeys (ConfUtils.java:logGet(43)) - raft.server.log.purge.gap = 1000000 (custom)
2019-08-20 16:35:49,044 [pool-49-thread-1] INFO  server.RaftServerConfigKeys (ConfUtils.java:logGet(43)) - raft.server.log.use.memory = false (default)
2019-08-20 16:35:49,044 [pool-27-thread-1] INFO  server.RaftServerConfigKeys (ConfUtils.java:logGet(43)) - raft.server.log.appender.buffer.byte-limit = 33554432 (custom)
2019-08-20 16:35:49,045 [pool-49-thread-1] INFO  server.RaftServerConfigKeys (ConfUtils.java:logGet(43)) - raft.server.log.purge.gap = 1000000 (custom)
2019-08-20 16:35:49,044 [pool-38-thread-1] INFO  server.RaftServerConfigKeys (ConfUtils.java:logGet(43)) - raft.server.log.appender.buffer.byte-limit = 33554432 (custom)
2019-08-20 16:35:49,045 [pool-49-thread-1] INFO  server.RaftServerConfigKeys (ConfUtils.java:logGet(43)) - raft.server.log.appender.buffer.byte-limit = 33554432 (custom)
2019-08-20 16:35:49,045 [pool-27-thread-1] INFO  server.RaftServerConfigKeys (ConfUtils.java:logGet(43)) - raft.server.log.segment.size.max = 1048576 (custom)
2019-08-20 16:35:49,046 [pool-49-thread-1] INFO  server.RaftServerConfigKeys (ConfUtils.java:logGet(43)) - raft.server.log.segment.size.max = 1048576 (custom)
2019-08-20 16:35:49,045 [pool-38-thread-1] INFO  server.RaftServerConfigKeys (ConfUtils.java:logGet(43)) - raft.server.log.segment.size.max = 1048576 (custom)
2019-08-20 16:35:49,046 [pool-49-thread-1] INFO  server.RaftServerConfigKeys (ConfUtils.java:logGet(43)) - raft.server.log.segment.cache.num.max = 2 (custom)
2019-08-20 16:35:49,046 [pool-27-thread-1] INFO  server.RaftServerConfigKeys (ConfUtils.java:logGet(43)) - raft.server.log.segment.cache.num.max = 2 (custom)
2019-08-20 16:35:49,046 [pool-49-thread-1] INFO  segmented.SegmentedRaftLogWorker (SegmentedRaftLogWorker.java:<init>(172)) - new 1cd99ed7-c0d2-41ff-a57e-f64a137aa790-SegmentedRaftLogWorker:Storage Directory /workdir/hadoop-ozone/tools/target/test-dir/MiniOzoneClusterImpl-be136bf1-c7ac-4d2e-9665-41f2df98132f/datanode-2/data/ratis/83468293-c242-439e-91d0-4f0e52147044 for RaftStorage:Storage Directory /workdir/hadoop-ozone/tools/target/test-dir/MiniOzoneClusterImpl-be136bf1-c7ac-4d2e-9665-41f2df98132f/datanode-2/data/ratis/83468293-c242-439e-91d0-4f0e52147044
2019-08-20 16:35:49,046 [pool-38-thread-1] INFO  server.RaftServerConfigKeys (ConfUtils.java:logGet(43)) - raft.server.log.segment.cache.num.max = 2 (custom)
2019-08-20 16:35:49,047 [pool-49-thread-1] INFO  server.RaftServerConfigKeys (ConfUtils.java:logGet(43)) - raft.server.log.queue.byte-limit = 2147483647 (custom)
2019-08-20 16:35:49,046 [pool-27-thread-1] INFO  segmented.SegmentedRaftLogWorker (SegmentedRaftLogWorker.java:<init>(172)) - new c9d5e90e-0dec-4e85-b4e2-d29823632d06-SegmentedRaftLogWorker:Storage Directory /workdir/hadoop-ozone/tools/target/test-dir/MiniOzoneClusterImpl-be136bf1-c7ac-4d2e-9665-41f2df98132f/datanode-0/data/ratis/83468293-c242-439e-91d0-4f0e52147044 for RaftStorage:Storage Directory /workdir/hadoop-ozone/tools/target/test-dir/MiniOzoneClusterImpl-be136bf1-c7ac-4d2e-9665-41f2df98132f/datanode-0/data/ratis/83468293-c242-439e-91d0-4f0e52147044
2019-08-20 16:35:49,048 [pool-49-thread-1] INFO  server.RaftServerConfigKeys (ConfUtils.java:logGet(43)) - raft.server.log.queue.element-limit = 1024 (custom)
2019-08-20 16:35:49,048 [pool-38-thread-1] INFO  segmented.SegmentedRaftLogWorker (SegmentedRaftLogWorker.java:<init>(172)) - new 8556a57b-07a2-43a1-b9c0-1edf0a6afefc-SegmentedRaftLogWorker:Storage Directory /workdir/hadoop-ozone/tools/target/test-dir/MiniOzoneClusterImpl-be136bf1-c7ac-4d2e-9665-41f2df98132f/datanode-1/data/ratis/83468293-c242-439e-91d0-4f0e52147044 for RaftStorage:Storage Directory /workdir/hadoop-ozone/tools/target/test-dir/MiniOzoneClusterImpl-be136bf1-c7ac-4d2e-9665-41f2df98132f/datanode-1/data/ratis/83468293-c242-439e-91d0-4f0e52147044
2019-08-20 16:35:49,048 [pool-49-thread-1] INFO  server.RaftServerConfigKeys (ConfUtils.java:logGet(43)) - raft.server.log.segment.size.max = 1048576 (custom)
2019-08-20 16:35:49,048 [pool-27-thread-1] INFO  server.RaftServerConfigKeys (ConfUtils.java:logGet(43)) - raft.server.log.queue.byte-limit = 2147483647 (custom)
2019-08-20 16:35:49,050 [pool-49-thread-1] INFO  server.RaftServerConfigKeys (ConfUtils.java:logGet(43)) - raft.server.log.preallocated.size = 16384 (custom)
2019-08-20 16:35:49,050 [pool-38-thread-1] INFO  server.RaftServerConfigKeys (ConfUtils.java:logGet(43)) - raft.server.log.queue.byte-limit = 2147483647 (custom)
2019-08-20 16:35:49,051 [pool-49-thread-1] INFO  server.RaftServerConfigKeys (ConfUtils.java:logGet(43)) - raft.server.log.write.buffer.size = 33554432 (custom)
2019-08-20 16:35:49,051 [pool-27-thread-1] INFO  server.RaftServerConfigKeys (ConfUtils.java:logGet(43)) - raft.server.log.queue.element-limit = 1024 (custom)
2019-08-20 16:35:49,052 [pool-49-thread-1] INFO  server.RaftServerConfigKeys (ConfUtils.java:logGet(43)) - raft.server.log.force.sync.num = 128 (default)
2019-08-20 16:35:49,052 [pool-38-thread-1] INFO  server.RaftServerConfigKeys (ConfUtils.java:logGet(43)) - raft.server.log.queue.element-limit = 1024 (custom)
2019-08-20 16:35:49,052 [pool-49-thread-1] INFO  server.RaftServerConfigKeys (ConfUtils.java:logGet(43)) - raft.server.log.statemachine.data.sync = true (default)
2019-08-20 16:35:49,052 [pool-27-thread-1] INFO  server.RaftServerConfigKeys (ConfUtils.java:logGet(43)) - raft.server.log.segment.size.max = 1048576 (custom)
2019-08-20 16:35:49,053 [pool-49-thread-1] INFO  server.RaftServerConfigKeys (ConfUtils.java:logGet(43)) - raft.server.log.statemachine.data.sync.timeout = 10s (default)
2019-08-20 16:35:49,052 [pool-38-thread-1] INFO  server.RaftServerConfigKeys (ConfUtils.java:logGet(43)) - raft.server.log.segment.size.max = 1048576 (custom)
2019-08-20 16:35:49,053 [pool-49-thread-1] INFO  server.RaftServerConfigKeys (ConfUtils.java:logGet(43)) - raft.server.log.statemachine.data.sync.timeout.retry = -1 (default)
2019-08-20 16:35:49,053 [pool-27-thread-1] INFO  server.RaftServerConfigKeys (ConfUtils.java:logGet(43)) - raft.server.log.preallocated.size = 16384 (custom)
2019-08-20 16:35:49,054 [pool-49-thread-1] INFO  server.RaftServerConfigKeys (ConfUtils.java:logGet(43)) - raft.server.log.statemachine.data.caching.enabled = true (custom)
2019-08-20 16:35:49,053 [pool-38-thread-1] INFO  server.RaftServerConfigKeys (ConfUtils.java:logGet(43)) - raft.server.log.preallocated.size = 16384 (custom)
2019-08-20 16:35:49,054 [pool-27-thread-1] INFO  server.RaftServerConfigKeys (ConfUtils.java:logGet(43)) - raft.server.log.write.buffer.size = 33554432 (custom)
2019-08-20 16:35:49,054 [pool-49-thread-1] INFO  segmented.SegmentedRaftLogWorker (SegmentedRaftLogWorker.java:lambda$new$0(132)) - 1cd99ed7-c0d2-41ff-a57e-f64a137aa790-SegmentedRaftLogWorker:Storage Directory /workdir/hadoop-ozone/tools/target/test-dir/MiniOzoneClusterImpl-be136bf1-c7ac-4d2e-9665-41f2df98132f/datanode-2/data/ratis/83468293-c242-439e-91d0-4f0e52147044: flushIndex: setUnconditionally 0 -> -1
2019-08-20 16:35:49,054 [pool-38-thread-1] INFO  server.RaftServerConfigKeys (ConfUtils.java:logGet(43)) - raft.server.log.write.buffer.size = 33554432 (custom)
2019-08-20 16:35:49,055 [pool-38-thread-1] INFO  server.RaftServerConfigKeys (ConfUtils.java:logGet(43)) - raft.server.log.force.sync.num = 128 (default)
2019-08-20 16:35:49,054 [pool-27-thread-1] INFO  server.RaftServerConfigKeys (ConfUtils.java:logGet(43)) - raft.server.log.force.sync.num = 128 (default)
2019-08-20 16:35:49,055 [pool-38-thread-1] INFO  server.RaftServerConfigKeys (ConfUtils.java:logGet(43)) - raft.server.log.statemachine.data.sync = true (default)
2019-08-20 16:35:49,055 [pool-49-thread-1] INFO  server.RaftServerConfigKeys (ConfUtils.java:logGet(43)) - raft.server.snapshot.auto.trigger.enabled = true (custom)
2019-08-20 16:35:49,055 [pool-38-thread-1] INFO  server.RaftServerConfigKeys (ConfUtils.java:logGet(43)) - raft.server.log.statemachine.data.sync.timeout = 10s (default)
2019-08-20 16:35:49,056 [pool-38-thread-1] INFO  server.RaftServerConfigKeys (ConfUtils.java:logGet(43)) - raft.server.log.statemachine.data.sync.timeout.retry = -1 (default)
2019-08-20 16:35:49,055 [pool-27-thread-1] INFO  server.RaftServerConfigKeys (ConfUtils.java:logGet(43)) - raft.server.log.statemachine.data.sync = true (default)
2019-08-20 16:35:49,056 [pool-38-thread-1] INFO  server.RaftServerConfigKeys (ConfUtils.java:logGet(43)) - raft.server.log.statemachine.data.caching.enabled = true (custom)
2019-08-20 16:35:49,055 [pool-49-thread-1] INFO  server.RaftServerConfigKeys (ConfUtils.java:logGet(43)) - raft.server.snapshot.auto.trigger.threshold = 10000 (custom)
2019-08-20 16:35:49,056 [pool-27-thread-1] INFO  server.RaftServerConfigKeys (ConfUtils.java:logGet(43)) - raft.server.log.statemachine.data.sync.timeout = 10s (default)
2019-08-20 16:35:49,056 [pool-49-thread-1] INFO  server.RaftServerConfigKeys (ConfUtils.java:logGet(43)) - raft.server.retrycache.expirytime = 600000ms (custom)
2019-08-20 16:35:49,056 [pool-38-thread-1] INFO  segmented.SegmentedRaftLogWorker (SegmentedRaftLogWorker.java:lambda$new$0(132)) - 8556a57b-07a2-43a1-b9c0-1edf0a6afefc-SegmentedRaftLogWorker:Storage Directory /workdir/hadoop-ozone/tools/target/test-dir/MiniOzoneClusterImpl-be136bf1-c7ac-4d2e-9665-41f2df98132f/datanode-1/data/ratis/83468293-c242-439e-91d0-4f0e52147044: flushIndex: setUnconditionally 0 -> -1
2019-08-20 16:35:49,057 [pool-49-thread-1] INFO  impl.RaftServerImpl (RaftServerImpl.java:start(180)) - 1cd99ed7-c0d2-41ff-a57e-f64a137aa790: start group-06EF8327F6E7
2019-08-20 16:35:49,056 [pool-27-thread-1] INFO  server.RaftServerConfigKeys (ConfUtils.java:logGet(43)) - raft.server.log.statemachine.data.sync.timeout.retry = -1 (default)
2019-08-20 16:35:49,057 [pool-49-thread-1] INFO  impl.RaftServerImpl (RaftServerImpl.java:setRole(171)) - 1cd99ed7-c0d2-41ff-a57e-f64a137aa790:group-06EF8327F6E7 changes role from null to FOLLOWER at term 0 for startAsFollower
2019-08-20 16:35:49,057 [pool-38-thread-1] INFO  server.RaftServerConfigKeys (ConfUtils.java:logGet(43)) - raft.server.snapshot.auto.trigger.enabled = true (custom)
2019-08-20 16:35:49,057 [pool-49-thread-1] INFO  impl.RoleInfo (RoleInfo.java:updateAndGet(143)) - 1cd99ed7-c0d2-41ff-a57e-f64a137aa790: start FollowerState
2019-08-20 16:35:49,057 [pool-27-thread-1] INFO  server.RaftServerConfigKeys (ConfUtils.java:logGet(43)) - raft.server.log.statemachine.data.caching.enabled = true (custom)
2019-08-20 16:35:49,057 [pool-38-thread-1] INFO  server.RaftServerConfigKeys (ConfUtils.java:logGet(43)) - raft.server.snapshot.auto.trigger.threshold = 10000 (custom)
2019-08-20 16:35:49,058 [pool-49-thread-1] INFO  util.JmxRegister (JmxRegister.java:tryRegister(44)) - Successfully registered JMX Bean with object name Ratis:service=RaftServer,group=group-06EF8327F6E7,id=1cd99ed7-c0d2-41ff-a57e-f64a137aa790
2019-08-20 16:35:49,058 [pool-27-thread-1] INFO  segmented.SegmentedRaftLogWorker (SegmentedRaftLogWorker.java:lambda$new$0(132)) - c9d5e90e-0dec-4e85-b4e2-d29823632d06-SegmentedRaftLogWorker:Storage Directory /workdir/hadoop-ozone/tools/target/test-dir/MiniOzoneClusterImpl-be136bf1-c7ac-4d2e-9665-41f2df98132f/datanode-0/data/ratis/83468293-c242-439e-91d0-4f0e52147044: flushIndex: setUnconditionally 0 -> -1
2019-08-20 16:35:49,058 [pool-38-thread-1] INFO  server.RaftServerConfigKeys (ConfUtils.java:logGet(43)) - raft.server.retrycache.expirytime = 600000ms (custom)
2019-08-20 16:35:49,059 [pool-27-thread-1] INFO  server.RaftServerConfigKeys (ConfUtils.java:logGet(43)) - raft.server.snapshot.auto.trigger.enabled = true (custom)
2019-08-20 16:35:49,059 [pool-49-thread-1] INFO  impl.RaftServerImpl (RaftServerImpl.java:start(180)) - 1cd99ed7-c0d2-41ff-a57e-f64a137aa790: start group-856DB2C06D82
2019-08-20 16:35:49,059 [pool-38-thread-1] INFO  impl.RaftServerImpl (RaftServerImpl.java:start(180)) - 8556a57b-07a2-43a1-b9c0-1edf0a6afefc: start group-06EF8327F6E7
2019-08-20 16:35:49,059 [pool-49-thread-1] INFO  impl.RaftServerImpl (RaftServerImpl.java:setRole(171)) - 1cd99ed7-c0d2-41ff-a57e-f64a137aa790:group-856DB2C06D82 changes role from null to FOLLOWER at term 0 for startAsFollower
2019-08-20 16:35:49,059 [pool-27-thread-1] INFO  server.RaftServerConfigKeys (ConfUtils.java:logGet(43)) - raft.server.snapshot.auto.trigger.threshold = 10000 (custom)
2019-08-20 16:35:49,060 [pool-49-thread-1] INFO  impl.RoleInfo (RoleInfo.java:updateAndGet(143)) - 1cd99ed7-c0d2-41ff-a57e-f64a137aa790: start FollowerState
2019-08-20 16:35:49,059 [pool-38-thread-1] INFO  impl.RaftServerImpl (RaftServerImpl.java:setRole(171)) - 8556a57b-07a2-43a1-b9c0-1edf0a6afefc:group-06EF8327F6E7 changes role from null to FOLLOWER at term 0 for startAsFollower
2019-08-20 16:35:49,060 [pool-27-thread-1] INFO  server.RaftServerConfigKeys (ConfUtils.java:logGet(43)) - raft.server.retrycache.expirytime = 600000ms (custom)
2019-08-20 16:35:49,060 [pool-38-thread-1] INFO  impl.RoleInfo (RoleInfo.java:updateAndGet(143)) - 8556a57b-07a2-43a1-b9c0-1edf0a6afefc: start FollowerState
2019-08-20 16:35:49,060 [pool-49-thread-1] INFO  util.JmxRegister (JmxRegister.java:tryRegister(44)) - Successfully registered JMX Bean with object name Ratis:service=RaftServer,group=group-856DB2C06D82,id=1cd99ed7-c0d2-41ff-a57e-f64a137aa790
2019-08-20 16:35:49,060 [pool-27-thread-1] INFO  impl.RaftServerImpl (RaftServerImpl.java:start(180)) - c9d5e90e-0dec-4e85-b4e2-d29823632d06: start group-856DB2C06D82
2019-08-20 16:35:49,060 [pool-27-thread-1] INFO  impl.RaftServerImpl (RaftServerImpl.java:setRole(171)) - c9d5e90e-0dec-4e85-b4e2-d29823632d06:group-856DB2C06D82 changes role from null to FOLLOWER at term 0 for startAsFollower
2019-08-20 16:35:49,061 [pool-38-thread-1] INFO  util.JmxRegister (JmxRegister.java:tryRegister(44)) - Successfully registered JMX Bean with object name Ratis:service=RaftServer,group=group-06EF8327F6E7,id=8556a57b-07a2-43a1-b9c0-1edf0a6afefc
2019-08-20 16:35:49,061 [pool-27-thread-1] INFO  impl.RoleInfo (RoleInfo.java:updateAndGet(143)) - c9d5e90e-0dec-4e85-b4e2-d29823632d06: start FollowerState
2019-08-20 16:35:49,061 [pool-49-thread-1] INFO  impl.RaftServerImpl (RaftServerImpl.java:start(180)) - 1cd99ed7-c0d2-41ff-a57e-f64a137aa790: start group-B22F019AFF59
2019-08-20 16:35:49,061 [pool-49-thread-1] INFO  impl.RaftServerImpl (RaftServerImpl.java:setRole(171)) - 1cd99ed7-c0d2-41ff-a57e-f64a137aa790:group-B22F019AFF59 changes role from null to FOLLOWER at term 0 for startAsFollower
2019-08-20 16:35:49,061 [pool-49-thread-1] INFO  impl.RoleInfo (RoleInfo.java:updateAndGet(143)) - 1cd99ed7-c0d2-41ff-a57e-f64a137aa790: start FollowerState
2019-08-20 16:35:49,061 [pool-27-thread-1] INFO  util.JmxRegister (JmxRegister.java:tryRegister(44)) - Successfully registered JMX Bean with object name Ratis:service=RaftServer,group=group-856DB2C06D82,id=c9d5e90e-0dec-4e85-b4e2-d29823632d06
2019-08-20 16:35:49,061 [pool-38-thread-1] INFO  impl.RaftServerImpl (RaftServerImpl.java:start(180)) - 8556a57b-07a2-43a1-b9c0-1edf0a6afefc: start group-856DB2C06D82
2019-08-20 16:35:49,062 [pool-38-thread-1] INFO  impl.RaftServerImpl (RaftServerImpl.java:setRole(171)) - 8556a57b-07a2-43a1-b9c0-1edf0a6afefc:group-856DB2C06D82 changes role from null to FOLLOWER at term 0 for startAsFollower
2019-08-20 16:35:49,062 [pool-49-thread-1] INFO  util.JmxRegister (JmxRegister.java:tryRegister(44)) - Successfully registered JMX Bean with object name Ratis:service=RaftServer,group=group-B22F019AFF59,id=1cd99ed7-c0d2-41ff-a57e-f64a137aa790
2019-08-20 16:35:49,062 [pool-38-thread-1] INFO  impl.RoleInfo (RoleInfo.java:updateAndGet(143)) - 8556a57b-07a2-43a1-b9c0-1edf0a6afefc: start FollowerState
2019-08-20 16:35:49,062 [pool-27-thread-1] INFO  impl.RaftServerImpl (RaftServerImpl.java:start(180)) - c9d5e90e-0dec-4e85-b4e2-d29823632d06: start group-B22F019AFF59
2019-08-20 16:35:49,063 [pool-27-thread-1] INFO  impl.RaftServerImpl (RaftServerImpl.java:setRole(171)) - c9d5e90e-0dec-4e85-b4e2-d29823632d06:group-B22F019AFF59 changes role from null to FOLLOWER at term 0 for startAsFollower
2019-08-20 16:35:49,063 [pool-27-thread-1] INFO  impl.RoleInfo (RoleInfo.java:updateAndGet(143)) - c9d5e90e-0dec-4e85-b4e2-d29823632d06: start FollowerState
2019-08-20 16:35:49,063 [pool-38-thread-1] INFO  util.JmxRegister (JmxRegister.java:tryRegister(44)) - Successfully registered JMX Bean with object name Ratis:service=RaftServer,group=group-856DB2C06D82,id=8556a57b-07a2-43a1-b9c0-1edf0a6afefc
2019-08-20 16:35:49,063 [pool-49-thread-1] INFO  impl.RaftServerImpl (RaftServerImpl.java:start(180)) - 1cd99ed7-c0d2-41ff-a57e-f64a137aa790: start group-5305C75B78C4
2019-08-20 16:35:49,063 [pool-49-thread-1] INFO  impl.RaftServerImpl (RaftServerImpl.java:setRole(171)) - 1cd99ed7-c0d2-41ff-a57e-f64a137aa790:group-5305C75B78C4 changes role from null to FOLLOWER at term 0 for startAsFollower
2019-08-20 16:35:49,063 [pool-27-thread-1] INFO  util.JmxRegister (JmxRegister.java:tryRegister(44)) - Successfully registered JMX Bean with object name Ratis:service=RaftServer,group=group-B22F019AFF59,id=c9d5e90e-0dec-4e85-b4e2-d29823632d06
2019-08-20 16:35:49,064 [pool-49-thread-1] INFO  impl.RoleInfo (RoleInfo.java:updateAndGet(143)) - 1cd99ed7-c0d2-41ff-a57e-f64a137aa790: start FollowerState
2019-08-20 16:35:49,064 [pool-38-thread-1] INFO  impl.RaftServerImpl (RaftServerImpl.java:start(180)) - 8556a57b-07a2-43a1-b9c0-1edf0a6afefc: start group-B22F019AFF59
2019-08-20 16:35:49,064 [pool-38-thread-1] INFO  impl.RaftServerImpl (RaftServerImpl.java:setRole(171)) - 8556a57b-07a2-43a1-b9c0-1edf0a6afefc:group-B22F019AFF59 changes role from null to FOLLOWER at term 0 for startAsFollower
2019-08-20 16:35:49,064 [pool-49-thread-1] INFO  util.JmxRegister (JmxRegister.java:tryRegister(44)) - Successfully registered JMX Bean with object name Ratis:service=RaftServer,group=group-5305C75B78C4,id=1cd99ed7-c0d2-41ff-a57e-f64a137aa790
2019-08-20 16:35:49,064 [pool-38-thread-1] INFO  impl.RoleInfo (RoleInfo.java:updateAndGet(143)) - 8556a57b-07a2-43a1-b9c0-1edf0a6afefc: start FollowerState
2019-08-20 16:35:49,064 [pool-27-thread-1] INFO  impl.RaftServerImpl (RaftServerImpl.java:start(180)) - c9d5e90e-0dec-4e85-b4e2-d29823632d06: start group-5305C75B78C4
2019-08-20 16:35:49,065 [pool-27-thread-1] INFO  impl.RaftServerImpl (RaftServerImpl.java:setRole(171)) - c9d5e90e-0dec-4e85-b4e2-d29823632d06:group-5305C75B78C4 changes role from null to FOLLOWER at term 0 for startAsFollower
2019-08-20 16:35:49,065 [pool-49-thread-1] INFO  impl.RaftServerImpl (RaftServerImpl.java:start(180)) - 1cd99ed7-c0d2-41ff-a57e-f64a137aa790: start group-4F0E52147044
2019-08-20 16:35:49,065 [pool-27-thread-1] INFO  impl.RoleInfo (RoleInfo.java:updateAndGet(143)) - c9d5e90e-0dec-4e85-b4e2-d29823632d06: start FollowerState
2019-08-20 16:35:49,065 [pool-38-thread-1] INFO  util.JmxRegister (JmxRegister.java:tryRegister(44)) - Successfully registered JMX Bean with object name Ratis:service=RaftServer,group=group-B22F019AFF59,id=8556a57b-07a2-43a1-b9c0-1edf0a6afefc
2019-08-20 16:35:49,065 [pool-49-thread-1] INFO  impl.RaftServerImpl (RaftServerImpl.java:setRole(171)) - 1cd99ed7-c0d2-41ff-a57e-f64a137aa790:group-4F0E52147044 changes role from null to FOLLOWER at term 0 for startAsFollower
2019-08-20 16:35:49,066 [pool-27-thread-1] INFO  util.JmxRegister (JmxRegister.java:tryRegister(44)) - Successfully registered JMX Bean with object name Ratis:service=RaftServer,group=group-5305C75B78C4,id=c9d5e90e-0dec-4e85-b4e2-d29823632d06
2019-08-20 16:35:49,066 [pool-49-thread-1] INFO  impl.RoleInfo (RoleInfo.java:updateAndGet(143)) - 1cd99ed7-c0d2-41ff-a57e-f64a137aa790: start FollowerState
2019-08-20 16:35:49,066 [pool-38-thread-1] INFO  impl.RaftServerImpl (RaftServerImpl.java:start(180)) - 8556a57b-07a2-43a1-b9c0-1edf0a6afefc: start group-5305C75B78C4
2019-08-20 16:35:49,066 [pool-38-thread-1] INFO  impl.RaftServerImpl (RaftServerImpl.java:setRole(171)) - 8556a57b-07a2-43a1-b9c0-1edf0a6afefc:group-5305C75B78C4 changes role from null to FOLLOWER at term 0 for startAsFollower
2019-08-20 16:35:49,066 [pool-27-thread-1] INFO  impl.RaftServerImpl (RaftServerImpl.java:start(180)) - c9d5e90e-0dec-4e85-b4e2-d29823632d06: start group-4F0E52147044
2019-08-20 16:35:49,070 [pool-49-thread-1] INFO  util.JmxRegister (JmxRegister.java:tryRegister(44)) - Successfully registered JMX Bean with object name Ratis:service=RaftServer,group=group-4F0E52147044,id=1cd99ed7-c0d2-41ff-a57e-f64a137aa790
2019-08-20 16:35:49,066 [pool-38-thread-1] INFO  impl.RoleInfo (RoleInfo.java:updateAndGet(143)) - 8556a57b-07a2-43a1-b9c0-1edf0a6afefc: start FollowerState
2019-08-20 16:35:49,070 [pool-27-thread-1] INFO  impl.RaftServerImpl (RaftServerImpl.java:setRole(171)) - c9d5e90e-0dec-4e85-b4e2-d29823632d06:group-4F0E52147044 changes role from null to FOLLOWER at term 0 for startAsFollower
2019-08-20 16:35:49,073 [pool-27-thread-1] INFO  impl.RoleInfo (RoleInfo.java:updateAndGet(143)) - c9d5e90e-0dec-4e85-b4e2-d29823632d06: start FollowerState
2019-08-20 16:35:49,073 [pool-38-thread-1] INFO  util.JmxRegister (JmxRegister.java:tryRegister(44)) - Successfully registered JMX Bean with object name Ratis:service=RaftServer,group=group-5305C75B78C4,id=8556a57b-07a2-43a1-b9c0-1edf0a6afefc
2019-08-20 16:35:49,074 [pool-27-thread-1] INFO  util.JmxRegister (JmxRegister.java:tryRegister(44)) - Successfully registered JMX Bean with object name Ratis:service=RaftServer,group=group-4F0E52147044,id=c9d5e90e-0dec-4e85-b4e2-d29823632d06
2019-08-20 16:35:49,074 [pool-38-thread-1] INFO  impl.RaftServerImpl (RaftServerImpl.java:start(180)) - 8556a57b-07a2-43a1-b9c0-1edf0a6afefc: start group-4F0E52147044
2019-08-20 16:35:49,074 [pool-38-thread-1] INFO  impl.RaftServerImpl (RaftServerImpl.java:setRole(171)) - 8556a57b-07a2-43a1-b9c0-1edf0a6afefc:group-4F0E52147044 changes role from null to FOLLOWER at term 0 for startAsFollower
2019-08-20 16:35:49,075 [pool-38-thread-1] INFO  impl.RoleInfo (RoleInfo.java:updateAndGet(143)) - 8556a57b-07a2-43a1-b9c0-1edf0a6afefc: start FollowerState
2019-08-20 16:35:49,075 [pool-38-thread-1] INFO  util.JmxRegister (JmxRegister.java:tryRegister(44)) - Successfully registered JMX Bean with object name Ratis:service=RaftServer,group=group-4F0E52147044,id=8556a57b-07a2-43a1-b9c0-1edf0a6afefc
2019-08-20 16:35:49,137 [Thread-222] INFO  impl.FollowerState (FollowerState.java:run(106)) - c9d5e90e-0dec-4e85-b4e2-d29823632d06:group-A0D24D3534FF changes to CANDIDATE, lastRpcTime:5074, electionTimeout:5074ms
2019-08-20 16:35:49,137 [Thread-222] INFO  impl.RoleInfo (RoleInfo.java:shutdownFollowerState(121)) - c9d5e90e-0dec-4e85-b4e2-d29823632d06: shutdown FollowerState
2019-08-20 16:35:49,137 [Thread-222] INFO  impl.RaftServerImpl (RaftServerImpl.java:setRole(171)) - c9d5e90e-0dec-4e85-b4e2-d29823632d06:group-A0D24D3534FF changes role from FOLLOWER to CANDIDATE at term 0 for changeToCandidate
2019-08-20 16:35:49,137 [Thread-222] INFO  impl.RoleInfo (RoleInfo.java:updateAndGet(143)) - c9d5e90e-0dec-4e85-b4e2-d29823632d06: start LeaderElection
2019-08-20 16:35:49,160 [c9d5e90e-0dec-4e85-b4e2-d29823632d06:group-A0D24D3534FF:LeaderElection8] INFO  impl.LeaderElection (LeaderElection.java:askForVotes(181)) - c9d5e90e-0dec-4e85-b4e2-d29823632d06:group-A0D24D3534FF:LeaderElection8: begin an election at term 1 for -1: [8556a57b-07a2-43a1-b9c0-1edf0a6afefc:192.168.5.139:40827, 1cd99ed7-c0d2-41ff-a57e-f64a137aa790:192.168.5.139:32924, c9d5e90e-0dec-4e85-b4e2-d29823632d06:192.168.5.139:43573], old=null
2019-08-20 16:35:49,170 [grpc-default-executor-0] INFO  impl.RaftServerImpl (RaftServerImpl.java:setRole(171)) - 1cd99ed7-c0d2-41ff-a57e-f64a137aa790:group-A0D24D3534FF changes role from FOLLOWER to FOLLOWER at term 1 for recognizeCandidate:c9d5e90e-0dec-4e85-b4e2-d29823632d06
2019-08-20 16:35:49,171 [grpc-default-executor-2] INFO  impl.RaftServerImpl (RaftServerImpl.java:setRole(171)) - 8556a57b-07a2-43a1-b9c0-1edf0a6afefc:group-A0D24D3534FF changes role from FOLLOWER to FOLLOWER at term 1 for recognizeCandidate:c9d5e90e-0dec-4e85-b4e2-d29823632d06
2019-08-20 16:35:49,171 [grpc-default-executor-0] INFO  impl.RoleInfo (RoleInfo.java:shutdownFollowerState(121)) - 1cd99ed7-c0d2-41ff-a57e-f64a137aa790: shutdown FollowerState
2019-08-20 16:35:49,171 [grpc-default-executor-2] INFO  impl.RoleInfo (RoleInfo.java:shutdownFollowerState(121)) - 8556a57b-07a2-43a1-b9c0-1edf0a6afefc: shutdown FollowerState
2019-08-20 16:35:49,172 [Thread-229] INFO  impl.FollowerState (FollowerState.java:run(114)) - 1cd99ed7-c0d2-41ff-a57e-f64a137aa790: FollowerState was interrupted: java.lang.InterruptedException: sleep interrupted
2019-08-20 16:35:49,172 [grpc-default-executor-0] INFO  impl.RoleInfo (RoleInfo.java:updateAndGet(143)) - 1cd99ed7-c0d2-41ff-a57e-f64a137aa790: start FollowerState
2019-08-20 16:35:49,172 [Thread-232] INFO  impl.FollowerState (FollowerState.java:run(114)) - 8556a57b-07a2-43a1-b9c0-1edf0a6afefc: FollowerState was interrupted: java.lang.InterruptedException: sleep interrupted
2019-08-20 16:35:49,172 [grpc-default-executor-2] INFO  impl.RoleInfo (RoleInfo.java:updateAndGet(143)) - 8556a57b-07a2-43a1-b9c0-1edf0a6afefc: start FollowerState
2019-08-20 16:35:49,185 [c9d5e90e-0dec-4e85-b4e2-d29823632d06:group-A0D24D3534FF:LeaderElection8] INFO  impl.LeaderElection (LeaderElection.java:logAndReturn(56)) - c9d5e90e-0dec-4e85-b4e2-d29823632d06:group-A0D24D3534FF:LeaderElection8: Election PASSED; received 1 response(s) [c9d5e90e-0dec-4e85-b4e2-d29823632d06<-8556a57b-07a2-43a1-b9c0-1edf0a6afefc#0:OK-t1] and 0 exception(s); c9d5e90e-0dec-4e85-b4e2-d29823632d06:t1, leader=null, voted=c9d5e90e-0dec-4e85-b4e2-d29823632d06, raftlog=c9d5e90e-0dec-4e85-b4e2-d29823632d06-SegmentedRaftLog:OPENED:c-1,f-1,i0, conf=-1: [8556a57b-07a2-43a1-b9c0-1edf0a6afefc:192.168.5.139:40827, 1cd99ed7-c0d2-41ff-a57e-f64a137aa790:192.168.5.139:32924, c9d5e90e-0dec-4e85-b4e2-d29823632d06:192.168.5.139:43573], old=null
2019-08-20 16:35:49,185 [c9d5e90e-0dec-4e85-b4e2-d29823632d06:group-A0D24D3534FF:LeaderElection8] INFO  impl.RoleInfo (RoleInfo.java:shutdownLeaderElection(134)) - c9d5e90e-0dec-4e85-b4e2-d29823632d06: shutdown LeaderElection
2019-08-20 16:35:49,185 [c9d5e90e-0dec-4e85-b4e2-d29823632d06:group-A0D24D3534FF:LeaderElection8] INFO  impl.RaftServerImpl (RaftServerImpl.java:setRole(171)) - c9d5e90e-0dec-4e85-b4e2-d29823632d06:group-A0D24D3534FF changes role from CANDIDATE to LEADER at term 1 for changeToLeader
2019-08-20 16:35:49,189 [c9d5e90e-0dec-4e85-b4e2-d29823632d06:group-A0D24D3534FF:LeaderElection8] INFO  impl.RaftServerImpl (ServerState.java:setLeader(263)) - c9d5e90e-0dec-4e85-b4e2-d29823632d06:group-A0D24D3534FF change Leader from null to c9d5e90e-0dec-4e85-b4e2-d29823632d06 at term 1 for becomeLeader, leader elected after 14558ms
2019-08-20 16:35:49,189 [c9d5e90e-0dec-4e85-b4e2-d29823632d06:group-A0D24D3534FF:LeaderElection8] INFO  server.RaftServerConfigKeys (ConfUtils.java:logGet(43)) - raft.server.staging.catchup.gap = 1000 (default)
2019-08-20 16:35:49,190 [c9d5e90e-0dec-4e85-b4e2-d29823632d06:group-A0D24D3534FF:LeaderElection8] INFO  server.RaftServerConfigKeys (ConfUtils.java:logGet(43)) - raft.server.rpc.sleep.time = 25ms (default)
2019-08-20 16:35:49,190 [c9d5e90e-0dec-4e85-b4e2-d29823632d06:group-A0D24D3534FF:LeaderElection8] INFO  server.RaftServerConfigKeys (ConfUtils.java:logGet(43)) - raft.server.write.element-limit = 4096 (default)
2019-08-20 16:35:49,190 [c9d5e90e-0dec-4e85-b4e2-d29823632d06:group-A0D24D3534FF:LeaderElection8] INFO  server.RaftServerConfigKeys (ConfUtils.java:logGet(43)) - raft.server.watch.timeout = 10s (default)
2019-08-20 16:35:49,190 [c9d5e90e-0dec-4e85-b4e2-d29823632d06:group-A0D24D3534FF:LeaderElection8] INFO  server.RaftServerConfigKeys (ConfUtils.java:logGet(43)) - raft.server.watch.timeout.denomination = 1s (default)
2019-08-20 16:35:49,191 [c9d5e90e-0dec-4e85-b4e2-d29823632d06:group-A0D24D3534FF:LeaderElection8] INFO  server.RaftServerConfigKeys (ConfUtils.java:logGet(43)) - raft.server.watch.element-limit = 65536 (default)
2019-08-20 16:35:49,194 [c9d5e90e-0dec-4e85-b4e2-d29823632d06:group-A0D24D3534FF:LeaderElection8] INFO  server.RaftServerConfigKeys (ConfUtils.java:logGet(43)) - raft.server.log.appender.snapshot.chunk.size.max = 16MB (=16777216) (default)
2019-08-20 16:35:49,194 [c9d5e90e-0dec-4e85-b4e2-d29823632d06:group-A0D24D3534FF:LeaderElection8] INFO  server.RaftServerConfigKeys (ConfUtils.java:logGet(43)) - raft.server.log.appender.buffer.byte-limit = 33554432 (custom)
2019-08-20 16:35:49,195 [c9d5e90e-0dec-4e85-b4e2-d29823632d06:group-A0D24D3534FF:LeaderElection8] INFO  server.RaftServerConfigKeys (ConfUtils.java:logGet(43)) - raft.server.log.appender.buffer.element-limit = 1 (custom)
2019-08-20 16:35:49,199 [c9d5e90e-0dec-4e85-b4e2-d29823632d06:group-A0D24D3534FF:LeaderElection8] INFO  grpc.GrpcConfigKeys$Server (ConfUtils.java:logGet(43)) - raft.grpc.server.leader.outstanding.appends.max = 128 (default)
2019-08-20 16:35:49,200 [c9d5e90e-0dec-4e85-b4e2-d29823632d06:group-A0D24D3534FF:LeaderElection8] INFO  server.RaftServerConfigKeys (ConfUtils.java:logGet(43)) - raft.server.rpc.request.timeout = 3000ms (default)
2019-08-20 16:35:49,200 [c9d5e90e-0dec-4e85-b4e2-d29823632d06:group-A0D24D3534FF:LeaderElection8] INFO  server.RaftServerConfigKeys (ConfUtils.java:logGet(43)) - raft.server.log.appender.install.snapshot.enabled = false (custom)
2019-08-20 16:35:49,200 [c9d5e90e-0dec-4e85-b4e2-d29823632d06:group-A0D24D3534FF:LeaderElection8] INFO  server.RaftServerConfigKeys (ConfUtils.java:logGet(43)) - raft.server.log.appender.snapshot.chunk.size.max = 16MB (=16777216) (default)
2019-08-20 16:35:49,200 [c9d5e90e-0dec-4e85-b4e2-d29823632d06:group-A0D24D3534FF:LeaderElection8] INFO  server.RaftServerConfigKeys (ConfUtils.java:logGet(43)) - raft.server.log.appender.buffer.byte-limit = 33554432 (custom)
2019-08-20 16:35:49,201 [c9d5e90e-0dec-4e85-b4e2-d29823632d06:group-A0D24D3534FF:LeaderElection8] INFO  server.RaftServerConfigKeys (ConfUtils.java:logGet(43)) - raft.server.log.appender.buffer.element-limit = 1 (custom)
2019-08-20 16:35:49,201 [c9d5e90e-0dec-4e85-b4e2-d29823632d06:group-A0D24D3534FF:LeaderElection8] INFO  grpc.GrpcConfigKeys$Server (ConfUtils.java:logGet(43)) - raft.grpc.server.leader.outstanding.appends.max = 128 (default)
2019-08-20 16:35:49,201 [c9d5e90e-0dec-4e85-b4e2-d29823632d06:group-A0D24D3534FF:LeaderElection8] INFO  server.RaftServerConfigKeys (ConfUtils.java:logGet(43)) - raft.server.rpc.request.timeout = 3000ms (default)
2019-08-20 16:35:49,201 [c9d5e90e-0dec-4e85-b4e2-d29823632d06:group-A0D24D3534FF:LeaderElection8] INFO  server.RaftServerConfigKeys (ConfUtils.java:logGet(43)) - raft.server.log.appender.install.snapshot.enabled = false (custom)
2019-08-20 16:35:49,203 [c9d5e90e-0dec-4e85-b4e2-d29823632d06:group-A0D24D3534FF:LeaderElection8] INFO  impl.RoleInfo (RoleInfo.java:updateAndGet(143)) - c9d5e90e-0dec-4e85-b4e2-d29823632d06: start LeaderState
2019-08-20 16:35:49,204 [c9d5e90e-0dec-4e85-b4e2-d29823632d06:group-A0D24D3534FF:LeaderElection8] INFO  segmented.SegmentedRaftLogWorker (SegmentedRaftLogWorker.java:startLogSegment(380)) - c9d5e90e-0dec-4e85-b4e2-d29823632d06-SegmentedRaftLogWorker:Storage Directory /workdir/hadoop-ozone/tools/target/test-dir/MiniOzoneClusterImpl-be136bf1-c7ac-4d2e-9665-41f2df98132f/datanode-0/data/ratis/0a8c1667-3d3c-4d2e-aade-a0d24d3534ff: Starting segment from index:0
2019-08-20 16:35:49,205 [c9d5e90e-0dec-4e85-b4e2-d29823632d06:group-A0D24D3534FF:LeaderElection8] INFO  impl.RaftServerImpl (ServerState.java:setRaftConf(361)) - c9d5e90e-0dec-4e85-b4e2-d29823632d06:group-A0D24D3534FF set configuration 0: [8556a57b-07a2-43a1-b9c0-1edf0a6afefc:192.168.5.139:40827, 1cd99ed7-c0d2-41ff-a57e-f64a137aa790:192.168.5.139:32924, c9d5e90e-0dec-4e85-b4e2-d29823632d06:192.168.5.139:43573], old=null at 0
2019-08-20 16:35:49,252 [grpc-default-executor-2] INFO  impl.RaftServerImpl (ServerState.java:setLeader(263)) - 1cd99ed7-c0d2-41ff-a57e-f64a137aa790:group-A0D24D3534FF change Leader from null to c9d5e90e-0dec-4e85-b4e2-d29823632d06 at term 1 for appendEntries, leader elected after 14621ms
2019-08-20 16:35:49,254 [grpc-default-executor-0] INFO  impl.RaftServerImpl (ServerState.java:setLeader(263)) - 8556a57b-07a2-43a1-b9c0-1edf0a6afefc:group-A0D24D3534FF change Leader from null to c9d5e90e-0dec-4e85-b4e2-d29823632d06 at term 1 for appendEntries, leader elected after 14187ms
2019-08-20 16:35:49,262 [c9d5e90e-0dec-4e85-b4e2-d29823632d06-SegmentedRaftLogWorker:Storage Directory /workdir/hadoop-ozone/tools/target/test-dir/MiniOzoneClusterImpl-be136bf1-c7ac-4d2e-9665-41f2df98132f/datanode-0/data/ratis/0a8c1667-3d3c-4d2e-aade-a0d24d3534ff] INFO  segmented.SegmentedRaftLogWorker (SegmentedRaftLogWorker.java:execute(569)) - c9d5e90e-0dec-4e85-b4e2-d29823632d06-SegmentedRaftLogWorker:Storage Directory /workdir/hadoop-ozone/tools/target/test-dir/MiniOzoneClusterImpl-be136bf1-c7ac-4d2e-9665-41f2df98132f/datanode-0/data/ratis/0a8c1667-3d3c-4d2e-aade-a0d24d3534ff: created new log segment /workdir/hadoop-ozone/tools/target/test-dir/MiniOzoneClusterImpl-be136bf1-c7ac-4d2e-9665-41f2df98132f/datanode-0/data/ratis/0a8c1667-3d3c-4d2e-aade-a0d24d3534ff/current/log_inprogress_0
2019-08-20 16:35:49,283 [grpc-default-executor-2] INFO  impl.RaftServerImpl (ServerState.java:setRaftConf(361)) - 8556a57b-07a2-43a1-b9c0-1edf0a6afefc:group-A0D24D3534FF set configuration 0: [8556a57b-07a2-43a1-b9c0-1edf0a6afefc:192.168.5.139:40827, 1cd99ed7-c0d2-41ff-a57e-f64a137aa790:192.168.5.139:32924, c9d5e90e-0dec-4e85-b4e2-d29823632d06:192.168.5.139:43573], old=null at 0
2019-08-20 16:35:49,283 [grpc-default-executor-0] INFO  impl.RaftServerImpl (ServerState.java:setRaftConf(361)) - 1cd99ed7-c0d2-41ff-a57e-f64a137aa790:group-A0D24D3534FF set configuration 0: [8556a57b-07a2-43a1-b9c0-1edf0a6afefc:192.168.5.139:40827, 1cd99ed7-c0d2-41ff-a57e-f64a137aa790:192.168.5.139:32924, c9d5e90e-0dec-4e85-b4e2-d29823632d06:192.168.5.139:43573], old=null at 0
2019-08-20 16:35:49,284 [grpc-default-executor-2] INFO  segmented.SegmentedRaftLogWorker (SegmentedRaftLogWorker.java:startLogSegment(380)) - 8556a57b-07a2-43a1-b9c0-1edf0a6afefc-SegmentedRaftLogWorker:Storage Directory /workdir/hadoop-ozone/tools/target/test-dir/MiniOzoneClusterImpl-be136bf1-c7ac-4d2e-9665-41f2df98132f/datanode-1/data/ratis/0a8c1667-3d3c-4d2e-aade-a0d24d3534ff: Starting segment from index:0
2019-08-20 16:35:49,285 [grpc-default-executor-0] INFO  segmented.SegmentedRaftLogWorker (SegmentedRaftLogWorker.java:startLogSegment(380)) - 1cd99ed7-c0d2-41ff-a57e-f64a137aa790-SegmentedRaftLogWorker:Storage Directory /workdir/hadoop-ozone/tools/target/test-dir/MiniOzoneClusterImpl-be136bf1-c7ac-4d2e-9665-41f2df98132f/datanode-2/data/ratis/0a8c1667-3d3c-4d2e-aade-a0d24d3534ff: Starting segment from index:0
2019-08-20 16:35:49,343 [1cd99ed7-c0d2-41ff-a57e-f64a137aa790-SegmentedRaftLogWorker:Storage Directory /workdir/hadoop-ozone/tools/target/test-dir/MiniOzoneClusterImpl-be136bf1-c7ac-4d2e-9665-41f2df98132f/datanode-2/data/ratis/0a8c1667-3d3c-4d2e-aade-a0d24d3534ff] INFO  segmented.SegmentedRaftLogWorker (SegmentedRaftLogWorker.java:execute(569)) - 1cd99ed7-c0d2-41ff-a57e-f64a137aa790-SegmentedRaftLogWorker:Storage Directory /workdir/hadoop-ozone/tools/target/test-dir/MiniOzoneClusterImpl-be136bf1-c7ac-4d2e-9665-41f2df98132f/datanode-2/data/ratis/0a8c1667-3d3c-4d2e-aade-a0d24d3534ff: created new log segment /workdir/hadoop-ozone/tools/target/test-dir/MiniOzoneClusterImpl-be136bf1-c7ac-4d2e-9665-41f2df98132f/datanode-2/data/ratis/0a8c1667-3d3c-4d2e-aade-a0d24d3534ff/current/log_inprogress_0
2019-08-20 16:35:49,343 [8556a57b-07a2-43a1-b9c0-1edf0a6afefc-SegmentedRaftLogWorker:Storage Directory /workdir/hadoop-ozone/tools/target/test-dir/MiniOzoneClusterImpl-be136bf1-c7ac-4d2e-9665-41f2df98132f/datanode-1/data/ratis/0a8c1667-3d3c-4d2e-aade-a0d24d3534ff] INFO  segmented.SegmentedRaftLogWorker (SegmentedRaftLogWorker.java:execute(569)) - 8556a57b-07a2-43a1-b9c0-1edf0a6afefc-SegmentedRaftLogWorker:Storage Directory /workdir/hadoop-ozone/tools/target/test-dir/MiniOzoneClusterImpl-be136bf1-c7ac-4d2e-9665-41f2df98132f/datanode-1/data/ratis/0a8c1667-3d3c-4d2e-aade-a0d24d3534ff: created new log segment /workdir/hadoop-ozone/tools/target/test-dir/MiniOzoneClusterImpl-be136bf1-c7ac-4d2e-9665-41f2df98132f/datanode-1/data/ratis/0a8c1667-3d3c-4d2e-aade-a0d24d3534ff/current/log_inprogress_0
 0.00% |█                                                                                                    |  0/1 Time: 0:00:262019-08-20 16:35:49,479 | INFO  | SCMAudit | user=jenkins1000 | ip=192.168.5.139 | op=SEND_HEARTBEAT {datanodeUUID=c9d5e90e-0dec-4e85-b4e2-d29823632d06, command=[]} | ret=SUCCESS |  
2019-08-20 16:35:49,721 | INFO  | SCMAudit | user=jenkins1000 | ip=192.168.5.139 | op=SEND_HEARTBEAT {datanodeUUID=8556a57b-07a2-43a1-b9c0-1edf0a6afefc, command=[]} | ret=SUCCESS |  
2019-08-20 16:35:49,950 | INFO  | SCMAudit | user=jenkins1000 | ip=192.168.5.139 | op=SEND_HEARTBEAT {datanodeUUID=1cd99ed7-c0d2-41ff-a57e-f64a137aa790, command=[]} | ret=SUCCESS |  
 0.00% |█                                                                                                    |  0/1 Time: 0:00:272019-08-20 16:35:50,479 | INFO  | SCMAudit | user=jenkins1000 | ip=192.168.5.139 | op=SEND_HEARTBEAT {datanodeUUID=c9d5e90e-0dec-4e85-b4e2-d29823632d06, command=[]} | ret=SUCCESS |  
2019-08-20 16:35:50,721 | INFO  | SCMAudit | user=jenkins1000 | ip=192.168.5.139 | op=SEND_HEARTBEAT {datanodeUUID=8556a57b-07a2-43a1-b9c0-1edf0a6afefc, command=[]} | ret=SUCCESS |  
2019-08-20 16:35:50,950 | INFO  | SCMAudit | user=jenkins1000 | ip=192.168.5.139 | op=SEND_HEARTBEAT {datanodeUUID=1cd99ed7-c0d2-41ff-a57e-f64a137aa790, command=[]} | ret=SUCCESS |  
 0.00% |█                                                                                                    |  0/1 Time: 0:00:282019-08-20 16:35:51,376 [Thread-228] INFO  impl.FollowerState (FollowerState.java:run(106)) - 8556a57b-07a2-43a1-b9c0-1edf0a6afefc:group-75C8E82B20D7 changes to CANDIDATE, lastRpcTime:5155, electionTimeout:5155ms
2019-08-20 16:35:51,378 [Thread-228] INFO  impl.RoleInfo (RoleInfo.java:shutdownFollowerState(121)) - 8556a57b-07a2-43a1-b9c0-1edf0a6afefc: shutdown FollowerState
2019-08-20 16:35:51,378 [Thread-228] INFO  impl.RaftServerImpl (RaftServerImpl.java:setRole(171)) - 8556a57b-07a2-43a1-b9c0-1edf0a6afefc:group-75C8E82B20D7 changes role from FOLLOWER to CANDIDATE at term 0 for changeToCandidate
2019-08-20 16:35:51,378 [Thread-228] INFO  impl.RoleInfo (RoleInfo.java:updateAndGet(143)) - 8556a57b-07a2-43a1-b9c0-1edf0a6afefc: start LeaderElection
2019-08-20 16:35:51,407 [8556a57b-07a2-43a1-b9c0-1edf0a6afefc:group-75C8E82B20D7:LeaderElection9] INFO  impl.LeaderElection (LeaderElection.java:askForVotes(181)) - 8556a57b-07a2-43a1-b9c0-1edf0a6afefc:group-75C8E82B20D7:LeaderElection9: begin an election at term 1 for -1: [8556a57b-07a2-43a1-b9c0-1edf0a6afefc:192.168.5.139:40827], old=null
2019-08-20 16:35:51,412 [8556a57b-07a2-43a1-b9c0-1edf0a6afefc:group-75C8E82B20D7:LeaderElection9] INFO  impl.RoleInfo (RoleInfo.java:shutdownLeaderElection(134)) - 8556a57b-07a2-43a1-b9c0-1edf0a6afefc: shutdown LeaderElection
2019-08-20 16:35:51,412 [8556a57b-07a2-43a1-b9c0-1edf0a6afefc:group-75C8E82B20D7:LeaderElection9] INFO  impl.RaftServerImpl (RaftServerImpl.java:setRole(171)) - 8556a57b-07a2-43a1-b9c0-1edf0a6afefc:group-75C8E82B20D7 changes role from CANDIDATE to LEADER at term 1 for changeToLeader
2019-08-20 16:35:51,412 [8556a57b-07a2-43a1-b9c0-1edf0a6afefc:group-75C8E82B20D7:LeaderElection9] INFO  impl.RaftServerImpl (ServerState.java:setLeader(263)) - 8556a57b-07a2-43a1-b9c0-1edf0a6afefc:group-75C8E82B20D7 change Leader from null to 8556a57b-07a2-43a1-b9c0-1edf0a6afefc at term 1 for becomeLeader, leader elected after 17239ms
2019-08-20 16:35:51,412 [8556a57b-07a2-43a1-b9c0-1edf0a6afefc:group-75C8E82B20D7:LeaderElection9] INFO  server.RaftServerConfigKeys (ConfUtils.java:logGet(43)) - raft.server.staging.catchup.gap = 1000 (default)
2019-08-20 16:35:51,413 [8556a57b-07a2-43a1-b9c0-1edf0a6afefc:group-75C8E82B20D7:LeaderElection9] INFO  server.RaftServerConfigKeys (ConfUtils.java:logGet(43)) - raft.server.rpc.sleep.time = 25ms (default)
2019-08-20 16:35:51,413 [8556a57b-07a2-43a1-b9c0-1edf0a6afefc:group-75C8E82B20D7:LeaderElection9] INFO  server.RaftServerConfigKeys (ConfUtils.java:logGet(43)) - raft.server.write.element-limit = 4096 (default)
2019-08-20 16:35:51,413 [8556a57b-07a2-43a1-b9c0-1edf0a6afefc:group-75C8E82B20D7:LeaderElection9] INFO  server.RaftServerConfigKeys (ConfUtils.java:logGet(43)) - raft.server.watch.timeout = 10s (default)
2019-08-20 16:35:51,413 [8556a57b-07a2-43a1-b9c0-1edf0a6afefc:group-75C8E82B20D7:LeaderElection9] INFO  server.RaftServerConfigKeys (ConfUtils.java:logGet(43)) - raft.server.watch.timeout.denomination = 1s (default)
2019-08-20 16:35:51,413 [8556a57b-07a2-43a1-b9c0-1edf0a6afefc:group-75C8E82B20D7:LeaderElection9] INFO  server.RaftServerConfigKeys (ConfUtils.java:logGet(43)) - raft.server.watch.element-limit = 65536 (default)
2019-08-20 16:35:51,414 [8556a57b-07a2-43a1-b9c0-1edf0a6afefc:group-75C8E82B20D7:LeaderElection9] INFO  impl.RoleInfo (RoleInfo.java:updateAndGet(143)) - 8556a57b-07a2-43a1-b9c0-1edf0a6afefc: start LeaderState
2019-08-20 16:35:51,414 [8556a57b-07a2-43a1-b9c0-1edf0a6afefc:group-75C8E82B20D7:LeaderElection9] INFO  segmented.SegmentedRaftLogWorker (SegmentedRaftLogWorker.java:startLogSegment(380)) - 8556a57b-07a2-43a1-b9c0-1edf0a6afefc-SegmentedRaftLogWorker:Storage Directory /workdir/hadoop-ozone/tools/target/test-dir/MiniOzoneClusterImpl-be136bf1-c7ac-4d2e-9665-41f2df98132f/datanode-1/data/ratis/25628062-deca-4cdf-bd27-75c8e82b20d7: Starting segment from index:0
2019-08-20 16:35:51,415 [8556a57b-07a2-43a1-b9c0-1edf0a6afefc:group-75C8E82B20D7:LeaderElection9] INFO  impl.RaftServerImpl (ServerState.java:setRaftConf(361)) - 8556a57b-07a2-43a1-b9c0-1edf0a6afefc:group-75C8E82B20D7 set configuration 0: [8556a57b-07a2-43a1-b9c0-1edf0a6afefc:192.168.5.139:40827], old=null at 0
2019-08-20 16:35:51,470 [8556a57b-07a2-43a1-b9c0-1edf0a6afefc-SegmentedRaftLogWorker:Storage Directory /workdir/hadoop-ozone/tools/target/test-dir/MiniOzoneClusterImpl-be136bf1-c7ac-4d2e-9665-41f2df98132f/datanode-1/data/ratis/25628062-deca-4cdf-bd27-75c8e82b20d7] INFO  segmented.SegmentedRaftLogWorker (SegmentedRaftLogWorker.java:execute(569)) - 8556a57b-07a2-43a1-b9c0-1edf0a6afefc-SegmentedRaftLogWorker:Storage Directory /workdir/hadoop-ozone/tools/target/test-dir/MiniOzoneClusterImpl-be136bf1-c7ac-4d2e-9665-41f2df98132f/datanode-1/data/ratis/25628062-deca-4cdf-bd27-75c8e82b20d7: created new log segment /workdir/hadoop-ozone/tools/target/test-dir/MiniOzoneClusterImpl-be136bf1-c7ac-4d2e-9665-41f2df98132f/datanode-1/data/ratis/25628062-deca-4cdf-bd27-75c8e82b20d7/current/log_inprogress_0
2019-08-20 16:35:51,480 | INFO  | SCMAudit | user=jenkins1000 | ip=192.168.5.139 | op=SEND_HEARTBEAT {datanodeUUID=c9d5e90e-0dec-4e85-b4e2-d29823632d06, command=[]} | ret=SUCCESS |  
2019-08-20 16:35:51,720 | INFO  | SCMAudit | user=jenkins1000 | ip=192.168.5.139 | op=SEND_HEARTBEAT {datanodeUUID=8556a57b-07a2-43a1-b9c0-1edf0a6afefc, command=[]} | ret=SUCCESS |  
2019-08-20 16:35:51,898 [Thread-235] INFO  impl.FollowerState (FollowerState.java:run(106)) - c9d5e90e-0dec-4e85-b4e2-d29823632d06:group-016D7F0C51D5 changes to CANDIDATE, lastRpcTime:5048, electionTimeout:5048ms
2019-08-20 16:35:51,899 [Thread-235] INFO  impl.RoleInfo (RoleInfo.java:shutdownFollowerState(121)) - c9d5e90e-0dec-4e85-b4e2-d29823632d06: shutdown FollowerState
2019-08-20 16:35:51,899 [Thread-235] INFO  impl.RaftServerImpl (RaftServerImpl.java:setRole(171)) - c9d5e90e-0dec-4e85-b4e2-d29823632d06:group-016D7F0C51D5 changes role from FOLLOWER to CANDIDATE at term 3 for changeToCandidate
2019-08-20 16:35:51,899 [Thread-235] INFO  impl.RoleInfo (RoleInfo.java:updateAndGet(143)) - c9d5e90e-0dec-4e85-b4e2-d29823632d06: start LeaderElection
2019-08-20 16:35:51,914 [c9d5e90e-0dec-4e85-b4e2-d29823632d06:group-016D7F0C51D5:LeaderElection10] INFO  impl.LeaderElection (LeaderElection.java:askForVotes(181)) - c9d5e90e-0dec-4e85-b4e2-d29823632d06:group-016D7F0C51D5:LeaderElection10: begin an election at term 4 for -1: [8556a57b-07a2-43a1-b9c0-1edf0a6afefc:192.168.5.139:40827, 1cd99ed7-c0d2-41ff-a57e-f64a137aa790:192.168.5.139:32924, c9d5e90e-0dec-4e85-b4e2-d29823632d06:192.168.5.139:43573], old=null
2019-08-20 16:35:51,928 [grpc-default-executor-0] INFO  impl.RaftServerImpl (RaftServerImpl.java:setRole(171)) - 1cd99ed7-c0d2-41ff-a57e-f64a137aa790:group-016D7F0C51D5 changes role from FOLLOWER to FOLLOWER at term 4 for recognizeCandidate:c9d5e90e-0dec-4e85-b4e2-d29823632d06
2019-08-20 16:35:51,928 [grpc-default-executor-2] INFO  impl.RaftServerImpl (RaftServerImpl.java:setRole(171)) - 8556a57b-07a2-43a1-b9c0-1edf0a6afefc:group-016D7F0C51D5 changes role from FOLLOWER to FOLLOWER at term 4 for recognizeCandidate:c9d5e90e-0dec-4e85-b4e2-d29823632d06
2019-08-20 16:35:51,928 [grpc-default-executor-0] INFO  impl.RoleInfo (RoleInfo.java:shutdownFollowerState(121)) - 1cd99ed7-c0d2-41ff-a57e-f64a137aa790: shutdown FollowerState
2019-08-20 16:35:51,929 [grpc-default-executor-2] INFO  impl.RoleInfo (RoleInfo.java:shutdownFollowerState(121)) - 8556a57b-07a2-43a1-b9c0-1edf0a6afefc: shutdown FollowerState
2019-08-20 16:35:51,929 [Thread-240] INFO  impl.FollowerState (FollowerState.java:run(114)) - 1cd99ed7-c0d2-41ff-a57e-f64a137aa790: FollowerState was interrupted: java.lang.InterruptedException: sleep interrupted
2019-08-20 16:35:51,929 [grpc-default-executor-0] INFO  impl.RoleInfo (RoleInfo.java:updateAndGet(143)) - 1cd99ed7-c0d2-41ff-a57e-f64a137aa790: start FollowerState
2019-08-20 16:35:51,929 [grpc-default-executor-2] INFO  impl.RoleInfo (RoleInfo.java:updateAndGet(143)) - 8556a57b-07a2-43a1-b9c0-1edf0a6afefc: start FollowerState
2019-08-20 16:35:51,929 [Thread-239] INFO  impl.FollowerState (FollowerState.java:run(114)) - 8556a57b-07a2-43a1-b9c0-1edf0a6afefc: FollowerState was interrupted: java.lang.InterruptedException: sleep interrupted
2019-08-20 16:35:51,940 [c9d5e90e-0dec-4e85-b4e2-d29823632d06:group-016D7F0C51D5:LeaderElection10] INFO  impl.LeaderElection (LeaderElection.java:logAndReturn(56)) - c9d5e90e-0dec-4e85-b4e2-d29823632d06:group-016D7F0C51D5:LeaderElection10: Election PASSED; received 1 response(s) [c9d5e90e-0dec-4e85-b4e2-d29823632d06<-8556a57b-07a2-43a1-b9c0-1edf0a6afefc#0:OK-t4] and 0 exception(s); c9d5e90e-0dec-4e85-b4e2-d29823632d06:t4, leader=null, voted=c9d5e90e-0dec-4e85-b4e2-d29823632d06, raftlog=c9d5e90e-0dec-4e85-b4e2-d29823632d06-SegmentedRaftLog:OPENED:c-1,f-1,i0, conf=-1: [8556a57b-07a2-43a1-b9c0-1edf0a6afefc:192.168.5.139:40827, 1cd99ed7-c0d2-41ff-a57e-f64a137aa790:192.168.5.139:32924, c9d5e90e-0dec-4e85-b4e2-d29823632d06:192.168.5.139:43573], old=null
2019-08-20 16:35:51,941 [c9d5e90e-0dec-4e85-b4e2-d29823632d06:group-016D7F0C51D5:LeaderElection10] INFO  impl.RoleInfo (RoleInfo.java:shutdownLeaderElection(134)) - c9d5e90e-0dec-4e85-b4e2-d29823632d06: shutdown LeaderElection
2019-08-20 16:35:51,942 [c9d5e90e-0dec-4e85-b4e2-d29823632d06:group-016D7F0C51D5:LeaderElection10] INFO  impl.RaftServerImpl (RaftServerImpl.java:setRole(171)) - c9d5e90e-0dec-4e85-b4e2-d29823632d06:group-016D7F0C51D5 changes role from CANDIDATE to LEADER at term 4 for changeToLeader
2019-08-20 16:35:51,943 [c9d5e90e-0dec-4e85-b4e2-d29823632d06:group-016D7F0C51D5:LeaderElection10] INFO  impl.RaftServerImpl (ServerState.java:setLeader(263)) - c9d5e90e-0dec-4e85-b4e2-d29823632d06:group-016D7F0C51D5 change Leader from null to c9d5e90e-0dec-4e85-b4e2-d29823632d06 at term 4 for becomeLeader, leader elected after 18531ms
2019-08-20 16:35:51,944 [c9d5e90e-0dec-4e85-b4e2-d29823632d06:group-016D7F0C51D5:LeaderElection10] INFO  server.RaftServerConfigKeys (ConfUtils.java:logGet(43)) - raft.server.staging.catchup.gap = 1000 (default)
2019-08-20 16:35:51,944 [c9d5e90e-0dec-4e85-b4e2-d29823632d06:group-016D7F0C51D5:LeaderElection10] INFO  server.RaftServerConfigKeys (ConfUtils.java:logGet(43)) - raft.server.rpc.sleep.time = 25ms (default)
2019-08-20 16:35:51,944 [c9d5e90e-0dec-4e85-b4e2-d29823632d06:group-016D7F0C51D5:LeaderElection10] INFO  server.RaftServerConfigKeys (ConfUtils.java:logGet(43)) - raft.server.write.element-limit = 4096 (default)
2019-08-20 16:35:51,944 [c9d5e90e-0dec-4e85-b4e2-d29823632d06:group-016D7F0C51D5:LeaderElection10] INFO  server.RaftServerConfigKeys (ConfUtils.java:logGet(43)) - raft.server.watch.timeout = 10s (default)
2019-08-20 16:35:51,944 [c9d5e90e-0dec-4e85-b4e2-d29823632d06:group-016D7F0C51D5:LeaderElection10] INFO  server.RaftServerConfigKeys (ConfUtils.java:logGet(43)) - raft.server.watch.timeout.denomination = 1s (default)
2019-08-20 16:35:51,945 [c9d5e90e-0dec-4e85-b4e2-d29823632d06:group-016D7F0C51D5:LeaderElection10] INFO  server.RaftServerConfigKeys (ConfUtils.java:logGet(43)) - raft.server.watch.element-limit = 65536 (default)
2019-08-20 16:35:51,945 [c9d5e90e-0dec-4e85-b4e2-d29823632d06:group-016D7F0C51D5:LeaderElection10] INFO  server.RaftServerConfigKeys (ConfUtils.java:logGet(43)) - raft.server.log.appender.snapshot.chunk.size.max = 16MB (=16777216) (default)
2019-08-20 16:35:51,945 [c9d5e90e-0dec-4e85-b4e2-d29823632d06:group-016D7F0C51D5:LeaderElection10] INFO  server.RaftServerConfigKeys (ConfUtils.java:logGet(43)) - raft.server.log.appender.buffer.byte-limit = 33554432 (custom)
2019-08-20 16:35:51,945 [c9d5e90e-0dec-4e85-b4e2-d29823632d06:group-016D7F0C51D5:LeaderElection10] INFO  server.RaftServerConfigKeys (ConfUtils.java:logGet(43)) - raft.server.log.appender.buffer.element-limit = 1 (custom)
2019-08-20 16:35:51,946 [c9d5e90e-0dec-4e85-b4e2-d29823632d06:group-016D7F0C51D5:LeaderElection10] INFO  grpc.GrpcConfigKeys$Server (ConfUtils.java:logGet(43)) - raft.grpc.server.leader.outstanding.appends.max = 128 (default)
2019-08-20 16:35:51,947 [c9d5e90e-0dec-4e85-b4e2-d29823632d06:group-016D7F0C51D5:LeaderElection10] INFO  server.RaftServerConfigKeys (ConfUtils.java:logGet(43)) - raft.server.rpc.request.timeout = 3000ms (default)
2019-08-20 16:35:51,947 [c9d5e90e-0dec-4e85-b4e2-d29823632d06:group-016D7F0C51D5:LeaderElection10] INFO  server.RaftServerConfigKeys (ConfUtils.java:logGet(43)) - raft.server.log.appender.install.snapshot.enabled = false (custom)
2019-08-20 16:35:51,947 [c9d5e90e-0dec-4e85-b4e2-d29823632d06:group-016D7F0C51D5:LeaderElection10] INFO  server.RaftServerConfigKeys (ConfUtils.java:logGet(43)) - raft.server.log.appender.snapshot.chunk.size.max = 16MB (=16777216) (default)
2019-08-20 16:35:51,947 [c9d5e90e-0dec-4e85-b4e2-d29823632d06:group-016D7F0C51D5:LeaderElection10] INFO  server.RaftServerConfigKeys (ConfUtils.java:logGet(43)) - raft.server.log.appender.buffer.byte-limit = 33554432 (custom)
2019-08-20 16:35:51,948 [c9d5e90e-0dec-4e85-b4e2-d29823632d06:group-016D7F0C51D5:LeaderElection10] INFO  server.RaftServerConfigKeys (ConfUtils.java:logGet(43)) - raft.server.log.appender.buffer.element-limit = 1 (custom)
2019-08-20 16:35:51,948 [c9d5e90e-0dec-4e85-b4e2-d29823632d06:group-016D7F0C51D5:LeaderElection10] INFO  grpc.GrpcConfigKeys$Server (ConfUtils.java:logGet(43)) - raft.grpc.server.leader.outstanding.appends.max = 128 (default)
2019-08-20 16:35:51,948 [c9d5e90e-0dec-4e85-b4e2-d29823632d06:group-016D7F0C51D5:LeaderElection10] INFO  server.RaftServerConfigKeys (ConfUtils.java:logGet(43)) - raft.server.rpc.request.timeout = 3000ms (default)
2019-08-20 16:35:51,948 [c9d5e90e-0dec-4e85-b4e2-d29823632d06:group-016D7F0C51D5:LeaderElection10] INFO  server.RaftServerConfigKeys (ConfUtils.java:logGet(43)) - raft.server.log.appender.install.snapshot.enabled = false (custom)
2019-08-20 16:35:51,949 [c9d5e90e-0dec-4e85-b4e2-d29823632d06:group-016D7F0C51D5:LeaderElection10] INFO  impl.RoleInfo (RoleInfo.java:updateAndGet(143)) - c9d5e90e-0dec-4e85-b4e2-d29823632d06: start LeaderState
2019-08-20 16:35:51,949 [c9d5e90e-0dec-4e85-b4e2-d29823632d06:group-016D7F0C51D5:LeaderElection10] INFO  segmented.SegmentedRaftLogWorker (SegmentedRaftLogWorker.java:startLogSegment(380)) - c9d5e90e-0dec-4e85-b4e2-d29823632d06-SegmentedRaftLogWorker:Storage Directory /workdir/hadoop-ozone/tools/target/test-dir/MiniOzoneClusterImpl-be136bf1-c7ac-4d2e-9665-41f2df98132f/datanode-0/data/ratis/881144c5-3cc3-4d80-9607-016d7f0c51d5: Starting segment from index:0
2019-08-20 16:35:51,950 [c9d5e90e-0dec-4e85-b4e2-d29823632d06:group-016D7F0C51D5:LeaderElection10] INFO  impl.RaftServerImpl (ServerState.java:setRaftConf(361)) - c9d5e90e-0dec-4e85-b4e2-d29823632d06:group-016D7F0C51D5 set configuration 0: [8556a57b-07a2-43a1-b9c0-1edf0a6afefc:192.168.5.139:40827, 1cd99ed7-c0d2-41ff-a57e-f64a137aa790:192.168.5.139:32924, c9d5e90e-0dec-4e85-b4e2-d29823632d06:192.168.5.139:43573], old=null at 0
2019-08-20 16:35:51,982 | INFO  | SCMAudit | user=jenkins1000 | ip=192.168.5.139 | op=SEND_HEARTBEAT {datanodeUUID=1cd99ed7-c0d2-41ff-a57e-f64a137aa790, command=[]} | ret=SUCCESS |  
2019-08-20 16:35:51,984 [grpc-default-executor-2] INFO  impl.RaftServerImpl (ServerState.java:setLeader(263)) - 8556a57b-07a2-43a1-b9c0-1edf0a6afefc:group-016D7F0C51D5 change Leader from null to c9d5e90e-0dec-4e85-b4e2-d29823632d06 at term 4 for appendEntries, leader elected after 25783ms
2019-08-20 16:35:51,984 [grpc-default-executor-0] INFO  impl.RaftServerImpl (ServerState.java:setLeader(263)) - 1cd99ed7-c0d2-41ff-a57e-f64a137aa790:group-016D7F0C51D5 change Leader from null to c9d5e90e-0dec-4e85-b4e2-d29823632d06 at term 4 for appendEntries, leader elected after 25783ms
2019-08-20 16:35:51,988 [c9d5e90e-0dec-4e85-b4e2-d29823632d06-SegmentedRaftLogWorker:Storage Directory /workdir/hadoop-ozone/tools/target/test-dir/MiniOzoneClusterImpl-be136bf1-c7ac-4d2e-9665-41f2df98132f/datanode-0/data/ratis/881144c5-3cc3-4d80-9607-016d7f0c51d5] INFO  segmented.SegmentedRaftLogWorker (SegmentedRaftLogWorker.java:execute(569)) - c9d5e90e-0dec-4e85-b4e2-d29823632d06-SegmentedRaftLogWorker:Storage Directory /workdir/hadoop-ozone/tools/target/test-dir/MiniOzoneClusterImpl-be136bf1-c7ac-4d2e-9665-41f2df98132f/datanode-0/data/ratis/881144c5-3cc3-4d80-9607-016d7f0c51d5: created new log segment /workdir/hadoop-ozone/tools/target/test-dir/MiniOzoneClusterImpl-be136bf1-c7ac-4d2e-9665-41f2df98132f/datanode-0/data/ratis/881144c5-3cc3-4d80-9607-016d7f0c51d5/current/log_inprogress_0
2019-08-20 16:35:51,990 [grpc-default-executor-0] INFO  impl.RaftServerImpl (ServerState.java:setRaftConf(361)) - 8556a57b-07a2-43a1-b9c0-1edf0a6afefc:group-016D7F0C51D5 set configuration 0: [8556a57b-07a2-43a1-b9c0-1edf0a6afefc:192.168.5.139:40827, 1cd99ed7-c0d2-41ff-a57e-f64a137aa790:192.168.5.139:32924, c9d5e90e-0dec-4e85-b4e2-d29823632d06:192.168.5.139:43573], old=null at 0
2019-08-20 16:35:51,990 [grpc-default-executor-0] INFO  segmented.SegmentedRaftLogWorker (SegmentedRaftLogWorker.java:startLogSegment(380)) - 8556a57b-07a2-43a1-b9c0-1edf0a6afefc-SegmentedRaftLogWorker:Storage Directory /workdir/hadoop-ozone/tools/target/test-dir/MiniOzoneClusterImpl-be136bf1-c7ac-4d2e-9665-41f2df98132f/datanode-1/data/ratis/881144c5-3cc3-4d80-9607-016d7f0c51d5: Starting segment from index:0
2019-08-20 16:35:51,990 [grpc-default-executor-2] INFO  impl.RaftServerImpl (ServerState.java:setRaftConf(361)) - 1cd99ed7-c0d2-41ff-a57e-f64a137aa790:group-016D7F0C51D5 set configuration 0: [8556a57b-07a2-43a1-b9c0-1edf0a6afefc:192.168.5.139:40827, 1cd99ed7-c0d2-41ff-a57e-f64a137aa790:192.168.5.139:32924, c9d5e90e-0dec-4e85-b4e2-d29823632d06:192.168.5.139:43573], old=null at 0
2019-08-20 16:35:51,992 [grpc-default-executor-2] INFO  segmented.SegmentedRaftLogWorker (SegmentedRaftLogWorker.java:startLogSegment(380)) - 1cd99ed7-c0d2-41ff-a57e-f64a137aa790-SegmentedRaftLogWorker:Storage Directory /workdir/hadoop-ozone/tools/target/test-dir/MiniOzoneClusterImpl-be136bf1-c7ac-4d2e-9665-41f2df98132f/datanode-2/data/ratis/881144c5-3cc3-4d80-9607-016d7f0c51d5: Starting segment from index:0
2019-08-20 16:35:52,024 [1cd99ed7-c0d2-41ff-a57e-f64a137aa790-SegmentedRaftLogWorker:Storage Directory /workdir/hadoop-ozone/tools/target/test-dir/MiniOzoneClusterImpl-be136bf1-c7ac-4d2e-9665-41f2df98132f/datanode-2/data/ratis/881144c5-3cc3-4d80-9607-016d7f0c51d5] INFO  segmented.SegmentedRaftLogWorker (SegmentedRaftLogWorker.java:execute(569)) - 1cd99ed7-c0d2-41ff-a57e-f64a137aa790-SegmentedRaftLogWorker:Storage Directory /workdir/hadoop-ozone/tools/target/test-dir/MiniOzoneClusterImpl-be136bf1-c7ac-4d2e-9665-41f2df98132f/datanode-2/data/ratis/881144c5-3cc3-4d80-9607-016d7f0c51d5: created new log segment /workdir/hadoop-ozone/tools/target/test-dir/MiniOzoneClusterImpl-be136bf1-c7ac-4d2e-9665-41f2df98132f/datanode-2/data/ratis/881144c5-3cc3-4d80-9607-016d7f0c51d5/current/log_inprogress_0
2019-08-20 16:35:52,024 [8556a57b-07a2-43a1-b9c0-1edf0a6afefc-SegmentedRaftLogWorker:Storage Directory /workdir/hadoop-ozone/tools/target/test-dir/MiniOzoneClusterImpl-be136bf1-c7ac-4d2e-9665-41f2df98132f/datanode-1/data/ratis/881144c5-3cc3-4d80-9607-016d7f0c51d5] INFO  segmented.SegmentedRaftLogWorker (SegmentedRaftLogWorker.java:execute(569)) - 8556a57b-07a2-43a1-b9c0-1edf0a6afefc-SegmentedRaftLogWorker:Storage Directory /workdir/hadoop-ozone/tools/target/test-dir/MiniOzoneClusterImpl-be136bf1-c7ac-4d2e-9665-41f2df98132f/datanode-1/data/ratis/881144c5-3cc3-4d80-9607-016d7f0c51d5: created new log segment /workdir/hadoop-ozone/tools/target/test-dir/MiniOzoneClusterImpl-be136bf1-c7ac-4d2e-9665-41f2df98132f/datanode-1/data/ratis/881144c5-3cc3-4d80-9607-016d7f0c51d5/current/log_inprogress_0
 0.00% |█                                                                                                    |  0/1 Time: 0:00:292019-08-20 16:35:52,478 | INFO  | SCMAudit | user=jenkins1000 | ip=192.168.5.139 | op=SEND_HEARTBEAT {datanodeUUID=c9d5e90e-0dec-4e85-b4e2-d29823632d06, command=[]} | ret=SUCCESS |  
2019-08-20 16:35:52,720 | INFO  | SCMAudit | user=jenkins1000 | ip=192.168.5.139 | op=SEND_HEARTBEAT {datanodeUUID=8556a57b-07a2-43a1-b9c0-1edf0a6afefc, command=[]} | ret=SUCCESS |  
2019-08-20 16:35:52,949 | INFO  | SCMAudit | user=jenkins1000 | ip=192.168.5.139 | op=SEND_HEARTBEAT {datanodeUUID=1cd99ed7-c0d2-41ff-a57e-f64a137aa790, command=[]} | ret=SUCCESS |  
 100.00% |█████████████████████████████████████████████████████████████████████████████████████████████████████|  1/1 Time: 0:00:30
2019-08-20 16:35:53,478 | INFO  | SCMAudit | user=jenkins1000 | ip=192.168.5.139 | op=SEND_HEARTBEAT {datanodeUUID=c9d5e90e-0dec-4e85-b4e2-d29823632d06, command=[]} | ret=SUCCESS |  
2019-08-20 16:35:53,721 | INFO  | SCMAudit | user=jenkins1000 | ip=192.168.5.139 | op=SEND_HEARTBEAT {datanodeUUID=8556a57b-07a2-43a1-b9c0-1edf0a6afefc, command=[]} | ret=SUCCESS |  
2019-08-20 16:35:53,949 | INFO  | SCMAudit | user=jenkins1000 | ip=192.168.5.139 | op=SEND_HEARTBEAT {datanodeUUID=1cd99ed7-c0d2-41ff-a57e-f64a137aa790, command=[]} | ret=SUCCESS |  
2019-08-20 16:35:54,060 [Thread-248] INFO  impl.FollowerState (FollowerState.java:run(106)) - c9d5e90e-0dec-4e85-b4e2-d29823632d06:group-06EF8327F6E7 changes to CANDIDATE, lastRpcTime:5044, electionTimeout:5044ms
2019-08-20 16:35:54,062 [Thread-248] INFO  impl.RoleInfo (RoleInfo.java:shutdownFollowerState(121)) - c9d5e90e-0dec-4e85-b4e2-d29823632d06: shutdown FollowerState
2019-08-20 16:35:54,063 [Thread-248] INFO  impl.RaftServerImpl (RaftServerImpl.java:setRole(171)) - c9d5e90e-0dec-4e85-b4e2-d29823632d06:group-06EF8327F6E7 changes role from FOLLOWER to CANDIDATE at term 0 for changeToCandidate
2019-08-20 16:35:54,063 [Thread-248] INFO  impl.RoleInfo (RoleInfo.java:updateAndGet(143)) - c9d5e90e-0dec-4e85-b4e2-d29823632d06: start LeaderElection
2019-08-20 16:35:54,073 [Thread-252] INFO  impl.FollowerState (FollowerState.java:run(106)) - 1cd99ed7-c0d2-41ff-a57e-f64a137aa790:group-06EF8327F6E7 changes to CANDIDATE, lastRpcTime:5015, electionTimeout:5015ms
2019-08-20 16:35:54,075 [Thread-252] INFO  impl.RoleInfo (RoleInfo.java:shutdownFollowerState(121)) - 1cd99ed7-c0d2-41ff-a57e-f64a137aa790: shutdown FollowerState
2019-08-20 16:35:54,075 [Thread-252] INFO  impl.RaftServerImpl (RaftServerImpl.java:setRole(171)) - 1cd99ed7-c0d2-41ff-a57e-f64a137aa790:group-06EF8327F6E7 changes role from FOLLOWER to CANDIDATE at term 0 for changeToCandidate
2019-08-20 16:35:54,075 [Thread-252] INFO  impl.RoleInfo (RoleInfo.java:updateAndGet(143)) - 1cd99ed7-c0d2-41ff-a57e-f64a137aa790: start LeaderElection
2019-08-20 16:35:54,080 [c9d5e90e-0dec-4e85-b4e2-d29823632d06:group-06EF8327F6E7:LeaderElection11] INFO  impl.LeaderElection (LeaderElection.java:askForVotes(181)) - c9d5e90e-0dec-4e85-b4e2-d29823632d06:group-06EF8327F6E7:LeaderElection11: begin an election at term 1 for -1: [8556a57b-07a2-43a1-b9c0-1edf0a6afefc:192.168.5.139:40827, 1cd99ed7-c0d2-41ff-a57e-f64a137aa790:192.168.5.139:32924, c9d5e90e-0dec-4e85-b4e2-d29823632d06:192.168.5.139:43573], old=null
2019-08-20 16:35:54,081 [Thread-255] INFO  impl.FollowerState (FollowerState.java:run(106)) - 1cd99ed7-c0d2-41ff-a57e-f64a137aa790:group-856DB2C06D82 changes to CANDIDATE, lastRpcTime:5021, electionTimeout:5021ms
2019-08-20 16:35:54,081 [Thread-255] INFO  impl.RoleInfo (RoleInfo.java:shutdownFollowerState(121)) - 1cd99ed7-c0d2-41ff-a57e-f64a137aa790: shutdown FollowerState
2019-08-20 16:35:54,081 [Thread-255] INFO  impl.RaftServerImpl (RaftServerImpl.java:setRole(171)) - 1cd99ed7-c0d2-41ff-a57e-f64a137aa790:group-856DB2C06D82 changes role from FOLLOWER to CANDIDATE at term 0 for changeToCandidate
2019-08-20 16:35:54,081 [Thread-255] INFO  impl.RoleInfo (RoleInfo.java:updateAndGet(143)) - 1cd99ed7-c0d2-41ff-a57e-f64a137aa790: start LeaderElection
2019-08-20 16:35:54,083 [1cd99ed7-c0d2-41ff-a57e-f64a137aa790:group-06EF8327F6E7:LeaderElection12] INFO  impl.LeaderElection (LeaderElection.java:askForVotes(181)) - 1cd99ed7-c0d2-41ff-a57e-f64a137aa790:group-06EF8327F6E7:LeaderElection12: begin an election at term 1 for -1: [8556a57b-07a2-43a1-b9c0-1edf0a6afefc:192.168.5.139:40827, 1cd99ed7-c0d2-41ff-a57e-f64a137aa790:192.168.5.139:32924, c9d5e90e-0dec-4e85-b4e2-d29823632d06:192.168.5.139:43573], old=null
2019-08-20 16:35:54,089 [grpc-default-executor-0] INFO  impl.RaftServerImpl (RaftServerImpl.java:setRole(171)) - 8556a57b-07a2-43a1-b9c0-1edf0a6afefc:group-06EF8327F6E7 changes role from FOLLOWER to FOLLOWER at term 1 for recognizeCandidate:c9d5e90e-0dec-4e85-b4e2-d29823632d06
2019-08-20 16:35:54,090 [grpc-default-executor-0] INFO  impl.RoleInfo (RoleInfo.java:shutdownFollowerState(121)) - 8556a57b-07a2-43a1-b9c0-1edf0a6afefc: shutdown FollowerState
2019-08-20 16:35:54,090 [grpc-default-executor-0] INFO  impl.RoleInfo (RoleInfo.java:updateAndGet(143)) - 8556a57b-07a2-43a1-b9c0-1edf0a6afefc: start FollowerState
2019-08-20 16:35:54,091 [Thread-257] INFO  impl.FollowerState (FollowerState.java:run(114)) - 8556a57b-07a2-43a1-b9c0-1edf0a6afefc: FollowerState was interrupted: java.lang.InterruptedException: sleep interrupted
2019-08-20 16:35:54,094 [Thread-269] INFO  impl.FollowerState (FollowerState.java:run(106)) - 8556a57b-07a2-43a1-b9c0-1edf0a6afefc:group-B22F019AFF59 changes to CANDIDATE, lastRpcTime:5029, electionTimeout:5028ms
2019-08-20 16:35:54,094 [Thread-265] INFO  impl.FollowerState (FollowerState.java:run(106)) - c9d5e90e-0dec-4e85-b4e2-d29823632d06:group-B22F019AFF59 changes to CANDIDATE, lastRpcTime:5030, electionTimeout:5029ms
2019-08-20 16:35:54,094 [Thread-269] INFO  impl.RoleInfo (RoleInfo.java:shutdownFollowerState(121)) - 8556a57b-07a2-43a1-b9c0-1edf0a6afefc: shutdown FollowerState
2019-08-20 16:35:54,094 [Thread-265] INFO  impl.RoleInfo (RoleInfo.java:shutdownFollowerState(121)) - c9d5e90e-0dec-4e85-b4e2-d29823632d06: shutdown FollowerState
2019-08-20 16:35:54,094 [Thread-269] INFO  impl.RaftServerImpl (RaftServerImpl.java:setRole(171)) - 8556a57b-07a2-43a1-b9c0-1edf0a6afefc:group-B22F019AFF59 changes role from FOLLOWER to CANDIDATE at term 0 for changeToCandidate
2019-08-20 16:35:54,094 [Thread-265] INFO  impl.RaftServerImpl (RaftServerImpl.java:setRole(171)) - c9d5e90e-0dec-4e85-b4e2-d29823632d06:group-B22F019AFF59 changes role from FOLLOWER to CANDIDATE at term 0 for changeToCandidate
2019-08-20 16:35:54,094 [Thread-269] INFO  impl.RoleInfo (RoleInfo.java:updateAndGet(143)) - 8556a57b-07a2-43a1-b9c0-1edf0a6afefc: start LeaderElection
2019-08-20 16:35:54,094 [Thread-265] INFO  impl.RoleInfo (RoleInfo.java:updateAndGet(143)) - c9d5e90e-0dec-4e85-b4e2-d29823632d06: start LeaderElection
2019-08-20 16:35:54,099 [1cd99ed7-c0d2-41ff-a57e-f64a137aa790:group-856DB2C06D82:LeaderElection13] INFO  impl.LeaderElection (LeaderElection.java:askForVotes(181)) - 1cd99ed7-c0d2-41ff-a57e-f64a137aa790:group-856DB2C06D82:LeaderElection13: begin an election at term 1 for -1: [8556a57b-07a2-43a1-b9c0-1edf0a6afefc:192.168.5.139:40827, 1cd99ed7-c0d2-41ff-a57e-f64a137aa790:192.168.5.139:32924, c9d5e90e-0dec-4e85-b4e2-d29823632d06:192.168.5.139:43573], old=null
2019-08-20 16:35:54,100 [1cd99ed7-c0d2-41ff-a57e-f64a137aa790:group-06EF8327F6E7:LeaderElection12] INFO  impl.LeaderElection (LeaderElection.java:logAndReturn(56)) - 1cd99ed7-c0d2-41ff-a57e-f64a137aa790:group-06EF8327F6E7:LeaderElection12: Election REJECTED; received 2 response(s) [1cd99ed7-c0d2-41ff-a57e-f64a137aa790<-8556a57b-07a2-43a1-b9c0-1edf0a6afefc#0:FAIL-t1, 1cd99ed7-c0d2-41ff-a57e-f64a137aa790<-c9d5e90e-0dec-4e85-b4e2-d29823632d06#0:FAIL-t1] and 0 exception(s); 1cd99ed7-c0d2-41ff-a57e-f64a137aa790:t1, leader=null, voted=1cd99ed7-c0d2-41ff-a57e-f64a137aa790, raftlog=1cd99ed7-c0d2-41ff-a57e-f64a137aa790-SegmentedRaftLog:OPENED:c-1,f-1,i0, conf=-1: [8556a57b-07a2-43a1-b9c0-1edf0a6afefc:192.168.5.139:40827, 1cd99ed7-c0d2-41ff-a57e-f64a137aa790:192.168.5.139:32924, c9d5e90e-0dec-4e85-b4e2-d29823632d06:192.168.5.139:43573], old=null
2019-08-20 16:35:54,100 [1cd99ed7-c0d2-41ff-a57e-f64a137aa790:group-06EF8327F6E7:LeaderElection12] INFO  impl.RaftServerImpl (RaftServerImpl.java:setRole(171)) - 1cd99ed7-c0d2-41ff-a57e-f64a137aa790:group-06EF8327F6E7 changes role from CANDIDATE to FOLLOWER at term 1 for DISCOVERED_A_NEW_TERM
2019-08-20 16:35:54,100 [1cd99ed7-c0d2-41ff-a57e-f64a137aa790:group-06EF8327F6E7:LeaderElection12] INFO  impl.RoleInfo (RoleInfo.java:shutdownLeaderElection(134)) - 1cd99ed7-c0d2-41ff-a57e-f64a137aa790: shutdown LeaderElection
2019-08-20 16:35:54,101 [c9d5e90e-0dec-4e85-b4e2-d29823632d06:group-06EF8327F6E7:LeaderElection11] INFO  impl.LeaderElection (LeaderElection.java:logAndReturn(56)) - c9d5e90e-0dec-4e85-b4e2-d29823632d06:group-06EF8327F6E7:LeaderElection11: Election PASSED; received 2 response(s) [c9d5e90e-0dec-4e85-b4e2-d29823632d06<-8556a57b-07a2-43a1-b9c0-1edf0a6afefc#0:OK-t1, c9d5e90e-0dec-4e85-b4e2-d29823632d06<-1cd99ed7-c0d2-41ff-a57e-f64a137aa790#0:FAIL-t1] and 0 exception(s); c9d5e90e-0dec-4e85-b4e2-d29823632d06:t1, leader=null, voted=c9d5e90e-0dec-4e85-b4e2-d29823632d06, raftlog=c9d5e90e-0dec-4e85-b4e2-d29823632d06-SegmentedRaftLog:OPENED:c-1,f-1,i0, conf=-1: [8556a57b-07a2-43a1-b9c0-1edf0a6afefc:192.168.5.139:40827, 1cd99ed7-c0d2-41ff-a57e-f64a137aa790:192.168.5.139:32924, c9d5e90e-0dec-4e85-b4e2-d29823632d06:192.168.5.139:43573], old=null
2019-08-20 16:35:54,105 [8556a57b-07a2-43a1-b9c0-1edf0a6afefc:group-B22F019AFF59:LeaderElection14] INFO  impl.LeaderElection (LeaderElection.java:askForVotes(181)) - 8556a57b-07a2-43a1-b9c0-1edf0a6afefc:group-B22F019AFF59:LeaderElection14: begin an election at term 1 for -1: [8556a57b-07a2-43a1-b9c0-1edf0a6afefc:192.168.5.139:40827, 1cd99ed7-c0d2-41ff-a57e-f64a137aa790:192.168.5.139:32924, c9d5e90e-0dec-4e85-b4e2-d29823632d06:192.168.5.139:43573], old=null
2019-08-20 16:35:54,105 [c9d5e90e-0dec-4e85-b4e2-d29823632d06:group-06EF8327F6E7:LeaderElection11] INFO  impl.RoleInfo (RoleInfo.java:shutdownLeaderElection(134)) - c9d5e90e-0dec-4e85-b4e2-d29823632d06: shutdown LeaderElection
2019-08-20 16:35:54,105 [1cd99ed7-c0d2-41ff-a57e-f64a137aa790:group-06EF8327F6E7:LeaderElection12] INFO  impl.RoleInfo (RoleInfo.java:updateAndGet(143)) - 1cd99ed7-c0d2-41ff-a57e-f64a137aa790: start FollowerState
2019-08-20 16:35:54,105 [c9d5e90e-0dec-4e85-b4e2-d29823632d06:group-B22F019AFF59:LeaderElection15] INFO  impl.LeaderElection (LeaderElection.java:askForVotes(181)) - c9d5e90e-0dec-4e85-b4e2-d29823632d06:group-B22F019AFF59:LeaderElection15: begin an election at term 1 for -1: [8556a57b-07a2-43a1-b9c0-1edf0a6afefc:192.168.5.139:40827, 1cd99ed7-c0d2-41ff-a57e-f64a137aa790:192.168.5.139:32924, c9d5e90e-0dec-4e85-b4e2-d29823632d06:192.168.5.139:43573], old=null
2019-08-20 16:35:54,106 [c9d5e90e-0dec-4e85-b4e2-d29823632d06:group-06EF8327F6E7:LeaderElection11] INFO  impl.RaftServerImpl (RaftServerImpl.java:setRole(171)) - c9d5e90e-0dec-4e85-b4e2-d29823632d06:group-06EF8327F6E7 changes role from CANDIDATE to LEADER at term 1 for changeToLeader
2019-08-20 16:35:54,107 [c9d5e90e-0dec-4e85-b4e2-d29823632d06:group-06EF8327F6E7:LeaderElection11] INFO  impl.RaftServerImpl (ServerState.java:setLeader(263)) - c9d5e90e-0dec-4e85-b4e2-d29823632d06:group-06EF8327F6E7 change Leader from null to c9d5e90e-0dec-4e85-b4e2-d29823632d06 at term 1 for becomeLeader, leader elected after 10048ms
2019-08-20 16:35:54,107 [c9d5e90e-0dec-4e85-b4e2-d29823632d06:group-06EF8327F6E7:LeaderElection11] INFO  server.RaftServerConfigKeys (ConfUtils.java:logGet(43)) - raft.server.staging.catchup.gap = 1000 (default)
2019-08-20 16:35:54,107 [c9d5e90e-0dec-4e85-b4e2-d29823632d06:group-06EF8327F6E7:LeaderElection11] INFO  server.RaftServerConfigKeys (ConfUtils.java:logGet(43)) - raft.server.rpc.sleep.time = 25ms (default)
2019-08-20 16:35:54,108 [grpc-default-executor-2] INFO  impl.RaftServerImpl (RaftServerImpl.java:setRole(171)) - c9d5e90e-0dec-4e85-b4e2-d29823632d06:group-856DB2C06D82 changes role from FOLLOWER to FOLLOWER at term 1 for recognizeCandidate:1cd99ed7-c0d2-41ff-a57e-f64a137aa790
2019-08-20 16:35:54,109 [grpc-default-executor-0] INFO  impl.RaftServerImpl (RaftServerImpl.java:setRole(171)) - 8556a57b-07a2-43a1-b9c0-1edf0a6afefc:group-856DB2C06D82 changes role from FOLLOWER to FOLLOWER at term 1 for recognizeCandidate:1cd99ed7-c0d2-41ff-a57e-f64a137aa790
2019-08-20 16:35:54,109 [c9d5e90e-0dec-4e85-b4e2-d29823632d06:group-06EF8327F6E7:LeaderElection11] INFO  server.RaftServerConfigKeys (ConfUtils.java:logGet(43)) - raft.server.write.element-limit = 4096 (default)
2019-08-20 16:35:54,109 [grpc-default-executor-2] INFO  impl.RoleInfo (RoleInfo.java:shutdownFollowerState(121)) - c9d5e90e-0dec-4e85-b4e2-d29823632d06: shutdown FollowerState
2019-08-20 16:35:54,109 [c9d5e90e-0dec-4e85-b4e2-d29823632d06:group-06EF8327F6E7:LeaderElection11] INFO  server.RaftServerConfigKeys (ConfUtils.java:logGet(43)) - raft.server.watch.timeout = 10s (default)
2019-08-20 16:35:54,109 [grpc-default-executor-0] INFO  impl.RoleInfo (RoleInfo.java:shutdownFollowerState(121)) - 8556a57b-07a2-43a1-b9c0-1edf0a6afefc: shutdown FollowerState
2019-08-20 16:35:54,109 [c9d5e90e-0dec-4e85-b4e2-d29823632d06:group-06EF8327F6E7:LeaderElection11] INFO  server.RaftServerConfigKeys (ConfUtils.java:logGet(43)) - raft.server.watch.timeout.denomination = 1s (default)
2019-08-20 16:35:54,109 [Thread-258] INFO  impl.FollowerState (FollowerState.java:run(114)) - c9d5e90e-0dec-4e85-b4e2-d29823632d06: FollowerState was interrupted: java.lang.InterruptedException: sleep interrupted
2019-08-20 16:35:54,109 [grpc-default-executor-2] INFO  impl.RoleInfo (RoleInfo.java:updateAndGet(143)) - c9d5e90e-0dec-4e85-b4e2-d29823632d06: start FollowerState
2019-08-20 16:35:54,110 [c9d5e90e-0dec-4e85-b4e2-d29823632d06:group-06EF8327F6E7:LeaderElection11] INFO  server.RaftServerConfigKeys (ConfUtils.java:logGet(43)) - raft.server.watch.element-limit = 65536 (default)
2019-08-20 16:35:54,110 [grpc-default-executor-0] INFO  impl.RoleInfo (RoleInfo.java:updateAndGet(143)) - 8556a57b-07a2-43a1-b9c0-1edf0a6afefc: start FollowerState
2019-08-20 16:35:54,110 [Thread-262] INFO  impl.FollowerState (FollowerState.java:run(114)) - 8556a57b-07a2-43a1-b9c0-1edf0a6afefc: FollowerState was interrupted: java.lang.InterruptedException: sleep interrupted
2019-08-20 16:35:54,110 [c9d5e90e-0dec-4e85-b4e2-d29823632d06:group-06EF8327F6E7:LeaderElection11] INFO  server.RaftServerConfigKeys (ConfUtils.java:logGet(43)) - raft.server.log.appender.snapshot.chunk.size.max = 16MB (=16777216) (default)
2019-08-20 16:35:54,111 [c9d5e90e-0dec-4e85-b4e2-d29823632d06:group-06EF8327F6E7:LeaderElection11] INFO  server.RaftServerConfigKeys (ConfUtils.java:logGet(43)) - raft.server.log.appender.buffer.byte-limit = 33554432 (custom)
2019-08-20 16:35:54,112 [grpc-default-executor-1] INFO  impl.RaftServerImpl (RaftServerImpl.java:setRole(171)) - 1cd99ed7-c0d2-41ff-a57e-f64a137aa790:group-B22F019AFF59 changes role from FOLLOWER to FOLLOWER at term 1 for recognizeCandidate:8556a57b-07a2-43a1-b9c0-1edf0a6afefc
2019-08-20 16:35:54,113 [c9d5e90e-0dec-4e85-b4e2-d29823632d06:group-06EF8327F6E7:LeaderElection11] INFO  server.RaftServerConfigKeys (ConfUtils.java:logGet(43)) - raft.server.log.appender.buffer.element-limit = 1 (custom)
2019-08-20 16:35:54,113 [grpc-default-executor-1] INFO  impl.RoleInfo (RoleInfo.java:shutdownFollowerState(121)) - 1cd99ed7-c0d2-41ff-a57e-f64a137aa790: shutdown FollowerState
2019-08-20 16:35:54,114 [c9d5e90e-0dec-4e85-b4e2-d29823632d06:group-06EF8327F6E7:LeaderElection11] INFO  grpc.GrpcConfigKeys$Server (ConfUtils.java:logGet(43)) - raft.grpc.server.leader.outstanding.appends.max = 128 (default)
2019-08-20 16:35:54,114 [Thread-261] INFO  impl.FollowerState (FollowerState.java:run(114)) - 1cd99ed7-c0d2-41ff-a57e-f64a137aa790: FollowerState was interrupted: java.lang.InterruptedException: sleep interrupted
2019-08-20 16:35:54,114 [grpc-default-executor-1] INFO  impl.RoleInfo (RoleInfo.java:updateAndGet(143)) - 1cd99ed7-c0d2-41ff-a57e-f64a137aa790: start FollowerState
2019-08-20 16:35:54,114 [c9d5e90e-0dec-4e85-b4e2-d29823632d06:group-06EF8327F6E7:LeaderElection11] INFO  server.RaftServerConfigKeys (ConfUtils.java:logGet(43)) - raft.server.rpc.request.timeout = 3000ms (default)
2019-08-20 16:35:54,114 [c9d5e90e-0dec-4e85-b4e2-d29823632d06:group-06EF8327F6E7:LeaderElection11] INFO  server.RaftServerConfigKeys (ConfUtils.java:logGet(43)) - raft.server.log.appender.install.snapshot.enabled = false (custom)
2019-08-20 16:35:54,114 [c9d5e90e-0dec-4e85-b4e2-d29823632d06:group-06EF8327F6E7:LeaderElection11] INFO  server.RaftServerConfigKeys (ConfUtils.java:logGet(43)) - raft.server.log.appender.snapshot.chunk.size.max = 16MB (=16777216) (default)
2019-08-20 16:35:54,115 [c9d5e90e-0dec-4e85-b4e2-d29823632d06:group-06EF8327F6E7:LeaderElection11] INFO  server.RaftServerConfigKeys (ConfUtils.java:logGet(43)) - raft.server.log.appender.buffer.byte-limit = 33554432 (custom)
2019-08-20 16:35:54,115 [c9d5e90e-0dec-4e85-b4e2-d29823632d06:group-06EF8327F6E7:LeaderElection11] INFO  server.RaftServerConfigKeys (ConfUtils.java:logGet(43)) - raft.server.log.appender.buffer.element-limit = 1 (custom)
2019-08-20 16:35:54,115 [c9d5e90e-0dec-4e85-b4e2-d29823632d06:group-06EF8327F6E7:LeaderElection11] INFO  grpc.GrpcConfigKeys$Server (ConfUtils.java:logGet(43)) - raft.grpc.server.leader.outstanding.appends.max = 128 (default)
2019-08-20 16:35:54,115 [c9d5e90e-0dec-4e85-b4e2-d29823632d06:group-06EF8327F6E7:LeaderElection11] INFO  server.RaftServerConfigKeys (ConfUtils.java:logGet(43)) - raft.server.rpc.request.timeout = 3000ms (default)
2019-08-20 16:35:54,115 [c9d5e90e-0dec-4e85-b4e2-d29823632d06:group-06EF8327F6E7:LeaderElection11] INFO  server.RaftServerConfigKeys (ConfUtils.java:logGet(43)) - raft.server.log.appender.install.snapshot.enabled = false (custom)
2019-08-20 16:35:54,116 [c9d5e90e-0dec-4e85-b4e2-d29823632d06:group-06EF8327F6E7:LeaderElection11] INFO  impl.RoleInfo (RoleInfo.java:updateAndGet(143)) - c9d5e90e-0dec-4e85-b4e2-d29823632d06: start LeaderState
2019-08-20 16:35:54,116 [c9d5e90e-0dec-4e85-b4e2-d29823632d06:group-06EF8327F6E7:LeaderElection11] INFO  segmented.SegmentedRaftLogWorker (SegmentedRaftLogWorker.java:startLogSegment(380)) - c9d5e90e-0dec-4e85-b4e2-d29823632d06-SegmentedRaftLogWorker:Storage Directory /workdir/hadoop-ozone/tools/target/test-dir/MiniOzoneClusterImpl-be136bf1-c7ac-4d2e-9665-41f2df98132f/datanode-0/data/ratis/029743d7-9626-4721-8a3d-06ef8327f6e7: Starting segment from index:0
2019-08-20 16:35:54,117 [c9d5e90e-0dec-4e85-b4e2-d29823632d06:group-06EF8327F6E7:LeaderElection11] INFO  impl.RaftServerImpl (ServerState.java:setRaftConf(361)) - c9d5e90e-0dec-4e85-b4e2-d29823632d06:group-06EF8327F6E7 set configuration 0: [8556a57b-07a2-43a1-b9c0-1edf0a6afefc:192.168.5.139:40827, 1cd99ed7-c0d2-41ff-a57e-f64a137aa790:192.168.5.139:32924, c9d5e90e-0dec-4e85-b4e2-d29823632d06:192.168.5.139:43573], old=null at 0
2019-08-20 16:35:54,146 [1cd99ed7-c0d2-41ff-a57e-f64a137aa790:group-856DB2C06D82:LeaderElection13] INFO  impl.LeaderElection (LeaderElection.java:logAndReturn(56)) - 1cd99ed7-c0d2-41ff-a57e-f64a137aa790:group-856DB2C06D82:LeaderElection13: Election PASSED; received 1 response(s) [1cd99ed7-c0d2-41ff-a57e-f64a137aa790<-8556a57b-07a2-43a1-b9c0-1edf0a6afefc#0:OK-t1] and 0 exception(s); 1cd99ed7-c0d2-41ff-a57e-f64a137aa790:t1, leader=null, voted=1cd99ed7-c0d2-41ff-a57e-f64a137aa790, raftlog=1cd99ed7-c0d2-41ff-a57e-f64a137aa790-SegmentedRaftLog:OPENED:c-1,f-1,i0, conf=-1: [8556a57b-07a2-43a1-b9c0-1edf0a6afefc:192.168.5.139:40827, 1cd99ed7-c0d2-41ff-a57e-f64a137aa790:192.168.5.139:32924, c9d5e90e-0dec-4e85-b4e2-d29823632d06:192.168.5.139:43573], old=null
2019-08-20 16:35:54,146 [1cd99ed7-c0d2-41ff-a57e-f64a137aa790:group-856DB2C06D82:LeaderElection13] INFO  impl.RoleInfo (RoleInfo.java:shutdownLeaderElection(134)) - 1cd99ed7-c0d2-41ff-a57e-f64a137aa790: shutdown LeaderElection
2019-08-20 16:35:54,147 [1cd99ed7-c0d2-41ff-a57e-f64a137aa790:group-856DB2C06D82:LeaderElection13] INFO  impl.RaftServerImpl (RaftServerImpl.java:setRole(171)) - 1cd99ed7-c0d2-41ff-a57e-f64a137aa790:group-856DB2C06D82 changes role from CANDIDATE to LEADER at term 1 for changeToLeader
2019-08-20 16:35:54,147 [1cd99ed7-c0d2-41ff-a57e-f64a137aa790:group-856DB2C06D82:LeaderElection13] INFO  impl.RaftServerImpl (ServerState.java:setLeader(263)) - 1cd99ed7-c0d2-41ff-a57e-f64a137aa790:group-856DB2C06D82 change Leader from null to 1cd99ed7-c0d2-41ff-a57e-f64a137aa790 at term 1 for becomeLeader, leader elected after 5253ms
2019-08-20 16:35:54,147 [8556a57b-07a2-43a1-b9c0-1edf0a6afefc:group-B22F019AFF59:LeaderElection14] INFO  impl.LeaderElection (LeaderElection.java:logAndReturn(56)) - 8556a57b-07a2-43a1-b9c0-1edf0a6afefc:group-B22F019AFF59:LeaderElection14: Election PASSED; received 2 response(s) [8556a57b-07a2-43a1-b9c0-1edf0a6afefc<-1cd99ed7-c0d2-41ff-a57e-f64a137aa790#0:OK-t1, 8556a57b-07a2-43a1-b9c0-1edf0a6afefc<-c9d5e90e-0dec-4e85-b4e2-d29823632d06#0:FAIL-t1] and 0 exception(s); 8556a57b-07a2-43a1-b9c0-1edf0a6afefc:t1, leader=null, voted=8556a57b-07a2-43a1-b9c0-1edf0a6afefc, raftlog=8556a57b-07a2-43a1-b9c0-1edf0a6afefc-SegmentedRaftLog:OPENED:c-1,f-1,i0, conf=-1: [8556a57b-07a2-43a1-b9c0-1edf0a6afefc:192.168.5.139:40827, 1cd99ed7-c0d2-41ff-a57e-f64a137aa790:192.168.5.139:32924, c9d5e90e-0dec-4e85-b4e2-d29823632d06:192.168.5.139:43573], old=null
2019-08-20 16:35:54,148 [1cd99ed7-c0d2-41ff-a57e-f64a137aa790:group-856DB2C06D82:LeaderElection13] INFO  server.RaftServerConfigKeys (ConfUtils.java:logGet(43)) - raft.server.staging.catchup.gap = 1000 (default)
2019-08-20 16:35:54,148 [8556a57b-07a2-43a1-b9c0-1edf0a6afefc:group-B22F019AFF59:LeaderElection14] INFO  impl.RoleInfo (RoleInfo.java:shutdownLeaderElection(134)) - 8556a57b-07a2-43a1-b9c0-1edf0a6afefc: shutdown LeaderElection
2019-08-20 16:35:54,149 [c9d5e90e-0dec-4e85-b4e2-d29823632d06:group-B22F019AFF59:LeaderElection15] INFO  impl.LeaderElection (LeaderElection.java:logAndReturn(56)) - c9d5e90e-0dec-4e85-b4e2-d29823632d06:group-B22F019AFF59:LeaderElection15: Election REJECTED; received 2 response(s) [c9d5e90e-0dec-4e85-b4e2-d29823632d06<-8556a57b-07a2-43a1-b9c0-1edf0a6afefc#0:FAIL-t1, c9d5e90e-0dec-4e85-b4e2-d29823632d06<-1cd99ed7-c0d2-41ff-a57e-f64a137aa790#0:FAIL-t1] and 0 exception(s); c9d5e90e-0dec-4e85-b4e2-d29823632d06:t1, leader=null, voted=c9d5e90e-0dec-4e85-b4e2-d29823632d06, raftlog=c9d5e90e-0dec-4e85-b4e2-d29823632d06-SegmentedRaftLog:OPENED:c-1,f-1,i0, conf=-1: [8556a57b-07a2-43a1-b9c0-1edf0a6afefc:192.168.5.139:40827, 1cd99ed7-c0d2-41ff-a57e-f64a137aa790:192.168.5.139:32924, c9d5e90e-0dec-4e85-b4e2-d29823632d06:192.168.5.139:43573], old=null
2019-08-20 16:35:54,148 [grpc-default-executor-0] INFO  impl.RaftServerImpl (ServerState.java:setLeader(263)) - 8556a57b-07a2-43a1-b9c0-1edf0a6afefc:group-06EF8327F6E7 change Leader from null to c9d5e90e-0dec-4e85-b4e2-d29823632d06 at term 1 for appendEntries, leader elected after 7938ms
2019-08-20 16:35:54,149 [c9d5e90e-0dec-4e85-b4e2-d29823632d06:group-B22F019AFF59:LeaderElection15] INFO  impl.RaftServerImpl (RaftServerImpl.java:setRole(171)) - c9d5e90e-0dec-4e85-b4e2-d29823632d06:group-B22F019AFF59 changes role from CANDIDATE to FOLLOWER at term 1 for DISCOVERED_A_NEW_TERM
2019-08-20 16:35:54,149 [8556a57b-07a2-43a1-b9c0-1edf0a6afefc:group-B22F019AFF59:LeaderElection14] INFO  impl.RaftServerImpl (RaftServerImpl.java:setRole(171)) - 8556a57b-07a2-43a1-b9c0-1edf0a6afefc:group-B22F019AFF59 changes role from CANDIDATE to LEADER at term 1 for changeToLeader
2019-08-20 16:35:54,148 [1cd99ed7-c0d2-41ff-a57e-f64a137aa790:group-856DB2C06D82:LeaderElection13] INFO  server.RaftServerConfigKeys (ConfUtils.java:logGet(43)) - raft.server.rpc.sleep.time = 25ms (default)
2019-08-20 16:35:54,150 [8556a57b-07a2-43a1-b9c0-1edf0a6afefc:group-B22F019AFF59:LeaderElection14] INFO  impl.RaftServerImpl (ServerState.java:setLeader(263)) - 8556a57b-07a2-43a1-b9c0-1edf0a6afefc:group-B22F019AFF59 change Leader from null to 8556a57b-07a2-43a1-b9c0-1edf0a6afefc at term 1 for becomeLeader, leader elected after 5203ms
2019-08-20 16:35:54,150 [grpc-default-executor-5] INFO  impl.RaftServerImpl (ServerState.java:setLeader(263)) - 1cd99ed7-c0d2-41ff-a57e-f64a137aa790:group-06EF8327F6E7 change Leader from null to c9d5e90e-0dec-4e85-b4e2-d29823632d06 at term 1 for appendEntries, leader elected after 7940ms
2019-08-20 16:35:54,150 [c9d5e90e-0dec-4e85-b4e2-d29823632d06:group-B22F019AFF59:LeaderElection15] INFO  impl.RoleInfo (RoleInfo.java:shutdownLeaderElection(134)) - c9d5e90e-0dec-4e85-b4e2-d29823632d06: shutdown LeaderElection
2019-08-20 16:35:54,150 [8556a57b-07a2-43a1-b9c0-1edf0a6afefc:group-B22F019AFF59:LeaderElection14] INFO  server.RaftServerConfigKeys (ConfUtils.java:logGet(43)) - raft.server.staging.catchup.gap = 1000 (default)
2019-08-20 16:35:54,150 [1cd99ed7-c0d2-41ff-a57e-f64a137aa790:group-856DB2C06D82:LeaderElection13] INFO  server.RaftServerConfigKeys (ConfUtils.java:logGet(43)) - raft.server.write.element-limit = 4096 (default)
2019-08-20 16:35:54,150 [8556a57b-07a2-43a1-b9c0-1edf0a6afefc:group-B22F019AFF59:LeaderElection14] INFO  server.RaftServerConfigKeys (ConfUtils.java:logGet(43)) - raft.server.rpc.sleep.time = 25ms (default)
2019-08-20 16:35:54,150 [c9d5e90e-0dec-4e85-b4e2-d29823632d06:group-B22F019AFF59:LeaderElection15] INFO  impl.RoleInfo (RoleInfo.java:updateAndGet(143)) - c9d5e90e-0dec-4e85-b4e2-d29823632d06: start FollowerState
2019-08-20 16:35:54,151 [8556a57b-07a2-43a1-b9c0-1edf0a6afefc:group-B22F019AFF59:LeaderElection14] INFO  server.RaftServerConfigKeys (ConfUtils.java:logGet(43)) - raft.server.write.element-limit = 4096 (default)
2019-08-20 16:35:54,151 [1cd99ed7-c0d2-41ff-a57e-f64a137aa790:group-856DB2C06D82:LeaderElection13] INFO  server.RaftServerConfigKeys (ConfUtils.java:logGet(43)) - raft.server.watch.timeout = 10s (default)
2019-08-20 16:35:54,152 [8556a57b-07a2-43a1-b9c0-1edf0a6afefc:group-B22F019AFF59:LeaderElection14] INFO  server.RaftServerConfigKeys (ConfUtils.java:logGet(43)) - raft.server.watch.timeout = 10s (default)
2019-08-20 16:35:54,152 [1cd99ed7-c0d2-41ff-a57e-f64a137aa790:group-856DB2C06D82:LeaderElection13] INFO  server.RaftServerConfigKeys (ConfUtils.java:logGet(43)) - raft.server.watch.timeout.denomination = 1s (default)
2019-08-20 16:35:54,153 [8556a57b-07a2-43a1-b9c0-1edf0a6afefc:group-B22F019AFF59:LeaderElection14] INFO  server.RaftServerConfigKeys (ConfUtils.java:logGet(43)) - raft.server.watch.timeout.denomination = 1s (default)
2019-08-20 16:35:54,153 [1cd99ed7-c0d2-41ff-a57e-f64a137aa790:group-856DB2C06D82:LeaderElection13] INFO  server.RaftServerConfigKeys (ConfUtils.java:logGet(43)) - raft.server.watch.element-limit = 65536 (default)
2019-08-20 16:35:54,153 [8556a57b-07a2-43a1-b9c0-1edf0a6afefc:group-B22F019AFF59:LeaderElection14] INFO  server.RaftServerConfigKeys (ConfUtils.java:logGet(43)) - raft.server.watch.element-limit = 65536 (default)
2019-08-20 16:35:54,153 [8556a57b-07a2-43a1-b9c0-1edf0a6afefc:group-B22F019AFF59:LeaderElection14] INFO  server.RaftServerConfigKeys (ConfUtils.java:logGet(43)) - raft.server.log.appender.snapshot.chunk.size.max = 16MB (=16777216) (default)
2019-08-20 16:35:54,153 [1cd99ed7-c0d2-41ff-a57e-f64a137aa790:group-856DB2C06D82:LeaderElection13] INFO  server.RaftServerConfigKeys (ConfUtils.java:logGet(43)) - raft.server.log.appender.snapshot.chunk.size.max = 16MB (=16777216) (default)
2019-08-20 16:35:54,153 [8556a57b-07a2-43a1-b9c0-1edf0a6afefc:group-B22F019AFF59:LeaderElection14] INFO  server.RaftServerConfigKeys (ConfUtils.java:logGet(43)) - raft.server.log.appender.buffer.byte-limit = 33554432 (custom)
2019-08-20 16:35:54,153 [1cd99ed7-c0d2-41ff-a57e-f64a137aa790:group-856DB2C06D82:LeaderElection13] INFO  server.RaftServerConfigKeys (ConfUtils.java:logGet(43)) - raft.server.log.appender.buffer.byte-limit = 33554432 (custom)
2019-08-20 16:35:54,153 [8556a57b-07a2-43a1-b9c0-1edf0a6afefc:group-B22F019AFF59:LeaderElection14] INFO  server.RaftServerConfigKeys (ConfUtils.java:logGet(43)) - raft.server.log.appender.buffer.element-limit = 1 (custom)
2019-08-20 16:35:54,154 [1cd99ed7-c0d2-41ff-a57e-f64a137aa790:group-856DB2C06D82:LeaderElection13] INFO  server.RaftServerConfigKeys (ConfUtils.java:logGet(43)) - raft.server.log.appender.buffer.element-limit = 1 (custom)
2019-08-20 16:35:54,154 [grpc-default-executor-5] INFO  impl.RaftServerImpl (ServerState.java:setRaftConf(361)) - 8556a57b-07a2-43a1-b9c0-1edf0a6afefc:group-06EF8327F6E7 set configuration 0: [8556a57b-07a2-43a1-b9c0-1edf0a6afefc:192.168.5.139:40827, 1cd99ed7-c0d2-41ff-a57e-f64a137aa790:192.168.5.139:32924, c9d5e90e-0dec-4e85-b4e2-d29823632d06:192.168.5.139:43573], old=null at 0
2019-08-20 16:35:54,154 [grpc-default-executor-5] INFO  segmented.SegmentedRaftLogWorker (SegmentedRaftLogWorker.java:startLogSegment(380)) - 8556a57b-07a2-43a1-b9c0-1edf0a6afefc-SegmentedRaftLogWorker:Storage Directory /workdir/hadoop-ozone/tools/target/test-dir/MiniOzoneClusterImpl-be136bf1-c7ac-4d2e-9665-41f2df98132f/datanode-1/data/ratis/029743d7-9626-4721-8a3d-06ef8327f6e7: Starting segment from index:0
2019-08-20 16:35:54,154 [8556a57b-07a2-43a1-b9c0-1edf0a6afefc:group-B22F019AFF59:LeaderElection14] INFO  grpc.GrpcConfigKeys$Server (ConfUtils.java:logGet(43)) - raft.grpc.server.leader.outstanding.appends.max = 128 (default)
2019-08-20 16:35:54,154 [grpc-default-executor-0] INFO  impl.RaftServerImpl (ServerState.java:setRaftConf(361)) - 1cd99ed7-c0d2-41ff-a57e-f64a137aa790:group-06EF8327F6E7 set configuration 0: [8556a57b-07a2-43a1-b9c0-1edf0a6afefc:192.168.5.139:40827, 1cd99ed7-c0d2-41ff-a57e-f64a137aa790:192.168.5.139:32924, c9d5e90e-0dec-4e85-b4e2-d29823632d06:192.168.5.139:43573], old=null at 0
2019-08-20 16:35:54,154 [1cd99ed7-c0d2-41ff-a57e-f64a137aa790:group-856DB2C06D82:LeaderElection13] INFO  grpc.GrpcConfigKeys$Server (ConfUtils.java:logGet(43)) - raft.grpc.server.leader.outstanding.appends.max = 128 (default)
2019-08-20 16:35:54,155 [grpc-default-executor-0] INFO  segmented.SegmentedRaftLogWorker (SegmentedRaftLogWorker.java:startLogSegment(380)) - 1cd99ed7-c0d2-41ff-a57e-f64a137aa790-SegmentedRaftLogWorker:Storage Directory /workdir/hadoop-ozone/tools/target/test-dir/MiniOzoneClusterImpl-be136bf1-c7ac-4d2e-9665-41f2df98132f/datanode-2/data/ratis/029743d7-9626-4721-8a3d-06ef8327f6e7: Starting segment from index:0
2019-08-20 16:35:54,155 [8556a57b-07a2-43a1-b9c0-1edf0a6afefc:group-B22F019AFF59:LeaderElection14] INFO  server.RaftServerConfigKeys (ConfUtils.java:logGet(43)) - raft.server.rpc.request.timeout = 3000ms (default)
2019-08-20 16:35:54,155 [1cd99ed7-c0d2-41ff-a57e-f64a137aa790:group-856DB2C06D82:LeaderElection13] INFO  server.RaftServerConfigKeys (ConfUtils.java:logGet(43)) - raft.server.rpc.request.timeout = 3000ms (default)
2019-08-20 16:35:54,155 [8556a57b-07a2-43a1-b9c0-1edf0a6afefc:group-B22F019AFF59:LeaderElection14] INFO  server.RaftServerConfigKeys (ConfUtils.java:logGet(43)) - raft.server.log.appender.install.snapshot.enabled = false (custom)
2019-08-20 16:35:54,155 [1cd99ed7-c0d2-41ff-a57e-f64a137aa790:group-856DB2C06D82:LeaderElection13] INFO  server.RaftServerConfigKeys (ConfUtils.java:logGet(43)) - raft.server.log.appender.install.snapshot.enabled = false (custom)
2019-08-20 16:35:54,155 [8556a57b-07a2-43a1-b9c0-1edf0a6afefc:group-B22F019AFF59:LeaderElection14] INFO  server.RaftServerConfigKeys (ConfUtils.java:logGet(43)) - raft.server.log.appender.snapshot.chunk.size.max = 16MB (=16777216) (default)
2019-08-20 16:35:54,156 [1cd99ed7-c0d2-41ff-a57e-f64a137aa790:group-856DB2C06D82:LeaderElection13] INFO  server.RaftServerConfigKeys (ConfUtils.java:logGet(43)) - raft.server.log.appender.snapshot.chunk.size.max = 16MB (=16777216) (default)
2019-08-20 16:35:54,156 [8556a57b-07a2-43a1-b9c0-1edf0a6afefc:group-B22F019AFF59:LeaderElection14] INFO  server.RaftServerConfigKeys (ConfUtils.java:logGet(43)) - raft.server.log.appender.buffer.byte-limit = 33554432 (custom)
2019-08-20 16:35:54,156 [1cd99ed7-c0d2-41ff-a57e-f64a137aa790:group-856DB2C06D82:LeaderElection13] INFO  server.RaftServerConfigKeys (ConfUtils.java:logGet(43)) - raft.server.log.appender.buffer.byte-limit = 33554432 (custom)
2019-08-20 16:35:54,156 [8556a57b-07a2-43a1-b9c0-1edf0a6afefc:group-B22F019AFF59:LeaderElection14] INFO  server.RaftServerConfigKeys (ConfUtils.java:logGet(43)) - raft.server.log.appender.buffer.element-limit = 1 (custom)
2019-08-20 16:35:54,156 [1cd99ed7-c0d2-41ff-a57e-f64a137aa790:group-856DB2C06D82:LeaderElection13] INFO  server.RaftServerConfigKeys (ConfUtils.java:logGet(43)) - raft.server.log.appender.buffer.element-limit = 1 (custom)
2019-08-20 16:35:54,156 [c9d5e90e-0dec-4e85-b4e2-d29823632d06-SegmentedRaftLogWorker:Storage Directory /workdir/hadoop-ozone/tools/target/test-dir/MiniOzoneClusterImpl-be136bf1-c7ac-4d2e-9665-41f2df98132f/datanode-0/data/ratis/029743d7-9626-4721-8a3d-06ef8327f6e7] INFO  segmented.SegmentedRaftLogWorker (SegmentedRaftLogWorker.java:execute(569)) - c9d5e90e-0dec-4e85-b4e2-d29823632d06-SegmentedRaftLogWorker:Storage Directory /workdir/hadoop-ozone/tools/target/test-dir/MiniOzoneClusterImpl-be136bf1-c7ac-4d2e-9665-41f2df98132f/datanode-0/data/ratis/029743d7-9626-4721-8a3d-06ef8327f6e7: created new log segment /workdir/hadoop-ozone/tools/target/test-dir/MiniOzoneClusterImpl-be136bf1-c7ac-4d2e-9665-41f2df98132f/datanode-0/data/ratis/029743d7-9626-4721-8a3d-06ef8327f6e7/current/log_inprogress_0
2019-08-20 16:35:54,157 [1cd99ed7-c0d2-41ff-a57e-f64a137aa790:group-856DB2C06D82:LeaderElection13] INFO  grpc.GrpcConfigKeys$Server (ConfUtils.java:logGet(43)) - raft.grpc.server.leader.outstanding.appends.max = 128 (default)
2019-08-20 16:35:54,156 [8556a57b-07a2-43a1-b9c0-1edf0a6afefc:group-B22F019AFF59:LeaderElection14] INFO  grpc.GrpcConfigKeys$Server (ConfUtils.java:logGet(43)) - raft.grpc.server.leader.outstanding.appends.max = 128 (default)
2019-08-20 16:35:54,157 [1cd99ed7-c0d2-41ff-a57e-f64a137aa790:group-856DB2C06D82:LeaderElection13] INFO  server.RaftServerConfigKeys (ConfUtils.java:logGet(43)) - raft.server.rpc.request.timeout = 3000ms (default)
2019-08-20 16:35:54,157 [8556a57b-07a2-43a1-b9c0-1edf0a6afefc:group-B22F019AFF59:LeaderElection14] INFO  server.RaftServerConfigKeys (ConfUtils.java:logGet(43)) - raft.server.rpc.request.timeout = 3000ms (default)
2019-08-20 16:35:54,157 [1cd99ed7-c0d2-41ff-a57e-f64a137aa790:group-856DB2C06D82:LeaderElection13] INFO  server.RaftServerConfigKeys (ConfUtils.java:logGet(43)) - raft.server.log.appender.install.snapshot.enabled = false (custom)
2019-08-20 16:35:54,157 [8556a57b-07a2-43a1-b9c0-1edf0a6afefc:group-B22F019AFF59:LeaderElection14] INFO  server.RaftServerConfigKeys (ConfUtils.java:logGet(43)) - raft.server.log.appender.install.snapshot.enabled = false (custom)
2019-08-20 16:35:54,157 [1cd99ed7-c0d2-41ff-a57e-f64a137aa790:group-856DB2C06D82:LeaderElection13] INFO  impl.RoleInfo (RoleInfo.java:updateAndGet(143)) - 1cd99ed7-c0d2-41ff-a57e-f64a137aa790: start LeaderState
2019-08-20 16:35:54,157 [8556a57b-07a2-43a1-b9c0-1edf0a6afefc:group-B22F019AFF59:LeaderElection14] INFO  impl.RoleInfo (RoleInfo.java:updateAndGet(143)) - 8556a57b-07a2-43a1-b9c0-1edf0a6afefc: start LeaderState
2019-08-20 16:35:54,158 [1cd99ed7-c0d2-41ff-a57e-f64a137aa790:group-856DB2C06D82:LeaderElection13] INFO  segmented.SegmentedRaftLogWorker (SegmentedRaftLogWorker.java:startLogSegment(380)) - 1cd99ed7-c0d2-41ff-a57e-f64a137aa790-SegmentedRaftLogWorker:Storage Directory /workdir/hadoop-ozone/tools/target/test-dir/MiniOzoneClusterImpl-be136bf1-c7ac-4d2e-9665-41f2df98132f/datanode-2/data/ratis/809c481f-fe15-4f84-90a9-856db2c06d82: Starting segment from index:0
2019-08-20 16:35:54,158 [8556a57b-07a2-43a1-b9c0-1edf0a6afefc:group-B22F019AFF59:LeaderElection14] INFO  segmented.SegmentedRaftLogWorker (SegmentedRaftLogWorker.java:startLogSegment(380)) - 8556a57b-07a2-43a1-b9c0-1edf0a6afefc-SegmentedRaftLogWorker:Storage Directory /workdir/hadoop-ozone/tools/target/test-dir/MiniOzoneClusterImpl-be136bf1-c7ac-4d2e-9665-41f2df98132f/datanode-1/data/ratis/3ef051d5-cfca-45f3-b6da-b22f019aff59: Starting segment from index:0
2019-08-20 16:35:54,159 [1cd99ed7-c0d2-41ff-a57e-f64a137aa790:group-856DB2C06D82:LeaderElection13] INFO  impl.RaftServerImpl (ServerState.java:setRaftConf(361)) - 1cd99ed7-c0d2-41ff-a57e-f64a137aa790:group-856DB2C06D82 set configuration 0: [8556a57b-07a2-43a1-b9c0-1edf0a6afefc:192.168.5.139:40827, 1cd99ed7-c0d2-41ff-a57e-f64a137aa790:192.168.5.139:32924, c9d5e90e-0dec-4e85-b4e2-d29823632d06:192.168.5.139:43573], old=null at 0
2019-08-20 16:35:54,159 [8556a57b-07a2-43a1-b9c0-1edf0a6afefc:group-B22F019AFF59:LeaderElection14] INFO  impl.RaftServerImpl (ServerState.java:setRaftConf(361)) - 8556a57b-07a2-43a1-b9c0-1edf0a6afefc:group-B22F019AFF59 set configuration 0: [8556a57b-07a2-43a1-b9c0-1edf0a6afefc:192.168.5.139:40827, 1cd99ed7-c0d2-41ff-a57e-f64a137aa790:192.168.5.139:32924, c9d5e90e-0dec-4e85-b4e2-d29823632d06:192.168.5.139:43573], old=null at 0
2019-08-20 16:35:54,194 [Thread-266] INFO  impl.FollowerState (FollowerState.java:run(106)) - 1cd99ed7-c0d2-41ff-a57e-f64a137aa790:group-5305C75B78C4 changes to CANDIDATE, lastRpcTime:5130, electionTimeout:5122ms
2019-08-20 16:35:54,198 [Thread-277] INFO  impl.FollowerState (FollowerState.java:run(106)) - c9d5e90e-0dec-4e85-b4e2-d29823632d06:group-4F0E52147044 changes to CANDIDATE, lastRpcTime:5124, electionTimeout:5124ms
2019-08-20 16:35:54,198 [Thread-266] INFO  impl.RoleInfo (RoleInfo.java:shutdownFollowerState(121)) - 1cd99ed7-c0d2-41ff-a57e-f64a137aa790: shutdown FollowerState
2019-08-20 16:35:54,198 [Thread-277] INFO  impl.RoleInfo (RoleInfo.java:shutdownFollowerState(121)) - c9d5e90e-0dec-4e85-b4e2-d29823632d06: shutdown FollowerState
2019-08-20 16:35:54,198 [Thread-277] INFO  impl.RaftServerImpl (RaftServerImpl.java:setRole(171)) - c9d5e90e-0dec-4e85-b4e2-d29823632d06:group-4F0E52147044 changes role from FOLLOWER to CANDIDATE at term 0 for changeToCandidate
2019-08-20 16:35:54,198 [Thread-266] INFO  impl.RaftServerImpl (RaftServerImpl.java:setRole(171)) - 1cd99ed7-c0d2-41ff-a57e-f64a137aa790:group-5305C75B78C4 changes role from FOLLOWER to CANDIDATE at term 0 for changeToCandidate
2019-08-20 16:35:54,198 [Thread-277] INFO  impl.RoleInfo (RoleInfo.java:updateAndGet(143)) - c9d5e90e-0dec-4e85-b4e2-d29823632d06: start LeaderElection
2019-08-20 16:35:54,198 [Thread-266] INFO  impl.RoleInfo (RoleInfo.java:updateAndGet(143)) - 1cd99ed7-c0d2-41ff-a57e-f64a137aa790: start LeaderElection
2019-08-20 16:35:54,202 [grpc-default-executor-1] INFO  impl.RaftServerImpl (ServerState.java:setLeader(263)) - 1cd99ed7-c0d2-41ff-a57e-f64a137aa790:group-B22F019AFF59 change Leader from null to 8556a57b-07a2-43a1-b9c0-1edf0a6afefc at term 1 for appendEntries, leader elected after 5255ms
2019-08-20 16:35:54,203 [grpc-default-executor-2] INFO  impl.RaftServerImpl (ServerState.java:setLeader(263)) - c9d5e90e-0dec-4e85-b4e2-d29823632d06:group-856DB2C06D82 change Leader from null to 1cd99ed7-c0d2-41ff-a57e-f64a137aa790 at term 1 for appendEntries, leader elected after 5322ms
2019-08-20 16:35:54,203 [grpc-default-executor-0] INFO  impl.RaftServerImpl (ServerState.java:setLeader(263)) - c9d5e90e-0dec-4e85-b4e2-d29823632d06:group-B22F019AFF59 change Leader from null to 8556a57b-07a2-43a1-b9c0-1edf0a6afefc at term 1 for appendEntries, leader elected after 5255ms
2019-08-20 16:35:54,203 [grpc-default-executor-5] INFO  impl.RaftServerImpl (ServerState.java:setLeader(263)) - 8556a57b-07a2-43a1-b9c0-1edf0a6afefc:group-856DB2C06D82 change Leader from null to 1cd99ed7-c0d2-41ff-a57e-f64a137aa790 at term 1 for appendEntries, leader elected after 5308ms
2019-08-20 16:35:54,208 [grpc-default-executor-5] INFO  impl.RaftServerImpl (ServerState.java:setRaftConf(361)) - 1cd99ed7-c0d2-41ff-a57e-f64a137aa790:group-B22F019AFF59 set configuration 0: [8556a57b-07a2-43a1-b9c0-1edf0a6afefc:192.168.5.139:40827, 1cd99ed7-c0d2-41ff-a57e-f64a137aa790:192.168.5.139:32924, c9d5e90e-0dec-4e85-b4e2-d29823632d06:192.168.5.139:43573], old=null at 0
2019-08-20 16:35:54,208 [grpc-default-executor-2] INFO  impl.RaftServerImpl (ServerState.java:setRaftConf(361)) - 8556a57b-07a2-43a1-b9c0-1edf0a6afefc:group-856DB2C06D82 set configuration 0: [8556a57b-07a2-43a1-b9c0-1edf0a6afefc:192.168.5.139:40827, 1cd99ed7-c0d2-41ff-a57e-f64a137aa790:192.168.5.139:32924, c9d5e90e-0dec-4e85-b4e2-d29823632d06:192.168.5.139:43573], old=null at 0
2019-08-20 16:35:54,208 [grpc-default-executor-5] INFO  segmented.SegmentedRaftLogWorker (SegmentedRaftLogWorker.java:startLogSegment(380)) - 1cd99ed7-c0d2-41ff-a57e-f64a137aa790-SegmentedRaftLogWorker:Storage Directory /workdir/hadoop-ozone/tools/target/test-dir/MiniOzoneClusterImpl-be136bf1-c7ac-4d2e-9665-41f2df98132f/datanode-2/data/ratis/3ef051d5-cfca-45f3-b6da-b22f019aff59: Starting segment from index:0
2019-08-20 16:35:54,208 [grpc-default-executor-2] INFO  segmented.SegmentedRaftLogWorker (SegmentedRaftLogWorker.java:startLogSegment(380)) - 8556a57b-07a2-43a1-b9c0-1edf0a6afefc-SegmentedRaftLogWorker:Storage Directory /workdir/hadoop-ozone/tools/target/test-dir/MiniOzoneClusterImpl-be136bf1-c7ac-4d2e-9665-41f2df98132f/datanode-1/data/ratis/809c481f-fe15-4f84-90a9-856db2c06d82: Starting segment from index:0
2019-08-20 16:35:54,209 [grpc-default-executor-0] INFO  impl.RaftServerImpl (ServerState.java:setRaftConf(361)) - c9d5e90e-0dec-4e85-b4e2-d29823632d06:group-B22F019AFF59 set configuration 0: [8556a57b-07a2-43a1-b9c0-1edf0a6afefc:192.168.5.139:40827, 1cd99ed7-c0d2-41ff-a57e-f64a137aa790:192.168.5.139:32924, c9d5e90e-0dec-4e85-b4e2-d29823632d06:192.168.5.139:43573], old=null at 0
2019-08-20 16:35:54,209 [grpc-default-executor-0] INFO  segmented.SegmentedRaftLogWorker (SegmentedRaftLogWorker.java:startLogSegment(380)) - c9d5e90e-0dec-4e85-b4e2-d29823632d06-SegmentedRaftLogWorker:Storage Directory /workdir/hadoop-ozone/tools/target/test-dir/MiniOzoneClusterImpl-be136bf1-c7ac-4d2e-9665-41f2df98132f/datanode-0/data/ratis/3ef051d5-cfca-45f3-b6da-b22f019aff59: Starting segment from index:0
2019-08-20 16:35:54,209 [grpc-default-executor-2] INFO  impl.RaftServerImpl (ServerState.java:setRaftConf(361)) - c9d5e90e-0dec-4e85-b4e2-d29823632d06:group-856DB2C06D82 set configuration 0: [8556a57b-07a2-43a1-b9c0-1edf0a6afefc:192.168.5.139:40827, 1cd99ed7-c0d2-41ff-a57e-f64a137aa790:192.168.5.139:32924, c9d5e90e-0dec-4e85-b4e2-d29823632d06:192.168.5.139:43573], old=null at 0
2019-08-20 16:35:54,209 [Thread-280] INFO  impl.FollowerState (FollowerState.java:run(106)) - 8556a57b-07a2-43a1-b9c0-1edf0a6afefc:group-4F0E52147044 changes to CANDIDATE, lastRpcTime:5134, electionTimeout:5134ms
2019-08-20 16:35:54,209 [grpc-default-executor-2] INFO  segmented.SegmentedRaftLogWorker (SegmentedRaftLogWorker.java:startLogSegment(380)) - c9d5e90e-0dec-4e85-b4e2-d29823632d06-SegmentedRaftLogWorker:Storage Directory /workdir/hadoop-ozone/tools/target/test-dir/MiniOzoneClusterImpl-be136bf1-c7ac-4d2e-9665-41f2df98132f/datanode-0/data/ratis/809c481f-fe15-4f84-90a9-856db2c06d82: Starting segment from index:0
2019-08-20 16:35:54,209 [Thread-280] INFO  impl.RoleInfo (RoleInfo.java:shutdownFollowerState(121)) - 8556a57b-07a2-43a1-b9c0-1edf0a6afefc: shutdown FollowerState
2019-08-20 16:35:54,209 [Thread-280] INFO  impl.RaftServerImpl (RaftServerImpl.java:setRole(171)) - 8556a57b-07a2-43a1-b9c0-1edf0a6afefc:group-4F0E52147044 changes role from FOLLOWER to CANDIDATE at term 0 for changeToCandidate
2019-08-20 16:35:54,210 [Thread-280] INFO  impl.RoleInfo (RoleInfo.java:updateAndGet(143)) - 8556a57b-07a2-43a1-b9c0-1edf0a6afefc: start LeaderElection
2019-08-20 16:35:54,242 [Thread-275] INFO  impl.FollowerState (FollowerState.java:run(106)) - 8556a57b-07a2-43a1-b9c0-1edf0a6afefc:group-5305C75B78C4 changes to CANDIDATE, lastRpcTime:5175, electionTimeout:5158ms
2019-08-20 16:35:54,242 [Thread-272] INFO  impl.FollowerState (FollowerState.java:run(106)) - 1cd99ed7-c0d2-41ff-a57e-f64a137aa790:group-4F0E52147044 changes to CANDIDATE, lastRpcTime:5176, electionTimeout:5164ms
2019-08-20 16:35:54,242 [c9d5e90e-0dec-4e85-b4e2-d29823632d06:group-4F0E52147044:LeaderElection16] INFO  impl.LeaderElection (LeaderElection.java:askForVotes(181)) - c9d5e90e-0dec-4e85-b4e2-d29823632d06:group-4F0E52147044:LeaderElection16: begin an election at term 1 for -1: [8556a57b-07a2-43a1-b9c0-1edf0a6afefc:192.168.5.139:40827, 1cd99ed7-c0d2-41ff-a57e-f64a137aa790:192.168.5.139:32924, c9d5e90e-0dec-4e85-b4e2-d29823632d06:192.168.5.139:43573], old=null
2019-08-20 16:35:54,242 [1cd99ed7-c0d2-41ff-a57e-f64a137aa790:group-5305C75B78C4:LeaderElection17] INFO  impl.LeaderElection (LeaderElection.java:askForVotes(181)) - 1cd99ed7-c0d2-41ff-a57e-f64a137aa790:group-5305C75B78C4:LeaderElection17: begin an election at term 1 for -1: [8556a57b-07a2-43a1-b9c0-1edf0a6afefc:192.168.5.139:40827, 1cd99ed7-c0d2-41ff-a57e-f64a137aa790:192.168.5.139:32924, c9d5e90e-0dec-4e85-b4e2-d29823632d06:192.168.5.139:43573], old=null
2019-08-20 16:35:54,242 [Thread-275] INFO  impl.RoleInfo (RoleInfo.java:shutdownFollowerState(121)) - 8556a57b-07a2-43a1-b9c0-1edf0a6afefc: shutdown FollowerState
2019-08-20 16:35:54,242 [1cd99ed7-c0d2-41ff-a57e-f64a137aa790-SegmentedRaftLogWorker:Storage Directory /workdir/hadoop-ozone/tools/target/test-dir/MiniOzoneClusterImpl-be136bf1-c7ac-4d2e-9665-41f2df98132f/datanode-2/data/ratis/029743d7-9626-4721-8a3d-06ef8327f6e7] INFO  segmented.SegmentedRaftLogWorker (SegmentedRaftLogWorker.java:execute(569)) - 1cd99ed7-c0d2-41ff-a57e-f64a137aa790-SegmentedRaftLogWorker:Storage Directory /workdir/hadoop-ozone/tools/target/test-dir/MiniOzoneClusterImpl-be136bf1-c7ac-4d2e-9665-41f2df98132f/datanode-2/data/ratis/029743d7-9626-4721-8a3d-06ef8327f6e7: created new log segment /workdir/hadoop-ozone/tools/target/test-dir/MiniOzoneClusterImpl-be136bf1-c7ac-4d2e-9665-41f2df98132f/datanode-2/data/ratis/029743d7-9626-4721-8a3d-06ef8327f6e7/current/log_inprogress_0
2019-08-20 16:35:54,242 [8556a57b-07a2-43a1-b9c0-1edf0a6afefc-SegmentedRaftLogWorker:Storage Directory /workdir/hadoop-ozone/tools/target/test-dir/MiniOzoneClusterImpl-be136bf1-c7ac-4d2e-9665-41f2df98132f/datanode-1/data/ratis/3ef051d5-cfca-45f3-b6da-b22f019aff59] INFO  segmented.SegmentedRaftLogWorker (SegmentedRaftLogWorker.java:execute(569)) - 8556a57b-07a2-43a1-b9c0-1edf0a6afefc-SegmentedRaftLogWorker:Storage Directory /workdir/hadoop-ozone/tools/target/test-dir/MiniOzoneClusterImpl-be136bf1-c7ac-4d2e-9665-41f2df98132f/datanode-1/data/ratis/3ef051d5-cfca-45f3-b6da-b22f019aff59: created new log segment /workdir/hadoop-ozone/tools/target/test-dir/MiniOzoneClusterImpl-be136bf1-c7ac-4d2e-9665-41f2df98132f/datanode-1/data/ratis/3ef051d5-cfca-45f3-b6da-b22f019aff59/current/log_inprogress_0
2019-08-20 16:35:54,242 [1cd99ed7-c0d2-41ff-a57e-f64a137aa790-SegmentedRaftLogWorker:Storage Directory /workdir/hadoop-ozone/tools/target/test-dir/MiniOzoneClusterImpl-be136bf1-c7ac-4d2e-9665-41f2df98132f/datanode-2/data/ratis/809c481f-fe15-4f84-90a9-856db2c06d82] INFO  segmented.SegmentedRaftLogWorker (SegmentedRaftLogWorker.java:execute(569)) - 1cd99ed7-c0d2-41ff-a57e-f64a137aa790-SegmentedRaftLogWorker:Storage Directory /workdir/hadoop-ozone/tools/target/test-dir/MiniOzoneClusterImpl-be136bf1-c7ac-4d2e-9665-41f2df98132f/datanode-2/data/ratis/809c481f-fe15-4f84-90a9-856db2c06d82: created new log segment /workdir/hadoop-ozone/tools/target/test-dir/MiniOzoneClusterImpl-be136bf1-c7ac-4d2e-9665-41f2df98132f/datanode-2/data/ratis/809c481f-fe15-4f84-90a9-856db2c06d82/current/log_inprogress_0
2019-08-20 16:35:54,242 [8556a57b-07a2-43a1-b9c0-1edf0a6afefc-SegmentedRaftLogWorker:Storage Directory /workdir/hadoop-ozone/tools/target/test-dir/MiniOzoneClusterImpl-be136bf1-c7ac-4d2e-9665-41f2df98132f/datanode-1/data/ratis/029743d7-9626-4721-8a3d-06ef8327f6e7] INFO  segmented.SegmentedRaftLogWorker (SegmentedRaftLogWorker.java:execute(569)) - 8556a57b-07a2-43a1-b9c0-1edf0a6afefc-SegmentedRaftLogWorker:Storage Directory /workdir/hadoop-ozone/tools/target/test-dir/MiniOzoneClusterImpl-be136bf1-c7ac-4d2e-9665-41f2df98132f/datanode-1/data/ratis/029743d7-9626-4721-8a3d-06ef8327f6e7: created new log segment /workdir/hadoop-ozone/tools/target/test-dir/MiniOzoneClusterImpl-be136bf1-c7ac-4d2e-9665-41f2df98132f/datanode-1/data/ratis/029743d7-9626-4721-8a3d-06ef8327f6e7/current/log_inprogress_0
2019-08-20 16:35:54,242 [Thread-275] INFO  impl.RaftServerImpl (RaftServerImpl.java:setRole(171)) - 8556a57b-07a2-43a1-b9c0-1edf0a6afefc:group-5305C75B78C4 changes role from FOLLOWER to CANDIDATE at term 0 for changeToCandidate
2019-08-20 16:35:54,242 [Thread-272] INFO  impl.RoleInfo (RoleInfo.java:shutdownFollowerState(121)) - 1cd99ed7-c0d2-41ff-a57e-f64a137aa790: shutdown FollowerState
2019-08-20 16:35:54,243 [Thread-275] INFO  impl.RoleInfo (RoleInfo.java:updateAndGet(143)) - 8556a57b-07a2-43a1-b9c0-1edf0a6afefc: start LeaderElection
2019-08-20 16:35:54,243 [Thread-272] INFO  impl.RaftServerImpl (RaftServerImpl.java:setRole(171)) - 1cd99ed7-c0d2-41ff-a57e-f64a137aa790:group-4F0E52147044 changes role from FOLLOWER to CANDIDATE at term 0 for changeToCandidate
2019-08-20 16:35:54,243 [Thread-272] INFO  impl.RoleInfo (RoleInfo.java:updateAndGet(143)) - 1cd99ed7-c0d2-41ff-a57e-f64a137aa790: start LeaderElection
2019-08-20 16:35:54,244 [Thread-271] INFO  impl.FollowerState (FollowerState.java:run(106)) - c9d5e90e-0dec-4e85-b4e2-d29823632d06:group-5305C75B78C4 changes to CANDIDATE, lastRpcTime:5178, electionTimeout:5178ms
2019-08-20 16:35:54,245 [Thread-271] INFO  impl.RoleInfo (RoleInfo.java:shutdownFollowerState(121)) - c9d5e90e-0dec-4e85-b4e2-d29823632d06: shutdown FollowerState
2019-08-20 16:35:54,245 [Thread-271] INFO  impl.RaftServerImpl (RaftServerImpl.java:setRole(171)) - c9d5e90e-0dec-4e85-b4e2-d29823632d06:group-5305C75B78C4 changes role from FOLLOWER to CANDIDATE at term 0 for changeToCandidate
2019-08-20 16:35:54,246 [Thread-271] INFO  impl.RoleInfo (RoleInfo.java:updateAndGet(143)) - c9d5e90e-0dec-4e85-b4e2-d29823632d06: start LeaderElection
2019-08-20 16:35:54,268 [c9d5e90e-0dec-4e85-b4e2-d29823632d06-SegmentedRaftLogWorker:Storage Directory /workdir/hadoop-ozone/tools/target/test-dir/MiniOzoneClusterImpl-be136bf1-c7ac-4d2e-9665-41f2df98132f/datanode-0/data/ratis/809c481f-fe15-4f84-90a9-856db2c06d82] INFO  segmented.SegmentedRaftLogWorker (SegmentedRaftLogWorker.java:execute(569)) - c9d5e90e-0dec-4e85-b4e2-d29823632d06-SegmentedRaftLogWorker:Storage Directory /workdir/hadoop-ozone/tools/target/test-dir/MiniOzoneClusterImpl-be136bf1-c7ac-4d2e-9665-41f2df98132f/datanode-0/data/ratis/809c481f-fe15-4f84-90a9-856db2c06d82: created new log segment /workdir/hadoop-ozone/tools/target/test-dir/MiniOzoneClusterImpl-be136bf1-c7ac-4d2e-9665-41f2df98132f/datanode-0/data/ratis/809c481f-fe15-4f84-90a9-856db2c06d82/current/log_inprogress_0
2019-08-20 16:35:54,268 [8556a57b-07a2-43a1-b9c0-1edf0a6afefc-SegmentedRaftLogWorker:Storage Directory /workdir/hadoop-ozone/tools/target/test-dir/MiniOzoneClusterImpl-be136bf1-c7ac-4d2e-9665-41f2df98132f/datanode-1/data/ratis/809c481f-fe15-4f84-90a9-856db2c06d82] INFO  segmented.SegmentedRaftLogWorker (SegmentedRaftLogWorker.java:execute(569)) - 8556a57b-07a2-43a1-b9c0-1edf0a6afefc-SegmentedRaftLogWorker:Storage Directory /workdir/hadoop-ozone/tools/target/test-dir/MiniOzoneClusterImpl-be136bf1-c7ac-4d2e-9665-41f2df98132f/datanode-1/data/ratis/809c481f-fe15-4f84-90a9-856db2c06d82: created new log segment /workdir/hadoop-ozone/tools/target/test-dir/MiniOzoneClusterImpl-be136bf1-c7ac-4d2e-9665-41f2df98132f/datanode-1/data/ratis/809c481f-fe15-4f84-90a9-856db2c06d82/current/log_inprogress_0
2019-08-20 16:35:54,268 [8556a57b-07a2-43a1-b9c0-1edf0a6afefc:group-4F0E52147044:LeaderElection18] INFO  impl.LeaderElection (LeaderElection.java:askForVotes(181)) - 8556a57b-07a2-43a1-b9c0-1edf0a6afefc:group-4F0E52147044:LeaderElection18: begin an election at term 1 for -1: [8556a57b-07a2-43a1-b9c0-1edf0a6afefc:192.168.5.139:40827, 1cd99ed7-c0d2-41ff-a57e-f64a137aa790:192.168.5.139:32924, c9d5e90e-0dec-4e85-b4e2-d29823632d06:192.168.5.139:43573], old=null
2019-08-20 16:35:54,268 [c9d5e90e-0dec-4e85-b4e2-d29823632d06:group-5305C75B78C4:LeaderElection21] INFO  impl.LeaderElection (LeaderElection.java:askForVotes(181)) - c9d5e90e-0dec-4e85-b4e2-d29823632d06:group-5305C75B78C4:LeaderElection21: begin an election at term 1 for -1: [8556a57b-07a2-43a1-b9c0-1edf0a6afefc:192.168.5.139:40827, 1cd99ed7-c0d2-41ff-a57e-f64a137aa790:192.168.5.139:32924, c9d5e90e-0dec-4e85-b4e2-d29823632d06:192.168.5.139:43573], old=null
2019-08-20 16:35:54,268 [c9d5e90e-0dec-4e85-b4e2-d29823632d06-SegmentedRaftLogWorker:Storage Directory /workdir/hadoop-ozone/tools/target/test-dir/MiniOzoneClusterImpl-be136bf1-c7ac-4d2e-9665-41f2df98132f/datanode-0/data/ratis/3ef051d5-cfca-45f3-b6da-b22f019aff59] INFO  segmented.SegmentedRaftLogWorker (SegmentedRaftLogWorker.java:execute(569)) - c9d5e90e-0dec-4e85-b4e2-d29823632d06-SegmentedRaftLogWorker:Storage Directory /workdir/hadoop-ozone/tools/target/test-dir/MiniOzoneClusterImpl-be136bf1-c7ac-4d2e-9665-41f2df98132f/datanode-0/data/ratis/3ef051d5-cfca-45f3-b6da-b22f019aff59: created new log segment /workdir/hadoop-ozone/tools/target/test-dir/MiniOzoneClusterImpl-be136bf1-c7ac-4d2e-9665-41f2df98132f/datanode-0/data/ratis/3ef051d5-cfca-45f3-b6da-b22f019aff59/current/log_inprogress_0
2019-08-20 16:35:54,268 [1cd99ed7-c0d2-41ff-a57e-f64a137aa790-SegmentedRaftLogWorker:Storage Directory /workdir/hadoop-ozone/tools/target/test-dir/MiniOzoneClusterImpl-be136bf1-c7ac-4d2e-9665-41f2df98132f/datanode-2/data/ratis/3ef051d5-cfca-45f3-b6da-b22f019aff59] INFO  segmented.SegmentedRaftLogWorker (SegmentedRaftLogWorker.java:execute(569)) - 1cd99ed7-c0d2-41ff-a57e-f64a137aa790-SegmentedRaftLogWorker:Storage Directory /workdir/hadoop-ozone/tools/target/test-dir/MiniOzoneClusterImpl-be136bf1-c7ac-4d2e-9665-41f2df98132f/datanode-2/data/ratis/3ef051d5-cfca-45f3-b6da-b22f019aff59: created new log segment /workdir/hadoop-ozone/tools/target/test-dir/MiniOzoneClusterImpl-be136bf1-c7ac-4d2e-9665-41f2df98132f/datanode-2/data/ratis/3ef051d5-cfca-45f3-b6da-b22f019aff59/current/log_inprogress_0
2019-08-20 16:35:54,269 [8556a57b-07a2-43a1-b9c0-1edf0a6afefc:group-5305C75B78C4:LeaderElection19] INFO  impl.LeaderElection (LeaderElection.java:askForVotes(181)) - 8556a57b-07a2-43a1-b9c0-1edf0a6afefc:group-5305C75B78C4:LeaderElection19: begin an election at term 1 for -1: [8556a57b-07a2-43a1-b9c0-1edf0a6afefc:192.168.5.139:40827, 1cd99ed7-c0d2-41ff-a57e-f64a137aa790:192.168.5.139:32924, c9d5e90e-0dec-4e85-b4e2-d29823632d06:192.168.5.139:43573], old=null
2019-08-20 16:35:54,269 [1cd99ed7-c0d2-41ff-a57e-f64a137aa790:group-4F0E52147044:LeaderElection20] INFO  impl.LeaderElection (LeaderElection.java:askForVotes(181)) - 1cd99ed7-c0d2-41ff-a57e-f64a137aa790:group-4F0E52147044:LeaderElection20: begin an election at term 1 for -1: [8556a57b-07a2-43a1-b9c0-1edf0a6afefc:192.168.5.139:40827, 1cd99ed7-c0d2-41ff-a57e-f64a137aa790:192.168.5.139:32924, c9d5e90e-0dec-4e85-b4e2-d29823632d06:192.168.5.139:43573], old=null
2019-08-20 16:35:54,272 [c9d5e90e-0dec-4e85-b4e2-d29823632d06:group-4F0E52147044:LeaderElection16] INFO  impl.LeaderElection (LeaderElection.java:logAndReturn(56)) - c9d5e90e-0dec-4e85-b4e2-d29823632d06:group-4F0E52147044:LeaderElection16: Election REJECTED; received 2 response(s) [c9d5e90e-0dec-4e85-b4e2-d29823632d06<-8556a57b-07a2-43a1-b9c0-1edf0a6afefc#0:FAIL-t1, c9d5e90e-0dec-4e85-b4e2-d29823632d06<-1cd99ed7-c0d2-41ff-a57e-f64a137aa790#0:FAIL-t1] and 0 exception(s); c9d5e90e-0dec-4e85-b4e2-d29823632d06:t1, leader=null, voted=c9d5e90e-0dec-4e85-b4e2-d29823632d06, raftlog=c9d5e90e-0dec-4e85-b4e2-d29823632d06-SegmentedRaftLog:OPENED:c-1,f-1,i0, conf=-1: [8556a57b-07a2-43a1-b9c0-1edf0a6afefc:192.168.5.139:40827, 1cd99ed7-c0d2-41ff-a57e-f64a137aa790:192.168.5.139:32924, c9d5e90e-0dec-4e85-b4e2-d29823632d06:192.168.5.139:43573], old=null
2019-08-20 16:35:54,272 [1cd99ed7-c0d2-41ff-a57e-f64a137aa790:group-5305C75B78C4:LeaderElection17] INFO  impl.LeaderElection (LeaderElection.java:logAndReturn(56)) - 1cd99ed7-c0d2-41ff-a57e-f64a137aa790:group-5305C75B78C4:LeaderElection17: Election REJECTED; received 2 response(s) [1cd99ed7-c0d2-41ff-a57e-f64a137aa790<-8556a57b-07a2-43a1-b9c0-1edf0a6afefc#0:FAIL-t1, 1cd99ed7-c0d2-41ff-a57e-f64a137aa790<-c9d5e90e-0dec-4e85-b4e2-d29823632d06#0:FAIL-t1] and 0 exception(s); 1cd99ed7-c0d2-41ff-a57e-f64a137aa790:t1, leader=null, voted=1cd99ed7-c0d2-41ff-a57e-f64a137aa790, raftlog=1cd99ed7-c0d2-41ff-a57e-f64a137aa790-SegmentedRaftLog:OPENED:c-1,f-1,i0, conf=-1: [8556a57b-07a2-43a1-b9c0-1edf0a6afefc:192.168.5.139:40827, 1cd99ed7-c0d2-41ff-a57e-f64a137aa790:192.168.5.139:32924, c9d5e90e-0dec-4e85-b4e2-d29823632d06:192.168.5.139:43573], old=null
2019-08-20 16:35:54,273 [c9d5e90e-0dec-4e85-b4e2-d29823632d06:group-4F0E52147044:LeaderElection16] INFO  impl.RaftServerImpl (RaftServerImpl.java:setRole(171)) - c9d5e90e-0dec-4e85-b4e2-d29823632d06:group-4F0E52147044 changes role from CANDIDATE to FOLLOWER at term 1 for DISCOVERED_A_NEW_TERM
2019-08-20 16:35:54,273 [1cd99ed7-c0d2-41ff-a57e-f64a137aa790:group-5305C75B78C4:LeaderElection17] INFO  impl.RaftServerImpl (RaftServerImpl.java:setRole(171)) - 1cd99ed7-c0d2-41ff-a57e-f64a137aa790:group-5305C75B78C4 changes role from CANDIDATE to FOLLOWER at term 1 for DISCOVERED_A_NEW_TERM
2019-08-20 16:35:54,273 [c9d5e90e-0dec-4e85-b4e2-d29823632d06:group-4F0E52147044:LeaderElection16] INFO  impl.RoleInfo (RoleInfo.java:shutdownLeaderElection(134)) - c9d5e90e-0dec-4e85-b4e2-d29823632d06: shutdown LeaderElection
2019-08-20 16:35:54,273 [1cd99ed7-c0d2-41ff-a57e-f64a137aa790:group-5305C75B78C4:LeaderElection17] INFO  impl.RoleInfo (RoleInfo.java:shutdownLeaderElection(134)) - 1cd99ed7-c0d2-41ff-a57e-f64a137aa790: shutdown LeaderElection
2019-08-20 16:35:54,273 [c9d5e90e-0dec-4e85-b4e2-d29823632d06:group-4F0E52147044:LeaderElection16] INFO  impl.RoleInfo (RoleInfo.java:updateAndGet(143)) - c9d5e90e-0dec-4e85-b4e2-d29823632d06: start FollowerState
2019-08-20 16:35:54,273 [1cd99ed7-c0d2-41ff-a57e-f64a137aa790:group-5305C75B78C4:LeaderElection17] INFO  impl.RoleInfo (RoleInfo.java:updateAndGet(143)) - 1cd99ed7-c0d2-41ff-a57e-f64a137aa790: start FollowerState
2019-08-20 16:35:54,277 [1cd99ed7-c0d2-41ff-a57e-f64a137aa790:group-4F0E52147044:LeaderElection20] INFO  impl.LeaderElection (LeaderElection.java:logAndReturn(56)) - 1cd99ed7-c0d2-41ff-a57e-f64a137aa790:group-4F0E52147044:LeaderElection20: Election REJECTED; received 2 response(s) [1cd99ed7-c0d2-41ff-a57e-f64a137aa790<-8556a57b-07a2-43a1-b9c0-1edf0a6afefc#0:FAIL-t1, 1cd99ed7-c0d2-41ff-a57e-f64a137aa790<-c9d5e90e-0dec-4e85-b4e2-d29823632d06#0:FAIL-t1] and 0 exception(s); 1cd99ed7-c0d2-41ff-a57e-f64a137aa790:t1, leader=null, voted=1cd99ed7-c0d2-41ff-a57e-f64a137aa790, raftlog=1cd99ed7-c0d2-41ff-a57e-f64a137aa790-SegmentedRaftLog:OPENED:c-1,f-1,i0, conf=-1: [8556a57b-07a2-43a1-b9c0-1edf0a6afefc:192.168.5.139:40827, 1cd99ed7-c0d2-41ff-a57e-f64a137aa790:192.168.5.139:32924, c9d5e90e-0dec-4e85-b4e2-d29823632d06:192.168.5.139:43573], old=null
2019-08-20 16:35:54,277 [1cd99ed7-c0d2-41ff-a57e-f64a137aa790:group-4F0E52147044:LeaderElection20] INFO  impl.RaftServerImpl (RaftServerImpl.java:setRole(171)) - 1cd99ed7-c0d2-41ff-a57e-f64a137aa790:group-4F0E52147044 changes role from CANDIDATE to FOLLOWER at term 1 for DISCOVERED_A_NEW_TERM
2019-08-20 16:35:54,277 [1cd99ed7-c0d2-41ff-a57e-f64a137aa790:group-4F0E52147044:LeaderElection20] INFO  impl.RoleInfo (RoleInfo.java:shutdownLeaderElection(134)) - 1cd99ed7-c0d2-41ff-a57e-f64a137aa790: shutdown LeaderElection
2019-08-20 16:35:54,277 [1cd99ed7-c0d2-41ff-a57e-f64a137aa790:group-4F0E52147044:LeaderElection20] INFO  impl.RoleInfo (RoleInfo.java:updateAndGet(143)) - 1cd99ed7-c0d2-41ff-a57e-f64a137aa790: start FollowerState
2019-08-20 16:35:54,279 [8556a57b-07a2-43a1-b9c0-1edf0a6afefc:group-5305C75B78C4:LeaderElection19] INFO  impl.LeaderElection (LeaderElection.java:logAndReturn(56)) - 8556a57b-07a2-43a1-b9c0-1edf0a6afefc:group-5305C75B78C4:LeaderElection19: Election REJECTED; received 2 response(s) [8556a57b-07a2-43a1-b9c0-1edf0a6afefc<-1cd99ed7-c0d2-41ff-a57e-f64a137aa790#0:FAIL-t1, 8556a57b-07a2-43a1-b9c0-1edf0a6afefc<-c9d5e90e-0dec-4e85-b4e2-d29823632d06#0:FAIL-t1] and 0 exception(s); 8556a57b-07a2-43a1-b9c0-1edf0a6afefc:t1, leader=null, voted=8556a57b-07a2-43a1-b9c0-1edf0a6afefc, raftlog=8556a57b-07a2-43a1-b9c0-1edf0a6afefc-SegmentedRaftLog:OPENED:c-1,f-1,i0, conf=-1: [8556a57b-07a2-43a1-b9c0-1edf0a6afefc:192.168.5.139:40827, 1cd99ed7-c0d2-41ff-a57e-f64a137aa790:192.168.5.139:32924, c9d5e90e-0dec-4e85-b4e2-d29823632d06:192.168.5.139:43573], old=null
2019-08-20 16:35:54,279 [8556a57b-07a2-43a1-b9c0-1edf0a6afefc:group-5305C75B78C4:LeaderElection19] INFO  impl.RaftServerImpl (RaftServerImpl.java:setRole(171)) - 8556a57b-07a2-43a1-b9c0-1edf0a6afefc:group-5305C75B78C4 changes role from CANDIDATE to FOLLOWER at term 1 for DISCOVERED_A_NEW_TERM
2019-08-20 16:35:54,279 [8556a57b-07a2-43a1-b9c0-1edf0a6afefc:group-5305C75B78C4:LeaderElection19] INFO  impl.RoleInfo (RoleInfo.java:shutdownLeaderElection(134)) - 8556a57b-07a2-43a1-b9c0-1edf0a6afefc: shutdown LeaderElection
2019-08-20 16:35:54,283 [8556a57b-07a2-43a1-b9c0-1edf0a6afefc:group-5305C75B78C4:LeaderElection19] INFO  impl.RoleInfo (RoleInfo.java:updateAndGet(143)) - 8556a57b-07a2-43a1-b9c0-1edf0a6afefc: start FollowerState
2019-08-20 16:35:54,284 [c9d5e90e-0dec-4e85-b4e2-d29823632d06:group-5305C75B78C4:LeaderElection21] INFO  impl.LeaderElection (LeaderElection.java:logAndReturn(56)) - c9d5e90e-0dec-4e85-b4e2-d29823632d06:group-5305C75B78C4:LeaderElection21: Election REJECTED; received 2 response(s) [c9d5e90e-0dec-4e85-b4e2-d29823632d06<-8556a57b-07a2-43a1-b9c0-1edf0a6afefc#0:FAIL-t1, c9d5e90e-0dec-4e85-b4e2-d29823632d06<-1cd99ed7-c0d2-41ff-a57e-f64a137aa790#0:FAIL-t1] and 0 exception(s); c9d5e90e-0dec-4e85-b4e2-d29823632d06:t1, leader=null, voted=c9d5e90e-0dec-4e85-b4e2-d29823632d06, raftlog=c9d5e90e-0dec-4e85-b4e2-d29823632d06-SegmentedRaftLog:OPENED:c-1,f-1,i0, conf=-1: [8556a57b-07a2-43a1-b9c0-1edf0a6afefc:192.168.5.139:40827, 1cd99ed7-c0d2-41ff-a57e-f64a137aa790:192.168.5.139:32924, c9d5e90e-0dec-4e85-b4e2-d29823632d06:192.168.5.139:43573], old=null
2019-08-20 16:35:54,284 [c9d5e90e-0dec-4e85-b4e2-d29823632d06:group-5305C75B78C4:LeaderElection21] INFO  impl.RaftServerImpl (RaftServerImpl.java:setRole(171)) - c9d5e90e-0dec-4e85-b4e2-d29823632d06:group-5305C75B78C4 changes role from CANDIDATE to FOLLOWER at term 1 for DISCOVERED_A_NEW_TERM
2019-08-20 16:35:54,285 [c9d5e90e-0dec-4e85-b4e2-d29823632d06:group-5305C75B78C4:LeaderElection21] INFO  impl.RoleInfo (RoleInfo.java:shutdownLeaderElection(134)) - c9d5e90e-0dec-4e85-b4e2-d29823632d06: shutdown LeaderElection
2019-08-20 16:35:54,285 [8556a57b-07a2-43a1-b9c0-1edf0a6afefc:group-4F0E52147044:LeaderElection18] INFO  impl.LeaderElection (LeaderElection.java:logAndReturn(56)) - 8556a57b-07a2-43a1-b9c0-1edf0a6afefc:group-4F0E52147044:LeaderElection18: Election REJECTED; received 2 response(s) [8556a57b-07a2-43a1-b9c0-1edf0a6afefc<-1cd99ed7-c0d2-41ff-a57e-f64a137aa790#0:FAIL-t1, 8556a57b-07a2-43a1-b9c0-1edf0a6afefc<-c9d5e90e-0dec-4e85-b4e2-d29823632d06#0:FAIL-t1] and 0 exception(s); 8556a57b-07a2-43a1-b9c0-1edf0a6afefc:t1, leader=null, voted=8556a57b-07a2-43a1-b9c0-1edf0a6afefc, raftlog=8556a57b-07a2-43a1-b9c0-1edf0a6afefc-SegmentedRaftLog:OPENED:c-1,f-1,i0, conf=-1: [8556a57b-07a2-43a1-b9c0-1edf0a6afefc:192.168.5.139:40827, 1cd99ed7-c0d2-41ff-a57e-f64a137aa790:192.168.5.139:32924, c9d5e90e-0dec-4e85-b4e2-d29823632d06:192.168.5.139:43573], old=null
2019-08-20 16:35:54,285 [c9d5e90e-0dec-4e85-b4e2-d29823632d06:group-5305C75B78C4:LeaderElection21] INFO  impl.RoleInfo (RoleInfo.java:updateAndGet(143)) - c9d5e90e-0dec-4e85-b4e2-d29823632d06: start FollowerState
2019-08-20 16:35:54,285 [8556a57b-07a2-43a1-b9c0-1edf0a6afefc:group-4F0E52147044:LeaderElection18] INFO  impl.RaftServerImpl (RaftServerImpl.java:setRole(171)) - 8556a57b-07a2-43a1-b9c0-1edf0a6afefc:group-4F0E52147044 changes role from CANDIDATE to FOLLOWER at term 1 for DISCOVERED_A_NEW_TERM
2019-08-20 16:35:54,285 [8556a57b-07a2-43a1-b9c0-1edf0a6afefc:group-4F0E52147044:LeaderElection18] INFO  impl.RoleInfo (RoleInfo.java:shutdownLeaderElection(134)) - 8556a57b-07a2-43a1-b9c0-1edf0a6afefc: shutdown LeaderElection
2019-08-20 16:35:54,285 [8556a57b-07a2-43a1-b9c0-1edf0a6afefc:group-4F0E52147044:LeaderElection18] INFO  impl.RoleInfo (RoleInfo.java:updateAndGet(143)) - 8556a57b-07a2-43a1-b9c0-1edf0a6afefc: start FollowerState
2019-08-20 16:35:54,479 | INFO  | SCMAudit | user=jenkins1000 | ip=192.168.5.139 | op=SEND_HEARTBEAT {datanodeUUID=c9d5e90e-0dec-4e85-b4e2-d29823632d06, command=[]} | ret=SUCCESS |  
2019-08-20 16:35:54,721 | INFO  | SCMAudit | user=jenkins1000 | ip=192.168.5.139 | op=SEND_HEARTBEAT {datanodeUUID=8556a57b-07a2-43a1-b9c0-1edf0a6afefc, command=[]} | ret=SUCCESS |  
2019-08-20 16:35:54,949 | INFO  | SCMAudit | user=jenkins1000 | ip=192.168.5.139 | op=SEND_HEARTBEAT {datanodeUUID=1cd99ed7-c0d2-41ff-a57e-f64a137aa790, command=[]} | ret=SUCCESS |  
2019-08-20 16:35:55,480 | INFO  | SCMAudit | user=jenkins1000 | ip=192.168.5.139 | op=SEND_HEARTBEAT {datanodeUUID=c9d5e90e-0dec-4e85-b4e2-d29823632d06, command=[]} | ret=SUCCESS |  
2019-08-20 16:35:55,720 | INFO  | SCMAudit | user=jenkins1000 | ip=192.168.5.139 | op=SEND_HEARTBEAT {datanodeUUID=8556a57b-07a2-43a1-b9c0-1edf0a6afefc, command=[]} | ret=SUCCESS |  
2019-08-20 16:35:55,950 | INFO  | SCMAudit | user=jenkins1000 | ip=192.168.5.139 | op=SEND_HEARTBEAT {datanodeUUID=1cd99ed7-c0d2-41ff-a57e-f64a137aa790, command=[]} | ret=SUCCESS |  
2019-08-20 16:35:56,482 | INFO  | SCMAudit | user=jenkins1000 | ip=192.168.5.139 | op=SEND_HEARTBEAT {datanodeUUID=c9d5e90e-0dec-4e85-b4e2-d29823632d06, command=[]} | ret=SUCCESS |  
2019-08-20 16:35:56,721 | INFO  | SCMAudit | user=jenkins1000 | ip=192.168.5.139 | op=SEND_HEARTBEAT {datanodeUUID=8556a57b-07a2-43a1-b9c0-1edf0a6afefc, command=[]} | ret=SUCCESS |  
2019-08-20 16:35:56,950 | INFO  | SCMAudit | user=jenkins1000 | ip=192.168.5.139 | op=SEND_HEARTBEAT {datanodeUUID=1cd99ed7-c0d2-41ff-a57e-f64a137aa790, command=[]} | ret=SUCCESS |  
2019-08-20 16:35:57,479 | INFO  | SCMAudit | user=jenkins1000 | ip=192.168.5.139 | op=SEND_HEARTBEAT {datanodeUUID=c9d5e90e-0dec-4e85-b4e2-d29823632d06, command=[]} | ret=SUCCESS |  
2019-08-20 16:35:57,721 | INFO  | SCMAudit | user=jenkins1000 | ip=192.168.5.139 | op=SEND_HEARTBEAT {datanodeUUID=8556a57b-07a2-43a1-b9c0-1edf0a6afefc, command=[]} | ret=SUCCESS |  
2019-08-20 16:35:57,951 | INFO  | SCMAudit | user=jenkins1000 | ip=192.168.5.139 | op=SEND_HEARTBEAT {datanodeUUID=1cd99ed7-c0d2-41ff-a57e-f64a137aa790, command=[]} | ret=SUCCESS |  
]]></system-out>
    <system-err><![CDATA[Aug 20, 2019 4:35:16 PM com.sun.jersey.server.impl.application.WebApplicationImpl _initiate
INFO: Initiating Jersey application, version 'Jersey: 1.19 02/11/2015 03:25 AM'
Aug 20, 2019 4:35:17 PM com.sun.jersey.server.impl.application.WebApplicationImpl _initiate
INFO: Initiating Jersey application, version 'Jersey: 1.19 02/11/2015 03:25 AM'
Aug 20, 2019 4:35:17 PM com.sun.jersey.server.impl.application.WebApplicationImpl _initiate
INFO: Initiating Jersey application, version 'Jersey: 1.19 02/11/2015 03:25 AM'
]]></system-err>
  </testcase>
</testsuite>