<?xml version="1.0" encoding="UTF-8"?>
<testsuite xmlns:xsi="http://www.w3.org/2001/XMLSchema-instance" xsi:noNamespaceSchemaLocation="https://maven.apache.org/surefire/maven-surefire-plugin/xsd/surefire-test-report.xsd" name="org.apache.hadoop.ozone.client.rpc.TestMultiBlockWritesWithDnFailures" time="20.532" tests="1" errors="1" skipped="0" failures="0">
  <properties>
    <property name="awt.toolkit" value="sun.awt.X11.XToolkit"/>
    <property name="file.encoding.pkg" value="sun.io"/>
    <property name="java.specification.version" value="1.8"/>
    <property name="sun.cpu.isalist" value=""/>
    <property name="sun.jnu.encoding" value="UTF-8"/>
    <property name="java.class.path" value="/workdir/hadoop-ozone/integration-test/target/test-classes:/workdir/hadoop-ozone/integration-test/target/classes:/home/user/.m2/repository/org/apache/hadoop/hadoop-ozone-common/0.4.1-SNAPSHOT/hadoop-ozone-common-0.4.1-SNAPSHOT.jar:/home/user/.m2/repository/org/apache/commons/commons-compress/1.4.1/commons-compress-1.4.1.jar:/home/user/.m2/repository/org/tukaani/xz/1.0/xz-1.0.jar:/home/user/.m2/repository/org/apache/hadoop/hadoop-common/3.2.0/hadoop-common-3.2.0.jar:/home/user/.m2/repository/org/apache/hadoop/hadoop-hdfs/3.2.0/hadoop-hdfs-3.2.0.jar:/home/user/.m2/repository/org/apache/hadoop/hadoop-hdfs-client/3.2.0/hadoop-hdfs-client-3.2.0.jar:/home/user/.m2/repository/com/fasterxml/jackson/core/jackson-annotations/2.9.5/jackson-annotations-2.9.5.jar:/home/user/.m2/repository/org/apache/hadoop/hadoop-hdds-common/0.4.1-SNAPSHOT/hadoop-hdds-common-0.4.1-SNAPSHOT.jar:/home/user/.m2/repository/javax/annotation/javax.annotation-api/1.2/javax.annotation-api-1.2.jar:/home/user/.m2/repository/org/apache/ratis/ratis-server/0.4.0-2337318-SNAPSHOT/ratis-server-0.4.0-2337318-SNAPSHOT.jar:/home/user/.m2/repository/org/apache/ratis/ratis-thirdparty-misc/0.2.0/ratis-thirdparty-misc-0.2.0.jar:/home/user/.m2/repository/org/apache/ratis/ratis-proto/0.4.0-2337318-SNAPSHOT/ratis-proto-0.4.0-2337318-SNAPSHOT.jar:/home/user/.m2/repository/org/apache/ratis/ratis-common/0.4.0-2337318-SNAPSHOT/ratis-common-0.4.0-2337318-SNAPSHOT.jar:/home/user/.m2/repository/org/apache/ratis/ratis-client/0.4.0-2337318-SNAPSHOT/ratis-client-0.4.0-2337318-SNAPSHOT.jar:/home/user/.m2/repository/org/apache/ratis/ratis-metrics/0.4.0-2337318-SNAPSHOT/ratis-metrics-0.4.0-2337318-SNAPSHOT.jar:/home/user/.m2/repository/org/apache/ratis/ratis-netty/0.4.0-2337318-SNAPSHOT/ratis-netty-0.4.0-2337318-SNAPSHOT.jar:/home/user/.m2/repository/org/apache/ratis/ratis-grpc/0.4.0-2337318-SNAPSHOT/ratis-grpc-0.4.0-2337318-SNAPSHOT.jar:/home/user/.m2/repository/org/rocksdb/rocksdbjni/6.0.1/rocksdbjni-6.0.1.jar:/home/user/.m2/repository/org/apache/logging/log4j/log4j-api/2.11.0/log4j-api-2.11.0.jar:/home/user/.m2/repository/org/apache/logging/log4j/log4j-core/2.11.0/log4j-core-2.11.0.jar:/home/user/.m2/repository/com/lmax/disruptor/3.4.2/disruptor-3.4.2.jar:/home/user/.m2/repository/org/apache/commons/commons-pool2/2.6.0/commons-pool2-2.6.0.jar:/home/user/.m2/repository/org/bouncycastle/bcpkix-jdk15on/1.60/bcpkix-jdk15on-1.60.jar:/home/user/.m2/repository/commons-validator/commons-validator/1.6/commons-validator-1.6.jar:/home/user/.m2/repository/commons-digester/commons-digester/1.8.1/commons-digester-1.8.1.jar:/home/user/.m2/repository/io/jaegertracing/jaeger-client/0.33.1/jaeger-client-0.33.1.jar:/home/user/.m2/repository/io/jaegertracing/jaeger-thrift/0.33.1/jaeger-thrift-0.33.1.jar:/home/user/.m2/repository/org/apache/thrift/libthrift/0.11.0/libthrift-0.11.0.jar:/home/user/.m2/repository/com/squareup/okhttp3/okhttp/3.9.0/okhttp-3.9.0.jar:/home/user/.m2/repository/com/squareup/okio/okio/1.13.0/okio-1.13.0.jar:/home/user/.m2/repository/io/jaegertracing/jaeger-core/0.33.1/jaeger-core-0.33.1.jar:/home/user/.m2/repository/io/jaegertracing/jaeger-tracerresolver/0.33.1/jaeger-tracerresolver-0.33.1.jar:/home/user/.m2/repository/io/opentracing/contrib/opentracing-tracerresolver/0.1.5/opentracing-tracerresolver-0.1.5.jar:/home/user/.m2/repository/io/opentracing/opentracing-util/0.31.0/opentracing-util-0.31.0.jar:/home/user/.m2/repository/io/opentracing/opentracing-api/0.31.0/opentracing-api-0.31.0.jar:/home/user/.m2/repository/io/opentracing/opentracing-noop/0.31.0/opentracing-noop-0.31.0.jar:/home/user/.m2/repository/org/apache/hadoop/hadoop-hdds-server-framework/0.4.1-SNAPSHOT/hadoop-hdds-server-framework-0.4.1-SNAPSHOT.jar:/home/user/.m2/repository/org/apache/hadoop/hadoop-hdds-container-service/0.4.1-SNAPSHOT/hadoop-hdds-container-service-0.4.1-SNAPSHOT.jar:/home/user/.m2/repository/org/apache/hadoop/hadoop-hdds-client/0.4.1-SNAPSHOT/hadoop-hdds-client-0.4.1-SNAPSHOT.jar:/home/user/.m2/repository/org/apache/hadoop/hadoop-hdds-tools/0.4.1-SNAPSHOT/hadoop-hdds-tools-0.4.1-SNAPSHOT.jar:/home/user/.m2/repository/org/apache/hadoop/hadoop-hdds-server-scm/0.4.1-SNAPSHOT/hadoop-hdds-server-scm-0.4.1-SNAPSHOT.jar:/home/user/.m2/repository/org/apache/hadoop/hadoop-hdds-docs/0.4.1-SNAPSHOT/hadoop-hdds-docs-0.4.1-SNAPSHOT.jar:/home/user/.m2/repository/io/dropwizard/metrics/metrics-core/3.2.4/metrics-core-3.2.4.jar:/home/user/.m2/repository/org/hamcrest/hamcrest-all/1.3/hamcrest-all-1.3.jar:/home/user/.m2/repository/org/bouncycastle/bcprov-jdk15on/1.60/bcprov-jdk15on-1.60.jar:/home/user/.m2/repository/info/picocli/picocli/3.9.6/picocli-3.9.6.jar:/home/user/.m2/repository/com/google/protobuf/protobuf-java/2.5.0/protobuf-java-2.5.0.jar:/home/user/.m2/repository/com/google/guava/guava/11.0.2/guava-11.0.2.jar:/home/user/.m2/repository/org/apache/hadoop/hadoop-ozone-ozone-manager/0.4.1-SNAPSHOT/hadoop-ozone-ozone-manager-0.4.1-SNAPSHOT.jar:/home/user/.m2/repository/org/apache/hadoop/hadoop-minikdc/3.2.0/hadoop-minikdc-3.2.0.jar:/home/user/.m2/repository/commons-io/commons-io/2.5/commons-io-2.5.jar:/home/user/.m2/repository/org/apache/kerby/kerb-simplekdc/1.0.1/kerb-simplekdc-1.0.1.jar:/home/user/.m2/repository/org/apache/kerby/kerb-client/1.0.1/kerb-client-1.0.1.jar:/home/user/.m2/repository/org/apache/kerby/kerby-config/1.0.1/kerby-config-1.0.1.jar:/home/user/.m2/repository/org/apache/kerby/kerb-core/1.0.1/kerb-core-1.0.1.jar:/home/user/.m2/repository/org/apache/kerby/kerby-pkix/1.0.1/kerby-pkix-1.0.1.jar:/home/user/.m2/repository/org/apache/kerby/kerby-asn1/1.0.1/kerby-asn1-1.0.1.jar:/home/user/.m2/repository/org/apache/kerby/kerby-util/1.0.1/kerby-util-1.0.1.jar:/home/user/.m2/repository/org/apache/kerby/kerb-common/1.0.1/kerb-common-1.0.1.jar:/home/user/.m2/repository/org/apache/kerby/kerb-crypto/1.0.1/kerb-crypto-1.0.1.jar:/home/user/.m2/repository/org/apache/kerby/kerb-util/1.0.1/kerb-util-1.0.1.jar:/home/user/.m2/repository/org/apache/kerby/token-provider/1.0.1/token-provider-1.0.1.jar:/home/user/.m2/repository/org/apache/kerby/kerb-admin/1.0.1/kerb-admin-1.0.1.jar:/home/user/.m2/repository/org/apache/kerby/kerb-server/1.0.1/kerb-server-1.0.1.jar:/home/user/.m2/repository/org/apache/kerby/kerb-identity/1.0.1/kerb-identity-1.0.1.jar:/home/user/.m2/repository/org/apache/kerby/kerby-xdr/1.0.1/kerby-xdr-1.0.1.jar:/home/user/.m2/repository/org/slf4j/slf4j-log4j12/1.7.25/slf4j-log4j12-1.7.25.jar:/home/user/.m2/repository/org/apache/hadoop/hadoop-ozone-objectstore-service/0.4.1-SNAPSHOT/hadoop-ozone-objectstore-service-0.4.1-SNAPSHOT.jar:/home/user/.m2/repository/org/apache/hadoop/hadoop-ozone-s3gateway/0.4.1-SNAPSHOT/hadoop-ozone-s3gateway-0.4.1-SNAPSHOT.jar:/home/user/.m2/repository/org/jboss/weld/servlet/weld-servlet/2.4.7.Final/weld-servlet-2.4.7.Final.jar:/home/user/.m2/repository/org/glassfish/jersey/containers/jersey-container-servlet-core/2.27/jersey-container-servlet-core-2.27.jar:/home/user/.m2/repository/org/glassfish/hk2/external/javax.inject/2.5.0-b42/javax.inject-2.5.0-b42.jar:/home/user/.m2/repository/org/glassfish/jersey/core/jersey-common/2.27/jersey-common-2.27.jar:/home/user/.m2/repository/org/glassfish/hk2/osgi-resource-locator/1.0.1/osgi-resource-locator-1.0.1.jar:/home/user/.m2/repository/javax/ws/rs/javax.ws.rs-api/2.1/javax.ws.rs-api-2.1.jar:/home/user/.m2/repository/org/glassfish/jersey/ext/cdi/jersey-cdi1x/2.27/jersey-cdi1x-2.27.jar:/home/user/.m2/repository/org/glassfish/jersey/inject/jersey-hk2/2.27/jersey-hk2-2.27.jar:/home/user/.m2/repository/org/glassfish/hk2/hk2-locator/2.5.0-b42/hk2-locator-2.5.0-b42.jar:/home/user/.m2/repository/org/javassist/javassist/3.22.0-CR2/javassist-3.22.0-CR2.jar:/home/user/.m2/repository/org/glassfish/hk2/hk2-api/2.5.0/hk2-api-2.5.0.jar:/home/user/.m2/repository/org/glassfish/hk2/external/jakarta.inject/2.5.0/jakarta.inject-2.5.0.jar:/home/user/.m2/repository/org/glassfish/hk2/hk2-utils/2.5.0/hk2-utils-2.5.0.jar:/home/user/.m2/repository/jakarta/annotation/jakarta.annotation-api/1.3.4/jakarta.annotation-api-1.3.4.jar:/home/user/.m2/repository/org/glassfish/hk2/external/aopalliance-repackaged/2.5.0/aopalliance-repackaged-2.5.0.jar:/home/user/.m2/repository/com/fasterxml/jackson/dataformat/jackson-dataformat-xml/2.9.0/jackson-dataformat-xml-2.9.0.jar:/home/user/.m2/repository/com/fasterxml/jackson/core/jackson-core/2.9.5/jackson-core-2.9.5.jar:/home/user/.m2/repository/com/fasterxml/jackson/module/jackson-module-jaxb-annotations/2.9.5/jackson-module-jaxb-annotations-2.9.5.jar:/home/user/.m2/repository/javax/enterprise/cdi-api/1.2/cdi-api-1.2.jar:/home/user/.m2/repository/javax/el/javax.el-api/3.0.0/javax.el-api-3.0.0.jar:/home/user/.m2/repository/javax/interceptor/javax.interceptor-api/1.2/javax.interceptor-api-1.2.jar:/home/user/.m2/repository/javax/inject/javax.inject/1/javax.inject-1.jar:/home/user/.m2/repository/com/sun/xml/bind/jaxb-impl/2.3.0.1/jaxb-impl-2.3.0.1.jar:/home/user/.m2/repository/com/sun/xml/bind/jaxb-core/2.3.0.1/jaxb-core-2.3.0.1.jar:/home/user/.m2/repository/javax/xml/bind/jaxb-api/2.3.0/jaxb-api-2.3.0.jar:/home/user/.m2/repository/javax/activation/activation/1.1.1/activation-1.1.1.jar:/home/user/.m2/repository/org/apache/hadoop/hadoop-ozone-csi/0.4.1-SNAPSHOT/hadoop-ozone-csi-0.4.1-SNAPSHOT.jar:/home/user/.m2/repository/com/google/protobuf/protobuf-java-util/3.5.1/protobuf-java-util-3.5.1.jar:/home/user/.m2/repository/org/apache/hadoop/hadoop-hdds-config/0.4.1-SNAPSHOT/hadoop-hdds-config-0.4.1-SNAPSHOT.jar:/home/user/.m2/repository/io/grpc/grpc-netty/1.17.1/grpc-netty-1.17.1.jar:/home/user/.m2/repository/io/grpc/grpc-core/1.17.1/grpc-core-1.17.1.jar:/home/user/.m2/repository/io/grpc/grpc-context/1.17.1/grpc-context-1.17.1.jar:/home/user/.m2/repository/com/google/errorprone/error_prone_annotations/2.2.0/error_prone_annotations-2.2.0.jar:/home/user/.m2/repository/org/codehaus/mojo/animal-sniffer-annotations/1.17/animal-sniffer-annotations-1.17.jar:/home/user/.m2/repository/io/opencensus/opencensus-api/0.17.0/opencensus-api-0.17.0.jar:/home/user/.m2/repository/io/opencensus/opencensus-contrib-grpc-metrics/0.17.0/opencensus-contrib-grpc-metrics-0.17.0.jar:/home/user/.m2/repository/io/netty/netty-codec-http2/4.1.30.Final/netty-codec-http2-4.1.30.Final.jar:/home/user/.m2/repository/io/netty/netty-codec-http/4.1.30.Final/netty-codec-http-4.1.30.Final.jar:/home/user/.m2/repository/io/netty/netty-codec/4.1.30.Final/netty-codec-4.1.30.Final.jar:/home/user/.m2/repository/io/netty/netty-handler/4.1.30.Final/netty-handler-4.1.30.Final.jar:/home/user/.m2/repository/io/netty/netty-handler-proxy/4.1.30.Final/netty-handler-proxy-4.1.30.Final.jar:/home/user/.m2/repository/io/netty/netty-codec-socks/4.1.30.Final/netty-codec-socks-4.1.30.Final.jar:/home/user/.m2/repository/io/netty/netty-transport-native-epoll/4.1.30.Final/netty-transport-native-epoll-4.1.30.Final.jar:/home/user/.m2/repository/io/netty/netty-common/4.1.30.Final/netty-common-4.1.30.Final.jar:/home/user/.m2/repository/io/netty/netty-buffer/4.1.30.Final/netty-buffer-4.1.30.Final.jar:/home/user/.m2/repository/io/netty/netty-transport/4.1.30.Final/netty-transport-4.1.30.Final.jar:/home/user/.m2/repository/io/netty/netty-resolver/4.1.30.Final/netty-resolver-4.1.30.Final.jar:/home/user/.m2/repository/io/netty/netty-transport-native-unix-common/4.1.30.Final/netty-transport-native-unix-common-4.1.30.Final.jar:/home/user/.m2/repository/io/grpc/grpc-protobuf/1.17.1/grpc-protobuf-1.17.1.jar:/home/user/.m2/repository/com/google/api/grpc/proto-google-common-protos/1.0.0/proto-google-common-protos-1.0.0.jar:/home/user/.m2/repository/io/grpc/grpc-protobuf-lite/1.17.1/grpc-protobuf-lite-1.17.1.jar:/home/user/.m2/repository/io/grpc/grpc-stub/1.17.1/grpc-stub-1.17.1.jar:/home/user/.m2/repository/org/apache/hadoop/hadoop-ozone-recon/0.4.1-SNAPSHOT/hadoop-ozone-recon-0.4.1-SNAPSHOT.jar:/home/user/.m2/repository/org/apache/hadoop/hadoop-ozone-reconcodegen/0.4.1-SNAPSHOT/hadoop-ozone-reconcodegen-0.4.1-SNAPSHOT.jar:/home/user/.m2/repository/com/google/inject/extensions/guice-multibindings/4.0/guice-multibindings-4.0.jar:/home/user/.m2/repository/com/google/inject/guice/4.0/guice-4.0.jar:/home/user/.m2/repository/aopalliance/aopalliance/1.0/aopalliance-1.0.jar:/home/user/.m2/repository/com/google/inject/extensions/guice-servlet/4.0/guice-servlet-4.0.jar:/home/user/.m2/repository/org/glassfish/jersey/containers/jersey-container-servlet/2.27/jersey-container-servlet-2.27.jar:/home/user/.m2/repository/org/glassfish/hk2/guice-bridge/2.5.0/guice-bridge-2.5.0.jar:/home/user/.m2/repository/org/glassfish/jersey/core/jersey-server/2.27/jersey-server-2.27.jar:/home/user/.m2/repository/org/glassfish/jersey/core/jersey-client/2.27/jersey-client-2.27.jar:/home/user/.m2/repository/org/glassfish/jersey/media/jersey-media-jaxb/2.27/jersey-media-jaxb-2.27.jar:/home/user/.m2/repository/javax/validation/validation-api/1.1.0.Final/validation-api-1.1.0.Final.jar:/home/user/.m2/repository/org/glassfish/jersey/media/jersey-media-json-jackson/2.27/jersey-media-json-jackson-2.27.jar:/home/user/.m2/repository/org/glassfish/jersey/ext/jersey-entity-filtering/2.27/jersey-entity-filtering-2.27.jar:/home/user/.m2/repository/com/google/inject/extensions/guice-assistedinject/4.0/guice-assistedinject-4.0.jar:/home/user/.m2/repository/org/jooq/jooq/3.11.10/jooq-3.11.10.jar:/home/user/.m2/repository/org/jooq/jooq-meta/3.11.10/jooq-meta-3.11.10.jar:/home/user/.m2/repository/org/jooq/jooq-codegen/3.11.10/jooq-codegen-3.11.10.jar:/home/user/.m2/repository/com/jolbox/bonecp/0.8.0.RELEASE/bonecp-0.8.0.RELEASE.jar:/home/user/.m2/repository/org/xerial/sqlite-jdbc/3.25.2/sqlite-jdbc-3.25.2.jar:/home/user/.m2/repository/org/springframework/spring-jdbc/5.1.3.RELEASE/spring-jdbc-5.1.3.RELEASE.jar:/home/user/.m2/repository/org/springframework/spring-beans/5.1.3.RELEASE/spring-beans-5.1.3.RELEASE.jar:/home/user/.m2/repository/org/springframework/spring-core/5.1.3.RELEASE/spring-core-5.1.3.RELEASE.jar:/home/user/.m2/repository/org/springframework/spring-jcl/5.1.3.RELEASE/spring-jcl-5.1.3.RELEASE.jar:/home/user/.m2/repository/org/springframework/spring-tx/5.1.3.RELEASE/spring-tx-5.1.3.RELEASE.jar:/home/user/.m2/repository/org/apache/hadoop/hadoop-ozone-client/0.4.1-SNAPSHOT/hadoop-ozone-client-0.4.1-SNAPSHOT.jar:/home/user/.m2/repository/commons-lang/commons-lang/2.6/commons-lang-2.6.jar:/home/user/.m2/repository/org/apache/hadoop/hadoop-ozone-ozone-manager/0.4.1-SNAPSHOT/hadoop-ozone-ozone-manager-0.4.1-SNAPSHOT-tests.jar:/home/user/.m2/repository/junit/junit/4.11/junit-4.11.jar:/home/user/.m2/repository/org/hamcrest/hamcrest-core/1.3/hamcrest-core-1.3.jar:/home/user/.m2/repository/org/openjdk/jmh/jmh-core/1.19/jmh-core-1.19.jar:/home/user/.m2/repository/net/sf/jopt-simple/jopt-simple/4.6/jopt-simple-4.6.jar:/home/user/.m2/repository/org/apache/commons/commons-math3/3.1.1/commons-math3-3.1.1.jar:/home/user/.m2/repository/org/openjdk/jmh/jmh-generator-annprocess/1.19/jmh-generator-annprocess-1.19.jar:/home/user/.m2/repository/org/mockito/mockito-all/1.8.5/mockito-all-1.8.5.jar:/home/user/.m2/repository/org/apache/hadoop/hadoop-kms/3.2.0/hadoop-kms-3.2.0.jar:/home/user/.m2/repository/org/apache/hadoop/hadoop-auth/3.2.0/hadoop-auth-3.2.0.jar:/home/user/.m2/repository/com/nimbusds/nimbus-jose-jwt/4.41.1/nimbus-jose-jwt-4.41.1.jar:/home/user/.m2/repository/com/github/stephenc/jcip/jcip-annotations/1.0-1/jcip-annotations-1.0-1.jar:/home/user/.m2/repository/net/minidev/json-smart/2.3/json-smart-2.3.jar:/home/user/.m2/repository/net/minidev/accessors-smart/1.2/accessors-smart-1.2.jar:/home/user/.m2/repository/org/ow2/asm/asm/5.0.4/asm-5.0.4.jar:/home/user/.m2/repository/org/apache/curator/curator-framework/2.12.0/curator-framework-2.12.0.jar:/home/user/.m2/repository/com/sun/jersey/jersey-core/1.19/jersey-core-1.19.jar:/home/user/.m2/repository/javax/ws/rs/jsr311-api/1.1.1/jsr311-api-1.1.1.jar:/home/user/.m2/repository/com/sun/jersey/jersey-server/1.19/jersey-server-1.19.jar:/home/user/.m2/repository/javax/servlet/javax.servlet-api/3.1.0/javax.servlet-api-3.1.0.jar:/home/user/.m2/repository/org/eclipse/jetty/jetty-server/9.3.24.v20180605/jetty-server-9.3.24.v20180605.jar:/home/user/.m2/repository/org/eclipse/jetty/jetty-http/9.3.24.v20180605/jetty-http-9.3.24.v20180605.jar:/home/user/.m2/repository/org/eclipse/jetty/jetty-io/9.3.24.v20180605/jetty-io-9.3.24.v20180605.jar:/home/user/.m2/repository/org/eclipse/jetty/jetty-webapp/9.3.24.v20180605/jetty-webapp-9.3.24.v20180605.jar:/home/user/.m2/repository/org/eclipse/jetty/jetty-xml/9.3.24.v20180605/jetty-xml-9.3.24.v20180605.jar:/home/user/.m2/repository/log4j/log4j/1.2.17/log4j-1.2.17.jar:/home/user/.m2/repository/org/slf4j/slf4j-api/1.7.25/slf4j-api-1.7.25.jar:/home/user/.m2/repository/org/slf4j/jul-to-slf4j/1.7.25/jul-to-slf4j-1.7.25.jar:/home/user/.m2/repository/org/eclipse/jetty/jetty-util/9.3.24.v20180605/jetty-util-9.3.24.v20180605.jar:/home/user/.m2/repository/com/fasterxml/jackson/core/jackson-databind/2.9.5/jackson-databind-2.9.5.jar:/home/user/.m2/repository/org/apache/hadoop/hadoop-kms/3.2.0/hadoop-kms-3.2.0-tests.jar:/home/user/.m2/repository/org/apache/hadoop/hadoop-hdds-server-scm/0.4.1-SNAPSHOT/hadoop-hdds-server-scm-0.4.1-SNAPSHOT-tests.jar:/home/user/.m2/repository/org/apache/hadoop/hadoop-hdds-container-service/0.4.1-SNAPSHOT/hadoop-hdds-container-service-0.4.1-SNAPSHOT-tests.jar:/home/user/.m2/repository/org/yaml/snakeyaml/1.16/snakeyaml-1.16.jar:/home/user/.m2/repository/org/apache/hadoop/hadoop-common/3.2.0/hadoop-common-3.2.0-tests.jar:/home/user/.m2/repository/org/apache/hadoop/hadoop-annotations/3.2.0/hadoop-annotations-3.2.0.jar:/usr/lib/jvm/java-1.8-openjdk/jre/../lib/tools.jar:/home/user/.m2/repository/commons-cli/commons-cli/1.2/commons-cli-1.2.jar:/home/user/.m2/repository/org/apache/httpcomponents/httpclient/4.5.2/httpclient-4.5.2.jar:/home/user/.m2/repository/org/apache/httpcomponents/httpcore/4.4.4/httpcore-4.4.4.jar:/home/user/.m2/repository/commons-codec/commons-codec/1.11/commons-codec-1.11.jar:/home/user/.m2/repository/commons-net/commons-net/3.6/commons-net-3.6.jar:/home/user/.m2/repository/commons-collections/commons-collections/3.2.2/commons-collections-3.2.2.jar:/home/user/.m2/repository/org/eclipse/jetty/jetty-servlet/9.3.24.v20180605/jetty-servlet-9.3.24.v20180605.jar:/home/user/.m2/repository/org/eclipse/jetty/jetty-security/9.3.24.v20180605/jetty-security-9.3.24.v20180605.jar:/home/user/.m2/repository/javax/servlet/jsp/jsp-api/2.1/jsp-api-2.1.jar:/home/user/.m2/repository/com/sun/jersey/jersey-servlet/1.19/jersey-servlet-1.19.jar:/home/user/.m2/repository/com/sun/jersey/jersey-json/1.19/jersey-json-1.19.jar:/home/user/.m2/repository/org/codehaus/jettison/jettison/1.1/jettison-1.1.jar:/home/user/.m2/repository/org/codehaus/jackson/jackson-core-asl/1.9.13/jackson-core-asl-1.9.13.jar:/home/user/.m2/repository/org/codehaus/jackson/jackson-mapper-asl/1.9.13/jackson-mapper-asl-1.9.13.jar:/home/user/.m2/repository/org/codehaus/jackson/jackson-jaxrs/1.9.13/jackson-jaxrs-1.9.13.jar:/home/user/.m2/repository/org/codehaus/jackson/jackson-xc/1.9.13/jackson-xc-1.9.13.jar:/home/user/.m2/repository/commons-logging/commons-logging/1.1.3/commons-logging-1.1.3.jar:/home/user/.m2/repository/commons-beanutils/commons-beanutils/1.9.3/commons-beanutils-1.9.3.jar:/home/user/.m2/repository/org/apache/commons/commons-configuration2/2.1.1/commons-configuration2-2.1.1.jar:/home/user/.m2/repository/org/apache/commons/commons-lang3/3.7/commons-lang3-3.7.jar:/home/user/.m2/repository/org/apache/commons/commons-text/1.4/commons-text-1.4.jar:/home/user/.m2/repository/org/apache/avro/avro/1.7.7/avro-1.7.7.jar:/home/user/.m2/repository/com/thoughtworks/paranamer/paranamer/2.3/paranamer-2.3.jar:/home/user/.m2/repository/org/xerial/snappy/snappy-java/1.0.5/snappy-java-1.0.5.jar:/home/user/.m2/repository/com/google/re2j/re2j/1.1/re2j-1.1.jar:/home/user/.m2/repository/com/google/code/gson/gson/2.2.4/gson-2.2.4.jar:/home/user/.m2/repository/com/jcraft/jsch/0.1.54/jsch-0.1.54.jar:/home/user/.m2/repository/org/apache/curator/curator-client/2.12.0/curator-client-2.12.0.jar:/home/user/.m2/repository/org/apache/curator/curator-recipes/2.12.0/curator-recipes-2.12.0.jar:/home/user/.m2/repository/com/google/code/findbugs/jsr305/3.0.0/jsr305-3.0.0.jar:/home/user/.m2/repository/org/apache/htrace/htrace-core4/4.1.0-incubating/htrace-core4-4.1.0-incubating.jar:/home/user/.m2/repository/org/apache/zookeeper/zookeeper/3.4.13/zookeeper-3.4.13.jar:/home/user/.m2/repository/org/apache/yetus/audience-annotations/0.5.0/audience-annotations-0.5.0.jar:/home/user/.m2/repository/org/codehaus/woodstox/stax2-api/3.1.4/stax2-api-3.1.4.jar:/home/user/.m2/repository/com/fasterxml/woodstox/woodstox-core/5.0.3/woodstox-core-5.0.3.jar:/home/user/.m2/repository/dnsjava/dnsjava/2.1.7/dnsjava-2.1.7.jar:/home/user/.m2/repository/org/apache/hadoop/hadoop-hdfs/3.2.0/hadoop-hdfs-3.2.0-tests.jar:/home/user/.m2/repository/org/eclipse/jetty/jetty-util-ajax/9.3.24.v20180605/jetty-util-ajax-9.3.24.v20180605.jar:/home/user/.m2/repository/commons-daemon/commons-daemon/1.0.13/commons-daemon-1.0.13.jar:/home/user/.m2/repository/io/netty/netty/3.10.5.Final/netty-3.10.5.Final.jar:/home/user/.m2/repository/io/netty/netty-all/4.0.52.Final/netty-all-4.0.52.Final.jar:/home/user/.m2/repository/org/fusesource/leveldbjni/leveldbjni-all/1.8/leveldbjni-all-1.8.jar:"/>
    <property name="java.vm.vendor" value="IcedTea"/>
    <property name="sun.arch.data.model" value="64"/>
    <property name="test.build.dir" value="/workdir/hadoop-ozone/integration-test/target/test-dir"/>
    <property name="test.cache.data" value=""/>
    <property name="java.vendor.url" value="https://icedtea.classpath.org"/>
    <property name="user.timezone" value=""/>
    <property name="java.vm.specification.version" value="1.8"/>
    <property name="os.name" value="Linux"/>
    <property name="test.build.data" value="/workdir/hadoop-ozone/integration-test/target/test-dir"/>
    <property name="user.country" value="US"/>
    <property name="sun.java.launcher" value="SUN_STANDARD"/>
    <property name="sun.boot.library.path" value="/usr/lib/jvm/java-1.8-openjdk/jre/lib/amd64"/>
    <property name="sun.java.command" value="/workdir/hadoop-ozone/integration-test/target/surefire/surefirebooter6161036702316046894.jar /workdir/hadoop-ozone/integration-test/target/surefire 2019-07-30T07-59-19_370-jvmRun1 surefire6432257998841577433tmp surefire_826108063552585312206tmp"/>
    <property name="surefire.test.class.path" value="/workdir/hadoop-ozone/integration-test/target/test-classes:/workdir/hadoop-ozone/integration-test/target/classes:/home/user/.m2/repository/org/apache/hadoop/hadoop-ozone-common/0.4.1-SNAPSHOT/hadoop-ozone-common-0.4.1-SNAPSHOT.jar:/home/user/.m2/repository/org/apache/commons/commons-compress/1.4.1/commons-compress-1.4.1.jar:/home/user/.m2/repository/org/tukaani/xz/1.0/xz-1.0.jar:/home/user/.m2/repository/org/apache/hadoop/hadoop-common/3.2.0/hadoop-common-3.2.0.jar:/home/user/.m2/repository/org/apache/hadoop/hadoop-hdfs/3.2.0/hadoop-hdfs-3.2.0.jar:/home/user/.m2/repository/org/apache/hadoop/hadoop-hdfs-client/3.2.0/hadoop-hdfs-client-3.2.0.jar:/home/user/.m2/repository/com/fasterxml/jackson/core/jackson-annotations/2.9.5/jackson-annotations-2.9.5.jar:/home/user/.m2/repository/org/apache/hadoop/hadoop-hdds-common/0.4.1-SNAPSHOT/hadoop-hdds-common-0.4.1-SNAPSHOT.jar:/home/user/.m2/repository/javax/annotation/javax.annotation-api/1.2/javax.annotation-api-1.2.jar:/home/user/.m2/repository/org/apache/ratis/ratis-server/0.4.0-2337318-SNAPSHOT/ratis-server-0.4.0-2337318-SNAPSHOT.jar:/home/user/.m2/repository/org/apache/ratis/ratis-thirdparty-misc/0.2.0/ratis-thirdparty-misc-0.2.0.jar:/home/user/.m2/repository/org/apache/ratis/ratis-proto/0.4.0-2337318-SNAPSHOT/ratis-proto-0.4.0-2337318-SNAPSHOT.jar:/home/user/.m2/repository/org/apache/ratis/ratis-common/0.4.0-2337318-SNAPSHOT/ratis-common-0.4.0-2337318-SNAPSHOT.jar:/home/user/.m2/repository/org/apache/ratis/ratis-client/0.4.0-2337318-SNAPSHOT/ratis-client-0.4.0-2337318-SNAPSHOT.jar:/home/user/.m2/repository/org/apache/ratis/ratis-metrics/0.4.0-2337318-SNAPSHOT/ratis-metrics-0.4.0-2337318-SNAPSHOT.jar:/home/user/.m2/repository/org/apache/ratis/ratis-netty/0.4.0-2337318-SNAPSHOT/ratis-netty-0.4.0-2337318-SNAPSHOT.jar:/home/user/.m2/repository/org/apache/ratis/ratis-grpc/0.4.0-2337318-SNAPSHOT/ratis-grpc-0.4.0-2337318-SNAPSHOT.jar:/home/user/.m2/repository/org/rocksdb/rocksdbjni/6.0.1/rocksdbjni-6.0.1.jar:/home/user/.m2/repository/org/apache/logging/log4j/log4j-api/2.11.0/log4j-api-2.11.0.jar:/home/user/.m2/repository/org/apache/logging/log4j/log4j-core/2.11.0/log4j-core-2.11.0.jar:/home/user/.m2/repository/com/lmax/disruptor/3.4.2/disruptor-3.4.2.jar:/home/user/.m2/repository/org/apache/commons/commons-pool2/2.6.0/commons-pool2-2.6.0.jar:/home/user/.m2/repository/org/bouncycastle/bcpkix-jdk15on/1.60/bcpkix-jdk15on-1.60.jar:/home/user/.m2/repository/commons-validator/commons-validator/1.6/commons-validator-1.6.jar:/home/user/.m2/repository/commons-digester/commons-digester/1.8.1/commons-digester-1.8.1.jar:/home/user/.m2/repository/io/jaegertracing/jaeger-client/0.33.1/jaeger-client-0.33.1.jar:/home/user/.m2/repository/io/jaegertracing/jaeger-thrift/0.33.1/jaeger-thrift-0.33.1.jar:/home/user/.m2/repository/org/apache/thrift/libthrift/0.11.0/libthrift-0.11.0.jar:/home/user/.m2/repository/com/squareup/okhttp3/okhttp/3.9.0/okhttp-3.9.0.jar:/home/user/.m2/repository/com/squareup/okio/okio/1.13.0/okio-1.13.0.jar:/home/user/.m2/repository/io/jaegertracing/jaeger-core/0.33.1/jaeger-core-0.33.1.jar:/home/user/.m2/repository/io/jaegertracing/jaeger-tracerresolver/0.33.1/jaeger-tracerresolver-0.33.1.jar:/home/user/.m2/repository/io/opentracing/contrib/opentracing-tracerresolver/0.1.5/opentracing-tracerresolver-0.1.5.jar:/home/user/.m2/repository/io/opentracing/opentracing-util/0.31.0/opentracing-util-0.31.0.jar:/home/user/.m2/repository/io/opentracing/opentracing-api/0.31.0/opentracing-api-0.31.0.jar:/home/user/.m2/repository/io/opentracing/opentracing-noop/0.31.0/opentracing-noop-0.31.0.jar:/home/user/.m2/repository/org/apache/hadoop/hadoop-hdds-server-framework/0.4.1-SNAPSHOT/hadoop-hdds-server-framework-0.4.1-SNAPSHOT.jar:/home/user/.m2/repository/org/apache/hadoop/hadoop-hdds-container-service/0.4.1-SNAPSHOT/hadoop-hdds-container-service-0.4.1-SNAPSHOT.jar:/home/user/.m2/repository/org/apache/hadoop/hadoop-hdds-client/0.4.1-SNAPSHOT/hadoop-hdds-client-0.4.1-SNAPSHOT.jar:/home/user/.m2/repository/org/apache/hadoop/hadoop-hdds-tools/0.4.1-SNAPSHOT/hadoop-hdds-tools-0.4.1-SNAPSHOT.jar:/home/user/.m2/repository/org/apache/hadoop/hadoop-hdds-server-scm/0.4.1-SNAPSHOT/hadoop-hdds-server-scm-0.4.1-SNAPSHOT.jar:/home/user/.m2/repository/org/apache/hadoop/hadoop-hdds-docs/0.4.1-SNAPSHOT/hadoop-hdds-docs-0.4.1-SNAPSHOT.jar:/home/user/.m2/repository/io/dropwizard/metrics/metrics-core/3.2.4/metrics-core-3.2.4.jar:/home/user/.m2/repository/org/hamcrest/hamcrest-all/1.3/hamcrest-all-1.3.jar:/home/user/.m2/repository/org/bouncycastle/bcprov-jdk15on/1.60/bcprov-jdk15on-1.60.jar:/home/user/.m2/repository/info/picocli/picocli/3.9.6/picocli-3.9.6.jar:/home/user/.m2/repository/com/google/protobuf/protobuf-java/2.5.0/protobuf-java-2.5.0.jar:/home/user/.m2/repository/com/google/guava/guava/11.0.2/guava-11.0.2.jar:/home/user/.m2/repository/org/apache/hadoop/hadoop-ozone-ozone-manager/0.4.1-SNAPSHOT/hadoop-ozone-ozone-manager-0.4.1-SNAPSHOT.jar:/home/user/.m2/repository/org/apache/hadoop/hadoop-minikdc/3.2.0/hadoop-minikdc-3.2.0.jar:/home/user/.m2/repository/commons-io/commons-io/2.5/commons-io-2.5.jar:/home/user/.m2/repository/org/apache/kerby/kerb-simplekdc/1.0.1/kerb-simplekdc-1.0.1.jar:/home/user/.m2/repository/org/apache/kerby/kerb-client/1.0.1/kerb-client-1.0.1.jar:/home/user/.m2/repository/org/apache/kerby/kerby-config/1.0.1/kerby-config-1.0.1.jar:/home/user/.m2/repository/org/apache/kerby/kerb-core/1.0.1/kerb-core-1.0.1.jar:/home/user/.m2/repository/org/apache/kerby/kerby-pkix/1.0.1/kerby-pkix-1.0.1.jar:/home/user/.m2/repository/org/apache/kerby/kerby-asn1/1.0.1/kerby-asn1-1.0.1.jar:/home/user/.m2/repository/org/apache/kerby/kerby-util/1.0.1/kerby-util-1.0.1.jar:/home/user/.m2/repository/org/apache/kerby/kerb-common/1.0.1/kerb-common-1.0.1.jar:/home/user/.m2/repository/org/apache/kerby/kerb-crypto/1.0.1/kerb-crypto-1.0.1.jar:/home/user/.m2/repository/org/apache/kerby/kerb-util/1.0.1/kerb-util-1.0.1.jar:/home/user/.m2/repository/org/apache/kerby/token-provider/1.0.1/token-provider-1.0.1.jar:/home/user/.m2/repository/org/apache/kerby/kerb-admin/1.0.1/kerb-admin-1.0.1.jar:/home/user/.m2/repository/org/apache/kerby/kerb-server/1.0.1/kerb-server-1.0.1.jar:/home/user/.m2/repository/org/apache/kerby/kerb-identity/1.0.1/kerb-identity-1.0.1.jar:/home/user/.m2/repository/org/apache/kerby/kerby-xdr/1.0.1/kerby-xdr-1.0.1.jar:/home/user/.m2/repository/org/slf4j/slf4j-log4j12/1.7.25/slf4j-log4j12-1.7.25.jar:/home/user/.m2/repository/org/apache/hadoop/hadoop-ozone-objectstore-service/0.4.1-SNAPSHOT/hadoop-ozone-objectstore-service-0.4.1-SNAPSHOT.jar:/home/user/.m2/repository/org/apache/hadoop/hadoop-ozone-s3gateway/0.4.1-SNAPSHOT/hadoop-ozone-s3gateway-0.4.1-SNAPSHOT.jar:/home/user/.m2/repository/org/jboss/weld/servlet/weld-servlet/2.4.7.Final/weld-servlet-2.4.7.Final.jar:/home/user/.m2/repository/org/glassfish/jersey/containers/jersey-container-servlet-core/2.27/jersey-container-servlet-core-2.27.jar:/home/user/.m2/repository/org/glassfish/hk2/external/javax.inject/2.5.0-b42/javax.inject-2.5.0-b42.jar:/home/user/.m2/repository/org/glassfish/jersey/core/jersey-common/2.27/jersey-common-2.27.jar:/home/user/.m2/repository/org/glassfish/hk2/osgi-resource-locator/1.0.1/osgi-resource-locator-1.0.1.jar:/home/user/.m2/repository/javax/ws/rs/javax.ws.rs-api/2.1/javax.ws.rs-api-2.1.jar:/home/user/.m2/repository/org/glassfish/jersey/ext/cdi/jersey-cdi1x/2.27/jersey-cdi1x-2.27.jar:/home/user/.m2/repository/org/glassfish/jersey/inject/jersey-hk2/2.27/jersey-hk2-2.27.jar:/home/user/.m2/repository/org/glassfish/hk2/hk2-locator/2.5.0-b42/hk2-locator-2.5.0-b42.jar:/home/user/.m2/repository/org/javassist/javassist/3.22.0-CR2/javassist-3.22.0-CR2.jar:/home/user/.m2/repository/org/glassfish/hk2/hk2-api/2.5.0/hk2-api-2.5.0.jar:/home/user/.m2/repository/org/glassfish/hk2/external/jakarta.inject/2.5.0/jakarta.inject-2.5.0.jar:/home/user/.m2/repository/org/glassfish/hk2/hk2-utils/2.5.0/hk2-utils-2.5.0.jar:/home/user/.m2/repository/jakarta/annotation/jakarta.annotation-api/1.3.4/jakarta.annotation-api-1.3.4.jar:/home/user/.m2/repository/org/glassfish/hk2/external/aopalliance-repackaged/2.5.0/aopalliance-repackaged-2.5.0.jar:/home/user/.m2/repository/com/fasterxml/jackson/dataformat/jackson-dataformat-xml/2.9.0/jackson-dataformat-xml-2.9.0.jar:/home/user/.m2/repository/com/fasterxml/jackson/core/jackson-core/2.9.5/jackson-core-2.9.5.jar:/home/user/.m2/repository/com/fasterxml/jackson/module/jackson-module-jaxb-annotations/2.9.5/jackson-module-jaxb-annotations-2.9.5.jar:/home/user/.m2/repository/javax/enterprise/cdi-api/1.2/cdi-api-1.2.jar:/home/user/.m2/repository/javax/el/javax.el-api/3.0.0/javax.el-api-3.0.0.jar:/home/user/.m2/repository/javax/interceptor/javax.interceptor-api/1.2/javax.interceptor-api-1.2.jar:/home/user/.m2/repository/javax/inject/javax.inject/1/javax.inject-1.jar:/home/user/.m2/repository/com/sun/xml/bind/jaxb-impl/2.3.0.1/jaxb-impl-2.3.0.1.jar:/home/user/.m2/repository/com/sun/xml/bind/jaxb-core/2.3.0.1/jaxb-core-2.3.0.1.jar:/home/user/.m2/repository/javax/xml/bind/jaxb-api/2.3.0/jaxb-api-2.3.0.jar:/home/user/.m2/repository/javax/activation/activation/1.1.1/activation-1.1.1.jar:/home/user/.m2/repository/org/apache/hadoop/hadoop-ozone-csi/0.4.1-SNAPSHOT/hadoop-ozone-csi-0.4.1-SNAPSHOT.jar:/home/user/.m2/repository/com/google/protobuf/protobuf-java-util/3.5.1/protobuf-java-util-3.5.1.jar:/home/user/.m2/repository/org/apache/hadoop/hadoop-hdds-config/0.4.1-SNAPSHOT/hadoop-hdds-config-0.4.1-SNAPSHOT.jar:/home/user/.m2/repository/io/grpc/grpc-netty/1.17.1/grpc-netty-1.17.1.jar:/home/user/.m2/repository/io/grpc/grpc-core/1.17.1/grpc-core-1.17.1.jar:/home/user/.m2/repository/io/grpc/grpc-context/1.17.1/grpc-context-1.17.1.jar:/home/user/.m2/repository/com/google/errorprone/error_prone_annotations/2.2.0/error_prone_annotations-2.2.0.jar:/home/user/.m2/repository/org/codehaus/mojo/animal-sniffer-annotations/1.17/animal-sniffer-annotations-1.17.jar:/home/user/.m2/repository/io/opencensus/opencensus-api/0.17.0/opencensus-api-0.17.0.jar:/home/user/.m2/repository/io/opencensus/opencensus-contrib-grpc-metrics/0.17.0/opencensus-contrib-grpc-metrics-0.17.0.jar:/home/user/.m2/repository/io/netty/netty-codec-http2/4.1.30.Final/netty-codec-http2-4.1.30.Final.jar:/home/user/.m2/repository/io/netty/netty-codec-http/4.1.30.Final/netty-codec-http-4.1.30.Final.jar:/home/user/.m2/repository/io/netty/netty-codec/4.1.30.Final/netty-codec-4.1.30.Final.jar:/home/user/.m2/repository/io/netty/netty-handler/4.1.30.Final/netty-handler-4.1.30.Final.jar:/home/user/.m2/repository/io/netty/netty-handler-proxy/4.1.30.Final/netty-handler-proxy-4.1.30.Final.jar:/home/user/.m2/repository/io/netty/netty-codec-socks/4.1.30.Final/netty-codec-socks-4.1.30.Final.jar:/home/user/.m2/repository/io/netty/netty-transport-native-epoll/4.1.30.Final/netty-transport-native-epoll-4.1.30.Final.jar:/home/user/.m2/repository/io/netty/netty-common/4.1.30.Final/netty-common-4.1.30.Final.jar:/home/user/.m2/repository/io/netty/netty-buffer/4.1.30.Final/netty-buffer-4.1.30.Final.jar:/home/user/.m2/repository/io/netty/netty-transport/4.1.30.Final/netty-transport-4.1.30.Final.jar:/home/user/.m2/repository/io/netty/netty-resolver/4.1.30.Final/netty-resolver-4.1.30.Final.jar:/home/user/.m2/repository/io/netty/netty-transport-native-unix-common/4.1.30.Final/netty-transport-native-unix-common-4.1.30.Final.jar:/home/user/.m2/repository/io/grpc/grpc-protobuf/1.17.1/grpc-protobuf-1.17.1.jar:/home/user/.m2/repository/com/google/api/grpc/proto-google-common-protos/1.0.0/proto-google-common-protos-1.0.0.jar:/home/user/.m2/repository/io/grpc/grpc-protobuf-lite/1.17.1/grpc-protobuf-lite-1.17.1.jar:/home/user/.m2/repository/io/grpc/grpc-stub/1.17.1/grpc-stub-1.17.1.jar:/home/user/.m2/repository/org/apache/hadoop/hadoop-ozone-recon/0.4.1-SNAPSHOT/hadoop-ozone-recon-0.4.1-SNAPSHOT.jar:/home/user/.m2/repository/org/apache/hadoop/hadoop-ozone-reconcodegen/0.4.1-SNAPSHOT/hadoop-ozone-reconcodegen-0.4.1-SNAPSHOT.jar:/home/user/.m2/repository/com/google/inject/extensions/guice-multibindings/4.0/guice-multibindings-4.0.jar:/home/user/.m2/repository/com/google/inject/guice/4.0/guice-4.0.jar:/home/user/.m2/repository/aopalliance/aopalliance/1.0/aopalliance-1.0.jar:/home/user/.m2/repository/com/google/inject/extensions/guice-servlet/4.0/guice-servlet-4.0.jar:/home/user/.m2/repository/org/glassfish/jersey/containers/jersey-container-servlet/2.27/jersey-container-servlet-2.27.jar:/home/user/.m2/repository/org/glassfish/hk2/guice-bridge/2.5.0/guice-bridge-2.5.0.jar:/home/user/.m2/repository/org/glassfish/jersey/core/jersey-server/2.27/jersey-server-2.27.jar:/home/user/.m2/repository/org/glassfish/jersey/core/jersey-client/2.27/jersey-client-2.27.jar:/home/user/.m2/repository/org/glassfish/jersey/media/jersey-media-jaxb/2.27/jersey-media-jaxb-2.27.jar:/home/user/.m2/repository/javax/validation/validation-api/1.1.0.Final/validation-api-1.1.0.Final.jar:/home/user/.m2/repository/org/glassfish/jersey/media/jersey-media-json-jackson/2.27/jersey-media-json-jackson-2.27.jar:/home/user/.m2/repository/org/glassfish/jersey/ext/jersey-entity-filtering/2.27/jersey-entity-filtering-2.27.jar:/home/user/.m2/repository/com/google/inject/extensions/guice-assistedinject/4.0/guice-assistedinject-4.0.jar:/home/user/.m2/repository/org/jooq/jooq/3.11.10/jooq-3.11.10.jar:/home/user/.m2/repository/org/jooq/jooq-meta/3.11.10/jooq-meta-3.11.10.jar:/home/user/.m2/repository/org/jooq/jooq-codegen/3.11.10/jooq-codegen-3.11.10.jar:/home/user/.m2/repository/com/jolbox/bonecp/0.8.0.RELEASE/bonecp-0.8.0.RELEASE.jar:/home/user/.m2/repository/org/xerial/sqlite-jdbc/3.25.2/sqlite-jdbc-3.25.2.jar:/home/user/.m2/repository/org/springframework/spring-jdbc/5.1.3.RELEASE/spring-jdbc-5.1.3.RELEASE.jar:/home/user/.m2/repository/org/springframework/spring-beans/5.1.3.RELEASE/spring-beans-5.1.3.RELEASE.jar:/home/user/.m2/repository/org/springframework/spring-core/5.1.3.RELEASE/spring-core-5.1.3.RELEASE.jar:/home/user/.m2/repository/org/springframework/spring-jcl/5.1.3.RELEASE/spring-jcl-5.1.3.RELEASE.jar:/home/user/.m2/repository/org/springframework/spring-tx/5.1.3.RELEASE/spring-tx-5.1.3.RELEASE.jar:/home/user/.m2/repository/org/apache/hadoop/hadoop-ozone-client/0.4.1-SNAPSHOT/hadoop-ozone-client-0.4.1-SNAPSHOT.jar:/home/user/.m2/repository/commons-lang/commons-lang/2.6/commons-lang-2.6.jar:/home/user/.m2/repository/org/apache/hadoop/hadoop-ozone-ozone-manager/0.4.1-SNAPSHOT/hadoop-ozone-ozone-manager-0.4.1-SNAPSHOT-tests.jar:/home/user/.m2/repository/junit/junit/4.11/junit-4.11.jar:/home/user/.m2/repository/org/hamcrest/hamcrest-core/1.3/hamcrest-core-1.3.jar:/home/user/.m2/repository/org/openjdk/jmh/jmh-core/1.19/jmh-core-1.19.jar:/home/user/.m2/repository/net/sf/jopt-simple/jopt-simple/4.6/jopt-simple-4.6.jar:/home/user/.m2/repository/org/apache/commons/commons-math3/3.1.1/commons-math3-3.1.1.jar:/home/user/.m2/repository/org/openjdk/jmh/jmh-generator-annprocess/1.19/jmh-generator-annprocess-1.19.jar:/home/user/.m2/repository/org/mockito/mockito-all/1.8.5/mockito-all-1.8.5.jar:/home/user/.m2/repository/org/apache/hadoop/hadoop-kms/3.2.0/hadoop-kms-3.2.0.jar:/home/user/.m2/repository/org/apache/hadoop/hadoop-auth/3.2.0/hadoop-auth-3.2.0.jar:/home/user/.m2/repository/com/nimbusds/nimbus-jose-jwt/4.41.1/nimbus-jose-jwt-4.41.1.jar:/home/user/.m2/repository/com/github/stephenc/jcip/jcip-annotations/1.0-1/jcip-annotations-1.0-1.jar:/home/user/.m2/repository/net/minidev/json-smart/2.3/json-smart-2.3.jar:/home/user/.m2/repository/net/minidev/accessors-smart/1.2/accessors-smart-1.2.jar:/home/user/.m2/repository/org/ow2/asm/asm/5.0.4/asm-5.0.4.jar:/home/user/.m2/repository/org/apache/curator/curator-framework/2.12.0/curator-framework-2.12.0.jar:/home/user/.m2/repository/com/sun/jersey/jersey-core/1.19/jersey-core-1.19.jar:/home/user/.m2/repository/javax/ws/rs/jsr311-api/1.1.1/jsr311-api-1.1.1.jar:/home/user/.m2/repository/com/sun/jersey/jersey-server/1.19/jersey-server-1.19.jar:/home/user/.m2/repository/javax/servlet/javax.servlet-api/3.1.0/javax.servlet-api-3.1.0.jar:/home/user/.m2/repository/org/eclipse/jetty/jetty-server/9.3.24.v20180605/jetty-server-9.3.24.v20180605.jar:/home/user/.m2/repository/org/eclipse/jetty/jetty-http/9.3.24.v20180605/jetty-http-9.3.24.v20180605.jar:/home/user/.m2/repository/org/eclipse/jetty/jetty-io/9.3.24.v20180605/jetty-io-9.3.24.v20180605.jar:/home/user/.m2/repository/org/eclipse/jetty/jetty-webapp/9.3.24.v20180605/jetty-webapp-9.3.24.v20180605.jar:/home/user/.m2/repository/org/eclipse/jetty/jetty-xml/9.3.24.v20180605/jetty-xml-9.3.24.v20180605.jar:/home/user/.m2/repository/log4j/log4j/1.2.17/log4j-1.2.17.jar:/home/user/.m2/repository/org/slf4j/slf4j-api/1.7.25/slf4j-api-1.7.25.jar:/home/user/.m2/repository/org/slf4j/jul-to-slf4j/1.7.25/jul-to-slf4j-1.7.25.jar:/home/user/.m2/repository/org/eclipse/jetty/jetty-util/9.3.24.v20180605/jetty-util-9.3.24.v20180605.jar:/home/user/.m2/repository/com/fasterxml/jackson/core/jackson-databind/2.9.5/jackson-databind-2.9.5.jar:/home/user/.m2/repository/org/apache/hadoop/hadoop-kms/3.2.0/hadoop-kms-3.2.0-tests.jar:/home/user/.m2/repository/org/apache/hadoop/hadoop-hdds-server-scm/0.4.1-SNAPSHOT/hadoop-hdds-server-scm-0.4.1-SNAPSHOT-tests.jar:/home/user/.m2/repository/org/apache/hadoop/hadoop-hdds-container-service/0.4.1-SNAPSHOT/hadoop-hdds-container-service-0.4.1-SNAPSHOT-tests.jar:/home/user/.m2/repository/org/yaml/snakeyaml/1.16/snakeyaml-1.16.jar:/home/user/.m2/repository/org/apache/hadoop/hadoop-common/3.2.0/hadoop-common-3.2.0-tests.jar:/home/user/.m2/repository/org/apache/hadoop/hadoop-annotations/3.2.0/hadoop-annotations-3.2.0.jar:/usr/lib/jvm/java-1.8-openjdk/jre/../lib/tools.jar:/home/user/.m2/repository/commons-cli/commons-cli/1.2/commons-cli-1.2.jar:/home/user/.m2/repository/org/apache/httpcomponents/httpclient/4.5.2/httpclient-4.5.2.jar:/home/user/.m2/repository/org/apache/httpcomponents/httpcore/4.4.4/httpcore-4.4.4.jar:/home/user/.m2/repository/commons-codec/commons-codec/1.11/commons-codec-1.11.jar:/home/user/.m2/repository/commons-net/commons-net/3.6/commons-net-3.6.jar:/home/user/.m2/repository/commons-collections/commons-collections/3.2.2/commons-collections-3.2.2.jar:/home/user/.m2/repository/org/eclipse/jetty/jetty-servlet/9.3.24.v20180605/jetty-servlet-9.3.24.v20180605.jar:/home/user/.m2/repository/org/eclipse/jetty/jetty-security/9.3.24.v20180605/jetty-security-9.3.24.v20180605.jar:/home/user/.m2/repository/javax/servlet/jsp/jsp-api/2.1/jsp-api-2.1.jar:/home/user/.m2/repository/com/sun/jersey/jersey-servlet/1.19/jersey-servlet-1.19.jar:/home/user/.m2/repository/com/sun/jersey/jersey-json/1.19/jersey-json-1.19.jar:/home/user/.m2/repository/org/codehaus/jettison/jettison/1.1/jettison-1.1.jar:/home/user/.m2/repository/org/codehaus/jackson/jackson-core-asl/1.9.13/jackson-core-asl-1.9.13.jar:/home/user/.m2/repository/org/codehaus/jackson/jackson-mapper-asl/1.9.13/jackson-mapper-asl-1.9.13.jar:/home/user/.m2/repository/org/codehaus/jackson/jackson-jaxrs/1.9.13/jackson-jaxrs-1.9.13.jar:/home/user/.m2/repository/org/codehaus/jackson/jackson-xc/1.9.13/jackson-xc-1.9.13.jar:/home/user/.m2/repository/commons-logging/commons-logging/1.1.3/commons-logging-1.1.3.jar:/home/user/.m2/repository/commons-beanutils/commons-beanutils/1.9.3/commons-beanutils-1.9.3.jar:/home/user/.m2/repository/org/apache/commons/commons-configuration2/2.1.1/commons-configuration2-2.1.1.jar:/home/user/.m2/repository/org/apache/commons/commons-lang3/3.7/commons-lang3-3.7.jar:/home/user/.m2/repository/org/apache/commons/commons-text/1.4/commons-text-1.4.jar:/home/user/.m2/repository/org/apache/avro/avro/1.7.7/avro-1.7.7.jar:/home/user/.m2/repository/com/thoughtworks/paranamer/paranamer/2.3/paranamer-2.3.jar:/home/user/.m2/repository/org/xerial/snappy/snappy-java/1.0.5/snappy-java-1.0.5.jar:/home/user/.m2/repository/com/google/re2j/re2j/1.1/re2j-1.1.jar:/home/user/.m2/repository/com/google/code/gson/gson/2.2.4/gson-2.2.4.jar:/home/user/.m2/repository/com/jcraft/jsch/0.1.54/jsch-0.1.54.jar:/home/user/.m2/repository/org/apache/curator/curator-client/2.12.0/curator-client-2.12.0.jar:/home/user/.m2/repository/org/apache/curator/curator-recipes/2.12.0/curator-recipes-2.12.0.jar:/home/user/.m2/repository/com/google/code/findbugs/jsr305/3.0.0/jsr305-3.0.0.jar:/home/user/.m2/repository/org/apache/htrace/htrace-core4/4.1.0-incubating/htrace-core4-4.1.0-incubating.jar:/home/user/.m2/repository/org/apache/zookeeper/zookeeper/3.4.13/zookeeper-3.4.13.jar:/home/user/.m2/repository/org/apache/yetus/audience-annotations/0.5.0/audience-annotations-0.5.0.jar:/home/user/.m2/repository/org/codehaus/woodstox/stax2-api/3.1.4/stax2-api-3.1.4.jar:/home/user/.m2/repository/com/fasterxml/woodstox/woodstox-core/5.0.3/woodstox-core-5.0.3.jar:/home/user/.m2/repository/dnsjava/dnsjava/2.1.7/dnsjava-2.1.7.jar:/home/user/.m2/repository/org/apache/hadoop/hadoop-hdfs/3.2.0/hadoop-hdfs-3.2.0-tests.jar:/home/user/.m2/repository/org/eclipse/jetty/jetty-util-ajax/9.3.24.v20180605/jetty-util-ajax-9.3.24.v20180605.jar:/home/user/.m2/repository/commons-daemon/commons-daemon/1.0.13/commons-daemon-1.0.13.jar:/home/user/.m2/repository/io/netty/netty/3.10.5.Final/netty-3.10.5.Final.jar:/home/user/.m2/repository/io/netty/netty-all/4.0.52.Final/netty-all-4.0.52.Final.jar:/home/user/.m2/repository/org/fusesource/leveldbjni/leveldbjni-all/1.8/leveldbjni-all-1.8.jar:"/>
    <property name="sun.cpu.endian" value="little"/>
    <property name="user.home" value="/home/user"/>
    <property name="user.language" value="en"/>
    <property name="java.specification.vendor" value="Oracle Corporation"/>
    <property name="java.home" value="/usr/lib/jvm/java-1.8-openjdk/jre"/>
    <property name="java.security.krb5.conf" value="/workdir/hadoop-ozone/integration-test/target/test-classes/krb5.conf"/>
    <property name="basedir" value="/workdir/hadoop-ozone/integration-test"/>
    <property name="file.separator" value="/"/>
    <property name="line.separator" value="&#10;"/>
    <property name="java.vm.specification.vendor" value="Oracle Corporation"/>
    <property name="java.specification.name" value="Java Platform API Specification"/>
    <property name="java.awt.graphicsenv" value="sun.awt.X11GraphicsEnvironment"/>
    <property name="surefire.real.class.path" value="/workdir/hadoop-ozone/integration-test/target/surefire/surefirebooter6161036702316046894.jar"/>
    <property name="hadoop.log.dir" value="/workdir/hadoop-ozone/integration-test/target/log"/>
    <property name="sun.boot.class.path" value="/usr/lib/jvm/java-1.8-openjdk/jre/lib/resources.jar:/usr/lib/jvm/java-1.8-openjdk/jre/lib/rt.jar:/usr/lib/jvm/java-1.8-openjdk/jre/lib/sunrsasign.jar:/usr/lib/jvm/java-1.8-openjdk/jre/lib/jsse.jar:/usr/lib/jvm/java-1.8-openjdk/jre/lib/jce.jar:/usr/lib/jvm/java-1.8-openjdk/jre/lib/charsets.jar:/usr/lib/jvm/java-1.8-openjdk/jre/lib/jfr.jar:/usr/lib/jvm/java-1.8-openjdk/jre/classes"/>
    <property name="sun.management.compiler" value="HotSpot 64-Bit Tiered Compilers"/>
    <property name="java.runtime.version" value="1.8.0_212-b04"/>
    <property name="java.net.preferIPv4Stack" value="true"/>
    <property name="user.name" value="jenkins1000"/>
    <property name="path.separator" value=":"/>
    <property name="java.security.egd" value="file:///dev/urandom"/>
    <property name="os.version" value="3.10.0-957.12.2.el7.x86_64"/>
    <property name="java.endorsed.dirs" value="/usr/lib/jvm/java-1.8-openjdk/jre/lib/endorsed"/>
    <property name="java.runtime.name" value="OpenJDK Runtime Environment"/>
    <property name="file.encoding" value="UTF-8"/>
    <property name="java.vm.name" value="OpenJDK 64-Bit Server VM"/>
    <property name="test.build.webapps" value=""/>
    <property name="localRepository" value="/home/user/.m2/repository"/>
    <property name="java.vendor.url.bug" value="https://icedtea.classpath.org/bugzilla"/>
    <property name="java.io.tmpdir" value="/tmp"/>
    <property name="require.test.libhadoop" value=""/>
    <property name="java.version" value="1.8.0_212"/>
    <property name="user.dir" value="/workdir/hadoop-ozone/integration-test"/>
    <property name="os.arch" value="amd64"/>
    <property name="java.vm.specification.name" value="Java Virtual Machine Specification"/>
    <property name="test.build.classes" value="/workdir/hadoop-ozone/integration-test/target/test-classes"/>
    <property name="java.awt.printerjob" value="sun.print.PSPrinterJob"/>
    <property name="sun.os.patch.level" value="unknown"/>
    <property name="hadoop.tmp.dir" value="/workdir/hadoop-ozone/integration-test/target/tmp"/>
    <property name="java.library.path" value="/usr/lib/jvm/java-1.8-openjdk/jre/lib/amd64/server:/usr/lib/jvm/java-1.8-openjdk/jre/lib/amd64:/usr/lib/jvm/java-1.8-openjdk/jre/../lib/amd64:/workdir/hadoop-ozone/integration-test/target/native/target/usr/local/lib:/workdir/hadoop-ozone/integration-test/../../hadoop-common-project/hadoop-common/target/native/target/usr/local/lib:/usr/java/packages/lib/amd64:/usr/lib64:/lib64:/lib:/usr/lib"/>
    <property name="java.vm.info" value="mixed mode"/>
    <property name="java.vendor" value="IcedTea"/>
    <property name="java.vm.version" value="25.212-b04"/>
    <property name="java.ext.dirs" value="/usr/lib/jvm/java-1.8-openjdk/jre/lib/ext:/usr/java/packages/lib/ext"/>
    <property name="sun.io.unicode.encoding" value="UnicodeLittle"/>
    <property name="java.class.version" value="52.0"/>
  </properties>
  <testcase name="testMultiBlockWritesWithDnFailures" classname="org.apache.hadoop.ozone.client.rpc.TestMultiBlockWritesWithDnFailures" time="20.47">
    <error message="Allocated 0 blocks. Requested 1 blocks" type="INTERNAL_ERROR org.apache.hadoop.ozone.om.exceptions.OMException">INTERNAL_ERROR org.apache.hadoop.ozone.om.exceptions.OMException: Allocated 0 blocks. Requested 1 blocks
	at org.apache.hadoop.ozone.om.protocolPB.OzoneManagerProtocolClientSideTranslatorPB.handleError(OzoneManagerProtocolClientSideTranslatorPB.java:720)
	at org.apache.hadoop.ozone.om.protocolPB.OzoneManagerProtocolClientSideTranslatorPB.allocateBlock(OzoneManagerProtocolClientSideTranslatorPB.java:752)
	at org.apache.hadoop.ozone.client.io.BlockOutputStreamEntryPool.allocateNewBlock(BlockOutputStreamEntryPool.java:248)
	at org.apache.hadoop.ozone.client.io.BlockOutputStreamEntryPool.allocateBlockIfNeeded(BlockOutputStreamEntryPool.java:296)
	at org.apache.hadoop.ozone.client.io.KeyOutputStream.handleWrite(KeyOutputStream.java:201)
	at org.apache.hadoop.ozone.client.io.KeyOutputStream.handleRetry(KeyOutputStream.java:376)
	at org.apache.hadoop.ozone.client.io.KeyOutputStream.handleException(KeyOutputStream.java:325)
	at org.apache.hadoop.ozone.client.io.KeyOutputStream.handleWrite(KeyOutputStream.java:231)
	at org.apache.hadoop.ozone.client.io.KeyOutputStream.handleRetry(KeyOutputStream.java:376)
	at org.apache.hadoop.ozone.client.io.KeyOutputStream.handleException(KeyOutputStream.java:325)
	at org.apache.hadoop.ozone.client.io.KeyOutputStream.handleWrite(KeyOutputStream.java:231)
	at org.apache.hadoop.ozone.client.io.KeyOutputStream.write(KeyOutputStream.java:193)
	at org.apache.hadoop.ozone.client.io.OzoneOutputStream.write(OzoneOutputStream.java:49)
	at java.io.OutputStream.write(OutputStream.java:75)
	at org.apache.hadoop.ozone.client.rpc.TestMultiBlockWritesWithDnFailures.testMultiBlockWritesWithDnFailures(TestMultiBlockWritesWithDnFailures.java:122)
	at sun.reflect.NativeMethodAccessorImpl.invoke0(Native Method)
	at sun.reflect.NativeMethodAccessorImpl.invoke(NativeMethodAccessorImpl.java:62)
	at sun.reflect.DelegatingMethodAccessorImpl.invoke(DelegatingMethodAccessorImpl.java:43)
	at java.lang.reflect.Method.invoke(Method.java:498)
	at org.junit.runners.model.FrameworkMethod$1.runReflectiveCall(FrameworkMethod.java:47)
	at org.junit.internal.runners.model.ReflectiveCallable.run(ReflectiveCallable.java:12)
	at org.junit.runners.model.FrameworkMethod.invokeExplosively(FrameworkMethod.java:44)
	at org.junit.internal.runners.statements.InvokeMethod.evaluate(InvokeMethod.java:17)
	at org.junit.runners.ParentRunner.runLeaf(ParentRunner.java:271)
	at org.junit.runners.BlockJUnit4ClassRunner.runChild(BlockJUnit4ClassRunner.java:70)
	at org.junit.runners.BlockJUnit4ClassRunner.runChild(BlockJUnit4ClassRunner.java:50)
	at org.junit.runners.ParentRunner$3.run(ParentRunner.java:238)
	at org.junit.runners.ParentRunner$1.schedule(ParentRunner.java:63)
	at org.junit.runners.ParentRunner.runChildren(ParentRunner.java:236)
	at org.junit.runners.ParentRunner.access$000(ParentRunner.java:53)
	at org.junit.runners.ParentRunner$2.evaluate(ParentRunner.java:229)
	at org.junit.runners.ParentRunner.run(ParentRunner.java:309)
	at org.apache.maven.surefire.junit4.JUnit4Provider.execute(JUnit4Provider.java:365)
	at org.apache.maven.surefire.junit4.JUnit4Provider.executeWithRerun(JUnit4Provider.java:273)
	at org.apache.maven.surefire.junit4.JUnit4Provider.executeTestSet(JUnit4Provider.java:238)
	at org.apache.maven.surefire.junit4.JUnit4Provider.invoke(JUnit4Provider.java:159)
	at org.apache.maven.surefire.booter.ForkedBooter.invokeProviderInSameClassLoader(ForkedBooter.java:384)
	at org.apache.maven.surefire.booter.ForkedBooter.runSuitesInProcess(ForkedBooter.java:345)
	at org.apache.maven.surefire.booter.ForkedBooter.execute(ForkedBooter.java:126)
	at org.apache.maven.surefire.booter.ForkedBooter.main(ForkedBooter.java:418)
</error>
    <system-out><![CDATA[2019-07-30 09:08:18,510 WARN  server.ServerUtils (ServerUtils.java:getScmDbDir(145)) - ozone.scm.db.dirs is not configured. We recommend adding this setting. Falling back to ozone.metadata.dirs instead.
2019-07-30 09:08:18,601 WARN  server.ServerUtils (ServerUtils.java:getScmDbDir(145)) - ozone.scm.db.dirs is not configured. We recommend adding this setting. Falling back to ozone.metadata.dirs instead.
2019-07-30 09:08:18,603 WARN  server.ServerUtils (ServerUtils.java:getScmDbDir(145)) - ozone.scm.db.dirs is not configured. We recommend adding this setting. Falling back to ozone.metadata.dirs instead.
2019-07-30 09:08:18,616 INFO  util.log (Log.java:initialized(192)) - Logging initialized @756ms
2019-07-30 09:08:18,695 INFO  db.DBStoreBuilder (DBStoreBuilder.java:addTable(110)) - using custom profile for table: deletedBlocks
2019-07-30 09:08:18,696 INFO  db.DBStoreBuilder (DBStoreBuilder.java:processTables(161)) - Using default column profile:DBProfile.DISK for Table:deletedBlocks
2019-07-30 09:08:18,696 INFO  db.DBStoreBuilder (DBStoreBuilder.java:addTable(110)) - using custom profile for table: validCerts
2019-07-30 09:08:18,696 INFO  db.DBStoreBuilder (DBStoreBuilder.java:processTables(161)) - Using default column profile:DBProfile.DISK for Table:validCerts
2019-07-30 09:08:18,696 INFO  db.DBStoreBuilder (DBStoreBuilder.java:addTable(110)) - using custom profile for table: revokedCerts
2019-07-30 09:08:18,697 INFO  db.DBStoreBuilder (DBStoreBuilder.java:processTables(161)) - Using default column profile:DBProfile.DISK for Table:revokedCerts
2019-07-30 09:08:18,706 INFO  db.DBStoreBuilder (DBStoreBuilder.java:addTable(110)) - using custom profile for table: default
2019-07-30 09:08:18,706 INFO  db.DBStoreBuilder (DBStoreBuilder.java:processTables(167)) - Using default column profile:DBProfile.DISK for Table:default
2019-07-30 09:08:18,707 INFO  db.DBStoreBuilder (DBStoreBuilder.java:getDbProfile(198)) - Using default options. DBProfile.DISK
2019-07-30 09:08:18,883 INFO  net.NodeSchemaLoader (NodeSchemaLoader.java:loadSchemaFromFile(125)) - Loading file from sun.misc.CompoundEnumeration@7193666c
2019-07-30 09:08:18,885 INFO  net.NodeSchemaLoader (NodeSchemaLoader.java:loadSchema(171)) - Loading network topology layer schema file
2019-07-30 09:08:18,961 INFO  node.SCMNodeManager (SCMNodeManager.java:<init>(121)) - Entering startup safe mode.
2019-07-30 09:08:19,029 WARN  server.ServerUtils (ServerUtils.java:getScmDbDir(145)) - ozone.scm.db.dirs is not configured. We recommend adding this setting. Falling back to ozone.metadata.dirs instead.
2019-07-30 09:08:19,085 INFO  pipeline.SCMPipelineManager (SCMPipelineManager.java:initializePipelineState(126)) - No pipeline exists in current db
2019-07-30 09:08:19,086 WARN  server.ServerUtils (ServerUtils.java:getScmDbDir(145)) - ozone.scm.db.dirs is not configured. We recommend adding this setting. Falling back to ozone.metadata.dirs instead.
2019-07-30 09:08:19,202 WARN  events.EventQueue (EventQueue.java:fireEvent(175)) - No event handler registered for event TypedEvent{payloadType=SafeModeStatus, name='SafeModeStatus'}
2019-07-30 09:08:19,604 INFO  ipc.CallQueueManager (CallQueueManager.java:<init>(84)) - Using callQueue: class java.util.concurrent.LinkedBlockingQueue, queueCapacity: 2000, scheduler: class org.apache.hadoop.ipc.DefaultRpcScheduler, ipcBackoff: false.
2019-07-30 09:08:19,639 INFO  ipc.Server (Server.java:run(1074)) - Starting Socket Reader #1 for port 35235
2019-07-30 09:08:19,663 INFO  ipc.CallQueueManager (CallQueueManager.java:<init>(84)) - Using callQueue: class java.util.concurrent.LinkedBlockingQueue, queueCapacity: 2000, scheduler: class org.apache.hadoop.ipc.DefaultRpcScheduler, ipcBackoff: false.
2019-07-30 09:08:19,665 INFO  ipc.Server (Server.java:run(1074)) - Starting Socket Reader #1 for port 35823
2019-07-30 09:08:19,671 INFO  ipc.CallQueueManager (CallQueueManager.java:<init>(84)) - Using callQueue: class java.util.concurrent.LinkedBlockingQueue, queueCapacity: 2000, scheduler: class org.apache.hadoop.ipc.DefaultRpcScheduler, ipcBackoff: false.
2019-07-30 09:08:19,672 INFO  ipc.Server (Server.java:run(1074)) - Starting Socket Reader #1 for port 36369
2019-07-30 09:08:19,811 INFO  hdfs.DFSUtil (DFSUtil.java:httpServerTemplateForNNAndJN(1641)) - Starting Web-server for scm at: http://0.0.0.0:0
2019-07-30 09:08:19,976 INFO  server.AuthenticationFilter (AuthenticationFilter.java:constructSecretProvider(240)) - Unable to initialize FileSignerSecretProvider, falling back to use random secrets.
2019-07-30 09:08:19,984 WARN  http.HttpRequestLog (HttpRequestLog.java:getRequestLog(97)) - Jetty request log can only be enabled using Log4j
2019-07-30 09:08:19,992 INFO  http.HttpServer2 (HttpServer2.java:addGlobalFilter(975)) - Added global filter 'safety' (class=org.apache.hadoop.http.HttpServer2$QuotingInputFilter)
2019-07-30 09:08:19,994 INFO  http.HttpServer2 (HttpServer2.java:addFilter(948)) - Added filter static_user_filter (class=org.apache.hadoop.http.lib.StaticUserWebFilter$StaticUserFilter) to context scm
2019-07-30 09:08:19,995 INFO  http.HttpServer2 (HttpServer2.java:addFilter(958)) - Added filter static_user_filter (class=org.apache.hadoop.http.lib.StaticUserWebFilter$StaticUserFilter) to context logs
2019-07-30 09:08:19,995 INFO  http.HttpServer2 (HttpServer2.java:addFilter(958)) - Added filter static_user_filter (class=org.apache.hadoop.http.lib.StaticUserWebFilter$StaticUserFilter) to context static
2019-07-30 09:08:20,021 INFO  server.StorageContainerManager (StorageContainerManager.java:start(758)) - StorageContainerLocationProtocol RPC server is listening at /0.0.0.0:36369
2019-07-30 09:08:20,078 WARN  impl.MetricsConfig (MetricsConfig.java:loadFirst(134)) - Cannot locate configuration: tried hadoop-metrics2-storagecontainermanager.properties,hadoop-metrics2.properties
2019-07-30 09:08:20,090 INFO  impl.MetricsSystemImpl (MetricsSystemImpl.java:startTimer(374)) - Scheduled Metric snapshot period at 10 second(s).
2019-07-30 09:08:20,090 INFO  impl.MetricsSystemImpl (MetricsSystemImpl.java:start(191)) - StorageContainerManager metrics system started
2019-07-30 09:08:20,308 INFO  server.SCMClientProtocolServer (SCMClientProtocolServer.java:start(151)) - RPC server for Client  is listening at /0.0.0.0:36369
2019-07-30 09:08:20,310 INFO  ipc.Server (Server.java:run(1314)) - IPC Server Responder: starting
2019-07-30 09:08:20,310 INFO  ipc.Server (Server.java:run(1153)) - IPC Server listener on 36369: starting
2019-07-30 09:08:20,315 INFO  server.StorageContainerManager (StorageContainerManager.java:start(768)) - ScmBlockLocationProtocol RPC server is listening at /0.0.0.0:35823
2019-07-30 09:08:20,315 INFO  server.SCMBlockProtocolServer (SCMBlockProtocolServer.java:start(140)) - RPC server for Block Protocol is listening at /0.0.0.0:35823
2019-07-30 09:08:20,316 INFO  ipc.Server (Server.java:run(1153)) - IPC Server listener on 35823: starting
2019-07-30 09:08:20,316 INFO  ipc.Server (Server.java:run(1314)) - IPC Server Responder: starting
2019-07-30 09:08:20,324 INFO  server.StorageContainerManager (StorageContainerManager.java:start(772)) - ScmDatanodeProtocl RPC server is listening at /0.0.0.0:35235
2019-07-30 09:08:20,325 INFO  server.SCMDatanodeProtocolServer (SCMDatanodeProtocolServer.java:start(191)) - RPC server for DataNodes is listening at /0.0.0.0:35235
2019-07-30 09:08:20,326 INFO  ipc.Server (Server.java:run(1314)) - IPC Server Responder: starting
2019-07-30 09:08:20,326 INFO  ipc.Server (Server.java:run(1153)) - IPC Server listener on 35235: starting
2019-07-30 09:08:20,339 INFO  http.HttpServer2 (HttpServer2.java:bindListener(1191)) - Jetty bound to port 34124
2019-07-30 09:08:20,342 INFO  server.Server (Server.java:doStart(351)) - jetty-9.3.24.v20180605, build timestamp: 2018-06-05T17:11:56Z, git hash: 84205aa28f11a4f31f2a3b86d1bba2cc8ab69827
2019-07-30 09:08:20,397 INFO  handler.ContextHandler (ContextHandler.java:doStart(781)) - Started o.e.j.s.ServletContextHandler@75f95314{/logs,file:///workdir/hadoop-ozone/integration-test/target/log,AVAILABLE}
2019-07-30 09:08:20,398 INFO  handler.ContextHandler (ContextHandler.java:doStart(781)) - Started o.e.j.s.ServletContextHandler@6bbe2511{/static,file:///workdir/hadoop-ozone/integration-test/target/test-classes/webapps/static,AVAILABLE}
2019-07-30 09:08:20,436 INFO  handler.ContextHandler (ContextHandler.java:doStart(781)) - Started o.e.j.w.WebAppContext@285d851a{/,file:///workdir/hadoop-ozone/integration-test/target/test-classes/webapps/scm/,AVAILABLE}{/scm}
2019-07-30 09:08:20,442 INFO  server.AbstractConnector (AbstractConnector.java:doStart(278)) - Started ServerConnector@32232e55{HTTP/1.1,[http/1.1]}{0.0.0.0:34124}
2019-07-30 09:08:20,442 INFO  server.Server (Server.java:doStart(419)) - Started @2583ms
2019-07-30 09:08:20,445 INFO  server.BaseHttpServer (BaseHttpServer.java:updateConnectorAddress(207)) - HTTP server of SCM is listening at http://0.0.0.0:34124
2019-07-30 09:08:20,453 INFO  util.JvmPauseMonitor (JvmPauseMonitor.java:run(188)) - Starting JVM pause monitor
2019-07-30 09:08:20,458 WARN  server.ServerUtils (ServerUtils.java:getDBPath(222)) - ozone.om.db.dirs is not configured. We recommend adding this setting. Falling back to ozone.metadata.dirs instead.
2019-07-30 09:08:20,575 WARN  server.ServerUtils (ServerUtils.java:getDBPath(222)) - ozone.om.db.dirs is not configured. We recommend adding this setting. Falling back to ozone.metadata.dirs instead.
2019-07-30 09:08:20,575 WARN  server.ServerUtils (ServerUtils.java:getDBPath(222)) - ozone.om.db.dirs is not configured. We recommend adding this setting. Falling back to ozone.metadata.dirs instead.
2019-07-30 09:08:20,577 INFO  om.OzoneManager (OzoneManager.java:setOMNodeDetails(644)) - OM Service ID is not set. Setting it to the default ID: omServiceIdDefault
2019-07-30 09:08:20,577 INFO  om.OzoneManager (OzoneManager.java:setOMNodeDetails(650)) - OM Node ID is not set. Setting it to the OmStorage's OmID: 98c8c87f-8e84-4ba1-8add-32fb42da4c6c
2019-07-30 09:08:20,578 INFO  om.OzoneManager (OzoneManager.java:loadOMHAConfigs(601)) - Found matching OM address with OMServiceId: null, OMNodeId: null, RPC Address: localhost:0 and Ratis port: 9872
2019-07-30 09:08:21,284 WARN  server.ServerUtils (ServerUtils.java:getDBPath(222)) - ozone.om.db.dirs is not configured. We recommend adding this setting. Falling back to ozone.metadata.dirs instead.
2019-07-30 09:08:21,292 INFO  db.DBStoreBuilder (DBStoreBuilder.java:addTable(110)) - using custom profile for table: userTable
2019-07-30 09:08:21,292 INFO  db.DBStoreBuilder (DBStoreBuilder.java:processTables(161)) - Using default column profile:DBProfile.DISK for Table:userTable
2019-07-30 09:08:21,292 INFO  db.DBStoreBuilder (DBStoreBuilder.java:addTable(110)) - using custom profile for table: volumeTable
2019-07-30 09:08:21,292 INFO  db.DBStoreBuilder (DBStoreBuilder.java:processTables(161)) - Using default column profile:DBProfile.DISK for Table:volumeTable
2019-07-30 09:08:21,293 INFO  db.DBStoreBuilder (DBStoreBuilder.java:addTable(110)) - using custom profile for table: bucketTable
2019-07-30 09:08:21,293 INFO  db.DBStoreBuilder (DBStoreBuilder.java:processTables(161)) - Using default column profile:DBProfile.DISK for Table:bucketTable
2019-07-30 09:08:21,293 INFO  db.DBStoreBuilder (DBStoreBuilder.java:addTable(110)) - using custom profile for table: keyTable
2019-07-30 09:08:21,293 INFO  db.DBStoreBuilder (DBStoreBuilder.java:processTables(161)) - Using default column profile:DBProfile.DISK for Table:keyTable
2019-07-30 09:08:21,294 INFO  db.DBStoreBuilder (DBStoreBuilder.java:addTable(110)) - using custom profile for table: deletedTable
2019-07-30 09:08:21,294 INFO  db.DBStoreBuilder (DBStoreBuilder.java:processTables(161)) - Using default column profile:DBProfile.DISK for Table:deletedTable
2019-07-30 09:08:21,294 INFO  db.DBStoreBuilder (DBStoreBuilder.java:addTable(110)) - using custom profile for table: openKeyTable
2019-07-30 09:08:21,294 INFO  db.DBStoreBuilder (DBStoreBuilder.java:processTables(161)) - Using default column profile:DBProfile.DISK for Table:openKeyTable
2019-07-30 09:08:21,295 INFO  db.DBStoreBuilder (DBStoreBuilder.java:addTable(110)) - using custom profile for table: s3Table
2019-07-30 09:08:21,295 INFO  db.DBStoreBuilder (DBStoreBuilder.java:processTables(161)) - Using default column profile:DBProfile.DISK for Table:s3Table
2019-07-30 09:08:21,295 INFO  db.DBStoreBuilder (DBStoreBuilder.java:addTable(110)) - using custom profile for table: multipartInfoTable
2019-07-30 09:08:21,295 INFO  db.DBStoreBuilder (DBStoreBuilder.java:processTables(161)) - Using default column profile:DBProfile.DISK for Table:multipartInfoTable
2019-07-30 09:08:21,296 INFO  db.DBStoreBuilder (DBStoreBuilder.java:addTable(110)) - using custom profile for table: dTokenTable
2019-07-30 09:08:21,296 INFO  db.DBStoreBuilder (DBStoreBuilder.java:processTables(161)) - Using default column profile:DBProfile.DISK for Table:dTokenTable
2019-07-30 09:08:21,297 INFO  db.DBStoreBuilder (DBStoreBuilder.java:addTable(110)) - using custom profile for table: s3SecretTable
2019-07-30 09:08:21,297 INFO  db.DBStoreBuilder (DBStoreBuilder.java:processTables(161)) - Using default column profile:DBProfile.DISK for Table:s3SecretTable
2019-07-30 09:08:21,297 INFO  db.DBStoreBuilder (DBStoreBuilder.java:addTable(110)) - using custom profile for table: prefixTable
2019-07-30 09:08:21,297 INFO  db.DBStoreBuilder (DBStoreBuilder.java:processTables(161)) - Using default column profile:DBProfile.DISK for Table:prefixTable
2019-07-30 09:08:21,298 INFO  db.DBStoreBuilder (DBStoreBuilder.java:addTable(110)) - using custom profile for table: default
2019-07-30 09:08:21,298 INFO  db.DBStoreBuilder (DBStoreBuilder.java:processTables(167)) - Using default column profile:DBProfile.DISK for Table:default
2019-07-30 09:08:21,298 INFO  db.DBStoreBuilder (DBStoreBuilder.java:getDbProfile(198)) - Using default options. DBProfile.DISK
2019-07-30 09:08:21,876 INFO  ipc.CallQueueManager (CallQueueManager.java:<init>(84)) - Using callQueue: class java.util.concurrent.LinkedBlockingQueue, queueCapacity: 2000, scheduler: class org.apache.hadoop.ipc.DefaultRpcScheduler, ipcBackoff: false.
2019-07-30 09:08:21,877 INFO  ipc.Server (Server.java:run(1074)) - Starting Socket Reader #1 for port 41941
2019-07-30 09:08:21,900 INFO  om.OzoneManager (OzoneManager.java:start(1255)) - OzoneManager RPC server is listening at localhost/127.0.0.1:41941
2019-07-30 09:08:21,900 INFO  impl.MetricsSystemImpl (MetricsSystemImpl.java:init(158)) - OzoneManager metrics system started (again)
2019-07-30 09:08:21,902 INFO  ipc.Server (Server.java:run(1314)) - IPC Server Responder: starting
2019-07-30 09:08:21,902 INFO  ipc.Server (Server.java:run(1153)) - IPC Server listener on 41941: starting
2019-07-30 09:08:21,918 INFO  hdfs.DFSUtil (DFSUtil.java:httpServerTemplateForNNAndJN(1641)) - Starting Web-server for ozoneManager at: http://0.0.0.0:0
2019-07-30 09:08:21,920 INFO  server.AuthenticationFilter (AuthenticationFilter.java:constructSecretProvider(240)) - Unable to initialize FileSignerSecretProvider, falling back to use random secrets.
2019-07-30 09:08:21,921 WARN  http.HttpRequestLog (HttpRequestLog.java:getRequestLog(97)) - Jetty request log can only be enabled using Log4j
2019-07-30 09:08:21,923 INFO  http.HttpServer2 (HttpServer2.java:addGlobalFilter(975)) - Added global filter 'safety' (class=org.apache.hadoop.http.HttpServer2$QuotingInputFilter)
2019-07-30 09:08:21,924 INFO  http.HttpServer2 (HttpServer2.java:addFilter(948)) - Added filter static_user_filter (class=org.apache.hadoop.http.lib.StaticUserWebFilter$StaticUserFilter) to context ozoneManager
2019-07-30 09:08:21,924 INFO  http.HttpServer2 (HttpServer2.java:addFilter(958)) - Added filter static_user_filter (class=org.apache.hadoop.http.lib.StaticUserWebFilter$StaticUserFilter) to context static
2019-07-30 09:08:21,925 INFO  http.HttpServer2 (HttpServer2.java:addFilter(958)) - Added filter static_user_filter (class=org.apache.hadoop.http.lib.StaticUserWebFilter$StaticUserFilter) to context logs
2019-07-30 09:08:21,927 INFO  http.HttpServer2 (HttpServer2.java:bindListener(1191)) - Jetty bound to port 34170
2019-07-30 09:08:21,928 INFO  server.Server (Server.java:doStart(351)) - jetty-9.3.24.v20180605, build timestamp: 2018-06-05T17:11:56Z, git hash: 84205aa28f11a4f31f2a3b86d1bba2cc8ab69827
2019-07-30 09:08:21,930 INFO  handler.ContextHandler (ContextHandler.java:doStart(781)) - Started o.e.j.s.ServletContextHandler@7808fb9{/logs,file:///workdir/hadoop-ozone/integration-test/target/log,AVAILABLE}
2019-07-30 09:08:21,931 INFO  handler.ContextHandler (ContextHandler.java:doStart(781)) - Started o.e.j.s.ServletContextHandler@6b580b88{/static,file:///workdir/hadoop-ozone/integration-test/target/test-classes/webapps/static,AVAILABLE}
2019-07-30 09:08:21,936 INFO  handler.ContextHandler (ContextHandler.java:doStart(781)) - Started o.e.j.w.WebAppContext@4a1c0752{/,file:///workdir/hadoop-ozone/integration-test/target/test-classes/webapps/ozoneManager/,AVAILABLE}{/ozoneManager}
2019-07-30 09:08:21,937 INFO  server.AbstractConnector (AbstractConnector.java:doStart(278)) - Started ServerConnector@332f25c8{HTTP/1.1,[http/1.1]}{0.0.0.0:34170}
2019-07-30 09:08:21,937 INFO  server.Server (Server.java:doStart(419)) - Started @4078ms
2019-07-30 09:08:21,938 INFO  server.BaseHttpServer (BaseHttpServer.java:updateConnectorAddress(207)) - HTTP server of OZONEMANAGER is listening at http://0.0.0.0:34170
2019-07-30 09:08:22,289 INFO  impl.MetricsSystemImpl (MetricsSystemImpl.java:init(158)) - HddsDatanode metrics system started (again)
2019-07-30 09:08:22,394 INFO  ozone.HddsDatanodeService (HddsDatanodeService.java:start(184)) - HddsDatanodeService host:byscane-nightly-jdzkf-783033596 ip:192.168.69.91
2019-07-30 09:08:22,430 INFO  volume.HddsVolume (HddsVolume.java:<init>(176)) - Creating Volume: /workdir/hadoop-ozone/integration-test/target/test-dir/MiniOzoneClusterImpl-3db9067a-67d3-4f61-944d-ab2c3ba48099/datanode-0/data/containers/hdds of  storage type : DISK and capacity : 52710309888
2019-07-30 09:08:22,432 INFO  volume.VolumeSet (VolumeSet.java:initializeVolumeSet(170)) - Added Volume : /workdir/hadoop-ozone/integration-test/target/test-dir/MiniOzoneClusterImpl-3db9067a-67d3-4f61-944d-ab2c3ba48099/datanode-0/data/containers/hdds to VolumeSet
2019-07-30 09:08:22,435 INFO  volume.ThrottledAsyncChecker (ThrottledAsyncChecker.java:schedule(140)) - Scheduling a check for org.apache.hadoop.ozone.container.common.volume.HddsVolume@29a69a35
2019-07-30 09:08:22,455 INFO  volume.HddsVolumeChecker (HddsVolumeChecker.java:checkAllVolumes(203)) - Scheduled health check for volume org.apache.hadoop.ozone.container.common.volume.HddsVolume@29a69a35
2019-07-30 09:08:22,558 INFO  impl.RaftServerProxy (ConfUtils.java:logGet(43)) - raft.rpc.type = GRPC (default)
2019-07-30 09:08:22,622 INFO  grpc.GrpcFactory (GrpcFactory.java:checkPooledByteBufAllocatorUseCacheForAllThreads(45)) - PERFORMANCE WARNING: useCacheForAllThreads is true that may cause Netty to create a lot garbage objects and, as a result, trigger GC.
	It is recommended to disable useCacheForAllThreads by setting -Dorg.apache.ratis.thirdparty.io.netty.allocator.useCacheForAllThreads=false in command line.
2019-07-30 09:08:22,626 INFO  grpc.GrpcConfigKeys$Server (ConfUtils.java:logGet(43)) - raft.grpc.server.port = 0 (default)
2019-07-30 09:08:22,627 INFO  server.GrpcService (ConfUtils.java:logGet(43)) - raft.grpc.message.size.max = 33570816 (custom)
2019-07-30 09:08:22,628 INFO  server.RaftServerConfigKeys (ConfUtils.java:logGet(43)) - raft.server.log.appender.buffer.byte-limit = 33554432 (custom)
2019-07-30 09:08:22,629 INFO  server.GrpcService (ConfUtils.java:logGet(43)) - raft.grpc.flow.control.window = 1MB (=1048576) (default)
2019-07-30 09:08:22,630 INFO  server.RaftServerConfigKeys (ConfUtils.java:logGet(43)) - raft.server.rpc.request.timeout = 3000ms (default)
2019-07-30 09:08:22,790 INFO  server.RaftServerConfigKeys (ConfUtils.java:logGet(43)) - raft.server.storage.dir = [/workdir/hadoop-ozone/integration-test/target/test-dir/MiniOzoneClusterImpl-3db9067a-67d3-4f61-944d-ab2c3ba48099/datanode-0/data/ratis] (custom)
2019-07-30 09:08:22,829 INFO  replication.SimpleContainerDownloader (SimpleContainerDownloader.java:<init>(72)) - Starting container downloader service to copy containers to replicate.
2019-07-30 09:08:22,842 INFO  hdfs.DFSUtil (DFSUtil.java:httpServerTemplateForNNAndJN(1641)) - Starting Web-server for hddsDatanode at: http://0.0.0.0:0
2019-07-30 09:08:22,844 INFO  server.AuthenticationFilter (AuthenticationFilter.java:constructSecretProvider(240)) - Unable to initialize FileSignerSecretProvider, falling back to use random secrets.
2019-07-30 09:08:22,845 WARN  http.HttpRequestLog (HttpRequestLog.java:getRequestLog(97)) - Jetty request log can only be enabled using Log4j
2019-07-30 09:08:22,848 INFO  http.HttpServer2 (HttpServer2.java:addGlobalFilter(975)) - Added global filter 'safety' (class=org.apache.hadoop.http.HttpServer2$QuotingInputFilter)
2019-07-30 09:08:22,849 INFO  http.HttpServer2 (HttpServer2.java:addFilter(948)) - Added filter static_user_filter (class=org.apache.hadoop.http.lib.StaticUserWebFilter$StaticUserFilter) to context hddsDatanode
2019-07-30 09:08:22,849 INFO  http.HttpServer2 (HttpServer2.java:addFilter(958)) - Added filter static_user_filter (class=org.apache.hadoop.http.lib.StaticUserWebFilter$StaticUserFilter) to context logs
2019-07-30 09:08:22,849 INFO  http.HttpServer2 (HttpServer2.java:addFilter(958)) - Added filter static_user_filter (class=org.apache.hadoop.http.lib.StaticUserWebFilter$StaticUserFilter) to context static
2019-07-30 09:08:22,851 INFO  http.HttpServer2 (HttpServer2.java:bindListener(1191)) - Jetty bound to port 38886
2019-07-30 09:08:22,851 INFO  server.Server (Server.java:doStart(351)) - jetty-9.3.24.v20180605, build timestamp: 2018-06-05T17:11:56Z, git hash: 84205aa28f11a4f31f2a3b86d1bba2cc8ab69827
2019-07-30 09:08:22,854 INFO  handler.ContextHandler (ContextHandler.java:doStart(781)) - Started o.e.j.s.ServletContextHandler@65c33b92{/logs,file:///workdir/hadoop-ozone/integration-test/target/log,AVAILABLE}
2019-07-30 09:08:22,855 INFO  handler.ContextHandler (ContextHandler.java:doStart(781)) - Started o.e.j.s.ServletContextHandler@4e08acf9{/static,jar:file:/home/user/.m2/repository/org/apache/hadoop/hadoop-hdds-container-service/0.4.1-SNAPSHOT/hadoop-hdds-container-service-0.4.1-SNAPSHOT.jar!/webapps/static,AVAILABLE}
2019-07-30 09:08:22,904 INFO  handler.ContextHandler (ContextHandler.java:doStart(781)) - Started o.e.j.w.WebAppContext@36417a54{/,file:///tmp/jetty-0.0.0.0-38886-hddsDatanode-_-any-8661563079707656847.dir/webapp/,AVAILABLE}{/hddsDatanode}
2019-07-30 09:08:22,907 INFO  server.AbstractConnector (AbstractConnector.java:doStart(278)) - Started ServerConnector@2b8bb184{HTTP/1.1,[http/1.1]}{0.0.0.0:38886}
2019-07-30 09:08:22,914 INFO  server.Server (Server.java:doStart(419)) - Started @5054ms
2019-07-30 09:08:22,915 INFO  server.BaseHttpServer (BaseHttpServer.java:updateConnectorAddress(207)) - HTTP server of HDDSDATANODE is listening at http://0.0.0.0:38886
2019-07-30 09:08:24,066 INFO  ozone.HddsDatanodeService (HddsDatanodeService.java:startPlugins(395)) - Started plug-in org.apache.hadoop.ozone.web.OzoneHddsDatanodeService@623e0631
2019-07-30 09:08:24,070 INFO  impl.MetricsSystemImpl (MetricsSystemImpl.java:init(158)) - HddsDatanode metrics system started (again)
2019-07-30 09:08:24,075 INFO  ozone.HddsDatanodeService (HddsDatanodeService.java:start(184)) - HddsDatanodeService host:byscane-nightly-jdzkf-783033596 ip:192.168.69.91
2019-07-30 09:08:24,079 INFO  util.JvmPauseMonitor (JvmPauseMonitor.java:run(188)) - Starting JVM pause monitor
2019-07-30 09:08:24,086 INFO  volume.HddsVolume (HddsVolume.java:<init>(176)) - Creating Volume: /workdir/hadoop-ozone/integration-test/target/test-dir/MiniOzoneClusterImpl-3db9067a-67d3-4f61-944d-ab2c3ba48099/datanode-1/data/containers/hdds of  storage type : DISK and capacity : 52710309888
2019-07-30 09:08:24,087 INFO  volume.VolumeSet (VolumeSet.java:initializeVolumeSet(170)) - Added Volume : /workdir/hadoop-ozone/integration-test/target/test-dir/MiniOzoneClusterImpl-3db9067a-67d3-4f61-944d-ab2c3ba48099/datanode-1/data/containers/hdds to VolumeSet
2019-07-30 09:08:24,087 INFO  volume.ThrottledAsyncChecker (ThrottledAsyncChecker.java:schedule(140)) - Scheduling a check for org.apache.hadoop.ozone.container.common.volume.HddsVolume@6e02721d
2019-07-30 09:08:24,089 INFO  volume.HddsVolumeChecker (HddsVolumeChecker.java:checkAllVolumes(203)) - Scheduled health check for volume org.apache.hadoop.ozone.container.common.volume.HddsVolume@6e02721d
2019-07-30 09:08:24,111 INFO  impl.RaftServerProxy (ConfUtils.java:logGet(43)) - raft.rpc.type = GRPC (default)
2019-07-30 09:08:24,112 INFO  grpc.GrpcFactory (GrpcFactory.java:checkPooledByteBufAllocatorUseCacheForAllThreads(45)) - PERFORMANCE WARNING: useCacheForAllThreads is true that may cause Netty to create a lot garbage objects and, as a result, trigger GC.
	It is recommended to disable useCacheForAllThreads by setting -Dorg.apache.ratis.thirdparty.io.netty.allocator.useCacheForAllThreads=false in command line.
2019-07-30 09:08:24,112 INFO  grpc.GrpcConfigKeys$Server (ConfUtils.java:logGet(43)) - raft.grpc.server.port = 0 (default)
2019-07-30 09:08:24,113 INFO  server.GrpcService (ConfUtils.java:logGet(43)) - raft.grpc.message.size.max = 33570816 (custom)
2019-07-30 09:08:24,113 INFO  server.RaftServerConfigKeys (ConfUtils.java:logGet(43)) - raft.server.log.appender.buffer.byte-limit = 33554432 (custom)
2019-07-30 09:08:24,113 INFO  server.GrpcService (ConfUtils.java:logGet(43)) - raft.grpc.flow.control.window = 1MB (=1048576) (default)
2019-07-30 09:08:24,114 INFO  server.RaftServerConfigKeys (ConfUtils.java:logGet(43)) - raft.server.rpc.request.timeout = 3000ms (default)
2019-07-30 09:08:24,115 INFO  server.RaftServerConfigKeys (ConfUtils.java:logGet(43)) - raft.server.storage.dir = [/workdir/hadoop-ozone/integration-test/target/test-dir/MiniOzoneClusterImpl-3db9067a-67d3-4f61-944d-ab2c3ba48099/datanode-1/data/ratis] (custom)
2019-07-30 09:08:24,115 INFO  replication.SimpleContainerDownloader (SimpleContainerDownloader.java:<init>(72)) - Starting container downloader service to copy containers to replicate.
2019-07-30 09:08:24,117 INFO  hdfs.DFSUtil (DFSUtil.java:httpServerTemplateForNNAndJN(1641)) - Starting Web-server for hddsDatanode at: http://0.0.0.0:0
2019-07-30 09:08:24,123 INFO  server.AuthenticationFilter (AuthenticationFilter.java:constructSecretProvider(240)) - Unable to initialize FileSignerSecretProvider, falling back to use random secrets.
2019-07-30 09:08:24,125 WARN  http.HttpRequestLog (HttpRequestLog.java:getRequestLog(97)) - Jetty request log can only be enabled using Log4j
2019-07-30 09:08:24,129 INFO  http.HttpServer2 (HttpServer2.java:addGlobalFilter(975)) - Added global filter 'safety' (class=org.apache.hadoop.http.HttpServer2$QuotingInputFilter)
2019-07-30 09:08:24,131 INFO  http.HttpServer2 (HttpServer2.java:addFilter(948)) - Added filter static_user_filter (class=org.apache.hadoop.http.lib.StaticUserWebFilter$StaticUserFilter) to context hddsDatanode
2019-07-30 09:08:24,131 INFO  http.HttpServer2 (HttpServer2.java:addFilter(958)) - Added filter static_user_filter (class=org.apache.hadoop.http.lib.StaticUserWebFilter$StaticUserFilter) to context logs
2019-07-30 09:08:24,132 INFO  http.HttpServer2 (HttpServer2.java:addFilter(958)) - Added filter static_user_filter (class=org.apache.hadoop.http.lib.StaticUserWebFilter$StaticUserFilter) to context static
2019-07-30 09:08:24,133 INFO  http.HttpServer2 (HttpServer2.java:bindListener(1191)) - Jetty bound to port 32935
2019-07-30 09:08:24,134 INFO  server.Server (Server.java:doStart(351)) - jetty-9.3.24.v20180605, build timestamp: 2018-06-05T17:11:56Z, git hash: 84205aa28f11a4f31f2a3b86d1bba2cc8ab69827
2019-07-30 09:08:24,138 INFO  handler.ContextHandler (ContextHandler.java:doStart(781)) - Started o.e.j.s.ServletContextHandler@69a024a0{/logs,file:///workdir/hadoop-ozone/integration-test/target/log,AVAILABLE}
2019-07-30 09:08:24,139 INFO  handler.ContextHandler (ContextHandler.java:doStart(781)) - Started o.e.j.s.ServletContextHandler@2d7637e6{/static,jar:file:/home/user/.m2/repository/org/apache/hadoop/hadoop-hdds-container-service/0.4.1-SNAPSHOT/hadoop-hdds-container-service-0.4.1-SNAPSHOT.jar!/webapps/static,AVAILABLE}
2019-07-30 09:08:24,170 INFO  handler.ContextHandler (ContextHandler.java:doStart(781)) - Started o.e.j.w.WebAppContext@2ce03e86{/,file:///tmp/jetty-0.0.0.0-32935-hddsDatanode-_-any-8688568563303429670.dir/webapp/,AVAILABLE}{/hddsDatanode}
2019-07-30 09:08:24,170 INFO  server.AbstractConnector (AbstractConnector.java:doStart(278)) - Started ServerConnector@1c628f6a{HTTP/1.1,[http/1.1]}{0.0.0.0:32935}
2019-07-30 09:08:24,171 INFO  server.Server (Server.java:doStart(419)) - Started @6312ms
2019-07-30 09:08:24,174 INFO  server.BaseHttpServer (BaseHttpServer.java:updateConnectorAddress(207)) - HTTP server of HDDSDATANODE is listening at http://0.0.0.0:32935
2019-07-30 09:08:24,226 INFO  datanode.InitDatanodeState (InitDatanodeState.java:persistContainerDatanodeDetails(140)) - DatanodeDetails is persisted to /workdir/hadoop-ozone/integration-test/target/test-dir/MiniOzoneClusterImpl-3db9067a-67d3-4f61-944d-ab2c3ba48099/datanode-0/meta/datanode.id
2019-07-30 09:08:24,368 INFO  ozone.HddsDatanodeService (HddsDatanodeService.java:startPlugins(395)) - Started plug-in org.apache.hadoop.ozone.web.OzoneHddsDatanodeService@ccd341d
2019-07-30 09:08:24,369 INFO  impl.MetricsSystemImpl (MetricsSystemImpl.java:init(158)) - HddsDatanode metrics system started (again)
2019-07-30 09:08:24,372 INFO  util.JvmPauseMonitor (JvmPauseMonitor.java:run(188)) - Starting JVM pause monitor
2019-07-30 09:08:24,372 INFO  ozone.HddsDatanodeService (HddsDatanodeService.java:start(184)) - HddsDatanodeService host:byscane-nightly-jdzkf-783033596 ip:192.168.69.91
2019-07-30 09:08:24,379 INFO  datanode.InitDatanodeState (InitDatanodeState.java:persistContainerDatanodeDetails(140)) - DatanodeDetails is persisted to /workdir/hadoop-ozone/integration-test/target/test-dir/MiniOzoneClusterImpl-3db9067a-67d3-4f61-944d-ab2c3ba48099/datanode-1/meta/datanode.id
2019-07-30 09:08:24,384 INFO  volume.HddsVolume (HddsVolume.java:<init>(176)) - Creating Volume: /workdir/hadoop-ozone/integration-test/target/test-dir/MiniOzoneClusterImpl-3db9067a-67d3-4f61-944d-ab2c3ba48099/datanode-2/data/containers/hdds of  storage type : DISK and capacity : 52710309888
2019-07-30 09:08:24,385 INFO  volume.VolumeSet (VolumeSet.java:initializeVolumeSet(170)) - Added Volume : /workdir/hadoop-ozone/integration-test/target/test-dir/MiniOzoneClusterImpl-3db9067a-67d3-4f61-944d-ab2c3ba48099/datanode-2/data/containers/hdds to VolumeSet
2019-07-30 09:08:24,385 INFO  volume.ThrottledAsyncChecker (ThrottledAsyncChecker.java:schedule(140)) - Scheduling a check for org.apache.hadoop.ozone.container.common.volume.HddsVolume@1f10fec6
2019-07-30 09:08:24,386 INFO  volume.HddsVolumeChecker (HddsVolumeChecker.java:checkAllVolumes(203)) - Scheduled health check for volume org.apache.hadoop.ozone.container.common.volume.HddsVolume@1f10fec6
2019-07-30 09:08:24,400 INFO  impl.RaftServerProxy (ConfUtils.java:logGet(43)) - raft.rpc.type = GRPC (default)
2019-07-30 09:08:24,400 INFO  grpc.GrpcFactory (GrpcFactory.java:checkPooledByteBufAllocatorUseCacheForAllThreads(45)) - PERFORMANCE WARNING: useCacheForAllThreads is true that may cause Netty to create a lot garbage objects and, as a result, trigger GC.
	It is recommended to disable useCacheForAllThreads by setting -Dorg.apache.ratis.thirdparty.io.netty.allocator.useCacheForAllThreads=false in command line.
2019-07-30 09:08:24,401 INFO  grpc.GrpcConfigKeys$Server (ConfUtils.java:logGet(43)) - raft.grpc.server.port = 0 (default)
2019-07-30 09:08:24,401 INFO  server.GrpcService (ConfUtils.java:logGet(43)) - raft.grpc.message.size.max = 33570816 (custom)
2019-07-30 09:08:24,401 INFO  server.RaftServerConfigKeys (ConfUtils.java:logGet(43)) - raft.server.log.appender.buffer.byte-limit = 33554432 (custom)
2019-07-30 09:08:24,401 INFO  server.GrpcService (ConfUtils.java:logGet(43)) - raft.grpc.flow.control.window = 1MB (=1048576) (default)
2019-07-30 09:08:24,402 INFO  server.RaftServerConfigKeys (ConfUtils.java:logGet(43)) - raft.server.rpc.request.timeout = 3000ms (default)
2019-07-30 09:08:24,402 INFO  server.RaftServerConfigKeys (ConfUtils.java:logGet(43)) - raft.server.storage.dir = [/workdir/hadoop-ozone/integration-test/target/test-dir/MiniOzoneClusterImpl-3db9067a-67d3-4f61-944d-ab2c3ba48099/datanode-2/data/ratis] (custom)
2019-07-30 09:08:24,403 INFO  replication.SimpleContainerDownloader (SimpleContainerDownloader.java:<init>(72)) - Starting container downloader service to copy containers to replicate.
2019-07-30 09:08:24,404 INFO  hdfs.DFSUtil (DFSUtil.java:httpServerTemplateForNNAndJN(1641)) - Starting Web-server for hddsDatanode at: http://0.0.0.0:0
2019-07-30 09:08:24,406 INFO  server.AuthenticationFilter (AuthenticationFilter.java:constructSecretProvider(240)) - Unable to initialize FileSignerSecretProvider, falling back to use random secrets.
2019-07-30 09:08:24,406 WARN  http.HttpRequestLog (HttpRequestLog.java:getRequestLog(97)) - Jetty request log can only be enabled using Log4j
2019-07-30 09:08:24,408 INFO  http.HttpServer2 (HttpServer2.java:addGlobalFilter(975)) - Added global filter 'safety' (class=org.apache.hadoop.http.HttpServer2$QuotingInputFilter)
2019-07-30 09:08:24,408 INFO  http.HttpServer2 (HttpServer2.java:addFilter(948)) - Added filter static_user_filter (class=org.apache.hadoop.http.lib.StaticUserWebFilter$StaticUserFilter) to context hddsDatanode
2019-07-30 09:08:24,409 INFO  http.HttpServer2 (HttpServer2.java:addFilter(958)) - Added filter static_user_filter (class=org.apache.hadoop.http.lib.StaticUserWebFilter$StaticUserFilter) to context logs
2019-07-30 09:08:24,409 INFO  http.HttpServer2 (HttpServer2.java:addFilter(958)) - Added filter static_user_filter (class=org.apache.hadoop.http.lib.StaticUserWebFilter$StaticUserFilter) to context static
2019-07-30 09:08:24,409 INFO  http.HttpServer2 (HttpServer2.java:bindListener(1191)) - Jetty bound to port 38002
2019-07-30 09:08:24,410 INFO  server.Server (Server.java:doStart(351)) - jetty-9.3.24.v20180605, build timestamp: 2018-06-05T17:11:56Z, git hash: 84205aa28f11a4f31f2a3b86d1bba2cc8ab69827
2019-07-30 09:08:24,413 INFO  handler.ContextHandler (ContextHandler.java:doStart(781)) - Started o.e.j.s.ServletContextHandler@7cfb0c4c{/logs,file:///workdir/hadoop-ozone/integration-test/target/log,AVAILABLE}
2019-07-30 09:08:24,414 INFO  handler.ContextHandler (ContextHandler.java:doStart(781)) - Started o.e.j.s.ServletContextHandler@6b63abdc{/static,jar:file:/home/user/.m2/repository/org/apache/hadoop/hadoop-hdds-container-service/0.4.1-SNAPSHOT/hadoop-hdds-container-service-0.4.1-SNAPSHOT.jar!/webapps/static,AVAILABLE}
2019-07-30 09:08:24,441 INFO  handler.ContextHandler (ContextHandler.java:doStart(781)) - Started o.e.j.w.WebAppContext@35787726{/,file:///tmp/jetty-0.0.0.0-38002-hddsDatanode-_-any-2897058163784165231.dir/webapp/,AVAILABLE}{/hddsDatanode}
2019-07-30 09:08:24,442 INFO  server.AbstractConnector (AbstractConnector.java:doStart(278)) - Started ServerConnector@2199e845{HTTP/1.1,[http/1.1]}{0.0.0.0:38002}
2019-07-30 09:08:24,443 INFO  server.Server (Server.java:doStart(419)) - Started @6583ms
2019-07-30 09:08:24,444 INFO  server.BaseHttpServer (BaseHttpServer.java:updateConnectorAddress(207)) - HTTP server of HDDSDATANODE is listening at http://0.0.0.0:38002
2019-07-30 09:08:24,575 INFO  ozone.HddsDatanodeService (HddsDatanodeService.java:startPlugins(395)) - Started plug-in org.apache.hadoop.ozone.web.OzoneHddsDatanodeService@6a98f353
2019-07-30 09:08:24,575 INFO  impl.MetricsSystemImpl (MetricsSystemImpl.java:init(158)) - HddsDatanode metrics system started (again)
2019-07-30 09:08:24,578 INFO  ozone.HddsDatanodeService (HddsDatanodeService.java:start(184)) - HddsDatanodeService host:byscane-nightly-jdzkf-783033596 ip:192.168.69.91
2019-07-30 09:08:24,579 INFO  util.JvmPauseMonitor (JvmPauseMonitor.java:run(188)) - Starting JVM pause monitor
2019-07-30 09:08:24,582 INFO  datanode.InitDatanodeState (InitDatanodeState.java:persistContainerDatanodeDetails(140)) - DatanodeDetails is persisted to /workdir/hadoop-ozone/integration-test/target/test-dir/MiniOzoneClusterImpl-3db9067a-67d3-4f61-944d-ab2c3ba48099/datanode-2/meta/datanode.id
2019-07-30 09:08:24,587 INFO  volume.HddsVolume (HddsVolume.java:<init>(176)) - Creating Volume: /workdir/hadoop-ozone/integration-test/target/test-dir/MiniOzoneClusterImpl-3db9067a-67d3-4f61-944d-ab2c3ba48099/datanode-3/data/containers/hdds of  storage type : DISK and capacity : 52710309888
2019-07-30 09:08:24,588 INFO  volume.VolumeSet (VolumeSet.java:initializeVolumeSet(170)) - Added Volume : /workdir/hadoop-ozone/integration-test/target/test-dir/MiniOzoneClusterImpl-3db9067a-67d3-4f61-944d-ab2c3ba48099/datanode-3/data/containers/hdds to VolumeSet
2019-07-30 09:08:24,588 INFO  volume.ThrottledAsyncChecker (ThrottledAsyncChecker.java:schedule(140)) - Scheduling a check for org.apache.hadoop.ozone.container.common.volume.HddsVolume@58687fb7
2019-07-30 09:08:24,589 INFO  volume.HddsVolumeChecker (HddsVolumeChecker.java:checkAllVolumes(203)) - Scheduled health check for volume org.apache.hadoop.ozone.container.common.volume.HddsVolume@58687fb7
2019-07-30 09:08:24,602 INFO  impl.RaftServerProxy (ConfUtils.java:logGet(43)) - raft.rpc.type = GRPC (default)
2019-07-30 09:08:24,602 INFO  grpc.GrpcFactory (GrpcFactory.java:checkPooledByteBufAllocatorUseCacheForAllThreads(45)) - PERFORMANCE WARNING: useCacheForAllThreads is true that may cause Netty to create a lot garbage objects and, as a result, trigger GC.
	It is recommended to disable useCacheForAllThreads by setting -Dorg.apache.ratis.thirdparty.io.netty.allocator.useCacheForAllThreads=false in command line.
2019-07-30 09:08:24,602 INFO  grpc.GrpcConfigKeys$Server (ConfUtils.java:logGet(43)) - raft.grpc.server.port = 0 (default)
2019-07-30 09:08:24,602 INFO  server.GrpcService (ConfUtils.java:logGet(43)) - raft.grpc.message.size.max = 33570816 (custom)
2019-07-30 09:08:24,603 INFO  server.RaftServerConfigKeys (ConfUtils.java:logGet(43)) - raft.server.log.appender.buffer.byte-limit = 33554432 (custom)
2019-07-30 09:08:24,603 INFO  server.GrpcService (ConfUtils.java:logGet(43)) - raft.grpc.flow.control.window = 1MB (=1048576) (default)
2019-07-30 09:08:24,603 INFO  server.RaftServerConfigKeys (ConfUtils.java:logGet(43)) - raft.server.rpc.request.timeout = 3000ms (default)
2019-07-30 09:08:24,604 INFO  server.RaftServerConfigKeys (ConfUtils.java:logGet(43)) - raft.server.storage.dir = [/workdir/hadoop-ozone/integration-test/target/test-dir/MiniOzoneClusterImpl-3db9067a-67d3-4f61-944d-ab2c3ba48099/datanode-3/data/ratis] (custom)
2019-07-30 09:08:24,604 INFO  replication.SimpleContainerDownloader (SimpleContainerDownloader.java:<init>(72)) - Starting container downloader service to copy containers to replicate.
2019-07-30 09:08:24,605 INFO  hdfs.DFSUtil (DFSUtil.java:httpServerTemplateForNNAndJN(1641)) - Starting Web-server for hddsDatanode at: http://0.0.0.0:0
2019-07-30 09:08:24,606 INFO  server.AuthenticationFilter (AuthenticationFilter.java:constructSecretProvider(240)) - Unable to initialize FileSignerSecretProvider, falling back to use random secrets.
2019-07-30 09:08:24,607 WARN  http.HttpRequestLog (HttpRequestLog.java:getRequestLog(97)) - Jetty request log can only be enabled using Log4j
2019-07-30 09:08:24,609 INFO  http.HttpServer2 (HttpServer2.java:addGlobalFilter(975)) - Added global filter 'safety' (class=org.apache.hadoop.http.HttpServer2$QuotingInputFilter)
2019-07-30 09:08:24,609 INFO  http.HttpServer2 (HttpServer2.java:addFilter(948)) - Added filter static_user_filter (class=org.apache.hadoop.http.lib.StaticUserWebFilter$StaticUserFilter) to context hddsDatanode
2019-07-30 09:08:24,609 INFO  http.HttpServer2 (HttpServer2.java:addFilter(958)) - Added filter static_user_filter (class=org.apache.hadoop.http.lib.StaticUserWebFilter$StaticUserFilter) to context static
2019-07-30 09:08:24,610 INFO  http.HttpServer2 (HttpServer2.java:addFilter(958)) - Added filter static_user_filter (class=org.apache.hadoop.http.lib.StaticUserWebFilter$StaticUserFilter) to context logs
2019-07-30 09:08:24,610 INFO  http.HttpServer2 (HttpServer2.java:bindListener(1191)) - Jetty bound to port 40497
2019-07-30 09:08:24,610 INFO  server.Server (Server.java:doStart(351)) - jetty-9.3.24.v20180605, build timestamp: 2018-06-05T17:11:56Z, git hash: 84205aa28f11a4f31f2a3b86d1bba2cc8ab69827
2019-07-30 09:08:24,613 INFO  handler.ContextHandler (ContextHandler.java:doStart(781)) - Started o.e.j.s.ServletContextHandler@14b275bd{/logs,file:///workdir/hadoop-ozone/integration-test/target/log,AVAILABLE}
2019-07-30 09:08:24,613 INFO  handler.ContextHandler (ContextHandler.java:doStart(781)) - Started o.e.j.s.ServletContextHandler@4b03cbad{/static,jar:file:/home/user/.m2/repository/org/apache/hadoop/hadoop-hdds-container-service/0.4.1-SNAPSHOT/hadoop-hdds-container-service-0.4.1-SNAPSHOT.jar!/webapps/static,AVAILABLE}
2019-07-30 09:08:24,658 INFO  handler.ContextHandler (ContextHandler.java:doStart(781)) - Started o.e.j.w.WebAppContext@6b162ecc{/,file:///tmp/jetty-0.0.0.0-40497-hddsDatanode-_-any-1462786062284169139.dir/webapp/,AVAILABLE}{/hddsDatanode}
2019-07-30 09:08:24,659 INFO  server.AbstractConnector (AbstractConnector.java:doStart(278)) - Started ServerConnector@3b4086c1{HTTP/1.1,[http/1.1]}{0.0.0.0:40497}
2019-07-30 09:08:24,660 INFO  server.Server (Server.java:doStart(419)) - Started @6801ms
2019-07-30 09:08:24,663 INFO  server.BaseHttpServer (BaseHttpServer.java:updateConnectorAddress(207)) - HTTP server of HDDSDATANODE is listening at http://0.0.0.0:40497
2019-07-30 09:08:24,827 INFO  ozone.HddsDatanodeService (HddsDatanodeService.java:startPlugins(395)) - Started plug-in org.apache.hadoop.ozone.web.OzoneHddsDatanodeService@34c7232c
2019-07-30 09:08:24,828 INFO  impl.MetricsSystemImpl (MetricsSystemImpl.java:init(158)) - HddsDatanode metrics system started (again)
2019-07-30 09:08:24,832 INFO  ozone.HddsDatanodeService (HddsDatanodeService.java:start(184)) - HddsDatanodeService host:byscane-nightly-jdzkf-783033596 ip:192.168.69.91
2019-07-30 09:08:24,832 INFO  util.JvmPauseMonitor (JvmPauseMonitor.java:run(188)) - Starting JVM pause monitor
2019-07-30 09:08:24,836 INFO  datanode.InitDatanodeState (InitDatanodeState.java:persistContainerDatanodeDetails(140)) - DatanodeDetails is persisted to /workdir/hadoop-ozone/integration-test/target/test-dir/MiniOzoneClusterImpl-3db9067a-67d3-4f61-944d-ab2c3ba48099/datanode-3/meta/datanode.id
2019-07-30 09:08:24,842 INFO  volume.HddsVolume (HddsVolume.java:<init>(176)) - Creating Volume: /workdir/hadoop-ozone/integration-test/target/test-dir/MiniOzoneClusterImpl-3db9067a-67d3-4f61-944d-ab2c3ba48099/datanode-4/data/containers/hdds of  storage type : DISK and capacity : 52710309888
2019-07-30 09:08:24,843 INFO  volume.VolumeSet (VolumeSet.java:initializeVolumeSet(170)) - Added Volume : /workdir/hadoop-ozone/integration-test/target/test-dir/MiniOzoneClusterImpl-3db9067a-67d3-4f61-944d-ab2c3ba48099/datanode-4/data/containers/hdds to VolumeSet
2019-07-30 09:08:24,843 INFO  volume.ThrottledAsyncChecker (ThrottledAsyncChecker.java:schedule(140)) - Scheduling a check for org.apache.hadoop.ozone.container.common.volume.HddsVolume@71936a92
2019-07-30 09:08:24,844 INFO  volume.HddsVolumeChecker (HddsVolumeChecker.java:checkAllVolumes(203)) - Scheduled health check for volume org.apache.hadoop.ozone.container.common.volume.HddsVolume@71936a92
2019-07-30 09:08:24,857 INFO  impl.RaftServerProxy (ConfUtils.java:logGet(43)) - raft.rpc.type = GRPC (default)
2019-07-30 09:08:24,857 INFO  grpc.GrpcFactory (GrpcFactory.java:checkPooledByteBufAllocatorUseCacheForAllThreads(45)) - PERFORMANCE WARNING: useCacheForAllThreads is true that may cause Netty to create a lot garbage objects and, as a result, trigger GC.
	It is recommended to disable useCacheForAllThreads by setting -Dorg.apache.ratis.thirdparty.io.netty.allocator.useCacheForAllThreads=false in command line.
2019-07-30 09:08:24,858 INFO  grpc.GrpcConfigKeys$Server (ConfUtils.java:logGet(43)) - raft.grpc.server.port = 0 (default)
2019-07-30 09:08:24,858 INFO  server.GrpcService (ConfUtils.java:logGet(43)) - raft.grpc.message.size.max = 33570816 (custom)
2019-07-30 09:08:24,858 INFO  server.RaftServerConfigKeys (ConfUtils.java:logGet(43)) - raft.server.log.appender.buffer.byte-limit = 33554432 (custom)
2019-07-30 09:08:24,858 INFO  server.GrpcService (ConfUtils.java:logGet(43)) - raft.grpc.flow.control.window = 1MB (=1048576) (default)
2019-07-30 09:08:24,859 INFO  server.RaftServerConfigKeys (ConfUtils.java:logGet(43)) - raft.server.rpc.request.timeout = 3000ms (default)
2019-07-30 09:08:24,859 INFO  server.RaftServerConfigKeys (ConfUtils.java:logGet(43)) - raft.server.storage.dir = [/workdir/hadoop-ozone/integration-test/target/test-dir/MiniOzoneClusterImpl-3db9067a-67d3-4f61-944d-ab2c3ba48099/datanode-4/data/ratis] (custom)
2019-07-30 09:08:24,860 INFO  replication.SimpleContainerDownloader (SimpleContainerDownloader.java:<init>(72)) - Starting container downloader service to copy containers to replicate.
2019-07-30 09:08:24,861 INFO  hdfs.DFSUtil (DFSUtil.java:httpServerTemplateForNNAndJN(1641)) - Starting Web-server for hddsDatanode at: http://0.0.0.0:0
2019-07-30 09:08:24,863 INFO  server.AuthenticationFilter (AuthenticationFilter.java:constructSecretProvider(240)) - Unable to initialize FileSignerSecretProvider, falling back to use random secrets.
2019-07-30 09:08:24,864 WARN  http.HttpRequestLog (HttpRequestLog.java:getRequestLog(97)) - Jetty request log can only be enabled using Log4j
2019-07-30 09:08:24,866 INFO  http.HttpServer2 (HttpServer2.java:addGlobalFilter(975)) - Added global filter 'safety' (class=org.apache.hadoop.http.HttpServer2$QuotingInputFilter)
2019-07-30 09:08:24,867 INFO  http.HttpServer2 (HttpServer2.java:addFilter(948)) - Added filter static_user_filter (class=org.apache.hadoop.http.lib.StaticUserWebFilter$StaticUserFilter) to context hddsDatanode
2019-07-30 09:08:24,867 INFO  http.HttpServer2 (HttpServer2.java:addFilter(958)) - Added filter static_user_filter (class=org.apache.hadoop.http.lib.StaticUserWebFilter$StaticUserFilter) to context logs
2019-07-30 09:08:24,868 INFO  http.HttpServer2 (HttpServer2.java:addFilter(958)) - Added filter static_user_filter (class=org.apache.hadoop.http.lib.StaticUserWebFilter$StaticUserFilter) to context static
2019-07-30 09:08:24,869 INFO  http.HttpServer2 (HttpServer2.java:bindListener(1191)) - Jetty bound to port 33479
2019-07-30 09:08:24,869 INFO  server.Server (Server.java:doStart(351)) - jetty-9.3.24.v20180605, build timestamp: 2018-06-05T17:11:56Z, git hash: 84205aa28f11a4f31f2a3b86d1bba2cc8ab69827
2019-07-30 09:08:24,874 INFO  handler.ContextHandler (ContextHandler.java:doStart(781)) - Started o.e.j.s.ServletContextHandler@51e7589f{/logs,file:///workdir/hadoop-ozone/integration-test/target/log,AVAILABLE}
2019-07-30 09:08:24,875 INFO  handler.ContextHandler (ContextHandler.java:doStart(781)) - Started o.e.j.s.ServletContextHandler@42c12b3e{/static,jar:file:/home/user/.m2/repository/org/apache/hadoop/hadoop-hdds-container-service/0.4.1-SNAPSHOT/hadoop-hdds-container-service-0.4.1-SNAPSHOT.jar!/webapps/static,AVAILABLE}
2019-07-30 09:08:24,915 INFO  handler.ContextHandler (ContextHandler.java:doStart(781)) - Started o.e.j.w.WebAppContext@3caee3a8{/,file:///tmp/jetty-0.0.0.0-33479-hddsDatanode-_-any-517586932607844641.dir/webapp/,AVAILABLE}{/hddsDatanode}
2019-07-30 09:08:24,916 INFO  server.AbstractConnector (AbstractConnector.java:doStart(278)) - Started ServerConnector@69a40b3c{HTTP/1.1,[http/1.1]}{0.0.0.0:33479}
2019-07-30 09:08:24,917 INFO  server.Server (Server.java:doStart(419)) - Started @7057ms
2019-07-30 09:08:24,918 INFO  server.BaseHttpServer (BaseHttpServer.java:updateConnectorAddress(207)) - HTTP server of HDDSDATANODE is listening at http://0.0.0.0:33479
2019-07-30 09:08:25,050 INFO  ozone.HddsDatanodeService (HddsDatanodeService.java:startPlugins(395)) - Started plug-in org.apache.hadoop.ozone.web.OzoneHddsDatanodeService@2c9fdb64
2019-07-30 09:08:25,051 INFO  impl.MetricsSystemImpl (MetricsSystemImpl.java:init(158)) - HddsDatanode metrics system started (again)
2019-07-30 09:08:25,055 INFO  ozone.HddsDatanodeService (HddsDatanodeService.java:start(184)) - HddsDatanodeService host:byscane-nightly-jdzkf-783033596 ip:192.168.69.91
2019-07-30 09:08:25,056 INFO  util.JvmPauseMonitor (JvmPauseMonitor.java:run(188)) - Starting JVM pause monitor
2019-07-30 09:08:25,058 INFO  datanode.InitDatanodeState (InitDatanodeState.java:persistContainerDatanodeDetails(140)) - DatanodeDetails is persisted to /workdir/hadoop-ozone/integration-test/target/test-dir/MiniOzoneClusterImpl-3db9067a-67d3-4f61-944d-ab2c3ba48099/datanode-4/meta/datanode.id
2019-07-30 09:08:25,064 INFO  volume.HddsVolume (HddsVolume.java:<init>(176)) - Creating Volume: /workdir/hadoop-ozone/integration-test/target/test-dir/MiniOzoneClusterImpl-3db9067a-67d3-4f61-944d-ab2c3ba48099/datanode-5/data/containers/hdds of  storage type : DISK and capacity : 52710309888
2019-07-30 09:08:25,064 INFO  volume.VolumeSet (VolumeSet.java:initializeVolumeSet(170)) - Added Volume : /workdir/hadoop-ozone/integration-test/target/test-dir/MiniOzoneClusterImpl-3db9067a-67d3-4f61-944d-ab2c3ba48099/datanode-5/data/containers/hdds to VolumeSet
2019-07-30 09:08:25,065 INFO  volume.ThrottledAsyncChecker (ThrottledAsyncChecker.java:schedule(140)) - Scheduling a check for org.apache.hadoop.ozone.container.common.volume.HddsVolume@79ca7bea
2019-07-30 09:08:25,065 INFO  volume.HddsVolumeChecker (HddsVolumeChecker.java:checkAllVolumes(203)) - Scheduled health check for volume org.apache.hadoop.ozone.container.common.volume.HddsVolume@79ca7bea
2019-07-30 09:08:25,080 INFO  impl.RaftServerProxy (ConfUtils.java:logGet(43)) - raft.rpc.type = GRPC (default)
2019-07-30 09:08:25,080 INFO  grpc.GrpcFactory (GrpcFactory.java:checkPooledByteBufAllocatorUseCacheForAllThreads(45)) - PERFORMANCE WARNING: useCacheForAllThreads is true that may cause Netty to create a lot garbage objects and, as a result, trigger GC.
	It is recommended to disable useCacheForAllThreads by setting -Dorg.apache.ratis.thirdparty.io.netty.allocator.useCacheForAllThreads=false in command line.
2019-07-30 09:08:25,080 INFO  grpc.GrpcConfigKeys$Server (ConfUtils.java:logGet(43)) - raft.grpc.server.port = 0 (default)
2019-07-30 09:08:25,081 INFO  server.GrpcService (ConfUtils.java:logGet(43)) - raft.grpc.message.size.max = 33570816 (custom)
2019-07-30 09:08:25,081 INFO  server.RaftServerConfigKeys (ConfUtils.java:logGet(43)) - raft.server.log.appender.buffer.byte-limit = 33554432 (custom)
2019-07-30 09:08:25,081 INFO  server.GrpcService (ConfUtils.java:logGet(43)) - raft.grpc.flow.control.window = 1MB (=1048576) (default)
2019-07-30 09:08:25,081 INFO  server.RaftServerConfigKeys (ConfUtils.java:logGet(43)) - raft.server.rpc.request.timeout = 3000ms (default)
2019-07-30 09:08:25,082 INFO  server.RaftServerConfigKeys (ConfUtils.java:logGet(43)) - raft.server.storage.dir = [/workdir/hadoop-ozone/integration-test/target/test-dir/MiniOzoneClusterImpl-3db9067a-67d3-4f61-944d-ab2c3ba48099/datanode-5/data/ratis] (custom)
2019-07-30 09:08:25,082 INFO  replication.SimpleContainerDownloader (SimpleContainerDownloader.java:<init>(72)) - Starting container downloader service to copy containers to replicate.
2019-07-30 09:08:25,083 INFO  hdfs.DFSUtil (DFSUtil.java:httpServerTemplateForNNAndJN(1641)) - Starting Web-server for hddsDatanode at: http://0.0.0.0:0
2019-07-30 09:08:25,085 INFO  server.AuthenticationFilter (AuthenticationFilter.java:constructSecretProvider(240)) - Unable to initialize FileSignerSecretProvider, falling back to use random secrets.
2019-07-30 09:08:25,085 WARN  http.HttpRequestLog (HttpRequestLog.java:getRequestLog(97)) - Jetty request log can only be enabled using Log4j
2019-07-30 09:08:25,087 INFO  http.HttpServer2 (HttpServer2.java:addGlobalFilter(975)) - Added global filter 'safety' (class=org.apache.hadoop.http.HttpServer2$QuotingInputFilter)
2019-07-30 09:08:25,087 INFO  http.HttpServer2 (HttpServer2.java:addFilter(948)) - Added filter static_user_filter (class=org.apache.hadoop.http.lib.StaticUserWebFilter$StaticUserFilter) to context hddsDatanode
2019-07-30 09:08:25,087 INFO  http.HttpServer2 (HttpServer2.java:addFilter(958)) - Added filter static_user_filter (class=org.apache.hadoop.http.lib.StaticUserWebFilter$StaticUserFilter) to context static
2019-07-30 09:08:25,087 INFO  http.HttpServer2 (HttpServer2.java:addFilter(958)) - Added filter static_user_filter (class=org.apache.hadoop.http.lib.StaticUserWebFilter$StaticUserFilter) to context logs
2019-07-30 09:08:25,088 INFO  http.HttpServer2 (HttpServer2.java:bindListener(1191)) - Jetty bound to port 45146
2019-07-30 09:08:25,088 INFO  server.Server (Server.java:doStart(351)) - jetty-9.3.24.v20180605, build timestamp: 2018-06-05T17:11:56Z, git hash: 84205aa28f11a4f31f2a3b86d1bba2cc8ab69827
2019-07-30 09:08:25,091 INFO  handler.ContextHandler (ContextHandler.java:doStart(781)) - Started o.e.j.s.ServletContextHandler@6c2a95d5{/logs,file:///workdir/hadoop-ozone/integration-test/target/log,AVAILABLE}
2019-07-30 09:08:25,091 INFO  handler.ContextHandler (ContextHandler.java:doStart(781)) - Started o.e.j.s.ServletContextHandler@3f048c86{/static,jar:file:/home/user/.m2/repository/org/apache/hadoop/hadoop-hdds-container-service/0.4.1-SNAPSHOT/hadoop-hdds-container-service-0.4.1-SNAPSHOT.jar!/webapps/static,AVAILABLE}
2019-07-30 09:08:25,120 INFO  handler.ContextHandler (ContextHandler.java:doStart(781)) - Started o.e.j.w.WebAppContext@4b4969ea{/,file:///tmp/jetty-0.0.0.0-45146-hddsDatanode-_-any-1285440721376034004.dir/webapp/,AVAILABLE}{/hddsDatanode}
2019-07-30 09:08:25,120 INFO  server.AbstractConnector (AbstractConnector.java:doStart(278)) - Started ServerConnector@11c581a0{HTTP/1.1,[http/1.1]}{0.0.0.0:45146}
2019-07-30 09:08:25,122 INFO  server.Server (Server.java:doStart(419)) - Started @7262ms
2019-07-30 09:08:25,123 INFO  server.BaseHttpServer (BaseHttpServer.java:updateConnectorAddress(207)) - HTTP server of HDDSDATANODE is listening at http://0.0.0.0:45146
2019-07-30 09:08:25,248 INFO  ozone.HddsDatanodeService (HddsDatanodeService.java:startPlugins(395)) - Started plug-in org.apache.hadoop.ozone.web.OzoneHddsDatanodeService@44fd7ba4
2019-07-30 09:08:25,250 INFO  ozone.MiniOzoneClusterImpl (MiniOzoneClusterImpl.java:lambda$waitForClusterToBeReady$0(142)) - Waiting for cluster to be ready. Got 0 of 6 DN Heartbeats.
2019-07-30 09:08:25,252 INFO  util.JvmPauseMonitor (JvmPauseMonitor.java:run(188)) - Starting JVM pause monitor
2019-07-30 09:08:25,255 INFO  datanode.InitDatanodeState (InitDatanodeState.java:persistContainerDatanodeDetails(140)) - DatanodeDetails is persisted to /workdir/hadoop-ozone/integration-test/target/test-dir/MiniOzoneClusterImpl-3db9067a-67d3-4f61-944d-ab2c3ba48099/datanode-5/meta/datanode.id
2019-07-30 09:08:26,139 INFO  ozoneimpl.OzoneContainer (OzoneContainer.java:start(186)) - Attempting to start container services.
2019-07-30 09:08:26,141 INFO  ozoneimpl.OzoneContainer (OzoneContainer.java:startContainerScrub(160)) - Background container scrubber has been disabled by hdds.containerscrub.enabled
2019-07-30 09:08:26,141 INFO  ratis.XceiverServerRatis (XceiverServerRatis.java:start(404)) - Starting XceiverServerRatis c6796f4b-94de-45f7-bd1b-eec292d92b7e at port 0
2019-07-30 09:08:26,251 INFO  ozone.MiniOzoneClusterImpl (MiniOzoneClusterImpl.java:lambda$waitForClusterToBeReady$0(142)) - Waiting for cluster to be ready. Got 0 of 6 DN Heartbeats.
2019-07-30 09:08:26,252 INFO  impl.RaftServerProxy (RaftServerProxy.java:lambda$start$3(299)) - c6796f4b-94de-45f7-bd1b-eec292d92b7e: start RPC server
2019-07-30 09:08:26,389 INFO  server.GrpcService (GrpcService.java:startImpl(149)) - c6796f4b-94de-45f7-bd1b-eec292d92b7e: GrpcService started, listening on 0.0.0.0/0.0.0.0:45721
2019-07-30 09:08:26,390 INFO  ozoneimpl.OzoneContainer (OzoneContainer.java:start(186)) - Attempting to start container services.
2019-07-30 09:08:26,391 INFO  ratis.XceiverServerRatis (XceiverServerRatis.java:start(414)) - XceiverServerRatis c6796f4b-94de-45f7-bd1b-eec292d92b7e is started using port 45721
2019-07-30 09:08:26,392 INFO  ozoneimpl.OzoneContainer (OzoneContainer.java:startContainerScrub(160)) - Background container scrubber has been disabled by hdds.containerscrub.enabled
2019-07-30 09:08:26,393 INFO  ratis.XceiverServerRatis (XceiverServerRatis.java:start(404)) - Starting XceiverServerRatis ba5c2a39-f444-47dc-b22d-c6e54a7cb37e at port 0
2019-07-30 09:08:26,396 INFO  server.XceiverServerGrpc (XceiverServerGrpc.java:start(161)) - XceiverServerGrpc c6796f4b-94de-45f7-bd1b-eec292d92b7e is started using port 46588
2019-07-30 09:08:26,404 INFO  impl.RaftServerProxy (RaftServerProxy.java:lambda$start$3(299)) - ba5c2a39-f444-47dc-b22d-c6e54a7cb37e: start RPC server
2019-07-30 09:08:26,406 INFO  server.GrpcService (GrpcService.java:startImpl(149)) - ba5c2a39-f444-47dc-b22d-c6e54a7cb37e: GrpcService started, listening on 0.0.0.0/0.0.0.0:42949
2019-07-30 09:08:26,407 INFO  ratis.XceiverServerRatis (XceiverServerRatis.java:start(414)) - XceiverServerRatis ba5c2a39-f444-47dc-b22d-c6e54a7cb37e is started using port 42949
2019-07-30 09:08:26,408 INFO  server.XceiverServerGrpc (XceiverServerGrpc.java:start(161)) - XceiverServerGrpc ba5c2a39-f444-47dc-b22d-c6e54a7cb37e is started using port 39644
2019-07-30 09:08:26,599 INFO  ozoneimpl.OzoneContainer (OzoneContainer.java:start(186)) - Attempting to start container services.
2019-07-30 09:08:26,601 INFO  ozoneimpl.OzoneContainer (OzoneContainer.java:startContainerScrub(160)) - Background container scrubber has been disabled by hdds.containerscrub.enabled
2019-07-30 09:08:26,601 INFO  ratis.XceiverServerRatis (XceiverServerRatis.java:start(404)) - Starting XceiverServerRatis 44bef6cf-cea7-4b21-99f2-733d3993d8b8 at port 0
2019-07-30 09:08:26,611 INFO  impl.RaftServerProxy (RaftServerProxy.java:lambda$start$3(299)) - 44bef6cf-cea7-4b21-99f2-733d3993d8b8: start RPC server
2019-07-30 09:08:26,614 INFO  server.GrpcService (GrpcService.java:startImpl(149)) - 44bef6cf-cea7-4b21-99f2-733d3993d8b8: GrpcService started, listening on 0.0.0.0/0.0.0.0:37425
2019-07-30 09:08:26,614 INFO  ratis.XceiverServerRatis (XceiverServerRatis.java:start(414)) - XceiverServerRatis 44bef6cf-cea7-4b21-99f2-733d3993d8b8 is started using port 37425
2019-07-30 09:08:26,617 INFO  server.XceiverServerGrpc (XceiverServerGrpc.java:start(161)) - XceiverServerGrpc 44bef6cf-cea7-4b21-99f2-733d3993d8b8 is started using port 34464
2019-07-30 09:08:26,851 INFO  ozoneimpl.OzoneContainer (OzoneContainer.java:start(186)) - Attempting to start container services.
2019-07-30 09:08:26,853 INFO  ozoneimpl.OzoneContainer (OzoneContainer.java:startContainerScrub(160)) - Background container scrubber has been disabled by hdds.containerscrub.enabled
2019-07-30 09:08:26,854 INFO  ratis.XceiverServerRatis (XceiverServerRatis.java:start(404)) - Starting XceiverServerRatis e3f3efec-6db3-4f87-aef9-9a90eb3ffd8c at port 0
2019-07-30 09:08:26,864 INFO  impl.RaftServerProxy (RaftServerProxy.java:lambda$start$3(299)) - e3f3efec-6db3-4f87-aef9-9a90eb3ffd8c: start RPC server
2019-07-30 09:08:26,868 INFO  server.GrpcService (GrpcService.java:startImpl(149)) - e3f3efec-6db3-4f87-aef9-9a90eb3ffd8c: GrpcService started, listening on 0.0.0.0/0.0.0.0:46641
2019-07-30 09:08:26,869 INFO  ratis.XceiverServerRatis (XceiverServerRatis.java:start(414)) - XceiverServerRatis e3f3efec-6db3-4f87-aef9-9a90eb3ffd8c is started using port 46641
2019-07-30 09:08:26,872 INFO  server.XceiverServerGrpc (XceiverServerGrpc.java:start(161)) - XceiverServerGrpc e3f3efec-6db3-4f87-aef9-9a90eb3ffd8c is started using port 42127
2019-07-30 09:08:27,073 INFO  ozoneimpl.OzoneContainer (OzoneContainer.java:start(186)) - Attempting to start container services.
2019-07-30 09:08:27,080 INFO  ozoneimpl.OzoneContainer (OzoneContainer.java:startContainerScrub(160)) - Background container scrubber has been disabled by hdds.containerscrub.enabled
2019-07-30 09:08:27,080 INFO  ratis.XceiverServerRatis (XceiverServerRatis.java:start(404)) - Starting XceiverServerRatis f2f5b1eb-a31c-441e-b55a-47d91a1cec68 at port 0
2019-07-30 09:08:27,090 INFO  impl.RaftServerProxy (RaftServerProxy.java:lambda$start$3(299)) - f2f5b1eb-a31c-441e-b55a-47d91a1cec68: start RPC server
2019-07-30 09:08:27,094 INFO  server.GrpcService (GrpcService.java:startImpl(149)) - f2f5b1eb-a31c-441e-b55a-47d91a1cec68: GrpcService started, listening on 0.0.0.0/0.0.0.0:40356
2019-07-30 09:08:27,094 INFO  ratis.XceiverServerRatis (XceiverServerRatis.java:start(414)) - XceiverServerRatis f2f5b1eb-a31c-441e-b55a-47d91a1cec68 is started using port 40356
2019-07-30 09:08:27,098 INFO  server.XceiverServerGrpc (XceiverServerGrpc.java:start(161)) - XceiverServerGrpc f2f5b1eb-a31c-441e-b55a-47d91a1cec68 is started using port 41443
2019-07-30 09:08:27,253 INFO  ozone.MiniOzoneClusterImpl (MiniOzoneClusterImpl.java:lambda$waitForClusterToBeReady$0(142)) - Waiting for cluster to be ready. Got 0 of 6 DN Heartbeats.
2019-07-30 09:08:27,268 INFO  ozoneimpl.OzoneContainer (OzoneContainer.java:start(186)) - Attempting to start container services.
2019-07-30 09:08:27,269 INFO  ozoneimpl.OzoneContainer (OzoneContainer.java:startContainerScrub(160)) - Background container scrubber has been disabled by hdds.containerscrub.enabled
2019-07-30 09:08:27,269 INFO  ratis.XceiverServerRatis (XceiverServerRatis.java:start(404)) - Starting XceiverServerRatis 5e269fb6-2f47-4d70-84c5-035689154df7 at port 0
2019-07-30 09:08:27,278 INFO  impl.RaftServerProxy (RaftServerProxy.java:lambda$start$3(299)) - 5e269fb6-2f47-4d70-84c5-035689154df7: start RPC server
2019-07-30 09:08:27,283 INFO  server.GrpcService (GrpcService.java:startImpl(149)) - 5e269fb6-2f47-4d70-84c5-035689154df7: GrpcService started, listening on 0.0.0.0/0.0.0.0:42715
2019-07-30 09:08:27,283 INFO  ratis.XceiverServerRatis (XceiverServerRatis.java:start(414)) - XceiverServerRatis 5e269fb6-2f47-4d70-84c5-035689154df7 is started using port 42715
2019-07-30 09:08:27,287 INFO  server.XceiverServerGrpc (XceiverServerGrpc.java:start(161)) - XceiverServerGrpc 5e269fb6-2f47-4d70-84c5-035689154df7 is started using port 39863
2019-07-30 09:08:28,125 INFO  net.NetworkTopology (NetworkTopologyImpl.java:add(110)) - Added a new node: /default-rack/c6796f4b-94de-45f7-bd1b-eec292d92b7e
2019-07-30 09:08:28,127 INFO  node.SCMNodeManager (SCMNodeManager.java:register(273)) - Registered Data node : c6796f4b-94de-45f7-bd1b-eec292d92b7e{ip: 192.168.69.91, host: byscane-nightly-jdzkf-783033596, networkLocation: /default-rack, certSerialId: null}
2019-07-30 09:08:28,135 INFO  safemode.SCMSafeModeManager (DataNodeSafeModeRule.java:process(71)) - SCM in safe mode. 1 DataNodes registered, 1 required.
2019-07-30 09:08:28,135 INFO  safemode.SCMSafeModeManager (SCMSafeModeManager.java:validateSafeModeExitRules(177)) - ScmSafeModeManager, all rules are successfully validated
2019-07-30 09:08:28,135 INFO  safemode.SCMSafeModeManager (SCMSafeModeManager.java:exitSafeMode(193)) - SCM exiting safe mode.
2019-07-30 09:08:28,254 INFO  ozone.MiniOzoneClusterImpl (MiniOzoneClusterImpl.java:lambda$waitForClusterToBeReady$0(142)) - Waiting for cluster to be ready. Got 1 of 6 DN Heartbeats.
2019-07-30 09:08:28,376 INFO  net.NetworkTopology (NetworkTopologyImpl.java:add(110)) - Added a new node: /default-rack/ba5c2a39-f444-47dc-b22d-c6e54a7cb37e
2019-07-30 09:08:28,376 INFO  node.SCMNodeManager (SCMNodeManager.java:register(273)) - Registered Data node : ba5c2a39-f444-47dc-b22d-c6e54a7cb37e{ip: 192.168.69.91, host: byscane-nightly-jdzkf-783033596, networkLocation: /default-rack, certSerialId: null}
2019-07-30 09:08:28,583 INFO  net.NetworkTopology (NetworkTopologyImpl.java:add(110)) - Added a new node: /default-rack/44bef6cf-cea7-4b21-99f2-733d3993d8b8
2019-07-30 09:08:28,584 INFO  node.SCMNodeManager (SCMNodeManager.java:register(273)) - Registered Data node : 44bef6cf-cea7-4b21-99f2-733d3993d8b8{ip: 192.168.69.91, host: byscane-nightly-jdzkf-783033596, networkLocation: /default-rack, certSerialId: null}
2019-07-30 09:08:28,635 INFO  impl.RaftServerProxy (RaftServerProxy.java:addNew(89)) - c6796f4b-94de-45f7-bd1b-eec292d92b7e: addNew group-B81F6D0E9AF5:[c6796f4b-94de-45f7-bd1b-eec292d92b7e:192.168.69.91:45721] returns group-B81F6D0E9AF5:java.util.concurrent.CompletableFuture@32776c41[Not completed]
2019-07-30 09:08:28,939 INFO  net.NetworkTopology (NetworkTopologyImpl.java:add(110)) - Added a new node: /default-rack/e3f3efec-6db3-4f87-aef9-9a90eb3ffd8c
2019-07-30 09:08:28,939 INFO  node.SCMNodeManager (SCMNodeManager.java:register(273)) - Registered Data node : e3f3efec-6db3-4f87-aef9-9a90eb3ffd8c{ip: 192.168.69.91, host: byscane-nightly-jdzkf-783033596, networkLocation: /default-rack, certSerialId: null}
2019-07-30 09:08:28,943 INFO  impl.RaftServerImpl (RaftServerImpl.java:<init>(93)) - c6796f4b-94de-45f7-bd1b-eec292d92b7e: new RaftServerImpl for group-B81F6D0E9AF5:[c6796f4b-94de-45f7-bd1b-eec292d92b7e:192.168.69.91:45721] with ContainerStateMachine:uninitialized
2019-07-30 09:08:28,945 INFO  server.RaftServerConfigKeys (ConfUtils.java:logGet(43)) - raft.server.rpc.timeout.min = 5s (custom)
2019-07-30 09:08:28,946 INFO  server.RaftServerConfigKeys (ConfUtils.java:logGet(43)) - raft.server.rpc.timeout.max = 5200ms (custom)
2019-07-30 09:08:28,946 INFO  server.RaftServerConfigKeys (ConfUtils.java:logGet(43)) - raft.server.rpcslowness.timeout = 120s (custom)
2019-07-30 09:08:28,947 INFO  server.RaftServerConfigKeys (ConfUtils.java:logGet(43)) - raft.server.sleep.deviation.threshold = 300 (default)
2019-07-30 09:08:28,948 INFO  server.RaftServerConfigKeys (ConfUtils.java:logGet(43)) - raft.server.log.appender.install.snapshot.enabled = false (custom)
2019-07-30 09:08:28,955 INFO  impl.RaftServerImpl (ServerState.java:<init>(105)) - c6796f4b-94de-45f7-bd1b-eec292d92b7e:group-B81F6D0E9AF5 ConfigurationManager, init=-1: [c6796f4b-94de-45f7-bd1b-eec292d92b7e:192.168.69.91:45721], old=null, confs=<EMPTY_MAP>
2019-07-30 09:08:28,955 INFO  server.RaftServerConfigKeys (ConfUtils.java:logGet(43)) - raft.server.storage.dir = [/workdir/hadoop-ozone/integration-test/target/test-dir/MiniOzoneClusterImpl-3db9067a-67d3-4f61-944d-ab2c3ba48099/datanode-0/data/ratis] (custom)
2019-07-30 09:08:28,962 INFO  storage.RaftStorageDirectory (RaftStorageDirectory.java:analyzeStorage(246)) - The storage directory /workdir/hadoop-ozone/integration-test/target/test-dir/MiniOzoneClusterImpl-3db9067a-67d3-4f61-944d-ab2c3ba48099/datanode-0/data/ratis/335f7e35-7511-48cb-9c6c-b81f6d0e9af5 does not exist. Creating ...
2019-07-30 09:08:28,980 INFO  storage.RaftStorageDirectory (RaftStorageDirectory.java:tryLock(328)) - Lock on /workdir/hadoop-ozone/integration-test/target/test-dir/MiniOzoneClusterImpl-3db9067a-67d3-4f61-944d-ab2c3ba48099/datanode-0/data/ratis/335f7e35-7511-48cb-9c6c-b81f6d0e9af5/in_use.lock acquired by nodename 23436@byscane-nightly-jdzkf-783033596
2019-07-30 09:08:28,995 INFO  storage.RaftStorage (RaftStorage.java:format(72)) - Storage directory /workdir/hadoop-ozone/integration-test/target/test-dir/MiniOzoneClusterImpl-3db9067a-67d3-4f61-944d-ab2c3ba48099/datanode-0/data/ratis/335f7e35-7511-48cb-9c6c-b81f6d0e9af5 has been successfully formatted.
2019-07-30 09:08:28,997 INFO  ratis.ContainerStateMachine (ContainerStateMachine.java:loadSnapshot(213)) - group-B81F6D0E9AF5: The snapshot info is null. Setting the last applied indexto:(t:0, i:~)
2019-07-30 09:08:28,998 INFO  server.RaftServerConfigKeys (ConfUtils.java:logGet(43)) - raft.server.leader.election.timeout = 120s (custom)
2019-07-30 09:08:28,999 INFO  server.RaftServerConfigKeys (ConfUtils.java:logGet(43)) - raft.server.log.use.memory = false (default)
2019-07-30 09:08:29,004 INFO  server.RaftServerConfigKeys (ConfUtils.java:logGet(43)) - raft.server.log.purge.gap = 1000000000 (custom)
2019-07-30 09:08:29,004 INFO  server.RaftServerConfigKeys (ConfUtils.java:logGet(43)) - raft.server.log.appender.buffer.byte-limit = 33554432 (custom)
2019-07-30 09:08:29,007 INFO  server.RaftServerConfigKeys (ConfUtils.java:logGet(43)) - raft.server.log.segment.size.max = 1048576 (custom)
2019-07-30 09:08:29,013 INFO  server.RaftServerConfigKeys (ConfUtils.java:logGet(43)) - raft.server.log.segment.cache.num.max = 2 (custom)
2019-07-30 09:08:29,020 INFO  segmented.SegmentedRaftLogWorker (SegmentedRaftLogWorker.java:<init>(172)) - new c6796f4b-94de-45f7-bd1b-eec292d92b7e-SegmentedRaftLogWorker:Storage Directory /workdir/hadoop-ozone/integration-test/target/test-dir/MiniOzoneClusterImpl-3db9067a-67d3-4f61-944d-ab2c3ba48099/datanode-0/data/ratis/335f7e35-7511-48cb-9c6c-b81f6d0e9af5 for RaftStorage:Storage Directory /workdir/hadoop-ozone/integration-test/target/test-dir/MiniOzoneClusterImpl-3db9067a-67d3-4f61-944d-ab2c3ba48099/datanode-0/data/ratis/335f7e35-7511-48cb-9c6c-b81f6d0e9af5
2019-07-30 09:08:29,035 INFO  server.RaftServerConfigKeys (ConfUtils.java:logGet(43)) - raft.server.log.queue.byte-limit = 2147483647 (custom)
2019-07-30 09:08:29,035 INFO  server.RaftServerConfigKeys (ConfUtils.java:logGet(43)) - raft.server.log.queue.element-limit = 1024 (custom)
2019-07-30 09:08:29,041 INFO  server.RaftServerConfigKeys (ConfUtils.java:logGet(43)) - raft.server.log.segment.size.max = 1048576 (custom)
2019-07-30 09:08:29,042 INFO  server.RaftServerConfigKeys (ConfUtils.java:logGet(43)) - raft.server.log.preallocated.size = 16384 (custom)
2019-07-30 09:08:29,042 INFO  server.RaftServerConfigKeys (ConfUtils.java:logGet(43)) - raft.server.log.write.buffer.size = 33554432 (custom)
2019-07-30 09:08:29,043 INFO  server.RaftServerConfigKeys (ConfUtils.java:logGet(43)) - raft.server.log.force.sync.num = 128 (default)
2019-07-30 09:08:29,044 INFO  server.RaftServerConfigKeys (ConfUtils.java:logGet(43)) - raft.server.log.statemachine.data.sync = true (default)
2019-07-30 09:08:29,044 INFO  server.RaftServerConfigKeys (ConfUtils.java:logGet(43)) - raft.server.log.statemachine.data.sync.timeout = 10s (default)
2019-07-30 09:08:29,044 INFO  server.RaftServerConfigKeys (ConfUtils.java:logGet(43)) - raft.server.log.statemachine.data.sync.timeout.retry = -1 (default)
2019-07-30 09:08:29,054 INFO  server.RaftServerConfigKeys (ConfUtils.java:logGet(43)) - raft.server.log.statemachine.data.caching.enabled = true (custom)
2019-07-30 09:08:29,059 INFO  net.NetworkTopology (NetworkTopologyImpl.java:add(110)) - Added a new node: /default-rack/f2f5b1eb-a31c-441e-b55a-47d91a1cec68
2019-07-30 09:08:29,061 INFO  node.SCMNodeManager (SCMNodeManager.java:register(273)) - Registered Data node : f2f5b1eb-a31c-441e-b55a-47d91a1cec68{ip: 192.168.69.91, host: byscane-nightly-jdzkf-783033596, networkLocation: /default-rack, certSerialId: null}
2019-07-30 09:08:29,062 INFO  segmented.SegmentedRaftLogWorker (SegmentedRaftLogWorker.java:lambda$new$0(132)) - c6796f4b-94de-45f7-bd1b-eec292d92b7e-SegmentedRaftLogWorker:Storage Directory /workdir/hadoop-ozone/integration-test/target/test-dir/MiniOzoneClusterImpl-3db9067a-67d3-4f61-944d-ab2c3ba48099/datanode-0/data/ratis/335f7e35-7511-48cb-9c6c-b81f6d0e9af5: flushIndex: setUnconditionally 0 -> -1
2019-07-30 09:08:29,067 INFO  server.RaftServerConfigKeys (ConfUtils.java:logGet(43)) - raft.server.snapshot.auto.trigger.enabled = true (custom)
2019-07-30 09:08:29,068 INFO  server.RaftServerConfigKeys (ConfUtils.java:logGet(43)) - raft.server.snapshot.auto.trigger.threshold = 10000 (custom)
2019-07-30 09:08:29,068 INFO  server.RaftServerConfigKeys (ConfUtils.java:logGet(43)) - raft.server.retrycache.expirytime = 600000ms (custom)
2019-07-30 09:08:29,089 INFO  impl.RaftServerImpl (RaftServerImpl.java:start(180)) - c6796f4b-94de-45f7-bd1b-eec292d92b7e: start group-B81F6D0E9AF5
2019-07-30 09:08:29,090 INFO  impl.RaftServerImpl (RaftServerImpl.java:setRole(171)) - c6796f4b-94de-45f7-bd1b-eec292d92b7e:group-B81F6D0E9AF5 changes role from null to FOLLOWER at term 0 for startAsFollower
2019-07-30 09:08:29,091 INFO  impl.RoleInfo (RoleInfo.java:updateAndGet(143)) - c6796f4b-94de-45f7-bd1b-eec292d92b7e: start FollowerState
2019-07-30 09:08:29,093 INFO  util.JmxRegister (JmxRegister.java:tryRegister(44)) - Successfully registered JMX Bean with object name Ratis:service=RaftServer,group=group-B81F6D0E9AF5,id=c6796f4b-94de-45f7-bd1b-eec292d92b7e
2019-07-30 09:08:29,158 INFO  pipeline.PipelineStateManager (PipelineStateManager.java:addPipeline(56)) - Created pipeline Pipeline[ Id: 335f7e35-7511-48cb-9c6c-b81f6d0e9af5, Nodes: c6796f4b-94de-45f7-bd1b-eec292d92b7e{ip: 192.168.69.91, host: byscane-nightly-jdzkf-783033596, networkLocation: /default-rack, certSerialId: null}, Type:RATIS, Factor:ONE, State:OPEN]
2019-07-30 09:08:29,184 INFO  impl.RaftServerProxy (RaftServerProxy.java:addNew(89)) - e3f3efec-6db3-4f87-aef9-9a90eb3ffd8c: addNew group-1447C50BA17E:[e3f3efec-6db3-4f87-aef9-9a90eb3ffd8c:192.168.69.91:46641] returns group-1447C50BA17E:java.util.concurrent.CompletableFuture@b619a85[Not completed]
2019-07-30 09:08:29,231 INFO  impl.RaftServerImpl (RaftServerImpl.java:<init>(93)) - e3f3efec-6db3-4f87-aef9-9a90eb3ffd8c: new RaftServerImpl for group-1447C50BA17E:[e3f3efec-6db3-4f87-aef9-9a90eb3ffd8c:192.168.69.91:46641] with ContainerStateMachine:uninitialized
2019-07-30 09:08:29,233 INFO  server.RaftServerConfigKeys (ConfUtils.java:logGet(43)) - raft.server.rpc.timeout.min = 5s (custom)
2019-07-30 09:08:29,233 INFO  server.RaftServerConfigKeys (ConfUtils.java:logGet(43)) - raft.server.rpc.timeout.max = 5200ms (custom)
2019-07-30 09:08:29,233 INFO  server.RaftServerConfigKeys (ConfUtils.java:logGet(43)) - raft.server.rpcslowness.timeout = 120s (custom)
2019-07-30 09:08:29,233 INFO  server.RaftServerConfigKeys (ConfUtils.java:logGet(43)) - raft.server.sleep.deviation.threshold = 300 (default)
2019-07-30 09:08:29,233 INFO  server.RaftServerConfigKeys (ConfUtils.java:logGet(43)) - raft.server.log.appender.install.snapshot.enabled = false (custom)
2019-07-30 09:08:29,233 INFO  impl.RaftServerImpl (ServerState.java:<init>(105)) - e3f3efec-6db3-4f87-aef9-9a90eb3ffd8c:group-1447C50BA17E ConfigurationManager, init=-1: [e3f3efec-6db3-4f87-aef9-9a90eb3ffd8c:192.168.69.91:46641], old=null, confs=<EMPTY_MAP>
2019-07-30 09:08:29,234 INFO  server.RaftServerConfigKeys (ConfUtils.java:logGet(43)) - raft.server.storage.dir = [/workdir/hadoop-ozone/integration-test/target/test-dir/MiniOzoneClusterImpl-3db9067a-67d3-4f61-944d-ab2c3ba48099/datanode-3/data/ratis] (custom)
2019-07-30 09:08:29,234 INFO  storage.RaftStorageDirectory (RaftStorageDirectory.java:analyzeStorage(246)) - The storage directory /workdir/hadoop-ozone/integration-test/target/test-dir/MiniOzoneClusterImpl-3db9067a-67d3-4f61-944d-ab2c3ba48099/datanode-3/data/ratis/2990df5e-8c44-4a22-987a-1447c50ba17e does not exist. Creating ...
2019-07-30 09:08:29,254 INFO  net.NetworkTopology (NetworkTopologyImpl.java:add(110)) - Added a new node: /default-rack/5e269fb6-2f47-4d70-84c5-035689154df7
2019-07-30 09:08:29,255 INFO  ozone.MiniOzoneClusterImpl (MiniOzoneClusterImpl.java:lambda$waitForClusterToBeReady$0(142)) - Cluster is ready. Got 6 of 6 DN Heartbeats.
2019-07-30 09:08:29,255 INFO  node.SCMNodeManager (SCMNodeManager.java:register(273)) - Registered Data node : 5e269fb6-2f47-4d70-84c5-035689154df7{ip: 192.168.69.91, host: byscane-nightly-jdzkf-783033596, networkLocation: /default-rack, certSerialId: null}
2019-07-30 09:08:29,260 INFO  storage.RaftStorageDirectory (RaftStorageDirectory.java:tryLock(328)) - Lock on /workdir/hadoop-ozone/integration-test/target/test-dir/MiniOzoneClusterImpl-3db9067a-67d3-4f61-944d-ab2c3ba48099/datanode-3/data/ratis/2990df5e-8c44-4a22-987a-1447c50ba17e/in_use.lock acquired by nodename 23436@byscane-nightly-jdzkf-783033596
2019-07-30 09:08:29,273 INFO  storage.RaftStorage (RaftStorage.java:format(72)) - Storage directory /workdir/hadoop-ozone/integration-test/target/test-dir/MiniOzoneClusterImpl-3db9067a-67d3-4f61-944d-ab2c3ba48099/datanode-3/data/ratis/2990df5e-8c44-4a22-987a-1447c50ba17e has been successfully formatted.
2019-07-30 09:08:29,276 INFO  ratis.ContainerStateMachine (ContainerStateMachine.java:loadSnapshot(213)) - group-1447C50BA17E: The snapshot info is null. Setting the last applied indexto:(t:0, i:~)
2019-07-30 09:08:29,278 INFO  server.RaftServerConfigKeys (ConfUtils.java:logGet(43)) - raft.server.leader.election.timeout = 120s (custom)
2019-07-30 09:08:29,278 INFO  server.RaftServerConfigKeys (ConfUtils.java:logGet(43)) - raft.server.log.use.memory = false (default)
2019-07-30 09:08:29,278 INFO  server.RaftServerConfigKeys (ConfUtils.java:logGet(43)) - raft.server.log.purge.gap = 1000000000 (custom)
2019-07-30 09:08:29,278 INFO  server.RaftServerConfigKeys (ConfUtils.java:logGet(43)) - raft.server.log.appender.buffer.byte-limit = 33554432 (custom)
2019-07-30 09:08:29,278 INFO  server.RaftServerConfigKeys (ConfUtils.java:logGet(43)) - raft.server.log.segment.size.max = 1048576 (custom)
2019-07-30 09:08:29,279 INFO  server.RaftServerConfigKeys (ConfUtils.java:logGet(43)) - raft.server.log.segment.cache.num.max = 2 (custom)
2019-07-30 09:08:29,279 INFO  segmented.SegmentedRaftLogWorker (SegmentedRaftLogWorker.java:<init>(172)) - new e3f3efec-6db3-4f87-aef9-9a90eb3ffd8c-SegmentedRaftLogWorker:Storage Directory /workdir/hadoop-ozone/integration-test/target/test-dir/MiniOzoneClusterImpl-3db9067a-67d3-4f61-944d-ab2c3ba48099/datanode-3/data/ratis/2990df5e-8c44-4a22-987a-1447c50ba17e for RaftStorage:Storage Directory /workdir/hadoop-ozone/integration-test/target/test-dir/MiniOzoneClusterImpl-3db9067a-67d3-4f61-944d-ab2c3ba48099/datanode-3/data/ratis/2990df5e-8c44-4a22-987a-1447c50ba17e
2019-07-30 09:08:29,281 INFO  server.RaftServerConfigKeys (ConfUtils.java:logGet(43)) - raft.server.log.queue.byte-limit = 2147483647 (custom)
2019-07-30 09:08:29,281 INFO  server.RaftServerConfigKeys (ConfUtils.java:logGet(43)) - raft.server.log.queue.element-limit = 1024 (custom)
2019-07-30 09:08:29,281 INFO  server.RaftServerConfigKeys (ConfUtils.java:logGet(43)) - raft.server.log.segment.size.max = 1048576 (custom)
2019-07-30 09:08:29,282 INFO  server.RaftServerConfigKeys (ConfUtils.java:logGet(43)) - raft.server.log.preallocated.size = 16384 (custom)
2019-07-30 09:08:29,282 INFO  server.RaftServerConfigKeys (ConfUtils.java:logGet(43)) - raft.server.log.write.buffer.size = 33554432 (custom)
2019-07-30 09:08:29,282 INFO  server.RaftServerConfigKeys (ConfUtils.java:logGet(43)) - raft.server.log.force.sync.num = 128 (default)
2019-07-30 09:08:29,282 INFO  server.RaftServerConfigKeys (ConfUtils.java:logGet(43)) - raft.server.log.statemachine.data.sync = true (default)
2019-07-30 09:08:29,282 INFO  server.RaftServerConfigKeys (ConfUtils.java:logGet(43)) - raft.server.log.statemachine.data.sync.timeout = 10s (default)
2019-07-30 09:08:29,282 INFO  server.RaftServerConfigKeys (ConfUtils.java:logGet(43)) - raft.server.log.statemachine.data.sync.timeout.retry = -1 (default)
2019-07-30 09:08:29,283 INFO  server.RaftServerConfigKeys (ConfUtils.java:logGet(43)) - raft.server.log.statemachine.data.caching.enabled = true (custom)
2019-07-30 09:08:29,283 INFO  segmented.SegmentedRaftLogWorker (SegmentedRaftLogWorker.java:lambda$new$0(132)) - e3f3efec-6db3-4f87-aef9-9a90eb3ffd8c-SegmentedRaftLogWorker:Storage Directory /workdir/hadoop-ozone/integration-test/target/test-dir/MiniOzoneClusterImpl-3db9067a-67d3-4f61-944d-ab2c3ba48099/datanode-3/data/ratis/2990df5e-8c44-4a22-987a-1447c50ba17e: flushIndex: setUnconditionally 0 -> -1
2019-07-30 09:08:29,284 INFO  server.RaftServerConfigKeys (ConfUtils.java:logGet(43)) - raft.server.snapshot.auto.trigger.enabled = true (custom)
2019-07-30 09:08:29,284 INFO  server.RaftServerConfigKeys (ConfUtils.java:logGet(43)) - raft.server.snapshot.auto.trigger.threshold = 10000 (custom)
2019-07-30 09:08:29,284 INFO  server.RaftServerConfigKeys (ConfUtils.java:logGet(43)) - raft.server.retrycache.expirytime = 600000ms (custom)
2019-07-30 09:08:29,284 INFO  impl.RaftServerImpl (RaftServerImpl.java:start(180)) - e3f3efec-6db3-4f87-aef9-9a90eb3ffd8c: start group-1447C50BA17E
2019-07-30 09:08:29,285 INFO  impl.RaftServerImpl (RaftServerImpl.java:setRole(171)) - e3f3efec-6db3-4f87-aef9-9a90eb3ffd8c:group-1447C50BA17E changes role from null to FOLLOWER at term 0 for startAsFollower
2019-07-30 09:08:29,285 INFO  impl.RoleInfo (RoleInfo.java:updateAndGet(143)) - e3f3efec-6db3-4f87-aef9-9a90eb3ffd8c: start FollowerState
2019-07-30 09:08:29,298 INFO  util.JmxRegister (JmxRegister.java:tryRegister(44)) - Successfully registered JMX Bean with object name Ratis:service=RaftServer,group=group-1447C50BA17E,id=e3f3efec-6db3-4f87-aef9-9a90eb3ffd8c
2019-07-30 09:08:29,315 INFO  pipeline.PipelineStateManager (PipelineStateManager.java:addPipeline(56)) - Created pipeline Pipeline[ Id: 2990df5e-8c44-4a22-987a-1447c50ba17e, Nodes: e3f3efec-6db3-4f87-aef9-9a90eb3ffd8c{ip: 192.168.69.91, host: byscane-nightly-jdzkf-783033596, networkLocation: /default-rack, certSerialId: null}, Type:RATIS, Factor:ONE, State:OPEN]
2019-07-30 09:08:29,349 INFO  impl.RaftServerProxy (RaftServerProxy.java:addNew(89)) - 44bef6cf-cea7-4b21-99f2-733d3993d8b8: addNew group-D3415AC5BE33:[44bef6cf-cea7-4b21-99f2-733d3993d8b8:192.168.69.91:37425] returns group-D3415AC5BE33:java.util.concurrent.CompletableFuture@1c84920c[Not completed]
2019-07-30 09:08:29,374 INFO  impl.RaftServerImpl (RaftServerImpl.java:<init>(93)) - 44bef6cf-cea7-4b21-99f2-733d3993d8b8: new RaftServerImpl for group-D3415AC5BE33:[44bef6cf-cea7-4b21-99f2-733d3993d8b8:192.168.69.91:37425] with ContainerStateMachine:uninitialized
2019-07-30 09:08:29,374 INFO  server.RaftServerConfigKeys (ConfUtils.java:logGet(43)) - raft.server.rpc.timeout.min = 5s (custom)
2019-07-30 09:08:29,374 INFO  server.RaftServerConfigKeys (ConfUtils.java:logGet(43)) - raft.server.rpc.timeout.max = 5200ms (custom)
2019-07-30 09:08:29,374 INFO  server.RaftServerConfigKeys (ConfUtils.java:logGet(43)) - raft.server.rpcslowness.timeout = 120s (custom)
2019-07-30 09:08:29,375 INFO  server.RaftServerConfigKeys (ConfUtils.java:logGet(43)) - raft.server.sleep.deviation.threshold = 300 (default)
2019-07-30 09:08:29,375 INFO  server.RaftServerConfigKeys (ConfUtils.java:logGet(43)) - raft.server.log.appender.install.snapshot.enabled = false (custom)
2019-07-30 09:08:29,375 INFO  impl.RaftServerImpl (ServerState.java:<init>(105)) - 44bef6cf-cea7-4b21-99f2-733d3993d8b8:group-D3415AC5BE33 ConfigurationManager, init=-1: [44bef6cf-cea7-4b21-99f2-733d3993d8b8:192.168.69.91:37425], old=null, confs=<EMPTY_MAP>
2019-07-30 09:08:29,375 INFO  server.RaftServerConfigKeys (ConfUtils.java:logGet(43)) - raft.server.storage.dir = [/workdir/hadoop-ozone/integration-test/target/test-dir/MiniOzoneClusterImpl-3db9067a-67d3-4f61-944d-ab2c3ba48099/datanode-2/data/ratis] (custom)
2019-07-30 09:08:29,376 INFO  storage.RaftStorageDirectory (RaftStorageDirectory.java:analyzeStorage(246)) - The storage directory /workdir/hadoop-ozone/integration-test/target/test-dir/MiniOzoneClusterImpl-3db9067a-67d3-4f61-944d-ab2c3ba48099/datanode-2/data/ratis/a80df608-8987-4ca2-a187-d3415ac5be33 does not exist. Creating ...
2019-07-30 09:08:29,388 INFO  storage.RaftStorageDirectory (RaftStorageDirectory.java:tryLock(328)) - Lock on /workdir/hadoop-ozone/integration-test/target/test-dir/MiniOzoneClusterImpl-3db9067a-67d3-4f61-944d-ab2c3ba48099/datanode-2/data/ratis/a80df608-8987-4ca2-a187-d3415ac5be33/in_use.lock acquired by nodename 23436@byscane-nightly-jdzkf-783033596
2019-07-30 09:08:29,401 INFO  storage.RaftStorage (RaftStorage.java:format(72)) - Storage directory /workdir/hadoop-ozone/integration-test/target/test-dir/MiniOzoneClusterImpl-3db9067a-67d3-4f61-944d-ab2c3ba48099/datanode-2/data/ratis/a80df608-8987-4ca2-a187-d3415ac5be33 has been successfully formatted.
2019-07-30 09:08:29,401 INFO  ratis.ContainerStateMachine (ContainerStateMachine.java:loadSnapshot(213)) - group-D3415AC5BE33: The snapshot info is null. Setting the last applied indexto:(t:0, i:~)
2019-07-30 09:08:29,401 INFO  server.RaftServerConfigKeys (ConfUtils.java:logGet(43)) - raft.server.leader.election.timeout = 120s (custom)
2019-07-30 09:08:29,402 INFO  server.RaftServerConfigKeys (ConfUtils.java:logGet(43)) - raft.server.log.use.memory = false (default)
2019-07-30 09:08:29,402 INFO  server.RaftServerConfigKeys (ConfUtils.java:logGet(43)) - raft.server.log.purge.gap = 1000000000 (custom)
2019-07-30 09:08:29,402 INFO  server.RaftServerConfigKeys (ConfUtils.java:logGet(43)) - raft.server.log.appender.buffer.byte-limit = 33554432 (custom)
2019-07-30 09:08:29,402 INFO  server.RaftServerConfigKeys (ConfUtils.java:logGet(43)) - raft.server.log.segment.size.max = 1048576 (custom)
2019-07-30 09:08:29,402 INFO  server.RaftServerConfigKeys (ConfUtils.java:logGet(43)) - raft.server.log.segment.cache.num.max = 2 (custom)
2019-07-30 09:08:29,402 INFO  segmented.SegmentedRaftLogWorker (SegmentedRaftLogWorker.java:<init>(172)) - new 44bef6cf-cea7-4b21-99f2-733d3993d8b8-SegmentedRaftLogWorker:Storage Directory /workdir/hadoop-ozone/integration-test/target/test-dir/MiniOzoneClusterImpl-3db9067a-67d3-4f61-944d-ab2c3ba48099/datanode-2/data/ratis/a80df608-8987-4ca2-a187-d3415ac5be33 for RaftStorage:Storage Directory /workdir/hadoop-ozone/integration-test/target/test-dir/MiniOzoneClusterImpl-3db9067a-67d3-4f61-944d-ab2c3ba48099/datanode-2/data/ratis/a80df608-8987-4ca2-a187-d3415ac5be33
2019-07-30 09:08:29,403 INFO  server.RaftServerConfigKeys (ConfUtils.java:logGet(43)) - raft.server.log.queue.byte-limit = 2147483647 (custom)
2019-07-30 09:08:29,403 INFO  server.RaftServerConfigKeys (ConfUtils.java:logGet(43)) - raft.server.log.queue.element-limit = 1024 (custom)
2019-07-30 09:08:29,403 INFO  server.RaftServerConfigKeys (ConfUtils.java:logGet(43)) - raft.server.log.segment.size.max = 1048576 (custom)
2019-07-30 09:08:29,403 INFO  server.RaftServerConfigKeys (ConfUtils.java:logGet(43)) - raft.server.log.preallocated.size = 16384 (custom)
2019-07-30 09:08:29,404 INFO  server.RaftServerConfigKeys (ConfUtils.java:logGet(43)) - raft.server.log.write.buffer.size = 33554432 (custom)
2019-07-30 09:08:29,404 INFO  server.RaftServerConfigKeys (ConfUtils.java:logGet(43)) - raft.server.log.force.sync.num = 128 (default)
2019-07-30 09:08:29,404 INFO  server.RaftServerConfigKeys (ConfUtils.java:logGet(43)) - raft.server.log.statemachine.data.sync = true (default)
2019-07-30 09:08:29,404 INFO  server.RaftServerConfigKeys (ConfUtils.java:logGet(43)) - raft.server.log.statemachine.data.sync.timeout = 10s (default)
2019-07-30 09:08:29,404 INFO  server.RaftServerConfigKeys (ConfUtils.java:logGet(43)) - raft.server.log.statemachine.data.sync.timeout.retry = -1 (default)
2019-07-30 09:08:29,405 INFO  server.RaftServerConfigKeys (ConfUtils.java:logGet(43)) - raft.server.log.statemachine.data.caching.enabled = true (custom)
2019-07-30 09:08:29,405 INFO  segmented.SegmentedRaftLogWorker (SegmentedRaftLogWorker.java:lambda$new$0(132)) - 44bef6cf-cea7-4b21-99f2-733d3993d8b8-SegmentedRaftLogWorker:Storage Directory /workdir/hadoop-ozone/integration-test/target/test-dir/MiniOzoneClusterImpl-3db9067a-67d3-4f61-944d-ab2c3ba48099/datanode-2/data/ratis/a80df608-8987-4ca2-a187-d3415ac5be33: flushIndex: setUnconditionally 0 -> -1
2019-07-30 09:08:29,405 INFO  server.RaftServerConfigKeys (ConfUtils.java:logGet(43)) - raft.server.snapshot.auto.trigger.enabled = true (custom)
2019-07-30 09:08:29,406 INFO  server.RaftServerConfigKeys (ConfUtils.java:logGet(43)) - raft.server.snapshot.auto.trigger.threshold = 10000 (custom)
2019-07-30 09:08:29,406 INFO  server.RaftServerConfigKeys (ConfUtils.java:logGet(43)) - raft.server.retrycache.expirytime = 600000ms (custom)
2019-07-30 09:08:29,406 INFO  impl.RaftServerImpl (RaftServerImpl.java:start(180)) - 44bef6cf-cea7-4b21-99f2-733d3993d8b8: start group-D3415AC5BE33
2019-07-30 09:08:29,406 INFO  impl.RaftServerImpl (RaftServerImpl.java:setRole(171)) - 44bef6cf-cea7-4b21-99f2-733d3993d8b8:group-D3415AC5BE33 changes role from null to FOLLOWER at term 0 for startAsFollower
2019-07-30 09:08:29,407 INFO  impl.RoleInfo (RoleInfo.java:updateAndGet(143)) - 44bef6cf-cea7-4b21-99f2-733d3993d8b8: start FollowerState
2019-07-30 09:08:29,407 INFO  util.JmxRegister (JmxRegister.java:tryRegister(44)) - Successfully registered JMX Bean with object name Ratis:service=RaftServer,group=group-D3415AC5BE33,id=44bef6cf-cea7-4b21-99f2-733d3993d8b8
2019-07-30 09:08:29,425 INFO  pipeline.PipelineStateManager (PipelineStateManager.java:addPipeline(56)) - Created pipeline Pipeline[ Id: a80df608-8987-4ca2-a187-d3415ac5be33, Nodes: 44bef6cf-cea7-4b21-99f2-733d3993d8b8{ip: 192.168.69.91, host: byscane-nightly-jdzkf-783033596, networkLocation: /default-rack, certSerialId: null}, Type:RATIS, Factor:ONE, State:OPEN]
2019-07-30 09:08:29,453 INFO  impl.RaftServerProxy (RaftServerProxy.java:addNew(89)) - 5e269fb6-2f47-4d70-84c5-035689154df7: addNew group-6CBE935A2281:[5e269fb6-2f47-4d70-84c5-035689154df7:192.168.69.91:42715] returns group-6CBE935A2281:java.util.concurrent.CompletableFuture@21c1948a[Not completed]
2019-07-30 09:08:29,457 INFO  impl.RaftServerImpl (RaftServerImpl.java:<init>(93)) - 5e269fb6-2f47-4d70-84c5-035689154df7: new RaftServerImpl for group-6CBE935A2281:[5e269fb6-2f47-4d70-84c5-035689154df7:192.168.69.91:42715] with ContainerStateMachine:uninitialized
2019-07-30 09:08:29,458 INFO  server.RaftServerConfigKeys (ConfUtils.java:logGet(43)) - raft.server.rpc.timeout.min = 5s (custom)
2019-07-30 09:08:29,458 INFO  server.RaftServerConfigKeys (ConfUtils.java:logGet(43)) - raft.server.rpc.timeout.max = 5200ms (custom)
2019-07-30 09:08:29,458 INFO  server.RaftServerConfigKeys (ConfUtils.java:logGet(43)) - raft.server.rpcslowness.timeout = 120s (custom)
2019-07-30 09:08:29,458 INFO  server.RaftServerConfigKeys (ConfUtils.java:logGet(43)) - raft.server.sleep.deviation.threshold = 300 (default)
2019-07-30 09:08:29,458 INFO  server.RaftServerConfigKeys (ConfUtils.java:logGet(43)) - raft.server.log.appender.install.snapshot.enabled = false (custom)
2019-07-30 09:08:29,459 INFO  impl.RaftServerImpl (ServerState.java:<init>(105)) - 5e269fb6-2f47-4d70-84c5-035689154df7:group-6CBE935A2281 ConfigurationManager, init=-1: [5e269fb6-2f47-4d70-84c5-035689154df7:192.168.69.91:42715], old=null, confs=<EMPTY_MAP>
2019-07-30 09:08:29,459 INFO  server.RaftServerConfigKeys (ConfUtils.java:logGet(43)) - raft.server.storage.dir = [/workdir/hadoop-ozone/integration-test/target/test-dir/MiniOzoneClusterImpl-3db9067a-67d3-4f61-944d-ab2c3ba48099/datanode-5/data/ratis] (custom)
2019-07-30 09:08:29,459 INFO  storage.RaftStorageDirectory (RaftStorageDirectory.java:analyzeStorage(246)) - The storage directory /workdir/hadoop-ozone/integration-test/target/test-dir/MiniOzoneClusterImpl-3db9067a-67d3-4f61-944d-ab2c3ba48099/datanode-5/data/ratis/9d434090-f151-4cfd-a274-6cbe935a2281 does not exist. Creating ...
2019-07-30 09:08:29,472 INFO  storage.RaftStorageDirectory (RaftStorageDirectory.java:tryLock(328)) - Lock on /workdir/hadoop-ozone/integration-test/target/test-dir/MiniOzoneClusterImpl-3db9067a-67d3-4f61-944d-ab2c3ba48099/datanode-5/data/ratis/9d434090-f151-4cfd-a274-6cbe935a2281/in_use.lock acquired by nodename 23436@byscane-nightly-jdzkf-783033596
2019-07-30 09:08:29,490 INFO  storage.RaftStorage (RaftStorage.java:format(72)) - Storage directory /workdir/hadoop-ozone/integration-test/target/test-dir/MiniOzoneClusterImpl-3db9067a-67d3-4f61-944d-ab2c3ba48099/datanode-5/data/ratis/9d434090-f151-4cfd-a274-6cbe935a2281 has been successfully formatted.
2019-07-30 09:08:29,490 INFO  ratis.ContainerStateMachine (ContainerStateMachine.java:loadSnapshot(213)) - group-6CBE935A2281: The snapshot info is null. Setting the last applied indexto:(t:0, i:~)
2019-07-30 09:08:29,490 INFO  server.RaftServerConfigKeys (ConfUtils.java:logGet(43)) - raft.server.leader.election.timeout = 120s (custom)
2019-07-30 09:08:29,490 INFO  server.RaftServerConfigKeys (ConfUtils.java:logGet(43)) - raft.server.log.use.memory = false (default)
2019-07-30 09:08:29,491 INFO  server.RaftServerConfigKeys (ConfUtils.java:logGet(43)) - raft.server.log.purge.gap = 1000000000 (custom)
2019-07-30 09:08:29,491 INFO  server.RaftServerConfigKeys (ConfUtils.java:logGet(43)) - raft.server.log.appender.buffer.byte-limit = 33554432 (custom)
2019-07-30 09:08:29,491 INFO  server.RaftServerConfigKeys (ConfUtils.java:logGet(43)) - raft.server.log.segment.size.max = 1048576 (custom)
2019-07-30 09:08:29,491 INFO  server.RaftServerConfigKeys (ConfUtils.java:logGet(43)) - raft.server.log.segment.cache.num.max = 2 (custom)
2019-07-30 09:08:29,491 INFO  segmented.SegmentedRaftLogWorker (SegmentedRaftLogWorker.java:<init>(172)) - new 5e269fb6-2f47-4d70-84c5-035689154df7-SegmentedRaftLogWorker:Storage Directory /workdir/hadoop-ozone/integration-test/target/test-dir/MiniOzoneClusterImpl-3db9067a-67d3-4f61-944d-ab2c3ba48099/datanode-5/data/ratis/9d434090-f151-4cfd-a274-6cbe935a2281 for RaftStorage:Storage Directory /workdir/hadoop-ozone/integration-test/target/test-dir/MiniOzoneClusterImpl-3db9067a-67d3-4f61-944d-ab2c3ba48099/datanode-5/data/ratis/9d434090-f151-4cfd-a274-6cbe935a2281
2019-07-30 09:08:29,491 INFO  server.RaftServerConfigKeys (ConfUtils.java:logGet(43)) - raft.server.log.queue.byte-limit = 2147483647 (custom)
2019-07-30 09:08:29,492 INFO  server.RaftServerConfigKeys (ConfUtils.java:logGet(43)) - raft.server.log.queue.element-limit = 1024 (custom)
2019-07-30 09:08:29,492 INFO  server.RaftServerConfigKeys (ConfUtils.java:logGet(43)) - raft.server.log.segment.size.max = 1048576 (custom)
2019-07-30 09:08:29,492 INFO  server.RaftServerConfigKeys (ConfUtils.java:logGet(43)) - raft.server.log.preallocated.size = 16384 (custom)
2019-07-30 09:08:29,492 INFO  server.RaftServerConfigKeys (ConfUtils.java:logGet(43)) - raft.server.log.write.buffer.size = 33554432 (custom)
2019-07-30 09:08:29,493 INFO  server.RaftServerConfigKeys (ConfUtils.java:logGet(43)) - raft.server.log.force.sync.num = 128 (default)
2019-07-30 09:08:29,493 INFO  server.RaftServerConfigKeys (ConfUtils.java:logGet(43)) - raft.server.log.statemachine.data.sync = true (default)
2019-07-30 09:08:29,493 INFO  server.RaftServerConfigKeys (ConfUtils.java:logGet(43)) - raft.server.log.statemachine.data.sync.timeout = 10s (default)
2019-07-30 09:08:29,493 INFO  server.RaftServerConfigKeys (ConfUtils.java:logGet(43)) - raft.server.log.statemachine.data.sync.timeout.retry = -1 (default)
2019-07-30 09:08:29,493 INFO  server.RaftServerConfigKeys (ConfUtils.java:logGet(43)) - raft.server.log.statemachine.data.caching.enabled = true (custom)
2019-07-30 09:08:29,494 INFO  segmented.SegmentedRaftLogWorker (SegmentedRaftLogWorker.java:lambda$new$0(132)) - 5e269fb6-2f47-4d70-84c5-035689154df7-SegmentedRaftLogWorker:Storage Directory /workdir/hadoop-ozone/integration-test/target/test-dir/MiniOzoneClusterImpl-3db9067a-67d3-4f61-944d-ab2c3ba48099/datanode-5/data/ratis/9d434090-f151-4cfd-a274-6cbe935a2281: flushIndex: setUnconditionally 0 -> -1
2019-07-30 09:08:29,494 INFO  server.RaftServerConfigKeys (ConfUtils.java:logGet(43)) - raft.server.snapshot.auto.trigger.enabled = true (custom)
2019-07-30 09:08:29,494 INFO  server.RaftServerConfigKeys (ConfUtils.java:logGet(43)) - raft.server.snapshot.auto.trigger.threshold = 10000 (custom)
2019-07-30 09:08:29,494 INFO  server.RaftServerConfigKeys (ConfUtils.java:logGet(43)) - raft.server.retrycache.expirytime = 600000ms (custom)
2019-07-30 09:08:29,495 INFO  impl.RaftServerImpl (RaftServerImpl.java:start(180)) - 5e269fb6-2f47-4d70-84c5-035689154df7: start group-6CBE935A2281
2019-07-30 09:08:29,495 INFO  impl.RaftServerImpl (RaftServerImpl.java:setRole(171)) - 5e269fb6-2f47-4d70-84c5-035689154df7:group-6CBE935A2281 changes role from null to FOLLOWER at term 0 for startAsFollower
2019-07-30 09:08:29,495 INFO  impl.RoleInfo (RoleInfo.java:updateAndGet(143)) - 5e269fb6-2f47-4d70-84c5-035689154df7: start FollowerState
2019-07-30 09:08:29,495 INFO  util.JmxRegister (JmxRegister.java:tryRegister(44)) - Successfully registered JMX Bean with object name Ratis:service=RaftServer,group=group-6CBE935A2281,id=5e269fb6-2f47-4d70-84c5-035689154df7
2019-07-30 09:08:29,510 INFO  pipeline.PipelineStateManager (PipelineStateManager.java:addPipeline(56)) - Created pipeline Pipeline[ Id: 9d434090-f151-4cfd-a274-6cbe935a2281, Nodes: 5e269fb6-2f47-4d70-84c5-035689154df7{ip: 192.168.69.91, host: byscane-nightly-jdzkf-783033596, networkLocation: /default-rack, certSerialId: null}, Type:RATIS, Factor:ONE, State:OPEN]
2019-07-30 09:08:29,535 INFO  impl.RaftServerProxy (RaftServerProxy.java:addNew(89)) - ba5c2a39-f444-47dc-b22d-c6e54a7cb37e: addNew group-F52D307F962D:[ba5c2a39-f444-47dc-b22d-c6e54a7cb37e:192.168.69.91:42949] returns group-F52D307F962D:java.util.concurrent.CompletableFuture@5e77be84[Not completed]
2019-07-30 09:08:29,537 INFO  impl.RaftServerImpl (RaftServerImpl.java:<init>(93)) - ba5c2a39-f444-47dc-b22d-c6e54a7cb37e: new RaftServerImpl for group-F52D307F962D:[ba5c2a39-f444-47dc-b22d-c6e54a7cb37e:192.168.69.91:42949] with ContainerStateMachine:uninitialized
2019-07-30 09:08:29,537 INFO  server.RaftServerConfigKeys (ConfUtils.java:logGet(43)) - raft.server.rpc.timeout.min = 5s (custom)
2019-07-30 09:08:29,537 INFO  server.RaftServerConfigKeys (ConfUtils.java:logGet(43)) - raft.server.rpc.timeout.max = 5200ms (custom)
2019-07-30 09:08:29,537 INFO  server.RaftServerConfigKeys (ConfUtils.java:logGet(43)) - raft.server.rpcslowness.timeout = 120s (custom)
2019-07-30 09:08:29,538 INFO  server.RaftServerConfigKeys (ConfUtils.java:logGet(43)) - raft.server.sleep.deviation.threshold = 300 (default)
2019-07-30 09:08:29,538 INFO  server.RaftServerConfigKeys (ConfUtils.java:logGet(43)) - raft.server.log.appender.install.snapshot.enabled = false (custom)
2019-07-30 09:08:29,538 INFO  impl.RaftServerImpl (ServerState.java:<init>(105)) - ba5c2a39-f444-47dc-b22d-c6e54a7cb37e:group-F52D307F962D ConfigurationManager, init=-1: [ba5c2a39-f444-47dc-b22d-c6e54a7cb37e:192.168.69.91:42949], old=null, confs=<EMPTY_MAP>
2019-07-30 09:08:29,538 INFO  server.RaftServerConfigKeys (ConfUtils.java:logGet(43)) - raft.server.storage.dir = [/workdir/hadoop-ozone/integration-test/target/test-dir/MiniOzoneClusterImpl-3db9067a-67d3-4f61-944d-ab2c3ba48099/datanode-1/data/ratis] (custom)
2019-07-30 09:08:29,539 INFO  storage.RaftStorageDirectory (RaftStorageDirectory.java:analyzeStorage(246)) - The storage directory /workdir/hadoop-ozone/integration-test/target/test-dir/MiniOzoneClusterImpl-3db9067a-67d3-4f61-944d-ab2c3ba48099/datanode-1/data/ratis/054cd337-a26e-4b5d-bd99-f52d307f962d does not exist. Creating ...
2019-07-30 09:08:29,552 INFO  storage.RaftStorageDirectory (RaftStorageDirectory.java:tryLock(328)) - Lock on /workdir/hadoop-ozone/integration-test/target/test-dir/MiniOzoneClusterImpl-3db9067a-67d3-4f61-944d-ab2c3ba48099/datanode-1/data/ratis/054cd337-a26e-4b5d-bd99-f52d307f962d/in_use.lock acquired by nodename 23436@byscane-nightly-jdzkf-783033596
2019-07-30 09:08:29,565 INFO  storage.RaftStorage (RaftStorage.java:format(72)) - Storage directory /workdir/hadoop-ozone/integration-test/target/test-dir/MiniOzoneClusterImpl-3db9067a-67d3-4f61-944d-ab2c3ba48099/datanode-1/data/ratis/054cd337-a26e-4b5d-bd99-f52d307f962d has been successfully formatted.
2019-07-30 09:08:29,565 INFO  ratis.ContainerStateMachine (ContainerStateMachine.java:loadSnapshot(213)) - group-F52D307F962D: The snapshot info is null. Setting the last applied indexto:(t:0, i:~)
2019-07-30 09:08:29,565 INFO  server.RaftServerConfigKeys (ConfUtils.java:logGet(43)) - raft.server.leader.election.timeout = 120s (custom)
2019-07-30 09:08:29,566 INFO  server.RaftServerConfigKeys (ConfUtils.java:logGet(43)) - raft.server.log.use.memory = false (default)
2019-07-30 09:08:29,566 INFO  server.RaftServerConfigKeys (ConfUtils.java:logGet(43)) - raft.server.log.purge.gap = 1000000000 (custom)
2019-07-30 09:08:29,566 INFO  server.RaftServerConfigKeys (ConfUtils.java:logGet(43)) - raft.server.log.appender.buffer.byte-limit = 33554432 (custom)
2019-07-30 09:08:29,566 INFO  server.RaftServerConfigKeys (ConfUtils.java:logGet(43)) - raft.server.log.segment.size.max = 1048576 (custom)
2019-07-30 09:08:29,566 INFO  server.RaftServerConfigKeys (ConfUtils.java:logGet(43)) - raft.server.log.segment.cache.num.max = 2 (custom)
2019-07-30 09:08:29,567 INFO  segmented.SegmentedRaftLogWorker (SegmentedRaftLogWorker.java:<init>(172)) - new ba5c2a39-f444-47dc-b22d-c6e54a7cb37e-SegmentedRaftLogWorker:Storage Directory /workdir/hadoop-ozone/integration-test/target/test-dir/MiniOzoneClusterImpl-3db9067a-67d3-4f61-944d-ab2c3ba48099/datanode-1/data/ratis/054cd337-a26e-4b5d-bd99-f52d307f962d for RaftStorage:Storage Directory /workdir/hadoop-ozone/integration-test/target/test-dir/MiniOzoneClusterImpl-3db9067a-67d3-4f61-944d-ab2c3ba48099/datanode-1/data/ratis/054cd337-a26e-4b5d-bd99-f52d307f962d
2019-07-30 09:08:29,567 INFO  server.RaftServerConfigKeys (ConfUtils.java:logGet(43)) - raft.server.log.queue.byte-limit = 2147483647 (custom)
2019-07-30 09:08:29,567 INFO  server.RaftServerConfigKeys (ConfUtils.java:logGet(43)) - raft.server.log.queue.element-limit = 1024 (custom)
2019-07-30 09:08:29,567 INFO  server.RaftServerConfigKeys (ConfUtils.java:logGet(43)) - raft.server.log.segment.size.max = 1048576 (custom)
2019-07-30 09:08:29,568 INFO  server.RaftServerConfigKeys (ConfUtils.java:logGet(43)) - raft.server.log.preallocated.size = 16384 (custom)
2019-07-30 09:08:29,568 INFO  server.RaftServerConfigKeys (ConfUtils.java:logGet(43)) - raft.server.log.write.buffer.size = 33554432 (custom)
2019-07-30 09:08:29,568 INFO  server.RaftServerConfigKeys (ConfUtils.java:logGet(43)) - raft.server.log.force.sync.num = 128 (default)
2019-07-30 09:08:29,568 INFO  server.RaftServerConfigKeys (ConfUtils.java:logGet(43)) - raft.server.log.statemachine.data.sync = true (default)
2019-07-30 09:08:29,568 INFO  server.RaftServerConfigKeys (ConfUtils.java:logGet(43)) - raft.server.log.statemachine.data.sync.timeout = 10s (default)
2019-07-30 09:08:29,568 INFO  server.RaftServerConfigKeys (ConfUtils.java:logGet(43)) - raft.server.log.statemachine.data.sync.timeout.retry = -1 (default)
2019-07-30 09:08:29,569 INFO  server.RaftServerConfigKeys (ConfUtils.java:logGet(43)) - raft.server.log.statemachine.data.caching.enabled = true (custom)
2019-07-30 09:08:29,569 INFO  segmented.SegmentedRaftLogWorker (SegmentedRaftLogWorker.java:lambda$new$0(132)) - ba5c2a39-f444-47dc-b22d-c6e54a7cb37e-SegmentedRaftLogWorker:Storage Directory /workdir/hadoop-ozone/integration-test/target/test-dir/MiniOzoneClusterImpl-3db9067a-67d3-4f61-944d-ab2c3ba48099/datanode-1/data/ratis/054cd337-a26e-4b5d-bd99-f52d307f962d: flushIndex: setUnconditionally 0 -> -1
2019-07-30 09:08:29,570 INFO  server.RaftServerConfigKeys (ConfUtils.java:logGet(43)) - raft.server.snapshot.auto.trigger.enabled = true (custom)
2019-07-30 09:08:29,570 INFO  server.RaftServerConfigKeys (ConfUtils.java:logGet(43)) - raft.server.snapshot.auto.trigger.threshold = 10000 (custom)
2019-07-30 09:08:29,570 INFO  server.RaftServerConfigKeys (ConfUtils.java:logGet(43)) - raft.server.retrycache.expirytime = 600000ms (custom)
2019-07-30 09:08:29,570 INFO  impl.RaftServerImpl (RaftServerImpl.java:start(180)) - ba5c2a39-f444-47dc-b22d-c6e54a7cb37e: start group-F52D307F962D
2019-07-30 09:08:29,570 INFO  impl.RaftServerImpl (RaftServerImpl.java:setRole(171)) - ba5c2a39-f444-47dc-b22d-c6e54a7cb37e:group-F52D307F962D changes role from null to FOLLOWER at term 0 for startAsFollower
2019-07-30 09:08:29,571 INFO  impl.RoleInfo (RoleInfo.java:updateAndGet(143)) - ba5c2a39-f444-47dc-b22d-c6e54a7cb37e: start FollowerState
2019-07-30 09:08:29,571 INFO  util.JmxRegister (JmxRegister.java:tryRegister(44)) - Successfully registered JMX Bean with object name Ratis:service=RaftServer,group=group-F52D307F962D,id=ba5c2a39-f444-47dc-b22d-c6e54a7cb37e
2019-07-30 09:08:29,586 INFO  pipeline.PipelineStateManager (PipelineStateManager.java:addPipeline(56)) - Created pipeline Pipeline[ Id: 054cd337-a26e-4b5d-bd99-f52d307f962d, Nodes: ba5c2a39-f444-47dc-b22d-c6e54a7cb37e{ip: 192.168.69.91, host: byscane-nightly-jdzkf-783033596, networkLocation: /default-rack, certSerialId: null}, Type:RATIS, Factor:ONE, State:OPEN]
2019-07-30 09:08:29,615 INFO  impl.RaftServerProxy (RaftServerProxy.java:addNew(89)) - f2f5b1eb-a31c-441e-b55a-47d91a1cec68: addNew group-33A8C3EC5BA0:[f2f5b1eb-a31c-441e-b55a-47d91a1cec68:192.168.69.91:40356] returns group-33A8C3EC5BA0:java.util.concurrent.CompletableFuture@3a28da07[Not completed]
2019-07-30 09:08:29,619 INFO  impl.RaftServerImpl (RaftServerImpl.java:<init>(93)) - f2f5b1eb-a31c-441e-b55a-47d91a1cec68: new RaftServerImpl for group-33A8C3EC5BA0:[f2f5b1eb-a31c-441e-b55a-47d91a1cec68:192.168.69.91:40356] with ContainerStateMachine:uninitialized
2019-07-30 09:08:29,619 INFO  server.RaftServerConfigKeys (ConfUtils.java:logGet(43)) - raft.server.rpc.timeout.min = 5s (custom)
2019-07-30 09:08:29,619 INFO  server.RaftServerConfigKeys (ConfUtils.java:logGet(43)) - raft.server.rpc.timeout.max = 5200ms (custom)
2019-07-30 09:08:29,619 INFO  server.RaftServerConfigKeys (ConfUtils.java:logGet(43)) - raft.server.rpcslowness.timeout = 120s (custom)
2019-07-30 09:08:29,620 INFO  server.RaftServerConfigKeys (ConfUtils.java:logGet(43)) - raft.server.sleep.deviation.threshold = 300 (default)
2019-07-30 09:08:29,620 INFO  server.RaftServerConfigKeys (ConfUtils.java:logGet(43)) - raft.server.log.appender.install.snapshot.enabled = false (custom)
2019-07-30 09:08:29,620 INFO  impl.RaftServerImpl (ServerState.java:<init>(105)) - f2f5b1eb-a31c-441e-b55a-47d91a1cec68:group-33A8C3EC5BA0 ConfigurationManager, init=-1: [f2f5b1eb-a31c-441e-b55a-47d91a1cec68:192.168.69.91:40356], old=null, confs=<EMPTY_MAP>
2019-07-30 09:08:29,620 INFO  server.RaftServerConfigKeys (ConfUtils.java:logGet(43)) - raft.server.storage.dir = [/workdir/hadoop-ozone/integration-test/target/test-dir/MiniOzoneClusterImpl-3db9067a-67d3-4f61-944d-ab2c3ba48099/datanode-4/data/ratis] (custom)
2019-07-30 09:08:29,621 INFO  storage.RaftStorageDirectory (RaftStorageDirectory.java:analyzeStorage(246)) - The storage directory /workdir/hadoop-ozone/integration-test/target/test-dir/MiniOzoneClusterImpl-3db9067a-67d3-4f61-944d-ab2c3ba48099/datanode-4/data/ratis/788f46bf-e651-4a7d-8e18-33a8c3ec5ba0 does not exist. Creating ...
2019-07-30 09:08:29,634 INFO  storage.RaftStorageDirectory (RaftStorageDirectory.java:tryLock(328)) - Lock on /workdir/hadoop-ozone/integration-test/target/test-dir/MiniOzoneClusterImpl-3db9067a-67d3-4f61-944d-ab2c3ba48099/datanode-4/data/ratis/788f46bf-e651-4a7d-8e18-33a8c3ec5ba0/in_use.lock acquired by nodename 23436@byscane-nightly-jdzkf-783033596
2019-07-30 09:08:29,651 INFO  storage.RaftStorage (RaftStorage.java:format(72)) - Storage directory /workdir/hadoop-ozone/integration-test/target/test-dir/MiniOzoneClusterImpl-3db9067a-67d3-4f61-944d-ab2c3ba48099/datanode-4/data/ratis/788f46bf-e651-4a7d-8e18-33a8c3ec5ba0 has been successfully formatted.
2019-07-30 09:08:29,654 INFO  ratis.ContainerStateMachine (ContainerStateMachine.java:loadSnapshot(213)) - group-33A8C3EC5BA0: The snapshot info is null. Setting the last applied indexto:(t:0, i:~)
2019-07-30 09:08:29,654 INFO  server.RaftServerConfigKeys (ConfUtils.java:logGet(43)) - raft.server.leader.election.timeout = 120s (custom)
2019-07-30 09:08:29,654 INFO  server.RaftServerConfigKeys (ConfUtils.java:logGet(43)) - raft.server.log.use.memory = false (default)
2019-07-30 09:08:29,654 INFO  server.RaftServerConfigKeys (ConfUtils.java:logGet(43)) - raft.server.log.purge.gap = 1000000000 (custom)
2019-07-30 09:08:29,654 INFO  server.RaftServerConfigKeys (ConfUtils.java:logGet(43)) - raft.server.log.appender.buffer.byte-limit = 33554432 (custom)
2019-07-30 09:08:29,655 INFO  server.RaftServerConfigKeys (ConfUtils.java:logGet(43)) - raft.server.log.segment.size.max = 1048576 (custom)
2019-07-30 09:08:29,655 INFO  server.RaftServerConfigKeys (ConfUtils.java:logGet(43)) - raft.server.log.segment.cache.num.max = 2 (custom)
2019-07-30 09:08:29,655 INFO  segmented.SegmentedRaftLogWorker (SegmentedRaftLogWorker.java:<init>(172)) - new f2f5b1eb-a31c-441e-b55a-47d91a1cec68-SegmentedRaftLogWorker:Storage Directory /workdir/hadoop-ozone/integration-test/target/test-dir/MiniOzoneClusterImpl-3db9067a-67d3-4f61-944d-ab2c3ba48099/datanode-4/data/ratis/788f46bf-e651-4a7d-8e18-33a8c3ec5ba0 for RaftStorage:Storage Directory /workdir/hadoop-ozone/integration-test/target/test-dir/MiniOzoneClusterImpl-3db9067a-67d3-4f61-944d-ab2c3ba48099/datanode-4/data/ratis/788f46bf-e651-4a7d-8e18-33a8c3ec5ba0
2019-07-30 09:08:29,655 INFO  server.RaftServerConfigKeys (ConfUtils.java:logGet(43)) - raft.server.log.queue.byte-limit = 2147483647 (custom)
2019-07-30 09:08:29,655 INFO  server.RaftServerConfigKeys (ConfUtils.java:logGet(43)) - raft.server.log.queue.element-limit = 1024 (custom)
2019-07-30 09:08:29,656 INFO  server.RaftServerConfigKeys (ConfUtils.java:logGet(43)) - raft.server.log.segment.size.max = 1048576 (custom)
2019-07-30 09:08:29,656 INFO  server.RaftServerConfigKeys (ConfUtils.java:logGet(43)) - raft.server.log.preallocated.size = 16384 (custom)
2019-07-30 09:08:29,656 INFO  server.RaftServerConfigKeys (ConfUtils.java:logGet(43)) - raft.server.log.write.buffer.size = 33554432 (custom)
2019-07-30 09:08:29,656 INFO  server.RaftServerConfigKeys (ConfUtils.java:logGet(43)) - raft.server.log.force.sync.num = 128 (default)
2019-07-30 09:08:29,656 INFO  server.RaftServerConfigKeys (ConfUtils.java:logGet(43)) - raft.server.log.statemachine.data.sync = true (default)
2019-07-30 09:08:29,657 INFO  server.RaftServerConfigKeys (ConfUtils.java:logGet(43)) - raft.server.log.statemachine.data.sync.timeout = 10s (default)
2019-07-30 09:08:29,657 INFO  server.RaftServerConfigKeys (ConfUtils.java:logGet(43)) - raft.server.log.statemachine.data.sync.timeout.retry = -1 (default)
2019-07-30 09:08:29,657 INFO  server.RaftServerConfigKeys (ConfUtils.java:logGet(43)) - raft.server.log.statemachine.data.caching.enabled = true (custom)
2019-07-30 09:08:29,657 INFO  segmented.SegmentedRaftLogWorker (SegmentedRaftLogWorker.java:lambda$new$0(132)) - f2f5b1eb-a31c-441e-b55a-47d91a1cec68-SegmentedRaftLogWorker:Storage Directory /workdir/hadoop-ozone/integration-test/target/test-dir/MiniOzoneClusterImpl-3db9067a-67d3-4f61-944d-ab2c3ba48099/datanode-4/data/ratis/788f46bf-e651-4a7d-8e18-33a8c3ec5ba0: flushIndex: setUnconditionally 0 -> -1
2019-07-30 09:08:29,658 INFO  server.RaftServerConfigKeys (ConfUtils.java:logGet(43)) - raft.server.snapshot.auto.trigger.enabled = true (custom)
2019-07-30 09:08:29,658 INFO  server.RaftServerConfigKeys (ConfUtils.java:logGet(43)) - raft.server.snapshot.auto.trigger.threshold = 10000 (custom)
2019-07-30 09:08:29,658 INFO  server.RaftServerConfigKeys (ConfUtils.java:logGet(43)) - raft.server.retrycache.expirytime = 600000ms (custom)
2019-07-30 09:08:29,658 INFO  impl.RaftServerImpl (RaftServerImpl.java:start(180)) - f2f5b1eb-a31c-441e-b55a-47d91a1cec68: start group-33A8C3EC5BA0
2019-07-30 09:08:29,659 INFO  impl.RaftServerImpl (RaftServerImpl.java:setRole(171)) - f2f5b1eb-a31c-441e-b55a-47d91a1cec68:group-33A8C3EC5BA0 changes role from null to FOLLOWER at term 0 for startAsFollower
2019-07-30 09:08:29,659 INFO  impl.RoleInfo (RoleInfo.java:updateAndGet(143)) - f2f5b1eb-a31c-441e-b55a-47d91a1cec68: start FollowerState
2019-07-30 09:08:29,659 INFO  util.JmxRegister (JmxRegister.java:tryRegister(44)) - Successfully registered JMX Bean with object name Ratis:service=RaftServer,group=group-33A8C3EC5BA0,id=f2f5b1eb-a31c-441e-b55a-47d91a1cec68
2019-07-30 09:08:29,672 INFO  pipeline.PipelineStateManager (PipelineStateManager.java:addPipeline(56)) - Created pipeline Pipeline[ Id: 788f46bf-e651-4a7d-8e18-33a8c3ec5ba0, Nodes: f2f5b1eb-a31c-441e-b55a-47d91a1cec68{ip: 192.168.69.91, host: byscane-nightly-jdzkf-783033596, networkLocation: /default-rack, certSerialId: null}, Type:RATIS, Factor:ONE, State:OPEN]
2019-07-30 09:08:29,712 INFO  impl.RaftServerProxy (RaftServerProxy.java:addNew(89)) - c6796f4b-94de-45f7-bd1b-eec292d92b7e: addNew group-61423AD033F2:[c6796f4b-94de-45f7-bd1b-eec292d92b7e:192.168.69.91:45721, 44bef6cf-cea7-4b21-99f2-733d3993d8b8:192.168.69.91:37425, e3f3efec-6db3-4f87-aef9-9a90eb3ffd8c:192.168.69.91:46641] returns group-61423AD033F2:java.util.concurrent.CompletableFuture@a89570b[Not completed]
2019-07-30 09:08:29,712 INFO  impl.RaftServerProxy (RaftServerProxy.java:addNew(89)) - e3f3efec-6db3-4f87-aef9-9a90eb3ffd8c: addNew group-61423AD033F2:[c6796f4b-94de-45f7-bd1b-eec292d92b7e:192.168.69.91:45721, 44bef6cf-cea7-4b21-99f2-733d3993d8b8:192.168.69.91:37425, e3f3efec-6db3-4f87-aef9-9a90eb3ffd8c:192.168.69.91:46641] returns group-61423AD033F2:java.util.concurrent.CompletableFuture@7d2e769d[Not completed]
2019-07-30 09:08:29,715 INFO  impl.RaftServerProxy (RaftServerProxy.java:addNew(89)) - 44bef6cf-cea7-4b21-99f2-733d3993d8b8: addNew group-61423AD033F2:[c6796f4b-94de-45f7-bd1b-eec292d92b7e:192.168.69.91:45721, 44bef6cf-cea7-4b21-99f2-733d3993d8b8:192.168.69.91:37425, e3f3efec-6db3-4f87-aef9-9a90eb3ffd8c:192.168.69.91:46641] returns group-61423AD033F2:java.util.concurrent.CompletableFuture@382cf75c[Not completed]
2019-07-30 09:08:29,716 INFO  impl.RaftServerImpl (RaftServerImpl.java:<init>(93)) - c6796f4b-94de-45f7-bd1b-eec292d92b7e: new RaftServerImpl for group-61423AD033F2:[c6796f4b-94de-45f7-bd1b-eec292d92b7e:192.168.69.91:45721, 44bef6cf-cea7-4b21-99f2-733d3993d8b8:192.168.69.91:37425, e3f3efec-6db3-4f87-aef9-9a90eb3ffd8c:192.168.69.91:46641] with ContainerStateMachine:uninitialized
2019-07-30 09:08:29,716 INFO  server.RaftServerConfigKeys (ConfUtils.java:logGet(43)) - raft.server.rpc.timeout.min = 5s (custom)
2019-07-30 09:08:29,716 INFO  server.RaftServerConfigKeys (ConfUtils.java:logGet(43)) - raft.server.rpc.timeout.max = 5200ms (custom)
2019-07-30 09:08:29,716 INFO  server.RaftServerConfigKeys (ConfUtils.java:logGet(43)) - raft.server.rpcslowness.timeout = 120s (custom)
2019-07-30 09:08:29,716 INFO  server.RaftServerConfigKeys (ConfUtils.java:logGet(43)) - raft.server.sleep.deviation.threshold = 300 (default)
2019-07-30 09:08:29,716 INFO  server.RaftServerConfigKeys (ConfUtils.java:logGet(43)) - raft.server.log.appender.install.snapshot.enabled = false (custom)
2019-07-30 09:08:29,717 INFO  impl.RaftServerImpl (ServerState.java:<init>(105)) - c6796f4b-94de-45f7-bd1b-eec292d92b7e:group-61423AD033F2 ConfigurationManager, init=-1: [c6796f4b-94de-45f7-bd1b-eec292d92b7e:192.168.69.91:45721, 44bef6cf-cea7-4b21-99f2-733d3993d8b8:192.168.69.91:37425, e3f3efec-6db3-4f87-aef9-9a90eb3ffd8c:192.168.69.91:46641], old=null, confs=<EMPTY_MAP>
2019-07-30 09:08:29,717 INFO  impl.RaftServerImpl (RaftServerImpl.java:<init>(93)) - e3f3efec-6db3-4f87-aef9-9a90eb3ffd8c: new RaftServerImpl for group-61423AD033F2:[c6796f4b-94de-45f7-bd1b-eec292d92b7e:192.168.69.91:45721, 44bef6cf-cea7-4b21-99f2-733d3993d8b8:192.168.69.91:37425, e3f3efec-6db3-4f87-aef9-9a90eb3ffd8c:192.168.69.91:46641] with ContainerStateMachine:uninitialized
2019-07-30 09:08:29,717 INFO  server.RaftServerConfigKeys (ConfUtils.java:logGet(43)) - raft.server.storage.dir = [/workdir/hadoop-ozone/integration-test/target/test-dir/MiniOzoneClusterImpl-3db9067a-67d3-4f61-944d-ab2c3ba48099/datanode-0/data/ratis] (custom)
2019-07-30 09:08:29,717 INFO  server.RaftServerConfigKeys (ConfUtils.java:logGet(43)) - raft.server.rpc.timeout.min = 5s (custom)
2019-07-30 09:08:29,717 INFO  server.RaftServerConfigKeys (ConfUtils.java:logGet(43)) - raft.server.rpc.timeout.max = 5200ms (custom)
2019-07-30 09:08:29,717 INFO  storage.RaftStorageDirectory (RaftStorageDirectory.java:analyzeStorage(246)) - The storage directory /workdir/hadoop-ozone/integration-test/target/test-dir/MiniOzoneClusterImpl-3db9067a-67d3-4f61-944d-ab2c3ba48099/datanode-0/data/ratis/86f7a080-a114-47e0-b1cd-61423ad033f2 does not exist. Creating ...
2019-07-30 09:08:29,717 INFO  server.RaftServerConfigKeys (ConfUtils.java:logGet(43)) - raft.server.rpcslowness.timeout = 120s (custom)
2019-07-30 09:08:29,718 INFO  server.RaftServerConfigKeys (ConfUtils.java:logGet(43)) - raft.server.sleep.deviation.threshold = 300 (default)
2019-07-30 09:08:29,718 INFO  impl.RaftServerImpl (RaftServerImpl.java:<init>(93)) - 44bef6cf-cea7-4b21-99f2-733d3993d8b8: new RaftServerImpl for group-61423AD033F2:[c6796f4b-94de-45f7-bd1b-eec292d92b7e:192.168.69.91:45721, 44bef6cf-cea7-4b21-99f2-733d3993d8b8:192.168.69.91:37425, e3f3efec-6db3-4f87-aef9-9a90eb3ffd8c:192.168.69.91:46641] with ContainerStateMachine:uninitialized
2019-07-30 09:08:29,718 INFO  server.RaftServerConfigKeys (ConfUtils.java:logGet(43)) - raft.server.log.appender.install.snapshot.enabled = false (custom)
2019-07-30 09:08:29,718 INFO  server.RaftServerConfigKeys (ConfUtils.java:logGet(43)) - raft.server.rpc.timeout.min = 5s (custom)
2019-07-30 09:08:29,718 INFO  impl.RaftServerImpl (ServerState.java:<init>(105)) - e3f3efec-6db3-4f87-aef9-9a90eb3ffd8c:group-61423AD033F2 ConfigurationManager, init=-1: [c6796f4b-94de-45f7-bd1b-eec292d92b7e:192.168.69.91:45721, 44bef6cf-cea7-4b21-99f2-733d3993d8b8:192.168.69.91:37425, e3f3efec-6db3-4f87-aef9-9a90eb3ffd8c:192.168.69.91:46641], old=null, confs=<EMPTY_MAP>
2019-07-30 09:08:29,718 INFO  server.RaftServerConfigKeys (ConfUtils.java:logGet(43)) - raft.server.rpc.timeout.max = 5200ms (custom)
2019-07-30 09:08:29,718 INFO  server.RaftServerConfigKeys (ConfUtils.java:logGet(43)) - raft.server.storage.dir = [/workdir/hadoop-ozone/integration-test/target/test-dir/MiniOzoneClusterImpl-3db9067a-67d3-4f61-944d-ab2c3ba48099/datanode-3/data/ratis] (custom)
2019-07-30 09:08:29,719 INFO  server.RaftServerConfigKeys (ConfUtils.java:logGet(43)) - raft.server.rpcslowness.timeout = 120s (custom)
2019-07-30 09:08:29,719 INFO  server.RaftServerConfigKeys (ConfUtils.java:logGet(43)) - raft.server.sleep.deviation.threshold = 300 (default)
2019-07-30 09:08:29,719 INFO  storage.RaftStorageDirectory (RaftStorageDirectory.java:analyzeStorage(246)) - The storage directory /workdir/hadoop-ozone/integration-test/target/test-dir/MiniOzoneClusterImpl-3db9067a-67d3-4f61-944d-ab2c3ba48099/datanode-3/data/ratis/86f7a080-a114-47e0-b1cd-61423ad033f2 does not exist. Creating ...
2019-07-30 09:08:29,719 INFO  server.RaftServerConfigKeys (ConfUtils.java:logGet(43)) - raft.server.log.appender.install.snapshot.enabled = false (custom)
2019-07-30 09:08:29,719 INFO  impl.RaftServerImpl (ServerState.java:<init>(105)) - 44bef6cf-cea7-4b21-99f2-733d3993d8b8:group-61423AD033F2 ConfigurationManager, init=-1: [c6796f4b-94de-45f7-bd1b-eec292d92b7e:192.168.69.91:45721, 44bef6cf-cea7-4b21-99f2-733d3993d8b8:192.168.69.91:37425, e3f3efec-6db3-4f87-aef9-9a90eb3ffd8c:192.168.69.91:46641], old=null, confs=<EMPTY_MAP>
2019-07-30 09:08:29,719 INFO  server.RaftServerConfigKeys (ConfUtils.java:logGet(43)) - raft.server.storage.dir = [/workdir/hadoop-ozone/integration-test/target/test-dir/MiniOzoneClusterImpl-3db9067a-67d3-4f61-944d-ab2c3ba48099/datanode-2/data/ratis] (custom)
2019-07-30 09:08:29,720 INFO  storage.RaftStorageDirectory (RaftStorageDirectory.java:analyzeStorage(246)) - The storage directory /workdir/hadoop-ozone/integration-test/target/test-dir/MiniOzoneClusterImpl-3db9067a-67d3-4f61-944d-ab2c3ba48099/datanode-2/data/ratis/86f7a080-a114-47e0-b1cd-61423ad033f2 does not exist. Creating ...
2019-07-30 09:08:29,731 INFO  storage.RaftStorageDirectory (RaftStorageDirectory.java:tryLock(328)) - Lock on /workdir/hadoop-ozone/integration-test/target/test-dir/MiniOzoneClusterImpl-3db9067a-67d3-4f61-944d-ab2c3ba48099/datanode-2/data/ratis/86f7a080-a114-47e0-b1cd-61423ad033f2/in_use.lock acquired by nodename 23436@byscane-nightly-jdzkf-783033596
2019-07-30 09:08:29,731 INFO  storage.RaftStorageDirectory (RaftStorageDirectory.java:tryLock(328)) - Lock on /workdir/hadoop-ozone/integration-test/target/test-dir/MiniOzoneClusterImpl-3db9067a-67d3-4f61-944d-ab2c3ba48099/datanode-3/data/ratis/86f7a080-a114-47e0-b1cd-61423ad033f2/in_use.lock acquired by nodename 23436@byscane-nightly-jdzkf-783033596
2019-07-30 09:08:29,731 INFO  storage.RaftStorageDirectory (RaftStorageDirectory.java:tryLock(328)) - Lock on /workdir/hadoop-ozone/integration-test/target/test-dir/MiniOzoneClusterImpl-3db9067a-67d3-4f61-944d-ab2c3ba48099/datanode-0/data/ratis/86f7a080-a114-47e0-b1cd-61423ad033f2/in_use.lock acquired by nodename 23436@byscane-nightly-jdzkf-783033596
2019-07-30 09:08:29,754 INFO  rpc.RpcClient (RpcClient.java:createVolume(288)) - Creating Volume: datanodefailurehandlingtest, with jenkins1000 as owner.
2019-07-30 09:08:29,768 INFO  storage.RaftStorage (RaftStorage.java:format(72)) - Storage directory /workdir/hadoop-ozone/integration-test/target/test-dir/MiniOzoneClusterImpl-3db9067a-67d3-4f61-944d-ab2c3ba48099/datanode-2/data/ratis/86f7a080-a114-47e0-b1cd-61423ad033f2 has been successfully formatted.
2019-07-30 09:08:29,768 INFO  storage.RaftStorage (RaftStorage.java:format(72)) - Storage directory /workdir/hadoop-ozone/integration-test/target/test-dir/MiniOzoneClusterImpl-3db9067a-67d3-4f61-944d-ab2c3ba48099/datanode-0/data/ratis/86f7a080-a114-47e0-b1cd-61423ad033f2 has been successfully formatted.
2019-07-30 09:08:29,768 INFO  storage.RaftStorage (RaftStorage.java:format(72)) - Storage directory /workdir/hadoop-ozone/integration-test/target/test-dir/MiniOzoneClusterImpl-3db9067a-67d3-4f61-944d-ab2c3ba48099/datanode-3/data/ratis/86f7a080-a114-47e0-b1cd-61423ad033f2 has been successfully formatted.
2019-07-30 09:08:29,769 INFO  ratis.ContainerStateMachine (ContainerStateMachine.java:loadSnapshot(213)) - group-61423AD033F2: The snapshot info is null. Setting the last applied indexto:(t:0, i:~)
2019-07-30 09:08:29,769 INFO  ratis.ContainerStateMachine (ContainerStateMachine.java:loadSnapshot(213)) - group-61423AD033F2: The snapshot info is null. Setting the last applied indexto:(t:0, i:~)
2019-07-30 09:08:29,769 INFO  ratis.ContainerStateMachine (ContainerStateMachine.java:loadSnapshot(213)) - group-61423AD033F2: The snapshot info is null. Setting the last applied indexto:(t:0, i:~)
2019-07-30 09:08:29,769 INFO  server.RaftServerConfigKeys (ConfUtils.java:logGet(43)) - raft.server.leader.election.timeout = 120s (custom)
2019-07-30 09:08:29,769 INFO  server.RaftServerConfigKeys (ConfUtils.java:logGet(43)) - raft.server.leader.election.timeout = 120s (custom)
2019-07-30 09:08:29,769 INFO  server.RaftServerConfigKeys (ConfUtils.java:logGet(43)) - raft.server.log.use.memory = false (default)
2019-07-30 09:08:29,769 INFO  server.RaftServerConfigKeys (ConfUtils.java:logGet(43)) - raft.server.leader.election.timeout = 120s (custom)
2019-07-30 09:08:29,770 INFO  server.RaftServerConfigKeys (ConfUtils.java:logGet(43)) - raft.server.log.purge.gap = 1000000000 (custom)
2019-07-30 09:08:29,769 INFO  server.RaftServerConfigKeys (ConfUtils.java:logGet(43)) - raft.server.log.use.memory = false (default)
2019-07-30 09:08:29,770 INFO  server.RaftServerConfigKeys (ConfUtils.java:logGet(43)) - raft.server.log.appender.buffer.byte-limit = 33554432 (custom)
2019-07-30 09:08:29,770 INFO  server.RaftServerConfigKeys (ConfUtils.java:logGet(43)) - raft.server.log.use.memory = false (default)
2019-07-30 09:08:29,770 INFO  server.RaftServerConfigKeys (ConfUtils.java:logGet(43)) - raft.server.log.segment.size.max = 1048576 (custom)
2019-07-30 09:08:29,770 INFO  server.RaftServerConfigKeys (ConfUtils.java:logGet(43)) - raft.server.log.purge.gap = 1000000000 (custom)
2019-07-30 09:08:29,771 INFO  server.RaftServerConfigKeys (ConfUtils.java:logGet(43)) - raft.server.log.segment.cache.num.max = 2 (custom)
2019-07-30 09:08:29,770 INFO  server.RaftServerConfigKeys (ConfUtils.java:logGet(43)) - raft.server.log.purge.gap = 1000000000 (custom)
2019-07-30 09:08:29,771 INFO  segmented.SegmentedRaftLogWorker (SegmentedRaftLogWorker.java:<init>(172)) - new e3f3efec-6db3-4f87-aef9-9a90eb3ffd8c-SegmentedRaftLogWorker:Storage Directory /workdir/hadoop-ozone/integration-test/target/test-dir/MiniOzoneClusterImpl-3db9067a-67d3-4f61-944d-ab2c3ba48099/datanode-3/data/ratis/86f7a080-a114-47e0-b1cd-61423ad033f2 for RaftStorage:Storage Directory /workdir/hadoop-ozone/integration-test/target/test-dir/MiniOzoneClusterImpl-3db9067a-67d3-4f61-944d-ab2c3ba48099/datanode-3/data/ratis/86f7a080-a114-47e0-b1cd-61423ad033f2
2019-07-30 09:08:29,771 INFO  server.RaftServerConfigKeys (ConfUtils.java:logGet(43)) - raft.server.log.appender.buffer.byte-limit = 33554432 (custom)
2019-07-30 09:08:29,771 INFO  server.RaftServerConfigKeys (ConfUtils.java:logGet(43)) - raft.server.log.queue.byte-limit = 2147483647 (custom)
2019-07-30 09:08:29,771 INFO  server.RaftServerConfigKeys (ConfUtils.java:logGet(43)) - raft.server.log.appender.buffer.byte-limit = 33554432 (custom)
2019-07-30 09:08:29,773 INFO  server.RaftServerConfigKeys (ConfUtils.java:logGet(43)) - raft.server.log.queue.element-limit = 1024 (custom)
2019-07-30 09:08:29,773 INFO  server.RaftServerConfigKeys (ConfUtils.java:logGet(43)) - raft.server.log.segment.size.max = 1048576 (custom)
2019-07-30 09:08:29,773 INFO  server.RaftServerConfigKeys (ConfUtils.java:logGet(43)) - raft.server.log.segment.size.max = 1048576 (custom)
2019-07-30 09:08:29,773 INFO  server.RaftServerConfigKeys (ConfUtils.java:logGet(43)) - raft.server.log.segment.size.max = 1048576 (custom)
2019-07-30 09:08:29,774 INFO  server.RaftServerConfigKeys (ConfUtils.java:logGet(43)) - raft.server.log.preallocated.size = 16384 (custom)
2019-07-30 09:08:29,773 INFO  server.RaftServerConfigKeys (ConfUtils.java:logGet(43)) - raft.server.log.segment.cache.num.max = 2 (custom)
2019-07-30 09:08:29,774 INFO  server.RaftServerConfigKeys (ConfUtils.java:logGet(43)) - raft.server.log.write.buffer.size = 33554432 (custom)
2019-07-30 09:08:29,774 INFO  server.RaftServerConfigKeys (ConfUtils.java:logGet(43)) - raft.server.log.force.sync.num = 128 (default)
2019-07-30 09:08:29,774 INFO  server.RaftServerConfigKeys (ConfUtils.java:logGet(43)) - raft.server.log.segment.cache.num.max = 2 (custom)
2019-07-30 09:08:29,774 INFO  server.RaftServerConfigKeys (ConfUtils.java:logGet(43)) - raft.server.log.statemachine.data.sync = true (default)
2019-07-30 09:08:29,774 INFO  segmented.SegmentedRaftLogWorker (SegmentedRaftLogWorker.java:<init>(172)) - new 44bef6cf-cea7-4b21-99f2-733d3993d8b8-SegmentedRaftLogWorker:Storage Directory /workdir/hadoop-ozone/integration-test/target/test-dir/MiniOzoneClusterImpl-3db9067a-67d3-4f61-944d-ab2c3ba48099/datanode-2/data/ratis/86f7a080-a114-47e0-b1cd-61423ad033f2 for RaftStorage:Storage Directory /workdir/hadoop-ozone/integration-test/target/test-dir/MiniOzoneClusterImpl-3db9067a-67d3-4f61-944d-ab2c3ba48099/datanode-2/data/ratis/86f7a080-a114-47e0-b1cd-61423ad033f2
2019-07-30 09:08:29,775 INFO  server.RaftServerConfigKeys (ConfUtils.java:logGet(43)) - raft.server.log.statemachine.data.sync.timeout = 10s (default)
2019-07-30 09:08:29,775 INFO  segmented.SegmentedRaftLogWorker (SegmentedRaftLogWorker.java:<init>(172)) - new c6796f4b-94de-45f7-bd1b-eec292d92b7e-SegmentedRaftLogWorker:Storage Directory /workdir/hadoop-ozone/integration-test/target/test-dir/MiniOzoneClusterImpl-3db9067a-67d3-4f61-944d-ab2c3ba48099/datanode-0/data/ratis/86f7a080-a114-47e0-b1cd-61423ad033f2 for RaftStorage:Storage Directory /workdir/hadoop-ozone/integration-test/target/test-dir/MiniOzoneClusterImpl-3db9067a-67d3-4f61-944d-ab2c3ba48099/datanode-0/data/ratis/86f7a080-a114-47e0-b1cd-61423ad033f2
2019-07-30 09:08:29,775 INFO  server.RaftServerConfigKeys (ConfUtils.java:logGet(43)) - raft.server.log.statemachine.data.sync.timeout.retry = -1 (default)
2019-07-30 09:08:29,775 INFO  server.RaftServerConfigKeys (ConfUtils.java:logGet(43)) - raft.server.log.queue.byte-limit = 2147483647 (custom)
2019-07-30 09:08:29,777 INFO  server.RaftServerConfigKeys (ConfUtils.java:logGet(43)) - raft.server.log.statemachine.data.caching.enabled = true (custom)
2019-07-30 09:08:29,776 INFO  server.RaftServerConfigKeys (ConfUtils.java:logGet(43)) - raft.server.log.queue.byte-limit = 2147483647 (custom)
2019-07-30 09:08:29,777 INFO  server.RaftServerConfigKeys (ConfUtils.java:logGet(43)) - raft.server.log.queue.element-limit = 1024 (custom)
2019-07-30 09:08:29,778 INFO  segmented.SegmentedRaftLogWorker (SegmentedRaftLogWorker.java:lambda$new$0(132)) - e3f3efec-6db3-4f87-aef9-9a90eb3ffd8c-SegmentedRaftLogWorker:Storage Directory /workdir/hadoop-ozone/integration-test/target/test-dir/MiniOzoneClusterImpl-3db9067a-67d3-4f61-944d-ab2c3ba48099/datanode-3/data/ratis/86f7a080-a114-47e0-b1cd-61423ad033f2: flushIndex: setUnconditionally 0 -> -1
2019-07-30 09:08:29,778 INFO  server.RaftServerConfigKeys (ConfUtils.java:logGet(43)) - raft.server.log.queue.element-limit = 1024 (custom)
2019-07-30 09:08:29,778 INFO  server.RaftServerConfigKeys (ConfUtils.java:logGet(43)) - raft.server.log.segment.size.max = 1048576 (custom)
2019-07-30 09:08:29,778 INFO  server.RaftServerConfigKeys (ConfUtils.java:logGet(43)) - raft.server.log.segment.size.max = 1048576 (custom)
2019-07-30 09:08:29,778 INFO  server.RaftServerConfigKeys (ConfUtils.java:logGet(43)) - raft.server.snapshot.auto.trigger.enabled = true (custom)
2019-07-30 09:08:29,779 INFO  server.RaftServerConfigKeys (ConfUtils.java:logGet(43)) - raft.server.log.preallocated.size = 16384 (custom)
2019-07-30 09:08:29,778 INFO  server.RaftServerConfigKeys (ConfUtils.java:logGet(43)) - raft.server.log.preallocated.size = 16384 (custom)
2019-07-30 09:08:29,779 INFO  server.RaftServerConfigKeys (ConfUtils.java:logGet(43)) - raft.server.log.write.buffer.size = 33554432 (custom)
2019-07-30 09:08:29,779 INFO  server.RaftServerConfigKeys (ConfUtils.java:logGet(43)) - raft.server.snapshot.auto.trigger.threshold = 10000 (custom)
2019-07-30 09:08:29,779 INFO  server.RaftServerConfigKeys (ConfUtils.java:logGet(43)) - raft.server.log.force.sync.num = 128 (default)
2019-07-30 09:08:29,779 INFO  server.RaftServerConfigKeys (ConfUtils.java:logGet(43)) - raft.server.log.write.buffer.size = 33554432 (custom)
2019-07-30 09:08:29,780 INFO  server.RaftServerConfigKeys (ConfUtils.java:logGet(43)) - raft.server.log.statemachine.data.sync = true (default)
2019-07-30 09:08:29,780 INFO  server.RaftServerConfigKeys (ConfUtils.java:logGet(43)) - raft.server.retrycache.expirytime = 600000ms (custom)
2019-07-30 09:08:29,780 INFO  server.RaftServerConfigKeys (ConfUtils.java:logGet(43)) - raft.server.log.statemachine.data.sync.timeout = 10s (default)
2019-07-30 09:08:29,780 INFO  server.RaftServerConfigKeys (ConfUtils.java:logGet(43)) - raft.server.log.force.sync.num = 128 (default)
2019-07-30 09:08:29,780 INFO  impl.RaftServerImpl (RaftServerImpl.java:start(180)) - e3f3efec-6db3-4f87-aef9-9a90eb3ffd8c: start group-61423AD033F2
2019-07-30 09:08:29,780 INFO  server.RaftServerConfigKeys (ConfUtils.java:logGet(43)) - raft.server.log.statemachine.data.sync.timeout.retry = -1 (default)
2019-07-30 09:08:29,781 INFO  impl.RaftServerImpl (RaftServerImpl.java:setRole(171)) - e3f3efec-6db3-4f87-aef9-9a90eb3ffd8c:group-61423AD033F2 changes role from null to FOLLOWER at term 0 for startAsFollower
2019-07-30 09:08:29,781 INFO  server.RaftServerConfigKeys (ConfUtils.java:logGet(43)) - raft.server.log.statemachine.data.caching.enabled = true (custom)
2019-07-30 09:08:29,780 INFO  server.RaftServerConfigKeys (ConfUtils.java:logGet(43)) - raft.server.log.statemachine.data.sync = true (default)
2019-07-30 09:08:29,781 INFO  impl.RoleInfo (RoleInfo.java:updateAndGet(143)) - e3f3efec-6db3-4f87-aef9-9a90eb3ffd8c: start FollowerState
2019-07-30 09:08:29,781 INFO  segmented.SegmentedRaftLogWorker (SegmentedRaftLogWorker.java:lambda$new$0(132)) - c6796f4b-94de-45f7-bd1b-eec292d92b7e-SegmentedRaftLogWorker:Storage Directory /workdir/hadoop-ozone/integration-test/target/test-dir/MiniOzoneClusterImpl-3db9067a-67d3-4f61-944d-ab2c3ba48099/datanode-0/data/ratis/86f7a080-a114-47e0-b1cd-61423ad033f2: flushIndex: setUnconditionally 0 -> -1
2019-07-30 09:08:29,781 INFO  server.RaftServerConfigKeys (ConfUtils.java:logGet(43)) - raft.server.log.statemachine.data.sync.timeout = 10s (default)
2019-07-30 09:08:29,782 INFO  server.RaftServerConfigKeys (ConfUtils.java:logGet(43)) - raft.server.log.statemachine.data.sync.timeout.retry = -1 (default)
2019-07-30 09:08:29,782 INFO  util.JmxRegister (JmxRegister.java:tryRegister(44)) - Successfully registered JMX Bean with object name Ratis:service=RaftServer,group=group-61423AD033F2,id=e3f3efec-6db3-4f87-aef9-9a90eb3ffd8c
2019-07-30 09:08:29,782 INFO  server.RaftServerConfigKeys (ConfUtils.java:logGet(43)) - raft.server.snapshot.auto.trigger.enabled = true (custom)
2019-07-30 09:08:29,783 INFO  server.RaftServerConfigKeys (ConfUtils.java:logGet(43)) - raft.server.log.statemachine.data.caching.enabled = true (custom)
2019-07-30 09:08:29,783 INFO  server.RaftServerConfigKeys (ConfUtils.java:logGet(43)) - raft.server.snapshot.auto.trigger.threshold = 10000 (custom)
2019-07-30 09:08:29,783 INFO  segmented.SegmentedRaftLogWorker (SegmentedRaftLogWorker.java:lambda$new$0(132)) - 44bef6cf-cea7-4b21-99f2-733d3993d8b8-SegmentedRaftLogWorker:Storage Directory /workdir/hadoop-ozone/integration-test/target/test-dir/MiniOzoneClusterImpl-3db9067a-67d3-4f61-944d-ab2c3ba48099/datanode-2/data/ratis/86f7a080-a114-47e0-b1cd-61423ad033f2: flushIndex: setUnconditionally 0 -> -1
2019-07-30 09:08:29,783 INFO  server.RaftServerConfigKeys (ConfUtils.java:logGet(43)) - raft.server.retrycache.expirytime = 600000ms (custom)
2019-07-30 09:08:29,784 INFO  server.RaftServerConfigKeys (ConfUtils.java:logGet(43)) - raft.server.snapshot.auto.trigger.enabled = true (custom)
2019-07-30 09:08:29,785 INFO  server.RaftServerConfigKeys (ConfUtils.java:logGet(43)) - raft.server.snapshot.auto.trigger.threshold = 10000 (custom)
2019-07-30 09:08:29,785 INFO  impl.RaftServerImpl (RaftServerImpl.java:start(180)) - c6796f4b-94de-45f7-bd1b-eec292d92b7e: start group-61423AD033F2
2019-07-30 09:08:29,787 INFO  server.RaftServerConfigKeys (ConfUtils.java:logGet(43)) - raft.server.retrycache.expirytime = 600000ms (custom)
2019-07-30 09:08:29,787 INFO  impl.RaftServerImpl (RaftServerImpl.java:setRole(171)) - c6796f4b-94de-45f7-bd1b-eec292d92b7e:group-61423AD033F2 changes role from null to FOLLOWER at term 0 for startAsFollower
2019-07-30 09:08:29,787 INFO  impl.RaftServerImpl (RaftServerImpl.java:start(180)) - 44bef6cf-cea7-4b21-99f2-733d3993d8b8: start group-61423AD033F2
2019-07-30 09:08:29,788 INFO  impl.RoleInfo (RoleInfo.java:updateAndGet(143)) - c6796f4b-94de-45f7-bd1b-eec292d92b7e: start FollowerState
2019-07-30 09:08:29,788 INFO  impl.RaftServerImpl (RaftServerImpl.java:setRole(171)) - 44bef6cf-cea7-4b21-99f2-733d3993d8b8:group-61423AD033F2 changes role from null to FOLLOWER at term 0 for startAsFollower
2019-07-30 09:08:29,788 INFO  impl.RoleInfo (RoleInfo.java:updateAndGet(143)) - 44bef6cf-cea7-4b21-99f2-733d3993d8b8: start FollowerState
2019-07-30 09:08:29,790 INFO  util.JmxRegister (JmxRegister.java:tryRegister(44)) - Successfully registered JMX Bean with object name Ratis:service=RaftServer,group=group-61423AD033F2,id=c6796f4b-94de-45f7-bd1b-eec292d92b7e
2019-07-30 09:08:29,790 INFO  util.JmxRegister (JmxRegister.java:tryRegister(44)) - Successfully registered JMX Bean with object name Ratis:service=RaftServer,group=group-61423AD033F2,id=44bef6cf-cea7-4b21-99f2-733d3993d8b8
2019-07-30 09:08:29,819 INFO  pipeline.PipelineStateManager (PipelineStateManager.java:addPipeline(56)) - Created pipeline Pipeline[ Id: 86f7a080-a114-47e0-b1cd-61423ad033f2, Nodes: e3f3efec-6db3-4f87-aef9-9a90eb3ffd8c{ip: 192.168.69.91, host: byscane-nightly-jdzkf-783033596, networkLocation: /default-rack, certSerialId: null}44bef6cf-cea7-4b21-99f2-733d3993d8b8{ip: 192.168.69.91, host: byscane-nightly-jdzkf-783033596, networkLocation: /default-rack, certSerialId: null}c6796f4b-94de-45f7-bd1b-eec292d92b7e{ip: 192.168.69.91, host: byscane-nightly-jdzkf-783033596, networkLocation: /default-rack, certSerialId: null}, Type:RATIS, Factor:THREE, State:OPEN]
2019-07-30 09:08:29,828 INFO  rpc.RpcClient (RpcClient.java:createBucket(425)) - Creating Bucket: datanodefailurehandlingtest/datanodefailurehandlingtest, with Versioning false and Storage Type set to DISK and Encryption set to false 
2019-07-30 09:08:29,847 INFO  impl.RaftServerProxy (RaftServerProxy.java:addNew(89)) - 5e269fb6-2f47-4d70-84c5-035689154df7: addNew group-43FFBF22FE64:[ba5c2a39-f444-47dc-b22d-c6e54a7cb37e:192.168.69.91:42949, 5e269fb6-2f47-4d70-84c5-035689154df7:192.168.69.91:42715, f2f5b1eb-a31c-441e-b55a-47d91a1cec68:192.168.69.91:40356] returns group-43FFBF22FE64:java.util.concurrent.CompletableFuture@45c07a38[Not completed]
2019-07-30 09:08:29,848 INFO  impl.RaftServerProxy (RaftServerProxy.java:addNew(89)) - ba5c2a39-f444-47dc-b22d-c6e54a7cb37e: addNew group-43FFBF22FE64:[ba5c2a39-f444-47dc-b22d-c6e54a7cb37e:192.168.69.91:42949, 5e269fb6-2f47-4d70-84c5-035689154df7:192.168.69.91:42715, f2f5b1eb-a31c-441e-b55a-47d91a1cec68:192.168.69.91:40356] returns group-43FFBF22FE64:java.util.concurrent.CompletableFuture@95e8c89[Not completed]
2019-07-30 09:08:29,852 INFO  impl.RaftServerImpl (RaftServerImpl.java:<init>(93)) - 5e269fb6-2f47-4d70-84c5-035689154df7: new RaftServerImpl for group-43FFBF22FE64:[ba5c2a39-f444-47dc-b22d-c6e54a7cb37e:192.168.69.91:42949, 5e269fb6-2f47-4d70-84c5-035689154df7:192.168.69.91:42715, f2f5b1eb-a31c-441e-b55a-47d91a1cec68:192.168.69.91:40356] with ContainerStateMachine:uninitialized
2019-07-30 09:08:29,852 INFO  server.RaftServerConfigKeys (ConfUtils.java:logGet(43)) - raft.server.rpc.timeout.min = 5s (custom)
2019-07-30 09:08:29,852 INFO  server.RaftServerConfigKeys (ConfUtils.java:logGet(43)) - raft.server.rpc.timeout.max = 5200ms (custom)
2019-07-30 09:08:29,852 INFO  impl.RaftServerProxy (RaftServerProxy.java:addNew(89)) - f2f5b1eb-a31c-441e-b55a-47d91a1cec68: addNew group-43FFBF22FE64:[ba5c2a39-f444-47dc-b22d-c6e54a7cb37e:192.168.69.91:42949, 5e269fb6-2f47-4d70-84c5-035689154df7:192.168.69.91:42715, f2f5b1eb-a31c-441e-b55a-47d91a1cec68:192.168.69.91:40356] returns group-43FFBF22FE64:java.util.concurrent.CompletableFuture@7ca99a1[Not completed]
2019-07-30 09:08:29,853 INFO  impl.RaftServerImpl (RaftServerImpl.java:<init>(93)) - ba5c2a39-f444-47dc-b22d-c6e54a7cb37e: new RaftServerImpl for group-43FFBF22FE64:[ba5c2a39-f444-47dc-b22d-c6e54a7cb37e:192.168.69.91:42949, 5e269fb6-2f47-4d70-84c5-035689154df7:192.168.69.91:42715, f2f5b1eb-a31c-441e-b55a-47d91a1cec68:192.168.69.91:40356] with ContainerStateMachine:uninitialized
2019-07-30 09:08:29,852 INFO  server.RaftServerConfigKeys (ConfUtils.java:logGet(43)) - raft.server.rpcslowness.timeout = 120s (custom)
2019-07-30 09:08:29,853 INFO  server.RaftServerConfigKeys (ConfUtils.java:logGet(43)) - raft.server.rpc.timeout.min = 5s (custom)
2019-07-30 09:08:29,853 INFO  server.RaftServerConfigKeys (ConfUtils.java:logGet(43)) - raft.server.sleep.deviation.threshold = 300 (default)
2019-07-30 09:08:29,853 INFO  server.RaftServerConfigKeys (ConfUtils.java:logGet(43)) - raft.server.rpc.timeout.max = 5200ms (custom)
2019-07-30 09:08:29,853 INFO  server.RaftServerConfigKeys (ConfUtils.java:logGet(43)) - raft.server.log.appender.install.snapshot.enabled = false (custom)
2019-07-30 09:08:29,853 INFO  server.RaftServerConfigKeys (ConfUtils.java:logGet(43)) - raft.server.rpcslowness.timeout = 120s (custom)
2019-07-30 09:08:29,853 INFO  impl.RaftServerImpl (ServerState.java:<init>(105)) - 5e269fb6-2f47-4d70-84c5-035689154df7:group-43FFBF22FE64 ConfigurationManager, init=-1: [ba5c2a39-f444-47dc-b22d-c6e54a7cb37e:192.168.69.91:42949, 5e269fb6-2f47-4d70-84c5-035689154df7:192.168.69.91:42715, f2f5b1eb-a31c-441e-b55a-47d91a1cec68:192.168.69.91:40356], old=null, confs=<EMPTY_MAP>
2019-07-30 09:08:29,853 INFO  server.RaftServerConfigKeys (ConfUtils.java:logGet(43)) - raft.server.sleep.deviation.threshold = 300 (default)
2019-07-30 09:08:29,853 INFO  server.RaftServerConfigKeys (ConfUtils.java:logGet(43)) - raft.server.log.appender.install.snapshot.enabled = false (custom)
2019-07-30 09:08:29,853 INFO  server.RaftServerConfigKeys (ConfUtils.java:logGet(43)) - raft.server.storage.dir = [/workdir/hadoop-ozone/integration-test/target/test-dir/MiniOzoneClusterImpl-3db9067a-67d3-4f61-944d-ab2c3ba48099/datanode-5/data/ratis] (custom)
2019-07-30 09:08:29,854 INFO  impl.RaftServerImpl (ServerState.java:<init>(105)) - ba5c2a39-f444-47dc-b22d-c6e54a7cb37e:group-43FFBF22FE64 ConfigurationManager, init=-1: [ba5c2a39-f444-47dc-b22d-c6e54a7cb37e:192.168.69.91:42949, 5e269fb6-2f47-4d70-84c5-035689154df7:192.168.69.91:42715, f2f5b1eb-a31c-441e-b55a-47d91a1cec68:192.168.69.91:40356], old=null, confs=<EMPTY_MAP>
2019-07-30 09:08:29,854 INFO  server.RaftServerConfigKeys (ConfUtils.java:logGet(43)) - raft.server.storage.dir = [/workdir/hadoop-ozone/integration-test/target/test-dir/MiniOzoneClusterImpl-3db9067a-67d3-4f61-944d-ab2c3ba48099/datanode-1/data/ratis] (custom)
2019-07-30 09:08:29,854 INFO  impl.RaftServerImpl (RaftServerImpl.java:<init>(93)) - f2f5b1eb-a31c-441e-b55a-47d91a1cec68: new RaftServerImpl for group-43FFBF22FE64:[ba5c2a39-f444-47dc-b22d-c6e54a7cb37e:192.168.69.91:42949, 5e269fb6-2f47-4d70-84c5-035689154df7:192.168.69.91:42715, f2f5b1eb-a31c-441e-b55a-47d91a1cec68:192.168.69.91:40356] with ContainerStateMachine:uninitialized
2019-07-30 09:08:29,854 INFO  storage.RaftStorageDirectory (RaftStorageDirectory.java:analyzeStorage(246)) - The storage directory /workdir/hadoop-ozone/integration-test/target/test-dir/MiniOzoneClusterImpl-3db9067a-67d3-4f61-944d-ab2c3ba48099/datanode-5/data/ratis/3b694f61-c154-42ff-9f75-43ffbf22fe64 does not exist. Creating ...
2019-07-30 09:08:29,854 INFO  server.RaftServerConfigKeys (ConfUtils.java:logGet(43)) - raft.server.rpc.timeout.min = 5s (custom)
2019-07-30 09:08:29,854 INFO  storage.RaftStorageDirectory (RaftStorageDirectory.java:analyzeStorage(246)) - The storage directory /workdir/hadoop-ozone/integration-test/target/test-dir/MiniOzoneClusterImpl-3db9067a-67d3-4f61-944d-ab2c3ba48099/datanode-1/data/ratis/3b694f61-c154-42ff-9f75-43ffbf22fe64 does not exist. Creating ...
2019-07-30 09:08:29,855 INFO  server.RaftServerConfigKeys (ConfUtils.java:logGet(43)) - raft.server.rpc.timeout.max = 5200ms (custom)
2019-07-30 09:08:29,855 INFO  server.RaftServerConfigKeys (ConfUtils.java:logGet(43)) - raft.server.rpcslowness.timeout = 120s (custom)
2019-07-30 09:08:29,856 INFO  server.RaftServerConfigKeys (ConfUtils.java:logGet(43)) - raft.server.sleep.deviation.threshold = 300 (default)
2019-07-30 09:08:29,856 INFO  server.RaftServerConfigKeys (ConfUtils.java:logGet(43)) - raft.server.log.appender.install.snapshot.enabled = false (custom)
2019-07-30 09:08:29,856 INFO  impl.RaftServerImpl (ServerState.java:<init>(105)) - f2f5b1eb-a31c-441e-b55a-47d91a1cec68:group-43FFBF22FE64 ConfigurationManager, init=-1: [ba5c2a39-f444-47dc-b22d-c6e54a7cb37e:192.168.69.91:42949, 5e269fb6-2f47-4d70-84c5-035689154df7:192.168.69.91:42715, f2f5b1eb-a31c-441e-b55a-47d91a1cec68:192.168.69.91:40356], old=null, confs=<EMPTY_MAP>
2019-07-30 09:08:29,856 INFO  server.RaftServerConfigKeys (ConfUtils.java:logGet(43)) - raft.server.storage.dir = [/workdir/hadoop-ozone/integration-test/target/test-dir/MiniOzoneClusterImpl-3db9067a-67d3-4f61-944d-ab2c3ba48099/datanode-4/data/ratis] (custom)
2019-07-30 09:08:29,856 INFO  storage.RaftStorageDirectory (RaftStorageDirectory.java:analyzeStorage(246)) - The storage directory /workdir/hadoop-ozone/integration-test/target/test-dir/MiniOzoneClusterImpl-3db9067a-67d3-4f61-944d-ab2c3ba48099/datanode-4/data/ratis/3b694f61-c154-42ff-9f75-43ffbf22fe64 does not exist. Creating ...
2019-07-30 09:08:29,869 INFO  storage.RaftStorageDirectory (RaftStorageDirectory.java:tryLock(328)) - Lock on /workdir/hadoop-ozone/integration-test/target/test-dir/MiniOzoneClusterImpl-3db9067a-67d3-4f61-944d-ab2c3ba48099/datanode-5/data/ratis/3b694f61-c154-42ff-9f75-43ffbf22fe64/in_use.lock acquired by nodename 23436@byscane-nightly-jdzkf-783033596
2019-07-30 09:08:29,869 INFO  storage.RaftStorageDirectory (RaftStorageDirectory.java:tryLock(328)) - Lock on /workdir/hadoop-ozone/integration-test/target/test-dir/MiniOzoneClusterImpl-3db9067a-67d3-4f61-944d-ab2c3ba48099/datanode-4/data/ratis/3b694f61-c154-42ff-9f75-43ffbf22fe64/in_use.lock acquired by nodename 23436@byscane-nightly-jdzkf-783033596
2019-07-30 09:08:29,869 INFO  storage.RaftStorageDirectory (RaftStorageDirectory.java:tryLock(328)) - Lock on /workdir/hadoop-ozone/integration-test/target/test-dir/MiniOzoneClusterImpl-3db9067a-67d3-4f61-944d-ab2c3ba48099/datanode-1/data/ratis/3b694f61-c154-42ff-9f75-43ffbf22fe64/in_use.lock acquired by nodename 23436@byscane-nightly-jdzkf-783033596
2019-07-30 09:08:29,883 INFO  storage.RaftStorage (RaftStorage.java:format(72)) - Storage directory /workdir/hadoop-ozone/integration-test/target/test-dir/MiniOzoneClusterImpl-3db9067a-67d3-4f61-944d-ab2c3ba48099/datanode-1/data/ratis/3b694f61-c154-42ff-9f75-43ffbf22fe64 has been successfully formatted.
2019-07-30 09:08:29,883 INFO  storage.RaftStorage (RaftStorage.java:format(72)) - Storage directory /workdir/hadoop-ozone/integration-test/target/test-dir/MiniOzoneClusterImpl-3db9067a-67d3-4f61-944d-ab2c3ba48099/datanode-5/data/ratis/3b694f61-c154-42ff-9f75-43ffbf22fe64 has been successfully formatted.
2019-07-30 09:08:29,883 INFO  storage.RaftStorage (RaftStorage.java:format(72)) - Storage directory /workdir/hadoop-ozone/integration-test/target/test-dir/MiniOzoneClusterImpl-3db9067a-67d3-4f61-944d-ab2c3ba48099/datanode-4/data/ratis/3b694f61-c154-42ff-9f75-43ffbf22fe64 has been successfully formatted.
2019-07-30 09:08:29,883 INFO  ratis.ContainerStateMachine (ContainerStateMachine.java:loadSnapshot(213)) - group-43FFBF22FE64: The snapshot info is null. Setting the last applied indexto:(t:0, i:~)
2019-07-30 09:08:29,883 INFO  ratis.ContainerStateMachine (ContainerStateMachine.java:loadSnapshot(213)) - group-43FFBF22FE64: The snapshot info is null. Setting the last applied indexto:(t:0, i:~)
2019-07-30 09:08:29,883 INFO  server.RaftServerConfigKeys (ConfUtils.java:logGet(43)) - raft.server.leader.election.timeout = 120s (custom)
2019-07-30 09:08:29,883 INFO  ratis.ContainerStateMachine (ContainerStateMachine.java:loadSnapshot(213)) - group-43FFBF22FE64: The snapshot info is null. Setting the last applied indexto:(t:0, i:~)
2019-07-30 09:08:29,883 INFO  server.RaftServerConfigKeys (ConfUtils.java:logGet(43)) - raft.server.log.use.memory = false (default)
2019-07-30 09:08:29,883 INFO  server.RaftServerConfigKeys (ConfUtils.java:logGet(43)) - raft.server.leader.election.timeout = 120s (custom)
2019-07-30 09:08:29,884 INFO  server.RaftServerConfigKeys (ConfUtils.java:logGet(43)) - raft.server.log.purge.gap = 1000000000 (custom)
2019-07-30 09:08:29,884 INFO  server.RaftServerConfigKeys (ConfUtils.java:logGet(43)) - raft.server.leader.election.timeout = 120s (custom)
2019-07-30 09:08:29,884 INFO  server.RaftServerConfigKeys (ConfUtils.java:logGet(43)) - raft.server.log.appender.buffer.byte-limit = 33554432 (custom)
2019-07-30 09:08:29,884 INFO  server.RaftServerConfigKeys (ConfUtils.java:logGet(43)) - raft.server.log.use.memory = false (default)
2019-07-30 09:08:29,884 INFO  server.RaftServerConfigKeys (ConfUtils.java:logGet(43)) - raft.server.log.segment.size.max = 1048576 (custom)
2019-07-30 09:08:29,884 INFO  server.RaftServerConfigKeys (ConfUtils.java:logGet(43)) - raft.server.log.use.memory = false (default)
2019-07-30 09:08:29,884 INFO  server.RaftServerConfigKeys (ConfUtils.java:logGet(43)) - raft.server.log.segment.cache.num.max = 2 (custom)
2019-07-30 09:08:29,885 INFO  segmented.SegmentedRaftLogWorker (SegmentedRaftLogWorker.java:<init>(172)) - new 5e269fb6-2f47-4d70-84c5-035689154df7-SegmentedRaftLogWorker:Storage Directory /workdir/hadoop-ozone/integration-test/target/test-dir/MiniOzoneClusterImpl-3db9067a-67d3-4f61-944d-ab2c3ba48099/datanode-5/data/ratis/3b694f61-c154-42ff-9f75-43ffbf22fe64 for RaftStorage:Storage Directory /workdir/hadoop-ozone/integration-test/target/test-dir/MiniOzoneClusterImpl-3db9067a-67d3-4f61-944d-ab2c3ba48099/datanode-5/data/ratis/3b694f61-c154-42ff-9f75-43ffbf22fe64
2019-07-30 09:08:29,884 INFO  server.RaftServerConfigKeys (ConfUtils.java:logGet(43)) - raft.server.log.purge.gap = 1000000000 (custom)
2019-07-30 09:08:29,885 INFO  server.RaftServerConfigKeys (ConfUtils.java:logGet(43)) - raft.server.log.queue.byte-limit = 2147483647 (custom)
2019-07-30 09:08:29,884 INFO  server.RaftServerConfigKeys (ConfUtils.java:logGet(43)) - raft.server.log.purge.gap = 1000000000 (custom)
2019-07-30 09:08:29,888 INFO  server.RaftServerConfigKeys (ConfUtils.java:logGet(43)) - raft.server.log.queue.element-limit = 1024 (custom)
2019-07-30 09:08:29,885 INFO  server.RaftServerConfigKeys (ConfUtils.java:logGet(43)) - raft.server.log.appender.buffer.byte-limit = 33554432 (custom)
2019-07-30 09:08:29,888 INFO  server.RaftServerConfigKeys (ConfUtils.java:logGet(43)) - raft.server.log.segment.size.max = 1048576 (custom)
2019-07-30 09:08:29,888 INFO  server.RaftServerConfigKeys (ConfUtils.java:logGet(43)) - raft.server.log.appender.buffer.byte-limit = 33554432 (custom)
2019-07-30 09:08:29,889 INFO  server.RaftServerConfigKeys (ConfUtils.java:logGet(43)) - raft.server.log.preallocated.size = 16384 (custom)
2019-07-30 09:08:29,889 INFO  server.RaftServerConfigKeys (ConfUtils.java:logGet(43)) - raft.server.log.write.buffer.size = 33554432 (custom)
2019-07-30 09:08:29,889 INFO  server.RaftServerConfigKeys (ConfUtils.java:logGet(43)) - raft.server.log.segment.size.max = 1048576 (custom)
2019-07-30 09:08:29,889 INFO  server.RaftServerConfigKeys (ConfUtils.java:logGet(43)) - raft.server.log.force.sync.num = 128 (default)
2019-07-30 09:08:29,889 INFO  server.RaftServerConfigKeys (ConfUtils.java:logGet(43)) - raft.server.log.segment.size.max = 1048576 (custom)
2019-07-30 09:08:29,895 INFO  server.RaftServerConfigKeys (ConfUtils.java:logGet(43)) - raft.server.log.statemachine.data.sync = true (default)
2019-07-30 09:08:29,889 INFO  server.RaftServerConfigKeys (ConfUtils.java:logGet(43)) - raft.server.log.segment.cache.num.max = 2 (custom)
2019-07-30 09:08:29,898 INFO  server.RaftServerConfigKeys (ConfUtils.java:logGet(43)) - raft.server.log.statemachine.data.sync.timeout = 10s (default)
2019-07-30 09:08:29,898 INFO  server.RaftServerConfigKeys (ConfUtils.java:logGet(43)) - raft.server.log.segment.cache.num.max = 2 (custom)
2019-07-30 09:08:29,899 INFO  server.RaftServerConfigKeys (ConfUtils.java:logGet(43)) - raft.server.log.statemachine.data.sync.timeout.retry = -1 (default)
2019-07-30 09:08:29,899 INFO  segmented.SegmentedRaftLogWorker (SegmentedRaftLogWorker.java:<init>(172)) - new ba5c2a39-f444-47dc-b22d-c6e54a7cb37e-SegmentedRaftLogWorker:Storage Directory /workdir/hadoop-ozone/integration-test/target/test-dir/MiniOzoneClusterImpl-3db9067a-67d3-4f61-944d-ab2c3ba48099/datanode-1/data/ratis/3b694f61-c154-42ff-9f75-43ffbf22fe64 for RaftStorage:Storage Directory /workdir/hadoop-ozone/integration-test/target/test-dir/MiniOzoneClusterImpl-3db9067a-67d3-4f61-944d-ab2c3ba48099/datanode-1/data/ratis/3b694f61-c154-42ff-9f75-43ffbf22fe64
2019-07-30 09:08:29,899 INFO  server.RaftServerConfigKeys (ConfUtils.java:logGet(43)) - raft.server.log.statemachine.data.caching.enabled = true (custom)
2019-07-30 09:08:29,899 INFO  segmented.SegmentedRaftLogWorker (SegmentedRaftLogWorker.java:<init>(172)) - new f2f5b1eb-a31c-441e-b55a-47d91a1cec68-SegmentedRaftLogWorker:Storage Directory /workdir/hadoop-ozone/integration-test/target/test-dir/MiniOzoneClusterImpl-3db9067a-67d3-4f61-944d-ab2c3ba48099/datanode-4/data/ratis/3b694f61-c154-42ff-9f75-43ffbf22fe64 for RaftStorage:Storage Directory /workdir/hadoop-ozone/integration-test/target/test-dir/MiniOzoneClusterImpl-3db9067a-67d3-4f61-944d-ab2c3ba48099/datanode-4/data/ratis/3b694f61-c154-42ff-9f75-43ffbf22fe64
2019-07-30 09:08:29,899 INFO  server.RaftServerConfigKeys (ConfUtils.java:logGet(43)) - raft.server.log.queue.byte-limit = 2147483647 (custom)
2019-07-30 09:08:29,901 INFO  segmented.SegmentedRaftLogWorker (SegmentedRaftLogWorker.java:lambda$new$0(132)) - 5e269fb6-2f47-4d70-84c5-035689154df7-SegmentedRaftLogWorker:Storage Directory /workdir/hadoop-ozone/integration-test/target/test-dir/MiniOzoneClusterImpl-3db9067a-67d3-4f61-944d-ab2c3ba48099/datanode-5/data/ratis/3b694f61-c154-42ff-9f75-43ffbf22fe64: flushIndex: setUnconditionally 0 -> -1
2019-07-30 09:08:29,901 INFO  server.RaftServerConfigKeys (ConfUtils.java:logGet(43)) - raft.server.log.queue.byte-limit = 2147483647 (custom)
2019-07-30 09:08:29,902 INFO  server.RaftServerConfigKeys (ConfUtils.java:logGet(43)) - raft.server.log.queue.element-limit = 1024 (custom)
2019-07-30 09:08:29,902 INFO  server.RaftServerConfigKeys (ConfUtils.java:logGet(43)) - raft.server.log.queue.element-limit = 1024 (custom)
2019-07-30 09:08:29,902 INFO  server.RaftServerConfigKeys (ConfUtils.java:logGet(43)) - raft.server.snapshot.auto.trigger.enabled = true (custom)
2019-07-30 09:08:29,903 INFO  server.RaftServerConfigKeys (ConfUtils.java:logGet(43)) - raft.server.log.segment.size.max = 1048576 (custom)
2019-07-30 09:08:29,903 INFO  server.RaftServerConfigKeys (ConfUtils.java:logGet(43)) - raft.server.log.segment.size.max = 1048576 (custom)
2019-07-30 09:08:29,903 INFO  server.RaftServerConfigKeys (ConfUtils.java:logGet(43)) - raft.server.log.preallocated.size = 16384 (custom)
2019-07-30 09:08:29,903 INFO  server.RaftServerConfigKeys (ConfUtils.java:logGet(43)) - raft.server.snapshot.auto.trigger.threshold = 10000 (custom)
2019-07-30 09:08:29,903 INFO  server.RaftServerConfigKeys (ConfUtils.java:logGet(43)) - raft.server.log.write.buffer.size = 33554432 (custom)
2019-07-30 09:08:29,903 INFO  server.RaftServerConfigKeys (ConfUtils.java:logGet(43)) - raft.server.log.preallocated.size = 16384 (custom)
2019-07-30 09:08:29,904 INFO  server.RaftServerConfigKeys (ConfUtils.java:logGet(43)) - raft.server.log.force.sync.num = 128 (default)
2019-07-30 09:08:29,903 INFO  server.RaftServerConfigKeys (ConfUtils.java:logGet(43)) - raft.server.retrycache.expirytime = 600000ms (custom)
2019-07-30 09:08:29,904 INFO  server.RaftServerConfigKeys (ConfUtils.java:logGet(43)) - raft.server.log.statemachine.data.sync = true (default)
2019-07-30 09:08:29,904 INFO  server.RaftServerConfigKeys (ConfUtils.java:logGet(43)) - raft.server.log.write.buffer.size = 33554432 (custom)
2019-07-30 09:08:29,904 INFO  server.RaftServerConfigKeys (ConfUtils.java:logGet(43)) - raft.server.log.statemachine.data.sync.timeout = 10s (default)
2019-07-30 09:08:29,904 INFO  impl.RaftServerImpl (RaftServerImpl.java:start(180)) - 5e269fb6-2f47-4d70-84c5-035689154df7: start group-43FFBF22FE64
2019-07-30 09:08:29,904 INFO  server.RaftServerConfigKeys (ConfUtils.java:logGet(43)) - raft.server.log.statemachine.data.sync.timeout.retry = -1 (default)
2019-07-30 09:08:29,904 INFO  server.RaftServerConfigKeys (ConfUtils.java:logGet(43)) - raft.server.log.force.sync.num = 128 (default)
2019-07-30 09:08:29,905 INFO  server.RaftServerConfigKeys (ConfUtils.java:logGet(43)) - raft.server.log.statemachine.data.caching.enabled = true (custom)
2019-07-30 09:08:29,905 INFO  impl.RaftServerImpl (RaftServerImpl.java:setRole(171)) - 5e269fb6-2f47-4d70-84c5-035689154df7:group-43FFBF22FE64 changes role from null to FOLLOWER at term 0 for startAsFollower
2019-07-30 09:08:29,905 INFO  server.RaftServerConfigKeys (ConfUtils.java:logGet(43)) - raft.server.log.statemachine.data.sync = true (default)
2019-07-30 09:08:29,905 INFO  segmented.SegmentedRaftLogWorker (SegmentedRaftLogWorker.java:lambda$new$0(132)) - f2f5b1eb-a31c-441e-b55a-47d91a1cec68-SegmentedRaftLogWorker:Storage Directory /workdir/hadoop-ozone/integration-test/target/test-dir/MiniOzoneClusterImpl-3db9067a-67d3-4f61-944d-ab2c3ba48099/datanode-4/data/ratis/3b694f61-c154-42ff-9f75-43ffbf22fe64: flushIndex: setUnconditionally 0 -> -1
2019-07-30 09:08:29,905 INFO  impl.RoleInfo (RoleInfo.java:updateAndGet(143)) - 5e269fb6-2f47-4d70-84c5-035689154df7: start FollowerState
2019-07-30 09:08:29,905 INFO  server.RaftServerConfigKeys (ConfUtils.java:logGet(43)) - raft.server.log.statemachine.data.sync.timeout = 10s (default)
2019-07-30 09:08:29,906 INFO  server.RaftServerConfigKeys (ConfUtils.java:logGet(43)) - raft.server.snapshot.auto.trigger.enabled = true (custom)
2019-07-30 09:08:29,906 INFO  server.RaftServerConfigKeys (ConfUtils.java:logGet(43)) - raft.server.log.statemachine.data.sync.timeout.retry = -1 (default)
2019-07-30 09:08:29,906 INFO  util.JmxRegister (JmxRegister.java:tryRegister(44)) - Successfully registered JMX Bean with object name Ratis:service=RaftServer,group=group-43FFBF22FE64,id=5e269fb6-2f47-4d70-84c5-035689154df7
2019-07-30 09:08:29,906 INFO  server.RaftServerConfigKeys (ConfUtils.java:logGet(43)) - raft.server.log.statemachine.data.caching.enabled = true (custom)
2019-07-30 09:08:29,906 INFO  server.RaftServerConfigKeys (ConfUtils.java:logGet(43)) - raft.server.snapshot.auto.trigger.threshold = 10000 (custom)
2019-07-30 09:08:29,906 INFO  segmented.SegmentedRaftLogWorker (SegmentedRaftLogWorker.java:lambda$new$0(132)) - ba5c2a39-f444-47dc-b22d-c6e54a7cb37e-SegmentedRaftLogWorker:Storage Directory /workdir/hadoop-ozone/integration-test/target/test-dir/MiniOzoneClusterImpl-3db9067a-67d3-4f61-944d-ab2c3ba48099/datanode-1/data/ratis/3b694f61-c154-42ff-9f75-43ffbf22fe64: flushIndex: setUnconditionally 0 -> -1
2019-07-30 09:08:29,906 INFO  server.RaftServerConfigKeys (ConfUtils.java:logGet(43)) - raft.server.retrycache.expirytime = 600000ms (custom)
2019-07-30 09:08:29,907 INFO  server.RaftServerConfigKeys (ConfUtils.java:logGet(43)) - raft.server.snapshot.auto.trigger.enabled = true (custom)
2019-07-30 09:08:29,907 INFO  impl.RaftServerImpl (RaftServerImpl.java:start(180)) - f2f5b1eb-a31c-441e-b55a-47d91a1cec68: start group-43FFBF22FE64
2019-07-30 09:08:29,907 INFO  server.RaftServerConfigKeys (ConfUtils.java:logGet(43)) - raft.server.snapshot.auto.trigger.threshold = 10000 (custom)
2019-07-30 09:08:29,907 INFO  impl.RaftServerImpl (RaftServerImpl.java:setRole(171)) - f2f5b1eb-a31c-441e-b55a-47d91a1cec68:group-43FFBF22FE64 changes role from null to FOLLOWER at term 0 for startAsFollower
2019-07-30 09:08:29,907 INFO  server.RaftServerConfigKeys (ConfUtils.java:logGet(43)) - raft.server.retrycache.expirytime = 600000ms (custom)
2019-07-30 09:08:29,907 INFO  impl.RoleInfo (RoleInfo.java:updateAndGet(143)) - f2f5b1eb-a31c-441e-b55a-47d91a1cec68: start FollowerState
2019-07-30 09:08:29,907 INFO  impl.RaftServerImpl (RaftServerImpl.java:start(180)) - ba5c2a39-f444-47dc-b22d-c6e54a7cb37e: start group-43FFBF22FE64
2019-07-30 09:08:29,908 INFO  impl.RaftServerImpl (RaftServerImpl.java:setRole(171)) - ba5c2a39-f444-47dc-b22d-c6e54a7cb37e:group-43FFBF22FE64 changes role from null to FOLLOWER at term 0 for startAsFollower
2019-07-30 09:08:29,908 INFO  util.JmxRegister (JmxRegister.java:tryRegister(44)) - Successfully registered JMX Bean with object name Ratis:service=RaftServer,group=group-43FFBF22FE64,id=f2f5b1eb-a31c-441e-b55a-47d91a1cec68
2019-07-30 09:08:29,908 INFO  impl.RoleInfo (RoleInfo.java:updateAndGet(143)) - ba5c2a39-f444-47dc-b22d-c6e54a7cb37e: start FollowerState
2019-07-30 09:08:29,910 INFO  util.JmxRegister (JmxRegister.java:tryRegister(44)) - Successfully registered JMX Bean with object name Ratis:service=RaftServer,group=group-43FFBF22FE64,id=ba5c2a39-f444-47dc-b22d-c6e54a7cb37e
2019-07-30 09:08:29,931 INFO  pipeline.PipelineStateManager (PipelineStateManager.java:addPipeline(56)) - Created pipeline Pipeline[ Id: 3b694f61-c154-42ff-9f75-43ffbf22fe64, Nodes: 5e269fb6-2f47-4d70-84c5-035689154df7{ip: 192.168.69.91, host: byscane-nightly-jdzkf-783033596, networkLocation: /default-rack, certSerialId: null}ba5c2a39-f444-47dc-b22d-c6e54a7cb37e{ip: 192.168.69.91, host: byscane-nightly-jdzkf-783033596, networkLocation: /default-rack, certSerialId: null}f2f5b1eb-a31c-441e-b55a-47d91a1cec68{ip: 192.168.69.91, host: byscane-nightly-jdzkf-783033596, networkLocation: /default-rack, certSerialId: null}, Type:RATIS, Factor:THREE, State:OPEN]
2019-07-30 09:08:30,082 INFO  impl.MetricsSystemImpl (MetricsSystemImpl.java:init(158)) - XceiverClientMetrics metrics system started (again)
2019-07-30 09:08:30,205 INFO  client.GrpcClientProtocolClient (GrpcClientProtocolClient.java:onNext(255)) - client-7515311C4238->e3f3efec-6db3-4f87-aef9-9a90eb3ffd8c: receive RaftClientReply:client-7515311C4238->e3f3efec-6db3-4f87-aef9-9a90eb3ffd8c@group-61423AD033F2, cid=12, FAILED org.apache.ratis.protocol.NotLeaderException: Server e3f3efec-6db3-4f87-aef9-9a90eb3ffd8c is not the leader (null). Request must be sent to leader., logIndex=0, commits[e3f3efec-6db3-4f87-aef9-9a90eb3ffd8c:c-1]
2019-07-30 09:08:31,137 INFO  container.ReplicationManager (ReplicationManager.java:start(155)) - Starting Replication Monitor Thread.
2019-07-30 09:08:31,143 INFO  container.ReplicationManager (ReplicationManager.java:run(207)) - Replication Monitor Thread took 6 milliseconds for processing 1 containers.
2019-07-30 09:08:31,269 INFO  client.GrpcClientProtocolClient (GrpcClientProtocolClient.java:onNext(255)) - client-7515311C4238->44bef6cf-cea7-4b21-99f2-733d3993d8b8: receive RaftClientReply:client-7515311C4238->44bef6cf-cea7-4b21-99f2-733d3993d8b8@group-61423AD033F2, cid=12, FAILED org.apache.ratis.protocol.NotLeaderException: Server 44bef6cf-cea7-4b21-99f2-733d3993d8b8 is not the leader (null). Request must be sent to leader., logIndex=0, commits[44bef6cf-cea7-4b21-99f2-733d3993d8b8:c-1]
2019-07-30 09:08:32,309 INFO  client.GrpcClientProtocolClient (GrpcClientProtocolClient.java:onNext(255)) - client-7515311C4238->e3f3efec-6db3-4f87-aef9-9a90eb3ffd8c: receive RaftClientReply:client-7515311C4238->e3f3efec-6db3-4f87-aef9-9a90eb3ffd8c@group-61423AD033F2, cid=12, FAILED org.apache.ratis.protocol.NotLeaderException: Server e3f3efec-6db3-4f87-aef9-9a90eb3ffd8c is not the leader (null). Request must be sent to leader., logIndex=0, commits[e3f3efec-6db3-4f87-aef9-9a90eb3ffd8c:c-1]
2019-07-30 09:08:33,351 INFO  client.GrpcClientProtocolClient (GrpcClientProtocolClient.java:onNext(255)) - client-7515311C4238->44bef6cf-cea7-4b21-99f2-733d3993d8b8: receive RaftClientReply:client-7515311C4238->44bef6cf-cea7-4b21-99f2-733d3993d8b8@group-61423AD033F2, cid=12, FAILED org.apache.ratis.protocol.NotLeaderException: Server 44bef6cf-cea7-4b21-99f2-733d3993d8b8 is not the leader (null). Request must be sent to leader., logIndex=0, commits[44bef6cf-cea7-4b21-99f2-733d3993d8b8:c-1]
2019-07-30 09:08:34,225 INFO  impl.FollowerState (FollowerState.java:run(106)) - c6796f4b-94de-45f7-bd1b-eec292d92b7e:group-B81F6D0E9AF5 changes to CANDIDATE, lastRpcTime:5134, electionTimeout:5133ms
2019-07-30 09:08:34,226 INFO  impl.RoleInfo (RoleInfo.java:shutdownFollowerState(121)) - c6796f4b-94de-45f7-bd1b-eec292d92b7e: shutdown FollowerState
2019-07-30 09:08:34,226 INFO  impl.RaftServerImpl (RaftServerImpl.java:setRole(171)) - c6796f4b-94de-45f7-bd1b-eec292d92b7e:group-B81F6D0E9AF5 changes role from FOLLOWER to CANDIDATE at term 0 for changeToCandidate
2019-07-30 09:08:34,232 INFO  impl.RoleInfo (RoleInfo.java:updateAndGet(143)) - c6796f4b-94de-45f7-bd1b-eec292d92b7e: start LeaderElection
2019-07-30 09:08:34,253 INFO  impl.LeaderElection (LeaderElection.java:askForVotes(181)) - c6796f4b-94de-45f7-bd1b-eec292d92b7e:group-B81F6D0E9AF5:LeaderElection1: begin an election at term 1 for -1: [c6796f4b-94de-45f7-bd1b-eec292d92b7e:192.168.69.91:45721], old=null
2019-07-30 09:08:34,255 INFO  impl.RoleInfo (RoleInfo.java:shutdownLeaderElection(134)) - c6796f4b-94de-45f7-bd1b-eec292d92b7e: shutdown LeaderElection
2019-07-30 09:08:34,256 INFO  impl.RaftServerImpl (RaftServerImpl.java:setRole(171)) - c6796f4b-94de-45f7-bd1b-eec292d92b7e:group-B81F6D0E9AF5 changes role from CANDIDATE to LEADER at term 1 for changeToLeader
2019-07-30 09:08:34,257 INFO  impl.RaftServerImpl (ServerState.java:setLeader(263)) - c6796f4b-94de-45f7-bd1b-eec292d92b7e:group-B81F6D0E9AF5 change Leader from null to c6796f4b-94de-45f7-bd1b-eec292d92b7e at term 1 for becomeLeader, leader elected after 5259ms
2019-07-30 09:08:34,269 INFO  server.RaftServerConfigKeys (ConfUtils.java:logGet(43)) - raft.server.staging.catchup.gap = 1000 (default)
2019-07-30 09:08:34,269 INFO  server.RaftServerConfigKeys (ConfUtils.java:logGet(43)) - raft.server.rpc.sleep.time = 25ms (default)
2019-07-30 09:08:34,274 INFO  server.RaftServerConfigKeys (ConfUtils.java:logGet(43)) - raft.server.write.element-limit = 4096 (default)
2019-07-30 09:08:34,278 INFO  server.RaftServerConfigKeys (ConfUtils.java:logGet(43)) - raft.server.watch.timeout = 10s (default)
2019-07-30 09:08:34,279 INFO  server.RaftServerConfigKeys (ConfUtils.java:logGet(43)) - raft.server.watch.timeout.denomination = 1s (default)
2019-07-30 09:08:34,280 INFO  server.RaftServerConfigKeys (ConfUtils.java:logGet(43)) - raft.server.watch.element-limit = 65536 (default)
2019-07-30 09:08:34,293 INFO  impl.RoleInfo (RoleInfo.java:updateAndGet(143)) - c6796f4b-94de-45f7-bd1b-eec292d92b7e: start LeaderState
2019-07-30 09:08:34,320 INFO  segmented.SegmentedRaftLogWorker (SegmentedRaftLogWorker.java:startLogSegment(380)) - c6796f4b-94de-45f7-bd1b-eec292d92b7e-SegmentedRaftLogWorker:Storage Directory /workdir/hadoop-ozone/integration-test/target/test-dir/MiniOzoneClusterImpl-3db9067a-67d3-4f61-944d-ab2c3ba48099/datanode-0/data/ratis/335f7e35-7511-48cb-9c6c-b81f6d0e9af5: Starting segment from index:0
2019-07-30 09:08:34,330 INFO  impl.RaftServerImpl (ServerState.java:setRaftConf(361)) - c6796f4b-94de-45f7-bd1b-eec292d92b7e:group-B81F6D0E9AF5 set configuration 0: [c6796f4b-94de-45f7-bd1b-eec292d92b7e:192.168.69.91:45721], old=null at 0
2019-07-30 09:08:34,384 INFO  impl.FollowerState (FollowerState.java:run(106)) - e3f3efec-6db3-4f87-aef9-9a90eb3ffd8c:group-1447C50BA17E changes to CANDIDATE, lastRpcTime:5099, electionTimeout:5086ms
2019-07-30 09:08:34,386 INFO  impl.RoleInfo (RoleInfo.java:shutdownFollowerState(121)) - e3f3efec-6db3-4f87-aef9-9a90eb3ffd8c: shutdown FollowerState
2019-07-30 09:08:34,386 INFO  impl.RaftServerImpl (RaftServerImpl.java:setRole(171)) - e3f3efec-6db3-4f87-aef9-9a90eb3ffd8c:group-1447C50BA17E changes role from FOLLOWER to CANDIDATE at term 0 for changeToCandidate
2019-07-30 09:08:34,386 INFO  impl.RoleInfo (RoleInfo.java:updateAndGet(143)) - e3f3efec-6db3-4f87-aef9-9a90eb3ffd8c: start LeaderElection
2019-07-30 09:08:34,394 INFO  client.GrpcClientProtocolClient (GrpcClientProtocolClient.java:onNext(255)) - client-7515311C4238->c6796f4b-94de-45f7-bd1b-eec292d92b7e: receive RaftClientReply:client-7515311C4238->c6796f4b-94de-45f7-bd1b-eec292d92b7e@group-61423AD033F2, cid=12, FAILED org.apache.ratis.protocol.NotLeaderException: Server c6796f4b-94de-45f7-bd1b-eec292d92b7e is not the leader (null). Request must be sent to leader., logIndex=0, commits[c6796f4b-94de-45f7-bd1b-eec292d92b7e:c-1]
2019-07-30 09:08:34,405 INFO  impl.LeaderElection (LeaderElection.java:askForVotes(181)) - e3f3efec-6db3-4f87-aef9-9a90eb3ffd8c:group-1447C50BA17E:LeaderElection2: begin an election at term 1 for -1: [e3f3efec-6db3-4f87-aef9-9a90eb3ffd8c:192.168.69.91:46641], old=null
2019-07-30 09:08:34,407 INFO  impl.RoleInfo (RoleInfo.java:shutdownLeaderElection(134)) - e3f3efec-6db3-4f87-aef9-9a90eb3ffd8c: shutdown LeaderElection
2019-07-30 09:08:34,407 INFO  impl.RaftServerImpl (RaftServerImpl.java:setRole(171)) - e3f3efec-6db3-4f87-aef9-9a90eb3ffd8c:group-1447C50BA17E changes role from CANDIDATE to LEADER at term 1 for changeToLeader
2019-07-30 09:08:34,407 INFO  impl.RaftServerImpl (ServerState.java:setLeader(263)) - e3f3efec-6db3-4f87-aef9-9a90eb3ffd8c:group-1447C50BA17E change Leader from null to e3f3efec-6db3-4f87-aef9-9a90eb3ffd8c at term 1 for becomeLeader, leader elected after 5129ms
2019-07-30 09:08:34,409 INFO  server.RaftServerConfigKeys (ConfUtils.java:logGet(43)) - raft.server.staging.catchup.gap = 1000 (default)
2019-07-30 09:08:34,409 INFO  server.RaftServerConfigKeys (ConfUtils.java:logGet(43)) - raft.server.rpc.sleep.time = 25ms (default)
2019-07-30 09:08:34,410 INFO  server.RaftServerConfigKeys (ConfUtils.java:logGet(43)) - raft.server.write.element-limit = 4096 (default)
2019-07-30 09:08:34,410 INFO  server.RaftServerConfigKeys (ConfUtils.java:logGet(43)) - raft.server.watch.timeout = 10s (default)
2019-07-30 09:08:34,410 INFO  server.RaftServerConfigKeys (ConfUtils.java:logGet(43)) - raft.server.watch.timeout.denomination = 1s (default)
2019-07-30 09:08:34,410 INFO  server.RaftServerConfigKeys (ConfUtils.java:logGet(43)) - raft.server.watch.element-limit = 65536 (default)
2019-07-30 09:08:34,411 INFO  impl.RoleInfo (RoleInfo.java:updateAndGet(143)) - e3f3efec-6db3-4f87-aef9-9a90eb3ffd8c: start LeaderState
2019-07-30 09:08:34,411 INFO  segmented.SegmentedRaftLogWorker (SegmentedRaftLogWorker.java:startLogSegment(380)) - e3f3efec-6db3-4f87-aef9-9a90eb3ffd8c-SegmentedRaftLogWorker:Storage Directory /workdir/hadoop-ozone/integration-test/target/test-dir/MiniOzoneClusterImpl-3db9067a-67d3-4f61-944d-ab2c3ba48099/datanode-3/data/ratis/2990df5e-8c44-4a22-987a-1447c50ba17e: Starting segment from index:0
2019-07-30 09:08:34,412 INFO  impl.RaftServerImpl (ServerState.java:setRaftConf(361)) - e3f3efec-6db3-4f87-aef9-9a90eb3ffd8c:group-1447C50BA17E set configuration 0: [e3f3efec-6db3-4f87-aef9-9a90eb3ffd8c:192.168.69.91:46641], old=null at 0
2019-07-30 09:08:34,420 WARN  io.KeyOutputStream (KeyOutputStream.java:handleException(276)) - Encountered exception java.io.IOException: Unexpected Storage Container Exception: java.util.concurrent.CompletionException: java.util.concurrent.CompletionException: org.apache.ratis.protocol.RaftRetryFailureException: Failed RaftClientRequest:client-7515311C4238->c6796f4b-94de-45f7-bd1b-eec292d92b7e@group-61423AD033F2, cid=12, seq=1*, RW, org.apache.hadoop.hdds.scm.XceiverClientRatis$$Lambda$314/1472633143@162e6a88 for 5 attempts with RetryLimited(maxAttempts=5, sleepTime=1000ms) on the pipeline Pipeline[ Id: 86f7a080-a114-47e0-b1cd-61423ad033f2, Nodes: e3f3efec-6db3-4f87-aef9-9a90eb3ffd8c{ip: 192.168.69.91, host: byscane-nightly-jdzkf-783033596, networkLocation: /default-rack, certSerialId: null}44bef6cf-cea7-4b21-99f2-733d3993d8b8{ip: 192.168.69.91, host: byscane-nightly-jdzkf-783033596, networkLocation: /default-rack, certSerialId: null}c6796f4b-94de-45f7-bd1b-eec292d92b7e{ip: 192.168.69.91, host: byscane-nightly-jdzkf-783033596, networkLocation: /default-rack, certSerialId: null}, Type:RATIS, Factor:THREE, State:OPEN]. The last committed block length is 0, uncommitted data length is 2097152 retry count 0
2019-07-30 09:08:34,478 INFO  impl.FollowerState (FollowerState.java:run(106)) - 44bef6cf-cea7-4b21-99f2-733d3993d8b8:group-D3415AC5BE33 changes to CANDIDATE, lastRpcTime:5071, electionTimeout:5071ms
2019-07-30 09:08:34,478 INFO  impl.RoleInfo (RoleInfo.java:shutdownFollowerState(121)) - 44bef6cf-cea7-4b21-99f2-733d3993d8b8: shutdown FollowerState
2019-07-30 09:08:34,478 INFO  impl.RaftServerImpl (RaftServerImpl.java:setRole(171)) - 44bef6cf-cea7-4b21-99f2-733d3993d8b8:group-D3415AC5BE33 changes role from FOLLOWER to CANDIDATE at term 0 for changeToCandidate
2019-07-30 09:08:34,479 INFO  impl.RoleInfo (RoleInfo.java:updateAndGet(143)) - 44bef6cf-cea7-4b21-99f2-733d3993d8b8: start LeaderElection
2019-07-30 09:08:34,496 INFO  impl.LeaderElection (LeaderElection.java:askForVotes(181)) - 44bef6cf-cea7-4b21-99f2-733d3993d8b8:group-D3415AC5BE33:LeaderElection3: begin an election at term 1 for -1: [44bef6cf-cea7-4b21-99f2-733d3993d8b8:192.168.69.91:37425], old=null
2019-07-30 09:08:34,498 INFO  impl.RoleInfo (RoleInfo.java:shutdownLeaderElection(134)) - 44bef6cf-cea7-4b21-99f2-733d3993d8b8: shutdown LeaderElection
2019-07-30 09:08:34,499 INFO  impl.RaftServerImpl (RaftServerImpl.java:setRole(171)) - 44bef6cf-cea7-4b21-99f2-733d3993d8b8:group-D3415AC5BE33 changes role from CANDIDATE to LEADER at term 1 for changeToLeader
2019-07-30 09:08:34,499 INFO  impl.RaftServerImpl (ServerState.java:setLeader(263)) - 44bef6cf-cea7-4b21-99f2-733d3993d8b8:group-D3415AC5BE33 change Leader from null to 44bef6cf-cea7-4b21-99f2-733d3993d8b8 at term 1 for becomeLeader, leader elected after 5098ms
2019-07-30 09:08:34,501 INFO  server.RaftServerConfigKeys (ConfUtils.java:logGet(43)) - raft.server.staging.catchup.gap = 1000 (default)
2019-07-30 09:08:34,501 INFO  server.RaftServerConfigKeys (ConfUtils.java:logGet(43)) - raft.server.rpc.sleep.time = 25ms (default)
2019-07-30 09:08:34,502 INFO  server.RaftServerConfigKeys (ConfUtils.java:logGet(43)) - raft.server.write.element-limit = 4096 (default)
2019-07-30 09:08:34,502 INFO  server.RaftServerConfigKeys (ConfUtils.java:logGet(43)) - raft.server.watch.timeout = 10s (default)
2019-07-30 09:08:34,502 INFO  server.RaftServerConfigKeys (ConfUtils.java:logGet(43)) - raft.server.watch.timeout.denomination = 1s (default)
2019-07-30 09:08:34,502 INFO  server.RaftServerConfigKeys (ConfUtils.java:logGet(43)) - raft.server.watch.element-limit = 65536 (default)
2019-07-30 09:08:34,504 INFO  impl.RoleInfo (RoleInfo.java:updateAndGet(143)) - 44bef6cf-cea7-4b21-99f2-733d3993d8b8: start LeaderState
2019-07-30 09:08:34,504 INFO  segmented.SegmentedRaftLogWorker (SegmentedRaftLogWorker.java:startLogSegment(380)) - 44bef6cf-cea7-4b21-99f2-733d3993d8b8-SegmentedRaftLogWorker:Storage Directory /workdir/hadoop-ozone/integration-test/target/test-dir/MiniOzoneClusterImpl-3db9067a-67d3-4f61-944d-ab2c3ba48099/datanode-2/data/ratis/a80df608-8987-4ca2-a187-d3415ac5be33: Starting segment from index:0
2019-07-30 09:08:34,505 INFO  client.GrpcClientProtocolClient (GrpcClientProtocolClient.java:onNext(255)) - client-A74A2859FCD8->5e269fb6-2f47-4d70-84c5-035689154df7: receive RaftClientReply:client-A74A2859FCD8->5e269fb6-2f47-4d70-84c5-035689154df7@group-43FFBF22FE64, cid=16, FAILED org.apache.ratis.protocol.NotLeaderException: Server 5e269fb6-2f47-4d70-84c5-035689154df7 is not the leader (null). Request must be sent to leader., logIndex=0, commits[5e269fb6-2f47-4d70-84c5-035689154df7:c-1]
2019-07-30 09:08:34,507 INFO  impl.RaftServerImpl (ServerState.java:setRaftConf(361)) - 44bef6cf-cea7-4b21-99f2-733d3993d8b8:group-D3415AC5BE33 set configuration 0: [44bef6cf-cea7-4b21-99f2-733d3993d8b8:192.168.69.91:37425], old=null at 0
2019-07-30 09:08:34,598 INFO  impl.FollowerState (FollowerState.java:run(106)) - 5e269fb6-2f47-4d70-84c5-035689154df7:group-6CBE935A2281 changes to CANDIDATE, lastRpcTime:5103, electionTimeout:5103ms
2019-07-30 09:08:34,599 INFO  impl.RoleInfo (RoleInfo.java:shutdownFollowerState(121)) - 5e269fb6-2f47-4d70-84c5-035689154df7: shutdown FollowerState
2019-07-30 09:08:34,599 INFO  impl.RaftServerImpl (RaftServerImpl.java:setRole(171)) - 5e269fb6-2f47-4d70-84c5-035689154df7:group-6CBE935A2281 changes role from FOLLOWER to CANDIDATE at term 0 for changeToCandidate
2019-07-30 09:08:34,599 INFO  impl.RoleInfo (RoleInfo.java:updateAndGet(143)) - 5e269fb6-2f47-4d70-84c5-035689154df7: start LeaderElection
2019-07-30 09:08:34,630 INFO  segmented.SegmentedRaftLogWorker (SegmentedRaftLogWorker.java:execute(569)) - 44bef6cf-cea7-4b21-99f2-733d3993d8b8-SegmentedRaftLogWorker:Storage Directory /workdir/hadoop-ozone/integration-test/target/test-dir/MiniOzoneClusterImpl-3db9067a-67d3-4f61-944d-ab2c3ba48099/datanode-2/data/ratis/a80df608-8987-4ca2-a187-d3415ac5be33: created new log segment /workdir/hadoop-ozone/integration-test/target/test-dir/MiniOzoneClusterImpl-3db9067a-67d3-4f61-944d-ab2c3ba48099/datanode-2/data/ratis/a80df608-8987-4ca2-a187-d3415ac5be33/current/log_inprogress_0
2019-07-30 09:08:34,630 INFO  impl.LeaderElection (LeaderElection.java:askForVotes(181)) - 5e269fb6-2f47-4d70-84c5-035689154df7:group-6CBE935A2281:LeaderElection4: begin an election at term 1 for -1: [5e269fb6-2f47-4d70-84c5-035689154df7:192.168.69.91:42715], old=null
2019-07-30 09:08:34,630 INFO  segmented.SegmentedRaftLogWorker (SegmentedRaftLogWorker.java:execute(569)) - c6796f4b-94de-45f7-bd1b-eec292d92b7e-SegmentedRaftLogWorker:Storage Directory /workdir/hadoop-ozone/integration-test/target/test-dir/MiniOzoneClusterImpl-3db9067a-67d3-4f61-944d-ab2c3ba48099/datanode-0/data/ratis/335f7e35-7511-48cb-9c6c-b81f6d0e9af5: created new log segment /workdir/hadoop-ozone/integration-test/target/test-dir/MiniOzoneClusterImpl-3db9067a-67d3-4f61-944d-ab2c3ba48099/datanode-0/data/ratis/335f7e35-7511-48cb-9c6c-b81f6d0e9af5/current/log_inprogress_0
2019-07-30 09:08:34,630 INFO  segmented.SegmentedRaftLogWorker (SegmentedRaftLogWorker.java:execute(569)) - e3f3efec-6db3-4f87-aef9-9a90eb3ffd8c-SegmentedRaftLogWorker:Storage Directory /workdir/hadoop-ozone/integration-test/target/test-dir/MiniOzoneClusterImpl-3db9067a-67d3-4f61-944d-ab2c3ba48099/datanode-3/data/ratis/2990df5e-8c44-4a22-987a-1447c50ba17e: created new log segment /workdir/hadoop-ozone/integration-test/target/test-dir/MiniOzoneClusterImpl-3db9067a-67d3-4f61-944d-ab2c3ba48099/datanode-3/data/ratis/2990df5e-8c44-4a22-987a-1447c50ba17e/current/log_inprogress_0
2019-07-30 09:08:34,632 INFO  impl.RoleInfo (RoleInfo.java:shutdownLeaderElection(134)) - 5e269fb6-2f47-4d70-84c5-035689154df7: shutdown LeaderElection
2019-07-30 09:08:34,634 INFO  impl.RaftServerImpl (RaftServerImpl.java:setRole(171)) - 5e269fb6-2f47-4d70-84c5-035689154df7:group-6CBE935A2281 changes role from CANDIDATE to LEADER at term 1 for changeToLeader
2019-07-30 09:08:34,635 INFO  impl.RaftServerImpl (ServerState.java:setLeader(263)) - 5e269fb6-2f47-4d70-84c5-035689154df7:group-6CBE935A2281 change Leader from null to 5e269fb6-2f47-4d70-84c5-035689154df7 at term 1 for becomeLeader, leader elected after 5144ms
2019-07-30 09:08:34,636 INFO  server.RaftServerConfigKeys (ConfUtils.java:logGet(43)) - raft.server.staging.catchup.gap = 1000 (default)
2019-07-30 09:08:34,636 INFO  server.RaftServerConfigKeys (ConfUtils.java:logGet(43)) - raft.server.rpc.sleep.time = 25ms (default)
2019-07-30 09:08:34,637 INFO  server.RaftServerConfigKeys (ConfUtils.java:logGet(43)) - raft.server.write.element-limit = 4096 (default)
2019-07-30 09:08:34,638 INFO  server.RaftServerConfigKeys (ConfUtils.java:logGet(43)) - raft.server.watch.timeout = 10s (default)
2019-07-30 09:08:34,638 INFO  server.RaftServerConfigKeys (ConfUtils.java:logGet(43)) - raft.server.watch.timeout.denomination = 1s (default)
2019-07-30 09:08:34,638 INFO  server.RaftServerConfigKeys (ConfUtils.java:logGet(43)) - raft.server.watch.element-limit = 65536 (default)
2019-07-30 09:08:34,638 INFO  impl.RoleInfo (RoleInfo.java:updateAndGet(143)) - 5e269fb6-2f47-4d70-84c5-035689154df7: start LeaderState
2019-07-30 09:08:34,639 INFO  segmented.SegmentedRaftLogWorker (SegmentedRaftLogWorker.java:startLogSegment(380)) - 5e269fb6-2f47-4d70-84c5-035689154df7-SegmentedRaftLogWorker:Storage Directory /workdir/hadoop-ozone/integration-test/target/test-dir/MiniOzoneClusterImpl-3db9067a-67d3-4f61-944d-ab2c3ba48099/datanode-5/data/ratis/9d434090-f151-4cfd-a274-6cbe935a2281: Starting segment from index:0
2019-07-30 09:08:34,639 INFO  impl.RaftServerImpl (ServerState.java:setRaftConf(361)) - 5e269fb6-2f47-4d70-84c5-035689154df7:group-6CBE935A2281 set configuration 0: [5e269fb6-2f47-4d70-84c5-035689154df7:192.168.69.91:42715], old=null at 0
2019-07-30 09:08:34,669 INFO  segmented.SegmentedRaftLogWorker (SegmentedRaftLogWorker.java:execute(569)) - 5e269fb6-2f47-4d70-84c5-035689154df7-SegmentedRaftLogWorker:Storage Directory /workdir/hadoop-ozone/integration-test/target/test-dir/MiniOzoneClusterImpl-3db9067a-67d3-4f61-944d-ab2c3ba48099/datanode-5/data/ratis/9d434090-f151-4cfd-a274-6cbe935a2281: created new log segment /workdir/hadoop-ozone/integration-test/target/test-dir/MiniOzoneClusterImpl-3db9067a-67d3-4f61-944d-ab2c3ba48099/datanode-5/data/ratis/9d434090-f151-4cfd-a274-6cbe935a2281/current/log_inprogress_0
2019-07-30 09:08:34,695 INFO  impl.FollowerState (FollowerState.java:run(106)) - ba5c2a39-f444-47dc-b22d-c6e54a7cb37e:group-F52D307F962D changes to CANDIDATE, lastRpcTime:5124, electionTimeout:5124ms
2019-07-30 09:08:34,695 INFO  impl.RoleInfo (RoleInfo.java:shutdownFollowerState(121)) - ba5c2a39-f444-47dc-b22d-c6e54a7cb37e: shutdown FollowerState
2019-07-30 09:08:34,695 INFO  impl.RaftServerImpl (RaftServerImpl.java:setRole(171)) - ba5c2a39-f444-47dc-b22d-c6e54a7cb37e:group-F52D307F962D changes role from FOLLOWER to CANDIDATE at term 0 for changeToCandidate
2019-07-30 09:08:34,696 INFO  impl.RoleInfo (RoleInfo.java:updateAndGet(143)) - ba5c2a39-f444-47dc-b22d-c6e54a7cb37e: start LeaderElection
2019-07-30 09:08:34,712 INFO  impl.LeaderElection (LeaderElection.java:askForVotes(181)) - ba5c2a39-f444-47dc-b22d-c6e54a7cb37e:group-F52D307F962D:LeaderElection5: begin an election at term 1 for -1: [ba5c2a39-f444-47dc-b22d-c6e54a7cb37e:192.168.69.91:42949], old=null
2019-07-30 09:08:34,713 INFO  impl.RoleInfo (RoleInfo.java:shutdownLeaderElection(134)) - ba5c2a39-f444-47dc-b22d-c6e54a7cb37e: shutdown LeaderElection
2019-07-30 09:08:34,714 INFO  impl.RaftServerImpl (RaftServerImpl.java:setRole(171)) - ba5c2a39-f444-47dc-b22d-c6e54a7cb37e:group-F52D307F962D changes role from CANDIDATE to LEADER at term 1 for changeToLeader
2019-07-30 09:08:34,714 INFO  impl.RaftServerImpl (ServerState.java:setLeader(263)) - ba5c2a39-f444-47dc-b22d-c6e54a7cb37e:group-F52D307F962D change Leader from null to ba5c2a39-f444-47dc-b22d-c6e54a7cb37e at term 1 for becomeLeader, leader elected after 5148ms
2019-07-30 09:08:34,715 INFO  server.RaftServerConfigKeys (ConfUtils.java:logGet(43)) - raft.server.staging.catchup.gap = 1000 (default)
2019-07-30 09:08:34,715 INFO  server.RaftServerConfigKeys (ConfUtils.java:logGet(43)) - raft.server.rpc.sleep.time = 25ms (default)
2019-07-30 09:08:34,716 INFO  server.RaftServerConfigKeys (ConfUtils.java:logGet(43)) - raft.server.write.element-limit = 4096 (default)
2019-07-30 09:08:34,716 INFO  server.RaftServerConfigKeys (ConfUtils.java:logGet(43)) - raft.server.watch.timeout = 10s (default)
2019-07-30 09:08:34,716 INFO  server.RaftServerConfigKeys (ConfUtils.java:logGet(43)) - raft.server.watch.timeout.denomination = 1s (default)
2019-07-30 09:08:34,716 INFO  server.RaftServerConfigKeys (ConfUtils.java:logGet(43)) - raft.server.watch.element-limit = 65536 (default)
2019-07-30 09:08:34,716 INFO  impl.RoleInfo (RoleInfo.java:updateAndGet(143)) - ba5c2a39-f444-47dc-b22d-c6e54a7cb37e: start LeaderState
2019-07-30 09:08:34,717 INFO  segmented.SegmentedRaftLogWorker (SegmentedRaftLogWorker.java:startLogSegment(380)) - ba5c2a39-f444-47dc-b22d-c6e54a7cb37e-SegmentedRaftLogWorker:Storage Directory /workdir/hadoop-ozone/integration-test/target/test-dir/MiniOzoneClusterImpl-3db9067a-67d3-4f61-944d-ab2c3ba48099/datanode-1/data/ratis/054cd337-a26e-4b5d-bd99-f52d307f962d: Starting segment from index:0
2019-07-30 09:08:34,718 INFO  impl.RaftServerImpl (ServerState.java:setRaftConf(361)) - ba5c2a39-f444-47dc-b22d-c6e54a7cb37e:group-F52D307F962D set configuration 0: [ba5c2a39-f444-47dc-b22d-c6e54a7cb37e:192.168.69.91:42949], old=null at 0
2019-07-30 09:08:34,734 INFO  impl.FollowerState (FollowerState.java:run(106)) - f2f5b1eb-a31c-441e-b55a-47d91a1cec68:group-33A8C3EC5BA0 changes to CANDIDATE, lastRpcTime:5074, electionTimeout:5059ms
2019-07-30 09:08:34,734 INFO  impl.RoleInfo (RoleInfo.java:shutdownFollowerState(121)) - f2f5b1eb-a31c-441e-b55a-47d91a1cec68: shutdown FollowerState
2019-07-30 09:08:34,734 INFO  impl.RaftServerImpl (RaftServerImpl.java:setRole(171)) - f2f5b1eb-a31c-441e-b55a-47d91a1cec68:group-33A8C3EC5BA0 changes role from FOLLOWER to CANDIDATE at term 0 for changeToCandidate
2019-07-30 09:08:34,734 INFO  impl.RoleInfo (RoleInfo.java:updateAndGet(143)) - f2f5b1eb-a31c-441e-b55a-47d91a1cec68: start LeaderElection
2019-07-30 09:08:34,747 INFO  segmented.SegmentedRaftLogWorker (SegmentedRaftLogWorker.java:execute(569)) - ba5c2a39-f444-47dc-b22d-c6e54a7cb37e-SegmentedRaftLogWorker:Storage Directory /workdir/hadoop-ozone/integration-test/target/test-dir/MiniOzoneClusterImpl-3db9067a-67d3-4f61-944d-ab2c3ba48099/datanode-1/data/ratis/054cd337-a26e-4b5d-bd99-f52d307f962d: created new log segment /workdir/hadoop-ozone/integration-test/target/test-dir/MiniOzoneClusterImpl-3db9067a-67d3-4f61-944d-ab2c3ba48099/datanode-1/data/ratis/054cd337-a26e-4b5d-bd99-f52d307f962d/current/log_inprogress_0
2019-07-30 09:08:34,747 INFO  impl.LeaderElection (LeaderElection.java:askForVotes(181)) - f2f5b1eb-a31c-441e-b55a-47d91a1cec68:group-33A8C3EC5BA0:LeaderElection6: begin an election at term 1 for -1: [f2f5b1eb-a31c-441e-b55a-47d91a1cec68:192.168.69.91:40356], old=null
2019-07-30 09:08:34,747 INFO  impl.RoleInfo (RoleInfo.java:shutdownLeaderElection(134)) - f2f5b1eb-a31c-441e-b55a-47d91a1cec68: shutdown LeaderElection
2019-07-30 09:08:34,747 INFO  impl.RaftServerImpl (RaftServerImpl.java:setRole(171)) - f2f5b1eb-a31c-441e-b55a-47d91a1cec68:group-33A8C3EC5BA0 changes role from CANDIDATE to LEADER at term 1 for changeToLeader
2019-07-30 09:08:34,747 INFO  impl.RaftServerImpl (ServerState.java:setLeader(263)) - f2f5b1eb-a31c-441e-b55a-47d91a1cec68:group-33A8C3EC5BA0 change Leader from null to f2f5b1eb-a31c-441e-b55a-47d91a1cec68 at term 1 for becomeLeader, leader elected after 5093ms
2019-07-30 09:08:34,748 INFO  server.RaftServerConfigKeys (ConfUtils.java:logGet(43)) - raft.server.staging.catchup.gap = 1000 (default)
2019-07-30 09:08:34,749 INFO  server.RaftServerConfigKeys (ConfUtils.java:logGet(43)) - raft.server.rpc.sleep.time = 25ms (default)
2019-07-30 09:08:34,749 INFO  server.RaftServerConfigKeys (ConfUtils.java:logGet(43)) - raft.server.write.element-limit = 4096 (default)
2019-07-30 09:08:34,749 INFO  server.RaftServerConfigKeys (ConfUtils.java:logGet(43)) - raft.server.watch.timeout = 10s (default)
2019-07-30 09:08:34,749 INFO  server.RaftServerConfigKeys (ConfUtils.java:logGet(43)) - raft.server.watch.timeout.denomination = 1s (default)
2019-07-30 09:08:34,750 INFO  server.RaftServerConfigKeys (ConfUtils.java:logGet(43)) - raft.server.watch.element-limit = 65536 (default)
2019-07-30 09:08:34,750 INFO  impl.RoleInfo (RoleInfo.java:updateAndGet(143)) - f2f5b1eb-a31c-441e-b55a-47d91a1cec68: start LeaderState
2019-07-30 09:08:34,750 INFO  segmented.SegmentedRaftLogWorker (SegmentedRaftLogWorker.java:startLogSegment(380)) - f2f5b1eb-a31c-441e-b55a-47d91a1cec68-SegmentedRaftLogWorker:Storage Directory /workdir/hadoop-ozone/integration-test/target/test-dir/MiniOzoneClusterImpl-3db9067a-67d3-4f61-944d-ab2c3ba48099/datanode-4/data/ratis/788f46bf-e651-4a7d-8e18-33a8c3ec5ba0: Starting segment from index:0
2019-07-30 09:08:34,751 INFO  impl.RaftServerImpl (ServerState.java:setRaftConf(361)) - f2f5b1eb-a31c-441e-b55a-47d91a1cec68:group-33A8C3EC5BA0 set configuration 0: [f2f5b1eb-a31c-441e-b55a-47d91a1cec68:192.168.69.91:40356], old=null at 0
2019-07-30 09:08:34,778 INFO  segmented.SegmentedRaftLogWorker (SegmentedRaftLogWorker.java:execute(569)) - f2f5b1eb-a31c-441e-b55a-47d91a1cec68-SegmentedRaftLogWorker:Storage Directory /workdir/hadoop-ozone/integration-test/target/test-dir/MiniOzoneClusterImpl-3db9067a-67d3-4f61-944d-ab2c3ba48099/datanode-4/data/ratis/788f46bf-e651-4a7d-8e18-33a8c3ec5ba0: created new log segment /workdir/hadoop-ozone/integration-test/target/test-dir/MiniOzoneClusterImpl-3db9067a-67d3-4f61-944d-ab2c3ba48099/datanode-4/data/ratis/788f46bf-e651-4a7d-8e18-33a8c3ec5ba0/current/log_inprogress_0
2019-07-30 09:08:34,802 INFO  impl.FollowerState (FollowerState.java:run(106)) - e3f3efec-6db3-4f87-aef9-9a90eb3ffd8c:group-61423AD033F2 changes to CANDIDATE, lastRpcTime:5020, electionTimeout:5020ms
2019-07-30 09:08:34,803 INFO  impl.RoleInfo (RoleInfo.java:shutdownFollowerState(121)) - e3f3efec-6db3-4f87-aef9-9a90eb3ffd8c: shutdown FollowerState
2019-07-30 09:08:34,803 INFO  impl.RaftServerImpl (RaftServerImpl.java:setRole(171)) - e3f3efec-6db3-4f87-aef9-9a90eb3ffd8c:group-61423AD033F2 changes role from FOLLOWER to CANDIDATE at term 0 for changeToCandidate
2019-07-30 09:08:34,803 INFO  impl.RoleInfo (RoleInfo.java:updateAndGet(143)) - e3f3efec-6db3-4f87-aef9-9a90eb3ffd8c: start LeaderElection
2019-07-30 09:08:34,809 INFO  impl.FollowerState (FollowerState.java:run(106)) - 44bef6cf-cea7-4b21-99f2-733d3993d8b8:group-61423AD033F2 changes to CANDIDATE, lastRpcTime:5021, electionTimeout:5019ms
2019-07-30 09:08:34,810 INFO  impl.RoleInfo (RoleInfo.java:shutdownFollowerState(121)) - 44bef6cf-cea7-4b21-99f2-733d3993d8b8: shutdown FollowerState
2019-07-30 09:08:34,810 INFO  impl.RaftServerImpl (RaftServerImpl.java:setRole(171)) - 44bef6cf-cea7-4b21-99f2-733d3993d8b8:group-61423AD033F2 changes role from FOLLOWER to CANDIDATE at term 0 for changeToCandidate
2019-07-30 09:08:34,811 INFO  impl.RoleInfo (RoleInfo.java:updateAndGet(143)) - 44bef6cf-cea7-4b21-99f2-733d3993d8b8: start LeaderElection
2019-07-30 09:08:34,817 INFO  impl.LeaderElection (LeaderElection.java:askForVotes(181)) - e3f3efec-6db3-4f87-aef9-9a90eb3ffd8c:group-61423AD033F2:LeaderElection7: begin an election at term 1 for -1: [c6796f4b-94de-45f7-bd1b-eec292d92b7e:192.168.69.91:45721, 44bef6cf-cea7-4b21-99f2-733d3993d8b8:192.168.69.91:37425, e3f3efec-6db3-4f87-aef9-9a90eb3ffd8c:192.168.69.91:46641], old=null
2019-07-30 09:08:34,829 INFO  impl.LeaderElection (LeaderElection.java:askForVotes(181)) - 44bef6cf-cea7-4b21-99f2-733d3993d8b8:group-61423AD033F2:LeaderElection8: begin an election at term 1 for -1: [c6796f4b-94de-45f7-bd1b-eec292d92b7e:192.168.69.91:45721, 44bef6cf-cea7-4b21-99f2-733d3993d8b8:192.168.69.91:37425, e3f3efec-6db3-4f87-aef9-9a90eb3ffd8c:192.168.69.91:46641], old=null
2019-07-30 09:08:34,866 INFO  impl.RaftServerImpl (RaftServerImpl.java:setRole(171)) - c6796f4b-94de-45f7-bd1b-eec292d92b7e:group-61423AD033F2 changes role from FOLLOWER to FOLLOWER at term 1 for recognizeCandidate:e3f3efec-6db3-4f87-aef9-9a90eb3ffd8c
2019-07-30 09:08:34,866 INFO  impl.RoleInfo (RoleInfo.java:shutdownFollowerState(121)) - c6796f4b-94de-45f7-bd1b-eec292d92b7e: shutdown FollowerState
2019-07-30 09:08:34,866 INFO  impl.RoleInfo (RoleInfo.java:updateAndGet(143)) - c6796f4b-94de-45f7-bd1b-eec292d92b7e: start FollowerState
2019-07-30 09:08:34,866 INFO  impl.FollowerState (FollowerState.java:run(114)) - c6796f4b-94de-45f7-bd1b-eec292d92b7e: FollowerState was interrupted: java.lang.InterruptedException: sleep interrupted
2019-07-30 09:08:34,896 INFO  impl.LeaderElection (LeaderElection.java:logAndReturn(56)) - 44bef6cf-cea7-4b21-99f2-733d3993d8b8:group-61423AD033F2:LeaderElection8: Election REJECTED; received 2 response(s) [44bef6cf-cea7-4b21-99f2-733d3993d8b8<-c6796f4b-94de-45f7-bd1b-eec292d92b7e#0:FAIL-t1, 44bef6cf-cea7-4b21-99f2-733d3993d8b8<-e3f3efec-6db3-4f87-aef9-9a90eb3ffd8c#0:FAIL-t1] and 0 exception(s); 44bef6cf-cea7-4b21-99f2-733d3993d8b8:t1, leader=null, voted=44bef6cf-cea7-4b21-99f2-733d3993d8b8, raftlog=44bef6cf-cea7-4b21-99f2-733d3993d8b8-SegmentedRaftLog:OPENED:c-1,f-1,i0, conf=-1: [c6796f4b-94de-45f7-bd1b-eec292d92b7e:192.168.69.91:45721, 44bef6cf-cea7-4b21-99f2-733d3993d8b8:192.168.69.91:37425, e3f3efec-6db3-4f87-aef9-9a90eb3ffd8c:192.168.69.91:46641], old=null
2019-07-30 09:08:34,896 INFO  impl.LeaderElection (LeaderElection.java:logAndReturn(56)) - e3f3efec-6db3-4f87-aef9-9a90eb3ffd8c:group-61423AD033F2:LeaderElection7: Election PASSED; received 2 response(s) [e3f3efec-6db3-4f87-aef9-9a90eb3ffd8c<-c6796f4b-94de-45f7-bd1b-eec292d92b7e#0:OK-t1, e3f3efec-6db3-4f87-aef9-9a90eb3ffd8c<-44bef6cf-cea7-4b21-99f2-733d3993d8b8#0:FAIL-t1] and 0 exception(s); e3f3efec-6db3-4f87-aef9-9a90eb3ffd8c:t1, leader=null, voted=e3f3efec-6db3-4f87-aef9-9a90eb3ffd8c, raftlog=e3f3efec-6db3-4f87-aef9-9a90eb3ffd8c-SegmentedRaftLog:OPENED:c-1,f-1,i0, conf=-1: [c6796f4b-94de-45f7-bd1b-eec292d92b7e:192.168.69.91:45721, 44bef6cf-cea7-4b21-99f2-733d3993d8b8:192.168.69.91:37425, e3f3efec-6db3-4f87-aef9-9a90eb3ffd8c:192.168.69.91:46641], old=null
2019-07-30 09:08:34,897 INFO  impl.RaftServerImpl (RaftServerImpl.java:setRole(171)) - 44bef6cf-cea7-4b21-99f2-733d3993d8b8:group-61423AD033F2 changes role from CANDIDATE to FOLLOWER at term 1 for DISCOVERED_A_NEW_TERM
2019-07-30 09:08:34,900 INFO  impl.RoleInfo (RoleInfo.java:shutdownLeaderElection(134)) - 44bef6cf-cea7-4b21-99f2-733d3993d8b8: shutdown LeaderElection
2019-07-30 09:08:34,902 INFO  impl.RoleInfo (RoleInfo.java:shutdownLeaderElection(134)) - e3f3efec-6db3-4f87-aef9-9a90eb3ffd8c: shutdown LeaderElection
2019-07-30 09:08:34,904 INFO  impl.RoleInfo (RoleInfo.java:updateAndGet(143)) - 44bef6cf-cea7-4b21-99f2-733d3993d8b8: start FollowerState
2019-07-30 09:08:34,905 INFO  impl.RaftServerImpl (RaftServerImpl.java:setRole(171)) - e3f3efec-6db3-4f87-aef9-9a90eb3ffd8c:group-61423AD033F2 changes role from CANDIDATE to LEADER at term 1 for changeToLeader
2019-07-30 09:08:34,905 INFO  impl.RaftServerImpl (ServerState.java:setLeader(263)) - e3f3efec-6db3-4f87-aef9-9a90eb3ffd8c:group-61423AD033F2 change Leader from null to e3f3efec-6db3-4f87-aef9-9a90eb3ffd8c at term 1 for becomeLeader, leader elected after 5135ms
2019-07-30 09:08:34,906 INFO  server.RaftServerConfigKeys (ConfUtils.java:logGet(43)) - raft.server.staging.catchup.gap = 1000 (default)
2019-07-30 09:08:34,906 INFO  server.RaftServerConfigKeys (ConfUtils.java:logGet(43)) - raft.server.rpc.sleep.time = 25ms (default)
2019-07-30 09:08:34,907 INFO  server.RaftServerConfigKeys (ConfUtils.java:logGet(43)) - raft.server.write.element-limit = 4096 (default)
2019-07-30 09:08:34,907 INFO  server.RaftServerConfigKeys (ConfUtils.java:logGet(43)) - raft.server.watch.timeout = 10s (default)
2019-07-30 09:08:34,907 INFO  server.RaftServerConfigKeys (ConfUtils.java:logGet(43)) - raft.server.watch.timeout.denomination = 1s (default)
2019-07-30 09:08:34,907 INFO  server.RaftServerConfigKeys (ConfUtils.java:logGet(43)) - raft.server.watch.element-limit = 65536 (default)
2019-07-30 09:08:34,910 INFO  server.RaftServerConfigKeys (ConfUtils.java:logGet(43)) - raft.server.log.appender.snapshot.chunk.size.max = 16MB (=16777216) (default)
2019-07-30 09:08:34,910 INFO  server.RaftServerConfigKeys (ConfUtils.java:logGet(43)) - raft.server.log.appender.buffer.byte-limit = 33554432 (custom)
2019-07-30 09:08:34,911 INFO  server.RaftServerConfigKeys (ConfUtils.java:logGet(43)) - raft.server.log.appender.buffer.element-limit = 1 (custom)
2019-07-30 09:08:34,915 INFO  grpc.GrpcConfigKeys$Server (ConfUtils.java:logGet(43)) - raft.grpc.server.leader.outstanding.appends.max = 128 (default)
2019-07-30 09:08:34,916 INFO  server.RaftServerConfigKeys (ConfUtils.java:logGet(43)) - raft.server.rpc.request.timeout = 3000ms (default)
2019-07-30 09:08:34,916 INFO  server.RaftServerConfigKeys (ConfUtils.java:logGet(43)) - raft.server.log.appender.install.snapshot.enabled = false (custom)
2019-07-30 09:08:34,917 INFO  server.RaftServerConfigKeys (ConfUtils.java:logGet(43)) - raft.server.log.appender.snapshot.chunk.size.max = 16MB (=16777216) (default)
2019-07-30 09:08:34,917 INFO  server.RaftServerConfigKeys (ConfUtils.java:logGet(43)) - raft.server.log.appender.buffer.byte-limit = 33554432 (custom)
2019-07-30 09:08:34,917 INFO  server.RaftServerConfigKeys (ConfUtils.java:logGet(43)) - raft.server.log.appender.buffer.element-limit = 1 (custom)
2019-07-30 09:08:34,917 INFO  grpc.GrpcConfigKeys$Server (ConfUtils.java:logGet(43)) - raft.grpc.server.leader.outstanding.appends.max = 128 (default)
2019-07-30 09:08:34,918 INFO  server.RaftServerConfigKeys (ConfUtils.java:logGet(43)) - raft.server.rpc.request.timeout = 3000ms (default)
2019-07-30 09:08:34,918 INFO  server.RaftServerConfigKeys (ConfUtils.java:logGet(43)) - raft.server.log.appender.install.snapshot.enabled = false (custom)
2019-07-30 09:08:34,919 INFO  impl.RoleInfo (RoleInfo.java:updateAndGet(143)) - e3f3efec-6db3-4f87-aef9-9a90eb3ffd8c: start LeaderState
2019-07-30 09:08:34,920 INFO  segmented.SegmentedRaftLogWorker (SegmentedRaftLogWorker.java:startLogSegment(380)) - e3f3efec-6db3-4f87-aef9-9a90eb3ffd8c-SegmentedRaftLogWorker:Storage Directory /workdir/hadoop-ozone/integration-test/target/test-dir/MiniOzoneClusterImpl-3db9067a-67d3-4f61-944d-ab2c3ba48099/datanode-3/data/ratis/86f7a080-a114-47e0-b1cd-61423ad033f2: Starting segment from index:0
2019-07-30 09:08:34,921 INFO  impl.RaftServerImpl (ServerState.java:setRaftConf(361)) - e3f3efec-6db3-4f87-aef9-9a90eb3ffd8c:group-61423AD033F2 set configuration 0: [c6796f4b-94de-45f7-bd1b-eec292d92b7e:192.168.69.91:45721, 44bef6cf-cea7-4b21-99f2-733d3993d8b8:192.168.69.91:37425, e3f3efec-6db3-4f87-aef9-9a90eb3ffd8c:192.168.69.91:46641], old=null at 0
2019-07-30 09:08:34,952 INFO  segmented.SegmentedRaftLogWorker (SegmentedRaftLogWorker.java:execute(569)) - e3f3efec-6db3-4f87-aef9-9a90eb3ffd8c-SegmentedRaftLogWorker:Storage Directory /workdir/hadoop-ozone/integration-test/target/test-dir/MiniOzoneClusterImpl-3db9067a-67d3-4f61-944d-ab2c3ba48099/datanode-3/data/ratis/86f7a080-a114-47e0-b1cd-61423ad033f2: created new log segment /workdir/hadoop-ozone/integration-test/target/test-dir/MiniOzoneClusterImpl-3db9067a-67d3-4f61-944d-ab2c3ba48099/datanode-3/data/ratis/86f7a080-a114-47e0-b1cd-61423ad033f2/current/log_inprogress_0
2019-07-30 09:08:34,962 INFO  impl.RaftServerImpl (ServerState.java:setLeader(263)) - c6796f4b-94de-45f7-bd1b-eec292d92b7e:group-61423AD033F2 change Leader from null to e3f3efec-6db3-4f87-aef9-9a90eb3ffd8c at term 1 for appendEntries, leader elected after 5192ms
2019-07-30 09:08:34,962 INFO  impl.RaftServerImpl (ServerState.java:setLeader(263)) - 44bef6cf-cea7-4b21-99f2-733d3993d8b8:group-61423AD033F2 change Leader from null to e3f3efec-6db3-4f87-aef9-9a90eb3ffd8c at term 1 for appendEntries, leader elected after 5193ms
2019-07-30 09:08:34,999 INFO  impl.RaftServerImpl (ServerState.java:setRaftConf(361)) - 44bef6cf-cea7-4b21-99f2-733d3993d8b8:group-61423AD033F2 set configuration 0: [c6796f4b-94de-45f7-bd1b-eec292d92b7e:192.168.69.91:45721, 44bef6cf-cea7-4b21-99f2-733d3993d8b8:192.168.69.91:37425, e3f3efec-6db3-4f87-aef9-9a90eb3ffd8c:192.168.69.91:46641], old=null at 0
2019-07-30 09:08:34,999 INFO  impl.RaftServerImpl (ServerState.java:setRaftConf(361)) - c6796f4b-94de-45f7-bd1b-eec292d92b7e:group-61423AD033F2 set configuration 0: [c6796f4b-94de-45f7-bd1b-eec292d92b7e:192.168.69.91:45721, 44bef6cf-cea7-4b21-99f2-733d3993d8b8:192.168.69.91:37425, e3f3efec-6db3-4f87-aef9-9a90eb3ffd8c:192.168.69.91:46641], old=null at 0
2019-07-30 09:08:35,001 INFO  segmented.SegmentedRaftLogWorker (SegmentedRaftLogWorker.java:startLogSegment(380)) - 44bef6cf-cea7-4b21-99f2-733d3993d8b8-SegmentedRaftLogWorker:Storage Directory /workdir/hadoop-ozone/integration-test/target/test-dir/MiniOzoneClusterImpl-3db9067a-67d3-4f61-944d-ab2c3ba48099/datanode-2/data/ratis/86f7a080-a114-47e0-b1cd-61423ad033f2: Starting segment from index:0
2019-07-30 09:08:35,001 INFO  segmented.SegmentedRaftLogWorker (SegmentedRaftLogWorker.java:startLogSegment(380)) - c6796f4b-94de-45f7-bd1b-eec292d92b7e-SegmentedRaftLogWorker:Storage Directory /workdir/hadoop-ozone/integration-test/target/test-dir/MiniOzoneClusterImpl-3db9067a-67d3-4f61-944d-ab2c3ba48099/datanode-0/data/ratis/86f7a080-a114-47e0-b1cd-61423ad033f2: Starting segment from index:0
2019-07-30 09:08:35,030 INFO  impl.FollowerState (FollowerState.java:run(106)) - f2f5b1eb-a31c-441e-b55a-47d91a1cec68:group-43FFBF22FE64 changes to CANDIDATE, lastRpcTime:5122, electionTimeout:5122ms
2019-07-30 09:08:35,030 INFO  segmented.SegmentedRaftLogWorker (SegmentedRaftLogWorker.java:execute(569)) - c6796f4b-94de-45f7-bd1b-eec292d92b7e-SegmentedRaftLogWorker:Storage Directory /workdir/hadoop-ozone/integration-test/target/test-dir/MiniOzoneClusterImpl-3db9067a-67d3-4f61-944d-ab2c3ba48099/datanode-0/data/ratis/86f7a080-a114-47e0-b1cd-61423ad033f2: created new log segment /workdir/hadoop-ozone/integration-test/target/test-dir/MiniOzoneClusterImpl-3db9067a-67d3-4f61-944d-ab2c3ba48099/datanode-0/data/ratis/86f7a080-a114-47e0-b1cd-61423ad033f2/current/log_inprogress_0
2019-07-30 09:08:35,030 INFO  segmented.SegmentedRaftLogWorker (SegmentedRaftLogWorker.java:execute(569)) - 44bef6cf-cea7-4b21-99f2-733d3993d8b8-SegmentedRaftLogWorker:Storage Directory /workdir/hadoop-ozone/integration-test/target/test-dir/MiniOzoneClusterImpl-3db9067a-67d3-4f61-944d-ab2c3ba48099/datanode-2/data/ratis/86f7a080-a114-47e0-b1cd-61423ad033f2: created new log segment /workdir/hadoop-ozone/integration-test/target/test-dir/MiniOzoneClusterImpl-3db9067a-67d3-4f61-944d-ab2c3ba48099/datanode-2/data/ratis/86f7a080-a114-47e0-b1cd-61423ad033f2/current/log_inprogress_0
2019-07-30 09:08:35,030 INFO  impl.RoleInfo (RoleInfo.java:shutdownFollowerState(121)) - f2f5b1eb-a31c-441e-b55a-47d91a1cec68: shutdown FollowerState
2019-07-30 09:08:35,034 INFO  impl.RaftServerImpl (RaftServerImpl.java:setRole(171)) - f2f5b1eb-a31c-441e-b55a-47d91a1cec68:group-43FFBF22FE64 changes role from FOLLOWER to CANDIDATE at term 0 for changeToCandidate
2019-07-30 09:08:35,034 INFO  impl.RoleInfo (RoleInfo.java:updateAndGet(143)) - f2f5b1eb-a31c-441e-b55a-47d91a1cec68: start LeaderElection
2019-07-30 09:08:35,046 INFO  impl.FollowerState (FollowerState.java:run(106)) - ba5c2a39-f444-47dc-b22d-c6e54a7cb37e:group-43FFBF22FE64 changes to CANDIDATE, lastRpcTime:5138, electionTimeout:5138ms
2019-07-30 09:08:35,048 INFO  impl.RoleInfo (RoleInfo.java:shutdownFollowerState(121)) - ba5c2a39-f444-47dc-b22d-c6e54a7cb37e: shutdown FollowerState
2019-07-30 09:08:35,048 INFO  impl.RaftServerImpl (RaftServerImpl.java:setRole(171)) - ba5c2a39-f444-47dc-b22d-c6e54a7cb37e:group-43FFBF22FE64 changes role from FOLLOWER to CANDIDATE at term 0 for changeToCandidate
2019-07-30 09:08:35,049 INFO  impl.RoleInfo (RoleInfo.java:updateAndGet(143)) - ba5c2a39-f444-47dc-b22d-c6e54a7cb37e: start LeaderElection
2019-07-30 09:08:35,054 INFO  impl.LeaderElection (LeaderElection.java:askForVotes(181)) - f2f5b1eb-a31c-441e-b55a-47d91a1cec68:group-43FFBF22FE64:LeaderElection9: begin an election at term 1 for -1: [ba5c2a39-f444-47dc-b22d-c6e54a7cb37e:192.168.69.91:42949, 5e269fb6-2f47-4d70-84c5-035689154df7:192.168.69.91:42715, f2f5b1eb-a31c-441e-b55a-47d91a1cec68:192.168.69.91:40356], old=null
2019-07-30 09:08:35,062 INFO  impl.LeaderElection (LeaderElection.java:askForVotes(181)) - ba5c2a39-f444-47dc-b22d-c6e54a7cb37e:group-43FFBF22FE64:LeaderElection10: begin an election at term 1 for -1: [ba5c2a39-f444-47dc-b22d-c6e54a7cb37e:192.168.69.91:42949, 5e269fb6-2f47-4d70-84c5-035689154df7:192.168.69.91:42715, f2f5b1eb-a31c-441e-b55a-47d91a1cec68:192.168.69.91:40356], old=null
2019-07-30 09:08:35,068 INFO  impl.FollowerState (FollowerState.java:run(106)) - 5e269fb6-2f47-4d70-84c5-035689154df7:group-43FFBF22FE64 changes to CANDIDATE, lastRpcTime:5162, electionTimeout:5161ms
2019-07-30 09:08:35,068 INFO  impl.RoleInfo (RoleInfo.java:shutdownFollowerState(121)) - 5e269fb6-2f47-4d70-84c5-035689154df7: shutdown FollowerState
2019-07-30 09:08:35,068 INFO  impl.RaftServerImpl (RaftServerImpl.java:setRole(171)) - 5e269fb6-2f47-4d70-84c5-035689154df7:group-43FFBF22FE64 changes role from FOLLOWER to CANDIDATE at term 0 for changeToCandidate
2019-07-30 09:08:35,070 INFO  impl.RoleInfo (RoleInfo.java:updateAndGet(143)) - 5e269fb6-2f47-4d70-84c5-035689154df7: start LeaderElection
2019-07-30 09:08:35,070 INFO  impl.RaftServerImpl (RaftServerImpl.java:setRole(171)) - 5e269fb6-2f47-4d70-84c5-035689154df7:group-43FFBF22FE64 changes role from CANDIDATE to FOLLOWER at term 1 for recognizeCandidate:f2f5b1eb-a31c-441e-b55a-47d91a1cec68
2019-07-30 09:08:35,072 INFO  impl.RoleInfo (RoleInfo.java:shutdownLeaderElection(134)) - 5e269fb6-2f47-4d70-84c5-035689154df7: shutdown LeaderElection
2019-07-30 09:08:35,072 INFO  impl.RoleInfo (RoleInfo.java:updateAndGet(143)) - 5e269fb6-2f47-4d70-84c5-035689154df7: start FollowerState
2019-07-30 09:08:35,088 INFO  impl.RaftServerImpl (RaftServerImpl.java:setRole(171)) - 5e269fb6-2f47-4d70-84c5-035689154df7:group-43FFBF22FE64 changes role from FOLLOWER to FOLLOWER at term 1 for recognizeCandidate:ba5c2a39-f444-47dc-b22d-c6e54a7cb37e
2019-07-30 09:08:35,088 INFO  impl.RoleInfo (RoleInfo.java:shutdownFollowerState(121)) - 5e269fb6-2f47-4d70-84c5-035689154df7: shutdown FollowerState
2019-07-30 09:08:35,089 INFO  impl.RoleInfo (RoleInfo.java:updateAndGet(143)) - 5e269fb6-2f47-4d70-84c5-035689154df7: start FollowerState
2019-07-30 09:08:35,089 INFO  impl.FollowerState (FollowerState.java:run(114)) - 5e269fb6-2f47-4d70-84c5-035689154df7: FollowerState was interrupted: java.lang.InterruptedException: sleep interrupted
2019-07-30 09:08:35,093 INFO  impl.LeaderElection (LeaderElection.java:logAndReturn(56)) - f2f5b1eb-a31c-441e-b55a-47d91a1cec68:group-43FFBF22FE64:LeaderElection9: Election REJECTED; received 2 response(s) [f2f5b1eb-a31c-441e-b55a-47d91a1cec68<-ba5c2a39-f444-47dc-b22d-c6e54a7cb37e#0:FAIL-t1, f2f5b1eb-a31c-441e-b55a-47d91a1cec68<-5e269fb6-2f47-4d70-84c5-035689154df7#0:FAIL-t1] and 0 exception(s); f2f5b1eb-a31c-441e-b55a-47d91a1cec68:t1, leader=null, voted=f2f5b1eb-a31c-441e-b55a-47d91a1cec68, raftlog=f2f5b1eb-a31c-441e-b55a-47d91a1cec68-SegmentedRaftLog:OPENED:c-1,f-1,i0, conf=-1: [ba5c2a39-f444-47dc-b22d-c6e54a7cb37e:192.168.69.91:42949, 5e269fb6-2f47-4d70-84c5-035689154df7:192.168.69.91:42715, f2f5b1eb-a31c-441e-b55a-47d91a1cec68:192.168.69.91:40356], old=null
2019-07-30 09:08:35,093 INFO  impl.RaftServerImpl (RaftServerImpl.java:setRole(171)) - f2f5b1eb-a31c-441e-b55a-47d91a1cec68:group-43FFBF22FE64 changes role from CANDIDATE to FOLLOWER at term 1 for DISCOVERED_A_NEW_TERM
2019-07-30 09:08:35,093 INFO  impl.RoleInfo (RoleInfo.java:shutdownLeaderElection(134)) - f2f5b1eb-a31c-441e-b55a-47d91a1cec68: shutdown LeaderElection
2019-07-30 09:08:35,095 INFO  impl.RoleInfo (RoleInfo.java:updateAndGet(143)) - f2f5b1eb-a31c-441e-b55a-47d91a1cec68: start FollowerState
2019-07-30 09:08:35,108 INFO  impl.LeaderElection (LeaderElection.java:logAndReturn(56)) - ba5c2a39-f444-47dc-b22d-c6e54a7cb37e:group-43FFBF22FE64:LeaderElection10: Election PASSED; received 2 response(s) [ba5c2a39-f444-47dc-b22d-c6e54a7cb37e<-5e269fb6-2f47-4d70-84c5-035689154df7#0:OK-t1, ba5c2a39-f444-47dc-b22d-c6e54a7cb37e<-f2f5b1eb-a31c-441e-b55a-47d91a1cec68#0:FAIL-t1] and 0 exception(s); ba5c2a39-f444-47dc-b22d-c6e54a7cb37e:t1, leader=null, voted=ba5c2a39-f444-47dc-b22d-c6e54a7cb37e, raftlog=ba5c2a39-f444-47dc-b22d-c6e54a7cb37e-SegmentedRaftLog:OPENED:c-1,f-1,i0, conf=-1: [ba5c2a39-f444-47dc-b22d-c6e54a7cb37e:192.168.69.91:42949, 5e269fb6-2f47-4d70-84c5-035689154df7:192.168.69.91:42715, f2f5b1eb-a31c-441e-b55a-47d91a1cec68:192.168.69.91:40356], old=null
2019-07-30 09:08:35,110 INFO  impl.RoleInfo (RoleInfo.java:shutdownLeaderElection(134)) - ba5c2a39-f444-47dc-b22d-c6e54a7cb37e: shutdown LeaderElection
2019-07-30 09:08:35,111 INFO  impl.RaftServerImpl (RaftServerImpl.java:setRole(171)) - ba5c2a39-f444-47dc-b22d-c6e54a7cb37e:group-43FFBF22FE64 changes role from CANDIDATE to LEADER at term 1 for changeToLeader
2019-07-30 09:08:35,113 INFO  impl.RaftServerImpl (ServerState.java:setLeader(263)) - ba5c2a39-f444-47dc-b22d-c6e54a7cb37e:group-43FFBF22FE64 change Leader from null to ba5c2a39-f444-47dc-b22d-c6e54a7cb37e at term 1 for becomeLeader, leader elected after 5229ms
2019-07-30 09:08:35,113 INFO  server.RaftServerConfigKeys (ConfUtils.java:logGet(43)) - raft.server.staging.catchup.gap = 1000 (default)
2019-07-30 09:08:35,113 INFO  server.RaftServerConfigKeys (ConfUtils.java:logGet(43)) - raft.server.rpc.sleep.time = 25ms (default)
2019-07-30 09:08:35,113 INFO  server.RaftServerConfigKeys (ConfUtils.java:logGet(43)) - raft.server.write.element-limit = 4096 (default)
2019-07-30 09:08:35,114 INFO  server.RaftServerConfigKeys (ConfUtils.java:logGet(43)) - raft.server.watch.timeout = 10s (default)
2019-07-30 09:08:35,114 INFO  server.RaftServerConfigKeys (ConfUtils.java:logGet(43)) - raft.server.watch.timeout.denomination = 1s (default)
2019-07-30 09:08:35,114 INFO  server.RaftServerConfigKeys (ConfUtils.java:logGet(43)) - raft.server.watch.element-limit = 65536 (default)
2019-07-30 09:08:35,114 INFO  server.RaftServerConfigKeys (ConfUtils.java:logGet(43)) - raft.server.log.appender.snapshot.chunk.size.max = 16MB (=16777216) (default)
2019-07-30 09:08:35,114 INFO  server.RaftServerConfigKeys (ConfUtils.java:logGet(43)) - raft.server.log.appender.buffer.byte-limit = 33554432 (custom)
2019-07-30 09:08:35,115 INFO  server.RaftServerConfigKeys (ConfUtils.java:logGet(43)) - raft.server.log.appender.buffer.element-limit = 1 (custom)
2019-07-30 09:08:35,115 INFO  grpc.GrpcConfigKeys$Server (ConfUtils.java:logGet(43)) - raft.grpc.server.leader.outstanding.appends.max = 128 (default)
2019-07-30 09:08:35,115 INFO  server.RaftServerConfigKeys (ConfUtils.java:logGet(43)) - raft.server.rpc.request.timeout = 3000ms (default)
2019-07-30 09:08:35,115 INFO  server.RaftServerConfigKeys (ConfUtils.java:logGet(43)) - raft.server.log.appender.install.snapshot.enabled = false (custom)
2019-07-30 09:08:35,115 INFO  server.RaftServerConfigKeys (ConfUtils.java:logGet(43)) - raft.server.log.appender.snapshot.chunk.size.max = 16MB (=16777216) (default)
2019-07-30 09:08:35,116 INFO  server.RaftServerConfigKeys (ConfUtils.java:logGet(43)) - raft.server.log.appender.buffer.byte-limit = 33554432 (custom)
2019-07-30 09:08:35,116 INFO  server.RaftServerConfigKeys (ConfUtils.java:logGet(43)) - raft.server.log.appender.buffer.element-limit = 1 (custom)
2019-07-30 09:08:35,116 INFO  grpc.GrpcConfigKeys$Server (ConfUtils.java:logGet(43)) - raft.grpc.server.leader.outstanding.appends.max = 128 (default)
2019-07-30 09:08:35,116 INFO  server.RaftServerConfigKeys (ConfUtils.java:logGet(43)) - raft.server.rpc.request.timeout = 3000ms (default)
2019-07-30 09:08:35,116 INFO  server.RaftServerConfigKeys (ConfUtils.java:logGet(43)) - raft.server.log.appender.install.snapshot.enabled = false (custom)
2019-07-30 09:08:35,117 INFO  impl.RoleInfo (RoleInfo.java:updateAndGet(143)) - ba5c2a39-f444-47dc-b22d-c6e54a7cb37e: start LeaderState
2019-07-30 09:08:35,117 INFO  segmented.SegmentedRaftLogWorker (SegmentedRaftLogWorker.java:startLogSegment(380)) - ba5c2a39-f444-47dc-b22d-c6e54a7cb37e-SegmentedRaftLogWorker:Storage Directory /workdir/hadoop-ozone/integration-test/target/test-dir/MiniOzoneClusterImpl-3db9067a-67d3-4f61-944d-ab2c3ba48099/datanode-1/data/ratis/3b694f61-c154-42ff-9f75-43ffbf22fe64: Starting segment from index:0
2019-07-30 09:08:35,117 INFO  impl.LeaderElection (LeaderElection.java:askForVotes(181)) - 5e269fb6-2f47-4d70-84c5-035689154df7:group-43FFBF22FE64:LeaderElection11: begin an election at term 2 for -1: [ba5c2a39-f444-47dc-b22d-c6e54a7cb37e:192.168.69.91:42949, 5e269fb6-2f47-4d70-84c5-035689154df7:192.168.69.91:42715, f2f5b1eb-a31c-441e-b55a-47d91a1cec68:192.168.69.91:40356], old=null
2019-07-30 09:08:35,119 INFO  impl.RaftServerImpl (ServerState.java:setRaftConf(361)) - ba5c2a39-f444-47dc-b22d-c6e54a7cb37e:group-43FFBF22FE64 set configuration 0: [ba5c2a39-f444-47dc-b22d-c6e54a7cb37e:192.168.69.91:42949, 5e269fb6-2f47-4d70-84c5-035689154df7:192.168.69.91:42715, f2f5b1eb-a31c-441e-b55a-47d91a1cec68:192.168.69.91:40356], old=null at 0
2019-07-30 09:08:35,135 INFO  impl.LeaderElection (LeaderElection.java:logAndReturn(56)) - 5e269fb6-2f47-4d70-84c5-035689154df7:group-43FFBF22FE64:LeaderElection11: Election REJECTED; received 0 response(s) [] and 0 exception(s); 5e269fb6-2f47-4d70-84c5-035689154df7:t2, leader=null, voted=5e269fb6-2f47-4d70-84c5-035689154df7, raftlog=5e269fb6-2f47-4d70-84c5-035689154df7-SegmentedRaftLog:OPENED:c-1,f-1,i0, conf=-1: [ba5c2a39-f444-47dc-b22d-c6e54a7cb37e:192.168.69.91:42949, 5e269fb6-2f47-4d70-84c5-035689154df7:192.168.69.91:42715, f2f5b1eb-a31c-441e-b55a-47d91a1cec68:192.168.69.91:40356], old=null
2019-07-30 09:08:35,142 INFO  impl.RaftServerImpl (ServerState.java:setLeader(263)) - f2f5b1eb-a31c-441e-b55a-47d91a1cec68:group-43FFBF22FE64 change Leader from null to ba5c2a39-f444-47dc-b22d-c6e54a7cb37e at term 1 for appendEntries, leader elected after 5258ms
2019-07-30 09:08:35,147 INFO  impl.RaftServerImpl (ServerState.java:setLeader(263)) - ba5c2a39-f444-47dc-b22d-c6e54a7cb37e:group-43FFBF22FE64 change Leader from ba5c2a39-f444-47dc-b22d-c6e54a7cb37e to null at term 2 for updateCurrentTerm
2019-07-30 09:08:35,148 INFO  segmented.SegmentedRaftLogWorker (SegmentedRaftLogWorker.java:execute(569)) - ba5c2a39-f444-47dc-b22d-c6e54a7cb37e-SegmentedRaftLogWorker:Storage Directory /workdir/hadoop-ozone/integration-test/target/test-dir/MiniOzoneClusterImpl-3db9067a-67d3-4f61-944d-ab2c3ba48099/datanode-1/data/ratis/3b694f61-c154-42ff-9f75-43ffbf22fe64: created new log segment /workdir/hadoop-ozone/integration-test/target/test-dir/MiniOzoneClusterImpl-3db9067a-67d3-4f61-944d-ab2c3ba48099/datanode-1/data/ratis/3b694f61-c154-42ff-9f75-43ffbf22fe64/current/log_inprogress_0
2019-07-30 09:08:35,148 INFO  impl.RaftServerImpl (RaftServerImpl.java:setRole(171)) - ba5c2a39-f444-47dc-b22d-c6e54a7cb37e:group-43FFBF22FE64 changes role from LEADER to FOLLOWER at term 2 for stepDown
2019-07-30 09:08:35,149 INFO  impl.RaftServerImpl (ServerState.java:setLeader(263)) - f2f5b1eb-a31c-441e-b55a-47d91a1cec68:group-43FFBF22FE64 change Leader from ba5c2a39-f444-47dc-b22d-c6e54a7cb37e to null at term 2 for updateCurrentTerm
2019-07-30 09:08:35,149 INFO  impl.RoleInfo (RoleInfo.java:shutdownLeaderState(104)) - ba5c2a39-f444-47dc-b22d-c6e54a7cb37e: shutdown LeaderState
2019-07-30 09:08:35,150 INFO  impl.RaftServerImpl (RaftServerImpl.java:setRole(171)) - f2f5b1eb-a31c-441e-b55a-47d91a1cec68:group-43FFBF22FE64 changes role from FOLLOWER to FOLLOWER at term 2 for recognizeCandidate:5e269fb6-2f47-4d70-84c5-035689154df7
2019-07-30 09:08:35,151 INFO  impl.RoleInfo (RoleInfo.java:shutdownFollowerState(121)) - f2f5b1eb-a31c-441e-b55a-47d91a1cec68: shutdown FollowerState
2019-07-30 09:08:35,151 INFO  impl.RoleInfo (RoleInfo.java:updateAndGet(143)) - f2f5b1eb-a31c-441e-b55a-47d91a1cec68: start FollowerState
2019-07-30 09:08:35,154 WARN  server.GrpcLogAppender (GrpcLogAppender.java:mayWait(143)) - GrpcLogAppender(ba5c2a39-f444-47dc-b22d-c6e54a7cb37e->5e269fb6-2f47-4d70-84c5-035689154df7): Wait interrupted by java.lang.InterruptedException
2019-07-30 09:08:35,151 INFO  impl.FollowerState (FollowerState.java:run(114)) - f2f5b1eb-a31c-441e-b55a-47d91a1cec68: FollowerState was interrupted: java.lang.InterruptedException: sleep interrupted
2019-07-30 09:08:35,154 WARN  server.GrpcLogAppender (GrpcLogAppender.java:mayWait(143)) - GrpcLogAppender(ba5c2a39-f444-47dc-b22d-c6e54a7cb37e->f2f5b1eb-a31c-441e-b55a-47d91a1cec68): Wait interrupted by java.lang.InterruptedException
2019-07-30 09:08:35,156 INFO  impl.PendingRequests (PendingRequests.java:sendNotLeaderResponses(202)) - ba5c2a39-f444-47dc-b22d-c6e54a7cb37e-PendingRequests: sendNotLeaderResponses
2019-07-30 09:08:35,165 INFO  server.GrpcServerProtocolService (GrpcServerProtocolService.java:onCompleted(104)) - 5e269fb6-2f47-4d70-84c5-035689154df7: appendEntries completed
2019-07-30 09:08:35,167 INFO  server.GrpcLogAppender (GrpcLogAppender.java:onCompleted(292)) - ba5c2a39-f444-47dc-b22d-c6e54a7cb37e->5e269fb6-2f47-4d70-84c5-035689154df7: follower responses appendEntries COMPLETED
2019-07-30 09:08:35,167 INFO  impl.RoleInfo (RoleInfo.java:updateAndGet(143)) - ba5c2a39-f444-47dc-b22d-c6e54a7cb37e: start FollowerState
2019-07-30 09:08:35,170 INFO  impl.FollowerInfo (FollowerInfo.java:lambda$new$0(50)) - ba5c2a39-f444-47dc-b22d-c6e54a7cb37e->5e269fb6-2f47-4d70-84c5-035689154df7: nextIndex: updateUnconditionally 0 -> 0
2019-07-30 09:08:35,177 INFO  impl.RaftServerImpl (RaftServerImpl.java:setRole(171)) - ba5c2a39-f444-47dc-b22d-c6e54a7cb37e:group-43FFBF22FE64 changes role from FOLLOWER to FOLLOWER at term 2 for recognizeCandidate:5e269fb6-2f47-4d70-84c5-035689154df7
2019-07-30 09:08:35,178 INFO  impl.RoleInfo (RoleInfo.java:shutdownFollowerState(121)) - ba5c2a39-f444-47dc-b22d-c6e54a7cb37e: shutdown FollowerState
2019-07-30 09:08:35,178 INFO  impl.RoleInfo (RoleInfo.java:updateAndGet(143)) - ba5c2a39-f444-47dc-b22d-c6e54a7cb37e: start FollowerState
2019-07-30 09:08:35,178 INFO  impl.FollowerState (FollowerState.java:run(114)) - ba5c2a39-f444-47dc-b22d-c6e54a7cb37e: FollowerState was interrupted: java.lang.InterruptedException: sleep interrupted
2019-07-30 09:08:35,178 INFO  server.GrpcServerProtocolService (GrpcServerProtocolService.java:onCompleted(104)) - f2f5b1eb-a31c-441e-b55a-47d91a1cec68: appendEntries completed
2019-07-30 09:08:35,189 INFO  server.GrpcLogAppender (GrpcLogAppender.java:onCompleted(292)) - ba5c2a39-f444-47dc-b22d-c6e54a7cb37e->f2f5b1eb-a31c-441e-b55a-47d91a1cec68: follower responses appendEntries COMPLETED
2019-07-30 09:08:35,191 INFO  impl.FollowerInfo (FollowerInfo.java:lambda$new$0(50)) - ba5c2a39-f444-47dc-b22d-c6e54a7cb37e->f2f5b1eb-a31c-441e-b55a-47d91a1cec68: nextIndex: updateUnconditionally 1 -> 0
2019-07-30 09:08:35,542 INFO  client.GrpcClientProtocolClient (GrpcClientProtocolClient.java:onNext(255)) - client-A74A2859FCD8->f2f5b1eb-a31c-441e-b55a-47d91a1cec68: receive RaftClientReply:client-A74A2859FCD8->f2f5b1eb-a31c-441e-b55a-47d91a1cec68@group-43FFBF22FE64, cid=16, FAILED org.apache.ratis.protocol.NotLeaderException: Server f2f5b1eb-a31c-441e-b55a-47d91a1cec68 is not the leader (null). Request must be sent to leader., logIndex=0, commits[f2f5b1eb-a31c-441e-b55a-47d91a1cec68:c-1, ba5c2a39-f444-47dc-b22d-c6e54a7cb37e:c-1, 5e269fb6-2f47-4d70-84c5-035689154df7:c-1]
2019-07-30 09:08:36,572 INFO  client.GrpcClientProtocolClient (GrpcClientProtocolClient.java:onNext(255)) - client-A74A2859FCD8->ba5c2a39-f444-47dc-b22d-c6e54a7cb37e: receive RaftClientReply:client-A74A2859FCD8->ba5c2a39-f444-47dc-b22d-c6e54a7cb37e@group-43FFBF22FE64, cid=16, FAILED org.apache.ratis.protocol.NotLeaderException: Server ba5c2a39-f444-47dc-b22d-c6e54a7cb37e is not the leader (null). Request must be sent to leader., logIndex=0, commits[ba5c2a39-f444-47dc-b22d-c6e54a7cb37e:c-1, 5e269fb6-2f47-4d70-84c5-035689154df7:c-1, f2f5b1eb-a31c-441e-b55a-47d91a1cec68:c-1]
2019-07-30 09:08:37,605 INFO  client.GrpcClientProtocolClient (GrpcClientProtocolClient.java:onNext(255)) - client-A74A2859FCD8->f2f5b1eb-a31c-441e-b55a-47d91a1cec68: receive RaftClientReply:client-A74A2859FCD8->f2f5b1eb-a31c-441e-b55a-47d91a1cec68@group-43FFBF22FE64, cid=16, FAILED org.apache.ratis.protocol.NotLeaderException: Server f2f5b1eb-a31c-441e-b55a-47d91a1cec68 is not the leader (null). Request must be sent to leader., logIndex=0, commits[f2f5b1eb-a31c-441e-b55a-47d91a1cec68:c-1, ba5c2a39-f444-47dc-b22d-c6e54a7cb37e:c-1, 5e269fb6-2f47-4d70-84c5-035689154df7:c-1]
2019-07-30 09:08:38,640 INFO  client.GrpcClientProtocolClient (GrpcClientProtocolClient.java:onNext(255)) - client-A74A2859FCD8->5e269fb6-2f47-4d70-84c5-035689154df7: receive RaftClientReply:client-A74A2859FCD8->5e269fb6-2f47-4d70-84c5-035689154df7@group-43FFBF22FE64, cid=16, FAILED org.apache.ratis.protocol.NotLeaderException: Server 5e269fb6-2f47-4d70-84c5-035689154df7 is not the leader (null). Request must be sent to leader., logIndex=0, commits[5e269fb6-2f47-4d70-84c5-035689154df7:c-1]
2019-07-30 09:08:38,652 WARN  io.KeyOutputStream (KeyOutputStream.java:handleException(276)) - Encountered exception java.io.IOException: Unexpected Storage Container Exception: java.util.concurrent.CompletionException: java.util.concurrent.CompletionException: org.apache.ratis.protocol.RaftRetryFailureException: Failed RaftClientRequest:client-A74A2859FCD8->5e269fb6-2f47-4d70-84c5-035689154df7@group-43FFBF22FE64, cid=16, seq=1*, RW, org.apache.hadoop.hdds.scm.XceiverClientRatis$$Lambda$314/1472633143@4e5ebc8c for 5 attempts with RetryLimited(maxAttempts=5, sleepTime=1000ms) on the pipeline Pipeline[ Id: 3b694f61-c154-42ff-9f75-43ffbf22fe64, Nodes: 5e269fb6-2f47-4d70-84c5-035689154df7{ip: 192.168.69.91, host: byscane-nightly-jdzkf-783033596, networkLocation: /default-rack, certSerialId: null}ba5c2a39-f444-47dc-b22d-c6e54a7cb37e{ip: 192.168.69.91, host: byscane-nightly-jdzkf-783033596, networkLocation: /default-rack, certSerialId: null}f2f5b1eb-a31c-441e-b55a-47d91a1cec68{ip: 192.168.69.91, host: byscane-nightly-jdzkf-783033596, networkLocation: /default-rack, certSerialId: null}, Type:RATIS, Factor:THREE, State:OPEN]. The last committed block length is 0, uncommitted data length is 2097152 retry count 1
2019-07-30 09:08:38,679 WARN  block.BlockManagerImpl (BlockManagerImpl.java:allocateBlock(192)) - Pipeline creation failed for type:RATIS factor:THREE. Retrying get pipelines call once.
org.apache.hadoop.hdds.scm.pipeline.InsufficientDatanodesException: Cannot create pipeline of factor 3 using 0 nodes.
	at org.apache.hadoop.hdds.scm.pipeline.RatisPipelineProvider.create(RatisPipelineProvider.java:151)
	at org.apache.hadoop.hdds.scm.pipeline.PipelineFactory.create(PipelineFactory.java:57)
	at org.apache.hadoop.hdds.scm.pipeline.SCMPipelineManager.createPipeline(SCMPipelineManager.java:149)
	at org.apache.hadoop.hdds.scm.block.BlockManagerImpl.allocateBlock(BlockManagerImpl.java:190)
	at org.apache.hadoop.hdds.scm.server.SCMBlockProtocolServer.allocateBlock(SCMBlockProtocolServer.java:175)
	at org.apache.hadoop.ozone.protocolPB.ScmBlockLocationProtocolServerSideTranslatorPB.allocateScmBlock(ScmBlockLocationProtocolServerSideTranslatorPB.java:153)
	at org.apache.hadoop.ozone.protocolPB.ScmBlockLocationProtocolServerSideTranslatorPB.send(ScmBlockLocationProtocolServerSideTranslatorPB.java:112)
	at org.apache.hadoop.hdds.protocol.proto.ScmBlockLocationProtocolProtos$ScmBlockLocationProtocolService$2.callBlockingMethod(ScmBlockLocationProtocolProtos.java:13157)
	at org.apache.hadoop.ipc.ProtobufRpcEngine$Server$ProtoBufRpcInvoker.call(ProtobufRpcEngine.java:524)
	at org.apache.hadoop.ipc.RPC$Server.call(RPC.java:1025)
	at org.apache.hadoop.ipc.Server$RpcCall.run(Server.java:876)
	at org.apache.hadoop.ipc.Server$RpcCall.run(Server.java:822)
	at java.security.AccessController.doPrivileged(Native Method)
	at javax.security.auth.Subject.doAs(Subject.java:422)
	at org.apache.hadoop.security.UserGroupInformation.doAs(UserGroupInformation.java:1730)
	at org.apache.hadoop.ipc.Server$Handler.run(Server.java:2682)
2019-07-30 09:08:38,685 INFO  block.BlockManagerImpl (BlockManagerImpl.java:allocateBlock(198)) - Could not find available pipeline of type:RATIS and factor:THREE even after retrying
2019-07-30 09:08:38,685 ERROR block.BlockManagerImpl (BlockManagerImpl.java:allocateBlock(222)) - Unable to allocate a block for the size: 4194304, type: RATIS, factor: THREE
09:08:38.692 [IPC Server handler 18 on 41941] ERROR OMAudit - user=jenkins1000 | ip=127.0.0.1 | op=ALLOCATE_BLOCK {volume=datanodefailurehandlingtest, bucket=datanodefailurehandlingtest, key=ratis3, dataSize=0, replicationType=null, replicationFactor=null, keyLocationInfo=null, clientID=102529611196203008} | ret=FAILURE
org.apache.hadoop.hdds.scm.exceptions.SCMException: Allocated 0 blocks. Requested 1 blocks
	at org.apache.hadoop.hdds.scm.protocolPB.ScmBlockLocationProtocolClientSideTranslatorPB.handleError(ScmBlockLocationProtocolClientSideTranslatorPB.java:118) ~[hadoop-hdds-common-0.4.1-SNAPSHOT.jar:?]
	at org.apache.hadoop.hdds.scm.protocolPB.ScmBlockLocationProtocolClientSideTranslatorPB.allocateBlock(ScmBlockLocationProtocolClientSideTranslatorPB.java:156) ~[hadoop-hdds-common-0.4.1-SNAPSHOT.jar:?]
	at sun.reflect.NativeMethodAccessorImpl.invoke0(Native Method) ~[?:1.8.0_212]
	at sun.reflect.NativeMethodAccessorImpl.invoke(NativeMethodAccessorImpl.java:62) ~[?:1.8.0_212]
	at sun.reflect.DelegatingMethodAccessorImpl.invoke(DelegatingMethodAccessorImpl.java:43) ~[?:1.8.0_212]
	at java.lang.reflect.Method.invoke(Method.java:498) ~[?:1.8.0_212]
	at org.apache.hadoop.hdds.tracing.TraceAllMethod.invoke(TraceAllMethod.java:66) ~[hadoop-hdds-common-0.4.1-SNAPSHOT.jar:?]
	at com.sun.proxy.$Proxy25.allocateBlock(Unknown Source) ~[?:?]
	at org.apache.hadoop.ozone.om.KeyManagerImpl.allocateBlock(KeyManagerImpl.java:333) ~[hadoop-ozone-ozone-manager-0.4.1-SNAPSHOT.jar:?]
	at org.apache.hadoop.ozone.om.KeyManagerImpl.allocateBlock(KeyManagerImpl.java:304) ~[hadoop-ozone-ozone-manager-0.4.1-SNAPSHOT.jar:?]
	at org.apache.hadoop.ozone.om.OzoneManager.allocateBlock(OzoneManager.java:2291) [hadoop-ozone-ozone-manager-0.4.1-SNAPSHOT.jar:?]
	at org.apache.hadoop.ozone.protocolPB.OzoneManagerRequestHandler.allocateBlock(OzoneManagerRequestHandler.java:717) [hadoop-ozone-ozone-manager-0.4.1-SNAPSHOT.jar:?]
	at org.apache.hadoop.ozone.protocolPB.OzoneManagerRequestHandler.handle(OzoneManagerRequestHandler.java:240) [hadoop-ozone-ozone-manager-0.4.1-SNAPSHOT.jar:?]
	at org.apache.hadoop.ozone.protocolPB.OzoneManagerProtocolServerSideTranslatorPB.submitRequestDirectlyToOM(OzoneManagerProtocolServerSideTranslatorPB.java:192) [hadoop-ozone-ozone-manager-0.4.1-SNAPSHOT.jar:?]
	at org.apache.hadoop.ozone.protocolPB.OzoneManagerProtocolServerSideTranslatorPB.submitRequest(OzoneManagerProtocolServerSideTranslatorPB.java:110) [hadoop-ozone-ozone-manager-0.4.1-SNAPSHOT.jar:?]
	at org.apache.hadoop.ozone.protocol.proto.OzoneManagerProtocolProtos$OzoneManagerService$2.callBlockingMethod(OzoneManagerProtocolProtos.java) [hadoop-ozone-common-0.4.1-SNAPSHOT.jar:?]
	at org.apache.hadoop.ipc.ProtobufRpcEngine$Server$ProtoBufRpcInvoker.call(ProtobufRpcEngine.java:524) [hadoop-common-3.2.0.jar:?]
	at org.apache.hadoop.ipc.RPC$Server.call(RPC.java:1025) [hadoop-common-3.2.0.jar:?]
	at org.apache.hadoop.ipc.Server$RpcCall.run(Server.java:876) [hadoop-common-3.2.0.jar:?]
	at org.apache.hadoop.ipc.Server$RpcCall.run(Server.java:822) [hadoop-common-3.2.0.jar:?]
	at java.security.AccessController.doPrivileged(Native Method) [?:1.8.0_212]
	at javax.security.auth.Subject.doAs(Subject.java:422) [?:1.8.0_212]
	at org.apache.hadoop.security.UserGroupInformation.doAs(UserGroupInformation.java:1730) [hadoop-common-3.2.0.jar:?]
	at org.apache.hadoop.ipc.Server$Handler.run(Server.java:2682) [hadoop-common-3.2.0.jar:?]
2019-07-30 09:08:38,713 ERROR io.BlockOutputStreamEntryPool (BlockOutputStreamEntryPool.java:allocateBlockIfNeeded(299)) - Try to allocate more blocks for write failed, already allocated 0 blocks for this write.
INTERNAL_ERROR org.apache.hadoop.ozone.om.exceptions.OMException: Allocated 0 blocks. Requested 1 blocks
	at org.apache.hadoop.ozone.om.protocolPB.OzoneManagerProtocolClientSideTranslatorPB.handleError(OzoneManagerProtocolClientSideTranslatorPB.java:720)
	at org.apache.hadoop.ozone.om.protocolPB.OzoneManagerProtocolClientSideTranslatorPB.allocateBlock(OzoneManagerProtocolClientSideTranslatorPB.java:752)
	at org.apache.hadoop.ozone.client.io.BlockOutputStreamEntryPool.allocateNewBlock(BlockOutputStreamEntryPool.java:248)
	at org.apache.hadoop.ozone.client.io.BlockOutputStreamEntryPool.allocateBlockIfNeeded(BlockOutputStreamEntryPool.java:296)
	at org.apache.hadoop.ozone.client.io.KeyOutputStream.handleWrite(KeyOutputStream.java:201)
	at org.apache.hadoop.ozone.client.io.KeyOutputStream.handleRetry(KeyOutputStream.java:376)
	at org.apache.hadoop.ozone.client.io.KeyOutputStream.handleException(KeyOutputStream.java:325)
	at org.apache.hadoop.ozone.client.io.KeyOutputStream.handleWrite(KeyOutputStream.java:231)
	at org.apache.hadoop.ozone.client.io.KeyOutputStream.handleRetry(KeyOutputStream.java:376)
	at org.apache.hadoop.ozone.client.io.KeyOutputStream.handleException(KeyOutputStream.java:325)
	at org.apache.hadoop.ozone.client.io.KeyOutputStream.handleWrite(KeyOutputStream.java:231)
	at org.apache.hadoop.ozone.client.io.KeyOutputStream.write(KeyOutputStream.java:193)
	at org.apache.hadoop.ozone.client.io.OzoneOutputStream.write(OzoneOutputStream.java:49)
	at java.io.OutputStream.write(OutputStream.java:75)
	at org.apache.hadoop.ozone.client.rpc.TestMultiBlockWritesWithDnFailures.testMultiBlockWritesWithDnFailures(TestMultiBlockWritesWithDnFailures.java:122)
	at sun.reflect.NativeMethodAccessorImpl.invoke0(Native Method)
	at sun.reflect.NativeMethodAccessorImpl.invoke(NativeMethodAccessorImpl.java:62)
	at sun.reflect.DelegatingMethodAccessorImpl.invoke(DelegatingMethodAccessorImpl.java:43)
	at java.lang.reflect.Method.invoke(Method.java:498)
	at org.junit.runners.model.FrameworkMethod$1.runReflectiveCall(FrameworkMethod.java:47)
	at org.junit.internal.runners.model.ReflectiveCallable.run(ReflectiveCallable.java:12)
	at org.junit.runners.model.FrameworkMethod.invokeExplosively(FrameworkMethod.java:44)
	at org.junit.internal.runners.statements.InvokeMethod.evaluate(InvokeMethod.java:17)
	at org.junit.runners.ParentRunner.runLeaf(ParentRunner.java:271)
	at org.junit.runners.BlockJUnit4ClassRunner.runChild(BlockJUnit4ClassRunner.java:70)
	at org.junit.runners.BlockJUnit4ClassRunner.runChild(BlockJUnit4ClassRunner.java:50)
	at org.junit.runners.ParentRunner$3.run(ParentRunner.java:238)
	at org.junit.runners.ParentRunner$1.schedule(ParentRunner.java:63)
	at org.junit.runners.ParentRunner.runChildren(ParentRunner.java:236)
	at org.junit.runners.ParentRunner.access$000(ParentRunner.java:53)
	at org.junit.runners.ParentRunner$2.evaluate(ParentRunner.java:229)
	at org.junit.runners.ParentRunner.run(ParentRunner.java:309)
	at org.apache.maven.surefire.junit4.JUnit4Provider.execute(JUnit4Provider.java:365)
	at org.apache.maven.surefire.junit4.JUnit4Provider.executeWithRerun(JUnit4Provider.java:273)
	at org.apache.maven.surefire.junit4.JUnit4Provider.executeTestSet(JUnit4Provider.java:238)
	at org.apache.maven.surefire.junit4.JUnit4Provider.invoke(JUnit4Provider.java:159)
	at org.apache.maven.surefire.booter.ForkedBooter.invokeProviderInSameClassLoader(ForkedBooter.java:384)
	at org.apache.maven.surefire.booter.ForkedBooter.runSuitesInProcess(ForkedBooter.java:345)
	at org.apache.maven.surefire.booter.ForkedBooter.execute(ForkedBooter.java:126)
	at org.apache.maven.surefire.booter.ForkedBooter.main(ForkedBooter.java:418)
]]></system-out>
    <system-err><![CDATA[ERROR StatusLogger No Log4j 2 configuration file found. Using default configuration (logging only errors to the console), or user programmatically provided configurations. Set system property 'log4j2.debug' to show Log4j 2 internal initialization logging. See https://logging.apache.org/log4j/2.x/manual/configuration.html for instructions on how to configure Log4j 2
Jul 30, 2019 9:08:23 AM com.sun.jersey.server.impl.application.WebApplicationImpl _initiate
INFO: Initiating Jersey application, version 'Jersey: 1.19 02/11/2015 03:25 AM'
Jul 30, 2019 9:08:24 AM com.sun.jersey.server.impl.application.WebApplicationImpl _initiate
INFO: Initiating Jersey application, version 'Jersey: 1.19 02/11/2015 03:25 AM'
Jul 30, 2019 9:08:24 AM com.sun.jersey.server.impl.application.WebApplicationImpl _initiate
INFO: Initiating Jersey application, version 'Jersey: 1.19 02/11/2015 03:25 AM'
Jul 30, 2019 9:08:24 AM com.sun.jersey.server.impl.application.WebApplicationImpl _initiate
INFO: Initiating Jersey application, version 'Jersey: 1.19 02/11/2015 03:25 AM'
Jul 30, 2019 9:08:24 AM com.sun.jersey.server.impl.application.WebApplicationImpl _initiate
INFO: Initiating Jersey application, version 'Jersey: 1.19 02/11/2015 03:25 AM'
Jul 30, 2019 9:08:25 AM com.sun.jersey.server.impl.application.WebApplicationImpl _initiate
INFO: Initiating Jersey application, version 'Jersey: 1.19 02/11/2015 03:25 AM'
]]></system-err>
  </testcase>
</testsuite>