<?xml version="1.0" encoding="UTF-8"?>
<testsuite xmlns:xsi="http://www.w3.org/2001/XMLSchema-instance" xsi:noNamespaceSchemaLocation="https://maven.apache.org/surefire/maven-surefire-plugin/xsd/surefire-test-report.xsd" name="org.apache.hadoop.ozone.web.client.TestKeysRatis" time="100.167" tests="6" errors="3" skipped="0" failures="0">
  <properties>
    <property name="awt.toolkit" value="sun.awt.X11.XToolkit"/>
    <property name="file.encoding.pkg" value="sun.io"/>
    <property name="java.specification.version" value="1.8"/>
    <property name="sun.cpu.isalist" value=""/>
    <property name="sun.jnu.encoding" value="UTF-8"/>
    <property name="java.class.path" value="/workdir/hadoop-ozone/integration-test/target/test-classes:/workdir/hadoop-ozone/integration-test/target/classes:/home/user/.m2/repository/org/apache/hadoop/hadoop-ozone-common/0.4.1-SNAPSHOT/hadoop-ozone-common-0.4.1-SNAPSHOT.jar:/home/user/.m2/repository/org/apache/commons/commons-compress/1.4.1/commons-compress-1.4.1.jar:/home/user/.m2/repository/org/tukaani/xz/1.0/xz-1.0.jar:/home/user/.m2/repository/org/apache/hadoop/hadoop-common/3.2.0/hadoop-common-3.2.0.jar:/home/user/.m2/repository/org/apache/hadoop/hadoop-hdfs/3.2.0/hadoop-hdfs-3.2.0.jar:/home/user/.m2/repository/org/apache/hadoop/hadoop-hdfs-client/3.2.0/hadoop-hdfs-client-3.2.0.jar:/home/user/.m2/repository/com/fasterxml/jackson/core/jackson-annotations/2.9.5/jackson-annotations-2.9.5.jar:/home/user/.m2/repository/org/apache/hadoop/hadoop-hdds-common/0.4.1-SNAPSHOT/hadoop-hdds-common-0.4.1-SNAPSHOT.jar:/home/user/.m2/repository/javax/annotation/javax.annotation-api/1.2/javax.annotation-api-1.2.jar:/home/user/.m2/repository/org/apache/ratis/ratis-server/0.4.0-2337318-SNAPSHOT/ratis-server-0.4.0-2337318-SNAPSHOT.jar:/home/user/.m2/repository/org/apache/ratis/ratis-thirdparty-misc/0.2.0/ratis-thirdparty-misc-0.2.0.jar:/home/user/.m2/repository/org/apache/ratis/ratis-proto/0.4.0-2337318-SNAPSHOT/ratis-proto-0.4.0-2337318-SNAPSHOT.jar:/home/user/.m2/repository/org/apache/ratis/ratis-common/0.4.0-2337318-SNAPSHOT/ratis-common-0.4.0-2337318-SNAPSHOT.jar:/home/user/.m2/repository/org/apache/ratis/ratis-client/0.4.0-2337318-SNAPSHOT/ratis-client-0.4.0-2337318-SNAPSHOT.jar:/home/user/.m2/repository/org/apache/ratis/ratis-metrics/0.4.0-2337318-SNAPSHOT/ratis-metrics-0.4.0-2337318-SNAPSHOT.jar:/home/user/.m2/repository/org/apache/ratis/ratis-netty/0.4.0-2337318-SNAPSHOT/ratis-netty-0.4.0-2337318-SNAPSHOT.jar:/home/user/.m2/repository/org/apache/ratis/ratis-grpc/0.4.0-2337318-SNAPSHOT/ratis-grpc-0.4.0-2337318-SNAPSHOT.jar:/home/user/.m2/repository/org/rocksdb/rocksdbjni/6.0.1/rocksdbjni-6.0.1.jar:/home/user/.m2/repository/org/apache/logging/log4j/log4j-api/2.11.0/log4j-api-2.11.0.jar:/home/user/.m2/repository/org/apache/logging/log4j/log4j-core/2.11.0/log4j-core-2.11.0.jar:/home/user/.m2/repository/com/lmax/disruptor/3.4.2/disruptor-3.4.2.jar:/home/user/.m2/repository/org/apache/commons/commons-pool2/2.6.0/commons-pool2-2.6.0.jar:/home/user/.m2/repository/org/bouncycastle/bcpkix-jdk15on/1.60/bcpkix-jdk15on-1.60.jar:/home/user/.m2/repository/commons-validator/commons-validator/1.6/commons-validator-1.6.jar:/home/user/.m2/repository/commons-digester/commons-digester/1.8.1/commons-digester-1.8.1.jar:/home/user/.m2/repository/io/jaegertracing/jaeger-client/0.33.1/jaeger-client-0.33.1.jar:/home/user/.m2/repository/io/jaegertracing/jaeger-thrift/0.33.1/jaeger-thrift-0.33.1.jar:/home/user/.m2/repository/org/apache/thrift/libthrift/0.11.0/libthrift-0.11.0.jar:/home/user/.m2/repository/com/squareup/okhttp3/okhttp/3.9.0/okhttp-3.9.0.jar:/home/user/.m2/repository/com/squareup/okio/okio/1.13.0/okio-1.13.0.jar:/home/user/.m2/repository/io/jaegertracing/jaeger-core/0.33.1/jaeger-core-0.33.1.jar:/home/user/.m2/repository/io/jaegertracing/jaeger-tracerresolver/0.33.1/jaeger-tracerresolver-0.33.1.jar:/home/user/.m2/repository/io/opentracing/contrib/opentracing-tracerresolver/0.1.5/opentracing-tracerresolver-0.1.5.jar:/home/user/.m2/repository/io/opentracing/opentracing-util/0.31.0/opentracing-util-0.31.0.jar:/home/user/.m2/repository/io/opentracing/opentracing-api/0.31.0/opentracing-api-0.31.0.jar:/home/user/.m2/repository/io/opentracing/opentracing-noop/0.31.0/opentracing-noop-0.31.0.jar:/home/user/.m2/repository/org/apache/hadoop/hadoop-hdds-server-framework/0.4.1-SNAPSHOT/hadoop-hdds-server-framework-0.4.1-SNAPSHOT.jar:/home/user/.m2/repository/org/apache/hadoop/hadoop-hdds-container-service/0.4.1-SNAPSHOT/hadoop-hdds-container-service-0.4.1-SNAPSHOT.jar:/home/user/.m2/repository/org/apache/hadoop/hadoop-hdds-client/0.4.1-SNAPSHOT/hadoop-hdds-client-0.4.1-SNAPSHOT.jar:/home/user/.m2/repository/org/apache/hadoop/hadoop-hdds-tools/0.4.1-SNAPSHOT/hadoop-hdds-tools-0.4.1-SNAPSHOT.jar:/home/user/.m2/repository/org/apache/hadoop/hadoop-hdds-server-scm/0.4.1-SNAPSHOT/hadoop-hdds-server-scm-0.4.1-SNAPSHOT.jar:/home/user/.m2/repository/org/apache/hadoop/hadoop-hdds-docs/0.4.1-SNAPSHOT/hadoop-hdds-docs-0.4.1-SNAPSHOT.jar:/home/user/.m2/repository/io/dropwizard/metrics/metrics-core/3.2.4/metrics-core-3.2.4.jar:/home/user/.m2/repository/org/hamcrest/hamcrest-all/1.3/hamcrest-all-1.3.jar:/home/user/.m2/repository/org/bouncycastle/bcprov-jdk15on/1.60/bcprov-jdk15on-1.60.jar:/home/user/.m2/repository/info/picocli/picocli/3.9.6/picocli-3.9.6.jar:/home/user/.m2/repository/com/google/protobuf/protobuf-java/2.5.0/protobuf-java-2.5.0.jar:/home/user/.m2/repository/com/google/guava/guava/11.0.2/guava-11.0.2.jar:/home/user/.m2/repository/org/apache/hadoop/hadoop-ozone-ozone-manager/0.4.1-SNAPSHOT/hadoop-ozone-ozone-manager-0.4.1-SNAPSHOT.jar:/home/user/.m2/repository/org/apache/hadoop/hadoop-minikdc/3.2.0/hadoop-minikdc-3.2.0.jar:/home/user/.m2/repository/commons-io/commons-io/2.5/commons-io-2.5.jar:/home/user/.m2/repository/org/apache/kerby/kerb-simplekdc/1.0.1/kerb-simplekdc-1.0.1.jar:/home/user/.m2/repository/org/apache/kerby/kerb-client/1.0.1/kerb-client-1.0.1.jar:/home/user/.m2/repository/org/apache/kerby/kerby-config/1.0.1/kerby-config-1.0.1.jar:/home/user/.m2/repository/org/apache/kerby/kerb-core/1.0.1/kerb-core-1.0.1.jar:/home/user/.m2/repository/org/apache/kerby/kerby-pkix/1.0.1/kerby-pkix-1.0.1.jar:/home/user/.m2/repository/org/apache/kerby/kerby-asn1/1.0.1/kerby-asn1-1.0.1.jar:/home/user/.m2/repository/org/apache/kerby/kerby-util/1.0.1/kerby-util-1.0.1.jar:/home/user/.m2/repository/org/apache/kerby/kerb-common/1.0.1/kerb-common-1.0.1.jar:/home/user/.m2/repository/org/apache/kerby/kerb-crypto/1.0.1/kerb-crypto-1.0.1.jar:/home/user/.m2/repository/org/apache/kerby/kerb-util/1.0.1/kerb-util-1.0.1.jar:/home/user/.m2/repository/org/apache/kerby/token-provider/1.0.1/token-provider-1.0.1.jar:/home/user/.m2/repository/org/apache/kerby/kerb-admin/1.0.1/kerb-admin-1.0.1.jar:/home/user/.m2/repository/org/apache/kerby/kerb-server/1.0.1/kerb-server-1.0.1.jar:/home/user/.m2/repository/org/apache/kerby/kerb-identity/1.0.1/kerb-identity-1.0.1.jar:/home/user/.m2/repository/org/apache/kerby/kerby-xdr/1.0.1/kerby-xdr-1.0.1.jar:/home/user/.m2/repository/org/slf4j/slf4j-log4j12/1.7.25/slf4j-log4j12-1.7.25.jar:/home/user/.m2/repository/org/apache/hadoop/hadoop-ozone-objectstore-service/0.4.1-SNAPSHOT/hadoop-ozone-objectstore-service-0.4.1-SNAPSHOT.jar:/home/user/.m2/repository/org/apache/hadoop/hadoop-ozone-s3gateway/0.4.1-SNAPSHOT/hadoop-ozone-s3gateway-0.4.1-SNAPSHOT.jar:/home/user/.m2/repository/org/jboss/weld/servlet/weld-servlet/2.4.7.Final/weld-servlet-2.4.7.Final.jar:/home/user/.m2/repository/org/glassfish/jersey/containers/jersey-container-servlet-core/2.27/jersey-container-servlet-core-2.27.jar:/home/user/.m2/repository/org/glassfish/hk2/external/javax.inject/2.5.0-b42/javax.inject-2.5.0-b42.jar:/home/user/.m2/repository/org/glassfish/jersey/core/jersey-common/2.27/jersey-common-2.27.jar:/home/user/.m2/repository/org/glassfish/hk2/osgi-resource-locator/1.0.1/osgi-resource-locator-1.0.1.jar:/home/user/.m2/repository/javax/ws/rs/javax.ws.rs-api/2.1/javax.ws.rs-api-2.1.jar:/home/user/.m2/repository/org/glassfish/jersey/ext/cdi/jersey-cdi1x/2.27/jersey-cdi1x-2.27.jar:/home/user/.m2/repository/org/glassfish/jersey/inject/jersey-hk2/2.27/jersey-hk2-2.27.jar:/home/user/.m2/repository/org/glassfish/hk2/hk2-locator/2.5.0-b42/hk2-locator-2.5.0-b42.jar:/home/user/.m2/repository/org/javassist/javassist/3.22.0-CR2/javassist-3.22.0-CR2.jar:/home/user/.m2/repository/org/glassfish/hk2/hk2-api/2.5.0/hk2-api-2.5.0.jar:/home/user/.m2/repository/org/glassfish/hk2/external/jakarta.inject/2.5.0/jakarta.inject-2.5.0.jar:/home/user/.m2/repository/org/glassfish/hk2/hk2-utils/2.5.0/hk2-utils-2.5.0.jar:/home/user/.m2/repository/jakarta/annotation/jakarta.annotation-api/1.3.4/jakarta.annotation-api-1.3.4.jar:/home/user/.m2/repository/org/glassfish/hk2/external/aopalliance-repackaged/2.5.0/aopalliance-repackaged-2.5.0.jar:/home/user/.m2/repository/com/fasterxml/jackson/dataformat/jackson-dataformat-xml/2.9.0/jackson-dataformat-xml-2.9.0.jar:/home/user/.m2/repository/com/fasterxml/jackson/core/jackson-core/2.9.5/jackson-core-2.9.5.jar:/home/user/.m2/repository/com/fasterxml/jackson/module/jackson-module-jaxb-annotations/2.9.5/jackson-module-jaxb-annotations-2.9.5.jar:/home/user/.m2/repository/javax/enterprise/cdi-api/1.2/cdi-api-1.2.jar:/home/user/.m2/repository/javax/el/javax.el-api/3.0.0/javax.el-api-3.0.0.jar:/home/user/.m2/repository/javax/interceptor/javax.interceptor-api/1.2/javax.interceptor-api-1.2.jar:/home/user/.m2/repository/javax/inject/javax.inject/1/javax.inject-1.jar:/home/user/.m2/repository/com/sun/xml/bind/jaxb-impl/2.3.0.1/jaxb-impl-2.3.0.1.jar:/home/user/.m2/repository/com/sun/xml/bind/jaxb-core/2.3.0.1/jaxb-core-2.3.0.1.jar:/home/user/.m2/repository/javax/xml/bind/jaxb-api/2.3.0/jaxb-api-2.3.0.jar:/home/user/.m2/repository/javax/activation/activation/1.1.1/activation-1.1.1.jar:/home/user/.m2/repository/org/apache/hadoop/hadoop-ozone-csi/0.4.1-SNAPSHOT/hadoop-ozone-csi-0.4.1-SNAPSHOT.jar:/home/user/.m2/repository/com/google/protobuf/protobuf-java-util/3.5.1/protobuf-java-util-3.5.1.jar:/home/user/.m2/repository/org/apache/hadoop/hadoop-hdds-config/0.4.1-SNAPSHOT/hadoop-hdds-config-0.4.1-SNAPSHOT.jar:/home/user/.m2/repository/io/grpc/grpc-netty/1.17.1/grpc-netty-1.17.1.jar:/home/user/.m2/repository/io/grpc/grpc-core/1.17.1/grpc-core-1.17.1.jar:/home/user/.m2/repository/io/grpc/grpc-context/1.17.1/grpc-context-1.17.1.jar:/home/user/.m2/repository/com/google/errorprone/error_prone_annotations/2.2.0/error_prone_annotations-2.2.0.jar:/home/user/.m2/repository/org/codehaus/mojo/animal-sniffer-annotations/1.17/animal-sniffer-annotations-1.17.jar:/home/user/.m2/repository/io/opencensus/opencensus-api/0.17.0/opencensus-api-0.17.0.jar:/home/user/.m2/repository/io/opencensus/opencensus-contrib-grpc-metrics/0.17.0/opencensus-contrib-grpc-metrics-0.17.0.jar:/home/user/.m2/repository/io/netty/netty-codec-http2/4.1.30.Final/netty-codec-http2-4.1.30.Final.jar:/home/user/.m2/repository/io/netty/netty-codec-http/4.1.30.Final/netty-codec-http-4.1.30.Final.jar:/home/user/.m2/repository/io/netty/netty-codec/4.1.30.Final/netty-codec-4.1.30.Final.jar:/home/user/.m2/repository/io/netty/netty-handler/4.1.30.Final/netty-handler-4.1.30.Final.jar:/home/user/.m2/repository/io/netty/netty-handler-proxy/4.1.30.Final/netty-handler-proxy-4.1.30.Final.jar:/home/user/.m2/repository/io/netty/netty-codec-socks/4.1.30.Final/netty-codec-socks-4.1.30.Final.jar:/home/user/.m2/repository/io/netty/netty-transport-native-epoll/4.1.30.Final/netty-transport-native-epoll-4.1.30.Final.jar:/home/user/.m2/repository/io/netty/netty-common/4.1.30.Final/netty-common-4.1.30.Final.jar:/home/user/.m2/repository/io/netty/netty-buffer/4.1.30.Final/netty-buffer-4.1.30.Final.jar:/home/user/.m2/repository/io/netty/netty-transport/4.1.30.Final/netty-transport-4.1.30.Final.jar:/home/user/.m2/repository/io/netty/netty-resolver/4.1.30.Final/netty-resolver-4.1.30.Final.jar:/home/user/.m2/repository/io/netty/netty-transport-native-unix-common/4.1.30.Final/netty-transport-native-unix-common-4.1.30.Final.jar:/home/user/.m2/repository/io/grpc/grpc-protobuf/1.17.1/grpc-protobuf-1.17.1.jar:/home/user/.m2/repository/com/google/api/grpc/proto-google-common-protos/1.0.0/proto-google-common-protos-1.0.0.jar:/home/user/.m2/repository/io/grpc/grpc-protobuf-lite/1.17.1/grpc-protobuf-lite-1.17.1.jar:/home/user/.m2/repository/io/grpc/grpc-stub/1.17.1/grpc-stub-1.17.1.jar:/home/user/.m2/repository/org/apache/hadoop/hadoop-ozone-recon/0.4.1-SNAPSHOT/hadoop-ozone-recon-0.4.1-SNAPSHOT.jar:/home/user/.m2/repository/org/apache/hadoop/hadoop-ozone-reconcodegen/0.4.1-SNAPSHOT/hadoop-ozone-reconcodegen-0.4.1-SNAPSHOT.jar:/home/user/.m2/repository/com/google/inject/extensions/guice-multibindings/4.0/guice-multibindings-4.0.jar:/home/user/.m2/repository/com/google/inject/guice/4.0/guice-4.0.jar:/home/user/.m2/repository/aopalliance/aopalliance/1.0/aopalliance-1.0.jar:/home/user/.m2/repository/com/google/inject/extensions/guice-servlet/4.0/guice-servlet-4.0.jar:/home/user/.m2/repository/org/glassfish/jersey/containers/jersey-container-servlet/2.27/jersey-container-servlet-2.27.jar:/home/user/.m2/repository/org/glassfish/hk2/guice-bridge/2.5.0/guice-bridge-2.5.0.jar:/home/user/.m2/repository/org/glassfish/jersey/core/jersey-server/2.27/jersey-server-2.27.jar:/home/user/.m2/repository/org/glassfish/jersey/core/jersey-client/2.27/jersey-client-2.27.jar:/home/user/.m2/repository/org/glassfish/jersey/media/jersey-media-jaxb/2.27/jersey-media-jaxb-2.27.jar:/home/user/.m2/repository/javax/validation/validation-api/1.1.0.Final/validation-api-1.1.0.Final.jar:/home/user/.m2/repository/org/glassfish/jersey/media/jersey-media-json-jackson/2.27/jersey-media-json-jackson-2.27.jar:/home/user/.m2/repository/org/glassfish/jersey/ext/jersey-entity-filtering/2.27/jersey-entity-filtering-2.27.jar:/home/user/.m2/repository/com/google/inject/extensions/guice-assistedinject/4.0/guice-assistedinject-4.0.jar:/home/user/.m2/repository/org/jooq/jooq/3.11.10/jooq-3.11.10.jar:/home/user/.m2/repository/org/jooq/jooq-meta/3.11.10/jooq-meta-3.11.10.jar:/home/user/.m2/repository/org/jooq/jooq-codegen/3.11.10/jooq-codegen-3.11.10.jar:/home/user/.m2/repository/com/jolbox/bonecp/0.8.0.RELEASE/bonecp-0.8.0.RELEASE.jar:/home/user/.m2/repository/org/xerial/sqlite-jdbc/3.25.2/sqlite-jdbc-3.25.2.jar:/home/user/.m2/repository/org/springframework/spring-jdbc/5.1.3.RELEASE/spring-jdbc-5.1.3.RELEASE.jar:/home/user/.m2/repository/org/springframework/spring-beans/5.1.3.RELEASE/spring-beans-5.1.3.RELEASE.jar:/home/user/.m2/repository/org/springframework/spring-core/5.1.3.RELEASE/spring-core-5.1.3.RELEASE.jar:/home/user/.m2/repository/org/springframework/spring-jcl/5.1.3.RELEASE/spring-jcl-5.1.3.RELEASE.jar:/home/user/.m2/repository/org/springframework/spring-tx/5.1.3.RELEASE/spring-tx-5.1.3.RELEASE.jar:/home/user/.m2/repository/org/apache/hadoop/hadoop-ozone-client/0.4.1-SNAPSHOT/hadoop-ozone-client-0.4.1-SNAPSHOT.jar:/home/user/.m2/repository/commons-lang/commons-lang/2.6/commons-lang-2.6.jar:/home/user/.m2/repository/org/apache/hadoop/hadoop-ozone-ozone-manager/0.4.1-SNAPSHOT/hadoop-ozone-ozone-manager-0.4.1-SNAPSHOT-tests.jar:/home/user/.m2/repository/junit/junit/4.11/junit-4.11.jar:/home/user/.m2/repository/org/hamcrest/hamcrest-core/1.3/hamcrest-core-1.3.jar:/home/user/.m2/repository/org/openjdk/jmh/jmh-core/1.19/jmh-core-1.19.jar:/home/user/.m2/repository/net/sf/jopt-simple/jopt-simple/4.6/jopt-simple-4.6.jar:/home/user/.m2/repository/org/apache/commons/commons-math3/3.1.1/commons-math3-3.1.1.jar:/home/user/.m2/repository/org/openjdk/jmh/jmh-generator-annprocess/1.19/jmh-generator-annprocess-1.19.jar:/home/user/.m2/repository/org/mockito/mockito-all/1.8.5/mockito-all-1.8.5.jar:/home/user/.m2/repository/org/apache/hadoop/hadoop-kms/3.2.0/hadoop-kms-3.2.0.jar:/home/user/.m2/repository/org/apache/hadoop/hadoop-auth/3.2.0/hadoop-auth-3.2.0.jar:/home/user/.m2/repository/com/nimbusds/nimbus-jose-jwt/4.41.1/nimbus-jose-jwt-4.41.1.jar:/home/user/.m2/repository/com/github/stephenc/jcip/jcip-annotations/1.0-1/jcip-annotations-1.0-1.jar:/home/user/.m2/repository/net/minidev/json-smart/2.3/json-smart-2.3.jar:/home/user/.m2/repository/net/minidev/accessors-smart/1.2/accessors-smart-1.2.jar:/home/user/.m2/repository/org/ow2/asm/asm/5.0.4/asm-5.0.4.jar:/home/user/.m2/repository/org/apache/curator/curator-framework/2.12.0/curator-framework-2.12.0.jar:/home/user/.m2/repository/com/sun/jersey/jersey-core/1.19/jersey-core-1.19.jar:/home/user/.m2/repository/javax/ws/rs/jsr311-api/1.1.1/jsr311-api-1.1.1.jar:/home/user/.m2/repository/com/sun/jersey/jersey-server/1.19/jersey-server-1.19.jar:/home/user/.m2/repository/javax/servlet/javax.servlet-api/3.1.0/javax.servlet-api-3.1.0.jar:/home/user/.m2/repository/org/eclipse/jetty/jetty-server/9.3.24.v20180605/jetty-server-9.3.24.v20180605.jar:/home/user/.m2/repository/org/eclipse/jetty/jetty-http/9.3.24.v20180605/jetty-http-9.3.24.v20180605.jar:/home/user/.m2/repository/org/eclipse/jetty/jetty-io/9.3.24.v20180605/jetty-io-9.3.24.v20180605.jar:/home/user/.m2/repository/org/eclipse/jetty/jetty-webapp/9.3.24.v20180605/jetty-webapp-9.3.24.v20180605.jar:/home/user/.m2/repository/org/eclipse/jetty/jetty-xml/9.3.24.v20180605/jetty-xml-9.3.24.v20180605.jar:/home/user/.m2/repository/log4j/log4j/1.2.17/log4j-1.2.17.jar:/home/user/.m2/repository/org/slf4j/slf4j-api/1.7.25/slf4j-api-1.7.25.jar:/home/user/.m2/repository/org/slf4j/jul-to-slf4j/1.7.25/jul-to-slf4j-1.7.25.jar:/home/user/.m2/repository/org/eclipse/jetty/jetty-util/9.3.24.v20180605/jetty-util-9.3.24.v20180605.jar:/home/user/.m2/repository/com/fasterxml/jackson/core/jackson-databind/2.9.5/jackson-databind-2.9.5.jar:/home/user/.m2/repository/org/apache/hadoop/hadoop-kms/3.2.0/hadoop-kms-3.2.0-tests.jar:/home/user/.m2/repository/org/apache/hadoop/hadoop-hdds-server-scm/0.4.1-SNAPSHOT/hadoop-hdds-server-scm-0.4.1-SNAPSHOT-tests.jar:/home/user/.m2/repository/org/apache/hadoop/hadoop-hdds-container-service/0.4.1-SNAPSHOT/hadoop-hdds-container-service-0.4.1-SNAPSHOT-tests.jar:/home/user/.m2/repository/org/yaml/snakeyaml/1.16/snakeyaml-1.16.jar:/home/user/.m2/repository/org/apache/hadoop/hadoop-common/3.2.0/hadoop-common-3.2.0-tests.jar:/home/user/.m2/repository/org/apache/hadoop/hadoop-annotations/3.2.0/hadoop-annotations-3.2.0.jar:/usr/lib/jvm/java-1.8-openjdk/jre/../lib/tools.jar:/home/user/.m2/repository/commons-cli/commons-cli/1.2/commons-cli-1.2.jar:/home/user/.m2/repository/org/apache/httpcomponents/httpclient/4.5.2/httpclient-4.5.2.jar:/home/user/.m2/repository/org/apache/httpcomponents/httpcore/4.4.4/httpcore-4.4.4.jar:/home/user/.m2/repository/commons-codec/commons-codec/1.11/commons-codec-1.11.jar:/home/user/.m2/repository/commons-net/commons-net/3.6/commons-net-3.6.jar:/home/user/.m2/repository/commons-collections/commons-collections/3.2.2/commons-collections-3.2.2.jar:/home/user/.m2/repository/org/eclipse/jetty/jetty-servlet/9.3.24.v20180605/jetty-servlet-9.3.24.v20180605.jar:/home/user/.m2/repository/org/eclipse/jetty/jetty-security/9.3.24.v20180605/jetty-security-9.3.24.v20180605.jar:/home/user/.m2/repository/javax/servlet/jsp/jsp-api/2.1/jsp-api-2.1.jar:/home/user/.m2/repository/com/sun/jersey/jersey-servlet/1.19/jersey-servlet-1.19.jar:/home/user/.m2/repository/com/sun/jersey/jersey-json/1.19/jersey-json-1.19.jar:/home/user/.m2/repository/org/codehaus/jettison/jettison/1.1/jettison-1.1.jar:/home/user/.m2/repository/org/codehaus/jackson/jackson-core-asl/1.9.13/jackson-core-asl-1.9.13.jar:/home/user/.m2/repository/org/codehaus/jackson/jackson-mapper-asl/1.9.13/jackson-mapper-asl-1.9.13.jar:/home/user/.m2/repository/org/codehaus/jackson/jackson-jaxrs/1.9.13/jackson-jaxrs-1.9.13.jar:/home/user/.m2/repository/org/codehaus/jackson/jackson-xc/1.9.13/jackson-xc-1.9.13.jar:/home/user/.m2/repository/commons-logging/commons-logging/1.1.3/commons-logging-1.1.3.jar:/home/user/.m2/repository/commons-beanutils/commons-beanutils/1.9.3/commons-beanutils-1.9.3.jar:/home/user/.m2/repository/org/apache/commons/commons-configuration2/2.1.1/commons-configuration2-2.1.1.jar:/home/user/.m2/repository/org/apache/commons/commons-lang3/3.7/commons-lang3-3.7.jar:/home/user/.m2/repository/org/apache/commons/commons-text/1.4/commons-text-1.4.jar:/home/user/.m2/repository/org/apache/avro/avro/1.7.7/avro-1.7.7.jar:/home/user/.m2/repository/com/thoughtworks/paranamer/paranamer/2.3/paranamer-2.3.jar:/home/user/.m2/repository/org/xerial/snappy/snappy-java/1.0.5/snappy-java-1.0.5.jar:/home/user/.m2/repository/com/google/re2j/re2j/1.1/re2j-1.1.jar:/home/user/.m2/repository/com/google/code/gson/gson/2.2.4/gson-2.2.4.jar:/home/user/.m2/repository/com/jcraft/jsch/0.1.54/jsch-0.1.54.jar:/home/user/.m2/repository/org/apache/curator/curator-client/2.12.0/curator-client-2.12.0.jar:/home/user/.m2/repository/org/apache/curator/curator-recipes/2.12.0/curator-recipes-2.12.0.jar:/home/user/.m2/repository/com/google/code/findbugs/jsr305/3.0.0/jsr305-3.0.0.jar:/home/user/.m2/repository/org/apache/htrace/htrace-core4/4.1.0-incubating/htrace-core4-4.1.0-incubating.jar:/home/user/.m2/repository/org/apache/zookeeper/zookeeper/3.4.13/zookeeper-3.4.13.jar:/home/user/.m2/repository/org/apache/yetus/audience-annotations/0.5.0/audience-annotations-0.5.0.jar:/home/user/.m2/repository/org/codehaus/woodstox/stax2-api/3.1.4/stax2-api-3.1.4.jar:/home/user/.m2/repository/com/fasterxml/woodstox/woodstox-core/5.0.3/woodstox-core-5.0.3.jar:/home/user/.m2/repository/dnsjava/dnsjava/2.1.7/dnsjava-2.1.7.jar:/home/user/.m2/repository/org/apache/hadoop/hadoop-hdfs/3.2.0/hadoop-hdfs-3.2.0-tests.jar:/home/user/.m2/repository/org/eclipse/jetty/jetty-util-ajax/9.3.24.v20180605/jetty-util-ajax-9.3.24.v20180605.jar:/home/user/.m2/repository/commons-daemon/commons-daemon/1.0.13/commons-daemon-1.0.13.jar:/home/user/.m2/repository/io/netty/netty/3.10.5.Final/netty-3.10.5.Final.jar:/home/user/.m2/repository/io/netty/netty-all/4.0.52.Final/netty-all-4.0.52.Final.jar:/home/user/.m2/repository/org/fusesource/leveldbjni/leveldbjni-all/1.8/leveldbjni-all-1.8.jar:"/>
    <property name="java.vm.vendor" value="IcedTea"/>
    <property name="sun.arch.data.model" value="64"/>
    <property name="test.build.dir" value="/workdir/hadoop-ozone/integration-test/target/test-dir"/>
    <property name="test.cache.data" value=""/>
    <property name="java.vendor.url" value="https://icedtea.classpath.org"/>
    <property name="user.timezone" value=""/>
    <property name="java.vm.specification.version" value="1.8"/>
    <property name="os.name" value="Linux"/>
    <property name="test.build.data" value="/workdir/hadoop-ozone/integration-test/target/test-dir"/>
    <property name="user.country" value="US"/>
    <property name="sun.java.launcher" value="SUN_STANDARD"/>
    <property name="sun.boot.library.path" value="/usr/lib/jvm/java-1.8-openjdk/jre/lib/amd64"/>
    <property name="sun.java.command" value="/workdir/hadoop-ozone/integration-test/target/surefire/surefirebooter2859766410377804841.jar /workdir/hadoop-ozone/integration-test/target/surefire 2019-07-30T07-59-19_370-jvmRun1 surefire8064564554239421621tmp surefire_577976858431213607607tmp"/>
    <property name="surefire.test.class.path" value="/workdir/hadoop-ozone/integration-test/target/test-classes:/workdir/hadoop-ozone/integration-test/target/classes:/home/user/.m2/repository/org/apache/hadoop/hadoop-ozone-common/0.4.1-SNAPSHOT/hadoop-ozone-common-0.4.1-SNAPSHOT.jar:/home/user/.m2/repository/org/apache/commons/commons-compress/1.4.1/commons-compress-1.4.1.jar:/home/user/.m2/repository/org/tukaani/xz/1.0/xz-1.0.jar:/home/user/.m2/repository/org/apache/hadoop/hadoop-common/3.2.0/hadoop-common-3.2.0.jar:/home/user/.m2/repository/org/apache/hadoop/hadoop-hdfs/3.2.0/hadoop-hdfs-3.2.0.jar:/home/user/.m2/repository/org/apache/hadoop/hadoop-hdfs-client/3.2.0/hadoop-hdfs-client-3.2.0.jar:/home/user/.m2/repository/com/fasterxml/jackson/core/jackson-annotations/2.9.5/jackson-annotations-2.9.5.jar:/home/user/.m2/repository/org/apache/hadoop/hadoop-hdds-common/0.4.1-SNAPSHOT/hadoop-hdds-common-0.4.1-SNAPSHOT.jar:/home/user/.m2/repository/javax/annotation/javax.annotation-api/1.2/javax.annotation-api-1.2.jar:/home/user/.m2/repository/org/apache/ratis/ratis-server/0.4.0-2337318-SNAPSHOT/ratis-server-0.4.0-2337318-SNAPSHOT.jar:/home/user/.m2/repository/org/apache/ratis/ratis-thirdparty-misc/0.2.0/ratis-thirdparty-misc-0.2.0.jar:/home/user/.m2/repository/org/apache/ratis/ratis-proto/0.4.0-2337318-SNAPSHOT/ratis-proto-0.4.0-2337318-SNAPSHOT.jar:/home/user/.m2/repository/org/apache/ratis/ratis-common/0.4.0-2337318-SNAPSHOT/ratis-common-0.4.0-2337318-SNAPSHOT.jar:/home/user/.m2/repository/org/apache/ratis/ratis-client/0.4.0-2337318-SNAPSHOT/ratis-client-0.4.0-2337318-SNAPSHOT.jar:/home/user/.m2/repository/org/apache/ratis/ratis-metrics/0.4.0-2337318-SNAPSHOT/ratis-metrics-0.4.0-2337318-SNAPSHOT.jar:/home/user/.m2/repository/org/apache/ratis/ratis-netty/0.4.0-2337318-SNAPSHOT/ratis-netty-0.4.0-2337318-SNAPSHOT.jar:/home/user/.m2/repository/org/apache/ratis/ratis-grpc/0.4.0-2337318-SNAPSHOT/ratis-grpc-0.4.0-2337318-SNAPSHOT.jar:/home/user/.m2/repository/org/rocksdb/rocksdbjni/6.0.1/rocksdbjni-6.0.1.jar:/home/user/.m2/repository/org/apache/logging/log4j/log4j-api/2.11.0/log4j-api-2.11.0.jar:/home/user/.m2/repository/org/apache/logging/log4j/log4j-core/2.11.0/log4j-core-2.11.0.jar:/home/user/.m2/repository/com/lmax/disruptor/3.4.2/disruptor-3.4.2.jar:/home/user/.m2/repository/org/apache/commons/commons-pool2/2.6.0/commons-pool2-2.6.0.jar:/home/user/.m2/repository/org/bouncycastle/bcpkix-jdk15on/1.60/bcpkix-jdk15on-1.60.jar:/home/user/.m2/repository/commons-validator/commons-validator/1.6/commons-validator-1.6.jar:/home/user/.m2/repository/commons-digester/commons-digester/1.8.1/commons-digester-1.8.1.jar:/home/user/.m2/repository/io/jaegertracing/jaeger-client/0.33.1/jaeger-client-0.33.1.jar:/home/user/.m2/repository/io/jaegertracing/jaeger-thrift/0.33.1/jaeger-thrift-0.33.1.jar:/home/user/.m2/repository/org/apache/thrift/libthrift/0.11.0/libthrift-0.11.0.jar:/home/user/.m2/repository/com/squareup/okhttp3/okhttp/3.9.0/okhttp-3.9.0.jar:/home/user/.m2/repository/com/squareup/okio/okio/1.13.0/okio-1.13.0.jar:/home/user/.m2/repository/io/jaegertracing/jaeger-core/0.33.1/jaeger-core-0.33.1.jar:/home/user/.m2/repository/io/jaegertracing/jaeger-tracerresolver/0.33.1/jaeger-tracerresolver-0.33.1.jar:/home/user/.m2/repository/io/opentracing/contrib/opentracing-tracerresolver/0.1.5/opentracing-tracerresolver-0.1.5.jar:/home/user/.m2/repository/io/opentracing/opentracing-util/0.31.0/opentracing-util-0.31.0.jar:/home/user/.m2/repository/io/opentracing/opentracing-api/0.31.0/opentracing-api-0.31.0.jar:/home/user/.m2/repository/io/opentracing/opentracing-noop/0.31.0/opentracing-noop-0.31.0.jar:/home/user/.m2/repository/org/apache/hadoop/hadoop-hdds-server-framework/0.4.1-SNAPSHOT/hadoop-hdds-server-framework-0.4.1-SNAPSHOT.jar:/home/user/.m2/repository/org/apache/hadoop/hadoop-hdds-container-service/0.4.1-SNAPSHOT/hadoop-hdds-container-service-0.4.1-SNAPSHOT.jar:/home/user/.m2/repository/org/apache/hadoop/hadoop-hdds-client/0.4.1-SNAPSHOT/hadoop-hdds-client-0.4.1-SNAPSHOT.jar:/home/user/.m2/repository/org/apache/hadoop/hadoop-hdds-tools/0.4.1-SNAPSHOT/hadoop-hdds-tools-0.4.1-SNAPSHOT.jar:/home/user/.m2/repository/org/apache/hadoop/hadoop-hdds-server-scm/0.4.1-SNAPSHOT/hadoop-hdds-server-scm-0.4.1-SNAPSHOT.jar:/home/user/.m2/repository/org/apache/hadoop/hadoop-hdds-docs/0.4.1-SNAPSHOT/hadoop-hdds-docs-0.4.1-SNAPSHOT.jar:/home/user/.m2/repository/io/dropwizard/metrics/metrics-core/3.2.4/metrics-core-3.2.4.jar:/home/user/.m2/repository/org/hamcrest/hamcrest-all/1.3/hamcrest-all-1.3.jar:/home/user/.m2/repository/org/bouncycastle/bcprov-jdk15on/1.60/bcprov-jdk15on-1.60.jar:/home/user/.m2/repository/info/picocli/picocli/3.9.6/picocli-3.9.6.jar:/home/user/.m2/repository/com/google/protobuf/protobuf-java/2.5.0/protobuf-java-2.5.0.jar:/home/user/.m2/repository/com/google/guava/guava/11.0.2/guava-11.0.2.jar:/home/user/.m2/repository/org/apache/hadoop/hadoop-ozone-ozone-manager/0.4.1-SNAPSHOT/hadoop-ozone-ozone-manager-0.4.1-SNAPSHOT.jar:/home/user/.m2/repository/org/apache/hadoop/hadoop-minikdc/3.2.0/hadoop-minikdc-3.2.0.jar:/home/user/.m2/repository/commons-io/commons-io/2.5/commons-io-2.5.jar:/home/user/.m2/repository/org/apache/kerby/kerb-simplekdc/1.0.1/kerb-simplekdc-1.0.1.jar:/home/user/.m2/repository/org/apache/kerby/kerb-client/1.0.1/kerb-client-1.0.1.jar:/home/user/.m2/repository/org/apache/kerby/kerby-config/1.0.1/kerby-config-1.0.1.jar:/home/user/.m2/repository/org/apache/kerby/kerb-core/1.0.1/kerb-core-1.0.1.jar:/home/user/.m2/repository/org/apache/kerby/kerby-pkix/1.0.1/kerby-pkix-1.0.1.jar:/home/user/.m2/repository/org/apache/kerby/kerby-asn1/1.0.1/kerby-asn1-1.0.1.jar:/home/user/.m2/repository/org/apache/kerby/kerby-util/1.0.1/kerby-util-1.0.1.jar:/home/user/.m2/repository/org/apache/kerby/kerb-common/1.0.1/kerb-common-1.0.1.jar:/home/user/.m2/repository/org/apache/kerby/kerb-crypto/1.0.1/kerb-crypto-1.0.1.jar:/home/user/.m2/repository/org/apache/kerby/kerb-util/1.0.1/kerb-util-1.0.1.jar:/home/user/.m2/repository/org/apache/kerby/token-provider/1.0.1/token-provider-1.0.1.jar:/home/user/.m2/repository/org/apache/kerby/kerb-admin/1.0.1/kerb-admin-1.0.1.jar:/home/user/.m2/repository/org/apache/kerby/kerb-server/1.0.1/kerb-server-1.0.1.jar:/home/user/.m2/repository/org/apache/kerby/kerb-identity/1.0.1/kerb-identity-1.0.1.jar:/home/user/.m2/repository/org/apache/kerby/kerby-xdr/1.0.1/kerby-xdr-1.0.1.jar:/home/user/.m2/repository/org/slf4j/slf4j-log4j12/1.7.25/slf4j-log4j12-1.7.25.jar:/home/user/.m2/repository/org/apache/hadoop/hadoop-ozone-objectstore-service/0.4.1-SNAPSHOT/hadoop-ozone-objectstore-service-0.4.1-SNAPSHOT.jar:/home/user/.m2/repository/org/apache/hadoop/hadoop-ozone-s3gateway/0.4.1-SNAPSHOT/hadoop-ozone-s3gateway-0.4.1-SNAPSHOT.jar:/home/user/.m2/repository/org/jboss/weld/servlet/weld-servlet/2.4.7.Final/weld-servlet-2.4.7.Final.jar:/home/user/.m2/repository/org/glassfish/jersey/containers/jersey-container-servlet-core/2.27/jersey-container-servlet-core-2.27.jar:/home/user/.m2/repository/org/glassfish/hk2/external/javax.inject/2.5.0-b42/javax.inject-2.5.0-b42.jar:/home/user/.m2/repository/org/glassfish/jersey/core/jersey-common/2.27/jersey-common-2.27.jar:/home/user/.m2/repository/org/glassfish/hk2/osgi-resource-locator/1.0.1/osgi-resource-locator-1.0.1.jar:/home/user/.m2/repository/javax/ws/rs/javax.ws.rs-api/2.1/javax.ws.rs-api-2.1.jar:/home/user/.m2/repository/org/glassfish/jersey/ext/cdi/jersey-cdi1x/2.27/jersey-cdi1x-2.27.jar:/home/user/.m2/repository/org/glassfish/jersey/inject/jersey-hk2/2.27/jersey-hk2-2.27.jar:/home/user/.m2/repository/org/glassfish/hk2/hk2-locator/2.5.0-b42/hk2-locator-2.5.0-b42.jar:/home/user/.m2/repository/org/javassist/javassist/3.22.0-CR2/javassist-3.22.0-CR2.jar:/home/user/.m2/repository/org/glassfish/hk2/hk2-api/2.5.0/hk2-api-2.5.0.jar:/home/user/.m2/repository/org/glassfish/hk2/external/jakarta.inject/2.5.0/jakarta.inject-2.5.0.jar:/home/user/.m2/repository/org/glassfish/hk2/hk2-utils/2.5.0/hk2-utils-2.5.0.jar:/home/user/.m2/repository/jakarta/annotation/jakarta.annotation-api/1.3.4/jakarta.annotation-api-1.3.4.jar:/home/user/.m2/repository/org/glassfish/hk2/external/aopalliance-repackaged/2.5.0/aopalliance-repackaged-2.5.0.jar:/home/user/.m2/repository/com/fasterxml/jackson/dataformat/jackson-dataformat-xml/2.9.0/jackson-dataformat-xml-2.9.0.jar:/home/user/.m2/repository/com/fasterxml/jackson/core/jackson-core/2.9.5/jackson-core-2.9.5.jar:/home/user/.m2/repository/com/fasterxml/jackson/module/jackson-module-jaxb-annotations/2.9.5/jackson-module-jaxb-annotations-2.9.5.jar:/home/user/.m2/repository/javax/enterprise/cdi-api/1.2/cdi-api-1.2.jar:/home/user/.m2/repository/javax/el/javax.el-api/3.0.0/javax.el-api-3.0.0.jar:/home/user/.m2/repository/javax/interceptor/javax.interceptor-api/1.2/javax.interceptor-api-1.2.jar:/home/user/.m2/repository/javax/inject/javax.inject/1/javax.inject-1.jar:/home/user/.m2/repository/com/sun/xml/bind/jaxb-impl/2.3.0.1/jaxb-impl-2.3.0.1.jar:/home/user/.m2/repository/com/sun/xml/bind/jaxb-core/2.3.0.1/jaxb-core-2.3.0.1.jar:/home/user/.m2/repository/javax/xml/bind/jaxb-api/2.3.0/jaxb-api-2.3.0.jar:/home/user/.m2/repository/javax/activation/activation/1.1.1/activation-1.1.1.jar:/home/user/.m2/repository/org/apache/hadoop/hadoop-ozone-csi/0.4.1-SNAPSHOT/hadoop-ozone-csi-0.4.1-SNAPSHOT.jar:/home/user/.m2/repository/com/google/protobuf/protobuf-java-util/3.5.1/protobuf-java-util-3.5.1.jar:/home/user/.m2/repository/org/apache/hadoop/hadoop-hdds-config/0.4.1-SNAPSHOT/hadoop-hdds-config-0.4.1-SNAPSHOT.jar:/home/user/.m2/repository/io/grpc/grpc-netty/1.17.1/grpc-netty-1.17.1.jar:/home/user/.m2/repository/io/grpc/grpc-core/1.17.1/grpc-core-1.17.1.jar:/home/user/.m2/repository/io/grpc/grpc-context/1.17.1/grpc-context-1.17.1.jar:/home/user/.m2/repository/com/google/errorprone/error_prone_annotations/2.2.0/error_prone_annotations-2.2.0.jar:/home/user/.m2/repository/org/codehaus/mojo/animal-sniffer-annotations/1.17/animal-sniffer-annotations-1.17.jar:/home/user/.m2/repository/io/opencensus/opencensus-api/0.17.0/opencensus-api-0.17.0.jar:/home/user/.m2/repository/io/opencensus/opencensus-contrib-grpc-metrics/0.17.0/opencensus-contrib-grpc-metrics-0.17.0.jar:/home/user/.m2/repository/io/netty/netty-codec-http2/4.1.30.Final/netty-codec-http2-4.1.30.Final.jar:/home/user/.m2/repository/io/netty/netty-codec-http/4.1.30.Final/netty-codec-http-4.1.30.Final.jar:/home/user/.m2/repository/io/netty/netty-codec/4.1.30.Final/netty-codec-4.1.30.Final.jar:/home/user/.m2/repository/io/netty/netty-handler/4.1.30.Final/netty-handler-4.1.30.Final.jar:/home/user/.m2/repository/io/netty/netty-handler-proxy/4.1.30.Final/netty-handler-proxy-4.1.30.Final.jar:/home/user/.m2/repository/io/netty/netty-codec-socks/4.1.30.Final/netty-codec-socks-4.1.30.Final.jar:/home/user/.m2/repository/io/netty/netty-transport-native-epoll/4.1.30.Final/netty-transport-native-epoll-4.1.30.Final.jar:/home/user/.m2/repository/io/netty/netty-common/4.1.30.Final/netty-common-4.1.30.Final.jar:/home/user/.m2/repository/io/netty/netty-buffer/4.1.30.Final/netty-buffer-4.1.30.Final.jar:/home/user/.m2/repository/io/netty/netty-transport/4.1.30.Final/netty-transport-4.1.30.Final.jar:/home/user/.m2/repository/io/netty/netty-resolver/4.1.30.Final/netty-resolver-4.1.30.Final.jar:/home/user/.m2/repository/io/netty/netty-transport-native-unix-common/4.1.30.Final/netty-transport-native-unix-common-4.1.30.Final.jar:/home/user/.m2/repository/io/grpc/grpc-protobuf/1.17.1/grpc-protobuf-1.17.1.jar:/home/user/.m2/repository/com/google/api/grpc/proto-google-common-protos/1.0.0/proto-google-common-protos-1.0.0.jar:/home/user/.m2/repository/io/grpc/grpc-protobuf-lite/1.17.1/grpc-protobuf-lite-1.17.1.jar:/home/user/.m2/repository/io/grpc/grpc-stub/1.17.1/grpc-stub-1.17.1.jar:/home/user/.m2/repository/org/apache/hadoop/hadoop-ozone-recon/0.4.1-SNAPSHOT/hadoop-ozone-recon-0.4.1-SNAPSHOT.jar:/home/user/.m2/repository/org/apache/hadoop/hadoop-ozone-reconcodegen/0.4.1-SNAPSHOT/hadoop-ozone-reconcodegen-0.4.1-SNAPSHOT.jar:/home/user/.m2/repository/com/google/inject/extensions/guice-multibindings/4.0/guice-multibindings-4.0.jar:/home/user/.m2/repository/com/google/inject/guice/4.0/guice-4.0.jar:/home/user/.m2/repository/aopalliance/aopalliance/1.0/aopalliance-1.0.jar:/home/user/.m2/repository/com/google/inject/extensions/guice-servlet/4.0/guice-servlet-4.0.jar:/home/user/.m2/repository/org/glassfish/jersey/containers/jersey-container-servlet/2.27/jersey-container-servlet-2.27.jar:/home/user/.m2/repository/org/glassfish/hk2/guice-bridge/2.5.0/guice-bridge-2.5.0.jar:/home/user/.m2/repository/org/glassfish/jersey/core/jersey-server/2.27/jersey-server-2.27.jar:/home/user/.m2/repository/org/glassfish/jersey/core/jersey-client/2.27/jersey-client-2.27.jar:/home/user/.m2/repository/org/glassfish/jersey/media/jersey-media-jaxb/2.27/jersey-media-jaxb-2.27.jar:/home/user/.m2/repository/javax/validation/validation-api/1.1.0.Final/validation-api-1.1.0.Final.jar:/home/user/.m2/repository/org/glassfish/jersey/media/jersey-media-json-jackson/2.27/jersey-media-json-jackson-2.27.jar:/home/user/.m2/repository/org/glassfish/jersey/ext/jersey-entity-filtering/2.27/jersey-entity-filtering-2.27.jar:/home/user/.m2/repository/com/google/inject/extensions/guice-assistedinject/4.0/guice-assistedinject-4.0.jar:/home/user/.m2/repository/org/jooq/jooq/3.11.10/jooq-3.11.10.jar:/home/user/.m2/repository/org/jooq/jooq-meta/3.11.10/jooq-meta-3.11.10.jar:/home/user/.m2/repository/org/jooq/jooq-codegen/3.11.10/jooq-codegen-3.11.10.jar:/home/user/.m2/repository/com/jolbox/bonecp/0.8.0.RELEASE/bonecp-0.8.0.RELEASE.jar:/home/user/.m2/repository/org/xerial/sqlite-jdbc/3.25.2/sqlite-jdbc-3.25.2.jar:/home/user/.m2/repository/org/springframework/spring-jdbc/5.1.3.RELEASE/spring-jdbc-5.1.3.RELEASE.jar:/home/user/.m2/repository/org/springframework/spring-beans/5.1.3.RELEASE/spring-beans-5.1.3.RELEASE.jar:/home/user/.m2/repository/org/springframework/spring-core/5.1.3.RELEASE/spring-core-5.1.3.RELEASE.jar:/home/user/.m2/repository/org/springframework/spring-jcl/5.1.3.RELEASE/spring-jcl-5.1.3.RELEASE.jar:/home/user/.m2/repository/org/springframework/spring-tx/5.1.3.RELEASE/spring-tx-5.1.3.RELEASE.jar:/home/user/.m2/repository/org/apache/hadoop/hadoop-ozone-client/0.4.1-SNAPSHOT/hadoop-ozone-client-0.4.1-SNAPSHOT.jar:/home/user/.m2/repository/commons-lang/commons-lang/2.6/commons-lang-2.6.jar:/home/user/.m2/repository/org/apache/hadoop/hadoop-ozone-ozone-manager/0.4.1-SNAPSHOT/hadoop-ozone-ozone-manager-0.4.1-SNAPSHOT-tests.jar:/home/user/.m2/repository/junit/junit/4.11/junit-4.11.jar:/home/user/.m2/repository/org/hamcrest/hamcrest-core/1.3/hamcrest-core-1.3.jar:/home/user/.m2/repository/org/openjdk/jmh/jmh-core/1.19/jmh-core-1.19.jar:/home/user/.m2/repository/net/sf/jopt-simple/jopt-simple/4.6/jopt-simple-4.6.jar:/home/user/.m2/repository/org/apache/commons/commons-math3/3.1.1/commons-math3-3.1.1.jar:/home/user/.m2/repository/org/openjdk/jmh/jmh-generator-annprocess/1.19/jmh-generator-annprocess-1.19.jar:/home/user/.m2/repository/org/mockito/mockito-all/1.8.5/mockito-all-1.8.5.jar:/home/user/.m2/repository/org/apache/hadoop/hadoop-kms/3.2.0/hadoop-kms-3.2.0.jar:/home/user/.m2/repository/org/apache/hadoop/hadoop-auth/3.2.0/hadoop-auth-3.2.0.jar:/home/user/.m2/repository/com/nimbusds/nimbus-jose-jwt/4.41.1/nimbus-jose-jwt-4.41.1.jar:/home/user/.m2/repository/com/github/stephenc/jcip/jcip-annotations/1.0-1/jcip-annotations-1.0-1.jar:/home/user/.m2/repository/net/minidev/json-smart/2.3/json-smart-2.3.jar:/home/user/.m2/repository/net/minidev/accessors-smart/1.2/accessors-smart-1.2.jar:/home/user/.m2/repository/org/ow2/asm/asm/5.0.4/asm-5.0.4.jar:/home/user/.m2/repository/org/apache/curator/curator-framework/2.12.0/curator-framework-2.12.0.jar:/home/user/.m2/repository/com/sun/jersey/jersey-core/1.19/jersey-core-1.19.jar:/home/user/.m2/repository/javax/ws/rs/jsr311-api/1.1.1/jsr311-api-1.1.1.jar:/home/user/.m2/repository/com/sun/jersey/jersey-server/1.19/jersey-server-1.19.jar:/home/user/.m2/repository/javax/servlet/javax.servlet-api/3.1.0/javax.servlet-api-3.1.0.jar:/home/user/.m2/repository/org/eclipse/jetty/jetty-server/9.3.24.v20180605/jetty-server-9.3.24.v20180605.jar:/home/user/.m2/repository/org/eclipse/jetty/jetty-http/9.3.24.v20180605/jetty-http-9.3.24.v20180605.jar:/home/user/.m2/repository/org/eclipse/jetty/jetty-io/9.3.24.v20180605/jetty-io-9.3.24.v20180605.jar:/home/user/.m2/repository/org/eclipse/jetty/jetty-webapp/9.3.24.v20180605/jetty-webapp-9.3.24.v20180605.jar:/home/user/.m2/repository/org/eclipse/jetty/jetty-xml/9.3.24.v20180605/jetty-xml-9.3.24.v20180605.jar:/home/user/.m2/repository/log4j/log4j/1.2.17/log4j-1.2.17.jar:/home/user/.m2/repository/org/slf4j/slf4j-api/1.7.25/slf4j-api-1.7.25.jar:/home/user/.m2/repository/org/slf4j/jul-to-slf4j/1.7.25/jul-to-slf4j-1.7.25.jar:/home/user/.m2/repository/org/eclipse/jetty/jetty-util/9.3.24.v20180605/jetty-util-9.3.24.v20180605.jar:/home/user/.m2/repository/com/fasterxml/jackson/core/jackson-databind/2.9.5/jackson-databind-2.9.5.jar:/home/user/.m2/repository/org/apache/hadoop/hadoop-kms/3.2.0/hadoop-kms-3.2.0-tests.jar:/home/user/.m2/repository/org/apache/hadoop/hadoop-hdds-server-scm/0.4.1-SNAPSHOT/hadoop-hdds-server-scm-0.4.1-SNAPSHOT-tests.jar:/home/user/.m2/repository/org/apache/hadoop/hadoop-hdds-container-service/0.4.1-SNAPSHOT/hadoop-hdds-container-service-0.4.1-SNAPSHOT-tests.jar:/home/user/.m2/repository/org/yaml/snakeyaml/1.16/snakeyaml-1.16.jar:/home/user/.m2/repository/org/apache/hadoop/hadoop-common/3.2.0/hadoop-common-3.2.0-tests.jar:/home/user/.m2/repository/org/apache/hadoop/hadoop-annotations/3.2.0/hadoop-annotations-3.2.0.jar:/usr/lib/jvm/java-1.8-openjdk/jre/../lib/tools.jar:/home/user/.m2/repository/commons-cli/commons-cli/1.2/commons-cli-1.2.jar:/home/user/.m2/repository/org/apache/httpcomponents/httpclient/4.5.2/httpclient-4.5.2.jar:/home/user/.m2/repository/org/apache/httpcomponents/httpcore/4.4.4/httpcore-4.4.4.jar:/home/user/.m2/repository/commons-codec/commons-codec/1.11/commons-codec-1.11.jar:/home/user/.m2/repository/commons-net/commons-net/3.6/commons-net-3.6.jar:/home/user/.m2/repository/commons-collections/commons-collections/3.2.2/commons-collections-3.2.2.jar:/home/user/.m2/repository/org/eclipse/jetty/jetty-servlet/9.3.24.v20180605/jetty-servlet-9.3.24.v20180605.jar:/home/user/.m2/repository/org/eclipse/jetty/jetty-security/9.3.24.v20180605/jetty-security-9.3.24.v20180605.jar:/home/user/.m2/repository/javax/servlet/jsp/jsp-api/2.1/jsp-api-2.1.jar:/home/user/.m2/repository/com/sun/jersey/jersey-servlet/1.19/jersey-servlet-1.19.jar:/home/user/.m2/repository/com/sun/jersey/jersey-json/1.19/jersey-json-1.19.jar:/home/user/.m2/repository/org/codehaus/jettison/jettison/1.1/jettison-1.1.jar:/home/user/.m2/repository/org/codehaus/jackson/jackson-core-asl/1.9.13/jackson-core-asl-1.9.13.jar:/home/user/.m2/repository/org/codehaus/jackson/jackson-mapper-asl/1.9.13/jackson-mapper-asl-1.9.13.jar:/home/user/.m2/repository/org/codehaus/jackson/jackson-jaxrs/1.9.13/jackson-jaxrs-1.9.13.jar:/home/user/.m2/repository/org/codehaus/jackson/jackson-xc/1.9.13/jackson-xc-1.9.13.jar:/home/user/.m2/repository/commons-logging/commons-logging/1.1.3/commons-logging-1.1.3.jar:/home/user/.m2/repository/commons-beanutils/commons-beanutils/1.9.3/commons-beanutils-1.9.3.jar:/home/user/.m2/repository/org/apache/commons/commons-configuration2/2.1.1/commons-configuration2-2.1.1.jar:/home/user/.m2/repository/org/apache/commons/commons-lang3/3.7/commons-lang3-3.7.jar:/home/user/.m2/repository/org/apache/commons/commons-text/1.4/commons-text-1.4.jar:/home/user/.m2/repository/org/apache/avro/avro/1.7.7/avro-1.7.7.jar:/home/user/.m2/repository/com/thoughtworks/paranamer/paranamer/2.3/paranamer-2.3.jar:/home/user/.m2/repository/org/xerial/snappy/snappy-java/1.0.5/snappy-java-1.0.5.jar:/home/user/.m2/repository/com/google/re2j/re2j/1.1/re2j-1.1.jar:/home/user/.m2/repository/com/google/code/gson/gson/2.2.4/gson-2.2.4.jar:/home/user/.m2/repository/com/jcraft/jsch/0.1.54/jsch-0.1.54.jar:/home/user/.m2/repository/org/apache/curator/curator-client/2.12.0/curator-client-2.12.0.jar:/home/user/.m2/repository/org/apache/curator/curator-recipes/2.12.0/curator-recipes-2.12.0.jar:/home/user/.m2/repository/com/google/code/findbugs/jsr305/3.0.0/jsr305-3.0.0.jar:/home/user/.m2/repository/org/apache/htrace/htrace-core4/4.1.0-incubating/htrace-core4-4.1.0-incubating.jar:/home/user/.m2/repository/org/apache/zookeeper/zookeeper/3.4.13/zookeeper-3.4.13.jar:/home/user/.m2/repository/org/apache/yetus/audience-annotations/0.5.0/audience-annotations-0.5.0.jar:/home/user/.m2/repository/org/codehaus/woodstox/stax2-api/3.1.4/stax2-api-3.1.4.jar:/home/user/.m2/repository/com/fasterxml/woodstox/woodstox-core/5.0.3/woodstox-core-5.0.3.jar:/home/user/.m2/repository/dnsjava/dnsjava/2.1.7/dnsjava-2.1.7.jar:/home/user/.m2/repository/org/apache/hadoop/hadoop-hdfs/3.2.0/hadoop-hdfs-3.2.0-tests.jar:/home/user/.m2/repository/org/eclipse/jetty/jetty-util-ajax/9.3.24.v20180605/jetty-util-ajax-9.3.24.v20180605.jar:/home/user/.m2/repository/commons-daemon/commons-daemon/1.0.13/commons-daemon-1.0.13.jar:/home/user/.m2/repository/io/netty/netty/3.10.5.Final/netty-3.10.5.Final.jar:/home/user/.m2/repository/io/netty/netty-all/4.0.52.Final/netty-all-4.0.52.Final.jar:/home/user/.m2/repository/org/fusesource/leveldbjni/leveldbjni-all/1.8/leveldbjni-all-1.8.jar:"/>
    <property name="sun.cpu.endian" value="little"/>
    <property name="user.home" value="/home/user"/>
    <property name="user.language" value="en"/>
    <property name="java.specification.vendor" value="Oracle Corporation"/>
    <property name="java.home" value="/usr/lib/jvm/java-1.8-openjdk/jre"/>
    <property name="java.security.krb5.conf" value="/workdir/hadoop-ozone/integration-test/target/test-classes/krb5.conf"/>
    <property name="basedir" value="/workdir/hadoop-ozone/integration-test"/>
    <property name="file.separator" value="/"/>
    <property name="line.separator" value="&#10;"/>
    <property name="java.vm.specification.vendor" value="Oracle Corporation"/>
    <property name="java.specification.name" value="Java Platform API Specification"/>
    <property name="java.awt.graphicsenv" value="sun.awt.X11GraphicsEnvironment"/>
    <property name="surefire.real.class.path" value="/workdir/hadoop-ozone/integration-test/target/surefire/surefirebooter2859766410377804841.jar"/>
    <property name="hadoop.log.dir" value="/workdir/hadoop-ozone/integration-test/target/log"/>
    <property name="sun.boot.class.path" value="/usr/lib/jvm/java-1.8-openjdk/jre/lib/resources.jar:/usr/lib/jvm/java-1.8-openjdk/jre/lib/rt.jar:/usr/lib/jvm/java-1.8-openjdk/jre/lib/sunrsasign.jar:/usr/lib/jvm/java-1.8-openjdk/jre/lib/jsse.jar:/usr/lib/jvm/java-1.8-openjdk/jre/lib/jce.jar:/usr/lib/jvm/java-1.8-openjdk/jre/lib/charsets.jar:/usr/lib/jvm/java-1.8-openjdk/jre/lib/jfr.jar:/usr/lib/jvm/java-1.8-openjdk/jre/classes"/>
    <property name="sun.management.compiler" value="HotSpot 64-Bit Tiered Compilers"/>
    <property name="java.runtime.version" value="1.8.0_212-b04"/>
    <property name="java.net.preferIPv4Stack" value="true"/>
    <property name="user.name" value="jenkins1000"/>
    <property name="path.separator" value=":"/>
    <property name="java.security.egd" value="file:///dev/urandom"/>
    <property name="os.version" value="3.10.0-957.12.2.el7.x86_64"/>
    <property name="java.endorsed.dirs" value="/usr/lib/jvm/java-1.8-openjdk/jre/lib/endorsed"/>
    <property name="java.runtime.name" value="OpenJDK Runtime Environment"/>
    <property name="file.encoding" value="UTF-8"/>
    <property name="java.vm.name" value="OpenJDK 64-Bit Server VM"/>
    <property name="test.build.webapps" value=""/>
    <property name="localRepository" value="/home/user/.m2/repository"/>
    <property name="java.vendor.url.bug" value="https://icedtea.classpath.org/bugzilla"/>
    <property name="java.io.tmpdir" value="/tmp"/>
    <property name="require.test.libhadoop" value=""/>
    <property name="java.version" value="1.8.0_212"/>
    <property name="user.dir" value="/workdir/hadoop-ozone/integration-test"/>
    <property name="os.arch" value="amd64"/>
    <property name="java.vm.specification.name" value="Java Virtual Machine Specification"/>
    <property name="test.build.classes" value="/workdir/hadoop-ozone/integration-test/target/test-classes"/>
    <property name="java.awt.printerjob" value="sun.print.PSPrinterJob"/>
    <property name="sun.os.patch.level" value="unknown"/>
    <property name="hadoop.tmp.dir" value="/workdir/hadoop-ozone/integration-test/target/tmp"/>
    <property name="java.library.path" value="/usr/lib/jvm/java-1.8-openjdk/jre/lib/amd64/server:/usr/lib/jvm/java-1.8-openjdk/jre/lib/amd64:/usr/lib/jvm/java-1.8-openjdk/jre/../lib/amd64:/workdir/hadoop-ozone/integration-test/target/native/target/usr/local/lib:/workdir/hadoop-ozone/integration-test/../../hadoop-common-project/hadoop-common/target/native/target/usr/local/lib:/usr/java/packages/lib/amd64:/usr/lib64:/lib64:/lib:/usr/lib"/>
    <property name="java.vm.info" value="mixed mode"/>
    <property name="java.vendor" value="IcedTea"/>
    <property name="java.vm.version" value="25.212-b04"/>
    <property name="java.ext.dirs" value="/usr/lib/jvm/java-1.8-openjdk/jre/lib/ext:/usr/java/packages/lib/ext"/>
    <property name="sun.io.unicode.encoding" value="UnicodeLittle"/>
    <property name="java.class.version" value="52.0"/>
  </properties>
  <testcase name="testPutAndListKey" classname="org.apache.hadoop.ozone.web.client.TestKeysRatis" time="0.995">
    <error message="Unexpected Storage Container Exception: org.apache.hadoop.hdds.scm.container.common.helpers.StorageContainerException: ContainerID 3 creation failed" type="java.io.IOException">java.io.IOException: Unexpected Storage Container Exception: org.apache.hadoop.hdds.scm.container.common.helpers.StorageContainerException: ContainerID 3 creation failed
	at org.apache.hadoop.hdds.scm.storage.BlockOutputStream.setIoException(BlockOutputStream.java:541)
	at org.apache.hadoop.hdds.scm.storage.BlockOutputStream.validateResponse(BlockOutputStream.java:532)
	at org.apache.hadoop.hdds.scm.storage.BlockOutputStream.lambda$writeChunkToContainer$2(BlockOutputStream.java:606)
	at java.util.concurrent.CompletableFuture.uniApply(CompletableFuture.java:602)
	at java.util.concurrent.CompletableFuture$UniApply.tryFire(CompletableFuture.java:577)
	at java.util.concurrent.CompletableFuture$Completion.run(CompletableFuture.java:442)
	at java.util.concurrent.ThreadPoolExecutor.runWorker(ThreadPoolExecutor.java:1149)
	at java.util.concurrent.ThreadPoolExecutor$Worker.run(ThreadPoolExecutor.java:624)
	at java.lang.Thread.run(Thread.java:748)
Caused by: org.apache.hadoop.hdds.scm.container.common.helpers.StorageContainerException: ContainerID 3 creation failed
	at org.apache.hadoop.hdds.scm.storage.ContainerProtocolCalls.validateContainerResponse(ContainerProtocolCalls.java:536)
	at org.apache.hadoop.hdds.scm.storage.BlockOutputStream.validateResponse(BlockOutputStream.java:529)
	... 7 more
</error>
    <system-out><![CDATA[2019-07-30 08:34:35,408 INFO  ozone.RatisTestHelper (RatisTestHelper.java:initRatisConf(109)) - dfs.container.ratis.rpc.type = GRPC
2019-07-30 08:34:35,460 WARN  server.ServerUtils (ServerUtils.java:getScmDbDir(145)) - ozone.scm.db.dirs is not configured. We recommend adding this setting. Falling back to ozone.metadata.dirs instead.
2019-07-30 08:34:35,577 WARN  server.ServerUtils (ServerUtils.java:getScmDbDir(145)) - ozone.scm.db.dirs is not configured. We recommend adding this setting. Falling back to ozone.metadata.dirs instead.
2019-07-30 08:34:35,580 WARN  server.ServerUtils (ServerUtils.java:getScmDbDir(145)) - ozone.scm.db.dirs is not configured. We recommend adding this setting. Falling back to ozone.metadata.dirs instead.
2019-07-30 08:34:35,598 INFO  util.log (Log.java:initialized(192)) - Logging initialized @874ms
2019-07-30 08:34:35,699 INFO  db.DBStoreBuilder (DBStoreBuilder.java:addTable(110)) - using custom profile for table: deletedBlocks
2019-07-30 08:34:35,700 INFO  db.DBStoreBuilder (DBStoreBuilder.java:processTables(161)) - Using default column profile:DBProfile.DISK for Table:deletedBlocks
2019-07-30 08:34:35,700 INFO  db.DBStoreBuilder (DBStoreBuilder.java:addTable(110)) - using custom profile for table: validCerts
2019-07-30 08:34:35,700 INFO  db.DBStoreBuilder (DBStoreBuilder.java:processTables(161)) - Using default column profile:DBProfile.DISK for Table:validCerts
2019-07-30 08:34:35,701 INFO  db.DBStoreBuilder (DBStoreBuilder.java:addTable(110)) - using custom profile for table: revokedCerts
2019-07-30 08:34:35,701 INFO  db.DBStoreBuilder (DBStoreBuilder.java:processTables(161)) - Using default column profile:DBProfile.DISK for Table:revokedCerts
2019-07-30 08:34:35,713 INFO  db.DBStoreBuilder (DBStoreBuilder.java:addTable(110)) - using custom profile for table: default
2019-07-30 08:34:35,713 INFO  db.DBStoreBuilder (DBStoreBuilder.java:processTables(167)) - Using default column profile:DBProfile.DISK for Table:default
2019-07-30 08:34:35,714 INFO  db.DBStoreBuilder (DBStoreBuilder.java:getDbProfile(198)) - Using default options. DBProfile.DISK
2019-07-30 08:34:35,924 INFO  net.NodeSchemaLoader (NodeSchemaLoader.java:loadSchemaFromFile(125)) - Loading file from sun.misc.CompoundEnumeration@5119fb47
2019-07-30 08:34:35,928 INFO  net.NodeSchemaLoader (NodeSchemaLoader.java:loadSchema(171)) - Loading network topology layer schema file
2019-07-30 08:34:36,010 INFO  node.SCMNodeManager (SCMNodeManager.java:<init>(121)) - Entering startup safe mode.
2019-07-30 08:34:36,091 WARN  server.ServerUtils (ServerUtils.java:getScmDbDir(145)) - ozone.scm.db.dirs is not configured. We recommend adding this setting. Falling back to ozone.metadata.dirs instead.
2019-07-30 08:34:36,168 INFO  pipeline.SCMPipelineManager (SCMPipelineManager.java:initializePipelineState(126)) - No pipeline exists in current db
2019-07-30 08:34:36,171 WARN  server.ServerUtils (ServerUtils.java:getScmDbDir(145)) - ozone.scm.db.dirs is not configured. We recommend adding this setting. Falling back to ozone.metadata.dirs instead.
2019-07-30 08:34:36,295 WARN  events.EventQueue (EventQueue.java:fireEvent(175)) - No event handler registered for event TypedEvent{payloadType=SafeModeStatus, name='SafeModeStatus'}
2019-07-30 08:34:36,625 INFO  ipc.CallQueueManager (CallQueueManager.java:<init>(84)) - Using callQueue: class java.util.concurrent.LinkedBlockingQueue, queueCapacity: 2000, scheduler: class org.apache.hadoop.ipc.DefaultRpcScheduler, ipcBackoff: false.
2019-07-30 08:34:36,653 INFO  ipc.Server (Server.java:run(1074)) - Starting Socket Reader #1 for port 37697
2019-07-30 08:34:36,676 INFO  ipc.CallQueueManager (CallQueueManager.java:<init>(84)) - Using callQueue: class java.util.concurrent.LinkedBlockingQueue, queueCapacity: 2000, scheduler: class org.apache.hadoop.ipc.DefaultRpcScheduler, ipcBackoff: false.
2019-07-30 08:34:36,678 INFO  ipc.Server (Server.java:run(1074)) - Starting Socket Reader #1 for port 41607
2019-07-30 08:34:36,684 INFO  ipc.CallQueueManager (CallQueueManager.java:<init>(84)) - Using callQueue: class java.util.concurrent.LinkedBlockingQueue, queueCapacity: 2000, scheduler: class org.apache.hadoop.ipc.DefaultRpcScheduler, ipcBackoff: false.
2019-07-30 08:34:36,686 INFO  ipc.Server (Server.java:run(1074)) - Starting Socket Reader #1 for port 44631
2019-07-30 08:34:36,831 INFO  hdfs.DFSUtil (DFSUtil.java:httpServerTemplateForNNAndJN(1641)) - Starting Web-server for scm at: http://0.0.0.0:0
2019-07-30 08:34:37,013 INFO  server.AuthenticationFilter (AuthenticationFilter.java:constructSecretProvider(240)) - Unable to initialize FileSignerSecretProvider, falling back to use random secrets.
2019-07-30 08:34:37,020 WARN  http.HttpRequestLog (HttpRequestLog.java:getRequestLog(97)) - Jetty request log can only be enabled using Log4j
2019-07-30 08:34:37,028 INFO  http.HttpServer2 (HttpServer2.java:addGlobalFilter(975)) - Added global filter 'safety' (class=org.apache.hadoop.http.HttpServer2$QuotingInputFilter)
2019-07-30 08:34:37,031 INFO  http.HttpServer2 (HttpServer2.java:addFilter(948)) - Added filter static_user_filter (class=org.apache.hadoop.http.lib.StaticUserWebFilter$StaticUserFilter) to context scm
2019-07-30 08:34:37,031 INFO  http.HttpServer2 (HttpServer2.java:addFilter(958)) - Added filter static_user_filter (class=org.apache.hadoop.http.lib.StaticUserWebFilter$StaticUserFilter) to context logs
2019-07-30 08:34:37,031 INFO  http.HttpServer2 (HttpServer2.java:addFilter(958)) - Added filter static_user_filter (class=org.apache.hadoop.http.lib.StaticUserWebFilter$StaticUserFilter) to context static
2019-07-30 08:34:37,057 INFO  server.StorageContainerManager (StorageContainerManager.java:start(758)) - StorageContainerLocationProtocol RPC server is listening at /0.0.0.0:44631
2019-07-30 08:34:37,113 WARN  impl.MetricsConfig (MetricsConfig.java:loadFirst(134)) - Cannot locate configuration: tried hadoop-metrics2-storagecontainermanager.properties,hadoop-metrics2.properties
2019-07-30 08:34:37,125 INFO  impl.MetricsSystemImpl (MetricsSystemImpl.java:startTimer(374)) - Scheduled Metric snapshot period at 10 second(s).
2019-07-30 08:34:37,125 INFO  impl.MetricsSystemImpl (MetricsSystemImpl.java:start(191)) - StorageContainerManager metrics system started
2019-07-30 08:34:37,342 INFO  server.SCMClientProtocolServer (SCMClientProtocolServer.java:start(151)) - RPC server for Client  is listening at /0.0.0.0:44631
2019-07-30 08:34:37,343 INFO  ipc.Server (Server.java:run(1314)) - IPC Server Responder: starting
2019-07-30 08:34:37,344 INFO  ipc.Server (Server.java:run(1153)) - IPC Server listener on 44631: starting
2019-07-30 08:34:37,348 INFO  server.StorageContainerManager (StorageContainerManager.java:start(768)) - ScmBlockLocationProtocol RPC server is listening at /0.0.0.0:41607
2019-07-30 08:34:37,349 INFO  server.SCMBlockProtocolServer (SCMBlockProtocolServer.java:start(140)) - RPC server for Block Protocol is listening at /0.0.0.0:41607
2019-07-30 08:34:37,350 INFO  ipc.Server (Server.java:run(1314)) - IPC Server Responder: starting
2019-07-30 08:34:37,351 INFO  ipc.Server (Server.java:run(1153)) - IPC Server listener on 41607: starting
2019-07-30 08:34:37,362 INFO  server.StorageContainerManager (StorageContainerManager.java:start(772)) - ScmDatanodeProtocl RPC server is listening at /0.0.0.0:37697
2019-07-30 08:34:37,362 INFO  server.SCMDatanodeProtocolServer (SCMDatanodeProtocolServer.java:start(191)) - RPC server for DataNodes is listening at /0.0.0.0:37697
2019-07-30 08:34:37,365 INFO  ipc.Server (Server.java:run(1314)) - IPC Server Responder: starting
2019-07-30 08:34:37,365 INFO  ipc.Server (Server.java:run(1153)) - IPC Server listener on 37697: starting
2019-07-30 08:34:37,379 INFO  http.HttpServer2 (HttpServer2.java:bindListener(1191)) - Jetty bound to port 40254
2019-07-30 08:34:37,382 INFO  server.Server (Server.java:doStart(351)) - jetty-9.3.24.v20180605, build timestamp: 2018-06-05T17:11:56Z, git hash: 84205aa28f11a4f31f2a3b86d1bba2cc8ab69827
2019-07-30 08:34:37,420 INFO  handler.ContextHandler (ContextHandler.java:doStart(781)) - Started o.e.j.s.ServletContextHandler@736caf7a{/logs,file:///workdir/hadoop-ozone/integration-test/target/log,AVAILABLE}
2019-07-30 08:34:37,420 INFO  handler.ContextHandler (ContextHandler.java:doStart(781)) - Started o.e.j.s.ServletContextHandler@497486b3{/static,file:///workdir/hadoop-ozone/integration-test/target/test-classes/webapps/static,AVAILABLE}
2019-07-30 08:34:37,472 INFO  handler.ContextHandler (ContextHandler.java:doStart(781)) - Started o.e.j.w.WebAppContext@669513d8{/,file:///workdir/hadoop-ozone/integration-test/target/test-classes/webapps/scm/,AVAILABLE}{/scm}
2019-07-30 08:34:37,478 INFO  server.AbstractConnector (AbstractConnector.java:doStart(278)) - Started ServerConnector@72f46e16{HTTP/1.1,[http/1.1]}{0.0.0.0:40254}
2019-07-30 08:34:37,479 INFO  server.Server (Server.java:doStart(419)) - Started @2755ms
2019-07-30 08:34:37,481 INFO  server.BaseHttpServer (BaseHttpServer.java:updateConnectorAddress(207)) - HTTP server of SCM is listening at http://0.0.0.0:40254
2019-07-30 08:34:37,491 INFO  util.JvmPauseMonitor (JvmPauseMonitor.java:run(188)) - Starting JVM pause monitor
2019-07-30 08:34:37,495 WARN  server.ServerUtils (ServerUtils.java:getDBPath(222)) - ozone.om.db.dirs is not configured. We recommend adding this setting. Falling back to ozone.metadata.dirs instead.
2019-07-30 08:34:37,626 WARN  server.ServerUtils (ServerUtils.java:getDBPath(222)) - ozone.om.db.dirs is not configured. We recommend adding this setting. Falling back to ozone.metadata.dirs instead.
2019-07-30 08:34:37,626 WARN  server.ServerUtils (ServerUtils.java:getDBPath(222)) - ozone.om.db.dirs is not configured. We recommend adding this setting. Falling back to ozone.metadata.dirs instead.
2019-07-30 08:34:37,627 INFO  om.OzoneManager (OzoneManager.java:setOMNodeDetails(644)) - OM Service ID is not set. Setting it to the default ID: omServiceIdDefault
2019-07-30 08:34:37,628 INFO  om.OzoneManager (OzoneManager.java:setOMNodeDetails(650)) - OM Node ID is not set. Setting it to the OmStorage's OmID: 6514def0-e7ed-431c-961b-e1c5fe278636
2019-07-30 08:34:37,629 INFO  om.OzoneManager (OzoneManager.java:loadOMHAConfigs(601)) - Found matching OM address with OMServiceId: null, OMNodeId: null, RPC Address: localhost:0 and Ratis port: 9872
2019-07-30 08:34:38,313 WARN  server.ServerUtils (ServerUtils.java:getDBPath(222)) - ozone.om.db.dirs is not configured. We recommend adding this setting. Falling back to ozone.metadata.dirs instead.
2019-07-30 08:34:38,321 INFO  db.DBStoreBuilder (DBStoreBuilder.java:addTable(110)) - using custom profile for table: userTable
2019-07-30 08:34:38,321 INFO  db.DBStoreBuilder (DBStoreBuilder.java:processTables(161)) - Using default column profile:DBProfile.DISK for Table:userTable
2019-07-30 08:34:38,321 INFO  db.DBStoreBuilder (DBStoreBuilder.java:addTable(110)) - using custom profile for table: volumeTable
2019-07-30 08:34:38,322 INFO  db.DBStoreBuilder (DBStoreBuilder.java:processTables(161)) - Using default column profile:DBProfile.DISK for Table:volumeTable
2019-07-30 08:34:38,322 INFO  db.DBStoreBuilder (DBStoreBuilder.java:addTable(110)) - using custom profile for table: bucketTable
2019-07-30 08:34:38,322 INFO  db.DBStoreBuilder (DBStoreBuilder.java:processTables(161)) - Using default column profile:DBProfile.DISK for Table:bucketTable
2019-07-30 08:34:38,322 INFO  db.DBStoreBuilder (DBStoreBuilder.java:addTable(110)) - using custom profile for table: keyTable
2019-07-30 08:34:38,323 INFO  db.DBStoreBuilder (DBStoreBuilder.java:processTables(161)) - Using default column profile:DBProfile.DISK for Table:keyTable
2019-07-30 08:34:38,323 INFO  db.DBStoreBuilder (DBStoreBuilder.java:addTable(110)) - using custom profile for table: deletedTable
2019-07-30 08:34:38,323 INFO  db.DBStoreBuilder (DBStoreBuilder.java:processTables(161)) - Using default column profile:DBProfile.DISK for Table:deletedTable
2019-07-30 08:34:38,323 INFO  db.DBStoreBuilder (DBStoreBuilder.java:addTable(110)) - using custom profile for table: openKeyTable
2019-07-30 08:34:38,324 INFO  db.DBStoreBuilder (DBStoreBuilder.java:processTables(161)) - Using default column profile:DBProfile.DISK for Table:openKeyTable
2019-07-30 08:34:38,324 INFO  db.DBStoreBuilder (DBStoreBuilder.java:addTable(110)) - using custom profile for table: s3Table
2019-07-30 08:34:38,324 INFO  db.DBStoreBuilder (DBStoreBuilder.java:processTables(161)) - Using default column profile:DBProfile.DISK for Table:s3Table
2019-07-30 08:34:38,324 INFO  db.DBStoreBuilder (DBStoreBuilder.java:addTable(110)) - using custom profile for table: multipartInfoTable
2019-07-30 08:34:38,324 INFO  db.DBStoreBuilder (DBStoreBuilder.java:processTables(161)) - Using default column profile:DBProfile.DISK for Table:multipartInfoTable
2019-07-30 08:34:38,325 INFO  db.DBStoreBuilder (DBStoreBuilder.java:addTable(110)) - using custom profile for table: dTokenTable
2019-07-30 08:34:38,325 INFO  db.DBStoreBuilder (DBStoreBuilder.java:processTables(161)) - Using default column profile:DBProfile.DISK for Table:dTokenTable
2019-07-30 08:34:38,325 INFO  db.DBStoreBuilder (DBStoreBuilder.java:addTable(110)) - using custom profile for table: s3SecretTable
2019-07-30 08:34:38,325 INFO  db.DBStoreBuilder (DBStoreBuilder.java:processTables(161)) - Using default column profile:DBProfile.DISK for Table:s3SecretTable
2019-07-30 08:34:38,326 INFO  db.DBStoreBuilder (DBStoreBuilder.java:addTable(110)) - using custom profile for table: prefixTable
2019-07-30 08:34:38,326 INFO  db.DBStoreBuilder (DBStoreBuilder.java:processTables(161)) - Using default column profile:DBProfile.DISK for Table:prefixTable
2019-07-30 08:34:38,326 INFO  db.DBStoreBuilder (DBStoreBuilder.java:addTable(110)) - using custom profile for table: default
2019-07-30 08:34:38,326 INFO  db.DBStoreBuilder (DBStoreBuilder.java:processTables(167)) - Using default column profile:DBProfile.DISK for Table:default
2019-07-30 08:34:38,327 INFO  db.DBStoreBuilder (DBStoreBuilder.java:getDbProfile(198)) - Using default options. DBProfile.DISK
2019-07-30 08:34:38,811 INFO  ipc.CallQueueManager (CallQueueManager.java:<init>(84)) - Using callQueue: class java.util.concurrent.LinkedBlockingQueue, queueCapacity: 2000, scheduler: class org.apache.hadoop.ipc.DefaultRpcScheduler, ipcBackoff: false.
2019-07-30 08:34:38,812 INFO  ipc.Server (Server.java:run(1074)) - Starting Socket Reader #1 for port 44243
2019-07-30 08:34:38,826 INFO  om.OzoneManager (OzoneManager.java:start(1255)) - OzoneManager RPC server is listening at localhost/127.0.0.1:44243
2019-07-30 08:34:38,826 INFO  impl.MetricsSystemImpl (MetricsSystemImpl.java:init(158)) - OzoneManager metrics system started (again)
2019-07-30 08:34:38,828 INFO  ipc.Server (Server.java:run(1314)) - IPC Server Responder: starting
2019-07-30 08:34:38,829 INFO  ipc.Server (Server.java:run(1153)) - IPC Server listener on 44243: starting
2019-07-30 08:34:38,843 INFO  hdfs.DFSUtil (DFSUtil.java:httpServerTemplateForNNAndJN(1641)) - Starting Web-server for ozoneManager at: http://0.0.0.0:0
2019-07-30 08:34:38,845 INFO  server.AuthenticationFilter (AuthenticationFilter.java:constructSecretProvider(240)) - Unable to initialize FileSignerSecretProvider, falling back to use random secrets.
2019-07-30 08:34:38,846 WARN  http.HttpRequestLog (HttpRequestLog.java:getRequestLog(97)) - Jetty request log can only be enabled using Log4j
2019-07-30 08:34:38,849 INFO  http.HttpServer2 (HttpServer2.java:addGlobalFilter(975)) - Added global filter 'safety' (class=org.apache.hadoop.http.HttpServer2$QuotingInputFilter)
2019-07-30 08:34:38,850 INFO  http.HttpServer2 (HttpServer2.java:addFilter(948)) - Added filter static_user_filter (class=org.apache.hadoop.http.lib.StaticUserWebFilter$StaticUserFilter) to context ozoneManager
2019-07-30 08:34:38,851 INFO  http.HttpServer2 (HttpServer2.java:addFilter(958)) - Added filter static_user_filter (class=org.apache.hadoop.http.lib.StaticUserWebFilter$StaticUserFilter) to context static
2019-07-30 08:34:38,851 INFO  http.HttpServer2 (HttpServer2.java:addFilter(958)) - Added filter static_user_filter (class=org.apache.hadoop.http.lib.StaticUserWebFilter$StaticUserFilter) to context logs
2019-07-30 08:34:38,854 INFO  http.HttpServer2 (HttpServer2.java:bindListener(1191)) - Jetty bound to port 34439
2019-07-30 08:34:38,854 INFO  server.Server (Server.java:doStart(351)) - jetty-9.3.24.v20180605, build timestamp: 2018-06-05T17:11:56Z, git hash: 84205aa28f11a4f31f2a3b86d1bba2cc8ab69827
2019-07-30 08:34:38,857 INFO  handler.ContextHandler (ContextHandler.java:doStart(781)) - Started o.e.j.s.ServletContextHandler@7c974942{/logs,file:///workdir/hadoop-ozone/integration-test/target/log,AVAILABLE}
2019-07-30 08:34:38,858 INFO  handler.ContextHandler (ContextHandler.java:doStart(781)) - Started o.e.j.s.ServletContextHandler@60921b21{/static,file:///workdir/hadoop-ozone/integration-test/target/test-classes/webapps/static,AVAILABLE}
2019-07-30 08:34:38,864 INFO  handler.ContextHandler (ContextHandler.java:doStart(781)) - Started o.e.j.w.WebAppContext@4b1abd11{/,file:///workdir/hadoop-ozone/integration-test/target/test-classes/webapps/ozoneManager/,AVAILABLE}{/ozoneManager}
2019-07-30 08:34:38,866 INFO  server.AbstractConnector (AbstractConnector.java:doStart(278)) - Started ServerConnector@3f36b447{HTTP/1.1,[http/1.1]}{0.0.0.0:34439}
2019-07-30 08:34:38,866 INFO  server.Server (Server.java:doStart(419)) - Started @4143ms
2019-07-30 08:34:38,868 INFO  server.BaseHttpServer (BaseHttpServer.java:updateConnectorAddress(207)) - HTTP server of OZONEMANAGER is listening at http://0.0.0.0:34439
2019-07-30 08:34:39,212 INFO  impl.MetricsSystemImpl (MetricsSystemImpl.java:init(158)) - HddsDatanode metrics system started (again)
2019-07-30 08:34:39,298 INFO  ozone.HddsDatanodeService (HddsDatanodeService.java:start(184)) - HddsDatanodeService host:byscane-nightly-jdzkf-783033596 ip:192.168.69.91
2019-07-30 08:34:39,329 INFO  volume.HddsVolume (HddsVolume.java:<init>(176)) - Creating Volume: /workdir/hadoop-ozone/integration-test/target/test-dir/MiniOzoneClusterImpl-e31a0752-9b62-4336-8e3a-900744692c45/datanode-0/data/containers/hdds of  storage type : DISK and capacity : 52710309888
2019-07-30 08:34:39,330 INFO  volume.VolumeSet (VolumeSet.java:initializeVolumeSet(170)) - Added Volume : /workdir/hadoop-ozone/integration-test/target/test-dir/MiniOzoneClusterImpl-e31a0752-9b62-4336-8e3a-900744692c45/datanode-0/data/containers/hdds to VolumeSet
2019-07-30 08:34:39,333 INFO  volume.ThrottledAsyncChecker (ThrottledAsyncChecker.java:schedule(140)) - Scheduling a check for org.apache.hadoop.ozone.container.common.volume.HddsVolume@1a3e5f23
2019-07-30 08:34:39,350 INFO  volume.HddsVolumeChecker (HddsVolumeChecker.java:checkAllVolumes(203)) - Scheduled health check for volume org.apache.hadoop.ozone.container.common.volume.HddsVolume@1a3e5f23
2019-07-30 08:34:39,486 INFO  impl.RaftServerProxy (ConfUtils.java:logGet(43)) - raft.rpc.type = GRPC (default)
2019-07-30 08:34:39,556 INFO  grpc.GrpcFactory (GrpcFactory.java:checkPooledByteBufAllocatorUseCacheForAllThreads(45)) - PERFORMANCE WARNING: useCacheForAllThreads is true that may cause Netty to create a lot garbage objects and, as a result, trigger GC.
	It is recommended to disable useCacheForAllThreads by setting -Dorg.apache.ratis.thirdparty.io.netty.allocator.useCacheForAllThreads=false in command line.
2019-07-30 08:34:39,560 INFO  grpc.GrpcConfigKeys$Server (ConfUtils.java:logGet(43)) - raft.grpc.server.port = 0 (default)
2019-07-30 08:34:39,561 INFO  server.GrpcService (ConfUtils.java:logGet(43)) - raft.grpc.message.size.max = 33570816 (custom)
2019-07-30 08:34:39,562 INFO  server.RaftServerConfigKeys (ConfUtils.java:logGet(43)) - raft.server.log.appender.buffer.byte-limit = 33554432 (custom)
2019-07-30 08:34:39,563 INFO  server.GrpcService (ConfUtils.java:logGet(43)) - raft.grpc.flow.control.window = 1MB (=1048576) (default)
2019-07-30 08:34:39,564 INFO  server.RaftServerConfigKeys (ConfUtils.java:logGet(43)) - raft.server.rpc.request.timeout = 3000ms (default)
2019-07-30 08:34:39,723 INFO  server.RaftServerConfigKeys (ConfUtils.java:logGet(43)) - raft.server.storage.dir = [/workdir/hadoop-ozone/integration-test/target/test-dir/MiniOzoneClusterImpl-e31a0752-9b62-4336-8e3a-900744692c45/datanode-0/data/ratis] (custom)
2019-07-30 08:34:39,761 INFO  replication.SimpleContainerDownloader (SimpleContainerDownloader.java:<init>(72)) - Starting container downloader service to copy containers to replicate.
2019-07-30 08:34:39,774 INFO  hdfs.DFSUtil (DFSUtil.java:httpServerTemplateForNNAndJN(1641)) - Starting Web-server for hddsDatanode at: http://0.0.0.0:0
2019-07-30 08:34:39,778 INFO  server.AuthenticationFilter (AuthenticationFilter.java:constructSecretProvider(240)) - Unable to initialize FileSignerSecretProvider, falling back to use random secrets.
2019-07-30 08:34:39,780 WARN  http.HttpRequestLog (HttpRequestLog.java:getRequestLog(97)) - Jetty request log can only be enabled using Log4j
2019-07-30 08:34:39,783 INFO  http.HttpServer2 (HttpServer2.java:addGlobalFilter(975)) - Added global filter 'safety' (class=org.apache.hadoop.http.HttpServer2$QuotingInputFilter)
2019-07-30 08:34:39,784 INFO  http.HttpServer2 (HttpServer2.java:addFilter(948)) - Added filter static_user_filter (class=org.apache.hadoop.http.lib.StaticUserWebFilter$StaticUserFilter) to context hddsDatanode
2019-07-30 08:34:39,784 INFO  http.HttpServer2 (HttpServer2.java:addFilter(958)) - Added filter static_user_filter (class=org.apache.hadoop.http.lib.StaticUserWebFilter$StaticUserFilter) to context logs
2019-07-30 08:34:39,785 INFO  http.HttpServer2 (HttpServer2.java:addFilter(958)) - Added filter static_user_filter (class=org.apache.hadoop.http.lib.StaticUserWebFilter$StaticUserFilter) to context static
2019-07-30 08:34:39,787 INFO  http.HttpServer2 (HttpServer2.java:bindListener(1191)) - Jetty bound to port 37533
2019-07-30 08:34:39,787 INFO  server.Server (Server.java:doStart(351)) - jetty-9.3.24.v20180605, build timestamp: 2018-06-05T17:11:56Z, git hash: 84205aa28f11a4f31f2a3b86d1bba2cc8ab69827
2019-07-30 08:34:39,790 INFO  handler.ContextHandler (ContextHandler.java:doStart(781)) - Started o.e.j.s.ServletContextHandler@4af70944{/logs,file:///workdir/hadoop-ozone/integration-test/target/log,AVAILABLE}
2019-07-30 08:34:39,791 INFO  handler.ContextHandler (ContextHandler.java:doStart(781)) - Started o.e.j.s.ServletContextHandler@397ef2{/static,jar:file:/home/user/.m2/repository/org/apache/hadoop/hadoop-hdds-container-service/0.4.1-SNAPSHOT/hadoop-hdds-container-service-0.4.1-SNAPSHOT.jar!/webapps/static,AVAILABLE}
2019-07-30 08:34:39,835 INFO  handler.ContextHandler (ContextHandler.java:doStart(781)) - Started o.e.j.w.WebAppContext@26844abb{/,file:///tmp/jetty-0.0.0.0-37533-hddsDatanode-_-any-4652559377594267559.dir/webapp/,AVAILABLE}{/hddsDatanode}
2019-07-30 08:34:39,837 INFO  server.AbstractConnector (AbstractConnector.java:doStart(278)) - Started ServerConnector@1a865273{HTTP/1.1,[http/1.1]}{0.0.0.0:37533}
2019-07-30 08:34:39,838 INFO  server.Server (Server.java:doStart(419)) - Started @5114ms
2019-07-30 08:34:39,840 INFO  server.BaseHttpServer (BaseHttpServer.java:updateConnectorAddress(207)) - HTTP server of HDDSDATANODE is listening at http://0.0.0.0:37533
2019-07-30 08:34:40,951 INFO  ozone.HddsDatanodeService (HddsDatanodeService.java:startPlugins(395)) - Started plug-in org.apache.hadoop.ozone.web.OzoneHddsDatanodeService@570ba13
2019-07-30 08:34:40,954 INFO  impl.MetricsSystemImpl (MetricsSystemImpl.java:init(158)) - HddsDatanode metrics system started (again)
2019-07-30 08:34:40,958 INFO  ozone.HddsDatanodeService (HddsDatanodeService.java:start(184)) - HddsDatanodeService host:byscane-nightly-jdzkf-783033596 ip:192.168.69.91
2019-07-30 08:34:40,962 INFO  util.JvmPauseMonitor (JvmPauseMonitor.java:run(188)) - Starting JVM pause monitor
2019-07-30 08:34:40,970 INFO  volume.HddsVolume (HddsVolume.java:<init>(176)) - Creating Volume: /workdir/hadoop-ozone/integration-test/target/test-dir/MiniOzoneClusterImpl-e31a0752-9b62-4336-8e3a-900744692c45/datanode-1/data/containers/hdds of  storage type : DISK and capacity : 52710309888
2019-07-30 08:34:40,970 INFO  volume.VolumeSet (VolumeSet.java:initializeVolumeSet(170)) - Added Volume : /workdir/hadoop-ozone/integration-test/target/test-dir/MiniOzoneClusterImpl-e31a0752-9b62-4336-8e3a-900744692c45/datanode-1/data/containers/hdds to VolumeSet
2019-07-30 08:34:40,971 INFO  volume.ThrottledAsyncChecker (ThrottledAsyncChecker.java:schedule(140)) - Scheduling a check for org.apache.hadoop.ozone.container.common.volume.HddsVolume@3fcbc766
2019-07-30 08:34:40,973 INFO  volume.HddsVolumeChecker (HddsVolumeChecker.java:checkAllVolumes(203)) - Scheduled health check for volume org.apache.hadoop.ozone.container.common.volume.HddsVolume@3fcbc766
2019-07-30 08:34:40,993 INFO  impl.RaftServerProxy (ConfUtils.java:logGet(43)) - raft.rpc.type = GRPC (default)
2019-07-30 08:34:40,994 INFO  grpc.GrpcFactory (GrpcFactory.java:checkPooledByteBufAllocatorUseCacheForAllThreads(45)) - PERFORMANCE WARNING: useCacheForAllThreads is true that may cause Netty to create a lot garbage objects and, as a result, trigger GC.
	It is recommended to disable useCacheForAllThreads by setting -Dorg.apache.ratis.thirdparty.io.netty.allocator.useCacheForAllThreads=false in command line.
2019-07-30 08:34:40,994 INFO  grpc.GrpcConfigKeys$Server (ConfUtils.java:logGet(43)) - raft.grpc.server.port = 0 (default)
2019-07-30 08:34:40,994 INFO  server.GrpcService (ConfUtils.java:logGet(43)) - raft.grpc.message.size.max = 33570816 (custom)
2019-07-30 08:34:40,994 INFO  server.RaftServerConfigKeys (ConfUtils.java:logGet(43)) - raft.server.log.appender.buffer.byte-limit = 33554432 (custom)
2019-07-30 08:34:40,995 INFO  server.GrpcService (ConfUtils.java:logGet(43)) - raft.grpc.flow.control.window = 1MB (=1048576) (default)
2019-07-30 08:34:40,995 INFO  server.RaftServerConfigKeys (ConfUtils.java:logGet(43)) - raft.server.rpc.request.timeout = 3000ms (default)
2019-07-30 08:34:40,996 INFO  server.RaftServerConfigKeys (ConfUtils.java:logGet(43)) - raft.server.storage.dir = [/workdir/hadoop-ozone/integration-test/target/test-dir/MiniOzoneClusterImpl-e31a0752-9b62-4336-8e3a-900744692c45/datanode-1/data/ratis] (custom)
2019-07-30 08:34:40,996 INFO  replication.SimpleContainerDownloader (SimpleContainerDownloader.java:<init>(72)) - Starting container downloader service to copy containers to replicate.
2019-07-30 08:34:40,998 INFO  hdfs.DFSUtil (DFSUtil.java:httpServerTemplateForNNAndJN(1641)) - Starting Web-server for hddsDatanode at: http://0.0.0.0:0
2019-07-30 08:34:41,000 INFO  server.AuthenticationFilter (AuthenticationFilter.java:constructSecretProvider(240)) - Unable to initialize FileSignerSecretProvider, falling back to use random secrets.
2019-07-30 08:34:41,002 WARN  http.HttpRequestLog (HttpRequestLog.java:getRequestLog(97)) - Jetty request log can only be enabled using Log4j
2019-07-30 08:34:41,004 INFO  http.HttpServer2 (HttpServer2.java:addGlobalFilter(975)) - Added global filter 'safety' (class=org.apache.hadoop.http.HttpServer2$QuotingInputFilter)
2019-07-30 08:34:41,006 INFO  http.HttpServer2 (HttpServer2.java:addFilter(948)) - Added filter static_user_filter (class=org.apache.hadoop.http.lib.StaticUserWebFilter$StaticUserFilter) to context hddsDatanode
2019-07-30 08:34:41,006 INFO  http.HttpServer2 (HttpServer2.java:addFilter(958)) - Added filter static_user_filter (class=org.apache.hadoop.http.lib.StaticUserWebFilter$StaticUserFilter) to context logs
2019-07-30 08:34:41,006 INFO  http.HttpServer2 (HttpServer2.java:addFilter(958)) - Added filter static_user_filter (class=org.apache.hadoop.http.lib.StaticUserWebFilter$StaticUserFilter) to context static
2019-07-30 08:34:41,008 INFO  http.HttpServer2 (HttpServer2.java:bindListener(1191)) - Jetty bound to port 45789
2019-07-30 08:34:41,008 INFO  server.Server (Server.java:doStart(351)) - jetty-9.3.24.v20180605, build timestamp: 2018-06-05T17:11:56Z, git hash: 84205aa28f11a4f31f2a3b86d1bba2cc8ab69827
2019-07-30 08:34:41,013 INFO  handler.ContextHandler (ContextHandler.java:doStart(781)) - Started o.e.j.s.ServletContextHandler@31723307{/logs,file:///workdir/hadoop-ozone/integration-test/target/log,AVAILABLE}
2019-07-30 08:34:41,013 INFO  handler.ContextHandler (ContextHandler.java:doStart(781)) - Started o.e.j.s.ServletContextHandler@6d6f6860{/static,jar:file:/home/user/.m2/repository/org/apache/hadoop/hadoop-hdds-container-service/0.4.1-SNAPSHOT/hadoop-hdds-container-service-0.4.1-SNAPSHOT.jar!/webapps/static,AVAILABLE}
2019-07-30 08:34:41,057 INFO  handler.ContextHandler (ContextHandler.java:doStart(781)) - Started o.e.j.w.WebAppContext@1a1ccaaf{/,file:///tmp/jetty-0.0.0.0-45789-hddsDatanode-_-any-492142576187513017.dir/webapp/,AVAILABLE}{/hddsDatanode}
2019-07-30 08:34:41,058 INFO  server.AbstractConnector (AbstractConnector.java:doStart(278)) - Started ServerConnector@7b53b1ad{HTTP/1.1,[http/1.1]}{0.0.0.0:45789}
2019-07-30 08:34:41,059 INFO  server.Server (Server.java:doStart(419)) - Started @6335ms
2019-07-30 08:34:41,061 INFO  server.BaseHttpServer (BaseHttpServer.java:updateConnectorAddress(207)) - HTTP server of HDDSDATANODE is listening at http://0.0.0.0:45789
2019-07-30 08:34:41,109 INFO  datanode.InitDatanodeState (InitDatanodeState.java:persistContainerDatanodeDetails(140)) - DatanodeDetails is persisted to /workdir/hadoop-ozone/integration-test/target/test-dir/MiniOzoneClusterImpl-e31a0752-9b62-4336-8e3a-900744692c45/datanode-0/meta/datanode.id
2019-07-30 08:34:41,206 INFO  ozone.HddsDatanodeService (HddsDatanodeService.java:startPlugins(395)) - Started plug-in org.apache.hadoop.ozone.web.OzoneHddsDatanodeService@6c538eb2
2019-07-30 08:34:41,206 INFO  impl.MetricsSystemImpl (MetricsSystemImpl.java:init(158)) - HddsDatanode metrics system started (again)
2019-07-30 08:34:41,209 INFO  ozone.HddsDatanodeService (HddsDatanodeService.java:start(184)) - HddsDatanodeService host:byscane-nightly-jdzkf-783033596 ip:192.168.69.91
2019-07-30 08:34:41,209 INFO  util.JvmPauseMonitor (JvmPauseMonitor.java:run(188)) - Starting JVM pause monitor
2019-07-30 08:34:41,219 INFO  volume.HddsVolume (HddsVolume.java:<init>(176)) - Creating Volume: /workdir/hadoop-ozone/integration-test/target/test-dir/MiniOzoneClusterImpl-e31a0752-9b62-4336-8e3a-900744692c45/datanode-2/data/containers/hdds of  storage type : DISK and capacity : 52710309888
2019-07-30 08:34:41,220 INFO  volume.VolumeSet (VolumeSet.java:initializeVolumeSet(170)) - Added Volume : /workdir/hadoop-ozone/integration-test/target/test-dir/MiniOzoneClusterImpl-e31a0752-9b62-4336-8e3a-900744692c45/datanode-2/data/containers/hdds to VolumeSet
2019-07-30 08:34:41,220 INFO  volume.ThrottledAsyncChecker (ThrottledAsyncChecker.java:schedule(140)) - Scheduling a check for org.apache.hadoop.ozone.container.common.volume.HddsVolume@16b3c905
2019-07-30 08:34:41,220 INFO  volume.HddsVolumeChecker (HddsVolumeChecker.java:checkAllVolumes(203)) - Scheduled health check for volume org.apache.hadoop.ozone.container.common.volume.HddsVolume@16b3c905
2019-07-30 08:34:41,220 INFO  datanode.InitDatanodeState (InitDatanodeState.java:persistContainerDatanodeDetails(140)) - DatanodeDetails is persisted to /workdir/hadoop-ozone/integration-test/target/test-dir/MiniOzoneClusterImpl-e31a0752-9b62-4336-8e3a-900744692c45/datanode-1/meta/datanode.id
2019-07-30 08:34:41,235 INFO  impl.RaftServerProxy (ConfUtils.java:logGet(43)) - raft.rpc.type = GRPC (default)
2019-07-30 08:34:41,235 INFO  grpc.GrpcFactory (GrpcFactory.java:checkPooledByteBufAllocatorUseCacheForAllThreads(45)) - PERFORMANCE WARNING: useCacheForAllThreads is true that may cause Netty to create a lot garbage objects and, as a result, trigger GC.
	It is recommended to disable useCacheForAllThreads by setting -Dorg.apache.ratis.thirdparty.io.netty.allocator.useCacheForAllThreads=false in command line.
2019-07-30 08:34:41,236 INFO  grpc.GrpcConfigKeys$Server (ConfUtils.java:logGet(43)) - raft.grpc.server.port = 0 (default)
2019-07-30 08:34:41,236 INFO  server.GrpcService (ConfUtils.java:logGet(43)) - raft.grpc.message.size.max = 33570816 (custom)
2019-07-30 08:34:41,236 INFO  server.RaftServerConfigKeys (ConfUtils.java:logGet(43)) - raft.server.log.appender.buffer.byte-limit = 33554432 (custom)
2019-07-30 08:34:41,236 INFO  server.GrpcService (ConfUtils.java:logGet(43)) - raft.grpc.flow.control.window = 1MB (=1048576) (default)
2019-07-30 08:34:41,237 INFO  server.RaftServerConfigKeys (ConfUtils.java:logGet(43)) - raft.server.rpc.request.timeout = 3000ms (default)
2019-07-30 08:34:41,237 INFO  server.RaftServerConfigKeys (ConfUtils.java:logGet(43)) - raft.server.storage.dir = [/workdir/hadoop-ozone/integration-test/target/test-dir/MiniOzoneClusterImpl-e31a0752-9b62-4336-8e3a-900744692c45/datanode-2/data/ratis] (custom)
2019-07-30 08:34:41,238 INFO  replication.SimpleContainerDownloader (SimpleContainerDownloader.java:<init>(72)) - Starting container downloader service to copy containers to replicate.
2019-07-30 08:34:41,239 INFO  hdfs.DFSUtil (DFSUtil.java:httpServerTemplateForNNAndJN(1641)) - Starting Web-server for hddsDatanode at: http://0.0.0.0:0
2019-07-30 08:34:41,240 INFO  server.AuthenticationFilter (AuthenticationFilter.java:constructSecretProvider(240)) - Unable to initialize FileSignerSecretProvider, falling back to use random secrets.
2019-07-30 08:34:41,241 WARN  http.HttpRequestLog (HttpRequestLog.java:getRequestLog(97)) - Jetty request log can only be enabled using Log4j
2019-07-30 08:34:41,242 INFO  http.HttpServer2 (HttpServer2.java:addGlobalFilter(975)) - Added global filter 'safety' (class=org.apache.hadoop.http.HttpServer2$QuotingInputFilter)
2019-07-30 08:34:41,243 INFO  http.HttpServer2 (HttpServer2.java:addFilter(948)) - Added filter static_user_filter (class=org.apache.hadoop.http.lib.StaticUserWebFilter$StaticUserFilter) to context hddsDatanode
2019-07-30 08:34:41,243 INFO  http.HttpServer2 (HttpServer2.java:addFilter(958)) - Added filter static_user_filter (class=org.apache.hadoop.http.lib.StaticUserWebFilter$StaticUserFilter) to context logs
2019-07-30 08:34:41,243 INFO  http.HttpServer2 (HttpServer2.java:addFilter(958)) - Added filter static_user_filter (class=org.apache.hadoop.http.lib.StaticUserWebFilter$StaticUserFilter) to context static
2019-07-30 08:34:41,244 INFO  http.HttpServer2 (HttpServer2.java:bindListener(1191)) - Jetty bound to port 37885
2019-07-30 08:34:41,244 INFO  server.Server (Server.java:doStart(351)) - jetty-9.3.24.v20180605, build timestamp: 2018-06-05T17:11:56Z, git hash: 84205aa28f11a4f31f2a3b86d1bba2cc8ab69827
2019-07-30 08:34:41,246 INFO  handler.ContextHandler (ContextHandler.java:doStart(781)) - Started o.e.j.s.ServletContextHandler@592ca48c{/logs,file:///workdir/hadoop-ozone/integration-test/target/log,AVAILABLE}
2019-07-30 08:34:41,246 INFO  handler.ContextHandler (ContextHandler.java:doStart(781)) - Started o.e.j.s.ServletContextHandler@3fdcde7a{/static,jar:file:/home/user/.m2/repository/org/apache/hadoop/hadoop-hdds-container-service/0.4.1-SNAPSHOT/hadoop-hdds-container-service-0.4.1-SNAPSHOT.jar!/webapps/static,AVAILABLE}
2019-07-30 08:34:41,274 INFO  handler.ContextHandler (ContextHandler.java:doStart(781)) - Started o.e.j.w.WebAppContext@261b9a37{/,file:///tmp/jetty-0.0.0.0-37885-hddsDatanode-_-any-8043661170646124683.dir/webapp/,AVAILABLE}{/hddsDatanode}
2019-07-30 08:34:41,274 INFO  server.AbstractConnector (AbstractConnector.java:doStart(278)) - Started ServerConnector@15d3793b{HTTP/1.1,[http/1.1]}{0.0.0.0:37885}
2019-07-30 08:34:41,275 INFO  server.Server (Server.java:doStart(419)) - Started @6552ms
2019-07-30 08:34:41,276 INFO  server.BaseHttpServer (BaseHttpServer.java:updateConnectorAddress(207)) - HTTP server of HDDSDATANODE is listening at http://0.0.0.0:37885
2019-07-30 08:34:41,409 INFO  ozone.HddsDatanodeService (HddsDatanodeService.java:startPlugins(395)) - Started plug-in org.apache.hadoop.ozone.web.OzoneHddsDatanodeService@7aea704c
2019-07-30 08:34:41,412 INFO  ozone.MiniOzoneClusterImpl (MiniOzoneClusterImpl.java:lambda$waitForClusterToBeReady$0(142)) - Waiting for cluster to be ready. Got 0 of 3 DN Heartbeats.
2019-07-30 08:34:41,413 INFO  util.JvmPauseMonitor (JvmPauseMonitor.java:run(188)) - Starting JVM pause monitor
2019-07-30 08:34:41,416 INFO  datanode.InitDatanodeState (InitDatanodeState.java:persistContainerDatanodeDetails(140)) - DatanodeDetails is persisted to /workdir/hadoop-ozone/integration-test/target/test-dir/MiniOzoneClusterImpl-e31a0752-9b62-4336-8e3a-900744692c45/datanode-2/meta/datanode.id
2019-07-30 08:34:42,412 INFO  ozone.MiniOzoneClusterImpl (MiniOzoneClusterImpl.java:lambda$waitForClusterToBeReady$0(142)) - Waiting for cluster to be ready. Got 0 of 3 DN Heartbeats.
2019-07-30 08:34:43,024 INFO  ozoneimpl.OzoneContainer (OzoneContainer.java:start(186)) - Attempting to start container services.
2019-07-30 08:34:43,026 INFO  ozoneimpl.OzoneContainer (OzoneContainer.java:startContainerScrub(160)) - Background container scrubber has been disabled by hdds.containerscrub.enabled
2019-07-30 08:34:43,026 INFO  ratis.XceiverServerRatis (XceiverServerRatis.java:start(404)) - Starting XceiverServerRatis f44958c0-c3f3-4805-a29c-0cdc0cce485f at port 0
2019-07-30 08:34:43,057 INFO  impl.RaftServerProxy (RaftServerProxy.java:lambda$start$3(299)) - f44958c0-c3f3-4805-a29c-0cdc0cce485f: start RPC server
2019-07-30 08:34:43,180 INFO  server.GrpcService (GrpcService.java:startImpl(149)) - f44958c0-c3f3-4805-a29c-0cdc0cce485f: GrpcService started, listening on 0.0.0.0/0.0.0.0:35529
2019-07-30 08:34:43,184 INFO  ratis.XceiverServerRatis (XceiverServerRatis.java:start(414)) - XceiverServerRatis f44958c0-c3f3-4805-a29c-0cdc0cce485f is started using port 35529
2019-07-30 08:34:43,186 INFO  server.XceiverServerGrpc (XceiverServerGrpc.java:start(161)) - XceiverServerGrpc f44958c0-c3f3-4805-a29c-0cdc0cce485f is started using port 34641
2019-07-30 08:34:43,239 INFO  ozoneimpl.OzoneContainer (OzoneContainer.java:start(186)) - Attempting to start container services.
2019-07-30 08:34:43,241 INFO  ozoneimpl.OzoneContainer (OzoneContainer.java:startContainerScrub(160)) - Background container scrubber has been disabled by hdds.containerscrub.enabled
2019-07-30 08:34:43,241 INFO  ratis.XceiverServerRatis (XceiverServerRatis.java:start(404)) - Starting XceiverServerRatis 232a2bf9-d263-4aa7-80bb-524225f6e47f at port 0
2019-07-30 08:34:43,255 INFO  impl.RaftServerProxy (RaftServerProxy.java:lambda$start$3(299)) - 232a2bf9-d263-4aa7-80bb-524225f6e47f: start RPC server
2019-07-30 08:34:43,259 INFO  server.GrpcService (GrpcService.java:startImpl(149)) - 232a2bf9-d263-4aa7-80bb-524225f6e47f: GrpcService started, listening on 0.0.0.0/0.0.0.0:34608
2019-07-30 08:34:43,259 INFO  ratis.XceiverServerRatis (XceiverServerRatis.java:start(414)) - XceiverServerRatis 232a2bf9-d263-4aa7-80bb-524225f6e47f is started using port 34608
2019-07-30 08:34:43,261 INFO  server.XceiverServerGrpc (XceiverServerGrpc.java:start(161)) - XceiverServerGrpc 232a2bf9-d263-4aa7-80bb-524225f6e47f is started using port 33829
2019-07-30 08:34:43,413 INFO  ozone.MiniOzoneClusterImpl (MiniOzoneClusterImpl.java:lambda$waitForClusterToBeReady$0(142)) - Waiting for cluster to be ready. Got 0 of 3 DN Heartbeats.
2019-07-30 08:34:43,430 INFO  ozoneimpl.OzoneContainer (OzoneContainer.java:start(186)) - Attempting to start container services.
2019-07-30 08:34:43,431 INFO  ozoneimpl.OzoneContainer (OzoneContainer.java:startContainerScrub(160)) - Background container scrubber has been disabled by hdds.containerscrub.enabled
2019-07-30 08:34:43,432 INFO  ratis.XceiverServerRatis (XceiverServerRatis.java:start(404)) - Starting XceiverServerRatis aed5c1bf-593b-4e75-a903-285fbc2f0ff2 at port 0
2019-07-30 08:34:43,448 INFO  impl.RaftServerProxy (RaftServerProxy.java:lambda$start$3(299)) - aed5c1bf-593b-4e75-a903-285fbc2f0ff2: start RPC server
2019-07-30 08:34:43,451 INFO  server.GrpcService (GrpcService.java:startImpl(149)) - aed5c1bf-593b-4e75-a903-285fbc2f0ff2: GrpcService started, listening on 0.0.0.0/0.0.0.0:45093
2019-07-30 08:34:43,452 INFO  ratis.XceiverServerRatis (XceiverServerRatis.java:start(414)) - XceiverServerRatis aed5c1bf-593b-4e75-a903-285fbc2f0ff2 is started using port 45093
2019-07-30 08:34:43,454 INFO  server.XceiverServerGrpc (XceiverServerGrpc.java:start(161)) - XceiverServerGrpc aed5c1bf-593b-4e75-a903-285fbc2f0ff2 is started using port 39855
2019-07-30 08:34:44,414 INFO  ozone.MiniOzoneClusterImpl (MiniOzoneClusterImpl.java:lambda$waitForClusterToBeReady$0(142)) - Waiting for cluster to be ready. Got 0 of 3 DN Heartbeats.
2019-07-30 08:34:45,007 INFO  net.NetworkTopology (NetworkTopologyImpl.java:add(110)) - Added a new node: /default-rack/f44958c0-c3f3-4805-a29c-0cdc0cce485f
2019-07-30 08:34:45,007 INFO  node.SCMNodeManager (SCMNodeManager.java:register(273)) - Registered Data node : f44958c0-c3f3-4805-a29c-0cdc0cce485f{ip: 192.168.69.91, host: byscane-nightly-jdzkf-783033596, networkLocation: /default-rack, certSerialId: null}
2019-07-30 08:34:45,013 INFO  safemode.SCMSafeModeManager (DataNodeSafeModeRule.java:process(71)) - SCM in safe mode. 1 DataNodes registered, 1 required.
2019-07-30 08:34:45,014 INFO  safemode.SCMSafeModeManager (SCMSafeModeManager.java:validateSafeModeExitRules(177)) - ScmSafeModeManager, all rules are successfully validated
2019-07-30 08:34:45,014 INFO  safemode.SCMSafeModeManager (SCMSafeModeManager.java:exitSafeMode(193)) - SCM exiting safe mode.
2019-07-30 08:34:45,218 INFO  net.NetworkTopology (NetworkTopologyImpl.java:add(110)) - Added a new node: /default-rack/232a2bf9-d263-4aa7-80bb-524225f6e47f
2019-07-30 08:34:45,218 INFO  node.SCMNodeManager (SCMNodeManager.java:register(273)) - Registered Data node : 232a2bf9-d263-4aa7-80bb-524225f6e47f{ip: 192.168.69.91, host: byscane-nightly-jdzkf-783033596, networkLocation: /default-rack, certSerialId: null}
2019-07-30 08:34:45,414 INFO  ozone.MiniOzoneClusterImpl (MiniOzoneClusterImpl.java:lambda$waitForClusterToBeReady$0(142)) - Waiting for cluster to be ready. Got 2 of 3 DN Heartbeats.
2019-07-30 08:34:45,416 INFO  net.NetworkTopology (NetworkTopologyImpl.java:add(110)) - Added a new node: /default-rack/aed5c1bf-593b-4e75-a903-285fbc2f0ff2
2019-07-30 08:34:45,417 INFO  node.SCMNodeManager (SCMNodeManager.java:register(273)) - Registered Data node : aed5c1bf-593b-4e75-a903-285fbc2f0ff2{ip: 192.168.69.91, host: byscane-nightly-jdzkf-783033596, networkLocation: /default-rack, certSerialId: null}
2019-07-30 08:34:45,598 INFO  impl.RaftServerProxy (RaftServerProxy.java:addNew(89)) - f44958c0-c3f3-4805-a29c-0cdc0cce485f: addNew group-A7C7EDD16B6D:[f44958c0-c3f3-4805-a29c-0cdc0cce485f:192.168.69.91:35529] returns group-A7C7EDD16B6D:java.util.concurrent.CompletableFuture@59ae4a37[Not completed]
2019-07-30 08:34:45,620 INFO  impl.RaftServerImpl (RaftServerImpl.java:<init>(93)) - f44958c0-c3f3-4805-a29c-0cdc0cce485f: new RaftServerImpl for group-A7C7EDD16B6D:[f44958c0-c3f3-4805-a29c-0cdc0cce485f:192.168.69.91:35529] with ContainerStateMachine:uninitialized
2019-07-30 08:34:45,623 INFO  server.RaftServerConfigKeys (ConfUtils.java:logGet(43)) - raft.server.rpc.timeout.min = 5s (custom)
2019-07-30 08:34:45,624 INFO  server.RaftServerConfigKeys (ConfUtils.java:logGet(43)) - raft.server.rpc.timeout.max = 5200ms (custom)
2019-07-30 08:34:45,624 INFO  server.RaftServerConfigKeys (ConfUtils.java:logGet(43)) - raft.server.rpcslowness.timeout = 120s (custom)
2019-07-30 08:34:45,625 INFO  server.RaftServerConfigKeys (ConfUtils.java:logGet(43)) - raft.server.sleep.deviation.threshold = 300 (default)
2019-07-30 08:34:45,627 INFO  server.RaftServerConfigKeys (ConfUtils.java:logGet(43)) - raft.server.log.appender.install.snapshot.enabled = false (custom)
2019-07-30 08:34:45,636 INFO  impl.RaftServerImpl (ServerState.java:<init>(105)) - f44958c0-c3f3-4805-a29c-0cdc0cce485f:group-A7C7EDD16B6D ConfigurationManager, init=-1: [f44958c0-c3f3-4805-a29c-0cdc0cce485f:192.168.69.91:35529], old=null, confs=<EMPTY_MAP>
2019-07-30 08:34:45,637 INFO  server.RaftServerConfigKeys (ConfUtils.java:logGet(43)) - raft.server.storage.dir = [/workdir/hadoop-ozone/integration-test/target/test-dir/MiniOzoneClusterImpl-e31a0752-9b62-4336-8e3a-900744692c45/datanode-0/data/ratis] (custom)
2019-07-30 08:34:45,648 INFO  storage.RaftStorageDirectory (RaftStorageDirectory.java:analyzeStorage(246)) - The storage directory /workdir/hadoop-ozone/integration-test/target/test-dir/MiniOzoneClusterImpl-e31a0752-9b62-4336-8e3a-900744692c45/datanode-0/data/ratis/e8e44b49-3029-43ca-9128-a7c7edd16b6d does not exist. Creating ...
2019-07-30 08:34:45,668 INFO  storage.RaftStorageDirectory (RaftStorageDirectory.java:tryLock(328)) - Lock on /workdir/hadoop-ozone/integration-test/target/test-dir/MiniOzoneClusterImpl-e31a0752-9b62-4336-8e3a-900744692c45/datanode-0/data/ratis/e8e44b49-3029-43ca-9128-a7c7edd16b6d/in_use.lock acquired by nodename 5148@byscane-nightly-jdzkf-783033596
2019-07-30 08:34:45,776 INFO  storage.RaftStorage (RaftStorage.java:format(72)) - Storage directory /workdir/hadoop-ozone/integration-test/target/test-dir/MiniOzoneClusterImpl-e31a0752-9b62-4336-8e3a-900744692c45/datanode-0/data/ratis/e8e44b49-3029-43ca-9128-a7c7edd16b6d has been successfully formatted.
2019-07-30 08:34:45,788 INFO  ratis.ContainerStateMachine (ContainerStateMachine.java:loadSnapshot(213)) - group-A7C7EDD16B6D: The snapshot info is null. Setting the last applied indexto:(t:0, i:~)
2019-07-30 08:34:45,788 INFO  server.RaftServerConfigKeys (ConfUtils.java:logGet(43)) - raft.server.leader.election.timeout = 120s (custom)
2019-07-30 08:34:45,791 INFO  server.RaftServerConfigKeys (ConfUtils.java:logGet(43)) - raft.server.log.use.memory = false (default)
2019-07-30 08:34:45,800 INFO  server.RaftServerConfigKeys (ConfUtils.java:logGet(43)) - raft.server.log.purge.gap = 1000000000 (custom)
2019-07-30 08:34:45,800 INFO  server.RaftServerConfigKeys (ConfUtils.java:logGet(43)) - raft.server.log.appender.buffer.byte-limit = 33554432 (custom)
2019-07-30 08:34:45,802 INFO  server.RaftServerConfigKeys (ConfUtils.java:logGet(43)) - raft.server.log.segment.size.max = 1048576 (custom)
2019-07-30 08:34:45,809 INFO  server.RaftServerConfigKeys (ConfUtils.java:logGet(43)) - raft.server.log.segment.cache.num.max = 2 (custom)
2019-07-30 08:34:45,816 INFO  segmented.SegmentedRaftLogWorker (SegmentedRaftLogWorker.java:<init>(172)) - new f44958c0-c3f3-4805-a29c-0cdc0cce485f-SegmentedRaftLogWorker:Storage Directory /workdir/hadoop-ozone/integration-test/target/test-dir/MiniOzoneClusterImpl-e31a0752-9b62-4336-8e3a-900744692c45/datanode-0/data/ratis/e8e44b49-3029-43ca-9128-a7c7edd16b6d for RaftStorage:Storage Directory /workdir/hadoop-ozone/integration-test/target/test-dir/MiniOzoneClusterImpl-e31a0752-9b62-4336-8e3a-900744692c45/datanode-0/data/ratis/e8e44b49-3029-43ca-9128-a7c7edd16b6d
2019-07-30 08:34:46,110 INFO  server.RaftServerConfigKeys (ConfUtils.java:logGet(43)) - raft.server.log.queue.byte-limit = 2147483647 (custom)
2019-07-30 08:34:46,111 INFO  server.RaftServerConfigKeys (ConfUtils.java:logGet(43)) - raft.server.log.queue.element-limit = 1024 (custom)
2019-07-30 08:34:46,117 INFO  server.RaftServerConfigKeys (ConfUtils.java:logGet(43)) - raft.server.log.segment.size.max = 1048576 (custom)
2019-07-30 08:34:46,117 INFO  server.RaftServerConfigKeys (ConfUtils.java:logGet(43)) - raft.server.log.preallocated.size = 16384 (custom)
2019-07-30 08:34:46,118 INFO  server.RaftServerConfigKeys (ConfUtils.java:logGet(43)) - raft.server.log.write.buffer.size = 33554432 (custom)
2019-07-30 08:34:46,119 INFO  server.RaftServerConfigKeys (ConfUtils.java:logGet(43)) - raft.server.log.force.sync.num = 128 (default)
2019-07-30 08:34:46,120 INFO  server.RaftServerConfigKeys (ConfUtils.java:logGet(43)) - raft.server.log.statemachine.data.sync = true (default)
2019-07-30 08:34:46,120 INFO  server.RaftServerConfigKeys (ConfUtils.java:logGet(43)) - raft.server.log.statemachine.data.sync.timeout = 10s (default)
2019-07-30 08:34:46,121 INFO  server.RaftServerConfigKeys (ConfUtils.java:logGet(43)) - raft.server.log.statemachine.data.sync.timeout.retry = -1 (default)
2019-07-30 08:34:46,132 INFO  server.RaftServerConfigKeys (ConfUtils.java:logGet(43)) - raft.server.log.statemachine.data.caching.enabled = true (custom)
2019-07-30 08:34:46,137 INFO  segmented.SegmentedRaftLogWorker (SegmentedRaftLogWorker.java:lambda$new$0(132)) - f44958c0-c3f3-4805-a29c-0cdc0cce485f-SegmentedRaftLogWorker:Storage Directory /workdir/hadoop-ozone/integration-test/target/test-dir/MiniOzoneClusterImpl-e31a0752-9b62-4336-8e3a-900744692c45/datanode-0/data/ratis/e8e44b49-3029-43ca-9128-a7c7edd16b6d: flushIndex: setUnconditionally 0 -> -1
2019-07-30 08:34:46,142 INFO  server.RaftServerConfigKeys (ConfUtils.java:logGet(43)) - raft.server.snapshot.auto.trigger.enabled = true (custom)
2019-07-30 08:34:46,143 INFO  server.RaftServerConfigKeys (ConfUtils.java:logGet(43)) - raft.server.snapshot.auto.trigger.threshold = 10000 (custom)
2019-07-30 08:34:46,143 INFO  server.RaftServerConfigKeys (ConfUtils.java:logGet(43)) - raft.server.retrycache.expirytime = 600000ms (custom)
2019-07-30 08:34:46,167 INFO  impl.RaftServerImpl (RaftServerImpl.java:start(180)) - f44958c0-c3f3-4805-a29c-0cdc0cce485f: start group-A7C7EDD16B6D
2019-07-30 08:34:46,168 INFO  impl.RaftServerImpl (RaftServerImpl.java:setRole(171)) - f44958c0-c3f3-4805-a29c-0cdc0cce485f:group-A7C7EDD16B6D changes role from null to FOLLOWER at term 0 for startAsFollower
2019-07-30 08:34:46,169 INFO  impl.RoleInfo (RoleInfo.java:updateAndGet(143)) - f44958c0-c3f3-4805-a29c-0cdc0cce485f: start FollowerState
2019-07-30 08:34:46,171 INFO  util.JmxRegister (JmxRegister.java:tryRegister(44)) - Successfully registered JMX Bean with object name Ratis:service=RaftServer,group=group-A7C7EDD16B6D,id=f44958c0-c3f3-4805-a29c-0cdc0cce485f
2019-07-30 08:34:46,241 INFO  pipeline.PipelineStateManager (PipelineStateManager.java:addPipeline(56)) - Created pipeline Pipeline[ Id: e8e44b49-3029-43ca-9128-a7c7edd16b6d, Nodes: f44958c0-c3f3-4805-a29c-0cdc0cce485f{ip: 192.168.69.91, host: byscane-nightly-jdzkf-783033596, networkLocation: /default-rack, certSerialId: null}, Type:RATIS, Factor:ONE, State:OPEN]
2019-07-30 08:34:46,263 INFO  impl.RaftServerProxy (RaftServerProxy.java:addNew(89)) - aed5c1bf-593b-4e75-a903-285fbc2f0ff2: addNew group-EA1F9C2C3A28:[aed5c1bf-593b-4e75-a903-285fbc2f0ff2:192.168.69.91:45093] returns group-EA1F9C2C3A28:java.util.concurrent.CompletableFuture@6cbbf131[Not completed]
2019-07-30 08:34:46,294 INFO  impl.RaftServerImpl (RaftServerImpl.java:<init>(93)) - aed5c1bf-593b-4e75-a903-285fbc2f0ff2: new RaftServerImpl for group-EA1F9C2C3A28:[aed5c1bf-593b-4e75-a903-285fbc2f0ff2:192.168.69.91:45093] with ContainerStateMachine:uninitialized
2019-07-30 08:34:46,296 INFO  server.RaftServerConfigKeys (ConfUtils.java:logGet(43)) - raft.server.rpc.timeout.min = 5s (custom)
2019-07-30 08:34:46,296 INFO  server.RaftServerConfigKeys (ConfUtils.java:logGet(43)) - raft.server.rpc.timeout.max = 5200ms (custom)
2019-07-30 08:34:46,296 INFO  server.RaftServerConfigKeys (ConfUtils.java:logGet(43)) - raft.server.rpcslowness.timeout = 120s (custom)
2019-07-30 08:34:46,297 INFO  server.RaftServerConfigKeys (ConfUtils.java:logGet(43)) - raft.server.sleep.deviation.threshold = 300 (default)
2019-07-30 08:34:46,297 INFO  server.RaftServerConfigKeys (ConfUtils.java:logGet(43)) - raft.server.log.appender.install.snapshot.enabled = false (custom)
2019-07-30 08:34:46,297 INFO  impl.RaftServerImpl (ServerState.java:<init>(105)) - aed5c1bf-593b-4e75-a903-285fbc2f0ff2:group-EA1F9C2C3A28 ConfigurationManager, init=-1: [aed5c1bf-593b-4e75-a903-285fbc2f0ff2:192.168.69.91:45093], old=null, confs=<EMPTY_MAP>
2019-07-30 08:34:46,297 INFO  server.RaftServerConfigKeys (ConfUtils.java:logGet(43)) - raft.server.storage.dir = [/workdir/hadoop-ozone/integration-test/target/test-dir/MiniOzoneClusterImpl-e31a0752-9b62-4336-8e3a-900744692c45/datanode-2/data/ratis] (custom)
2019-07-30 08:34:46,298 INFO  storage.RaftStorageDirectory (RaftStorageDirectory.java:analyzeStorage(246)) - The storage directory /workdir/hadoop-ozone/integration-test/target/test-dir/MiniOzoneClusterImpl-e31a0752-9b62-4336-8e3a-900744692c45/datanode-2/data/ratis/1b3e3ab2-b9ab-46ce-ab93-ea1f9c2c3a28 does not exist. Creating ...
2019-07-30 08:34:46,314 INFO  storage.RaftStorageDirectory (RaftStorageDirectory.java:tryLock(328)) - Lock on /workdir/hadoop-ozone/integration-test/target/test-dir/MiniOzoneClusterImpl-e31a0752-9b62-4336-8e3a-900744692c45/datanode-2/data/ratis/1b3e3ab2-b9ab-46ce-ab93-ea1f9c2c3a28/in_use.lock acquired by nodename 5148@byscane-nightly-jdzkf-783033596
2019-07-30 08:34:46,328 INFO  storage.RaftStorage (RaftStorage.java:format(72)) - Storage directory /workdir/hadoop-ozone/integration-test/target/test-dir/MiniOzoneClusterImpl-e31a0752-9b62-4336-8e3a-900744692c45/datanode-2/data/ratis/1b3e3ab2-b9ab-46ce-ab93-ea1f9c2c3a28 has been successfully formatted.
2019-07-30 08:34:46,330 INFO  ratis.ContainerStateMachine (ContainerStateMachine.java:loadSnapshot(213)) - group-EA1F9C2C3A28: The snapshot info is null. Setting the last applied indexto:(t:0, i:~)
2019-07-30 08:34:46,331 INFO  server.RaftServerConfigKeys (ConfUtils.java:logGet(43)) - raft.server.leader.election.timeout = 120s (custom)
2019-07-30 08:34:46,331 INFO  server.RaftServerConfigKeys (ConfUtils.java:logGet(43)) - raft.server.log.use.memory = false (default)
2019-07-30 08:34:46,331 INFO  server.RaftServerConfigKeys (ConfUtils.java:logGet(43)) - raft.server.log.purge.gap = 1000000000 (custom)
2019-07-30 08:34:46,332 INFO  server.RaftServerConfigKeys (ConfUtils.java:logGet(43)) - raft.server.log.appender.buffer.byte-limit = 33554432 (custom)
2019-07-30 08:34:46,332 INFO  server.RaftServerConfigKeys (ConfUtils.java:logGet(43)) - raft.server.log.segment.size.max = 1048576 (custom)
2019-07-30 08:34:46,332 INFO  server.RaftServerConfigKeys (ConfUtils.java:logGet(43)) - raft.server.log.segment.cache.num.max = 2 (custom)
2019-07-30 08:34:46,333 INFO  segmented.SegmentedRaftLogWorker (SegmentedRaftLogWorker.java:<init>(172)) - new aed5c1bf-593b-4e75-a903-285fbc2f0ff2-SegmentedRaftLogWorker:Storage Directory /workdir/hadoop-ozone/integration-test/target/test-dir/MiniOzoneClusterImpl-e31a0752-9b62-4336-8e3a-900744692c45/datanode-2/data/ratis/1b3e3ab2-b9ab-46ce-ab93-ea1f9c2c3a28 for RaftStorage:Storage Directory /workdir/hadoop-ozone/integration-test/target/test-dir/MiniOzoneClusterImpl-e31a0752-9b62-4336-8e3a-900744692c45/datanode-2/data/ratis/1b3e3ab2-b9ab-46ce-ab93-ea1f9c2c3a28
2019-07-30 08:34:46,334 INFO  server.RaftServerConfigKeys (ConfUtils.java:logGet(43)) - raft.server.log.queue.byte-limit = 2147483647 (custom)
2019-07-30 08:34:46,334 INFO  server.RaftServerConfigKeys (ConfUtils.java:logGet(43)) - raft.server.log.queue.element-limit = 1024 (custom)
2019-07-30 08:34:46,335 INFO  server.RaftServerConfigKeys (ConfUtils.java:logGet(43)) - raft.server.log.segment.size.max = 1048576 (custom)
2019-07-30 08:34:46,335 INFO  server.RaftServerConfigKeys (ConfUtils.java:logGet(43)) - raft.server.log.preallocated.size = 16384 (custom)
2019-07-30 08:34:46,335 INFO  server.RaftServerConfigKeys (ConfUtils.java:logGet(43)) - raft.server.log.write.buffer.size = 33554432 (custom)
2019-07-30 08:34:46,335 INFO  server.RaftServerConfigKeys (ConfUtils.java:logGet(43)) - raft.server.log.force.sync.num = 128 (default)
2019-07-30 08:34:46,336 INFO  server.RaftServerConfigKeys (ConfUtils.java:logGet(43)) - raft.server.log.statemachine.data.sync = true (default)
2019-07-30 08:34:46,336 INFO  server.RaftServerConfigKeys (ConfUtils.java:logGet(43)) - raft.server.log.statemachine.data.sync.timeout = 10s (default)
2019-07-30 08:34:46,336 INFO  server.RaftServerConfigKeys (ConfUtils.java:logGet(43)) - raft.server.log.statemachine.data.sync.timeout.retry = -1 (default)
2019-07-30 08:34:46,336 INFO  server.RaftServerConfigKeys (ConfUtils.java:logGet(43)) - raft.server.log.statemachine.data.caching.enabled = true (custom)
2019-07-30 08:34:46,337 INFO  segmented.SegmentedRaftLogWorker (SegmentedRaftLogWorker.java:lambda$new$0(132)) - aed5c1bf-593b-4e75-a903-285fbc2f0ff2-SegmentedRaftLogWorker:Storage Directory /workdir/hadoop-ozone/integration-test/target/test-dir/MiniOzoneClusterImpl-e31a0752-9b62-4336-8e3a-900744692c45/datanode-2/data/ratis/1b3e3ab2-b9ab-46ce-ab93-ea1f9c2c3a28: flushIndex: setUnconditionally 0 -> -1
2019-07-30 08:34:46,337 INFO  server.RaftServerConfigKeys (ConfUtils.java:logGet(43)) - raft.server.snapshot.auto.trigger.enabled = true (custom)
2019-07-30 08:34:46,337 INFO  server.RaftServerConfigKeys (ConfUtils.java:logGet(43)) - raft.server.snapshot.auto.trigger.threshold = 10000 (custom)
2019-07-30 08:34:46,338 INFO  server.RaftServerConfigKeys (ConfUtils.java:logGet(43)) - raft.server.retrycache.expirytime = 600000ms (custom)
2019-07-30 08:34:46,338 INFO  impl.RaftServerImpl (RaftServerImpl.java:start(180)) - aed5c1bf-593b-4e75-a903-285fbc2f0ff2: start group-EA1F9C2C3A28
2019-07-30 08:34:46,338 INFO  impl.RaftServerImpl (RaftServerImpl.java:setRole(171)) - aed5c1bf-593b-4e75-a903-285fbc2f0ff2:group-EA1F9C2C3A28 changes role from null to FOLLOWER at term 0 for startAsFollower
2019-07-30 08:34:46,338 INFO  impl.RoleInfo (RoleInfo.java:updateAndGet(143)) - aed5c1bf-593b-4e75-a903-285fbc2f0ff2: start FollowerState
2019-07-30 08:34:46,340 INFO  util.JmxRegister (JmxRegister.java:tryRegister(44)) - Successfully registered JMX Bean with object name Ratis:service=RaftServer,group=group-EA1F9C2C3A28,id=aed5c1bf-593b-4e75-a903-285fbc2f0ff2
2019-07-30 08:34:46,353 INFO  pipeline.PipelineStateManager (PipelineStateManager.java:addPipeline(56)) - Created pipeline Pipeline[ Id: 1b3e3ab2-b9ab-46ce-ab93-ea1f9c2c3a28, Nodes: aed5c1bf-593b-4e75-a903-285fbc2f0ff2{ip: 192.168.69.91, host: byscane-nightly-jdzkf-783033596, networkLocation: /default-rack, certSerialId: null}, Type:RATIS, Factor:ONE, State:OPEN]
2019-07-30 08:34:46,378 INFO  impl.RaftServerProxy (RaftServerProxy.java:addNew(89)) - 232a2bf9-d263-4aa7-80bb-524225f6e47f: addNew group-873C5B2665AF:[232a2bf9-d263-4aa7-80bb-524225f6e47f:192.168.69.91:34608] returns group-873C5B2665AF:java.util.concurrent.CompletableFuture@394c94e[Not completed]
2019-07-30 08:34:46,387 INFO  impl.RaftServerImpl (RaftServerImpl.java:<init>(93)) - 232a2bf9-d263-4aa7-80bb-524225f6e47f: new RaftServerImpl for group-873C5B2665AF:[232a2bf9-d263-4aa7-80bb-524225f6e47f:192.168.69.91:34608] with ContainerStateMachine:uninitialized
2019-07-30 08:34:46,388 INFO  server.RaftServerConfigKeys (ConfUtils.java:logGet(43)) - raft.server.rpc.timeout.min = 5s (custom)
2019-07-30 08:34:46,388 INFO  server.RaftServerConfigKeys (ConfUtils.java:logGet(43)) - raft.server.rpc.timeout.max = 5200ms (custom)
2019-07-30 08:34:46,388 INFO  server.RaftServerConfigKeys (ConfUtils.java:logGet(43)) - raft.server.rpcslowness.timeout = 120s (custom)
2019-07-30 08:34:46,389 INFO  server.RaftServerConfigKeys (ConfUtils.java:logGet(43)) - raft.server.sleep.deviation.threshold = 300 (default)
2019-07-30 08:34:46,389 INFO  server.RaftServerConfigKeys (ConfUtils.java:logGet(43)) - raft.server.log.appender.install.snapshot.enabled = false (custom)
2019-07-30 08:34:46,389 INFO  impl.RaftServerImpl (ServerState.java:<init>(105)) - 232a2bf9-d263-4aa7-80bb-524225f6e47f:group-873C5B2665AF ConfigurationManager, init=-1: [232a2bf9-d263-4aa7-80bb-524225f6e47f:192.168.69.91:34608], old=null, confs=<EMPTY_MAP>
2019-07-30 08:34:46,389 INFO  server.RaftServerConfigKeys (ConfUtils.java:logGet(43)) - raft.server.storage.dir = [/workdir/hadoop-ozone/integration-test/target/test-dir/MiniOzoneClusterImpl-e31a0752-9b62-4336-8e3a-900744692c45/datanode-1/data/ratis] (custom)
2019-07-30 08:34:46,390 INFO  storage.RaftStorageDirectory (RaftStorageDirectory.java:analyzeStorage(246)) - The storage directory /workdir/hadoop-ozone/integration-test/target/test-dir/MiniOzoneClusterImpl-e31a0752-9b62-4336-8e3a-900744692c45/datanode-1/data/ratis/e6b704c9-0ed2-4c58-a861-873c5b2665af does not exist. Creating ...
2019-07-30 08:34:46,403 INFO  storage.RaftStorageDirectory (RaftStorageDirectory.java:tryLock(328)) - Lock on /workdir/hadoop-ozone/integration-test/target/test-dir/MiniOzoneClusterImpl-e31a0752-9b62-4336-8e3a-900744692c45/datanode-1/data/ratis/e6b704c9-0ed2-4c58-a861-873c5b2665af/in_use.lock acquired by nodename 5148@byscane-nightly-jdzkf-783033596
2019-07-30 08:34:46,415 INFO  storage.RaftStorage (RaftStorage.java:format(72)) - Storage directory /workdir/hadoop-ozone/integration-test/target/test-dir/MiniOzoneClusterImpl-e31a0752-9b62-4336-8e3a-900744692c45/datanode-1/data/ratis/e6b704c9-0ed2-4c58-a861-873c5b2665af has been successfully formatted.
2019-07-30 08:34:46,416 INFO  ratis.ContainerStateMachine (ContainerStateMachine.java:loadSnapshot(213)) - group-873C5B2665AF: The snapshot info is null. Setting the last applied indexto:(t:0, i:~)
2019-07-30 08:34:46,416 INFO  ozone.MiniOzoneClusterImpl (MiniOzoneClusterImpl.java:lambda$waitForClusterToBeReady$0(142)) - Cluster is ready. Got 3 of 3 DN Heartbeats.
2019-07-30 08:34:46,416 INFO  server.RaftServerConfigKeys (ConfUtils.java:logGet(43)) - raft.server.leader.election.timeout = 120s (custom)
2019-07-30 08:34:46,416 INFO  ozone.MiniOzoneClusterImpl (MiniOzoneClusterImpl.java:lambda$waitForClusterToBeReady$0(142)) - Cluster is ready. Got 3 of 3 DN Heartbeats.
2019-07-30 08:34:46,416 INFO  server.RaftServerConfigKeys (ConfUtils.java:logGet(43)) - raft.server.log.use.memory = false (default)
2019-07-30 08:34:46,417 INFO  server.RaftServerConfigKeys (ConfUtils.java:logGet(43)) - raft.server.log.purge.gap = 1000000000 (custom)
2019-07-30 08:34:46,417 INFO  server.RaftServerConfigKeys (ConfUtils.java:logGet(43)) - raft.server.log.appender.buffer.byte-limit = 33554432 (custom)
2019-07-30 08:34:46,417 INFO  server.RaftServerConfigKeys (ConfUtils.java:logGet(43)) - raft.server.log.segment.size.max = 1048576 (custom)
2019-07-30 08:34:46,418 INFO  server.RaftServerConfigKeys (ConfUtils.java:logGet(43)) - raft.server.log.segment.cache.num.max = 2 (custom)
2019-07-30 08:34:46,418 INFO  segmented.SegmentedRaftLogWorker (SegmentedRaftLogWorker.java:<init>(172)) - new 232a2bf9-d263-4aa7-80bb-524225f6e47f-SegmentedRaftLogWorker:Storage Directory /workdir/hadoop-ozone/integration-test/target/test-dir/MiniOzoneClusterImpl-e31a0752-9b62-4336-8e3a-900744692c45/datanode-1/data/ratis/e6b704c9-0ed2-4c58-a861-873c5b2665af for RaftStorage:Storage Directory /workdir/hadoop-ozone/integration-test/target/test-dir/MiniOzoneClusterImpl-e31a0752-9b62-4336-8e3a-900744692c45/datanode-1/data/ratis/e6b704c9-0ed2-4c58-a861-873c5b2665af
2019-07-30 08:34:46,418 INFO  server.RaftServerConfigKeys (ConfUtils.java:logGet(43)) - raft.server.log.queue.byte-limit = 2147483647 (custom)
2019-07-30 08:34:46,418 INFO  server.RaftServerConfigKeys (ConfUtils.java:logGet(43)) - raft.server.log.queue.element-limit = 1024 (custom)
2019-07-30 08:34:46,419 INFO  server.RaftServerConfigKeys (ConfUtils.java:logGet(43)) - raft.server.log.segment.size.max = 1048576 (custom)
2019-07-30 08:34:46,419 INFO  server.RaftServerConfigKeys (ConfUtils.java:logGet(43)) - raft.server.log.preallocated.size = 16384 (custom)
2019-07-30 08:34:46,419 INFO  server.RaftServerConfigKeys (ConfUtils.java:logGet(43)) - raft.server.log.write.buffer.size = 33554432 (custom)
2019-07-30 08:34:46,419 INFO  server.RaftServerConfigKeys (ConfUtils.java:logGet(43)) - raft.server.log.force.sync.num = 128 (default)
2019-07-30 08:34:46,419 INFO  server.RaftServerConfigKeys (ConfUtils.java:logGet(43)) - raft.server.log.statemachine.data.sync = true (default)
2019-07-30 08:34:46,420 INFO  server.RaftServerConfigKeys (ConfUtils.java:logGet(43)) - raft.server.log.statemachine.data.sync.timeout = 10s (default)
2019-07-30 08:34:46,420 INFO  server.RaftServerConfigKeys (ConfUtils.java:logGet(43)) - raft.server.log.statemachine.data.sync.timeout.retry = -1 (default)
2019-07-30 08:34:46,420 INFO  server.RaftServerConfigKeys (ConfUtils.java:logGet(43)) - raft.server.log.statemachine.data.caching.enabled = true (custom)
2019-07-30 08:34:46,421 INFO  segmented.SegmentedRaftLogWorker (SegmentedRaftLogWorker.java:lambda$new$0(132)) - 232a2bf9-d263-4aa7-80bb-524225f6e47f-SegmentedRaftLogWorker:Storage Directory /workdir/hadoop-ozone/integration-test/target/test-dir/MiniOzoneClusterImpl-e31a0752-9b62-4336-8e3a-900744692c45/datanode-1/data/ratis/e6b704c9-0ed2-4c58-a861-873c5b2665af: flushIndex: setUnconditionally 0 -> -1
2019-07-30 08:34:46,421 INFO  server.RaftServerConfigKeys (ConfUtils.java:logGet(43)) - raft.server.snapshot.auto.trigger.enabled = true (custom)
2019-07-30 08:34:46,421 INFO  server.RaftServerConfigKeys (ConfUtils.java:logGet(43)) - raft.server.snapshot.auto.trigger.threshold = 10000 (custom)
2019-07-30 08:34:46,421 INFO  server.RaftServerConfigKeys (ConfUtils.java:logGet(43)) - raft.server.retrycache.expirytime = 600000ms (custom)
2019-07-30 08:34:46,422 INFO  impl.RaftServerImpl (RaftServerImpl.java:start(180)) - 232a2bf9-d263-4aa7-80bb-524225f6e47f: start group-873C5B2665AF
2019-07-30 08:34:46,422 INFO  impl.RaftServerImpl (RaftServerImpl.java:setRole(171)) - 232a2bf9-d263-4aa7-80bb-524225f6e47f:group-873C5B2665AF changes role from null to FOLLOWER at term 0 for startAsFollower
2019-07-30 08:34:46,422 INFO  impl.RoleInfo (RoleInfo.java:updateAndGet(143)) - 232a2bf9-d263-4aa7-80bb-524225f6e47f: start FollowerState
2019-07-30 08:34:46,423 INFO  util.JmxRegister (JmxRegister.java:tryRegister(44)) - Successfully registered JMX Bean with object name Ratis:service=RaftServer,group=group-873C5B2665AF,id=232a2bf9-d263-4aa7-80bb-524225f6e47f
2019-07-30 08:34:46,435 INFO  pipeline.PipelineStateManager (PipelineStateManager.java:addPipeline(56)) - Created pipeline Pipeline[ Id: e6b704c9-0ed2-4c58-a861-873c5b2665af, Nodes: 232a2bf9-d263-4aa7-80bb-524225f6e47f{ip: 192.168.69.91, host: byscane-nightly-jdzkf-783033596, networkLocation: /default-rack, certSerialId: null}, Type:RATIS, Factor:ONE, State:OPEN]
2019-07-30 08:34:46,486 INFO  impl.RaftServerProxy (RaftServerProxy.java:addNew(89)) - f44958c0-c3f3-4805-a29c-0cdc0cce485f: addNew group-D359279D651B:[aed5c1bf-593b-4e75-a903-285fbc2f0ff2:192.168.69.91:45093, f44958c0-c3f3-4805-a29c-0cdc0cce485f:192.168.69.91:35529, 232a2bf9-d263-4aa7-80bb-524225f6e47f:192.168.69.91:34608] returns group-D359279D651B:java.util.concurrent.CompletableFuture@47806a1[Not completed]
2019-07-30 08:34:46,492 INFO  impl.RaftServerProxy (RaftServerProxy.java:addNew(89)) - 232a2bf9-d263-4aa7-80bb-524225f6e47f: addNew group-D359279D651B:[aed5c1bf-593b-4e75-a903-285fbc2f0ff2:192.168.69.91:45093, f44958c0-c3f3-4805-a29c-0cdc0cce485f:192.168.69.91:35529, 232a2bf9-d263-4aa7-80bb-524225f6e47f:192.168.69.91:34608] returns group-D359279D651B:java.util.concurrent.CompletableFuture@4c998b51[Not completed]
2019-07-30 08:34:46,492 INFO  impl.RaftServerProxy (RaftServerProxy.java:addNew(89)) - aed5c1bf-593b-4e75-a903-285fbc2f0ff2: addNew group-D359279D651B:[aed5c1bf-593b-4e75-a903-285fbc2f0ff2:192.168.69.91:45093, f44958c0-c3f3-4805-a29c-0cdc0cce485f:192.168.69.91:35529, 232a2bf9-d263-4aa7-80bb-524225f6e47f:192.168.69.91:34608] returns group-D359279D651B:java.util.concurrent.CompletableFuture@621047b2[Not completed]
2019-07-30 08:34:46,493 INFO  impl.RaftServerImpl (RaftServerImpl.java:<init>(93)) - f44958c0-c3f3-4805-a29c-0cdc0cce485f: new RaftServerImpl for group-D359279D651B:[aed5c1bf-593b-4e75-a903-285fbc2f0ff2:192.168.69.91:45093, f44958c0-c3f3-4805-a29c-0cdc0cce485f:192.168.69.91:35529, 232a2bf9-d263-4aa7-80bb-524225f6e47f:192.168.69.91:34608] with ContainerStateMachine:uninitialized
2019-07-30 08:34:46,493 INFO  server.RaftServerConfigKeys (ConfUtils.java:logGet(43)) - raft.server.rpc.timeout.min = 5s (custom)
2019-07-30 08:34:46,493 INFO  server.RaftServerConfigKeys (ConfUtils.java:logGet(43)) - raft.server.rpc.timeout.max = 5200ms (custom)
2019-07-30 08:34:46,493 INFO  server.RaftServerConfigKeys (ConfUtils.java:logGet(43)) - raft.server.rpcslowness.timeout = 120s (custom)
2019-07-30 08:34:46,494 INFO  impl.RaftServerImpl (RaftServerImpl.java:<init>(93)) - 232a2bf9-d263-4aa7-80bb-524225f6e47f: new RaftServerImpl for group-D359279D651B:[aed5c1bf-593b-4e75-a903-285fbc2f0ff2:192.168.69.91:45093, f44958c0-c3f3-4805-a29c-0cdc0cce485f:192.168.69.91:35529, 232a2bf9-d263-4aa7-80bb-524225f6e47f:192.168.69.91:34608] with ContainerStateMachine:uninitialized
2019-07-30 08:34:46,494 INFO  server.RaftServerConfigKeys (ConfUtils.java:logGet(43)) - raft.server.sleep.deviation.threshold = 300 (default)
2019-07-30 08:34:46,494 INFO  server.RaftServerConfigKeys (ConfUtils.java:logGet(43)) - raft.server.rpc.timeout.min = 5s (custom)
2019-07-30 08:34:46,494 INFO  server.RaftServerConfigKeys (ConfUtils.java:logGet(43)) - raft.server.log.appender.install.snapshot.enabled = false (custom)
2019-07-30 08:34:46,494 INFO  server.RaftServerConfigKeys (ConfUtils.java:logGet(43)) - raft.server.rpc.timeout.max = 5200ms (custom)
2019-07-30 08:34:46,494 INFO  impl.RaftServerImpl (ServerState.java:<init>(105)) - f44958c0-c3f3-4805-a29c-0cdc0cce485f:group-D359279D651B ConfigurationManager, init=-1: [aed5c1bf-593b-4e75-a903-285fbc2f0ff2:192.168.69.91:45093, f44958c0-c3f3-4805-a29c-0cdc0cce485f:192.168.69.91:35529, 232a2bf9-d263-4aa7-80bb-524225f6e47f:192.168.69.91:34608], old=null, confs=<EMPTY_MAP>
2019-07-30 08:34:46,495 INFO  impl.RaftServerImpl (RaftServerImpl.java:<init>(93)) - aed5c1bf-593b-4e75-a903-285fbc2f0ff2: new RaftServerImpl for group-D359279D651B:[aed5c1bf-593b-4e75-a903-285fbc2f0ff2:192.168.69.91:45093, f44958c0-c3f3-4805-a29c-0cdc0cce485f:192.168.69.91:35529, 232a2bf9-d263-4aa7-80bb-524225f6e47f:192.168.69.91:34608] with ContainerStateMachine:uninitialized
2019-07-30 08:34:46,494 INFO  server.RaftServerConfigKeys (ConfUtils.java:logGet(43)) - raft.server.rpcslowness.timeout = 120s (custom)
2019-07-30 08:34:46,495 INFO  server.RaftServerConfigKeys (ConfUtils.java:logGet(43)) - raft.server.rpc.timeout.min = 5s (custom)
2019-07-30 08:34:46,495 INFO  server.RaftServerConfigKeys (ConfUtils.java:logGet(43)) - raft.server.storage.dir = [/workdir/hadoop-ozone/integration-test/target/test-dir/MiniOzoneClusterImpl-e31a0752-9b62-4336-8e3a-900744692c45/datanode-0/data/ratis] (custom)
2019-07-30 08:34:46,495 INFO  server.RaftServerConfigKeys (ConfUtils.java:logGet(43)) - raft.server.rpc.timeout.max = 5200ms (custom)
2019-07-30 08:34:46,495 INFO  server.RaftServerConfigKeys (ConfUtils.java:logGet(43)) - raft.server.sleep.deviation.threshold = 300 (default)
2019-07-30 08:34:46,495 INFO  server.RaftServerConfigKeys (ConfUtils.java:logGet(43)) - raft.server.rpcslowness.timeout = 120s (custom)
2019-07-30 08:34:46,496 INFO  storage.RaftStorageDirectory (RaftStorageDirectory.java:analyzeStorage(246)) - The storage directory /workdir/hadoop-ozone/integration-test/target/test-dir/MiniOzoneClusterImpl-e31a0752-9b62-4336-8e3a-900744692c45/datanode-0/data/ratis/0845d456-d14f-4c7e-99b9-d359279d651b does not exist. Creating ...
2019-07-30 08:34:46,496 INFO  server.RaftServerConfigKeys (ConfUtils.java:logGet(43)) - raft.server.log.appender.install.snapshot.enabled = false (custom)
2019-07-30 08:34:46,496 INFO  server.RaftServerConfigKeys (ConfUtils.java:logGet(43)) - raft.server.sleep.deviation.threshold = 300 (default)
2019-07-30 08:34:46,496 INFO  impl.RaftServerImpl (ServerState.java:<init>(105)) - 232a2bf9-d263-4aa7-80bb-524225f6e47f:group-D359279D651B ConfigurationManager, init=-1: [aed5c1bf-593b-4e75-a903-285fbc2f0ff2:192.168.69.91:45093, f44958c0-c3f3-4805-a29c-0cdc0cce485f:192.168.69.91:35529, 232a2bf9-d263-4aa7-80bb-524225f6e47f:192.168.69.91:34608], old=null, confs=<EMPTY_MAP>
2019-07-30 08:34:46,497 INFO  server.RaftServerConfigKeys (ConfUtils.java:logGet(43)) - raft.server.log.appender.install.snapshot.enabled = false (custom)
2019-07-30 08:34:46,497 INFO  server.RaftServerConfigKeys (ConfUtils.java:logGet(43)) - raft.server.storage.dir = [/workdir/hadoop-ozone/integration-test/target/test-dir/MiniOzoneClusterImpl-e31a0752-9b62-4336-8e3a-900744692c45/datanode-1/data/ratis] (custom)
2019-07-30 08:34:46,497 INFO  impl.RaftServerImpl (ServerState.java:<init>(105)) - aed5c1bf-593b-4e75-a903-285fbc2f0ff2:group-D359279D651B ConfigurationManager, init=-1: [aed5c1bf-593b-4e75-a903-285fbc2f0ff2:192.168.69.91:45093, f44958c0-c3f3-4805-a29c-0cdc0cce485f:192.168.69.91:35529, 232a2bf9-d263-4aa7-80bb-524225f6e47f:192.168.69.91:34608], old=null, confs=<EMPTY_MAP>
2019-07-30 08:34:46,497 INFO  server.RaftServerConfigKeys (ConfUtils.java:logGet(43)) - raft.server.storage.dir = [/workdir/hadoop-ozone/integration-test/target/test-dir/MiniOzoneClusterImpl-e31a0752-9b62-4336-8e3a-900744692c45/datanode-2/data/ratis] (custom)
2019-07-30 08:34:46,497 INFO  storage.RaftStorageDirectory (RaftStorageDirectory.java:analyzeStorage(246)) - The storage directory /workdir/hadoop-ozone/integration-test/target/test-dir/MiniOzoneClusterImpl-e31a0752-9b62-4336-8e3a-900744692c45/datanode-1/data/ratis/0845d456-d14f-4c7e-99b9-d359279d651b does not exist. Creating ...
2019-07-30 08:34:46,498 INFO  storage.RaftStorageDirectory (RaftStorageDirectory.java:analyzeStorage(246)) - The storage directory /workdir/hadoop-ozone/integration-test/target/test-dir/MiniOzoneClusterImpl-e31a0752-9b62-4336-8e3a-900744692c45/datanode-2/data/ratis/0845d456-d14f-4c7e-99b9-d359279d651b does not exist. Creating ...
2019-07-30 08:34:46,521 INFO  storage.RaftStorageDirectory (RaftStorageDirectory.java:tryLock(328)) - Lock on /workdir/hadoop-ozone/integration-test/target/test-dir/MiniOzoneClusterImpl-e31a0752-9b62-4336-8e3a-900744692c45/datanode-1/data/ratis/0845d456-d14f-4c7e-99b9-d359279d651b/in_use.lock acquired by nodename 5148@byscane-nightly-jdzkf-783033596
2019-07-30 08:34:46,521 INFO  storage.RaftStorageDirectory (RaftStorageDirectory.java:tryLock(328)) - Lock on /workdir/hadoop-ozone/integration-test/target/test-dir/MiniOzoneClusterImpl-e31a0752-9b62-4336-8e3a-900744692c45/datanode-2/data/ratis/0845d456-d14f-4c7e-99b9-d359279d651b/in_use.lock acquired by nodename 5148@byscane-nightly-jdzkf-783033596
2019-07-30 08:34:46,521 INFO  storage.RaftStorageDirectory (RaftStorageDirectory.java:tryLock(328)) - Lock on /workdir/hadoop-ozone/integration-test/target/test-dir/MiniOzoneClusterImpl-e31a0752-9b62-4336-8e3a-900744692c45/datanode-0/data/ratis/0845d456-d14f-4c7e-99b9-d359279d651b/in_use.lock acquired by nodename 5148@byscane-nightly-jdzkf-783033596
2019-07-30 08:34:46,535 INFO  storage.RaftStorage (RaftStorage.java:format(72)) - Storage directory /workdir/hadoop-ozone/integration-test/target/test-dir/MiniOzoneClusterImpl-e31a0752-9b62-4336-8e3a-900744692c45/datanode-2/data/ratis/0845d456-d14f-4c7e-99b9-d359279d651b has been successfully formatted.
2019-07-30 08:34:46,535 INFO  storage.RaftStorage (RaftStorage.java:format(72)) - Storage directory /workdir/hadoop-ozone/integration-test/target/test-dir/MiniOzoneClusterImpl-e31a0752-9b62-4336-8e3a-900744692c45/datanode-0/data/ratis/0845d456-d14f-4c7e-99b9-d359279d651b has been successfully formatted.
2019-07-30 08:34:46,535 INFO  ratis.ContainerStateMachine (ContainerStateMachine.java:loadSnapshot(213)) - group-D359279D651B: The snapshot info is null. Setting the last applied indexto:(t:0, i:~)
2019-07-30 08:34:46,535 INFO  storage.RaftStorage (RaftStorage.java:format(72)) - Storage directory /workdir/hadoop-ozone/integration-test/target/test-dir/MiniOzoneClusterImpl-e31a0752-9b62-4336-8e3a-900744692c45/datanode-1/data/ratis/0845d456-d14f-4c7e-99b9-d359279d651b has been successfully formatted.
2019-07-30 08:34:46,536 INFO  server.RaftServerConfigKeys (ConfUtils.java:logGet(43)) - raft.server.leader.election.timeout = 120s (custom)
2019-07-30 08:34:46,536 INFO  ratis.ContainerStateMachine (ContainerStateMachine.java:loadSnapshot(213)) - group-D359279D651B: The snapshot info is null. Setting the last applied indexto:(t:0, i:~)
2019-07-30 08:34:46,536 INFO  server.RaftServerConfigKeys (ConfUtils.java:logGet(43)) - raft.server.log.use.memory = false (default)
2019-07-30 08:34:46,536 INFO  ratis.ContainerStateMachine (ContainerStateMachine.java:loadSnapshot(213)) - group-D359279D651B: The snapshot info is null. Setting the last applied indexto:(t:0, i:~)
2019-07-30 08:34:46,537 INFO  server.RaftServerConfigKeys (ConfUtils.java:logGet(43)) - raft.server.log.purge.gap = 1000000000 (custom)
2019-07-30 08:34:46,536 INFO  server.RaftServerConfigKeys (ConfUtils.java:logGet(43)) - raft.server.leader.election.timeout = 120s (custom)
2019-07-30 08:34:46,537 INFO  server.RaftServerConfigKeys (ConfUtils.java:logGet(43)) - raft.server.log.appender.buffer.byte-limit = 33554432 (custom)
2019-07-30 08:34:46,537 INFO  server.RaftServerConfigKeys (ConfUtils.java:logGet(43)) - raft.server.leader.election.timeout = 120s (custom)
2019-07-30 08:34:46,537 INFO  server.RaftServerConfigKeys (ConfUtils.java:logGet(43)) - raft.server.log.segment.size.max = 1048576 (custom)
2019-07-30 08:34:46,537 INFO  server.RaftServerConfigKeys (ConfUtils.java:logGet(43)) - raft.server.log.use.memory = false (default)
2019-07-30 08:34:46,538 INFO  server.RaftServerConfigKeys (ConfUtils.java:logGet(43)) - raft.server.log.segment.cache.num.max = 2 (custom)
2019-07-30 08:34:46,537 INFO  server.RaftServerConfigKeys (ConfUtils.java:logGet(43)) - raft.server.log.use.memory = false (default)
2019-07-30 08:34:46,538 INFO  segmented.SegmentedRaftLogWorker (SegmentedRaftLogWorker.java:<init>(172)) - new aed5c1bf-593b-4e75-a903-285fbc2f0ff2-SegmentedRaftLogWorker:Storage Directory /workdir/hadoop-ozone/integration-test/target/test-dir/MiniOzoneClusterImpl-e31a0752-9b62-4336-8e3a-900744692c45/datanode-2/data/ratis/0845d456-d14f-4c7e-99b9-d359279d651b for RaftStorage:Storage Directory /workdir/hadoop-ozone/integration-test/target/test-dir/MiniOzoneClusterImpl-e31a0752-9b62-4336-8e3a-900744692c45/datanode-2/data/ratis/0845d456-d14f-4c7e-99b9-d359279d651b
2019-07-30 08:34:46,538 INFO  server.RaftServerConfigKeys (ConfUtils.java:logGet(43)) - raft.server.log.purge.gap = 1000000000 (custom)
2019-07-30 08:34:46,538 INFO  server.RaftServerConfigKeys (ConfUtils.java:logGet(43)) - raft.server.log.queue.byte-limit = 2147483647 (custom)
2019-07-30 08:34:46,538 INFO  server.RaftServerConfigKeys (ConfUtils.java:logGet(43)) - raft.server.log.purge.gap = 1000000000 (custom)
2019-07-30 08:34:46,540 INFO  server.RaftServerConfigKeys (ConfUtils.java:logGet(43)) - raft.server.log.queue.element-limit = 1024 (custom)
2019-07-30 08:34:46,539 INFO  server.RaftServerConfigKeys (ConfUtils.java:logGet(43)) - raft.server.log.appender.buffer.byte-limit = 33554432 (custom)
2019-07-30 08:34:46,540 INFO  server.RaftServerConfigKeys (ConfUtils.java:logGet(43)) - raft.server.log.segment.size.max = 1048576 (custom)
2019-07-30 08:34:46,540 INFO  server.RaftServerConfigKeys (ConfUtils.java:logGet(43)) - raft.server.log.appender.buffer.byte-limit = 33554432 (custom)
2019-07-30 08:34:46,541 INFO  server.RaftServerConfigKeys (ConfUtils.java:logGet(43)) - raft.server.log.preallocated.size = 16384 (custom)
2019-07-30 08:34:46,541 INFO  server.RaftServerConfigKeys (ConfUtils.java:logGet(43)) - raft.server.log.segment.size.max = 1048576 (custom)
2019-07-30 08:34:46,541 INFO  server.RaftServerConfigKeys (ConfUtils.java:logGet(43)) - raft.server.log.write.buffer.size = 33554432 (custom)
2019-07-30 08:34:46,541 INFO  server.RaftServerConfigKeys (ConfUtils.java:logGet(43)) - raft.server.log.segment.size.max = 1048576 (custom)
2019-07-30 08:34:46,543 INFO  server.RaftServerConfigKeys (ConfUtils.java:logGet(43)) - raft.server.log.force.sync.num = 128 (default)
2019-07-30 08:34:46,543 INFO  server.RaftServerConfigKeys (ConfUtils.java:logGet(43)) - raft.server.log.segment.cache.num.max = 2 (custom)
2019-07-30 08:34:46,543 INFO  server.RaftServerConfigKeys (ConfUtils.java:logGet(43)) - raft.server.log.statemachine.data.sync = true (default)
2019-07-30 08:34:46,543 INFO  server.RaftServerConfigKeys (ConfUtils.java:logGet(43)) - raft.server.log.segment.cache.num.max = 2 (custom)
2019-07-30 08:34:46,544 INFO  server.RaftServerConfigKeys (ConfUtils.java:logGet(43)) - raft.server.log.statemachine.data.sync.timeout = 10s (default)
2019-07-30 08:34:46,543 INFO  segmented.SegmentedRaftLogWorker (SegmentedRaftLogWorker.java:<init>(172)) - new f44958c0-c3f3-4805-a29c-0cdc0cce485f-SegmentedRaftLogWorker:Storage Directory /workdir/hadoop-ozone/integration-test/target/test-dir/MiniOzoneClusterImpl-e31a0752-9b62-4336-8e3a-900744692c45/datanode-0/data/ratis/0845d456-d14f-4c7e-99b9-d359279d651b for RaftStorage:Storage Directory /workdir/hadoop-ozone/integration-test/target/test-dir/MiniOzoneClusterImpl-e31a0752-9b62-4336-8e3a-900744692c45/datanode-0/data/ratis/0845d456-d14f-4c7e-99b9-d359279d651b
2019-07-30 08:34:46,544 INFO  server.RaftServerConfigKeys (ConfUtils.java:logGet(43)) - raft.server.log.statemachine.data.sync.timeout.retry = -1 (default)
2019-07-30 08:34:46,544 INFO  segmented.SegmentedRaftLogWorker (SegmentedRaftLogWorker.java:<init>(172)) - new 232a2bf9-d263-4aa7-80bb-524225f6e47f-SegmentedRaftLogWorker:Storage Directory /workdir/hadoop-ozone/integration-test/target/test-dir/MiniOzoneClusterImpl-e31a0752-9b62-4336-8e3a-900744692c45/datanode-1/data/ratis/0845d456-d14f-4c7e-99b9-d359279d651b for RaftStorage:Storage Directory /workdir/hadoop-ozone/integration-test/target/test-dir/MiniOzoneClusterImpl-e31a0752-9b62-4336-8e3a-900744692c45/datanode-1/data/ratis/0845d456-d14f-4c7e-99b9-d359279d651b
2019-07-30 08:34:46,546 INFO  server.RaftServerConfigKeys (ConfUtils.java:logGet(43)) - raft.server.log.statemachine.data.caching.enabled = true (custom)
2019-07-30 08:34:46,544 INFO  server.RaftServerConfigKeys (ConfUtils.java:logGet(43)) - raft.server.log.queue.byte-limit = 2147483647 (custom)
2019-07-30 08:34:46,547 INFO  segmented.SegmentedRaftLogWorker (SegmentedRaftLogWorker.java:lambda$new$0(132)) - aed5c1bf-593b-4e75-a903-285fbc2f0ff2-SegmentedRaftLogWorker:Storage Directory /workdir/hadoop-ozone/integration-test/target/test-dir/MiniOzoneClusterImpl-e31a0752-9b62-4336-8e3a-900744692c45/datanode-2/data/ratis/0845d456-d14f-4c7e-99b9-d359279d651b: flushIndex: setUnconditionally 0 -> -1
2019-07-30 08:34:46,546 INFO  server.RaftServerConfigKeys (ConfUtils.java:logGet(43)) - raft.server.log.queue.byte-limit = 2147483647 (custom)
2019-07-30 08:34:46,547 INFO  server.RaftServerConfigKeys (ConfUtils.java:logGet(43)) - raft.server.log.queue.element-limit = 1024 (custom)
2019-07-30 08:34:46,548 INFO  server.RaftServerConfigKeys (ConfUtils.java:logGet(43)) - raft.server.log.queue.element-limit = 1024 (custom)
2019-07-30 08:34:46,548 INFO  server.RaftServerConfigKeys (ConfUtils.java:logGet(43)) - raft.server.snapshot.auto.trigger.enabled = true (custom)
2019-07-30 08:34:46,548 INFO  server.RaftServerConfigKeys (ConfUtils.java:logGet(43)) - raft.server.log.segment.size.max = 1048576 (custom)
2019-07-30 08:34:46,548 INFO  server.RaftServerConfigKeys (ConfUtils.java:logGet(43)) - raft.server.log.segment.size.max = 1048576 (custom)
2019-07-30 08:34:46,548 INFO  server.RaftServerConfigKeys (ConfUtils.java:logGet(43)) - raft.server.log.preallocated.size = 16384 (custom)
2019-07-30 08:34:46,548 INFO  server.RaftServerConfigKeys (ConfUtils.java:logGet(43)) - raft.server.snapshot.auto.trigger.threshold = 10000 (custom)
2019-07-30 08:34:46,549 INFO  server.RaftServerConfigKeys (ConfUtils.java:logGet(43)) - raft.server.log.write.buffer.size = 33554432 (custom)
2019-07-30 08:34:46,549 INFO  server.RaftServerConfigKeys (ConfUtils.java:logGet(43)) - raft.server.log.preallocated.size = 16384 (custom)
2019-07-30 08:34:46,549 INFO  server.RaftServerConfigKeys (ConfUtils.java:logGet(43)) - raft.server.log.force.sync.num = 128 (default)
2019-07-30 08:34:46,549 INFO  server.RaftServerConfigKeys (ConfUtils.java:logGet(43)) - raft.server.retrycache.expirytime = 600000ms (custom)
2019-07-30 08:34:46,550 INFO  server.RaftServerConfigKeys (ConfUtils.java:logGet(43)) - raft.server.log.statemachine.data.sync = true (default)
2019-07-30 08:34:46,549 INFO  server.RaftServerConfigKeys (ConfUtils.java:logGet(43)) - raft.server.log.write.buffer.size = 33554432 (custom)
2019-07-30 08:34:46,550 INFO  server.RaftServerConfigKeys (ConfUtils.java:logGet(43)) - raft.server.log.statemachine.data.sync.timeout = 10s (default)
2019-07-30 08:34:46,550 INFO  impl.RaftServerImpl (RaftServerImpl.java:start(180)) - aed5c1bf-593b-4e75-a903-285fbc2f0ff2: start group-D359279D651B
2019-07-30 08:34:46,550 INFO  server.RaftServerConfigKeys (ConfUtils.java:logGet(43)) - raft.server.log.statemachine.data.sync.timeout.retry = -1 (default)
2019-07-30 08:34:46,550 INFO  server.RaftServerConfigKeys (ConfUtils.java:logGet(43)) - raft.server.log.force.sync.num = 128 (default)
2019-07-30 08:34:46,551 INFO  server.RaftServerConfigKeys (ConfUtils.java:logGet(43)) - raft.server.log.statemachine.data.caching.enabled = true (custom)
2019-07-30 08:34:46,551 INFO  impl.RaftServerImpl (RaftServerImpl.java:setRole(171)) - aed5c1bf-593b-4e75-a903-285fbc2f0ff2:group-D359279D651B changes role from null to FOLLOWER at term 0 for startAsFollower
2019-07-30 08:34:46,551 INFO  server.RaftServerConfigKeys (ConfUtils.java:logGet(43)) - raft.server.log.statemachine.data.sync = true (default)
2019-07-30 08:34:46,551 INFO  segmented.SegmentedRaftLogWorker (SegmentedRaftLogWorker.java:lambda$new$0(132)) - 232a2bf9-d263-4aa7-80bb-524225f6e47f-SegmentedRaftLogWorker:Storage Directory /workdir/hadoop-ozone/integration-test/target/test-dir/MiniOzoneClusterImpl-e31a0752-9b62-4336-8e3a-900744692c45/datanode-1/data/ratis/0845d456-d14f-4c7e-99b9-d359279d651b: flushIndex: setUnconditionally 0 -> -1
2019-07-30 08:34:46,551 INFO  impl.RoleInfo (RoleInfo.java:updateAndGet(143)) - aed5c1bf-593b-4e75-a903-285fbc2f0ff2: start FollowerState
2019-07-30 08:34:46,552 INFO  server.RaftServerConfigKeys (ConfUtils.java:logGet(43)) - raft.server.log.statemachine.data.sync.timeout = 10s (default)
2019-07-30 08:34:46,552 INFO  server.RaftServerConfigKeys (ConfUtils.java:logGet(43)) - raft.server.snapshot.auto.trigger.enabled = true (custom)
2019-07-30 08:34:46,552 INFO  util.JmxRegister (JmxRegister.java:tryRegister(44)) - Successfully registered JMX Bean with object name Ratis:service=RaftServer,group=group-D359279D651B,id=aed5c1bf-593b-4e75-a903-285fbc2f0ff2
2019-07-30 08:34:46,552 INFO  server.RaftServerConfigKeys (ConfUtils.java:logGet(43)) - raft.server.log.statemachine.data.sync.timeout.retry = -1 (default)
2019-07-30 08:34:46,552 INFO  server.RaftServerConfigKeys (ConfUtils.java:logGet(43)) - raft.server.snapshot.auto.trigger.threshold = 10000 (custom)
2019-07-30 08:34:46,553 INFO  server.RaftServerConfigKeys (ConfUtils.java:logGet(43)) - raft.server.log.statemachine.data.caching.enabled = true (custom)
2019-07-30 08:34:46,553 INFO  server.RaftServerConfigKeys (ConfUtils.java:logGet(43)) - raft.server.retrycache.expirytime = 600000ms (custom)
2019-07-30 08:34:46,553 INFO  impl.RaftServerImpl (RaftServerImpl.java:start(180)) - 232a2bf9-d263-4aa7-80bb-524225f6e47f: start group-D359279D651B
2019-07-30 08:34:46,553 INFO  segmented.SegmentedRaftLogWorker (SegmentedRaftLogWorker.java:lambda$new$0(132)) - f44958c0-c3f3-4805-a29c-0cdc0cce485f-SegmentedRaftLogWorker:Storage Directory /workdir/hadoop-ozone/integration-test/target/test-dir/MiniOzoneClusterImpl-e31a0752-9b62-4336-8e3a-900744692c45/datanode-0/data/ratis/0845d456-d14f-4c7e-99b9-d359279d651b: flushIndex: setUnconditionally 0 -> -1
2019-07-30 08:34:46,553 INFO  impl.RaftServerImpl (RaftServerImpl.java:setRole(171)) - 232a2bf9-d263-4aa7-80bb-524225f6e47f:group-D359279D651B changes role from null to FOLLOWER at term 0 for startAsFollower
2019-07-30 08:34:46,556 INFO  impl.RoleInfo (RoleInfo.java:updateAndGet(143)) - 232a2bf9-d263-4aa7-80bb-524225f6e47f: start FollowerState
2019-07-30 08:34:46,556 INFO  server.RaftServerConfigKeys (ConfUtils.java:logGet(43)) - raft.server.snapshot.auto.trigger.enabled = true (custom)
2019-07-30 08:34:46,556 INFO  server.RaftServerConfigKeys (ConfUtils.java:logGet(43)) - raft.server.snapshot.auto.trigger.threshold = 10000 (custom)
2019-07-30 08:34:46,556 INFO  util.JmxRegister (JmxRegister.java:tryRegister(44)) - Successfully registered JMX Bean with object name Ratis:service=RaftServer,group=group-D359279D651B,id=232a2bf9-d263-4aa7-80bb-524225f6e47f
2019-07-30 08:34:46,557 INFO  server.RaftServerConfigKeys (ConfUtils.java:logGet(43)) - raft.server.retrycache.expirytime = 600000ms (custom)
2019-07-30 08:34:46,557 INFO  impl.RaftServerImpl (RaftServerImpl.java:start(180)) - f44958c0-c3f3-4805-a29c-0cdc0cce485f: start group-D359279D651B
2019-07-30 08:34:46,558 INFO  impl.RaftServerImpl (RaftServerImpl.java:setRole(171)) - f44958c0-c3f3-4805-a29c-0cdc0cce485f:group-D359279D651B changes role from null to FOLLOWER at term 0 for startAsFollower
2019-07-30 08:34:46,559 INFO  impl.RoleInfo (RoleInfo.java:updateAndGet(143)) - f44958c0-c3f3-4805-a29c-0cdc0cce485f: start FollowerState
2019-07-30 08:34:46,565 INFO  util.JmxRegister (JmxRegister.java:tryRegister(44)) - Successfully registered JMX Bean with object name Ratis:service=RaftServer,group=group-D359279D651B,id=f44958c0-c3f3-4805-a29c-0cdc0cce485f
2019-07-30 08:34:46,587 INFO  pipeline.PipelineStateManager (PipelineStateManager.java:addPipeline(56)) - Created pipeline Pipeline[ Id: 0845d456-d14f-4c7e-99b9-d359279d651b, Nodes: aed5c1bf-593b-4e75-a903-285fbc2f0ff2{ip: 192.168.69.91, host: byscane-nightly-jdzkf-783033596, networkLocation: /default-rack, certSerialId: null}232a2bf9-d263-4aa7-80bb-524225f6e47f{ip: 192.168.69.91, host: byscane-nightly-jdzkf-783033596, networkLocation: /default-rack, certSerialId: null}f44958c0-c3f3-4805-a29c-0cdc0cce485f{ip: 192.168.69.91, host: byscane-nightly-jdzkf-783033596, networkLocation: /default-rack, certSerialId: null}, Type:RATIS, Factor:THREE, State:OPEN]
2019-07-30 08:34:46,809 INFO  rpc.RpcClient (RpcClient.java:createVolume(290)) - Creating Volume: 7189815d-d7a8-43de-b559-b29b4013cd01, with bilbo as owner and quota set to 109951162777600 bytes.
2019-07-30 08:34:46,879 INFO  rpc.RpcClient (RpcClient.java:createBucket(425)) - Creating Bucket: 7189815d-d7a8-43de-b559-b29b4013cd01/ade07708-f285-4cd6-9042-8f0087a34e27, with Versioning false and Storage Type set to DISK and Encryption set to false 
2019-07-30 08:34:46,958 INFO  pipeline.PipelineStateManager (PipelineStateManager.java:addPipeline(56)) - Created pipeline Pipeline[ Id: 2b03028a-0a23-4a28-91e5-9a9214c632a6, Nodes: 232a2bf9-d263-4aa7-80bb-524225f6e47f{ip: 192.168.69.91, host: byscane-nightly-jdzkf-783033596, networkLocation: /default-rack, certSerialId: null}, Type:STAND_ALONE, Factor:ONE, State:OPEN]
2019-07-30 08:34:47,057 INFO  impl.MetricsSystemImpl (MetricsSystemImpl.java:init(158)) - XceiverClientMetrics metrics system started (again)
2019-07-30 08:34:47,727 INFO  keyvalue.KeyValueHandler (ContainerUtils.java:logAndReturnError(146)) - Operation: CreateContainer : Trace ID: 9588a792bf898192:9588a792bf898192:0:0 : Message: Container creation failed, due to disk out of space : Result: DISK_OUT_OF_SPACE
08:34:47.729 [grpc-default-executor-1] ERROR DNAudit - user=null | ip=null | op=WRITE_CHUNK {blockData=conID: 3 locID: 102529478665043973 bcsId: 0} | ret=FAILURE
org.apache.hadoop.hdds.scm.container.common.helpers.StorageContainerException: ContainerID 3 creation failed
	at org.apache.hadoop.ozone.container.common.impl.HddsDispatcher.dispatchRequest(HddsDispatcher.java:227) [hadoop-hdds-container-service-0.4.1-SNAPSHOT.jar:?]
	at org.apache.hadoop.ozone.container.common.impl.HddsDispatcher.dispatch(HddsDispatcher.java:148) [hadoop-hdds-container-service-0.4.1-SNAPSHOT.jar:?]
	at org.apache.hadoop.ozone.container.common.transport.server.GrpcXceiverService$1.onNext(GrpcXceiverService.java:73) [hadoop-hdds-container-service-0.4.1-SNAPSHOT.jar:?]
	at org.apache.hadoop.ozone.container.common.transport.server.GrpcXceiverService$1.onNext(GrpcXceiverService.java:61) [hadoop-hdds-container-service-0.4.1-SNAPSHOT.jar:?]
	at org.apache.ratis.thirdparty.io.grpc.stub.ServerCalls$StreamingServerCallHandler$StreamingServerCallListener.onMessage(ServerCalls.java:248) [ratis-thirdparty-misc-0.2.0.jar:0.2.0]
	at org.apache.ratis.thirdparty.io.grpc.ForwardingServerCallListener.onMessage(ForwardingServerCallListener.java:33) [ratis-thirdparty-misc-0.2.0.jar:0.2.0]
	at org.apache.ratis.thirdparty.io.grpc.Contexts$ContextualizedServerCallListener.onMessage(Contexts.java:76) [ratis-thirdparty-misc-0.2.0.jar:0.2.0]
	at org.apache.ratis.thirdparty.io.grpc.ForwardingServerCallListener.onMessage(ForwardingServerCallListener.java:33) [ratis-thirdparty-misc-0.2.0.jar:0.2.0]
	at org.apache.hadoop.hdds.tracing.GrpcServerInterceptor$1.onMessage(GrpcServerInterceptor.java:46) [hadoop-hdds-common-0.4.1-SNAPSHOT.jar:?]
	at org.apache.ratis.thirdparty.io.grpc.internal.ServerCallImpl$ServerStreamListenerImpl.messagesAvailable(ServerCallImpl.java:263) [ratis-thirdparty-misc-0.2.0.jar:0.2.0]
	at org.apache.ratis.thirdparty.io.grpc.internal.ServerImpl$JumpToApplicationThreadServerStreamListener$1MessagesAvailable.runInContext(ServerImpl.java:686) [ratis-thirdparty-misc-0.2.0.jar:0.2.0]
	at org.apache.ratis.thirdparty.io.grpc.internal.ContextRunnable.run(ContextRunnable.java:37) [ratis-thirdparty-misc-0.2.0.jar:0.2.0]
	at org.apache.ratis.thirdparty.io.grpc.internal.SerializingExecutor.run(SerializingExecutor.java:123) [ratis-thirdparty-misc-0.2.0.jar:0.2.0]
	at java.util.concurrent.ThreadPoolExecutor.runWorker(ThreadPoolExecutor.java:1149) [?:1.8.0_212]
	at java.util.concurrent.ThreadPoolExecutor$Worker.run(ThreadPoolExecutor.java:624) [?:1.8.0_212]
	at java.lang.Thread.run(Thread.java:748) [?:1.8.0_212]
2019-07-30 08:34:47,738 INFO  impl.HddsDispatcher (ContainerUtils.java:logAndReturnError(146)) - Operation: WriteChunk : Trace ID: 9588a792bf898192:9588a792bf898192:0:0 : Message: ContainerID 3 creation failed : Result: DISK_OUT_OF_SPACE
08:34:47.744 [grpc-default-executor-1] ERROR DNAudit - user=null | ip=null | op=PUT_BLOCK {blockData=[blockId=conID: 3 locID: 102529478665043973 bcsId: 0,size=1024]} | ret=FAILURE
org.apache.hadoop.hdds.scm.container.common.helpers.StorageContainerException: ContainerID 3 does not exist
	at org.apache.hadoop.ozone.container.common.impl.HddsDispatcher.dispatchRequest(HddsDispatcher.java:242) [hadoop-hdds-container-service-0.4.1-SNAPSHOT.jar:?]
	at org.apache.hadoop.ozone.container.common.impl.HddsDispatcher.dispatch(HddsDispatcher.java:148) [hadoop-hdds-container-service-0.4.1-SNAPSHOT.jar:?]
	at org.apache.hadoop.ozone.container.common.transport.server.GrpcXceiverService$1.onNext(GrpcXceiverService.java:73) [hadoop-hdds-container-service-0.4.1-SNAPSHOT.jar:?]
	at org.apache.hadoop.ozone.container.common.transport.server.GrpcXceiverService$1.onNext(GrpcXceiverService.java:61) [hadoop-hdds-container-service-0.4.1-SNAPSHOT.jar:?]
	at org.apache.ratis.thirdparty.io.grpc.stub.ServerCalls$StreamingServerCallHandler$StreamingServerCallListener.onMessage(ServerCalls.java:248) [ratis-thirdparty-misc-0.2.0.jar:0.2.0]
	at org.apache.ratis.thirdparty.io.grpc.ForwardingServerCallListener.onMessage(ForwardingServerCallListener.java:33) [ratis-thirdparty-misc-0.2.0.jar:0.2.0]
	at org.apache.ratis.thirdparty.io.grpc.Contexts$ContextualizedServerCallListener.onMessage(Contexts.java:76) [ratis-thirdparty-misc-0.2.0.jar:0.2.0]
	at org.apache.ratis.thirdparty.io.grpc.ForwardingServerCallListener.onMessage(ForwardingServerCallListener.java:33) [ratis-thirdparty-misc-0.2.0.jar:0.2.0]
	at org.apache.hadoop.hdds.tracing.GrpcServerInterceptor$1.onMessage(GrpcServerInterceptor.java:46) [hadoop-hdds-common-0.4.1-SNAPSHOT.jar:?]
	at org.apache.ratis.thirdparty.io.grpc.internal.ServerCallImpl$ServerStreamListenerImpl.messagesAvailable(ServerCallImpl.java:263) [ratis-thirdparty-misc-0.2.0.jar:0.2.0]
	at org.apache.ratis.thirdparty.io.grpc.internal.ServerImpl$JumpToApplicationThreadServerStreamListener$1MessagesAvailable.runInContext(ServerImpl.java:686) [ratis-thirdparty-misc-0.2.0.jar:0.2.0]
	at org.apache.ratis.thirdparty.io.grpc.internal.ContextRunnable.run(ContextRunnable.java:37) [ratis-thirdparty-misc-0.2.0.jar:0.2.0]
	at org.apache.ratis.thirdparty.io.grpc.internal.SerializingExecutor.run(SerializingExecutor.java:123) [ratis-thirdparty-misc-0.2.0.jar:0.2.0]
	at java.util.concurrent.ThreadPoolExecutor.runWorker(ThreadPoolExecutor.java:1149) [?:1.8.0_212]
	at java.util.concurrent.ThreadPoolExecutor$Worker.run(ThreadPoolExecutor.java:624) [?:1.8.0_212]
	at java.lang.Thread.run(Thread.java:748) [?:1.8.0_212]
2019-07-30 08:34:47,742 ERROR storage.BlockOutputStream (BlockOutputStream.java:validateResponse(531)) - Unexpected Storage Container Exception: 
org.apache.hadoop.hdds.scm.container.common.helpers.StorageContainerException: ContainerID 3 creation failed
	at org.apache.hadoop.hdds.scm.storage.ContainerProtocolCalls.validateContainerResponse(ContainerProtocolCalls.java:536)
	at org.apache.hadoop.hdds.scm.storage.BlockOutputStream.validateResponse(BlockOutputStream.java:529)
	at org.apache.hadoop.hdds.scm.storage.BlockOutputStream.lambda$writeChunkToContainer$2(BlockOutputStream.java:606)
	at java.util.concurrent.CompletableFuture.uniApply(CompletableFuture.java:602)
	at java.util.concurrent.CompletableFuture$UniApply.tryFire(CompletableFuture.java:577)
	at java.util.concurrent.CompletableFuture$Completion.run(CompletableFuture.java:442)
	at java.util.concurrent.ThreadPoolExecutor.runWorker(ThreadPoolExecutor.java:1149)
	at java.util.concurrent.ThreadPoolExecutor$Worker.run(ThreadPoolExecutor.java:624)
	at java.lang.Thread.run(Thread.java:748)
2019-07-30 08:34:47,744 INFO  impl.HddsDispatcher (ContainerUtils.java:logAndReturnError(146)) - Operation: PutBlock : Trace ID: 931f75dd79494950:931f75dd79494950:0:0 : Message: ContainerID 3 does not exist : Result: CONTAINER_NOT_FOUND
]]></system-out>
    <system-err><![CDATA[ERROR StatusLogger No Log4j 2 configuration file found. Using default configuration (logging only errors to the console), or user programmatically provided configurations. Set system property 'log4j2.debug' to show Log4j 2 internal initialization logging. See https://logging.apache.org/log4j/2.x/manual/configuration.html for instructions on how to configure Log4j 2
Jul 30, 2019 8:34:40 AM com.sun.jersey.server.impl.application.WebApplicationImpl _initiate
INFO: Initiating Jersey application, version 'Jersey: 1.19 02/11/2015 03:25 AM'
Jul 30, 2019 8:34:41 AM com.sun.jersey.server.impl.application.WebApplicationImpl _initiate
INFO: Initiating Jersey application, version 'Jersey: 1.19 02/11/2015 03:25 AM'
Jul 30, 2019 8:34:41 AM com.sun.jersey.server.impl.application.WebApplicationImpl _initiate
INFO: Initiating Jersey application, version 'Jersey: 1.19 02/11/2015 03:25 AM'
]]></system-err>
  </testcase>
  <testcase name="testPutAndGetKey" classname="org.apache.hadoop.ozone.web.client.TestKeysRatis" time="0.285"/>
  <testcase name="testGetKeyInfo" classname="org.apache.hadoop.ozone.web.client.TestKeysRatis" time="0.032">
    <error message="Unexpected Storage Container Exception: org.apache.hadoop.hdds.scm.container.common.helpers.StorageContainerException: ContainerID 3 creation failed" type="java.io.IOException">java.io.IOException: Unexpected Storage Container Exception: org.apache.hadoop.hdds.scm.container.common.helpers.StorageContainerException: ContainerID 3 creation failed
	at org.apache.hadoop.hdds.scm.storage.BlockOutputStream.setIoException(BlockOutputStream.java:541)
	at org.apache.hadoop.hdds.scm.storage.BlockOutputStream.validateResponse(BlockOutputStream.java:532)
	at org.apache.hadoop.hdds.scm.storage.BlockOutputStream.lambda$writeChunkToContainer$2(BlockOutputStream.java:606)
	at java.util.concurrent.CompletableFuture.uniApply(CompletableFuture.java:602)
	at java.util.concurrent.CompletableFuture$UniApply.tryFire(CompletableFuture.java:577)
	at java.util.concurrent.CompletableFuture$Completion.run(CompletableFuture.java:442)
	at java.util.concurrent.ThreadPoolExecutor.runWorker(ThreadPoolExecutor.java:1149)
	at java.util.concurrent.ThreadPoolExecutor$Worker.run(ThreadPoolExecutor.java:624)
	at java.lang.Thread.run(Thread.java:748)
Caused by: org.apache.hadoop.hdds.scm.container.common.helpers.StorageContainerException: ContainerID 3 creation failed
	at org.apache.hadoop.hdds.scm.storage.ContainerProtocolCalls.validateContainerResponse(ContainerProtocolCalls.java:536)
	at org.apache.hadoop.hdds.scm.storage.BlockOutputStream.validateResponse(BlockOutputStream.java:529)
	... 7 more
</error>
    <system-out><![CDATA[2019-07-30 08:34:48,048 INFO  rpc.RpcClient (RpcClient.java:createVolume(290)) - Creating Volume: c7406ea9-fdd6-4736-b6d9-9164b32dd9dc, with bilbo as owner and quota set to 109951162777600 bytes.
2019-07-30 08:34:48,052 INFO  rpc.RpcClient (RpcClient.java:createBucket(425)) - Creating Bucket: c7406ea9-fdd6-4736-b6d9-9164b32dd9dc/c1e41577-7665-4e41-a5b6-e6eb3d6d3811, with Versioning false and Storage Type set to DISK and Encryption set to false 
2019-07-30 08:34:48,068 INFO  keyvalue.KeyValueHandler (ContainerUtils.java:logAndReturnError(146)) - Operation: CreateContainer : Trace ID: 3559ef396e2cc020:3559ef396e2cc020:0:0 : Message: Container creation failed, due to disk out of space : Result: DISK_OUT_OF_SPACE
08:34:48.070 [grpc-default-executor-2] ERROR DNAudit - user=null | ip=null | op=WRITE_CHUNK {blockData=conID: 3 locID: 102529478692896779 bcsId: 0} | ret=FAILURE
org.apache.hadoop.hdds.scm.container.common.helpers.StorageContainerException: ContainerID 3 creation failed
	at org.apache.hadoop.ozone.container.common.impl.HddsDispatcher.dispatchRequest(HddsDispatcher.java:227) [hadoop-hdds-container-service-0.4.1-SNAPSHOT.jar:?]
	at org.apache.hadoop.ozone.container.common.impl.HddsDispatcher.dispatch(HddsDispatcher.java:148) [hadoop-hdds-container-service-0.4.1-SNAPSHOT.jar:?]
	at org.apache.hadoop.ozone.container.common.transport.server.GrpcXceiverService$1.onNext(GrpcXceiverService.java:73) [hadoop-hdds-container-service-0.4.1-SNAPSHOT.jar:?]
	at org.apache.hadoop.ozone.container.common.transport.server.GrpcXceiverService$1.onNext(GrpcXceiverService.java:61) [hadoop-hdds-container-service-0.4.1-SNAPSHOT.jar:?]
	at org.apache.ratis.thirdparty.io.grpc.stub.ServerCalls$StreamingServerCallHandler$StreamingServerCallListener.onMessage(ServerCalls.java:248) [ratis-thirdparty-misc-0.2.0.jar:0.2.0]
	at org.apache.ratis.thirdparty.io.grpc.ForwardingServerCallListener.onMessage(ForwardingServerCallListener.java:33) [ratis-thirdparty-misc-0.2.0.jar:0.2.0]
	at org.apache.ratis.thirdparty.io.grpc.Contexts$ContextualizedServerCallListener.onMessage(Contexts.java:76) [ratis-thirdparty-misc-0.2.0.jar:0.2.0]
	at org.apache.ratis.thirdparty.io.grpc.ForwardingServerCallListener.onMessage(ForwardingServerCallListener.java:33) [ratis-thirdparty-misc-0.2.0.jar:0.2.0]
	at org.apache.hadoop.hdds.tracing.GrpcServerInterceptor$1.onMessage(GrpcServerInterceptor.java:46) [hadoop-hdds-common-0.4.1-SNAPSHOT.jar:?]
	at org.apache.ratis.thirdparty.io.grpc.internal.ServerCallImpl$ServerStreamListenerImpl.messagesAvailable(ServerCallImpl.java:263) [ratis-thirdparty-misc-0.2.0.jar:0.2.0]
	at org.apache.ratis.thirdparty.io.grpc.internal.ServerImpl$JumpToApplicationThreadServerStreamListener$1MessagesAvailable.runInContext(ServerImpl.java:686) [ratis-thirdparty-misc-0.2.0.jar:0.2.0]
	at org.apache.ratis.thirdparty.io.grpc.internal.ContextRunnable.run(ContextRunnable.java:37) [ratis-thirdparty-misc-0.2.0.jar:0.2.0]
	at org.apache.ratis.thirdparty.io.grpc.internal.SerializingExecutor.run(SerializingExecutor.java:123) [ratis-thirdparty-misc-0.2.0.jar:0.2.0]
	at java.util.concurrent.ThreadPoolExecutor.runWorker(ThreadPoolExecutor.java:1149) [?:1.8.0_212]
	at java.util.concurrent.ThreadPoolExecutor$Worker.run(ThreadPoolExecutor.java:624) [?:1.8.0_212]
	at java.lang.Thread.run(Thread.java:748) [?:1.8.0_212]
2019-07-30 08:34:48,070 INFO  impl.HddsDispatcher (ContainerUtils.java:logAndReturnError(146)) - Operation: WriteChunk : Trace ID: 3559ef396e2cc020:3559ef396e2cc020:0:0 : Message: ContainerID 3 creation failed : Result: DISK_OUT_OF_SPACE
2019-07-30 08:34:48,073 ERROR storage.BlockOutputStream (BlockOutputStream.java:validateResponse(531)) - Unexpected Storage Container Exception: 
org.apache.hadoop.hdds.scm.container.common.helpers.StorageContainerException: ContainerID 3 creation failed
	at org.apache.hadoop.hdds.scm.storage.ContainerProtocolCalls.validateContainerResponse(ContainerProtocolCalls.java:536)
	at org.apache.hadoop.hdds.scm.storage.BlockOutputStream.validateResponse(BlockOutputStream.java:529)
	at org.apache.hadoop.hdds.scm.storage.BlockOutputStream.lambda$writeChunkToContainer$2(BlockOutputStream.java:606)
	at java.util.concurrent.CompletableFuture.uniApply(CompletableFuture.java:602)
	at java.util.concurrent.CompletableFuture$UniApply.tryFire(CompletableFuture.java:577)
	at java.util.concurrent.CompletableFuture$Completion.run(CompletableFuture.java:442)
	at java.util.concurrent.ThreadPoolExecutor.runWorker(ThreadPoolExecutor.java:1149)
	at java.util.concurrent.ThreadPoolExecutor$Worker.run(ThreadPoolExecutor.java:624)
	at java.lang.Thread.run(Thread.java:748)
08:34:48.076 [grpc-default-executor-2] ERROR DNAudit - user=null | ip=null | op=PUT_BLOCK {blockData=[blockId=conID: 3 locID: 102529478692896779 bcsId: 0,size=1024]} | ret=FAILURE
org.apache.hadoop.hdds.scm.container.common.helpers.StorageContainerException: ContainerID 3 does not exist
	at org.apache.hadoop.ozone.container.common.impl.HddsDispatcher.dispatchRequest(HddsDispatcher.java:242) [hadoop-hdds-container-service-0.4.1-SNAPSHOT.jar:?]
	at org.apache.hadoop.ozone.container.common.impl.HddsDispatcher.dispatch(HddsDispatcher.java:148) [hadoop-hdds-container-service-0.4.1-SNAPSHOT.jar:?]
	at org.apache.hadoop.ozone.container.common.transport.server.GrpcXceiverService$1.onNext(GrpcXceiverService.java:73) [hadoop-hdds-container-service-0.4.1-SNAPSHOT.jar:?]
	at org.apache.hadoop.ozone.container.common.transport.server.GrpcXceiverService$1.onNext(GrpcXceiverService.java:61) [hadoop-hdds-container-service-0.4.1-SNAPSHOT.jar:?]
	at org.apache.ratis.thirdparty.io.grpc.stub.ServerCalls$StreamingServerCallHandler$StreamingServerCallListener.onMessage(ServerCalls.java:248) [ratis-thirdparty-misc-0.2.0.jar:0.2.0]
	at org.apache.ratis.thirdparty.io.grpc.ForwardingServerCallListener.onMessage(ForwardingServerCallListener.java:33) [ratis-thirdparty-misc-0.2.0.jar:0.2.0]
	at org.apache.ratis.thirdparty.io.grpc.Contexts$ContextualizedServerCallListener.onMessage(Contexts.java:76) [ratis-thirdparty-misc-0.2.0.jar:0.2.0]
	at org.apache.ratis.thirdparty.io.grpc.ForwardingServerCallListener.onMessage(ForwardingServerCallListener.java:33) [ratis-thirdparty-misc-0.2.0.jar:0.2.0]
	at org.apache.hadoop.hdds.tracing.GrpcServerInterceptor$1.onMessage(GrpcServerInterceptor.java:46) [hadoop-hdds-common-0.4.1-SNAPSHOT.jar:?]
	at org.apache.ratis.thirdparty.io.grpc.internal.ServerCallImpl$ServerStreamListenerImpl.messagesAvailable(ServerCallImpl.java:263) [ratis-thirdparty-misc-0.2.0.jar:0.2.0]
	at org.apache.ratis.thirdparty.io.grpc.internal.ServerImpl$JumpToApplicationThreadServerStreamListener$1MessagesAvailable.runInContext(ServerImpl.java:686) [ratis-thirdparty-misc-0.2.0.jar:0.2.0]
	at org.apache.ratis.thirdparty.io.grpc.internal.ContextRunnable.run(ContextRunnable.java:37) [ratis-thirdparty-misc-0.2.0.jar:0.2.0]
	at org.apache.ratis.thirdparty.io.grpc.internal.SerializingExecutor.run(SerializingExecutor.java:123) [ratis-thirdparty-misc-0.2.0.jar:0.2.0]
	at java.util.concurrent.ThreadPoolExecutor.runWorker(ThreadPoolExecutor.java:1149) [?:1.8.0_212]
	at java.util.concurrent.ThreadPoolExecutor$Worker.run(ThreadPoolExecutor.java:624) [?:1.8.0_212]
	at java.lang.Thread.run(Thread.java:748) [?:1.8.0_212]
2019-07-30 08:34:48,076 INFO  impl.HddsDispatcher (ContainerUtils.java:logAndReturnError(146)) - Operation: PutBlock : Trace ID: afbf87f9e24de141:afbf87f9e24de141:0:0 : Message: ContainerID 3 does not exist : Result: CONTAINER_NOT_FOUND
]]></system-out>
  </testcase>
  <testcase name="testPutAndDeleteKey" classname="org.apache.hadoop.ozone.web.client.TestKeysRatis" time="0.061"/>
  <testcase name="testPutKey" classname="org.apache.hadoop.ozone.web.client.TestKeysRatis" time="0.025">
    <error message="Unexpected Storage Container Exception: org.apache.hadoop.hdds.scm.container.common.helpers.StorageContainerException: ContainerID 3 creation failed" type="java.io.IOException">java.io.IOException: Unexpected Storage Container Exception: org.apache.hadoop.hdds.scm.container.common.helpers.StorageContainerException: ContainerID 3 creation failed
	at org.apache.hadoop.hdds.scm.storage.BlockOutputStream.setIoException(BlockOutputStream.java:541)
	at org.apache.hadoop.hdds.scm.storage.BlockOutputStream.validateResponse(BlockOutputStream.java:532)
	at org.apache.hadoop.hdds.scm.storage.BlockOutputStream.lambda$writeChunkToContainer$2(BlockOutputStream.java:606)
	at java.util.concurrent.CompletableFuture.uniApply(CompletableFuture.java:602)
	at java.util.concurrent.CompletableFuture$UniApply.tryFire(CompletableFuture.java:577)
	at java.util.concurrent.CompletableFuture$Completion.run(CompletableFuture.java:442)
	at java.util.concurrent.ThreadPoolExecutor.runWorker(ThreadPoolExecutor.java:1149)
	at java.util.concurrent.ThreadPoolExecutor$Worker.run(ThreadPoolExecutor.java:624)
	at java.lang.Thread.run(Thread.java:748)
Caused by: org.apache.hadoop.hdds.scm.container.common.helpers.StorageContainerException: ContainerID 3 creation failed
	at org.apache.hadoop.hdds.scm.storage.ContainerProtocolCalls.validateContainerResponse(ContainerProtocolCalls.java:536)
	at org.apache.hadoop.hdds.scm.storage.BlockOutputStream.validateResponse(BlockOutputStream.java:529)
	... 7 more
</error>
    <system-out><![CDATA[2019-07-30 08:34:48,141 INFO  rpc.RpcClient (RpcClient.java:createVolume(290)) - Creating Volume: 2cb62b4c-e407-4aa4-958a-12b64d947856, with bilbo as owner and quota set to 109951162777600 bytes.
2019-07-30 08:34:48,144 INFO  rpc.RpcClient (RpcClient.java:createBucket(425)) - Creating Bucket: 2cb62b4c-e407-4aa4-958a-12b64d947856/c1219670-74c8-4029-b1b9-6c3d1570105c, with Versioning false and Storage Type set to DISK and Encryption set to false 
2019-07-30 08:34:48,156 INFO  keyvalue.KeyValueHandler (ContainerUtils.java:logAndReturnError(146)) - Operation: CreateContainer : Trace ID: 3777616fe2511b7e:3777616fe2511b7e:0:0 : Message: Container creation failed, due to disk out of space : Result: DISK_OUT_OF_SPACE
08:34:48.156 [grpc-default-executor-1] ERROR DNAudit - user=null | ip=null | op=WRITE_CHUNK {blockData=conID: 3 locID: 102529478698663953 bcsId: 0} | ret=FAILURE
org.apache.hadoop.hdds.scm.container.common.helpers.StorageContainerException: ContainerID 3 creation failed
	at org.apache.hadoop.ozone.container.common.impl.HddsDispatcher.dispatchRequest(HddsDispatcher.java:227) [hadoop-hdds-container-service-0.4.1-SNAPSHOT.jar:?]
	at org.apache.hadoop.ozone.container.common.impl.HddsDispatcher.dispatch(HddsDispatcher.java:148) [hadoop-hdds-container-service-0.4.1-SNAPSHOT.jar:?]
	at org.apache.hadoop.ozone.container.common.transport.server.GrpcXceiverService$1.onNext(GrpcXceiverService.java:73) [hadoop-hdds-container-service-0.4.1-SNAPSHOT.jar:?]
	at org.apache.hadoop.ozone.container.common.transport.server.GrpcXceiverService$1.onNext(GrpcXceiverService.java:61) [hadoop-hdds-container-service-0.4.1-SNAPSHOT.jar:?]
	at org.apache.ratis.thirdparty.io.grpc.stub.ServerCalls$StreamingServerCallHandler$StreamingServerCallListener.onMessage(ServerCalls.java:248) [ratis-thirdparty-misc-0.2.0.jar:0.2.0]
	at org.apache.ratis.thirdparty.io.grpc.ForwardingServerCallListener.onMessage(ForwardingServerCallListener.java:33) [ratis-thirdparty-misc-0.2.0.jar:0.2.0]
	at org.apache.ratis.thirdparty.io.grpc.Contexts$ContextualizedServerCallListener.onMessage(Contexts.java:76) [ratis-thirdparty-misc-0.2.0.jar:0.2.0]
	at org.apache.ratis.thirdparty.io.grpc.ForwardingServerCallListener.onMessage(ForwardingServerCallListener.java:33) [ratis-thirdparty-misc-0.2.0.jar:0.2.0]
	at org.apache.hadoop.hdds.tracing.GrpcServerInterceptor$1.onMessage(GrpcServerInterceptor.java:46) [hadoop-hdds-common-0.4.1-SNAPSHOT.jar:?]
	at org.apache.ratis.thirdparty.io.grpc.internal.ServerCallImpl$ServerStreamListenerImpl.messagesAvailable(ServerCallImpl.java:263) [ratis-thirdparty-misc-0.2.0.jar:0.2.0]
	at org.apache.ratis.thirdparty.io.grpc.internal.ServerImpl$JumpToApplicationThreadServerStreamListener$1MessagesAvailable.runInContext(ServerImpl.java:686) [ratis-thirdparty-misc-0.2.0.jar:0.2.0]
	at org.apache.ratis.thirdparty.io.grpc.internal.ContextRunnable.run(ContextRunnable.java:37) [ratis-thirdparty-misc-0.2.0.jar:0.2.0]
	at org.apache.ratis.thirdparty.io.grpc.internal.SerializingExecutor.run(SerializingExecutor.java:123) [ratis-thirdparty-misc-0.2.0.jar:0.2.0]
	at java.util.concurrent.ThreadPoolExecutor.runWorker(ThreadPoolExecutor.java:1149) [?:1.8.0_212]
	at java.util.concurrent.ThreadPoolExecutor$Worker.run(ThreadPoolExecutor.java:624) [?:1.8.0_212]
	at java.lang.Thread.run(Thread.java:748) [?:1.8.0_212]
2019-07-30 08:34:48,157 INFO  impl.HddsDispatcher (ContainerUtils.java:logAndReturnError(146)) - Operation: WriteChunk : Trace ID: 3777616fe2511b7e:3777616fe2511b7e:0:0 : Message: ContainerID 3 creation failed : Result: DISK_OUT_OF_SPACE
2019-07-30 08:34:48,159 ERROR storage.BlockOutputStream (BlockOutputStream.java:validateResponse(531)) - Unexpected Storage Container Exception: 
org.apache.hadoop.hdds.scm.container.common.helpers.StorageContainerException: ContainerID 3 creation failed
	at org.apache.hadoop.hdds.scm.storage.ContainerProtocolCalls.validateContainerResponse(ContainerProtocolCalls.java:536)
	at org.apache.hadoop.hdds.scm.storage.BlockOutputStream.validateResponse(BlockOutputStream.java:529)
	at org.apache.hadoop.hdds.scm.storage.BlockOutputStream.lambda$writeChunkToContainer$2(BlockOutputStream.java:606)
	at java.util.concurrent.CompletableFuture.uniApply(CompletableFuture.java:602)
	at java.util.concurrent.CompletableFuture$UniApply.tryFire(CompletableFuture.java:577)
	at java.util.concurrent.CompletableFuture$Completion.run(CompletableFuture.java:442)
	at java.util.concurrent.ThreadPoolExecutor.runWorker(ThreadPoolExecutor.java:1149)
	at java.util.concurrent.ThreadPoolExecutor$Worker.run(ThreadPoolExecutor.java:624)
	at java.lang.Thread.run(Thread.java:748)
08:34:48.160 [grpc-default-executor-2] ERROR DNAudit - user=null | ip=null | op=PUT_BLOCK {blockData=[blockId=conID: 3 locID: 102529478698663953 bcsId: 0,size=1024]} | ret=FAILURE
org.apache.hadoop.hdds.scm.container.common.helpers.StorageContainerException: ContainerID 3 does not exist
	at org.apache.hadoop.ozone.container.common.impl.HddsDispatcher.dispatchRequest(HddsDispatcher.java:242) [hadoop-hdds-container-service-0.4.1-SNAPSHOT.jar:?]
	at org.apache.hadoop.ozone.container.common.impl.HddsDispatcher.dispatch(HddsDispatcher.java:148) [hadoop-hdds-container-service-0.4.1-SNAPSHOT.jar:?]
	at org.apache.hadoop.ozone.container.common.transport.server.GrpcXceiverService$1.onNext(GrpcXceiverService.java:73) [hadoop-hdds-container-service-0.4.1-SNAPSHOT.jar:?]
	at org.apache.hadoop.ozone.container.common.transport.server.GrpcXceiverService$1.onNext(GrpcXceiverService.java:61) [hadoop-hdds-container-service-0.4.1-SNAPSHOT.jar:?]
	at org.apache.ratis.thirdparty.io.grpc.stub.ServerCalls$StreamingServerCallHandler$StreamingServerCallListener.onMessage(ServerCalls.java:248) [ratis-thirdparty-misc-0.2.0.jar:0.2.0]
	at org.apache.ratis.thirdparty.io.grpc.ForwardingServerCallListener.onMessage(ForwardingServerCallListener.java:33) [ratis-thirdparty-misc-0.2.0.jar:0.2.0]
	at org.apache.ratis.thirdparty.io.grpc.Contexts$ContextualizedServerCallListener.onMessage(Contexts.java:76) [ratis-thirdparty-misc-0.2.0.jar:0.2.0]
	at org.apache.ratis.thirdparty.io.grpc.ForwardingServerCallListener.onMessage(ForwardingServerCallListener.java:33) [ratis-thirdparty-misc-0.2.0.jar:0.2.0]
	at org.apache.hadoop.hdds.tracing.GrpcServerInterceptor$1.onMessage(GrpcServerInterceptor.java:46) [hadoop-hdds-common-0.4.1-SNAPSHOT.jar:?]
	at org.apache.ratis.thirdparty.io.grpc.internal.ServerCallImpl$ServerStreamListenerImpl.messagesAvailable(ServerCallImpl.java:263) [ratis-thirdparty-misc-0.2.0.jar:0.2.0]
	at org.apache.ratis.thirdparty.io.grpc.internal.ServerImpl$JumpToApplicationThreadServerStreamListener$1MessagesAvailable.runInContext(ServerImpl.java:686) [ratis-thirdparty-misc-0.2.0.jar:0.2.0]
	at org.apache.ratis.thirdparty.io.grpc.internal.ContextRunnable.run(ContextRunnable.java:37) [ratis-thirdparty-misc-0.2.0.jar:0.2.0]
	at org.apache.ratis.thirdparty.io.grpc.internal.SerializingExecutor.run(SerializingExecutor.java:123) [ratis-thirdparty-misc-0.2.0.jar:0.2.0]
	at java.util.concurrent.ThreadPoolExecutor.runWorker(ThreadPoolExecutor.java:1149) [?:1.8.0_212]
	at java.util.concurrent.ThreadPoolExecutor$Worker.run(ThreadPoolExecutor.java:624) [?:1.8.0_212]
	at java.lang.Thread.run(Thread.java:748) [?:1.8.0_212]
2019-07-30 08:34:48,161 INFO  impl.HddsDispatcher (ContainerUtils.java:logAndReturnError(146)) - Operation: PutBlock : Trace ID: b69a48dd240f4786:b69a48dd240f4786:0:0 : Message: ContainerID 3 does not exist : Result: CONTAINER_NOT_FOUND
]]></system-out>
  </testcase>
  <testcase name="testPutAndGetKeyWithDnRestart" classname="org.apache.hadoop.ozone.web.client.TestKeysRatis" time="76.174"/>
</testsuite>