<?xml version="1.0" encoding="UTF-8"?>
<testsuite xmlns:xsi="http://www.w3.org/2001/XMLSchema-instance" xsi:noNamespaceSchemaLocation="https://maven.apache.org/surefire/maven-surefire-plugin/xsd/surefire-test-report.xsd" name="org.apache.hadoop.ozone.client.rpc.TestBlockOutputStreamWithFailures" time="742.232" tests="8" errors="0" skipped="0" failures="1">
  <properties>
    <property name="awt.toolkit" value="sun.awt.X11.XToolkit"/>
    <property name="file.encoding.pkg" value="sun.io"/>
    <property name="java.specification.version" value="1.8"/>
    <property name="sun.cpu.isalist" value=""/>
    <property name="sun.jnu.encoding" value="UTF-8"/>
    <property name="java.class.path" value="/workdir/hadoop-ozone/integration-test/target/test-classes:/workdir/hadoop-ozone/integration-test/target/classes:/home/user/.m2/repository/org/apache/hadoop/hadoop-ozone-common/0.4.1-SNAPSHOT/hadoop-ozone-common-0.4.1-SNAPSHOT.jar:/home/user/.m2/repository/org/apache/commons/commons-compress/1.4.1/commons-compress-1.4.1.jar:/home/user/.m2/repository/org/tukaani/xz/1.0/xz-1.0.jar:/home/user/.m2/repository/org/apache/hadoop/hadoop-common/3.2.0/hadoop-common-3.2.0.jar:/home/user/.m2/repository/org/apache/hadoop/hadoop-hdfs/3.2.0/hadoop-hdfs-3.2.0.jar:/home/user/.m2/repository/org/apache/hadoop/hadoop-hdfs-client/3.2.0/hadoop-hdfs-client-3.2.0.jar:/home/user/.m2/repository/com/fasterxml/jackson/core/jackson-annotations/2.9.5/jackson-annotations-2.9.5.jar:/home/user/.m2/repository/org/apache/hadoop/hadoop-hdds-common/0.4.1-SNAPSHOT/hadoop-hdds-common-0.4.1-SNAPSHOT.jar:/home/user/.m2/repository/javax/annotation/javax.annotation-api/1.2/javax.annotation-api-1.2.jar:/home/user/.m2/repository/org/apache/ratis/ratis-server/0.4.0-2337318-SNAPSHOT/ratis-server-0.4.0-2337318-SNAPSHOT.jar:/home/user/.m2/repository/org/apache/ratis/ratis-thirdparty-misc/0.2.0/ratis-thirdparty-misc-0.2.0.jar:/home/user/.m2/repository/org/apache/ratis/ratis-proto/0.4.0-2337318-SNAPSHOT/ratis-proto-0.4.0-2337318-SNAPSHOT.jar:/home/user/.m2/repository/org/apache/ratis/ratis-common/0.4.0-2337318-SNAPSHOT/ratis-common-0.4.0-2337318-SNAPSHOT.jar:/home/user/.m2/repository/org/apache/ratis/ratis-client/0.4.0-2337318-SNAPSHOT/ratis-client-0.4.0-2337318-SNAPSHOT.jar:/home/user/.m2/repository/org/apache/ratis/ratis-metrics/0.4.0-2337318-SNAPSHOT/ratis-metrics-0.4.0-2337318-SNAPSHOT.jar:/home/user/.m2/repository/org/apache/ratis/ratis-netty/0.4.0-2337318-SNAPSHOT/ratis-netty-0.4.0-2337318-SNAPSHOT.jar:/home/user/.m2/repository/org/apache/ratis/ratis-grpc/0.4.0-2337318-SNAPSHOT/ratis-grpc-0.4.0-2337318-SNAPSHOT.jar:/home/user/.m2/repository/org/rocksdb/rocksdbjni/6.0.1/rocksdbjni-6.0.1.jar:/home/user/.m2/repository/org/apache/logging/log4j/log4j-api/2.11.0/log4j-api-2.11.0.jar:/home/user/.m2/repository/org/apache/logging/log4j/log4j-core/2.11.0/log4j-core-2.11.0.jar:/home/user/.m2/repository/com/lmax/disruptor/3.4.2/disruptor-3.4.2.jar:/home/user/.m2/repository/org/apache/commons/commons-pool2/2.6.0/commons-pool2-2.6.0.jar:/home/user/.m2/repository/org/bouncycastle/bcpkix-jdk15on/1.60/bcpkix-jdk15on-1.60.jar:/home/user/.m2/repository/commons-validator/commons-validator/1.6/commons-validator-1.6.jar:/home/user/.m2/repository/commons-digester/commons-digester/1.8.1/commons-digester-1.8.1.jar:/home/user/.m2/repository/io/jaegertracing/jaeger-client/0.33.1/jaeger-client-0.33.1.jar:/home/user/.m2/repository/io/jaegertracing/jaeger-thrift/0.33.1/jaeger-thrift-0.33.1.jar:/home/user/.m2/repository/org/apache/thrift/libthrift/0.11.0/libthrift-0.11.0.jar:/home/user/.m2/repository/com/squareup/okhttp3/okhttp/3.9.0/okhttp-3.9.0.jar:/home/user/.m2/repository/com/squareup/okio/okio/1.13.0/okio-1.13.0.jar:/home/user/.m2/repository/io/jaegertracing/jaeger-core/0.33.1/jaeger-core-0.33.1.jar:/home/user/.m2/repository/io/jaegertracing/jaeger-tracerresolver/0.33.1/jaeger-tracerresolver-0.33.1.jar:/home/user/.m2/repository/io/opentracing/contrib/opentracing-tracerresolver/0.1.5/opentracing-tracerresolver-0.1.5.jar:/home/user/.m2/repository/io/opentracing/opentracing-util/0.31.0/opentracing-util-0.31.0.jar:/home/user/.m2/repository/io/opentracing/opentracing-api/0.31.0/opentracing-api-0.31.0.jar:/home/user/.m2/repository/io/opentracing/opentracing-noop/0.31.0/opentracing-noop-0.31.0.jar:/home/user/.m2/repository/org/apache/hadoop/hadoop-hdds-server-framework/0.4.1-SNAPSHOT/hadoop-hdds-server-framework-0.4.1-SNAPSHOT.jar:/home/user/.m2/repository/org/apache/hadoop/hadoop-hdds-container-service/0.4.1-SNAPSHOT/hadoop-hdds-container-service-0.4.1-SNAPSHOT.jar:/home/user/.m2/repository/org/apache/hadoop/hadoop-hdds-client/0.4.1-SNAPSHOT/hadoop-hdds-client-0.4.1-SNAPSHOT.jar:/home/user/.m2/repository/org/apache/hadoop/hadoop-hdds-tools/0.4.1-SNAPSHOT/hadoop-hdds-tools-0.4.1-SNAPSHOT.jar:/home/user/.m2/repository/org/apache/hadoop/hadoop-hdds-server-scm/0.4.1-SNAPSHOT/hadoop-hdds-server-scm-0.4.1-SNAPSHOT.jar:/home/user/.m2/repository/org/apache/hadoop/hadoop-hdds-docs/0.4.1-SNAPSHOT/hadoop-hdds-docs-0.4.1-SNAPSHOT.jar:/home/user/.m2/repository/io/dropwizard/metrics/metrics-core/3.2.4/metrics-core-3.2.4.jar:/home/user/.m2/repository/org/hamcrest/hamcrest-all/1.3/hamcrest-all-1.3.jar:/home/user/.m2/repository/org/bouncycastle/bcprov-jdk15on/1.60/bcprov-jdk15on-1.60.jar:/home/user/.m2/repository/info/picocli/picocli/3.9.6/picocli-3.9.6.jar:/home/user/.m2/repository/com/google/protobuf/protobuf-java/2.5.0/protobuf-java-2.5.0.jar:/home/user/.m2/repository/com/google/guava/guava/11.0.2/guava-11.0.2.jar:/home/user/.m2/repository/org/apache/hadoop/hadoop-ozone-ozone-manager/0.4.1-SNAPSHOT/hadoop-ozone-ozone-manager-0.4.1-SNAPSHOT.jar:/home/user/.m2/repository/org/apache/hadoop/hadoop-minikdc/3.2.0/hadoop-minikdc-3.2.0.jar:/home/user/.m2/repository/commons-io/commons-io/2.5/commons-io-2.5.jar:/home/user/.m2/repository/org/apache/kerby/kerb-simplekdc/1.0.1/kerb-simplekdc-1.0.1.jar:/home/user/.m2/repository/org/apache/kerby/kerb-client/1.0.1/kerb-client-1.0.1.jar:/home/user/.m2/repository/org/apache/kerby/kerby-config/1.0.1/kerby-config-1.0.1.jar:/home/user/.m2/repository/org/apache/kerby/kerb-core/1.0.1/kerb-core-1.0.1.jar:/home/user/.m2/repository/org/apache/kerby/kerby-pkix/1.0.1/kerby-pkix-1.0.1.jar:/home/user/.m2/repository/org/apache/kerby/kerby-asn1/1.0.1/kerby-asn1-1.0.1.jar:/home/user/.m2/repository/org/apache/kerby/kerby-util/1.0.1/kerby-util-1.0.1.jar:/home/user/.m2/repository/org/apache/kerby/kerb-common/1.0.1/kerb-common-1.0.1.jar:/home/user/.m2/repository/org/apache/kerby/kerb-crypto/1.0.1/kerb-crypto-1.0.1.jar:/home/user/.m2/repository/org/apache/kerby/kerb-util/1.0.1/kerb-util-1.0.1.jar:/home/user/.m2/repository/org/apache/kerby/token-provider/1.0.1/token-provider-1.0.1.jar:/home/user/.m2/repository/org/apache/kerby/kerb-admin/1.0.1/kerb-admin-1.0.1.jar:/home/user/.m2/repository/org/apache/kerby/kerb-server/1.0.1/kerb-server-1.0.1.jar:/home/user/.m2/repository/org/apache/kerby/kerb-identity/1.0.1/kerb-identity-1.0.1.jar:/home/user/.m2/repository/org/apache/kerby/kerby-xdr/1.0.1/kerby-xdr-1.0.1.jar:/home/user/.m2/repository/org/slf4j/slf4j-log4j12/1.7.25/slf4j-log4j12-1.7.25.jar:/home/user/.m2/repository/org/apache/hadoop/hadoop-ozone-objectstore-service/0.4.1-SNAPSHOT/hadoop-ozone-objectstore-service-0.4.1-SNAPSHOT.jar:/home/user/.m2/repository/org/apache/hadoop/hadoop-ozone-s3gateway/0.4.1-SNAPSHOT/hadoop-ozone-s3gateway-0.4.1-SNAPSHOT.jar:/home/user/.m2/repository/org/jboss/weld/servlet/weld-servlet/2.4.7.Final/weld-servlet-2.4.7.Final.jar:/home/user/.m2/repository/org/glassfish/jersey/containers/jersey-container-servlet-core/2.27/jersey-container-servlet-core-2.27.jar:/home/user/.m2/repository/org/glassfish/hk2/external/javax.inject/2.5.0-b42/javax.inject-2.5.0-b42.jar:/home/user/.m2/repository/org/glassfish/jersey/core/jersey-common/2.27/jersey-common-2.27.jar:/home/user/.m2/repository/org/glassfish/hk2/osgi-resource-locator/1.0.1/osgi-resource-locator-1.0.1.jar:/home/user/.m2/repository/javax/ws/rs/javax.ws.rs-api/2.1/javax.ws.rs-api-2.1.jar:/home/user/.m2/repository/org/glassfish/jersey/ext/cdi/jersey-cdi1x/2.27/jersey-cdi1x-2.27.jar:/home/user/.m2/repository/org/glassfish/jersey/inject/jersey-hk2/2.27/jersey-hk2-2.27.jar:/home/user/.m2/repository/org/glassfish/hk2/hk2-locator/2.5.0-b42/hk2-locator-2.5.0-b42.jar:/home/user/.m2/repository/org/javassist/javassist/3.22.0-CR2/javassist-3.22.0-CR2.jar:/home/user/.m2/repository/org/glassfish/hk2/hk2-api/2.5.0/hk2-api-2.5.0.jar:/home/user/.m2/repository/org/glassfish/hk2/external/jakarta.inject/2.5.0/jakarta.inject-2.5.0.jar:/home/user/.m2/repository/org/glassfish/hk2/hk2-utils/2.5.0/hk2-utils-2.5.0.jar:/home/user/.m2/repository/jakarta/annotation/jakarta.annotation-api/1.3.4/jakarta.annotation-api-1.3.4.jar:/home/user/.m2/repository/org/glassfish/hk2/external/aopalliance-repackaged/2.5.0/aopalliance-repackaged-2.5.0.jar:/home/user/.m2/repository/com/fasterxml/jackson/dataformat/jackson-dataformat-xml/2.9.0/jackson-dataformat-xml-2.9.0.jar:/home/user/.m2/repository/com/fasterxml/jackson/core/jackson-core/2.9.5/jackson-core-2.9.5.jar:/home/user/.m2/repository/com/fasterxml/jackson/module/jackson-module-jaxb-annotations/2.9.5/jackson-module-jaxb-annotations-2.9.5.jar:/home/user/.m2/repository/javax/enterprise/cdi-api/1.2/cdi-api-1.2.jar:/home/user/.m2/repository/javax/el/javax.el-api/3.0.0/javax.el-api-3.0.0.jar:/home/user/.m2/repository/javax/interceptor/javax.interceptor-api/1.2/javax.interceptor-api-1.2.jar:/home/user/.m2/repository/javax/inject/javax.inject/1/javax.inject-1.jar:/home/user/.m2/repository/com/sun/xml/bind/jaxb-impl/2.3.0.1/jaxb-impl-2.3.0.1.jar:/home/user/.m2/repository/com/sun/xml/bind/jaxb-core/2.3.0.1/jaxb-core-2.3.0.1.jar:/home/user/.m2/repository/javax/xml/bind/jaxb-api/2.3.0/jaxb-api-2.3.0.jar:/home/user/.m2/repository/javax/activation/activation/1.1.1/activation-1.1.1.jar:/home/user/.m2/repository/org/apache/hadoop/hadoop-ozone-csi/0.4.1-SNAPSHOT/hadoop-ozone-csi-0.4.1-SNAPSHOT.jar:/home/user/.m2/repository/com/google/protobuf/protobuf-java-util/3.5.1/protobuf-java-util-3.5.1.jar:/home/user/.m2/repository/org/apache/hadoop/hadoop-hdds-config/0.4.1-SNAPSHOT/hadoop-hdds-config-0.4.1-SNAPSHOT.jar:/home/user/.m2/repository/io/grpc/grpc-netty/1.17.1/grpc-netty-1.17.1.jar:/home/user/.m2/repository/io/grpc/grpc-core/1.17.1/grpc-core-1.17.1.jar:/home/user/.m2/repository/io/grpc/grpc-context/1.17.1/grpc-context-1.17.1.jar:/home/user/.m2/repository/com/google/errorprone/error_prone_annotations/2.2.0/error_prone_annotations-2.2.0.jar:/home/user/.m2/repository/org/codehaus/mojo/animal-sniffer-annotations/1.17/animal-sniffer-annotations-1.17.jar:/home/user/.m2/repository/io/opencensus/opencensus-api/0.17.0/opencensus-api-0.17.0.jar:/home/user/.m2/repository/io/opencensus/opencensus-contrib-grpc-metrics/0.17.0/opencensus-contrib-grpc-metrics-0.17.0.jar:/home/user/.m2/repository/io/netty/netty-codec-http2/4.1.30.Final/netty-codec-http2-4.1.30.Final.jar:/home/user/.m2/repository/io/netty/netty-codec-http/4.1.30.Final/netty-codec-http-4.1.30.Final.jar:/home/user/.m2/repository/io/netty/netty-codec/4.1.30.Final/netty-codec-4.1.30.Final.jar:/home/user/.m2/repository/io/netty/netty-handler/4.1.30.Final/netty-handler-4.1.30.Final.jar:/home/user/.m2/repository/io/netty/netty-handler-proxy/4.1.30.Final/netty-handler-proxy-4.1.30.Final.jar:/home/user/.m2/repository/io/netty/netty-codec-socks/4.1.30.Final/netty-codec-socks-4.1.30.Final.jar:/home/user/.m2/repository/io/netty/netty-transport-native-epoll/4.1.30.Final/netty-transport-native-epoll-4.1.30.Final.jar:/home/user/.m2/repository/io/netty/netty-common/4.1.30.Final/netty-common-4.1.30.Final.jar:/home/user/.m2/repository/io/netty/netty-buffer/4.1.30.Final/netty-buffer-4.1.30.Final.jar:/home/user/.m2/repository/io/netty/netty-transport/4.1.30.Final/netty-transport-4.1.30.Final.jar:/home/user/.m2/repository/io/netty/netty-resolver/4.1.30.Final/netty-resolver-4.1.30.Final.jar:/home/user/.m2/repository/io/netty/netty-transport-native-unix-common/4.1.30.Final/netty-transport-native-unix-common-4.1.30.Final.jar:/home/user/.m2/repository/io/grpc/grpc-protobuf/1.17.1/grpc-protobuf-1.17.1.jar:/home/user/.m2/repository/com/google/api/grpc/proto-google-common-protos/1.0.0/proto-google-common-protos-1.0.0.jar:/home/user/.m2/repository/io/grpc/grpc-protobuf-lite/1.17.1/grpc-protobuf-lite-1.17.1.jar:/home/user/.m2/repository/io/grpc/grpc-stub/1.17.1/grpc-stub-1.17.1.jar:/home/user/.m2/repository/org/apache/hadoop/hadoop-ozone-recon/0.4.1-SNAPSHOT/hadoop-ozone-recon-0.4.1-SNAPSHOT.jar:/home/user/.m2/repository/org/apache/hadoop/hadoop-ozone-reconcodegen/0.4.1-SNAPSHOT/hadoop-ozone-reconcodegen-0.4.1-SNAPSHOT.jar:/home/user/.m2/repository/com/google/inject/extensions/guice-multibindings/4.0/guice-multibindings-4.0.jar:/home/user/.m2/repository/com/google/inject/guice/4.0/guice-4.0.jar:/home/user/.m2/repository/aopalliance/aopalliance/1.0/aopalliance-1.0.jar:/home/user/.m2/repository/com/google/inject/extensions/guice-servlet/4.0/guice-servlet-4.0.jar:/home/user/.m2/repository/org/glassfish/jersey/containers/jersey-container-servlet/2.27/jersey-container-servlet-2.27.jar:/home/user/.m2/repository/org/glassfish/hk2/guice-bridge/2.5.0/guice-bridge-2.5.0.jar:/home/user/.m2/repository/org/glassfish/jersey/core/jersey-server/2.27/jersey-server-2.27.jar:/home/user/.m2/repository/org/glassfish/jersey/core/jersey-client/2.27/jersey-client-2.27.jar:/home/user/.m2/repository/org/glassfish/jersey/media/jersey-media-jaxb/2.27/jersey-media-jaxb-2.27.jar:/home/user/.m2/repository/javax/validation/validation-api/1.1.0.Final/validation-api-1.1.0.Final.jar:/home/user/.m2/repository/org/glassfish/jersey/media/jersey-media-json-jackson/2.27/jersey-media-json-jackson-2.27.jar:/home/user/.m2/repository/org/glassfish/jersey/ext/jersey-entity-filtering/2.27/jersey-entity-filtering-2.27.jar:/home/user/.m2/repository/com/google/inject/extensions/guice-assistedinject/4.0/guice-assistedinject-4.0.jar:/home/user/.m2/repository/org/jooq/jooq/3.11.10/jooq-3.11.10.jar:/home/user/.m2/repository/org/jooq/jooq-meta/3.11.10/jooq-meta-3.11.10.jar:/home/user/.m2/repository/org/jooq/jooq-codegen/3.11.10/jooq-codegen-3.11.10.jar:/home/user/.m2/repository/com/jolbox/bonecp/0.8.0.RELEASE/bonecp-0.8.0.RELEASE.jar:/home/user/.m2/repository/org/xerial/sqlite-jdbc/3.25.2/sqlite-jdbc-3.25.2.jar:/home/user/.m2/repository/org/springframework/spring-jdbc/5.1.3.RELEASE/spring-jdbc-5.1.3.RELEASE.jar:/home/user/.m2/repository/org/springframework/spring-beans/5.1.3.RELEASE/spring-beans-5.1.3.RELEASE.jar:/home/user/.m2/repository/org/springframework/spring-core/5.1.3.RELEASE/spring-core-5.1.3.RELEASE.jar:/home/user/.m2/repository/org/springframework/spring-jcl/5.1.3.RELEASE/spring-jcl-5.1.3.RELEASE.jar:/home/user/.m2/repository/org/springframework/spring-tx/5.1.3.RELEASE/spring-tx-5.1.3.RELEASE.jar:/home/user/.m2/repository/org/apache/hadoop/hadoop-ozone-client/0.4.1-SNAPSHOT/hadoop-ozone-client-0.4.1-SNAPSHOT.jar:/home/user/.m2/repository/commons-lang/commons-lang/2.6/commons-lang-2.6.jar:/home/user/.m2/repository/org/apache/hadoop/hadoop-ozone-ozone-manager/0.4.1-SNAPSHOT/hadoop-ozone-ozone-manager-0.4.1-SNAPSHOT-tests.jar:/home/user/.m2/repository/junit/junit/4.11/junit-4.11.jar:/home/user/.m2/repository/org/hamcrest/hamcrest-core/1.3/hamcrest-core-1.3.jar:/home/user/.m2/repository/org/openjdk/jmh/jmh-core/1.19/jmh-core-1.19.jar:/home/user/.m2/repository/net/sf/jopt-simple/jopt-simple/4.6/jopt-simple-4.6.jar:/home/user/.m2/repository/org/apache/commons/commons-math3/3.1.1/commons-math3-3.1.1.jar:/home/user/.m2/repository/org/openjdk/jmh/jmh-generator-annprocess/1.19/jmh-generator-annprocess-1.19.jar:/home/user/.m2/repository/org/mockito/mockito-all/1.8.5/mockito-all-1.8.5.jar:/home/user/.m2/repository/org/apache/hadoop/hadoop-kms/3.2.0/hadoop-kms-3.2.0.jar:/home/user/.m2/repository/org/apache/hadoop/hadoop-auth/3.2.0/hadoop-auth-3.2.0.jar:/home/user/.m2/repository/com/nimbusds/nimbus-jose-jwt/4.41.1/nimbus-jose-jwt-4.41.1.jar:/home/user/.m2/repository/com/github/stephenc/jcip/jcip-annotations/1.0-1/jcip-annotations-1.0-1.jar:/home/user/.m2/repository/net/minidev/json-smart/2.3/json-smart-2.3.jar:/home/user/.m2/repository/net/minidev/accessors-smart/1.2/accessors-smart-1.2.jar:/home/user/.m2/repository/org/ow2/asm/asm/5.0.4/asm-5.0.4.jar:/home/user/.m2/repository/org/apache/curator/curator-framework/2.12.0/curator-framework-2.12.0.jar:/home/user/.m2/repository/com/sun/jersey/jersey-core/1.19/jersey-core-1.19.jar:/home/user/.m2/repository/javax/ws/rs/jsr311-api/1.1.1/jsr311-api-1.1.1.jar:/home/user/.m2/repository/com/sun/jersey/jersey-server/1.19/jersey-server-1.19.jar:/home/user/.m2/repository/javax/servlet/javax.servlet-api/3.1.0/javax.servlet-api-3.1.0.jar:/home/user/.m2/repository/org/eclipse/jetty/jetty-server/9.3.24.v20180605/jetty-server-9.3.24.v20180605.jar:/home/user/.m2/repository/org/eclipse/jetty/jetty-http/9.3.24.v20180605/jetty-http-9.3.24.v20180605.jar:/home/user/.m2/repository/org/eclipse/jetty/jetty-io/9.3.24.v20180605/jetty-io-9.3.24.v20180605.jar:/home/user/.m2/repository/org/eclipse/jetty/jetty-webapp/9.3.24.v20180605/jetty-webapp-9.3.24.v20180605.jar:/home/user/.m2/repository/org/eclipse/jetty/jetty-xml/9.3.24.v20180605/jetty-xml-9.3.24.v20180605.jar:/home/user/.m2/repository/log4j/log4j/1.2.17/log4j-1.2.17.jar:/home/user/.m2/repository/org/slf4j/slf4j-api/1.7.25/slf4j-api-1.7.25.jar:/home/user/.m2/repository/org/slf4j/jul-to-slf4j/1.7.25/jul-to-slf4j-1.7.25.jar:/home/user/.m2/repository/org/eclipse/jetty/jetty-util/9.3.24.v20180605/jetty-util-9.3.24.v20180605.jar:/home/user/.m2/repository/com/fasterxml/jackson/core/jackson-databind/2.9.5/jackson-databind-2.9.5.jar:/home/user/.m2/repository/org/apache/hadoop/hadoop-kms/3.2.0/hadoop-kms-3.2.0-tests.jar:/home/user/.m2/repository/org/apache/hadoop/hadoop-hdds-server-scm/0.4.1-SNAPSHOT/hadoop-hdds-server-scm-0.4.1-SNAPSHOT-tests.jar:/home/user/.m2/repository/org/apache/hadoop/hadoop-hdds-container-service/0.4.1-SNAPSHOT/hadoop-hdds-container-service-0.4.1-SNAPSHOT-tests.jar:/home/user/.m2/repository/org/yaml/snakeyaml/1.16/snakeyaml-1.16.jar:/home/user/.m2/repository/org/apache/hadoop/hadoop-common/3.2.0/hadoop-common-3.2.0-tests.jar:/home/user/.m2/repository/org/apache/hadoop/hadoop-annotations/3.2.0/hadoop-annotations-3.2.0.jar:/usr/lib/jvm/java-1.8-openjdk/jre/../lib/tools.jar:/home/user/.m2/repository/commons-cli/commons-cli/1.2/commons-cli-1.2.jar:/home/user/.m2/repository/org/apache/httpcomponents/httpclient/4.5.2/httpclient-4.5.2.jar:/home/user/.m2/repository/org/apache/httpcomponents/httpcore/4.4.4/httpcore-4.4.4.jar:/home/user/.m2/repository/commons-codec/commons-codec/1.11/commons-codec-1.11.jar:/home/user/.m2/repository/commons-net/commons-net/3.6/commons-net-3.6.jar:/home/user/.m2/repository/commons-collections/commons-collections/3.2.2/commons-collections-3.2.2.jar:/home/user/.m2/repository/org/eclipse/jetty/jetty-servlet/9.3.24.v20180605/jetty-servlet-9.3.24.v20180605.jar:/home/user/.m2/repository/org/eclipse/jetty/jetty-security/9.3.24.v20180605/jetty-security-9.3.24.v20180605.jar:/home/user/.m2/repository/javax/servlet/jsp/jsp-api/2.1/jsp-api-2.1.jar:/home/user/.m2/repository/com/sun/jersey/jersey-servlet/1.19/jersey-servlet-1.19.jar:/home/user/.m2/repository/com/sun/jersey/jersey-json/1.19/jersey-json-1.19.jar:/home/user/.m2/repository/org/codehaus/jettison/jettison/1.1/jettison-1.1.jar:/home/user/.m2/repository/org/codehaus/jackson/jackson-core-asl/1.9.13/jackson-core-asl-1.9.13.jar:/home/user/.m2/repository/org/codehaus/jackson/jackson-mapper-asl/1.9.13/jackson-mapper-asl-1.9.13.jar:/home/user/.m2/repository/org/codehaus/jackson/jackson-jaxrs/1.9.13/jackson-jaxrs-1.9.13.jar:/home/user/.m2/repository/org/codehaus/jackson/jackson-xc/1.9.13/jackson-xc-1.9.13.jar:/home/user/.m2/repository/commons-logging/commons-logging/1.1.3/commons-logging-1.1.3.jar:/home/user/.m2/repository/commons-beanutils/commons-beanutils/1.9.3/commons-beanutils-1.9.3.jar:/home/user/.m2/repository/org/apache/commons/commons-configuration2/2.1.1/commons-configuration2-2.1.1.jar:/home/user/.m2/repository/org/apache/commons/commons-lang3/3.7/commons-lang3-3.7.jar:/home/user/.m2/repository/org/apache/commons/commons-text/1.4/commons-text-1.4.jar:/home/user/.m2/repository/org/apache/avro/avro/1.7.7/avro-1.7.7.jar:/home/user/.m2/repository/com/thoughtworks/paranamer/paranamer/2.3/paranamer-2.3.jar:/home/user/.m2/repository/org/xerial/snappy/snappy-java/1.0.5/snappy-java-1.0.5.jar:/home/user/.m2/repository/com/google/re2j/re2j/1.1/re2j-1.1.jar:/home/user/.m2/repository/com/google/code/gson/gson/2.2.4/gson-2.2.4.jar:/home/user/.m2/repository/com/jcraft/jsch/0.1.54/jsch-0.1.54.jar:/home/user/.m2/repository/org/apache/curator/curator-client/2.12.0/curator-client-2.12.0.jar:/home/user/.m2/repository/org/apache/curator/curator-recipes/2.12.0/curator-recipes-2.12.0.jar:/home/user/.m2/repository/com/google/code/findbugs/jsr305/3.0.0/jsr305-3.0.0.jar:/home/user/.m2/repository/org/apache/htrace/htrace-core4/4.1.0-incubating/htrace-core4-4.1.0-incubating.jar:/home/user/.m2/repository/org/apache/zookeeper/zookeeper/3.4.13/zookeeper-3.4.13.jar:/home/user/.m2/repository/org/apache/yetus/audience-annotations/0.5.0/audience-annotations-0.5.0.jar:/home/user/.m2/repository/org/codehaus/woodstox/stax2-api/3.1.4/stax2-api-3.1.4.jar:/home/user/.m2/repository/com/fasterxml/woodstox/woodstox-core/5.0.3/woodstox-core-5.0.3.jar:/home/user/.m2/repository/dnsjava/dnsjava/2.1.7/dnsjava-2.1.7.jar:/home/user/.m2/repository/org/apache/hadoop/hadoop-hdfs/3.2.0/hadoop-hdfs-3.2.0-tests.jar:/home/user/.m2/repository/org/eclipse/jetty/jetty-util-ajax/9.3.24.v20180605/jetty-util-ajax-9.3.24.v20180605.jar:/home/user/.m2/repository/commons-daemon/commons-daemon/1.0.13/commons-daemon-1.0.13.jar:/home/user/.m2/repository/io/netty/netty/3.10.5.Final/netty-3.10.5.Final.jar:/home/user/.m2/repository/io/netty/netty-all/4.0.52.Final/netty-all-4.0.52.Final.jar:/home/user/.m2/repository/org/fusesource/leveldbjni/leveldbjni-all/1.8/leveldbjni-all-1.8.jar:"/>
    <property name="java.vm.vendor" value="IcedTea"/>
    <property name="sun.arch.data.model" value="64"/>
    <property name="test.build.dir" value="/workdir/hadoop-ozone/integration-test/target/test-dir"/>
    <property name="test.cache.data" value=""/>
    <property name="java.vendor.url" value="https://icedtea.classpath.org"/>
    <property name="user.timezone" value=""/>
    <property name="java.vm.specification.version" value="1.8"/>
    <property name="os.name" value="Linux"/>
    <property name="test.build.data" value="/workdir/hadoop-ozone/integration-test/target/test-dir"/>
    <property name="user.country" value="US"/>
    <property name="sun.java.launcher" value="SUN_STANDARD"/>
    <property name="sun.boot.library.path" value="/usr/lib/jvm/java-1.8-openjdk/jre/lib/amd64"/>
    <property name="sun.java.command" value="/workdir/hadoop-ozone/integration-test/target/surefire/surefirebooter6978864559218292790.jar /workdir/hadoop-ozone/integration-test/target/surefire 2019-07-30T07-59-19_370-jvmRun1 surefire499578143544634541tmp surefire_716388101776793011671tmp"/>
    <property name="surefire.test.class.path" value="/workdir/hadoop-ozone/integration-test/target/test-classes:/workdir/hadoop-ozone/integration-test/target/classes:/home/user/.m2/repository/org/apache/hadoop/hadoop-ozone-common/0.4.1-SNAPSHOT/hadoop-ozone-common-0.4.1-SNAPSHOT.jar:/home/user/.m2/repository/org/apache/commons/commons-compress/1.4.1/commons-compress-1.4.1.jar:/home/user/.m2/repository/org/tukaani/xz/1.0/xz-1.0.jar:/home/user/.m2/repository/org/apache/hadoop/hadoop-common/3.2.0/hadoop-common-3.2.0.jar:/home/user/.m2/repository/org/apache/hadoop/hadoop-hdfs/3.2.0/hadoop-hdfs-3.2.0.jar:/home/user/.m2/repository/org/apache/hadoop/hadoop-hdfs-client/3.2.0/hadoop-hdfs-client-3.2.0.jar:/home/user/.m2/repository/com/fasterxml/jackson/core/jackson-annotations/2.9.5/jackson-annotations-2.9.5.jar:/home/user/.m2/repository/org/apache/hadoop/hadoop-hdds-common/0.4.1-SNAPSHOT/hadoop-hdds-common-0.4.1-SNAPSHOT.jar:/home/user/.m2/repository/javax/annotation/javax.annotation-api/1.2/javax.annotation-api-1.2.jar:/home/user/.m2/repository/org/apache/ratis/ratis-server/0.4.0-2337318-SNAPSHOT/ratis-server-0.4.0-2337318-SNAPSHOT.jar:/home/user/.m2/repository/org/apache/ratis/ratis-thirdparty-misc/0.2.0/ratis-thirdparty-misc-0.2.0.jar:/home/user/.m2/repository/org/apache/ratis/ratis-proto/0.4.0-2337318-SNAPSHOT/ratis-proto-0.4.0-2337318-SNAPSHOT.jar:/home/user/.m2/repository/org/apache/ratis/ratis-common/0.4.0-2337318-SNAPSHOT/ratis-common-0.4.0-2337318-SNAPSHOT.jar:/home/user/.m2/repository/org/apache/ratis/ratis-client/0.4.0-2337318-SNAPSHOT/ratis-client-0.4.0-2337318-SNAPSHOT.jar:/home/user/.m2/repository/org/apache/ratis/ratis-metrics/0.4.0-2337318-SNAPSHOT/ratis-metrics-0.4.0-2337318-SNAPSHOT.jar:/home/user/.m2/repository/org/apache/ratis/ratis-netty/0.4.0-2337318-SNAPSHOT/ratis-netty-0.4.0-2337318-SNAPSHOT.jar:/home/user/.m2/repository/org/apache/ratis/ratis-grpc/0.4.0-2337318-SNAPSHOT/ratis-grpc-0.4.0-2337318-SNAPSHOT.jar:/home/user/.m2/repository/org/rocksdb/rocksdbjni/6.0.1/rocksdbjni-6.0.1.jar:/home/user/.m2/repository/org/apache/logging/log4j/log4j-api/2.11.0/log4j-api-2.11.0.jar:/home/user/.m2/repository/org/apache/logging/log4j/log4j-core/2.11.0/log4j-core-2.11.0.jar:/home/user/.m2/repository/com/lmax/disruptor/3.4.2/disruptor-3.4.2.jar:/home/user/.m2/repository/org/apache/commons/commons-pool2/2.6.0/commons-pool2-2.6.0.jar:/home/user/.m2/repository/org/bouncycastle/bcpkix-jdk15on/1.60/bcpkix-jdk15on-1.60.jar:/home/user/.m2/repository/commons-validator/commons-validator/1.6/commons-validator-1.6.jar:/home/user/.m2/repository/commons-digester/commons-digester/1.8.1/commons-digester-1.8.1.jar:/home/user/.m2/repository/io/jaegertracing/jaeger-client/0.33.1/jaeger-client-0.33.1.jar:/home/user/.m2/repository/io/jaegertracing/jaeger-thrift/0.33.1/jaeger-thrift-0.33.1.jar:/home/user/.m2/repository/org/apache/thrift/libthrift/0.11.0/libthrift-0.11.0.jar:/home/user/.m2/repository/com/squareup/okhttp3/okhttp/3.9.0/okhttp-3.9.0.jar:/home/user/.m2/repository/com/squareup/okio/okio/1.13.0/okio-1.13.0.jar:/home/user/.m2/repository/io/jaegertracing/jaeger-core/0.33.1/jaeger-core-0.33.1.jar:/home/user/.m2/repository/io/jaegertracing/jaeger-tracerresolver/0.33.1/jaeger-tracerresolver-0.33.1.jar:/home/user/.m2/repository/io/opentracing/contrib/opentracing-tracerresolver/0.1.5/opentracing-tracerresolver-0.1.5.jar:/home/user/.m2/repository/io/opentracing/opentracing-util/0.31.0/opentracing-util-0.31.0.jar:/home/user/.m2/repository/io/opentracing/opentracing-api/0.31.0/opentracing-api-0.31.0.jar:/home/user/.m2/repository/io/opentracing/opentracing-noop/0.31.0/opentracing-noop-0.31.0.jar:/home/user/.m2/repository/org/apache/hadoop/hadoop-hdds-server-framework/0.4.1-SNAPSHOT/hadoop-hdds-server-framework-0.4.1-SNAPSHOT.jar:/home/user/.m2/repository/org/apache/hadoop/hadoop-hdds-container-service/0.4.1-SNAPSHOT/hadoop-hdds-container-service-0.4.1-SNAPSHOT.jar:/home/user/.m2/repository/org/apache/hadoop/hadoop-hdds-client/0.4.1-SNAPSHOT/hadoop-hdds-client-0.4.1-SNAPSHOT.jar:/home/user/.m2/repository/org/apache/hadoop/hadoop-hdds-tools/0.4.1-SNAPSHOT/hadoop-hdds-tools-0.4.1-SNAPSHOT.jar:/home/user/.m2/repository/org/apache/hadoop/hadoop-hdds-server-scm/0.4.1-SNAPSHOT/hadoop-hdds-server-scm-0.4.1-SNAPSHOT.jar:/home/user/.m2/repository/org/apache/hadoop/hadoop-hdds-docs/0.4.1-SNAPSHOT/hadoop-hdds-docs-0.4.1-SNAPSHOT.jar:/home/user/.m2/repository/io/dropwizard/metrics/metrics-core/3.2.4/metrics-core-3.2.4.jar:/home/user/.m2/repository/org/hamcrest/hamcrest-all/1.3/hamcrest-all-1.3.jar:/home/user/.m2/repository/org/bouncycastle/bcprov-jdk15on/1.60/bcprov-jdk15on-1.60.jar:/home/user/.m2/repository/info/picocli/picocli/3.9.6/picocli-3.9.6.jar:/home/user/.m2/repository/com/google/protobuf/protobuf-java/2.5.0/protobuf-java-2.5.0.jar:/home/user/.m2/repository/com/google/guava/guava/11.0.2/guava-11.0.2.jar:/home/user/.m2/repository/org/apache/hadoop/hadoop-ozone-ozone-manager/0.4.1-SNAPSHOT/hadoop-ozone-ozone-manager-0.4.1-SNAPSHOT.jar:/home/user/.m2/repository/org/apache/hadoop/hadoop-minikdc/3.2.0/hadoop-minikdc-3.2.0.jar:/home/user/.m2/repository/commons-io/commons-io/2.5/commons-io-2.5.jar:/home/user/.m2/repository/org/apache/kerby/kerb-simplekdc/1.0.1/kerb-simplekdc-1.0.1.jar:/home/user/.m2/repository/org/apache/kerby/kerb-client/1.0.1/kerb-client-1.0.1.jar:/home/user/.m2/repository/org/apache/kerby/kerby-config/1.0.1/kerby-config-1.0.1.jar:/home/user/.m2/repository/org/apache/kerby/kerb-core/1.0.1/kerb-core-1.0.1.jar:/home/user/.m2/repository/org/apache/kerby/kerby-pkix/1.0.1/kerby-pkix-1.0.1.jar:/home/user/.m2/repository/org/apache/kerby/kerby-asn1/1.0.1/kerby-asn1-1.0.1.jar:/home/user/.m2/repository/org/apache/kerby/kerby-util/1.0.1/kerby-util-1.0.1.jar:/home/user/.m2/repository/org/apache/kerby/kerb-common/1.0.1/kerb-common-1.0.1.jar:/home/user/.m2/repository/org/apache/kerby/kerb-crypto/1.0.1/kerb-crypto-1.0.1.jar:/home/user/.m2/repository/org/apache/kerby/kerb-util/1.0.1/kerb-util-1.0.1.jar:/home/user/.m2/repository/org/apache/kerby/token-provider/1.0.1/token-provider-1.0.1.jar:/home/user/.m2/repository/org/apache/kerby/kerb-admin/1.0.1/kerb-admin-1.0.1.jar:/home/user/.m2/repository/org/apache/kerby/kerb-server/1.0.1/kerb-server-1.0.1.jar:/home/user/.m2/repository/org/apache/kerby/kerb-identity/1.0.1/kerb-identity-1.0.1.jar:/home/user/.m2/repository/org/apache/kerby/kerby-xdr/1.0.1/kerby-xdr-1.0.1.jar:/home/user/.m2/repository/org/slf4j/slf4j-log4j12/1.7.25/slf4j-log4j12-1.7.25.jar:/home/user/.m2/repository/org/apache/hadoop/hadoop-ozone-objectstore-service/0.4.1-SNAPSHOT/hadoop-ozone-objectstore-service-0.4.1-SNAPSHOT.jar:/home/user/.m2/repository/org/apache/hadoop/hadoop-ozone-s3gateway/0.4.1-SNAPSHOT/hadoop-ozone-s3gateway-0.4.1-SNAPSHOT.jar:/home/user/.m2/repository/org/jboss/weld/servlet/weld-servlet/2.4.7.Final/weld-servlet-2.4.7.Final.jar:/home/user/.m2/repository/org/glassfish/jersey/containers/jersey-container-servlet-core/2.27/jersey-container-servlet-core-2.27.jar:/home/user/.m2/repository/org/glassfish/hk2/external/javax.inject/2.5.0-b42/javax.inject-2.5.0-b42.jar:/home/user/.m2/repository/org/glassfish/jersey/core/jersey-common/2.27/jersey-common-2.27.jar:/home/user/.m2/repository/org/glassfish/hk2/osgi-resource-locator/1.0.1/osgi-resource-locator-1.0.1.jar:/home/user/.m2/repository/javax/ws/rs/javax.ws.rs-api/2.1/javax.ws.rs-api-2.1.jar:/home/user/.m2/repository/org/glassfish/jersey/ext/cdi/jersey-cdi1x/2.27/jersey-cdi1x-2.27.jar:/home/user/.m2/repository/org/glassfish/jersey/inject/jersey-hk2/2.27/jersey-hk2-2.27.jar:/home/user/.m2/repository/org/glassfish/hk2/hk2-locator/2.5.0-b42/hk2-locator-2.5.0-b42.jar:/home/user/.m2/repository/org/javassist/javassist/3.22.0-CR2/javassist-3.22.0-CR2.jar:/home/user/.m2/repository/org/glassfish/hk2/hk2-api/2.5.0/hk2-api-2.5.0.jar:/home/user/.m2/repository/org/glassfish/hk2/external/jakarta.inject/2.5.0/jakarta.inject-2.5.0.jar:/home/user/.m2/repository/org/glassfish/hk2/hk2-utils/2.5.0/hk2-utils-2.5.0.jar:/home/user/.m2/repository/jakarta/annotation/jakarta.annotation-api/1.3.4/jakarta.annotation-api-1.3.4.jar:/home/user/.m2/repository/org/glassfish/hk2/external/aopalliance-repackaged/2.5.0/aopalliance-repackaged-2.5.0.jar:/home/user/.m2/repository/com/fasterxml/jackson/dataformat/jackson-dataformat-xml/2.9.0/jackson-dataformat-xml-2.9.0.jar:/home/user/.m2/repository/com/fasterxml/jackson/core/jackson-core/2.9.5/jackson-core-2.9.5.jar:/home/user/.m2/repository/com/fasterxml/jackson/module/jackson-module-jaxb-annotations/2.9.5/jackson-module-jaxb-annotations-2.9.5.jar:/home/user/.m2/repository/javax/enterprise/cdi-api/1.2/cdi-api-1.2.jar:/home/user/.m2/repository/javax/el/javax.el-api/3.0.0/javax.el-api-3.0.0.jar:/home/user/.m2/repository/javax/interceptor/javax.interceptor-api/1.2/javax.interceptor-api-1.2.jar:/home/user/.m2/repository/javax/inject/javax.inject/1/javax.inject-1.jar:/home/user/.m2/repository/com/sun/xml/bind/jaxb-impl/2.3.0.1/jaxb-impl-2.3.0.1.jar:/home/user/.m2/repository/com/sun/xml/bind/jaxb-core/2.3.0.1/jaxb-core-2.3.0.1.jar:/home/user/.m2/repository/javax/xml/bind/jaxb-api/2.3.0/jaxb-api-2.3.0.jar:/home/user/.m2/repository/javax/activation/activation/1.1.1/activation-1.1.1.jar:/home/user/.m2/repository/org/apache/hadoop/hadoop-ozone-csi/0.4.1-SNAPSHOT/hadoop-ozone-csi-0.4.1-SNAPSHOT.jar:/home/user/.m2/repository/com/google/protobuf/protobuf-java-util/3.5.1/protobuf-java-util-3.5.1.jar:/home/user/.m2/repository/org/apache/hadoop/hadoop-hdds-config/0.4.1-SNAPSHOT/hadoop-hdds-config-0.4.1-SNAPSHOT.jar:/home/user/.m2/repository/io/grpc/grpc-netty/1.17.1/grpc-netty-1.17.1.jar:/home/user/.m2/repository/io/grpc/grpc-core/1.17.1/grpc-core-1.17.1.jar:/home/user/.m2/repository/io/grpc/grpc-context/1.17.1/grpc-context-1.17.1.jar:/home/user/.m2/repository/com/google/errorprone/error_prone_annotations/2.2.0/error_prone_annotations-2.2.0.jar:/home/user/.m2/repository/org/codehaus/mojo/animal-sniffer-annotations/1.17/animal-sniffer-annotations-1.17.jar:/home/user/.m2/repository/io/opencensus/opencensus-api/0.17.0/opencensus-api-0.17.0.jar:/home/user/.m2/repository/io/opencensus/opencensus-contrib-grpc-metrics/0.17.0/opencensus-contrib-grpc-metrics-0.17.0.jar:/home/user/.m2/repository/io/netty/netty-codec-http2/4.1.30.Final/netty-codec-http2-4.1.30.Final.jar:/home/user/.m2/repository/io/netty/netty-codec-http/4.1.30.Final/netty-codec-http-4.1.30.Final.jar:/home/user/.m2/repository/io/netty/netty-codec/4.1.30.Final/netty-codec-4.1.30.Final.jar:/home/user/.m2/repository/io/netty/netty-handler/4.1.30.Final/netty-handler-4.1.30.Final.jar:/home/user/.m2/repository/io/netty/netty-handler-proxy/4.1.30.Final/netty-handler-proxy-4.1.30.Final.jar:/home/user/.m2/repository/io/netty/netty-codec-socks/4.1.30.Final/netty-codec-socks-4.1.30.Final.jar:/home/user/.m2/repository/io/netty/netty-transport-native-epoll/4.1.30.Final/netty-transport-native-epoll-4.1.30.Final.jar:/home/user/.m2/repository/io/netty/netty-common/4.1.30.Final/netty-common-4.1.30.Final.jar:/home/user/.m2/repository/io/netty/netty-buffer/4.1.30.Final/netty-buffer-4.1.30.Final.jar:/home/user/.m2/repository/io/netty/netty-transport/4.1.30.Final/netty-transport-4.1.30.Final.jar:/home/user/.m2/repository/io/netty/netty-resolver/4.1.30.Final/netty-resolver-4.1.30.Final.jar:/home/user/.m2/repository/io/netty/netty-transport-native-unix-common/4.1.30.Final/netty-transport-native-unix-common-4.1.30.Final.jar:/home/user/.m2/repository/io/grpc/grpc-protobuf/1.17.1/grpc-protobuf-1.17.1.jar:/home/user/.m2/repository/com/google/api/grpc/proto-google-common-protos/1.0.0/proto-google-common-protos-1.0.0.jar:/home/user/.m2/repository/io/grpc/grpc-protobuf-lite/1.17.1/grpc-protobuf-lite-1.17.1.jar:/home/user/.m2/repository/io/grpc/grpc-stub/1.17.1/grpc-stub-1.17.1.jar:/home/user/.m2/repository/org/apache/hadoop/hadoop-ozone-recon/0.4.1-SNAPSHOT/hadoop-ozone-recon-0.4.1-SNAPSHOT.jar:/home/user/.m2/repository/org/apache/hadoop/hadoop-ozone-reconcodegen/0.4.1-SNAPSHOT/hadoop-ozone-reconcodegen-0.4.1-SNAPSHOT.jar:/home/user/.m2/repository/com/google/inject/extensions/guice-multibindings/4.0/guice-multibindings-4.0.jar:/home/user/.m2/repository/com/google/inject/guice/4.0/guice-4.0.jar:/home/user/.m2/repository/aopalliance/aopalliance/1.0/aopalliance-1.0.jar:/home/user/.m2/repository/com/google/inject/extensions/guice-servlet/4.0/guice-servlet-4.0.jar:/home/user/.m2/repository/org/glassfish/jersey/containers/jersey-container-servlet/2.27/jersey-container-servlet-2.27.jar:/home/user/.m2/repository/org/glassfish/hk2/guice-bridge/2.5.0/guice-bridge-2.5.0.jar:/home/user/.m2/repository/org/glassfish/jersey/core/jersey-server/2.27/jersey-server-2.27.jar:/home/user/.m2/repository/org/glassfish/jersey/core/jersey-client/2.27/jersey-client-2.27.jar:/home/user/.m2/repository/org/glassfish/jersey/media/jersey-media-jaxb/2.27/jersey-media-jaxb-2.27.jar:/home/user/.m2/repository/javax/validation/validation-api/1.1.0.Final/validation-api-1.1.0.Final.jar:/home/user/.m2/repository/org/glassfish/jersey/media/jersey-media-json-jackson/2.27/jersey-media-json-jackson-2.27.jar:/home/user/.m2/repository/org/glassfish/jersey/ext/jersey-entity-filtering/2.27/jersey-entity-filtering-2.27.jar:/home/user/.m2/repository/com/google/inject/extensions/guice-assistedinject/4.0/guice-assistedinject-4.0.jar:/home/user/.m2/repository/org/jooq/jooq/3.11.10/jooq-3.11.10.jar:/home/user/.m2/repository/org/jooq/jooq-meta/3.11.10/jooq-meta-3.11.10.jar:/home/user/.m2/repository/org/jooq/jooq-codegen/3.11.10/jooq-codegen-3.11.10.jar:/home/user/.m2/repository/com/jolbox/bonecp/0.8.0.RELEASE/bonecp-0.8.0.RELEASE.jar:/home/user/.m2/repository/org/xerial/sqlite-jdbc/3.25.2/sqlite-jdbc-3.25.2.jar:/home/user/.m2/repository/org/springframework/spring-jdbc/5.1.3.RELEASE/spring-jdbc-5.1.3.RELEASE.jar:/home/user/.m2/repository/org/springframework/spring-beans/5.1.3.RELEASE/spring-beans-5.1.3.RELEASE.jar:/home/user/.m2/repository/org/springframework/spring-core/5.1.3.RELEASE/spring-core-5.1.3.RELEASE.jar:/home/user/.m2/repository/org/springframework/spring-jcl/5.1.3.RELEASE/spring-jcl-5.1.3.RELEASE.jar:/home/user/.m2/repository/org/springframework/spring-tx/5.1.3.RELEASE/spring-tx-5.1.3.RELEASE.jar:/home/user/.m2/repository/org/apache/hadoop/hadoop-ozone-client/0.4.1-SNAPSHOT/hadoop-ozone-client-0.4.1-SNAPSHOT.jar:/home/user/.m2/repository/commons-lang/commons-lang/2.6/commons-lang-2.6.jar:/home/user/.m2/repository/org/apache/hadoop/hadoop-ozone-ozone-manager/0.4.1-SNAPSHOT/hadoop-ozone-ozone-manager-0.4.1-SNAPSHOT-tests.jar:/home/user/.m2/repository/junit/junit/4.11/junit-4.11.jar:/home/user/.m2/repository/org/hamcrest/hamcrest-core/1.3/hamcrest-core-1.3.jar:/home/user/.m2/repository/org/openjdk/jmh/jmh-core/1.19/jmh-core-1.19.jar:/home/user/.m2/repository/net/sf/jopt-simple/jopt-simple/4.6/jopt-simple-4.6.jar:/home/user/.m2/repository/org/apache/commons/commons-math3/3.1.1/commons-math3-3.1.1.jar:/home/user/.m2/repository/org/openjdk/jmh/jmh-generator-annprocess/1.19/jmh-generator-annprocess-1.19.jar:/home/user/.m2/repository/org/mockito/mockito-all/1.8.5/mockito-all-1.8.5.jar:/home/user/.m2/repository/org/apache/hadoop/hadoop-kms/3.2.0/hadoop-kms-3.2.0.jar:/home/user/.m2/repository/org/apache/hadoop/hadoop-auth/3.2.0/hadoop-auth-3.2.0.jar:/home/user/.m2/repository/com/nimbusds/nimbus-jose-jwt/4.41.1/nimbus-jose-jwt-4.41.1.jar:/home/user/.m2/repository/com/github/stephenc/jcip/jcip-annotations/1.0-1/jcip-annotations-1.0-1.jar:/home/user/.m2/repository/net/minidev/json-smart/2.3/json-smart-2.3.jar:/home/user/.m2/repository/net/minidev/accessors-smart/1.2/accessors-smart-1.2.jar:/home/user/.m2/repository/org/ow2/asm/asm/5.0.4/asm-5.0.4.jar:/home/user/.m2/repository/org/apache/curator/curator-framework/2.12.0/curator-framework-2.12.0.jar:/home/user/.m2/repository/com/sun/jersey/jersey-core/1.19/jersey-core-1.19.jar:/home/user/.m2/repository/javax/ws/rs/jsr311-api/1.1.1/jsr311-api-1.1.1.jar:/home/user/.m2/repository/com/sun/jersey/jersey-server/1.19/jersey-server-1.19.jar:/home/user/.m2/repository/javax/servlet/javax.servlet-api/3.1.0/javax.servlet-api-3.1.0.jar:/home/user/.m2/repository/org/eclipse/jetty/jetty-server/9.3.24.v20180605/jetty-server-9.3.24.v20180605.jar:/home/user/.m2/repository/org/eclipse/jetty/jetty-http/9.3.24.v20180605/jetty-http-9.3.24.v20180605.jar:/home/user/.m2/repository/org/eclipse/jetty/jetty-io/9.3.24.v20180605/jetty-io-9.3.24.v20180605.jar:/home/user/.m2/repository/org/eclipse/jetty/jetty-webapp/9.3.24.v20180605/jetty-webapp-9.3.24.v20180605.jar:/home/user/.m2/repository/org/eclipse/jetty/jetty-xml/9.3.24.v20180605/jetty-xml-9.3.24.v20180605.jar:/home/user/.m2/repository/log4j/log4j/1.2.17/log4j-1.2.17.jar:/home/user/.m2/repository/org/slf4j/slf4j-api/1.7.25/slf4j-api-1.7.25.jar:/home/user/.m2/repository/org/slf4j/jul-to-slf4j/1.7.25/jul-to-slf4j-1.7.25.jar:/home/user/.m2/repository/org/eclipse/jetty/jetty-util/9.3.24.v20180605/jetty-util-9.3.24.v20180605.jar:/home/user/.m2/repository/com/fasterxml/jackson/core/jackson-databind/2.9.5/jackson-databind-2.9.5.jar:/home/user/.m2/repository/org/apache/hadoop/hadoop-kms/3.2.0/hadoop-kms-3.2.0-tests.jar:/home/user/.m2/repository/org/apache/hadoop/hadoop-hdds-server-scm/0.4.1-SNAPSHOT/hadoop-hdds-server-scm-0.4.1-SNAPSHOT-tests.jar:/home/user/.m2/repository/org/apache/hadoop/hadoop-hdds-container-service/0.4.1-SNAPSHOT/hadoop-hdds-container-service-0.4.1-SNAPSHOT-tests.jar:/home/user/.m2/repository/org/yaml/snakeyaml/1.16/snakeyaml-1.16.jar:/home/user/.m2/repository/org/apache/hadoop/hadoop-common/3.2.0/hadoop-common-3.2.0-tests.jar:/home/user/.m2/repository/org/apache/hadoop/hadoop-annotations/3.2.0/hadoop-annotations-3.2.0.jar:/usr/lib/jvm/java-1.8-openjdk/jre/../lib/tools.jar:/home/user/.m2/repository/commons-cli/commons-cli/1.2/commons-cli-1.2.jar:/home/user/.m2/repository/org/apache/httpcomponents/httpclient/4.5.2/httpclient-4.5.2.jar:/home/user/.m2/repository/org/apache/httpcomponents/httpcore/4.4.4/httpcore-4.4.4.jar:/home/user/.m2/repository/commons-codec/commons-codec/1.11/commons-codec-1.11.jar:/home/user/.m2/repository/commons-net/commons-net/3.6/commons-net-3.6.jar:/home/user/.m2/repository/commons-collections/commons-collections/3.2.2/commons-collections-3.2.2.jar:/home/user/.m2/repository/org/eclipse/jetty/jetty-servlet/9.3.24.v20180605/jetty-servlet-9.3.24.v20180605.jar:/home/user/.m2/repository/org/eclipse/jetty/jetty-security/9.3.24.v20180605/jetty-security-9.3.24.v20180605.jar:/home/user/.m2/repository/javax/servlet/jsp/jsp-api/2.1/jsp-api-2.1.jar:/home/user/.m2/repository/com/sun/jersey/jersey-servlet/1.19/jersey-servlet-1.19.jar:/home/user/.m2/repository/com/sun/jersey/jersey-json/1.19/jersey-json-1.19.jar:/home/user/.m2/repository/org/codehaus/jettison/jettison/1.1/jettison-1.1.jar:/home/user/.m2/repository/org/codehaus/jackson/jackson-core-asl/1.9.13/jackson-core-asl-1.9.13.jar:/home/user/.m2/repository/org/codehaus/jackson/jackson-mapper-asl/1.9.13/jackson-mapper-asl-1.9.13.jar:/home/user/.m2/repository/org/codehaus/jackson/jackson-jaxrs/1.9.13/jackson-jaxrs-1.9.13.jar:/home/user/.m2/repository/org/codehaus/jackson/jackson-xc/1.9.13/jackson-xc-1.9.13.jar:/home/user/.m2/repository/commons-logging/commons-logging/1.1.3/commons-logging-1.1.3.jar:/home/user/.m2/repository/commons-beanutils/commons-beanutils/1.9.3/commons-beanutils-1.9.3.jar:/home/user/.m2/repository/org/apache/commons/commons-configuration2/2.1.1/commons-configuration2-2.1.1.jar:/home/user/.m2/repository/org/apache/commons/commons-lang3/3.7/commons-lang3-3.7.jar:/home/user/.m2/repository/org/apache/commons/commons-text/1.4/commons-text-1.4.jar:/home/user/.m2/repository/org/apache/avro/avro/1.7.7/avro-1.7.7.jar:/home/user/.m2/repository/com/thoughtworks/paranamer/paranamer/2.3/paranamer-2.3.jar:/home/user/.m2/repository/org/xerial/snappy/snappy-java/1.0.5/snappy-java-1.0.5.jar:/home/user/.m2/repository/com/google/re2j/re2j/1.1/re2j-1.1.jar:/home/user/.m2/repository/com/google/code/gson/gson/2.2.4/gson-2.2.4.jar:/home/user/.m2/repository/com/jcraft/jsch/0.1.54/jsch-0.1.54.jar:/home/user/.m2/repository/org/apache/curator/curator-client/2.12.0/curator-client-2.12.0.jar:/home/user/.m2/repository/org/apache/curator/curator-recipes/2.12.0/curator-recipes-2.12.0.jar:/home/user/.m2/repository/com/google/code/findbugs/jsr305/3.0.0/jsr305-3.0.0.jar:/home/user/.m2/repository/org/apache/htrace/htrace-core4/4.1.0-incubating/htrace-core4-4.1.0-incubating.jar:/home/user/.m2/repository/org/apache/zookeeper/zookeeper/3.4.13/zookeeper-3.4.13.jar:/home/user/.m2/repository/org/apache/yetus/audience-annotations/0.5.0/audience-annotations-0.5.0.jar:/home/user/.m2/repository/org/codehaus/woodstox/stax2-api/3.1.4/stax2-api-3.1.4.jar:/home/user/.m2/repository/com/fasterxml/woodstox/woodstox-core/5.0.3/woodstox-core-5.0.3.jar:/home/user/.m2/repository/dnsjava/dnsjava/2.1.7/dnsjava-2.1.7.jar:/home/user/.m2/repository/org/apache/hadoop/hadoop-hdfs/3.2.0/hadoop-hdfs-3.2.0-tests.jar:/home/user/.m2/repository/org/eclipse/jetty/jetty-util-ajax/9.3.24.v20180605/jetty-util-ajax-9.3.24.v20180605.jar:/home/user/.m2/repository/commons-daemon/commons-daemon/1.0.13/commons-daemon-1.0.13.jar:/home/user/.m2/repository/io/netty/netty/3.10.5.Final/netty-3.10.5.Final.jar:/home/user/.m2/repository/io/netty/netty-all/4.0.52.Final/netty-all-4.0.52.Final.jar:/home/user/.m2/repository/org/fusesource/leveldbjni/leveldbjni-all/1.8/leveldbjni-all-1.8.jar:"/>
    <property name="sun.cpu.endian" value="little"/>
    <property name="user.home" value="/home/user"/>
    <property name="user.language" value="en"/>
    <property name="java.specification.vendor" value="Oracle Corporation"/>
    <property name="java.home" value="/usr/lib/jvm/java-1.8-openjdk/jre"/>
    <property name="java.security.krb5.conf" value="/workdir/hadoop-ozone/integration-test/target/test-classes/krb5.conf"/>
    <property name="basedir" value="/workdir/hadoop-ozone/integration-test"/>
    <property name="file.separator" value="/"/>
    <property name="line.separator" value="&#10;"/>
    <property name="java.vm.specification.vendor" value="Oracle Corporation"/>
    <property name="java.specification.name" value="Java Platform API Specification"/>
    <property name="java.awt.graphicsenv" value="sun.awt.X11GraphicsEnvironment"/>
    <property name="surefire.real.class.path" value="/workdir/hadoop-ozone/integration-test/target/surefire/surefirebooter6978864559218292790.jar"/>
    <property name="hadoop.log.dir" value="/workdir/hadoop-ozone/integration-test/target/log"/>
    <property name="sun.boot.class.path" value="/usr/lib/jvm/java-1.8-openjdk/jre/lib/resources.jar:/usr/lib/jvm/java-1.8-openjdk/jre/lib/rt.jar:/usr/lib/jvm/java-1.8-openjdk/jre/lib/sunrsasign.jar:/usr/lib/jvm/java-1.8-openjdk/jre/lib/jsse.jar:/usr/lib/jvm/java-1.8-openjdk/jre/lib/jce.jar:/usr/lib/jvm/java-1.8-openjdk/jre/lib/charsets.jar:/usr/lib/jvm/java-1.8-openjdk/jre/lib/jfr.jar:/usr/lib/jvm/java-1.8-openjdk/jre/classes"/>
    <property name="sun.management.compiler" value="HotSpot 64-Bit Tiered Compilers"/>
    <property name="java.runtime.version" value="1.8.0_212-b04"/>
    <property name="java.net.preferIPv4Stack" value="true"/>
    <property name="user.name" value="jenkins1000"/>
    <property name="path.separator" value=":"/>
    <property name="java.security.egd" value="file:///dev/urandom"/>
    <property name="os.version" value="3.10.0-957.12.2.el7.x86_64"/>
    <property name="java.endorsed.dirs" value="/usr/lib/jvm/java-1.8-openjdk/jre/lib/endorsed"/>
    <property name="java.runtime.name" value="OpenJDK Runtime Environment"/>
    <property name="file.encoding" value="UTF-8"/>
    <property name="java.vm.name" value="OpenJDK 64-Bit Server VM"/>
    <property name="test.build.webapps" value=""/>
    <property name="localRepository" value="/home/user/.m2/repository"/>
    <property name="java.vendor.url.bug" value="https://icedtea.classpath.org/bugzilla"/>
    <property name="java.io.tmpdir" value="/tmp"/>
    <property name="require.test.libhadoop" value=""/>
    <property name="java.version" value="1.8.0_212"/>
    <property name="user.dir" value="/workdir/hadoop-ozone/integration-test"/>
    <property name="os.arch" value="amd64"/>
    <property name="java.vm.specification.name" value="Java Virtual Machine Specification"/>
    <property name="test.build.classes" value="/workdir/hadoop-ozone/integration-test/target/test-classes"/>
    <property name="java.awt.printerjob" value="sun.print.PSPrinterJob"/>
    <property name="sun.os.patch.level" value="unknown"/>
    <property name="hadoop.tmp.dir" value="/workdir/hadoop-ozone/integration-test/target/tmp"/>
    <property name="java.library.path" value="/usr/lib/jvm/java-1.8-openjdk/jre/lib/amd64/server:/usr/lib/jvm/java-1.8-openjdk/jre/lib/amd64:/usr/lib/jvm/java-1.8-openjdk/jre/../lib/amd64:/workdir/hadoop-ozone/integration-test/target/native/target/usr/local/lib:/workdir/hadoop-ozone/integration-test/../../hadoop-common-project/hadoop-common/target/native/target/usr/local/lib:/usr/java/packages/lib/amd64:/usr/lib64:/lib64:/lib:/usr/lib"/>
    <property name="java.vm.info" value="mixed mode"/>
    <property name="java.vendor" value="IcedTea"/>
    <property name="java.vm.version" value="25.212-b04"/>
    <property name="java.ext.dirs" value="/usr/lib/jvm/java-1.8-openjdk/jre/lib/ext:/usr/java/packages/lib/ext"/>
    <property name="sun.io.unicode.encoding" value="UnicodeLittle"/>
    <property name="java.class.version" value="52.0"/>
  </properties>
  <testcase name="test2DatanodesFailure" classname="org.apache.hadoop.ozone.client.rpc.TestBlockOutputStreamWithFailures" time="104.872"/>
  <testcase name="testDatanodeFailureWithPreAllocation" classname="org.apache.hadoop.ozone.client.rpc.TestBlockOutputStreamWithFailures" time="225.313"/>
  <testcase name="testDatanodeFailureWithSingleNodeRatis" classname="org.apache.hadoop.ozone.client.rpc.TestBlockOutputStreamWithFailures" time="224.932"/>
  <testcase name="testWatchForCommitWithSingleNodeRatis" classname="org.apache.hadoop.ozone.client.rpc.TestBlockOutputStreamWithFailures" time="33.893"/>
  <testcase name="testWatchForCommitDatanodeFailure" classname="org.apache.hadoop.ozone.client.rpc.TestBlockOutputStreamWithFailures" time="43.165">
    <failure message="expected:&lt;2&gt; but was:&lt;3&gt;" type="java.lang.AssertionError"><![CDATA[java.lang.AssertionError: expected:<2> but was:<3>
	at org.junit.Assert.fail(Assert.java:88)
	at org.junit.Assert.failNotEquals(Assert.java:743)
	at org.junit.Assert.assertEquals(Assert.java:118)
	at org.junit.Assert.assertEquals(Assert.java:555)
	at org.junit.Assert.assertEquals(Assert.java:542)
	at org.apache.hadoop.ozone.client.rpc.TestBlockOutputStreamWithFailures.testWatchForCommitDatanodeFailure(TestBlockOutputStreamWithFailures.java:366)
	at sun.reflect.NativeMethodAccessorImpl.invoke0(Native Method)
	at sun.reflect.NativeMethodAccessorImpl.invoke(NativeMethodAccessorImpl.java:62)
	at sun.reflect.DelegatingMethodAccessorImpl.invoke(DelegatingMethodAccessorImpl.java:43)
	at java.lang.reflect.Method.invoke(Method.java:498)
	at org.junit.runners.model.FrameworkMethod$1.runReflectiveCall(FrameworkMethod.java:47)
	at org.junit.internal.runners.model.ReflectiveCallable.run(ReflectiveCallable.java:12)
	at org.junit.runners.model.FrameworkMethod.invokeExplosively(FrameworkMethod.java:44)
	at org.junit.internal.runners.statements.InvokeMethod.evaluate(InvokeMethod.java:17)
	at org.junit.internal.runners.statements.RunBefores.evaluate(RunBefores.java:26)
	at org.junit.internal.runners.statements.RunAfters.evaluate(RunAfters.java:27)
	at org.junit.runners.ParentRunner.runLeaf(ParentRunner.java:271)
	at org.junit.runners.BlockJUnit4ClassRunner.runChild(BlockJUnit4ClassRunner.java:70)
	at org.junit.runners.BlockJUnit4ClassRunner.runChild(BlockJUnit4ClassRunner.java:50)
	at org.junit.runners.ParentRunner$3.run(ParentRunner.java:238)
	at org.junit.runners.ParentRunner$1.schedule(ParentRunner.java:63)
	at org.junit.runners.ParentRunner.runChildren(ParentRunner.java:236)
	at org.junit.runners.ParentRunner.access$000(ParentRunner.java:53)
	at org.junit.runners.ParentRunner$2.evaluate(ParentRunner.java:229)
	at org.junit.runners.ParentRunner.run(ParentRunner.java:309)
	at org.apache.maven.surefire.junit4.JUnit4Provider.execute(JUnit4Provider.java:365)
	at org.apache.maven.surefire.junit4.JUnit4Provider.executeWithRerun(JUnit4Provider.java:273)
	at org.apache.maven.surefire.junit4.JUnit4Provider.executeTestSet(JUnit4Provider.java:238)
	at org.apache.maven.surefire.junit4.JUnit4Provider.invoke(JUnit4Provider.java:159)
	at org.apache.maven.surefire.booter.ForkedBooter.invokeProviderInSameClassLoader(ForkedBooter.java:384)
	at org.apache.maven.surefire.booter.ForkedBooter.runSuitesInProcess(ForkedBooter.java:345)
	at org.apache.maven.surefire.booter.ForkedBooter.execute(ForkedBooter.java:126)
	at org.apache.maven.surefire.booter.ForkedBooter.main(ForkedBooter.java:418)
]]></failure>
    <system-out><![CDATA[2019-07-30 08:57:25,258 WARN  server.ServerUtils (ServerUtils.java:getScmDbDir(145)) - ozone.scm.db.dirs is not configured. We recommend adding this setting. Falling back to ozone.metadata.dirs instead.
2019-07-30 08:57:25,272 WARN  server.ServerUtils (ServerUtils.java:getScmDbDir(145)) - ozone.scm.db.dirs is not configured. We recommend adding this setting. Falling back to ozone.metadata.dirs instead.
2019-07-30 08:57:25,273 WARN  server.ServerUtils (ServerUtils.java:getScmDbDir(145)) - ozone.scm.db.dirs is not configured. We recommend adding this setting. Falling back to ozone.metadata.dirs instead.
2019-07-30 08:57:25,273 INFO  db.DBStoreBuilder (DBStoreBuilder.java:addTable(110)) - using custom profile for table: deletedBlocks
2019-07-30 08:57:25,273 INFO  db.DBStoreBuilder (DBStoreBuilder.java:processTables(161)) - Using default column profile:DBProfile.DISK for Table:deletedBlocks
2019-07-30 08:57:25,274 INFO  db.DBStoreBuilder (DBStoreBuilder.java:addTable(110)) - using custom profile for table: validCerts
2019-07-30 08:57:25,274 INFO  db.DBStoreBuilder (DBStoreBuilder.java:processTables(161)) - Using default column profile:DBProfile.DISK for Table:validCerts
2019-07-30 08:57:25,274 INFO  db.DBStoreBuilder (DBStoreBuilder.java:addTable(110)) - using custom profile for table: revokedCerts
2019-07-30 08:57:25,274 INFO  db.DBStoreBuilder (DBStoreBuilder.java:processTables(161)) - Using default column profile:DBProfile.DISK for Table:revokedCerts
2019-07-30 08:57:25,274 INFO  db.DBStoreBuilder (DBStoreBuilder.java:addTable(110)) - using custom profile for table: default
2019-07-30 08:57:25,274 INFO  db.DBStoreBuilder (DBStoreBuilder.java:processTables(167)) - Using default column profile:DBProfile.DISK for Table:default
2019-07-30 08:57:25,275 INFO  db.DBStoreBuilder (DBStoreBuilder.java:getDbProfile(198)) - Using default options. DBProfile.DISK
2019-07-30 08:57:25,397 INFO  net.NodeSchemaLoader (NodeSchemaLoader.java:loadSchemaFromFile(125)) - Loading file from sun.misc.CompoundEnumeration@1cecd0a9
2019-07-30 08:57:25,397 INFO  net.NodeSchemaLoader (NodeSchemaLoader.java:loadSchema(171)) - Loading network topology layer schema file
2019-07-30 08:57:25,401 INFO  node.SCMNodeManager (SCMNodeManager.java:<init>(121)) - Entering startup safe mode.
2019-07-30 08:57:25,402 WARN  server.ServerUtils (ServerUtils.java:getScmDbDir(145)) - ozone.scm.db.dirs is not configured. We recommend adding this setting. Falling back to ozone.metadata.dirs instead.
2019-07-30 08:57:25,432 INFO  pipeline.SCMPipelineManager (SCMPipelineManager.java:initializePipelineState(126)) - No pipeline exists in current db
2019-07-30 08:57:25,433 WARN  server.ServerUtils (ServerUtils.java:getScmDbDir(145)) - ozone.scm.db.dirs is not configured. We recommend adding this setting. Falling back to ozone.metadata.dirs instead.
2019-07-30 08:57:25,466 WARN  events.EventQueue (EventQueue.java:fireEvent(175)) - No event handler registered for event TypedEvent{payloadType=SafeModeStatus, name='SafeModeStatus'}
2019-07-30 08:57:25,467 INFO  ipc.CallQueueManager (CallQueueManager.java:<init>(84)) - Using callQueue: class java.util.concurrent.LinkedBlockingQueue, queueCapacity: 2000, scheduler: class org.apache.hadoop.ipc.DefaultRpcScheduler, ipcBackoff: false.
2019-07-30 08:57:25,468 INFO  ipc.Server (Server.java:run(1074)) - Starting Socket Reader #1 for port 32841
2019-07-30 08:57:25,469 INFO  ipc.CallQueueManager (CallQueueManager.java:<init>(84)) - Using callQueue: class java.util.concurrent.LinkedBlockingQueue, queueCapacity: 2000, scheduler: class org.apache.hadoop.ipc.DefaultRpcScheduler, ipcBackoff: false.
2019-07-30 08:57:25,470 INFO  ipc.Server (Server.java:run(1074)) - Starting Socket Reader #1 for port 46102
2019-07-30 08:57:25,471 INFO  ipc.CallQueueManager (CallQueueManager.java:<init>(84)) - Using callQueue: class java.util.concurrent.LinkedBlockingQueue, queueCapacity: 2000, scheduler: class org.apache.hadoop.ipc.DefaultRpcScheduler, ipcBackoff: false.
2019-07-30 08:57:25,472 INFO  ipc.Server (Server.java:run(1074)) - Starting Socket Reader #1 for port 44282
2019-07-30 08:57:25,475 INFO  hdfs.DFSUtil (DFSUtil.java:httpServerTemplateForNNAndJN(1641)) - Starting Web-server for scm at: http://0.0.0.0:0
2019-07-30 08:57:25,477 INFO  server.AuthenticationFilter (AuthenticationFilter.java:constructSecretProvider(240)) - Unable to initialize FileSignerSecretProvider, falling back to use random secrets.
2019-07-30 08:57:25,477 WARN  http.HttpRequestLog (HttpRequestLog.java:getRequestLog(97)) - Jetty request log can only be enabled using Log4j
2019-07-30 08:57:25,479 INFO  http.HttpServer2 (HttpServer2.java:addGlobalFilter(975)) - Added global filter 'safety' (class=org.apache.hadoop.http.HttpServer2$QuotingInputFilter)
2019-07-30 08:57:25,479 INFO  http.HttpServer2 (HttpServer2.java:addFilter(948)) - Added filter static_user_filter (class=org.apache.hadoop.http.lib.StaticUserWebFilter$StaticUserFilter) to context scm
2019-07-30 08:57:25,480 INFO  http.HttpServer2 (HttpServer2.java:addFilter(958)) - Added filter static_user_filter (class=org.apache.hadoop.http.lib.StaticUserWebFilter$StaticUserFilter) to context logs
2019-07-30 08:57:25,480 INFO  http.HttpServer2 (HttpServer2.java:addFilter(958)) - Added filter static_user_filter (class=org.apache.hadoop.http.lib.StaticUserWebFilter$StaticUserFilter) to context static
2019-07-30 08:57:25,481 INFO  server.StorageContainerManager (StorageContainerManager.java:start(758)) - StorageContainerLocationProtocol RPC server is listening at /0.0.0.0:44282
2019-07-30 08:57:25,483 WARN  impl.MetricsConfig (MetricsConfig.java:loadFirst(134)) - Cannot locate configuration: tried hadoop-metrics2-storagecontainermanager.properties,hadoop-metrics2.properties
2019-07-30 08:57:25,484 INFO  impl.MetricsSystemImpl (MetricsSystemImpl.java:startTimer(374)) - Scheduled Metric snapshot period at 10 second(s).
2019-07-30 08:57:25,484 INFO  impl.MetricsSystemImpl (MetricsSystemImpl.java:start(191)) - StorageContainerManager metrics system started
2019-07-30 08:57:25,538 INFO  server.SCMClientProtocolServer (SCMClientProtocolServer.java:start(151)) - RPC server for Client  is listening at /0.0.0.0:44282
2019-07-30 08:57:25,539 INFO  ipc.Server (Server.java:run(1314)) - IPC Server Responder: starting
2019-07-30 08:57:25,539 INFO  ipc.Server (Server.java:run(1153)) - IPC Server listener on 44282: starting
2019-07-30 08:57:25,542 INFO  server.StorageContainerManager (StorageContainerManager.java:start(768)) - ScmBlockLocationProtocol RPC server is listening at /0.0.0.0:46102
2019-07-30 08:57:25,542 INFO  server.SCMBlockProtocolServer (SCMBlockProtocolServer.java:start(140)) - RPC server for Block Protocol is listening at /0.0.0.0:46102
2019-07-30 08:57:25,543 INFO  ipc.Server (Server.java:run(1314)) - IPC Server Responder: starting
2019-07-30 08:57:25,543 INFO  ipc.Server (Server.java:run(1153)) - IPC Server listener on 46102: starting
2019-07-30 08:57:25,547 INFO  server.StorageContainerManager (StorageContainerManager.java:start(772)) - ScmDatanodeProtocl RPC server is listening at /0.0.0.0:32841
2019-07-30 08:57:25,547 INFO  server.SCMDatanodeProtocolServer (SCMDatanodeProtocolServer.java:start(191)) - RPC server for DataNodes is listening at /0.0.0.0:32841
2019-07-30 08:57:25,547 INFO  ipc.Server (Server.java:run(1314)) - IPC Server Responder: starting
2019-07-30 08:57:25,548 INFO  ipc.Server (Server.java:run(1153)) - IPC Server listener on 32841: starting
2019-07-30 08:57:25,551 INFO  http.HttpServer2 (HttpServer2.java:bindListener(1191)) - Jetty bound to port 33278
2019-07-30 08:57:25,552 INFO  server.Server (Server.java:doStart(351)) - jetty-9.3.24.v20180605, build timestamp: 2018-06-05T17:11:56Z, git hash: 84205aa28f11a4f31f2a3b86d1bba2cc8ab69827
2019-07-30 08:57:25,553 INFO  handler.ContextHandler (ContextHandler.java:doStart(781)) - Started o.e.j.s.ServletContextHandler@16448827{/logs,file:///workdir/hadoop-ozone/integration-test/target/log,AVAILABLE}
2019-07-30 08:57:25,554 INFO  handler.ContextHandler (ContextHandler.java:doStart(781)) - Started o.e.j.s.ServletContextHandler@6bab373c{/static,file:///workdir/hadoop-ozone/integration-test/target/test-classes/webapps/static,AVAILABLE}
2019-07-30 08:57:25,557 INFO  handler.ContextHandler (ContextHandler.java:doStart(781)) - Started o.e.j.w.WebAppContext@3958e148{/,file:///workdir/hadoop-ozone/integration-test/target/test-classes/webapps/scm/,AVAILABLE}{/scm}
2019-07-30 08:57:25,558 INFO  server.AbstractConnector (AbstractConnector.java:doStart(278)) - Started ServerConnector@6391d34f{HTTP/1.1,[http/1.1]}{0.0.0.0:33278}
2019-07-30 08:57:25,558 INFO  server.Server (Server.java:doStart(419)) - Started @589882ms
2019-07-30 08:57:25,561 INFO  server.BaseHttpServer (BaseHttpServer.java:updateConnectorAddress(207)) - HTTP server of SCM is listening at http://0.0.0.0:33278
2019-07-30 08:57:25,562 WARN  server.ServerUtils (ServerUtils.java:getDBPath(222)) - ozone.om.db.dirs is not configured. We recommend adding this setting. Falling back to ozone.metadata.dirs instead.
2019-07-30 08:57:25,562 INFO  util.JvmPauseMonitor (JvmPauseMonitor.java:run(188)) - Starting JVM pause monitor
2019-07-30 08:57:25,574 WARN  server.ServerUtils (ServerUtils.java:getDBPath(222)) - ozone.om.db.dirs is not configured. We recommend adding this setting. Falling back to ozone.metadata.dirs instead.
2019-07-30 08:57:25,575 WARN  server.ServerUtils (ServerUtils.java:getDBPath(222)) - ozone.om.db.dirs is not configured. We recommend adding this setting. Falling back to ozone.metadata.dirs instead.
2019-07-30 08:57:25,575 INFO  om.OzoneManager (OzoneManager.java:setOMNodeDetails(644)) - OM Service ID is not set. Setting it to the default ID: omServiceIdDefault
2019-07-30 08:57:25,575 INFO  om.OzoneManager (OzoneManager.java:setOMNodeDetails(650)) - OM Node ID is not set. Setting it to the OmStorage's OmID: 2dbca08f-6545-4cae-8918-02240ca2c0de
2019-07-30 08:57:25,576 INFO  om.OzoneManager (OzoneManager.java:loadOMHAConfigs(601)) - Found matching OM address with OMServiceId: null, OMNodeId: null, RPC Address: localhost:0 and Ratis port: 9872
2019-07-30 08:57:25,582 WARN  server.ServerUtils (ServerUtils.java:getDBPath(222)) - ozone.om.db.dirs is not configured. We recommend adding this setting. Falling back to ozone.metadata.dirs instead.
2019-07-30 08:57:25,582 INFO  db.DBStoreBuilder (DBStoreBuilder.java:addTable(110)) - using custom profile for table: userTable
2019-07-30 08:57:25,582 INFO  db.DBStoreBuilder (DBStoreBuilder.java:processTables(161)) - Using default column profile:DBProfile.DISK for Table:userTable
2019-07-30 08:57:25,583 INFO  db.DBStoreBuilder (DBStoreBuilder.java:addTable(110)) - using custom profile for table: volumeTable
2019-07-30 08:57:25,583 INFO  db.DBStoreBuilder (DBStoreBuilder.java:processTables(161)) - Using default column profile:DBProfile.DISK for Table:volumeTable
2019-07-30 08:57:25,583 INFO  db.DBStoreBuilder (DBStoreBuilder.java:addTable(110)) - using custom profile for table: bucketTable
2019-07-30 08:57:25,583 INFO  db.DBStoreBuilder (DBStoreBuilder.java:processTables(161)) - Using default column profile:DBProfile.DISK for Table:bucketTable
2019-07-30 08:57:25,583 INFO  db.DBStoreBuilder (DBStoreBuilder.java:addTable(110)) - using custom profile for table: keyTable
2019-07-30 08:57:25,584 INFO  db.DBStoreBuilder (DBStoreBuilder.java:processTables(161)) - Using default column profile:DBProfile.DISK for Table:keyTable
2019-07-30 08:57:25,584 INFO  db.DBStoreBuilder (DBStoreBuilder.java:addTable(110)) - using custom profile for table: deletedTable
2019-07-30 08:57:25,584 INFO  db.DBStoreBuilder (DBStoreBuilder.java:processTables(161)) - Using default column profile:DBProfile.DISK for Table:deletedTable
2019-07-30 08:57:25,584 INFO  db.DBStoreBuilder (DBStoreBuilder.java:addTable(110)) - using custom profile for table: openKeyTable
2019-07-30 08:57:25,585 INFO  db.DBStoreBuilder (DBStoreBuilder.java:processTables(161)) - Using default column profile:DBProfile.DISK for Table:openKeyTable
2019-07-30 08:57:25,585 INFO  db.DBStoreBuilder (DBStoreBuilder.java:addTable(110)) - using custom profile for table: s3Table
2019-07-30 08:57:25,585 INFO  db.DBStoreBuilder (DBStoreBuilder.java:processTables(161)) - Using default column profile:DBProfile.DISK for Table:s3Table
2019-07-30 08:57:25,585 INFO  db.DBStoreBuilder (DBStoreBuilder.java:addTable(110)) - using custom profile for table: multipartInfoTable
2019-07-30 08:57:25,586 INFO  db.DBStoreBuilder (DBStoreBuilder.java:processTables(161)) - Using default column profile:DBProfile.DISK for Table:multipartInfoTable
2019-07-30 08:57:25,586 INFO  db.DBStoreBuilder (DBStoreBuilder.java:addTable(110)) - using custom profile for table: dTokenTable
2019-07-30 08:57:25,586 INFO  db.DBStoreBuilder (DBStoreBuilder.java:processTables(161)) - Using default column profile:DBProfile.DISK for Table:dTokenTable
2019-07-30 08:57:25,586 INFO  db.DBStoreBuilder (DBStoreBuilder.java:addTable(110)) - using custom profile for table: s3SecretTable
2019-07-30 08:57:25,587 INFO  db.DBStoreBuilder (DBStoreBuilder.java:processTables(161)) - Using default column profile:DBProfile.DISK for Table:s3SecretTable
2019-07-30 08:57:25,587 INFO  db.DBStoreBuilder (DBStoreBuilder.java:addTable(110)) - using custom profile for table: prefixTable
2019-07-30 08:57:25,587 INFO  db.DBStoreBuilder (DBStoreBuilder.java:processTables(161)) - Using default column profile:DBProfile.DISK for Table:prefixTable
2019-07-30 08:57:25,587 INFO  db.DBStoreBuilder (DBStoreBuilder.java:addTable(110)) - using custom profile for table: default
2019-07-30 08:57:25,588 INFO  db.DBStoreBuilder (DBStoreBuilder.java:processTables(167)) - Using default column profile:DBProfile.DISK for Table:default
2019-07-30 08:57:25,588 INFO  db.DBStoreBuilder (DBStoreBuilder.java:getDbProfile(198)) - Using default options. DBProfile.DISK
2019-07-30 08:57:26,146 INFO  ipc.CallQueueManager (CallQueueManager.java:<init>(84)) - Using callQueue: class java.util.concurrent.LinkedBlockingQueue, queueCapacity: 2000, scheduler: class org.apache.hadoop.ipc.DefaultRpcScheduler, ipcBackoff: false.
2019-07-30 08:57:26,147 INFO  ipc.Server (Server.java:run(1074)) - Starting Socket Reader #1 for port 44065
2019-07-30 08:57:26,161 INFO  om.OzoneManager (OzoneManager.java:start(1255)) - OzoneManager RPC server is listening at localhost/127.0.0.1:44065
2019-07-30 08:57:26,161 INFO  impl.MetricsSystemImpl (MetricsSystemImpl.java:init(158)) - OzoneManager metrics system started (again)
2019-07-30 08:57:26,162 INFO  ipc.Server (Server.java:run(1314)) - IPC Server Responder: starting
2019-07-30 08:57:26,163 INFO  ipc.Server (Server.java:run(1153)) - IPC Server listener on 44065: starting
2019-07-30 08:57:26,167 INFO  hdfs.DFSUtil (DFSUtil.java:httpServerTemplateForNNAndJN(1641)) - Starting Web-server for ozoneManager at: http://0.0.0.0:0
2019-07-30 08:57:26,169 INFO  server.AuthenticationFilter (AuthenticationFilter.java:constructSecretProvider(240)) - Unable to initialize FileSignerSecretProvider, falling back to use random secrets.
2019-07-30 08:57:26,169 WARN  http.HttpRequestLog (HttpRequestLog.java:getRequestLog(97)) - Jetty request log can only be enabled using Log4j
2019-07-30 08:57:26,171 INFO  http.HttpServer2 (HttpServer2.java:addGlobalFilter(975)) - Added global filter 'safety' (class=org.apache.hadoop.http.HttpServer2$QuotingInputFilter)
2019-07-30 08:57:26,171 INFO  http.HttpServer2 (HttpServer2.java:addFilter(948)) - Added filter static_user_filter (class=org.apache.hadoop.http.lib.StaticUserWebFilter$StaticUserFilter) to context ozoneManager
2019-07-30 08:57:26,172 INFO  http.HttpServer2 (HttpServer2.java:addFilter(958)) - Added filter static_user_filter (class=org.apache.hadoop.http.lib.StaticUserWebFilter$StaticUserFilter) to context logs
2019-07-30 08:57:26,172 INFO  http.HttpServer2 (HttpServer2.java:addFilter(958)) - Added filter static_user_filter (class=org.apache.hadoop.http.lib.StaticUserWebFilter$StaticUserFilter) to context static
2019-07-30 08:57:26,172 INFO  http.HttpServer2 (HttpServer2.java:bindListener(1191)) - Jetty bound to port 33021
2019-07-30 08:57:26,173 INFO  server.Server (Server.java:doStart(351)) - jetty-9.3.24.v20180605, build timestamp: 2018-06-05T17:11:56Z, git hash: 84205aa28f11a4f31f2a3b86d1bba2cc8ab69827
2019-07-30 08:57:26,174 INFO  handler.ContextHandler (ContextHandler.java:doStart(781)) - Started o.e.j.s.ServletContextHandler@7f93fce1{/logs,file:///workdir/hadoop-ozone/integration-test/target/log,AVAILABLE}
2019-07-30 08:57:26,175 INFO  handler.ContextHandler (ContextHandler.java:doStart(781)) - Started o.e.j.s.ServletContextHandler@4690a37e{/static,file:///workdir/hadoop-ozone/integration-test/target/test-classes/webapps/static,AVAILABLE}
2019-07-30 08:57:26,179 INFO  handler.ContextHandler (ContextHandler.java:doStart(781)) - Started o.e.j.w.WebAppContext@6c4eccd2{/,file:///workdir/hadoop-ozone/integration-test/target/test-classes/webapps/ozoneManager/,AVAILABLE}{/ozoneManager}
2019-07-30 08:57:26,179 INFO  server.AbstractConnector (AbstractConnector.java:doStart(278)) - Started ServerConnector@564e9c0b{HTTP/1.1,[http/1.1]}{0.0.0.0:33021}
2019-07-30 08:57:26,179 INFO  server.Server (Server.java:doStart(419)) - Started @590503ms
2019-07-30 08:57:26,181 INFO  server.BaseHttpServer (BaseHttpServer.java:updateConnectorAddress(207)) - HTTP server of OZONEMANAGER is listening at http://0.0.0.0:33021
2019-07-30 08:57:26,201 INFO  impl.MetricsSystemImpl (MetricsSystemImpl.java:init(158)) - HddsDatanode metrics system started (again)
2019-07-30 08:57:26,204 INFO  ozone.HddsDatanodeService (HddsDatanodeService.java:start(184)) - HddsDatanodeService host:byscane-nightly-jdzkf-783033596 ip:192.168.69.91
2019-07-30 08:57:26,216 INFO  volume.HddsVolume (HddsVolume.java:<init>(176)) - Creating Volume: /workdir/hadoop-ozone/integration-test/target/test-dir/MiniOzoneClusterImpl-ec18d819-8831-4f43-8598-3e158f28a63b/datanode-0/data/containers/hdds of  storage type : DISK and capacity : 52710309888
2019-07-30 08:57:26,216 INFO  volume.VolumeSet (VolumeSet.java:initializeVolumeSet(170)) - Added Volume : /workdir/hadoop-ozone/integration-test/target/test-dir/MiniOzoneClusterImpl-ec18d819-8831-4f43-8598-3e158f28a63b/datanode-0/data/containers/hdds to VolumeSet
2019-07-30 08:57:26,217 INFO  volume.ThrottledAsyncChecker (ThrottledAsyncChecker.java:schedule(140)) - Scheduling a check for org.apache.hadoop.ozone.container.common.volume.HddsVolume@63f819a6
2019-07-30 08:57:26,217 INFO  volume.HddsVolumeChecker (HddsVolumeChecker.java:checkAllVolumes(203)) - Scheduled health check for volume org.apache.hadoop.ozone.container.common.volume.HddsVolume@63f819a6
2019-07-30 08:57:26,235 INFO  impl.RaftServerProxy (ConfUtils.java:logGet(43)) - raft.rpc.type = GRPC (default)
2019-07-30 08:57:26,236 INFO  grpc.GrpcFactory (GrpcFactory.java:checkPooledByteBufAllocatorUseCacheForAllThreads(45)) - PERFORMANCE WARNING: useCacheForAllThreads is true that may cause Netty to create a lot garbage objects and, as a result, trigger GC.
	It is recommended to disable useCacheForAllThreads by setting -Dorg.apache.ratis.thirdparty.io.netty.allocator.useCacheForAllThreads=false in command line.
2019-07-30 08:57:26,236 INFO  grpc.GrpcConfigKeys$Server (ConfUtils.java:logGet(43)) - raft.grpc.server.port = 0 (default)
2019-07-30 08:57:26,236 INFO  server.GrpcService (ConfUtils.java:logGet(43)) - raft.grpc.message.size.max = 33570816 (custom)
2019-07-30 08:57:26,237 INFO  server.RaftServerConfigKeys (ConfUtils.java:logGet(43)) - raft.server.log.appender.buffer.byte-limit = 33554432 (custom)
2019-07-30 08:57:26,237 INFO  server.GrpcService (ConfUtils.java:logGet(43)) - raft.grpc.flow.control.window = 1MB (=1048576) (default)
2019-07-30 08:57:26,237 INFO  server.RaftServerConfigKeys (ConfUtils.java:logGet(43)) - raft.server.rpc.request.timeout = 3000ms (default)
2019-07-30 08:57:26,238 INFO  server.RaftServerConfigKeys (ConfUtils.java:logGet(43)) - raft.server.storage.dir = [/workdir/hadoop-ozone/integration-test/target/test-dir/MiniOzoneClusterImpl-ec18d819-8831-4f43-8598-3e158f28a63b/datanode-0/data/ratis] (custom)
2019-07-30 08:57:26,238 INFO  replication.SimpleContainerDownloader (SimpleContainerDownloader.java:<init>(72)) - Starting container downloader service to copy containers to replicate.
2019-07-30 08:57:26,240 INFO  hdfs.DFSUtil (DFSUtil.java:httpServerTemplateForNNAndJN(1641)) - Starting Web-server for hddsDatanode at: http://0.0.0.0:0
2019-07-30 08:57:26,241 INFO  server.AuthenticationFilter (AuthenticationFilter.java:constructSecretProvider(240)) - Unable to initialize FileSignerSecretProvider, falling back to use random secrets.
2019-07-30 08:57:26,242 WARN  http.HttpRequestLog (HttpRequestLog.java:getRequestLog(97)) - Jetty request log can only be enabled using Log4j
2019-07-30 08:57:26,243 INFO  http.HttpServer2 (HttpServer2.java:addGlobalFilter(975)) - Added global filter 'safety' (class=org.apache.hadoop.http.HttpServer2$QuotingInputFilter)
2019-07-30 08:57:26,244 INFO  http.HttpServer2 (HttpServer2.java:addFilter(948)) - Added filter static_user_filter (class=org.apache.hadoop.http.lib.StaticUserWebFilter$StaticUserFilter) to context hddsDatanode
2019-07-30 08:57:26,244 INFO  http.HttpServer2 (HttpServer2.java:addFilter(958)) - Added filter static_user_filter (class=org.apache.hadoop.http.lib.StaticUserWebFilter$StaticUserFilter) to context static
2019-07-30 08:57:26,245 INFO  http.HttpServer2 (HttpServer2.java:addFilter(958)) - Added filter static_user_filter (class=org.apache.hadoop.http.lib.StaticUserWebFilter$StaticUserFilter) to context logs
2019-07-30 08:57:26,245 INFO  http.HttpServer2 (HttpServer2.java:bindListener(1191)) - Jetty bound to port 35562
2019-07-30 08:57:26,246 INFO  server.Server (Server.java:doStart(351)) - jetty-9.3.24.v20180605, build timestamp: 2018-06-05T17:11:56Z, git hash: 84205aa28f11a4f31f2a3b86d1bba2cc8ab69827
2019-07-30 08:57:26,247 INFO  handler.ContextHandler (ContextHandler.java:doStart(781)) - Started o.e.j.s.ServletContextHandler@6dd59886{/logs,file:///workdir/hadoop-ozone/integration-test/target/log,AVAILABLE}
2019-07-30 08:57:26,248 INFO  handler.ContextHandler (ContextHandler.java:doStart(781)) - Started o.e.j.s.ServletContextHandler@5b132063{/static,jar:file:/home/user/.m2/repository/org/apache/hadoop/hadoop-hdds-container-service/0.4.1-SNAPSHOT/hadoop-hdds-container-service-0.4.1-SNAPSHOT.jar!/webapps/static,AVAILABLE}
2019-07-30 08:57:26,280 INFO  handler.ContextHandler (ContextHandler.java:doStart(781)) - Started o.e.j.w.WebAppContext@1c0ec502{/,file:///tmp/jetty-0.0.0.0-35562-hddsDatanode-_-any-3911809063979853184.dir/webapp/,AVAILABLE}{/hddsDatanode}
2019-07-30 08:57:26,281 INFO  server.AbstractConnector (AbstractConnector.java:doStart(278)) - Started ServerConnector@6287e312{HTTP/1.1,[http/1.1]}{0.0.0.0:35562}
2019-07-30 08:57:26,282 INFO  server.Server (Server.java:doStart(419)) - Started @590605ms
2019-07-30 08:57:26,283 INFO  server.BaseHttpServer (BaseHttpServer.java:updateConnectorAddress(207)) - HTTP server of HDDSDATANODE is listening at http://0.0.0.0:35562
2019-07-30 08:57:26,386 INFO  ozone.HddsDatanodeService (HddsDatanodeService.java:startPlugins(395)) - Started plug-in org.apache.hadoop.ozone.web.OzoneHddsDatanodeService@d4f2f3d
2019-07-30 08:57:26,386 INFO  impl.MetricsSystemImpl (MetricsSystemImpl.java:init(158)) - HddsDatanode metrics system started (again)
2019-07-30 08:57:26,388 INFO  ozone.HddsDatanodeService (HddsDatanodeService.java:start(184)) - HddsDatanodeService host:byscane-nightly-jdzkf-783033596 ip:192.168.69.91
2019-07-30 08:57:26,389 INFO  util.JvmPauseMonitor (JvmPauseMonitor.java:run(188)) - Starting JVM pause monitor
2019-07-30 08:57:26,390 INFO  datanode.InitDatanodeState (InitDatanodeState.java:persistContainerDatanodeDetails(140)) - DatanodeDetails is persisted to /workdir/hadoop-ozone/integration-test/target/test-dir/MiniOzoneClusterImpl-ec18d819-8831-4f43-8598-3e158f28a63b/datanode-0/meta/datanode.id
2019-07-30 08:57:26,399 INFO  volume.HddsVolume (HddsVolume.java:<init>(176)) - Creating Volume: /workdir/hadoop-ozone/integration-test/target/test-dir/MiniOzoneClusterImpl-ec18d819-8831-4f43-8598-3e158f28a63b/datanode-1/data/containers/hdds of  storage type : DISK and capacity : 52710309888
2019-07-30 08:57:26,399 INFO  volume.VolumeSet (VolumeSet.java:initializeVolumeSet(170)) - Added Volume : /workdir/hadoop-ozone/integration-test/target/test-dir/MiniOzoneClusterImpl-ec18d819-8831-4f43-8598-3e158f28a63b/datanode-1/data/containers/hdds to VolumeSet
2019-07-30 08:57:26,399 INFO  volume.ThrottledAsyncChecker (ThrottledAsyncChecker.java:schedule(140)) - Scheduling a check for org.apache.hadoop.ozone.container.common.volume.HddsVolume@2ef5df8f
2019-07-30 08:57:26,399 INFO  volume.HddsVolumeChecker (HddsVolumeChecker.java:checkAllVolumes(203)) - Scheduled health check for volume org.apache.hadoop.ozone.container.common.volume.HddsVolume@2ef5df8f
2019-07-30 08:57:26,412 INFO  impl.RaftServerProxy (ConfUtils.java:logGet(43)) - raft.rpc.type = GRPC (default)
2019-07-30 08:57:26,413 INFO  grpc.GrpcFactory (GrpcFactory.java:checkPooledByteBufAllocatorUseCacheForAllThreads(45)) - PERFORMANCE WARNING: useCacheForAllThreads is true that may cause Netty to create a lot garbage objects and, as a result, trigger GC.
	It is recommended to disable useCacheForAllThreads by setting -Dorg.apache.ratis.thirdparty.io.netty.allocator.useCacheForAllThreads=false in command line.
2019-07-30 08:57:26,413 INFO  grpc.GrpcConfigKeys$Server (ConfUtils.java:logGet(43)) - raft.grpc.server.port = 0 (default)
2019-07-30 08:57:26,413 INFO  server.GrpcService (ConfUtils.java:logGet(43)) - raft.grpc.message.size.max = 33570816 (custom)
2019-07-30 08:57:26,413 INFO  server.RaftServerConfigKeys (ConfUtils.java:logGet(43)) - raft.server.log.appender.buffer.byte-limit = 33554432 (custom)
2019-07-30 08:57:26,413 INFO  server.GrpcService (ConfUtils.java:logGet(43)) - raft.grpc.flow.control.window = 1MB (=1048576) (default)
2019-07-30 08:57:26,413 INFO  server.RaftServerConfigKeys (ConfUtils.java:logGet(43)) - raft.server.rpc.request.timeout = 3000ms (default)
2019-07-30 08:57:26,414 INFO  server.RaftServerConfigKeys (ConfUtils.java:logGet(43)) - raft.server.storage.dir = [/workdir/hadoop-ozone/integration-test/target/test-dir/MiniOzoneClusterImpl-ec18d819-8831-4f43-8598-3e158f28a63b/datanode-1/data/ratis] (custom)
2019-07-30 08:57:26,414 INFO  replication.SimpleContainerDownloader (SimpleContainerDownloader.java:<init>(72)) - Starting container downloader service to copy containers to replicate.
2019-07-30 08:57:26,415 INFO  hdfs.DFSUtil (DFSUtil.java:httpServerTemplateForNNAndJN(1641)) - Starting Web-server for hddsDatanode at: http://0.0.0.0:0
2019-07-30 08:57:26,416 INFO  server.AuthenticationFilter (AuthenticationFilter.java:constructSecretProvider(240)) - Unable to initialize FileSignerSecretProvider, falling back to use random secrets.
2019-07-30 08:57:26,416 WARN  http.HttpRequestLog (HttpRequestLog.java:getRequestLog(97)) - Jetty request log can only be enabled using Log4j
2019-07-30 08:57:26,418 INFO  http.HttpServer2 (HttpServer2.java:addGlobalFilter(975)) - Added global filter 'safety' (class=org.apache.hadoop.http.HttpServer2$QuotingInputFilter)
2019-07-30 08:57:26,418 INFO  http.HttpServer2 (HttpServer2.java:addFilter(948)) - Added filter static_user_filter (class=org.apache.hadoop.http.lib.StaticUserWebFilter$StaticUserFilter) to context hddsDatanode
2019-07-30 08:57:26,418 INFO  http.HttpServer2 (HttpServer2.java:addFilter(958)) - Added filter static_user_filter (class=org.apache.hadoop.http.lib.StaticUserWebFilter$StaticUserFilter) to context logs
2019-07-30 08:57:26,418 INFO  http.HttpServer2 (HttpServer2.java:addFilter(958)) - Added filter static_user_filter (class=org.apache.hadoop.http.lib.StaticUserWebFilter$StaticUserFilter) to context static
2019-07-30 08:57:26,419 INFO  http.HttpServer2 (HttpServer2.java:bindListener(1191)) - Jetty bound to port 39022
2019-07-30 08:57:26,419 INFO  server.Server (Server.java:doStart(351)) - jetty-9.3.24.v20180605, build timestamp: 2018-06-05T17:11:56Z, git hash: 84205aa28f11a4f31f2a3b86d1bba2cc8ab69827
2019-07-30 08:57:26,420 INFO  handler.ContextHandler (ContextHandler.java:doStart(781)) - Started o.e.j.s.ServletContextHandler@45398bb0{/logs,file:///workdir/hadoop-ozone/integration-test/target/log,AVAILABLE}
2019-07-30 08:57:26,420 INFO  handler.ContextHandler (ContextHandler.java:doStart(781)) - Started o.e.j.s.ServletContextHandler@60fc4450{/static,jar:file:/home/user/.m2/repository/org/apache/hadoop/hadoop-hdds-container-service/0.4.1-SNAPSHOT/hadoop-hdds-container-service-0.4.1-SNAPSHOT.jar!/webapps/static,AVAILABLE}
2019-07-30 08:57:26,447 INFO  handler.ContextHandler (ContextHandler.java:doStart(781)) - Started o.e.j.w.WebAppContext@5472c27a{/,file:///tmp/jetty-0.0.0.0-39022-hddsDatanode-_-any-6228843170715885701.dir/webapp/,AVAILABLE}{/hddsDatanode}
2019-07-30 08:57:26,447 INFO  server.AbstractConnector (AbstractConnector.java:doStart(278)) - Started ServerConnector@555b3ec9{HTTP/1.1,[http/1.1]}{0.0.0.0:39022}
2019-07-30 08:57:26,448 INFO  server.Server (Server.java:doStart(419)) - Started @590771ms
2019-07-30 08:57:26,449 INFO  server.BaseHttpServer (BaseHttpServer.java:updateConnectorAddress(207)) - HTTP server of HDDSDATANODE is listening at http://0.0.0.0:39022
2019-07-30 08:57:26,547 INFO  ozone.HddsDatanodeService (HddsDatanodeService.java:startPlugins(395)) - Started plug-in org.apache.hadoop.ozone.web.OzoneHddsDatanodeService@3071d086
2019-07-30 08:57:26,547 INFO  impl.MetricsSystemImpl (MetricsSystemImpl.java:init(158)) - HddsDatanode metrics system started (again)
2019-07-30 08:57:26,550 INFO  ozone.HddsDatanodeService (HddsDatanodeService.java:start(184)) - HddsDatanodeService host:byscane-nightly-jdzkf-783033596 ip:192.168.69.91
2019-07-30 08:57:26,550 INFO  util.JvmPauseMonitor (JvmPauseMonitor.java:run(188)) - Starting JVM pause monitor
2019-07-30 08:57:26,551 INFO  datanode.InitDatanodeState (InitDatanodeState.java:persistContainerDatanodeDetails(140)) - DatanodeDetails is persisted to /workdir/hadoop-ozone/integration-test/target/test-dir/MiniOzoneClusterImpl-ec18d819-8831-4f43-8598-3e158f28a63b/datanode-1/meta/datanode.id
2019-07-30 08:57:26,560 INFO  volume.HddsVolume (HddsVolume.java:<init>(176)) - Creating Volume: /workdir/hadoop-ozone/integration-test/target/test-dir/MiniOzoneClusterImpl-ec18d819-8831-4f43-8598-3e158f28a63b/datanode-2/data/containers/hdds of  storage type : DISK and capacity : 52710309888
2019-07-30 08:57:26,560 INFO  volume.VolumeSet (VolumeSet.java:initializeVolumeSet(170)) - Added Volume : /workdir/hadoop-ozone/integration-test/target/test-dir/MiniOzoneClusterImpl-ec18d819-8831-4f43-8598-3e158f28a63b/datanode-2/data/containers/hdds to VolumeSet
2019-07-30 08:57:26,560 INFO  volume.ThrottledAsyncChecker (ThrottledAsyncChecker.java:schedule(140)) - Scheduling a check for org.apache.hadoop.ozone.container.common.volume.HddsVolume@624baf71
2019-07-30 08:57:26,561 INFO  volume.HddsVolumeChecker (HddsVolumeChecker.java:checkAllVolumes(203)) - Scheduled health check for volume org.apache.hadoop.ozone.container.common.volume.HddsVolume@624baf71
2019-07-30 08:57:26,574 INFO  impl.RaftServerProxy (ConfUtils.java:logGet(43)) - raft.rpc.type = GRPC (default)
2019-07-30 08:57:26,574 INFO  grpc.GrpcFactory (GrpcFactory.java:checkPooledByteBufAllocatorUseCacheForAllThreads(45)) - PERFORMANCE WARNING: useCacheForAllThreads is true that may cause Netty to create a lot garbage objects and, as a result, trigger GC.
	It is recommended to disable useCacheForAllThreads by setting -Dorg.apache.ratis.thirdparty.io.netty.allocator.useCacheForAllThreads=false in command line.
2019-07-30 08:57:26,574 INFO  grpc.GrpcConfigKeys$Server (ConfUtils.java:logGet(43)) - raft.grpc.server.port = 0 (default)
2019-07-30 08:57:26,574 INFO  server.GrpcService (ConfUtils.java:logGet(43)) - raft.grpc.message.size.max = 33570816 (custom)
2019-07-30 08:57:26,574 INFO  server.RaftServerConfigKeys (ConfUtils.java:logGet(43)) - raft.server.log.appender.buffer.byte-limit = 33554432 (custom)
2019-07-30 08:57:26,575 INFO  server.GrpcService (ConfUtils.java:logGet(43)) - raft.grpc.flow.control.window = 1MB (=1048576) (default)
2019-07-30 08:57:26,575 INFO  server.RaftServerConfigKeys (ConfUtils.java:logGet(43)) - raft.server.rpc.request.timeout = 3000ms (default)
2019-07-30 08:57:26,575 INFO  server.RaftServerConfigKeys (ConfUtils.java:logGet(43)) - raft.server.storage.dir = [/workdir/hadoop-ozone/integration-test/target/test-dir/MiniOzoneClusterImpl-ec18d819-8831-4f43-8598-3e158f28a63b/datanode-2/data/ratis] (custom)
2019-07-30 08:57:26,576 INFO  replication.SimpleContainerDownloader (SimpleContainerDownloader.java:<init>(72)) - Starting container downloader service to copy containers to replicate.
2019-07-30 08:57:26,577 INFO  hdfs.DFSUtil (DFSUtil.java:httpServerTemplateForNNAndJN(1641)) - Starting Web-server for hddsDatanode at: http://0.0.0.0:0
2019-07-30 08:57:26,578 INFO  server.AuthenticationFilter (AuthenticationFilter.java:constructSecretProvider(240)) - Unable to initialize FileSignerSecretProvider, falling back to use random secrets.
2019-07-30 08:57:26,578 WARN  http.HttpRequestLog (HttpRequestLog.java:getRequestLog(97)) - Jetty request log can only be enabled using Log4j
2019-07-30 08:57:26,579 INFO  http.HttpServer2 (HttpServer2.java:addGlobalFilter(975)) - Added global filter 'safety' (class=org.apache.hadoop.http.HttpServer2$QuotingInputFilter)
2019-07-30 08:57:26,580 INFO  http.HttpServer2 (HttpServer2.java:addFilter(948)) - Added filter static_user_filter (class=org.apache.hadoop.http.lib.StaticUserWebFilter$StaticUserFilter) to context hddsDatanode
2019-07-30 08:57:26,580 INFO  http.HttpServer2 (HttpServer2.java:addFilter(958)) - Added filter static_user_filter (class=org.apache.hadoop.http.lib.StaticUserWebFilter$StaticUserFilter) to context logs
2019-07-30 08:57:26,580 INFO  http.HttpServer2 (HttpServer2.java:addFilter(958)) - Added filter static_user_filter (class=org.apache.hadoop.http.lib.StaticUserWebFilter$StaticUserFilter) to context static
2019-07-30 08:57:26,581 INFO  http.HttpServer2 (HttpServer2.java:bindListener(1191)) - Jetty bound to port 40907
2019-07-30 08:57:26,581 INFO  server.Server (Server.java:doStart(351)) - jetty-9.3.24.v20180605, build timestamp: 2018-06-05T17:11:56Z, git hash: 84205aa28f11a4f31f2a3b86d1bba2cc8ab69827
2019-07-30 08:57:26,582 INFO  handler.ContextHandler (ContextHandler.java:doStart(781)) - Started o.e.j.s.ServletContextHandler@67263db7{/logs,file:///workdir/hadoop-ozone/integration-test/target/log,AVAILABLE}
2019-07-30 08:57:26,583 INFO  handler.ContextHandler (ContextHandler.java:doStart(781)) - Started o.e.j.s.ServletContextHandler@20f94e9a{/static,jar:file:/home/user/.m2/repository/org/apache/hadoop/hadoop-hdds-container-service/0.4.1-SNAPSHOT/hadoop-hdds-container-service-0.4.1-SNAPSHOT.jar!/webapps/static,AVAILABLE}
2019-07-30 08:57:26,609 INFO  handler.ContextHandler (ContextHandler.java:doStart(781)) - Started o.e.j.w.WebAppContext@2da3d7d3{/,file:///tmp/jetty-0.0.0.0-40907-hddsDatanode-_-any-6987459264827252988.dir/webapp/,AVAILABLE}{/hddsDatanode}
2019-07-30 08:57:26,610 INFO  server.AbstractConnector (AbstractConnector.java:doStart(278)) - Started ServerConnector@1f832df0{HTTP/1.1,[http/1.1]}{0.0.0.0:40907}
2019-07-30 08:57:26,610 INFO  server.Server (Server.java:doStart(419)) - Started @590934ms
2019-07-30 08:57:26,611 INFO  server.BaseHttpServer (BaseHttpServer.java:updateConnectorAddress(207)) - HTTP server of HDDSDATANODE is listening at http://0.0.0.0:40907
2019-07-30 08:57:26,859 INFO  ozone.HddsDatanodeService (HddsDatanodeService.java:startPlugins(395)) - Started plug-in org.apache.hadoop.ozone.web.OzoneHddsDatanodeService@996126b
2019-07-30 08:57:26,860 INFO  impl.MetricsSystemImpl (MetricsSystemImpl.java:init(158)) - HddsDatanode metrics system started (again)
2019-07-30 08:57:26,862 INFO  ozone.HddsDatanodeService (HddsDatanodeService.java:start(184)) - HddsDatanodeService host:byscane-nightly-jdzkf-783033596 ip:192.168.69.91
2019-07-30 08:57:26,863 INFO  util.JvmPauseMonitor (JvmPauseMonitor.java:run(188)) - Starting JVM pause monitor
2019-07-30 08:57:26,864 INFO  datanode.InitDatanodeState (InitDatanodeState.java:persistContainerDatanodeDetails(140)) - DatanodeDetails is persisted to /workdir/hadoop-ozone/integration-test/target/test-dir/MiniOzoneClusterImpl-ec18d819-8831-4f43-8598-3e158f28a63b/datanode-2/meta/datanode.id
2019-07-30 08:57:26,873 INFO  volume.HddsVolume (HddsVolume.java:<init>(176)) - Creating Volume: /workdir/hadoop-ozone/integration-test/target/test-dir/MiniOzoneClusterImpl-ec18d819-8831-4f43-8598-3e158f28a63b/datanode-3/data/containers/hdds of  storage type : DISK and capacity : 52710309888
2019-07-30 08:57:26,874 INFO  volume.VolumeSet (VolumeSet.java:initializeVolumeSet(170)) - Added Volume : /workdir/hadoop-ozone/integration-test/target/test-dir/MiniOzoneClusterImpl-ec18d819-8831-4f43-8598-3e158f28a63b/datanode-3/data/containers/hdds to VolumeSet
2019-07-30 08:57:26,874 INFO  volume.ThrottledAsyncChecker (ThrottledAsyncChecker.java:schedule(140)) - Scheduling a check for org.apache.hadoop.ozone.container.common.volume.HddsVolume@38f4a641
2019-07-30 08:57:26,874 INFO  volume.HddsVolumeChecker (HddsVolumeChecker.java:checkAllVolumes(203)) - Scheduled health check for volume org.apache.hadoop.ozone.container.common.volume.HddsVolume@38f4a641
2019-07-30 08:57:26,888 INFO  impl.RaftServerProxy (ConfUtils.java:logGet(43)) - raft.rpc.type = GRPC (default)
2019-07-30 08:57:26,888 INFO  grpc.GrpcFactory (GrpcFactory.java:checkPooledByteBufAllocatorUseCacheForAllThreads(45)) - PERFORMANCE WARNING: useCacheForAllThreads is true that may cause Netty to create a lot garbage objects and, as a result, trigger GC.
	It is recommended to disable useCacheForAllThreads by setting -Dorg.apache.ratis.thirdparty.io.netty.allocator.useCacheForAllThreads=false in command line.
2019-07-30 08:57:26,888 INFO  grpc.GrpcConfigKeys$Server (ConfUtils.java:logGet(43)) - raft.grpc.server.port = 0 (default)
2019-07-30 08:57:26,888 INFO  server.GrpcService (ConfUtils.java:logGet(43)) - raft.grpc.message.size.max = 33570816 (custom)
2019-07-30 08:57:26,889 INFO  server.RaftServerConfigKeys (ConfUtils.java:logGet(43)) - raft.server.log.appender.buffer.byte-limit = 33554432 (custom)
2019-07-30 08:57:26,889 INFO  server.GrpcService (ConfUtils.java:logGet(43)) - raft.grpc.flow.control.window = 1MB (=1048576) (default)
2019-07-30 08:57:26,889 INFO  server.RaftServerConfigKeys (ConfUtils.java:logGet(43)) - raft.server.rpc.request.timeout = 3000ms (default)
2019-07-30 08:57:26,889 INFO  server.RaftServerConfigKeys (ConfUtils.java:logGet(43)) - raft.server.storage.dir = [/workdir/hadoop-ozone/integration-test/target/test-dir/MiniOzoneClusterImpl-ec18d819-8831-4f43-8598-3e158f28a63b/datanode-3/data/ratis] (custom)
2019-07-30 08:57:26,890 INFO  replication.SimpleContainerDownloader (SimpleContainerDownloader.java:<init>(72)) - Starting container downloader service to copy containers to replicate.
2019-07-30 08:57:26,891 INFO  hdfs.DFSUtil (DFSUtil.java:httpServerTemplateForNNAndJN(1641)) - Starting Web-server for hddsDatanode at: http://0.0.0.0:0
2019-07-30 08:57:26,892 INFO  server.AuthenticationFilter (AuthenticationFilter.java:constructSecretProvider(240)) - Unable to initialize FileSignerSecretProvider, falling back to use random secrets.
2019-07-30 08:57:26,892 WARN  http.HttpRequestLog (HttpRequestLog.java:getRequestLog(97)) - Jetty request log can only be enabled using Log4j
2019-07-30 08:57:26,893 INFO  http.HttpServer2 (HttpServer2.java:addGlobalFilter(975)) - Added global filter 'safety' (class=org.apache.hadoop.http.HttpServer2$QuotingInputFilter)
2019-07-30 08:57:26,894 INFO  http.HttpServer2 (HttpServer2.java:addFilter(948)) - Added filter static_user_filter (class=org.apache.hadoop.http.lib.StaticUserWebFilter$StaticUserFilter) to context hddsDatanode
2019-07-30 08:57:26,894 INFO  http.HttpServer2 (HttpServer2.java:addFilter(958)) - Added filter static_user_filter (class=org.apache.hadoop.http.lib.StaticUserWebFilter$StaticUserFilter) to context static
2019-07-30 08:57:26,894 INFO  http.HttpServer2 (HttpServer2.java:addFilter(958)) - Added filter static_user_filter (class=org.apache.hadoop.http.lib.StaticUserWebFilter$StaticUserFilter) to context logs
2019-07-30 08:57:26,894 INFO  http.HttpServer2 (HttpServer2.java:bindListener(1191)) - Jetty bound to port 45124
2019-07-30 08:57:26,895 INFO  server.Server (Server.java:doStart(351)) - jetty-9.3.24.v20180605, build timestamp: 2018-06-05T17:11:56Z, git hash: 84205aa28f11a4f31f2a3b86d1bba2cc8ab69827
2019-07-30 08:57:26,896 INFO  handler.ContextHandler (ContextHandler.java:doStart(781)) - Started o.e.j.s.ServletContextHandler@7fb02869{/logs,file:///workdir/hadoop-ozone/integration-test/target/log,AVAILABLE}
2019-07-30 08:57:26,896 INFO  handler.ContextHandler (ContextHandler.java:doStart(781)) - Started o.e.j.s.ServletContextHandler@31fc1b6e{/static,jar:file:/home/user/.m2/repository/org/apache/hadoop/hadoop-hdds-container-service/0.4.1-SNAPSHOT/hadoop-hdds-container-service-0.4.1-SNAPSHOT.jar!/webapps/static,AVAILABLE}
2019-07-30 08:57:26,923 INFO  handler.ContextHandler (ContextHandler.java:doStart(781)) - Started o.e.j.w.WebAppContext@3c4940d2{/,file:///tmp/jetty-0.0.0.0-45124-hddsDatanode-_-any-5313782576230672156.dir/webapp/,AVAILABLE}{/hddsDatanode}
2019-07-30 08:57:26,923 INFO  server.AbstractConnector (AbstractConnector.java:doStart(278)) - Started ServerConnector@524241d9{HTTP/1.1,[http/1.1]}{0.0.0.0:45124}
2019-07-30 08:57:26,923 INFO  server.Server (Server.java:doStart(419)) - Started @591247ms
2019-07-30 08:57:26,925 INFO  server.BaseHttpServer (BaseHttpServer.java:updateConnectorAddress(207)) - HTTP server of HDDSDATANODE is listening at http://0.0.0.0:45124
2019-07-30 08:57:27,025 INFO  ozone.HddsDatanodeService (HddsDatanodeService.java:startPlugins(395)) - Started plug-in org.apache.hadoop.ozone.web.OzoneHddsDatanodeService@33acec5e
2019-07-30 08:57:27,025 INFO  impl.MetricsSystemImpl (MetricsSystemImpl.java:init(158)) - HddsDatanode metrics system started (again)
2019-07-30 08:57:27,028 INFO  ozone.HddsDatanodeService (HddsDatanodeService.java:start(184)) - HddsDatanodeService host:byscane-nightly-jdzkf-783033596 ip:192.168.69.91
2019-07-30 08:57:27,028 INFO  util.JvmPauseMonitor (JvmPauseMonitor.java:run(188)) - Starting JVM pause monitor
2019-07-30 08:57:27,030 INFO  datanode.InitDatanodeState (InitDatanodeState.java:persistContainerDatanodeDetails(140)) - DatanodeDetails is persisted to /workdir/hadoop-ozone/integration-test/target/test-dir/MiniOzoneClusterImpl-ec18d819-8831-4f43-8598-3e158f28a63b/datanode-3/meta/datanode.id
2019-07-30 08:57:27,039 INFO  volume.HddsVolume (HddsVolume.java:<init>(176)) - Creating Volume: /workdir/hadoop-ozone/integration-test/target/test-dir/MiniOzoneClusterImpl-ec18d819-8831-4f43-8598-3e158f28a63b/datanode-4/data/containers/hdds of  storage type : DISK and capacity : 52710309888
2019-07-30 08:57:27,039 INFO  volume.VolumeSet (VolumeSet.java:initializeVolumeSet(170)) - Added Volume : /workdir/hadoop-ozone/integration-test/target/test-dir/MiniOzoneClusterImpl-ec18d819-8831-4f43-8598-3e158f28a63b/datanode-4/data/containers/hdds to VolumeSet
2019-07-30 08:57:27,039 INFO  volume.ThrottledAsyncChecker (ThrottledAsyncChecker.java:schedule(140)) - Scheduling a check for org.apache.hadoop.ozone.container.common.volume.HddsVolume@3d056418
2019-07-30 08:57:27,040 INFO  volume.HddsVolumeChecker (HddsVolumeChecker.java:checkAllVolumes(203)) - Scheduled health check for volume org.apache.hadoop.ozone.container.common.volume.HddsVolume@3d056418
2019-07-30 08:57:27,051 INFO  impl.RaftServerProxy (ConfUtils.java:logGet(43)) - raft.rpc.type = GRPC (default)
2019-07-30 08:57:27,052 INFO  grpc.GrpcFactory (GrpcFactory.java:checkPooledByteBufAllocatorUseCacheForAllThreads(45)) - PERFORMANCE WARNING: useCacheForAllThreads is true that may cause Netty to create a lot garbage objects and, as a result, trigger GC.
	It is recommended to disable useCacheForAllThreads by setting -Dorg.apache.ratis.thirdparty.io.netty.allocator.useCacheForAllThreads=false in command line.
2019-07-30 08:57:27,052 INFO  grpc.GrpcConfigKeys$Server (ConfUtils.java:logGet(43)) - raft.grpc.server.port = 0 (default)
2019-07-30 08:57:27,052 INFO  server.GrpcService (ConfUtils.java:logGet(43)) - raft.grpc.message.size.max = 33570816 (custom)
2019-07-30 08:57:27,052 INFO  server.RaftServerConfigKeys (ConfUtils.java:logGet(43)) - raft.server.log.appender.buffer.byte-limit = 33554432 (custom)
2019-07-30 08:57:27,052 INFO  server.GrpcService (ConfUtils.java:logGet(43)) - raft.grpc.flow.control.window = 1MB (=1048576) (default)
2019-07-30 08:57:27,053 INFO  server.RaftServerConfigKeys (ConfUtils.java:logGet(43)) - raft.server.rpc.request.timeout = 3000ms (default)
2019-07-30 08:57:27,053 INFO  server.RaftServerConfigKeys (ConfUtils.java:logGet(43)) - raft.server.storage.dir = [/workdir/hadoop-ozone/integration-test/target/test-dir/MiniOzoneClusterImpl-ec18d819-8831-4f43-8598-3e158f28a63b/datanode-4/data/ratis] (custom)
2019-07-30 08:57:27,053 INFO  replication.SimpleContainerDownloader (SimpleContainerDownloader.java:<init>(72)) - Starting container downloader service to copy containers to replicate.
2019-07-30 08:57:27,054 INFO  hdfs.DFSUtil (DFSUtil.java:httpServerTemplateForNNAndJN(1641)) - Starting Web-server for hddsDatanode at: http://0.0.0.0:0
2019-07-30 08:57:27,055 INFO  server.AuthenticationFilter (AuthenticationFilter.java:constructSecretProvider(240)) - Unable to initialize FileSignerSecretProvider, falling back to use random secrets.
2019-07-30 08:57:27,056 WARN  http.HttpRequestLog (HttpRequestLog.java:getRequestLog(97)) - Jetty request log can only be enabled using Log4j
2019-07-30 08:57:27,057 INFO  http.HttpServer2 (HttpServer2.java:addGlobalFilter(975)) - Added global filter 'safety' (class=org.apache.hadoop.http.HttpServer2$QuotingInputFilter)
2019-07-30 08:57:27,057 INFO  http.HttpServer2 (HttpServer2.java:addFilter(948)) - Added filter static_user_filter (class=org.apache.hadoop.http.lib.StaticUserWebFilter$StaticUserFilter) to context hddsDatanode
2019-07-30 08:57:27,057 INFO  http.HttpServer2 (HttpServer2.java:addFilter(958)) - Added filter static_user_filter (class=org.apache.hadoop.http.lib.StaticUserWebFilter$StaticUserFilter) to context logs
2019-07-30 08:57:27,057 INFO  http.HttpServer2 (HttpServer2.java:addFilter(958)) - Added filter static_user_filter (class=org.apache.hadoop.http.lib.StaticUserWebFilter$StaticUserFilter) to context static
2019-07-30 08:57:27,058 INFO  http.HttpServer2 (HttpServer2.java:bindListener(1191)) - Jetty bound to port 42040
2019-07-30 08:57:27,058 INFO  server.Server (Server.java:doStart(351)) - jetty-9.3.24.v20180605, build timestamp: 2018-06-05T17:11:56Z, git hash: 84205aa28f11a4f31f2a3b86d1bba2cc8ab69827
2019-07-30 08:57:27,059 INFO  handler.ContextHandler (ContextHandler.java:doStart(781)) - Started o.e.j.s.ServletContextHandler@2d036335{/logs,file:///workdir/hadoop-ozone/integration-test/target/log,AVAILABLE}
2019-07-30 08:57:27,060 INFO  handler.ContextHandler (ContextHandler.java:doStart(781)) - Started o.e.j.s.ServletContextHandler@587df3e4{/static,jar:file:/home/user/.m2/repository/org/apache/hadoop/hadoop-hdds-container-service/0.4.1-SNAPSHOT/hadoop-hdds-container-service-0.4.1-SNAPSHOT.jar!/webapps/static,AVAILABLE}
2019-07-30 08:57:27,086 INFO  handler.ContextHandler (ContextHandler.java:doStart(781)) - Started o.e.j.w.WebAppContext@6ea0dfaa{/,file:///tmp/jetty-0.0.0.0-42040-hddsDatanode-_-any-7653122237009075894.dir/webapp/,AVAILABLE}{/hddsDatanode}
2019-07-30 08:57:27,086 INFO  server.AbstractConnector (AbstractConnector.java:doStart(278)) - Started ServerConnector@5852605c{HTTP/1.1,[http/1.1]}{0.0.0.0:42040}
2019-07-30 08:57:27,087 INFO  server.Server (Server.java:doStart(419)) - Started @591410ms
2019-07-30 08:57:27,088 INFO  server.BaseHttpServer (BaseHttpServer.java:updateConnectorAddress(207)) - HTTP server of HDDSDATANODE is listening at http://0.0.0.0:42040
2019-07-30 08:57:27,187 INFO  ozone.HddsDatanodeService (HddsDatanodeService.java:startPlugins(395)) - Started plug-in org.apache.hadoop.ozone.web.OzoneHddsDatanodeService@261d7ee2
2019-07-30 08:57:27,187 INFO  impl.MetricsSystemImpl (MetricsSystemImpl.java:init(158)) - HddsDatanode metrics system started (again)
2019-07-30 08:57:27,190 INFO  ozone.HddsDatanodeService (HddsDatanodeService.java:start(184)) - HddsDatanodeService host:byscane-nightly-jdzkf-783033596 ip:192.168.69.91
2019-07-30 08:57:27,190 INFO  util.JvmPauseMonitor (JvmPauseMonitor.java:run(188)) - Starting JVM pause monitor
2019-07-30 08:57:27,192 INFO  datanode.InitDatanodeState (InitDatanodeState.java:persistContainerDatanodeDetails(140)) - DatanodeDetails is persisted to /workdir/hadoop-ozone/integration-test/target/test-dir/MiniOzoneClusterImpl-ec18d819-8831-4f43-8598-3e158f28a63b/datanode-4/meta/datanode.id
2019-07-30 08:57:27,200 INFO  volume.HddsVolume (HddsVolume.java:<init>(176)) - Creating Volume: /workdir/hadoop-ozone/integration-test/target/test-dir/MiniOzoneClusterImpl-ec18d819-8831-4f43-8598-3e158f28a63b/datanode-5/data/containers/hdds of  storage type : DISK and capacity : 52710309888
2019-07-30 08:57:27,200 INFO  volume.VolumeSet (VolumeSet.java:initializeVolumeSet(170)) - Added Volume : /workdir/hadoop-ozone/integration-test/target/test-dir/MiniOzoneClusterImpl-ec18d819-8831-4f43-8598-3e158f28a63b/datanode-5/data/containers/hdds to VolumeSet
2019-07-30 08:57:27,200 INFO  volume.ThrottledAsyncChecker (ThrottledAsyncChecker.java:schedule(140)) - Scheduling a check for org.apache.hadoop.ozone.container.common.volume.HddsVolume@27115d45
2019-07-30 08:57:27,201 INFO  volume.HddsVolumeChecker (HddsVolumeChecker.java:checkAllVolumes(203)) - Scheduled health check for volume org.apache.hadoop.ozone.container.common.volume.HddsVolume@27115d45
2019-07-30 08:57:27,213 INFO  impl.RaftServerProxy (ConfUtils.java:logGet(43)) - raft.rpc.type = GRPC (default)
2019-07-30 08:57:27,213 INFO  grpc.GrpcFactory (GrpcFactory.java:checkPooledByteBufAllocatorUseCacheForAllThreads(45)) - PERFORMANCE WARNING: useCacheForAllThreads is true that may cause Netty to create a lot garbage objects and, as a result, trigger GC.
	It is recommended to disable useCacheForAllThreads by setting -Dorg.apache.ratis.thirdparty.io.netty.allocator.useCacheForAllThreads=false in command line.
2019-07-30 08:57:27,213 INFO  grpc.GrpcConfigKeys$Server (ConfUtils.java:logGet(43)) - raft.grpc.server.port = 0 (default)
2019-07-30 08:57:27,214 INFO  server.GrpcService (ConfUtils.java:logGet(43)) - raft.grpc.message.size.max = 33570816 (custom)
2019-07-30 08:57:27,214 INFO  server.RaftServerConfigKeys (ConfUtils.java:logGet(43)) - raft.server.log.appender.buffer.byte-limit = 33554432 (custom)
2019-07-30 08:57:27,214 INFO  server.GrpcService (ConfUtils.java:logGet(43)) - raft.grpc.flow.control.window = 1MB (=1048576) (default)
2019-07-30 08:57:27,214 INFO  server.RaftServerConfigKeys (ConfUtils.java:logGet(43)) - raft.server.rpc.request.timeout = 3000ms (default)
2019-07-30 08:57:27,214 INFO  server.RaftServerConfigKeys (ConfUtils.java:logGet(43)) - raft.server.storage.dir = [/workdir/hadoop-ozone/integration-test/target/test-dir/MiniOzoneClusterImpl-ec18d819-8831-4f43-8598-3e158f28a63b/datanode-5/data/ratis] (custom)
2019-07-30 08:57:27,215 INFO  replication.SimpleContainerDownloader (SimpleContainerDownloader.java:<init>(72)) - Starting container downloader service to copy containers to replicate.
2019-07-30 08:57:27,216 INFO  hdfs.DFSUtil (DFSUtil.java:httpServerTemplateForNNAndJN(1641)) - Starting Web-server for hddsDatanode at: http://0.0.0.0:0
2019-07-30 08:57:27,217 INFO  server.AuthenticationFilter (AuthenticationFilter.java:constructSecretProvider(240)) - Unable to initialize FileSignerSecretProvider, falling back to use random secrets.
2019-07-30 08:57:27,217 WARN  http.HttpRequestLog (HttpRequestLog.java:getRequestLog(97)) - Jetty request log can only be enabled using Log4j
2019-07-30 08:57:27,218 INFO  http.HttpServer2 (HttpServer2.java:addGlobalFilter(975)) - Added global filter 'safety' (class=org.apache.hadoop.http.HttpServer2$QuotingInputFilter)
2019-07-30 08:57:27,219 INFO  http.HttpServer2 (HttpServer2.java:addFilter(948)) - Added filter static_user_filter (class=org.apache.hadoop.http.lib.StaticUserWebFilter$StaticUserFilter) to context hddsDatanode
2019-07-30 08:57:27,219 INFO  http.HttpServer2 (HttpServer2.java:addFilter(958)) - Added filter static_user_filter (class=org.apache.hadoop.http.lib.StaticUserWebFilter$StaticUserFilter) to context logs
2019-07-30 08:57:27,219 INFO  http.HttpServer2 (HttpServer2.java:addFilter(958)) - Added filter static_user_filter (class=org.apache.hadoop.http.lib.StaticUserWebFilter$StaticUserFilter) to context static
2019-07-30 08:57:27,219 INFO  http.HttpServer2 (HttpServer2.java:bindListener(1191)) - Jetty bound to port 35176
2019-07-30 08:57:27,220 INFO  server.Server (Server.java:doStart(351)) - jetty-9.3.24.v20180605, build timestamp: 2018-06-05T17:11:56Z, git hash: 84205aa28f11a4f31f2a3b86d1bba2cc8ab69827
2019-07-30 08:57:27,221 INFO  handler.ContextHandler (ContextHandler.java:doStart(781)) - Started o.e.j.s.ServletContextHandler@2ce7d43{/logs,file:///workdir/hadoop-ozone/integration-test/target/log,AVAILABLE}
2019-07-30 08:57:27,221 INFO  handler.ContextHandler (ContextHandler.java:doStart(781)) - Started o.e.j.s.ServletContextHandler@1ca55d5{/static,jar:file:/home/user/.m2/repository/org/apache/hadoop/hadoop-hdds-container-service/0.4.1-SNAPSHOT/hadoop-hdds-container-service-0.4.1-SNAPSHOT.jar!/webapps/static,AVAILABLE}
2019-07-30 08:57:27,248 INFO  handler.ContextHandler (ContextHandler.java:doStart(781)) - Started o.e.j.w.WebAppContext@295e989{/,file:///tmp/jetty-0.0.0.0-35176-hddsDatanode-_-any-8324715863671035517.dir/webapp/,AVAILABLE}{/hddsDatanode}
2019-07-30 08:57:27,248 INFO  server.AbstractConnector (AbstractConnector.java:doStart(278)) - Started ServerConnector@504216ff{HTTP/1.1,[http/1.1]}{0.0.0.0:35176}
2019-07-30 08:57:27,248 INFO  server.Server (Server.java:doStart(419)) - Started @591572ms
2019-07-30 08:57:27,250 INFO  server.BaseHttpServer (BaseHttpServer.java:updateConnectorAddress(207)) - HTTP server of HDDSDATANODE is listening at http://0.0.0.0:35176
2019-07-30 08:57:27,347 INFO  ozone.HddsDatanodeService (HddsDatanodeService.java:startPlugins(395)) - Started plug-in org.apache.hadoop.ozone.web.OzoneHddsDatanodeService@6affa355
2019-07-30 08:57:27,347 INFO  impl.MetricsSystemImpl (MetricsSystemImpl.java:init(158)) - HddsDatanode metrics system started (again)
2019-07-30 08:57:27,351 INFO  ozone.HddsDatanodeService (HddsDatanodeService.java:start(184)) - HddsDatanodeService host:byscane-nightly-jdzkf-783033596 ip:192.168.69.91
2019-07-30 08:57:27,351 INFO  util.JvmPauseMonitor (JvmPauseMonitor.java:run(188)) - Starting JVM pause monitor
2019-07-30 08:57:27,352 INFO  datanode.InitDatanodeState (InitDatanodeState.java:persistContainerDatanodeDetails(140)) - DatanodeDetails is persisted to /workdir/hadoop-ozone/integration-test/target/test-dir/MiniOzoneClusterImpl-ec18d819-8831-4f43-8598-3e158f28a63b/datanode-5/meta/datanode.id
2019-07-30 08:57:27,362 INFO  volume.HddsVolume (HddsVolume.java:<init>(176)) - Creating Volume: /workdir/hadoop-ozone/integration-test/target/test-dir/MiniOzoneClusterImpl-ec18d819-8831-4f43-8598-3e158f28a63b/datanode-6/data/containers/hdds of  storage type : DISK and capacity : 52710309888
2019-07-30 08:57:27,362 INFO  volume.VolumeSet (VolumeSet.java:initializeVolumeSet(170)) - Added Volume : /workdir/hadoop-ozone/integration-test/target/test-dir/MiniOzoneClusterImpl-ec18d819-8831-4f43-8598-3e158f28a63b/datanode-6/data/containers/hdds to VolumeSet
2019-07-30 08:57:27,363 INFO  volume.ThrottledAsyncChecker (ThrottledAsyncChecker.java:schedule(140)) - Scheduling a check for org.apache.hadoop.ozone.container.common.volume.HddsVolume@408573b1
2019-07-30 08:57:27,363 INFO  volume.HddsVolumeChecker (HddsVolumeChecker.java:checkAllVolumes(203)) - Scheduled health check for volume org.apache.hadoop.ozone.container.common.volume.HddsVolume@408573b1
2019-07-30 08:57:27,380 INFO  impl.RaftServerProxy (ConfUtils.java:logGet(43)) - raft.rpc.type = GRPC (default)
2019-07-30 08:57:27,380 INFO  grpc.GrpcFactory (GrpcFactory.java:checkPooledByteBufAllocatorUseCacheForAllThreads(45)) - PERFORMANCE WARNING: useCacheForAllThreads is true that may cause Netty to create a lot garbage objects and, as a result, trigger GC.
	It is recommended to disable useCacheForAllThreads by setting -Dorg.apache.ratis.thirdparty.io.netty.allocator.useCacheForAllThreads=false in command line.
2019-07-30 08:57:27,380 INFO  grpc.GrpcConfigKeys$Server (ConfUtils.java:logGet(43)) - raft.grpc.server.port = 0 (default)
2019-07-30 08:57:27,380 INFO  server.GrpcService (ConfUtils.java:logGet(43)) - raft.grpc.message.size.max = 33570816 (custom)
2019-07-30 08:57:27,380 INFO  server.RaftServerConfigKeys (ConfUtils.java:logGet(43)) - raft.server.log.appender.buffer.byte-limit = 33554432 (custom)
2019-07-30 08:57:27,381 INFO  server.GrpcService (ConfUtils.java:logGet(43)) - raft.grpc.flow.control.window = 1MB (=1048576) (default)
2019-07-30 08:57:27,381 INFO  server.RaftServerConfigKeys (ConfUtils.java:logGet(43)) - raft.server.rpc.request.timeout = 3000ms (default)
2019-07-30 08:57:27,381 INFO  server.RaftServerConfigKeys (ConfUtils.java:logGet(43)) - raft.server.storage.dir = [/workdir/hadoop-ozone/integration-test/target/test-dir/MiniOzoneClusterImpl-ec18d819-8831-4f43-8598-3e158f28a63b/datanode-6/data/ratis] (custom)
2019-07-30 08:57:27,381 INFO  replication.SimpleContainerDownloader (SimpleContainerDownloader.java:<init>(72)) - Starting container downloader service to copy containers to replicate.
2019-07-30 08:57:27,382 INFO  hdfs.DFSUtil (DFSUtil.java:httpServerTemplateForNNAndJN(1641)) - Starting Web-server for hddsDatanode at: http://0.0.0.0:0
2019-07-30 08:57:27,383 INFO  server.AuthenticationFilter (AuthenticationFilter.java:constructSecretProvider(240)) - Unable to initialize FileSignerSecretProvider, falling back to use random secrets.
2019-07-30 08:57:27,384 WARN  http.HttpRequestLog (HttpRequestLog.java:getRequestLog(97)) - Jetty request log can only be enabled using Log4j
2019-07-30 08:57:27,385 INFO  http.HttpServer2 (HttpServer2.java:addGlobalFilter(975)) - Added global filter 'safety' (class=org.apache.hadoop.http.HttpServer2$QuotingInputFilter)
2019-07-30 08:57:27,385 INFO  http.HttpServer2 (HttpServer2.java:addFilter(948)) - Added filter static_user_filter (class=org.apache.hadoop.http.lib.StaticUserWebFilter$StaticUserFilter) to context hddsDatanode
2019-07-30 08:57:27,385 INFO  http.HttpServer2 (HttpServer2.java:addFilter(958)) - Added filter static_user_filter (class=org.apache.hadoop.http.lib.StaticUserWebFilter$StaticUserFilter) to context static
2019-07-30 08:57:27,386 INFO  http.HttpServer2 (HttpServer2.java:addFilter(958)) - Added filter static_user_filter (class=org.apache.hadoop.http.lib.StaticUserWebFilter$StaticUserFilter) to context logs
2019-07-30 08:57:27,386 INFO  http.HttpServer2 (HttpServer2.java:bindListener(1191)) - Jetty bound to port 38470
2019-07-30 08:57:27,386 INFO  server.Server (Server.java:doStart(351)) - jetty-9.3.24.v20180605, build timestamp: 2018-06-05T17:11:56Z, git hash: 84205aa28f11a4f31f2a3b86d1bba2cc8ab69827
2019-07-30 08:57:27,388 INFO  handler.ContextHandler (ContextHandler.java:doStart(781)) - Started o.e.j.s.ServletContextHandler@5629e904{/logs,file:///workdir/hadoop-ozone/integration-test/target/log,AVAILABLE}
2019-07-30 08:57:27,388 INFO  handler.ContextHandler (ContextHandler.java:doStart(781)) - Started o.e.j.s.ServletContextHandler@40fd25c7{/static,jar:file:/home/user/.m2/repository/org/apache/hadoop/hadoop-hdds-container-service/0.4.1-SNAPSHOT/hadoop-hdds-container-service-0.4.1-SNAPSHOT.jar!/webapps/static,AVAILABLE}
2019-07-30 08:57:27,414 INFO  handler.ContextHandler (ContextHandler.java:doStart(781)) - Started o.e.j.w.WebAppContext@7e147828{/,file:///tmp/jetty-0.0.0.0-38470-hddsDatanode-_-any-130096204142140177.dir/webapp/,AVAILABLE}{/hddsDatanode}
2019-07-30 08:57:27,414 INFO  server.AbstractConnector (AbstractConnector.java:doStart(278)) - Started ServerConnector@3e966e67{HTTP/1.1,[http/1.1]}{0.0.0.0:38470}
2019-07-30 08:57:27,415 INFO  server.Server (Server.java:doStart(419)) - Started @591738ms
2019-07-30 08:57:27,422 INFO  server.BaseHttpServer (BaseHttpServer.java:updateConnectorAddress(207)) - HTTP server of HDDSDATANODE is listening at http://0.0.0.0:38470
2019-07-30 08:57:27,521 INFO  ozone.HddsDatanodeService (HddsDatanodeService.java:startPlugins(395)) - Started plug-in org.apache.hadoop.ozone.web.OzoneHddsDatanodeService@7c2d4398
2019-07-30 08:57:27,522 INFO  ozone.MiniOzoneClusterImpl (MiniOzoneClusterImpl.java:lambda$waitForClusterToBeReady$0(142)) - Waiting for cluster to be ready. Got 0 of 7 DN Heartbeats.
2019-07-30 08:57:27,523 INFO  util.JvmPauseMonitor (JvmPauseMonitor.java:run(188)) - Starting JVM pause monitor
2019-07-30 08:57:27,524 INFO  datanode.InitDatanodeState (InitDatanodeState.java:persistContainerDatanodeDetails(140)) - DatanodeDetails is persisted to /workdir/hadoop-ozone/integration-test/target/test-dir/MiniOzoneClusterImpl-ec18d819-8831-4f43-8598-3e158f28a63b/datanode-6/meta/datanode.id
2019-07-30 08:57:28,423 INFO  ozoneimpl.OzoneContainer (OzoneContainer.java:start(186)) - Attempting to start container services.
2019-07-30 08:57:28,423 INFO  ozoneimpl.OzoneContainer (OzoneContainer.java:startContainerScrub(160)) - Background container scrubber has been disabled by hdds.containerscrub.enabled
2019-07-30 08:57:28,423 INFO  ratis.XceiverServerRatis (XceiverServerRatis.java:start(404)) - Starting XceiverServerRatis c014cdec-9ba0-4cb2-a67e-4bd5e312e45d at port 0
2019-07-30 08:57:28,430 INFO  impl.RaftServerProxy (RaftServerProxy.java:lambda$start$3(299)) - c014cdec-9ba0-4cb2-a67e-4bd5e312e45d: start RPC server
2019-07-30 08:57:28,432 INFO  server.GrpcService (GrpcService.java:startImpl(149)) - c014cdec-9ba0-4cb2-a67e-4bd5e312e45d: GrpcService started, listening on 0.0.0.0/0.0.0.0:39885
2019-07-30 08:57:28,432 INFO  ratis.XceiverServerRatis (XceiverServerRatis.java:start(414)) - XceiverServerRatis c014cdec-9ba0-4cb2-a67e-4bd5e312e45d is started using port 39885
2019-07-30 08:57:28,433 INFO  server.XceiverServerGrpc (XceiverServerGrpc.java:start(161)) - XceiverServerGrpc c014cdec-9ba0-4cb2-a67e-4bd5e312e45d is started using port 34453
2019-07-30 08:57:28,522 INFO  ozone.MiniOzoneClusterImpl (MiniOzoneClusterImpl.java:lambda$waitForClusterToBeReady$0(142)) - Waiting for cluster to be ready. Got 0 of 7 DN Heartbeats.
2019-07-30 08:57:28,566 INFO  ozoneimpl.OzoneContainer (OzoneContainer.java:start(186)) - Attempting to start container services.
2019-07-30 08:57:28,566 INFO  ozoneimpl.OzoneContainer (OzoneContainer.java:startContainerScrub(160)) - Background container scrubber has been disabled by hdds.containerscrub.enabled
2019-07-30 08:57:28,566 INFO  ratis.XceiverServerRatis (XceiverServerRatis.java:start(404)) - Starting XceiverServerRatis 675230fa-958a-4583-ba4a-b811c63b9892 at port 0
2019-07-30 08:57:28,574 INFO  impl.RaftServerProxy (RaftServerProxy.java:lambda$start$3(299)) - 675230fa-958a-4583-ba4a-b811c63b9892: start RPC server
2019-07-30 08:57:28,574 INFO  server.GrpcService (GrpcService.java:startImpl(149)) - 675230fa-958a-4583-ba4a-b811c63b9892: GrpcService started, listening on 0.0.0.0/0.0.0.0:39952
2019-07-30 08:57:28,575 INFO  ratis.XceiverServerRatis (XceiverServerRatis.java:start(414)) - XceiverServerRatis 675230fa-958a-4583-ba4a-b811c63b9892 is started using port 39952
2019-07-30 08:57:28,575 INFO  server.XceiverServerGrpc (XceiverServerGrpc.java:start(161)) - XceiverServerGrpc 675230fa-958a-4583-ba4a-b811c63b9892 is started using port 44436
2019-07-30 08:57:28,877 INFO  ozoneimpl.OzoneContainer (OzoneContainer.java:start(186)) - Attempting to start container services.
2019-07-30 08:57:28,878 INFO  ozoneimpl.OzoneContainer (OzoneContainer.java:startContainerScrub(160)) - Background container scrubber has been disabled by hdds.containerscrub.enabled
2019-07-30 08:57:28,878 INFO  ratis.XceiverServerRatis (XceiverServerRatis.java:start(404)) - Starting XceiverServerRatis c76232fa-95ac-4204-904c-cdb5ace277d5 at port 0
2019-07-30 08:57:28,886 INFO  impl.RaftServerProxy (RaftServerProxy.java:lambda$start$3(299)) - c76232fa-95ac-4204-904c-cdb5ace277d5: start RPC server
2019-07-30 08:57:28,887 INFO  server.GrpcService (GrpcService.java:startImpl(149)) - c76232fa-95ac-4204-904c-cdb5ace277d5: GrpcService started, listening on 0.0.0.0/0.0.0.0:39367
2019-07-30 08:57:28,887 INFO  ratis.XceiverServerRatis (XceiverServerRatis.java:start(414)) - XceiverServerRatis c76232fa-95ac-4204-904c-cdb5ace277d5 is started using port 39367
2019-07-30 08:57:28,890 INFO  server.XceiverServerGrpc (XceiverServerGrpc.java:start(161)) - XceiverServerGrpc c76232fa-95ac-4204-904c-cdb5ace277d5 is started using port 39758
2019-07-30 08:57:29,046 INFO  ozoneimpl.OzoneContainer (OzoneContainer.java:start(186)) - Attempting to start container services.
2019-07-30 08:57:29,046 INFO  ozoneimpl.OzoneContainer (OzoneContainer.java:startContainerScrub(160)) - Background container scrubber has been disabled by hdds.containerscrub.enabled
2019-07-30 08:57:29,047 INFO  ratis.XceiverServerRatis (XceiverServerRatis.java:start(404)) - Starting XceiverServerRatis 83c63723-1a17-474a-8de0-17d606968224 at port 0
2019-07-30 08:57:29,054 INFO  impl.RaftServerProxy (RaftServerProxy.java:lambda$start$3(299)) - 83c63723-1a17-474a-8de0-17d606968224: start RPC server
2019-07-30 08:57:29,055 INFO  server.GrpcService (GrpcService.java:startImpl(149)) - 83c63723-1a17-474a-8de0-17d606968224: GrpcService started, listening on 0.0.0.0/0.0.0.0:45422
2019-07-30 08:57:29,055 INFO  ratis.XceiverServerRatis (XceiverServerRatis.java:start(414)) - XceiverServerRatis 83c63723-1a17-474a-8de0-17d606968224 is started using port 45422
2019-07-30 08:57:29,056 INFO  server.XceiverServerGrpc (XceiverServerGrpc.java:start(161)) - XceiverServerGrpc 83c63723-1a17-474a-8de0-17d606968224 is started using port 37104
2019-07-30 08:57:29,205 INFO  ozoneimpl.OzoneContainer (OzoneContainer.java:start(186)) - Attempting to start container services.
2019-07-30 08:57:29,205 INFO  ozoneimpl.OzoneContainer (OzoneContainer.java:startContainerScrub(160)) - Background container scrubber has been disabled by hdds.containerscrub.enabled
2019-07-30 08:57:29,205 INFO  ratis.XceiverServerRatis (XceiverServerRatis.java:start(404)) - Starting XceiverServerRatis 0b6e9b23-4ab2-4168-b0e9-3eda68ab3ffc at port 0
2019-07-30 08:57:29,213 INFO  impl.RaftServerProxy (RaftServerProxy.java:lambda$start$3(299)) - 0b6e9b23-4ab2-4168-b0e9-3eda68ab3ffc: start RPC server
2019-07-30 08:57:29,213 INFO  server.GrpcService (GrpcService.java:startImpl(149)) - 0b6e9b23-4ab2-4168-b0e9-3eda68ab3ffc: GrpcService started, listening on 0.0.0.0/0.0.0.0:35266
2019-07-30 08:57:29,213 INFO  ratis.XceiverServerRatis (XceiverServerRatis.java:start(414)) - XceiverServerRatis 0b6e9b23-4ab2-4168-b0e9-3eda68ab3ffc is started using port 35266
2019-07-30 08:57:29,214 INFO  server.XceiverServerGrpc (XceiverServerGrpc.java:start(161)) - XceiverServerGrpc 0b6e9b23-4ab2-4168-b0e9-3eda68ab3ffc is started using port 44190
2019-07-30 08:57:29,357 INFO  ozoneimpl.OzoneContainer (OzoneContainer.java:start(186)) - Attempting to start container services.
2019-07-30 08:57:29,357 INFO  ozoneimpl.OzoneContainer (OzoneContainer.java:startContainerScrub(160)) - Background container scrubber has been disabled by hdds.containerscrub.enabled
2019-07-30 08:57:29,357 INFO  ratis.XceiverServerRatis (XceiverServerRatis.java:start(404)) - Starting XceiverServerRatis ce42eed1-aeb3-4af4-8a16-c8c6c6fb1ddd at port 0
2019-07-30 08:57:29,365 INFO  impl.RaftServerProxy (RaftServerProxy.java:lambda$start$3(299)) - ce42eed1-aeb3-4af4-8a16-c8c6c6fb1ddd: start RPC server
2019-07-30 08:57:29,366 INFO  server.GrpcService (GrpcService.java:startImpl(149)) - ce42eed1-aeb3-4af4-8a16-c8c6c6fb1ddd: GrpcService started, listening on 0.0.0.0/0.0.0.0:34601
2019-07-30 08:57:29,366 INFO  ratis.XceiverServerRatis (XceiverServerRatis.java:start(414)) - XceiverServerRatis ce42eed1-aeb3-4af4-8a16-c8c6c6fb1ddd is started using port 34601
2019-07-30 08:57:29,366 INFO  server.XceiverServerGrpc (XceiverServerGrpc.java:start(161)) - XceiverServerGrpc ce42eed1-aeb3-4af4-8a16-c8c6c6fb1ddd is started using port 40024
2019-07-30 08:57:29,522 INFO  ozone.MiniOzoneClusterImpl (MiniOzoneClusterImpl.java:lambda$waitForClusterToBeReady$0(142)) - Waiting for cluster to be ready. Got 0 of 7 DN Heartbeats.
2019-07-30 08:57:29,537 INFO  ozoneimpl.OzoneContainer (OzoneContainer.java:start(186)) - Attempting to start container services.
2019-07-30 08:57:29,537 INFO  ozoneimpl.OzoneContainer (OzoneContainer.java:startContainerScrub(160)) - Background container scrubber has been disabled by hdds.containerscrub.enabled
2019-07-30 08:57:29,537 INFO  ratis.XceiverServerRatis (XceiverServerRatis.java:start(404)) - Starting XceiverServerRatis 0f5b08a3-d029-4451-8d44-9a357d55ac60 at port 0
2019-07-30 08:57:29,545 INFO  impl.RaftServerProxy (RaftServerProxy.java:lambda$start$3(299)) - 0f5b08a3-d029-4451-8d44-9a357d55ac60: start RPC server
2019-07-30 08:57:29,545 INFO  server.GrpcService (GrpcService.java:startImpl(149)) - 0f5b08a3-d029-4451-8d44-9a357d55ac60: GrpcService started, listening on 0.0.0.0/0.0.0.0:40527
2019-07-30 08:57:29,546 INFO  ratis.XceiverServerRatis (XceiverServerRatis.java:start(414)) - XceiverServerRatis 0f5b08a3-d029-4451-8d44-9a357d55ac60 is started using port 40527
2019-07-30 08:57:29,546 INFO  server.XceiverServerGrpc (XceiverServerGrpc.java:start(161)) - XceiverServerGrpc 0f5b08a3-d029-4451-8d44-9a357d55ac60 is started using port 34006
2019-07-30 08:57:30,394 INFO  net.NetworkTopology (NetworkTopologyImpl.java:add(110)) - Added a new node: /default-rack/c014cdec-9ba0-4cb2-a67e-4bd5e312e45d
2019-07-30 08:57:30,397 INFO  node.SCMNodeManager (SCMNodeManager.java:register(273)) - Registered Data node : c014cdec-9ba0-4cb2-a67e-4bd5e312e45d{ip: 192.168.69.91, host: byscane-nightly-jdzkf-783033596, networkLocation: /default-rack, certSerialId: null}
2019-07-30 08:57:30,398 INFO  safemode.SCMSafeModeManager (DataNodeSafeModeRule.java:process(71)) - SCM in safe mode. 1 DataNodes registered, 1 required.
2019-07-30 08:57:30,400 INFO  safemode.SCMSafeModeManager (SCMSafeModeManager.java:validateSafeModeExitRules(177)) - ScmSafeModeManager, all rules are successfully validated
2019-07-30 08:57:30,400 INFO  safemode.SCMSafeModeManager (SCMSafeModeManager.java:exitSafeMode(193)) - SCM exiting safe mode.
2019-07-30 08:57:30,420 INFO  impl.RaftServerProxy (RaftServerProxy.java:addNew(89)) - c014cdec-9ba0-4cb2-a67e-4bd5e312e45d: addNew group-9A638C2951D4:[c014cdec-9ba0-4cb2-a67e-4bd5e312e45d:192.168.69.91:39885] returns group-9A638C2951D4:java.util.concurrent.CompletableFuture@452bf52a[Not completed]
2019-07-30 08:57:30,421 INFO  impl.RaftServerImpl (RaftServerImpl.java:<init>(93)) - c014cdec-9ba0-4cb2-a67e-4bd5e312e45d: new RaftServerImpl for group-9A638C2951D4:[c014cdec-9ba0-4cb2-a67e-4bd5e312e45d:192.168.69.91:39885] with ContainerStateMachine:uninitialized
2019-07-30 08:57:30,422 INFO  server.RaftServerConfigKeys (ConfUtils.java:logGet(43)) - raft.server.rpc.timeout.min = 5s (custom)
2019-07-30 08:57:30,422 INFO  server.RaftServerConfigKeys (ConfUtils.java:logGet(43)) - raft.server.rpc.timeout.max = 5200ms (custom)
2019-07-30 08:57:30,422 INFO  server.RaftServerConfigKeys (ConfUtils.java:logGet(43)) - raft.server.rpcslowness.timeout = 120s (custom)
2019-07-30 08:57:30,422 INFO  server.RaftServerConfigKeys (ConfUtils.java:logGet(43)) - raft.server.sleep.deviation.threshold = 300 (default)
2019-07-30 08:57:30,422 INFO  server.RaftServerConfigKeys (ConfUtils.java:logGet(43)) - raft.server.log.appender.install.snapshot.enabled = false (custom)
2019-07-30 08:57:30,422 INFO  impl.RaftServerImpl (ServerState.java:<init>(105)) - c014cdec-9ba0-4cb2-a67e-4bd5e312e45d:group-9A638C2951D4 ConfigurationManager, init=-1: [c014cdec-9ba0-4cb2-a67e-4bd5e312e45d:192.168.69.91:39885], old=null, confs=<EMPTY_MAP>
2019-07-30 08:57:30,423 INFO  server.RaftServerConfigKeys (ConfUtils.java:logGet(43)) - raft.server.storage.dir = [/workdir/hadoop-ozone/integration-test/target/test-dir/MiniOzoneClusterImpl-ec18d819-8831-4f43-8598-3e158f28a63b/datanode-0/data/ratis] (custom)
2019-07-30 08:57:30,423 INFO  storage.RaftStorageDirectory (RaftStorageDirectory.java:analyzeStorage(246)) - The storage directory /workdir/hadoop-ozone/integration-test/target/test-dir/MiniOzoneClusterImpl-ec18d819-8831-4f43-8598-3e158f28a63b/datanode-0/data/ratis/5d77910a-1b85-4a9d-b2a3-9a638c2951d4 does not exist. Creating ...
2019-07-30 08:57:30,436 INFO  storage.RaftStorageDirectory (RaftStorageDirectory.java:tryLock(328)) - Lock on /workdir/hadoop-ozone/integration-test/target/test-dir/MiniOzoneClusterImpl-ec18d819-8831-4f43-8598-3e158f28a63b/datanode-0/data/ratis/5d77910a-1b85-4a9d-b2a3-9a638c2951d4/in_use.lock acquired by nodename 25965@byscane-nightly-jdzkf-783033596
2019-07-30 08:57:30,449 INFO  storage.RaftStorage (RaftStorage.java:format(72)) - Storage directory /workdir/hadoop-ozone/integration-test/target/test-dir/MiniOzoneClusterImpl-ec18d819-8831-4f43-8598-3e158f28a63b/datanode-0/data/ratis/5d77910a-1b85-4a9d-b2a3-9a638c2951d4 has been successfully formatted.
2019-07-30 08:57:30,449 INFO  ratis.ContainerStateMachine (ContainerStateMachine.java:loadSnapshot(213)) - group-9A638C2951D4: The snapshot info is null. Setting the last applied indexto:(t:0, i:~)
2019-07-30 08:57:30,449 INFO  server.RaftServerConfigKeys (ConfUtils.java:logGet(43)) - raft.server.leader.election.timeout = 120s (custom)
2019-07-30 08:57:30,449 INFO  server.RaftServerConfigKeys (ConfUtils.java:logGet(43)) - raft.server.log.use.memory = false (default)
2019-07-30 08:57:30,450 INFO  server.RaftServerConfigKeys (ConfUtils.java:logGet(43)) - raft.server.log.purge.gap = 1000000000 (custom)
2019-07-30 08:57:30,450 INFO  server.RaftServerConfigKeys (ConfUtils.java:logGet(43)) - raft.server.log.appender.buffer.byte-limit = 33554432 (custom)
2019-07-30 08:57:30,450 INFO  server.RaftServerConfigKeys (ConfUtils.java:logGet(43)) - raft.server.log.segment.size.max = 1048576 (custom)
2019-07-30 08:57:30,450 INFO  server.RaftServerConfigKeys (ConfUtils.java:logGet(43)) - raft.server.log.segment.cache.num.max = 2 (custom)
2019-07-30 08:57:30,450 INFO  segmented.SegmentedRaftLogWorker (SegmentedRaftLogWorker.java:<init>(172)) - new c014cdec-9ba0-4cb2-a67e-4bd5e312e45d-SegmentedRaftLogWorker:Storage Directory /workdir/hadoop-ozone/integration-test/target/test-dir/MiniOzoneClusterImpl-ec18d819-8831-4f43-8598-3e158f28a63b/datanode-0/data/ratis/5d77910a-1b85-4a9d-b2a3-9a638c2951d4 for RaftStorage:Storage Directory /workdir/hadoop-ozone/integration-test/target/test-dir/MiniOzoneClusterImpl-ec18d819-8831-4f43-8598-3e158f28a63b/datanode-0/data/ratis/5d77910a-1b85-4a9d-b2a3-9a638c2951d4
2019-07-30 08:57:30,450 INFO  server.RaftServerConfigKeys (ConfUtils.java:logGet(43)) - raft.server.log.queue.byte-limit = 2147483647 (custom)
2019-07-30 08:57:30,451 INFO  server.RaftServerConfigKeys (ConfUtils.java:logGet(43)) - raft.server.log.queue.element-limit = 1024 (custom)
2019-07-30 08:57:30,451 INFO  server.RaftServerConfigKeys (ConfUtils.java:logGet(43)) - raft.server.log.segment.size.max = 1048576 (custom)
2019-07-30 08:57:30,451 INFO  server.RaftServerConfigKeys (ConfUtils.java:logGet(43)) - raft.server.log.preallocated.size = 16384 (custom)
2019-07-30 08:57:30,451 INFO  server.RaftServerConfigKeys (ConfUtils.java:logGet(43)) - raft.server.log.write.buffer.size = 33554432 (custom)
2019-07-30 08:57:30,451 INFO  server.RaftServerConfigKeys (ConfUtils.java:logGet(43)) - raft.server.log.force.sync.num = 128 (default)
2019-07-30 08:57:30,452 INFO  server.RaftServerConfigKeys (ConfUtils.java:logGet(43)) - raft.server.log.statemachine.data.sync = true (default)
2019-07-30 08:57:30,452 INFO  server.RaftServerConfigKeys (ConfUtils.java:logGet(43)) - raft.server.log.statemachine.data.sync.timeout = 10s (default)
2019-07-30 08:57:30,452 INFO  server.RaftServerConfigKeys (ConfUtils.java:logGet(43)) - raft.server.log.statemachine.data.sync.timeout.retry = -1 (default)
2019-07-30 08:57:30,452 INFO  server.RaftServerConfigKeys (ConfUtils.java:logGet(43)) - raft.server.log.statemachine.data.caching.enabled = true (custom)
2019-07-30 08:57:30,453 INFO  segmented.SegmentedRaftLogWorker (SegmentedRaftLogWorker.java:lambda$new$0(132)) - c014cdec-9ba0-4cb2-a67e-4bd5e312e45d-SegmentedRaftLogWorker:Storage Directory /workdir/hadoop-ozone/integration-test/target/test-dir/MiniOzoneClusterImpl-ec18d819-8831-4f43-8598-3e158f28a63b/datanode-0/data/ratis/5d77910a-1b85-4a9d-b2a3-9a638c2951d4: flushIndex: setUnconditionally 0 -> -1
2019-07-30 08:57:30,453 INFO  server.RaftServerConfigKeys (ConfUtils.java:logGet(43)) - raft.server.snapshot.auto.trigger.enabled = true (custom)
2019-07-30 08:57:30,453 INFO  server.RaftServerConfigKeys (ConfUtils.java:logGet(43)) - raft.server.snapshot.auto.trigger.threshold = 10000 (custom)
2019-07-30 08:57:30,453 INFO  server.RaftServerConfigKeys (ConfUtils.java:logGet(43)) - raft.server.retrycache.expirytime = 600000ms (custom)
2019-07-30 08:57:30,454 INFO  impl.RaftServerImpl (RaftServerImpl.java:start(180)) - c014cdec-9ba0-4cb2-a67e-4bd5e312e45d: start group-9A638C2951D4
2019-07-30 08:57:30,454 INFO  impl.RaftServerImpl (RaftServerImpl.java:setRole(171)) - c014cdec-9ba0-4cb2-a67e-4bd5e312e45d:group-9A638C2951D4 changes role from null to FOLLOWER at term 0 for startAsFollower
2019-07-30 08:57:30,454 INFO  impl.RoleInfo (RoleInfo.java:updateAndGet(143)) - c014cdec-9ba0-4cb2-a67e-4bd5e312e45d: start FollowerState
2019-07-30 08:57:30,455 INFO  util.JmxRegister (JmxRegister.java:tryRegister(44)) - Successfully registered JMX Bean with object name Ratis:service=RaftServer,group=group-9A638C2951D4,id=c014cdec-9ba0-4cb2-a67e-4bd5e312e45d
2019-07-30 08:57:30,460 INFO  pipeline.PipelineStateManager (PipelineStateManager.java:addPipeline(56)) - Created pipeline Pipeline[ Id: 5d77910a-1b85-4a9d-b2a3-9a638c2951d4, Nodes: c014cdec-9ba0-4cb2-a67e-4bd5e312e45d{ip: 192.168.69.91, host: byscane-nightly-jdzkf-783033596, networkLocation: /default-rack, certSerialId: null}, Type:RATIS, Factor:ONE, State:OPEN]
2019-07-30 08:57:30,523 INFO  ozone.MiniOzoneClusterImpl (MiniOzoneClusterImpl.java:lambda$waitForClusterToBeReady$0(142)) - Waiting for cluster to be ready. Got 1 of 7 DN Heartbeats.
2019-07-30 08:57:30,551 INFO  net.NetworkTopology (NetworkTopologyImpl.java:add(110)) - Added a new node: /default-rack/675230fa-958a-4583-ba4a-b811c63b9892
2019-07-30 08:57:30,551 INFO  node.SCMNodeManager (SCMNodeManager.java:register(273)) - Registered Data node : 675230fa-958a-4583-ba4a-b811c63b9892{ip: 192.168.69.91, host: byscane-nightly-jdzkf-783033596, networkLocation: /default-rack, certSerialId: null}
2019-07-30 08:57:30,558 INFO  impl.RaftServerProxy (RaftServerProxy.java:addNew(89)) - 675230fa-958a-4583-ba4a-b811c63b9892: addNew group-055FC9C0C632:[675230fa-958a-4583-ba4a-b811c63b9892:192.168.69.91:39952] returns group-055FC9C0C632:java.util.concurrent.CompletableFuture@624baf5[Not completed]
2019-07-30 08:57:30,559 INFO  impl.RaftServerImpl (RaftServerImpl.java:<init>(93)) - 675230fa-958a-4583-ba4a-b811c63b9892: new RaftServerImpl for group-055FC9C0C632:[675230fa-958a-4583-ba4a-b811c63b9892:192.168.69.91:39952] with ContainerStateMachine:uninitialized
2019-07-30 08:57:30,559 INFO  server.RaftServerConfigKeys (ConfUtils.java:logGet(43)) - raft.server.rpc.timeout.min = 5s (custom)
2019-07-30 08:57:30,560 INFO  server.RaftServerConfigKeys (ConfUtils.java:logGet(43)) - raft.server.rpc.timeout.max = 5200ms (custom)
2019-07-30 08:57:30,560 INFO  server.RaftServerConfigKeys (ConfUtils.java:logGet(43)) - raft.server.rpcslowness.timeout = 120s (custom)
2019-07-30 08:57:30,560 INFO  server.RaftServerConfigKeys (ConfUtils.java:logGet(43)) - raft.server.sleep.deviation.threshold = 300 (default)
2019-07-30 08:57:30,560 INFO  server.RaftServerConfigKeys (ConfUtils.java:logGet(43)) - raft.server.log.appender.install.snapshot.enabled = false (custom)
2019-07-30 08:57:30,560 INFO  impl.RaftServerImpl (ServerState.java:<init>(105)) - 675230fa-958a-4583-ba4a-b811c63b9892:group-055FC9C0C632 ConfigurationManager, init=-1: [675230fa-958a-4583-ba4a-b811c63b9892:192.168.69.91:39952], old=null, confs=<EMPTY_MAP>
2019-07-30 08:57:30,560 INFO  server.RaftServerConfigKeys (ConfUtils.java:logGet(43)) - raft.server.storage.dir = [/workdir/hadoop-ozone/integration-test/target/test-dir/MiniOzoneClusterImpl-ec18d819-8831-4f43-8598-3e158f28a63b/datanode-1/data/ratis] (custom)
2019-07-30 08:57:30,561 INFO  storage.RaftStorageDirectory (RaftStorageDirectory.java:analyzeStorage(246)) - The storage directory /workdir/hadoop-ozone/integration-test/target/test-dir/MiniOzoneClusterImpl-ec18d819-8831-4f43-8598-3e158f28a63b/datanode-1/data/ratis/e3e8aeaa-40c8-413e-b704-055fc9c0c632 does not exist. Creating ...
2019-07-30 08:57:30,586 INFO  storage.RaftStorageDirectory (RaftStorageDirectory.java:tryLock(328)) - Lock on /workdir/hadoop-ozone/integration-test/target/test-dir/MiniOzoneClusterImpl-ec18d819-8831-4f43-8598-3e158f28a63b/datanode-1/data/ratis/e3e8aeaa-40c8-413e-b704-055fc9c0c632/in_use.lock acquired by nodename 25965@byscane-nightly-jdzkf-783033596
2019-07-30 08:57:30,599 INFO  storage.RaftStorage (RaftStorage.java:format(72)) - Storage directory /workdir/hadoop-ozone/integration-test/target/test-dir/MiniOzoneClusterImpl-ec18d819-8831-4f43-8598-3e158f28a63b/datanode-1/data/ratis/e3e8aeaa-40c8-413e-b704-055fc9c0c632 has been successfully formatted.
2019-07-30 08:57:30,599 INFO  ratis.ContainerStateMachine (ContainerStateMachine.java:loadSnapshot(213)) - group-055FC9C0C632: The snapshot info is null. Setting the last applied indexto:(t:0, i:~)
2019-07-30 08:57:30,599 INFO  server.RaftServerConfigKeys (ConfUtils.java:logGet(43)) - raft.server.leader.election.timeout = 120s (custom)
2019-07-30 08:57:30,599 INFO  server.RaftServerConfigKeys (ConfUtils.java:logGet(43)) - raft.server.log.use.memory = false (default)
2019-07-30 08:57:30,600 INFO  server.RaftServerConfigKeys (ConfUtils.java:logGet(43)) - raft.server.log.purge.gap = 1000000000 (custom)
2019-07-30 08:57:30,600 INFO  server.RaftServerConfigKeys (ConfUtils.java:logGet(43)) - raft.server.log.appender.buffer.byte-limit = 33554432 (custom)
2019-07-30 08:57:30,600 INFO  server.RaftServerConfigKeys (ConfUtils.java:logGet(43)) - raft.server.log.segment.size.max = 1048576 (custom)
2019-07-30 08:57:30,600 INFO  server.RaftServerConfigKeys (ConfUtils.java:logGet(43)) - raft.server.log.segment.cache.num.max = 2 (custom)
2019-07-30 08:57:30,600 INFO  segmented.SegmentedRaftLogWorker (SegmentedRaftLogWorker.java:<init>(172)) - new 675230fa-958a-4583-ba4a-b811c63b9892-SegmentedRaftLogWorker:Storage Directory /workdir/hadoop-ozone/integration-test/target/test-dir/MiniOzoneClusterImpl-ec18d819-8831-4f43-8598-3e158f28a63b/datanode-1/data/ratis/e3e8aeaa-40c8-413e-b704-055fc9c0c632 for RaftStorage:Storage Directory /workdir/hadoop-ozone/integration-test/target/test-dir/MiniOzoneClusterImpl-ec18d819-8831-4f43-8598-3e158f28a63b/datanode-1/data/ratis/e3e8aeaa-40c8-413e-b704-055fc9c0c632
2019-07-30 08:57:30,601 INFO  server.RaftServerConfigKeys (ConfUtils.java:logGet(43)) - raft.server.log.queue.byte-limit = 2147483647 (custom)
2019-07-30 08:57:30,601 INFO  server.RaftServerConfigKeys (ConfUtils.java:logGet(43)) - raft.server.log.queue.element-limit = 1024 (custom)
2019-07-30 08:57:30,601 INFO  server.RaftServerConfigKeys (ConfUtils.java:logGet(43)) - raft.server.log.segment.size.max = 1048576 (custom)
2019-07-30 08:57:30,601 INFO  server.RaftServerConfigKeys (ConfUtils.java:logGet(43)) - raft.server.log.preallocated.size = 16384 (custom)
2019-07-30 08:57:30,601 INFO  server.RaftServerConfigKeys (ConfUtils.java:logGet(43)) - raft.server.log.write.buffer.size = 33554432 (custom)
2019-07-30 08:57:30,601 INFO  server.RaftServerConfigKeys (ConfUtils.java:logGet(43)) - raft.server.log.force.sync.num = 128 (default)
2019-07-30 08:57:30,602 INFO  server.RaftServerConfigKeys (ConfUtils.java:logGet(43)) - raft.server.log.statemachine.data.sync = true (default)
2019-07-30 08:57:30,602 INFO  server.RaftServerConfigKeys (ConfUtils.java:logGet(43)) - raft.server.log.statemachine.data.sync.timeout = 10s (default)
2019-07-30 08:57:30,602 INFO  server.RaftServerConfigKeys (ConfUtils.java:logGet(43)) - raft.server.log.statemachine.data.sync.timeout.retry = -1 (default)
2019-07-30 08:57:30,602 INFO  server.RaftServerConfigKeys (ConfUtils.java:logGet(43)) - raft.server.log.statemachine.data.caching.enabled = true (custom)
2019-07-30 08:57:30,603 INFO  segmented.SegmentedRaftLogWorker (SegmentedRaftLogWorker.java:lambda$new$0(132)) - 675230fa-958a-4583-ba4a-b811c63b9892-SegmentedRaftLogWorker:Storage Directory /workdir/hadoop-ozone/integration-test/target/test-dir/MiniOzoneClusterImpl-ec18d819-8831-4f43-8598-3e158f28a63b/datanode-1/data/ratis/e3e8aeaa-40c8-413e-b704-055fc9c0c632: flushIndex: setUnconditionally 0 -> -1
2019-07-30 08:57:30,604 INFO  server.RaftServerConfigKeys (ConfUtils.java:logGet(43)) - raft.server.snapshot.auto.trigger.enabled = true (custom)
2019-07-30 08:57:30,604 INFO  server.RaftServerConfigKeys (ConfUtils.java:logGet(43)) - raft.server.snapshot.auto.trigger.threshold = 10000 (custom)
2019-07-30 08:57:30,604 INFO  server.RaftServerConfigKeys (ConfUtils.java:logGet(43)) - raft.server.retrycache.expirytime = 600000ms (custom)
2019-07-30 08:57:30,604 INFO  impl.RaftServerImpl (RaftServerImpl.java:start(180)) - 675230fa-958a-4583-ba4a-b811c63b9892: start group-055FC9C0C632
2019-07-30 08:57:30,604 INFO  impl.RaftServerImpl (RaftServerImpl.java:setRole(171)) - 675230fa-958a-4583-ba4a-b811c63b9892:group-055FC9C0C632 changes role from null to FOLLOWER at term 0 for startAsFollower
2019-07-30 08:57:30,604 INFO  impl.RoleInfo (RoleInfo.java:updateAndGet(143)) - 675230fa-958a-4583-ba4a-b811c63b9892: start FollowerState
2019-07-30 08:57:30,605 INFO  util.JmxRegister (JmxRegister.java:tryRegister(44)) - Successfully registered JMX Bean with object name Ratis:service=RaftServer,group=group-055FC9C0C632,id=675230fa-958a-4583-ba4a-b811c63b9892
2019-07-30 08:57:30,609 INFO  pipeline.PipelineStateManager (PipelineStateManager.java:addPipeline(56)) - Created pipeline Pipeline[ Id: e3e8aeaa-40c8-413e-b704-055fc9c0c632, Nodes: 675230fa-958a-4583-ba4a-b811c63b9892{ip: 192.168.69.91, host: byscane-nightly-jdzkf-783033596, networkLocation: /default-rack, certSerialId: null}, Type:RATIS, Factor:ONE, State:OPEN]
2019-07-30 08:57:30,864 INFO  net.NetworkTopology (NetworkTopologyImpl.java:add(110)) - Added a new node: /default-rack/c76232fa-95ac-4204-904c-cdb5ace277d5
2019-07-30 08:57:30,864 INFO  node.SCMNodeManager (SCMNodeManager.java:register(273)) - Registered Data node : c76232fa-95ac-4204-904c-cdb5ace277d5{ip: 192.168.69.91, host: byscane-nightly-jdzkf-783033596, networkLocation: /default-rack, certSerialId: null}
2019-07-30 08:57:30,873 INFO  impl.RaftServerProxy (RaftServerProxy.java:addNew(89)) - c76232fa-95ac-4204-904c-cdb5ace277d5: addNew group-EE5E03BADA1E:[c76232fa-95ac-4204-904c-cdb5ace277d5:192.168.69.91:39367] returns group-EE5E03BADA1E:java.util.concurrent.CompletableFuture@2e5d4fa0[Not completed]
2019-07-30 08:57:30,874 INFO  impl.RaftServerImpl (RaftServerImpl.java:<init>(93)) - c76232fa-95ac-4204-904c-cdb5ace277d5: new RaftServerImpl for group-EE5E03BADA1E:[c76232fa-95ac-4204-904c-cdb5ace277d5:192.168.69.91:39367] with ContainerStateMachine:uninitialized
2019-07-30 08:57:30,874 INFO  server.RaftServerConfigKeys (ConfUtils.java:logGet(43)) - raft.server.rpc.timeout.min = 5s (custom)
2019-07-30 08:57:30,875 INFO  server.RaftServerConfigKeys (ConfUtils.java:logGet(43)) - raft.server.rpc.timeout.max = 5200ms (custom)
2019-07-30 08:57:30,875 INFO  server.RaftServerConfigKeys (ConfUtils.java:logGet(43)) - raft.server.rpcslowness.timeout = 120s (custom)
2019-07-30 08:57:30,875 INFO  server.RaftServerConfigKeys (ConfUtils.java:logGet(43)) - raft.server.sleep.deviation.threshold = 300 (default)
2019-07-30 08:57:30,875 INFO  server.RaftServerConfigKeys (ConfUtils.java:logGet(43)) - raft.server.log.appender.install.snapshot.enabled = false (custom)
2019-07-30 08:57:30,875 INFO  impl.RaftServerImpl (ServerState.java:<init>(105)) - c76232fa-95ac-4204-904c-cdb5ace277d5:group-EE5E03BADA1E ConfigurationManager, init=-1: [c76232fa-95ac-4204-904c-cdb5ace277d5:192.168.69.91:39367], old=null, confs=<EMPTY_MAP>
2019-07-30 08:57:30,875 INFO  server.RaftServerConfigKeys (ConfUtils.java:logGet(43)) - raft.server.storage.dir = [/workdir/hadoop-ozone/integration-test/target/test-dir/MiniOzoneClusterImpl-ec18d819-8831-4f43-8598-3e158f28a63b/datanode-2/data/ratis] (custom)
2019-07-30 08:57:30,876 INFO  storage.RaftStorageDirectory (RaftStorageDirectory.java:analyzeStorage(246)) - The storage directory /workdir/hadoop-ozone/integration-test/target/test-dir/MiniOzoneClusterImpl-ec18d819-8831-4f43-8598-3e158f28a63b/datanode-2/data/ratis/6d940ff7-5634-4336-ad47-ee5e03bada1e does not exist. Creating ...
2019-07-30 08:57:30,902 INFO  storage.RaftStorageDirectory (RaftStorageDirectory.java:tryLock(328)) - Lock on /workdir/hadoop-ozone/integration-test/target/test-dir/MiniOzoneClusterImpl-ec18d819-8831-4f43-8598-3e158f28a63b/datanode-2/data/ratis/6d940ff7-5634-4336-ad47-ee5e03bada1e/in_use.lock acquired by nodename 25965@byscane-nightly-jdzkf-783033596
2019-07-30 08:57:30,917 INFO  storage.RaftStorage (RaftStorage.java:format(72)) - Storage directory /workdir/hadoop-ozone/integration-test/target/test-dir/MiniOzoneClusterImpl-ec18d819-8831-4f43-8598-3e158f28a63b/datanode-2/data/ratis/6d940ff7-5634-4336-ad47-ee5e03bada1e has been successfully formatted.
2019-07-30 08:57:30,918 INFO  ratis.ContainerStateMachine (ContainerStateMachine.java:loadSnapshot(213)) - group-EE5E03BADA1E: The snapshot info is null. Setting the last applied indexto:(t:0, i:~)
2019-07-30 08:57:30,918 INFO  server.RaftServerConfigKeys (ConfUtils.java:logGet(43)) - raft.server.leader.election.timeout = 120s (custom)
2019-07-30 08:57:30,918 INFO  server.RaftServerConfigKeys (ConfUtils.java:logGet(43)) - raft.server.log.use.memory = false (default)
2019-07-30 08:57:30,918 INFO  server.RaftServerConfigKeys (ConfUtils.java:logGet(43)) - raft.server.log.purge.gap = 1000000000 (custom)
2019-07-30 08:57:30,918 INFO  server.RaftServerConfigKeys (ConfUtils.java:logGet(43)) - raft.server.log.appender.buffer.byte-limit = 33554432 (custom)
2019-07-30 08:57:30,918 INFO  server.RaftServerConfigKeys (ConfUtils.java:logGet(43)) - raft.server.log.segment.size.max = 1048576 (custom)
2019-07-30 08:57:30,919 INFO  server.RaftServerConfigKeys (ConfUtils.java:logGet(43)) - raft.server.log.segment.cache.num.max = 2 (custom)
2019-07-30 08:57:30,919 INFO  segmented.SegmentedRaftLogWorker (SegmentedRaftLogWorker.java:<init>(172)) - new c76232fa-95ac-4204-904c-cdb5ace277d5-SegmentedRaftLogWorker:Storage Directory /workdir/hadoop-ozone/integration-test/target/test-dir/MiniOzoneClusterImpl-ec18d819-8831-4f43-8598-3e158f28a63b/datanode-2/data/ratis/6d940ff7-5634-4336-ad47-ee5e03bada1e for RaftStorage:Storage Directory /workdir/hadoop-ozone/integration-test/target/test-dir/MiniOzoneClusterImpl-ec18d819-8831-4f43-8598-3e158f28a63b/datanode-2/data/ratis/6d940ff7-5634-4336-ad47-ee5e03bada1e
2019-07-30 08:57:30,919 INFO  server.RaftServerConfigKeys (ConfUtils.java:logGet(43)) - raft.server.log.queue.byte-limit = 2147483647 (custom)
2019-07-30 08:57:30,919 INFO  server.RaftServerConfigKeys (ConfUtils.java:logGet(43)) - raft.server.log.queue.element-limit = 1024 (custom)
2019-07-30 08:57:30,920 INFO  server.RaftServerConfigKeys (ConfUtils.java:logGet(43)) - raft.server.log.segment.size.max = 1048576 (custom)
2019-07-30 08:57:30,920 INFO  server.RaftServerConfigKeys (ConfUtils.java:logGet(43)) - raft.server.log.preallocated.size = 16384 (custom)
2019-07-30 08:57:30,920 INFO  server.RaftServerConfigKeys (ConfUtils.java:logGet(43)) - raft.server.log.write.buffer.size = 33554432 (custom)
2019-07-30 08:57:30,920 INFO  server.RaftServerConfigKeys (ConfUtils.java:logGet(43)) - raft.server.log.force.sync.num = 128 (default)
2019-07-30 08:57:30,920 INFO  server.RaftServerConfigKeys (ConfUtils.java:logGet(43)) - raft.server.log.statemachine.data.sync = true (default)
2019-07-30 08:57:30,920 INFO  server.RaftServerConfigKeys (ConfUtils.java:logGet(43)) - raft.server.log.statemachine.data.sync.timeout = 10s (default)
2019-07-30 08:57:30,921 INFO  server.RaftServerConfigKeys (ConfUtils.java:logGet(43)) - raft.server.log.statemachine.data.sync.timeout.retry = -1 (default)
2019-07-30 08:57:30,921 INFO  server.RaftServerConfigKeys (ConfUtils.java:logGet(43)) - raft.server.log.statemachine.data.caching.enabled = true (custom)
2019-07-30 08:57:30,921 INFO  segmented.SegmentedRaftLogWorker (SegmentedRaftLogWorker.java:lambda$new$0(132)) - c76232fa-95ac-4204-904c-cdb5ace277d5-SegmentedRaftLogWorker:Storage Directory /workdir/hadoop-ozone/integration-test/target/test-dir/MiniOzoneClusterImpl-ec18d819-8831-4f43-8598-3e158f28a63b/datanode-2/data/ratis/6d940ff7-5634-4336-ad47-ee5e03bada1e: flushIndex: setUnconditionally 0 -> -1
2019-07-30 08:57:30,922 INFO  server.RaftServerConfigKeys (ConfUtils.java:logGet(43)) - raft.server.snapshot.auto.trigger.enabled = true (custom)
2019-07-30 08:57:30,922 INFO  server.RaftServerConfigKeys (ConfUtils.java:logGet(43)) - raft.server.snapshot.auto.trigger.threshold = 10000 (custom)
2019-07-30 08:57:30,922 INFO  server.RaftServerConfigKeys (ConfUtils.java:logGet(43)) - raft.server.retrycache.expirytime = 600000ms (custom)
2019-07-30 08:57:30,922 INFO  impl.RaftServerImpl (RaftServerImpl.java:start(180)) - c76232fa-95ac-4204-904c-cdb5ace277d5: start group-EE5E03BADA1E
2019-07-30 08:57:30,923 INFO  impl.RaftServerImpl (RaftServerImpl.java:setRole(171)) - c76232fa-95ac-4204-904c-cdb5ace277d5:group-EE5E03BADA1E changes role from null to FOLLOWER at term 0 for startAsFollower
2019-07-30 08:57:30,924 INFO  impl.RoleInfo (RoleInfo.java:updateAndGet(143)) - c76232fa-95ac-4204-904c-cdb5ace277d5: start FollowerState
2019-07-30 08:57:30,924 INFO  util.JmxRegister (JmxRegister.java:tryRegister(44)) - Successfully registered JMX Bean with object name Ratis:service=RaftServer,group=group-EE5E03BADA1E,id=c76232fa-95ac-4204-904c-cdb5ace277d5
2019-07-30 08:57:30,930 INFO  pipeline.PipelineStateManager (PipelineStateManager.java:addPipeline(56)) - Created pipeline Pipeline[ Id: 6d940ff7-5634-4336-ad47-ee5e03bada1e, Nodes: c76232fa-95ac-4204-904c-cdb5ace277d5{ip: 192.168.69.91, host: byscane-nightly-jdzkf-783033596, networkLocation: /default-rack, certSerialId: null}, Type:RATIS, Factor:ONE, State:OPEN]
2019-07-30 08:57:30,946 INFO  impl.RaftServerProxy (RaftServerProxy.java:addNew(89)) - c014cdec-9ba0-4cb2-a67e-4bd5e312e45d: addNew group-3539889D6673:[675230fa-958a-4583-ba4a-b811c63b9892:192.168.69.91:39952, c76232fa-95ac-4204-904c-cdb5ace277d5:192.168.69.91:39367, c014cdec-9ba0-4cb2-a67e-4bd5e312e45d:192.168.69.91:39885] returns group-3539889D6673:java.util.concurrent.CompletableFuture@35563394[Not completed]
2019-07-30 08:57:30,946 INFO  impl.RaftServerProxy (RaftServerProxy.java:addNew(89)) - c76232fa-95ac-4204-904c-cdb5ace277d5: addNew group-3539889D6673:[675230fa-958a-4583-ba4a-b811c63b9892:192.168.69.91:39952, c76232fa-95ac-4204-904c-cdb5ace277d5:192.168.69.91:39367, c014cdec-9ba0-4cb2-a67e-4bd5e312e45d:192.168.69.91:39885] returns group-3539889D6673:java.util.concurrent.CompletableFuture@197de64a[Not completed]
2019-07-30 08:57:30,946 INFO  impl.RaftServerProxy (RaftServerProxy.java:addNew(89)) - 675230fa-958a-4583-ba4a-b811c63b9892: addNew group-3539889D6673:[675230fa-958a-4583-ba4a-b811c63b9892:192.168.69.91:39952, c76232fa-95ac-4204-904c-cdb5ace277d5:192.168.69.91:39367, c014cdec-9ba0-4cb2-a67e-4bd5e312e45d:192.168.69.91:39885] returns group-3539889D6673:java.util.concurrent.CompletableFuture@752496ee[Not completed]
2019-07-30 08:57:30,947 INFO  impl.RaftServerImpl (RaftServerImpl.java:<init>(93)) - c014cdec-9ba0-4cb2-a67e-4bd5e312e45d: new RaftServerImpl for group-3539889D6673:[675230fa-958a-4583-ba4a-b811c63b9892:192.168.69.91:39952, c76232fa-95ac-4204-904c-cdb5ace277d5:192.168.69.91:39367, c014cdec-9ba0-4cb2-a67e-4bd5e312e45d:192.168.69.91:39885] with ContainerStateMachine:uninitialized
2019-07-30 08:57:30,948 INFO  server.RaftServerConfigKeys (ConfUtils.java:logGet(43)) - raft.server.rpc.timeout.min = 5s (custom)
2019-07-30 08:57:30,948 INFO  server.RaftServerConfigKeys (ConfUtils.java:logGet(43)) - raft.server.rpc.timeout.max = 5200ms (custom)
2019-07-30 08:57:30,948 INFO  server.RaftServerConfigKeys (ConfUtils.java:logGet(43)) - raft.server.rpcslowness.timeout = 120s (custom)
2019-07-30 08:57:30,948 INFO  server.RaftServerConfigKeys (ConfUtils.java:logGet(43)) - raft.server.sleep.deviation.threshold = 300 (default)
2019-07-30 08:57:30,948 INFO  impl.RaftServerImpl (RaftServerImpl.java:<init>(93)) - 675230fa-958a-4583-ba4a-b811c63b9892: new RaftServerImpl for group-3539889D6673:[675230fa-958a-4583-ba4a-b811c63b9892:192.168.69.91:39952, c76232fa-95ac-4204-904c-cdb5ace277d5:192.168.69.91:39367, c014cdec-9ba0-4cb2-a67e-4bd5e312e45d:192.168.69.91:39885] with ContainerStateMachine:uninitialized
2019-07-30 08:57:30,948 INFO  server.RaftServerConfigKeys (ConfUtils.java:logGet(43)) - raft.server.log.appender.install.snapshot.enabled = false (custom)
2019-07-30 08:57:30,949 INFO  impl.RaftServerImpl (RaftServerImpl.java:<init>(93)) - c76232fa-95ac-4204-904c-cdb5ace277d5: new RaftServerImpl for group-3539889D6673:[675230fa-958a-4583-ba4a-b811c63b9892:192.168.69.91:39952, c76232fa-95ac-4204-904c-cdb5ace277d5:192.168.69.91:39367, c014cdec-9ba0-4cb2-a67e-4bd5e312e45d:192.168.69.91:39885] with ContainerStateMachine:uninitialized
2019-07-30 08:57:30,948 INFO  server.RaftServerConfigKeys (ConfUtils.java:logGet(43)) - raft.server.rpc.timeout.min = 5s (custom)
2019-07-30 08:57:30,949 INFO  server.RaftServerConfigKeys (ConfUtils.java:logGet(43)) - raft.server.rpc.timeout.min = 5s (custom)
2019-07-30 08:57:30,949 INFO  impl.RaftServerImpl (ServerState.java:<init>(105)) - c014cdec-9ba0-4cb2-a67e-4bd5e312e45d:group-3539889D6673 ConfigurationManager, init=-1: [675230fa-958a-4583-ba4a-b811c63b9892:192.168.69.91:39952, c76232fa-95ac-4204-904c-cdb5ace277d5:192.168.69.91:39367, c014cdec-9ba0-4cb2-a67e-4bd5e312e45d:192.168.69.91:39885], old=null, confs=<EMPTY_MAP>
2019-07-30 08:57:30,949 INFO  server.RaftServerConfigKeys (ConfUtils.java:logGet(43)) - raft.server.rpc.timeout.max = 5200ms (custom)
2019-07-30 08:57:30,949 INFO  server.RaftServerConfigKeys (ConfUtils.java:logGet(43)) - raft.server.rpc.timeout.max = 5200ms (custom)
2019-07-30 08:57:30,949 INFO  server.RaftServerConfigKeys (ConfUtils.java:logGet(43)) - raft.server.rpcslowness.timeout = 120s (custom)
2019-07-30 08:57:30,950 INFO  server.RaftServerConfigKeys (ConfUtils.java:logGet(43)) - raft.server.sleep.deviation.threshold = 300 (default)
2019-07-30 08:57:30,949 INFO  server.RaftServerConfigKeys (ConfUtils.java:logGet(43)) - raft.server.storage.dir = [/workdir/hadoop-ozone/integration-test/target/test-dir/MiniOzoneClusterImpl-ec18d819-8831-4f43-8598-3e158f28a63b/datanode-0/data/ratis] (custom)
2019-07-30 08:57:30,950 INFO  server.RaftServerConfigKeys (ConfUtils.java:logGet(43)) - raft.server.log.appender.install.snapshot.enabled = false (custom)
2019-07-30 08:57:30,949 INFO  server.RaftServerConfigKeys (ConfUtils.java:logGet(43)) - raft.server.rpcslowness.timeout = 120s (custom)
2019-07-30 08:57:30,950 INFO  impl.RaftServerImpl (ServerState.java:<init>(105)) - c76232fa-95ac-4204-904c-cdb5ace277d5:group-3539889D6673 ConfigurationManager, init=-1: [675230fa-958a-4583-ba4a-b811c63b9892:192.168.69.91:39952, c76232fa-95ac-4204-904c-cdb5ace277d5:192.168.69.91:39367, c014cdec-9ba0-4cb2-a67e-4bd5e312e45d:192.168.69.91:39885], old=null, confs=<EMPTY_MAP>
2019-07-30 08:57:30,950 INFO  storage.RaftStorageDirectory (RaftStorageDirectory.java:analyzeStorage(246)) - The storage directory /workdir/hadoop-ozone/integration-test/target/test-dir/MiniOzoneClusterImpl-ec18d819-8831-4f43-8598-3e158f28a63b/datanode-0/data/ratis/c2afb7f4-6ad8-46d0-bdf8-3539889d6673 does not exist. Creating ...
2019-07-30 08:57:30,950 INFO  server.RaftServerConfigKeys (ConfUtils.java:logGet(43)) - raft.server.sleep.deviation.threshold = 300 (default)
2019-07-30 08:57:30,950 INFO  server.RaftServerConfigKeys (ConfUtils.java:logGet(43)) - raft.server.storage.dir = [/workdir/hadoop-ozone/integration-test/target/test-dir/MiniOzoneClusterImpl-ec18d819-8831-4f43-8598-3e158f28a63b/datanode-2/data/ratis] (custom)
2019-07-30 08:57:30,951 INFO  server.RaftServerConfigKeys (ConfUtils.java:logGet(43)) - raft.server.log.appender.install.snapshot.enabled = false (custom)
2019-07-30 08:57:30,951 INFO  impl.RaftServerImpl (ServerState.java:<init>(105)) - 675230fa-958a-4583-ba4a-b811c63b9892:group-3539889D6673 ConfigurationManager, init=-1: [675230fa-958a-4583-ba4a-b811c63b9892:192.168.69.91:39952, c76232fa-95ac-4204-904c-cdb5ace277d5:192.168.69.91:39367, c014cdec-9ba0-4cb2-a67e-4bd5e312e45d:192.168.69.91:39885], old=null, confs=<EMPTY_MAP>
2019-07-30 08:57:30,951 INFO  storage.RaftStorageDirectory (RaftStorageDirectory.java:analyzeStorage(246)) - The storage directory /workdir/hadoop-ozone/integration-test/target/test-dir/MiniOzoneClusterImpl-ec18d819-8831-4f43-8598-3e158f28a63b/datanode-2/data/ratis/c2afb7f4-6ad8-46d0-bdf8-3539889d6673 does not exist. Creating ...
2019-07-30 08:57:30,951 INFO  server.RaftServerConfigKeys (ConfUtils.java:logGet(43)) - raft.server.storage.dir = [/workdir/hadoop-ozone/integration-test/target/test-dir/MiniOzoneClusterImpl-ec18d819-8831-4f43-8598-3e158f28a63b/datanode-1/data/ratis] (custom)
2019-07-30 08:57:30,952 INFO  storage.RaftStorageDirectory (RaftStorageDirectory.java:analyzeStorage(246)) - The storage directory /workdir/hadoop-ozone/integration-test/target/test-dir/MiniOzoneClusterImpl-ec18d819-8831-4f43-8598-3e158f28a63b/datanode-1/data/ratis/c2afb7f4-6ad8-46d0-bdf8-3539889d6673 does not exist. Creating ...
2019-07-30 08:57:30,964 INFO  storage.RaftStorageDirectory (RaftStorageDirectory.java:tryLock(328)) - Lock on /workdir/hadoop-ozone/integration-test/target/test-dir/MiniOzoneClusterImpl-ec18d819-8831-4f43-8598-3e158f28a63b/datanode-2/data/ratis/c2afb7f4-6ad8-46d0-bdf8-3539889d6673/in_use.lock acquired by nodename 25965@byscane-nightly-jdzkf-783033596
2019-07-30 08:57:30,964 INFO  storage.RaftStorageDirectory (RaftStorageDirectory.java:tryLock(328)) - Lock on /workdir/hadoop-ozone/integration-test/target/test-dir/MiniOzoneClusterImpl-ec18d819-8831-4f43-8598-3e158f28a63b/datanode-0/data/ratis/c2afb7f4-6ad8-46d0-bdf8-3539889d6673/in_use.lock acquired by nodename 25965@byscane-nightly-jdzkf-783033596
2019-07-30 08:57:30,964 INFO  storage.RaftStorageDirectory (RaftStorageDirectory.java:tryLock(328)) - Lock on /workdir/hadoop-ozone/integration-test/target/test-dir/MiniOzoneClusterImpl-ec18d819-8831-4f43-8598-3e158f28a63b/datanode-1/data/ratis/c2afb7f4-6ad8-46d0-bdf8-3539889d6673/in_use.lock acquired by nodename 25965@byscane-nightly-jdzkf-783033596
2019-07-30 08:57:30,978 INFO  storage.RaftStorage (RaftStorage.java:format(72)) - Storage directory /workdir/hadoop-ozone/integration-test/target/test-dir/MiniOzoneClusterImpl-ec18d819-8831-4f43-8598-3e158f28a63b/datanode-1/data/ratis/c2afb7f4-6ad8-46d0-bdf8-3539889d6673 has been successfully formatted.
2019-07-30 08:57:30,978 INFO  storage.RaftStorage (RaftStorage.java:format(72)) - Storage directory /workdir/hadoop-ozone/integration-test/target/test-dir/MiniOzoneClusterImpl-ec18d819-8831-4f43-8598-3e158f28a63b/datanode-2/data/ratis/c2afb7f4-6ad8-46d0-bdf8-3539889d6673 has been successfully formatted.
2019-07-30 08:57:30,979 INFO  ratis.ContainerStateMachine (ContainerStateMachine.java:loadSnapshot(213)) - group-3539889D6673: The snapshot info is null. Setting the last applied indexto:(t:0, i:~)
2019-07-30 08:57:30,978 INFO  storage.RaftStorage (RaftStorage.java:format(72)) - Storage directory /workdir/hadoop-ozone/integration-test/target/test-dir/MiniOzoneClusterImpl-ec18d819-8831-4f43-8598-3e158f28a63b/datanode-0/data/ratis/c2afb7f4-6ad8-46d0-bdf8-3539889d6673 has been successfully formatted.
2019-07-30 08:57:30,979 INFO  server.RaftServerConfigKeys (ConfUtils.java:logGet(43)) - raft.server.leader.election.timeout = 120s (custom)
2019-07-30 08:57:30,979 INFO  ratis.ContainerStateMachine (ContainerStateMachine.java:loadSnapshot(213)) - group-3539889D6673: The snapshot info is null. Setting the last applied indexto:(t:0, i:~)
2019-07-30 08:57:30,979 INFO  server.RaftServerConfigKeys (ConfUtils.java:logGet(43)) - raft.server.log.use.memory = false (default)
2019-07-30 08:57:30,979 INFO  ratis.ContainerStateMachine (ContainerStateMachine.java:loadSnapshot(213)) - group-3539889D6673: The snapshot info is null. Setting the last applied indexto:(t:0, i:~)
2019-07-30 08:57:30,979 INFO  server.RaftServerConfigKeys (ConfUtils.java:logGet(43)) - raft.server.log.purge.gap = 1000000000 (custom)
2019-07-30 08:57:30,979 INFO  server.RaftServerConfigKeys (ConfUtils.java:logGet(43)) - raft.server.leader.election.timeout = 120s (custom)
2019-07-30 08:57:30,980 INFO  server.RaftServerConfigKeys (ConfUtils.java:logGet(43)) - raft.server.log.appender.buffer.byte-limit = 33554432 (custom)
2019-07-30 08:57:30,980 INFO  server.RaftServerConfigKeys (ConfUtils.java:logGet(43)) - raft.server.leader.election.timeout = 120s (custom)
2019-07-30 08:57:30,980 INFO  server.RaftServerConfigKeys (ConfUtils.java:logGet(43)) - raft.server.log.segment.size.max = 1048576 (custom)
2019-07-30 08:57:30,980 INFO  server.RaftServerConfigKeys (ConfUtils.java:logGet(43)) - raft.server.log.use.memory = false (default)
2019-07-30 08:57:30,980 INFO  server.RaftServerConfigKeys (ConfUtils.java:logGet(43)) - raft.server.log.segment.cache.num.max = 2 (custom)
2019-07-30 08:57:30,980 INFO  server.RaftServerConfigKeys (ConfUtils.java:logGet(43)) - raft.server.log.use.memory = false (default)
2019-07-30 08:57:30,981 INFO  segmented.SegmentedRaftLogWorker (SegmentedRaftLogWorker.java:<init>(172)) - new 675230fa-958a-4583-ba4a-b811c63b9892-SegmentedRaftLogWorker:Storage Directory /workdir/hadoop-ozone/integration-test/target/test-dir/MiniOzoneClusterImpl-ec18d819-8831-4f43-8598-3e158f28a63b/datanode-1/data/ratis/c2afb7f4-6ad8-46d0-bdf8-3539889d6673 for RaftStorage:Storage Directory /workdir/hadoop-ozone/integration-test/target/test-dir/MiniOzoneClusterImpl-ec18d819-8831-4f43-8598-3e158f28a63b/datanode-1/data/ratis/c2afb7f4-6ad8-46d0-bdf8-3539889d6673
2019-07-30 08:57:30,981 INFO  server.RaftServerConfigKeys (ConfUtils.java:logGet(43)) - raft.server.log.purge.gap = 1000000000 (custom)
2019-07-30 08:57:30,981 INFO  server.RaftServerConfigKeys (ConfUtils.java:logGet(43)) - raft.server.log.queue.byte-limit = 2147483647 (custom)
2019-07-30 08:57:30,981 INFO  server.RaftServerConfigKeys (ConfUtils.java:logGet(43)) - raft.server.log.purge.gap = 1000000000 (custom)
2019-07-30 08:57:30,981 INFO  server.RaftServerConfigKeys (ConfUtils.java:logGet(43)) - raft.server.log.queue.element-limit = 1024 (custom)
2019-07-30 08:57:30,981 INFO  server.RaftServerConfigKeys (ConfUtils.java:logGet(43)) - raft.server.log.appender.buffer.byte-limit = 33554432 (custom)
2019-07-30 08:57:30,982 INFO  server.RaftServerConfigKeys (ConfUtils.java:logGet(43)) - raft.server.log.segment.size.max = 1048576 (custom)
2019-07-30 08:57:30,981 INFO  server.RaftServerConfigKeys (ConfUtils.java:logGet(43)) - raft.server.log.appender.buffer.byte-limit = 33554432 (custom)
2019-07-30 08:57:30,982 INFO  server.RaftServerConfigKeys (ConfUtils.java:logGet(43)) - raft.server.log.preallocated.size = 16384 (custom)
2019-07-30 08:57:30,982 INFO  server.RaftServerConfigKeys (ConfUtils.java:logGet(43)) - raft.server.log.segment.size.max = 1048576 (custom)
2019-07-30 08:57:30,982 INFO  server.RaftServerConfigKeys (ConfUtils.java:logGet(43)) - raft.server.log.write.buffer.size = 33554432 (custom)
2019-07-30 08:57:30,983 INFO  server.RaftServerConfigKeys (ConfUtils.java:logGet(43)) - raft.server.log.force.sync.num = 128 (default)
2019-07-30 08:57:30,982 INFO  server.RaftServerConfigKeys (ConfUtils.java:logGet(43)) - raft.server.log.segment.size.max = 1048576 (custom)
2019-07-30 08:57:30,983 INFO  server.RaftServerConfigKeys (ConfUtils.java:logGet(43)) - raft.server.log.statemachine.data.sync = true (default)
2019-07-30 08:57:30,982 INFO  server.RaftServerConfigKeys (ConfUtils.java:logGet(43)) - raft.server.log.segment.cache.num.max = 2 (custom)
2019-07-30 08:57:30,983 INFO  server.RaftServerConfigKeys (ConfUtils.java:logGet(43)) - raft.server.log.statemachine.data.sync.timeout = 10s (default)
2019-07-30 08:57:30,983 INFO  server.RaftServerConfigKeys (ConfUtils.java:logGet(43)) - raft.server.log.segment.cache.num.max = 2 (custom)
2019-07-30 08:57:30,983 INFO  server.RaftServerConfigKeys (ConfUtils.java:logGet(43)) - raft.server.log.statemachine.data.sync.timeout.retry = -1 (default)
2019-07-30 08:57:30,983 INFO  segmented.SegmentedRaftLogWorker (SegmentedRaftLogWorker.java:<init>(172)) - new c76232fa-95ac-4204-904c-cdb5ace277d5-SegmentedRaftLogWorker:Storage Directory /workdir/hadoop-ozone/integration-test/target/test-dir/MiniOzoneClusterImpl-ec18d819-8831-4f43-8598-3e158f28a63b/datanode-2/data/ratis/c2afb7f4-6ad8-46d0-bdf8-3539889d6673 for RaftStorage:Storage Directory /workdir/hadoop-ozone/integration-test/target/test-dir/MiniOzoneClusterImpl-ec18d819-8831-4f43-8598-3e158f28a63b/datanode-2/data/ratis/c2afb7f4-6ad8-46d0-bdf8-3539889d6673
2019-07-30 08:57:30,984 INFO  server.RaftServerConfigKeys (ConfUtils.java:logGet(43)) - raft.server.log.statemachine.data.caching.enabled = true (custom)
2019-07-30 08:57:30,984 INFO  segmented.SegmentedRaftLogWorker (SegmentedRaftLogWorker.java:<init>(172)) - new c014cdec-9ba0-4cb2-a67e-4bd5e312e45d-SegmentedRaftLogWorker:Storage Directory /workdir/hadoop-ozone/integration-test/target/test-dir/MiniOzoneClusterImpl-ec18d819-8831-4f43-8598-3e158f28a63b/datanode-0/data/ratis/c2afb7f4-6ad8-46d0-bdf8-3539889d6673 for RaftStorage:Storage Directory /workdir/hadoop-ozone/integration-test/target/test-dir/MiniOzoneClusterImpl-ec18d819-8831-4f43-8598-3e158f28a63b/datanode-0/data/ratis/c2afb7f4-6ad8-46d0-bdf8-3539889d6673
2019-07-30 08:57:30,984 INFO  server.RaftServerConfigKeys (ConfUtils.java:logGet(43)) - raft.server.log.queue.byte-limit = 2147483647 (custom)
2019-07-30 08:57:30,984 INFO  server.RaftServerConfigKeys (ConfUtils.java:logGet(43)) - raft.server.log.queue.byte-limit = 2147483647 (custom)
2019-07-30 08:57:30,984 INFO  segmented.SegmentedRaftLogWorker (SegmentedRaftLogWorker.java:lambda$new$0(132)) - 675230fa-958a-4583-ba4a-b811c63b9892-SegmentedRaftLogWorker:Storage Directory /workdir/hadoop-ozone/integration-test/target/test-dir/MiniOzoneClusterImpl-ec18d819-8831-4f43-8598-3e158f28a63b/datanode-1/data/ratis/c2afb7f4-6ad8-46d0-bdf8-3539889d6673: flushIndex: setUnconditionally 0 -> -1
2019-07-30 08:57:30,985 INFO  server.RaftServerConfigKeys (ConfUtils.java:logGet(43)) - raft.server.log.queue.element-limit = 1024 (custom)
2019-07-30 08:57:30,984 INFO  server.RaftServerConfigKeys (ConfUtils.java:logGet(43)) - raft.server.log.queue.element-limit = 1024 (custom)
2019-07-30 08:57:30,985 INFO  server.RaftServerConfigKeys (ConfUtils.java:logGet(43)) - raft.server.snapshot.auto.trigger.enabled = true (custom)
2019-07-30 08:57:30,985 INFO  server.RaftServerConfigKeys (ConfUtils.java:logGet(43)) - raft.server.log.segment.size.max = 1048576 (custom)
2019-07-30 08:57:30,985 INFO  server.RaftServerConfigKeys (ConfUtils.java:logGet(43)) - raft.server.snapshot.auto.trigger.threshold = 10000 (custom)
2019-07-30 08:57:30,985 INFO  server.RaftServerConfigKeys (ConfUtils.java:logGet(43)) - raft.server.log.segment.size.max = 1048576 (custom)
2019-07-30 08:57:30,986 INFO  server.RaftServerConfigKeys (ConfUtils.java:logGet(43)) - raft.server.retrycache.expirytime = 600000ms (custom)
2019-07-30 08:57:30,985 INFO  server.RaftServerConfigKeys (ConfUtils.java:logGet(43)) - raft.server.log.preallocated.size = 16384 (custom)
2019-07-30 08:57:30,986 INFO  impl.RaftServerImpl (RaftServerImpl.java:start(180)) - 675230fa-958a-4583-ba4a-b811c63b9892: start group-3539889D6673
2019-07-30 08:57:30,986 INFO  server.RaftServerConfigKeys (ConfUtils.java:logGet(43)) - raft.server.log.preallocated.size = 16384 (custom)
2019-07-30 08:57:30,986 INFO  impl.RaftServerImpl (RaftServerImpl.java:setRole(171)) - 675230fa-958a-4583-ba4a-b811c63b9892:group-3539889D6673 changes role from null to FOLLOWER at term 0 for startAsFollower
2019-07-30 08:57:30,986 INFO  server.RaftServerConfigKeys (ConfUtils.java:logGet(43)) - raft.server.log.write.buffer.size = 33554432 (custom)
2019-07-30 08:57:30,986 INFO  impl.RoleInfo (RoleInfo.java:updateAndGet(143)) - 675230fa-958a-4583-ba4a-b811c63b9892: start FollowerState
2019-07-30 08:57:30,986 INFO  server.RaftServerConfigKeys (ConfUtils.java:logGet(43)) - raft.server.log.write.buffer.size = 33554432 (custom)
2019-07-30 08:57:30,987 INFO  server.RaftServerConfigKeys (ConfUtils.java:logGet(43)) - raft.server.log.force.sync.num = 128 (default)
2019-07-30 08:57:30,997 INFO  util.JmxRegister (JmxRegister.java:tryRegister(44)) - Successfully registered JMX Bean with object name Ratis:service=RaftServer,group=group-3539889D6673,id=675230fa-958a-4583-ba4a-b811c63b9892
2019-07-30 08:57:30,987 INFO  server.RaftServerConfigKeys (ConfUtils.java:logGet(43)) - raft.server.log.force.sync.num = 128 (default)
2019-07-30 08:57:30,998 INFO  server.RaftServerConfigKeys (ConfUtils.java:logGet(43)) - raft.server.log.statemachine.data.sync = true (default)
2019-07-30 08:57:31,006 INFO  server.RaftServerConfigKeys (ConfUtils.java:logGet(43)) - raft.server.log.statemachine.data.sync.timeout = 10s (default)
2019-07-30 08:57:30,997 INFO  server.RaftServerConfigKeys (ConfUtils.java:logGet(43)) - raft.server.log.statemachine.data.sync = true (default)
2019-07-30 08:57:31,006 INFO  server.RaftServerConfigKeys (ConfUtils.java:logGet(43)) - raft.server.log.statemachine.data.sync.timeout.retry = -1 (default)
2019-07-30 08:57:31,006 INFO  server.RaftServerConfigKeys (ConfUtils.java:logGet(43)) - raft.server.log.statemachine.data.sync.timeout = 10s (default)
2019-07-30 08:57:31,006 INFO  server.RaftServerConfigKeys (ConfUtils.java:logGet(43)) - raft.server.log.statemachine.data.caching.enabled = true (custom)
2019-07-30 08:57:31,007 INFO  server.RaftServerConfigKeys (ConfUtils.java:logGet(43)) - raft.server.log.statemachine.data.sync.timeout.retry = -1 (default)
2019-07-30 08:57:31,009 INFO  segmented.SegmentedRaftLogWorker (SegmentedRaftLogWorker.java:lambda$new$0(132)) - c76232fa-95ac-4204-904c-cdb5ace277d5-SegmentedRaftLogWorker:Storage Directory /workdir/hadoop-ozone/integration-test/target/test-dir/MiniOzoneClusterImpl-ec18d819-8831-4f43-8598-3e158f28a63b/datanode-2/data/ratis/c2afb7f4-6ad8-46d0-bdf8-3539889d6673: flushIndex: setUnconditionally 0 -> -1
2019-07-30 08:57:31,009 INFO  server.RaftServerConfigKeys (ConfUtils.java:logGet(43)) - raft.server.log.statemachine.data.caching.enabled = true (custom)
2019-07-30 08:57:31,010 INFO  server.RaftServerConfigKeys (ConfUtils.java:logGet(43)) - raft.server.snapshot.auto.trigger.enabled = true (custom)
2019-07-30 08:57:31,010 INFO  server.RaftServerConfigKeys (ConfUtils.java:logGet(43)) - raft.server.snapshot.auto.trigger.threshold = 10000 (custom)
2019-07-30 08:57:31,010 INFO  segmented.SegmentedRaftLogWorker (SegmentedRaftLogWorker.java:lambda$new$0(132)) - c014cdec-9ba0-4cb2-a67e-4bd5e312e45d-SegmentedRaftLogWorker:Storage Directory /workdir/hadoop-ozone/integration-test/target/test-dir/MiniOzoneClusterImpl-ec18d819-8831-4f43-8598-3e158f28a63b/datanode-0/data/ratis/c2afb7f4-6ad8-46d0-bdf8-3539889d6673: flushIndex: setUnconditionally 0 -> -1
2019-07-30 08:57:31,010 INFO  server.RaftServerConfigKeys (ConfUtils.java:logGet(43)) - raft.server.retrycache.expirytime = 600000ms (custom)
2019-07-30 08:57:31,010 INFO  impl.RaftServerImpl (RaftServerImpl.java:start(180)) - c76232fa-95ac-4204-904c-cdb5ace277d5: start group-3539889D6673
2019-07-30 08:57:31,010 INFO  server.RaftServerConfigKeys (ConfUtils.java:logGet(43)) - raft.server.snapshot.auto.trigger.enabled = true (custom)
2019-07-30 08:57:31,010 INFO  impl.RaftServerImpl (RaftServerImpl.java:setRole(171)) - c76232fa-95ac-4204-904c-cdb5ace277d5:group-3539889D6673 changes role from null to FOLLOWER at term 0 for startAsFollower
2019-07-30 08:57:31,011 INFO  server.RaftServerConfigKeys (ConfUtils.java:logGet(43)) - raft.server.snapshot.auto.trigger.threshold = 10000 (custom)
2019-07-30 08:57:31,011 INFO  impl.RoleInfo (RoleInfo.java:updateAndGet(143)) - c76232fa-95ac-4204-904c-cdb5ace277d5: start FollowerState
2019-07-30 08:57:31,011 INFO  server.RaftServerConfigKeys (ConfUtils.java:logGet(43)) - raft.server.retrycache.expirytime = 600000ms (custom)
2019-07-30 08:57:31,011 INFO  impl.RaftServerImpl (RaftServerImpl.java:start(180)) - c014cdec-9ba0-4cb2-a67e-4bd5e312e45d: start group-3539889D6673
2019-07-30 08:57:31,011 INFO  util.JmxRegister (JmxRegister.java:tryRegister(44)) - Successfully registered JMX Bean with object name Ratis:service=RaftServer,group=group-3539889D6673,id=c76232fa-95ac-4204-904c-cdb5ace277d5
2019-07-30 08:57:31,011 INFO  impl.RaftServerImpl (RaftServerImpl.java:setRole(171)) - c014cdec-9ba0-4cb2-a67e-4bd5e312e45d:group-3539889D6673 changes role from null to FOLLOWER at term 0 for startAsFollower
2019-07-30 08:57:31,012 INFO  impl.RoleInfo (RoleInfo.java:updateAndGet(143)) - c014cdec-9ba0-4cb2-a67e-4bd5e312e45d: start FollowerState
2019-07-30 08:57:31,012 INFO  util.JmxRegister (JmxRegister.java:tryRegister(44)) - Successfully registered JMX Bean with object name Ratis:service=RaftServer,group=group-3539889D6673,id=c014cdec-9ba0-4cb2-a67e-4bd5e312e45d
2019-07-30 08:57:31,019 INFO  pipeline.PipelineStateManager (PipelineStateManager.java:addPipeline(56)) - Created pipeline Pipeline[ Id: c2afb7f4-6ad8-46d0-bdf8-3539889d6673, Nodes: 675230fa-958a-4583-ba4a-b811c63b9892{ip: 192.168.69.91, host: byscane-nightly-jdzkf-783033596, networkLocation: /default-rack, certSerialId: null}c014cdec-9ba0-4cb2-a67e-4bd5e312e45d{ip: 192.168.69.91, host: byscane-nightly-jdzkf-783033596, networkLocation: /default-rack, certSerialId: null}c76232fa-95ac-4204-904c-cdb5ace277d5{ip: 192.168.69.91, host: byscane-nightly-jdzkf-783033596, networkLocation: /default-rack, certSerialId: null}, Type:RATIS, Factor:THREE, State:OPEN]
2019-07-30 08:57:31,031 INFO  net.NetworkTopology (NetworkTopologyImpl.java:add(110)) - Added a new node: /default-rack/83c63723-1a17-474a-8de0-17d606968224
2019-07-30 08:57:31,031 INFO  node.SCMNodeManager (SCMNodeManager.java:register(273)) - Registered Data node : 83c63723-1a17-474a-8de0-17d606968224{ip: 192.168.69.91, host: byscane-nightly-jdzkf-783033596, networkLocation: /default-rack, certSerialId: null}
2019-07-30 08:57:31,037 INFO  impl.RaftServerProxy (RaftServerProxy.java:addNew(89)) - 83c63723-1a17-474a-8de0-17d606968224: addNew group-9F8176FE92DB:[83c63723-1a17-474a-8de0-17d606968224:192.168.69.91:45422] returns group-9F8176FE92DB:java.util.concurrent.CompletableFuture@265884a9[Not completed]
2019-07-30 08:57:31,038 INFO  impl.RaftServerImpl (RaftServerImpl.java:<init>(93)) - 83c63723-1a17-474a-8de0-17d606968224: new RaftServerImpl for group-9F8176FE92DB:[83c63723-1a17-474a-8de0-17d606968224:192.168.69.91:45422] with ContainerStateMachine:uninitialized
2019-07-30 08:57:31,038 INFO  server.RaftServerConfigKeys (ConfUtils.java:logGet(43)) - raft.server.rpc.timeout.min = 5s (custom)
2019-07-30 08:57:31,038 INFO  server.RaftServerConfigKeys (ConfUtils.java:logGet(43)) - raft.server.rpc.timeout.max = 5200ms (custom)
2019-07-30 08:57:31,039 INFO  server.RaftServerConfigKeys (ConfUtils.java:logGet(43)) - raft.server.rpcslowness.timeout = 120s (custom)
2019-07-30 08:57:31,039 INFO  server.RaftServerConfigKeys (ConfUtils.java:logGet(43)) - raft.server.sleep.deviation.threshold = 300 (default)
2019-07-30 08:57:31,039 INFO  server.RaftServerConfigKeys (ConfUtils.java:logGet(43)) - raft.server.log.appender.install.snapshot.enabled = false (custom)
2019-07-30 08:57:31,039 INFO  impl.RaftServerImpl (ServerState.java:<init>(105)) - 83c63723-1a17-474a-8de0-17d606968224:group-9F8176FE92DB ConfigurationManager, init=-1: [83c63723-1a17-474a-8de0-17d606968224:192.168.69.91:45422], old=null, confs=<EMPTY_MAP>
2019-07-30 08:57:31,039 INFO  server.RaftServerConfigKeys (ConfUtils.java:logGet(43)) - raft.server.storage.dir = [/workdir/hadoop-ozone/integration-test/target/test-dir/MiniOzoneClusterImpl-ec18d819-8831-4f43-8598-3e158f28a63b/datanode-3/data/ratis] (custom)
2019-07-30 08:57:31,040 INFO  storage.RaftStorageDirectory (RaftStorageDirectory.java:analyzeStorage(246)) - The storage directory /workdir/hadoop-ozone/integration-test/target/test-dir/MiniOzoneClusterImpl-ec18d819-8831-4f43-8598-3e158f28a63b/datanode-3/data/ratis/82ecedd5-760b-4ef4-af3e-9f8176fe92db does not exist. Creating ...
2019-07-30 08:57:31,053 INFO  storage.RaftStorageDirectory (RaftStorageDirectory.java:tryLock(328)) - Lock on /workdir/hadoop-ozone/integration-test/target/test-dir/MiniOzoneClusterImpl-ec18d819-8831-4f43-8598-3e158f28a63b/datanode-3/data/ratis/82ecedd5-760b-4ef4-af3e-9f8176fe92db/in_use.lock acquired by nodename 25965@byscane-nightly-jdzkf-783033596
2019-07-30 08:57:31,066 INFO  storage.RaftStorage (RaftStorage.java:format(72)) - Storage directory /workdir/hadoop-ozone/integration-test/target/test-dir/MiniOzoneClusterImpl-ec18d819-8831-4f43-8598-3e158f28a63b/datanode-3/data/ratis/82ecedd5-760b-4ef4-af3e-9f8176fe92db has been successfully formatted.
2019-07-30 08:57:31,066 INFO  ratis.ContainerStateMachine (ContainerStateMachine.java:loadSnapshot(213)) - group-9F8176FE92DB: The snapshot info is null. Setting the last applied indexto:(t:0, i:~)
2019-07-30 08:57:31,066 INFO  server.RaftServerConfigKeys (ConfUtils.java:logGet(43)) - raft.server.leader.election.timeout = 120s (custom)
2019-07-30 08:57:31,066 INFO  server.RaftServerConfigKeys (ConfUtils.java:logGet(43)) - raft.server.log.use.memory = false (default)
2019-07-30 08:57:31,066 INFO  server.RaftServerConfigKeys (ConfUtils.java:logGet(43)) - raft.server.log.purge.gap = 1000000000 (custom)
2019-07-30 08:57:31,066 INFO  server.RaftServerConfigKeys (ConfUtils.java:logGet(43)) - raft.server.log.appender.buffer.byte-limit = 33554432 (custom)
2019-07-30 08:57:31,067 INFO  server.RaftServerConfigKeys (ConfUtils.java:logGet(43)) - raft.server.log.segment.size.max = 1048576 (custom)
2019-07-30 08:57:31,067 INFO  server.RaftServerConfigKeys (ConfUtils.java:logGet(43)) - raft.server.log.segment.cache.num.max = 2 (custom)
2019-07-30 08:57:31,067 INFO  segmented.SegmentedRaftLogWorker (SegmentedRaftLogWorker.java:<init>(172)) - new 83c63723-1a17-474a-8de0-17d606968224-SegmentedRaftLogWorker:Storage Directory /workdir/hadoop-ozone/integration-test/target/test-dir/MiniOzoneClusterImpl-ec18d819-8831-4f43-8598-3e158f28a63b/datanode-3/data/ratis/82ecedd5-760b-4ef4-af3e-9f8176fe92db for RaftStorage:Storage Directory /workdir/hadoop-ozone/integration-test/target/test-dir/MiniOzoneClusterImpl-ec18d819-8831-4f43-8598-3e158f28a63b/datanode-3/data/ratis/82ecedd5-760b-4ef4-af3e-9f8176fe92db
2019-07-30 08:57:31,067 INFO  server.RaftServerConfigKeys (ConfUtils.java:logGet(43)) - raft.server.log.queue.byte-limit = 2147483647 (custom)
2019-07-30 08:57:31,067 INFO  server.RaftServerConfigKeys (ConfUtils.java:logGet(43)) - raft.server.log.queue.element-limit = 1024 (custom)
2019-07-30 08:57:31,068 INFO  server.RaftServerConfigKeys (ConfUtils.java:logGet(43)) - raft.server.log.segment.size.max = 1048576 (custom)
2019-07-30 08:57:31,068 INFO  server.RaftServerConfigKeys (ConfUtils.java:logGet(43)) - raft.server.log.preallocated.size = 16384 (custom)
2019-07-30 08:57:31,068 INFO  server.RaftServerConfigKeys (ConfUtils.java:logGet(43)) - raft.server.log.write.buffer.size = 33554432 (custom)
2019-07-30 08:57:31,068 INFO  server.RaftServerConfigKeys (ConfUtils.java:logGet(43)) - raft.server.log.force.sync.num = 128 (default)
2019-07-30 08:57:31,068 INFO  server.RaftServerConfigKeys (ConfUtils.java:logGet(43)) - raft.server.log.statemachine.data.sync = true (default)
2019-07-30 08:57:31,068 INFO  server.RaftServerConfigKeys (ConfUtils.java:logGet(43)) - raft.server.log.statemachine.data.sync.timeout = 10s (default)
2019-07-30 08:57:31,068 INFO  server.RaftServerConfigKeys (ConfUtils.java:logGet(43)) - raft.server.log.statemachine.data.sync.timeout.retry = -1 (default)
2019-07-30 08:57:31,069 INFO  server.RaftServerConfigKeys (ConfUtils.java:logGet(43)) - raft.server.log.statemachine.data.caching.enabled = true (custom)
2019-07-30 08:57:31,069 INFO  segmented.SegmentedRaftLogWorker (SegmentedRaftLogWorker.java:lambda$new$0(132)) - 83c63723-1a17-474a-8de0-17d606968224-SegmentedRaftLogWorker:Storage Directory /workdir/hadoop-ozone/integration-test/target/test-dir/MiniOzoneClusterImpl-ec18d819-8831-4f43-8598-3e158f28a63b/datanode-3/data/ratis/82ecedd5-760b-4ef4-af3e-9f8176fe92db: flushIndex: setUnconditionally 0 -> -1
2019-07-30 08:57:31,069 INFO  server.RaftServerConfigKeys (ConfUtils.java:logGet(43)) - raft.server.snapshot.auto.trigger.enabled = true (custom)
2019-07-30 08:57:31,070 INFO  server.RaftServerConfigKeys (ConfUtils.java:logGet(43)) - raft.server.snapshot.auto.trigger.threshold = 10000 (custom)
2019-07-30 08:57:31,070 INFO  server.RaftServerConfigKeys (ConfUtils.java:logGet(43)) - raft.server.retrycache.expirytime = 600000ms (custom)
2019-07-30 08:57:31,070 INFO  impl.RaftServerImpl (RaftServerImpl.java:start(180)) - 83c63723-1a17-474a-8de0-17d606968224: start group-9F8176FE92DB
2019-07-30 08:57:31,070 INFO  impl.RaftServerImpl (RaftServerImpl.java:setRole(171)) - 83c63723-1a17-474a-8de0-17d606968224:group-9F8176FE92DB changes role from null to FOLLOWER at term 0 for startAsFollower
2019-07-30 08:57:31,070 INFO  impl.RoleInfo (RoleInfo.java:updateAndGet(143)) - 83c63723-1a17-474a-8de0-17d606968224: start FollowerState
2019-07-30 08:57:31,071 INFO  util.JmxRegister (JmxRegister.java:tryRegister(44)) - Successfully registered JMX Bean with object name Ratis:service=RaftServer,group=group-9F8176FE92DB,id=83c63723-1a17-474a-8de0-17d606968224
2019-07-30 08:57:31,075 INFO  pipeline.PipelineStateManager (PipelineStateManager.java:addPipeline(56)) - Created pipeline Pipeline[ Id: 82ecedd5-760b-4ef4-af3e-9f8176fe92db, Nodes: 83c63723-1a17-474a-8de0-17d606968224{ip: 192.168.69.91, host: byscane-nightly-jdzkf-783033596, networkLocation: /default-rack, certSerialId: null}, Type:RATIS, Factor:ONE, State:OPEN]
2019-07-30 08:57:31,192 INFO  net.NetworkTopology (NetworkTopologyImpl.java:add(110)) - Added a new node: /default-rack/0b6e9b23-4ab2-4168-b0e9-3eda68ab3ffc
2019-07-30 08:57:31,193 INFO  node.SCMNodeManager (SCMNodeManager.java:register(273)) - Registered Data node : 0b6e9b23-4ab2-4168-b0e9-3eda68ab3ffc{ip: 192.168.69.91, host: byscane-nightly-jdzkf-783033596, networkLocation: /default-rack, certSerialId: null}
2019-07-30 08:57:31,199 INFO  impl.RaftServerProxy (RaftServerProxy.java:addNew(89)) - 0b6e9b23-4ab2-4168-b0e9-3eda68ab3ffc: addNew group-79BCB8AC4AD2:[0b6e9b23-4ab2-4168-b0e9-3eda68ab3ffc:192.168.69.91:35266] returns group-79BCB8AC4AD2:java.util.concurrent.CompletableFuture@10646e7e[Not completed]
2019-07-30 08:57:31,200 INFO  impl.RaftServerImpl (RaftServerImpl.java:<init>(93)) - 0b6e9b23-4ab2-4168-b0e9-3eda68ab3ffc: new RaftServerImpl for group-79BCB8AC4AD2:[0b6e9b23-4ab2-4168-b0e9-3eda68ab3ffc:192.168.69.91:35266] with ContainerStateMachine:uninitialized
2019-07-30 08:57:31,200 INFO  server.RaftServerConfigKeys (ConfUtils.java:logGet(43)) - raft.server.rpc.timeout.min = 5s (custom)
2019-07-30 08:57:31,200 INFO  server.RaftServerConfigKeys (ConfUtils.java:logGet(43)) - raft.server.rpc.timeout.max = 5200ms (custom)
2019-07-30 08:57:31,200 INFO  server.RaftServerConfigKeys (ConfUtils.java:logGet(43)) - raft.server.rpcslowness.timeout = 120s (custom)
2019-07-30 08:57:31,200 INFO  server.RaftServerConfigKeys (ConfUtils.java:logGet(43)) - raft.server.sleep.deviation.threshold = 300 (default)
2019-07-30 08:57:31,200 INFO  server.RaftServerConfigKeys (ConfUtils.java:logGet(43)) - raft.server.log.appender.install.snapshot.enabled = false (custom)
2019-07-30 08:57:31,201 INFO  impl.RaftServerImpl (ServerState.java:<init>(105)) - 0b6e9b23-4ab2-4168-b0e9-3eda68ab3ffc:group-79BCB8AC4AD2 ConfigurationManager, init=-1: [0b6e9b23-4ab2-4168-b0e9-3eda68ab3ffc:192.168.69.91:35266], old=null, confs=<EMPTY_MAP>
2019-07-30 08:57:31,201 INFO  server.RaftServerConfigKeys (ConfUtils.java:logGet(43)) - raft.server.storage.dir = [/workdir/hadoop-ozone/integration-test/target/test-dir/MiniOzoneClusterImpl-ec18d819-8831-4f43-8598-3e158f28a63b/datanode-4/data/ratis] (custom)
2019-07-30 08:57:31,201 INFO  storage.RaftStorageDirectory (RaftStorageDirectory.java:analyzeStorage(246)) - The storage directory /workdir/hadoop-ozone/integration-test/target/test-dir/MiniOzoneClusterImpl-ec18d819-8831-4f43-8598-3e158f28a63b/datanode-4/data/ratis/bd407457-ccd4-4d86-a6ae-79bcb8ac4ad2 does not exist. Creating ...
2019-07-30 08:57:31,226 INFO  storage.RaftStorageDirectory (RaftStorageDirectory.java:tryLock(328)) - Lock on /workdir/hadoop-ozone/integration-test/target/test-dir/MiniOzoneClusterImpl-ec18d819-8831-4f43-8598-3e158f28a63b/datanode-4/data/ratis/bd407457-ccd4-4d86-a6ae-79bcb8ac4ad2/in_use.lock acquired by nodename 25965@byscane-nightly-jdzkf-783033596
2019-07-30 08:57:31,239 INFO  storage.RaftStorage (RaftStorage.java:format(72)) - Storage directory /workdir/hadoop-ozone/integration-test/target/test-dir/MiniOzoneClusterImpl-ec18d819-8831-4f43-8598-3e158f28a63b/datanode-4/data/ratis/bd407457-ccd4-4d86-a6ae-79bcb8ac4ad2 has been successfully formatted.
2019-07-30 08:57:31,239 INFO  ratis.ContainerStateMachine (ContainerStateMachine.java:loadSnapshot(213)) - group-79BCB8AC4AD2: The snapshot info is null. Setting the last applied indexto:(t:0, i:~)
2019-07-30 08:57:31,239 INFO  server.RaftServerConfigKeys (ConfUtils.java:logGet(43)) - raft.server.leader.election.timeout = 120s (custom)
2019-07-30 08:57:31,240 INFO  server.RaftServerConfigKeys (ConfUtils.java:logGet(43)) - raft.server.log.use.memory = false (default)
2019-07-30 08:57:31,240 INFO  server.RaftServerConfigKeys (ConfUtils.java:logGet(43)) - raft.server.log.purge.gap = 1000000000 (custom)
2019-07-30 08:57:31,240 INFO  server.RaftServerConfigKeys (ConfUtils.java:logGet(43)) - raft.server.log.appender.buffer.byte-limit = 33554432 (custom)
2019-07-30 08:57:31,240 INFO  server.RaftServerConfigKeys (ConfUtils.java:logGet(43)) - raft.server.log.segment.size.max = 1048576 (custom)
2019-07-30 08:57:31,240 INFO  server.RaftServerConfigKeys (ConfUtils.java:logGet(43)) - raft.server.log.segment.cache.num.max = 2 (custom)
2019-07-30 08:57:31,240 INFO  segmented.SegmentedRaftLogWorker (SegmentedRaftLogWorker.java:<init>(172)) - new 0b6e9b23-4ab2-4168-b0e9-3eda68ab3ffc-SegmentedRaftLogWorker:Storage Directory /workdir/hadoop-ozone/integration-test/target/test-dir/MiniOzoneClusterImpl-ec18d819-8831-4f43-8598-3e158f28a63b/datanode-4/data/ratis/bd407457-ccd4-4d86-a6ae-79bcb8ac4ad2 for RaftStorage:Storage Directory /workdir/hadoop-ozone/integration-test/target/test-dir/MiniOzoneClusterImpl-ec18d819-8831-4f43-8598-3e158f28a63b/datanode-4/data/ratis/bd407457-ccd4-4d86-a6ae-79bcb8ac4ad2
2019-07-30 08:57:31,241 INFO  server.RaftServerConfigKeys (ConfUtils.java:logGet(43)) - raft.server.log.queue.byte-limit = 2147483647 (custom)
2019-07-30 08:57:31,241 INFO  server.RaftServerConfigKeys (ConfUtils.java:logGet(43)) - raft.server.log.queue.element-limit = 1024 (custom)
2019-07-30 08:57:31,241 INFO  server.RaftServerConfigKeys (ConfUtils.java:logGet(43)) - raft.server.log.segment.size.max = 1048576 (custom)
2019-07-30 08:57:31,241 INFO  server.RaftServerConfigKeys (ConfUtils.java:logGet(43)) - raft.server.log.preallocated.size = 16384 (custom)
2019-07-30 08:57:31,241 INFO  server.RaftServerConfigKeys (ConfUtils.java:logGet(43)) - raft.server.log.write.buffer.size = 33554432 (custom)
2019-07-30 08:57:31,242 INFO  server.RaftServerConfigKeys (ConfUtils.java:logGet(43)) - raft.server.log.force.sync.num = 128 (default)
2019-07-30 08:57:31,242 INFO  server.RaftServerConfigKeys (ConfUtils.java:logGet(43)) - raft.server.log.statemachine.data.sync = true (default)
2019-07-30 08:57:31,242 INFO  server.RaftServerConfigKeys (ConfUtils.java:logGet(43)) - raft.server.log.statemachine.data.sync.timeout = 10s (default)
2019-07-30 08:57:31,242 INFO  server.RaftServerConfigKeys (ConfUtils.java:logGet(43)) - raft.server.log.statemachine.data.sync.timeout.retry = -1 (default)
2019-07-30 08:57:31,242 INFO  server.RaftServerConfigKeys (ConfUtils.java:logGet(43)) - raft.server.log.statemachine.data.caching.enabled = true (custom)
2019-07-30 08:57:31,243 INFO  segmented.SegmentedRaftLogWorker (SegmentedRaftLogWorker.java:lambda$new$0(132)) - 0b6e9b23-4ab2-4168-b0e9-3eda68ab3ffc-SegmentedRaftLogWorker:Storage Directory /workdir/hadoop-ozone/integration-test/target/test-dir/MiniOzoneClusterImpl-ec18d819-8831-4f43-8598-3e158f28a63b/datanode-4/data/ratis/bd407457-ccd4-4d86-a6ae-79bcb8ac4ad2: flushIndex: setUnconditionally 0 -> -1
2019-07-30 08:57:31,243 INFO  server.RaftServerConfigKeys (ConfUtils.java:logGet(43)) - raft.server.snapshot.auto.trigger.enabled = true (custom)
2019-07-30 08:57:31,243 INFO  server.RaftServerConfigKeys (ConfUtils.java:logGet(43)) - raft.server.snapshot.auto.trigger.threshold = 10000 (custom)
2019-07-30 08:57:31,243 INFO  server.RaftServerConfigKeys (ConfUtils.java:logGet(43)) - raft.server.retrycache.expirytime = 600000ms (custom)
2019-07-30 08:57:31,244 INFO  impl.RaftServerImpl (RaftServerImpl.java:start(180)) - 0b6e9b23-4ab2-4168-b0e9-3eda68ab3ffc: start group-79BCB8AC4AD2
2019-07-30 08:57:31,244 INFO  impl.RaftServerImpl (RaftServerImpl.java:setRole(171)) - 0b6e9b23-4ab2-4168-b0e9-3eda68ab3ffc:group-79BCB8AC4AD2 changes role from null to FOLLOWER at term 0 for startAsFollower
2019-07-30 08:57:31,244 INFO  impl.RoleInfo (RoleInfo.java:updateAndGet(143)) - 0b6e9b23-4ab2-4168-b0e9-3eda68ab3ffc: start FollowerState
2019-07-30 08:57:31,244 INFO  util.JmxRegister (JmxRegister.java:tryRegister(44)) - Successfully registered JMX Bean with object name Ratis:service=RaftServer,group=group-79BCB8AC4AD2,id=0b6e9b23-4ab2-4168-b0e9-3eda68ab3ffc
2019-07-30 08:57:31,249 INFO  pipeline.PipelineStateManager (PipelineStateManager.java:addPipeline(56)) - Created pipeline Pipeline[ Id: bd407457-ccd4-4d86-a6ae-79bcb8ac4ad2, Nodes: 0b6e9b23-4ab2-4168-b0e9-3eda68ab3ffc{ip: 192.168.69.91, host: byscane-nightly-jdzkf-783033596, networkLocation: /default-rack, certSerialId: null}, Type:RATIS, Factor:ONE, State:OPEN]
2019-07-30 08:57:31,352 INFO  net.NetworkTopology (NetworkTopologyImpl.java:add(110)) - Added a new node: /default-rack/ce42eed1-aeb3-4af4-8a16-c8c6c6fb1ddd
2019-07-30 08:57:31,353 INFO  node.SCMNodeManager (SCMNodeManager.java:register(273)) - Registered Data node : ce42eed1-aeb3-4af4-8a16-c8c6c6fb1ddd{ip: 192.168.69.91, host: byscane-nightly-jdzkf-783033596, networkLocation: /default-rack, certSerialId: null}
2019-07-30 08:57:31,361 INFO  impl.RaftServerProxy (RaftServerProxy.java:addNew(89)) - ce42eed1-aeb3-4af4-8a16-c8c6c6fb1ddd: addNew group-83D49BE5ADD3:[ce42eed1-aeb3-4af4-8a16-c8c6c6fb1ddd:192.168.69.91:34601] returns group-83D49BE5ADD3:java.util.concurrent.CompletableFuture@7d2b30cc[Not completed]
2019-07-30 08:57:31,362 INFO  impl.RaftServerImpl (RaftServerImpl.java:<init>(93)) - ce42eed1-aeb3-4af4-8a16-c8c6c6fb1ddd: new RaftServerImpl for group-83D49BE5ADD3:[ce42eed1-aeb3-4af4-8a16-c8c6c6fb1ddd:192.168.69.91:34601] with ContainerStateMachine:uninitialized
2019-07-30 08:57:31,362 INFO  server.RaftServerConfigKeys (ConfUtils.java:logGet(43)) - raft.server.rpc.timeout.min = 5s (custom)
2019-07-30 08:57:31,362 INFO  server.RaftServerConfigKeys (ConfUtils.java:logGet(43)) - raft.server.rpc.timeout.max = 5200ms (custom)
2019-07-30 08:57:31,362 INFO  server.RaftServerConfigKeys (ConfUtils.java:logGet(43)) - raft.server.rpcslowness.timeout = 120s (custom)
2019-07-30 08:57:31,362 INFO  server.RaftServerConfigKeys (ConfUtils.java:logGet(43)) - raft.server.sleep.deviation.threshold = 300 (default)
2019-07-30 08:57:31,363 INFO  server.RaftServerConfigKeys (ConfUtils.java:logGet(43)) - raft.server.log.appender.install.snapshot.enabled = false (custom)
2019-07-30 08:57:31,363 INFO  impl.RaftServerImpl (ServerState.java:<init>(105)) - ce42eed1-aeb3-4af4-8a16-c8c6c6fb1ddd:group-83D49BE5ADD3 ConfigurationManager, init=-1: [ce42eed1-aeb3-4af4-8a16-c8c6c6fb1ddd:192.168.69.91:34601], old=null, confs=<EMPTY_MAP>
2019-07-30 08:57:31,363 INFO  server.RaftServerConfigKeys (ConfUtils.java:logGet(43)) - raft.server.storage.dir = [/workdir/hadoop-ozone/integration-test/target/test-dir/MiniOzoneClusterImpl-ec18d819-8831-4f43-8598-3e158f28a63b/datanode-5/data/ratis] (custom)
2019-07-30 08:57:31,363 INFO  storage.RaftStorageDirectory (RaftStorageDirectory.java:analyzeStorage(246)) - The storage directory /workdir/hadoop-ozone/integration-test/target/test-dir/MiniOzoneClusterImpl-ec18d819-8831-4f43-8598-3e158f28a63b/datanode-5/data/ratis/97f78b69-4584-4252-8800-83d49be5add3 does not exist. Creating ...
2019-07-30 08:57:31,377 INFO  storage.RaftStorageDirectory (RaftStorageDirectory.java:tryLock(328)) - Lock on /workdir/hadoop-ozone/integration-test/target/test-dir/MiniOzoneClusterImpl-ec18d819-8831-4f43-8598-3e158f28a63b/datanode-5/data/ratis/97f78b69-4584-4252-8800-83d49be5add3/in_use.lock acquired by nodename 25965@byscane-nightly-jdzkf-783033596
2019-07-30 08:57:31,390 INFO  storage.RaftStorage (RaftStorage.java:format(72)) - Storage directory /workdir/hadoop-ozone/integration-test/target/test-dir/MiniOzoneClusterImpl-ec18d819-8831-4f43-8598-3e158f28a63b/datanode-5/data/ratis/97f78b69-4584-4252-8800-83d49be5add3 has been successfully formatted.
2019-07-30 08:57:31,390 INFO  ratis.ContainerStateMachine (ContainerStateMachine.java:loadSnapshot(213)) - group-83D49BE5ADD3: The snapshot info is null. Setting the last applied indexto:(t:0, i:~)
2019-07-30 08:57:31,391 INFO  server.RaftServerConfigKeys (ConfUtils.java:logGet(43)) - raft.server.leader.election.timeout = 120s (custom)
2019-07-30 08:57:31,391 INFO  server.RaftServerConfigKeys (ConfUtils.java:logGet(43)) - raft.server.log.use.memory = false (default)
2019-07-30 08:57:31,391 INFO  server.RaftServerConfigKeys (ConfUtils.java:logGet(43)) - raft.server.log.purge.gap = 1000000000 (custom)
2019-07-30 08:57:31,391 INFO  server.RaftServerConfigKeys (ConfUtils.java:logGet(43)) - raft.server.log.appender.buffer.byte-limit = 33554432 (custom)
2019-07-30 08:57:31,391 INFO  server.RaftServerConfigKeys (ConfUtils.java:logGet(43)) - raft.server.log.segment.size.max = 1048576 (custom)
2019-07-30 08:57:31,391 INFO  server.RaftServerConfigKeys (ConfUtils.java:logGet(43)) - raft.server.log.segment.cache.num.max = 2 (custom)
2019-07-30 08:57:31,392 INFO  segmented.SegmentedRaftLogWorker (SegmentedRaftLogWorker.java:<init>(172)) - new ce42eed1-aeb3-4af4-8a16-c8c6c6fb1ddd-SegmentedRaftLogWorker:Storage Directory /workdir/hadoop-ozone/integration-test/target/test-dir/MiniOzoneClusterImpl-ec18d819-8831-4f43-8598-3e158f28a63b/datanode-5/data/ratis/97f78b69-4584-4252-8800-83d49be5add3 for RaftStorage:Storage Directory /workdir/hadoop-ozone/integration-test/target/test-dir/MiniOzoneClusterImpl-ec18d819-8831-4f43-8598-3e158f28a63b/datanode-5/data/ratis/97f78b69-4584-4252-8800-83d49be5add3
2019-07-30 08:57:31,392 INFO  server.RaftServerConfigKeys (ConfUtils.java:logGet(43)) - raft.server.log.queue.byte-limit = 2147483647 (custom)
2019-07-30 08:57:31,392 INFO  server.RaftServerConfigKeys (ConfUtils.java:logGet(43)) - raft.server.log.queue.element-limit = 1024 (custom)
2019-07-30 08:57:31,392 INFO  server.RaftServerConfigKeys (ConfUtils.java:logGet(43)) - raft.server.log.segment.size.max = 1048576 (custom)
2019-07-30 08:57:31,392 INFO  server.RaftServerConfigKeys (ConfUtils.java:logGet(43)) - raft.server.log.preallocated.size = 16384 (custom)
2019-07-30 08:57:31,392 INFO  server.RaftServerConfigKeys (ConfUtils.java:logGet(43)) - raft.server.log.write.buffer.size = 33554432 (custom)
2019-07-30 08:57:31,393 INFO  server.RaftServerConfigKeys (ConfUtils.java:logGet(43)) - raft.server.log.force.sync.num = 128 (default)
2019-07-30 08:57:31,393 INFO  server.RaftServerConfigKeys (ConfUtils.java:logGet(43)) - raft.server.log.statemachine.data.sync = true (default)
2019-07-30 08:57:31,393 INFO  server.RaftServerConfigKeys (ConfUtils.java:logGet(43)) - raft.server.log.statemachine.data.sync.timeout = 10s (default)
2019-07-30 08:57:31,393 INFO  server.RaftServerConfigKeys (ConfUtils.java:logGet(43)) - raft.server.log.statemachine.data.sync.timeout.retry = -1 (default)
2019-07-30 08:57:31,393 INFO  server.RaftServerConfigKeys (ConfUtils.java:logGet(43)) - raft.server.log.statemachine.data.caching.enabled = true (custom)
2019-07-30 08:57:31,394 INFO  segmented.SegmentedRaftLogWorker (SegmentedRaftLogWorker.java:lambda$new$0(132)) - ce42eed1-aeb3-4af4-8a16-c8c6c6fb1ddd-SegmentedRaftLogWorker:Storage Directory /workdir/hadoop-ozone/integration-test/target/test-dir/MiniOzoneClusterImpl-ec18d819-8831-4f43-8598-3e158f28a63b/datanode-5/data/ratis/97f78b69-4584-4252-8800-83d49be5add3: flushIndex: setUnconditionally 0 -> -1
2019-07-30 08:57:31,394 INFO  server.RaftServerConfigKeys (ConfUtils.java:logGet(43)) - raft.server.snapshot.auto.trigger.enabled = true (custom)
2019-07-30 08:57:31,394 INFO  server.RaftServerConfigKeys (ConfUtils.java:logGet(43)) - raft.server.snapshot.auto.trigger.threshold = 10000 (custom)
2019-07-30 08:57:31,394 INFO  server.RaftServerConfigKeys (ConfUtils.java:logGet(43)) - raft.server.retrycache.expirytime = 600000ms (custom)
2019-07-30 08:57:31,395 INFO  impl.RaftServerImpl (RaftServerImpl.java:start(180)) - ce42eed1-aeb3-4af4-8a16-c8c6c6fb1ddd: start group-83D49BE5ADD3
2019-07-30 08:57:31,395 INFO  impl.RaftServerImpl (RaftServerImpl.java:setRole(171)) - ce42eed1-aeb3-4af4-8a16-c8c6c6fb1ddd:group-83D49BE5ADD3 changes role from null to FOLLOWER at term 0 for startAsFollower
2019-07-30 08:57:31,395 INFO  impl.RoleInfo (RoleInfo.java:updateAndGet(143)) - ce42eed1-aeb3-4af4-8a16-c8c6c6fb1ddd: start FollowerState
2019-07-30 08:57:31,395 INFO  util.JmxRegister (JmxRegister.java:tryRegister(44)) - Successfully registered JMX Bean with object name Ratis:service=RaftServer,group=group-83D49BE5ADD3,id=ce42eed1-aeb3-4af4-8a16-c8c6c6fb1ddd
2019-07-30 08:57:31,402 INFO  pipeline.PipelineStateManager (PipelineStateManager.java:addPipeline(56)) - Created pipeline Pipeline[ Id: 97f78b69-4584-4252-8800-83d49be5add3, Nodes: ce42eed1-aeb3-4af4-8a16-c8c6c6fb1ddd{ip: 192.168.69.91, host: byscane-nightly-jdzkf-783033596, networkLocation: /default-rack, certSerialId: null}, Type:RATIS, Factor:ONE, State:OPEN]
2019-07-30 08:57:31,422 INFO  impl.RaftServerProxy (RaftServerProxy.java:addNew(89)) - 83c63723-1a17-474a-8de0-17d606968224: addNew group-3633636C8BA9:[ce42eed1-aeb3-4af4-8a16-c8c6c6fb1ddd:192.168.69.91:34601, 0b6e9b23-4ab2-4168-b0e9-3eda68ab3ffc:192.168.69.91:35266, 83c63723-1a17-474a-8de0-17d606968224:192.168.69.91:45422] returns group-3633636C8BA9:java.util.concurrent.CompletableFuture@4ae2574b[Not completed]
2019-07-30 08:57:31,422 INFO  impl.RaftServerProxy (RaftServerProxy.java:addNew(89)) - ce42eed1-aeb3-4af4-8a16-c8c6c6fb1ddd: addNew group-3633636C8BA9:[ce42eed1-aeb3-4af4-8a16-c8c6c6fb1ddd:192.168.69.91:34601, 0b6e9b23-4ab2-4168-b0e9-3eda68ab3ffc:192.168.69.91:35266, 83c63723-1a17-474a-8de0-17d606968224:192.168.69.91:45422] returns group-3633636C8BA9:java.util.concurrent.CompletableFuture@62b0c93a[Not completed]
2019-07-30 08:57:31,422 INFO  impl.RaftServerProxy (RaftServerProxy.java:addNew(89)) - 0b6e9b23-4ab2-4168-b0e9-3eda68ab3ffc: addNew group-3633636C8BA9:[ce42eed1-aeb3-4af4-8a16-c8c6c6fb1ddd:192.168.69.91:34601, 0b6e9b23-4ab2-4168-b0e9-3eda68ab3ffc:192.168.69.91:35266, 83c63723-1a17-474a-8de0-17d606968224:192.168.69.91:45422] returns group-3633636C8BA9:java.util.concurrent.CompletableFuture@5c17b034[Not completed]
2019-07-30 08:57:31,423 INFO  impl.RaftServerImpl (RaftServerImpl.java:<init>(93)) - 83c63723-1a17-474a-8de0-17d606968224: new RaftServerImpl for group-3633636C8BA9:[ce42eed1-aeb3-4af4-8a16-c8c6c6fb1ddd:192.168.69.91:34601, 0b6e9b23-4ab2-4168-b0e9-3eda68ab3ffc:192.168.69.91:35266, 83c63723-1a17-474a-8de0-17d606968224:192.168.69.91:45422] with ContainerStateMachine:uninitialized
2019-07-30 08:57:31,423 INFO  server.RaftServerConfigKeys (ConfUtils.java:logGet(43)) - raft.server.rpc.timeout.min = 5s (custom)
2019-07-30 08:57:31,423 INFO  server.RaftServerConfigKeys (ConfUtils.java:logGet(43)) - raft.server.rpc.timeout.max = 5200ms (custom)
2019-07-30 08:57:31,423 INFO  impl.RaftServerImpl (RaftServerImpl.java:<init>(93)) - ce42eed1-aeb3-4af4-8a16-c8c6c6fb1ddd: new RaftServerImpl for group-3633636C8BA9:[ce42eed1-aeb3-4af4-8a16-c8c6c6fb1ddd:192.168.69.91:34601, 0b6e9b23-4ab2-4168-b0e9-3eda68ab3ffc:192.168.69.91:35266, 83c63723-1a17-474a-8de0-17d606968224:192.168.69.91:45422] with ContainerStateMachine:uninitialized
2019-07-30 08:57:31,424 INFO  server.RaftServerConfigKeys (ConfUtils.java:logGet(43)) - raft.server.rpcslowness.timeout = 120s (custom)
2019-07-30 08:57:31,424 INFO  server.RaftServerConfigKeys (ConfUtils.java:logGet(43)) - raft.server.rpc.timeout.min = 5s (custom)
2019-07-30 08:57:31,424 INFO  server.RaftServerConfigKeys (ConfUtils.java:logGet(43)) - raft.server.sleep.deviation.threshold = 300 (default)
2019-07-30 08:57:31,424 INFO  impl.RaftServerImpl (RaftServerImpl.java:<init>(93)) - 0b6e9b23-4ab2-4168-b0e9-3eda68ab3ffc: new RaftServerImpl for group-3633636C8BA9:[ce42eed1-aeb3-4af4-8a16-c8c6c6fb1ddd:192.168.69.91:34601, 0b6e9b23-4ab2-4168-b0e9-3eda68ab3ffc:192.168.69.91:35266, 83c63723-1a17-474a-8de0-17d606968224:192.168.69.91:45422] with ContainerStateMachine:uninitialized
2019-07-30 08:57:31,424 INFO  server.RaftServerConfigKeys (ConfUtils.java:logGet(43)) - raft.server.rpc.timeout.max = 5200ms (custom)
2019-07-30 08:57:31,424 INFO  server.RaftServerConfigKeys (ConfUtils.java:logGet(43)) - raft.server.rpc.timeout.min = 5s (custom)
2019-07-30 08:57:31,425 INFO  server.RaftServerConfigKeys (ConfUtils.java:logGet(43)) - raft.server.rpc.timeout.max = 5200ms (custom)
2019-07-30 08:57:31,424 INFO  server.RaftServerConfigKeys (ConfUtils.java:logGet(43)) - raft.server.log.appender.install.snapshot.enabled = false (custom)
2019-07-30 08:57:31,425 INFO  server.RaftServerConfigKeys (ConfUtils.java:logGet(43)) - raft.server.rpcslowness.timeout = 120s (custom)
2019-07-30 08:57:31,424 INFO  server.RaftServerConfigKeys (ConfUtils.java:logGet(43)) - raft.server.rpcslowness.timeout = 120s (custom)
2019-07-30 08:57:31,425 INFO  server.RaftServerConfigKeys (ConfUtils.java:logGet(43)) - raft.server.sleep.deviation.threshold = 300 (default)
2019-07-30 08:57:31,425 INFO  server.RaftServerConfigKeys (ConfUtils.java:logGet(43)) - raft.server.log.appender.install.snapshot.enabled = false (custom)
2019-07-30 08:57:31,425 INFO  impl.RaftServerImpl (ServerState.java:<init>(105)) - 83c63723-1a17-474a-8de0-17d606968224:group-3633636C8BA9 ConfigurationManager, init=-1: [ce42eed1-aeb3-4af4-8a16-c8c6c6fb1ddd:192.168.69.91:34601, 0b6e9b23-4ab2-4168-b0e9-3eda68ab3ffc:192.168.69.91:35266, 83c63723-1a17-474a-8de0-17d606968224:192.168.69.91:45422], old=null, confs=<EMPTY_MAP>
2019-07-30 08:57:31,425 INFO  impl.RaftServerImpl (ServerState.java:<init>(105)) - 0b6e9b23-4ab2-4168-b0e9-3eda68ab3ffc:group-3633636C8BA9 ConfigurationManager, init=-1: [ce42eed1-aeb3-4af4-8a16-c8c6c6fb1ddd:192.168.69.91:34601, 0b6e9b23-4ab2-4168-b0e9-3eda68ab3ffc:192.168.69.91:35266, 83c63723-1a17-474a-8de0-17d606968224:192.168.69.91:45422], old=null, confs=<EMPTY_MAP>
2019-07-30 08:57:31,425 INFO  server.RaftServerConfigKeys (ConfUtils.java:logGet(43)) - raft.server.sleep.deviation.threshold = 300 (default)
2019-07-30 08:57:31,426 INFO  server.RaftServerConfigKeys (ConfUtils.java:logGet(43)) - raft.server.storage.dir = [/workdir/hadoop-ozone/integration-test/target/test-dir/MiniOzoneClusterImpl-ec18d819-8831-4f43-8598-3e158f28a63b/datanode-4/data/ratis] (custom)
2019-07-30 08:57:31,426 INFO  server.RaftServerConfigKeys (ConfUtils.java:logGet(43)) - raft.server.storage.dir = [/workdir/hadoop-ozone/integration-test/target/test-dir/MiniOzoneClusterImpl-ec18d819-8831-4f43-8598-3e158f28a63b/datanode-3/data/ratis] (custom)
2019-07-30 08:57:31,426 INFO  server.RaftServerConfigKeys (ConfUtils.java:logGet(43)) - raft.server.log.appender.install.snapshot.enabled = false (custom)
2019-07-30 08:57:31,426 INFO  storage.RaftStorageDirectory (RaftStorageDirectory.java:analyzeStorage(246)) - The storage directory /workdir/hadoop-ozone/integration-test/target/test-dir/MiniOzoneClusterImpl-ec18d819-8831-4f43-8598-3e158f28a63b/datanode-4/data/ratis/010cdbcc-1781-4a3f-97c2-3633636c8ba9 does not exist. Creating ...
2019-07-30 08:57:31,426 INFO  storage.RaftStorageDirectory (RaftStorageDirectory.java:analyzeStorage(246)) - The storage directory /workdir/hadoop-ozone/integration-test/target/test-dir/MiniOzoneClusterImpl-ec18d819-8831-4f43-8598-3e158f28a63b/datanode-3/data/ratis/010cdbcc-1781-4a3f-97c2-3633636c8ba9 does not exist. Creating ...
2019-07-30 08:57:31,426 INFO  impl.RaftServerImpl (ServerState.java:<init>(105)) - ce42eed1-aeb3-4af4-8a16-c8c6c6fb1ddd:group-3633636C8BA9 ConfigurationManager, init=-1: [ce42eed1-aeb3-4af4-8a16-c8c6c6fb1ddd:192.168.69.91:34601, 0b6e9b23-4ab2-4168-b0e9-3eda68ab3ffc:192.168.69.91:35266, 83c63723-1a17-474a-8de0-17d606968224:192.168.69.91:45422], old=null, confs=<EMPTY_MAP>
2019-07-30 08:57:31,427 INFO  server.RaftServerConfigKeys (ConfUtils.java:logGet(43)) - raft.server.storage.dir = [/workdir/hadoop-ozone/integration-test/target/test-dir/MiniOzoneClusterImpl-ec18d819-8831-4f43-8598-3e158f28a63b/datanode-5/data/ratis] (custom)
2019-07-30 08:57:31,427 INFO  storage.RaftStorageDirectory (RaftStorageDirectory.java:analyzeStorage(246)) - The storage directory /workdir/hadoop-ozone/integration-test/target/test-dir/MiniOzoneClusterImpl-ec18d819-8831-4f43-8598-3e158f28a63b/datanode-5/data/ratis/010cdbcc-1781-4a3f-97c2-3633636c8ba9 does not exist. Creating ...
2019-07-30 08:57:31,440 INFO  storage.RaftStorageDirectory (RaftStorageDirectory.java:tryLock(328)) - Lock on /workdir/hadoop-ozone/integration-test/target/test-dir/MiniOzoneClusterImpl-ec18d819-8831-4f43-8598-3e158f28a63b/datanode-3/data/ratis/010cdbcc-1781-4a3f-97c2-3633636c8ba9/in_use.lock acquired by nodename 25965@byscane-nightly-jdzkf-783033596
2019-07-30 08:57:31,440 INFO  storage.RaftStorageDirectory (RaftStorageDirectory.java:tryLock(328)) - Lock on /workdir/hadoop-ozone/integration-test/target/test-dir/MiniOzoneClusterImpl-ec18d819-8831-4f43-8598-3e158f28a63b/datanode-4/data/ratis/010cdbcc-1781-4a3f-97c2-3633636c8ba9/in_use.lock acquired by nodename 25965@byscane-nightly-jdzkf-783033596
2019-07-30 08:57:31,440 INFO  storage.RaftStorageDirectory (RaftStorageDirectory.java:tryLock(328)) - Lock on /workdir/hadoop-ozone/integration-test/target/test-dir/MiniOzoneClusterImpl-ec18d819-8831-4f43-8598-3e158f28a63b/datanode-5/data/ratis/010cdbcc-1781-4a3f-97c2-3633636c8ba9/in_use.lock acquired by nodename 25965@byscane-nightly-jdzkf-783033596
2019-07-30 08:57:31,453 INFO  storage.RaftStorage (RaftStorage.java:format(72)) - Storage directory /workdir/hadoop-ozone/integration-test/target/test-dir/MiniOzoneClusterImpl-ec18d819-8831-4f43-8598-3e158f28a63b/datanode-3/data/ratis/010cdbcc-1781-4a3f-97c2-3633636c8ba9 has been successfully formatted.
2019-07-30 08:57:31,453 INFO  storage.RaftStorage (RaftStorage.java:format(72)) - Storage directory /workdir/hadoop-ozone/integration-test/target/test-dir/MiniOzoneClusterImpl-ec18d819-8831-4f43-8598-3e158f28a63b/datanode-5/data/ratis/010cdbcc-1781-4a3f-97c2-3633636c8ba9 has been successfully formatted.
2019-07-30 08:57:31,453 INFO  storage.RaftStorage (RaftStorage.java:format(72)) - Storage directory /workdir/hadoop-ozone/integration-test/target/test-dir/MiniOzoneClusterImpl-ec18d819-8831-4f43-8598-3e158f28a63b/datanode-4/data/ratis/010cdbcc-1781-4a3f-97c2-3633636c8ba9 has been successfully formatted.
2019-07-30 08:57:31,454 INFO  ratis.ContainerStateMachine (ContainerStateMachine.java:loadSnapshot(213)) - group-3633636C8BA9: The snapshot info is null. Setting the last applied indexto:(t:0, i:~)
2019-07-30 08:57:31,454 INFO  ratis.ContainerStateMachine (ContainerStateMachine.java:loadSnapshot(213)) - group-3633636C8BA9: The snapshot info is null. Setting the last applied indexto:(t:0, i:~)
2019-07-30 08:57:31,454 INFO  ratis.ContainerStateMachine (ContainerStateMachine.java:loadSnapshot(213)) - group-3633636C8BA9: The snapshot info is null. Setting the last applied indexto:(t:0, i:~)
2019-07-30 08:57:31,454 INFO  server.RaftServerConfigKeys (ConfUtils.java:logGet(43)) - raft.server.leader.election.timeout = 120s (custom)
2019-07-30 08:57:31,455 INFO  server.RaftServerConfigKeys (ConfUtils.java:logGet(43)) - raft.server.leader.election.timeout = 120s (custom)
2019-07-30 08:57:31,454 INFO  server.RaftServerConfigKeys (ConfUtils.java:logGet(43)) - raft.server.leader.election.timeout = 120s (custom)
2019-07-30 08:57:31,455 INFO  server.RaftServerConfigKeys (ConfUtils.java:logGet(43)) - raft.server.log.use.memory = false (default)
2019-07-30 08:57:31,455 INFO  server.RaftServerConfigKeys (ConfUtils.java:logGet(43)) - raft.server.log.use.memory = false (default)
2019-07-30 08:57:31,455 INFO  server.RaftServerConfigKeys (ConfUtils.java:logGet(43)) - raft.server.log.purge.gap = 1000000000 (custom)
2019-07-30 08:57:31,455 INFO  server.RaftServerConfigKeys (ConfUtils.java:logGet(43)) - raft.server.log.use.memory = false (default)
2019-07-30 08:57:31,455 INFO  server.RaftServerConfigKeys (ConfUtils.java:logGet(43)) - raft.server.log.appender.buffer.byte-limit = 33554432 (custom)
2019-07-30 08:57:31,455 INFO  server.RaftServerConfigKeys (ConfUtils.java:logGet(43)) - raft.server.log.purge.gap = 1000000000 (custom)
2019-07-30 08:57:31,456 INFO  server.RaftServerConfigKeys (ConfUtils.java:logGet(43)) - raft.server.log.segment.size.max = 1048576 (custom)
2019-07-30 08:57:31,456 INFO  server.RaftServerConfigKeys (ConfUtils.java:logGet(43)) - raft.server.log.purge.gap = 1000000000 (custom)
2019-07-30 08:57:31,456 INFO  server.RaftServerConfigKeys (ConfUtils.java:logGet(43)) - raft.server.log.segment.cache.num.max = 2 (custom)
2019-07-30 08:57:31,456 INFO  segmented.SegmentedRaftLogWorker (SegmentedRaftLogWorker.java:<init>(172)) - new 0b6e9b23-4ab2-4168-b0e9-3eda68ab3ffc-SegmentedRaftLogWorker:Storage Directory /workdir/hadoop-ozone/integration-test/target/test-dir/MiniOzoneClusterImpl-ec18d819-8831-4f43-8598-3e158f28a63b/datanode-4/data/ratis/010cdbcc-1781-4a3f-97c2-3633636c8ba9 for RaftStorage:Storage Directory /workdir/hadoop-ozone/integration-test/target/test-dir/MiniOzoneClusterImpl-ec18d819-8831-4f43-8598-3e158f28a63b/datanode-4/data/ratis/010cdbcc-1781-4a3f-97c2-3633636c8ba9
2019-07-30 08:57:31,456 INFO  server.RaftServerConfigKeys (ConfUtils.java:logGet(43)) - raft.server.log.appender.buffer.byte-limit = 33554432 (custom)
2019-07-30 08:57:31,457 INFO  server.RaftServerConfigKeys (ConfUtils.java:logGet(43)) - raft.server.log.queue.byte-limit = 2147483647 (custom)
2019-07-30 08:57:31,457 INFO  server.RaftServerConfigKeys (ConfUtils.java:logGet(43)) - raft.server.log.queue.element-limit = 1024 (custom)
2019-07-30 08:57:31,456 INFO  server.RaftServerConfigKeys (ConfUtils.java:logGet(43)) - raft.server.log.appender.buffer.byte-limit = 33554432 (custom)
2019-07-30 08:57:31,457 INFO  server.RaftServerConfigKeys (ConfUtils.java:logGet(43)) - raft.server.log.segment.size.max = 1048576 (custom)
2019-07-30 08:57:31,457 INFO  server.RaftServerConfigKeys (ConfUtils.java:logGet(43)) - raft.server.log.preallocated.size = 16384 (custom)
2019-07-30 08:57:31,457 INFO  server.RaftServerConfigKeys (ConfUtils.java:logGet(43)) - raft.server.log.segment.size.max = 1048576 (custom)
2019-07-30 08:57:31,457 INFO  server.RaftServerConfigKeys (ConfUtils.java:logGet(43)) - raft.server.log.write.buffer.size = 33554432 (custom)
2019-07-30 08:57:31,458 INFO  server.RaftServerConfigKeys (ConfUtils.java:logGet(43)) - raft.server.log.force.sync.num = 128 (default)
2019-07-30 08:57:31,457 INFO  server.RaftServerConfigKeys (ConfUtils.java:logGet(43)) - raft.server.log.segment.size.max = 1048576 (custom)
2019-07-30 08:57:31,458 INFO  server.RaftServerConfigKeys (ConfUtils.java:logGet(43)) - raft.server.log.statemachine.data.sync = true (default)
2019-07-30 08:57:31,458 INFO  server.RaftServerConfigKeys (ConfUtils.java:logGet(43)) - raft.server.log.statemachine.data.sync.timeout = 10s (default)
2019-07-30 08:57:31,458 INFO  server.RaftServerConfigKeys (ConfUtils.java:logGet(43)) - raft.server.log.segment.cache.num.max = 2 (custom)
2019-07-30 08:57:31,458 INFO  server.RaftServerConfigKeys (ConfUtils.java:logGet(43)) - raft.server.log.statemachine.data.sync.timeout.retry = -1 (default)
2019-07-30 08:57:31,458 INFO  server.RaftServerConfigKeys (ConfUtils.java:logGet(43)) - raft.server.log.segment.cache.num.max = 2 (custom)
2019-07-30 08:57:31,459 INFO  server.RaftServerConfigKeys (ConfUtils.java:logGet(43)) - raft.server.log.statemachine.data.caching.enabled = true (custom)
2019-07-30 08:57:31,459 INFO  segmented.SegmentedRaftLogWorker (SegmentedRaftLogWorker.java:<init>(172)) - new ce42eed1-aeb3-4af4-8a16-c8c6c6fb1ddd-SegmentedRaftLogWorker:Storage Directory /workdir/hadoop-ozone/integration-test/target/test-dir/MiniOzoneClusterImpl-ec18d819-8831-4f43-8598-3e158f28a63b/datanode-5/data/ratis/010cdbcc-1781-4a3f-97c2-3633636c8ba9 for RaftStorage:Storage Directory /workdir/hadoop-ozone/integration-test/target/test-dir/MiniOzoneClusterImpl-ec18d819-8831-4f43-8598-3e158f28a63b/datanode-5/data/ratis/010cdbcc-1781-4a3f-97c2-3633636c8ba9
2019-07-30 08:57:31,459 INFO  segmented.SegmentedRaftLogWorker (SegmentedRaftLogWorker.java:<init>(172)) - new 83c63723-1a17-474a-8de0-17d606968224-SegmentedRaftLogWorker:Storage Directory /workdir/hadoop-ozone/integration-test/target/test-dir/MiniOzoneClusterImpl-ec18d819-8831-4f43-8598-3e158f28a63b/datanode-3/data/ratis/010cdbcc-1781-4a3f-97c2-3633636c8ba9 for RaftStorage:Storage Directory /workdir/hadoop-ozone/integration-test/target/test-dir/MiniOzoneClusterImpl-ec18d819-8831-4f43-8598-3e158f28a63b/datanode-3/data/ratis/010cdbcc-1781-4a3f-97c2-3633636c8ba9
2019-07-30 08:57:31,459 INFO  segmented.SegmentedRaftLogWorker (SegmentedRaftLogWorker.java:lambda$new$0(132)) - 0b6e9b23-4ab2-4168-b0e9-3eda68ab3ffc-SegmentedRaftLogWorker:Storage Directory /workdir/hadoop-ozone/integration-test/target/test-dir/MiniOzoneClusterImpl-ec18d819-8831-4f43-8598-3e158f28a63b/datanode-4/data/ratis/010cdbcc-1781-4a3f-97c2-3633636c8ba9: flushIndex: setUnconditionally 0 -> -1
2019-07-30 08:57:31,459 INFO  server.RaftServerConfigKeys (ConfUtils.java:logGet(43)) - raft.server.log.queue.byte-limit = 2147483647 (custom)
2019-07-30 08:57:31,459 INFO  server.RaftServerConfigKeys (ConfUtils.java:logGet(43)) - raft.server.log.queue.byte-limit = 2147483647 (custom)
2019-07-30 08:57:31,460 INFO  server.RaftServerConfigKeys (ConfUtils.java:logGet(43)) - raft.server.snapshot.auto.trigger.enabled = true (custom)
2019-07-30 08:57:31,460 INFO  server.RaftServerConfigKeys (ConfUtils.java:logGet(43)) - raft.server.log.queue.element-limit = 1024 (custom)
2019-07-30 08:57:31,460 INFO  server.RaftServerConfigKeys (ConfUtils.java:logGet(43)) - raft.server.snapshot.auto.trigger.threshold = 10000 (custom)
2019-07-30 08:57:31,460 INFO  server.RaftServerConfigKeys (ConfUtils.java:logGet(43)) - raft.server.log.queue.element-limit = 1024 (custom)
2019-07-30 08:57:31,460 INFO  server.RaftServerConfigKeys (ConfUtils.java:logGet(43)) - raft.server.retrycache.expirytime = 600000ms (custom)
2019-07-30 08:57:31,460 INFO  server.RaftServerConfigKeys (ConfUtils.java:logGet(43)) - raft.server.log.segment.size.max = 1048576 (custom)
2019-07-30 08:57:31,461 INFO  impl.RaftServerImpl (RaftServerImpl.java:start(180)) - 0b6e9b23-4ab2-4168-b0e9-3eda68ab3ffc: start group-3633636C8BA9
2019-07-30 08:57:31,461 INFO  impl.RaftServerImpl (RaftServerImpl.java:setRole(171)) - 0b6e9b23-4ab2-4168-b0e9-3eda68ab3ffc:group-3633636C8BA9 changes role from null to FOLLOWER at term 0 for startAsFollower
2019-07-30 08:57:31,461 INFO  server.RaftServerConfigKeys (ConfUtils.java:logGet(43)) - raft.server.log.segment.size.max = 1048576 (custom)
2019-07-30 08:57:31,461 INFO  impl.RoleInfo (RoleInfo.java:updateAndGet(143)) - 0b6e9b23-4ab2-4168-b0e9-3eda68ab3ffc: start FollowerState
2019-07-30 08:57:31,461 INFO  server.RaftServerConfigKeys (ConfUtils.java:logGet(43)) - raft.server.log.preallocated.size = 16384 (custom)
2019-07-30 08:57:31,462 INFO  server.RaftServerConfigKeys (ConfUtils.java:logGet(43)) - raft.server.log.write.buffer.size = 33554432 (custom)
2019-07-30 08:57:31,461 INFO  server.RaftServerConfigKeys (ConfUtils.java:logGet(43)) - raft.server.log.preallocated.size = 16384 (custom)
2019-07-30 08:57:31,462 INFO  util.JmxRegister (JmxRegister.java:tryRegister(44)) - Successfully registered JMX Bean with object name Ratis:service=RaftServer,group=group-3633636C8BA9,id=0b6e9b23-4ab2-4168-b0e9-3eda68ab3ffc
2019-07-30 08:57:31,462 INFO  server.RaftServerConfigKeys (ConfUtils.java:logGet(43)) - raft.server.log.force.sync.num = 128 (default)
2019-07-30 08:57:31,462 INFO  server.RaftServerConfigKeys (ConfUtils.java:logGet(43)) - raft.server.log.statemachine.data.sync = true (default)
2019-07-30 08:57:31,462 INFO  server.RaftServerConfigKeys (ConfUtils.java:logGet(43)) - raft.server.log.write.buffer.size = 33554432 (custom)
2019-07-30 08:57:31,463 INFO  server.RaftServerConfigKeys (ConfUtils.java:logGet(43)) - raft.server.log.statemachine.data.sync.timeout = 10s (default)
2019-07-30 08:57:31,463 INFO  server.RaftServerConfigKeys (ConfUtils.java:logGet(43)) - raft.server.log.force.sync.num = 128 (default)
2019-07-30 08:57:31,463 INFO  server.RaftServerConfigKeys (ConfUtils.java:logGet(43)) - raft.server.log.statemachine.data.sync.timeout.retry = -1 (default)
2019-07-30 08:57:31,463 INFO  server.RaftServerConfigKeys (ConfUtils.java:logGet(43)) - raft.server.log.statemachine.data.sync = true (default)
2019-07-30 08:57:31,463 INFO  server.RaftServerConfigKeys (ConfUtils.java:logGet(43)) - raft.server.log.statemachine.data.caching.enabled = true (custom)
2019-07-30 08:57:31,464 INFO  server.RaftServerConfigKeys (ConfUtils.java:logGet(43)) - raft.server.log.statemachine.data.sync.timeout = 10s (default)
2019-07-30 08:57:31,466 INFO  server.RaftServerConfigKeys (ConfUtils.java:logGet(43)) - raft.server.log.statemachine.data.sync.timeout.retry = -1 (default)
2019-07-30 08:57:31,466 INFO  segmented.SegmentedRaftLogWorker (SegmentedRaftLogWorker.java:lambda$new$0(132)) - ce42eed1-aeb3-4af4-8a16-c8c6c6fb1ddd-SegmentedRaftLogWorker:Storage Directory /workdir/hadoop-ozone/integration-test/target/test-dir/MiniOzoneClusterImpl-ec18d819-8831-4f43-8598-3e158f28a63b/datanode-5/data/ratis/010cdbcc-1781-4a3f-97c2-3633636c8ba9: flushIndex: setUnconditionally 0 -> -1
2019-07-30 08:57:31,466 INFO  server.RaftServerConfigKeys (ConfUtils.java:logGet(43)) - raft.server.log.statemachine.data.caching.enabled = true (custom)
2019-07-30 08:57:31,467 INFO  server.RaftServerConfigKeys (ConfUtils.java:logGet(43)) - raft.server.snapshot.auto.trigger.enabled = true (custom)
2019-07-30 08:57:31,467 INFO  segmented.SegmentedRaftLogWorker (SegmentedRaftLogWorker.java:lambda$new$0(132)) - 83c63723-1a17-474a-8de0-17d606968224-SegmentedRaftLogWorker:Storage Directory /workdir/hadoop-ozone/integration-test/target/test-dir/MiniOzoneClusterImpl-ec18d819-8831-4f43-8598-3e158f28a63b/datanode-3/data/ratis/010cdbcc-1781-4a3f-97c2-3633636c8ba9: flushIndex: setUnconditionally 0 -> -1
2019-07-30 08:57:31,467 INFO  server.RaftServerConfigKeys (ConfUtils.java:logGet(43)) - raft.server.snapshot.auto.trigger.threshold = 10000 (custom)
2019-07-30 08:57:31,467 INFO  server.RaftServerConfigKeys (ConfUtils.java:logGet(43)) - raft.server.retrycache.expirytime = 600000ms (custom)
2019-07-30 08:57:31,467 INFO  server.RaftServerConfigKeys (ConfUtils.java:logGet(43)) - raft.server.snapshot.auto.trigger.enabled = true (custom)
2019-07-30 08:57:31,467 INFO  impl.RaftServerImpl (RaftServerImpl.java:start(180)) - ce42eed1-aeb3-4af4-8a16-c8c6c6fb1ddd: start group-3633636C8BA9
2019-07-30 08:57:31,468 INFO  server.RaftServerConfigKeys (ConfUtils.java:logGet(43)) - raft.server.snapshot.auto.trigger.threshold = 10000 (custom)
2019-07-30 08:57:31,468 INFO  impl.RaftServerImpl (RaftServerImpl.java:setRole(171)) - ce42eed1-aeb3-4af4-8a16-c8c6c6fb1ddd:group-3633636C8BA9 changes role from null to FOLLOWER at term 0 for startAsFollower
2019-07-30 08:57:31,468 INFO  server.RaftServerConfigKeys (ConfUtils.java:logGet(43)) - raft.server.retrycache.expirytime = 600000ms (custom)
2019-07-30 08:57:31,468 INFO  impl.RoleInfo (RoleInfo.java:updateAndGet(143)) - ce42eed1-aeb3-4af4-8a16-c8c6c6fb1ddd: start FollowerState
2019-07-30 08:57:31,468 INFO  impl.RaftServerImpl (RaftServerImpl.java:start(180)) - 83c63723-1a17-474a-8de0-17d606968224: start group-3633636C8BA9
2019-07-30 08:57:31,468 INFO  impl.RaftServerImpl (RaftServerImpl.java:setRole(171)) - 83c63723-1a17-474a-8de0-17d606968224:group-3633636C8BA9 changes role from null to FOLLOWER at term 0 for startAsFollower
2019-07-30 08:57:31,468 INFO  impl.RoleInfo (RoleInfo.java:updateAndGet(143)) - 83c63723-1a17-474a-8de0-17d606968224: start FollowerState
2019-07-30 08:57:31,468 INFO  util.JmxRegister (JmxRegister.java:tryRegister(44)) - Successfully registered JMX Bean with object name Ratis:service=RaftServer,group=group-3633636C8BA9,id=ce42eed1-aeb3-4af4-8a16-c8c6c6fb1ddd
2019-07-30 08:57:31,469 INFO  util.JmxRegister (JmxRegister.java:tryRegister(44)) - Successfully registered JMX Bean with object name Ratis:service=RaftServer,group=group-3633636C8BA9,id=83c63723-1a17-474a-8de0-17d606968224
2019-07-30 08:57:31,475 INFO  pipeline.PipelineStateManager (PipelineStateManager.java:addPipeline(56)) - Created pipeline Pipeline[ Id: 010cdbcc-1781-4a3f-97c2-3633636c8ba9, Nodes: ce42eed1-aeb3-4af4-8a16-c8c6c6fb1ddd{ip: 192.168.69.91, host: byscane-nightly-jdzkf-783033596, networkLocation: /default-rack, certSerialId: null}0b6e9b23-4ab2-4168-b0e9-3eda68ab3ffc{ip: 192.168.69.91, host: byscane-nightly-jdzkf-783033596, networkLocation: /default-rack, certSerialId: null}83c63723-1a17-474a-8de0-17d606968224{ip: 192.168.69.91, host: byscane-nightly-jdzkf-783033596, networkLocation: /default-rack, certSerialId: null}, Type:RATIS, Factor:THREE, State:OPEN]
2019-07-30 08:57:31,523 INFO  ozone.MiniOzoneClusterImpl (MiniOzoneClusterImpl.java:lambda$waitForClusterToBeReady$0(142)) - Waiting for cluster to be ready. Got 6 of 7 DN Heartbeats.
2019-07-30 08:57:31,524 INFO  net.NetworkTopology (NetworkTopologyImpl.java:add(110)) - Added a new node: /default-rack/0f5b08a3-d029-4451-8d44-9a357d55ac60
2019-07-30 08:57:31,524 INFO  node.SCMNodeManager (SCMNodeManager.java:register(273)) - Registered Data node : 0f5b08a3-d029-4451-8d44-9a357d55ac60{ip: 192.168.69.91, host: byscane-nightly-jdzkf-783033596, networkLocation: /default-rack, certSerialId: null}
2019-07-30 08:57:31,533 INFO  impl.RaftServerProxy (RaftServerProxy.java:addNew(89)) - 0f5b08a3-d029-4451-8d44-9a357d55ac60: addNew group-C82378D58B81:[0f5b08a3-d029-4451-8d44-9a357d55ac60:192.168.69.91:40527] returns group-C82378D58B81:java.util.concurrent.CompletableFuture@90bfc4f[Not completed]
2019-07-30 08:57:31,534 INFO  impl.RaftServerImpl (RaftServerImpl.java:<init>(93)) - 0f5b08a3-d029-4451-8d44-9a357d55ac60: new RaftServerImpl for group-C82378D58B81:[0f5b08a3-d029-4451-8d44-9a357d55ac60:192.168.69.91:40527] with ContainerStateMachine:uninitialized
2019-07-30 08:57:31,534 INFO  server.RaftServerConfigKeys (ConfUtils.java:logGet(43)) - raft.server.rpc.timeout.min = 5s (custom)
2019-07-30 08:57:31,535 INFO  server.RaftServerConfigKeys (ConfUtils.java:logGet(43)) - raft.server.rpc.timeout.max = 5200ms (custom)
2019-07-30 08:57:31,535 INFO  server.RaftServerConfigKeys (ConfUtils.java:logGet(43)) - raft.server.rpcslowness.timeout = 120s (custom)
2019-07-30 08:57:31,535 INFO  server.RaftServerConfigKeys (ConfUtils.java:logGet(43)) - raft.server.sleep.deviation.threshold = 300 (default)
2019-07-30 08:57:31,535 INFO  server.RaftServerConfigKeys (ConfUtils.java:logGet(43)) - raft.server.log.appender.install.snapshot.enabled = false (custom)
2019-07-30 08:57:31,535 INFO  impl.RaftServerImpl (ServerState.java:<init>(105)) - 0f5b08a3-d029-4451-8d44-9a357d55ac60:group-C82378D58B81 ConfigurationManager, init=-1: [0f5b08a3-d029-4451-8d44-9a357d55ac60:192.168.69.91:40527], old=null, confs=<EMPTY_MAP>
2019-07-30 08:57:31,535 INFO  server.RaftServerConfigKeys (ConfUtils.java:logGet(43)) - raft.server.storage.dir = [/workdir/hadoop-ozone/integration-test/target/test-dir/MiniOzoneClusterImpl-ec18d819-8831-4f43-8598-3e158f28a63b/datanode-6/data/ratis] (custom)
2019-07-30 08:57:31,536 INFO  storage.RaftStorageDirectory (RaftStorageDirectory.java:analyzeStorage(246)) - The storage directory /workdir/hadoop-ozone/integration-test/target/test-dir/MiniOzoneClusterImpl-ec18d819-8831-4f43-8598-3e158f28a63b/datanode-6/data/ratis/e99ce509-f8ee-41ec-9f6b-c82378d58b81 does not exist. Creating ...
2019-07-30 08:57:31,542 INFO  storage.RaftStorageDirectory (RaftStorageDirectory.java:tryLock(328)) - Lock on /workdir/hadoop-ozone/integration-test/target/test-dir/MiniOzoneClusterImpl-ec18d819-8831-4f43-8598-3e158f28a63b/datanode-6/data/ratis/e99ce509-f8ee-41ec-9f6b-c82378d58b81/in_use.lock acquired by nodename 25965@byscane-nightly-jdzkf-783033596
2019-07-30 08:57:31,556 INFO  storage.RaftStorage (RaftStorage.java:format(72)) - Storage directory /workdir/hadoop-ozone/integration-test/target/test-dir/MiniOzoneClusterImpl-ec18d819-8831-4f43-8598-3e158f28a63b/datanode-6/data/ratis/e99ce509-f8ee-41ec-9f6b-c82378d58b81 has been successfully formatted.
2019-07-30 08:57:31,556 INFO  ratis.ContainerStateMachine (ContainerStateMachine.java:loadSnapshot(213)) - group-C82378D58B81: The snapshot info is null. Setting the last applied indexto:(t:0, i:~)
2019-07-30 08:57:31,556 INFO  server.RaftServerConfigKeys (ConfUtils.java:logGet(43)) - raft.server.leader.election.timeout = 120s (custom)
2019-07-30 08:57:31,556 INFO  server.RaftServerConfigKeys (ConfUtils.java:logGet(43)) - raft.server.log.use.memory = false (default)
2019-07-30 08:57:31,556 INFO  server.RaftServerConfigKeys (ConfUtils.java:logGet(43)) - raft.server.log.purge.gap = 1000000000 (custom)
2019-07-30 08:57:31,557 INFO  server.RaftServerConfigKeys (ConfUtils.java:logGet(43)) - raft.server.log.appender.buffer.byte-limit = 33554432 (custom)
2019-07-30 08:57:31,557 INFO  server.RaftServerConfigKeys (ConfUtils.java:logGet(43)) - raft.server.log.segment.size.max = 1048576 (custom)
2019-07-30 08:57:31,557 INFO  server.RaftServerConfigKeys (ConfUtils.java:logGet(43)) - raft.server.log.segment.cache.num.max = 2 (custom)
2019-07-30 08:57:31,557 INFO  segmented.SegmentedRaftLogWorker (SegmentedRaftLogWorker.java:<init>(172)) - new 0f5b08a3-d029-4451-8d44-9a357d55ac60-SegmentedRaftLogWorker:Storage Directory /workdir/hadoop-ozone/integration-test/target/test-dir/MiniOzoneClusterImpl-ec18d819-8831-4f43-8598-3e158f28a63b/datanode-6/data/ratis/e99ce509-f8ee-41ec-9f6b-c82378d58b81 for RaftStorage:Storage Directory /workdir/hadoop-ozone/integration-test/target/test-dir/MiniOzoneClusterImpl-ec18d819-8831-4f43-8598-3e158f28a63b/datanode-6/data/ratis/e99ce509-f8ee-41ec-9f6b-c82378d58b81
2019-07-30 08:57:31,557 INFO  server.RaftServerConfigKeys (ConfUtils.java:logGet(43)) - raft.server.log.queue.byte-limit = 2147483647 (custom)
2019-07-30 08:57:31,557 INFO  server.RaftServerConfigKeys (ConfUtils.java:logGet(43)) - raft.server.log.queue.element-limit = 1024 (custom)
2019-07-30 08:57:31,558 INFO  server.RaftServerConfigKeys (ConfUtils.java:logGet(43)) - raft.server.log.segment.size.max = 1048576 (custom)
2019-07-30 08:57:31,558 INFO  server.RaftServerConfigKeys (ConfUtils.java:logGet(43)) - raft.server.log.preallocated.size = 16384 (custom)
2019-07-30 08:57:31,558 INFO  server.RaftServerConfigKeys (ConfUtils.java:logGet(43)) - raft.server.log.write.buffer.size = 33554432 (custom)
2019-07-30 08:57:31,558 INFO  server.RaftServerConfigKeys (ConfUtils.java:logGet(43)) - raft.server.log.force.sync.num = 128 (default)
2019-07-30 08:57:31,558 INFO  server.RaftServerConfigKeys (ConfUtils.java:logGet(43)) - raft.server.log.statemachine.data.sync = true (default)
2019-07-30 08:57:31,558 INFO  server.RaftServerConfigKeys (ConfUtils.java:logGet(43)) - raft.server.log.statemachine.data.sync.timeout = 10s (default)
2019-07-30 08:57:31,559 INFO  server.RaftServerConfigKeys (ConfUtils.java:logGet(43)) - raft.server.log.statemachine.data.sync.timeout.retry = -1 (default)
2019-07-30 08:57:31,559 INFO  server.RaftServerConfigKeys (ConfUtils.java:logGet(43)) - raft.server.log.statemachine.data.caching.enabled = true (custom)
2019-07-30 08:57:31,559 INFO  segmented.SegmentedRaftLogWorker (SegmentedRaftLogWorker.java:lambda$new$0(132)) - 0f5b08a3-d029-4451-8d44-9a357d55ac60-SegmentedRaftLogWorker:Storage Directory /workdir/hadoop-ozone/integration-test/target/test-dir/MiniOzoneClusterImpl-ec18d819-8831-4f43-8598-3e158f28a63b/datanode-6/data/ratis/e99ce509-f8ee-41ec-9f6b-c82378d58b81: flushIndex: setUnconditionally 0 -> -1
2019-07-30 08:57:31,560 INFO  server.RaftServerConfigKeys (ConfUtils.java:logGet(43)) - raft.server.snapshot.auto.trigger.enabled = true (custom)
2019-07-30 08:57:31,560 INFO  server.RaftServerConfigKeys (ConfUtils.java:logGet(43)) - raft.server.snapshot.auto.trigger.threshold = 10000 (custom)
2019-07-30 08:57:31,560 INFO  server.RaftServerConfigKeys (ConfUtils.java:logGet(43)) - raft.server.retrycache.expirytime = 600000ms (custom)
2019-07-30 08:57:31,560 INFO  impl.RaftServerImpl (RaftServerImpl.java:start(180)) - 0f5b08a3-d029-4451-8d44-9a357d55ac60: start group-C82378D58B81
2019-07-30 08:57:31,560 INFO  impl.RaftServerImpl (RaftServerImpl.java:setRole(171)) - 0f5b08a3-d029-4451-8d44-9a357d55ac60:group-C82378D58B81 changes role from null to FOLLOWER at term 0 for startAsFollower
2019-07-30 08:57:31,561 INFO  impl.RoleInfo (RoleInfo.java:updateAndGet(143)) - 0f5b08a3-d029-4451-8d44-9a357d55ac60: start FollowerState
2019-07-30 08:57:31,561 INFO  util.JmxRegister (JmxRegister.java:tryRegister(44)) - Successfully registered JMX Bean with object name Ratis:service=RaftServer,group=group-C82378D58B81,id=0f5b08a3-d029-4451-8d44-9a357d55ac60
2019-07-30 08:57:31,566 INFO  pipeline.PipelineStateManager (PipelineStateManager.java:addPipeline(56)) - Created pipeline Pipeline[ Id: e99ce509-f8ee-41ec-9f6b-c82378d58b81, Nodes: 0f5b08a3-d029-4451-8d44-9a357d55ac60{ip: 192.168.69.91, host: byscane-nightly-jdzkf-783033596, networkLocation: /default-rack, certSerialId: null}, Type:RATIS, Factor:ONE, State:OPEN]
2019-07-30 08:57:32,524 INFO  ozone.MiniOzoneClusterImpl (MiniOzoneClusterImpl.java:lambda$waitForClusterToBeReady$0(142)) - Cluster is ready. Got 7 of 7 DN Heartbeats.
2019-07-30 08:57:32,568 INFO  rpc.RpcClient (RpcClient.java:createVolume(288)) - Creating Volume: testblockoutputstream, with jenkins1000 as owner.
2019-07-30 08:57:32,581 INFO  rpc.RpcClient (RpcClient.java:createBucket(425)) - Creating Bucket: testblockoutputstream/testblockoutputstream, with Versioning false and Storage Type set to DISK and Encryption set to false 
2019-07-30 08:57:32,609 INFO  client.GrpcClientProtocolClient (GrpcClientProtocolClient.java:onNext(255)) - client-1884A89883AD->675230fa-958a-4583-ba4a-b811c63b9892: receive RaftClientReply:client-1884A89883AD->675230fa-958a-4583-ba4a-b811c63b9892@group-3539889D6673, cid=183, FAILED org.apache.ratis.protocol.NotLeaderException: Server 675230fa-958a-4583-ba4a-b811c63b9892 is not the leader (null). Request must be sent to leader., logIndex=0, commits[675230fa-958a-4583-ba4a-b811c63b9892:c-1]
2019-07-30 08:57:33,401 INFO  container.ReplicationManager (ReplicationManager.java:start(155)) - Starting Replication Monitor Thread.
2019-07-30 08:57:33,406 INFO  container.ReplicationManager (ReplicationManager.java:run(207)) - Replication Monitor Thread took 0 milliseconds for processing 1 containers.
2019-07-30 08:57:33,626 INFO  client.GrpcClientProtocolClient (GrpcClientProtocolClient.java:onNext(255)) - client-1884A89883AD->c76232fa-95ac-4204-904c-cdb5ace277d5: receive RaftClientReply:client-1884A89883AD->c76232fa-95ac-4204-904c-cdb5ace277d5@group-3539889D6673, cid=183, FAILED org.apache.ratis.protocol.NotLeaderException: Server c76232fa-95ac-4204-904c-cdb5ace277d5 is not the leader (null). Request must be sent to leader., logIndex=0, commits[c76232fa-95ac-4204-904c-cdb5ace277d5:c-1]
2019-07-30 08:57:34,638 INFO  client.GrpcClientProtocolClient (GrpcClientProtocolClient.java:onNext(255)) - client-1884A89883AD->675230fa-958a-4583-ba4a-b811c63b9892: receive RaftClientReply:client-1884A89883AD->675230fa-958a-4583-ba4a-b811c63b9892@group-3539889D6673, cid=183, FAILED org.apache.ratis.protocol.NotLeaderException: Server 675230fa-958a-4583-ba4a-b811c63b9892 is not the leader (null). Request must be sent to leader., logIndex=0, commits[675230fa-958a-4583-ba4a-b811c63b9892:c-1]
2019-07-30 08:57:35,587 INFO  impl.FollowerState (FollowerState.java:run(106)) - c014cdec-9ba0-4cb2-a67e-4bd5e312e45d:group-9A638C2951D4 changes to CANDIDATE, lastRpcTime:5133, electionTimeout:5133ms
2019-07-30 08:57:35,588 INFO  impl.RoleInfo (RoleInfo.java:shutdownFollowerState(121)) - c014cdec-9ba0-4cb2-a67e-4bd5e312e45d: shutdown FollowerState
2019-07-30 08:57:35,588 INFO  impl.RaftServerImpl (RaftServerImpl.java:setRole(171)) - c014cdec-9ba0-4cb2-a67e-4bd5e312e45d:group-9A638C2951D4 changes role from FOLLOWER to CANDIDATE at term 0 for changeToCandidate
2019-07-30 08:57:35,588 INFO  impl.RoleInfo (RoleInfo.java:updateAndGet(143)) - c014cdec-9ba0-4cb2-a67e-4bd5e312e45d: start LeaderElection
2019-07-30 08:57:35,609 INFO  impl.LeaderElection (LeaderElection.java:askForVotes(181)) - c014cdec-9ba0-4cb2-a67e-4bd5e312e45d:group-9A638C2951D4:LeaderElection65: begin an election at term 1 for -1: [c014cdec-9ba0-4cb2-a67e-4bd5e312e45d:192.168.69.91:39885], old=null
2019-07-30 08:57:35,610 INFO  impl.RoleInfo (RoleInfo.java:shutdownLeaderElection(134)) - c014cdec-9ba0-4cb2-a67e-4bd5e312e45d: shutdown LeaderElection
2019-07-30 08:57:35,610 INFO  impl.RaftServerImpl (RaftServerImpl.java:setRole(171)) - c014cdec-9ba0-4cb2-a67e-4bd5e312e45d:group-9A638C2951D4 changes role from CANDIDATE to LEADER at term 1 for changeToLeader
2019-07-30 08:57:35,610 INFO  impl.RaftServerImpl (ServerState.java:setLeader(263)) - c014cdec-9ba0-4cb2-a67e-4bd5e312e45d:group-9A638C2951D4 change Leader from null to c014cdec-9ba0-4cb2-a67e-4bd5e312e45d at term 1 for becomeLeader, leader elected after 5160ms
2019-07-30 08:57:35,610 INFO  server.RaftServerConfigKeys (ConfUtils.java:logGet(43)) - raft.server.staging.catchup.gap = 1000 (default)
2019-07-30 08:57:35,610 INFO  server.RaftServerConfigKeys (ConfUtils.java:logGet(43)) - raft.server.rpc.sleep.time = 25ms (default)
2019-07-30 08:57:35,610 INFO  server.RaftServerConfigKeys (ConfUtils.java:logGet(43)) - raft.server.write.element-limit = 4096 (default)
2019-07-30 08:57:35,611 INFO  server.RaftServerConfigKeys (ConfUtils.java:logGet(43)) - raft.server.watch.timeout = 10s (default)
2019-07-30 08:57:35,611 INFO  server.RaftServerConfigKeys (ConfUtils.java:logGet(43)) - raft.server.watch.timeout.denomination = 1s (default)
2019-07-30 08:57:35,611 INFO  server.RaftServerConfigKeys (ConfUtils.java:logGet(43)) - raft.server.watch.element-limit = 65536 (default)
2019-07-30 08:57:35,611 INFO  impl.RoleInfo (RoleInfo.java:updateAndGet(143)) - c014cdec-9ba0-4cb2-a67e-4bd5e312e45d: start LeaderState
2019-07-30 08:57:35,612 INFO  segmented.SegmentedRaftLogWorker (SegmentedRaftLogWorker.java:startLogSegment(380)) - c014cdec-9ba0-4cb2-a67e-4bd5e312e45d-SegmentedRaftLogWorker:Storage Directory /workdir/hadoop-ozone/integration-test/target/test-dir/MiniOzoneClusterImpl-ec18d819-8831-4f43-8598-3e158f28a63b/datanode-0/data/ratis/5d77910a-1b85-4a9d-b2a3-9a638c2951d4: Starting segment from index:0
2019-07-30 08:57:35,612 INFO  impl.RaftServerImpl (ServerState.java:setRaftConf(361)) - c014cdec-9ba0-4cb2-a67e-4bd5e312e45d:group-9A638C2951D4 set configuration 0: [c014cdec-9ba0-4cb2-a67e-4bd5e312e45d:192.168.69.91:39885], old=null at 0
2019-07-30 08:57:35,634 INFO  segmented.SegmentedRaftLogWorker (SegmentedRaftLogWorker.java:execute(569)) - c014cdec-9ba0-4cb2-a67e-4bd5e312e45d-SegmentedRaftLogWorker:Storage Directory /workdir/hadoop-ozone/integration-test/target/test-dir/MiniOzoneClusterImpl-ec18d819-8831-4f43-8598-3e158f28a63b/datanode-0/data/ratis/5d77910a-1b85-4a9d-b2a3-9a638c2951d4: created new log segment /workdir/hadoop-ozone/integration-test/target/test-dir/MiniOzoneClusterImpl-ec18d819-8831-4f43-8598-3e158f28a63b/datanode-0/data/ratis/5d77910a-1b85-4a9d-b2a3-9a638c2951d4/current/log_inprogress_0
2019-07-30 08:57:35,659 INFO  client.GrpcClientProtocolClient (GrpcClientProtocolClient.java:onNext(255)) - client-1884A89883AD->c014cdec-9ba0-4cb2-a67e-4bd5e312e45d: receive RaftClientReply:client-1884A89883AD->c014cdec-9ba0-4cb2-a67e-4bd5e312e45d@group-3539889D6673, cid=183, FAILED org.apache.ratis.protocol.NotLeaderException: Server c014cdec-9ba0-4cb2-a67e-4bd5e312e45d is not the leader (null). Request must be sent to leader., logIndex=0, commits[c014cdec-9ba0-4cb2-a67e-4bd5e312e45d:c-1]
2019-07-30 08:57:35,724 INFO  impl.FollowerState (FollowerState.java:run(106)) - 675230fa-958a-4583-ba4a-b811c63b9892:group-055FC9C0C632 changes to CANDIDATE, lastRpcTime:5119, electionTimeout:5119ms
2019-07-30 08:57:35,724 INFO  impl.RoleInfo (RoleInfo.java:shutdownFollowerState(121)) - 675230fa-958a-4583-ba4a-b811c63b9892: shutdown FollowerState
2019-07-30 08:57:35,724 INFO  impl.RaftServerImpl (RaftServerImpl.java:setRole(171)) - 675230fa-958a-4583-ba4a-b811c63b9892:group-055FC9C0C632 changes role from FOLLOWER to CANDIDATE at term 0 for changeToCandidate
2019-07-30 08:57:35,724 INFO  impl.RoleInfo (RoleInfo.java:updateAndGet(143)) - 675230fa-958a-4583-ba4a-b811c63b9892: start LeaderElection
2019-07-30 08:57:35,742 INFO  impl.LeaderElection (LeaderElection.java:askForVotes(181)) - 675230fa-958a-4583-ba4a-b811c63b9892:group-055FC9C0C632:LeaderElection66: begin an election at term 1 for -1: [675230fa-958a-4583-ba4a-b811c63b9892:192.168.69.91:39952], old=null
2019-07-30 08:57:35,742 INFO  impl.RoleInfo (RoleInfo.java:shutdownLeaderElection(134)) - 675230fa-958a-4583-ba4a-b811c63b9892: shutdown LeaderElection
2019-07-30 08:57:35,743 INFO  impl.RaftServerImpl (RaftServerImpl.java:setRole(171)) - 675230fa-958a-4583-ba4a-b811c63b9892:group-055FC9C0C632 changes role from CANDIDATE to LEADER at term 1 for changeToLeader
2019-07-30 08:57:35,743 INFO  impl.RaftServerImpl (ServerState.java:setLeader(263)) - 675230fa-958a-4583-ba4a-b811c63b9892:group-055FC9C0C632 change Leader from null to 675230fa-958a-4583-ba4a-b811c63b9892 at term 1 for becomeLeader, leader elected after 5143ms
2019-07-30 08:57:35,743 INFO  server.RaftServerConfigKeys (ConfUtils.java:logGet(43)) - raft.server.staging.catchup.gap = 1000 (default)
2019-07-30 08:57:35,743 INFO  server.RaftServerConfigKeys (ConfUtils.java:logGet(43)) - raft.server.rpc.sleep.time = 25ms (default)
2019-07-30 08:57:35,743 INFO  server.RaftServerConfigKeys (ConfUtils.java:logGet(43)) - raft.server.write.element-limit = 4096 (default)
2019-07-30 08:57:35,743 INFO  server.RaftServerConfigKeys (ConfUtils.java:logGet(43)) - raft.server.watch.timeout = 10s (default)
2019-07-30 08:57:35,743 INFO  server.RaftServerConfigKeys (ConfUtils.java:logGet(43)) - raft.server.watch.timeout.denomination = 1s (default)
2019-07-30 08:57:35,744 INFO  server.RaftServerConfigKeys (ConfUtils.java:logGet(43)) - raft.server.watch.element-limit = 65536 (default)
2019-07-30 08:57:35,744 INFO  impl.RoleInfo (RoleInfo.java:updateAndGet(143)) - 675230fa-958a-4583-ba4a-b811c63b9892: start LeaderState
2019-07-30 08:57:35,744 INFO  segmented.SegmentedRaftLogWorker (SegmentedRaftLogWorker.java:startLogSegment(380)) - 675230fa-958a-4583-ba4a-b811c63b9892-SegmentedRaftLogWorker:Storage Directory /workdir/hadoop-ozone/integration-test/target/test-dir/MiniOzoneClusterImpl-ec18d819-8831-4f43-8598-3e158f28a63b/datanode-1/data/ratis/e3e8aeaa-40c8-413e-b704-055fc9c0c632: Starting segment from index:0
2019-07-30 08:57:35,745 INFO  impl.RaftServerImpl (ServerState.java:setRaftConf(361)) - 675230fa-958a-4583-ba4a-b811c63b9892:group-055FC9C0C632 set configuration 0: [675230fa-958a-4583-ba4a-b811c63b9892:192.168.69.91:39952], old=null at 0
2019-07-30 08:57:35,769 INFO  segmented.SegmentedRaftLogWorker (SegmentedRaftLogWorker.java:execute(569)) - 675230fa-958a-4583-ba4a-b811c63b9892-SegmentedRaftLogWorker:Storage Directory /workdir/hadoop-ozone/integration-test/target/test-dir/MiniOzoneClusterImpl-ec18d819-8831-4f43-8598-3e158f28a63b/datanode-1/data/ratis/e3e8aeaa-40c8-413e-b704-055fc9c0c632: created new log segment /workdir/hadoop-ozone/integration-test/target/test-dir/MiniOzoneClusterImpl-ec18d819-8831-4f43-8598-3e158f28a63b/datanode-1/data/ratis/e3e8aeaa-40c8-413e-b704-055fc9c0c632/current/log_inprogress_0
2019-07-30 08:57:35,974 INFO  impl.FollowerState (FollowerState.java:run(106)) - c76232fa-95ac-4204-904c-cdb5ace277d5:group-EE5E03BADA1E changes to CANDIDATE, lastRpcTime:5050, electionTimeout:5050ms
2019-07-30 08:57:35,974 INFO  impl.RoleInfo (RoleInfo.java:shutdownFollowerState(121)) - c76232fa-95ac-4204-904c-cdb5ace277d5: shutdown FollowerState
2019-07-30 08:57:35,974 INFO  impl.RaftServerImpl (RaftServerImpl.java:setRole(171)) - c76232fa-95ac-4204-904c-cdb5ace277d5:group-EE5E03BADA1E changes role from FOLLOWER to CANDIDATE at term 0 for changeToCandidate
2019-07-30 08:57:35,975 INFO  impl.RoleInfo (RoleInfo.java:updateAndGet(143)) - c76232fa-95ac-4204-904c-cdb5ace277d5: start LeaderElection
2019-07-30 08:57:35,993 INFO  impl.LeaderElection (LeaderElection.java:askForVotes(181)) - c76232fa-95ac-4204-904c-cdb5ace277d5:group-EE5E03BADA1E:LeaderElection67: begin an election at term 1 for -1: [c76232fa-95ac-4204-904c-cdb5ace277d5:192.168.69.91:39367], old=null
2019-07-30 08:57:35,993 INFO  impl.RoleInfo (RoleInfo.java:shutdownLeaderElection(134)) - c76232fa-95ac-4204-904c-cdb5ace277d5: shutdown LeaderElection
2019-07-30 08:57:35,993 INFO  impl.RaftServerImpl (RaftServerImpl.java:setRole(171)) - c76232fa-95ac-4204-904c-cdb5ace277d5:group-EE5E03BADA1E changes role from CANDIDATE to LEADER at term 1 for changeToLeader
2019-07-30 08:57:35,993 INFO  impl.RaftServerImpl (ServerState.java:setLeader(263)) - c76232fa-95ac-4204-904c-cdb5ace277d5:group-EE5E03BADA1E change Leader from null to c76232fa-95ac-4204-904c-cdb5ace277d5 at term 1 for becomeLeader, leader elected after 5075ms
2019-07-30 08:57:35,993 INFO  server.RaftServerConfigKeys (ConfUtils.java:logGet(43)) - raft.server.staging.catchup.gap = 1000 (default)
2019-07-30 08:57:35,993 INFO  server.RaftServerConfigKeys (ConfUtils.java:logGet(43)) - raft.server.rpc.sleep.time = 25ms (default)
2019-07-30 08:57:35,993 INFO  server.RaftServerConfigKeys (ConfUtils.java:logGet(43)) - raft.server.write.element-limit = 4096 (default)
2019-07-30 08:57:35,994 INFO  server.RaftServerConfigKeys (ConfUtils.java:logGet(43)) - raft.server.watch.timeout = 10s (default)
2019-07-30 08:57:35,994 INFO  server.RaftServerConfigKeys (ConfUtils.java:logGet(43)) - raft.server.watch.timeout.denomination = 1s (default)
2019-07-30 08:57:35,994 INFO  server.RaftServerConfigKeys (ConfUtils.java:logGet(43)) - raft.server.watch.element-limit = 65536 (default)
2019-07-30 08:57:35,994 INFO  impl.RoleInfo (RoleInfo.java:updateAndGet(143)) - c76232fa-95ac-4204-904c-cdb5ace277d5: start LeaderState
2019-07-30 08:57:35,994 INFO  segmented.SegmentedRaftLogWorker (SegmentedRaftLogWorker.java:startLogSegment(380)) - c76232fa-95ac-4204-904c-cdb5ace277d5-SegmentedRaftLogWorker:Storage Directory /workdir/hadoop-ozone/integration-test/target/test-dir/MiniOzoneClusterImpl-ec18d819-8831-4f43-8598-3e158f28a63b/datanode-2/data/ratis/6d940ff7-5634-4336-ad47-ee5e03bada1e: Starting segment from index:0
2019-07-30 08:57:35,995 INFO  impl.RaftServerImpl (ServerState.java:setRaftConf(361)) - c76232fa-95ac-4204-904c-cdb5ace277d5:group-EE5E03BADA1E set configuration 0: [c76232fa-95ac-4204-904c-cdb5ace277d5:192.168.69.91:39367], old=null at 0
2019-07-30 08:57:36,029 INFO  segmented.SegmentedRaftLogWorker (SegmentedRaftLogWorker.java:execute(569)) - c76232fa-95ac-4204-904c-cdb5ace277d5-SegmentedRaftLogWorker:Storage Directory /workdir/hadoop-ozone/integration-test/target/test-dir/MiniOzoneClusterImpl-ec18d819-8831-4f43-8598-3e158f28a63b/datanode-2/data/ratis/6d940ff7-5634-4336-ad47-ee5e03bada1e: created new log segment /workdir/hadoop-ozone/integration-test/target/test-dir/MiniOzoneClusterImpl-ec18d819-8831-4f43-8598-3e158f28a63b/datanode-2/data/ratis/6d940ff7-5634-4336-ad47-ee5e03bada1e/current/log_inprogress_0
2019-07-30 08:57:36,109 INFO  impl.FollowerState (FollowerState.java:run(106)) - 83c63723-1a17-474a-8de0-17d606968224:group-9F8176FE92DB changes to CANDIDATE, lastRpcTime:5038, electionTimeout:5038ms
2019-07-30 08:57:36,109 INFO  impl.RoleInfo (RoleInfo.java:shutdownFollowerState(121)) - 83c63723-1a17-474a-8de0-17d606968224: shutdown FollowerState
2019-07-30 08:57:36,109 INFO  impl.RaftServerImpl (RaftServerImpl.java:setRole(171)) - 83c63723-1a17-474a-8de0-17d606968224:group-9F8176FE92DB changes role from FOLLOWER to CANDIDATE at term 0 for changeToCandidate
2019-07-30 08:57:36,109 INFO  impl.RoleInfo (RoleInfo.java:updateAndGet(143)) - 83c63723-1a17-474a-8de0-17d606968224: start LeaderElection
2019-07-30 08:57:36,128 INFO  impl.LeaderElection (LeaderElection.java:askForVotes(181)) - 83c63723-1a17-474a-8de0-17d606968224:group-9F8176FE92DB:LeaderElection68: begin an election at term 1 for -1: [83c63723-1a17-474a-8de0-17d606968224:192.168.69.91:45422], old=null
2019-07-30 08:57:36,128 INFO  impl.RoleInfo (RoleInfo.java:shutdownLeaderElection(134)) - 83c63723-1a17-474a-8de0-17d606968224: shutdown LeaderElection
2019-07-30 08:57:36,128 INFO  impl.RaftServerImpl (RaftServerImpl.java:setRole(171)) - 83c63723-1a17-474a-8de0-17d606968224:group-9F8176FE92DB changes role from CANDIDATE to LEADER at term 1 for changeToLeader
2019-07-30 08:57:36,128 INFO  impl.RaftServerImpl (ServerState.java:setLeader(263)) - 83c63723-1a17-474a-8de0-17d606968224:group-9F8176FE92DB change Leader from null to 83c63723-1a17-474a-8de0-17d606968224 at term 1 for becomeLeader, leader elected after 5062ms
2019-07-30 08:57:36,128 INFO  server.RaftServerConfigKeys (ConfUtils.java:logGet(43)) - raft.server.staging.catchup.gap = 1000 (default)
2019-07-30 08:57:36,129 INFO  server.RaftServerConfigKeys (ConfUtils.java:logGet(43)) - raft.server.rpc.sleep.time = 25ms (default)
2019-07-30 08:57:36,129 INFO  server.RaftServerConfigKeys (ConfUtils.java:logGet(43)) - raft.server.write.element-limit = 4096 (default)
2019-07-30 08:57:36,129 INFO  server.RaftServerConfigKeys (ConfUtils.java:logGet(43)) - raft.server.watch.timeout = 10s (default)
2019-07-30 08:57:36,129 INFO  server.RaftServerConfigKeys (ConfUtils.java:logGet(43)) - raft.server.watch.timeout.denomination = 1s (default)
2019-07-30 08:57:36,129 INFO  server.RaftServerConfigKeys (ConfUtils.java:logGet(43)) - raft.server.watch.element-limit = 65536 (default)
2019-07-30 08:57:36,129 INFO  impl.RoleInfo (RoleInfo.java:updateAndGet(143)) - 83c63723-1a17-474a-8de0-17d606968224: start LeaderState
2019-07-30 08:57:36,130 INFO  segmented.SegmentedRaftLogWorker (SegmentedRaftLogWorker.java:startLogSegment(380)) - 83c63723-1a17-474a-8de0-17d606968224-SegmentedRaftLogWorker:Storage Directory /workdir/hadoop-ozone/integration-test/target/test-dir/MiniOzoneClusterImpl-ec18d819-8831-4f43-8598-3e158f28a63b/datanode-3/data/ratis/82ecedd5-760b-4ef4-af3e-9f8176fe92db: Starting segment from index:0
2019-07-30 08:57:36,130 INFO  impl.RaftServerImpl (ServerState.java:setRaftConf(361)) - 83c63723-1a17-474a-8de0-17d606968224:group-9F8176FE92DB set configuration 0: [83c63723-1a17-474a-8de0-17d606968224:192.168.69.91:45422], old=null at 0
2019-07-30 08:57:36,157 INFO  impl.FollowerState (FollowerState.java:run(106)) - 675230fa-958a-4583-ba4a-b811c63b9892:group-3539889D6673 changes to CANDIDATE, lastRpcTime:5170, electionTimeout:5170ms
2019-07-30 08:57:36,157 INFO  impl.FollowerState (FollowerState.java:run(106)) - c76232fa-95ac-4204-904c-cdb5ace277d5:group-3539889D6673 changes to CANDIDATE, lastRpcTime:5146, electionTimeout:5146ms
2019-07-30 08:57:36,157 INFO  impl.RoleInfo (RoleInfo.java:shutdownFollowerState(121)) - 675230fa-958a-4583-ba4a-b811c63b9892: shutdown FollowerState
2019-07-30 08:57:36,157 INFO  impl.RoleInfo (RoleInfo.java:shutdownFollowerState(121)) - c76232fa-95ac-4204-904c-cdb5ace277d5: shutdown FollowerState
2019-07-30 08:57:36,158 INFO  impl.RaftServerImpl (RaftServerImpl.java:setRole(171)) - 675230fa-958a-4583-ba4a-b811c63b9892:group-3539889D6673 changes role from FOLLOWER to CANDIDATE at term 0 for changeToCandidate
2019-07-30 08:57:36,158 INFO  impl.RaftServerImpl (RaftServerImpl.java:setRole(171)) - c76232fa-95ac-4204-904c-cdb5ace277d5:group-3539889D6673 changes role from FOLLOWER to CANDIDATE at term 0 for changeToCandidate
2019-07-30 08:57:36,158 INFO  impl.RoleInfo (RoleInfo.java:updateAndGet(143)) - 675230fa-958a-4583-ba4a-b811c63b9892: start LeaderElection
2019-07-30 08:57:36,158 INFO  impl.RoleInfo (RoleInfo.java:updateAndGet(143)) - c76232fa-95ac-4204-904c-cdb5ace277d5: start LeaderElection
2019-07-30 08:57:36,172 INFO  segmented.SegmentedRaftLogWorker (SegmentedRaftLogWorker.java:execute(569)) - 83c63723-1a17-474a-8de0-17d606968224-SegmentedRaftLogWorker:Storage Directory /workdir/hadoop-ozone/integration-test/target/test-dir/MiniOzoneClusterImpl-ec18d819-8831-4f43-8598-3e158f28a63b/datanode-3/data/ratis/82ecedd5-760b-4ef4-af3e-9f8176fe92db: created new log segment /workdir/hadoop-ozone/integration-test/target/test-dir/MiniOzoneClusterImpl-ec18d819-8831-4f43-8598-3e158f28a63b/datanode-3/data/ratis/82ecedd5-760b-4ef4-af3e-9f8176fe92db/current/log_inprogress_0
2019-07-30 08:57:36,186 INFO  impl.LeaderElection (LeaderElection.java:askForVotes(181)) - 675230fa-958a-4583-ba4a-b811c63b9892:group-3539889D6673:LeaderElection69: begin an election at term 1 for -1: [675230fa-958a-4583-ba4a-b811c63b9892:192.168.69.91:39952, c76232fa-95ac-4204-904c-cdb5ace277d5:192.168.69.91:39367, c014cdec-9ba0-4cb2-a67e-4bd5e312e45d:192.168.69.91:39885], old=null
2019-07-30 08:57:36,186 INFO  impl.LeaderElection (LeaderElection.java:askForVotes(181)) - c76232fa-95ac-4204-904c-cdb5ace277d5:group-3539889D6673:LeaderElection70: begin an election at term 1 for -1: [675230fa-958a-4583-ba4a-b811c63b9892:192.168.69.91:39952, c76232fa-95ac-4204-904c-cdb5ace277d5:192.168.69.91:39367, c014cdec-9ba0-4cb2-a67e-4bd5e312e45d:192.168.69.91:39885], old=null
2019-07-30 08:57:36,191 INFO  impl.RaftServerImpl (RaftServerImpl.java:setRole(171)) - c014cdec-9ba0-4cb2-a67e-4bd5e312e45d:group-3539889D6673 changes role from FOLLOWER to FOLLOWER at term 1 for recognizeCandidate:675230fa-958a-4583-ba4a-b811c63b9892
2019-07-30 08:57:36,194 INFO  impl.RoleInfo (RoleInfo.java:shutdownFollowerState(121)) - c014cdec-9ba0-4cb2-a67e-4bd5e312e45d: shutdown FollowerState
2019-07-30 08:57:36,197 INFO  impl.RoleInfo (RoleInfo.java:updateAndGet(143)) - c014cdec-9ba0-4cb2-a67e-4bd5e312e45d: start FollowerState
2019-07-30 08:57:36,240 INFO  impl.LeaderElection (LeaderElection.java:logAndReturn(56)) - c76232fa-95ac-4204-904c-cdb5ace277d5:group-3539889D6673:LeaderElection70: Election REJECTED; received 2 response(s) [c76232fa-95ac-4204-904c-cdb5ace277d5<-675230fa-958a-4583-ba4a-b811c63b9892#0:FAIL-t1, c76232fa-95ac-4204-904c-cdb5ace277d5<-c014cdec-9ba0-4cb2-a67e-4bd5e312e45d#0:FAIL-t1] and 0 exception(s); c76232fa-95ac-4204-904c-cdb5ace277d5:t1, leader=null, voted=c76232fa-95ac-4204-904c-cdb5ace277d5, raftlog=c76232fa-95ac-4204-904c-cdb5ace277d5-SegmentedRaftLog:OPENED:c-1,f-1,i0, conf=-1: [675230fa-958a-4583-ba4a-b811c63b9892:192.168.69.91:39952, c76232fa-95ac-4204-904c-cdb5ace277d5:192.168.69.91:39367, c014cdec-9ba0-4cb2-a67e-4bd5e312e45d:192.168.69.91:39885], old=null
2019-07-30 08:57:36,241 INFO  impl.LeaderElection (LeaderElection.java:logAndReturn(56)) - 675230fa-958a-4583-ba4a-b811c63b9892:group-3539889D6673:LeaderElection69: Election PASSED; received 2 response(s) [675230fa-958a-4583-ba4a-b811c63b9892<-c76232fa-95ac-4204-904c-cdb5ace277d5#0:FAIL-t1, 675230fa-958a-4583-ba4a-b811c63b9892<-c014cdec-9ba0-4cb2-a67e-4bd5e312e45d#0:OK-t1] and 0 exception(s); 675230fa-958a-4583-ba4a-b811c63b9892:t1, leader=null, voted=675230fa-958a-4583-ba4a-b811c63b9892, raftlog=675230fa-958a-4583-ba4a-b811c63b9892-SegmentedRaftLog:OPENED:c-1,f-1,i0, conf=-1: [675230fa-958a-4583-ba4a-b811c63b9892:192.168.69.91:39952, c76232fa-95ac-4204-904c-cdb5ace277d5:192.168.69.91:39367, c014cdec-9ba0-4cb2-a67e-4bd5e312e45d:192.168.69.91:39885], old=null
2019-07-30 08:57:36,241 INFO  impl.RaftServerImpl (RaftServerImpl.java:setRole(171)) - c76232fa-95ac-4204-904c-cdb5ace277d5:group-3539889D6673 changes role from CANDIDATE to FOLLOWER at term 1 for DISCOVERED_A_NEW_TERM
2019-07-30 08:57:36,241 INFO  impl.RoleInfo (RoleInfo.java:shutdownLeaderElection(134)) - 675230fa-958a-4583-ba4a-b811c63b9892: shutdown LeaderElection
2019-07-30 08:57:36,241 INFO  impl.RoleInfo (RoleInfo.java:shutdownLeaderElection(134)) - c76232fa-95ac-4204-904c-cdb5ace277d5: shutdown LeaderElection
2019-07-30 08:57:36,241 INFO  impl.RaftServerImpl (RaftServerImpl.java:setRole(171)) - 675230fa-958a-4583-ba4a-b811c63b9892:group-3539889D6673 changes role from CANDIDATE to LEADER at term 1 for changeToLeader
2019-07-30 08:57:36,241 INFO  impl.RoleInfo (RoleInfo.java:updateAndGet(143)) - c76232fa-95ac-4204-904c-cdb5ace277d5: start FollowerState
2019-07-30 08:57:36,241 INFO  impl.RaftServerImpl (ServerState.java:setLeader(263)) - 675230fa-958a-4583-ba4a-b811c63b9892:group-3539889D6673 change Leader from null to 675230fa-958a-4583-ba4a-b811c63b9892 at term 1 for becomeLeader, leader elected after 5262ms
2019-07-30 08:57:36,242 INFO  server.RaftServerConfigKeys (ConfUtils.java:logGet(43)) - raft.server.staging.catchup.gap = 1000 (default)
2019-07-30 08:57:36,242 INFO  server.RaftServerConfigKeys (ConfUtils.java:logGet(43)) - raft.server.rpc.sleep.time = 25ms (default)
2019-07-30 08:57:36,242 INFO  server.RaftServerConfigKeys (ConfUtils.java:logGet(43)) - raft.server.write.element-limit = 4096 (default)
2019-07-30 08:57:36,242 INFO  server.RaftServerConfigKeys (ConfUtils.java:logGet(43)) - raft.server.watch.timeout = 10s (default)
2019-07-30 08:57:36,242 INFO  server.RaftServerConfigKeys (ConfUtils.java:logGet(43)) - raft.server.watch.timeout.denomination = 1s (default)
2019-07-30 08:57:36,242 INFO  server.RaftServerConfigKeys (ConfUtils.java:logGet(43)) - raft.server.watch.element-limit = 65536 (default)
2019-07-30 08:57:36,242 INFO  server.RaftServerConfigKeys (ConfUtils.java:logGet(43)) - raft.server.log.appender.snapshot.chunk.size.max = 16MB (=16777216) (default)
2019-07-30 08:57:36,243 INFO  server.RaftServerConfigKeys (ConfUtils.java:logGet(43)) - raft.server.log.appender.buffer.byte-limit = 33554432 (custom)
2019-07-30 08:57:36,243 INFO  server.RaftServerConfigKeys (ConfUtils.java:logGet(43)) - raft.server.log.appender.buffer.element-limit = 1 (custom)
2019-07-30 08:57:36,243 INFO  grpc.GrpcConfigKeys$Server (ConfUtils.java:logGet(43)) - raft.grpc.server.leader.outstanding.appends.max = 128 (default)
2019-07-30 08:57:36,243 INFO  server.RaftServerConfigKeys (ConfUtils.java:logGet(43)) - raft.server.rpc.request.timeout = 3000ms (default)
2019-07-30 08:57:36,243 INFO  server.RaftServerConfigKeys (ConfUtils.java:logGet(43)) - raft.server.log.appender.install.snapshot.enabled = false (custom)
2019-07-30 08:57:36,243 INFO  server.RaftServerConfigKeys (ConfUtils.java:logGet(43)) - raft.server.log.appender.snapshot.chunk.size.max = 16MB (=16777216) (default)
2019-07-30 08:57:36,243 INFO  server.RaftServerConfigKeys (ConfUtils.java:logGet(43)) - raft.server.log.appender.buffer.byte-limit = 33554432 (custom)
2019-07-30 08:57:36,243 INFO  server.RaftServerConfigKeys (ConfUtils.java:logGet(43)) - raft.server.log.appender.buffer.element-limit = 1 (custom)
2019-07-30 08:57:36,243 INFO  grpc.GrpcConfigKeys$Server (ConfUtils.java:logGet(43)) - raft.grpc.server.leader.outstanding.appends.max = 128 (default)
2019-07-30 08:57:36,244 INFO  server.RaftServerConfigKeys (ConfUtils.java:logGet(43)) - raft.server.rpc.request.timeout = 3000ms (default)
2019-07-30 08:57:36,244 INFO  server.RaftServerConfigKeys (ConfUtils.java:logGet(43)) - raft.server.log.appender.install.snapshot.enabled = false (custom)
2019-07-30 08:57:36,244 INFO  impl.RoleInfo (RoleInfo.java:updateAndGet(143)) - 675230fa-958a-4583-ba4a-b811c63b9892: start LeaderState
2019-07-30 08:57:36,244 INFO  segmented.SegmentedRaftLogWorker (SegmentedRaftLogWorker.java:startLogSegment(380)) - 675230fa-958a-4583-ba4a-b811c63b9892-SegmentedRaftLogWorker:Storage Directory /workdir/hadoop-ozone/integration-test/target/test-dir/MiniOzoneClusterImpl-ec18d819-8831-4f43-8598-3e158f28a63b/datanode-1/data/ratis/c2afb7f4-6ad8-46d0-bdf8-3539889d6673: Starting segment from index:0
2019-07-30 08:57:36,245 INFO  impl.RaftServerImpl (ServerState.java:setRaftConf(361)) - 675230fa-958a-4583-ba4a-b811c63b9892:group-3539889D6673 set configuration 0: [675230fa-958a-4583-ba4a-b811c63b9892:192.168.69.91:39952, c76232fa-95ac-4204-904c-cdb5ace277d5:192.168.69.91:39367, c014cdec-9ba0-4cb2-a67e-4bd5e312e45d:192.168.69.91:39885], old=null at 0
2019-07-30 08:57:36,246 INFO  impl.RaftServerImpl (ServerState.java:setLeader(263)) - c014cdec-9ba0-4cb2-a67e-4bd5e312e45d:group-3539889D6673 change Leader from null to 675230fa-958a-4583-ba4a-b811c63b9892 at term 1 for appendEntries, leader elected after 5266ms
2019-07-30 08:57:36,247 INFO  impl.RaftServerImpl (ServerState.java:setLeader(263)) - c76232fa-95ac-4204-904c-cdb5ace277d5:group-3539889D6673 change Leader from null to 675230fa-958a-4583-ba4a-b811c63b9892 at term 1 for appendEntries, leader elected after 5267ms
2019-07-30 08:57:36,250 INFO  impl.RaftServerImpl (ServerState.java:setRaftConf(361)) - c76232fa-95ac-4204-904c-cdb5ace277d5:group-3539889D6673 set configuration 0: [675230fa-958a-4583-ba4a-b811c63b9892:192.168.69.91:39952, c76232fa-95ac-4204-904c-cdb5ace277d5:192.168.69.91:39367, c014cdec-9ba0-4cb2-a67e-4bd5e312e45d:192.168.69.91:39885], old=null at 0
2019-07-30 08:57:36,251 INFO  segmented.SegmentedRaftLogWorker (SegmentedRaftLogWorker.java:startLogSegment(380)) - c76232fa-95ac-4204-904c-cdb5ace277d5-SegmentedRaftLogWorker:Storage Directory /workdir/hadoop-ozone/integration-test/target/test-dir/MiniOzoneClusterImpl-ec18d819-8831-4f43-8598-3e158f28a63b/datanode-2/data/ratis/c2afb7f4-6ad8-46d0-bdf8-3539889d6673: Starting segment from index:0
2019-07-30 08:57:36,251 INFO  impl.RaftServerImpl (ServerState.java:setRaftConf(361)) - c014cdec-9ba0-4cb2-a67e-4bd5e312e45d:group-3539889D6673 set configuration 0: [675230fa-958a-4583-ba4a-b811c63b9892:192.168.69.91:39952, c76232fa-95ac-4204-904c-cdb5ace277d5:192.168.69.91:39367, c014cdec-9ba0-4cb2-a67e-4bd5e312e45d:192.168.69.91:39885], old=null at 0
2019-07-30 08:57:36,252 INFO  segmented.SegmentedRaftLogWorker (SegmentedRaftLogWorker.java:startLogSegment(380)) - c014cdec-9ba0-4cb2-a67e-4bd5e312e45d-SegmentedRaftLogWorker:Storage Directory /workdir/hadoop-ozone/integration-test/target/test-dir/MiniOzoneClusterImpl-ec18d819-8831-4f43-8598-3e158f28a63b/datanode-0/data/ratis/c2afb7f4-6ad8-46d0-bdf8-3539889d6673: Starting segment from index:0
2019-07-30 08:57:36,253 INFO  impl.FollowerState (FollowerState.java:run(106)) - 0b6e9b23-4ab2-4168-b0e9-3eda68ab3ffc:group-79BCB8AC4AD2 changes to CANDIDATE, lastRpcTime:5008, electionTimeout:5008ms
2019-07-30 08:57:36,253 INFO  impl.RoleInfo (RoleInfo.java:shutdownFollowerState(121)) - 0b6e9b23-4ab2-4168-b0e9-3eda68ab3ffc: shutdown FollowerState
2019-07-30 08:57:36,253 INFO  impl.RaftServerImpl (RaftServerImpl.java:setRole(171)) - 0b6e9b23-4ab2-4168-b0e9-3eda68ab3ffc:group-79BCB8AC4AD2 changes role from FOLLOWER to CANDIDATE at term 0 for changeToCandidate
2019-07-30 08:57:36,253 INFO  impl.RoleInfo (RoleInfo.java:updateAndGet(143)) - 0b6e9b23-4ab2-4168-b0e9-3eda68ab3ffc: start LeaderElection
2019-07-30 08:57:36,298 INFO  segmented.SegmentedRaftLogWorker (SegmentedRaftLogWorker.java:execute(569)) - 675230fa-958a-4583-ba4a-b811c63b9892-SegmentedRaftLogWorker:Storage Directory /workdir/hadoop-ozone/integration-test/target/test-dir/MiniOzoneClusterImpl-ec18d819-8831-4f43-8598-3e158f28a63b/datanode-1/data/ratis/c2afb7f4-6ad8-46d0-bdf8-3539889d6673: created new log segment /workdir/hadoop-ozone/integration-test/target/test-dir/MiniOzoneClusterImpl-ec18d819-8831-4f43-8598-3e158f28a63b/datanode-1/data/ratis/c2afb7f4-6ad8-46d0-bdf8-3539889d6673/current/log_inprogress_0
2019-07-30 08:57:36,299 INFO  impl.LeaderElection (LeaderElection.java:askForVotes(181)) - 0b6e9b23-4ab2-4168-b0e9-3eda68ab3ffc:group-79BCB8AC4AD2:LeaderElection71: begin an election at term 1 for -1: [0b6e9b23-4ab2-4168-b0e9-3eda68ab3ffc:192.168.69.91:35266], old=null
2019-07-30 08:57:36,298 INFO  segmented.SegmentedRaftLogWorker (SegmentedRaftLogWorker.java:execute(569)) - c014cdec-9ba0-4cb2-a67e-4bd5e312e45d-SegmentedRaftLogWorker:Storage Directory /workdir/hadoop-ozone/integration-test/target/test-dir/MiniOzoneClusterImpl-ec18d819-8831-4f43-8598-3e158f28a63b/datanode-0/data/ratis/c2afb7f4-6ad8-46d0-bdf8-3539889d6673: created new log segment /workdir/hadoop-ozone/integration-test/target/test-dir/MiniOzoneClusterImpl-ec18d819-8831-4f43-8598-3e158f28a63b/datanode-0/data/ratis/c2afb7f4-6ad8-46d0-bdf8-3539889d6673/current/log_inprogress_0
2019-07-30 08:57:36,298 INFO  segmented.SegmentedRaftLogWorker (SegmentedRaftLogWorker.java:execute(569)) - c76232fa-95ac-4204-904c-cdb5ace277d5-SegmentedRaftLogWorker:Storage Directory /workdir/hadoop-ozone/integration-test/target/test-dir/MiniOzoneClusterImpl-ec18d819-8831-4f43-8598-3e158f28a63b/datanode-2/data/ratis/c2afb7f4-6ad8-46d0-bdf8-3539889d6673: created new log segment /workdir/hadoop-ozone/integration-test/target/test-dir/MiniOzoneClusterImpl-ec18d819-8831-4f43-8598-3e158f28a63b/datanode-2/data/ratis/c2afb7f4-6ad8-46d0-bdf8-3539889d6673/current/log_inprogress_0
2019-07-30 08:57:36,299 INFO  impl.RoleInfo (RoleInfo.java:shutdownLeaderElection(134)) - 0b6e9b23-4ab2-4168-b0e9-3eda68ab3ffc: shutdown LeaderElection
2019-07-30 08:57:36,299 INFO  impl.RaftServerImpl (RaftServerImpl.java:setRole(171)) - 0b6e9b23-4ab2-4168-b0e9-3eda68ab3ffc:group-79BCB8AC4AD2 changes role from CANDIDATE to LEADER at term 1 for changeToLeader
2019-07-30 08:57:36,299 INFO  impl.RaftServerImpl (ServerState.java:setLeader(263)) - 0b6e9b23-4ab2-4168-b0e9-3eda68ab3ffc:group-79BCB8AC4AD2 change Leader from null to 0b6e9b23-4ab2-4168-b0e9-3eda68ab3ffc at term 1 for becomeLeader, leader elected after 5059ms
2019-07-30 08:57:36,299 INFO  server.RaftServerConfigKeys (ConfUtils.java:logGet(43)) - raft.server.staging.catchup.gap = 1000 (default)
2019-07-30 08:57:36,300 INFO  server.RaftServerConfigKeys (ConfUtils.java:logGet(43)) - raft.server.rpc.sleep.time = 25ms (default)
2019-07-30 08:57:36,300 INFO  server.RaftServerConfigKeys (ConfUtils.java:logGet(43)) - raft.server.write.element-limit = 4096 (default)
2019-07-30 08:57:36,300 INFO  server.RaftServerConfigKeys (ConfUtils.java:logGet(43)) - raft.server.watch.timeout = 10s (default)
2019-07-30 08:57:36,300 INFO  server.RaftServerConfigKeys (ConfUtils.java:logGet(43)) - raft.server.watch.timeout.denomination = 1s (default)
2019-07-30 08:57:36,300 INFO  server.RaftServerConfigKeys (ConfUtils.java:logGet(43)) - raft.server.watch.element-limit = 65536 (default)
2019-07-30 08:57:36,300 INFO  impl.RoleInfo (RoleInfo.java:updateAndGet(143)) - 0b6e9b23-4ab2-4168-b0e9-3eda68ab3ffc: start LeaderState
2019-07-30 08:57:36,301 INFO  segmented.SegmentedRaftLogWorker (SegmentedRaftLogWorker.java:startLogSegment(380)) - 0b6e9b23-4ab2-4168-b0e9-3eda68ab3ffc-SegmentedRaftLogWorker:Storage Directory /workdir/hadoop-ozone/integration-test/target/test-dir/MiniOzoneClusterImpl-ec18d819-8831-4f43-8598-3e158f28a63b/datanode-4/data/ratis/bd407457-ccd4-4d86-a6ae-79bcb8ac4ad2: Starting segment from index:0
2019-07-30 08:57:36,301 INFO  impl.RaftServerImpl (ServerState.java:setRaftConf(361)) - 0b6e9b23-4ab2-4168-b0e9-3eda68ab3ffc:group-79BCB8AC4AD2 set configuration 0: [0b6e9b23-4ab2-4168-b0e9-3eda68ab3ffc:192.168.69.91:35266], old=null at 0
2019-07-30 08:57:36,332 INFO  segmented.SegmentedRaftLogWorker (SegmentedRaftLogWorker.java:execute(569)) - 0b6e9b23-4ab2-4168-b0e9-3eda68ab3ffc-SegmentedRaftLogWorker:Storage Directory /workdir/hadoop-ozone/integration-test/target/test-dir/MiniOzoneClusterImpl-ec18d819-8831-4f43-8598-3e158f28a63b/datanode-4/data/ratis/bd407457-ccd4-4d86-a6ae-79bcb8ac4ad2: created new log segment /workdir/hadoop-ozone/integration-test/target/test-dir/MiniOzoneClusterImpl-ec18d819-8831-4f43-8598-3e158f28a63b/datanode-4/data/ratis/bd407457-ccd4-4d86-a6ae-79bcb8ac4ad2/current/log_inprogress_0
2019-07-30 08:57:36,458 INFO  impl.FollowerState (FollowerState.java:run(106)) - ce42eed1-aeb3-4af4-8a16-c8c6c6fb1ddd:group-83D49BE5ADD3 changes to CANDIDATE, lastRpcTime:5063, electionTimeout:5063ms
2019-07-30 08:57:36,459 INFO  impl.RoleInfo (RoleInfo.java:shutdownFollowerState(121)) - ce42eed1-aeb3-4af4-8a16-c8c6c6fb1ddd: shutdown FollowerState
2019-07-30 08:57:36,459 INFO  impl.RaftServerImpl (RaftServerImpl.java:setRole(171)) - ce42eed1-aeb3-4af4-8a16-c8c6c6fb1ddd:group-83D49BE5ADD3 changes role from FOLLOWER to CANDIDATE at term 0 for changeToCandidate
2019-07-30 08:57:36,459 INFO  impl.RoleInfo (RoleInfo.java:updateAndGet(143)) - ce42eed1-aeb3-4af4-8a16-c8c6c6fb1ddd: start LeaderElection
2019-07-30 08:57:36,479 INFO  impl.LeaderElection (LeaderElection.java:askForVotes(181)) - ce42eed1-aeb3-4af4-8a16-c8c6c6fb1ddd:group-83D49BE5ADD3:LeaderElection72: begin an election at term 1 for -1: [ce42eed1-aeb3-4af4-8a16-c8c6c6fb1ddd:192.168.69.91:34601], old=null
2019-07-30 08:57:36,480 INFO  impl.RoleInfo (RoleInfo.java:shutdownLeaderElection(134)) - ce42eed1-aeb3-4af4-8a16-c8c6c6fb1ddd: shutdown LeaderElection
2019-07-30 08:57:36,480 INFO  impl.RaftServerImpl (RaftServerImpl.java:setRole(171)) - ce42eed1-aeb3-4af4-8a16-c8c6c6fb1ddd:group-83D49BE5ADD3 changes role from CANDIDATE to LEADER at term 1 for changeToLeader
2019-07-30 08:57:36,480 INFO  impl.RaftServerImpl (ServerState.java:setLeader(263)) - ce42eed1-aeb3-4af4-8a16-c8c6c6fb1ddd:group-83D49BE5ADD3 change Leader from null to ce42eed1-aeb3-4af4-8a16-c8c6c6fb1ddd at term 1 for becomeLeader, leader elected after 5089ms
2019-07-30 08:57:36,480 INFO  server.RaftServerConfigKeys (ConfUtils.java:logGet(43)) - raft.server.staging.catchup.gap = 1000 (default)
2019-07-30 08:57:36,480 INFO  server.RaftServerConfigKeys (ConfUtils.java:logGet(43)) - raft.server.rpc.sleep.time = 25ms (default)
2019-07-30 08:57:36,480 INFO  server.RaftServerConfigKeys (ConfUtils.java:logGet(43)) - raft.server.write.element-limit = 4096 (default)
2019-07-30 08:57:36,481 INFO  server.RaftServerConfigKeys (ConfUtils.java:logGet(43)) - raft.server.watch.timeout = 10s (default)
2019-07-30 08:57:36,481 INFO  server.RaftServerConfigKeys (ConfUtils.java:logGet(43)) - raft.server.watch.timeout.denomination = 1s (default)
2019-07-30 08:57:36,481 INFO  server.RaftServerConfigKeys (ConfUtils.java:logGet(43)) - raft.server.watch.element-limit = 65536 (default)
2019-07-30 08:57:36,481 INFO  impl.RoleInfo (RoleInfo.java:updateAndGet(143)) - ce42eed1-aeb3-4af4-8a16-c8c6c6fb1ddd: start LeaderState
2019-07-30 08:57:36,481 INFO  segmented.SegmentedRaftLogWorker (SegmentedRaftLogWorker.java:startLogSegment(380)) - ce42eed1-aeb3-4af4-8a16-c8c6c6fb1ddd-SegmentedRaftLogWorker:Storage Directory /workdir/hadoop-ozone/integration-test/target/test-dir/MiniOzoneClusterImpl-ec18d819-8831-4f43-8598-3e158f28a63b/datanode-5/data/ratis/97f78b69-4584-4252-8800-83d49be5add3: Starting segment from index:0
2019-07-30 08:57:36,482 INFO  impl.RaftServerImpl (ServerState.java:setRaftConf(361)) - ce42eed1-aeb3-4af4-8a16-c8c6c6fb1ddd:group-83D49BE5ADD3 set configuration 0: [ce42eed1-aeb3-4af4-8a16-c8c6c6fb1ddd:192.168.69.91:34601], old=null at 0
2019-07-30 08:57:36,504 INFO  impl.FollowerState (FollowerState.java:run(106)) - 0b6e9b23-4ab2-4168-b0e9-3eda68ab3ffc:group-3633636C8BA9 changes to CANDIDATE, lastRpcTime:5042, electionTimeout:5030ms
2019-07-30 08:57:36,504 INFO  impl.RoleInfo (RoleInfo.java:shutdownFollowerState(121)) - 0b6e9b23-4ab2-4168-b0e9-3eda68ab3ffc: shutdown FollowerState
2019-07-30 08:57:36,504 INFO  impl.RaftServerImpl (RaftServerImpl.java:setRole(171)) - 0b6e9b23-4ab2-4168-b0e9-3eda68ab3ffc:group-3633636C8BA9 changes role from FOLLOWER to CANDIDATE at term 0 for changeToCandidate
2019-07-30 08:57:36,504 INFO  impl.RoleInfo (RoleInfo.java:updateAndGet(143)) - 0b6e9b23-4ab2-4168-b0e9-3eda68ab3ffc: start LeaderElection
2019-07-30 08:57:36,517 INFO  segmented.SegmentedRaftLogWorker (SegmentedRaftLogWorker.java:execute(569)) - ce42eed1-aeb3-4af4-8a16-c8c6c6fb1ddd-SegmentedRaftLogWorker:Storage Directory /workdir/hadoop-ozone/integration-test/target/test-dir/MiniOzoneClusterImpl-ec18d819-8831-4f43-8598-3e158f28a63b/datanode-5/data/ratis/97f78b69-4584-4252-8800-83d49be5add3: created new log segment /workdir/hadoop-ozone/integration-test/target/test-dir/MiniOzoneClusterImpl-ec18d819-8831-4f43-8598-3e158f28a63b/datanode-5/data/ratis/97f78b69-4584-4252-8800-83d49be5add3/current/log_inprogress_0
2019-07-30 08:57:36,518 INFO  impl.LeaderElection (LeaderElection.java:askForVotes(181)) - 0b6e9b23-4ab2-4168-b0e9-3eda68ab3ffc:group-3633636C8BA9:LeaderElection73: begin an election at term 1 for -1: [ce42eed1-aeb3-4af4-8a16-c8c6c6fb1ddd:192.168.69.91:34601, 0b6e9b23-4ab2-4168-b0e9-3eda68ab3ffc:192.168.69.91:35266, 83c63723-1a17-474a-8de0-17d606968224:192.168.69.91:45422], old=null
2019-07-30 08:57:36,532 INFO  impl.RaftServerImpl (RaftServerImpl.java:setRole(171)) - ce42eed1-aeb3-4af4-8a16-c8c6c6fb1ddd:group-3633636C8BA9 changes role from FOLLOWER to FOLLOWER at term 1 for recognizeCandidate:0b6e9b23-4ab2-4168-b0e9-3eda68ab3ffc
2019-07-30 08:57:36,532 INFO  impl.RaftServerImpl (RaftServerImpl.java:setRole(171)) - 83c63723-1a17-474a-8de0-17d606968224:group-3633636C8BA9 changes role from FOLLOWER to FOLLOWER at term 1 for recognizeCandidate:0b6e9b23-4ab2-4168-b0e9-3eda68ab3ffc
2019-07-30 08:57:36,532 INFO  impl.RoleInfo (RoleInfo.java:shutdownFollowerState(121)) - ce42eed1-aeb3-4af4-8a16-c8c6c6fb1ddd: shutdown FollowerState
2019-07-30 08:57:36,532 INFO  impl.RoleInfo (RoleInfo.java:shutdownFollowerState(121)) - 83c63723-1a17-474a-8de0-17d606968224: shutdown FollowerState
2019-07-30 08:57:36,533 INFO  impl.FollowerState (FollowerState.java:run(114)) - ce42eed1-aeb3-4af4-8a16-c8c6c6fb1ddd: FollowerState was interrupted: java.lang.InterruptedException: sleep interrupted
2019-07-30 08:57:36,532 INFO  impl.RoleInfo (RoleInfo.java:updateAndGet(143)) - ce42eed1-aeb3-4af4-8a16-c8c6c6fb1ddd: start FollowerState
2019-07-30 08:57:36,533 INFO  impl.FollowerState (FollowerState.java:run(114)) - 83c63723-1a17-474a-8de0-17d606968224: FollowerState was interrupted: java.lang.InterruptedException: sleep interrupted
2019-07-30 08:57:36,533 INFO  impl.RoleInfo (RoleInfo.java:updateAndGet(143)) - 83c63723-1a17-474a-8de0-17d606968224: start FollowerState
2019-07-30 08:57:36,555 INFO  impl.LeaderElection (LeaderElection.java:logAndReturn(56)) - 0b6e9b23-4ab2-4168-b0e9-3eda68ab3ffc:group-3633636C8BA9:LeaderElection73: Election PASSED; received 1 response(s) [0b6e9b23-4ab2-4168-b0e9-3eda68ab3ffc<-ce42eed1-aeb3-4af4-8a16-c8c6c6fb1ddd#0:OK-t1] and 0 exception(s); 0b6e9b23-4ab2-4168-b0e9-3eda68ab3ffc:t1, leader=null, voted=0b6e9b23-4ab2-4168-b0e9-3eda68ab3ffc, raftlog=0b6e9b23-4ab2-4168-b0e9-3eda68ab3ffc-SegmentedRaftLog:OPENED:c-1,f-1,i0, conf=-1: [ce42eed1-aeb3-4af4-8a16-c8c6c6fb1ddd:192.168.69.91:34601, 0b6e9b23-4ab2-4168-b0e9-3eda68ab3ffc:192.168.69.91:35266, 83c63723-1a17-474a-8de0-17d606968224:192.168.69.91:45422], old=null
2019-07-30 08:57:36,555 INFO  impl.RoleInfo (RoleInfo.java:shutdownLeaderElection(134)) - 0b6e9b23-4ab2-4168-b0e9-3eda68ab3ffc: shutdown LeaderElection
2019-07-30 08:57:36,555 INFO  impl.RaftServerImpl (RaftServerImpl.java:setRole(171)) - 0b6e9b23-4ab2-4168-b0e9-3eda68ab3ffc:group-3633636C8BA9 changes role from CANDIDATE to LEADER at term 1 for changeToLeader
2019-07-30 08:57:36,555 INFO  impl.RaftServerImpl (ServerState.java:setLeader(263)) - 0b6e9b23-4ab2-4168-b0e9-3eda68ab3ffc:group-3633636C8BA9 change Leader from null to 0b6e9b23-4ab2-4168-b0e9-3eda68ab3ffc at term 1 for becomeLeader, leader elected after 5100ms
2019-07-30 08:57:36,555 INFO  server.RaftServerConfigKeys (ConfUtils.java:logGet(43)) - raft.server.staging.catchup.gap = 1000 (default)
2019-07-30 08:57:36,555 INFO  server.RaftServerConfigKeys (ConfUtils.java:logGet(43)) - raft.server.rpc.sleep.time = 25ms (default)
2019-07-30 08:57:36,556 INFO  server.RaftServerConfigKeys (ConfUtils.java:logGet(43)) - raft.server.write.element-limit = 4096 (default)
2019-07-30 08:57:36,556 INFO  server.RaftServerConfigKeys (ConfUtils.java:logGet(43)) - raft.server.watch.timeout = 10s (default)
2019-07-30 08:57:36,556 INFO  server.RaftServerConfigKeys (ConfUtils.java:logGet(43)) - raft.server.watch.timeout.denomination = 1s (default)
2019-07-30 08:57:36,556 INFO  server.RaftServerConfigKeys (ConfUtils.java:logGet(43)) - raft.server.watch.element-limit = 65536 (default)
2019-07-30 08:57:36,556 INFO  server.RaftServerConfigKeys (ConfUtils.java:logGet(43)) - raft.server.log.appender.snapshot.chunk.size.max = 16MB (=16777216) (default)
2019-07-30 08:57:36,556 INFO  server.RaftServerConfigKeys (ConfUtils.java:logGet(43)) - raft.server.log.appender.buffer.byte-limit = 33554432 (custom)
2019-07-30 08:57:36,557 INFO  server.RaftServerConfigKeys (ConfUtils.java:logGet(43)) - raft.server.log.appender.buffer.element-limit = 1 (custom)
2019-07-30 08:57:36,557 INFO  grpc.GrpcConfigKeys$Server (ConfUtils.java:logGet(43)) - raft.grpc.server.leader.outstanding.appends.max = 128 (default)
2019-07-30 08:57:36,557 INFO  server.RaftServerConfigKeys (ConfUtils.java:logGet(43)) - raft.server.rpc.request.timeout = 3000ms (default)
2019-07-30 08:57:36,557 INFO  server.RaftServerConfigKeys (ConfUtils.java:logGet(43)) - raft.server.log.appender.install.snapshot.enabled = false (custom)
2019-07-30 08:57:36,557 INFO  server.RaftServerConfigKeys (ConfUtils.java:logGet(43)) - raft.server.log.appender.snapshot.chunk.size.max = 16MB (=16777216) (default)
2019-07-30 08:57:36,558 INFO  server.RaftServerConfigKeys (ConfUtils.java:logGet(43)) - raft.server.log.appender.buffer.byte-limit = 33554432 (custom)
2019-07-30 08:57:36,558 INFO  server.RaftServerConfigKeys (ConfUtils.java:logGet(43)) - raft.server.log.appender.buffer.element-limit = 1 (custom)
2019-07-30 08:57:36,558 INFO  grpc.GrpcConfigKeys$Server (ConfUtils.java:logGet(43)) - raft.grpc.server.leader.outstanding.appends.max = 128 (default)
2019-07-30 08:57:36,558 INFO  server.RaftServerConfigKeys (ConfUtils.java:logGet(43)) - raft.server.rpc.request.timeout = 3000ms (default)
2019-07-30 08:57:36,558 INFO  server.RaftServerConfigKeys (ConfUtils.java:logGet(43)) - raft.server.log.appender.install.snapshot.enabled = false (custom)
2019-07-30 08:57:36,559 INFO  impl.RoleInfo (RoleInfo.java:updateAndGet(143)) - 0b6e9b23-4ab2-4168-b0e9-3eda68ab3ffc: start LeaderState
2019-07-30 08:57:36,559 INFO  segmented.SegmentedRaftLogWorker (SegmentedRaftLogWorker.java:startLogSegment(380)) - 0b6e9b23-4ab2-4168-b0e9-3eda68ab3ffc-SegmentedRaftLogWorker:Storage Directory /workdir/hadoop-ozone/integration-test/target/test-dir/MiniOzoneClusterImpl-ec18d819-8831-4f43-8598-3e158f28a63b/datanode-4/data/ratis/010cdbcc-1781-4a3f-97c2-3633636c8ba9: Starting segment from index:0
2019-07-30 08:57:36,560 INFO  impl.RaftServerImpl (ServerState.java:setRaftConf(361)) - 0b6e9b23-4ab2-4168-b0e9-3eda68ab3ffc:group-3633636C8BA9 set configuration 0: [ce42eed1-aeb3-4af4-8a16-c8c6c6fb1ddd:192.168.69.91:34601, 0b6e9b23-4ab2-4168-b0e9-3eda68ab3ffc:192.168.69.91:35266, 83c63723-1a17-474a-8de0-17d606968224:192.168.69.91:45422], old=null at 0
2019-07-30 08:57:36,586 INFO  impl.RaftServerImpl (ServerState.java:setLeader(263)) - 83c63723-1a17-474a-8de0-17d606968224:group-3633636C8BA9 change Leader from null to 0b6e9b23-4ab2-4168-b0e9-3eda68ab3ffc at term 1 for appendEntries, leader elected after 5131ms
2019-07-30 08:57:36,586 INFO  impl.RaftServerImpl (ServerState.java:setLeader(263)) - ce42eed1-aeb3-4af4-8a16-c8c6c6fb1ddd:group-3633636C8BA9 change Leader from null to 0b6e9b23-4ab2-4168-b0e9-3eda68ab3ffc at term 1 for appendEntries, leader elected after 5131ms
2019-07-30 08:57:36,588 INFO  impl.RaftServerImpl (ServerState.java:setRaftConf(361)) - 83c63723-1a17-474a-8de0-17d606968224:group-3633636C8BA9 set configuration 0: [ce42eed1-aeb3-4af4-8a16-c8c6c6fb1ddd:192.168.69.91:34601, 0b6e9b23-4ab2-4168-b0e9-3eda68ab3ffc:192.168.69.91:35266, 83c63723-1a17-474a-8de0-17d606968224:192.168.69.91:45422], old=null at 0
2019-07-30 08:57:36,588 INFO  impl.RaftServerImpl (ServerState.java:setRaftConf(361)) - ce42eed1-aeb3-4af4-8a16-c8c6c6fb1ddd:group-3633636C8BA9 set configuration 0: [ce42eed1-aeb3-4af4-8a16-c8c6c6fb1ddd:192.168.69.91:34601, 0b6e9b23-4ab2-4168-b0e9-3eda68ab3ffc:192.168.69.91:35266, 83c63723-1a17-474a-8de0-17d606968224:192.168.69.91:45422], old=null at 0
2019-07-30 08:57:36,588 INFO  segmented.SegmentedRaftLogWorker (SegmentedRaftLogWorker.java:startLogSegment(380)) - 83c63723-1a17-474a-8de0-17d606968224-SegmentedRaftLogWorker:Storage Directory /workdir/hadoop-ozone/integration-test/target/test-dir/MiniOzoneClusterImpl-ec18d819-8831-4f43-8598-3e158f28a63b/datanode-3/data/ratis/010cdbcc-1781-4a3f-97c2-3633636c8ba9: Starting segment from index:0
2019-07-30 08:57:36,588 INFO  segmented.SegmentedRaftLogWorker (SegmentedRaftLogWorker.java:startLogSegment(380)) - ce42eed1-aeb3-4af4-8a16-c8c6c6fb1ddd-SegmentedRaftLogWorker:Storage Directory /workdir/hadoop-ozone/integration-test/target/test-dir/MiniOzoneClusterImpl-ec18d819-8831-4f43-8598-3e158f28a63b/datanode-5/data/ratis/010cdbcc-1781-4a3f-97c2-3633636c8ba9: Starting segment from index:0
2019-07-30 08:57:36,594 INFO  segmented.SegmentedRaftLogWorker (SegmentedRaftLogWorker.java:execute(569)) - 0b6e9b23-4ab2-4168-b0e9-3eda68ab3ffc-SegmentedRaftLogWorker:Storage Directory /workdir/hadoop-ozone/integration-test/target/test-dir/MiniOzoneClusterImpl-ec18d819-8831-4f43-8598-3e158f28a63b/datanode-4/data/ratis/010cdbcc-1781-4a3f-97c2-3633636c8ba9: created new log segment /workdir/hadoop-ozone/integration-test/target/test-dir/MiniOzoneClusterImpl-ec18d819-8831-4f43-8598-3e158f28a63b/datanode-4/data/ratis/010cdbcc-1781-4a3f-97c2-3633636c8ba9/current/log_inprogress_0
2019-07-30 08:57:36,620 INFO  segmented.SegmentedRaftLogWorker (SegmentedRaftLogWorker.java:execute(569)) - ce42eed1-aeb3-4af4-8a16-c8c6c6fb1ddd-SegmentedRaftLogWorker:Storage Directory /workdir/hadoop-ozone/integration-test/target/test-dir/MiniOzoneClusterImpl-ec18d819-8831-4f43-8598-3e158f28a63b/datanode-5/data/ratis/010cdbcc-1781-4a3f-97c2-3633636c8ba9: created new log segment /workdir/hadoop-ozone/integration-test/target/test-dir/MiniOzoneClusterImpl-ec18d819-8831-4f43-8598-3e158f28a63b/datanode-5/data/ratis/010cdbcc-1781-4a3f-97c2-3633636c8ba9/current/log_inprogress_0
2019-07-30 08:57:36,620 INFO  segmented.SegmentedRaftLogWorker (SegmentedRaftLogWorker.java:execute(569)) - 83c63723-1a17-474a-8de0-17d606968224-SegmentedRaftLogWorker:Storage Directory /workdir/hadoop-ozone/integration-test/target/test-dir/MiniOzoneClusterImpl-ec18d819-8831-4f43-8598-3e158f28a63b/datanode-3/data/ratis/010cdbcc-1781-4a3f-97c2-3633636c8ba9: created new log segment /workdir/hadoop-ozone/integration-test/target/test-dir/MiniOzoneClusterImpl-ec18d819-8831-4f43-8598-3e158f28a63b/datanode-3/data/ratis/010cdbcc-1781-4a3f-97c2-3633636c8ba9/current/log_inprogress_0
2019-07-30 08:57:36,750 INFO  impl.FollowerState (FollowerState.java:run(106)) - 0f5b08a3-d029-4451-8d44-9a357d55ac60:group-C82378D58B81 changes to CANDIDATE, lastRpcTime:5189, electionTimeout:5189ms
2019-07-30 08:57:36,750 INFO  impl.RoleInfo (RoleInfo.java:shutdownFollowerState(121)) - 0f5b08a3-d029-4451-8d44-9a357d55ac60: shutdown FollowerState
2019-07-30 08:57:36,750 INFO  impl.RaftServerImpl (RaftServerImpl.java:setRole(171)) - 0f5b08a3-d029-4451-8d44-9a357d55ac60:group-C82378D58B81 changes role from FOLLOWER to CANDIDATE at term 0 for changeToCandidate
2019-07-30 08:57:36,751 INFO  impl.RoleInfo (RoleInfo.java:updateAndGet(143)) - 0f5b08a3-d029-4451-8d44-9a357d55ac60: start LeaderElection
2019-07-30 08:57:36,782 INFO  impl.LeaderElection (LeaderElection.java:askForVotes(181)) - 0f5b08a3-d029-4451-8d44-9a357d55ac60:group-C82378D58B81:LeaderElection74: begin an election at term 1 for -1: [0f5b08a3-d029-4451-8d44-9a357d55ac60:192.168.69.91:40527], old=null
2019-07-30 08:57:36,783 INFO  impl.RoleInfo (RoleInfo.java:shutdownLeaderElection(134)) - 0f5b08a3-d029-4451-8d44-9a357d55ac60: shutdown LeaderElection
2019-07-30 08:57:36,783 INFO  impl.RaftServerImpl (RaftServerImpl.java:setRole(171)) - 0f5b08a3-d029-4451-8d44-9a357d55ac60:group-C82378D58B81 changes role from CANDIDATE to LEADER at term 1 for changeToLeader
2019-07-30 08:57:36,783 INFO  impl.RaftServerImpl (ServerState.java:setLeader(263)) - 0f5b08a3-d029-4451-8d44-9a357d55ac60:group-C82378D58B81 change Leader from null to 0f5b08a3-d029-4451-8d44-9a357d55ac60 at term 1 for becomeLeader, leader elected after 5226ms
2019-07-30 08:57:36,783 INFO  server.RaftServerConfigKeys (ConfUtils.java:logGet(43)) - raft.server.staging.catchup.gap = 1000 (default)
2019-07-30 08:57:36,783 INFO  server.RaftServerConfigKeys (ConfUtils.java:logGet(43)) - raft.server.rpc.sleep.time = 25ms (default)
2019-07-30 08:57:36,783 INFO  server.RaftServerConfigKeys (ConfUtils.java:logGet(43)) - raft.server.write.element-limit = 4096 (default)
2019-07-30 08:57:36,783 INFO  server.RaftServerConfigKeys (ConfUtils.java:logGet(43)) - raft.server.watch.timeout = 10s (default)
2019-07-30 08:57:36,784 INFO  server.RaftServerConfigKeys (ConfUtils.java:logGet(43)) - raft.server.watch.timeout.denomination = 1s (default)
2019-07-30 08:57:36,784 INFO  server.RaftServerConfigKeys (ConfUtils.java:logGet(43)) - raft.server.watch.element-limit = 65536 (default)
2019-07-30 08:57:36,784 INFO  impl.RoleInfo (RoleInfo.java:updateAndGet(143)) - 0f5b08a3-d029-4451-8d44-9a357d55ac60: start LeaderState
2019-07-30 08:57:36,784 INFO  segmented.SegmentedRaftLogWorker (SegmentedRaftLogWorker.java:startLogSegment(380)) - 0f5b08a3-d029-4451-8d44-9a357d55ac60-SegmentedRaftLogWorker:Storage Directory /workdir/hadoop-ozone/integration-test/target/test-dir/MiniOzoneClusterImpl-ec18d819-8831-4f43-8598-3e158f28a63b/datanode-6/data/ratis/e99ce509-f8ee-41ec-9f6b-c82378d58b81: Starting segment from index:0
2019-07-30 08:57:36,785 INFO  impl.RaftServerImpl (ServerState.java:setRaftConf(361)) - 0f5b08a3-d029-4451-8d44-9a357d55ac60:group-C82378D58B81 set configuration 0: [0f5b08a3-d029-4451-8d44-9a357d55ac60:192.168.69.91:40527], old=null at 0
2019-07-30 08:57:36,819 INFO  segmented.SegmentedRaftLogWorker (SegmentedRaftLogWorker.java:execute(569)) - 0f5b08a3-d029-4451-8d44-9a357d55ac60-SegmentedRaftLogWorker:Storage Directory /workdir/hadoop-ozone/integration-test/target/test-dir/MiniOzoneClusterImpl-ec18d819-8831-4f43-8598-3e158f28a63b/datanode-6/data/ratis/e99ce509-f8ee-41ec-9f6b-c82378d58b81: created new log segment /workdir/hadoop-ozone/integration-test/target/test-dir/MiniOzoneClusterImpl-ec18d819-8831-4f43-8598-3e158f28a63b/datanode-6/data/ratis/e99ce509-f8ee-41ec-9f6b-c82378d58b81/current/log_inprogress_0
2019-07-30 08:57:36,841 INFO  client.GrpcClientProtocolClient (GrpcClientProtocolClient.java:onNext(255)) - client-1884A89883AD->675230fa-958a-4583-ba4a-b811c63b9892: receive RaftClientReply:client-1884A89883AD->675230fa-958a-4583-ba4a-b811c63b9892@group-3539889D6673, cid=183, SUCCESS, logIndex=1, commits[675230fa-958a-4583-ba4a-b811c63b9892:c1, c76232fa-95ac-4204-904c-cdb5ace277d5:c0, c014cdec-9ba0-4cb2-a67e-4bd5e312e45d:c0]
2019-07-30 08:57:36,879 INFO  client.GrpcClientProtocolClient (GrpcClientProtocolClient.java:onNext(255)) - client-1884A89883AD->675230fa-958a-4583-ba4a-b811c63b9892: receive RaftClientReply:client-1884A89883AD->675230fa-958a-4583-ba4a-b811c63b9892@group-3539889D6673, cid=184, SUCCESS, logIndex=3, commits[675230fa-958a-4583-ba4a-b811c63b9892:c4, c76232fa-95ac-4204-904c-cdb5ace277d5:c1, c014cdec-9ba0-4cb2-a67e-4bd5e312e45d:c2]
2019-07-30 08:57:36,938 INFO  client.GrpcClientProtocolClient (GrpcClientProtocolClient.java:onNext(255)) - client-1884A89883AD->675230fa-958a-4583-ba4a-b811c63b9892: receive RaftClientReply:client-1884A89883AD->675230fa-958a-4583-ba4a-b811c63b9892@group-3539889D6673, cid=185, SUCCESS, logIndex=4, commits[675230fa-958a-4583-ba4a-b811c63b9892:c12, c76232fa-95ac-4204-904c-cdb5ace277d5:c7, c014cdec-9ba0-4cb2-a67e-4bd5e312e45d:c7]
2019-07-30 08:57:36,942 INFO  client.GrpcClientProtocolClient (GrpcClientProtocolClient.java:onNext(255)) - client-1884A89883AD->675230fa-958a-4583-ba4a-b811c63b9892: receive RaftClientReply:client-1884A89883AD->675230fa-958a-4583-ba4a-b811c63b9892@group-3539889D6673, cid=186, SUCCESS, logIndex=5, commits[675230fa-958a-4583-ba4a-b811c63b9892:c12, c76232fa-95ac-4204-904c-cdb5ace277d5:c7, c014cdec-9ba0-4cb2-a67e-4bd5e312e45d:c7]
2019-07-30 08:57:36,942 INFO  client.GrpcClientProtocolClient (GrpcClientProtocolClient.java:onNext(255)) - client-1884A89883AD->675230fa-958a-4583-ba4a-b811c63b9892: receive RaftClientReply:client-1884A89883AD->675230fa-958a-4583-ba4a-b811c63b9892@group-3539889D6673, cid=187, SUCCESS, logIndex=6, commits[675230fa-958a-4583-ba4a-b811c63b9892:c12, c76232fa-95ac-4204-904c-cdb5ace277d5:c7, c014cdec-9ba0-4cb2-a67e-4bd5e312e45d:c7]
2019-07-30 08:57:37,061 INFO  client.GrpcClientProtocolClient (GrpcClientProtocolClient.java:onNext(255)) - client-1884A89883AD->675230fa-958a-4583-ba4a-b811c63b9892: receive RaftClientReply:client-1884A89883AD->675230fa-958a-4583-ba4a-b811c63b9892@group-3539889D6673, cid=188, SUCCESS, logIndex=7, commits[675230fa-958a-4583-ba4a-b811c63b9892:c12, c76232fa-95ac-4204-904c-cdb5ace277d5:c7, c014cdec-9ba0-4cb2-a67e-4bd5e312e45d:c7]
2019-07-30 08:57:37,082 INFO  client.GrpcClientProtocolClient (GrpcClientProtocolClient.java:onNext(255)) - client-1884A89883AD->675230fa-958a-4583-ba4a-b811c63b9892: receive RaftClientReply:client-1884A89883AD->675230fa-958a-4583-ba4a-b811c63b9892@group-3539889D6673, cid=189, SUCCESS, logIndex=13, commits[675230fa-958a-4583-ba4a-b811c63b9892:c14, c76232fa-95ac-4204-904c-cdb5ace277d5:c12, c014cdec-9ba0-4cb2-a67e-4bd5e312e45d:c12]
2019-07-30 08:57:37,083 INFO  client.GrpcClientProtocolClient (GrpcClientProtocolClient.java:onNext(255)) - client-1884A89883AD->675230fa-958a-4583-ba4a-b811c63b9892: receive RaftClientReply:client-1884A89883AD->675230fa-958a-4583-ba4a-b811c63b9892@group-3539889D6673, cid=190, SUCCESS, logIndex=14, commits[675230fa-958a-4583-ba4a-b811c63b9892:c14, c76232fa-95ac-4204-904c-cdb5ace277d5:c12, c014cdec-9ba0-4cb2-a67e-4bd5e312e45d:c12]
2019-07-30 08:57:37,099 INFO  client.GrpcClientProtocolClient (GrpcClientProtocolClient.java:onNext(255)) - client-1884A89883AD->675230fa-958a-4583-ba4a-b811c63b9892: receive RaftClientReply:client-1884A89883AD->675230fa-958a-4583-ba4a-b811c63b9892@group-3539889D6673, cid=191, SUCCESS, logIndex=0, commits[675230fa-958a-4583-ba4a-b811c63b9892:c16, c76232fa-95ac-4204-904c-cdb5ace277d5:c14, c014cdec-9ba0-4cb2-a67e-4bd5e312e45d:c14]
2019-07-30 08:57:37,100 INFO  datanode.ObjectStoreHandler (ObjectStoreHandler.java:close(155)) - Closing ObjectStoreHandler.
2019-07-30 08:57:37,101 INFO  ozone.HddsDatanodeService (HddsDatanodeService.java:stop(451)) - Stopped plug-in org.apache.hadoop.ozone.web.OzoneHddsDatanodeService@3071d086
2019-07-30 08:57:37,821 INFO  statemachine.DatanodeStateMachine (DatanodeStateMachine.java:lambda$startDaemon$0(350)) - Ozone container server started.
2019-07-30 08:57:41,862 INFO  node.StaleNodeHandler (StaleNodeHandler.java:onMessage(58)) - Datanode 675230fa-958a-4583-ba4a-b811c63b9892{ip: 192.168.69.91, host: byscane-nightly-jdzkf-783033596, networkLocation: /default-rack, certSerialId: null} moved to stale state. Finalizing its pipelines [PipelineID=c2afb7f4-6ad8-46d0-bdf8-3539889d6673, PipelineID=e3e8aeaa-40c8-413e-b704-055fc9c0c632]
2019-07-30 08:57:41,863 INFO  pipeline.SCMPipelineManager (SCMPipelineManager.java:finalizeAndDestroyPipeline(309)) - destroying pipeline:Pipeline[ Id: c2afb7f4-6ad8-46d0-bdf8-3539889d6673, Nodes: 675230fa-958a-4583-ba4a-b811c63b9892{ip: 192.168.69.91, host: byscane-nightly-jdzkf-783033596, networkLocation: /default-rack, certSerialId: null}c014cdec-9ba0-4cb2-a67e-4bd5e312e45d{ip: 192.168.69.91, host: byscane-nightly-jdzkf-783033596, networkLocation: /default-rack, certSerialId: null}c76232fa-95ac-4204-904c-cdb5ace277d5{ip: 192.168.69.91, host: byscane-nightly-jdzkf-783033596, networkLocation: /default-rack, certSerialId: null}, Type:RATIS, Factor:THREE, State:OPEN]
2019-07-30 08:57:41,863 INFO  pipeline.PipelineStateManager (PipelineStateManager.java:finalizePipeline(123)) - Pipeline Pipeline[ Id: c2afb7f4-6ad8-46d0-bdf8-3539889d6673, Nodes: 675230fa-958a-4583-ba4a-b811c63b9892{ip: 192.168.69.91, host: byscane-nightly-jdzkf-783033596, networkLocation: /default-rack, certSerialId: null}c014cdec-9ba0-4cb2-a67e-4bd5e312e45d{ip: 192.168.69.91, host: byscane-nightly-jdzkf-783033596, networkLocation: /default-rack, certSerialId: null}c76232fa-95ac-4204-904c-cdb5ace277d5{ip: 192.168.69.91, host: byscane-nightly-jdzkf-783033596, networkLocation: /default-rack, certSerialId: null}, Type:RATIS, Factor:THREE, State:CLOSED] moved to CLOSED state
2019-07-30 08:57:41,864 INFO  pipeline.SCMPipelineManager (SCMPipelineManager.java:finalizeAndDestroyPipeline(309)) - destroying pipeline:Pipeline[ Id: e3e8aeaa-40c8-413e-b704-055fc9c0c632, Nodes: 675230fa-958a-4583-ba4a-b811c63b9892{ip: 192.168.69.91, host: byscane-nightly-jdzkf-783033596, networkLocation: /default-rack, certSerialId: null}, Type:RATIS, Factor:ONE, State:OPEN]
2019-07-30 08:57:41,864 INFO  container.CloseContainerEventHandler (CloseContainerEventHandler.java:onMessage(61)) - Close container Event triggered for container : #1
2019-07-30 08:57:41,864 INFO  pipeline.PipelineStateManager (PipelineStateManager.java:finalizePipeline(123)) - Pipeline Pipeline[ Id: e3e8aeaa-40c8-413e-b704-055fc9c0c632, Nodes: 675230fa-958a-4583-ba4a-b811c63b9892{ip: 192.168.69.91, host: byscane-nightly-jdzkf-783033596, networkLocation: /default-rack, certSerialId: null}, Type:RATIS, Factor:ONE, State:CLOSED] moved to CLOSED state
2019-07-30 08:57:42,102 INFO  ozoneimpl.OzoneContainer (OzoneContainer.java:stop(199)) - Attempting to stop container services.
2019-07-30 08:57:42,103 INFO  impl.RaftServerProxy (RaftServerProxy.java:lambda$close$4(314)) - 675230fa-958a-4583-ba4a-b811c63b9892: close
2019-07-30 08:57:42,104 INFO  impl.RaftServerImpl (RaftServerImpl.java:lambda$shutdown$3(245)) - 675230fa-958a-4583-ba4a-b811c63b9892: shutdown group-3539889D6673
2019-07-30 08:57:42,105 INFO  util.JmxRegister (JmxRegister.java:unregister(73)) - Successfully un-registered JMX Bean with object name Ratis:service=RaftServer,group=group-3539889D6673,id=675230fa-958a-4583-ba4a-b811c63b9892
2019-07-30 08:57:42,105 INFO  impl.RoleInfo (RoleInfo.java:shutdownLeaderState(104)) - 675230fa-958a-4583-ba4a-b811c63b9892: shutdown LeaderState
2019-07-30 08:57:42,111 INFO  impl.PendingRequests (PendingRequests.java:sendNotLeaderResponses(202)) - 675230fa-958a-4583-ba4a-b811c63b9892-PendingRequests: sendNotLeaderResponses
2019-07-30 08:57:42,112 WARN  server.GrpcLogAppender (GrpcLogAppender.java:mayWait(143)) - GrpcLogAppender(675230fa-958a-4583-ba4a-b811c63b9892->c76232fa-95ac-4204-904c-cdb5ace277d5): Wait interrupted by java.lang.InterruptedException
2019-07-30 08:57:42,112 WARN  server.GrpcLogAppender (GrpcLogAppender.java:mayWait(143)) - GrpcLogAppender(675230fa-958a-4583-ba4a-b811c63b9892->c014cdec-9ba0-4cb2-a67e-4bd5e312e45d): Wait interrupted by java.lang.InterruptedException
2019-07-30 08:57:42,117 INFO  impl.StateMachineUpdater (StateMachineUpdater.java:stopAndJoin(115)) - StateMachineUpdater:675230fa-958a-4583-ba4a-b811c63b9892:group-3539889D6673: set stopIndex = 16
2019-07-30 08:57:42,117 INFO  server.GrpcServerProtocolService (GrpcServerProtocolService.java:onCompleted(104)) - c014cdec-9ba0-4cb2-a67e-4bd5e312e45d: appendEntries completed
2019-07-30 08:57:42,117 INFO  server.GrpcServerProtocolService (GrpcServerProtocolService.java:onCompleted(104)) - c76232fa-95ac-4204-904c-cdb5ace277d5: appendEntries completed
2019-07-30 08:57:42,117 INFO  ratis.ContainerStateMachine (ContainerStateMachine.java:takeSnapshot(262)) - group-3539889D6673: Taking a snapshot at:(t:1, i:14) file /workdir/hadoop-ozone/integration-test/target/test-dir/MiniOzoneClusterImpl-ec18d819-8831-4f43-8598-3e158f28a63b/datanode-1/data/ratis/c2afb7f4-6ad8-46d0-bdf8-3539889d6673/sm/snapshot.1_14
2019-07-30 08:57:42,118 INFO  server.GrpcLogAppender (GrpcLogAppender.java:onCompleted(292)) - 675230fa-958a-4583-ba4a-b811c63b9892->c014cdec-9ba0-4cb2-a67e-4bd5e312e45d: follower responses appendEntries COMPLETED
2019-07-30 08:57:42,118 INFO  server.GrpcLogAppender (GrpcLogAppender.java:onCompleted(292)) - 675230fa-958a-4583-ba4a-b811c63b9892->c76232fa-95ac-4204-904c-cdb5ace277d5: follower responses appendEntries COMPLETED
2019-07-30 08:57:42,118 INFO  impl.FollowerInfo (FollowerInfo.java:lambda$new$0(50)) - 675230fa-958a-4583-ba4a-b811c63b9892->c014cdec-9ba0-4cb2-a67e-4bd5e312e45d: nextIndex: updateUnconditionally 17 -> 16
2019-07-30 08:57:42,118 INFO  impl.FollowerInfo (FollowerInfo.java:lambda$new$0(50)) - 675230fa-958a-4583-ba4a-b811c63b9892->c76232fa-95ac-4204-904c-cdb5ace277d5: nextIndex: updateUnconditionally 17 -> 16
2019-07-30 08:57:42,132 INFO  ratis.ContainerStateMachine (ContainerStateMachine.java:takeSnapshot(273)) - group-3539889D6673: Finished taking a snapshot at:(t:1, i:14) file:/workdir/hadoop-ozone/integration-test/target/test-dir/MiniOzoneClusterImpl-ec18d819-8831-4f43-8598-3e158f28a63b/datanode-1/data/ratis/c2afb7f4-6ad8-46d0-bdf8-3539889d6673/sm/snapshot.1_14 time:15
2019-07-30 08:57:42,132 INFO  impl.StateMachineUpdater (StateMachineUpdater.java:takeSnapshot(242)) - StateMachineUpdater:675230fa-958a-4583-ba4a-b811c63b9892:group-3539889D6673: Took a snapshot at index 14
2019-07-30 08:57:42,132 INFO  impl.StateMachineUpdater (StateMachineUpdater.java:lambda$new$0(80)) - StateMachineUpdater:675230fa-958a-4583-ba4a-b811c63b9892:group-3539889D6673: snapshotIndex: updateIncreasingly -1 -> 14
2019-07-30 08:57:42,133 INFO  impl.RaftServerImpl (ServerState.java:close(394)) - 675230fa-958a-4583-ba4a-b811c63b9892:group-3539889D6673 closes. The last applied log index is 16
2019-07-30 08:57:42,133 INFO  segmented.SegmentedRaftLogWorker (SegmentedRaftLogWorker.java:run(313)) - 675230fa-958a-4583-ba4a-b811c63b9892-SegmentedRaftLogWorker:Storage Directory /workdir/hadoop-ozone/integration-test/target/test-dir/MiniOzoneClusterImpl-ec18d819-8831-4f43-8598-3e158f28a63b/datanode-1/data/ratis/c2afb7f4-6ad8-46d0-bdf8-3539889d6673 was interrupted, exiting. There are 0 tasks remaining in the queue.
2019-07-30 08:57:42,136 INFO  segmented.SegmentedRaftLogWorker (SegmentedRaftLogWorker.java:close(228)) - 675230fa-958a-4583-ba4a-b811c63b9892-SegmentedRaftLogWorker:Storage Directory /workdir/hadoop-ozone/integration-test/target/test-dir/MiniOzoneClusterImpl-ec18d819-8831-4f43-8598-3e158f28a63b/datanode-1/data/ratis/c2afb7f4-6ad8-46d0-bdf8-3539889d6673 close()
2019-07-30 08:57:42,140 INFO  impl.RaftServerImpl (RaftServerImpl.java:lambda$shutdown$3(245)) - 675230fa-958a-4583-ba4a-b811c63b9892: shutdown group-055FC9C0C632
2019-07-30 08:57:42,140 INFO  util.JmxRegister (JmxRegister.java:unregister(73)) - Successfully un-registered JMX Bean with object name Ratis:service=RaftServer,group=group-055FC9C0C632,id=675230fa-958a-4583-ba4a-b811c63b9892
2019-07-30 08:57:42,141 INFO  impl.RoleInfo (RoleInfo.java:shutdownLeaderState(104)) - 675230fa-958a-4583-ba4a-b811c63b9892: shutdown LeaderState
2019-07-30 08:57:42,141 INFO  impl.PendingRequests (PendingRequests.java:sendNotLeaderResponses(202)) - 675230fa-958a-4583-ba4a-b811c63b9892-PendingRequests: sendNotLeaderResponses
2019-07-30 08:57:42,141 INFO  impl.StateMachineUpdater (StateMachineUpdater.java:stopAndJoin(115)) - StateMachineUpdater:675230fa-958a-4583-ba4a-b811c63b9892:group-055FC9C0C632: set stopIndex = 0
2019-07-30 08:57:42,142 INFO  impl.RaftServerImpl (ServerState.java:close(394)) - 675230fa-958a-4583-ba4a-b811c63b9892:group-055FC9C0C632 closes. The last applied log index is 0
2019-07-30 08:57:42,142 INFO  segmented.SegmentedRaftLogWorker (SegmentedRaftLogWorker.java:run(313)) - 675230fa-958a-4583-ba4a-b811c63b9892-SegmentedRaftLogWorker:Storage Directory /workdir/hadoop-ozone/integration-test/target/test-dir/MiniOzoneClusterImpl-ec18d819-8831-4f43-8598-3e158f28a63b/datanode-1/data/ratis/e3e8aeaa-40c8-413e-b704-055fc9c0c632 was interrupted, exiting. There are 0 tasks remaining in the queue.
2019-07-30 08:57:42,145 INFO  segmented.SegmentedRaftLogWorker (SegmentedRaftLogWorker.java:close(228)) - 675230fa-958a-4583-ba4a-b811c63b9892-SegmentedRaftLogWorker:Storage Directory /workdir/hadoop-ozone/integration-test/target/test-dir/MiniOzoneClusterImpl-ec18d819-8831-4f43-8598-3e158f28a63b/datanode-1/data/ratis/e3e8aeaa-40c8-413e-b704-055fc9c0c632 close()
2019-07-30 08:57:42,150 INFO  server.GrpcService (GrpcService.java:closeImpl(155)) - 675230fa-958a-4583-ba4a-b811c63b9892: shutdown server with port 39952 now
2019-07-30 08:57:42,151 WARN  client.GrpcClientProtocolService (LogUtils.java:warn(134)) - 3-UnorderedRequestStreamObserver3: onError: org.apache.ratis.thirdparty.io.grpc.StatusRuntimeException: CANCELLED: cancelled before receiving half close
2019-07-30 08:57:42,151 INFO  server.GrpcService (GrpcService.java:closeImpl(163)) - 675230fa-958a-4583-ba4a-b811c63b9892: shutdown server with port 39952 successfully
2019-07-30 08:57:42,152 INFO  utils.BackgroundService (BackgroundService.java:shutdown(148)) - Shutting down service BlockDeletingService
2019-07-30 08:57:42,154 WARN  fs.CachingGetSpaceUsed (CachingGetSpaceUsed.java:run(183)) - Thread Interrupted waiting to refresh disk information: sleep interrupted
2019-07-30 08:57:42,179 INFO  statemachine.DatanodeStateMachine (DatanodeStateMachine.java:stopDaemon(395)) - Ozone container server stopped.
2019-07-30 08:57:42,181 INFO  handler.ContextHandler (ContextHandler.java:doStop(910)) - Stopped o.e.j.w.WebAppContext@5472c27a{/,null,UNAVAILABLE}{/hddsDatanode}
2019-07-30 08:57:42,181 INFO  server.AbstractConnector (AbstractConnector.java:doStop(318)) - Stopped ServerConnector@555b3ec9{HTTP/1.1,[http/1.1]}{0.0.0.0:0}
2019-07-30 08:57:42,182 INFO  handler.ContextHandler (ContextHandler.java:doStop(910)) - Stopped o.e.j.s.ServletContextHandler@60fc4450{/static,jar:file:/home/user/.m2/repository/org/apache/hadoop/hadoop-hdds-container-service/0.4.1-SNAPSHOT/hadoop-hdds-container-service-0.4.1-SNAPSHOT.jar!/webapps/static,UNAVAILABLE}
2019-07-30 08:57:42,182 INFO  handler.ContextHandler (ContextHandler.java:doStop(910)) - Stopped o.e.j.s.ServletContextHandler@45398bb0{/logs,file:///workdir/hadoop-ozone/integration-test/target/log,UNAVAILABLE}
2019-07-30 08:57:44,199 INFO  client.GrpcClientProtocolClient (GrpcClientProtocolClient.java:onNext(255)) - client-1884A89883AD->c014cdec-9ba0-4cb2-a67e-4bd5e312e45d: receive RaftClientReply:client-1884A89883AD->c014cdec-9ba0-4cb2-a67e-4bd5e312e45d@group-3539889D6673, cid=192, FAILED org.apache.ratis.protocol.NotLeaderException: Server c014cdec-9ba0-4cb2-a67e-4bd5e312e45d is not the leader (675230fa-958a-4583-ba4a-b811c63b9892:192.168.69.91:39952). Request must be sent to leader., logIndex=0, commits[c014cdec-9ba0-4cb2-a67e-4bd5e312e45d:c16, 675230fa-958a-4583-ba4a-b811c63b9892:c16, c76232fa-95ac-4204-904c-cdb5ace277d5:c16]
2019-07-30 08:57:45,216 INFO  client.GrpcClientProtocolClient (GrpcClientProtocolClient.java:onNext(255)) - client-1884A89883AD->c014cdec-9ba0-4cb2-a67e-4bd5e312e45d: receive RaftClientReply:client-1884A89883AD->c014cdec-9ba0-4cb2-a67e-4bd5e312e45d@group-3539889D6673, cid=192, FAILED org.apache.ratis.protocol.NotLeaderException: Server c014cdec-9ba0-4cb2-a67e-4bd5e312e45d is not the leader (675230fa-958a-4583-ba4a-b811c63b9892:192.168.69.91:39952). Request must be sent to leader., logIndex=0, commits[c014cdec-9ba0-4cb2-a67e-4bd5e312e45d:c16, 675230fa-958a-4583-ba4a-b811c63b9892:c16, c76232fa-95ac-4204-904c-cdb5ace277d5:c16]
2019-07-30 08:57:46,238 INFO  client.GrpcClientProtocolClient (GrpcClientProtocolClient.java:onNext(255)) - client-1884A89883AD->c76232fa-95ac-4204-904c-cdb5ace277d5: receive RaftClientReply:client-1884A89883AD->c76232fa-95ac-4204-904c-cdb5ace277d5@group-3539889D6673, cid=192, FAILED org.apache.ratis.protocol.NotLeaderException: Server c76232fa-95ac-4204-904c-cdb5ace277d5 is not the leader (675230fa-958a-4583-ba4a-b811c63b9892:192.168.69.91:39952). Request must be sent to leader., logIndex=0, commits[c76232fa-95ac-4204-904c-cdb5ace277d5:c16, 675230fa-958a-4583-ba4a-b811c63b9892:c16, c014cdec-9ba0-4cb2-a67e-4bd5e312e45d:c16]
2019-07-30 08:57:47,260 INFO  client.GrpcClientProtocolClient (GrpcClientProtocolClient.java:onNext(255)) - client-1884A89883AD->c014cdec-9ba0-4cb2-a67e-4bd5e312e45d: receive RaftClientReply:client-1884A89883AD->c014cdec-9ba0-4cb2-a67e-4bd5e312e45d@group-3539889D6673, cid=192, FAILED org.apache.ratis.protocol.NotLeaderException: Server c014cdec-9ba0-4cb2-a67e-4bd5e312e45d is not the leader (675230fa-958a-4583-ba4a-b811c63b9892:192.168.69.91:39952). Request must be sent to leader., logIndex=0, commits[c014cdec-9ba0-4cb2-a67e-4bd5e312e45d:c16, 675230fa-958a-4583-ba4a-b811c63b9892:c16, c76232fa-95ac-4204-904c-cdb5ace277d5:c16]
2019-07-30 08:57:48,275 INFO  client.GrpcClientProtocolClient (GrpcClientProtocolClient.java:onNext(255)) - client-1884A89883AD->c014cdec-9ba0-4cb2-a67e-4bd5e312e45d: receive RaftClientReply:client-1884A89883AD->c014cdec-9ba0-4cb2-a67e-4bd5e312e45d@group-3539889D6673, cid=192, FAILED org.apache.ratis.protocol.NotLeaderException: Server c014cdec-9ba0-4cb2-a67e-4bd5e312e45d is not the leader (675230fa-958a-4583-ba4a-b811c63b9892:192.168.69.91:39952). Request must be sent to leader., logIndex=0, commits[c014cdec-9ba0-4cb2-a67e-4bd5e312e45d:c16, 675230fa-958a-4583-ba4a-b811c63b9892:c16, c76232fa-95ac-4204-904c-cdb5ace277d5:c16]
2019-07-30 08:57:49,291 INFO  client.GrpcClientProtocolClient (GrpcClientProtocolClient.java:onNext(255)) - client-1884A89883AD->c014cdec-9ba0-4cb2-a67e-4bd5e312e45d: receive RaftClientReply:client-1884A89883AD->c014cdec-9ba0-4cb2-a67e-4bd5e312e45d@group-3539889D6673, cid=192, FAILED org.apache.ratis.protocol.NotLeaderException: Server c014cdec-9ba0-4cb2-a67e-4bd5e312e45d is not the leader (675230fa-958a-4583-ba4a-b811c63b9892:192.168.69.91:39952). Request must be sent to leader., logIndex=0, commits[c014cdec-9ba0-4cb2-a67e-4bd5e312e45d:c16, 675230fa-958a-4583-ba4a-b811c63b9892:c16, c76232fa-95ac-4204-904c-cdb5ace277d5:c16]
2019-07-30 08:57:50,311 INFO  client.GrpcClientProtocolClient (GrpcClientProtocolClient.java:onNext(255)) - client-1884A89883AD->c76232fa-95ac-4204-904c-cdb5ace277d5: receive RaftClientReply:client-1884A89883AD->c76232fa-95ac-4204-904c-cdb5ace277d5@group-3539889D6673, cid=192, FAILED org.apache.ratis.protocol.NotLeaderException: Server c76232fa-95ac-4204-904c-cdb5ace277d5 is not the leader (675230fa-958a-4583-ba4a-b811c63b9892:192.168.69.91:39952). Request must be sent to leader., logIndex=0, commits[c76232fa-95ac-4204-904c-cdb5ace277d5:c16, 675230fa-958a-4583-ba4a-b811c63b9892:c16, c014cdec-9ba0-4cb2-a67e-4bd5e312e45d:c16]
2019-07-30 08:57:51,332 INFO  client.GrpcClientProtocolClient (GrpcClientProtocolClient.java:onNext(255)) - client-1884A89883AD->c014cdec-9ba0-4cb2-a67e-4bd5e312e45d: receive RaftClientReply:client-1884A89883AD->c014cdec-9ba0-4cb2-a67e-4bd5e312e45d@group-3539889D6673, cid=192, FAILED org.apache.ratis.protocol.NotLeaderException: Server c014cdec-9ba0-4cb2-a67e-4bd5e312e45d is not the leader (675230fa-958a-4583-ba4a-b811c63b9892:192.168.69.91:39952). Request must be sent to leader., logIndex=0, commits[c014cdec-9ba0-4cb2-a67e-4bd5e312e45d:c16, 675230fa-958a-4583-ba4a-b811c63b9892:c16, c76232fa-95ac-4204-904c-cdb5ace277d5:c16]
2019-07-30 08:57:51,420 INFO  impl.FollowerState (FollowerState.java:run(106)) - c014cdec-9ba0-4cb2-a67e-4bd5e312e45d:group-3539889D6673 changes to CANDIDATE, lastRpcTime:9322, electionTimeout:5106ms
2019-07-30 08:57:51,420 INFO  impl.RoleInfo (RoleInfo.java:shutdownFollowerState(121)) - c014cdec-9ba0-4cb2-a67e-4bd5e312e45d: shutdown FollowerState
2019-07-30 08:57:51,420 INFO  impl.RaftServerImpl (RaftServerImpl.java:setRole(171)) - c014cdec-9ba0-4cb2-a67e-4bd5e312e45d:group-3539889D6673 changes role from FOLLOWER to CANDIDATE at term 1 for changeToCandidate
2019-07-30 08:57:51,421 INFO  impl.RoleInfo (RoleInfo.java:updateAndGet(143)) - c014cdec-9ba0-4cb2-a67e-4bd5e312e45d: start LeaderElection
2019-07-30 08:57:51,426 INFO  impl.RaftServerImpl (ServerState.java:setLeader(263)) - c014cdec-9ba0-4cb2-a67e-4bd5e312e45d:group-3539889D6673 change Leader from 675230fa-958a-4583-ba4a-b811c63b9892 to null at term 1 for initElection
2019-07-30 08:57:51,452 INFO  impl.LeaderElection (LeaderElection.java:askForVotes(181)) - c014cdec-9ba0-4cb2-a67e-4bd5e312e45d:group-3539889D6673:LeaderElection75: begin an election at term 2 for 0: [675230fa-958a-4583-ba4a-b811c63b9892:192.168.69.91:39952, c76232fa-95ac-4204-904c-cdb5ace277d5:192.168.69.91:39367, c014cdec-9ba0-4cb2-a67e-4bd5e312e45d:192.168.69.91:39885], old=null
2019-07-30 08:57:51,455 INFO  impl.LeaderElection (LogUtils.java:infoOrTrace(149)) - c014cdec-9ba0-4cb2-a67e-4bd5e312e45d:group-3539889D6673:LeaderElection75 got exception when requesting votes: {}
java.util.concurrent.ExecutionException: org.apache.ratis.thirdparty.io.grpc.StatusRuntimeException: UNAVAILABLE: io exception
	at java.util.concurrent.FutureTask.report(FutureTask.java:122)
	at java.util.concurrent.FutureTask.get(FutureTask.java:192)
	at org.apache.ratis.server.impl.LeaderElection.waitForResults(LeaderElection.java:262)
	at org.apache.ratis.server.impl.LeaderElection.askForVotes(LeaderElection.java:200)
	at org.apache.ratis.server.impl.LeaderElection.run(LeaderElection.java:130)
	at java.lang.Thread.run(Thread.java:748)
Caused by: org.apache.ratis.thirdparty.io.grpc.StatusRuntimeException: UNAVAILABLE: io exception
	at org.apache.ratis.thirdparty.io.grpc.stub.ClientCalls.toStatusRuntimeException(ClientCalls.java:233)
	at org.apache.ratis.thirdparty.io.grpc.stub.ClientCalls.getUnchecked(ClientCalls.java:214)
	at org.apache.ratis.thirdparty.io.grpc.stub.ClientCalls.blockingUnaryCall(ClientCalls.java:139)
	at org.apache.ratis.proto.grpc.RaftServerProtocolServiceGrpc$RaftServerProtocolServiceBlockingStub.requestVote(RaftServerProtocolServiceGrpc.java:265)
	at org.apache.ratis.grpc.server.GrpcServerProtocolClient.requestVote(GrpcServerProtocolClient.java:83)
	at org.apache.ratis.grpc.server.GrpcService.requestVote(GrpcService.java:195)
	at org.apache.ratis.server.impl.LeaderElection.lambda$submitRequests$1(LeaderElection.java:237)
	at java.util.concurrent.FutureTask.run(FutureTask.java:266)
	at java.util.concurrent.Executors$RunnableAdapter.call(Executors.java:511)
	at java.util.concurrent.FutureTask.run(FutureTask.java:266)
	at java.util.concurrent.ThreadPoolExecutor.runWorker(ThreadPoolExecutor.java:1149)
	at java.util.concurrent.ThreadPoolExecutor$Worker.run(ThreadPoolExecutor.java:624)
	... 1 more
Caused by: org.apache.ratis.thirdparty.io.netty.channel.AbstractChannel$AnnotatedConnectException: Connection refused: /192.168.69.91:39952
	at sun.nio.ch.SocketChannelImpl.checkConnect(Native Method)
	at sun.nio.ch.SocketChannelImpl.finishConnect(SocketChannelImpl.java:717)
	at org.apache.ratis.thirdparty.io.netty.channel.socket.nio.NioSocketChannel.doFinishConnect(NioSocketChannel.java:327)
	at org.apache.ratis.thirdparty.io.netty.channel.nio.AbstractNioChannel$AbstractNioUnsafe.finishConnect(AbstractNioChannel.java:340)
	at org.apache.ratis.thirdparty.io.netty.channel.nio.NioEventLoop.processSelectedKey(NioEventLoop.java:632)
	at org.apache.ratis.thirdparty.io.netty.channel.nio.NioEventLoop.processSelectedKeysOptimized(NioEventLoop.java:579)
	at org.apache.ratis.thirdparty.io.netty.channel.nio.NioEventLoop.processSelectedKeys(NioEventLoop.java:496)
	at org.apache.ratis.thirdparty.io.netty.channel.nio.NioEventLoop.run(NioEventLoop.java:458)
	at org.apache.ratis.thirdparty.io.netty.util.concurrent.SingleThreadEventExecutor$5.run(SingleThreadEventExecutor.java:897)
	at org.apache.ratis.thirdparty.io.netty.util.concurrent.FastThreadLocalRunnable.run(FastThreadLocalRunnable.java:30)
	... 1 more
Caused by: java.net.ConnectException: Connection refused
	... 11 more
2019-07-30 08:57:51,459 INFO  impl.RaftServerImpl (ServerState.java:setLeader(263)) - c76232fa-95ac-4204-904c-cdb5ace277d5:group-3539889D6673 change Leader from 675230fa-958a-4583-ba4a-b811c63b9892 to null at term 2 for updateCurrentTerm
2019-07-30 08:57:51,460 INFO  impl.RaftServerImpl (RaftServerImpl.java:setRole(171)) - c76232fa-95ac-4204-904c-cdb5ace277d5:group-3539889D6673 changes role from FOLLOWER to FOLLOWER at term 2 for recognizeCandidate:c014cdec-9ba0-4cb2-a67e-4bd5e312e45d
2019-07-30 08:57:51,460 INFO  impl.RoleInfo (RoleInfo.java:shutdownFollowerState(121)) - c76232fa-95ac-4204-904c-cdb5ace277d5: shutdown FollowerState
2019-07-30 08:57:51,460 INFO  impl.RoleInfo (RoleInfo.java:updateAndGet(143)) - c76232fa-95ac-4204-904c-cdb5ace277d5: start FollowerState
2019-07-30 08:57:51,460 INFO  impl.FollowerState (FollowerState.java:run(114)) - c76232fa-95ac-4204-904c-cdb5ace277d5: FollowerState was interrupted: java.lang.InterruptedException: sleep interrupted
2019-07-30 08:57:51,480 INFO  impl.LeaderElection (LeaderElection.java:logAndReturn(56)) - c014cdec-9ba0-4cb2-a67e-4bd5e312e45d:group-3539889D6673:LeaderElection75: Election PASSED; received 1 response(s) [c014cdec-9ba0-4cb2-a67e-4bd5e312e45d<-c76232fa-95ac-4204-904c-cdb5ace277d5#0:OK-t2] and 1 exception(s); c014cdec-9ba0-4cb2-a67e-4bd5e312e45d:t2, leader=null, voted=c014cdec-9ba0-4cb2-a67e-4bd5e312e45d, raftlog=c014cdec-9ba0-4cb2-a67e-4bd5e312e45d-SegmentedRaftLog:OPENED:c16,f16,i16, conf=0: [675230fa-958a-4583-ba4a-b811c63b9892:192.168.69.91:39952, c76232fa-95ac-4204-904c-cdb5ace277d5:192.168.69.91:39367, c014cdec-9ba0-4cb2-a67e-4bd5e312e45d:192.168.69.91:39885], old=null
2019-07-30 08:57:51,480 INFO  impl.LeaderElection (LogUtils.java:infoOrTrace(149)) -   Exception 0: {}
java.util.concurrent.ExecutionException: org.apache.ratis.thirdparty.io.grpc.StatusRuntimeException: UNAVAILABLE: io exception
	at java.util.concurrent.FutureTask.report(FutureTask.java:122)
	at java.util.concurrent.FutureTask.get(FutureTask.java:192)
	at org.apache.ratis.server.impl.LeaderElection.waitForResults(LeaderElection.java:262)
	at org.apache.ratis.server.impl.LeaderElection.askForVotes(LeaderElection.java:200)
	at org.apache.ratis.server.impl.LeaderElection.run(LeaderElection.java:130)
	at java.lang.Thread.run(Thread.java:748)
Caused by: org.apache.ratis.thirdparty.io.grpc.StatusRuntimeException: UNAVAILABLE: io exception
	at org.apache.ratis.thirdparty.io.grpc.stub.ClientCalls.toStatusRuntimeException(ClientCalls.java:233)
	at org.apache.ratis.thirdparty.io.grpc.stub.ClientCalls.getUnchecked(ClientCalls.java:214)
	at org.apache.ratis.thirdparty.io.grpc.stub.ClientCalls.blockingUnaryCall(ClientCalls.java:139)
	at org.apache.ratis.proto.grpc.RaftServerProtocolServiceGrpc$RaftServerProtocolServiceBlockingStub.requestVote(RaftServerProtocolServiceGrpc.java:265)
	at org.apache.ratis.grpc.server.GrpcServerProtocolClient.requestVote(GrpcServerProtocolClient.java:83)
	at org.apache.ratis.grpc.server.GrpcService.requestVote(GrpcService.java:195)
	at org.apache.ratis.server.impl.LeaderElection.lambda$submitRequests$1(LeaderElection.java:237)
	at java.util.concurrent.FutureTask.run(FutureTask.java:266)
	at java.util.concurrent.Executors$RunnableAdapter.call(Executors.java:511)
	at java.util.concurrent.FutureTask.run(FutureTask.java:266)
	at java.util.concurrent.ThreadPoolExecutor.runWorker(ThreadPoolExecutor.java:1149)
	at java.util.concurrent.ThreadPoolExecutor$Worker.run(ThreadPoolExecutor.java:624)
	... 1 more
Caused by: org.apache.ratis.thirdparty.io.netty.channel.AbstractChannel$AnnotatedConnectException: Connection refused: /192.168.69.91:39952
	at sun.nio.ch.SocketChannelImpl.checkConnect(Native Method)
	at sun.nio.ch.SocketChannelImpl.finishConnect(SocketChannelImpl.java:717)
	at org.apache.ratis.thirdparty.io.netty.channel.socket.nio.NioSocketChannel.doFinishConnect(NioSocketChannel.java:327)
	at org.apache.ratis.thirdparty.io.netty.channel.nio.AbstractNioChannel$AbstractNioUnsafe.finishConnect(AbstractNioChannel.java:340)
	at org.apache.ratis.thirdparty.io.netty.channel.nio.NioEventLoop.processSelectedKey(NioEventLoop.java:632)
	at org.apache.ratis.thirdparty.io.netty.channel.nio.NioEventLoop.processSelectedKeysOptimized(NioEventLoop.java:579)
	at org.apache.ratis.thirdparty.io.netty.channel.nio.NioEventLoop.processSelectedKeys(NioEventLoop.java:496)
	at org.apache.ratis.thirdparty.io.netty.channel.nio.NioEventLoop.run(NioEventLoop.java:458)
	at org.apache.ratis.thirdparty.io.netty.util.concurrent.SingleThreadEventExecutor$5.run(SingleThreadEventExecutor.java:897)
	at org.apache.ratis.thirdparty.io.netty.util.concurrent.FastThreadLocalRunnable.run(FastThreadLocalRunnable.java:30)
	... 1 more
Caused by: java.net.ConnectException: Connection refused
	... 11 more
2019-07-30 08:57:51,480 INFO  impl.RoleInfo (RoleInfo.java:shutdownLeaderElection(134)) - c014cdec-9ba0-4cb2-a67e-4bd5e312e45d: shutdown LeaderElection
2019-07-30 08:57:51,481 INFO  impl.RaftServerImpl (RaftServerImpl.java:setRole(171)) - c014cdec-9ba0-4cb2-a67e-4bd5e312e45d:group-3539889D6673 changes role from CANDIDATE to LEADER at term 2 for changeToLeader
2019-07-30 08:57:51,481 INFO  impl.RaftServerImpl (ServerState.java:setLeader(263)) - c014cdec-9ba0-4cb2-a67e-4bd5e312e45d:group-3539889D6673 change Leader from null to c014cdec-9ba0-4cb2-a67e-4bd5e312e45d at term 2 for becomeLeader, leader elected after 54ms
2019-07-30 08:57:51,481 INFO  server.RaftServerConfigKeys (ConfUtils.java:logGet(43)) - raft.server.staging.catchup.gap = 1000 (default)
2019-07-30 08:57:51,481 INFO  server.RaftServerConfigKeys (ConfUtils.java:logGet(43)) - raft.server.rpc.sleep.time = 25ms (default)
2019-07-30 08:57:51,481 INFO  server.RaftServerConfigKeys (ConfUtils.java:logGet(43)) - raft.server.write.element-limit = 4096 (default)
2019-07-30 08:57:51,482 INFO  server.RaftServerConfigKeys (ConfUtils.java:logGet(43)) - raft.server.watch.timeout = 10s (default)
2019-07-30 08:57:51,482 INFO  server.RaftServerConfigKeys (ConfUtils.java:logGet(43)) - raft.server.watch.timeout.denomination = 1s (default)
2019-07-30 08:57:51,482 INFO  server.RaftServerConfigKeys (ConfUtils.java:logGet(43)) - raft.server.watch.element-limit = 65536 (default)
2019-07-30 08:57:51,482 INFO  server.RaftServerConfigKeys (ConfUtils.java:logGet(43)) - raft.server.log.appender.snapshot.chunk.size.max = 16MB (=16777216) (default)
2019-07-30 08:57:51,482 INFO  server.RaftServerConfigKeys (ConfUtils.java:logGet(43)) - raft.server.log.appender.buffer.byte-limit = 33554432 (custom)
2019-07-30 08:57:51,483 INFO  server.RaftServerConfigKeys (ConfUtils.java:logGet(43)) - raft.server.log.appender.buffer.element-limit = 1 (custom)
2019-07-30 08:57:51,483 INFO  grpc.GrpcConfigKeys$Server (ConfUtils.java:logGet(43)) - raft.grpc.server.leader.outstanding.appends.max = 128 (default)
2019-07-30 08:57:51,483 INFO  server.RaftServerConfigKeys (ConfUtils.java:logGet(43)) - raft.server.rpc.request.timeout = 3000ms (default)
2019-07-30 08:57:51,483 INFO  server.RaftServerConfigKeys (ConfUtils.java:logGet(43)) - raft.server.log.appender.install.snapshot.enabled = false (custom)
2019-07-30 08:57:51,483 INFO  server.RaftServerConfigKeys (ConfUtils.java:logGet(43)) - raft.server.log.appender.snapshot.chunk.size.max = 16MB (=16777216) (default)
2019-07-30 08:57:51,484 INFO  server.RaftServerConfigKeys (ConfUtils.java:logGet(43)) - raft.server.log.appender.buffer.byte-limit = 33554432 (custom)
2019-07-30 08:57:51,484 INFO  server.RaftServerConfigKeys (ConfUtils.java:logGet(43)) - raft.server.log.appender.buffer.element-limit = 1 (custom)
2019-07-30 08:57:51,484 INFO  grpc.GrpcConfigKeys$Server (ConfUtils.java:logGet(43)) - raft.grpc.server.leader.outstanding.appends.max = 128 (default)
2019-07-30 08:57:51,484 INFO  server.RaftServerConfigKeys (ConfUtils.java:logGet(43)) - raft.server.rpc.request.timeout = 3000ms (default)
2019-07-30 08:57:51,484 INFO  server.RaftServerConfigKeys (ConfUtils.java:logGet(43)) - raft.server.log.appender.install.snapshot.enabled = false (custom)
2019-07-30 08:57:51,484 INFO  impl.RoleInfo (RoleInfo.java:updateAndGet(143)) - c014cdec-9ba0-4cb2-a67e-4bd5e312e45d: start LeaderState
2019-07-30 08:57:51,485 INFO  segmented.SegmentedRaftLogWorker (SegmentedRaftLogWorker.java:rollLogSegment(385)) - c014cdec-9ba0-4cb2-a67e-4bd5e312e45d-SegmentedRaftLogWorker:Storage Directory /workdir/hadoop-ozone/integration-test/target/test-dir/MiniOzoneClusterImpl-ec18d819-8831-4f43-8598-3e158f28a63b/datanode-0/data/ratis/c2afb7f4-6ad8-46d0-bdf8-3539889d6673: Rolling segment log-0_16 to index:16
2019-07-30 08:57:51,486 INFO  segmented.SegmentedRaftLogWorker (SegmentedRaftLogWorker.java:execute(526)) - c014cdec-9ba0-4cb2-a67e-4bd5e312e45d-SegmentedRaftLogWorker:Storage Directory /workdir/hadoop-ozone/integration-test/target/test-dir/MiniOzoneClusterImpl-ec18d819-8831-4f43-8598-3e158f28a63b/datanode-0/data/ratis/c2afb7f4-6ad8-46d0-bdf8-3539889d6673: Rolled log segment from /workdir/hadoop-ozone/integration-test/target/test-dir/MiniOzoneClusterImpl-ec18d819-8831-4f43-8598-3e158f28a63b/datanode-0/data/ratis/c2afb7f4-6ad8-46d0-bdf8-3539889d6673/current/log_inprogress_0 to /workdir/hadoop-ozone/integration-test/target/test-dir/MiniOzoneClusterImpl-ec18d819-8831-4f43-8598-3e158f28a63b/datanode-0/data/ratis/c2afb7f4-6ad8-46d0-bdf8-3539889d6673/current/log_0-16
2019-07-30 08:57:51,486 INFO  impl.RaftServerImpl (ServerState.java:setRaftConf(361)) - c014cdec-9ba0-4cb2-a67e-4bd5e312e45d:group-3539889D6673 set configuration 17: [675230fa-958a-4583-ba4a-b811c63b9892:192.168.69.91:39952, c76232fa-95ac-4204-904c-cdb5ace277d5:192.168.69.91:39367, c014cdec-9ba0-4cb2-a67e-4bd5e312e45d:192.168.69.91:39885], old=null at 17
2019-07-30 08:57:51,486 WARN  server.GrpcLogAppender (LogUtils.java:warn(134)) - c014cdec-9ba0-4cb2-a67e-4bd5e312e45d->675230fa-958a-4583-ba4a-b811c63b9892: Failed appendEntries: org.apache.ratis.thirdparty.io.grpc.StatusRuntimeException: UNAVAILABLE: io exception
2019-07-30 08:57:51,487 INFO  impl.FollowerInfo (FollowerInfo.java:lambda$new$0(50)) - c014cdec-9ba0-4cb2-a67e-4bd5e312e45d->675230fa-958a-4583-ba4a-b811c63b9892: nextIndex: updateUnconditionally 17 -> 1
2019-07-30 08:57:51,487 INFO  impl.RaftServerImpl (ServerState.java:setLeader(263)) - c76232fa-95ac-4204-904c-cdb5ace277d5:group-3539889D6673 change Leader from null to c014cdec-9ba0-4cb2-a67e-4bd5e312e45d at term 2 for appendEntries, leader elected after 27ms
2019-07-30 08:57:51,491 INFO  impl.RaftServerImpl (ServerState.java:setRaftConf(361)) - c76232fa-95ac-4204-904c-cdb5ace277d5:group-3539889D6673 set configuration 17: [675230fa-958a-4583-ba4a-b811c63b9892:192.168.69.91:39952, c76232fa-95ac-4204-904c-cdb5ace277d5:192.168.69.91:39367, c014cdec-9ba0-4cb2-a67e-4bd5e312e45d:192.168.69.91:39885], old=null at 17
2019-07-30 08:57:51,491 INFO  segmented.SegmentedRaftLogWorker (SegmentedRaftLogWorker.java:rollLogSegment(385)) - c76232fa-95ac-4204-904c-cdb5ace277d5-SegmentedRaftLogWorker:Storage Directory /workdir/hadoop-ozone/integration-test/target/test-dir/MiniOzoneClusterImpl-ec18d819-8831-4f43-8598-3e158f28a63b/datanode-2/data/ratis/c2afb7f4-6ad8-46d0-bdf8-3539889d6673: Rolling segment log-0_16 to index:16
2019-07-30 08:57:51,492 INFO  segmented.SegmentedRaftLogWorker (SegmentedRaftLogWorker.java:execute(526)) - c76232fa-95ac-4204-904c-cdb5ace277d5-SegmentedRaftLogWorker:Storage Directory /workdir/hadoop-ozone/integration-test/target/test-dir/MiniOzoneClusterImpl-ec18d819-8831-4f43-8598-3e158f28a63b/datanode-2/data/ratis/c2afb7f4-6ad8-46d0-bdf8-3539889d6673: Rolled log segment from /workdir/hadoop-ozone/integration-test/target/test-dir/MiniOzoneClusterImpl-ec18d819-8831-4f43-8598-3e158f28a63b/datanode-2/data/ratis/c2afb7f4-6ad8-46d0-bdf8-3539889d6673/current/log_inprogress_0 to /workdir/hadoop-ozone/integration-test/target/test-dir/MiniOzoneClusterImpl-ec18d819-8831-4f43-8598-3e158f28a63b/datanode-2/data/ratis/c2afb7f4-6ad8-46d0-bdf8-3539889d6673/current/log_0-16
2019-07-30 08:57:51,553 INFO  segmented.SegmentedRaftLogWorker (SegmentedRaftLogWorker.java:execute(569)) - c014cdec-9ba0-4cb2-a67e-4bd5e312e45d-SegmentedRaftLogWorker:Storage Directory /workdir/hadoop-ozone/integration-test/target/test-dir/MiniOzoneClusterImpl-ec18d819-8831-4f43-8598-3e158f28a63b/datanode-0/data/ratis/c2afb7f4-6ad8-46d0-bdf8-3539889d6673: created new log segment /workdir/hadoop-ozone/integration-test/target/test-dir/MiniOzoneClusterImpl-ec18d819-8831-4f43-8598-3e158f28a63b/datanode-0/data/ratis/c2afb7f4-6ad8-46d0-bdf8-3539889d6673/current/log_inprogress_17
2019-07-30 08:57:51,553 INFO  segmented.SegmentedRaftLogWorker (SegmentedRaftLogWorker.java:execute(569)) - c76232fa-95ac-4204-904c-cdb5ace277d5-SegmentedRaftLogWorker:Storage Directory /workdir/hadoop-ozone/integration-test/target/test-dir/MiniOzoneClusterImpl-ec18d819-8831-4f43-8598-3e158f28a63b/datanode-2/data/ratis/c2afb7f4-6ad8-46d0-bdf8-3539889d6673: created new log segment /workdir/hadoop-ozone/integration-test/target/test-dir/MiniOzoneClusterImpl-ec18d819-8831-4f43-8598-3e158f28a63b/datanode-2/data/ratis/c2afb7f4-6ad8-46d0-bdf8-3539889d6673/current/log_inprogress_17
2019-07-30 08:57:51,580 WARN  server.GrpcLogAppender (LogUtils.java:warn(134)) - c014cdec-9ba0-4cb2-a67e-4bd5e312e45d->675230fa-958a-4583-ba4a-b811c63b9892: Failed appendEntries: org.apache.ratis.thirdparty.io.grpc.StatusRuntimeException: UNAVAILABLE: io exception
2019-07-30 08:57:51,581 INFO  impl.FollowerInfo (FollowerInfo.java:lambda$new$0(50)) - c014cdec-9ba0-4cb2-a67e-4bd5e312e45d->675230fa-958a-4583-ba4a-b811c63b9892: nextIndex: updateUnconditionally 2 -> 1
2019-07-30 08:57:51,583 WARN  server.GrpcLogAppender (LogUtils.java:warn(134)) - c014cdec-9ba0-4cb2-a67e-4bd5e312e45d->675230fa-958a-4583-ba4a-b811c63b9892: Failed appendEntries: org.apache.ratis.thirdparty.io.grpc.StatusRuntimeException: UNAVAILABLE: io exception
2019-07-30 08:57:51,584 INFO  impl.FollowerInfo (FollowerInfo.java:lambda$new$0(50)) - c014cdec-9ba0-4cb2-a67e-4bd5e312e45d->675230fa-958a-4583-ba4a-b811c63b9892: nextIndex: updateUnconditionally 2 -> 1
2019-07-30 08:57:52,349 INFO  client.GrpcClientProtocolClient (GrpcClientProtocolClient.java:onNext(255)) - client-1884A89883AD->c76232fa-95ac-4204-904c-cdb5ace277d5: receive RaftClientReply:client-1884A89883AD->c76232fa-95ac-4204-904c-cdb5ace277d5@group-3539889D6673, cid=192, FAILED org.apache.ratis.protocol.NotLeaderException: Server c76232fa-95ac-4204-904c-cdb5ace277d5 is not the leader (c014cdec-9ba0-4cb2-a67e-4bd5e312e45d:192.168.69.91:39885). Request must be sent to leader., logIndex=0, commits[c76232fa-95ac-4204-904c-cdb5ace277d5:c17, 675230fa-958a-4583-ba4a-b811c63b9892:c16, c014cdec-9ba0-4cb2-a67e-4bd5e312e45d:c17]
08:57:52.356 [grpc-default-executor-9] ERROR DNAudit - user=null | ip=null | op=WRITE_CHUNK {blockData=conID: 1 locID: 102529568118734862 bcsId: 14} | ret=FAILURE
org.apache.hadoop.hdds.scm.container.common.helpers.ContainerNotOpenException: Container 1 in CLOSING state
	at org.apache.hadoop.ozone.container.common.impl.HddsDispatcher.validateContainerCommand(HddsDispatcher.java:408) ~[hadoop-hdds-container-service-0.4.1-SNAPSHOT.jar:?]
	at org.apache.hadoop.ozone.container.common.transport.server.ratis.ContainerStateMachine.startTransaction(ContainerStateMachine.java:288) ~[hadoop-hdds-container-service-0.4.1-SNAPSHOT.jar:?]
	at org.apache.ratis.server.impl.RaftServerImpl.submitClientRequestAsync(RaftServerImpl.java:566) ~[ratis-server-0.4.0-2337318-SNAPSHOT.jar:0.4.0-2337318-SNAPSHOT]
	at org.apache.ratis.server.impl.RaftServerProxy.lambda$submitClientRequestAsync$7(RaftServerProxy.java:333) ~[ratis-server-0.4.0-2337318-SNAPSHOT.jar:0.4.0-2337318-SNAPSHOT]
	at org.apache.ratis.server.impl.RaftServerProxy.lambda$null$5(RaftServerProxy.java:328) ~[ratis-server-0.4.0-2337318-SNAPSHOT.jar:0.4.0-2337318-SNAPSHOT]
	at org.apache.ratis.util.JavaUtils.callAsUnchecked(JavaUtils.java:109) ~[ratis-common-0.4.0-2337318-SNAPSHOT.jar:0.4.0-2337318-SNAPSHOT]
	at org.apache.ratis.server.impl.RaftServerProxy.lambda$submitRequest$6(RaftServerProxy.java:328) ~[ratis-server-0.4.0-2337318-SNAPSHOT.jar:0.4.0-2337318-SNAPSHOT]
	at java.util.concurrent.CompletableFuture.uniComposeStage(CompletableFuture.java:981) ~[?:1.8.0_212]
	at java.util.concurrent.CompletableFuture.thenCompose(CompletableFuture.java:2124) ~[?:1.8.0_212]
	at org.apache.ratis.server.impl.RaftServerProxy.submitRequest(RaftServerProxy.java:327) ~[ratis-server-0.4.0-2337318-SNAPSHOT.jar:0.4.0-2337318-SNAPSHOT]
	at org.apache.ratis.server.impl.RaftServerProxy.submitClientRequestAsync(RaftServerProxy.java:333) ~[ratis-server-0.4.0-2337318-SNAPSHOT.jar:0.4.0-2337318-SNAPSHOT]
	at org.apache.ratis.grpc.client.GrpcClientProtocolService$RequestStreamObserver.processClientRequest(GrpcClientProtocolService.java:220) ~[ratis-grpc-0.4.0-2337318-SNAPSHOT.jar:0.4.0-2337318-SNAPSHOT]
	at org.apache.ratis.grpc.client.GrpcClientProtocolService$OrderedRequestStreamObserver.processClientRequest(GrpcClientProtocolService.java:326) ~[ratis-grpc-0.4.0-2337318-SNAPSHOT.jar:0.4.0-2337318-SNAPSHOT]
	at org.apache.ratis.util.SlidingWindow$Server.processRequestsFromHead(SlidingWindow.java:429) [ratis-common-0.4.0-2337318-SNAPSHOT.jar:0.4.0-2337318-SNAPSHOT]
	at org.apache.ratis.util.SlidingWindow$Server.receivedRequest(SlidingWindow.java:421) [ratis-common-0.4.0-2337318-SNAPSHOT.jar:0.4.0-2337318-SNAPSHOT]
	at org.apache.ratis.grpc.client.GrpcClientProtocolService$OrderedRequestStreamObserver.processClientRequest(GrpcClientProtocolService.java:345) [ratis-grpc-0.4.0-2337318-SNAPSHOT.jar:0.4.0-2337318-SNAPSHOT]
	at org.apache.ratis.grpc.client.GrpcClientProtocolService$RequestStreamObserver.onNext(GrpcClientProtocolService.java:240) [ratis-grpc-0.4.0-2337318-SNAPSHOT.jar:0.4.0-2337318-SNAPSHOT]
	at org.apache.ratis.grpc.client.GrpcClientProtocolService$RequestStreamObserver.onNext(GrpcClientProtocolService.java:168) [ratis-grpc-0.4.0-2337318-SNAPSHOT.jar:0.4.0-2337318-SNAPSHOT]
	at org.apache.ratis.thirdparty.io.grpc.stub.ServerCalls$StreamingServerCallHandler$StreamingServerCallListener.onMessage(ServerCalls.java:248) [ratis-thirdparty-misc-0.2.0.jar:0.2.0]
	at org.apache.ratis.thirdparty.io.grpc.internal.ServerCallImpl$ServerStreamListenerImpl.messagesAvailable(ServerCallImpl.java:263) [ratis-thirdparty-misc-0.2.0.jar:0.2.0]
	at org.apache.ratis.thirdparty.io.grpc.internal.ServerImpl$JumpToApplicationThreadServerStreamListener$1MessagesAvailable.runInContext(ServerImpl.java:686) [ratis-thirdparty-misc-0.2.0.jar:0.2.0]
	at org.apache.ratis.thirdparty.io.grpc.internal.ContextRunnable.run(ContextRunnable.java:37) [ratis-thirdparty-misc-0.2.0.jar:0.2.0]
	at org.apache.ratis.thirdparty.io.grpc.internal.SerializingExecutor.run(SerializingExecutor.java:123) [ratis-thirdparty-misc-0.2.0.jar:0.2.0]
	at java.util.concurrent.ThreadPoolExecutor.runWorker(ThreadPoolExecutor.java:1149) [?:1.8.0_212]
	at java.util.concurrent.ThreadPoolExecutor$Worker.run(ThreadPoolExecutor.java:624) [?:1.8.0_212]
	at java.lang.Thread.run(Thread.java:748) [?:1.8.0_212]
2019-07-30 08:57:52,369 INFO  client.GrpcClientProtocolClient (GrpcClientProtocolClient.java:onNext(255)) - client-1884A89883AD->c014cdec-9ba0-4cb2-a67e-4bd5e312e45d: receive RaftClientReply:client-1884A89883AD->c014cdec-9ba0-4cb2-a67e-4bd5e312e45d@group-3539889D6673, cid=192, FAILED org.apache.ratis.protocol.StateMachineException: org.apache.hadoop.hdds.scm.container.common.helpers.ContainerNotOpenException from Server c014cdec-9ba0-4cb2-a67e-4bd5e312e45d: Container 1 in CLOSING state, logIndex=0, commits[c014cdec-9ba0-4cb2-a67e-4bd5e312e45d:c18, 675230fa-958a-4583-ba4a-b811c63b9892:c16, c76232fa-95ac-4204-904c-cdb5ace277d5:c17]
08:57:52.370 [grpc-default-executor-7] ERROR DNAudit - user=null | ip=null | op=WRITE_CHUNK {blockData=conID: 1 locID: 102529568118734862 bcsId: 14} | ret=FAILURE
org.apache.hadoop.hdds.scm.container.common.helpers.ContainerNotOpenException: Container 1 in CLOSING state
	at org.apache.hadoop.ozone.container.common.impl.HddsDispatcher.validateContainerCommand(HddsDispatcher.java:408) ~[hadoop-hdds-container-service-0.4.1-SNAPSHOT.jar:?]
	at org.apache.hadoop.ozone.container.common.transport.server.ratis.ContainerStateMachine.startTransaction(ContainerStateMachine.java:288) ~[hadoop-hdds-container-service-0.4.1-SNAPSHOT.jar:?]
	at org.apache.ratis.server.impl.RaftServerImpl.submitClientRequestAsync(RaftServerImpl.java:566) ~[ratis-server-0.4.0-2337318-SNAPSHOT.jar:0.4.0-2337318-SNAPSHOT]
	at org.apache.ratis.server.impl.RaftServerProxy.lambda$submitClientRequestAsync$7(RaftServerProxy.java:333) ~[ratis-server-0.4.0-2337318-SNAPSHOT.jar:0.4.0-2337318-SNAPSHOT]
	at org.apache.ratis.server.impl.RaftServerProxy.lambda$null$5(RaftServerProxy.java:328) ~[ratis-server-0.4.0-2337318-SNAPSHOT.jar:0.4.0-2337318-SNAPSHOT]
	at org.apache.ratis.util.JavaUtils.callAsUnchecked(JavaUtils.java:109) ~[ratis-common-0.4.0-2337318-SNAPSHOT.jar:0.4.0-2337318-SNAPSHOT]
	at org.apache.ratis.server.impl.RaftServerProxy.lambda$submitRequest$6(RaftServerProxy.java:328) ~[ratis-server-0.4.0-2337318-SNAPSHOT.jar:0.4.0-2337318-SNAPSHOT]
	at java.util.concurrent.CompletableFuture.uniComposeStage(CompletableFuture.java:981) ~[?:1.8.0_212]
	at java.util.concurrent.CompletableFuture.thenCompose(CompletableFuture.java:2124) ~[?:1.8.0_212]
	at org.apache.ratis.server.impl.RaftServerProxy.submitRequest(RaftServerProxy.java:327) ~[ratis-server-0.4.0-2337318-SNAPSHOT.jar:0.4.0-2337318-SNAPSHOT]
	at org.apache.ratis.server.impl.RaftServerProxy.submitClientRequestAsync(RaftServerProxy.java:333) ~[ratis-server-0.4.0-2337318-SNAPSHOT.jar:0.4.0-2337318-SNAPSHOT]
	at org.apache.ratis.grpc.client.GrpcClientProtocolService$RequestStreamObserver.processClientRequest(GrpcClientProtocolService.java:220) ~[ratis-grpc-0.4.0-2337318-SNAPSHOT.jar:0.4.0-2337318-SNAPSHOT]
	at org.apache.ratis.grpc.client.GrpcClientProtocolService$OrderedRequestStreamObserver.processClientRequest(GrpcClientProtocolService.java:326) ~[ratis-grpc-0.4.0-2337318-SNAPSHOT.jar:0.4.0-2337318-SNAPSHOT]
	at org.apache.ratis.util.SlidingWindow$Server.processRequestsFromHead(SlidingWindow.java:429) [ratis-common-0.4.0-2337318-SNAPSHOT.jar:0.4.0-2337318-SNAPSHOT]
	at org.apache.ratis.util.SlidingWindow$Server.receivedRequest(SlidingWindow.java:421) [ratis-common-0.4.0-2337318-SNAPSHOT.jar:0.4.0-2337318-SNAPSHOT]
	at org.apache.ratis.grpc.client.GrpcClientProtocolService$OrderedRequestStreamObserver.processClientRequest(GrpcClientProtocolService.java:345) [ratis-grpc-0.4.0-2337318-SNAPSHOT.jar:0.4.0-2337318-SNAPSHOT]
	at org.apache.ratis.grpc.client.GrpcClientProtocolService$RequestStreamObserver.onNext(GrpcClientProtocolService.java:240) [ratis-grpc-0.4.0-2337318-SNAPSHOT.jar:0.4.0-2337318-SNAPSHOT]
	at org.apache.ratis.grpc.client.GrpcClientProtocolService$RequestStreamObserver.onNext(GrpcClientProtocolService.java:168) [ratis-grpc-0.4.0-2337318-SNAPSHOT.jar:0.4.0-2337318-SNAPSHOT]
	at org.apache.ratis.thirdparty.io.grpc.stub.ServerCalls$StreamingServerCallHandler$StreamingServerCallListener.onMessage(ServerCalls.java:248) [ratis-thirdparty-misc-0.2.0.jar:0.2.0]
	at org.apache.ratis.thirdparty.io.grpc.internal.ServerCallImpl$ServerStreamListenerImpl.messagesAvailable(ServerCallImpl.java:263) [ratis-thirdparty-misc-0.2.0.jar:0.2.0]
	at org.apache.ratis.thirdparty.io.grpc.internal.ServerImpl$JumpToApplicationThreadServerStreamListener$1MessagesAvailable.runInContext(ServerImpl.java:686) [ratis-thirdparty-misc-0.2.0.jar:0.2.0]
	at org.apache.ratis.thirdparty.io.grpc.internal.ContextRunnable.run(ContextRunnable.java:37) [ratis-thirdparty-misc-0.2.0.jar:0.2.0]
	at org.apache.ratis.thirdparty.io.grpc.internal.SerializingExecutor.run(SerializingExecutor.java:123) [ratis-thirdparty-misc-0.2.0.jar:0.2.0]
	at java.util.concurrent.ThreadPoolExecutor.runWorker(ThreadPoolExecutor.java:1149) [?:1.8.0_212]
	at java.util.concurrent.ThreadPoolExecutor$Worker.run(ThreadPoolExecutor.java:624) [?:1.8.0_212]
	at java.lang.Thread.run(Thread.java:748) [?:1.8.0_212]
2019-07-30 08:57:52,381 INFO  client.GrpcClientProtocolClient (GrpcClientProtocolClient.java:onNext(255)) - client-1884A89883AD->c014cdec-9ba0-4cb2-a67e-4bd5e312e45d: receive RaftClientReply:client-1884A89883AD->c014cdec-9ba0-4cb2-a67e-4bd5e312e45d@group-3539889D6673, cid=193, FAILED org.apache.ratis.protocol.StateMachineException: org.apache.hadoop.hdds.scm.container.common.helpers.ContainerNotOpenException from Server c014cdec-9ba0-4cb2-a67e-4bd5e312e45d: Container 1 in CLOSING state, logIndex=0, commits[c014cdec-9ba0-4cb2-a67e-4bd5e312e45d:c18, 675230fa-958a-4583-ba4a-b811c63b9892:c16, c76232fa-95ac-4204-904c-cdb5ace277d5:c17]
08:57:52.380 [grpc-default-executor-7] ERROR DNAudit - user=null | ip=null | op=PUT_BLOCK {blockData=[blockId=conID: 1 locID: 102529568118734862 bcsId: 0,size=650]} | ret=FAILURE
org.apache.hadoop.hdds.scm.container.common.helpers.ContainerNotOpenException: Container 1 in CLOSING state
	at org.apache.hadoop.ozone.container.common.impl.HddsDispatcher.validateContainerCommand(HddsDispatcher.java:408) ~[hadoop-hdds-container-service-0.4.1-SNAPSHOT.jar:?]
	at org.apache.hadoop.ozone.container.common.transport.server.ratis.ContainerStateMachine.startTransaction(ContainerStateMachine.java:288) ~[hadoop-hdds-container-service-0.4.1-SNAPSHOT.jar:?]
	at org.apache.ratis.server.impl.RaftServerImpl.submitClientRequestAsync(RaftServerImpl.java:566) ~[ratis-server-0.4.0-2337318-SNAPSHOT.jar:0.4.0-2337318-SNAPSHOT]
	at org.apache.ratis.server.impl.RaftServerProxy.lambda$submitClientRequestAsync$7(RaftServerProxy.java:333) ~[ratis-server-0.4.0-2337318-SNAPSHOT.jar:0.4.0-2337318-SNAPSHOT]
	at org.apache.ratis.server.impl.RaftServerProxy.lambda$null$5(RaftServerProxy.java:328) ~[ratis-server-0.4.0-2337318-SNAPSHOT.jar:0.4.0-2337318-SNAPSHOT]
	at org.apache.ratis.util.JavaUtils.callAsUnchecked(JavaUtils.java:109) ~[ratis-common-0.4.0-2337318-SNAPSHOT.jar:0.4.0-2337318-SNAPSHOT]
	at org.apache.ratis.server.impl.RaftServerProxy.lambda$submitRequest$6(RaftServerProxy.java:328) ~[ratis-server-0.4.0-2337318-SNAPSHOT.jar:0.4.0-2337318-SNAPSHOT]
	at java.util.concurrent.CompletableFuture.uniComposeStage(CompletableFuture.java:981) ~[?:1.8.0_212]
	at java.util.concurrent.CompletableFuture.thenCompose(CompletableFuture.java:2124) ~[?:1.8.0_212]
	at org.apache.ratis.server.impl.RaftServerProxy.submitRequest(RaftServerProxy.java:327) ~[ratis-server-0.4.0-2337318-SNAPSHOT.jar:0.4.0-2337318-SNAPSHOT]
	at org.apache.ratis.server.impl.RaftServerProxy.submitClientRequestAsync(RaftServerProxy.java:333) ~[ratis-server-0.4.0-2337318-SNAPSHOT.jar:0.4.0-2337318-SNAPSHOT]
	at org.apache.ratis.grpc.client.GrpcClientProtocolService$RequestStreamObserver.processClientRequest(GrpcClientProtocolService.java:220) ~[ratis-grpc-0.4.0-2337318-SNAPSHOT.jar:0.4.0-2337318-SNAPSHOT]
	at org.apache.ratis.grpc.client.GrpcClientProtocolService$OrderedRequestStreamObserver.processClientRequest(GrpcClientProtocolService.java:326) ~[ratis-grpc-0.4.0-2337318-SNAPSHOT.jar:0.4.0-2337318-SNAPSHOT]
	at org.apache.ratis.util.SlidingWindow$Server.processRequestsFromHead(SlidingWindow.java:429) [ratis-common-0.4.0-2337318-SNAPSHOT.jar:0.4.0-2337318-SNAPSHOT]
	at org.apache.ratis.util.SlidingWindow$Server.receivedRequest(SlidingWindow.java:421) [ratis-common-0.4.0-2337318-SNAPSHOT.jar:0.4.0-2337318-SNAPSHOT]
	at org.apache.ratis.grpc.client.GrpcClientProtocolService$OrderedRequestStreamObserver.processClientRequest(GrpcClientProtocolService.java:345) [ratis-grpc-0.4.0-2337318-SNAPSHOT.jar:0.4.0-2337318-SNAPSHOT]
	at org.apache.ratis.grpc.client.GrpcClientProtocolService$RequestStreamObserver.onNext(GrpcClientProtocolService.java:240) [ratis-grpc-0.4.0-2337318-SNAPSHOT.jar:0.4.0-2337318-SNAPSHOT]
	at org.apache.ratis.grpc.client.GrpcClientProtocolService$RequestStreamObserver.onNext(GrpcClientProtocolService.java:168) [ratis-grpc-0.4.0-2337318-SNAPSHOT.jar:0.4.0-2337318-SNAPSHOT]
	at org.apache.ratis.thirdparty.io.grpc.stub.ServerCalls$StreamingServerCallHandler$StreamingServerCallListener.onMessage(ServerCalls.java:248) [ratis-thirdparty-misc-0.2.0.jar:0.2.0]
	at org.apache.ratis.thirdparty.io.grpc.internal.ServerCallImpl$ServerStreamListenerImpl.messagesAvailable(ServerCallImpl.java:263) [ratis-thirdparty-misc-0.2.0.jar:0.2.0]
	at org.apache.ratis.thirdparty.io.grpc.internal.ServerImpl$JumpToApplicationThreadServerStreamListener$1MessagesAvailable.runInContext(ServerImpl.java:686) [ratis-thirdparty-misc-0.2.0.jar:0.2.0]
	at org.apache.ratis.thirdparty.io.grpc.internal.ContextRunnable.run(ContextRunnable.java:37) [ratis-thirdparty-misc-0.2.0.jar:0.2.0]
	at org.apache.ratis.thirdparty.io.grpc.internal.SerializingExecutor.run(SerializingExecutor.java:123) [ratis-thirdparty-misc-0.2.0.jar:0.2.0]
	at java.util.concurrent.ThreadPoolExecutor.runWorker(ThreadPoolExecutor.java:1149) [?:1.8.0_212]
	at java.util.concurrent.ThreadPoolExecutor$Worker.run(ThreadPoolExecutor.java:624) [?:1.8.0_212]
	at java.lang.Thread.run(Thread.java:748) [?:1.8.0_212]
08:57:52.387 [grpc-default-executor-7] ERROR DNAudit - user=null | ip=null | op=WRITE_CHUNK {blockData=conID: 1 locID: 102529568118734862 bcsId: 14} | ret=FAILURE
org.apache.hadoop.hdds.scm.container.common.helpers.ContainerNotOpenException: Container 1 in CLOSING state
	at org.apache.hadoop.ozone.container.common.impl.HddsDispatcher.validateContainerCommand(HddsDispatcher.java:408) ~[hadoop-hdds-container-service-0.4.1-SNAPSHOT.jar:?]
	at org.apache.hadoop.ozone.container.common.transport.server.ratis.ContainerStateMachine.startTransaction(ContainerStateMachine.java:288) ~[hadoop-hdds-container-service-0.4.1-SNAPSHOT.jar:?]
	at org.apache.ratis.server.impl.RaftServerImpl.submitClientRequestAsync(RaftServerImpl.java:566) ~[ratis-server-0.4.0-2337318-SNAPSHOT.jar:0.4.0-2337318-SNAPSHOT]
	at org.apache.ratis.server.impl.RaftServerProxy.lambda$submitClientRequestAsync$7(RaftServerProxy.java:333) ~[ratis-server-0.4.0-2337318-SNAPSHOT.jar:0.4.0-2337318-SNAPSHOT]
	at org.apache.ratis.server.impl.RaftServerProxy.lambda$null$5(RaftServerProxy.java:328) ~[ratis-server-0.4.0-2337318-SNAPSHOT.jar:0.4.0-2337318-SNAPSHOT]
	at org.apache.ratis.util.JavaUtils.callAsUnchecked(JavaUtils.java:109) ~[ratis-common-0.4.0-2337318-SNAPSHOT.jar:0.4.0-2337318-SNAPSHOT]
	at org.apache.ratis.server.impl.RaftServerProxy.lambda$submitRequest$6(RaftServerProxy.java:328) ~[ratis-server-0.4.0-2337318-SNAPSHOT.jar:0.4.0-2337318-SNAPSHOT]
	at java.util.concurrent.CompletableFuture.uniComposeStage(CompletableFuture.java:981) ~[?:1.8.0_212]
	at java.util.concurrent.CompletableFuture.thenCompose(CompletableFuture.java:2124) ~[?:1.8.0_212]
	at org.apache.ratis.server.impl.RaftServerProxy.submitRequest(RaftServerProxy.java:327) ~[ratis-server-0.4.0-2337318-SNAPSHOT.jar:0.4.0-2337318-SNAPSHOT]
	at org.apache.ratis.server.impl.RaftServerProxy.submitClientRequestAsync(RaftServerProxy.java:333) ~[ratis-server-0.4.0-2337318-SNAPSHOT.jar:0.4.0-2337318-SNAPSHOT]
	at org.apache.ratis.grpc.client.GrpcClientProtocolService$RequestStreamObserver.processClientRequest(GrpcClientProtocolService.java:220) ~[ratis-grpc-0.4.0-2337318-SNAPSHOT.jar:0.4.0-2337318-SNAPSHOT]
	at org.apache.ratis.grpc.client.GrpcClientProtocolService$OrderedRequestStreamObserver.processClientRequest(GrpcClientProtocolService.java:326) ~[ratis-grpc-0.4.0-2337318-SNAPSHOT.jar:0.4.0-2337318-SNAPSHOT]
	at org.apache.ratis.util.SlidingWindow$Server.processRequestsFromHead(SlidingWindow.java:429) [ratis-common-0.4.0-2337318-SNAPSHOT.jar:0.4.0-2337318-SNAPSHOT]
	at org.apache.ratis.util.SlidingWindow$Server.receivedRequest(SlidingWindow.java:421) [ratis-common-0.4.0-2337318-SNAPSHOT.jar:0.4.0-2337318-SNAPSHOT]
	at org.apache.ratis.grpc.client.GrpcClientProtocolService$OrderedRequestStreamObserver.processClientRequest(GrpcClientProtocolService.java:345) [ratis-grpc-0.4.0-2337318-SNAPSHOT.jar:0.4.0-2337318-SNAPSHOT]
	at org.apache.ratis.grpc.client.GrpcClientProtocolService$RequestStreamObserver.onNext(GrpcClientProtocolService.java:240) [ratis-grpc-0.4.0-2337318-SNAPSHOT.jar:0.4.0-2337318-SNAPSHOT]
	at org.apache.ratis.grpc.client.GrpcClientProtocolService$RequestStreamObserver.onNext(GrpcClientProtocolService.java:168) [ratis-grpc-0.4.0-2337318-SNAPSHOT.jar:0.4.0-2337318-SNAPSHOT]
	at org.apache.ratis.thirdparty.io.grpc.stub.ServerCalls$StreamingServerCallHandler$StreamingServerCallListener.onMessage(ServerCalls.java:248) [ratis-thirdparty-misc-0.2.0.jar:0.2.0]
	at org.apache.ratis.thirdparty.io.grpc.internal.ServerCallImpl$ServerStreamListenerImpl.messagesAvailable(ServerCallImpl.java:263) [ratis-thirdparty-misc-0.2.0.jar:0.2.0]
	at org.apache.ratis.thirdparty.io.grpc.internal.ServerImpl$JumpToApplicationThreadServerStreamListener$1MessagesAvailable.runInContext(ServerImpl.java:686) [ratis-thirdparty-misc-0.2.0.jar:0.2.0]
	at org.apache.ratis.thirdparty.io.grpc.internal.ContextRunnable.run(ContextRunnable.java:37) [ratis-thirdparty-misc-0.2.0.jar:0.2.0]
	at org.apache.ratis.thirdparty.io.grpc.internal.SerializingExecutor.run(SerializingExecutor.java:123) [ratis-thirdparty-misc-0.2.0.jar:0.2.0]
	at java.util.concurrent.ThreadPoolExecutor.runWorker(ThreadPoolExecutor.java:1149) [?:1.8.0_212]
	at java.util.concurrent.ThreadPoolExecutor$Worker.run(ThreadPoolExecutor.java:624) [?:1.8.0_212]
	at java.lang.Thread.run(Thread.java:748) [?:1.8.0_212]
2019-07-30 08:57:52,389 INFO  client.GrpcClientProtocolClient (GrpcClientProtocolClient.java:onNext(255)) - client-1884A89883AD->c014cdec-9ba0-4cb2-a67e-4bd5e312e45d: receive RaftClientReply:client-1884A89883AD->c014cdec-9ba0-4cb2-a67e-4bd5e312e45d@group-3539889D6673, cid=194, FAILED org.apache.ratis.protocol.StateMachineException: org.apache.hadoop.hdds.scm.container.common.helpers.ContainerNotOpenException from Server c014cdec-9ba0-4cb2-a67e-4bd5e312e45d: Container 1 in CLOSING state, logIndex=0, commits[c014cdec-9ba0-4cb2-a67e-4bd5e312e45d:c18, 675230fa-958a-4583-ba4a-b811c63b9892:c16, c76232fa-95ac-4204-904c-cdb5ace277d5:c17]
2019-07-30 08:57:52,395 INFO  client.GrpcClientProtocolClient (GrpcClientProtocolClient.java:onNext(255)) - client-1884A89883AD->c014cdec-9ba0-4cb2-a67e-4bd5e312e45d: receive RaftClientReply:client-1884A89883AD->c014cdec-9ba0-4cb2-a67e-4bd5e312e45d@group-3539889D6673, cid=195, FAILED org.apache.ratis.protocol.StateMachineException: org.apache.hadoop.hdds.scm.container.common.helpers.ContainerNotOpenException from Server c014cdec-9ba0-4cb2-a67e-4bd5e312e45d: Container 1 in CLOSING state, logIndex=0, commits[c014cdec-9ba0-4cb2-a67e-4bd5e312e45d:c18, 675230fa-958a-4583-ba4a-b811c63b9892:c16, c76232fa-95ac-4204-904c-cdb5ace277d5:c17]
08:57:52.394 [grpc-default-executor-7] ERROR DNAudit - user=null | ip=null | op=WRITE_CHUNK {blockData=conID: 1 locID: 102529568118734862 bcsId: 14} | ret=FAILURE
org.apache.hadoop.hdds.scm.container.common.helpers.ContainerNotOpenException: Container 1 in CLOSING state
	at org.apache.hadoop.ozone.container.common.impl.HddsDispatcher.validateContainerCommand(HddsDispatcher.java:408) ~[hadoop-hdds-container-service-0.4.1-SNAPSHOT.jar:?]
	at org.apache.hadoop.ozone.container.common.transport.server.ratis.ContainerStateMachine.startTransaction(ContainerStateMachine.java:288) ~[hadoop-hdds-container-service-0.4.1-SNAPSHOT.jar:?]
	at org.apache.ratis.server.impl.RaftServerImpl.submitClientRequestAsync(RaftServerImpl.java:566) ~[ratis-server-0.4.0-2337318-SNAPSHOT.jar:0.4.0-2337318-SNAPSHOT]
	at org.apache.ratis.server.impl.RaftServerProxy.lambda$submitClientRequestAsync$7(RaftServerProxy.java:333) ~[ratis-server-0.4.0-2337318-SNAPSHOT.jar:0.4.0-2337318-SNAPSHOT]
	at org.apache.ratis.server.impl.RaftServerProxy.lambda$null$5(RaftServerProxy.java:328) ~[ratis-server-0.4.0-2337318-SNAPSHOT.jar:0.4.0-2337318-SNAPSHOT]
	at org.apache.ratis.util.JavaUtils.callAsUnchecked(JavaUtils.java:109) ~[ratis-common-0.4.0-2337318-SNAPSHOT.jar:0.4.0-2337318-SNAPSHOT]
	at org.apache.ratis.server.impl.RaftServerProxy.lambda$submitRequest$6(RaftServerProxy.java:328) ~[ratis-server-0.4.0-2337318-SNAPSHOT.jar:0.4.0-2337318-SNAPSHOT]
	at java.util.concurrent.CompletableFuture.uniComposeStage(CompletableFuture.java:981) ~[?:1.8.0_212]
	at java.util.concurrent.CompletableFuture.thenCompose(CompletableFuture.java:2124) ~[?:1.8.0_212]
	at org.apache.ratis.server.impl.RaftServerProxy.submitRequest(RaftServerProxy.java:327) ~[ratis-server-0.4.0-2337318-SNAPSHOT.jar:0.4.0-2337318-SNAPSHOT]
	at org.apache.ratis.server.impl.RaftServerProxy.submitClientRequestAsync(RaftServerProxy.java:333) ~[ratis-server-0.4.0-2337318-SNAPSHOT.jar:0.4.0-2337318-SNAPSHOT]
	at org.apache.ratis.grpc.client.GrpcClientProtocolService$RequestStreamObserver.processClientRequest(GrpcClientProtocolService.java:220) ~[ratis-grpc-0.4.0-2337318-SNAPSHOT.jar:0.4.0-2337318-SNAPSHOT]
	at org.apache.ratis.grpc.client.GrpcClientProtocolService$OrderedRequestStreamObserver.processClientRequest(GrpcClientProtocolService.java:326) ~[ratis-grpc-0.4.0-2337318-SNAPSHOT.jar:0.4.0-2337318-SNAPSHOT]
	at org.apache.ratis.util.SlidingWindow$Server.processRequestsFromHead(SlidingWindow.java:429) [ratis-common-0.4.0-2337318-SNAPSHOT.jar:0.4.0-2337318-SNAPSHOT]
	at org.apache.ratis.util.SlidingWindow$Server.receivedRequest(SlidingWindow.java:421) [ratis-common-0.4.0-2337318-SNAPSHOT.jar:0.4.0-2337318-SNAPSHOT]
	at org.apache.ratis.grpc.client.GrpcClientProtocolService$OrderedRequestStreamObserver.processClientRequest(GrpcClientProtocolService.java:345) [ratis-grpc-0.4.0-2337318-SNAPSHOT.jar:0.4.0-2337318-SNAPSHOT]
	at org.apache.ratis.grpc.client.GrpcClientProtocolService$RequestStreamObserver.onNext(GrpcClientProtocolService.java:240) [ratis-grpc-0.4.0-2337318-SNAPSHOT.jar:0.4.0-2337318-SNAPSHOT]
	at org.apache.ratis.grpc.client.GrpcClientProtocolService$RequestStreamObserver.onNext(GrpcClientProtocolService.java:168) [ratis-grpc-0.4.0-2337318-SNAPSHOT.jar:0.4.0-2337318-SNAPSHOT]
	at org.apache.ratis.thirdparty.io.grpc.stub.ServerCalls$StreamingServerCallHandler$StreamingServerCallListener.onMessage(ServerCalls.java:248) [ratis-thirdparty-misc-0.2.0.jar:0.2.0]
	at org.apache.ratis.thirdparty.io.grpc.internal.ServerCallImpl$ServerStreamListenerImpl.messagesAvailable(ServerCallImpl.java:263) [ratis-thirdparty-misc-0.2.0.jar:0.2.0]
	at org.apache.ratis.thirdparty.io.grpc.internal.ServerImpl$JumpToApplicationThreadServerStreamListener$1MessagesAvailable.runInContext(ServerImpl.java:686) [ratis-thirdparty-misc-0.2.0.jar:0.2.0]
	at org.apache.ratis.thirdparty.io.grpc.internal.ContextRunnable.run(ContextRunnable.java:37) [ratis-thirdparty-misc-0.2.0.jar:0.2.0]
	at org.apache.ratis.thirdparty.io.grpc.internal.SerializingExecutor.run(SerializingExecutor.java:123) [ratis-thirdparty-misc-0.2.0.jar:0.2.0]
	at java.util.concurrent.ThreadPoolExecutor.runWorker(ThreadPoolExecutor.java:1149) [?:1.8.0_212]
	at java.util.concurrent.ThreadPoolExecutor$Worker.run(ThreadPoolExecutor.java:624) [?:1.8.0_212]
	at java.lang.Thread.run(Thread.java:748) [?:1.8.0_212]
2019-07-30 08:57:52,404 INFO  client.GrpcClientProtocolClient (GrpcClientProtocolClient.java:onNext(255)) - client-1884A89883AD->c014cdec-9ba0-4cb2-a67e-4bd5e312e45d: receive RaftClientReply:client-1884A89883AD->c014cdec-9ba0-4cb2-a67e-4bd5e312e45d@group-3539889D6673, cid=196, FAILED org.apache.ratis.protocol.StateMachineException: org.apache.hadoop.hdds.scm.container.common.helpers.ContainerNotOpenException from Server c014cdec-9ba0-4cb2-a67e-4bd5e312e45d: Container 1 in CLOSING state, logIndex=0, commits[c014cdec-9ba0-4cb2-a67e-4bd5e312e45d:c18, 675230fa-958a-4583-ba4a-b811c63b9892:c16, c76232fa-95ac-4204-904c-cdb5ace277d5:c17]
08:57:52.403 [grpc-default-executor-7] ERROR DNAudit - user=null | ip=null | op=PUT_BLOCK {blockData=[blockId=conID: 1 locID: 102529568118734862 bcsId: 0,size=800]} | ret=FAILURE
org.apache.hadoop.hdds.scm.container.common.helpers.ContainerNotOpenException: Container 1 in CLOSING state
	at org.apache.hadoop.ozone.container.common.impl.HddsDispatcher.validateContainerCommand(HddsDispatcher.java:408) ~[hadoop-hdds-container-service-0.4.1-SNAPSHOT.jar:?]
	at org.apache.hadoop.ozone.container.common.transport.server.ratis.ContainerStateMachine.startTransaction(ContainerStateMachine.java:288) ~[hadoop-hdds-container-service-0.4.1-SNAPSHOT.jar:?]
	at org.apache.ratis.server.impl.RaftServerImpl.submitClientRequestAsync(RaftServerImpl.java:566) ~[ratis-server-0.4.0-2337318-SNAPSHOT.jar:0.4.0-2337318-SNAPSHOT]
	at org.apache.ratis.server.impl.RaftServerProxy.lambda$submitClientRequestAsync$7(RaftServerProxy.java:333) ~[ratis-server-0.4.0-2337318-SNAPSHOT.jar:0.4.0-2337318-SNAPSHOT]
	at org.apache.ratis.server.impl.RaftServerProxy.lambda$null$5(RaftServerProxy.java:328) ~[ratis-server-0.4.0-2337318-SNAPSHOT.jar:0.4.0-2337318-SNAPSHOT]
	at org.apache.ratis.util.JavaUtils.callAsUnchecked(JavaUtils.java:109) ~[ratis-common-0.4.0-2337318-SNAPSHOT.jar:0.4.0-2337318-SNAPSHOT]
	at org.apache.ratis.server.impl.RaftServerProxy.lambda$submitRequest$6(RaftServerProxy.java:328) ~[ratis-server-0.4.0-2337318-SNAPSHOT.jar:0.4.0-2337318-SNAPSHOT]
	at java.util.concurrent.CompletableFuture.uniComposeStage(CompletableFuture.java:981) ~[?:1.8.0_212]
	at java.util.concurrent.CompletableFuture.thenCompose(CompletableFuture.java:2124) ~[?:1.8.0_212]
	at org.apache.ratis.server.impl.RaftServerProxy.submitRequest(RaftServerProxy.java:327) ~[ratis-server-0.4.0-2337318-SNAPSHOT.jar:0.4.0-2337318-SNAPSHOT]
	at org.apache.ratis.server.impl.RaftServerProxy.submitClientRequestAsync(RaftServerProxy.java:333) ~[ratis-server-0.4.0-2337318-SNAPSHOT.jar:0.4.0-2337318-SNAPSHOT]
	at org.apache.ratis.grpc.client.GrpcClientProtocolService$RequestStreamObserver.processClientRequest(GrpcClientProtocolService.java:220) ~[ratis-grpc-0.4.0-2337318-SNAPSHOT.jar:0.4.0-2337318-SNAPSHOT]
	at org.apache.ratis.grpc.client.GrpcClientProtocolService$OrderedRequestStreamObserver.processClientRequest(GrpcClientProtocolService.java:326) ~[ratis-grpc-0.4.0-2337318-SNAPSHOT.jar:0.4.0-2337318-SNAPSHOT]
	at org.apache.ratis.util.SlidingWindow$Server.processRequestsFromHead(SlidingWindow.java:429) [ratis-common-0.4.0-2337318-SNAPSHOT.jar:0.4.0-2337318-SNAPSHOT]
	at org.apache.ratis.util.SlidingWindow$Server.receivedRequest(SlidingWindow.java:421) [ratis-common-0.4.0-2337318-SNAPSHOT.jar:0.4.0-2337318-SNAPSHOT]
	at org.apache.ratis.grpc.client.GrpcClientProtocolService$OrderedRequestStreamObserver.processClientRequest(GrpcClientProtocolService.java:345) [ratis-grpc-0.4.0-2337318-SNAPSHOT.jar:0.4.0-2337318-SNAPSHOT]
	at org.apache.ratis.grpc.client.GrpcClientProtocolService$RequestStreamObserver.onNext(GrpcClientProtocolService.java:240) [ratis-grpc-0.4.0-2337318-SNAPSHOT.jar:0.4.0-2337318-SNAPSHOT]
	at org.apache.ratis.grpc.client.GrpcClientProtocolService$RequestStreamObserver.onNext(GrpcClientProtocolService.java:168) [ratis-grpc-0.4.0-2337318-SNAPSHOT.jar:0.4.0-2337318-SNAPSHOT]
	at org.apache.ratis.thirdparty.io.grpc.stub.ServerCalls$StreamingServerCallHandler$StreamingServerCallListener.onMessage(ServerCalls.java:248) [ratis-thirdparty-misc-0.2.0.jar:0.2.0]
	at org.apache.ratis.thirdparty.io.grpc.internal.ServerCallImpl$ServerStreamListenerImpl.messagesAvailable(ServerCallImpl.java:263) [ratis-thirdparty-misc-0.2.0.jar:0.2.0]
	at org.apache.ratis.thirdparty.io.grpc.internal.ServerImpl$JumpToApplicationThreadServerStreamListener$1MessagesAvailable.runInContext(ServerImpl.java:686) [ratis-thirdparty-misc-0.2.0.jar:0.2.0]
	at org.apache.ratis.thirdparty.io.grpc.internal.ContextRunnable.run(ContextRunnable.java:37) [ratis-thirdparty-misc-0.2.0.jar:0.2.0]
	at org.apache.ratis.thirdparty.io.grpc.internal.SerializingExecutor.run(SerializingExecutor.java:123) [ratis-thirdparty-misc-0.2.0.jar:0.2.0]
	at java.util.concurrent.ThreadPoolExecutor.runWorker(ThreadPoolExecutor.java:1149) [?:1.8.0_212]
	at java.util.concurrent.ThreadPoolExecutor$Worker.run(ThreadPoolExecutor.java:624) [?:1.8.0_212]
	at java.lang.Thread.run(Thread.java:748) [?:1.8.0_212]
2019-07-30 08:57:52,410 INFO  client.GrpcClientProtocolClient (GrpcClientProtocolClient.java:onNext(255)) - client-1884A89883AD->c014cdec-9ba0-4cb2-a67e-4bd5e312e45d: receive RaftClientReply:client-1884A89883AD->c014cdec-9ba0-4cb2-a67e-4bd5e312e45d@group-3539889D6673, cid=197, FAILED org.apache.ratis.protocol.StateMachineException: org.apache.hadoop.hdds.scm.container.common.helpers.ContainerNotOpenException from Server c014cdec-9ba0-4cb2-a67e-4bd5e312e45d: Container 1 in CLOSING state, logIndex=0, commits[c014cdec-9ba0-4cb2-a67e-4bd5e312e45d:c18, 675230fa-958a-4583-ba4a-b811c63b9892:c16, c76232fa-95ac-4204-904c-cdb5ace277d5:c17]
2019-07-30 08:57:52,457 INFO  client.GrpcClientProtocolClient (GrpcClientProtocolClient.java:onNext(255)) - client-13747DF4A958->ce42eed1-aeb3-4af4-8a16-c8c6c6fb1ddd: receive RaftClientReply:client-13747DF4A958->ce42eed1-aeb3-4af4-8a16-c8c6c6fb1ddd@group-3633636C8BA9, cid=198, FAILED org.apache.ratis.protocol.NotLeaderException: Server ce42eed1-aeb3-4af4-8a16-c8c6c6fb1ddd is not the leader (0b6e9b23-4ab2-4168-b0e9-3eda68ab3ffc:192.168.69.91:35266). Request must be sent to leader., logIndex=0, commits[ce42eed1-aeb3-4af4-8a16-c8c6c6fb1ddd:c0, 0b6e9b23-4ab2-4168-b0e9-3eda68ab3ffc:c0, 83c63723-1a17-474a-8de0-17d606968224:c0]
2019-07-30 08:57:52,617 INFO  client.GrpcClientProtocolClient (GrpcClientProtocolClient.java:onNext(255)) - client-13747DF4A958->0b6e9b23-4ab2-4168-b0e9-3eda68ab3ffc: receive RaftClientReply:client-13747DF4A958->0b6e9b23-4ab2-4168-b0e9-3eda68ab3ffc@group-3633636C8BA9, cid=198, SUCCESS, logIndex=1, commits[0b6e9b23-4ab2-4168-b0e9-3eda68ab3ffc:c1, ce42eed1-aeb3-4af4-8a16-c8c6c6fb1ddd:c0, 83c63723-1a17-474a-8de0-17d606968224:c0]
2019-07-30 08:57:52,664 INFO  client.GrpcClientProtocolClient (GrpcClientProtocolClient.java:onNext(255)) - client-13747DF4A958->0b6e9b23-4ab2-4168-b0e9-3eda68ab3ffc: receive RaftClientReply:client-13747DF4A958->0b6e9b23-4ab2-4168-b0e9-3eda68ab3ffc@group-3633636C8BA9, cid=199, SUCCESS, logIndex=3, commits[0b6e9b23-4ab2-4168-b0e9-3eda68ab3ffc:c4, ce42eed1-aeb3-4af4-8a16-c8c6c6fb1ddd:c2, 83c63723-1a17-474a-8de0-17d606968224:c2]
2019-07-30 08:57:52,730 INFO  client.GrpcClientProtocolClient (GrpcClientProtocolClient.java:onNext(255)) - client-13747DF4A958->0b6e9b23-4ab2-4168-b0e9-3eda68ab3ffc: receive RaftClientReply:client-13747DF4A958->0b6e9b23-4ab2-4168-b0e9-3eda68ab3ffc@group-3633636C8BA9, cid=200, SUCCESS, logIndex=4, commits[0b6e9b23-4ab2-4168-b0e9-3eda68ab3ffc:c10, ce42eed1-aeb3-4af4-8a16-c8c6c6fb1ddd:c7, 83c63723-1a17-474a-8de0-17d606968224:c7]
2019-07-30 08:57:52,731 INFO  client.GrpcClientProtocolClient (GrpcClientProtocolClient.java:onNext(255)) - client-13747DF4A958->0b6e9b23-4ab2-4168-b0e9-3eda68ab3ffc: receive RaftClientReply:client-13747DF4A958->0b6e9b23-4ab2-4168-b0e9-3eda68ab3ffc@group-3633636C8BA9, cid=201, SUCCESS, logIndex=5, commits[0b6e9b23-4ab2-4168-b0e9-3eda68ab3ffc:c10, ce42eed1-aeb3-4af4-8a16-c8c6c6fb1ddd:c7, 83c63723-1a17-474a-8de0-17d606968224:c7]
2019-07-30 08:57:52,735 INFO  client.GrpcClientProtocolClient (GrpcClientProtocolClient.java:onNext(255)) - client-13747DF4A958->0b6e9b23-4ab2-4168-b0e9-3eda68ab3ffc: receive RaftClientReply:client-13747DF4A958->0b6e9b23-4ab2-4168-b0e9-3eda68ab3ffc@group-3633636C8BA9, cid=202, SUCCESS, logIndex=6, commits[0b6e9b23-4ab2-4168-b0e9-3eda68ab3ffc:c10, ce42eed1-aeb3-4af4-8a16-c8c6c6fb1ddd:c7, 83c63723-1a17-474a-8de0-17d606968224:c7]
2019-07-30 08:57:52,850 INFO  client.GrpcClientProtocolClient (GrpcClientProtocolClient.java:onNext(255)) - client-13747DF4A958->0b6e9b23-4ab2-4168-b0e9-3eda68ab3ffc: receive RaftClientReply:client-13747DF4A958->0b6e9b23-4ab2-4168-b0e9-3eda68ab3ffc@group-3633636C8BA9, cid=203, SUCCESS, logIndex=7, commits[0b6e9b23-4ab2-4168-b0e9-3eda68ab3ffc:c10, ce42eed1-aeb3-4af4-8a16-c8c6c6fb1ddd:c7, 83c63723-1a17-474a-8de0-17d606968224:c7]
2019-07-30 08:57:52,876 INFO  client.GrpcClientProtocolClient (GrpcClientProtocolClient.java:onNext(255)) - client-13747DF4A958->0b6e9b23-4ab2-4168-b0e9-3eda68ab3ffc: receive RaftClientReply:client-13747DF4A958->0b6e9b23-4ab2-4168-b0e9-3eda68ab3ffc@group-3633636C8BA9, cid=204, SUCCESS, logIndex=11, commits[0b6e9b23-4ab2-4168-b0e9-3eda68ab3ffc:c12, ce42eed1-aeb3-4af4-8a16-c8c6c6fb1ddd:c10, 83c63723-1a17-474a-8de0-17d606968224:c10]
2019-07-30 08:57:52,877 INFO  client.GrpcClientProtocolClient (GrpcClientProtocolClient.java:onNext(255)) - client-13747DF4A958->0b6e9b23-4ab2-4168-b0e9-3eda68ab3ffc: receive RaftClientReply:client-13747DF4A958->0b6e9b23-4ab2-4168-b0e9-3eda68ab3ffc@group-3633636C8BA9, cid=205, SUCCESS, logIndex=12, commits[0b6e9b23-4ab2-4168-b0e9-3eda68ab3ffc:c12, ce42eed1-aeb3-4af4-8a16-c8c6c6fb1ddd:c10, 83c63723-1a17-474a-8de0-17d606968224:c10]
2019-07-30 08:57:52,889 INFO  client.GrpcClientProtocolClient (GrpcClientProtocolClient.java:onNext(255)) - client-13747DF4A958->0b6e9b23-4ab2-4168-b0e9-3eda68ab3ffc: receive RaftClientReply:client-13747DF4A958->0b6e9b23-4ab2-4168-b0e9-3eda68ab3ffc@group-3633636C8BA9, cid=206, SUCCESS, logIndex=0, commits[0b6e9b23-4ab2-4168-b0e9-3eda68ab3ffc:c13, ce42eed1-aeb3-4af4-8a16-c8c6c6fb1ddd:c12, 83c63723-1a17-474a-8de0-17d606968224:c12]
2019-07-30 08:57:52,890 INFO  ozone.MiniOzoneClusterImpl (MiniOzoneClusterImpl.java:shutdown(321)) - Shutting down the Mini Ozone Cluster
2019-07-30 08:57:52,891 INFO  ozone.MiniOzoneClusterImpl (MiniOzoneClusterImpl.java:stop(336)) - Stopping the Mini Ozone Cluster
2019-07-30 08:57:52,891 INFO  ozone.MiniOzoneClusterImpl (MiniOzoneClusterImpl.java:stop(338)) - Stopping the OzoneManager
2019-07-30 08:57:52,891 INFO  ipc.Server (Server.java:stop(3082)) - Stopping server on 44065
2019-07-30 08:57:52,920 INFO  ipc.Server (Server.java:run(1185)) - Stopping IPC Server listener on 44065
2019-07-30 08:57:52,920 INFO  ipc.Server (Server.java:run(1319)) - Stopping IPC Server Responder
2019-07-30 08:57:52,920 INFO  utils.BackgroundService (BackgroundService.java:shutdown(148)) - Shutting down service KeyDeletingService
2019-07-30 08:57:52,930 INFO  handler.ContextHandler (ContextHandler.java:doStop(910)) - Stopped o.e.j.w.WebAppContext@6c4eccd2{/,null,UNAVAILABLE}{/ozoneManager}
2019-07-30 08:57:52,931 INFO  server.AbstractConnector (AbstractConnector.java:doStop(318)) - Stopped ServerConnector@564e9c0b{HTTP/1.1,[http/1.1]}{0.0.0.0:0}
2019-07-30 08:57:52,932 INFO  handler.ContextHandler (ContextHandler.java:doStop(910)) - Stopped o.e.j.s.ServletContextHandler@4690a37e{/static,file:///workdir/hadoop-ozone/integration-test/target/test-classes/webapps/static,UNAVAILABLE}
2019-07-30 08:57:52,932 INFO  handler.ContextHandler (ContextHandler.java:doStop(910)) - Stopped o.e.j.s.ServletContextHandler@7f93fce1{/logs,file:///workdir/hadoop-ozone/integration-test/target/log,UNAVAILABLE}
2019-07-30 08:57:52,947 INFO  ozone.MiniOzoneClusterImpl (MiniOzoneClusterImpl.java:stop(344)) - Shutting the HddsDatanodes
2019-07-30 08:57:52,947 INFO  datanode.ObjectStoreHandler (ObjectStoreHandler.java:close(155)) - Closing ObjectStoreHandler.
2019-07-30 08:57:52,947 INFO  datanode.ObjectStoreHandler (ObjectStoreHandler.java:close(155)) - Closing ObjectStoreHandler.
2019-07-30 08:57:52,948 INFO  ozone.HddsDatanodeService (HddsDatanodeService.java:stop(451)) - Stopped plug-in org.apache.hadoop.ozone.web.OzoneHddsDatanodeService@261d7ee2
2019-07-30 08:57:52,948 INFO  ozone.HddsDatanodeService (HddsDatanodeService.java:stop(451)) - Stopped plug-in org.apache.hadoop.ozone.web.OzoneHddsDatanodeService@996126b
2019-07-30 08:57:53,597 INFO  statemachine.DatanodeStateMachine (DatanodeStateMachine.java:lambda$startDaemon$0(350)) - Ozone container server started.
2019-07-30 08:57:53,838 INFO  statemachine.DatanodeStateMachine (DatanodeStateMachine.java:lambda$startDaemon$0(350)) - Ozone container server started.
2019-07-30 08:57:54,086 WARN  server.GrpcLogAppender (LogUtils.java:warn(134)) - c014cdec-9ba0-4cb2-a67e-4bd5e312e45d->675230fa-958a-4583-ba4a-b811c63b9892: Failed appendEntries: org.apache.ratis.thirdparty.io.grpc.StatusRuntimeException: UNAVAILABLE: io exception
2019-07-30 08:57:54,086 INFO  impl.FollowerInfo (FollowerInfo.java:lambda$new$0(50)) - c014cdec-9ba0-4cb2-a67e-4bd5e312e45d->675230fa-958a-4583-ba4a-b811c63b9892: nextIndex: updateUnconditionally 1 -> 0
2019-07-30 08:57:56,586 WARN  server.GrpcLogAppender (LogUtils.java:warn(134)) - c014cdec-9ba0-4cb2-a67e-4bd5e312e45d->675230fa-958a-4583-ba4a-b811c63b9892: Failed appendEntries: org.apache.ratis.thirdparty.io.grpc.StatusRuntimeException: UNAVAILABLE: io exception
2019-07-30 08:57:56,586 INFO  impl.FollowerInfo (FollowerInfo.java:lambda$new$0(50)) - c014cdec-9ba0-4cb2-a67e-4bd5e312e45d->675230fa-958a-4583-ba4a-b811c63b9892: nextIndex: updateUnconditionally 0 -> 0
2019-07-30 08:57:57,687 INFO  node.StaleNodeHandler (StaleNodeHandler.java:onMessage(58)) - Datanode 0b6e9b23-4ab2-4168-b0e9-3eda68ab3ffc{ip: 192.168.69.91, host: byscane-nightly-jdzkf-783033596, networkLocation: /default-rack, certSerialId: null} moved to stale state. Finalizing its pipelines [PipelineID=bd407457-ccd4-4d86-a6ae-79bcb8ac4ad2, PipelineID=010cdbcc-1781-4a3f-97c2-3633636c8ba9]
2019-07-30 08:57:57,687 INFO  pipeline.SCMPipelineManager (SCMPipelineManager.java:finalizeAndDestroyPipeline(309)) - destroying pipeline:Pipeline[ Id: bd407457-ccd4-4d86-a6ae-79bcb8ac4ad2, Nodes: 0b6e9b23-4ab2-4168-b0e9-3eda68ab3ffc{ip: 192.168.69.91, host: byscane-nightly-jdzkf-783033596, networkLocation: /default-rack, certSerialId: null}, Type:RATIS, Factor:ONE, State:OPEN]
2019-07-30 08:57:57,688 INFO  pipeline.PipelineStateManager (PipelineStateManager.java:finalizePipeline(123)) - Pipeline Pipeline[ Id: bd407457-ccd4-4d86-a6ae-79bcb8ac4ad2, Nodes: 0b6e9b23-4ab2-4168-b0e9-3eda68ab3ffc{ip: 192.168.69.91, host: byscane-nightly-jdzkf-783033596, networkLocation: /default-rack, certSerialId: null}, Type:RATIS, Factor:ONE, State:CLOSED] moved to CLOSED state
2019-07-30 08:57:57,688 INFO  pipeline.SCMPipelineManager (SCMPipelineManager.java:finalizeAndDestroyPipeline(309)) - destroying pipeline:Pipeline[ Id: 010cdbcc-1781-4a3f-97c2-3633636c8ba9, Nodes: ce42eed1-aeb3-4af4-8a16-c8c6c6fb1ddd{ip: 192.168.69.91, host: byscane-nightly-jdzkf-783033596, networkLocation: /default-rack, certSerialId: null}0b6e9b23-4ab2-4168-b0e9-3eda68ab3ffc{ip: 192.168.69.91, host: byscane-nightly-jdzkf-783033596, networkLocation: /default-rack, certSerialId: null}83c63723-1a17-474a-8de0-17d606968224{ip: 192.168.69.91, host: byscane-nightly-jdzkf-783033596, networkLocation: /default-rack, certSerialId: null}, Type:RATIS, Factor:THREE, State:OPEN]
2019-07-30 08:57:57,688 INFO  pipeline.PipelineStateManager (PipelineStateManager.java:finalizePipeline(123)) - Pipeline Pipeline[ Id: 010cdbcc-1781-4a3f-97c2-3633636c8ba9, Nodes: ce42eed1-aeb3-4af4-8a16-c8c6c6fb1ddd{ip: 192.168.69.91, host: byscane-nightly-jdzkf-783033596, networkLocation: /default-rack, certSerialId: null}0b6e9b23-4ab2-4168-b0e9-3eda68ab3ffc{ip: 192.168.69.91, host: byscane-nightly-jdzkf-783033596, networkLocation: /default-rack, certSerialId: null}83c63723-1a17-474a-8de0-17d606968224{ip: 192.168.69.91, host: byscane-nightly-jdzkf-783033596, networkLocation: /default-rack, certSerialId: null}, Type:RATIS, Factor:THREE, State:CLOSED] moved to CLOSED state
2019-07-30 08:57:57,688 INFO  container.CloseContainerEventHandler (CloseContainerEventHandler.java:onMessage(61)) - Close container Event triggered for container : #2
2019-07-30 08:57:57,887 INFO  node.StaleNodeHandler (StaleNodeHandler.java:onMessage(58)) - Datanode c76232fa-95ac-4204-904c-cdb5ace277d5{ip: 192.168.69.91, host: byscane-nightly-jdzkf-783033596, networkLocation: /default-rack, certSerialId: null} moved to stale state. Finalizing its pipelines [PipelineID=6d940ff7-5634-4336-ad47-ee5e03bada1e, PipelineID=c2afb7f4-6ad8-46d0-bdf8-3539889d6673]
2019-07-30 08:57:57,888 INFO  pipeline.SCMPipelineManager (SCMPipelineManager.java:finalizeAndDestroyPipeline(309)) - destroying pipeline:Pipeline[ Id: 6d940ff7-5634-4336-ad47-ee5e03bada1e, Nodes: c76232fa-95ac-4204-904c-cdb5ace277d5{ip: 192.168.69.91, host: byscane-nightly-jdzkf-783033596, networkLocation: /default-rack, certSerialId: null}, Type:RATIS, Factor:ONE, State:OPEN]
2019-07-30 08:57:57,888 INFO  pipeline.PipelineStateManager (PipelineStateManager.java:finalizePipeline(123)) - Pipeline Pipeline[ Id: 6d940ff7-5634-4336-ad47-ee5e03bada1e, Nodes: c76232fa-95ac-4204-904c-cdb5ace277d5{ip: 192.168.69.91, host: byscane-nightly-jdzkf-783033596, networkLocation: /default-rack, certSerialId: null}, Type:RATIS, Factor:ONE, State:CLOSED] moved to CLOSED state
2019-07-30 08:57:57,888 INFO  pipeline.SCMPipelineManager (SCMPipelineManager.java:finalizeAndDestroyPipeline(309)) - destroying pipeline:Pipeline[ Id: c2afb7f4-6ad8-46d0-bdf8-3539889d6673, Nodes: 675230fa-958a-4583-ba4a-b811c63b9892{ip: 192.168.69.91, host: byscane-nightly-jdzkf-783033596, networkLocation: /default-rack, certSerialId: null}c014cdec-9ba0-4cb2-a67e-4bd5e312e45d{ip: 192.168.69.91, host: byscane-nightly-jdzkf-783033596, networkLocation: /default-rack, certSerialId: null}c76232fa-95ac-4204-904c-cdb5ace277d5{ip: 192.168.69.91, host: byscane-nightly-jdzkf-783033596, networkLocation: /default-rack, certSerialId: null}, Type:RATIS, Factor:THREE, State:CLOSED]
2019-07-30 08:57:57,949 INFO  ozoneimpl.OzoneContainer (OzoneContainer.java:stop(199)) - Attempting to stop container services.
2019-07-30 08:57:57,949 INFO  ozoneimpl.OzoneContainer (OzoneContainer.java:stop(199)) - Attempting to stop container services.
2019-07-30 08:57:57,950 INFO  impl.RaftServerProxy (RaftServerProxy.java:lambda$close$4(314)) - 0b6e9b23-4ab2-4168-b0e9-3eda68ab3ffc: close
2019-07-30 08:57:57,950 INFO  impl.RaftServerProxy (RaftServerProxy.java:lambda$close$4(314)) - c76232fa-95ac-4204-904c-cdb5ace277d5: close
2019-07-30 08:57:57,950 INFO  impl.RaftServerImpl (RaftServerImpl.java:lambda$shutdown$3(245)) - 0b6e9b23-4ab2-4168-b0e9-3eda68ab3ffc: shutdown group-79BCB8AC4AD2
2019-07-30 08:57:57,950 INFO  impl.RaftServerImpl (RaftServerImpl.java:lambda$shutdown$3(245)) - c76232fa-95ac-4204-904c-cdb5ace277d5: shutdown group-EE5E03BADA1E
2019-07-30 08:57:57,951 INFO  util.JmxRegister (JmxRegister.java:unregister(73)) - Successfully un-registered JMX Bean with object name Ratis:service=RaftServer,group=group-79BCB8AC4AD2,id=0b6e9b23-4ab2-4168-b0e9-3eda68ab3ffc
2019-07-30 08:57:57,951 INFO  util.JmxRegister (JmxRegister.java:unregister(73)) - Successfully un-registered JMX Bean with object name Ratis:service=RaftServer,group=group-EE5E03BADA1E,id=c76232fa-95ac-4204-904c-cdb5ace277d5
2019-07-30 08:57:57,952 INFO  impl.RoleInfo (RoleInfo.java:shutdownLeaderState(104)) - c76232fa-95ac-4204-904c-cdb5ace277d5: shutdown LeaderState
2019-07-30 08:57:57,951 INFO  impl.RoleInfo (RoleInfo.java:shutdownLeaderState(104)) - 0b6e9b23-4ab2-4168-b0e9-3eda68ab3ffc: shutdown LeaderState
2019-07-30 08:57:57,952 INFO  impl.PendingRequests (PendingRequests.java:sendNotLeaderResponses(202)) - c76232fa-95ac-4204-904c-cdb5ace277d5-PendingRequests: sendNotLeaderResponses
2019-07-30 08:57:57,952 INFO  impl.PendingRequests (PendingRequests.java:sendNotLeaderResponses(202)) - 0b6e9b23-4ab2-4168-b0e9-3eda68ab3ffc-PendingRequests: sendNotLeaderResponses
2019-07-30 08:57:57,953 INFO  impl.StateMachineUpdater (StateMachineUpdater.java:stopAndJoin(115)) - StateMachineUpdater:c76232fa-95ac-4204-904c-cdb5ace277d5:group-EE5E03BADA1E: set stopIndex = 0
2019-07-30 08:57:57,953 INFO  impl.StateMachineUpdater (StateMachineUpdater.java:stopAndJoin(115)) - StateMachineUpdater:0b6e9b23-4ab2-4168-b0e9-3eda68ab3ffc:group-79BCB8AC4AD2: set stopIndex = 0
2019-07-30 08:57:57,954 INFO  impl.RaftServerImpl (ServerState.java:close(394)) - 0b6e9b23-4ab2-4168-b0e9-3eda68ab3ffc:group-79BCB8AC4AD2 closes. The last applied log index is 0
2019-07-30 08:57:57,953 INFO  impl.RaftServerImpl (ServerState.java:close(394)) - c76232fa-95ac-4204-904c-cdb5ace277d5:group-EE5E03BADA1E closes. The last applied log index is 0
2019-07-30 08:57:57,954 INFO  segmented.SegmentedRaftLogWorker (SegmentedRaftLogWorker.java:run(313)) - 0b6e9b23-4ab2-4168-b0e9-3eda68ab3ffc-SegmentedRaftLogWorker:Storage Directory /workdir/hadoop-ozone/integration-test/target/test-dir/MiniOzoneClusterImpl-ec18d819-8831-4f43-8598-3e158f28a63b/datanode-4/data/ratis/bd407457-ccd4-4d86-a6ae-79bcb8ac4ad2 was interrupted, exiting. There are 0 tasks remaining in the queue.
2019-07-30 08:57:57,955 INFO  segmented.SegmentedRaftLogWorker (SegmentedRaftLogWorker.java:run(313)) - c76232fa-95ac-4204-904c-cdb5ace277d5-SegmentedRaftLogWorker:Storage Directory /workdir/hadoop-ozone/integration-test/target/test-dir/MiniOzoneClusterImpl-ec18d819-8831-4f43-8598-3e158f28a63b/datanode-2/data/ratis/6d940ff7-5634-4336-ad47-ee5e03bada1e was interrupted, exiting. There are 0 tasks remaining in the queue.
2019-07-30 08:57:57,961 INFO  segmented.SegmentedRaftLogWorker (SegmentedRaftLogWorker.java:close(228)) - 0b6e9b23-4ab2-4168-b0e9-3eda68ab3ffc-SegmentedRaftLogWorker:Storage Directory /workdir/hadoop-ozone/integration-test/target/test-dir/MiniOzoneClusterImpl-ec18d819-8831-4f43-8598-3e158f28a63b/datanode-4/data/ratis/bd407457-ccd4-4d86-a6ae-79bcb8ac4ad2 close()
2019-07-30 08:57:57,961 INFO  segmented.SegmentedRaftLogWorker (SegmentedRaftLogWorker.java:close(228)) - c76232fa-95ac-4204-904c-cdb5ace277d5-SegmentedRaftLogWorker:Storage Directory /workdir/hadoop-ozone/integration-test/target/test-dir/MiniOzoneClusterImpl-ec18d819-8831-4f43-8598-3e158f28a63b/datanode-2/data/ratis/6d940ff7-5634-4336-ad47-ee5e03bada1e close()
2019-07-30 08:57:57,965 INFO  impl.RaftServerImpl (RaftServerImpl.java:lambda$shutdown$3(245)) - 0b6e9b23-4ab2-4168-b0e9-3eda68ab3ffc: shutdown group-3633636C8BA9
2019-07-30 08:57:57,969 INFO  impl.RaftServerImpl (RaftServerImpl.java:lambda$shutdown$3(245)) - c76232fa-95ac-4204-904c-cdb5ace277d5: shutdown group-3539889D6673
2019-07-30 08:57:57,969 INFO  util.JmxRegister (JmxRegister.java:unregister(73)) - Successfully un-registered JMX Bean with object name Ratis:service=RaftServer,group=group-3633636C8BA9,id=0b6e9b23-4ab2-4168-b0e9-3eda68ab3ffc
2019-07-30 08:57:57,970 INFO  util.JmxRegister (JmxRegister.java:unregister(73)) - Successfully un-registered JMX Bean with object name Ratis:service=RaftServer,group=group-3539889D6673,id=c76232fa-95ac-4204-904c-cdb5ace277d5
2019-07-30 08:57:57,970 INFO  impl.RoleInfo (RoleInfo.java:shutdownLeaderState(104)) - 0b6e9b23-4ab2-4168-b0e9-3eda68ab3ffc: shutdown LeaderState
2019-07-30 08:57:57,970 INFO  impl.RoleInfo (RoleInfo.java:shutdownFollowerState(121)) - c76232fa-95ac-4204-904c-cdb5ace277d5: shutdown FollowerState
2019-07-30 08:57:57,975 WARN  server.GrpcLogAppender (GrpcLogAppender.java:mayWait(143)) - GrpcLogAppender(0b6e9b23-4ab2-4168-b0e9-3eda68ab3ffc->83c63723-1a17-474a-8de0-17d606968224): Wait interrupted by java.lang.InterruptedException
2019-07-30 08:57:57,975 WARN  server.GrpcLogAppender (GrpcLogAppender.java:mayWait(143)) - GrpcLogAppender(0b6e9b23-4ab2-4168-b0e9-3eda68ab3ffc->ce42eed1-aeb3-4af4-8a16-c8c6c6fb1ddd): Wait interrupted by java.lang.InterruptedException
2019-07-30 08:57:57,974 INFO  impl.PendingRequests (PendingRequests.java:sendNotLeaderResponses(202)) - 0b6e9b23-4ab2-4168-b0e9-3eda68ab3ffc-PendingRequests: sendNotLeaderResponses
2019-07-30 08:57:57,975 INFO  server.GrpcServerProtocolService (GrpcServerProtocolService.java:onCompleted(104)) - 83c63723-1a17-474a-8de0-17d606968224: appendEntries completed
2019-07-30 08:57:57,975 INFO  server.GrpcServerProtocolService (GrpcServerProtocolService.java:onCompleted(104)) - ce42eed1-aeb3-4af4-8a16-c8c6c6fb1ddd: appendEntries completed
2019-07-30 08:57:57,975 INFO  ratis.ContainerStateMachine (ContainerStateMachine.java:takeSnapshot(262)) - group-3539889D6673: Taking a snapshot at:(t:1, i:14) file /workdir/hadoop-ozone/integration-test/target/test-dir/MiniOzoneClusterImpl-ec18d819-8831-4f43-8598-3e158f28a63b/datanode-2/data/ratis/c2afb7f4-6ad8-46d0-bdf8-3539889d6673/sm/snapshot.1_14
2019-07-30 08:57:57,975 INFO  impl.FollowerState (FollowerState.java:run(114)) - c76232fa-95ac-4204-904c-cdb5ace277d5: FollowerState was interrupted: java.lang.InterruptedException: sleep interrupted
2019-07-30 08:57:57,975 INFO  impl.StateMachineUpdater (StateMachineUpdater.java:stopAndJoin(115)) - StateMachineUpdater:c76232fa-95ac-4204-904c-cdb5ace277d5:group-3539889D6673: set stopIndex = 18
2019-07-30 08:57:57,981 INFO  server.GrpcLogAppender (GrpcLogAppender.java:onCompleted(292)) - 0b6e9b23-4ab2-4168-b0e9-3eda68ab3ffc->ce42eed1-aeb3-4af4-8a16-c8c6c6fb1ddd: follower responses appendEntries COMPLETED
2019-07-30 08:57:57,978 INFO  server.GrpcLogAppender (GrpcLogAppender.java:onCompleted(292)) - 0b6e9b23-4ab2-4168-b0e9-3eda68ab3ffc->83c63723-1a17-474a-8de0-17d606968224: follower responses appendEntries COMPLETED
2019-07-30 08:57:57,977 INFO  ratis.ContainerStateMachine (ContainerStateMachine.java:takeSnapshot(262)) - group-3633636C8BA9: Taking a snapshot at:(t:1, i:12) file /workdir/hadoop-ozone/integration-test/target/test-dir/MiniOzoneClusterImpl-ec18d819-8831-4f43-8598-3e158f28a63b/datanode-4/data/ratis/010cdbcc-1781-4a3f-97c2-3633636c8ba9/sm/snapshot.1_12
2019-07-30 08:57:57,977 INFO  impl.StateMachineUpdater (StateMachineUpdater.java:stopAndJoin(115)) - StateMachineUpdater:0b6e9b23-4ab2-4168-b0e9-3eda68ab3ffc:group-3633636C8BA9: set stopIndex = 14
2019-07-30 08:57:57,982 INFO  impl.FollowerInfo (FollowerInfo.java:lambda$new$0(50)) - 0b6e9b23-4ab2-4168-b0e9-3eda68ab3ffc->83c63723-1a17-474a-8de0-17d606968224: nextIndex: updateUnconditionally 15 -> 14
2019-07-30 08:57:57,982 INFO  impl.FollowerInfo (FollowerInfo.java:lambda$new$0(50)) - 0b6e9b23-4ab2-4168-b0e9-3eda68ab3ffc->ce42eed1-aeb3-4af4-8a16-c8c6c6fb1ddd: nextIndex: updateUnconditionally 15 -> 14
2019-07-30 08:57:58,006 INFO  ratis.ContainerStateMachine (ContainerStateMachine.java:takeSnapshot(273)) - group-3539889D6673: Finished taking a snapshot at:(t:1, i:14) file:/workdir/hadoop-ozone/integration-test/target/test-dir/MiniOzoneClusterImpl-ec18d819-8831-4f43-8598-3e158f28a63b/datanode-2/data/ratis/c2afb7f4-6ad8-46d0-bdf8-3539889d6673/sm/snapshot.1_14 time:31
2019-07-30 08:57:58,006 INFO  ratis.ContainerStateMachine (ContainerStateMachine.java:takeSnapshot(273)) - group-3633636C8BA9: Finished taking a snapshot at:(t:1, i:12) file:/workdir/hadoop-ozone/integration-test/target/test-dir/MiniOzoneClusterImpl-ec18d819-8831-4f43-8598-3e158f28a63b/datanode-4/data/ratis/010cdbcc-1781-4a3f-97c2-3633636c8ba9/sm/snapshot.1_12 time:28
2019-07-30 08:57:58,006 INFO  impl.StateMachineUpdater (StateMachineUpdater.java:takeSnapshot(242)) - StateMachineUpdater:c76232fa-95ac-4204-904c-cdb5ace277d5:group-3539889D6673: Took a snapshot at index 14
2019-07-30 08:57:58,006 INFO  impl.StateMachineUpdater (StateMachineUpdater.java:takeSnapshot(242)) - StateMachineUpdater:0b6e9b23-4ab2-4168-b0e9-3eda68ab3ffc:group-3633636C8BA9: Took a snapshot at index 12
2019-07-30 08:57:58,006 INFO  impl.StateMachineUpdater (StateMachineUpdater.java:lambda$new$0(80)) - StateMachineUpdater:c76232fa-95ac-4204-904c-cdb5ace277d5:group-3539889D6673: snapshotIndex: updateIncreasingly -1 -> 14
2019-07-30 08:57:58,006 INFO  impl.StateMachineUpdater (StateMachineUpdater.java:lambda$new$0(80)) - StateMachineUpdater:0b6e9b23-4ab2-4168-b0e9-3eda68ab3ffc:group-3633636C8BA9: snapshotIndex: updateIncreasingly -1 -> 12
2019-07-30 08:57:58,007 INFO  impl.RaftServerImpl (ServerState.java:close(394)) - 0b6e9b23-4ab2-4168-b0e9-3eda68ab3ffc:group-3633636C8BA9 closes. The last applied log index is 14
2019-07-30 08:57:58,007 INFO  impl.RaftServerImpl (ServerState.java:close(394)) - c76232fa-95ac-4204-904c-cdb5ace277d5:group-3539889D6673 closes. The last applied log index is 18
2019-07-30 08:57:58,008 INFO  segmented.SegmentedRaftLogWorker (SegmentedRaftLogWorker.java:run(313)) - 0b6e9b23-4ab2-4168-b0e9-3eda68ab3ffc-SegmentedRaftLogWorker:Storage Directory /workdir/hadoop-ozone/integration-test/target/test-dir/MiniOzoneClusterImpl-ec18d819-8831-4f43-8598-3e158f28a63b/datanode-4/data/ratis/010cdbcc-1781-4a3f-97c2-3633636c8ba9 was interrupted, exiting. There are 0 tasks remaining in the queue.
2019-07-30 08:57:58,008 INFO  segmented.SegmentedRaftLogWorker (SegmentedRaftLogWorker.java:run(313)) - c76232fa-95ac-4204-904c-cdb5ace277d5-SegmentedRaftLogWorker:Storage Directory /workdir/hadoop-ozone/integration-test/target/test-dir/MiniOzoneClusterImpl-ec18d819-8831-4f43-8598-3e158f28a63b/datanode-2/data/ratis/c2afb7f4-6ad8-46d0-bdf8-3539889d6673 was interrupted, exiting. There are 0 tasks remaining in the queue.
2019-07-30 08:57:58,014 INFO  segmented.SegmentedRaftLogWorker (SegmentedRaftLogWorker.java:close(228)) - 0b6e9b23-4ab2-4168-b0e9-3eda68ab3ffc-SegmentedRaftLogWorker:Storage Directory /workdir/hadoop-ozone/integration-test/target/test-dir/MiniOzoneClusterImpl-ec18d819-8831-4f43-8598-3e158f28a63b/datanode-4/data/ratis/010cdbcc-1781-4a3f-97c2-3633636c8ba9 close()
2019-07-30 08:57:58,014 INFO  segmented.SegmentedRaftLogWorker (SegmentedRaftLogWorker.java:close(228)) - c76232fa-95ac-4204-904c-cdb5ace277d5-SegmentedRaftLogWorker:Storage Directory /workdir/hadoop-ozone/integration-test/target/test-dir/MiniOzoneClusterImpl-ec18d819-8831-4f43-8598-3e158f28a63b/datanode-2/data/ratis/c2afb7f4-6ad8-46d0-bdf8-3539889d6673 close()
2019-07-30 08:57:58,020 INFO  server.GrpcService (GrpcService.java:closeImpl(155)) - 0b6e9b23-4ab2-4168-b0e9-3eda68ab3ffc: shutdown server with port 35266 now
2019-07-30 08:57:58,024 INFO  server.GrpcService (GrpcService.java:closeImpl(155)) - c76232fa-95ac-4204-904c-cdb5ace277d5: shutdown server with port 39367 now
2019-07-30 08:57:58,025 WARN  client.GrpcClientProtocolService (LogUtils.java:warn(134)) - 1-UnorderedRequestStreamObserver1: onError: org.apache.ratis.thirdparty.io.grpc.StatusRuntimeException: CANCELLED: cancelled before receiving half close
2019-07-30 08:57:58,025 INFO  server.GrpcService (GrpcService.java:closeImpl(163)) - 0b6e9b23-4ab2-4168-b0e9-3eda68ab3ffc: shutdown server with port 35266 successfully
2019-07-30 08:57:58,025 WARN  server.GrpcServerProtocolService (LogUtils.java:warn(134)) - c76232fa-95ac-4204-904c-cdb5ace277d5: appendEntries onError: org.apache.ratis.thirdparty.io.grpc.StatusRuntimeException: CANCELLED: cancelled before receiving half close
2019-07-30 08:57:58,025 INFO  server.GrpcService (GrpcService.java:closeImpl(163)) - c76232fa-95ac-4204-904c-cdb5ace277d5: shutdown server with port 39367 successfully
2019-07-30 08:57:58,026 WARN  server.GrpcLogAppender (LogUtils.java:warn(134)) - c014cdec-9ba0-4cb2-a67e-4bd5e312e45d->c76232fa-95ac-4204-904c-cdb5ace277d5: Failed appendEntries: org.apache.ratis.thirdparty.io.grpc.StatusRuntimeException: CANCELLED: HTTP/2 error code: CANCEL
Received Rst Stream
2019-07-30 08:57:58,026 INFO  impl.FollowerInfo (FollowerInfo.java:lambda$new$0(50)) - c014cdec-9ba0-4cb2-a67e-4bd5e312e45d->c76232fa-95ac-4204-904c-cdb5ace277d5: nextIndex: updateUnconditionally 19 -> 18
2019-07-30 08:57:58,027 INFO  utils.BackgroundService (BackgroundService.java:shutdown(148)) - Shutting down service BlockDeletingService
2019-07-30 08:57:58,028 INFO  utils.BackgroundService (BackgroundService.java:shutdown(148)) - Shutting down service BlockDeletingService
2019-07-30 08:57:58,030 WARN  fs.CachingGetSpaceUsed (CachingGetSpaceUsed.java:run(183)) - Thread Interrupted waiting to refresh disk information: sleep interrupted
2019-07-30 08:57:58,030 WARN  fs.CachingGetSpaceUsed (CachingGetSpaceUsed.java:run(183)) - Thread Interrupted waiting to refresh disk information: sleep interrupted
2019-07-30 08:57:58,053 INFO  statemachine.DatanodeStateMachine (DatanodeStateMachine.java:stopDaemon(395)) - Ozone container server stopped.
2019-07-30 08:57:58,058 INFO  handler.ContextHandler (ContextHandler.java:doStop(910)) - Stopped o.e.j.w.WebAppContext@2da3d7d3{/,null,UNAVAILABLE}{/hddsDatanode}
2019-07-30 08:57:58,059 INFO  server.AbstractConnector (AbstractConnector.java:doStop(318)) - Stopped ServerConnector@1f832df0{HTTP/1.1,[http/1.1]}{0.0.0.0:0}
2019-07-30 08:57:58,063 INFO  handler.ContextHandler (ContextHandler.java:doStop(910)) - Stopped o.e.j.s.ServletContextHandler@20f94e9a{/static,jar:file:/home/user/.m2/repository/org/apache/hadoop/hadoop-hdds-container-service/0.4.1-SNAPSHOT/hadoop-hdds-container-service-0.4.1-SNAPSHOT.jar!/webapps/static,UNAVAILABLE}
2019-07-30 08:57:58,065 INFO  statemachine.DatanodeStateMachine (DatanodeStateMachine.java:stopDaemon(395)) - Ozone container server stopped.
2019-07-30 08:57:58,066 INFO  handler.ContextHandler (ContextHandler.java:doStop(910)) - Stopped o.e.j.s.ServletContextHandler@67263db7{/logs,file:///workdir/hadoop-ozone/integration-test/target/log,UNAVAILABLE}
2019-07-30 08:57:58,068 INFO  handler.ContextHandler (ContextHandler.java:doStop(910)) - Stopped o.e.j.w.WebAppContext@6ea0dfaa{/,null,UNAVAILABLE}{/hddsDatanode}
2019-07-30 08:57:58,068 INFO  datanode.ObjectStoreHandler (ObjectStoreHandler.java:close(155)) - Closing ObjectStoreHandler.
2019-07-30 08:57:58,068 INFO  ozone.HddsDatanodeService (HddsDatanodeService.java:stop(451)) - Stopped plug-in org.apache.hadoop.ozone.web.OzoneHddsDatanodeService@d4f2f3d
2019-07-30 08:57:58,068 INFO  server.AbstractConnector (AbstractConnector.java:doStop(318)) - Stopped ServerConnector@5852605c{HTTP/1.1,[http/1.1]}{0.0.0.0:0}
2019-07-30 08:57:58,069 INFO  handler.ContextHandler (ContextHandler.java:doStop(910)) - Stopped o.e.j.s.ServletContextHandler@587df3e4{/static,jar:file:/home/user/.m2/repository/org/apache/hadoop/hadoop-hdds-container-service/0.4.1-SNAPSHOT/hadoop-hdds-container-service-0.4.1-SNAPSHOT.jar!/webapps/static,UNAVAILABLE}
2019-07-30 08:57:58,069 INFO  handler.ContextHandler (ContextHandler.java:doStop(910)) - Stopped o.e.j.s.ServletContextHandler@2d036335{/logs,file:///workdir/hadoop-ozone/integration-test/target/log,UNAVAILABLE}
2019-07-30 08:57:58,070 INFO  datanode.ObjectStoreHandler (ObjectStoreHandler.java:close(155)) - Closing ObjectStoreHandler.
2019-07-30 08:57:58,070 INFO  ozone.HddsDatanodeService (HddsDatanodeService.java:stop(451)) - Stopped plug-in org.apache.hadoop.ozone.web.OzoneHddsDatanodeService@33acec5e
2019-07-30 08:57:58,597 INFO  statemachine.DatanodeStateMachine (DatanodeStateMachine.java:lambda$startDaemon$0(350)) - Ozone container server started.
2019-07-30 08:57:58,845 INFO  statemachine.DatanodeStateMachine (DatanodeStateMachine.java:lambda$startDaemon$0(350)) - Ozone container server started.
2019-07-30 08:57:59,087 WARN  server.GrpcLogAppender (LogUtils.java:warn(134)) - c014cdec-9ba0-4cb2-a67e-4bd5e312e45d->675230fa-958a-4583-ba4a-b811c63b9892: Failed appendEntries: org.apache.ratis.thirdparty.io.grpc.StatusRuntimeException: UNAVAILABLE: io exception
2019-07-30 08:57:59,087 INFO  impl.FollowerInfo (FollowerInfo.java:lambda$new$0(50)) - c014cdec-9ba0-4cb2-a67e-4bd5e312e45d->675230fa-958a-4583-ba4a-b811c63b9892: nextIndex: updateUnconditionally 0 -> 0
2019-07-30 08:57:59,088 WARN  server.GrpcLogAppender (LogUtils.java:warn(134)) - c014cdec-9ba0-4cb2-a67e-4bd5e312e45d->c76232fa-95ac-4204-904c-cdb5ace277d5: Failed appendEntries: org.apache.ratis.thirdparty.io.grpc.StatusRuntimeException: UNAVAILABLE: io exception
2019-07-30 08:57:59,089 INFO  impl.FollowerInfo (FollowerInfo.java:lambda$new$0(50)) - c014cdec-9ba0-4cb2-a67e-4bd5e312e45d->c76232fa-95ac-4204-904c-cdb5ace277d5: nextIndex: updateUnconditionally 18 -> 17
2019-07-30 08:58:01,587 WARN  server.GrpcLogAppender (LogUtils.java:warn(134)) - c014cdec-9ba0-4cb2-a67e-4bd5e312e45d->675230fa-958a-4583-ba4a-b811c63b9892: Failed appendEntries: org.apache.ratis.thirdparty.io.grpc.StatusRuntimeException: UNAVAILABLE: io exception
2019-07-30 08:58:01,588 INFO  impl.FollowerInfo (FollowerInfo.java:lambda$new$0(50)) - c014cdec-9ba0-4cb2-a67e-4bd5e312e45d->675230fa-958a-4583-ba4a-b811c63b9892: nextIndex: updateUnconditionally 0 -> 0
2019-07-30 08:58:01,589 WARN  server.GrpcLogAppender (LogUtils.java:warn(134)) - c014cdec-9ba0-4cb2-a67e-4bd5e312e45d->c76232fa-95ac-4204-904c-cdb5ace277d5: Failed appendEntries: org.apache.ratis.thirdparty.io.grpc.StatusRuntimeException: UNAVAILABLE: io exception
2019-07-30 08:58:01,589 INFO  impl.FollowerInfo (FollowerInfo.java:lambda$new$0(50)) - c014cdec-9ba0-4cb2-a67e-4bd5e312e45d->c76232fa-95ac-4204-904c-cdb5ace277d5: nextIndex: updateUnconditionally 17 -> 16
2019-07-30 08:58:02,694 INFO  node.StaleNodeHandler (StaleNodeHandler.java:onMessage(58)) - Datanode 83c63723-1a17-474a-8de0-17d606968224{ip: 192.168.69.91, host: byscane-nightly-jdzkf-783033596, networkLocation: /default-rack, certSerialId: null} moved to stale state. Finalizing its pipelines [PipelineID=010cdbcc-1781-4a3f-97c2-3633636c8ba9, PipelineID=82ecedd5-760b-4ef4-af3e-9f8176fe92db]
2019-07-30 08:58:02,694 INFO  pipeline.SCMPipelineManager (SCMPipelineManager.java:finalizeAndDestroyPipeline(309)) - destroying pipeline:Pipeline[ Id: 010cdbcc-1781-4a3f-97c2-3633636c8ba9, Nodes: ce42eed1-aeb3-4af4-8a16-c8c6c6fb1ddd{ip: 192.168.69.91, host: byscane-nightly-jdzkf-783033596, networkLocation: /default-rack, certSerialId: null}0b6e9b23-4ab2-4168-b0e9-3eda68ab3ffc{ip: 192.168.69.91, host: byscane-nightly-jdzkf-783033596, networkLocation: /default-rack, certSerialId: null}83c63723-1a17-474a-8de0-17d606968224{ip: 192.168.69.91, host: byscane-nightly-jdzkf-783033596, networkLocation: /default-rack, certSerialId: null}, Type:RATIS, Factor:THREE, State:CLOSED]
2019-07-30 08:58:02,694 INFO  pipeline.SCMPipelineManager (SCMPipelineManager.java:finalizeAndDestroyPipeline(309)) - destroying pipeline:Pipeline[ Id: 82ecedd5-760b-4ef4-af3e-9f8176fe92db, Nodes: 83c63723-1a17-474a-8de0-17d606968224{ip: 192.168.69.91, host: byscane-nightly-jdzkf-783033596, networkLocation: /default-rack, certSerialId: null}, Type:RATIS, Factor:ONE, State:OPEN]
2019-07-30 08:58:02,694 INFO  pipeline.PipelineStateManager (PipelineStateManager.java:finalizePipeline(123)) - Pipeline Pipeline[ Id: 82ecedd5-760b-4ef4-af3e-9f8176fe92db, Nodes: 83c63723-1a17-474a-8de0-17d606968224{ip: 192.168.69.91, host: byscane-nightly-jdzkf-783033596, networkLocation: /default-rack, certSerialId: null}, Type:RATIS, Factor:ONE, State:CLOSED] moved to CLOSED state
2019-07-30 08:58:02,894 INFO  node.StaleNodeHandler (StaleNodeHandler.java:onMessage(58)) - Datanode c014cdec-9ba0-4cb2-a67e-4bd5e312e45d{ip: 192.168.69.91, host: byscane-nightly-jdzkf-783033596, networkLocation: /default-rack, certSerialId: null} moved to stale state. Finalizing its pipelines [PipelineID=5d77910a-1b85-4a9d-b2a3-9a638c2951d4, PipelineID=c2afb7f4-6ad8-46d0-bdf8-3539889d6673]
2019-07-30 08:58:02,894 INFO  pipeline.SCMPipelineManager (SCMPipelineManager.java:finalizeAndDestroyPipeline(309)) - destroying pipeline:Pipeline[ Id: 5d77910a-1b85-4a9d-b2a3-9a638c2951d4, Nodes: c014cdec-9ba0-4cb2-a67e-4bd5e312e45d{ip: 192.168.69.91, host: byscane-nightly-jdzkf-783033596, networkLocation: /default-rack, certSerialId: null}, Type:RATIS, Factor:ONE, State:OPEN]
2019-07-30 08:58:02,894 INFO  pipeline.PipelineStateManager (PipelineStateManager.java:finalizePipeline(123)) - Pipeline Pipeline[ Id: 5d77910a-1b85-4a9d-b2a3-9a638c2951d4, Nodes: c014cdec-9ba0-4cb2-a67e-4bd5e312e45d{ip: 192.168.69.91, host: byscane-nightly-jdzkf-783033596, networkLocation: /default-rack, certSerialId: null}, Type:RATIS, Factor:ONE, State:CLOSED] moved to CLOSED state
2019-07-30 08:58:02,895 INFO  pipeline.SCMPipelineManager (SCMPipelineManager.java:finalizeAndDestroyPipeline(309)) - destroying pipeline:Pipeline[ Id: c2afb7f4-6ad8-46d0-bdf8-3539889d6673, Nodes: 675230fa-958a-4583-ba4a-b811c63b9892{ip: 192.168.69.91, host: byscane-nightly-jdzkf-783033596, networkLocation: /default-rack, certSerialId: null}c014cdec-9ba0-4cb2-a67e-4bd5e312e45d{ip: 192.168.69.91, host: byscane-nightly-jdzkf-783033596, networkLocation: /default-rack, certSerialId: null}c76232fa-95ac-4204-904c-cdb5ace277d5{ip: 192.168.69.91, host: byscane-nightly-jdzkf-783033596, networkLocation: /default-rack, certSerialId: null}, Type:RATIS, Factor:THREE, State:CLOSED]
2019-07-30 08:58:03,069 INFO  ozoneimpl.OzoneContainer (OzoneContainer.java:stop(199)) - Attempting to stop container services.
2019-07-30 08:58:03,069 INFO  impl.RaftServerProxy (RaftServerProxy.java:lambda$close$4(314)) - c014cdec-9ba0-4cb2-a67e-4bd5e312e45d: close
2019-07-30 08:58:03,070 INFO  impl.RaftServerImpl (RaftServerImpl.java:lambda$shutdown$3(245)) - c014cdec-9ba0-4cb2-a67e-4bd5e312e45d: shutdown group-9A638C2951D4
2019-07-30 08:58:03,070 INFO  util.JmxRegister (JmxRegister.java:unregister(73)) - Successfully un-registered JMX Bean with object name Ratis:service=RaftServer,group=group-9A638C2951D4,id=c014cdec-9ba0-4cb2-a67e-4bd5e312e45d
2019-07-30 08:58:03,070 INFO  impl.RoleInfo (RoleInfo.java:shutdownLeaderState(104)) - c014cdec-9ba0-4cb2-a67e-4bd5e312e45d: shutdown LeaderState
2019-07-30 08:58:03,071 INFO  impl.PendingRequests (PendingRequests.java:sendNotLeaderResponses(202)) - c014cdec-9ba0-4cb2-a67e-4bd5e312e45d-PendingRequests: sendNotLeaderResponses
2019-07-30 08:58:03,071 INFO  impl.StateMachineUpdater (StateMachineUpdater.java:stopAndJoin(115)) - StateMachineUpdater:c014cdec-9ba0-4cb2-a67e-4bd5e312e45d:group-9A638C2951D4: set stopIndex = 0
2019-07-30 08:58:03,071 INFO  ozoneimpl.OzoneContainer (OzoneContainer.java:stop(199)) - Attempting to stop container services.
2019-07-30 08:58:03,071 INFO  impl.RaftServerImpl (ServerState.java:close(394)) - c014cdec-9ba0-4cb2-a67e-4bd5e312e45d:group-9A638C2951D4 closes. The last applied log index is 0
2019-07-30 08:58:03,072 INFO  impl.RaftServerProxy (RaftServerProxy.java:lambda$close$4(314)) - 83c63723-1a17-474a-8de0-17d606968224: close
2019-07-30 08:58:03,072 INFO  segmented.SegmentedRaftLogWorker (SegmentedRaftLogWorker.java:run(313)) - c014cdec-9ba0-4cb2-a67e-4bd5e312e45d-SegmentedRaftLogWorker:Storage Directory /workdir/hadoop-ozone/integration-test/target/test-dir/MiniOzoneClusterImpl-ec18d819-8831-4f43-8598-3e158f28a63b/datanode-0/data/ratis/5d77910a-1b85-4a9d-b2a3-9a638c2951d4 was interrupted, exiting. There are 0 tasks remaining in the queue.
2019-07-30 08:58:03,073 INFO  impl.RaftServerImpl (RaftServerImpl.java:lambda$shutdown$3(245)) - 83c63723-1a17-474a-8de0-17d606968224: shutdown group-3633636C8BA9
2019-07-30 08:58:03,075 INFO  segmented.SegmentedRaftLogWorker (SegmentedRaftLogWorker.java:close(228)) - c014cdec-9ba0-4cb2-a67e-4bd5e312e45d-SegmentedRaftLogWorker:Storage Directory /workdir/hadoop-ozone/integration-test/target/test-dir/MiniOzoneClusterImpl-ec18d819-8831-4f43-8598-3e158f28a63b/datanode-0/data/ratis/5d77910a-1b85-4a9d-b2a3-9a638c2951d4 close()
2019-07-30 08:58:03,075 INFO  util.JmxRegister (JmxRegister.java:unregister(73)) - Successfully un-registered JMX Bean with object name Ratis:service=RaftServer,group=group-3633636C8BA9,id=83c63723-1a17-474a-8de0-17d606968224
2019-07-30 08:58:03,079 INFO  impl.RoleInfo (RoleInfo.java:shutdownFollowerState(121)) - 83c63723-1a17-474a-8de0-17d606968224: shutdown FollowerState
2019-07-30 08:58:03,079 INFO  impl.RaftServerImpl (RaftServerImpl.java:lambda$shutdown$3(245)) - c014cdec-9ba0-4cb2-a67e-4bd5e312e45d: shutdown group-3539889D6673
2019-07-30 08:58:03,080 INFO  impl.FollowerState (FollowerState.java:run(114)) - 83c63723-1a17-474a-8de0-17d606968224: FollowerState was interrupted: java.lang.InterruptedException: sleep interrupted
2019-07-30 08:58:03,080 INFO  ratis.ContainerStateMachine (ContainerStateMachine.java:takeSnapshot(262)) - group-3633636C8BA9: Taking a snapshot at:(t:1, i:12) file /workdir/hadoop-ozone/integration-test/target/test-dir/MiniOzoneClusterImpl-ec18d819-8831-4f43-8598-3e158f28a63b/datanode-3/data/ratis/010cdbcc-1781-4a3f-97c2-3633636c8ba9/sm/snapshot.1_12
2019-07-30 08:58:03,080 INFO  impl.StateMachineUpdater (StateMachineUpdater.java:stopAndJoin(115)) - StateMachineUpdater:83c63723-1a17-474a-8de0-17d606968224:group-3633636C8BA9: set stopIndex = 14
2019-07-30 08:58:03,080 INFO  util.JmxRegister (JmxRegister.java:unregister(73)) - Successfully un-registered JMX Bean with object name Ratis:service=RaftServer,group=group-3539889D6673,id=c014cdec-9ba0-4cb2-a67e-4bd5e312e45d
2019-07-30 08:58:03,083 INFO  impl.RoleInfo (RoleInfo.java:shutdownLeaderState(104)) - c014cdec-9ba0-4cb2-a67e-4bd5e312e45d: shutdown LeaderState
2019-07-30 08:58:03,085 WARN  server.GrpcLogAppender (GrpcLogAppender.java:mayWait(143)) - GrpcLogAppender(c014cdec-9ba0-4cb2-a67e-4bd5e312e45d->675230fa-958a-4583-ba4a-b811c63b9892): Wait interrupted by java.lang.InterruptedException
2019-07-30 08:58:03,087 INFO  impl.PendingRequests (PendingRequests.java:sendNotLeaderResponses(202)) - c014cdec-9ba0-4cb2-a67e-4bd5e312e45d-PendingRequests: sendNotLeaderResponses
2019-07-30 08:58:03,087 WARN  server.GrpcLogAppender (GrpcLogAppender.java:mayWait(143)) - GrpcLogAppender(c014cdec-9ba0-4cb2-a67e-4bd5e312e45d->c76232fa-95ac-4204-904c-cdb5ace277d5): Wait interrupted by java.lang.InterruptedException
2019-07-30 08:58:03,089 INFO  ratis.ContainerStateMachine (ContainerStateMachine.java:takeSnapshot(262)) - group-3539889D6673: Taking a snapshot at:(t:1, i:14) file /workdir/hadoop-ozone/integration-test/target/test-dir/MiniOzoneClusterImpl-ec18d819-8831-4f43-8598-3e158f28a63b/datanode-0/data/ratis/c2afb7f4-6ad8-46d0-bdf8-3539889d6673/sm/snapshot.1_14
2019-07-30 08:58:03,089 INFO  impl.StateMachineUpdater (StateMachineUpdater.java:stopAndJoin(115)) - StateMachineUpdater:c014cdec-9ba0-4cb2-a67e-4bd5e312e45d:group-3539889D6673: set stopIndex = 18
2019-07-30 08:58:03,108 INFO  ratis.ContainerStateMachine (ContainerStateMachine.java:takeSnapshot(273)) - group-3633636C8BA9: Finished taking a snapshot at:(t:1, i:12) file:/workdir/hadoop-ozone/integration-test/target/test-dir/MiniOzoneClusterImpl-ec18d819-8831-4f43-8598-3e158f28a63b/datanode-3/data/ratis/010cdbcc-1781-4a3f-97c2-3633636c8ba9/sm/snapshot.1_12 time:27
2019-07-30 08:58:03,108 INFO  impl.StateMachineUpdater (StateMachineUpdater.java:takeSnapshot(242)) - StateMachineUpdater:83c63723-1a17-474a-8de0-17d606968224:group-3633636C8BA9: Took a snapshot at index 12
2019-07-30 08:58:03,108 INFO  ratis.ContainerStateMachine (ContainerStateMachine.java:takeSnapshot(273)) - group-3539889D6673: Finished taking a snapshot at:(t:1, i:14) file:/workdir/hadoop-ozone/integration-test/target/test-dir/MiniOzoneClusterImpl-ec18d819-8831-4f43-8598-3e158f28a63b/datanode-0/data/ratis/c2afb7f4-6ad8-46d0-bdf8-3539889d6673/sm/snapshot.1_14 time:18
2019-07-30 08:58:03,108 INFO  impl.StateMachineUpdater (StateMachineUpdater.java:lambda$new$0(80)) - StateMachineUpdater:83c63723-1a17-474a-8de0-17d606968224:group-3633636C8BA9: snapshotIndex: updateIncreasingly -1 -> 12
2019-07-30 08:58:03,108 INFO  impl.StateMachineUpdater (StateMachineUpdater.java:takeSnapshot(242)) - StateMachineUpdater:c014cdec-9ba0-4cb2-a67e-4bd5e312e45d:group-3539889D6673: Took a snapshot at index 14
2019-07-30 08:58:03,109 INFO  impl.StateMachineUpdater (StateMachineUpdater.java:lambda$new$0(80)) - StateMachineUpdater:c014cdec-9ba0-4cb2-a67e-4bd5e312e45d:group-3539889D6673: snapshotIndex: updateIncreasingly -1 -> 14
2019-07-30 08:58:03,109 INFO  impl.RaftServerImpl (ServerState.java:close(394)) - 83c63723-1a17-474a-8de0-17d606968224:group-3633636C8BA9 closes. The last applied log index is 14
2019-07-30 08:58:03,109 INFO  impl.RaftServerImpl (ServerState.java:close(394)) - c014cdec-9ba0-4cb2-a67e-4bd5e312e45d:group-3539889D6673 closes. The last applied log index is 18
2019-07-30 08:58:03,109 INFO  segmented.SegmentedRaftLogWorker (SegmentedRaftLogWorker.java:run(313)) - 83c63723-1a17-474a-8de0-17d606968224-SegmentedRaftLogWorker:Storage Directory /workdir/hadoop-ozone/integration-test/target/test-dir/MiniOzoneClusterImpl-ec18d819-8831-4f43-8598-3e158f28a63b/datanode-3/data/ratis/010cdbcc-1781-4a3f-97c2-3633636c8ba9 was interrupted, exiting. There are 0 tasks remaining in the queue.
2019-07-30 08:58:03,110 INFO  segmented.SegmentedRaftLogWorker (SegmentedRaftLogWorker.java:run(313)) - c014cdec-9ba0-4cb2-a67e-4bd5e312e45d-SegmentedRaftLogWorker:Storage Directory /workdir/hadoop-ozone/integration-test/target/test-dir/MiniOzoneClusterImpl-ec18d819-8831-4f43-8598-3e158f28a63b/datanode-0/data/ratis/c2afb7f4-6ad8-46d0-bdf8-3539889d6673 was interrupted, exiting. There are 0 tasks remaining in the queue.
2019-07-30 08:58:03,112 INFO  segmented.SegmentedRaftLogWorker (SegmentedRaftLogWorker.java:close(228)) - 83c63723-1a17-474a-8de0-17d606968224-SegmentedRaftLogWorker:Storage Directory /workdir/hadoop-ozone/integration-test/target/test-dir/MiniOzoneClusterImpl-ec18d819-8831-4f43-8598-3e158f28a63b/datanode-3/data/ratis/010cdbcc-1781-4a3f-97c2-3633636c8ba9 close()
2019-07-30 08:58:03,114 INFO  segmented.SegmentedRaftLogWorker (SegmentedRaftLogWorker.java:close(228)) - c014cdec-9ba0-4cb2-a67e-4bd5e312e45d-SegmentedRaftLogWorker:Storage Directory /workdir/hadoop-ozone/integration-test/target/test-dir/MiniOzoneClusterImpl-ec18d819-8831-4f43-8598-3e158f28a63b/datanode-0/data/ratis/c2afb7f4-6ad8-46d0-bdf8-3539889d6673 close()
2019-07-30 08:58:03,117 INFO  impl.RaftServerImpl (RaftServerImpl.java:lambda$shutdown$3(245)) - 83c63723-1a17-474a-8de0-17d606968224: shutdown group-9F8176FE92DB
2019-07-30 08:58:03,121 INFO  server.GrpcService (GrpcService.java:closeImpl(155)) - c014cdec-9ba0-4cb2-a67e-4bd5e312e45d: shutdown server with port 39885 now
2019-07-30 08:58:03,121 INFO  util.JmxRegister (JmxRegister.java:unregister(73)) - Successfully un-registered JMX Bean with object name Ratis:service=RaftServer,group=group-9F8176FE92DB,id=83c63723-1a17-474a-8de0-17d606968224
2019-07-30 08:58:03,122 INFO  server.GrpcService (GrpcService.java:closeImpl(163)) - c014cdec-9ba0-4cb2-a67e-4bd5e312e45d: shutdown server with port 39885 successfully
2019-07-30 08:58:03,122 INFO  impl.RoleInfo (RoleInfo.java:shutdownLeaderState(104)) - 83c63723-1a17-474a-8de0-17d606968224: shutdown LeaderState
2019-07-30 08:58:03,123 INFO  impl.PendingRequests (PendingRequests.java:sendNotLeaderResponses(202)) - 83c63723-1a17-474a-8de0-17d606968224-PendingRequests: sendNotLeaderResponses
2019-07-30 08:58:03,123 INFO  impl.StateMachineUpdater (StateMachineUpdater.java:stopAndJoin(115)) - StateMachineUpdater:83c63723-1a17-474a-8de0-17d606968224:group-9F8176FE92DB: set stopIndex = 0
2019-07-30 08:58:03,125 INFO  impl.RaftServerImpl (ServerState.java:close(394)) - 83c63723-1a17-474a-8de0-17d606968224:group-9F8176FE92DB closes. The last applied log index is 0
2019-07-30 08:58:03,125 INFO  segmented.SegmentedRaftLogWorker (SegmentedRaftLogWorker.java:run(313)) - 83c63723-1a17-474a-8de0-17d606968224-SegmentedRaftLogWorker:Storage Directory /workdir/hadoop-ozone/integration-test/target/test-dir/MiniOzoneClusterImpl-ec18d819-8831-4f43-8598-3e158f28a63b/datanode-3/data/ratis/82ecedd5-760b-4ef4-af3e-9f8176fe92db was interrupted, exiting. There are 0 tasks remaining in the queue.
2019-07-30 08:58:03,138 INFO  segmented.SegmentedRaftLogWorker (SegmentedRaftLogWorker.java:close(228)) - 83c63723-1a17-474a-8de0-17d606968224-SegmentedRaftLogWorker:Storage Directory /workdir/hadoop-ozone/integration-test/target/test-dir/MiniOzoneClusterImpl-ec18d819-8831-4f43-8598-3e158f28a63b/datanode-3/data/ratis/82ecedd5-760b-4ef4-af3e-9f8176fe92db close()
2019-07-30 08:58:03,138 INFO  utils.BackgroundService (BackgroundService.java:shutdown(148)) - Shutting down service BlockDeletingService
2019-07-30 08:58:03,141 INFO  server.GrpcService (GrpcService.java:closeImpl(155)) - 83c63723-1a17-474a-8de0-17d606968224: shutdown server with port 45422 now
2019-07-30 08:58:03,141 INFO  server.GrpcService (GrpcService.java:closeImpl(163)) - 83c63723-1a17-474a-8de0-17d606968224: shutdown server with port 45422 successfully
2019-07-30 08:58:03,143 WARN  fs.CachingGetSpaceUsed (CachingGetSpaceUsed.java:run(183)) - Thread Interrupted waiting to refresh disk information: sleep interrupted
2019-07-30 08:58:03,144 INFO  utils.BackgroundService (BackgroundService.java:shutdown(148)) - Shutting down service BlockDeletingService
2019-07-30 08:58:03,146 WARN  fs.CachingGetSpaceUsed (CachingGetSpaceUsed.java:run(183)) - Thread Interrupted waiting to refresh disk information: sleep interrupted
2019-07-30 08:58:03,164 INFO  statemachine.DatanodeStateMachine (DatanodeStateMachine.java:stopDaemon(395)) - Ozone container server stopped.
2019-07-30 08:58:03,170 INFO  statemachine.DatanodeStateMachine (DatanodeStateMachine.java:stopDaemon(395)) - Ozone container server stopped.
2019-07-30 08:58:03,173 INFO  handler.ContextHandler (ContextHandler.java:doStop(910)) - Stopped o.e.j.w.WebAppContext@1c0ec502{/,null,UNAVAILABLE}{/hddsDatanode}
2019-07-30 08:58:03,173 INFO  handler.ContextHandler (ContextHandler.java:doStop(910)) - Stopped o.e.j.w.WebAppContext@3c4940d2{/,null,UNAVAILABLE}{/hddsDatanode}
2019-07-30 08:58:03,173 INFO  server.AbstractConnector (AbstractConnector.java:doStop(318)) - Stopped ServerConnector@6287e312{HTTP/1.1,[http/1.1]}{0.0.0.0:0}
2019-07-30 08:58:03,174 INFO  server.AbstractConnector (AbstractConnector.java:doStop(318)) - Stopped ServerConnector@524241d9{HTTP/1.1,[http/1.1]}{0.0.0.0:0}
2019-07-30 08:58:03,175 INFO  handler.ContextHandler (ContextHandler.java:doStop(910)) - Stopped o.e.j.s.ServletContextHandler@5b132063{/static,jar:file:/home/user/.m2/repository/org/apache/hadoop/hadoop-hdds-container-service/0.4.1-SNAPSHOT/hadoop-hdds-container-service-0.4.1-SNAPSHOT.jar!/webapps/static,UNAVAILABLE}
2019-07-30 08:58:03,175 INFO  handler.ContextHandler (ContextHandler.java:doStop(910)) - Stopped o.e.j.s.ServletContextHandler@31fc1b6e{/static,jar:file:/home/user/.m2/repository/org/apache/hadoop/hadoop-hdds-container-service/0.4.1-SNAPSHOT/hadoop-hdds-container-service-0.4.1-SNAPSHOT.jar!/webapps/static,UNAVAILABLE}
2019-07-30 08:58:03,177 INFO  handler.ContextHandler (ContextHandler.java:doStop(910)) - Stopped o.e.j.s.ServletContextHandler@6dd59886{/logs,file:///workdir/hadoop-ozone/integration-test/target/log,UNAVAILABLE}
2019-07-30 08:58:03,177 INFO  handler.ContextHandler (ContextHandler.java:doStop(910)) - Stopped o.e.j.s.ServletContextHandler@7fb02869{/logs,file:///workdir/hadoop-ozone/integration-test/target/log,UNAVAILABLE}
2019-07-30 08:58:03,178 INFO  datanode.ObjectStoreHandler (ObjectStoreHandler.java:close(155)) - Closing ObjectStoreHandler.
2019-07-30 08:58:03,178 INFO  ozone.HddsDatanodeService (HddsDatanodeService.java:stop(451)) - Stopped plug-in org.apache.hadoop.ozone.web.OzoneHddsDatanodeService@7c2d4398
2019-07-30 08:58:03,179 INFO  datanode.ObjectStoreHandler (ObjectStoreHandler.java:close(155)) - Closing ObjectStoreHandler.
2019-07-30 08:58:03,179 INFO  ozone.HddsDatanodeService (HddsDatanodeService.java:stop(451)) - Stopped plug-in org.apache.hadoop.ozone.web.OzoneHddsDatanodeService@6affa355
2019-07-30 08:58:03,532 INFO  statemachine.DatanodeStateMachine (DatanodeStateMachine.java:lambda$startDaemon$0(350)) - Ozone container server started.
2019-07-30 08:58:03,613 INFO  statemachine.DatanodeStateMachine (DatanodeStateMachine.java:lambda$startDaemon$0(350)) - Ozone container server started.
2019-07-30 08:58:06,952 INFO  impl.FollowerState (FollowerState.java:run(106)) - ce42eed1-aeb3-4af4-8a16-c8c6c6fb1ddd:group-3633636C8BA9 changes to CANDIDATE, lastRpcTime:9062, electionTimeout:5191ms
2019-07-30 08:58:06,952 INFO  impl.RoleInfo (RoleInfo.java:shutdownFollowerState(121)) - ce42eed1-aeb3-4af4-8a16-c8c6c6fb1ddd: shutdown FollowerState
2019-07-30 08:58:06,952 INFO  impl.RaftServerImpl (RaftServerImpl.java:setRole(171)) - ce42eed1-aeb3-4af4-8a16-c8c6c6fb1ddd:group-3633636C8BA9 changes role from FOLLOWER to CANDIDATE at term 1 for changeToCandidate
2019-07-30 08:58:06,953 INFO  impl.RoleInfo (RoleInfo.java:updateAndGet(143)) - ce42eed1-aeb3-4af4-8a16-c8c6c6fb1ddd: start LeaderElection
2019-07-30 08:58:06,956 INFO  impl.RaftServerImpl (ServerState.java:setLeader(263)) - ce42eed1-aeb3-4af4-8a16-c8c6c6fb1ddd:group-3633636C8BA9 change Leader from 0b6e9b23-4ab2-4168-b0e9-3eda68ab3ffc to null at term 1 for initElection
2019-07-30 08:58:06,970 INFO  impl.LeaderElection (LeaderElection.java:askForVotes(181)) - ce42eed1-aeb3-4af4-8a16-c8c6c6fb1ddd:group-3633636C8BA9:LeaderElection76: begin an election at term 2 for 0: [ce42eed1-aeb3-4af4-8a16-c8c6c6fb1ddd:192.168.69.91:34601, 0b6e9b23-4ab2-4168-b0e9-3eda68ab3ffc:192.168.69.91:35266, 83c63723-1a17-474a-8de0-17d606968224:192.168.69.91:45422], old=null
2019-07-30 08:58:06,973 INFO  impl.LeaderElection (LogUtils.java:infoOrTrace(149)) - ce42eed1-aeb3-4af4-8a16-c8c6c6fb1ddd:group-3633636C8BA9:LeaderElection76 got exception when requesting votes: {}
java.util.concurrent.ExecutionException: org.apache.ratis.thirdparty.io.grpc.StatusRuntimeException: UNAVAILABLE: io exception
	at java.util.concurrent.FutureTask.report(FutureTask.java:122)
	at java.util.concurrent.FutureTask.get(FutureTask.java:192)
	at org.apache.ratis.server.impl.LeaderElection.waitForResults(LeaderElection.java:262)
	at org.apache.ratis.server.impl.LeaderElection.askForVotes(LeaderElection.java:200)
	at org.apache.ratis.server.impl.LeaderElection.run(LeaderElection.java:130)
	at java.lang.Thread.run(Thread.java:748)
Caused by: org.apache.ratis.thirdparty.io.grpc.StatusRuntimeException: UNAVAILABLE: io exception
	at org.apache.ratis.thirdparty.io.grpc.stub.ClientCalls.toStatusRuntimeException(ClientCalls.java:233)
	at org.apache.ratis.thirdparty.io.grpc.stub.ClientCalls.getUnchecked(ClientCalls.java:214)
	at org.apache.ratis.thirdparty.io.grpc.stub.ClientCalls.blockingUnaryCall(ClientCalls.java:139)
	at org.apache.ratis.proto.grpc.RaftServerProtocolServiceGrpc$RaftServerProtocolServiceBlockingStub.requestVote(RaftServerProtocolServiceGrpc.java:265)
	at org.apache.ratis.grpc.server.GrpcServerProtocolClient.requestVote(GrpcServerProtocolClient.java:83)
	at org.apache.ratis.grpc.server.GrpcService.requestVote(GrpcService.java:195)
	at org.apache.ratis.server.impl.LeaderElection.lambda$submitRequests$1(LeaderElection.java:237)
	at java.util.concurrent.FutureTask.run(FutureTask.java:266)
	at java.util.concurrent.Executors$RunnableAdapter.call(Executors.java:511)
	at java.util.concurrent.FutureTask.run(FutureTask.java:266)
	at java.util.concurrent.ThreadPoolExecutor.runWorker(ThreadPoolExecutor.java:1149)
	at java.util.concurrent.ThreadPoolExecutor$Worker.run(ThreadPoolExecutor.java:624)
	... 1 more
Caused by: org.apache.ratis.thirdparty.io.netty.channel.AbstractChannel$AnnotatedConnectException: Connection refused: /192.168.69.91:45422
	at sun.nio.ch.SocketChannelImpl.checkConnect(Native Method)
	at sun.nio.ch.SocketChannelImpl.finishConnect(SocketChannelImpl.java:717)
	at org.apache.ratis.thirdparty.io.netty.channel.socket.nio.NioSocketChannel.doFinishConnect(NioSocketChannel.java:327)
	at org.apache.ratis.thirdparty.io.netty.channel.nio.AbstractNioChannel$AbstractNioUnsafe.finishConnect(AbstractNioChannel.java:340)
	at org.apache.ratis.thirdparty.io.netty.channel.nio.NioEventLoop.processSelectedKey(NioEventLoop.java:632)
	at org.apache.ratis.thirdparty.io.netty.channel.nio.NioEventLoop.processSelectedKeysOptimized(NioEventLoop.java:579)
	at org.apache.ratis.thirdparty.io.netty.channel.nio.NioEventLoop.processSelectedKeys(NioEventLoop.java:496)
	at org.apache.ratis.thirdparty.io.netty.channel.nio.NioEventLoop.run(NioEventLoop.java:458)
	at org.apache.ratis.thirdparty.io.netty.util.concurrent.SingleThreadEventExecutor$5.run(SingleThreadEventExecutor.java:897)
	at org.apache.ratis.thirdparty.io.netty.util.concurrent.FastThreadLocalRunnable.run(FastThreadLocalRunnable.java:30)
	... 1 more
Caused by: java.net.ConnectException: Connection refused
	... 11 more
2019-07-30 08:58:06,975 INFO  impl.LeaderElection (LogUtils.java:infoOrTrace(149)) - ce42eed1-aeb3-4af4-8a16-c8c6c6fb1ddd:group-3633636C8BA9:LeaderElection76 got exception when requesting votes: {}
java.util.concurrent.ExecutionException: org.apache.ratis.thirdparty.io.grpc.StatusRuntimeException: UNAVAILABLE: io exception
	at java.util.concurrent.FutureTask.report(FutureTask.java:122)
	at java.util.concurrent.FutureTask.get(FutureTask.java:192)
	at org.apache.ratis.server.impl.LeaderElection.waitForResults(LeaderElection.java:262)
	at org.apache.ratis.server.impl.LeaderElection.askForVotes(LeaderElection.java:200)
	at org.apache.ratis.server.impl.LeaderElection.run(LeaderElection.java:130)
	at java.lang.Thread.run(Thread.java:748)
Caused by: org.apache.ratis.thirdparty.io.grpc.StatusRuntimeException: UNAVAILABLE: io exception
	at org.apache.ratis.thirdparty.io.grpc.stub.ClientCalls.toStatusRuntimeException(ClientCalls.java:233)
	at org.apache.ratis.thirdparty.io.grpc.stub.ClientCalls.getUnchecked(ClientCalls.java:214)
	at org.apache.ratis.thirdparty.io.grpc.stub.ClientCalls.blockingUnaryCall(ClientCalls.java:139)
	at org.apache.ratis.proto.grpc.RaftServerProtocolServiceGrpc$RaftServerProtocolServiceBlockingStub.requestVote(RaftServerProtocolServiceGrpc.java:265)
	at org.apache.ratis.grpc.server.GrpcServerProtocolClient.requestVote(GrpcServerProtocolClient.java:83)
	at org.apache.ratis.grpc.server.GrpcService.requestVote(GrpcService.java:195)
	at org.apache.ratis.server.impl.LeaderElection.lambda$submitRequests$1(LeaderElection.java:237)
	at java.util.concurrent.FutureTask.run(FutureTask.java:266)
	at java.util.concurrent.Executors$RunnableAdapter.call(Executors.java:511)
	at java.util.concurrent.FutureTask.run(FutureTask.java:266)
	at java.util.concurrent.ThreadPoolExecutor.runWorker(ThreadPoolExecutor.java:1149)
	at java.util.concurrent.ThreadPoolExecutor$Worker.run(ThreadPoolExecutor.java:624)
	... 1 more
Caused by: org.apache.ratis.thirdparty.io.netty.channel.AbstractChannel$AnnotatedConnectException: Connection refused: /192.168.69.91:35266
	at sun.nio.ch.SocketChannelImpl.checkConnect(Native Method)
	at sun.nio.ch.SocketChannelImpl.finishConnect(SocketChannelImpl.java:717)
	at org.apache.ratis.thirdparty.io.netty.channel.socket.nio.NioSocketChannel.doFinishConnect(NioSocketChannel.java:327)
	at org.apache.ratis.thirdparty.io.netty.channel.nio.AbstractNioChannel$AbstractNioUnsafe.finishConnect(AbstractNioChannel.java:340)
	at org.apache.ratis.thirdparty.io.netty.channel.nio.NioEventLoop.processSelectedKey(NioEventLoop.java:632)
	at org.apache.ratis.thirdparty.io.netty.channel.nio.NioEventLoop.processSelectedKeysOptimized(NioEventLoop.java:579)
	at org.apache.ratis.thirdparty.io.netty.channel.nio.NioEventLoop.processSelectedKeys(NioEventLoop.java:496)
	at org.apache.ratis.thirdparty.io.netty.channel.nio.NioEventLoop.run(NioEventLoop.java:458)
	at org.apache.ratis.thirdparty.io.netty.util.concurrent.SingleThreadEventExecutor$5.run(SingleThreadEventExecutor.java:897)
	at org.apache.ratis.thirdparty.io.netty.util.concurrent.FastThreadLocalRunnable.run(FastThreadLocalRunnable.java:30)
	... 1 more
Caused by: java.net.ConnectException: Connection refused
	... 11 more
2019-07-30 08:58:06,977 INFO  impl.LeaderElection (LeaderElection.java:logAndReturn(56)) - ce42eed1-aeb3-4af4-8a16-c8c6c6fb1ddd:group-3633636C8BA9:LeaderElection76: Election REJECTED; received 0 response(s) [] and 2 exception(s); ce42eed1-aeb3-4af4-8a16-c8c6c6fb1ddd:t2, leader=null, voted=ce42eed1-aeb3-4af4-8a16-c8c6c6fb1ddd, raftlog=ce42eed1-aeb3-4af4-8a16-c8c6c6fb1ddd-SegmentedRaftLog:OPENED:c14,f14,i14, conf=0: [ce42eed1-aeb3-4af4-8a16-c8c6c6fb1ddd:192.168.69.91:34601, 0b6e9b23-4ab2-4168-b0e9-3eda68ab3ffc:192.168.69.91:35266, 83c63723-1a17-474a-8de0-17d606968224:192.168.69.91:45422], old=null
2019-07-30 08:58:06,977 INFO  impl.LeaderElection (LogUtils.java:infoOrTrace(149)) -   Exception 0: {}
java.util.concurrent.ExecutionException: org.apache.ratis.thirdparty.io.grpc.StatusRuntimeException: UNAVAILABLE: io exception
	at java.util.concurrent.FutureTask.report(FutureTask.java:122)
	at java.util.concurrent.FutureTask.get(FutureTask.java:192)
	at org.apache.ratis.server.impl.LeaderElection.waitForResults(LeaderElection.java:262)
	at org.apache.ratis.server.impl.LeaderElection.askForVotes(LeaderElection.java:200)
	at org.apache.ratis.server.impl.LeaderElection.run(LeaderElection.java:130)
	at java.lang.Thread.run(Thread.java:748)
Caused by: org.apache.ratis.thirdparty.io.grpc.StatusRuntimeException: UNAVAILABLE: io exception
	at org.apache.ratis.thirdparty.io.grpc.stub.ClientCalls.toStatusRuntimeException(ClientCalls.java:233)
	at org.apache.ratis.thirdparty.io.grpc.stub.ClientCalls.getUnchecked(ClientCalls.java:214)
	at org.apache.ratis.thirdparty.io.grpc.stub.ClientCalls.blockingUnaryCall(ClientCalls.java:139)
	at org.apache.ratis.proto.grpc.RaftServerProtocolServiceGrpc$RaftServerProtocolServiceBlockingStub.requestVote(RaftServerProtocolServiceGrpc.java:265)
	at org.apache.ratis.grpc.server.GrpcServerProtocolClient.requestVote(GrpcServerProtocolClient.java:83)
	at org.apache.ratis.grpc.server.GrpcService.requestVote(GrpcService.java:195)
	at org.apache.ratis.server.impl.LeaderElection.lambda$submitRequests$1(LeaderElection.java:237)
	at java.util.concurrent.FutureTask.run(FutureTask.java:266)
	at java.util.concurrent.Executors$RunnableAdapter.call(Executors.java:511)
	at java.util.concurrent.FutureTask.run(FutureTask.java:266)
	at java.util.concurrent.ThreadPoolExecutor.runWorker(ThreadPoolExecutor.java:1149)
	at java.util.concurrent.ThreadPoolExecutor$Worker.run(ThreadPoolExecutor.java:624)
	... 1 more
Caused by: org.apache.ratis.thirdparty.io.netty.channel.AbstractChannel$AnnotatedConnectException: Connection refused: /192.168.69.91:45422
	at sun.nio.ch.SocketChannelImpl.checkConnect(Native Method)
	at sun.nio.ch.SocketChannelImpl.finishConnect(SocketChannelImpl.java:717)
	at org.apache.ratis.thirdparty.io.netty.channel.socket.nio.NioSocketChannel.doFinishConnect(NioSocketChannel.java:327)
	at org.apache.ratis.thirdparty.io.netty.channel.nio.AbstractNioChannel$AbstractNioUnsafe.finishConnect(AbstractNioChannel.java:340)
	at org.apache.ratis.thirdparty.io.netty.channel.nio.NioEventLoop.processSelectedKey(NioEventLoop.java:632)
	at org.apache.ratis.thirdparty.io.netty.channel.nio.NioEventLoop.processSelectedKeysOptimized(NioEventLoop.java:579)
	at org.apache.ratis.thirdparty.io.netty.channel.nio.NioEventLoop.processSelectedKeys(NioEventLoop.java:496)
	at org.apache.ratis.thirdparty.io.netty.channel.nio.NioEventLoop.run(NioEventLoop.java:458)
	at org.apache.ratis.thirdparty.io.netty.util.concurrent.SingleThreadEventExecutor$5.run(SingleThreadEventExecutor.java:897)
	at org.apache.ratis.thirdparty.io.netty.util.concurrent.FastThreadLocalRunnable.run(FastThreadLocalRunnable.java:30)
	... 1 more
Caused by: java.net.ConnectException: Connection refused
	... 11 more
2019-07-30 08:58:06,977 INFO  impl.LeaderElection (LogUtils.java:infoOrTrace(149)) -   Exception 1: {}
java.util.concurrent.ExecutionException: org.apache.ratis.thirdparty.io.grpc.StatusRuntimeException: UNAVAILABLE: io exception
	at java.util.concurrent.FutureTask.report(FutureTask.java:122)
	at java.util.concurrent.FutureTask.get(FutureTask.java:192)
	at org.apache.ratis.server.impl.LeaderElection.waitForResults(LeaderElection.java:262)
	at org.apache.ratis.server.impl.LeaderElection.askForVotes(LeaderElection.java:200)
	at org.apache.ratis.server.impl.LeaderElection.run(LeaderElection.java:130)
	at java.lang.Thread.run(Thread.java:748)
Caused by: org.apache.ratis.thirdparty.io.grpc.StatusRuntimeException: UNAVAILABLE: io exception
	at org.apache.ratis.thirdparty.io.grpc.stub.ClientCalls.toStatusRuntimeException(ClientCalls.java:233)
	at org.apache.ratis.thirdparty.io.grpc.stub.ClientCalls.getUnchecked(ClientCalls.java:214)
	at org.apache.ratis.thirdparty.io.grpc.stub.ClientCalls.blockingUnaryCall(ClientCalls.java:139)
	at org.apache.ratis.proto.grpc.RaftServerProtocolServiceGrpc$RaftServerProtocolServiceBlockingStub.requestVote(RaftServerProtocolServiceGrpc.java:265)
	at org.apache.ratis.grpc.server.GrpcServerProtocolClient.requestVote(GrpcServerProtocolClient.java:83)
	at org.apache.ratis.grpc.server.GrpcService.requestVote(GrpcService.java:195)
	at org.apache.ratis.server.impl.LeaderElection.lambda$submitRequests$1(LeaderElection.java:237)
	at java.util.concurrent.FutureTask.run(FutureTask.java:266)
	at java.util.concurrent.Executors$RunnableAdapter.call(Executors.java:511)
	at java.util.concurrent.FutureTask.run(FutureTask.java:266)
	at java.util.concurrent.ThreadPoolExecutor.runWorker(ThreadPoolExecutor.java:1149)
	at java.util.concurrent.ThreadPoolExecutor$Worker.run(ThreadPoolExecutor.java:624)
	... 1 more
Caused by: org.apache.ratis.thirdparty.io.netty.channel.AbstractChannel$AnnotatedConnectException: Connection refused: /192.168.69.91:35266
	at sun.nio.ch.SocketChannelImpl.checkConnect(Native Method)
	at sun.nio.ch.SocketChannelImpl.finishConnect(SocketChannelImpl.java:717)
	at org.apache.ratis.thirdparty.io.netty.channel.socket.nio.NioSocketChannel.doFinishConnect(NioSocketChannel.java:327)
	at org.apache.ratis.thirdparty.io.netty.channel.nio.AbstractNioChannel$AbstractNioUnsafe.finishConnect(AbstractNioChannel.java:340)
	at org.apache.ratis.thirdparty.io.netty.channel.nio.NioEventLoop.processSelectedKey(NioEventLoop.java:632)
	at org.apache.ratis.thirdparty.io.netty.channel.nio.NioEventLoop.processSelectedKeysOptimized(NioEventLoop.java:579)
	at org.apache.ratis.thirdparty.io.netty.channel.nio.NioEventLoop.processSelectedKeys(NioEventLoop.java:496)
	at org.apache.ratis.thirdparty.io.netty.channel.nio.NioEventLoop.run(NioEventLoop.java:458)
	at org.apache.ratis.thirdparty.io.netty.util.concurrent.SingleThreadEventExecutor$5.run(SingleThreadEventExecutor.java:897)
	at org.apache.ratis.thirdparty.io.netty.util.concurrent.FastThreadLocalRunnable.run(FastThreadLocalRunnable.java:30)
	... 1 more
Caused by: java.net.ConnectException: Connection refused
	... 11 more
2019-07-30 08:58:06,977 INFO  impl.RaftServerImpl (RaftServerImpl.java:setRole(171)) - ce42eed1-aeb3-4af4-8a16-c8c6c6fb1ddd:group-3633636C8BA9 changes role from CANDIDATE to FOLLOWER at term 2 for DISCOVERED_A_NEW_TERM
2019-07-30 08:58:06,977 INFO  impl.RoleInfo (RoleInfo.java:shutdownLeaderElection(134)) - ce42eed1-aeb3-4af4-8a16-c8c6c6fb1ddd: shutdown LeaderElection
2019-07-30 08:58:06,978 INFO  impl.RoleInfo (RoleInfo.java:updateAndGet(143)) - ce42eed1-aeb3-4af4-8a16-c8c6c6fb1ddd: start FollowerState
2019-07-30 08:58:07,600 INFO  node.StaleNodeHandler (StaleNodeHandler.java:onMessage(58)) - Datanode 0f5b08a3-d029-4451-8d44-9a357d55ac60{ip: 192.168.69.91, host: byscane-nightly-jdzkf-783033596, networkLocation: /default-rack, certSerialId: null} moved to stale state. Finalizing its pipelines [PipelineID=e99ce509-f8ee-41ec-9f6b-c82378d58b81]
2019-07-30 08:58:07,600 INFO  pipeline.SCMPipelineManager (SCMPipelineManager.java:finalizeAndDestroyPipeline(309)) - destroying pipeline:Pipeline[ Id: e99ce509-f8ee-41ec-9f6b-c82378d58b81, Nodes: 0f5b08a3-d029-4451-8d44-9a357d55ac60{ip: 192.168.69.91, host: byscane-nightly-jdzkf-783033596, networkLocation: /default-rack, certSerialId: null}, Type:RATIS, Factor:ONE, State:OPEN]
2019-07-30 08:58:07,601 INFO  pipeline.PipelineStateManager (PipelineStateManager.java:finalizePipeline(123)) - Pipeline Pipeline[ Id: e99ce509-f8ee-41ec-9f6b-c82378d58b81, Nodes: 0f5b08a3-d029-4451-8d44-9a357d55ac60{ip: 192.168.69.91, host: byscane-nightly-jdzkf-783033596, networkLocation: /default-rack, certSerialId: null}, Type:RATIS, Factor:ONE, State:CLOSED] moved to CLOSED state
2019-07-30 08:58:07,700 INFO  node.StaleNodeHandler (StaleNodeHandler.java:onMessage(58)) - Datanode ce42eed1-aeb3-4af4-8a16-c8c6c6fb1ddd{ip: 192.168.69.91, host: byscane-nightly-jdzkf-783033596, networkLocation: /default-rack, certSerialId: null} moved to stale state. Finalizing its pipelines [PipelineID=97f78b69-4584-4252-8800-83d49be5add3, PipelineID=010cdbcc-1781-4a3f-97c2-3633636c8ba9]
2019-07-30 08:58:07,700 INFO  pipeline.SCMPipelineManager (SCMPipelineManager.java:finalizeAndDestroyPipeline(309)) - destroying pipeline:Pipeline[ Id: 97f78b69-4584-4252-8800-83d49be5add3, Nodes: ce42eed1-aeb3-4af4-8a16-c8c6c6fb1ddd{ip: 192.168.69.91, host: byscane-nightly-jdzkf-783033596, networkLocation: /default-rack, certSerialId: null}, Type:RATIS, Factor:ONE, State:OPEN]
2019-07-30 08:58:07,701 INFO  pipeline.PipelineStateManager (PipelineStateManager.java:finalizePipeline(123)) - Pipeline Pipeline[ Id: 97f78b69-4584-4252-8800-83d49be5add3, Nodes: ce42eed1-aeb3-4af4-8a16-c8c6c6fb1ddd{ip: 192.168.69.91, host: byscane-nightly-jdzkf-783033596, networkLocation: /default-rack, certSerialId: null}, Type:RATIS, Factor:ONE, State:CLOSED] moved to CLOSED state
2019-07-30 08:58:07,701 INFO  pipeline.SCMPipelineManager (SCMPipelineManager.java:finalizeAndDestroyPipeline(309)) - destroying pipeline:Pipeline[ Id: 010cdbcc-1781-4a3f-97c2-3633636c8ba9, Nodes: ce42eed1-aeb3-4af4-8a16-c8c6c6fb1ddd{ip: 192.168.69.91, host: byscane-nightly-jdzkf-783033596, networkLocation: /default-rack, certSerialId: null}0b6e9b23-4ab2-4168-b0e9-3eda68ab3ffc{ip: 192.168.69.91, host: byscane-nightly-jdzkf-783033596, networkLocation: /default-rack, certSerialId: null}83c63723-1a17-474a-8de0-17d606968224{ip: 192.168.69.91, host: byscane-nightly-jdzkf-783033596, networkLocation: /default-rack, certSerialId: null}, Type:RATIS, Factor:THREE, State:CLOSED]
2019-07-30 08:58:08,179 INFO  ozoneimpl.OzoneContainer (OzoneContainer.java:stop(199)) - Attempting to stop container services.
2019-07-30 08:58:08,180 INFO  ozoneimpl.OzoneContainer (OzoneContainer.java:stop(199)) - Attempting to stop container services.
2019-07-30 08:58:08,180 INFO  impl.RaftServerProxy (RaftServerProxy.java:lambda$close$4(314)) - 0f5b08a3-d029-4451-8d44-9a357d55ac60: close
2019-07-30 08:58:08,181 INFO  impl.RaftServerProxy (RaftServerProxy.java:lambda$close$4(314)) - ce42eed1-aeb3-4af4-8a16-c8c6c6fb1ddd: close
2019-07-30 08:58:08,181 INFO  impl.RaftServerImpl (RaftServerImpl.java:lambda$shutdown$3(245)) - 0f5b08a3-d029-4451-8d44-9a357d55ac60: shutdown group-C82378D58B81
2019-07-30 08:58:08,181 INFO  impl.RaftServerImpl (RaftServerImpl.java:lambda$shutdown$3(245)) - ce42eed1-aeb3-4af4-8a16-c8c6c6fb1ddd: shutdown group-83D49BE5ADD3
2019-07-30 08:58:08,182 INFO  util.JmxRegister (JmxRegister.java:unregister(73)) - Successfully un-registered JMX Bean with object name Ratis:service=RaftServer,group=group-83D49BE5ADD3,id=ce42eed1-aeb3-4af4-8a16-c8c6c6fb1ddd
2019-07-30 08:58:08,181 INFO  util.JmxRegister (JmxRegister.java:unregister(73)) - Successfully un-registered JMX Bean with object name Ratis:service=RaftServer,group=group-C82378D58B81,id=0f5b08a3-d029-4451-8d44-9a357d55ac60
2019-07-30 08:58:08,182 INFO  impl.RoleInfo (RoleInfo.java:shutdownLeaderState(104)) - ce42eed1-aeb3-4af4-8a16-c8c6c6fb1ddd: shutdown LeaderState
2019-07-30 08:58:08,183 INFO  impl.RoleInfo (RoleInfo.java:shutdownLeaderState(104)) - 0f5b08a3-d029-4451-8d44-9a357d55ac60: shutdown LeaderState
2019-07-30 08:58:08,183 INFO  impl.PendingRequests (PendingRequests.java:sendNotLeaderResponses(202)) - ce42eed1-aeb3-4af4-8a16-c8c6c6fb1ddd-PendingRequests: sendNotLeaderResponses
2019-07-30 08:58:08,183 INFO  impl.PendingRequests (PendingRequests.java:sendNotLeaderResponses(202)) - 0f5b08a3-d029-4451-8d44-9a357d55ac60-PendingRequests: sendNotLeaderResponses
2019-07-30 08:58:08,184 INFO  impl.StateMachineUpdater (StateMachineUpdater.java:stopAndJoin(115)) - StateMachineUpdater:ce42eed1-aeb3-4af4-8a16-c8c6c6fb1ddd:group-83D49BE5ADD3: set stopIndex = 0
2019-07-30 08:58:08,184 INFO  impl.StateMachineUpdater (StateMachineUpdater.java:stopAndJoin(115)) - StateMachineUpdater:0f5b08a3-d029-4451-8d44-9a357d55ac60:group-C82378D58B81: set stopIndex = 0
2019-07-30 08:58:08,185 INFO  impl.RaftServerImpl (ServerState.java:close(394)) - 0f5b08a3-d029-4451-8d44-9a357d55ac60:group-C82378D58B81 closes. The last applied log index is 0
2019-07-30 08:58:08,185 INFO  impl.RaftServerImpl (ServerState.java:close(394)) - ce42eed1-aeb3-4af4-8a16-c8c6c6fb1ddd:group-83D49BE5ADD3 closes. The last applied log index is 0
2019-07-30 08:58:08,185 INFO  segmented.SegmentedRaftLogWorker (SegmentedRaftLogWorker.java:run(313)) - 0f5b08a3-d029-4451-8d44-9a357d55ac60-SegmentedRaftLogWorker:Storage Directory /workdir/hadoop-ozone/integration-test/target/test-dir/MiniOzoneClusterImpl-ec18d819-8831-4f43-8598-3e158f28a63b/datanode-6/data/ratis/e99ce509-f8ee-41ec-9f6b-c82378d58b81 was interrupted, exiting. There are 0 tasks remaining in the queue.
2019-07-30 08:58:08,186 INFO  segmented.SegmentedRaftLogWorker (SegmentedRaftLogWorker.java:run(313)) - ce42eed1-aeb3-4af4-8a16-c8c6c6fb1ddd-SegmentedRaftLogWorker:Storage Directory /workdir/hadoop-ozone/integration-test/target/test-dir/MiniOzoneClusterImpl-ec18d819-8831-4f43-8598-3e158f28a63b/datanode-5/data/ratis/97f78b69-4584-4252-8800-83d49be5add3 was interrupted, exiting. There are 0 tasks remaining in the queue.
2019-07-30 08:58:08,186 INFO  segmented.SegmentedRaftLogWorker (SegmentedRaftLogWorker.java:close(228)) - 0f5b08a3-d029-4451-8d44-9a357d55ac60-SegmentedRaftLogWorker:Storage Directory /workdir/hadoop-ozone/integration-test/target/test-dir/MiniOzoneClusterImpl-ec18d819-8831-4f43-8598-3e158f28a63b/datanode-6/data/ratis/e99ce509-f8ee-41ec-9f6b-c82378d58b81 close()
2019-07-30 08:58:08,186 INFO  segmented.SegmentedRaftLogWorker (SegmentedRaftLogWorker.java:close(228)) - ce42eed1-aeb3-4af4-8a16-c8c6c6fb1ddd-SegmentedRaftLogWorker:Storage Directory /workdir/hadoop-ozone/integration-test/target/test-dir/MiniOzoneClusterImpl-ec18d819-8831-4f43-8598-3e158f28a63b/datanode-5/data/ratis/97f78b69-4584-4252-8800-83d49be5add3 close()
2019-07-30 08:58:08,188 INFO  server.GrpcService (GrpcService.java:closeImpl(155)) - 0f5b08a3-d029-4451-8d44-9a357d55ac60: shutdown server with port 40527 now
2019-07-30 08:58:08,190 INFO  impl.RaftServerImpl (RaftServerImpl.java:lambda$shutdown$3(245)) - ce42eed1-aeb3-4af4-8a16-c8c6c6fb1ddd: shutdown group-3633636C8BA9
2019-07-30 08:58:08,190 INFO  server.GrpcService (GrpcService.java:closeImpl(163)) - 0f5b08a3-d029-4451-8d44-9a357d55ac60: shutdown server with port 40527 successfully
2019-07-30 08:58:08,191 INFO  util.JmxRegister (JmxRegister.java:unregister(73)) - Successfully un-registered JMX Bean with object name Ratis:service=RaftServer,group=group-3633636C8BA9,id=ce42eed1-aeb3-4af4-8a16-c8c6c6fb1ddd
2019-07-30 08:58:08,191 INFO  impl.RoleInfo (RoleInfo.java:shutdownFollowerState(121)) - ce42eed1-aeb3-4af4-8a16-c8c6c6fb1ddd: shutdown FollowerState
2019-07-30 08:58:08,192 INFO  impl.StateMachineUpdater (StateMachineUpdater.java:stopAndJoin(115)) - StateMachineUpdater:ce42eed1-aeb3-4af4-8a16-c8c6c6fb1ddd:group-3633636C8BA9: set stopIndex = 14
2019-07-30 08:58:08,192 INFO  ratis.ContainerStateMachine (ContainerStateMachine.java:takeSnapshot(262)) - group-3633636C8BA9: Taking a snapshot at:(t:1, i:12) file /workdir/hadoop-ozone/integration-test/target/test-dir/MiniOzoneClusterImpl-ec18d819-8831-4f43-8598-3e158f28a63b/datanode-5/data/ratis/010cdbcc-1781-4a3f-97c2-3633636c8ba9/sm/snapshot.1_12
2019-07-30 08:58:08,192 INFO  impl.FollowerState (FollowerState.java:run(114)) - ce42eed1-aeb3-4af4-8a16-c8c6c6fb1ddd: FollowerState was interrupted: java.lang.InterruptedException: sleep interrupted
2019-07-30 08:58:08,195 INFO  utils.BackgroundService (BackgroundService.java:shutdown(148)) - Shutting down service BlockDeletingService
2019-07-30 08:58:08,198 WARN  fs.CachingGetSpaceUsed (CachingGetSpaceUsed.java:run(183)) - Thread Interrupted waiting to refresh disk information: sleep interrupted
2019-07-30 08:58:08,208 INFO  ratis.ContainerStateMachine (ContainerStateMachine.java:takeSnapshot(273)) - group-3633636C8BA9: Finished taking a snapshot at:(t:1, i:12) file:/workdir/hadoop-ozone/integration-test/target/test-dir/MiniOzoneClusterImpl-ec18d819-8831-4f43-8598-3e158f28a63b/datanode-5/data/ratis/010cdbcc-1781-4a3f-97c2-3633636c8ba9/sm/snapshot.1_12 time:15
2019-07-30 08:58:08,208 INFO  impl.StateMachineUpdater (StateMachineUpdater.java:takeSnapshot(242)) - StateMachineUpdater:ce42eed1-aeb3-4af4-8a16-c8c6c6fb1ddd:group-3633636C8BA9: Took a snapshot at index 12
2019-07-30 08:58:08,208 INFO  impl.StateMachineUpdater (StateMachineUpdater.java:lambda$new$0(80)) - StateMachineUpdater:ce42eed1-aeb3-4af4-8a16-c8c6c6fb1ddd:group-3633636C8BA9: snapshotIndex: updateIncreasingly -1 -> 12
2019-07-30 08:58:08,208 INFO  impl.RaftServerImpl (ServerState.java:close(394)) - ce42eed1-aeb3-4af4-8a16-c8c6c6fb1ddd:group-3633636C8BA9 closes. The last applied log index is 14
2019-07-30 08:58:08,209 INFO  segmented.SegmentedRaftLogWorker (SegmentedRaftLogWorker.java:run(313)) - ce42eed1-aeb3-4af4-8a16-c8c6c6fb1ddd-SegmentedRaftLogWorker:Storage Directory /workdir/hadoop-ozone/integration-test/target/test-dir/MiniOzoneClusterImpl-ec18d819-8831-4f43-8598-3e158f28a63b/datanode-5/data/ratis/010cdbcc-1781-4a3f-97c2-3633636c8ba9 was interrupted, exiting. There are 0 tasks remaining in the queue.
2019-07-30 08:58:08,209 INFO  segmented.SegmentedRaftLogWorker (SegmentedRaftLogWorker.java:close(228)) - ce42eed1-aeb3-4af4-8a16-c8c6c6fb1ddd-SegmentedRaftLogWorker:Storage Directory /workdir/hadoop-ozone/integration-test/target/test-dir/MiniOzoneClusterImpl-ec18d819-8831-4f43-8598-3e158f28a63b/datanode-5/data/ratis/010cdbcc-1781-4a3f-97c2-3633636c8ba9 close()
2019-07-30 08:58:08,211 INFO  server.GrpcService (GrpcService.java:closeImpl(155)) - ce42eed1-aeb3-4af4-8a16-c8c6c6fb1ddd: shutdown server with port 34601 now
2019-07-30 08:58:08,212 INFO  server.GrpcService (GrpcService.java:closeImpl(163)) - ce42eed1-aeb3-4af4-8a16-c8c6c6fb1ddd: shutdown server with port 34601 successfully
2019-07-30 08:58:08,213 INFO  utils.BackgroundService (BackgroundService.java:shutdown(148)) - Shutting down service BlockDeletingService
2019-07-30 08:58:08,214 WARN  fs.CachingGetSpaceUsed (CachingGetSpaceUsed.java:run(183)) - Thread Interrupted waiting to refresh disk information: sleep interrupted
2019-07-30 08:58:08,219 INFO  statemachine.DatanodeStateMachine (DatanodeStateMachine.java:stopDaemon(395)) - Ozone container server stopped.
2019-07-30 08:58:08,223 INFO  handler.ContextHandler (ContextHandler.java:doStop(910)) - Stopped o.e.j.w.WebAppContext@7e147828{/,null,UNAVAILABLE}{/hddsDatanode}
2019-07-30 08:58:08,225 INFO  server.AbstractConnector (AbstractConnector.java:doStop(318)) - Stopped ServerConnector@3e966e67{HTTP/1.1,[http/1.1]}{0.0.0.0:0}
2019-07-30 08:58:08,227 INFO  handler.ContextHandler (ContextHandler.java:doStop(910)) - Stopped o.e.j.s.ServletContextHandler@40fd25c7{/static,jar:file:/home/user/.m2/repository/org/apache/hadoop/hadoop-hdds-container-service/0.4.1-SNAPSHOT/hadoop-hdds-container-service-0.4.1-SNAPSHOT.jar!/webapps/static,UNAVAILABLE}
2019-07-30 08:58:08,228 INFO  handler.ContextHandler (ContextHandler.java:doStop(910)) - Stopped o.e.j.s.ServletContextHandler@5629e904{/logs,file:///workdir/hadoop-ozone/integration-test/target/log,UNAVAILABLE}
2019-07-30 08:58:08,240 INFO  statemachine.DatanodeStateMachine (DatanodeStateMachine.java:stopDaemon(395)) - Ozone container server stopped.
2019-07-30 08:58:08,241 INFO  handler.ContextHandler (ContextHandler.java:doStop(910)) - Stopped o.e.j.w.WebAppContext@295e989{/,null,UNAVAILABLE}{/hddsDatanode}
2019-07-30 08:58:08,242 INFO  server.AbstractConnector (AbstractConnector.java:doStop(318)) - Stopped ServerConnector@504216ff{HTTP/1.1,[http/1.1]}{0.0.0.0:0}
2019-07-30 08:58:08,242 INFO  handler.ContextHandler (ContextHandler.java:doStop(910)) - Stopped o.e.j.s.ServletContextHandler@1ca55d5{/static,jar:file:/home/user/.m2/repository/org/apache/hadoop/hadoop-hdds-container-service/0.4.1-SNAPSHOT/hadoop-hdds-container-service-0.4.1-SNAPSHOT.jar!/webapps/static,UNAVAILABLE}
2019-07-30 08:58:08,243 INFO  handler.ContextHandler (ContextHandler.java:doStop(910)) - Stopped o.e.j.s.ServletContextHandler@2ce7d43{/logs,file:///workdir/hadoop-ozone/integration-test/target/log,UNAVAILABLE}
2019-07-30 08:58:08,244 INFO  ozone.MiniOzoneClusterImpl (MiniOzoneClusterImpl.java:stop(353)) - Stopping the StorageContainerManager
2019-07-30 08:58:08,244 INFO  server.StorageContainerManager (StorageContainerManager.java:stop(796)) - Stopping Replication Manager Service.
2019-07-30 08:58:08,244 INFO  container.ReplicationManager (ReplicationManager.java:stop(187)) - Stopping Replication Monitor Thread.
2019-07-30 08:58:08,244 INFO  server.StorageContainerManager (StorageContainerManager.java:stop(803)) - Stopping Lease Manager of the command watchers
2019-07-30 08:58:08,245 INFO  server.StorageContainerManager (StorageContainerManager.java:stop(810)) - Stopping datanode service RPC server
2019-07-30 08:58:08,245 INFO  server.SCMDatanodeProtocolServer (SCMDatanodeProtocolServer.java:stop(367)) - Stopping the RPC server for DataNodes
2019-07-30 08:58:08,245 INFO  ipc.Server (Server.java:stop(3082)) - Stopping server on 32841
2019-07-30 08:58:08,247 INFO  ipc.Server (Server.java:run(1319)) - Stopping IPC Server Responder
2019-07-30 08:58:08,248 INFO  ipc.Server (Server.java:run(1185)) - Stopping IPC Server listener on 32841
2019-07-30 08:58:08,301 WARN  node.NodeStateManager (NodeStateManager.java:scheduleNextHealthCheck(631)) - Current Thread is interrupted, shutting down HB processing thread for Node Manager.
2019-07-30 08:58:08,301 INFO  server.StorageContainerManager (StorageContainerManager.java:stop(818)) - Stopping block service RPC server
2019-07-30 08:58:08,302 INFO  server.SCMBlockProtocolServer (SCMBlockProtocolServer.java:stop(148)) - Stopping the RPC server for Block Protocol
2019-07-30 08:58:08,302 INFO  ipc.Server (Server.java:stop(3082)) - Stopping server on 46102
2019-07-30 08:58:08,304 INFO  ipc.Server (Server.java:run(1185)) - Stopping IPC Server listener on 46102
2019-07-30 08:58:08,304 INFO  server.StorageContainerManager (StorageContainerManager.java:stop(825)) - Stopping the StorageContainerLocationProtocol RPC server
2019-07-30 08:58:08,304 INFO  server.SCMClientProtocolServer (SCMClientProtocolServer.java:stop(159)) - Stopping the RPC server for Client Protocol
2019-07-30 08:58:08,304 INFO  ipc.Server (Server.java:stop(3082)) - Stopping server on 44282
2019-07-30 08:58:08,306 INFO  ipc.Server (Server.java:run(1319)) - Stopping IPC Server Responder
2019-07-30 08:58:08,307 INFO  ipc.Server (Server.java:run(1185)) - Stopping IPC Server listener on 44282
2019-07-30 08:58:08,307 INFO  ipc.Server (Server.java:run(1319)) - Stopping IPC Server Responder
2019-07-30 08:58:08,307 INFO  server.StorageContainerManager (StorageContainerManager.java:stop(832)) - Stopping Storage Container Manager HTTP server.
2019-07-30 08:58:08,308 INFO  handler.ContextHandler (ContextHandler.java:doStop(910)) - Stopped o.e.j.w.WebAppContext@3958e148{/,null,UNAVAILABLE}{/scm}
2019-07-30 08:58:08,309 INFO  server.AbstractConnector (AbstractConnector.java:doStop(318)) - Stopped ServerConnector@6391d34f{HTTP/1.1,[http/1.1]}{0.0.0.0:0}
2019-07-30 08:58:08,309 INFO  handler.ContextHandler (ContextHandler.java:doStop(910)) - Stopped o.e.j.s.ServletContextHandler@6bab373c{/static,file:///workdir/hadoop-ozone/integration-test/target/test-classes/webapps/static,UNAVAILABLE}
2019-07-30 08:58:08,310 INFO  handler.ContextHandler (ContextHandler.java:doStop(910)) - Stopped o.e.j.s.ServletContextHandler@16448827{/logs,file:///workdir/hadoop-ozone/integration-test/target/log,UNAVAILABLE}
2019-07-30 08:58:08,310 INFO  server.StorageContainerManager (StorageContainerManager.java:stop(843)) - Stopping Block Manager Service.
2019-07-30 08:58:08,311 INFO  utils.BackgroundService (BackgroundService.java:shutdown(148)) - Shutting down service SCMBlockDeletingService
2019-07-30 08:58:08,311 INFO  utils.BackgroundService (BackgroundService.java:shutdown(148)) - Shutting down service SCMBlockDeletingService
2019-07-30 08:58:08,311 INFO  server.StorageContainerManager (StorageContainerManager.java:stop(865)) - Stopping SCM Event Queue.
2019-07-30 08:58:08,337 INFO  impl.MetricsSystemImpl (MetricsSystemImpl.java:stop(210)) - Stopping HddsDatanode metrics system...
2019-07-30 08:58:08,346 INFO  impl.MetricsSystemImpl (MetricsSystemImpl.java:stop(216)) - HddsDatanode metrics system stopped.
]]></system-out>
    <system-err><![CDATA[Jul 30, 2019 8:57:26 AM com.sun.jersey.server.impl.application.WebApplicationImpl _initiate
INFO: Initiating Jersey application, version 'Jersey: 1.19 02/11/2015 03:25 AM'
Jul 30, 2019 8:57:26 AM com.sun.jersey.server.impl.application.WebApplicationImpl _initiate
INFO: Initiating Jersey application, version 'Jersey: 1.19 02/11/2015 03:25 AM'
Jul 30, 2019 8:57:26 AM com.sun.jersey.server.impl.application.WebApplicationImpl _initiate
INFO: Initiating Jersey application, version 'Jersey: 1.19 02/11/2015 03:25 AM'
Jul 30, 2019 8:57:26 AM com.sun.jersey.server.impl.application.WebApplicationImpl _initiate
INFO: Initiating Jersey application, version 'Jersey: 1.19 02/11/2015 03:25 AM'
Jul 30, 2019 8:57:27 AM com.sun.jersey.server.impl.application.WebApplicationImpl _initiate
INFO: Initiating Jersey application, version 'Jersey: 1.19 02/11/2015 03:25 AM'
Jul 30, 2019 8:57:27 AM com.sun.jersey.server.impl.application.WebApplicationImpl _initiate
INFO: Initiating Jersey application, version 'Jersey: 1.19 02/11/2015 03:25 AM'
Jul 30, 2019 8:57:27 AM com.sun.jersey.server.impl.application.WebApplicationImpl _initiate
INFO: Initiating Jersey application, version 'Jersey: 1.19 02/11/2015 03:25 AM'
Jul 30, 2019 8:57:30 AM org.apache.ratis.thirdparty.io.grpc.internal.ManagedChannelOrphanWrapper$ManagedChannelReference cleanQueue
SEVERE: *~*~*~ Channel ManagedChannelImpl{logId=2908, target=192.168.69.91:40347} was not shutdown properly!!! ~*~*~*
    Make sure to call shutdown()/shutdownNow() and wait until awaitTermination() returns true.
java.lang.RuntimeException: ManagedChannel allocation site
	at org.apache.ratis.thirdparty.io.grpc.internal.ManagedChannelOrphanWrapper$ManagedChannelReference.<init>(ManagedChannelOrphanWrapper.java:103)
	at org.apache.ratis.thirdparty.io.grpc.internal.ManagedChannelOrphanWrapper.<init>(ManagedChannelOrphanWrapper.java:53)
	at org.apache.ratis.thirdparty.io.grpc.internal.ManagedChannelOrphanWrapper.<init>(ManagedChannelOrphanWrapper.java:44)
	at org.apache.ratis.thirdparty.io.grpc.internal.AbstractManagedChannelImplBuilder.build(AbstractManagedChannelImplBuilder.java:411)
	at org.apache.ratis.grpc.client.GrpcClientProtocolClient.<init>(GrpcClientProtocolClient.java:119)
	at org.apache.ratis.grpc.client.GrpcClientRpc.lambda$new$0(GrpcClientRpc.java:55)
	at org.apache.ratis.util.PeerProxyMap$PeerAndProxy.lambda$getProxy$0(PeerProxyMap.java:61)
	at org.apache.ratis.util.LifeCycle.startAndTransition(LifeCycle.java:202)
	at org.apache.ratis.util.PeerProxyMap$PeerAndProxy.getProxy(PeerProxyMap.java:60)
	at org.apache.ratis.util.PeerProxyMap.getProxy(PeerProxyMap.java:107)
	at org.apache.ratis.grpc.client.GrpcClientRpc.sendRequestAsync(GrpcClientRpc.java:66)
	at org.apache.ratis.client.impl.OrderedAsync.sendRequest(OrderedAsync.java:208)
	at org.apache.ratis.client.impl.OrderedAsync.sendRequestWithRetry(OrderedAsync.java:169)
	at org.apache.ratis.util.SlidingWindow$Client.sendOrDelayRequest(SlidingWindow.java:278)
	at org.apache.ratis.util.SlidingWindow$Client.submitNewRequest(SlidingWindow.java:257)
	at org.apache.ratis.client.impl.OrderedAsync.send(OrderedAsync.java:155)
	at org.apache.ratis.client.impl.RaftClientImpl.sendAsync(RaftClientImpl.java:145)
	at org.apache.ratis.client.impl.RaftClientImpl.sendAsync(RaftClientImpl.java:125)
	at org.apache.hadoop.hdds.scm.XceiverClientRatis.sendRequestAsync(XceiverClientRatis.java:224)
	at org.apache.hadoop.hdds.scm.XceiverClientRatis.sendCommandAsync(XceiverClientRatis.java:302)
	at org.apache.hadoop.hdds.scm.storage.ContainerProtocolCalls.writeChunkAsync(ContainerProtocolCalls.java:310)
	at org.apache.hadoop.hdds.scm.storage.BlockOutputStream.writeChunkToContainer(BlockOutputStream.java:601)
	at org.apache.hadoop.hdds.scm.storage.BlockOutputStream.writeChunk(BlockOutputStream.java:459)
	at org.apache.hadoop.hdds.scm.storage.BlockOutputStream.writeOnRetry(BlockOutputStream.java:285)
	at org.apache.hadoop.ozone.client.io.BlockOutputStreamEntry.writeOnRetry(BlockOutputStreamEntry.java:200)
	at org.apache.hadoop.ozone.client.io.KeyOutputStream.handleWrite(KeyOutputStream.java:209)
	at org.apache.hadoop.ozone.client.io.KeyOutputStream.handleRetry(KeyOutputStream.java:376)
	at org.apache.hadoop.ozone.client.io.KeyOutputStream.handleException(KeyOutputStream.java:325)
	at org.apache.hadoop.ozone.client.io.KeyOutputStream.handleFlushOrClose(KeyOutputStream.java:448)
	at org.apache.hadoop.ozone.client.io.KeyOutputStream.handleWrite(KeyOutputStream.java:235)
	at org.apache.hadoop.ozone.client.io.KeyOutputStream.write(KeyOutputStream.java:193)
	at org.apache.hadoop.ozone.client.io.OzoneOutputStream.write(OzoneOutputStream.java:49)
	at java.io.OutputStream.write(OutputStream.java:75)
	at org.apache.hadoop.ozone.client.rpc.TestBlockOutputStreamWithFailures.testWatchForCommitWithSingleNodeRatis(TestBlockOutputStreamWithFailures.java:881)
	at sun.reflect.NativeMethodAccessorImpl.invoke0(Native Method)
	at sun.reflect.NativeMethodAccessorImpl.invoke(NativeMethodAccessorImpl.java:62)
	at sun.reflect.DelegatingMethodAccessorImpl.invoke(DelegatingMethodAccessorImpl.java:43)
	at java.lang.reflect.Method.invoke(Method.java:498)
	at org.junit.runners.model.FrameworkMethod$1.runReflectiveCall(FrameworkMethod.java:47)
	at org.junit.internal.runners.model.ReflectiveCallable.run(ReflectiveCallable.java:12)
	at org.junit.runners.model.FrameworkMethod.invokeExplosively(FrameworkMethod.java:44)
	at org.junit.internal.runners.statements.InvokeMethod.evaluate(InvokeMethod.java:17)
	at org.junit.internal.runners.statements.RunBefores.evaluate(RunBefores.java:26)
	at org.junit.internal.runners.statements.RunAfters.evaluate(RunAfters.java:27)
	at org.junit.runners.ParentRunner.runLeaf(ParentRunner.java:271)
	at org.junit.runners.BlockJUnit4ClassRunner.runChild(BlockJUnit4ClassRunner.java:70)
	at org.junit.runners.BlockJUnit4ClassRunner.runChild(BlockJUnit4ClassRunner.java:50)
	at org.junit.runners.ParentRunner$3.run(ParentRunner.java:238)
	at org.junit.runners.ParentRunner$1.schedule(ParentRunner.java:63)
	at org.junit.runners.ParentRunner.runChildren(ParentRunner.java:236)
	at org.junit.runners.ParentRunner.access$000(ParentRunner.java:53)
	at org.junit.runners.ParentRunner$2.evaluate(ParentRunner.java:229)
	at org.junit.runners.ParentRunner.run(ParentRunner.java:309)
	at org.apache.maven.surefire.junit4.JUnit4Provider.execute(JUnit4Provider.java:365)
	at org.apache.maven.surefire.junit4.JUnit4Provider.executeWithRerun(JUnit4Provider.java:273)
	at org.apache.maven.surefire.junit4.JUnit4Provider.executeTestSet(JUnit4Provider.java:238)
	at org.apache.maven.surefire.junit4.JUnit4Provider.invoke(JUnit4Provider.java:159)
	at org.apache.maven.surefire.booter.ForkedBooter.invokeProviderInSameClassLoader(ForkedBooter.java:384)
	at org.apache.maven.surefire.booter.ForkedBooter.runSuitesInProcess(ForkedBooter.java:345)
	at org.apache.maven.surefire.booter.ForkedBooter.execute(ForkedBooter.java:126)
	at org.apache.maven.surefire.booter.ForkedBooter.main(ForkedBooter.java:418)

Jul 30, 2019 8:57:30 AM org.apache.ratis.thirdparty.io.grpc.internal.ManagedChannelOrphanWrapper$ManagedChannelReference cleanQueue
SEVERE: *~*~*~ Channel ManagedChannelImpl{logId=2913, target=192.168.69.91:39888} was not shutdown properly!!! ~*~*~*
    Make sure to call shutdown()/shutdownNow() and wait until awaitTermination() returns true.
java.lang.RuntimeException: ManagedChannel allocation site
	at org.apache.ratis.thirdparty.io.grpc.internal.ManagedChannelOrphanWrapper$ManagedChannelReference.<init>(ManagedChannelOrphanWrapper.java:103)
	at org.apache.ratis.thirdparty.io.grpc.internal.ManagedChannelOrphanWrapper.<init>(ManagedChannelOrphanWrapper.java:53)
	at org.apache.ratis.thirdparty.io.grpc.internal.ManagedChannelOrphanWrapper.<init>(ManagedChannelOrphanWrapper.java:44)
	at org.apache.ratis.thirdparty.io.grpc.internal.AbstractManagedChannelImplBuilder.build(AbstractManagedChannelImplBuilder.java:411)
	at org.apache.hadoop.hdds.scm.XceiverClientGrpc.connectToDatanode(XceiverClientGrpc.java:174)
	at org.apache.hadoop.hdds.scm.XceiverClientGrpc.reconnect(XceiverClientGrpc.java:422)
	at org.apache.hadoop.hdds.scm.XceiverClientGrpc.sendCommandAsync(XceiverClientGrpc.java:371)
	at org.apache.hadoop.hdds.scm.XceiverClientGrpc.sendCommandWithRetry(XceiverClientGrpc.java:284)
	at org.apache.hadoop.hdds.scm.XceiverClientGrpc.sendCommandWithTraceIDAndRetry(XceiverClientGrpc.java:250)
	at org.apache.hadoop.hdds.scm.XceiverClientGrpc.sendCommand(XceiverClientGrpc.java:233)
	at org.apache.hadoop.hdds.scm.storage.ContainerProtocolCalls.getBlock(ContainerProtocolCalls.java:118)
	at org.apache.hadoop.hdds.scm.storage.BlockInputStream.getChunkInfos(BlockInputStream.java:167)
	at org.apache.hadoop.hdds.scm.storage.BlockInputStream.initialize(BlockInputStream.java:118)
	at org.apache.hadoop.hdds.scm.storage.BlockInputStream.read(BlockInputStream.java:222)
	at org.apache.hadoop.ozone.client.io.KeyInputStream.read(KeyInputStream.java:171)
	at org.apache.hadoop.ozone.client.io.OzoneInputStream.read(OzoneInputStream.java:47)
	at java.io.InputStream.read(InputStream.java:101)
	at org.apache.hadoop.ozone.container.ContainerTestHelper.validateData(ContainerTestHelper.java:709)
	at org.apache.hadoop.ozone.client.rpc.TestBlockOutputStreamWithFailures.validateData(TestBlockOutputStreamWithFailures.java:1212)
	at org.apache.hadoop.ozone.client.rpc.TestBlockOutputStreamWithFailures.testWatchForCommitWithSingleNodeRatis(TestBlockOutputStreamWithFailures.java:914)
	at sun.reflect.NativeMethodAccessorImpl.invoke0(Native Method)
	at sun.reflect.NativeMethodAccessorImpl.invoke(NativeMethodAccessorImpl.java:62)
	at sun.reflect.DelegatingMethodAccessorImpl.invoke(DelegatingMethodAccessorImpl.java:43)
	at java.lang.reflect.Method.invoke(Method.java:498)
	at org.junit.runners.model.FrameworkMethod$1.runReflectiveCall(FrameworkMethod.java:47)
	at org.junit.internal.runners.model.ReflectiveCallable.run(ReflectiveCallable.java:12)
	at org.junit.runners.model.FrameworkMethod.invokeExplosively(FrameworkMethod.java:44)
	at org.junit.internal.runners.statements.InvokeMethod.evaluate(InvokeMethod.java:17)
	at org.junit.internal.runners.statements.RunBefores.evaluate(RunBefores.java:26)
	at org.junit.internal.runners.statements.RunAfters.evaluate(RunAfters.java:27)
	at org.junit.runners.ParentRunner.runLeaf(ParentRunner.java:271)
	at org.junit.runners.BlockJUnit4ClassRunner.runChild(BlockJUnit4ClassRunner.java:70)
	at org.junit.runners.BlockJUnit4ClassRunner.runChild(BlockJUnit4ClassRunner.java:50)
	at org.junit.runners.ParentRunner$3.run(ParentRunner.java:238)
	at org.junit.runners.ParentRunner$1.schedule(ParentRunner.java:63)
	at org.junit.runners.ParentRunner.runChildren(ParentRunner.java:236)
	at org.junit.runners.ParentRunner.access$000(ParentRunner.java:53)
	at org.junit.runners.ParentRunner$2.evaluate(ParentRunner.java:229)
	at org.junit.runners.ParentRunner.run(ParentRunner.java:309)
	at org.apache.maven.surefire.junit4.JUnit4Provider.execute(JUnit4Provider.java:365)
	at org.apache.maven.surefire.junit4.JUnit4Provider.executeWithRerun(JUnit4Provider.java:273)
	at org.apache.maven.surefire.junit4.JUnit4Provider.executeTestSet(JUnit4Provider.java:238)
	at org.apache.maven.surefire.junit4.JUnit4Provider.invoke(JUnit4Provider.java:159)
	at org.apache.maven.surefire.booter.ForkedBooter.invokeProviderInSameClassLoader(ForkedBooter.java:384)
	at org.apache.maven.surefire.booter.ForkedBooter.runSuitesInProcess(ForkedBooter.java:345)
	at org.apache.maven.surefire.booter.ForkedBooter.execute(ForkedBooter.java:126)
	at org.apache.maven.surefire.booter.ForkedBooter.main(ForkedBooter.java:418)

Jul 30, 2019 8:57:30 AM org.apache.ratis.thirdparty.io.grpc.internal.ManagedChannelOrphanWrapper$ManagedChannelReference cleanQueue
SEVERE: *~*~*~ Channel ManagedChannelImpl{logId=2918, target=192.168.69.91:46571} was not shutdown properly!!! ~*~*~*
    Make sure to call shutdown()/shutdownNow() and wait until awaitTermination() returns true.
java.lang.RuntimeException: ManagedChannel allocation site
	at org.apache.ratis.thirdparty.io.grpc.internal.ManagedChannelOrphanWrapper$ManagedChannelReference.<init>(ManagedChannelOrphanWrapper.java:103)
	at org.apache.ratis.thirdparty.io.grpc.internal.ManagedChannelOrphanWrapper.<init>(ManagedChannelOrphanWrapper.java:53)
	at org.apache.ratis.thirdparty.io.grpc.internal.ManagedChannelOrphanWrapper.<init>(ManagedChannelOrphanWrapper.java:44)
	at org.apache.ratis.thirdparty.io.grpc.internal.AbstractManagedChannelImplBuilder.build(AbstractManagedChannelImplBuilder.java:411)
	at org.apache.hadoop.hdds.scm.XceiverClientGrpc.connectToDatanode(XceiverClientGrpc.java:174)
	at org.apache.hadoop.hdds.scm.XceiverClientGrpc.reconnect(XceiverClientGrpc.java:422)
	at org.apache.hadoop.hdds.scm.XceiverClientGrpc.sendCommandAsync(XceiverClientGrpc.java:371)
	at org.apache.hadoop.hdds.scm.XceiverClientGrpc.sendCommandWithRetry(XceiverClientGrpc.java:284)
	at org.apache.hadoop.hdds.scm.XceiverClientGrpc.sendCommandWithTraceIDAndRetry(XceiverClientGrpc.java:250)
	at org.apache.hadoop.hdds.scm.XceiverClientGrpc.sendCommand(XceiverClientGrpc.java:233)
	at org.apache.hadoop.hdds.scm.storage.ContainerProtocolCalls.getBlock(ContainerProtocolCalls.java:118)
	at org.apache.hadoop.hdds.scm.storage.BlockInputStream.getChunkInfos(BlockInputStream.java:167)
	at org.apache.hadoop.hdds.scm.storage.BlockInputStream.initialize(BlockInputStream.java:118)
	at org.apache.hadoop.hdds.scm.storage.BlockInputStream.read(BlockInputStream.java:222)
	at org.apache.hadoop.ozone.client.io.KeyInputStream.read(KeyInputStream.java:171)
	at org.apache.hadoop.ozone.client.io.OzoneInputStream.read(OzoneInputStream.java:47)
	at java.io.InputStream.read(InputStream.java:101)
	at org.apache.hadoop.ozone.container.ContainerTestHelper.validateData(ContainerTestHelper.java:709)
	at org.apache.hadoop.ozone.client.rpc.TestBlockOutputStreamWithFailures.validateData(TestBlockOutputStreamWithFailures.java:1212)
	at org.apache.hadoop.ozone.client.rpc.TestBlockOutputStreamWithFailures.testWatchForCommitWithSingleNodeRatis(TestBlockOutputStreamWithFailures.java:914)
	at sun.reflect.NativeMethodAccessorImpl.invoke0(Native Method)
	at sun.reflect.NativeMethodAccessorImpl.invoke(NativeMethodAccessorImpl.java:62)
	at sun.reflect.DelegatingMethodAccessorImpl.invoke(DelegatingMethodAccessorImpl.java:43)
	at java.lang.reflect.Method.invoke(Method.java:498)
	at org.junit.runners.model.FrameworkMethod$1.runReflectiveCall(FrameworkMethod.java:47)
	at org.junit.internal.runners.model.ReflectiveCallable.run(ReflectiveCallable.java:12)
	at org.junit.runners.model.FrameworkMethod.invokeExplosively(FrameworkMethod.java:44)
	at org.junit.internal.runners.statements.InvokeMethod.evaluate(InvokeMethod.java:17)
	at org.junit.internal.runners.statements.RunBefores.evaluate(RunBefores.java:26)
	at org.junit.internal.runners.statements.RunAfters.evaluate(RunAfters.java:27)
	at org.junit.runners.ParentRunner.runLeaf(ParentRunner.java:271)
	at org.junit.runners.BlockJUnit4ClassRunner.runChild(BlockJUnit4ClassRunner.java:70)
	at org.junit.runners.BlockJUnit4ClassRunner.runChild(BlockJUnit4ClassRunner.java:50)
	at org.junit.runners.ParentRunner$3.run(ParentRunner.java:238)
	at org.junit.runners.ParentRunner$1.schedule(ParentRunner.java:63)
	at org.junit.runners.ParentRunner.runChildren(ParentRunner.java:236)
	at org.junit.runners.ParentRunner.access$000(ParentRunner.java:53)
	at org.junit.runners.ParentRunner$2.evaluate(ParentRunner.java:229)
	at org.junit.runners.ParentRunner.run(ParentRunner.java:309)
	at org.apache.maven.surefire.junit4.JUnit4Provider.execute(JUnit4Provider.java:365)
	at org.apache.maven.surefire.junit4.JUnit4Provider.executeWithRerun(JUnit4Provider.java:273)
	at org.apache.maven.surefire.junit4.JUnit4Provider.executeTestSet(JUnit4Provider.java:238)
	at org.apache.maven.surefire.junit4.JUnit4Provider.invoke(JUnit4Provider.java:159)
	at org.apache.maven.surefire.booter.ForkedBooter.invokeProviderInSameClassLoader(ForkedBooter.java:384)
	at org.apache.maven.surefire.booter.ForkedBooter.runSuitesInProcess(ForkedBooter.java:345)
	at org.apache.maven.surefire.booter.ForkedBooter.execute(ForkedBooter.java:126)
	at org.apache.maven.surefire.booter.ForkedBooter.main(ForkedBooter.java:418)

Jul 30, 2019 8:57:30 AM org.apache.ratis.thirdparty.io.grpc.internal.ManagedChannelOrphanWrapper$ManagedChannelReference cleanQueue
SEVERE: *~*~*~ Channel ManagedChannelImpl{logId=2903, target=192.168.69.91:43787} was not shutdown properly!!! ~*~*~*
    Make sure to call shutdown()/shutdownNow() and wait until awaitTermination() returns true.
java.lang.RuntimeException: ManagedChannel allocation site
	at org.apache.ratis.thirdparty.io.grpc.internal.ManagedChannelOrphanWrapper$ManagedChannelReference.<init>(ManagedChannelOrphanWrapper.java:103)
	at org.apache.ratis.thirdparty.io.grpc.internal.ManagedChannelOrphanWrapper.<init>(ManagedChannelOrphanWrapper.java:53)
	at org.apache.ratis.thirdparty.io.grpc.internal.ManagedChannelOrphanWrapper.<init>(ManagedChannelOrphanWrapper.java:44)
	at org.apache.ratis.thirdparty.io.grpc.internal.AbstractManagedChannelImplBuilder.build(AbstractManagedChannelImplBuilder.java:411)
	at org.apache.ratis.grpc.client.GrpcClientProtocolClient.<init>(GrpcClientProtocolClient.java:119)
	at org.apache.ratis.grpc.client.GrpcClientRpc.lambda$new$0(GrpcClientRpc.java:55)
	at org.apache.ratis.util.PeerProxyMap$PeerAndProxy.lambda$getProxy$0(PeerProxyMap.java:61)
	at org.apache.ratis.util.LifeCycle.startAndTransition(LifeCycle.java:202)
	at org.apache.ratis.util.PeerProxyMap$PeerAndProxy.getProxy(PeerProxyMap.java:60)
	at org.apache.ratis.util.PeerProxyMap.getProxy(PeerProxyMap.java:107)
	at org.apache.ratis.grpc.client.GrpcClientRpc.sendRequestAsync(GrpcClientRpc.java:66)
	at org.apache.ratis.client.impl.OrderedAsync.sendRequest(OrderedAsync.java:208)
	at org.apache.ratis.client.impl.OrderedAsync.sendRequestWithRetry(OrderedAsync.java:169)
	at org.apache.ratis.util.SlidingWindow$Client.sendOrDelayRequest(SlidingWindow.java:278)
	at org.apache.ratis.util.SlidingWindow$Client.retry(SlidingWindow.java:294)
	at org.apache.ratis.client.impl.OrderedAsync.lambda$scheduleWithTimeout$7(OrderedAsync.java:195)
	at org.apache.ratis.util.TimeoutScheduler.lambda$onTimeout$0(TimeoutScheduler.java:85)
	at org.apache.ratis.util.TimeoutScheduler.lambda$onTimeout$1(TimeoutScheduler.java:104)
	at org.apache.ratis.util.LogUtils.runAndLog(LogUtils.java:50)
	at org.apache.ratis.util.LogUtils$1.run(LogUtils.java:91)
	at java.util.concurrent.Executors$RunnableAdapter.call(Executors.java:511)
	at java.util.concurrent.FutureTask.run(FutureTask.java:266)
	at java.util.concurrent.ScheduledThreadPoolExecutor$ScheduledFutureTask.access$201(ScheduledThreadPoolExecutor.java:180)
	at java.util.concurrent.ScheduledThreadPoolExecutor$ScheduledFutureTask.run(ScheduledThreadPoolExecutor.java:293)
	at java.util.concurrent.ThreadPoolExecutor.runWorker(ThreadPoolExecutor.java:1149)
	at java.util.concurrent.ThreadPoolExecutor$Worker.run(ThreadPoolExecutor.java:624)
	at java.lang.Thread.run(Thread.java:748)

]]></system-err>
  </testcase>
  <testcase name="testFailureWithPrimeSizedData" classname="org.apache.hadoop.ozone.client.rpc.TestBlockOutputStreamWithFailures" time="34.915"/>
  <testcase name="testWatchForCommitWithCloseContainerException" classname="org.apache.hadoop.ozone.client.rpc.TestBlockOutputStreamWithFailures" time="34.785"/>
  <testcase name="testExceptionDuringClose" classname="org.apache.hadoop.ozone.client.rpc.TestBlockOutputStreamWithFailures" time="40.129"/>
</testsuite>