<?xml version="1.0" encoding="UTF-8"?>
<testsuite xmlns:xsi="http://www.w3.org/2001/XMLSchema-instance" xsi:noNamespaceSchemaLocation="https://maven.apache.org/surefire/maven-surefire-plugin/xsd/surefire-test-report.xsd" name="org.apache.hadoop.ozone.client.rpc.TestFailureHandlingByClient" time="207.701" tests="6" errors="1" skipped="0" failures="0">
  <properties>
    <property name="awt.toolkit" value="sun.awt.X11.XToolkit"/>
    <property name="file.encoding.pkg" value="sun.io"/>
    <property name="java.specification.version" value="1.8"/>
    <property name="sun.cpu.isalist" value=""/>
    <property name="sun.jnu.encoding" value="UTF-8"/>
    <property name="java.class.path" value="/workdir/hadoop-ozone/integration-test/target/test-classes:/workdir/hadoop-ozone/integration-test/target/classes:/home/user/.m2/repository/org/apache/hadoop/hadoop-ozone-common/0.4.1-SNAPSHOT/hadoop-ozone-common-0.4.1-SNAPSHOT.jar:/home/user/.m2/repository/org/apache/commons/commons-compress/1.4.1/commons-compress-1.4.1.jar:/home/user/.m2/repository/org/tukaani/xz/1.0/xz-1.0.jar:/home/user/.m2/repository/org/apache/hadoop/hadoop-common/3.2.0/hadoop-common-3.2.0.jar:/home/user/.m2/repository/org/apache/hadoop/hadoop-hdfs/3.2.0/hadoop-hdfs-3.2.0.jar:/home/user/.m2/repository/org/apache/hadoop/hadoop-hdfs-client/3.2.0/hadoop-hdfs-client-3.2.0.jar:/home/user/.m2/repository/com/fasterxml/jackson/core/jackson-annotations/2.9.5/jackson-annotations-2.9.5.jar:/home/user/.m2/repository/org/apache/hadoop/hadoop-hdds-common/0.4.1-SNAPSHOT/hadoop-hdds-common-0.4.1-SNAPSHOT.jar:/home/user/.m2/repository/javax/annotation/javax.annotation-api/1.2/javax.annotation-api-1.2.jar:/home/user/.m2/repository/org/apache/ratis/ratis-server/0.4.0-2337318-SNAPSHOT/ratis-server-0.4.0-2337318-SNAPSHOT.jar:/home/user/.m2/repository/org/apache/ratis/ratis-thirdparty-misc/0.2.0/ratis-thirdparty-misc-0.2.0.jar:/home/user/.m2/repository/org/apache/ratis/ratis-proto/0.4.0-2337318-SNAPSHOT/ratis-proto-0.4.0-2337318-SNAPSHOT.jar:/home/user/.m2/repository/org/apache/ratis/ratis-common/0.4.0-2337318-SNAPSHOT/ratis-common-0.4.0-2337318-SNAPSHOT.jar:/home/user/.m2/repository/org/apache/ratis/ratis-client/0.4.0-2337318-SNAPSHOT/ratis-client-0.4.0-2337318-SNAPSHOT.jar:/home/user/.m2/repository/org/apache/ratis/ratis-metrics/0.4.0-2337318-SNAPSHOT/ratis-metrics-0.4.0-2337318-SNAPSHOT.jar:/home/user/.m2/repository/org/apache/ratis/ratis-netty/0.4.0-2337318-SNAPSHOT/ratis-netty-0.4.0-2337318-SNAPSHOT.jar:/home/user/.m2/repository/org/apache/ratis/ratis-grpc/0.4.0-2337318-SNAPSHOT/ratis-grpc-0.4.0-2337318-SNAPSHOT.jar:/home/user/.m2/repository/org/rocksdb/rocksdbjni/6.0.1/rocksdbjni-6.0.1.jar:/home/user/.m2/repository/org/apache/logging/log4j/log4j-api/2.11.0/log4j-api-2.11.0.jar:/home/user/.m2/repository/org/apache/logging/log4j/log4j-core/2.11.0/log4j-core-2.11.0.jar:/home/user/.m2/repository/com/lmax/disruptor/3.4.2/disruptor-3.4.2.jar:/home/user/.m2/repository/org/apache/commons/commons-pool2/2.6.0/commons-pool2-2.6.0.jar:/home/user/.m2/repository/org/bouncycastle/bcpkix-jdk15on/1.60/bcpkix-jdk15on-1.60.jar:/home/user/.m2/repository/commons-validator/commons-validator/1.6/commons-validator-1.6.jar:/home/user/.m2/repository/commons-digester/commons-digester/1.8.1/commons-digester-1.8.1.jar:/home/user/.m2/repository/io/jaegertracing/jaeger-client/0.33.1/jaeger-client-0.33.1.jar:/home/user/.m2/repository/io/jaegertracing/jaeger-thrift/0.33.1/jaeger-thrift-0.33.1.jar:/home/user/.m2/repository/org/apache/thrift/libthrift/0.11.0/libthrift-0.11.0.jar:/home/user/.m2/repository/com/squareup/okhttp3/okhttp/3.9.0/okhttp-3.9.0.jar:/home/user/.m2/repository/com/squareup/okio/okio/1.13.0/okio-1.13.0.jar:/home/user/.m2/repository/io/jaegertracing/jaeger-core/0.33.1/jaeger-core-0.33.1.jar:/home/user/.m2/repository/io/jaegertracing/jaeger-tracerresolver/0.33.1/jaeger-tracerresolver-0.33.1.jar:/home/user/.m2/repository/io/opentracing/contrib/opentracing-tracerresolver/0.1.5/opentracing-tracerresolver-0.1.5.jar:/home/user/.m2/repository/io/opentracing/opentracing-util/0.31.0/opentracing-util-0.31.0.jar:/home/user/.m2/repository/io/opentracing/opentracing-api/0.31.0/opentracing-api-0.31.0.jar:/home/user/.m2/repository/io/opentracing/opentracing-noop/0.31.0/opentracing-noop-0.31.0.jar:/home/user/.m2/repository/org/apache/hadoop/hadoop-hdds-server-framework/0.4.1-SNAPSHOT/hadoop-hdds-server-framework-0.4.1-SNAPSHOT.jar:/home/user/.m2/repository/org/apache/hadoop/hadoop-hdds-container-service/0.4.1-SNAPSHOT/hadoop-hdds-container-service-0.4.1-SNAPSHOT.jar:/home/user/.m2/repository/org/apache/hadoop/hadoop-hdds-client/0.4.1-SNAPSHOT/hadoop-hdds-client-0.4.1-SNAPSHOT.jar:/home/user/.m2/repository/org/apache/hadoop/hadoop-hdds-tools/0.4.1-SNAPSHOT/hadoop-hdds-tools-0.4.1-SNAPSHOT.jar:/home/user/.m2/repository/org/apache/hadoop/hadoop-hdds-server-scm/0.4.1-SNAPSHOT/hadoop-hdds-server-scm-0.4.1-SNAPSHOT.jar:/home/user/.m2/repository/org/apache/hadoop/hadoop-hdds-docs/0.4.1-SNAPSHOT/hadoop-hdds-docs-0.4.1-SNAPSHOT.jar:/home/user/.m2/repository/io/dropwizard/metrics/metrics-core/3.2.4/metrics-core-3.2.4.jar:/home/user/.m2/repository/org/hamcrest/hamcrest-all/1.3/hamcrest-all-1.3.jar:/home/user/.m2/repository/org/bouncycastle/bcprov-jdk15on/1.60/bcprov-jdk15on-1.60.jar:/home/user/.m2/repository/info/picocli/picocli/3.9.6/picocli-3.9.6.jar:/home/user/.m2/repository/com/google/protobuf/protobuf-java/2.5.0/protobuf-java-2.5.0.jar:/home/user/.m2/repository/com/google/guava/guava/11.0.2/guava-11.0.2.jar:/home/user/.m2/repository/org/apache/hadoop/hadoop-ozone-ozone-manager/0.4.1-SNAPSHOT/hadoop-ozone-ozone-manager-0.4.1-SNAPSHOT.jar:/home/user/.m2/repository/org/apache/hadoop/hadoop-minikdc/3.2.0/hadoop-minikdc-3.2.0.jar:/home/user/.m2/repository/commons-io/commons-io/2.5/commons-io-2.5.jar:/home/user/.m2/repository/org/apache/kerby/kerb-simplekdc/1.0.1/kerb-simplekdc-1.0.1.jar:/home/user/.m2/repository/org/apache/kerby/kerb-client/1.0.1/kerb-client-1.0.1.jar:/home/user/.m2/repository/org/apache/kerby/kerby-config/1.0.1/kerby-config-1.0.1.jar:/home/user/.m2/repository/org/apache/kerby/kerb-core/1.0.1/kerb-core-1.0.1.jar:/home/user/.m2/repository/org/apache/kerby/kerby-pkix/1.0.1/kerby-pkix-1.0.1.jar:/home/user/.m2/repository/org/apache/kerby/kerby-asn1/1.0.1/kerby-asn1-1.0.1.jar:/home/user/.m2/repository/org/apache/kerby/kerby-util/1.0.1/kerby-util-1.0.1.jar:/home/user/.m2/repository/org/apache/kerby/kerb-common/1.0.1/kerb-common-1.0.1.jar:/home/user/.m2/repository/org/apache/kerby/kerb-crypto/1.0.1/kerb-crypto-1.0.1.jar:/home/user/.m2/repository/org/apache/kerby/kerb-util/1.0.1/kerb-util-1.0.1.jar:/home/user/.m2/repository/org/apache/kerby/token-provider/1.0.1/token-provider-1.0.1.jar:/home/user/.m2/repository/org/apache/kerby/kerb-admin/1.0.1/kerb-admin-1.0.1.jar:/home/user/.m2/repository/org/apache/kerby/kerb-server/1.0.1/kerb-server-1.0.1.jar:/home/user/.m2/repository/org/apache/kerby/kerb-identity/1.0.1/kerb-identity-1.0.1.jar:/home/user/.m2/repository/org/apache/kerby/kerby-xdr/1.0.1/kerby-xdr-1.0.1.jar:/home/user/.m2/repository/org/slf4j/slf4j-log4j12/1.7.25/slf4j-log4j12-1.7.25.jar:/home/user/.m2/repository/org/apache/hadoop/hadoop-ozone-objectstore-service/0.4.1-SNAPSHOT/hadoop-ozone-objectstore-service-0.4.1-SNAPSHOT.jar:/home/user/.m2/repository/org/apache/hadoop/hadoop-ozone-s3gateway/0.4.1-SNAPSHOT/hadoop-ozone-s3gateway-0.4.1-SNAPSHOT.jar:/home/user/.m2/repository/org/jboss/weld/servlet/weld-servlet/2.4.7.Final/weld-servlet-2.4.7.Final.jar:/home/user/.m2/repository/org/glassfish/jersey/containers/jersey-container-servlet-core/2.27/jersey-container-servlet-core-2.27.jar:/home/user/.m2/repository/org/glassfish/hk2/external/javax.inject/2.5.0-b42/javax.inject-2.5.0-b42.jar:/home/user/.m2/repository/org/glassfish/jersey/core/jersey-common/2.27/jersey-common-2.27.jar:/home/user/.m2/repository/org/glassfish/hk2/osgi-resource-locator/1.0.1/osgi-resource-locator-1.0.1.jar:/home/user/.m2/repository/javax/ws/rs/javax.ws.rs-api/2.1/javax.ws.rs-api-2.1.jar:/home/user/.m2/repository/org/glassfish/jersey/ext/cdi/jersey-cdi1x/2.27/jersey-cdi1x-2.27.jar:/home/user/.m2/repository/org/glassfish/jersey/inject/jersey-hk2/2.27/jersey-hk2-2.27.jar:/home/user/.m2/repository/org/glassfish/hk2/hk2-locator/2.5.0-b42/hk2-locator-2.5.0-b42.jar:/home/user/.m2/repository/org/javassist/javassist/3.22.0-CR2/javassist-3.22.0-CR2.jar:/home/user/.m2/repository/org/glassfish/hk2/hk2-api/2.5.0/hk2-api-2.5.0.jar:/home/user/.m2/repository/org/glassfish/hk2/external/jakarta.inject/2.5.0/jakarta.inject-2.5.0.jar:/home/user/.m2/repository/org/glassfish/hk2/hk2-utils/2.5.0/hk2-utils-2.5.0.jar:/home/user/.m2/repository/jakarta/annotation/jakarta.annotation-api/1.3.4/jakarta.annotation-api-1.3.4.jar:/home/user/.m2/repository/org/glassfish/hk2/external/aopalliance-repackaged/2.5.0/aopalliance-repackaged-2.5.0.jar:/home/user/.m2/repository/com/fasterxml/jackson/dataformat/jackson-dataformat-xml/2.9.0/jackson-dataformat-xml-2.9.0.jar:/home/user/.m2/repository/com/fasterxml/jackson/core/jackson-core/2.9.5/jackson-core-2.9.5.jar:/home/user/.m2/repository/com/fasterxml/jackson/module/jackson-module-jaxb-annotations/2.9.5/jackson-module-jaxb-annotations-2.9.5.jar:/home/user/.m2/repository/javax/enterprise/cdi-api/1.2/cdi-api-1.2.jar:/home/user/.m2/repository/javax/el/javax.el-api/3.0.0/javax.el-api-3.0.0.jar:/home/user/.m2/repository/javax/interceptor/javax.interceptor-api/1.2/javax.interceptor-api-1.2.jar:/home/user/.m2/repository/javax/inject/javax.inject/1/javax.inject-1.jar:/home/user/.m2/repository/com/sun/xml/bind/jaxb-impl/2.3.0.1/jaxb-impl-2.3.0.1.jar:/home/user/.m2/repository/com/sun/xml/bind/jaxb-core/2.3.0.1/jaxb-core-2.3.0.1.jar:/home/user/.m2/repository/javax/xml/bind/jaxb-api/2.3.0/jaxb-api-2.3.0.jar:/home/user/.m2/repository/javax/activation/activation/1.1.1/activation-1.1.1.jar:/home/user/.m2/repository/org/apache/hadoop/hadoop-ozone-csi/0.4.1-SNAPSHOT/hadoop-ozone-csi-0.4.1-SNAPSHOT.jar:/home/user/.m2/repository/com/google/protobuf/protobuf-java-util/3.5.1/protobuf-java-util-3.5.1.jar:/home/user/.m2/repository/org/apache/hadoop/hadoop-hdds-config/0.4.1-SNAPSHOT/hadoop-hdds-config-0.4.1-SNAPSHOT.jar:/home/user/.m2/repository/io/grpc/grpc-netty/1.17.1/grpc-netty-1.17.1.jar:/home/user/.m2/repository/io/grpc/grpc-core/1.17.1/grpc-core-1.17.1.jar:/home/user/.m2/repository/io/grpc/grpc-context/1.17.1/grpc-context-1.17.1.jar:/home/user/.m2/repository/com/google/errorprone/error_prone_annotations/2.2.0/error_prone_annotations-2.2.0.jar:/home/user/.m2/repository/org/codehaus/mojo/animal-sniffer-annotations/1.17/animal-sniffer-annotations-1.17.jar:/home/user/.m2/repository/io/opencensus/opencensus-api/0.17.0/opencensus-api-0.17.0.jar:/home/user/.m2/repository/io/opencensus/opencensus-contrib-grpc-metrics/0.17.0/opencensus-contrib-grpc-metrics-0.17.0.jar:/home/user/.m2/repository/io/netty/netty-codec-http2/4.1.30.Final/netty-codec-http2-4.1.30.Final.jar:/home/user/.m2/repository/io/netty/netty-codec-http/4.1.30.Final/netty-codec-http-4.1.30.Final.jar:/home/user/.m2/repository/io/netty/netty-codec/4.1.30.Final/netty-codec-4.1.30.Final.jar:/home/user/.m2/repository/io/netty/netty-handler/4.1.30.Final/netty-handler-4.1.30.Final.jar:/home/user/.m2/repository/io/netty/netty-handler-proxy/4.1.30.Final/netty-handler-proxy-4.1.30.Final.jar:/home/user/.m2/repository/io/netty/netty-codec-socks/4.1.30.Final/netty-codec-socks-4.1.30.Final.jar:/home/user/.m2/repository/io/netty/netty-transport-native-epoll/4.1.30.Final/netty-transport-native-epoll-4.1.30.Final.jar:/home/user/.m2/repository/io/netty/netty-common/4.1.30.Final/netty-common-4.1.30.Final.jar:/home/user/.m2/repository/io/netty/netty-buffer/4.1.30.Final/netty-buffer-4.1.30.Final.jar:/home/user/.m2/repository/io/netty/netty-transport/4.1.30.Final/netty-transport-4.1.30.Final.jar:/home/user/.m2/repository/io/netty/netty-resolver/4.1.30.Final/netty-resolver-4.1.30.Final.jar:/home/user/.m2/repository/io/netty/netty-transport-native-unix-common/4.1.30.Final/netty-transport-native-unix-common-4.1.30.Final.jar:/home/user/.m2/repository/io/grpc/grpc-protobuf/1.17.1/grpc-protobuf-1.17.1.jar:/home/user/.m2/repository/com/google/api/grpc/proto-google-common-protos/1.0.0/proto-google-common-protos-1.0.0.jar:/home/user/.m2/repository/io/grpc/grpc-protobuf-lite/1.17.1/grpc-protobuf-lite-1.17.1.jar:/home/user/.m2/repository/io/grpc/grpc-stub/1.17.1/grpc-stub-1.17.1.jar:/home/user/.m2/repository/org/apache/hadoop/hadoop-ozone-recon/0.4.1-SNAPSHOT/hadoop-ozone-recon-0.4.1-SNAPSHOT.jar:/home/user/.m2/repository/org/apache/hadoop/hadoop-ozone-reconcodegen/0.4.1-SNAPSHOT/hadoop-ozone-reconcodegen-0.4.1-SNAPSHOT.jar:/home/user/.m2/repository/com/google/inject/extensions/guice-multibindings/4.0/guice-multibindings-4.0.jar:/home/user/.m2/repository/com/google/inject/guice/4.0/guice-4.0.jar:/home/user/.m2/repository/aopalliance/aopalliance/1.0/aopalliance-1.0.jar:/home/user/.m2/repository/com/google/inject/extensions/guice-servlet/4.0/guice-servlet-4.0.jar:/home/user/.m2/repository/org/glassfish/jersey/containers/jersey-container-servlet/2.27/jersey-container-servlet-2.27.jar:/home/user/.m2/repository/org/glassfish/hk2/guice-bridge/2.5.0/guice-bridge-2.5.0.jar:/home/user/.m2/repository/org/glassfish/jersey/core/jersey-server/2.27/jersey-server-2.27.jar:/home/user/.m2/repository/org/glassfish/jersey/core/jersey-client/2.27/jersey-client-2.27.jar:/home/user/.m2/repository/org/glassfish/jersey/media/jersey-media-jaxb/2.27/jersey-media-jaxb-2.27.jar:/home/user/.m2/repository/javax/validation/validation-api/1.1.0.Final/validation-api-1.1.0.Final.jar:/home/user/.m2/repository/org/glassfish/jersey/media/jersey-media-json-jackson/2.27/jersey-media-json-jackson-2.27.jar:/home/user/.m2/repository/org/glassfish/jersey/ext/jersey-entity-filtering/2.27/jersey-entity-filtering-2.27.jar:/home/user/.m2/repository/com/google/inject/extensions/guice-assistedinject/4.0/guice-assistedinject-4.0.jar:/home/user/.m2/repository/org/jooq/jooq/3.11.10/jooq-3.11.10.jar:/home/user/.m2/repository/org/jooq/jooq-meta/3.11.10/jooq-meta-3.11.10.jar:/home/user/.m2/repository/org/jooq/jooq-codegen/3.11.10/jooq-codegen-3.11.10.jar:/home/user/.m2/repository/com/jolbox/bonecp/0.8.0.RELEASE/bonecp-0.8.0.RELEASE.jar:/home/user/.m2/repository/org/xerial/sqlite-jdbc/3.25.2/sqlite-jdbc-3.25.2.jar:/home/user/.m2/repository/org/springframework/spring-jdbc/5.1.3.RELEASE/spring-jdbc-5.1.3.RELEASE.jar:/home/user/.m2/repository/org/springframework/spring-beans/5.1.3.RELEASE/spring-beans-5.1.3.RELEASE.jar:/home/user/.m2/repository/org/springframework/spring-core/5.1.3.RELEASE/spring-core-5.1.3.RELEASE.jar:/home/user/.m2/repository/org/springframework/spring-jcl/5.1.3.RELEASE/spring-jcl-5.1.3.RELEASE.jar:/home/user/.m2/repository/org/springframework/spring-tx/5.1.3.RELEASE/spring-tx-5.1.3.RELEASE.jar:/home/user/.m2/repository/org/apache/hadoop/hadoop-ozone-client/0.4.1-SNAPSHOT/hadoop-ozone-client-0.4.1-SNAPSHOT.jar:/home/user/.m2/repository/commons-lang/commons-lang/2.6/commons-lang-2.6.jar:/home/user/.m2/repository/org/apache/hadoop/hadoop-ozone-ozone-manager/0.4.1-SNAPSHOT/hadoop-ozone-ozone-manager-0.4.1-SNAPSHOT-tests.jar:/home/user/.m2/repository/junit/junit/4.11/junit-4.11.jar:/home/user/.m2/repository/org/hamcrest/hamcrest-core/1.3/hamcrest-core-1.3.jar:/home/user/.m2/repository/org/openjdk/jmh/jmh-core/1.19/jmh-core-1.19.jar:/home/user/.m2/repository/net/sf/jopt-simple/jopt-simple/4.6/jopt-simple-4.6.jar:/home/user/.m2/repository/org/apache/commons/commons-math3/3.1.1/commons-math3-3.1.1.jar:/home/user/.m2/repository/org/openjdk/jmh/jmh-generator-annprocess/1.19/jmh-generator-annprocess-1.19.jar:/home/user/.m2/repository/org/mockito/mockito-all/1.8.5/mockito-all-1.8.5.jar:/home/user/.m2/repository/org/apache/hadoop/hadoop-kms/3.2.0/hadoop-kms-3.2.0.jar:/home/user/.m2/repository/org/apache/hadoop/hadoop-auth/3.2.0/hadoop-auth-3.2.0.jar:/home/user/.m2/repository/com/nimbusds/nimbus-jose-jwt/4.41.1/nimbus-jose-jwt-4.41.1.jar:/home/user/.m2/repository/com/github/stephenc/jcip/jcip-annotations/1.0-1/jcip-annotations-1.0-1.jar:/home/user/.m2/repository/net/minidev/json-smart/2.3/json-smart-2.3.jar:/home/user/.m2/repository/net/minidev/accessors-smart/1.2/accessors-smart-1.2.jar:/home/user/.m2/repository/org/ow2/asm/asm/5.0.4/asm-5.0.4.jar:/home/user/.m2/repository/org/apache/curator/curator-framework/2.12.0/curator-framework-2.12.0.jar:/home/user/.m2/repository/com/sun/jersey/jersey-core/1.19/jersey-core-1.19.jar:/home/user/.m2/repository/javax/ws/rs/jsr311-api/1.1.1/jsr311-api-1.1.1.jar:/home/user/.m2/repository/com/sun/jersey/jersey-server/1.19/jersey-server-1.19.jar:/home/user/.m2/repository/javax/servlet/javax.servlet-api/3.1.0/javax.servlet-api-3.1.0.jar:/home/user/.m2/repository/org/eclipse/jetty/jetty-server/9.3.24.v20180605/jetty-server-9.3.24.v20180605.jar:/home/user/.m2/repository/org/eclipse/jetty/jetty-http/9.3.24.v20180605/jetty-http-9.3.24.v20180605.jar:/home/user/.m2/repository/org/eclipse/jetty/jetty-io/9.3.24.v20180605/jetty-io-9.3.24.v20180605.jar:/home/user/.m2/repository/org/eclipse/jetty/jetty-webapp/9.3.24.v20180605/jetty-webapp-9.3.24.v20180605.jar:/home/user/.m2/repository/org/eclipse/jetty/jetty-xml/9.3.24.v20180605/jetty-xml-9.3.24.v20180605.jar:/home/user/.m2/repository/log4j/log4j/1.2.17/log4j-1.2.17.jar:/home/user/.m2/repository/org/slf4j/slf4j-api/1.7.25/slf4j-api-1.7.25.jar:/home/user/.m2/repository/org/slf4j/jul-to-slf4j/1.7.25/jul-to-slf4j-1.7.25.jar:/home/user/.m2/repository/org/eclipse/jetty/jetty-util/9.3.24.v20180605/jetty-util-9.3.24.v20180605.jar:/home/user/.m2/repository/com/fasterxml/jackson/core/jackson-databind/2.9.5/jackson-databind-2.9.5.jar:/home/user/.m2/repository/org/apache/hadoop/hadoop-kms/3.2.0/hadoop-kms-3.2.0-tests.jar:/home/user/.m2/repository/org/apache/hadoop/hadoop-hdds-server-scm/0.4.1-SNAPSHOT/hadoop-hdds-server-scm-0.4.1-SNAPSHOT-tests.jar:/home/user/.m2/repository/org/apache/hadoop/hadoop-hdds-container-service/0.4.1-SNAPSHOT/hadoop-hdds-container-service-0.4.1-SNAPSHOT-tests.jar:/home/user/.m2/repository/org/yaml/snakeyaml/1.16/snakeyaml-1.16.jar:/home/user/.m2/repository/org/apache/hadoop/hadoop-common/3.2.0/hadoop-common-3.2.0-tests.jar:/home/user/.m2/repository/org/apache/hadoop/hadoop-annotations/3.2.0/hadoop-annotations-3.2.0.jar:/usr/lib/jvm/java-1.8-openjdk/jre/../lib/tools.jar:/home/user/.m2/repository/commons-cli/commons-cli/1.2/commons-cli-1.2.jar:/home/user/.m2/repository/org/apache/httpcomponents/httpclient/4.5.2/httpclient-4.5.2.jar:/home/user/.m2/repository/org/apache/httpcomponents/httpcore/4.4.4/httpcore-4.4.4.jar:/home/user/.m2/repository/commons-codec/commons-codec/1.11/commons-codec-1.11.jar:/home/user/.m2/repository/commons-net/commons-net/3.6/commons-net-3.6.jar:/home/user/.m2/repository/commons-collections/commons-collections/3.2.2/commons-collections-3.2.2.jar:/home/user/.m2/repository/org/eclipse/jetty/jetty-servlet/9.3.24.v20180605/jetty-servlet-9.3.24.v20180605.jar:/home/user/.m2/repository/org/eclipse/jetty/jetty-security/9.3.24.v20180605/jetty-security-9.3.24.v20180605.jar:/home/user/.m2/repository/javax/servlet/jsp/jsp-api/2.1/jsp-api-2.1.jar:/home/user/.m2/repository/com/sun/jersey/jersey-servlet/1.19/jersey-servlet-1.19.jar:/home/user/.m2/repository/com/sun/jersey/jersey-json/1.19/jersey-json-1.19.jar:/home/user/.m2/repository/org/codehaus/jettison/jettison/1.1/jettison-1.1.jar:/home/user/.m2/repository/org/codehaus/jackson/jackson-core-asl/1.9.13/jackson-core-asl-1.9.13.jar:/home/user/.m2/repository/org/codehaus/jackson/jackson-mapper-asl/1.9.13/jackson-mapper-asl-1.9.13.jar:/home/user/.m2/repository/org/codehaus/jackson/jackson-jaxrs/1.9.13/jackson-jaxrs-1.9.13.jar:/home/user/.m2/repository/org/codehaus/jackson/jackson-xc/1.9.13/jackson-xc-1.9.13.jar:/home/user/.m2/repository/commons-logging/commons-logging/1.1.3/commons-logging-1.1.3.jar:/home/user/.m2/repository/commons-beanutils/commons-beanutils/1.9.3/commons-beanutils-1.9.3.jar:/home/user/.m2/repository/org/apache/commons/commons-configuration2/2.1.1/commons-configuration2-2.1.1.jar:/home/user/.m2/repository/org/apache/commons/commons-lang3/3.7/commons-lang3-3.7.jar:/home/user/.m2/repository/org/apache/commons/commons-text/1.4/commons-text-1.4.jar:/home/user/.m2/repository/org/apache/avro/avro/1.7.7/avro-1.7.7.jar:/home/user/.m2/repository/com/thoughtworks/paranamer/paranamer/2.3/paranamer-2.3.jar:/home/user/.m2/repository/org/xerial/snappy/snappy-java/1.0.5/snappy-java-1.0.5.jar:/home/user/.m2/repository/com/google/re2j/re2j/1.1/re2j-1.1.jar:/home/user/.m2/repository/com/google/code/gson/gson/2.2.4/gson-2.2.4.jar:/home/user/.m2/repository/com/jcraft/jsch/0.1.54/jsch-0.1.54.jar:/home/user/.m2/repository/org/apache/curator/curator-client/2.12.0/curator-client-2.12.0.jar:/home/user/.m2/repository/org/apache/curator/curator-recipes/2.12.0/curator-recipes-2.12.0.jar:/home/user/.m2/repository/com/google/code/findbugs/jsr305/3.0.0/jsr305-3.0.0.jar:/home/user/.m2/repository/org/apache/htrace/htrace-core4/4.1.0-incubating/htrace-core4-4.1.0-incubating.jar:/home/user/.m2/repository/org/apache/zookeeper/zookeeper/3.4.13/zookeeper-3.4.13.jar:/home/user/.m2/repository/org/apache/yetus/audience-annotations/0.5.0/audience-annotations-0.5.0.jar:/home/user/.m2/repository/org/codehaus/woodstox/stax2-api/3.1.4/stax2-api-3.1.4.jar:/home/user/.m2/repository/com/fasterxml/woodstox/woodstox-core/5.0.3/woodstox-core-5.0.3.jar:/home/user/.m2/repository/dnsjava/dnsjava/2.1.7/dnsjava-2.1.7.jar:/home/user/.m2/repository/org/apache/hadoop/hadoop-hdfs/3.2.0/hadoop-hdfs-3.2.0-tests.jar:/home/user/.m2/repository/org/eclipse/jetty/jetty-util-ajax/9.3.24.v20180605/jetty-util-ajax-9.3.24.v20180605.jar:/home/user/.m2/repository/commons-daemon/commons-daemon/1.0.13/commons-daemon-1.0.13.jar:/home/user/.m2/repository/io/netty/netty/3.10.5.Final/netty-3.10.5.Final.jar:/home/user/.m2/repository/io/netty/netty-all/4.0.52.Final/netty-all-4.0.52.Final.jar:/home/user/.m2/repository/org/fusesource/leveldbjni/leveldbjni-all/1.8/leveldbjni-all-1.8.jar:"/>
    <property name="java.vm.vendor" value="IcedTea"/>
    <property name="sun.arch.data.model" value="64"/>
    <property name="test.build.dir" value="/workdir/hadoop-ozone/integration-test/target/test-dir"/>
    <property name="test.cache.data" value=""/>
    <property name="java.vendor.url" value="https://icedtea.classpath.org"/>
    <property name="user.timezone" value=""/>
    <property name="java.vm.specification.version" value="1.8"/>
    <property name="os.name" value="Linux"/>
    <property name="test.build.data" value="/workdir/hadoop-ozone/integration-test/target/test-dir"/>
    <property name="user.country" value="US"/>
    <property name="sun.java.launcher" value="SUN_STANDARD"/>
    <property name="sun.boot.library.path" value="/usr/lib/jvm/java-1.8-openjdk/jre/lib/amd64"/>
    <property name="sun.java.command" value="/workdir/hadoop-ozone/integration-test/target/surefire/surefirebooter3707437163432146000.jar /workdir/hadoop-ozone/integration-test/target/surefire 2019-07-30T07-59-19_370-jvmRun1 surefire7782672436206466507tmp surefire_678992229624512530657tmp"/>
    <property name="surefire.test.class.path" value="/workdir/hadoop-ozone/integration-test/target/test-classes:/workdir/hadoop-ozone/integration-test/target/classes:/home/user/.m2/repository/org/apache/hadoop/hadoop-ozone-common/0.4.1-SNAPSHOT/hadoop-ozone-common-0.4.1-SNAPSHOT.jar:/home/user/.m2/repository/org/apache/commons/commons-compress/1.4.1/commons-compress-1.4.1.jar:/home/user/.m2/repository/org/tukaani/xz/1.0/xz-1.0.jar:/home/user/.m2/repository/org/apache/hadoop/hadoop-common/3.2.0/hadoop-common-3.2.0.jar:/home/user/.m2/repository/org/apache/hadoop/hadoop-hdfs/3.2.0/hadoop-hdfs-3.2.0.jar:/home/user/.m2/repository/org/apache/hadoop/hadoop-hdfs-client/3.2.0/hadoop-hdfs-client-3.2.0.jar:/home/user/.m2/repository/com/fasterxml/jackson/core/jackson-annotations/2.9.5/jackson-annotations-2.9.5.jar:/home/user/.m2/repository/org/apache/hadoop/hadoop-hdds-common/0.4.1-SNAPSHOT/hadoop-hdds-common-0.4.1-SNAPSHOT.jar:/home/user/.m2/repository/javax/annotation/javax.annotation-api/1.2/javax.annotation-api-1.2.jar:/home/user/.m2/repository/org/apache/ratis/ratis-server/0.4.0-2337318-SNAPSHOT/ratis-server-0.4.0-2337318-SNAPSHOT.jar:/home/user/.m2/repository/org/apache/ratis/ratis-thirdparty-misc/0.2.0/ratis-thirdparty-misc-0.2.0.jar:/home/user/.m2/repository/org/apache/ratis/ratis-proto/0.4.0-2337318-SNAPSHOT/ratis-proto-0.4.0-2337318-SNAPSHOT.jar:/home/user/.m2/repository/org/apache/ratis/ratis-common/0.4.0-2337318-SNAPSHOT/ratis-common-0.4.0-2337318-SNAPSHOT.jar:/home/user/.m2/repository/org/apache/ratis/ratis-client/0.4.0-2337318-SNAPSHOT/ratis-client-0.4.0-2337318-SNAPSHOT.jar:/home/user/.m2/repository/org/apache/ratis/ratis-metrics/0.4.0-2337318-SNAPSHOT/ratis-metrics-0.4.0-2337318-SNAPSHOT.jar:/home/user/.m2/repository/org/apache/ratis/ratis-netty/0.4.0-2337318-SNAPSHOT/ratis-netty-0.4.0-2337318-SNAPSHOT.jar:/home/user/.m2/repository/org/apache/ratis/ratis-grpc/0.4.0-2337318-SNAPSHOT/ratis-grpc-0.4.0-2337318-SNAPSHOT.jar:/home/user/.m2/repository/org/rocksdb/rocksdbjni/6.0.1/rocksdbjni-6.0.1.jar:/home/user/.m2/repository/org/apache/logging/log4j/log4j-api/2.11.0/log4j-api-2.11.0.jar:/home/user/.m2/repository/org/apache/logging/log4j/log4j-core/2.11.0/log4j-core-2.11.0.jar:/home/user/.m2/repository/com/lmax/disruptor/3.4.2/disruptor-3.4.2.jar:/home/user/.m2/repository/org/apache/commons/commons-pool2/2.6.0/commons-pool2-2.6.0.jar:/home/user/.m2/repository/org/bouncycastle/bcpkix-jdk15on/1.60/bcpkix-jdk15on-1.60.jar:/home/user/.m2/repository/commons-validator/commons-validator/1.6/commons-validator-1.6.jar:/home/user/.m2/repository/commons-digester/commons-digester/1.8.1/commons-digester-1.8.1.jar:/home/user/.m2/repository/io/jaegertracing/jaeger-client/0.33.1/jaeger-client-0.33.1.jar:/home/user/.m2/repository/io/jaegertracing/jaeger-thrift/0.33.1/jaeger-thrift-0.33.1.jar:/home/user/.m2/repository/org/apache/thrift/libthrift/0.11.0/libthrift-0.11.0.jar:/home/user/.m2/repository/com/squareup/okhttp3/okhttp/3.9.0/okhttp-3.9.0.jar:/home/user/.m2/repository/com/squareup/okio/okio/1.13.0/okio-1.13.0.jar:/home/user/.m2/repository/io/jaegertracing/jaeger-core/0.33.1/jaeger-core-0.33.1.jar:/home/user/.m2/repository/io/jaegertracing/jaeger-tracerresolver/0.33.1/jaeger-tracerresolver-0.33.1.jar:/home/user/.m2/repository/io/opentracing/contrib/opentracing-tracerresolver/0.1.5/opentracing-tracerresolver-0.1.5.jar:/home/user/.m2/repository/io/opentracing/opentracing-util/0.31.0/opentracing-util-0.31.0.jar:/home/user/.m2/repository/io/opentracing/opentracing-api/0.31.0/opentracing-api-0.31.0.jar:/home/user/.m2/repository/io/opentracing/opentracing-noop/0.31.0/opentracing-noop-0.31.0.jar:/home/user/.m2/repository/org/apache/hadoop/hadoop-hdds-server-framework/0.4.1-SNAPSHOT/hadoop-hdds-server-framework-0.4.1-SNAPSHOT.jar:/home/user/.m2/repository/org/apache/hadoop/hadoop-hdds-container-service/0.4.1-SNAPSHOT/hadoop-hdds-container-service-0.4.1-SNAPSHOT.jar:/home/user/.m2/repository/org/apache/hadoop/hadoop-hdds-client/0.4.1-SNAPSHOT/hadoop-hdds-client-0.4.1-SNAPSHOT.jar:/home/user/.m2/repository/org/apache/hadoop/hadoop-hdds-tools/0.4.1-SNAPSHOT/hadoop-hdds-tools-0.4.1-SNAPSHOT.jar:/home/user/.m2/repository/org/apache/hadoop/hadoop-hdds-server-scm/0.4.1-SNAPSHOT/hadoop-hdds-server-scm-0.4.1-SNAPSHOT.jar:/home/user/.m2/repository/org/apache/hadoop/hadoop-hdds-docs/0.4.1-SNAPSHOT/hadoop-hdds-docs-0.4.1-SNAPSHOT.jar:/home/user/.m2/repository/io/dropwizard/metrics/metrics-core/3.2.4/metrics-core-3.2.4.jar:/home/user/.m2/repository/org/hamcrest/hamcrest-all/1.3/hamcrest-all-1.3.jar:/home/user/.m2/repository/org/bouncycastle/bcprov-jdk15on/1.60/bcprov-jdk15on-1.60.jar:/home/user/.m2/repository/info/picocli/picocli/3.9.6/picocli-3.9.6.jar:/home/user/.m2/repository/com/google/protobuf/protobuf-java/2.5.0/protobuf-java-2.5.0.jar:/home/user/.m2/repository/com/google/guava/guava/11.0.2/guava-11.0.2.jar:/home/user/.m2/repository/org/apache/hadoop/hadoop-ozone-ozone-manager/0.4.1-SNAPSHOT/hadoop-ozone-ozone-manager-0.4.1-SNAPSHOT.jar:/home/user/.m2/repository/org/apache/hadoop/hadoop-minikdc/3.2.0/hadoop-minikdc-3.2.0.jar:/home/user/.m2/repository/commons-io/commons-io/2.5/commons-io-2.5.jar:/home/user/.m2/repository/org/apache/kerby/kerb-simplekdc/1.0.1/kerb-simplekdc-1.0.1.jar:/home/user/.m2/repository/org/apache/kerby/kerb-client/1.0.1/kerb-client-1.0.1.jar:/home/user/.m2/repository/org/apache/kerby/kerby-config/1.0.1/kerby-config-1.0.1.jar:/home/user/.m2/repository/org/apache/kerby/kerb-core/1.0.1/kerb-core-1.0.1.jar:/home/user/.m2/repository/org/apache/kerby/kerby-pkix/1.0.1/kerby-pkix-1.0.1.jar:/home/user/.m2/repository/org/apache/kerby/kerby-asn1/1.0.1/kerby-asn1-1.0.1.jar:/home/user/.m2/repository/org/apache/kerby/kerby-util/1.0.1/kerby-util-1.0.1.jar:/home/user/.m2/repository/org/apache/kerby/kerb-common/1.0.1/kerb-common-1.0.1.jar:/home/user/.m2/repository/org/apache/kerby/kerb-crypto/1.0.1/kerb-crypto-1.0.1.jar:/home/user/.m2/repository/org/apache/kerby/kerb-util/1.0.1/kerb-util-1.0.1.jar:/home/user/.m2/repository/org/apache/kerby/token-provider/1.0.1/token-provider-1.0.1.jar:/home/user/.m2/repository/org/apache/kerby/kerb-admin/1.0.1/kerb-admin-1.0.1.jar:/home/user/.m2/repository/org/apache/kerby/kerb-server/1.0.1/kerb-server-1.0.1.jar:/home/user/.m2/repository/org/apache/kerby/kerb-identity/1.0.1/kerb-identity-1.0.1.jar:/home/user/.m2/repository/org/apache/kerby/kerby-xdr/1.0.1/kerby-xdr-1.0.1.jar:/home/user/.m2/repository/org/slf4j/slf4j-log4j12/1.7.25/slf4j-log4j12-1.7.25.jar:/home/user/.m2/repository/org/apache/hadoop/hadoop-ozone-objectstore-service/0.4.1-SNAPSHOT/hadoop-ozone-objectstore-service-0.4.1-SNAPSHOT.jar:/home/user/.m2/repository/org/apache/hadoop/hadoop-ozone-s3gateway/0.4.1-SNAPSHOT/hadoop-ozone-s3gateway-0.4.1-SNAPSHOT.jar:/home/user/.m2/repository/org/jboss/weld/servlet/weld-servlet/2.4.7.Final/weld-servlet-2.4.7.Final.jar:/home/user/.m2/repository/org/glassfish/jersey/containers/jersey-container-servlet-core/2.27/jersey-container-servlet-core-2.27.jar:/home/user/.m2/repository/org/glassfish/hk2/external/javax.inject/2.5.0-b42/javax.inject-2.5.0-b42.jar:/home/user/.m2/repository/org/glassfish/jersey/core/jersey-common/2.27/jersey-common-2.27.jar:/home/user/.m2/repository/org/glassfish/hk2/osgi-resource-locator/1.0.1/osgi-resource-locator-1.0.1.jar:/home/user/.m2/repository/javax/ws/rs/javax.ws.rs-api/2.1/javax.ws.rs-api-2.1.jar:/home/user/.m2/repository/org/glassfish/jersey/ext/cdi/jersey-cdi1x/2.27/jersey-cdi1x-2.27.jar:/home/user/.m2/repository/org/glassfish/jersey/inject/jersey-hk2/2.27/jersey-hk2-2.27.jar:/home/user/.m2/repository/org/glassfish/hk2/hk2-locator/2.5.0-b42/hk2-locator-2.5.0-b42.jar:/home/user/.m2/repository/org/javassist/javassist/3.22.0-CR2/javassist-3.22.0-CR2.jar:/home/user/.m2/repository/org/glassfish/hk2/hk2-api/2.5.0/hk2-api-2.5.0.jar:/home/user/.m2/repository/org/glassfish/hk2/external/jakarta.inject/2.5.0/jakarta.inject-2.5.0.jar:/home/user/.m2/repository/org/glassfish/hk2/hk2-utils/2.5.0/hk2-utils-2.5.0.jar:/home/user/.m2/repository/jakarta/annotation/jakarta.annotation-api/1.3.4/jakarta.annotation-api-1.3.4.jar:/home/user/.m2/repository/org/glassfish/hk2/external/aopalliance-repackaged/2.5.0/aopalliance-repackaged-2.5.0.jar:/home/user/.m2/repository/com/fasterxml/jackson/dataformat/jackson-dataformat-xml/2.9.0/jackson-dataformat-xml-2.9.0.jar:/home/user/.m2/repository/com/fasterxml/jackson/core/jackson-core/2.9.5/jackson-core-2.9.5.jar:/home/user/.m2/repository/com/fasterxml/jackson/module/jackson-module-jaxb-annotations/2.9.5/jackson-module-jaxb-annotations-2.9.5.jar:/home/user/.m2/repository/javax/enterprise/cdi-api/1.2/cdi-api-1.2.jar:/home/user/.m2/repository/javax/el/javax.el-api/3.0.0/javax.el-api-3.0.0.jar:/home/user/.m2/repository/javax/interceptor/javax.interceptor-api/1.2/javax.interceptor-api-1.2.jar:/home/user/.m2/repository/javax/inject/javax.inject/1/javax.inject-1.jar:/home/user/.m2/repository/com/sun/xml/bind/jaxb-impl/2.3.0.1/jaxb-impl-2.3.0.1.jar:/home/user/.m2/repository/com/sun/xml/bind/jaxb-core/2.3.0.1/jaxb-core-2.3.0.1.jar:/home/user/.m2/repository/javax/xml/bind/jaxb-api/2.3.0/jaxb-api-2.3.0.jar:/home/user/.m2/repository/javax/activation/activation/1.1.1/activation-1.1.1.jar:/home/user/.m2/repository/org/apache/hadoop/hadoop-ozone-csi/0.4.1-SNAPSHOT/hadoop-ozone-csi-0.4.1-SNAPSHOT.jar:/home/user/.m2/repository/com/google/protobuf/protobuf-java-util/3.5.1/protobuf-java-util-3.5.1.jar:/home/user/.m2/repository/org/apache/hadoop/hadoop-hdds-config/0.4.1-SNAPSHOT/hadoop-hdds-config-0.4.1-SNAPSHOT.jar:/home/user/.m2/repository/io/grpc/grpc-netty/1.17.1/grpc-netty-1.17.1.jar:/home/user/.m2/repository/io/grpc/grpc-core/1.17.1/grpc-core-1.17.1.jar:/home/user/.m2/repository/io/grpc/grpc-context/1.17.1/grpc-context-1.17.1.jar:/home/user/.m2/repository/com/google/errorprone/error_prone_annotations/2.2.0/error_prone_annotations-2.2.0.jar:/home/user/.m2/repository/org/codehaus/mojo/animal-sniffer-annotations/1.17/animal-sniffer-annotations-1.17.jar:/home/user/.m2/repository/io/opencensus/opencensus-api/0.17.0/opencensus-api-0.17.0.jar:/home/user/.m2/repository/io/opencensus/opencensus-contrib-grpc-metrics/0.17.0/opencensus-contrib-grpc-metrics-0.17.0.jar:/home/user/.m2/repository/io/netty/netty-codec-http2/4.1.30.Final/netty-codec-http2-4.1.30.Final.jar:/home/user/.m2/repository/io/netty/netty-codec-http/4.1.30.Final/netty-codec-http-4.1.30.Final.jar:/home/user/.m2/repository/io/netty/netty-codec/4.1.30.Final/netty-codec-4.1.30.Final.jar:/home/user/.m2/repository/io/netty/netty-handler/4.1.30.Final/netty-handler-4.1.30.Final.jar:/home/user/.m2/repository/io/netty/netty-handler-proxy/4.1.30.Final/netty-handler-proxy-4.1.30.Final.jar:/home/user/.m2/repository/io/netty/netty-codec-socks/4.1.30.Final/netty-codec-socks-4.1.30.Final.jar:/home/user/.m2/repository/io/netty/netty-transport-native-epoll/4.1.30.Final/netty-transport-native-epoll-4.1.30.Final.jar:/home/user/.m2/repository/io/netty/netty-common/4.1.30.Final/netty-common-4.1.30.Final.jar:/home/user/.m2/repository/io/netty/netty-buffer/4.1.30.Final/netty-buffer-4.1.30.Final.jar:/home/user/.m2/repository/io/netty/netty-transport/4.1.30.Final/netty-transport-4.1.30.Final.jar:/home/user/.m2/repository/io/netty/netty-resolver/4.1.30.Final/netty-resolver-4.1.30.Final.jar:/home/user/.m2/repository/io/netty/netty-transport-native-unix-common/4.1.30.Final/netty-transport-native-unix-common-4.1.30.Final.jar:/home/user/.m2/repository/io/grpc/grpc-protobuf/1.17.1/grpc-protobuf-1.17.1.jar:/home/user/.m2/repository/com/google/api/grpc/proto-google-common-protos/1.0.0/proto-google-common-protos-1.0.0.jar:/home/user/.m2/repository/io/grpc/grpc-protobuf-lite/1.17.1/grpc-protobuf-lite-1.17.1.jar:/home/user/.m2/repository/io/grpc/grpc-stub/1.17.1/grpc-stub-1.17.1.jar:/home/user/.m2/repository/org/apache/hadoop/hadoop-ozone-recon/0.4.1-SNAPSHOT/hadoop-ozone-recon-0.4.1-SNAPSHOT.jar:/home/user/.m2/repository/org/apache/hadoop/hadoop-ozone-reconcodegen/0.4.1-SNAPSHOT/hadoop-ozone-reconcodegen-0.4.1-SNAPSHOT.jar:/home/user/.m2/repository/com/google/inject/extensions/guice-multibindings/4.0/guice-multibindings-4.0.jar:/home/user/.m2/repository/com/google/inject/guice/4.0/guice-4.0.jar:/home/user/.m2/repository/aopalliance/aopalliance/1.0/aopalliance-1.0.jar:/home/user/.m2/repository/com/google/inject/extensions/guice-servlet/4.0/guice-servlet-4.0.jar:/home/user/.m2/repository/org/glassfish/jersey/containers/jersey-container-servlet/2.27/jersey-container-servlet-2.27.jar:/home/user/.m2/repository/org/glassfish/hk2/guice-bridge/2.5.0/guice-bridge-2.5.0.jar:/home/user/.m2/repository/org/glassfish/jersey/core/jersey-server/2.27/jersey-server-2.27.jar:/home/user/.m2/repository/org/glassfish/jersey/core/jersey-client/2.27/jersey-client-2.27.jar:/home/user/.m2/repository/org/glassfish/jersey/media/jersey-media-jaxb/2.27/jersey-media-jaxb-2.27.jar:/home/user/.m2/repository/javax/validation/validation-api/1.1.0.Final/validation-api-1.1.0.Final.jar:/home/user/.m2/repository/org/glassfish/jersey/media/jersey-media-json-jackson/2.27/jersey-media-json-jackson-2.27.jar:/home/user/.m2/repository/org/glassfish/jersey/ext/jersey-entity-filtering/2.27/jersey-entity-filtering-2.27.jar:/home/user/.m2/repository/com/google/inject/extensions/guice-assistedinject/4.0/guice-assistedinject-4.0.jar:/home/user/.m2/repository/org/jooq/jooq/3.11.10/jooq-3.11.10.jar:/home/user/.m2/repository/org/jooq/jooq-meta/3.11.10/jooq-meta-3.11.10.jar:/home/user/.m2/repository/org/jooq/jooq-codegen/3.11.10/jooq-codegen-3.11.10.jar:/home/user/.m2/repository/com/jolbox/bonecp/0.8.0.RELEASE/bonecp-0.8.0.RELEASE.jar:/home/user/.m2/repository/org/xerial/sqlite-jdbc/3.25.2/sqlite-jdbc-3.25.2.jar:/home/user/.m2/repository/org/springframework/spring-jdbc/5.1.3.RELEASE/spring-jdbc-5.1.3.RELEASE.jar:/home/user/.m2/repository/org/springframework/spring-beans/5.1.3.RELEASE/spring-beans-5.1.3.RELEASE.jar:/home/user/.m2/repository/org/springframework/spring-core/5.1.3.RELEASE/spring-core-5.1.3.RELEASE.jar:/home/user/.m2/repository/org/springframework/spring-jcl/5.1.3.RELEASE/spring-jcl-5.1.3.RELEASE.jar:/home/user/.m2/repository/org/springframework/spring-tx/5.1.3.RELEASE/spring-tx-5.1.3.RELEASE.jar:/home/user/.m2/repository/org/apache/hadoop/hadoop-ozone-client/0.4.1-SNAPSHOT/hadoop-ozone-client-0.4.1-SNAPSHOT.jar:/home/user/.m2/repository/commons-lang/commons-lang/2.6/commons-lang-2.6.jar:/home/user/.m2/repository/org/apache/hadoop/hadoop-ozone-ozone-manager/0.4.1-SNAPSHOT/hadoop-ozone-ozone-manager-0.4.1-SNAPSHOT-tests.jar:/home/user/.m2/repository/junit/junit/4.11/junit-4.11.jar:/home/user/.m2/repository/org/hamcrest/hamcrest-core/1.3/hamcrest-core-1.3.jar:/home/user/.m2/repository/org/openjdk/jmh/jmh-core/1.19/jmh-core-1.19.jar:/home/user/.m2/repository/net/sf/jopt-simple/jopt-simple/4.6/jopt-simple-4.6.jar:/home/user/.m2/repository/org/apache/commons/commons-math3/3.1.1/commons-math3-3.1.1.jar:/home/user/.m2/repository/org/openjdk/jmh/jmh-generator-annprocess/1.19/jmh-generator-annprocess-1.19.jar:/home/user/.m2/repository/org/mockito/mockito-all/1.8.5/mockito-all-1.8.5.jar:/home/user/.m2/repository/org/apache/hadoop/hadoop-kms/3.2.0/hadoop-kms-3.2.0.jar:/home/user/.m2/repository/org/apache/hadoop/hadoop-auth/3.2.0/hadoop-auth-3.2.0.jar:/home/user/.m2/repository/com/nimbusds/nimbus-jose-jwt/4.41.1/nimbus-jose-jwt-4.41.1.jar:/home/user/.m2/repository/com/github/stephenc/jcip/jcip-annotations/1.0-1/jcip-annotations-1.0-1.jar:/home/user/.m2/repository/net/minidev/json-smart/2.3/json-smart-2.3.jar:/home/user/.m2/repository/net/minidev/accessors-smart/1.2/accessors-smart-1.2.jar:/home/user/.m2/repository/org/ow2/asm/asm/5.0.4/asm-5.0.4.jar:/home/user/.m2/repository/org/apache/curator/curator-framework/2.12.0/curator-framework-2.12.0.jar:/home/user/.m2/repository/com/sun/jersey/jersey-core/1.19/jersey-core-1.19.jar:/home/user/.m2/repository/javax/ws/rs/jsr311-api/1.1.1/jsr311-api-1.1.1.jar:/home/user/.m2/repository/com/sun/jersey/jersey-server/1.19/jersey-server-1.19.jar:/home/user/.m2/repository/javax/servlet/javax.servlet-api/3.1.0/javax.servlet-api-3.1.0.jar:/home/user/.m2/repository/org/eclipse/jetty/jetty-server/9.3.24.v20180605/jetty-server-9.3.24.v20180605.jar:/home/user/.m2/repository/org/eclipse/jetty/jetty-http/9.3.24.v20180605/jetty-http-9.3.24.v20180605.jar:/home/user/.m2/repository/org/eclipse/jetty/jetty-io/9.3.24.v20180605/jetty-io-9.3.24.v20180605.jar:/home/user/.m2/repository/org/eclipse/jetty/jetty-webapp/9.3.24.v20180605/jetty-webapp-9.3.24.v20180605.jar:/home/user/.m2/repository/org/eclipse/jetty/jetty-xml/9.3.24.v20180605/jetty-xml-9.3.24.v20180605.jar:/home/user/.m2/repository/log4j/log4j/1.2.17/log4j-1.2.17.jar:/home/user/.m2/repository/org/slf4j/slf4j-api/1.7.25/slf4j-api-1.7.25.jar:/home/user/.m2/repository/org/slf4j/jul-to-slf4j/1.7.25/jul-to-slf4j-1.7.25.jar:/home/user/.m2/repository/org/eclipse/jetty/jetty-util/9.3.24.v20180605/jetty-util-9.3.24.v20180605.jar:/home/user/.m2/repository/com/fasterxml/jackson/core/jackson-databind/2.9.5/jackson-databind-2.9.5.jar:/home/user/.m2/repository/org/apache/hadoop/hadoop-kms/3.2.0/hadoop-kms-3.2.0-tests.jar:/home/user/.m2/repository/org/apache/hadoop/hadoop-hdds-server-scm/0.4.1-SNAPSHOT/hadoop-hdds-server-scm-0.4.1-SNAPSHOT-tests.jar:/home/user/.m2/repository/org/apache/hadoop/hadoop-hdds-container-service/0.4.1-SNAPSHOT/hadoop-hdds-container-service-0.4.1-SNAPSHOT-tests.jar:/home/user/.m2/repository/org/yaml/snakeyaml/1.16/snakeyaml-1.16.jar:/home/user/.m2/repository/org/apache/hadoop/hadoop-common/3.2.0/hadoop-common-3.2.0-tests.jar:/home/user/.m2/repository/org/apache/hadoop/hadoop-annotations/3.2.0/hadoop-annotations-3.2.0.jar:/usr/lib/jvm/java-1.8-openjdk/jre/../lib/tools.jar:/home/user/.m2/repository/commons-cli/commons-cli/1.2/commons-cli-1.2.jar:/home/user/.m2/repository/org/apache/httpcomponents/httpclient/4.5.2/httpclient-4.5.2.jar:/home/user/.m2/repository/org/apache/httpcomponents/httpcore/4.4.4/httpcore-4.4.4.jar:/home/user/.m2/repository/commons-codec/commons-codec/1.11/commons-codec-1.11.jar:/home/user/.m2/repository/commons-net/commons-net/3.6/commons-net-3.6.jar:/home/user/.m2/repository/commons-collections/commons-collections/3.2.2/commons-collections-3.2.2.jar:/home/user/.m2/repository/org/eclipse/jetty/jetty-servlet/9.3.24.v20180605/jetty-servlet-9.3.24.v20180605.jar:/home/user/.m2/repository/org/eclipse/jetty/jetty-security/9.3.24.v20180605/jetty-security-9.3.24.v20180605.jar:/home/user/.m2/repository/javax/servlet/jsp/jsp-api/2.1/jsp-api-2.1.jar:/home/user/.m2/repository/com/sun/jersey/jersey-servlet/1.19/jersey-servlet-1.19.jar:/home/user/.m2/repository/com/sun/jersey/jersey-json/1.19/jersey-json-1.19.jar:/home/user/.m2/repository/org/codehaus/jettison/jettison/1.1/jettison-1.1.jar:/home/user/.m2/repository/org/codehaus/jackson/jackson-core-asl/1.9.13/jackson-core-asl-1.9.13.jar:/home/user/.m2/repository/org/codehaus/jackson/jackson-mapper-asl/1.9.13/jackson-mapper-asl-1.9.13.jar:/home/user/.m2/repository/org/codehaus/jackson/jackson-jaxrs/1.9.13/jackson-jaxrs-1.9.13.jar:/home/user/.m2/repository/org/codehaus/jackson/jackson-xc/1.9.13/jackson-xc-1.9.13.jar:/home/user/.m2/repository/commons-logging/commons-logging/1.1.3/commons-logging-1.1.3.jar:/home/user/.m2/repository/commons-beanutils/commons-beanutils/1.9.3/commons-beanutils-1.9.3.jar:/home/user/.m2/repository/org/apache/commons/commons-configuration2/2.1.1/commons-configuration2-2.1.1.jar:/home/user/.m2/repository/org/apache/commons/commons-lang3/3.7/commons-lang3-3.7.jar:/home/user/.m2/repository/org/apache/commons/commons-text/1.4/commons-text-1.4.jar:/home/user/.m2/repository/org/apache/avro/avro/1.7.7/avro-1.7.7.jar:/home/user/.m2/repository/com/thoughtworks/paranamer/paranamer/2.3/paranamer-2.3.jar:/home/user/.m2/repository/org/xerial/snappy/snappy-java/1.0.5/snappy-java-1.0.5.jar:/home/user/.m2/repository/com/google/re2j/re2j/1.1/re2j-1.1.jar:/home/user/.m2/repository/com/google/code/gson/gson/2.2.4/gson-2.2.4.jar:/home/user/.m2/repository/com/jcraft/jsch/0.1.54/jsch-0.1.54.jar:/home/user/.m2/repository/org/apache/curator/curator-client/2.12.0/curator-client-2.12.0.jar:/home/user/.m2/repository/org/apache/curator/curator-recipes/2.12.0/curator-recipes-2.12.0.jar:/home/user/.m2/repository/com/google/code/findbugs/jsr305/3.0.0/jsr305-3.0.0.jar:/home/user/.m2/repository/org/apache/htrace/htrace-core4/4.1.0-incubating/htrace-core4-4.1.0-incubating.jar:/home/user/.m2/repository/org/apache/zookeeper/zookeeper/3.4.13/zookeeper-3.4.13.jar:/home/user/.m2/repository/org/apache/yetus/audience-annotations/0.5.0/audience-annotations-0.5.0.jar:/home/user/.m2/repository/org/codehaus/woodstox/stax2-api/3.1.4/stax2-api-3.1.4.jar:/home/user/.m2/repository/com/fasterxml/woodstox/woodstox-core/5.0.3/woodstox-core-5.0.3.jar:/home/user/.m2/repository/dnsjava/dnsjava/2.1.7/dnsjava-2.1.7.jar:/home/user/.m2/repository/org/apache/hadoop/hadoop-hdfs/3.2.0/hadoop-hdfs-3.2.0-tests.jar:/home/user/.m2/repository/org/eclipse/jetty/jetty-util-ajax/9.3.24.v20180605/jetty-util-ajax-9.3.24.v20180605.jar:/home/user/.m2/repository/commons-daemon/commons-daemon/1.0.13/commons-daemon-1.0.13.jar:/home/user/.m2/repository/io/netty/netty/3.10.5.Final/netty-3.10.5.Final.jar:/home/user/.m2/repository/io/netty/netty-all/4.0.52.Final/netty-all-4.0.52.Final.jar:/home/user/.m2/repository/org/fusesource/leveldbjni/leveldbjni-all/1.8/leveldbjni-all-1.8.jar:"/>
    <property name="sun.cpu.endian" value="little"/>
    <property name="user.home" value="/home/user"/>
    <property name="user.language" value="en"/>
    <property name="java.specification.vendor" value="Oracle Corporation"/>
    <property name="java.home" value="/usr/lib/jvm/java-1.8-openjdk/jre"/>
    <property name="java.security.krb5.conf" value="/workdir/hadoop-ozone/integration-test/target/test-classes/krb5.conf"/>
    <property name="basedir" value="/workdir/hadoop-ozone/integration-test"/>
    <property name="file.separator" value="/"/>
    <property name="line.separator" value="&#10;"/>
    <property name="java.vm.specification.vendor" value="Oracle Corporation"/>
    <property name="java.specification.name" value="Java Platform API Specification"/>
    <property name="java.awt.graphicsenv" value="sun.awt.X11GraphicsEnvironment"/>
    <property name="surefire.real.class.path" value="/workdir/hadoop-ozone/integration-test/target/surefire/surefirebooter3707437163432146000.jar"/>
    <property name="hadoop.log.dir" value="/workdir/hadoop-ozone/integration-test/target/log"/>
    <property name="sun.boot.class.path" value="/usr/lib/jvm/java-1.8-openjdk/jre/lib/resources.jar:/usr/lib/jvm/java-1.8-openjdk/jre/lib/rt.jar:/usr/lib/jvm/java-1.8-openjdk/jre/lib/sunrsasign.jar:/usr/lib/jvm/java-1.8-openjdk/jre/lib/jsse.jar:/usr/lib/jvm/java-1.8-openjdk/jre/lib/jce.jar:/usr/lib/jvm/java-1.8-openjdk/jre/lib/charsets.jar:/usr/lib/jvm/java-1.8-openjdk/jre/lib/jfr.jar:/usr/lib/jvm/java-1.8-openjdk/jre/classes"/>
    <property name="sun.management.compiler" value="HotSpot 64-Bit Tiered Compilers"/>
    <property name="java.runtime.version" value="1.8.0_212-b04"/>
    <property name="java.net.preferIPv4Stack" value="true"/>
    <property name="user.name" value="jenkins1000"/>
    <property name="path.separator" value=":"/>
    <property name="java.security.egd" value="file:///dev/urandom"/>
    <property name="os.version" value="3.10.0-957.12.2.el7.x86_64"/>
    <property name="java.endorsed.dirs" value="/usr/lib/jvm/java-1.8-openjdk/jre/lib/endorsed"/>
    <property name="java.runtime.name" value="OpenJDK Runtime Environment"/>
    <property name="file.encoding" value="UTF-8"/>
    <property name="java.vm.name" value="OpenJDK 64-Bit Server VM"/>
    <property name="test.build.webapps" value=""/>
    <property name="localRepository" value="/home/user/.m2/repository"/>
    <property name="java.vendor.url.bug" value="https://icedtea.classpath.org/bugzilla"/>
    <property name="java.io.tmpdir" value="/tmp"/>
    <property name="require.test.libhadoop" value=""/>
    <property name="java.version" value="1.8.0_212"/>
    <property name="user.dir" value="/workdir/hadoop-ozone/integration-test"/>
    <property name="os.arch" value="amd64"/>
    <property name="java.vm.specification.name" value="Java Virtual Machine Specification"/>
    <property name="test.build.classes" value="/workdir/hadoop-ozone/integration-test/target/test-classes"/>
    <property name="java.awt.printerjob" value="sun.print.PSPrinterJob"/>
    <property name="sun.os.patch.level" value="unknown"/>
    <property name="hadoop.tmp.dir" value="/workdir/hadoop-ozone/integration-test/target/tmp"/>
    <property name="java.library.path" value="/usr/lib/jvm/java-1.8-openjdk/jre/lib/amd64/server:/usr/lib/jvm/java-1.8-openjdk/jre/lib/amd64:/usr/lib/jvm/java-1.8-openjdk/jre/../lib/amd64:/workdir/hadoop-ozone/integration-test/target/native/target/usr/local/lib:/workdir/hadoop-ozone/integration-test/../../hadoop-common-project/hadoop-common/target/native/target/usr/local/lib:/usr/java/packages/lib/amd64:/usr/lib64:/lib64:/lib:/usr/lib"/>
    <property name="java.vm.info" value="mixed mode"/>
    <property name="java.vendor" value="IcedTea"/>
    <property name="java.vm.version" value="25.212-b04"/>
    <property name="java.ext.dirs" value="/usr/lib/jvm/java-1.8-openjdk/jre/lib/ext:/usr/java/packages/lib/ext"/>
    <property name="sun.io.unicode.encoding" value="UnicodeLittle"/>
    <property name="java.class.version" value="52.0"/>
  </properties>
  <testcase name="testPipelineExclusionWithPipelineFailure" classname="org.apache.hadoop.ozone.client.rpc.TestFailureHandlingByClient" time="49.923"/>
  <testcase name="testContainerExclusionWithClosedContainerException" classname="org.apache.hadoop.ozone.client.rpc.TestFailureHandlingByClient" time="26.249"/>
  <testcase name="testWriteSmallFile" classname="org.apache.hadoop.ozone.client.rpc.TestFailureHandlingByClient" time="37.345"/>
  <testcase name="testMultiBlockWritesWithIntermittentDnFailures" classname="org.apache.hadoop.ozone.client.rpc.TestFailureHandlingByClient" time="16.145">
    <error message="Unexpected Storage Container Exception: org.apache.hadoop.hdds.scm.container.common.helpers.StorageContainerException: ContainerID 4 does not exist" type="java.io.IOException">java.io.IOException: Unexpected Storage Container Exception: org.apache.hadoop.hdds.scm.container.common.helpers.StorageContainerException: ContainerID 4 does not exist
	at org.apache.hadoop.hdds.scm.storage.BlockOutputStream.setIoException(BlockOutputStream.java:541)
	at org.apache.hadoop.hdds.scm.storage.BlockOutputStream.validateResponse(BlockOutputStream.java:532)
	at org.apache.hadoop.hdds.scm.storage.BlockOutputStream.lambda$writeChunkToContainer$2(BlockOutputStream.java:606)
	at java.util.concurrent.CompletableFuture.uniApply(CompletableFuture.java:602)
	at java.util.concurrent.CompletableFuture$UniApply.tryFire(CompletableFuture.java:577)
	at java.util.concurrent.CompletableFuture$Completion.run(CompletableFuture.java:442)
	at java.util.concurrent.ThreadPoolExecutor.runWorker(ThreadPoolExecutor.java:1149)
	at java.util.concurrent.ThreadPoolExecutor$Worker.run(ThreadPoolExecutor.java:624)
	at java.lang.Thread.run(Thread.java:748)
Caused by: org.apache.hadoop.hdds.scm.container.common.helpers.StorageContainerException: ContainerID 4 does not exist
	at org.apache.hadoop.hdds.scm.storage.ContainerProtocolCalls.validateContainerResponse(ContainerProtocolCalls.java:536)
	at org.apache.hadoop.hdds.scm.storage.BlockOutputStream.validateResponse(BlockOutputStream.java:529)
	... 7 more
</error>
    <system-out><![CDATA[2019-07-30 08:43:19,861 WARN  server.ServerUtils (ServerUtils.java:getScmDbDir(145)) - ozone.scm.db.dirs is not configured. We recommend adding this setting. Falling back to ozone.metadata.dirs instead.
2019-07-30 08:43:19,876 WARN  server.ServerUtils (ServerUtils.java:getScmDbDir(145)) - ozone.scm.db.dirs is not configured. We recommend adding this setting. Falling back to ozone.metadata.dirs instead.
2019-07-30 08:43:19,876 WARN  server.ServerUtils (ServerUtils.java:getScmDbDir(145)) - ozone.scm.db.dirs is not configured. We recommend adding this setting. Falling back to ozone.metadata.dirs instead.
2019-07-30 08:43:19,877 INFO  db.DBStoreBuilder (DBStoreBuilder.java:addTable(110)) - using custom profile for table: deletedBlocks
2019-07-30 08:43:19,877 INFO  db.DBStoreBuilder (DBStoreBuilder.java:processTables(161)) - Using default column profile:DBProfile.DISK for Table:deletedBlocks
2019-07-30 08:43:19,877 INFO  db.DBStoreBuilder (DBStoreBuilder.java:addTable(110)) - using custom profile for table: validCerts
2019-07-30 08:43:19,877 INFO  db.DBStoreBuilder (DBStoreBuilder.java:processTables(161)) - Using default column profile:DBProfile.DISK for Table:validCerts
2019-07-30 08:43:19,878 INFO  db.DBStoreBuilder (DBStoreBuilder.java:addTable(110)) - using custom profile for table: revokedCerts
2019-07-30 08:43:19,878 INFO  db.DBStoreBuilder (DBStoreBuilder.java:processTables(161)) - Using default column profile:DBProfile.DISK for Table:revokedCerts
2019-07-30 08:43:19,878 INFO  db.DBStoreBuilder (DBStoreBuilder.java:addTable(110)) - using custom profile for table: default
2019-07-30 08:43:19,878 INFO  db.DBStoreBuilder (DBStoreBuilder.java:processTables(167)) - Using default column profile:DBProfile.DISK for Table:default
2019-07-30 08:43:19,879 INFO  db.DBStoreBuilder (DBStoreBuilder.java:getDbProfile(198)) - Using default options. DBProfile.DISK
2019-07-30 08:43:20,060 INFO  net.NodeSchemaLoader (NodeSchemaLoader.java:loadSchemaFromFile(125)) - Loading file from sun.misc.CompoundEnumeration@3fa57aa8
2019-07-30 08:43:20,061 INFO  net.NodeSchemaLoader (NodeSchemaLoader.java:loadSchema(171)) - Loading network topology layer schema file
2019-07-30 08:43:20,067 INFO  node.SCMNodeManager (SCMNodeManager.java:<init>(121)) - Entering startup safe mode.
2019-07-30 08:43:20,068 WARN  server.ServerUtils (ServerUtils.java:getScmDbDir(145)) - ozone.scm.db.dirs is not configured. We recommend adding this setting. Falling back to ozone.metadata.dirs instead.
2019-07-30 08:43:20,118 INFO  pipeline.SCMPipelineManager (SCMPipelineManager.java:initializePipelineState(126)) - No pipeline exists in current db
2019-07-30 08:43:20,119 WARN  server.ServerUtils (ServerUtils.java:getScmDbDir(145)) - ozone.scm.db.dirs is not configured. We recommend adding this setting. Falling back to ozone.metadata.dirs instead.
2019-07-30 08:43:20,173 WARN  events.EventQueue (EventQueue.java:fireEvent(175)) - No event handler registered for event TypedEvent{payloadType=SafeModeStatus, name='SafeModeStatus'}
2019-07-30 08:43:20,174 INFO  ipc.CallQueueManager (CallQueueManager.java:<init>(84)) - Using callQueue: class java.util.concurrent.LinkedBlockingQueue, queueCapacity: 2000, scheduler: class org.apache.hadoop.ipc.DefaultRpcScheduler, ipcBackoff: false.
2019-07-30 08:43:20,176 INFO  ipc.Server (Server.java:run(1074)) - Starting Socket Reader #1 for port 46204
2019-07-30 08:43:20,178 INFO  ipc.CallQueueManager (CallQueueManager.java:<init>(84)) - Using callQueue: class java.util.concurrent.LinkedBlockingQueue, queueCapacity: 2000, scheduler: class org.apache.hadoop.ipc.DefaultRpcScheduler, ipcBackoff: false.
2019-07-30 08:43:20,179 INFO  ipc.Server (Server.java:run(1074)) - Starting Socket Reader #1 for port 38362
2019-07-30 08:43:20,180 INFO  ipc.CallQueueManager (CallQueueManager.java:<init>(84)) - Using callQueue: class java.util.concurrent.LinkedBlockingQueue, queueCapacity: 2000, scheduler: class org.apache.hadoop.ipc.DefaultRpcScheduler, ipcBackoff: false.
2019-07-30 08:43:20,181 INFO  ipc.Server (Server.java:run(1074)) - Starting Socket Reader #1 for port 42445
2019-07-30 08:43:20,185 INFO  hdfs.DFSUtil (DFSUtil.java:httpServerTemplateForNNAndJN(1641)) - Starting Web-server for scm at: http://0.0.0.0:0
2019-07-30 08:43:20,188 INFO  server.AuthenticationFilter (AuthenticationFilter.java:constructSecretProvider(240)) - Unable to initialize FileSignerSecretProvider, falling back to use random secrets.
2019-07-30 08:43:20,189 WARN  http.HttpRequestLog (HttpRequestLog.java:getRequestLog(97)) - Jetty request log can only be enabled using Log4j
2019-07-30 08:43:20,192 INFO  http.HttpServer2 (HttpServer2.java:addGlobalFilter(975)) - Added global filter 'safety' (class=org.apache.hadoop.http.HttpServer2$QuotingInputFilter)
2019-07-30 08:43:20,192 INFO  http.HttpServer2 (HttpServer2.java:addFilter(948)) - Added filter static_user_filter (class=org.apache.hadoop.http.lib.StaticUserWebFilter$StaticUserFilter) to context scm
2019-07-30 08:43:20,193 INFO  http.HttpServer2 (HttpServer2.java:addFilter(958)) - Added filter static_user_filter (class=org.apache.hadoop.http.lib.StaticUserWebFilter$StaticUserFilter) to context logs
2019-07-30 08:43:20,193 INFO  http.HttpServer2 (HttpServer2.java:addFilter(958)) - Added filter static_user_filter (class=org.apache.hadoop.http.lib.StaticUserWebFilter$StaticUserFilter) to context static
2019-07-30 08:43:20,196 INFO  server.StorageContainerManager (StorageContainerManager.java:start(758)) - StorageContainerLocationProtocol RPC server is listening at /0.0.0.0:42445
2019-07-30 08:43:20,198 WARN  impl.MetricsConfig (MetricsConfig.java:loadFirst(134)) - Cannot locate configuration: tried hadoop-metrics2-storagecontainermanager.properties,hadoop-metrics2.properties
2019-07-30 08:43:20,200 INFO  impl.MetricsSystemImpl (MetricsSystemImpl.java:startTimer(374)) - Scheduled Metric snapshot period at 10 second(s).
2019-07-30 08:43:20,200 INFO  impl.MetricsSystemImpl (MetricsSystemImpl.java:start(191)) - StorageContainerManager metrics system started
2019-07-30 08:43:20,270 INFO  server.SCMClientProtocolServer (SCMClientProtocolServer.java:start(151)) - RPC server for Client  is listening at /0.0.0.0:42445
2019-07-30 08:43:20,271 INFO  ipc.Server (Server.java:run(1314)) - IPC Server Responder: starting
2019-07-30 08:43:20,271 INFO  ipc.Server (Server.java:run(1153)) - IPC Server listener on 42445: starting
2019-07-30 08:43:20,275 INFO  server.StorageContainerManager (StorageContainerManager.java:start(768)) - ScmBlockLocationProtocol RPC server is listening at /0.0.0.0:38362
2019-07-30 08:43:20,276 INFO  server.SCMBlockProtocolServer (SCMBlockProtocolServer.java:start(140)) - RPC server for Block Protocol is listening at /0.0.0.0:38362
2019-07-30 08:43:20,276 INFO  ipc.Server (Server.java:run(1314)) - IPC Server Responder: starting
2019-07-30 08:43:20,276 INFO  ipc.Server (Server.java:run(1153)) - IPC Server listener on 38362: starting
2019-07-30 08:43:20,285 INFO  server.StorageContainerManager (StorageContainerManager.java:start(772)) - ScmDatanodeProtocl RPC server is listening at /0.0.0.0:46204
2019-07-30 08:43:20,285 INFO  server.SCMDatanodeProtocolServer (SCMDatanodeProtocolServer.java:start(191)) - RPC server for DataNodes is listening at /0.0.0.0:46204
2019-07-30 08:43:20,286 INFO  ipc.Server (Server.java:run(1314)) - IPC Server Responder: starting
2019-07-30 08:43:20,286 INFO  ipc.Server (Server.java:run(1153)) - IPC Server listener on 46204: starting
2019-07-30 08:43:20,291 INFO  http.HttpServer2 (HttpServer2.java:bindListener(1191)) - Jetty bound to port 42785
2019-07-30 08:43:20,291 INFO  server.Server (Server.java:doStart(351)) - jetty-9.3.24.v20180605, build timestamp: 2018-06-05T17:11:56Z, git hash: 84205aa28f11a4f31f2a3b86d1bba2cc8ab69827
2019-07-30 08:43:20,293 INFO  handler.ContextHandler (ContextHandler.java:doStart(781)) - Started o.e.j.s.ServletContextHandler@68a94e58{/logs,file:///workdir/hadoop-ozone/integration-test/target/log,AVAILABLE}
2019-07-30 08:43:20,294 INFO  handler.ContextHandler (ContextHandler.java:doStart(781)) - Started o.e.j.s.ServletContextHandler@4a49919c{/static,file:///workdir/hadoop-ozone/integration-test/target/test-classes/webapps/static,AVAILABLE}
2019-07-30 08:43:20,299 INFO  handler.ContextHandler (ContextHandler.java:doStart(781)) - Started o.e.j.w.WebAppContext@21d15932{/,file:///workdir/hadoop-ozone/integration-test/target/test-classes/webapps/scm/,AVAILABLE}{/scm}
2019-07-30 08:43:20,300 INFO  server.AbstractConnector (AbstractConnector.java:doStart(278)) - Started ServerConnector@3966c679{HTTP/1.1,[http/1.1]}{0.0.0.0:42785}
2019-07-30 08:43:20,301 INFO  server.Server (Server.java:doStart(419)) - Started @114359ms
2019-07-30 08:43:20,303 INFO  server.BaseHttpServer (BaseHttpServer.java:updateConnectorAddress(207)) - HTTP server of SCM is listening at http://0.0.0.0:42785
2019-07-30 08:43:20,304 WARN  server.ServerUtils (ServerUtils.java:getDBPath(222)) - ozone.om.db.dirs is not configured. We recommend adding this setting. Falling back to ozone.metadata.dirs instead.
2019-07-30 08:43:20,305 INFO  util.JvmPauseMonitor (JvmPauseMonitor.java:run(188)) - Starting JVM pause monitor
2019-07-30 08:43:20,318 WARN  server.ServerUtils (ServerUtils.java:getDBPath(222)) - ozone.om.db.dirs is not configured. We recommend adding this setting. Falling back to ozone.metadata.dirs instead.
2019-07-30 08:43:20,318 WARN  server.ServerUtils (ServerUtils.java:getDBPath(222)) - ozone.om.db.dirs is not configured. We recommend adding this setting. Falling back to ozone.metadata.dirs instead.
2019-07-30 08:43:20,318 INFO  om.OzoneManager (OzoneManager.java:setOMNodeDetails(644)) - OM Service ID is not set. Setting it to the default ID: omServiceIdDefault
2019-07-30 08:43:20,319 INFO  om.OzoneManager (OzoneManager.java:setOMNodeDetails(650)) - OM Node ID is not set. Setting it to the OmStorage's OmID: cdb58e4b-7b02-4be4-9472-1d1303ca9a91
2019-07-30 08:43:20,319 INFO  om.OzoneManager (OzoneManager.java:loadOMHAConfigs(601)) - Found matching OM address with OMServiceId: null, OMNodeId: null, RPC Address: localhost:0 and Ratis port: 9872
2019-07-30 08:43:20,325 WARN  server.ServerUtils (ServerUtils.java:getDBPath(222)) - ozone.om.db.dirs is not configured. We recommend adding this setting. Falling back to ozone.metadata.dirs instead.
2019-07-30 08:43:20,325 INFO  db.DBStoreBuilder (DBStoreBuilder.java:addTable(110)) - using custom profile for table: userTable
2019-07-30 08:43:20,325 INFO  db.DBStoreBuilder (DBStoreBuilder.java:processTables(161)) - Using default column profile:DBProfile.DISK for Table:userTable
2019-07-30 08:43:20,325 INFO  db.DBStoreBuilder (DBStoreBuilder.java:addTable(110)) - using custom profile for table: volumeTable
2019-07-30 08:43:20,326 INFO  db.DBStoreBuilder (DBStoreBuilder.java:processTables(161)) - Using default column profile:DBProfile.DISK for Table:volumeTable
2019-07-30 08:43:20,326 INFO  db.DBStoreBuilder (DBStoreBuilder.java:addTable(110)) - using custom profile for table: bucketTable
2019-07-30 08:43:20,326 INFO  db.DBStoreBuilder (DBStoreBuilder.java:processTables(161)) - Using default column profile:DBProfile.DISK for Table:bucketTable
2019-07-30 08:43:20,326 INFO  db.DBStoreBuilder (DBStoreBuilder.java:addTable(110)) - using custom profile for table: keyTable
2019-07-30 08:43:20,326 INFO  db.DBStoreBuilder (DBStoreBuilder.java:processTables(161)) - Using default column profile:DBProfile.DISK for Table:keyTable
2019-07-30 08:43:20,327 INFO  db.DBStoreBuilder (DBStoreBuilder.java:addTable(110)) - using custom profile for table: deletedTable
2019-07-30 08:43:20,327 INFO  db.DBStoreBuilder (DBStoreBuilder.java:processTables(161)) - Using default column profile:DBProfile.DISK for Table:deletedTable
2019-07-30 08:43:20,327 INFO  db.DBStoreBuilder (DBStoreBuilder.java:addTable(110)) - using custom profile for table: openKeyTable
2019-07-30 08:43:20,327 INFO  db.DBStoreBuilder (DBStoreBuilder.java:processTables(161)) - Using default column profile:DBProfile.DISK for Table:openKeyTable
2019-07-30 08:43:20,327 INFO  db.DBStoreBuilder (DBStoreBuilder.java:addTable(110)) - using custom profile for table: s3Table
2019-07-30 08:43:20,327 INFO  db.DBStoreBuilder (DBStoreBuilder.java:processTables(161)) - Using default column profile:DBProfile.DISK for Table:s3Table
2019-07-30 08:43:20,328 INFO  db.DBStoreBuilder (DBStoreBuilder.java:addTable(110)) - using custom profile for table: multipartInfoTable
2019-07-30 08:43:20,328 INFO  db.DBStoreBuilder (DBStoreBuilder.java:processTables(161)) - Using default column profile:DBProfile.DISK for Table:multipartInfoTable
2019-07-30 08:43:20,328 INFO  db.DBStoreBuilder (DBStoreBuilder.java:addTable(110)) - using custom profile for table: dTokenTable
2019-07-30 08:43:20,328 INFO  db.DBStoreBuilder (DBStoreBuilder.java:processTables(161)) - Using default column profile:DBProfile.DISK for Table:dTokenTable
2019-07-30 08:43:20,328 INFO  db.DBStoreBuilder (DBStoreBuilder.java:addTable(110)) - using custom profile for table: s3SecretTable
2019-07-30 08:43:20,329 INFO  db.DBStoreBuilder (DBStoreBuilder.java:processTables(161)) - Using default column profile:DBProfile.DISK for Table:s3SecretTable
2019-07-30 08:43:20,329 INFO  db.DBStoreBuilder (DBStoreBuilder.java:addTable(110)) - using custom profile for table: prefixTable
2019-07-30 08:43:20,329 INFO  db.DBStoreBuilder (DBStoreBuilder.java:processTables(161)) - Using default column profile:DBProfile.DISK for Table:prefixTable
2019-07-30 08:43:20,329 INFO  db.DBStoreBuilder (DBStoreBuilder.java:addTable(110)) - using custom profile for table: default
2019-07-30 08:43:20,329 INFO  db.DBStoreBuilder (DBStoreBuilder.java:processTables(167)) - Using default column profile:DBProfile.DISK for Table:default
2019-07-30 08:43:20,330 INFO  db.DBStoreBuilder (DBStoreBuilder.java:getDbProfile(198)) - Using default options. DBProfile.DISK
2019-07-30 08:43:20,824 INFO  ipc.CallQueueManager (CallQueueManager.java:<init>(84)) - Using callQueue: class java.util.concurrent.LinkedBlockingQueue, queueCapacity: 2000, scheduler: class org.apache.hadoop.ipc.DefaultRpcScheduler, ipcBackoff: false.
2019-07-30 08:43:20,825 INFO  ipc.Server (Server.java:run(1074)) - Starting Socket Reader #1 for port 34275
2019-07-30 08:43:20,839 INFO  om.OzoneManager (OzoneManager.java:start(1255)) - OzoneManager RPC server is listening at localhost/127.0.0.1:34275
2019-07-30 08:43:20,840 INFO  impl.MetricsSystemImpl (MetricsSystemImpl.java:init(158)) - OzoneManager metrics system started (again)
2019-07-30 08:43:20,844 INFO  ipc.Server (Server.java:run(1314)) - IPC Server Responder: starting
2019-07-30 08:43:20,844 INFO  ipc.Server (Server.java:run(1153)) - IPC Server listener on 34275: starting
2019-07-30 08:43:20,850 INFO  hdfs.DFSUtil (DFSUtil.java:httpServerTemplateForNNAndJN(1641)) - Starting Web-server for ozoneManager at: http://0.0.0.0:0
2019-07-30 08:43:20,853 INFO  server.AuthenticationFilter (AuthenticationFilter.java:constructSecretProvider(240)) - Unable to initialize FileSignerSecretProvider, falling back to use random secrets.
2019-07-30 08:43:20,853 WARN  http.HttpRequestLog (HttpRequestLog.java:getRequestLog(97)) - Jetty request log can only be enabled using Log4j
2019-07-30 08:43:20,856 INFO  http.HttpServer2 (HttpServer2.java:addGlobalFilter(975)) - Added global filter 'safety' (class=org.apache.hadoop.http.HttpServer2$QuotingInputFilter)
2019-07-30 08:43:20,856 INFO  http.HttpServer2 (HttpServer2.java:addFilter(948)) - Added filter static_user_filter (class=org.apache.hadoop.http.lib.StaticUserWebFilter$StaticUserFilter) to context ozoneManager
2019-07-30 08:43:20,857 INFO  http.HttpServer2 (HttpServer2.java:addFilter(958)) - Added filter static_user_filter (class=org.apache.hadoop.http.lib.StaticUserWebFilter$StaticUserFilter) to context logs
2019-07-30 08:43:20,857 INFO  http.HttpServer2 (HttpServer2.java:addFilter(958)) - Added filter static_user_filter (class=org.apache.hadoop.http.lib.StaticUserWebFilter$StaticUserFilter) to context static
2019-07-30 08:43:20,858 INFO  http.HttpServer2 (HttpServer2.java:bindListener(1191)) - Jetty bound to port 41873
2019-07-30 08:43:20,858 INFO  server.Server (Server.java:doStart(351)) - jetty-9.3.24.v20180605, build timestamp: 2018-06-05T17:11:56Z, git hash: 84205aa28f11a4f31f2a3b86d1bba2cc8ab69827
2019-07-30 08:43:20,861 INFO  handler.ContextHandler (ContextHandler.java:doStart(781)) - Started o.e.j.s.ServletContextHandler@71d78cac{/logs,file:///workdir/hadoop-ozone/integration-test/target/log,AVAILABLE}
2019-07-30 08:43:20,861 INFO  handler.ContextHandler (ContextHandler.java:doStart(781)) - Started o.e.j.s.ServletContextHandler@1842dc39{/static,file:///workdir/hadoop-ozone/integration-test/target/test-classes/webapps/static,AVAILABLE}
2019-07-30 08:43:20,867 INFO  handler.ContextHandler (ContextHandler.java:doStart(781)) - Started o.e.j.w.WebAppContext@6c1a63f7{/,file:///workdir/hadoop-ozone/integration-test/target/test-classes/webapps/ozoneManager/,AVAILABLE}{/ozoneManager}
2019-07-30 08:43:20,868 INFO  server.AbstractConnector (AbstractConnector.java:doStart(278)) - Started ServerConnector@5a9baba8{HTTP/1.1,[http/1.1]}{0.0.0.0:41873}
2019-07-30 08:43:20,869 INFO  server.Server (Server.java:doStart(419)) - Started @114928ms
2019-07-30 08:43:20,870 INFO  server.BaseHttpServer (BaseHttpServer.java:updateConnectorAddress(207)) - HTTP server of OZONEMANAGER is listening at http://0.0.0.0:41873
2019-07-30 08:43:20,887 INFO  impl.MetricsSystemImpl (MetricsSystemImpl.java:init(158)) - HddsDatanode metrics system started (again)
2019-07-30 08:43:20,891 INFO  ozone.HddsDatanodeService (HddsDatanodeService.java:start(184)) - HddsDatanodeService host:byscane-nightly-jdzkf-783033596 ip:192.168.69.91
2019-07-30 08:43:20,903 INFO  volume.HddsVolume (HddsVolume.java:<init>(176)) - Creating Volume: /workdir/hadoop-ozone/integration-test/target/test-dir/MiniOzoneClusterImpl-37ab3f54-b949-4c63-9065-e0d0887795fa/datanode-0/data/containers/hdds of  storage type : DISK and capacity : 52710309888
2019-07-30 08:43:20,903 INFO  volume.VolumeSet (VolumeSet.java:initializeVolumeSet(170)) - Added Volume : /workdir/hadoop-ozone/integration-test/target/test-dir/MiniOzoneClusterImpl-37ab3f54-b949-4c63-9065-e0d0887795fa/datanode-0/data/containers/hdds to VolumeSet
2019-07-30 08:43:20,904 INFO  volume.ThrottledAsyncChecker (ThrottledAsyncChecker.java:schedule(140)) - Scheduling a check for org.apache.hadoop.ozone.container.common.volume.HddsVolume@3361d286
2019-07-30 08:43:20,904 INFO  volume.HddsVolumeChecker (HddsVolumeChecker.java:checkAllVolumes(203)) - Scheduled health check for volume org.apache.hadoop.ozone.container.common.volume.HddsVolume@3361d286
2019-07-30 08:43:20,920 INFO  impl.RaftServerProxy (ConfUtils.java:logGet(43)) - raft.rpc.type = GRPC (default)
2019-07-30 08:43:20,921 INFO  grpc.GrpcFactory (GrpcFactory.java:checkPooledByteBufAllocatorUseCacheForAllThreads(45)) - PERFORMANCE WARNING: useCacheForAllThreads is true that may cause Netty to create a lot garbage objects and, as a result, trigger GC.
	It is recommended to disable useCacheForAllThreads by setting -Dorg.apache.ratis.thirdparty.io.netty.allocator.useCacheForAllThreads=false in command line.
2019-07-30 08:43:20,921 INFO  grpc.GrpcConfigKeys$Server (ConfUtils.java:logGet(43)) - raft.grpc.server.port = 0 (default)
2019-07-30 08:43:20,921 INFO  server.GrpcService (ConfUtils.java:logGet(43)) - raft.grpc.message.size.max = 33570816 (custom)
2019-07-30 08:43:20,921 INFO  server.RaftServerConfigKeys (ConfUtils.java:logGet(43)) - raft.server.log.appender.buffer.byte-limit = 33554432 (custom)
2019-07-30 08:43:20,922 INFO  server.GrpcService (ConfUtils.java:logGet(43)) - raft.grpc.flow.control.window = 1MB (=1048576) (default)
2019-07-30 08:43:20,922 INFO  server.RaftServerConfigKeys (ConfUtils.java:logGet(43)) - raft.server.rpc.request.timeout = 3000ms (default)
2019-07-30 08:43:20,923 INFO  server.RaftServerConfigKeys (ConfUtils.java:logGet(43)) - raft.server.storage.dir = [/workdir/hadoop-ozone/integration-test/target/test-dir/MiniOzoneClusterImpl-37ab3f54-b949-4c63-9065-e0d0887795fa/datanode-0/data/ratis] (custom)
2019-07-30 08:43:20,923 INFO  replication.SimpleContainerDownloader (SimpleContainerDownloader.java:<init>(72)) - Starting container downloader service to copy containers to replicate.
2019-07-30 08:43:20,924 INFO  hdfs.DFSUtil (DFSUtil.java:httpServerTemplateForNNAndJN(1641)) - Starting Web-server for hddsDatanode at: http://0.0.0.0:0
2019-07-30 08:43:20,926 INFO  server.AuthenticationFilter (AuthenticationFilter.java:constructSecretProvider(240)) - Unable to initialize FileSignerSecretProvider, falling back to use random secrets.
2019-07-30 08:43:20,926 WARN  http.HttpRequestLog (HttpRequestLog.java:getRequestLog(97)) - Jetty request log can only be enabled using Log4j
2019-07-30 08:43:20,928 INFO  http.HttpServer2 (HttpServer2.java:addGlobalFilter(975)) - Added global filter 'safety' (class=org.apache.hadoop.http.HttpServer2$QuotingInputFilter)
2019-07-30 08:43:20,928 INFO  http.HttpServer2 (HttpServer2.java:addFilter(948)) - Added filter static_user_filter (class=org.apache.hadoop.http.lib.StaticUserWebFilter$StaticUserFilter) to context hddsDatanode
2019-07-30 08:43:20,928 INFO  http.HttpServer2 (HttpServer2.java:addFilter(958)) - Added filter static_user_filter (class=org.apache.hadoop.http.lib.StaticUserWebFilter$StaticUserFilter) to context logs
2019-07-30 08:43:20,928 INFO  http.HttpServer2 (HttpServer2.java:addFilter(958)) - Added filter static_user_filter (class=org.apache.hadoop.http.lib.StaticUserWebFilter$StaticUserFilter) to context static
2019-07-30 08:43:20,929 INFO  http.HttpServer2 (HttpServer2.java:bindListener(1191)) - Jetty bound to port 44360
2019-07-30 08:43:20,929 INFO  server.Server (Server.java:doStart(351)) - jetty-9.3.24.v20180605, build timestamp: 2018-06-05T17:11:56Z, git hash: 84205aa28f11a4f31f2a3b86d1bba2cc8ab69827
2019-07-30 08:43:20,931 INFO  handler.ContextHandler (ContextHandler.java:doStart(781)) - Started o.e.j.s.ServletContextHandler@4ac0d49{/logs,file:///workdir/hadoop-ozone/integration-test/target/log,AVAILABLE}
2019-07-30 08:43:20,932 INFO  handler.ContextHandler (ContextHandler.java:doStart(781)) - Started o.e.j.s.ServletContextHandler@7ce4498f{/static,jar:file:/home/user/.m2/repository/org/apache/hadoop/hadoop-hdds-container-service/0.4.1-SNAPSHOT/hadoop-hdds-container-service-0.4.1-SNAPSHOT.jar!/webapps/static,AVAILABLE}
2019-07-30 08:43:20,964 INFO  handler.ContextHandler (ContextHandler.java:doStart(781)) - Started o.e.j.w.WebAppContext@5e198c40{/,file:///tmp/jetty-0.0.0.0-44360-hddsDatanode-_-any-2915338256913163809.dir/webapp/,AVAILABLE}{/hddsDatanode}
2019-07-30 08:43:20,964 INFO  server.AbstractConnector (AbstractConnector.java:doStart(278)) - Started ServerConnector@dcdb883{HTTP/1.1,[http/1.1]}{0.0.0.0:44360}
2019-07-30 08:43:20,965 INFO  server.Server (Server.java:doStart(419)) - Started @115024ms
2019-07-30 08:43:20,966 INFO  server.BaseHttpServer (BaseHttpServer.java:updateConnectorAddress(207)) - HTTP server of HDDSDATANODE is listening at http://0.0.0.0:44360
2019-07-30 08:43:21,079 INFO  ozone.HddsDatanodeService (HddsDatanodeService.java:startPlugins(395)) - Started plug-in org.apache.hadoop.ozone.web.OzoneHddsDatanodeService@18a38bba
2019-07-30 08:43:21,080 INFO  impl.MetricsSystemImpl (MetricsSystemImpl.java:init(158)) - HddsDatanode metrics system started (again)
2019-07-30 08:43:21,083 INFO  util.JvmPauseMonitor (JvmPauseMonitor.java:run(188)) - Starting JVM pause monitor
2019-07-30 08:43:21,083 INFO  ozone.HddsDatanodeService (HddsDatanodeService.java:start(184)) - HddsDatanodeService host:byscane-nightly-jdzkf-783033596 ip:192.168.69.91
2019-07-30 08:43:21,085 INFO  datanode.InitDatanodeState (InitDatanodeState.java:persistContainerDatanodeDetails(140)) - DatanodeDetails is persisted to /workdir/hadoop-ozone/integration-test/target/test-dir/MiniOzoneClusterImpl-37ab3f54-b949-4c63-9065-e0d0887795fa/datanode-0/meta/datanode.id
2019-07-30 08:43:21,093 INFO  volume.HddsVolume (HddsVolume.java:<init>(176)) - Creating Volume: /workdir/hadoop-ozone/integration-test/target/test-dir/MiniOzoneClusterImpl-37ab3f54-b949-4c63-9065-e0d0887795fa/datanode-1/data/containers/hdds of  storage type : DISK and capacity : 52710309888
2019-07-30 08:43:21,093 INFO  volume.VolumeSet (VolumeSet.java:initializeVolumeSet(170)) - Added Volume : /workdir/hadoop-ozone/integration-test/target/test-dir/MiniOzoneClusterImpl-37ab3f54-b949-4c63-9065-e0d0887795fa/datanode-1/data/containers/hdds to VolumeSet
2019-07-30 08:43:21,094 INFO  volume.ThrottledAsyncChecker (ThrottledAsyncChecker.java:schedule(140)) - Scheduling a check for org.apache.hadoop.ozone.container.common.volume.HddsVolume@1d3e5a05
2019-07-30 08:43:21,094 INFO  volume.HddsVolumeChecker (HddsVolumeChecker.java:checkAllVolumes(203)) - Scheduled health check for volume org.apache.hadoop.ozone.container.common.volume.HddsVolume@1d3e5a05
2019-07-30 08:43:21,113 INFO  impl.RaftServerProxy (ConfUtils.java:logGet(43)) - raft.rpc.type = GRPC (default)
2019-07-30 08:43:21,113 INFO  grpc.GrpcFactory (GrpcFactory.java:checkPooledByteBufAllocatorUseCacheForAllThreads(45)) - PERFORMANCE WARNING: useCacheForAllThreads is true that may cause Netty to create a lot garbage objects and, as a result, trigger GC.
	It is recommended to disable useCacheForAllThreads by setting -Dorg.apache.ratis.thirdparty.io.netty.allocator.useCacheForAllThreads=false in command line.
2019-07-30 08:43:21,113 INFO  grpc.GrpcConfigKeys$Server (ConfUtils.java:logGet(43)) - raft.grpc.server.port = 0 (default)
2019-07-30 08:43:21,114 INFO  server.GrpcService (ConfUtils.java:logGet(43)) - raft.grpc.message.size.max = 33570816 (custom)
2019-07-30 08:43:21,114 INFO  server.RaftServerConfigKeys (ConfUtils.java:logGet(43)) - raft.server.log.appender.buffer.byte-limit = 33554432 (custom)
2019-07-30 08:43:21,114 INFO  server.GrpcService (ConfUtils.java:logGet(43)) - raft.grpc.flow.control.window = 1MB (=1048576) (default)
2019-07-30 08:43:21,115 INFO  server.RaftServerConfigKeys (ConfUtils.java:logGet(43)) - raft.server.rpc.request.timeout = 3000ms (default)
2019-07-30 08:43:21,115 INFO  server.RaftServerConfigKeys (ConfUtils.java:logGet(43)) - raft.server.storage.dir = [/workdir/hadoop-ozone/integration-test/target/test-dir/MiniOzoneClusterImpl-37ab3f54-b949-4c63-9065-e0d0887795fa/datanode-1/data/ratis] (custom)
2019-07-30 08:43:21,116 INFO  replication.SimpleContainerDownloader (SimpleContainerDownloader.java:<init>(72)) - Starting container downloader service to copy containers to replicate.
2019-07-30 08:43:21,117 INFO  hdfs.DFSUtil (DFSUtil.java:httpServerTemplateForNNAndJN(1641)) - Starting Web-server for hddsDatanode at: http://0.0.0.0:0
2019-07-30 08:43:21,119 INFO  server.AuthenticationFilter (AuthenticationFilter.java:constructSecretProvider(240)) - Unable to initialize FileSignerSecretProvider, falling back to use random secrets.
2019-07-30 08:43:21,119 WARN  http.HttpRequestLog (HttpRequestLog.java:getRequestLog(97)) - Jetty request log can only be enabled using Log4j
2019-07-30 08:43:21,122 INFO  http.HttpServer2 (HttpServer2.java:addGlobalFilter(975)) - Added global filter 'safety' (class=org.apache.hadoop.http.HttpServer2$QuotingInputFilter)
2019-07-30 08:43:21,122 INFO  http.HttpServer2 (HttpServer2.java:addFilter(948)) - Added filter static_user_filter (class=org.apache.hadoop.http.lib.StaticUserWebFilter$StaticUserFilter) to context hddsDatanode
2019-07-30 08:43:21,123 INFO  http.HttpServer2 (HttpServer2.java:addFilter(958)) - Added filter static_user_filter (class=org.apache.hadoop.http.lib.StaticUserWebFilter$StaticUserFilter) to context static
2019-07-30 08:43:21,123 INFO  http.HttpServer2 (HttpServer2.java:addFilter(958)) - Added filter static_user_filter (class=org.apache.hadoop.http.lib.StaticUserWebFilter$StaticUserFilter) to context logs
2019-07-30 08:43:21,124 INFO  http.HttpServer2 (HttpServer2.java:bindListener(1191)) - Jetty bound to port 39552
2019-07-30 08:43:21,124 INFO  server.Server (Server.java:doStart(351)) - jetty-9.3.24.v20180605, build timestamp: 2018-06-05T17:11:56Z, git hash: 84205aa28f11a4f31f2a3b86d1bba2cc8ab69827
2019-07-30 08:43:21,126 INFO  handler.ContextHandler (ContextHandler.java:doStart(781)) - Started o.e.j.s.ServletContextHandler@61648dd2{/logs,file:///workdir/hadoop-ozone/integration-test/target/log,AVAILABLE}
2019-07-30 08:43:21,127 INFO  handler.ContextHandler (ContextHandler.java:doStart(781)) - Started o.e.j.s.ServletContextHandler@5e5d40ec{/static,jar:file:/home/user/.m2/repository/org/apache/hadoop/hadoop-hdds-container-service/0.4.1-SNAPSHOT/hadoop-hdds-container-service-0.4.1-SNAPSHOT.jar!/webapps/static,AVAILABLE}
2019-07-30 08:43:21,171 INFO  handler.ContextHandler (ContextHandler.java:doStart(781)) - Started o.e.j.w.WebAppContext@1ff23bd1{/,file:///tmp/jetty-0.0.0.0-39552-hddsDatanode-_-any-2980145041276311951.dir/webapp/,AVAILABLE}{/hddsDatanode}
2019-07-30 08:43:21,171 INFO  server.AbstractConnector (AbstractConnector.java:doStart(278)) - Started ServerConnector@62f305bc{HTTP/1.1,[http/1.1]}{0.0.0.0:39552}
2019-07-30 08:43:21,173 INFO  server.Server (Server.java:doStart(419)) - Started @115231ms
2019-07-30 08:43:21,174 INFO  server.BaseHttpServer (BaseHttpServer.java:updateConnectorAddress(207)) - HTTP server of HDDSDATANODE is listening at http://0.0.0.0:39552
2019-07-30 08:43:21,294 INFO  ozone.HddsDatanodeService (HddsDatanodeService.java:startPlugins(395)) - Started plug-in org.apache.hadoop.ozone.web.OzoneHddsDatanodeService@6b2efcae
2019-07-30 08:43:21,295 INFO  impl.MetricsSystemImpl (MetricsSystemImpl.java:init(158)) - HddsDatanode metrics system started (again)
2019-07-30 08:43:21,298 INFO  util.JvmPauseMonitor (JvmPauseMonitor.java:run(188)) - Starting JVM pause monitor
2019-07-30 08:43:21,298 INFO  ozone.HddsDatanodeService (HddsDatanodeService.java:start(184)) - HddsDatanodeService host:byscane-nightly-jdzkf-783033596 ip:192.168.69.91
2019-07-30 08:43:21,299 INFO  datanode.InitDatanodeState (InitDatanodeState.java:persistContainerDatanodeDetails(140)) - DatanodeDetails is persisted to /workdir/hadoop-ozone/integration-test/target/test-dir/MiniOzoneClusterImpl-37ab3f54-b949-4c63-9065-e0d0887795fa/datanode-1/meta/datanode.id
2019-07-30 08:43:21,307 INFO  volume.HddsVolume (HddsVolume.java:<init>(176)) - Creating Volume: /workdir/hadoop-ozone/integration-test/target/test-dir/MiniOzoneClusterImpl-37ab3f54-b949-4c63-9065-e0d0887795fa/datanode-2/data/containers/hdds of  storage type : DISK and capacity : 52710309888
2019-07-30 08:43:21,307 INFO  volume.VolumeSet (VolumeSet.java:initializeVolumeSet(170)) - Added Volume : /workdir/hadoop-ozone/integration-test/target/test-dir/MiniOzoneClusterImpl-37ab3f54-b949-4c63-9065-e0d0887795fa/datanode-2/data/containers/hdds to VolumeSet
2019-07-30 08:43:21,307 INFO  volume.ThrottledAsyncChecker (ThrottledAsyncChecker.java:schedule(140)) - Scheduling a check for org.apache.hadoop.ozone.container.common.volume.HddsVolume@3673e211
2019-07-30 08:43:21,308 INFO  volume.HddsVolumeChecker (HddsVolumeChecker.java:checkAllVolumes(203)) - Scheduled health check for volume org.apache.hadoop.ozone.container.common.volume.HddsVolume@3673e211
2019-07-30 08:43:21,321 INFO  impl.RaftServerProxy (ConfUtils.java:logGet(43)) - raft.rpc.type = GRPC (default)
2019-07-30 08:43:21,321 INFO  grpc.GrpcFactory (GrpcFactory.java:checkPooledByteBufAllocatorUseCacheForAllThreads(45)) - PERFORMANCE WARNING: useCacheForAllThreads is true that may cause Netty to create a lot garbage objects and, as a result, trigger GC.
	It is recommended to disable useCacheForAllThreads by setting -Dorg.apache.ratis.thirdparty.io.netty.allocator.useCacheForAllThreads=false in command line.
2019-07-30 08:43:21,321 INFO  grpc.GrpcConfigKeys$Server (ConfUtils.java:logGet(43)) - raft.grpc.server.port = 0 (default)
2019-07-30 08:43:21,322 INFO  server.GrpcService (ConfUtils.java:logGet(43)) - raft.grpc.message.size.max = 33570816 (custom)
2019-07-30 08:43:21,322 INFO  server.RaftServerConfigKeys (ConfUtils.java:logGet(43)) - raft.server.log.appender.buffer.byte-limit = 33554432 (custom)
2019-07-30 08:43:21,322 INFO  server.GrpcService (ConfUtils.java:logGet(43)) - raft.grpc.flow.control.window = 1MB (=1048576) (default)
2019-07-30 08:43:21,322 INFO  server.RaftServerConfigKeys (ConfUtils.java:logGet(43)) - raft.server.rpc.request.timeout = 3000ms (default)
2019-07-30 08:43:21,323 INFO  server.RaftServerConfigKeys (ConfUtils.java:logGet(43)) - raft.server.storage.dir = [/workdir/hadoop-ozone/integration-test/target/test-dir/MiniOzoneClusterImpl-37ab3f54-b949-4c63-9065-e0d0887795fa/datanode-2/data/ratis] (custom)
2019-07-30 08:43:21,323 INFO  replication.SimpleContainerDownloader (SimpleContainerDownloader.java:<init>(72)) - Starting container downloader service to copy containers to replicate.
2019-07-30 08:43:21,324 INFO  hdfs.DFSUtil (DFSUtil.java:httpServerTemplateForNNAndJN(1641)) - Starting Web-server for hddsDatanode at: http://0.0.0.0:0
2019-07-30 08:43:21,325 INFO  server.AuthenticationFilter (AuthenticationFilter.java:constructSecretProvider(240)) - Unable to initialize FileSignerSecretProvider, falling back to use random secrets.
2019-07-30 08:43:21,326 WARN  http.HttpRequestLog (HttpRequestLog.java:getRequestLog(97)) - Jetty request log can only be enabled using Log4j
2019-07-30 08:43:21,327 INFO  http.HttpServer2 (HttpServer2.java:addGlobalFilter(975)) - Added global filter 'safety' (class=org.apache.hadoop.http.HttpServer2$QuotingInputFilter)
2019-07-30 08:43:21,327 INFO  http.HttpServer2 (HttpServer2.java:addFilter(948)) - Added filter static_user_filter (class=org.apache.hadoop.http.lib.StaticUserWebFilter$StaticUserFilter) to context hddsDatanode
2019-07-30 08:43:21,327 INFO  http.HttpServer2 (HttpServer2.java:addFilter(958)) - Added filter static_user_filter (class=org.apache.hadoop.http.lib.StaticUserWebFilter$StaticUserFilter) to context static
2019-07-30 08:43:21,327 INFO  http.HttpServer2 (HttpServer2.java:addFilter(958)) - Added filter static_user_filter (class=org.apache.hadoop.http.lib.StaticUserWebFilter$StaticUserFilter) to context logs
2019-07-30 08:43:21,328 INFO  http.HttpServer2 (HttpServer2.java:bindListener(1191)) - Jetty bound to port 43043
2019-07-30 08:43:21,328 INFO  server.Server (Server.java:doStart(351)) - jetty-9.3.24.v20180605, build timestamp: 2018-06-05T17:11:56Z, git hash: 84205aa28f11a4f31f2a3b86d1bba2cc8ab69827
2019-07-30 08:43:21,330 INFO  handler.ContextHandler (ContextHandler.java:doStart(781)) - Started o.e.j.s.ServletContextHandler@20e41f13{/logs,file:///workdir/hadoop-ozone/integration-test/target/log,AVAILABLE}
2019-07-30 08:43:21,330 INFO  handler.ContextHandler (ContextHandler.java:doStart(781)) - Started o.e.j.s.ServletContextHandler@3fa50a24{/static,jar:file:/home/user/.m2/repository/org/apache/hadoop/hadoop-hdds-container-service/0.4.1-SNAPSHOT/hadoop-hdds-container-service-0.4.1-SNAPSHOT.jar!/webapps/static,AVAILABLE}
2019-07-30 08:43:21,357 INFO  handler.ContextHandler (ContextHandler.java:doStart(781)) - Started o.e.j.w.WebAppContext@42150951{/,file:///tmp/jetty-0.0.0.0-43043-hddsDatanode-_-any-568890979197697207.dir/webapp/,AVAILABLE}{/hddsDatanode}
2019-07-30 08:43:21,357 INFO  server.AbstractConnector (AbstractConnector.java:doStart(278)) - Started ServerConnector@248b2091{HTTP/1.1,[http/1.1]}{0.0.0.0:43043}
2019-07-30 08:43:21,358 INFO  server.Server (Server.java:doStart(419)) - Started @115417ms
2019-07-30 08:43:21,359 INFO  server.BaseHttpServer (BaseHttpServer.java:updateConnectorAddress(207)) - HTTP server of HDDSDATANODE is listening at http://0.0.0.0:43043
2019-07-30 08:43:21,461 INFO  ozone.HddsDatanodeService (HddsDatanodeService.java:startPlugins(395)) - Started plug-in org.apache.hadoop.ozone.web.OzoneHddsDatanodeService@440d2d64
2019-07-30 08:43:21,461 INFO  impl.MetricsSystemImpl (MetricsSystemImpl.java:init(158)) - HddsDatanode metrics system started (again)
2019-07-30 08:43:21,464 INFO  ozone.HddsDatanodeService (HddsDatanodeService.java:start(184)) - HddsDatanodeService host:byscane-nightly-jdzkf-783033596 ip:192.168.69.91
2019-07-30 08:43:21,464 INFO  util.JvmPauseMonitor (JvmPauseMonitor.java:run(188)) - Starting JVM pause monitor
2019-07-30 08:43:21,466 INFO  datanode.InitDatanodeState (InitDatanodeState.java:persistContainerDatanodeDetails(140)) - DatanodeDetails is persisted to /workdir/hadoop-ozone/integration-test/target/test-dir/MiniOzoneClusterImpl-37ab3f54-b949-4c63-9065-e0d0887795fa/datanode-2/meta/datanode.id
2019-07-30 08:43:21,473 INFO  volume.HddsVolume (HddsVolume.java:<init>(176)) - Creating Volume: /workdir/hadoop-ozone/integration-test/target/test-dir/MiniOzoneClusterImpl-37ab3f54-b949-4c63-9065-e0d0887795fa/datanode-3/data/containers/hdds of  storage type : DISK and capacity : 52710309888
2019-07-30 08:43:21,474 INFO  volume.VolumeSet (VolumeSet.java:initializeVolumeSet(170)) - Added Volume : /workdir/hadoop-ozone/integration-test/target/test-dir/MiniOzoneClusterImpl-37ab3f54-b949-4c63-9065-e0d0887795fa/datanode-3/data/containers/hdds to VolumeSet
2019-07-30 08:43:21,474 INFO  volume.ThrottledAsyncChecker (ThrottledAsyncChecker.java:schedule(140)) - Scheduling a check for org.apache.hadoop.ozone.container.common.volume.HddsVolume@1a6a4595
2019-07-30 08:43:21,474 INFO  volume.HddsVolumeChecker (HddsVolumeChecker.java:checkAllVolumes(203)) - Scheduled health check for volume org.apache.hadoop.ozone.container.common.volume.HddsVolume@1a6a4595
2019-07-30 08:43:21,489 INFO  impl.RaftServerProxy (ConfUtils.java:logGet(43)) - raft.rpc.type = GRPC (default)
2019-07-30 08:43:21,489 INFO  grpc.GrpcFactory (GrpcFactory.java:checkPooledByteBufAllocatorUseCacheForAllThreads(45)) - PERFORMANCE WARNING: useCacheForAllThreads is true that may cause Netty to create a lot garbage objects and, as a result, trigger GC.
	It is recommended to disable useCacheForAllThreads by setting -Dorg.apache.ratis.thirdparty.io.netty.allocator.useCacheForAllThreads=false in command line.
2019-07-30 08:43:21,489 INFO  grpc.GrpcConfigKeys$Server (ConfUtils.java:logGet(43)) - raft.grpc.server.port = 0 (default)
2019-07-30 08:43:21,489 INFO  server.GrpcService (ConfUtils.java:logGet(43)) - raft.grpc.message.size.max = 33570816 (custom)
2019-07-30 08:43:21,489 INFO  server.RaftServerConfigKeys (ConfUtils.java:logGet(43)) - raft.server.log.appender.buffer.byte-limit = 33554432 (custom)
2019-07-30 08:43:21,490 INFO  server.GrpcService (ConfUtils.java:logGet(43)) - raft.grpc.flow.control.window = 1MB (=1048576) (default)
2019-07-30 08:43:21,490 INFO  server.RaftServerConfigKeys (ConfUtils.java:logGet(43)) - raft.server.rpc.request.timeout = 3000ms (default)
2019-07-30 08:43:21,490 INFO  server.RaftServerConfigKeys (ConfUtils.java:logGet(43)) - raft.server.storage.dir = [/workdir/hadoop-ozone/integration-test/target/test-dir/MiniOzoneClusterImpl-37ab3f54-b949-4c63-9065-e0d0887795fa/datanode-3/data/ratis] (custom)
2019-07-30 08:43:21,491 INFO  replication.SimpleContainerDownloader (SimpleContainerDownloader.java:<init>(72)) - Starting container downloader service to copy containers to replicate.
2019-07-30 08:43:21,492 INFO  hdfs.DFSUtil (DFSUtil.java:httpServerTemplateForNNAndJN(1641)) - Starting Web-server for hddsDatanode at: http://0.0.0.0:0
2019-07-30 08:43:21,493 INFO  server.AuthenticationFilter (AuthenticationFilter.java:constructSecretProvider(240)) - Unable to initialize FileSignerSecretProvider, falling back to use random secrets.
2019-07-30 08:43:21,493 WARN  http.HttpRequestLog (HttpRequestLog.java:getRequestLog(97)) - Jetty request log can only be enabled using Log4j
2019-07-30 08:43:21,494 INFO  http.HttpServer2 (HttpServer2.java:addGlobalFilter(975)) - Added global filter 'safety' (class=org.apache.hadoop.http.HttpServer2$QuotingInputFilter)
2019-07-30 08:43:21,495 INFO  http.HttpServer2 (HttpServer2.java:addFilter(948)) - Added filter static_user_filter (class=org.apache.hadoop.http.lib.StaticUserWebFilter$StaticUserFilter) to context hddsDatanode
2019-07-30 08:43:21,495 INFO  http.HttpServer2 (HttpServer2.java:addFilter(958)) - Added filter static_user_filter (class=org.apache.hadoop.http.lib.StaticUserWebFilter$StaticUserFilter) to context logs
2019-07-30 08:43:21,495 INFO  http.HttpServer2 (HttpServer2.java:addFilter(958)) - Added filter static_user_filter (class=org.apache.hadoop.http.lib.StaticUserWebFilter$StaticUserFilter) to context static
2019-07-30 08:43:21,496 INFO  http.HttpServer2 (HttpServer2.java:bindListener(1191)) - Jetty bound to port 38826
2019-07-30 08:43:21,496 INFO  server.Server (Server.java:doStart(351)) - jetty-9.3.24.v20180605, build timestamp: 2018-06-05T17:11:56Z, git hash: 84205aa28f11a4f31f2a3b86d1bba2cc8ab69827
2019-07-30 08:43:21,498 INFO  handler.ContextHandler (ContextHandler.java:doStart(781)) - Started o.e.j.s.ServletContextHandler@5d035ab6{/logs,file:///workdir/hadoop-ozone/integration-test/target/log,AVAILABLE}
2019-07-30 08:43:21,498 INFO  handler.ContextHandler (ContextHandler.java:doStart(781)) - Started o.e.j.s.ServletContextHandler@63af52a6{/static,jar:file:/home/user/.m2/repository/org/apache/hadoop/hadoop-hdds-container-service/0.4.1-SNAPSHOT/hadoop-hdds-container-service-0.4.1-SNAPSHOT.jar!/webapps/static,AVAILABLE}
2019-07-30 08:43:21,525 INFO  handler.ContextHandler (ContextHandler.java:doStart(781)) - Started o.e.j.w.WebAppContext@2fe2fcc2{/,file:///tmp/jetty-0.0.0.0-38826-hddsDatanode-_-any-5244606830161117506.dir/webapp/,AVAILABLE}{/hddsDatanode}
2019-07-30 08:43:21,526 INFO  server.AbstractConnector (AbstractConnector.java:doStart(278)) - Started ServerConnector@69926b6e{HTTP/1.1,[http/1.1]}{0.0.0.0:38826}
2019-07-30 08:43:21,527 INFO  server.Server (Server.java:doStart(419)) - Started @115585ms
2019-07-30 08:43:21,528 INFO  server.BaseHttpServer (BaseHttpServer.java:updateConnectorAddress(207)) - HTTP server of HDDSDATANODE is listening at http://0.0.0.0:38826
2019-07-30 08:43:21,628 INFO  ozone.HddsDatanodeService (HddsDatanodeService.java:startPlugins(395)) - Started plug-in org.apache.hadoop.ozone.web.OzoneHddsDatanodeService@5b2ade46
2019-07-30 08:43:21,629 INFO  impl.MetricsSystemImpl (MetricsSystemImpl.java:init(158)) - HddsDatanode metrics system started (again)
2019-07-30 08:43:21,632 INFO  ozone.HddsDatanodeService (HddsDatanodeService.java:start(184)) - HddsDatanodeService host:byscane-nightly-jdzkf-783033596 ip:192.168.69.91
2019-07-30 08:43:21,632 INFO  util.JvmPauseMonitor (JvmPauseMonitor.java:run(188)) - Starting JVM pause monitor
2019-07-30 08:43:21,634 INFO  datanode.InitDatanodeState (InitDatanodeState.java:persistContainerDatanodeDetails(140)) - DatanodeDetails is persisted to /workdir/hadoop-ozone/integration-test/target/test-dir/MiniOzoneClusterImpl-37ab3f54-b949-4c63-9065-e0d0887795fa/datanode-3/meta/datanode.id
2019-07-30 08:43:21,641 INFO  volume.HddsVolume (HddsVolume.java:<init>(176)) - Creating Volume: /workdir/hadoop-ozone/integration-test/target/test-dir/MiniOzoneClusterImpl-37ab3f54-b949-4c63-9065-e0d0887795fa/datanode-4/data/containers/hdds of  storage type : DISK and capacity : 52710309888
2019-07-30 08:43:21,642 INFO  volume.VolumeSet (VolumeSet.java:initializeVolumeSet(170)) - Added Volume : /workdir/hadoop-ozone/integration-test/target/test-dir/MiniOzoneClusterImpl-37ab3f54-b949-4c63-9065-e0d0887795fa/datanode-4/data/containers/hdds to VolumeSet
2019-07-30 08:43:21,642 INFO  volume.ThrottledAsyncChecker (ThrottledAsyncChecker.java:schedule(140)) - Scheduling a check for org.apache.hadoop.ozone.container.common.volume.HddsVolume@12aa2cca
2019-07-30 08:43:21,642 INFO  volume.HddsVolumeChecker (HddsVolumeChecker.java:checkAllVolumes(203)) - Scheduled health check for volume org.apache.hadoop.ozone.container.common.volume.HddsVolume@12aa2cca
2019-07-30 08:43:21,659 INFO  impl.RaftServerProxy (ConfUtils.java:logGet(43)) - raft.rpc.type = GRPC (default)
2019-07-30 08:43:21,659 INFO  grpc.GrpcFactory (GrpcFactory.java:checkPooledByteBufAllocatorUseCacheForAllThreads(45)) - PERFORMANCE WARNING: useCacheForAllThreads is true that may cause Netty to create a lot garbage objects and, as a result, trigger GC.
	It is recommended to disable useCacheForAllThreads by setting -Dorg.apache.ratis.thirdparty.io.netty.allocator.useCacheForAllThreads=false in command line.
2019-07-30 08:43:21,659 INFO  grpc.GrpcConfigKeys$Server (ConfUtils.java:logGet(43)) - raft.grpc.server.port = 0 (default)
2019-07-30 08:43:21,660 INFO  server.GrpcService (ConfUtils.java:logGet(43)) - raft.grpc.message.size.max = 33570816 (custom)
2019-07-30 08:43:21,660 INFO  server.RaftServerConfigKeys (ConfUtils.java:logGet(43)) - raft.server.log.appender.buffer.byte-limit = 33554432 (custom)
2019-07-30 08:43:21,660 INFO  server.GrpcService (ConfUtils.java:logGet(43)) - raft.grpc.flow.control.window = 1MB (=1048576) (default)
2019-07-30 08:43:21,660 INFO  server.RaftServerConfigKeys (ConfUtils.java:logGet(43)) - raft.server.rpc.request.timeout = 3000ms (default)
2019-07-30 08:43:21,661 INFO  server.RaftServerConfigKeys (ConfUtils.java:logGet(43)) - raft.server.storage.dir = [/workdir/hadoop-ozone/integration-test/target/test-dir/MiniOzoneClusterImpl-37ab3f54-b949-4c63-9065-e0d0887795fa/datanode-4/data/ratis] (custom)
2019-07-30 08:43:21,661 INFO  replication.SimpleContainerDownloader (SimpleContainerDownloader.java:<init>(72)) - Starting container downloader service to copy containers to replicate.
2019-07-30 08:43:21,662 INFO  hdfs.DFSUtil (DFSUtil.java:httpServerTemplateForNNAndJN(1641)) - Starting Web-server for hddsDatanode at: http://0.0.0.0:0
2019-07-30 08:43:21,663 INFO  server.AuthenticationFilter (AuthenticationFilter.java:constructSecretProvider(240)) - Unable to initialize FileSignerSecretProvider, falling back to use random secrets.
2019-07-30 08:43:21,664 WARN  http.HttpRequestLog (HttpRequestLog.java:getRequestLog(97)) - Jetty request log can only be enabled using Log4j
2019-07-30 08:43:21,665 INFO  http.HttpServer2 (HttpServer2.java:addGlobalFilter(975)) - Added global filter 'safety' (class=org.apache.hadoop.http.HttpServer2$QuotingInputFilter)
2019-07-30 08:43:21,665 INFO  http.HttpServer2 (HttpServer2.java:addFilter(948)) - Added filter static_user_filter (class=org.apache.hadoop.http.lib.StaticUserWebFilter$StaticUserFilter) to context hddsDatanode
2019-07-30 08:43:21,665 INFO  http.HttpServer2 (HttpServer2.java:addFilter(958)) - Added filter static_user_filter (class=org.apache.hadoop.http.lib.StaticUserWebFilter$StaticUserFilter) to context static
2019-07-30 08:43:21,665 INFO  http.HttpServer2 (HttpServer2.java:addFilter(958)) - Added filter static_user_filter (class=org.apache.hadoop.http.lib.StaticUserWebFilter$StaticUserFilter) to context logs
2019-07-30 08:43:21,666 INFO  http.HttpServer2 (HttpServer2.java:bindListener(1191)) - Jetty bound to port 43327
2019-07-30 08:43:21,666 INFO  server.Server (Server.java:doStart(351)) - jetty-9.3.24.v20180605, build timestamp: 2018-06-05T17:11:56Z, git hash: 84205aa28f11a4f31f2a3b86d1bba2cc8ab69827
2019-07-30 08:43:21,668 INFO  handler.ContextHandler (ContextHandler.java:doStart(781)) - Started o.e.j.s.ServletContextHandler@75c3584e{/logs,file:///workdir/hadoop-ozone/integration-test/target/log,AVAILABLE}
2019-07-30 08:43:21,668 INFO  handler.ContextHandler (ContextHandler.java:doStart(781)) - Started o.e.j.s.ServletContextHandler@1e0c898c{/static,jar:file:/home/user/.m2/repository/org/apache/hadoop/hadoop-hdds-container-service/0.4.1-SNAPSHOT/hadoop-hdds-container-service-0.4.1-SNAPSHOT.jar!/webapps/static,AVAILABLE}
2019-07-30 08:43:21,694 INFO  handler.ContextHandler (ContextHandler.java:doStart(781)) - Started o.e.j.w.WebAppContext@7c751692{/,file:///tmp/jetty-0.0.0.0-43327-hddsDatanode-_-any-4718188401204065269.dir/webapp/,AVAILABLE}{/hddsDatanode}
2019-07-30 08:43:21,694 INFO  server.AbstractConnector (AbstractConnector.java:doStart(278)) - Started ServerConnector@2569afda{HTTP/1.1,[http/1.1]}{0.0.0.0:43327}
2019-07-30 08:43:21,696 INFO  server.Server (Server.java:doStart(419)) - Started @115754ms
2019-07-30 08:43:21,696 INFO  server.BaseHttpServer (BaseHttpServer.java:updateConnectorAddress(207)) - HTTP server of HDDSDATANODE is listening at http://0.0.0.0:43327
2019-07-30 08:43:21,819 INFO  ozone.HddsDatanodeService (HddsDatanodeService.java:startPlugins(395)) - Started plug-in org.apache.hadoop.ozone.web.OzoneHddsDatanodeService@4f629aa4
2019-07-30 08:43:21,819 INFO  impl.MetricsSystemImpl (MetricsSystemImpl.java:init(158)) - HddsDatanode metrics system started (again)
2019-07-30 08:43:21,824 INFO  util.JvmPauseMonitor (JvmPauseMonitor.java:run(188)) - Starting JVM pause monitor
2019-07-30 08:43:21,824 INFO  ozone.HddsDatanodeService (HddsDatanodeService.java:start(184)) - HddsDatanodeService host:byscane-nightly-jdzkf-783033596 ip:192.168.69.91
2019-07-30 08:43:21,825 INFO  datanode.InitDatanodeState (InitDatanodeState.java:persistContainerDatanodeDetails(140)) - DatanodeDetails is persisted to /workdir/hadoop-ozone/integration-test/target/test-dir/MiniOzoneClusterImpl-37ab3f54-b949-4c63-9065-e0d0887795fa/datanode-4/meta/datanode.id
2019-07-30 08:43:21,834 INFO  volume.HddsVolume (HddsVolume.java:<init>(176)) - Creating Volume: /workdir/hadoop-ozone/integration-test/target/test-dir/MiniOzoneClusterImpl-37ab3f54-b949-4c63-9065-e0d0887795fa/datanode-5/data/containers/hdds of  storage type : DISK and capacity : 52710309888
2019-07-30 08:43:21,834 INFO  volume.VolumeSet (VolumeSet.java:initializeVolumeSet(170)) - Added Volume : /workdir/hadoop-ozone/integration-test/target/test-dir/MiniOzoneClusterImpl-37ab3f54-b949-4c63-9065-e0d0887795fa/datanode-5/data/containers/hdds to VolumeSet
2019-07-30 08:43:21,835 INFO  volume.ThrottledAsyncChecker (ThrottledAsyncChecker.java:schedule(140)) - Scheduling a check for org.apache.hadoop.ozone.container.common.volume.HddsVolume@493250cf
2019-07-30 08:43:21,835 INFO  volume.HddsVolumeChecker (HddsVolumeChecker.java:checkAllVolumes(203)) - Scheduled health check for volume org.apache.hadoop.ozone.container.common.volume.HddsVolume@493250cf
2019-07-30 08:43:21,854 INFO  impl.RaftServerProxy (ConfUtils.java:logGet(43)) - raft.rpc.type = GRPC (default)
2019-07-30 08:43:21,854 INFO  grpc.GrpcFactory (GrpcFactory.java:checkPooledByteBufAllocatorUseCacheForAllThreads(45)) - PERFORMANCE WARNING: useCacheForAllThreads is true that may cause Netty to create a lot garbage objects and, as a result, trigger GC.
	It is recommended to disable useCacheForAllThreads by setting -Dorg.apache.ratis.thirdparty.io.netty.allocator.useCacheForAllThreads=false in command line.
2019-07-30 08:43:21,854 INFO  grpc.GrpcConfigKeys$Server (ConfUtils.java:logGet(43)) - raft.grpc.server.port = 0 (default)
2019-07-30 08:43:21,854 INFO  server.GrpcService (ConfUtils.java:logGet(43)) - raft.grpc.message.size.max = 33570816 (custom)
2019-07-30 08:43:21,855 INFO  server.RaftServerConfigKeys (ConfUtils.java:logGet(43)) - raft.server.log.appender.buffer.byte-limit = 33554432 (custom)
2019-07-30 08:43:21,855 INFO  server.GrpcService (ConfUtils.java:logGet(43)) - raft.grpc.flow.control.window = 1MB (=1048576) (default)
2019-07-30 08:43:21,855 INFO  server.RaftServerConfigKeys (ConfUtils.java:logGet(43)) - raft.server.rpc.request.timeout = 3000ms (default)
2019-07-30 08:43:21,855 INFO  server.RaftServerConfigKeys (ConfUtils.java:logGet(43)) - raft.server.storage.dir = [/workdir/hadoop-ozone/integration-test/target/test-dir/MiniOzoneClusterImpl-37ab3f54-b949-4c63-9065-e0d0887795fa/datanode-5/data/ratis] (custom)
2019-07-30 08:43:21,856 INFO  replication.SimpleContainerDownloader (SimpleContainerDownloader.java:<init>(72)) - Starting container downloader service to copy containers to replicate.
2019-07-30 08:43:21,857 INFO  hdfs.DFSUtil (DFSUtil.java:httpServerTemplateForNNAndJN(1641)) - Starting Web-server for hddsDatanode at: http://0.0.0.0:0
2019-07-30 08:43:21,859 INFO  server.AuthenticationFilter (AuthenticationFilter.java:constructSecretProvider(240)) - Unable to initialize FileSignerSecretProvider, falling back to use random secrets.
2019-07-30 08:43:21,859 WARN  http.HttpRequestLog (HttpRequestLog.java:getRequestLog(97)) - Jetty request log can only be enabled using Log4j
2019-07-30 08:43:21,861 INFO  http.HttpServer2 (HttpServer2.java:addGlobalFilter(975)) - Added global filter 'safety' (class=org.apache.hadoop.http.HttpServer2$QuotingInputFilter)
2019-07-30 08:43:21,862 INFO  http.HttpServer2 (HttpServer2.java:addFilter(948)) - Added filter static_user_filter (class=org.apache.hadoop.http.lib.StaticUserWebFilter$StaticUserFilter) to context hddsDatanode
2019-07-30 08:43:21,862 INFO  http.HttpServer2 (HttpServer2.java:addFilter(958)) - Added filter static_user_filter (class=org.apache.hadoop.http.lib.StaticUserWebFilter$StaticUserFilter) to context logs
2019-07-30 08:43:21,862 INFO  http.HttpServer2 (HttpServer2.java:addFilter(958)) - Added filter static_user_filter (class=org.apache.hadoop.http.lib.StaticUserWebFilter$StaticUserFilter) to context static
2019-07-30 08:43:21,863 INFO  http.HttpServer2 (HttpServer2.java:bindListener(1191)) - Jetty bound to port 46218
2019-07-30 08:43:21,864 INFO  server.Server (Server.java:doStart(351)) - jetty-9.3.24.v20180605, build timestamp: 2018-06-05T17:11:56Z, git hash: 84205aa28f11a4f31f2a3b86d1bba2cc8ab69827
2019-07-30 08:43:21,866 INFO  handler.ContextHandler (ContextHandler.java:doStart(781)) - Started o.e.j.s.ServletContextHandler@52b32622{/logs,file:///workdir/hadoop-ozone/integration-test/target/log,AVAILABLE}
2019-07-30 08:43:21,867 INFO  handler.ContextHandler (ContextHandler.java:doStart(781)) - Started o.e.j.s.ServletContextHandler@7e27b77a{/static,jar:file:/home/user/.m2/repository/org/apache/hadoop/hadoop-hdds-container-service/0.4.1-SNAPSHOT/hadoop-hdds-container-service-0.4.1-SNAPSHOT.jar!/webapps/static,AVAILABLE}
2019-07-30 08:43:21,909 INFO  handler.ContextHandler (ContextHandler.java:doStart(781)) - Started o.e.j.w.WebAppContext@64d1f549{/,file:///tmp/jetty-0.0.0.0-46218-hddsDatanode-_-any-5964788772429659823.dir/webapp/,AVAILABLE}{/hddsDatanode}
2019-07-30 08:43:21,910 INFO  server.AbstractConnector (AbstractConnector.java:doStart(278)) - Started ServerConnector@1fb61db4{HTTP/1.1,[http/1.1]}{0.0.0.0:46218}
2019-07-30 08:43:21,911 INFO  server.Server (Server.java:doStart(419)) - Started @115970ms
2019-07-30 08:43:21,912 INFO  server.BaseHttpServer (BaseHttpServer.java:updateConnectorAddress(207)) - HTTP server of HDDSDATANODE is listening at http://0.0.0.0:46218
2019-07-30 08:43:22,027 INFO  ozone.HddsDatanodeService (HddsDatanodeService.java:startPlugins(395)) - Started plug-in org.apache.hadoop.ozone.web.OzoneHddsDatanodeService@447a557b
2019-07-30 08:43:22,028 INFO  ozone.MiniOzoneClusterImpl (MiniOzoneClusterImpl.java:lambda$waitForClusterToBeReady$0(142)) - Waiting for cluster to be ready. Got 0 of 6 DN Heartbeats.
2019-07-30 08:43:22,029 INFO  util.JvmPauseMonitor (JvmPauseMonitor.java:run(188)) - Starting JVM pause monitor
2019-07-30 08:43:22,031 INFO  datanode.InitDatanodeState (InitDatanodeState.java:persistContainerDatanodeDetails(140)) - DatanodeDetails is persisted to /workdir/hadoop-ozone/integration-test/target/test-dir/MiniOzoneClusterImpl-37ab3f54-b949-4c63-9065-e0d0887795fa/datanode-5/meta/datanode.id
2019-07-30 08:43:23,028 INFO  ozone.MiniOzoneClusterImpl (MiniOzoneClusterImpl.java:lambda$waitForClusterToBeReady$0(142)) - Waiting for cluster to be ready. Got 0 of 6 DN Heartbeats.
2019-07-30 08:43:23,119 INFO  ozoneimpl.OzoneContainer (OzoneContainer.java:start(186)) - Attempting to start container services.
2019-07-30 08:43:23,119 INFO  ozoneimpl.OzoneContainer (OzoneContainer.java:startContainerScrub(160)) - Background container scrubber has been disabled by hdds.containerscrub.enabled
2019-07-30 08:43:23,120 INFO  ratis.XceiverServerRatis (XceiverServerRatis.java:start(404)) - Starting XceiverServerRatis d4d0ce07-1c1a-43a5-a001-b8f876e6336e at port 0
2019-07-30 08:43:23,127 INFO  impl.RaftServerProxy (RaftServerProxy.java:lambda$start$3(299)) - d4d0ce07-1c1a-43a5-a001-b8f876e6336e: start RPC server
2019-07-30 08:43:23,129 INFO  server.GrpcService (GrpcService.java:startImpl(149)) - d4d0ce07-1c1a-43a5-a001-b8f876e6336e: GrpcService started, listening on 0.0.0.0/0.0.0.0:37426
2019-07-30 08:43:23,129 INFO  ratis.XceiverServerRatis (XceiverServerRatis.java:start(414)) - XceiverServerRatis d4d0ce07-1c1a-43a5-a001-b8f876e6336e is started using port 37426
2019-07-30 08:43:23,129 INFO  server.XceiverServerGrpc (XceiverServerGrpc.java:start(161)) - XceiverServerGrpc d4d0ce07-1c1a-43a5-a001-b8f876e6336e is started using port 32967
2019-07-30 08:43:23,325 INFO  ozoneimpl.OzoneContainer (OzoneContainer.java:start(186)) - Attempting to start container services.
2019-07-30 08:43:23,325 INFO  ozoneimpl.OzoneContainer (OzoneContainer.java:startContainerScrub(160)) - Background container scrubber has been disabled by hdds.containerscrub.enabled
2019-07-30 08:43:23,326 INFO  ratis.XceiverServerRatis (XceiverServerRatis.java:start(404)) - Starting XceiverServerRatis 4d1f0788-cf21-4d87-a7e1-4c729fada3a8 at port 0
2019-07-30 08:43:23,333 INFO  impl.RaftServerProxy (RaftServerProxy.java:lambda$start$3(299)) - 4d1f0788-cf21-4d87-a7e1-4c729fada3a8: start RPC server
2019-07-30 08:43:23,334 INFO  server.GrpcService (GrpcService.java:startImpl(149)) - 4d1f0788-cf21-4d87-a7e1-4c729fada3a8: GrpcService started, listening on 0.0.0.0/0.0.0.0:36998
2019-07-30 08:43:23,334 INFO  ratis.XceiverServerRatis (XceiverServerRatis.java:start(414)) - XceiverServerRatis 4d1f0788-cf21-4d87-a7e1-4c729fada3a8 is started using port 36998
2019-07-30 08:43:23,335 INFO  server.XceiverServerGrpc (XceiverServerGrpc.java:start(161)) - XceiverServerGrpc 4d1f0788-cf21-4d87-a7e1-4c729fada3a8 is started using port 45073
2019-07-30 08:43:23,492 INFO  ozoneimpl.OzoneContainer (OzoneContainer.java:start(186)) - Attempting to start container services.
2019-07-30 08:43:23,492 INFO  ozoneimpl.OzoneContainer (OzoneContainer.java:startContainerScrub(160)) - Background container scrubber has been disabled by hdds.containerscrub.enabled
2019-07-30 08:43:23,492 INFO  ratis.XceiverServerRatis (XceiverServerRatis.java:start(404)) - Starting XceiverServerRatis 6dae1f3a-ee3a-4447-95fb-1633d0b2174b at port 0
2019-07-30 08:43:23,500 INFO  impl.RaftServerProxy (RaftServerProxy.java:lambda$start$3(299)) - 6dae1f3a-ee3a-4447-95fb-1633d0b2174b: start RPC server
2019-07-30 08:43:23,507 INFO  server.GrpcService (GrpcService.java:startImpl(149)) - 6dae1f3a-ee3a-4447-95fb-1633d0b2174b: GrpcService started, listening on 0.0.0.0/0.0.0.0:43493
2019-07-30 08:43:23,507 INFO  ratis.XceiverServerRatis (XceiverServerRatis.java:start(414)) - XceiverServerRatis 6dae1f3a-ee3a-4447-95fb-1633d0b2174b is started using port 43493
2019-07-30 08:43:23,508 INFO  server.XceiverServerGrpc (XceiverServerGrpc.java:start(161)) - XceiverServerGrpc 6dae1f3a-ee3a-4447-95fb-1633d0b2174b is started using port 40930
2019-07-30 08:43:23,647 INFO  ozoneimpl.OzoneContainer (OzoneContainer.java:start(186)) - Attempting to start container services.
2019-07-30 08:43:23,647 INFO  ozoneimpl.OzoneContainer (OzoneContainer.java:startContainerScrub(160)) - Background container scrubber has been disabled by hdds.containerscrub.enabled
2019-07-30 08:43:23,647 INFO  ratis.XceiverServerRatis (XceiverServerRatis.java:start(404)) - Starting XceiverServerRatis 9949de46-2340-4824-9bca-2c199f70f5b1 at port 0
2019-07-30 08:43:23,655 INFO  impl.RaftServerProxy (RaftServerProxy.java:lambda$start$3(299)) - 9949de46-2340-4824-9bca-2c199f70f5b1: start RPC server
2019-07-30 08:43:23,658 INFO  server.GrpcService (GrpcService.java:startImpl(149)) - 9949de46-2340-4824-9bca-2c199f70f5b1: GrpcService started, listening on 0.0.0.0/0.0.0.0:42616
2019-07-30 08:43:23,658 INFO  ratis.XceiverServerRatis (XceiverServerRatis.java:start(414)) - XceiverServerRatis 9949de46-2340-4824-9bca-2c199f70f5b1 is started using port 42616
2019-07-30 08:43:23,684 INFO  server.XceiverServerGrpc (XceiverServerGrpc.java:start(161)) - XceiverServerGrpc 9949de46-2340-4824-9bca-2c199f70f5b1 is started using port 44015
2019-07-30 08:43:23,841 INFO  ozoneimpl.OzoneContainer (OzoneContainer.java:start(186)) - Attempting to start container services.
2019-07-30 08:43:23,841 INFO  ozoneimpl.OzoneContainer (OzoneContainer.java:startContainerScrub(160)) - Background container scrubber has been disabled by hdds.containerscrub.enabled
2019-07-30 08:43:23,841 INFO  ratis.XceiverServerRatis (XceiverServerRatis.java:start(404)) - Starting XceiverServerRatis 67551cb6-ae93-47a6-a4d5-a37ca7905861 at port 0
2019-07-30 08:43:23,852 INFO  impl.RaftServerProxy (RaftServerProxy.java:lambda$start$3(299)) - 67551cb6-ae93-47a6-a4d5-a37ca7905861: start RPC server
2019-07-30 08:43:23,856 INFO  server.GrpcService (GrpcService.java:startImpl(149)) - 67551cb6-ae93-47a6-a4d5-a37ca7905861: GrpcService started, listening on 0.0.0.0/0.0.0.0:37449
2019-07-30 08:43:23,856 INFO  ratis.XceiverServerRatis (XceiverServerRatis.java:start(414)) - XceiverServerRatis 67551cb6-ae93-47a6-a4d5-a37ca7905861 is started using port 37449
2019-07-30 08:43:23,859 INFO  server.XceiverServerGrpc (XceiverServerGrpc.java:start(161)) - XceiverServerGrpc 67551cb6-ae93-47a6-a4d5-a37ca7905861 is started using port 39023
2019-07-30 08:43:24,029 INFO  ozone.MiniOzoneClusterImpl (MiniOzoneClusterImpl.java:lambda$waitForClusterToBeReady$0(142)) - Waiting for cluster to be ready. Got 0 of 6 DN Heartbeats.
2019-07-30 08:43:24,056 INFO  ozoneimpl.OzoneContainer (OzoneContainer.java:start(186)) - Attempting to start container services.
2019-07-30 08:43:24,056 INFO  ozoneimpl.OzoneContainer (OzoneContainer.java:startContainerScrub(160)) - Background container scrubber has been disabled by hdds.containerscrub.enabled
2019-07-30 08:43:24,056 INFO  ratis.XceiverServerRatis (XceiverServerRatis.java:start(404)) - Starting XceiverServerRatis 98862409-14f4-495d-a9f4-b4e71118c9a2 at port 0
2019-07-30 08:43:24,067 INFO  impl.RaftServerProxy (RaftServerProxy.java:lambda$start$3(299)) - 98862409-14f4-495d-a9f4-b4e71118c9a2: start RPC server
2019-07-30 08:43:24,068 INFO  server.GrpcService (GrpcService.java:startImpl(149)) - 98862409-14f4-495d-a9f4-b4e71118c9a2: GrpcService started, listening on 0.0.0.0/0.0.0.0:38254
2019-07-30 08:43:24,068 INFO  ratis.XceiverServerRatis (XceiverServerRatis.java:start(414)) - XceiverServerRatis 98862409-14f4-495d-a9f4-b4e71118c9a2 is started using port 38254
2019-07-30 08:43:24,069 INFO  server.XceiverServerGrpc (XceiverServerGrpc.java:start(161)) - XceiverServerGrpc 98862409-14f4-495d-a9f4-b4e71118c9a2 is started using port 42061
2019-07-30 08:43:25,030 INFO  ozone.MiniOzoneClusterImpl (MiniOzoneClusterImpl.java:lambda$waitForClusterToBeReady$0(142)) - Waiting for cluster to be ready. Got 0 of 6 DN Heartbeats.
2019-07-30 08:43:25,089 INFO  net.NetworkTopology (NetworkTopologyImpl.java:add(110)) - Added a new node: /default-rack/d4d0ce07-1c1a-43a5-a001-b8f876e6336e
2019-07-30 08:43:25,092 INFO  node.SCMNodeManager (SCMNodeManager.java:register(273)) - Registered Data node : d4d0ce07-1c1a-43a5-a001-b8f876e6336e{ip: 192.168.69.91, host: byscane-nightly-jdzkf-783033596, networkLocation: /default-rack, certSerialId: null}
2019-07-30 08:43:25,093 INFO  safemode.SCMSafeModeManager (DataNodeSafeModeRule.java:process(71)) - SCM in safe mode. 1 DataNodes registered, 1 required.
2019-07-30 08:43:25,096 INFO  safemode.SCMSafeModeManager (SCMSafeModeManager.java:validateSafeModeExitRules(177)) - ScmSafeModeManager, all rules are successfully validated
2019-07-30 08:43:25,096 INFO  safemode.SCMSafeModeManager (SCMSafeModeManager.java:exitSafeMode(193)) - SCM exiting safe mode.
2019-07-30 08:43:25,106 INFO  impl.RaftServerProxy (RaftServerProxy.java:addNew(89)) - d4d0ce07-1c1a-43a5-a001-b8f876e6336e: addNew group-BE0D59B9F07A:[d4d0ce07-1c1a-43a5-a001-b8f876e6336e:192.168.69.91:37426] returns group-BE0D59B9F07A:java.util.concurrent.CompletableFuture@5227b276[Not completed]
2019-07-30 08:43:25,108 INFO  impl.RaftServerImpl (RaftServerImpl.java:<init>(93)) - d4d0ce07-1c1a-43a5-a001-b8f876e6336e: new RaftServerImpl for group-BE0D59B9F07A:[d4d0ce07-1c1a-43a5-a001-b8f876e6336e:192.168.69.91:37426] with ContainerStateMachine:uninitialized
2019-07-30 08:43:25,108 INFO  server.RaftServerConfigKeys (ConfUtils.java:logGet(43)) - raft.server.rpc.timeout.min = 1s (custom)
2019-07-30 08:43:25,109 INFO  server.RaftServerConfigKeys (ConfUtils.java:logGet(43)) - raft.server.rpc.timeout.max = 1200ms (custom)
2019-07-30 08:43:25,109 INFO  server.RaftServerConfigKeys (ConfUtils.java:logGet(43)) - raft.server.rpcslowness.timeout = 120s (custom)
2019-07-30 08:43:25,109 INFO  server.RaftServerConfigKeys (ConfUtils.java:logGet(43)) - raft.server.sleep.deviation.threshold = 300 (default)
2019-07-30 08:43:25,109 INFO  server.RaftServerConfigKeys (ConfUtils.java:logGet(43)) - raft.server.log.appender.install.snapshot.enabled = false (custom)
2019-07-30 08:43:25,109 INFO  impl.RaftServerImpl (ServerState.java:<init>(105)) - d4d0ce07-1c1a-43a5-a001-b8f876e6336e:group-BE0D59B9F07A ConfigurationManager, init=-1: [d4d0ce07-1c1a-43a5-a001-b8f876e6336e:192.168.69.91:37426], old=null, confs=<EMPTY_MAP>
2019-07-30 08:43:25,110 INFO  server.RaftServerConfigKeys (ConfUtils.java:logGet(43)) - raft.server.storage.dir = [/workdir/hadoop-ozone/integration-test/target/test-dir/MiniOzoneClusterImpl-37ab3f54-b949-4c63-9065-e0d0887795fa/datanode-0/data/ratis] (custom)
2019-07-30 08:43:25,110 INFO  storage.RaftStorageDirectory (RaftStorageDirectory.java:analyzeStorage(246)) - The storage directory /workdir/hadoop-ozone/integration-test/target/test-dir/MiniOzoneClusterImpl-37ab3f54-b949-4c63-9065-e0d0887795fa/datanode-0/data/ratis/23cce59c-a657-4a77-b26a-be0d59b9f07a does not exist. Creating ...
2019-07-30 08:43:25,124 INFO  storage.RaftStorageDirectory (RaftStorageDirectory.java:tryLock(328)) - Lock on /workdir/hadoop-ozone/integration-test/target/test-dir/MiniOzoneClusterImpl-37ab3f54-b949-4c63-9065-e0d0887795fa/datanode-0/data/ratis/23cce59c-a657-4a77-b26a-be0d59b9f07a/in_use.lock acquired by nodename 12271@byscane-nightly-jdzkf-783033596
2019-07-30 08:43:25,139 INFO  storage.RaftStorage (RaftStorage.java:format(72)) - Storage directory /workdir/hadoop-ozone/integration-test/target/test-dir/MiniOzoneClusterImpl-37ab3f54-b949-4c63-9065-e0d0887795fa/datanode-0/data/ratis/23cce59c-a657-4a77-b26a-be0d59b9f07a has been successfully formatted.
2019-07-30 08:43:25,139 INFO  ratis.ContainerStateMachine (ContainerStateMachine.java:loadSnapshot(213)) - group-BE0D59B9F07A: The snapshot info is null. Setting the last applied indexto:(t:0, i:~)
2019-07-30 08:43:25,139 INFO  server.RaftServerConfigKeys (ConfUtils.java:logGet(43)) - raft.server.leader.election.timeout = 120s (custom)
2019-07-30 08:43:25,140 INFO  server.RaftServerConfigKeys (ConfUtils.java:logGet(43)) - raft.server.log.use.memory = false (default)
2019-07-30 08:43:25,140 INFO  server.RaftServerConfigKeys (ConfUtils.java:logGet(43)) - raft.server.log.purge.gap = 1000000000 (custom)
2019-07-30 08:43:25,140 INFO  server.RaftServerConfigKeys (ConfUtils.java:logGet(43)) - raft.server.log.appender.buffer.byte-limit = 33554432 (custom)
2019-07-30 08:43:25,140 INFO  server.RaftServerConfigKeys (ConfUtils.java:logGet(43)) - raft.server.log.segment.size.max = 1048576 (custom)
2019-07-30 08:43:25,140 INFO  server.RaftServerConfigKeys (ConfUtils.java:logGet(43)) - raft.server.log.segment.cache.num.max = 2 (custom)
2019-07-30 08:43:25,140 INFO  segmented.SegmentedRaftLogWorker (SegmentedRaftLogWorker.java:<init>(172)) - new d4d0ce07-1c1a-43a5-a001-b8f876e6336e-SegmentedRaftLogWorker:Storage Directory /workdir/hadoop-ozone/integration-test/target/test-dir/MiniOzoneClusterImpl-37ab3f54-b949-4c63-9065-e0d0887795fa/datanode-0/data/ratis/23cce59c-a657-4a77-b26a-be0d59b9f07a for RaftStorage:Storage Directory /workdir/hadoop-ozone/integration-test/target/test-dir/MiniOzoneClusterImpl-37ab3f54-b949-4c63-9065-e0d0887795fa/datanode-0/data/ratis/23cce59c-a657-4a77-b26a-be0d59b9f07a
2019-07-30 08:43:25,141 INFO  server.RaftServerConfigKeys (ConfUtils.java:logGet(43)) - raft.server.log.queue.byte-limit = 2147483647 (custom)
2019-07-30 08:43:25,141 INFO  server.RaftServerConfigKeys (ConfUtils.java:logGet(43)) - raft.server.log.queue.element-limit = 1024 (custom)
2019-07-30 08:43:25,141 INFO  server.RaftServerConfigKeys (ConfUtils.java:logGet(43)) - raft.server.log.segment.size.max = 1048576 (custom)
2019-07-30 08:43:25,141 INFO  server.RaftServerConfigKeys (ConfUtils.java:logGet(43)) - raft.server.log.preallocated.size = 16384 (custom)
2019-07-30 08:43:25,141 INFO  server.RaftServerConfigKeys (ConfUtils.java:logGet(43)) - raft.server.log.write.buffer.size = 33554432 (custom)
2019-07-30 08:43:25,142 INFO  server.RaftServerConfigKeys (ConfUtils.java:logGet(43)) - raft.server.log.force.sync.num = 128 (default)
2019-07-30 08:43:25,142 INFO  server.RaftServerConfigKeys (ConfUtils.java:logGet(43)) - raft.server.log.statemachine.data.sync = true (default)
2019-07-30 08:43:25,142 INFO  server.RaftServerConfigKeys (ConfUtils.java:logGet(43)) - raft.server.log.statemachine.data.sync.timeout = 10s (default)
2019-07-30 08:43:25,142 INFO  server.RaftServerConfigKeys (ConfUtils.java:logGet(43)) - raft.server.log.statemachine.data.sync.timeout.retry = -1 (default)
2019-07-30 08:43:25,142 INFO  server.RaftServerConfigKeys (ConfUtils.java:logGet(43)) - raft.server.log.statemachine.data.caching.enabled = true (custom)
2019-07-30 08:43:25,143 INFO  segmented.SegmentedRaftLogWorker (SegmentedRaftLogWorker.java:lambda$new$0(132)) - d4d0ce07-1c1a-43a5-a001-b8f876e6336e-SegmentedRaftLogWorker:Storage Directory /workdir/hadoop-ozone/integration-test/target/test-dir/MiniOzoneClusterImpl-37ab3f54-b949-4c63-9065-e0d0887795fa/datanode-0/data/ratis/23cce59c-a657-4a77-b26a-be0d59b9f07a: flushIndex: setUnconditionally 0 -> -1
2019-07-30 08:43:25,143 INFO  server.RaftServerConfigKeys (ConfUtils.java:logGet(43)) - raft.server.snapshot.auto.trigger.enabled = true (custom)
2019-07-30 08:43:25,143 INFO  server.RaftServerConfigKeys (ConfUtils.java:logGet(43)) - raft.server.snapshot.auto.trigger.threshold = 10000 (custom)
2019-07-30 08:43:25,143 INFO  server.RaftServerConfigKeys (ConfUtils.java:logGet(43)) - raft.server.retrycache.expirytime = 600000ms (custom)
2019-07-30 08:43:25,144 INFO  impl.RaftServerImpl (RaftServerImpl.java:start(180)) - d4d0ce07-1c1a-43a5-a001-b8f876e6336e: start group-BE0D59B9F07A
2019-07-30 08:43:25,144 INFO  impl.RaftServerImpl (RaftServerImpl.java:setRole(171)) - d4d0ce07-1c1a-43a5-a001-b8f876e6336e:group-BE0D59B9F07A changes role from null to FOLLOWER at term 0 for startAsFollower
2019-07-30 08:43:25,144 INFO  impl.RoleInfo (RoleInfo.java:updateAndGet(143)) - d4d0ce07-1c1a-43a5-a001-b8f876e6336e: start FollowerState
2019-07-30 08:43:25,145 INFO  util.JmxRegister (JmxRegister.java:tryRegister(44)) - Successfully registered JMX Bean with object name Ratis:service=RaftServer,group=group-BE0D59B9F07A,id=d4d0ce07-1c1a-43a5-a001-b8f876e6336e
2019-07-30 08:43:25,152 INFO  pipeline.PipelineStateManager (PipelineStateManager.java:addPipeline(56)) - Created pipeline Pipeline[ Id: 23cce59c-a657-4a77-b26a-be0d59b9f07a, Nodes: d4d0ce07-1c1a-43a5-a001-b8f876e6336e{ip: 192.168.69.91, host: byscane-nightly-jdzkf-783033596, networkLocation: /default-rack, certSerialId: null}, Type:RATIS, Factor:ONE, State:OPEN]
2019-07-30 08:43:25,299 INFO  net.NetworkTopology (NetworkTopologyImpl.java:add(110)) - Added a new node: /default-rack/4d1f0788-cf21-4d87-a7e1-4c729fada3a8
2019-07-30 08:43:25,299 INFO  node.SCMNodeManager (SCMNodeManager.java:register(273)) - Registered Data node : 4d1f0788-cf21-4d87-a7e1-4c729fada3a8{ip: 192.168.69.91, host: byscane-nightly-jdzkf-783033596, networkLocation: /default-rack, certSerialId: null}
2019-07-30 08:43:25,319 INFO  impl.RaftServerProxy (RaftServerProxy.java:addNew(89)) - 4d1f0788-cf21-4d87-a7e1-4c729fada3a8: addNew group-D44925F229A4:[4d1f0788-cf21-4d87-a7e1-4c729fada3a8:192.168.69.91:36998] returns group-D44925F229A4:java.util.concurrent.CompletableFuture@7f29e5f7[Not completed]
2019-07-30 08:43:25,320 INFO  impl.RaftServerImpl (RaftServerImpl.java:<init>(93)) - 4d1f0788-cf21-4d87-a7e1-4c729fada3a8: new RaftServerImpl for group-D44925F229A4:[4d1f0788-cf21-4d87-a7e1-4c729fada3a8:192.168.69.91:36998] with ContainerStateMachine:uninitialized
2019-07-30 08:43:25,320 INFO  server.RaftServerConfigKeys (ConfUtils.java:logGet(43)) - raft.server.rpc.timeout.min = 1s (custom)
2019-07-30 08:43:25,321 INFO  server.RaftServerConfigKeys (ConfUtils.java:logGet(43)) - raft.server.rpc.timeout.max = 1200ms (custom)
2019-07-30 08:43:25,321 INFO  server.RaftServerConfigKeys (ConfUtils.java:logGet(43)) - raft.server.rpcslowness.timeout = 120s (custom)
2019-07-30 08:43:25,321 INFO  server.RaftServerConfigKeys (ConfUtils.java:logGet(43)) - raft.server.sleep.deviation.threshold = 300 (default)
2019-07-30 08:43:25,321 INFO  server.RaftServerConfigKeys (ConfUtils.java:logGet(43)) - raft.server.log.appender.install.snapshot.enabled = false (custom)
2019-07-30 08:43:25,321 INFO  impl.RaftServerImpl (ServerState.java:<init>(105)) - 4d1f0788-cf21-4d87-a7e1-4c729fada3a8:group-D44925F229A4 ConfigurationManager, init=-1: [4d1f0788-cf21-4d87-a7e1-4c729fada3a8:192.168.69.91:36998], old=null, confs=<EMPTY_MAP>
2019-07-30 08:43:25,321 INFO  server.RaftServerConfigKeys (ConfUtils.java:logGet(43)) - raft.server.storage.dir = [/workdir/hadoop-ozone/integration-test/target/test-dir/MiniOzoneClusterImpl-37ab3f54-b949-4c63-9065-e0d0887795fa/datanode-1/data/ratis] (custom)
2019-07-30 08:43:25,322 INFO  storage.RaftStorageDirectory (RaftStorageDirectory.java:analyzeStorage(246)) - The storage directory /workdir/hadoop-ozone/integration-test/target/test-dir/MiniOzoneClusterImpl-37ab3f54-b949-4c63-9065-e0d0887795fa/datanode-1/data/ratis/1e94d78c-f3d4-4fcb-8592-d44925f229a4 does not exist. Creating ...
2019-07-30 08:43:25,347 INFO  storage.RaftStorageDirectory (RaftStorageDirectory.java:tryLock(328)) - Lock on /workdir/hadoop-ozone/integration-test/target/test-dir/MiniOzoneClusterImpl-37ab3f54-b949-4c63-9065-e0d0887795fa/datanode-1/data/ratis/1e94d78c-f3d4-4fcb-8592-d44925f229a4/in_use.lock acquired by nodename 12271@byscane-nightly-jdzkf-783033596
2019-07-30 08:43:25,360 INFO  storage.RaftStorage (RaftStorage.java:format(72)) - Storage directory /workdir/hadoop-ozone/integration-test/target/test-dir/MiniOzoneClusterImpl-37ab3f54-b949-4c63-9065-e0d0887795fa/datanode-1/data/ratis/1e94d78c-f3d4-4fcb-8592-d44925f229a4 has been successfully formatted.
2019-07-30 08:43:25,361 INFO  ratis.ContainerStateMachine (ContainerStateMachine.java:loadSnapshot(213)) - group-D44925F229A4: The snapshot info is null. Setting the last applied indexto:(t:0, i:~)
2019-07-30 08:43:25,361 INFO  server.RaftServerConfigKeys (ConfUtils.java:logGet(43)) - raft.server.leader.election.timeout = 120s (custom)
2019-07-30 08:43:25,361 INFO  server.RaftServerConfigKeys (ConfUtils.java:logGet(43)) - raft.server.log.use.memory = false (default)
2019-07-30 08:43:25,361 INFO  server.RaftServerConfigKeys (ConfUtils.java:logGet(43)) - raft.server.log.purge.gap = 1000000000 (custom)
2019-07-30 08:43:25,361 INFO  server.RaftServerConfigKeys (ConfUtils.java:logGet(43)) - raft.server.log.appender.buffer.byte-limit = 33554432 (custom)
2019-07-30 08:43:25,361 INFO  server.RaftServerConfigKeys (ConfUtils.java:logGet(43)) - raft.server.log.segment.size.max = 1048576 (custom)
2019-07-30 08:43:25,362 INFO  server.RaftServerConfigKeys (ConfUtils.java:logGet(43)) - raft.server.log.segment.cache.num.max = 2 (custom)
2019-07-30 08:43:25,362 INFO  segmented.SegmentedRaftLogWorker (SegmentedRaftLogWorker.java:<init>(172)) - new 4d1f0788-cf21-4d87-a7e1-4c729fada3a8-SegmentedRaftLogWorker:Storage Directory /workdir/hadoop-ozone/integration-test/target/test-dir/MiniOzoneClusterImpl-37ab3f54-b949-4c63-9065-e0d0887795fa/datanode-1/data/ratis/1e94d78c-f3d4-4fcb-8592-d44925f229a4 for RaftStorage:Storage Directory /workdir/hadoop-ozone/integration-test/target/test-dir/MiniOzoneClusterImpl-37ab3f54-b949-4c63-9065-e0d0887795fa/datanode-1/data/ratis/1e94d78c-f3d4-4fcb-8592-d44925f229a4
2019-07-30 08:43:25,362 INFO  server.RaftServerConfigKeys (ConfUtils.java:logGet(43)) - raft.server.log.queue.byte-limit = 2147483647 (custom)
2019-07-30 08:43:25,362 INFO  server.RaftServerConfigKeys (ConfUtils.java:logGet(43)) - raft.server.log.queue.element-limit = 1024 (custom)
2019-07-30 08:43:25,362 INFO  server.RaftServerConfigKeys (ConfUtils.java:logGet(43)) - raft.server.log.segment.size.max = 1048576 (custom)
2019-07-30 08:43:25,363 INFO  server.RaftServerConfigKeys (ConfUtils.java:logGet(43)) - raft.server.log.preallocated.size = 16384 (custom)
2019-07-30 08:43:25,363 INFO  server.RaftServerConfigKeys (ConfUtils.java:logGet(43)) - raft.server.log.write.buffer.size = 33554432 (custom)
2019-07-30 08:43:25,363 INFO  server.RaftServerConfigKeys (ConfUtils.java:logGet(43)) - raft.server.log.force.sync.num = 128 (default)
2019-07-30 08:43:25,363 INFO  server.RaftServerConfigKeys (ConfUtils.java:logGet(43)) - raft.server.log.statemachine.data.sync = true (default)
2019-07-30 08:43:25,363 INFO  server.RaftServerConfigKeys (ConfUtils.java:logGet(43)) - raft.server.log.statemachine.data.sync.timeout = 10s (default)
2019-07-30 08:43:25,363 INFO  server.RaftServerConfigKeys (ConfUtils.java:logGet(43)) - raft.server.log.statemachine.data.sync.timeout.retry = -1 (default)
2019-07-30 08:43:25,364 INFO  server.RaftServerConfigKeys (ConfUtils.java:logGet(43)) - raft.server.log.statemachine.data.caching.enabled = true (custom)
2019-07-30 08:43:25,364 INFO  segmented.SegmentedRaftLogWorker (SegmentedRaftLogWorker.java:lambda$new$0(132)) - 4d1f0788-cf21-4d87-a7e1-4c729fada3a8-SegmentedRaftLogWorker:Storage Directory /workdir/hadoop-ozone/integration-test/target/test-dir/MiniOzoneClusterImpl-37ab3f54-b949-4c63-9065-e0d0887795fa/datanode-1/data/ratis/1e94d78c-f3d4-4fcb-8592-d44925f229a4: flushIndex: setUnconditionally 0 -> -1
2019-07-30 08:43:25,365 INFO  server.RaftServerConfigKeys (ConfUtils.java:logGet(43)) - raft.server.snapshot.auto.trigger.enabled = true (custom)
2019-07-30 08:43:25,365 INFO  server.RaftServerConfigKeys (ConfUtils.java:logGet(43)) - raft.server.snapshot.auto.trigger.threshold = 10000 (custom)
2019-07-30 08:43:25,365 INFO  server.RaftServerConfigKeys (ConfUtils.java:logGet(43)) - raft.server.retrycache.expirytime = 600000ms (custom)
2019-07-30 08:43:25,365 INFO  impl.RaftServerImpl (RaftServerImpl.java:start(180)) - 4d1f0788-cf21-4d87-a7e1-4c729fada3a8: start group-D44925F229A4
2019-07-30 08:43:25,365 INFO  impl.RaftServerImpl (RaftServerImpl.java:setRole(171)) - 4d1f0788-cf21-4d87-a7e1-4c729fada3a8:group-D44925F229A4 changes role from null to FOLLOWER at term 0 for startAsFollower
2019-07-30 08:43:25,366 INFO  impl.RoleInfo (RoleInfo.java:updateAndGet(143)) - 4d1f0788-cf21-4d87-a7e1-4c729fada3a8: start FollowerState
2019-07-30 08:43:25,366 INFO  util.JmxRegister (JmxRegister.java:tryRegister(44)) - Successfully registered JMX Bean with object name Ratis:service=RaftServer,group=group-D44925F229A4,id=4d1f0788-cf21-4d87-a7e1-4c729fada3a8
2019-07-30 08:43:25,371 INFO  pipeline.PipelineStateManager (PipelineStateManager.java:addPipeline(56)) - Created pipeline Pipeline[ Id: 1e94d78c-f3d4-4fcb-8592-d44925f229a4, Nodes: 4d1f0788-cf21-4d87-a7e1-4c729fada3a8{ip: 192.168.69.91, host: byscane-nightly-jdzkf-783033596, networkLocation: /default-rack, certSerialId: null}, Type:RATIS, Factor:ONE, State:OPEN]
2019-07-30 08:43:25,465 INFO  net.NetworkTopology (NetworkTopologyImpl.java:add(110)) - Added a new node: /default-rack/6dae1f3a-ee3a-4447-95fb-1633d0b2174b
2019-07-30 08:43:25,466 INFO  node.SCMNodeManager (SCMNodeManager.java:register(273)) - Registered Data node : 6dae1f3a-ee3a-4447-95fb-1633d0b2174b{ip: 192.168.69.91, host: byscane-nightly-jdzkf-783033596, networkLocation: /default-rack, certSerialId: null}
2019-07-30 08:43:25,476 INFO  impl.RaftServerProxy (RaftServerProxy.java:addNew(89)) - 6dae1f3a-ee3a-4447-95fb-1633d0b2174b: addNew group-4BDA31A8A07D:[6dae1f3a-ee3a-4447-95fb-1633d0b2174b:192.168.69.91:43493] returns group-4BDA31A8A07D:java.util.concurrent.CompletableFuture@718a672[Not completed]
2019-07-30 08:43:25,477 INFO  impl.RaftServerImpl (RaftServerImpl.java:<init>(93)) - 6dae1f3a-ee3a-4447-95fb-1633d0b2174b: new RaftServerImpl for group-4BDA31A8A07D:[6dae1f3a-ee3a-4447-95fb-1633d0b2174b:192.168.69.91:43493] with ContainerStateMachine:uninitialized
2019-07-30 08:43:25,478 INFO  server.RaftServerConfigKeys (ConfUtils.java:logGet(43)) - raft.server.rpc.timeout.min = 1s (custom)
2019-07-30 08:43:25,478 INFO  server.RaftServerConfigKeys (ConfUtils.java:logGet(43)) - raft.server.rpc.timeout.max = 1200ms (custom)
2019-07-30 08:43:25,478 INFO  server.RaftServerConfigKeys (ConfUtils.java:logGet(43)) - raft.server.rpcslowness.timeout = 120s (custom)
2019-07-30 08:43:25,478 INFO  server.RaftServerConfigKeys (ConfUtils.java:logGet(43)) - raft.server.sleep.deviation.threshold = 300 (default)
2019-07-30 08:43:25,478 INFO  server.RaftServerConfigKeys (ConfUtils.java:logGet(43)) - raft.server.log.appender.install.snapshot.enabled = false (custom)
2019-07-30 08:43:25,478 INFO  impl.RaftServerImpl (ServerState.java:<init>(105)) - 6dae1f3a-ee3a-4447-95fb-1633d0b2174b:group-4BDA31A8A07D ConfigurationManager, init=-1: [6dae1f3a-ee3a-4447-95fb-1633d0b2174b:192.168.69.91:43493], old=null, confs=<EMPTY_MAP>
2019-07-30 08:43:25,479 INFO  server.RaftServerConfigKeys (ConfUtils.java:logGet(43)) - raft.server.storage.dir = [/workdir/hadoop-ozone/integration-test/target/test-dir/MiniOzoneClusterImpl-37ab3f54-b949-4c63-9065-e0d0887795fa/datanode-2/data/ratis] (custom)
2019-07-30 08:43:25,479 INFO  storage.RaftStorageDirectory (RaftStorageDirectory.java:analyzeStorage(246)) - The storage directory /workdir/hadoop-ozone/integration-test/target/test-dir/MiniOzoneClusterImpl-37ab3f54-b949-4c63-9065-e0d0887795fa/datanode-2/data/ratis/9b86b941-8ec3-4c7a-93eb-4bda31a8a07d does not exist. Creating ...
2019-07-30 08:43:25,500 INFO  storage.RaftStorageDirectory (RaftStorageDirectory.java:tryLock(328)) - Lock on /workdir/hadoop-ozone/integration-test/target/test-dir/MiniOzoneClusterImpl-37ab3f54-b949-4c63-9065-e0d0887795fa/datanode-2/data/ratis/9b86b941-8ec3-4c7a-93eb-4bda31a8a07d/in_use.lock acquired by nodename 12271@byscane-nightly-jdzkf-783033596
2019-07-30 08:43:25,513 INFO  storage.RaftStorage (RaftStorage.java:format(72)) - Storage directory /workdir/hadoop-ozone/integration-test/target/test-dir/MiniOzoneClusterImpl-37ab3f54-b949-4c63-9065-e0d0887795fa/datanode-2/data/ratis/9b86b941-8ec3-4c7a-93eb-4bda31a8a07d has been successfully formatted.
2019-07-30 08:43:25,514 INFO  ratis.ContainerStateMachine (ContainerStateMachine.java:loadSnapshot(213)) - group-4BDA31A8A07D: The snapshot info is null. Setting the last applied indexto:(t:0, i:~)
2019-07-30 08:43:25,514 INFO  server.RaftServerConfigKeys (ConfUtils.java:logGet(43)) - raft.server.leader.election.timeout = 120s (custom)
2019-07-30 08:43:25,514 INFO  server.RaftServerConfigKeys (ConfUtils.java:logGet(43)) - raft.server.log.use.memory = false (default)
2019-07-30 08:43:25,514 INFO  server.RaftServerConfigKeys (ConfUtils.java:logGet(43)) - raft.server.log.purge.gap = 1000000000 (custom)
2019-07-30 08:43:25,514 INFO  server.RaftServerConfigKeys (ConfUtils.java:logGet(43)) - raft.server.log.appender.buffer.byte-limit = 33554432 (custom)
2019-07-30 08:43:25,515 INFO  server.RaftServerConfigKeys (ConfUtils.java:logGet(43)) - raft.server.log.segment.size.max = 1048576 (custom)
2019-07-30 08:43:25,515 INFO  server.RaftServerConfigKeys (ConfUtils.java:logGet(43)) - raft.server.log.segment.cache.num.max = 2 (custom)
2019-07-30 08:43:25,515 INFO  segmented.SegmentedRaftLogWorker (SegmentedRaftLogWorker.java:<init>(172)) - new 6dae1f3a-ee3a-4447-95fb-1633d0b2174b-SegmentedRaftLogWorker:Storage Directory /workdir/hadoop-ozone/integration-test/target/test-dir/MiniOzoneClusterImpl-37ab3f54-b949-4c63-9065-e0d0887795fa/datanode-2/data/ratis/9b86b941-8ec3-4c7a-93eb-4bda31a8a07d for RaftStorage:Storage Directory /workdir/hadoop-ozone/integration-test/target/test-dir/MiniOzoneClusterImpl-37ab3f54-b949-4c63-9065-e0d0887795fa/datanode-2/data/ratis/9b86b941-8ec3-4c7a-93eb-4bda31a8a07d
2019-07-30 08:43:25,515 INFO  server.RaftServerConfigKeys (ConfUtils.java:logGet(43)) - raft.server.log.queue.byte-limit = 2147483647 (custom)
2019-07-30 08:43:25,515 INFO  server.RaftServerConfigKeys (ConfUtils.java:logGet(43)) - raft.server.log.queue.element-limit = 1024 (custom)
2019-07-30 08:43:25,516 INFO  server.RaftServerConfigKeys (ConfUtils.java:logGet(43)) - raft.server.log.segment.size.max = 1048576 (custom)
2019-07-30 08:43:25,516 INFO  server.RaftServerConfigKeys (ConfUtils.java:logGet(43)) - raft.server.log.preallocated.size = 16384 (custom)
2019-07-30 08:43:25,516 INFO  server.RaftServerConfigKeys (ConfUtils.java:logGet(43)) - raft.server.log.write.buffer.size = 33554432 (custom)
2019-07-30 08:43:25,516 INFO  server.RaftServerConfigKeys (ConfUtils.java:logGet(43)) - raft.server.log.force.sync.num = 128 (default)
2019-07-30 08:43:25,516 INFO  server.RaftServerConfigKeys (ConfUtils.java:logGet(43)) - raft.server.log.statemachine.data.sync = true (default)
2019-07-30 08:43:25,516 INFO  server.RaftServerConfigKeys (ConfUtils.java:logGet(43)) - raft.server.log.statemachine.data.sync.timeout = 10s (default)
2019-07-30 08:43:25,517 INFO  server.RaftServerConfigKeys (ConfUtils.java:logGet(43)) - raft.server.log.statemachine.data.sync.timeout.retry = -1 (default)
2019-07-30 08:43:25,517 INFO  server.RaftServerConfigKeys (ConfUtils.java:logGet(43)) - raft.server.log.statemachine.data.caching.enabled = true (custom)
2019-07-30 08:43:25,517 INFO  segmented.SegmentedRaftLogWorker (SegmentedRaftLogWorker.java:lambda$new$0(132)) - 6dae1f3a-ee3a-4447-95fb-1633d0b2174b-SegmentedRaftLogWorker:Storage Directory /workdir/hadoop-ozone/integration-test/target/test-dir/MiniOzoneClusterImpl-37ab3f54-b949-4c63-9065-e0d0887795fa/datanode-2/data/ratis/9b86b941-8ec3-4c7a-93eb-4bda31a8a07d: flushIndex: setUnconditionally 0 -> -1
2019-07-30 08:43:25,518 INFO  server.RaftServerConfigKeys (ConfUtils.java:logGet(43)) - raft.server.snapshot.auto.trigger.enabled = true (custom)
2019-07-30 08:43:25,518 INFO  server.RaftServerConfigKeys (ConfUtils.java:logGet(43)) - raft.server.snapshot.auto.trigger.threshold = 10000 (custom)
2019-07-30 08:43:25,518 INFO  server.RaftServerConfigKeys (ConfUtils.java:logGet(43)) - raft.server.retrycache.expirytime = 600000ms (custom)
2019-07-30 08:43:25,518 INFO  impl.RaftServerImpl (RaftServerImpl.java:start(180)) - 6dae1f3a-ee3a-4447-95fb-1633d0b2174b: start group-4BDA31A8A07D
2019-07-30 08:43:25,518 INFO  impl.RaftServerImpl (RaftServerImpl.java:setRole(171)) - 6dae1f3a-ee3a-4447-95fb-1633d0b2174b:group-4BDA31A8A07D changes role from null to FOLLOWER at term 0 for startAsFollower
2019-07-30 08:43:25,519 INFO  impl.RoleInfo (RoleInfo.java:updateAndGet(143)) - 6dae1f3a-ee3a-4447-95fb-1633d0b2174b: start FollowerState
2019-07-30 08:43:25,519 INFO  util.JmxRegister (JmxRegister.java:tryRegister(44)) - Successfully registered JMX Bean with object name Ratis:service=RaftServer,group=group-4BDA31A8A07D,id=6dae1f3a-ee3a-4447-95fb-1633d0b2174b
2019-07-30 08:43:25,524 INFO  pipeline.PipelineStateManager (PipelineStateManager.java:addPipeline(56)) - Created pipeline Pipeline[ Id: 9b86b941-8ec3-4c7a-93eb-4bda31a8a07d, Nodes: 6dae1f3a-ee3a-4447-95fb-1633d0b2174b{ip: 192.168.69.91, host: byscane-nightly-jdzkf-783033596, networkLocation: /default-rack, certSerialId: null}, Type:RATIS, Factor:ONE, State:OPEN]
2019-07-30 08:43:25,550 INFO  impl.RaftServerProxy (RaftServerProxy.java:addNew(89)) - 6dae1f3a-ee3a-4447-95fb-1633d0b2174b: addNew group-6A2BF1CA856A:[4d1f0788-cf21-4d87-a7e1-4c729fada3a8:192.168.69.91:36998, 6dae1f3a-ee3a-4447-95fb-1633d0b2174b:192.168.69.91:43493, d4d0ce07-1c1a-43a5-a001-b8f876e6336e:192.168.69.91:37426] returns group-6A2BF1CA856A:java.util.concurrent.CompletableFuture@2c065f54[Not completed]
2019-07-30 08:43:25,550 INFO  impl.RaftServerProxy (RaftServerProxy.java:addNew(89)) - 4d1f0788-cf21-4d87-a7e1-4c729fada3a8: addNew group-6A2BF1CA856A:[4d1f0788-cf21-4d87-a7e1-4c729fada3a8:192.168.69.91:36998, 6dae1f3a-ee3a-4447-95fb-1633d0b2174b:192.168.69.91:43493, d4d0ce07-1c1a-43a5-a001-b8f876e6336e:192.168.69.91:37426] returns group-6A2BF1CA856A:java.util.concurrent.CompletableFuture@35bd86d4[Not completed]
2019-07-30 08:43:25,550 INFO  impl.RaftServerProxy (RaftServerProxy.java:addNew(89)) - d4d0ce07-1c1a-43a5-a001-b8f876e6336e: addNew group-6A2BF1CA856A:[4d1f0788-cf21-4d87-a7e1-4c729fada3a8:192.168.69.91:36998, 6dae1f3a-ee3a-4447-95fb-1633d0b2174b:192.168.69.91:43493, d4d0ce07-1c1a-43a5-a001-b8f876e6336e:192.168.69.91:37426] returns group-6A2BF1CA856A:java.util.concurrent.CompletableFuture@7932e99a[Not completed]
2019-07-30 08:43:25,552 INFO  impl.RaftServerImpl (RaftServerImpl.java:<init>(93)) - 6dae1f3a-ee3a-4447-95fb-1633d0b2174b: new RaftServerImpl for group-6A2BF1CA856A:[4d1f0788-cf21-4d87-a7e1-4c729fada3a8:192.168.69.91:36998, 6dae1f3a-ee3a-4447-95fb-1633d0b2174b:192.168.69.91:43493, d4d0ce07-1c1a-43a5-a001-b8f876e6336e:192.168.69.91:37426] with ContainerStateMachine:uninitialized
2019-07-30 08:43:25,552 INFO  server.RaftServerConfigKeys (ConfUtils.java:logGet(43)) - raft.server.rpc.timeout.min = 1s (custom)
2019-07-30 08:43:25,552 INFO  server.RaftServerConfigKeys (ConfUtils.java:logGet(43)) - raft.server.rpc.timeout.max = 1200ms (custom)
2019-07-30 08:43:25,552 INFO  server.RaftServerConfigKeys (ConfUtils.java:logGet(43)) - raft.server.rpcslowness.timeout = 120s (custom)
2019-07-30 08:43:25,552 INFO  server.RaftServerConfigKeys (ConfUtils.java:logGet(43)) - raft.server.sleep.deviation.threshold = 300 (default)
2019-07-30 08:43:25,552 INFO  impl.RaftServerImpl (RaftServerImpl.java:<init>(93)) - 4d1f0788-cf21-4d87-a7e1-4c729fada3a8: new RaftServerImpl for group-6A2BF1CA856A:[4d1f0788-cf21-4d87-a7e1-4c729fada3a8:192.168.69.91:36998, 6dae1f3a-ee3a-4447-95fb-1633d0b2174b:192.168.69.91:43493, d4d0ce07-1c1a-43a5-a001-b8f876e6336e:192.168.69.91:37426] with ContainerStateMachine:uninitialized
2019-07-30 08:43:25,552 INFO  server.RaftServerConfigKeys (ConfUtils.java:logGet(43)) - raft.server.log.appender.install.snapshot.enabled = false (custom)
2019-07-30 08:43:25,553 INFO  server.RaftServerConfigKeys (ConfUtils.java:logGet(43)) - raft.server.rpc.timeout.min = 1s (custom)
2019-07-30 08:43:25,553 INFO  impl.RaftServerImpl (RaftServerImpl.java:<init>(93)) - d4d0ce07-1c1a-43a5-a001-b8f876e6336e: new RaftServerImpl for group-6A2BF1CA856A:[4d1f0788-cf21-4d87-a7e1-4c729fada3a8:192.168.69.91:36998, 6dae1f3a-ee3a-4447-95fb-1633d0b2174b:192.168.69.91:43493, d4d0ce07-1c1a-43a5-a001-b8f876e6336e:192.168.69.91:37426] with ContainerStateMachine:uninitialized
2019-07-30 08:43:25,553 INFO  impl.RaftServerImpl (ServerState.java:<init>(105)) - 6dae1f3a-ee3a-4447-95fb-1633d0b2174b:group-6A2BF1CA856A ConfigurationManager, init=-1: [4d1f0788-cf21-4d87-a7e1-4c729fada3a8:192.168.69.91:36998, 6dae1f3a-ee3a-4447-95fb-1633d0b2174b:192.168.69.91:43493, d4d0ce07-1c1a-43a5-a001-b8f876e6336e:192.168.69.91:37426], old=null, confs=<EMPTY_MAP>
2019-07-30 08:43:25,553 INFO  server.RaftServerConfigKeys (ConfUtils.java:logGet(43)) - raft.server.rpc.timeout.min = 1s (custom)
2019-07-30 08:43:25,553 INFO  server.RaftServerConfigKeys (ConfUtils.java:logGet(43)) - raft.server.rpc.timeout.max = 1200ms (custom)
2019-07-30 08:43:25,553 INFO  server.RaftServerConfigKeys (ConfUtils.java:logGet(43)) - raft.server.rpc.timeout.max = 1200ms (custom)
2019-07-30 08:43:25,554 INFO  server.RaftServerConfigKeys (ConfUtils.java:logGet(43)) - raft.server.rpcslowness.timeout = 120s (custom)
2019-07-30 08:43:25,553 INFO  server.RaftServerConfigKeys (ConfUtils.java:logGet(43)) - raft.server.storage.dir = [/workdir/hadoop-ozone/integration-test/target/test-dir/MiniOzoneClusterImpl-37ab3f54-b949-4c63-9065-e0d0887795fa/datanode-2/data/ratis] (custom)
2019-07-30 08:43:25,554 INFO  server.RaftServerConfigKeys (ConfUtils.java:logGet(43)) - raft.server.sleep.deviation.threshold = 300 (default)
2019-07-30 08:43:25,554 INFO  server.RaftServerConfigKeys (ConfUtils.java:logGet(43)) - raft.server.rpcslowness.timeout = 120s (custom)
2019-07-30 08:43:25,554 INFO  server.RaftServerConfigKeys (ConfUtils.java:logGet(43)) - raft.server.log.appender.install.snapshot.enabled = false (custom)
2019-07-30 08:43:25,555 INFO  storage.RaftStorageDirectory (RaftStorageDirectory.java:analyzeStorage(246)) - The storage directory /workdir/hadoop-ozone/integration-test/target/test-dir/MiniOzoneClusterImpl-37ab3f54-b949-4c63-9065-e0d0887795fa/datanode-2/data/ratis/3962e70c-a63f-458f-8250-6a2bf1ca856a does not exist. Creating ...
2019-07-30 08:43:25,554 INFO  server.RaftServerConfigKeys (ConfUtils.java:logGet(43)) - raft.server.sleep.deviation.threshold = 300 (default)
2019-07-30 08:43:25,555 INFO  server.RaftServerConfigKeys (ConfUtils.java:logGet(43)) - raft.server.log.appender.install.snapshot.enabled = false (custom)
2019-07-30 08:43:25,555 INFO  impl.RaftServerImpl (ServerState.java:<init>(105)) - d4d0ce07-1c1a-43a5-a001-b8f876e6336e:group-6A2BF1CA856A ConfigurationManager, init=-1: [4d1f0788-cf21-4d87-a7e1-4c729fada3a8:192.168.69.91:36998, 6dae1f3a-ee3a-4447-95fb-1633d0b2174b:192.168.69.91:43493, d4d0ce07-1c1a-43a5-a001-b8f876e6336e:192.168.69.91:37426], old=null, confs=<EMPTY_MAP>
2019-07-30 08:43:25,555 INFO  impl.RaftServerImpl (ServerState.java:<init>(105)) - 4d1f0788-cf21-4d87-a7e1-4c729fada3a8:group-6A2BF1CA856A ConfigurationManager, init=-1: [4d1f0788-cf21-4d87-a7e1-4c729fada3a8:192.168.69.91:36998, 6dae1f3a-ee3a-4447-95fb-1633d0b2174b:192.168.69.91:43493, d4d0ce07-1c1a-43a5-a001-b8f876e6336e:192.168.69.91:37426], old=null, confs=<EMPTY_MAP>
2019-07-30 08:43:25,555 INFO  server.RaftServerConfigKeys (ConfUtils.java:logGet(43)) - raft.server.storage.dir = [/workdir/hadoop-ozone/integration-test/target/test-dir/MiniOzoneClusterImpl-37ab3f54-b949-4c63-9065-e0d0887795fa/datanode-0/data/ratis] (custom)
2019-07-30 08:43:25,555 INFO  server.RaftServerConfigKeys (ConfUtils.java:logGet(43)) - raft.server.storage.dir = [/workdir/hadoop-ozone/integration-test/target/test-dir/MiniOzoneClusterImpl-37ab3f54-b949-4c63-9065-e0d0887795fa/datanode-1/data/ratis] (custom)
2019-07-30 08:43:25,556 INFO  storage.RaftStorageDirectory (RaftStorageDirectory.java:analyzeStorage(246)) - The storage directory /workdir/hadoop-ozone/integration-test/target/test-dir/MiniOzoneClusterImpl-37ab3f54-b949-4c63-9065-e0d0887795fa/datanode-0/data/ratis/3962e70c-a63f-458f-8250-6a2bf1ca856a does not exist. Creating ...
2019-07-30 08:43:25,556 INFO  storage.RaftStorageDirectory (RaftStorageDirectory.java:analyzeStorage(246)) - The storage directory /workdir/hadoop-ozone/integration-test/target/test-dir/MiniOzoneClusterImpl-37ab3f54-b949-4c63-9065-e0d0887795fa/datanode-1/data/ratis/3962e70c-a63f-458f-8250-6a2bf1ca856a does not exist. Creating ...
2019-07-30 08:43:25,568 INFO  storage.RaftStorageDirectory (RaftStorageDirectory.java:tryLock(328)) - Lock on /workdir/hadoop-ozone/integration-test/target/test-dir/MiniOzoneClusterImpl-37ab3f54-b949-4c63-9065-e0d0887795fa/datanode-1/data/ratis/3962e70c-a63f-458f-8250-6a2bf1ca856a/in_use.lock acquired by nodename 12271@byscane-nightly-jdzkf-783033596
2019-07-30 08:43:25,568 INFO  storage.RaftStorageDirectory (RaftStorageDirectory.java:tryLock(328)) - Lock on /workdir/hadoop-ozone/integration-test/target/test-dir/MiniOzoneClusterImpl-37ab3f54-b949-4c63-9065-e0d0887795fa/datanode-0/data/ratis/3962e70c-a63f-458f-8250-6a2bf1ca856a/in_use.lock acquired by nodename 12271@byscane-nightly-jdzkf-783033596
2019-07-30 08:43:25,568 INFO  storage.RaftStorageDirectory (RaftStorageDirectory.java:tryLock(328)) - Lock on /workdir/hadoop-ozone/integration-test/target/test-dir/MiniOzoneClusterImpl-37ab3f54-b949-4c63-9065-e0d0887795fa/datanode-2/data/ratis/3962e70c-a63f-458f-8250-6a2bf1ca856a/in_use.lock acquired by nodename 12271@byscane-nightly-jdzkf-783033596
2019-07-30 08:43:25,594 INFO  storage.RaftStorage (RaftStorage.java:format(72)) - Storage directory /workdir/hadoop-ozone/integration-test/target/test-dir/MiniOzoneClusterImpl-37ab3f54-b949-4c63-9065-e0d0887795fa/datanode-1/data/ratis/3962e70c-a63f-458f-8250-6a2bf1ca856a has been successfully formatted.
2019-07-30 08:43:25,594 INFO  storage.RaftStorage (RaftStorage.java:format(72)) - Storage directory /workdir/hadoop-ozone/integration-test/target/test-dir/MiniOzoneClusterImpl-37ab3f54-b949-4c63-9065-e0d0887795fa/datanode-2/data/ratis/3962e70c-a63f-458f-8250-6a2bf1ca856a has been successfully formatted.
2019-07-30 08:43:25,594 INFO  storage.RaftStorage (RaftStorage.java:format(72)) - Storage directory /workdir/hadoop-ozone/integration-test/target/test-dir/MiniOzoneClusterImpl-37ab3f54-b949-4c63-9065-e0d0887795fa/datanode-0/data/ratis/3962e70c-a63f-458f-8250-6a2bf1ca856a has been successfully formatted.
2019-07-30 08:43:25,594 INFO  ratis.ContainerStateMachine (ContainerStateMachine.java:loadSnapshot(213)) - group-6A2BF1CA856A: The snapshot info is null. Setting the last applied indexto:(t:0, i:~)
2019-07-30 08:43:25,594 INFO  ratis.ContainerStateMachine (ContainerStateMachine.java:loadSnapshot(213)) - group-6A2BF1CA856A: The snapshot info is null. Setting the last applied indexto:(t:0, i:~)
2019-07-30 08:43:25,595 INFO  server.RaftServerConfigKeys (ConfUtils.java:logGet(43)) - raft.server.leader.election.timeout = 120s (custom)
2019-07-30 08:43:25,595 INFO  ratis.ContainerStateMachine (ContainerStateMachine.java:loadSnapshot(213)) - group-6A2BF1CA856A: The snapshot info is null. Setting the last applied indexto:(t:0, i:~)
2019-07-30 08:43:25,595 INFO  server.RaftServerConfigKeys (ConfUtils.java:logGet(43)) - raft.server.log.use.memory = false (default)
2019-07-30 08:43:25,595 INFO  server.RaftServerConfigKeys (ConfUtils.java:logGet(43)) - raft.server.leader.election.timeout = 120s (custom)
2019-07-30 08:43:25,595 INFO  server.RaftServerConfigKeys (ConfUtils.java:logGet(43)) - raft.server.log.purge.gap = 1000000000 (custom)
2019-07-30 08:43:25,596 INFO  server.RaftServerConfigKeys (ConfUtils.java:logGet(43)) - raft.server.log.appender.buffer.byte-limit = 33554432 (custom)
2019-07-30 08:43:25,595 INFO  server.RaftServerConfigKeys (ConfUtils.java:logGet(43)) - raft.server.leader.election.timeout = 120s (custom)
2019-07-30 08:43:25,596 INFO  server.RaftServerConfigKeys (ConfUtils.java:logGet(43)) - raft.server.log.segment.size.max = 1048576 (custom)
2019-07-30 08:43:25,596 INFO  server.RaftServerConfigKeys (ConfUtils.java:logGet(43)) - raft.server.log.segment.cache.num.max = 2 (custom)
2019-07-30 08:43:25,595 INFO  server.RaftServerConfigKeys (ConfUtils.java:logGet(43)) - raft.server.log.use.memory = false (default)
2019-07-30 08:43:25,596 INFO  segmented.SegmentedRaftLogWorker (SegmentedRaftLogWorker.java:<init>(172)) - new 6dae1f3a-ee3a-4447-95fb-1633d0b2174b-SegmentedRaftLogWorker:Storage Directory /workdir/hadoop-ozone/integration-test/target/test-dir/MiniOzoneClusterImpl-37ab3f54-b949-4c63-9065-e0d0887795fa/datanode-2/data/ratis/3962e70c-a63f-458f-8250-6a2bf1ca856a for RaftStorage:Storage Directory /workdir/hadoop-ozone/integration-test/target/test-dir/MiniOzoneClusterImpl-37ab3f54-b949-4c63-9065-e0d0887795fa/datanode-2/data/ratis/3962e70c-a63f-458f-8250-6a2bf1ca856a
2019-07-30 08:43:25,596 INFO  server.RaftServerConfigKeys (ConfUtils.java:logGet(43)) - raft.server.log.use.memory = false (default)
2019-07-30 08:43:25,597 INFO  server.RaftServerConfigKeys (ConfUtils.java:logGet(43)) - raft.server.log.queue.byte-limit = 2147483647 (custom)
2019-07-30 08:43:25,597 INFO  server.RaftServerConfigKeys (ConfUtils.java:logGet(43)) - raft.server.log.purge.gap = 1000000000 (custom)
2019-07-30 08:43:25,597 INFO  server.RaftServerConfigKeys (ConfUtils.java:logGet(43)) - raft.server.log.queue.element-limit = 1024 (custom)
2019-07-30 08:43:25,597 INFO  server.RaftServerConfigKeys (ConfUtils.java:logGet(43)) - raft.server.log.purge.gap = 1000000000 (custom)
2019-07-30 08:43:25,597 INFO  server.RaftServerConfigKeys (ConfUtils.java:logGet(43)) - raft.server.log.segment.size.max = 1048576 (custom)
2019-07-30 08:43:25,597 INFO  server.RaftServerConfigKeys (ConfUtils.java:logGet(43)) - raft.server.log.appender.buffer.byte-limit = 33554432 (custom)
2019-07-30 08:43:25,598 INFO  server.RaftServerConfigKeys (ConfUtils.java:logGet(43)) - raft.server.log.preallocated.size = 16384 (custom)
2019-07-30 08:43:25,598 INFO  server.RaftServerConfigKeys (ConfUtils.java:logGet(43)) - raft.server.log.appender.buffer.byte-limit = 33554432 (custom)
2019-07-30 08:43:25,598 INFO  server.RaftServerConfigKeys (ConfUtils.java:logGet(43)) - raft.server.log.write.buffer.size = 33554432 (custom)
2019-07-30 08:43:25,598 INFO  server.RaftServerConfigKeys (ConfUtils.java:logGet(43)) - raft.server.log.segment.size.max = 1048576 (custom)
2019-07-30 08:43:25,599 INFO  server.RaftServerConfigKeys (ConfUtils.java:logGet(43)) - raft.server.log.force.sync.num = 128 (default)
2019-07-30 08:43:25,599 INFO  server.RaftServerConfigKeys (ConfUtils.java:logGet(43)) - raft.server.log.statemachine.data.sync = true (default)
2019-07-30 08:43:25,598 INFO  server.RaftServerConfigKeys (ConfUtils.java:logGet(43)) - raft.server.log.segment.size.max = 1048576 (custom)
2019-07-30 08:43:25,599 INFO  server.RaftServerConfigKeys (ConfUtils.java:logGet(43)) - raft.server.log.statemachine.data.sync.timeout = 10s (default)
2019-07-30 08:43:25,599 INFO  server.RaftServerConfigKeys (ConfUtils.java:logGet(43)) - raft.server.log.statemachine.data.sync.timeout.retry = -1 (default)
2019-07-30 08:43:25,599 INFO  server.RaftServerConfigKeys (ConfUtils.java:logGet(43)) - raft.server.log.segment.cache.num.max = 2 (custom)
2019-07-30 08:43:25,600 INFO  server.RaftServerConfigKeys (ConfUtils.java:logGet(43)) - raft.server.log.statemachine.data.caching.enabled = true (custom)
2019-07-30 08:43:25,599 INFO  server.RaftServerConfigKeys (ConfUtils.java:logGet(43)) - raft.server.log.segment.cache.num.max = 2 (custom)
2019-07-30 08:43:25,600 INFO  segmented.SegmentedRaftLogWorker (SegmentedRaftLogWorker.java:<init>(172)) - new 4d1f0788-cf21-4d87-a7e1-4c729fada3a8-SegmentedRaftLogWorker:Storage Directory /workdir/hadoop-ozone/integration-test/target/test-dir/MiniOzoneClusterImpl-37ab3f54-b949-4c63-9065-e0d0887795fa/datanode-1/data/ratis/3962e70c-a63f-458f-8250-6a2bf1ca856a for RaftStorage:Storage Directory /workdir/hadoop-ozone/integration-test/target/test-dir/MiniOzoneClusterImpl-37ab3f54-b949-4c63-9065-e0d0887795fa/datanode-1/data/ratis/3962e70c-a63f-458f-8250-6a2bf1ca856a
2019-07-30 08:43:25,600 INFO  segmented.SegmentedRaftLogWorker (SegmentedRaftLogWorker.java:lambda$new$0(132)) - 6dae1f3a-ee3a-4447-95fb-1633d0b2174b-SegmentedRaftLogWorker:Storage Directory /workdir/hadoop-ozone/integration-test/target/test-dir/MiniOzoneClusterImpl-37ab3f54-b949-4c63-9065-e0d0887795fa/datanode-2/data/ratis/3962e70c-a63f-458f-8250-6a2bf1ca856a: flushIndex: setUnconditionally 0 -> -1
2019-07-30 08:43:25,600 INFO  segmented.SegmentedRaftLogWorker (SegmentedRaftLogWorker.java:<init>(172)) - new d4d0ce07-1c1a-43a5-a001-b8f876e6336e-SegmentedRaftLogWorker:Storage Directory /workdir/hadoop-ozone/integration-test/target/test-dir/MiniOzoneClusterImpl-37ab3f54-b949-4c63-9065-e0d0887795fa/datanode-0/data/ratis/3962e70c-a63f-458f-8250-6a2bf1ca856a for RaftStorage:Storage Directory /workdir/hadoop-ozone/integration-test/target/test-dir/MiniOzoneClusterImpl-37ab3f54-b949-4c63-9065-e0d0887795fa/datanode-0/data/ratis/3962e70c-a63f-458f-8250-6a2bf1ca856a
2019-07-30 08:43:25,600 INFO  server.RaftServerConfigKeys (ConfUtils.java:logGet(43)) - raft.server.log.queue.byte-limit = 2147483647 (custom)
2019-07-30 08:43:25,601 INFO  server.RaftServerConfigKeys (ConfUtils.java:logGet(43)) - raft.server.snapshot.auto.trigger.enabled = true (custom)
2019-07-30 08:43:25,601 INFO  server.RaftServerConfigKeys (ConfUtils.java:logGet(43)) - raft.server.log.queue.byte-limit = 2147483647 (custom)
2019-07-30 08:43:25,601 INFO  server.RaftServerConfigKeys (ConfUtils.java:logGet(43)) - raft.server.snapshot.auto.trigger.threshold = 10000 (custom)
2019-07-30 08:43:25,601 INFO  server.RaftServerConfigKeys (ConfUtils.java:logGet(43)) - raft.server.log.queue.element-limit = 1024 (custom)
2019-07-30 08:43:25,601 INFO  server.RaftServerConfigKeys (ConfUtils.java:logGet(43)) - raft.server.retrycache.expirytime = 600000ms (custom)
2019-07-30 08:43:25,601 INFO  server.RaftServerConfigKeys (ConfUtils.java:logGet(43)) - raft.server.log.queue.element-limit = 1024 (custom)
2019-07-30 08:43:25,602 INFO  impl.RaftServerImpl (RaftServerImpl.java:start(180)) - 6dae1f3a-ee3a-4447-95fb-1633d0b2174b: start group-6A2BF1CA856A
2019-07-30 08:43:25,602 INFO  impl.RaftServerImpl (RaftServerImpl.java:setRole(171)) - 6dae1f3a-ee3a-4447-95fb-1633d0b2174b:group-6A2BF1CA856A changes role from null to FOLLOWER at term 0 for startAsFollower
2019-07-30 08:43:25,602 INFO  server.RaftServerConfigKeys (ConfUtils.java:logGet(43)) - raft.server.log.segment.size.max = 1048576 (custom)
2019-07-30 08:43:25,602 INFO  impl.RoleInfo (RoleInfo.java:updateAndGet(143)) - 6dae1f3a-ee3a-4447-95fb-1633d0b2174b: start FollowerState
2019-07-30 08:43:25,602 INFO  server.RaftServerConfigKeys (ConfUtils.java:logGet(43)) - raft.server.log.segment.size.max = 1048576 (custom)
2019-07-30 08:43:25,602 INFO  server.RaftServerConfigKeys (ConfUtils.java:logGet(43)) - raft.server.log.preallocated.size = 16384 (custom)
2019-07-30 08:43:25,603 INFO  server.RaftServerConfigKeys (ConfUtils.java:logGet(43)) - raft.server.log.preallocated.size = 16384 (custom)
2019-07-30 08:43:25,603 INFO  server.RaftServerConfigKeys (ConfUtils.java:logGet(43)) - raft.server.log.write.buffer.size = 33554432 (custom)
2019-07-30 08:43:25,603 INFO  util.JmxRegister (JmxRegister.java:tryRegister(44)) - Successfully registered JMX Bean with object name Ratis:service=RaftServer,group=group-6A2BF1CA856A,id=6dae1f3a-ee3a-4447-95fb-1633d0b2174b
2019-07-30 08:43:25,603 INFO  server.RaftServerConfigKeys (ConfUtils.java:logGet(43)) - raft.server.log.force.sync.num = 128 (default)
2019-07-30 08:43:25,603 INFO  server.RaftServerConfigKeys (ConfUtils.java:logGet(43)) - raft.server.log.statemachine.data.sync = true (default)
2019-07-30 08:43:25,603 INFO  server.RaftServerConfigKeys (ConfUtils.java:logGet(43)) - raft.server.log.write.buffer.size = 33554432 (custom)
2019-07-30 08:43:25,604 INFO  server.RaftServerConfigKeys (ConfUtils.java:logGet(43)) - raft.server.log.statemachine.data.sync.timeout = 10s (default)
2019-07-30 08:43:25,604 INFO  server.RaftServerConfigKeys (ConfUtils.java:logGet(43)) - raft.server.log.force.sync.num = 128 (default)
2019-07-30 08:43:25,604 INFO  server.RaftServerConfigKeys (ConfUtils.java:logGet(43)) - raft.server.log.statemachine.data.sync.timeout.retry = -1 (default)
2019-07-30 08:43:25,604 INFO  server.RaftServerConfigKeys (ConfUtils.java:logGet(43)) - raft.server.log.statemachine.data.sync = true (default)
2019-07-30 08:43:25,604 INFO  server.RaftServerConfigKeys (ConfUtils.java:logGet(43)) - raft.server.log.statemachine.data.caching.enabled = true (custom)
2019-07-30 08:43:25,604 INFO  server.RaftServerConfigKeys (ConfUtils.java:logGet(43)) - raft.server.log.statemachine.data.sync.timeout = 10s (default)
2019-07-30 08:43:25,608 INFO  server.RaftServerConfigKeys (ConfUtils.java:logGet(43)) - raft.server.log.statemachine.data.sync.timeout.retry = -1 (default)
2019-07-30 08:43:25,608 INFO  segmented.SegmentedRaftLogWorker (SegmentedRaftLogWorker.java:lambda$new$0(132)) - 4d1f0788-cf21-4d87-a7e1-4c729fada3a8-SegmentedRaftLogWorker:Storage Directory /workdir/hadoop-ozone/integration-test/target/test-dir/MiniOzoneClusterImpl-37ab3f54-b949-4c63-9065-e0d0887795fa/datanode-1/data/ratis/3962e70c-a63f-458f-8250-6a2bf1ca856a: flushIndex: setUnconditionally 0 -> -1
2019-07-30 08:43:25,608 INFO  server.RaftServerConfigKeys (ConfUtils.java:logGet(43)) - raft.server.log.statemachine.data.caching.enabled = true (custom)
2019-07-30 08:43:25,608 INFO  server.RaftServerConfigKeys (ConfUtils.java:logGet(43)) - raft.server.snapshot.auto.trigger.enabled = true (custom)
2019-07-30 08:43:25,608 INFO  server.RaftServerConfigKeys (ConfUtils.java:logGet(43)) - raft.server.snapshot.auto.trigger.threshold = 10000 (custom)
2019-07-30 08:43:25,608 INFO  segmented.SegmentedRaftLogWorker (SegmentedRaftLogWorker.java:lambda$new$0(132)) - d4d0ce07-1c1a-43a5-a001-b8f876e6336e-SegmentedRaftLogWorker:Storage Directory /workdir/hadoop-ozone/integration-test/target/test-dir/MiniOzoneClusterImpl-37ab3f54-b949-4c63-9065-e0d0887795fa/datanode-0/data/ratis/3962e70c-a63f-458f-8250-6a2bf1ca856a: flushIndex: setUnconditionally 0 -> -1
2019-07-30 08:43:25,608 INFO  server.RaftServerConfigKeys (ConfUtils.java:logGet(43)) - raft.server.retrycache.expirytime = 600000ms (custom)
2019-07-30 08:43:25,609 INFO  impl.RaftServerImpl (RaftServerImpl.java:start(180)) - 4d1f0788-cf21-4d87-a7e1-4c729fada3a8: start group-6A2BF1CA856A
2019-07-30 08:43:25,609 INFO  server.RaftServerConfigKeys (ConfUtils.java:logGet(43)) - raft.server.snapshot.auto.trigger.enabled = true (custom)
2019-07-30 08:43:25,609 INFO  impl.RaftServerImpl (RaftServerImpl.java:setRole(171)) - 4d1f0788-cf21-4d87-a7e1-4c729fada3a8:group-6A2BF1CA856A changes role from null to FOLLOWER at term 0 for startAsFollower
2019-07-30 08:43:25,609 INFO  server.RaftServerConfigKeys (ConfUtils.java:logGet(43)) - raft.server.snapshot.auto.trigger.threshold = 10000 (custom)
2019-07-30 08:43:25,609 INFO  impl.RoleInfo (RoleInfo.java:updateAndGet(143)) - 4d1f0788-cf21-4d87-a7e1-4c729fada3a8: start FollowerState
2019-07-30 08:43:25,609 INFO  server.RaftServerConfigKeys (ConfUtils.java:logGet(43)) - raft.server.retrycache.expirytime = 600000ms (custom)
2019-07-30 08:43:25,610 INFO  impl.RaftServerImpl (RaftServerImpl.java:start(180)) - d4d0ce07-1c1a-43a5-a001-b8f876e6336e: start group-6A2BF1CA856A
2019-07-30 08:43:25,610 INFO  util.JmxRegister (JmxRegister.java:tryRegister(44)) - Successfully registered JMX Bean with object name Ratis:service=RaftServer,group=group-6A2BF1CA856A,id=4d1f0788-cf21-4d87-a7e1-4c729fada3a8
2019-07-30 08:43:25,610 INFO  impl.RaftServerImpl (RaftServerImpl.java:setRole(171)) - d4d0ce07-1c1a-43a5-a001-b8f876e6336e:group-6A2BF1CA856A changes role from null to FOLLOWER at term 0 for startAsFollower
2019-07-30 08:43:25,610 INFO  impl.RoleInfo (RoleInfo.java:updateAndGet(143)) - d4d0ce07-1c1a-43a5-a001-b8f876e6336e: start FollowerState
2019-07-30 08:43:25,611 INFO  util.JmxRegister (JmxRegister.java:tryRegister(44)) - Successfully registered JMX Bean with object name Ratis:service=RaftServer,group=group-6A2BF1CA856A,id=d4d0ce07-1c1a-43a5-a001-b8f876e6336e
2019-07-30 08:43:25,627 INFO  pipeline.PipelineStateManager (PipelineStateManager.java:addPipeline(56)) - Created pipeline Pipeline[ Id: 3962e70c-a63f-458f-8250-6a2bf1ca856a, Nodes: 4d1f0788-cf21-4d87-a7e1-4c729fada3a8{ip: 192.168.69.91, host: byscane-nightly-jdzkf-783033596, networkLocation: /default-rack, certSerialId: null}6dae1f3a-ee3a-4447-95fb-1633d0b2174b{ip: 192.168.69.91, host: byscane-nightly-jdzkf-783033596, networkLocation: /default-rack, certSerialId: null}d4d0ce07-1c1a-43a5-a001-b8f876e6336e{ip: 192.168.69.91, host: byscane-nightly-jdzkf-783033596, networkLocation: /default-rack, certSerialId: null}, Type:RATIS, Factor:THREE, State:OPEN]
2019-07-30 08:43:25,634 INFO  net.NetworkTopology (NetworkTopologyImpl.java:add(110)) - Added a new node: /default-rack/9949de46-2340-4824-9bca-2c199f70f5b1
2019-07-30 08:43:25,634 INFO  node.SCMNodeManager (SCMNodeManager.java:register(273)) - Registered Data node : 9949de46-2340-4824-9bca-2c199f70f5b1{ip: 192.168.69.91, host: byscane-nightly-jdzkf-783033596, networkLocation: /default-rack, certSerialId: null}
2019-07-30 08:43:25,642 INFO  impl.RaftServerProxy (RaftServerProxy.java:addNew(89)) - 9949de46-2340-4824-9bca-2c199f70f5b1: addNew group-C52A02390030:[9949de46-2340-4824-9bca-2c199f70f5b1:192.168.69.91:42616] returns group-C52A02390030:java.util.concurrent.CompletableFuture@5b2d078a[Not completed]
2019-07-30 08:43:25,644 INFO  impl.RaftServerImpl (RaftServerImpl.java:<init>(93)) - 9949de46-2340-4824-9bca-2c199f70f5b1: new RaftServerImpl for group-C52A02390030:[9949de46-2340-4824-9bca-2c199f70f5b1:192.168.69.91:42616] with ContainerStateMachine:uninitialized
2019-07-30 08:43:25,644 INFO  server.RaftServerConfigKeys (ConfUtils.java:logGet(43)) - raft.server.rpc.timeout.min = 1s (custom)
2019-07-30 08:43:25,644 INFO  server.RaftServerConfigKeys (ConfUtils.java:logGet(43)) - raft.server.rpc.timeout.max = 1200ms (custom)
2019-07-30 08:43:25,644 INFO  server.RaftServerConfigKeys (ConfUtils.java:logGet(43)) - raft.server.rpcslowness.timeout = 120s (custom)
2019-07-30 08:43:25,644 INFO  server.RaftServerConfigKeys (ConfUtils.java:logGet(43)) - raft.server.sleep.deviation.threshold = 300 (default)
2019-07-30 08:43:25,644 INFO  server.RaftServerConfigKeys (ConfUtils.java:logGet(43)) - raft.server.log.appender.install.snapshot.enabled = false (custom)
2019-07-30 08:43:25,645 INFO  impl.RaftServerImpl (ServerState.java:<init>(105)) - 9949de46-2340-4824-9bca-2c199f70f5b1:group-C52A02390030 ConfigurationManager, init=-1: [9949de46-2340-4824-9bca-2c199f70f5b1:192.168.69.91:42616], old=null, confs=<EMPTY_MAP>
2019-07-30 08:43:25,645 INFO  server.RaftServerConfigKeys (ConfUtils.java:logGet(43)) - raft.server.storage.dir = [/workdir/hadoop-ozone/integration-test/target/test-dir/MiniOzoneClusterImpl-37ab3f54-b949-4c63-9065-e0d0887795fa/datanode-3/data/ratis] (custom)
2019-07-30 08:43:25,645 INFO  storage.RaftStorageDirectory (RaftStorageDirectory.java:analyzeStorage(246)) - The storage directory /workdir/hadoop-ozone/integration-test/target/test-dir/MiniOzoneClusterImpl-37ab3f54-b949-4c63-9065-e0d0887795fa/datanode-3/data/ratis/5cc3a6cb-6498-4c31-87ed-c52a02390030 does not exist. Creating ...
2019-07-30 08:43:25,670 INFO  storage.RaftStorageDirectory (RaftStorageDirectory.java:tryLock(328)) - Lock on /workdir/hadoop-ozone/integration-test/target/test-dir/MiniOzoneClusterImpl-37ab3f54-b949-4c63-9065-e0d0887795fa/datanode-3/data/ratis/5cc3a6cb-6498-4c31-87ed-c52a02390030/in_use.lock acquired by nodename 12271@byscane-nightly-jdzkf-783033596
2019-07-30 08:43:25,703 INFO  storage.RaftStorage (RaftStorage.java:format(72)) - Storage directory /workdir/hadoop-ozone/integration-test/target/test-dir/MiniOzoneClusterImpl-37ab3f54-b949-4c63-9065-e0d0887795fa/datanode-3/data/ratis/5cc3a6cb-6498-4c31-87ed-c52a02390030 has been successfully formatted.
2019-07-30 08:43:25,703 INFO  ratis.ContainerStateMachine (ContainerStateMachine.java:loadSnapshot(213)) - group-C52A02390030: The snapshot info is null. Setting the last applied indexto:(t:0, i:~)
2019-07-30 08:43:25,703 INFO  server.RaftServerConfigKeys (ConfUtils.java:logGet(43)) - raft.server.leader.election.timeout = 120s (custom)
2019-07-30 08:43:25,703 INFO  server.RaftServerConfigKeys (ConfUtils.java:logGet(43)) - raft.server.log.use.memory = false (default)
2019-07-30 08:43:25,703 INFO  server.RaftServerConfigKeys (ConfUtils.java:logGet(43)) - raft.server.log.purge.gap = 1000000000 (custom)
2019-07-30 08:43:25,703 INFO  server.RaftServerConfigKeys (ConfUtils.java:logGet(43)) - raft.server.log.appender.buffer.byte-limit = 33554432 (custom)
2019-07-30 08:43:25,704 INFO  server.RaftServerConfigKeys (ConfUtils.java:logGet(43)) - raft.server.log.segment.size.max = 1048576 (custom)
2019-07-30 08:43:25,704 INFO  server.RaftServerConfigKeys (ConfUtils.java:logGet(43)) - raft.server.log.segment.cache.num.max = 2 (custom)
2019-07-30 08:43:25,704 INFO  segmented.SegmentedRaftLogWorker (SegmentedRaftLogWorker.java:<init>(172)) - new 9949de46-2340-4824-9bca-2c199f70f5b1-SegmentedRaftLogWorker:Storage Directory /workdir/hadoop-ozone/integration-test/target/test-dir/MiniOzoneClusterImpl-37ab3f54-b949-4c63-9065-e0d0887795fa/datanode-3/data/ratis/5cc3a6cb-6498-4c31-87ed-c52a02390030 for RaftStorage:Storage Directory /workdir/hadoop-ozone/integration-test/target/test-dir/MiniOzoneClusterImpl-37ab3f54-b949-4c63-9065-e0d0887795fa/datanode-3/data/ratis/5cc3a6cb-6498-4c31-87ed-c52a02390030
2019-07-30 08:43:25,704 INFO  server.RaftServerConfigKeys (ConfUtils.java:logGet(43)) - raft.server.log.queue.byte-limit = 2147483647 (custom)
2019-07-30 08:43:25,704 INFO  server.RaftServerConfigKeys (ConfUtils.java:logGet(43)) - raft.server.log.queue.element-limit = 1024 (custom)
2019-07-30 08:43:25,704 INFO  server.RaftServerConfigKeys (ConfUtils.java:logGet(43)) - raft.server.log.segment.size.max = 1048576 (custom)
2019-07-30 08:43:25,705 INFO  server.RaftServerConfigKeys (ConfUtils.java:logGet(43)) - raft.server.log.preallocated.size = 16384 (custom)
2019-07-30 08:43:25,705 INFO  server.RaftServerConfigKeys (ConfUtils.java:logGet(43)) - raft.server.log.write.buffer.size = 33554432 (custom)
2019-07-30 08:43:25,705 INFO  server.RaftServerConfigKeys (ConfUtils.java:logGet(43)) - raft.server.log.force.sync.num = 128 (default)
2019-07-30 08:43:25,705 INFO  server.RaftServerConfigKeys (ConfUtils.java:logGet(43)) - raft.server.log.statemachine.data.sync = true (default)
2019-07-30 08:43:25,705 INFO  server.RaftServerConfigKeys (ConfUtils.java:logGet(43)) - raft.server.log.statemachine.data.sync.timeout = 10s (default)
2019-07-30 08:43:25,705 INFO  server.RaftServerConfigKeys (ConfUtils.java:logGet(43)) - raft.server.log.statemachine.data.sync.timeout.retry = -1 (default)
2019-07-30 08:43:25,706 INFO  server.RaftServerConfigKeys (ConfUtils.java:logGet(43)) - raft.server.log.statemachine.data.caching.enabled = true (custom)
2019-07-30 08:43:25,706 INFO  segmented.SegmentedRaftLogWorker (SegmentedRaftLogWorker.java:lambda$new$0(132)) - 9949de46-2340-4824-9bca-2c199f70f5b1-SegmentedRaftLogWorker:Storage Directory /workdir/hadoop-ozone/integration-test/target/test-dir/MiniOzoneClusterImpl-37ab3f54-b949-4c63-9065-e0d0887795fa/datanode-3/data/ratis/5cc3a6cb-6498-4c31-87ed-c52a02390030: flushIndex: setUnconditionally 0 -> -1
2019-07-30 08:43:25,706 INFO  server.RaftServerConfigKeys (ConfUtils.java:logGet(43)) - raft.server.snapshot.auto.trigger.enabled = true (custom)
2019-07-30 08:43:25,706 INFO  server.RaftServerConfigKeys (ConfUtils.java:logGet(43)) - raft.server.snapshot.auto.trigger.threshold = 10000 (custom)
2019-07-30 08:43:25,706 INFO  server.RaftServerConfigKeys (ConfUtils.java:logGet(43)) - raft.server.retrycache.expirytime = 600000ms (custom)
2019-07-30 08:43:25,707 INFO  impl.RaftServerImpl (RaftServerImpl.java:start(180)) - 9949de46-2340-4824-9bca-2c199f70f5b1: start group-C52A02390030
2019-07-30 08:43:25,707 INFO  impl.RaftServerImpl (RaftServerImpl.java:setRole(171)) - 9949de46-2340-4824-9bca-2c199f70f5b1:group-C52A02390030 changes role from null to FOLLOWER at term 0 for startAsFollower
2019-07-30 08:43:25,707 INFO  impl.RoleInfo (RoleInfo.java:updateAndGet(143)) - 9949de46-2340-4824-9bca-2c199f70f5b1: start FollowerState
2019-07-30 08:43:25,707 INFO  util.JmxRegister (JmxRegister.java:tryRegister(44)) - Successfully registered JMX Bean with object name Ratis:service=RaftServer,group=group-C52A02390030,id=9949de46-2340-4824-9bca-2c199f70f5b1
2019-07-30 08:43:25,713 INFO  pipeline.PipelineStateManager (PipelineStateManager.java:addPipeline(56)) - Created pipeline Pipeline[ Id: 5cc3a6cb-6498-4c31-87ed-c52a02390030, Nodes: 9949de46-2340-4824-9bca-2c199f70f5b1{ip: 192.168.69.91, host: byscane-nightly-jdzkf-783033596, networkLocation: /default-rack, certSerialId: null}, Type:RATIS, Factor:ONE, State:OPEN]
2019-07-30 08:43:25,825 INFO  net.NetworkTopology (NetworkTopologyImpl.java:add(110)) - Added a new node: /default-rack/67551cb6-ae93-47a6-a4d5-a37ca7905861
2019-07-30 08:43:25,825 INFO  node.SCMNodeManager (SCMNodeManager.java:register(273)) - Registered Data node : 67551cb6-ae93-47a6-a4d5-a37ca7905861{ip: 192.168.69.91, host: byscane-nightly-jdzkf-783033596, networkLocation: /default-rack, certSerialId: null}
2019-07-30 08:43:25,836 INFO  impl.RaftServerProxy (RaftServerProxy.java:addNew(89)) - 67551cb6-ae93-47a6-a4d5-a37ca7905861: addNew group-2C991CBF4EB3:[67551cb6-ae93-47a6-a4d5-a37ca7905861:192.168.69.91:37449] returns group-2C991CBF4EB3:java.util.concurrent.CompletableFuture@466cabf9[Not completed]
2019-07-30 08:43:25,837 INFO  impl.RaftServerImpl (RaftServerImpl.java:<init>(93)) - 67551cb6-ae93-47a6-a4d5-a37ca7905861: new RaftServerImpl for group-2C991CBF4EB3:[67551cb6-ae93-47a6-a4d5-a37ca7905861:192.168.69.91:37449] with ContainerStateMachine:uninitialized
2019-07-30 08:43:25,837 INFO  server.RaftServerConfigKeys (ConfUtils.java:logGet(43)) - raft.server.rpc.timeout.min = 1s (custom)
2019-07-30 08:43:25,837 INFO  server.RaftServerConfigKeys (ConfUtils.java:logGet(43)) - raft.server.rpc.timeout.max = 1200ms (custom)
2019-07-30 08:43:25,837 INFO  server.RaftServerConfigKeys (ConfUtils.java:logGet(43)) - raft.server.rpcslowness.timeout = 120s (custom)
2019-07-30 08:43:25,837 INFO  server.RaftServerConfigKeys (ConfUtils.java:logGet(43)) - raft.server.sleep.deviation.threshold = 300 (default)
2019-07-30 08:43:25,837 INFO  server.RaftServerConfigKeys (ConfUtils.java:logGet(43)) - raft.server.log.appender.install.snapshot.enabled = false (custom)
2019-07-30 08:43:25,838 INFO  impl.RaftServerImpl (ServerState.java:<init>(105)) - 67551cb6-ae93-47a6-a4d5-a37ca7905861:group-2C991CBF4EB3 ConfigurationManager, init=-1: [67551cb6-ae93-47a6-a4d5-a37ca7905861:192.168.69.91:37449], old=null, confs=<EMPTY_MAP>
2019-07-30 08:43:25,838 INFO  server.RaftServerConfigKeys (ConfUtils.java:logGet(43)) - raft.server.storage.dir = [/workdir/hadoop-ozone/integration-test/target/test-dir/MiniOzoneClusterImpl-37ab3f54-b949-4c63-9065-e0d0887795fa/datanode-4/data/ratis] (custom)
2019-07-30 08:43:25,838 INFO  storage.RaftStorageDirectory (RaftStorageDirectory.java:analyzeStorage(246)) - The storage directory /workdir/hadoop-ozone/integration-test/target/test-dir/MiniOzoneClusterImpl-37ab3f54-b949-4c63-9065-e0d0887795fa/datanode-4/data/ratis/d06a8d93-ece6-4bc7-948f-2c991cbf4eb3 does not exist. Creating ...
2019-07-30 08:43:25,851 INFO  storage.RaftStorageDirectory (RaftStorageDirectory.java:tryLock(328)) - Lock on /workdir/hadoop-ozone/integration-test/target/test-dir/MiniOzoneClusterImpl-37ab3f54-b949-4c63-9065-e0d0887795fa/datanode-4/data/ratis/d06a8d93-ece6-4bc7-948f-2c991cbf4eb3/in_use.lock acquired by nodename 12271@byscane-nightly-jdzkf-783033596
2019-07-30 08:43:25,877 INFO  storage.RaftStorage (RaftStorage.java:format(72)) - Storage directory /workdir/hadoop-ozone/integration-test/target/test-dir/MiniOzoneClusterImpl-37ab3f54-b949-4c63-9065-e0d0887795fa/datanode-4/data/ratis/d06a8d93-ece6-4bc7-948f-2c991cbf4eb3 has been successfully formatted.
2019-07-30 08:43:25,877 INFO  ratis.ContainerStateMachine (ContainerStateMachine.java:loadSnapshot(213)) - group-2C991CBF4EB3: The snapshot info is null. Setting the last applied indexto:(t:0, i:~)
2019-07-30 08:43:25,877 INFO  server.RaftServerConfigKeys (ConfUtils.java:logGet(43)) - raft.server.leader.election.timeout = 120s (custom)
2019-07-30 08:43:25,878 INFO  server.RaftServerConfigKeys (ConfUtils.java:logGet(43)) - raft.server.log.use.memory = false (default)
2019-07-30 08:43:25,878 INFO  server.RaftServerConfigKeys (ConfUtils.java:logGet(43)) - raft.server.log.purge.gap = 1000000000 (custom)
2019-07-30 08:43:25,878 INFO  server.RaftServerConfigKeys (ConfUtils.java:logGet(43)) - raft.server.log.appender.buffer.byte-limit = 33554432 (custom)
2019-07-30 08:43:25,878 INFO  server.RaftServerConfigKeys (ConfUtils.java:logGet(43)) - raft.server.log.segment.size.max = 1048576 (custom)
2019-07-30 08:43:25,878 INFO  server.RaftServerConfigKeys (ConfUtils.java:logGet(43)) - raft.server.log.segment.cache.num.max = 2 (custom)
2019-07-30 08:43:25,878 INFO  segmented.SegmentedRaftLogWorker (SegmentedRaftLogWorker.java:<init>(172)) - new 67551cb6-ae93-47a6-a4d5-a37ca7905861-SegmentedRaftLogWorker:Storage Directory /workdir/hadoop-ozone/integration-test/target/test-dir/MiniOzoneClusterImpl-37ab3f54-b949-4c63-9065-e0d0887795fa/datanode-4/data/ratis/d06a8d93-ece6-4bc7-948f-2c991cbf4eb3 for RaftStorage:Storage Directory /workdir/hadoop-ozone/integration-test/target/test-dir/MiniOzoneClusterImpl-37ab3f54-b949-4c63-9065-e0d0887795fa/datanode-4/data/ratis/d06a8d93-ece6-4bc7-948f-2c991cbf4eb3
2019-07-30 08:43:25,879 INFO  server.RaftServerConfigKeys (ConfUtils.java:logGet(43)) - raft.server.log.queue.byte-limit = 2147483647 (custom)
2019-07-30 08:43:25,879 INFO  server.RaftServerConfigKeys (ConfUtils.java:logGet(43)) - raft.server.log.queue.element-limit = 1024 (custom)
2019-07-30 08:43:25,879 INFO  server.RaftServerConfigKeys (ConfUtils.java:logGet(43)) - raft.server.log.segment.size.max = 1048576 (custom)
2019-07-30 08:43:25,879 INFO  server.RaftServerConfigKeys (ConfUtils.java:logGet(43)) - raft.server.log.preallocated.size = 16384 (custom)
2019-07-30 08:43:25,879 INFO  server.RaftServerConfigKeys (ConfUtils.java:logGet(43)) - raft.server.log.write.buffer.size = 33554432 (custom)
2019-07-30 08:43:25,880 INFO  server.RaftServerConfigKeys (ConfUtils.java:logGet(43)) - raft.server.log.force.sync.num = 128 (default)
2019-07-30 08:43:25,880 INFO  server.RaftServerConfigKeys (ConfUtils.java:logGet(43)) - raft.server.log.statemachine.data.sync = true (default)
2019-07-30 08:43:25,880 INFO  server.RaftServerConfigKeys (ConfUtils.java:logGet(43)) - raft.server.log.statemachine.data.sync.timeout = 10s (default)
2019-07-30 08:43:25,880 INFO  server.RaftServerConfigKeys (ConfUtils.java:logGet(43)) - raft.server.log.statemachine.data.sync.timeout.retry = -1 (default)
2019-07-30 08:43:25,881 INFO  server.RaftServerConfigKeys (ConfUtils.java:logGet(43)) - raft.server.log.statemachine.data.caching.enabled = true (custom)
2019-07-30 08:43:25,881 INFO  segmented.SegmentedRaftLogWorker (SegmentedRaftLogWorker.java:lambda$new$0(132)) - 67551cb6-ae93-47a6-a4d5-a37ca7905861-SegmentedRaftLogWorker:Storage Directory /workdir/hadoop-ozone/integration-test/target/test-dir/MiniOzoneClusterImpl-37ab3f54-b949-4c63-9065-e0d0887795fa/datanode-4/data/ratis/d06a8d93-ece6-4bc7-948f-2c991cbf4eb3: flushIndex: setUnconditionally 0 -> -1
2019-07-30 08:43:25,882 INFO  server.RaftServerConfigKeys (ConfUtils.java:logGet(43)) - raft.server.snapshot.auto.trigger.enabled = true (custom)
2019-07-30 08:43:25,882 INFO  server.RaftServerConfigKeys (ConfUtils.java:logGet(43)) - raft.server.snapshot.auto.trigger.threshold = 10000 (custom)
2019-07-30 08:43:25,882 INFO  server.RaftServerConfigKeys (ConfUtils.java:logGet(43)) - raft.server.retrycache.expirytime = 600000ms (custom)
2019-07-30 08:43:25,882 INFO  impl.RaftServerImpl (RaftServerImpl.java:start(180)) - 67551cb6-ae93-47a6-a4d5-a37ca7905861: start group-2C991CBF4EB3
2019-07-30 08:43:25,883 INFO  impl.RaftServerImpl (RaftServerImpl.java:setRole(171)) - 67551cb6-ae93-47a6-a4d5-a37ca7905861:group-2C991CBF4EB3 changes role from null to FOLLOWER at term 0 for startAsFollower
2019-07-30 08:43:25,883 INFO  impl.RoleInfo (RoleInfo.java:updateAndGet(143)) - 67551cb6-ae93-47a6-a4d5-a37ca7905861: start FollowerState
2019-07-30 08:43:25,893 INFO  util.JmxRegister (JmxRegister.java:tryRegister(44)) - Successfully registered JMX Bean with object name Ratis:service=RaftServer,group=group-2C991CBF4EB3,id=67551cb6-ae93-47a6-a4d5-a37ca7905861
2019-07-30 08:43:25,905 INFO  pipeline.PipelineStateManager (PipelineStateManager.java:addPipeline(56)) - Created pipeline Pipeline[ Id: d06a8d93-ece6-4bc7-948f-2c991cbf4eb3, Nodes: 67551cb6-ae93-47a6-a4d5-a37ca7905861{ip: 192.168.69.91, host: byscane-nightly-jdzkf-783033596, networkLocation: /default-rack, certSerialId: null}, Type:RATIS, Factor:ONE, State:OPEN]
2019-07-30 08:43:26,030 INFO  ozone.MiniOzoneClusterImpl (MiniOzoneClusterImpl.java:lambda$waitForClusterToBeReady$0(142)) - Waiting for cluster to be ready. Got 5 of 6 DN Heartbeats.
2019-07-30 08:43:26,031 INFO  net.NetworkTopology (NetworkTopologyImpl.java:add(110)) - Added a new node: /default-rack/98862409-14f4-495d-a9f4-b4e71118c9a2
2019-07-30 08:43:26,031 INFO  node.SCMNodeManager (SCMNodeManager.java:register(273)) - Registered Data node : 98862409-14f4-495d-a9f4-b4e71118c9a2{ip: 192.168.69.91, host: byscane-nightly-jdzkf-783033596, networkLocation: /default-rack, certSerialId: null}
2019-07-30 08:43:26,040 INFO  impl.RaftServerProxy (RaftServerProxy.java:addNew(89)) - 98862409-14f4-495d-a9f4-b4e71118c9a2: addNew group-62DAAA229F6B:[98862409-14f4-495d-a9f4-b4e71118c9a2:192.168.69.91:38254] returns group-62DAAA229F6B:java.util.concurrent.CompletableFuture@4ff1a629[Not completed]
2019-07-30 08:43:26,042 INFO  impl.RaftServerImpl (RaftServerImpl.java:<init>(93)) - 98862409-14f4-495d-a9f4-b4e71118c9a2: new RaftServerImpl for group-62DAAA229F6B:[98862409-14f4-495d-a9f4-b4e71118c9a2:192.168.69.91:38254] with ContainerStateMachine:uninitialized
2019-07-30 08:43:26,043 INFO  server.RaftServerConfigKeys (ConfUtils.java:logGet(43)) - raft.server.rpc.timeout.min = 1s (custom)
2019-07-30 08:43:26,043 INFO  server.RaftServerConfigKeys (ConfUtils.java:logGet(43)) - raft.server.rpc.timeout.max = 1200ms (custom)
2019-07-30 08:43:26,043 INFO  server.RaftServerConfigKeys (ConfUtils.java:logGet(43)) - raft.server.rpcslowness.timeout = 120s (custom)
2019-07-30 08:43:26,043 INFO  server.RaftServerConfigKeys (ConfUtils.java:logGet(43)) - raft.server.sleep.deviation.threshold = 300 (default)
2019-07-30 08:43:26,043 INFO  server.RaftServerConfigKeys (ConfUtils.java:logGet(43)) - raft.server.log.appender.install.snapshot.enabled = false (custom)
2019-07-30 08:43:26,043 INFO  impl.RaftServerImpl (ServerState.java:<init>(105)) - 98862409-14f4-495d-a9f4-b4e71118c9a2:group-62DAAA229F6B ConfigurationManager, init=-1: [98862409-14f4-495d-a9f4-b4e71118c9a2:192.168.69.91:38254], old=null, confs=<EMPTY_MAP>
2019-07-30 08:43:26,044 INFO  server.RaftServerConfigKeys (ConfUtils.java:logGet(43)) - raft.server.storage.dir = [/workdir/hadoop-ozone/integration-test/target/test-dir/MiniOzoneClusterImpl-37ab3f54-b949-4c63-9065-e0d0887795fa/datanode-5/data/ratis] (custom)
2019-07-30 08:43:26,044 INFO  storage.RaftStorageDirectory (RaftStorageDirectory.java:analyzeStorage(246)) - The storage directory /workdir/hadoop-ozone/integration-test/target/test-dir/MiniOzoneClusterImpl-37ab3f54-b949-4c63-9065-e0d0887795fa/datanode-5/data/ratis/66d63b5e-edff-47c6-8905-62daaa229f6b does not exist. Creating ...
2019-07-30 08:43:26,069 INFO  storage.RaftStorageDirectory (RaftStorageDirectory.java:tryLock(328)) - Lock on /workdir/hadoop-ozone/integration-test/target/test-dir/MiniOzoneClusterImpl-37ab3f54-b949-4c63-9065-e0d0887795fa/datanode-5/data/ratis/66d63b5e-edff-47c6-8905-62daaa229f6b/in_use.lock acquired by nodename 12271@byscane-nightly-jdzkf-783033596
2019-07-30 08:43:26,083 INFO  storage.RaftStorage (RaftStorage.java:format(72)) - Storage directory /workdir/hadoop-ozone/integration-test/target/test-dir/MiniOzoneClusterImpl-37ab3f54-b949-4c63-9065-e0d0887795fa/datanode-5/data/ratis/66d63b5e-edff-47c6-8905-62daaa229f6b has been successfully formatted.
2019-07-30 08:43:26,083 INFO  ratis.ContainerStateMachine (ContainerStateMachine.java:loadSnapshot(213)) - group-62DAAA229F6B: The snapshot info is null. Setting the last applied indexto:(t:0, i:~)
2019-07-30 08:43:26,083 INFO  server.RaftServerConfigKeys (ConfUtils.java:logGet(43)) - raft.server.leader.election.timeout = 120s (custom)
2019-07-30 08:43:26,083 INFO  server.RaftServerConfigKeys (ConfUtils.java:logGet(43)) - raft.server.log.use.memory = false (default)
2019-07-30 08:43:26,083 INFO  server.RaftServerConfigKeys (ConfUtils.java:logGet(43)) - raft.server.log.purge.gap = 1000000000 (custom)
2019-07-30 08:43:26,084 INFO  server.RaftServerConfigKeys (ConfUtils.java:logGet(43)) - raft.server.log.appender.buffer.byte-limit = 33554432 (custom)
2019-07-30 08:43:26,084 INFO  server.RaftServerConfigKeys (ConfUtils.java:logGet(43)) - raft.server.log.segment.size.max = 1048576 (custom)
2019-07-30 08:43:26,084 INFO  server.RaftServerConfigKeys (ConfUtils.java:logGet(43)) - raft.server.log.segment.cache.num.max = 2 (custom)
2019-07-30 08:43:26,084 INFO  segmented.SegmentedRaftLogWorker (SegmentedRaftLogWorker.java:<init>(172)) - new 98862409-14f4-495d-a9f4-b4e71118c9a2-SegmentedRaftLogWorker:Storage Directory /workdir/hadoop-ozone/integration-test/target/test-dir/MiniOzoneClusterImpl-37ab3f54-b949-4c63-9065-e0d0887795fa/datanode-5/data/ratis/66d63b5e-edff-47c6-8905-62daaa229f6b for RaftStorage:Storage Directory /workdir/hadoop-ozone/integration-test/target/test-dir/MiniOzoneClusterImpl-37ab3f54-b949-4c63-9065-e0d0887795fa/datanode-5/data/ratis/66d63b5e-edff-47c6-8905-62daaa229f6b
2019-07-30 08:43:26,084 INFO  server.RaftServerConfigKeys (ConfUtils.java:logGet(43)) - raft.server.log.queue.byte-limit = 2147483647 (custom)
2019-07-30 08:43:26,084 INFO  server.RaftServerConfigKeys (ConfUtils.java:logGet(43)) - raft.server.log.queue.element-limit = 1024 (custom)
2019-07-30 08:43:26,085 INFO  server.RaftServerConfigKeys (ConfUtils.java:logGet(43)) - raft.server.log.segment.size.max = 1048576 (custom)
2019-07-30 08:43:26,085 INFO  server.RaftServerConfigKeys (ConfUtils.java:logGet(43)) - raft.server.log.preallocated.size = 16384 (custom)
2019-07-30 08:43:26,085 INFO  server.RaftServerConfigKeys (ConfUtils.java:logGet(43)) - raft.server.log.write.buffer.size = 33554432 (custom)
2019-07-30 08:43:26,085 INFO  server.RaftServerConfigKeys (ConfUtils.java:logGet(43)) - raft.server.log.force.sync.num = 128 (default)
2019-07-30 08:43:26,085 INFO  server.RaftServerConfigKeys (ConfUtils.java:logGet(43)) - raft.server.log.statemachine.data.sync = true (default)
2019-07-30 08:43:26,085 INFO  server.RaftServerConfigKeys (ConfUtils.java:logGet(43)) - raft.server.log.statemachine.data.sync.timeout = 10s (default)
2019-07-30 08:43:26,085 INFO  server.RaftServerConfigKeys (ConfUtils.java:logGet(43)) - raft.server.log.statemachine.data.sync.timeout.retry = -1 (default)
2019-07-30 08:43:26,086 INFO  server.RaftServerConfigKeys (ConfUtils.java:logGet(43)) - raft.server.log.statemachine.data.caching.enabled = true (custom)
2019-07-30 08:43:26,086 INFO  segmented.SegmentedRaftLogWorker (SegmentedRaftLogWorker.java:lambda$new$0(132)) - 98862409-14f4-495d-a9f4-b4e71118c9a2-SegmentedRaftLogWorker:Storage Directory /workdir/hadoop-ozone/integration-test/target/test-dir/MiniOzoneClusterImpl-37ab3f54-b949-4c63-9065-e0d0887795fa/datanode-5/data/ratis/66d63b5e-edff-47c6-8905-62daaa229f6b: flushIndex: setUnconditionally 0 -> -1
2019-07-30 08:43:26,086 INFO  server.RaftServerConfigKeys (ConfUtils.java:logGet(43)) - raft.server.snapshot.auto.trigger.enabled = true (custom)
2019-07-30 08:43:26,087 INFO  server.RaftServerConfigKeys (ConfUtils.java:logGet(43)) - raft.server.snapshot.auto.trigger.threshold = 10000 (custom)
2019-07-30 08:43:26,087 INFO  server.RaftServerConfigKeys (ConfUtils.java:logGet(43)) - raft.server.retrycache.expirytime = 600000ms (custom)
2019-07-30 08:43:26,087 INFO  impl.RaftServerImpl (RaftServerImpl.java:start(180)) - 98862409-14f4-495d-a9f4-b4e71118c9a2: start group-62DAAA229F6B
2019-07-30 08:43:26,087 INFO  impl.RaftServerImpl (RaftServerImpl.java:setRole(171)) - 98862409-14f4-495d-a9f4-b4e71118c9a2:group-62DAAA229F6B changes role from null to FOLLOWER at term 0 for startAsFollower
2019-07-30 08:43:26,087 INFO  impl.RoleInfo (RoleInfo.java:updateAndGet(143)) - 98862409-14f4-495d-a9f4-b4e71118c9a2: start FollowerState
2019-07-30 08:43:26,088 INFO  util.JmxRegister (JmxRegister.java:tryRegister(44)) - Successfully registered JMX Bean with object name Ratis:service=RaftServer,group=group-62DAAA229F6B,id=98862409-14f4-495d-a9f4-b4e71118c9a2
2019-07-30 08:43:26,093 INFO  pipeline.PipelineStateManager (PipelineStateManager.java:addPipeline(56)) - Created pipeline Pipeline[ Id: 66d63b5e-edff-47c6-8905-62daaa229f6b, Nodes: 98862409-14f4-495d-a9f4-b4e71118c9a2{ip: 192.168.69.91, host: byscane-nightly-jdzkf-783033596, networkLocation: /default-rack, certSerialId: null}, Type:RATIS, Factor:ONE, State:OPEN]
2019-07-30 08:43:26,110 INFO  impl.RaftServerProxy (RaftServerProxy.java:addNew(89)) - 67551cb6-ae93-47a6-a4d5-a37ca7905861: addNew group-F4254B630BBB:[98862409-14f4-495d-a9f4-b4e71118c9a2:192.168.69.91:38254, 67551cb6-ae93-47a6-a4d5-a37ca7905861:192.168.69.91:37449, 9949de46-2340-4824-9bca-2c199f70f5b1:192.168.69.91:42616] returns group-F4254B630BBB:java.util.concurrent.CompletableFuture@5bf35479[Not completed]
2019-07-30 08:43:26,110 INFO  impl.RaftServerProxy (RaftServerProxy.java:addNew(89)) - 98862409-14f4-495d-a9f4-b4e71118c9a2: addNew group-F4254B630BBB:[98862409-14f4-495d-a9f4-b4e71118c9a2:192.168.69.91:38254, 67551cb6-ae93-47a6-a4d5-a37ca7905861:192.168.69.91:37449, 9949de46-2340-4824-9bca-2c199f70f5b1:192.168.69.91:42616] returns group-F4254B630BBB:java.util.concurrent.CompletableFuture@261e2dd8[Not completed]
2019-07-30 08:43:26,111 INFO  impl.RaftServerProxy (RaftServerProxy.java:addNew(89)) - 9949de46-2340-4824-9bca-2c199f70f5b1: addNew group-F4254B630BBB:[98862409-14f4-495d-a9f4-b4e71118c9a2:192.168.69.91:38254, 67551cb6-ae93-47a6-a4d5-a37ca7905861:192.168.69.91:37449, 9949de46-2340-4824-9bca-2c199f70f5b1:192.168.69.91:42616] returns group-F4254B630BBB:java.util.concurrent.CompletableFuture@6c0d2567[Not completed]
2019-07-30 08:43:26,111 INFO  impl.RaftServerImpl (RaftServerImpl.java:<init>(93)) - 67551cb6-ae93-47a6-a4d5-a37ca7905861: new RaftServerImpl for group-F4254B630BBB:[98862409-14f4-495d-a9f4-b4e71118c9a2:192.168.69.91:38254, 67551cb6-ae93-47a6-a4d5-a37ca7905861:192.168.69.91:37449, 9949de46-2340-4824-9bca-2c199f70f5b1:192.168.69.91:42616] with ContainerStateMachine:uninitialized
2019-07-30 08:43:26,111 INFO  server.RaftServerConfigKeys (ConfUtils.java:logGet(43)) - raft.server.rpc.timeout.min = 1s (custom)
2019-07-30 08:43:26,112 INFO  server.RaftServerConfigKeys (ConfUtils.java:logGet(43)) - raft.server.rpc.timeout.max = 1200ms (custom)
2019-07-30 08:43:26,112 INFO  server.RaftServerConfigKeys (ConfUtils.java:logGet(43)) - raft.server.rpcslowness.timeout = 120s (custom)
2019-07-30 08:43:26,112 INFO  impl.RaftServerImpl (RaftServerImpl.java:<init>(93)) - 98862409-14f4-495d-a9f4-b4e71118c9a2: new RaftServerImpl for group-F4254B630BBB:[98862409-14f4-495d-a9f4-b4e71118c9a2:192.168.69.91:38254, 67551cb6-ae93-47a6-a4d5-a37ca7905861:192.168.69.91:37449, 9949de46-2340-4824-9bca-2c199f70f5b1:192.168.69.91:42616] with ContainerStateMachine:uninitialized
2019-07-30 08:43:26,112 INFO  server.RaftServerConfigKeys (ConfUtils.java:logGet(43)) - raft.server.sleep.deviation.threshold = 300 (default)
2019-07-30 08:43:26,112 INFO  server.RaftServerConfigKeys (ConfUtils.java:logGet(43)) - raft.server.rpc.timeout.min = 1s (custom)
2019-07-30 08:43:26,112 INFO  impl.RaftServerImpl (RaftServerImpl.java:<init>(93)) - 9949de46-2340-4824-9bca-2c199f70f5b1: new RaftServerImpl for group-F4254B630BBB:[98862409-14f4-495d-a9f4-b4e71118c9a2:192.168.69.91:38254, 67551cb6-ae93-47a6-a4d5-a37ca7905861:192.168.69.91:37449, 9949de46-2340-4824-9bca-2c199f70f5b1:192.168.69.91:42616] with ContainerStateMachine:uninitialized
2019-07-30 08:43:26,112 INFO  server.RaftServerConfigKeys (ConfUtils.java:logGet(43)) - raft.server.log.appender.install.snapshot.enabled = false (custom)
2019-07-30 08:43:26,113 INFO  server.RaftServerConfigKeys (ConfUtils.java:logGet(43)) - raft.server.rpc.timeout.min = 1s (custom)
2019-07-30 08:43:26,113 INFO  server.RaftServerConfigKeys (ConfUtils.java:logGet(43)) - raft.server.rpc.timeout.max = 1200ms (custom)
2019-07-30 08:43:26,112 INFO  server.RaftServerConfigKeys (ConfUtils.java:logGet(43)) - raft.server.rpc.timeout.max = 1200ms (custom)
2019-07-30 08:43:26,113 INFO  server.RaftServerConfigKeys (ConfUtils.java:logGet(43)) - raft.server.rpcslowness.timeout = 120s (custom)
2019-07-30 08:43:26,113 INFO  server.RaftServerConfigKeys (ConfUtils.java:logGet(43)) - raft.server.sleep.deviation.threshold = 300 (default)
2019-07-30 08:43:26,113 INFO  impl.RaftServerImpl (ServerState.java:<init>(105)) - 67551cb6-ae93-47a6-a4d5-a37ca7905861:group-F4254B630BBB ConfigurationManager, init=-1: [98862409-14f4-495d-a9f4-b4e71118c9a2:192.168.69.91:38254, 67551cb6-ae93-47a6-a4d5-a37ca7905861:192.168.69.91:37449, 9949de46-2340-4824-9bca-2c199f70f5b1:192.168.69.91:42616], old=null, confs=<EMPTY_MAP>
2019-07-30 08:43:26,113 INFO  server.RaftServerConfigKeys (ConfUtils.java:logGet(43)) - raft.server.log.appender.install.snapshot.enabled = false (custom)
2019-07-30 08:43:26,113 INFO  server.RaftServerConfigKeys (ConfUtils.java:logGet(43)) - raft.server.rpcslowness.timeout = 120s (custom)
2019-07-30 08:43:26,114 INFO  impl.RaftServerImpl (ServerState.java:<init>(105)) - 9949de46-2340-4824-9bca-2c199f70f5b1:group-F4254B630BBB ConfigurationManager, init=-1: [98862409-14f4-495d-a9f4-b4e71118c9a2:192.168.69.91:38254, 67551cb6-ae93-47a6-a4d5-a37ca7905861:192.168.69.91:37449, 9949de46-2340-4824-9bca-2c199f70f5b1:192.168.69.91:42616], old=null, confs=<EMPTY_MAP>
2019-07-30 08:43:26,114 INFO  server.RaftServerConfigKeys (ConfUtils.java:logGet(43)) - raft.server.storage.dir = [/workdir/hadoop-ozone/integration-test/target/test-dir/MiniOzoneClusterImpl-37ab3f54-b949-4c63-9065-e0d0887795fa/datanode-4/data/ratis] (custom)
2019-07-30 08:43:26,114 INFO  server.RaftServerConfigKeys (ConfUtils.java:logGet(43)) - raft.server.storage.dir = [/workdir/hadoop-ozone/integration-test/target/test-dir/MiniOzoneClusterImpl-37ab3f54-b949-4c63-9065-e0d0887795fa/datanode-3/data/ratis] (custom)
2019-07-30 08:43:26,114 INFO  server.RaftServerConfigKeys (ConfUtils.java:logGet(43)) - raft.server.sleep.deviation.threshold = 300 (default)
2019-07-30 08:43:26,114 INFO  storage.RaftStorageDirectory (RaftStorageDirectory.java:analyzeStorage(246)) - The storage directory /workdir/hadoop-ozone/integration-test/target/test-dir/MiniOzoneClusterImpl-37ab3f54-b949-4c63-9065-e0d0887795fa/datanode-4/data/ratis/288bfd60-cccc-4977-83ca-f4254b630bbb does not exist. Creating ...
2019-07-30 08:43:26,115 INFO  storage.RaftStorageDirectory (RaftStorageDirectory.java:analyzeStorage(246)) - The storage directory /workdir/hadoop-ozone/integration-test/target/test-dir/MiniOzoneClusterImpl-37ab3f54-b949-4c63-9065-e0d0887795fa/datanode-3/data/ratis/288bfd60-cccc-4977-83ca-f4254b630bbb does not exist. Creating ...
2019-07-30 08:43:26,114 INFO  server.RaftServerConfigKeys (ConfUtils.java:logGet(43)) - raft.server.log.appender.install.snapshot.enabled = false (custom)
2019-07-30 08:43:26,115 INFO  impl.RaftServerImpl (ServerState.java:<init>(105)) - 98862409-14f4-495d-a9f4-b4e71118c9a2:group-F4254B630BBB ConfigurationManager, init=-1: [98862409-14f4-495d-a9f4-b4e71118c9a2:192.168.69.91:38254, 67551cb6-ae93-47a6-a4d5-a37ca7905861:192.168.69.91:37449, 9949de46-2340-4824-9bca-2c199f70f5b1:192.168.69.91:42616], old=null, confs=<EMPTY_MAP>
2019-07-30 08:43:26,115 INFO  server.RaftServerConfigKeys (ConfUtils.java:logGet(43)) - raft.server.storage.dir = [/workdir/hadoop-ozone/integration-test/target/test-dir/MiniOzoneClusterImpl-37ab3f54-b949-4c63-9065-e0d0887795fa/datanode-5/data/ratis] (custom)
2019-07-30 08:43:26,116 INFO  storage.RaftStorageDirectory (RaftStorageDirectory.java:analyzeStorage(246)) - The storage directory /workdir/hadoop-ozone/integration-test/target/test-dir/MiniOzoneClusterImpl-37ab3f54-b949-4c63-9065-e0d0887795fa/datanode-5/data/ratis/288bfd60-cccc-4977-83ca-f4254b630bbb does not exist. Creating ...
2019-07-30 08:43:26,128 INFO  storage.RaftStorageDirectory (RaftStorageDirectory.java:tryLock(328)) - Lock on /workdir/hadoop-ozone/integration-test/target/test-dir/MiniOzoneClusterImpl-37ab3f54-b949-4c63-9065-e0d0887795fa/datanode-5/data/ratis/288bfd60-cccc-4977-83ca-f4254b630bbb/in_use.lock acquired by nodename 12271@byscane-nightly-jdzkf-783033596
2019-07-30 08:43:26,128 INFO  storage.RaftStorageDirectory (RaftStorageDirectory.java:tryLock(328)) - Lock on /workdir/hadoop-ozone/integration-test/target/test-dir/MiniOzoneClusterImpl-37ab3f54-b949-4c63-9065-e0d0887795fa/datanode-4/data/ratis/288bfd60-cccc-4977-83ca-f4254b630bbb/in_use.lock acquired by nodename 12271@byscane-nightly-jdzkf-783033596
2019-07-30 08:43:26,128 INFO  storage.RaftStorageDirectory (RaftStorageDirectory.java:tryLock(328)) - Lock on /workdir/hadoop-ozone/integration-test/target/test-dir/MiniOzoneClusterImpl-37ab3f54-b949-4c63-9065-e0d0887795fa/datanode-3/data/ratis/288bfd60-cccc-4977-83ca-f4254b630bbb/in_use.lock acquired by nodename 12271@byscane-nightly-jdzkf-783033596
2019-07-30 08:43:26,153 INFO  storage.RaftStorage (RaftStorage.java:format(72)) - Storage directory /workdir/hadoop-ozone/integration-test/target/test-dir/MiniOzoneClusterImpl-37ab3f54-b949-4c63-9065-e0d0887795fa/datanode-3/data/ratis/288bfd60-cccc-4977-83ca-f4254b630bbb has been successfully formatted.
2019-07-30 08:43:26,153 INFO  storage.RaftStorage (RaftStorage.java:format(72)) - Storage directory /workdir/hadoop-ozone/integration-test/target/test-dir/MiniOzoneClusterImpl-37ab3f54-b949-4c63-9065-e0d0887795fa/datanode-5/data/ratis/288bfd60-cccc-4977-83ca-f4254b630bbb has been successfully formatted.
2019-07-30 08:43:26,153 INFO  storage.RaftStorage (RaftStorage.java:format(72)) - Storage directory /workdir/hadoop-ozone/integration-test/target/test-dir/MiniOzoneClusterImpl-37ab3f54-b949-4c63-9065-e0d0887795fa/datanode-4/data/ratis/288bfd60-cccc-4977-83ca-f4254b630bbb has been successfully formatted.
2019-07-30 08:43:26,154 INFO  ratis.ContainerStateMachine (ContainerStateMachine.java:loadSnapshot(213)) - group-F4254B630BBB: The snapshot info is null. Setting the last applied indexto:(t:0, i:~)
2019-07-30 08:43:26,153 INFO  ratis.ContainerStateMachine (ContainerStateMachine.java:loadSnapshot(213)) - group-F4254B630BBB: The snapshot info is null. Setting the last applied indexto:(t:0, i:~)
2019-07-30 08:43:26,154 INFO  server.RaftServerConfigKeys (ConfUtils.java:logGet(43)) - raft.server.leader.election.timeout = 120s (custom)
2019-07-30 08:43:26,154 INFO  server.RaftServerConfigKeys (ConfUtils.java:logGet(43)) - raft.server.log.use.memory = false (default)
2019-07-30 08:43:26,154 INFO  ratis.ContainerStateMachine (ContainerStateMachine.java:loadSnapshot(213)) - group-F4254B630BBB: The snapshot info is null. Setting the last applied indexto:(t:0, i:~)
2019-07-30 08:43:26,154 INFO  server.RaftServerConfigKeys (ConfUtils.java:logGet(43)) - raft.server.log.purge.gap = 1000000000 (custom)
2019-07-30 08:43:26,154 INFO  server.RaftServerConfigKeys (ConfUtils.java:logGet(43)) - raft.server.leader.election.timeout = 120s (custom)
2019-07-30 08:43:26,155 INFO  server.RaftServerConfigKeys (ConfUtils.java:logGet(43)) - raft.server.log.appender.buffer.byte-limit = 33554432 (custom)
2019-07-30 08:43:26,155 INFO  server.RaftServerConfigKeys (ConfUtils.java:logGet(43)) - raft.server.leader.election.timeout = 120s (custom)
2019-07-30 08:43:26,155 INFO  server.RaftServerConfigKeys (ConfUtils.java:logGet(43)) - raft.server.log.segment.size.max = 1048576 (custom)
2019-07-30 08:43:26,155 INFO  server.RaftServerConfigKeys (ConfUtils.java:logGet(43)) - raft.server.log.use.memory = false (default)
2019-07-30 08:43:26,155 INFO  server.RaftServerConfigKeys (ConfUtils.java:logGet(43)) - raft.server.log.segment.cache.num.max = 2 (custom)
2019-07-30 08:43:26,155 INFO  server.RaftServerConfigKeys (ConfUtils.java:logGet(43)) - raft.server.log.use.memory = false (default)
2019-07-30 08:43:26,156 INFO  segmented.SegmentedRaftLogWorker (SegmentedRaftLogWorker.java:<init>(172)) - new 98862409-14f4-495d-a9f4-b4e71118c9a2-SegmentedRaftLogWorker:Storage Directory /workdir/hadoop-ozone/integration-test/target/test-dir/MiniOzoneClusterImpl-37ab3f54-b949-4c63-9065-e0d0887795fa/datanode-5/data/ratis/288bfd60-cccc-4977-83ca-f4254b630bbb for RaftStorage:Storage Directory /workdir/hadoop-ozone/integration-test/target/test-dir/MiniOzoneClusterImpl-37ab3f54-b949-4c63-9065-e0d0887795fa/datanode-5/data/ratis/288bfd60-cccc-4977-83ca-f4254b630bbb
2019-07-30 08:43:26,155 INFO  server.RaftServerConfigKeys (ConfUtils.java:logGet(43)) - raft.server.log.purge.gap = 1000000000 (custom)
2019-07-30 08:43:26,156 INFO  server.RaftServerConfigKeys (ConfUtils.java:logGet(43)) - raft.server.log.queue.byte-limit = 2147483647 (custom)
2019-07-30 08:43:26,156 INFO  server.RaftServerConfigKeys (ConfUtils.java:logGet(43)) - raft.server.log.queue.element-limit = 1024 (custom)
2019-07-30 08:43:26,156 INFO  server.RaftServerConfigKeys (ConfUtils.java:logGet(43)) - raft.server.log.purge.gap = 1000000000 (custom)
2019-07-30 08:43:26,156 INFO  server.RaftServerConfigKeys (ConfUtils.java:logGet(43)) - raft.server.log.segment.size.max = 1048576 (custom)
2019-07-30 08:43:26,157 INFO  server.RaftServerConfigKeys (ConfUtils.java:logGet(43)) - raft.server.log.preallocated.size = 16384 (custom)
2019-07-30 08:43:26,156 INFO  server.RaftServerConfigKeys (ConfUtils.java:logGet(43)) - raft.server.log.appender.buffer.byte-limit = 33554432 (custom)
2019-07-30 08:43:26,157 INFO  server.RaftServerConfigKeys (ConfUtils.java:logGet(43)) - raft.server.log.write.buffer.size = 33554432 (custom)
2019-07-30 08:43:26,157 INFO  server.RaftServerConfigKeys (ConfUtils.java:logGet(43)) - raft.server.log.force.sync.num = 128 (default)
2019-07-30 08:43:26,157 INFO  server.RaftServerConfigKeys (ConfUtils.java:logGet(43)) - raft.server.log.appender.buffer.byte-limit = 33554432 (custom)
2019-07-30 08:43:26,157 INFO  server.RaftServerConfigKeys (ConfUtils.java:logGet(43)) - raft.server.log.statemachine.data.sync = true (default)
2019-07-30 08:43:26,157 INFO  server.RaftServerConfigKeys (ConfUtils.java:logGet(43)) - raft.server.log.segment.size.max = 1048576 (custom)
2019-07-30 08:43:26,158 INFO  server.RaftServerConfigKeys (ConfUtils.java:logGet(43)) - raft.server.log.statemachine.data.sync.timeout = 10s (default)
2019-07-30 08:43:26,158 INFO  server.RaftServerConfigKeys (ConfUtils.java:logGet(43)) - raft.server.log.segment.size.max = 1048576 (custom)
2019-07-30 08:43:26,158 INFO  server.RaftServerConfigKeys (ConfUtils.java:logGet(43)) - raft.server.log.statemachine.data.sync.timeout.retry = -1 (default)
2019-07-30 08:43:26,158 INFO  server.RaftServerConfigKeys (ConfUtils.java:logGet(43)) - raft.server.log.segment.cache.num.max = 2 (custom)
2019-07-30 08:43:26,158 INFO  server.RaftServerConfigKeys (ConfUtils.java:logGet(43)) - raft.server.log.statemachine.data.caching.enabled = true (custom)
2019-07-30 08:43:26,158 INFO  server.RaftServerConfigKeys (ConfUtils.java:logGet(43)) - raft.server.log.segment.cache.num.max = 2 (custom)
2019-07-30 08:43:26,159 INFO  segmented.SegmentedRaftLogWorker (SegmentedRaftLogWorker.java:<init>(172)) - new 9949de46-2340-4824-9bca-2c199f70f5b1-SegmentedRaftLogWorker:Storage Directory /workdir/hadoop-ozone/integration-test/target/test-dir/MiniOzoneClusterImpl-37ab3f54-b949-4c63-9065-e0d0887795fa/datanode-3/data/ratis/288bfd60-cccc-4977-83ca-f4254b630bbb for RaftStorage:Storage Directory /workdir/hadoop-ozone/integration-test/target/test-dir/MiniOzoneClusterImpl-37ab3f54-b949-4c63-9065-e0d0887795fa/datanode-3/data/ratis/288bfd60-cccc-4977-83ca-f4254b630bbb
2019-07-30 08:43:26,159 INFO  segmented.SegmentedRaftLogWorker (SegmentedRaftLogWorker.java:lambda$new$0(132)) - 98862409-14f4-495d-a9f4-b4e71118c9a2-SegmentedRaftLogWorker:Storage Directory /workdir/hadoop-ozone/integration-test/target/test-dir/MiniOzoneClusterImpl-37ab3f54-b949-4c63-9065-e0d0887795fa/datanode-5/data/ratis/288bfd60-cccc-4977-83ca-f4254b630bbb: flushIndex: setUnconditionally 0 -> -1
2019-07-30 08:43:26,159 INFO  segmented.SegmentedRaftLogWorker (SegmentedRaftLogWorker.java:<init>(172)) - new 67551cb6-ae93-47a6-a4d5-a37ca7905861-SegmentedRaftLogWorker:Storage Directory /workdir/hadoop-ozone/integration-test/target/test-dir/MiniOzoneClusterImpl-37ab3f54-b949-4c63-9065-e0d0887795fa/datanode-4/data/ratis/288bfd60-cccc-4977-83ca-f4254b630bbb for RaftStorage:Storage Directory /workdir/hadoop-ozone/integration-test/target/test-dir/MiniOzoneClusterImpl-37ab3f54-b949-4c63-9065-e0d0887795fa/datanode-4/data/ratis/288bfd60-cccc-4977-83ca-f4254b630bbb
2019-07-30 08:43:26,159 INFO  server.RaftServerConfigKeys (ConfUtils.java:logGet(43)) - raft.server.log.queue.byte-limit = 2147483647 (custom)
2019-07-30 08:43:26,159 INFO  server.RaftServerConfigKeys (ConfUtils.java:logGet(43)) - raft.server.snapshot.auto.trigger.enabled = true (custom)
2019-07-30 08:43:26,159 INFO  server.RaftServerConfigKeys (ConfUtils.java:logGet(43)) - raft.server.log.queue.byte-limit = 2147483647 (custom)
2019-07-30 08:43:26,160 INFO  server.RaftServerConfigKeys (ConfUtils.java:logGet(43)) - raft.server.snapshot.auto.trigger.threshold = 10000 (custom)
2019-07-30 08:43:26,159 INFO  server.RaftServerConfigKeys (ConfUtils.java:logGet(43)) - raft.server.log.queue.element-limit = 1024 (custom)
2019-07-30 08:43:26,160 INFO  server.RaftServerConfigKeys (ConfUtils.java:logGet(43)) - raft.server.retrycache.expirytime = 600000ms (custom)
2019-07-30 08:43:26,160 INFO  server.RaftServerConfigKeys (ConfUtils.java:logGet(43)) - raft.server.log.queue.element-limit = 1024 (custom)
2019-07-30 08:43:26,160 INFO  impl.RaftServerImpl (RaftServerImpl.java:start(180)) - 98862409-14f4-495d-a9f4-b4e71118c9a2: start group-F4254B630BBB
2019-07-30 08:43:26,161 INFO  impl.RaftServerImpl (RaftServerImpl.java:setRole(171)) - 98862409-14f4-495d-a9f4-b4e71118c9a2:group-F4254B630BBB changes role from null to FOLLOWER at term 0 for startAsFollower
2019-07-30 08:43:26,160 INFO  server.RaftServerConfigKeys (ConfUtils.java:logGet(43)) - raft.server.log.segment.size.max = 1048576 (custom)
2019-07-30 08:43:26,161 INFO  impl.RoleInfo (RoleInfo.java:updateAndGet(143)) - 98862409-14f4-495d-a9f4-b4e71118c9a2: start FollowerState
2019-07-30 08:43:26,160 INFO  server.RaftServerConfigKeys (ConfUtils.java:logGet(43)) - raft.server.log.segment.size.max = 1048576 (custom)
2019-07-30 08:43:26,161 INFO  server.RaftServerConfigKeys (ConfUtils.java:logGet(43)) - raft.server.log.preallocated.size = 16384 (custom)
2019-07-30 08:43:26,161 INFO  server.RaftServerConfigKeys (ConfUtils.java:logGet(43)) - raft.server.log.preallocated.size = 16384 (custom)
2019-07-30 08:43:26,161 INFO  server.RaftServerConfigKeys (ConfUtils.java:logGet(43)) - raft.server.log.write.buffer.size = 33554432 (custom)
2019-07-30 08:43:26,161 INFO  util.JmxRegister (JmxRegister.java:tryRegister(44)) - Successfully registered JMX Bean with object name Ratis:service=RaftServer,group=group-F4254B630BBB,id=98862409-14f4-495d-a9f4-b4e71118c9a2
2019-07-30 08:43:26,162 INFO  server.RaftServerConfigKeys (ConfUtils.java:logGet(43)) - raft.server.log.force.sync.num = 128 (default)
2019-07-30 08:43:26,162 INFO  server.RaftServerConfigKeys (ConfUtils.java:logGet(43)) - raft.server.log.write.buffer.size = 33554432 (custom)
2019-07-30 08:43:26,162 INFO  server.RaftServerConfigKeys (ConfUtils.java:logGet(43)) - raft.server.log.statemachine.data.sync = true (default)
2019-07-30 08:43:26,162 INFO  server.RaftServerConfigKeys (ConfUtils.java:logGet(43)) - raft.server.log.force.sync.num = 128 (default)
2019-07-30 08:43:26,163 INFO  server.RaftServerConfigKeys (ConfUtils.java:logGet(43)) - raft.server.log.statemachine.data.sync = true (default)
2019-07-30 08:43:26,162 INFO  server.RaftServerConfigKeys (ConfUtils.java:logGet(43)) - raft.server.log.statemachine.data.sync.timeout = 10s (default)
2019-07-30 08:43:26,163 INFO  server.RaftServerConfigKeys (ConfUtils.java:logGet(43)) - raft.server.log.statemachine.data.sync.timeout = 10s (default)
2019-07-30 08:43:26,163 INFO  server.RaftServerConfigKeys (ConfUtils.java:logGet(43)) - raft.server.log.statemachine.data.sync.timeout.retry = -1 (default)
2019-07-30 08:43:26,166 INFO  server.RaftServerConfigKeys (ConfUtils.java:logGet(43)) - raft.server.log.statemachine.data.sync.timeout.retry = -1 (default)
2019-07-30 08:43:26,166 INFO  server.RaftServerConfigKeys (ConfUtils.java:logGet(43)) - raft.server.log.statemachine.data.caching.enabled = true (custom)
2019-07-30 08:43:26,166 INFO  server.RaftServerConfigKeys (ConfUtils.java:logGet(43)) - raft.server.log.statemachine.data.caching.enabled = true (custom)
2019-07-30 08:43:26,166 INFO  segmented.SegmentedRaftLogWorker (SegmentedRaftLogWorker.java:lambda$new$0(132)) - 9949de46-2340-4824-9bca-2c199f70f5b1-SegmentedRaftLogWorker:Storage Directory /workdir/hadoop-ozone/integration-test/target/test-dir/MiniOzoneClusterImpl-37ab3f54-b949-4c63-9065-e0d0887795fa/datanode-3/data/ratis/288bfd60-cccc-4977-83ca-f4254b630bbb: flushIndex: setUnconditionally 0 -> -1
2019-07-30 08:43:26,167 INFO  segmented.SegmentedRaftLogWorker (SegmentedRaftLogWorker.java:lambda$new$0(132)) - 67551cb6-ae93-47a6-a4d5-a37ca7905861-SegmentedRaftLogWorker:Storage Directory /workdir/hadoop-ozone/integration-test/target/test-dir/MiniOzoneClusterImpl-37ab3f54-b949-4c63-9065-e0d0887795fa/datanode-4/data/ratis/288bfd60-cccc-4977-83ca-f4254b630bbb: flushIndex: setUnconditionally 0 -> -1
2019-07-30 08:43:26,167 INFO  server.RaftServerConfigKeys (ConfUtils.java:logGet(43)) - raft.server.snapshot.auto.trigger.enabled = true (custom)
2019-07-30 08:43:26,167 INFO  server.RaftServerConfigKeys (ConfUtils.java:logGet(43)) - raft.server.snapshot.auto.trigger.enabled = true (custom)
2019-07-30 08:43:26,167 INFO  server.RaftServerConfigKeys (ConfUtils.java:logGet(43)) - raft.server.snapshot.auto.trigger.threshold = 10000 (custom)
2019-07-30 08:43:26,167 INFO  server.RaftServerConfigKeys (ConfUtils.java:logGet(43)) - raft.server.snapshot.auto.trigger.threshold = 10000 (custom)
2019-07-30 08:43:26,167 INFO  server.RaftServerConfigKeys (ConfUtils.java:logGet(43)) - raft.server.retrycache.expirytime = 600000ms (custom)
2019-07-30 08:43:26,167 INFO  server.RaftServerConfigKeys (ConfUtils.java:logGet(43)) - raft.server.retrycache.expirytime = 600000ms (custom)
2019-07-30 08:43:26,168 INFO  impl.RaftServerImpl (RaftServerImpl.java:start(180)) - 9949de46-2340-4824-9bca-2c199f70f5b1: start group-F4254B630BBB
2019-07-30 08:43:26,168 INFO  impl.RaftServerImpl (RaftServerImpl.java:start(180)) - 67551cb6-ae93-47a6-a4d5-a37ca7905861: start group-F4254B630BBB
2019-07-30 08:43:26,168 INFO  impl.RaftServerImpl (RaftServerImpl.java:setRole(171)) - 9949de46-2340-4824-9bca-2c199f70f5b1:group-F4254B630BBB changes role from null to FOLLOWER at term 0 for startAsFollower
2019-07-30 08:43:26,168 INFO  impl.RaftServerImpl (RaftServerImpl.java:setRole(171)) - 67551cb6-ae93-47a6-a4d5-a37ca7905861:group-F4254B630BBB changes role from null to FOLLOWER at term 0 for startAsFollower
2019-07-30 08:43:26,168 INFO  impl.RoleInfo (RoleInfo.java:updateAndGet(143)) - 9949de46-2340-4824-9bca-2c199f70f5b1: start FollowerState
2019-07-30 08:43:26,169 INFO  impl.RoleInfo (RoleInfo.java:updateAndGet(143)) - 67551cb6-ae93-47a6-a4d5-a37ca7905861: start FollowerState
2019-07-30 08:43:26,170 INFO  util.JmxRegister (JmxRegister.java:tryRegister(44)) - Successfully registered JMX Bean with object name Ratis:service=RaftServer,group=group-F4254B630BBB,id=9949de46-2340-4824-9bca-2c199f70f5b1
2019-07-30 08:43:26,170 INFO  util.JmxRegister (JmxRegister.java:tryRegister(44)) - Successfully registered JMX Bean with object name Ratis:service=RaftServer,group=group-F4254B630BBB,id=67551cb6-ae93-47a6-a4d5-a37ca7905861
2019-07-30 08:43:26,178 INFO  pipeline.PipelineStateManager (PipelineStateManager.java:addPipeline(56)) - Created pipeline Pipeline[ Id: 288bfd60-cccc-4977-83ca-f4254b630bbb, Nodes: 9949de46-2340-4824-9bca-2c199f70f5b1{ip: 192.168.69.91, host: byscane-nightly-jdzkf-783033596, networkLocation: /default-rack, certSerialId: null}67551cb6-ae93-47a6-a4d5-a37ca7905861{ip: 192.168.69.91, host: byscane-nightly-jdzkf-783033596, networkLocation: /default-rack, certSerialId: null}98862409-14f4-495d-a9f4-b4e71118c9a2{ip: 192.168.69.91, host: byscane-nightly-jdzkf-783033596, networkLocation: /default-rack, certSerialId: null}, Type:RATIS, Factor:THREE, State:OPEN]
2019-07-30 08:43:26,324 INFO  impl.FollowerState (FollowerState.java:run(106)) - d4d0ce07-1c1a-43a5-a001-b8f876e6336e:group-BE0D59B9F07A changes to CANDIDATE, lastRpcTime:1179, electionTimeout:1179ms
2019-07-30 08:43:26,324 INFO  impl.RoleInfo (RoleInfo.java:shutdownFollowerState(121)) - d4d0ce07-1c1a-43a5-a001-b8f876e6336e: shutdown FollowerState
2019-07-30 08:43:26,324 INFO  impl.RaftServerImpl (RaftServerImpl.java:setRole(171)) - d4d0ce07-1c1a-43a5-a001-b8f876e6336e:group-BE0D59B9F07A changes role from FOLLOWER to CANDIDATE at term 0 for changeToCandidate
2019-07-30 08:43:26,325 INFO  impl.RoleInfo (RoleInfo.java:updateAndGet(143)) - d4d0ce07-1c1a-43a5-a001-b8f876e6336e: start LeaderElection
2019-07-30 08:43:26,351 INFO  impl.LeaderElection (LeaderElection.java:askForVotes(181)) - d4d0ce07-1c1a-43a5-a001-b8f876e6336e:group-BE0D59B9F07A:LeaderElection51: begin an election at term 1 for -1: [d4d0ce07-1c1a-43a5-a001-b8f876e6336e:192.168.69.91:37426], old=null
2019-07-30 08:43:26,351 INFO  impl.RoleInfo (RoleInfo.java:shutdownLeaderElection(134)) - d4d0ce07-1c1a-43a5-a001-b8f876e6336e: shutdown LeaderElection
2019-07-30 08:43:26,351 INFO  impl.RaftServerImpl (RaftServerImpl.java:setRole(171)) - d4d0ce07-1c1a-43a5-a001-b8f876e6336e:group-BE0D59B9F07A changes role from CANDIDATE to LEADER at term 1 for changeToLeader
2019-07-30 08:43:26,351 INFO  impl.RaftServerImpl (ServerState.java:setLeader(263)) - d4d0ce07-1c1a-43a5-a001-b8f876e6336e:group-BE0D59B9F07A change Leader from null to d4d0ce07-1c1a-43a5-a001-b8f876e6336e at term 1 for becomeLeader, leader elected after 1211ms
2019-07-30 08:43:26,351 INFO  server.RaftServerConfigKeys (ConfUtils.java:logGet(43)) - raft.server.staging.catchup.gap = 1000 (default)
2019-07-30 08:43:26,351 INFO  server.RaftServerConfigKeys (ConfUtils.java:logGet(43)) - raft.server.rpc.sleep.time = 25ms (default)
2019-07-30 08:43:26,352 INFO  server.RaftServerConfigKeys (ConfUtils.java:logGet(43)) - raft.server.write.element-limit = 4096 (default)
2019-07-30 08:43:26,352 INFO  server.RaftServerConfigKeys (ConfUtils.java:logGet(43)) - raft.server.watch.timeout = 10s (default)
2019-07-30 08:43:26,352 INFO  server.RaftServerConfigKeys (ConfUtils.java:logGet(43)) - raft.server.watch.timeout.denomination = 1s (default)
2019-07-30 08:43:26,352 INFO  server.RaftServerConfigKeys (ConfUtils.java:logGet(43)) - raft.server.watch.element-limit = 65536 (default)
2019-07-30 08:43:26,352 INFO  impl.RoleInfo (RoleInfo.java:updateAndGet(143)) - d4d0ce07-1c1a-43a5-a001-b8f876e6336e: start LeaderState
2019-07-30 08:43:26,353 INFO  segmented.SegmentedRaftLogWorker (SegmentedRaftLogWorker.java:startLogSegment(380)) - d4d0ce07-1c1a-43a5-a001-b8f876e6336e-SegmentedRaftLogWorker:Storage Directory /workdir/hadoop-ozone/integration-test/target/test-dir/MiniOzoneClusterImpl-37ab3f54-b949-4c63-9065-e0d0887795fa/datanode-0/data/ratis/23cce59c-a657-4a77-b26a-be0d59b9f07a: Starting segment from index:0
2019-07-30 08:43:26,354 INFO  impl.RaftServerImpl (ServerState.java:setRaftConf(361)) - d4d0ce07-1c1a-43a5-a001-b8f876e6336e:group-BE0D59B9F07A set configuration 0: [d4d0ce07-1c1a-43a5-a001-b8f876e6336e:192.168.69.91:37426], old=null at 0
2019-07-30 08:43:26,382 INFO  segmented.SegmentedRaftLogWorker (SegmentedRaftLogWorker.java:execute(569)) - d4d0ce07-1c1a-43a5-a001-b8f876e6336e-SegmentedRaftLogWorker:Storage Directory /workdir/hadoop-ozone/integration-test/target/test-dir/MiniOzoneClusterImpl-37ab3f54-b949-4c63-9065-e0d0887795fa/datanode-0/data/ratis/23cce59c-a657-4a77-b26a-be0d59b9f07a: created new log segment /workdir/hadoop-ozone/integration-test/target/test-dir/MiniOzoneClusterImpl-37ab3f54-b949-4c63-9065-e0d0887795fa/datanode-0/data/ratis/23cce59c-a657-4a77-b26a-be0d59b9f07a/current/log_inprogress_0
2019-07-30 08:43:26,420 INFO  impl.FollowerState (FollowerState.java:run(106)) - 4d1f0788-cf21-4d87-a7e1-4c729fada3a8:group-D44925F229A4 changes to CANDIDATE, lastRpcTime:1054, electionTimeout:1054ms
2019-07-30 08:43:26,420 INFO  impl.RoleInfo (RoleInfo.java:shutdownFollowerState(121)) - 4d1f0788-cf21-4d87-a7e1-4c729fada3a8: shutdown FollowerState
2019-07-30 08:43:26,420 INFO  impl.RaftServerImpl (RaftServerImpl.java:setRole(171)) - 4d1f0788-cf21-4d87-a7e1-4c729fada3a8:group-D44925F229A4 changes role from FOLLOWER to CANDIDATE at term 0 for changeToCandidate
2019-07-30 08:43:26,421 INFO  impl.RoleInfo (RoleInfo.java:updateAndGet(143)) - 4d1f0788-cf21-4d87-a7e1-4c729fada3a8: start LeaderElection
2019-07-30 08:43:26,441 INFO  impl.LeaderElection (LeaderElection.java:askForVotes(181)) - 4d1f0788-cf21-4d87-a7e1-4c729fada3a8:group-D44925F229A4:LeaderElection52: begin an election at term 1 for -1: [4d1f0788-cf21-4d87-a7e1-4c729fada3a8:192.168.69.91:36998], old=null
2019-07-30 08:43:26,442 INFO  impl.RoleInfo (RoleInfo.java:shutdownLeaderElection(134)) - 4d1f0788-cf21-4d87-a7e1-4c729fada3a8: shutdown LeaderElection
2019-07-30 08:43:26,442 INFO  impl.RaftServerImpl (RaftServerImpl.java:setRole(171)) - 4d1f0788-cf21-4d87-a7e1-4c729fada3a8:group-D44925F229A4 changes role from CANDIDATE to LEADER at term 1 for changeToLeader
2019-07-30 08:43:26,442 INFO  impl.RaftServerImpl (ServerState.java:setLeader(263)) - 4d1f0788-cf21-4d87-a7e1-4c729fada3a8:group-D44925F229A4 change Leader from null to 4d1f0788-cf21-4d87-a7e1-4c729fada3a8 at term 1 for becomeLeader, leader elected after 1080ms
2019-07-30 08:43:26,442 INFO  server.RaftServerConfigKeys (ConfUtils.java:logGet(43)) - raft.server.staging.catchup.gap = 1000 (default)
2019-07-30 08:43:26,442 INFO  server.RaftServerConfigKeys (ConfUtils.java:logGet(43)) - raft.server.rpc.sleep.time = 25ms (default)
2019-07-30 08:43:26,442 INFO  server.RaftServerConfigKeys (ConfUtils.java:logGet(43)) - raft.server.write.element-limit = 4096 (default)
2019-07-30 08:43:26,443 INFO  server.RaftServerConfigKeys (ConfUtils.java:logGet(43)) - raft.server.watch.timeout = 10s (default)
2019-07-30 08:43:26,443 INFO  server.RaftServerConfigKeys (ConfUtils.java:logGet(43)) - raft.server.watch.timeout.denomination = 1s (default)
2019-07-30 08:43:26,443 INFO  server.RaftServerConfigKeys (ConfUtils.java:logGet(43)) - raft.server.watch.element-limit = 65536 (default)
2019-07-30 08:43:26,443 INFO  impl.RoleInfo (RoleInfo.java:updateAndGet(143)) - 4d1f0788-cf21-4d87-a7e1-4c729fada3a8: start LeaderState
2019-07-30 08:43:26,444 INFO  segmented.SegmentedRaftLogWorker (SegmentedRaftLogWorker.java:startLogSegment(380)) - 4d1f0788-cf21-4d87-a7e1-4c729fada3a8-SegmentedRaftLogWorker:Storage Directory /workdir/hadoop-ozone/integration-test/target/test-dir/MiniOzoneClusterImpl-37ab3f54-b949-4c63-9065-e0d0887795fa/datanode-1/data/ratis/1e94d78c-f3d4-4fcb-8592-d44925f229a4: Starting segment from index:0
2019-07-30 08:43:26,444 INFO  impl.RaftServerImpl (ServerState.java:setRaftConf(361)) - 4d1f0788-cf21-4d87-a7e1-4c729fada3a8:group-D44925F229A4 set configuration 0: [4d1f0788-cf21-4d87-a7e1-4c729fada3a8:192.168.69.91:36998], old=null at 0
2019-07-30 08:43:26,485 INFO  segmented.SegmentedRaftLogWorker (SegmentedRaftLogWorker.java:execute(569)) - 4d1f0788-cf21-4d87-a7e1-4c729fada3a8-SegmentedRaftLogWorker:Storage Directory /workdir/hadoop-ozone/integration-test/target/test-dir/MiniOzoneClusterImpl-37ab3f54-b949-4c63-9065-e0d0887795fa/datanode-1/data/ratis/1e94d78c-f3d4-4fcb-8592-d44925f229a4: created new log segment /workdir/hadoop-ozone/integration-test/target/test-dir/MiniOzoneClusterImpl-37ab3f54-b949-4c63-9065-e0d0887795fa/datanode-1/data/ratis/1e94d78c-f3d4-4fcb-8592-d44925f229a4/current/log_inprogress_0
2019-07-30 08:43:26,637 INFO  impl.FollowerState (FollowerState.java:run(106)) - 6dae1f3a-ee3a-4447-95fb-1633d0b2174b:group-6A2BF1CA856A changes to CANDIDATE, lastRpcTime:1034, electionTimeout:1034ms
2019-07-30 08:43:26,637 INFO  impl.RoleInfo (RoleInfo.java:shutdownFollowerState(121)) - 6dae1f3a-ee3a-4447-95fb-1633d0b2174b: shutdown FollowerState
2019-07-30 08:43:26,637 INFO  impl.RaftServerImpl (RaftServerImpl.java:setRole(171)) - 6dae1f3a-ee3a-4447-95fb-1633d0b2174b:group-6A2BF1CA856A changes role from FOLLOWER to CANDIDATE at term 0 for changeToCandidate
2019-07-30 08:43:26,637 INFO  impl.RoleInfo (RoleInfo.java:updateAndGet(143)) - 6dae1f3a-ee3a-4447-95fb-1633d0b2174b: start LeaderElection
2019-07-30 08:43:26,652 INFO  impl.FollowerState (FollowerState.java:run(106)) - 4d1f0788-cf21-4d87-a7e1-4c729fada3a8:group-6A2BF1CA856A changes to CANDIDATE, lastRpcTime:1042, electionTimeout:1042ms
2019-07-30 08:43:26,652 INFO  impl.RoleInfo (RoleInfo.java:shutdownFollowerState(121)) - 4d1f0788-cf21-4d87-a7e1-4c729fada3a8: shutdown FollowerState
2019-07-30 08:43:26,652 INFO  impl.RaftServerImpl (RaftServerImpl.java:setRole(171)) - 4d1f0788-cf21-4d87-a7e1-4c729fada3a8:group-6A2BF1CA856A changes role from FOLLOWER to CANDIDATE at term 0 for changeToCandidate
2019-07-30 08:43:26,652 INFO  impl.RoleInfo (RoleInfo.java:updateAndGet(143)) - 4d1f0788-cf21-4d87-a7e1-4c729fada3a8: start LeaderElection
2019-07-30 08:43:26,655 INFO  impl.FollowerState (FollowerState.java:run(106)) - 6dae1f3a-ee3a-4447-95fb-1633d0b2174b:group-4BDA31A8A07D changes to CANDIDATE, lastRpcTime:1136, electionTimeout:1135ms
2019-07-30 08:43:26,660 INFO  impl.RoleInfo (RoleInfo.java:shutdownFollowerState(121)) - 6dae1f3a-ee3a-4447-95fb-1633d0b2174b: shutdown FollowerState
2019-07-30 08:43:26,660 INFO  impl.RaftServerImpl (RaftServerImpl.java:setRole(171)) - 6dae1f3a-ee3a-4447-95fb-1633d0b2174b:group-4BDA31A8A07D changes role from FOLLOWER to CANDIDATE at term 0 for changeToCandidate
2019-07-30 08:43:26,660 INFO  impl.RoleInfo (RoleInfo.java:updateAndGet(143)) - 6dae1f3a-ee3a-4447-95fb-1633d0b2174b: start LeaderElection
2019-07-30 08:43:26,676 INFO  impl.LeaderElection (LeaderElection.java:askForVotes(181)) - 6dae1f3a-ee3a-4447-95fb-1633d0b2174b:group-6A2BF1CA856A:LeaderElection53: begin an election at term 1 for -1: [4d1f0788-cf21-4d87-a7e1-4c729fada3a8:192.168.69.91:36998, 6dae1f3a-ee3a-4447-95fb-1633d0b2174b:192.168.69.91:43493, d4d0ce07-1c1a-43a5-a001-b8f876e6336e:192.168.69.91:37426], old=null
2019-07-30 08:43:26,679 INFO  impl.LeaderElection (LeaderElection.java:askForVotes(181)) - 6dae1f3a-ee3a-4447-95fb-1633d0b2174b:group-4BDA31A8A07D:LeaderElection55: begin an election at term 1 for -1: [6dae1f3a-ee3a-4447-95fb-1633d0b2174b:192.168.69.91:43493], old=null
2019-07-30 08:43:26,679 INFO  impl.LeaderElection (LeaderElection.java:askForVotes(181)) - 4d1f0788-cf21-4d87-a7e1-4c729fada3a8:group-6A2BF1CA856A:LeaderElection54: begin an election at term 1 for -1: [4d1f0788-cf21-4d87-a7e1-4c729fada3a8:192.168.69.91:36998, 6dae1f3a-ee3a-4447-95fb-1633d0b2174b:192.168.69.91:43493, d4d0ce07-1c1a-43a5-a001-b8f876e6336e:192.168.69.91:37426], old=null
2019-07-30 08:43:26,679 INFO  impl.RoleInfo (RoleInfo.java:shutdownLeaderElection(134)) - 6dae1f3a-ee3a-4447-95fb-1633d0b2174b: shutdown LeaderElection
2019-07-30 08:43:26,679 INFO  impl.RaftServerImpl (RaftServerImpl.java:setRole(171)) - 6dae1f3a-ee3a-4447-95fb-1633d0b2174b:group-4BDA31A8A07D changes role from CANDIDATE to LEADER at term 1 for changeToLeader
2019-07-30 08:43:26,679 INFO  impl.RaftServerImpl (ServerState.java:setLeader(263)) - 6dae1f3a-ee3a-4447-95fb-1633d0b2174b:group-4BDA31A8A07D change Leader from null to 6dae1f3a-ee3a-4447-95fb-1633d0b2174b at term 1 for becomeLeader, leader elected after 1165ms
2019-07-30 08:43:26,680 INFO  server.RaftServerConfigKeys (ConfUtils.java:logGet(43)) - raft.server.staging.catchup.gap = 1000 (default)
2019-07-30 08:43:26,680 INFO  server.RaftServerConfigKeys (ConfUtils.java:logGet(43)) - raft.server.rpc.sleep.time = 25ms (default)
2019-07-30 08:43:26,684 INFO  server.RaftServerConfigKeys (ConfUtils.java:logGet(43)) - raft.server.write.element-limit = 4096 (default)
2019-07-30 08:43:26,684 INFO  server.RaftServerConfigKeys (ConfUtils.java:logGet(43)) - raft.server.watch.timeout = 10s (default)
2019-07-30 08:43:26,684 INFO  server.RaftServerConfigKeys (ConfUtils.java:logGet(43)) - raft.server.watch.timeout.denomination = 1s (default)
2019-07-30 08:43:26,684 INFO  server.RaftServerConfigKeys (ConfUtils.java:logGet(43)) - raft.server.watch.element-limit = 65536 (default)
2019-07-30 08:43:26,684 INFO  impl.RoleInfo (RoleInfo.java:updateAndGet(143)) - 6dae1f3a-ee3a-4447-95fb-1633d0b2174b: start LeaderState
2019-07-30 08:43:26,685 INFO  segmented.SegmentedRaftLogWorker (SegmentedRaftLogWorker.java:startLogSegment(380)) - 6dae1f3a-ee3a-4447-95fb-1633d0b2174b-SegmentedRaftLogWorker:Storage Directory /workdir/hadoop-ozone/integration-test/target/test-dir/MiniOzoneClusterImpl-37ab3f54-b949-4c63-9065-e0d0887795fa/datanode-2/data/ratis/9b86b941-8ec3-4c7a-93eb-4bda31a8a07d: Starting segment from index:0
2019-07-30 08:43:26,686 INFO  impl.RaftServerImpl (ServerState.java:setRaftConf(361)) - 6dae1f3a-ee3a-4447-95fb-1633d0b2174b:group-4BDA31A8A07D set configuration 0: [6dae1f3a-ee3a-4447-95fb-1633d0b2174b:192.168.69.91:43493], old=null at 0
2019-07-30 08:43:26,707 INFO  impl.RaftServerImpl (RaftServerImpl.java:setRole(171)) - d4d0ce07-1c1a-43a5-a001-b8f876e6336e:group-6A2BF1CA856A changes role from FOLLOWER to FOLLOWER at term 1 for recognizeCandidate:6dae1f3a-ee3a-4447-95fb-1633d0b2174b
2019-07-30 08:43:26,712 INFO  impl.RoleInfo (RoleInfo.java:shutdownFollowerState(121)) - d4d0ce07-1c1a-43a5-a001-b8f876e6336e: shutdown FollowerState
2019-07-30 08:43:26,712 INFO  impl.RoleInfo (RoleInfo.java:updateAndGet(143)) - d4d0ce07-1c1a-43a5-a001-b8f876e6336e: start FollowerState
2019-07-30 08:43:26,726 INFO  segmented.SegmentedRaftLogWorker (SegmentedRaftLogWorker.java:execute(569)) - 6dae1f3a-ee3a-4447-95fb-1633d0b2174b-SegmentedRaftLogWorker:Storage Directory /workdir/hadoop-ozone/integration-test/target/test-dir/MiniOzoneClusterImpl-37ab3f54-b949-4c63-9065-e0d0887795fa/datanode-2/data/ratis/9b86b941-8ec3-4c7a-93eb-4bda31a8a07d: created new log segment /workdir/hadoop-ozone/integration-test/target/test-dir/MiniOzoneClusterImpl-37ab3f54-b949-4c63-9065-e0d0887795fa/datanode-2/data/ratis/9b86b941-8ec3-4c7a-93eb-4bda31a8a07d/current/log_inprogress_0
2019-07-30 08:43:26,733 INFO  impl.LeaderElection (LeaderElection.java:logAndReturn(56)) - 6dae1f3a-ee3a-4447-95fb-1633d0b2174b:group-6A2BF1CA856A:LeaderElection53: Election PASSED; received 2 response(s) [6dae1f3a-ee3a-4447-95fb-1633d0b2174b<-4d1f0788-cf21-4d87-a7e1-4c729fada3a8#0:FAIL-t1, 6dae1f3a-ee3a-4447-95fb-1633d0b2174b<-d4d0ce07-1c1a-43a5-a001-b8f876e6336e#0:OK-t1] and 0 exception(s); 6dae1f3a-ee3a-4447-95fb-1633d0b2174b:t1, leader=null, voted=6dae1f3a-ee3a-4447-95fb-1633d0b2174b, raftlog=6dae1f3a-ee3a-4447-95fb-1633d0b2174b-SegmentedRaftLog:OPENED:c-1,f-1,i0, conf=-1: [4d1f0788-cf21-4d87-a7e1-4c729fada3a8:192.168.69.91:36998, 6dae1f3a-ee3a-4447-95fb-1633d0b2174b:192.168.69.91:43493, d4d0ce07-1c1a-43a5-a001-b8f876e6336e:192.168.69.91:37426], old=null
2019-07-30 08:43:26,733 INFO  impl.RoleInfo (RoleInfo.java:shutdownLeaderElection(134)) - 6dae1f3a-ee3a-4447-95fb-1633d0b2174b: shutdown LeaderElection
2019-07-30 08:43:26,733 INFO  impl.LeaderElection (LeaderElection.java:logAndReturn(56)) - 4d1f0788-cf21-4d87-a7e1-4c729fada3a8:group-6A2BF1CA856A:LeaderElection54: Election REJECTED; received 2 response(s) [4d1f0788-cf21-4d87-a7e1-4c729fada3a8<-6dae1f3a-ee3a-4447-95fb-1633d0b2174b#0:FAIL-t1, 4d1f0788-cf21-4d87-a7e1-4c729fada3a8<-d4d0ce07-1c1a-43a5-a001-b8f876e6336e#0:FAIL-t1] and 0 exception(s); 4d1f0788-cf21-4d87-a7e1-4c729fada3a8:t1, leader=null, voted=4d1f0788-cf21-4d87-a7e1-4c729fada3a8, raftlog=4d1f0788-cf21-4d87-a7e1-4c729fada3a8-SegmentedRaftLog:OPENED:c-1,f-1,i0, conf=-1: [4d1f0788-cf21-4d87-a7e1-4c729fada3a8:192.168.69.91:36998, 6dae1f3a-ee3a-4447-95fb-1633d0b2174b:192.168.69.91:43493, d4d0ce07-1c1a-43a5-a001-b8f876e6336e:192.168.69.91:37426], old=null
2019-07-30 08:43:26,733 INFO  impl.RaftServerImpl (RaftServerImpl.java:setRole(171)) - 6dae1f3a-ee3a-4447-95fb-1633d0b2174b:group-6A2BF1CA856A changes role from CANDIDATE to LEADER at term 1 for changeToLeader
2019-07-30 08:43:26,733 INFO  impl.RaftServerImpl (RaftServerImpl.java:setRole(171)) - 4d1f0788-cf21-4d87-a7e1-4c729fada3a8:group-6A2BF1CA856A changes role from CANDIDATE to FOLLOWER at term 1 for DISCOVERED_A_NEW_TERM
2019-07-30 08:43:26,733 INFO  impl.RaftServerImpl (ServerState.java:setLeader(263)) - 6dae1f3a-ee3a-4447-95fb-1633d0b2174b:group-6A2BF1CA856A change Leader from null to 6dae1f3a-ee3a-4447-95fb-1633d0b2174b at term 1 for becomeLeader, leader elected after 1138ms
2019-07-30 08:43:26,733 INFO  impl.RoleInfo (RoleInfo.java:shutdownLeaderElection(134)) - 4d1f0788-cf21-4d87-a7e1-4c729fada3a8: shutdown LeaderElection
2019-07-30 08:43:26,734 INFO  server.RaftServerConfigKeys (ConfUtils.java:logGet(43)) - raft.server.staging.catchup.gap = 1000 (default)
2019-07-30 08:43:26,734 INFO  impl.RoleInfo (RoleInfo.java:updateAndGet(143)) - 4d1f0788-cf21-4d87-a7e1-4c729fada3a8: start FollowerState
2019-07-30 08:43:26,734 INFO  server.RaftServerConfigKeys (ConfUtils.java:logGet(43)) - raft.server.rpc.sleep.time = 25ms (default)
2019-07-30 08:43:26,734 INFO  server.RaftServerConfigKeys (ConfUtils.java:logGet(43)) - raft.server.write.element-limit = 4096 (default)
2019-07-30 08:43:26,734 INFO  server.RaftServerConfigKeys (ConfUtils.java:logGet(43)) - raft.server.watch.timeout = 10s (default)
2019-07-30 08:43:26,735 INFO  server.RaftServerConfigKeys (ConfUtils.java:logGet(43)) - raft.server.watch.timeout.denomination = 1s (default)
2019-07-30 08:43:26,735 INFO  server.RaftServerConfigKeys (ConfUtils.java:logGet(43)) - raft.server.watch.element-limit = 65536 (default)
2019-07-30 08:43:26,735 INFO  server.RaftServerConfigKeys (ConfUtils.java:logGet(43)) - raft.server.log.appender.snapshot.chunk.size.max = 16MB (=16777216) (default)
2019-07-30 08:43:26,735 INFO  server.RaftServerConfigKeys (ConfUtils.java:logGet(43)) - raft.server.log.appender.buffer.byte-limit = 33554432 (custom)
2019-07-30 08:43:26,735 INFO  server.RaftServerConfigKeys (ConfUtils.java:logGet(43)) - raft.server.log.appender.buffer.element-limit = 1 (custom)
2019-07-30 08:43:26,736 INFO  grpc.GrpcConfigKeys$Server (ConfUtils.java:logGet(43)) - raft.grpc.server.leader.outstanding.appends.max = 128 (default)
2019-07-30 08:43:26,736 INFO  server.RaftServerConfigKeys (ConfUtils.java:logGet(43)) - raft.server.rpc.request.timeout = 3000ms (default)
2019-07-30 08:43:26,736 INFO  server.RaftServerConfigKeys (ConfUtils.java:logGet(43)) - raft.server.log.appender.install.snapshot.enabled = false (custom)
2019-07-30 08:43:26,736 INFO  server.RaftServerConfigKeys (ConfUtils.java:logGet(43)) - raft.server.log.appender.snapshot.chunk.size.max = 16MB (=16777216) (default)
2019-07-30 08:43:26,736 INFO  server.RaftServerConfigKeys (ConfUtils.java:logGet(43)) - raft.server.log.appender.buffer.byte-limit = 33554432 (custom)
2019-07-30 08:43:26,737 INFO  server.RaftServerConfigKeys (ConfUtils.java:logGet(43)) - raft.server.log.appender.buffer.element-limit = 1 (custom)
2019-07-30 08:43:26,737 INFO  grpc.GrpcConfigKeys$Server (ConfUtils.java:logGet(43)) - raft.grpc.server.leader.outstanding.appends.max = 128 (default)
2019-07-30 08:43:26,737 INFO  server.RaftServerConfigKeys (ConfUtils.java:logGet(43)) - raft.server.rpc.request.timeout = 3000ms (default)
2019-07-30 08:43:26,737 INFO  server.RaftServerConfigKeys (ConfUtils.java:logGet(43)) - raft.server.log.appender.install.snapshot.enabled = false (custom)
2019-07-30 08:43:26,737 INFO  impl.RoleInfo (RoleInfo.java:updateAndGet(143)) - 6dae1f3a-ee3a-4447-95fb-1633d0b2174b: start LeaderState
2019-07-30 08:43:26,738 INFO  segmented.SegmentedRaftLogWorker (SegmentedRaftLogWorker.java:startLogSegment(380)) - 6dae1f3a-ee3a-4447-95fb-1633d0b2174b-SegmentedRaftLogWorker:Storage Directory /workdir/hadoop-ozone/integration-test/target/test-dir/MiniOzoneClusterImpl-37ab3f54-b949-4c63-9065-e0d0887795fa/datanode-2/data/ratis/3962e70c-a63f-458f-8250-6a2bf1ca856a: Starting segment from index:0
2019-07-30 08:43:26,739 INFO  impl.RaftServerImpl (ServerState.java:setRaftConf(361)) - 6dae1f3a-ee3a-4447-95fb-1633d0b2174b:group-6A2BF1CA856A set configuration 0: [4d1f0788-cf21-4d87-a7e1-4c729fada3a8:192.168.69.91:36998, 6dae1f3a-ee3a-4447-95fb-1633d0b2174b:192.168.69.91:43493, d4d0ce07-1c1a-43a5-a001-b8f876e6336e:192.168.69.91:37426], old=null at 0
2019-07-30 08:43:26,758 INFO  impl.RaftServerImpl (ServerState.java:setLeader(263)) - d4d0ce07-1c1a-43a5-a001-b8f876e6336e:group-6A2BF1CA856A change Leader from null to 6dae1f3a-ee3a-4447-95fb-1633d0b2174b at term 1 for appendEntries, leader elected after 1163ms
2019-07-30 08:43:26,759 INFO  impl.RaftServerImpl (ServerState.java:setLeader(263)) - 4d1f0788-cf21-4d87-a7e1-4c729fada3a8:group-6A2BF1CA856A change Leader from null to 6dae1f3a-ee3a-4447-95fb-1633d0b2174b at term 1 for appendEntries, leader elected after 1163ms
2019-07-30 08:43:26,761 INFO  impl.RaftServerImpl (ServerState.java:setRaftConf(361)) - d4d0ce07-1c1a-43a5-a001-b8f876e6336e:group-6A2BF1CA856A set configuration 0: [4d1f0788-cf21-4d87-a7e1-4c729fada3a8:192.168.69.91:36998, 6dae1f3a-ee3a-4447-95fb-1633d0b2174b:192.168.69.91:43493, d4d0ce07-1c1a-43a5-a001-b8f876e6336e:192.168.69.91:37426], old=null at 0
2019-07-30 08:43:26,761 INFO  impl.RaftServerImpl (ServerState.java:setRaftConf(361)) - 4d1f0788-cf21-4d87-a7e1-4c729fada3a8:group-6A2BF1CA856A set configuration 0: [4d1f0788-cf21-4d87-a7e1-4c729fada3a8:192.168.69.91:36998, 6dae1f3a-ee3a-4447-95fb-1633d0b2174b:192.168.69.91:43493, d4d0ce07-1c1a-43a5-a001-b8f876e6336e:192.168.69.91:37426], old=null at 0
2019-07-30 08:43:26,761 INFO  segmented.SegmentedRaftLogWorker (SegmentedRaftLogWorker.java:startLogSegment(380)) - d4d0ce07-1c1a-43a5-a001-b8f876e6336e-SegmentedRaftLogWorker:Storage Directory /workdir/hadoop-ozone/integration-test/target/test-dir/MiniOzoneClusterImpl-37ab3f54-b949-4c63-9065-e0d0887795fa/datanode-0/data/ratis/3962e70c-a63f-458f-8250-6a2bf1ca856a: Starting segment from index:0
2019-07-30 08:43:26,762 INFO  segmented.SegmentedRaftLogWorker (SegmentedRaftLogWorker.java:startLogSegment(380)) - 4d1f0788-cf21-4d87-a7e1-4c729fada3a8-SegmentedRaftLogWorker:Storage Directory /workdir/hadoop-ozone/integration-test/target/test-dir/MiniOzoneClusterImpl-37ab3f54-b949-4c63-9065-e0d0887795fa/datanode-1/data/ratis/3962e70c-a63f-458f-8250-6a2bf1ca856a: Starting segment from index:0
2019-07-30 08:43:26,769 INFO  segmented.SegmentedRaftLogWorker (SegmentedRaftLogWorker.java:execute(569)) - 6dae1f3a-ee3a-4447-95fb-1633d0b2174b-SegmentedRaftLogWorker:Storage Directory /workdir/hadoop-ozone/integration-test/target/test-dir/MiniOzoneClusterImpl-37ab3f54-b949-4c63-9065-e0d0887795fa/datanode-2/data/ratis/3962e70c-a63f-458f-8250-6a2bf1ca856a: created new log segment /workdir/hadoop-ozone/integration-test/target/test-dir/MiniOzoneClusterImpl-37ab3f54-b949-4c63-9065-e0d0887795fa/datanode-2/data/ratis/3962e70c-a63f-458f-8250-6a2bf1ca856a/current/log_inprogress_0
2019-07-30 08:43:26,782 INFO  segmented.SegmentedRaftLogWorker (SegmentedRaftLogWorker.java:execute(569)) - 4d1f0788-cf21-4d87-a7e1-4c729fada3a8-SegmentedRaftLogWorker:Storage Directory /workdir/hadoop-ozone/integration-test/target/test-dir/MiniOzoneClusterImpl-37ab3f54-b949-4c63-9065-e0d0887795fa/datanode-1/data/ratis/3962e70c-a63f-458f-8250-6a2bf1ca856a: created new log segment /workdir/hadoop-ozone/integration-test/target/test-dir/MiniOzoneClusterImpl-37ab3f54-b949-4c63-9065-e0d0887795fa/datanode-1/data/ratis/3962e70c-a63f-458f-8250-6a2bf1ca856a/current/log_inprogress_0
2019-07-30 08:43:26,782 INFO  segmented.SegmentedRaftLogWorker (SegmentedRaftLogWorker.java:execute(569)) - d4d0ce07-1c1a-43a5-a001-b8f876e6336e-SegmentedRaftLogWorker:Storage Directory /workdir/hadoop-ozone/integration-test/target/test-dir/MiniOzoneClusterImpl-37ab3f54-b949-4c63-9065-e0d0887795fa/datanode-0/data/ratis/3962e70c-a63f-458f-8250-6a2bf1ca856a: created new log segment /workdir/hadoop-ozone/integration-test/target/test-dir/MiniOzoneClusterImpl-37ab3f54-b949-4c63-9065-e0d0887795fa/datanode-0/data/ratis/3962e70c-a63f-458f-8250-6a2bf1ca856a/current/log_inprogress_0
2019-07-30 08:43:26,830 INFO  impl.FollowerState (FollowerState.java:run(106)) - 9949de46-2340-4824-9bca-2c199f70f5b1:group-C52A02390030 changes to CANDIDATE, lastRpcTime:1123, electionTimeout:1123ms
2019-07-30 08:43:26,831 INFO  impl.RoleInfo (RoleInfo.java:shutdownFollowerState(121)) - 9949de46-2340-4824-9bca-2c199f70f5b1: shutdown FollowerState
2019-07-30 08:43:26,831 INFO  impl.RaftServerImpl (RaftServerImpl.java:setRole(171)) - 9949de46-2340-4824-9bca-2c199f70f5b1:group-C52A02390030 changes role from FOLLOWER to CANDIDATE at term 0 for changeToCandidate
2019-07-30 08:43:26,831 INFO  impl.RoleInfo (RoleInfo.java:updateAndGet(143)) - 9949de46-2340-4824-9bca-2c199f70f5b1: start LeaderElection
2019-07-30 08:43:26,851 INFO  impl.LeaderElection (LeaderElection.java:askForVotes(181)) - 9949de46-2340-4824-9bca-2c199f70f5b1:group-C52A02390030:LeaderElection56: begin an election at term 1 for -1: [9949de46-2340-4824-9bca-2c199f70f5b1:192.168.69.91:42616], old=null
2019-07-30 08:43:26,851 INFO  impl.RoleInfo (RoleInfo.java:shutdownLeaderElection(134)) - 9949de46-2340-4824-9bca-2c199f70f5b1: shutdown LeaderElection
2019-07-30 08:43:26,852 INFO  impl.RaftServerImpl (RaftServerImpl.java:setRole(171)) - 9949de46-2340-4824-9bca-2c199f70f5b1:group-C52A02390030 changes role from CANDIDATE to LEADER at term 1 for changeToLeader
2019-07-30 08:43:26,852 INFO  impl.RaftServerImpl (ServerState.java:setLeader(263)) - 9949de46-2340-4824-9bca-2c199f70f5b1:group-C52A02390030 change Leader from null to 9949de46-2340-4824-9bca-2c199f70f5b1 at term 1 for becomeLeader, leader elected after 1148ms
2019-07-30 08:43:26,852 INFO  server.RaftServerConfigKeys (ConfUtils.java:logGet(43)) - raft.server.staging.catchup.gap = 1000 (default)
2019-07-30 08:43:26,852 INFO  server.RaftServerConfigKeys (ConfUtils.java:logGet(43)) - raft.server.rpc.sleep.time = 25ms (default)
2019-07-30 08:43:26,852 INFO  server.RaftServerConfigKeys (ConfUtils.java:logGet(43)) - raft.server.write.element-limit = 4096 (default)
2019-07-30 08:43:26,852 INFO  server.RaftServerConfigKeys (ConfUtils.java:logGet(43)) - raft.server.watch.timeout = 10s (default)
2019-07-30 08:43:26,852 INFO  server.RaftServerConfigKeys (ConfUtils.java:logGet(43)) - raft.server.watch.timeout.denomination = 1s (default)
2019-07-30 08:43:26,853 INFO  server.RaftServerConfigKeys (ConfUtils.java:logGet(43)) - raft.server.watch.element-limit = 65536 (default)
2019-07-30 08:43:26,853 INFO  impl.RoleInfo (RoleInfo.java:updateAndGet(143)) - 9949de46-2340-4824-9bca-2c199f70f5b1: start LeaderState
2019-07-30 08:43:26,853 INFO  segmented.SegmentedRaftLogWorker (SegmentedRaftLogWorker.java:startLogSegment(380)) - 9949de46-2340-4824-9bca-2c199f70f5b1-SegmentedRaftLogWorker:Storage Directory /workdir/hadoop-ozone/integration-test/target/test-dir/MiniOzoneClusterImpl-37ab3f54-b949-4c63-9065-e0d0887795fa/datanode-3/data/ratis/5cc3a6cb-6498-4c31-87ed-c52a02390030: Starting segment from index:0
2019-07-30 08:43:26,854 INFO  impl.RaftServerImpl (ServerState.java:setRaftConf(361)) - 9949de46-2340-4824-9bca-2c199f70f5b1:group-C52A02390030 set configuration 0: [9949de46-2340-4824-9bca-2c199f70f5b1:192.168.69.91:42616], old=null at 0
2019-07-30 08:43:26,897 INFO  segmented.SegmentedRaftLogWorker (SegmentedRaftLogWorker.java:execute(569)) - 9949de46-2340-4824-9bca-2c199f70f5b1-SegmentedRaftLogWorker:Storage Directory /workdir/hadoop-ozone/integration-test/target/test-dir/MiniOzoneClusterImpl-37ab3f54-b949-4c63-9065-e0d0887795fa/datanode-3/data/ratis/5cc3a6cb-6498-4c31-87ed-c52a02390030: created new log segment /workdir/hadoop-ozone/integration-test/target/test-dir/MiniOzoneClusterImpl-37ab3f54-b949-4c63-9065-e0d0887795fa/datanode-3/data/ratis/5cc3a6cb-6498-4c31-87ed-c52a02390030/current/log_inprogress_0
2019-07-30 08:43:26,926 INFO  impl.FollowerState (FollowerState.java:run(106)) - 67551cb6-ae93-47a6-a4d5-a37ca7905861:group-2C991CBF4EB3 changes to CANDIDATE, lastRpcTime:1043, electionTimeout:1043ms
2019-07-30 08:43:26,927 INFO  impl.RoleInfo (RoleInfo.java:shutdownFollowerState(121)) - 67551cb6-ae93-47a6-a4d5-a37ca7905861: shutdown FollowerState
2019-07-30 08:43:26,927 INFO  impl.RaftServerImpl (RaftServerImpl.java:setRole(171)) - 67551cb6-ae93-47a6-a4d5-a37ca7905861:group-2C991CBF4EB3 changes role from FOLLOWER to CANDIDATE at term 0 for changeToCandidate
2019-07-30 08:43:26,927 INFO  impl.RoleInfo (RoleInfo.java:updateAndGet(143)) - 67551cb6-ae93-47a6-a4d5-a37ca7905861: start LeaderElection
2019-07-30 08:43:26,963 INFO  impl.LeaderElection (LeaderElection.java:askForVotes(181)) - 67551cb6-ae93-47a6-a4d5-a37ca7905861:group-2C991CBF4EB3:LeaderElection57: begin an election at term 1 for -1: [67551cb6-ae93-47a6-a4d5-a37ca7905861:192.168.69.91:37449], old=null
2019-07-30 08:43:26,964 INFO  impl.RoleInfo (RoleInfo.java:shutdownLeaderElection(134)) - 67551cb6-ae93-47a6-a4d5-a37ca7905861: shutdown LeaderElection
2019-07-30 08:43:26,964 INFO  impl.RaftServerImpl (RaftServerImpl.java:setRole(171)) - 67551cb6-ae93-47a6-a4d5-a37ca7905861:group-2C991CBF4EB3 changes role from CANDIDATE to LEADER at term 1 for changeToLeader
2019-07-30 08:43:26,964 INFO  impl.RaftServerImpl (ServerState.java:setLeader(263)) - 67551cb6-ae93-47a6-a4d5-a37ca7905861:group-2C991CBF4EB3 change Leader from null to 67551cb6-ae93-47a6-a4d5-a37ca7905861 at term 1 for becomeLeader, leader elected after 1086ms
2019-07-30 08:43:26,964 INFO  server.RaftServerConfigKeys (ConfUtils.java:logGet(43)) - raft.server.staging.catchup.gap = 1000 (default)
2019-07-30 08:43:26,964 INFO  server.RaftServerConfigKeys (ConfUtils.java:logGet(43)) - raft.server.rpc.sleep.time = 25ms (default)
2019-07-30 08:43:26,964 INFO  server.RaftServerConfigKeys (ConfUtils.java:logGet(43)) - raft.server.write.element-limit = 4096 (default)
2019-07-30 08:43:26,964 INFO  server.RaftServerConfigKeys (ConfUtils.java:logGet(43)) - raft.server.watch.timeout = 10s (default)
2019-07-30 08:43:26,965 INFO  server.RaftServerConfigKeys (ConfUtils.java:logGet(43)) - raft.server.watch.timeout.denomination = 1s (default)
2019-07-30 08:43:26,965 INFO  server.RaftServerConfigKeys (ConfUtils.java:logGet(43)) - raft.server.watch.element-limit = 65536 (default)
2019-07-30 08:43:26,965 INFO  impl.RoleInfo (RoleInfo.java:updateAndGet(143)) - 67551cb6-ae93-47a6-a4d5-a37ca7905861: start LeaderState
2019-07-30 08:43:26,965 INFO  segmented.SegmentedRaftLogWorker (SegmentedRaftLogWorker.java:startLogSegment(380)) - 67551cb6-ae93-47a6-a4d5-a37ca7905861-SegmentedRaftLogWorker:Storage Directory /workdir/hadoop-ozone/integration-test/target/test-dir/MiniOzoneClusterImpl-37ab3f54-b949-4c63-9065-e0d0887795fa/datanode-4/data/ratis/d06a8d93-ece6-4bc7-948f-2c991cbf4eb3: Starting segment from index:0
2019-07-30 08:43:26,966 INFO  impl.RaftServerImpl (ServerState.java:setRaftConf(361)) - 67551cb6-ae93-47a6-a4d5-a37ca7905861:group-2C991CBF4EB3 set configuration 0: [67551cb6-ae93-47a6-a4d5-a37ca7905861:192.168.69.91:37449], old=null at 0
2019-07-30 08:43:27,014 INFO  segmented.SegmentedRaftLogWorker (SegmentedRaftLogWorker.java:execute(569)) - 67551cb6-ae93-47a6-a4d5-a37ca7905861-SegmentedRaftLogWorker:Storage Directory /workdir/hadoop-ozone/integration-test/target/test-dir/MiniOzoneClusterImpl-37ab3f54-b949-4c63-9065-e0d0887795fa/datanode-4/data/ratis/d06a8d93-ece6-4bc7-948f-2c991cbf4eb3: created new log segment /workdir/hadoop-ozone/integration-test/target/test-dir/MiniOzoneClusterImpl-37ab3f54-b949-4c63-9065-e0d0887795fa/datanode-4/data/ratis/d06a8d93-ece6-4bc7-948f-2c991cbf4eb3/current/log_inprogress_0
2019-07-30 08:43:27,031 INFO  ozone.MiniOzoneClusterImpl (MiniOzoneClusterImpl.java:lambda$waitForClusterToBeReady$0(142)) - Cluster is ready. Got 6 of 6 DN Heartbeats.
2019-07-30 08:43:27,067 INFO  rpc.RpcClient (RpcClient.java:createVolume(288)) - Creating Volume: datanodefailurehandlingtest, with jenkins1000 as owner.
2019-07-30 08:43:27,084 INFO  rpc.RpcClient (RpcClient.java:createBucket(425)) - Creating Bucket: datanodefailurehandlingtest/datanodefailurehandlingtest, with Versioning false and Storage Type set to DISK and Encryption set to false 
2019-07-30 08:43:27,280 INFO  impl.FollowerState (FollowerState.java:run(106)) - 9949de46-2340-4824-9bca-2c199f70f5b1:group-F4254B630BBB changes to CANDIDATE, lastRpcTime:1110, electionTimeout:1089ms
2019-07-30 08:43:27,280 INFO  impl.FollowerState (FollowerState.java:run(106)) - 67551cb6-ae93-47a6-a4d5-a37ca7905861:group-F4254B630BBB changes to CANDIDATE, lastRpcTime:1110, electionTimeout:1073ms
2019-07-30 08:43:27,280 INFO  impl.FollowerState (FollowerState.java:run(106)) - 98862409-14f4-495d-a9f4-b4e71118c9a2:group-62DAAA229F6B changes to CANDIDATE, lastRpcTime:1191, electionTimeout:1175ms
2019-07-30 08:43:27,280 INFO  impl.RoleInfo (RoleInfo.java:shutdownFollowerState(121)) - 67551cb6-ae93-47a6-a4d5-a37ca7905861: shutdown FollowerState
2019-07-30 08:43:27,280 INFO  impl.RoleInfo (RoleInfo.java:shutdownFollowerState(121)) - 9949de46-2340-4824-9bca-2c199f70f5b1: shutdown FollowerState
2019-07-30 08:43:27,281 INFO  impl.RaftServerImpl (RaftServerImpl.java:setRole(171)) - 67551cb6-ae93-47a6-a4d5-a37ca7905861:group-F4254B630BBB changes role from FOLLOWER to CANDIDATE at term 0 for changeToCandidate
2019-07-30 08:43:27,281 INFO  impl.RoleInfo (RoleInfo.java:shutdownFollowerState(121)) - 98862409-14f4-495d-a9f4-b4e71118c9a2: shutdown FollowerState
2019-07-30 08:43:27,281 INFO  impl.RaftServerImpl (RaftServerImpl.java:setRole(171)) - 9949de46-2340-4824-9bca-2c199f70f5b1:group-F4254B630BBB changes role from FOLLOWER to CANDIDATE at term 0 for changeToCandidate
2019-07-30 08:43:27,281 INFO  impl.RaftServerImpl (RaftServerImpl.java:setRole(171)) - 98862409-14f4-495d-a9f4-b4e71118c9a2:group-62DAAA229F6B changes role from FOLLOWER to CANDIDATE at term 0 for changeToCandidate
2019-07-30 08:43:27,282 INFO  impl.RoleInfo (RoleInfo.java:updateAndGet(143)) - 98862409-14f4-495d-a9f4-b4e71118c9a2: start LeaderElection
2019-07-30 08:43:27,282 INFO  impl.RoleInfo (RoleInfo.java:updateAndGet(143)) - 67551cb6-ae93-47a6-a4d5-a37ca7905861: start LeaderElection
2019-07-30 08:43:27,282 INFO  impl.RoleInfo (RoleInfo.java:updateAndGet(143)) - 9949de46-2340-4824-9bca-2c199f70f5b1: start LeaderElection
2019-07-30 08:43:27,286 INFO  impl.FollowerState (FollowerState.java:run(106)) - 98862409-14f4-495d-a9f4-b4e71118c9a2:group-F4254B630BBB changes to CANDIDATE, lastRpcTime:1124, electionTimeout:1124ms
2019-07-30 08:43:27,286 INFO  impl.RoleInfo (RoleInfo.java:shutdownFollowerState(121)) - 98862409-14f4-495d-a9f4-b4e71118c9a2: shutdown FollowerState
2019-07-30 08:43:27,286 INFO  impl.RaftServerImpl (RaftServerImpl.java:setRole(171)) - 98862409-14f4-495d-a9f4-b4e71118c9a2:group-F4254B630BBB changes role from FOLLOWER to CANDIDATE at term 0 for changeToCandidate
2019-07-30 08:43:27,309 INFO  impl.RoleInfo (RoleInfo.java:updateAndGet(143)) - 98862409-14f4-495d-a9f4-b4e71118c9a2: start LeaderElection
2019-07-30 08:43:27,367 INFO  impl.LeaderElection (LeaderElection.java:askForVotes(181)) - 9949de46-2340-4824-9bca-2c199f70f5b1:group-F4254B630BBB:LeaderElection59: begin an election at term 1 for -1: [98862409-14f4-495d-a9f4-b4e71118c9a2:192.168.69.91:38254, 67551cb6-ae93-47a6-a4d5-a37ca7905861:192.168.69.91:37449, 9949de46-2340-4824-9bca-2c199f70f5b1:192.168.69.91:42616], old=null
2019-07-30 08:43:27,368 INFO  impl.LeaderElection (LeaderElection.java:askForVotes(181)) - 98862409-14f4-495d-a9f4-b4e71118c9a2:group-62DAAA229F6B:LeaderElection60: begin an election at term 1 for -1: [98862409-14f4-495d-a9f4-b4e71118c9a2:192.168.69.91:38254], old=null
2019-07-30 08:43:27,368 INFO  impl.LeaderElection (LeaderElection.java:askForVotes(181)) - 98862409-14f4-495d-a9f4-b4e71118c9a2:group-F4254B630BBB:LeaderElection61: begin an election at term 1 for -1: [98862409-14f4-495d-a9f4-b4e71118c9a2:192.168.69.91:38254, 67551cb6-ae93-47a6-a4d5-a37ca7905861:192.168.69.91:37449, 9949de46-2340-4824-9bca-2c199f70f5b1:192.168.69.91:42616], old=null
2019-07-30 08:43:27,368 INFO  impl.LeaderElection (LeaderElection.java:askForVotes(181)) - 67551cb6-ae93-47a6-a4d5-a37ca7905861:group-F4254B630BBB:LeaderElection58: begin an election at term 1 for -1: [98862409-14f4-495d-a9f4-b4e71118c9a2:192.168.69.91:38254, 67551cb6-ae93-47a6-a4d5-a37ca7905861:192.168.69.91:37449, 9949de46-2340-4824-9bca-2c199f70f5b1:192.168.69.91:42616], old=null
2019-07-30 08:43:27,368 INFO  impl.RoleInfo (RoleInfo.java:shutdownLeaderElection(134)) - 98862409-14f4-495d-a9f4-b4e71118c9a2: shutdown LeaderElection
2019-07-30 08:43:27,368 INFO  impl.RaftServerImpl (RaftServerImpl.java:setRole(171)) - 98862409-14f4-495d-a9f4-b4e71118c9a2:group-62DAAA229F6B changes role from CANDIDATE to LEADER at term 1 for changeToLeader
2019-07-30 08:43:27,368 INFO  impl.RaftServerImpl (ServerState.java:setLeader(263)) - 98862409-14f4-495d-a9f4-b4e71118c9a2:group-62DAAA229F6B change Leader from null to 98862409-14f4-495d-a9f4-b4e71118c9a2 at term 1 for becomeLeader, leader elected after 1285ms
2019-07-30 08:43:27,369 INFO  server.RaftServerConfigKeys (ConfUtils.java:logGet(43)) - raft.server.staging.catchup.gap = 1000 (default)
2019-07-30 08:43:27,369 INFO  server.RaftServerConfigKeys (ConfUtils.java:logGet(43)) - raft.server.rpc.sleep.time = 25ms (default)
2019-07-30 08:43:27,369 INFO  server.RaftServerConfigKeys (ConfUtils.java:logGet(43)) - raft.server.write.element-limit = 4096 (default)
2019-07-30 08:43:27,369 INFO  server.RaftServerConfigKeys (ConfUtils.java:logGet(43)) - raft.server.watch.timeout = 10s (default)
2019-07-30 08:43:27,370 INFO  server.RaftServerConfigKeys (ConfUtils.java:logGet(43)) - raft.server.watch.timeout.denomination = 1s (default)
2019-07-30 08:43:27,370 INFO  server.RaftServerConfigKeys (ConfUtils.java:logGet(43)) - raft.server.watch.element-limit = 65536 (default)
2019-07-30 08:43:27,372 INFO  impl.RoleInfo (RoleInfo.java:updateAndGet(143)) - 98862409-14f4-495d-a9f4-b4e71118c9a2: start LeaderState
2019-07-30 08:43:27,372 INFO  segmented.SegmentedRaftLogWorker (SegmentedRaftLogWorker.java:startLogSegment(380)) - 98862409-14f4-495d-a9f4-b4e71118c9a2-SegmentedRaftLogWorker:Storage Directory /workdir/hadoop-ozone/integration-test/target/test-dir/MiniOzoneClusterImpl-37ab3f54-b949-4c63-9065-e0d0887795fa/datanode-5/data/ratis/66d63b5e-edff-47c6-8905-62daaa229f6b: Starting segment from index:0
2019-07-30 08:43:27,376 INFO  impl.RaftServerImpl (ServerState.java:setRaftConf(361)) - 98862409-14f4-495d-a9f4-b4e71118c9a2:group-62DAAA229F6B set configuration 0: [98862409-14f4-495d-a9f4-b4e71118c9a2:192.168.69.91:38254], old=null at 0
2019-07-30 08:43:27,407 INFO  segmented.SegmentedRaftLogWorker (SegmentedRaftLogWorker.java:execute(569)) - 98862409-14f4-495d-a9f4-b4e71118c9a2-SegmentedRaftLogWorker:Storage Directory /workdir/hadoop-ozone/integration-test/target/test-dir/MiniOzoneClusterImpl-37ab3f54-b949-4c63-9065-e0d0887795fa/datanode-5/data/ratis/66d63b5e-edff-47c6-8905-62daaa229f6b: created new log segment /workdir/hadoop-ozone/integration-test/target/test-dir/MiniOzoneClusterImpl-37ab3f54-b949-4c63-9065-e0d0887795fa/datanode-5/data/ratis/66d63b5e-edff-47c6-8905-62daaa229f6b/current/log_inprogress_0
2019-07-30 08:43:27,422 INFO  impl.LeaderElection (LeaderElection.java:logAndReturn(56)) - 98862409-14f4-495d-a9f4-b4e71118c9a2:group-F4254B630BBB:LeaderElection61: Election REJECTED; received 2 response(s) [98862409-14f4-495d-a9f4-b4e71118c9a2<-67551cb6-ae93-47a6-a4d5-a37ca7905861#0:FAIL-t1, 98862409-14f4-495d-a9f4-b4e71118c9a2<-9949de46-2340-4824-9bca-2c199f70f5b1#0:FAIL-t1] and 0 exception(s); 98862409-14f4-495d-a9f4-b4e71118c9a2:t1, leader=null, voted=98862409-14f4-495d-a9f4-b4e71118c9a2, raftlog=98862409-14f4-495d-a9f4-b4e71118c9a2-SegmentedRaftLog:OPENED:c-1,f-1,i0, conf=-1: [98862409-14f4-495d-a9f4-b4e71118c9a2:192.168.69.91:38254, 67551cb6-ae93-47a6-a4d5-a37ca7905861:192.168.69.91:37449, 9949de46-2340-4824-9bca-2c199f70f5b1:192.168.69.91:42616], old=null
2019-07-30 08:43:27,425 INFO  impl.RaftServerImpl (RaftServerImpl.java:setRole(171)) - 98862409-14f4-495d-a9f4-b4e71118c9a2:group-F4254B630BBB changes role from CANDIDATE to FOLLOWER at term 1 for DISCOVERED_A_NEW_TERM
2019-07-30 08:43:27,425 INFO  impl.LeaderElection (LeaderElection.java:logAndReturn(56)) - 9949de46-2340-4824-9bca-2c199f70f5b1:group-F4254B630BBB:LeaderElection59: Election REJECTED; received 2 response(s) [9949de46-2340-4824-9bca-2c199f70f5b1<-98862409-14f4-495d-a9f4-b4e71118c9a2#0:FAIL-t1, 9949de46-2340-4824-9bca-2c199f70f5b1<-67551cb6-ae93-47a6-a4d5-a37ca7905861#0:FAIL-t1] and 0 exception(s); 9949de46-2340-4824-9bca-2c199f70f5b1:t1, leader=null, voted=9949de46-2340-4824-9bca-2c199f70f5b1, raftlog=9949de46-2340-4824-9bca-2c199f70f5b1-SegmentedRaftLog:OPENED:c-1,f-1,i0, conf=-1: [98862409-14f4-495d-a9f4-b4e71118c9a2:192.168.69.91:38254, 67551cb6-ae93-47a6-a4d5-a37ca7905861:192.168.69.91:37449, 9949de46-2340-4824-9bca-2c199f70f5b1:192.168.69.91:42616], old=null
2019-07-30 08:43:27,425 INFO  impl.RoleInfo (RoleInfo.java:shutdownLeaderElection(134)) - 98862409-14f4-495d-a9f4-b4e71118c9a2: shutdown LeaderElection
2019-07-30 08:43:27,425 INFO  impl.LeaderElection (LeaderElection.java:logAndReturn(56)) - 67551cb6-ae93-47a6-a4d5-a37ca7905861:group-F4254B630BBB:LeaderElection58: Election REJECTED; received 2 response(s) [67551cb6-ae93-47a6-a4d5-a37ca7905861<-98862409-14f4-495d-a9f4-b4e71118c9a2#0:FAIL-t1, 67551cb6-ae93-47a6-a4d5-a37ca7905861<-9949de46-2340-4824-9bca-2c199f70f5b1#0:FAIL-t1] and 0 exception(s); 67551cb6-ae93-47a6-a4d5-a37ca7905861:t1, leader=null, voted=67551cb6-ae93-47a6-a4d5-a37ca7905861, raftlog=67551cb6-ae93-47a6-a4d5-a37ca7905861-SegmentedRaftLog:OPENED:c-1,f-1,i0, conf=-1: [98862409-14f4-495d-a9f4-b4e71118c9a2:192.168.69.91:38254, 67551cb6-ae93-47a6-a4d5-a37ca7905861:192.168.69.91:37449, 9949de46-2340-4824-9bca-2c199f70f5b1:192.168.69.91:42616], old=null
2019-07-30 08:43:27,425 INFO  impl.RaftServerImpl (RaftServerImpl.java:setRole(171)) - 9949de46-2340-4824-9bca-2c199f70f5b1:group-F4254B630BBB changes role from CANDIDATE to FOLLOWER at term 1 for DISCOVERED_A_NEW_TERM
2019-07-30 08:43:27,425 INFO  impl.RoleInfo (RoleInfo.java:shutdownLeaderElection(134)) - 9949de46-2340-4824-9bca-2c199f70f5b1: shutdown LeaderElection
2019-07-30 08:43:27,425 INFO  impl.RaftServerImpl (RaftServerImpl.java:setRole(171)) - 67551cb6-ae93-47a6-a4d5-a37ca7905861:group-F4254B630BBB changes role from CANDIDATE to FOLLOWER at term 1 for DISCOVERED_A_NEW_TERM
2019-07-30 08:43:27,425 INFO  impl.RoleInfo (RoleInfo.java:updateAndGet(143)) - 98862409-14f4-495d-a9f4-b4e71118c9a2: start FollowerState
2019-07-30 08:43:27,426 INFO  impl.RoleInfo (RoleInfo.java:shutdownLeaderElection(134)) - 67551cb6-ae93-47a6-a4d5-a37ca7905861: shutdown LeaderElection
2019-07-30 08:43:27,425 INFO  impl.RoleInfo (RoleInfo.java:updateAndGet(143)) - 9949de46-2340-4824-9bca-2c199f70f5b1: start FollowerState
2019-07-30 08:43:27,426 INFO  impl.RoleInfo (RoleInfo.java:updateAndGet(143)) - 67551cb6-ae93-47a6-a4d5-a37ca7905861: start FollowerState
2019-07-30 08:43:27,432 INFO  client.GrpcClientProtocolClient (GrpcClientProtocolClient.java:onNext(255)) - client-BF09122A803D->9949de46-2340-4824-9bca-2c199f70f5b1: receive RaftClientReply:client-BF09122A803D->9949de46-2340-4824-9bca-2c199f70f5b1@group-F4254B630BBB, cid=68, FAILED org.apache.ratis.protocol.NotLeaderException: Server 9949de46-2340-4824-9bca-2c199f70f5b1 is not the leader (null). Request must be sent to leader., logIndex=0, commits[9949de46-2340-4824-9bca-2c199f70f5b1:c-1]
2019-07-30 08:43:28,097 INFO  container.ReplicationManager (ReplicationManager.java:start(155)) - Starting Replication Monitor Thread.
2019-07-30 08:43:28,102 INFO  container.ReplicationManager (ReplicationManager.java:run(207)) - Replication Monitor Thread took 0 milliseconds for processing 4 containers.
2019-07-30 08:43:28,426 INFO  impl.FollowerState (FollowerState.java:run(106)) - 98862409-14f4-495d-a9f4-b4e71118c9a2:group-F4254B630BBB changes to CANDIDATE, lastRpcTime:1001, electionTimeout:1000ms
2019-07-30 08:43:28,426 INFO  impl.RoleInfo (RoleInfo.java:shutdownFollowerState(121)) - 98862409-14f4-495d-a9f4-b4e71118c9a2: shutdown FollowerState
2019-07-30 08:43:28,427 INFO  impl.RaftServerImpl (RaftServerImpl.java:setRole(171)) - 98862409-14f4-495d-a9f4-b4e71118c9a2:group-F4254B630BBB changes role from FOLLOWER to CANDIDATE at term 1 for changeToCandidate
2019-07-30 08:43:28,427 INFO  impl.RoleInfo (RoleInfo.java:updateAndGet(143)) - 98862409-14f4-495d-a9f4-b4e71118c9a2: start LeaderElection
2019-07-30 08:43:28,443 INFO  impl.LeaderElection (LeaderElection.java:askForVotes(181)) - 98862409-14f4-495d-a9f4-b4e71118c9a2:group-F4254B630BBB:LeaderElection62: begin an election at term 2 for -1: [98862409-14f4-495d-a9f4-b4e71118c9a2:192.168.69.91:38254, 67551cb6-ae93-47a6-a4d5-a37ca7905861:192.168.69.91:37449, 9949de46-2340-4824-9bca-2c199f70f5b1:192.168.69.91:42616], old=null
2019-07-30 08:43:28,446 INFO  impl.RaftServerImpl (RaftServerImpl.java:setRole(171)) - 9949de46-2340-4824-9bca-2c199f70f5b1:group-F4254B630BBB changes role from FOLLOWER to FOLLOWER at term 2 for recognizeCandidate:98862409-14f4-495d-a9f4-b4e71118c9a2
2019-07-30 08:43:28,447 INFO  impl.RoleInfo (RoleInfo.java:shutdownFollowerState(121)) - 9949de46-2340-4824-9bca-2c199f70f5b1: shutdown FollowerState
2019-07-30 08:43:28,447 INFO  impl.RoleInfo (RoleInfo.java:updateAndGet(143)) - 9949de46-2340-4824-9bca-2c199f70f5b1: start FollowerState
2019-07-30 08:43:28,447 INFO  impl.FollowerState (FollowerState.java:run(114)) - 9949de46-2340-4824-9bca-2c199f70f5b1: FollowerState was interrupted: java.lang.InterruptedException: sleep interrupted
2019-07-30 08:43:28,449 INFO  impl.RaftServerImpl (RaftServerImpl.java:setRole(171)) - 67551cb6-ae93-47a6-a4d5-a37ca7905861:group-F4254B630BBB changes role from FOLLOWER to FOLLOWER at term 2 for recognizeCandidate:98862409-14f4-495d-a9f4-b4e71118c9a2
2019-07-30 08:43:28,449 INFO  impl.RoleInfo (RoleInfo.java:shutdownFollowerState(121)) - 67551cb6-ae93-47a6-a4d5-a37ca7905861: shutdown FollowerState
2019-07-30 08:43:28,449 INFO  impl.RoleInfo (RoleInfo.java:updateAndGet(143)) - 67551cb6-ae93-47a6-a4d5-a37ca7905861: start FollowerState
2019-07-30 08:43:28,449 INFO  impl.FollowerState (FollowerState.java:run(114)) - 67551cb6-ae93-47a6-a4d5-a37ca7905861: FollowerState was interrupted: java.lang.InterruptedException: sleep interrupted
2019-07-30 08:43:28,457 INFO  client.GrpcClientProtocolClient (GrpcClientProtocolClient.java:onNext(255)) - client-BF09122A803D->98862409-14f4-495d-a9f4-b4e71118c9a2: receive RaftClientReply:client-BF09122A803D->98862409-14f4-495d-a9f4-b4e71118c9a2@group-F4254B630BBB, cid=68, FAILED org.apache.ratis.protocol.NotLeaderException: Server 98862409-14f4-495d-a9f4-b4e71118c9a2 is not the leader (null). Request must be sent to leader., logIndex=0, commits[98862409-14f4-495d-a9f4-b4e71118c9a2:c-1]
2019-07-30 08:43:28,472 INFO  impl.LeaderElection (LeaderElection.java:logAndReturn(56)) - 98862409-14f4-495d-a9f4-b4e71118c9a2:group-F4254B630BBB:LeaderElection62: Election PASSED; received 1 response(s) [98862409-14f4-495d-a9f4-b4e71118c9a2<-67551cb6-ae93-47a6-a4d5-a37ca7905861#0:OK-t2] and 0 exception(s); 98862409-14f4-495d-a9f4-b4e71118c9a2:t2, leader=null, voted=98862409-14f4-495d-a9f4-b4e71118c9a2, raftlog=98862409-14f4-495d-a9f4-b4e71118c9a2-SegmentedRaftLog:OPENED:c-1,f-1,i0, conf=-1: [98862409-14f4-495d-a9f4-b4e71118c9a2:192.168.69.91:38254, 67551cb6-ae93-47a6-a4d5-a37ca7905861:192.168.69.91:37449, 9949de46-2340-4824-9bca-2c199f70f5b1:192.168.69.91:42616], old=null
2019-07-30 08:43:28,473 INFO  impl.RoleInfo (RoleInfo.java:shutdownLeaderElection(134)) - 98862409-14f4-495d-a9f4-b4e71118c9a2: shutdown LeaderElection
2019-07-30 08:43:28,473 INFO  impl.RaftServerImpl (RaftServerImpl.java:setRole(171)) - 98862409-14f4-495d-a9f4-b4e71118c9a2:group-F4254B630BBB changes role from CANDIDATE to LEADER at term 2 for changeToLeader
2019-07-30 08:43:28,473 INFO  impl.RaftServerImpl (ServerState.java:setLeader(263)) - 98862409-14f4-495d-a9f4-b4e71118c9a2:group-F4254B630BBB change Leader from null to 98862409-14f4-495d-a9f4-b4e71118c9a2 at term 2 for becomeLeader, leader elected after 2319ms
2019-07-30 08:43:28,474 INFO  server.RaftServerConfigKeys (ConfUtils.java:logGet(43)) - raft.server.staging.catchup.gap = 1000 (default)
2019-07-30 08:43:28,474 INFO  server.RaftServerConfigKeys (ConfUtils.java:logGet(43)) - raft.server.rpc.sleep.time = 25ms (default)
2019-07-30 08:43:28,474 INFO  server.RaftServerConfigKeys (ConfUtils.java:logGet(43)) - raft.server.write.element-limit = 4096 (default)
2019-07-30 08:43:28,475 INFO  server.RaftServerConfigKeys (ConfUtils.java:logGet(43)) - raft.server.watch.timeout = 10s (default)
2019-07-30 08:43:28,475 INFO  server.RaftServerConfigKeys (ConfUtils.java:logGet(43)) - raft.server.watch.timeout.denomination = 1s (default)
2019-07-30 08:43:28,475 INFO  server.RaftServerConfigKeys (ConfUtils.java:logGet(43)) - raft.server.watch.element-limit = 65536 (default)
2019-07-30 08:43:28,475 INFO  server.RaftServerConfigKeys (ConfUtils.java:logGet(43)) - raft.server.log.appender.snapshot.chunk.size.max = 16MB (=16777216) (default)
2019-07-30 08:43:28,476 INFO  server.RaftServerConfigKeys (ConfUtils.java:logGet(43)) - raft.server.log.appender.buffer.byte-limit = 33554432 (custom)
2019-07-30 08:43:28,476 INFO  server.RaftServerConfigKeys (ConfUtils.java:logGet(43)) - raft.server.log.appender.buffer.element-limit = 1 (custom)
2019-07-30 08:43:28,476 INFO  grpc.GrpcConfigKeys$Server (ConfUtils.java:logGet(43)) - raft.grpc.server.leader.outstanding.appends.max = 128 (default)
2019-07-30 08:43:28,476 INFO  server.RaftServerConfigKeys (ConfUtils.java:logGet(43)) - raft.server.rpc.request.timeout = 3000ms (default)
2019-07-30 08:43:28,477 INFO  server.RaftServerConfigKeys (ConfUtils.java:logGet(43)) - raft.server.log.appender.install.snapshot.enabled = false (custom)
2019-07-30 08:43:28,477 INFO  server.RaftServerConfigKeys (ConfUtils.java:logGet(43)) - raft.server.log.appender.snapshot.chunk.size.max = 16MB (=16777216) (default)
2019-07-30 08:43:28,477 INFO  server.RaftServerConfigKeys (ConfUtils.java:logGet(43)) - raft.server.log.appender.buffer.byte-limit = 33554432 (custom)
2019-07-30 08:43:28,477 INFO  server.RaftServerConfigKeys (ConfUtils.java:logGet(43)) - raft.server.log.appender.buffer.element-limit = 1 (custom)
2019-07-30 08:43:28,478 INFO  grpc.GrpcConfigKeys$Server (ConfUtils.java:logGet(43)) - raft.grpc.server.leader.outstanding.appends.max = 128 (default)
2019-07-30 08:43:28,478 INFO  server.RaftServerConfigKeys (ConfUtils.java:logGet(43)) - raft.server.rpc.request.timeout = 3000ms (default)
2019-07-30 08:43:28,478 INFO  server.RaftServerConfigKeys (ConfUtils.java:logGet(43)) - raft.server.log.appender.install.snapshot.enabled = false (custom)
2019-07-30 08:43:28,478 INFO  impl.RoleInfo (RoleInfo.java:updateAndGet(143)) - 98862409-14f4-495d-a9f4-b4e71118c9a2: start LeaderState
2019-07-30 08:43:28,479 INFO  segmented.SegmentedRaftLogWorker (SegmentedRaftLogWorker.java:startLogSegment(380)) - 98862409-14f4-495d-a9f4-b4e71118c9a2-SegmentedRaftLogWorker:Storage Directory /workdir/hadoop-ozone/integration-test/target/test-dir/MiniOzoneClusterImpl-37ab3f54-b949-4c63-9065-e0d0887795fa/datanode-5/data/ratis/288bfd60-cccc-4977-83ca-f4254b630bbb: Starting segment from index:0
2019-07-30 08:43:28,480 INFO  impl.RaftServerImpl (ServerState.java:setRaftConf(361)) - 98862409-14f4-495d-a9f4-b4e71118c9a2:group-F4254B630BBB set configuration 0: [98862409-14f4-495d-a9f4-b4e71118c9a2:192.168.69.91:38254, 67551cb6-ae93-47a6-a4d5-a37ca7905861:192.168.69.91:37449, 9949de46-2340-4824-9bca-2c199f70f5b1:192.168.69.91:42616], old=null at 0
2019-07-30 08:43:28,513 INFO  impl.RaftServerImpl (ServerState.java:setLeader(263)) - 9949de46-2340-4824-9bca-2c199f70f5b1:group-F4254B630BBB change Leader from null to 98862409-14f4-495d-a9f4-b4e71118c9a2 at term 2 for appendEntries, leader elected after 2358ms
2019-07-30 08:43:28,513 INFO  impl.RaftServerImpl (ServerState.java:setLeader(263)) - 67551cb6-ae93-47a6-a4d5-a37ca7905861:group-F4254B630BBB change Leader from null to 98862409-14f4-495d-a9f4-b4e71118c9a2 at term 2 for appendEntries, leader elected after 2358ms
2019-07-30 08:43:28,513 INFO  segmented.SegmentedRaftLogWorker (SegmentedRaftLogWorker.java:execute(569)) - 98862409-14f4-495d-a9f4-b4e71118c9a2-SegmentedRaftLogWorker:Storage Directory /workdir/hadoop-ozone/integration-test/target/test-dir/MiniOzoneClusterImpl-37ab3f54-b949-4c63-9065-e0d0887795fa/datanode-5/data/ratis/288bfd60-cccc-4977-83ca-f4254b630bbb: created new log segment /workdir/hadoop-ozone/integration-test/target/test-dir/MiniOzoneClusterImpl-37ab3f54-b949-4c63-9065-e0d0887795fa/datanode-5/data/ratis/288bfd60-cccc-4977-83ca-f4254b630bbb/current/log_inprogress_0
2019-07-30 08:43:28,516 INFO  impl.RaftServerImpl (ServerState.java:setRaftConf(361)) - 67551cb6-ae93-47a6-a4d5-a37ca7905861:group-F4254B630BBB set configuration 0: [98862409-14f4-495d-a9f4-b4e71118c9a2:192.168.69.91:38254, 67551cb6-ae93-47a6-a4d5-a37ca7905861:192.168.69.91:37449, 9949de46-2340-4824-9bca-2c199f70f5b1:192.168.69.91:42616], old=null at 0
2019-07-30 08:43:28,516 INFO  impl.RaftServerImpl (ServerState.java:setRaftConf(361)) - 9949de46-2340-4824-9bca-2c199f70f5b1:group-F4254B630BBB set configuration 0: [98862409-14f4-495d-a9f4-b4e71118c9a2:192.168.69.91:38254, 67551cb6-ae93-47a6-a4d5-a37ca7905861:192.168.69.91:37449, 9949de46-2340-4824-9bca-2c199f70f5b1:192.168.69.91:42616], old=null at 0
2019-07-30 08:43:28,517 INFO  segmented.SegmentedRaftLogWorker (SegmentedRaftLogWorker.java:startLogSegment(380)) - 67551cb6-ae93-47a6-a4d5-a37ca7905861-SegmentedRaftLogWorker:Storage Directory /workdir/hadoop-ozone/integration-test/target/test-dir/MiniOzoneClusterImpl-37ab3f54-b949-4c63-9065-e0d0887795fa/datanode-4/data/ratis/288bfd60-cccc-4977-83ca-f4254b630bbb: Starting segment from index:0
2019-07-30 08:43:28,517 INFO  segmented.SegmentedRaftLogWorker (SegmentedRaftLogWorker.java:startLogSegment(380)) - 9949de46-2340-4824-9bca-2c199f70f5b1-SegmentedRaftLogWorker:Storage Directory /workdir/hadoop-ozone/integration-test/target/test-dir/MiniOzoneClusterImpl-37ab3f54-b949-4c63-9065-e0d0887795fa/datanode-3/data/ratis/288bfd60-cccc-4977-83ca-f4254b630bbb: Starting segment from index:0
2019-07-30 08:43:28,548 INFO  segmented.SegmentedRaftLogWorker (SegmentedRaftLogWorker.java:execute(569)) - 9949de46-2340-4824-9bca-2c199f70f5b1-SegmentedRaftLogWorker:Storage Directory /workdir/hadoop-ozone/integration-test/target/test-dir/MiniOzoneClusterImpl-37ab3f54-b949-4c63-9065-e0d0887795fa/datanode-3/data/ratis/288bfd60-cccc-4977-83ca-f4254b630bbb: created new log segment /workdir/hadoop-ozone/integration-test/target/test-dir/MiniOzoneClusterImpl-37ab3f54-b949-4c63-9065-e0d0887795fa/datanode-3/data/ratis/288bfd60-cccc-4977-83ca-f4254b630bbb/current/log_inprogress_0
2019-07-30 08:43:28,548 INFO  segmented.SegmentedRaftLogWorker (SegmentedRaftLogWorker.java:execute(569)) - 67551cb6-ae93-47a6-a4d5-a37ca7905861-SegmentedRaftLogWorker:Storage Directory /workdir/hadoop-ozone/integration-test/target/test-dir/MiniOzoneClusterImpl-37ab3f54-b949-4c63-9065-e0d0887795fa/datanode-4/data/ratis/288bfd60-cccc-4977-83ca-f4254b630bbb: created new log segment /workdir/hadoop-ozone/integration-test/target/test-dir/MiniOzoneClusterImpl-37ab3f54-b949-4c63-9065-e0d0887795fa/datanode-4/data/ratis/288bfd60-cccc-4977-83ca-f4254b630bbb/current/log_inprogress_0
2019-07-30 08:43:29,483 INFO  client.GrpcClientProtocolClient (GrpcClientProtocolClient.java:onNext(255)) - client-BF09122A803D->67551cb6-ae93-47a6-a4d5-a37ca7905861: receive RaftClientReply:client-BF09122A803D->67551cb6-ae93-47a6-a4d5-a37ca7905861@group-F4254B630BBB, cid=68, FAILED org.apache.ratis.protocol.NotLeaderException: Server 67551cb6-ae93-47a6-a4d5-a37ca7905861 is not the leader (98862409-14f4-495d-a9f4-b4e71118c9a2:192.168.69.91:38254). Request must be sent to leader., logIndex=0, commits[67551cb6-ae93-47a6-a4d5-a37ca7905861:c0, 98862409-14f4-495d-a9f4-b4e71118c9a2:c0, 9949de46-2340-4824-9bca-2c199f70f5b1:c-1]
2019-07-30 08:43:29,619 INFO  client.GrpcClientProtocolClient (GrpcClientProtocolClient.java:onNext(255)) - client-BF09122A803D->98862409-14f4-495d-a9f4-b4e71118c9a2: receive RaftClientReply:client-BF09122A803D->98862409-14f4-495d-a9f4-b4e71118c9a2@group-F4254B630BBB, cid=68, SUCCESS, logIndex=1, commits[98862409-14f4-495d-a9f4-b4e71118c9a2:c1, 67551cb6-ae93-47a6-a4d5-a37ca7905861:c0, 9949de46-2340-4824-9bca-2c199f70f5b1:c0]
2019-07-30 08:43:29,708 INFO  client.GrpcClientProtocolClient (GrpcClientProtocolClient.java:onNext(255)) - client-BF09122A803D->98862409-14f4-495d-a9f4-b4e71118c9a2: receive RaftClientReply:client-BF09122A803D->98862409-14f4-495d-a9f4-b4e71118c9a2@group-F4254B630BBB, cid=69, SUCCESS, logIndex=3, commits[98862409-14f4-495d-a9f4-b4e71118c9a2:c8, 67551cb6-ae93-47a6-a4d5-a37ca7905861:c5, 9949de46-2340-4824-9bca-2c199f70f5b1:c6]
2019-07-30 08:43:29,709 INFO  client.GrpcClientProtocolClient (GrpcClientProtocolClient.java:onNext(255)) - client-BF09122A803D->98862409-14f4-495d-a9f4-b4e71118c9a2: receive RaftClientReply:client-BF09122A803D->98862409-14f4-495d-a9f4-b4e71118c9a2@group-F4254B630BBB, cid=70, SUCCESS, logIndex=4, commits[98862409-14f4-495d-a9f4-b4e71118c9a2:c8, 67551cb6-ae93-47a6-a4d5-a37ca7905861:c5, 9949de46-2340-4824-9bca-2c199f70f5b1:c6]
2019-07-30 08:43:29,798 INFO  client.GrpcClientProtocolClient (GrpcClientProtocolClient.java:onNext(255)) - client-BF09122A803D->98862409-14f4-495d-a9f4-b4e71118c9a2: receive RaftClientReply:client-BF09122A803D->98862409-14f4-495d-a9f4-b4e71118c9a2@group-F4254B630BBB, cid=71, SUCCESS, logIndex=5, commits[98862409-14f4-495d-a9f4-b4e71118c9a2:c8, 67551cb6-ae93-47a6-a4d5-a37ca7905861:c5, 9949de46-2340-4824-9bca-2c199f70f5b1:c6]
2019-07-30 08:43:29,839 INFO  client.GrpcClientProtocolClient (GrpcClientProtocolClient.java:onNext(255)) - client-BF09122A803D->98862409-14f4-495d-a9f4-b4e71118c9a2: receive RaftClientReply:client-BF09122A803D->98862409-14f4-495d-a9f4-b4e71118c9a2@group-F4254B630BBB, cid=72, SUCCESS, logIndex=9, commits[98862409-14f4-495d-a9f4-b4e71118c9a2:c10, 67551cb6-ae93-47a6-a4d5-a37ca7905861:c8, 9949de46-2340-4824-9bca-2c199f70f5b1:c8]
2019-07-30 08:43:29,841 INFO  client.GrpcClientProtocolClient (GrpcClientProtocolClient.java:onNext(255)) - client-BF09122A803D->98862409-14f4-495d-a9f4-b4e71118c9a2: receive RaftClientReply:client-BF09122A803D->98862409-14f4-495d-a9f4-b4e71118c9a2@group-F4254B630BBB, cid=73, SUCCESS, logIndex=10, commits[98862409-14f4-495d-a9f4-b4e71118c9a2:c10, 67551cb6-ae93-47a6-a4d5-a37ca7905861:c8, 9949de46-2340-4824-9bca-2c199f70f5b1:c8]
2019-07-30 08:43:29,852 INFO  client.GrpcClientProtocolClient (GrpcClientProtocolClient.java:onNext(255)) - client-BF09122A803D->98862409-14f4-495d-a9f4-b4e71118c9a2: receive RaftClientReply:client-BF09122A803D->98862409-14f4-495d-a9f4-b4e71118c9a2@group-F4254B630BBB, cid=74, SUCCESS, logIndex=11, commits[98862409-14f4-495d-a9f4-b4e71118c9a2:c12, 67551cb6-ae93-47a6-a4d5-a37ca7905861:c8, 9949de46-2340-4824-9bca-2c199f70f5b1:c8]
2019-07-30 08:43:29,858 INFO  client.GrpcClientProtocolClient (GrpcClientProtocolClient.java:onNext(255)) - client-BF09122A803D->98862409-14f4-495d-a9f4-b4e71118c9a2: receive RaftClientReply:client-BF09122A803D->98862409-14f4-495d-a9f4-b4e71118c9a2@group-F4254B630BBB, cid=75, SUCCESS, logIndex=12, commits[98862409-14f4-495d-a9f4-b4e71118c9a2:c14, 67551cb6-ae93-47a6-a4d5-a37ca7905861:c10, 9949de46-2340-4824-9bca-2c199f70f5b1:c8]
2019-07-30 08:43:29,885 INFO  client.GrpcClientProtocolClient (GrpcClientProtocolClient.java:onNext(255)) - client-BF09122A803D->98862409-14f4-495d-a9f4-b4e71118c9a2: receive RaftClientReply:client-BF09122A803D->98862409-14f4-495d-a9f4-b4e71118c9a2@group-F4254B630BBB, cid=76, SUCCESS, logIndex=0, commits[98862409-14f4-495d-a9f4-b4e71118c9a2:c16, 67551cb6-ae93-47a6-a4d5-a37ca7905861:c12, 9949de46-2340-4824-9bca-2c199f70f5b1:c12]
2019-07-30 08:43:29,888 INFO  client.GrpcClientProtocolClient (GrpcClientProtocolClient.java:onNext(255)) - client-BF09122A803D->98862409-14f4-495d-a9f4-b4e71118c9a2: receive RaftClientReply:client-BF09122A803D->98862409-14f4-495d-a9f4-b4e71118c9a2@group-F4254B630BBB, cid=77, SUCCESS, logIndex=0, commits[98862409-14f4-495d-a9f4-b4e71118c9a2:c16, 67551cb6-ae93-47a6-a4d5-a37ca7905861:c12, 9949de46-2340-4824-9bca-2c199f70f5b1:c12]
2019-07-30 08:43:30,054 INFO  client.GrpcClientProtocolClient (GrpcClientProtocolClient.java:onNext(255)) - client-BF09122A803D->98862409-14f4-495d-a9f4-b4e71118c9a2: receive RaftClientReply:client-BF09122A803D->98862409-14f4-495d-a9f4-b4e71118c9a2@group-F4254B630BBB, cid=78, SUCCESS, logIndex=17, commits[98862409-14f4-495d-a9f4-b4e71118c9a2:c20, 67551cb6-ae93-47a6-a4d5-a37ca7905861:c16, 9949de46-2340-4824-9bca-2c199f70f5b1:c16]
2019-07-30 08:43:30,096 INFO  client.GrpcClientProtocolClient (GrpcClientProtocolClient.java:onNext(255)) - client-BF09122A803D->98862409-14f4-495d-a9f4-b4e71118c9a2: receive RaftClientReply:client-BF09122A803D->98862409-14f4-495d-a9f4-b4e71118c9a2@group-F4254B630BBB, cid=79, SUCCESS, logIndex=18, commits[98862409-14f4-495d-a9f4-b4e71118c9a2:c24, 67551cb6-ae93-47a6-a4d5-a37ca7905861:c20, 9949de46-2340-4824-9bca-2c199f70f5b1:c20]
2019-07-30 08:43:30,099 INFO  client.GrpcClientProtocolClient (GrpcClientProtocolClient.java:onNext(255)) - client-BF09122A803D->98862409-14f4-495d-a9f4-b4e71118c9a2: receive RaftClientReply:client-BF09122A803D->98862409-14f4-495d-a9f4-b4e71118c9a2@group-F4254B630BBB, cid=80, SUCCESS, logIndex=19, commits[98862409-14f4-495d-a9f4-b4e71118c9a2:c24, 67551cb6-ae93-47a6-a4d5-a37ca7905861:c20, 9949de46-2340-4824-9bca-2c199f70f5b1:c20]
2019-07-30 08:43:30,243 INFO  client.GrpcClientProtocolClient (GrpcClientProtocolClient.java:onNext(255)) - client-BF09122A803D->98862409-14f4-495d-a9f4-b4e71118c9a2: receive RaftClientReply:client-BF09122A803D->98862409-14f4-495d-a9f4-b4e71118c9a2@group-F4254B630BBB, cid=81, SUCCESS, logIndex=20, commits[98862409-14f4-495d-a9f4-b4e71118c9a2:c24, 67551cb6-ae93-47a6-a4d5-a37ca7905861:c20, 9949de46-2340-4824-9bca-2c199f70f5b1:c20]
2019-07-30 08:43:30,290 INFO  client.GrpcClientProtocolClient (GrpcClientProtocolClient.java:onNext(255)) - client-BF09122A803D->98862409-14f4-495d-a9f4-b4e71118c9a2: receive RaftClientReply:client-BF09122A803D->98862409-14f4-495d-a9f4-b4e71118c9a2@group-F4254B630BBB, cid=82, SUCCESS, logIndex=25, commits[98862409-14f4-495d-a9f4-b4e71118c9a2:c26, 67551cb6-ae93-47a6-a4d5-a37ca7905861:c24, 9949de46-2340-4824-9bca-2c199f70f5b1:c24]
2019-07-30 08:43:30,291 INFO  client.GrpcClientProtocolClient (GrpcClientProtocolClient.java:onNext(255)) - client-BF09122A803D->98862409-14f4-495d-a9f4-b4e71118c9a2: receive RaftClientReply:client-BF09122A803D->98862409-14f4-495d-a9f4-b4e71118c9a2@group-F4254B630BBB, cid=83, SUCCESS, logIndex=26, commits[98862409-14f4-495d-a9f4-b4e71118c9a2:c26, 67551cb6-ae93-47a6-a4d5-a37ca7905861:c24, 9949de46-2340-4824-9bca-2c199f70f5b1:c24]
2019-07-30 08:43:30,301 INFO  client.GrpcClientProtocolClient (GrpcClientProtocolClient.java:onNext(255)) - client-BF09122A803D->98862409-14f4-495d-a9f4-b4e71118c9a2: receive RaftClientReply:client-BF09122A803D->98862409-14f4-495d-a9f4-b4e71118c9a2@group-F4254B630BBB, cid=84, SUCCESS, logIndex=27, commits[98862409-14f4-495d-a9f4-b4e71118c9a2:c27, 67551cb6-ae93-47a6-a4d5-a37ca7905861:c24, 9949de46-2340-4824-9bca-2c199f70f5b1:c24]
2019-07-30 08:43:30,303 INFO  client.GrpcClientProtocolClient (GrpcClientProtocolClient.java:onNext(255)) - client-BF09122A803D->98862409-14f4-495d-a9f4-b4e71118c9a2: receive RaftClientReply:client-BF09122A803D->98862409-14f4-495d-a9f4-b4e71118c9a2@group-F4254B630BBB, cid=85, SUCCESS, logIndex=28, commits[98862409-14f4-495d-a9f4-b4e71118c9a2:c30, 67551cb6-ae93-47a6-a4d5-a37ca7905861:c26, 9949de46-2340-4824-9bca-2c199f70f5b1:c26]
2019-07-30 08:43:30,317 INFO  client.GrpcClientProtocolClient (GrpcClientProtocolClient.java:onNext(255)) - client-BF09122A803D->98862409-14f4-495d-a9f4-b4e71118c9a2: receive RaftClientReply:client-BF09122A803D->98862409-14f4-495d-a9f4-b4e71118c9a2@group-F4254B630BBB, cid=86, SUCCESS, logIndex=0, commits[98862409-14f4-495d-a9f4-b4e71118c9a2:c32, 67551cb6-ae93-47a6-a4d5-a37ca7905861:c29, 9949de46-2340-4824-9bca-2c199f70f5b1:c29]
2019-07-30 08:43:30,332 INFO  client.GrpcClientProtocolClient (GrpcClientProtocolClient.java:onNext(255)) - client-34325CA3ED9F->4d1f0788-cf21-4d87-a7e1-4c729fada3a8: receive RaftClientReply:client-34325CA3ED9F->4d1f0788-cf21-4d87-a7e1-4c729fada3a8@group-6A2BF1CA856A, cid=87, FAILED org.apache.ratis.protocol.NotLeaderException: Server 4d1f0788-cf21-4d87-a7e1-4c729fada3a8 is not the leader (6dae1f3a-ee3a-4447-95fb-1633d0b2174b:192.168.69.91:43493). Request must be sent to leader., logIndex=0, commits[4d1f0788-cf21-4d87-a7e1-4c729fada3a8:c0, 6dae1f3a-ee3a-4447-95fb-1633d0b2174b:c0, d4d0ce07-1c1a-43a5-a001-b8f876e6336e:c0]
2019-07-30 08:43:30,527 INFO  client.GrpcClientProtocolClient (GrpcClientProtocolClient.java:onNext(255)) - client-34325CA3ED9F->6dae1f3a-ee3a-4447-95fb-1633d0b2174b: receive RaftClientReply:client-34325CA3ED9F->6dae1f3a-ee3a-4447-95fb-1633d0b2174b@group-6A2BF1CA856A, cid=87, SUCCESS, logIndex=1, commits[6dae1f3a-ee3a-4447-95fb-1633d0b2174b:c1, 4d1f0788-cf21-4d87-a7e1-4c729fada3a8:c0, d4d0ce07-1c1a-43a5-a001-b8f876e6336e:c0]
2019-07-30 08:43:30,599 INFO  client.GrpcClientProtocolClient (GrpcClientProtocolClient.java:onNext(255)) - client-34325CA3ED9F->6dae1f3a-ee3a-4447-95fb-1633d0b2174b: receive RaftClientReply:client-34325CA3ED9F->6dae1f3a-ee3a-4447-95fb-1633d0b2174b@group-6A2BF1CA856A, cid=88, SUCCESS, logIndex=3, commits[6dae1f3a-ee3a-4447-95fb-1633d0b2174b:c8, 4d1f0788-cf21-4d87-a7e1-4c729fada3a8:c5, d4d0ce07-1c1a-43a5-a001-b8f876e6336e:c6]
2019-07-30 08:43:30,600 INFO  client.GrpcClientProtocolClient (GrpcClientProtocolClient.java:onNext(255)) - client-34325CA3ED9F->6dae1f3a-ee3a-4447-95fb-1633d0b2174b: receive RaftClientReply:client-34325CA3ED9F->6dae1f3a-ee3a-4447-95fb-1633d0b2174b@group-6A2BF1CA856A, cid=89, SUCCESS, logIndex=4, commits[6dae1f3a-ee3a-4447-95fb-1633d0b2174b:c8, 4d1f0788-cf21-4d87-a7e1-4c729fada3a8:c5, d4d0ce07-1c1a-43a5-a001-b8f876e6336e:c6]
2019-07-30 08:43:30,786 INFO  client.GrpcClientProtocolClient (GrpcClientProtocolClient.java:onNext(255)) - client-34325CA3ED9F->6dae1f3a-ee3a-4447-95fb-1633d0b2174b: receive RaftClientReply:client-34325CA3ED9F->6dae1f3a-ee3a-4447-95fb-1633d0b2174b@group-6A2BF1CA856A, cid=90, SUCCESS, logIndex=5, commits[6dae1f3a-ee3a-4447-95fb-1633d0b2174b:c8, 4d1f0788-cf21-4d87-a7e1-4c729fada3a8:c5, d4d0ce07-1c1a-43a5-a001-b8f876e6336e:c6]
2019-07-30 08:43:30,787 INFO  datanode.ObjectStoreHandler (ObjectStoreHandler.java:close(155)) - Closing ObjectStoreHandler.
2019-07-30 08:43:30,788 INFO  ozone.HddsDatanodeService (HddsDatanodeService.java:stop(451)) - Stopped plug-in org.apache.hadoop.ozone.web.OzoneHddsDatanodeService@5b2ade46
2019-07-30 08:43:31,028 INFO  statemachine.DatanodeStateMachine (DatanodeStateMachine.java:lambda$startDaemon$0(350)) - Ozone container server started.
2019-07-30 08:43:35,789 INFO  ozoneimpl.OzoneContainer (OzoneContainer.java:stop(199)) - Attempting to stop container services.
2019-07-30 08:43:35,789 INFO  impl.RaftServerProxy (RaftServerProxy.java:lambda$close$4(314)) - 9949de46-2340-4824-9bca-2c199f70f5b1: close
2019-07-30 08:43:35,790 INFO  impl.RaftServerImpl (RaftServerImpl.java:lambda$shutdown$3(245)) - 9949de46-2340-4824-9bca-2c199f70f5b1: shutdown group-F4254B630BBB
2019-07-30 08:43:35,790 INFO  impl.RaftServerImpl (RaftServerImpl.java:lambda$shutdown$3(245)) - 9949de46-2340-4824-9bca-2c199f70f5b1: shutdown group-C52A02390030
2019-07-30 08:43:35,790 INFO  util.JmxRegister (JmxRegister.java:unregister(73)) - Successfully un-registered JMX Bean with object name Ratis:service=RaftServer,group=group-F4254B630BBB,id=9949de46-2340-4824-9bca-2c199f70f5b1
2019-07-30 08:43:35,791 INFO  util.JmxRegister (JmxRegister.java:unregister(73)) - Successfully un-registered JMX Bean with object name Ratis:service=RaftServer,group=group-C52A02390030,id=9949de46-2340-4824-9bca-2c199f70f5b1
2019-07-30 08:43:35,791 INFO  impl.RoleInfo (RoleInfo.java:shutdownFollowerState(121)) - 9949de46-2340-4824-9bca-2c199f70f5b1: shutdown FollowerState
2019-07-30 08:43:35,791 INFO  impl.RoleInfo (RoleInfo.java:shutdownLeaderState(104)) - 9949de46-2340-4824-9bca-2c199f70f5b1: shutdown LeaderState
2019-07-30 08:43:35,792 INFO  ratis.ContainerStateMachine (ContainerStateMachine.java:takeSnapshot(262)) - group-F4254B630BBB: Taking a snapshot at:(t:2, i:29) file /workdir/hadoop-ozone/integration-test/target/test-dir/MiniOzoneClusterImpl-37ab3f54-b949-4c63-9065-e0d0887795fa/datanode-3/data/ratis/288bfd60-cccc-4977-83ca-f4254b630bbb/sm/snapshot.2_29
2019-07-30 08:43:35,792 INFO  impl.StateMachineUpdater (StateMachineUpdater.java:stopAndJoin(115)) - StateMachineUpdater:9949de46-2340-4824-9bca-2c199f70f5b1:group-F4254B630BBB: set stopIndex = 32
2019-07-30 08:43:35,792 INFO  impl.PendingRequests (PendingRequests.java:sendNotLeaderResponses(202)) - 9949de46-2340-4824-9bca-2c199f70f5b1-PendingRequests: sendNotLeaderResponses
2019-07-30 08:43:35,792 INFO  impl.FollowerState (FollowerState.java:run(114)) - 9949de46-2340-4824-9bca-2c199f70f5b1: FollowerState was interrupted: java.lang.InterruptedException: sleep interrupted
2019-07-30 08:43:35,793 INFO  impl.StateMachineUpdater (StateMachineUpdater.java:stopAndJoin(115)) - StateMachineUpdater:9949de46-2340-4824-9bca-2c199f70f5b1:group-C52A02390030: set stopIndex = 0
2019-07-30 08:43:35,793 INFO  impl.RaftServerImpl (ServerState.java:close(394)) - 9949de46-2340-4824-9bca-2c199f70f5b1:group-C52A02390030 closes. The last applied log index is 0
2019-07-30 08:43:35,793 INFO  segmented.SegmentedRaftLogWorker (SegmentedRaftLogWorker.java:run(313)) - 9949de46-2340-4824-9bca-2c199f70f5b1-SegmentedRaftLogWorker:Storage Directory /workdir/hadoop-ozone/integration-test/target/test-dir/MiniOzoneClusterImpl-37ab3f54-b949-4c63-9065-e0d0887795fa/datanode-3/data/ratis/5cc3a6cb-6498-4c31-87ed-c52a02390030 was interrupted, exiting. There are 0 tasks remaining in the queue.
2019-07-30 08:43:35,805 INFO  segmented.SegmentedRaftLogWorker (SegmentedRaftLogWorker.java:close(228)) - 9949de46-2340-4824-9bca-2c199f70f5b1-SegmentedRaftLogWorker:Storage Directory /workdir/hadoop-ozone/integration-test/target/test-dir/MiniOzoneClusterImpl-37ab3f54-b949-4c63-9065-e0d0887795fa/datanode-3/data/ratis/5cc3a6cb-6498-4c31-87ed-c52a02390030 close()
2019-07-30 08:43:35,816 INFO  ratis.ContainerStateMachine (ContainerStateMachine.java:takeSnapshot(273)) - group-F4254B630BBB: Finished taking a snapshot at:(t:2, i:29) file:/workdir/hadoop-ozone/integration-test/target/test-dir/MiniOzoneClusterImpl-37ab3f54-b949-4c63-9065-e0d0887795fa/datanode-3/data/ratis/288bfd60-cccc-4977-83ca-f4254b630bbb/sm/snapshot.2_29 time:24
2019-07-30 08:43:35,816 INFO  impl.StateMachineUpdater (StateMachineUpdater.java:takeSnapshot(242)) - StateMachineUpdater:9949de46-2340-4824-9bca-2c199f70f5b1:group-F4254B630BBB: Took a snapshot at index 29
2019-07-30 08:43:35,816 INFO  impl.StateMachineUpdater (StateMachineUpdater.java:lambda$new$0(80)) - StateMachineUpdater:9949de46-2340-4824-9bca-2c199f70f5b1:group-F4254B630BBB: snapshotIndex: updateIncreasingly -1 -> 29
2019-07-30 08:43:35,816 INFO  impl.RaftServerImpl (ServerState.java:close(394)) - 9949de46-2340-4824-9bca-2c199f70f5b1:group-F4254B630BBB closes. The last applied log index is 32
2019-07-30 08:43:35,817 INFO  segmented.SegmentedRaftLogWorker (SegmentedRaftLogWorker.java:run(313)) - 9949de46-2340-4824-9bca-2c199f70f5b1-SegmentedRaftLogWorker:Storage Directory /workdir/hadoop-ozone/integration-test/target/test-dir/MiniOzoneClusterImpl-37ab3f54-b949-4c63-9065-e0d0887795fa/datanode-3/data/ratis/288bfd60-cccc-4977-83ca-f4254b630bbb was interrupted, exiting. There are 0 tasks remaining in the queue.
2019-07-30 08:43:35,820 INFO  segmented.SegmentedRaftLogWorker (SegmentedRaftLogWorker.java:close(228)) - 9949de46-2340-4824-9bca-2c199f70f5b1-SegmentedRaftLogWorker:Storage Directory /workdir/hadoop-ozone/integration-test/target/test-dir/MiniOzoneClusterImpl-37ab3f54-b949-4c63-9065-e0d0887795fa/datanode-3/data/ratis/288bfd60-cccc-4977-83ca-f4254b630bbb close()
2019-07-30 08:43:35,825 INFO  server.GrpcService (GrpcService.java:closeImpl(155)) - 9949de46-2340-4824-9bca-2c199f70f5b1: shutdown server with port 42616 now
2019-07-30 08:43:35,828 WARN  server.GrpcServerProtocolService (LogUtils.java:warn(134)) - 9949de46-2340-4824-9bca-2c199f70f5b1: appendEntries onError: org.apache.ratis.thirdparty.io.grpc.StatusRuntimeException: CANCELLED: cancelled before receiving half close
2019-07-30 08:43:35,828 INFO  server.GrpcService (GrpcService.java:closeImpl(163)) - 9949de46-2340-4824-9bca-2c199f70f5b1: shutdown server with port 42616 successfully
2019-07-30 08:43:35,828 WARN  server.GrpcLogAppender (LogUtils.java:warn(134)) - 98862409-14f4-495d-a9f4-b4e71118c9a2->9949de46-2340-4824-9bca-2c199f70f5b1: Failed appendEntries: org.apache.ratis.thirdparty.io.grpc.StatusRuntimeException: CANCELLED: HTTP/2 error code: CANCEL
Received Rst Stream
2019-07-30 08:43:35,832 INFO  impl.FollowerInfo (FollowerInfo.java:lambda$new$0(50)) - 98862409-14f4-495d-a9f4-b4e71118c9a2->9949de46-2340-4824-9bca-2c199f70f5b1: nextIndex: updateUnconditionally 33 -> 32
2019-07-30 08:43:35,833 INFO  utils.BackgroundService (BackgroundService.java:shutdown(148)) - Shutting down service BlockDeletingService
2019-07-30 08:43:35,834 WARN  nio.NioEventLoop (NioEventLoop.java:select(786)) - Selector.select() returned prematurely {} times in a row; rebuilding Selector {}.
2019-07-30 08:43:35,835 INFO  nio.NioEventLoop (NioEventLoop.java:rebuildSelector0(396)) - Migrated 3 channel(s) to the new Selector.
2019-07-30 08:43:35,836 WARN  fs.CachingGetSpaceUsed (CachingGetSpaceUsed.java:run(183)) - Thread Interrupted waiting to refresh disk information: sleep interrupted
2019-07-30 08:43:35,848 WARN  server.GrpcLogAppender (LogUtils.java:warn(134)) - 98862409-14f4-495d-a9f4-b4e71118c9a2->9949de46-2340-4824-9bca-2c199f70f5b1: Failed appendEntries: org.apache.ratis.thirdparty.io.grpc.StatusRuntimeException: UNAVAILABLE: io exception
2019-07-30 08:43:35,848 INFO  impl.FollowerInfo (FollowerInfo.java:lambda$new$0(50)) - 98862409-14f4-495d-a9f4-b4e71118c9a2->9949de46-2340-4824-9bca-2c199f70f5b1: nextIndex: updateUnconditionally 32 -> 31
2019-07-30 08:43:35,861 INFO  statemachine.DatanodeStateMachine (DatanodeStateMachine.java:stopDaemon(395)) - Ozone container server stopped.
2019-07-30 08:43:35,864 INFO  handler.ContextHandler (ContextHandler.java:doStop(910)) - Stopped o.e.j.w.WebAppContext@2fe2fcc2{/,null,UNAVAILABLE}{/hddsDatanode}
2019-07-30 08:43:35,865 INFO  server.AbstractConnector (AbstractConnector.java:doStop(318)) - Stopped ServerConnector@69926b6e{HTTP/1.1,[http/1.1]}{0.0.0.0:0}
2019-07-30 08:43:35,865 INFO  handler.ContextHandler (ContextHandler.java:doStop(910)) - Stopped o.e.j.s.ServletContextHandler@63af52a6{/static,jar:file:/home/user/.m2/repository/org/apache/hadoop/hadoop-hdds-container-service/0.4.1-SNAPSHOT/hadoop-hdds-container-service-0.4.1-SNAPSHOT.jar!/webapps/static,UNAVAILABLE}
2019-07-30 08:43:35,866 INFO  handler.ContextHandler (ContextHandler.java:doStop(910)) - Stopped o.e.j.s.ServletContextHandler@5d035ab6{/logs,file:///workdir/hadoop-ozone/integration-test/target/log,UNAVAILABLE}
2019-07-30 08:43:35,910 INFO  client.GrpcClientProtocolClient (GrpcClientProtocolClient.java:onNext(255)) - client-34325CA3ED9F->6dae1f3a-ee3a-4447-95fb-1633d0b2174b: receive RaftClientReply:client-34325CA3ED9F->6dae1f3a-ee3a-4447-95fb-1633d0b2174b@group-6A2BF1CA856A, cid=91, SUCCESS, logIndex=9, commits[6dae1f3a-ee3a-4447-95fb-1633d0b2174b:c11, 4d1f0788-cf21-4d87-a7e1-4c729fada3a8:c8, d4d0ce07-1c1a-43a5-a001-b8f876e6336e:c8]
2019-07-30 08:43:35,911 INFO  client.GrpcClientProtocolClient (GrpcClientProtocolClient.java:onNext(255)) - client-34325CA3ED9F->6dae1f3a-ee3a-4447-95fb-1633d0b2174b: receive RaftClientReply:client-34325CA3ED9F->6dae1f3a-ee3a-4447-95fb-1633d0b2174b@group-6A2BF1CA856A, cid=92, SUCCESS, logIndex=10, commits[6dae1f3a-ee3a-4447-95fb-1633d0b2174b:c12, 4d1f0788-cf21-4d87-a7e1-4c729fada3a8:c8, d4d0ce07-1c1a-43a5-a001-b8f876e6336e:c8]
2019-07-30 08:43:35,911 INFO  client.GrpcClientProtocolClient (GrpcClientProtocolClient.java:onNext(255)) - client-34325CA3ED9F->6dae1f3a-ee3a-4447-95fb-1633d0b2174b: receive RaftClientReply:client-34325CA3ED9F->6dae1f3a-ee3a-4447-95fb-1633d0b2174b@group-6A2BF1CA856A, cid=93, SUCCESS, logIndex=11, commits[6dae1f3a-ee3a-4447-95fb-1633d0b2174b:c12, 4d1f0788-cf21-4d87-a7e1-4c729fada3a8:c8, d4d0ce07-1c1a-43a5-a001-b8f876e6336e:c8]
2019-07-30 08:43:35,912 INFO  client.GrpcClientProtocolClient (GrpcClientProtocolClient.java:onNext(255)) - client-34325CA3ED9F->6dae1f3a-ee3a-4447-95fb-1633d0b2174b: receive RaftClientReply:client-34325CA3ED9F->6dae1f3a-ee3a-4447-95fb-1633d0b2174b@group-6A2BF1CA856A, cid=94, SUCCESS, logIndex=12, commits[6dae1f3a-ee3a-4447-95fb-1633d0b2174b:c12, 4d1f0788-cf21-4d87-a7e1-4c729fada3a8:c8, d4d0ce07-1c1a-43a5-a001-b8f876e6336e:c8]
2019-07-30 08:43:35,926 INFO  client.GrpcClientProtocolClient (GrpcClientProtocolClient.java:onNext(255)) - client-34325CA3ED9F->6dae1f3a-ee3a-4447-95fb-1633d0b2174b: receive RaftClientReply:client-34325CA3ED9F->6dae1f3a-ee3a-4447-95fb-1633d0b2174b@group-6A2BF1CA856A, cid=95, SUCCESS, logIndex=0, commits[6dae1f3a-ee3a-4447-95fb-1633d0b2174b:c13, 4d1f0788-cf21-4d87-a7e1-4c729fada3a8:c10, d4d0ce07-1c1a-43a5-a001-b8f876e6336e:c10]
2019-07-30 08:43:35,935 INFO  client.GrpcClientProtocolClient (GrpcClientProtocolClient.java:onNext(255)) - client-34325CA3ED9F->6dae1f3a-ee3a-4447-95fb-1633d0b2174b: receive RaftClientReply:client-34325CA3ED9F->6dae1f3a-ee3a-4447-95fb-1633d0b2174b@group-6A2BF1CA856A, cid=96, SUCCESS, logIndex=0, commits[6dae1f3a-ee3a-4447-95fb-1633d0b2174b:c16, 4d1f0788-cf21-4d87-a7e1-4c729fada3a8:c12, d4d0ce07-1c1a-43a5-a001-b8f876e6336e:c12]
2019-07-30 08:43:35,943 INFO  keyvalue.KeyValueHandler (ContainerUtils.java:logAndReturnError(146)) - Operation: CreateContainer : Trace ID: 5c22b3a200b7781a:5c22b3a200b7781a:0:0 : Message: Container creation failed, due to disk out of space : Result: DISK_OUT_OF_SPACE
08:43:35.944 [pool-341-thread-25] ERROR DNAudit - user=null | ip=null | op=WRITE_CHUNK {blockData=conID: 4 locID: 102529512708309005 bcsId: 0} | ret=FAILURE
org.apache.hadoop.hdds.scm.container.common.helpers.StorageContainerException: ContainerID 4 creation failed
	at org.apache.hadoop.ozone.container.common.impl.HddsDispatcher.dispatchRequest(HddsDispatcher.java:227) ~[hadoop-hdds-container-service-0.4.1-SNAPSHOT.jar:?]
	at org.apache.hadoop.ozone.container.common.impl.HddsDispatcher.dispatch(HddsDispatcher.java:148) ~[hadoop-hdds-container-service-0.4.1-SNAPSHOT.jar:?]
	at org.apache.hadoop.ozone.container.common.transport.server.ratis.ContainerStateMachine.dispatchCommand(ContainerStateMachine.java:374) ~[hadoop-hdds-container-service-0.4.1-SNAPSHOT.jar:?]
	at org.apache.hadoop.ozone.container.common.transport.server.ratis.ContainerStateMachine.runCommand(ContainerStateMachine.java:381) ~[hadoop-hdds-container-service-0.4.1-SNAPSHOT.jar:?]
	at org.apache.hadoop.ozone.container.common.transport.server.ratis.ContainerStateMachine.lambda$handleWriteChunk$1(ContainerStateMachine.java:412) ~[hadoop-hdds-container-service-0.4.1-SNAPSHOT.jar:?]
	at java.util.concurrent.CompletableFuture$AsyncSupply.run(CompletableFuture.java:1590) [?:1.8.0_212]
	at java.util.concurrent.ThreadPoolExecutor.runWorker(ThreadPoolExecutor.java:1149) [?:1.8.0_212]
	at java.util.concurrent.ThreadPoolExecutor$Worker.run(ThreadPoolExecutor.java:624) [?:1.8.0_212]
	at java.lang.Thread.run(Thread.java:748) [?:1.8.0_212]
2019-07-30 08:43:35,945 INFO  impl.HddsDispatcher (ContainerUtils.java:logAndReturnError(146)) - Operation: WriteChunk : Trace ID: 5c22b3a200b7781a:5c22b3a200b7781a:0:0 : Message: ContainerID 4 creation failed : Result: DISK_OUT_OF_SPACE
2019-07-30 08:43:35,946 WARN  server.GrpcLogAppender (LogUtils.java:warn(134)) - 98862409-14f4-495d-a9f4-b4e71118c9a2->9949de46-2340-4824-9bca-2c199f70f5b1: Failed appendEntries: org.apache.ratis.thirdparty.io.grpc.StatusRuntimeException: UNAVAILABLE: io exception
2019-07-30 08:43:35,946 INFO  keyvalue.KeyValueHandler (ContainerUtils.java:logAndReturnError(146)) - Operation: CreateContainer : Trace ID: b07d594a4bb0c856:b07d594a4bb0c856:0:0 : Message: Container creation failed, due to disk out of space : Result: DISK_OUT_OF_SPACE
2019-07-30 08:43:35,950 INFO  impl.FollowerInfo (FollowerInfo.java:lambda$new$0(50)) - 98862409-14f4-495d-a9f4-b4e71118c9a2->9949de46-2340-4824-9bca-2c199f70f5b1: nextIndex: updateUnconditionally 32 -> 31
08:43:35.950 [pool-341-thread-27] ERROR DNAudit - user=null | ip=null | op=WRITE_CHUNK {blockData=conID: 4 locID: 102529512708309005 bcsId: 0} | ret=FAILURE
org.apache.hadoop.hdds.scm.container.common.helpers.StorageContainerException: ContainerID 4 creation failed
	at org.apache.hadoop.ozone.container.common.impl.HddsDispatcher.dispatchRequest(HddsDispatcher.java:227) ~[hadoop-hdds-container-service-0.4.1-SNAPSHOT.jar:?]
	at org.apache.hadoop.ozone.container.common.impl.HddsDispatcher.dispatch(HddsDispatcher.java:148) ~[hadoop-hdds-container-service-0.4.1-SNAPSHOT.jar:?]
	at org.apache.hadoop.ozone.container.common.transport.server.ratis.ContainerStateMachine.dispatchCommand(ContainerStateMachine.java:374) ~[hadoop-hdds-container-service-0.4.1-SNAPSHOT.jar:?]
	at org.apache.hadoop.ozone.container.common.transport.server.ratis.ContainerStateMachine.runCommand(ContainerStateMachine.java:381) ~[hadoop-hdds-container-service-0.4.1-SNAPSHOT.jar:?]
	at org.apache.hadoop.ozone.container.common.transport.server.ratis.ContainerStateMachine.lambda$handleWriteChunk$1(ContainerStateMachine.java:412) ~[hadoop-hdds-container-service-0.4.1-SNAPSHOT.jar:?]
	at java.util.concurrent.CompletableFuture$AsyncSupply.run(CompletableFuture.java:1590) [?:1.8.0_212]
	at java.util.concurrent.ThreadPoolExecutor.runWorker(ThreadPoolExecutor.java:1149) [?:1.8.0_212]
	at java.util.concurrent.ThreadPoolExecutor$Worker.run(ThreadPoolExecutor.java:624) [?:1.8.0_212]
	at java.lang.Thread.run(Thread.java:748) [?:1.8.0_212]
2019-07-30 08:43:35,950 INFO  impl.HddsDispatcher (ContainerUtils.java:logAndReturnError(146)) - Operation: WriteChunk : Trace ID: b07d594a4bb0c856:b07d594a4bb0c856:0:0 : Message: ContainerID 4 creation failed : Result: DISK_OUT_OF_SPACE
2019-07-30 08:43:35,954 INFO  keyvalue.KeyValueHandler (ContainerUtils.java:logAndReturnError(146)) - Operation: CreateContainer : Trace ID: 5c22b3a200b7781a:5c22b3a200b7781a:0:0 : Message: Container creation failed, due to disk out of space : Result: DISK_OUT_OF_SPACE
2019-07-30 08:43:35,954 WARN  server.GrpcLogAppender (LogUtils.java:warn(134)) - 98862409-14f4-495d-a9f4-b4e71118c9a2->9949de46-2340-4824-9bca-2c199f70f5b1: Failed appendEntries: org.apache.ratis.thirdparty.io.grpc.StatusRuntimeException: UNAVAILABLE: io exception
08:43:35.954 [pool-330-thread-9] ERROR DNAudit - user=null | ip=null | op=WRITE_CHUNK {blockData=conID: 4 locID: 102529512708309005 bcsId: 0} | ret=FAILURE
org.apache.hadoop.hdds.scm.container.common.helpers.StorageContainerException: ContainerID 4 creation failed
	at org.apache.hadoop.ozone.container.common.impl.HddsDispatcher.dispatchRequest(HddsDispatcher.java:227) ~[hadoop-hdds-container-service-0.4.1-SNAPSHOT.jar:?]
	at org.apache.hadoop.ozone.container.common.impl.HddsDispatcher.dispatch(HddsDispatcher.java:148) ~[hadoop-hdds-container-service-0.4.1-SNAPSHOT.jar:?]
	at org.apache.hadoop.ozone.container.common.transport.server.ratis.ContainerStateMachine.dispatchCommand(ContainerStateMachine.java:374) ~[hadoop-hdds-container-service-0.4.1-SNAPSHOT.jar:?]
	at org.apache.hadoop.ozone.container.common.transport.server.ratis.ContainerStateMachine.runCommand(ContainerStateMachine.java:381) ~[hadoop-hdds-container-service-0.4.1-SNAPSHOT.jar:?]
	at org.apache.hadoop.ozone.container.common.transport.server.ratis.ContainerStateMachine.lambda$handleWriteChunk$1(ContainerStateMachine.java:412) ~[hadoop-hdds-container-service-0.4.1-SNAPSHOT.jar:?]
	at java.util.concurrent.CompletableFuture$AsyncSupply.run(CompletableFuture.java:1590) [?:1.8.0_212]
	at java.util.concurrent.ThreadPoolExecutor.runWorker(ThreadPoolExecutor.java:1149) [?:1.8.0_212]
	at java.util.concurrent.ThreadPoolExecutor$Worker.run(ThreadPoolExecutor.java:624) [?:1.8.0_212]
	at java.lang.Thread.run(Thread.java:748) [?:1.8.0_212]
2019-07-30 08:43:35,955 INFO  impl.FollowerInfo (FollowerInfo.java:lambda$new$0(50)) - 98862409-14f4-495d-a9f4-b4e71118c9a2->9949de46-2340-4824-9bca-2c199f70f5b1: nextIndex: updateUnconditionally 32 -> 31
2019-07-30 08:43:35,955 INFO  impl.HddsDispatcher (ContainerUtils.java:logAndReturnError(146)) - Operation: WriteChunk : Trace ID: 5c22b3a200b7781a:5c22b3a200b7781a:0:0 : Message: ContainerID 4 creation failed : Result: DISK_OUT_OF_SPACE
2019-07-30 08:43:35,956 INFO  keyvalue.KeyValueHandler (ContainerUtils.java:logAndReturnError(146)) - Operation: CreateContainer : Trace ID: b07d594a4bb0c856:b07d594a4bb0c856:0:0 : Message: Container creation failed, due to disk out of space : Result: DISK_OUT_OF_SPACE
08:43:35.956 [pool-330-thread-10] ERROR DNAudit - user=null | ip=null | op=WRITE_CHUNK {blockData=conID: 4 locID: 102529512708309005 bcsId: 0} | ret=FAILURE
org.apache.hadoop.hdds.scm.container.common.helpers.StorageContainerException: ContainerID 4 creation failed
	at org.apache.hadoop.ozone.container.common.impl.HddsDispatcher.dispatchRequest(HddsDispatcher.java:227) ~[hadoop-hdds-container-service-0.4.1-SNAPSHOT.jar:?]
	at org.apache.hadoop.ozone.container.common.impl.HddsDispatcher.dispatch(HddsDispatcher.java:148) ~[hadoop-hdds-container-service-0.4.1-SNAPSHOT.jar:?]
	at org.apache.hadoop.ozone.container.common.transport.server.ratis.ContainerStateMachine.dispatchCommand(ContainerStateMachine.java:374) ~[hadoop-hdds-container-service-0.4.1-SNAPSHOT.jar:?]
	at org.apache.hadoop.ozone.container.common.transport.server.ratis.ContainerStateMachine.runCommand(ContainerStateMachine.java:381) ~[hadoop-hdds-container-service-0.4.1-SNAPSHOT.jar:?]
	at org.apache.hadoop.ozone.container.common.transport.server.ratis.ContainerStateMachine.lambda$handleWriteChunk$1(ContainerStateMachine.java:412) ~[hadoop-hdds-container-service-0.4.1-SNAPSHOT.jar:?]
	at java.util.concurrent.CompletableFuture$AsyncSupply.run(CompletableFuture.java:1590) [?:1.8.0_212]
	at java.util.concurrent.ThreadPoolExecutor.runWorker(ThreadPoolExecutor.java:1149) [?:1.8.0_212]
	at java.util.concurrent.ThreadPoolExecutor$Worker.run(ThreadPoolExecutor.java:624) [?:1.8.0_212]
	at java.lang.Thread.run(Thread.java:748) [?:1.8.0_212]
2019-07-30 08:43:35,957 INFO  impl.HddsDispatcher (ContainerUtils.java:logAndReturnError(146)) - Operation: WriteChunk : Trace ID: b07d594a4bb0c856:b07d594a4bb0c856:0:0 : Message: ContainerID 4 creation failed : Result: DISK_OUT_OF_SPACE
08:43:35.958 [RatisApplyTransactionExecutor 4] ERROR DNAudit - user=null | ip=null | op=WRITE_CHUNK {blockData=conID: 4 locID: 102529512708309005 bcsId: 0} | ret=FAILURE
org.apache.hadoop.hdds.scm.container.common.helpers.StorageContainerException: ContainerID 4 does not exist
	at org.apache.hadoop.ozone.container.common.impl.HddsDispatcher.dispatchRequest(HddsDispatcher.java:242) ~[hadoop-hdds-container-service-0.4.1-SNAPSHOT.jar:?]
	at org.apache.hadoop.ozone.container.common.impl.HddsDispatcher.dispatch(HddsDispatcher.java:148) ~[hadoop-hdds-container-service-0.4.1-SNAPSHOT.jar:?]
	at org.apache.hadoop.ozone.container.common.transport.server.ratis.ContainerStateMachine.dispatchCommand(ContainerStateMachine.java:374) ~[hadoop-hdds-container-service-0.4.1-SNAPSHOT.jar:?]
	at org.apache.hadoop.ozone.container.common.transport.server.ratis.ContainerStateMachine.runCommand(ContainerStateMachine.java:381) ~[hadoop-hdds-container-service-0.4.1-SNAPSHOT.jar:?]
	at org.apache.hadoop.ozone.container.common.transport.server.ratis.ContainerStateMachine.lambda$applyTransaction$6(ContainerStateMachine.java:647) ~[hadoop-hdds-container-service-0.4.1-SNAPSHOT.jar:?]
	at java.util.concurrent.CompletableFuture$AsyncSupply.run(CompletableFuture.java:1590) [?:1.8.0_212]
	at java.util.concurrent.ThreadPoolExecutor.runWorker(ThreadPoolExecutor.java:1149) [?:1.8.0_212]
	at java.util.concurrent.ThreadPoolExecutor$Worker.run(ThreadPoolExecutor.java:624) [?:1.8.0_212]
	at java.lang.Thread.run(Thread.java:748) [?:1.8.0_212]
2019-07-30 08:43:35,959 INFO  impl.HddsDispatcher (ContainerUtils.java:logAndReturnError(146)) - Operation: WriteChunk : Trace ID: 5c22b3a200b7781a:5c22b3a200b7781a:0:0 : Message: ContainerID 4 does not exist : Result: CONTAINER_NOT_FOUND
2019-07-30 08:43:35,959 WARN  server.GrpcLogAppender (LogUtils.java:warn(134)) - 98862409-14f4-495d-a9f4-b4e71118c9a2->9949de46-2340-4824-9bca-2c199f70f5b1: Failed appendEntries: org.apache.ratis.thirdparty.io.grpc.StatusRuntimeException: UNAVAILABLE: io exception
08:43:35.959 [RatisApplyTransactionExecutor 4] ERROR DNAudit - user=null | ip=null | op=PUT_BLOCK {blockData=[blockId=conID: 4 locID: 102529512708309005 bcsId: 0,size=1048576]} | ret=FAILURE
org.apache.hadoop.hdds.scm.container.common.helpers.StorageContainerException: ContainerID 4 does not exist
	at org.apache.hadoop.ozone.container.common.impl.HddsDispatcher.dispatchRequest(HddsDispatcher.java:242) ~[hadoop-hdds-container-service-0.4.1-SNAPSHOT.jar:?]
	at org.apache.hadoop.ozone.container.common.impl.HddsDispatcher.dispatch(HddsDispatcher.java:148) ~[hadoop-hdds-container-service-0.4.1-SNAPSHOT.jar:?]
	at org.apache.hadoop.ozone.container.common.transport.server.ratis.ContainerStateMachine.dispatchCommand(ContainerStateMachine.java:374) ~[hadoop-hdds-container-service-0.4.1-SNAPSHOT.jar:?]
	at org.apache.hadoop.ozone.container.common.transport.server.ratis.ContainerStateMachine.runCommand(ContainerStateMachine.java:381) ~[hadoop-hdds-container-service-0.4.1-SNAPSHOT.jar:?]
	at org.apache.hadoop.ozone.container.common.transport.server.ratis.ContainerStateMachine.lambda$applyTransaction$6(ContainerStateMachine.java:647) ~[hadoop-hdds-container-service-0.4.1-SNAPSHOT.jar:?]
	at java.util.concurrent.CompletableFuture$AsyncSupply.run(CompletableFuture.java:1590) [?:1.8.0_212]
	at java.util.concurrent.ThreadPoolExecutor.runWorker(ThreadPoolExecutor.java:1149) [?:1.8.0_212]
	at java.util.concurrent.ThreadPoolExecutor$Worker.run(ThreadPoolExecutor.java:624) [?:1.8.0_212]
	at java.lang.Thread.run(Thread.java:748) [?:1.8.0_212]
2019-07-30 08:43:35,960 INFO  impl.FollowerInfo (FollowerInfo.java:lambda$new$0(50)) - 98862409-14f4-495d-a9f4-b4e71118c9a2->9949de46-2340-4824-9bca-2c199f70f5b1: nextIndex: updateUnconditionally 32 -> 31
2019-07-30 08:43:35,960 INFO  impl.HddsDispatcher (ContainerUtils.java:logAndReturnError(146)) - Operation: PutBlock : Trace ID: 98551a78a0a4175d:98551a78a0a4175d:0:0 : Message: ContainerID 4 does not exist : Result: CONTAINER_NOT_FOUND
2019-07-30 08:43:35,960 INFO  client.GrpcClientProtocolClient (GrpcClientProtocolClient.java:onNext(255)) - client-BF09122A803D->98862409-14f4-495d-a9f4-b4e71118c9a2: receive RaftClientReply:client-BF09122A803D->98862409-14f4-495d-a9f4-b4e71118c9a2@group-F4254B630BBB, cid=97, SUCCESS, logIndex=33, commits[98862409-14f4-495d-a9f4-b4e71118c9a2:c34, 67551cb6-ae93-47a6-a4d5-a37ca7905861:c32, 9949de46-2340-4824-9bca-2c199f70f5b1:c32]
2019-07-30 08:43:35,961 ERROR storage.BlockOutputStream (BlockOutputStream.java:validateResponse(531)) - Unexpected Storage Container Exception: 
org.apache.hadoop.hdds.scm.container.common.helpers.StorageContainerException: ContainerID 4 does not exist
	at org.apache.hadoop.hdds.scm.storage.ContainerProtocolCalls.validateContainerResponse(ContainerProtocolCalls.java:536)
	at org.apache.hadoop.hdds.scm.storage.BlockOutputStream.validateResponse(BlockOutputStream.java:529)
	at org.apache.hadoop.hdds.scm.storage.BlockOutputStream.lambda$writeChunkToContainer$2(BlockOutputStream.java:606)
	at java.util.concurrent.CompletableFuture.uniApply(CompletableFuture.java:602)
	at java.util.concurrent.CompletableFuture$UniApply.tryFire(CompletableFuture.java:577)
	at java.util.concurrent.CompletableFuture$Completion.run(CompletableFuture.java:442)
	at java.util.concurrent.ThreadPoolExecutor.runWorker(ThreadPoolExecutor.java:1149)
	at java.util.concurrent.ThreadPoolExecutor$Worker.run(ThreadPoolExecutor.java:624)
	at java.lang.Thread.run(Thread.java:748)
2019-07-30 08:43:35,961 INFO  client.GrpcClientProtocolClient (GrpcClientProtocolClient.java:onNext(255)) - client-BF09122A803D->98862409-14f4-495d-a9f4-b4e71118c9a2: receive RaftClientReply:client-BF09122A803D->98862409-14f4-495d-a9f4-b4e71118c9a2@group-F4254B630BBB, cid=98, SUCCESS, logIndex=34, commits[98862409-14f4-495d-a9f4-b4e71118c9a2:c34, 67551cb6-ae93-47a6-a4d5-a37ca7905861:c32, 9949de46-2340-4824-9bca-2c199f70f5b1:c32]
08:43:35.970 [RatisApplyTransactionExecutor 4] ERROR DNAudit - user=null | ip=null | op=WRITE_CHUNK {blockData=conID: 4 locID: 102529512708309005 bcsId: 0} | ret=FAILURE
org.apache.hadoop.hdds.scm.container.common.helpers.StorageContainerException: ContainerID 4 does not exist
	at org.apache.hadoop.ozone.container.common.impl.HddsDispatcher.dispatchRequest(HddsDispatcher.java:242) ~[hadoop-hdds-container-service-0.4.1-SNAPSHOT.jar:?]
	at org.apache.hadoop.ozone.container.common.impl.HddsDispatcher.dispatch(HddsDispatcher.java:148) ~[hadoop-hdds-container-service-0.4.1-SNAPSHOT.jar:?]
	at org.apache.hadoop.ozone.container.common.transport.server.ratis.ContainerStateMachine.dispatchCommand(ContainerStateMachine.java:374) ~[hadoop-hdds-container-service-0.4.1-SNAPSHOT.jar:?]
	at org.apache.hadoop.ozone.container.common.transport.server.ratis.ContainerStateMachine.runCommand(ContainerStateMachine.java:381) ~[hadoop-hdds-container-service-0.4.1-SNAPSHOT.jar:?]
	at org.apache.hadoop.ozone.container.common.transport.server.ratis.ContainerStateMachine.lambda$applyTransaction$6(ContainerStateMachine.java:647) ~[hadoop-hdds-container-service-0.4.1-SNAPSHOT.jar:?]
	at java.util.concurrent.CompletableFuture$AsyncSupply.run(CompletableFuture.java:1590) [?:1.8.0_212]
	at java.util.concurrent.ThreadPoolExecutor.runWorker(ThreadPoolExecutor.java:1149) [?:1.8.0_212]
	at java.util.concurrent.ThreadPoolExecutor$Worker.run(ThreadPoolExecutor.java:624) [?:1.8.0_212]
	at java.lang.Thread.run(Thread.java:748) [?:1.8.0_212]
2019-07-30 08:43:35,971 INFO  impl.HddsDispatcher (ContainerUtils.java:logAndReturnError(146)) - Operation: WriteChunk : Trace ID: b07d594a4bb0c856:b07d594a4bb0c856:0:0 : Message: ContainerID 4 does not exist : Result: CONTAINER_NOT_FOUND
08:43:35.971 [RatisApplyTransactionExecutor 4] ERROR DNAudit - user=null | ip=null | op=WRITE_CHUNK {blockData=conID: 4 locID: 102529512708309005 bcsId: 0} | ret=FAILURE
org.apache.hadoop.hdds.scm.container.common.helpers.StorageContainerException: ContainerID 4 does not exist
	at org.apache.hadoop.ozone.container.common.impl.HddsDispatcher.dispatchRequest(HddsDispatcher.java:242) ~[hadoop-hdds-container-service-0.4.1-SNAPSHOT.jar:?]
	at org.apache.hadoop.ozone.container.common.impl.HddsDispatcher.dispatch(HddsDispatcher.java:148) ~[hadoop-hdds-container-service-0.4.1-SNAPSHOT.jar:?]
	at org.apache.hadoop.ozone.container.common.transport.server.ratis.ContainerStateMachine.dispatchCommand(ContainerStateMachine.java:374) ~[hadoop-hdds-container-service-0.4.1-SNAPSHOT.jar:?]
	at org.apache.hadoop.ozone.container.common.transport.server.ratis.ContainerStateMachine.runCommand(ContainerStateMachine.java:381) ~[hadoop-hdds-container-service-0.4.1-SNAPSHOT.jar:?]
	at org.apache.hadoop.ozone.container.common.transport.server.ratis.ContainerStateMachine.lambda$applyTransaction$6(ContainerStateMachine.java:647) ~[hadoop-hdds-container-service-0.4.1-SNAPSHOT.jar:?]
	at java.util.concurrent.CompletableFuture$AsyncSupply.run(CompletableFuture.java:1590) [?:1.8.0_212]
	at java.util.concurrent.ThreadPoolExecutor.runWorker(ThreadPoolExecutor.java:1149) [?:1.8.0_212]
	at java.util.concurrent.ThreadPoolExecutor$Worker.run(ThreadPoolExecutor.java:624) [?:1.8.0_212]
	at java.lang.Thread.run(Thread.java:748) [?:1.8.0_212]
2019-07-30 08:43:35,972 WARN  server.GrpcLogAppender (LogUtils.java:warn(134)) - 98862409-14f4-495d-a9f4-b4e71118c9a2->9949de46-2340-4824-9bca-2c199f70f5b1: Failed appendEntries: org.apache.ratis.thirdparty.io.grpc.StatusRuntimeException: UNAVAILABLE: io exception
2019-07-30 08:43:35,972 INFO  impl.HddsDispatcher (ContainerUtils.java:logAndReturnError(146)) - Operation: WriteChunk : Trace ID: 5c22b3a200b7781a:5c22b3a200b7781a:0:0 : Message: ContainerID 4 does not exist : Result: CONTAINER_NOT_FOUND
2019-07-30 08:43:35,972 INFO  impl.FollowerInfo (FollowerInfo.java:lambda$new$0(50)) - 98862409-14f4-495d-a9f4-b4e71118c9a2->9949de46-2340-4824-9bca-2c199f70f5b1: nextIndex: updateUnconditionally 32 -> 31
2019-07-30 08:43:35,972 INFO  client.GrpcClientProtocolClient (GrpcClientProtocolClient.java:onNext(255)) - client-BF09122A803D->98862409-14f4-495d-a9f4-b4e71118c9a2: receive RaftClientReply:client-BF09122A803D->98862409-14f4-495d-a9f4-b4e71118c9a2@group-F4254B630BBB, cid=99, SUCCESS, logIndex=35, commits[98862409-14f4-495d-a9f4-b4e71118c9a2:c38, 67551cb6-ae93-47a6-a4d5-a37ca7905861:c34, 9949de46-2340-4824-9bca-2c199f70f5b1:c32]
08:43:35.972 [RatisApplyTransactionExecutor 4] ERROR DNAudit - user=null | ip=null | op=PUT_BLOCK {blockData=[blockId=conID: 4 locID: 102529512708309005 bcsId: 0,size=2097152]} | ret=FAILURE
org.apache.hadoop.hdds.scm.container.common.helpers.StorageContainerException: ContainerID 4 does not exist
	at org.apache.hadoop.ozone.container.common.impl.HddsDispatcher.dispatchRequest(HddsDispatcher.java:242) ~[hadoop-hdds-container-service-0.4.1-SNAPSHOT.jar:?]
	at org.apache.hadoop.ozone.container.common.impl.HddsDispatcher.dispatch(HddsDispatcher.java:148) ~[hadoop-hdds-container-service-0.4.1-SNAPSHOT.jar:?]
	at org.apache.hadoop.ozone.container.common.transport.server.ratis.ContainerStateMachine.dispatchCommand(ContainerStateMachine.java:374) ~[hadoop-hdds-container-service-0.4.1-SNAPSHOT.jar:?]
	at org.apache.hadoop.ozone.container.common.transport.server.ratis.ContainerStateMachine.runCommand(ContainerStateMachine.java:381) ~[hadoop-hdds-container-service-0.4.1-SNAPSHOT.jar:?]
	at org.apache.hadoop.ozone.container.common.transport.server.ratis.ContainerStateMachine.lambda$applyTransaction$6(ContainerStateMachine.java:647) ~[hadoop-hdds-container-service-0.4.1-SNAPSHOT.jar:?]
	at java.util.concurrent.CompletableFuture$AsyncSupply.run(CompletableFuture.java:1590) [?:1.8.0_212]
	at java.util.concurrent.ThreadPoolExecutor.runWorker(ThreadPoolExecutor.java:1149) [?:1.8.0_212]
	at java.util.concurrent.ThreadPoolExecutor$Worker.run(ThreadPoolExecutor.java:624) [?:1.8.0_212]
	at java.lang.Thread.run(Thread.java:748) [?:1.8.0_212]
08:43:35.972 [RatisApplyTransactionExecutor 4] ERROR DNAudit - user=null | ip=null | op=PUT_BLOCK {blockData=[blockId=conID: 4 locID: 102529512708309005 bcsId: 0,size=1048576]} | ret=FAILURE
org.apache.hadoop.hdds.scm.container.common.helpers.StorageContainerException: ContainerID 4 does not exist
	at org.apache.hadoop.ozone.container.common.impl.HddsDispatcher.dispatchRequest(HddsDispatcher.java:242) ~[hadoop-hdds-container-service-0.4.1-SNAPSHOT.jar:?]
	at org.apache.hadoop.ozone.container.common.impl.HddsDispatcher.dispatch(HddsDispatcher.java:148) ~[hadoop-hdds-container-service-0.4.1-SNAPSHOT.jar:?]
	at org.apache.hadoop.ozone.container.common.transport.server.ratis.ContainerStateMachine.dispatchCommand(ContainerStateMachine.java:374) ~[hadoop-hdds-container-service-0.4.1-SNAPSHOT.jar:?]
	at org.apache.hadoop.ozone.container.common.transport.server.ratis.ContainerStateMachine.runCommand(ContainerStateMachine.java:381) ~[hadoop-hdds-container-service-0.4.1-SNAPSHOT.jar:?]
	at org.apache.hadoop.ozone.container.common.transport.server.ratis.ContainerStateMachine.lambda$applyTransaction$6(ContainerStateMachine.java:647) ~[hadoop-hdds-container-service-0.4.1-SNAPSHOT.jar:?]
	at java.util.concurrent.CompletableFuture$AsyncSupply.run(CompletableFuture.java:1590) [?:1.8.0_212]
	at java.util.concurrent.ThreadPoolExecutor.runWorker(ThreadPoolExecutor.java:1149) [?:1.8.0_212]
	at java.util.concurrent.ThreadPoolExecutor$Worker.run(ThreadPoolExecutor.java:624) [?:1.8.0_212]
	at java.lang.Thread.run(Thread.java:748) [?:1.8.0_212]
2019-07-30 08:43:35,973 INFO  impl.HddsDispatcher (ContainerUtils.java:logAndReturnError(146)) - Operation: PutBlock : Trace ID: afcba9c97f311196:afcba9c97f311196:0:0 : Message: ContainerID 4 does not exist : Result: CONTAINER_NOT_FOUND
2019-07-30 08:43:35,973 INFO  impl.HddsDispatcher (ContainerUtils.java:logAndReturnError(146)) - Operation: PutBlock : Trace ID: 98551a78a0a4175d:98551a78a0a4175d:0:0 : Message: ContainerID 4 does not exist : Result: CONTAINER_NOT_FOUND
08:43:35.973 [RatisApplyTransactionExecutor 4] ERROR DNAudit - user=null | ip=null | op=WRITE_CHUNK {blockData=conID: 4 locID: 102529512708309005 bcsId: 0} | ret=FAILURE
org.apache.hadoop.hdds.scm.container.common.helpers.StorageContainerException: ContainerID 4 does not exist
	at org.apache.hadoop.ozone.container.common.impl.HddsDispatcher.dispatchRequest(HddsDispatcher.java:242) ~[hadoop-hdds-container-service-0.4.1-SNAPSHOT.jar:?]
	at org.apache.hadoop.ozone.container.common.impl.HddsDispatcher.dispatch(HddsDispatcher.java:148) ~[hadoop-hdds-container-service-0.4.1-SNAPSHOT.jar:?]
	at org.apache.hadoop.ozone.container.common.transport.server.ratis.ContainerStateMachine.dispatchCommand(ContainerStateMachine.java:374) ~[hadoop-hdds-container-service-0.4.1-SNAPSHOT.jar:?]
	at org.apache.hadoop.ozone.container.common.transport.server.ratis.ContainerStateMachine.runCommand(ContainerStateMachine.java:381) ~[hadoop-hdds-container-service-0.4.1-SNAPSHOT.jar:?]
	at org.apache.hadoop.ozone.container.common.transport.server.ratis.ContainerStateMachine.lambda$applyTransaction$6(ContainerStateMachine.java:647) ~[hadoop-hdds-container-service-0.4.1-SNAPSHOT.jar:?]
	at java.util.concurrent.CompletableFuture$AsyncSupply.run(CompletableFuture.java:1590) [?:1.8.0_212]
	at java.util.concurrent.ThreadPoolExecutor.runWorker(ThreadPoolExecutor.java:1149) [?:1.8.0_212]
	at java.util.concurrent.ThreadPoolExecutor$Worker.run(ThreadPoolExecutor.java:624) [?:1.8.0_212]
	at java.lang.Thread.run(Thread.java:748) [?:1.8.0_212]
2019-07-30 08:43:35,974 INFO  impl.HddsDispatcher (ContainerUtils.java:logAndReturnError(146)) - Operation: WriteChunk : Trace ID: b07d594a4bb0c856:b07d594a4bb0c856:0:0 : Message: ContainerID 4 does not exist : Result: CONTAINER_NOT_FOUND
2019-07-30 08:43:35,974 INFO  client.GrpcClientProtocolClient (GrpcClientProtocolClient.java:onNext(255)) - client-BF09122A803D->98862409-14f4-495d-a9f4-b4e71118c9a2: receive RaftClientReply:client-BF09122A803D->98862409-14f4-495d-a9f4-b4e71118c9a2@group-F4254B630BBB, cid=100, SUCCESS, logIndex=36, commits[98862409-14f4-495d-a9f4-b4e71118c9a2:c39, 67551cb6-ae93-47a6-a4d5-a37ca7905861:c36, 9949de46-2340-4824-9bca-2c199f70f5b1:c32]
2019-07-30 08:43:35,974 WARN  server.GrpcLogAppender (LogUtils.java:warn(134)) - 98862409-14f4-495d-a9f4-b4e71118c9a2->9949de46-2340-4824-9bca-2c199f70f5b1: Failed appendEntries: org.apache.ratis.thirdparty.io.grpc.StatusRuntimeException: UNAVAILABLE: io exception
2019-07-30 08:43:35,978 INFO  impl.FollowerInfo (FollowerInfo.java:lambda$new$0(50)) - 98862409-14f4-495d-a9f4-b4e71118c9a2->9949de46-2340-4824-9bca-2c199f70f5b1: nextIndex: updateUnconditionally 32 -> 31
08:43:35.974 [RatisApplyTransactionExecutor 4] ERROR DNAudit - user=null | ip=null | op=PUT_BLOCK {blockData=[blockId=conID: 4 locID: 102529512708309005 bcsId: 0,size=2097152]} | ret=FAILURE
org.apache.hadoop.hdds.scm.container.common.helpers.StorageContainerException: ContainerID 4 does not exist
	at org.apache.hadoop.ozone.container.common.impl.HddsDispatcher.dispatchRequest(HddsDispatcher.java:242) ~[hadoop-hdds-container-service-0.4.1-SNAPSHOT.jar:?]
	at org.apache.hadoop.ozone.container.common.impl.HddsDispatcher.dispatch(HddsDispatcher.java:148) ~[hadoop-hdds-container-service-0.4.1-SNAPSHOT.jar:?]
	at org.apache.hadoop.ozone.container.common.transport.server.ratis.ContainerStateMachine.dispatchCommand(ContainerStateMachine.java:374) ~[hadoop-hdds-container-service-0.4.1-SNAPSHOT.jar:?]
	at org.apache.hadoop.ozone.container.common.transport.server.ratis.ContainerStateMachine.runCommand(ContainerStateMachine.java:381) ~[hadoop-hdds-container-service-0.4.1-SNAPSHOT.jar:?]
	at org.apache.hadoop.ozone.container.common.transport.server.ratis.ContainerStateMachine.lambda$applyTransaction$6(ContainerStateMachine.java:647) ~[hadoop-hdds-container-service-0.4.1-SNAPSHOT.jar:?]
	at java.util.concurrent.CompletableFuture$AsyncSupply.run(CompletableFuture.java:1590) [?:1.8.0_212]
	at java.util.concurrent.ThreadPoolExecutor.runWorker(ThreadPoolExecutor.java:1149) [?:1.8.0_212]
	at java.util.concurrent.ThreadPoolExecutor$Worker.run(ThreadPoolExecutor.java:624) [?:1.8.0_212]
	at java.lang.Thread.run(Thread.java:748) [?:1.8.0_212]
2019-07-30 08:43:35,980 INFO  impl.HddsDispatcher (ContainerUtils.java:logAndReturnError(146)) - Operation: PutBlock : Trace ID: afcba9c97f311196:afcba9c97f311196:0:0 : Message: ContainerID 4 does not exist : Result: CONTAINER_NOT_FOUND
2019-07-30 08:43:35,987 WARN  server.GrpcLogAppender (LogUtils.java:warn(134)) - 98862409-14f4-495d-a9f4-b4e71118c9a2->9949de46-2340-4824-9bca-2c199f70f5b1: Failed appendEntries: org.apache.ratis.thirdparty.io.grpc.StatusRuntimeException: UNAVAILABLE: io exception
2019-07-30 08:43:35,987 INFO  impl.FollowerInfo (FollowerInfo.java:lambda$new$0(50)) - 98862409-14f4-495d-a9f4-b4e71118c9a2->9949de46-2340-4824-9bca-2c199f70f5b1: nextIndex: updateUnconditionally 32 -> 31
]]></system-out>
    <system-err><![CDATA[Jul 30, 2019 8:43:20 AM com.sun.jersey.server.impl.application.WebApplicationImpl _initiate
INFO: Initiating Jersey application, version 'Jersey: 1.19 02/11/2015 03:25 AM'
Jul 30, 2019 8:43:21 AM com.sun.jersey.server.impl.application.WebApplicationImpl _initiate
INFO: Initiating Jersey application, version 'Jersey: 1.19 02/11/2015 03:25 AM'
Jul 30, 2019 8:43:21 AM com.sun.jersey.server.impl.application.WebApplicationImpl _initiate
INFO: Initiating Jersey application, version 'Jersey: 1.19 02/11/2015 03:25 AM'
Jul 30, 2019 8:43:21 AM com.sun.jersey.server.impl.application.WebApplicationImpl _initiate
INFO: Initiating Jersey application, version 'Jersey: 1.19 02/11/2015 03:25 AM'
Jul 30, 2019 8:43:21 AM com.sun.jersey.server.impl.application.WebApplicationImpl _initiate
INFO: Initiating Jersey application, version 'Jersey: 1.19 02/11/2015 03:25 AM'
Jul 30, 2019 8:43:21 AM com.sun.jersey.server.impl.application.WebApplicationImpl _initiate
INFO: Initiating Jersey application, version 'Jersey: 1.19 02/11/2015 03:25 AM'
Jul 30, 2019 8:43:27 AM org.apache.ratis.thirdparty.io.grpc.internal.ManagedChannelOrphanWrapper$ManagedChannelReference cleanQueue
SEVERE: *~*~*~ Channel ManagedChannelImpl{logId=1320, target=192.168.69.91:34285} was not shutdown properly!!! ~*~*~*
    Make sure to call shutdown()/shutdownNow() and wait until awaitTermination() returns true.
java.lang.RuntimeException: ManagedChannel allocation site
	at org.apache.ratis.thirdparty.io.grpc.internal.ManagedChannelOrphanWrapper$ManagedChannelReference.<init>(ManagedChannelOrphanWrapper.java:103)
	at org.apache.ratis.thirdparty.io.grpc.internal.ManagedChannelOrphanWrapper.<init>(ManagedChannelOrphanWrapper.java:53)
	at org.apache.ratis.thirdparty.io.grpc.internal.ManagedChannelOrphanWrapper.<init>(ManagedChannelOrphanWrapper.java:44)
	at org.apache.ratis.thirdparty.io.grpc.internal.AbstractManagedChannelImplBuilder.build(AbstractManagedChannelImplBuilder.java:411)
	at org.apache.ratis.grpc.client.GrpcClientProtocolClient.<init>(GrpcClientProtocolClient.java:119)
	at org.apache.ratis.grpc.client.GrpcClientRpc.lambda$new$0(GrpcClientRpc.java:55)
	at org.apache.ratis.util.PeerProxyMap$PeerAndProxy.lambda$getProxy$0(PeerProxyMap.java:61)
	at org.apache.ratis.util.LifeCycle.startAndTransition(LifeCycle.java:202)
	at org.apache.ratis.util.PeerProxyMap$PeerAndProxy.getProxy(PeerProxyMap.java:60)
	at org.apache.ratis.util.PeerProxyMap.getProxy(PeerProxyMap.java:107)
	at org.apache.ratis.grpc.client.GrpcClientRpc.sendRequestAsync(GrpcClientRpc.java:66)
	at org.apache.ratis.client.impl.OrderedAsync.sendRequest(OrderedAsync.java:208)
	at org.apache.ratis.client.impl.OrderedAsync.sendRequestWithRetry(OrderedAsync.java:169)
	at org.apache.ratis.util.SlidingWindow$Client.sendOrDelayRequest(SlidingWindow.java:278)
	at org.apache.ratis.util.SlidingWindow$Client.retry(SlidingWindow.java:294)
	at org.apache.ratis.client.impl.OrderedAsync.lambda$scheduleWithTimeout$7(OrderedAsync.java:195)
	at org.apache.ratis.util.TimeoutScheduler.lambda$onTimeout$0(TimeoutScheduler.java:85)
	at org.apache.ratis.util.TimeoutScheduler.lambda$onTimeout$1(TimeoutScheduler.java:104)
	at org.apache.ratis.util.LogUtils.runAndLog(LogUtils.java:50)
	at org.apache.ratis.util.LogUtils$1.run(LogUtils.java:91)
	at java.util.concurrent.Executors$RunnableAdapter.call(Executors.java:511)
	at java.util.concurrent.FutureTask.run(FutureTask.java:266)
	at java.util.concurrent.ScheduledThreadPoolExecutor$ScheduledFutureTask.access$201(ScheduledThreadPoolExecutor.java:180)
	at java.util.concurrent.ScheduledThreadPoolExecutor$ScheduledFutureTask.run(ScheduledThreadPoolExecutor.java:293)
	at java.util.concurrent.ThreadPoolExecutor.runWorker(ThreadPoolExecutor.java:1149)
	at java.util.concurrent.ThreadPoolExecutor$Worker.run(ThreadPoolExecutor.java:624)
	at java.lang.Thread.run(Thread.java:748)

Jul 30, 2019 8:43:27 AM org.apache.ratis.thirdparty.io.grpc.internal.ManagedChannelOrphanWrapper$ManagedChannelReference cleanQueue
SEVERE: *~*~*~ Channel ManagedChannelImpl{logId=1331, target=192.168.69.91:41732} was not shutdown properly!!! ~*~*~*
    Make sure to call shutdown()/shutdownNow() and wait until awaitTermination() returns true.
java.lang.RuntimeException: ManagedChannel allocation site
	at org.apache.ratis.thirdparty.io.grpc.internal.ManagedChannelOrphanWrapper$ManagedChannelReference.<init>(ManagedChannelOrphanWrapper.java:103)
	at org.apache.ratis.thirdparty.io.grpc.internal.ManagedChannelOrphanWrapper.<init>(ManagedChannelOrphanWrapper.java:53)
	at org.apache.ratis.thirdparty.io.grpc.internal.ManagedChannelOrphanWrapper.<init>(ManagedChannelOrphanWrapper.java:44)
	at org.apache.ratis.thirdparty.io.grpc.internal.AbstractManagedChannelImplBuilder.build(AbstractManagedChannelImplBuilder.java:411)
	at org.apache.hadoop.hdds.scm.XceiverClientGrpc.connectToDatanode(XceiverClientGrpc.java:174)
	at org.apache.hadoop.hdds.scm.XceiverClientGrpc.reconnect(XceiverClientGrpc.java:422)
	at org.apache.hadoop.hdds.scm.XceiverClientGrpc.sendCommandAsync(XceiverClientGrpc.java:371)
	at org.apache.hadoop.hdds.scm.XceiverClientGrpc.sendCommandWithRetry(XceiverClientGrpc.java:284)
	at org.apache.hadoop.hdds.scm.XceiverClientGrpc.sendCommandWithTraceIDAndRetry(XceiverClientGrpc.java:250)
	at org.apache.hadoop.hdds.scm.XceiverClientGrpc.sendCommand(XceiverClientGrpc.java:233)
	at org.apache.hadoop.hdds.scm.storage.ContainerProtocolCalls.readChunk(ContainerProtocolCalls.java:245)
	at org.apache.hadoop.hdds.scm.storage.ChunkInputStream.readChunk(ChunkInputStream.java:335)
	at org.apache.hadoop.hdds.scm.storage.ChunkInputStream.readChunkFromContainer(ChunkInputStream.java:307)
	at org.apache.hadoop.hdds.scm.storage.ChunkInputStream.prepareRead(ChunkInputStream.java:259)
	at org.apache.hadoop.hdds.scm.storage.ChunkInputStream.read(ChunkInputStream.java:144)
	at org.apache.hadoop.hdds.scm.storage.BlockInputStream.read(BlockInputStream.java:239)
	at org.apache.hadoop.ozone.client.io.KeyInputStream.read(KeyInputStream.java:171)
	at org.apache.hadoop.ozone.client.io.OzoneInputStream.read(OzoneInputStream.java:47)
	at java.io.InputStream.read(InputStream.java:101)
	at org.apache.hadoop.ozone.container.ContainerTestHelper.validateData(ContainerTestHelper.java:709)
	at org.apache.hadoop.ozone.client.rpc.TestFailureHandlingByClient.validateData(TestFailureHandlingByClient.java:461)
	at org.apache.hadoop.ozone.client.rpc.TestFailureHandlingByClient.testWriteSmallFile(TestFailureHandlingByClient.java:261)
	at sun.reflect.NativeMethodAccessorImpl.invoke0(Native Method)
	at sun.reflect.NativeMethodAccessorImpl.invoke(NativeMethodAccessorImpl.java:62)
	at sun.reflect.DelegatingMethodAccessorImpl.invoke(DelegatingMethodAccessorImpl.java:43)
	at java.lang.reflect.Method.invoke(Method.java:498)
	at org.junit.runners.model.FrameworkMethod$1.runReflectiveCall(FrameworkMethod.java:47)
	at org.junit.internal.runners.model.ReflectiveCallable.run(ReflectiveCallable.java:12)
	at org.junit.runners.model.FrameworkMethod.invokeExplosively(FrameworkMethod.java:44)
	at org.junit.internal.runners.statements.InvokeMethod.evaluate(InvokeMethod.java:17)
	at org.junit.runners.ParentRunner.runLeaf(ParentRunner.java:271)
	at org.junit.runners.BlockJUnit4ClassRunner.runChild(BlockJUnit4ClassRunner.java:70)
	at org.junit.runners.BlockJUnit4ClassRunner.runChild(BlockJUnit4ClassRunner.java:50)
	at org.junit.runners.ParentRunner$3.run(ParentRunner.java:238)
	at org.junit.runners.ParentRunner$1.schedule(ParentRunner.java:63)
	at org.junit.runners.ParentRunner.runChildren(ParentRunner.java:236)
	at org.junit.runners.ParentRunner.access$000(ParentRunner.java:53)
	at org.junit.runners.ParentRunner$2.evaluate(ParentRunner.java:229)
	at org.junit.runners.ParentRunner.run(ParentRunner.java:309)
	at org.apache.maven.surefire.junit4.JUnit4Provider.execute(JUnit4Provider.java:365)
	at org.apache.maven.surefire.junit4.JUnit4Provider.executeWithRerun(JUnit4Provider.java:273)
	at org.apache.maven.surefire.junit4.JUnit4Provider.executeTestSet(JUnit4Provider.java:238)
	at org.apache.maven.surefire.junit4.JUnit4Provider.invoke(JUnit4Provider.java:159)
	at org.apache.maven.surefire.booter.ForkedBooter.invokeProviderInSameClassLoader(ForkedBooter.java:384)
	at org.apache.maven.surefire.booter.ForkedBooter.runSuitesInProcess(ForkedBooter.java:345)
	at org.apache.maven.surefire.booter.ForkedBooter.execute(ForkedBooter.java:126)
	at org.apache.maven.surefire.booter.ForkedBooter.main(ForkedBooter.java:418)

Jul 30, 2019 8:43:27 AM org.apache.ratis.thirdparty.io.grpc.internal.ManagedChannelOrphanWrapper$ManagedChannelReference cleanQueue
SEVERE: *~*~*~ Channel ManagedChannelImpl{logId=1326, target=192.168.69.91:34617} was not shutdown properly!!! ~*~*~*
    Make sure to call shutdown()/shutdownNow() and wait until awaitTermination() returns true.
java.lang.RuntimeException: ManagedChannel allocation site
	at org.apache.ratis.thirdparty.io.grpc.internal.ManagedChannelOrphanWrapper$ManagedChannelReference.<init>(ManagedChannelOrphanWrapper.java:103)
	at org.apache.ratis.thirdparty.io.grpc.internal.ManagedChannelOrphanWrapper.<init>(ManagedChannelOrphanWrapper.java:53)
	at org.apache.ratis.thirdparty.io.grpc.internal.ManagedChannelOrphanWrapper.<init>(ManagedChannelOrphanWrapper.java:44)
	at org.apache.ratis.thirdparty.io.grpc.internal.AbstractManagedChannelImplBuilder.build(AbstractManagedChannelImplBuilder.java:411)
	at org.apache.hadoop.hdds.scm.XceiverClientGrpc.connectToDatanode(XceiverClientGrpc.java:174)
	at org.apache.hadoop.hdds.scm.XceiverClientGrpc.reconnect(XceiverClientGrpc.java:422)
	at org.apache.hadoop.hdds.scm.XceiverClientGrpc.sendCommandAsync(XceiverClientGrpc.java:371)
	at org.apache.hadoop.hdds.scm.XceiverClientGrpc.sendCommandWithRetry(XceiverClientGrpc.java:284)
	at org.apache.hadoop.hdds.scm.XceiverClientGrpc.sendCommandWithTraceIDAndRetry(XceiverClientGrpc.java:250)
	at org.apache.hadoop.hdds.scm.XceiverClientGrpc.sendCommand(XceiverClientGrpc.java:233)
	at org.apache.hadoop.hdds.scm.storage.ContainerProtocolCalls.getBlock(ContainerProtocolCalls.java:118)
	at org.apache.hadoop.hdds.scm.storage.BlockInputStream.getChunkInfos(BlockInputStream.java:167)
	at org.apache.hadoop.hdds.scm.storage.BlockInputStream.initialize(BlockInputStream.java:118)
	at org.apache.hadoop.hdds.scm.storage.BlockInputStream.read(BlockInputStream.java:222)
	at org.apache.hadoop.ozone.client.io.KeyInputStream.read(KeyInputStream.java:171)
	at org.apache.hadoop.ozone.client.io.OzoneInputStream.read(OzoneInputStream.java:47)
	at java.io.InputStream.read(InputStream.java:101)
	at org.apache.hadoop.ozone.container.ContainerTestHelper.validateData(ContainerTestHelper.java:709)
	at org.apache.hadoop.ozone.client.rpc.TestFailureHandlingByClient.validateData(TestFailureHandlingByClient.java:461)
	at org.apache.hadoop.ozone.client.rpc.TestFailureHandlingByClient.testWriteSmallFile(TestFailureHandlingByClient.java:261)
	at sun.reflect.NativeMethodAccessorImpl.invoke0(Native Method)
	at sun.reflect.NativeMethodAccessorImpl.invoke(NativeMethodAccessorImpl.java:62)
	at sun.reflect.DelegatingMethodAccessorImpl.invoke(DelegatingMethodAccessorImpl.java:43)
	at java.lang.reflect.Method.invoke(Method.java:498)
	at org.junit.runners.model.FrameworkMethod$1.runReflectiveCall(FrameworkMethod.java:47)
	at org.junit.internal.runners.model.ReflectiveCallable.run(ReflectiveCallable.java:12)
	at org.junit.runners.model.FrameworkMethod.invokeExplosively(FrameworkMethod.java:44)
	at org.junit.internal.runners.statements.InvokeMethod.evaluate(InvokeMethod.java:17)
	at org.junit.runners.ParentRunner.runLeaf(ParentRunner.java:271)
	at org.junit.runners.BlockJUnit4ClassRunner.runChild(BlockJUnit4ClassRunner.java:70)
	at org.junit.runners.BlockJUnit4ClassRunner.runChild(BlockJUnit4ClassRunner.java:50)
	at org.junit.runners.ParentRunner$3.run(ParentRunner.java:238)
	at org.junit.runners.ParentRunner$1.schedule(ParentRunner.java:63)
	at org.junit.runners.ParentRunner.runChildren(ParentRunner.java:236)
	at org.junit.runners.ParentRunner.access$000(ParentRunner.java:53)
	at org.junit.runners.ParentRunner$2.evaluate(ParentRunner.java:229)
	at org.junit.runners.ParentRunner.run(ParentRunner.java:309)
	at org.apache.maven.surefire.junit4.JUnit4Provider.execute(JUnit4Provider.java:365)
	at org.apache.maven.surefire.junit4.JUnit4Provider.executeWithRerun(JUnit4Provider.java:273)
	at org.apache.maven.surefire.junit4.JUnit4Provider.executeTestSet(JUnit4Provider.java:238)
	at org.apache.maven.surefire.junit4.JUnit4Provider.invoke(JUnit4Provider.java:159)
	at org.apache.maven.surefire.booter.ForkedBooter.invokeProviderInSameClassLoader(ForkedBooter.java:384)
	at org.apache.maven.surefire.booter.ForkedBooter.runSuitesInProcess(ForkedBooter.java:345)
	at org.apache.maven.surefire.booter.ForkedBooter.execute(ForkedBooter.java:126)
	at org.apache.maven.surefire.booter.ForkedBooter.main(ForkedBooter.java:418)

]]></system-err>
  </testcase>
  <testcase name="testBlockWritesWithDnFailures" classname="org.apache.hadoop.ozone.client.rpc.TestFailureHandlingByClient" time="37.253"/>
  <testcase name="testDatanodeExclusionWithMajorityCommit" classname="org.apache.hadoop.ozone.client.rpc.TestFailureHandlingByClient" time="40.724"/>
</testsuite>