<?xml version="1.0" encoding="UTF-8"?>
<testsuite xmlns:xsi="http://www.w3.org/2001/XMLSchema-instance" xsi:noNamespaceSchemaLocation="https://maven.apache.org/surefire/maven-surefire-plugin/xsd/surefire-test-report.xsd" name="org.apache.hadoop.ozone.client.rpc.TestOzoneClientRetriesOnException" time="83.457" tests="2" errors="1" skipped="0" failures="0">
  <properties>
    <property name="awt.toolkit" value="sun.awt.X11.XToolkit"/>
    <property name="file.encoding.pkg" value="sun.io"/>
    <property name="java.specification.version" value="1.8"/>
    <property name="sun.cpu.isalist" value=""/>
    <property name="sun.jnu.encoding" value="UTF-8"/>
    <property name="java.class.path" value="/workdir/hadoop-ozone/integration-test/target/test-classes:/workdir/hadoop-ozone/integration-test/target/classes:/home/user/.m2/repository/org/apache/hadoop/hadoop-ozone-common/0.4.1-SNAPSHOT/hadoop-ozone-common-0.4.1-SNAPSHOT.jar:/home/user/.m2/repository/org/apache/commons/commons-compress/1.4.1/commons-compress-1.4.1.jar:/home/user/.m2/repository/org/tukaani/xz/1.0/xz-1.0.jar:/home/user/.m2/repository/org/apache/hadoop/hadoop-common/3.2.0/hadoop-common-3.2.0.jar:/home/user/.m2/repository/org/apache/hadoop/hadoop-hdfs/3.2.0/hadoop-hdfs-3.2.0.jar:/home/user/.m2/repository/org/apache/hadoop/hadoop-hdfs-client/3.2.0/hadoop-hdfs-client-3.2.0.jar:/home/user/.m2/repository/com/fasterxml/jackson/core/jackson-annotations/2.9.5/jackson-annotations-2.9.5.jar:/home/user/.m2/repository/org/apache/hadoop/hadoop-hdds-common/0.4.1-SNAPSHOT/hadoop-hdds-common-0.4.1-SNAPSHOT.jar:/home/user/.m2/repository/javax/annotation/javax.annotation-api/1.2/javax.annotation-api-1.2.jar:/home/user/.m2/repository/org/apache/ratis/ratis-server/0.4.0-2337318-SNAPSHOT/ratis-server-0.4.0-2337318-SNAPSHOT.jar:/home/user/.m2/repository/org/apache/ratis/ratis-thirdparty-misc/0.2.0/ratis-thirdparty-misc-0.2.0.jar:/home/user/.m2/repository/org/apache/ratis/ratis-proto/0.4.0-2337318-SNAPSHOT/ratis-proto-0.4.0-2337318-SNAPSHOT.jar:/home/user/.m2/repository/org/apache/ratis/ratis-common/0.4.0-2337318-SNAPSHOT/ratis-common-0.4.0-2337318-SNAPSHOT.jar:/home/user/.m2/repository/org/apache/ratis/ratis-client/0.4.0-2337318-SNAPSHOT/ratis-client-0.4.0-2337318-SNAPSHOT.jar:/home/user/.m2/repository/org/apache/ratis/ratis-metrics/0.4.0-2337318-SNAPSHOT/ratis-metrics-0.4.0-2337318-SNAPSHOT.jar:/home/user/.m2/repository/org/apache/ratis/ratis-netty/0.4.0-2337318-SNAPSHOT/ratis-netty-0.4.0-2337318-SNAPSHOT.jar:/home/user/.m2/repository/org/apache/ratis/ratis-grpc/0.4.0-2337318-SNAPSHOT/ratis-grpc-0.4.0-2337318-SNAPSHOT.jar:/home/user/.m2/repository/org/rocksdb/rocksdbjni/6.0.1/rocksdbjni-6.0.1.jar:/home/user/.m2/repository/org/apache/logging/log4j/log4j-api/2.11.0/log4j-api-2.11.0.jar:/home/user/.m2/repository/org/apache/logging/log4j/log4j-core/2.11.0/log4j-core-2.11.0.jar:/home/user/.m2/repository/com/lmax/disruptor/3.4.2/disruptor-3.4.2.jar:/home/user/.m2/repository/org/apache/commons/commons-pool2/2.6.0/commons-pool2-2.6.0.jar:/home/user/.m2/repository/org/bouncycastle/bcpkix-jdk15on/1.60/bcpkix-jdk15on-1.60.jar:/home/user/.m2/repository/commons-validator/commons-validator/1.6/commons-validator-1.6.jar:/home/user/.m2/repository/commons-digester/commons-digester/1.8.1/commons-digester-1.8.1.jar:/home/user/.m2/repository/io/jaegertracing/jaeger-client/0.33.1/jaeger-client-0.33.1.jar:/home/user/.m2/repository/io/jaegertracing/jaeger-thrift/0.33.1/jaeger-thrift-0.33.1.jar:/home/user/.m2/repository/org/apache/thrift/libthrift/0.11.0/libthrift-0.11.0.jar:/home/user/.m2/repository/com/squareup/okhttp3/okhttp/3.9.0/okhttp-3.9.0.jar:/home/user/.m2/repository/com/squareup/okio/okio/1.13.0/okio-1.13.0.jar:/home/user/.m2/repository/io/jaegertracing/jaeger-core/0.33.1/jaeger-core-0.33.1.jar:/home/user/.m2/repository/io/jaegertracing/jaeger-tracerresolver/0.33.1/jaeger-tracerresolver-0.33.1.jar:/home/user/.m2/repository/io/opentracing/contrib/opentracing-tracerresolver/0.1.5/opentracing-tracerresolver-0.1.5.jar:/home/user/.m2/repository/io/opentracing/opentracing-util/0.31.0/opentracing-util-0.31.0.jar:/home/user/.m2/repository/io/opentracing/opentracing-api/0.31.0/opentracing-api-0.31.0.jar:/home/user/.m2/repository/io/opentracing/opentracing-noop/0.31.0/opentracing-noop-0.31.0.jar:/home/user/.m2/repository/org/apache/hadoop/hadoop-hdds-server-framework/0.4.1-SNAPSHOT/hadoop-hdds-server-framework-0.4.1-SNAPSHOT.jar:/home/user/.m2/repository/org/apache/hadoop/hadoop-hdds-container-service/0.4.1-SNAPSHOT/hadoop-hdds-container-service-0.4.1-SNAPSHOT.jar:/home/user/.m2/repository/org/apache/hadoop/hadoop-hdds-client/0.4.1-SNAPSHOT/hadoop-hdds-client-0.4.1-SNAPSHOT.jar:/home/user/.m2/repository/org/apache/hadoop/hadoop-hdds-tools/0.4.1-SNAPSHOT/hadoop-hdds-tools-0.4.1-SNAPSHOT.jar:/home/user/.m2/repository/org/apache/hadoop/hadoop-hdds-server-scm/0.4.1-SNAPSHOT/hadoop-hdds-server-scm-0.4.1-SNAPSHOT.jar:/home/user/.m2/repository/org/apache/hadoop/hadoop-hdds-docs/0.4.1-SNAPSHOT/hadoop-hdds-docs-0.4.1-SNAPSHOT.jar:/home/user/.m2/repository/io/dropwizard/metrics/metrics-core/3.2.4/metrics-core-3.2.4.jar:/home/user/.m2/repository/org/hamcrest/hamcrest-all/1.3/hamcrest-all-1.3.jar:/home/user/.m2/repository/org/bouncycastle/bcprov-jdk15on/1.60/bcprov-jdk15on-1.60.jar:/home/user/.m2/repository/info/picocli/picocli/3.9.6/picocli-3.9.6.jar:/home/user/.m2/repository/com/google/protobuf/protobuf-java/2.5.0/protobuf-java-2.5.0.jar:/home/user/.m2/repository/com/google/guava/guava/11.0.2/guava-11.0.2.jar:/home/user/.m2/repository/org/apache/hadoop/hadoop-ozone-ozone-manager/0.4.1-SNAPSHOT/hadoop-ozone-ozone-manager-0.4.1-SNAPSHOT.jar:/home/user/.m2/repository/org/apache/hadoop/hadoop-minikdc/3.2.0/hadoop-minikdc-3.2.0.jar:/home/user/.m2/repository/commons-io/commons-io/2.5/commons-io-2.5.jar:/home/user/.m2/repository/org/apache/kerby/kerb-simplekdc/1.0.1/kerb-simplekdc-1.0.1.jar:/home/user/.m2/repository/org/apache/kerby/kerb-client/1.0.1/kerb-client-1.0.1.jar:/home/user/.m2/repository/org/apache/kerby/kerby-config/1.0.1/kerby-config-1.0.1.jar:/home/user/.m2/repository/org/apache/kerby/kerb-core/1.0.1/kerb-core-1.0.1.jar:/home/user/.m2/repository/org/apache/kerby/kerby-pkix/1.0.1/kerby-pkix-1.0.1.jar:/home/user/.m2/repository/org/apache/kerby/kerby-asn1/1.0.1/kerby-asn1-1.0.1.jar:/home/user/.m2/repository/org/apache/kerby/kerby-util/1.0.1/kerby-util-1.0.1.jar:/home/user/.m2/repository/org/apache/kerby/kerb-common/1.0.1/kerb-common-1.0.1.jar:/home/user/.m2/repository/org/apache/kerby/kerb-crypto/1.0.1/kerb-crypto-1.0.1.jar:/home/user/.m2/repository/org/apache/kerby/kerb-util/1.0.1/kerb-util-1.0.1.jar:/home/user/.m2/repository/org/apache/kerby/token-provider/1.0.1/token-provider-1.0.1.jar:/home/user/.m2/repository/org/apache/kerby/kerb-admin/1.0.1/kerb-admin-1.0.1.jar:/home/user/.m2/repository/org/apache/kerby/kerb-server/1.0.1/kerb-server-1.0.1.jar:/home/user/.m2/repository/org/apache/kerby/kerb-identity/1.0.1/kerb-identity-1.0.1.jar:/home/user/.m2/repository/org/apache/kerby/kerby-xdr/1.0.1/kerby-xdr-1.0.1.jar:/home/user/.m2/repository/org/slf4j/slf4j-log4j12/1.7.25/slf4j-log4j12-1.7.25.jar:/home/user/.m2/repository/org/apache/hadoop/hadoop-ozone-objectstore-service/0.4.1-SNAPSHOT/hadoop-ozone-objectstore-service-0.4.1-SNAPSHOT.jar:/home/user/.m2/repository/org/apache/hadoop/hadoop-ozone-s3gateway/0.4.1-SNAPSHOT/hadoop-ozone-s3gateway-0.4.1-SNAPSHOT.jar:/home/user/.m2/repository/org/jboss/weld/servlet/weld-servlet/2.4.7.Final/weld-servlet-2.4.7.Final.jar:/home/user/.m2/repository/org/glassfish/jersey/containers/jersey-container-servlet-core/2.27/jersey-container-servlet-core-2.27.jar:/home/user/.m2/repository/org/glassfish/hk2/external/javax.inject/2.5.0-b42/javax.inject-2.5.0-b42.jar:/home/user/.m2/repository/org/glassfish/jersey/core/jersey-common/2.27/jersey-common-2.27.jar:/home/user/.m2/repository/org/glassfish/hk2/osgi-resource-locator/1.0.1/osgi-resource-locator-1.0.1.jar:/home/user/.m2/repository/javax/ws/rs/javax.ws.rs-api/2.1/javax.ws.rs-api-2.1.jar:/home/user/.m2/repository/org/glassfish/jersey/ext/cdi/jersey-cdi1x/2.27/jersey-cdi1x-2.27.jar:/home/user/.m2/repository/org/glassfish/jersey/inject/jersey-hk2/2.27/jersey-hk2-2.27.jar:/home/user/.m2/repository/org/glassfish/hk2/hk2-locator/2.5.0-b42/hk2-locator-2.5.0-b42.jar:/home/user/.m2/repository/org/javassist/javassist/3.22.0-CR2/javassist-3.22.0-CR2.jar:/home/user/.m2/repository/org/glassfish/hk2/hk2-api/2.5.0/hk2-api-2.5.0.jar:/home/user/.m2/repository/org/glassfish/hk2/external/jakarta.inject/2.5.0/jakarta.inject-2.5.0.jar:/home/user/.m2/repository/org/glassfish/hk2/hk2-utils/2.5.0/hk2-utils-2.5.0.jar:/home/user/.m2/repository/jakarta/annotation/jakarta.annotation-api/1.3.4/jakarta.annotation-api-1.3.4.jar:/home/user/.m2/repository/org/glassfish/hk2/external/aopalliance-repackaged/2.5.0/aopalliance-repackaged-2.5.0.jar:/home/user/.m2/repository/com/fasterxml/jackson/dataformat/jackson-dataformat-xml/2.9.0/jackson-dataformat-xml-2.9.0.jar:/home/user/.m2/repository/com/fasterxml/jackson/core/jackson-core/2.9.5/jackson-core-2.9.5.jar:/home/user/.m2/repository/com/fasterxml/jackson/module/jackson-module-jaxb-annotations/2.9.5/jackson-module-jaxb-annotations-2.9.5.jar:/home/user/.m2/repository/javax/enterprise/cdi-api/1.2/cdi-api-1.2.jar:/home/user/.m2/repository/javax/el/javax.el-api/3.0.0/javax.el-api-3.0.0.jar:/home/user/.m2/repository/javax/interceptor/javax.interceptor-api/1.2/javax.interceptor-api-1.2.jar:/home/user/.m2/repository/javax/inject/javax.inject/1/javax.inject-1.jar:/home/user/.m2/repository/com/sun/xml/bind/jaxb-impl/2.3.0.1/jaxb-impl-2.3.0.1.jar:/home/user/.m2/repository/com/sun/xml/bind/jaxb-core/2.3.0.1/jaxb-core-2.3.0.1.jar:/home/user/.m2/repository/javax/xml/bind/jaxb-api/2.3.0/jaxb-api-2.3.0.jar:/home/user/.m2/repository/javax/activation/activation/1.1.1/activation-1.1.1.jar:/home/user/.m2/repository/org/apache/hadoop/hadoop-ozone-csi/0.4.1-SNAPSHOT/hadoop-ozone-csi-0.4.1-SNAPSHOT.jar:/home/user/.m2/repository/com/google/protobuf/protobuf-java-util/3.5.1/protobuf-java-util-3.5.1.jar:/home/user/.m2/repository/org/apache/hadoop/hadoop-hdds-config/0.4.1-SNAPSHOT/hadoop-hdds-config-0.4.1-SNAPSHOT.jar:/home/user/.m2/repository/io/grpc/grpc-netty/1.17.1/grpc-netty-1.17.1.jar:/home/user/.m2/repository/io/grpc/grpc-core/1.17.1/grpc-core-1.17.1.jar:/home/user/.m2/repository/io/grpc/grpc-context/1.17.1/grpc-context-1.17.1.jar:/home/user/.m2/repository/com/google/errorprone/error_prone_annotations/2.2.0/error_prone_annotations-2.2.0.jar:/home/user/.m2/repository/org/codehaus/mojo/animal-sniffer-annotations/1.17/animal-sniffer-annotations-1.17.jar:/home/user/.m2/repository/io/opencensus/opencensus-api/0.17.0/opencensus-api-0.17.0.jar:/home/user/.m2/repository/io/opencensus/opencensus-contrib-grpc-metrics/0.17.0/opencensus-contrib-grpc-metrics-0.17.0.jar:/home/user/.m2/repository/io/netty/netty-codec-http2/4.1.30.Final/netty-codec-http2-4.1.30.Final.jar:/home/user/.m2/repository/io/netty/netty-codec-http/4.1.30.Final/netty-codec-http-4.1.30.Final.jar:/home/user/.m2/repository/io/netty/netty-codec/4.1.30.Final/netty-codec-4.1.30.Final.jar:/home/user/.m2/repository/io/netty/netty-handler/4.1.30.Final/netty-handler-4.1.30.Final.jar:/home/user/.m2/repository/io/netty/netty-handler-proxy/4.1.30.Final/netty-handler-proxy-4.1.30.Final.jar:/home/user/.m2/repository/io/netty/netty-codec-socks/4.1.30.Final/netty-codec-socks-4.1.30.Final.jar:/home/user/.m2/repository/io/netty/netty-transport-native-epoll/4.1.30.Final/netty-transport-native-epoll-4.1.30.Final.jar:/home/user/.m2/repository/io/netty/netty-common/4.1.30.Final/netty-common-4.1.30.Final.jar:/home/user/.m2/repository/io/netty/netty-buffer/4.1.30.Final/netty-buffer-4.1.30.Final.jar:/home/user/.m2/repository/io/netty/netty-transport/4.1.30.Final/netty-transport-4.1.30.Final.jar:/home/user/.m2/repository/io/netty/netty-resolver/4.1.30.Final/netty-resolver-4.1.30.Final.jar:/home/user/.m2/repository/io/netty/netty-transport-native-unix-common/4.1.30.Final/netty-transport-native-unix-common-4.1.30.Final.jar:/home/user/.m2/repository/io/grpc/grpc-protobuf/1.17.1/grpc-protobuf-1.17.1.jar:/home/user/.m2/repository/com/google/api/grpc/proto-google-common-protos/1.0.0/proto-google-common-protos-1.0.0.jar:/home/user/.m2/repository/io/grpc/grpc-protobuf-lite/1.17.1/grpc-protobuf-lite-1.17.1.jar:/home/user/.m2/repository/io/grpc/grpc-stub/1.17.1/grpc-stub-1.17.1.jar:/home/user/.m2/repository/org/apache/hadoop/hadoop-ozone-recon/0.4.1-SNAPSHOT/hadoop-ozone-recon-0.4.1-SNAPSHOT.jar:/home/user/.m2/repository/org/apache/hadoop/hadoop-ozone-reconcodegen/0.4.1-SNAPSHOT/hadoop-ozone-reconcodegen-0.4.1-SNAPSHOT.jar:/home/user/.m2/repository/com/google/inject/extensions/guice-multibindings/4.0/guice-multibindings-4.0.jar:/home/user/.m2/repository/com/google/inject/guice/4.0/guice-4.0.jar:/home/user/.m2/repository/aopalliance/aopalliance/1.0/aopalliance-1.0.jar:/home/user/.m2/repository/com/google/inject/extensions/guice-servlet/4.0/guice-servlet-4.0.jar:/home/user/.m2/repository/org/glassfish/jersey/containers/jersey-container-servlet/2.27/jersey-container-servlet-2.27.jar:/home/user/.m2/repository/org/glassfish/hk2/guice-bridge/2.5.0/guice-bridge-2.5.0.jar:/home/user/.m2/repository/org/glassfish/jersey/core/jersey-server/2.27/jersey-server-2.27.jar:/home/user/.m2/repository/org/glassfish/jersey/core/jersey-client/2.27/jersey-client-2.27.jar:/home/user/.m2/repository/org/glassfish/jersey/media/jersey-media-jaxb/2.27/jersey-media-jaxb-2.27.jar:/home/user/.m2/repository/javax/validation/validation-api/1.1.0.Final/validation-api-1.1.0.Final.jar:/home/user/.m2/repository/org/glassfish/jersey/media/jersey-media-json-jackson/2.27/jersey-media-json-jackson-2.27.jar:/home/user/.m2/repository/org/glassfish/jersey/ext/jersey-entity-filtering/2.27/jersey-entity-filtering-2.27.jar:/home/user/.m2/repository/com/google/inject/extensions/guice-assistedinject/4.0/guice-assistedinject-4.0.jar:/home/user/.m2/repository/org/jooq/jooq/3.11.10/jooq-3.11.10.jar:/home/user/.m2/repository/org/jooq/jooq-meta/3.11.10/jooq-meta-3.11.10.jar:/home/user/.m2/repository/org/jooq/jooq-codegen/3.11.10/jooq-codegen-3.11.10.jar:/home/user/.m2/repository/com/jolbox/bonecp/0.8.0.RELEASE/bonecp-0.8.0.RELEASE.jar:/home/user/.m2/repository/org/xerial/sqlite-jdbc/3.25.2/sqlite-jdbc-3.25.2.jar:/home/user/.m2/repository/org/springframework/spring-jdbc/5.1.3.RELEASE/spring-jdbc-5.1.3.RELEASE.jar:/home/user/.m2/repository/org/springframework/spring-beans/5.1.3.RELEASE/spring-beans-5.1.3.RELEASE.jar:/home/user/.m2/repository/org/springframework/spring-core/5.1.3.RELEASE/spring-core-5.1.3.RELEASE.jar:/home/user/.m2/repository/org/springframework/spring-jcl/5.1.3.RELEASE/spring-jcl-5.1.3.RELEASE.jar:/home/user/.m2/repository/org/springframework/spring-tx/5.1.3.RELEASE/spring-tx-5.1.3.RELEASE.jar:/home/user/.m2/repository/org/apache/hadoop/hadoop-ozone-client/0.4.1-SNAPSHOT/hadoop-ozone-client-0.4.1-SNAPSHOT.jar:/home/user/.m2/repository/commons-lang/commons-lang/2.6/commons-lang-2.6.jar:/home/user/.m2/repository/org/apache/hadoop/hadoop-ozone-ozone-manager/0.4.1-SNAPSHOT/hadoop-ozone-ozone-manager-0.4.1-SNAPSHOT-tests.jar:/home/user/.m2/repository/junit/junit/4.11/junit-4.11.jar:/home/user/.m2/repository/org/hamcrest/hamcrest-core/1.3/hamcrest-core-1.3.jar:/home/user/.m2/repository/org/openjdk/jmh/jmh-core/1.19/jmh-core-1.19.jar:/home/user/.m2/repository/net/sf/jopt-simple/jopt-simple/4.6/jopt-simple-4.6.jar:/home/user/.m2/repository/org/apache/commons/commons-math3/3.1.1/commons-math3-3.1.1.jar:/home/user/.m2/repository/org/openjdk/jmh/jmh-generator-annprocess/1.19/jmh-generator-annprocess-1.19.jar:/home/user/.m2/repository/org/mockito/mockito-all/1.8.5/mockito-all-1.8.5.jar:/home/user/.m2/repository/org/apache/hadoop/hadoop-kms/3.2.0/hadoop-kms-3.2.0.jar:/home/user/.m2/repository/org/apache/hadoop/hadoop-auth/3.2.0/hadoop-auth-3.2.0.jar:/home/user/.m2/repository/com/nimbusds/nimbus-jose-jwt/4.41.1/nimbus-jose-jwt-4.41.1.jar:/home/user/.m2/repository/com/github/stephenc/jcip/jcip-annotations/1.0-1/jcip-annotations-1.0-1.jar:/home/user/.m2/repository/net/minidev/json-smart/2.3/json-smart-2.3.jar:/home/user/.m2/repository/net/minidev/accessors-smart/1.2/accessors-smart-1.2.jar:/home/user/.m2/repository/org/ow2/asm/asm/5.0.4/asm-5.0.4.jar:/home/user/.m2/repository/org/apache/curator/curator-framework/2.12.0/curator-framework-2.12.0.jar:/home/user/.m2/repository/com/sun/jersey/jersey-core/1.19/jersey-core-1.19.jar:/home/user/.m2/repository/javax/ws/rs/jsr311-api/1.1.1/jsr311-api-1.1.1.jar:/home/user/.m2/repository/com/sun/jersey/jersey-server/1.19/jersey-server-1.19.jar:/home/user/.m2/repository/javax/servlet/javax.servlet-api/3.1.0/javax.servlet-api-3.1.0.jar:/home/user/.m2/repository/org/eclipse/jetty/jetty-server/9.3.24.v20180605/jetty-server-9.3.24.v20180605.jar:/home/user/.m2/repository/org/eclipse/jetty/jetty-http/9.3.24.v20180605/jetty-http-9.3.24.v20180605.jar:/home/user/.m2/repository/org/eclipse/jetty/jetty-io/9.3.24.v20180605/jetty-io-9.3.24.v20180605.jar:/home/user/.m2/repository/org/eclipse/jetty/jetty-webapp/9.3.24.v20180605/jetty-webapp-9.3.24.v20180605.jar:/home/user/.m2/repository/org/eclipse/jetty/jetty-xml/9.3.24.v20180605/jetty-xml-9.3.24.v20180605.jar:/home/user/.m2/repository/log4j/log4j/1.2.17/log4j-1.2.17.jar:/home/user/.m2/repository/org/slf4j/slf4j-api/1.7.25/slf4j-api-1.7.25.jar:/home/user/.m2/repository/org/slf4j/jul-to-slf4j/1.7.25/jul-to-slf4j-1.7.25.jar:/home/user/.m2/repository/org/eclipse/jetty/jetty-util/9.3.24.v20180605/jetty-util-9.3.24.v20180605.jar:/home/user/.m2/repository/com/fasterxml/jackson/core/jackson-databind/2.9.5/jackson-databind-2.9.5.jar:/home/user/.m2/repository/org/apache/hadoop/hadoop-kms/3.2.0/hadoop-kms-3.2.0-tests.jar:/home/user/.m2/repository/org/apache/hadoop/hadoop-hdds-server-scm/0.4.1-SNAPSHOT/hadoop-hdds-server-scm-0.4.1-SNAPSHOT-tests.jar:/home/user/.m2/repository/org/apache/hadoop/hadoop-hdds-container-service/0.4.1-SNAPSHOT/hadoop-hdds-container-service-0.4.1-SNAPSHOT-tests.jar:/home/user/.m2/repository/org/yaml/snakeyaml/1.16/snakeyaml-1.16.jar:/home/user/.m2/repository/org/apache/hadoop/hadoop-common/3.2.0/hadoop-common-3.2.0-tests.jar:/home/user/.m2/repository/org/apache/hadoop/hadoop-annotations/3.2.0/hadoop-annotations-3.2.0.jar:/usr/lib/jvm/java-1.8-openjdk/jre/../lib/tools.jar:/home/user/.m2/repository/commons-cli/commons-cli/1.2/commons-cli-1.2.jar:/home/user/.m2/repository/org/apache/httpcomponents/httpclient/4.5.2/httpclient-4.5.2.jar:/home/user/.m2/repository/org/apache/httpcomponents/httpcore/4.4.4/httpcore-4.4.4.jar:/home/user/.m2/repository/commons-codec/commons-codec/1.11/commons-codec-1.11.jar:/home/user/.m2/repository/commons-net/commons-net/3.6/commons-net-3.6.jar:/home/user/.m2/repository/commons-collections/commons-collections/3.2.2/commons-collections-3.2.2.jar:/home/user/.m2/repository/org/eclipse/jetty/jetty-servlet/9.3.24.v20180605/jetty-servlet-9.3.24.v20180605.jar:/home/user/.m2/repository/org/eclipse/jetty/jetty-security/9.3.24.v20180605/jetty-security-9.3.24.v20180605.jar:/home/user/.m2/repository/javax/servlet/jsp/jsp-api/2.1/jsp-api-2.1.jar:/home/user/.m2/repository/com/sun/jersey/jersey-servlet/1.19/jersey-servlet-1.19.jar:/home/user/.m2/repository/com/sun/jersey/jersey-json/1.19/jersey-json-1.19.jar:/home/user/.m2/repository/org/codehaus/jettison/jettison/1.1/jettison-1.1.jar:/home/user/.m2/repository/org/codehaus/jackson/jackson-core-asl/1.9.13/jackson-core-asl-1.9.13.jar:/home/user/.m2/repository/org/codehaus/jackson/jackson-mapper-asl/1.9.13/jackson-mapper-asl-1.9.13.jar:/home/user/.m2/repository/org/codehaus/jackson/jackson-jaxrs/1.9.13/jackson-jaxrs-1.9.13.jar:/home/user/.m2/repository/org/codehaus/jackson/jackson-xc/1.9.13/jackson-xc-1.9.13.jar:/home/user/.m2/repository/commons-logging/commons-logging/1.1.3/commons-logging-1.1.3.jar:/home/user/.m2/repository/commons-beanutils/commons-beanutils/1.9.3/commons-beanutils-1.9.3.jar:/home/user/.m2/repository/org/apache/commons/commons-configuration2/2.1.1/commons-configuration2-2.1.1.jar:/home/user/.m2/repository/org/apache/commons/commons-lang3/3.7/commons-lang3-3.7.jar:/home/user/.m2/repository/org/apache/commons/commons-text/1.4/commons-text-1.4.jar:/home/user/.m2/repository/org/apache/avro/avro/1.7.7/avro-1.7.7.jar:/home/user/.m2/repository/com/thoughtworks/paranamer/paranamer/2.3/paranamer-2.3.jar:/home/user/.m2/repository/org/xerial/snappy/snappy-java/1.0.5/snappy-java-1.0.5.jar:/home/user/.m2/repository/com/google/re2j/re2j/1.1/re2j-1.1.jar:/home/user/.m2/repository/com/google/code/gson/gson/2.2.4/gson-2.2.4.jar:/home/user/.m2/repository/com/jcraft/jsch/0.1.54/jsch-0.1.54.jar:/home/user/.m2/repository/org/apache/curator/curator-client/2.12.0/curator-client-2.12.0.jar:/home/user/.m2/repository/org/apache/curator/curator-recipes/2.12.0/curator-recipes-2.12.0.jar:/home/user/.m2/repository/com/google/code/findbugs/jsr305/3.0.0/jsr305-3.0.0.jar:/home/user/.m2/repository/org/apache/htrace/htrace-core4/4.1.0-incubating/htrace-core4-4.1.0-incubating.jar:/home/user/.m2/repository/org/apache/zookeeper/zookeeper/3.4.13/zookeeper-3.4.13.jar:/home/user/.m2/repository/org/apache/yetus/audience-annotations/0.5.0/audience-annotations-0.5.0.jar:/home/user/.m2/repository/org/codehaus/woodstox/stax2-api/3.1.4/stax2-api-3.1.4.jar:/home/user/.m2/repository/com/fasterxml/woodstox/woodstox-core/5.0.3/woodstox-core-5.0.3.jar:/home/user/.m2/repository/dnsjava/dnsjava/2.1.7/dnsjava-2.1.7.jar:/home/user/.m2/repository/org/apache/hadoop/hadoop-hdfs/3.2.0/hadoop-hdfs-3.2.0-tests.jar:/home/user/.m2/repository/org/eclipse/jetty/jetty-util-ajax/9.3.24.v20180605/jetty-util-ajax-9.3.24.v20180605.jar:/home/user/.m2/repository/commons-daemon/commons-daemon/1.0.13/commons-daemon-1.0.13.jar:/home/user/.m2/repository/io/netty/netty/3.10.5.Final/netty-3.10.5.Final.jar:/home/user/.m2/repository/io/netty/netty-all/4.0.52.Final/netty-all-4.0.52.Final.jar:/home/user/.m2/repository/org/fusesource/leveldbjni/leveldbjni-all/1.8/leveldbjni-all-1.8.jar:"/>
    <property name="java.vm.vendor" value="IcedTea"/>
    <property name="sun.arch.data.model" value="64"/>
    <property name="test.build.dir" value="/workdir/hadoop-ozone/integration-test/target/test-dir"/>
    <property name="test.cache.data" value=""/>
    <property name="java.vendor.url" value="https://icedtea.classpath.org"/>
    <property name="user.timezone" value=""/>
    <property name="java.vm.specification.version" value="1.8"/>
    <property name="os.name" value="Linux"/>
    <property name="test.build.data" value="/workdir/hadoop-ozone/integration-test/target/test-dir"/>
    <property name="user.country" value="US"/>
    <property name="sun.java.launcher" value="SUN_STANDARD"/>
    <property name="sun.boot.library.path" value="/usr/lib/jvm/java-1.8-openjdk/jre/lib/amd64"/>
    <property name="sun.java.command" value="/workdir/hadoop-ozone/integration-test/target/surefire/surefirebooter5395621406913951682.jar /workdir/hadoop-ozone/integration-test/target/surefire 2019-07-30T07-59-19_370-jvmRun1 surefire7247012622511673277tmp surefire_764280008115632680544tmp"/>
    <property name="surefire.test.class.path" value="/workdir/hadoop-ozone/integration-test/target/test-classes:/workdir/hadoop-ozone/integration-test/target/classes:/home/user/.m2/repository/org/apache/hadoop/hadoop-ozone-common/0.4.1-SNAPSHOT/hadoop-ozone-common-0.4.1-SNAPSHOT.jar:/home/user/.m2/repository/org/apache/commons/commons-compress/1.4.1/commons-compress-1.4.1.jar:/home/user/.m2/repository/org/tukaani/xz/1.0/xz-1.0.jar:/home/user/.m2/repository/org/apache/hadoop/hadoop-common/3.2.0/hadoop-common-3.2.0.jar:/home/user/.m2/repository/org/apache/hadoop/hadoop-hdfs/3.2.0/hadoop-hdfs-3.2.0.jar:/home/user/.m2/repository/org/apache/hadoop/hadoop-hdfs-client/3.2.0/hadoop-hdfs-client-3.2.0.jar:/home/user/.m2/repository/com/fasterxml/jackson/core/jackson-annotations/2.9.5/jackson-annotations-2.9.5.jar:/home/user/.m2/repository/org/apache/hadoop/hadoop-hdds-common/0.4.1-SNAPSHOT/hadoop-hdds-common-0.4.1-SNAPSHOT.jar:/home/user/.m2/repository/javax/annotation/javax.annotation-api/1.2/javax.annotation-api-1.2.jar:/home/user/.m2/repository/org/apache/ratis/ratis-server/0.4.0-2337318-SNAPSHOT/ratis-server-0.4.0-2337318-SNAPSHOT.jar:/home/user/.m2/repository/org/apache/ratis/ratis-thirdparty-misc/0.2.0/ratis-thirdparty-misc-0.2.0.jar:/home/user/.m2/repository/org/apache/ratis/ratis-proto/0.4.0-2337318-SNAPSHOT/ratis-proto-0.4.0-2337318-SNAPSHOT.jar:/home/user/.m2/repository/org/apache/ratis/ratis-common/0.4.0-2337318-SNAPSHOT/ratis-common-0.4.0-2337318-SNAPSHOT.jar:/home/user/.m2/repository/org/apache/ratis/ratis-client/0.4.0-2337318-SNAPSHOT/ratis-client-0.4.0-2337318-SNAPSHOT.jar:/home/user/.m2/repository/org/apache/ratis/ratis-metrics/0.4.0-2337318-SNAPSHOT/ratis-metrics-0.4.0-2337318-SNAPSHOT.jar:/home/user/.m2/repository/org/apache/ratis/ratis-netty/0.4.0-2337318-SNAPSHOT/ratis-netty-0.4.0-2337318-SNAPSHOT.jar:/home/user/.m2/repository/org/apache/ratis/ratis-grpc/0.4.0-2337318-SNAPSHOT/ratis-grpc-0.4.0-2337318-SNAPSHOT.jar:/home/user/.m2/repository/org/rocksdb/rocksdbjni/6.0.1/rocksdbjni-6.0.1.jar:/home/user/.m2/repository/org/apache/logging/log4j/log4j-api/2.11.0/log4j-api-2.11.0.jar:/home/user/.m2/repository/org/apache/logging/log4j/log4j-core/2.11.0/log4j-core-2.11.0.jar:/home/user/.m2/repository/com/lmax/disruptor/3.4.2/disruptor-3.4.2.jar:/home/user/.m2/repository/org/apache/commons/commons-pool2/2.6.0/commons-pool2-2.6.0.jar:/home/user/.m2/repository/org/bouncycastle/bcpkix-jdk15on/1.60/bcpkix-jdk15on-1.60.jar:/home/user/.m2/repository/commons-validator/commons-validator/1.6/commons-validator-1.6.jar:/home/user/.m2/repository/commons-digester/commons-digester/1.8.1/commons-digester-1.8.1.jar:/home/user/.m2/repository/io/jaegertracing/jaeger-client/0.33.1/jaeger-client-0.33.1.jar:/home/user/.m2/repository/io/jaegertracing/jaeger-thrift/0.33.1/jaeger-thrift-0.33.1.jar:/home/user/.m2/repository/org/apache/thrift/libthrift/0.11.0/libthrift-0.11.0.jar:/home/user/.m2/repository/com/squareup/okhttp3/okhttp/3.9.0/okhttp-3.9.0.jar:/home/user/.m2/repository/com/squareup/okio/okio/1.13.0/okio-1.13.0.jar:/home/user/.m2/repository/io/jaegertracing/jaeger-core/0.33.1/jaeger-core-0.33.1.jar:/home/user/.m2/repository/io/jaegertracing/jaeger-tracerresolver/0.33.1/jaeger-tracerresolver-0.33.1.jar:/home/user/.m2/repository/io/opentracing/contrib/opentracing-tracerresolver/0.1.5/opentracing-tracerresolver-0.1.5.jar:/home/user/.m2/repository/io/opentracing/opentracing-util/0.31.0/opentracing-util-0.31.0.jar:/home/user/.m2/repository/io/opentracing/opentracing-api/0.31.0/opentracing-api-0.31.0.jar:/home/user/.m2/repository/io/opentracing/opentracing-noop/0.31.0/opentracing-noop-0.31.0.jar:/home/user/.m2/repository/org/apache/hadoop/hadoop-hdds-server-framework/0.4.1-SNAPSHOT/hadoop-hdds-server-framework-0.4.1-SNAPSHOT.jar:/home/user/.m2/repository/org/apache/hadoop/hadoop-hdds-container-service/0.4.1-SNAPSHOT/hadoop-hdds-container-service-0.4.1-SNAPSHOT.jar:/home/user/.m2/repository/org/apache/hadoop/hadoop-hdds-client/0.4.1-SNAPSHOT/hadoop-hdds-client-0.4.1-SNAPSHOT.jar:/home/user/.m2/repository/org/apache/hadoop/hadoop-hdds-tools/0.4.1-SNAPSHOT/hadoop-hdds-tools-0.4.1-SNAPSHOT.jar:/home/user/.m2/repository/org/apache/hadoop/hadoop-hdds-server-scm/0.4.1-SNAPSHOT/hadoop-hdds-server-scm-0.4.1-SNAPSHOT.jar:/home/user/.m2/repository/org/apache/hadoop/hadoop-hdds-docs/0.4.1-SNAPSHOT/hadoop-hdds-docs-0.4.1-SNAPSHOT.jar:/home/user/.m2/repository/io/dropwizard/metrics/metrics-core/3.2.4/metrics-core-3.2.4.jar:/home/user/.m2/repository/org/hamcrest/hamcrest-all/1.3/hamcrest-all-1.3.jar:/home/user/.m2/repository/org/bouncycastle/bcprov-jdk15on/1.60/bcprov-jdk15on-1.60.jar:/home/user/.m2/repository/info/picocli/picocli/3.9.6/picocli-3.9.6.jar:/home/user/.m2/repository/com/google/protobuf/protobuf-java/2.5.0/protobuf-java-2.5.0.jar:/home/user/.m2/repository/com/google/guava/guava/11.0.2/guava-11.0.2.jar:/home/user/.m2/repository/org/apache/hadoop/hadoop-ozone-ozone-manager/0.4.1-SNAPSHOT/hadoop-ozone-ozone-manager-0.4.1-SNAPSHOT.jar:/home/user/.m2/repository/org/apache/hadoop/hadoop-minikdc/3.2.0/hadoop-minikdc-3.2.0.jar:/home/user/.m2/repository/commons-io/commons-io/2.5/commons-io-2.5.jar:/home/user/.m2/repository/org/apache/kerby/kerb-simplekdc/1.0.1/kerb-simplekdc-1.0.1.jar:/home/user/.m2/repository/org/apache/kerby/kerb-client/1.0.1/kerb-client-1.0.1.jar:/home/user/.m2/repository/org/apache/kerby/kerby-config/1.0.1/kerby-config-1.0.1.jar:/home/user/.m2/repository/org/apache/kerby/kerb-core/1.0.1/kerb-core-1.0.1.jar:/home/user/.m2/repository/org/apache/kerby/kerby-pkix/1.0.1/kerby-pkix-1.0.1.jar:/home/user/.m2/repository/org/apache/kerby/kerby-asn1/1.0.1/kerby-asn1-1.0.1.jar:/home/user/.m2/repository/org/apache/kerby/kerby-util/1.0.1/kerby-util-1.0.1.jar:/home/user/.m2/repository/org/apache/kerby/kerb-common/1.0.1/kerb-common-1.0.1.jar:/home/user/.m2/repository/org/apache/kerby/kerb-crypto/1.0.1/kerb-crypto-1.0.1.jar:/home/user/.m2/repository/org/apache/kerby/kerb-util/1.0.1/kerb-util-1.0.1.jar:/home/user/.m2/repository/org/apache/kerby/token-provider/1.0.1/token-provider-1.0.1.jar:/home/user/.m2/repository/org/apache/kerby/kerb-admin/1.0.1/kerb-admin-1.0.1.jar:/home/user/.m2/repository/org/apache/kerby/kerb-server/1.0.1/kerb-server-1.0.1.jar:/home/user/.m2/repository/org/apache/kerby/kerb-identity/1.0.1/kerb-identity-1.0.1.jar:/home/user/.m2/repository/org/apache/kerby/kerby-xdr/1.0.1/kerby-xdr-1.0.1.jar:/home/user/.m2/repository/org/slf4j/slf4j-log4j12/1.7.25/slf4j-log4j12-1.7.25.jar:/home/user/.m2/repository/org/apache/hadoop/hadoop-ozone-objectstore-service/0.4.1-SNAPSHOT/hadoop-ozone-objectstore-service-0.4.1-SNAPSHOT.jar:/home/user/.m2/repository/org/apache/hadoop/hadoop-ozone-s3gateway/0.4.1-SNAPSHOT/hadoop-ozone-s3gateway-0.4.1-SNAPSHOT.jar:/home/user/.m2/repository/org/jboss/weld/servlet/weld-servlet/2.4.7.Final/weld-servlet-2.4.7.Final.jar:/home/user/.m2/repository/org/glassfish/jersey/containers/jersey-container-servlet-core/2.27/jersey-container-servlet-core-2.27.jar:/home/user/.m2/repository/org/glassfish/hk2/external/javax.inject/2.5.0-b42/javax.inject-2.5.0-b42.jar:/home/user/.m2/repository/org/glassfish/jersey/core/jersey-common/2.27/jersey-common-2.27.jar:/home/user/.m2/repository/org/glassfish/hk2/osgi-resource-locator/1.0.1/osgi-resource-locator-1.0.1.jar:/home/user/.m2/repository/javax/ws/rs/javax.ws.rs-api/2.1/javax.ws.rs-api-2.1.jar:/home/user/.m2/repository/org/glassfish/jersey/ext/cdi/jersey-cdi1x/2.27/jersey-cdi1x-2.27.jar:/home/user/.m2/repository/org/glassfish/jersey/inject/jersey-hk2/2.27/jersey-hk2-2.27.jar:/home/user/.m2/repository/org/glassfish/hk2/hk2-locator/2.5.0-b42/hk2-locator-2.5.0-b42.jar:/home/user/.m2/repository/org/javassist/javassist/3.22.0-CR2/javassist-3.22.0-CR2.jar:/home/user/.m2/repository/org/glassfish/hk2/hk2-api/2.5.0/hk2-api-2.5.0.jar:/home/user/.m2/repository/org/glassfish/hk2/external/jakarta.inject/2.5.0/jakarta.inject-2.5.0.jar:/home/user/.m2/repository/org/glassfish/hk2/hk2-utils/2.5.0/hk2-utils-2.5.0.jar:/home/user/.m2/repository/jakarta/annotation/jakarta.annotation-api/1.3.4/jakarta.annotation-api-1.3.4.jar:/home/user/.m2/repository/org/glassfish/hk2/external/aopalliance-repackaged/2.5.0/aopalliance-repackaged-2.5.0.jar:/home/user/.m2/repository/com/fasterxml/jackson/dataformat/jackson-dataformat-xml/2.9.0/jackson-dataformat-xml-2.9.0.jar:/home/user/.m2/repository/com/fasterxml/jackson/core/jackson-core/2.9.5/jackson-core-2.9.5.jar:/home/user/.m2/repository/com/fasterxml/jackson/module/jackson-module-jaxb-annotations/2.9.5/jackson-module-jaxb-annotations-2.9.5.jar:/home/user/.m2/repository/javax/enterprise/cdi-api/1.2/cdi-api-1.2.jar:/home/user/.m2/repository/javax/el/javax.el-api/3.0.0/javax.el-api-3.0.0.jar:/home/user/.m2/repository/javax/interceptor/javax.interceptor-api/1.2/javax.interceptor-api-1.2.jar:/home/user/.m2/repository/javax/inject/javax.inject/1/javax.inject-1.jar:/home/user/.m2/repository/com/sun/xml/bind/jaxb-impl/2.3.0.1/jaxb-impl-2.3.0.1.jar:/home/user/.m2/repository/com/sun/xml/bind/jaxb-core/2.3.0.1/jaxb-core-2.3.0.1.jar:/home/user/.m2/repository/javax/xml/bind/jaxb-api/2.3.0/jaxb-api-2.3.0.jar:/home/user/.m2/repository/javax/activation/activation/1.1.1/activation-1.1.1.jar:/home/user/.m2/repository/org/apache/hadoop/hadoop-ozone-csi/0.4.1-SNAPSHOT/hadoop-ozone-csi-0.4.1-SNAPSHOT.jar:/home/user/.m2/repository/com/google/protobuf/protobuf-java-util/3.5.1/protobuf-java-util-3.5.1.jar:/home/user/.m2/repository/org/apache/hadoop/hadoop-hdds-config/0.4.1-SNAPSHOT/hadoop-hdds-config-0.4.1-SNAPSHOT.jar:/home/user/.m2/repository/io/grpc/grpc-netty/1.17.1/grpc-netty-1.17.1.jar:/home/user/.m2/repository/io/grpc/grpc-core/1.17.1/grpc-core-1.17.1.jar:/home/user/.m2/repository/io/grpc/grpc-context/1.17.1/grpc-context-1.17.1.jar:/home/user/.m2/repository/com/google/errorprone/error_prone_annotations/2.2.0/error_prone_annotations-2.2.0.jar:/home/user/.m2/repository/org/codehaus/mojo/animal-sniffer-annotations/1.17/animal-sniffer-annotations-1.17.jar:/home/user/.m2/repository/io/opencensus/opencensus-api/0.17.0/opencensus-api-0.17.0.jar:/home/user/.m2/repository/io/opencensus/opencensus-contrib-grpc-metrics/0.17.0/opencensus-contrib-grpc-metrics-0.17.0.jar:/home/user/.m2/repository/io/netty/netty-codec-http2/4.1.30.Final/netty-codec-http2-4.1.30.Final.jar:/home/user/.m2/repository/io/netty/netty-codec-http/4.1.30.Final/netty-codec-http-4.1.30.Final.jar:/home/user/.m2/repository/io/netty/netty-codec/4.1.30.Final/netty-codec-4.1.30.Final.jar:/home/user/.m2/repository/io/netty/netty-handler/4.1.30.Final/netty-handler-4.1.30.Final.jar:/home/user/.m2/repository/io/netty/netty-handler-proxy/4.1.30.Final/netty-handler-proxy-4.1.30.Final.jar:/home/user/.m2/repository/io/netty/netty-codec-socks/4.1.30.Final/netty-codec-socks-4.1.30.Final.jar:/home/user/.m2/repository/io/netty/netty-transport-native-epoll/4.1.30.Final/netty-transport-native-epoll-4.1.30.Final.jar:/home/user/.m2/repository/io/netty/netty-common/4.1.30.Final/netty-common-4.1.30.Final.jar:/home/user/.m2/repository/io/netty/netty-buffer/4.1.30.Final/netty-buffer-4.1.30.Final.jar:/home/user/.m2/repository/io/netty/netty-transport/4.1.30.Final/netty-transport-4.1.30.Final.jar:/home/user/.m2/repository/io/netty/netty-resolver/4.1.30.Final/netty-resolver-4.1.30.Final.jar:/home/user/.m2/repository/io/netty/netty-transport-native-unix-common/4.1.30.Final/netty-transport-native-unix-common-4.1.30.Final.jar:/home/user/.m2/repository/io/grpc/grpc-protobuf/1.17.1/grpc-protobuf-1.17.1.jar:/home/user/.m2/repository/com/google/api/grpc/proto-google-common-protos/1.0.0/proto-google-common-protos-1.0.0.jar:/home/user/.m2/repository/io/grpc/grpc-protobuf-lite/1.17.1/grpc-protobuf-lite-1.17.1.jar:/home/user/.m2/repository/io/grpc/grpc-stub/1.17.1/grpc-stub-1.17.1.jar:/home/user/.m2/repository/org/apache/hadoop/hadoop-ozone-recon/0.4.1-SNAPSHOT/hadoop-ozone-recon-0.4.1-SNAPSHOT.jar:/home/user/.m2/repository/org/apache/hadoop/hadoop-ozone-reconcodegen/0.4.1-SNAPSHOT/hadoop-ozone-reconcodegen-0.4.1-SNAPSHOT.jar:/home/user/.m2/repository/com/google/inject/extensions/guice-multibindings/4.0/guice-multibindings-4.0.jar:/home/user/.m2/repository/com/google/inject/guice/4.0/guice-4.0.jar:/home/user/.m2/repository/aopalliance/aopalliance/1.0/aopalliance-1.0.jar:/home/user/.m2/repository/com/google/inject/extensions/guice-servlet/4.0/guice-servlet-4.0.jar:/home/user/.m2/repository/org/glassfish/jersey/containers/jersey-container-servlet/2.27/jersey-container-servlet-2.27.jar:/home/user/.m2/repository/org/glassfish/hk2/guice-bridge/2.5.0/guice-bridge-2.5.0.jar:/home/user/.m2/repository/org/glassfish/jersey/core/jersey-server/2.27/jersey-server-2.27.jar:/home/user/.m2/repository/org/glassfish/jersey/core/jersey-client/2.27/jersey-client-2.27.jar:/home/user/.m2/repository/org/glassfish/jersey/media/jersey-media-jaxb/2.27/jersey-media-jaxb-2.27.jar:/home/user/.m2/repository/javax/validation/validation-api/1.1.0.Final/validation-api-1.1.0.Final.jar:/home/user/.m2/repository/org/glassfish/jersey/media/jersey-media-json-jackson/2.27/jersey-media-json-jackson-2.27.jar:/home/user/.m2/repository/org/glassfish/jersey/ext/jersey-entity-filtering/2.27/jersey-entity-filtering-2.27.jar:/home/user/.m2/repository/com/google/inject/extensions/guice-assistedinject/4.0/guice-assistedinject-4.0.jar:/home/user/.m2/repository/org/jooq/jooq/3.11.10/jooq-3.11.10.jar:/home/user/.m2/repository/org/jooq/jooq-meta/3.11.10/jooq-meta-3.11.10.jar:/home/user/.m2/repository/org/jooq/jooq-codegen/3.11.10/jooq-codegen-3.11.10.jar:/home/user/.m2/repository/com/jolbox/bonecp/0.8.0.RELEASE/bonecp-0.8.0.RELEASE.jar:/home/user/.m2/repository/org/xerial/sqlite-jdbc/3.25.2/sqlite-jdbc-3.25.2.jar:/home/user/.m2/repository/org/springframework/spring-jdbc/5.1.3.RELEASE/spring-jdbc-5.1.3.RELEASE.jar:/home/user/.m2/repository/org/springframework/spring-beans/5.1.3.RELEASE/spring-beans-5.1.3.RELEASE.jar:/home/user/.m2/repository/org/springframework/spring-core/5.1.3.RELEASE/spring-core-5.1.3.RELEASE.jar:/home/user/.m2/repository/org/springframework/spring-jcl/5.1.3.RELEASE/spring-jcl-5.1.3.RELEASE.jar:/home/user/.m2/repository/org/springframework/spring-tx/5.1.3.RELEASE/spring-tx-5.1.3.RELEASE.jar:/home/user/.m2/repository/org/apache/hadoop/hadoop-ozone-client/0.4.1-SNAPSHOT/hadoop-ozone-client-0.4.1-SNAPSHOT.jar:/home/user/.m2/repository/commons-lang/commons-lang/2.6/commons-lang-2.6.jar:/home/user/.m2/repository/org/apache/hadoop/hadoop-ozone-ozone-manager/0.4.1-SNAPSHOT/hadoop-ozone-ozone-manager-0.4.1-SNAPSHOT-tests.jar:/home/user/.m2/repository/junit/junit/4.11/junit-4.11.jar:/home/user/.m2/repository/org/hamcrest/hamcrest-core/1.3/hamcrest-core-1.3.jar:/home/user/.m2/repository/org/openjdk/jmh/jmh-core/1.19/jmh-core-1.19.jar:/home/user/.m2/repository/net/sf/jopt-simple/jopt-simple/4.6/jopt-simple-4.6.jar:/home/user/.m2/repository/org/apache/commons/commons-math3/3.1.1/commons-math3-3.1.1.jar:/home/user/.m2/repository/org/openjdk/jmh/jmh-generator-annprocess/1.19/jmh-generator-annprocess-1.19.jar:/home/user/.m2/repository/org/mockito/mockito-all/1.8.5/mockito-all-1.8.5.jar:/home/user/.m2/repository/org/apache/hadoop/hadoop-kms/3.2.0/hadoop-kms-3.2.0.jar:/home/user/.m2/repository/org/apache/hadoop/hadoop-auth/3.2.0/hadoop-auth-3.2.0.jar:/home/user/.m2/repository/com/nimbusds/nimbus-jose-jwt/4.41.1/nimbus-jose-jwt-4.41.1.jar:/home/user/.m2/repository/com/github/stephenc/jcip/jcip-annotations/1.0-1/jcip-annotations-1.0-1.jar:/home/user/.m2/repository/net/minidev/json-smart/2.3/json-smart-2.3.jar:/home/user/.m2/repository/net/minidev/accessors-smart/1.2/accessors-smart-1.2.jar:/home/user/.m2/repository/org/ow2/asm/asm/5.0.4/asm-5.0.4.jar:/home/user/.m2/repository/org/apache/curator/curator-framework/2.12.0/curator-framework-2.12.0.jar:/home/user/.m2/repository/com/sun/jersey/jersey-core/1.19/jersey-core-1.19.jar:/home/user/.m2/repository/javax/ws/rs/jsr311-api/1.1.1/jsr311-api-1.1.1.jar:/home/user/.m2/repository/com/sun/jersey/jersey-server/1.19/jersey-server-1.19.jar:/home/user/.m2/repository/javax/servlet/javax.servlet-api/3.1.0/javax.servlet-api-3.1.0.jar:/home/user/.m2/repository/org/eclipse/jetty/jetty-server/9.3.24.v20180605/jetty-server-9.3.24.v20180605.jar:/home/user/.m2/repository/org/eclipse/jetty/jetty-http/9.3.24.v20180605/jetty-http-9.3.24.v20180605.jar:/home/user/.m2/repository/org/eclipse/jetty/jetty-io/9.3.24.v20180605/jetty-io-9.3.24.v20180605.jar:/home/user/.m2/repository/org/eclipse/jetty/jetty-webapp/9.3.24.v20180605/jetty-webapp-9.3.24.v20180605.jar:/home/user/.m2/repository/org/eclipse/jetty/jetty-xml/9.3.24.v20180605/jetty-xml-9.3.24.v20180605.jar:/home/user/.m2/repository/log4j/log4j/1.2.17/log4j-1.2.17.jar:/home/user/.m2/repository/org/slf4j/slf4j-api/1.7.25/slf4j-api-1.7.25.jar:/home/user/.m2/repository/org/slf4j/jul-to-slf4j/1.7.25/jul-to-slf4j-1.7.25.jar:/home/user/.m2/repository/org/eclipse/jetty/jetty-util/9.3.24.v20180605/jetty-util-9.3.24.v20180605.jar:/home/user/.m2/repository/com/fasterxml/jackson/core/jackson-databind/2.9.5/jackson-databind-2.9.5.jar:/home/user/.m2/repository/org/apache/hadoop/hadoop-kms/3.2.0/hadoop-kms-3.2.0-tests.jar:/home/user/.m2/repository/org/apache/hadoop/hadoop-hdds-server-scm/0.4.1-SNAPSHOT/hadoop-hdds-server-scm-0.4.1-SNAPSHOT-tests.jar:/home/user/.m2/repository/org/apache/hadoop/hadoop-hdds-container-service/0.4.1-SNAPSHOT/hadoop-hdds-container-service-0.4.1-SNAPSHOT-tests.jar:/home/user/.m2/repository/org/yaml/snakeyaml/1.16/snakeyaml-1.16.jar:/home/user/.m2/repository/org/apache/hadoop/hadoop-common/3.2.0/hadoop-common-3.2.0-tests.jar:/home/user/.m2/repository/org/apache/hadoop/hadoop-annotations/3.2.0/hadoop-annotations-3.2.0.jar:/usr/lib/jvm/java-1.8-openjdk/jre/../lib/tools.jar:/home/user/.m2/repository/commons-cli/commons-cli/1.2/commons-cli-1.2.jar:/home/user/.m2/repository/org/apache/httpcomponents/httpclient/4.5.2/httpclient-4.5.2.jar:/home/user/.m2/repository/org/apache/httpcomponents/httpcore/4.4.4/httpcore-4.4.4.jar:/home/user/.m2/repository/commons-codec/commons-codec/1.11/commons-codec-1.11.jar:/home/user/.m2/repository/commons-net/commons-net/3.6/commons-net-3.6.jar:/home/user/.m2/repository/commons-collections/commons-collections/3.2.2/commons-collections-3.2.2.jar:/home/user/.m2/repository/org/eclipse/jetty/jetty-servlet/9.3.24.v20180605/jetty-servlet-9.3.24.v20180605.jar:/home/user/.m2/repository/org/eclipse/jetty/jetty-security/9.3.24.v20180605/jetty-security-9.3.24.v20180605.jar:/home/user/.m2/repository/javax/servlet/jsp/jsp-api/2.1/jsp-api-2.1.jar:/home/user/.m2/repository/com/sun/jersey/jersey-servlet/1.19/jersey-servlet-1.19.jar:/home/user/.m2/repository/com/sun/jersey/jersey-json/1.19/jersey-json-1.19.jar:/home/user/.m2/repository/org/codehaus/jettison/jettison/1.1/jettison-1.1.jar:/home/user/.m2/repository/org/codehaus/jackson/jackson-core-asl/1.9.13/jackson-core-asl-1.9.13.jar:/home/user/.m2/repository/org/codehaus/jackson/jackson-mapper-asl/1.9.13/jackson-mapper-asl-1.9.13.jar:/home/user/.m2/repository/org/codehaus/jackson/jackson-jaxrs/1.9.13/jackson-jaxrs-1.9.13.jar:/home/user/.m2/repository/org/codehaus/jackson/jackson-xc/1.9.13/jackson-xc-1.9.13.jar:/home/user/.m2/repository/commons-logging/commons-logging/1.1.3/commons-logging-1.1.3.jar:/home/user/.m2/repository/commons-beanutils/commons-beanutils/1.9.3/commons-beanutils-1.9.3.jar:/home/user/.m2/repository/org/apache/commons/commons-configuration2/2.1.1/commons-configuration2-2.1.1.jar:/home/user/.m2/repository/org/apache/commons/commons-lang3/3.7/commons-lang3-3.7.jar:/home/user/.m2/repository/org/apache/commons/commons-text/1.4/commons-text-1.4.jar:/home/user/.m2/repository/org/apache/avro/avro/1.7.7/avro-1.7.7.jar:/home/user/.m2/repository/com/thoughtworks/paranamer/paranamer/2.3/paranamer-2.3.jar:/home/user/.m2/repository/org/xerial/snappy/snappy-java/1.0.5/snappy-java-1.0.5.jar:/home/user/.m2/repository/com/google/re2j/re2j/1.1/re2j-1.1.jar:/home/user/.m2/repository/com/google/code/gson/gson/2.2.4/gson-2.2.4.jar:/home/user/.m2/repository/com/jcraft/jsch/0.1.54/jsch-0.1.54.jar:/home/user/.m2/repository/org/apache/curator/curator-client/2.12.0/curator-client-2.12.0.jar:/home/user/.m2/repository/org/apache/curator/curator-recipes/2.12.0/curator-recipes-2.12.0.jar:/home/user/.m2/repository/com/google/code/findbugs/jsr305/3.0.0/jsr305-3.0.0.jar:/home/user/.m2/repository/org/apache/htrace/htrace-core4/4.1.0-incubating/htrace-core4-4.1.0-incubating.jar:/home/user/.m2/repository/org/apache/zookeeper/zookeeper/3.4.13/zookeeper-3.4.13.jar:/home/user/.m2/repository/org/apache/yetus/audience-annotations/0.5.0/audience-annotations-0.5.0.jar:/home/user/.m2/repository/org/codehaus/woodstox/stax2-api/3.1.4/stax2-api-3.1.4.jar:/home/user/.m2/repository/com/fasterxml/woodstox/woodstox-core/5.0.3/woodstox-core-5.0.3.jar:/home/user/.m2/repository/dnsjava/dnsjava/2.1.7/dnsjava-2.1.7.jar:/home/user/.m2/repository/org/apache/hadoop/hadoop-hdfs/3.2.0/hadoop-hdfs-3.2.0-tests.jar:/home/user/.m2/repository/org/eclipse/jetty/jetty-util-ajax/9.3.24.v20180605/jetty-util-ajax-9.3.24.v20180605.jar:/home/user/.m2/repository/commons-daemon/commons-daemon/1.0.13/commons-daemon-1.0.13.jar:/home/user/.m2/repository/io/netty/netty/3.10.5.Final/netty-3.10.5.Final.jar:/home/user/.m2/repository/io/netty/netty-all/4.0.52.Final/netty-all-4.0.52.Final.jar:/home/user/.m2/repository/org/fusesource/leveldbjni/leveldbjni-all/1.8/leveldbjni-all-1.8.jar:"/>
    <property name="sun.cpu.endian" value="little"/>
    <property name="user.home" value="/home/user"/>
    <property name="user.language" value="en"/>
    <property name="java.specification.vendor" value="Oracle Corporation"/>
    <property name="java.home" value="/usr/lib/jvm/java-1.8-openjdk/jre"/>
    <property name="java.security.krb5.conf" value="/workdir/hadoop-ozone/integration-test/target/test-classes/krb5.conf"/>
    <property name="basedir" value="/workdir/hadoop-ozone/integration-test"/>
    <property name="file.separator" value="/"/>
    <property name="line.separator" value="&#10;"/>
    <property name="java.vm.specification.vendor" value="Oracle Corporation"/>
    <property name="java.specification.name" value="Java Platform API Specification"/>
    <property name="java.awt.graphicsenv" value="sun.awt.X11GraphicsEnvironment"/>
    <property name="surefire.real.class.path" value="/workdir/hadoop-ozone/integration-test/target/surefire/surefirebooter5395621406913951682.jar"/>
    <property name="hadoop.log.dir" value="/workdir/hadoop-ozone/integration-test/target/log"/>
    <property name="sun.boot.class.path" value="/usr/lib/jvm/java-1.8-openjdk/jre/lib/resources.jar:/usr/lib/jvm/java-1.8-openjdk/jre/lib/rt.jar:/usr/lib/jvm/java-1.8-openjdk/jre/lib/sunrsasign.jar:/usr/lib/jvm/java-1.8-openjdk/jre/lib/jsse.jar:/usr/lib/jvm/java-1.8-openjdk/jre/lib/jce.jar:/usr/lib/jvm/java-1.8-openjdk/jre/lib/charsets.jar:/usr/lib/jvm/java-1.8-openjdk/jre/lib/jfr.jar:/usr/lib/jvm/java-1.8-openjdk/jre/classes"/>
    <property name="sun.management.compiler" value="HotSpot 64-Bit Tiered Compilers"/>
    <property name="java.runtime.version" value="1.8.0_212-b04"/>
    <property name="java.net.preferIPv4Stack" value="true"/>
    <property name="user.name" value="jenkins1000"/>
    <property name="path.separator" value=":"/>
    <property name="java.security.egd" value="file:///dev/urandom"/>
    <property name="os.version" value="3.10.0-957.12.2.el7.x86_64"/>
    <property name="java.endorsed.dirs" value="/usr/lib/jvm/java-1.8-openjdk/jre/lib/endorsed"/>
    <property name="java.runtime.name" value="OpenJDK Runtime Environment"/>
    <property name="file.encoding" value="UTF-8"/>
    <property name="java.vm.name" value="OpenJDK 64-Bit Server VM"/>
    <property name="test.build.webapps" value=""/>
    <property name="localRepository" value="/home/user/.m2/repository"/>
    <property name="java.vendor.url.bug" value="https://icedtea.classpath.org/bugzilla"/>
    <property name="java.io.tmpdir" value="/tmp"/>
    <property name="require.test.libhadoop" value=""/>
    <property name="java.version" value="1.8.0_212"/>
    <property name="user.dir" value="/workdir/hadoop-ozone/integration-test"/>
    <property name="os.arch" value="amd64"/>
    <property name="java.vm.specification.name" value="Java Virtual Machine Specification"/>
    <property name="test.build.classes" value="/workdir/hadoop-ozone/integration-test/target/test-classes"/>
    <property name="java.awt.printerjob" value="sun.print.PSPrinterJob"/>
    <property name="sun.os.patch.level" value="unknown"/>
    <property name="hadoop.tmp.dir" value="/workdir/hadoop-ozone/integration-test/target/tmp"/>
    <property name="java.library.path" value="/usr/lib/jvm/java-1.8-openjdk/jre/lib/amd64/server:/usr/lib/jvm/java-1.8-openjdk/jre/lib/amd64:/usr/lib/jvm/java-1.8-openjdk/jre/../lib/amd64:/workdir/hadoop-ozone/integration-test/target/native/target/usr/local/lib:/workdir/hadoop-ozone/integration-test/../../hadoop-common-project/hadoop-common/target/native/target/usr/local/lib:/usr/java/packages/lib/amd64:/usr/lib64:/lib64:/lib:/usr/lib"/>
    <property name="java.vm.info" value="mixed mode"/>
    <property name="java.vendor" value="IcedTea"/>
    <property name="java.vm.version" value="25.212-b04"/>
    <property name="java.ext.dirs" value="/usr/lib/jvm/java-1.8-openjdk/jre/lib/ext:/usr/java/packages/lib/ext"/>
    <property name="sun.io.unicode.encoding" value="UnicodeLittle"/>
    <property name="java.class.version" value="52.0"/>
  </properties>
  <testcase name="testGroupMismatchExceptionHandling" classname="org.apache.hadoop.ozone.client.rpc.TestOzoneClientRetriesOnException" time="45.342"/>
  <testcase name="testMaxRetriesByOzoneClient" classname="org.apache.hadoop.ozone.client.rpc.TestOzoneClientRetriesOnException" time="37.898">
    <error message="Failed to command cmdType: CreateContainer&#10;containerID: 4&#10;datanodeUuid: &quot;6eea3a1f-eb3a-4e20-b12e-52024dca4daa&quot;&#10;createContainer {&#10;}&#10;" type="java.io.IOException">java.io.IOException: 
Failed to command cmdType: CreateContainer
containerID: 4
datanodeUuid: "6eea3a1f-eb3a-4e20-b12e-52024dca4daa"
createContainer {
}

	at org.apache.hadoop.hdds.scm.XceiverClientSpi.sendCommand(XceiverClientSpi.java:113)
	at org.apache.hadoop.ozone.client.rpc.TestOzoneClientRetriesOnException.testMaxRetriesByOzoneClient(TestOzoneClientRetriesOnException.java:190)
	at sun.reflect.NativeMethodAccessorImpl.invoke0(Native Method)
	at sun.reflect.NativeMethodAccessorImpl.invoke(NativeMethodAccessorImpl.java:62)
	at sun.reflect.DelegatingMethodAccessorImpl.invoke(DelegatingMethodAccessorImpl.java:43)
	at java.lang.reflect.Method.invoke(Method.java:498)
	at org.junit.runners.model.FrameworkMethod$1.runReflectiveCall(FrameworkMethod.java:47)
	at org.junit.internal.runners.model.ReflectiveCallable.run(ReflectiveCallable.java:12)
	at org.junit.runners.model.FrameworkMethod.invokeExplosively(FrameworkMethod.java:44)
	at org.junit.internal.runners.statements.InvokeMethod.evaluate(InvokeMethod.java:17)
	at org.junit.internal.runners.statements.RunBefores.evaluate(RunBefores.java:26)
	at org.junit.internal.runners.statements.RunAfters.evaluate(RunAfters.java:27)
	at org.junit.runners.ParentRunner.runLeaf(ParentRunner.java:271)
	at org.junit.runners.BlockJUnit4ClassRunner.runChild(BlockJUnit4ClassRunner.java:70)
	at org.junit.runners.BlockJUnit4ClassRunner.runChild(BlockJUnit4ClassRunner.java:50)
	at org.junit.runners.ParentRunner$3.run(ParentRunner.java:238)
	at org.junit.runners.ParentRunner$1.schedule(ParentRunner.java:63)
	at org.junit.runners.ParentRunner.runChildren(ParentRunner.java:236)
	at org.junit.runners.ParentRunner.access$000(ParentRunner.java:53)
	at org.junit.runners.ParentRunner$2.evaluate(ParentRunner.java:229)
	at org.junit.runners.ParentRunner.run(ParentRunner.java:309)
	at org.apache.maven.surefire.junit4.JUnit4Provider.execute(JUnit4Provider.java:365)
	at org.apache.maven.surefire.junit4.JUnit4Provider.executeWithRerun(JUnit4Provider.java:273)
	at org.apache.maven.surefire.junit4.JUnit4Provider.executeTestSet(JUnit4Provider.java:238)
	at org.apache.maven.surefire.junit4.JUnit4Provider.invoke(JUnit4Provider.java:159)
	at org.apache.maven.surefire.booter.ForkedBooter.invokeProviderInSameClassLoader(ForkedBooter.java:384)
	at org.apache.maven.surefire.booter.ForkedBooter.runSuitesInProcess(ForkedBooter.java:345)
	at org.apache.maven.surefire.booter.ForkedBooter.execute(ForkedBooter.java:126)
	at org.apache.maven.surefire.booter.ForkedBooter.main(ForkedBooter.java:418)
Caused by: java.util.concurrent.ExecutionException: org.apache.ratis.protocol.StateMachineException: java.util.concurrent.CompletionException: java.lang.NullPointerException
	at java.util.concurrent.CompletableFuture.reportGet(CompletableFuture.java:357)
	at java.util.concurrent.CompletableFuture.get(CompletableFuture.java:1895)
	at org.apache.hadoop.hdds.scm.XceiverClientSpi.sendCommand(XceiverClientSpi.java:110)
	... 28 more
Caused by: org.apache.ratis.protocol.StateMachineException: java.util.concurrent.CompletionException: java.lang.NullPointerException
	at java.util.concurrent.CompletableFuture.encodeThrowable(CompletableFuture.java:273)
	at java.util.concurrent.CompletableFuture.completeThrowable(CompletableFuture.java:280)
	at java.util.concurrent.CompletableFuture$AsyncSupply.run(CompletableFuture.java:1592)
	at java.util.concurrent.ThreadPoolExecutor.runWorker(ThreadPoolExecutor.java:1149)
	at java.util.concurrent.ThreadPoolExecutor$Worker.run(ThreadPoolExecutor.java:624)
	at java.lang.Thread.run(Thread.java:748)
</error>
    <system-out><![CDATA[2019-07-30 09:03:57,121 WARN  server.ServerUtils (ServerUtils.java:getScmDbDir(145)) - ozone.scm.db.dirs is not configured. We recommend adding this setting. Falling back to ozone.metadata.dirs instead.
2019-07-30 09:03:57,147 WARN  server.ServerUtils (ServerUtils.java:getScmDbDir(145)) - ozone.scm.db.dirs is not configured. We recommend adding this setting. Falling back to ozone.metadata.dirs instead.
2019-07-30 09:03:57,147 WARN  server.ServerUtils (ServerUtils.java:getScmDbDir(145)) - ozone.scm.db.dirs is not configured. We recommend adding this setting. Falling back to ozone.metadata.dirs instead.
2019-07-30 09:03:57,148 INFO  db.DBStoreBuilder (DBStoreBuilder.java:addTable(110)) - using custom profile for table: deletedBlocks
2019-07-30 09:03:57,149 INFO  db.DBStoreBuilder (DBStoreBuilder.java:processTables(161)) - Using default column profile:DBProfile.DISK for Table:deletedBlocks
2019-07-30 09:03:57,149 INFO  db.DBStoreBuilder (DBStoreBuilder.java:addTable(110)) - using custom profile for table: validCerts
2019-07-30 09:03:57,149 INFO  db.DBStoreBuilder (DBStoreBuilder.java:processTables(161)) - Using default column profile:DBProfile.DISK for Table:validCerts
2019-07-30 09:03:57,150 INFO  db.DBStoreBuilder (DBStoreBuilder.java:addTable(110)) - using custom profile for table: revokedCerts
2019-07-30 09:03:57,150 INFO  db.DBStoreBuilder (DBStoreBuilder.java:processTables(161)) - Using default column profile:DBProfile.DISK for Table:revokedCerts
2019-07-30 09:03:57,151 INFO  db.DBStoreBuilder (DBStoreBuilder.java:addTable(110)) - using custom profile for table: default
2019-07-30 09:03:57,151 INFO  db.DBStoreBuilder (DBStoreBuilder.java:processTables(167)) - Using default column profile:DBProfile.DISK for Table:default
2019-07-30 09:03:57,151 INFO  db.DBStoreBuilder (DBStoreBuilder.java:getDbProfile(198)) - Using default options. DBProfile.DISK
2019-07-30 09:03:57,237 INFO  net.NodeSchemaLoader (NodeSchemaLoader.java:loadSchemaFromFile(125)) - Loading file from sun.misc.CompoundEnumeration@4afd65fd
2019-07-30 09:03:57,238 INFO  net.NodeSchemaLoader (NodeSchemaLoader.java:loadSchema(171)) - Loading network topology layer schema file
2019-07-30 09:03:57,242 WARN  server.ServerUtils (ServerUtils.java:sanitizeUserArgs(70)) - ozone.scm.stale.node.interval value = 300000 is larger than max = 100000 based on the key value of ozone.scm.heartbeat.thread.interval, reset to the max value 100000.
2019-07-30 09:03:57,242 WARN  server.ServerUtils (ServerUtils.java:sanitizeUserArgs(70)) - ozone.scm.stale.node.interval value = 300000 is larger than max = 100000 based on the key value of ozone.scm.heartbeat.thread.interval, reset to the max value 100000.
2019-07-30 09:03:57,242 INFO  node.SCMNodeManager (SCMNodeManager.java:<init>(121)) - Entering startup safe mode.
2019-07-30 09:03:57,243 WARN  server.ServerUtils (ServerUtils.java:getScmDbDir(145)) - ozone.scm.db.dirs is not configured. We recommend adding this setting. Falling back to ozone.metadata.dirs instead.
2019-07-30 09:03:57,261 INFO  pipeline.SCMPipelineManager (SCMPipelineManager.java:initializePipelineState(126)) - No pipeline exists in current db
2019-07-30 09:03:57,262 WARN  server.ServerUtils (ServerUtils.java:getScmDbDir(145)) - ozone.scm.db.dirs is not configured. We recommend adding this setting. Falling back to ozone.metadata.dirs instead.
2019-07-30 09:03:57,283 WARN  events.EventQueue (EventQueue.java:fireEvent(175)) - No event handler registered for event TypedEvent{payloadType=SafeModeStatus, name='SafeModeStatus'}
2019-07-30 09:03:57,284 INFO  ipc.CallQueueManager (CallQueueManager.java:<init>(84)) - Using callQueue: class java.util.concurrent.LinkedBlockingQueue, queueCapacity: 2000, scheduler: class org.apache.hadoop.ipc.DefaultRpcScheduler, ipcBackoff: false.
2019-07-30 09:03:57,284 INFO  ipc.Server (Server.java:run(1074)) - Starting Socket Reader #1 for port 38793
2019-07-30 09:03:57,286 INFO  ipc.CallQueueManager (CallQueueManager.java:<init>(84)) - Using callQueue: class java.util.concurrent.LinkedBlockingQueue, queueCapacity: 2000, scheduler: class org.apache.hadoop.ipc.DefaultRpcScheduler, ipcBackoff: false.
2019-07-30 09:03:57,288 INFO  ipc.CallQueueManager (CallQueueManager.java:<init>(84)) - Using callQueue: class java.util.concurrent.LinkedBlockingQueue, queueCapacity: 2000, scheduler: class org.apache.hadoop.ipc.DefaultRpcScheduler, ipcBackoff: false.
2019-07-30 09:03:57,288 INFO  ipc.Server (Server.java:run(1074)) - Starting Socket Reader #1 for port 46064
2019-07-30 09:03:57,289 INFO  ipc.Server (Server.java:run(1074)) - Starting Socket Reader #1 for port 34191
2019-07-30 09:03:57,292 INFO  hdfs.DFSUtil (DFSUtil.java:httpServerTemplateForNNAndJN(1641)) - Starting Web-server for scm at: http://0.0.0.0:0
2019-07-30 09:03:57,295 INFO  server.AuthenticationFilter (AuthenticationFilter.java:constructSecretProvider(240)) - Unable to initialize FileSignerSecretProvider, falling back to use random secrets.
2019-07-30 09:03:57,296 WARN  http.HttpRequestLog (HttpRequestLog.java:getRequestLog(97)) - Jetty request log can only be enabled using Log4j
2019-07-30 09:03:57,299 INFO  http.HttpServer2 (HttpServer2.java:addGlobalFilter(975)) - Added global filter 'safety' (class=org.apache.hadoop.http.HttpServer2$QuotingInputFilter)
2019-07-30 09:03:57,300 INFO  http.HttpServer2 (HttpServer2.java:addFilter(948)) - Added filter static_user_filter (class=org.apache.hadoop.http.lib.StaticUserWebFilter$StaticUserFilter) to context scm
2019-07-30 09:03:57,300 INFO  http.HttpServer2 (HttpServer2.java:addFilter(958)) - Added filter static_user_filter (class=org.apache.hadoop.http.lib.StaticUserWebFilter$StaticUserFilter) to context logs
2019-07-30 09:03:57,301 INFO  http.HttpServer2 (HttpServer2.java:addFilter(958)) - Added filter static_user_filter (class=org.apache.hadoop.http.lib.StaticUserWebFilter$StaticUserFilter) to context static
2019-07-30 09:03:57,304 INFO  server.StorageContainerManager (StorageContainerManager.java:start(758)) - StorageContainerLocationProtocol RPC server is listening at /0.0.0.0:34191
2019-07-30 09:03:57,307 WARN  impl.MetricsConfig (MetricsConfig.java:loadFirst(134)) - Cannot locate configuration: tried hadoop-metrics2-storagecontainermanager.properties,hadoop-metrics2.properties
2019-07-30 09:03:57,308 INFO  impl.MetricsSystemImpl (MetricsSystemImpl.java:startTimer(374)) - Scheduled Metric snapshot period at 10 second(s).
2019-07-30 09:03:57,308 INFO  impl.MetricsSystemImpl (MetricsSystemImpl.java:start(191)) - StorageContainerManager metrics system started
2019-07-30 09:03:57,363 INFO  server.SCMClientProtocolServer (SCMClientProtocolServer.java:start(151)) - RPC server for Client  is listening at /0.0.0.0:34191
2019-07-30 09:03:57,364 INFO  ipc.Server (Server.java:run(1314)) - IPC Server Responder: starting
2019-07-30 09:03:57,364 INFO  ipc.Server (Server.java:run(1153)) - IPC Server listener on 34191: starting
2019-07-30 09:03:57,368 INFO  server.StorageContainerManager (StorageContainerManager.java:start(768)) - ScmBlockLocationProtocol RPC server is listening at /0.0.0.0:46064
2019-07-30 09:03:57,368 INFO  server.SCMBlockProtocolServer (SCMBlockProtocolServer.java:start(140)) - RPC server for Block Protocol is listening at /0.0.0.0:46064
2019-07-30 09:03:57,368 INFO  ipc.Server (Server.java:run(1314)) - IPC Server Responder: starting
2019-07-30 09:03:57,368 INFO  ipc.Server (Server.java:run(1153)) - IPC Server listener on 46064: starting
2019-07-30 09:03:57,373 INFO  server.StorageContainerManager (StorageContainerManager.java:start(772)) - ScmDatanodeProtocl RPC server is listening at /0.0.0.0:38793
2019-07-30 09:03:57,373 INFO  server.SCMDatanodeProtocolServer (SCMDatanodeProtocolServer.java:start(191)) - RPC server for DataNodes is listening at /0.0.0.0:38793
2019-07-30 09:03:57,373 INFO  ipc.Server (Server.java:run(1314)) - IPC Server Responder: starting
2019-07-30 09:03:57,373 INFO  ipc.Server (Server.java:run(1153)) - IPC Server listener on 38793: starting
2019-07-30 09:03:57,379 INFO  http.HttpServer2 (HttpServer2.java:bindListener(1191)) - Jetty bound to port 42631
2019-07-30 09:03:57,379 INFO  server.Server (Server.java:doStart(351)) - jetty-9.3.24.v20180605, build timestamp: 2018-06-05T17:11:56Z, git hash: 84205aa28f11a4f31f2a3b86d1bba2cc8ab69827
2019-07-30 09:03:57,381 INFO  handler.ContextHandler (ContextHandler.java:doStart(781)) - Started o.e.j.s.ServletContextHandler@51af8049{/logs,file:///workdir/hadoop-ozone/integration-test/target/log,AVAILABLE}
2019-07-30 09:03:57,382 INFO  handler.ContextHandler (ContextHandler.java:doStart(781)) - Started o.e.j.s.ServletContextHandler@a9a8ec3{/static,file:///workdir/hadoop-ozone/integration-test/target/test-classes/webapps/static,AVAILABLE}
2019-07-30 09:03:57,387 INFO  handler.ContextHandler (ContextHandler.java:doStart(781)) - Started o.e.j.w.WebAppContext@5c25d0d1{/,file:///workdir/hadoop-ozone/integration-test/target/test-classes/webapps/scm/,AVAILABLE}{/scm}
2019-07-30 09:03:57,388 INFO  server.AbstractConnector (AbstractConnector.java:doStart(278)) - Started ServerConnector@22c8ee48{HTTP/1.1,[http/1.1]}{0.0.0.0:42631}
2019-07-30 09:03:57,389 INFO  server.Server (Server.java:doStart(419)) - Started @46177ms
2019-07-30 09:03:57,390 INFO  server.BaseHttpServer (BaseHttpServer.java:updateConnectorAddress(207)) - HTTP server of SCM is listening at http://0.0.0.0:42631
2019-07-30 09:03:57,390 WARN  server.ServerUtils (ServerUtils.java:getDBPath(222)) - ozone.om.db.dirs is not configured. We recommend adding this setting. Falling back to ozone.metadata.dirs instead.
2019-07-30 09:03:57,391 INFO  util.JvmPauseMonitor (JvmPauseMonitor.java:run(188)) - Starting JVM pause monitor
2019-07-30 09:03:57,404 WARN  server.ServerUtils (ServerUtils.java:getDBPath(222)) - ozone.om.db.dirs is not configured. We recommend adding this setting. Falling back to ozone.metadata.dirs instead.
2019-07-30 09:03:57,404 WARN  server.ServerUtils (ServerUtils.java:getDBPath(222)) - ozone.om.db.dirs is not configured. We recommend adding this setting. Falling back to ozone.metadata.dirs instead.
2019-07-30 09:03:57,405 INFO  om.OzoneManager (OzoneManager.java:setOMNodeDetails(644)) - OM Service ID is not set. Setting it to the default ID: omServiceIdDefault
2019-07-30 09:03:57,405 INFO  om.OzoneManager (OzoneManager.java:setOMNodeDetails(650)) - OM Node ID is not set. Setting it to the OmStorage's OmID: 2fccd08a-eb26-40f3-b2db-dc47c315b7ef
2019-07-30 09:03:57,405 INFO  om.OzoneManager (OzoneManager.java:loadOMHAConfigs(601)) - Found matching OM address with OMServiceId: null, OMNodeId: null, RPC Address: localhost:0 and Ratis port: 9872
2019-07-30 09:03:57,414 WARN  server.ServerUtils (ServerUtils.java:getDBPath(222)) - ozone.om.db.dirs is not configured. We recommend adding this setting. Falling back to ozone.metadata.dirs instead.
2019-07-30 09:03:57,414 INFO  db.DBStoreBuilder (DBStoreBuilder.java:addTable(110)) - using custom profile for table: userTable
2019-07-30 09:03:57,415 INFO  db.DBStoreBuilder (DBStoreBuilder.java:processTables(161)) - Using default column profile:DBProfile.DISK for Table:userTable
2019-07-30 09:03:57,415 INFO  db.DBStoreBuilder (DBStoreBuilder.java:addTable(110)) - using custom profile for table: volumeTable
2019-07-30 09:03:57,415 INFO  db.DBStoreBuilder (DBStoreBuilder.java:processTables(161)) - Using default column profile:DBProfile.DISK for Table:volumeTable
2019-07-30 09:03:57,415 INFO  db.DBStoreBuilder (DBStoreBuilder.java:addTable(110)) - using custom profile for table: bucketTable
2019-07-30 09:03:57,416 INFO  db.DBStoreBuilder (DBStoreBuilder.java:processTables(161)) - Using default column profile:DBProfile.DISK for Table:bucketTable
2019-07-30 09:03:57,416 INFO  db.DBStoreBuilder (DBStoreBuilder.java:addTable(110)) - using custom profile for table: keyTable
2019-07-30 09:03:57,416 INFO  db.DBStoreBuilder (DBStoreBuilder.java:processTables(161)) - Using default column profile:DBProfile.DISK for Table:keyTable
2019-07-30 09:03:57,416 INFO  db.DBStoreBuilder (DBStoreBuilder.java:addTable(110)) - using custom profile for table: deletedTable
2019-07-30 09:03:57,417 INFO  db.DBStoreBuilder (DBStoreBuilder.java:processTables(161)) - Using default column profile:DBProfile.DISK for Table:deletedTable
2019-07-30 09:03:57,417 INFO  db.DBStoreBuilder (DBStoreBuilder.java:addTable(110)) - using custom profile for table: openKeyTable
2019-07-30 09:03:57,417 INFO  db.DBStoreBuilder (DBStoreBuilder.java:processTables(161)) - Using default column profile:DBProfile.DISK for Table:openKeyTable
2019-07-30 09:03:57,417 INFO  db.DBStoreBuilder (DBStoreBuilder.java:addTable(110)) - using custom profile for table: s3Table
2019-07-30 09:03:57,417 INFO  db.DBStoreBuilder (DBStoreBuilder.java:processTables(161)) - Using default column profile:DBProfile.DISK for Table:s3Table
2019-07-30 09:03:57,418 INFO  db.DBStoreBuilder (DBStoreBuilder.java:addTable(110)) - using custom profile for table: multipartInfoTable
2019-07-30 09:03:57,418 INFO  db.DBStoreBuilder (DBStoreBuilder.java:processTables(161)) - Using default column profile:DBProfile.DISK for Table:multipartInfoTable
2019-07-30 09:03:57,418 INFO  db.DBStoreBuilder (DBStoreBuilder.java:addTable(110)) - using custom profile for table: dTokenTable
2019-07-30 09:03:57,418 INFO  db.DBStoreBuilder (DBStoreBuilder.java:processTables(161)) - Using default column profile:DBProfile.DISK for Table:dTokenTable
2019-07-30 09:03:57,419 INFO  db.DBStoreBuilder (DBStoreBuilder.java:addTable(110)) - using custom profile for table: s3SecretTable
2019-07-30 09:03:57,419 INFO  db.DBStoreBuilder (DBStoreBuilder.java:processTables(161)) - Using default column profile:DBProfile.DISK for Table:s3SecretTable
2019-07-30 09:03:57,419 INFO  db.DBStoreBuilder (DBStoreBuilder.java:addTable(110)) - using custom profile for table: prefixTable
2019-07-30 09:03:57,419 INFO  db.DBStoreBuilder (DBStoreBuilder.java:processTables(161)) - Using default column profile:DBProfile.DISK for Table:prefixTable
2019-07-30 09:03:57,420 INFO  db.DBStoreBuilder (DBStoreBuilder.java:addTable(110)) - using custom profile for table: default
2019-07-30 09:03:57,420 INFO  db.DBStoreBuilder (DBStoreBuilder.java:processTables(167)) - Using default column profile:DBProfile.DISK for Table:default
2019-07-30 09:03:57,420 INFO  db.DBStoreBuilder (DBStoreBuilder.java:getDbProfile(198)) - Using default options. DBProfile.DISK
2019-07-30 09:03:57,974 INFO  ipc.CallQueueManager (CallQueueManager.java:<init>(84)) - Using callQueue: class java.util.concurrent.LinkedBlockingQueue, queueCapacity: 2000, scheduler: class org.apache.hadoop.ipc.DefaultRpcScheduler, ipcBackoff: false.
2019-07-30 09:03:57,975 INFO  ipc.Server (Server.java:run(1074)) - Starting Socket Reader #1 for port 44265
2019-07-30 09:03:57,993 INFO  om.OzoneManager (OzoneManager.java:start(1255)) - OzoneManager RPC server is listening at localhost/127.0.0.1:44265
2019-07-30 09:03:57,993 INFO  impl.MetricsSystemImpl (MetricsSystemImpl.java:init(158)) - OzoneManager metrics system started (again)
2019-07-30 09:03:57,994 INFO  ipc.Server (Server.java:run(1314)) - IPC Server Responder: starting
2019-07-30 09:03:57,994 INFO  ipc.Server (Server.java:run(1153)) - IPC Server listener on 44265: starting
2019-07-30 09:03:58,002 INFO  hdfs.DFSUtil (DFSUtil.java:httpServerTemplateForNNAndJN(1641)) - Starting Web-server for ozoneManager at: http://0.0.0.0:0
2019-07-30 09:03:58,004 INFO  server.AuthenticationFilter (AuthenticationFilter.java:constructSecretProvider(240)) - Unable to initialize FileSignerSecretProvider, falling back to use random secrets.
2019-07-30 09:03:58,005 WARN  http.HttpRequestLog (HttpRequestLog.java:getRequestLog(97)) - Jetty request log can only be enabled using Log4j
2019-07-30 09:03:58,007 INFO  http.HttpServer2 (HttpServer2.java:addGlobalFilter(975)) - Added global filter 'safety' (class=org.apache.hadoop.http.HttpServer2$QuotingInputFilter)
2019-07-30 09:03:58,008 INFO  http.HttpServer2 (HttpServer2.java:addFilter(948)) - Added filter static_user_filter (class=org.apache.hadoop.http.lib.StaticUserWebFilter$StaticUserFilter) to context ozoneManager
2019-07-30 09:03:58,008 INFO  http.HttpServer2 (HttpServer2.java:addFilter(958)) - Added filter static_user_filter (class=org.apache.hadoop.http.lib.StaticUserWebFilter$StaticUserFilter) to context logs
2019-07-30 09:03:58,009 INFO  http.HttpServer2 (HttpServer2.java:addFilter(958)) - Added filter static_user_filter (class=org.apache.hadoop.http.lib.StaticUserWebFilter$StaticUserFilter) to context static
2019-07-30 09:03:58,010 INFO  http.HttpServer2 (HttpServer2.java:bindListener(1191)) - Jetty bound to port 43146
2019-07-30 09:03:58,010 INFO  server.Server (Server.java:doStart(351)) - jetty-9.3.24.v20180605, build timestamp: 2018-06-05T17:11:56Z, git hash: 84205aa28f11a4f31f2a3b86d1bba2cc8ab69827
2019-07-30 09:03:58,012 INFO  handler.ContextHandler (ContextHandler.java:doStart(781)) - Started o.e.j.s.ServletContextHandler@1377b1a0{/logs,file:///workdir/hadoop-ozone/integration-test/target/log,AVAILABLE}
2019-07-30 09:03:58,013 INFO  handler.ContextHandler (ContextHandler.java:doStart(781)) - Started o.e.j.s.ServletContextHandler@27dbaa33{/static,file:///workdir/hadoop-ozone/integration-test/target/test-classes/webapps/static,AVAILABLE}
2019-07-30 09:03:58,019 INFO  handler.ContextHandler (ContextHandler.java:doStart(781)) - Started o.e.j.w.WebAppContext@2a7ebe07{/,file:///workdir/hadoop-ozone/integration-test/target/test-classes/webapps/ozoneManager/,AVAILABLE}{/ozoneManager}
2019-07-30 09:03:58,020 INFO  server.AbstractConnector (AbstractConnector.java:doStart(278)) - Started ServerConnector@6e93b0e7{HTTP/1.1,[http/1.1]}{0.0.0.0:43146}
2019-07-30 09:03:58,021 INFO  server.Server (Server.java:doStart(419)) - Started @46809ms
2019-07-30 09:03:58,022 INFO  server.BaseHttpServer (BaseHttpServer.java:updateConnectorAddress(207)) - HTTP server of OZONEMANAGER is listening at http://0.0.0.0:43146
2019-07-30 09:03:58,043 INFO  impl.MetricsSystemImpl (MetricsSystemImpl.java:init(158)) - HddsDatanode metrics system started (again)
2019-07-30 09:03:58,046 INFO  ozone.HddsDatanodeService (HddsDatanodeService.java:start(184)) - HddsDatanodeService host:byscane-nightly-jdzkf-783033596 ip:192.168.69.91
2019-07-30 09:03:58,054 INFO  volume.HddsVolume (HddsVolume.java:<init>(176)) - Creating Volume: /workdir/hadoop-ozone/integration-test/target/test-dir/MiniOzoneClusterImpl-c1e84c7d-2436-439f-bc56-acddb819a285/datanode-0/data/containers/hdds of  storage type : DISK and capacity : 52710309888
2019-07-30 09:03:58,054 INFO  volume.VolumeSet (VolumeSet.java:initializeVolumeSet(170)) - Added Volume : /workdir/hadoop-ozone/integration-test/target/test-dir/MiniOzoneClusterImpl-c1e84c7d-2436-439f-bc56-acddb819a285/datanode-0/data/containers/hdds to VolumeSet
2019-07-30 09:03:58,054 INFO  volume.ThrottledAsyncChecker (ThrottledAsyncChecker.java:schedule(140)) - Scheduling a check for org.apache.hadoop.ozone.container.common.volume.HddsVolume@7f8c48f3
2019-07-30 09:03:58,055 INFO  volume.HddsVolumeChecker (HddsVolumeChecker.java:checkAllVolumes(203)) - Scheduled health check for volume org.apache.hadoop.ozone.container.common.volume.HddsVolume@7f8c48f3
2019-07-30 09:03:58,074 INFO  impl.RaftServerProxy (ConfUtils.java:logGet(43)) - raft.rpc.type = GRPC (default)
2019-07-30 09:03:58,074 INFO  grpc.GrpcFactory (GrpcFactory.java:checkPooledByteBufAllocatorUseCacheForAllThreads(45)) - PERFORMANCE WARNING: useCacheForAllThreads is true that may cause Netty to create a lot garbage objects and, as a result, trigger GC.
	It is recommended to disable useCacheForAllThreads by setting -Dorg.apache.ratis.thirdparty.io.netty.allocator.useCacheForAllThreads=false in command line.
2019-07-30 09:03:58,074 INFO  grpc.GrpcConfigKeys$Server (ConfUtils.java:logGet(43)) - raft.grpc.server.port = 0 (default)
2019-07-30 09:03:58,075 INFO  server.GrpcService (ConfUtils.java:logGet(43)) - raft.grpc.message.size.max = 33570816 (custom)
2019-07-30 09:03:58,075 INFO  server.RaftServerConfigKeys (ConfUtils.java:logGet(43)) - raft.server.log.appender.buffer.byte-limit = 33554432 (custom)
2019-07-30 09:03:58,075 INFO  server.GrpcService (ConfUtils.java:logGet(43)) - raft.grpc.flow.control.window = 1MB (=1048576) (default)
2019-07-30 09:03:58,075 INFO  server.RaftServerConfigKeys (ConfUtils.java:logGet(43)) - raft.server.rpc.request.timeout = 3000ms (default)
2019-07-30 09:03:58,076 INFO  server.RaftServerConfigKeys (ConfUtils.java:logGet(43)) - raft.server.storage.dir = [/workdir/hadoop-ozone/integration-test/target/test-dir/MiniOzoneClusterImpl-c1e84c7d-2436-439f-bc56-acddb819a285/datanode-0/data/ratis] (custom)
2019-07-30 09:03:58,077 INFO  replication.SimpleContainerDownloader (SimpleContainerDownloader.java:<init>(72)) - Starting container downloader service to copy containers to replicate.
2019-07-30 09:03:58,079 INFO  hdfs.DFSUtil (DFSUtil.java:httpServerTemplateForNNAndJN(1641)) - Starting Web-server for hddsDatanode at: http://0.0.0.0:0
2019-07-30 09:03:58,081 INFO  server.AuthenticationFilter (AuthenticationFilter.java:constructSecretProvider(240)) - Unable to initialize FileSignerSecretProvider, falling back to use random secrets.
2019-07-30 09:03:58,081 WARN  http.HttpRequestLog (HttpRequestLog.java:getRequestLog(97)) - Jetty request log can only be enabled using Log4j
2019-07-30 09:03:58,083 INFO  http.HttpServer2 (HttpServer2.java:addGlobalFilter(975)) - Added global filter 'safety' (class=org.apache.hadoop.http.HttpServer2$QuotingInputFilter)
2019-07-30 09:03:58,083 INFO  http.HttpServer2 (HttpServer2.java:addFilter(948)) - Added filter static_user_filter (class=org.apache.hadoop.http.lib.StaticUserWebFilter$StaticUserFilter) to context hddsDatanode
2019-07-30 09:03:58,084 INFO  http.HttpServer2 (HttpServer2.java:addFilter(958)) - Added filter static_user_filter (class=org.apache.hadoop.http.lib.StaticUserWebFilter$StaticUserFilter) to context static
2019-07-30 09:03:58,084 INFO  http.HttpServer2 (HttpServer2.java:addFilter(958)) - Added filter static_user_filter (class=org.apache.hadoop.http.lib.StaticUserWebFilter$StaticUserFilter) to context logs
2019-07-30 09:03:58,085 INFO  http.HttpServer2 (HttpServer2.java:bindListener(1191)) - Jetty bound to port 38380
2019-07-30 09:03:58,085 INFO  server.Server (Server.java:doStart(351)) - jetty-9.3.24.v20180605, build timestamp: 2018-06-05T17:11:56Z, git hash: 84205aa28f11a4f31f2a3b86d1bba2cc8ab69827
2019-07-30 09:03:58,087 INFO  handler.ContextHandler (ContextHandler.java:doStart(781)) - Started o.e.j.s.ServletContextHandler@45571cfc{/logs,file:///workdir/hadoop-ozone/integration-test/target/log,AVAILABLE}
2019-07-30 09:03:58,088 INFO  handler.ContextHandler (ContextHandler.java:doStart(781)) - Started o.e.j.s.ServletContextHandler@1b475663{/static,jar:file:/home/user/.m2/repository/org/apache/hadoop/hadoop-hdds-container-service/0.4.1-SNAPSHOT/hadoop-hdds-container-service-0.4.1-SNAPSHOT.jar!/webapps/static,AVAILABLE}
2019-07-30 09:03:58,116 INFO  handler.ContextHandler (ContextHandler.java:doStart(781)) - Started o.e.j.w.WebAppContext@f849027{/,file:///tmp/jetty-0.0.0.0-38380-hddsDatanode-_-any-8764760054454047845.dir/webapp/,AVAILABLE}{/hddsDatanode}
2019-07-30 09:03:58,116 INFO  server.AbstractConnector (AbstractConnector.java:doStart(278)) - Started ServerConnector@4a9869a8{HTTP/1.1,[http/1.1]}{0.0.0.0:38380}
2019-07-30 09:03:58,118 INFO  server.Server (Server.java:doStart(419)) - Started @46906ms
2019-07-30 09:03:58,118 INFO  server.BaseHttpServer (BaseHttpServer.java:updateConnectorAddress(207)) - HTTP server of HDDSDATANODE is listening at http://0.0.0.0:38380
2019-07-30 09:03:58,255 INFO  ozone.HddsDatanodeService (HddsDatanodeService.java:startPlugins(395)) - Started plug-in org.apache.hadoop.ozone.web.OzoneHddsDatanodeService@249b54af
2019-07-30 09:03:58,256 INFO  impl.MetricsSystemImpl (MetricsSystemImpl.java:init(158)) - HddsDatanode metrics system started (again)
2019-07-30 09:03:58,259 INFO  ozone.HddsDatanodeService (HddsDatanodeService.java:start(184)) - HddsDatanodeService host:byscane-nightly-jdzkf-783033596 ip:192.168.69.91
2019-07-30 09:03:58,259 INFO  util.JvmPauseMonitor (JvmPauseMonitor.java:run(188)) - Starting JVM pause monitor
2019-07-30 09:03:58,262 INFO  datanode.InitDatanodeState (InitDatanodeState.java:persistContainerDatanodeDetails(140)) - DatanodeDetails is persisted to /workdir/hadoop-ozone/integration-test/target/test-dir/MiniOzoneClusterImpl-c1e84c7d-2436-439f-bc56-acddb819a285/datanode-0/meta/datanode.id
2019-07-30 09:03:58,265 INFO  volume.HddsVolume (HddsVolume.java:<init>(176)) - Creating Volume: /workdir/hadoop-ozone/integration-test/target/test-dir/MiniOzoneClusterImpl-c1e84c7d-2436-439f-bc56-acddb819a285/datanode-1/data/containers/hdds of  storage type : DISK and capacity : 52710309888
2019-07-30 09:03:58,265 INFO  volume.VolumeSet (VolumeSet.java:initializeVolumeSet(170)) - Added Volume : /workdir/hadoop-ozone/integration-test/target/test-dir/MiniOzoneClusterImpl-c1e84c7d-2436-439f-bc56-acddb819a285/datanode-1/data/containers/hdds to VolumeSet
2019-07-30 09:03:58,266 INFO  volume.ThrottledAsyncChecker (ThrottledAsyncChecker.java:schedule(140)) - Scheduling a check for org.apache.hadoop.ozone.container.common.volume.HddsVolume@10b67f54
2019-07-30 09:03:58,266 INFO  volume.HddsVolumeChecker (HddsVolumeChecker.java:checkAllVolumes(203)) - Scheduled health check for volume org.apache.hadoop.ozone.container.common.volume.HddsVolume@10b67f54
2019-07-30 09:03:58,281 INFO  impl.RaftServerProxy (ConfUtils.java:logGet(43)) - raft.rpc.type = GRPC (default)
2019-07-30 09:03:58,282 INFO  grpc.GrpcFactory (GrpcFactory.java:checkPooledByteBufAllocatorUseCacheForAllThreads(45)) - PERFORMANCE WARNING: useCacheForAllThreads is true that may cause Netty to create a lot garbage objects and, as a result, trigger GC.
	It is recommended to disable useCacheForAllThreads by setting -Dorg.apache.ratis.thirdparty.io.netty.allocator.useCacheForAllThreads=false in command line.
2019-07-30 09:03:58,282 INFO  grpc.GrpcConfigKeys$Server (ConfUtils.java:logGet(43)) - raft.grpc.server.port = 0 (default)
2019-07-30 09:03:58,282 INFO  server.GrpcService (ConfUtils.java:logGet(43)) - raft.grpc.message.size.max = 33570816 (custom)
2019-07-30 09:03:58,282 INFO  server.RaftServerConfigKeys (ConfUtils.java:logGet(43)) - raft.server.log.appender.buffer.byte-limit = 33554432 (custom)
2019-07-30 09:03:58,282 INFO  server.GrpcService (ConfUtils.java:logGet(43)) - raft.grpc.flow.control.window = 1MB (=1048576) (default)
2019-07-30 09:03:58,282 INFO  server.RaftServerConfigKeys (ConfUtils.java:logGet(43)) - raft.server.rpc.request.timeout = 3000ms (default)
2019-07-30 09:03:58,283 INFO  server.RaftServerConfigKeys (ConfUtils.java:logGet(43)) - raft.server.storage.dir = [/workdir/hadoop-ozone/integration-test/target/test-dir/MiniOzoneClusterImpl-c1e84c7d-2436-439f-bc56-acddb819a285/datanode-1/data/ratis] (custom)
2019-07-30 09:03:58,283 INFO  replication.SimpleContainerDownloader (SimpleContainerDownloader.java:<init>(72)) - Starting container downloader service to copy containers to replicate.
2019-07-30 09:03:58,285 INFO  hdfs.DFSUtil (DFSUtil.java:httpServerTemplateForNNAndJN(1641)) - Starting Web-server for hddsDatanode at: http://0.0.0.0:0
2019-07-30 09:03:58,287 INFO  server.AuthenticationFilter (AuthenticationFilter.java:constructSecretProvider(240)) - Unable to initialize FileSignerSecretProvider, falling back to use random secrets.
2019-07-30 09:03:58,287 WARN  http.HttpRequestLog (HttpRequestLog.java:getRequestLog(97)) - Jetty request log can only be enabled using Log4j
2019-07-30 09:03:58,289 INFO  http.HttpServer2 (HttpServer2.java:addGlobalFilter(975)) - Added global filter 'safety' (class=org.apache.hadoop.http.HttpServer2$QuotingInputFilter)
2019-07-30 09:03:58,290 INFO  http.HttpServer2 (HttpServer2.java:addFilter(948)) - Added filter static_user_filter (class=org.apache.hadoop.http.lib.StaticUserWebFilter$StaticUserFilter) to context hddsDatanode
2019-07-30 09:03:58,290 INFO  http.HttpServer2 (HttpServer2.java:addFilter(958)) - Added filter static_user_filter (class=org.apache.hadoop.http.lib.StaticUserWebFilter$StaticUserFilter) to context static
2019-07-30 09:03:58,290 INFO  http.HttpServer2 (HttpServer2.java:addFilter(958)) - Added filter static_user_filter (class=org.apache.hadoop.http.lib.StaticUserWebFilter$StaticUserFilter) to context logs
2019-07-30 09:03:58,291 INFO  http.HttpServer2 (HttpServer2.java:bindListener(1191)) - Jetty bound to port 41554
2019-07-30 09:03:58,291 INFO  server.Server (Server.java:doStart(351)) - jetty-9.3.24.v20180605, build timestamp: 2018-06-05T17:11:56Z, git hash: 84205aa28f11a4f31f2a3b86d1bba2cc8ab69827
2019-07-30 09:03:58,293 INFO  handler.ContextHandler (ContextHandler.java:doStart(781)) - Started o.e.j.s.ServletContextHandler@543b0737{/logs,file:///workdir/hadoop-ozone/integration-test/target/log,AVAILABLE}
2019-07-30 09:03:58,294 INFO  handler.ContextHandler (ContextHandler.java:doStart(781)) - Started o.e.j.s.ServletContextHandler@48632f69{/static,jar:file:/home/user/.m2/repository/org/apache/hadoop/hadoop-hdds-container-service/0.4.1-SNAPSHOT/hadoop-hdds-container-service-0.4.1-SNAPSHOT.jar!/webapps/static,AVAILABLE}
2019-07-30 09:03:58,332 INFO  handler.ContextHandler (ContextHandler.java:doStart(781)) - Started o.e.j.w.WebAppContext@455cbf18{/,file:///tmp/jetty-0.0.0.0-41554-hddsDatanode-_-any-8088894195071480200.dir/webapp/,AVAILABLE}{/hddsDatanode}
2019-07-30 09:03:58,333 INFO  server.AbstractConnector (AbstractConnector.java:doStart(278)) - Started ServerConnector@24aedcc5{HTTP/1.1,[http/1.1]}{0.0.0.0:41554}
2019-07-30 09:03:58,334 INFO  server.Server (Server.java:doStart(419)) - Started @47122ms
2019-07-30 09:03:58,335 INFO  server.BaseHttpServer (BaseHttpServer.java:updateConnectorAddress(207)) - HTTP server of HDDSDATANODE is listening at http://0.0.0.0:41554
2019-07-30 09:03:58,450 INFO  ozone.HddsDatanodeService (HddsDatanodeService.java:startPlugins(395)) - Started plug-in org.apache.hadoop.ozone.web.OzoneHddsDatanodeService@5a466dd
2019-07-30 09:03:58,451 INFO  impl.MetricsSystemImpl (MetricsSystemImpl.java:init(158)) - HddsDatanode metrics system started (again)
2019-07-30 09:03:58,455 INFO  ozone.HddsDatanodeService (HddsDatanodeService.java:start(184)) - HddsDatanodeService host:byscane-nightly-jdzkf-783033596 ip:192.168.69.91
2019-07-30 09:03:58,455 INFO  util.JvmPauseMonitor (JvmPauseMonitor.java:run(188)) - Starting JVM pause monitor
2019-07-30 09:03:58,457 INFO  datanode.InitDatanodeState (InitDatanodeState.java:persistContainerDatanodeDetails(140)) - DatanodeDetails is persisted to /workdir/hadoop-ozone/integration-test/target/test-dir/MiniOzoneClusterImpl-c1e84c7d-2436-439f-bc56-acddb819a285/datanode-1/meta/datanode.id
2019-07-30 09:03:58,462 INFO  volume.HddsVolume (HddsVolume.java:<init>(176)) - Creating Volume: /workdir/hadoop-ozone/integration-test/target/test-dir/MiniOzoneClusterImpl-c1e84c7d-2436-439f-bc56-acddb819a285/datanode-2/data/containers/hdds of  storage type : DISK and capacity : 52710309888
2019-07-30 09:03:58,463 INFO  volume.VolumeSet (VolumeSet.java:initializeVolumeSet(170)) - Added Volume : /workdir/hadoop-ozone/integration-test/target/test-dir/MiniOzoneClusterImpl-c1e84c7d-2436-439f-bc56-acddb819a285/datanode-2/data/containers/hdds to VolumeSet
2019-07-30 09:03:58,463 INFO  volume.ThrottledAsyncChecker (ThrottledAsyncChecker.java:schedule(140)) - Scheduling a check for org.apache.hadoop.ozone.container.common.volume.HddsVolume@70139a81
2019-07-30 09:03:58,463 INFO  volume.HddsVolumeChecker (HddsVolumeChecker.java:checkAllVolumes(203)) - Scheduled health check for volume org.apache.hadoop.ozone.container.common.volume.HddsVolume@70139a81
2019-07-30 09:03:58,476 INFO  impl.RaftServerProxy (ConfUtils.java:logGet(43)) - raft.rpc.type = GRPC (default)
2019-07-30 09:03:58,477 INFO  grpc.GrpcFactory (GrpcFactory.java:checkPooledByteBufAllocatorUseCacheForAllThreads(45)) - PERFORMANCE WARNING: useCacheForAllThreads is true that may cause Netty to create a lot garbage objects and, as a result, trigger GC.
	It is recommended to disable useCacheForAllThreads by setting -Dorg.apache.ratis.thirdparty.io.netty.allocator.useCacheForAllThreads=false in command line.
2019-07-30 09:03:58,477 INFO  grpc.GrpcConfigKeys$Server (ConfUtils.java:logGet(43)) - raft.grpc.server.port = 0 (default)
2019-07-30 09:03:58,477 INFO  server.GrpcService (ConfUtils.java:logGet(43)) - raft.grpc.message.size.max = 33570816 (custom)
2019-07-30 09:03:58,477 INFO  server.RaftServerConfigKeys (ConfUtils.java:logGet(43)) - raft.server.log.appender.buffer.byte-limit = 33554432 (custom)
2019-07-30 09:03:58,477 INFO  server.GrpcService (ConfUtils.java:logGet(43)) - raft.grpc.flow.control.window = 1MB (=1048576) (default)
2019-07-30 09:03:58,478 INFO  server.RaftServerConfigKeys (ConfUtils.java:logGet(43)) - raft.server.rpc.request.timeout = 3000ms (default)
2019-07-30 09:03:58,478 INFO  server.RaftServerConfigKeys (ConfUtils.java:logGet(43)) - raft.server.storage.dir = [/workdir/hadoop-ozone/integration-test/target/test-dir/MiniOzoneClusterImpl-c1e84c7d-2436-439f-bc56-acddb819a285/datanode-2/data/ratis] (custom)
2019-07-30 09:03:58,478 INFO  replication.SimpleContainerDownloader (SimpleContainerDownloader.java:<init>(72)) - Starting container downloader service to copy containers to replicate.
2019-07-30 09:03:58,480 INFO  hdfs.DFSUtil (DFSUtil.java:httpServerTemplateForNNAndJN(1641)) - Starting Web-server for hddsDatanode at: http://0.0.0.0:0
2019-07-30 09:03:58,481 INFO  server.AuthenticationFilter (AuthenticationFilter.java:constructSecretProvider(240)) - Unable to initialize FileSignerSecretProvider, falling back to use random secrets.
2019-07-30 09:03:58,482 WARN  http.HttpRequestLog (HttpRequestLog.java:getRequestLog(97)) - Jetty request log can only be enabled using Log4j
2019-07-30 09:03:58,484 INFO  http.HttpServer2 (HttpServer2.java:addGlobalFilter(975)) - Added global filter 'safety' (class=org.apache.hadoop.http.HttpServer2$QuotingInputFilter)
2019-07-30 09:03:58,485 INFO  http.HttpServer2 (HttpServer2.java:addFilter(948)) - Added filter static_user_filter (class=org.apache.hadoop.http.lib.StaticUserWebFilter$StaticUserFilter) to context hddsDatanode
2019-07-30 09:03:58,485 INFO  http.HttpServer2 (HttpServer2.java:addFilter(958)) - Added filter static_user_filter (class=org.apache.hadoop.http.lib.StaticUserWebFilter$StaticUserFilter) to context static
2019-07-30 09:03:58,485 INFO  http.HttpServer2 (HttpServer2.java:addFilter(958)) - Added filter static_user_filter (class=org.apache.hadoop.http.lib.StaticUserWebFilter$StaticUserFilter) to context logs
2019-07-30 09:03:58,486 INFO  http.HttpServer2 (HttpServer2.java:bindListener(1191)) - Jetty bound to port 45615
2019-07-30 09:03:58,486 INFO  server.Server (Server.java:doStart(351)) - jetty-9.3.24.v20180605, build timestamp: 2018-06-05T17:11:56Z, git hash: 84205aa28f11a4f31f2a3b86d1bba2cc8ab69827
2019-07-30 09:03:58,488 INFO  handler.ContextHandler (ContextHandler.java:doStart(781)) - Started o.e.j.s.ServletContextHandler@6b9a1205{/logs,file:///workdir/hadoop-ozone/integration-test/target/log,AVAILABLE}
2019-07-30 09:03:58,489 INFO  handler.ContextHandler (ContextHandler.java:doStart(781)) - Started o.e.j.s.ServletContextHandler@3d8d52be{/static,jar:file:/home/user/.m2/repository/org/apache/hadoop/hadoop-hdds-container-service/0.4.1-SNAPSHOT/hadoop-hdds-container-service-0.4.1-SNAPSHOT.jar!/webapps/static,AVAILABLE}
2019-07-30 09:03:58,530 INFO  handler.ContextHandler (ContextHandler.java:doStart(781)) - Started o.e.j.w.WebAppContext@15f519f7{/,file:///tmp/jetty-0.0.0.0-45615-hddsDatanode-_-any-7545938556019197862.dir/webapp/,AVAILABLE}{/hddsDatanode}
2019-07-30 09:03:58,531 INFO  server.AbstractConnector (AbstractConnector.java:doStart(278)) - Started ServerConnector@4a336377{HTTP/1.1,[http/1.1]}{0.0.0.0:45615}
2019-07-30 09:03:58,532 INFO  server.Server (Server.java:doStart(419)) - Started @47321ms
2019-07-30 09:03:58,533 INFO  server.BaseHttpServer (BaseHttpServer.java:updateConnectorAddress(207)) - HTTP server of HDDSDATANODE is listening at http://0.0.0.0:45615
2019-07-30 09:03:58,651 INFO  ozone.HddsDatanodeService (HddsDatanodeService.java:startPlugins(395)) - Started plug-in org.apache.hadoop.ozone.web.OzoneHddsDatanodeService@334b392d
2019-07-30 09:03:58,651 INFO  impl.MetricsSystemImpl (MetricsSystemImpl.java:init(158)) - HddsDatanode metrics system started (again)
2019-07-30 09:03:58,656 INFO  util.JvmPauseMonitor (JvmPauseMonitor.java:run(188)) - Starting JVM pause monitor
2019-07-30 09:03:58,656 INFO  ozone.HddsDatanodeService (HddsDatanodeService.java:start(184)) - HddsDatanodeService host:byscane-nightly-jdzkf-783033596 ip:192.168.69.91
2019-07-30 09:03:58,658 INFO  datanode.InitDatanodeState (InitDatanodeState.java:persistContainerDatanodeDetails(140)) - DatanodeDetails is persisted to /workdir/hadoop-ozone/integration-test/target/test-dir/MiniOzoneClusterImpl-c1e84c7d-2436-439f-bc56-acddb819a285/datanode-2/meta/datanode.id
2019-07-30 09:03:58,663 INFO  volume.HddsVolume (HddsVolume.java:<init>(176)) - Creating Volume: /workdir/hadoop-ozone/integration-test/target/test-dir/MiniOzoneClusterImpl-c1e84c7d-2436-439f-bc56-acddb819a285/datanode-3/data/containers/hdds of  storage type : DISK and capacity : 52710309888
2019-07-30 09:03:58,663 INFO  volume.VolumeSet (VolumeSet.java:initializeVolumeSet(170)) - Added Volume : /workdir/hadoop-ozone/integration-test/target/test-dir/MiniOzoneClusterImpl-c1e84c7d-2436-439f-bc56-acddb819a285/datanode-3/data/containers/hdds to VolumeSet
2019-07-30 09:03:58,664 INFO  volume.ThrottledAsyncChecker (ThrottledAsyncChecker.java:schedule(140)) - Scheduling a check for org.apache.hadoop.ozone.container.common.volume.HddsVolume@1ff463bb
2019-07-30 09:03:58,664 INFO  volume.HddsVolumeChecker (HddsVolumeChecker.java:checkAllVolumes(203)) - Scheduled health check for volume org.apache.hadoop.ozone.container.common.volume.HddsVolume@1ff463bb
2019-07-30 09:03:58,679 INFO  impl.RaftServerProxy (ConfUtils.java:logGet(43)) - raft.rpc.type = GRPC (default)
2019-07-30 09:03:58,679 INFO  grpc.GrpcFactory (GrpcFactory.java:checkPooledByteBufAllocatorUseCacheForAllThreads(45)) - PERFORMANCE WARNING: useCacheForAllThreads is true that may cause Netty to create a lot garbage objects and, as a result, trigger GC.
	It is recommended to disable useCacheForAllThreads by setting -Dorg.apache.ratis.thirdparty.io.netty.allocator.useCacheForAllThreads=false in command line.
2019-07-30 09:03:58,679 INFO  grpc.GrpcConfigKeys$Server (ConfUtils.java:logGet(43)) - raft.grpc.server.port = 0 (default)
2019-07-30 09:03:58,680 INFO  server.GrpcService (ConfUtils.java:logGet(43)) - raft.grpc.message.size.max = 33570816 (custom)
2019-07-30 09:03:58,680 INFO  server.RaftServerConfigKeys (ConfUtils.java:logGet(43)) - raft.server.log.appender.buffer.byte-limit = 33554432 (custom)
2019-07-30 09:03:58,680 INFO  server.GrpcService (ConfUtils.java:logGet(43)) - raft.grpc.flow.control.window = 1MB (=1048576) (default)
2019-07-30 09:03:58,680 INFO  server.RaftServerConfigKeys (ConfUtils.java:logGet(43)) - raft.server.rpc.request.timeout = 3000ms (default)
2019-07-30 09:03:58,681 INFO  server.RaftServerConfigKeys (ConfUtils.java:logGet(43)) - raft.server.storage.dir = [/workdir/hadoop-ozone/integration-test/target/test-dir/MiniOzoneClusterImpl-c1e84c7d-2436-439f-bc56-acddb819a285/datanode-3/data/ratis] (custom)
2019-07-30 09:03:58,681 INFO  replication.SimpleContainerDownloader (SimpleContainerDownloader.java:<init>(72)) - Starting container downloader service to copy containers to replicate.
2019-07-30 09:03:58,682 INFO  hdfs.DFSUtil (DFSUtil.java:httpServerTemplateForNNAndJN(1641)) - Starting Web-server for hddsDatanode at: http://0.0.0.0:0
2019-07-30 09:03:58,683 INFO  server.AuthenticationFilter (AuthenticationFilter.java:constructSecretProvider(240)) - Unable to initialize FileSignerSecretProvider, falling back to use random secrets.
2019-07-30 09:03:58,684 WARN  http.HttpRequestLog (HttpRequestLog.java:getRequestLog(97)) - Jetty request log can only be enabled using Log4j
2019-07-30 09:03:58,685 INFO  http.HttpServer2 (HttpServer2.java:addGlobalFilter(975)) - Added global filter 'safety' (class=org.apache.hadoop.http.HttpServer2$QuotingInputFilter)
2019-07-30 09:03:58,685 INFO  http.HttpServer2 (HttpServer2.java:addFilter(948)) - Added filter static_user_filter (class=org.apache.hadoop.http.lib.StaticUserWebFilter$StaticUserFilter) to context hddsDatanode
2019-07-30 09:03:58,685 INFO  http.HttpServer2 (HttpServer2.java:addFilter(958)) - Added filter static_user_filter (class=org.apache.hadoop.http.lib.StaticUserWebFilter$StaticUserFilter) to context static
2019-07-30 09:03:58,686 INFO  http.HttpServer2 (HttpServer2.java:addFilter(958)) - Added filter static_user_filter (class=org.apache.hadoop.http.lib.StaticUserWebFilter$StaticUserFilter) to context logs
2019-07-30 09:03:58,686 INFO  http.HttpServer2 (HttpServer2.java:bindListener(1191)) - Jetty bound to port 42467
2019-07-30 09:03:58,686 INFO  server.Server (Server.java:doStart(351)) - jetty-9.3.24.v20180605, build timestamp: 2018-06-05T17:11:56Z, git hash: 84205aa28f11a4f31f2a3b86d1bba2cc8ab69827
2019-07-30 09:03:58,688 INFO  handler.ContextHandler (ContextHandler.java:doStart(781)) - Started o.e.j.s.ServletContextHandler@595ec862{/logs,file:///workdir/hadoop-ozone/integration-test/target/log,AVAILABLE}
2019-07-30 09:03:58,688 INFO  handler.ContextHandler (ContextHandler.java:doStart(781)) - Started o.e.j.s.ServletContextHandler@102af1bb{/static,jar:file:/home/user/.m2/repository/org/apache/hadoop/hadoop-hdds-container-service/0.4.1-SNAPSHOT/hadoop-hdds-container-service-0.4.1-SNAPSHOT.jar!/webapps/static,AVAILABLE}
2019-07-30 09:03:58,715 INFO  handler.ContextHandler (ContextHandler.java:doStart(781)) - Started o.e.j.w.WebAppContext@32b95de{/,file:///tmp/jetty-0.0.0.0-42467-hddsDatanode-_-any-2481587099739041003.dir/webapp/,AVAILABLE}{/hddsDatanode}
2019-07-30 09:03:58,717 INFO  server.AbstractConnector (AbstractConnector.java:doStart(278)) - Started ServerConnector@629cbb1{HTTP/1.1,[http/1.1]}{0.0.0.0:42467}
2019-07-30 09:03:58,717 INFO  server.Server (Server.java:doStart(419)) - Started @47506ms
2019-07-30 09:03:58,718 INFO  server.BaseHttpServer (BaseHttpServer.java:updateConnectorAddress(207)) - HTTP server of HDDSDATANODE is listening at http://0.0.0.0:42467
2019-07-30 09:03:58,822 INFO  ozone.HddsDatanodeService (HddsDatanodeService.java:startPlugins(395)) - Started plug-in org.apache.hadoop.ozone.web.OzoneHddsDatanodeService@6bf0f70a
2019-07-30 09:03:58,823 INFO  impl.MetricsSystemImpl (MetricsSystemImpl.java:init(158)) - HddsDatanode metrics system started (again)
2019-07-30 09:03:58,827 INFO  ozone.HddsDatanodeService (HddsDatanodeService.java:start(184)) - HddsDatanodeService host:byscane-nightly-jdzkf-783033596 ip:192.168.69.91
2019-07-30 09:03:58,827 INFO  util.JvmPauseMonitor (JvmPauseMonitor.java:run(188)) - Starting JVM pause monitor
2019-07-30 09:03:58,829 INFO  datanode.InitDatanodeState (InitDatanodeState.java:persistContainerDatanodeDetails(140)) - DatanodeDetails is persisted to /workdir/hadoop-ozone/integration-test/target/test-dir/MiniOzoneClusterImpl-c1e84c7d-2436-439f-bc56-acddb819a285/datanode-3/meta/datanode.id
2019-07-30 09:03:58,835 INFO  volume.HddsVolume (HddsVolume.java:<init>(176)) - Creating Volume: /workdir/hadoop-ozone/integration-test/target/test-dir/MiniOzoneClusterImpl-c1e84c7d-2436-439f-bc56-acddb819a285/datanode-4/data/containers/hdds of  storage type : DISK and capacity : 52710309888
2019-07-30 09:03:58,835 INFO  volume.VolumeSet (VolumeSet.java:initializeVolumeSet(170)) - Added Volume : /workdir/hadoop-ozone/integration-test/target/test-dir/MiniOzoneClusterImpl-c1e84c7d-2436-439f-bc56-acddb819a285/datanode-4/data/containers/hdds to VolumeSet
2019-07-30 09:03:58,835 INFO  volume.ThrottledAsyncChecker (ThrottledAsyncChecker.java:schedule(140)) - Scheduling a check for org.apache.hadoop.ozone.container.common.volume.HddsVolume@738a39cc
2019-07-30 09:03:58,836 INFO  volume.HddsVolumeChecker (HddsVolumeChecker.java:checkAllVolumes(203)) - Scheduled health check for volume org.apache.hadoop.ozone.container.common.volume.HddsVolume@738a39cc
2019-07-30 09:03:58,849 INFO  impl.RaftServerProxy (ConfUtils.java:logGet(43)) - raft.rpc.type = GRPC (default)
2019-07-30 09:03:58,850 INFO  grpc.GrpcFactory (GrpcFactory.java:checkPooledByteBufAllocatorUseCacheForAllThreads(45)) - PERFORMANCE WARNING: useCacheForAllThreads is true that may cause Netty to create a lot garbage objects and, as a result, trigger GC.
	It is recommended to disable useCacheForAllThreads by setting -Dorg.apache.ratis.thirdparty.io.netty.allocator.useCacheForAllThreads=false in command line.
2019-07-30 09:03:58,850 INFO  grpc.GrpcConfigKeys$Server (ConfUtils.java:logGet(43)) - raft.grpc.server.port = 0 (default)
2019-07-30 09:03:58,850 INFO  server.GrpcService (ConfUtils.java:logGet(43)) - raft.grpc.message.size.max = 33570816 (custom)
2019-07-30 09:03:58,850 INFO  server.RaftServerConfigKeys (ConfUtils.java:logGet(43)) - raft.server.log.appender.buffer.byte-limit = 33554432 (custom)
2019-07-30 09:03:58,850 INFO  server.GrpcService (ConfUtils.java:logGet(43)) - raft.grpc.flow.control.window = 1MB (=1048576) (default)
2019-07-30 09:03:58,851 INFO  server.RaftServerConfigKeys (ConfUtils.java:logGet(43)) - raft.server.rpc.request.timeout = 3000ms (default)
2019-07-30 09:03:58,851 INFO  server.RaftServerConfigKeys (ConfUtils.java:logGet(43)) - raft.server.storage.dir = [/workdir/hadoop-ozone/integration-test/target/test-dir/MiniOzoneClusterImpl-c1e84c7d-2436-439f-bc56-acddb819a285/datanode-4/data/ratis] (custom)
2019-07-30 09:03:58,851 INFO  replication.SimpleContainerDownloader (SimpleContainerDownloader.java:<init>(72)) - Starting container downloader service to copy containers to replicate.
2019-07-30 09:03:58,852 INFO  hdfs.DFSUtil (DFSUtil.java:httpServerTemplateForNNAndJN(1641)) - Starting Web-server for hddsDatanode at: http://0.0.0.0:0
2019-07-30 09:03:58,854 INFO  server.AuthenticationFilter (AuthenticationFilter.java:constructSecretProvider(240)) - Unable to initialize FileSignerSecretProvider, falling back to use random secrets.
2019-07-30 09:03:58,854 WARN  http.HttpRequestLog (HttpRequestLog.java:getRequestLog(97)) - Jetty request log can only be enabled using Log4j
2019-07-30 09:03:58,855 INFO  http.HttpServer2 (HttpServer2.java:addGlobalFilter(975)) - Added global filter 'safety' (class=org.apache.hadoop.http.HttpServer2$QuotingInputFilter)
2019-07-30 09:03:58,856 INFO  http.HttpServer2 (HttpServer2.java:addFilter(948)) - Added filter static_user_filter (class=org.apache.hadoop.http.lib.StaticUserWebFilter$StaticUserFilter) to context hddsDatanode
2019-07-30 09:03:58,856 INFO  http.HttpServer2 (HttpServer2.java:addFilter(958)) - Added filter static_user_filter (class=org.apache.hadoop.http.lib.StaticUserWebFilter$StaticUserFilter) to context static
2019-07-30 09:03:58,856 INFO  http.HttpServer2 (HttpServer2.java:addFilter(958)) - Added filter static_user_filter (class=org.apache.hadoop.http.lib.StaticUserWebFilter$StaticUserFilter) to context logs
2019-07-30 09:03:58,857 INFO  http.HttpServer2 (HttpServer2.java:bindListener(1191)) - Jetty bound to port 38033
2019-07-30 09:03:58,857 INFO  server.Server (Server.java:doStart(351)) - jetty-9.3.24.v20180605, build timestamp: 2018-06-05T17:11:56Z, git hash: 84205aa28f11a4f31f2a3b86d1bba2cc8ab69827
2019-07-30 09:03:58,859 INFO  handler.ContextHandler (ContextHandler.java:doStart(781)) - Started o.e.j.s.ServletContextHandler@cf08c97{/logs,file:///workdir/hadoop-ozone/integration-test/target/log,AVAILABLE}
2019-07-30 09:03:58,859 INFO  handler.ContextHandler (ContextHandler.java:doStart(781)) - Started o.e.j.s.ServletContextHandler@ca2be53{/static,jar:file:/home/user/.m2/repository/org/apache/hadoop/hadoop-hdds-container-service/0.4.1-SNAPSHOT/hadoop-hdds-container-service-0.4.1-SNAPSHOT.jar!/webapps/static,AVAILABLE}
2019-07-30 09:03:58,886 INFO  handler.ContextHandler (ContextHandler.java:doStart(781)) - Started o.e.j.w.WebAppContext@7c3c3d67{/,file:///tmp/jetty-0.0.0.0-38033-hddsDatanode-_-any-6816965416817006630.dir/webapp/,AVAILABLE}{/hddsDatanode}
2019-07-30 09:03:58,887 INFO  server.AbstractConnector (AbstractConnector.java:doStart(278)) - Started ServerConnector@1e258d3b{HTTP/1.1,[http/1.1]}{0.0.0.0:38033}
2019-07-30 09:03:58,888 INFO  server.Server (Server.java:doStart(419)) - Started @47676ms
2019-07-30 09:03:58,889 INFO  server.BaseHttpServer (BaseHttpServer.java:updateConnectorAddress(207)) - HTTP server of HDDSDATANODE is listening at http://0.0.0.0:38033
2019-07-30 09:03:59,111 INFO  ozone.HddsDatanodeService (HddsDatanodeService.java:startPlugins(395)) - Started plug-in org.apache.hadoop.ozone.web.OzoneHddsDatanodeService@4e10a320
2019-07-30 09:03:59,111 INFO  impl.MetricsSystemImpl (MetricsSystemImpl.java:init(158)) - HddsDatanode metrics system started (again)
2019-07-30 09:03:59,116 INFO  util.JvmPauseMonitor (JvmPauseMonitor.java:run(188)) - Starting JVM pause monitor
2019-07-30 09:03:59,117 INFO  ozone.HddsDatanodeService (HddsDatanodeService.java:start(184)) - HddsDatanodeService host:byscane-nightly-jdzkf-783033596 ip:192.168.69.91
2019-07-30 09:03:59,119 INFO  datanode.InitDatanodeState (InitDatanodeState.java:persistContainerDatanodeDetails(140)) - DatanodeDetails is persisted to /workdir/hadoop-ozone/integration-test/target/test-dir/MiniOzoneClusterImpl-c1e84c7d-2436-439f-bc56-acddb819a285/datanode-4/meta/datanode.id
2019-07-30 09:03:59,125 INFO  volume.HddsVolume (HddsVolume.java:<init>(176)) - Creating Volume: /workdir/hadoop-ozone/integration-test/target/test-dir/MiniOzoneClusterImpl-c1e84c7d-2436-439f-bc56-acddb819a285/datanode-5/data/containers/hdds of  storage type : DISK and capacity : 52710309888
2019-07-30 09:03:59,126 INFO  volume.VolumeSet (VolumeSet.java:initializeVolumeSet(170)) - Added Volume : /workdir/hadoop-ozone/integration-test/target/test-dir/MiniOzoneClusterImpl-c1e84c7d-2436-439f-bc56-acddb819a285/datanode-5/data/containers/hdds to VolumeSet
2019-07-30 09:03:59,126 INFO  volume.ThrottledAsyncChecker (ThrottledAsyncChecker.java:schedule(140)) - Scheduling a check for org.apache.hadoop.ozone.container.common.volume.HddsVolume@1f6f0fe2
2019-07-30 09:03:59,127 INFO  volume.HddsVolumeChecker (HddsVolumeChecker.java:checkAllVolumes(203)) - Scheduled health check for volume org.apache.hadoop.ozone.container.common.volume.HddsVolume@1f6f0fe2
2019-07-30 09:03:59,141 INFO  impl.RaftServerProxy (ConfUtils.java:logGet(43)) - raft.rpc.type = GRPC (default)
2019-07-30 09:03:59,142 INFO  grpc.GrpcFactory (GrpcFactory.java:checkPooledByteBufAllocatorUseCacheForAllThreads(45)) - PERFORMANCE WARNING: useCacheForAllThreads is true that may cause Netty to create a lot garbage objects and, as a result, trigger GC.
	It is recommended to disable useCacheForAllThreads by setting -Dorg.apache.ratis.thirdparty.io.netty.allocator.useCacheForAllThreads=false in command line.
2019-07-30 09:03:59,142 INFO  grpc.GrpcConfigKeys$Server (ConfUtils.java:logGet(43)) - raft.grpc.server.port = 0 (default)
2019-07-30 09:03:59,142 INFO  server.GrpcService (ConfUtils.java:logGet(43)) - raft.grpc.message.size.max = 33570816 (custom)
2019-07-30 09:03:59,142 INFO  server.RaftServerConfigKeys (ConfUtils.java:logGet(43)) - raft.server.log.appender.buffer.byte-limit = 33554432 (custom)
2019-07-30 09:03:59,143 INFO  server.GrpcService (ConfUtils.java:logGet(43)) - raft.grpc.flow.control.window = 1MB (=1048576) (default)
2019-07-30 09:03:59,143 INFO  server.RaftServerConfigKeys (ConfUtils.java:logGet(43)) - raft.server.rpc.request.timeout = 3000ms (default)
2019-07-30 09:03:59,143 INFO  server.RaftServerConfigKeys (ConfUtils.java:logGet(43)) - raft.server.storage.dir = [/workdir/hadoop-ozone/integration-test/target/test-dir/MiniOzoneClusterImpl-c1e84c7d-2436-439f-bc56-acddb819a285/datanode-5/data/ratis] (custom)
2019-07-30 09:03:59,144 INFO  replication.SimpleContainerDownloader (SimpleContainerDownloader.java:<init>(72)) - Starting container downloader service to copy containers to replicate.
2019-07-30 09:03:59,145 INFO  hdfs.DFSUtil (DFSUtil.java:httpServerTemplateForNNAndJN(1641)) - Starting Web-server for hddsDatanode at: http://0.0.0.0:0
2019-07-30 09:03:59,148 INFO  server.AuthenticationFilter (AuthenticationFilter.java:constructSecretProvider(240)) - Unable to initialize FileSignerSecretProvider, falling back to use random secrets.
2019-07-30 09:03:59,148 WARN  http.HttpRequestLog (HttpRequestLog.java:getRequestLog(97)) - Jetty request log can only be enabled using Log4j
2019-07-30 09:03:59,150 INFO  http.HttpServer2 (HttpServer2.java:addGlobalFilter(975)) - Added global filter 'safety' (class=org.apache.hadoop.http.HttpServer2$QuotingInputFilter)
2019-07-30 09:03:59,151 INFO  http.HttpServer2 (HttpServer2.java:addFilter(948)) - Added filter static_user_filter (class=org.apache.hadoop.http.lib.StaticUserWebFilter$StaticUserFilter) to context hddsDatanode
2019-07-30 09:03:59,151 INFO  http.HttpServer2 (HttpServer2.java:addFilter(958)) - Added filter static_user_filter (class=org.apache.hadoop.http.lib.StaticUserWebFilter$StaticUserFilter) to context static
2019-07-30 09:03:59,151 INFO  http.HttpServer2 (HttpServer2.java:addFilter(958)) - Added filter static_user_filter (class=org.apache.hadoop.http.lib.StaticUserWebFilter$StaticUserFilter) to context logs
2019-07-30 09:03:59,152 INFO  http.HttpServer2 (HttpServer2.java:bindListener(1191)) - Jetty bound to port 40896
2019-07-30 09:03:59,153 INFO  server.Server (Server.java:doStart(351)) - jetty-9.3.24.v20180605, build timestamp: 2018-06-05T17:11:56Z, git hash: 84205aa28f11a4f31f2a3b86d1bba2cc8ab69827
2019-07-30 09:03:59,155 INFO  handler.ContextHandler (ContextHandler.java:doStart(781)) - Started o.e.j.s.ServletContextHandler@38ebc866{/logs,file:///workdir/hadoop-ozone/integration-test/target/log,AVAILABLE}
2019-07-30 09:03:59,156 INFO  handler.ContextHandler (ContextHandler.java:doStart(781)) - Started o.e.j.s.ServletContextHandler@7962a746{/static,jar:file:/home/user/.m2/repository/org/apache/hadoop/hadoop-hdds-container-service/0.4.1-SNAPSHOT/hadoop-hdds-container-service-0.4.1-SNAPSHOT.jar!/webapps/static,AVAILABLE}
2019-07-30 09:03:59,196 INFO  handler.ContextHandler (ContextHandler.java:doStart(781)) - Started o.e.j.w.WebAppContext@3f122cdc{/,file:///tmp/jetty-0.0.0.0-40896-hddsDatanode-_-any-703135718620098022.dir/webapp/,AVAILABLE}{/hddsDatanode}
2019-07-30 09:03:59,197 INFO  server.AbstractConnector (AbstractConnector.java:doStart(278)) - Started ServerConnector@5bf523e3{HTTP/1.1,[http/1.1]}{0.0.0.0:40896}
2019-07-30 09:03:59,198 INFO  server.Server (Server.java:doStart(419)) - Started @47987ms
2019-07-30 09:03:59,199 INFO  server.BaseHttpServer (BaseHttpServer.java:updateConnectorAddress(207)) - HTTP server of HDDSDATANODE is listening at http://0.0.0.0:40896
2019-07-30 09:03:59,312 INFO  ozone.HddsDatanodeService (HddsDatanodeService.java:startPlugins(395)) - Started plug-in org.apache.hadoop.ozone.web.OzoneHddsDatanodeService@eebc0db
2019-07-30 09:03:59,313 INFO  impl.MetricsSystemImpl (MetricsSystemImpl.java:init(158)) - HddsDatanode metrics system started (again)
2019-07-30 09:03:59,319 INFO  ozone.HddsDatanodeService (HddsDatanodeService.java:start(184)) - HddsDatanodeService host:byscane-nightly-jdzkf-783033596 ip:192.168.69.91
2019-07-30 09:03:59,319 INFO  util.JvmPauseMonitor (JvmPauseMonitor.java:run(188)) - Starting JVM pause monitor
2019-07-30 09:03:59,321 INFO  datanode.InitDatanodeState (InitDatanodeState.java:persistContainerDatanodeDetails(140)) - DatanodeDetails is persisted to /workdir/hadoop-ozone/integration-test/target/test-dir/MiniOzoneClusterImpl-c1e84c7d-2436-439f-bc56-acddb819a285/datanode-5/meta/datanode.id
2019-07-30 09:03:59,327 INFO  volume.HddsVolume (HddsVolume.java:<init>(176)) - Creating Volume: /workdir/hadoop-ozone/integration-test/target/test-dir/MiniOzoneClusterImpl-c1e84c7d-2436-439f-bc56-acddb819a285/datanode-6/data/containers/hdds of  storage type : DISK and capacity : 52710309888
2019-07-30 09:03:59,328 INFO  volume.VolumeSet (VolumeSet.java:initializeVolumeSet(170)) - Added Volume : /workdir/hadoop-ozone/integration-test/target/test-dir/MiniOzoneClusterImpl-c1e84c7d-2436-439f-bc56-acddb819a285/datanode-6/data/containers/hdds to VolumeSet
2019-07-30 09:03:59,328 INFO  volume.ThrottledAsyncChecker (ThrottledAsyncChecker.java:schedule(140)) - Scheduling a check for org.apache.hadoop.ozone.container.common.volume.HddsVolume@7538cfe6
2019-07-30 09:03:59,328 INFO  volume.HddsVolumeChecker (HddsVolumeChecker.java:checkAllVolumes(203)) - Scheduled health check for volume org.apache.hadoop.ozone.container.common.volume.HddsVolume@7538cfe6
2019-07-30 09:03:59,342 INFO  impl.RaftServerProxy (ConfUtils.java:logGet(43)) - raft.rpc.type = GRPC (default)
2019-07-30 09:03:59,343 INFO  grpc.GrpcFactory (GrpcFactory.java:checkPooledByteBufAllocatorUseCacheForAllThreads(45)) - PERFORMANCE WARNING: useCacheForAllThreads is true that may cause Netty to create a lot garbage objects and, as a result, trigger GC.
	It is recommended to disable useCacheForAllThreads by setting -Dorg.apache.ratis.thirdparty.io.netty.allocator.useCacheForAllThreads=false in command line.
2019-07-30 09:03:59,343 INFO  grpc.GrpcConfigKeys$Server (ConfUtils.java:logGet(43)) - raft.grpc.server.port = 0 (default)
2019-07-30 09:03:59,343 INFO  server.GrpcService (ConfUtils.java:logGet(43)) - raft.grpc.message.size.max = 33570816 (custom)
2019-07-30 09:03:59,343 INFO  server.RaftServerConfigKeys (ConfUtils.java:logGet(43)) - raft.server.log.appender.buffer.byte-limit = 33554432 (custom)
2019-07-30 09:03:59,343 INFO  server.GrpcService (ConfUtils.java:logGet(43)) - raft.grpc.flow.control.window = 1MB (=1048576) (default)
2019-07-30 09:03:59,344 INFO  server.RaftServerConfigKeys (ConfUtils.java:logGet(43)) - raft.server.rpc.request.timeout = 3000ms (default)
2019-07-30 09:03:59,344 INFO  server.RaftServerConfigKeys (ConfUtils.java:logGet(43)) - raft.server.storage.dir = [/workdir/hadoop-ozone/integration-test/target/test-dir/MiniOzoneClusterImpl-c1e84c7d-2436-439f-bc56-acddb819a285/datanode-6/data/ratis] (custom)
2019-07-30 09:03:59,345 INFO  replication.SimpleContainerDownloader (SimpleContainerDownloader.java:<init>(72)) - Starting container downloader service to copy containers to replicate.
2019-07-30 09:03:59,346 INFO  hdfs.DFSUtil (DFSUtil.java:httpServerTemplateForNNAndJN(1641)) - Starting Web-server for hddsDatanode at: http://0.0.0.0:0
2019-07-30 09:03:59,348 INFO  server.AuthenticationFilter (AuthenticationFilter.java:constructSecretProvider(240)) - Unable to initialize FileSignerSecretProvider, falling back to use random secrets.
2019-07-30 09:03:59,349 WARN  http.HttpRequestLog (HttpRequestLog.java:getRequestLog(97)) - Jetty request log can only be enabled using Log4j
2019-07-30 09:03:59,351 INFO  http.HttpServer2 (HttpServer2.java:addGlobalFilter(975)) - Added global filter 'safety' (class=org.apache.hadoop.http.HttpServer2$QuotingInputFilter)
2019-07-30 09:03:59,351 INFO  http.HttpServer2 (HttpServer2.java:addFilter(948)) - Added filter static_user_filter (class=org.apache.hadoop.http.lib.StaticUserWebFilter$StaticUserFilter) to context hddsDatanode
2019-07-30 09:03:59,352 INFO  http.HttpServer2 (HttpServer2.java:addFilter(958)) - Added filter static_user_filter (class=org.apache.hadoop.http.lib.StaticUserWebFilter$StaticUserFilter) to context static
2019-07-30 09:03:59,352 INFO  http.HttpServer2 (HttpServer2.java:addFilter(958)) - Added filter static_user_filter (class=org.apache.hadoop.http.lib.StaticUserWebFilter$StaticUserFilter) to context logs
2019-07-30 09:03:59,353 INFO  http.HttpServer2 (HttpServer2.java:bindListener(1191)) - Jetty bound to port 34310
2019-07-30 09:03:59,353 INFO  server.Server (Server.java:doStart(351)) - jetty-9.3.24.v20180605, build timestamp: 2018-06-05T17:11:56Z, git hash: 84205aa28f11a4f31f2a3b86d1bba2cc8ab69827
2019-07-30 09:03:59,355 INFO  handler.ContextHandler (ContextHandler.java:doStart(781)) - Started o.e.j.s.ServletContextHandler@2548fc01{/logs,file:///workdir/hadoop-ozone/integration-test/target/log,AVAILABLE}
2019-07-30 09:03:59,356 INFO  handler.ContextHandler (ContextHandler.java:doStart(781)) - Started o.e.j.s.ServletContextHandler@5cd71ee2{/static,jar:file:/home/user/.m2/repository/org/apache/hadoop/hadoop-hdds-container-service/0.4.1-SNAPSHOT/hadoop-hdds-container-service-0.4.1-SNAPSHOT.jar!/webapps/static,AVAILABLE}
2019-07-30 09:03:59,396 INFO  handler.ContextHandler (ContextHandler.java:doStart(781)) - Started o.e.j.w.WebAppContext@13aa54f1{/,file:///tmp/jetty-0.0.0.0-34310-hddsDatanode-_-any-5329439592127413901.dir/webapp/,AVAILABLE}{/hddsDatanode}
2019-07-30 09:03:59,396 INFO  server.AbstractConnector (AbstractConnector.java:doStart(278)) - Started ServerConnector@26d7cb0d{HTTP/1.1,[http/1.1]}{0.0.0.0:34310}
2019-07-30 09:03:59,398 INFO  server.Server (Server.java:doStart(419)) - Started @48186ms
2019-07-30 09:03:59,399 INFO  server.BaseHttpServer (BaseHttpServer.java:updateConnectorAddress(207)) - HTTP server of HDDSDATANODE is listening at http://0.0.0.0:34310
2019-07-30 09:03:59,511 INFO  ozone.HddsDatanodeService (HddsDatanodeService.java:startPlugins(395)) - Started plug-in org.apache.hadoop.ozone.web.OzoneHddsDatanodeService@3c4ad54
2019-07-30 09:03:59,512 INFO  ozone.MiniOzoneClusterImpl (MiniOzoneClusterImpl.java:lambda$waitForClusterToBeReady$0(142)) - Waiting for cluster to be ready. Got 0 of 7 DN Heartbeats.
2019-07-30 09:03:59,515 INFO  util.JvmPauseMonitor (JvmPauseMonitor.java:run(188)) - Starting JVM pause monitor
2019-07-30 09:03:59,517 INFO  datanode.InitDatanodeState (InitDatanodeState.java:persistContainerDatanodeDetails(140)) - DatanodeDetails is persisted to /workdir/hadoop-ozone/integration-test/target/test-dir/MiniOzoneClusterImpl-c1e84c7d-2436-439f-bc56-acddb819a285/datanode-6/meta/datanode.id
2019-07-30 09:04:00,285 INFO  ozoneimpl.OzoneContainer (OzoneContainer.java:start(186)) - Attempting to start container services.
2019-07-30 09:04:00,288 INFO  ozoneimpl.OzoneContainer (OzoneContainer.java:startContainerScrub(160)) - Background container scrubber has been disabled by hdds.containerscrub.enabled
2019-07-30 09:04:00,288 INFO  ratis.XceiverServerRatis (XceiverServerRatis.java:start(404)) - Starting XceiverServerRatis 95c70023-2dfa-4c70-82e4-c73f1e2c601b at port 0
2019-07-30 09:04:00,295 INFO  impl.RaftServerProxy (RaftServerProxy.java:lambda$start$3(299)) - 95c70023-2dfa-4c70-82e4-c73f1e2c601b: start RPC server
2019-07-30 09:04:00,297 INFO  server.GrpcService (GrpcService.java:startImpl(149)) - 95c70023-2dfa-4c70-82e4-c73f1e2c601b: GrpcService started, listening on 0.0.0.0/0.0.0.0:38198
2019-07-30 09:04:00,297 INFO  ratis.XceiverServerRatis (XceiverServerRatis.java:start(414)) - XceiverServerRatis 95c70023-2dfa-4c70-82e4-c73f1e2c601b is started using port 38198
2019-07-30 09:04:00,298 INFO  server.XceiverServerGrpc (XceiverServerGrpc.java:start(161)) - XceiverServerGrpc 95c70023-2dfa-4c70-82e4-c73f1e2c601b is started using port 46697
2019-07-30 09:04:00,470 INFO  ozoneimpl.OzoneContainer (OzoneContainer.java:start(186)) - Attempting to start container services.
2019-07-30 09:04:00,477 INFO  ozoneimpl.OzoneContainer (OzoneContainer.java:startContainerScrub(160)) - Background container scrubber has been disabled by hdds.containerscrub.enabled
2019-07-30 09:04:00,478 INFO  ratis.XceiverServerRatis (XceiverServerRatis.java:start(404)) - Starting XceiverServerRatis 3ba974e7-c4ce-458d-9abc-0218b9f8d1ef at port 0
2019-07-30 09:04:00,485 INFO  impl.RaftServerProxy (RaftServerProxy.java:lambda$start$3(299)) - 3ba974e7-c4ce-458d-9abc-0218b9f8d1ef: start RPC server
2019-07-30 09:04:00,486 INFO  server.GrpcService (GrpcService.java:startImpl(149)) - 3ba974e7-c4ce-458d-9abc-0218b9f8d1ef: GrpcService started, listening on 0.0.0.0/0.0.0.0:39373
2019-07-30 09:04:00,486 INFO  ratis.XceiverServerRatis (XceiverServerRatis.java:start(414)) - XceiverServerRatis 3ba974e7-c4ce-458d-9abc-0218b9f8d1ef is started using port 39373
2019-07-30 09:04:00,487 INFO  server.XceiverServerGrpc (XceiverServerGrpc.java:start(161)) - XceiverServerGrpc 3ba974e7-c4ce-458d-9abc-0218b9f8d1ef is started using port 38103
2019-07-30 09:04:00,512 INFO  ozone.MiniOzoneClusterImpl (MiniOzoneClusterImpl.java:lambda$waitForClusterToBeReady$0(142)) - Waiting for cluster to be ready. Got 0 of 7 DN Heartbeats.
2019-07-30 09:04:00,672 INFO  ozoneimpl.OzoneContainer (OzoneContainer.java:start(186)) - Attempting to start container services.
2019-07-30 09:04:00,672 INFO  ozoneimpl.OzoneContainer (OzoneContainer.java:startContainerScrub(160)) - Background container scrubber has been disabled by hdds.containerscrub.enabled
2019-07-30 09:04:00,672 INFO  ratis.XceiverServerRatis (XceiverServerRatis.java:start(404)) - Starting XceiverServerRatis 14c4b397-7d20-4d72-b016-c8dae466110d at port 0
2019-07-30 09:04:00,680 INFO  impl.RaftServerProxy (RaftServerProxy.java:lambda$start$3(299)) - 14c4b397-7d20-4d72-b016-c8dae466110d: start RPC server
2019-07-30 09:04:00,689 INFO  server.GrpcService (GrpcService.java:startImpl(149)) - 14c4b397-7d20-4d72-b016-c8dae466110d: GrpcService started, listening on 0.0.0.0/0.0.0.0:39690
2019-07-30 09:04:00,689 INFO  ratis.XceiverServerRatis (XceiverServerRatis.java:start(414)) - XceiverServerRatis 14c4b397-7d20-4d72-b016-c8dae466110d is started using port 39690
2019-07-30 09:04:00,696 INFO  server.XceiverServerGrpc (XceiverServerGrpc.java:start(161)) - XceiverServerGrpc 14c4b397-7d20-4d72-b016-c8dae466110d is started using port 33785
2019-07-30 09:04:00,855 INFO  ozoneimpl.OzoneContainer (OzoneContainer.java:start(186)) - Attempting to start container services.
2019-07-30 09:04:00,855 INFO  ozoneimpl.OzoneContainer (OzoneContainer.java:startContainerScrub(160)) - Background container scrubber has been disabled by hdds.containerscrub.enabled
2019-07-30 09:04:00,856 INFO  ratis.XceiverServerRatis (XceiverServerRatis.java:start(404)) - Starting XceiverServerRatis d648d6ac-b5c0-4b07-8b62-deafe482d68a at port 0
2019-07-30 09:04:00,863 INFO  impl.RaftServerProxy (RaftServerProxy.java:lambda$start$3(299)) - d648d6ac-b5c0-4b07-8b62-deafe482d68a: start RPC server
2019-07-30 09:04:00,864 INFO  server.GrpcService (GrpcService.java:startImpl(149)) - d648d6ac-b5c0-4b07-8b62-deafe482d68a: GrpcService started, listening on 0.0.0.0/0.0.0.0:35830
2019-07-30 09:04:00,865 INFO  ratis.XceiverServerRatis (XceiverServerRatis.java:start(414)) - XceiverServerRatis d648d6ac-b5c0-4b07-8b62-deafe482d68a is started using port 35830
2019-07-30 09:04:00,865 INFO  server.XceiverServerGrpc (XceiverServerGrpc.java:start(161)) - XceiverServerGrpc d648d6ac-b5c0-4b07-8b62-deafe482d68a is started using port 34133
2019-07-30 09:04:01,131 INFO  ozoneimpl.OzoneContainer (OzoneContainer.java:start(186)) - Attempting to start container services.
2019-07-30 09:04:01,132 INFO  ozoneimpl.OzoneContainer (OzoneContainer.java:startContainerScrub(160)) - Background container scrubber has been disabled by hdds.containerscrub.enabled
2019-07-30 09:04:01,132 INFO  ratis.XceiverServerRatis (XceiverServerRatis.java:start(404)) - Starting XceiverServerRatis 6eea3a1f-eb3a-4e20-b12e-52024dca4daa at port 0
2019-07-30 09:04:01,139 INFO  impl.RaftServerProxy (RaftServerProxy.java:lambda$start$3(299)) - 6eea3a1f-eb3a-4e20-b12e-52024dca4daa: start RPC server
2019-07-30 09:04:01,140 INFO  server.GrpcService (GrpcService.java:startImpl(149)) - 6eea3a1f-eb3a-4e20-b12e-52024dca4daa: GrpcService started, listening on 0.0.0.0/0.0.0.0:40369
2019-07-30 09:04:01,140 INFO  ratis.XceiverServerRatis (XceiverServerRatis.java:start(414)) - XceiverServerRatis 6eea3a1f-eb3a-4e20-b12e-52024dca4daa is started using port 40369
2019-07-30 09:04:01,144 INFO  server.XceiverServerGrpc (XceiverServerGrpc.java:start(161)) - XceiverServerGrpc 6eea3a1f-eb3a-4e20-b12e-52024dca4daa is started using port 39136
2019-07-30 09:04:01,335 INFO  ozoneimpl.OzoneContainer (OzoneContainer.java:start(186)) - Attempting to start container services.
2019-07-30 09:04:01,335 INFO  ozoneimpl.OzoneContainer (OzoneContainer.java:startContainerScrub(160)) - Background container scrubber has been disabled by hdds.containerscrub.enabled
2019-07-30 09:04:01,335 INFO  ratis.XceiverServerRatis (XceiverServerRatis.java:start(404)) - Starting XceiverServerRatis 32cefd05-cbdf-4fca-a26b-c43476f7345a at port 0
2019-07-30 09:04:01,342 INFO  impl.RaftServerProxy (RaftServerProxy.java:lambda$start$3(299)) - 32cefd05-cbdf-4fca-a26b-c43476f7345a: start RPC server
2019-07-30 09:04:01,346 INFO  server.GrpcService (GrpcService.java:startImpl(149)) - 32cefd05-cbdf-4fca-a26b-c43476f7345a: GrpcService started, listening on 0.0.0.0/0.0.0.0:43216
2019-07-30 09:04:01,346 INFO  ratis.XceiverServerRatis (XceiverServerRatis.java:start(414)) - XceiverServerRatis 32cefd05-cbdf-4fca-a26b-c43476f7345a is started using port 43216
2019-07-30 09:04:01,349 INFO  server.XceiverServerGrpc (XceiverServerGrpc.java:start(161)) - XceiverServerGrpc 32cefd05-cbdf-4fca-a26b-c43476f7345a is started using port 44050
2019-07-30 09:04:01,513 INFO  ozone.MiniOzoneClusterImpl (MiniOzoneClusterImpl.java:lambda$waitForClusterToBeReady$0(142)) - Waiting for cluster to be ready. Got 0 of 7 DN Heartbeats.
2019-07-30 09:04:01,530 INFO  ozoneimpl.OzoneContainer (OzoneContainer.java:start(186)) - Attempting to start container services.
2019-07-30 09:04:01,531 INFO  ozoneimpl.OzoneContainer (OzoneContainer.java:startContainerScrub(160)) - Background container scrubber has been disabled by hdds.containerscrub.enabled
2019-07-30 09:04:01,531 INFO  ratis.XceiverServerRatis (XceiverServerRatis.java:start(404)) - Starting XceiverServerRatis 6896fffa-0c55-4680-930e-477939663188 at port 0
2019-07-30 09:04:01,538 INFO  impl.RaftServerProxy (RaftServerProxy.java:lambda$start$3(299)) - 6896fffa-0c55-4680-930e-477939663188: start RPC server
2019-07-30 09:04:01,539 INFO  server.GrpcService (GrpcService.java:startImpl(149)) - 6896fffa-0c55-4680-930e-477939663188: GrpcService started, listening on 0.0.0.0/0.0.0.0:41586
2019-07-30 09:04:01,539 INFO  ratis.XceiverServerRatis (XceiverServerRatis.java:start(414)) - XceiverServerRatis 6896fffa-0c55-4680-930e-477939663188 is started using port 41586
2019-07-30 09:04:01,542 INFO  server.XceiverServerGrpc (XceiverServerGrpc.java:start(161)) - XceiverServerGrpc 6896fffa-0c55-4680-930e-477939663188 is started using port 37028
2019-07-30 09:04:02,275 INFO  net.NetworkTopology (NetworkTopologyImpl.java:add(110)) - Added a new node: /default-rack/95c70023-2dfa-4c70-82e4-c73f1e2c601b
2019-07-30 09:04:02,280 INFO  node.SCMNodeManager (SCMNodeManager.java:register(273)) - Registered Data node : 95c70023-2dfa-4c70-82e4-c73f1e2c601b{ip: 192.168.69.91, host: byscane-nightly-jdzkf-783033596, networkLocation: /default-rack, certSerialId: null}
2019-07-30 09:04:02,282 INFO  safemode.SCMSafeModeManager (DataNodeSafeModeRule.java:process(71)) - SCM in safe mode. 1 DataNodes registered, 1 required.
2019-07-30 09:04:02,284 INFO  safemode.SCMSafeModeManager (SCMSafeModeManager.java:validateSafeModeExitRules(177)) - ScmSafeModeManager, all rules are successfully validated
2019-07-30 09:04:02,285 INFO  safemode.SCMSafeModeManager (SCMSafeModeManager.java:exitSafeMode(193)) - SCM exiting safe mode.
2019-07-30 09:04:02,307 INFO  impl.RaftServerProxy (RaftServerProxy.java:addNew(89)) - 95c70023-2dfa-4c70-82e4-c73f1e2c601b: addNew group-2583EE3D9159:[95c70023-2dfa-4c70-82e4-c73f1e2c601b:192.168.69.91:38198] returns group-2583EE3D9159:java.util.concurrent.CompletableFuture@e5b9f11[Not completed]
2019-07-30 09:04:02,309 INFO  impl.RaftServerImpl (RaftServerImpl.java:<init>(93)) - 95c70023-2dfa-4c70-82e4-c73f1e2c601b: new RaftServerImpl for group-2583EE3D9159:[95c70023-2dfa-4c70-82e4-c73f1e2c601b:192.168.69.91:38198] with ContainerStateMachine:uninitialized
2019-07-30 09:04:02,310 INFO  server.RaftServerConfigKeys (ConfUtils.java:logGet(43)) - raft.server.rpc.timeout.min = 5s (custom)
2019-07-30 09:04:02,310 INFO  server.RaftServerConfigKeys (ConfUtils.java:logGet(43)) - raft.server.rpc.timeout.max = 5200ms (custom)
2019-07-30 09:04:02,310 INFO  server.RaftServerConfigKeys (ConfUtils.java:logGet(43)) - raft.server.rpcslowness.timeout = 120s (custom)
2019-07-30 09:04:02,310 INFO  server.RaftServerConfigKeys (ConfUtils.java:logGet(43)) - raft.server.sleep.deviation.threshold = 300 (default)
2019-07-30 09:04:02,310 INFO  server.RaftServerConfigKeys (ConfUtils.java:logGet(43)) - raft.server.log.appender.install.snapshot.enabled = false (custom)
2019-07-30 09:04:02,311 INFO  impl.RaftServerImpl (ServerState.java:<init>(105)) - 95c70023-2dfa-4c70-82e4-c73f1e2c601b:group-2583EE3D9159 ConfigurationManager, init=-1: [95c70023-2dfa-4c70-82e4-c73f1e2c601b:192.168.69.91:38198], old=null, confs=<EMPTY_MAP>
2019-07-30 09:04:02,311 INFO  server.RaftServerConfigKeys (ConfUtils.java:logGet(43)) - raft.server.storage.dir = [/workdir/hadoop-ozone/integration-test/target/test-dir/MiniOzoneClusterImpl-c1e84c7d-2436-439f-bc56-acddb819a285/datanode-0/data/ratis] (custom)
2019-07-30 09:04:02,312 INFO  storage.RaftStorageDirectory (RaftStorageDirectory.java:analyzeStorage(246)) - The storage directory /workdir/hadoop-ozone/integration-test/target/test-dir/MiniOzoneClusterImpl-c1e84c7d-2436-439f-bc56-acddb819a285/datanode-0/data/ratis/319f46fa-e23a-4546-917e-2583ee3d9159 does not exist. Creating ...
2019-07-30 09:04:02,325 INFO  storage.RaftStorageDirectory (RaftStorageDirectory.java:tryLock(328)) - Lock on /workdir/hadoop-ozone/integration-test/target/test-dir/MiniOzoneClusterImpl-c1e84c7d-2436-439f-bc56-acddb819a285/datanode-0/data/ratis/319f46fa-e23a-4546-917e-2583ee3d9159/in_use.lock acquired by nodename 12846@byscane-nightly-jdzkf-783033596
2019-07-30 09:04:02,328 INFO  storage.RaftStorage (RaftStorage.java:format(72)) - Storage directory /workdir/hadoop-ozone/integration-test/target/test-dir/MiniOzoneClusterImpl-c1e84c7d-2436-439f-bc56-acddb819a285/datanode-0/data/ratis/319f46fa-e23a-4546-917e-2583ee3d9159 has been successfully formatted.
2019-07-30 09:04:02,329 INFO  ratis.ContainerStateMachine (ContainerStateMachine.java:loadSnapshot(213)) - group-2583EE3D9159: The snapshot info is null. Setting the last applied indexto:(t:0, i:~)
2019-07-30 09:04:02,329 INFO  server.RaftServerConfigKeys (ConfUtils.java:logGet(43)) - raft.server.leader.election.timeout = 120s (custom)
2019-07-30 09:04:02,329 INFO  server.RaftServerConfigKeys (ConfUtils.java:logGet(43)) - raft.server.log.use.memory = false (default)
2019-07-30 09:04:02,330 INFO  server.RaftServerConfigKeys (ConfUtils.java:logGet(43)) - raft.server.log.purge.gap = 1000000000 (custom)
2019-07-30 09:04:02,330 INFO  server.RaftServerConfigKeys (ConfUtils.java:logGet(43)) - raft.server.log.appender.buffer.byte-limit = 33554432 (custom)
2019-07-30 09:04:02,330 INFO  server.RaftServerConfigKeys (ConfUtils.java:logGet(43)) - raft.server.log.segment.size.max = 1048576 (custom)
2019-07-30 09:04:02,330 INFO  server.RaftServerConfigKeys (ConfUtils.java:logGet(43)) - raft.server.log.segment.cache.num.max = 2 (custom)
2019-07-30 09:04:02,331 INFO  segmented.SegmentedRaftLogWorker (SegmentedRaftLogWorker.java:<init>(172)) - new 95c70023-2dfa-4c70-82e4-c73f1e2c601b-SegmentedRaftLogWorker:Storage Directory /workdir/hadoop-ozone/integration-test/target/test-dir/MiniOzoneClusterImpl-c1e84c7d-2436-439f-bc56-acddb819a285/datanode-0/data/ratis/319f46fa-e23a-4546-917e-2583ee3d9159 for RaftStorage:Storage Directory /workdir/hadoop-ozone/integration-test/target/test-dir/MiniOzoneClusterImpl-c1e84c7d-2436-439f-bc56-acddb819a285/datanode-0/data/ratis/319f46fa-e23a-4546-917e-2583ee3d9159
2019-07-30 09:04:02,331 INFO  server.RaftServerConfigKeys (ConfUtils.java:logGet(43)) - raft.server.log.queue.byte-limit = 2147483647 (custom)
2019-07-30 09:04:02,331 INFO  server.RaftServerConfigKeys (ConfUtils.java:logGet(43)) - raft.server.log.queue.element-limit = 1024 (custom)
2019-07-30 09:04:02,332 INFO  server.RaftServerConfigKeys (ConfUtils.java:logGet(43)) - raft.server.log.segment.size.max = 1048576 (custom)
2019-07-30 09:04:02,332 INFO  server.RaftServerConfigKeys (ConfUtils.java:logGet(43)) - raft.server.log.preallocated.size = 16384 (custom)
2019-07-30 09:04:02,332 INFO  server.RaftServerConfigKeys (ConfUtils.java:logGet(43)) - raft.server.log.write.buffer.size = 33554432 (custom)
2019-07-30 09:04:02,332 INFO  server.RaftServerConfigKeys (ConfUtils.java:logGet(43)) - raft.server.log.force.sync.num = 128 (default)
2019-07-30 09:04:02,333 INFO  server.RaftServerConfigKeys (ConfUtils.java:logGet(43)) - raft.server.log.statemachine.data.sync = true (default)
2019-07-30 09:04:02,333 INFO  server.RaftServerConfigKeys (ConfUtils.java:logGet(43)) - raft.server.log.statemachine.data.sync.timeout = 10s (default)
2019-07-30 09:04:02,333 INFO  server.RaftServerConfigKeys (ConfUtils.java:logGet(43)) - raft.server.log.statemachine.data.sync.timeout.retry = -1 (default)
2019-07-30 09:04:02,334 INFO  server.RaftServerConfigKeys (ConfUtils.java:logGet(43)) - raft.server.log.statemachine.data.caching.enabled = true (custom)
2019-07-30 09:04:02,334 INFO  segmented.SegmentedRaftLogWorker (SegmentedRaftLogWorker.java:lambda$new$0(132)) - 95c70023-2dfa-4c70-82e4-c73f1e2c601b-SegmentedRaftLogWorker:Storage Directory /workdir/hadoop-ozone/integration-test/target/test-dir/MiniOzoneClusterImpl-c1e84c7d-2436-439f-bc56-acddb819a285/datanode-0/data/ratis/319f46fa-e23a-4546-917e-2583ee3d9159: flushIndex: setUnconditionally 0 -> -1
2019-07-30 09:04:02,335 INFO  server.RaftServerConfigKeys (ConfUtils.java:logGet(43)) - raft.server.snapshot.auto.trigger.enabled = true (custom)
2019-07-30 09:04:02,335 INFO  server.RaftServerConfigKeys (ConfUtils.java:logGet(43)) - raft.server.snapshot.auto.trigger.threshold = 10000 (custom)
2019-07-30 09:04:02,335 INFO  server.RaftServerConfigKeys (ConfUtils.java:logGet(43)) - raft.server.retrycache.expirytime = 600000ms (custom)
2019-07-30 09:04:02,335 INFO  impl.RaftServerImpl (RaftServerImpl.java:start(180)) - 95c70023-2dfa-4c70-82e4-c73f1e2c601b: start group-2583EE3D9159
2019-07-30 09:04:02,336 INFO  impl.RaftServerImpl (RaftServerImpl.java:setRole(171)) - 95c70023-2dfa-4c70-82e4-c73f1e2c601b:group-2583EE3D9159 changes role from null to FOLLOWER at term 0 for startAsFollower
2019-07-30 09:04:02,336 INFO  impl.RoleInfo (RoleInfo.java:updateAndGet(143)) - 95c70023-2dfa-4c70-82e4-c73f1e2c601b: start FollowerState
2019-07-30 09:04:02,338 INFO  util.JmxRegister (JmxRegister.java:tryRegister(44)) - Successfully registered JMX Bean with object name Ratis:service=RaftServer,group=group-2583EE3D9159,id=95c70023-2dfa-4c70-82e4-c73f1e2c601b
2019-07-30 09:04:02,343 INFO  pipeline.PipelineStateManager (PipelineStateManager.java:addPipeline(56)) - Created pipeline Pipeline[ Id: 319f46fa-e23a-4546-917e-2583ee3d9159, Nodes: 95c70023-2dfa-4c70-82e4-c73f1e2c601b{ip: 192.168.69.91, host: byscane-nightly-jdzkf-783033596, networkLocation: /default-rack, certSerialId: null}, Type:RATIS, Factor:ONE, State:OPEN]
2019-07-30 09:04:02,457 INFO  net.NetworkTopology (NetworkTopologyImpl.java:add(110)) - Added a new node: /default-rack/3ba974e7-c4ce-458d-9abc-0218b9f8d1ef
2019-07-30 09:04:02,458 INFO  node.SCMNodeManager (SCMNodeManager.java:register(273)) - Registered Data node : 3ba974e7-c4ce-458d-9abc-0218b9f8d1ef{ip: 192.168.69.91, host: byscane-nightly-jdzkf-783033596, networkLocation: /default-rack, certSerialId: null}
2019-07-30 09:04:02,468 INFO  impl.RaftServerProxy (RaftServerProxy.java:addNew(89)) - 3ba974e7-c4ce-458d-9abc-0218b9f8d1ef: addNew group-F6D96A591C0B:[3ba974e7-c4ce-458d-9abc-0218b9f8d1ef:192.168.69.91:39373] returns group-F6D96A591C0B:java.util.concurrent.CompletableFuture@7ad8ede7[Not completed]
2019-07-30 09:04:02,472 INFO  impl.RaftServerImpl (RaftServerImpl.java:<init>(93)) - 3ba974e7-c4ce-458d-9abc-0218b9f8d1ef: new RaftServerImpl for group-F6D96A591C0B:[3ba974e7-c4ce-458d-9abc-0218b9f8d1ef:192.168.69.91:39373] with ContainerStateMachine:uninitialized
2019-07-30 09:04:02,473 INFO  server.RaftServerConfigKeys (ConfUtils.java:logGet(43)) - raft.server.rpc.timeout.min = 5s (custom)
2019-07-30 09:04:02,473 INFO  server.RaftServerConfigKeys (ConfUtils.java:logGet(43)) - raft.server.rpc.timeout.max = 5200ms (custom)
2019-07-30 09:04:02,473 INFO  server.RaftServerConfigKeys (ConfUtils.java:logGet(43)) - raft.server.rpcslowness.timeout = 120s (custom)
2019-07-30 09:04:02,473 INFO  server.RaftServerConfigKeys (ConfUtils.java:logGet(43)) - raft.server.sleep.deviation.threshold = 300 (default)
2019-07-30 09:04:02,473 INFO  server.RaftServerConfigKeys (ConfUtils.java:logGet(43)) - raft.server.log.appender.install.snapshot.enabled = false (custom)
2019-07-30 09:04:02,473 INFO  impl.RaftServerImpl (ServerState.java:<init>(105)) - 3ba974e7-c4ce-458d-9abc-0218b9f8d1ef:group-F6D96A591C0B ConfigurationManager, init=-1: [3ba974e7-c4ce-458d-9abc-0218b9f8d1ef:192.168.69.91:39373], old=null, confs=<EMPTY_MAP>
2019-07-30 09:04:02,474 INFO  server.RaftServerConfigKeys (ConfUtils.java:logGet(43)) - raft.server.storage.dir = [/workdir/hadoop-ozone/integration-test/target/test-dir/MiniOzoneClusterImpl-c1e84c7d-2436-439f-bc56-acddb819a285/datanode-1/data/ratis] (custom)
2019-07-30 09:04:02,474 INFO  storage.RaftStorageDirectory (RaftStorageDirectory.java:analyzeStorage(246)) - The storage directory /workdir/hadoop-ozone/integration-test/target/test-dir/MiniOzoneClusterImpl-c1e84c7d-2436-439f-bc56-acddb819a285/datanode-1/data/ratis/cac647c0-cf03-48dc-8e5f-f6d96a591c0b does not exist. Creating ...
2019-07-30 09:04:02,486 INFO  storage.RaftStorageDirectory (RaftStorageDirectory.java:tryLock(328)) - Lock on /workdir/hadoop-ozone/integration-test/target/test-dir/MiniOzoneClusterImpl-c1e84c7d-2436-439f-bc56-acddb819a285/datanode-1/data/ratis/cac647c0-cf03-48dc-8e5f-f6d96a591c0b/in_use.lock acquired by nodename 12846@byscane-nightly-jdzkf-783033596
2019-07-30 09:04:02,489 INFO  storage.RaftStorage (RaftStorage.java:format(72)) - Storage directory /workdir/hadoop-ozone/integration-test/target/test-dir/MiniOzoneClusterImpl-c1e84c7d-2436-439f-bc56-acddb819a285/datanode-1/data/ratis/cac647c0-cf03-48dc-8e5f-f6d96a591c0b has been successfully formatted.
2019-07-30 09:04:02,489 INFO  ratis.ContainerStateMachine (ContainerStateMachine.java:loadSnapshot(213)) - group-F6D96A591C0B: The snapshot info is null. Setting the last applied indexto:(t:0, i:~)
2019-07-30 09:04:02,489 INFO  server.RaftServerConfigKeys (ConfUtils.java:logGet(43)) - raft.server.leader.election.timeout = 120s (custom)
2019-07-30 09:04:02,490 INFO  server.RaftServerConfigKeys (ConfUtils.java:logGet(43)) - raft.server.log.use.memory = false (default)
2019-07-30 09:04:02,490 INFO  server.RaftServerConfigKeys (ConfUtils.java:logGet(43)) - raft.server.log.purge.gap = 1000000000 (custom)
2019-07-30 09:04:02,490 INFO  server.RaftServerConfigKeys (ConfUtils.java:logGet(43)) - raft.server.log.appender.buffer.byte-limit = 33554432 (custom)
2019-07-30 09:04:02,490 INFO  server.RaftServerConfigKeys (ConfUtils.java:logGet(43)) - raft.server.log.segment.size.max = 1048576 (custom)
2019-07-30 09:04:02,490 INFO  server.RaftServerConfigKeys (ConfUtils.java:logGet(43)) - raft.server.log.segment.cache.num.max = 2 (custom)
2019-07-30 09:04:02,491 INFO  segmented.SegmentedRaftLogWorker (SegmentedRaftLogWorker.java:<init>(172)) - new 3ba974e7-c4ce-458d-9abc-0218b9f8d1ef-SegmentedRaftLogWorker:Storage Directory /workdir/hadoop-ozone/integration-test/target/test-dir/MiniOzoneClusterImpl-c1e84c7d-2436-439f-bc56-acddb819a285/datanode-1/data/ratis/cac647c0-cf03-48dc-8e5f-f6d96a591c0b for RaftStorage:Storage Directory /workdir/hadoop-ozone/integration-test/target/test-dir/MiniOzoneClusterImpl-c1e84c7d-2436-439f-bc56-acddb819a285/datanode-1/data/ratis/cac647c0-cf03-48dc-8e5f-f6d96a591c0b
2019-07-30 09:04:02,491 INFO  server.RaftServerConfigKeys (ConfUtils.java:logGet(43)) - raft.server.log.queue.byte-limit = 2147483647 (custom)
2019-07-30 09:04:02,491 INFO  server.RaftServerConfigKeys (ConfUtils.java:logGet(43)) - raft.server.log.queue.element-limit = 1024 (custom)
2019-07-30 09:04:02,491 INFO  server.RaftServerConfigKeys (ConfUtils.java:logGet(43)) - raft.server.log.segment.size.max = 1048576 (custom)
2019-07-30 09:04:02,492 INFO  server.RaftServerConfigKeys (ConfUtils.java:logGet(43)) - raft.server.log.preallocated.size = 16384 (custom)
2019-07-30 09:04:02,492 INFO  server.RaftServerConfigKeys (ConfUtils.java:logGet(43)) - raft.server.log.write.buffer.size = 33554432 (custom)
2019-07-30 09:04:02,492 INFO  server.RaftServerConfigKeys (ConfUtils.java:logGet(43)) - raft.server.log.force.sync.num = 128 (default)
2019-07-30 09:04:02,492 INFO  server.RaftServerConfigKeys (ConfUtils.java:logGet(43)) - raft.server.log.statemachine.data.sync = true (default)
2019-07-30 09:04:02,492 INFO  server.RaftServerConfigKeys (ConfUtils.java:logGet(43)) - raft.server.log.statemachine.data.sync.timeout = 10s (default)
2019-07-30 09:04:02,492 INFO  server.RaftServerConfigKeys (ConfUtils.java:logGet(43)) - raft.server.log.statemachine.data.sync.timeout.retry = -1 (default)
2019-07-30 09:04:02,493 INFO  server.RaftServerConfigKeys (ConfUtils.java:logGet(43)) - raft.server.log.statemachine.data.caching.enabled = true (custom)
2019-07-30 09:04:02,493 INFO  segmented.SegmentedRaftLogWorker (SegmentedRaftLogWorker.java:lambda$new$0(132)) - 3ba974e7-c4ce-458d-9abc-0218b9f8d1ef-SegmentedRaftLogWorker:Storage Directory /workdir/hadoop-ozone/integration-test/target/test-dir/MiniOzoneClusterImpl-c1e84c7d-2436-439f-bc56-acddb819a285/datanode-1/data/ratis/cac647c0-cf03-48dc-8e5f-f6d96a591c0b: flushIndex: setUnconditionally 0 -> -1
2019-07-30 09:04:02,494 INFO  server.RaftServerConfigKeys (ConfUtils.java:logGet(43)) - raft.server.snapshot.auto.trigger.enabled = true (custom)
2019-07-30 09:04:02,494 INFO  server.RaftServerConfigKeys (ConfUtils.java:logGet(43)) - raft.server.snapshot.auto.trigger.threshold = 10000 (custom)
2019-07-30 09:04:02,494 INFO  server.RaftServerConfigKeys (ConfUtils.java:logGet(43)) - raft.server.retrycache.expirytime = 600000ms (custom)
2019-07-30 09:04:02,494 INFO  impl.RaftServerImpl (RaftServerImpl.java:start(180)) - 3ba974e7-c4ce-458d-9abc-0218b9f8d1ef: start group-F6D96A591C0B
2019-07-30 09:04:02,495 INFO  impl.RaftServerImpl (RaftServerImpl.java:setRole(171)) - 3ba974e7-c4ce-458d-9abc-0218b9f8d1ef:group-F6D96A591C0B changes role from null to FOLLOWER at term 0 for startAsFollower
2019-07-30 09:04:02,495 INFO  impl.RoleInfo (RoleInfo.java:updateAndGet(143)) - 3ba974e7-c4ce-458d-9abc-0218b9f8d1ef: start FollowerState
2019-07-30 09:04:02,495 INFO  util.JmxRegister (JmxRegister.java:tryRegister(44)) - Successfully registered JMX Bean with object name Ratis:service=RaftServer,group=group-F6D96A591C0B,id=3ba974e7-c4ce-458d-9abc-0218b9f8d1ef
2019-07-30 09:04:02,498 INFO  pipeline.PipelineStateManager (PipelineStateManager.java:addPipeline(56)) - Created pipeline Pipeline[ Id: cac647c0-cf03-48dc-8e5f-f6d96a591c0b, Nodes: 3ba974e7-c4ce-458d-9abc-0218b9f8d1ef{ip: 192.168.69.91, host: byscane-nightly-jdzkf-783033596, networkLocation: /default-rack, certSerialId: null}, Type:RATIS, Factor:ONE, State:OPEN]
2019-07-30 09:04:02,518 INFO  ozone.MiniOzoneClusterImpl (MiniOzoneClusterImpl.java:lambda$waitForClusterToBeReady$0(142)) - Waiting for cluster to be ready. Got 2 of 7 DN Heartbeats.
2019-07-30 09:04:02,657 INFO  net.NetworkTopology (NetworkTopologyImpl.java:add(110)) - Added a new node: /default-rack/14c4b397-7d20-4d72-b016-c8dae466110d
2019-07-30 09:04:02,657 INFO  node.SCMNodeManager (SCMNodeManager.java:register(273)) - Registered Data node : 14c4b397-7d20-4d72-b016-c8dae466110d{ip: 192.168.69.91, host: byscane-nightly-jdzkf-783033596, networkLocation: /default-rack, certSerialId: null}
2019-07-30 09:04:02,671 INFO  impl.RaftServerProxy (RaftServerProxy.java:addNew(89)) - 14c4b397-7d20-4d72-b016-c8dae466110d: addNew group-6715ADCF5D91:[14c4b397-7d20-4d72-b016-c8dae466110d:192.168.69.91:39690] returns group-6715ADCF5D91:java.util.concurrent.CompletableFuture@6cd93772[Not completed]
2019-07-30 09:04:02,678 INFO  impl.RaftServerImpl (RaftServerImpl.java:<init>(93)) - 14c4b397-7d20-4d72-b016-c8dae466110d: new RaftServerImpl for group-6715ADCF5D91:[14c4b397-7d20-4d72-b016-c8dae466110d:192.168.69.91:39690] with ContainerStateMachine:uninitialized
2019-07-30 09:04:02,679 INFO  server.RaftServerConfigKeys (ConfUtils.java:logGet(43)) - raft.server.rpc.timeout.min = 5s (custom)
2019-07-30 09:04:02,679 INFO  server.RaftServerConfigKeys (ConfUtils.java:logGet(43)) - raft.server.rpc.timeout.max = 5200ms (custom)
2019-07-30 09:04:02,679 INFO  server.RaftServerConfigKeys (ConfUtils.java:logGet(43)) - raft.server.rpcslowness.timeout = 120s (custom)
2019-07-30 09:04:02,679 INFO  server.RaftServerConfigKeys (ConfUtils.java:logGet(43)) - raft.server.sleep.deviation.threshold = 300 (default)
2019-07-30 09:04:02,679 INFO  server.RaftServerConfigKeys (ConfUtils.java:logGet(43)) - raft.server.log.appender.install.snapshot.enabled = false (custom)
2019-07-30 09:04:02,679 INFO  impl.RaftServerImpl (ServerState.java:<init>(105)) - 14c4b397-7d20-4d72-b016-c8dae466110d:group-6715ADCF5D91 ConfigurationManager, init=-1: [14c4b397-7d20-4d72-b016-c8dae466110d:192.168.69.91:39690], old=null, confs=<EMPTY_MAP>
2019-07-30 09:04:02,680 INFO  server.RaftServerConfigKeys (ConfUtils.java:logGet(43)) - raft.server.storage.dir = [/workdir/hadoop-ozone/integration-test/target/test-dir/MiniOzoneClusterImpl-c1e84c7d-2436-439f-bc56-acddb819a285/datanode-2/data/ratis] (custom)
2019-07-30 09:04:02,680 INFO  storage.RaftStorageDirectory (RaftStorageDirectory.java:analyzeStorage(246)) - The storage directory /workdir/hadoop-ozone/integration-test/target/test-dir/MiniOzoneClusterImpl-c1e84c7d-2436-439f-bc56-acddb819a285/datanode-2/data/ratis/7854d145-c3f7-4b3b-91aa-6715adcf5d91 does not exist. Creating ...
2019-07-30 09:04:02,702 INFO  storage.RaftStorageDirectory (RaftStorageDirectory.java:tryLock(328)) - Lock on /workdir/hadoop-ozone/integration-test/target/test-dir/MiniOzoneClusterImpl-c1e84c7d-2436-439f-bc56-acddb819a285/datanode-2/data/ratis/7854d145-c3f7-4b3b-91aa-6715adcf5d91/in_use.lock acquired by nodename 12846@byscane-nightly-jdzkf-783033596
2019-07-30 09:04:02,715 INFO  storage.RaftStorage (RaftStorage.java:format(72)) - Storage directory /workdir/hadoop-ozone/integration-test/target/test-dir/MiniOzoneClusterImpl-c1e84c7d-2436-439f-bc56-acddb819a285/datanode-2/data/ratis/7854d145-c3f7-4b3b-91aa-6715adcf5d91 has been successfully formatted.
2019-07-30 09:04:02,715 INFO  ratis.ContainerStateMachine (ContainerStateMachine.java:loadSnapshot(213)) - group-6715ADCF5D91: The snapshot info is null. Setting the last applied indexto:(t:0, i:~)
2019-07-30 09:04:02,716 INFO  server.RaftServerConfigKeys (ConfUtils.java:logGet(43)) - raft.server.leader.election.timeout = 120s (custom)
2019-07-30 09:04:02,716 INFO  server.RaftServerConfigKeys (ConfUtils.java:logGet(43)) - raft.server.log.use.memory = false (default)
2019-07-30 09:04:02,716 INFO  server.RaftServerConfigKeys (ConfUtils.java:logGet(43)) - raft.server.log.purge.gap = 1000000000 (custom)
2019-07-30 09:04:02,716 INFO  server.RaftServerConfigKeys (ConfUtils.java:logGet(43)) - raft.server.log.appender.buffer.byte-limit = 33554432 (custom)
2019-07-30 09:04:02,716 INFO  server.RaftServerConfigKeys (ConfUtils.java:logGet(43)) - raft.server.log.segment.size.max = 1048576 (custom)
2019-07-30 09:04:02,716 INFO  server.RaftServerConfigKeys (ConfUtils.java:logGet(43)) - raft.server.log.segment.cache.num.max = 2 (custom)
2019-07-30 09:04:02,717 INFO  segmented.SegmentedRaftLogWorker (SegmentedRaftLogWorker.java:<init>(172)) - new 14c4b397-7d20-4d72-b016-c8dae466110d-SegmentedRaftLogWorker:Storage Directory /workdir/hadoop-ozone/integration-test/target/test-dir/MiniOzoneClusterImpl-c1e84c7d-2436-439f-bc56-acddb819a285/datanode-2/data/ratis/7854d145-c3f7-4b3b-91aa-6715adcf5d91 for RaftStorage:Storage Directory /workdir/hadoop-ozone/integration-test/target/test-dir/MiniOzoneClusterImpl-c1e84c7d-2436-439f-bc56-acddb819a285/datanode-2/data/ratis/7854d145-c3f7-4b3b-91aa-6715adcf5d91
2019-07-30 09:04:02,717 INFO  server.RaftServerConfigKeys (ConfUtils.java:logGet(43)) - raft.server.log.queue.byte-limit = 2147483647 (custom)
2019-07-30 09:04:02,717 INFO  server.RaftServerConfigKeys (ConfUtils.java:logGet(43)) - raft.server.log.queue.element-limit = 1024 (custom)
2019-07-30 09:04:02,717 INFO  server.RaftServerConfigKeys (ConfUtils.java:logGet(43)) - raft.server.log.segment.size.max = 1048576 (custom)
2019-07-30 09:04:02,718 INFO  server.RaftServerConfigKeys (ConfUtils.java:logGet(43)) - raft.server.log.preallocated.size = 16384 (custom)
2019-07-30 09:04:02,718 INFO  server.RaftServerConfigKeys (ConfUtils.java:logGet(43)) - raft.server.log.write.buffer.size = 33554432 (custom)
2019-07-30 09:04:02,718 INFO  server.RaftServerConfigKeys (ConfUtils.java:logGet(43)) - raft.server.log.force.sync.num = 128 (default)
2019-07-30 09:04:02,718 INFO  server.RaftServerConfigKeys (ConfUtils.java:logGet(43)) - raft.server.log.statemachine.data.sync = true (default)
2019-07-30 09:04:02,718 INFO  server.RaftServerConfigKeys (ConfUtils.java:logGet(43)) - raft.server.log.statemachine.data.sync.timeout = 10s (default)
2019-07-30 09:04:02,718 INFO  server.RaftServerConfigKeys (ConfUtils.java:logGet(43)) - raft.server.log.statemachine.data.sync.timeout.retry = -1 (default)
2019-07-30 09:04:02,719 INFO  server.RaftServerConfigKeys (ConfUtils.java:logGet(43)) - raft.server.log.statemachine.data.caching.enabled = true (custom)
2019-07-30 09:04:02,719 INFO  segmented.SegmentedRaftLogWorker (SegmentedRaftLogWorker.java:lambda$new$0(132)) - 14c4b397-7d20-4d72-b016-c8dae466110d-SegmentedRaftLogWorker:Storage Directory /workdir/hadoop-ozone/integration-test/target/test-dir/MiniOzoneClusterImpl-c1e84c7d-2436-439f-bc56-acddb819a285/datanode-2/data/ratis/7854d145-c3f7-4b3b-91aa-6715adcf5d91: flushIndex: setUnconditionally 0 -> -1
2019-07-30 09:04:02,720 INFO  server.RaftServerConfigKeys (ConfUtils.java:logGet(43)) - raft.server.snapshot.auto.trigger.enabled = true (custom)
2019-07-30 09:04:02,720 INFO  server.RaftServerConfigKeys (ConfUtils.java:logGet(43)) - raft.server.snapshot.auto.trigger.threshold = 10000 (custom)
2019-07-30 09:04:02,720 INFO  server.RaftServerConfigKeys (ConfUtils.java:logGet(43)) - raft.server.retrycache.expirytime = 600000ms (custom)
2019-07-30 09:04:02,720 INFO  impl.RaftServerImpl (RaftServerImpl.java:start(180)) - 14c4b397-7d20-4d72-b016-c8dae466110d: start group-6715ADCF5D91
2019-07-30 09:04:02,721 INFO  impl.RaftServerImpl (RaftServerImpl.java:setRole(171)) - 14c4b397-7d20-4d72-b016-c8dae466110d:group-6715ADCF5D91 changes role from null to FOLLOWER at term 0 for startAsFollower
2019-07-30 09:04:02,721 INFO  impl.RoleInfo (RoleInfo.java:updateAndGet(143)) - 14c4b397-7d20-4d72-b016-c8dae466110d: start FollowerState
2019-07-30 09:04:02,721 INFO  util.JmxRegister (JmxRegister.java:tryRegister(44)) - Successfully registered JMX Bean with object name Ratis:service=RaftServer,group=group-6715ADCF5D91,id=14c4b397-7d20-4d72-b016-c8dae466110d
2019-07-30 09:04:02,725 INFO  pipeline.PipelineStateManager (PipelineStateManager.java:addPipeline(56)) - Created pipeline Pipeline[ Id: 7854d145-c3f7-4b3b-91aa-6715adcf5d91, Nodes: 14c4b397-7d20-4d72-b016-c8dae466110d{ip: 192.168.69.91, host: byscane-nightly-jdzkf-783033596, networkLocation: /default-rack, certSerialId: null}, Type:RATIS, Factor:ONE, State:OPEN]
2019-07-30 09:04:02,752 INFO  impl.RaftServerProxy (RaftServerProxy.java:addNew(89)) - 3ba974e7-c4ce-458d-9abc-0218b9f8d1ef: addNew group-929E7FCCEF46:[14c4b397-7d20-4d72-b016-c8dae466110d:192.168.69.91:39690, 95c70023-2dfa-4c70-82e4-c73f1e2c601b:192.168.69.91:38198, 3ba974e7-c4ce-458d-9abc-0218b9f8d1ef:192.168.69.91:39373] returns group-929E7FCCEF46:java.util.concurrent.CompletableFuture@265b88fb[Not completed]
2019-07-30 09:04:02,752 INFO  impl.RaftServerProxy (RaftServerProxy.java:addNew(89)) - 14c4b397-7d20-4d72-b016-c8dae466110d: addNew group-929E7FCCEF46:[14c4b397-7d20-4d72-b016-c8dae466110d:192.168.69.91:39690, 95c70023-2dfa-4c70-82e4-c73f1e2c601b:192.168.69.91:38198, 3ba974e7-c4ce-458d-9abc-0218b9f8d1ef:192.168.69.91:39373] returns group-929E7FCCEF46:java.util.concurrent.CompletableFuture@332d58dd[Not completed]
2019-07-30 09:04:02,752 INFO  impl.RaftServerProxy (RaftServerProxy.java:addNew(89)) - 95c70023-2dfa-4c70-82e4-c73f1e2c601b: addNew group-929E7FCCEF46:[14c4b397-7d20-4d72-b016-c8dae466110d:192.168.69.91:39690, 95c70023-2dfa-4c70-82e4-c73f1e2c601b:192.168.69.91:38198, 3ba974e7-c4ce-458d-9abc-0218b9f8d1ef:192.168.69.91:39373] returns group-929E7FCCEF46:java.util.concurrent.CompletableFuture@54d9f8f8[Not completed]
2019-07-30 09:04:02,754 INFO  impl.RaftServerImpl (RaftServerImpl.java:<init>(93)) - 3ba974e7-c4ce-458d-9abc-0218b9f8d1ef: new RaftServerImpl for group-929E7FCCEF46:[14c4b397-7d20-4d72-b016-c8dae466110d:192.168.69.91:39690, 95c70023-2dfa-4c70-82e4-c73f1e2c601b:192.168.69.91:38198, 3ba974e7-c4ce-458d-9abc-0218b9f8d1ef:192.168.69.91:39373] with ContainerStateMachine:uninitialized
2019-07-30 09:04:02,754 INFO  server.RaftServerConfigKeys (ConfUtils.java:logGet(43)) - raft.server.rpc.timeout.min = 5s (custom)
2019-07-30 09:04:02,755 INFO  server.RaftServerConfigKeys (ConfUtils.java:logGet(43)) - raft.server.rpc.timeout.max = 5200ms (custom)
2019-07-30 09:04:02,755 INFO  server.RaftServerConfigKeys (ConfUtils.java:logGet(43)) - raft.server.rpcslowness.timeout = 120s (custom)
2019-07-30 09:04:02,755 INFO  server.RaftServerConfigKeys (ConfUtils.java:logGet(43)) - raft.server.sleep.deviation.threshold = 300 (default)
2019-07-30 09:04:02,755 INFO  impl.RaftServerImpl (RaftServerImpl.java:<init>(93)) - 95c70023-2dfa-4c70-82e4-c73f1e2c601b: new RaftServerImpl for group-929E7FCCEF46:[14c4b397-7d20-4d72-b016-c8dae466110d:192.168.69.91:39690, 95c70023-2dfa-4c70-82e4-c73f1e2c601b:192.168.69.91:38198, 3ba974e7-c4ce-458d-9abc-0218b9f8d1ef:192.168.69.91:39373] with ContainerStateMachine:uninitialized
2019-07-30 09:04:02,755 INFO  server.RaftServerConfigKeys (ConfUtils.java:logGet(43)) - raft.server.log.appender.install.snapshot.enabled = false (custom)
2019-07-30 09:04:02,755 INFO  server.RaftServerConfigKeys (ConfUtils.java:logGet(43)) - raft.server.rpc.timeout.min = 5s (custom)
2019-07-30 09:04:02,756 INFO  impl.RaftServerImpl (ServerState.java:<init>(105)) - 3ba974e7-c4ce-458d-9abc-0218b9f8d1ef:group-929E7FCCEF46 ConfigurationManager, init=-1: [14c4b397-7d20-4d72-b016-c8dae466110d:192.168.69.91:39690, 95c70023-2dfa-4c70-82e4-c73f1e2c601b:192.168.69.91:38198, 3ba974e7-c4ce-458d-9abc-0218b9f8d1ef:192.168.69.91:39373], old=null, confs=<EMPTY_MAP>
2019-07-30 09:04:02,756 INFO  server.RaftServerConfigKeys (ConfUtils.java:logGet(43)) - raft.server.rpc.timeout.max = 5200ms (custom)
2019-07-30 09:04:02,756 INFO  impl.RaftServerImpl (RaftServerImpl.java:<init>(93)) - 14c4b397-7d20-4d72-b016-c8dae466110d: new RaftServerImpl for group-929E7FCCEF46:[14c4b397-7d20-4d72-b016-c8dae466110d:192.168.69.91:39690, 95c70023-2dfa-4c70-82e4-c73f1e2c601b:192.168.69.91:38198, 3ba974e7-c4ce-458d-9abc-0218b9f8d1ef:192.168.69.91:39373] with ContainerStateMachine:uninitialized
2019-07-30 09:04:02,756 INFO  server.RaftServerConfigKeys (ConfUtils.java:logGet(43)) - raft.server.storage.dir = [/workdir/hadoop-ozone/integration-test/target/test-dir/MiniOzoneClusterImpl-c1e84c7d-2436-439f-bc56-acddb819a285/datanode-1/data/ratis] (custom)
2019-07-30 09:04:02,756 INFO  server.RaftServerConfigKeys (ConfUtils.java:logGet(43)) - raft.server.rpc.timeout.min = 5s (custom)
2019-07-30 09:04:02,756 INFO  server.RaftServerConfigKeys (ConfUtils.java:logGet(43)) - raft.server.rpcslowness.timeout = 120s (custom)
2019-07-30 09:04:02,756 INFO  server.RaftServerConfigKeys (ConfUtils.java:logGet(43)) - raft.server.rpc.timeout.max = 5200ms (custom)
2019-07-30 09:04:02,757 INFO  storage.RaftStorageDirectory (RaftStorageDirectory.java:analyzeStorage(246)) - The storage directory /workdir/hadoop-ozone/integration-test/target/test-dir/MiniOzoneClusterImpl-c1e84c7d-2436-439f-bc56-acddb819a285/datanode-1/data/ratis/602fd9e0-95f8-4715-8a09-929e7fccef46 does not exist. Creating ...
2019-07-30 09:04:02,757 INFO  server.RaftServerConfigKeys (ConfUtils.java:logGet(43)) - raft.server.sleep.deviation.threshold = 300 (default)
2019-07-30 09:04:02,757 INFO  server.RaftServerConfigKeys (ConfUtils.java:logGet(43)) - raft.server.rpcslowness.timeout = 120s (custom)
2019-07-30 09:04:02,757 INFO  server.RaftServerConfigKeys (ConfUtils.java:logGet(43)) - raft.server.log.appender.install.snapshot.enabled = false (custom)
2019-07-30 09:04:02,757 INFO  server.RaftServerConfigKeys (ConfUtils.java:logGet(43)) - raft.server.sleep.deviation.threshold = 300 (default)
2019-07-30 09:04:02,758 INFO  impl.RaftServerImpl (ServerState.java:<init>(105)) - 95c70023-2dfa-4c70-82e4-c73f1e2c601b:group-929E7FCCEF46 ConfigurationManager, init=-1: [14c4b397-7d20-4d72-b016-c8dae466110d:192.168.69.91:39690, 95c70023-2dfa-4c70-82e4-c73f1e2c601b:192.168.69.91:38198, 3ba974e7-c4ce-458d-9abc-0218b9f8d1ef:192.168.69.91:39373], old=null, confs=<EMPTY_MAP>
2019-07-30 09:04:02,758 INFO  server.RaftServerConfigKeys (ConfUtils.java:logGet(43)) - raft.server.log.appender.install.snapshot.enabled = false (custom)
2019-07-30 09:04:02,758 INFO  server.RaftServerConfigKeys (ConfUtils.java:logGet(43)) - raft.server.storage.dir = [/workdir/hadoop-ozone/integration-test/target/test-dir/MiniOzoneClusterImpl-c1e84c7d-2436-439f-bc56-acddb819a285/datanode-0/data/ratis] (custom)
2019-07-30 09:04:02,758 INFO  impl.RaftServerImpl (ServerState.java:<init>(105)) - 14c4b397-7d20-4d72-b016-c8dae466110d:group-929E7FCCEF46 ConfigurationManager, init=-1: [14c4b397-7d20-4d72-b016-c8dae466110d:192.168.69.91:39690, 95c70023-2dfa-4c70-82e4-c73f1e2c601b:192.168.69.91:38198, 3ba974e7-c4ce-458d-9abc-0218b9f8d1ef:192.168.69.91:39373], old=null, confs=<EMPTY_MAP>
2019-07-30 09:04:02,758 INFO  server.RaftServerConfigKeys (ConfUtils.java:logGet(43)) - raft.server.storage.dir = [/workdir/hadoop-ozone/integration-test/target/test-dir/MiniOzoneClusterImpl-c1e84c7d-2436-439f-bc56-acddb819a285/datanode-2/data/ratis] (custom)
2019-07-30 09:04:02,758 INFO  storage.RaftStorageDirectory (RaftStorageDirectory.java:analyzeStorage(246)) - The storage directory /workdir/hadoop-ozone/integration-test/target/test-dir/MiniOzoneClusterImpl-c1e84c7d-2436-439f-bc56-acddb819a285/datanode-0/data/ratis/602fd9e0-95f8-4715-8a09-929e7fccef46 does not exist. Creating ...
2019-07-30 09:04:02,759 INFO  storage.RaftStorageDirectory (RaftStorageDirectory.java:analyzeStorage(246)) - The storage directory /workdir/hadoop-ozone/integration-test/target/test-dir/MiniOzoneClusterImpl-c1e84c7d-2436-439f-bc56-acddb819a285/datanode-2/data/ratis/602fd9e0-95f8-4715-8a09-929e7fccef46 does not exist. Creating ...
2019-07-30 09:04:02,770 INFO  storage.RaftStorageDirectory (RaftStorageDirectory.java:tryLock(328)) - Lock on /workdir/hadoop-ozone/integration-test/target/test-dir/MiniOzoneClusterImpl-c1e84c7d-2436-439f-bc56-acddb819a285/datanode-1/data/ratis/602fd9e0-95f8-4715-8a09-929e7fccef46/in_use.lock acquired by nodename 12846@byscane-nightly-jdzkf-783033596
2019-07-30 09:04:02,770 INFO  storage.RaftStorageDirectory (RaftStorageDirectory.java:tryLock(328)) - Lock on /workdir/hadoop-ozone/integration-test/target/test-dir/MiniOzoneClusterImpl-c1e84c7d-2436-439f-bc56-acddb819a285/datanode-0/data/ratis/602fd9e0-95f8-4715-8a09-929e7fccef46/in_use.lock acquired by nodename 12846@byscane-nightly-jdzkf-783033596
2019-07-30 09:04:02,770 INFO  storage.RaftStorageDirectory (RaftStorageDirectory.java:tryLock(328)) - Lock on /workdir/hadoop-ozone/integration-test/target/test-dir/MiniOzoneClusterImpl-c1e84c7d-2436-439f-bc56-acddb819a285/datanode-2/data/ratis/602fd9e0-95f8-4715-8a09-929e7fccef46/in_use.lock acquired by nodename 12846@byscane-nightly-jdzkf-783033596
2019-07-30 09:04:02,784 INFO  storage.RaftStorage (RaftStorage.java:format(72)) - Storage directory /workdir/hadoop-ozone/integration-test/target/test-dir/MiniOzoneClusterImpl-c1e84c7d-2436-439f-bc56-acddb819a285/datanode-2/data/ratis/602fd9e0-95f8-4715-8a09-929e7fccef46 has been successfully formatted.
2019-07-30 09:04:02,784 INFO  storage.RaftStorage (RaftStorage.java:format(72)) - Storage directory /workdir/hadoop-ozone/integration-test/target/test-dir/MiniOzoneClusterImpl-c1e84c7d-2436-439f-bc56-acddb819a285/datanode-0/data/ratis/602fd9e0-95f8-4715-8a09-929e7fccef46 has been successfully formatted.
2019-07-30 09:04:02,784 INFO  storage.RaftStorage (RaftStorage.java:format(72)) - Storage directory /workdir/hadoop-ozone/integration-test/target/test-dir/MiniOzoneClusterImpl-c1e84c7d-2436-439f-bc56-acddb819a285/datanode-1/data/ratis/602fd9e0-95f8-4715-8a09-929e7fccef46 has been successfully formatted.
2019-07-30 09:04:02,785 INFO  ratis.ContainerStateMachine (ContainerStateMachine.java:loadSnapshot(213)) - group-929E7FCCEF46: The snapshot info is null. Setting the last applied indexto:(t:0, i:~)
2019-07-30 09:04:02,785 INFO  ratis.ContainerStateMachine (ContainerStateMachine.java:loadSnapshot(213)) - group-929E7FCCEF46: The snapshot info is null. Setting the last applied indexto:(t:0, i:~)
2019-07-30 09:04:02,785 INFO  server.RaftServerConfigKeys (ConfUtils.java:logGet(43)) - raft.server.leader.election.timeout = 120s (custom)
2019-07-30 09:04:02,785 INFO  ratis.ContainerStateMachine (ContainerStateMachine.java:loadSnapshot(213)) - group-929E7FCCEF46: The snapshot info is null. Setting the last applied indexto:(t:0, i:~)
2019-07-30 09:04:02,785 INFO  server.RaftServerConfigKeys (ConfUtils.java:logGet(43)) - raft.server.log.use.memory = false (default)
2019-07-30 09:04:02,785 INFO  server.RaftServerConfigKeys (ConfUtils.java:logGet(43)) - raft.server.leader.election.timeout = 120s (custom)
2019-07-30 09:04:02,786 INFO  server.RaftServerConfigKeys (ConfUtils.java:logGet(43)) - raft.server.log.purge.gap = 1000000000 (custom)
2019-07-30 09:04:02,786 INFO  server.RaftServerConfigKeys (ConfUtils.java:logGet(43)) - raft.server.leader.election.timeout = 120s (custom)
2019-07-30 09:04:02,786 INFO  server.RaftServerConfigKeys (ConfUtils.java:logGet(43)) - raft.server.log.appender.buffer.byte-limit = 33554432 (custom)
2019-07-30 09:04:02,786 INFO  server.RaftServerConfigKeys (ConfUtils.java:logGet(43)) - raft.server.log.use.memory = false (default)
2019-07-30 09:04:02,786 INFO  server.RaftServerConfigKeys (ConfUtils.java:logGet(43)) - raft.server.log.segment.size.max = 1048576 (custom)
2019-07-30 09:04:02,786 INFO  server.RaftServerConfigKeys (ConfUtils.java:logGet(43)) - raft.server.log.use.memory = false (default)
2019-07-30 09:04:02,787 INFO  server.RaftServerConfigKeys (ConfUtils.java:logGet(43)) - raft.server.log.segment.cache.num.max = 2 (custom)
2019-07-30 09:04:02,787 INFO  server.RaftServerConfigKeys (ConfUtils.java:logGet(43)) - raft.server.log.purge.gap = 1000000000 (custom)
2019-07-30 09:04:02,787 INFO  segmented.SegmentedRaftLogWorker (SegmentedRaftLogWorker.java:<init>(172)) - new 95c70023-2dfa-4c70-82e4-c73f1e2c601b-SegmentedRaftLogWorker:Storage Directory /workdir/hadoop-ozone/integration-test/target/test-dir/MiniOzoneClusterImpl-c1e84c7d-2436-439f-bc56-acddb819a285/datanode-0/data/ratis/602fd9e0-95f8-4715-8a09-929e7fccef46 for RaftStorage:Storage Directory /workdir/hadoop-ozone/integration-test/target/test-dir/MiniOzoneClusterImpl-c1e84c7d-2436-439f-bc56-acddb819a285/datanode-0/data/ratis/602fd9e0-95f8-4715-8a09-929e7fccef46
2019-07-30 09:04:02,787 INFO  server.RaftServerConfigKeys (ConfUtils.java:logGet(43)) - raft.server.log.purge.gap = 1000000000 (custom)
2019-07-30 09:04:02,787 INFO  server.RaftServerConfigKeys (ConfUtils.java:logGet(43)) - raft.server.log.queue.byte-limit = 2147483647 (custom)
2019-07-30 09:04:02,788 INFO  server.RaftServerConfigKeys (ConfUtils.java:logGet(43)) - raft.server.log.queue.element-limit = 1024 (custom)
2019-07-30 09:04:02,787 INFO  server.RaftServerConfigKeys (ConfUtils.java:logGet(43)) - raft.server.log.appender.buffer.byte-limit = 33554432 (custom)
2019-07-30 09:04:02,788 INFO  server.RaftServerConfigKeys (ConfUtils.java:logGet(43)) - raft.server.log.segment.size.max = 1048576 (custom)
2019-07-30 09:04:02,788 INFO  server.RaftServerConfigKeys (ConfUtils.java:logGet(43)) - raft.server.log.preallocated.size = 16384 (custom)
2019-07-30 09:04:02,788 INFO  server.RaftServerConfigKeys (ConfUtils.java:logGet(43)) - raft.server.log.appender.buffer.byte-limit = 33554432 (custom)
2019-07-30 09:04:02,789 INFO  server.RaftServerConfigKeys (ConfUtils.java:logGet(43)) - raft.server.log.write.buffer.size = 33554432 (custom)
2019-07-30 09:04:02,789 INFO  server.RaftServerConfigKeys (ConfUtils.java:logGet(43)) - raft.server.log.force.sync.num = 128 (default)
2019-07-30 09:04:02,788 INFO  server.RaftServerConfigKeys (ConfUtils.java:logGet(43)) - raft.server.log.segment.size.max = 1048576 (custom)
2019-07-30 09:04:02,789 INFO  server.RaftServerConfigKeys (ConfUtils.java:logGet(43)) - raft.server.log.statemachine.data.sync = true (default)
2019-07-30 09:04:02,789 INFO  server.RaftServerConfigKeys (ConfUtils.java:logGet(43)) - raft.server.log.segment.size.max = 1048576 (custom)
2019-07-30 09:04:02,789 INFO  server.RaftServerConfigKeys (ConfUtils.java:logGet(43)) - raft.server.log.statemachine.data.sync.timeout = 10s (default)
2019-07-30 09:04:02,789 INFO  server.RaftServerConfigKeys (ConfUtils.java:logGet(43)) - raft.server.log.segment.cache.num.max = 2 (custom)
2019-07-30 09:04:02,790 INFO  server.RaftServerConfigKeys (ConfUtils.java:logGet(43)) - raft.server.log.statemachine.data.sync.timeout.retry = -1 (default)
2019-07-30 09:04:02,790 INFO  server.RaftServerConfigKeys (ConfUtils.java:logGet(43)) - raft.server.log.segment.cache.num.max = 2 (custom)
2019-07-30 09:04:02,790 INFO  server.RaftServerConfigKeys (ConfUtils.java:logGet(43)) - raft.server.log.statemachine.data.caching.enabled = true (custom)
2019-07-30 09:04:02,790 INFO  segmented.SegmentedRaftLogWorker (SegmentedRaftLogWorker.java:<init>(172)) - new 14c4b397-7d20-4d72-b016-c8dae466110d-SegmentedRaftLogWorker:Storage Directory /workdir/hadoop-ozone/integration-test/target/test-dir/MiniOzoneClusterImpl-c1e84c7d-2436-439f-bc56-acddb819a285/datanode-2/data/ratis/602fd9e0-95f8-4715-8a09-929e7fccef46 for RaftStorage:Storage Directory /workdir/hadoop-ozone/integration-test/target/test-dir/MiniOzoneClusterImpl-c1e84c7d-2436-439f-bc56-acddb819a285/datanode-2/data/ratis/602fd9e0-95f8-4715-8a09-929e7fccef46
2019-07-30 09:04:02,790 INFO  segmented.SegmentedRaftLogWorker (SegmentedRaftLogWorker.java:<init>(172)) - new 3ba974e7-c4ce-458d-9abc-0218b9f8d1ef-SegmentedRaftLogWorker:Storage Directory /workdir/hadoop-ozone/integration-test/target/test-dir/MiniOzoneClusterImpl-c1e84c7d-2436-439f-bc56-acddb819a285/datanode-1/data/ratis/602fd9e0-95f8-4715-8a09-929e7fccef46 for RaftStorage:Storage Directory /workdir/hadoop-ozone/integration-test/target/test-dir/MiniOzoneClusterImpl-c1e84c7d-2436-439f-bc56-acddb819a285/datanode-1/data/ratis/602fd9e0-95f8-4715-8a09-929e7fccef46
2019-07-30 09:04:02,791 INFO  segmented.SegmentedRaftLogWorker (SegmentedRaftLogWorker.java:lambda$new$0(132)) - 95c70023-2dfa-4c70-82e4-c73f1e2c601b-SegmentedRaftLogWorker:Storage Directory /workdir/hadoop-ozone/integration-test/target/test-dir/MiniOzoneClusterImpl-c1e84c7d-2436-439f-bc56-acddb819a285/datanode-0/data/ratis/602fd9e0-95f8-4715-8a09-929e7fccef46: flushIndex: setUnconditionally 0 -> -1
2019-07-30 09:04:02,791 INFO  server.RaftServerConfigKeys (ConfUtils.java:logGet(43)) - raft.server.log.queue.byte-limit = 2147483647 (custom)
2019-07-30 09:04:02,791 INFO  server.RaftServerConfigKeys (ConfUtils.java:logGet(43)) - raft.server.log.queue.byte-limit = 2147483647 (custom)
2019-07-30 09:04:02,791 INFO  server.RaftServerConfigKeys (ConfUtils.java:logGet(43)) - raft.server.snapshot.auto.trigger.enabled = true (custom)
2019-07-30 09:04:02,791 INFO  server.RaftServerConfigKeys (ConfUtils.java:logGet(43)) - raft.server.log.queue.element-limit = 1024 (custom)
2019-07-30 09:04:02,792 INFO  server.RaftServerConfigKeys (ConfUtils.java:logGet(43)) - raft.server.snapshot.auto.trigger.threshold = 10000 (custom)
2019-07-30 09:04:02,791 INFO  server.RaftServerConfigKeys (ConfUtils.java:logGet(43)) - raft.server.log.queue.element-limit = 1024 (custom)
2019-07-30 09:04:02,792 INFO  server.RaftServerConfigKeys (ConfUtils.java:logGet(43)) - raft.server.retrycache.expirytime = 600000ms (custom)
2019-07-30 09:04:02,792 INFO  server.RaftServerConfigKeys (ConfUtils.java:logGet(43)) - raft.server.log.segment.size.max = 1048576 (custom)
2019-07-30 09:04:02,792 INFO  impl.RaftServerImpl (RaftServerImpl.java:start(180)) - 95c70023-2dfa-4c70-82e4-c73f1e2c601b: start group-929E7FCCEF46
2019-07-30 09:04:02,793 INFO  impl.RaftServerImpl (RaftServerImpl.java:setRole(171)) - 95c70023-2dfa-4c70-82e4-c73f1e2c601b:group-929E7FCCEF46 changes role from null to FOLLOWER at term 0 for startAsFollower
2019-07-30 09:04:02,792 INFO  server.RaftServerConfigKeys (ConfUtils.java:logGet(43)) - raft.server.log.segment.size.max = 1048576 (custom)
2019-07-30 09:04:02,793 INFO  impl.RoleInfo (RoleInfo.java:updateAndGet(143)) - 95c70023-2dfa-4c70-82e4-c73f1e2c601b: start FollowerState
2019-07-30 09:04:02,792 INFO  server.RaftServerConfigKeys (ConfUtils.java:logGet(43)) - raft.server.log.preallocated.size = 16384 (custom)
2019-07-30 09:04:02,793 INFO  server.RaftServerConfigKeys (ConfUtils.java:logGet(43)) - raft.server.log.preallocated.size = 16384 (custom)
2019-07-30 09:04:02,803 INFO  util.JmxRegister (JmxRegister.java:tryRegister(44)) - Successfully registered JMX Bean with object name Ratis:service=RaftServer,group=group-929E7FCCEF46,id=95c70023-2dfa-4c70-82e4-c73f1e2c601b
2019-07-30 09:04:02,793 INFO  server.RaftServerConfigKeys (ConfUtils.java:logGet(43)) - raft.server.log.write.buffer.size = 33554432 (custom)
2019-07-30 09:04:02,803 INFO  server.RaftServerConfigKeys (ConfUtils.java:logGet(43)) - raft.server.log.write.buffer.size = 33554432 (custom)
2019-07-30 09:04:02,804 INFO  server.RaftServerConfigKeys (ConfUtils.java:logGet(43)) - raft.server.log.force.sync.num = 128 (default)
2019-07-30 09:04:02,811 INFO  server.RaftServerConfigKeys (ConfUtils.java:logGet(43)) - raft.server.log.force.sync.num = 128 (default)
2019-07-30 09:04:02,811 INFO  server.RaftServerConfigKeys (ConfUtils.java:logGet(43)) - raft.server.log.statemachine.data.sync = true (default)
2019-07-30 09:04:02,811 INFO  server.RaftServerConfigKeys (ConfUtils.java:logGet(43)) - raft.server.log.statemachine.data.sync = true (default)
2019-07-30 09:04:02,812 INFO  server.RaftServerConfigKeys (ConfUtils.java:logGet(43)) - raft.server.log.statemachine.data.sync.timeout = 10s (default)
2019-07-30 09:04:02,812 INFO  server.RaftServerConfigKeys (ConfUtils.java:logGet(43)) - raft.server.log.statemachine.data.sync.timeout = 10s (default)
2019-07-30 09:04:02,812 INFO  server.RaftServerConfigKeys (ConfUtils.java:logGet(43)) - raft.server.log.statemachine.data.sync.timeout.retry = -1 (default)
2019-07-30 09:04:02,812 INFO  server.RaftServerConfigKeys (ConfUtils.java:logGet(43)) - raft.server.log.statemachine.data.sync.timeout.retry = -1 (default)
2019-07-30 09:04:02,812 INFO  server.RaftServerConfigKeys (ConfUtils.java:logGet(43)) - raft.server.log.statemachine.data.caching.enabled = true (custom)
2019-07-30 09:04:02,812 INFO  server.RaftServerConfigKeys (ConfUtils.java:logGet(43)) - raft.server.log.statemachine.data.caching.enabled = true (custom)
2019-07-30 09:04:02,813 INFO  segmented.SegmentedRaftLogWorker (SegmentedRaftLogWorker.java:lambda$new$0(132)) - 14c4b397-7d20-4d72-b016-c8dae466110d-SegmentedRaftLogWorker:Storage Directory /workdir/hadoop-ozone/integration-test/target/test-dir/MiniOzoneClusterImpl-c1e84c7d-2436-439f-bc56-acddb819a285/datanode-2/data/ratis/602fd9e0-95f8-4715-8a09-929e7fccef46: flushIndex: setUnconditionally 0 -> -1
2019-07-30 09:04:02,813 INFO  segmented.SegmentedRaftLogWorker (SegmentedRaftLogWorker.java:lambda$new$0(132)) - 3ba974e7-c4ce-458d-9abc-0218b9f8d1ef-SegmentedRaftLogWorker:Storage Directory /workdir/hadoop-ozone/integration-test/target/test-dir/MiniOzoneClusterImpl-c1e84c7d-2436-439f-bc56-acddb819a285/datanode-1/data/ratis/602fd9e0-95f8-4715-8a09-929e7fccef46: flushIndex: setUnconditionally 0 -> -1
2019-07-30 09:04:02,813 INFO  server.RaftServerConfigKeys (ConfUtils.java:logGet(43)) - raft.server.snapshot.auto.trigger.enabled = true (custom)
2019-07-30 09:04:02,813 INFO  server.RaftServerConfigKeys (ConfUtils.java:logGet(43)) - raft.server.snapshot.auto.trigger.enabled = true (custom)
2019-07-30 09:04:02,813 INFO  server.RaftServerConfigKeys (ConfUtils.java:logGet(43)) - raft.server.snapshot.auto.trigger.threshold = 10000 (custom)
2019-07-30 09:04:02,813 INFO  server.RaftServerConfigKeys (ConfUtils.java:logGet(43)) - raft.server.snapshot.auto.trigger.threshold = 10000 (custom)
2019-07-30 09:04:02,814 INFO  server.RaftServerConfigKeys (ConfUtils.java:logGet(43)) - raft.server.retrycache.expirytime = 600000ms (custom)
2019-07-30 09:04:02,814 INFO  server.RaftServerConfigKeys (ConfUtils.java:logGet(43)) - raft.server.retrycache.expirytime = 600000ms (custom)
2019-07-30 09:04:02,814 INFO  impl.RaftServerImpl (RaftServerImpl.java:start(180)) - 14c4b397-7d20-4d72-b016-c8dae466110d: start group-929E7FCCEF46
2019-07-30 09:04:02,814 INFO  impl.RaftServerImpl (RaftServerImpl.java:start(180)) - 3ba974e7-c4ce-458d-9abc-0218b9f8d1ef: start group-929E7FCCEF46
2019-07-30 09:04:02,814 INFO  impl.RaftServerImpl (RaftServerImpl.java:setRole(171)) - 14c4b397-7d20-4d72-b016-c8dae466110d:group-929E7FCCEF46 changes role from null to FOLLOWER at term 0 for startAsFollower
2019-07-30 09:04:02,814 INFO  impl.RaftServerImpl (RaftServerImpl.java:setRole(171)) - 3ba974e7-c4ce-458d-9abc-0218b9f8d1ef:group-929E7FCCEF46 changes role from null to FOLLOWER at term 0 for startAsFollower
2019-07-30 09:04:02,815 INFO  impl.RoleInfo (RoleInfo.java:updateAndGet(143)) - 3ba974e7-c4ce-458d-9abc-0218b9f8d1ef: start FollowerState
2019-07-30 09:04:02,815 INFO  impl.RoleInfo (RoleInfo.java:updateAndGet(143)) - 14c4b397-7d20-4d72-b016-c8dae466110d: start FollowerState
2019-07-30 09:04:02,815 INFO  util.JmxRegister (JmxRegister.java:tryRegister(44)) - Successfully registered JMX Bean with object name Ratis:service=RaftServer,group=group-929E7FCCEF46,id=3ba974e7-c4ce-458d-9abc-0218b9f8d1ef
2019-07-30 09:04:02,815 INFO  util.JmxRegister (JmxRegister.java:tryRegister(44)) - Successfully registered JMX Bean with object name Ratis:service=RaftServer,group=group-929E7FCCEF46,id=14c4b397-7d20-4d72-b016-c8dae466110d
2019-07-30 09:04:02,819 INFO  pipeline.PipelineStateManager (PipelineStateManager.java:addPipeline(56)) - Created pipeline Pipeline[ Id: 602fd9e0-95f8-4715-8a09-929e7fccef46, Nodes: 95c70023-2dfa-4c70-82e4-c73f1e2c601b{ip: 192.168.69.91, host: byscane-nightly-jdzkf-783033596, networkLocation: /default-rack, certSerialId: null}14c4b397-7d20-4d72-b016-c8dae466110d{ip: 192.168.69.91, host: byscane-nightly-jdzkf-783033596, networkLocation: /default-rack, certSerialId: null}3ba974e7-c4ce-458d-9abc-0218b9f8d1ef{ip: 192.168.69.91, host: byscane-nightly-jdzkf-783033596, networkLocation: /default-rack, certSerialId: null}, Type:RATIS, Factor:THREE, State:OPEN]
2019-07-30 09:04:02,829 INFO  net.NetworkTopology (NetworkTopologyImpl.java:add(110)) - Added a new node: /default-rack/d648d6ac-b5c0-4b07-8b62-deafe482d68a
2019-07-30 09:04:02,829 INFO  node.SCMNodeManager (SCMNodeManager.java:register(273)) - Registered Data node : d648d6ac-b5c0-4b07-8b62-deafe482d68a{ip: 192.168.69.91, host: byscane-nightly-jdzkf-783033596, networkLocation: /default-rack, certSerialId: null}
2019-07-30 09:04:02,838 INFO  impl.RaftServerProxy (RaftServerProxy.java:addNew(89)) - d648d6ac-b5c0-4b07-8b62-deafe482d68a: addNew group-E9AA51D5C679:[d648d6ac-b5c0-4b07-8b62-deafe482d68a:192.168.69.91:35830] returns group-E9AA51D5C679:java.util.concurrent.CompletableFuture@200059bb[Not completed]
2019-07-30 09:04:02,844 INFO  impl.RaftServerImpl (RaftServerImpl.java:<init>(93)) - d648d6ac-b5c0-4b07-8b62-deafe482d68a: new RaftServerImpl for group-E9AA51D5C679:[d648d6ac-b5c0-4b07-8b62-deafe482d68a:192.168.69.91:35830] with ContainerStateMachine:uninitialized
2019-07-30 09:04:02,844 INFO  server.RaftServerConfigKeys (ConfUtils.java:logGet(43)) - raft.server.rpc.timeout.min = 5s (custom)
2019-07-30 09:04:02,845 INFO  server.RaftServerConfigKeys (ConfUtils.java:logGet(43)) - raft.server.rpc.timeout.max = 5200ms (custom)
2019-07-30 09:04:02,845 INFO  server.RaftServerConfigKeys (ConfUtils.java:logGet(43)) - raft.server.rpcslowness.timeout = 120s (custom)
2019-07-30 09:04:02,845 INFO  server.RaftServerConfigKeys (ConfUtils.java:logGet(43)) - raft.server.sleep.deviation.threshold = 300 (default)
2019-07-30 09:04:02,845 INFO  server.RaftServerConfigKeys (ConfUtils.java:logGet(43)) - raft.server.log.appender.install.snapshot.enabled = false (custom)
2019-07-30 09:04:02,845 INFO  impl.RaftServerImpl (ServerState.java:<init>(105)) - d648d6ac-b5c0-4b07-8b62-deafe482d68a:group-E9AA51D5C679 ConfigurationManager, init=-1: [d648d6ac-b5c0-4b07-8b62-deafe482d68a:192.168.69.91:35830], old=null, confs=<EMPTY_MAP>
2019-07-30 09:04:02,845 INFO  server.RaftServerConfigKeys (ConfUtils.java:logGet(43)) - raft.server.storage.dir = [/workdir/hadoop-ozone/integration-test/target/test-dir/MiniOzoneClusterImpl-c1e84c7d-2436-439f-bc56-acddb819a285/datanode-3/data/ratis] (custom)
2019-07-30 09:04:02,846 INFO  storage.RaftStorageDirectory (RaftStorageDirectory.java:analyzeStorage(246)) - The storage directory /workdir/hadoop-ozone/integration-test/target/test-dir/MiniOzoneClusterImpl-c1e84c7d-2436-439f-bc56-acddb819a285/datanode-3/data/ratis/98eeb46d-c472-4dd8-a0f2-e9aa51d5c679 does not exist. Creating ...
2019-07-30 09:04:02,858 INFO  storage.RaftStorageDirectory (RaftStorageDirectory.java:tryLock(328)) - Lock on /workdir/hadoop-ozone/integration-test/target/test-dir/MiniOzoneClusterImpl-c1e84c7d-2436-439f-bc56-acddb819a285/datanode-3/data/ratis/98eeb46d-c472-4dd8-a0f2-e9aa51d5c679/in_use.lock acquired by nodename 12846@byscane-nightly-jdzkf-783033596
2019-07-30 09:04:02,871 INFO  storage.RaftStorage (RaftStorage.java:format(72)) - Storage directory /workdir/hadoop-ozone/integration-test/target/test-dir/MiniOzoneClusterImpl-c1e84c7d-2436-439f-bc56-acddb819a285/datanode-3/data/ratis/98eeb46d-c472-4dd8-a0f2-e9aa51d5c679 has been successfully formatted.
2019-07-30 09:04:02,871 INFO  ratis.ContainerStateMachine (ContainerStateMachine.java:loadSnapshot(213)) - group-E9AA51D5C679: The snapshot info is null. Setting the last applied indexto:(t:0, i:~)
2019-07-30 09:04:02,872 INFO  server.RaftServerConfigKeys (ConfUtils.java:logGet(43)) - raft.server.leader.election.timeout = 120s (custom)
2019-07-30 09:04:02,872 INFO  server.RaftServerConfigKeys (ConfUtils.java:logGet(43)) - raft.server.log.use.memory = false (default)
2019-07-30 09:04:02,872 INFO  server.RaftServerConfigKeys (ConfUtils.java:logGet(43)) - raft.server.log.purge.gap = 1000000000 (custom)
2019-07-30 09:04:02,872 INFO  server.RaftServerConfigKeys (ConfUtils.java:logGet(43)) - raft.server.log.appender.buffer.byte-limit = 33554432 (custom)
2019-07-30 09:04:02,872 INFO  server.RaftServerConfigKeys (ConfUtils.java:logGet(43)) - raft.server.log.segment.size.max = 1048576 (custom)
2019-07-30 09:04:02,872 INFO  server.RaftServerConfigKeys (ConfUtils.java:logGet(43)) - raft.server.log.segment.cache.num.max = 2 (custom)
2019-07-30 09:04:02,872 INFO  segmented.SegmentedRaftLogWorker (SegmentedRaftLogWorker.java:<init>(172)) - new d648d6ac-b5c0-4b07-8b62-deafe482d68a-SegmentedRaftLogWorker:Storage Directory /workdir/hadoop-ozone/integration-test/target/test-dir/MiniOzoneClusterImpl-c1e84c7d-2436-439f-bc56-acddb819a285/datanode-3/data/ratis/98eeb46d-c472-4dd8-a0f2-e9aa51d5c679 for RaftStorage:Storage Directory /workdir/hadoop-ozone/integration-test/target/test-dir/MiniOzoneClusterImpl-c1e84c7d-2436-439f-bc56-acddb819a285/datanode-3/data/ratis/98eeb46d-c472-4dd8-a0f2-e9aa51d5c679
2019-07-30 09:04:02,873 INFO  server.RaftServerConfigKeys (ConfUtils.java:logGet(43)) - raft.server.log.queue.byte-limit = 2147483647 (custom)
2019-07-30 09:04:02,873 INFO  server.RaftServerConfigKeys (ConfUtils.java:logGet(43)) - raft.server.log.queue.element-limit = 1024 (custom)
2019-07-30 09:04:02,873 INFO  server.RaftServerConfigKeys (ConfUtils.java:logGet(43)) - raft.server.log.segment.size.max = 1048576 (custom)
2019-07-30 09:04:02,873 INFO  server.RaftServerConfigKeys (ConfUtils.java:logGet(43)) - raft.server.log.preallocated.size = 16384 (custom)
2019-07-30 09:04:02,874 INFO  server.RaftServerConfigKeys (ConfUtils.java:logGet(43)) - raft.server.log.write.buffer.size = 33554432 (custom)
2019-07-30 09:04:02,874 INFO  server.RaftServerConfigKeys (ConfUtils.java:logGet(43)) - raft.server.log.force.sync.num = 128 (default)
2019-07-30 09:04:02,874 INFO  server.RaftServerConfigKeys (ConfUtils.java:logGet(43)) - raft.server.log.statemachine.data.sync = true (default)
2019-07-30 09:04:02,874 INFO  server.RaftServerConfigKeys (ConfUtils.java:logGet(43)) - raft.server.log.statemachine.data.sync.timeout = 10s (default)
2019-07-30 09:04:02,874 INFO  server.RaftServerConfigKeys (ConfUtils.java:logGet(43)) - raft.server.log.statemachine.data.sync.timeout.retry = -1 (default)
2019-07-30 09:04:02,874 INFO  server.RaftServerConfigKeys (ConfUtils.java:logGet(43)) - raft.server.log.statemachine.data.caching.enabled = true (custom)
2019-07-30 09:04:02,875 INFO  segmented.SegmentedRaftLogWorker (SegmentedRaftLogWorker.java:lambda$new$0(132)) - d648d6ac-b5c0-4b07-8b62-deafe482d68a-SegmentedRaftLogWorker:Storage Directory /workdir/hadoop-ozone/integration-test/target/test-dir/MiniOzoneClusterImpl-c1e84c7d-2436-439f-bc56-acddb819a285/datanode-3/data/ratis/98eeb46d-c472-4dd8-a0f2-e9aa51d5c679: flushIndex: setUnconditionally 0 -> -1
2019-07-30 09:04:02,875 INFO  server.RaftServerConfigKeys (ConfUtils.java:logGet(43)) - raft.server.snapshot.auto.trigger.enabled = true (custom)
2019-07-30 09:04:02,875 INFO  server.RaftServerConfigKeys (ConfUtils.java:logGet(43)) - raft.server.snapshot.auto.trigger.threshold = 10000 (custom)
2019-07-30 09:04:02,875 INFO  server.RaftServerConfigKeys (ConfUtils.java:logGet(43)) - raft.server.retrycache.expirytime = 600000ms (custom)
2019-07-30 09:04:02,876 INFO  impl.RaftServerImpl (RaftServerImpl.java:start(180)) - d648d6ac-b5c0-4b07-8b62-deafe482d68a: start group-E9AA51D5C679
2019-07-30 09:04:02,876 INFO  impl.RaftServerImpl (RaftServerImpl.java:setRole(171)) - d648d6ac-b5c0-4b07-8b62-deafe482d68a:group-E9AA51D5C679 changes role from null to FOLLOWER at term 0 for startAsFollower
2019-07-30 09:04:02,876 INFO  impl.RoleInfo (RoleInfo.java:updateAndGet(143)) - d648d6ac-b5c0-4b07-8b62-deafe482d68a: start FollowerState
2019-07-30 09:04:02,876 INFO  util.JmxRegister (JmxRegister.java:tryRegister(44)) - Successfully registered JMX Bean with object name Ratis:service=RaftServer,group=group-E9AA51D5C679,id=d648d6ac-b5c0-4b07-8b62-deafe482d68a
2019-07-30 09:04:02,879 INFO  pipeline.PipelineStateManager (PipelineStateManager.java:addPipeline(56)) - Created pipeline Pipeline[ Id: 98eeb46d-c472-4dd8-a0f2-e9aa51d5c679, Nodes: d648d6ac-b5c0-4b07-8b62-deafe482d68a{ip: 192.168.69.91, host: byscane-nightly-jdzkf-783033596, networkLocation: /default-rack, certSerialId: null}, Type:RATIS, Factor:ONE, State:OPEN]
2019-07-30 09:04:03,119 INFO  net.NetworkTopology (NetworkTopologyImpl.java:add(110)) - Added a new node: /default-rack/6eea3a1f-eb3a-4e20-b12e-52024dca4daa
2019-07-30 09:04:03,119 INFO  node.SCMNodeManager (SCMNodeManager.java:register(273)) - Registered Data node : 6eea3a1f-eb3a-4e20-b12e-52024dca4daa{ip: 192.168.69.91, host: byscane-nightly-jdzkf-783033596, networkLocation: /default-rack, certSerialId: null}
2019-07-30 09:04:03,132 INFO  impl.RaftServerProxy (RaftServerProxy.java:addNew(89)) - 6eea3a1f-eb3a-4e20-b12e-52024dca4daa: addNew group-37BC55C0E475:[6eea3a1f-eb3a-4e20-b12e-52024dca4daa:192.168.69.91:40369] returns group-37BC55C0E475:java.util.concurrent.CompletableFuture@12200239[Not completed]
2019-07-30 09:04:03,139 INFO  impl.RaftServerImpl (RaftServerImpl.java:<init>(93)) - 6eea3a1f-eb3a-4e20-b12e-52024dca4daa: new RaftServerImpl for group-37BC55C0E475:[6eea3a1f-eb3a-4e20-b12e-52024dca4daa:192.168.69.91:40369] with ContainerStateMachine:uninitialized
2019-07-30 09:04:03,139 INFO  server.RaftServerConfigKeys (ConfUtils.java:logGet(43)) - raft.server.rpc.timeout.min = 5s (custom)
2019-07-30 09:04:03,139 INFO  server.RaftServerConfigKeys (ConfUtils.java:logGet(43)) - raft.server.rpc.timeout.max = 5200ms (custom)
2019-07-30 09:04:03,139 INFO  server.RaftServerConfigKeys (ConfUtils.java:logGet(43)) - raft.server.rpcslowness.timeout = 120s (custom)
2019-07-30 09:04:03,140 INFO  server.RaftServerConfigKeys (ConfUtils.java:logGet(43)) - raft.server.sleep.deviation.threshold = 300 (default)
2019-07-30 09:04:03,140 INFO  server.RaftServerConfigKeys (ConfUtils.java:logGet(43)) - raft.server.log.appender.install.snapshot.enabled = false (custom)
2019-07-30 09:04:03,140 INFO  impl.RaftServerImpl (ServerState.java:<init>(105)) - 6eea3a1f-eb3a-4e20-b12e-52024dca4daa:group-37BC55C0E475 ConfigurationManager, init=-1: [6eea3a1f-eb3a-4e20-b12e-52024dca4daa:192.168.69.91:40369], old=null, confs=<EMPTY_MAP>
2019-07-30 09:04:03,140 INFO  server.RaftServerConfigKeys (ConfUtils.java:logGet(43)) - raft.server.storage.dir = [/workdir/hadoop-ozone/integration-test/target/test-dir/MiniOzoneClusterImpl-c1e84c7d-2436-439f-bc56-acddb819a285/datanode-4/data/ratis] (custom)
2019-07-30 09:04:03,141 INFO  storage.RaftStorageDirectory (RaftStorageDirectory.java:analyzeStorage(246)) - The storage directory /workdir/hadoop-ozone/integration-test/target/test-dir/MiniOzoneClusterImpl-c1e84c7d-2436-439f-bc56-acddb819a285/datanode-4/data/ratis/d32630f9-835e-41c9-8088-37bc55c0e475 does not exist. Creating ...
2019-07-30 09:04:03,166 INFO  storage.RaftStorageDirectory (RaftStorageDirectory.java:tryLock(328)) - Lock on /workdir/hadoop-ozone/integration-test/target/test-dir/MiniOzoneClusterImpl-c1e84c7d-2436-439f-bc56-acddb819a285/datanode-4/data/ratis/d32630f9-835e-41c9-8088-37bc55c0e475/in_use.lock acquired by nodename 12846@byscane-nightly-jdzkf-783033596
2019-07-30 09:04:03,179 INFO  storage.RaftStorage (RaftStorage.java:format(72)) - Storage directory /workdir/hadoop-ozone/integration-test/target/test-dir/MiniOzoneClusterImpl-c1e84c7d-2436-439f-bc56-acddb819a285/datanode-4/data/ratis/d32630f9-835e-41c9-8088-37bc55c0e475 has been successfully formatted.
2019-07-30 09:04:03,180 INFO  ratis.ContainerStateMachine (ContainerStateMachine.java:loadSnapshot(213)) - group-37BC55C0E475: The snapshot info is null. Setting the last applied indexto:(t:0, i:~)
2019-07-30 09:04:03,180 INFO  server.RaftServerConfigKeys (ConfUtils.java:logGet(43)) - raft.server.leader.election.timeout = 120s (custom)
2019-07-30 09:04:03,180 INFO  server.RaftServerConfigKeys (ConfUtils.java:logGet(43)) - raft.server.log.use.memory = false (default)
2019-07-30 09:04:03,180 INFO  server.RaftServerConfigKeys (ConfUtils.java:logGet(43)) - raft.server.log.purge.gap = 1000000000 (custom)
2019-07-30 09:04:03,181 INFO  server.RaftServerConfigKeys (ConfUtils.java:logGet(43)) - raft.server.log.appender.buffer.byte-limit = 33554432 (custom)
2019-07-30 09:04:03,181 INFO  server.RaftServerConfigKeys (ConfUtils.java:logGet(43)) - raft.server.log.segment.size.max = 1048576 (custom)
2019-07-30 09:04:03,181 INFO  server.RaftServerConfigKeys (ConfUtils.java:logGet(43)) - raft.server.log.segment.cache.num.max = 2 (custom)
2019-07-30 09:04:03,181 INFO  segmented.SegmentedRaftLogWorker (SegmentedRaftLogWorker.java:<init>(172)) - new 6eea3a1f-eb3a-4e20-b12e-52024dca4daa-SegmentedRaftLogWorker:Storage Directory /workdir/hadoop-ozone/integration-test/target/test-dir/MiniOzoneClusterImpl-c1e84c7d-2436-439f-bc56-acddb819a285/datanode-4/data/ratis/d32630f9-835e-41c9-8088-37bc55c0e475 for RaftStorage:Storage Directory /workdir/hadoop-ozone/integration-test/target/test-dir/MiniOzoneClusterImpl-c1e84c7d-2436-439f-bc56-acddb819a285/datanode-4/data/ratis/d32630f9-835e-41c9-8088-37bc55c0e475
2019-07-30 09:04:03,182 INFO  server.RaftServerConfigKeys (ConfUtils.java:logGet(43)) - raft.server.log.queue.byte-limit = 2147483647 (custom)
2019-07-30 09:04:03,182 INFO  server.RaftServerConfigKeys (ConfUtils.java:logGet(43)) - raft.server.log.queue.element-limit = 1024 (custom)
2019-07-30 09:04:03,182 INFO  server.RaftServerConfigKeys (ConfUtils.java:logGet(43)) - raft.server.log.segment.size.max = 1048576 (custom)
2019-07-30 09:04:03,182 INFO  server.RaftServerConfigKeys (ConfUtils.java:logGet(43)) - raft.server.log.preallocated.size = 16384 (custom)
2019-07-30 09:04:03,183 INFO  server.RaftServerConfigKeys (ConfUtils.java:logGet(43)) - raft.server.log.write.buffer.size = 33554432 (custom)
2019-07-30 09:04:03,183 INFO  server.RaftServerConfigKeys (ConfUtils.java:logGet(43)) - raft.server.log.force.sync.num = 128 (default)
2019-07-30 09:04:03,183 INFO  server.RaftServerConfigKeys (ConfUtils.java:logGet(43)) - raft.server.log.statemachine.data.sync = true (default)
2019-07-30 09:04:03,183 INFO  server.RaftServerConfigKeys (ConfUtils.java:logGet(43)) - raft.server.log.statemachine.data.sync.timeout = 10s (default)
2019-07-30 09:04:03,183 INFO  server.RaftServerConfigKeys (ConfUtils.java:logGet(43)) - raft.server.log.statemachine.data.sync.timeout.retry = -1 (default)
2019-07-30 09:04:03,184 INFO  server.RaftServerConfigKeys (ConfUtils.java:logGet(43)) - raft.server.log.statemachine.data.caching.enabled = true (custom)
2019-07-30 09:04:03,184 INFO  segmented.SegmentedRaftLogWorker (SegmentedRaftLogWorker.java:lambda$new$0(132)) - 6eea3a1f-eb3a-4e20-b12e-52024dca4daa-SegmentedRaftLogWorker:Storage Directory /workdir/hadoop-ozone/integration-test/target/test-dir/MiniOzoneClusterImpl-c1e84c7d-2436-439f-bc56-acddb819a285/datanode-4/data/ratis/d32630f9-835e-41c9-8088-37bc55c0e475: flushIndex: setUnconditionally 0 -> -1
2019-07-30 09:04:03,185 INFO  server.RaftServerConfigKeys (ConfUtils.java:logGet(43)) - raft.server.snapshot.auto.trigger.enabled = true (custom)
2019-07-30 09:04:03,185 INFO  server.RaftServerConfigKeys (ConfUtils.java:logGet(43)) - raft.server.snapshot.auto.trigger.threshold = 10000 (custom)
2019-07-30 09:04:03,185 INFO  server.RaftServerConfigKeys (ConfUtils.java:logGet(43)) - raft.server.retrycache.expirytime = 600000ms (custom)
2019-07-30 09:04:03,186 INFO  impl.RaftServerImpl (RaftServerImpl.java:start(180)) - 6eea3a1f-eb3a-4e20-b12e-52024dca4daa: start group-37BC55C0E475
2019-07-30 09:04:03,186 INFO  impl.RaftServerImpl (RaftServerImpl.java:setRole(171)) - 6eea3a1f-eb3a-4e20-b12e-52024dca4daa:group-37BC55C0E475 changes role from null to FOLLOWER at term 0 for startAsFollower
2019-07-30 09:04:03,186 INFO  impl.RoleInfo (RoleInfo.java:updateAndGet(143)) - 6eea3a1f-eb3a-4e20-b12e-52024dca4daa: start FollowerState
2019-07-30 09:04:03,187 INFO  util.JmxRegister (JmxRegister.java:tryRegister(44)) - Successfully registered JMX Bean with object name Ratis:service=RaftServer,group=group-37BC55C0E475,id=6eea3a1f-eb3a-4e20-b12e-52024dca4daa
2019-07-30 09:04:03,194 INFO  pipeline.PipelineStateManager (PipelineStateManager.java:addPipeline(56)) - Created pipeline Pipeline[ Id: d32630f9-835e-41c9-8088-37bc55c0e475, Nodes: 6eea3a1f-eb3a-4e20-b12e-52024dca4daa{ip: 192.168.69.91, host: byscane-nightly-jdzkf-783033596, networkLocation: /default-rack, certSerialId: null}, Type:RATIS, Factor:ONE, State:OPEN]
2019-07-30 09:04:03,322 INFO  net.NetworkTopology (NetworkTopologyImpl.java:add(110)) - Added a new node: /default-rack/32cefd05-cbdf-4fca-a26b-c43476f7345a
2019-07-30 09:04:03,322 INFO  node.SCMNodeManager (SCMNodeManager.java:register(273)) - Registered Data node : 32cefd05-cbdf-4fca-a26b-c43476f7345a{ip: 192.168.69.91, host: byscane-nightly-jdzkf-783033596, networkLocation: /default-rack, certSerialId: null}
2019-07-30 09:04:03,335 INFO  impl.RaftServerProxy (RaftServerProxy.java:addNew(89)) - 32cefd05-cbdf-4fca-a26b-c43476f7345a: addNew group-DF9BD26EDE91:[32cefd05-cbdf-4fca-a26b-c43476f7345a:192.168.69.91:43216] returns group-DF9BD26EDE91:java.util.concurrent.CompletableFuture@75ba8e1d[Not completed]
2019-07-30 09:04:03,342 INFO  impl.RaftServerImpl (RaftServerImpl.java:<init>(93)) - 32cefd05-cbdf-4fca-a26b-c43476f7345a: new RaftServerImpl for group-DF9BD26EDE91:[32cefd05-cbdf-4fca-a26b-c43476f7345a:192.168.69.91:43216] with ContainerStateMachine:uninitialized
2019-07-30 09:04:03,342 INFO  server.RaftServerConfigKeys (ConfUtils.java:logGet(43)) - raft.server.rpc.timeout.min = 5s (custom)
2019-07-30 09:04:03,342 INFO  server.RaftServerConfigKeys (ConfUtils.java:logGet(43)) - raft.server.rpc.timeout.max = 5200ms (custom)
2019-07-30 09:04:03,342 INFO  server.RaftServerConfigKeys (ConfUtils.java:logGet(43)) - raft.server.rpcslowness.timeout = 120s (custom)
2019-07-30 09:04:03,343 INFO  server.RaftServerConfigKeys (ConfUtils.java:logGet(43)) - raft.server.sleep.deviation.threshold = 300 (default)
2019-07-30 09:04:03,343 INFO  server.RaftServerConfigKeys (ConfUtils.java:logGet(43)) - raft.server.log.appender.install.snapshot.enabled = false (custom)
2019-07-30 09:04:03,343 INFO  impl.RaftServerImpl (ServerState.java:<init>(105)) - 32cefd05-cbdf-4fca-a26b-c43476f7345a:group-DF9BD26EDE91 ConfigurationManager, init=-1: [32cefd05-cbdf-4fca-a26b-c43476f7345a:192.168.69.91:43216], old=null, confs=<EMPTY_MAP>
2019-07-30 09:04:03,343 INFO  server.RaftServerConfigKeys (ConfUtils.java:logGet(43)) - raft.server.storage.dir = [/workdir/hadoop-ozone/integration-test/target/test-dir/MiniOzoneClusterImpl-c1e84c7d-2436-439f-bc56-acddb819a285/datanode-5/data/ratis] (custom)
2019-07-30 09:04:03,344 INFO  storage.RaftStorageDirectory (RaftStorageDirectory.java:analyzeStorage(246)) - The storage directory /workdir/hadoop-ozone/integration-test/target/test-dir/MiniOzoneClusterImpl-c1e84c7d-2436-439f-bc56-acddb819a285/datanode-5/data/ratis/ce20fb7e-43e9-4c9a-9138-df9bd26ede91 does not exist. Creating ...
2019-07-30 09:04:03,365 INFO  storage.RaftStorageDirectory (RaftStorageDirectory.java:tryLock(328)) - Lock on /workdir/hadoop-ozone/integration-test/target/test-dir/MiniOzoneClusterImpl-c1e84c7d-2436-439f-bc56-acddb819a285/datanode-5/data/ratis/ce20fb7e-43e9-4c9a-9138-df9bd26ede91/in_use.lock acquired by nodename 12846@byscane-nightly-jdzkf-783033596
2019-07-30 09:04:03,380 INFO  storage.RaftStorage (RaftStorage.java:format(72)) - Storage directory /workdir/hadoop-ozone/integration-test/target/test-dir/MiniOzoneClusterImpl-c1e84c7d-2436-439f-bc56-acddb819a285/datanode-5/data/ratis/ce20fb7e-43e9-4c9a-9138-df9bd26ede91 has been successfully formatted.
2019-07-30 09:04:03,380 INFO  ratis.ContainerStateMachine (ContainerStateMachine.java:loadSnapshot(213)) - group-DF9BD26EDE91: The snapshot info is null. Setting the last applied indexto:(t:0, i:~)
2019-07-30 09:04:03,380 INFO  server.RaftServerConfigKeys (ConfUtils.java:logGet(43)) - raft.server.leader.election.timeout = 120s (custom)
2019-07-30 09:04:03,381 INFO  server.RaftServerConfigKeys (ConfUtils.java:logGet(43)) - raft.server.log.use.memory = false (default)
2019-07-30 09:04:03,381 INFO  server.RaftServerConfigKeys (ConfUtils.java:logGet(43)) - raft.server.log.purge.gap = 1000000000 (custom)
2019-07-30 09:04:03,381 INFO  server.RaftServerConfigKeys (ConfUtils.java:logGet(43)) - raft.server.log.appender.buffer.byte-limit = 33554432 (custom)
2019-07-30 09:04:03,381 INFO  server.RaftServerConfigKeys (ConfUtils.java:logGet(43)) - raft.server.log.segment.size.max = 1048576 (custom)
2019-07-30 09:04:03,381 INFO  server.RaftServerConfigKeys (ConfUtils.java:logGet(43)) - raft.server.log.segment.cache.num.max = 2 (custom)
2019-07-30 09:04:03,381 INFO  segmented.SegmentedRaftLogWorker (SegmentedRaftLogWorker.java:<init>(172)) - new 32cefd05-cbdf-4fca-a26b-c43476f7345a-SegmentedRaftLogWorker:Storage Directory /workdir/hadoop-ozone/integration-test/target/test-dir/MiniOzoneClusterImpl-c1e84c7d-2436-439f-bc56-acddb819a285/datanode-5/data/ratis/ce20fb7e-43e9-4c9a-9138-df9bd26ede91 for RaftStorage:Storage Directory /workdir/hadoop-ozone/integration-test/target/test-dir/MiniOzoneClusterImpl-c1e84c7d-2436-439f-bc56-acddb819a285/datanode-5/data/ratis/ce20fb7e-43e9-4c9a-9138-df9bd26ede91
2019-07-30 09:04:03,382 INFO  server.RaftServerConfigKeys (ConfUtils.java:logGet(43)) - raft.server.log.queue.byte-limit = 2147483647 (custom)
2019-07-30 09:04:03,382 INFO  server.RaftServerConfigKeys (ConfUtils.java:logGet(43)) - raft.server.log.queue.element-limit = 1024 (custom)
2019-07-30 09:04:03,382 INFO  server.RaftServerConfigKeys (ConfUtils.java:logGet(43)) - raft.server.log.segment.size.max = 1048576 (custom)
2019-07-30 09:04:03,382 INFO  server.RaftServerConfigKeys (ConfUtils.java:logGet(43)) - raft.server.log.preallocated.size = 16384 (custom)
2019-07-30 09:04:03,383 INFO  server.RaftServerConfigKeys (ConfUtils.java:logGet(43)) - raft.server.log.write.buffer.size = 33554432 (custom)
2019-07-30 09:04:03,383 INFO  server.RaftServerConfigKeys (ConfUtils.java:logGet(43)) - raft.server.log.force.sync.num = 128 (default)
2019-07-30 09:04:03,383 INFO  server.RaftServerConfigKeys (ConfUtils.java:logGet(43)) - raft.server.log.statemachine.data.sync = true (default)
2019-07-30 09:04:03,383 INFO  server.RaftServerConfigKeys (ConfUtils.java:logGet(43)) - raft.server.log.statemachine.data.sync.timeout = 10s (default)
2019-07-30 09:04:03,383 INFO  server.RaftServerConfigKeys (ConfUtils.java:logGet(43)) - raft.server.log.statemachine.data.sync.timeout.retry = -1 (default)
2019-07-30 09:04:03,384 INFO  server.RaftServerConfigKeys (ConfUtils.java:logGet(43)) - raft.server.log.statemachine.data.caching.enabled = true (custom)
2019-07-30 09:04:03,384 INFO  segmented.SegmentedRaftLogWorker (SegmentedRaftLogWorker.java:lambda$new$0(132)) - 32cefd05-cbdf-4fca-a26b-c43476f7345a-SegmentedRaftLogWorker:Storage Directory /workdir/hadoop-ozone/integration-test/target/test-dir/MiniOzoneClusterImpl-c1e84c7d-2436-439f-bc56-acddb819a285/datanode-5/data/ratis/ce20fb7e-43e9-4c9a-9138-df9bd26ede91: flushIndex: setUnconditionally 0 -> -1
2019-07-30 09:04:03,385 INFO  server.RaftServerConfigKeys (ConfUtils.java:logGet(43)) - raft.server.snapshot.auto.trigger.enabled = true (custom)
2019-07-30 09:04:03,385 INFO  server.RaftServerConfigKeys (ConfUtils.java:logGet(43)) - raft.server.snapshot.auto.trigger.threshold = 10000 (custom)
2019-07-30 09:04:03,385 INFO  server.RaftServerConfigKeys (ConfUtils.java:logGet(43)) - raft.server.retrycache.expirytime = 600000ms (custom)
2019-07-30 09:04:03,385 INFO  impl.RaftServerImpl (RaftServerImpl.java:start(180)) - 32cefd05-cbdf-4fca-a26b-c43476f7345a: start group-DF9BD26EDE91
2019-07-30 09:04:03,386 INFO  impl.RaftServerImpl (RaftServerImpl.java:setRole(171)) - 32cefd05-cbdf-4fca-a26b-c43476f7345a:group-DF9BD26EDE91 changes role from null to FOLLOWER at term 0 for startAsFollower
2019-07-30 09:04:03,386 INFO  impl.RoleInfo (RoleInfo.java:updateAndGet(143)) - 32cefd05-cbdf-4fca-a26b-c43476f7345a: start FollowerState
2019-07-30 09:04:03,386 INFO  util.JmxRegister (JmxRegister.java:tryRegister(44)) - Successfully registered JMX Bean with object name Ratis:service=RaftServer,group=group-DF9BD26EDE91,id=32cefd05-cbdf-4fca-a26b-c43476f7345a
2019-07-30 09:04:03,389 INFO  pipeline.PipelineStateManager (PipelineStateManager.java:addPipeline(56)) - Created pipeline Pipeline[ Id: ce20fb7e-43e9-4c9a-9138-df9bd26ede91, Nodes: 32cefd05-cbdf-4fca-a26b-c43476f7345a{ip: 192.168.69.91, host: byscane-nightly-jdzkf-783033596, networkLocation: /default-rack, certSerialId: null}, Type:RATIS, Factor:ONE, State:OPEN]
2019-07-30 09:04:03,402 INFO  impl.RaftServerProxy (RaftServerProxy.java:addNew(89)) - d648d6ac-b5c0-4b07-8b62-deafe482d68a: addNew group-D3000FDB9F5C:[6eea3a1f-eb3a-4e20-b12e-52024dca4daa:192.168.69.91:40369, d648d6ac-b5c0-4b07-8b62-deafe482d68a:192.168.69.91:35830, 32cefd05-cbdf-4fca-a26b-c43476f7345a:192.168.69.91:43216] returns group-D3000FDB9F5C:java.util.concurrent.CompletableFuture@329d0020[Not completed]
2019-07-30 09:04:03,402 INFO  impl.RaftServerProxy (RaftServerProxy.java:addNew(89)) - 6eea3a1f-eb3a-4e20-b12e-52024dca4daa: addNew group-D3000FDB9F5C:[6eea3a1f-eb3a-4e20-b12e-52024dca4daa:192.168.69.91:40369, d648d6ac-b5c0-4b07-8b62-deafe482d68a:192.168.69.91:35830, 32cefd05-cbdf-4fca-a26b-c43476f7345a:192.168.69.91:43216] returns group-D3000FDB9F5C:java.util.concurrent.CompletableFuture@a7f700c[Not completed]
2019-07-30 09:04:03,402 INFO  impl.RaftServerProxy (RaftServerProxy.java:addNew(89)) - 32cefd05-cbdf-4fca-a26b-c43476f7345a: addNew group-D3000FDB9F5C:[6eea3a1f-eb3a-4e20-b12e-52024dca4daa:192.168.69.91:40369, d648d6ac-b5c0-4b07-8b62-deafe482d68a:192.168.69.91:35830, 32cefd05-cbdf-4fca-a26b-c43476f7345a:192.168.69.91:43216] returns group-D3000FDB9F5C:java.util.concurrent.CompletableFuture@2d7eae99[Not completed]
2019-07-30 09:04:03,404 INFO  impl.RaftServerImpl (RaftServerImpl.java:<init>(93)) - 6eea3a1f-eb3a-4e20-b12e-52024dca4daa: new RaftServerImpl for group-D3000FDB9F5C:[6eea3a1f-eb3a-4e20-b12e-52024dca4daa:192.168.69.91:40369, d648d6ac-b5c0-4b07-8b62-deafe482d68a:192.168.69.91:35830, 32cefd05-cbdf-4fca-a26b-c43476f7345a:192.168.69.91:43216] with ContainerStateMachine:uninitialized
2019-07-30 09:04:03,404 INFO  server.RaftServerConfigKeys (ConfUtils.java:logGet(43)) - raft.server.rpc.timeout.min = 5s (custom)
2019-07-30 09:04:03,404 INFO  server.RaftServerConfigKeys (ConfUtils.java:logGet(43)) - raft.server.rpc.timeout.max = 5200ms (custom)
2019-07-30 09:04:03,404 INFO  server.RaftServerConfigKeys (ConfUtils.java:logGet(43)) - raft.server.rpcslowness.timeout = 120s (custom)
2019-07-30 09:04:03,405 INFO  server.RaftServerConfigKeys (ConfUtils.java:logGet(43)) - raft.server.sleep.deviation.threshold = 300 (default)
2019-07-30 09:04:03,405 INFO  impl.RaftServerImpl (RaftServerImpl.java:<init>(93)) - 32cefd05-cbdf-4fca-a26b-c43476f7345a: new RaftServerImpl for group-D3000FDB9F5C:[6eea3a1f-eb3a-4e20-b12e-52024dca4daa:192.168.69.91:40369, d648d6ac-b5c0-4b07-8b62-deafe482d68a:192.168.69.91:35830, 32cefd05-cbdf-4fca-a26b-c43476f7345a:192.168.69.91:43216] with ContainerStateMachine:uninitialized
2019-07-30 09:04:03,405 INFO  server.RaftServerConfigKeys (ConfUtils.java:logGet(43)) - raft.server.log.appender.install.snapshot.enabled = false (custom)
2019-07-30 09:04:03,405 INFO  server.RaftServerConfigKeys (ConfUtils.java:logGet(43)) - raft.server.rpc.timeout.min = 5s (custom)
2019-07-30 09:04:03,405 INFO  impl.RaftServerImpl (ServerState.java:<init>(105)) - 6eea3a1f-eb3a-4e20-b12e-52024dca4daa:group-D3000FDB9F5C ConfigurationManager, init=-1: [6eea3a1f-eb3a-4e20-b12e-52024dca4daa:192.168.69.91:40369, d648d6ac-b5c0-4b07-8b62-deafe482d68a:192.168.69.91:35830, 32cefd05-cbdf-4fca-a26b-c43476f7345a:192.168.69.91:43216], old=null, confs=<EMPTY_MAP>
2019-07-30 09:04:03,405 INFO  server.RaftServerConfigKeys (ConfUtils.java:logGet(43)) - raft.server.rpc.timeout.max = 5200ms (custom)
2019-07-30 09:04:03,405 INFO  server.RaftServerConfigKeys (ConfUtils.java:logGet(43)) - raft.server.storage.dir = [/workdir/hadoop-ozone/integration-test/target/test-dir/MiniOzoneClusterImpl-c1e84c7d-2436-439f-bc56-acddb819a285/datanode-4/data/ratis] (custom)
2019-07-30 09:04:03,405 INFO  server.RaftServerConfigKeys (ConfUtils.java:logGet(43)) - raft.server.rpcslowness.timeout = 120s (custom)
2019-07-30 09:04:03,406 INFO  impl.RaftServerImpl (RaftServerImpl.java:<init>(93)) - d648d6ac-b5c0-4b07-8b62-deafe482d68a: new RaftServerImpl for group-D3000FDB9F5C:[6eea3a1f-eb3a-4e20-b12e-52024dca4daa:192.168.69.91:40369, d648d6ac-b5c0-4b07-8b62-deafe482d68a:192.168.69.91:35830, 32cefd05-cbdf-4fca-a26b-c43476f7345a:192.168.69.91:43216] with ContainerStateMachine:uninitialized
2019-07-30 09:04:03,406 INFO  storage.RaftStorageDirectory (RaftStorageDirectory.java:analyzeStorage(246)) - The storage directory /workdir/hadoop-ozone/integration-test/target/test-dir/MiniOzoneClusterImpl-c1e84c7d-2436-439f-bc56-acddb819a285/datanode-4/data/ratis/b26163ba-0750-4475-a4d9-d3000fdb9f5c does not exist. Creating ...
2019-07-30 09:04:03,406 INFO  server.RaftServerConfigKeys (ConfUtils.java:logGet(43)) - raft.server.sleep.deviation.threshold = 300 (default)
2019-07-30 09:04:03,406 INFO  server.RaftServerConfigKeys (ConfUtils.java:logGet(43)) - raft.server.rpc.timeout.min = 5s (custom)
2019-07-30 09:04:03,406 INFO  server.RaftServerConfigKeys (ConfUtils.java:logGet(43)) - raft.server.log.appender.install.snapshot.enabled = false (custom)
2019-07-30 09:04:03,406 INFO  server.RaftServerConfigKeys (ConfUtils.java:logGet(43)) - raft.server.rpc.timeout.max = 5200ms (custom)
2019-07-30 09:04:03,406 INFO  impl.RaftServerImpl (ServerState.java:<init>(105)) - 32cefd05-cbdf-4fca-a26b-c43476f7345a:group-D3000FDB9F5C ConfigurationManager, init=-1: [6eea3a1f-eb3a-4e20-b12e-52024dca4daa:192.168.69.91:40369, d648d6ac-b5c0-4b07-8b62-deafe482d68a:192.168.69.91:35830, 32cefd05-cbdf-4fca-a26b-c43476f7345a:192.168.69.91:43216], old=null, confs=<EMPTY_MAP>
2019-07-30 09:04:03,407 INFO  server.RaftServerConfigKeys (ConfUtils.java:logGet(43)) - raft.server.rpcslowness.timeout = 120s (custom)
2019-07-30 09:04:03,407 INFO  server.RaftServerConfigKeys (ConfUtils.java:logGet(43)) - raft.server.storage.dir = [/workdir/hadoop-ozone/integration-test/target/test-dir/MiniOzoneClusterImpl-c1e84c7d-2436-439f-bc56-acddb819a285/datanode-5/data/ratis] (custom)
2019-07-30 09:04:03,407 INFO  server.RaftServerConfigKeys (ConfUtils.java:logGet(43)) - raft.server.sleep.deviation.threshold = 300 (default)
2019-07-30 09:04:03,407 INFO  server.RaftServerConfigKeys (ConfUtils.java:logGet(43)) - raft.server.log.appender.install.snapshot.enabled = false (custom)
2019-07-30 09:04:03,407 INFO  storage.RaftStorageDirectory (RaftStorageDirectory.java:analyzeStorage(246)) - The storage directory /workdir/hadoop-ozone/integration-test/target/test-dir/MiniOzoneClusterImpl-c1e84c7d-2436-439f-bc56-acddb819a285/datanode-5/data/ratis/b26163ba-0750-4475-a4d9-d3000fdb9f5c does not exist. Creating ...
2019-07-30 09:04:03,407 INFO  impl.RaftServerImpl (ServerState.java:<init>(105)) - d648d6ac-b5c0-4b07-8b62-deafe482d68a:group-D3000FDB9F5C ConfigurationManager, init=-1: [6eea3a1f-eb3a-4e20-b12e-52024dca4daa:192.168.69.91:40369, d648d6ac-b5c0-4b07-8b62-deafe482d68a:192.168.69.91:35830, 32cefd05-cbdf-4fca-a26b-c43476f7345a:192.168.69.91:43216], old=null, confs=<EMPTY_MAP>
2019-07-30 09:04:03,408 INFO  server.RaftServerConfigKeys (ConfUtils.java:logGet(43)) - raft.server.storage.dir = [/workdir/hadoop-ozone/integration-test/target/test-dir/MiniOzoneClusterImpl-c1e84c7d-2436-439f-bc56-acddb819a285/datanode-3/data/ratis] (custom)
2019-07-30 09:04:03,408 INFO  storage.RaftStorageDirectory (RaftStorageDirectory.java:analyzeStorage(246)) - The storage directory /workdir/hadoop-ozone/integration-test/target/test-dir/MiniOzoneClusterImpl-c1e84c7d-2436-439f-bc56-acddb819a285/datanode-3/data/ratis/b26163ba-0750-4475-a4d9-d3000fdb9f5c does not exist. Creating ...
2019-07-30 09:04:03,419 INFO  storage.RaftStorageDirectory (RaftStorageDirectory.java:tryLock(328)) - Lock on /workdir/hadoop-ozone/integration-test/target/test-dir/MiniOzoneClusterImpl-c1e84c7d-2436-439f-bc56-acddb819a285/datanode-5/data/ratis/b26163ba-0750-4475-a4d9-d3000fdb9f5c/in_use.lock acquired by nodename 12846@byscane-nightly-jdzkf-783033596
2019-07-30 09:04:03,419 INFO  storage.RaftStorageDirectory (RaftStorageDirectory.java:tryLock(328)) - Lock on /workdir/hadoop-ozone/integration-test/target/test-dir/MiniOzoneClusterImpl-c1e84c7d-2436-439f-bc56-acddb819a285/datanode-3/data/ratis/b26163ba-0750-4475-a4d9-d3000fdb9f5c/in_use.lock acquired by nodename 12846@byscane-nightly-jdzkf-783033596
2019-07-30 09:04:03,419 INFO  storage.RaftStorageDirectory (RaftStorageDirectory.java:tryLock(328)) - Lock on /workdir/hadoop-ozone/integration-test/target/test-dir/MiniOzoneClusterImpl-c1e84c7d-2436-439f-bc56-acddb819a285/datanode-4/data/ratis/b26163ba-0750-4475-a4d9-d3000fdb9f5c/in_use.lock acquired by nodename 12846@byscane-nightly-jdzkf-783033596
2019-07-30 09:04:03,445 INFO  storage.RaftStorage (RaftStorage.java:format(72)) - Storage directory /workdir/hadoop-ozone/integration-test/target/test-dir/MiniOzoneClusterImpl-c1e84c7d-2436-439f-bc56-acddb819a285/datanode-5/data/ratis/b26163ba-0750-4475-a4d9-d3000fdb9f5c has been successfully formatted.
2019-07-30 09:04:03,445 INFO  storage.RaftStorage (RaftStorage.java:format(72)) - Storage directory /workdir/hadoop-ozone/integration-test/target/test-dir/MiniOzoneClusterImpl-c1e84c7d-2436-439f-bc56-acddb819a285/datanode-4/data/ratis/b26163ba-0750-4475-a4d9-d3000fdb9f5c has been successfully formatted.
2019-07-30 09:04:03,445 INFO  storage.RaftStorage (RaftStorage.java:format(72)) - Storage directory /workdir/hadoop-ozone/integration-test/target/test-dir/MiniOzoneClusterImpl-c1e84c7d-2436-439f-bc56-acddb819a285/datanode-3/data/ratis/b26163ba-0750-4475-a4d9-d3000fdb9f5c has been successfully formatted.
2019-07-30 09:04:03,445 INFO  ratis.ContainerStateMachine (ContainerStateMachine.java:loadSnapshot(213)) - group-D3000FDB9F5C: The snapshot info is null. Setting the last applied indexto:(t:0, i:~)
2019-07-30 09:04:03,445 INFO  ratis.ContainerStateMachine (ContainerStateMachine.java:loadSnapshot(213)) - group-D3000FDB9F5C: The snapshot info is null. Setting the last applied indexto:(t:0, i:~)
2019-07-30 09:04:03,445 INFO  server.RaftServerConfigKeys (ConfUtils.java:logGet(43)) - raft.server.leader.election.timeout = 120s (custom)
2019-07-30 09:04:03,445 INFO  ratis.ContainerStateMachine (ContainerStateMachine.java:loadSnapshot(213)) - group-D3000FDB9F5C: The snapshot info is null. Setting the last applied indexto:(t:0, i:~)
2019-07-30 09:04:03,446 INFO  server.RaftServerConfigKeys (ConfUtils.java:logGet(43)) - raft.server.log.use.memory = false (default)
2019-07-30 09:04:03,446 INFO  server.RaftServerConfigKeys (ConfUtils.java:logGet(43)) - raft.server.leader.election.timeout = 120s (custom)
2019-07-30 09:04:03,446 INFO  server.RaftServerConfigKeys (ConfUtils.java:logGet(43)) - raft.server.log.purge.gap = 1000000000 (custom)
2019-07-30 09:04:03,446 INFO  server.RaftServerConfigKeys (ConfUtils.java:logGet(43)) - raft.server.leader.election.timeout = 120s (custom)
2019-07-30 09:04:03,447 INFO  server.RaftServerConfigKeys (ConfUtils.java:logGet(43)) - raft.server.log.appender.buffer.byte-limit = 33554432 (custom)
2019-07-30 09:04:03,446 INFO  server.RaftServerConfigKeys (ConfUtils.java:logGet(43)) - raft.server.log.use.memory = false (default)
2019-07-30 09:04:03,447 INFO  server.RaftServerConfigKeys (ConfUtils.java:logGet(43)) - raft.server.log.segment.size.max = 1048576 (custom)
2019-07-30 09:04:03,447 INFO  server.RaftServerConfigKeys (ConfUtils.java:logGet(43)) - raft.server.log.use.memory = false (default)
2019-07-30 09:04:03,447 INFO  server.RaftServerConfigKeys (ConfUtils.java:logGet(43)) - raft.server.log.segment.cache.num.max = 2 (custom)
2019-07-30 09:04:03,447 INFO  server.RaftServerConfigKeys (ConfUtils.java:logGet(43)) - raft.server.log.purge.gap = 1000000000 (custom)
2019-07-30 09:04:03,448 INFO  segmented.SegmentedRaftLogWorker (SegmentedRaftLogWorker.java:<init>(172)) - new 6eea3a1f-eb3a-4e20-b12e-52024dca4daa-SegmentedRaftLogWorker:Storage Directory /workdir/hadoop-ozone/integration-test/target/test-dir/MiniOzoneClusterImpl-c1e84c7d-2436-439f-bc56-acddb819a285/datanode-4/data/ratis/b26163ba-0750-4475-a4d9-d3000fdb9f5c for RaftStorage:Storage Directory /workdir/hadoop-ozone/integration-test/target/test-dir/MiniOzoneClusterImpl-c1e84c7d-2436-439f-bc56-acddb819a285/datanode-4/data/ratis/b26163ba-0750-4475-a4d9-d3000fdb9f5c
2019-07-30 09:04:03,447 INFO  server.RaftServerConfigKeys (ConfUtils.java:logGet(43)) - raft.server.log.purge.gap = 1000000000 (custom)
2019-07-30 09:04:03,448 INFO  server.RaftServerConfigKeys (ConfUtils.java:logGet(43)) - raft.server.log.queue.byte-limit = 2147483647 (custom)
2019-07-30 09:04:03,448 INFO  server.RaftServerConfigKeys (ConfUtils.java:logGet(43)) - raft.server.log.queue.element-limit = 1024 (custom)
2019-07-30 09:04:03,448 INFO  server.RaftServerConfigKeys (ConfUtils.java:logGet(43)) - raft.server.log.appender.buffer.byte-limit = 33554432 (custom)
2019-07-30 09:04:03,448 INFO  server.RaftServerConfigKeys (ConfUtils.java:logGet(43)) - raft.server.log.segment.size.max = 1048576 (custom)
2019-07-30 09:04:03,448 INFO  server.RaftServerConfigKeys (ConfUtils.java:logGet(43)) - raft.server.log.appender.buffer.byte-limit = 33554432 (custom)
2019-07-30 09:04:03,449 INFO  server.RaftServerConfigKeys (ConfUtils.java:logGet(43)) - raft.server.log.preallocated.size = 16384 (custom)
2019-07-30 09:04:03,449 INFO  server.RaftServerConfigKeys (ConfUtils.java:logGet(43)) - raft.server.log.write.buffer.size = 33554432 (custom)
2019-07-30 09:04:03,449 INFO  server.RaftServerConfigKeys (ConfUtils.java:logGet(43)) - raft.server.log.segment.size.max = 1048576 (custom)
2019-07-30 09:04:03,449 INFO  server.RaftServerConfigKeys (ConfUtils.java:logGet(43)) - raft.server.log.force.sync.num = 128 (default)
2019-07-30 09:04:03,449 INFO  server.RaftServerConfigKeys (ConfUtils.java:logGet(43)) - raft.server.log.segment.size.max = 1048576 (custom)
2019-07-30 09:04:03,450 INFO  server.RaftServerConfigKeys (ConfUtils.java:logGet(43)) - raft.server.log.statemachine.data.sync = true (default)
2019-07-30 09:04:03,450 INFO  server.RaftServerConfigKeys (ConfUtils.java:logGet(43)) - raft.server.log.segment.cache.num.max = 2 (custom)
2019-07-30 09:04:03,450 INFO  server.RaftServerConfigKeys (ConfUtils.java:logGet(43)) - raft.server.log.statemachine.data.sync.timeout = 10s (default)
2019-07-30 09:04:03,450 INFO  server.RaftServerConfigKeys (ConfUtils.java:logGet(43)) - raft.server.log.segment.cache.num.max = 2 (custom)
2019-07-30 09:04:03,450 INFO  server.RaftServerConfigKeys (ConfUtils.java:logGet(43)) - raft.server.log.statemachine.data.sync.timeout.retry = -1 (default)
2019-07-30 09:04:03,450 INFO  segmented.SegmentedRaftLogWorker (SegmentedRaftLogWorker.java:<init>(172)) - new 32cefd05-cbdf-4fca-a26b-c43476f7345a-SegmentedRaftLogWorker:Storage Directory /workdir/hadoop-ozone/integration-test/target/test-dir/MiniOzoneClusterImpl-c1e84c7d-2436-439f-bc56-acddb819a285/datanode-5/data/ratis/b26163ba-0750-4475-a4d9-d3000fdb9f5c for RaftStorage:Storage Directory /workdir/hadoop-ozone/integration-test/target/test-dir/MiniOzoneClusterImpl-c1e84c7d-2436-439f-bc56-acddb819a285/datanode-5/data/ratis/b26163ba-0750-4475-a4d9-d3000fdb9f5c
2019-07-30 09:04:03,451 INFO  server.RaftServerConfigKeys (ConfUtils.java:logGet(43)) - raft.server.log.statemachine.data.caching.enabled = true (custom)
2019-07-30 09:04:03,451 INFO  segmented.SegmentedRaftLogWorker (SegmentedRaftLogWorker.java:<init>(172)) - new d648d6ac-b5c0-4b07-8b62-deafe482d68a-SegmentedRaftLogWorker:Storage Directory /workdir/hadoop-ozone/integration-test/target/test-dir/MiniOzoneClusterImpl-c1e84c7d-2436-439f-bc56-acddb819a285/datanode-3/data/ratis/b26163ba-0750-4475-a4d9-d3000fdb9f5c for RaftStorage:Storage Directory /workdir/hadoop-ozone/integration-test/target/test-dir/MiniOzoneClusterImpl-c1e84c7d-2436-439f-bc56-acddb819a285/datanode-3/data/ratis/b26163ba-0750-4475-a4d9-d3000fdb9f5c
2019-07-30 09:04:03,451 INFO  segmented.SegmentedRaftLogWorker (SegmentedRaftLogWorker.java:lambda$new$0(132)) - 6eea3a1f-eb3a-4e20-b12e-52024dca4daa-SegmentedRaftLogWorker:Storage Directory /workdir/hadoop-ozone/integration-test/target/test-dir/MiniOzoneClusterImpl-c1e84c7d-2436-439f-bc56-acddb819a285/datanode-4/data/ratis/b26163ba-0750-4475-a4d9-d3000fdb9f5c: flushIndex: setUnconditionally 0 -> -1
2019-07-30 09:04:03,451 INFO  server.RaftServerConfigKeys (ConfUtils.java:logGet(43)) - raft.server.log.queue.byte-limit = 2147483647 (custom)
2019-07-30 09:04:03,451 INFO  server.RaftServerConfigKeys (ConfUtils.java:logGet(43)) - raft.server.log.queue.byte-limit = 2147483647 (custom)
2019-07-30 09:04:03,452 INFO  server.RaftServerConfigKeys (ConfUtils.java:logGet(43)) - raft.server.log.queue.element-limit = 1024 (custom)
2019-07-30 09:04:03,452 INFO  server.RaftServerConfigKeys (ConfUtils.java:logGet(43)) - raft.server.snapshot.auto.trigger.enabled = true (custom)
2019-07-30 09:04:03,452 INFO  server.RaftServerConfigKeys (ConfUtils.java:logGet(43)) - raft.server.log.segment.size.max = 1048576 (custom)
2019-07-30 09:04:03,452 INFO  server.RaftServerConfigKeys (ConfUtils.java:logGet(43)) - raft.server.log.queue.element-limit = 1024 (custom)
2019-07-30 09:04:03,452 INFO  server.RaftServerConfigKeys (ConfUtils.java:logGet(43)) - raft.server.log.preallocated.size = 16384 (custom)
2019-07-30 09:04:03,452 INFO  server.RaftServerConfigKeys (ConfUtils.java:logGet(43)) - raft.server.snapshot.auto.trigger.threshold = 10000 (custom)
2019-07-30 09:04:03,453 INFO  server.RaftServerConfigKeys (ConfUtils.java:logGet(43)) - raft.server.log.write.buffer.size = 33554432 (custom)
2019-07-30 09:04:03,453 INFO  server.RaftServerConfigKeys (ConfUtils.java:logGet(43)) - raft.server.log.segment.size.max = 1048576 (custom)
2019-07-30 09:04:03,453 INFO  server.RaftServerConfigKeys (ConfUtils.java:logGet(43)) - raft.server.log.force.sync.num = 128 (default)
2019-07-30 09:04:03,453 INFO  server.RaftServerConfigKeys (ConfUtils.java:logGet(43)) - raft.server.retrycache.expirytime = 600000ms (custom)
2019-07-30 09:04:03,454 INFO  server.RaftServerConfigKeys (ConfUtils.java:logGet(43)) - raft.server.log.statemachine.data.sync = true (default)
2019-07-30 09:04:03,453 INFO  server.RaftServerConfigKeys (ConfUtils.java:logGet(43)) - raft.server.log.preallocated.size = 16384 (custom)
2019-07-30 09:04:03,454 INFO  server.RaftServerConfigKeys (ConfUtils.java:logGet(43)) - raft.server.log.statemachine.data.sync.timeout = 10s (default)
2019-07-30 09:04:03,454 INFO  impl.RaftServerImpl (RaftServerImpl.java:start(180)) - 6eea3a1f-eb3a-4e20-b12e-52024dca4daa: start group-D3000FDB9F5C
2019-07-30 09:04:03,454 INFO  server.RaftServerConfigKeys (ConfUtils.java:logGet(43)) - raft.server.log.statemachine.data.sync.timeout.retry = -1 (default)
2019-07-30 09:04:03,454 INFO  server.RaftServerConfigKeys (ConfUtils.java:logGet(43)) - raft.server.log.write.buffer.size = 33554432 (custom)
2019-07-30 09:04:03,455 INFO  server.RaftServerConfigKeys (ConfUtils.java:logGet(43)) - raft.server.log.statemachine.data.caching.enabled = true (custom)
2019-07-30 09:04:03,454 INFO  impl.RaftServerImpl (RaftServerImpl.java:setRole(171)) - 6eea3a1f-eb3a-4e20-b12e-52024dca4daa:group-D3000FDB9F5C changes role from null to FOLLOWER at term 0 for startAsFollower
2019-07-30 09:04:03,455 INFO  segmented.SegmentedRaftLogWorker (SegmentedRaftLogWorker.java:lambda$new$0(132)) - 32cefd05-cbdf-4fca-a26b-c43476f7345a-SegmentedRaftLogWorker:Storage Directory /workdir/hadoop-ozone/integration-test/target/test-dir/MiniOzoneClusterImpl-c1e84c7d-2436-439f-bc56-acddb819a285/datanode-5/data/ratis/b26163ba-0750-4475-a4d9-d3000fdb9f5c: flushIndex: setUnconditionally 0 -> -1
2019-07-30 09:04:03,455 INFO  server.RaftServerConfigKeys (ConfUtils.java:logGet(43)) - raft.server.log.force.sync.num = 128 (default)
2019-07-30 09:04:03,455 INFO  impl.RoleInfo (RoleInfo.java:updateAndGet(143)) - 6eea3a1f-eb3a-4e20-b12e-52024dca4daa: start FollowerState
2019-07-30 09:04:03,456 INFO  server.RaftServerConfigKeys (ConfUtils.java:logGet(43)) - raft.server.log.statemachine.data.sync = true (default)
2019-07-30 09:04:03,456 INFO  server.RaftServerConfigKeys (ConfUtils.java:logGet(43)) - raft.server.snapshot.auto.trigger.enabled = true (custom)
2019-07-30 09:04:03,456 INFO  util.JmxRegister (JmxRegister.java:tryRegister(44)) - Successfully registered JMX Bean with object name Ratis:service=RaftServer,group=group-D3000FDB9F5C,id=6eea3a1f-eb3a-4e20-b12e-52024dca4daa
2019-07-30 09:04:03,456 INFO  server.RaftServerConfigKeys (ConfUtils.java:logGet(43)) - raft.server.log.statemachine.data.sync.timeout = 10s (default)
2019-07-30 09:04:03,456 INFO  server.RaftServerConfigKeys (ConfUtils.java:logGet(43)) - raft.server.snapshot.auto.trigger.threshold = 10000 (custom)
2019-07-30 09:04:03,457 INFO  server.RaftServerConfigKeys (ConfUtils.java:logGet(43)) - raft.server.log.statemachine.data.sync.timeout.retry = -1 (default)
2019-07-30 09:04:03,457 INFO  server.RaftServerConfigKeys (ConfUtils.java:logGet(43)) - raft.server.retrycache.expirytime = 600000ms (custom)
2019-07-30 09:04:03,457 INFO  server.RaftServerConfigKeys (ConfUtils.java:logGet(43)) - raft.server.log.statemachine.data.caching.enabled = true (custom)
2019-07-30 09:04:03,457 INFO  impl.RaftServerImpl (RaftServerImpl.java:start(180)) - 32cefd05-cbdf-4fca-a26b-c43476f7345a: start group-D3000FDB9F5C
2019-07-30 09:04:03,458 INFO  impl.RaftServerImpl (RaftServerImpl.java:setRole(171)) - 32cefd05-cbdf-4fca-a26b-c43476f7345a:group-D3000FDB9F5C changes role from null to FOLLOWER at term 0 for startAsFollower
2019-07-30 09:04:03,458 INFO  segmented.SegmentedRaftLogWorker (SegmentedRaftLogWorker.java:lambda$new$0(132)) - d648d6ac-b5c0-4b07-8b62-deafe482d68a-SegmentedRaftLogWorker:Storage Directory /workdir/hadoop-ozone/integration-test/target/test-dir/MiniOzoneClusterImpl-c1e84c7d-2436-439f-bc56-acddb819a285/datanode-3/data/ratis/b26163ba-0750-4475-a4d9-d3000fdb9f5c: flushIndex: setUnconditionally 0 -> -1
2019-07-30 09:04:03,458 INFO  impl.RoleInfo (RoleInfo.java:updateAndGet(143)) - 32cefd05-cbdf-4fca-a26b-c43476f7345a: start FollowerState
2019-07-30 09:04:03,458 INFO  server.RaftServerConfigKeys (ConfUtils.java:logGet(43)) - raft.server.snapshot.auto.trigger.enabled = true (custom)
2019-07-30 09:04:03,458 INFO  server.RaftServerConfigKeys (ConfUtils.java:logGet(43)) - raft.server.snapshot.auto.trigger.threshold = 10000 (custom)
2019-07-30 09:04:03,459 INFO  util.JmxRegister (JmxRegister.java:tryRegister(44)) - Successfully registered JMX Bean with object name Ratis:service=RaftServer,group=group-D3000FDB9F5C,id=32cefd05-cbdf-4fca-a26b-c43476f7345a
2019-07-30 09:04:03,459 INFO  server.RaftServerConfigKeys (ConfUtils.java:logGet(43)) - raft.server.retrycache.expirytime = 600000ms (custom)
2019-07-30 09:04:03,459 INFO  impl.RaftServerImpl (RaftServerImpl.java:start(180)) - d648d6ac-b5c0-4b07-8b62-deafe482d68a: start group-D3000FDB9F5C
2019-07-30 09:04:03,459 INFO  impl.RaftServerImpl (RaftServerImpl.java:setRole(171)) - d648d6ac-b5c0-4b07-8b62-deafe482d68a:group-D3000FDB9F5C changes role from null to FOLLOWER at term 0 for startAsFollower
2019-07-30 09:04:03,459 INFO  impl.RoleInfo (RoleInfo.java:updateAndGet(143)) - d648d6ac-b5c0-4b07-8b62-deafe482d68a: start FollowerState
2019-07-30 09:04:03,460 INFO  util.JmxRegister (JmxRegister.java:tryRegister(44)) - Successfully registered JMX Bean with object name Ratis:service=RaftServer,group=group-D3000FDB9F5C,id=d648d6ac-b5c0-4b07-8b62-deafe482d68a
2019-07-30 09:04:03,463 INFO  pipeline.PipelineStateManager (PipelineStateManager.java:addPipeline(56)) - Created pipeline Pipeline[ Id: b26163ba-0750-4475-a4d9-d3000fdb9f5c, Nodes: 6eea3a1f-eb3a-4e20-b12e-52024dca4daa{ip: 192.168.69.91, host: byscane-nightly-jdzkf-783033596, networkLocation: /default-rack, certSerialId: null}d648d6ac-b5c0-4b07-8b62-deafe482d68a{ip: 192.168.69.91, host: byscane-nightly-jdzkf-783033596, networkLocation: /default-rack, certSerialId: null}32cefd05-cbdf-4fca-a26b-c43476f7345a{ip: 192.168.69.91, host: byscane-nightly-jdzkf-783033596, networkLocation: /default-rack, certSerialId: null}, Type:RATIS, Factor:THREE, State:OPEN]
2019-07-30 09:04:03,517 INFO  net.NetworkTopology (NetworkTopologyImpl.java:add(110)) - Added a new node: /default-rack/6896fffa-0c55-4680-930e-477939663188
2019-07-30 09:04:03,517 INFO  node.SCMNodeManager (SCMNodeManager.java:register(273)) - Registered Data node : 6896fffa-0c55-4680-930e-477939663188{ip: 192.168.69.91, host: byscane-nightly-jdzkf-783033596, networkLocation: /default-rack, certSerialId: null}
2019-07-30 09:04:03,520 INFO  ozone.MiniOzoneClusterImpl (MiniOzoneClusterImpl.java:lambda$waitForClusterToBeReady$0(142)) - Cluster is ready. Got 7 of 7 DN Heartbeats.
2019-07-30 09:04:03,529 INFO  impl.RaftServerProxy (RaftServerProxy.java:addNew(89)) - 6896fffa-0c55-4680-930e-477939663188: addNew group-9655C9BDA350:[6896fffa-0c55-4680-930e-477939663188:192.168.69.91:41586] returns group-9655C9BDA350:java.util.concurrent.CompletableFuture@9eec90b[Not completed]
2019-07-30 09:04:03,536 INFO  impl.RaftServerImpl (RaftServerImpl.java:<init>(93)) - 6896fffa-0c55-4680-930e-477939663188: new RaftServerImpl for group-9655C9BDA350:[6896fffa-0c55-4680-930e-477939663188:192.168.69.91:41586] with ContainerStateMachine:uninitialized
2019-07-30 09:04:03,536 INFO  server.RaftServerConfigKeys (ConfUtils.java:logGet(43)) - raft.server.rpc.timeout.min = 5s (custom)
2019-07-30 09:04:03,536 INFO  server.RaftServerConfigKeys (ConfUtils.java:logGet(43)) - raft.server.rpc.timeout.max = 5200ms (custom)
2019-07-30 09:04:03,536 INFO  server.RaftServerConfigKeys (ConfUtils.java:logGet(43)) - raft.server.rpcslowness.timeout = 120s (custom)
2019-07-30 09:04:03,536 INFO  server.RaftServerConfigKeys (ConfUtils.java:logGet(43)) - raft.server.sleep.deviation.threshold = 300 (default)
2019-07-30 09:04:03,539 INFO  server.RaftServerConfigKeys (ConfUtils.java:logGet(43)) - raft.server.log.appender.install.snapshot.enabled = false (custom)
2019-07-30 09:04:03,544 INFO  impl.RaftServerImpl (ServerState.java:<init>(105)) - 6896fffa-0c55-4680-930e-477939663188:group-9655C9BDA350 ConfigurationManager, init=-1: [6896fffa-0c55-4680-930e-477939663188:192.168.69.91:41586], old=null, confs=<EMPTY_MAP>
2019-07-30 09:04:03,544 INFO  server.RaftServerConfigKeys (ConfUtils.java:logGet(43)) - raft.server.storage.dir = [/workdir/hadoop-ozone/integration-test/target/test-dir/MiniOzoneClusterImpl-c1e84c7d-2436-439f-bc56-acddb819a285/datanode-6/data/ratis] (custom)
2019-07-30 09:04:03,545 INFO  storage.RaftStorageDirectory (RaftStorageDirectory.java:analyzeStorage(246)) - The storage directory /workdir/hadoop-ozone/integration-test/target/test-dir/MiniOzoneClusterImpl-c1e84c7d-2436-439f-bc56-acddb819a285/datanode-6/data/ratis/8a498de8-cfb5-4014-8e6d-9655c9bda350 does not exist. Creating ...
2019-07-30 09:04:03,562 INFO  storage.RaftStorageDirectory (RaftStorageDirectory.java:tryLock(328)) - Lock on /workdir/hadoop-ozone/integration-test/target/test-dir/MiniOzoneClusterImpl-c1e84c7d-2436-439f-bc56-acddb819a285/datanode-6/data/ratis/8a498de8-cfb5-4014-8e6d-9655c9bda350/in_use.lock acquired by nodename 12846@byscane-nightly-jdzkf-783033596
2019-07-30 09:04:03,577 INFO  rpc.RpcClient (RpcClient.java:createVolume(288)) - Creating Volume: testblockoutputstreamwithretries, with jenkins1000 as owner.
2019-07-30 09:04:03,590 INFO  storage.RaftStorage (RaftStorage.java:format(72)) - Storage directory /workdir/hadoop-ozone/integration-test/target/test-dir/MiniOzoneClusterImpl-c1e84c7d-2436-439f-bc56-acddb819a285/datanode-6/data/ratis/8a498de8-cfb5-4014-8e6d-9655c9bda350 has been successfully formatted.
2019-07-30 09:04:03,592 INFO  ratis.ContainerStateMachine (ContainerStateMachine.java:loadSnapshot(213)) - group-9655C9BDA350: The snapshot info is null. Setting the last applied indexto:(t:0, i:~)
2019-07-30 09:04:03,592 INFO  server.RaftServerConfigKeys (ConfUtils.java:logGet(43)) - raft.server.leader.election.timeout = 120s (custom)
2019-07-30 09:04:03,593 INFO  server.RaftServerConfigKeys (ConfUtils.java:logGet(43)) - raft.server.log.use.memory = false (default)
2019-07-30 09:04:03,593 INFO  server.RaftServerConfigKeys (ConfUtils.java:logGet(43)) - raft.server.log.purge.gap = 1000000000 (custom)
2019-07-30 09:04:03,593 INFO  server.RaftServerConfigKeys (ConfUtils.java:logGet(43)) - raft.server.log.appender.buffer.byte-limit = 33554432 (custom)
2019-07-30 09:04:03,593 INFO  rpc.RpcClient (RpcClient.java:createBucket(425)) - Creating Bucket: testblockoutputstreamwithretries/testblockoutputstreamwithretries, with Versioning false and Storage Type set to DISK and Encryption set to false 
2019-07-30 09:04:03,593 INFO  server.RaftServerConfigKeys (ConfUtils.java:logGet(43)) - raft.server.log.segment.size.max = 1048576 (custom)
2019-07-30 09:04:03,594 INFO  server.RaftServerConfigKeys (ConfUtils.java:logGet(43)) - raft.server.log.segment.cache.num.max = 2 (custom)
2019-07-30 09:04:03,594 INFO  segmented.SegmentedRaftLogWorker (SegmentedRaftLogWorker.java:<init>(172)) - new 6896fffa-0c55-4680-930e-477939663188-SegmentedRaftLogWorker:Storage Directory /workdir/hadoop-ozone/integration-test/target/test-dir/MiniOzoneClusterImpl-c1e84c7d-2436-439f-bc56-acddb819a285/datanode-6/data/ratis/8a498de8-cfb5-4014-8e6d-9655c9bda350 for RaftStorage:Storage Directory /workdir/hadoop-ozone/integration-test/target/test-dir/MiniOzoneClusterImpl-c1e84c7d-2436-439f-bc56-acddb819a285/datanode-6/data/ratis/8a498de8-cfb5-4014-8e6d-9655c9bda350
2019-07-30 09:04:03,594 INFO  server.RaftServerConfigKeys (ConfUtils.java:logGet(43)) - raft.server.log.queue.byte-limit = 2147483647 (custom)
2019-07-30 09:04:03,594 INFO  server.RaftServerConfigKeys (ConfUtils.java:logGet(43)) - raft.server.log.queue.element-limit = 1024 (custom)
2019-07-30 09:04:03,594 INFO  server.RaftServerConfigKeys (ConfUtils.java:logGet(43)) - raft.server.log.segment.size.max = 1048576 (custom)
2019-07-30 09:04:03,595 INFO  server.RaftServerConfigKeys (ConfUtils.java:logGet(43)) - raft.server.log.preallocated.size = 16384 (custom)
2019-07-30 09:04:03,595 INFO  server.RaftServerConfigKeys (ConfUtils.java:logGet(43)) - raft.server.log.write.buffer.size = 33554432 (custom)
2019-07-30 09:04:03,595 INFO  server.RaftServerConfigKeys (ConfUtils.java:logGet(43)) - raft.server.log.force.sync.num = 128 (default)
2019-07-30 09:04:03,595 INFO  server.RaftServerConfigKeys (ConfUtils.java:logGet(43)) - raft.server.log.statemachine.data.sync = true (default)
2019-07-30 09:04:03,595 INFO  server.RaftServerConfigKeys (ConfUtils.java:logGet(43)) - raft.server.log.statemachine.data.sync.timeout = 10s (default)
2019-07-30 09:04:03,597 INFO  server.RaftServerConfigKeys (ConfUtils.java:logGet(43)) - raft.server.log.statemachine.data.sync.timeout.retry = -1 (default)
2019-07-30 09:04:03,598 INFO  server.RaftServerConfigKeys (ConfUtils.java:logGet(43)) - raft.server.log.statemachine.data.caching.enabled = true (custom)
2019-07-30 09:04:03,598 INFO  segmented.SegmentedRaftLogWorker (SegmentedRaftLogWorker.java:lambda$new$0(132)) - 6896fffa-0c55-4680-930e-477939663188-SegmentedRaftLogWorker:Storage Directory /workdir/hadoop-ozone/integration-test/target/test-dir/MiniOzoneClusterImpl-c1e84c7d-2436-439f-bc56-acddb819a285/datanode-6/data/ratis/8a498de8-cfb5-4014-8e6d-9655c9bda350: flushIndex: setUnconditionally 0 -> -1
2019-07-30 09:04:03,598 INFO  server.RaftServerConfigKeys (ConfUtils.java:logGet(43)) - raft.server.snapshot.auto.trigger.enabled = true (custom)
2019-07-30 09:04:03,599 INFO  server.RaftServerConfigKeys (ConfUtils.java:logGet(43)) - raft.server.snapshot.auto.trigger.threshold = 10000 (custom)
2019-07-30 09:04:03,599 INFO  server.RaftServerConfigKeys (ConfUtils.java:logGet(43)) - raft.server.retrycache.expirytime = 600000ms (custom)
2019-07-30 09:04:03,599 INFO  impl.RaftServerImpl (RaftServerImpl.java:start(180)) - 6896fffa-0c55-4680-930e-477939663188: start group-9655C9BDA350
2019-07-30 09:04:03,599 INFO  impl.RaftServerImpl (RaftServerImpl.java:setRole(171)) - 6896fffa-0c55-4680-930e-477939663188:group-9655C9BDA350 changes role from null to FOLLOWER at term 0 for startAsFollower
2019-07-30 09:04:03,599 INFO  impl.RoleInfo (RoleInfo.java:updateAndGet(143)) - 6896fffa-0c55-4680-930e-477939663188: start FollowerState
2019-07-30 09:04:03,600 INFO  util.JmxRegister (JmxRegister.java:tryRegister(44)) - Successfully registered JMX Bean with object name Ratis:service=RaftServer,group=group-9655C9BDA350,id=6896fffa-0c55-4680-930e-477939663188
2019-07-30 09:04:03,603 INFO  pipeline.PipelineStateManager (PipelineStateManager.java:addPipeline(56)) - Created pipeline Pipeline[ Id: 8a498de8-cfb5-4014-8e6d-9655c9bda350, Nodes: 6896fffa-0c55-4680-930e-477939663188{ip: 192.168.69.91, host: byscane-nightly-jdzkf-783033596, networkLocation: /default-rack, certSerialId: null}, Type:RATIS, Factor:ONE, State:OPEN]
2019-07-30 09:04:03,625 INFO  client.GrpcClientProtocolClient (GrpcClientProtocolClient.java:onNext(255)) - client-CE234BC6E530->6eea3a1f-eb3a-4e20-b12e-52024dca4daa: receive RaftClientReply:client-CE234BC6E530->6eea3a1f-eb3a-4e20-b12e-52024dca4daa@group-D3000FDB9F5C, cid=42, FAILED org.apache.ratis.protocol.NotLeaderException: Server 6eea3a1f-eb3a-4e20-b12e-52024dca4daa is not the leader (null). Request must be sent to leader., logIndex=0, commits[6eea3a1f-eb3a-4e20-b12e-52024dca4daa:c-1]
2019-07-30 09:04:04,667 INFO  client.GrpcClientProtocolClient (GrpcClientProtocolClient.java:onNext(255)) - client-CE234BC6E530->32cefd05-cbdf-4fca-a26b-c43476f7345a: receive RaftClientReply:client-CE234BC6E530->32cefd05-cbdf-4fca-a26b-c43476f7345a@group-D3000FDB9F5C, cid=42, FAILED org.apache.ratis.protocol.NotLeaderException: Server 32cefd05-cbdf-4fca-a26b-c43476f7345a is not the leader (null). Request must be sent to leader., logIndex=0, commits[32cefd05-cbdf-4fca-a26b-c43476f7345a:c-1]
2019-07-30 09:04:05,289 INFO  container.ReplicationManager (ReplicationManager.java:start(155)) - Starting Replication Monitor Thread.
2019-07-30 09:04:05,294 INFO  container.ReplicationManager (ReplicationManager.java:run(207)) - Replication Monitor Thread took 0 milliseconds for processing 4 containers.
2019-07-30 09:04:05,689 INFO  client.GrpcClientProtocolClient (GrpcClientProtocolClient.java:onNext(255)) - client-CE234BC6E530->6eea3a1f-eb3a-4e20-b12e-52024dca4daa: receive RaftClientReply:client-CE234BC6E530->6eea3a1f-eb3a-4e20-b12e-52024dca4daa@group-D3000FDB9F5C, cid=42, FAILED org.apache.ratis.protocol.NotLeaderException: Server 6eea3a1f-eb3a-4e20-b12e-52024dca4daa is not the leader (null). Request must be sent to leader., logIndex=0, commits[6eea3a1f-eb3a-4e20-b12e-52024dca4daa:c-1]
2019-07-30 09:04:06,713 INFO  client.GrpcClientProtocolClient (GrpcClientProtocolClient.java:onNext(255)) - client-CE234BC6E530->32cefd05-cbdf-4fca-a26b-c43476f7345a: receive RaftClientReply:client-CE234BC6E530->32cefd05-cbdf-4fca-a26b-c43476f7345a@group-D3000FDB9F5C, cid=42, FAILED org.apache.ratis.protocol.NotLeaderException: Server 32cefd05-cbdf-4fca-a26b-c43476f7345a is not the leader (null). Request must be sent to leader., logIndex=0, commits[32cefd05-cbdf-4fca-a26b-c43476f7345a:c-1]
2019-07-30 09:04:07,406 INFO  impl.FollowerState (FollowerState.java:run(106)) - 95c70023-2dfa-4c70-82e4-c73f1e2c601b:group-2583EE3D9159 changes to CANDIDATE, lastRpcTime:5069, electionTimeout:5069ms
2019-07-30 09:04:07,406 INFO  impl.RoleInfo (RoleInfo.java:shutdownFollowerState(121)) - 95c70023-2dfa-4c70-82e4-c73f1e2c601b: shutdown FollowerState
2019-07-30 09:04:07,406 INFO  impl.RaftServerImpl (RaftServerImpl.java:setRole(171)) - 95c70023-2dfa-4c70-82e4-c73f1e2c601b:group-2583EE3D9159 changes role from FOLLOWER to CANDIDATE at term 0 for changeToCandidate
2019-07-30 09:04:07,406 INFO  impl.RoleInfo (RoleInfo.java:updateAndGet(143)) - 95c70023-2dfa-4c70-82e4-c73f1e2c601b: start LeaderElection
2019-07-30 09:04:07,429 INFO  impl.LeaderElection (LeaderElection.java:askForVotes(181)) - 95c70023-2dfa-4c70-82e4-c73f1e2c601b:group-2583EE3D9159:LeaderElection21: begin an election at term 1 for -1: [95c70023-2dfa-4c70-82e4-c73f1e2c601b:192.168.69.91:38198], old=null
2019-07-30 09:04:07,429 INFO  impl.RoleInfo (RoleInfo.java:shutdownLeaderElection(134)) - 95c70023-2dfa-4c70-82e4-c73f1e2c601b: shutdown LeaderElection
2019-07-30 09:04:07,429 INFO  impl.RaftServerImpl (RaftServerImpl.java:setRole(171)) - 95c70023-2dfa-4c70-82e4-c73f1e2c601b:group-2583EE3D9159 changes role from CANDIDATE to LEADER at term 1 for changeToLeader
2019-07-30 09:04:07,429 INFO  impl.RaftServerImpl (ServerState.java:setLeader(263)) - 95c70023-2dfa-4c70-82e4-c73f1e2c601b:group-2583EE3D9159 change Leader from null to 95c70023-2dfa-4c70-82e4-c73f1e2c601b at term 1 for becomeLeader, leader elected after 5100ms
2019-07-30 09:04:07,432 INFO  server.RaftServerConfigKeys (ConfUtils.java:logGet(43)) - raft.server.staging.catchup.gap = 1000 (default)
2019-07-30 09:04:07,432 INFO  server.RaftServerConfigKeys (ConfUtils.java:logGet(43)) - raft.server.rpc.sleep.time = 25ms (default)
2019-07-30 09:04:07,432 INFO  server.RaftServerConfigKeys (ConfUtils.java:logGet(43)) - raft.server.write.element-limit = 4096 (default)
2019-07-30 09:04:07,433 INFO  server.RaftServerConfigKeys (ConfUtils.java:logGet(43)) - raft.server.watch.timeout = 10s (default)
2019-07-30 09:04:07,433 INFO  server.RaftServerConfigKeys (ConfUtils.java:logGet(43)) - raft.server.watch.timeout.denomination = 1s (default)
2019-07-30 09:04:07,433 INFO  server.RaftServerConfigKeys (ConfUtils.java:logGet(43)) - raft.server.watch.element-limit = 65536 (default)
2019-07-30 09:04:07,433 INFO  impl.RoleInfo (RoleInfo.java:updateAndGet(143)) - 95c70023-2dfa-4c70-82e4-c73f1e2c601b: start LeaderState
2019-07-30 09:04:07,434 INFO  segmented.SegmentedRaftLogWorker (SegmentedRaftLogWorker.java:startLogSegment(380)) - 95c70023-2dfa-4c70-82e4-c73f1e2c601b-SegmentedRaftLogWorker:Storage Directory /workdir/hadoop-ozone/integration-test/target/test-dir/MiniOzoneClusterImpl-c1e84c7d-2436-439f-bc56-acddb819a285/datanode-0/data/ratis/319f46fa-e23a-4546-917e-2583ee3d9159: Starting segment from index:0
2019-07-30 09:04:07,435 INFO  impl.RaftServerImpl (ServerState.java:setRaftConf(361)) - 95c70023-2dfa-4c70-82e4-c73f1e2c601b:group-2583EE3D9159 set configuration 0: [95c70023-2dfa-4c70-82e4-c73f1e2c601b:192.168.69.91:38198], old=null at 0
2019-07-30 09:04:07,466 INFO  segmented.SegmentedRaftLogWorker (SegmentedRaftLogWorker.java:execute(569)) - 95c70023-2dfa-4c70-82e4-c73f1e2c601b-SegmentedRaftLogWorker:Storage Directory /workdir/hadoop-ozone/integration-test/target/test-dir/MiniOzoneClusterImpl-c1e84c7d-2436-439f-bc56-acddb819a285/datanode-0/data/ratis/319f46fa-e23a-4546-917e-2583ee3d9159: created new log segment /workdir/hadoop-ozone/integration-test/target/test-dir/MiniOzoneClusterImpl-c1e84c7d-2436-439f-bc56-acddb819a285/datanode-0/data/ratis/319f46fa-e23a-4546-917e-2583ee3d9159/current/log_inprogress_0
2019-07-30 09:04:07,512 INFO  impl.FollowerState (FollowerState.java:run(106)) - 3ba974e7-c4ce-458d-9abc-0218b9f8d1ef:group-F6D96A591C0B changes to CANDIDATE, lastRpcTime:5017, electionTimeout:5017ms
2019-07-30 09:04:07,513 INFO  impl.RoleInfo (RoleInfo.java:shutdownFollowerState(121)) - 3ba974e7-c4ce-458d-9abc-0218b9f8d1ef: shutdown FollowerState
2019-07-30 09:04:07,513 INFO  impl.RaftServerImpl (RaftServerImpl.java:setRole(171)) - 3ba974e7-c4ce-458d-9abc-0218b9f8d1ef:group-F6D96A591C0B changes role from FOLLOWER to CANDIDATE at term 0 for changeToCandidate
2019-07-30 09:04:07,513 INFO  impl.RoleInfo (RoleInfo.java:updateAndGet(143)) - 3ba974e7-c4ce-458d-9abc-0218b9f8d1ef: start LeaderElection
2019-07-30 09:04:07,546 INFO  impl.LeaderElection (LeaderElection.java:askForVotes(181)) - 3ba974e7-c4ce-458d-9abc-0218b9f8d1ef:group-F6D96A591C0B:LeaderElection22: begin an election at term 1 for -1: [3ba974e7-c4ce-458d-9abc-0218b9f8d1ef:192.168.69.91:39373], old=null
2019-07-30 09:04:07,546 INFO  impl.RoleInfo (RoleInfo.java:shutdownLeaderElection(134)) - 3ba974e7-c4ce-458d-9abc-0218b9f8d1ef: shutdown LeaderElection
2019-07-30 09:04:07,546 INFO  impl.RaftServerImpl (RaftServerImpl.java:setRole(171)) - 3ba974e7-c4ce-458d-9abc-0218b9f8d1ef:group-F6D96A591C0B changes role from CANDIDATE to LEADER at term 1 for changeToLeader
2019-07-30 09:04:07,546 INFO  impl.RaftServerImpl (ServerState.java:setLeader(263)) - 3ba974e7-c4ce-458d-9abc-0218b9f8d1ef:group-F6D96A591C0B change Leader from null to 3ba974e7-c4ce-458d-9abc-0218b9f8d1ef at term 1 for becomeLeader, leader elected after 5056ms
2019-07-30 09:04:07,549 INFO  server.RaftServerConfigKeys (ConfUtils.java:logGet(43)) - raft.server.staging.catchup.gap = 1000 (default)
2019-07-30 09:04:07,549 INFO  server.RaftServerConfigKeys (ConfUtils.java:logGet(43)) - raft.server.rpc.sleep.time = 25ms (default)
2019-07-30 09:04:07,549 INFO  server.RaftServerConfigKeys (ConfUtils.java:logGet(43)) - raft.server.write.element-limit = 4096 (default)
2019-07-30 09:04:07,549 INFO  server.RaftServerConfigKeys (ConfUtils.java:logGet(43)) - raft.server.watch.timeout = 10s (default)
2019-07-30 09:04:07,550 INFO  server.RaftServerConfigKeys (ConfUtils.java:logGet(43)) - raft.server.watch.timeout.denomination = 1s (default)
2019-07-30 09:04:07,550 INFO  server.RaftServerConfigKeys (ConfUtils.java:logGet(43)) - raft.server.watch.element-limit = 65536 (default)
2019-07-30 09:04:07,550 INFO  impl.RoleInfo (RoleInfo.java:updateAndGet(143)) - 3ba974e7-c4ce-458d-9abc-0218b9f8d1ef: start LeaderState
2019-07-30 09:04:07,550 INFO  segmented.SegmentedRaftLogWorker (SegmentedRaftLogWorker.java:startLogSegment(380)) - 3ba974e7-c4ce-458d-9abc-0218b9f8d1ef-SegmentedRaftLogWorker:Storage Directory /workdir/hadoop-ozone/integration-test/target/test-dir/MiniOzoneClusterImpl-c1e84c7d-2436-439f-bc56-acddb819a285/datanode-1/data/ratis/cac647c0-cf03-48dc-8e5f-f6d96a591c0b: Starting segment from index:0
2019-07-30 09:04:07,551 INFO  impl.RaftServerImpl (ServerState.java:setRaftConf(361)) - 3ba974e7-c4ce-458d-9abc-0218b9f8d1ef:group-F6D96A591C0B set configuration 0: [3ba974e7-c4ce-458d-9abc-0218b9f8d1ef:192.168.69.91:39373], old=null at 0
2019-07-30 09:04:07,584 INFO  segmented.SegmentedRaftLogWorker (SegmentedRaftLogWorker.java:execute(569)) - 3ba974e7-c4ce-458d-9abc-0218b9f8d1ef-SegmentedRaftLogWorker:Storage Directory /workdir/hadoop-ozone/integration-test/target/test-dir/MiniOzoneClusterImpl-c1e84c7d-2436-439f-bc56-acddb819a285/datanode-1/data/ratis/cac647c0-cf03-48dc-8e5f-f6d96a591c0b: created new log segment /workdir/hadoop-ozone/integration-test/target/test-dir/MiniOzoneClusterImpl-c1e84c7d-2436-439f-bc56-acddb819a285/datanode-1/data/ratis/cac647c0-cf03-48dc-8e5f-f6d96a591c0b/current/log_inprogress_0
2019-07-30 09:04:07,732 INFO  client.GrpcClientProtocolClient (GrpcClientProtocolClient.java:onNext(255)) - client-CE234BC6E530->6eea3a1f-eb3a-4e20-b12e-52024dca4daa: receive RaftClientReply:client-CE234BC6E530->6eea3a1f-eb3a-4e20-b12e-52024dca4daa@group-D3000FDB9F5C, cid=42, FAILED org.apache.ratis.protocol.NotLeaderException: Server 6eea3a1f-eb3a-4e20-b12e-52024dca4daa is not the leader (null). Request must be sent to leader., logIndex=0, commits[6eea3a1f-eb3a-4e20-b12e-52024dca4daa:c-1]
2019-07-30 09:04:07,873 INFO  impl.FollowerState (FollowerState.java:run(106)) - 14c4b397-7d20-4d72-b016-c8dae466110d:group-6715ADCF5D91 changes to CANDIDATE, lastRpcTime:5152, electionTimeout:5152ms
2019-07-30 09:04:07,874 INFO  impl.RoleInfo (RoleInfo.java:shutdownFollowerState(121)) - 14c4b397-7d20-4d72-b016-c8dae466110d: shutdown FollowerState
2019-07-30 09:04:07,874 INFO  impl.RaftServerImpl (RaftServerImpl.java:setRole(171)) - 14c4b397-7d20-4d72-b016-c8dae466110d:group-6715ADCF5D91 changes role from FOLLOWER to CANDIDATE at term 0 for changeToCandidate
2019-07-30 09:04:07,874 INFO  impl.RoleInfo (RoleInfo.java:updateAndGet(143)) - 14c4b397-7d20-4d72-b016-c8dae466110d: start LeaderElection
2019-07-30 09:04:07,883 INFO  impl.FollowerState (FollowerState.java:run(106)) - 95c70023-2dfa-4c70-82e4-c73f1e2c601b:group-929E7FCCEF46 changes to CANDIDATE, lastRpcTime:5090, electionTimeout:5086ms
2019-07-30 09:04:07,886 INFO  impl.RoleInfo (RoleInfo.java:shutdownFollowerState(121)) - 95c70023-2dfa-4c70-82e4-c73f1e2c601b: shutdown FollowerState
2019-07-30 09:04:07,886 INFO  impl.RaftServerImpl (RaftServerImpl.java:setRole(171)) - 95c70023-2dfa-4c70-82e4-c73f1e2c601b:group-929E7FCCEF46 changes role from FOLLOWER to CANDIDATE at term 0 for changeToCandidate
2019-07-30 09:04:07,886 INFO  impl.RoleInfo (RoleInfo.java:updateAndGet(143)) - 95c70023-2dfa-4c70-82e4-c73f1e2c601b: start LeaderElection
2019-07-30 09:04:07,902 INFO  impl.LeaderElection (LeaderElection.java:askForVotes(181)) - 14c4b397-7d20-4d72-b016-c8dae466110d:group-6715ADCF5D91:LeaderElection23: begin an election at term 1 for -1: [14c4b397-7d20-4d72-b016-c8dae466110d:192.168.69.91:39690], old=null
2019-07-30 09:04:07,902 INFO  impl.RoleInfo (RoleInfo.java:shutdownLeaderElection(134)) - 14c4b397-7d20-4d72-b016-c8dae466110d: shutdown LeaderElection
2019-07-30 09:04:07,903 INFO  impl.RaftServerImpl (RaftServerImpl.java:setRole(171)) - 14c4b397-7d20-4d72-b016-c8dae466110d:group-6715ADCF5D91 changes role from CANDIDATE to LEADER at term 1 for changeToLeader
2019-07-30 09:04:07,903 INFO  impl.RaftServerImpl (ServerState.java:setLeader(263)) - 14c4b397-7d20-4d72-b016-c8dae466110d:group-6715ADCF5D91 change Leader from null to 14c4b397-7d20-4d72-b016-c8dae466110d at term 1 for becomeLeader, leader elected after 5187ms
2019-07-30 09:04:07,903 INFO  impl.LeaderElection (LeaderElection.java:askForVotes(181)) - 95c70023-2dfa-4c70-82e4-c73f1e2c601b:group-929E7FCCEF46:LeaderElection24: begin an election at term 1 for -1: [14c4b397-7d20-4d72-b016-c8dae466110d:192.168.69.91:39690, 95c70023-2dfa-4c70-82e4-c73f1e2c601b:192.168.69.91:38198, 3ba974e7-c4ce-458d-9abc-0218b9f8d1ef:192.168.69.91:39373], old=null
2019-07-30 09:04:07,905 INFO  server.RaftServerConfigKeys (ConfUtils.java:logGet(43)) - raft.server.staging.catchup.gap = 1000 (default)
2019-07-30 09:04:07,905 INFO  server.RaftServerConfigKeys (ConfUtils.java:logGet(43)) - raft.server.rpc.sleep.time = 25ms (default)
2019-07-30 09:04:07,905 INFO  server.RaftServerConfigKeys (ConfUtils.java:logGet(43)) - raft.server.write.element-limit = 4096 (default)
2019-07-30 09:04:07,906 INFO  server.RaftServerConfigKeys (ConfUtils.java:logGet(43)) - raft.server.watch.timeout = 10s (default)
2019-07-30 09:04:07,906 INFO  server.RaftServerConfigKeys (ConfUtils.java:logGet(43)) - raft.server.watch.timeout.denomination = 1s (default)
2019-07-30 09:04:07,906 INFO  server.RaftServerConfigKeys (ConfUtils.java:logGet(43)) - raft.server.watch.element-limit = 65536 (default)
2019-07-30 09:04:07,907 INFO  impl.RoleInfo (RoleInfo.java:updateAndGet(143)) - 14c4b397-7d20-4d72-b016-c8dae466110d: start LeaderState
2019-07-30 09:04:07,907 INFO  segmented.SegmentedRaftLogWorker (SegmentedRaftLogWorker.java:startLogSegment(380)) - 14c4b397-7d20-4d72-b016-c8dae466110d-SegmentedRaftLogWorker:Storage Directory /workdir/hadoop-ozone/integration-test/target/test-dir/MiniOzoneClusterImpl-c1e84c7d-2436-439f-bc56-acddb819a285/datanode-2/data/ratis/7854d145-c3f7-4b3b-91aa-6715adcf5d91: Starting segment from index:0
2019-07-30 09:04:07,908 INFO  impl.RaftServerImpl (ServerState.java:setRaftConf(361)) - 14c4b397-7d20-4d72-b016-c8dae466110d:group-6715ADCF5D91 set configuration 0: [14c4b397-7d20-4d72-b016-c8dae466110d:192.168.69.91:39690], old=null at 0
2019-07-30 09:04:07,930 INFO  impl.RaftServerImpl (RaftServerImpl.java:setRole(171)) - 3ba974e7-c4ce-458d-9abc-0218b9f8d1ef:group-929E7FCCEF46 changes role from FOLLOWER to FOLLOWER at term 1 for recognizeCandidate:95c70023-2dfa-4c70-82e4-c73f1e2c601b
2019-07-30 09:04:07,930 INFO  impl.RaftServerImpl (RaftServerImpl.java:setRole(171)) - 14c4b397-7d20-4d72-b016-c8dae466110d:group-929E7FCCEF46 changes role from FOLLOWER to FOLLOWER at term 1 for recognizeCandidate:95c70023-2dfa-4c70-82e4-c73f1e2c601b
2019-07-30 09:04:07,930 INFO  impl.RoleInfo (RoleInfo.java:shutdownFollowerState(121)) - 3ba974e7-c4ce-458d-9abc-0218b9f8d1ef: shutdown FollowerState
2019-07-30 09:04:07,930 INFO  impl.RoleInfo (RoleInfo.java:shutdownFollowerState(121)) - 14c4b397-7d20-4d72-b016-c8dae466110d: shutdown FollowerState
2019-07-30 09:04:07,931 INFO  impl.FollowerState (FollowerState.java:run(114)) - 3ba974e7-c4ce-458d-9abc-0218b9f8d1ef: FollowerState was interrupted: java.lang.InterruptedException: sleep interrupted
2019-07-30 09:04:07,931 INFO  impl.RoleInfo (RoleInfo.java:updateAndGet(143)) - 14c4b397-7d20-4d72-b016-c8dae466110d: start FollowerState
2019-07-30 09:04:07,931 INFO  impl.RoleInfo (RoleInfo.java:updateAndGet(143)) - 3ba974e7-c4ce-458d-9abc-0218b9f8d1ef: start FollowerState
2019-07-30 09:04:07,933 INFO  impl.FollowerState (FollowerState.java:run(114)) - 14c4b397-7d20-4d72-b016-c8dae466110d: FollowerState was interrupted: java.lang.InterruptedException: sleep interrupted
2019-07-30 09:04:07,939 INFO  segmented.SegmentedRaftLogWorker (SegmentedRaftLogWorker.java:execute(569)) - 14c4b397-7d20-4d72-b016-c8dae466110d-SegmentedRaftLogWorker:Storage Directory /workdir/hadoop-ozone/integration-test/target/test-dir/MiniOzoneClusterImpl-c1e84c7d-2436-439f-bc56-acddb819a285/datanode-2/data/ratis/7854d145-c3f7-4b3b-91aa-6715adcf5d91: created new log segment /workdir/hadoop-ozone/integration-test/target/test-dir/MiniOzoneClusterImpl-c1e84c7d-2436-439f-bc56-acddb819a285/datanode-2/data/ratis/7854d145-c3f7-4b3b-91aa-6715adcf5d91/current/log_inprogress_0
2019-07-30 09:04:07,940 INFO  impl.FollowerState (FollowerState.java:run(106)) - d648d6ac-b5c0-4b07-8b62-deafe482d68a:group-E9AA51D5C679 changes to CANDIDATE, lastRpcTime:5064, electionTimeout:5064ms
2019-07-30 09:04:07,940 INFO  impl.LeaderElection (LeaderElection.java:logAndReturn(56)) - 95c70023-2dfa-4c70-82e4-c73f1e2c601b:group-929E7FCCEF46:LeaderElection24: Election PASSED; received 1 response(s) [95c70023-2dfa-4c70-82e4-c73f1e2c601b<-14c4b397-7d20-4d72-b016-c8dae466110d#0:OK-t1] and 0 exception(s); 95c70023-2dfa-4c70-82e4-c73f1e2c601b:t1, leader=null, voted=95c70023-2dfa-4c70-82e4-c73f1e2c601b, raftlog=95c70023-2dfa-4c70-82e4-c73f1e2c601b-SegmentedRaftLog:OPENED:c-1,f-1,i0, conf=-1: [14c4b397-7d20-4d72-b016-c8dae466110d:192.168.69.91:39690, 95c70023-2dfa-4c70-82e4-c73f1e2c601b:192.168.69.91:38198, 3ba974e7-c4ce-458d-9abc-0218b9f8d1ef:192.168.69.91:39373], old=null
2019-07-30 09:04:07,941 INFO  impl.RoleInfo (RoleInfo.java:shutdownFollowerState(121)) - d648d6ac-b5c0-4b07-8b62-deafe482d68a: shutdown FollowerState
2019-07-30 09:04:07,941 INFO  impl.RoleInfo (RoleInfo.java:shutdownLeaderElection(134)) - 95c70023-2dfa-4c70-82e4-c73f1e2c601b: shutdown LeaderElection
2019-07-30 09:04:07,941 INFO  impl.RaftServerImpl (RaftServerImpl.java:setRole(171)) - d648d6ac-b5c0-4b07-8b62-deafe482d68a:group-E9AA51D5C679 changes role from FOLLOWER to CANDIDATE at term 0 for changeToCandidate
2019-07-30 09:04:07,941 INFO  impl.RaftServerImpl (RaftServerImpl.java:setRole(171)) - 95c70023-2dfa-4c70-82e4-c73f1e2c601b:group-929E7FCCEF46 changes role from CANDIDATE to LEADER at term 1 for changeToLeader
2019-07-30 09:04:07,941 INFO  impl.RoleInfo (RoleInfo.java:updateAndGet(143)) - d648d6ac-b5c0-4b07-8b62-deafe482d68a: start LeaderElection
2019-07-30 09:04:07,941 INFO  impl.RaftServerImpl (ServerState.java:setLeader(263)) - 95c70023-2dfa-4c70-82e4-c73f1e2c601b:group-929E7FCCEF46 change Leader from null to 95c70023-2dfa-4c70-82e4-c73f1e2c601b at term 1 for becomeLeader, leader elected after 5156ms
2019-07-30 09:04:07,942 INFO  server.RaftServerConfigKeys (ConfUtils.java:logGet(43)) - raft.server.staging.catchup.gap = 1000 (default)
2019-07-30 09:04:07,945 INFO  server.RaftServerConfigKeys (ConfUtils.java:logGet(43)) - raft.server.rpc.sleep.time = 25ms (default)
2019-07-30 09:04:07,945 INFO  server.RaftServerConfigKeys (ConfUtils.java:logGet(43)) - raft.server.write.element-limit = 4096 (default)
2019-07-30 09:04:07,946 INFO  server.RaftServerConfigKeys (ConfUtils.java:logGet(43)) - raft.server.watch.timeout = 10s (default)
2019-07-30 09:04:07,946 INFO  server.RaftServerConfigKeys (ConfUtils.java:logGet(43)) - raft.server.watch.timeout.denomination = 1s (default)
2019-07-30 09:04:07,946 INFO  server.RaftServerConfigKeys (ConfUtils.java:logGet(43)) - raft.server.watch.element-limit = 65536 (default)
2019-07-30 09:04:07,946 INFO  server.RaftServerConfigKeys (ConfUtils.java:logGet(43)) - raft.server.log.appender.snapshot.chunk.size.max = 16MB (=16777216) (default)
2019-07-30 09:04:07,946 INFO  server.RaftServerConfigKeys (ConfUtils.java:logGet(43)) - raft.server.log.appender.buffer.byte-limit = 33554432 (custom)
2019-07-30 09:04:07,947 INFO  server.RaftServerConfigKeys (ConfUtils.java:logGet(43)) - raft.server.log.appender.buffer.element-limit = 1 (custom)
2019-07-30 09:04:07,947 INFO  grpc.GrpcConfigKeys$Server (ConfUtils.java:logGet(43)) - raft.grpc.server.leader.outstanding.appends.max = 128 (default)
2019-07-30 09:04:07,947 INFO  server.RaftServerConfigKeys (ConfUtils.java:logGet(43)) - raft.server.rpc.request.timeout = 3000ms (default)
2019-07-30 09:04:07,947 INFO  server.RaftServerConfigKeys (ConfUtils.java:logGet(43)) - raft.server.log.appender.install.snapshot.enabled = false (custom)
2019-07-30 09:04:07,947 INFO  server.RaftServerConfigKeys (ConfUtils.java:logGet(43)) - raft.server.log.appender.snapshot.chunk.size.max = 16MB (=16777216) (default)
2019-07-30 09:04:07,947 INFO  server.RaftServerConfigKeys (ConfUtils.java:logGet(43)) - raft.server.log.appender.buffer.byte-limit = 33554432 (custom)
2019-07-30 09:04:07,948 INFO  server.RaftServerConfigKeys (ConfUtils.java:logGet(43)) - raft.server.log.appender.buffer.element-limit = 1 (custom)
2019-07-30 09:04:07,948 INFO  grpc.GrpcConfigKeys$Server (ConfUtils.java:logGet(43)) - raft.grpc.server.leader.outstanding.appends.max = 128 (default)
2019-07-30 09:04:07,948 INFO  server.RaftServerConfigKeys (ConfUtils.java:logGet(43)) - raft.server.rpc.request.timeout = 3000ms (default)
2019-07-30 09:04:07,948 INFO  server.RaftServerConfigKeys (ConfUtils.java:logGet(43)) - raft.server.log.appender.install.snapshot.enabled = false (custom)
2019-07-30 09:04:07,948 INFO  impl.RoleInfo (RoleInfo.java:updateAndGet(143)) - 95c70023-2dfa-4c70-82e4-c73f1e2c601b: start LeaderState
2019-07-30 09:04:07,949 INFO  segmented.SegmentedRaftLogWorker (SegmentedRaftLogWorker.java:startLogSegment(380)) - 95c70023-2dfa-4c70-82e4-c73f1e2c601b-SegmentedRaftLogWorker:Storage Directory /workdir/hadoop-ozone/integration-test/target/test-dir/MiniOzoneClusterImpl-c1e84c7d-2436-439f-bc56-acddb819a285/datanode-0/data/ratis/602fd9e0-95f8-4715-8a09-929e7fccef46: Starting segment from index:0
2019-07-30 09:04:07,951 INFO  impl.RaftServerImpl (ServerState.java:setRaftConf(361)) - 95c70023-2dfa-4c70-82e4-c73f1e2c601b:group-929E7FCCEF46 set configuration 0: [14c4b397-7d20-4d72-b016-c8dae466110d:192.168.69.91:39690, 95c70023-2dfa-4c70-82e4-c73f1e2c601b:192.168.69.91:38198, 3ba974e7-c4ce-458d-9abc-0218b9f8d1ef:192.168.69.91:39373], old=null at 0
2019-07-30 09:04:07,953 INFO  impl.LeaderElection (LeaderElection.java:askForVotes(181)) - d648d6ac-b5c0-4b07-8b62-deafe482d68a:group-E9AA51D5C679:LeaderElection25: begin an election at term 1 for -1: [d648d6ac-b5c0-4b07-8b62-deafe482d68a:192.168.69.91:35830], old=null
2019-07-30 09:04:07,953 INFO  impl.RoleInfo (RoleInfo.java:shutdownLeaderElection(134)) - d648d6ac-b5c0-4b07-8b62-deafe482d68a: shutdown LeaderElection
2019-07-30 09:04:07,953 INFO  impl.RaftServerImpl (RaftServerImpl.java:setRole(171)) - d648d6ac-b5c0-4b07-8b62-deafe482d68a:group-E9AA51D5C679 changes role from CANDIDATE to LEADER at term 1 for changeToLeader
2019-07-30 09:04:07,954 INFO  impl.RaftServerImpl (ServerState.java:setLeader(263)) - d648d6ac-b5c0-4b07-8b62-deafe482d68a:group-E9AA51D5C679 change Leader from null to d648d6ac-b5c0-4b07-8b62-deafe482d68a at term 1 for becomeLeader, leader elected after 5082ms
2019-07-30 09:04:07,968 INFO  server.RaftServerConfigKeys (ConfUtils.java:logGet(43)) - raft.server.staging.catchup.gap = 1000 (default)
2019-07-30 09:04:07,968 INFO  server.RaftServerConfigKeys (ConfUtils.java:logGet(43)) - raft.server.rpc.sleep.time = 25ms (default)
2019-07-30 09:04:07,968 INFO  server.RaftServerConfigKeys (ConfUtils.java:logGet(43)) - raft.server.write.element-limit = 4096 (default)
2019-07-30 09:04:07,969 INFO  server.RaftServerConfigKeys (ConfUtils.java:logGet(43)) - raft.server.watch.timeout = 10s (default)
2019-07-30 09:04:07,969 INFO  server.RaftServerConfigKeys (ConfUtils.java:logGet(43)) - raft.server.watch.timeout.denomination = 1s (default)
2019-07-30 09:04:07,969 INFO  impl.RaftServerImpl (ServerState.java:setLeader(263)) - 14c4b397-7d20-4d72-b016-c8dae466110d:group-929E7FCCEF46 change Leader from null to 95c70023-2dfa-4c70-82e4-c73f1e2c601b at term 1 for appendEntries, leader elected after 5183ms
2019-07-30 09:04:07,969 INFO  impl.RaftServerImpl (ServerState.java:setLeader(263)) - 3ba974e7-c4ce-458d-9abc-0218b9f8d1ef:group-929E7FCCEF46 change Leader from null to 95c70023-2dfa-4c70-82e4-c73f1e2c601b at term 1 for appendEntries, leader elected after 5183ms
2019-07-30 09:04:07,969 INFO  server.RaftServerConfigKeys (ConfUtils.java:logGet(43)) - raft.server.watch.element-limit = 65536 (default)
2019-07-30 09:04:07,972 INFO  impl.RoleInfo (RoleInfo.java:updateAndGet(143)) - d648d6ac-b5c0-4b07-8b62-deafe482d68a: start LeaderState
2019-07-30 09:04:07,972 INFO  segmented.SegmentedRaftLogWorker (SegmentedRaftLogWorker.java:startLogSegment(380)) - d648d6ac-b5c0-4b07-8b62-deafe482d68a-SegmentedRaftLogWorker:Storage Directory /workdir/hadoop-ozone/integration-test/target/test-dir/MiniOzoneClusterImpl-c1e84c7d-2436-439f-bc56-acddb819a285/datanode-3/data/ratis/98eeb46d-c472-4dd8-a0f2-e9aa51d5c679: Starting segment from index:0
2019-07-30 09:04:07,974 INFO  impl.RaftServerImpl (ServerState.java:setRaftConf(361)) - d648d6ac-b5c0-4b07-8b62-deafe482d68a:group-E9AA51D5C679 set configuration 0: [d648d6ac-b5c0-4b07-8b62-deafe482d68a:192.168.69.91:35830], old=null at 0
2019-07-30 09:04:07,991 INFO  segmented.SegmentedRaftLogWorker (SegmentedRaftLogWorker.java:execute(569)) - 95c70023-2dfa-4c70-82e4-c73f1e2c601b-SegmentedRaftLogWorker:Storage Directory /workdir/hadoop-ozone/integration-test/target/test-dir/MiniOzoneClusterImpl-c1e84c7d-2436-439f-bc56-acddb819a285/datanode-0/data/ratis/602fd9e0-95f8-4715-8a09-929e7fccef46: created new log segment /workdir/hadoop-ozone/integration-test/target/test-dir/MiniOzoneClusterImpl-c1e84c7d-2436-439f-bc56-acddb819a285/datanode-0/data/ratis/602fd9e0-95f8-4715-8a09-929e7fccef46/current/log_inprogress_0
2019-07-30 09:04:07,993 INFO  impl.RaftServerImpl (ServerState.java:setRaftConf(361)) - 14c4b397-7d20-4d72-b016-c8dae466110d:group-929E7FCCEF46 set configuration 0: [14c4b397-7d20-4d72-b016-c8dae466110d:192.168.69.91:39690, 95c70023-2dfa-4c70-82e4-c73f1e2c601b:192.168.69.91:38198, 3ba974e7-c4ce-458d-9abc-0218b9f8d1ef:192.168.69.91:39373], old=null at 0
2019-07-30 09:04:07,993 INFO  impl.RaftServerImpl (ServerState.java:setRaftConf(361)) - 3ba974e7-c4ce-458d-9abc-0218b9f8d1ef:group-929E7FCCEF46 set configuration 0: [14c4b397-7d20-4d72-b016-c8dae466110d:192.168.69.91:39690, 95c70023-2dfa-4c70-82e4-c73f1e2c601b:192.168.69.91:38198, 3ba974e7-c4ce-458d-9abc-0218b9f8d1ef:192.168.69.91:39373], old=null at 0
2019-07-30 09:04:07,993 INFO  segmented.SegmentedRaftLogWorker (SegmentedRaftLogWorker.java:startLogSegment(380)) - 14c4b397-7d20-4d72-b016-c8dae466110d-SegmentedRaftLogWorker:Storage Directory /workdir/hadoop-ozone/integration-test/target/test-dir/MiniOzoneClusterImpl-c1e84c7d-2436-439f-bc56-acddb819a285/datanode-2/data/ratis/602fd9e0-95f8-4715-8a09-929e7fccef46: Starting segment from index:0
2019-07-30 09:04:07,993 INFO  segmented.SegmentedRaftLogWorker (SegmentedRaftLogWorker.java:startLogSegment(380)) - 3ba974e7-c4ce-458d-9abc-0218b9f8d1ef-SegmentedRaftLogWorker:Storage Directory /workdir/hadoop-ozone/integration-test/target/test-dir/MiniOzoneClusterImpl-c1e84c7d-2436-439f-bc56-acddb819a285/datanode-1/data/ratis/602fd9e0-95f8-4715-8a09-929e7fccef46: Starting segment from index:0
2019-07-30 09:04:08,000 INFO  segmented.SegmentedRaftLogWorker (SegmentedRaftLogWorker.java:execute(569)) - d648d6ac-b5c0-4b07-8b62-deafe482d68a-SegmentedRaftLogWorker:Storage Directory /workdir/hadoop-ozone/integration-test/target/test-dir/MiniOzoneClusterImpl-c1e84c7d-2436-439f-bc56-acddb819a285/datanode-3/data/ratis/98eeb46d-c472-4dd8-a0f2-e9aa51d5c679: created new log segment /workdir/hadoop-ozone/integration-test/target/test-dir/MiniOzoneClusterImpl-c1e84c7d-2436-439f-bc56-acddb819a285/datanode-3/data/ratis/98eeb46d-c472-4dd8-a0f2-e9aa51d5c679/current/log_inprogress_0
2019-07-30 09:04:08,014 INFO  segmented.SegmentedRaftLogWorker (SegmentedRaftLogWorker.java:execute(569)) - 3ba974e7-c4ce-458d-9abc-0218b9f8d1ef-SegmentedRaftLogWorker:Storage Directory /workdir/hadoop-ozone/integration-test/target/test-dir/MiniOzoneClusterImpl-c1e84c7d-2436-439f-bc56-acddb819a285/datanode-1/data/ratis/602fd9e0-95f8-4715-8a09-929e7fccef46: created new log segment /workdir/hadoop-ozone/integration-test/target/test-dir/MiniOzoneClusterImpl-c1e84c7d-2436-439f-bc56-acddb819a285/datanode-1/data/ratis/602fd9e0-95f8-4715-8a09-929e7fccef46/current/log_inprogress_0
2019-07-30 09:04:08,014 INFO  segmented.SegmentedRaftLogWorker (SegmentedRaftLogWorker.java:execute(569)) - 14c4b397-7d20-4d72-b016-c8dae466110d-SegmentedRaftLogWorker:Storage Directory /workdir/hadoop-ozone/integration-test/target/test-dir/MiniOzoneClusterImpl-c1e84c7d-2436-439f-bc56-acddb819a285/datanode-2/data/ratis/602fd9e0-95f8-4715-8a09-929e7fccef46: created new log segment /workdir/hadoop-ozone/integration-test/target/test-dir/MiniOzoneClusterImpl-c1e84c7d-2436-439f-bc56-acddb819a285/datanode-2/data/ratis/602fd9e0-95f8-4715-8a09-929e7fccef46/current/log_inprogress_0
2019-07-30 09:04:08,285 INFO  impl.FollowerState (FollowerState.java:run(106)) - 6eea3a1f-eb3a-4e20-b12e-52024dca4daa:group-37BC55C0E475 changes to CANDIDATE, lastRpcTime:5098, electionTimeout:5098ms
2019-07-30 09:04:08,285 INFO  impl.RoleInfo (RoleInfo.java:shutdownFollowerState(121)) - 6eea3a1f-eb3a-4e20-b12e-52024dca4daa: shutdown FollowerState
2019-07-30 09:04:08,285 INFO  impl.RaftServerImpl (RaftServerImpl.java:setRole(171)) - 6eea3a1f-eb3a-4e20-b12e-52024dca4daa:group-37BC55C0E475 changes role from FOLLOWER to CANDIDATE at term 0 for changeToCandidate
2019-07-30 09:04:08,286 INFO  impl.RoleInfo (RoleInfo.java:updateAndGet(143)) - 6eea3a1f-eb3a-4e20-b12e-52024dca4daa: start LeaderElection
2019-07-30 09:04:08,306 INFO  impl.LeaderElection (LeaderElection.java:askForVotes(181)) - 6eea3a1f-eb3a-4e20-b12e-52024dca4daa:group-37BC55C0E475:LeaderElection26: begin an election at term 1 for -1: [6eea3a1f-eb3a-4e20-b12e-52024dca4daa:192.168.69.91:40369], old=null
2019-07-30 09:04:08,306 INFO  impl.RoleInfo (RoleInfo.java:shutdownLeaderElection(134)) - 6eea3a1f-eb3a-4e20-b12e-52024dca4daa: shutdown LeaderElection
2019-07-30 09:04:08,306 INFO  impl.RaftServerImpl (RaftServerImpl.java:setRole(171)) - 6eea3a1f-eb3a-4e20-b12e-52024dca4daa:group-37BC55C0E475 changes role from CANDIDATE to LEADER at term 1 for changeToLeader
2019-07-30 09:04:08,307 INFO  impl.RaftServerImpl (ServerState.java:setLeader(263)) - 6eea3a1f-eb3a-4e20-b12e-52024dca4daa:group-37BC55C0E475 change Leader from null to 6eea3a1f-eb3a-4e20-b12e-52024dca4daa at term 1 for becomeLeader, leader elected after 5126ms
2019-07-30 09:04:08,309 INFO  server.RaftServerConfigKeys (ConfUtils.java:logGet(43)) - raft.server.staging.catchup.gap = 1000 (default)
2019-07-30 09:04:08,309 INFO  server.RaftServerConfigKeys (ConfUtils.java:logGet(43)) - raft.server.rpc.sleep.time = 25ms (default)
2019-07-30 09:04:08,309 INFO  server.RaftServerConfigKeys (ConfUtils.java:logGet(43)) - raft.server.write.element-limit = 4096 (default)
2019-07-30 09:04:08,309 INFO  server.RaftServerConfigKeys (ConfUtils.java:logGet(43)) - raft.server.watch.timeout = 10s (default)
2019-07-30 09:04:08,310 INFO  server.RaftServerConfigKeys (ConfUtils.java:logGet(43)) - raft.server.watch.timeout.denomination = 1s (default)
2019-07-30 09:04:08,310 INFO  server.RaftServerConfigKeys (ConfUtils.java:logGet(43)) - raft.server.watch.element-limit = 65536 (default)
2019-07-30 09:04:08,310 INFO  impl.RoleInfo (RoleInfo.java:updateAndGet(143)) - 6eea3a1f-eb3a-4e20-b12e-52024dca4daa: start LeaderState
2019-07-30 09:04:08,310 INFO  segmented.SegmentedRaftLogWorker (SegmentedRaftLogWorker.java:startLogSegment(380)) - 6eea3a1f-eb3a-4e20-b12e-52024dca4daa-SegmentedRaftLogWorker:Storage Directory /workdir/hadoop-ozone/integration-test/target/test-dir/MiniOzoneClusterImpl-c1e84c7d-2436-439f-bc56-acddb819a285/datanode-4/data/ratis/d32630f9-835e-41c9-8088-37bc55c0e475: Starting segment from index:0
2019-07-30 09:04:08,311 INFO  impl.RaftServerImpl (ServerState.java:setRaftConf(361)) - 6eea3a1f-eb3a-4e20-b12e-52024dca4daa:group-37BC55C0E475 set configuration 0: [6eea3a1f-eb3a-4e20-b12e-52024dca4daa:192.168.69.91:40369], old=null at 0
2019-07-30 09:04:08,345 INFO  segmented.SegmentedRaftLogWorker (SegmentedRaftLogWorker.java:execute(569)) - 6eea3a1f-eb3a-4e20-b12e-52024dca4daa-SegmentedRaftLogWorker:Storage Directory /workdir/hadoop-ozone/integration-test/target/test-dir/MiniOzoneClusterImpl-c1e84c7d-2436-439f-bc56-acddb819a285/datanode-4/data/ratis/d32630f9-835e-41c9-8088-37bc55c0e475: created new log segment /workdir/hadoop-ozone/integration-test/target/test-dir/MiniOzoneClusterImpl-c1e84c7d-2436-439f-bc56-acddb819a285/datanode-4/data/ratis/d32630f9-835e-41c9-8088-37bc55c0e475/current/log_inprogress_0
2019-07-30 09:04:08,395 INFO  impl.FollowerState (FollowerState.java:run(106)) - 32cefd05-cbdf-4fca-a26b-c43476f7345a:group-DF9BD26EDE91 changes to CANDIDATE, lastRpcTime:5009, electionTimeout:5009ms
2019-07-30 09:04:08,396 INFO  impl.RoleInfo (RoleInfo.java:shutdownFollowerState(121)) - 32cefd05-cbdf-4fca-a26b-c43476f7345a: shutdown FollowerState
2019-07-30 09:04:08,396 INFO  impl.RaftServerImpl (RaftServerImpl.java:setRole(171)) - 32cefd05-cbdf-4fca-a26b-c43476f7345a:group-DF9BD26EDE91 changes role from FOLLOWER to CANDIDATE at term 0 for changeToCandidate
2019-07-30 09:04:08,396 INFO  impl.RoleInfo (RoleInfo.java:updateAndGet(143)) - 32cefd05-cbdf-4fca-a26b-c43476f7345a: start LeaderElection
2019-07-30 09:04:08,414 INFO  impl.LeaderElection (LeaderElection.java:askForVotes(181)) - 32cefd05-cbdf-4fca-a26b-c43476f7345a:group-DF9BD26EDE91:LeaderElection27: begin an election at term 1 for -1: [32cefd05-cbdf-4fca-a26b-c43476f7345a:192.168.69.91:43216], old=null
2019-07-30 09:04:08,415 INFO  impl.RoleInfo (RoleInfo.java:shutdownLeaderElection(134)) - 32cefd05-cbdf-4fca-a26b-c43476f7345a: shutdown LeaderElection
2019-07-30 09:04:08,415 INFO  impl.RaftServerImpl (RaftServerImpl.java:setRole(171)) - 32cefd05-cbdf-4fca-a26b-c43476f7345a:group-DF9BD26EDE91 changes role from CANDIDATE to LEADER at term 1 for changeToLeader
2019-07-30 09:04:08,415 INFO  impl.RaftServerImpl (ServerState.java:setLeader(263)) - 32cefd05-cbdf-4fca-a26b-c43476f7345a:group-DF9BD26EDE91 change Leader from null to 32cefd05-cbdf-4fca-a26b-c43476f7345a at term 1 for becomeLeader, leader elected after 5034ms
2019-07-30 09:04:08,417 INFO  server.RaftServerConfigKeys (ConfUtils.java:logGet(43)) - raft.server.staging.catchup.gap = 1000 (default)
2019-07-30 09:04:08,418 INFO  server.RaftServerConfigKeys (ConfUtils.java:logGet(43)) - raft.server.rpc.sleep.time = 25ms (default)
2019-07-30 09:04:08,418 INFO  server.RaftServerConfigKeys (ConfUtils.java:logGet(43)) - raft.server.write.element-limit = 4096 (default)
2019-07-30 09:04:08,418 INFO  server.RaftServerConfigKeys (ConfUtils.java:logGet(43)) - raft.server.watch.timeout = 10s (default)
2019-07-30 09:04:08,418 INFO  server.RaftServerConfigKeys (ConfUtils.java:logGet(43)) - raft.server.watch.timeout.denomination = 1s (default)
2019-07-30 09:04:08,418 INFO  server.RaftServerConfigKeys (ConfUtils.java:logGet(43)) - raft.server.watch.element-limit = 65536 (default)
2019-07-30 09:04:08,419 INFO  impl.RoleInfo (RoleInfo.java:updateAndGet(143)) - 32cefd05-cbdf-4fca-a26b-c43476f7345a: start LeaderState
2019-07-30 09:04:08,419 INFO  segmented.SegmentedRaftLogWorker (SegmentedRaftLogWorker.java:startLogSegment(380)) - 32cefd05-cbdf-4fca-a26b-c43476f7345a-SegmentedRaftLogWorker:Storage Directory /workdir/hadoop-ozone/integration-test/target/test-dir/MiniOzoneClusterImpl-c1e84c7d-2436-439f-bc56-acddb819a285/datanode-5/data/ratis/ce20fb7e-43e9-4c9a-9138-df9bd26ede91: Starting segment from index:0
2019-07-30 09:04:08,419 INFO  impl.RaftServerImpl (ServerState.java:setRaftConf(361)) - 32cefd05-cbdf-4fca-a26b-c43476f7345a:group-DF9BD26EDE91 set configuration 0: [32cefd05-cbdf-4fca-a26b-c43476f7345a:192.168.69.91:43216], old=null at 0
2019-07-30 09:04:08,464 INFO  segmented.SegmentedRaftLogWorker (SegmentedRaftLogWorker.java:execute(569)) - 32cefd05-cbdf-4fca-a26b-c43476f7345a-SegmentedRaftLogWorker:Storage Directory /workdir/hadoop-ozone/integration-test/target/test-dir/MiniOzoneClusterImpl-c1e84c7d-2436-439f-bc56-acddb819a285/datanode-5/data/ratis/ce20fb7e-43e9-4c9a-9138-df9bd26ede91: created new log segment /workdir/hadoop-ozone/integration-test/target/test-dir/MiniOzoneClusterImpl-c1e84c7d-2436-439f-bc56-acddb819a285/datanode-5/data/ratis/ce20fb7e-43e9-4c9a-9138-df9bd26ede91/current/log_inprogress_0
2019-07-30 09:04:08,470 INFO  impl.FollowerState (FollowerState.java:run(106)) - 6eea3a1f-eb3a-4e20-b12e-52024dca4daa:group-D3000FDB9F5C changes to CANDIDATE, lastRpcTime:5015, electionTimeout:5014ms
2019-07-30 09:04:08,471 INFO  impl.RoleInfo (RoleInfo.java:shutdownFollowerState(121)) - 6eea3a1f-eb3a-4e20-b12e-52024dca4daa: shutdown FollowerState
2019-07-30 09:04:08,471 INFO  impl.RaftServerImpl (RaftServerImpl.java:setRole(171)) - 6eea3a1f-eb3a-4e20-b12e-52024dca4daa:group-D3000FDB9F5C changes role from FOLLOWER to CANDIDATE at term 0 for changeToCandidate
2019-07-30 09:04:08,471 INFO  impl.RoleInfo (RoleInfo.java:updateAndGet(143)) - 6eea3a1f-eb3a-4e20-b12e-52024dca4daa: start LeaderElection
2019-07-30 09:04:08,480 INFO  impl.FollowerState (FollowerState.java:run(106)) - 32cefd05-cbdf-4fca-a26b-c43476f7345a:group-D3000FDB9F5C changes to CANDIDATE, lastRpcTime:5021, electionTimeout:5021ms
2019-07-30 09:04:08,480 INFO  impl.RoleInfo (RoleInfo.java:shutdownFollowerState(121)) - 32cefd05-cbdf-4fca-a26b-c43476f7345a: shutdown FollowerState
2019-07-30 09:04:08,480 INFO  impl.RaftServerImpl (RaftServerImpl.java:setRole(171)) - 32cefd05-cbdf-4fca-a26b-c43476f7345a:group-D3000FDB9F5C changes role from FOLLOWER to CANDIDATE at term 0 for changeToCandidate
2019-07-30 09:04:08,480 INFO  impl.RoleInfo (RoleInfo.java:updateAndGet(143)) - 32cefd05-cbdf-4fca-a26b-c43476f7345a: start LeaderElection
2019-07-30 09:04:08,490 INFO  impl.LeaderElection (LeaderElection.java:askForVotes(181)) - 32cefd05-cbdf-4fca-a26b-c43476f7345a:group-D3000FDB9F5C:LeaderElection29: begin an election at term 1 for -1: [6eea3a1f-eb3a-4e20-b12e-52024dca4daa:192.168.69.91:40369, d648d6ac-b5c0-4b07-8b62-deafe482d68a:192.168.69.91:35830, 32cefd05-cbdf-4fca-a26b-c43476f7345a:192.168.69.91:43216], old=null
2019-07-30 09:04:08,490 INFO  impl.LeaderElection (LeaderElection.java:askForVotes(181)) - 6eea3a1f-eb3a-4e20-b12e-52024dca4daa:group-D3000FDB9F5C:LeaderElection28: begin an election at term 1 for -1: [6eea3a1f-eb3a-4e20-b12e-52024dca4daa:192.168.69.91:40369, d648d6ac-b5c0-4b07-8b62-deafe482d68a:192.168.69.91:35830, 32cefd05-cbdf-4fca-a26b-c43476f7345a:192.168.69.91:43216], old=null
2019-07-30 09:04:08,497 INFO  impl.FollowerState (FollowerState.java:run(106)) - d648d6ac-b5c0-4b07-8b62-deafe482d68a:group-D3000FDB9F5C changes to CANDIDATE, lastRpcTime:5037, electionTimeout:5037ms
2019-07-30 09:04:08,500 INFO  impl.RoleInfo (RoleInfo.java:shutdownFollowerState(121)) - d648d6ac-b5c0-4b07-8b62-deafe482d68a: shutdown FollowerState
2019-07-30 09:04:08,500 INFO  impl.RaftServerImpl (RaftServerImpl.java:setRole(171)) - d648d6ac-b5c0-4b07-8b62-deafe482d68a:group-D3000FDB9F5C changes role from FOLLOWER to CANDIDATE at term 0 for changeToCandidate
2019-07-30 09:04:08,500 INFO  impl.RoleInfo (RoleInfo.java:updateAndGet(143)) - d648d6ac-b5c0-4b07-8b62-deafe482d68a: start LeaderElection
2019-07-30 09:04:08,501 INFO  impl.RaftServerImpl (RaftServerImpl.java:setRole(171)) - d648d6ac-b5c0-4b07-8b62-deafe482d68a:group-D3000FDB9F5C changes role from CANDIDATE to FOLLOWER at term 1 for recognizeCandidate:32cefd05-cbdf-4fca-a26b-c43476f7345a
2019-07-30 09:04:08,504 INFO  impl.RoleInfo (RoleInfo.java:shutdownLeaderElection(134)) - d648d6ac-b5c0-4b07-8b62-deafe482d68a: shutdown LeaderElection
2019-07-30 09:04:08,504 INFO  impl.RoleInfo (RoleInfo.java:updateAndGet(143)) - d648d6ac-b5c0-4b07-8b62-deafe482d68a: start FollowerState
2019-07-30 09:04:08,520 INFO  impl.RaftServerImpl (RaftServerImpl.java:setRole(171)) - d648d6ac-b5c0-4b07-8b62-deafe482d68a:group-D3000FDB9F5C changes role from FOLLOWER to FOLLOWER at term 1 for recognizeCandidate:6eea3a1f-eb3a-4e20-b12e-52024dca4daa
2019-07-30 09:04:08,520 INFO  impl.RoleInfo (RoleInfo.java:shutdownFollowerState(121)) - d648d6ac-b5c0-4b07-8b62-deafe482d68a: shutdown FollowerState
2019-07-30 09:04:08,520 INFO  impl.RoleInfo (RoleInfo.java:updateAndGet(143)) - d648d6ac-b5c0-4b07-8b62-deafe482d68a: start FollowerState
2019-07-30 09:04:08,521 INFO  impl.FollowerState (FollowerState.java:run(114)) - d648d6ac-b5c0-4b07-8b62-deafe482d68a: FollowerState was interrupted: java.lang.InterruptedException: sleep interrupted
2019-07-30 09:04:08,524 INFO  impl.LeaderElection (LeaderElection.java:logAndReturn(56)) - 32cefd05-cbdf-4fca-a26b-c43476f7345a:group-D3000FDB9F5C:LeaderElection29: Election REJECTED; received 2 response(s) [32cefd05-cbdf-4fca-a26b-c43476f7345a<-6eea3a1f-eb3a-4e20-b12e-52024dca4daa#0:FAIL-t1, 32cefd05-cbdf-4fca-a26b-c43476f7345a<-d648d6ac-b5c0-4b07-8b62-deafe482d68a#0:FAIL-t1] and 0 exception(s); 32cefd05-cbdf-4fca-a26b-c43476f7345a:t1, leader=null, voted=32cefd05-cbdf-4fca-a26b-c43476f7345a, raftlog=32cefd05-cbdf-4fca-a26b-c43476f7345a-SegmentedRaftLog:OPENED:c-1,f-1,i0, conf=-1: [6eea3a1f-eb3a-4e20-b12e-52024dca4daa:192.168.69.91:40369, d648d6ac-b5c0-4b07-8b62-deafe482d68a:192.168.69.91:35830, 32cefd05-cbdf-4fca-a26b-c43476f7345a:192.168.69.91:43216], old=null
2019-07-30 09:04:08,524 INFO  impl.RaftServerImpl (RaftServerImpl.java:setRole(171)) - 32cefd05-cbdf-4fca-a26b-c43476f7345a:group-D3000FDB9F5C changes role from CANDIDATE to FOLLOWER at term 1 for DISCOVERED_A_NEW_TERM
2019-07-30 09:04:08,524 INFO  impl.RoleInfo (RoleInfo.java:shutdownLeaderElection(134)) - 32cefd05-cbdf-4fca-a26b-c43476f7345a: shutdown LeaderElection
2019-07-30 09:04:08,525 INFO  impl.RoleInfo (RoleInfo.java:updateAndGet(143)) - 32cefd05-cbdf-4fca-a26b-c43476f7345a: start FollowerState
2019-07-30 09:04:08,538 INFO  impl.LeaderElection (LeaderElection.java:logAndReturn(56)) - 6eea3a1f-eb3a-4e20-b12e-52024dca4daa:group-D3000FDB9F5C:LeaderElection28: Election PASSED; received 2 response(s) [6eea3a1f-eb3a-4e20-b12e-52024dca4daa<-d648d6ac-b5c0-4b07-8b62-deafe482d68a#0:OK-t1, 6eea3a1f-eb3a-4e20-b12e-52024dca4daa<-32cefd05-cbdf-4fca-a26b-c43476f7345a#0:FAIL-t1] and 0 exception(s); 6eea3a1f-eb3a-4e20-b12e-52024dca4daa:t1, leader=null, voted=6eea3a1f-eb3a-4e20-b12e-52024dca4daa, raftlog=6eea3a1f-eb3a-4e20-b12e-52024dca4daa-SegmentedRaftLog:OPENED:c-1,f-1,i0, conf=-1: [6eea3a1f-eb3a-4e20-b12e-52024dca4daa:192.168.69.91:40369, d648d6ac-b5c0-4b07-8b62-deafe482d68a:192.168.69.91:35830, 32cefd05-cbdf-4fca-a26b-c43476f7345a:192.168.69.91:43216], old=null
2019-07-30 09:04:08,538 INFO  impl.RoleInfo (RoleInfo.java:shutdownLeaderElection(134)) - 6eea3a1f-eb3a-4e20-b12e-52024dca4daa: shutdown LeaderElection
2019-07-30 09:04:08,538 INFO  impl.RaftServerImpl (RaftServerImpl.java:setRole(171)) - 6eea3a1f-eb3a-4e20-b12e-52024dca4daa:group-D3000FDB9F5C changes role from CANDIDATE to LEADER at term 1 for changeToLeader
2019-07-30 09:04:08,538 INFO  impl.RaftServerImpl (ServerState.java:setLeader(263)) - 6eea3a1f-eb3a-4e20-b12e-52024dca4daa:group-D3000FDB9F5C change Leader from null to 6eea3a1f-eb3a-4e20-b12e-52024dca4daa at term 1 for becomeLeader, leader elected after 5092ms
2019-07-30 09:04:08,538 INFO  server.RaftServerConfigKeys (ConfUtils.java:logGet(43)) - raft.server.staging.catchup.gap = 1000 (default)
2019-07-30 09:04:08,538 INFO  server.RaftServerConfigKeys (ConfUtils.java:logGet(43)) - raft.server.rpc.sleep.time = 25ms (default)
2019-07-30 09:04:08,539 INFO  server.RaftServerConfigKeys (ConfUtils.java:logGet(43)) - raft.server.write.element-limit = 4096 (default)
2019-07-30 09:04:08,539 INFO  server.RaftServerConfigKeys (ConfUtils.java:logGet(43)) - raft.server.watch.timeout = 10s (default)
2019-07-30 09:04:08,539 INFO  server.RaftServerConfigKeys (ConfUtils.java:logGet(43)) - raft.server.watch.timeout.denomination = 1s (default)
2019-07-30 09:04:08,539 INFO  server.RaftServerConfigKeys (ConfUtils.java:logGet(43)) - raft.server.watch.element-limit = 65536 (default)
2019-07-30 09:04:08,540 INFO  server.RaftServerConfigKeys (ConfUtils.java:logGet(43)) - raft.server.log.appender.snapshot.chunk.size.max = 16MB (=16777216) (default)
2019-07-30 09:04:08,540 INFO  server.RaftServerConfigKeys (ConfUtils.java:logGet(43)) - raft.server.log.appender.buffer.byte-limit = 33554432 (custom)
2019-07-30 09:04:08,540 INFO  server.RaftServerConfigKeys (ConfUtils.java:logGet(43)) - raft.server.log.appender.buffer.element-limit = 1 (custom)
2019-07-30 09:04:08,540 INFO  grpc.GrpcConfigKeys$Server (ConfUtils.java:logGet(43)) - raft.grpc.server.leader.outstanding.appends.max = 128 (default)
2019-07-30 09:04:08,541 INFO  server.RaftServerConfigKeys (ConfUtils.java:logGet(43)) - raft.server.rpc.request.timeout = 3000ms (default)
2019-07-30 09:04:08,541 INFO  server.RaftServerConfigKeys (ConfUtils.java:logGet(43)) - raft.server.log.appender.install.snapshot.enabled = false (custom)
2019-07-30 09:04:08,541 INFO  server.RaftServerConfigKeys (ConfUtils.java:logGet(43)) - raft.server.log.appender.snapshot.chunk.size.max = 16MB (=16777216) (default)
2019-07-30 09:04:08,541 INFO  server.RaftServerConfigKeys (ConfUtils.java:logGet(43)) - raft.server.log.appender.buffer.byte-limit = 33554432 (custom)
2019-07-30 09:04:08,541 INFO  server.RaftServerConfigKeys (ConfUtils.java:logGet(43)) - raft.server.log.appender.buffer.element-limit = 1 (custom)
2019-07-30 09:04:08,541 INFO  grpc.GrpcConfigKeys$Server (ConfUtils.java:logGet(43)) - raft.grpc.server.leader.outstanding.appends.max = 128 (default)
2019-07-30 09:04:08,542 INFO  server.RaftServerConfigKeys (ConfUtils.java:logGet(43)) - raft.server.rpc.request.timeout = 3000ms (default)
2019-07-30 09:04:08,542 INFO  server.RaftServerConfigKeys (ConfUtils.java:logGet(43)) - raft.server.log.appender.install.snapshot.enabled = false (custom)
2019-07-30 09:04:08,542 INFO  impl.RoleInfo (RoleInfo.java:updateAndGet(143)) - 6eea3a1f-eb3a-4e20-b12e-52024dca4daa: start LeaderState
2019-07-30 09:04:08,542 INFO  segmented.SegmentedRaftLogWorker (SegmentedRaftLogWorker.java:startLogSegment(380)) - 6eea3a1f-eb3a-4e20-b12e-52024dca4daa-SegmentedRaftLogWorker:Storage Directory /workdir/hadoop-ozone/integration-test/target/test-dir/MiniOzoneClusterImpl-c1e84c7d-2436-439f-bc56-acddb819a285/datanode-4/data/ratis/b26163ba-0750-4475-a4d9-d3000fdb9f5c: Starting segment from index:0
2019-07-30 09:04:08,543 INFO  impl.RaftServerImpl (ServerState.java:setRaftConf(361)) - 6eea3a1f-eb3a-4e20-b12e-52024dca4daa:group-D3000FDB9F5C set configuration 0: [6eea3a1f-eb3a-4e20-b12e-52024dca4daa:192.168.69.91:40369, d648d6ac-b5c0-4b07-8b62-deafe482d68a:192.168.69.91:35830, 32cefd05-cbdf-4fca-a26b-c43476f7345a:192.168.69.91:43216], old=null at 0
2019-07-30 09:04:08,564 INFO  impl.LeaderElection (LeaderElection.java:askForVotes(181)) - d648d6ac-b5c0-4b07-8b62-deafe482d68a:group-D3000FDB9F5C:LeaderElection30: begin an election at term 2 for -1: [6eea3a1f-eb3a-4e20-b12e-52024dca4daa:192.168.69.91:40369, d648d6ac-b5c0-4b07-8b62-deafe482d68a:192.168.69.91:35830, 32cefd05-cbdf-4fca-a26b-c43476f7345a:192.168.69.91:43216], old=null
2019-07-30 09:04:08,565 INFO  impl.LeaderElection (LeaderElection.java:logAndReturn(56)) - d648d6ac-b5c0-4b07-8b62-deafe482d68a:group-D3000FDB9F5C:LeaderElection30: Election REJECTED; received 0 response(s) [] and 0 exception(s); d648d6ac-b5c0-4b07-8b62-deafe482d68a:t2, leader=null, voted=d648d6ac-b5c0-4b07-8b62-deafe482d68a, raftlog=d648d6ac-b5c0-4b07-8b62-deafe482d68a-SegmentedRaftLog:OPENED:c-1,f-1,i0, conf=-1: [6eea3a1f-eb3a-4e20-b12e-52024dca4daa:192.168.69.91:40369, d648d6ac-b5c0-4b07-8b62-deafe482d68a:192.168.69.91:35830, 32cefd05-cbdf-4fca-a26b-c43476f7345a:192.168.69.91:43216], old=null
2019-07-30 09:04:08,566 INFO  impl.RaftServerImpl (ServerState.java:setLeader(263)) - 32cefd05-cbdf-4fca-a26b-c43476f7345a:group-D3000FDB9F5C change Leader from null to 6eea3a1f-eb3a-4e20-b12e-52024dca4daa at term 1 for appendEntries, leader elected after 5120ms
2019-07-30 09:04:08,573 INFO  impl.RaftServerImpl (ServerState.java:setLeader(263)) - 32cefd05-cbdf-4fca-a26b-c43476f7345a:group-D3000FDB9F5C change Leader from 6eea3a1f-eb3a-4e20-b12e-52024dca4daa to null at term 2 for updateCurrentTerm
2019-07-30 09:04:08,573 INFO  impl.RaftServerImpl (ServerState.java:setLeader(263)) - 6eea3a1f-eb3a-4e20-b12e-52024dca4daa:group-D3000FDB9F5C change Leader from 6eea3a1f-eb3a-4e20-b12e-52024dca4daa to null at term 2 for updateCurrentTerm
2019-07-30 09:04:08,573 INFO  impl.RaftServerImpl (RaftServerImpl.java:setRole(171)) - 32cefd05-cbdf-4fca-a26b-c43476f7345a:group-D3000FDB9F5C changes role from FOLLOWER to FOLLOWER at term 2 for recognizeCandidate:d648d6ac-b5c0-4b07-8b62-deafe482d68a
2019-07-30 09:04:08,574 INFO  impl.RaftServerImpl (RaftServerImpl.java:setRole(171)) - 6eea3a1f-eb3a-4e20-b12e-52024dca4daa:group-D3000FDB9F5C changes role from LEADER to FOLLOWER at term 2 for stepDown
2019-07-30 09:04:08,574 INFO  impl.RoleInfo (RoleInfo.java:shutdownFollowerState(121)) - 32cefd05-cbdf-4fca-a26b-c43476f7345a: shutdown FollowerState
2019-07-30 09:04:08,574 INFO  impl.RoleInfo (RoleInfo.java:shutdownLeaderState(104)) - 6eea3a1f-eb3a-4e20-b12e-52024dca4daa: shutdown LeaderState
2019-07-30 09:04:08,574 INFO  impl.FollowerState (FollowerState.java:run(114)) - 32cefd05-cbdf-4fca-a26b-c43476f7345a: FollowerState was interrupted: java.lang.InterruptedException: sleep interrupted
2019-07-30 09:04:08,574 INFO  impl.RoleInfo (RoleInfo.java:updateAndGet(143)) - 32cefd05-cbdf-4fca-a26b-c43476f7345a: start FollowerState
2019-07-30 09:04:08,582 WARN  server.GrpcLogAppender (GrpcLogAppender.java:mayWait(143)) - GrpcLogAppender(6eea3a1f-eb3a-4e20-b12e-52024dca4daa->32cefd05-cbdf-4fca-a26b-c43476f7345a): Wait interrupted by java.lang.InterruptedException
2019-07-30 09:04:08,582 WARN  server.GrpcLogAppender (GrpcLogAppender.java:mayWait(143)) - GrpcLogAppender(6eea3a1f-eb3a-4e20-b12e-52024dca4daa->d648d6ac-b5c0-4b07-8b62-deafe482d68a): Wait interrupted by java.lang.InterruptedException
2019-07-30 09:04:08,577 INFO  segmented.SegmentedRaftLogWorker (SegmentedRaftLogWorker.java:execute(569)) - 6eea3a1f-eb3a-4e20-b12e-52024dca4daa-SegmentedRaftLogWorker:Storage Directory /workdir/hadoop-ozone/integration-test/target/test-dir/MiniOzoneClusterImpl-c1e84c7d-2436-439f-bc56-acddb819a285/datanode-4/data/ratis/b26163ba-0750-4475-a4d9-d3000fdb9f5c: created new log segment /workdir/hadoop-ozone/integration-test/target/test-dir/MiniOzoneClusterImpl-c1e84c7d-2436-439f-bc56-acddb819a285/datanode-4/data/ratis/b26163ba-0750-4475-a4d9-d3000fdb9f5c/current/log_inprogress_0
2019-07-30 09:04:08,582 INFO  impl.PendingRequests (PendingRequests.java:sendNotLeaderResponses(202)) - 6eea3a1f-eb3a-4e20-b12e-52024dca4daa-PendingRequests: sendNotLeaderResponses
2019-07-30 09:04:08,583 INFO  server.GrpcServerProtocolService (GrpcServerProtocolService.java:onCompleted(104)) - d648d6ac-b5c0-4b07-8b62-deafe482d68a: appendEntries completed
2019-07-30 09:04:08,583 INFO  impl.RoleInfo (RoleInfo.java:updateAndGet(143)) - 6eea3a1f-eb3a-4e20-b12e-52024dca4daa: start FollowerState
2019-07-30 09:04:08,583 INFO  server.GrpcLogAppender (GrpcLogAppender.java:onCompleted(292)) - 6eea3a1f-eb3a-4e20-b12e-52024dca4daa->d648d6ac-b5c0-4b07-8b62-deafe482d68a: follower responses appendEntries COMPLETED
2019-07-30 09:04:08,586 INFO  impl.FollowerInfo (FollowerInfo.java:lambda$new$0(50)) - 6eea3a1f-eb3a-4e20-b12e-52024dca4daa->d648d6ac-b5c0-4b07-8b62-deafe482d68a: nextIndex: updateUnconditionally 0 -> 0
2019-07-30 09:04:08,598 INFO  impl.RaftServerImpl (RaftServerImpl.java:setRole(171)) - 6eea3a1f-eb3a-4e20-b12e-52024dca4daa:group-D3000FDB9F5C changes role from FOLLOWER to FOLLOWER at term 2 for recognizeCandidate:d648d6ac-b5c0-4b07-8b62-deafe482d68a
2019-07-30 09:04:08,598 INFO  server.GrpcServerProtocolService (GrpcServerProtocolService.java:onCompleted(104)) - 32cefd05-cbdf-4fca-a26b-c43476f7345a: appendEntries completed
2019-07-30 09:04:08,598 INFO  impl.RoleInfo (RoleInfo.java:shutdownFollowerState(121)) - 6eea3a1f-eb3a-4e20-b12e-52024dca4daa: shutdown FollowerState
2019-07-30 09:04:08,599 INFO  impl.RoleInfo (RoleInfo.java:updateAndGet(143)) - 6eea3a1f-eb3a-4e20-b12e-52024dca4daa: start FollowerState
2019-07-30 09:04:08,599 INFO  impl.FollowerState (FollowerState.java:run(114)) - 6eea3a1f-eb3a-4e20-b12e-52024dca4daa: FollowerState was interrupted: java.lang.InterruptedException: sleep interrupted
2019-07-30 09:04:08,602 INFO  server.GrpcLogAppender (GrpcLogAppender.java:onCompleted(292)) - 6eea3a1f-eb3a-4e20-b12e-52024dca4daa->32cefd05-cbdf-4fca-a26b-c43476f7345a: follower responses appendEntries COMPLETED
2019-07-30 09:04:08,605 INFO  impl.FollowerInfo (FollowerInfo.java:lambda$new$0(50)) - 6eea3a1f-eb3a-4e20-b12e-52024dca4daa->32cefd05-cbdf-4fca-a26b-c43476f7345a: nextIndex: updateUnconditionally 1 -> 0
2019-07-30 09:04:08,629 INFO  impl.FollowerState (FollowerState.java:run(106)) - 6896fffa-0c55-4680-930e-477939663188:group-9655C9BDA350 changes to CANDIDATE, lastRpcTime:5029, electionTimeout:5029ms
2019-07-30 09:04:08,629 INFO  impl.RoleInfo (RoleInfo.java:shutdownFollowerState(121)) - 6896fffa-0c55-4680-930e-477939663188: shutdown FollowerState
2019-07-30 09:04:08,629 INFO  impl.RaftServerImpl (RaftServerImpl.java:setRole(171)) - 6896fffa-0c55-4680-930e-477939663188:group-9655C9BDA350 changes role from FOLLOWER to CANDIDATE at term 0 for changeToCandidate
2019-07-30 09:04:08,629 INFO  impl.RoleInfo (RoleInfo.java:updateAndGet(143)) - 6896fffa-0c55-4680-930e-477939663188: start LeaderElection
2019-07-30 09:04:08,648 INFO  impl.LeaderElection (LeaderElection.java:askForVotes(181)) - 6896fffa-0c55-4680-930e-477939663188:group-9655C9BDA350:LeaderElection31: begin an election at term 1 for -1: [6896fffa-0c55-4680-930e-477939663188:192.168.69.91:41586], old=null
2019-07-30 09:04:08,648 INFO  impl.RoleInfo (RoleInfo.java:shutdownLeaderElection(134)) - 6896fffa-0c55-4680-930e-477939663188: shutdown LeaderElection
2019-07-30 09:04:08,648 INFO  impl.RaftServerImpl (RaftServerImpl.java:setRole(171)) - 6896fffa-0c55-4680-930e-477939663188:group-9655C9BDA350 changes role from CANDIDATE to LEADER at term 1 for changeToLeader
2019-07-30 09:04:08,648 INFO  impl.RaftServerImpl (ServerState.java:setLeader(263)) - 6896fffa-0c55-4680-930e-477939663188:group-9655C9BDA350 change Leader from null to 6896fffa-0c55-4680-930e-477939663188 at term 1 for becomeLeader, leader elected after 5055ms
2019-07-30 09:04:08,658 INFO  server.RaftServerConfigKeys (ConfUtils.java:logGet(43)) - raft.server.staging.catchup.gap = 1000 (default)
2019-07-30 09:04:08,659 INFO  server.RaftServerConfigKeys (ConfUtils.java:logGet(43)) - raft.server.rpc.sleep.time = 25ms (default)
2019-07-30 09:04:08,659 INFO  server.RaftServerConfigKeys (ConfUtils.java:logGet(43)) - raft.server.write.element-limit = 4096 (default)
2019-07-30 09:04:08,659 INFO  server.RaftServerConfigKeys (ConfUtils.java:logGet(43)) - raft.server.watch.timeout = 10s (default)
2019-07-30 09:04:08,659 INFO  server.RaftServerConfigKeys (ConfUtils.java:logGet(43)) - raft.server.watch.timeout.denomination = 1s (default)
2019-07-30 09:04:08,659 INFO  server.RaftServerConfigKeys (ConfUtils.java:logGet(43)) - raft.server.watch.element-limit = 65536 (default)
2019-07-30 09:04:08,660 INFO  impl.RoleInfo (RoleInfo.java:updateAndGet(143)) - 6896fffa-0c55-4680-930e-477939663188: start LeaderState
2019-07-30 09:04:08,660 INFO  segmented.SegmentedRaftLogWorker (SegmentedRaftLogWorker.java:startLogSegment(380)) - 6896fffa-0c55-4680-930e-477939663188-SegmentedRaftLogWorker:Storage Directory /workdir/hadoop-ozone/integration-test/target/test-dir/MiniOzoneClusterImpl-c1e84c7d-2436-439f-bc56-acddb819a285/datanode-6/data/ratis/8a498de8-cfb5-4014-8e6d-9655c9bda350: Starting segment from index:0
2019-07-30 09:04:08,661 INFO  impl.RaftServerImpl (ServerState.java:setRaftConf(361)) - 6896fffa-0c55-4680-930e-477939663188:group-9655C9BDA350 set configuration 0: [6896fffa-0c55-4680-930e-477939663188:192.168.69.91:41586], old=null at 0
2019-07-30 09:04:08,708 INFO  segmented.SegmentedRaftLogWorker (SegmentedRaftLogWorker.java:execute(569)) - 6896fffa-0c55-4680-930e-477939663188-SegmentedRaftLogWorker:Storage Directory /workdir/hadoop-ozone/integration-test/target/test-dir/MiniOzoneClusterImpl-c1e84c7d-2436-439f-bc56-acddb819a285/datanode-6/data/ratis/8a498de8-cfb5-4014-8e6d-9655c9bda350: created new log segment /workdir/hadoop-ozone/integration-test/target/test-dir/MiniOzoneClusterImpl-c1e84c7d-2436-439f-bc56-acddb819a285/datanode-6/data/ratis/8a498de8-cfb5-4014-8e6d-9655c9bda350/current/log_inprogress_0
2019-07-30 09:04:08,752 INFO  client.GrpcClientProtocolClient (GrpcClientProtocolClient.java:onNext(255)) - client-CE234BC6E530->32cefd05-cbdf-4fca-a26b-c43476f7345a: receive RaftClientReply:client-CE234BC6E530->32cefd05-cbdf-4fca-a26b-c43476f7345a@group-D3000FDB9F5C, cid=42, FAILED org.apache.ratis.protocol.NotLeaderException: Server 32cefd05-cbdf-4fca-a26b-c43476f7345a is not the leader (null). Request must be sent to leader., logIndex=0, commits[32cefd05-cbdf-4fca-a26b-c43476f7345a:c-1, 6eea3a1f-eb3a-4e20-b12e-52024dca4daa:c-1, d648d6ac-b5c0-4b07-8b62-deafe482d68a:c-1]
2019-07-30 09:04:09,794 INFO  client.GrpcClientProtocolClient (GrpcClientProtocolClient.java:onNext(255)) - client-CE234BC6E530->6eea3a1f-eb3a-4e20-b12e-52024dca4daa: receive RaftClientReply:client-CE234BC6E530->6eea3a1f-eb3a-4e20-b12e-52024dca4daa@group-D3000FDB9F5C, cid=42, FAILED org.apache.ratis.protocol.NotLeaderException: Server 6eea3a1f-eb3a-4e20-b12e-52024dca4daa is not the leader (null). Request must be sent to leader., logIndex=0, commits[6eea3a1f-eb3a-4e20-b12e-52024dca4daa:c-1, d648d6ac-b5c0-4b07-8b62-deafe482d68a:c-1, 32cefd05-cbdf-4fca-a26b-c43476f7345a:c-1]
2019-07-30 09:04:10,814 INFO  client.GrpcClientProtocolClient (GrpcClientProtocolClient.java:onNext(255)) - client-CE234BC6E530->d648d6ac-b5c0-4b07-8b62-deafe482d68a: receive RaftClientReply:client-CE234BC6E530->d648d6ac-b5c0-4b07-8b62-deafe482d68a@group-D3000FDB9F5C, cid=42, FAILED org.apache.ratis.protocol.NotLeaderException: Server d648d6ac-b5c0-4b07-8b62-deafe482d68a is not the leader (null). Request must be sent to leader., logIndex=0, commits[d648d6ac-b5c0-4b07-8b62-deafe482d68a:c-1]
2019-07-30 09:04:11,834 INFO  client.GrpcClientProtocolClient (GrpcClientProtocolClient.java:onNext(255)) - client-CE234BC6E530->6eea3a1f-eb3a-4e20-b12e-52024dca4daa: receive RaftClientReply:client-CE234BC6E530->6eea3a1f-eb3a-4e20-b12e-52024dca4daa@group-D3000FDB9F5C, cid=42, FAILED org.apache.ratis.protocol.NotLeaderException: Server 6eea3a1f-eb3a-4e20-b12e-52024dca4daa is not the leader (null). Request must be sent to leader., logIndex=0, commits[6eea3a1f-eb3a-4e20-b12e-52024dca4daa:c-1, d648d6ac-b5c0-4b07-8b62-deafe482d68a:c-1, 32cefd05-cbdf-4fca-a26b-c43476f7345a:c-1]
2019-07-30 09:04:12,853 INFO  client.GrpcClientProtocolClient (GrpcClientProtocolClient.java:onNext(255)) - client-CE234BC6E530->d648d6ac-b5c0-4b07-8b62-deafe482d68a: receive RaftClientReply:client-CE234BC6E530->d648d6ac-b5c0-4b07-8b62-deafe482d68a@group-D3000FDB9F5C, cid=42, FAILED org.apache.ratis.protocol.NotLeaderException: Server d648d6ac-b5c0-4b07-8b62-deafe482d68a is not the leader (null). Request must be sent to leader., logIndex=0, commits[d648d6ac-b5c0-4b07-8b62-deafe482d68a:c-1]
2019-07-30 09:04:13,546 INFO  impl.FollowerState (FollowerState.java:run(106)) - d648d6ac-b5c0-4b07-8b62-deafe482d68a:group-D3000FDB9F5C changes to CANDIDATE, lastRpcTime:5025, electionTimeout:5022ms
2019-07-30 09:04:13,547 INFO  impl.RoleInfo (RoleInfo.java:shutdownFollowerState(121)) - d648d6ac-b5c0-4b07-8b62-deafe482d68a: shutdown FollowerState
2019-07-30 09:04:13,547 INFO  impl.RaftServerImpl (RaftServerImpl.java:setRole(171)) - d648d6ac-b5c0-4b07-8b62-deafe482d68a:group-D3000FDB9F5C changes role from FOLLOWER to CANDIDATE at term 2 for changeToCandidate
2019-07-30 09:04:13,547 INFO  impl.RoleInfo (RoleInfo.java:updateAndGet(143)) - d648d6ac-b5c0-4b07-8b62-deafe482d68a: start LeaderElection
2019-07-30 09:04:13,566 INFO  impl.LeaderElection (LeaderElection.java:askForVotes(181)) - d648d6ac-b5c0-4b07-8b62-deafe482d68a:group-D3000FDB9F5C:LeaderElection32: begin an election at term 3 for -1: [6eea3a1f-eb3a-4e20-b12e-52024dca4daa:192.168.69.91:40369, d648d6ac-b5c0-4b07-8b62-deafe482d68a:192.168.69.91:35830, 32cefd05-cbdf-4fca-a26b-c43476f7345a:192.168.69.91:43216], old=null
2019-07-30 09:04:13,571 INFO  impl.RaftServerImpl (RaftServerImpl.java:setRole(171)) - 6eea3a1f-eb3a-4e20-b12e-52024dca4daa:group-D3000FDB9F5C changes role from FOLLOWER to FOLLOWER at term 3 for recognizeCandidate:d648d6ac-b5c0-4b07-8b62-deafe482d68a
2019-07-30 09:04:13,571 INFO  impl.RaftServerImpl (RaftServerImpl.java:setRole(171)) - 32cefd05-cbdf-4fca-a26b-c43476f7345a:group-D3000FDB9F5C changes role from FOLLOWER to FOLLOWER at term 3 for recognizeCandidate:d648d6ac-b5c0-4b07-8b62-deafe482d68a
2019-07-30 09:04:13,571 INFO  impl.RoleInfo (RoleInfo.java:shutdownFollowerState(121)) - 6eea3a1f-eb3a-4e20-b12e-52024dca4daa: shutdown FollowerState
2019-07-30 09:04:13,572 INFO  impl.RoleInfo (RoleInfo.java:shutdownFollowerState(121)) - 32cefd05-cbdf-4fca-a26b-c43476f7345a: shutdown FollowerState
2019-07-30 09:04:13,572 INFO  impl.FollowerState (FollowerState.java:run(114)) - 6eea3a1f-eb3a-4e20-b12e-52024dca4daa: FollowerState was interrupted: java.lang.InterruptedException: sleep interrupted
2019-07-30 09:04:13,572 INFO  impl.RoleInfo (RoleInfo.java:updateAndGet(143)) - 32cefd05-cbdf-4fca-a26b-c43476f7345a: start FollowerState
2019-07-30 09:04:13,572 INFO  impl.RoleInfo (RoleInfo.java:updateAndGet(143)) - 6eea3a1f-eb3a-4e20-b12e-52024dca4daa: start FollowerState
2019-07-30 09:04:13,572 INFO  impl.FollowerState (FollowerState.java:run(114)) - 32cefd05-cbdf-4fca-a26b-c43476f7345a: FollowerState was interrupted: java.lang.InterruptedException: sleep interrupted
2019-07-30 09:04:13,594 INFO  impl.LeaderElection (LeaderElection.java:logAndReturn(56)) - d648d6ac-b5c0-4b07-8b62-deafe482d68a:group-D3000FDB9F5C:LeaderElection32: Election PASSED; received 1 response(s) [d648d6ac-b5c0-4b07-8b62-deafe482d68a<-32cefd05-cbdf-4fca-a26b-c43476f7345a#0:OK-t3] and 0 exception(s); d648d6ac-b5c0-4b07-8b62-deafe482d68a:t3, leader=null, voted=d648d6ac-b5c0-4b07-8b62-deafe482d68a, raftlog=d648d6ac-b5c0-4b07-8b62-deafe482d68a-SegmentedRaftLog:OPENED:c-1,f-1,i0, conf=-1: [6eea3a1f-eb3a-4e20-b12e-52024dca4daa:192.168.69.91:40369, d648d6ac-b5c0-4b07-8b62-deafe482d68a:192.168.69.91:35830, 32cefd05-cbdf-4fca-a26b-c43476f7345a:192.168.69.91:43216], old=null
2019-07-30 09:04:13,595 INFO  impl.RoleInfo (RoleInfo.java:shutdownLeaderElection(134)) - d648d6ac-b5c0-4b07-8b62-deafe482d68a: shutdown LeaderElection
2019-07-30 09:04:13,595 INFO  impl.RaftServerImpl (RaftServerImpl.java:setRole(171)) - d648d6ac-b5c0-4b07-8b62-deafe482d68a:group-D3000FDB9F5C changes role from CANDIDATE to LEADER at term 3 for changeToLeader
2019-07-30 09:04:13,595 INFO  impl.RaftServerImpl (ServerState.java:setLeader(263)) - d648d6ac-b5c0-4b07-8b62-deafe482d68a:group-D3000FDB9F5C change Leader from null to d648d6ac-b5c0-4b07-8b62-deafe482d68a at term 3 for becomeLeader, leader elected after 10148ms
2019-07-30 09:04:13,595 INFO  server.RaftServerConfigKeys (ConfUtils.java:logGet(43)) - raft.server.staging.catchup.gap = 1000 (default)
2019-07-30 09:04:13,595 INFO  server.RaftServerConfigKeys (ConfUtils.java:logGet(43)) - raft.server.rpc.sleep.time = 25ms (default)
2019-07-30 09:04:13,596 INFO  server.RaftServerConfigKeys (ConfUtils.java:logGet(43)) - raft.server.write.element-limit = 4096 (default)
2019-07-30 09:04:13,596 INFO  server.RaftServerConfigKeys (ConfUtils.java:logGet(43)) - raft.server.watch.timeout = 10s (default)
2019-07-30 09:04:13,596 INFO  server.RaftServerConfigKeys (ConfUtils.java:logGet(43)) - raft.server.watch.timeout.denomination = 1s (default)
2019-07-30 09:04:13,596 INFO  server.RaftServerConfigKeys (ConfUtils.java:logGet(43)) - raft.server.watch.element-limit = 65536 (default)
2019-07-30 09:04:13,597 INFO  server.RaftServerConfigKeys (ConfUtils.java:logGet(43)) - raft.server.log.appender.snapshot.chunk.size.max = 16MB (=16777216) (default)
2019-07-30 09:04:13,597 INFO  server.RaftServerConfigKeys (ConfUtils.java:logGet(43)) - raft.server.log.appender.buffer.byte-limit = 33554432 (custom)
2019-07-30 09:04:13,597 INFO  server.RaftServerConfigKeys (ConfUtils.java:logGet(43)) - raft.server.log.appender.buffer.element-limit = 1 (custom)
2019-07-30 09:04:13,598 INFO  grpc.GrpcConfigKeys$Server (ConfUtils.java:logGet(43)) - raft.grpc.server.leader.outstanding.appends.max = 128 (default)
2019-07-30 09:04:13,598 INFO  server.RaftServerConfigKeys (ConfUtils.java:logGet(43)) - raft.server.rpc.request.timeout = 3000ms (default)
2019-07-30 09:04:13,598 INFO  server.RaftServerConfigKeys (ConfUtils.java:logGet(43)) - raft.server.log.appender.install.snapshot.enabled = false (custom)
2019-07-30 09:04:13,598 INFO  server.RaftServerConfigKeys (ConfUtils.java:logGet(43)) - raft.server.log.appender.snapshot.chunk.size.max = 16MB (=16777216) (default)
2019-07-30 09:04:13,598 INFO  server.RaftServerConfigKeys (ConfUtils.java:logGet(43)) - raft.server.log.appender.buffer.byte-limit = 33554432 (custom)
2019-07-30 09:04:13,599 INFO  server.RaftServerConfigKeys (ConfUtils.java:logGet(43)) - raft.server.log.appender.buffer.element-limit = 1 (custom)
2019-07-30 09:04:13,599 INFO  grpc.GrpcConfigKeys$Server (ConfUtils.java:logGet(43)) - raft.grpc.server.leader.outstanding.appends.max = 128 (default)
2019-07-30 09:04:13,599 INFO  server.RaftServerConfigKeys (ConfUtils.java:logGet(43)) - raft.server.rpc.request.timeout = 3000ms (default)
2019-07-30 09:04:13,599 INFO  server.RaftServerConfigKeys (ConfUtils.java:logGet(43)) - raft.server.log.appender.install.snapshot.enabled = false (custom)
2019-07-30 09:04:13,600 INFO  impl.RoleInfo (RoleInfo.java:updateAndGet(143)) - d648d6ac-b5c0-4b07-8b62-deafe482d68a: start LeaderState
2019-07-30 09:04:13,600 INFO  segmented.SegmentedRaftLogWorker (SegmentedRaftLogWorker.java:startLogSegment(380)) - d648d6ac-b5c0-4b07-8b62-deafe482d68a-SegmentedRaftLogWorker:Storage Directory /workdir/hadoop-ozone/integration-test/target/test-dir/MiniOzoneClusterImpl-c1e84c7d-2436-439f-bc56-acddb819a285/datanode-3/data/ratis/b26163ba-0750-4475-a4d9-d3000fdb9f5c: Starting segment from index:0
2019-07-30 09:04:13,601 INFO  impl.RaftServerImpl (ServerState.java:setRaftConf(361)) - d648d6ac-b5c0-4b07-8b62-deafe482d68a:group-D3000FDB9F5C set configuration 0: [6eea3a1f-eb3a-4e20-b12e-52024dca4daa:192.168.69.91:40369, d648d6ac-b5c0-4b07-8b62-deafe482d68a:192.168.69.91:35830, 32cefd05-cbdf-4fca-a26b-c43476f7345a:192.168.69.91:43216], old=null at 0
2019-07-30 09:04:13,603 INFO  impl.RaftServerImpl (ServerState.java:setLeader(263)) - 6eea3a1f-eb3a-4e20-b12e-52024dca4daa:group-D3000FDB9F5C change Leader from null to d648d6ac-b5c0-4b07-8b62-deafe482d68a at term 3 for appendEntries, leader elected after 5029ms
2019-07-30 09:04:13,603 INFO  impl.RaftServerImpl (ServerState.java:setLeader(263)) - 32cefd05-cbdf-4fca-a26b-c43476f7345a:group-D3000FDB9F5C change Leader from null to d648d6ac-b5c0-4b07-8b62-deafe482d68a at term 3 for appendEntries, leader elected after 5029ms
2019-07-30 09:04:13,609 INFO  impl.RaftServerImpl (ServerState.java:setRaftConf(361)) - 6eea3a1f-eb3a-4e20-b12e-52024dca4daa:group-D3000FDB9F5C set configuration 0: [6eea3a1f-eb3a-4e20-b12e-52024dca4daa:192.168.69.91:40369, d648d6ac-b5c0-4b07-8b62-deafe482d68a:192.168.69.91:35830, 32cefd05-cbdf-4fca-a26b-c43476f7345a:192.168.69.91:43216], old=null at 0
2019-07-30 09:04:13,609 INFO  impl.RaftServerImpl (ServerState.java:setRaftConf(361)) - 32cefd05-cbdf-4fca-a26b-c43476f7345a:group-D3000FDB9F5C set configuration 0: [6eea3a1f-eb3a-4e20-b12e-52024dca4daa:192.168.69.91:40369, d648d6ac-b5c0-4b07-8b62-deafe482d68a:192.168.69.91:35830, 32cefd05-cbdf-4fca-a26b-c43476f7345a:192.168.69.91:43216], old=null at 0
2019-07-30 09:04:13,610 INFO  segmented.SegmentedRaftLogWorker (SegmentedRaftLogWorker.java:startLogSegment(380)) - 32cefd05-cbdf-4fca-a26b-c43476f7345a-SegmentedRaftLogWorker:Storage Directory /workdir/hadoop-ozone/integration-test/target/test-dir/MiniOzoneClusterImpl-c1e84c7d-2436-439f-bc56-acddb819a285/datanode-5/data/ratis/b26163ba-0750-4475-a4d9-d3000fdb9f5c: Starting segment from index:0
2019-07-30 09:04:13,614 INFO  segmented.SegmentedRaftLogWorker (SegmentedRaftLogWorker.java:truncate(396)) - 6eea3a1f-eb3a-4e20-b12e-52024dca4daa-SegmentedRaftLogWorker:Storage Directory /workdir/hadoop-ozone/integration-test/target/test-dir/MiniOzoneClusterImpl-c1e84c7d-2436-439f-bc56-acddb819a285/datanode-4/data/ratis/b26163ba-0750-4475-a4d9-d3000fdb9f5c: Truncating segments toTruncate: null
  toDelete: [(0, 0) isOpen? true, length=0, newEndIndex=-1], start index 0
2019-07-30 09:04:13,615 INFO  segmented.SegmentedRaftLogWorker (SegmentedRaftLogWorker.java:startLogSegment(380)) - 6eea3a1f-eb3a-4e20-b12e-52024dca4daa-SegmentedRaftLogWorker:Storage Directory /workdir/hadoop-ozone/integration-test/target/test-dir/MiniOzoneClusterImpl-c1e84c7d-2436-439f-bc56-acddb819a285/datanode-4/data/ratis/b26163ba-0750-4475-a4d9-d3000fdb9f5c: Starting segment from index:0
2019-07-30 09:04:13,616 INFO  segmented.SegmentedRaftLogWorker (SegmentedRaftLogWorker.java:execute(633)) - 6eea3a1f-eb3a-4e20-b12e-52024dca4daa-SegmentedRaftLogWorker:Storage Directory /workdir/hadoop-ozone/integration-test/target/test-dir/MiniOzoneClusterImpl-c1e84c7d-2436-439f-bc56-acddb819a285/datanode-4/data/ratis/b26163ba-0750-4475-a4d9-d3000fdb9f5c: Deleted log file /workdir/hadoop-ozone/integration-test/target/test-dir/MiniOzoneClusterImpl-c1e84c7d-2436-439f-bc56-acddb819a285/datanode-4/data/ratis/b26163ba-0750-4475-a4d9-d3000fdb9f5c/current/log_inprogress_0
2019-07-30 09:04:13,616 INFO  segmented.SegmentedRaftLogWorker (SegmentedRaftLogWorker.java:lambda$new$0(132)) - 6eea3a1f-eb3a-4e20-b12e-52024dca4daa-SegmentedRaftLogWorker:Storage Directory /workdir/hadoop-ozone/integration-test/target/test-dir/MiniOzoneClusterImpl-c1e84c7d-2436-439f-bc56-acddb819a285/datanode-4/data/ratis/b26163ba-0750-4475-a4d9-d3000fdb9f5c: flushIndex: setUnconditionally 0 -> -1
2019-07-30 09:04:13,634 INFO  segmented.SegmentedRaftLogWorker (SegmentedRaftLogWorker.java:execute(569)) - 32cefd05-cbdf-4fca-a26b-c43476f7345a-SegmentedRaftLogWorker:Storage Directory /workdir/hadoop-ozone/integration-test/target/test-dir/MiniOzoneClusterImpl-c1e84c7d-2436-439f-bc56-acddb819a285/datanode-5/data/ratis/b26163ba-0750-4475-a4d9-d3000fdb9f5c: created new log segment /workdir/hadoop-ozone/integration-test/target/test-dir/MiniOzoneClusterImpl-c1e84c7d-2436-439f-bc56-acddb819a285/datanode-5/data/ratis/b26163ba-0750-4475-a4d9-d3000fdb9f5c/current/log_inprogress_0
2019-07-30 09:04:13,634 INFO  segmented.SegmentedRaftLogWorker (SegmentedRaftLogWorker.java:execute(569)) - d648d6ac-b5c0-4b07-8b62-deafe482d68a-SegmentedRaftLogWorker:Storage Directory /workdir/hadoop-ozone/integration-test/target/test-dir/MiniOzoneClusterImpl-c1e84c7d-2436-439f-bc56-acddb819a285/datanode-3/data/ratis/b26163ba-0750-4475-a4d9-d3000fdb9f5c: created new log segment /workdir/hadoop-ozone/integration-test/target/test-dir/MiniOzoneClusterImpl-c1e84c7d-2436-439f-bc56-acddb819a285/datanode-3/data/ratis/b26163ba-0750-4475-a4d9-d3000fdb9f5c/current/log_inprogress_0
2019-07-30 09:04:13,644 INFO  segmented.SegmentedRaftLogWorker (SegmentedRaftLogWorker.java:execute(569)) - 6eea3a1f-eb3a-4e20-b12e-52024dca4daa-SegmentedRaftLogWorker:Storage Directory /workdir/hadoop-ozone/integration-test/target/test-dir/MiniOzoneClusterImpl-c1e84c7d-2436-439f-bc56-acddb819a285/datanode-4/data/ratis/b26163ba-0750-4475-a4d9-d3000fdb9f5c: created new log segment /workdir/hadoop-ozone/integration-test/target/test-dir/MiniOzoneClusterImpl-c1e84c7d-2436-439f-bc56-acddb819a285/datanode-4/data/ratis/b26163ba-0750-4475-a4d9-d3000fdb9f5c/current/log_inprogress_0
2019-07-30 09:04:13,873 INFO  client.GrpcClientProtocolClient (GrpcClientProtocolClient.java:onNext(255)) - client-CE234BC6E530->6eea3a1f-eb3a-4e20-b12e-52024dca4daa: receive RaftClientReply:client-CE234BC6E530->6eea3a1f-eb3a-4e20-b12e-52024dca4daa@group-D3000FDB9F5C, cid=42, FAILED org.apache.ratis.protocol.NotLeaderException: Server 6eea3a1f-eb3a-4e20-b12e-52024dca4daa is not the leader (d648d6ac-b5c0-4b07-8b62-deafe482d68a:192.168.69.91:35830). Request must be sent to leader., logIndex=0, commits[6eea3a1f-eb3a-4e20-b12e-52024dca4daa:c-1, d648d6ac-b5c0-4b07-8b62-deafe482d68a:c-1, 32cefd05-cbdf-4fca-a26b-c43476f7345a:c-1]
2019-07-30 09:04:14,011 INFO  client.GrpcClientProtocolClient (GrpcClientProtocolClient.java:onNext(255)) - client-CE234BC6E530->d648d6ac-b5c0-4b07-8b62-deafe482d68a: receive RaftClientReply:client-CE234BC6E530->d648d6ac-b5c0-4b07-8b62-deafe482d68a@group-D3000FDB9F5C, cid=42, SUCCESS, logIndex=1, commits[d648d6ac-b5c0-4b07-8b62-deafe482d68a:c2, 6eea3a1f-eb3a-4e20-b12e-52024dca4daa:c1, 32cefd05-cbdf-4fca-a26b-c43476f7345a:c1]
2019-07-30 09:04:14,033 INFO  client.GrpcClientProtocolClient (GrpcClientProtocolClient.java:onNext(255)) - client-F2B76901FA7F->6eea3a1f-eb3a-4e20-b12e-52024dca4daa: receive RaftClientReply:client-F2B76901FA7F->6eea3a1f-eb3a-4e20-b12e-52024dca4daa@group-D3000FDB9F5C, cid=43, FAILED org.apache.ratis.protocol.NotLeaderException: Server 6eea3a1f-eb3a-4e20-b12e-52024dca4daa is not the leader (d648d6ac-b5c0-4b07-8b62-deafe482d68a:192.168.69.91:35830). Request must be sent to leader., logIndex=0, commits[6eea3a1f-eb3a-4e20-b12e-52024dca4daa:c1, d648d6ac-b5c0-4b07-8b62-deafe482d68a:c1, 32cefd05-cbdf-4fca-a26b-c43476f7345a:c0]
2019-07-30 09:04:14,226 INFO  client.GrpcClientProtocolClient (GrpcClientProtocolClient.java:onNext(255)) - client-F2B76901FA7F->d648d6ac-b5c0-4b07-8b62-deafe482d68a: receive RaftClientReply:client-F2B76901FA7F->d648d6ac-b5c0-4b07-8b62-deafe482d68a@group-D3000FDB9F5C, cid=43, SUCCESS, logIndex=3, commits[d648d6ac-b5c0-4b07-8b62-deafe482d68a:c4, 6eea3a1f-eb3a-4e20-b12e-52024dca4daa:c3, 32cefd05-cbdf-4fca-a26b-c43476f7345a:c3]
2019-07-30 09:04:14,382 INFO  client.GrpcClientProtocolClient (GrpcClientProtocolClient.java:onNext(255)) - client-37D9CC8EB3D1->95c70023-2dfa-4c70-82e4-c73f1e2c601b: receive RaftClientReply:client-37D9CC8EB3D1->95c70023-2dfa-4c70-82e4-c73f1e2c601b@group-929E7FCCEF46, cid=44, SUCCESS, logIndex=1, commits[95c70023-2dfa-4c70-82e4-c73f1e2c601b:c2, 14c4b397-7d20-4d72-b016-c8dae466110d:c1, 3ba974e7-c4ce-458d-9abc-0218b9f8d1ef:c1]
2019-07-30 09:04:14,406 INFO  keyvalue.KeyValueHandler (ContainerUtils.java:logAndReturnError(146)) - Operation: CreateContainer : Trace ID: 5136c9f3f33ec742:5136c9f3f33ec742:0:0 : Message: Container creation failed, due to disk out of space : Result: DISK_OUT_OF_SPACE
2019-07-30 09:04:14,410 INFO  keyvalue.KeyValueHandler (ContainerUtils.java:logAndReturnError(146)) - Operation: CreateContainer : Trace ID: 5136c9f3f33ec742:5136c9f3f33ec742:0:0 : Message: Container creation failed, due to disk out of space : Result: DISK_OUT_OF_SPACE
2019-07-30 09:04:14,421 INFO  keyvalue.KeyValueHandler (ContainerUtils.java:logAndReturnError(146)) - Operation: CreateContainer : Trace ID: 5136c9f3f33ec742:5136c9f3f33ec742:0:0 : Message: Container creation failed, due to disk out of space : Result: DISK_OUT_OF_SPACE
2019-07-30 09:04:14,426 INFO  client.GrpcClientProtocolClient (GrpcClientProtocolClient.java:onNext(255)) - client-F2B76901FA7F->d648d6ac-b5c0-4b07-8b62-deafe482d68a: receive RaftClientReply:client-F2B76901FA7F->d648d6ac-b5c0-4b07-8b62-deafe482d68a@group-D3000FDB9F5C, cid=45, FAILED org.apache.ratis.protocol.StateMachineException: java.util.concurrent.CompletionException: java.lang.NullPointerException, logIndex=5, commits[d648d6ac-b5c0-4b07-8b62-deafe482d68a:c5, 6eea3a1f-eb3a-4e20-b12e-52024dca4daa:c4, 32cefd05-cbdf-4fca-a26b-c43476f7345a:c4]
2019-07-30 09:04:14,432 INFO  ozone.MiniOzoneClusterImpl (MiniOzoneClusterImpl.java:shutdown(321)) - Shutting down the Mini Ozone Cluster
2019-07-30 09:04:14,433 INFO  ozone.MiniOzoneClusterImpl (MiniOzoneClusterImpl.java:stop(336)) - Stopping the Mini Ozone Cluster
2019-07-30 09:04:14,433 INFO  ozone.MiniOzoneClusterImpl (MiniOzoneClusterImpl.java:stop(338)) - Stopping the OzoneManager
2019-07-30 09:04:14,433 INFO  ipc.Server (Server.java:stop(3082)) - Stopping server on 44265
2019-07-30 09:04:14,446 INFO  ipc.Server (Server.java:run(1185)) - Stopping IPC Server listener on 44265
2019-07-30 09:04:14,454 INFO  ipc.Server (Server.java:run(1319)) - Stopping IPC Server Responder
2019-07-30 09:04:14,460 INFO  utils.BackgroundService (BackgroundService.java:shutdown(148)) - Shutting down service KeyDeletingService
2019-07-30 09:04:14,494 INFO  handler.ContextHandler (ContextHandler.java:doStop(910)) - Stopped o.e.j.w.WebAppContext@2a7ebe07{/,null,UNAVAILABLE}{/ozoneManager}
2019-07-30 09:04:14,495 INFO  server.AbstractConnector (AbstractConnector.java:doStop(318)) - Stopped ServerConnector@6e93b0e7{HTTP/1.1,[http/1.1]}{0.0.0.0:0}
2019-07-30 09:04:14,496 INFO  handler.ContextHandler (ContextHandler.java:doStop(910)) - Stopped o.e.j.s.ServletContextHandler@27dbaa33{/static,file:///workdir/hadoop-ozone/integration-test/target/test-classes/webapps/static,UNAVAILABLE}
2019-07-30 09:04:14,496 INFO  handler.ContextHandler (ContextHandler.java:doStop(910)) - Stopped o.e.j.s.ServletContextHandler@1377b1a0{/logs,file:///workdir/hadoop-ozone/integration-test/target/log,UNAVAILABLE}
2019-07-30 09:04:14,512 INFO  ozone.MiniOzoneClusterImpl (MiniOzoneClusterImpl.java:stop(344)) - Shutting the HddsDatanodes
2019-07-30 09:04:14,513 INFO  datanode.ObjectStoreHandler (ObjectStoreHandler.java:close(155)) - Closing ObjectStoreHandler.
2019-07-30 09:04:14,513 INFO  datanode.ObjectStoreHandler (ObjectStoreHandler.java:close(155)) - Closing ObjectStoreHandler.
2019-07-30 09:04:14,515 INFO  ozone.HddsDatanodeService (HddsDatanodeService.java:stop(451)) - Stopped plug-in org.apache.hadoop.ozone.web.OzoneHddsDatanodeService@4e10a320
2019-07-30 09:04:14,515 INFO  ozone.HddsDatanodeService (HddsDatanodeService.java:stop(451)) - Stopped plug-in org.apache.hadoop.ozone.web.OzoneHddsDatanodeService@5a466dd
2019-07-30 09:04:15,246 INFO  statemachine.DatanodeStateMachine (DatanodeStateMachine.java:lambda$startDaemon$0(350)) - Ozone container server started.
2019-07-30 09:04:15,406 INFO  statemachine.DatanodeStateMachine (DatanodeStateMachine.java:lambda$startDaemon$0(350)) - Ozone container server started.
2019-07-30 09:04:19,515 INFO  ozoneimpl.OzoneContainer (OzoneContainer.java:stop(199)) - Attempting to stop container services.
2019-07-30 09:04:19,516 INFO  ozoneimpl.OzoneContainer (OzoneContainer.java:stop(199)) - Attempting to stop container services.
2019-07-30 09:04:19,516 INFO  impl.RaftServerProxy (RaftServerProxy.java:lambda$close$4(314)) - 6eea3a1f-eb3a-4e20-b12e-52024dca4daa: close
2019-07-30 09:04:19,517 INFO  impl.RaftServerProxy (RaftServerProxy.java:lambda$close$4(314)) - 3ba974e7-c4ce-458d-9abc-0218b9f8d1ef: close
2019-07-30 09:04:19,517 INFO  impl.RaftServerImpl (RaftServerImpl.java:lambda$shutdown$3(245)) - 6eea3a1f-eb3a-4e20-b12e-52024dca4daa: shutdown group-D3000FDB9F5C
2019-07-30 09:04:19,517 INFO  impl.RaftServerImpl (RaftServerImpl.java:lambda$shutdown$3(245)) - 3ba974e7-c4ce-458d-9abc-0218b9f8d1ef: shutdown group-F6D96A591C0B
2019-07-30 09:04:19,518 INFO  util.JmxRegister (JmxRegister.java:unregister(73)) - Successfully un-registered JMX Bean with object name Ratis:service=RaftServer,group=group-D3000FDB9F5C,id=6eea3a1f-eb3a-4e20-b12e-52024dca4daa
2019-07-30 09:04:19,518 INFO  util.JmxRegister (JmxRegister.java:unregister(73)) - Successfully un-registered JMX Bean with object name Ratis:service=RaftServer,group=group-F6D96A591C0B,id=3ba974e7-c4ce-458d-9abc-0218b9f8d1ef
2019-07-30 09:04:19,518 INFO  impl.RoleInfo (RoleInfo.java:shutdownFollowerState(121)) - 6eea3a1f-eb3a-4e20-b12e-52024dca4daa: shutdown FollowerState
2019-07-30 09:04:19,519 INFO  impl.RoleInfo (RoleInfo.java:shutdownLeaderState(104)) - 3ba974e7-c4ce-458d-9abc-0218b9f8d1ef: shutdown LeaderState
2019-07-30 09:04:19,519 INFO  ratis.ContainerStateMachine (ContainerStateMachine.java:takeSnapshot(262)) - group-D3000FDB9F5C: Taking a snapshot at:(t:3, i:3) file /workdir/hadoop-ozone/integration-test/target/test-dir/MiniOzoneClusterImpl-c1e84c7d-2436-439f-bc56-acddb819a285/datanode-4/data/ratis/b26163ba-0750-4475-a4d9-d3000fdb9f5c/sm/snapshot.3_3
2019-07-30 09:04:19,519 INFO  impl.FollowerState (FollowerState.java:run(114)) - 6eea3a1f-eb3a-4e20-b12e-52024dca4daa: FollowerState was interrupted: java.lang.InterruptedException: sleep interrupted
2019-07-30 09:04:19,519 INFO  impl.StateMachineUpdater (StateMachineUpdater.java:stopAndJoin(115)) - StateMachineUpdater:6eea3a1f-eb3a-4e20-b12e-52024dca4daa:group-D3000FDB9F5C: set stopIndex = 6
2019-07-30 09:04:19,534 INFO  ratis.ContainerStateMachine (ContainerStateMachine.java:takeSnapshot(273)) - group-D3000FDB9F5C: Finished taking a snapshot at:(t:3, i:3) file:/workdir/hadoop-ozone/integration-test/target/test-dir/MiniOzoneClusterImpl-c1e84c7d-2436-439f-bc56-acddb819a285/datanode-4/data/ratis/b26163ba-0750-4475-a4d9-d3000fdb9f5c/sm/snapshot.3_3 time:14
2019-07-30 09:04:19,520 INFO  impl.PendingRequests (PendingRequests.java:sendNotLeaderResponses(202)) - 3ba974e7-c4ce-458d-9abc-0218b9f8d1ef-PendingRequests: sendNotLeaderResponses
2019-07-30 09:04:19,534 INFO  impl.StateMachineUpdater (StateMachineUpdater.java:takeSnapshot(242)) - StateMachineUpdater:6eea3a1f-eb3a-4e20-b12e-52024dca4daa:group-D3000FDB9F5C: Took a snapshot at index 3
2019-07-30 09:04:19,534 INFO  impl.StateMachineUpdater (StateMachineUpdater.java:lambda$new$0(80)) - StateMachineUpdater:6eea3a1f-eb3a-4e20-b12e-52024dca4daa:group-D3000FDB9F5C: snapshotIndex: updateIncreasingly -1 -> 3
2019-07-30 09:04:19,534 INFO  impl.StateMachineUpdater (StateMachineUpdater.java:stopAndJoin(115)) - StateMachineUpdater:3ba974e7-c4ce-458d-9abc-0218b9f8d1ef:group-F6D96A591C0B: set stopIndex = 0
2019-07-30 09:04:19,535 INFO  impl.RaftServerImpl (ServerState.java:close(394)) - 3ba974e7-c4ce-458d-9abc-0218b9f8d1ef:group-F6D96A591C0B closes. The last applied log index is 0
2019-07-30 09:04:19,535 INFO  impl.RaftServerImpl (ServerState.java:close(394)) - 6eea3a1f-eb3a-4e20-b12e-52024dca4daa:group-D3000FDB9F5C closes. The last applied log index is 6
2019-07-30 09:04:19,535 INFO  segmented.SegmentedRaftLogWorker (SegmentedRaftLogWorker.java:run(313)) - 3ba974e7-c4ce-458d-9abc-0218b9f8d1ef-SegmentedRaftLogWorker:Storage Directory /workdir/hadoop-ozone/integration-test/target/test-dir/MiniOzoneClusterImpl-c1e84c7d-2436-439f-bc56-acddb819a285/datanode-1/data/ratis/cac647c0-cf03-48dc-8e5f-f6d96a591c0b was interrupted, exiting. There are 0 tasks remaining in the queue.
2019-07-30 09:04:19,536 INFO  segmented.SegmentedRaftLogWorker (SegmentedRaftLogWorker.java:run(313)) - 6eea3a1f-eb3a-4e20-b12e-52024dca4daa-SegmentedRaftLogWorker:Storage Directory /workdir/hadoop-ozone/integration-test/target/test-dir/MiniOzoneClusterImpl-c1e84c7d-2436-439f-bc56-acddb819a285/datanode-4/data/ratis/b26163ba-0750-4475-a4d9-d3000fdb9f5c was interrupted, exiting. There are 0 tasks remaining in the queue.
2019-07-30 09:04:19,538 INFO  segmented.SegmentedRaftLogWorker (SegmentedRaftLogWorker.java:close(228)) - 3ba974e7-c4ce-458d-9abc-0218b9f8d1ef-SegmentedRaftLogWorker:Storage Directory /workdir/hadoop-ozone/integration-test/target/test-dir/MiniOzoneClusterImpl-c1e84c7d-2436-439f-bc56-acddb819a285/datanode-1/data/ratis/cac647c0-cf03-48dc-8e5f-f6d96a591c0b close()
2019-07-30 09:04:19,541 INFO  segmented.SegmentedRaftLogWorker (SegmentedRaftLogWorker.java:close(228)) - 6eea3a1f-eb3a-4e20-b12e-52024dca4daa-SegmentedRaftLogWorker:Storage Directory /workdir/hadoop-ozone/integration-test/target/test-dir/MiniOzoneClusterImpl-c1e84c7d-2436-439f-bc56-acddb819a285/datanode-4/data/ratis/b26163ba-0750-4475-a4d9-d3000fdb9f5c close()
2019-07-30 09:04:19,546 INFO  impl.RaftServerImpl (RaftServerImpl.java:lambda$shutdown$3(245)) - 3ba974e7-c4ce-458d-9abc-0218b9f8d1ef: shutdown group-929E7FCCEF46
2019-07-30 09:04:19,552 INFO  impl.RaftServerImpl (RaftServerImpl.java:lambda$shutdown$3(245)) - 6eea3a1f-eb3a-4e20-b12e-52024dca4daa: shutdown group-37BC55C0E475
2019-07-30 09:04:19,553 INFO  util.JmxRegister (JmxRegister.java:unregister(73)) - Successfully un-registered JMX Bean with object name Ratis:service=RaftServer,group=group-929E7FCCEF46,id=3ba974e7-c4ce-458d-9abc-0218b9f8d1ef
2019-07-30 09:04:19,553 INFO  util.JmxRegister (JmxRegister.java:unregister(73)) - Successfully un-registered JMX Bean with object name Ratis:service=RaftServer,group=group-37BC55C0E475,id=6eea3a1f-eb3a-4e20-b12e-52024dca4daa
2019-07-30 09:04:19,554 INFO  impl.RoleInfo (RoleInfo.java:shutdownLeaderState(104)) - 6eea3a1f-eb3a-4e20-b12e-52024dca4daa: shutdown LeaderState
2019-07-30 09:04:19,553 INFO  impl.RoleInfo (RoleInfo.java:shutdownFollowerState(121)) - 3ba974e7-c4ce-458d-9abc-0218b9f8d1ef: shutdown FollowerState
2019-07-30 09:04:19,554 INFO  impl.PendingRequests (PendingRequests.java:sendNotLeaderResponses(202)) - 6eea3a1f-eb3a-4e20-b12e-52024dca4daa-PendingRequests: sendNotLeaderResponses
2019-07-30 09:04:19,555 INFO  ratis.ContainerStateMachine (ContainerStateMachine.java:takeSnapshot(262)) - group-929E7FCCEF46: Taking a snapshot at:(t:1, i:1) file /workdir/hadoop-ozone/integration-test/target/test-dir/MiniOzoneClusterImpl-c1e84c7d-2436-439f-bc56-acddb819a285/datanode-1/data/ratis/602fd9e0-95f8-4715-8a09-929e7fccef46/sm/snapshot.1_1
2019-07-30 09:04:19,555 INFO  impl.FollowerState (FollowerState.java:run(114)) - 3ba974e7-c4ce-458d-9abc-0218b9f8d1ef: FollowerState was interrupted: java.lang.InterruptedException: sleep interrupted
2019-07-30 09:04:19,554 INFO  impl.StateMachineUpdater (StateMachineUpdater.java:stopAndJoin(115)) - StateMachineUpdater:3ba974e7-c4ce-458d-9abc-0218b9f8d1ef:group-929E7FCCEF46: set stopIndex = 2
2019-07-30 09:04:19,555 INFO  impl.StateMachineUpdater (StateMachineUpdater.java:stopAndJoin(115)) - StateMachineUpdater:6eea3a1f-eb3a-4e20-b12e-52024dca4daa:group-37BC55C0E475: set stopIndex = 0
2019-07-30 09:04:19,556 INFO  impl.RaftServerImpl (ServerState.java:close(394)) - 6eea3a1f-eb3a-4e20-b12e-52024dca4daa:group-37BC55C0E475 closes. The last applied log index is 0
2019-07-30 09:04:19,556 INFO  segmented.SegmentedRaftLogWorker (SegmentedRaftLogWorker.java:run(313)) - 6eea3a1f-eb3a-4e20-b12e-52024dca4daa-SegmentedRaftLogWorker:Storage Directory /workdir/hadoop-ozone/integration-test/target/test-dir/MiniOzoneClusterImpl-c1e84c7d-2436-439f-bc56-acddb819a285/datanode-4/data/ratis/d32630f9-835e-41c9-8088-37bc55c0e475 was interrupted, exiting. There are 0 tasks remaining in the queue.
2019-07-30 09:04:19,566 INFO  segmented.SegmentedRaftLogWorker (SegmentedRaftLogWorker.java:close(228)) - 6eea3a1f-eb3a-4e20-b12e-52024dca4daa-SegmentedRaftLogWorker:Storage Directory /workdir/hadoop-ozone/integration-test/target/test-dir/MiniOzoneClusterImpl-c1e84c7d-2436-439f-bc56-acddb819a285/datanode-4/data/ratis/d32630f9-835e-41c9-8088-37bc55c0e475 close()
2019-07-30 09:04:19,567 INFO  ratis.ContainerStateMachine (ContainerStateMachine.java:takeSnapshot(273)) - group-929E7FCCEF46: Finished taking a snapshot at:(t:1, i:1) file:/workdir/hadoop-ozone/integration-test/target/test-dir/MiniOzoneClusterImpl-c1e84c7d-2436-439f-bc56-acddb819a285/datanode-1/data/ratis/602fd9e0-95f8-4715-8a09-929e7fccef46/sm/snapshot.1_1 time:12
2019-07-30 09:04:19,571 INFO  impl.StateMachineUpdater (StateMachineUpdater.java:takeSnapshot(242)) - StateMachineUpdater:3ba974e7-c4ce-458d-9abc-0218b9f8d1ef:group-929E7FCCEF46: Took a snapshot at index 1
2019-07-30 09:04:19,571 INFO  server.GrpcService (GrpcService.java:closeImpl(155)) - 6eea3a1f-eb3a-4e20-b12e-52024dca4daa: shutdown server with port 40369 now
2019-07-30 09:04:19,572 INFO  impl.StateMachineUpdater (StateMachineUpdater.java:lambda$new$0(80)) - StateMachineUpdater:3ba974e7-c4ce-458d-9abc-0218b9f8d1ef:group-929E7FCCEF46: snapshotIndex: updateIncreasingly -1 -> 1
2019-07-30 09:04:19,573 INFO  impl.RaftServerImpl (ServerState.java:close(394)) - 3ba974e7-c4ce-458d-9abc-0218b9f8d1ef:group-929E7FCCEF46 closes. The last applied log index is 2
2019-07-30 09:04:19,573 WARN  server.GrpcServerProtocolService (LogUtils.java:warn(134)) - 6eea3a1f-eb3a-4e20-b12e-52024dca4daa: appendEntries onError: org.apache.ratis.thirdparty.io.grpc.StatusRuntimeException: CANCELLED: cancelled before receiving half close
2019-07-30 09:04:19,573 INFO  segmented.SegmentedRaftLogWorker (SegmentedRaftLogWorker.java:run(313)) - 3ba974e7-c4ce-458d-9abc-0218b9f8d1ef-SegmentedRaftLogWorker:Storage Directory /workdir/hadoop-ozone/integration-test/target/test-dir/MiniOzoneClusterImpl-c1e84c7d-2436-439f-bc56-acddb819a285/datanode-1/data/ratis/602fd9e0-95f8-4715-8a09-929e7fccef46 was interrupted, exiting. There are 0 tasks remaining in the queue.
2019-07-30 09:04:19,573 INFO  server.GrpcService (GrpcService.java:closeImpl(163)) - 6eea3a1f-eb3a-4e20-b12e-52024dca4daa: shutdown server with port 40369 successfully
2019-07-30 09:04:19,576 INFO  segmented.SegmentedRaftLogWorker (SegmentedRaftLogWorker.java:close(228)) - 3ba974e7-c4ce-458d-9abc-0218b9f8d1ef-SegmentedRaftLogWorker:Storage Directory /workdir/hadoop-ozone/integration-test/target/test-dir/MiniOzoneClusterImpl-c1e84c7d-2436-439f-bc56-acddb819a285/datanode-1/data/ratis/602fd9e0-95f8-4715-8a09-929e7fccef46 close()
2019-07-30 09:04:19,576 WARN  server.GrpcLogAppender (LogUtils.java:warn(134)) - d648d6ac-b5c0-4b07-8b62-deafe482d68a->6eea3a1f-eb3a-4e20-b12e-52024dca4daa: Failed appendEntries: org.apache.ratis.thirdparty.io.grpc.StatusRuntimeException: CANCELLED: HTTP/2 error code: CANCEL
Received Rst Stream
2019-07-30 09:04:19,580 INFO  utils.BackgroundService (BackgroundService.java:shutdown(148)) - Shutting down service BlockDeletingService
2019-07-30 09:04:19,590 INFO  impl.FollowerInfo (FollowerInfo.java:lambda$new$0(50)) - d648d6ac-b5c0-4b07-8b62-deafe482d68a->6eea3a1f-eb3a-4e20-b12e-52024dca4daa: nextIndex: updateUnconditionally 7 -> 6
2019-07-30 09:04:19,589 INFO  server.GrpcService (GrpcService.java:closeImpl(155)) - 3ba974e7-c4ce-458d-9abc-0218b9f8d1ef: shutdown server with port 39373 now
2019-07-30 09:04:19,591 WARN  server.GrpcServerProtocolService (LogUtils.java:warn(134)) - 3ba974e7-c4ce-458d-9abc-0218b9f8d1ef: appendEntries onError: org.apache.ratis.thirdparty.io.grpc.StatusRuntimeException: CANCELLED: cancelled before receiving half close
2019-07-30 09:04:19,591 INFO  server.GrpcService (GrpcService.java:closeImpl(163)) - 3ba974e7-c4ce-458d-9abc-0218b9f8d1ef: shutdown server with port 39373 successfully
2019-07-30 09:04:19,591 WARN  server.GrpcLogAppender (LogUtils.java:warn(134)) - 95c70023-2dfa-4c70-82e4-c73f1e2c601b->3ba974e7-c4ce-458d-9abc-0218b9f8d1ef: Failed appendEntries: org.apache.ratis.thirdparty.io.grpc.StatusRuntimeException: CANCELLED: HTTP/2 error code: CANCEL
Received Rst Stream
2019-07-30 09:04:19,592 WARN  fs.CachingGetSpaceUsed (CachingGetSpaceUsed.java:run(183)) - Thread Interrupted waiting to refresh disk information: sleep interrupted
2019-07-30 09:04:19,595 INFO  impl.FollowerInfo (FollowerInfo.java:lambda$new$0(50)) - 95c70023-2dfa-4c70-82e4-c73f1e2c601b->3ba974e7-c4ce-458d-9abc-0218b9f8d1ef: nextIndex: updateUnconditionally 3 -> 2
2019-07-30 09:04:19,602 INFO  utils.BackgroundService (BackgroundService.java:shutdown(148)) - Shutting down service BlockDeletingService
2019-07-30 09:04:19,604 WARN  fs.CachingGetSpaceUsed (CachingGetSpaceUsed.java:run(183)) - Thread Interrupted waiting to refresh disk information: sleep interrupted
2019-07-30 09:04:19,628 INFO  statemachine.DatanodeStateMachine (DatanodeStateMachine.java:stopDaemon(395)) - Ozone container server stopped.
2019-07-30 09:04:19,630 INFO  statemachine.DatanodeStateMachine (DatanodeStateMachine.java:stopDaemon(395)) - Ozone container server stopped.
2019-07-30 09:04:19,637 INFO  handler.ContextHandler (ContextHandler.java:doStop(910)) - Stopped o.e.j.w.WebAppContext@7c3c3d67{/,null,UNAVAILABLE}{/hddsDatanode}
2019-07-30 09:04:19,637 INFO  handler.ContextHandler (ContextHandler.java:doStop(910)) - Stopped o.e.j.w.WebAppContext@455cbf18{/,null,UNAVAILABLE}{/hddsDatanode}
2019-07-30 09:04:19,638 INFO  server.AbstractConnector (AbstractConnector.java:doStop(318)) - Stopped ServerConnector@1e258d3b{HTTP/1.1,[http/1.1]}{0.0.0.0:0}
2019-07-30 09:04:19,638 INFO  server.AbstractConnector (AbstractConnector.java:doStop(318)) - Stopped ServerConnector@24aedcc5{HTTP/1.1,[http/1.1]}{0.0.0.0:0}
2019-07-30 09:04:19,638 INFO  handler.ContextHandler (ContextHandler.java:doStop(910)) - Stopped o.e.j.s.ServletContextHandler@ca2be53{/static,jar:file:/home/user/.m2/repository/org/apache/hadoop/hadoop-hdds-container-service/0.4.1-SNAPSHOT/hadoop-hdds-container-service-0.4.1-SNAPSHOT.jar!/webapps/static,UNAVAILABLE}
2019-07-30 09:04:19,640 INFO  handler.ContextHandler (ContextHandler.java:doStop(910)) - Stopped o.e.j.s.ServletContextHandler@48632f69{/static,jar:file:/home/user/.m2/repository/org/apache/hadoop/hadoop-hdds-container-service/0.4.1-SNAPSHOT/hadoop-hdds-container-service-0.4.1-SNAPSHOT.jar!/webapps/static,UNAVAILABLE}
2019-07-30 09:04:19,641 INFO  handler.ContextHandler (ContextHandler.java:doStop(910)) - Stopped o.e.j.s.ServletContextHandler@cf08c97{/logs,file:///workdir/hadoop-ozone/integration-test/target/log,UNAVAILABLE}
2019-07-30 09:04:19,643 INFO  handler.ContextHandler (ContextHandler.java:doStop(910)) - Stopped o.e.j.s.ServletContextHandler@543b0737{/logs,file:///workdir/hadoop-ozone/integration-test/target/log,UNAVAILABLE}
2019-07-30 09:04:19,644 INFO  datanode.ObjectStoreHandler (ObjectStoreHandler.java:close(155)) - Closing ObjectStoreHandler.
2019-07-30 09:04:19,645 INFO  datanode.ObjectStoreHandler (ObjectStoreHandler.java:close(155)) - Closing ObjectStoreHandler.
2019-07-30 09:04:19,645 INFO  ozone.HddsDatanodeService (HddsDatanodeService.java:stop(451)) - Stopped plug-in org.apache.hadoop.ozone.web.OzoneHddsDatanodeService@6bf0f70a
2019-07-30 09:04:19,645 INFO  ozone.HddsDatanodeService (HddsDatanodeService.java:stop(451)) - Stopped plug-in org.apache.hadoop.ozone.web.OzoneHddsDatanodeService@334b392d
2019-07-30 09:04:20,217 INFO  statemachine.DatanodeStateMachine (DatanodeStateMachine.java:lambda$startDaemon$0(350)) - Ozone container server started.
2019-07-30 09:04:20,374 INFO  statemachine.DatanodeStateMachine (DatanodeStateMachine.java:lambda$startDaemon$0(350)) - Ozone container server started.
2019-07-30 09:04:21,771 WARN  server.GrpcLogAppender (LogUtils.java:warn(134)) - 95c70023-2dfa-4c70-82e4-c73f1e2c601b->3ba974e7-c4ce-458d-9abc-0218b9f8d1ef: Failed appendEntries: org.apache.ratis.thirdparty.io.grpc.StatusRuntimeException: UNAVAILABLE: io exception
2019-07-30 09:04:21,775 INFO  impl.FollowerInfo (FollowerInfo.java:lambda$new$0(50)) - 95c70023-2dfa-4c70-82e4-c73f1e2c601b->3ba974e7-c4ce-458d-9abc-0218b9f8d1ef: nextIndex: updateUnconditionally 2 -> 1
2019-07-30 09:04:21,920 WARN  server.GrpcLogAppender (LogUtils.java:warn(134)) - d648d6ac-b5c0-4b07-8b62-deafe482d68a->6eea3a1f-eb3a-4e20-b12e-52024dca4daa: Failed appendEntries: org.apache.ratis.thirdparty.io.grpc.StatusRuntimeException: UNAVAILABLE: io exception
2019-07-30 09:04:21,922 INFO  impl.FollowerInfo (FollowerInfo.java:lambda$new$0(50)) - d648d6ac-b5c0-4b07-8b62-deafe482d68a->6eea3a1f-eb3a-4e20-b12e-52024dca4daa: nextIndex: updateUnconditionally 6 -> 5
2019-07-30 09:04:24,272 WARN  server.GrpcLogAppender (LogUtils.java:warn(134)) - 95c70023-2dfa-4c70-82e4-c73f1e2c601b->3ba974e7-c4ce-458d-9abc-0218b9f8d1ef: Failed appendEntries: org.apache.ratis.thirdparty.io.grpc.StatusRuntimeException: UNAVAILABLE: io exception
2019-07-30 09:04:24,276 INFO  impl.FollowerInfo (FollowerInfo.java:lambda$new$0(50)) - 95c70023-2dfa-4c70-82e4-c73f1e2c601b->3ba974e7-c4ce-458d-9abc-0218b9f8d1ef: nextIndex: updateUnconditionally 1 -> 0
2019-07-30 09:04:24,421 WARN  server.GrpcLogAppender (LogUtils.java:warn(134)) - d648d6ac-b5c0-4b07-8b62-deafe482d68a->6eea3a1f-eb3a-4e20-b12e-52024dca4daa: Failed appendEntries: org.apache.ratis.thirdparty.io.grpc.StatusRuntimeException: UNAVAILABLE: io exception
2019-07-30 09:04:24,424 INFO  impl.FollowerInfo (FollowerInfo.java:lambda$new$0(50)) - d648d6ac-b5c0-4b07-8b62-deafe482d68a->6eea3a1f-eb3a-4e20-b12e-52024dca4daa: nextIndex: updateUnconditionally 5 -> 4
2019-07-30 09:04:24,646 INFO  ozoneimpl.OzoneContainer (OzoneContainer.java:stop(199)) - Attempting to stop container services.
2019-07-30 09:04:24,646 INFO  ozoneimpl.OzoneContainer (OzoneContainer.java:stop(199)) - Attempting to stop container services.
2019-07-30 09:04:24,647 INFO  impl.RaftServerProxy (RaftServerProxy.java:lambda$close$4(314)) - d648d6ac-b5c0-4b07-8b62-deafe482d68a: close
2019-07-30 09:04:24,647 INFO  impl.RaftServerProxy (RaftServerProxy.java:lambda$close$4(314)) - 14c4b397-7d20-4d72-b016-c8dae466110d: close
2019-07-30 09:04:24,648 INFO  impl.RaftServerImpl (RaftServerImpl.java:lambda$shutdown$3(245)) - 14c4b397-7d20-4d72-b016-c8dae466110d: shutdown group-6715ADCF5D91
2019-07-30 09:04:24,649 INFO  util.JmxRegister (JmxRegister.java:unregister(73)) - Successfully un-registered JMX Bean with object name Ratis:service=RaftServer,group=group-6715ADCF5D91,id=14c4b397-7d20-4d72-b016-c8dae466110d
2019-07-30 09:04:24,649 INFO  impl.RoleInfo (RoleInfo.java:shutdownLeaderState(104)) - 14c4b397-7d20-4d72-b016-c8dae466110d: shutdown LeaderState
2019-07-30 09:04:24,648 INFO  impl.RaftServerImpl (RaftServerImpl.java:lambda$shutdown$3(245)) - d648d6ac-b5c0-4b07-8b62-deafe482d68a: shutdown group-D3000FDB9F5C
2019-07-30 09:04:24,649 INFO  impl.PendingRequests (PendingRequests.java:sendNotLeaderResponses(202)) - 14c4b397-7d20-4d72-b016-c8dae466110d-PendingRequests: sendNotLeaderResponses
2019-07-30 09:04:24,650 INFO  util.JmxRegister (JmxRegister.java:unregister(73)) - Successfully un-registered JMX Bean with object name Ratis:service=RaftServer,group=group-D3000FDB9F5C,id=d648d6ac-b5c0-4b07-8b62-deafe482d68a
2019-07-30 09:04:24,650 INFO  impl.StateMachineUpdater (StateMachineUpdater.java:stopAndJoin(115)) - StateMachineUpdater:14c4b397-7d20-4d72-b016-c8dae466110d:group-6715ADCF5D91: set stopIndex = 0
2019-07-30 09:04:24,650 INFO  impl.RoleInfo (RoleInfo.java:shutdownLeaderState(104)) - d648d6ac-b5c0-4b07-8b62-deafe482d68a: shutdown LeaderState
2019-07-30 09:04:24,651 INFO  impl.RaftServerImpl (ServerState.java:close(394)) - 14c4b397-7d20-4d72-b016-c8dae466110d:group-6715ADCF5D91 closes. The last applied log index is 0
2019-07-30 09:04:24,656 INFO  impl.PendingRequests (PendingRequests.java:sendNotLeaderResponses(202)) - d648d6ac-b5c0-4b07-8b62-deafe482d68a-PendingRequests: sendNotLeaderResponses
2019-07-30 09:04:24,656 INFO  segmented.SegmentedRaftLogWorker (SegmentedRaftLogWorker.java:run(313)) - 14c4b397-7d20-4d72-b016-c8dae466110d-SegmentedRaftLogWorker:Storage Directory /workdir/hadoop-ozone/integration-test/target/test-dir/MiniOzoneClusterImpl-c1e84c7d-2436-439f-bc56-acddb819a285/datanode-2/data/ratis/7854d145-c3f7-4b3b-91aa-6715adcf5d91 was interrupted, exiting. There are 0 tasks remaining in the queue.
2019-07-30 09:04:24,656 WARN  server.GrpcLogAppender (GrpcLogAppender.java:mayWait(143)) - GrpcLogAppender(d648d6ac-b5c0-4b07-8b62-deafe482d68a->6eea3a1f-eb3a-4e20-b12e-52024dca4daa): Wait interrupted by java.lang.InterruptedException
2019-07-30 09:04:24,656 WARN  server.GrpcLogAppender (GrpcLogAppender.java:mayWait(143)) - GrpcLogAppender(d648d6ac-b5c0-4b07-8b62-deafe482d68a->32cefd05-cbdf-4fca-a26b-c43476f7345a): Wait interrupted by java.lang.InterruptedException
2019-07-30 09:04:24,662 INFO  impl.StateMachineUpdater (StateMachineUpdater.java:stopAndJoin(115)) - StateMachineUpdater:d648d6ac-b5c0-4b07-8b62-deafe482d68a:group-D3000FDB9F5C: set stopIndex = 6
2019-07-30 09:04:24,662 INFO  segmented.SegmentedRaftLogWorker (SegmentedRaftLogWorker.java:close(228)) - 14c4b397-7d20-4d72-b016-c8dae466110d-SegmentedRaftLogWorker:Storage Directory /workdir/hadoop-ozone/integration-test/target/test-dir/MiniOzoneClusterImpl-c1e84c7d-2436-439f-bc56-acddb819a285/datanode-2/data/ratis/7854d145-c3f7-4b3b-91aa-6715adcf5d91 close()
2019-07-30 09:04:24,662 INFO  ratis.ContainerStateMachine (ContainerStateMachine.java:takeSnapshot(262)) - group-D3000FDB9F5C: Taking a snapshot at:(t:3, i:4) file /workdir/hadoop-ozone/integration-test/target/test-dir/MiniOzoneClusterImpl-c1e84c7d-2436-439f-bc56-acddb819a285/datanode-3/data/ratis/b26163ba-0750-4475-a4d9-d3000fdb9f5c/sm/snapshot.3_4
2019-07-30 09:04:24,665 INFO  impl.RaftServerImpl (RaftServerImpl.java:lambda$shutdown$3(245)) - 14c4b397-7d20-4d72-b016-c8dae466110d: shutdown group-929E7FCCEF46
2019-07-30 09:04:24,665 INFO  server.GrpcServerProtocolService (GrpcServerProtocolService.java:onCompleted(104)) - 32cefd05-cbdf-4fca-a26b-c43476f7345a: appendEntries completed
2019-07-30 09:04:24,665 INFO  util.JmxRegister (JmxRegister.java:unregister(73)) - Successfully un-registered JMX Bean with object name Ratis:service=RaftServer,group=group-929E7FCCEF46,id=14c4b397-7d20-4d72-b016-c8dae466110d
2019-07-30 09:04:24,665 INFO  impl.RoleInfo (RoleInfo.java:shutdownFollowerState(121)) - 14c4b397-7d20-4d72-b016-c8dae466110d: shutdown FollowerState
2019-07-30 09:04:24,666 INFO  server.GrpcLogAppender (GrpcLogAppender.java:onCompleted(292)) - d648d6ac-b5c0-4b07-8b62-deafe482d68a->32cefd05-cbdf-4fca-a26b-c43476f7345a: follower responses appendEntries COMPLETED
2019-07-30 09:04:24,666 INFO  impl.FollowerState (FollowerState.java:run(114)) - 14c4b397-7d20-4d72-b016-c8dae466110d: FollowerState was interrupted: java.lang.InterruptedException: sleep interrupted
2019-07-30 09:04:24,666 INFO  ratis.ContainerStateMachine (ContainerStateMachine.java:takeSnapshot(262)) - group-929E7FCCEF46: Taking a snapshot at:(t:1, i:1) file /workdir/hadoop-ozone/integration-test/target/test-dir/MiniOzoneClusterImpl-c1e84c7d-2436-439f-bc56-acddb819a285/datanode-2/data/ratis/602fd9e0-95f8-4715-8a09-929e7fccef46/sm/snapshot.1_1
2019-07-30 09:04:24,666 INFO  impl.StateMachineUpdater (StateMachineUpdater.java:stopAndJoin(115)) - StateMachineUpdater:14c4b397-7d20-4d72-b016-c8dae466110d:group-929E7FCCEF46: set stopIndex = 2
2019-07-30 09:04:24,668 INFO  impl.FollowerInfo (FollowerInfo.java:lambda$new$0(50)) - d648d6ac-b5c0-4b07-8b62-deafe482d68a->32cefd05-cbdf-4fca-a26b-c43476f7345a: nextIndex: updateUnconditionally 7 -> 6
2019-07-30 09:04:24,678 INFO  ratis.ContainerStateMachine (ContainerStateMachine.java:takeSnapshot(273)) - group-D3000FDB9F5C: Finished taking a snapshot at:(t:3, i:4) file:/workdir/hadoop-ozone/integration-test/target/test-dir/MiniOzoneClusterImpl-c1e84c7d-2436-439f-bc56-acddb819a285/datanode-3/data/ratis/b26163ba-0750-4475-a4d9-d3000fdb9f5c/sm/snapshot.3_4 time:15
2019-07-30 09:04:24,678 INFO  impl.StateMachineUpdater (StateMachineUpdater.java:takeSnapshot(242)) - StateMachineUpdater:d648d6ac-b5c0-4b07-8b62-deafe482d68a:group-D3000FDB9F5C: Took a snapshot at index 4
2019-07-30 09:04:24,678 INFO  impl.StateMachineUpdater (StateMachineUpdater.java:lambda$new$0(80)) - StateMachineUpdater:d648d6ac-b5c0-4b07-8b62-deafe482d68a:group-D3000FDB9F5C: snapshotIndex: updateIncreasingly -1 -> 4
2019-07-30 09:04:24,678 INFO  impl.RaftServerImpl (ServerState.java:close(394)) - d648d6ac-b5c0-4b07-8b62-deafe482d68a:group-D3000FDB9F5C closes. The last applied log index is 6
2019-07-30 09:04:24,679 INFO  ratis.ContainerStateMachine (ContainerStateMachine.java:takeSnapshot(273)) - group-929E7FCCEF46: Finished taking a snapshot at:(t:1, i:1) file:/workdir/hadoop-ozone/integration-test/target/test-dir/MiniOzoneClusterImpl-c1e84c7d-2436-439f-bc56-acddb819a285/datanode-2/data/ratis/602fd9e0-95f8-4715-8a09-929e7fccef46/sm/snapshot.1_1 time:13
2019-07-30 09:04:24,679 INFO  impl.StateMachineUpdater (StateMachineUpdater.java:takeSnapshot(242)) - StateMachineUpdater:14c4b397-7d20-4d72-b016-c8dae466110d:group-929E7FCCEF46: Took a snapshot at index 1
2019-07-30 09:04:24,679 INFO  segmented.SegmentedRaftLogWorker (SegmentedRaftLogWorker.java:run(313)) - d648d6ac-b5c0-4b07-8b62-deafe482d68a-SegmentedRaftLogWorker:Storage Directory /workdir/hadoop-ozone/integration-test/target/test-dir/MiniOzoneClusterImpl-c1e84c7d-2436-439f-bc56-acddb819a285/datanode-3/data/ratis/b26163ba-0750-4475-a4d9-d3000fdb9f5c was interrupted, exiting. There are 0 tasks remaining in the queue.
2019-07-30 09:04:24,679 INFO  impl.StateMachineUpdater (StateMachineUpdater.java:lambda$new$0(80)) - StateMachineUpdater:14c4b397-7d20-4d72-b016-c8dae466110d:group-929E7FCCEF46: snapshotIndex: updateIncreasingly -1 -> 1
2019-07-30 09:04:24,682 INFO  segmented.SegmentedRaftLogWorker (SegmentedRaftLogWorker.java:close(228)) - d648d6ac-b5c0-4b07-8b62-deafe482d68a-SegmentedRaftLogWorker:Storage Directory /workdir/hadoop-ozone/integration-test/target/test-dir/MiniOzoneClusterImpl-c1e84c7d-2436-439f-bc56-acddb819a285/datanode-3/data/ratis/b26163ba-0750-4475-a4d9-d3000fdb9f5c close()
2019-07-30 09:04:24,682 INFO  impl.RaftServerImpl (ServerState.java:close(394)) - 14c4b397-7d20-4d72-b016-c8dae466110d:group-929E7FCCEF46 closes. The last applied log index is 2
2019-07-30 09:04:24,684 INFO  impl.RaftServerImpl (RaftServerImpl.java:lambda$shutdown$3(245)) - d648d6ac-b5c0-4b07-8b62-deafe482d68a: shutdown group-E9AA51D5C679
2019-07-30 09:04:24,685 INFO  segmented.SegmentedRaftLogWorker (SegmentedRaftLogWorker.java:run(313)) - 14c4b397-7d20-4d72-b016-c8dae466110d-SegmentedRaftLogWorker:Storage Directory /workdir/hadoop-ozone/integration-test/target/test-dir/MiniOzoneClusterImpl-c1e84c7d-2436-439f-bc56-acddb819a285/datanode-2/data/ratis/602fd9e0-95f8-4715-8a09-929e7fccef46 was interrupted, exiting. There are 0 tasks remaining in the queue.
2019-07-30 09:04:24,685 INFO  util.JmxRegister (JmxRegister.java:unregister(73)) - Successfully un-registered JMX Bean with object name Ratis:service=RaftServer,group=group-E9AA51D5C679,id=d648d6ac-b5c0-4b07-8b62-deafe482d68a
2019-07-30 09:04:24,687 INFO  segmented.SegmentedRaftLogWorker (SegmentedRaftLogWorker.java:close(228)) - 14c4b397-7d20-4d72-b016-c8dae466110d-SegmentedRaftLogWorker:Storage Directory /workdir/hadoop-ozone/integration-test/target/test-dir/MiniOzoneClusterImpl-c1e84c7d-2436-439f-bc56-acddb819a285/datanode-2/data/ratis/602fd9e0-95f8-4715-8a09-929e7fccef46 close()
2019-07-30 09:04:24,687 INFO  impl.RoleInfo (RoleInfo.java:shutdownLeaderState(104)) - d648d6ac-b5c0-4b07-8b62-deafe482d68a: shutdown LeaderState
2019-07-30 09:04:24,690 INFO  server.GrpcService (GrpcService.java:closeImpl(155)) - 14c4b397-7d20-4d72-b016-c8dae466110d: shutdown server with port 39690 now
2019-07-30 09:04:24,690 INFO  impl.PendingRequests (PendingRequests.java:sendNotLeaderResponses(202)) - d648d6ac-b5c0-4b07-8b62-deafe482d68a-PendingRequests: sendNotLeaderResponses
2019-07-30 09:04:24,691 INFO  impl.StateMachineUpdater (StateMachineUpdater.java:stopAndJoin(115)) - StateMachineUpdater:d648d6ac-b5c0-4b07-8b62-deafe482d68a:group-E9AA51D5C679: set stopIndex = 0
2019-07-30 09:04:24,691 WARN  server.GrpcServerProtocolService (LogUtils.java:warn(134)) - 14c4b397-7d20-4d72-b016-c8dae466110d: appendEntries onError: org.apache.ratis.thirdparty.io.grpc.StatusRuntimeException: CANCELLED: cancelled before receiving half close
2019-07-30 09:04:24,691 INFO  server.GrpcService (GrpcService.java:closeImpl(163)) - 14c4b397-7d20-4d72-b016-c8dae466110d: shutdown server with port 39690 successfully
2019-07-30 09:04:24,691 INFO  impl.RaftServerImpl (ServerState.java:close(394)) - d648d6ac-b5c0-4b07-8b62-deafe482d68a:group-E9AA51D5C679 closes. The last applied log index is 0
2019-07-30 09:04:24,691 WARN  server.GrpcLogAppender (LogUtils.java:warn(134)) - 95c70023-2dfa-4c70-82e4-c73f1e2c601b->14c4b397-7d20-4d72-b016-c8dae466110d: Failed appendEntries: org.apache.ratis.thirdparty.io.grpc.StatusRuntimeException: CANCELLED: HTTP/2 error code: CANCEL
Received Rst Stream
2019-07-30 09:04:24,692 INFO  segmented.SegmentedRaftLogWorker (SegmentedRaftLogWorker.java:run(313)) - d648d6ac-b5c0-4b07-8b62-deafe482d68a-SegmentedRaftLogWorker:Storage Directory /workdir/hadoop-ozone/integration-test/target/test-dir/MiniOzoneClusterImpl-c1e84c7d-2436-439f-bc56-acddb819a285/datanode-3/data/ratis/98eeb46d-c472-4dd8-a0f2-e9aa51d5c679 was interrupted, exiting. There are 0 tasks remaining in the queue.
2019-07-30 09:04:24,696 INFO  segmented.SegmentedRaftLogWorker (SegmentedRaftLogWorker.java:close(228)) - d648d6ac-b5c0-4b07-8b62-deafe482d68a-SegmentedRaftLogWorker:Storage Directory /workdir/hadoop-ozone/integration-test/target/test-dir/MiniOzoneClusterImpl-c1e84c7d-2436-439f-bc56-acddb819a285/datanode-3/data/ratis/98eeb46d-c472-4dd8-a0f2-e9aa51d5c679 close()
2019-07-30 09:04:24,698 INFO  server.GrpcService (GrpcService.java:closeImpl(155)) - d648d6ac-b5c0-4b07-8b62-deafe482d68a: shutdown server with port 35830 now
2019-07-30 09:04:24,698 INFO  impl.FollowerInfo (FollowerInfo.java:lambda$new$0(50)) - 95c70023-2dfa-4c70-82e4-c73f1e2c601b->14c4b397-7d20-4d72-b016-c8dae466110d: nextIndex: updateUnconditionally 3 -> 2
2019-07-30 09:04:24,699 INFO  server.GrpcService (GrpcService.java:closeImpl(163)) - d648d6ac-b5c0-4b07-8b62-deafe482d68a: shutdown server with port 35830 successfully
2019-07-30 09:04:24,700 INFO  utils.BackgroundService (BackgroundService.java:shutdown(148)) - Shutting down service BlockDeletingService
2019-07-30 09:04:24,701 INFO  utils.BackgroundService (BackgroundService.java:shutdown(148)) - Shutting down service BlockDeletingService
2019-07-30 09:04:24,704 WARN  fs.CachingGetSpaceUsed (CachingGetSpaceUsed.java:run(183)) - Thread Interrupted waiting to refresh disk information: sleep interrupted
2019-07-30 09:04:24,705 WARN  fs.CachingGetSpaceUsed (CachingGetSpaceUsed.java:run(183)) - Thread Interrupted waiting to refresh disk information: sleep interrupted
2019-07-30 09:04:24,720 INFO  statemachine.DatanodeStateMachine (DatanodeStateMachine.java:stopDaemon(395)) - Ozone container server stopped.
2019-07-30 09:04:24,721 INFO  handler.ContextHandler (ContextHandler.java:doStop(910)) - Stopped o.e.j.w.WebAppContext@32b95de{/,null,UNAVAILABLE}{/hddsDatanode}
2019-07-30 09:04:24,722 INFO  server.AbstractConnector (AbstractConnector.java:doStop(318)) - Stopped ServerConnector@629cbb1{HTTP/1.1,[http/1.1]}{0.0.0.0:0}
2019-07-30 09:04:24,725 INFO  handler.ContextHandler (ContextHandler.java:doStop(910)) - Stopped o.e.j.s.ServletContextHandler@102af1bb{/static,jar:file:/home/user/.m2/repository/org/apache/hadoop/hadoop-hdds-container-service/0.4.1-SNAPSHOT/hadoop-hdds-container-service-0.4.1-SNAPSHOT.jar!/webapps/static,UNAVAILABLE}
2019-07-30 09:04:24,726 INFO  statemachine.DatanodeStateMachine (DatanodeStateMachine.java:stopDaemon(395)) - Ozone container server stopped.
2019-07-30 09:04:24,726 INFO  handler.ContextHandler (ContextHandler.java:doStop(910)) - Stopped o.e.j.s.ServletContextHandler@595ec862{/logs,file:///workdir/hadoop-ozone/integration-test/target/log,UNAVAILABLE}
2019-07-30 09:04:24,731 INFO  handler.ContextHandler (ContextHandler.java:doStop(910)) - Stopped o.e.j.w.WebAppContext@15f519f7{/,null,UNAVAILABLE}{/hddsDatanode}
2019-07-30 09:04:24,732 INFO  datanode.ObjectStoreHandler (ObjectStoreHandler.java:close(155)) - Closing ObjectStoreHandler.
2019-07-30 09:04:24,732 INFO  server.AbstractConnector (AbstractConnector.java:doStop(318)) - Stopped ServerConnector@4a336377{HTTP/1.1,[http/1.1]}{0.0.0.0:0}
2019-07-30 09:04:24,732 INFO  ozone.HddsDatanodeService (HddsDatanodeService.java:stop(451)) - Stopped plug-in org.apache.hadoop.ozone.web.OzoneHddsDatanodeService@3c4ad54
2019-07-30 09:04:24,734 INFO  handler.ContextHandler (ContextHandler.java:doStop(910)) - Stopped o.e.j.s.ServletContextHandler@3d8d52be{/static,jar:file:/home/user/.m2/repository/org/apache/hadoop/hadoop-hdds-container-service/0.4.1-SNAPSHOT/hadoop-hdds-container-service-0.4.1-SNAPSHOT.jar!/webapps/static,UNAVAILABLE}
2019-07-30 09:04:24,736 INFO  handler.ContextHandler (ContextHandler.java:doStop(910)) - Stopped o.e.j.s.ServletContextHandler@6b9a1205{/logs,file:///workdir/hadoop-ozone/integration-test/target/log,UNAVAILABLE}
2019-07-30 09:04:24,737 INFO  datanode.ObjectStoreHandler (ObjectStoreHandler.java:close(155)) - Closing ObjectStoreHandler.
2019-07-30 09:04:24,737 INFO  ozone.HddsDatanodeService (HddsDatanodeService.java:stop(451)) - Stopped plug-in org.apache.hadoop.ozone.web.OzoneHddsDatanodeService@249b54af
2019-07-30 09:04:25,374 INFO  statemachine.DatanodeStateMachine (DatanodeStateMachine.java:lambda$startDaemon$0(350)) - Ozone container server started.
2019-07-30 09:04:25,540 INFO  statemachine.DatanodeStateMachine (DatanodeStateMachine.java:lambda$startDaemon$0(350)) - Ozone container server started.
2019-07-30 09:04:26,773 WARN  server.GrpcLogAppender (LogUtils.java:warn(134)) - 95c70023-2dfa-4c70-82e4-c73f1e2c601b->3ba974e7-c4ce-458d-9abc-0218b9f8d1ef: Failed appendEntries: org.apache.ratis.thirdparty.io.grpc.StatusRuntimeException: UNAVAILABLE: io exception
2019-07-30 09:04:26,776 INFO  impl.FollowerInfo (FollowerInfo.java:lambda$new$0(50)) - 95c70023-2dfa-4c70-82e4-c73f1e2c601b->3ba974e7-c4ce-458d-9abc-0218b9f8d1ef: nextIndex: updateUnconditionally 0 -> 0
2019-07-30 09:04:26,794 WARN  server.GrpcLogAppender (LogUtils.java:warn(134)) - 95c70023-2dfa-4c70-82e4-c73f1e2c601b->14c4b397-7d20-4d72-b016-c8dae466110d: Failed appendEntries: org.apache.ratis.thirdparty.io.grpc.StatusRuntimeException: UNAVAILABLE: io exception
2019-07-30 09:04:26,797 INFO  impl.FollowerInfo (FollowerInfo.java:lambda$new$0(50)) - 95c70023-2dfa-4c70-82e4-c73f1e2c601b->14c4b397-7d20-4d72-b016-c8dae466110d: nextIndex: updateUnconditionally 2 -> 1
2019-07-30 09:04:29,275 WARN  server.GrpcLogAppender (LogUtils.java:warn(134)) - 95c70023-2dfa-4c70-82e4-c73f1e2c601b->3ba974e7-c4ce-458d-9abc-0218b9f8d1ef: Failed appendEntries: org.apache.ratis.thirdparty.io.grpc.StatusRuntimeException: UNAVAILABLE: io exception
2019-07-30 09:04:29,278 INFO  impl.FollowerInfo (FollowerInfo.java:lambda$new$0(50)) - 95c70023-2dfa-4c70-82e4-c73f1e2c601b->3ba974e7-c4ce-458d-9abc-0218b9f8d1ef: nextIndex: updateUnconditionally 0 -> 0
2019-07-30 09:04:29,284 WARN  server.GrpcLogAppender (LogUtils.java:warn(134)) - 95c70023-2dfa-4c70-82e4-c73f1e2c601b->14c4b397-7d20-4d72-b016-c8dae466110d: Failed appendEntries: org.apache.ratis.thirdparty.io.grpc.StatusRuntimeException: UNAVAILABLE: io exception
2019-07-30 09:04:29,286 INFO  impl.FollowerInfo (FollowerInfo.java:lambda$new$0(50)) - 95c70023-2dfa-4c70-82e4-c73f1e2c601b->14c4b397-7d20-4d72-b016-c8dae466110d: nextIndex: updateUnconditionally 1 -> 0
2019-07-30 09:04:29,733 INFO  ozoneimpl.OzoneContainer (OzoneContainer.java:stop(199)) - Attempting to stop container services.
2019-07-30 09:04:29,734 INFO  impl.RaftServerProxy (RaftServerProxy.java:lambda$close$4(314)) - 6896fffa-0c55-4680-930e-477939663188: close
2019-07-30 09:04:29,734 INFO  impl.RaftServerImpl (RaftServerImpl.java:lambda$shutdown$3(245)) - 6896fffa-0c55-4680-930e-477939663188: shutdown group-9655C9BDA350
2019-07-30 09:04:29,735 INFO  util.JmxRegister (JmxRegister.java:unregister(73)) - Successfully un-registered JMX Bean with object name Ratis:service=RaftServer,group=group-9655C9BDA350,id=6896fffa-0c55-4680-930e-477939663188
2019-07-30 09:04:29,735 INFO  impl.RoleInfo (RoleInfo.java:shutdownLeaderState(104)) - 6896fffa-0c55-4680-930e-477939663188: shutdown LeaderState
2019-07-30 09:04:29,736 INFO  impl.PendingRequests (PendingRequests.java:sendNotLeaderResponses(202)) - 6896fffa-0c55-4680-930e-477939663188-PendingRequests: sendNotLeaderResponses
2019-07-30 09:04:29,736 INFO  impl.StateMachineUpdater (StateMachineUpdater.java:stopAndJoin(115)) - StateMachineUpdater:6896fffa-0c55-4680-930e-477939663188:group-9655C9BDA350: set stopIndex = 0
2019-07-30 09:04:29,737 INFO  impl.RaftServerImpl (ServerState.java:close(394)) - 6896fffa-0c55-4680-930e-477939663188:group-9655C9BDA350 closes. The last applied log index is 0
2019-07-30 09:04:29,737 INFO  segmented.SegmentedRaftLogWorker (SegmentedRaftLogWorker.java:run(313)) - 6896fffa-0c55-4680-930e-477939663188-SegmentedRaftLogWorker:Storage Directory /workdir/hadoop-ozone/integration-test/target/test-dir/MiniOzoneClusterImpl-c1e84c7d-2436-439f-bc56-acddb819a285/datanode-6/data/ratis/8a498de8-cfb5-4014-8e6d-9655c9bda350 was interrupted, exiting. There are 0 tasks remaining in the queue.
2019-07-30 09:04:29,740 INFO  segmented.SegmentedRaftLogWorker (SegmentedRaftLogWorker.java:close(228)) - 6896fffa-0c55-4680-930e-477939663188-SegmentedRaftLogWorker:Storage Directory /workdir/hadoop-ozone/integration-test/target/test-dir/MiniOzoneClusterImpl-c1e84c7d-2436-439f-bc56-acddb819a285/datanode-6/data/ratis/8a498de8-cfb5-4014-8e6d-9655c9bda350 close()
2019-07-30 09:04:29,740 INFO  ozoneimpl.OzoneContainer (OzoneContainer.java:stop(199)) - Attempting to stop container services.
2019-07-30 09:04:29,742 INFO  server.GrpcService (GrpcService.java:closeImpl(155)) - 6896fffa-0c55-4680-930e-477939663188: shutdown server with port 41586 now
2019-07-30 09:04:29,742 INFO  impl.RaftServerProxy (RaftServerProxy.java:lambda$close$4(314)) - 95c70023-2dfa-4c70-82e4-c73f1e2c601b: close
2019-07-30 09:04:29,744 INFO  impl.RaftServerImpl (RaftServerImpl.java:lambda$shutdown$3(245)) - 95c70023-2dfa-4c70-82e4-c73f1e2c601b: shutdown group-2583EE3D9159
2019-07-30 09:04:29,744 INFO  server.GrpcService (GrpcService.java:closeImpl(163)) - 6896fffa-0c55-4680-930e-477939663188: shutdown server with port 41586 successfully
2019-07-30 09:04:29,745 INFO  util.JmxRegister (JmxRegister.java:unregister(73)) - Successfully un-registered JMX Bean with object name Ratis:service=RaftServer,group=group-2583EE3D9159,id=95c70023-2dfa-4c70-82e4-c73f1e2c601b
2019-07-30 09:04:29,745 INFO  impl.RoleInfo (RoleInfo.java:shutdownLeaderState(104)) - 95c70023-2dfa-4c70-82e4-c73f1e2c601b: shutdown LeaderState
2019-07-30 09:04:29,746 INFO  impl.PendingRequests (PendingRequests.java:sendNotLeaderResponses(202)) - 95c70023-2dfa-4c70-82e4-c73f1e2c601b-PendingRequests: sendNotLeaderResponses
2019-07-30 09:04:29,746 INFO  utils.BackgroundService (BackgroundService.java:shutdown(148)) - Shutting down service BlockDeletingService
2019-07-30 09:04:29,746 INFO  impl.StateMachineUpdater (StateMachineUpdater.java:stopAndJoin(115)) - StateMachineUpdater:95c70023-2dfa-4c70-82e4-c73f1e2c601b:group-2583EE3D9159: set stopIndex = 0
2019-07-30 09:04:29,747 INFO  impl.RaftServerImpl (ServerState.java:close(394)) - 95c70023-2dfa-4c70-82e4-c73f1e2c601b:group-2583EE3D9159 closes. The last applied log index is 0
2019-07-30 09:04:29,747 INFO  segmented.SegmentedRaftLogWorker (SegmentedRaftLogWorker.java:run(313)) - 95c70023-2dfa-4c70-82e4-c73f1e2c601b-SegmentedRaftLogWorker:Storage Directory /workdir/hadoop-ozone/integration-test/target/test-dir/MiniOzoneClusterImpl-c1e84c7d-2436-439f-bc56-acddb819a285/datanode-0/data/ratis/319f46fa-e23a-4546-917e-2583ee3d9159 was interrupted, exiting. There are 0 tasks remaining in the queue.
2019-07-30 09:04:29,752 INFO  segmented.SegmentedRaftLogWorker (SegmentedRaftLogWorker.java:close(228)) - 95c70023-2dfa-4c70-82e4-c73f1e2c601b-SegmentedRaftLogWorker:Storage Directory /workdir/hadoop-ozone/integration-test/target/test-dir/MiniOzoneClusterImpl-c1e84c7d-2436-439f-bc56-acddb819a285/datanode-0/data/ratis/319f46fa-e23a-4546-917e-2583ee3d9159 close()
2019-07-30 09:04:29,759 WARN  fs.CachingGetSpaceUsed (CachingGetSpaceUsed.java:run(183)) - Thread Interrupted waiting to refresh disk information: sleep interrupted
2019-07-30 09:04:29,759 INFO  impl.RaftServerImpl (RaftServerImpl.java:lambda$shutdown$3(245)) - 95c70023-2dfa-4c70-82e4-c73f1e2c601b: shutdown group-929E7FCCEF46
2019-07-30 09:04:29,760 INFO  util.JmxRegister (JmxRegister.java:unregister(73)) - Successfully un-registered JMX Bean with object name Ratis:service=RaftServer,group=group-929E7FCCEF46,id=95c70023-2dfa-4c70-82e4-c73f1e2c601b
2019-07-30 09:04:29,760 INFO  impl.RoleInfo (RoleInfo.java:shutdownLeaderState(104)) - 95c70023-2dfa-4c70-82e4-c73f1e2c601b: shutdown LeaderState
2019-07-30 09:04:29,763 INFO  impl.PendingRequests (PendingRequests.java:sendNotLeaderResponses(202)) - 95c70023-2dfa-4c70-82e4-c73f1e2c601b-PendingRequests: sendNotLeaderResponses
2019-07-30 09:04:29,763 WARN  server.GrpcLogAppender (GrpcLogAppender.java:mayWait(143)) - GrpcLogAppender(95c70023-2dfa-4c70-82e4-c73f1e2c601b->14c4b397-7d20-4d72-b016-c8dae466110d): Wait interrupted by java.lang.InterruptedException
2019-07-30 09:04:29,770 INFO  impl.StateMachineUpdater (StateMachineUpdater.java:stopAndJoin(115)) - StateMachineUpdater:95c70023-2dfa-4c70-82e4-c73f1e2c601b:group-929E7FCCEF46: set stopIndex = 2
2019-07-30 09:04:29,763 WARN  server.GrpcLogAppender (GrpcLogAppender.java:mayWait(143)) - GrpcLogAppender(95c70023-2dfa-4c70-82e4-c73f1e2c601b->3ba974e7-c4ce-458d-9abc-0218b9f8d1ef): Wait interrupted by java.lang.InterruptedException
2019-07-30 09:04:29,770 INFO  ratis.ContainerStateMachine (ContainerStateMachine.java:takeSnapshot(262)) - group-929E7FCCEF46: Taking a snapshot at:(t:1, i:2) file /workdir/hadoop-ozone/integration-test/target/test-dir/MiniOzoneClusterImpl-c1e84c7d-2436-439f-bc56-acddb819a285/datanode-0/data/ratis/602fd9e0-95f8-4715-8a09-929e7fccef46/sm/snapshot.1_2
2019-07-30 09:04:29,786 INFO  ratis.ContainerStateMachine (ContainerStateMachine.java:takeSnapshot(273)) - group-929E7FCCEF46: Finished taking a snapshot at:(t:1, i:2) file:/workdir/hadoop-ozone/integration-test/target/test-dir/MiniOzoneClusterImpl-c1e84c7d-2436-439f-bc56-acddb819a285/datanode-0/data/ratis/602fd9e0-95f8-4715-8a09-929e7fccef46/sm/snapshot.1_2 time:16
2019-07-30 09:04:29,786 INFO  impl.StateMachineUpdater (StateMachineUpdater.java:takeSnapshot(242)) - StateMachineUpdater:95c70023-2dfa-4c70-82e4-c73f1e2c601b:group-929E7FCCEF46: Took a snapshot at index 2
2019-07-30 09:04:29,786 INFO  impl.StateMachineUpdater (StateMachineUpdater.java:lambda$new$0(80)) - StateMachineUpdater:95c70023-2dfa-4c70-82e4-c73f1e2c601b:group-929E7FCCEF46: snapshotIndex: updateIncreasingly -1 -> 2
2019-07-30 09:04:29,787 INFO  impl.RaftServerImpl (ServerState.java:close(394)) - 95c70023-2dfa-4c70-82e4-c73f1e2c601b:group-929E7FCCEF46 closes. The last applied log index is 2
2019-07-30 09:04:29,787 INFO  segmented.SegmentedRaftLogWorker (SegmentedRaftLogWorker.java:run(313)) - 95c70023-2dfa-4c70-82e4-c73f1e2c601b-SegmentedRaftLogWorker:Storage Directory /workdir/hadoop-ozone/integration-test/target/test-dir/MiniOzoneClusterImpl-c1e84c7d-2436-439f-bc56-acddb819a285/datanode-0/data/ratis/602fd9e0-95f8-4715-8a09-929e7fccef46 was interrupted, exiting. There are 0 tasks remaining in the queue.
2019-07-30 09:04:29,787 INFO  segmented.SegmentedRaftLogWorker (SegmentedRaftLogWorker.java:close(228)) - 95c70023-2dfa-4c70-82e4-c73f1e2c601b-SegmentedRaftLogWorker:Storage Directory /workdir/hadoop-ozone/integration-test/target/test-dir/MiniOzoneClusterImpl-c1e84c7d-2436-439f-bc56-acddb819a285/datanode-0/data/ratis/602fd9e0-95f8-4715-8a09-929e7fccef46 close()
2019-07-30 09:04:29,788 INFO  server.GrpcService (GrpcService.java:closeImpl(155)) - 95c70023-2dfa-4c70-82e4-c73f1e2c601b: shutdown server with port 38198 now
2019-07-30 09:04:29,788 INFO  server.GrpcService (GrpcService.java:closeImpl(163)) - 95c70023-2dfa-4c70-82e4-c73f1e2c601b: shutdown server with port 38198 successfully
2019-07-30 09:04:29,793 INFO  utils.BackgroundService (BackgroundService.java:shutdown(148)) - Shutting down service BlockDeletingService
2019-07-30 09:04:29,794 INFO  statemachine.DatanodeStateMachine (DatanodeStateMachine.java:stopDaemon(395)) - Ozone container server stopped.
2019-07-30 09:04:29,796 WARN  fs.CachingGetSpaceUsed (CachingGetSpaceUsed.java:run(183)) - Thread Interrupted waiting to refresh disk information: sleep interrupted
2019-07-30 09:04:29,807 INFO  handler.ContextHandler (ContextHandler.java:doStop(910)) - Stopped o.e.j.w.WebAppContext@13aa54f1{/,null,UNAVAILABLE}{/hddsDatanode}
2019-07-30 09:04:29,808 INFO  server.AbstractConnector (AbstractConnector.java:doStop(318)) - Stopped ServerConnector@26d7cb0d{HTTP/1.1,[http/1.1]}{0.0.0.0:0}
2019-07-30 09:04:29,809 INFO  handler.ContextHandler (ContextHandler.java:doStop(910)) - Stopped o.e.j.s.ServletContextHandler@5cd71ee2{/static,jar:file:/home/user/.m2/repository/org/apache/hadoop/hadoop-hdds-container-service/0.4.1-SNAPSHOT/hadoop-hdds-container-service-0.4.1-SNAPSHOT.jar!/webapps/static,UNAVAILABLE}
2019-07-30 09:04:29,809 INFO  handler.ContextHandler (ContextHandler.java:doStop(910)) - Stopped o.e.j.s.ServletContextHandler@2548fc01{/logs,file:///workdir/hadoop-ozone/integration-test/target/log,UNAVAILABLE}
2019-07-30 09:04:29,814 INFO  datanode.ObjectStoreHandler (ObjectStoreHandler.java:close(155)) - Closing ObjectStoreHandler.
2019-07-30 09:04:29,815 INFO  statemachine.DatanodeStateMachine (DatanodeStateMachine.java:stopDaemon(395)) - Ozone container server stopped.
2019-07-30 09:04:29,818 INFO  ozone.HddsDatanodeService (HddsDatanodeService.java:stop(451)) - Stopped plug-in org.apache.hadoop.ozone.web.OzoneHddsDatanodeService@eebc0db
2019-07-30 09:04:29,820 INFO  handler.ContextHandler (ContextHandler.java:doStop(910)) - Stopped o.e.j.w.WebAppContext@f849027{/,null,UNAVAILABLE}{/hddsDatanode}
2019-07-30 09:04:29,821 INFO  server.AbstractConnector (AbstractConnector.java:doStop(318)) - Stopped ServerConnector@4a9869a8{HTTP/1.1,[http/1.1]}{0.0.0.0:0}
2019-07-30 09:04:29,822 INFO  handler.ContextHandler (ContextHandler.java:doStop(910)) - Stopped o.e.j.s.ServletContextHandler@1b475663{/static,jar:file:/home/user/.m2/repository/org/apache/hadoop/hadoop-hdds-container-service/0.4.1-SNAPSHOT/hadoop-hdds-container-service-0.4.1-SNAPSHOT.jar!/webapps/static,UNAVAILABLE}
2019-07-30 09:04:29,823 INFO  handler.ContextHandler (ContextHandler.java:doStop(910)) - Stopped o.e.j.s.ServletContextHandler@45571cfc{/logs,file:///workdir/hadoop-ozone/integration-test/target/log,UNAVAILABLE}
2019-07-30 09:04:30,248 INFO  statemachine.DatanodeStateMachine (DatanodeStateMachine.java:lambda$startDaemon$0(350)) - Ozone container server started.
2019-07-30 09:04:33,937 INFO  impl.FollowerState (FollowerState.java:run(106)) - 32cefd05-cbdf-4fca-a26b-c43476f7345a:group-D3000FDB9F5C changes to CANDIDATE, lastRpcTime:9510, electionTimeout:5125ms
2019-07-30 09:04:33,938 INFO  impl.RoleInfo (RoleInfo.java:shutdownFollowerState(121)) - 32cefd05-cbdf-4fca-a26b-c43476f7345a: shutdown FollowerState
2019-07-30 09:04:33,938 INFO  impl.RaftServerImpl (RaftServerImpl.java:setRole(171)) - 32cefd05-cbdf-4fca-a26b-c43476f7345a:group-D3000FDB9F5C changes role from FOLLOWER to CANDIDATE at term 3 for changeToCandidate
2019-07-30 09:04:33,938 INFO  impl.RoleInfo (RoleInfo.java:updateAndGet(143)) - 32cefd05-cbdf-4fca-a26b-c43476f7345a: start LeaderElection
2019-07-30 09:04:33,939 INFO  impl.RaftServerImpl (ServerState.java:setLeader(263)) - 32cefd05-cbdf-4fca-a26b-c43476f7345a:group-D3000FDB9F5C change Leader from d648d6ac-b5c0-4b07-8b62-deafe482d68a to null at term 3 for initElection
2019-07-30 09:04:33,953 INFO  impl.LeaderElection (LeaderElection.java:askForVotes(181)) - 32cefd05-cbdf-4fca-a26b-c43476f7345a:group-D3000FDB9F5C:LeaderElection33: begin an election at term 4 for 0: [6eea3a1f-eb3a-4e20-b12e-52024dca4daa:192.168.69.91:40369, d648d6ac-b5c0-4b07-8b62-deafe482d68a:192.168.69.91:35830, 32cefd05-cbdf-4fca-a26b-c43476f7345a:192.168.69.91:43216], old=null
2019-07-30 09:04:33,957 INFO  impl.LeaderElection (LogUtils.java:infoOrTrace(149)) - 32cefd05-cbdf-4fca-a26b-c43476f7345a:group-D3000FDB9F5C:LeaderElection33 got exception when requesting votes: {}
java.util.concurrent.ExecutionException: org.apache.ratis.thirdparty.io.grpc.StatusRuntimeException: UNAVAILABLE: io exception
	at java.util.concurrent.FutureTask.report(FutureTask.java:122)
	at java.util.concurrent.FutureTask.get(FutureTask.java:192)
	at org.apache.ratis.server.impl.LeaderElection.waitForResults(LeaderElection.java:262)
	at org.apache.ratis.server.impl.LeaderElection.askForVotes(LeaderElection.java:200)
	at org.apache.ratis.server.impl.LeaderElection.run(LeaderElection.java:130)
	at java.lang.Thread.run(Thread.java:748)
Caused by: org.apache.ratis.thirdparty.io.grpc.StatusRuntimeException: UNAVAILABLE: io exception
	at org.apache.ratis.thirdparty.io.grpc.stub.ClientCalls.toStatusRuntimeException(ClientCalls.java:233)
	at org.apache.ratis.thirdparty.io.grpc.stub.ClientCalls.getUnchecked(ClientCalls.java:214)
	at org.apache.ratis.thirdparty.io.grpc.stub.ClientCalls.blockingUnaryCall(ClientCalls.java:139)
	at org.apache.ratis.proto.grpc.RaftServerProtocolServiceGrpc$RaftServerProtocolServiceBlockingStub.requestVote(RaftServerProtocolServiceGrpc.java:265)
	at org.apache.ratis.grpc.server.GrpcServerProtocolClient.requestVote(GrpcServerProtocolClient.java:83)
	at org.apache.ratis.grpc.server.GrpcService.requestVote(GrpcService.java:195)
	at org.apache.ratis.server.impl.LeaderElection.lambda$submitRequests$1(LeaderElection.java:237)
	at java.util.concurrent.FutureTask.run(FutureTask.java:266)
	at java.util.concurrent.Executors$RunnableAdapter.call(Executors.java:511)
	at java.util.concurrent.FutureTask.run(FutureTask.java:266)
	at java.util.concurrent.ThreadPoolExecutor.runWorker(ThreadPoolExecutor.java:1149)
	at java.util.concurrent.ThreadPoolExecutor$Worker.run(ThreadPoolExecutor.java:624)
	... 1 more
Caused by: org.apache.ratis.thirdparty.io.netty.channel.AbstractChannel$AnnotatedConnectException: Connection refused: /192.168.69.91:40369
	at sun.nio.ch.SocketChannelImpl.checkConnect(Native Method)
	at sun.nio.ch.SocketChannelImpl.finishConnect(SocketChannelImpl.java:717)
	at org.apache.ratis.thirdparty.io.netty.channel.socket.nio.NioSocketChannel.doFinishConnect(NioSocketChannel.java:327)
	at org.apache.ratis.thirdparty.io.netty.channel.nio.AbstractNioChannel$AbstractNioUnsafe.finishConnect(AbstractNioChannel.java:340)
	at org.apache.ratis.thirdparty.io.netty.channel.nio.NioEventLoop.processSelectedKey(NioEventLoop.java:632)
	at org.apache.ratis.thirdparty.io.netty.channel.nio.NioEventLoop.processSelectedKeysOptimized(NioEventLoop.java:579)
	at org.apache.ratis.thirdparty.io.netty.channel.nio.NioEventLoop.processSelectedKeys(NioEventLoop.java:496)
	at org.apache.ratis.thirdparty.io.netty.channel.nio.NioEventLoop.run(NioEventLoop.java:458)
	at org.apache.ratis.thirdparty.io.netty.util.concurrent.SingleThreadEventExecutor$5.run(SingleThreadEventExecutor.java:897)
	at org.apache.ratis.thirdparty.io.netty.util.concurrent.FastThreadLocalRunnable.run(FastThreadLocalRunnable.java:30)
	... 1 more
Caused by: java.net.ConnectException: Connection refused
	... 11 more
2019-07-30 09:04:33,959 INFO  impl.LeaderElection (LogUtils.java:infoOrTrace(149)) - 32cefd05-cbdf-4fca-a26b-c43476f7345a:group-D3000FDB9F5C:LeaderElection33 got exception when requesting votes: {}
java.util.concurrent.ExecutionException: org.apache.ratis.thirdparty.io.grpc.StatusRuntimeException: UNAVAILABLE: io exception
	at java.util.concurrent.FutureTask.report(FutureTask.java:122)
	at java.util.concurrent.FutureTask.get(FutureTask.java:192)
	at org.apache.ratis.server.impl.LeaderElection.waitForResults(LeaderElection.java:262)
	at org.apache.ratis.server.impl.LeaderElection.askForVotes(LeaderElection.java:200)
	at org.apache.ratis.server.impl.LeaderElection.run(LeaderElection.java:130)
	at java.lang.Thread.run(Thread.java:748)
Caused by: org.apache.ratis.thirdparty.io.grpc.StatusRuntimeException: UNAVAILABLE: io exception
	at org.apache.ratis.thirdparty.io.grpc.stub.ClientCalls.toStatusRuntimeException(ClientCalls.java:233)
	at org.apache.ratis.thirdparty.io.grpc.stub.ClientCalls.getUnchecked(ClientCalls.java:214)
	at org.apache.ratis.thirdparty.io.grpc.stub.ClientCalls.blockingUnaryCall(ClientCalls.java:139)
	at org.apache.ratis.proto.grpc.RaftServerProtocolServiceGrpc$RaftServerProtocolServiceBlockingStub.requestVote(RaftServerProtocolServiceGrpc.java:265)
	at org.apache.ratis.grpc.server.GrpcServerProtocolClient.requestVote(GrpcServerProtocolClient.java:83)
	at org.apache.ratis.grpc.server.GrpcService.requestVote(GrpcService.java:195)
	at org.apache.ratis.server.impl.LeaderElection.lambda$submitRequests$1(LeaderElection.java:237)
	at java.util.concurrent.FutureTask.run(FutureTask.java:266)
	at java.util.concurrent.Executors$RunnableAdapter.call(Executors.java:511)
	at java.util.concurrent.FutureTask.run(FutureTask.java:266)
	at java.util.concurrent.ThreadPoolExecutor.runWorker(ThreadPoolExecutor.java:1149)
	at java.util.concurrent.ThreadPoolExecutor$Worker.run(ThreadPoolExecutor.java:624)
	... 1 more
Caused by: org.apache.ratis.thirdparty.io.netty.channel.AbstractChannel$AnnotatedConnectException: Connection refused: /192.168.69.91:35830
	at sun.nio.ch.SocketChannelImpl.checkConnect(Native Method)
	at sun.nio.ch.SocketChannelImpl.finishConnect(SocketChannelImpl.java:717)
	at org.apache.ratis.thirdparty.io.netty.channel.socket.nio.NioSocketChannel.doFinishConnect(NioSocketChannel.java:327)
	at org.apache.ratis.thirdparty.io.netty.channel.nio.AbstractNioChannel$AbstractNioUnsafe.finishConnect(AbstractNioChannel.java:340)
	at org.apache.ratis.thirdparty.io.netty.channel.nio.NioEventLoop.processSelectedKey(NioEventLoop.java:632)
	at org.apache.ratis.thirdparty.io.netty.channel.nio.NioEventLoop.processSelectedKeysOptimized(NioEventLoop.java:579)
	at org.apache.ratis.thirdparty.io.netty.channel.nio.NioEventLoop.processSelectedKeys(NioEventLoop.java:496)
	at org.apache.ratis.thirdparty.io.netty.channel.nio.NioEventLoop.run(NioEventLoop.java:458)
	at org.apache.ratis.thirdparty.io.netty.util.concurrent.SingleThreadEventExecutor$5.run(SingleThreadEventExecutor.java:897)
	at org.apache.ratis.thirdparty.io.netty.util.concurrent.FastThreadLocalRunnable.run(FastThreadLocalRunnable.java:30)
	... 1 more
Caused by: java.net.ConnectException: Connection refused
	... 11 more
2019-07-30 09:04:33,961 INFO  impl.LeaderElection (LeaderElection.java:logAndReturn(56)) - 32cefd05-cbdf-4fca-a26b-c43476f7345a:group-D3000FDB9F5C:LeaderElection33: Election REJECTED; received 0 response(s) [] and 2 exception(s); 32cefd05-cbdf-4fca-a26b-c43476f7345a:t4, leader=null, voted=32cefd05-cbdf-4fca-a26b-c43476f7345a, raftlog=32cefd05-cbdf-4fca-a26b-c43476f7345a-SegmentedRaftLog:OPENED:c6,f6,i6, conf=0: [6eea3a1f-eb3a-4e20-b12e-52024dca4daa:192.168.69.91:40369, d648d6ac-b5c0-4b07-8b62-deafe482d68a:192.168.69.91:35830, 32cefd05-cbdf-4fca-a26b-c43476f7345a:192.168.69.91:43216], old=null
2019-07-30 09:04:33,961 INFO  impl.LeaderElection (LogUtils.java:infoOrTrace(149)) -   Exception 0: {}
java.util.concurrent.ExecutionException: org.apache.ratis.thirdparty.io.grpc.StatusRuntimeException: UNAVAILABLE: io exception
	at java.util.concurrent.FutureTask.report(FutureTask.java:122)
	at java.util.concurrent.FutureTask.get(FutureTask.java:192)
	at org.apache.ratis.server.impl.LeaderElection.waitForResults(LeaderElection.java:262)
	at org.apache.ratis.server.impl.LeaderElection.askForVotes(LeaderElection.java:200)
	at org.apache.ratis.server.impl.LeaderElection.run(LeaderElection.java:130)
	at java.lang.Thread.run(Thread.java:748)
Caused by: org.apache.ratis.thirdparty.io.grpc.StatusRuntimeException: UNAVAILABLE: io exception
	at org.apache.ratis.thirdparty.io.grpc.stub.ClientCalls.toStatusRuntimeException(ClientCalls.java:233)
	at org.apache.ratis.thirdparty.io.grpc.stub.ClientCalls.getUnchecked(ClientCalls.java:214)
	at org.apache.ratis.thirdparty.io.grpc.stub.ClientCalls.blockingUnaryCall(ClientCalls.java:139)
	at org.apache.ratis.proto.grpc.RaftServerProtocolServiceGrpc$RaftServerProtocolServiceBlockingStub.requestVote(RaftServerProtocolServiceGrpc.java:265)
	at org.apache.ratis.grpc.server.GrpcServerProtocolClient.requestVote(GrpcServerProtocolClient.java:83)
	at org.apache.ratis.grpc.server.GrpcService.requestVote(GrpcService.java:195)
	at org.apache.ratis.server.impl.LeaderElection.lambda$submitRequests$1(LeaderElection.java:237)
	at java.util.concurrent.FutureTask.run(FutureTask.java:266)
	at java.util.concurrent.Executors$RunnableAdapter.call(Executors.java:511)
	at java.util.concurrent.FutureTask.run(FutureTask.java:266)
	at java.util.concurrent.ThreadPoolExecutor.runWorker(ThreadPoolExecutor.java:1149)
	at java.util.concurrent.ThreadPoolExecutor$Worker.run(ThreadPoolExecutor.java:624)
	... 1 more
Caused by: org.apache.ratis.thirdparty.io.netty.channel.AbstractChannel$AnnotatedConnectException: Connection refused: /192.168.69.91:40369
	at sun.nio.ch.SocketChannelImpl.checkConnect(Native Method)
	at sun.nio.ch.SocketChannelImpl.finishConnect(SocketChannelImpl.java:717)
	at org.apache.ratis.thirdparty.io.netty.channel.socket.nio.NioSocketChannel.doFinishConnect(NioSocketChannel.java:327)
	at org.apache.ratis.thirdparty.io.netty.channel.nio.AbstractNioChannel$AbstractNioUnsafe.finishConnect(AbstractNioChannel.java:340)
	at org.apache.ratis.thirdparty.io.netty.channel.nio.NioEventLoop.processSelectedKey(NioEventLoop.java:632)
	at org.apache.ratis.thirdparty.io.netty.channel.nio.NioEventLoop.processSelectedKeysOptimized(NioEventLoop.java:579)
	at org.apache.ratis.thirdparty.io.netty.channel.nio.NioEventLoop.processSelectedKeys(NioEventLoop.java:496)
	at org.apache.ratis.thirdparty.io.netty.channel.nio.NioEventLoop.run(NioEventLoop.java:458)
	at org.apache.ratis.thirdparty.io.netty.util.concurrent.SingleThreadEventExecutor$5.run(SingleThreadEventExecutor.java:897)
	at org.apache.ratis.thirdparty.io.netty.util.concurrent.FastThreadLocalRunnable.run(FastThreadLocalRunnable.java:30)
	... 1 more
Caused by: java.net.ConnectException: Connection refused
	... 11 more
2019-07-30 09:04:33,961 INFO  impl.LeaderElection (LogUtils.java:infoOrTrace(149)) -   Exception 1: {}
java.util.concurrent.ExecutionException: org.apache.ratis.thirdparty.io.grpc.StatusRuntimeException: UNAVAILABLE: io exception
	at java.util.concurrent.FutureTask.report(FutureTask.java:122)
	at java.util.concurrent.FutureTask.get(FutureTask.java:192)
	at org.apache.ratis.server.impl.LeaderElection.waitForResults(LeaderElection.java:262)
	at org.apache.ratis.server.impl.LeaderElection.askForVotes(LeaderElection.java:200)
	at org.apache.ratis.server.impl.LeaderElection.run(LeaderElection.java:130)
	at java.lang.Thread.run(Thread.java:748)
Caused by: org.apache.ratis.thirdparty.io.grpc.StatusRuntimeException: UNAVAILABLE: io exception
	at org.apache.ratis.thirdparty.io.grpc.stub.ClientCalls.toStatusRuntimeException(ClientCalls.java:233)
	at org.apache.ratis.thirdparty.io.grpc.stub.ClientCalls.getUnchecked(ClientCalls.java:214)
	at org.apache.ratis.thirdparty.io.grpc.stub.ClientCalls.blockingUnaryCall(ClientCalls.java:139)
	at org.apache.ratis.proto.grpc.RaftServerProtocolServiceGrpc$RaftServerProtocolServiceBlockingStub.requestVote(RaftServerProtocolServiceGrpc.java:265)
	at org.apache.ratis.grpc.server.GrpcServerProtocolClient.requestVote(GrpcServerProtocolClient.java:83)
	at org.apache.ratis.grpc.server.GrpcService.requestVote(GrpcService.java:195)
	at org.apache.ratis.server.impl.LeaderElection.lambda$submitRequests$1(LeaderElection.java:237)
	at java.util.concurrent.FutureTask.run(FutureTask.java:266)
	at java.util.concurrent.Executors$RunnableAdapter.call(Executors.java:511)
	at java.util.concurrent.FutureTask.run(FutureTask.java:266)
	at java.util.concurrent.ThreadPoolExecutor.runWorker(ThreadPoolExecutor.java:1149)
	at java.util.concurrent.ThreadPoolExecutor$Worker.run(ThreadPoolExecutor.java:624)
	... 1 more
Caused by: org.apache.ratis.thirdparty.io.netty.channel.AbstractChannel$AnnotatedConnectException: Connection refused: /192.168.69.91:35830
	at sun.nio.ch.SocketChannelImpl.checkConnect(Native Method)
	at sun.nio.ch.SocketChannelImpl.finishConnect(SocketChannelImpl.java:717)
	at org.apache.ratis.thirdparty.io.netty.channel.socket.nio.NioSocketChannel.doFinishConnect(NioSocketChannel.java:327)
	at org.apache.ratis.thirdparty.io.netty.channel.nio.AbstractNioChannel$AbstractNioUnsafe.finishConnect(AbstractNioChannel.java:340)
	at org.apache.ratis.thirdparty.io.netty.channel.nio.NioEventLoop.processSelectedKey(NioEventLoop.java:632)
	at org.apache.ratis.thirdparty.io.netty.channel.nio.NioEventLoop.processSelectedKeysOptimized(NioEventLoop.java:579)
	at org.apache.ratis.thirdparty.io.netty.channel.nio.NioEventLoop.processSelectedKeys(NioEventLoop.java:496)
	at org.apache.ratis.thirdparty.io.netty.channel.nio.NioEventLoop.run(NioEventLoop.java:458)
	at org.apache.ratis.thirdparty.io.netty.util.concurrent.SingleThreadEventExecutor$5.run(SingleThreadEventExecutor.java:897)
	at org.apache.ratis.thirdparty.io.netty.util.concurrent.FastThreadLocalRunnable.run(FastThreadLocalRunnable.java:30)
	... 1 more
Caused by: java.net.ConnectException: Connection refused
	... 11 more
2019-07-30 09:04:33,962 INFO  impl.RaftServerImpl (RaftServerImpl.java:setRole(171)) - 32cefd05-cbdf-4fca-a26b-c43476f7345a:group-D3000FDB9F5C changes role from CANDIDATE to FOLLOWER at term 4 for DISCOVERED_A_NEW_TERM
2019-07-30 09:04:33,962 INFO  impl.RoleInfo (RoleInfo.java:shutdownLeaderElection(134)) - 32cefd05-cbdf-4fca-a26b-c43476f7345a: shutdown LeaderElection
2019-07-30 09:04:33,962 INFO  impl.RoleInfo (RoleInfo.java:updateAndGet(143)) - 32cefd05-cbdf-4fca-a26b-c43476f7345a: start FollowerState
2019-07-30 09:04:34,819 INFO  ozoneimpl.OzoneContainer (OzoneContainer.java:stop(199)) - Attempting to stop container services.
2019-07-30 09:04:34,820 INFO  impl.RaftServerProxy (RaftServerProxy.java:lambda$close$4(314)) - 32cefd05-cbdf-4fca-a26b-c43476f7345a: close
2019-07-30 09:04:34,821 INFO  impl.RaftServerImpl (RaftServerImpl.java:lambda$shutdown$3(245)) - 32cefd05-cbdf-4fca-a26b-c43476f7345a: shutdown group-D3000FDB9F5C
2019-07-30 09:04:34,821 INFO  util.JmxRegister (JmxRegister.java:unregister(73)) - Successfully un-registered JMX Bean with object name Ratis:service=RaftServer,group=group-D3000FDB9F5C,id=32cefd05-cbdf-4fca-a26b-c43476f7345a
2019-07-30 09:04:34,822 INFO  impl.RoleInfo (RoleInfo.java:shutdownFollowerState(121)) - 32cefd05-cbdf-4fca-a26b-c43476f7345a: shutdown FollowerState
2019-07-30 09:04:34,822 INFO  impl.StateMachineUpdater (StateMachineUpdater.java:stopAndJoin(115)) - StateMachineUpdater:32cefd05-cbdf-4fca-a26b-c43476f7345a:group-D3000FDB9F5C: set stopIndex = 6
2019-07-30 09:04:34,822 INFO  ratis.ContainerStateMachine (ContainerStateMachine.java:takeSnapshot(262)) - group-D3000FDB9F5C: Taking a snapshot at:(t:3, i:3) file /workdir/hadoop-ozone/integration-test/target/test-dir/MiniOzoneClusterImpl-c1e84c7d-2436-439f-bc56-acddb819a285/datanode-5/data/ratis/b26163ba-0750-4475-a4d9-d3000fdb9f5c/sm/snapshot.3_3
2019-07-30 09:04:34,822 INFO  impl.FollowerState (FollowerState.java:run(114)) - 32cefd05-cbdf-4fca-a26b-c43476f7345a: FollowerState was interrupted: java.lang.InterruptedException: sleep interrupted
2019-07-30 09:04:34,834 INFO  ratis.ContainerStateMachine (ContainerStateMachine.java:takeSnapshot(273)) - group-D3000FDB9F5C: Finished taking a snapshot at:(t:3, i:3) file:/workdir/hadoop-ozone/integration-test/target/test-dir/MiniOzoneClusterImpl-c1e84c7d-2436-439f-bc56-acddb819a285/datanode-5/data/ratis/b26163ba-0750-4475-a4d9-d3000fdb9f5c/sm/snapshot.3_3 time:12
2019-07-30 09:04:34,834 INFO  impl.StateMachineUpdater (StateMachineUpdater.java:takeSnapshot(242)) - StateMachineUpdater:32cefd05-cbdf-4fca-a26b-c43476f7345a:group-D3000FDB9F5C: Took a snapshot at index 3
2019-07-30 09:04:34,835 INFO  impl.StateMachineUpdater (StateMachineUpdater.java:lambda$new$0(80)) - StateMachineUpdater:32cefd05-cbdf-4fca-a26b-c43476f7345a:group-D3000FDB9F5C: snapshotIndex: updateIncreasingly -1 -> 3
2019-07-30 09:04:34,835 INFO  impl.RaftServerImpl (ServerState.java:close(394)) - 32cefd05-cbdf-4fca-a26b-c43476f7345a:group-D3000FDB9F5C closes. The last applied log index is 6
2019-07-30 09:04:34,836 INFO  segmented.SegmentedRaftLogWorker (SegmentedRaftLogWorker.java:run(313)) - 32cefd05-cbdf-4fca-a26b-c43476f7345a-SegmentedRaftLogWorker:Storage Directory /workdir/hadoop-ozone/integration-test/target/test-dir/MiniOzoneClusterImpl-c1e84c7d-2436-439f-bc56-acddb819a285/datanode-5/data/ratis/b26163ba-0750-4475-a4d9-d3000fdb9f5c was interrupted, exiting. There are 0 tasks remaining in the queue.
2019-07-30 09:04:34,836 INFO  segmented.SegmentedRaftLogWorker (SegmentedRaftLogWorker.java:close(228)) - 32cefd05-cbdf-4fca-a26b-c43476f7345a-SegmentedRaftLogWorker:Storage Directory /workdir/hadoop-ozone/integration-test/target/test-dir/MiniOzoneClusterImpl-c1e84c7d-2436-439f-bc56-acddb819a285/datanode-5/data/ratis/b26163ba-0750-4475-a4d9-d3000fdb9f5c close()
2019-07-30 09:04:34,837 INFO  impl.RaftServerImpl (RaftServerImpl.java:lambda$shutdown$3(245)) - 32cefd05-cbdf-4fca-a26b-c43476f7345a: shutdown group-DF9BD26EDE91
2019-07-30 09:04:34,837 INFO  util.JmxRegister (JmxRegister.java:unregister(73)) - Successfully un-registered JMX Bean with object name Ratis:service=RaftServer,group=group-DF9BD26EDE91,id=32cefd05-cbdf-4fca-a26b-c43476f7345a
2019-07-30 09:04:34,838 INFO  impl.RoleInfo (RoleInfo.java:shutdownLeaderState(104)) - 32cefd05-cbdf-4fca-a26b-c43476f7345a: shutdown LeaderState
2019-07-30 09:04:34,838 INFO  impl.PendingRequests (PendingRequests.java:sendNotLeaderResponses(202)) - 32cefd05-cbdf-4fca-a26b-c43476f7345a-PendingRequests: sendNotLeaderResponses
2019-07-30 09:04:34,839 INFO  impl.StateMachineUpdater (StateMachineUpdater.java:stopAndJoin(115)) - StateMachineUpdater:32cefd05-cbdf-4fca-a26b-c43476f7345a:group-DF9BD26EDE91: set stopIndex = 0
2019-07-30 09:04:34,839 INFO  impl.RaftServerImpl (ServerState.java:close(394)) - 32cefd05-cbdf-4fca-a26b-c43476f7345a:group-DF9BD26EDE91 closes. The last applied log index is 0
2019-07-30 09:04:34,840 INFO  segmented.SegmentedRaftLogWorker (SegmentedRaftLogWorker.java:run(313)) - 32cefd05-cbdf-4fca-a26b-c43476f7345a-SegmentedRaftLogWorker:Storage Directory /workdir/hadoop-ozone/integration-test/target/test-dir/MiniOzoneClusterImpl-c1e84c7d-2436-439f-bc56-acddb819a285/datanode-5/data/ratis/ce20fb7e-43e9-4c9a-9138-df9bd26ede91 was interrupted, exiting. There are 0 tasks remaining in the queue.
2019-07-30 09:04:34,840 INFO  segmented.SegmentedRaftLogWorker (SegmentedRaftLogWorker.java:close(228)) - 32cefd05-cbdf-4fca-a26b-c43476f7345a-SegmentedRaftLogWorker:Storage Directory /workdir/hadoop-ozone/integration-test/target/test-dir/MiniOzoneClusterImpl-c1e84c7d-2436-439f-bc56-acddb819a285/datanode-5/data/ratis/ce20fb7e-43e9-4c9a-9138-df9bd26ede91 close()
2019-07-30 09:04:34,841 INFO  server.GrpcService (GrpcService.java:closeImpl(155)) - 32cefd05-cbdf-4fca-a26b-c43476f7345a: shutdown server with port 43216 now
2019-07-30 09:04:34,844 INFO  server.GrpcService (GrpcService.java:closeImpl(163)) - 32cefd05-cbdf-4fca-a26b-c43476f7345a: shutdown server with port 43216 successfully
2019-07-30 09:04:34,845 INFO  utils.BackgroundService (BackgroundService.java:shutdown(148)) - Shutting down service BlockDeletingService
2019-07-30 09:04:34,848 WARN  fs.CachingGetSpaceUsed (CachingGetSpaceUsed.java:run(183)) - Thread Interrupted waiting to refresh disk information: sleep interrupted
2019-07-30 09:04:34,865 INFO  statemachine.DatanodeStateMachine (DatanodeStateMachine.java:stopDaemon(395)) - Ozone container server stopped.
2019-07-30 09:04:34,866 INFO  handler.ContextHandler (ContextHandler.java:doStop(910)) - Stopped o.e.j.w.WebAppContext@3f122cdc{/,null,UNAVAILABLE}{/hddsDatanode}
2019-07-30 09:04:34,867 INFO  server.AbstractConnector (AbstractConnector.java:doStop(318)) - Stopped ServerConnector@5bf523e3{HTTP/1.1,[http/1.1]}{0.0.0.0:0}
2019-07-30 09:04:34,867 INFO  handler.ContextHandler (ContextHandler.java:doStop(910)) - Stopped o.e.j.s.ServletContextHandler@7962a746{/static,jar:file:/home/user/.m2/repository/org/apache/hadoop/hadoop-hdds-container-service/0.4.1-SNAPSHOT/hadoop-hdds-container-service-0.4.1-SNAPSHOT.jar!/webapps/static,UNAVAILABLE}
2019-07-30 09:04:34,868 INFO  handler.ContextHandler (ContextHandler.java:doStop(910)) - Stopped o.e.j.s.ServletContextHandler@38ebc866{/logs,file:///workdir/hadoop-ozone/integration-test/target/log,UNAVAILABLE}
2019-07-30 09:04:34,870 INFO  ozone.MiniOzoneClusterImpl (MiniOzoneClusterImpl.java:stop(353)) - Stopping the StorageContainerManager
2019-07-30 09:04:34,870 INFO  server.StorageContainerManager (StorageContainerManager.java:stop(796)) - Stopping Replication Manager Service.
2019-07-30 09:04:34,870 INFO  container.ReplicationManager (ReplicationManager.java:stop(187)) - Stopping Replication Monitor Thread.
2019-07-30 09:04:34,870 INFO  server.StorageContainerManager (StorageContainerManager.java:stop(803)) - Stopping Lease Manager of the command watchers
2019-07-30 09:04:34,871 INFO  server.StorageContainerManager (StorageContainerManager.java:stop(810)) - Stopping datanode service RPC server
2019-07-30 09:04:34,871 INFO  server.SCMDatanodeProtocolServer (SCMDatanodeProtocolServer.java:stop(367)) - Stopping the RPC server for DataNodes
2019-07-30 09:04:34,871 INFO  ipc.Server (Server.java:stop(3082)) - Stopping server on 38793
2019-07-30 09:04:34,874 INFO  ipc.Server (Server.java:run(1319)) - Stopping IPC Server Responder
2019-07-30 09:04:34,874 INFO  ipc.Server (Server.java:run(1185)) - Stopping IPC Server listener on 38793
2019-07-30 09:04:34,936 WARN  node.NodeStateManager (NodeStateManager.java:scheduleNextHealthCheck(631)) - Current Thread is interrupted, shutting down HB processing thread for Node Manager.
2019-07-30 09:04:34,936 INFO  server.StorageContainerManager (StorageContainerManager.java:stop(818)) - Stopping block service RPC server
2019-07-30 09:04:34,936 INFO  server.SCMBlockProtocolServer (SCMBlockProtocolServer.java:stop(148)) - Stopping the RPC server for Block Protocol
2019-07-30 09:04:34,937 INFO  ipc.Server (Server.java:stop(3082)) - Stopping server on 46064
2019-07-30 09:04:34,939 INFO  server.StorageContainerManager (StorageContainerManager.java:stop(825)) - Stopping the StorageContainerLocationProtocol RPC server
2019-07-30 09:04:34,939 INFO  server.SCMClientProtocolServer (SCMClientProtocolServer.java:stop(159)) - Stopping the RPC server for Client Protocol
2019-07-30 09:04:34,940 INFO  ipc.Server (Server.java:stop(3082)) - Stopping server on 34191
2019-07-30 09:04:34,940 INFO  ipc.Server (Server.java:run(1185)) - Stopping IPC Server listener on 46064
2019-07-30 09:04:34,939 INFO  ipc.Server (Server.java:run(1319)) - Stopping IPC Server Responder
2019-07-30 09:04:34,942 INFO  server.StorageContainerManager (StorageContainerManager.java:stop(832)) - Stopping Storage Container Manager HTTP server.
2019-07-30 09:04:34,943 INFO  handler.ContextHandler (ContextHandler.java:doStop(910)) - Stopped o.e.j.w.WebAppContext@5c25d0d1{/,null,UNAVAILABLE}{/scm}
2019-07-30 09:04:34,943 INFO  ipc.Server (Server.java:run(1185)) - Stopping IPC Server listener on 34191
2019-07-30 09:04:34,943 INFO  ipc.Server (Server.java:run(1319)) - Stopping IPC Server Responder
2019-07-30 09:04:34,945 INFO  server.AbstractConnector (AbstractConnector.java:doStop(318)) - Stopped ServerConnector@22c8ee48{HTTP/1.1,[http/1.1]}{0.0.0.0:0}
2019-07-30 09:04:34,945 INFO  handler.ContextHandler (ContextHandler.java:doStop(910)) - Stopped o.e.j.s.ServletContextHandler@a9a8ec3{/static,file:///workdir/hadoop-ozone/integration-test/target/test-classes/webapps/static,UNAVAILABLE}
2019-07-30 09:04:34,946 INFO  handler.ContextHandler (ContextHandler.java:doStop(910)) - Stopped o.e.j.s.ServletContextHandler@51af8049{/logs,file:///workdir/hadoop-ozone/integration-test/target/log,UNAVAILABLE}
2019-07-30 09:04:34,948 INFO  server.StorageContainerManager (StorageContainerManager.java:stop(843)) - Stopping Block Manager Service.
2019-07-30 09:04:34,948 INFO  utils.BackgroundService (BackgroundService.java:shutdown(148)) - Shutting down service SCMBlockDeletingService
2019-07-30 09:04:34,948 INFO  utils.BackgroundService (BackgroundService.java:shutdown(148)) - Shutting down service SCMBlockDeletingService
2019-07-30 09:04:34,949 INFO  server.StorageContainerManager (StorageContainerManager.java:stop(865)) - Stopping SCM Event Queue.
2019-07-30 09:04:34,953 INFO  impl.MetricsSystemImpl (MetricsSystemImpl.java:stop(210)) - Stopping HddsDatanode metrics system...
2019-07-30 09:04:34,959 INFO  impl.MetricsSystemImpl (MetricsSystemImpl.java:stop(216)) - HddsDatanode metrics system stopped.
]]></system-out>
    <system-err><![CDATA[Jul 30, 2019 9:03:58 AM com.sun.jersey.server.impl.application.WebApplicationImpl _initiate
INFO: Initiating Jersey application, version 'Jersey: 1.19 02/11/2015 03:25 AM'
Jul 30, 2019 9:03:58 AM com.sun.jersey.server.impl.application.WebApplicationImpl _initiate
INFO: Initiating Jersey application, version 'Jersey: 1.19 02/11/2015 03:25 AM'
Jul 30, 2019 9:03:58 AM com.sun.jersey.server.impl.application.WebApplicationImpl _initiate
INFO: Initiating Jersey application, version 'Jersey: 1.19 02/11/2015 03:25 AM'
Jul 30, 2019 9:03:58 AM com.sun.jersey.server.impl.application.WebApplicationImpl _initiate
INFO: Initiating Jersey application, version 'Jersey: 1.19 02/11/2015 03:25 AM'
Jul 30, 2019 9:03:58 AM com.sun.jersey.server.impl.application.WebApplicationImpl _initiate
INFO: Initiating Jersey application, version 'Jersey: 1.19 02/11/2015 03:25 AM'
Jul 30, 2019 9:03:59 AM com.sun.jersey.server.impl.application.WebApplicationImpl _initiate
INFO: Initiating Jersey application, version 'Jersey: 1.19 02/11/2015 03:25 AM'
Jul 30, 2019 9:03:59 AM com.sun.jersey.server.impl.application.WebApplicationImpl _initiate
INFO: Initiating Jersey application, version 'Jersey: 1.19 02/11/2015 03:25 AM'
]]></system-err>
  </testcase>
</testsuite>