<?xml version="1.0" encoding="UTF-8"?>
<testsuite xmlns:xsi="http://www.w3.org/2001/XMLSchema-instance" xsi:noNamespaceSchemaLocation="https://maven.apache.org/surefire/maven-surefire-plugin/xsd/surefire-test-report.xsd" name="org.apache.hadoop.ozone.client.rpc.TestWatchForCommit" time="244.06" tests="5" errors="1" skipped="0" failures="0">
  <properties>
    <property name="awt.toolkit" value="sun.awt.X11.XToolkit"/>
    <property name="file.encoding.pkg" value="sun.io"/>
    <property name="java.specification.version" value="1.8"/>
    <property name="sun.cpu.isalist" value=""/>
    <property name="sun.jnu.encoding" value="UTF-8"/>
    <property name="java.class.path" value="/workdir/hadoop-ozone/integration-test/target/test-classes:/workdir/hadoop-ozone/integration-test/target/classes:/home/user/.m2/repository/org/apache/hadoop/hadoop-ozone-common/0.5.0-SNAPSHOT/hadoop-ozone-common-0.5.0-SNAPSHOT.jar:/home/user/.m2/repository/org/apache/commons/commons-compress/1.4.1/commons-compress-1.4.1.jar:/home/user/.m2/repository/org/tukaani/xz/1.0/xz-1.0.jar:/home/user/.m2/repository/org/apache/hadoop/hadoop-common/3.2.0/hadoop-common-3.2.0.jar:/home/user/.m2/repository/org/apache/hadoop/hadoop-hdfs/3.2.0/hadoop-hdfs-3.2.0.jar:/home/user/.m2/repository/org/apache/hadoop/hadoop-hdfs-client/3.2.0/hadoop-hdfs-client-3.2.0.jar:/home/user/.m2/repository/com/fasterxml/jackson/core/jackson-annotations/2.9.5/jackson-annotations-2.9.5.jar:/home/user/.m2/repository/org/apache/hadoop/hadoop-hdds-common/0.5.0-SNAPSHOT/hadoop-hdds-common-0.5.0-SNAPSHOT.jar:/home/user/.m2/repository/javax/annotation/javax.annotation-api/1.2/javax.annotation-api-1.2.jar:/home/user/.m2/repository/org/apache/ratis/ratis-server/0.4.0-2337318-SNAPSHOT/ratis-server-0.4.0-2337318-SNAPSHOT.jar:/home/user/.m2/repository/org/apache/ratis/ratis-thirdparty-misc/0.2.0/ratis-thirdparty-misc-0.2.0.jar:/home/user/.m2/repository/org/apache/ratis/ratis-proto/0.4.0-2337318-SNAPSHOT/ratis-proto-0.4.0-2337318-SNAPSHOT.jar:/home/user/.m2/repository/org/apache/ratis/ratis-common/0.4.0-2337318-SNAPSHOT/ratis-common-0.4.0-2337318-SNAPSHOT.jar:/home/user/.m2/repository/org/apache/ratis/ratis-client/0.4.0-2337318-SNAPSHOT/ratis-client-0.4.0-2337318-SNAPSHOT.jar:/home/user/.m2/repository/org/apache/ratis/ratis-metrics/0.4.0-2337318-SNAPSHOT/ratis-metrics-0.4.0-2337318-SNAPSHOT.jar:/home/user/.m2/repository/org/apache/ratis/ratis-netty/0.4.0-2337318-SNAPSHOT/ratis-netty-0.4.0-2337318-SNAPSHOT.jar:/home/user/.m2/repository/org/apache/ratis/ratis-grpc/0.4.0-2337318-SNAPSHOT/ratis-grpc-0.4.0-2337318-SNAPSHOT.jar:/home/user/.m2/repository/org/rocksdb/rocksdbjni/6.0.1/rocksdbjni-6.0.1.jar:/home/user/.m2/repository/org/apache/logging/log4j/log4j-api/2.11.0/log4j-api-2.11.0.jar:/home/user/.m2/repository/org/apache/logging/log4j/log4j-core/2.11.0/log4j-core-2.11.0.jar:/home/user/.m2/repository/com/lmax/disruptor/3.4.2/disruptor-3.4.2.jar:/home/user/.m2/repository/org/apache/commons/commons-pool2/2.6.0/commons-pool2-2.6.0.jar:/home/user/.m2/repository/org/bouncycastle/bcpkix-jdk15on/1.60/bcpkix-jdk15on-1.60.jar:/home/user/.m2/repository/commons-validator/commons-validator/1.6/commons-validator-1.6.jar:/home/user/.m2/repository/commons-digester/commons-digester/1.8.1/commons-digester-1.8.1.jar:/home/user/.m2/repository/io/jaegertracing/jaeger-client/0.33.1/jaeger-client-0.33.1.jar:/home/user/.m2/repository/io/jaegertracing/jaeger-thrift/0.33.1/jaeger-thrift-0.33.1.jar:/home/user/.m2/repository/org/apache/thrift/libthrift/0.11.0/libthrift-0.11.0.jar:/home/user/.m2/repository/com/squareup/okhttp3/okhttp/3.9.0/okhttp-3.9.0.jar:/home/user/.m2/repository/com/squareup/okio/okio/1.13.0/okio-1.13.0.jar:/home/user/.m2/repository/io/jaegertracing/jaeger-core/0.33.1/jaeger-core-0.33.1.jar:/home/user/.m2/repository/io/jaegertracing/jaeger-tracerresolver/0.33.1/jaeger-tracerresolver-0.33.1.jar:/home/user/.m2/repository/io/opentracing/contrib/opentracing-tracerresolver/0.1.5/opentracing-tracerresolver-0.1.5.jar:/home/user/.m2/repository/io/opentracing/opentracing-util/0.31.0/opentracing-util-0.31.0.jar:/home/user/.m2/repository/io/opentracing/opentracing-api/0.31.0/opentracing-api-0.31.0.jar:/home/user/.m2/repository/io/opentracing/opentracing-noop/0.31.0/opentracing-noop-0.31.0.jar:/home/user/.m2/repository/org/apache/hadoop/hadoop-hdds-server-framework/0.5.0-SNAPSHOT/hadoop-hdds-server-framework-0.5.0-SNAPSHOT.jar:/home/user/.m2/repository/org/apache/hadoop/hadoop-hdds-container-service/0.5.0-SNAPSHOT/hadoop-hdds-container-service-0.5.0-SNAPSHOT.jar:/home/user/.m2/repository/org/apache/hadoop/hadoop-hdds-client/0.5.0-SNAPSHOT/hadoop-hdds-client-0.5.0-SNAPSHOT.jar:/home/user/.m2/repository/org/apache/hadoop/hadoop-hdds-tools/0.5.0-SNAPSHOT/hadoop-hdds-tools-0.5.0-SNAPSHOT.jar:/home/user/.m2/repository/org/apache/hadoop/hadoop-hdds-server-scm/0.5.0-SNAPSHOT/hadoop-hdds-server-scm-0.5.0-SNAPSHOT.jar:/home/user/.m2/repository/org/apache/hadoop/hadoop-hdds-docs/0.5.0-SNAPSHOT/hadoop-hdds-docs-0.5.0-SNAPSHOT.jar:/home/user/.m2/repository/io/dropwizard/metrics/metrics-core/3.2.4/metrics-core-3.2.4.jar:/home/user/.m2/repository/org/hamcrest/hamcrest-all/1.3/hamcrest-all-1.3.jar:/home/user/.m2/repository/org/bouncycastle/bcprov-jdk15on/1.60/bcprov-jdk15on-1.60.jar:/home/user/.m2/repository/info/picocli/picocli/3.9.6/picocli-3.9.6.jar:/home/user/.m2/repository/com/google/protobuf/protobuf-java/2.5.0/protobuf-java-2.5.0.jar:/home/user/.m2/repository/com/google/guava/guava/11.0.2/guava-11.0.2.jar:/home/user/.m2/repository/org/apache/hadoop/hadoop-ozone-ozone-manager/0.5.0-SNAPSHOT/hadoop-ozone-ozone-manager-0.5.0-SNAPSHOT.jar:/home/user/.m2/repository/org/apache/hadoop/hadoop-minikdc/3.2.0/hadoop-minikdc-3.2.0.jar:/home/user/.m2/repository/commons-io/commons-io/2.5/commons-io-2.5.jar:/home/user/.m2/repository/org/apache/kerby/kerb-simplekdc/1.0.1/kerb-simplekdc-1.0.1.jar:/home/user/.m2/repository/org/apache/kerby/kerb-client/1.0.1/kerb-client-1.0.1.jar:/home/user/.m2/repository/org/apache/kerby/kerby-config/1.0.1/kerby-config-1.0.1.jar:/home/user/.m2/repository/org/apache/kerby/kerb-core/1.0.1/kerb-core-1.0.1.jar:/home/user/.m2/repository/org/apache/kerby/kerby-pkix/1.0.1/kerby-pkix-1.0.1.jar:/home/user/.m2/repository/org/apache/kerby/kerby-asn1/1.0.1/kerby-asn1-1.0.1.jar:/home/user/.m2/repository/org/apache/kerby/kerby-util/1.0.1/kerby-util-1.0.1.jar:/home/user/.m2/repository/org/apache/kerby/kerb-common/1.0.1/kerb-common-1.0.1.jar:/home/user/.m2/repository/org/apache/kerby/kerb-crypto/1.0.1/kerb-crypto-1.0.1.jar:/home/user/.m2/repository/org/apache/kerby/kerb-util/1.0.1/kerb-util-1.0.1.jar:/home/user/.m2/repository/org/apache/kerby/token-provider/1.0.1/token-provider-1.0.1.jar:/home/user/.m2/repository/org/apache/kerby/kerb-admin/1.0.1/kerb-admin-1.0.1.jar:/home/user/.m2/repository/org/apache/kerby/kerb-server/1.0.1/kerb-server-1.0.1.jar:/home/user/.m2/repository/org/apache/kerby/kerb-identity/1.0.1/kerb-identity-1.0.1.jar:/home/user/.m2/repository/org/apache/kerby/kerby-xdr/1.0.1/kerby-xdr-1.0.1.jar:/home/user/.m2/repository/org/slf4j/slf4j-log4j12/1.7.25/slf4j-log4j12-1.7.25.jar:/home/user/.m2/repository/org/apache/hadoop/hadoop-ozone-s3gateway/0.5.0-SNAPSHOT/hadoop-ozone-s3gateway-0.5.0-SNAPSHOT.jar:/home/user/.m2/repository/org/jboss/weld/servlet/weld-servlet/2.4.7.Final/weld-servlet-2.4.7.Final.jar:/home/user/.m2/repository/org/glassfish/jersey/containers/jersey-container-servlet-core/2.27/jersey-container-servlet-core-2.27.jar:/home/user/.m2/repository/org/glassfish/hk2/external/javax.inject/2.5.0-b42/javax.inject-2.5.0-b42.jar:/home/user/.m2/repository/org/glassfish/jersey/core/jersey-common/2.27/jersey-common-2.27.jar:/home/user/.m2/repository/org/glassfish/hk2/osgi-resource-locator/1.0.1/osgi-resource-locator-1.0.1.jar:/home/user/.m2/repository/javax/ws/rs/javax.ws.rs-api/2.1/javax.ws.rs-api-2.1.jar:/home/user/.m2/repository/org/glassfish/jersey/ext/cdi/jersey-cdi1x/2.27/jersey-cdi1x-2.27.jar:/home/user/.m2/repository/org/glassfish/jersey/inject/jersey-hk2/2.27/jersey-hk2-2.27.jar:/home/user/.m2/repository/org/glassfish/hk2/hk2-locator/2.5.0-b42/hk2-locator-2.5.0-b42.jar:/home/user/.m2/repository/org/javassist/javassist/3.22.0-CR2/javassist-3.22.0-CR2.jar:/home/user/.m2/repository/org/glassfish/hk2/hk2-api/2.5.0/hk2-api-2.5.0.jar:/home/user/.m2/repository/org/glassfish/hk2/external/jakarta.inject/2.5.0/jakarta.inject-2.5.0.jar:/home/user/.m2/repository/org/glassfish/hk2/hk2-utils/2.5.0/hk2-utils-2.5.0.jar:/home/user/.m2/repository/jakarta/annotation/jakarta.annotation-api/1.3.4/jakarta.annotation-api-1.3.4.jar:/home/user/.m2/repository/org/glassfish/hk2/external/aopalliance-repackaged/2.5.0/aopalliance-repackaged-2.5.0.jar:/home/user/.m2/repository/com/fasterxml/jackson/dataformat/jackson-dataformat-xml/2.9.0/jackson-dataformat-xml-2.9.0.jar:/home/user/.m2/repository/com/fasterxml/jackson/core/jackson-core/2.9.5/jackson-core-2.9.5.jar:/home/user/.m2/repository/com/fasterxml/jackson/module/jackson-module-jaxb-annotations/2.9.5/jackson-module-jaxb-annotations-2.9.5.jar:/home/user/.m2/repository/javax/enterprise/cdi-api/1.2/cdi-api-1.2.jar:/home/user/.m2/repository/javax/el/javax.el-api/3.0.0/javax.el-api-3.0.0.jar:/home/user/.m2/repository/javax/interceptor/javax.interceptor-api/1.2/javax.interceptor-api-1.2.jar:/home/user/.m2/repository/javax/inject/javax.inject/1/javax.inject-1.jar:/home/user/.m2/repository/com/sun/xml/bind/jaxb-impl/2.3.0.1/jaxb-impl-2.3.0.1.jar:/home/user/.m2/repository/com/sun/xml/bind/jaxb-core/2.3.0.1/jaxb-core-2.3.0.1.jar:/home/user/.m2/repository/javax/xml/bind/jaxb-api/2.3.0/jaxb-api-2.3.0.jar:/home/user/.m2/repository/javax/activation/activation/1.1.1/activation-1.1.1.jar:/home/user/.m2/repository/org/apache/hadoop/hadoop-ozone-csi/0.5.0-SNAPSHOT/hadoop-ozone-csi-0.5.0-SNAPSHOT.jar:/home/user/.m2/repository/com/google/protobuf/protobuf-java-util/3.5.1/protobuf-java-util-3.5.1.jar:/home/user/.m2/repository/org/apache/hadoop/hadoop-hdds-config/0.5.0-SNAPSHOT/hadoop-hdds-config-0.5.0-SNAPSHOT.jar:/home/user/.m2/repository/io/grpc/grpc-netty/1.17.1/grpc-netty-1.17.1.jar:/home/user/.m2/repository/io/grpc/grpc-core/1.17.1/grpc-core-1.17.1.jar:/home/user/.m2/repository/io/grpc/grpc-context/1.17.1/grpc-context-1.17.1.jar:/home/user/.m2/repository/com/google/errorprone/error_prone_annotations/2.2.0/error_prone_annotations-2.2.0.jar:/home/user/.m2/repository/org/codehaus/mojo/animal-sniffer-annotations/1.17/animal-sniffer-annotations-1.17.jar:/home/user/.m2/repository/io/opencensus/opencensus-api/0.17.0/opencensus-api-0.17.0.jar:/home/user/.m2/repository/io/opencensus/opencensus-contrib-grpc-metrics/0.17.0/opencensus-contrib-grpc-metrics-0.17.0.jar:/home/user/.m2/repository/io/netty/netty-codec-http2/4.1.30.Final/netty-codec-http2-4.1.30.Final.jar:/home/user/.m2/repository/io/netty/netty-codec-http/4.1.30.Final/netty-codec-http-4.1.30.Final.jar:/home/user/.m2/repository/io/netty/netty-codec/4.1.30.Final/netty-codec-4.1.30.Final.jar:/home/user/.m2/repository/io/netty/netty-handler/4.1.30.Final/netty-handler-4.1.30.Final.jar:/home/user/.m2/repository/io/netty/netty-handler-proxy/4.1.30.Final/netty-handler-proxy-4.1.30.Final.jar:/home/user/.m2/repository/io/netty/netty-codec-socks/4.1.30.Final/netty-codec-socks-4.1.30.Final.jar:/home/user/.m2/repository/io/netty/netty-transport-native-epoll/4.1.30.Final/netty-transport-native-epoll-4.1.30.Final.jar:/home/user/.m2/repository/io/netty/netty-common/4.1.30.Final/netty-common-4.1.30.Final.jar:/home/user/.m2/repository/io/netty/netty-buffer/4.1.30.Final/netty-buffer-4.1.30.Final.jar:/home/user/.m2/repository/io/netty/netty-transport/4.1.30.Final/netty-transport-4.1.30.Final.jar:/home/user/.m2/repository/io/netty/netty-resolver/4.1.30.Final/netty-resolver-4.1.30.Final.jar:/home/user/.m2/repository/io/netty/netty-transport-native-unix-common/4.1.30.Final/netty-transport-native-unix-common-4.1.30.Final.jar:/home/user/.m2/repository/io/grpc/grpc-protobuf/1.17.1/grpc-protobuf-1.17.1.jar:/home/user/.m2/repository/com/google/api/grpc/proto-google-common-protos/1.0.0/proto-google-common-protos-1.0.0.jar:/home/user/.m2/repository/io/grpc/grpc-protobuf-lite/1.17.1/grpc-protobuf-lite-1.17.1.jar:/home/user/.m2/repository/io/grpc/grpc-stub/1.17.1/grpc-stub-1.17.1.jar:/home/user/.m2/repository/org/apache/hadoop/hadoop-ozone-recon/0.5.0-SNAPSHOT/hadoop-ozone-recon-0.5.0-SNAPSHOT.jar:/home/user/.m2/repository/org/apache/hadoop/hadoop-ozone-reconcodegen/0.5.0-SNAPSHOT/hadoop-ozone-reconcodegen-0.5.0-SNAPSHOT.jar:/home/user/.m2/repository/com/google/inject/extensions/guice-multibindings/4.0/guice-multibindings-4.0.jar:/home/user/.m2/repository/com/google/inject/guice/4.0/guice-4.0.jar:/home/user/.m2/repository/aopalliance/aopalliance/1.0/aopalliance-1.0.jar:/home/user/.m2/repository/com/google/inject/extensions/guice-servlet/4.0/guice-servlet-4.0.jar:/home/user/.m2/repository/org/glassfish/jersey/containers/jersey-container-servlet/2.27/jersey-container-servlet-2.27.jar:/home/user/.m2/repository/org/glassfish/hk2/guice-bridge/2.5.0/guice-bridge-2.5.0.jar:/home/user/.m2/repository/org/glassfish/jersey/core/jersey-server/2.27/jersey-server-2.27.jar:/home/user/.m2/repository/org/glassfish/jersey/core/jersey-client/2.27/jersey-client-2.27.jar:/home/user/.m2/repository/org/glassfish/jersey/media/jersey-media-jaxb/2.27/jersey-media-jaxb-2.27.jar:/home/user/.m2/repository/javax/validation/validation-api/1.1.0.Final/validation-api-1.1.0.Final.jar:/home/user/.m2/repository/org/glassfish/jersey/media/jersey-media-json-jackson/2.27/jersey-media-json-jackson-2.27.jar:/home/user/.m2/repository/org/glassfish/jersey/ext/jersey-entity-filtering/2.27/jersey-entity-filtering-2.27.jar:/home/user/.m2/repository/com/google/inject/extensions/guice-assistedinject/4.0/guice-assistedinject-4.0.jar:/home/user/.m2/repository/org/jooq/jooq/3.11.10/jooq-3.11.10.jar:/home/user/.m2/repository/org/jooq/jooq-meta/3.11.10/jooq-meta-3.11.10.jar:/home/user/.m2/repository/org/jooq/jooq-codegen/3.11.10/jooq-codegen-3.11.10.jar:/home/user/.m2/repository/com/jolbox/bonecp/0.8.0.RELEASE/bonecp-0.8.0.RELEASE.jar:/home/user/.m2/repository/org/xerial/sqlite-jdbc/3.25.2/sqlite-jdbc-3.25.2.jar:/home/user/.m2/repository/org/springframework/spring-jdbc/5.1.3.RELEASE/spring-jdbc-5.1.3.RELEASE.jar:/home/user/.m2/repository/org/springframework/spring-beans/5.1.3.RELEASE/spring-beans-5.1.3.RELEASE.jar:/home/user/.m2/repository/org/springframework/spring-core/5.1.3.RELEASE/spring-core-5.1.3.RELEASE.jar:/home/user/.m2/repository/org/springframework/spring-jcl/5.1.3.RELEASE/spring-jcl-5.1.3.RELEASE.jar:/home/user/.m2/repository/org/springframework/spring-tx/5.1.3.RELEASE/spring-tx-5.1.3.RELEASE.jar:/home/user/.m2/repository/org/apache/hadoop/hadoop-ozone-client/0.5.0-SNAPSHOT/hadoop-ozone-client-0.5.0-SNAPSHOT.jar:/home/user/.m2/repository/commons-lang/commons-lang/2.6/commons-lang-2.6.jar:/home/user/.m2/repository/org/apache/hadoop/hadoop-ozone-ozone-manager/0.5.0-SNAPSHOT/hadoop-ozone-ozone-manager-0.5.0-SNAPSHOT-tests.jar:/home/user/.m2/repository/junit/junit/4.11/junit-4.11.jar:/home/user/.m2/repository/org/hamcrest/hamcrest-core/1.3/hamcrest-core-1.3.jar:/home/user/.m2/repository/org/openjdk/jmh/jmh-core/1.19/jmh-core-1.19.jar:/home/user/.m2/repository/net/sf/jopt-simple/jopt-simple/4.6/jopt-simple-4.6.jar:/home/user/.m2/repository/org/apache/commons/commons-math3/3.1.1/commons-math3-3.1.1.jar:/home/user/.m2/repository/org/openjdk/jmh/jmh-generator-annprocess/1.19/jmh-generator-annprocess-1.19.jar:/home/user/.m2/repository/org/mockito/mockito-all/1.8.5/mockito-all-1.8.5.jar:/home/user/.m2/repository/org/apache/hadoop/hadoop-kms/3.2.0/hadoop-kms-3.2.0.jar:/home/user/.m2/repository/org/apache/hadoop/hadoop-auth/3.2.0/hadoop-auth-3.2.0.jar:/home/user/.m2/repository/com/nimbusds/nimbus-jose-jwt/4.41.1/nimbus-jose-jwt-4.41.1.jar:/home/user/.m2/repository/com/github/stephenc/jcip/jcip-annotations/1.0-1/jcip-annotations-1.0-1.jar:/home/user/.m2/repository/net/minidev/json-smart/2.3/json-smart-2.3.jar:/home/user/.m2/repository/net/minidev/accessors-smart/1.2/accessors-smart-1.2.jar:/home/user/.m2/repository/org/ow2/asm/asm/5.0.4/asm-5.0.4.jar:/home/user/.m2/repository/org/apache/curator/curator-framework/2.12.0/curator-framework-2.12.0.jar:/home/user/.m2/repository/com/sun/jersey/jersey-core/1.19/jersey-core-1.19.jar:/home/user/.m2/repository/javax/ws/rs/jsr311-api/1.1.1/jsr311-api-1.1.1.jar:/home/user/.m2/repository/com/sun/jersey/jersey-server/1.19/jersey-server-1.19.jar:/home/user/.m2/repository/javax/servlet/javax.servlet-api/3.1.0/javax.servlet-api-3.1.0.jar:/home/user/.m2/repository/org/eclipse/jetty/jetty-server/9.3.24.v20180605/jetty-server-9.3.24.v20180605.jar:/home/user/.m2/repository/org/eclipse/jetty/jetty-http/9.3.24.v20180605/jetty-http-9.3.24.v20180605.jar:/home/user/.m2/repository/org/eclipse/jetty/jetty-io/9.3.24.v20180605/jetty-io-9.3.24.v20180605.jar:/home/user/.m2/repository/org/eclipse/jetty/jetty-webapp/9.3.24.v20180605/jetty-webapp-9.3.24.v20180605.jar:/home/user/.m2/repository/org/eclipse/jetty/jetty-xml/9.3.24.v20180605/jetty-xml-9.3.24.v20180605.jar:/home/user/.m2/repository/log4j/log4j/1.2.17/log4j-1.2.17.jar:/home/user/.m2/repository/org/slf4j/slf4j-api/1.7.25/slf4j-api-1.7.25.jar:/home/user/.m2/repository/org/slf4j/jul-to-slf4j/1.7.25/jul-to-slf4j-1.7.25.jar:/home/user/.m2/repository/org/eclipse/jetty/jetty-util/9.3.24.v20180605/jetty-util-9.3.24.v20180605.jar:/home/user/.m2/repository/com/fasterxml/jackson/core/jackson-databind/2.9.5/jackson-databind-2.9.5.jar:/home/user/.m2/repository/org/apache/hadoop/hadoop-kms/3.2.0/hadoop-kms-3.2.0-tests.jar:/home/user/.m2/repository/org/apache/hadoop/hadoop-hdds-server-scm/0.5.0-SNAPSHOT/hadoop-hdds-server-scm-0.5.0-SNAPSHOT-tests.jar:/home/user/.m2/repository/org/apache/hadoop/hadoop-hdds-container-service/0.5.0-SNAPSHOT/hadoop-hdds-container-service-0.5.0-SNAPSHOT-tests.jar:/home/user/.m2/repository/org/yaml/snakeyaml/1.16/snakeyaml-1.16.jar:/home/user/.m2/repository/org/apache/hadoop/hadoop-common/3.2.0/hadoop-common-3.2.0-tests.jar:/home/user/.m2/repository/org/apache/hadoop/hadoop-annotations/3.2.0/hadoop-annotations-3.2.0.jar:/usr/lib/jvm/java-1.8-openjdk/jre/../lib/tools.jar:/home/user/.m2/repository/commons-cli/commons-cli/1.2/commons-cli-1.2.jar:/home/user/.m2/repository/org/apache/httpcomponents/httpclient/4.5.2/httpclient-4.5.2.jar:/home/user/.m2/repository/org/apache/httpcomponents/httpcore/4.4.4/httpcore-4.4.4.jar:/home/user/.m2/repository/commons-codec/commons-codec/1.11/commons-codec-1.11.jar:/home/user/.m2/repository/commons-net/commons-net/3.6/commons-net-3.6.jar:/home/user/.m2/repository/commons-collections/commons-collections/3.2.2/commons-collections-3.2.2.jar:/home/user/.m2/repository/org/eclipse/jetty/jetty-servlet/9.3.24.v20180605/jetty-servlet-9.3.24.v20180605.jar:/home/user/.m2/repository/org/eclipse/jetty/jetty-security/9.3.24.v20180605/jetty-security-9.3.24.v20180605.jar:/home/user/.m2/repository/javax/servlet/jsp/jsp-api/2.1/jsp-api-2.1.jar:/home/user/.m2/repository/com/sun/jersey/jersey-servlet/1.19/jersey-servlet-1.19.jar:/home/user/.m2/repository/com/sun/jersey/jersey-json/1.19/jersey-json-1.19.jar:/home/user/.m2/repository/org/codehaus/jettison/jettison/1.1/jettison-1.1.jar:/home/user/.m2/repository/org/codehaus/jackson/jackson-core-asl/1.9.13/jackson-core-asl-1.9.13.jar:/home/user/.m2/repository/org/codehaus/jackson/jackson-mapper-asl/1.9.13/jackson-mapper-asl-1.9.13.jar:/home/user/.m2/repository/org/codehaus/jackson/jackson-jaxrs/1.9.13/jackson-jaxrs-1.9.13.jar:/home/user/.m2/repository/org/codehaus/jackson/jackson-xc/1.9.13/jackson-xc-1.9.13.jar:/home/user/.m2/repository/commons-logging/commons-logging/1.1.3/commons-logging-1.1.3.jar:/home/user/.m2/repository/commons-beanutils/commons-beanutils/1.9.3/commons-beanutils-1.9.3.jar:/home/user/.m2/repository/org/apache/commons/commons-configuration2/2.1.1/commons-configuration2-2.1.1.jar:/home/user/.m2/repository/org/apache/commons/commons-lang3/3.7/commons-lang3-3.7.jar:/home/user/.m2/repository/org/apache/commons/commons-text/1.4/commons-text-1.4.jar:/home/user/.m2/repository/org/apache/avro/avro/1.7.7/avro-1.7.7.jar:/home/user/.m2/repository/com/thoughtworks/paranamer/paranamer/2.3/paranamer-2.3.jar:/home/user/.m2/repository/org/xerial/snappy/snappy-java/1.0.5/snappy-java-1.0.5.jar:/home/user/.m2/repository/com/google/re2j/re2j/1.1/re2j-1.1.jar:/home/user/.m2/repository/com/google/code/gson/gson/2.2.4/gson-2.2.4.jar:/home/user/.m2/repository/com/jcraft/jsch/0.1.54/jsch-0.1.54.jar:/home/user/.m2/repository/org/apache/curator/curator-client/2.12.0/curator-client-2.12.0.jar:/home/user/.m2/repository/org/apache/curator/curator-recipes/2.12.0/curator-recipes-2.12.0.jar:/home/user/.m2/repository/com/google/code/findbugs/jsr305/3.0.0/jsr305-3.0.0.jar:/home/user/.m2/repository/org/apache/htrace/htrace-core4/4.1.0-incubating/htrace-core4-4.1.0-incubating.jar:/home/user/.m2/repository/org/apache/zookeeper/zookeeper/3.4.13/zookeeper-3.4.13.jar:/home/user/.m2/repository/org/apache/yetus/audience-annotations/0.5.0/audience-annotations-0.5.0.jar:/home/user/.m2/repository/org/codehaus/woodstox/stax2-api/3.1.4/stax2-api-3.1.4.jar:/home/user/.m2/repository/com/fasterxml/woodstox/woodstox-core/5.0.3/woodstox-core-5.0.3.jar:/home/user/.m2/repository/dnsjava/dnsjava/2.1.7/dnsjava-2.1.7.jar:/home/user/.m2/repository/org/apache/hadoop/hadoop-hdfs/3.2.0/hadoop-hdfs-3.2.0-tests.jar:/home/user/.m2/repository/org/eclipse/jetty/jetty-util-ajax/9.3.24.v20180605/jetty-util-ajax-9.3.24.v20180605.jar:/home/user/.m2/repository/commons-daemon/commons-daemon/1.0.13/commons-daemon-1.0.13.jar:/home/user/.m2/repository/io/netty/netty/3.10.5.Final/netty-3.10.5.Final.jar:/home/user/.m2/repository/io/netty/netty-all/4.0.52.Final/netty-all-4.0.52.Final.jar:/home/user/.m2/repository/org/fusesource/leveldbjni/leveldbjni-all/1.8/leveldbjni-all-1.8.jar:"/>
    <property name="java.vm.vendor" value="IcedTea"/>
    <property name="sun.arch.data.model" value="64"/>
    <property name="test.build.dir" value="/workdir/hadoop-ozone/integration-test/target/test-dir"/>
    <property name="test.cache.data" value=""/>
    <property name="java.vendor.url" value="https://icedtea.classpath.org"/>
    <property name="user.timezone" value=""/>
    <property name="java.vm.specification.version" value="1.8"/>
    <property name="os.name" value="Linux"/>
    <property name="test.build.data" value="/workdir/hadoop-ozone/integration-test/target/test-dir"/>
    <property name="user.country" value="US"/>
    <property name="sun.java.launcher" value="SUN_STANDARD"/>
    <property name="sun.boot.library.path" value="/usr/lib/jvm/java-1.8-openjdk/jre/lib/amd64"/>
    <property name="sun.java.command" value="/workdir/hadoop-ozone/integration-test/target/surefire/surefirebooter7684144311126036811.jar /workdir/hadoop-ozone/integration-test/target/surefire 2019-08-30T23-16-50_729-jvmRun1 surefire4278954618393555932tmp surefire_232407359086452861968tmp"/>
    <property name="test" value="!TestMiniChaosOzoneCluster"/>
    <property name="surefire.test.class.path" value="/workdir/hadoop-ozone/integration-test/target/test-classes:/workdir/hadoop-ozone/integration-test/target/classes:/home/user/.m2/repository/org/apache/hadoop/hadoop-ozone-common/0.5.0-SNAPSHOT/hadoop-ozone-common-0.5.0-SNAPSHOT.jar:/home/user/.m2/repository/org/apache/commons/commons-compress/1.4.1/commons-compress-1.4.1.jar:/home/user/.m2/repository/org/tukaani/xz/1.0/xz-1.0.jar:/home/user/.m2/repository/org/apache/hadoop/hadoop-common/3.2.0/hadoop-common-3.2.0.jar:/home/user/.m2/repository/org/apache/hadoop/hadoop-hdfs/3.2.0/hadoop-hdfs-3.2.0.jar:/home/user/.m2/repository/org/apache/hadoop/hadoop-hdfs-client/3.2.0/hadoop-hdfs-client-3.2.0.jar:/home/user/.m2/repository/com/fasterxml/jackson/core/jackson-annotations/2.9.5/jackson-annotations-2.9.5.jar:/home/user/.m2/repository/org/apache/hadoop/hadoop-hdds-common/0.5.0-SNAPSHOT/hadoop-hdds-common-0.5.0-SNAPSHOT.jar:/home/user/.m2/repository/javax/annotation/javax.annotation-api/1.2/javax.annotation-api-1.2.jar:/home/user/.m2/repository/org/apache/ratis/ratis-server/0.4.0-2337318-SNAPSHOT/ratis-server-0.4.0-2337318-SNAPSHOT.jar:/home/user/.m2/repository/org/apache/ratis/ratis-thirdparty-misc/0.2.0/ratis-thirdparty-misc-0.2.0.jar:/home/user/.m2/repository/org/apache/ratis/ratis-proto/0.4.0-2337318-SNAPSHOT/ratis-proto-0.4.0-2337318-SNAPSHOT.jar:/home/user/.m2/repository/org/apache/ratis/ratis-common/0.4.0-2337318-SNAPSHOT/ratis-common-0.4.0-2337318-SNAPSHOT.jar:/home/user/.m2/repository/org/apache/ratis/ratis-client/0.4.0-2337318-SNAPSHOT/ratis-client-0.4.0-2337318-SNAPSHOT.jar:/home/user/.m2/repository/org/apache/ratis/ratis-metrics/0.4.0-2337318-SNAPSHOT/ratis-metrics-0.4.0-2337318-SNAPSHOT.jar:/home/user/.m2/repository/org/apache/ratis/ratis-netty/0.4.0-2337318-SNAPSHOT/ratis-netty-0.4.0-2337318-SNAPSHOT.jar:/home/user/.m2/repository/org/apache/ratis/ratis-grpc/0.4.0-2337318-SNAPSHOT/ratis-grpc-0.4.0-2337318-SNAPSHOT.jar:/home/user/.m2/repository/org/rocksdb/rocksdbjni/6.0.1/rocksdbjni-6.0.1.jar:/home/user/.m2/repository/org/apache/logging/log4j/log4j-api/2.11.0/log4j-api-2.11.0.jar:/home/user/.m2/repository/org/apache/logging/log4j/log4j-core/2.11.0/log4j-core-2.11.0.jar:/home/user/.m2/repository/com/lmax/disruptor/3.4.2/disruptor-3.4.2.jar:/home/user/.m2/repository/org/apache/commons/commons-pool2/2.6.0/commons-pool2-2.6.0.jar:/home/user/.m2/repository/org/bouncycastle/bcpkix-jdk15on/1.60/bcpkix-jdk15on-1.60.jar:/home/user/.m2/repository/commons-validator/commons-validator/1.6/commons-validator-1.6.jar:/home/user/.m2/repository/commons-digester/commons-digester/1.8.1/commons-digester-1.8.1.jar:/home/user/.m2/repository/io/jaegertracing/jaeger-client/0.33.1/jaeger-client-0.33.1.jar:/home/user/.m2/repository/io/jaegertracing/jaeger-thrift/0.33.1/jaeger-thrift-0.33.1.jar:/home/user/.m2/repository/org/apache/thrift/libthrift/0.11.0/libthrift-0.11.0.jar:/home/user/.m2/repository/com/squareup/okhttp3/okhttp/3.9.0/okhttp-3.9.0.jar:/home/user/.m2/repository/com/squareup/okio/okio/1.13.0/okio-1.13.0.jar:/home/user/.m2/repository/io/jaegertracing/jaeger-core/0.33.1/jaeger-core-0.33.1.jar:/home/user/.m2/repository/io/jaegertracing/jaeger-tracerresolver/0.33.1/jaeger-tracerresolver-0.33.1.jar:/home/user/.m2/repository/io/opentracing/contrib/opentracing-tracerresolver/0.1.5/opentracing-tracerresolver-0.1.5.jar:/home/user/.m2/repository/io/opentracing/opentracing-util/0.31.0/opentracing-util-0.31.0.jar:/home/user/.m2/repository/io/opentracing/opentracing-api/0.31.0/opentracing-api-0.31.0.jar:/home/user/.m2/repository/io/opentracing/opentracing-noop/0.31.0/opentracing-noop-0.31.0.jar:/home/user/.m2/repository/org/apache/hadoop/hadoop-hdds-server-framework/0.5.0-SNAPSHOT/hadoop-hdds-server-framework-0.5.0-SNAPSHOT.jar:/home/user/.m2/repository/org/apache/hadoop/hadoop-hdds-container-service/0.5.0-SNAPSHOT/hadoop-hdds-container-service-0.5.0-SNAPSHOT.jar:/home/user/.m2/repository/org/apache/hadoop/hadoop-hdds-client/0.5.0-SNAPSHOT/hadoop-hdds-client-0.5.0-SNAPSHOT.jar:/home/user/.m2/repository/org/apache/hadoop/hadoop-hdds-tools/0.5.0-SNAPSHOT/hadoop-hdds-tools-0.5.0-SNAPSHOT.jar:/home/user/.m2/repository/org/apache/hadoop/hadoop-hdds-server-scm/0.5.0-SNAPSHOT/hadoop-hdds-server-scm-0.5.0-SNAPSHOT.jar:/home/user/.m2/repository/org/apache/hadoop/hadoop-hdds-docs/0.5.0-SNAPSHOT/hadoop-hdds-docs-0.5.0-SNAPSHOT.jar:/home/user/.m2/repository/io/dropwizard/metrics/metrics-core/3.2.4/metrics-core-3.2.4.jar:/home/user/.m2/repository/org/hamcrest/hamcrest-all/1.3/hamcrest-all-1.3.jar:/home/user/.m2/repository/org/bouncycastle/bcprov-jdk15on/1.60/bcprov-jdk15on-1.60.jar:/home/user/.m2/repository/info/picocli/picocli/3.9.6/picocli-3.9.6.jar:/home/user/.m2/repository/com/google/protobuf/protobuf-java/2.5.0/protobuf-java-2.5.0.jar:/home/user/.m2/repository/com/google/guava/guava/11.0.2/guava-11.0.2.jar:/home/user/.m2/repository/org/apache/hadoop/hadoop-ozone-ozone-manager/0.5.0-SNAPSHOT/hadoop-ozone-ozone-manager-0.5.0-SNAPSHOT.jar:/home/user/.m2/repository/org/apache/hadoop/hadoop-minikdc/3.2.0/hadoop-minikdc-3.2.0.jar:/home/user/.m2/repository/commons-io/commons-io/2.5/commons-io-2.5.jar:/home/user/.m2/repository/org/apache/kerby/kerb-simplekdc/1.0.1/kerb-simplekdc-1.0.1.jar:/home/user/.m2/repository/org/apache/kerby/kerb-client/1.0.1/kerb-client-1.0.1.jar:/home/user/.m2/repository/org/apache/kerby/kerby-config/1.0.1/kerby-config-1.0.1.jar:/home/user/.m2/repository/org/apache/kerby/kerb-core/1.0.1/kerb-core-1.0.1.jar:/home/user/.m2/repository/org/apache/kerby/kerby-pkix/1.0.1/kerby-pkix-1.0.1.jar:/home/user/.m2/repository/org/apache/kerby/kerby-asn1/1.0.1/kerby-asn1-1.0.1.jar:/home/user/.m2/repository/org/apache/kerby/kerby-util/1.0.1/kerby-util-1.0.1.jar:/home/user/.m2/repository/org/apache/kerby/kerb-common/1.0.1/kerb-common-1.0.1.jar:/home/user/.m2/repository/org/apache/kerby/kerb-crypto/1.0.1/kerb-crypto-1.0.1.jar:/home/user/.m2/repository/org/apache/kerby/kerb-util/1.0.1/kerb-util-1.0.1.jar:/home/user/.m2/repository/org/apache/kerby/token-provider/1.0.1/token-provider-1.0.1.jar:/home/user/.m2/repository/org/apache/kerby/kerb-admin/1.0.1/kerb-admin-1.0.1.jar:/home/user/.m2/repository/org/apache/kerby/kerb-server/1.0.1/kerb-server-1.0.1.jar:/home/user/.m2/repository/org/apache/kerby/kerb-identity/1.0.1/kerb-identity-1.0.1.jar:/home/user/.m2/repository/org/apache/kerby/kerby-xdr/1.0.1/kerby-xdr-1.0.1.jar:/home/user/.m2/repository/org/slf4j/slf4j-log4j12/1.7.25/slf4j-log4j12-1.7.25.jar:/home/user/.m2/repository/org/apache/hadoop/hadoop-ozone-s3gateway/0.5.0-SNAPSHOT/hadoop-ozone-s3gateway-0.5.0-SNAPSHOT.jar:/home/user/.m2/repository/org/jboss/weld/servlet/weld-servlet/2.4.7.Final/weld-servlet-2.4.7.Final.jar:/home/user/.m2/repository/org/glassfish/jersey/containers/jersey-container-servlet-core/2.27/jersey-container-servlet-core-2.27.jar:/home/user/.m2/repository/org/glassfish/hk2/external/javax.inject/2.5.0-b42/javax.inject-2.5.0-b42.jar:/home/user/.m2/repository/org/glassfish/jersey/core/jersey-common/2.27/jersey-common-2.27.jar:/home/user/.m2/repository/org/glassfish/hk2/osgi-resource-locator/1.0.1/osgi-resource-locator-1.0.1.jar:/home/user/.m2/repository/javax/ws/rs/javax.ws.rs-api/2.1/javax.ws.rs-api-2.1.jar:/home/user/.m2/repository/org/glassfish/jersey/ext/cdi/jersey-cdi1x/2.27/jersey-cdi1x-2.27.jar:/home/user/.m2/repository/org/glassfish/jersey/inject/jersey-hk2/2.27/jersey-hk2-2.27.jar:/home/user/.m2/repository/org/glassfish/hk2/hk2-locator/2.5.0-b42/hk2-locator-2.5.0-b42.jar:/home/user/.m2/repository/org/javassist/javassist/3.22.0-CR2/javassist-3.22.0-CR2.jar:/home/user/.m2/repository/org/glassfish/hk2/hk2-api/2.5.0/hk2-api-2.5.0.jar:/home/user/.m2/repository/org/glassfish/hk2/external/jakarta.inject/2.5.0/jakarta.inject-2.5.0.jar:/home/user/.m2/repository/org/glassfish/hk2/hk2-utils/2.5.0/hk2-utils-2.5.0.jar:/home/user/.m2/repository/jakarta/annotation/jakarta.annotation-api/1.3.4/jakarta.annotation-api-1.3.4.jar:/home/user/.m2/repository/org/glassfish/hk2/external/aopalliance-repackaged/2.5.0/aopalliance-repackaged-2.5.0.jar:/home/user/.m2/repository/com/fasterxml/jackson/dataformat/jackson-dataformat-xml/2.9.0/jackson-dataformat-xml-2.9.0.jar:/home/user/.m2/repository/com/fasterxml/jackson/core/jackson-core/2.9.5/jackson-core-2.9.5.jar:/home/user/.m2/repository/com/fasterxml/jackson/module/jackson-module-jaxb-annotations/2.9.5/jackson-module-jaxb-annotations-2.9.5.jar:/home/user/.m2/repository/javax/enterprise/cdi-api/1.2/cdi-api-1.2.jar:/home/user/.m2/repository/javax/el/javax.el-api/3.0.0/javax.el-api-3.0.0.jar:/home/user/.m2/repository/javax/interceptor/javax.interceptor-api/1.2/javax.interceptor-api-1.2.jar:/home/user/.m2/repository/javax/inject/javax.inject/1/javax.inject-1.jar:/home/user/.m2/repository/com/sun/xml/bind/jaxb-impl/2.3.0.1/jaxb-impl-2.3.0.1.jar:/home/user/.m2/repository/com/sun/xml/bind/jaxb-core/2.3.0.1/jaxb-core-2.3.0.1.jar:/home/user/.m2/repository/javax/xml/bind/jaxb-api/2.3.0/jaxb-api-2.3.0.jar:/home/user/.m2/repository/javax/activation/activation/1.1.1/activation-1.1.1.jar:/home/user/.m2/repository/org/apache/hadoop/hadoop-ozone-csi/0.5.0-SNAPSHOT/hadoop-ozone-csi-0.5.0-SNAPSHOT.jar:/home/user/.m2/repository/com/google/protobuf/protobuf-java-util/3.5.1/protobuf-java-util-3.5.1.jar:/home/user/.m2/repository/org/apache/hadoop/hadoop-hdds-config/0.5.0-SNAPSHOT/hadoop-hdds-config-0.5.0-SNAPSHOT.jar:/home/user/.m2/repository/io/grpc/grpc-netty/1.17.1/grpc-netty-1.17.1.jar:/home/user/.m2/repository/io/grpc/grpc-core/1.17.1/grpc-core-1.17.1.jar:/home/user/.m2/repository/io/grpc/grpc-context/1.17.1/grpc-context-1.17.1.jar:/home/user/.m2/repository/com/google/errorprone/error_prone_annotations/2.2.0/error_prone_annotations-2.2.0.jar:/home/user/.m2/repository/org/codehaus/mojo/animal-sniffer-annotations/1.17/animal-sniffer-annotations-1.17.jar:/home/user/.m2/repository/io/opencensus/opencensus-api/0.17.0/opencensus-api-0.17.0.jar:/home/user/.m2/repository/io/opencensus/opencensus-contrib-grpc-metrics/0.17.0/opencensus-contrib-grpc-metrics-0.17.0.jar:/home/user/.m2/repository/io/netty/netty-codec-http2/4.1.30.Final/netty-codec-http2-4.1.30.Final.jar:/home/user/.m2/repository/io/netty/netty-codec-http/4.1.30.Final/netty-codec-http-4.1.30.Final.jar:/home/user/.m2/repository/io/netty/netty-codec/4.1.30.Final/netty-codec-4.1.30.Final.jar:/home/user/.m2/repository/io/netty/netty-handler/4.1.30.Final/netty-handler-4.1.30.Final.jar:/home/user/.m2/repository/io/netty/netty-handler-proxy/4.1.30.Final/netty-handler-proxy-4.1.30.Final.jar:/home/user/.m2/repository/io/netty/netty-codec-socks/4.1.30.Final/netty-codec-socks-4.1.30.Final.jar:/home/user/.m2/repository/io/netty/netty-transport-native-epoll/4.1.30.Final/netty-transport-native-epoll-4.1.30.Final.jar:/home/user/.m2/repository/io/netty/netty-common/4.1.30.Final/netty-common-4.1.30.Final.jar:/home/user/.m2/repository/io/netty/netty-buffer/4.1.30.Final/netty-buffer-4.1.30.Final.jar:/home/user/.m2/repository/io/netty/netty-transport/4.1.30.Final/netty-transport-4.1.30.Final.jar:/home/user/.m2/repository/io/netty/netty-resolver/4.1.30.Final/netty-resolver-4.1.30.Final.jar:/home/user/.m2/repository/io/netty/netty-transport-native-unix-common/4.1.30.Final/netty-transport-native-unix-common-4.1.30.Final.jar:/home/user/.m2/repository/io/grpc/grpc-protobuf/1.17.1/grpc-protobuf-1.17.1.jar:/home/user/.m2/repository/com/google/api/grpc/proto-google-common-protos/1.0.0/proto-google-common-protos-1.0.0.jar:/home/user/.m2/repository/io/grpc/grpc-protobuf-lite/1.17.1/grpc-protobuf-lite-1.17.1.jar:/home/user/.m2/repository/io/grpc/grpc-stub/1.17.1/grpc-stub-1.17.1.jar:/home/user/.m2/repository/org/apache/hadoop/hadoop-ozone-recon/0.5.0-SNAPSHOT/hadoop-ozone-recon-0.5.0-SNAPSHOT.jar:/home/user/.m2/repository/org/apache/hadoop/hadoop-ozone-reconcodegen/0.5.0-SNAPSHOT/hadoop-ozone-reconcodegen-0.5.0-SNAPSHOT.jar:/home/user/.m2/repository/com/google/inject/extensions/guice-multibindings/4.0/guice-multibindings-4.0.jar:/home/user/.m2/repository/com/google/inject/guice/4.0/guice-4.0.jar:/home/user/.m2/repository/aopalliance/aopalliance/1.0/aopalliance-1.0.jar:/home/user/.m2/repository/com/google/inject/extensions/guice-servlet/4.0/guice-servlet-4.0.jar:/home/user/.m2/repository/org/glassfish/jersey/containers/jersey-container-servlet/2.27/jersey-container-servlet-2.27.jar:/home/user/.m2/repository/org/glassfish/hk2/guice-bridge/2.5.0/guice-bridge-2.5.0.jar:/home/user/.m2/repository/org/glassfish/jersey/core/jersey-server/2.27/jersey-server-2.27.jar:/home/user/.m2/repository/org/glassfish/jersey/core/jersey-client/2.27/jersey-client-2.27.jar:/home/user/.m2/repository/org/glassfish/jersey/media/jersey-media-jaxb/2.27/jersey-media-jaxb-2.27.jar:/home/user/.m2/repository/javax/validation/validation-api/1.1.0.Final/validation-api-1.1.0.Final.jar:/home/user/.m2/repository/org/glassfish/jersey/media/jersey-media-json-jackson/2.27/jersey-media-json-jackson-2.27.jar:/home/user/.m2/repository/org/glassfish/jersey/ext/jersey-entity-filtering/2.27/jersey-entity-filtering-2.27.jar:/home/user/.m2/repository/com/google/inject/extensions/guice-assistedinject/4.0/guice-assistedinject-4.0.jar:/home/user/.m2/repository/org/jooq/jooq/3.11.10/jooq-3.11.10.jar:/home/user/.m2/repository/org/jooq/jooq-meta/3.11.10/jooq-meta-3.11.10.jar:/home/user/.m2/repository/org/jooq/jooq-codegen/3.11.10/jooq-codegen-3.11.10.jar:/home/user/.m2/repository/com/jolbox/bonecp/0.8.0.RELEASE/bonecp-0.8.0.RELEASE.jar:/home/user/.m2/repository/org/xerial/sqlite-jdbc/3.25.2/sqlite-jdbc-3.25.2.jar:/home/user/.m2/repository/org/springframework/spring-jdbc/5.1.3.RELEASE/spring-jdbc-5.1.3.RELEASE.jar:/home/user/.m2/repository/org/springframework/spring-beans/5.1.3.RELEASE/spring-beans-5.1.3.RELEASE.jar:/home/user/.m2/repository/org/springframework/spring-core/5.1.3.RELEASE/spring-core-5.1.3.RELEASE.jar:/home/user/.m2/repository/org/springframework/spring-jcl/5.1.3.RELEASE/spring-jcl-5.1.3.RELEASE.jar:/home/user/.m2/repository/org/springframework/spring-tx/5.1.3.RELEASE/spring-tx-5.1.3.RELEASE.jar:/home/user/.m2/repository/org/apache/hadoop/hadoop-ozone-client/0.5.0-SNAPSHOT/hadoop-ozone-client-0.5.0-SNAPSHOT.jar:/home/user/.m2/repository/commons-lang/commons-lang/2.6/commons-lang-2.6.jar:/home/user/.m2/repository/org/apache/hadoop/hadoop-ozone-ozone-manager/0.5.0-SNAPSHOT/hadoop-ozone-ozone-manager-0.5.0-SNAPSHOT-tests.jar:/home/user/.m2/repository/junit/junit/4.11/junit-4.11.jar:/home/user/.m2/repository/org/hamcrest/hamcrest-core/1.3/hamcrest-core-1.3.jar:/home/user/.m2/repository/org/openjdk/jmh/jmh-core/1.19/jmh-core-1.19.jar:/home/user/.m2/repository/net/sf/jopt-simple/jopt-simple/4.6/jopt-simple-4.6.jar:/home/user/.m2/repository/org/apache/commons/commons-math3/3.1.1/commons-math3-3.1.1.jar:/home/user/.m2/repository/org/openjdk/jmh/jmh-generator-annprocess/1.19/jmh-generator-annprocess-1.19.jar:/home/user/.m2/repository/org/mockito/mockito-all/1.8.5/mockito-all-1.8.5.jar:/home/user/.m2/repository/org/apache/hadoop/hadoop-kms/3.2.0/hadoop-kms-3.2.0.jar:/home/user/.m2/repository/org/apache/hadoop/hadoop-auth/3.2.0/hadoop-auth-3.2.0.jar:/home/user/.m2/repository/com/nimbusds/nimbus-jose-jwt/4.41.1/nimbus-jose-jwt-4.41.1.jar:/home/user/.m2/repository/com/github/stephenc/jcip/jcip-annotations/1.0-1/jcip-annotations-1.0-1.jar:/home/user/.m2/repository/net/minidev/json-smart/2.3/json-smart-2.3.jar:/home/user/.m2/repository/net/minidev/accessors-smart/1.2/accessors-smart-1.2.jar:/home/user/.m2/repository/org/ow2/asm/asm/5.0.4/asm-5.0.4.jar:/home/user/.m2/repository/org/apache/curator/curator-framework/2.12.0/curator-framework-2.12.0.jar:/home/user/.m2/repository/com/sun/jersey/jersey-core/1.19/jersey-core-1.19.jar:/home/user/.m2/repository/javax/ws/rs/jsr311-api/1.1.1/jsr311-api-1.1.1.jar:/home/user/.m2/repository/com/sun/jersey/jersey-server/1.19/jersey-server-1.19.jar:/home/user/.m2/repository/javax/servlet/javax.servlet-api/3.1.0/javax.servlet-api-3.1.0.jar:/home/user/.m2/repository/org/eclipse/jetty/jetty-server/9.3.24.v20180605/jetty-server-9.3.24.v20180605.jar:/home/user/.m2/repository/org/eclipse/jetty/jetty-http/9.3.24.v20180605/jetty-http-9.3.24.v20180605.jar:/home/user/.m2/repository/org/eclipse/jetty/jetty-io/9.3.24.v20180605/jetty-io-9.3.24.v20180605.jar:/home/user/.m2/repository/org/eclipse/jetty/jetty-webapp/9.3.24.v20180605/jetty-webapp-9.3.24.v20180605.jar:/home/user/.m2/repository/org/eclipse/jetty/jetty-xml/9.3.24.v20180605/jetty-xml-9.3.24.v20180605.jar:/home/user/.m2/repository/log4j/log4j/1.2.17/log4j-1.2.17.jar:/home/user/.m2/repository/org/slf4j/slf4j-api/1.7.25/slf4j-api-1.7.25.jar:/home/user/.m2/repository/org/slf4j/jul-to-slf4j/1.7.25/jul-to-slf4j-1.7.25.jar:/home/user/.m2/repository/org/eclipse/jetty/jetty-util/9.3.24.v20180605/jetty-util-9.3.24.v20180605.jar:/home/user/.m2/repository/com/fasterxml/jackson/core/jackson-databind/2.9.5/jackson-databind-2.9.5.jar:/home/user/.m2/repository/org/apache/hadoop/hadoop-kms/3.2.0/hadoop-kms-3.2.0-tests.jar:/home/user/.m2/repository/org/apache/hadoop/hadoop-hdds-server-scm/0.5.0-SNAPSHOT/hadoop-hdds-server-scm-0.5.0-SNAPSHOT-tests.jar:/home/user/.m2/repository/org/apache/hadoop/hadoop-hdds-container-service/0.5.0-SNAPSHOT/hadoop-hdds-container-service-0.5.0-SNAPSHOT-tests.jar:/home/user/.m2/repository/org/yaml/snakeyaml/1.16/snakeyaml-1.16.jar:/home/user/.m2/repository/org/apache/hadoop/hadoop-common/3.2.0/hadoop-common-3.2.0-tests.jar:/home/user/.m2/repository/org/apache/hadoop/hadoop-annotations/3.2.0/hadoop-annotations-3.2.0.jar:/usr/lib/jvm/java-1.8-openjdk/jre/../lib/tools.jar:/home/user/.m2/repository/commons-cli/commons-cli/1.2/commons-cli-1.2.jar:/home/user/.m2/repository/org/apache/httpcomponents/httpclient/4.5.2/httpclient-4.5.2.jar:/home/user/.m2/repository/org/apache/httpcomponents/httpcore/4.4.4/httpcore-4.4.4.jar:/home/user/.m2/repository/commons-codec/commons-codec/1.11/commons-codec-1.11.jar:/home/user/.m2/repository/commons-net/commons-net/3.6/commons-net-3.6.jar:/home/user/.m2/repository/commons-collections/commons-collections/3.2.2/commons-collections-3.2.2.jar:/home/user/.m2/repository/org/eclipse/jetty/jetty-servlet/9.3.24.v20180605/jetty-servlet-9.3.24.v20180605.jar:/home/user/.m2/repository/org/eclipse/jetty/jetty-security/9.3.24.v20180605/jetty-security-9.3.24.v20180605.jar:/home/user/.m2/repository/javax/servlet/jsp/jsp-api/2.1/jsp-api-2.1.jar:/home/user/.m2/repository/com/sun/jersey/jersey-servlet/1.19/jersey-servlet-1.19.jar:/home/user/.m2/repository/com/sun/jersey/jersey-json/1.19/jersey-json-1.19.jar:/home/user/.m2/repository/org/codehaus/jettison/jettison/1.1/jettison-1.1.jar:/home/user/.m2/repository/org/codehaus/jackson/jackson-core-asl/1.9.13/jackson-core-asl-1.9.13.jar:/home/user/.m2/repository/org/codehaus/jackson/jackson-mapper-asl/1.9.13/jackson-mapper-asl-1.9.13.jar:/home/user/.m2/repository/org/codehaus/jackson/jackson-jaxrs/1.9.13/jackson-jaxrs-1.9.13.jar:/home/user/.m2/repository/org/codehaus/jackson/jackson-xc/1.9.13/jackson-xc-1.9.13.jar:/home/user/.m2/repository/commons-logging/commons-logging/1.1.3/commons-logging-1.1.3.jar:/home/user/.m2/repository/commons-beanutils/commons-beanutils/1.9.3/commons-beanutils-1.9.3.jar:/home/user/.m2/repository/org/apache/commons/commons-configuration2/2.1.1/commons-configuration2-2.1.1.jar:/home/user/.m2/repository/org/apache/commons/commons-lang3/3.7/commons-lang3-3.7.jar:/home/user/.m2/repository/org/apache/commons/commons-text/1.4/commons-text-1.4.jar:/home/user/.m2/repository/org/apache/avro/avro/1.7.7/avro-1.7.7.jar:/home/user/.m2/repository/com/thoughtworks/paranamer/paranamer/2.3/paranamer-2.3.jar:/home/user/.m2/repository/org/xerial/snappy/snappy-java/1.0.5/snappy-java-1.0.5.jar:/home/user/.m2/repository/com/google/re2j/re2j/1.1/re2j-1.1.jar:/home/user/.m2/repository/com/google/code/gson/gson/2.2.4/gson-2.2.4.jar:/home/user/.m2/repository/com/jcraft/jsch/0.1.54/jsch-0.1.54.jar:/home/user/.m2/repository/org/apache/curator/curator-client/2.12.0/curator-client-2.12.0.jar:/home/user/.m2/repository/org/apache/curator/curator-recipes/2.12.0/curator-recipes-2.12.0.jar:/home/user/.m2/repository/com/google/code/findbugs/jsr305/3.0.0/jsr305-3.0.0.jar:/home/user/.m2/repository/org/apache/htrace/htrace-core4/4.1.0-incubating/htrace-core4-4.1.0-incubating.jar:/home/user/.m2/repository/org/apache/zookeeper/zookeeper/3.4.13/zookeeper-3.4.13.jar:/home/user/.m2/repository/org/apache/yetus/audience-annotations/0.5.0/audience-annotations-0.5.0.jar:/home/user/.m2/repository/org/codehaus/woodstox/stax2-api/3.1.4/stax2-api-3.1.4.jar:/home/user/.m2/repository/com/fasterxml/woodstox/woodstox-core/5.0.3/woodstox-core-5.0.3.jar:/home/user/.m2/repository/dnsjava/dnsjava/2.1.7/dnsjava-2.1.7.jar:/home/user/.m2/repository/org/apache/hadoop/hadoop-hdfs/3.2.0/hadoop-hdfs-3.2.0-tests.jar:/home/user/.m2/repository/org/eclipse/jetty/jetty-util-ajax/9.3.24.v20180605/jetty-util-ajax-9.3.24.v20180605.jar:/home/user/.m2/repository/commons-daemon/commons-daemon/1.0.13/commons-daemon-1.0.13.jar:/home/user/.m2/repository/io/netty/netty/3.10.5.Final/netty-3.10.5.Final.jar:/home/user/.m2/repository/io/netty/netty-all/4.0.52.Final/netty-all-4.0.52.Final.jar:/home/user/.m2/repository/org/fusesource/leveldbjni/leveldbjni-all/1.8/leveldbjni-all-1.8.jar:"/>
    <property name="sun.cpu.endian" value="little"/>
    <property name="user.home" value="/home/user"/>
    <property name="user.language" value="en"/>
    <property name="java.specification.vendor" value="Oracle Corporation"/>
    <property name="java.home" value="/usr/lib/jvm/java-1.8-openjdk/jre"/>
    <property name="java.security.krb5.conf" value="/workdir/hadoop-ozone/integration-test/target/test-classes/krb5.conf"/>
    <property name="basedir" value="/workdir/hadoop-ozone/integration-test"/>
    <property name="file.separator" value="/"/>
    <property name="line.separator" value="&#10;"/>
    <property name="java.vm.specification.vendor" value="Oracle Corporation"/>
    <property name="java.specification.name" value="Java Platform API Specification"/>
    <property name="java.awt.graphicsenv" value="sun.awt.X11GraphicsEnvironment"/>
    <property name="surefire.real.class.path" value="/workdir/hadoop-ozone/integration-test/target/surefire/surefirebooter7684144311126036811.jar"/>
    <property name="hadoop.log.dir" value="/workdir/hadoop-ozone/integration-test/target/log"/>
    <property name="sun.boot.class.path" value="/usr/lib/jvm/java-1.8-openjdk/jre/lib/resources.jar:/usr/lib/jvm/java-1.8-openjdk/jre/lib/rt.jar:/usr/lib/jvm/java-1.8-openjdk/jre/lib/sunrsasign.jar:/usr/lib/jvm/java-1.8-openjdk/jre/lib/jsse.jar:/usr/lib/jvm/java-1.8-openjdk/jre/lib/jce.jar:/usr/lib/jvm/java-1.8-openjdk/jre/lib/charsets.jar:/usr/lib/jvm/java-1.8-openjdk/jre/lib/jfr.jar:/usr/lib/jvm/java-1.8-openjdk/jre/classes"/>
    <property name="sun.management.compiler" value="HotSpot 64-Bit Tiered Compilers"/>
    <property name="java.runtime.version" value="1.8.0_212-b04"/>
    <property name="java.net.preferIPv4Stack" value="true"/>
    <property name="user.name" value="jenkins1000"/>
    <property name="path.separator" value=":"/>
    <property name="java.security.egd" value="file:///dev/urandom"/>
    <property name="os.version" value="3.10.0-957.12.2.el7.x86_64"/>
    <property name="java.endorsed.dirs" value="/usr/lib/jvm/java-1.8-openjdk/jre/lib/endorsed"/>
    <property name="java.runtime.name" value="OpenJDK Runtime Environment"/>
    <property name="file.encoding" value="UTF-8"/>
    <property name="java.vm.name" value="OpenJDK 64-Bit Server VM"/>
    <property name="test.build.webapps" value=""/>
    <property name="localRepository" value="/home/user/.m2/repository"/>
    <property name="java.vendor.url.bug" value="https://icedtea.classpath.org/bugzilla"/>
    <property name="java.io.tmpdir" value="/tmp"/>
    <property name="require.test.libhadoop" value=""/>
    <property name="java.version" value="1.8.0_212"/>
    <property name="user.dir" value="/workdir/hadoop-ozone/integration-test"/>
    <property name="os.arch" value="amd64"/>
    <property name="java.vm.specification.name" value="Java Virtual Machine Specification"/>
    <property name="test.build.classes" value="/workdir/hadoop-ozone/integration-test/target/test-classes"/>
    <property name="java.awt.printerjob" value="sun.print.PSPrinterJob"/>
    <property name="sun.os.patch.level" value="unknown"/>
    <property name="hadoop.tmp.dir" value="/workdir/hadoop-ozone/integration-test/target/tmp"/>
    <property name="java.library.path" value="/usr/lib/jvm/java-1.8-openjdk/jre/lib/amd64/server:/usr/lib/jvm/java-1.8-openjdk/jre/lib/amd64:/usr/lib/jvm/java-1.8-openjdk/jre/../lib/amd64:/workdir/hadoop-ozone/integration-test/target/native/target/usr/local/lib:/workdir/hadoop-ozone/integration-test/../../hadoop-common-project/hadoop-common/target/native/target/usr/local/lib:/usr/java/packages/lib/amd64:/usr/lib64:/lib64:/lib:/usr/lib"/>
    <property name="java.vm.info" value="mixed mode"/>
    <property name="java.vendor" value="IcedTea"/>
    <property name="java.vm.version" value="25.212-b04"/>
    <property name="java.ext.dirs" value="/usr/lib/jvm/java-1.8-openjdk/jre/lib/ext:/usr/java/packages/lib/ext"/>
    <property name="sun.io.unicode.encoding" value="UnicodeLittle"/>
    <property name="java.class.version" value="52.0"/>
  </properties>
  <testcase name="testWatchForCommitWithKeyWrite" classname="org.apache.hadoop.ozone.client.rpc.TestWatchForCommit" time="62.421"/>
  <testcase name="testWatchForCommitWithSmallerTimeoutValue" classname="org.apache.hadoop.ozone.client.rpc.TestWatchForCommit" time="44.388"/>
  <testcase name="testWatchForCommitForRetryfailure" classname="org.apache.hadoop.ozone.client.rpc.TestWatchForCommit" time="73.869"/>
  <testcase name="testWatchForCommitForGroupMismatchException" classname="org.apache.hadoop.ozone.client.rpc.TestWatchForCommit" time="33.284"/>
  <testcase name="test2WayCommitForTimeoutException" classname="org.apache.hadoop.ozone.client.rpc.TestWatchForCommit" time="30.032">
    <error message="org.apache.ratis.protocol.RaftRetryFailureException: Failed RaftClientRequest:client-AFED27646755-&gt;e598a779-6268-498c-a148-03c0c7bf95a3@group-D0A16CCF95BD, cid=104, seq=2*, RW, org.apache.hadoop.hdds.scm.XceiverClientRatis$$Lambda$421/1822651119@31cdbd5c for 20 attempts with RetryLimited(maxAttempts=20, sleepTime=1000ms)" type="java.util.concurrent.ExecutionException">java.util.concurrent.ExecutionException: org.apache.ratis.protocol.RaftRetryFailureException: Failed RaftClientRequest:client-AFED27646755->e598a779-6268-498c-a148-03c0c7bf95a3@group-D0A16CCF95BD, cid=104, seq=2*, RW, org.apache.hadoop.hdds.scm.XceiverClientRatis$$Lambda$421/1822651119@31cdbd5c for 20 attempts with RetryLimited(maxAttempts=20, sleepTime=1000ms)
	at java.util.concurrent.CompletableFuture.reportGet(CompletableFuture.java:357)
	at java.util.concurrent.CompletableFuture.get(CompletableFuture.java:1895)
	at org.apache.hadoop.ozone.client.rpc.TestWatchForCommit.test2WayCommitForTimeoutException(TestWatchForCommit.java:390)
	at sun.reflect.NativeMethodAccessorImpl.invoke0(Native Method)
	at sun.reflect.NativeMethodAccessorImpl.invoke(NativeMethodAccessorImpl.java:62)
	at sun.reflect.DelegatingMethodAccessorImpl.invoke(DelegatingMethodAccessorImpl.java:43)
	at java.lang.reflect.Method.invoke(Method.java:498)
	at org.junit.runners.model.FrameworkMethod$1.runReflectiveCall(FrameworkMethod.java:47)
	at org.junit.internal.runners.model.ReflectiveCallable.run(ReflectiveCallable.java:12)
	at org.junit.runners.model.FrameworkMethod.invokeExplosively(FrameworkMethod.java:44)
	at org.junit.internal.runners.statements.InvokeMethod.evaluate(InvokeMethod.java:17)
	at org.junit.runners.ParentRunner.runLeaf(ParentRunner.java:271)
	at org.junit.runners.BlockJUnit4ClassRunner.runChild(BlockJUnit4ClassRunner.java:70)
	at org.junit.runners.BlockJUnit4ClassRunner.runChild(BlockJUnit4ClassRunner.java:50)
	at org.junit.runners.ParentRunner$3.run(ParentRunner.java:238)
	at org.junit.runners.ParentRunner$1.schedule(ParentRunner.java:63)
	at org.junit.runners.ParentRunner.runChildren(ParentRunner.java:236)
	at org.junit.runners.ParentRunner.access$000(ParentRunner.java:53)
	at org.junit.runners.ParentRunner$2.evaluate(ParentRunner.java:229)
	at org.junit.runners.ParentRunner.run(ParentRunner.java:309)
	at org.apache.maven.surefire.junit4.JUnit4Provider.execute(JUnit4Provider.java:365)
	at org.apache.maven.surefire.junit4.JUnit4Provider.executeWithRerun(JUnit4Provider.java:273)
	at org.apache.maven.surefire.junit4.JUnit4Provider.executeTestSet(JUnit4Provider.java:238)
	at org.apache.maven.surefire.junit4.JUnit4Provider.invoke(JUnit4Provider.java:159)
	at org.apache.maven.surefire.booter.ForkedBooter.invokeProviderInSameClassLoader(ForkedBooter.java:384)
	at org.apache.maven.surefire.booter.ForkedBooter.runSuitesInProcess(ForkedBooter.java:345)
	at org.apache.maven.surefire.booter.ForkedBooter.execute(ForkedBooter.java:126)
	at org.apache.maven.surefire.booter.ForkedBooter.main(ForkedBooter.java:418)
Caused by: org.apache.ratis.protocol.RaftRetryFailureException: Failed RaftClientRequest:client-AFED27646755->e598a779-6268-498c-a148-03c0c7bf95a3@group-D0A16CCF95BD, cid=104, seq=2*, RW, org.apache.hadoop.hdds.scm.XceiverClientRatis$$Lambda$421/1822651119@31cdbd5c for 20 attempts with RetryLimited(maxAttempts=20, sleepTime=1000ms)
	at org.apache.ratis.client.impl.RaftClientImpl.noMoreRetries(RaftClientImpl.java:272)
	at org.apache.ratis.client.impl.OrderedAsync.handleAsyncRetryFailure(OrderedAsync.java:138)
	at org.apache.ratis.client.impl.OrderedAsync.lambda$sendRequest$10(OrderedAsync.java:230)
	at java.util.concurrent.CompletableFuture.uniExceptionally(CompletableFuture.java:870)
	at java.util.concurrent.CompletableFuture$UniExceptionally.tryFire(CompletableFuture.java:852)
	at java.util.concurrent.CompletableFuture.postComplete(CompletableFuture.java:474)
	at java.util.concurrent.CompletableFuture.completeExceptionally(CompletableFuture.java:1977)
	at org.apache.ratis.grpc.client.GrpcClientProtocolClient$AsyncStreamObservers.completeReplyExceptionally(GrpcClientProtocolClient.java:330)
	at org.apache.ratis.grpc.client.GrpcClientProtocolClient$AsyncStreamObservers.access$000(GrpcClientProtocolClient.java:246)
	at org.apache.ratis.grpc.client.GrpcClientProtocolClient$AsyncStreamObservers$1.onNext(GrpcClientProtocolClient.java:258)
	at org.apache.ratis.grpc.client.GrpcClientProtocolClient$AsyncStreamObservers$1.onNext(GrpcClientProtocolClient.java:249)
	at org.apache.ratis.thirdparty.io.grpc.stub.ClientCalls$StreamObserverToCallListenerAdapter.onMessage(ClientCalls.java:421)
	at org.apache.ratis.thirdparty.io.grpc.ForwardingClientCallListener.onMessage(ForwardingClientCallListener.java:33)
	at org.apache.ratis.thirdparty.io.grpc.ForwardingClientCallListener.onMessage(ForwardingClientCallListener.java:33)
	at org.apache.ratis.thirdparty.io.grpc.internal.ClientCallImpl$ClientStreamListenerImpl$1MessagesAvailable.runInContext(ClientCallImpl.java:519)
	at org.apache.ratis.thirdparty.io.grpc.internal.ContextRunnable.run(ContextRunnable.java:37)
	at org.apache.ratis.thirdparty.io.grpc.internal.SerializingExecutor.run(SerializingExecutor.java:123)
	at java.util.concurrent.ThreadPoolExecutor.runWorker(ThreadPoolExecutor.java:1149)
	at java.util.concurrent.ThreadPoolExecutor$Worker.run(ThreadPoolExecutor.java:624)
	at java.lang.Thread.run(Thread.java:748)
Caused by: org.apache.ratis.protocol.NotLeaderException: Server e598a779-6268-498c-a148-03c0c7bf95a3 is not the leader (null). Request must be sent to leader.
	at org.apache.ratis.client.impl.ClientProtoUtils.toRaftClientReply(ClientProtoUtils.java:242)
	at org.apache.ratis.grpc.client.GrpcClientProtocolClient$AsyncStreamObservers$1.onNext(GrpcClientProtocolClient.java:254)
	... 10 more
</error>
    <system-out><![CDATA[2019-08-30 23:43:26,231 [main] WARN  server.ServerUtils (ServerUtils.java:getScmDbDir(145)) - ozone.scm.db.dirs is not configured. We recommend adding this setting. Falling back to ozone.metadata.dirs instead.
2019-08-30 23:43:26,258 [main] WARN  server.ServerUtils (ServerUtils.java:getScmDbDir(145)) - ozone.scm.db.dirs is not configured. We recommend adding this setting. Falling back to ozone.metadata.dirs instead.
2019-08-30 23:43:26,258 [main] WARN  server.ServerUtils (ServerUtils.java:getScmDbDir(145)) - ozone.scm.db.dirs is not configured. We recommend adding this setting. Falling back to ozone.metadata.dirs instead.
2019-08-30 23:43:26,258 [main] INFO  db.DBStoreBuilder (DBStoreBuilder.java:addTable(110)) - using custom profile for table: deletedBlocks
2019-08-30 23:43:26,259 [main] INFO  db.DBStoreBuilder (DBStoreBuilder.java:processTables(161)) - Using default column profile:DBProfile.DISK for Table:deletedBlocks
2019-08-30 23:43:26,259 [main] INFO  db.DBStoreBuilder (DBStoreBuilder.java:addTable(110)) - using custom profile for table: validCerts
2019-08-30 23:43:26,259 [main] INFO  db.DBStoreBuilder (DBStoreBuilder.java:processTables(161)) - Using default column profile:DBProfile.DISK for Table:validCerts
2019-08-30 23:43:26,259 [main] INFO  db.DBStoreBuilder (DBStoreBuilder.java:addTable(110)) - using custom profile for table: revokedCerts
2019-08-30 23:43:26,259 [main] INFO  db.DBStoreBuilder (DBStoreBuilder.java:processTables(161)) - Using default column profile:DBProfile.DISK for Table:revokedCerts
2019-08-30 23:43:26,260 [main] INFO  db.DBStoreBuilder (DBStoreBuilder.java:addTable(110)) - using custom profile for table: default
2019-08-30 23:43:26,260 [main] INFO  db.DBStoreBuilder (DBStoreBuilder.java:processTables(167)) - Using default column profile:DBProfile.DISK for Table:default
2019-08-30 23:43:26,260 [main] INFO  db.DBStoreBuilder (DBStoreBuilder.java:getDbProfile(198)) - Using default options. DBProfile.DISK
2019-08-30 23:43:26,612 [main] INFO  net.NodeSchemaLoader (NodeSchemaLoader.java:loadSchemaFromFile(125)) - Loading file from sun.misc.CompoundEnumeration@ab4aa5e
2019-08-30 23:43:26,612 [main] INFO  net.NodeSchemaLoader (NodeSchemaLoader.java:loadSchema(171)) - Loading network topology layer schema file
2019-08-30 23:43:26,620 [main] WARN  server.ServerUtils (ServerUtils.java:sanitizeUserArgs(70)) - ozone.scm.stale.node.interval value = 300000 is larger than max = 100000 based on the key value of ozone.scm.heartbeat.thread.interval, reset to the max value 100000.
2019-08-30 23:43:26,620 [main] WARN  server.ServerUtils (ServerUtils.java:sanitizeUserArgs(70)) - ozone.scm.stale.node.interval value = 300000 is larger than max = 100000 based on the key value of ozone.scm.heartbeat.thread.interval, reset to the max value 100000.
2019-08-30 23:43:26,621 [main] INFO  node.SCMNodeManager (SCMNodeManager.java:<init>(114)) - Entering startup safe mode.
2019-08-30 23:43:26,622 [main] INFO  algorithms.ContainerPlacementPolicyFactory (ContainerPlacementPolicyFactory.java:getPolicy(55)) - Create container placement policy of type org.apache.hadoop.hdds.scm.container.placement.algorithms.SCMContainerPlacementRandom
2019-08-30 23:43:26,623 [main] WARN  server.ServerUtils (ServerUtils.java:getScmDbDir(145)) - ozone.scm.db.dirs is not configured. We recommend adding this setting. Falling back to ozone.metadata.dirs instead.
2019-08-30 23:43:26,752 [main] INFO  pipeline.SCMPipelineManager (SCMPipelineManager.java:initializePipelineState(126)) - No pipeline exists in current db
2019-08-30 23:43:26,752 [main] WARN  server.ServerUtils (ServerUtils.java:getScmDbDir(145)) - ozone.scm.db.dirs is not configured. We recommend adding this setting. Falling back to ozone.metadata.dirs instead.
2019-08-30 23:43:26,881 [main] WARN  events.EventQueue (EventQueue.java:fireEvent(183)) - No event handler registered for event TypedEvent{payloadType=SafeModeStatus, name='SafeModeStatus'}
2019-08-30 23:43:26,882 [main] INFO  ipc.CallQueueManager (CallQueueManager.java:<init>(84)) - Using callQueue: class java.util.concurrent.LinkedBlockingQueue, queueCapacity: 2000, scheduler: class org.apache.hadoop.ipc.DefaultRpcScheduler, ipcBackoff: false.
2019-08-30 23:43:26,884 [Socket Reader #1 for port 46454] INFO  ipc.Server (Server.java:run(1074)) - Starting Socket Reader #1 for port 46454
2019-08-30 23:43:26,885 [main] INFO  ipc.CallQueueManager (CallQueueManager.java:<init>(84)) - Using callQueue: class java.util.concurrent.LinkedBlockingQueue, queueCapacity: 2000, scheduler: class org.apache.hadoop.ipc.DefaultRpcScheduler, ipcBackoff: false.
2019-08-30 23:43:26,886 [Socket Reader #1 for port 43911] INFO  ipc.Server (Server.java:run(1074)) - Starting Socket Reader #1 for port 43911
2019-08-30 23:43:26,888 [main] INFO  ipc.CallQueueManager (CallQueueManager.java:<init>(84)) - Using callQueue: class java.util.concurrent.LinkedBlockingQueue, queueCapacity: 2000, scheduler: class org.apache.hadoop.ipc.DefaultRpcScheduler, ipcBackoff: false.
2019-08-30 23:43:26,889 [Socket Reader #1 for port 41247] INFO  ipc.Server (Server.java:run(1074)) - Starting Socket Reader #1 for port 41247
2019-08-30 23:43:26,892 [main] INFO  hdfs.DFSUtil (DFSUtil.java:httpServerTemplateForNNAndJN(1641)) - Starting Web-server for scm at: http://0.0.0.0:0
2019-08-30 23:43:26,895 [main] INFO  server.AuthenticationFilter (AuthenticationFilter.java:constructSecretProvider(240)) - Unable to initialize FileSignerSecretProvider, falling back to use random secrets.
2019-08-30 23:43:26,896 [main] WARN  http.HttpRequestLog (HttpRequestLog.java:getRequestLog(97)) - Jetty request log can only be enabled using Log4j
2019-08-30 23:43:26,898 [main] INFO  http.HttpServer2 (HttpServer2.java:addGlobalFilter(975)) - Added global filter 'safety' (class=org.apache.hadoop.http.HttpServer2$QuotingInputFilter)
2019-08-30 23:43:26,899 [main] INFO  http.HttpServer2 (HttpServer2.java:addFilter(948)) - Added filter static_user_filter (class=org.apache.hadoop.http.lib.StaticUserWebFilter$StaticUserFilter) to context scm
2019-08-30 23:43:26,899 [main] INFO  http.HttpServer2 (HttpServer2.java:addFilter(958)) - Added filter static_user_filter (class=org.apache.hadoop.http.lib.StaticUserWebFilter$StaticUserFilter) to context logs
2019-08-30 23:43:26,899 [main] INFO  http.HttpServer2 (HttpServer2.java:addFilter(958)) - Added filter static_user_filter (class=org.apache.hadoop.http.lib.StaticUserWebFilter$StaticUserFilter) to context static
2019-08-30 23:43:26,902 [main] INFO  server.StorageContainerManager (StorageContainerManager.java:start(759)) - StorageContainerLocationProtocol RPC server is listening at /0.0.0.0:41247
2019-08-30 23:43:26,905 [main] WARN  impl.MetricsConfig (MetricsConfig.java:loadFirst(134)) - Cannot locate configuration: tried hadoop-metrics2-storagecontainermanager.properties,hadoop-metrics2.properties
2019-08-30 23:43:26,906 [main] INFO  impl.MetricsSystemImpl (MetricsSystemImpl.java:startTimer(374)) - Scheduled Metric snapshot period at 10 second(s).
2019-08-30 23:43:26,906 [main] INFO  impl.MetricsSystemImpl (MetricsSystemImpl.java:start(191)) - StorageContainerManager metrics system started
2019-08-30 23:43:27,007 [main] WARN  impl.MetricsSystemImpl (MetricsSystemImpl.java:register(276)) - Sink prometheus already exists!
2019-08-30 23:43:27,015 [main] INFO  server.SCMClientProtocolServer (SCMClientProtocolServer.java:start(151)) - RPC server for Client  is listening at /0.0.0.0:41247
2019-08-30 23:43:27,015 [IPC Server Responder] INFO  ipc.Server (Server.java:run(1314)) - IPC Server Responder: starting
2019-08-30 23:43:27,016 [IPC Server listener on 41247] INFO  ipc.Server (Server.java:run(1153)) - IPC Server listener on 41247: starting
2019-08-30 23:43:27,019 [main] INFO  server.StorageContainerManager (StorageContainerManager.java:start(769)) - ScmBlockLocationProtocol RPC server is listening at /0.0.0.0:43911
2019-08-30 23:43:27,019 [main] INFO  server.SCMBlockProtocolServer (SCMBlockProtocolServer.java:start(146)) - RPC server for Block Protocol is listening at /0.0.0.0:43911
2019-08-30 23:43:27,020 [IPC Server Responder] INFO  ipc.Server (Server.java:run(1314)) - IPC Server Responder: starting
2019-08-30 23:43:27,020 [IPC Server listener on 43911] INFO  ipc.Server (Server.java:run(1153)) - IPC Server listener on 43911: starting
2019-08-30 23:43:27,025 [main] INFO  server.StorageContainerManager (StorageContainerManager.java:start(773)) - ScmDatanodeProtocl RPC server is listening at /0.0.0.0:46454
2019-08-30 23:43:27,026 [main] INFO  server.SCMDatanodeProtocolServer (SCMDatanodeProtocolServer.java:start(191)) - RPC server for DataNodes is listening at /0.0.0.0:46454
2019-08-30 23:43:27,026 [IPC Server Responder] INFO  ipc.Server (Server.java:run(1314)) - IPC Server Responder: starting
2019-08-30 23:43:27,026 [IPC Server listener on 46454] INFO  ipc.Server (Server.java:run(1153)) - IPC Server listener on 46454: starting
2019-08-30 23:43:27,030 [main] INFO  http.HttpServer2 (HttpServer2.java:bindListener(1191)) - Jetty bound to port 35377
2019-08-30 23:43:27,030 [main] INFO  server.Server (Server.java:doStart(351)) - jetty-9.3.24.v20180605, build timestamp: 2018-06-05T17:11:56Z, git hash: 84205aa28f11a4f31f2a3b86d1bba2cc8ab69827
2019-08-30 23:43:27,032 [main] INFO  handler.ContextHandler (ContextHandler.java:doStart(781)) - Started o.e.j.s.ServletContextHandler@d653e41{/logs,file:///workdir/hadoop-ozone/integration-test/target/log,AVAILABLE}
2019-08-30 23:43:27,032 [main] INFO  handler.ContextHandler (ContextHandler.java:doStart(781)) - Started o.e.j.s.ServletContextHandler@7f5614f9{/static,file:///workdir/hadoop-ozone/integration-test/target/test-classes/webapps/static,AVAILABLE}
2019-08-30 23:43:27,037 [main] INFO  handler.ContextHandler (ContextHandler.java:doStart(781)) - Started o.e.j.w.WebAppContext@11b5f4e2{/,file:///workdir/hadoop-ozone/integration-test/target/test-classes/webapps/scm/,AVAILABLE}{/scm}
2019-08-30 23:43:27,037 [main] INFO  server.AbstractConnector (AbstractConnector.java:doStart(278)) - Started ServerConnector@6bcae9{HTTP/1.1,[http/1.1]}{0.0.0.0:35377}
2019-08-30 23:43:27,038 [main] INFO  server.Server (Server.java:doStart(419)) - Started @215203ms
2019-08-30 23:43:27,038 [main] WARN  impl.MetricsSystemImpl (MetricsSystemImpl.java:register(276)) - Sink prometheus already exists!
2019-08-30 23:43:27,039 [main] INFO  server.BaseHttpServer (BaseHttpServer.java:updateConnectorAddress(215)) - HTTP server of SCM is listening at http://0.0.0.0:35377
2019-08-30 23:43:27,040 [main] WARN  server.ServerUtils (ServerUtils.java:getDBPath(222)) - ozone.om.db.dirs is not configured. We recommend adding this setting. Falling back to ozone.metadata.dirs instead.
2019-08-30 23:43:27,040 [org.apache.hadoop.util.JvmPauseMonitor$Monitor@58feb6b0] INFO  util.JvmPauseMonitor (JvmPauseMonitor.java:run(188)) - Starting JVM pause monitor
2019-08-30 23:43:27,069 [main] WARN  server.ServerUtils (ServerUtils.java:getDBPath(222)) - ozone.om.db.dirs is not configured. We recommend adding this setting. Falling back to ozone.metadata.dirs instead.
2019-08-30 23:43:27,070 [main] WARN  server.ServerUtils (ServerUtils.java:getDBPath(222)) - ozone.om.db.dirs is not configured. We recommend adding this setting. Falling back to ozone.metadata.dirs instead.
2019-08-30 23:43:27,070 [main] INFO  om.OzoneManager (OzoneManager.java:setOMNodeDetails(649)) - OM Service ID is not set. Setting it to the default ID: omServiceIdDefault
2019-08-30 23:43:27,070 [main] INFO  om.OzoneManager (OzoneManager.java:setOMNodeDetails(655)) - OM Node ID is not set. Setting it to the OmStorage's OmID: 734f6406-dccf-46bb-8e63-983dc02d0ecb
2019-08-30 23:43:27,070 [main] INFO  om.OzoneManager (OzoneManager.java:loadOMHAConfigs(606)) - Found matching OM address with OMServiceId: null, OMNodeId: null, RPC Address: localhost:0 and Ratis port: 9872
2019-08-30 23:43:27,078 [main] WARN  server.ServerUtils (ServerUtils.java:getDBPath(222)) - ozone.om.db.dirs is not configured. We recommend adding this setting. Falling back to ozone.metadata.dirs instead.
2019-08-30 23:43:27,078 [main] INFO  db.DBStoreBuilder (DBStoreBuilder.java:addTable(110)) - using custom profile for table: userTable
2019-08-30 23:43:27,078 [main] INFO  db.DBStoreBuilder (DBStoreBuilder.java:processTables(161)) - Using default column profile:DBProfile.DISK for Table:userTable
2019-08-30 23:43:27,079 [main] INFO  db.DBStoreBuilder (DBStoreBuilder.java:addTable(110)) - using custom profile for table: volumeTable
2019-08-30 23:43:27,079 [main] INFO  db.DBStoreBuilder (DBStoreBuilder.java:processTables(161)) - Using default column profile:DBProfile.DISK for Table:volumeTable
2019-08-30 23:43:27,079 [main] INFO  db.DBStoreBuilder (DBStoreBuilder.java:addTable(110)) - using custom profile for table: bucketTable
2019-08-30 23:43:27,079 [main] INFO  db.DBStoreBuilder (DBStoreBuilder.java:processTables(161)) - Using default column profile:DBProfile.DISK for Table:bucketTable
2019-08-30 23:43:27,079 [main] INFO  db.DBStoreBuilder (DBStoreBuilder.java:addTable(110)) - using custom profile for table: keyTable
2019-08-30 23:43:27,079 [main] INFO  db.DBStoreBuilder (DBStoreBuilder.java:processTables(161)) - Using default column profile:DBProfile.DISK for Table:keyTable
2019-08-30 23:43:27,080 [main] INFO  db.DBStoreBuilder (DBStoreBuilder.java:addTable(110)) - using custom profile for table: deletedTable
2019-08-30 23:43:27,080 [main] INFO  db.DBStoreBuilder (DBStoreBuilder.java:processTables(161)) - Using default column profile:DBProfile.DISK for Table:deletedTable
2019-08-30 23:43:27,080 [main] INFO  db.DBStoreBuilder (DBStoreBuilder.java:addTable(110)) - using custom profile for table: openKeyTable
2019-08-30 23:43:27,080 [main] INFO  db.DBStoreBuilder (DBStoreBuilder.java:processTables(161)) - Using default column profile:DBProfile.DISK for Table:openKeyTable
2019-08-30 23:43:27,080 [main] INFO  db.DBStoreBuilder (DBStoreBuilder.java:addTable(110)) - using custom profile for table: s3Table
2019-08-30 23:43:27,080 [main] INFO  db.DBStoreBuilder (DBStoreBuilder.java:processTables(161)) - Using default column profile:DBProfile.DISK for Table:s3Table
2019-08-30 23:43:27,081 [main] INFO  db.DBStoreBuilder (DBStoreBuilder.java:addTable(110)) - using custom profile for table: multipartInfoTable
2019-08-30 23:43:27,081 [main] INFO  db.DBStoreBuilder (DBStoreBuilder.java:processTables(161)) - Using default column profile:DBProfile.DISK for Table:multipartInfoTable
2019-08-30 23:43:27,081 [main] INFO  db.DBStoreBuilder (DBStoreBuilder.java:addTable(110)) - using custom profile for table: dTokenTable
2019-08-30 23:43:27,081 [main] INFO  db.DBStoreBuilder (DBStoreBuilder.java:processTables(161)) - Using default column profile:DBProfile.DISK for Table:dTokenTable
2019-08-30 23:43:27,081 [main] INFO  db.DBStoreBuilder (DBStoreBuilder.java:addTable(110)) - using custom profile for table: s3SecretTable
2019-08-30 23:43:27,081 [main] INFO  db.DBStoreBuilder (DBStoreBuilder.java:processTables(161)) - Using default column profile:DBProfile.DISK for Table:s3SecretTable
2019-08-30 23:43:27,082 [main] INFO  db.DBStoreBuilder (DBStoreBuilder.java:addTable(110)) - using custom profile for table: prefixTable
2019-08-30 23:43:27,082 [main] INFO  db.DBStoreBuilder (DBStoreBuilder.java:processTables(161)) - Using default column profile:DBProfile.DISK for Table:prefixTable
2019-08-30 23:43:27,082 [main] INFO  db.DBStoreBuilder (DBStoreBuilder.java:addTable(110)) - using custom profile for table: default
2019-08-30 23:43:27,082 [main] INFO  db.DBStoreBuilder (DBStoreBuilder.java:processTables(167)) - Using default column profile:DBProfile.DISK for Table:default
2019-08-30 23:43:27,082 [main] INFO  db.DBStoreBuilder (DBStoreBuilder.java:getDbProfile(198)) - Using default options. DBProfile.DISK
2019-08-30 23:43:27,943 [main] INFO  ipc.CallQueueManager (CallQueueManager.java:<init>(84)) - Using callQueue: class java.util.concurrent.LinkedBlockingQueue, queueCapacity: 2000, scheduler: class org.apache.hadoop.ipc.DefaultRpcScheduler, ipcBackoff: false.
2019-08-30 23:43:27,944 [Socket Reader #1 for port 33860] INFO  ipc.Server (Server.java:run(1074)) - Starting Socket Reader #1 for port 33860
2019-08-30 23:43:27,964 [main] INFO  om.OzoneManager (OzoneManager.java:start(1240)) - OzoneManager RPC server is listening at localhost/127.0.0.1:33860
2019-08-30 23:43:27,964 [main] INFO  impl.MetricsSystemImpl (MetricsSystemImpl.java:init(158)) - OzoneManager metrics system started (again)
2019-08-30 23:43:27,965 [IPC Server Responder] INFO  ipc.Server (Server.java:run(1314)) - IPC Server Responder: starting
2019-08-30 23:43:27,965 [IPC Server listener on 33860] INFO  ipc.Server (Server.java:run(1153)) - IPC Server listener on 33860: starting
2019-08-30 23:43:27,972 [main] INFO  hdfs.DFSUtil (DFSUtil.java:httpServerTemplateForNNAndJN(1641)) - Starting Web-server for ozoneManager at: http://0.0.0.0:0
2019-08-30 23:43:27,974 [main] INFO  server.AuthenticationFilter (AuthenticationFilter.java:constructSecretProvider(240)) - Unable to initialize FileSignerSecretProvider, falling back to use random secrets.
2019-08-30 23:43:27,975 [main] WARN  http.HttpRequestLog (HttpRequestLog.java:getRequestLog(97)) - Jetty request log can only be enabled using Log4j
2019-08-30 23:43:27,977 [main] INFO  http.HttpServer2 (HttpServer2.java:addGlobalFilter(975)) - Added global filter 'safety' (class=org.apache.hadoop.http.HttpServer2$QuotingInputFilter)
2019-08-30 23:43:27,978 [main] INFO  http.HttpServer2 (HttpServer2.java:addFilter(948)) - Added filter static_user_filter (class=org.apache.hadoop.http.lib.StaticUserWebFilter$StaticUserFilter) to context ozoneManager
2019-08-30 23:43:27,978 [main] INFO  http.HttpServer2 (HttpServer2.java:addFilter(958)) - Added filter static_user_filter (class=org.apache.hadoop.http.lib.StaticUserWebFilter$StaticUserFilter) to context logs
2019-08-30 23:43:27,979 [main] INFO  http.HttpServer2 (HttpServer2.java:addFilter(958)) - Added filter static_user_filter (class=org.apache.hadoop.http.lib.StaticUserWebFilter$StaticUserFilter) to context static
2019-08-30 23:43:27,980 [main] INFO  http.HttpServer2 (HttpServer2.java:bindListener(1191)) - Jetty bound to port 40777
2019-08-30 23:43:27,980 [main] INFO  server.Server (Server.java:doStart(351)) - jetty-9.3.24.v20180605, build timestamp: 2018-06-05T17:11:56Z, git hash: 84205aa28f11a4f31f2a3b86d1bba2cc8ab69827
2019-08-30 23:43:27,982 [main] INFO  handler.ContextHandler (ContextHandler.java:doStart(781)) - Started o.e.j.s.ServletContextHandler@14fc9bd{/logs,file:///workdir/hadoop-ozone/integration-test/target/log,AVAILABLE}
2019-08-30 23:43:27,983 [main] INFO  handler.ContextHandler (ContextHandler.java:doStart(781)) - Started o.e.j.s.ServletContextHandler@1cd6b1bd{/static,file:///workdir/hadoop-ozone/integration-test/target/test-classes/webapps/static,AVAILABLE}
2019-08-30 23:43:27,989 [main] INFO  handler.ContextHandler (ContextHandler.java:doStart(781)) - Started o.e.j.w.WebAppContext@70b6db83{/,file:///workdir/hadoop-ozone/integration-test/target/test-classes/webapps/ozoneManager/,AVAILABLE}{/ozoneManager}
2019-08-30 23:43:27,990 [main] INFO  server.AbstractConnector (AbstractConnector.java:doStart(278)) - Started ServerConnector@5a090f62{HTTP/1.1,[http/1.1]}{0.0.0.0:40777}
2019-08-30 23:43:27,991 [main] INFO  server.Server (Server.java:doStart(419)) - Started @216155ms
2019-08-30 23:43:27,991 [main] WARN  impl.MetricsSystemImpl (MetricsSystemImpl.java:register(276)) - Sink prometheus already exists!
2019-08-30 23:43:27,992 [main] INFO  server.BaseHttpServer (BaseHttpServer.java:updateConnectorAddress(215)) - HTTP server of OZONEMANAGER is listening at http://0.0.0.0:40777
2019-08-30 23:43:28,011 [main] INFO  impl.MetricsSystemImpl (MetricsSystemImpl.java:init(158)) - HddsDatanode metrics system started (again)
2019-08-30 23:43:28,014 [main] INFO  ozone.HddsDatanodeService (HddsDatanodeService.java:start(184)) - HddsDatanodeService host:pr-hdds-2065-gthbc-3516972114 ip:192.168.69.97
2019-08-30 23:43:28,021 [main] INFO  volume.HddsVolume (HddsVolume.java:<init>(176)) - Creating Volume: /workdir/hadoop-ozone/integration-test/target/test-dir/MiniOzoneClusterImpl-62ef20f9-c776-4926-95e7-c8159edef3f9/datanode-0/data/containers/hdds of  storage type : DISK and capacity : 1482555576320
2019-08-30 23:43:28,021 [main] INFO  volume.VolumeSet (VolumeSet.java:initializeVolumeSet(170)) - Added Volume : /workdir/hadoop-ozone/integration-test/target/test-dir/MiniOzoneClusterImpl-62ef20f9-c776-4926-95e7-c8159edef3f9/datanode-0/data/containers/hdds to VolumeSet
2019-08-30 23:43:28,022 [main] INFO  volume.ThrottledAsyncChecker (ThrottledAsyncChecker.java:schedule(140)) - Scheduling a check for org.apache.hadoop.ozone.container.common.volume.HddsVolume@36f6e521
2019-08-30 23:43:28,022 [main] INFO  volume.HddsVolumeChecker (HddsVolumeChecker.java:checkAllVolumes(203)) - Scheduled health check for volume org.apache.hadoop.ozone.container.common.volume.HddsVolume@36f6e521
2019-08-30 23:43:28,039 [main] INFO  impl.RaftServerProxy (ConfUtils.java:logGet(43)) - raft.rpc.type = GRPC (default)
2019-08-30 23:43:28,039 [main] INFO  grpc.GrpcFactory (GrpcFactory.java:checkPooledByteBufAllocatorUseCacheForAllThreads(45)) - PERFORMANCE WARNING: useCacheForAllThreads is true that may cause Netty to create a lot garbage objects and, as a result, trigger GC.
	It is recommended to disable useCacheForAllThreads by setting -Dorg.apache.ratis.thirdparty.io.netty.allocator.useCacheForAllThreads=false in command line.
2019-08-30 23:43:28,040 [main] INFO  grpc.GrpcConfigKeys$Server (ConfUtils.java:logGet(43)) - raft.grpc.server.port = 0 (default)
2019-08-30 23:43:28,040 [main] INFO  server.GrpcService (ConfUtils.java:logGet(43)) - raft.grpc.message.size.max = 33570816 (custom)
2019-08-30 23:43:28,040 [main] INFO  server.RaftServerConfigKeys (ConfUtils.java:logGet(43)) - raft.server.log.appender.buffer.byte-limit = 33554432 (custom)
2019-08-30 23:43:28,040 [main] INFO  server.GrpcService (ConfUtils.java:logGet(43)) - raft.grpc.flow.control.window = 1MB (=1048576) (default)
2019-08-30 23:43:28,041 [main] INFO  server.RaftServerConfigKeys (ConfUtils.java:logGet(43)) - raft.server.rpc.request.timeout = 3000ms (default)
2019-08-30 23:43:28,041 [main] INFO  server.RaftServerConfigKeys (ConfUtils.java:logGet(43)) - raft.server.storage.dir = [/workdir/hadoop-ozone/integration-test/target/test-dir/MiniOzoneClusterImpl-62ef20f9-c776-4926-95e7-c8159edef3f9/datanode-0/data/ratis] (custom)
2019-08-30 23:43:28,043 [main] INFO  hdfs.DFSUtil (DFSUtil.java:httpServerTemplateForNNAndJN(1641)) - Starting Web-server for hddsDatanode at: http://0.0.0.0:0
2019-08-30 23:43:28,044 [main] INFO  server.AuthenticationFilter (AuthenticationFilter.java:constructSecretProvider(240)) - Unable to initialize FileSignerSecretProvider, falling back to use random secrets.
2019-08-30 23:43:28,045 [main] WARN  http.HttpRequestLog (HttpRequestLog.java:getRequestLog(97)) - Jetty request log can only be enabled using Log4j
2019-08-30 23:43:28,047 [main] INFO  http.HttpServer2 (HttpServer2.java:addGlobalFilter(975)) - Added global filter 'safety' (class=org.apache.hadoop.http.HttpServer2$QuotingInputFilter)
2019-08-30 23:43:28,047 [main] INFO  http.HttpServer2 (HttpServer2.java:addFilter(948)) - Added filter static_user_filter (class=org.apache.hadoop.http.lib.StaticUserWebFilter$StaticUserFilter) to context hddsDatanode
2019-08-30 23:43:28,048 [main] INFO  http.HttpServer2 (HttpServer2.java:addFilter(958)) - Added filter static_user_filter (class=org.apache.hadoop.http.lib.StaticUserWebFilter$StaticUserFilter) to context logs
2019-08-30 23:43:28,048 [main] INFO  http.HttpServer2 (HttpServer2.java:addFilter(958)) - Added filter static_user_filter (class=org.apache.hadoop.http.lib.StaticUserWebFilter$StaticUserFilter) to context static
2019-08-30 23:43:28,048 [main] INFO  http.HttpServer2 (HttpServer2.java:bindListener(1191)) - Jetty bound to port 46086
2019-08-30 23:43:28,049 [main] INFO  server.Server (Server.java:doStart(351)) - jetty-9.3.24.v20180605, build timestamp: 2018-06-05T17:11:56Z, git hash: 84205aa28f11a4f31f2a3b86d1bba2cc8ab69827
2019-08-30 23:43:28,051 [main] INFO  handler.ContextHandler (ContextHandler.java:doStart(781)) - Started o.e.j.s.ServletContextHandler@28a6e171{/logs,file:///workdir/hadoop-ozone/integration-test/target/log,AVAILABLE}
2019-08-30 23:43:28,051 [main] INFO  handler.ContextHandler (ContextHandler.java:doStart(781)) - Started o.e.j.s.ServletContextHandler@31a136a6{/static,jar:file:/home/user/.m2/repository/org/apache/hadoop/hadoop-hdds-container-service/0.5.0-SNAPSHOT/hadoop-hdds-container-service-0.5.0-SNAPSHOT.jar!/webapps/static,AVAILABLE}
2019-08-30 23:43:28,085 [main] INFO  handler.ContextHandler (ContextHandler.java:doStart(781)) - Started o.e.j.w.WebAppContext@5db948c9{/,file:///tmp/jetty-0.0.0.0-46086-hddsDatanode-_-any-8485186711557184317.dir/webapp/,AVAILABLE}{/hddsDatanode}
2019-08-30 23:43:28,086 [main] INFO  server.AbstractConnector (AbstractConnector.java:doStart(278)) - Started ServerConnector@296edc75{HTTP/1.1,[http/1.1]}{0.0.0.0:46086}
2019-08-30 23:43:28,087 [main] INFO  server.Server (Server.java:doStart(419)) - Started @216251ms
2019-08-30 23:43:28,087 [main] WARN  impl.MetricsSystemImpl (MetricsSystemImpl.java:register(276)) - Sink prometheus already exists!
2019-08-30 23:43:28,088 [main] INFO  server.BaseHttpServer (BaseHttpServer.java:updateConnectorAddress(215)) - HTTP server of HDDSDATANODE is listening at http://0.0.0.0:46086
2019-08-30 23:43:28,088 [main] INFO  impl.MetricsSystemImpl (MetricsSystemImpl.java:init(158)) - HddsDatanode metrics system started (again)
2019-08-30 23:43:28,091 [org.apache.hadoop.util.JvmPauseMonitor$Monitor@7b16aa34] INFO  util.JvmPauseMonitor (JvmPauseMonitor.java:run(188)) - Starting JVM pause monitor
2019-08-30 23:43:28,091 [main] INFO  ozone.HddsDatanodeService (HddsDatanodeService.java:start(184)) - HddsDatanodeService host:pr-hdds-2065-gthbc-3516972114 ip:192.168.69.97
2019-08-30 23:43:28,093 [Datanode State Machine Thread - 0] INFO  datanode.InitDatanodeState (InitDatanodeState.java:persistContainerDatanodeDetails(140)) - DatanodeDetails is persisted to /workdir/hadoop-ozone/integration-test/target/test-dir/MiniOzoneClusterImpl-62ef20f9-c776-4926-95e7-c8159edef3f9/datanode-0/meta/datanode.id
2019-08-30 23:43:28,098 [main] INFO  volume.HddsVolume (HddsVolume.java:<init>(176)) - Creating Volume: /workdir/hadoop-ozone/integration-test/target/test-dir/MiniOzoneClusterImpl-62ef20f9-c776-4926-95e7-c8159edef3f9/datanode-1/data/containers/hdds of  storage type : DISK and capacity : 1482555576320
2019-08-30 23:43:28,098 [main] INFO  volume.VolumeSet (VolumeSet.java:initializeVolumeSet(170)) - Added Volume : /workdir/hadoop-ozone/integration-test/target/test-dir/MiniOzoneClusterImpl-62ef20f9-c776-4926-95e7-c8159edef3f9/datanode-1/data/containers/hdds to VolumeSet
2019-08-30 23:43:28,098 [main] INFO  volume.ThrottledAsyncChecker (ThrottledAsyncChecker.java:schedule(140)) - Scheduling a check for org.apache.hadoop.ozone.container.common.volume.HddsVolume@6a2d867d
2019-08-30 23:43:28,099 [main] INFO  volume.HddsVolumeChecker (HddsVolumeChecker.java:checkAllVolumes(203)) - Scheduled health check for volume org.apache.hadoop.ozone.container.common.volume.HddsVolume@6a2d867d
2019-08-30 23:43:28,113 [main] INFO  impl.RaftServerProxy (ConfUtils.java:logGet(43)) - raft.rpc.type = GRPC (default)
2019-08-30 23:43:28,113 [main] INFO  grpc.GrpcFactory (GrpcFactory.java:checkPooledByteBufAllocatorUseCacheForAllThreads(45)) - PERFORMANCE WARNING: useCacheForAllThreads is true that may cause Netty to create a lot garbage objects and, as a result, trigger GC.
	It is recommended to disable useCacheForAllThreads by setting -Dorg.apache.ratis.thirdparty.io.netty.allocator.useCacheForAllThreads=false in command line.
2019-08-30 23:43:28,113 [main] INFO  grpc.GrpcConfigKeys$Server (ConfUtils.java:logGet(43)) - raft.grpc.server.port = 0 (default)
2019-08-30 23:43:28,114 [main] INFO  server.GrpcService (ConfUtils.java:logGet(43)) - raft.grpc.message.size.max = 33570816 (custom)
2019-08-30 23:43:28,114 [main] INFO  server.RaftServerConfigKeys (ConfUtils.java:logGet(43)) - raft.server.log.appender.buffer.byte-limit = 33554432 (custom)
2019-08-30 23:43:28,114 [main] INFO  server.GrpcService (ConfUtils.java:logGet(43)) - raft.grpc.flow.control.window = 1MB (=1048576) (default)
2019-08-30 23:43:28,114 [main] INFO  server.RaftServerConfigKeys (ConfUtils.java:logGet(43)) - raft.server.rpc.request.timeout = 3000ms (default)
2019-08-30 23:43:28,115 [main] INFO  server.RaftServerConfigKeys (ConfUtils.java:logGet(43)) - raft.server.storage.dir = [/workdir/hadoop-ozone/integration-test/target/test-dir/MiniOzoneClusterImpl-62ef20f9-c776-4926-95e7-c8159edef3f9/datanode-1/data/ratis] (custom)
2019-08-30 23:43:28,116 [main] INFO  hdfs.DFSUtil (DFSUtil.java:httpServerTemplateForNNAndJN(1641)) - Starting Web-server for hddsDatanode at: http://0.0.0.0:0
2019-08-30 23:43:28,117 [main] INFO  server.AuthenticationFilter (AuthenticationFilter.java:constructSecretProvider(240)) - Unable to initialize FileSignerSecretProvider, falling back to use random secrets.
2019-08-30 23:43:28,118 [main] WARN  http.HttpRequestLog (HttpRequestLog.java:getRequestLog(97)) - Jetty request log can only be enabled using Log4j
2019-08-30 23:43:28,120 [main] INFO  http.HttpServer2 (HttpServer2.java:addGlobalFilter(975)) - Added global filter 'safety' (class=org.apache.hadoop.http.HttpServer2$QuotingInputFilter)
2019-08-30 23:43:28,121 [main] INFO  http.HttpServer2 (HttpServer2.java:addFilter(948)) - Added filter static_user_filter (class=org.apache.hadoop.http.lib.StaticUserWebFilter$StaticUserFilter) to context hddsDatanode
2019-08-30 23:43:28,121 [main] INFO  http.HttpServer2 (HttpServer2.java:addFilter(958)) - Added filter static_user_filter (class=org.apache.hadoop.http.lib.StaticUserWebFilter$StaticUserFilter) to context static
2019-08-30 23:43:28,121 [main] INFO  http.HttpServer2 (HttpServer2.java:addFilter(958)) - Added filter static_user_filter (class=org.apache.hadoop.http.lib.StaticUserWebFilter$StaticUserFilter) to context logs
2019-08-30 23:43:28,122 [main] INFO  http.HttpServer2 (HttpServer2.java:bindListener(1191)) - Jetty bound to port 44582
2019-08-30 23:43:28,122 [main] INFO  server.Server (Server.java:doStart(351)) - jetty-9.3.24.v20180605, build timestamp: 2018-06-05T17:11:56Z, git hash: 84205aa28f11a4f31f2a3b86d1bba2cc8ab69827
2019-08-30 23:43:28,125 [main] INFO  handler.ContextHandler (ContextHandler.java:doStart(781)) - Started o.e.j.s.ServletContextHandler@491f8831{/logs,file:///workdir/hadoop-ozone/integration-test/target/log,AVAILABLE}
2019-08-30 23:43:28,126 [main] INFO  handler.ContextHandler (ContextHandler.java:doStart(781)) - Started o.e.j.s.ServletContextHandler@5b733ef7{/static,jar:file:/home/user/.m2/repository/org/apache/hadoop/hadoop-hdds-container-service/0.5.0-SNAPSHOT/hadoop-hdds-container-service-0.5.0-SNAPSHOT.jar!/webapps/static,AVAILABLE}
2019-08-30 23:43:28,169 [main] INFO  handler.ContextHandler (ContextHandler.java:doStart(781)) - Started o.e.j.w.WebAppContext@6f85ee02{/,file:///tmp/jetty-0.0.0.0-44582-hddsDatanode-_-any-5467248967858738409.dir/webapp/,AVAILABLE}{/hddsDatanode}
2019-08-30 23:43:28,170 [main] INFO  server.AbstractConnector (AbstractConnector.java:doStart(278)) - Started ServerConnector@679d0be8{HTTP/1.1,[http/1.1]}{0.0.0.0:44582}
2019-08-30 23:43:28,171 [main] INFO  server.Server (Server.java:doStart(419)) - Started @216336ms
2019-08-30 23:43:28,171 [main] WARN  impl.MetricsSystemImpl (MetricsSystemImpl.java:register(276)) - Sink prometheus already exists!
2019-08-30 23:43:28,172 [main] INFO  server.BaseHttpServer (BaseHttpServer.java:updateConnectorAddress(215)) - HTTP server of HDDSDATANODE is listening at http://0.0.0.0:44582
2019-08-30 23:43:28,172 [main] INFO  impl.MetricsSystemImpl (MetricsSystemImpl.java:init(158)) - HddsDatanode metrics system started (again)
2019-08-30 23:43:28,176 [main] INFO  ozone.HddsDatanodeService (HddsDatanodeService.java:start(184)) - HddsDatanodeService host:pr-hdds-2065-gthbc-3516972114 ip:192.168.69.97
2019-08-30 23:43:28,176 [org.apache.hadoop.util.JvmPauseMonitor$Monitor@2617ecb2] INFO  util.JvmPauseMonitor (JvmPauseMonitor.java:run(188)) - Starting JVM pause monitor
2019-08-30 23:43:28,177 [Datanode State Machine Thread - 0] INFO  datanode.InitDatanodeState (InitDatanodeState.java:persistContainerDatanodeDetails(140)) - DatanodeDetails is persisted to /workdir/hadoop-ozone/integration-test/target/test-dir/MiniOzoneClusterImpl-62ef20f9-c776-4926-95e7-c8159edef3f9/datanode-1/meta/datanode.id
2019-08-30 23:43:28,183 [main] INFO  volume.HddsVolume (HddsVolume.java:<init>(176)) - Creating Volume: /workdir/hadoop-ozone/integration-test/target/test-dir/MiniOzoneClusterImpl-62ef20f9-c776-4926-95e7-c8159edef3f9/datanode-2/data/containers/hdds of  storage type : DISK and capacity : 1482555576320
2019-08-30 23:43:28,183 [main] INFO  volume.VolumeSet (VolumeSet.java:initializeVolumeSet(170)) - Added Volume : /workdir/hadoop-ozone/integration-test/target/test-dir/MiniOzoneClusterImpl-62ef20f9-c776-4926-95e7-c8159edef3f9/datanode-2/data/containers/hdds to VolumeSet
2019-08-30 23:43:28,184 [main] INFO  volume.ThrottledAsyncChecker (ThrottledAsyncChecker.java:schedule(140)) - Scheduling a check for org.apache.hadoop.ozone.container.common.volume.HddsVolume@56a4abd0
2019-08-30 23:43:28,184 [main] INFO  volume.HddsVolumeChecker (HddsVolumeChecker.java:checkAllVolumes(203)) - Scheduled health check for volume org.apache.hadoop.ozone.container.common.volume.HddsVolume@56a4abd0
2019-08-30 23:43:28,200 [main] INFO  impl.RaftServerProxy (ConfUtils.java:logGet(43)) - raft.rpc.type = GRPC (default)
2019-08-30 23:43:28,201 [main] INFO  grpc.GrpcFactory (GrpcFactory.java:checkPooledByteBufAllocatorUseCacheForAllThreads(45)) - PERFORMANCE WARNING: useCacheForAllThreads is true that may cause Netty to create a lot garbage objects and, as a result, trigger GC.
	It is recommended to disable useCacheForAllThreads by setting -Dorg.apache.ratis.thirdparty.io.netty.allocator.useCacheForAllThreads=false in command line.
2019-08-30 23:43:28,201 [main] INFO  grpc.GrpcConfigKeys$Server (ConfUtils.java:logGet(43)) - raft.grpc.server.port = 0 (default)
2019-08-30 23:43:28,201 [main] INFO  server.GrpcService (ConfUtils.java:logGet(43)) - raft.grpc.message.size.max = 33570816 (custom)
2019-08-30 23:43:28,201 [main] INFO  server.RaftServerConfigKeys (ConfUtils.java:logGet(43)) - raft.server.log.appender.buffer.byte-limit = 33554432 (custom)
2019-08-30 23:43:28,201 [main] INFO  server.GrpcService (ConfUtils.java:logGet(43)) - raft.grpc.flow.control.window = 1MB (=1048576) (default)
2019-08-30 23:43:28,202 [main] INFO  server.RaftServerConfigKeys (ConfUtils.java:logGet(43)) - raft.server.rpc.request.timeout = 3000ms (default)
2019-08-30 23:43:28,202 [main] INFO  server.RaftServerConfigKeys (ConfUtils.java:logGet(43)) - raft.server.storage.dir = [/workdir/hadoop-ozone/integration-test/target/test-dir/MiniOzoneClusterImpl-62ef20f9-c776-4926-95e7-c8159edef3f9/datanode-2/data/ratis] (custom)
2019-08-30 23:43:28,204 [main] INFO  hdfs.DFSUtil (DFSUtil.java:httpServerTemplateForNNAndJN(1641)) - Starting Web-server for hddsDatanode at: http://0.0.0.0:0
2019-08-30 23:43:28,205 [main] INFO  server.AuthenticationFilter (AuthenticationFilter.java:constructSecretProvider(240)) - Unable to initialize FileSignerSecretProvider, falling back to use random secrets.
2019-08-30 23:43:28,205 [main] WARN  http.HttpRequestLog (HttpRequestLog.java:getRequestLog(97)) - Jetty request log can only be enabled using Log4j
2019-08-30 23:43:28,207 [main] INFO  http.HttpServer2 (HttpServer2.java:addGlobalFilter(975)) - Added global filter 'safety' (class=org.apache.hadoop.http.HttpServer2$QuotingInputFilter)
2019-08-30 23:43:28,207 [main] INFO  http.HttpServer2 (HttpServer2.java:addFilter(948)) - Added filter static_user_filter (class=org.apache.hadoop.http.lib.StaticUserWebFilter$StaticUserFilter) to context hddsDatanode
2019-08-30 23:43:28,207 [main] INFO  http.HttpServer2 (HttpServer2.java:addFilter(958)) - Added filter static_user_filter (class=org.apache.hadoop.http.lib.StaticUserWebFilter$StaticUserFilter) to context logs
2019-08-30 23:43:28,208 [main] INFO  http.HttpServer2 (HttpServer2.java:addFilter(958)) - Added filter static_user_filter (class=org.apache.hadoop.http.lib.StaticUserWebFilter$StaticUserFilter) to context static
2019-08-30 23:43:28,208 [main] INFO  http.HttpServer2 (HttpServer2.java:bindListener(1191)) - Jetty bound to port 42723
2019-08-30 23:43:28,209 [main] INFO  server.Server (Server.java:doStart(351)) - jetty-9.3.24.v20180605, build timestamp: 2018-06-05T17:11:56Z, git hash: 84205aa28f11a4f31f2a3b86d1bba2cc8ab69827
2019-08-30 23:43:28,211 [main] INFO  handler.ContextHandler (ContextHandler.java:doStart(781)) - Started o.e.j.s.ServletContextHandler@501957bf{/logs,file:///workdir/hadoop-ozone/integration-test/target/log,AVAILABLE}
2019-08-30 23:43:28,211 [main] INFO  handler.ContextHandler (ContextHandler.java:doStart(781)) - Started o.e.j.s.ServletContextHandler@b30a50d{/static,jar:file:/home/user/.m2/repository/org/apache/hadoop/hadoop-hdds-container-service/0.5.0-SNAPSHOT/hadoop-hdds-container-service-0.5.0-SNAPSHOT.jar!/webapps/static,AVAILABLE}
2019-08-30 23:43:28,242 [main] INFO  handler.ContextHandler (ContextHandler.java:doStart(781)) - Started o.e.j.w.WebAppContext@7f0f84d4{/,file:///tmp/jetty-0.0.0.0-42723-hddsDatanode-_-any-587346546307078877.dir/webapp/,AVAILABLE}{/hddsDatanode}
2019-08-30 23:43:28,242 [main] INFO  server.AbstractConnector (AbstractConnector.java:doStart(278)) - Started ServerConnector@6df4af5{HTTP/1.1,[http/1.1]}{0.0.0.0:42723}
2019-08-30 23:43:28,243 [main] INFO  server.Server (Server.java:doStart(419)) - Started @216408ms
2019-08-30 23:43:28,244 [main] WARN  impl.MetricsSystemImpl (MetricsSystemImpl.java:register(276)) - Sink prometheus already exists!
2019-08-30 23:43:28,244 [main] INFO  server.BaseHttpServer (BaseHttpServer.java:updateConnectorAddress(215)) - HTTP server of HDDSDATANODE is listening at http://0.0.0.0:42723
2019-08-30 23:43:28,245 [main] INFO  impl.MetricsSystemImpl (MetricsSystemImpl.java:init(158)) - HddsDatanode metrics system started (again)
2019-08-30 23:43:28,248 [org.apache.hadoop.util.JvmPauseMonitor$Monitor@dc092f2] INFO  util.JvmPauseMonitor (JvmPauseMonitor.java:run(188)) - Starting JVM pause monitor
2019-08-30 23:43:28,248 [main] INFO  ozone.HddsDatanodeService (HddsDatanodeService.java:start(184)) - HddsDatanodeService host:pr-hdds-2065-gthbc-3516972114 ip:192.168.69.97
2019-08-30 23:43:28,250 [Datanode State Machine Thread - 0] INFO  datanode.InitDatanodeState (InitDatanodeState.java:persistContainerDatanodeDetails(140)) - DatanodeDetails is persisted to /workdir/hadoop-ozone/integration-test/target/test-dir/MiniOzoneClusterImpl-62ef20f9-c776-4926-95e7-c8159edef3f9/datanode-2/meta/datanode.id
2019-08-30 23:43:28,255 [main] INFO  volume.HddsVolume (HddsVolume.java:<init>(176)) - Creating Volume: /workdir/hadoop-ozone/integration-test/target/test-dir/MiniOzoneClusterImpl-62ef20f9-c776-4926-95e7-c8159edef3f9/datanode-3/data/containers/hdds of  storage type : DISK and capacity : 1482555576320
2019-08-30 23:43:28,255 [main] INFO  volume.VolumeSet (VolumeSet.java:initializeVolumeSet(170)) - Added Volume : /workdir/hadoop-ozone/integration-test/target/test-dir/MiniOzoneClusterImpl-62ef20f9-c776-4926-95e7-c8159edef3f9/datanode-3/data/containers/hdds to VolumeSet
2019-08-30 23:43:28,255 [main] INFO  volume.ThrottledAsyncChecker (ThrottledAsyncChecker.java:schedule(140)) - Scheduling a check for org.apache.hadoop.ozone.container.common.volume.HddsVolume@34045582
2019-08-30 23:43:28,256 [main] INFO  volume.HddsVolumeChecker (HddsVolumeChecker.java:checkAllVolumes(203)) - Scheduled health check for volume org.apache.hadoop.ozone.container.common.volume.HddsVolume@34045582
2019-08-30 23:43:28,268 [main] INFO  impl.RaftServerProxy (ConfUtils.java:logGet(43)) - raft.rpc.type = GRPC (default)
2019-08-30 23:43:28,268 [main] INFO  grpc.GrpcFactory (GrpcFactory.java:checkPooledByteBufAllocatorUseCacheForAllThreads(45)) - PERFORMANCE WARNING: useCacheForAllThreads is true that may cause Netty to create a lot garbage objects and, as a result, trigger GC.
	It is recommended to disable useCacheForAllThreads by setting -Dorg.apache.ratis.thirdparty.io.netty.allocator.useCacheForAllThreads=false in command line.
2019-08-30 23:43:28,268 [main] INFO  grpc.GrpcConfigKeys$Server (ConfUtils.java:logGet(43)) - raft.grpc.server.port = 0 (default)
2019-08-30 23:43:28,269 [main] INFO  server.GrpcService (ConfUtils.java:logGet(43)) - raft.grpc.message.size.max = 33570816 (custom)
2019-08-30 23:43:28,269 [main] INFO  server.RaftServerConfigKeys (ConfUtils.java:logGet(43)) - raft.server.log.appender.buffer.byte-limit = 33554432 (custom)
2019-08-30 23:43:28,269 [main] INFO  server.GrpcService (ConfUtils.java:logGet(43)) - raft.grpc.flow.control.window = 1MB (=1048576) (default)
2019-08-30 23:43:28,269 [main] INFO  server.RaftServerConfigKeys (ConfUtils.java:logGet(43)) - raft.server.rpc.request.timeout = 3000ms (default)
2019-08-30 23:43:28,270 [main] INFO  server.RaftServerConfigKeys (ConfUtils.java:logGet(43)) - raft.server.storage.dir = [/workdir/hadoop-ozone/integration-test/target/test-dir/MiniOzoneClusterImpl-62ef20f9-c776-4926-95e7-c8159edef3f9/datanode-3/data/ratis] (custom)
2019-08-30 23:43:28,271 [main] INFO  hdfs.DFSUtil (DFSUtil.java:httpServerTemplateForNNAndJN(1641)) - Starting Web-server for hddsDatanode at: http://0.0.0.0:0
2019-08-30 23:43:28,272 [main] INFO  server.AuthenticationFilter (AuthenticationFilter.java:constructSecretProvider(240)) - Unable to initialize FileSignerSecretProvider, falling back to use random secrets.
2019-08-30 23:43:28,272 [main] WARN  http.HttpRequestLog (HttpRequestLog.java:getRequestLog(97)) - Jetty request log can only be enabled using Log4j
2019-08-30 23:43:28,273 [main] INFO  http.HttpServer2 (HttpServer2.java:addGlobalFilter(975)) - Added global filter 'safety' (class=org.apache.hadoop.http.HttpServer2$QuotingInputFilter)
2019-08-30 23:43:28,274 [main] INFO  http.HttpServer2 (HttpServer2.java:addFilter(948)) - Added filter static_user_filter (class=org.apache.hadoop.http.lib.StaticUserWebFilter$StaticUserFilter) to context hddsDatanode
2019-08-30 23:43:28,274 [main] INFO  http.HttpServer2 (HttpServer2.java:addFilter(958)) - Added filter static_user_filter (class=org.apache.hadoop.http.lib.StaticUserWebFilter$StaticUserFilter) to context static
2019-08-30 23:43:28,274 [main] INFO  http.HttpServer2 (HttpServer2.java:addFilter(958)) - Added filter static_user_filter (class=org.apache.hadoop.http.lib.StaticUserWebFilter$StaticUserFilter) to context logs
2019-08-30 23:43:28,275 [main] INFO  http.HttpServer2 (HttpServer2.java:bindListener(1191)) - Jetty bound to port 33274
2019-08-30 23:43:28,275 [main] INFO  server.Server (Server.java:doStart(351)) - jetty-9.3.24.v20180605, build timestamp: 2018-06-05T17:11:56Z, git hash: 84205aa28f11a4f31f2a3b86d1bba2cc8ab69827
2019-08-30 23:43:28,277 [main] INFO  handler.ContextHandler (ContextHandler.java:doStart(781)) - Started o.e.j.s.ServletContextHandler@5b1e88f{/logs,file:///workdir/hadoop-ozone/integration-test/target/log,AVAILABLE}
2019-08-30 23:43:28,277 [main] INFO  handler.ContextHandler (ContextHandler.java:doStart(781)) - Started o.e.j.s.ServletContextHandler@6a1568d6{/static,jar:file:/home/user/.m2/repository/org/apache/hadoop/hadoop-hdds-container-service/0.5.0-SNAPSHOT/hadoop-hdds-container-service-0.5.0-SNAPSHOT.jar!/webapps/static,AVAILABLE}
2019-08-30 23:43:28,304 [main] INFO  handler.ContextHandler (ContextHandler.java:doStart(781)) - Started o.e.j.w.WebAppContext@16bd7ae1{/,file:///tmp/jetty-0.0.0.0-33274-hddsDatanode-_-any-3465433632475954845.dir/webapp/,AVAILABLE}{/hddsDatanode}
2019-08-30 23:43:28,304 [main] INFO  server.AbstractConnector (AbstractConnector.java:doStart(278)) - Started ServerConnector@15d114ce{HTTP/1.1,[http/1.1]}{0.0.0.0:33274}
2019-08-30 23:43:28,305 [main] INFO  server.Server (Server.java:doStart(419)) - Started @216470ms
2019-08-30 23:43:28,305 [main] WARN  impl.MetricsSystemImpl (MetricsSystemImpl.java:register(276)) - Sink prometheus already exists!
2019-08-30 23:43:28,306 [main] INFO  server.BaseHttpServer (BaseHttpServer.java:updateConnectorAddress(215)) - HTTP server of HDDSDATANODE is listening at http://0.0.0.0:33274
2019-08-30 23:43:28,307 [main] INFO  impl.MetricsSystemImpl (MetricsSystemImpl.java:init(158)) - HddsDatanode metrics system started (again)
2019-08-30 23:43:28,309 [main] INFO  ozone.HddsDatanodeService (HddsDatanodeService.java:start(184)) - HddsDatanodeService host:pr-hdds-2065-gthbc-3516972114 ip:192.168.69.97
2019-08-30 23:43:28,310 [org.apache.hadoop.util.JvmPauseMonitor$Monitor@7ac05986] INFO  util.JvmPauseMonitor (JvmPauseMonitor.java:run(188)) - Starting JVM pause monitor
2019-08-30 23:43:28,311 [Datanode State Machine Thread - 0] INFO  datanode.InitDatanodeState (InitDatanodeState.java:persistContainerDatanodeDetails(140)) - DatanodeDetails is persisted to /workdir/hadoop-ozone/integration-test/target/test-dir/MiniOzoneClusterImpl-62ef20f9-c776-4926-95e7-c8159edef3f9/datanode-3/meta/datanode.id
2019-08-30 23:43:28,316 [main] INFO  volume.HddsVolume (HddsVolume.java:<init>(176)) - Creating Volume: /workdir/hadoop-ozone/integration-test/target/test-dir/MiniOzoneClusterImpl-62ef20f9-c776-4926-95e7-c8159edef3f9/datanode-4/data/containers/hdds of  storage type : DISK and capacity : 1482555576320
2019-08-30 23:43:28,316 [main] INFO  volume.VolumeSet (VolumeSet.java:initializeVolumeSet(170)) - Added Volume : /workdir/hadoop-ozone/integration-test/target/test-dir/MiniOzoneClusterImpl-62ef20f9-c776-4926-95e7-c8159edef3f9/datanode-4/data/containers/hdds to VolumeSet
2019-08-30 23:43:28,317 [main] INFO  volume.ThrottledAsyncChecker (ThrottledAsyncChecker.java:schedule(140)) - Scheduling a check for org.apache.hadoop.ozone.container.common.volume.HddsVolume@706f6d26
2019-08-30 23:43:28,317 [main] INFO  volume.HddsVolumeChecker (HddsVolumeChecker.java:checkAllVolumes(203)) - Scheduled health check for volume org.apache.hadoop.ozone.container.common.volume.HddsVolume@706f6d26
2019-08-30 23:43:28,330 [main] INFO  impl.RaftServerProxy (ConfUtils.java:logGet(43)) - raft.rpc.type = GRPC (default)
2019-08-30 23:43:28,330 [main] INFO  grpc.GrpcFactory (GrpcFactory.java:checkPooledByteBufAllocatorUseCacheForAllThreads(45)) - PERFORMANCE WARNING: useCacheForAllThreads is true that may cause Netty to create a lot garbage objects and, as a result, trigger GC.
	It is recommended to disable useCacheForAllThreads by setting -Dorg.apache.ratis.thirdparty.io.netty.allocator.useCacheForAllThreads=false in command line.
2019-08-30 23:43:28,330 [main] INFO  grpc.GrpcConfigKeys$Server (ConfUtils.java:logGet(43)) - raft.grpc.server.port = 0 (default)
2019-08-30 23:43:28,330 [main] INFO  server.GrpcService (ConfUtils.java:logGet(43)) - raft.grpc.message.size.max = 33570816 (custom)
2019-08-30 23:43:28,330 [main] INFO  server.RaftServerConfigKeys (ConfUtils.java:logGet(43)) - raft.server.log.appender.buffer.byte-limit = 33554432 (custom)
2019-08-30 23:43:28,330 [main] INFO  server.GrpcService (ConfUtils.java:logGet(43)) - raft.grpc.flow.control.window = 1MB (=1048576) (default)
2019-08-30 23:43:28,331 [main] INFO  server.RaftServerConfigKeys (ConfUtils.java:logGet(43)) - raft.server.rpc.request.timeout = 3000ms (default)
2019-08-30 23:43:28,331 [main] INFO  server.RaftServerConfigKeys (ConfUtils.java:logGet(43)) - raft.server.storage.dir = [/workdir/hadoop-ozone/integration-test/target/test-dir/MiniOzoneClusterImpl-62ef20f9-c776-4926-95e7-c8159edef3f9/datanode-4/data/ratis] (custom)
2019-08-30 23:43:28,332 [main] INFO  hdfs.DFSUtil (DFSUtil.java:httpServerTemplateForNNAndJN(1641)) - Starting Web-server for hddsDatanode at: http://0.0.0.0:0
2019-08-30 23:43:28,333 [main] INFO  server.AuthenticationFilter (AuthenticationFilter.java:constructSecretProvider(240)) - Unable to initialize FileSignerSecretProvider, falling back to use random secrets.
2019-08-30 23:43:28,334 [main] WARN  http.HttpRequestLog (HttpRequestLog.java:getRequestLog(97)) - Jetty request log can only be enabled using Log4j
2019-08-30 23:43:28,335 [main] INFO  http.HttpServer2 (HttpServer2.java:addGlobalFilter(975)) - Added global filter 'safety' (class=org.apache.hadoop.http.HttpServer2$QuotingInputFilter)
2019-08-30 23:43:28,335 [main] INFO  http.HttpServer2 (HttpServer2.java:addFilter(948)) - Added filter static_user_filter (class=org.apache.hadoop.http.lib.StaticUserWebFilter$StaticUserFilter) to context hddsDatanode
2019-08-30 23:43:28,336 [main] INFO  http.HttpServer2 (HttpServer2.java:addFilter(958)) - Added filter static_user_filter (class=org.apache.hadoop.http.lib.StaticUserWebFilter$StaticUserFilter) to context static
2019-08-30 23:43:28,336 [main] INFO  http.HttpServer2 (HttpServer2.java:addFilter(958)) - Added filter static_user_filter (class=org.apache.hadoop.http.lib.StaticUserWebFilter$StaticUserFilter) to context logs
2019-08-30 23:43:28,336 [main] INFO  http.HttpServer2 (HttpServer2.java:bindListener(1191)) - Jetty bound to port 40934
2019-08-30 23:43:28,336 [main] INFO  server.Server (Server.java:doStart(351)) - jetty-9.3.24.v20180605, build timestamp: 2018-06-05T17:11:56Z, git hash: 84205aa28f11a4f31f2a3b86d1bba2cc8ab69827
2019-08-30 23:43:28,338 [main] INFO  handler.ContextHandler (ContextHandler.java:doStart(781)) - Started o.e.j.s.ServletContextHandler@26c77f54{/logs,file:///workdir/hadoop-ozone/integration-test/target/log,AVAILABLE}
2019-08-30 23:43:28,338 [main] INFO  handler.ContextHandler (ContextHandler.java:doStart(781)) - Started o.e.j.s.ServletContextHandler@6e9a0bea{/static,jar:file:/home/user/.m2/repository/org/apache/hadoop/hadoop-hdds-container-service/0.5.0-SNAPSHOT/hadoop-hdds-container-service-0.5.0-SNAPSHOT.jar!/webapps/static,AVAILABLE}
2019-08-30 23:43:28,367 [main] INFO  handler.ContextHandler (ContextHandler.java:doStart(781)) - Started o.e.j.w.WebAppContext@5a48da4f{/,file:///tmp/jetty-0.0.0.0-40934-hddsDatanode-_-any-6207147137416359780.dir/webapp/,AVAILABLE}{/hddsDatanode}
2019-08-30 23:43:28,367 [main] INFO  server.AbstractConnector (AbstractConnector.java:doStart(278)) - Started ServerConnector@a0c5be{HTTP/1.1,[http/1.1]}{0.0.0.0:40934}
2019-08-30 23:43:28,369 [main] INFO  server.Server (Server.java:doStart(419)) - Started @216533ms
2019-08-30 23:43:28,369 [main] WARN  impl.MetricsSystemImpl (MetricsSystemImpl.java:register(276)) - Sink prometheus already exists!
2019-08-30 23:43:28,370 [main] INFO  server.BaseHttpServer (BaseHttpServer.java:updateConnectorAddress(215)) - HTTP server of HDDSDATANODE is listening at http://0.0.0.0:40934
2019-08-30 23:43:28,370 [main] INFO  impl.MetricsSystemImpl (MetricsSystemImpl.java:init(158)) - HddsDatanode metrics system started (again)
2019-08-30 23:43:28,373 [main] INFO  ozone.HddsDatanodeService (HddsDatanodeService.java:start(184)) - HddsDatanodeService host:pr-hdds-2065-gthbc-3516972114 ip:192.168.69.97
2019-08-30 23:43:28,373 [org.apache.hadoop.util.JvmPauseMonitor$Monitor@6304c1ce] INFO  util.JvmPauseMonitor (JvmPauseMonitor.java:run(188)) - Starting JVM pause monitor
2019-08-30 23:43:28,375 [Datanode State Machine Thread - 0] INFO  datanode.InitDatanodeState (InitDatanodeState.java:persistContainerDatanodeDetails(140)) - DatanodeDetails is persisted to /workdir/hadoop-ozone/integration-test/target/test-dir/MiniOzoneClusterImpl-62ef20f9-c776-4926-95e7-c8159edef3f9/datanode-4/meta/datanode.id
2019-08-30 23:43:28,380 [main] INFO  volume.HddsVolume (HddsVolume.java:<init>(176)) - Creating Volume: /workdir/hadoop-ozone/integration-test/target/test-dir/MiniOzoneClusterImpl-62ef20f9-c776-4926-95e7-c8159edef3f9/datanode-5/data/containers/hdds of  storage type : DISK and capacity : 1482555576320
2019-08-30 23:43:28,380 [main] INFO  volume.VolumeSet (VolumeSet.java:initializeVolumeSet(170)) - Added Volume : /workdir/hadoop-ozone/integration-test/target/test-dir/MiniOzoneClusterImpl-62ef20f9-c776-4926-95e7-c8159edef3f9/datanode-5/data/containers/hdds to VolumeSet
2019-08-30 23:43:28,381 [main] INFO  volume.ThrottledAsyncChecker (ThrottledAsyncChecker.java:schedule(140)) - Scheduling a check for org.apache.hadoop.ozone.container.common.volume.HddsVolume@447fa959
2019-08-30 23:43:28,381 [main] INFO  volume.HddsVolumeChecker (HddsVolumeChecker.java:checkAllVolumes(203)) - Scheduled health check for volume org.apache.hadoop.ozone.container.common.volume.HddsVolume@447fa959
2019-08-30 23:43:28,394 [main] INFO  impl.RaftServerProxy (ConfUtils.java:logGet(43)) - raft.rpc.type = GRPC (default)
2019-08-30 23:43:28,394 [main] INFO  grpc.GrpcFactory (GrpcFactory.java:checkPooledByteBufAllocatorUseCacheForAllThreads(45)) - PERFORMANCE WARNING: useCacheForAllThreads is true that may cause Netty to create a lot garbage objects and, as a result, trigger GC.
	It is recommended to disable useCacheForAllThreads by setting -Dorg.apache.ratis.thirdparty.io.netty.allocator.useCacheForAllThreads=false in command line.
2019-08-30 23:43:28,394 [main] INFO  grpc.GrpcConfigKeys$Server (ConfUtils.java:logGet(43)) - raft.grpc.server.port = 0 (default)
2019-08-30 23:43:28,394 [main] INFO  server.GrpcService (ConfUtils.java:logGet(43)) - raft.grpc.message.size.max = 33570816 (custom)
2019-08-30 23:43:28,394 [main] INFO  server.RaftServerConfigKeys (ConfUtils.java:logGet(43)) - raft.server.log.appender.buffer.byte-limit = 33554432 (custom)
2019-08-30 23:43:28,395 [main] INFO  server.GrpcService (ConfUtils.java:logGet(43)) - raft.grpc.flow.control.window = 1MB (=1048576) (default)
2019-08-30 23:43:28,395 [main] INFO  server.RaftServerConfigKeys (ConfUtils.java:logGet(43)) - raft.server.rpc.request.timeout = 3000ms (default)
2019-08-30 23:43:28,395 [main] INFO  server.RaftServerConfigKeys (ConfUtils.java:logGet(43)) - raft.server.storage.dir = [/workdir/hadoop-ozone/integration-test/target/test-dir/MiniOzoneClusterImpl-62ef20f9-c776-4926-95e7-c8159edef3f9/datanode-5/data/ratis] (custom)
2019-08-30 23:43:28,396 [main] INFO  hdfs.DFSUtil (DFSUtil.java:httpServerTemplateForNNAndJN(1641)) - Starting Web-server for hddsDatanode at: http://0.0.0.0:0
2019-08-30 23:43:28,397 [main] INFO  server.AuthenticationFilter (AuthenticationFilter.java:constructSecretProvider(240)) - Unable to initialize FileSignerSecretProvider, falling back to use random secrets.
2019-08-30 23:43:28,398 [main] WARN  http.HttpRequestLog (HttpRequestLog.java:getRequestLog(97)) - Jetty request log can only be enabled using Log4j
2019-08-30 23:43:28,399 [main] INFO  http.HttpServer2 (HttpServer2.java:addGlobalFilter(975)) - Added global filter 'safety' (class=org.apache.hadoop.http.HttpServer2$QuotingInputFilter)
2019-08-30 23:43:28,399 [main] INFO  http.HttpServer2 (HttpServer2.java:addFilter(948)) - Added filter static_user_filter (class=org.apache.hadoop.http.lib.StaticUserWebFilter$StaticUserFilter) to context hddsDatanode
2019-08-30 23:43:28,399 [main] INFO  http.HttpServer2 (HttpServer2.java:addFilter(958)) - Added filter static_user_filter (class=org.apache.hadoop.http.lib.StaticUserWebFilter$StaticUserFilter) to context logs
2019-08-30 23:43:28,400 [main] INFO  http.HttpServer2 (HttpServer2.java:addFilter(958)) - Added filter static_user_filter (class=org.apache.hadoop.http.lib.StaticUserWebFilter$StaticUserFilter) to context static
2019-08-30 23:43:28,400 [main] INFO  http.HttpServer2 (HttpServer2.java:bindListener(1191)) - Jetty bound to port 41758
2019-08-30 23:43:28,400 [main] INFO  server.Server (Server.java:doStart(351)) - jetty-9.3.24.v20180605, build timestamp: 2018-06-05T17:11:56Z, git hash: 84205aa28f11a4f31f2a3b86d1bba2cc8ab69827
2019-08-30 23:43:28,402 [main] INFO  handler.ContextHandler (ContextHandler.java:doStart(781)) - Started o.e.j.s.ServletContextHandler@67328bcb{/logs,file:///workdir/hadoop-ozone/integration-test/target/log,AVAILABLE}
2019-08-30 23:43:28,402 [main] INFO  handler.ContextHandler (ContextHandler.java:doStart(781)) - Started o.e.j.s.ServletContextHandler@2416c658{/static,jar:file:/home/user/.m2/repository/org/apache/hadoop/hadoop-hdds-container-service/0.5.0-SNAPSHOT/hadoop-hdds-container-service-0.5.0-SNAPSHOT.jar!/webapps/static,AVAILABLE}
2019-08-30 23:43:28,428 [main] INFO  handler.ContextHandler (ContextHandler.java:doStart(781)) - Started o.e.j.w.WebAppContext@1cd2143b{/,file:///tmp/jetty-0.0.0.0-41758-hddsDatanode-_-any-7085426779400873802.dir/webapp/,AVAILABLE}{/hddsDatanode}
2019-08-30 23:43:28,429 [main] INFO  server.AbstractConnector (AbstractConnector.java:doStart(278)) - Started ServerConnector@1118d539{HTTP/1.1,[http/1.1]}{0.0.0.0:41758}
2019-08-30 23:43:28,430 [main] INFO  server.Server (Server.java:doStart(419)) - Started @216595ms
2019-08-30 23:43:28,430 [main] WARN  impl.MetricsSystemImpl (MetricsSystemImpl.java:register(276)) - Sink prometheus already exists!
2019-08-30 23:43:28,431 [main] INFO  server.BaseHttpServer (BaseHttpServer.java:updateConnectorAddress(215)) - HTTP server of HDDSDATANODE is listening at http://0.0.0.0:41758
2019-08-30 23:43:28,431 [main] INFO  impl.MetricsSystemImpl (MetricsSystemImpl.java:init(158)) - HddsDatanode metrics system started (again)
2019-08-30 23:43:28,435 [main] INFO  ozone.HddsDatanodeService (HddsDatanodeService.java:start(184)) - HddsDatanodeService host:pr-hdds-2065-gthbc-3516972114 ip:192.168.69.97
2019-08-30 23:43:28,435 [org.apache.hadoop.util.JvmPauseMonitor$Monitor@16c93e08] INFO  util.JvmPauseMonitor (JvmPauseMonitor.java:run(188)) - Starting JVM pause monitor
2019-08-30 23:43:28,436 [Datanode State Machine Thread - 0] INFO  datanode.InitDatanodeState (InitDatanodeState.java:persistContainerDatanodeDetails(140)) - DatanodeDetails is persisted to /workdir/hadoop-ozone/integration-test/target/test-dir/MiniOzoneClusterImpl-62ef20f9-c776-4926-95e7-c8159edef3f9/datanode-5/meta/datanode.id
2019-08-30 23:43:28,442 [main] INFO  volume.HddsVolume (HddsVolume.java:<init>(176)) - Creating Volume: /workdir/hadoop-ozone/integration-test/target/test-dir/MiniOzoneClusterImpl-62ef20f9-c776-4926-95e7-c8159edef3f9/datanode-6/data/containers/hdds of  storage type : DISK and capacity : 1482555576320
2019-08-30 23:43:28,442 [main] INFO  volume.VolumeSet (VolumeSet.java:initializeVolumeSet(170)) - Added Volume : /workdir/hadoop-ozone/integration-test/target/test-dir/MiniOzoneClusterImpl-62ef20f9-c776-4926-95e7-c8159edef3f9/datanode-6/data/containers/hdds to VolumeSet
2019-08-30 23:43:28,442 [main] INFO  volume.ThrottledAsyncChecker (ThrottledAsyncChecker.java:schedule(140)) - Scheduling a check for org.apache.hadoop.ozone.container.common.volume.HddsVolume@3fde2209
2019-08-30 23:43:28,443 [main] INFO  volume.HddsVolumeChecker (HddsVolumeChecker.java:checkAllVolumes(203)) - Scheduled health check for volume org.apache.hadoop.ozone.container.common.volume.HddsVolume@3fde2209
2019-08-30 23:43:28,462 [main] INFO  impl.RaftServerProxy (ConfUtils.java:logGet(43)) - raft.rpc.type = GRPC (default)
2019-08-30 23:43:28,462 [main] INFO  grpc.GrpcFactory (GrpcFactory.java:checkPooledByteBufAllocatorUseCacheForAllThreads(45)) - PERFORMANCE WARNING: useCacheForAllThreads is true that may cause Netty to create a lot garbage objects and, as a result, trigger GC.
	It is recommended to disable useCacheForAllThreads by setting -Dorg.apache.ratis.thirdparty.io.netty.allocator.useCacheForAllThreads=false in command line.
2019-08-30 23:43:28,462 [main] INFO  grpc.GrpcConfigKeys$Server (ConfUtils.java:logGet(43)) - raft.grpc.server.port = 0 (default)
2019-08-30 23:43:28,463 [main] INFO  server.GrpcService (ConfUtils.java:logGet(43)) - raft.grpc.message.size.max = 33570816 (custom)
2019-08-30 23:43:28,463 [main] INFO  server.RaftServerConfigKeys (ConfUtils.java:logGet(43)) - raft.server.log.appender.buffer.byte-limit = 33554432 (custom)
2019-08-30 23:43:28,463 [main] INFO  server.GrpcService (ConfUtils.java:logGet(43)) - raft.grpc.flow.control.window = 1MB (=1048576) (default)
2019-08-30 23:43:28,464 [main] INFO  server.RaftServerConfigKeys (ConfUtils.java:logGet(43)) - raft.server.rpc.request.timeout = 3000ms (default)
2019-08-30 23:43:28,464 [main] INFO  server.RaftServerConfigKeys (ConfUtils.java:logGet(43)) - raft.server.storage.dir = [/workdir/hadoop-ozone/integration-test/target/test-dir/MiniOzoneClusterImpl-62ef20f9-c776-4926-95e7-c8159edef3f9/datanode-6/data/ratis] (custom)
2019-08-30 23:43:28,466 [main] INFO  hdfs.DFSUtil (DFSUtil.java:httpServerTemplateForNNAndJN(1641)) - Starting Web-server for hddsDatanode at: http://0.0.0.0:0
2019-08-30 23:43:28,467 [main] INFO  server.AuthenticationFilter (AuthenticationFilter.java:constructSecretProvider(240)) - Unable to initialize FileSignerSecretProvider, falling back to use random secrets.
2019-08-30 23:43:28,467 [main] WARN  http.HttpRequestLog (HttpRequestLog.java:getRequestLog(97)) - Jetty request log can only be enabled using Log4j
2019-08-30 23:43:28,469 [main] INFO  http.HttpServer2 (HttpServer2.java:addGlobalFilter(975)) - Added global filter 'safety' (class=org.apache.hadoop.http.HttpServer2$QuotingInputFilter)
2019-08-30 23:43:28,469 [main] INFO  http.HttpServer2 (HttpServer2.java:addFilter(948)) - Added filter static_user_filter (class=org.apache.hadoop.http.lib.StaticUserWebFilter$StaticUserFilter) to context hddsDatanode
2019-08-30 23:43:28,469 [main] INFO  http.HttpServer2 (HttpServer2.java:addFilter(958)) - Added filter static_user_filter (class=org.apache.hadoop.http.lib.StaticUserWebFilter$StaticUserFilter) to context logs
2019-08-30 23:43:28,469 [main] INFO  http.HttpServer2 (HttpServer2.java:addFilter(958)) - Added filter static_user_filter (class=org.apache.hadoop.http.lib.StaticUserWebFilter$StaticUserFilter) to context static
2019-08-30 23:43:28,470 [main] INFO  http.HttpServer2 (HttpServer2.java:bindListener(1191)) - Jetty bound to port 37077
2019-08-30 23:43:28,470 [main] INFO  server.Server (Server.java:doStart(351)) - jetty-9.3.24.v20180605, build timestamp: 2018-06-05T17:11:56Z, git hash: 84205aa28f11a4f31f2a3b86d1bba2cc8ab69827
2019-08-30 23:43:28,472 [main] INFO  handler.ContextHandler (ContextHandler.java:doStart(781)) - Started o.e.j.s.ServletContextHandler@33ec2c0c{/logs,file:///workdir/hadoop-ozone/integration-test/target/log,AVAILABLE}
2019-08-30 23:43:28,472 [main] INFO  handler.ContextHandler (ContextHandler.java:doStart(781)) - Started o.e.j.s.ServletContextHandler@3887c7d7{/static,jar:file:/home/user/.m2/repository/org/apache/hadoop/hadoop-hdds-container-service/0.5.0-SNAPSHOT/hadoop-hdds-container-service-0.5.0-SNAPSHOT.jar!/webapps/static,AVAILABLE}
2019-08-30 23:43:28,499 [main] INFO  handler.ContextHandler (ContextHandler.java:doStart(781)) - Started o.e.j.w.WebAppContext@7b96de8d{/,file:///tmp/jetty-0.0.0.0-37077-hddsDatanode-_-any-7538833129596857385.dir/webapp/,AVAILABLE}{/hddsDatanode}
2019-08-30 23:43:28,499 [main] INFO  server.AbstractConnector (AbstractConnector.java:doStart(278)) - Started ServerConnector@7ccd611e{HTTP/1.1,[http/1.1]}{0.0.0.0:37077}
2019-08-30 23:43:28,501 [main] INFO  server.Server (Server.java:doStart(419)) - Started @216665ms
2019-08-30 23:43:28,501 [main] WARN  impl.MetricsSystemImpl (MetricsSystemImpl.java:register(276)) - Sink prometheus already exists!
2019-08-30 23:43:28,501 [main] INFO  server.BaseHttpServer (BaseHttpServer.java:updateConnectorAddress(215)) - HTTP server of HDDSDATANODE is listening at http://0.0.0.0:37077
2019-08-30 23:43:28,502 [main] INFO  ozone.MiniOzoneClusterImpl (MiniOzoneClusterImpl.java:lambda$waitForClusterToBeReady$0(140)) - Waiting for cluster to be ready. Got 0 of 7 DN Heartbeats.
2019-08-30 23:43:28,503 [org.apache.hadoop.util.JvmPauseMonitor$Monitor@601543ba] INFO  util.JvmPauseMonitor (JvmPauseMonitor.java:run(188)) - Starting JVM pause monitor
2019-08-30 23:43:28,504 [Datanode State Machine Thread - 0] INFO  datanode.InitDatanodeState (InitDatanodeState.java:persistContainerDatanodeDetails(140)) - DatanodeDetails is persisted to /workdir/hadoop-ozone/integration-test/target/test-dir/MiniOzoneClusterImpl-62ef20f9-c776-4926-95e7-c8159edef3f9/datanode-6/meta/datanode.id
2019-08-30 23:43:29,503 [main] INFO  ozone.MiniOzoneClusterImpl (MiniOzoneClusterImpl.java:lambda$waitForClusterToBeReady$0(140)) - Waiting for cluster to be ready. Got 0 of 7 DN Heartbeats.
2019-08-30 23:43:30,135 [Datanode State Machine Thread - 0] INFO  ozoneimpl.OzoneContainer (OzoneContainer.java:start(201)) - Attempting to start container services.
2019-08-30 23:43:30,135 [Datanode State Machine Thread - 0] INFO  ozoneimpl.OzoneContainer (OzoneContainer.java:startContainerScrub(175)) - Background container scrubber has been disabled by hdds.containerscrub.enabled
2019-08-30 23:43:30,135 [Datanode State Machine Thread - 0] INFO  ratis.XceiverServerRatis (XceiverServerRatis.java:start(393)) - Starting XceiverServerRatis 49133c72-97ee-4f5b-8326-c41119f62149 at port 0
2019-08-30 23:43:30,143 [Datanode State Machine Thread - 0] INFO  impl.RaftServerProxy (RaftServerProxy.java:lambda$start$3(299)) - 49133c72-97ee-4f5b-8326-c41119f62149: start RPC server
2019-08-30 23:43:30,145 [Datanode State Machine Thread - 0] INFO  server.GrpcService (GrpcService.java:startImpl(149)) - 49133c72-97ee-4f5b-8326-c41119f62149: GrpcService started, listening on 0.0.0.0/0.0.0.0:41934
2019-08-30 23:43:30,145 [Datanode State Machine Thread - 0] INFO  ratis.XceiverServerRatis (XceiverServerRatis.java:start(403)) - XceiverServerRatis 49133c72-97ee-4f5b-8326-c41119f62149 is started using port 41934
2019-08-30 23:43:30,151 [Datanode State Machine Thread - 0] INFO  server.XceiverServerGrpc (XceiverServerGrpc.java:start(163)) - XceiverServerGrpc 49133c72-97ee-4f5b-8326-c41119f62149 is started using port 41135
2019-08-30 23:43:30,200 [Datanode State Machine Thread - 0] INFO  ozoneimpl.OzoneContainer (OzoneContainer.java:start(201)) - Attempting to start container services.
2019-08-30 23:43:30,201 [Datanode State Machine Thread - 0] INFO  ozoneimpl.OzoneContainer (OzoneContainer.java:startContainerScrub(175)) - Background container scrubber has been disabled by hdds.containerscrub.enabled
2019-08-30 23:43:30,201 [Datanode State Machine Thread - 0] INFO  ratis.XceiverServerRatis (XceiverServerRatis.java:start(393)) - Starting XceiverServerRatis 3783777b-1fb4-4f24-9c63-bcb2e3390ead at port 0
2019-08-30 23:43:30,208 [Datanode State Machine Thread - 0] INFO  impl.RaftServerProxy (RaftServerProxy.java:lambda$start$3(299)) - 3783777b-1fb4-4f24-9c63-bcb2e3390ead: start RPC server
2019-08-30 23:43:30,209 [Datanode State Machine Thread - 0] INFO  server.GrpcService (GrpcService.java:startImpl(149)) - 3783777b-1fb4-4f24-9c63-bcb2e3390ead: GrpcService started, listening on 0.0.0.0/0.0.0.0:33759
2019-08-30 23:43:30,209 [Datanode State Machine Thread - 0] INFO  ratis.XceiverServerRatis (XceiverServerRatis.java:start(403)) - XceiverServerRatis 3783777b-1fb4-4f24-9c63-bcb2e3390ead is started using port 33759
2019-08-30 23:43:30,211 [Datanode State Machine Thread - 0] INFO  server.XceiverServerGrpc (XceiverServerGrpc.java:start(163)) - XceiverServerGrpc 3783777b-1fb4-4f24-9c63-bcb2e3390ead is started using port 37605
2019-08-30 23:43:30,271 [Datanode State Machine Thread - 0] INFO  ozoneimpl.OzoneContainer (OzoneContainer.java:start(201)) - Attempting to start container services.
2019-08-30 23:43:30,271 [Datanode State Machine Thread - 0] INFO  ozoneimpl.OzoneContainer (OzoneContainer.java:startContainerScrub(175)) - Background container scrubber has been disabled by hdds.containerscrub.enabled
2019-08-30 23:43:30,272 [Datanode State Machine Thread - 0] INFO  ratis.XceiverServerRatis (XceiverServerRatis.java:start(393)) - Starting XceiverServerRatis f57195ff-03b4-43f7-9ab5-53c6bdff4b8a at port 0
2019-08-30 23:43:30,279 [Datanode State Machine Thread - 0] INFO  impl.RaftServerProxy (RaftServerProxy.java:lambda$start$3(299)) - f57195ff-03b4-43f7-9ab5-53c6bdff4b8a: start RPC server
2019-08-30 23:43:30,282 [Datanode State Machine Thread - 0] INFO  server.GrpcService (GrpcService.java:startImpl(149)) - f57195ff-03b4-43f7-9ab5-53c6bdff4b8a: GrpcService started, listening on 0.0.0.0/0.0.0.0:32914
2019-08-30 23:43:30,282 [Datanode State Machine Thread - 0] INFO  ratis.XceiverServerRatis (XceiverServerRatis.java:start(403)) - XceiverServerRatis f57195ff-03b4-43f7-9ab5-53c6bdff4b8a is started using port 32914
2019-08-30 23:43:30,284 [Datanode State Machine Thread - 0] INFO  server.XceiverServerGrpc (XceiverServerGrpc.java:start(163)) - XceiverServerGrpc f57195ff-03b4-43f7-9ab5-53c6bdff4b8a is started using port 33202
2019-08-30 23:43:30,400 [Datanode State Machine Thread - 0] INFO  ozoneimpl.OzoneContainer (OzoneContainer.java:start(201)) - Attempting to start container services.
2019-08-30 23:43:30,400 [Datanode State Machine Thread - 0] INFO  ozoneimpl.OzoneContainer (OzoneContainer.java:start(201)) - Attempting to start container services.
2019-08-30 23:43:30,400 [Datanode State Machine Thread - 0] INFO  ozoneimpl.OzoneContainer (OzoneContainer.java:startContainerScrub(175)) - Background container scrubber has been disabled by hdds.containerscrub.enabled
2019-08-30 23:43:30,400 [Datanode State Machine Thread - 0] INFO  ozoneimpl.OzoneContainer (OzoneContainer.java:startContainerScrub(175)) - Background container scrubber has been disabled by hdds.containerscrub.enabled
2019-08-30 23:43:30,400 [Datanode State Machine Thread - 0] INFO  ratis.XceiverServerRatis (XceiverServerRatis.java:start(393)) - Starting XceiverServerRatis 0c63e151-bdc2-459f-8160-ea1ede0a49fd at port 0
2019-08-30 23:43:30,400 [Datanode State Machine Thread - 0] INFO  ratis.XceiverServerRatis (XceiverServerRatis.java:start(393)) - Starting XceiverServerRatis 711d5759-b86c-4717-b949-6ebb41eeebe2 at port 0
2019-08-30 23:43:30,416 [Datanode State Machine Thread - 0] INFO  impl.RaftServerProxy (RaftServerProxy.java:lambda$start$3(299)) - 711d5759-b86c-4717-b949-6ebb41eeebe2: start RPC server
2019-08-30 23:43:30,417 [Datanode State Machine Thread - 0] INFO  impl.RaftServerProxy (RaftServerProxy.java:lambda$start$3(299)) - 0c63e151-bdc2-459f-8160-ea1ede0a49fd: start RPC server
2019-08-30 23:43:30,419 [Datanode State Machine Thread - 0] INFO  server.GrpcService (GrpcService.java:startImpl(149)) - 711d5759-b86c-4717-b949-6ebb41eeebe2: GrpcService started, listening on 0.0.0.0/0.0.0.0:45838
2019-08-30 23:43:30,421 [Datanode State Machine Thread - 0] INFO  server.GrpcService (GrpcService.java:startImpl(149)) - 0c63e151-bdc2-459f-8160-ea1ede0a49fd: GrpcService started, listening on 0.0.0.0/0.0.0.0:38219
2019-08-30 23:43:30,421 [Datanode State Machine Thread - 0] INFO  ratis.XceiverServerRatis (XceiverServerRatis.java:start(403)) - XceiverServerRatis 711d5759-b86c-4717-b949-6ebb41eeebe2 is started using port 45838
2019-08-30 23:43:30,421 [Datanode State Machine Thread - 0] INFO  ratis.XceiverServerRatis (XceiverServerRatis.java:start(403)) - XceiverServerRatis 0c63e151-bdc2-459f-8160-ea1ede0a49fd is started using port 38219
2019-08-30 23:43:30,423 [Datanode State Machine Thread - 0] INFO  server.XceiverServerGrpc (XceiverServerGrpc.java:start(163)) - XceiverServerGrpc 711d5759-b86c-4717-b949-6ebb41eeebe2 is started using port 45771
2019-08-30 23:43:30,425 [Datanode State Machine Thread - 0] INFO  server.XceiverServerGrpc (XceiverServerGrpc.java:start(163)) - XceiverServerGrpc 0c63e151-bdc2-459f-8160-ea1ede0a49fd is started using port 44943
2019-08-30 23:43:30,461 [Datanode State Machine Thread - 0] INFO  ozoneimpl.OzoneContainer (OzoneContainer.java:start(201)) - Attempting to start container services.
2019-08-30 23:43:30,461 [Datanode State Machine Thread - 0] INFO  ozoneimpl.OzoneContainer (OzoneContainer.java:startContainerScrub(175)) - Background container scrubber has been disabled by hdds.containerscrub.enabled
2019-08-30 23:43:30,461 [Datanode State Machine Thread - 0] INFO  ratis.XceiverServerRatis (XceiverServerRatis.java:start(393)) - Starting XceiverServerRatis 1fc83f0a-239a-44d2-b60d-e15dbfa2cca4 at port 0
2019-08-30 23:43:30,468 [Datanode State Machine Thread - 0] INFO  impl.RaftServerProxy (RaftServerProxy.java:lambda$start$3(299)) - 1fc83f0a-239a-44d2-b60d-e15dbfa2cca4: start RPC server
2019-08-30 23:43:30,470 [Datanode State Machine Thread - 0] INFO  server.GrpcService (GrpcService.java:startImpl(149)) - 1fc83f0a-239a-44d2-b60d-e15dbfa2cca4: GrpcService started, listening on 0.0.0.0/0.0.0.0:33402
2019-08-30 23:43:30,471 [Datanode State Machine Thread - 0] INFO  ratis.XceiverServerRatis (XceiverServerRatis.java:start(403)) - XceiverServerRatis 1fc83f0a-239a-44d2-b60d-e15dbfa2cca4 is started using port 33402
2019-08-30 23:43:30,471 [Datanode State Machine Thread - 0] INFO  server.XceiverServerGrpc (XceiverServerGrpc.java:start(163)) - XceiverServerGrpc 1fc83f0a-239a-44d2-b60d-e15dbfa2cca4 is started using port 44696
2019-08-30 23:43:30,503 [main] INFO  ozone.MiniOzoneClusterImpl (MiniOzoneClusterImpl.java:lambda$waitForClusterToBeReady$0(140)) - Waiting for cluster to be ready. Got 0 of 7 DN Heartbeats.
2019-08-30 23:43:30,537 [Datanode State Machine Thread - 0] INFO  ozoneimpl.OzoneContainer (OzoneContainer.java:start(201)) - Attempting to start container services.
2019-08-30 23:43:30,538 [Datanode State Machine Thread - 0] INFO  ozoneimpl.OzoneContainer (OzoneContainer.java:startContainerScrub(175)) - Background container scrubber has been disabled by hdds.containerscrub.enabled
2019-08-30 23:43:30,538 [Datanode State Machine Thread - 0] INFO  ratis.XceiverServerRatis (XceiverServerRatis.java:start(393)) - Starting XceiverServerRatis e598a779-6268-498c-a148-03c0c7bf95a3 at port 0
2019-08-30 23:43:30,545 [Datanode State Machine Thread - 0] INFO  impl.RaftServerProxy (RaftServerProxy.java:lambda$start$3(299)) - e598a779-6268-498c-a148-03c0c7bf95a3: start RPC server
2019-08-30 23:43:30,559 [Datanode State Machine Thread - 0] INFO  server.GrpcService (GrpcService.java:startImpl(149)) - e598a779-6268-498c-a148-03c0c7bf95a3: GrpcService started, listening on 0.0.0.0/0.0.0.0:40426
2019-08-30 23:43:30,559 [Datanode State Machine Thread - 0] INFO  ratis.XceiverServerRatis (XceiverServerRatis.java:start(403)) - XceiverServerRatis e598a779-6268-498c-a148-03c0c7bf95a3 is started using port 40426
2019-08-30 23:43:30,562 [Datanode State Machine Thread - 0] INFO  server.XceiverServerGrpc (XceiverServerGrpc.java:start(163)) - XceiverServerGrpc e598a779-6268-498c-a148-03c0c7bf95a3 is started using port 46122
2019-08-30 23:43:31,504 [main] INFO  ozone.MiniOzoneClusterImpl (MiniOzoneClusterImpl.java:lambda$waitForClusterToBeReady$0(140)) - Waiting for cluster to be ready. Got 0 of 7 DN Heartbeats.
2019-08-30 23:43:32,096 [IPC Server handler 0 on 46454] INFO  net.NetworkTopology (NetworkTopologyImpl.java:add(110)) - Added a new node: /default-rack/49133c72-97ee-4f5b-8326-c41119f62149
2019-08-30 23:43:32,098 [IPC Server handler 0 on 46454] INFO  node.SCMNodeManager (SCMNodeManager.java:register(266)) - Registered Data node : 49133c72-97ee-4f5b-8326-c41119f62149{ip: 192.168.69.97, host: pr-hdds-2065-gthbc-3516972114, networkLocation: /default-rack, certSerialId: null}
2019-08-30 23:43:32,099 [EventQueue-NodeRegistrationContainerReportForDataNodeSafeModeRule] INFO  safemode.SCMSafeModeManager (DataNodeSafeModeRule.java:process(71)) - SCM in safe mode. 1 DataNodes registered, 1 required.
2019-08-30 23:43:32,102 [EventQueue-NodeRegistrationContainerReportForContainerSafeModeRule] INFO  safemode.SCMSafeModeManager (SCMSafeModeManager.java:validateSafeModeExitRules(177)) - ScmSafeModeManager, all rules are successfully validated
2019-08-30 23:43:32,102 [EventQueue-NodeRegistrationContainerReportForContainerSafeModeRule] INFO  safemode.SCMSafeModeManager (SCMSafeModeManager.java:exitSafeMode(193)) - SCM exiting safe mode.
2019-08-30 23:43:32,111 [grpc-default-executor-10] INFO  impl.RaftServerProxy (RaftServerProxy.java:addNew(89)) - 49133c72-97ee-4f5b-8326-c41119f62149: addNew group-003973421ECB:[49133c72-97ee-4f5b-8326-c41119f62149:192.168.69.97:41934] returns group-003973421ECB:java.util.concurrent.CompletableFuture@25456403[Not completed]
2019-08-30 23:43:32,113 [pool-383-thread-1] INFO  impl.RaftServerImpl (RaftServerImpl.java:<init>(93)) - 49133c72-97ee-4f5b-8326-c41119f62149: new RaftServerImpl for group-003973421ECB:[49133c72-97ee-4f5b-8326-c41119f62149:192.168.69.97:41934] with ContainerStateMachine:uninitialized
2019-08-30 23:43:32,113 [pool-383-thread-1] INFO  server.RaftServerConfigKeys (ConfUtils.java:logGet(43)) - raft.server.rpc.timeout.min = 5s (custom)
2019-08-30 23:43:32,113 [pool-383-thread-1] INFO  server.RaftServerConfigKeys (ConfUtils.java:logGet(43)) - raft.server.rpc.timeout.max = 5200ms (custom)
2019-08-30 23:43:32,113 [pool-383-thread-1] INFO  server.RaftServerConfigKeys (ConfUtils.java:logGet(43)) - raft.server.rpcslowness.timeout = 120s (custom)
2019-08-30 23:43:32,114 [pool-383-thread-1] INFO  server.RaftServerConfigKeys (ConfUtils.java:logGet(43)) - raft.server.sleep.deviation.threshold = 300 (default)
2019-08-30 23:43:32,114 [pool-383-thread-1] INFO  server.RaftServerConfigKeys (ConfUtils.java:logGet(43)) - raft.server.log.appender.install.snapshot.enabled = false (custom)
2019-08-30 23:43:32,114 [pool-383-thread-1] INFO  impl.RaftServerImpl (ServerState.java:<init>(105)) - 49133c72-97ee-4f5b-8326-c41119f62149:group-003973421ECB ConfigurationManager, init=-1: [49133c72-97ee-4f5b-8326-c41119f62149:192.168.69.97:41934], old=null, confs=<EMPTY_MAP>
2019-08-30 23:43:32,114 [pool-383-thread-1] INFO  server.RaftServerConfigKeys (ConfUtils.java:logGet(43)) - raft.server.storage.dir = [/workdir/hadoop-ozone/integration-test/target/test-dir/MiniOzoneClusterImpl-62ef20f9-c776-4926-95e7-c8159edef3f9/datanode-0/data/ratis] (custom)
2019-08-30 23:43:32,115 [pool-383-thread-1] INFO  storage.RaftStorageDirectory (RaftStorageDirectory.java:analyzeStorage(246)) - The storage directory /workdir/hadoop-ozone/integration-test/target/test-dir/MiniOzoneClusterImpl-62ef20f9-c776-4926-95e7-c8159edef3f9/datanode-0/data/ratis/cb1b1b36-d0e3-459f-8624-003973421ecb does not exist. Creating ...
2019-08-30 23:43:32,151 [pool-383-thread-1] INFO  storage.RaftStorageDirectory (RaftStorageDirectory.java:tryLock(328)) - Lock on /workdir/hadoop-ozone/integration-test/target/test-dir/MiniOzoneClusterImpl-62ef20f9-c776-4926-95e7-c8159edef3f9/datanode-0/data/ratis/cb1b1b36-d0e3-459f-8624-003973421ecb/in_use.lock acquired by nodename 31468@pr-hdds-2065-gthbc-3516972114
2019-08-30 23:43:32,168 [pool-383-thread-1] INFO  storage.RaftStorage (RaftStorage.java:format(72)) - Storage directory /workdir/hadoop-ozone/integration-test/target/test-dir/MiniOzoneClusterImpl-62ef20f9-c776-4926-95e7-c8159edef3f9/datanode-0/data/ratis/cb1b1b36-d0e3-459f-8624-003973421ecb has been successfully formatted.
2019-08-30 23:43:32,169 [pool-383-thread-1] INFO  ratis.ContainerStateMachine (ContainerStateMachine.java:loadSnapshot(227)) - group-003973421ECB: The snapshot info is null. Setting the last applied indexto:(t:0, i:~)
2019-08-30 23:43:32,169 [pool-383-thread-1] INFO  server.RaftServerConfigKeys (ConfUtils.java:logGet(43)) - raft.server.leader.election.timeout = 120s (custom)
2019-08-30 23:43:32,169 [pool-383-thread-1] INFO  server.RaftServerConfigKeys (ConfUtils.java:logGet(43)) - raft.server.log.use.memory = false (default)
2019-08-30 23:43:32,169 [pool-383-thread-1] INFO  server.RaftServerConfigKeys (ConfUtils.java:logGet(43)) - raft.server.log.purge.gap = 1000000 (custom)
2019-08-30 23:43:32,169 [pool-383-thread-1] INFO  server.RaftServerConfigKeys (ConfUtils.java:logGet(43)) - raft.server.log.appender.buffer.byte-limit = 33554432 (custom)
2019-08-30 23:43:32,169 [pool-383-thread-1] INFO  server.RaftServerConfigKeys (ConfUtils.java:logGet(43)) - raft.server.log.segment.size.max = 1048576 (custom)
2019-08-30 23:43:32,170 [pool-383-thread-1] INFO  server.RaftServerConfigKeys (ConfUtils.java:logGet(43)) - raft.server.log.segment.cache.num.max = 2 (custom)
2019-08-30 23:43:32,170 [pool-383-thread-1] INFO  segmented.SegmentedRaftLogWorker (SegmentedRaftLogWorker.java:<init>(172)) - new 49133c72-97ee-4f5b-8326-c41119f62149-SegmentedRaftLogWorker:Storage Directory /workdir/hadoop-ozone/integration-test/target/test-dir/MiniOzoneClusterImpl-62ef20f9-c776-4926-95e7-c8159edef3f9/datanode-0/data/ratis/cb1b1b36-d0e3-459f-8624-003973421ecb for RaftStorage:Storage Directory /workdir/hadoop-ozone/integration-test/target/test-dir/MiniOzoneClusterImpl-62ef20f9-c776-4926-95e7-c8159edef3f9/datanode-0/data/ratis/cb1b1b36-d0e3-459f-8624-003973421ecb
2019-08-30 23:43:32,170 [pool-383-thread-1] INFO  server.RaftServerConfigKeys (ConfUtils.java:logGet(43)) - raft.server.log.queue.byte-limit = 2147483647 (custom)
2019-08-30 23:43:32,170 [pool-383-thread-1] INFO  server.RaftServerConfigKeys (ConfUtils.java:logGet(43)) - raft.server.log.queue.element-limit = 1024 (custom)
2019-08-30 23:43:32,170 [pool-383-thread-1] INFO  server.RaftServerConfigKeys (ConfUtils.java:logGet(43)) - raft.server.log.segment.size.max = 1048576 (custom)
2019-08-30 23:43:32,171 [pool-383-thread-1] INFO  server.RaftServerConfigKeys (ConfUtils.java:logGet(43)) - raft.server.log.preallocated.size = 16384 (custom)
2019-08-30 23:43:32,171 [pool-383-thread-1] INFO  server.RaftServerConfigKeys (ConfUtils.java:logGet(43)) - raft.server.log.write.buffer.size = 33554432 (custom)
2019-08-30 23:43:32,171 [pool-383-thread-1] INFO  server.RaftServerConfigKeys (ConfUtils.java:logGet(43)) - raft.server.log.force.sync.num = 128 (default)
2019-08-30 23:43:32,171 [pool-383-thread-1] INFO  server.RaftServerConfigKeys (ConfUtils.java:logGet(43)) - raft.server.log.statemachine.data.sync = true (default)
2019-08-30 23:43:32,171 [pool-383-thread-1] INFO  server.RaftServerConfigKeys (ConfUtils.java:logGet(43)) - raft.server.log.statemachine.data.sync.timeout = 10s (default)
2019-08-30 23:43:32,171 [pool-383-thread-1] INFO  server.RaftServerConfigKeys (ConfUtils.java:logGet(43)) - raft.server.log.statemachine.data.sync.timeout.retry = -1 (default)
2019-08-30 23:43:32,172 [pool-383-thread-1] INFO  server.RaftServerConfigKeys (ConfUtils.java:logGet(43)) - raft.server.log.statemachine.data.caching.enabled = true (custom)
2019-08-30 23:43:32,172 [pool-383-thread-1] INFO  segmented.SegmentedRaftLogWorker (SegmentedRaftLogWorker.java:lambda$new$0(132)) - 49133c72-97ee-4f5b-8326-c41119f62149-SegmentedRaftLogWorker:Storage Directory /workdir/hadoop-ozone/integration-test/target/test-dir/MiniOzoneClusterImpl-62ef20f9-c776-4926-95e7-c8159edef3f9/datanode-0/data/ratis/cb1b1b36-d0e3-459f-8624-003973421ecb: flushIndex: setUnconditionally 0 -> -1
2019-08-30 23:43:32,172 [pool-383-thread-1] INFO  server.RaftServerConfigKeys (ConfUtils.java:logGet(43)) - raft.server.snapshot.auto.trigger.enabled = true (custom)
2019-08-30 23:43:32,172 [pool-383-thread-1] INFO  server.RaftServerConfigKeys (ConfUtils.java:logGet(43)) - raft.server.snapshot.auto.trigger.threshold = 10000 (custom)
2019-08-30 23:43:32,173 [pool-383-thread-1] INFO  server.RaftServerConfigKeys (ConfUtils.java:logGet(43)) - raft.server.retrycache.expirytime = 600000ms (custom)
2019-08-30 23:43:32,173 [pool-383-thread-1] INFO  impl.RaftServerImpl (RaftServerImpl.java:start(180)) - 49133c72-97ee-4f5b-8326-c41119f62149: start group-003973421ECB
2019-08-30 23:43:32,173 [pool-383-thread-1] INFO  impl.RaftServerImpl (RaftServerImpl.java:setRole(171)) - 49133c72-97ee-4f5b-8326-c41119f62149:group-003973421ECB changes role from null to FOLLOWER at term 0 for startAsFollower
2019-08-30 23:43:32,173 [pool-383-thread-1] INFO  impl.RoleInfo (RoleInfo.java:updateAndGet(143)) - 49133c72-97ee-4f5b-8326-c41119f62149: start FollowerState
2019-08-30 23:43:32,174 [pool-383-thread-1] INFO  util.JmxRegister (JmxRegister.java:tryRegister(44)) - Successfully registered JMX Bean with object name Ratis:service=RaftServer,group=group-003973421ECB,id=49133c72-97ee-4f5b-8326-c41119f62149
2019-08-30 23:43:32,177 [IPC Server handler 1 on 46454] INFO  net.NetworkTopology (NetworkTopologyImpl.java:add(110)) - Added a new node: /default-rack/3783777b-1fb4-4f24-9c63-bcb2e3390ead
2019-08-30 23:43:32,177 [IPC Server handler 1 on 46454] INFO  node.SCMNodeManager (SCMNodeManager.java:register(266)) - Registered Data node : 3783777b-1fb4-4f24-9c63-bcb2e3390ead{ip: 192.168.69.97, host: pr-hdds-2065-gthbc-3516972114, networkLocation: /default-rack, certSerialId: null}
2019-08-30 23:43:32,196 [RatisPipelineUtilsThread] INFO  pipeline.PipelineStateManager (PipelineStateManager.java:addPipeline(56)) - Created pipeline Pipeline[ Id: cb1b1b36-d0e3-459f-8624-003973421ecb, Nodes: 49133c72-97ee-4f5b-8326-c41119f62149{ip: 192.168.69.97, host: pr-hdds-2065-gthbc-3516972114, networkLocation: /default-rack, certSerialId: null}, Type:RATIS, Factor:ONE, State:OPEN]
2019-08-30 23:43:32,206 [grpc-default-executor-10] INFO  impl.RaftServerProxy (RaftServerProxy.java:addNew(89)) - 3783777b-1fb4-4f24-9c63-bcb2e3390ead: addNew group-1D40CA73BFAE:[3783777b-1fb4-4f24-9c63-bcb2e3390ead:192.168.69.97:33759] returns group-1D40CA73BFAE:java.util.concurrent.CompletableFuture@528d825[Not completed]
2019-08-30 23:43:32,208 [pool-393-thread-1] INFO  impl.RaftServerImpl (RaftServerImpl.java:<init>(93)) - 3783777b-1fb4-4f24-9c63-bcb2e3390ead: new RaftServerImpl for group-1D40CA73BFAE:[3783777b-1fb4-4f24-9c63-bcb2e3390ead:192.168.69.97:33759] with ContainerStateMachine:uninitialized
2019-08-30 23:43:32,208 [pool-393-thread-1] INFO  server.RaftServerConfigKeys (ConfUtils.java:logGet(43)) - raft.server.rpc.timeout.min = 5s (custom)
2019-08-30 23:43:32,209 [pool-393-thread-1] INFO  server.RaftServerConfigKeys (ConfUtils.java:logGet(43)) - raft.server.rpc.timeout.max = 5200ms (custom)
2019-08-30 23:43:32,209 [pool-393-thread-1] INFO  server.RaftServerConfigKeys (ConfUtils.java:logGet(43)) - raft.server.rpcslowness.timeout = 120s (custom)
2019-08-30 23:43:32,209 [pool-393-thread-1] INFO  server.RaftServerConfigKeys (ConfUtils.java:logGet(43)) - raft.server.sleep.deviation.threshold = 300 (default)
2019-08-30 23:43:32,209 [pool-393-thread-1] INFO  server.RaftServerConfigKeys (ConfUtils.java:logGet(43)) - raft.server.log.appender.install.snapshot.enabled = false (custom)
2019-08-30 23:43:32,209 [pool-393-thread-1] INFO  impl.RaftServerImpl (ServerState.java:<init>(105)) - 3783777b-1fb4-4f24-9c63-bcb2e3390ead:group-1D40CA73BFAE ConfigurationManager, init=-1: [3783777b-1fb4-4f24-9c63-bcb2e3390ead:192.168.69.97:33759], old=null, confs=<EMPTY_MAP>
2019-08-30 23:43:32,210 [pool-393-thread-1] INFO  server.RaftServerConfigKeys (ConfUtils.java:logGet(43)) - raft.server.storage.dir = [/workdir/hadoop-ozone/integration-test/target/test-dir/MiniOzoneClusterImpl-62ef20f9-c776-4926-95e7-c8159edef3f9/datanode-1/data/ratis] (custom)
2019-08-30 23:43:32,210 [pool-393-thread-1] INFO  storage.RaftStorageDirectory (RaftStorageDirectory.java:analyzeStorage(246)) - The storage directory /workdir/hadoop-ozone/integration-test/target/test-dir/MiniOzoneClusterImpl-62ef20f9-c776-4926-95e7-c8159edef3f9/datanode-1/data/ratis/ee1e4b02-67e7-48c6-a81e-1d40ca73bfae does not exist. Creating ...
2019-08-30 23:43:32,227 [pool-393-thread-1] INFO  storage.RaftStorageDirectory (RaftStorageDirectory.java:tryLock(328)) - Lock on /workdir/hadoop-ozone/integration-test/target/test-dir/MiniOzoneClusterImpl-62ef20f9-c776-4926-95e7-c8159edef3f9/datanode-1/data/ratis/ee1e4b02-67e7-48c6-a81e-1d40ca73bfae/in_use.lock acquired by nodename 31468@pr-hdds-2065-gthbc-3516972114
2019-08-30 23:43:32,250 [IPC Server handler 3 on 46454] INFO  net.NetworkTopology (NetworkTopologyImpl.java:add(110)) - Added a new node: /default-rack/f57195ff-03b4-43f7-9ab5-53c6bdff4b8a
2019-08-30 23:43:32,250 [IPC Server handler 3 on 46454] INFO  node.SCMNodeManager (SCMNodeManager.java:register(266)) - Registered Data node : f57195ff-03b4-43f7-9ab5-53c6bdff4b8a{ip: 192.168.69.97, host: pr-hdds-2065-gthbc-3516972114, networkLocation: /default-rack, certSerialId: null}
2019-08-30 23:43:32,253 [pool-393-thread-1] INFO  storage.RaftStorage (RaftStorage.java:format(72)) - Storage directory /workdir/hadoop-ozone/integration-test/target/test-dir/MiniOzoneClusterImpl-62ef20f9-c776-4926-95e7-c8159edef3f9/datanode-1/data/ratis/ee1e4b02-67e7-48c6-a81e-1d40ca73bfae has been successfully formatted.
2019-08-30 23:43:32,253 [pool-393-thread-1] INFO  ratis.ContainerStateMachine (ContainerStateMachine.java:loadSnapshot(227)) - group-1D40CA73BFAE: The snapshot info is null. Setting the last applied indexto:(t:0, i:~)
2019-08-30 23:43:32,253 [pool-393-thread-1] INFO  server.RaftServerConfigKeys (ConfUtils.java:logGet(43)) - raft.server.leader.election.timeout = 120s (custom)
2019-08-30 23:43:32,253 [pool-393-thread-1] INFO  server.RaftServerConfigKeys (ConfUtils.java:logGet(43)) - raft.server.log.use.memory = false (default)
2019-08-30 23:43:32,254 [pool-393-thread-1] INFO  server.RaftServerConfigKeys (ConfUtils.java:logGet(43)) - raft.server.log.purge.gap = 1000000 (custom)
2019-08-30 23:43:32,254 [pool-393-thread-1] INFO  server.RaftServerConfigKeys (ConfUtils.java:logGet(43)) - raft.server.log.appender.buffer.byte-limit = 33554432 (custom)
2019-08-30 23:43:32,254 [pool-393-thread-1] INFO  server.RaftServerConfigKeys (ConfUtils.java:logGet(43)) - raft.server.log.segment.size.max = 1048576 (custom)
2019-08-30 23:43:32,254 [pool-393-thread-1] INFO  server.RaftServerConfigKeys (ConfUtils.java:logGet(43)) - raft.server.log.segment.cache.num.max = 2 (custom)
2019-08-30 23:43:32,254 [pool-393-thread-1] INFO  segmented.SegmentedRaftLogWorker (SegmentedRaftLogWorker.java:<init>(172)) - new 3783777b-1fb4-4f24-9c63-bcb2e3390ead-SegmentedRaftLogWorker:Storage Directory /workdir/hadoop-ozone/integration-test/target/test-dir/MiniOzoneClusterImpl-62ef20f9-c776-4926-95e7-c8159edef3f9/datanode-1/data/ratis/ee1e4b02-67e7-48c6-a81e-1d40ca73bfae for RaftStorage:Storage Directory /workdir/hadoop-ozone/integration-test/target/test-dir/MiniOzoneClusterImpl-62ef20f9-c776-4926-95e7-c8159edef3f9/datanode-1/data/ratis/ee1e4b02-67e7-48c6-a81e-1d40ca73bfae
2019-08-30 23:43:32,254 [pool-393-thread-1] INFO  server.RaftServerConfigKeys (ConfUtils.java:logGet(43)) - raft.server.log.queue.byte-limit = 2147483647 (custom)
2019-08-30 23:43:32,255 [pool-393-thread-1] INFO  server.RaftServerConfigKeys (ConfUtils.java:logGet(43)) - raft.server.log.queue.element-limit = 1024 (custom)
2019-08-30 23:43:32,255 [pool-393-thread-1] INFO  server.RaftServerConfigKeys (ConfUtils.java:logGet(43)) - raft.server.log.segment.size.max = 1048576 (custom)
2019-08-30 23:43:32,255 [pool-393-thread-1] INFO  server.RaftServerConfigKeys (ConfUtils.java:logGet(43)) - raft.server.log.preallocated.size = 16384 (custom)
2019-08-30 23:43:32,255 [pool-393-thread-1] INFO  server.RaftServerConfigKeys (ConfUtils.java:logGet(43)) - raft.server.log.write.buffer.size = 33554432 (custom)
2019-08-30 23:43:32,255 [pool-393-thread-1] INFO  server.RaftServerConfigKeys (ConfUtils.java:logGet(43)) - raft.server.log.force.sync.num = 128 (default)
2019-08-30 23:43:32,256 [pool-393-thread-1] INFO  server.RaftServerConfigKeys (ConfUtils.java:logGet(43)) - raft.server.log.statemachine.data.sync = true (default)
2019-08-30 23:43:32,256 [pool-393-thread-1] INFO  server.RaftServerConfigKeys (ConfUtils.java:logGet(43)) - raft.server.log.statemachine.data.sync.timeout = 10s (default)
2019-08-30 23:43:32,256 [pool-393-thread-1] INFO  server.RaftServerConfigKeys (ConfUtils.java:logGet(43)) - raft.server.log.statemachine.data.sync.timeout.retry = -1 (default)
2019-08-30 23:43:32,256 [pool-393-thread-1] INFO  server.RaftServerConfigKeys (ConfUtils.java:logGet(43)) - raft.server.log.statemachine.data.caching.enabled = true (custom)
2019-08-30 23:43:32,257 [pool-393-thread-1] INFO  segmented.SegmentedRaftLogWorker (SegmentedRaftLogWorker.java:lambda$new$0(132)) - 3783777b-1fb4-4f24-9c63-bcb2e3390ead-SegmentedRaftLogWorker:Storage Directory /workdir/hadoop-ozone/integration-test/target/test-dir/MiniOzoneClusterImpl-62ef20f9-c776-4926-95e7-c8159edef3f9/datanode-1/data/ratis/ee1e4b02-67e7-48c6-a81e-1d40ca73bfae: flushIndex: setUnconditionally 0 -> -1
2019-08-30 23:43:32,258 [pool-393-thread-1] INFO  server.RaftServerConfigKeys (ConfUtils.java:logGet(43)) - raft.server.snapshot.auto.trigger.enabled = true (custom)
2019-08-30 23:43:32,258 [pool-393-thread-1] INFO  server.RaftServerConfigKeys (ConfUtils.java:logGet(43)) - raft.server.snapshot.auto.trigger.threshold = 10000 (custom)
2019-08-30 23:43:32,259 [pool-393-thread-1] INFO  server.RaftServerConfigKeys (ConfUtils.java:logGet(43)) - raft.server.retrycache.expirytime = 600000ms (custom)
2019-08-30 23:43:32,259 [pool-393-thread-1] INFO  impl.RaftServerImpl (RaftServerImpl.java:start(180)) - 3783777b-1fb4-4f24-9c63-bcb2e3390ead: start group-1D40CA73BFAE
2019-08-30 23:43:32,259 [pool-393-thread-1] INFO  impl.RaftServerImpl (RaftServerImpl.java:setRole(171)) - 3783777b-1fb4-4f24-9c63-bcb2e3390ead:group-1D40CA73BFAE changes role from null to FOLLOWER at term 0 for startAsFollower
2019-08-30 23:43:32,259 [pool-393-thread-1] INFO  impl.RoleInfo (RoleInfo.java:updateAndGet(143)) - 3783777b-1fb4-4f24-9c63-bcb2e3390ead: start FollowerState
2019-08-30 23:43:32,260 [pool-393-thread-1] INFO  util.JmxRegister (JmxRegister.java:tryRegister(44)) - Successfully registered JMX Bean with object name Ratis:service=RaftServer,group=group-1D40CA73BFAE,id=3783777b-1fb4-4f24-9c63-bcb2e3390ead
2019-08-30 23:43:32,264 [RatisPipelineUtilsThread] INFO  pipeline.PipelineStateManager (PipelineStateManager.java:addPipeline(56)) - Created pipeline Pipeline[ Id: ee1e4b02-67e7-48c6-a81e-1d40ca73bfae, Nodes: 3783777b-1fb4-4f24-9c63-bcb2e3390ead{ip: 192.168.69.97, host: pr-hdds-2065-gthbc-3516972114, networkLocation: /default-rack, certSerialId: null}, Type:RATIS, Factor:ONE, State:OPEN]
2019-08-30 23:43:32,273 [grpc-default-executor-10] INFO  impl.RaftServerProxy (RaftServerProxy.java:addNew(89)) - f57195ff-03b4-43f7-9ab5-53c6bdff4b8a: addNew group-7D100ADA1CC1:[f57195ff-03b4-43f7-9ab5-53c6bdff4b8a:192.168.69.97:32914] returns group-7D100ADA1CC1:java.util.concurrent.CompletableFuture@1c668603[Not completed]
2019-08-30 23:43:32,275 [pool-403-thread-1] INFO  impl.RaftServerImpl (RaftServerImpl.java:<init>(93)) - f57195ff-03b4-43f7-9ab5-53c6bdff4b8a: new RaftServerImpl for group-7D100ADA1CC1:[f57195ff-03b4-43f7-9ab5-53c6bdff4b8a:192.168.69.97:32914] with ContainerStateMachine:uninitialized
2019-08-30 23:43:32,275 [pool-403-thread-1] INFO  server.RaftServerConfigKeys (ConfUtils.java:logGet(43)) - raft.server.rpc.timeout.min = 5s (custom)
2019-08-30 23:43:32,275 [pool-403-thread-1] INFO  server.RaftServerConfigKeys (ConfUtils.java:logGet(43)) - raft.server.rpc.timeout.max = 5200ms (custom)
2019-08-30 23:43:32,275 [pool-403-thread-1] INFO  server.RaftServerConfigKeys (ConfUtils.java:logGet(43)) - raft.server.rpcslowness.timeout = 120s (custom)
2019-08-30 23:43:32,275 [pool-403-thread-1] INFO  server.RaftServerConfigKeys (ConfUtils.java:logGet(43)) - raft.server.sleep.deviation.threshold = 300 (default)
2019-08-30 23:43:32,275 [pool-403-thread-1] INFO  server.RaftServerConfigKeys (ConfUtils.java:logGet(43)) - raft.server.log.appender.install.snapshot.enabled = false (custom)
2019-08-30 23:43:32,276 [pool-403-thread-1] INFO  impl.RaftServerImpl (ServerState.java:<init>(105)) - f57195ff-03b4-43f7-9ab5-53c6bdff4b8a:group-7D100ADA1CC1 ConfigurationManager, init=-1: [f57195ff-03b4-43f7-9ab5-53c6bdff4b8a:192.168.69.97:32914], old=null, confs=<EMPTY_MAP>
2019-08-30 23:43:32,276 [pool-403-thread-1] INFO  server.RaftServerConfigKeys (ConfUtils.java:logGet(43)) - raft.server.storage.dir = [/workdir/hadoop-ozone/integration-test/target/test-dir/MiniOzoneClusterImpl-62ef20f9-c776-4926-95e7-c8159edef3f9/datanode-2/data/ratis] (custom)
2019-08-30 23:43:32,276 [pool-403-thread-1] INFO  storage.RaftStorageDirectory (RaftStorageDirectory.java:analyzeStorage(246)) - The storage directory /workdir/hadoop-ozone/integration-test/target/test-dir/MiniOzoneClusterImpl-62ef20f9-c776-4926-95e7-c8159edef3f9/datanode-2/data/ratis/923ecb36-4b4c-492a-9ba4-7d100ada1cc1 does not exist. Creating ...
2019-08-30 23:43:32,295 [pool-403-thread-1] INFO  storage.RaftStorageDirectory (RaftStorageDirectory.java:tryLock(328)) - Lock on /workdir/hadoop-ozone/integration-test/target/test-dir/MiniOzoneClusterImpl-62ef20f9-c776-4926-95e7-c8159edef3f9/datanode-2/data/ratis/923ecb36-4b4c-492a-9ba4-7d100ada1cc1/in_use.lock acquired by nodename 31468@pr-hdds-2065-gthbc-3516972114
2019-08-30 23:43:32,310 [IPC Server handler 5 on 46454] INFO  net.NetworkTopology (NetworkTopologyImpl.java:add(110)) - Added a new node: /default-rack/0c63e151-bdc2-459f-8160-ea1ede0a49fd
2019-08-30 23:43:32,311 [IPC Server handler 5 on 46454] INFO  node.SCMNodeManager (SCMNodeManager.java:register(266)) - Registered Data node : 0c63e151-bdc2-459f-8160-ea1ede0a49fd{ip: 192.168.69.97, host: pr-hdds-2065-gthbc-3516972114, networkLocation: /default-rack, certSerialId: null}
2019-08-30 23:43:32,312 [pool-403-thread-1] INFO  storage.RaftStorage (RaftStorage.java:format(72)) - Storage directory /workdir/hadoop-ozone/integration-test/target/test-dir/MiniOzoneClusterImpl-62ef20f9-c776-4926-95e7-c8159edef3f9/datanode-2/data/ratis/923ecb36-4b4c-492a-9ba4-7d100ada1cc1 has been successfully formatted.
2019-08-30 23:43:32,312 [pool-403-thread-1] INFO  ratis.ContainerStateMachine (ContainerStateMachine.java:loadSnapshot(227)) - group-7D100ADA1CC1: The snapshot info is null. Setting the last applied indexto:(t:0, i:~)
2019-08-30 23:43:32,312 [pool-403-thread-1] INFO  server.RaftServerConfigKeys (ConfUtils.java:logGet(43)) - raft.server.leader.election.timeout = 120s (custom)
2019-08-30 23:43:32,313 [pool-403-thread-1] INFO  server.RaftServerConfigKeys (ConfUtils.java:logGet(43)) - raft.server.log.use.memory = false (default)
2019-08-30 23:43:32,313 [pool-403-thread-1] INFO  server.RaftServerConfigKeys (ConfUtils.java:logGet(43)) - raft.server.log.purge.gap = 1000000 (custom)
2019-08-30 23:43:32,313 [pool-403-thread-1] INFO  server.RaftServerConfigKeys (ConfUtils.java:logGet(43)) - raft.server.log.appender.buffer.byte-limit = 33554432 (custom)
2019-08-30 23:43:32,313 [pool-403-thread-1] INFO  server.RaftServerConfigKeys (ConfUtils.java:logGet(43)) - raft.server.log.segment.size.max = 1048576 (custom)
2019-08-30 23:43:32,313 [pool-403-thread-1] INFO  server.RaftServerConfigKeys (ConfUtils.java:logGet(43)) - raft.server.log.segment.cache.num.max = 2 (custom)
2019-08-30 23:43:32,314 [pool-403-thread-1] INFO  segmented.SegmentedRaftLogWorker (SegmentedRaftLogWorker.java:<init>(172)) - new f57195ff-03b4-43f7-9ab5-53c6bdff4b8a-SegmentedRaftLogWorker:Storage Directory /workdir/hadoop-ozone/integration-test/target/test-dir/MiniOzoneClusterImpl-62ef20f9-c776-4926-95e7-c8159edef3f9/datanode-2/data/ratis/923ecb36-4b4c-492a-9ba4-7d100ada1cc1 for RaftStorage:Storage Directory /workdir/hadoop-ozone/integration-test/target/test-dir/MiniOzoneClusterImpl-62ef20f9-c776-4926-95e7-c8159edef3f9/datanode-2/data/ratis/923ecb36-4b4c-492a-9ba4-7d100ada1cc1
2019-08-30 23:43:32,314 [pool-403-thread-1] INFO  server.RaftServerConfigKeys (ConfUtils.java:logGet(43)) - raft.server.log.queue.byte-limit = 2147483647 (custom)
2019-08-30 23:43:32,314 [pool-403-thread-1] INFO  server.RaftServerConfigKeys (ConfUtils.java:logGet(43)) - raft.server.log.queue.element-limit = 1024 (custom)
2019-08-30 23:43:32,314 [pool-403-thread-1] INFO  server.RaftServerConfigKeys (ConfUtils.java:logGet(43)) - raft.server.log.segment.size.max = 1048576 (custom)
2019-08-30 23:43:32,314 [pool-403-thread-1] INFO  server.RaftServerConfigKeys (ConfUtils.java:logGet(43)) - raft.server.log.preallocated.size = 16384 (custom)
2019-08-30 23:43:32,315 [pool-403-thread-1] INFO  server.RaftServerConfigKeys (ConfUtils.java:logGet(43)) - raft.server.log.write.buffer.size = 33554432 (custom)
2019-08-30 23:43:32,315 [pool-403-thread-1] INFO  server.RaftServerConfigKeys (ConfUtils.java:logGet(43)) - raft.server.log.force.sync.num = 128 (default)
2019-08-30 23:43:32,315 [pool-403-thread-1] INFO  server.RaftServerConfigKeys (ConfUtils.java:logGet(43)) - raft.server.log.statemachine.data.sync = true (default)
2019-08-30 23:43:32,315 [pool-403-thread-1] INFO  server.RaftServerConfigKeys (ConfUtils.java:logGet(43)) - raft.server.log.statemachine.data.sync.timeout = 10s (default)
2019-08-30 23:43:32,315 [pool-403-thread-1] INFO  server.RaftServerConfigKeys (ConfUtils.java:logGet(43)) - raft.server.log.statemachine.data.sync.timeout.retry = -1 (default)
2019-08-30 23:43:32,315 [pool-403-thread-1] INFO  server.RaftServerConfigKeys (ConfUtils.java:logGet(43)) - raft.server.log.statemachine.data.caching.enabled = true (custom)
2019-08-30 23:43:32,316 [pool-403-thread-1] INFO  segmented.SegmentedRaftLogWorker (SegmentedRaftLogWorker.java:lambda$new$0(132)) - f57195ff-03b4-43f7-9ab5-53c6bdff4b8a-SegmentedRaftLogWorker:Storage Directory /workdir/hadoop-ozone/integration-test/target/test-dir/MiniOzoneClusterImpl-62ef20f9-c776-4926-95e7-c8159edef3f9/datanode-2/data/ratis/923ecb36-4b4c-492a-9ba4-7d100ada1cc1: flushIndex: setUnconditionally 0 -> -1
2019-08-30 23:43:32,316 [pool-403-thread-1] INFO  server.RaftServerConfigKeys (ConfUtils.java:logGet(43)) - raft.server.snapshot.auto.trigger.enabled = true (custom)
2019-08-30 23:43:32,316 [pool-403-thread-1] INFO  server.RaftServerConfigKeys (ConfUtils.java:logGet(43)) - raft.server.snapshot.auto.trigger.threshold = 10000 (custom)
2019-08-30 23:43:32,317 [pool-403-thread-1] INFO  server.RaftServerConfigKeys (ConfUtils.java:logGet(43)) - raft.server.retrycache.expirytime = 600000ms (custom)
2019-08-30 23:43:32,317 [pool-403-thread-1] INFO  impl.RaftServerImpl (RaftServerImpl.java:start(180)) - f57195ff-03b4-43f7-9ab5-53c6bdff4b8a: start group-7D100ADA1CC1
2019-08-30 23:43:32,317 [pool-403-thread-1] INFO  impl.RaftServerImpl (RaftServerImpl.java:setRole(171)) - f57195ff-03b4-43f7-9ab5-53c6bdff4b8a:group-7D100ADA1CC1 changes role from null to FOLLOWER at term 0 for startAsFollower
2019-08-30 23:43:32,317 [pool-403-thread-1] INFO  impl.RoleInfo (RoleInfo.java:updateAndGet(143)) - f57195ff-03b4-43f7-9ab5-53c6bdff4b8a: start FollowerState
2019-08-30 23:43:32,317 [pool-403-thread-1] INFO  util.JmxRegister (JmxRegister.java:tryRegister(44)) - Successfully registered JMX Bean with object name Ratis:service=RaftServer,group=group-7D100ADA1CC1,id=f57195ff-03b4-43f7-9ab5-53c6bdff4b8a
2019-08-30 23:43:32,321 [RatisPipelineUtilsThread] INFO  pipeline.PipelineStateManager (PipelineStateManager.java:addPipeline(56)) - Created pipeline Pipeline[ Id: 923ecb36-4b4c-492a-9ba4-7d100ada1cc1, Nodes: f57195ff-03b4-43f7-9ab5-53c6bdff4b8a{ip: 192.168.69.97, host: pr-hdds-2065-gthbc-3516972114, networkLocation: /default-rack, certSerialId: null}, Type:RATIS, Factor:ONE, State:OPEN]
2019-08-30 23:43:32,329 [grpc-default-executor-10] INFO  impl.RaftServerProxy (RaftServerProxy.java:addNew(89)) - 0c63e151-bdc2-459f-8160-ea1ede0a49fd: addNew group-4DA71ABE55BA:[0c63e151-bdc2-459f-8160-ea1ede0a49fd:192.168.69.97:38219] returns group-4DA71ABE55BA:java.util.concurrent.CompletableFuture@3c7b1b0a[Not completed]
2019-08-30 23:43:32,330 [pool-413-thread-1] INFO  impl.RaftServerImpl (RaftServerImpl.java:<init>(93)) - 0c63e151-bdc2-459f-8160-ea1ede0a49fd: new RaftServerImpl for group-4DA71ABE55BA:[0c63e151-bdc2-459f-8160-ea1ede0a49fd:192.168.69.97:38219] with ContainerStateMachine:uninitialized
2019-08-30 23:43:32,330 [pool-413-thread-1] INFO  server.RaftServerConfigKeys (ConfUtils.java:logGet(43)) - raft.server.rpc.timeout.min = 5s (custom)
2019-08-30 23:43:32,330 [pool-413-thread-1] INFO  server.RaftServerConfigKeys (ConfUtils.java:logGet(43)) - raft.server.rpc.timeout.max = 5200ms (custom)
2019-08-30 23:43:32,331 [pool-413-thread-1] INFO  server.RaftServerConfigKeys (ConfUtils.java:logGet(43)) - raft.server.rpcslowness.timeout = 120s (custom)
2019-08-30 23:43:32,331 [pool-413-thread-1] INFO  server.RaftServerConfigKeys (ConfUtils.java:logGet(43)) - raft.server.sleep.deviation.threshold = 300 (default)
2019-08-30 23:43:32,331 [pool-413-thread-1] INFO  server.RaftServerConfigKeys (ConfUtils.java:logGet(43)) - raft.server.log.appender.install.snapshot.enabled = false (custom)
2019-08-30 23:43:32,331 [pool-413-thread-1] INFO  impl.RaftServerImpl (ServerState.java:<init>(105)) - 0c63e151-bdc2-459f-8160-ea1ede0a49fd:group-4DA71ABE55BA ConfigurationManager, init=-1: [0c63e151-bdc2-459f-8160-ea1ede0a49fd:192.168.69.97:38219], old=null, confs=<EMPTY_MAP>
2019-08-30 23:43:32,331 [pool-413-thread-1] INFO  server.RaftServerConfigKeys (ConfUtils.java:logGet(43)) - raft.server.storage.dir = [/workdir/hadoop-ozone/integration-test/target/test-dir/MiniOzoneClusterImpl-62ef20f9-c776-4926-95e7-c8159edef3f9/datanode-3/data/ratis] (custom)
2019-08-30 23:43:32,332 [pool-413-thread-1] INFO  storage.RaftStorageDirectory (RaftStorageDirectory.java:analyzeStorage(246)) - The storage directory /workdir/hadoop-ozone/integration-test/target/test-dir/MiniOzoneClusterImpl-62ef20f9-c776-4926-95e7-c8159edef3f9/datanode-3/data/ratis/58d9986a-f5bd-4a27-8daa-4da71abe55ba does not exist. Creating ...
2019-08-30 23:43:32,354 [pool-413-thread-1] INFO  storage.RaftStorageDirectory (RaftStorageDirectory.java:tryLock(328)) - Lock on /workdir/hadoop-ozone/integration-test/target/test-dir/MiniOzoneClusterImpl-62ef20f9-c776-4926-95e7-c8159edef3f9/datanode-3/data/ratis/58d9986a-f5bd-4a27-8daa-4da71abe55ba/in_use.lock acquired by nodename 31468@pr-hdds-2065-gthbc-3516972114
2019-08-30 23:43:32,371 [pool-413-thread-1] INFO  storage.RaftStorage (RaftStorage.java:format(72)) - Storage directory /workdir/hadoop-ozone/integration-test/target/test-dir/MiniOzoneClusterImpl-62ef20f9-c776-4926-95e7-c8159edef3f9/datanode-3/data/ratis/58d9986a-f5bd-4a27-8daa-4da71abe55ba has been successfully formatted.
2019-08-30 23:43:32,371 [pool-413-thread-1] INFO  ratis.ContainerStateMachine (ContainerStateMachine.java:loadSnapshot(227)) - group-4DA71ABE55BA: The snapshot info is null. Setting the last applied indexto:(t:0, i:~)
2019-08-30 23:43:32,372 [pool-413-thread-1] INFO  server.RaftServerConfigKeys (ConfUtils.java:logGet(43)) - raft.server.leader.election.timeout = 120s (custom)
2019-08-30 23:43:32,372 [pool-413-thread-1] INFO  server.RaftServerConfigKeys (ConfUtils.java:logGet(43)) - raft.server.log.use.memory = false (default)
2019-08-30 23:43:32,372 [pool-413-thread-1] INFO  server.RaftServerConfigKeys (ConfUtils.java:logGet(43)) - raft.server.log.purge.gap = 1000000 (custom)
2019-08-30 23:43:32,372 [pool-413-thread-1] INFO  server.RaftServerConfigKeys (ConfUtils.java:logGet(43)) - raft.server.log.appender.buffer.byte-limit = 33554432 (custom)
2019-08-30 23:43:32,372 [pool-413-thread-1] INFO  server.RaftServerConfigKeys (ConfUtils.java:logGet(43)) - raft.server.log.segment.size.max = 1048576 (custom)
2019-08-30 23:43:32,372 [pool-413-thread-1] INFO  server.RaftServerConfigKeys (ConfUtils.java:logGet(43)) - raft.server.log.segment.cache.num.max = 2 (custom)
2019-08-30 23:43:32,372 [pool-413-thread-1] INFO  segmented.SegmentedRaftLogWorker (SegmentedRaftLogWorker.java:<init>(172)) - new 0c63e151-bdc2-459f-8160-ea1ede0a49fd-SegmentedRaftLogWorker:Storage Directory /workdir/hadoop-ozone/integration-test/target/test-dir/MiniOzoneClusterImpl-62ef20f9-c776-4926-95e7-c8159edef3f9/datanode-3/data/ratis/58d9986a-f5bd-4a27-8daa-4da71abe55ba for RaftStorage:Storage Directory /workdir/hadoop-ozone/integration-test/target/test-dir/MiniOzoneClusterImpl-62ef20f9-c776-4926-95e7-c8159edef3f9/datanode-3/data/ratis/58d9986a-f5bd-4a27-8daa-4da71abe55ba
2019-08-30 23:43:32,373 [pool-413-thread-1] INFO  server.RaftServerConfigKeys (ConfUtils.java:logGet(43)) - raft.server.log.queue.byte-limit = 2147483647 (custom)
2019-08-30 23:43:32,373 [pool-413-thread-1] INFO  server.RaftServerConfigKeys (ConfUtils.java:logGet(43)) - raft.server.log.queue.element-limit = 1024 (custom)
2019-08-30 23:43:32,373 [pool-413-thread-1] INFO  server.RaftServerConfigKeys (ConfUtils.java:logGet(43)) - raft.server.log.segment.size.max = 1048576 (custom)
2019-08-30 23:43:32,373 [pool-413-thread-1] INFO  server.RaftServerConfigKeys (ConfUtils.java:logGet(43)) - raft.server.log.preallocated.size = 16384 (custom)
2019-08-30 23:43:32,373 [pool-413-thread-1] INFO  server.RaftServerConfigKeys (ConfUtils.java:logGet(43)) - raft.server.log.write.buffer.size = 33554432 (custom)
2019-08-30 23:43:32,373 [pool-413-thread-1] INFO  server.RaftServerConfigKeys (ConfUtils.java:logGet(43)) - raft.server.log.force.sync.num = 128 (default)
2019-08-30 23:43:32,374 [pool-413-thread-1] INFO  server.RaftServerConfigKeys (ConfUtils.java:logGet(43)) - raft.server.log.statemachine.data.sync = true (default)
2019-08-30 23:43:32,374 [pool-413-thread-1] INFO  server.RaftServerConfigKeys (ConfUtils.java:logGet(43)) - raft.server.log.statemachine.data.sync.timeout = 10s (default)
2019-08-30 23:43:32,374 [pool-413-thread-1] INFO  server.RaftServerConfigKeys (ConfUtils.java:logGet(43)) - raft.server.log.statemachine.data.sync.timeout.retry = -1 (default)
2019-08-30 23:43:32,374 [pool-413-thread-1] INFO  server.RaftServerConfigKeys (ConfUtils.java:logGet(43)) - raft.server.log.statemachine.data.caching.enabled = true (custom)
2019-08-30 23:43:32,375 [pool-413-thread-1] INFO  segmented.SegmentedRaftLogWorker (SegmentedRaftLogWorker.java:lambda$new$0(132)) - 0c63e151-bdc2-459f-8160-ea1ede0a49fd-SegmentedRaftLogWorker:Storage Directory /workdir/hadoop-ozone/integration-test/target/test-dir/MiniOzoneClusterImpl-62ef20f9-c776-4926-95e7-c8159edef3f9/datanode-3/data/ratis/58d9986a-f5bd-4a27-8daa-4da71abe55ba: flushIndex: setUnconditionally 0 -> -1
2019-08-30 23:43:32,375 [IPC Server handler 4 on 46454] INFO  net.NetworkTopology (NetworkTopologyImpl.java:add(110)) - Added a new node: /default-rack/711d5759-b86c-4717-b949-6ebb41eeebe2
2019-08-30 23:43:32,375 [pool-413-thread-1] INFO  server.RaftServerConfigKeys (ConfUtils.java:logGet(43)) - raft.server.snapshot.auto.trigger.enabled = true (custom)
2019-08-30 23:43:32,375 [IPC Server handler 4 on 46454] INFO  node.SCMNodeManager (SCMNodeManager.java:register(266)) - Registered Data node : 711d5759-b86c-4717-b949-6ebb41eeebe2{ip: 192.168.69.97, host: pr-hdds-2065-gthbc-3516972114, networkLocation: /default-rack, certSerialId: null}
2019-08-30 23:43:32,375 [pool-413-thread-1] INFO  server.RaftServerConfigKeys (ConfUtils.java:logGet(43)) - raft.server.snapshot.auto.trigger.threshold = 10000 (custom)
2019-08-30 23:43:32,376 [pool-413-thread-1] INFO  server.RaftServerConfigKeys (ConfUtils.java:logGet(43)) - raft.server.retrycache.expirytime = 600000ms (custom)
2019-08-30 23:43:32,376 [pool-413-thread-1] INFO  impl.RaftServerImpl (RaftServerImpl.java:start(180)) - 0c63e151-bdc2-459f-8160-ea1ede0a49fd: start group-4DA71ABE55BA
2019-08-30 23:43:32,376 [pool-413-thread-1] INFO  impl.RaftServerImpl (RaftServerImpl.java:setRole(171)) - 0c63e151-bdc2-459f-8160-ea1ede0a49fd:group-4DA71ABE55BA changes role from null to FOLLOWER at term 0 for startAsFollower
2019-08-30 23:43:32,376 [pool-413-thread-1] INFO  impl.RoleInfo (RoleInfo.java:updateAndGet(143)) - 0c63e151-bdc2-459f-8160-ea1ede0a49fd: start FollowerState
2019-08-30 23:43:32,377 [pool-413-thread-1] INFO  util.JmxRegister (JmxRegister.java:tryRegister(44)) - Successfully registered JMX Bean with object name Ratis:service=RaftServer,group=group-4DA71ABE55BA,id=0c63e151-bdc2-459f-8160-ea1ede0a49fd
2019-08-30 23:43:32,379 [RatisPipelineUtilsThread] INFO  pipeline.PipelineStateManager (PipelineStateManager.java:addPipeline(56)) - Created pipeline Pipeline[ Id: 58d9986a-f5bd-4a27-8daa-4da71abe55ba, Nodes: 0c63e151-bdc2-459f-8160-ea1ede0a49fd{ip: 192.168.69.97, host: pr-hdds-2065-gthbc-3516972114, networkLocation: /default-rack, certSerialId: null}, Type:RATIS, Factor:ONE, State:OPEN]
2019-08-30 23:43:32,387 [grpc-default-executor-10] INFO  impl.RaftServerProxy (RaftServerProxy.java:addNew(89)) - 711d5759-b86c-4717-b949-6ebb41eeebe2: addNew group-9D3E2C8F6AD8:[711d5759-b86c-4717-b949-6ebb41eeebe2:192.168.69.97:45838] returns group-9D3E2C8F6AD8:java.util.concurrent.CompletableFuture@4ef77d43[Not completed]
2019-08-30 23:43:32,388 [pool-423-thread-1] INFO  impl.RaftServerImpl (RaftServerImpl.java:<init>(93)) - 711d5759-b86c-4717-b949-6ebb41eeebe2: new RaftServerImpl for group-9D3E2C8F6AD8:[711d5759-b86c-4717-b949-6ebb41eeebe2:192.168.69.97:45838] with ContainerStateMachine:uninitialized
2019-08-30 23:43:32,389 [pool-423-thread-1] INFO  server.RaftServerConfigKeys (ConfUtils.java:logGet(43)) - raft.server.rpc.timeout.min = 5s (custom)
2019-08-30 23:43:32,389 [pool-423-thread-1] INFO  server.RaftServerConfigKeys (ConfUtils.java:logGet(43)) - raft.server.rpc.timeout.max = 5200ms (custom)
2019-08-30 23:43:32,389 [pool-423-thread-1] INFO  server.RaftServerConfigKeys (ConfUtils.java:logGet(43)) - raft.server.rpcslowness.timeout = 120s (custom)
2019-08-30 23:43:32,389 [pool-423-thread-1] INFO  server.RaftServerConfigKeys (ConfUtils.java:logGet(43)) - raft.server.sleep.deviation.threshold = 300 (default)
2019-08-30 23:43:32,389 [pool-423-thread-1] INFO  server.RaftServerConfigKeys (ConfUtils.java:logGet(43)) - raft.server.log.appender.install.snapshot.enabled = false (custom)
2019-08-30 23:43:32,389 [pool-423-thread-1] INFO  impl.RaftServerImpl (ServerState.java:<init>(105)) - 711d5759-b86c-4717-b949-6ebb41eeebe2:group-9D3E2C8F6AD8 ConfigurationManager, init=-1: [711d5759-b86c-4717-b949-6ebb41eeebe2:192.168.69.97:45838], old=null, confs=<EMPTY_MAP>
2019-08-30 23:43:32,389 [pool-423-thread-1] INFO  server.RaftServerConfigKeys (ConfUtils.java:logGet(43)) - raft.server.storage.dir = [/workdir/hadoop-ozone/integration-test/target/test-dir/MiniOzoneClusterImpl-62ef20f9-c776-4926-95e7-c8159edef3f9/datanode-4/data/ratis] (custom)
2019-08-30 23:43:32,390 [pool-423-thread-1] INFO  storage.RaftStorageDirectory (RaftStorageDirectory.java:analyzeStorage(246)) - The storage directory /workdir/hadoop-ozone/integration-test/target/test-dir/MiniOzoneClusterImpl-62ef20f9-c776-4926-95e7-c8159edef3f9/datanode-4/data/ratis/4443b196-550f-470c-bdf0-9d3e2c8f6ad8 does not exist. Creating ...
2019-08-30 23:43:32,405 [pool-423-thread-1] INFO  storage.RaftStorageDirectory (RaftStorageDirectory.java:tryLock(328)) - Lock on /workdir/hadoop-ozone/integration-test/target/test-dir/MiniOzoneClusterImpl-62ef20f9-c776-4926-95e7-c8159edef3f9/datanode-4/data/ratis/4443b196-550f-470c-bdf0-9d3e2c8f6ad8/in_use.lock acquired by nodename 31468@pr-hdds-2065-gthbc-3516972114
2019-08-30 23:43:32,430 [pool-423-thread-1] INFO  storage.RaftStorage (RaftStorage.java:format(72)) - Storage directory /workdir/hadoop-ozone/integration-test/target/test-dir/MiniOzoneClusterImpl-62ef20f9-c776-4926-95e7-c8159edef3f9/datanode-4/data/ratis/4443b196-550f-470c-bdf0-9d3e2c8f6ad8 has been successfully formatted.
2019-08-30 23:43:32,431 [pool-423-thread-1] INFO  ratis.ContainerStateMachine (ContainerStateMachine.java:loadSnapshot(227)) - group-9D3E2C8F6AD8: The snapshot info is null. Setting the last applied indexto:(t:0, i:~)
2019-08-30 23:43:32,431 [pool-423-thread-1] INFO  server.RaftServerConfigKeys (ConfUtils.java:logGet(43)) - raft.server.leader.election.timeout = 120s (custom)
2019-08-30 23:43:32,431 [pool-423-thread-1] INFO  server.RaftServerConfigKeys (ConfUtils.java:logGet(43)) - raft.server.log.use.memory = false (default)
2019-08-30 23:43:32,431 [pool-423-thread-1] INFO  server.RaftServerConfigKeys (ConfUtils.java:logGet(43)) - raft.server.log.purge.gap = 1000000 (custom)
2019-08-30 23:43:32,431 [pool-423-thread-1] INFO  server.RaftServerConfigKeys (ConfUtils.java:logGet(43)) - raft.server.log.appender.buffer.byte-limit = 33554432 (custom)
2019-08-30 23:43:32,432 [pool-423-thread-1] INFO  server.RaftServerConfigKeys (ConfUtils.java:logGet(43)) - raft.server.log.segment.size.max = 1048576 (custom)
2019-08-30 23:43:32,432 [pool-423-thread-1] INFO  server.RaftServerConfigKeys (ConfUtils.java:logGet(43)) - raft.server.log.segment.cache.num.max = 2 (custom)
2019-08-30 23:43:32,432 [pool-423-thread-1] INFO  segmented.SegmentedRaftLogWorker (SegmentedRaftLogWorker.java:<init>(172)) - new 711d5759-b86c-4717-b949-6ebb41eeebe2-SegmentedRaftLogWorker:Storage Directory /workdir/hadoop-ozone/integration-test/target/test-dir/MiniOzoneClusterImpl-62ef20f9-c776-4926-95e7-c8159edef3f9/datanode-4/data/ratis/4443b196-550f-470c-bdf0-9d3e2c8f6ad8 for RaftStorage:Storage Directory /workdir/hadoop-ozone/integration-test/target/test-dir/MiniOzoneClusterImpl-62ef20f9-c776-4926-95e7-c8159edef3f9/datanode-4/data/ratis/4443b196-550f-470c-bdf0-9d3e2c8f6ad8
2019-08-30 23:43:32,432 [pool-423-thread-1] INFO  server.RaftServerConfigKeys (ConfUtils.java:logGet(43)) - raft.server.log.queue.byte-limit = 2147483647 (custom)
2019-08-30 23:43:32,432 [pool-423-thread-1] INFO  server.RaftServerConfigKeys (ConfUtils.java:logGet(43)) - raft.server.log.queue.element-limit = 1024 (custom)
2019-08-30 23:43:32,433 [pool-423-thread-1] INFO  server.RaftServerConfigKeys (ConfUtils.java:logGet(43)) - raft.server.log.segment.size.max = 1048576 (custom)
2019-08-30 23:43:32,433 [pool-423-thread-1] INFO  server.RaftServerConfigKeys (ConfUtils.java:logGet(43)) - raft.server.log.preallocated.size = 16384 (custom)
2019-08-30 23:43:32,433 [pool-423-thread-1] INFO  server.RaftServerConfigKeys (ConfUtils.java:logGet(43)) - raft.server.log.write.buffer.size = 33554432 (custom)
2019-08-30 23:43:32,433 [pool-423-thread-1] INFO  server.RaftServerConfigKeys (ConfUtils.java:logGet(43)) - raft.server.log.force.sync.num = 128 (default)
2019-08-30 23:43:32,433 [pool-423-thread-1] INFO  server.RaftServerConfigKeys (ConfUtils.java:logGet(43)) - raft.server.log.statemachine.data.sync = true (default)
2019-08-30 23:43:32,433 [pool-423-thread-1] INFO  server.RaftServerConfigKeys (ConfUtils.java:logGet(43)) - raft.server.log.statemachine.data.sync.timeout = 10s (default)
2019-08-30 23:43:32,434 [pool-423-thread-1] INFO  server.RaftServerConfigKeys (ConfUtils.java:logGet(43)) - raft.server.log.statemachine.data.sync.timeout.retry = -1 (default)
2019-08-30 23:43:32,434 [pool-423-thread-1] INFO  server.RaftServerConfigKeys (ConfUtils.java:logGet(43)) - raft.server.log.statemachine.data.caching.enabled = true (custom)
2019-08-30 23:43:32,434 [pool-423-thread-1] INFO  segmented.SegmentedRaftLogWorker (SegmentedRaftLogWorker.java:lambda$new$0(132)) - 711d5759-b86c-4717-b949-6ebb41eeebe2-SegmentedRaftLogWorker:Storage Directory /workdir/hadoop-ozone/integration-test/target/test-dir/MiniOzoneClusterImpl-62ef20f9-c776-4926-95e7-c8159edef3f9/datanode-4/data/ratis/4443b196-550f-470c-bdf0-9d3e2c8f6ad8: flushIndex: setUnconditionally 0 -> -1
2019-08-30 23:43:32,435 [pool-423-thread-1] INFO  server.RaftServerConfigKeys (ConfUtils.java:logGet(43)) - raft.server.snapshot.auto.trigger.enabled = true (custom)
2019-08-30 23:43:32,435 [pool-423-thread-1] INFO  server.RaftServerConfigKeys (ConfUtils.java:logGet(43)) - raft.server.snapshot.auto.trigger.threshold = 10000 (custom)
2019-08-30 23:43:32,435 [pool-423-thread-1] INFO  server.RaftServerConfigKeys (ConfUtils.java:logGet(43)) - raft.server.retrycache.expirytime = 600000ms (custom)
2019-08-30 23:43:32,435 [pool-423-thread-1] INFO  impl.RaftServerImpl (RaftServerImpl.java:start(180)) - 711d5759-b86c-4717-b949-6ebb41eeebe2: start group-9D3E2C8F6AD8
2019-08-30 23:43:32,435 [pool-423-thread-1] INFO  impl.RaftServerImpl (RaftServerImpl.java:setRole(171)) - 711d5759-b86c-4717-b949-6ebb41eeebe2:group-9D3E2C8F6AD8 changes role from null to FOLLOWER at term 0 for startAsFollower
2019-08-30 23:43:32,436 [pool-423-thread-1] INFO  impl.RoleInfo (RoleInfo.java:updateAndGet(143)) - 711d5759-b86c-4717-b949-6ebb41eeebe2: start FollowerState
2019-08-30 23:43:32,436 [IPC Server handler 6 on 46454] INFO  net.NetworkTopology (NetworkTopologyImpl.java:add(110)) - Added a new node: /default-rack/1fc83f0a-239a-44d2-b60d-e15dbfa2cca4
2019-08-30 23:43:32,436 [IPC Server handler 6 on 46454] INFO  node.SCMNodeManager (SCMNodeManager.java:register(266)) - Registered Data node : 1fc83f0a-239a-44d2-b60d-e15dbfa2cca4{ip: 192.168.69.97, host: pr-hdds-2065-gthbc-3516972114, networkLocation: /default-rack, certSerialId: null}
2019-08-30 23:43:32,436 [pool-423-thread-1] INFO  util.JmxRegister (JmxRegister.java:tryRegister(44)) - Successfully registered JMX Bean with object name Ratis:service=RaftServer,group=group-9D3E2C8F6AD8,id=711d5759-b86c-4717-b949-6ebb41eeebe2
2019-08-30 23:43:32,439 [RatisPipelineUtilsThread] INFO  pipeline.PipelineStateManager (PipelineStateManager.java:addPipeline(56)) - Created pipeline Pipeline[ Id: 4443b196-550f-470c-bdf0-9d3e2c8f6ad8, Nodes: 711d5759-b86c-4717-b949-6ebb41eeebe2{ip: 192.168.69.97, host: pr-hdds-2065-gthbc-3516972114, networkLocation: /default-rack, certSerialId: null}, Type:RATIS, Factor:ONE, State:OPEN]
2019-08-30 23:43:32,460 [grpc-default-executor-10] INFO  impl.RaftServerProxy (RaftServerProxy.java:addNew(89)) - 1fc83f0a-239a-44d2-b60d-e15dbfa2cca4: addNew group-A01FD92583CD:[1fc83f0a-239a-44d2-b60d-e15dbfa2cca4:192.168.69.97:33402] returns group-A01FD92583CD:java.util.concurrent.CompletableFuture@3eb54a59[Not completed]
2019-08-30 23:43:32,461 [pool-433-thread-1] INFO  impl.RaftServerImpl (RaftServerImpl.java:<init>(93)) - 1fc83f0a-239a-44d2-b60d-e15dbfa2cca4: new RaftServerImpl for group-A01FD92583CD:[1fc83f0a-239a-44d2-b60d-e15dbfa2cca4:192.168.69.97:33402] with ContainerStateMachine:uninitialized
2019-08-30 23:43:32,461 [pool-433-thread-1] INFO  server.RaftServerConfigKeys (ConfUtils.java:logGet(43)) - raft.server.rpc.timeout.min = 5s (custom)
2019-08-30 23:43:32,461 [pool-433-thread-1] INFO  server.RaftServerConfigKeys (ConfUtils.java:logGet(43)) - raft.server.rpc.timeout.max = 5200ms (custom)
2019-08-30 23:43:32,461 [pool-433-thread-1] INFO  server.RaftServerConfigKeys (ConfUtils.java:logGet(43)) - raft.server.rpcslowness.timeout = 120s (custom)
2019-08-30 23:43:32,461 [pool-433-thread-1] INFO  server.RaftServerConfigKeys (ConfUtils.java:logGet(43)) - raft.server.sleep.deviation.threshold = 300 (default)
2019-08-30 23:43:32,461 [pool-433-thread-1] INFO  server.RaftServerConfigKeys (ConfUtils.java:logGet(43)) - raft.server.log.appender.install.snapshot.enabled = false (custom)
2019-08-30 23:43:32,462 [pool-433-thread-1] INFO  impl.RaftServerImpl (ServerState.java:<init>(105)) - 1fc83f0a-239a-44d2-b60d-e15dbfa2cca4:group-A01FD92583CD ConfigurationManager, init=-1: [1fc83f0a-239a-44d2-b60d-e15dbfa2cca4:192.168.69.97:33402], old=null, confs=<EMPTY_MAP>
2019-08-30 23:43:32,462 [pool-433-thread-1] INFO  server.RaftServerConfigKeys (ConfUtils.java:logGet(43)) - raft.server.storage.dir = [/workdir/hadoop-ozone/integration-test/target/test-dir/MiniOzoneClusterImpl-62ef20f9-c776-4926-95e7-c8159edef3f9/datanode-5/data/ratis] (custom)
2019-08-30 23:43:32,462 [pool-433-thread-1] INFO  storage.RaftStorageDirectory (RaftStorageDirectory.java:analyzeStorage(246)) - The storage directory /workdir/hadoop-ozone/integration-test/target/test-dir/MiniOzoneClusterImpl-62ef20f9-c776-4926-95e7-c8159edef3f9/datanode-5/data/ratis/67043521-62f7-496a-87cb-a01fd92583cd does not exist. Creating ...
2019-08-30 23:43:32,489 [pool-433-thread-1] INFO  storage.RaftStorageDirectory (RaftStorageDirectory.java:tryLock(328)) - Lock on /workdir/hadoop-ozone/integration-test/target/test-dir/MiniOzoneClusterImpl-62ef20f9-c776-4926-95e7-c8159edef3f9/datanode-5/data/ratis/67043521-62f7-496a-87cb-a01fd92583cd/in_use.lock acquired by nodename 31468@pr-hdds-2065-gthbc-3516972114
2019-08-30 23:43:32,504 [main] INFO  ozone.MiniOzoneClusterImpl (MiniOzoneClusterImpl.java:lambda$waitForClusterToBeReady$0(140)) - Waiting for cluster to be ready. Got 6 of 7 DN Heartbeats.
2019-08-30 23:43:32,505 [IPC Server handler 7 on 46454] INFO  net.NetworkTopology (NetworkTopologyImpl.java:add(110)) - Added a new node: /default-rack/e598a779-6268-498c-a148-03c0c7bf95a3
2019-08-30 23:43:32,505 [IPC Server handler 7 on 46454] INFO  node.SCMNodeManager (SCMNodeManager.java:register(266)) - Registered Data node : e598a779-6268-498c-a148-03c0c7bf95a3{ip: 192.168.69.97, host: pr-hdds-2065-gthbc-3516972114, networkLocation: /default-rack, certSerialId: null}
2019-08-30 23:43:32,514 [pool-433-thread-1] INFO  storage.RaftStorage (RaftStorage.java:format(72)) - Storage directory /workdir/hadoop-ozone/integration-test/target/test-dir/MiniOzoneClusterImpl-62ef20f9-c776-4926-95e7-c8159edef3f9/datanode-5/data/ratis/67043521-62f7-496a-87cb-a01fd92583cd has been successfully formatted.
2019-08-30 23:43:32,515 [pool-433-thread-1] INFO  ratis.ContainerStateMachine (ContainerStateMachine.java:loadSnapshot(227)) - group-A01FD92583CD: The snapshot info is null. Setting the last applied indexto:(t:0, i:~)
2019-08-30 23:43:32,515 [pool-433-thread-1] INFO  server.RaftServerConfigKeys (ConfUtils.java:logGet(43)) - raft.server.leader.election.timeout = 120s (custom)
2019-08-30 23:43:32,515 [pool-433-thread-1] INFO  server.RaftServerConfigKeys (ConfUtils.java:logGet(43)) - raft.server.log.use.memory = false (default)
2019-08-30 23:43:32,515 [pool-433-thread-1] INFO  server.RaftServerConfigKeys (ConfUtils.java:logGet(43)) - raft.server.log.purge.gap = 1000000 (custom)
2019-08-30 23:43:32,515 [pool-433-thread-1] INFO  server.RaftServerConfigKeys (ConfUtils.java:logGet(43)) - raft.server.log.appender.buffer.byte-limit = 33554432 (custom)
2019-08-30 23:43:32,515 [pool-433-thread-1] INFO  server.RaftServerConfigKeys (ConfUtils.java:logGet(43)) - raft.server.log.segment.size.max = 1048576 (custom)
2019-08-30 23:43:32,515 [pool-433-thread-1] INFO  server.RaftServerConfigKeys (ConfUtils.java:logGet(43)) - raft.server.log.segment.cache.num.max = 2 (custom)
2019-08-30 23:43:32,516 [pool-433-thread-1] INFO  segmented.SegmentedRaftLogWorker (SegmentedRaftLogWorker.java:<init>(172)) - new 1fc83f0a-239a-44d2-b60d-e15dbfa2cca4-SegmentedRaftLogWorker:Storage Directory /workdir/hadoop-ozone/integration-test/target/test-dir/MiniOzoneClusterImpl-62ef20f9-c776-4926-95e7-c8159edef3f9/datanode-5/data/ratis/67043521-62f7-496a-87cb-a01fd92583cd for RaftStorage:Storage Directory /workdir/hadoop-ozone/integration-test/target/test-dir/MiniOzoneClusterImpl-62ef20f9-c776-4926-95e7-c8159edef3f9/datanode-5/data/ratis/67043521-62f7-496a-87cb-a01fd92583cd
2019-08-30 23:43:32,516 [pool-433-thread-1] INFO  server.RaftServerConfigKeys (ConfUtils.java:logGet(43)) - raft.server.log.queue.byte-limit = 2147483647 (custom)
2019-08-30 23:43:32,516 [pool-433-thread-1] INFO  server.RaftServerConfigKeys (ConfUtils.java:logGet(43)) - raft.server.log.queue.element-limit = 1024 (custom)
2019-08-30 23:43:32,516 [pool-433-thread-1] INFO  server.RaftServerConfigKeys (ConfUtils.java:logGet(43)) - raft.server.log.segment.size.max = 1048576 (custom)
2019-08-30 23:43:32,516 [pool-433-thread-1] INFO  server.RaftServerConfigKeys (ConfUtils.java:logGet(43)) - raft.server.log.preallocated.size = 16384 (custom)
2019-08-30 23:43:32,516 [pool-433-thread-1] INFO  server.RaftServerConfigKeys (ConfUtils.java:logGet(43)) - raft.server.log.write.buffer.size = 33554432 (custom)
2019-08-30 23:43:32,517 [pool-433-thread-1] INFO  server.RaftServerConfigKeys (ConfUtils.java:logGet(43)) - raft.server.log.force.sync.num = 128 (default)
2019-08-30 23:43:32,517 [pool-433-thread-1] INFO  server.RaftServerConfigKeys (ConfUtils.java:logGet(43)) - raft.server.log.statemachine.data.sync = true (default)
2019-08-30 23:43:32,517 [pool-433-thread-1] INFO  server.RaftServerConfigKeys (ConfUtils.java:logGet(43)) - raft.server.log.statemachine.data.sync.timeout = 10s (default)
2019-08-30 23:43:32,517 [pool-433-thread-1] INFO  server.RaftServerConfigKeys (ConfUtils.java:logGet(43)) - raft.server.log.statemachine.data.sync.timeout.retry = -1 (default)
2019-08-30 23:43:32,517 [pool-433-thread-1] INFO  server.RaftServerConfigKeys (ConfUtils.java:logGet(43)) - raft.server.log.statemachine.data.caching.enabled = true (custom)
2019-08-30 23:43:32,518 [pool-433-thread-1] INFO  segmented.SegmentedRaftLogWorker (SegmentedRaftLogWorker.java:lambda$new$0(132)) - 1fc83f0a-239a-44d2-b60d-e15dbfa2cca4-SegmentedRaftLogWorker:Storage Directory /workdir/hadoop-ozone/integration-test/target/test-dir/MiniOzoneClusterImpl-62ef20f9-c776-4926-95e7-c8159edef3f9/datanode-5/data/ratis/67043521-62f7-496a-87cb-a01fd92583cd: flushIndex: setUnconditionally 0 -> -1
2019-08-30 23:43:32,518 [pool-433-thread-1] INFO  server.RaftServerConfigKeys (ConfUtils.java:logGet(43)) - raft.server.snapshot.auto.trigger.enabled = true (custom)
2019-08-30 23:43:32,518 [pool-433-thread-1] INFO  server.RaftServerConfigKeys (ConfUtils.java:logGet(43)) - raft.server.snapshot.auto.trigger.threshold = 10000 (custom)
2019-08-30 23:43:32,518 [pool-433-thread-1] INFO  server.RaftServerConfigKeys (ConfUtils.java:logGet(43)) - raft.server.retrycache.expirytime = 600000ms (custom)
2019-08-30 23:43:32,518 [pool-433-thread-1] INFO  impl.RaftServerImpl (RaftServerImpl.java:start(180)) - 1fc83f0a-239a-44d2-b60d-e15dbfa2cca4: start group-A01FD92583CD
2019-08-30 23:43:32,518 [pool-433-thread-1] INFO  impl.RaftServerImpl (RaftServerImpl.java:setRole(171)) - 1fc83f0a-239a-44d2-b60d-e15dbfa2cca4:group-A01FD92583CD changes role from null to FOLLOWER at term 0 for startAsFollower
2019-08-30 23:43:32,519 [pool-433-thread-1] INFO  impl.RoleInfo (RoleInfo.java:updateAndGet(143)) - 1fc83f0a-239a-44d2-b60d-e15dbfa2cca4: start FollowerState
2019-08-30 23:43:32,519 [pool-433-thread-1] INFO  util.JmxRegister (JmxRegister.java:tryRegister(44)) - Successfully registered JMX Bean with object name Ratis:service=RaftServer,group=group-A01FD92583CD,id=1fc83f0a-239a-44d2-b60d-e15dbfa2cca4
2019-08-30 23:43:32,521 [RatisPipelineUtilsThread] INFO  pipeline.PipelineStateManager (PipelineStateManager.java:addPipeline(56)) - Created pipeline Pipeline[ Id: 67043521-62f7-496a-87cb-a01fd92583cd, Nodes: 1fc83f0a-239a-44d2-b60d-e15dbfa2cca4{ip: 192.168.69.97, host: pr-hdds-2065-gthbc-3516972114, networkLocation: /default-rack, certSerialId: null}, Type:RATIS, Factor:ONE, State:OPEN]
2019-08-30 23:43:32,530 [grpc-default-executor-10] INFO  impl.RaftServerProxy (RaftServerProxy.java:addNew(89)) - e598a779-6268-498c-a148-03c0c7bf95a3: addNew group-B16BFA82FD88:[e598a779-6268-498c-a148-03c0c7bf95a3:192.168.69.97:40426] returns group-B16BFA82FD88:java.util.concurrent.CompletableFuture@8a3f9d8[Not completed]
2019-08-30 23:43:32,531 [pool-443-thread-1] INFO  impl.RaftServerImpl (RaftServerImpl.java:<init>(93)) - e598a779-6268-498c-a148-03c0c7bf95a3: new RaftServerImpl for group-B16BFA82FD88:[e598a779-6268-498c-a148-03c0c7bf95a3:192.168.69.97:40426] with ContainerStateMachine:uninitialized
2019-08-30 23:43:32,531 [pool-443-thread-1] INFO  server.RaftServerConfigKeys (ConfUtils.java:logGet(43)) - raft.server.rpc.timeout.min = 5s (custom)
2019-08-30 23:43:32,531 [pool-443-thread-1] INFO  server.RaftServerConfigKeys (ConfUtils.java:logGet(43)) - raft.server.rpc.timeout.max = 5200ms (custom)
2019-08-30 23:43:32,531 [pool-443-thread-1] INFO  server.RaftServerConfigKeys (ConfUtils.java:logGet(43)) - raft.server.rpcslowness.timeout = 120s (custom)
2019-08-30 23:43:32,531 [pool-443-thread-1] INFO  server.RaftServerConfigKeys (ConfUtils.java:logGet(43)) - raft.server.sleep.deviation.threshold = 300 (default)
2019-08-30 23:43:32,531 [pool-443-thread-1] INFO  server.RaftServerConfigKeys (ConfUtils.java:logGet(43)) - raft.server.log.appender.install.snapshot.enabled = false (custom)
2019-08-30 23:43:32,532 [pool-443-thread-1] INFO  impl.RaftServerImpl (ServerState.java:<init>(105)) - e598a779-6268-498c-a148-03c0c7bf95a3:group-B16BFA82FD88 ConfigurationManager, init=-1: [e598a779-6268-498c-a148-03c0c7bf95a3:192.168.69.97:40426], old=null, confs=<EMPTY_MAP>
2019-08-30 23:43:32,532 [pool-443-thread-1] INFO  server.RaftServerConfigKeys (ConfUtils.java:logGet(43)) - raft.server.storage.dir = [/workdir/hadoop-ozone/integration-test/target/test-dir/MiniOzoneClusterImpl-62ef20f9-c776-4926-95e7-c8159edef3f9/datanode-6/data/ratis] (custom)
2019-08-30 23:43:32,532 [pool-443-thread-1] INFO  storage.RaftStorageDirectory (RaftStorageDirectory.java:analyzeStorage(246)) - The storage directory /workdir/hadoop-ozone/integration-test/target/test-dir/MiniOzoneClusterImpl-62ef20f9-c776-4926-95e7-c8159edef3f9/datanode-6/data/ratis/8adc6be9-e6a2-413e-9bc8-b16bfa82fd88 does not exist. Creating ...
2019-08-30 23:43:32,556 [pool-443-thread-1] INFO  storage.RaftStorageDirectory (RaftStorageDirectory.java:tryLock(328)) - Lock on /workdir/hadoop-ozone/integration-test/target/test-dir/MiniOzoneClusterImpl-62ef20f9-c776-4926-95e7-c8159edef3f9/datanode-6/data/ratis/8adc6be9-e6a2-413e-9bc8-b16bfa82fd88/in_use.lock acquired by nodename 31468@pr-hdds-2065-gthbc-3516972114
2019-08-30 23:43:32,582 [pool-443-thread-1] INFO  storage.RaftStorage (RaftStorage.java:format(72)) - Storage directory /workdir/hadoop-ozone/integration-test/target/test-dir/MiniOzoneClusterImpl-62ef20f9-c776-4926-95e7-c8159edef3f9/datanode-6/data/ratis/8adc6be9-e6a2-413e-9bc8-b16bfa82fd88 has been successfully formatted.
2019-08-30 23:43:32,582 [pool-443-thread-1] INFO  ratis.ContainerStateMachine (ContainerStateMachine.java:loadSnapshot(227)) - group-B16BFA82FD88: The snapshot info is null. Setting the last applied indexto:(t:0, i:~)
2019-08-30 23:43:32,582 [pool-443-thread-1] INFO  server.RaftServerConfigKeys (ConfUtils.java:logGet(43)) - raft.server.leader.election.timeout = 120s (custom)
2019-08-30 23:43:32,582 [pool-443-thread-1] INFO  server.RaftServerConfigKeys (ConfUtils.java:logGet(43)) - raft.server.log.use.memory = false (default)
2019-08-30 23:43:32,582 [pool-443-thread-1] INFO  server.RaftServerConfigKeys (ConfUtils.java:logGet(43)) - raft.server.log.purge.gap = 1000000 (custom)
2019-08-30 23:43:32,583 [pool-443-thread-1] INFO  server.RaftServerConfigKeys (ConfUtils.java:logGet(43)) - raft.server.log.appender.buffer.byte-limit = 33554432 (custom)
2019-08-30 23:43:32,583 [pool-443-thread-1] INFO  server.RaftServerConfigKeys (ConfUtils.java:logGet(43)) - raft.server.log.segment.size.max = 1048576 (custom)
2019-08-30 23:43:32,583 [pool-443-thread-1] INFO  server.RaftServerConfigKeys (ConfUtils.java:logGet(43)) - raft.server.log.segment.cache.num.max = 2 (custom)
2019-08-30 23:43:32,583 [pool-443-thread-1] INFO  segmented.SegmentedRaftLogWorker (SegmentedRaftLogWorker.java:<init>(172)) - new e598a779-6268-498c-a148-03c0c7bf95a3-SegmentedRaftLogWorker:Storage Directory /workdir/hadoop-ozone/integration-test/target/test-dir/MiniOzoneClusterImpl-62ef20f9-c776-4926-95e7-c8159edef3f9/datanode-6/data/ratis/8adc6be9-e6a2-413e-9bc8-b16bfa82fd88 for RaftStorage:Storage Directory /workdir/hadoop-ozone/integration-test/target/test-dir/MiniOzoneClusterImpl-62ef20f9-c776-4926-95e7-c8159edef3f9/datanode-6/data/ratis/8adc6be9-e6a2-413e-9bc8-b16bfa82fd88
2019-08-30 23:43:32,583 [pool-443-thread-1] INFO  server.RaftServerConfigKeys (ConfUtils.java:logGet(43)) - raft.server.log.queue.byte-limit = 2147483647 (custom)
2019-08-30 23:43:32,583 [pool-443-thread-1] INFO  server.RaftServerConfigKeys (ConfUtils.java:logGet(43)) - raft.server.log.queue.element-limit = 1024 (custom)
2019-08-30 23:43:32,583 [pool-443-thread-1] INFO  server.RaftServerConfigKeys (ConfUtils.java:logGet(43)) - raft.server.log.segment.size.max = 1048576 (custom)
2019-08-30 23:43:32,584 [pool-443-thread-1] INFO  server.RaftServerConfigKeys (ConfUtils.java:logGet(43)) - raft.server.log.preallocated.size = 16384 (custom)
2019-08-30 23:43:32,584 [pool-443-thread-1] INFO  server.RaftServerConfigKeys (ConfUtils.java:logGet(43)) - raft.server.log.write.buffer.size = 33554432 (custom)
2019-08-30 23:43:32,584 [pool-443-thread-1] INFO  server.RaftServerConfigKeys (ConfUtils.java:logGet(43)) - raft.server.log.force.sync.num = 128 (default)
2019-08-30 23:43:32,584 [pool-443-thread-1] INFO  server.RaftServerConfigKeys (ConfUtils.java:logGet(43)) - raft.server.log.statemachine.data.sync = true (default)
2019-08-30 23:43:32,584 [pool-443-thread-1] INFO  server.RaftServerConfigKeys (ConfUtils.java:logGet(43)) - raft.server.log.statemachine.data.sync.timeout = 10s (default)
2019-08-30 23:43:32,584 [pool-443-thread-1] INFO  server.RaftServerConfigKeys (ConfUtils.java:logGet(43)) - raft.server.log.statemachine.data.sync.timeout.retry = -1 (default)
2019-08-30 23:43:32,584 [pool-443-thread-1] INFO  server.RaftServerConfigKeys (ConfUtils.java:logGet(43)) - raft.server.log.statemachine.data.caching.enabled = true (custom)
2019-08-30 23:43:32,585 [pool-443-thread-1] INFO  segmented.SegmentedRaftLogWorker (SegmentedRaftLogWorker.java:lambda$new$0(132)) - e598a779-6268-498c-a148-03c0c7bf95a3-SegmentedRaftLogWorker:Storage Directory /workdir/hadoop-ozone/integration-test/target/test-dir/MiniOzoneClusterImpl-62ef20f9-c776-4926-95e7-c8159edef3f9/datanode-6/data/ratis/8adc6be9-e6a2-413e-9bc8-b16bfa82fd88: flushIndex: setUnconditionally 0 -> -1
2019-08-30 23:43:32,585 [pool-443-thread-1] INFO  server.RaftServerConfigKeys (ConfUtils.java:logGet(43)) - raft.server.snapshot.auto.trigger.enabled = true (custom)
2019-08-30 23:43:32,585 [pool-443-thread-1] INFO  server.RaftServerConfigKeys (ConfUtils.java:logGet(43)) - raft.server.snapshot.auto.trigger.threshold = 10000 (custom)
2019-08-30 23:43:32,585 [pool-443-thread-1] INFO  server.RaftServerConfigKeys (ConfUtils.java:logGet(43)) - raft.server.retrycache.expirytime = 600000ms (custom)
2019-08-30 23:43:32,585 [pool-443-thread-1] INFO  impl.RaftServerImpl (RaftServerImpl.java:start(180)) - e598a779-6268-498c-a148-03c0c7bf95a3: start group-B16BFA82FD88
2019-08-30 23:43:32,585 [pool-443-thread-1] INFO  impl.RaftServerImpl (RaftServerImpl.java:setRole(171)) - e598a779-6268-498c-a148-03c0c7bf95a3:group-B16BFA82FD88 changes role from null to FOLLOWER at term 0 for startAsFollower
2019-08-30 23:43:32,586 [pool-443-thread-1] INFO  impl.RoleInfo (RoleInfo.java:updateAndGet(143)) - e598a779-6268-498c-a148-03c0c7bf95a3: start FollowerState
2019-08-30 23:43:32,586 [pool-443-thread-1] INFO  util.JmxRegister (JmxRegister.java:tryRegister(44)) - Successfully registered JMX Bean with object name Ratis:service=RaftServer,group=group-B16BFA82FD88,id=e598a779-6268-498c-a148-03c0c7bf95a3
2019-08-30 23:43:32,588 [RatisPipelineUtilsThread] INFO  pipeline.PipelineStateManager (PipelineStateManager.java:addPipeline(56)) - Created pipeline Pipeline[ Id: 8adc6be9-e6a2-413e-9bc8-b16bfa82fd88, Nodes: e598a779-6268-498c-a148-03c0c7bf95a3{ip: 192.168.69.97, host: pr-hdds-2065-gthbc-3516972114, networkLocation: /default-rack, certSerialId: null}, Type:RATIS, Factor:ONE, State:OPEN]
2019-08-30 23:43:32,602 [grpc-default-executor-9] INFO  impl.RaftServerProxy (RaftServerProxy.java:addNew(89)) - 711d5759-b86c-4717-b949-6ebb41eeebe2: addNew group-D0A16CCF95BD:[711d5759-b86c-4717-b949-6ebb41eeebe2:192.168.69.97:45838, e598a779-6268-498c-a148-03c0c7bf95a3:192.168.69.97:40426, 0c63e151-bdc2-459f-8160-ea1ede0a49fd:192.168.69.97:38219] returns group-D0A16CCF95BD:java.util.concurrent.CompletableFuture@7f79940f[Not completed]
2019-08-30 23:43:32,602 [grpc-default-executor-10] INFO  impl.RaftServerProxy (RaftServerProxy.java:addNew(89)) - e598a779-6268-498c-a148-03c0c7bf95a3: addNew group-D0A16CCF95BD:[711d5759-b86c-4717-b949-6ebb41eeebe2:192.168.69.97:45838, e598a779-6268-498c-a148-03c0c7bf95a3:192.168.69.97:40426, 0c63e151-bdc2-459f-8160-ea1ede0a49fd:192.168.69.97:38219] returns group-D0A16CCF95BD:java.util.concurrent.CompletableFuture@3e820359[Not completed]
2019-08-30 23:43:32,602 [grpc-default-executor-2] INFO  impl.RaftServerProxy (RaftServerProxy.java:addNew(89)) - 0c63e151-bdc2-459f-8160-ea1ede0a49fd: addNew group-D0A16CCF95BD:[711d5759-b86c-4717-b949-6ebb41eeebe2:192.168.69.97:45838, e598a779-6268-498c-a148-03c0c7bf95a3:192.168.69.97:40426, 0c63e151-bdc2-459f-8160-ea1ede0a49fd:192.168.69.97:38219] returns group-D0A16CCF95BD:java.util.concurrent.CompletableFuture@7ec9eca[Not completed]
2019-08-30 23:43:32,603 [pool-423-thread-1] INFO  impl.RaftServerImpl (RaftServerImpl.java:<init>(93)) - 711d5759-b86c-4717-b949-6ebb41eeebe2: new RaftServerImpl for group-D0A16CCF95BD:[711d5759-b86c-4717-b949-6ebb41eeebe2:192.168.69.97:45838, e598a779-6268-498c-a148-03c0c7bf95a3:192.168.69.97:40426, 0c63e151-bdc2-459f-8160-ea1ede0a49fd:192.168.69.97:38219] with ContainerStateMachine:uninitialized
2019-08-30 23:43:32,603 [pool-423-thread-1] INFO  server.RaftServerConfigKeys (ConfUtils.java:logGet(43)) - raft.server.rpc.timeout.min = 5s (custom)
2019-08-30 23:43:32,603 [pool-423-thread-1] INFO  server.RaftServerConfigKeys (ConfUtils.java:logGet(43)) - raft.server.rpc.timeout.max = 5200ms (custom)
2019-08-30 23:43:32,603 [pool-413-thread-1] INFO  impl.RaftServerImpl (RaftServerImpl.java:<init>(93)) - 0c63e151-bdc2-459f-8160-ea1ede0a49fd: new RaftServerImpl for group-D0A16CCF95BD:[711d5759-b86c-4717-b949-6ebb41eeebe2:192.168.69.97:45838, e598a779-6268-498c-a148-03c0c7bf95a3:192.168.69.97:40426, 0c63e151-bdc2-459f-8160-ea1ede0a49fd:192.168.69.97:38219] with ContainerStateMachine:uninitialized
2019-08-30 23:43:32,603 [pool-423-thread-1] INFO  server.RaftServerConfigKeys (ConfUtils.java:logGet(43)) - raft.server.rpcslowness.timeout = 120s (custom)
2019-08-30 23:43:32,604 [pool-413-thread-1] INFO  server.RaftServerConfigKeys (ConfUtils.java:logGet(43)) - raft.server.rpc.timeout.min = 5s (custom)
2019-08-30 23:43:32,604 [pool-423-thread-1] INFO  server.RaftServerConfigKeys (ConfUtils.java:logGet(43)) - raft.server.sleep.deviation.threshold = 300 (default)
2019-08-30 23:43:32,604 [pool-413-thread-1] INFO  server.RaftServerConfigKeys (ConfUtils.java:logGet(43)) - raft.server.rpc.timeout.max = 5200ms (custom)
2019-08-30 23:43:32,604 [pool-423-thread-1] INFO  server.RaftServerConfigKeys (ConfUtils.java:logGet(43)) - raft.server.log.appender.install.snapshot.enabled = false (custom)
2019-08-30 23:43:32,604 [pool-443-thread-1] INFO  impl.RaftServerImpl (RaftServerImpl.java:<init>(93)) - e598a779-6268-498c-a148-03c0c7bf95a3: new RaftServerImpl for group-D0A16CCF95BD:[711d5759-b86c-4717-b949-6ebb41eeebe2:192.168.69.97:45838, e598a779-6268-498c-a148-03c0c7bf95a3:192.168.69.97:40426, 0c63e151-bdc2-459f-8160-ea1ede0a49fd:192.168.69.97:38219] with ContainerStateMachine:uninitialized
2019-08-30 23:43:32,604 [pool-413-thread-1] INFO  server.RaftServerConfigKeys (ConfUtils.java:logGet(43)) - raft.server.rpcslowness.timeout = 120s (custom)
2019-08-30 23:43:32,604 [pool-443-thread-1] INFO  server.RaftServerConfigKeys (ConfUtils.java:logGet(43)) - raft.server.rpc.timeout.min = 5s (custom)
2019-08-30 23:43:32,604 [pool-423-thread-1] INFO  impl.RaftServerImpl (ServerState.java:<init>(105)) - 711d5759-b86c-4717-b949-6ebb41eeebe2:group-D0A16CCF95BD ConfigurationManager, init=-1: [711d5759-b86c-4717-b949-6ebb41eeebe2:192.168.69.97:45838, e598a779-6268-498c-a148-03c0c7bf95a3:192.168.69.97:40426, 0c63e151-bdc2-459f-8160-ea1ede0a49fd:192.168.69.97:38219], old=null, confs=<EMPTY_MAP>
2019-08-30 23:43:32,605 [pool-443-thread-1] INFO  server.RaftServerConfigKeys (ConfUtils.java:logGet(43)) - raft.server.rpc.timeout.max = 5200ms (custom)
2019-08-30 23:43:32,604 [pool-413-thread-1] INFO  server.RaftServerConfigKeys (ConfUtils.java:logGet(43)) - raft.server.sleep.deviation.threshold = 300 (default)
2019-08-30 23:43:32,605 [pool-443-thread-1] INFO  server.RaftServerConfigKeys (ConfUtils.java:logGet(43)) - raft.server.rpcslowness.timeout = 120s (custom)
2019-08-30 23:43:32,605 [pool-423-thread-1] INFO  server.RaftServerConfigKeys (ConfUtils.java:logGet(43)) - raft.server.storage.dir = [/workdir/hadoop-ozone/integration-test/target/test-dir/MiniOzoneClusterImpl-62ef20f9-c776-4926-95e7-c8159edef3f9/datanode-4/data/ratis] (custom)
2019-08-30 23:43:32,605 [pool-443-thread-1] INFO  server.RaftServerConfigKeys (ConfUtils.java:logGet(43)) - raft.server.sleep.deviation.threshold = 300 (default)
2019-08-30 23:43:32,605 [pool-413-thread-1] INFO  server.RaftServerConfigKeys (ConfUtils.java:logGet(43)) - raft.server.log.appender.install.snapshot.enabled = false (custom)
2019-08-30 23:43:32,605 [pool-423-thread-1] INFO  storage.RaftStorageDirectory (RaftStorageDirectory.java:analyzeStorage(246)) - The storage directory /workdir/hadoop-ozone/integration-test/target/test-dir/MiniOzoneClusterImpl-62ef20f9-c776-4926-95e7-c8159edef3f9/datanode-4/data/ratis/7971e313-2233-4d51-94b0-d0a16ccf95bd does not exist. Creating ...
2019-08-30 23:43:32,605 [pool-443-thread-1] INFO  server.RaftServerConfigKeys (ConfUtils.java:logGet(43)) - raft.server.log.appender.install.snapshot.enabled = false (custom)
2019-08-30 23:43:32,605 [pool-413-thread-1] INFO  impl.RaftServerImpl (ServerState.java:<init>(105)) - 0c63e151-bdc2-459f-8160-ea1ede0a49fd:group-D0A16CCF95BD ConfigurationManager, init=-1: [711d5759-b86c-4717-b949-6ebb41eeebe2:192.168.69.97:45838, e598a779-6268-498c-a148-03c0c7bf95a3:192.168.69.97:40426, 0c63e151-bdc2-459f-8160-ea1ede0a49fd:192.168.69.97:38219], old=null, confs=<EMPTY_MAP>
2019-08-30 23:43:32,606 [pool-443-thread-1] INFO  impl.RaftServerImpl (ServerState.java:<init>(105)) - e598a779-6268-498c-a148-03c0c7bf95a3:group-D0A16CCF95BD ConfigurationManager, init=-1: [711d5759-b86c-4717-b949-6ebb41eeebe2:192.168.69.97:45838, e598a779-6268-498c-a148-03c0c7bf95a3:192.168.69.97:40426, 0c63e151-bdc2-459f-8160-ea1ede0a49fd:192.168.69.97:38219], old=null, confs=<EMPTY_MAP>
2019-08-30 23:43:32,606 [pool-413-thread-1] INFO  server.RaftServerConfigKeys (ConfUtils.java:logGet(43)) - raft.server.storage.dir = [/workdir/hadoop-ozone/integration-test/target/test-dir/MiniOzoneClusterImpl-62ef20f9-c776-4926-95e7-c8159edef3f9/datanode-3/data/ratis] (custom)
2019-08-30 23:43:32,606 [pool-443-thread-1] INFO  server.RaftServerConfigKeys (ConfUtils.java:logGet(43)) - raft.server.storage.dir = [/workdir/hadoop-ozone/integration-test/target/test-dir/MiniOzoneClusterImpl-62ef20f9-c776-4926-95e7-c8159edef3f9/datanode-6/data/ratis] (custom)
2019-08-30 23:43:32,606 [pool-413-thread-1] INFO  storage.RaftStorageDirectory (RaftStorageDirectory.java:analyzeStorage(246)) - The storage directory /workdir/hadoop-ozone/integration-test/target/test-dir/MiniOzoneClusterImpl-62ef20f9-c776-4926-95e7-c8159edef3f9/datanode-3/data/ratis/7971e313-2233-4d51-94b0-d0a16ccf95bd does not exist. Creating ...
2019-08-30 23:43:32,607 [pool-443-thread-1] INFO  storage.RaftStorageDirectory (RaftStorageDirectory.java:analyzeStorage(246)) - The storage directory /workdir/hadoop-ozone/integration-test/target/test-dir/MiniOzoneClusterImpl-62ef20f9-c776-4926-95e7-c8159edef3f9/datanode-6/data/ratis/7971e313-2233-4d51-94b0-d0a16ccf95bd does not exist. Creating ...
2019-08-30 23:43:32,633 [pool-443-thread-1] INFO  storage.RaftStorageDirectory (RaftStorageDirectory.java:tryLock(328)) - Lock on /workdir/hadoop-ozone/integration-test/target/test-dir/MiniOzoneClusterImpl-62ef20f9-c776-4926-95e7-c8159edef3f9/datanode-6/data/ratis/7971e313-2233-4d51-94b0-d0a16ccf95bd/in_use.lock acquired by nodename 31468@pr-hdds-2065-gthbc-3516972114
2019-08-30 23:43:32,633 [pool-413-thread-1] INFO  storage.RaftStorageDirectory (RaftStorageDirectory.java:tryLock(328)) - Lock on /workdir/hadoop-ozone/integration-test/target/test-dir/MiniOzoneClusterImpl-62ef20f9-c776-4926-95e7-c8159edef3f9/datanode-3/data/ratis/7971e313-2233-4d51-94b0-d0a16ccf95bd/in_use.lock acquired by nodename 31468@pr-hdds-2065-gthbc-3516972114
2019-08-30 23:43:32,633 [pool-423-thread-1] INFO  storage.RaftStorageDirectory (RaftStorageDirectory.java:tryLock(328)) - Lock on /workdir/hadoop-ozone/integration-test/target/test-dir/MiniOzoneClusterImpl-62ef20f9-c776-4926-95e7-c8159edef3f9/datanode-4/data/ratis/7971e313-2233-4d51-94b0-d0a16ccf95bd/in_use.lock acquired by nodename 31468@pr-hdds-2065-gthbc-3516972114
2019-08-30 23:43:32,667 [pool-413-thread-1] INFO  storage.RaftStorage (RaftStorage.java:format(72)) - Storage directory /workdir/hadoop-ozone/integration-test/target/test-dir/MiniOzoneClusterImpl-62ef20f9-c776-4926-95e7-c8159edef3f9/datanode-3/data/ratis/7971e313-2233-4d51-94b0-d0a16ccf95bd has been successfully formatted.
2019-08-30 23:43:32,667 [pool-443-thread-1] INFO  storage.RaftStorage (RaftStorage.java:format(72)) - Storage directory /workdir/hadoop-ozone/integration-test/target/test-dir/MiniOzoneClusterImpl-62ef20f9-c776-4926-95e7-c8159edef3f9/datanode-6/data/ratis/7971e313-2233-4d51-94b0-d0a16ccf95bd has been successfully formatted.
2019-08-30 23:43:32,667 [pool-423-thread-1] INFO  storage.RaftStorage (RaftStorage.java:format(72)) - Storage directory /workdir/hadoop-ozone/integration-test/target/test-dir/MiniOzoneClusterImpl-62ef20f9-c776-4926-95e7-c8159edef3f9/datanode-4/data/ratis/7971e313-2233-4d51-94b0-d0a16ccf95bd has been successfully formatted.
2019-08-30 23:43:32,667 [pool-413-thread-1] INFO  ratis.ContainerStateMachine (ContainerStateMachine.java:loadSnapshot(227)) - group-D0A16CCF95BD: The snapshot info is null. Setting the last applied indexto:(t:0, i:~)
2019-08-30 23:43:32,667 [pool-423-thread-1] INFO  ratis.ContainerStateMachine (ContainerStateMachine.java:loadSnapshot(227)) - group-D0A16CCF95BD: The snapshot info is null. Setting the last applied indexto:(t:0, i:~)
2019-08-30 23:43:32,667 [pool-443-thread-1] INFO  ratis.ContainerStateMachine (ContainerStateMachine.java:loadSnapshot(227)) - group-D0A16CCF95BD: The snapshot info is null. Setting the last applied indexto:(t:0, i:~)
2019-08-30 23:43:32,667 [pool-423-thread-1] INFO  server.RaftServerConfigKeys (ConfUtils.java:logGet(43)) - raft.server.leader.election.timeout = 120s (custom)
2019-08-30 23:43:32,667 [pool-413-thread-1] INFO  server.RaftServerConfigKeys (ConfUtils.java:logGet(43)) - raft.server.leader.election.timeout = 120s (custom)
2019-08-30 23:43:32,668 [pool-423-thread-1] INFO  server.RaftServerConfigKeys (ConfUtils.java:logGet(43)) - raft.server.log.use.memory = false (default)
2019-08-30 23:43:32,668 [pool-443-thread-1] INFO  server.RaftServerConfigKeys (ConfUtils.java:logGet(43)) - raft.server.leader.election.timeout = 120s (custom)
2019-08-30 23:43:32,668 [pool-423-thread-1] INFO  server.RaftServerConfigKeys (ConfUtils.java:logGet(43)) - raft.server.log.purge.gap = 1000000 (custom)
2019-08-30 23:43:32,668 [pool-413-thread-1] INFO  server.RaftServerConfigKeys (ConfUtils.java:logGet(43)) - raft.server.log.use.memory = false (default)
2019-08-30 23:43:32,668 [pool-423-thread-1] INFO  server.RaftServerConfigKeys (ConfUtils.java:logGet(43)) - raft.server.log.appender.buffer.byte-limit = 33554432 (custom)
2019-08-30 23:43:32,668 [pool-443-thread-1] INFO  server.RaftServerConfigKeys (ConfUtils.java:logGet(43)) - raft.server.log.use.memory = false (default)
2019-08-30 23:43:32,669 [pool-423-thread-1] INFO  server.RaftServerConfigKeys (ConfUtils.java:logGet(43)) - raft.server.log.segment.size.max = 1048576 (custom)
2019-08-30 23:43:32,668 [pool-413-thread-1] INFO  server.RaftServerConfigKeys (ConfUtils.java:logGet(43)) - raft.server.log.purge.gap = 1000000 (custom)
2019-08-30 23:43:32,669 [pool-423-thread-1] INFO  server.RaftServerConfigKeys (ConfUtils.java:logGet(43)) - raft.server.log.segment.cache.num.max = 2 (custom)
2019-08-30 23:43:32,669 [pool-443-thread-1] INFO  server.RaftServerConfigKeys (ConfUtils.java:logGet(43)) - raft.server.log.purge.gap = 1000000 (custom)
2019-08-30 23:43:32,669 [pool-423-thread-1] INFO  segmented.SegmentedRaftLogWorker (SegmentedRaftLogWorker.java:<init>(172)) - new 711d5759-b86c-4717-b949-6ebb41eeebe2-SegmentedRaftLogWorker:Storage Directory /workdir/hadoop-ozone/integration-test/target/test-dir/MiniOzoneClusterImpl-62ef20f9-c776-4926-95e7-c8159edef3f9/datanode-4/data/ratis/7971e313-2233-4d51-94b0-d0a16ccf95bd for RaftStorage:Storage Directory /workdir/hadoop-ozone/integration-test/target/test-dir/MiniOzoneClusterImpl-62ef20f9-c776-4926-95e7-c8159edef3f9/datanode-4/data/ratis/7971e313-2233-4d51-94b0-d0a16ccf95bd
2019-08-30 23:43:32,669 [pool-413-thread-1] INFO  server.RaftServerConfigKeys (ConfUtils.java:logGet(43)) - raft.server.log.appender.buffer.byte-limit = 33554432 (custom)
2019-08-30 23:43:32,669 [pool-423-thread-1] INFO  server.RaftServerConfigKeys (ConfUtils.java:logGet(43)) - raft.server.log.queue.byte-limit = 2147483647 (custom)
2019-08-30 23:43:32,670 [pool-423-thread-1] INFO  server.RaftServerConfigKeys (ConfUtils.java:logGet(43)) - raft.server.log.queue.element-limit = 1024 (custom)
2019-08-30 23:43:32,669 [pool-443-thread-1] INFO  server.RaftServerConfigKeys (ConfUtils.java:logGet(43)) - raft.server.log.appender.buffer.byte-limit = 33554432 (custom)
2019-08-30 23:43:32,670 [pool-423-thread-1] INFO  server.RaftServerConfigKeys (ConfUtils.java:logGet(43)) - raft.server.log.segment.size.max = 1048576 (custom)
2019-08-30 23:43:32,670 [pool-413-thread-1] INFO  server.RaftServerConfigKeys (ConfUtils.java:logGet(43)) - raft.server.log.segment.size.max = 1048576 (custom)
2019-08-30 23:43:32,670 [pool-423-thread-1] INFO  server.RaftServerConfigKeys (ConfUtils.java:logGet(43)) - raft.server.log.preallocated.size = 16384 (custom)
2019-08-30 23:43:32,670 [pool-443-thread-1] INFO  server.RaftServerConfigKeys (ConfUtils.java:logGet(43)) - raft.server.log.segment.size.max = 1048576 (custom)
2019-08-30 23:43:32,670 [pool-423-thread-1] INFO  server.RaftServerConfigKeys (ConfUtils.java:logGet(43)) - raft.server.log.write.buffer.size = 33554432 (custom)
2019-08-30 23:43:32,670 [pool-413-thread-1] INFO  server.RaftServerConfigKeys (ConfUtils.java:logGet(43)) - raft.server.log.segment.cache.num.max = 2 (custom)
2019-08-30 23:43:32,671 [pool-423-thread-1] INFO  server.RaftServerConfigKeys (ConfUtils.java:logGet(43)) - raft.server.log.force.sync.num = 128 (default)
2019-08-30 23:43:32,671 [pool-443-thread-1] INFO  server.RaftServerConfigKeys (ConfUtils.java:logGet(43)) - raft.server.log.segment.cache.num.max = 2 (custom)
2019-08-30 23:43:32,671 [pool-423-thread-1] INFO  server.RaftServerConfigKeys (ConfUtils.java:logGet(43)) - raft.server.log.statemachine.data.sync = true (default)
2019-08-30 23:43:32,671 [pool-413-thread-1] INFO  segmented.SegmentedRaftLogWorker (SegmentedRaftLogWorker.java:<init>(172)) - new 0c63e151-bdc2-459f-8160-ea1ede0a49fd-SegmentedRaftLogWorker:Storage Directory /workdir/hadoop-ozone/integration-test/target/test-dir/MiniOzoneClusterImpl-62ef20f9-c776-4926-95e7-c8159edef3f9/datanode-3/data/ratis/7971e313-2233-4d51-94b0-d0a16ccf95bd for RaftStorage:Storage Directory /workdir/hadoop-ozone/integration-test/target/test-dir/MiniOzoneClusterImpl-62ef20f9-c776-4926-95e7-c8159edef3f9/datanode-3/data/ratis/7971e313-2233-4d51-94b0-d0a16ccf95bd
2019-08-30 23:43:32,671 [pool-423-thread-1] INFO  server.RaftServerConfigKeys (ConfUtils.java:logGet(43)) - raft.server.log.statemachine.data.sync.timeout = 10s (default)
2019-08-30 23:43:32,671 [pool-443-thread-1] INFO  segmented.SegmentedRaftLogWorker (SegmentedRaftLogWorker.java:<init>(172)) - new e598a779-6268-498c-a148-03c0c7bf95a3-SegmentedRaftLogWorker:Storage Directory /workdir/hadoop-ozone/integration-test/target/test-dir/MiniOzoneClusterImpl-62ef20f9-c776-4926-95e7-c8159edef3f9/datanode-6/data/ratis/7971e313-2233-4d51-94b0-d0a16ccf95bd for RaftStorage:Storage Directory /workdir/hadoop-ozone/integration-test/target/test-dir/MiniOzoneClusterImpl-62ef20f9-c776-4926-95e7-c8159edef3f9/datanode-6/data/ratis/7971e313-2233-4d51-94b0-d0a16ccf95bd
2019-08-30 23:43:32,672 [pool-423-thread-1] INFO  server.RaftServerConfigKeys (ConfUtils.java:logGet(43)) - raft.server.log.statemachine.data.sync.timeout.retry = -1 (default)
2019-08-30 23:43:32,671 [pool-413-thread-1] INFO  server.RaftServerConfigKeys (ConfUtils.java:logGet(43)) - raft.server.log.queue.byte-limit = 2147483647 (custom)
2019-08-30 23:43:32,672 [pool-423-thread-1] INFO  server.RaftServerConfigKeys (ConfUtils.java:logGet(43)) - raft.server.log.statemachine.data.caching.enabled = true (custom)
2019-08-30 23:43:32,672 [pool-443-thread-1] INFO  server.RaftServerConfigKeys (ConfUtils.java:logGet(43)) - raft.server.log.queue.byte-limit = 2147483647 (custom)
2019-08-30 23:43:32,672 [pool-423-thread-1] INFO  segmented.SegmentedRaftLogWorker (SegmentedRaftLogWorker.java:lambda$new$0(132)) - 711d5759-b86c-4717-b949-6ebb41eeebe2-SegmentedRaftLogWorker:Storage Directory /workdir/hadoop-ozone/integration-test/target/test-dir/MiniOzoneClusterImpl-62ef20f9-c776-4926-95e7-c8159edef3f9/datanode-4/data/ratis/7971e313-2233-4d51-94b0-d0a16ccf95bd: flushIndex: setUnconditionally 0 -> -1
2019-08-30 23:43:32,672 [pool-413-thread-1] INFO  server.RaftServerConfigKeys (ConfUtils.java:logGet(43)) - raft.server.log.queue.element-limit = 1024 (custom)
2019-08-30 23:43:32,672 [pool-443-thread-1] INFO  server.RaftServerConfigKeys (ConfUtils.java:logGet(43)) - raft.server.log.queue.element-limit = 1024 (custom)
2019-08-30 23:43:32,673 [pool-413-thread-1] INFO  server.RaftServerConfigKeys (ConfUtils.java:logGet(43)) - raft.server.log.segment.size.max = 1048576 (custom)
2019-08-30 23:43:32,673 [pool-423-thread-1] INFO  server.RaftServerConfigKeys (ConfUtils.java:logGet(43)) - raft.server.snapshot.auto.trigger.enabled = true (custom)
2019-08-30 23:43:32,673 [pool-413-thread-1] INFO  server.RaftServerConfigKeys (ConfUtils.java:logGet(43)) - raft.server.log.preallocated.size = 16384 (custom)
2019-08-30 23:43:32,673 [pool-443-thread-1] INFO  server.RaftServerConfigKeys (ConfUtils.java:logGet(43)) - raft.server.log.segment.size.max = 1048576 (custom)
2019-08-30 23:43:32,673 [pool-413-thread-1] INFO  server.RaftServerConfigKeys (ConfUtils.java:logGet(43)) - raft.server.log.write.buffer.size = 33554432 (custom)
2019-08-30 23:43:32,673 [pool-423-thread-1] INFO  server.RaftServerConfigKeys (ConfUtils.java:logGet(43)) - raft.server.snapshot.auto.trigger.threshold = 10000 (custom)
2019-08-30 23:43:32,674 [pool-413-thread-1] INFO  server.RaftServerConfigKeys (ConfUtils.java:logGet(43)) - raft.server.log.force.sync.num = 128 (default)
2019-08-30 23:43:32,673 [pool-443-thread-1] INFO  server.RaftServerConfigKeys (ConfUtils.java:logGet(43)) - raft.server.log.preallocated.size = 16384 (custom)
2019-08-30 23:43:32,674 [pool-413-thread-1] INFO  server.RaftServerConfigKeys (ConfUtils.java:logGet(43)) - raft.server.log.statemachine.data.sync = true (default)
2019-08-30 23:43:32,674 [pool-423-thread-1] INFO  server.RaftServerConfigKeys (ConfUtils.java:logGet(43)) - raft.server.retrycache.expirytime = 600000ms (custom)
2019-08-30 23:43:32,674 [pool-413-thread-1] INFO  server.RaftServerConfigKeys (ConfUtils.java:logGet(43)) - raft.server.log.statemachine.data.sync.timeout = 10s (default)
2019-08-30 23:43:32,674 [pool-443-thread-1] INFO  server.RaftServerConfigKeys (ConfUtils.java:logGet(43)) - raft.server.log.write.buffer.size = 33554432 (custom)
2019-08-30 23:43:32,674 [pool-413-thread-1] INFO  server.RaftServerConfigKeys (ConfUtils.java:logGet(43)) - raft.server.log.statemachine.data.sync.timeout.retry = -1 (default)
2019-08-30 23:43:32,674 [pool-423-thread-1] INFO  impl.RaftServerImpl (RaftServerImpl.java:start(180)) - 711d5759-b86c-4717-b949-6ebb41eeebe2: start group-D0A16CCF95BD
2019-08-30 23:43:32,675 [pool-413-thread-1] INFO  server.RaftServerConfigKeys (ConfUtils.java:logGet(43)) - raft.server.log.statemachine.data.caching.enabled = true (custom)
2019-08-30 23:43:32,675 [pool-443-thread-1] INFO  server.RaftServerConfigKeys (ConfUtils.java:logGet(43)) - raft.server.log.force.sync.num = 128 (default)
2019-08-30 23:43:32,675 [pool-413-thread-1] INFO  segmented.SegmentedRaftLogWorker (SegmentedRaftLogWorker.java:lambda$new$0(132)) - 0c63e151-bdc2-459f-8160-ea1ede0a49fd-SegmentedRaftLogWorker:Storage Directory /workdir/hadoop-ozone/integration-test/target/test-dir/MiniOzoneClusterImpl-62ef20f9-c776-4926-95e7-c8159edef3f9/datanode-3/data/ratis/7971e313-2233-4d51-94b0-d0a16ccf95bd: flushIndex: setUnconditionally 0 -> -1
2019-08-30 23:43:32,675 [pool-423-thread-1] INFO  impl.RaftServerImpl (RaftServerImpl.java:setRole(171)) - 711d5759-b86c-4717-b949-6ebb41eeebe2:group-D0A16CCF95BD changes role from null to FOLLOWER at term 0 for startAsFollower
2019-08-30 23:43:32,675 [pool-443-thread-1] INFO  server.RaftServerConfigKeys (ConfUtils.java:logGet(43)) - raft.server.log.statemachine.data.sync = true (default)
2019-08-30 23:43:32,675 [pool-413-thread-1] INFO  server.RaftServerConfigKeys (ConfUtils.java:logGet(43)) - raft.server.snapshot.auto.trigger.enabled = true (custom)
2019-08-30 23:43:32,675 [pool-423-thread-1] INFO  impl.RoleInfo (RoleInfo.java:updateAndGet(143)) - 711d5759-b86c-4717-b949-6ebb41eeebe2: start FollowerState
2019-08-30 23:43:32,676 [pool-413-thread-1] INFO  server.RaftServerConfigKeys (ConfUtils.java:logGet(43)) - raft.server.snapshot.auto.trigger.threshold = 10000 (custom)
2019-08-30 23:43:32,676 [pool-443-thread-1] INFO  server.RaftServerConfigKeys (ConfUtils.java:logGet(43)) - raft.server.log.statemachine.data.sync.timeout = 10s (default)
2019-08-30 23:43:32,676 [pool-423-thread-1] INFO  util.JmxRegister (JmxRegister.java:tryRegister(44)) - Successfully registered JMX Bean with object name Ratis:service=RaftServer,group=group-D0A16CCF95BD,id=711d5759-b86c-4717-b949-6ebb41eeebe2
2019-08-30 23:43:32,676 [pool-413-thread-1] INFO  server.RaftServerConfigKeys (ConfUtils.java:logGet(43)) - raft.server.retrycache.expirytime = 600000ms (custom)
2019-08-30 23:43:32,676 [pool-443-thread-1] INFO  server.RaftServerConfigKeys (ConfUtils.java:logGet(43)) - raft.server.log.statemachine.data.sync.timeout.retry = -1 (default)
2019-08-30 23:43:32,677 [pool-413-thread-1] INFO  impl.RaftServerImpl (RaftServerImpl.java:start(180)) - 0c63e151-bdc2-459f-8160-ea1ede0a49fd: start group-D0A16CCF95BD
2019-08-30 23:43:32,677 [pool-443-thread-1] INFO  server.RaftServerConfigKeys (ConfUtils.java:logGet(43)) - raft.server.log.statemachine.data.caching.enabled = true (custom)
2019-08-30 23:43:32,677 [pool-413-thread-1] INFO  impl.RaftServerImpl (RaftServerImpl.java:setRole(171)) - 0c63e151-bdc2-459f-8160-ea1ede0a49fd:group-D0A16CCF95BD changes role from null to FOLLOWER at term 0 for startAsFollower
2019-08-30 23:43:32,677 [pool-413-thread-1] INFO  impl.RoleInfo (RoleInfo.java:updateAndGet(143)) - 0c63e151-bdc2-459f-8160-ea1ede0a49fd: start FollowerState
2019-08-30 23:43:32,677 [pool-443-thread-1] INFO  segmented.SegmentedRaftLogWorker (SegmentedRaftLogWorker.java:lambda$new$0(132)) - e598a779-6268-498c-a148-03c0c7bf95a3-SegmentedRaftLogWorker:Storage Directory /workdir/hadoop-ozone/integration-test/target/test-dir/MiniOzoneClusterImpl-62ef20f9-c776-4926-95e7-c8159edef3f9/datanode-6/data/ratis/7971e313-2233-4d51-94b0-d0a16ccf95bd: flushIndex: setUnconditionally 0 -> -1
2019-08-30 23:43:32,678 [pool-413-thread-1] INFO  util.JmxRegister (JmxRegister.java:tryRegister(44)) - Successfully registered JMX Bean with object name Ratis:service=RaftServer,group=group-D0A16CCF95BD,id=0c63e151-bdc2-459f-8160-ea1ede0a49fd
2019-08-30 23:43:32,678 [pool-443-thread-1] INFO  server.RaftServerConfigKeys (ConfUtils.java:logGet(43)) - raft.server.snapshot.auto.trigger.enabled = true (custom)
2019-08-30 23:43:32,678 [pool-443-thread-1] INFO  server.RaftServerConfigKeys (ConfUtils.java:logGet(43)) - raft.server.snapshot.auto.trigger.threshold = 10000 (custom)
2019-08-30 23:43:32,678 [pool-443-thread-1] INFO  server.RaftServerConfigKeys (ConfUtils.java:logGet(43)) - raft.server.retrycache.expirytime = 600000ms (custom)
2019-08-30 23:43:32,678 [pool-443-thread-1] INFO  impl.RaftServerImpl (RaftServerImpl.java:start(180)) - e598a779-6268-498c-a148-03c0c7bf95a3: start group-D0A16CCF95BD
2019-08-30 23:43:32,679 [pool-443-thread-1] INFO  impl.RaftServerImpl (RaftServerImpl.java:setRole(171)) - e598a779-6268-498c-a148-03c0c7bf95a3:group-D0A16CCF95BD changes role from null to FOLLOWER at term 0 for startAsFollower
2019-08-30 23:43:32,679 [pool-443-thread-1] INFO  impl.RoleInfo (RoleInfo.java:updateAndGet(143)) - e598a779-6268-498c-a148-03c0c7bf95a3: start FollowerState
2019-08-30 23:43:32,679 [pool-443-thread-1] INFO  util.JmxRegister (JmxRegister.java:tryRegister(44)) - Successfully registered JMX Bean with object name Ratis:service=RaftServer,group=group-D0A16CCF95BD,id=e598a779-6268-498c-a148-03c0c7bf95a3
2019-08-30 23:43:32,682 [RatisPipelineUtilsThread] INFO  pipeline.PipelineStateManager (PipelineStateManager.java:addPipeline(56)) - Created pipeline Pipeline[ Id: 7971e313-2233-4d51-94b0-d0a16ccf95bd, Nodes: 711d5759-b86c-4717-b949-6ebb41eeebe2{ip: 192.168.69.97, host: pr-hdds-2065-gthbc-3516972114, networkLocation: /default-rack, certSerialId: null}e598a779-6268-498c-a148-03c0c7bf95a3{ip: 192.168.69.97, host: pr-hdds-2065-gthbc-3516972114, networkLocation: /default-rack, certSerialId: null}0c63e151-bdc2-459f-8160-ea1ede0a49fd{ip: 192.168.69.97, host: pr-hdds-2065-gthbc-3516972114, networkLocation: /default-rack, certSerialId: null}, Type:RATIS, Factor:THREE, State:OPEN]
2019-08-30 23:43:32,697 [grpc-default-executor-9] INFO  impl.RaftServerProxy (RaftServerProxy.java:addNew(89)) - 1fc83f0a-239a-44d2-b60d-e15dbfa2cca4: addNew group-CFFDCCAA6F6E:[f57195ff-03b4-43f7-9ab5-53c6bdff4b8a:192.168.69.97:32914, 1fc83f0a-239a-44d2-b60d-e15dbfa2cca4:192.168.69.97:33402, 49133c72-97ee-4f5b-8326-c41119f62149:192.168.69.97:41934] returns group-CFFDCCAA6F6E:java.util.concurrent.CompletableFuture@9a54fd5[Not completed]
2019-08-30 23:43:32,697 [grpc-default-executor-10] INFO  impl.RaftServerProxy (RaftServerProxy.java:addNew(89)) - 49133c72-97ee-4f5b-8326-c41119f62149: addNew group-CFFDCCAA6F6E:[f57195ff-03b4-43f7-9ab5-53c6bdff4b8a:192.168.69.97:32914, 1fc83f0a-239a-44d2-b60d-e15dbfa2cca4:192.168.69.97:33402, 49133c72-97ee-4f5b-8326-c41119f62149:192.168.69.97:41934] returns group-CFFDCCAA6F6E:java.util.concurrent.CompletableFuture@6423ce67[Not completed]
2019-08-30 23:43:32,697 [grpc-default-executor-2] INFO  impl.RaftServerProxy (RaftServerProxy.java:addNew(89)) - f57195ff-03b4-43f7-9ab5-53c6bdff4b8a: addNew group-CFFDCCAA6F6E:[f57195ff-03b4-43f7-9ab5-53c6bdff4b8a:192.168.69.97:32914, 1fc83f0a-239a-44d2-b60d-e15dbfa2cca4:192.168.69.97:33402, 49133c72-97ee-4f5b-8326-c41119f62149:192.168.69.97:41934] returns group-CFFDCCAA6F6E:java.util.concurrent.CompletableFuture@6911f9f2[Not completed]
2019-08-30 23:43:32,698 [pool-433-thread-1] INFO  impl.RaftServerImpl (RaftServerImpl.java:<init>(93)) - 1fc83f0a-239a-44d2-b60d-e15dbfa2cca4: new RaftServerImpl for group-CFFDCCAA6F6E:[f57195ff-03b4-43f7-9ab5-53c6bdff4b8a:192.168.69.97:32914, 1fc83f0a-239a-44d2-b60d-e15dbfa2cca4:192.168.69.97:33402, 49133c72-97ee-4f5b-8326-c41119f62149:192.168.69.97:41934] with ContainerStateMachine:uninitialized
2019-08-30 23:43:32,698 [pool-433-thread-1] INFO  server.RaftServerConfigKeys (ConfUtils.java:logGet(43)) - raft.server.rpc.timeout.min = 5s (custom)
2019-08-30 23:43:32,699 [pool-433-thread-1] INFO  server.RaftServerConfigKeys (ConfUtils.java:logGet(43)) - raft.server.rpc.timeout.max = 5200ms (custom)
2019-08-30 23:43:32,699 [pool-433-thread-1] INFO  server.RaftServerConfigKeys (ConfUtils.java:logGet(43)) - raft.server.rpcslowness.timeout = 120s (custom)
2019-08-30 23:43:32,699 [pool-433-thread-1] INFO  server.RaftServerConfigKeys (ConfUtils.java:logGet(43)) - raft.server.sleep.deviation.threshold = 300 (default)
2019-08-30 23:43:32,699 [pool-433-thread-1] INFO  server.RaftServerConfigKeys (ConfUtils.java:logGet(43)) - raft.server.log.appender.install.snapshot.enabled = false (custom)
2019-08-30 23:43:32,699 [pool-433-thread-1] INFO  impl.RaftServerImpl (ServerState.java:<init>(105)) - 1fc83f0a-239a-44d2-b60d-e15dbfa2cca4:group-CFFDCCAA6F6E ConfigurationManager, init=-1: [f57195ff-03b4-43f7-9ab5-53c6bdff4b8a:192.168.69.97:32914, 1fc83f0a-239a-44d2-b60d-e15dbfa2cca4:192.168.69.97:33402, 49133c72-97ee-4f5b-8326-c41119f62149:192.168.69.97:41934], old=null, confs=<EMPTY_MAP>
2019-08-30 23:43:32,699 [pool-433-thread-1] INFO  server.RaftServerConfigKeys (ConfUtils.java:logGet(43)) - raft.server.storage.dir = [/workdir/hadoop-ozone/integration-test/target/test-dir/MiniOzoneClusterImpl-62ef20f9-c776-4926-95e7-c8159edef3f9/datanode-5/data/ratis] (custom)
2019-08-30 23:43:32,699 [pool-383-thread-1] INFO  impl.RaftServerImpl (RaftServerImpl.java:<init>(93)) - 49133c72-97ee-4f5b-8326-c41119f62149: new RaftServerImpl for group-CFFDCCAA6F6E:[f57195ff-03b4-43f7-9ab5-53c6bdff4b8a:192.168.69.97:32914, 1fc83f0a-239a-44d2-b60d-e15dbfa2cca4:192.168.69.97:33402, 49133c72-97ee-4f5b-8326-c41119f62149:192.168.69.97:41934] with ContainerStateMachine:uninitialized
2019-08-30 23:43:32,699 [pool-433-thread-1] INFO  storage.RaftStorageDirectory (RaftStorageDirectory.java:analyzeStorage(246)) - The storage directory /workdir/hadoop-ozone/integration-test/target/test-dir/MiniOzoneClusterImpl-62ef20f9-c776-4926-95e7-c8159edef3f9/datanode-5/data/ratis/7af0c2a5-8571-4b92-9042-cffdccaa6f6e does not exist. Creating ...
2019-08-30 23:43:32,699 [pool-383-thread-1] INFO  server.RaftServerConfigKeys (ConfUtils.java:logGet(43)) - raft.server.rpc.timeout.min = 5s (custom)
2019-08-30 23:43:32,700 [pool-403-thread-1] INFO  impl.RaftServerImpl (RaftServerImpl.java:<init>(93)) - f57195ff-03b4-43f7-9ab5-53c6bdff4b8a: new RaftServerImpl for group-CFFDCCAA6F6E:[f57195ff-03b4-43f7-9ab5-53c6bdff4b8a:192.168.69.97:32914, 1fc83f0a-239a-44d2-b60d-e15dbfa2cca4:192.168.69.97:33402, 49133c72-97ee-4f5b-8326-c41119f62149:192.168.69.97:41934] with ContainerStateMachine:uninitialized
2019-08-30 23:43:32,700 [pool-383-thread-1] INFO  server.RaftServerConfigKeys (ConfUtils.java:logGet(43)) - raft.server.rpc.timeout.max = 5200ms (custom)
2019-08-30 23:43:32,700 [pool-403-thread-1] INFO  server.RaftServerConfigKeys (ConfUtils.java:logGet(43)) - raft.server.rpc.timeout.min = 5s (custom)
2019-08-30 23:43:32,700 [pool-383-thread-1] INFO  server.RaftServerConfigKeys (ConfUtils.java:logGet(43)) - raft.server.rpcslowness.timeout = 120s (custom)
2019-08-30 23:43:32,700 [pool-403-thread-1] INFO  server.RaftServerConfigKeys (ConfUtils.java:logGet(43)) - raft.server.rpc.timeout.max = 5200ms (custom)
2019-08-30 23:43:32,700 [pool-383-thread-1] INFO  server.RaftServerConfigKeys (ConfUtils.java:logGet(43)) - raft.server.sleep.deviation.threshold = 300 (default)
2019-08-30 23:43:32,700 [pool-403-thread-1] INFO  server.RaftServerConfigKeys (ConfUtils.java:logGet(43)) - raft.server.rpcslowness.timeout = 120s (custom)
2019-08-30 23:43:32,701 [pool-383-thread-1] INFO  server.RaftServerConfigKeys (ConfUtils.java:logGet(43)) - raft.server.log.appender.install.snapshot.enabled = false (custom)
2019-08-30 23:43:32,701 [pool-403-thread-1] INFO  server.RaftServerConfigKeys (ConfUtils.java:logGet(43)) - raft.server.sleep.deviation.threshold = 300 (default)
2019-08-30 23:43:32,701 [pool-383-thread-1] INFO  impl.RaftServerImpl (ServerState.java:<init>(105)) - 49133c72-97ee-4f5b-8326-c41119f62149:group-CFFDCCAA6F6E ConfigurationManager, init=-1: [f57195ff-03b4-43f7-9ab5-53c6bdff4b8a:192.168.69.97:32914, 1fc83f0a-239a-44d2-b60d-e15dbfa2cca4:192.168.69.97:33402, 49133c72-97ee-4f5b-8326-c41119f62149:192.168.69.97:41934], old=null, confs=<EMPTY_MAP>
2019-08-30 23:43:32,701 [pool-403-thread-1] INFO  server.RaftServerConfigKeys (ConfUtils.java:logGet(43)) - raft.server.log.appender.install.snapshot.enabled = false (custom)
2019-08-30 23:43:32,701 [pool-383-thread-1] INFO  server.RaftServerConfigKeys (ConfUtils.java:logGet(43)) - raft.server.storage.dir = [/workdir/hadoop-ozone/integration-test/target/test-dir/MiniOzoneClusterImpl-62ef20f9-c776-4926-95e7-c8159edef3f9/datanode-0/data/ratis] (custom)
2019-08-30 23:43:32,701 [pool-403-thread-1] INFO  impl.RaftServerImpl (ServerState.java:<init>(105)) - f57195ff-03b4-43f7-9ab5-53c6bdff4b8a:group-CFFDCCAA6F6E ConfigurationManager, init=-1: [f57195ff-03b4-43f7-9ab5-53c6bdff4b8a:192.168.69.97:32914, 1fc83f0a-239a-44d2-b60d-e15dbfa2cca4:192.168.69.97:33402, 49133c72-97ee-4f5b-8326-c41119f62149:192.168.69.97:41934], old=null, confs=<EMPTY_MAP>
2019-08-30 23:43:32,702 [pool-403-thread-1] INFO  server.RaftServerConfigKeys (ConfUtils.java:logGet(43)) - raft.server.storage.dir = [/workdir/hadoop-ozone/integration-test/target/test-dir/MiniOzoneClusterImpl-62ef20f9-c776-4926-95e7-c8159edef3f9/datanode-2/data/ratis] (custom)
2019-08-30 23:43:32,702 [pool-383-thread-1] INFO  storage.RaftStorageDirectory (RaftStorageDirectory.java:analyzeStorage(246)) - The storage directory /workdir/hadoop-ozone/integration-test/target/test-dir/MiniOzoneClusterImpl-62ef20f9-c776-4926-95e7-c8159edef3f9/datanode-0/data/ratis/7af0c2a5-8571-4b92-9042-cffdccaa6f6e does not exist. Creating ...
2019-08-30 23:43:32,702 [pool-403-thread-1] INFO  storage.RaftStorageDirectory (RaftStorageDirectory.java:analyzeStorage(246)) - The storage directory /workdir/hadoop-ozone/integration-test/target/test-dir/MiniOzoneClusterImpl-62ef20f9-c776-4926-95e7-c8159edef3f9/datanode-2/data/ratis/7af0c2a5-8571-4b92-9042-cffdccaa6f6e does not exist. Creating ...
2019-08-30 23:43:32,726 [pool-383-thread-1] INFO  storage.RaftStorageDirectory (RaftStorageDirectory.java:tryLock(328)) - Lock on /workdir/hadoop-ozone/integration-test/target/test-dir/MiniOzoneClusterImpl-62ef20f9-c776-4926-95e7-c8159edef3f9/datanode-0/data/ratis/7af0c2a5-8571-4b92-9042-cffdccaa6f6e/in_use.lock acquired by nodename 31468@pr-hdds-2065-gthbc-3516972114
2019-08-30 23:43:32,726 [pool-433-thread-1] INFO  storage.RaftStorageDirectory (RaftStorageDirectory.java:tryLock(328)) - Lock on /workdir/hadoop-ozone/integration-test/target/test-dir/MiniOzoneClusterImpl-62ef20f9-c776-4926-95e7-c8159edef3f9/datanode-5/data/ratis/7af0c2a5-8571-4b92-9042-cffdccaa6f6e/in_use.lock acquired by nodename 31468@pr-hdds-2065-gthbc-3516972114
2019-08-30 23:43:32,726 [pool-403-thread-1] INFO  storage.RaftStorageDirectory (RaftStorageDirectory.java:tryLock(328)) - Lock on /workdir/hadoop-ozone/integration-test/target/test-dir/MiniOzoneClusterImpl-62ef20f9-c776-4926-95e7-c8159edef3f9/datanode-2/data/ratis/7af0c2a5-8571-4b92-9042-cffdccaa6f6e/in_use.lock acquired by nodename 31468@pr-hdds-2065-gthbc-3516972114
2019-08-30 23:43:32,752 [pool-403-thread-1] INFO  storage.RaftStorage (RaftStorage.java:format(72)) - Storage directory /workdir/hadoop-ozone/integration-test/target/test-dir/MiniOzoneClusterImpl-62ef20f9-c776-4926-95e7-c8159edef3f9/datanode-2/data/ratis/7af0c2a5-8571-4b92-9042-cffdccaa6f6e has been successfully formatted.
2019-08-30 23:43:32,752 [pool-433-thread-1] INFO  storage.RaftStorage (RaftStorage.java:format(72)) - Storage directory /workdir/hadoop-ozone/integration-test/target/test-dir/MiniOzoneClusterImpl-62ef20f9-c776-4926-95e7-c8159edef3f9/datanode-5/data/ratis/7af0c2a5-8571-4b92-9042-cffdccaa6f6e has been successfully formatted.
2019-08-30 23:43:32,752 [pool-403-thread-1] INFO  ratis.ContainerStateMachine (ContainerStateMachine.java:loadSnapshot(227)) - group-CFFDCCAA6F6E: The snapshot info is null. Setting the last applied indexto:(t:0, i:~)
2019-08-30 23:43:32,752 [pool-383-thread-1] INFO  storage.RaftStorage (RaftStorage.java:format(72)) - Storage directory /workdir/hadoop-ozone/integration-test/target/test-dir/MiniOzoneClusterImpl-62ef20f9-c776-4926-95e7-c8159edef3f9/datanode-0/data/ratis/7af0c2a5-8571-4b92-9042-cffdccaa6f6e has been successfully formatted.
2019-08-30 23:43:32,752 [pool-433-thread-1] INFO  ratis.ContainerStateMachine (ContainerStateMachine.java:loadSnapshot(227)) - group-CFFDCCAA6F6E: The snapshot info is null. Setting the last applied indexto:(t:0, i:~)
2019-08-30 23:43:32,752 [pool-403-thread-1] INFO  server.RaftServerConfigKeys (ConfUtils.java:logGet(43)) - raft.server.leader.election.timeout = 120s (custom)
2019-08-30 23:43:32,752 [pool-433-thread-1] INFO  server.RaftServerConfigKeys (ConfUtils.java:logGet(43)) - raft.server.leader.election.timeout = 120s (custom)
2019-08-30 23:43:32,752 [pool-383-thread-1] INFO  ratis.ContainerStateMachine (ContainerStateMachine.java:loadSnapshot(227)) - group-CFFDCCAA6F6E: The snapshot info is null. Setting the last applied indexto:(t:0, i:~)
2019-08-30 23:43:32,753 [pool-433-thread-1] INFO  server.RaftServerConfigKeys (ConfUtils.java:logGet(43)) - raft.server.log.use.memory = false (default)
2019-08-30 23:43:32,753 [pool-403-thread-1] INFO  server.RaftServerConfigKeys (ConfUtils.java:logGet(43)) - raft.server.log.use.memory = false (default)
2019-08-30 23:43:32,753 [pool-433-thread-1] INFO  server.RaftServerConfigKeys (ConfUtils.java:logGet(43)) - raft.server.log.purge.gap = 1000000 (custom)
2019-08-30 23:43:32,753 [pool-383-thread-1] INFO  server.RaftServerConfigKeys (ConfUtils.java:logGet(43)) - raft.server.leader.election.timeout = 120s (custom)
2019-08-30 23:43:32,753 [pool-433-thread-1] INFO  server.RaftServerConfigKeys (ConfUtils.java:logGet(43)) - raft.server.log.appender.buffer.byte-limit = 33554432 (custom)
2019-08-30 23:43:32,753 [pool-403-thread-1] INFO  server.RaftServerConfigKeys (ConfUtils.java:logGet(43)) - raft.server.log.purge.gap = 1000000 (custom)
2019-08-30 23:43:32,754 [pool-433-thread-1] INFO  server.RaftServerConfigKeys (ConfUtils.java:logGet(43)) - raft.server.log.segment.size.max = 1048576 (custom)
2019-08-30 23:43:32,754 [pool-383-thread-1] INFO  server.RaftServerConfigKeys (ConfUtils.java:logGet(43)) - raft.server.log.use.memory = false (default)
2019-08-30 23:43:32,754 [pool-433-thread-1] INFO  server.RaftServerConfigKeys (ConfUtils.java:logGet(43)) - raft.server.log.segment.cache.num.max = 2 (custom)
2019-08-30 23:43:32,754 [pool-403-thread-1] INFO  server.RaftServerConfigKeys (ConfUtils.java:logGet(43)) - raft.server.log.appender.buffer.byte-limit = 33554432 (custom)
2019-08-30 23:43:32,754 [pool-433-thread-1] INFO  segmented.SegmentedRaftLogWorker (SegmentedRaftLogWorker.java:<init>(172)) - new 1fc83f0a-239a-44d2-b60d-e15dbfa2cca4-SegmentedRaftLogWorker:Storage Directory /workdir/hadoop-ozone/integration-test/target/test-dir/MiniOzoneClusterImpl-62ef20f9-c776-4926-95e7-c8159edef3f9/datanode-5/data/ratis/7af0c2a5-8571-4b92-9042-cffdccaa6f6e for RaftStorage:Storage Directory /workdir/hadoop-ozone/integration-test/target/test-dir/MiniOzoneClusterImpl-62ef20f9-c776-4926-95e7-c8159edef3f9/datanode-5/data/ratis/7af0c2a5-8571-4b92-9042-cffdccaa6f6e
2019-08-30 23:43:32,754 [pool-383-thread-1] INFO  server.RaftServerConfigKeys (ConfUtils.java:logGet(43)) - raft.server.log.purge.gap = 1000000 (custom)
2019-08-30 23:43:32,755 [pool-433-thread-1] INFO  server.RaftServerConfigKeys (ConfUtils.java:logGet(43)) - raft.server.log.queue.byte-limit = 2147483647 (custom)
2019-08-30 23:43:32,755 [pool-403-thread-1] INFO  server.RaftServerConfigKeys (ConfUtils.java:logGet(43)) - raft.server.log.segment.size.max = 1048576 (custom)
2019-08-30 23:43:32,755 [pool-433-thread-1] INFO  server.RaftServerConfigKeys (ConfUtils.java:logGet(43)) - raft.server.log.queue.element-limit = 1024 (custom)
2019-08-30 23:43:32,755 [pool-383-thread-1] INFO  server.RaftServerConfigKeys (ConfUtils.java:logGet(43)) - raft.server.log.appender.buffer.byte-limit = 33554432 (custom)
2019-08-30 23:43:32,755 [pool-433-thread-1] INFO  server.RaftServerConfigKeys (ConfUtils.java:logGet(43)) - raft.server.log.segment.size.max = 1048576 (custom)
2019-08-30 23:43:32,755 [pool-403-thread-1] INFO  server.RaftServerConfigKeys (ConfUtils.java:logGet(43)) - raft.server.log.segment.cache.num.max = 2 (custom)
2019-08-30 23:43:32,756 [pool-433-thread-1] INFO  server.RaftServerConfigKeys (ConfUtils.java:logGet(43)) - raft.server.log.preallocated.size = 16384 (custom)
2019-08-30 23:43:32,756 [pool-383-thread-1] INFO  server.RaftServerConfigKeys (ConfUtils.java:logGet(43)) - raft.server.log.segment.size.max = 1048576 (custom)
2019-08-30 23:43:32,756 [pool-433-thread-1] INFO  server.RaftServerConfigKeys (ConfUtils.java:logGet(43)) - raft.server.log.write.buffer.size = 33554432 (custom)
2019-08-30 23:43:32,756 [pool-403-thread-1] INFO  segmented.SegmentedRaftLogWorker (SegmentedRaftLogWorker.java:<init>(172)) - new f57195ff-03b4-43f7-9ab5-53c6bdff4b8a-SegmentedRaftLogWorker:Storage Directory /workdir/hadoop-ozone/integration-test/target/test-dir/MiniOzoneClusterImpl-62ef20f9-c776-4926-95e7-c8159edef3f9/datanode-2/data/ratis/7af0c2a5-8571-4b92-9042-cffdccaa6f6e for RaftStorage:Storage Directory /workdir/hadoop-ozone/integration-test/target/test-dir/MiniOzoneClusterImpl-62ef20f9-c776-4926-95e7-c8159edef3f9/datanode-2/data/ratis/7af0c2a5-8571-4b92-9042-cffdccaa6f6e
2019-08-30 23:43:32,756 [pool-433-thread-1] INFO  server.RaftServerConfigKeys (ConfUtils.java:logGet(43)) - raft.server.log.force.sync.num = 128 (default)
2019-08-30 23:43:32,756 [pool-383-thread-1] INFO  server.RaftServerConfigKeys (ConfUtils.java:logGet(43)) - raft.server.log.segment.cache.num.max = 2 (custom)
2019-08-30 23:43:32,757 [pool-433-thread-1] INFO  server.RaftServerConfigKeys (ConfUtils.java:logGet(43)) - raft.server.log.statemachine.data.sync = true (default)
2019-08-30 23:43:32,757 [pool-403-thread-1] INFO  server.RaftServerConfigKeys (ConfUtils.java:logGet(43)) - raft.server.log.queue.byte-limit = 2147483647 (custom)
2019-08-30 23:43:32,757 [pool-433-thread-1] INFO  server.RaftServerConfigKeys (ConfUtils.java:logGet(43)) - raft.server.log.statemachine.data.sync.timeout = 10s (default)
2019-08-30 23:43:32,757 [pool-383-thread-1] INFO  segmented.SegmentedRaftLogWorker (SegmentedRaftLogWorker.java:<init>(172)) - new 49133c72-97ee-4f5b-8326-c41119f62149-SegmentedRaftLogWorker:Storage Directory /workdir/hadoop-ozone/integration-test/target/test-dir/MiniOzoneClusterImpl-62ef20f9-c776-4926-95e7-c8159edef3f9/datanode-0/data/ratis/7af0c2a5-8571-4b92-9042-cffdccaa6f6e for RaftStorage:Storage Directory /workdir/hadoop-ozone/integration-test/target/test-dir/MiniOzoneClusterImpl-62ef20f9-c776-4926-95e7-c8159edef3f9/datanode-0/data/ratis/7af0c2a5-8571-4b92-9042-cffdccaa6f6e
2019-08-30 23:43:32,757 [pool-433-thread-1] INFO  server.RaftServerConfigKeys (ConfUtils.java:logGet(43)) - raft.server.log.statemachine.data.sync.timeout.retry = -1 (default)
2019-08-30 23:43:32,757 [pool-403-thread-1] INFO  server.RaftServerConfigKeys (ConfUtils.java:logGet(43)) - raft.server.log.queue.element-limit = 1024 (custom)
2019-08-30 23:43:32,758 [pool-433-thread-1] INFO  server.RaftServerConfigKeys (ConfUtils.java:logGet(43)) - raft.server.log.statemachine.data.caching.enabled = true (custom)
2019-08-30 23:43:32,758 [pool-383-thread-1] INFO  server.RaftServerConfigKeys (ConfUtils.java:logGet(43)) - raft.server.log.queue.byte-limit = 2147483647 (custom)
2019-08-30 23:43:32,758 [pool-403-thread-1] INFO  server.RaftServerConfigKeys (ConfUtils.java:logGet(43)) - raft.server.log.segment.size.max = 1048576 (custom)
2019-08-30 23:43:32,759 [pool-403-thread-1] INFO  server.RaftServerConfigKeys (ConfUtils.java:logGet(43)) - raft.server.log.preallocated.size = 16384 (custom)
2019-08-30 23:43:32,759 [pool-403-thread-1] INFO  server.RaftServerConfigKeys (ConfUtils.java:logGet(43)) - raft.server.log.write.buffer.size = 33554432 (custom)
2019-08-30 23:43:32,759 [pool-403-thread-1] INFO  server.RaftServerConfigKeys (ConfUtils.java:logGet(43)) - raft.server.log.force.sync.num = 128 (default)
2019-08-30 23:43:32,759 [pool-403-thread-1] INFO  server.RaftServerConfigKeys (ConfUtils.java:logGet(43)) - raft.server.log.statemachine.data.sync = true (default)
2019-08-30 23:43:32,759 [pool-403-thread-1] INFO  server.RaftServerConfigKeys (ConfUtils.java:logGet(43)) - raft.server.log.statemachine.data.sync.timeout = 10s (default)
2019-08-30 23:43:32,760 [pool-403-thread-1] INFO  server.RaftServerConfigKeys (ConfUtils.java:logGet(43)) - raft.server.log.statemachine.data.sync.timeout.retry = -1 (default)
2019-08-30 23:43:32,760 [pool-403-thread-1] INFO  server.RaftServerConfigKeys (ConfUtils.java:logGet(43)) - raft.server.log.statemachine.data.caching.enabled = true (custom)
2019-08-30 23:43:32,758 [pool-383-thread-1] INFO  server.RaftServerConfigKeys (ConfUtils.java:logGet(43)) - raft.server.log.queue.element-limit = 1024 (custom)
2019-08-30 23:43:32,758 [pool-433-thread-1] INFO  segmented.SegmentedRaftLogWorker (SegmentedRaftLogWorker.java:lambda$new$0(132)) - 1fc83f0a-239a-44d2-b60d-e15dbfa2cca4-SegmentedRaftLogWorker:Storage Directory /workdir/hadoop-ozone/integration-test/target/test-dir/MiniOzoneClusterImpl-62ef20f9-c776-4926-95e7-c8159edef3f9/datanode-5/data/ratis/7af0c2a5-8571-4b92-9042-cffdccaa6f6e: flushIndex: setUnconditionally 0 -> -1
2019-08-30 23:43:32,760 [pool-403-thread-1] INFO  segmented.SegmentedRaftLogWorker (SegmentedRaftLogWorker.java:lambda$new$0(132)) - f57195ff-03b4-43f7-9ab5-53c6bdff4b8a-SegmentedRaftLogWorker:Storage Directory /workdir/hadoop-ozone/integration-test/target/test-dir/MiniOzoneClusterImpl-62ef20f9-c776-4926-95e7-c8159edef3f9/datanode-2/data/ratis/7af0c2a5-8571-4b92-9042-cffdccaa6f6e: flushIndex: setUnconditionally 0 -> -1
2019-08-30 23:43:32,760 [pool-383-thread-1] INFO  server.RaftServerConfigKeys (ConfUtils.java:logGet(43)) - raft.server.log.segment.size.max = 1048576 (custom)
2019-08-30 23:43:32,761 [pool-433-thread-1] INFO  server.RaftServerConfigKeys (ConfUtils.java:logGet(43)) - raft.server.snapshot.auto.trigger.enabled = true (custom)
2019-08-30 23:43:32,761 [pool-383-thread-1] INFO  server.RaftServerConfigKeys (ConfUtils.java:logGet(43)) - raft.server.log.preallocated.size = 16384 (custom)
2019-08-30 23:43:32,761 [pool-403-thread-1] INFO  server.RaftServerConfigKeys (ConfUtils.java:logGet(43)) - raft.server.snapshot.auto.trigger.enabled = true (custom)
2019-08-30 23:43:32,761 [pool-433-thread-1] INFO  server.RaftServerConfigKeys (ConfUtils.java:logGet(43)) - raft.server.snapshot.auto.trigger.threshold = 10000 (custom)
2019-08-30 23:43:32,761 [pool-403-thread-1] INFO  server.RaftServerConfigKeys (ConfUtils.java:logGet(43)) - raft.server.snapshot.auto.trigger.threshold = 10000 (custom)
2019-08-30 23:43:32,761 [pool-383-thread-1] INFO  server.RaftServerConfigKeys (ConfUtils.java:logGet(43)) - raft.server.log.write.buffer.size = 33554432 (custom)
2019-08-30 23:43:32,762 [pool-403-thread-1] INFO  server.RaftServerConfigKeys (ConfUtils.java:logGet(43)) - raft.server.retrycache.expirytime = 600000ms (custom)
2019-08-30 23:43:32,761 [pool-433-thread-1] INFO  server.RaftServerConfigKeys (ConfUtils.java:logGet(43)) - raft.server.retrycache.expirytime = 600000ms (custom)
2019-08-30 23:43:32,762 [pool-403-thread-1] INFO  impl.RaftServerImpl (RaftServerImpl.java:start(180)) - f57195ff-03b4-43f7-9ab5-53c6bdff4b8a: start group-CFFDCCAA6F6E
2019-08-30 23:43:32,762 [pool-383-thread-1] INFO  server.RaftServerConfigKeys (ConfUtils.java:logGet(43)) - raft.server.log.force.sync.num = 128 (default)
2019-08-30 23:43:32,762 [pool-403-thread-1] INFO  impl.RaftServerImpl (RaftServerImpl.java:setRole(171)) - f57195ff-03b4-43f7-9ab5-53c6bdff4b8a:group-CFFDCCAA6F6E changes role from null to FOLLOWER at term 0 for startAsFollower
2019-08-30 23:43:32,762 [pool-433-thread-1] INFO  impl.RaftServerImpl (RaftServerImpl.java:start(180)) - 1fc83f0a-239a-44d2-b60d-e15dbfa2cca4: start group-CFFDCCAA6F6E
2019-08-30 23:43:32,762 [pool-403-thread-1] INFO  impl.RoleInfo (RoleInfo.java:updateAndGet(143)) - f57195ff-03b4-43f7-9ab5-53c6bdff4b8a: start FollowerState
2019-08-30 23:43:32,762 [pool-383-thread-1] INFO  server.RaftServerConfigKeys (ConfUtils.java:logGet(43)) - raft.server.log.statemachine.data.sync = true (default)
2019-08-30 23:43:32,762 [pool-433-thread-1] INFO  impl.RaftServerImpl (RaftServerImpl.java:setRole(171)) - 1fc83f0a-239a-44d2-b60d-e15dbfa2cca4:group-CFFDCCAA6F6E changes role from null to FOLLOWER at term 0 for startAsFollower
2019-08-30 23:43:32,763 [pool-433-thread-1] INFO  impl.RoleInfo (RoleInfo.java:updateAndGet(143)) - 1fc83f0a-239a-44d2-b60d-e15dbfa2cca4: start FollowerState
2019-08-30 23:43:32,763 [pool-433-thread-1] INFO  util.JmxRegister (JmxRegister.java:tryRegister(44)) - Successfully registered JMX Bean with object name Ratis:service=RaftServer,group=group-CFFDCCAA6F6E,id=1fc83f0a-239a-44d2-b60d-e15dbfa2cca4
2019-08-30 23:43:32,763 [pool-383-thread-1] INFO  server.RaftServerConfigKeys (ConfUtils.java:logGet(43)) - raft.server.log.statemachine.data.sync.timeout = 10s (default)
2019-08-30 23:43:32,764 [pool-383-thread-1] INFO  server.RaftServerConfigKeys (ConfUtils.java:logGet(43)) - raft.server.log.statemachine.data.sync.timeout.retry = -1 (default)
2019-08-30 23:43:32,763 [pool-403-thread-1] INFO  util.JmxRegister (JmxRegister.java:tryRegister(44)) - Successfully registered JMX Bean with object name Ratis:service=RaftServer,group=group-CFFDCCAA6F6E,id=f57195ff-03b4-43f7-9ab5-53c6bdff4b8a
2019-08-30 23:43:32,764 [pool-383-thread-1] INFO  server.RaftServerConfigKeys (ConfUtils.java:logGet(43)) - raft.server.log.statemachine.data.caching.enabled = true (custom)
2019-08-30 23:43:32,765 [pool-383-thread-1] INFO  segmented.SegmentedRaftLogWorker (SegmentedRaftLogWorker.java:lambda$new$0(132)) - 49133c72-97ee-4f5b-8326-c41119f62149-SegmentedRaftLogWorker:Storage Directory /workdir/hadoop-ozone/integration-test/target/test-dir/MiniOzoneClusterImpl-62ef20f9-c776-4926-95e7-c8159edef3f9/datanode-0/data/ratis/7af0c2a5-8571-4b92-9042-cffdccaa6f6e: flushIndex: setUnconditionally 0 -> -1
2019-08-30 23:43:32,765 [pool-383-thread-1] INFO  server.RaftServerConfigKeys (ConfUtils.java:logGet(43)) - raft.server.snapshot.auto.trigger.enabled = true (custom)
2019-08-30 23:43:32,765 [pool-383-thread-1] INFO  server.RaftServerConfigKeys (ConfUtils.java:logGet(43)) - raft.server.snapshot.auto.trigger.threshold = 10000 (custom)
2019-08-30 23:43:32,766 [pool-383-thread-1] INFO  server.RaftServerConfigKeys (ConfUtils.java:logGet(43)) - raft.server.retrycache.expirytime = 600000ms (custom)
2019-08-30 23:43:32,766 [pool-383-thread-1] INFO  impl.RaftServerImpl (RaftServerImpl.java:start(180)) - 49133c72-97ee-4f5b-8326-c41119f62149: start group-CFFDCCAA6F6E
2019-08-30 23:43:32,766 [pool-383-thread-1] INFO  impl.RaftServerImpl (RaftServerImpl.java:setRole(171)) - 49133c72-97ee-4f5b-8326-c41119f62149:group-CFFDCCAA6F6E changes role from null to FOLLOWER at term 0 for startAsFollower
2019-08-30 23:43:32,766 [pool-383-thread-1] INFO  impl.RoleInfo (RoleInfo.java:updateAndGet(143)) - 49133c72-97ee-4f5b-8326-c41119f62149: start FollowerState
2019-08-30 23:43:32,767 [pool-383-thread-1] INFO  util.JmxRegister (JmxRegister.java:tryRegister(44)) - Successfully registered JMX Bean with object name Ratis:service=RaftServer,group=group-CFFDCCAA6F6E,id=49133c72-97ee-4f5b-8326-c41119f62149
2019-08-30 23:43:32,769 [RatisPipelineUtilsThread] INFO  pipeline.PipelineStateManager (PipelineStateManager.java:addPipeline(56)) - Created pipeline Pipeline[ Id: 7af0c2a5-8571-4b92-9042-cffdccaa6f6e, Nodes: f57195ff-03b4-43f7-9ab5-53c6bdff4b8a{ip: 192.168.69.97, host: pr-hdds-2065-gthbc-3516972114, networkLocation: /default-rack, certSerialId: null}49133c72-97ee-4f5b-8326-c41119f62149{ip: 192.168.69.97, host: pr-hdds-2065-gthbc-3516972114, networkLocation: /default-rack, certSerialId: null}1fc83f0a-239a-44d2-b60d-e15dbfa2cca4{ip: 192.168.69.97, host: pr-hdds-2065-gthbc-3516972114, networkLocation: /default-rack, certSerialId: null}, Type:RATIS, Factor:THREE, State:OPEN]
2019-08-30 23:43:33,505 [main] INFO  ozone.MiniOzoneClusterImpl (MiniOzoneClusterImpl.java:lambda$waitForClusterToBeReady$0(140)) - Cluster is ready. Got 7 of 7 DN Heartbeats.
2019-08-30 23:43:33,542 [main] INFO  rpc.RpcClient (RpcClient.java:createVolume(293)) - Creating Volume: watchforcommithandlingtest, with jenkins1000 as owner.
2019-08-30 23:43:33,556 [main] INFO  rpc.RpcClient (RpcClient.java:createBucket(432)) - Creating Bucket: watchforcommithandlingtest/watchforcommithandlingtest, with Versioning false and Storage Type set to DISK and Encryption set to false 
2019-08-30 23:43:33,560 [main] INFO  ozone.MiniOzoneClusterImpl (MiniOzoneClusterImpl.java:getStorageContainerLocationClient(227)) - Creating StorageContainerLocationProtocol RPC client with address /0.0.0.0:41247
2019-08-30 23:43:33,580 [grpc-default-executor-2] INFO  client.GrpcClientProtocolClient (GrpcClientProtocolClient.java:onNext(255)) - client-AFED27646755->711d5759-b86c-4717-b949-6ebb41eeebe2: receive RaftClientReply:client-AFED27646755->711d5759-b86c-4717-b949-6ebb41eeebe2@group-D0A16CCF95BD, cid=103, FAILED org.apache.ratis.protocol.NotLeaderException: Server 711d5759-b86c-4717-b949-6ebb41eeebe2 is not the leader (null). Request must be sent to leader., logIndex=0, commits[711d5759-b86c-4717-b949-6ebb41eeebe2:c-1]
2019-08-30 23:43:34,602 [grpc-default-executor-10] INFO  client.GrpcClientProtocolClient (GrpcClientProtocolClient.java:onNext(255)) - client-AFED27646755->0c63e151-bdc2-459f-8160-ea1ede0a49fd: receive RaftClientReply:client-AFED27646755->0c63e151-bdc2-459f-8160-ea1ede0a49fd@group-D0A16CCF95BD, cid=103, FAILED org.apache.ratis.protocol.NotLeaderException: Server 0c63e151-bdc2-459f-8160-ea1ede0a49fd is not the leader (null). Request must be sent to leader., logIndex=0, commits[0c63e151-bdc2-459f-8160-ea1ede0a49fd:c-1]
2019-08-30 23:43:35,104 [Thread-2442] INFO  container.ReplicationManager (ReplicationManager.java:start(162)) - Starting Replication Monitor Thread.
2019-08-30 23:43:35,108 [ReplicationMonitor] INFO  container.ReplicationManager (ReplicationManager.java:run(225)) - Replication Monitor Thread took 1 milliseconds for processing 1 containers.
2019-08-30 23:43:35,621 [grpc-default-executor-2] INFO  client.GrpcClientProtocolClient (GrpcClientProtocolClient.java:onNext(255)) - client-AFED27646755->e598a779-6268-498c-a148-03c0c7bf95a3: receive RaftClientReply:client-AFED27646755->e598a779-6268-498c-a148-03c0c7bf95a3@group-D0A16CCF95BD, cid=103, FAILED org.apache.ratis.protocol.NotLeaderException: Server e598a779-6268-498c-a148-03c0c7bf95a3 is not the leader (null). Request must be sent to leader., logIndex=0, commits[e598a779-6268-498c-a148-03c0c7bf95a3:c-1]
2019-08-30 23:43:36,638 [grpc-default-executor-2] INFO  client.GrpcClientProtocolClient (GrpcClientProtocolClient.java:onNext(255)) - client-AFED27646755->711d5759-b86c-4717-b949-6ebb41eeebe2: receive RaftClientReply:client-AFED27646755->711d5759-b86c-4717-b949-6ebb41eeebe2@group-D0A16CCF95BD, cid=103, FAILED org.apache.ratis.protocol.NotLeaderException: Server 711d5759-b86c-4717-b949-6ebb41eeebe2 is not the leader (null). Request must be sent to leader., logIndex=0, commits[711d5759-b86c-4717-b949-6ebb41eeebe2:c-1]
2019-08-30 23:43:37,187 [Thread-2444] INFO  impl.FollowerState (FollowerState.java:run(106)) - 49133c72-97ee-4f5b-8326-c41119f62149:group-003973421ECB changes to CANDIDATE, lastRpcTime:5013, electionTimeout:5013ms
2019-08-30 23:43:37,187 [Thread-2444] INFO  impl.RoleInfo (RoleInfo.java:shutdownFollowerState(121)) - 49133c72-97ee-4f5b-8326-c41119f62149: shutdown FollowerState
2019-08-30 23:43:37,187 [Thread-2444] INFO  impl.RaftServerImpl (RaftServerImpl.java:setRole(171)) - 49133c72-97ee-4f5b-8326-c41119f62149:group-003973421ECB changes role from FOLLOWER to CANDIDATE at term 0 for changeToCandidate
2019-08-30 23:43:37,187 [Thread-2444] INFO  impl.RoleInfo (RoleInfo.java:updateAndGet(143)) - 49133c72-97ee-4f5b-8326-c41119f62149: start LeaderElection
2019-08-30 23:43:37,228 [49133c72-97ee-4f5b-8326-c41119f62149:group-003973421ECB:LeaderElection88] INFO  impl.LeaderElection (LeaderElection.java:askForVotes(181)) - 49133c72-97ee-4f5b-8326-c41119f62149:group-003973421ECB:LeaderElection88: begin an election at term 1 for -1: [49133c72-97ee-4f5b-8326-c41119f62149:192.168.69.97:41934], old=null
2019-08-30 23:43:37,228 [49133c72-97ee-4f5b-8326-c41119f62149:group-003973421ECB:LeaderElection88] INFO  impl.RoleInfo (RoleInfo.java:shutdownLeaderElection(134)) - 49133c72-97ee-4f5b-8326-c41119f62149: shutdown LeaderElection
2019-08-30 23:43:37,228 [49133c72-97ee-4f5b-8326-c41119f62149:group-003973421ECB:LeaderElection88] INFO  impl.RaftServerImpl (RaftServerImpl.java:setRole(171)) - 49133c72-97ee-4f5b-8326-c41119f62149:group-003973421ECB changes role from CANDIDATE to LEADER at term 1 for changeToLeader
2019-08-30 23:43:37,229 [49133c72-97ee-4f5b-8326-c41119f62149:group-003973421ECB:LeaderElection88] INFO  impl.RaftServerImpl (ServerState.java:setLeader(263)) - 49133c72-97ee-4f5b-8326-c41119f62149:group-003973421ECB change Leader from null to 49133c72-97ee-4f5b-8326-c41119f62149 at term 1 for becomeLeader, leader elected after 5059ms
2019-08-30 23:43:37,229 [49133c72-97ee-4f5b-8326-c41119f62149:group-003973421ECB:LeaderElection88] INFO  server.RaftServerConfigKeys (ConfUtils.java:logGet(43)) - raft.server.staging.catchup.gap = 1000 (default)
2019-08-30 23:43:37,229 [49133c72-97ee-4f5b-8326-c41119f62149:group-003973421ECB:LeaderElection88] INFO  server.RaftServerConfigKeys (ConfUtils.java:logGet(43)) - raft.server.rpc.sleep.time = 25ms (default)
2019-08-30 23:43:37,229 [49133c72-97ee-4f5b-8326-c41119f62149:group-003973421ECB:LeaderElection88] INFO  server.RaftServerConfigKeys (ConfUtils.java:logGet(43)) - raft.server.write.element-limit = 4096 (default)
2019-08-30 23:43:37,229 [49133c72-97ee-4f5b-8326-c41119f62149:group-003973421ECB:LeaderElection88] INFO  server.RaftServerConfigKeys (ConfUtils.java:logGet(43)) - raft.server.watch.timeout = 10s (default)
2019-08-30 23:43:37,230 [49133c72-97ee-4f5b-8326-c41119f62149:group-003973421ECB:LeaderElection88] INFO  server.RaftServerConfigKeys (ConfUtils.java:logGet(43)) - raft.server.watch.timeout.denomination = 1s (default)
2019-08-30 23:43:37,230 [49133c72-97ee-4f5b-8326-c41119f62149:group-003973421ECB:LeaderElection88] INFO  server.RaftServerConfigKeys (ConfUtils.java:logGet(43)) - raft.server.watch.element-limit = 65536 (default)
2019-08-30 23:43:37,230 [49133c72-97ee-4f5b-8326-c41119f62149:group-003973421ECB:LeaderElection88] INFO  impl.RoleInfo (RoleInfo.java:updateAndGet(143)) - 49133c72-97ee-4f5b-8326-c41119f62149: start LeaderState
2019-08-30 23:43:37,230 [49133c72-97ee-4f5b-8326-c41119f62149:group-003973421ECB:LeaderElection88] INFO  segmented.SegmentedRaftLogWorker (SegmentedRaftLogWorker.java:startLogSegment(380)) - 49133c72-97ee-4f5b-8326-c41119f62149-SegmentedRaftLogWorker:Storage Directory /workdir/hadoop-ozone/integration-test/target/test-dir/MiniOzoneClusterImpl-62ef20f9-c776-4926-95e7-c8159edef3f9/datanode-0/data/ratis/cb1b1b36-d0e3-459f-8624-003973421ecb: Starting segment from index:0
2019-08-30 23:43:37,231 [49133c72-97ee-4f5b-8326-c41119f62149:group-003973421ECB:LeaderElection88] INFO  impl.RaftServerImpl (ServerState.java:setRaftConf(361)) - 49133c72-97ee-4f5b-8326-c41119f62149:group-003973421ECB set configuration 0: [49133c72-97ee-4f5b-8326-c41119f62149:192.168.69.97:41934], old=null at 0
2019-08-30 23:43:37,285 [49133c72-97ee-4f5b-8326-c41119f62149-SegmentedRaftLogWorker:Storage Directory /workdir/hadoop-ozone/integration-test/target/test-dir/MiniOzoneClusterImpl-62ef20f9-c776-4926-95e7-c8159edef3f9/datanode-0/data/ratis/cb1b1b36-d0e3-459f-8624-003973421ecb] INFO  segmented.SegmentedRaftLogWorker (SegmentedRaftLogWorker.java:execute(569)) - 49133c72-97ee-4f5b-8326-c41119f62149-SegmentedRaftLogWorker:Storage Directory /workdir/hadoop-ozone/integration-test/target/test-dir/MiniOzoneClusterImpl-62ef20f9-c776-4926-95e7-c8159edef3f9/datanode-0/data/ratis/cb1b1b36-d0e3-459f-8624-003973421ecb: created new log segment /workdir/hadoop-ozone/integration-test/target/test-dir/MiniOzoneClusterImpl-62ef20f9-c776-4926-95e7-c8159edef3f9/datanode-0/data/ratis/cb1b1b36-d0e3-459f-8624-003973421ecb/current/log_inprogress_0
2019-08-30 23:43:37,319 [Thread-2450] INFO  impl.FollowerState (FollowerState.java:run(106)) - f57195ff-03b4-43f7-9ab5-53c6bdff4b8a:group-7D100ADA1CC1 changes to CANDIDATE, lastRpcTime:5001, electionTimeout:5001ms
2019-08-30 23:43:37,319 [Thread-2450] INFO  impl.RoleInfo (RoleInfo.java:shutdownFollowerState(121)) - f57195ff-03b4-43f7-9ab5-53c6bdff4b8a: shutdown FollowerState
2019-08-30 23:43:37,319 [Thread-2450] INFO  impl.RaftServerImpl (RaftServerImpl.java:setRole(171)) - f57195ff-03b4-43f7-9ab5-53c6bdff4b8a:group-7D100ADA1CC1 changes role from FOLLOWER to CANDIDATE at term 0 for changeToCandidate
2019-08-30 23:43:37,319 [Thread-2450] INFO  impl.RoleInfo (RoleInfo.java:updateAndGet(143)) - f57195ff-03b4-43f7-9ab5-53c6bdff4b8a: start LeaderElection
2019-08-30 23:43:37,342 [f57195ff-03b4-43f7-9ab5-53c6bdff4b8a:group-7D100ADA1CC1:LeaderElection89] INFO  impl.LeaderElection (LeaderElection.java:askForVotes(181)) - f57195ff-03b4-43f7-9ab5-53c6bdff4b8a:group-7D100ADA1CC1:LeaderElection89: begin an election at term 1 for -1: [f57195ff-03b4-43f7-9ab5-53c6bdff4b8a:192.168.69.97:32914], old=null
2019-08-30 23:43:37,342 [f57195ff-03b4-43f7-9ab5-53c6bdff4b8a:group-7D100ADA1CC1:LeaderElection89] INFO  impl.RoleInfo (RoleInfo.java:shutdownLeaderElection(134)) - f57195ff-03b4-43f7-9ab5-53c6bdff4b8a: shutdown LeaderElection
2019-08-30 23:43:37,342 [f57195ff-03b4-43f7-9ab5-53c6bdff4b8a:group-7D100ADA1CC1:LeaderElection89] INFO  impl.RaftServerImpl (RaftServerImpl.java:setRole(171)) - f57195ff-03b4-43f7-9ab5-53c6bdff4b8a:group-7D100ADA1CC1 changes role from CANDIDATE to LEADER at term 1 for changeToLeader
2019-08-30 23:43:37,343 [f57195ff-03b4-43f7-9ab5-53c6bdff4b8a:group-7D100ADA1CC1:LeaderElection89] INFO  impl.RaftServerImpl (ServerState.java:setLeader(263)) - f57195ff-03b4-43f7-9ab5-53c6bdff4b8a:group-7D100ADA1CC1 change Leader from null to f57195ff-03b4-43f7-9ab5-53c6bdff4b8a at term 1 for becomeLeader, leader elected after 5030ms
2019-08-30 23:43:37,343 [f57195ff-03b4-43f7-9ab5-53c6bdff4b8a:group-7D100ADA1CC1:LeaderElection89] INFO  server.RaftServerConfigKeys (ConfUtils.java:logGet(43)) - raft.server.staging.catchup.gap = 1000 (default)
2019-08-30 23:43:37,343 [f57195ff-03b4-43f7-9ab5-53c6bdff4b8a:group-7D100ADA1CC1:LeaderElection89] INFO  server.RaftServerConfigKeys (ConfUtils.java:logGet(43)) - raft.server.rpc.sleep.time = 25ms (default)
2019-08-30 23:43:37,343 [f57195ff-03b4-43f7-9ab5-53c6bdff4b8a:group-7D100ADA1CC1:LeaderElection89] INFO  server.RaftServerConfigKeys (ConfUtils.java:logGet(43)) - raft.server.write.element-limit = 4096 (default)
2019-08-30 23:43:37,343 [f57195ff-03b4-43f7-9ab5-53c6bdff4b8a:group-7D100ADA1CC1:LeaderElection89] INFO  server.RaftServerConfigKeys (ConfUtils.java:logGet(43)) - raft.server.watch.timeout = 10s (default)
2019-08-30 23:43:37,343 [f57195ff-03b4-43f7-9ab5-53c6bdff4b8a:group-7D100ADA1CC1:LeaderElection89] INFO  server.RaftServerConfigKeys (ConfUtils.java:logGet(43)) - raft.server.watch.timeout.denomination = 1s (default)
2019-08-30 23:43:37,343 [f57195ff-03b4-43f7-9ab5-53c6bdff4b8a:group-7D100ADA1CC1:LeaderElection89] INFO  server.RaftServerConfigKeys (ConfUtils.java:logGet(43)) - raft.server.watch.element-limit = 65536 (default)
2019-08-30 23:43:37,344 [f57195ff-03b4-43f7-9ab5-53c6bdff4b8a:group-7D100ADA1CC1:LeaderElection89] INFO  impl.RoleInfo (RoleInfo.java:updateAndGet(143)) - f57195ff-03b4-43f7-9ab5-53c6bdff4b8a: start LeaderState
2019-08-30 23:43:37,344 [f57195ff-03b4-43f7-9ab5-53c6bdff4b8a:group-7D100ADA1CC1:LeaderElection89] INFO  segmented.SegmentedRaftLogWorker (SegmentedRaftLogWorker.java:startLogSegment(380)) - f57195ff-03b4-43f7-9ab5-53c6bdff4b8a-SegmentedRaftLogWorker:Storage Directory /workdir/hadoop-ozone/integration-test/target/test-dir/MiniOzoneClusterImpl-62ef20f9-c776-4926-95e7-c8159edef3f9/datanode-2/data/ratis/923ecb36-4b4c-492a-9ba4-7d100ada1cc1: Starting segment from index:0
2019-08-30 23:43:37,344 [f57195ff-03b4-43f7-9ab5-53c6bdff4b8a:group-7D100ADA1CC1:LeaderElection89] INFO  impl.RaftServerImpl (ServerState.java:setRaftConf(361)) - f57195ff-03b4-43f7-9ab5-53c6bdff4b8a:group-7D100ADA1CC1 set configuration 0: [f57195ff-03b4-43f7-9ab5-53c6bdff4b8a:192.168.69.97:32914], old=null at 0
2019-08-30 23:43:37,413 [f57195ff-03b4-43f7-9ab5-53c6bdff4b8a-SegmentedRaftLogWorker:Storage Directory /workdir/hadoop-ozone/integration-test/target/test-dir/MiniOzoneClusterImpl-62ef20f9-c776-4926-95e7-c8159edef3f9/datanode-2/data/ratis/923ecb36-4b4c-492a-9ba4-7d100ada1cc1] INFO  segmented.SegmentedRaftLogWorker (SegmentedRaftLogWorker.java:execute(569)) - f57195ff-03b4-43f7-9ab5-53c6bdff4b8a-SegmentedRaftLogWorker:Storage Directory /workdir/hadoop-ozone/integration-test/target/test-dir/MiniOzoneClusterImpl-62ef20f9-c776-4926-95e7-c8159edef3f9/datanode-2/data/ratis/923ecb36-4b4c-492a-9ba4-7d100ada1cc1: created new log segment /workdir/hadoop-ozone/integration-test/target/test-dir/MiniOzoneClusterImpl-62ef20f9-c776-4926-95e7-c8159edef3f9/datanode-2/data/ratis/923ecb36-4b4c-492a-9ba4-7d100ada1cc1/current/log_inprogress_0
2019-08-30 23:43:37,432 [Thread-2447] INFO  impl.FollowerState (FollowerState.java:run(106)) - 3783777b-1fb4-4f24-9c63-bcb2e3390ead:group-1D40CA73BFAE changes to CANDIDATE, lastRpcTime:5172, electionTimeout:5172ms
2019-08-30 23:43:37,432 [Thread-2447] INFO  impl.RoleInfo (RoleInfo.java:shutdownFollowerState(121)) - 3783777b-1fb4-4f24-9c63-bcb2e3390ead: shutdown FollowerState
2019-08-30 23:43:37,432 [Thread-2447] INFO  impl.RaftServerImpl (RaftServerImpl.java:setRole(171)) - 3783777b-1fb4-4f24-9c63-bcb2e3390ead:group-1D40CA73BFAE changes role from FOLLOWER to CANDIDATE at term 0 for changeToCandidate
2019-08-30 23:43:37,432 [Thread-2447] INFO  impl.RoleInfo (RoleInfo.java:updateAndGet(143)) - 3783777b-1fb4-4f24-9c63-bcb2e3390ead: start LeaderElection
2019-08-30 23:43:37,451 [Thread-2453] INFO  impl.FollowerState (FollowerState.java:run(106)) - 0c63e151-bdc2-459f-8160-ea1ede0a49fd:group-4DA71ABE55BA changes to CANDIDATE, lastRpcTime:5074, electionTimeout:5074ms
2019-08-30 23:43:37,451 [Thread-2453] INFO  impl.RoleInfo (RoleInfo.java:shutdownFollowerState(121)) - 0c63e151-bdc2-459f-8160-ea1ede0a49fd: shutdown FollowerState
2019-08-30 23:43:37,451 [Thread-2453] INFO  impl.RaftServerImpl (RaftServerImpl.java:setRole(171)) - 0c63e151-bdc2-459f-8160-ea1ede0a49fd:group-4DA71ABE55BA changes role from FOLLOWER to CANDIDATE at term 0 for changeToCandidate
2019-08-30 23:43:37,451 [Thread-2453] INFO  impl.RoleInfo (RoleInfo.java:updateAndGet(143)) - 0c63e151-bdc2-459f-8160-ea1ede0a49fd: start LeaderElection
2019-08-30 23:43:37,460 [3783777b-1fb4-4f24-9c63-bcb2e3390ead:group-1D40CA73BFAE:LeaderElection90] INFO  impl.LeaderElection (LeaderElection.java:askForVotes(181)) - 3783777b-1fb4-4f24-9c63-bcb2e3390ead:group-1D40CA73BFAE:LeaderElection90: begin an election at term 1 for -1: [3783777b-1fb4-4f24-9c63-bcb2e3390ead:192.168.69.97:33759], old=null
2019-08-30 23:43:37,460 [3783777b-1fb4-4f24-9c63-bcb2e3390ead:group-1D40CA73BFAE:LeaderElection90] INFO  impl.RoleInfo (RoleInfo.java:shutdownLeaderElection(134)) - 3783777b-1fb4-4f24-9c63-bcb2e3390ead: shutdown LeaderElection
2019-08-30 23:43:37,460 [3783777b-1fb4-4f24-9c63-bcb2e3390ead:group-1D40CA73BFAE:LeaderElection90] INFO  impl.RaftServerImpl (RaftServerImpl.java:setRole(171)) - 3783777b-1fb4-4f24-9c63-bcb2e3390ead:group-1D40CA73BFAE changes role from CANDIDATE to LEADER at term 1 for changeToLeader
2019-08-30 23:43:37,460 [3783777b-1fb4-4f24-9c63-bcb2e3390ead:group-1D40CA73BFAE:LeaderElection90] INFO  impl.RaftServerImpl (ServerState.java:setLeader(263)) - 3783777b-1fb4-4f24-9c63-bcb2e3390ead:group-1D40CA73BFAE change Leader from null to 3783777b-1fb4-4f24-9c63-bcb2e3390ead at term 1 for becomeLeader, leader elected after 5207ms
2019-08-30 23:43:37,461 [3783777b-1fb4-4f24-9c63-bcb2e3390ead:group-1D40CA73BFAE:LeaderElection90] INFO  server.RaftServerConfigKeys (ConfUtils.java:logGet(43)) - raft.server.staging.catchup.gap = 1000 (default)
2019-08-30 23:43:37,461 [3783777b-1fb4-4f24-9c63-bcb2e3390ead:group-1D40CA73BFAE:LeaderElection90] INFO  server.RaftServerConfigKeys (ConfUtils.java:logGet(43)) - raft.server.rpc.sleep.time = 25ms (default)
2019-08-30 23:43:37,461 [3783777b-1fb4-4f24-9c63-bcb2e3390ead:group-1D40CA73BFAE:LeaderElection90] INFO  server.RaftServerConfigKeys (ConfUtils.java:logGet(43)) - raft.server.write.element-limit = 4096 (default)
2019-08-30 23:43:37,461 [3783777b-1fb4-4f24-9c63-bcb2e3390ead:group-1D40CA73BFAE:LeaderElection90] INFO  server.RaftServerConfigKeys (ConfUtils.java:logGet(43)) - raft.server.watch.timeout = 10s (default)
2019-08-30 23:43:37,461 [3783777b-1fb4-4f24-9c63-bcb2e3390ead:group-1D40CA73BFAE:LeaderElection90] INFO  server.RaftServerConfigKeys (ConfUtils.java:logGet(43)) - raft.server.watch.timeout.denomination = 1s (default)
2019-08-30 23:43:37,462 [3783777b-1fb4-4f24-9c63-bcb2e3390ead:group-1D40CA73BFAE:LeaderElection90] INFO  server.RaftServerConfigKeys (ConfUtils.java:logGet(43)) - raft.server.watch.element-limit = 65536 (default)
2019-08-30 23:43:37,462 [3783777b-1fb4-4f24-9c63-bcb2e3390ead:group-1D40CA73BFAE:LeaderElection90] INFO  impl.RoleInfo (RoleInfo.java:updateAndGet(143)) - 3783777b-1fb4-4f24-9c63-bcb2e3390ead: start LeaderState
2019-08-30 23:43:37,462 [3783777b-1fb4-4f24-9c63-bcb2e3390ead:group-1D40CA73BFAE:LeaderElection90] INFO  segmented.SegmentedRaftLogWorker (SegmentedRaftLogWorker.java:startLogSegment(380)) - 3783777b-1fb4-4f24-9c63-bcb2e3390ead-SegmentedRaftLogWorker:Storage Directory /workdir/hadoop-ozone/integration-test/target/test-dir/MiniOzoneClusterImpl-62ef20f9-c776-4926-95e7-c8159edef3f9/datanode-1/data/ratis/ee1e4b02-67e7-48c6-a81e-1d40ca73bfae: Starting segment from index:0
2019-08-30 23:43:37,463 [3783777b-1fb4-4f24-9c63-bcb2e3390ead:group-1D40CA73BFAE:LeaderElection90] INFO  impl.RaftServerImpl (ServerState.java:setRaftConf(361)) - 3783777b-1fb4-4f24-9c63-bcb2e3390ead:group-1D40CA73BFAE set configuration 0: [3783777b-1fb4-4f24-9c63-bcb2e3390ead:192.168.69.97:33759], old=null at 0
2019-08-30 23:43:37,478 [0c63e151-bdc2-459f-8160-ea1ede0a49fd:group-4DA71ABE55BA:LeaderElection91] INFO  impl.LeaderElection (LeaderElection.java:askForVotes(181)) - 0c63e151-bdc2-459f-8160-ea1ede0a49fd:group-4DA71ABE55BA:LeaderElection91: begin an election at term 1 for -1: [0c63e151-bdc2-459f-8160-ea1ede0a49fd:192.168.69.97:38219], old=null
2019-08-30 23:43:37,479 [0c63e151-bdc2-459f-8160-ea1ede0a49fd:group-4DA71ABE55BA:LeaderElection91] INFO  impl.RoleInfo (RoleInfo.java:shutdownLeaderElection(134)) - 0c63e151-bdc2-459f-8160-ea1ede0a49fd: shutdown LeaderElection
2019-08-30 23:43:37,479 [0c63e151-bdc2-459f-8160-ea1ede0a49fd:group-4DA71ABE55BA:LeaderElection91] INFO  impl.RaftServerImpl (RaftServerImpl.java:setRole(171)) - 0c63e151-bdc2-459f-8160-ea1ede0a49fd:group-4DA71ABE55BA changes role from CANDIDATE to LEADER at term 1 for changeToLeader
2019-08-30 23:43:37,479 [0c63e151-bdc2-459f-8160-ea1ede0a49fd:group-4DA71ABE55BA:LeaderElection91] INFO  impl.RaftServerImpl (ServerState.java:setLeader(263)) - 0c63e151-bdc2-459f-8160-ea1ede0a49fd:group-4DA71ABE55BA change Leader from null to 0c63e151-bdc2-459f-8160-ea1ede0a49fd at term 1 for becomeLeader, leader elected after 5107ms
2019-08-30 23:43:37,479 [0c63e151-bdc2-459f-8160-ea1ede0a49fd:group-4DA71ABE55BA:LeaderElection91] INFO  server.RaftServerConfigKeys (ConfUtils.java:logGet(43)) - raft.server.staging.catchup.gap = 1000 (default)
2019-08-30 23:43:37,479 [0c63e151-bdc2-459f-8160-ea1ede0a49fd:group-4DA71ABE55BA:LeaderElection91] INFO  server.RaftServerConfigKeys (ConfUtils.java:logGet(43)) - raft.server.rpc.sleep.time = 25ms (default)
2019-08-30 23:43:37,479 [0c63e151-bdc2-459f-8160-ea1ede0a49fd:group-4DA71ABE55BA:LeaderElection91] INFO  server.RaftServerConfigKeys (ConfUtils.java:logGet(43)) - raft.server.write.element-limit = 4096 (default)
2019-08-30 23:43:37,480 [0c63e151-bdc2-459f-8160-ea1ede0a49fd:group-4DA71ABE55BA:LeaderElection91] INFO  server.RaftServerConfigKeys (ConfUtils.java:logGet(43)) - raft.server.watch.timeout = 10s (default)
2019-08-30 23:43:37,480 [0c63e151-bdc2-459f-8160-ea1ede0a49fd:group-4DA71ABE55BA:LeaderElection91] INFO  server.RaftServerConfigKeys (ConfUtils.java:logGet(43)) - raft.server.watch.timeout.denomination = 1s (default)
2019-08-30 23:43:37,480 [0c63e151-bdc2-459f-8160-ea1ede0a49fd:group-4DA71ABE55BA:LeaderElection91] INFO  server.RaftServerConfigKeys (ConfUtils.java:logGet(43)) - raft.server.watch.element-limit = 65536 (default)
2019-08-30 23:43:37,480 [0c63e151-bdc2-459f-8160-ea1ede0a49fd:group-4DA71ABE55BA:LeaderElection91] INFO  impl.RoleInfo (RoleInfo.java:updateAndGet(143)) - 0c63e151-bdc2-459f-8160-ea1ede0a49fd: start LeaderState
2019-08-30 23:43:37,480 [0c63e151-bdc2-459f-8160-ea1ede0a49fd:group-4DA71ABE55BA:LeaderElection91] INFO  segmented.SegmentedRaftLogWorker (SegmentedRaftLogWorker.java:startLogSegment(380)) - 0c63e151-bdc2-459f-8160-ea1ede0a49fd-SegmentedRaftLogWorker:Storage Directory /workdir/hadoop-ozone/integration-test/target/test-dir/MiniOzoneClusterImpl-62ef20f9-c776-4926-95e7-c8159edef3f9/datanode-3/data/ratis/58d9986a-f5bd-4a27-8daa-4da71abe55ba: Starting segment from index:0
2019-08-30 23:43:37,481 [0c63e151-bdc2-459f-8160-ea1ede0a49fd:group-4DA71ABE55BA:LeaderElection91] INFO  impl.RaftServerImpl (ServerState.java:setRaftConf(361)) - 0c63e151-bdc2-459f-8160-ea1ede0a49fd:group-4DA71ABE55BA set configuration 0: [0c63e151-bdc2-459f-8160-ea1ede0a49fd:192.168.69.97:38219], old=null at 0
2019-08-30 23:43:37,495 [Thread-2456] INFO  impl.FollowerState (FollowerState.java:run(106)) - 711d5759-b86c-4717-b949-6ebb41eeebe2:group-9D3E2C8F6AD8 changes to CANDIDATE, lastRpcTime:5059, electionTimeout:5059ms
2019-08-30 23:43:37,495 [Thread-2456] INFO  impl.RoleInfo (RoleInfo.java:shutdownFollowerState(121)) - 711d5759-b86c-4717-b949-6ebb41eeebe2: shutdown FollowerState
2019-08-30 23:43:37,495 [Thread-2456] INFO  impl.RaftServerImpl (RaftServerImpl.java:setRole(171)) - 711d5759-b86c-4717-b949-6ebb41eeebe2:group-9D3E2C8F6AD8 changes role from FOLLOWER to CANDIDATE at term 0 for changeToCandidate
2019-08-30 23:43:37,495 [Thread-2456] INFO  impl.RoleInfo (RoleInfo.java:updateAndGet(143)) - 711d5759-b86c-4717-b949-6ebb41eeebe2: start LeaderElection
2019-08-30 23:43:37,550 [3783777b-1fb4-4f24-9c63-bcb2e3390ead-SegmentedRaftLogWorker:Storage Directory /workdir/hadoop-ozone/integration-test/target/test-dir/MiniOzoneClusterImpl-62ef20f9-c776-4926-95e7-c8159edef3f9/datanode-1/data/ratis/ee1e4b02-67e7-48c6-a81e-1d40ca73bfae] INFO  segmented.SegmentedRaftLogWorker (SegmentedRaftLogWorker.java:execute(569)) - 3783777b-1fb4-4f24-9c63-bcb2e3390ead-SegmentedRaftLogWorker:Storage Directory /workdir/hadoop-ozone/integration-test/target/test-dir/MiniOzoneClusterImpl-62ef20f9-c776-4926-95e7-c8159edef3f9/datanode-1/data/ratis/ee1e4b02-67e7-48c6-a81e-1d40ca73bfae: created new log segment /workdir/hadoop-ozone/integration-test/target/test-dir/MiniOzoneClusterImpl-62ef20f9-c776-4926-95e7-c8159edef3f9/datanode-1/data/ratis/ee1e4b02-67e7-48c6-a81e-1d40ca73bfae/current/log_inprogress_0
2019-08-30 23:43:37,550 [711d5759-b86c-4717-b949-6ebb41eeebe2:group-9D3E2C8F6AD8:LeaderElection92] INFO  impl.LeaderElection (LeaderElection.java:askForVotes(181)) - 711d5759-b86c-4717-b949-6ebb41eeebe2:group-9D3E2C8F6AD8:LeaderElection92: begin an election at term 1 for -1: [711d5759-b86c-4717-b949-6ebb41eeebe2:192.168.69.97:45838], old=null
2019-08-30 23:43:37,550 [0c63e151-bdc2-459f-8160-ea1ede0a49fd-SegmentedRaftLogWorker:Storage Directory /workdir/hadoop-ozone/integration-test/target/test-dir/MiniOzoneClusterImpl-62ef20f9-c776-4926-95e7-c8159edef3f9/datanode-3/data/ratis/58d9986a-f5bd-4a27-8daa-4da71abe55ba] INFO  segmented.SegmentedRaftLogWorker (SegmentedRaftLogWorker.java:execute(569)) - 0c63e151-bdc2-459f-8160-ea1ede0a49fd-SegmentedRaftLogWorker:Storage Directory /workdir/hadoop-ozone/integration-test/target/test-dir/MiniOzoneClusterImpl-62ef20f9-c776-4926-95e7-c8159edef3f9/datanode-3/data/ratis/58d9986a-f5bd-4a27-8daa-4da71abe55ba: created new log segment /workdir/hadoop-ozone/integration-test/target/test-dir/MiniOzoneClusterImpl-62ef20f9-c776-4926-95e7-c8159edef3f9/datanode-3/data/ratis/58d9986a-f5bd-4a27-8daa-4da71abe55ba/current/log_inprogress_0
2019-08-30 23:43:37,550 [711d5759-b86c-4717-b949-6ebb41eeebe2:group-9D3E2C8F6AD8:LeaderElection92] INFO  impl.RoleInfo (RoleInfo.java:shutdownLeaderElection(134)) - 711d5759-b86c-4717-b949-6ebb41eeebe2: shutdown LeaderElection
2019-08-30 23:43:37,551 [711d5759-b86c-4717-b949-6ebb41eeebe2:group-9D3E2C8F6AD8:LeaderElection92] INFO  impl.RaftServerImpl (RaftServerImpl.java:setRole(171)) - 711d5759-b86c-4717-b949-6ebb41eeebe2:group-9D3E2C8F6AD8 changes role from CANDIDATE to LEADER at term 1 for changeToLeader
2019-08-30 23:43:37,551 [711d5759-b86c-4717-b949-6ebb41eeebe2:group-9D3E2C8F6AD8:LeaderElection92] INFO  impl.RaftServerImpl (ServerState.java:setLeader(263)) - 711d5759-b86c-4717-b949-6ebb41eeebe2:group-9D3E2C8F6AD8 change Leader from null to 711d5759-b86c-4717-b949-6ebb41eeebe2 at term 1 for becomeLeader, leader elected after 5119ms
2019-08-30 23:43:37,551 [711d5759-b86c-4717-b949-6ebb41eeebe2:group-9D3E2C8F6AD8:LeaderElection92] INFO  server.RaftServerConfigKeys (ConfUtils.java:logGet(43)) - raft.server.staging.catchup.gap = 1000 (default)
2019-08-30 23:43:37,551 [711d5759-b86c-4717-b949-6ebb41eeebe2:group-9D3E2C8F6AD8:LeaderElection92] INFO  server.RaftServerConfigKeys (ConfUtils.java:logGet(43)) - raft.server.rpc.sleep.time = 25ms (default)
2019-08-30 23:43:37,551 [711d5759-b86c-4717-b949-6ebb41eeebe2:group-9D3E2C8F6AD8:LeaderElection92] INFO  server.RaftServerConfigKeys (ConfUtils.java:logGet(43)) - raft.server.write.element-limit = 4096 (default)
2019-08-30 23:43:37,552 [711d5759-b86c-4717-b949-6ebb41eeebe2:group-9D3E2C8F6AD8:LeaderElection92] INFO  server.RaftServerConfigKeys (ConfUtils.java:logGet(43)) - raft.server.watch.timeout = 10s (default)
2019-08-30 23:43:37,552 [711d5759-b86c-4717-b949-6ebb41eeebe2:group-9D3E2C8F6AD8:LeaderElection92] INFO  server.RaftServerConfigKeys (ConfUtils.java:logGet(43)) - raft.server.watch.timeout.denomination = 1s (default)
2019-08-30 23:43:37,552 [711d5759-b86c-4717-b949-6ebb41eeebe2:group-9D3E2C8F6AD8:LeaderElection92] INFO  server.RaftServerConfigKeys (ConfUtils.java:logGet(43)) - raft.server.watch.element-limit = 65536 (default)
2019-08-30 23:43:37,552 [711d5759-b86c-4717-b949-6ebb41eeebe2:group-9D3E2C8F6AD8:LeaderElection92] INFO  impl.RoleInfo (RoleInfo.java:updateAndGet(143)) - 711d5759-b86c-4717-b949-6ebb41eeebe2: start LeaderState
2019-08-30 23:43:37,553 [711d5759-b86c-4717-b949-6ebb41eeebe2:group-9D3E2C8F6AD8:LeaderElection92] INFO  segmented.SegmentedRaftLogWorker (SegmentedRaftLogWorker.java:startLogSegment(380)) - 711d5759-b86c-4717-b949-6ebb41eeebe2-SegmentedRaftLogWorker:Storage Directory /workdir/hadoop-ozone/integration-test/target/test-dir/MiniOzoneClusterImpl-62ef20f9-c776-4926-95e7-c8159edef3f9/datanode-4/data/ratis/4443b196-550f-470c-bdf0-9d3e2c8f6ad8: Starting segment from index:0
2019-08-30 23:43:37,553 [711d5759-b86c-4717-b949-6ebb41eeebe2:group-9D3E2C8F6AD8:LeaderElection92] INFO  impl.RaftServerImpl (ServerState.java:setRaftConf(361)) - 711d5759-b86c-4717-b949-6ebb41eeebe2:group-9D3E2C8F6AD8 set configuration 0: [711d5759-b86c-4717-b949-6ebb41eeebe2:192.168.69.97:45838], old=null at 0
2019-08-30 23:43:37,631 [711d5759-b86c-4717-b949-6ebb41eeebe2-SegmentedRaftLogWorker:Storage Directory /workdir/hadoop-ozone/integration-test/target/test-dir/MiniOzoneClusterImpl-62ef20f9-c776-4926-95e7-c8159edef3f9/datanode-4/data/ratis/4443b196-550f-470c-bdf0-9d3e2c8f6ad8] INFO  segmented.SegmentedRaftLogWorker (SegmentedRaftLogWorker.java:execute(569)) - 711d5759-b86c-4717-b949-6ebb41eeebe2-SegmentedRaftLogWorker:Storage Directory /workdir/hadoop-ozone/integration-test/target/test-dir/MiniOzoneClusterImpl-62ef20f9-c776-4926-95e7-c8159edef3f9/datanode-4/data/ratis/4443b196-550f-470c-bdf0-9d3e2c8f6ad8: created new log segment /workdir/hadoop-ozone/integration-test/target/test-dir/MiniOzoneClusterImpl-62ef20f9-c776-4926-95e7-c8159edef3f9/datanode-4/data/ratis/4443b196-550f-470c-bdf0-9d3e2c8f6ad8/current/log_inprogress_0
2019-08-30 23:43:37,640 [Thread-2462] INFO  impl.FollowerState (FollowerState.java:run(106)) - e598a779-6268-498c-a148-03c0c7bf95a3:group-B16BFA82FD88 changes to CANDIDATE, lastRpcTime:5054, electionTimeout:5054ms
2019-08-30 23:43:37,640 [Thread-2462] INFO  impl.RoleInfo (RoleInfo.java:shutdownFollowerState(121)) - e598a779-6268-498c-a148-03c0c7bf95a3: shutdown FollowerState
2019-08-30 23:43:37,640 [Thread-2462] INFO  impl.RaftServerImpl (RaftServerImpl.java:setRole(171)) - e598a779-6268-498c-a148-03c0c7bf95a3:group-B16BFA82FD88 changes role from FOLLOWER to CANDIDATE at term 0 for changeToCandidate
2019-08-30 23:43:37,641 [Thread-2462] INFO  impl.RoleInfo (RoleInfo.java:updateAndGet(143)) - e598a779-6268-498c-a148-03c0c7bf95a3: start LeaderElection
2019-08-30 23:43:37,656 [grpc-default-executor-10] INFO  client.GrpcClientProtocolClient (GrpcClientProtocolClient.java:onNext(255)) - client-AFED27646755->e598a779-6268-498c-a148-03c0c7bf95a3: receive RaftClientReply:client-AFED27646755->e598a779-6268-498c-a148-03c0c7bf95a3@group-D0A16CCF95BD, cid=103, FAILED org.apache.ratis.protocol.NotLeaderException: Server e598a779-6268-498c-a148-03c0c7bf95a3 is not the leader (null). Request must be sent to leader., logIndex=0, commits[e598a779-6268-498c-a148-03c0c7bf95a3:c-1]
2019-08-30 23:43:37,673 [e598a779-6268-498c-a148-03c0c7bf95a3:group-B16BFA82FD88:LeaderElection93] INFO  impl.LeaderElection (LeaderElection.java:askForVotes(181)) - e598a779-6268-498c-a148-03c0c7bf95a3:group-B16BFA82FD88:LeaderElection93: begin an election at term 1 for -1: [e598a779-6268-498c-a148-03c0c7bf95a3:192.168.69.97:40426], old=null
2019-08-30 23:43:37,673 [e598a779-6268-498c-a148-03c0c7bf95a3:group-B16BFA82FD88:LeaderElection93] INFO  impl.RoleInfo (RoleInfo.java:shutdownLeaderElection(134)) - e598a779-6268-498c-a148-03c0c7bf95a3: shutdown LeaderElection
2019-08-30 23:43:37,673 [e598a779-6268-498c-a148-03c0c7bf95a3:group-B16BFA82FD88:LeaderElection93] INFO  impl.RaftServerImpl (RaftServerImpl.java:setRole(171)) - e598a779-6268-498c-a148-03c0c7bf95a3:group-B16BFA82FD88 changes role from CANDIDATE to LEADER at term 1 for changeToLeader
2019-08-30 23:43:37,674 [e598a779-6268-498c-a148-03c0c7bf95a3:group-B16BFA82FD88:LeaderElection93] INFO  impl.RaftServerImpl (ServerState.java:setLeader(263)) - e598a779-6268-498c-a148-03c0c7bf95a3:group-B16BFA82FD88 change Leader from null to e598a779-6268-498c-a148-03c0c7bf95a3 at term 1 for becomeLeader, leader elected after 5091ms
2019-08-30 23:43:37,674 [e598a779-6268-498c-a148-03c0c7bf95a3:group-B16BFA82FD88:LeaderElection93] INFO  server.RaftServerConfigKeys (ConfUtils.java:logGet(43)) - raft.server.staging.catchup.gap = 1000 (default)
2019-08-30 23:43:37,674 [e598a779-6268-498c-a148-03c0c7bf95a3:group-B16BFA82FD88:LeaderElection93] INFO  server.RaftServerConfigKeys (ConfUtils.java:logGet(43)) - raft.server.rpc.sleep.time = 25ms (default)
2019-08-30 23:43:37,674 [e598a779-6268-498c-a148-03c0c7bf95a3:group-B16BFA82FD88:LeaderElection93] INFO  server.RaftServerConfigKeys (ConfUtils.java:logGet(43)) - raft.server.write.element-limit = 4096 (default)
2019-08-30 23:43:37,674 [e598a779-6268-498c-a148-03c0c7bf95a3:group-B16BFA82FD88:LeaderElection93] INFO  server.RaftServerConfigKeys (ConfUtils.java:logGet(43)) - raft.server.watch.timeout = 10s (default)
2019-08-30 23:43:37,674 [e598a779-6268-498c-a148-03c0c7bf95a3:group-B16BFA82FD88:LeaderElection93] INFO  server.RaftServerConfigKeys (ConfUtils.java:logGet(43)) - raft.server.watch.timeout.denomination = 1s (default)
2019-08-30 23:43:37,675 [e598a779-6268-498c-a148-03c0c7bf95a3:group-B16BFA82FD88:LeaderElection93] INFO  server.RaftServerConfigKeys (ConfUtils.java:logGet(43)) - raft.server.watch.element-limit = 65536 (default)
2019-08-30 23:43:37,675 [e598a779-6268-498c-a148-03c0c7bf95a3:group-B16BFA82FD88:LeaderElection93] INFO  impl.RoleInfo (RoleInfo.java:updateAndGet(143)) - e598a779-6268-498c-a148-03c0c7bf95a3: start LeaderState
2019-08-30 23:43:37,675 [e598a779-6268-498c-a148-03c0c7bf95a3:group-B16BFA82FD88:LeaderElection93] INFO  segmented.SegmentedRaftLogWorker (SegmentedRaftLogWorker.java:startLogSegment(380)) - e598a779-6268-498c-a148-03c0c7bf95a3-SegmentedRaftLogWorker:Storage Directory /workdir/hadoop-ozone/integration-test/target/test-dir/MiniOzoneClusterImpl-62ef20f9-c776-4926-95e7-c8159edef3f9/datanode-6/data/ratis/8adc6be9-e6a2-413e-9bc8-b16bfa82fd88: Starting segment from index:0
2019-08-30 23:43:37,676 [e598a779-6268-498c-a148-03c0c7bf95a3:group-B16BFA82FD88:LeaderElection93] INFO  impl.RaftServerImpl (ServerState.java:setRaftConf(361)) - e598a779-6268-498c-a148-03c0c7bf95a3:group-B16BFA82FD88 set configuration 0: [e598a779-6268-498c-a148-03c0c7bf95a3:192.168.69.97:40426], old=null at 0
2019-08-30 23:43:37,678 [Thread-2465] INFO  impl.FollowerState (FollowerState.java:run(106)) - 711d5759-b86c-4717-b949-6ebb41eeebe2:group-D0A16CCF95BD changes to CANDIDATE, lastRpcTime:5002, electionTimeout:5002ms
2019-08-30 23:43:37,678 [Thread-2465] INFO  impl.RoleInfo (RoleInfo.java:shutdownFollowerState(121)) - 711d5759-b86c-4717-b949-6ebb41eeebe2: shutdown FollowerState
2019-08-30 23:43:37,678 [Thread-2465] INFO  impl.RaftServerImpl (RaftServerImpl.java:setRole(171)) - 711d5759-b86c-4717-b949-6ebb41eeebe2:group-D0A16CCF95BD changes role from FOLLOWER to CANDIDATE at term 0 for changeToCandidate
2019-08-30 23:43:37,679 [Thread-2465] INFO  impl.RoleInfo (RoleInfo.java:updateAndGet(143)) - 711d5759-b86c-4717-b949-6ebb41eeebe2: start LeaderElection
2019-08-30 23:43:37,720 [Thread-2459] INFO  impl.FollowerState (FollowerState.java:run(106)) - 1fc83f0a-239a-44d2-b60d-e15dbfa2cca4:group-A01FD92583CD changes to CANDIDATE, lastRpcTime:5201, electionTimeout:5166ms
2019-08-30 23:43:37,720 [Thread-2459] INFO  impl.RoleInfo (RoleInfo.java:shutdownFollowerState(121)) - 1fc83f0a-239a-44d2-b60d-e15dbfa2cca4: shutdown FollowerState
2019-08-30 23:43:37,721 [Thread-2459] INFO  impl.RaftServerImpl (RaftServerImpl.java:setRole(171)) - 1fc83f0a-239a-44d2-b60d-e15dbfa2cca4:group-A01FD92583CD changes role from FOLLOWER to CANDIDATE at term 0 for changeToCandidate
2019-08-30 23:43:37,721 [Thread-2459] INFO  impl.RoleInfo (RoleInfo.java:updateAndGet(143)) - 1fc83f0a-239a-44d2-b60d-e15dbfa2cca4: start LeaderElection
2019-08-30 23:43:37,726 [Thread-2471] INFO  impl.FollowerState (FollowerState.java:run(106)) - e598a779-6268-498c-a148-03c0c7bf95a3:group-D0A16CCF95BD changes to CANDIDATE, lastRpcTime:5047, electionTimeout:5046ms
2019-08-30 23:43:37,726 [Thread-2471] INFO  impl.RoleInfo (RoleInfo.java:shutdownFollowerState(121)) - e598a779-6268-498c-a148-03c0c7bf95a3: shutdown FollowerState
2019-08-30 23:43:37,726 [Thread-2471] INFO  impl.RaftServerImpl (RaftServerImpl.java:setRole(171)) - e598a779-6268-498c-a148-03c0c7bf95a3:group-D0A16CCF95BD changes role from FOLLOWER to CANDIDATE at term 0 for changeToCandidate
2019-08-30 23:43:37,727 [Thread-2471] INFO  impl.RoleInfo (RoleInfo.java:updateAndGet(143)) - e598a779-6268-498c-a148-03c0c7bf95a3: start LeaderElection
2019-08-30 23:43:37,749 [e598a779-6268-498c-a148-03c0c7bf95a3-SegmentedRaftLogWorker:Storage Directory /workdir/hadoop-ozone/integration-test/target/test-dir/MiniOzoneClusterImpl-62ef20f9-c776-4926-95e7-c8159edef3f9/datanode-6/data/ratis/8adc6be9-e6a2-413e-9bc8-b16bfa82fd88] INFO  segmented.SegmentedRaftLogWorker (SegmentedRaftLogWorker.java:execute(569)) - e598a779-6268-498c-a148-03c0c7bf95a3-SegmentedRaftLogWorker:Storage Directory /workdir/hadoop-ozone/integration-test/target/test-dir/MiniOzoneClusterImpl-62ef20f9-c776-4926-95e7-c8159edef3f9/datanode-6/data/ratis/8adc6be9-e6a2-413e-9bc8-b16bfa82fd88: created new log segment /workdir/hadoop-ozone/integration-test/target/test-dir/MiniOzoneClusterImpl-62ef20f9-c776-4926-95e7-c8159edef3f9/datanode-6/data/ratis/8adc6be9-e6a2-413e-9bc8-b16bfa82fd88/current/log_inprogress_0
2019-08-30 23:43:37,749 [1fc83f0a-239a-44d2-b60d-e15dbfa2cca4:group-A01FD92583CD:LeaderElection95] INFO  impl.LeaderElection (LeaderElection.java:askForVotes(181)) - 1fc83f0a-239a-44d2-b60d-e15dbfa2cca4:group-A01FD92583CD:LeaderElection95: begin an election at term 1 for -1: [1fc83f0a-239a-44d2-b60d-e15dbfa2cca4:192.168.69.97:33402], old=null
2019-08-30 23:43:37,749 [e598a779-6268-498c-a148-03c0c7bf95a3:group-D0A16CCF95BD:LeaderElection96] INFO  impl.LeaderElection (LeaderElection.java:askForVotes(181)) - e598a779-6268-498c-a148-03c0c7bf95a3:group-D0A16CCF95BD:LeaderElection96: begin an election at term 1 for -1: [711d5759-b86c-4717-b949-6ebb41eeebe2:192.168.69.97:45838, e598a779-6268-498c-a148-03c0c7bf95a3:192.168.69.97:40426, 0c63e151-bdc2-459f-8160-ea1ede0a49fd:192.168.69.97:38219], old=null
2019-08-30 23:43:37,749 [711d5759-b86c-4717-b949-6ebb41eeebe2:group-D0A16CCF95BD:LeaderElection94] INFO  impl.LeaderElection (LeaderElection.java:askForVotes(181)) - 711d5759-b86c-4717-b949-6ebb41eeebe2:group-D0A16CCF95BD:LeaderElection94: begin an election at term 1 for -1: [711d5759-b86c-4717-b949-6ebb41eeebe2:192.168.69.97:45838, e598a779-6268-498c-a148-03c0c7bf95a3:192.168.69.97:40426, 0c63e151-bdc2-459f-8160-ea1ede0a49fd:192.168.69.97:38219], old=null
2019-08-30 23:43:37,749 [1fc83f0a-239a-44d2-b60d-e15dbfa2cca4:group-A01FD92583CD:LeaderElection95] INFO  impl.RoleInfo (RoleInfo.java:shutdownLeaderElection(134)) - 1fc83f0a-239a-44d2-b60d-e15dbfa2cca4: shutdown LeaderElection
2019-08-30 23:43:37,750 [1fc83f0a-239a-44d2-b60d-e15dbfa2cca4:group-A01FD92583CD:LeaderElection95] INFO  impl.RaftServerImpl (RaftServerImpl.java:setRole(171)) - 1fc83f0a-239a-44d2-b60d-e15dbfa2cca4:group-A01FD92583CD changes role from CANDIDATE to LEADER at term 1 for changeToLeader
2019-08-30 23:43:37,750 [1fc83f0a-239a-44d2-b60d-e15dbfa2cca4:group-A01FD92583CD:LeaderElection95] INFO  impl.RaftServerImpl (ServerState.java:setLeader(263)) - 1fc83f0a-239a-44d2-b60d-e15dbfa2cca4:group-A01FD92583CD change Leader from null to 1fc83f0a-239a-44d2-b60d-e15dbfa2cca4 at term 1 for becomeLeader, leader elected after 5235ms
2019-08-30 23:43:37,750 [1fc83f0a-239a-44d2-b60d-e15dbfa2cca4:group-A01FD92583CD:LeaderElection95] INFO  server.RaftServerConfigKeys (ConfUtils.java:logGet(43)) - raft.server.staging.catchup.gap = 1000 (default)
2019-08-30 23:43:37,750 [1fc83f0a-239a-44d2-b60d-e15dbfa2cca4:group-A01FD92583CD:LeaderElection95] INFO  server.RaftServerConfigKeys (ConfUtils.java:logGet(43)) - raft.server.rpc.sleep.time = 25ms (default)
2019-08-30 23:43:37,750 [1fc83f0a-239a-44d2-b60d-e15dbfa2cca4:group-A01FD92583CD:LeaderElection95] INFO  server.RaftServerConfigKeys (ConfUtils.java:logGet(43)) - raft.server.write.element-limit = 4096 (default)
2019-08-30 23:43:37,751 [1fc83f0a-239a-44d2-b60d-e15dbfa2cca4:group-A01FD92583CD:LeaderElection95] INFO  server.RaftServerConfigKeys (ConfUtils.java:logGet(43)) - raft.server.watch.timeout = 10s (default)
2019-08-30 23:43:37,751 [1fc83f0a-239a-44d2-b60d-e15dbfa2cca4:group-A01FD92583CD:LeaderElection95] INFO  server.RaftServerConfigKeys (ConfUtils.java:logGet(43)) - raft.server.watch.timeout.denomination = 1s (default)
2019-08-30 23:43:37,751 [1fc83f0a-239a-44d2-b60d-e15dbfa2cca4:group-A01FD92583CD:LeaderElection95] INFO  server.RaftServerConfigKeys (ConfUtils.java:logGet(43)) - raft.server.watch.element-limit = 65536 (default)
2019-08-30 23:43:37,751 [1fc83f0a-239a-44d2-b60d-e15dbfa2cca4:group-A01FD92583CD:LeaderElection95] INFO  impl.RoleInfo (RoleInfo.java:updateAndGet(143)) - 1fc83f0a-239a-44d2-b60d-e15dbfa2cca4: start LeaderState
2019-08-30 23:43:37,751 [1fc83f0a-239a-44d2-b60d-e15dbfa2cca4:group-A01FD92583CD:LeaderElection95] INFO  segmented.SegmentedRaftLogWorker (SegmentedRaftLogWorker.java:startLogSegment(380)) - 1fc83f0a-239a-44d2-b60d-e15dbfa2cca4-SegmentedRaftLogWorker:Storage Directory /workdir/hadoop-ozone/integration-test/target/test-dir/MiniOzoneClusterImpl-62ef20f9-c776-4926-95e7-c8159edef3f9/datanode-5/data/ratis/67043521-62f7-496a-87cb-a01fd92583cd: Starting segment from index:0
2019-08-30 23:43:37,752 [1fc83f0a-239a-44d2-b60d-e15dbfa2cca4:group-A01FD92583CD:LeaderElection95] INFO  impl.RaftServerImpl (ServerState.java:setRaftConf(361)) - 1fc83f0a-239a-44d2-b60d-e15dbfa2cca4:group-A01FD92583CD set configuration 0: [1fc83f0a-239a-44d2-b60d-e15dbfa2cca4:192.168.69.97:33402], old=null at 0
2019-08-30 23:43:37,756 [grpc-default-executor-8] INFO  impl.RaftServerImpl (RaftServerImpl.java:setRole(171)) - 0c63e151-bdc2-459f-8160-ea1ede0a49fd:group-D0A16CCF95BD changes role from FOLLOWER to FOLLOWER at term 1 for recognizeCandidate:711d5759-b86c-4717-b949-6ebb41eeebe2
2019-08-30 23:43:37,797 [grpc-default-executor-8] INFO  impl.RoleInfo (RoleInfo.java:shutdownFollowerState(121)) - 0c63e151-bdc2-459f-8160-ea1ede0a49fd: shutdown FollowerState
2019-08-30 23:43:37,798 [grpc-default-executor-8] INFO  impl.RoleInfo (RoleInfo.java:updateAndGet(143)) - 0c63e151-bdc2-459f-8160-ea1ede0a49fd: start FollowerState
2019-08-30 23:43:37,798 [Thread-2468] INFO  impl.FollowerState (FollowerState.java:run(114)) - 0c63e151-bdc2-459f-8160-ea1ede0a49fd: FollowerState was interrupted: java.lang.InterruptedException: sleep interrupted
2019-08-30 23:43:37,824 [1fc83f0a-239a-44d2-b60d-e15dbfa2cca4-SegmentedRaftLogWorker:Storage Directory /workdir/hadoop-ozone/integration-test/target/test-dir/MiniOzoneClusterImpl-62ef20f9-c776-4926-95e7-c8159edef3f9/datanode-5/data/ratis/67043521-62f7-496a-87cb-a01fd92583cd] INFO  segmented.SegmentedRaftLogWorker (SegmentedRaftLogWorker.java:execute(569)) - 1fc83f0a-239a-44d2-b60d-e15dbfa2cca4-SegmentedRaftLogWorker:Storage Directory /workdir/hadoop-ozone/integration-test/target/test-dir/MiniOzoneClusterImpl-62ef20f9-c776-4926-95e7-c8159edef3f9/datanode-5/data/ratis/67043521-62f7-496a-87cb-a01fd92583cd: created new log segment /workdir/hadoop-ozone/integration-test/target/test-dir/MiniOzoneClusterImpl-62ef20f9-c776-4926-95e7-c8159edef3f9/datanode-5/data/ratis/67043521-62f7-496a-87cb-a01fd92583cd/current/log_inprogress_0
2019-08-30 23:43:37,826 [711d5759-b86c-4717-b949-6ebb41eeebe2:group-D0A16CCF95BD:LeaderElection94] INFO  impl.LeaderElection (LeaderElection.java:logAndReturn(56)) - 711d5759-b86c-4717-b949-6ebb41eeebe2:group-D0A16CCF95BD:LeaderElection94: Election PASSED; received 2 response(s) [711d5759-b86c-4717-b949-6ebb41eeebe2<-e598a779-6268-498c-a148-03c0c7bf95a3#0:FAIL-t1, 711d5759-b86c-4717-b949-6ebb41eeebe2<-0c63e151-bdc2-459f-8160-ea1ede0a49fd#0:OK-t1] and 0 exception(s); 711d5759-b86c-4717-b949-6ebb41eeebe2:t1, leader=null, voted=711d5759-b86c-4717-b949-6ebb41eeebe2, raftlog=711d5759-b86c-4717-b949-6ebb41eeebe2-SegmentedRaftLog:OPENED:c-1,f-1,i0, conf=-1: [711d5759-b86c-4717-b949-6ebb41eeebe2:192.168.69.97:45838, e598a779-6268-498c-a148-03c0c7bf95a3:192.168.69.97:40426, 0c63e151-bdc2-459f-8160-ea1ede0a49fd:192.168.69.97:38219], old=null
2019-08-30 23:43:37,826 [e598a779-6268-498c-a148-03c0c7bf95a3:group-D0A16CCF95BD:LeaderElection96] INFO  impl.LeaderElection (LeaderElection.java:logAndReturn(56)) - e598a779-6268-498c-a148-03c0c7bf95a3:group-D0A16CCF95BD:LeaderElection96: Election REJECTED; received 2 response(s) [e598a779-6268-498c-a148-03c0c7bf95a3<-711d5759-b86c-4717-b949-6ebb41eeebe2#0:FAIL-t1, e598a779-6268-498c-a148-03c0c7bf95a3<-0c63e151-bdc2-459f-8160-ea1ede0a49fd#0:FAIL-t1] and 0 exception(s); e598a779-6268-498c-a148-03c0c7bf95a3:t1, leader=null, voted=e598a779-6268-498c-a148-03c0c7bf95a3, raftlog=e598a779-6268-498c-a148-03c0c7bf95a3-SegmentedRaftLog:OPENED:c-1,f-1,i0, conf=-1: [711d5759-b86c-4717-b949-6ebb41eeebe2:192.168.69.97:45838, e598a779-6268-498c-a148-03c0c7bf95a3:192.168.69.97:40426, 0c63e151-bdc2-459f-8160-ea1ede0a49fd:192.168.69.97:38219], old=null
2019-08-30 23:43:37,826 [711d5759-b86c-4717-b949-6ebb41eeebe2:group-D0A16CCF95BD:LeaderElection94] INFO  impl.RoleInfo (RoleInfo.java:shutdownLeaderElection(134)) - 711d5759-b86c-4717-b949-6ebb41eeebe2: shutdown LeaderElection
2019-08-30 23:43:37,827 [e598a779-6268-498c-a148-03c0c7bf95a3:group-D0A16CCF95BD:LeaderElection96] INFO  impl.RaftServerImpl (RaftServerImpl.java:setRole(171)) - e598a779-6268-498c-a148-03c0c7bf95a3:group-D0A16CCF95BD changes role from CANDIDATE to FOLLOWER at term 1 for DISCOVERED_A_NEW_TERM
2019-08-30 23:43:37,827 [711d5759-b86c-4717-b949-6ebb41eeebe2:group-D0A16CCF95BD:LeaderElection94] INFO  impl.RaftServerImpl (RaftServerImpl.java:setRole(171)) - 711d5759-b86c-4717-b949-6ebb41eeebe2:group-D0A16CCF95BD changes role from CANDIDATE to LEADER at term 1 for changeToLeader
2019-08-30 23:43:37,827 [e598a779-6268-498c-a148-03c0c7bf95a3:group-D0A16CCF95BD:LeaderElection96] INFO  impl.RoleInfo (RoleInfo.java:shutdownLeaderElection(134)) - e598a779-6268-498c-a148-03c0c7bf95a3: shutdown LeaderElection
2019-08-30 23:43:37,827 [711d5759-b86c-4717-b949-6ebb41eeebe2:group-D0A16CCF95BD:LeaderElection94] INFO  impl.RaftServerImpl (ServerState.java:setLeader(263)) - 711d5759-b86c-4717-b949-6ebb41eeebe2:group-D0A16CCF95BD change Leader from null to 711d5759-b86c-4717-b949-6ebb41eeebe2 at term 1 for becomeLeader, leader elected after 5159ms
2019-08-30 23:43:37,828 [e598a779-6268-498c-a148-03c0c7bf95a3:group-D0A16CCF95BD:LeaderElection96] INFO  impl.RoleInfo (RoleInfo.java:updateAndGet(143)) - e598a779-6268-498c-a148-03c0c7bf95a3: start FollowerState
2019-08-30 23:43:37,828 [711d5759-b86c-4717-b949-6ebb41eeebe2:group-D0A16CCF95BD:LeaderElection94] INFO  server.RaftServerConfigKeys (ConfUtils.java:logGet(43)) - raft.server.staging.catchup.gap = 1000 (default)
2019-08-30 23:43:37,828 [711d5759-b86c-4717-b949-6ebb41eeebe2:group-D0A16CCF95BD:LeaderElection94] INFO  server.RaftServerConfigKeys (ConfUtils.java:logGet(43)) - raft.server.rpc.sleep.time = 25ms (default)
2019-08-30 23:43:37,828 [711d5759-b86c-4717-b949-6ebb41eeebe2:group-D0A16CCF95BD:LeaderElection94] INFO  server.RaftServerConfigKeys (ConfUtils.java:logGet(43)) - raft.server.write.element-limit = 4096 (default)
2019-08-30 23:43:37,828 [711d5759-b86c-4717-b949-6ebb41eeebe2:group-D0A16CCF95BD:LeaderElection94] INFO  server.RaftServerConfigKeys (ConfUtils.java:logGet(43)) - raft.server.watch.timeout = 10s (default)
2019-08-30 23:43:37,829 [711d5759-b86c-4717-b949-6ebb41eeebe2:group-D0A16CCF95BD:LeaderElection94] INFO  server.RaftServerConfigKeys (ConfUtils.java:logGet(43)) - raft.server.watch.timeout.denomination = 1s (default)
2019-08-30 23:43:37,829 [711d5759-b86c-4717-b949-6ebb41eeebe2:group-D0A16CCF95BD:LeaderElection94] INFO  server.RaftServerConfigKeys (ConfUtils.java:logGet(43)) - raft.server.watch.element-limit = 65536 (default)
2019-08-30 23:43:37,829 [711d5759-b86c-4717-b949-6ebb41eeebe2:group-D0A16CCF95BD:LeaderElection94] INFO  server.RaftServerConfigKeys (ConfUtils.java:logGet(43)) - raft.server.log.appender.snapshot.chunk.size.max = 16MB (=16777216) (default)
2019-08-30 23:43:37,829 [711d5759-b86c-4717-b949-6ebb41eeebe2:group-D0A16CCF95BD:LeaderElection94] INFO  server.RaftServerConfigKeys (ConfUtils.java:logGet(43)) - raft.server.log.appender.buffer.byte-limit = 33554432 (custom)
2019-08-30 23:43:37,830 [711d5759-b86c-4717-b949-6ebb41eeebe2:group-D0A16CCF95BD:LeaderElection94] INFO  server.RaftServerConfigKeys (ConfUtils.java:logGet(43)) - raft.server.log.appender.buffer.element-limit = 1 (custom)
2019-08-30 23:43:37,830 [711d5759-b86c-4717-b949-6ebb41eeebe2:group-D0A16CCF95BD:LeaderElection94] INFO  grpc.GrpcConfigKeys$Server (ConfUtils.java:logGet(43)) - raft.grpc.server.leader.outstanding.appends.max = 128 (default)
2019-08-30 23:43:37,830 [711d5759-b86c-4717-b949-6ebb41eeebe2:group-D0A16CCF95BD:LeaderElection94] INFO  server.RaftServerConfigKeys (ConfUtils.java:logGet(43)) - raft.server.rpc.request.timeout = 3000ms (default)
2019-08-30 23:43:37,830 [711d5759-b86c-4717-b949-6ebb41eeebe2:group-D0A16CCF95BD:LeaderElection94] INFO  server.RaftServerConfigKeys (ConfUtils.java:logGet(43)) - raft.server.log.appender.install.snapshot.enabled = false (custom)
2019-08-30 23:43:37,831 [711d5759-b86c-4717-b949-6ebb41eeebe2:group-D0A16CCF95BD:LeaderElection94] INFO  server.RaftServerConfigKeys (ConfUtils.java:logGet(43)) - raft.server.log.appender.snapshot.chunk.size.max = 16MB (=16777216) (default)
2019-08-30 23:43:37,831 [711d5759-b86c-4717-b949-6ebb41eeebe2:group-D0A16CCF95BD:LeaderElection94] INFO  server.RaftServerConfigKeys (ConfUtils.java:logGet(43)) - raft.server.log.appender.buffer.byte-limit = 33554432 (custom)
2019-08-30 23:43:37,831 [711d5759-b86c-4717-b949-6ebb41eeebe2:group-D0A16CCF95BD:LeaderElection94] INFO  server.RaftServerConfigKeys (ConfUtils.java:logGet(43)) - raft.server.log.appender.buffer.element-limit = 1 (custom)
2019-08-30 23:43:37,831 [711d5759-b86c-4717-b949-6ebb41eeebe2:group-D0A16CCF95BD:LeaderElection94] INFO  grpc.GrpcConfigKeys$Server (ConfUtils.java:logGet(43)) - raft.grpc.server.leader.outstanding.appends.max = 128 (default)
2019-08-30 23:43:37,832 [711d5759-b86c-4717-b949-6ebb41eeebe2:group-D0A16CCF95BD:LeaderElection94] INFO  server.RaftServerConfigKeys (ConfUtils.java:logGet(43)) - raft.server.rpc.request.timeout = 3000ms (default)
2019-08-30 23:43:37,832 [711d5759-b86c-4717-b949-6ebb41eeebe2:group-D0A16CCF95BD:LeaderElection94] INFO  server.RaftServerConfigKeys (ConfUtils.java:logGet(43)) - raft.server.log.appender.install.snapshot.enabled = false (custom)
2019-08-30 23:43:37,832 [711d5759-b86c-4717-b949-6ebb41eeebe2:group-D0A16CCF95BD:LeaderElection94] INFO  impl.RoleInfo (RoleInfo.java:updateAndGet(143)) - 711d5759-b86c-4717-b949-6ebb41eeebe2: start LeaderState
2019-08-30 23:43:37,832 [711d5759-b86c-4717-b949-6ebb41eeebe2:group-D0A16CCF95BD:LeaderElection94] INFO  segmented.SegmentedRaftLogWorker (SegmentedRaftLogWorker.java:startLogSegment(380)) - 711d5759-b86c-4717-b949-6ebb41eeebe2-SegmentedRaftLogWorker:Storage Directory /workdir/hadoop-ozone/integration-test/target/test-dir/MiniOzoneClusterImpl-62ef20f9-c776-4926-95e7-c8159edef3f9/datanode-4/data/ratis/7971e313-2233-4d51-94b0-d0a16ccf95bd: Starting segment from index:0
2019-08-30 23:43:37,833 [711d5759-b86c-4717-b949-6ebb41eeebe2:group-D0A16CCF95BD:LeaderElection94] INFO  impl.RaftServerImpl (ServerState.java:setRaftConf(361)) - 711d5759-b86c-4717-b949-6ebb41eeebe2:group-D0A16CCF95BD set configuration 0: [711d5759-b86c-4717-b949-6ebb41eeebe2:192.168.69.97:45838, e598a779-6268-498c-a148-03c0c7bf95a3:192.168.69.97:40426, 0c63e151-bdc2-459f-8160-ea1ede0a49fd:192.168.69.97:38219], old=null at 0
2019-08-30 23:43:37,835 [grpc-default-executor-8] INFO  impl.RaftServerImpl (ServerState.java:setLeader(263)) - e598a779-6268-498c-a148-03c0c7bf95a3:group-D0A16CCF95BD change Leader from null to 711d5759-b86c-4717-b949-6ebb41eeebe2 at term 1 for appendEntries, leader elected after 5167ms
2019-08-30 23:43:37,835 [grpc-default-executor-2] INFO  impl.RaftServerImpl (ServerState.java:setLeader(263)) - 0c63e151-bdc2-459f-8160-ea1ede0a49fd:group-D0A16CCF95BD change Leader from null to 711d5759-b86c-4717-b949-6ebb41eeebe2 at term 1 for appendEntries, leader elected after 5167ms
2019-08-30 23:43:37,839 [grpc-default-executor-2] INFO  impl.RaftServerImpl (ServerState.java:setRaftConf(361)) - e598a779-6268-498c-a148-03c0c7bf95a3:group-D0A16CCF95BD set configuration 0: [711d5759-b86c-4717-b949-6ebb41eeebe2:192.168.69.97:45838, e598a779-6268-498c-a148-03c0c7bf95a3:192.168.69.97:40426, 0c63e151-bdc2-459f-8160-ea1ede0a49fd:192.168.69.97:38219], old=null at 0
2019-08-30 23:43:37,839 [grpc-default-executor-8] INFO  impl.RaftServerImpl (ServerState.java:setRaftConf(361)) - 0c63e151-bdc2-459f-8160-ea1ede0a49fd:group-D0A16CCF95BD set configuration 0: [711d5759-b86c-4717-b949-6ebb41eeebe2:192.168.69.97:45838, e598a779-6268-498c-a148-03c0c7bf95a3:192.168.69.97:40426, 0c63e151-bdc2-459f-8160-ea1ede0a49fd:192.168.69.97:38219], old=null at 0
2019-08-30 23:43:37,839 [grpc-default-executor-2] INFO  segmented.SegmentedRaftLogWorker (SegmentedRaftLogWorker.java:startLogSegment(380)) - e598a779-6268-498c-a148-03c0c7bf95a3-SegmentedRaftLogWorker:Storage Directory /workdir/hadoop-ozone/integration-test/target/test-dir/MiniOzoneClusterImpl-62ef20f9-c776-4926-95e7-c8159edef3f9/datanode-6/data/ratis/7971e313-2233-4d51-94b0-d0a16ccf95bd: Starting segment from index:0
2019-08-30 23:43:37,840 [grpc-default-executor-8] INFO  segmented.SegmentedRaftLogWorker (SegmentedRaftLogWorker.java:startLogSegment(380)) - 0c63e151-bdc2-459f-8160-ea1ede0a49fd-SegmentedRaftLogWorker:Storage Directory /workdir/hadoop-ozone/integration-test/target/test-dir/MiniOzoneClusterImpl-62ef20f9-c776-4926-95e7-c8159edef3f9/datanode-3/data/ratis/7971e313-2233-4d51-94b0-d0a16ccf95bd: Starting segment from index:0
2019-08-30 23:43:37,844 [Thread-2475] INFO  impl.FollowerState (FollowerState.java:run(106)) - f57195ff-03b4-43f7-9ab5-53c6bdff4b8a:group-CFFDCCAA6F6E changes to CANDIDATE, lastRpcTime:5081, electionTimeout:5081ms
2019-08-30 23:43:37,844 [Thread-2475] INFO  impl.RoleInfo (RoleInfo.java:shutdownFollowerState(121)) - f57195ff-03b4-43f7-9ab5-53c6bdff4b8a: shutdown FollowerState
2019-08-30 23:43:37,844 [Thread-2475] INFO  impl.RaftServerImpl (RaftServerImpl.java:setRole(171)) - f57195ff-03b4-43f7-9ab5-53c6bdff4b8a:group-CFFDCCAA6F6E changes role from FOLLOWER to CANDIDATE at term 0 for changeToCandidate
2019-08-30 23:43:37,844 [Thread-2475] INFO  impl.RoleInfo (RoleInfo.java:updateAndGet(143)) - f57195ff-03b4-43f7-9ab5-53c6bdff4b8a: start LeaderElection
2019-08-30 23:43:37,894 [Thread-2476] INFO  impl.FollowerState (FollowerState.java:run(106)) - 1fc83f0a-239a-44d2-b60d-e15dbfa2cca4:group-CFFDCCAA6F6E changes to CANDIDATE, lastRpcTime:5130, electionTimeout:5110ms
2019-08-30 23:43:37,894 [Thread-2476] INFO  impl.RoleInfo (RoleInfo.java:shutdownFollowerState(121)) - 1fc83f0a-239a-44d2-b60d-e15dbfa2cca4: shutdown FollowerState
2019-08-30 23:43:37,894 [Thread-2476] INFO  impl.RaftServerImpl (RaftServerImpl.java:setRole(171)) - 1fc83f0a-239a-44d2-b60d-e15dbfa2cca4:group-CFFDCCAA6F6E changes role from FOLLOWER to CANDIDATE at term 0 for changeToCandidate
2019-08-30 23:43:37,894 [Thread-2476] INFO  impl.RoleInfo (RoleInfo.java:updateAndGet(143)) - 1fc83f0a-239a-44d2-b60d-e15dbfa2cca4: start LeaderElection
2019-08-30 23:43:37,917 [e598a779-6268-498c-a148-03c0c7bf95a3-SegmentedRaftLogWorker:Storage Directory /workdir/hadoop-ozone/integration-test/target/test-dir/MiniOzoneClusterImpl-62ef20f9-c776-4926-95e7-c8159edef3f9/datanode-6/data/ratis/7971e313-2233-4d51-94b0-d0a16ccf95bd] INFO  segmented.SegmentedRaftLogWorker (SegmentedRaftLogWorker.java:execute(569)) - e598a779-6268-498c-a148-03c0c7bf95a3-SegmentedRaftLogWorker:Storage Directory /workdir/hadoop-ozone/integration-test/target/test-dir/MiniOzoneClusterImpl-62ef20f9-c776-4926-95e7-c8159edef3f9/datanode-6/data/ratis/7971e313-2233-4d51-94b0-d0a16ccf95bd: created new log segment /workdir/hadoop-ozone/integration-test/target/test-dir/MiniOzoneClusterImpl-62ef20f9-c776-4926-95e7-c8159edef3f9/datanode-6/data/ratis/7971e313-2233-4d51-94b0-d0a16ccf95bd/current/log_inprogress_0
2019-08-30 23:43:37,917 [f57195ff-03b4-43f7-9ab5-53c6bdff4b8a:group-CFFDCCAA6F6E:LeaderElection97] INFO  impl.LeaderElection (LeaderElection.java:askForVotes(181)) - f57195ff-03b4-43f7-9ab5-53c6bdff4b8a:group-CFFDCCAA6F6E:LeaderElection97: begin an election at term 1 for -1: [f57195ff-03b4-43f7-9ab5-53c6bdff4b8a:192.168.69.97:32914, 1fc83f0a-239a-44d2-b60d-e15dbfa2cca4:192.168.69.97:33402, 49133c72-97ee-4f5b-8326-c41119f62149:192.168.69.97:41934], old=null
2019-08-30 23:43:37,917 [1fc83f0a-239a-44d2-b60d-e15dbfa2cca4:group-CFFDCCAA6F6E:LeaderElection98] INFO  impl.LeaderElection (LeaderElection.java:askForVotes(181)) - 1fc83f0a-239a-44d2-b60d-e15dbfa2cca4:group-CFFDCCAA6F6E:LeaderElection98: begin an election at term 1 for -1: [f57195ff-03b4-43f7-9ab5-53c6bdff4b8a:192.168.69.97:32914, 1fc83f0a-239a-44d2-b60d-e15dbfa2cca4:192.168.69.97:33402, 49133c72-97ee-4f5b-8326-c41119f62149:192.168.69.97:41934], old=null
2019-08-30 23:43:37,917 [0c63e151-bdc2-459f-8160-ea1ede0a49fd-SegmentedRaftLogWorker:Storage Directory /workdir/hadoop-ozone/integration-test/target/test-dir/MiniOzoneClusterImpl-62ef20f9-c776-4926-95e7-c8159edef3f9/datanode-3/data/ratis/7971e313-2233-4d51-94b0-d0a16ccf95bd] INFO  segmented.SegmentedRaftLogWorker (SegmentedRaftLogWorker.java:execute(569)) - 0c63e151-bdc2-459f-8160-ea1ede0a49fd-SegmentedRaftLogWorker:Storage Directory /workdir/hadoop-ozone/integration-test/target/test-dir/MiniOzoneClusterImpl-62ef20f9-c776-4926-95e7-c8159edef3f9/datanode-3/data/ratis/7971e313-2233-4d51-94b0-d0a16ccf95bd: created new log segment /workdir/hadoop-ozone/integration-test/target/test-dir/MiniOzoneClusterImpl-62ef20f9-c776-4926-95e7-c8159edef3f9/datanode-3/data/ratis/7971e313-2233-4d51-94b0-d0a16ccf95bd/current/log_inprogress_0
2019-08-30 23:43:37,917 [711d5759-b86c-4717-b949-6ebb41eeebe2-SegmentedRaftLogWorker:Storage Directory /workdir/hadoop-ozone/integration-test/target/test-dir/MiniOzoneClusterImpl-62ef20f9-c776-4926-95e7-c8159edef3f9/datanode-4/data/ratis/7971e313-2233-4d51-94b0-d0a16ccf95bd] INFO  segmented.SegmentedRaftLogWorker (SegmentedRaftLogWorker.java:execute(569)) - 711d5759-b86c-4717-b949-6ebb41eeebe2-SegmentedRaftLogWorker:Storage Directory /workdir/hadoop-ozone/integration-test/target/test-dir/MiniOzoneClusterImpl-62ef20f9-c776-4926-95e7-c8159edef3f9/datanode-4/data/ratis/7971e313-2233-4d51-94b0-d0a16ccf95bd: created new log segment /workdir/hadoop-ozone/integration-test/target/test-dir/MiniOzoneClusterImpl-62ef20f9-c776-4926-95e7-c8159edef3f9/datanode-4/data/ratis/7971e313-2233-4d51-94b0-d0a16ccf95bd/current/log_inprogress_0
2019-08-30 23:43:37,923 [Thread-2480] INFO  impl.FollowerState (FollowerState.java:run(106)) - 49133c72-97ee-4f5b-8326-c41119f62149:group-CFFDCCAA6F6E changes to CANDIDATE, lastRpcTime:5156, electionTimeout:5155ms
2019-08-30 23:43:37,923 [Thread-2480] INFO  impl.RoleInfo (RoleInfo.java:shutdownFollowerState(121)) - 49133c72-97ee-4f5b-8326-c41119f62149: shutdown FollowerState
2019-08-30 23:43:37,923 [Thread-2480] INFO  impl.RaftServerImpl (RaftServerImpl.java:setRole(171)) - 49133c72-97ee-4f5b-8326-c41119f62149:group-CFFDCCAA6F6E changes role from FOLLOWER to CANDIDATE at term 0 for changeToCandidate
2019-08-30 23:43:37,923 [Thread-2480] INFO  impl.RoleInfo (RoleInfo.java:updateAndGet(143)) - 49133c72-97ee-4f5b-8326-c41119f62149: start LeaderElection
2019-08-30 23:43:37,951 [49133c72-97ee-4f5b-8326-c41119f62149:group-CFFDCCAA6F6E:LeaderElection99] INFO  impl.LeaderElection (LeaderElection.java:askForVotes(181)) - 49133c72-97ee-4f5b-8326-c41119f62149:group-CFFDCCAA6F6E:LeaderElection99: begin an election at term 1 for -1: [f57195ff-03b4-43f7-9ab5-53c6bdff4b8a:192.168.69.97:32914, 1fc83f0a-239a-44d2-b60d-e15dbfa2cca4:192.168.69.97:33402, 49133c72-97ee-4f5b-8326-c41119f62149:192.168.69.97:41934], old=null
2019-08-30 23:43:37,952 [1fc83f0a-239a-44d2-b60d-e15dbfa2cca4:group-CFFDCCAA6F6E:LeaderElection98] INFO  impl.LeaderElection (LeaderElection.java:logAndReturn(56)) - 1fc83f0a-239a-44d2-b60d-e15dbfa2cca4:group-CFFDCCAA6F6E:LeaderElection98: Election REJECTED; received 2 response(s) [1fc83f0a-239a-44d2-b60d-e15dbfa2cca4<-f57195ff-03b4-43f7-9ab5-53c6bdff4b8a#0:FAIL-t1, 1fc83f0a-239a-44d2-b60d-e15dbfa2cca4<-49133c72-97ee-4f5b-8326-c41119f62149#0:FAIL-t1] and 0 exception(s); 1fc83f0a-239a-44d2-b60d-e15dbfa2cca4:t1, leader=null, voted=1fc83f0a-239a-44d2-b60d-e15dbfa2cca4, raftlog=1fc83f0a-239a-44d2-b60d-e15dbfa2cca4-SegmentedRaftLog:OPENED:c-1,f-1,i0, conf=-1: [f57195ff-03b4-43f7-9ab5-53c6bdff4b8a:192.168.69.97:32914, 1fc83f0a-239a-44d2-b60d-e15dbfa2cca4:192.168.69.97:33402, 49133c72-97ee-4f5b-8326-c41119f62149:192.168.69.97:41934], old=null
2019-08-30 23:43:37,952 [f57195ff-03b4-43f7-9ab5-53c6bdff4b8a:group-CFFDCCAA6F6E:LeaderElection97] INFO  impl.LeaderElection (LeaderElection.java:logAndReturn(56)) - f57195ff-03b4-43f7-9ab5-53c6bdff4b8a:group-CFFDCCAA6F6E:LeaderElection97: Election REJECTED; received 2 response(s) [f57195ff-03b4-43f7-9ab5-53c6bdff4b8a<-1fc83f0a-239a-44d2-b60d-e15dbfa2cca4#0:FAIL-t1, f57195ff-03b4-43f7-9ab5-53c6bdff4b8a<-49133c72-97ee-4f5b-8326-c41119f62149#0:FAIL-t1] and 0 exception(s); f57195ff-03b4-43f7-9ab5-53c6bdff4b8a:t1, leader=null, voted=f57195ff-03b4-43f7-9ab5-53c6bdff4b8a, raftlog=f57195ff-03b4-43f7-9ab5-53c6bdff4b8a-SegmentedRaftLog:OPENED:c-1,f-1,i0, conf=-1: [f57195ff-03b4-43f7-9ab5-53c6bdff4b8a:192.168.69.97:32914, 1fc83f0a-239a-44d2-b60d-e15dbfa2cca4:192.168.69.97:33402, 49133c72-97ee-4f5b-8326-c41119f62149:192.168.69.97:41934], old=null
2019-08-30 23:43:37,952 [1fc83f0a-239a-44d2-b60d-e15dbfa2cca4:group-CFFDCCAA6F6E:LeaderElection98] INFO  impl.RaftServerImpl (RaftServerImpl.java:setRole(171)) - 1fc83f0a-239a-44d2-b60d-e15dbfa2cca4:group-CFFDCCAA6F6E changes role from CANDIDATE to FOLLOWER at term 1 for DISCOVERED_A_NEW_TERM
2019-08-30 23:43:37,953 [f57195ff-03b4-43f7-9ab5-53c6bdff4b8a:group-CFFDCCAA6F6E:LeaderElection97] INFO  impl.RaftServerImpl (RaftServerImpl.java:setRole(171)) - f57195ff-03b4-43f7-9ab5-53c6bdff4b8a:group-CFFDCCAA6F6E changes role from CANDIDATE to FOLLOWER at term 1 for DISCOVERED_A_NEW_TERM
2019-08-30 23:43:37,953 [f57195ff-03b4-43f7-9ab5-53c6bdff4b8a:group-CFFDCCAA6F6E:LeaderElection97] INFO  impl.RoleInfo (RoleInfo.java:shutdownLeaderElection(134)) - f57195ff-03b4-43f7-9ab5-53c6bdff4b8a: shutdown LeaderElection
2019-08-30 23:43:37,953 [1fc83f0a-239a-44d2-b60d-e15dbfa2cca4:group-CFFDCCAA6F6E:LeaderElection98] INFO  impl.RoleInfo (RoleInfo.java:shutdownLeaderElection(134)) - 1fc83f0a-239a-44d2-b60d-e15dbfa2cca4: shutdown LeaderElection
2019-08-30 23:43:37,953 [f57195ff-03b4-43f7-9ab5-53c6bdff4b8a:group-CFFDCCAA6F6E:LeaderElection97] INFO  impl.RoleInfo (RoleInfo.java:updateAndGet(143)) - f57195ff-03b4-43f7-9ab5-53c6bdff4b8a: start FollowerState
2019-08-30 23:43:37,953 [1fc83f0a-239a-44d2-b60d-e15dbfa2cca4:group-CFFDCCAA6F6E:LeaderElection98] INFO  impl.RoleInfo (RoleInfo.java:updateAndGet(143)) - 1fc83f0a-239a-44d2-b60d-e15dbfa2cca4: start FollowerState
2019-08-30 23:43:37,957 [49133c72-97ee-4f5b-8326-c41119f62149:group-CFFDCCAA6F6E:LeaderElection99] INFO  impl.LeaderElection (LeaderElection.java:logAndReturn(56)) - 49133c72-97ee-4f5b-8326-c41119f62149:group-CFFDCCAA6F6E:LeaderElection99: Election REJECTED; received 2 response(s) [49133c72-97ee-4f5b-8326-c41119f62149<-f57195ff-03b4-43f7-9ab5-53c6bdff4b8a#0:FAIL-t1, 49133c72-97ee-4f5b-8326-c41119f62149<-1fc83f0a-239a-44d2-b60d-e15dbfa2cca4#0:FAIL-t1] and 0 exception(s); 49133c72-97ee-4f5b-8326-c41119f62149:t1, leader=null, voted=49133c72-97ee-4f5b-8326-c41119f62149, raftlog=49133c72-97ee-4f5b-8326-c41119f62149-SegmentedRaftLog:OPENED:c-1,f-1,i0, conf=-1: [f57195ff-03b4-43f7-9ab5-53c6bdff4b8a:192.168.69.97:32914, 1fc83f0a-239a-44d2-b60d-e15dbfa2cca4:192.168.69.97:33402, 49133c72-97ee-4f5b-8326-c41119f62149:192.168.69.97:41934], old=null
2019-08-30 23:43:37,958 [49133c72-97ee-4f5b-8326-c41119f62149:group-CFFDCCAA6F6E:LeaderElection99] INFO  impl.RaftServerImpl (RaftServerImpl.java:setRole(171)) - 49133c72-97ee-4f5b-8326-c41119f62149:group-CFFDCCAA6F6E changes role from CANDIDATE to FOLLOWER at term 1 for DISCOVERED_A_NEW_TERM
2019-08-30 23:43:37,958 [49133c72-97ee-4f5b-8326-c41119f62149:group-CFFDCCAA6F6E:LeaderElection99] INFO  impl.RoleInfo (RoleInfo.java:shutdownLeaderElection(134)) - 49133c72-97ee-4f5b-8326-c41119f62149: shutdown LeaderElection
2019-08-30 23:43:37,958 [49133c72-97ee-4f5b-8326-c41119f62149:group-CFFDCCAA6F6E:LeaderElection99] INFO  impl.RoleInfo (RoleInfo.java:updateAndGet(143)) - 49133c72-97ee-4f5b-8326-c41119f62149: start FollowerState
2019-08-30 23:43:38,854 [grpc-default-executor-9] INFO  client.GrpcClientProtocolClient (GrpcClientProtocolClient.java:onNext(255)) - client-AFED27646755->711d5759-b86c-4717-b949-6ebb41eeebe2: receive RaftClientReply:client-AFED27646755->711d5759-b86c-4717-b949-6ebb41eeebe2@group-D0A16CCF95BD, cid=103, SUCCESS, logIndex=1, commits[711d5759-b86c-4717-b949-6ebb41eeebe2:c2, e598a779-6268-498c-a148-03c0c7bf95a3:c1, 0c63e151-bdc2-459f-8160-ea1ede0a49fd:c1]
2019-08-30 23:43:39,845 [Datanode State Machine Thread - 0] INFO  statemachine.DatanodeStateMachine (DatanodeStateMachine.java:lambda$startDaemon$0(350)) - Ozone container server started.
2019-08-30 23:43:43,005 [Thread-2541] INFO  impl.FollowerState (FollowerState.java:run(106)) - 1fc83f0a-239a-44d2-b60d-e15dbfa2cca4:group-CFFDCCAA6F6E changes to CANDIDATE, lastRpcTime:5051, electionTimeout:5051ms
2019-08-30 23:43:43,005 [Thread-2541] INFO  impl.RoleInfo (RoleInfo.java:shutdownFollowerState(121)) - 1fc83f0a-239a-44d2-b60d-e15dbfa2cca4: shutdown FollowerState
2019-08-30 23:43:43,005 [Thread-2541] INFO  impl.RaftServerImpl (RaftServerImpl.java:setRole(171)) - 1fc83f0a-239a-44d2-b60d-e15dbfa2cca4:group-CFFDCCAA6F6E changes role from FOLLOWER to CANDIDATE at term 1 for changeToCandidate
2019-08-30 23:43:43,006 [Thread-2541] INFO  impl.RoleInfo (RoleInfo.java:updateAndGet(143)) - 1fc83f0a-239a-44d2-b60d-e15dbfa2cca4: start LeaderElection
2019-08-30 23:43:43,043 [1fc83f0a-239a-44d2-b60d-e15dbfa2cca4:group-CFFDCCAA6F6E:LeaderElection100] INFO  impl.LeaderElection (LeaderElection.java:askForVotes(181)) - 1fc83f0a-239a-44d2-b60d-e15dbfa2cca4:group-CFFDCCAA6F6E:LeaderElection100: begin an election at term 2 for -1: [f57195ff-03b4-43f7-9ab5-53c6bdff4b8a:192.168.69.97:32914, 1fc83f0a-239a-44d2-b60d-e15dbfa2cca4:192.168.69.97:33402, 49133c72-97ee-4f5b-8326-c41119f62149:192.168.69.97:41934], old=null
2019-08-30 23:43:43,047 [grpc-default-executor-2] INFO  impl.RaftServerImpl (RaftServerImpl.java:setRole(171)) - f57195ff-03b4-43f7-9ab5-53c6bdff4b8a:group-CFFDCCAA6F6E changes role from FOLLOWER to FOLLOWER at term 2 for recognizeCandidate:1fc83f0a-239a-44d2-b60d-e15dbfa2cca4
2019-08-30 23:43:43,047 [grpc-default-executor-2] INFO  impl.RoleInfo (RoleInfo.java:shutdownFollowerState(121)) - f57195ff-03b4-43f7-9ab5-53c6bdff4b8a: shutdown FollowerState
2019-08-30 23:43:43,047 [grpc-default-executor-9] INFO  impl.RaftServerImpl (RaftServerImpl.java:setRole(171)) - 49133c72-97ee-4f5b-8326-c41119f62149:group-CFFDCCAA6F6E changes role from FOLLOWER to FOLLOWER at term 2 for recognizeCandidate:1fc83f0a-239a-44d2-b60d-e15dbfa2cca4
2019-08-30 23:43:43,047 [Thread-2540] INFO  impl.FollowerState (FollowerState.java:run(114)) - f57195ff-03b4-43f7-9ab5-53c6bdff4b8a: FollowerState was interrupted: java.lang.InterruptedException: sleep interrupted
2019-08-30 23:43:43,047 [grpc-default-executor-2] INFO  impl.RoleInfo (RoleInfo.java:updateAndGet(143)) - f57195ff-03b4-43f7-9ab5-53c6bdff4b8a: start FollowerState
2019-08-30 23:43:43,048 [grpc-default-executor-9] INFO  impl.RoleInfo (RoleInfo.java:shutdownFollowerState(121)) - 49133c72-97ee-4f5b-8326-c41119f62149: shutdown FollowerState
2019-08-30 23:43:43,048 [grpc-default-executor-9] INFO  impl.RoleInfo (RoleInfo.java:updateAndGet(143)) - 49133c72-97ee-4f5b-8326-c41119f62149: start FollowerState
2019-08-30 23:43:43,048 [Thread-2542] INFO  impl.FollowerState (FollowerState.java:run(114)) - 49133c72-97ee-4f5b-8326-c41119f62149: FollowerState was interrupted: java.lang.InterruptedException: sleep interrupted
2019-08-30 23:43:43,069 [1fc83f0a-239a-44d2-b60d-e15dbfa2cca4:group-CFFDCCAA6F6E:LeaderElection100] INFO  impl.LeaderElection (LeaderElection.java:logAndReturn(56)) - 1fc83f0a-239a-44d2-b60d-e15dbfa2cca4:group-CFFDCCAA6F6E:LeaderElection100: Election PASSED; received 1 response(s) [1fc83f0a-239a-44d2-b60d-e15dbfa2cca4<-f57195ff-03b4-43f7-9ab5-53c6bdff4b8a#0:OK-t2] and 0 exception(s); 1fc83f0a-239a-44d2-b60d-e15dbfa2cca4:t2, leader=null, voted=1fc83f0a-239a-44d2-b60d-e15dbfa2cca4, raftlog=1fc83f0a-239a-44d2-b60d-e15dbfa2cca4-SegmentedRaftLog:OPENED:c-1,f-1,i0, conf=-1: [f57195ff-03b4-43f7-9ab5-53c6bdff4b8a:192.168.69.97:32914, 1fc83f0a-239a-44d2-b60d-e15dbfa2cca4:192.168.69.97:33402, 49133c72-97ee-4f5b-8326-c41119f62149:192.168.69.97:41934], old=null
2019-08-30 23:43:43,069 [1fc83f0a-239a-44d2-b60d-e15dbfa2cca4:group-CFFDCCAA6F6E:LeaderElection100] INFO  impl.RoleInfo (RoleInfo.java:shutdownLeaderElection(134)) - 1fc83f0a-239a-44d2-b60d-e15dbfa2cca4: shutdown LeaderElection
2019-08-30 23:43:43,069 [1fc83f0a-239a-44d2-b60d-e15dbfa2cca4:group-CFFDCCAA6F6E:LeaderElection100] INFO  impl.RaftServerImpl (RaftServerImpl.java:setRole(171)) - 1fc83f0a-239a-44d2-b60d-e15dbfa2cca4:group-CFFDCCAA6F6E changes role from CANDIDATE to LEADER at term 2 for changeToLeader
2019-08-30 23:43:43,069 [1fc83f0a-239a-44d2-b60d-e15dbfa2cca4:group-CFFDCCAA6F6E:LeaderElection100] INFO  impl.RaftServerImpl (ServerState.java:setLeader(263)) - 1fc83f0a-239a-44d2-b60d-e15dbfa2cca4:group-CFFDCCAA6F6E change Leader from null to 1fc83f0a-239a-44d2-b60d-e15dbfa2cca4 at term 2 for becomeLeader, leader elected after 10316ms
2019-08-30 23:43:43,069 [1fc83f0a-239a-44d2-b60d-e15dbfa2cca4:group-CFFDCCAA6F6E:LeaderElection100] INFO  server.RaftServerConfigKeys (ConfUtils.java:logGet(43)) - raft.server.staging.catchup.gap = 1000 (default)
2019-08-30 23:43:43,070 [1fc83f0a-239a-44d2-b60d-e15dbfa2cca4:group-CFFDCCAA6F6E:LeaderElection100] INFO  server.RaftServerConfigKeys (ConfUtils.java:logGet(43)) - raft.server.rpc.sleep.time = 25ms (default)
2019-08-30 23:43:43,070 [1fc83f0a-239a-44d2-b60d-e15dbfa2cca4:group-CFFDCCAA6F6E:LeaderElection100] INFO  server.RaftServerConfigKeys (ConfUtils.java:logGet(43)) - raft.server.write.element-limit = 4096 (default)
2019-08-30 23:43:43,070 [1fc83f0a-239a-44d2-b60d-e15dbfa2cca4:group-CFFDCCAA6F6E:LeaderElection100] INFO  server.RaftServerConfigKeys (ConfUtils.java:logGet(43)) - raft.server.watch.timeout = 10s (default)
2019-08-30 23:43:43,070 [1fc83f0a-239a-44d2-b60d-e15dbfa2cca4:group-CFFDCCAA6F6E:LeaderElection100] INFO  server.RaftServerConfigKeys (ConfUtils.java:logGet(43)) - raft.server.watch.timeout.denomination = 1s (default)
2019-08-30 23:43:43,070 [1fc83f0a-239a-44d2-b60d-e15dbfa2cca4:group-CFFDCCAA6F6E:LeaderElection100] INFO  server.RaftServerConfigKeys (ConfUtils.java:logGet(43)) - raft.server.watch.element-limit = 65536 (default)
2019-08-30 23:43:43,071 [1fc83f0a-239a-44d2-b60d-e15dbfa2cca4:group-CFFDCCAA6F6E:LeaderElection100] INFO  server.RaftServerConfigKeys (ConfUtils.java:logGet(43)) - raft.server.log.appender.snapshot.chunk.size.max = 16MB (=16777216) (default)
2019-08-30 23:43:43,071 [1fc83f0a-239a-44d2-b60d-e15dbfa2cca4:group-CFFDCCAA6F6E:LeaderElection100] INFO  server.RaftServerConfigKeys (ConfUtils.java:logGet(43)) - raft.server.log.appender.buffer.byte-limit = 33554432 (custom)
2019-08-30 23:43:43,071 [1fc83f0a-239a-44d2-b60d-e15dbfa2cca4:group-CFFDCCAA6F6E:LeaderElection100] INFO  server.RaftServerConfigKeys (ConfUtils.java:logGet(43)) - raft.server.log.appender.buffer.element-limit = 1 (custom)
2019-08-30 23:43:43,071 [1fc83f0a-239a-44d2-b60d-e15dbfa2cca4:group-CFFDCCAA6F6E:LeaderElection100] INFO  grpc.GrpcConfigKeys$Server (ConfUtils.java:logGet(43)) - raft.grpc.server.leader.outstanding.appends.max = 128 (default)
2019-08-30 23:43:43,071 [1fc83f0a-239a-44d2-b60d-e15dbfa2cca4:group-CFFDCCAA6F6E:LeaderElection100] INFO  server.RaftServerConfigKeys (ConfUtils.java:logGet(43)) - raft.server.rpc.request.timeout = 3000ms (default)
2019-08-30 23:43:43,072 [1fc83f0a-239a-44d2-b60d-e15dbfa2cca4:group-CFFDCCAA6F6E:LeaderElection100] INFO  server.RaftServerConfigKeys (ConfUtils.java:logGet(43)) - raft.server.log.appender.install.snapshot.enabled = false (custom)
2019-08-30 23:43:43,072 [1fc83f0a-239a-44d2-b60d-e15dbfa2cca4:group-CFFDCCAA6F6E:LeaderElection100] INFO  server.RaftServerConfigKeys (ConfUtils.java:logGet(43)) - raft.server.log.appender.snapshot.chunk.size.max = 16MB (=16777216) (default)
2019-08-30 23:43:43,072 [1fc83f0a-239a-44d2-b60d-e15dbfa2cca4:group-CFFDCCAA6F6E:LeaderElection100] INFO  server.RaftServerConfigKeys (ConfUtils.java:logGet(43)) - raft.server.log.appender.buffer.byte-limit = 33554432 (custom)
2019-08-30 23:43:43,072 [1fc83f0a-239a-44d2-b60d-e15dbfa2cca4:group-CFFDCCAA6F6E:LeaderElection100] INFO  server.RaftServerConfigKeys (ConfUtils.java:logGet(43)) - raft.server.log.appender.buffer.element-limit = 1 (custom)
2019-08-30 23:43:43,072 [1fc83f0a-239a-44d2-b60d-e15dbfa2cca4:group-CFFDCCAA6F6E:LeaderElection100] INFO  grpc.GrpcConfigKeys$Server (ConfUtils.java:logGet(43)) - raft.grpc.server.leader.outstanding.appends.max = 128 (default)
2019-08-30 23:43:43,073 [1fc83f0a-239a-44d2-b60d-e15dbfa2cca4:group-CFFDCCAA6F6E:LeaderElection100] INFO  server.RaftServerConfigKeys (ConfUtils.java:logGet(43)) - raft.server.rpc.request.timeout = 3000ms (default)
2019-08-30 23:43:43,073 [1fc83f0a-239a-44d2-b60d-e15dbfa2cca4:group-CFFDCCAA6F6E:LeaderElection100] INFO  server.RaftServerConfigKeys (ConfUtils.java:logGet(43)) - raft.server.log.appender.install.snapshot.enabled = false (custom)
2019-08-30 23:43:43,073 [1fc83f0a-239a-44d2-b60d-e15dbfa2cca4:group-CFFDCCAA6F6E:LeaderElection100] INFO  impl.RoleInfo (RoleInfo.java:updateAndGet(143)) - 1fc83f0a-239a-44d2-b60d-e15dbfa2cca4: start LeaderState
2019-08-30 23:43:43,073 [1fc83f0a-239a-44d2-b60d-e15dbfa2cca4:group-CFFDCCAA6F6E:LeaderElection100] INFO  segmented.SegmentedRaftLogWorker (SegmentedRaftLogWorker.java:startLogSegment(380)) - 1fc83f0a-239a-44d2-b60d-e15dbfa2cca4-SegmentedRaftLogWorker:Storage Directory /workdir/hadoop-ozone/integration-test/target/test-dir/MiniOzoneClusterImpl-62ef20f9-c776-4926-95e7-c8159edef3f9/datanode-5/data/ratis/7af0c2a5-8571-4b92-9042-cffdccaa6f6e: Starting segment from index:0
2019-08-30 23:43:43,074 [1fc83f0a-239a-44d2-b60d-e15dbfa2cca4:group-CFFDCCAA6F6E:LeaderElection100] INFO  impl.RaftServerImpl (ServerState.java:setRaftConf(361)) - 1fc83f0a-239a-44d2-b60d-e15dbfa2cca4:group-CFFDCCAA6F6E set configuration 0: [f57195ff-03b4-43f7-9ab5-53c6bdff4b8a:192.168.69.97:32914, 1fc83f0a-239a-44d2-b60d-e15dbfa2cca4:192.168.69.97:33402, 49133c72-97ee-4f5b-8326-c41119f62149:192.168.69.97:41934], old=null at 0
2019-08-30 23:43:43,076 [grpc-default-executor-9] INFO  impl.RaftServerImpl (ServerState.java:setLeader(263)) - f57195ff-03b4-43f7-9ab5-53c6bdff4b8a:group-CFFDCCAA6F6E change Leader from null to 1fc83f0a-239a-44d2-b60d-e15dbfa2cca4 at term 2 for appendEntries, leader elected after 10323ms
2019-08-30 23:43:43,076 [grpc-default-executor-2] INFO  impl.RaftServerImpl (ServerState.java:setLeader(263)) - 49133c72-97ee-4f5b-8326-c41119f62149:group-CFFDCCAA6F6E change Leader from null to 1fc83f0a-239a-44d2-b60d-e15dbfa2cca4 at term 2 for appendEntries, leader elected after 10323ms
2019-08-30 23:43:43,079 [grpc-default-executor-2] INFO  impl.RaftServerImpl (ServerState.java:setRaftConf(361)) - f57195ff-03b4-43f7-9ab5-53c6bdff4b8a:group-CFFDCCAA6F6E set configuration 0: [f57195ff-03b4-43f7-9ab5-53c6bdff4b8a:192.168.69.97:32914, 1fc83f0a-239a-44d2-b60d-e15dbfa2cca4:192.168.69.97:33402, 49133c72-97ee-4f5b-8326-c41119f62149:192.168.69.97:41934], old=null at 0
2019-08-30 23:43:43,079 [grpc-default-executor-9] INFO  impl.RaftServerImpl (ServerState.java:setRaftConf(361)) - 49133c72-97ee-4f5b-8326-c41119f62149:group-CFFDCCAA6F6E set configuration 0: [f57195ff-03b4-43f7-9ab5-53c6bdff4b8a:192.168.69.97:32914, 1fc83f0a-239a-44d2-b60d-e15dbfa2cca4:192.168.69.97:33402, 49133c72-97ee-4f5b-8326-c41119f62149:192.168.69.97:41934], old=null at 0
2019-08-30 23:43:43,079 [grpc-default-executor-2] INFO  segmented.SegmentedRaftLogWorker (SegmentedRaftLogWorker.java:startLogSegment(380)) - f57195ff-03b4-43f7-9ab5-53c6bdff4b8a-SegmentedRaftLogWorker:Storage Directory /workdir/hadoop-ozone/integration-test/target/test-dir/MiniOzoneClusterImpl-62ef20f9-c776-4926-95e7-c8159edef3f9/datanode-2/data/ratis/7af0c2a5-8571-4b92-9042-cffdccaa6f6e: Starting segment from index:0
2019-08-30 23:43:43,079 [grpc-default-executor-9] INFO  segmented.SegmentedRaftLogWorker (SegmentedRaftLogWorker.java:startLogSegment(380)) - 49133c72-97ee-4f5b-8326-c41119f62149-SegmentedRaftLogWorker:Storage Directory /workdir/hadoop-ozone/integration-test/target/test-dir/MiniOzoneClusterImpl-62ef20f9-c776-4926-95e7-c8159edef3f9/datanode-0/data/ratis/7af0c2a5-8571-4b92-9042-cffdccaa6f6e: Starting segment from index:0
2019-08-30 23:43:43,139 [f57195ff-03b4-43f7-9ab5-53c6bdff4b8a-SegmentedRaftLogWorker:Storage Directory /workdir/hadoop-ozone/integration-test/target/test-dir/MiniOzoneClusterImpl-62ef20f9-c776-4926-95e7-c8159edef3f9/datanode-2/data/ratis/7af0c2a5-8571-4b92-9042-cffdccaa6f6e] INFO  segmented.SegmentedRaftLogWorker (SegmentedRaftLogWorker.java:execute(569)) - f57195ff-03b4-43f7-9ab5-53c6bdff4b8a-SegmentedRaftLogWorker:Storage Directory /workdir/hadoop-ozone/integration-test/target/test-dir/MiniOzoneClusterImpl-62ef20f9-c776-4926-95e7-c8159edef3f9/datanode-2/data/ratis/7af0c2a5-8571-4b92-9042-cffdccaa6f6e: created new log segment /workdir/hadoop-ozone/integration-test/target/test-dir/MiniOzoneClusterImpl-62ef20f9-c776-4926-95e7-c8159edef3f9/datanode-2/data/ratis/7af0c2a5-8571-4b92-9042-cffdccaa6f6e/current/log_inprogress_0
2019-08-30 23:43:43,139 [49133c72-97ee-4f5b-8326-c41119f62149-SegmentedRaftLogWorker:Storage Directory /workdir/hadoop-ozone/integration-test/target/test-dir/MiniOzoneClusterImpl-62ef20f9-c776-4926-95e7-c8159edef3f9/datanode-0/data/ratis/7af0c2a5-8571-4b92-9042-cffdccaa6f6e] INFO  segmented.SegmentedRaftLogWorker (SegmentedRaftLogWorker.java:execute(569)) - 49133c72-97ee-4f5b-8326-c41119f62149-SegmentedRaftLogWorker:Storage Directory /workdir/hadoop-ozone/integration-test/target/test-dir/MiniOzoneClusterImpl-62ef20f9-c776-4926-95e7-c8159edef3f9/datanode-0/data/ratis/7af0c2a5-8571-4b92-9042-cffdccaa6f6e: created new log segment /workdir/hadoop-ozone/integration-test/target/test-dir/MiniOzoneClusterImpl-62ef20f9-c776-4926-95e7-c8159edef3f9/datanode-0/data/ratis/7af0c2a5-8571-4b92-9042-cffdccaa6f6e/current/log_inprogress_0
2019-08-30 23:43:43,139 [1fc83f0a-239a-44d2-b60d-e15dbfa2cca4-SegmentedRaftLogWorker:Storage Directory /workdir/hadoop-ozone/integration-test/target/test-dir/MiniOzoneClusterImpl-62ef20f9-c776-4926-95e7-c8159edef3f9/datanode-5/data/ratis/7af0c2a5-8571-4b92-9042-cffdccaa6f6e] INFO  segmented.SegmentedRaftLogWorker (SegmentedRaftLogWorker.java:execute(569)) - 1fc83f0a-239a-44d2-b60d-e15dbfa2cca4-SegmentedRaftLogWorker:Storage Directory /workdir/hadoop-ozone/integration-test/target/test-dir/MiniOzoneClusterImpl-62ef20f9-c776-4926-95e7-c8159edef3f9/datanode-5/data/ratis/7af0c2a5-8571-4b92-9042-cffdccaa6f6e: created new log segment /workdir/hadoop-ozone/integration-test/target/test-dir/MiniOzoneClusterImpl-62ef20f9-c776-4926-95e7-c8159edef3f9/datanode-5/data/ratis/7af0c2a5-8571-4b92-9042-cffdccaa6f6e/current/log_inprogress_0
2019-08-30 23:43:43,855 [main] INFO  ozoneimpl.OzoneContainer (OzoneContainer.java:stop(215)) - Attempting to stop container services.
2019-08-30 23:43:43,856 [main] INFO  impl.RaftServerProxy (RaftServerProxy.java:lambda$close$4(314)) - 711d5759-b86c-4717-b949-6ebb41eeebe2: close
2019-08-30 23:43:43,857 [main] INFO  impl.RaftServerImpl (RaftServerImpl.java:lambda$shutdown$3(245)) - 711d5759-b86c-4717-b949-6ebb41eeebe2: shutdown group-D0A16CCF95BD
2019-08-30 23:43:43,857 [ForkJoinPool.commonPool-worker-1] INFO  impl.RaftServerImpl (RaftServerImpl.java:lambda$shutdown$3(245)) - 711d5759-b86c-4717-b949-6ebb41eeebe2: shutdown group-9D3E2C8F6AD8
2019-08-30 23:43:43,857 [main] INFO  util.JmxRegister (JmxRegister.java:unregister(73)) - Successfully un-registered JMX Bean with object name Ratis:service=RaftServer,group=group-D0A16CCF95BD,id=711d5759-b86c-4717-b949-6ebb41eeebe2
2019-08-30 23:43:43,857 [ForkJoinPool.commonPool-worker-1] INFO  util.JmxRegister (JmxRegister.java:unregister(73)) - Successfully un-registered JMX Bean with object name Ratis:service=RaftServer,group=group-9D3E2C8F6AD8,id=711d5759-b86c-4717-b949-6ebb41eeebe2
2019-08-30 23:43:43,858 [main] INFO  impl.RoleInfo (RoleInfo.java:shutdownLeaderState(104)) - 711d5759-b86c-4717-b949-6ebb41eeebe2: shutdown LeaderState
2019-08-30 23:43:43,858 [ForkJoinPool.commonPool-worker-1] INFO  impl.RoleInfo (RoleInfo.java:shutdownLeaderState(104)) - 711d5759-b86c-4717-b949-6ebb41eeebe2: shutdown LeaderState
2019-08-30 23:43:43,863 [org.apache.ratis.server.impl.LogAppender$AppenderDaemon$$Lambda$502/477525616@53f8b2e5] WARN  server.GrpcLogAppender (GrpcLogAppender.java:mayWait(143)) - GrpcLogAppender(711d5759-b86c-4717-b949-6ebb41eeebe2->e598a779-6268-498c-a148-03c0c7bf95a3): Wait interrupted by java.lang.InterruptedException
2019-08-30 23:43:43,863 [main] INFO  impl.PendingRequests (PendingRequests.java:sendNotLeaderResponses(202)) - 711d5759-b86c-4717-b949-6ebb41eeebe2-PendingRequests: sendNotLeaderResponses
2019-08-30 23:43:43,863 [ForkJoinPool.commonPool-worker-1] INFO  impl.PendingRequests (PendingRequests.java:sendNotLeaderResponses(202)) - 711d5759-b86c-4717-b949-6ebb41eeebe2-PendingRequests: sendNotLeaderResponses
2019-08-30 23:43:43,864 [grpc-default-executor-2] INFO  server.GrpcServerProtocolService (GrpcServerProtocolService.java:onCompleted(104)) - e598a779-6268-498c-a148-03c0c7bf95a3: appendEntries completed
2019-08-30 23:43:43,874 [main] INFO  impl.StateMachineUpdater (StateMachineUpdater.java:stopAndJoin(115)) - StateMachineUpdater:711d5759-b86c-4717-b949-6ebb41eeebe2:group-D0A16CCF95BD: set stopIndex = 2
2019-08-30 23:43:43,863 [org.apache.ratis.server.impl.LogAppender$AppenderDaemon$$Lambda$502/477525616@16fa26fe] WARN  server.GrpcLogAppender (GrpcLogAppender.java:mayWait(143)) - GrpcLogAppender(711d5759-b86c-4717-b949-6ebb41eeebe2->0c63e151-bdc2-459f-8160-ea1ede0a49fd): Wait interrupted by java.lang.InterruptedException
2019-08-30 23:43:43,875 [StateMachineUpdater:711d5759-b86c-4717-b949-6ebb41eeebe2:group-D0A16CCF95BD] INFO  ratis.ContainerStateMachine (ContainerStateMachine.java:takeSnapshot(284)) - group-D0A16CCF95BD: Taking a snapshot at:(t:1, i:2) file /workdir/hadoop-ozone/integration-test/target/test-dir/MiniOzoneClusterImpl-62ef20f9-c776-4926-95e7-c8159edef3f9/datanode-4/data/ratis/7971e313-2233-4d51-94b0-d0a16ccf95bd/sm/snapshot.1_2
2019-08-30 23:43:43,874 [ForkJoinPool.commonPool-worker-1] INFO  impl.StateMachineUpdater (StateMachineUpdater.java:stopAndJoin(115)) - StateMachineUpdater:711d5759-b86c-4717-b949-6ebb41eeebe2:group-9D3E2C8F6AD8: set stopIndex = 0
2019-08-30 23:43:43,878 [grpc-default-executor-9] INFO  server.GrpcServerProtocolService (GrpcServerProtocolService.java:onCompleted(104)) - 0c63e151-bdc2-459f-8160-ea1ede0a49fd: appendEntries completed
2019-08-30 23:43:43,878 [grpc-default-executor-8] INFO  server.GrpcLogAppender (GrpcLogAppender.java:onCompleted(292)) - 711d5759-b86c-4717-b949-6ebb41eeebe2->e598a779-6268-498c-a148-03c0c7bf95a3: follower responses appendEntries COMPLETED
2019-08-30 23:43:43,878 [ForkJoinPool.commonPool-worker-1] INFO  impl.RaftServerImpl (ServerState.java:close(394)) - 711d5759-b86c-4717-b949-6ebb41eeebe2:group-9D3E2C8F6AD8 closes. The last applied log index is 0
2019-08-30 23:43:43,878 [grpc-default-executor-9] INFO  server.GrpcLogAppender (GrpcLogAppender.java:onCompleted(292)) - 711d5759-b86c-4717-b949-6ebb41eeebe2->0c63e151-bdc2-459f-8160-ea1ede0a49fd: follower responses appendEntries COMPLETED
2019-08-30 23:43:43,879 [711d5759-b86c-4717-b949-6ebb41eeebe2-SegmentedRaftLogWorker:Storage Directory /workdir/hadoop-ozone/integration-test/target/test-dir/MiniOzoneClusterImpl-62ef20f9-c776-4926-95e7-c8159edef3f9/datanode-4/data/ratis/4443b196-550f-470c-bdf0-9d3e2c8f6ad8] INFO  segmented.SegmentedRaftLogWorker (SegmentedRaftLogWorker.java:run(313)) - 711d5759-b86c-4717-b949-6ebb41eeebe2-SegmentedRaftLogWorker:Storage Directory /workdir/hadoop-ozone/integration-test/target/test-dir/MiniOzoneClusterImpl-62ef20f9-c776-4926-95e7-c8159edef3f9/datanode-4/data/ratis/4443b196-550f-470c-bdf0-9d3e2c8f6ad8 was interrupted, exiting. There are 0 tasks remaining in the queue.
2019-08-30 23:43:43,879 [grpc-default-executor-8] INFO  impl.FollowerInfo (FollowerInfo.java:lambda$new$0(50)) - 711d5759-b86c-4717-b949-6ebb41eeebe2->e598a779-6268-498c-a148-03c0c7bf95a3: nextIndex: updateUnconditionally 3 -> 2
2019-08-30 23:43:43,881 [ForkJoinPool.commonPool-worker-1] INFO  segmented.SegmentedRaftLogWorker (SegmentedRaftLogWorker.java:close(228)) - 711d5759-b86c-4717-b949-6ebb41eeebe2-SegmentedRaftLogWorker:Storage Directory /workdir/hadoop-ozone/integration-test/target/test-dir/MiniOzoneClusterImpl-62ef20f9-c776-4926-95e7-c8159edef3f9/datanode-4/data/ratis/4443b196-550f-470c-bdf0-9d3e2c8f6ad8 close()
2019-08-30 23:43:43,879 [grpc-default-executor-9] INFO  impl.FollowerInfo (FollowerInfo.java:lambda$new$0(50)) - 711d5759-b86c-4717-b949-6ebb41eeebe2->0c63e151-bdc2-459f-8160-ea1ede0a49fd: nextIndex: updateUnconditionally 3 -> 2
2019-08-30 23:43:43,890 [StateMachineUpdater:711d5759-b86c-4717-b949-6ebb41eeebe2:group-D0A16CCF95BD] INFO  ratis.ContainerStateMachine (ContainerStateMachine.java:takeSnapshot(295)) - group-D0A16CCF95BD: Finished taking a snapshot at:(t:1, i:2) file:/workdir/hadoop-ozone/integration-test/target/test-dir/MiniOzoneClusterImpl-62ef20f9-c776-4926-95e7-c8159edef3f9/datanode-4/data/ratis/7971e313-2233-4d51-94b0-d0a16ccf95bd/sm/snapshot.1_2 time:15
2019-08-30 23:43:43,890 [StateMachineUpdater:711d5759-b86c-4717-b949-6ebb41eeebe2:group-D0A16CCF95BD] INFO  impl.StateMachineUpdater (StateMachineUpdater.java:takeSnapshot(242)) - StateMachineUpdater:711d5759-b86c-4717-b949-6ebb41eeebe2:group-D0A16CCF95BD: Took a snapshot at index 2
2019-08-30 23:43:43,890 [StateMachineUpdater:711d5759-b86c-4717-b949-6ebb41eeebe2:group-D0A16CCF95BD] INFO  impl.StateMachineUpdater (StateMachineUpdater.java:lambda$new$0(80)) - StateMachineUpdater:711d5759-b86c-4717-b949-6ebb41eeebe2:group-D0A16CCF95BD: snapshotIndex: updateIncreasingly -1 -> 2
2019-08-30 23:43:43,890 [main] INFO  impl.RaftServerImpl (ServerState.java:close(394)) - 711d5759-b86c-4717-b949-6ebb41eeebe2:group-D0A16CCF95BD closes. The last applied log index is 2
2019-08-30 23:43:43,891 [711d5759-b86c-4717-b949-6ebb41eeebe2-SegmentedRaftLogWorker:Storage Directory /workdir/hadoop-ozone/integration-test/target/test-dir/MiniOzoneClusterImpl-62ef20f9-c776-4926-95e7-c8159edef3f9/datanode-4/data/ratis/7971e313-2233-4d51-94b0-d0a16ccf95bd] INFO  segmented.SegmentedRaftLogWorker (SegmentedRaftLogWorker.java:run(313)) - 711d5759-b86c-4717-b949-6ebb41eeebe2-SegmentedRaftLogWorker:Storage Directory /workdir/hadoop-ozone/integration-test/target/test-dir/MiniOzoneClusterImpl-62ef20f9-c776-4926-95e7-c8159edef3f9/datanode-4/data/ratis/7971e313-2233-4d51-94b0-d0a16ccf95bd was interrupted, exiting. There are 0 tasks remaining in the queue.
2019-08-30 23:43:43,893 [main] INFO  segmented.SegmentedRaftLogWorker (SegmentedRaftLogWorker.java:close(228)) - 711d5759-b86c-4717-b949-6ebb41eeebe2-SegmentedRaftLogWorker:Storage Directory /workdir/hadoop-ozone/integration-test/target/test-dir/MiniOzoneClusterImpl-62ef20f9-c776-4926-95e7-c8159edef3f9/datanode-4/data/ratis/7971e313-2233-4d51-94b0-d0a16ccf95bd close()
2019-08-30 23:43:43,898 [main] INFO  server.GrpcService (GrpcService.java:closeImpl(155)) - 711d5759-b86c-4717-b949-6ebb41eeebe2: shutdown server with port 45838 now
2019-08-30 23:43:43,899 [main] INFO  server.GrpcService (GrpcService.java:closeImpl(163)) - 711d5759-b86c-4717-b949-6ebb41eeebe2: shutdown server with port 45838 successfully
2019-08-30 23:43:43,900 [refreshUsed-/workdir/hadoop-ozone/integration-test/target/test-dir/MiniOzoneClusterImpl-62ef20f9-c776-4926-95e7-c8159edef3f9/datanode-4/data/containers] WARN  fs.CachingGetSpaceUsed (CachingGetSpaceUsed.java:run(183)) - Thread Interrupted waiting to refresh disk information: sleep interrupted
2019-08-30 23:43:43,916 [main] INFO  utils.BackgroundService (BackgroundService.java:shutdown(148)) - Shutting down service BlockDeletingService
2019-08-30 23:43:43,922 [main] INFO  statemachine.DatanodeStateMachine (DatanodeStateMachine.java:stopDaemon(395)) - Ozone container server stopped.
2019-08-30 23:43:43,923 [main] INFO  handler.ContextHandler (ContextHandler.java:doStop(910)) - Stopped o.e.j.w.WebAppContext@5a48da4f{/,null,UNAVAILABLE}{/hddsDatanode}
2019-08-30 23:43:43,924 [main] INFO  server.AbstractConnector (AbstractConnector.java:doStop(318)) - Stopped ServerConnector@a0c5be{HTTP/1.1,[http/1.1]}{0.0.0.0:0}
2019-08-30 23:43:43,924 [main] INFO  handler.ContextHandler (ContextHandler.java:doStop(910)) - Stopped o.e.j.s.ServletContextHandler@6e9a0bea{/static,jar:file:/home/user/.m2/repository/org/apache/hadoop/hadoop-hdds-container-service/0.5.0-SNAPSHOT/hadoop-hdds-container-service-0.5.0-SNAPSHOT.jar!/webapps/static,UNAVAILABLE}
2019-08-30 23:43:43,925 [main] INFO  handler.ContextHandler (ContextHandler.java:doStop(910)) - Stopped o.e.j.s.ServletContextHandler@26c77f54{/logs,file:///workdir/hadoop-ozone/integration-test/target/log,UNAVAILABLE}
2019-08-30 23:43:45,947 [grpc-default-executor-9] INFO  client.GrpcClientProtocolClient (GrpcClientProtocolClient.java:onNext(255)) - client-AFED27646755->e598a779-6268-498c-a148-03c0c7bf95a3: receive RaftClientReply:client-AFED27646755->e598a779-6268-498c-a148-03c0c7bf95a3@group-D0A16CCF95BD, cid=104, FAILED org.apache.ratis.protocol.NotLeaderException: Server e598a779-6268-498c-a148-03c0c7bf95a3 is not the leader (711d5759-b86c-4717-b949-6ebb41eeebe2:192.168.69.97:45838). Request must be sent to leader., logIndex=0, commits[e598a779-6268-498c-a148-03c0c7bf95a3:c2, 711d5759-b86c-4717-b949-6ebb41eeebe2:c2, 0c63e151-bdc2-459f-8160-ea1ede0a49fd:c2]
2019-08-30 23:43:46,983 [grpc-default-executor-2] INFO  client.GrpcClientProtocolClient (GrpcClientProtocolClient.java:onNext(255)) - client-AFED27646755->e598a779-6268-498c-a148-03c0c7bf95a3: receive RaftClientReply:client-AFED27646755->e598a779-6268-498c-a148-03c0c7bf95a3@group-D0A16CCF95BD, cid=104, FAILED org.apache.ratis.protocol.NotLeaderException: Server e598a779-6268-498c-a148-03c0c7bf95a3 is not the leader (711d5759-b86c-4717-b949-6ebb41eeebe2:192.168.69.97:45838). Request must be sent to leader., logIndex=0, commits[e598a779-6268-498c-a148-03c0c7bf95a3:c2, 711d5759-b86c-4717-b949-6ebb41eeebe2:c2, 0c63e151-bdc2-459f-8160-ea1ede0a49fd:c2]
2019-08-30 23:43:48,017 [grpc-default-executor-9] INFO  client.GrpcClientProtocolClient (GrpcClientProtocolClient.java:onNext(255)) - client-AFED27646755->e598a779-6268-498c-a148-03c0c7bf95a3: receive RaftClientReply:client-AFED27646755->e598a779-6268-498c-a148-03c0c7bf95a3@group-D0A16CCF95BD, cid=104, FAILED org.apache.ratis.protocol.NotLeaderException: Server e598a779-6268-498c-a148-03c0c7bf95a3 is not the leader (711d5759-b86c-4717-b949-6ebb41eeebe2:192.168.69.97:45838). Request must be sent to leader., logIndex=0, commits[e598a779-6268-498c-a148-03c0c7bf95a3:c2, 711d5759-b86c-4717-b949-6ebb41eeebe2:c2, 0c63e151-bdc2-459f-8160-ea1ede0a49fd:c2]
2019-08-30 23:43:49,052 [grpc-default-executor-2] INFO  client.GrpcClientProtocolClient (GrpcClientProtocolClient.java:onNext(255)) - client-AFED27646755->e598a779-6268-498c-a148-03c0c7bf95a3: receive RaftClientReply:client-AFED27646755->e598a779-6268-498c-a148-03c0c7bf95a3@group-D0A16CCF95BD, cid=104, FAILED org.apache.ratis.protocol.NotLeaderException: Server e598a779-6268-498c-a148-03c0c7bf95a3 is not the leader (711d5759-b86c-4717-b949-6ebb41eeebe2:192.168.69.97:45838). Request must be sent to leader., logIndex=0, commits[e598a779-6268-498c-a148-03c0c7bf95a3:c2, 711d5759-b86c-4717-b949-6ebb41eeebe2:c2, 0c63e151-bdc2-459f-8160-ea1ede0a49fd:c2]
2019-08-30 23:43:50,082 [grpc-default-executor-8] INFO  client.GrpcClientProtocolClient (GrpcClientProtocolClient.java:onNext(255)) - client-AFED27646755->e598a779-6268-498c-a148-03c0c7bf95a3: receive RaftClientReply:client-AFED27646755->e598a779-6268-498c-a148-03c0c7bf95a3@group-D0A16CCF95BD, cid=104, FAILED org.apache.ratis.protocol.NotLeaderException: Server e598a779-6268-498c-a148-03c0c7bf95a3 is not the leader (711d5759-b86c-4717-b949-6ebb41eeebe2:192.168.69.97:45838). Request must be sent to leader., logIndex=0, commits[e598a779-6268-498c-a148-03c0c7bf95a3:c2, 711d5759-b86c-4717-b949-6ebb41eeebe2:c2, 0c63e151-bdc2-459f-8160-ea1ede0a49fd:c2]
2019-08-30 23:43:51,108 [grpc-default-executor-2] INFO  client.GrpcClientProtocolClient (GrpcClientProtocolClient.java:onNext(255)) - client-AFED27646755->e598a779-6268-498c-a148-03c0c7bf95a3: receive RaftClientReply:client-AFED27646755->e598a779-6268-498c-a148-03c0c7bf95a3@group-D0A16CCF95BD, cid=104, FAILED org.apache.ratis.protocol.NotLeaderException: Server e598a779-6268-498c-a148-03c0c7bf95a3 is not the leader (711d5759-b86c-4717-b949-6ebb41eeebe2:192.168.69.97:45838). Request must be sent to leader., logIndex=0, commits[e598a779-6268-498c-a148-03c0c7bf95a3:c2, 711d5759-b86c-4717-b949-6ebb41eeebe2:c2, 0c63e151-bdc2-459f-8160-ea1ede0a49fd:c2]
2019-08-30 23:43:52,138 [grpc-default-executor-8] INFO  client.GrpcClientProtocolClient (GrpcClientProtocolClient.java:onNext(255)) - client-AFED27646755->0c63e151-bdc2-459f-8160-ea1ede0a49fd: receive RaftClientReply:client-AFED27646755->0c63e151-bdc2-459f-8160-ea1ede0a49fd@group-D0A16CCF95BD, cid=104, FAILED org.apache.ratis.protocol.NotLeaderException: Server 0c63e151-bdc2-459f-8160-ea1ede0a49fd is not the leader (711d5759-b86c-4717-b949-6ebb41eeebe2:192.168.69.97:45838). Request must be sent to leader., logIndex=0, commits[0c63e151-bdc2-459f-8160-ea1ede0a49fd:c2, 711d5759-b86c-4717-b949-6ebb41eeebe2:c2, e598a779-6268-498c-a148-03c0c7bf95a3:c2]
2019-08-30 23:43:53,122 [Thread-2521] INFO  impl.FollowerState (FollowerState.java:run(106)) - e598a779-6268-498c-a148-03c0c7bf95a3:group-D0A16CCF95BD changes to CANDIDATE, lastRpcTime:9433, electionTimeout:5139ms
2019-08-30 23:43:53,122 [Thread-2521] INFO  impl.RoleInfo (RoleInfo.java:shutdownFollowerState(121)) - e598a779-6268-498c-a148-03c0c7bf95a3: shutdown FollowerState
2019-08-30 23:43:53,122 [Thread-2521] INFO  impl.RaftServerImpl (RaftServerImpl.java:setRole(171)) - e598a779-6268-498c-a148-03c0c7bf95a3:group-D0A16CCF95BD changes role from FOLLOWER to CANDIDATE at term 1 for changeToCandidate
2019-08-30 23:43:53,122 [Thread-2521] INFO  impl.RoleInfo (RoleInfo.java:updateAndGet(143)) - e598a779-6268-498c-a148-03c0c7bf95a3: start LeaderElection
2019-08-30 23:43:53,123 [e598a779-6268-498c-a148-03c0c7bf95a3:group-D0A16CCF95BD:LeaderElection101] INFO  impl.RaftServerImpl (ServerState.java:setLeader(263)) - e598a779-6268-498c-a148-03c0c7bf95a3:group-D0A16CCF95BD change Leader from 711d5759-b86c-4717-b949-6ebb41eeebe2 to null at term 1 for initElection
2019-08-30 23:43:53,147 [e598a779-6268-498c-a148-03c0c7bf95a3:group-D0A16CCF95BD:LeaderElection101] INFO  impl.LeaderElection (LeaderElection.java:askForVotes(181)) - e598a779-6268-498c-a148-03c0c7bf95a3:group-D0A16CCF95BD:LeaderElection101: begin an election at term 2 for 0: [711d5759-b86c-4717-b949-6ebb41eeebe2:192.168.69.97:45838, e598a779-6268-498c-a148-03c0c7bf95a3:192.168.69.97:40426, 0c63e151-bdc2-459f-8160-ea1ede0a49fd:192.168.69.97:38219], old=null
2019-08-30 23:43:53,149 [Thread-2520] INFO  impl.FollowerState (FollowerState.java:run(106)) - 0c63e151-bdc2-459f-8160-ea1ede0a49fd:group-D0A16CCF95BD changes to CANDIDATE, lastRpcTime:9457, electionTimeout:5071ms
2019-08-30 23:43:53,149 [Thread-2520] INFO  impl.RoleInfo (RoleInfo.java:shutdownFollowerState(121)) - 0c63e151-bdc2-459f-8160-ea1ede0a49fd: shutdown FollowerState
2019-08-30 23:43:53,149 [Thread-2520] INFO  impl.RaftServerImpl (RaftServerImpl.java:setRole(171)) - 0c63e151-bdc2-459f-8160-ea1ede0a49fd:group-D0A16CCF95BD changes role from FOLLOWER to CANDIDATE at term 1 for changeToCandidate
2019-08-30 23:43:53,149 [Thread-2520] INFO  impl.RoleInfo (RoleInfo.java:updateAndGet(143)) - 0c63e151-bdc2-459f-8160-ea1ede0a49fd: start LeaderElection
2019-08-30 23:43:53,149 [e598a779-6268-498c-a148-03c0c7bf95a3:group-D0A16CCF95BD:LeaderElection101] INFO  impl.LeaderElection (LogUtils.java:infoOrTrace(149)) - e598a779-6268-498c-a148-03c0c7bf95a3:group-D0A16CCF95BD:LeaderElection101 got exception when requesting votes: {}
java.util.concurrent.ExecutionException: org.apache.ratis.thirdparty.io.grpc.StatusRuntimeException: UNAVAILABLE: io exception
	at java.util.concurrent.FutureTask.report(FutureTask.java:122)
	at java.util.concurrent.FutureTask.get(FutureTask.java:192)
	at org.apache.ratis.server.impl.LeaderElection.waitForResults(LeaderElection.java:262)
	at org.apache.ratis.server.impl.LeaderElection.askForVotes(LeaderElection.java:200)
	at org.apache.ratis.server.impl.LeaderElection.run(LeaderElection.java:130)
	at java.lang.Thread.run(Thread.java:748)
Caused by: org.apache.ratis.thirdparty.io.grpc.StatusRuntimeException: UNAVAILABLE: io exception
	at org.apache.ratis.thirdparty.io.grpc.stub.ClientCalls.toStatusRuntimeException(ClientCalls.java:233)
	at org.apache.ratis.thirdparty.io.grpc.stub.ClientCalls.getUnchecked(ClientCalls.java:214)
	at org.apache.ratis.thirdparty.io.grpc.stub.ClientCalls.blockingUnaryCall(ClientCalls.java:139)
	at org.apache.ratis.proto.grpc.RaftServerProtocolServiceGrpc$RaftServerProtocolServiceBlockingStub.requestVote(RaftServerProtocolServiceGrpc.java:265)
	at org.apache.ratis.grpc.server.GrpcServerProtocolClient.requestVote(GrpcServerProtocolClient.java:83)
	at org.apache.ratis.grpc.server.GrpcService.requestVote(GrpcService.java:195)
	at org.apache.ratis.server.impl.LeaderElection.lambda$submitRequests$1(LeaderElection.java:237)
	at java.util.concurrent.FutureTask.run(FutureTask.java:266)
	at java.util.concurrent.Executors$RunnableAdapter.call(Executors.java:511)
	at java.util.concurrent.FutureTask.run(FutureTask.java:266)
	at java.util.concurrent.ThreadPoolExecutor.runWorker(ThreadPoolExecutor.java:1149)
	at java.util.concurrent.ThreadPoolExecutor$Worker.run(ThreadPoolExecutor.java:624)
	... 1 more
Caused by: org.apache.ratis.thirdparty.io.netty.channel.AbstractChannel$AnnotatedConnectException: Connection refused: /192.168.69.97:45838
	at sun.nio.ch.SocketChannelImpl.checkConnect(Native Method)
	at sun.nio.ch.SocketChannelImpl.finishConnect(SocketChannelImpl.java:717)
	at org.apache.ratis.thirdparty.io.netty.channel.socket.nio.NioSocketChannel.doFinishConnect(NioSocketChannel.java:327)
	at org.apache.ratis.thirdparty.io.netty.channel.nio.AbstractNioChannel$AbstractNioUnsafe.finishConnect(AbstractNioChannel.java:340)
	at org.apache.ratis.thirdparty.io.netty.channel.nio.NioEventLoop.processSelectedKey(NioEventLoop.java:632)
	at org.apache.ratis.thirdparty.io.netty.channel.nio.NioEventLoop.processSelectedKeysOptimized(NioEventLoop.java:579)
	at org.apache.ratis.thirdparty.io.netty.channel.nio.NioEventLoop.processSelectedKeys(NioEventLoop.java:496)
	at org.apache.ratis.thirdparty.io.netty.channel.nio.NioEventLoop.run(NioEventLoop.java:458)
	at org.apache.ratis.thirdparty.io.netty.util.concurrent.SingleThreadEventExecutor$5.run(SingleThreadEventExecutor.java:897)
	at org.apache.ratis.thirdparty.io.netty.util.concurrent.FastThreadLocalRunnable.run(FastThreadLocalRunnable.java:30)
	... 1 more
Caused by: java.net.ConnectException: Connection refused
	... 11 more
2019-08-30 23:43:53,150 [0c63e151-bdc2-459f-8160-ea1ede0a49fd:group-D0A16CCF95BD:LeaderElection102] INFO  impl.RaftServerImpl (ServerState.java:setLeader(263)) - 0c63e151-bdc2-459f-8160-ea1ede0a49fd:group-D0A16CCF95BD change Leader from 711d5759-b86c-4717-b949-6ebb41eeebe2 to null at term 1 for initElection
2019-08-30 23:43:53,169 [grpc-default-executor-10] INFO  client.GrpcClientProtocolClient (GrpcClientProtocolClient.java:onNext(255)) - client-AFED27646755->0c63e151-bdc2-459f-8160-ea1ede0a49fd: receive RaftClientReply:client-AFED27646755->0c63e151-bdc2-459f-8160-ea1ede0a49fd@group-D0A16CCF95BD, cid=104, FAILED org.apache.ratis.protocol.NotLeaderException: Server 0c63e151-bdc2-459f-8160-ea1ede0a49fd is not the leader (null). Request must be sent to leader., logIndex=0, commits[0c63e151-bdc2-459f-8160-ea1ede0a49fd:c2, 711d5759-b86c-4717-b949-6ebb41eeebe2:c2, e598a779-6268-498c-a148-03c0c7bf95a3:c2]
2019-08-30 23:43:53,176 [0c63e151-bdc2-459f-8160-ea1ede0a49fd:group-D0A16CCF95BD:LeaderElection102] INFO  impl.LeaderElection (LeaderElection.java:askForVotes(181)) - 0c63e151-bdc2-459f-8160-ea1ede0a49fd:group-D0A16CCF95BD:LeaderElection102: begin an election at term 2 for 0: [711d5759-b86c-4717-b949-6ebb41eeebe2:192.168.69.97:45838, e598a779-6268-498c-a148-03c0c7bf95a3:192.168.69.97:40426, 0c63e151-bdc2-459f-8160-ea1ede0a49fd:192.168.69.97:38219], old=null
2019-08-30 23:43:53,177 [e598a779-6268-498c-a148-03c0c7bf95a3:group-D0A16CCF95BD:LeaderElection101] INFO  impl.LeaderElection (LeaderElection.java:logAndReturn(56)) - e598a779-6268-498c-a148-03c0c7bf95a3:group-D0A16CCF95BD:LeaderElection101: Election REJECTED; received 1 response(s) [e598a779-6268-498c-a148-03c0c7bf95a3<-0c63e151-bdc2-459f-8160-ea1ede0a49fd#0:FAIL-t2] and 1 exception(s); e598a779-6268-498c-a148-03c0c7bf95a3:t2, leader=null, voted=e598a779-6268-498c-a148-03c0c7bf95a3, raftlog=e598a779-6268-498c-a148-03c0c7bf95a3-SegmentedRaftLog:OPENED:c2,f2,i2, conf=0: [711d5759-b86c-4717-b949-6ebb41eeebe2:192.168.69.97:45838, e598a779-6268-498c-a148-03c0c7bf95a3:192.168.69.97:40426, 0c63e151-bdc2-459f-8160-ea1ede0a49fd:192.168.69.97:38219], old=null
2019-08-30 23:43:53,177 [e598a779-6268-498c-a148-03c0c7bf95a3:group-D0A16CCF95BD:LeaderElection101] INFO  impl.LeaderElection (LogUtils.java:infoOrTrace(149)) -   Exception 0: {}
java.util.concurrent.ExecutionException: org.apache.ratis.thirdparty.io.grpc.StatusRuntimeException: UNAVAILABLE: io exception
	at java.util.concurrent.FutureTask.report(FutureTask.java:122)
	at java.util.concurrent.FutureTask.get(FutureTask.java:192)
	at org.apache.ratis.server.impl.LeaderElection.waitForResults(LeaderElection.java:262)
	at org.apache.ratis.server.impl.LeaderElection.askForVotes(LeaderElection.java:200)
	at org.apache.ratis.server.impl.LeaderElection.run(LeaderElection.java:130)
	at java.lang.Thread.run(Thread.java:748)
Caused by: org.apache.ratis.thirdparty.io.grpc.StatusRuntimeException: UNAVAILABLE: io exception
	at org.apache.ratis.thirdparty.io.grpc.stub.ClientCalls.toStatusRuntimeException(ClientCalls.java:233)
	at org.apache.ratis.thirdparty.io.grpc.stub.ClientCalls.getUnchecked(ClientCalls.java:214)
	at org.apache.ratis.thirdparty.io.grpc.stub.ClientCalls.blockingUnaryCall(ClientCalls.java:139)
	at org.apache.ratis.proto.grpc.RaftServerProtocolServiceGrpc$RaftServerProtocolServiceBlockingStub.requestVote(RaftServerProtocolServiceGrpc.java:265)
	at org.apache.ratis.grpc.server.GrpcServerProtocolClient.requestVote(GrpcServerProtocolClient.java:83)
	at org.apache.ratis.grpc.server.GrpcService.requestVote(GrpcService.java:195)
	at org.apache.ratis.server.impl.LeaderElection.lambda$submitRequests$1(LeaderElection.java:237)
	at java.util.concurrent.FutureTask.run(FutureTask.java:266)
	at java.util.concurrent.Executors$RunnableAdapter.call(Executors.java:511)
	at java.util.concurrent.FutureTask.run(FutureTask.java:266)
	at java.util.concurrent.ThreadPoolExecutor.runWorker(ThreadPoolExecutor.java:1149)
	at java.util.concurrent.ThreadPoolExecutor$Worker.run(ThreadPoolExecutor.java:624)
	... 1 more
Caused by: org.apache.ratis.thirdparty.io.netty.channel.AbstractChannel$AnnotatedConnectException: Connection refused: /192.168.69.97:45838
	at sun.nio.ch.SocketChannelImpl.checkConnect(Native Method)
	at sun.nio.ch.SocketChannelImpl.finishConnect(SocketChannelImpl.java:717)
	at org.apache.ratis.thirdparty.io.netty.channel.socket.nio.NioSocketChannel.doFinishConnect(NioSocketChannel.java:327)
	at org.apache.ratis.thirdparty.io.netty.channel.nio.AbstractNioChannel$AbstractNioUnsafe.finishConnect(AbstractNioChannel.java:340)
	at org.apache.ratis.thirdparty.io.netty.channel.nio.NioEventLoop.processSelectedKey(NioEventLoop.java:632)
	at org.apache.ratis.thirdparty.io.netty.channel.nio.NioEventLoop.processSelectedKeysOptimized(NioEventLoop.java:579)
	at org.apache.ratis.thirdparty.io.netty.channel.nio.NioEventLoop.processSelectedKeys(NioEventLoop.java:496)
	at org.apache.ratis.thirdparty.io.netty.channel.nio.NioEventLoop.run(NioEventLoop.java:458)
	at org.apache.ratis.thirdparty.io.netty.util.concurrent.SingleThreadEventExecutor$5.run(SingleThreadEventExecutor.java:897)
	at org.apache.ratis.thirdparty.io.netty.util.concurrent.FastThreadLocalRunnable.run(FastThreadLocalRunnable.java:30)
	... 1 more
Caused by: java.net.ConnectException: Connection refused
	... 11 more
2019-08-30 23:43:53,178 [e598a779-6268-498c-a148-03c0c7bf95a3:group-D0A16CCF95BD:LeaderElection101] INFO  impl.RaftServerImpl (RaftServerImpl.java:setRole(171)) - e598a779-6268-498c-a148-03c0c7bf95a3:group-D0A16CCF95BD changes role from CANDIDATE to FOLLOWER at term 2 for DISCOVERED_A_NEW_TERM
2019-08-30 23:43:53,178 [e598a779-6268-498c-a148-03c0c7bf95a3:group-D0A16CCF95BD:LeaderElection101] INFO  impl.RoleInfo (RoleInfo.java:shutdownLeaderElection(134)) - e598a779-6268-498c-a148-03c0c7bf95a3: shutdown LeaderElection
2019-08-30 23:43:53,179 [e598a779-6268-498c-a148-03c0c7bf95a3:group-D0A16CCF95BD:LeaderElection101] INFO  impl.RoleInfo (RoleInfo.java:updateAndGet(143)) - e598a779-6268-498c-a148-03c0c7bf95a3: start FollowerState
2019-08-30 23:43:53,179 [0c63e151-bdc2-459f-8160-ea1ede0a49fd:group-D0A16CCF95BD:LeaderElection102] INFO  impl.LeaderElection (LogUtils.java:infoOrTrace(149)) - 0c63e151-bdc2-459f-8160-ea1ede0a49fd:group-D0A16CCF95BD:LeaderElection102 got exception when requesting votes: {}
java.util.concurrent.ExecutionException: org.apache.ratis.thirdparty.io.grpc.StatusRuntimeException: UNAVAILABLE: io exception
	at java.util.concurrent.FutureTask.report(FutureTask.java:122)
	at java.util.concurrent.FutureTask.get(FutureTask.java:192)
	at org.apache.ratis.server.impl.LeaderElection.waitForResults(LeaderElection.java:262)
	at org.apache.ratis.server.impl.LeaderElection.askForVotes(LeaderElection.java:200)
	at org.apache.ratis.server.impl.LeaderElection.run(LeaderElection.java:130)
	at java.lang.Thread.run(Thread.java:748)
Caused by: org.apache.ratis.thirdparty.io.grpc.StatusRuntimeException: UNAVAILABLE: io exception
	at org.apache.ratis.thirdparty.io.grpc.stub.ClientCalls.toStatusRuntimeException(ClientCalls.java:233)
	at org.apache.ratis.thirdparty.io.grpc.stub.ClientCalls.getUnchecked(ClientCalls.java:214)
	at org.apache.ratis.thirdparty.io.grpc.stub.ClientCalls.blockingUnaryCall(ClientCalls.java:139)
	at org.apache.ratis.proto.grpc.RaftServerProtocolServiceGrpc$RaftServerProtocolServiceBlockingStub.requestVote(RaftServerProtocolServiceGrpc.java:265)
	at org.apache.ratis.grpc.server.GrpcServerProtocolClient.requestVote(GrpcServerProtocolClient.java:83)
	at org.apache.ratis.grpc.server.GrpcService.requestVote(GrpcService.java:195)
	at org.apache.ratis.server.impl.LeaderElection.lambda$submitRequests$1(LeaderElection.java:237)
	at java.util.concurrent.FutureTask.run(FutureTask.java:266)
	at java.util.concurrent.Executors$RunnableAdapter.call(Executors.java:511)
	at java.util.concurrent.FutureTask.run(FutureTask.java:266)
	at java.util.concurrent.ThreadPoolExecutor.runWorker(ThreadPoolExecutor.java:1149)
	at java.util.concurrent.ThreadPoolExecutor$Worker.run(ThreadPoolExecutor.java:624)
	... 1 more
Caused by: org.apache.ratis.thirdparty.io.netty.channel.AbstractChannel$AnnotatedConnectException: Connection refused: /192.168.69.97:45838
	at sun.nio.ch.SocketChannelImpl.checkConnect(Native Method)
	at sun.nio.ch.SocketChannelImpl.finishConnect(SocketChannelImpl.java:717)
	at org.apache.ratis.thirdparty.io.netty.channel.socket.nio.NioSocketChannel.doFinishConnect(NioSocketChannel.java:327)
	at org.apache.ratis.thirdparty.io.netty.channel.nio.AbstractNioChannel$AbstractNioUnsafe.finishConnect(AbstractNioChannel.java:340)
	at org.apache.ratis.thirdparty.io.netty.channel.nio.NioEventLoop.processSelectedKey(NioEventLoop.java:632)
	at org.apache.ratis.thirdparty.io.netty.channel.nio.NioEventLoop.processSelectedKeysOptimized(NioEventLoop.java:579)
	at org.apache.ratis.thirdparty.io.netty.channel.nio.NioEventLoop.processSelectedKeys(NioEventLoop.java:496)
	at org.apache.ratis.thirdparty.io.netty.channel.nio.NioEventLoop.run(NioEventLoop.java:458)
	at org.apache.ratis.thirdparty.io.netty.util.concurrent.SingleThreadEventExecutor$5.run(SingleThreadEventExecutor.java:897)
	at org.apache.ratis.thirdparty.io.netty.util.concurrent.FastThreadLocalRunnable.run(FastThreadLocalRunnable.java:30)
	... 1 more
Caused by: java.net.ConnectException: Connection refused
	... 11 more
2019-08-30 23:43:53,181 [0c63e151-bdc2-459f-8160-ea1ede0a49fd:group-D0A16CCF95BD:LeaderElection102] INFO  impl.LeaderElection (LeaderElection.java:logAndReturn(56)) - 0c63e151-bdc2-459f-8160-ea1ede0a49fd:group-D0A16CCF95BD:LeaderElection102: Election REJECTED; received 1 response(s) [0c63e151-bdc2-459f-8160-ea1ede0a49fd<-e598a779-6268-498c-a148-03c0c7bf95a3#0:FAIL-t2] and 1 exception(s); 0c63e151-bdc2-459f-8160-ea1ede0a49fd:t2, leader=null, voted=0c63e151-bdc2-459f-8160-ea1ede0a49fd, raftlog=0c63e151-bdc2-459f-8160-ea1ede0a49fd-SegmentedRaftLog:OPENED:c2,f2,i2, conf=0: [711d5759-b86c-4717-b949-6ebb41eeebe2:192.168.69.97:45838, e598a779-6268-498c-a148-03c0c7bf95a3:192.168.69.97:40426, 0c63e151-bdc2-459f-8160-ea1ede0a49fd:192.168.69.97:38219], old=null
2019-08-30 23:43:53,181 [0c63e151-bdc2-459f-8160-ea1ede0a49fd:group-D0A16CCF95BD:LeaderElection102] INFO  impl.LeaderElection (LogUtils.java:infoOrTrace(149)) -   Exception 0: {}
java.util.concurrent.ExecutionException: org.apache.ratis.thirdparty.io.grpc.StatusRuntimeException: UNAVAILABLE: io exception
	at java.util.concurrent.FutureTask.report(FutureTask.java:122)
	at java.util.concurrent.FutureTask.get(FutureTask.java:192)
	at org.apache.ratis.server.impl.LeaderElection.waitForResults(LeaderElection.java:262)
	at org.apache.ratis.server.impl.LeaderElection.askForVotes(LeaderElection.java:200)
	at org.apache.ratis.server.impl.LeaderElection.run(LeaderElection.java:130)
	at java.lang.Thread.run(Thread.java:748)
Caused by: org.apache.ratis.thirdparty.io.grpc.StatusRuntimeException: UNAVAILABLE: io exception
	at org.apache.ratis.thirdparty.io.grpc.stub.ClientCalls.toStatusRuntimeException(ClientCalls.java:233)
	at org.apache.ratis.thirdparty.io.grpc.stub.ClientCalls.getUnchecked(ClientCalls.java:214)
	at org.apache.ratis.thirdparty.io.grpc.stub.ClientCalls.blockingUnaryCall(ClientCalls.java:139)
	at org.apache.ratis.proto.grpc.RaftServerProtocolServiceGrpc$RaftServerProtocolServiceBlockingStub.requestVote(RaftServerProtocolServiceGrpc.java:265)
	at org.apache.ratis.grpc.server.GrpcServerProtocolClient.requestVote(GrpcServerProtocolClient.java:83)
	at org.apache.ratis.grpc.server.GrpcService.requestVote(GrpcService.java:195)
	at org.apache.ratis.server.impl.LeaderElection.lambda$submitRequests$1(LeaderElection.java:237)
	at java.util.concurrent.FutureTask.run(FutureTask.java:266)
	at java.util.concurrent.Executors$RunnableAdapter.call(Executors.java:511)
	at java.util.concurrent.FutureTask.run(FutureTask.java:266)
	at java.util.concurrent.ThreadPoolExecutor.runWorker(ThreadPoolExecutor.java:1149)
	at java.util.concurrent.ThreadPoolExecutor$Worker.run(ThreadPoolExecutor.java:624)
	... 1 more
Caused by: org.apache.ratis.thirdparty.io.netty.channel.AbstractChannel$AnnotatedConnectException: Connection refused: /192.168.69.97:45838
	at sun.nio.ch.SocketChannelImpl.checkConnect(Native Method)
	at sun.nio.ch.SocketChannelImpl.finishConnect(SocketChannelImpl.java:717)
	at org.apache.ratis.thirdparty.io.netty.channel.socket.nio.NioSocketChannel.doFinishConnect(NioSocketChannel.java:327)
	at org.apache.ratis.thirdparty.io.netty.channel.nio.AbstractNioChannel$AbstractNioUnsafe.finishConnect(AbstractNioChannel.java:340)
	at org.apache.ratis.thirdparty.io.netty.channel.nio.NioEventLoop.processSelectedKey(NioEventLoop.java:632)
	at org.apache.ratis.thirdparty.io.netty.channel.nio.NioEventLoop.processSelectedKeysOptimized(NioEventLoop.java:579)
	at org.apache.ratis.thirdparty.io.netty.channel.nio.NioEventLoop.processSelectedKeys(NioEventLoop.java:496)
	at org.apache.ratis.thirdparty.io.netty.channel.nio.NioEventLoop.run(NioEventLoop.java:458)
	at org.apache.ratis.thirdparty.io.netty.util.concurrent.SingleThreadEventExecutor$5.run(SingleThreadEventExecutor.java:897)
	at org.apache.ratis.thirdparty.io.netty.util.concurrent.FastThreadLocalRunnable.run(FastThreadLocalRunnable.java:30)
	... 1 more
Caused by: java.net.ConnectException: Connection refused
	... 11 more
2019-08-30 23:43:53,181 [0c63e151-bdc2-459f-8160-ea1ede0a49fd:group-D0A16CCF95BD:LeaderElection102] INFO  impl.RaftServerImpl (RaftServerImpl.java:setRole(171)) - 0c63e151-bdc2-459f-8160-ea1ede0a49fd:group-D0A16CCF95BD changes role from CANDIDATE to FOLLOWER at term 2 for DISCOVERED_A_NEW_TERM
2019-08-30 23:43:53,181 [0c63e151-bdc2-459f-8160-ea1ede0a49fd:group-D0A16CCF95BD:LeaderElection102] INFO  impl.RoleInfo (RoleInfo.java:shutdownLeaderElection(134)) - 0c63e151-bdc2-459f-8160-ea1ede0a49fd: shutdown LeaderElection
2019-08-30 23:43:53,182 [0c63e151-bdc2-459f-8160-ea1ede0a49fd:group-D0A16CCF95BD:LeaderElection102] INFO  impl.RoleInfo (RoleInfo.java:updateAndGet(143)) - 0c63e151-bdc2-459f-8160-ea1ede0a49fd: start FollowerState
2019-08-30 23:43:54,187 [grpc-default-executor-8] INFO  client.GrpcClientProtocolClient (GrpcClientProtocolClient.java:onNext(255)) - client-AFED27646755->e598a779-6268-498c-a148-03c0c7bf95a3: receive RaftClientReply:client-AFED27646755->e598a779-6268-498c-a148-03c0c7bf95a3@group-D0A16CCF95BD, cid=104, FAILED org.apache.ratis.protocol.NotLeaderException: Server e598a779-6268-498c-a148-03c0c7bf95a3 is not the leader (null). Request must be sent to leader., logIndex=0, commits[e598a779-6268-498c-a148-03c0c7bf95a3:c2, 711d5759-b86c-4717-b949-6ebb41eeebe2:c2, 0c63e151-bdc2-459f-8160-ea1ede0a49fd:c2]
2019-08-30 23:43:55,200 [grpc-default-executor-8] INFO  client.GrpcClientProtocolClient (GrpcClientProtocolClient.java:onNext(255)) - client-AFED27646755->0c63e151-bdc2-459f-8160-ea1ede0a49fd: receive RaftClientReply:client-AFED27646755->0c63e151-bdc2-459f-8160-ea1ede0a49fd@group-D0A16CCF95BD, cid=104, FAILED org.apache.ratis.protocol.NotLeaderException: Server 0c63e151-bdc2-459f-8160-ea1ede0a49fd is not the leader (null). Request must be sent to leader., logIndex=0, commits[0c63e151-bdc2-459f-8160-ea1ede0a49fd:c2, 711d5759-b86c-4717-b949-6ebb41eeebe2:c2, e598a779-6268-498c-a148-03c0c7bf95a3:c2]
2019-08-30 23:43:56,215 [grpc-default-executor-9] INFO  client.GrpcClientProtocolClient (GrpcClientProtocolClient.java:onNext(255)) - client-AFED27646755->e598a779-6268-498c-a148-03c0c7bf95a3: receive RaftClientReply:client-AFED27646755->e598a779-6268-498c-a148-03c0c7bf95a3@group-D0A16CCF95BD, cid=104, FAILED org.apache.ratis.protocol.NotLeaderException: Server e598a779-6268-498c-a148-03c0c7bf95a3 is not the leader (null). Request must be sent to leader., logIndex=0, commits[e598a779-6268-498c-a148-03c0c7bf95a3:c2, 711d5759-b86c-4717-b949-6ebb41eeebe2:c2, 0c63e151-bdc2-459f-8160-ea1ede0a49fd:c2]
]]></system-out>
  </testcase>
</testsuite>