<?xml version="1.0" encoding="UTF-8"?>
<testsuite xmlns:xsi="http://www.w3.org/2001/XMLSchema-instance" xsi:noNamespaceSchemaLocation="https://maven.apache.org/surefire/maven-surefire-plugin/xsd/surefire-test-report.xsd" name="org.apache.hadoop.ozone.client.rpc.TestBlockOutputStreamWithFailures" time="754.263" tests="8" errors="0" skipped="0" failures="1">
  <properties>
    <property name="awt.toolkit" value="sun.awt.X11.XToolkit"/>
    <property name="file.encoding.pkg" value="sun.io"/>
    <property name="java.specification.version" value="1.8"/>
    <property name="sun.cpu.isalist" value=""/>
    <property name="sun.jnu.encoding" value="UTF-8"/>
    <property name="java.class.path" value="/workdir/hadoop-ozone/integration-test/target/test-classes:/workdir/hadoop-ozone/integration-test/target/classes:/home/user/.m2/repository/org/apache/hadoop/hadoop-ozone-common/0.5.0-SNAPSHOT/hadoop-ozone-common-0.5.0-SNAPSHOT.jar:/home/user/.m2/repository/org/apache/commons/commons-compress/1.4.1/commons-compress-1.4.1.jar:/home/user/.m2/repository/org/tukaani/xz/1.0/xz-1.0.jar:/home/user/.m2/repository/org/apache/hadoop/hadoop-common/3.2.0/hadoop-common-3.2.0.jar:/home/user/.m2/repository/org/apache/hadoop/hadoop-hdfs/3.2.0/hadoop-hdfs-3.2.0.jar:/home/user/.m2/repository/org/apache/hadoop/hadoop-hdfs-client/3.2.0/hadoop-hdfs-client-3.2.0.jar:/home/user/.m2/repository/com/fasterxml/jackson/core/jackson-annotations/2.9.5/jackson-annotations-2.9.5.jar:/home/user/.m2/repository/org/apache/hadoop/hadoop-hdds-common/0.5.0-SNAPSHOT/hadoop-hdds-common-0.5.0-SNAPSHOT.jar:/home/user/.m2/repository/javax/annotation/javax.annotation-api/1.2/javax.annotation-api-1.2.jar:/home/user/.m2/repository/org/apache/ratis/ratis-server/0.4.0-2337318-SNAPSHOT/ratis-server-0.4.0-2337318-SNAPSHOT.jar:/home/user/.m2/repository/org/apache/ratis/ratis-thirdparty-misc/0.2.0/ratis-thirdparty-misc-0.2.0.jar:/home/user/.m2/repository/org/apache/ratis/ratis-proto/0.4.0-2337318-SNAPSHOT/ratis-proto-0.4.0-2337318-SNAPSHOT.jar:/home/user/.m2/repository/org/apache/ratis/ratis-common/0.4.0-2337318-SNAPSHOT/ratis-common-0.4.0-2337318-SNAPSHOT.jar:/home/user/.m2/repository/org/apache/ratis/ratis-client/0.4.0-2337318-SNAPSHOT/ratis-client-0.4.0-2337318-SNAPSHOT.jar:/home/user/.m2/repository/org/apache/ratis/ratis-metrics/0.4.0-2337318-SNAPSHOT/ratis-metrics-0.4.0-2337318-SNAPSHOT.jar:/home/user/.m2/repository/org/apache/ratis/ratis-netty/0.4.0-2337318-SNAPSHOT/ratis-netty-0.4.0-2337318-SNAPSHOT.jar:/home/user/.m2/repository/org/apache/ratis/ratis-grpc/0.4.0-2337318-SNAPSHOT/ratis-grpc-0.4.0-2337318-SNAPSHOT.jar:/home/user/.m2/repository/org/rocksdb/rocksdbjni/6.0.1/rocksdbjni-6.0.1.jar:/home/user/.m2/repository/org/apache/logging/log4j/log4j-api/2.11.0/log4j-api-2.11.0.jar:/home/user/.m2/repository/org/apache/logging/log4j/log4j-core/2.11.0/log4j-core-2.11.0.jar:/home/user/.m2/repository/com/lmax/disruptor/3.4.2/disruptor-3.4.2.jar:/home/user/.m2/repository/org/apache/commons/commons-pool2/2.6.0/commons-pool2-2.6.0.jar:/home/user/.m2/repository/org/bouncycastle/bcpkix-jdk15on/1.60/bcpkix-jdk15on-1.60.jar:/home/user/.m2/repository/commons-validator/commons-validator/1.6/commons-validator-1.6.jar:/home/user/.m2/repository/commons-digester/commons-digester/1.8.1/commons-digester-1.8.1.jar:/home/user/.m2/repository/io/jaegertracing/jaeger-client/0.33.1/jaeger-client-0.33.1.jar:/home/user/.m2/repository/io/jaegertracing/jaeger-thrift/0.33.1/jaeger-thrift-0.33.1.jar:/home/user/.m2/repository/org/apache/thrift/libthrift/0.11.0/libthrift-0.11.0.jar:/home/user/.m2/repository/com/squareup/okhttp3/okhttp/3.9.0/okhttp-3.9.0.jar:/home/user/.m2/repository/com/squareup/okio/okio/1.13.0/okio-1.13.0.jar:/home/user/.m2/repository/io/jaegertracing/jaeger-core/0.33.1/jaeger-core-0.33.1.jar:/home/user/.m2/repository/io/jaegertracing/jaeger-tracerresolver/0.33.1/jaeger-tracerresolver-0.33.1.jar:/home/user/.m2/repository/io/opentracing/contrib/opentracing-tracerresolver/0.1.5/opentracing-tracerresolver-0.1.5.jar:/home/user/.m2/repository/io/opentracing/opentracing-util/0.31.0/opentracing-util-0.31.0.jar:/home/user/.m2/repository/io/opentracing/opentracing-api/0.31.0/opentracing-api-0.31.0.jar:/home/user/.m2/repository/io/opentracing/opentracing-noop/0.31.0/opentracing-noop-0.31.0.jar:/home/user/.m2/repository/org/apache/hadoop/hadoop-hdds-server-framework/0.5.0-SNAPSHOT/hadoop-hdds-server-framework-0.5.0-SNAPSHOT.jar:/home/user/.m2/repository/org/apache/hadoop/hadoop-hdds-container-service/0.5.0-SNAPSHOT/hadoop-hdds-container-service-0.5.0-SNAPSHOT.jar:/home/user/.m2/repository/org/apache/hadoop/hadoop-hdds-client/0.5.0-SNAPSHOT/hadoop-hdds-client-0.5.0-SNAPSHOT.jar:/home/user/.m2/repository/org/apache/hadoop/hadoop-hdds-tools/0.5.0-SNAPSHOT/hadoop-hdds-tools-0.5.0-SNAPSHOT.jar:/home/user/.m2/repository/org/apache/hadoop/hadoop-hdds-server-scm/0.5.0-SNAPSHOT/hadoop-hdds-server-scm-0.5.0-SNAPSHOT.jar:/home/user/.m2/repository/org/apache/hadoop/hadoop-hdds-docs/0.5.0-SNAPSHOT/hadoop-hdds-docs-0.5.0-SNAPSHOT.jar:/home/user/.m2/repository/io/dropwizard/metrics/metrics-core/3.2.4/metrics-core-3.2.4.jar:/home/user/.m2/repository/org/hamcrest/hamcrest-all/1.3/hamcrest-all-1.3.jar:/home/user/.m2/repository/org/bouncycastle/bcprov-jdk15on/1.60/bcprov-jdk15on-1.60.jar:/home/user/.m2/repository/info/picocli/picocli/3.9.6/picocli-3.9.6.jar:/home/user/.m2/repository/com/google/protobuf/protobuf-java/2.5.0/protobuf-java-2.5.0.jar:/home/user/.m2/repository/com/google/guava/guava/11.0.2/guava-11.0.2.jar:/home/user/.m2/repository/org/apache/hadoop/hadoop-ozone-ozone-manager/0.5.0-SNAPSHOT/hadoop-ozone-ozone-manager-0.5.0-SNAPSHOT.jar:/home/user/.m2/repository/org/apache/hadoop/hadoop-minikdc/3.2.0/hadoop-minikdc-3.2.0.jar:/home/user/.m2/repository/commons-io/commons-io/2.5/commons-io-2.5.jar:/home/user/.m2/repository/org/apache/kerby/kerb-simplekdc/1.0.1/kerb-simplekdc-1.0.1.jar:/home/user/.m2/repository/org/apache/kerby/kerb-client/1.0.1/kerb-client-1.0.1.jar:/home/user/.m2/repository/org/apache/kerby/kerby-config/1.0.1/kerby-config-1.0.1.jar:/home/user/.m2/repository/org/apache/kerby/kerb-core/1.0.1/kerb-core-1.0.1.jar:/home/user/.m2/repository/org/apache/kerby/kerby-pkix/1.0.1/kerby-pkix-1.0.1.jar:/home/user/.m2/repository/org/apache/kerby/kerby-asn1/1.0.1/kerby-asn1-1.0.1.jar:/home/user/.m2/repository/org/apache/kerby/kerby-util/1.0.1/kerby-util-1.0.1.jar:/home/user/.m2/repository/org/apache/kerby/kerb-common/1.0.1/kerb-common-1.0.1.jar:/home/user/.m2/repository/org/apache/kerby/kerb-crypto/1.0.1/kerb-crypto-1.0.1.jar:/home/user/.m2/repository/org/apache/kerby/kerb-util/1.0.1/kerb-util-1.0.1.jar:/home/user/.m2/repository/org/apache/kerby/token-provider/1.0.1/token-provider-1.0.1.jar:/home/user/.m2/repository/org/apache/kerby/kerb-admin/1.0.1/kerb-admin-1.0.1.jar:/home/user/.m2/repository/org/apache/kerby/kerb-server/1.0.1/kerb-server-1.0.1.jar:/home/user/.m2/repository/org/apache/kerby/kerb-identity/1.0.1/kerb-identity-1.0.1.jar:/home/user/.m2/repository/org/apache/kerby/kerby-xdr/1.0.1/kerby-xdr-1.0.1.jar:/home/user/.m2/repository/org/slf4j/slf4j-log4j12/1.7.25/slf4j-log4j12-1.7.25.jar:/home/user/.m2/repository/org/apache/hadoop/hadoop-ozone-s3gateway/0.5.0-SNAPSHOT/hadoop-ozone-s3gateway-0.5.0-SNAPSHOT.jar:/home/user/.m2/repository/org/jboss/weld/servlet/weld-servlet/2.4.7.Final/weld-servlet-2.4.7.Final.jar:/home/user/.m2/repository/org/glassfish/jersey/containers/jersey-container-servlet-core/2.27/jersey-container-servlet-core-2.27.jar:/home/user/.m2/repository/org/glassfish/hk2/external/javax.inject/2.5.0-b42/javax.inject-2.5.0-b42.jar:/home/user/.m2/repository/org/glassfish/jersey/core/jersey-common/2.27/jersey-common-2.27.jar:/home/user/.m2/repository/org/glassfish/hk2/osgi-resource-locator/1.0.1/osgi-resource-locator-1.0.1.jar:/home/user/.m2/repository/javax/ws/rs/javax.ws.rs-api/2.1/javax.ws.rs-api-2.1.jar:/home/user/.m2/repository/org/glassfish/jersey/ext/cdi/jersey-cdi1x/2.27/jersey-cdi1x-2.27.jar:/home/user/.m2/repository/org/glassfish/jersey/inject/jersey-hk2/2.27/jersey-hk2-2.27.jar:/home/user/.m2/repository/org/glassfish/hk2/hk2-locator/2.5.0-b42/hk2-locator-2.5.0-b42.jar:/home/user/.m2/repository/org/javassist/javassist/3.22.0-CR2/javassist-3.22.0-CR2.jar:/home/user/.m2/repository/org/glassfish/hk2/hk2-api/2.5.0/hk2-api-2.5.0.jar:/home/user/.m2/repository/org/glassfish/hk2/external/jakarta.inject/2.5.0/jakarta.inject-2.5.0.jar:/home/user/.m2/repository/org/glassfish/hk2/hk2-utils/2.5.0/hk2-utils-2.5.0.jar:/home/user/.m2/repository/jakarta/annotation/jakarta.annotation-api/1.3.4/jakarta.annotation-api-1.3.4.jar:/home/user/.m2/repository/org/glassfish/hk2/external/aopalliance-repackaged/2.5.0/aopalliance-repackaged-2.5.0.jar:/home/user/.m2/repository/com/fasterxml/jackson/dataformat/jackson-dataformat-xml/2.9.0/jackson-dataformat-xml-2.9.0.jar:/home/user/.m2/repository/com/fasterxml/jackson/core/jackson-core/2.9.5/jackson-core-2.9.5.jar:/home/user/.m2/repository/com/fasterxml/jackson/module/jackson-module-jaxb-annotations/2.9.5/jackson-module-jaxb-annotations-2.9.5.jar:/home/user/.m2/repository/javax/enterprise/cdi-api/1.2/cdi-api-1.2.jar:/home/user/.m2/repository/javax/el/javax.el-api/3.0.0/javax.el-api-3.0.0.jar:/home/user/.m2/repository/javax/interceptor/javax.interceptor-api/1.2/javax.interceptor-api-1.2.jar:/home/user/.m2/repository/javax/inject/javax.inject/1/javax.inject-1.jar:/home/user/.m2/repository/com/sun/xml/bind/jaxb-impl/2.3.0.1/jaxb-impl-2.3.0.1.jar:/home/user/.m2/repository/com/sun/xml/bind/jaxb-core/2.3.0.1/jaxb-core-2.3.0.1.jar:/home/user/.m2/repository/javax/xml/bind/jaxb-api/2.3.0/jaxb-api-2.3.0.jar:/home/user/.m2/repository/javax/activation/activation/1.1.1/activation-1.1.1.jar:/home/user/.m2/repository/org/apache/hadoop/hadoop-ozone-csi/0.5.0-SNAPSHOT/hadoop-ozone-csi-0.5.0-SNAPSHOT.jar:/home/user/.m2/repository/com/google/protobuf/protobuf-java-util/3.5.1/protobuf-java-util-3.5.1.jar:/home/user/.m2/repository/org/apache/hadoop/hadoop-hdds-config/0.5.0-SNAPSHOT/hadoop-hdds-config-0.5.0-SNAPSHOT.jar:/home/user/.m2/repository/io/grpc/grpc-netty/1.17.1/grpc-netty-1.17.1.jar:/home/user/.m2/repository/io/grpc/grpc-core/1.17.1/grpc-core-1.17.1.jar:/home/user/.m2/repository/io/grpc/grpc-context/1.17.1/grpc-context-1.17.1.jar:/home/user/.m2/repository/com/google/errorprone/error_prone_annotations/2.2.0/error_prone_annotations-2.2.0.jar:/home/user/.m2/repository/org/codehaus/mojo/animal-sniffer-annotations/1.17/animal-sniffer-annotations-1.17.jar:/home/user/.m2/repository/io/opencensus/opencensus-api/0.17.0/opencensus-api-0.17.0.jar:/home/user/.m2/repository/io/opencensus/opencensus-contrib-grpc-metrics/0.17.0/opencensus-contrib-grpc-metrics-0.17.0.jar:/home/user/.m2/repository/io/netty/netty-codec-http2/4.1.30.Final/netty-codec-http2-4.1.30.Final.jar:/home/user/.m2/repository/io/netty/netty-codec-http/4.1.30.Final/netty-codec-http-4.1.30.Final.jar:/home/user/.m2/repository/io/netty/netty-codec/4.1.30.Final/netty-codec-4.1.30.Final.jar:/home/user/.m2/repository/io/netty/netty-handler/4.1.30.Final/netty-handler-4.1.30.Final.jar:/home/user/.m2/repository/io/netty/netty-handler-proxy/4.1.30.Final/netty-handler-proxy-4.1.30.Final.jar:/home/user/.m2/repository/io/netty/netty-codec-socks/4.1.30.Final/netty-codec-socks-4.1.30.Final.jar:/home/user/.m2/repository/io/netty/netty-transport-native-epoll/4.1.30.Final/netty-transport-native-epoll-4.1.30.Final.jar:/home/user/.m2/repository/io/netty/netty-common/4.1.30.Final/netty-common-4.1.30.Final.jar:/home/user/.m2/repository/io/netty/netty-buffer/4.1.30.Final/netty-buffer-4.1.30.Final.jar:/home/user/.m2/repository/io/netty/netty-transport/4.1.30.Final/netty-transport-4.1.30.Final.jar:/home/user/.m2/repository/io/netty/netty-resolver/4.1.30.Final/netty-resolver-4.1.30.Final.jar:/home/user/.m2/repository/io/netty/netty-transport-native-unix-common/4.1.30.Final/netty-transport-native-unix-common-4.1.30.Final.jar:/home/user/.m2/repository/io/grpc/grpc-protobuf/1.17.1/grpc-protobuf-1.17.1.jar:/home/user/.m2/repository/com/google/api/grpc/proto-google-common-protos/1.0.0/proto-google-common-protos-1.0.0.jar:/home/user/.m2/repository/io/grpc/grpc-protobuf-lite/1.17.1/grpc-protobuf-lite-1.17.1.jar:/home/user/.m2/repository/io/grpc/grpc-stub/1.17.1/grpc-stub-1.17.1.jar:/home/user/.m2/repository/org/apache/hadoop/hadoop-ozone-recon/0.5.0-SNAPSHOT/hadoop-ozone-recon-0.5.0-SNAPSHOT.jar:/home/user/.m2/repository/org/apache/hadoop/hadoop-ozone-reconcodegen/0.5.0-SNAPSHOT/hadoop-ozone-reconcodegen-0.5.0-SNAPSHOT.jar:/home/user/.m2/repository/com/google/inject/extensions/guice-multibindings/4.0/guice-multibindings-4.0.jar:/home/user/.m2/repository/com/google/inject/guice/4.0/guice-4.0.jar:/home/user/.m2/repository/aopalliance/aopalliance/1.0/aopalliance-1.0.jar:/home/user/.m2/repository/com/google/inject/extensions/guice-servlet/4.0/guice-servlet-4.0.jar:/home/user/.m2/repository/org/glassfish/jersey/containers/jersey-container-servlet/2.27/jersey-container-servlet-2.27.jar:/home/user/.m2/repository/org/glassfish/hk2/guice-bridge/2.5.0/guice-bridge-2.5.0.jar:/home/user/.m2/repository/org/glassfish/jersey/core/jersey-server/2.27/jersey-server-2.27.jar:/home/user/.m2/repository/org/glassfish/jersey/core/jersey-client/2.27/jersey-client-2.27.jar:/home/user/.m2/repository/org/glassfish/jersey/media/jersey-media-jaxb/2.27/jersey-media-jaxb-2.27.jar:/home/user/.m2/repository/javax/validation/validation-api/1.1.0.Final/validation-api-1.1.0.Final.jar:/home/user/.m2/repository/org/glassfish/jersey/media/jersey-media-json-jackson/2.27/jersey-media-json-jackson-2.27.jar:/home/user/.m2/repository/org/glassfish/jersey/ext/jersey-entity-filtering/2.27/jersey-entity-filtering-2.27.jar:/home/user/.m2/repository/com/google/inject/extensions/guice-assistedinject/4.0/guice-assistedinject-4.0.jar:/home/user/.m2/repository/org/jooq/jooq/3.11.10/jooq-3.11.10.jar:/home/user/.m2/repository/org/jooq/jooq-meta/3.11.10/jooq-meta-3.11.10.jar:/home/user/.m2/repository/org/jooq/jooq-codegen/3.11.10/jooq-codegen-3.11.10.jar:/home/user/.m2/repository/com/jolbox/bonecp/0.8.0.RELEASE/bonecp-0.8.0.RELEASE.jar:/home/user/.m2/repository/org/xerial/sqlite-jdbc/3.25.2/sqlite-jdbc-3.25.2.jar:/home/user/.m2/repository/org/springframework/spring-jdbc/5.1.3.RELEASE/spring-jdbc-5.1.3.RELEASE.jar:/home/user/.m2/repository/org/springframework/spring-beans/5.1.3.RELEASE/spring-beans-5.1.3.RELEASE.jar:/home/user/.m2/repository/org/springframework/spring-core/5.1.3.RELEASE/spring-core-5.1.3.RELEASE.jar:/home/user/.m2/repository/org/springframework/spring-jcl/5.1.3.RELEASE/spring-jcl-5.1.3.RELEASE.jar:/home/user/.m2/repository/org/springframework/spring-tx/5.1.3.RELEASE/spring-tx-5.1.3.RELEASE.jar:/home/user/.m2/repository/org/apache/hadoop/hadoop-ozone-client/0.5.0-SNAPSHOT/hadoop-ozone-client-0.5.0-SNAPSHOT.jar:/home/user/.m2/repository/commons-lang/commons-lang/2.6/commons-lang-2.6.jar:/home/user/.m2/repository/org/apache/hadoop/hadoop-ozone-ozone-manager/0.5.0-SNAPSHOT/hadoop-ozone-ozone-manager-0.5.0-SNAPSHOT-tests.jar:/home/user/.m2/repository/junit/junit/4.11/junit-4.11.jar:/home/user/.m2/repository/org/hamcrest/hamcrest-core/1.3/hamcrest-core-1.3.jar:/home/user/.m2/repository/org/openjdk/jmh/jmh-core/1.19/jmh-core-1.19.jar:/home/user/.m2/repository/net/sf/jopt-simple/jopt-simple/4.6/jopt-simple-4.6.jar:/home/user/.m2/repository/org/apache/commons/commons-math3/3.1.1/commons-math3-3.1.1.jar:/home/user/.m2/repository/org/openjdk/jmh/jmh-generator-annprocess/1.19/jmh-generator-annprocess-1.19.jar:/home/user/.m2/repository/org/mockito/mockito-all/1.8.5/mockito-all-1.8.5.jar:/home/user/.m2/repository/org/apache/hadoop/hadoop-kms/3.2.0/hadoop-kms-3.2.0.jar:/home/user/.m2/repository/org/apache/hadoop/hadoop-auth/3.2.0/hadoop-auth-3.2.0.jar:/home/user/.m2/repository/com/nimbusds/nimbus-jose-jwt/4.41.1/nimbus-jose-jwt-4.41.1.jar:/home/user/.m2/repository/com/github/stephenc/jcip/jcip-annotations/1.0-1/jcip-annotations-1.0-1.jar:/home/user/.m2/repository/net/minidev/json-smart/2.3/json-smart-2.3.jar:/home/user/.m2/repository/net/minidev/accessors-smart/1.2/accessors-smart-1.2.jar:/home/user/.m2/repository/org/ow2/asm/asm/5.0.4/asm-5.0.4.jar:/home/user/.m2/repository/org/apache/curator/curator-framework/2.12.0/curator-framework-2.12.0.jar:/home/user/.m2/repository/com/sun/jersey/jersey-core/1.19/jersey-core-1.19.jar:/home/user/.m2/repository/javax/ws/rs/jsr311-api/1.1.1/jsr311-api-1.1.1.jar:/home/user/.m2/repository/com/sun/jersey/jersey-server/1.19/jersey-server-1.19.jar:/home/user/.m2/repository/javax/servlet/javax.servlet-api/3.1.0/javax.servlet-api-3.1.0.jar:/home/user/.m2/repository/org/eclipse/jetty/jetty-server/9.3.24.v20180605/jetty-server-9.3.24.v20180605.jar:/home/user/.m2/repository/org/eclipse/jetty/jetty-http/9.3.24.v20180605/jetty-http-9.3.24.v20180605.jar:/home/user/.m2/repository/org/eclipse/jetty/jetty-io/9.3.24.v20180605/jetty-io-9.3.24.v20180605.jar:/home/user/.m2/repository/org/eclipse/jetty/jetty-webapp/9.3.24.v20180605/jetty-webapp-9.3.24.v20180605.jar:/home/user/.m2/repository/org/eclipse/jetty/jetty-xml/9.3.24.v20180605/jetty-xml-9.3.24.v20180605.jar:/home/user/.m2/repository/log4j/log4j/1.2.17/log4j-1.2.17.jar:/home/user/.m2/repository/org/slf4j/slf4j-api/1.7.25/slf4j-api-1.7.25.jar:/home/user/.m2/repository/org/slf4j/jul-to-slf4j/1.7.25/jul-to-slf4j-1.7.25.jar:/home/user/.m2/repository/org/eclipse/jetty/jetty-util/9.3.24.v20180605/jetty-util-9.3.24.v20180605.jar:/home/user/.m2/repository/com/fasterxml/jackson/core/jackson-databind/2.9.5/jackson-databind-2.9.5.jar:/home/user/.m2/repository/org/apache/hadoop/hadoop-kms/3.2.0/hadoop-kms-3.2.0-tests.jar:/home/user/.m2/repository/org/apache/hadoop/hadoop-hdds-server-scm/0.5.0-SNAPSHOT/hadoop-hdds-server-scm-0.5.0-SNAPSHOT-tests.jar:/home/user/.m2/repository/org/apache/hadoop/hadoop-hdds-container-service/0.5.0-SNAPSHOT/hadoop-hdds-container-service-0.5.0-SNAPSHOT-tests.jar:/home/user/.m2/repository/org/yaml/snakeyaml/1.16/snakeyaml-1.16.jar:/home/user/.m2/repository/org/apache/hadoop/hadoop-common/3.2.0/hadoop-common-3.2.0-tests.jar:/home/user/.m2/repository/org/apache/hadoop/hadoop-annotations/3.2.0/hadoop-annotations-3.2.0.jar:/usr/lib/jvm/java-1.8-openjdk/jre/../lib/tools.jar:/home/user/.m2/repository/commons-cli/commons-cli/1.2/commons-cli-1.2.jar:/home/user/.m2/repository/org/apache/httpcomponents/httpclient/4.5.2/httpclient-4.5.2.jar:/home/user/.m2/repository/org/apache/httpcomponents/httpcore/4.4.4/httpcore-4.4.4.jar:/home/user/.m2/repository/commons-codec/commons-codec/1.11/commons-codec-1.11.jar:/home/user/.m2/repository/commons-net/commons-net/3.6/commons-net-3.6.jar:/home/user/.m2/repository/commons-collections/commons-collections/3.2.2/commons-collections-3.2.2.jar:/home/user/.m2/repository/org/eclipse/jetty/jetty-servlet/9.3.24.v20180605/jetty-servlet-9.3.24.v20180605.jar:/home/user/.m2/repository/org/eclipse/jetty/jetty-security/9.3.24.v20180605/jetty-security-9.3.24.v20180605.jar:/home/user/.m2/repository/javax/servlet/jsp/jsp-api/2.1/jsp-api-2.1.jar:/home/user/.m2/repository/com/sun/jersey/jersey-servlet/1.19/jersey-servlet-1.19.jar:/home/user/.m2/repository/com/sun/jersey/jersey-json/1.19/jersey-json-1.19.jar:/home/user/.m2/repository/org/codehaus/jettison/jettison/1.1/jettison-1.1.jar:/home/user/.m2/repository/org/codehaus/jackson/jackson-core-asl/1.9.13/jackson-core-asl-1.9.13.jar:/home/user/.m2/repository/org/codehaus/jackson/jackson-mapper-asl/1.9.13/jackson-mapper-asl-1.9.13.jar:/home/user/.m2/repository/org/codehaus/jackson/jackson-jaxrs/1.9.13/jackson-jaxrs-1.9.13.jar:/home/user/.m2/repository/org/codehaus/jackson/jackson-xc/1.9.13/jackson-xc-1.9.13.jar:/home/user/.m2/repository/commons-logging/commons-logging/1.1.3/commons-logging-1.1.3.jar:/home/user/.m2/repository/commons-beanutils/commons-beanutils/1.9.3/commons-beanutils-1.9.3.jar:/home/user/.m2/repository/org/apache/commons/commons-configuration2/2.1.1/commons-configuration2-2.1.1.jar:/home/user/.m2/repository/org/apache/commons/commons-lang3/3.7/commons-lang3-3.7.jar:/home/user/.m2/repository/org/apache/commons/commons-text/1.4/commons-text-1.4.jar:/home/user/.m2/repository/org/apache/avro/avro/1.7.7/avro-1.7.7.jar:/home/user/.m2/repository/com/thoughtworks/paranamer/paranamer/2.3/paranamer-2.3.jar:/home/user/.m2/repository/org/xerial/snappy/snappy-java/1.0.5/snappy-java-1.0.5.jar:/home/user/.m2/repository/com/google/re2j/re2j/1.1/re2j-1.1.jar:/home/user/.m2/repository/com/google/code/gson/gson/2.2.4/gson-2.2.4.jar:/home/user/.m2/repository/com/jcraft/jsch/0.1.54/jsch-0.1.54.jar:/home/user/.m2/repository/org/apache/curator/curator-client/2.12.0/curator-client-2.12.0.jar:/home/user/.m2/repository/org/apache/curator/curator-recipes/2.12.0/curator-recipes-2.12.0.jar:/home/user/.m2/repository/com/google/code/findbugs/jsr305/3.0.0/jsr305-3.0.0.jar:/home/user/.m2/repository/org/apache/htrace/htrace-core4/4.1.0-incubating/htrace-core4-4.1.0-incubating.jar:/home/user/.m2/repository/org/apache/zookeeper/zookeeper/3.4.13/zookeeper-3.4.13.jar:/home/user/.m2/repository/org/apache/yetus/audience-annotations/0.5.0/audience-annotations-0.5.0.jar:/home/user/.m2/repository/org/codehaus/woodstox/stax2-api/3.1.4/stax2-api-3.1.4.jar:/home/user/.m2/repository/com/fasterxml/woodstox/woodstox-core/5.0.3/woodstox-core-5.0.3.jar:/home/user/.m2/repository/dnsjava/dnsjava/2.1.7/dnsjava-2.1.7.jar:/home/user/.m2/repository/org/apache/hadoop/hadoop-hdfs/3.2.0/hadoop-hdfs-3.2.0-tests.jar:/home/user/.m2/repository/org/eclipse/jetty/jetty-util-ajax/9.3.24.v20180605/jetty-util-ajax-9.3.24.v20180605.jar:/home/user/.m2/repository/commons-daemon/commons-daemon/1.0.13/commons-daemon-1.0.13.jar:/home/user/.m2/repository/io/netty/netty/3.10.5.Final/netty-3.10.5.Final.jar:/home/user/.m2/repository/io/netty/netty-all/4.0.52.Final/netty-all-4.0.52.Final.jar:/home/user/.m2/repository/org/fusesource/leveldbjni/leveldbjni-all/1.8/leveldbjni-all-1.8.jar:"/>
    <property name="java.vm.vendor" value="IcedTea"/>
    <property name="sun.arch.data.model" value="64"/>
    <property name="test.build.dir" value="/workdir/hadoop-ozone/integration-test/target/test-dir"/>
    <property name="test.cache.data" value=""/>
    <property name="java.vendor.url" value="https://icedtea.classpath.org"/>
    <property name="user.timezone" value=""/>
    <property name="java.vm.specification.version" value="1.8"/>
    <property name="os.name" value="Linux"/>
    <property name="test.build.data" value="/workdir/hadoop-ozone/integration-test/target/test-dir"/>
    <property name="user.country" value="US"/>
    <property name="sun.java.launcher" value="SUN_STANDARD"/>
    <property name="sun.boot.library.path" value="/usr/lib/jvm/java-1.8-openjdk/jre/lib/amd64"/>
    <property name="sun.java.command" value="/workdir/hadoop-ozone/integration-test/target/surefire/surefirebooter1715923355353409211.jar /workdir/hadoop-ozone/integration-test/target/surefire 2019-08-30T23-16-50_729-jvmRun1 surefire8490987588048233698tmp surefire_203470894828521958354tmp"/>
    <property name="test" value="!TestMiniChaosOzoneCluster"/>
    <property name="surefire.test.class.path" value="/workdir/hadoop-ozone/integration-test/target/test-classes:/workdir/hadoop-ozone/integration-test/target/classes:/home/user/.m2/repository/org/apache/hadoop/hadoop-ozone-common/0.5.0-SNAPSHOT/hadoop-ozone-common-0.5.0-SNAPSHOT.jar:/home/user/.m2/repository/org/apache/commons/commons-compress/1.4.1/commons-compress-1.4.1.jar:/home/user/.m2/repository/org/tukaani/xz/1.0/xz-1.0.jar:/home/user/.m2/repository/org/apache/hadoop/hadoop-common/3.2.0/hadoop-common-3.2.0.jar:/home/user/.m2/repository/org/apache/hadoop/hadoop-hdfs/3.2.0/hadoop-hdfs-3.2.0.jar:/home/user/.m2/repository/org/apache/hadoop/hadoop-hdfs-client/3.2.0/hadoop-hdfs-client-3.2.0.jar:/home/user/.m2/repository/com/fasterxml/jackson/core/jackson-annotations/2.9.5/jackson-annotations-2.9.5.jar:/home/user/.m2/repository/org/apache/hadoop/hadoop-hdds-common/0.5.0-SNAPSHOT/hadoop-hdds-common-0.5.0-SNAPSHOT.jar:/home/user/.m2/repository/javax/annotation/javax.annotation-api/1.2/javax.annotation-api-1.2.jar:/home/user/.m2/repository/org/apache/ratis/ratis-server/0.4.0-2337318-SNAPSHOT/ratis-server-0.4.0-2337318-SNAPSHOT.jar:/home/user/.m2/repository/org/apache/ratis/ratis-thirdparty-misc/0.2.0/ratis-thirdparty-misc-0.2.0.jar:/home/user/.m2/repository/org/apache/ratis/ratis-proto/0.4.0-2337318-SNAPSHOT/ratis-proto-0.4.0-2337318-SNAPSHOT.jar:/home/user/.m2/repository/org/apache/ratis/ratis-common/0.4.0-2337318-SNAPSHOT/ratis-common-0.4.0-2337318-SNAPSHOT.jar:/home/user/.m2/repository/org/apache/ratis/ratis-client/0.4.0-2337318-SNAPSHOT/ratis-client-0.4.0-2337318-SNAPSHOT.jar:/home/user/.m2/repository/org/apache/ratis/ratis-metrics/0.4.0-2337318-SNAPSHOT/ratis-metrics-0.4.0-2337318-SNAPSHOT.jar:/home/user/.m2/repository/org/apache/ratis/ratis-netty/0.4.0-2337318-SNAPSHOT/ratis-netty-0.4.0-2337318-SNAPSHOT.jar:/home/user/.m2/repository/org/apache/ratis/ratis-grpc/0.4.0-2337318-SNAPSHOT/ratis-grpc-0.4.0-2337318-SNAPSHOT.jar:/home/user/.m2/repository/org/rocksdb/rocksdbjni/6.0.1/rocksdbjni-6.0.1.jar:/home/user/.m2/repository/org/apache/logging/log4j/log4j-api/2.11.0/log4j-api-2.11.0.jar:/home/user/.m2/repository/org/apache/logging/log4j/log4j-core/2.11.0/log4j-core-2.11.0.jar:/home/user/.m2/repository/com/lmax/disruptor/3.4.2/disruptor-3.4.2.jar:/home/user/.m2/repository/org/apache/commons/commons-pool2/2.6.0/commons-pool2-2.6.0.jar:/home/user/.m2/repository/org/bouncycastle/bcpkix-jdk15on/1.60/bcpkix-jdk15on-1.60.jar:/home/user/.m2/repository/commons-validator/commons-validator/1.6/commons-validator-1.6.jar:/home/user/.m2/repository/commons-digester/commons-digester/1.8.1/commons-digester-1.8.1.jar:/home/user/.m2/repository/io/jaegertracing/jaeger-client/0.33.1/jaeger-client-0.33.1.jar:/home/user/.m2/repository/io/jaegertracing/jaeger-thrift/0.33.1/jaeger-thrift-0.33.1.jar:/home/user/.m2/repository/org/apache/thrift/libthrift/0.11.0/libthrift-0.11.0.jar:/home/user/.m2/repository/com/squareup/okhttp3/okhttp/3.9.0/okhttp-3.9.0.jar:/home/user/.m2/repository/com/squareup/okio/okio/1.13.0/okio-1.13.0.jar:/home/user/.m2/repository/io/jaegertracing/jaeger-core/0.33.1/jaeger-core-0.33.1.jar:/home/user/.m2/repository/io/jaegertracing/jaeger-tracerresolver/0.33.1/jaeger-tracerresolver-0.33.1.jar:/home/user/.m2/repository/io/opentracing/contrib/opentracing-tracerresolver/0.1.5/opentracing-tracerresolver-0.1.5.jar:/home/user/.m2/repository/io/opentracing/opentracing-util/0.31.0/opentracing-util-0.31.0.jar:/home/user/.m2/repository/io/opentracing/opentracing-api/0.31.0/opentracing-api-0.31.0.jar:/home/user/.m2/repository/io/opentracing/opentracing-noop/0.31.0/opentracing-noop-0.31.0.jar:/home/user/.m2/repository/org/apache/hadoop/hadoop-hdds-server-framework/0.5.0-SNAPSHOT/hadoop-hdds-server-framework-0.5.0-SNAPSHOT.jar:/home/user/.m2/repository/org/apache/hadoop/hadoop-hdds-container-service/0.5.0-SNAPSHOT/hadoop-hdds-container-service-0.5.0-SNAPSHOT.jar:/home/user/.m2/repository/org/apache/hadoop/hadoop-hdds-client/0.5.0-SNAPSHOT/hadoop-hdds-client-0.5.0-SNAPSHOT.jar:/home/user/.m2/repository/org/apache/hadoop/hadoop-hdds-tools/0.5.0-SNAPSHOT/hadoop-hdds-tools-0.5.0-SNAPSHOT.jar:/home/user/.m2/repository/org/apache/hadoop/hadoop-hdds-server-scm/0.5.0-SNAPSHOT/hadoop-hdds-server-scm-0.5.0-SNAPSHOT.jar:/home/user/.m2/repository/org/apache/hadoop/hadoop-hdds-docs/0.5.0-SNAPSHOT/hadoop-hdds-docs-0.5.0-SNAPSHOT.jar:/home/user/.m2/repository/io/dropwizard/metrics/metrics-core/3.2.4/metrics-core-3.2.4.jar:/home/user/.m2/repository/org/hamcrest/hamcrest-all/1.3/hamcrest-all-1.3.jar:/home/user/.m2/repository/org/bouncycastle/bcprov-jdk15on/1.60/bcprov-jdk15on-1.60.jar:/home/user/.m2/repository/info/picocli/picocli/3.9.6/picocli-3.9.6.jar:/home/user/.m2/repository/com/google/protobuf/protobuf-java/2.5.0/protobuf-java-2.5.0.jar:/home/user/.m2/repository/com/google/guava/guava/11.0.2/guava-11.0.2.jar:/home/user/.m2/repository/org/apache/hadoop/hadoop-ozone-ozone-manager/0.5.0-SNAPSHOT/hadoop-ozone-ozone-manager-0.5.0-SNAPSHOT.jar:/home/user/.m2/repository/org/apache/hadoop/hadoop-minikdc/3.2.0/hadoop-minikdc-3.2.0.jar:/home/user/.m2/repository/commons-io/commons-io/2.5/commons-io-2.5.jar:/home/user/.m2/repository/org/apache/kerby/kerb-simplekdc/1.0.1/kerb-simplekdc-1.0.1.jar:/home/user/.m2/repository/org/apache/kerby/kerb-client/1.0.1/kerb-client-1.0.1.jar:/home/user/.m2/repository/org/apache/kerby/kerby-config/1.0.1/kerby-config-1.0.1.jar:/home/user/.m2/repository/org/apache/kerby/kerb-core/1.0.1/kerb-core-1.0.1.jar:/home/user/.m2/repository/org/apache/kerby/kerby-pkix/1.0.1/kerby-pkix-1.0.1.jar:/home/user/.m2/repository/org/apache/kerby/kerby-asn1/1.0.1/kerby-asn1-1.0.1.jar:/home/user/.m2/repository/org/apache/kerby/kerby-util/1.0.1/kerby-util-1.0.1.jar:/home/user/.m2/repository/org/apache/kerby/kerb-common/1.0.1/kerb-common-1.0.1.jar:/home/user/.m2/repository/org/apache/kerby/kerb-crypto/1.0.1/kerb-crypto-1.0.1.jar:/home/user/.m2/repository/org/apache/kerby/kerb-util/1.0.1/kerb-util-1.0.1.jar:/home/user/.m2/repository/org/apache/kerby/token-provider/1.0.1/token-provider-1.0.1.jar:/home/user/.m2/repository/org/apache/kerby/kerb-admin/1.0.1/kerb-admin-1.0.1.jar:/home/user/.m2/repository/org/apache/kerby/kerb-server/1.0.1/kerb-server-1.0.1.jar:/home/user/.m2/repository/org/apache/kerby/kerb-identity/1.0.1/kerb-identity-1.0.1.jar:/home/user/.m2/repository/org/apache/kerby/kerby-xdr/1.0.1/kerby-xdr-1.0.1.jar:/home/user/.m2/repository/org/slf4j/slf4j-log4j12/1.7.25/slf4j-log4j12-1.7.25.jar:/home/user/.m2/repository/org/apache/hadoop/hadoop-ozone-s3gateway/0.5.0-SNAPSHOT/hadoop-ozone-s3gateway-0.5.0-SNAPSHOT.jar:/home/user/.m2/repository/org/jboss/weld/servlet/weld-servlet/2.4.7.Final/weld-servlet-2.4.7.Final.jar:/home/user/.m2/repository/org/glassfish/jersey/containers/jersey-container-servlet-core/2.27/jersey-container-servlet-core-2.27.jar:/home/user/.m2/repository/org/glassfish/hk2/external/javax.inject/2.5.0-b42/javax.inject-2.5.0-b42.jar:/home/user/.m2/repository/org/glassfish/jersey/core/jersey-common/2.27/jersey-common-2.27.jar:/home/user/.m2/repository/org/glassfish/hk2/osgi-resource-locator/1.0.1/osgi-resource-locator-1.0.1.jar:/home/user/.m2/repository/javax/ws/rs/javax.ws.rs-api/2.1/javax.ws.rs-api-2.1.jar:/home/user/.m2/repository/org/glassfish/jersey/ext/cdi/jersey-cdi1x/2.27/jersey-cdi1x-2.27.jar:/home/user/.m2/repository/org/glassfish/jersey/inject/jersey-hk2/2.27/jersey-hk2-2.27.jar:/home/user/.m2/repository/org/glassfish/hk2/hk2-locator/2.5.0-b42/hk2-locator-2.5.0-b42.jar:/home/user/.m2/repository/org/javassist/javassist/3.22.0-CR2/javassist-3.22.0-CR2.jar:/home/user/.m2/repository/org/glassfish/hk2/hk2-api/2.5.0/hk2-api-2.5.0.jar:/home/user/.m2/repository/org/glassfish/hk2/external/jakarta.inject/2.5.0/jakarta.inject-2.5.0.jar:/home/user/.m2/repository/org/glassfish/hk2/hk2-utils/2.5.0/hk2-utils-2.5.0.jar:/home/user/.m2/repository/jakarta/annotation/jakarta.annotation-api/1.3.4/jakarta.annotation-api-1.3.4.jar:/home/user/.m2/repository/org/glassfish/hk2/external/aopalliance-repackaged/2.5.0/aopalliance-repackaged-2.5.0.jar:/home/user/.m2/repository/com/fasterxml/jackson/dataformat/jackson-dataformat-xml/2.9.0/jackson-dataformat-xml-2.9.0.jar:/home/user/.m2/repository/com/fasterxml/jackson/core/jackson-core/2.9.5/jackson-core-2.9.5.jar:/home/user/.m2/repository/com/fasterxml/jackson/module/jackson-module-jaxb-annotations/2.9.5/jackson-module-jaxb-annotations-2.9.5.jar:/home/user/.m2/repository/javax/enterprise/cdi-api/1.2/cdi-api-1.2.jar:/home/user/.m2/repository/javax/el/javax.el-api/3.0.0/javax.el-api-3.0.0.jar:/home/user/.m2/repository/javax/interceptor/javax.interceptor-api/1.2/javax.interceptor-api-1.2.jar:/home/user/.m2/repository/javax/inject/javax.inject/1/javax.inject-1.jar:/home/user/.m2/repository/com/sun/xml/bind/jaxb-impl/2.3.0.1/jaxb-impl-2.3.0.1.jar:/home/user/.m2/repository/com/sun/xml/bind/jaxb-core/2.3.0.1/jaxb-core-2.3.0.1.jar:/home/user/.m2/repository/javax/xml/bind/jaxb-api/2.3.0/jaxb-api-2.3.0.jar:/home/user/.m2/repository/javax/activation/activation/1.1.1/activation-1.1.1.jar:/home/user/.m2/repository/org/apache/hadoop/hadoop-ozone-csi/0.5.0-SNAPSHOT/hadoop-ozone-csi-0.5.0-SNAPSHOT.jar:/home/user/.m2/repository/com/google/protobuf/protobuf-java-util/3.5.1/protobuf-java-util-3.5.1.jar:/home/user/.m2/repository/org/apache/hadoop/hadoop-hdds-config/0.5.0-SNAPSHOT/hadoop-hdds-config-0.5.0-SNAPSHOT.jar:/home/user/.m2/repository/io/grpc/grpc-netty/1.17.1/grpc-netty-1.17.1.jar:/home/user/.m2/repository/io/grpc/grpc-core/1.17.1/grpc-core-1.17.1.jar:/home/user/.m2/repository/io/grpc/grpc-context/1.17.1/grpc-context-1.17.1.jar:/home/user/.m2/repository/com/google/errorprone/error_prone_annotations/2.2.0/error_prone_annotations-2.2.0.jar:/home/user/.m2/repository/org/codehaus/mojo/animal-sniffer-annotations/1.17/animal-sniffer-annotations-1.17.jar:/home/user/.m2/repository/io/opencensus/opencensus-api/0.17.0/opencensus-api-0.17.0.jar:/home/user/.m2/repository/io/opencensus/opencensus-contrib-grpc-metrics/0.17.0/opencensus-contrib-grpc-metrics-0.17.0.jar:/home/user/.m2/repository/io/netty/netty-codec-http2/4.1.30.Final/netty-codec-http2-4.1.30.Final.jar:/home/user/.m2/repository/io/netty/netty-codec-http/4.1.30.Final/netty-codec-http-4.1.30.Final.jar:/home/user/.m2/repository/io/netty/netty-codec/4.1.30.Final/netty-codec-4.1.30.Final.jar:/home/user/.m2/repository/io/netty/netty-handler/4.1.30.Final/netty-handler-4.1.30.Final.jar:/home/user/.m2/repository/io/netty/netty-handler-proxy/4.1.30.Final/netty-handler-proxy-4.1.30.Final.jar:/home/user/.m2/repository/io/netty/netty-codec-socks/4.1.30.Final/netty-codec-socks-4.1.30.Final.jar:/home/user/.m2/repository/io/netty/netty-transport-native-epoll/4.1.30.Final/netty-transport-native-epoll-4.1.30.Final.jar:/home/user/.m2/repository/io/netty/netty-common/4.1.30.Final/netty-common-4.1.30.Final.jar:/home/user/.m2/repository/io/netty/netty-buffer/4.1.30.Final/netty-buffer-4.1.30.Final.jar:/home/user/.m2/repository/io/netty/netty-transport/4.1.30.Final/netty-transport-4.1.30.Final.jar:/home/user/.m2/repository/io/netty/netty-resolver/4.1.30.Final/netty-resolver-4.1.30.Final.jar:/home/user/.m2/repository/io/netty/netty-transport-native-unix-common/4.1.30.Final/netty-transport-native-unix-common-4.1.30.Final.jar:/home/user/.m2/repository/io/grpc/grpc-protobuf/1.17.1/grpc-protobuf-1.17.1.jar:/home/user/.m2/repository/com/google/api/grpc/proto-google-common-protos/1.0.0/proto-google-common-protos-1.0.0.jar:/home/user/.m2/repository/io/grpc/grpc-protobuf-lite/1.17.1/grpc-protobuf-lite-1.17.1.jar:/home/user/.m2/repository/io/grpc/grpc-stub/1.17.1/grpc-stub-1.17.1.jar:/home/user/.m2/repository/org/apache/hadoop/hadoop-ozone-recon/0.5.0-SNAPSHOT/hadoop-ozone-recon-0.5.0-SNAPSHOT.jar:/home/user/.m2/repository/org/apache/hadoop/hadoop-ozone-reconcodegen/0.5.0-SNAPSHOT/hadoop-ozone-reconcodegen-0.5.0-SNAPSHOT.jar:/home/user/.m2/repository/com/google/inject/extensions/guice-multibindings/4.0/guice-multibindings-4.0.jar:/home/user/.m2/repository/com/google/inject/guice/4.0/guice-4.0.jar:/home/user/.m2/repository/aopalliance/aopalliance/1.0/aopalliance-1.0.jar:/home/user/.m2/repository/com/google/inject/extensions/guice-servlet/4.0/guice-servlet-4.0.jar:/home/user/.m2/repository/org/glassfish/jersey/containers/jersey-container-servlet/2.27/jersey-container-servlet-2.27.jar:/home/user/.m2/repository/org/glassfish/hk2/guice-bridge/2.5.0/guice-bridge-2.5.0.jar:/home/user/.m2/repository/org/glassfish/jersey/core/jersey-server/2.27/jersey-server-2.27.jar:/home/user/.m2/repository/org/glassfish/jersey/core/jersey-client/2.27/jersey-client-2.27.jar:/home/user/.m2/repository/org/glassfish/jersey/media/jersey-media-jaxb/2.27/jersey-media-jaxb-2.27.jar:/home/user/.m2/repository/javax/validation/validation-api/1.1.0.Final/validation-api-1.1.0.Final.jar:/home/user/.m2/repository/org/glassfish/jersey/media/jersey-media-json-jackson/2.27/jersey-media-json-jackson-2.27.jar:/home/user/.m2/repository/org/glassfish/jersey/ext/jersey-entity-filtering/2.27/jersey-entity-filtering-2.27.jar:/home/user/.m2/repository/com/google/inject/extensions/guice-assistedinject/4.0/guice-assistedinject-4.0.jar:/home/user/.m2/repository/org/jooq/jooq/3.11.10/jooq-3.11.10.jar:/home/user/.m2/repository/org/jooq/jooq-meta/3.11.10/jooq-meta-3.11.10.jar:/home/user/.m2/repository/org/jooq/jooq-codegen/3.11.10/jooq-codegen-3.11.10.jar:/home/user/.m2/repository/com/jolbox/bonecp/0.8.0.RELEASE/bonecp-0.8.0.RELEASE.jar:/home/user/.m2/repository/org/xerial/sqlite-jdbc/3.25.2/sqlite-jdbc-3.25.2.jar:/home/user/.m2/repository/org/springframework/spring-jdbc/5.1.3.RELEASE/spring-jdbc-5.1.3.RELEASE.jar:/home/user/.m2/repository/org/springframework/spring-beans/5.1.3.RELEASE/spring-beans-5.1.3.RELEASE.jar:/home/user/.m2/repository/org/springframework/spring-core/5.1.3.RELEASE/spring-core-5.1.3.RELEASE.jar:/home/user/.m2/repository/org/springframework/spring-jcl/5.1.3.RELEASE/spring-jcl-5.1.3.RELEASE.jar:/home/user/.m2/repository/org/springframework/spring-tx/5.1.3.RELEASE/spring-tx-5.1.3.RELEASE.jar:/home/user/.m2/repository/org/apache/hadoop/hadoop-ozone-client/0.5.0-SNAPSHOT/hadoop-ozone-client-0.5.0-SNAPSHOT.jar:/home/user/.m2/repository/commons-lang/commons-lang/2.6/commons-lang-2.6.jar:/home/user/.m2/repository/org/apache/hadoop/hadoop-ozone-ozone-manager/0.5.0-SNAPSHOT/hadoop-ozone-ozone-manager-0.5.0-SNAPSHOT-tests.jar:/home/user/.m2/repository/junit/junit/4.11/junit-4.11.jar:/home/user/.m2/repository/org/hamcrest/hamcrest-core/1.3/hamcrest-core-1.3.jar:/home/user/.m2/repository/org/openjdk/jmh/jmh-core/1.19/jmh-core-1.19.jar:/home/user/.m2/repository/net/sf/jopt-simple/jopt-simple/4.6/jopt-simple-4.6.jar:/home/user/.m2/repository/org/apache/commons/commons-math3/3.1.1/commons-math3-3.1.1.jar:/home/user/.m2/repository/org/openjdk/jmh/jmh-generator-annprocess/1.19/jmh-generator-annprocess-1.19.jar:/home/user/.m2/repository/org/mockito/mockito-all/1.8.5/mockito-all-1.8.5.jar:/home/user/.m2/repository/org/apache/hadoop/hadoop-kms/3.2.0/hadoop-kms-3.2.0.jar:/home/user/.m2/repository/org/apache/hadoop/hadoop-auth/3.2.0/hadoop-auth-3.2.0.jar:/home/user/.m2/repository/com/nimbusds/nimbus-jose-jwt/4.41.1/nimbus-jose-jwt-4.41.1.jar:/home/user/.m2/repository/com/github/stephenc/jcip/jcip-annotations/1.0-1/jcip-annotations-1.0-1.jar:/home/user/.m2/repository/net/minidev/json-smart/2.3/json-smart-2.3.jar:/home/user/.m2/repository/net/minidev/accessors-smart/1.2/accessors-smart-1.2.jar:/home/user/.m2/repository/org/ow2/asm/asm/5.0.4/asm-5.0.4.jar:/home/user/.m2/repository/org/apache/curator/curator-framework/2.12.0/curator-framework-2.12.0.jar:/home/user/.m2/repository/com/sun/jersey/jersey-core/1.19/jersey-core-1.19.jar:/home/user/.m2/repository/javax/ws/rs/jsr311-api/1.1.1/jsr311-api-1.1.1.jar:/home/user/.m2/repository/com/sun/jersey/jersey-server/1.19/jersey-server-1.19.jar:/home/user/.m2/repository/javax/servlet/javax.servlet-api/3.1.0/javax.servlet-api-3.1.0.jar:/home/user/.m2/repository/org/eclipse/jetty/jetty-server/9.3.24.v20180605/jetty-server-9.3.24.v20180605.jar:/home/user/.m2/repository/org/eclipse/jetty/jetty-http/9.3.24.v20180605/jetty-http-9.3.24.v20180605.jar:/home/user/.m2/repository/org/eclipse/jetty/jetty-io/9.3.24.v20180605/jetty-io-9.3.24.v20180605.jar:/home/user/.m2/repository/org/eclipse/jetty/jetty-webapp/9.3.24.v20180605/jetty-webapp-9.3.24.v20180605.jar:/home/user/.m2/repository/org/eclipse/jetty/jetty-xml/9.3.24.v20180605/jetty-xml-9.3.24.v20180605.jar:/home/user/.m2/repository/log4j/log4j/1.2.17/log4j-1.2.17.jar:/home/user/.m2/repository/org/slf4j/slf4j-api/1.7.25/slf4j-api-1.7.25.jar:/home/user/.m2/repository/org/slf4j/jul-to-slf4j/1.7.25/jul-to-slf4j-1.7.25.jar:/home/user/.m2/repository/org/eclipse/jetty/jetty-util/9.3.24.v20180605/jetty-util-9.3.24.v20180605.jar:/home/user/.m2/repository/com/fasterxml/jackson/core/jackson-databind/2.9.5/jackson-databind-2.9.5.jar:/home/user/.m2/repository/org/apache/hadoop/hadoop-kms/3.2.0/hadoop-kms-3.2.0-tests.jar:/home/user/.m2/repository/org/apache/hadoop/hadoop-hdds-server-scm/0.5.0-SNAPSHOT/hadoop-hdds-server-scm-0.5.0-SNAPSHOT-tests.jar:/home/user/.m2/repository/org/apache/hadoop/hadoop-hdds-container-service/0.5.0-SNAPSHOT/hadoop-hdds-container-service-0.5.0-SNAPSHOT-tests.jar:/home/user/.m2/repository/org/yaml/snakeyaml/1.16/snakeyaml-1.16.jar:/home/user/.m2/repository/org/apache/hadoop/hadoop-common/3.2.0/hadoop-common-3.2.0-tests.jar:/home/user/.m2/repository/org/apache/hadoop/hadoop-annotations/3.2.0/hadoop-annotations-3.2.0.jar:/usr/lib/jvm/java-1.8-openjdk/jre/../lib/tools.jar:/home/user/.m2/repository/commons-cli/commons-cli/1.2/commons-cli-1.2.jar:/home/user/.m2/repository/org/apache/httpcomponents/httpclient/4.5.2/httpclient-4.5.2.jar:/home/user/.m2/repository/org/apache/httpcomponents/httpcore/4.4.4/httpcore-4.4.4.jar:/home/user/.m2/repository/commons-codec/commons-codec/1.11/commons-codec-1.11.jar:/home/user/.m2/repository/commons-net/commons-net/3.6/commons-net-3.6.jar:/home/user/.m2/repository/commons-collections/commons-collections/3.2.2/commons-collections-3.2.2.jar:/home/user/.m2/repository/org/eclipse/jetty/jetty-servlet/9.3.24.v20180605/jetty-servlet-9.3.24.v20180605.jar:/home/user/.m2/repository/org/eclipse/jetty/jetty-security/9.3.24.v20180605/jetty-security-9.3.24.v20180605.jar:/home/user/.m2/repository/javax/servlet/jsp/jsp-api/2.1/jsp-api-2.1.jar:/home/user/.m2/repository/com/sun/jersey/jersey-servlet/1.19/jersey-servlet-1.19.jar:/home/user/.m2/repository/com/sun/jersey/jersey-json/1.19/jersey-json-1.19.jar:/home/user/.m2/repository/org/codehaus/jettison/jettison/1.1/jettison-1.1.jar:/home/user/.m2/repository/org/codehaus/jackson/jackson-core-asl/1.9.13/jackson-core-asl-1.9.13.jar:/home/user/.m2/repository/org/codehaus/jackson/jackson-mapper-asl/1.9.13/jackson-mapper-asl-1.9.13.jar:/home/user/.m2/repository/org/codehaus/jackson/jackson-jaxrs/1.9.13/jackson-jaxrs-1.9.13.jar:/home/user/.m2/repository/org/codehaus/jackson/jackson-xc/1.9.13/jackson-xc-1.9.13.jar:/home/user/.m2/repository/commons-logging/commons-logging/1.1.3/commons-logging-1.1.3.jar:/home/user/.m2/repository/commons-beanutils/commons-beanutils/1.9.3/commons-beanutils-1.9.3.jar:/home/user/.m2/repository/org/apache/commons/commons-configuration2/2.1.1/commons-configuration2-2.1.1.jar:/home/user/.m2/repository/org/apache/commons/commons-lang3/3.7/commons-lang3-3.7.jar:/home/user/.m2/repository/org/apache/commons/commons-text/1.4/commons-text-1.4.jar:/home/user/.m2/repository/org/apache/avro/avro/1.7.7/avro-1.7.7.jar:/home/user/.m2/repository/com/thoughtworks/paranamer/paranamer/2.3/paranamer-2.3.jar:/home/user/.m2/repository/org/xerial/snappy/snappy-java/1.0.5/snappy-java-1.0.5.jar:/home/user/.m2/repository/com/google/re2j/re2j/1.1/re2j-1.1.jar:/home/user/.m2/repository/com/google/code/gson/gson/2.2.4/gson-2.2.4.jar:/home/user/.m2/repository/com/jcraft/jsch/0.1.54/jsch-0.1.54.jar:/home/user/.m2/repository/org/apache/curator/curator-client/2.12.0/curator-client-2.12.0.jar:/home/user/.m2/repository/org/apache/curator/curator-recipes/2.12.0/curator-recipes-2.12.0.jar:/home/user/.m2/repository/com/google/code/findbugs/jsr305/3.0.0/jsr305-3.0.0.jar:/home/user/.m2/repository/org/apache/htrace/htrace-core4/4.1.0-incubating/htrace-core4-4.1.0-incubating.jar:/home/user/.m2/repository/org/apache/zookeeper/zookeeper/3.4.13/zookeeper-3.4.13.jar:/home/user/.m2/repository/org/apache/yetus/audience-annotations/0.5.0/audience-annotations-0.5.0.jar:/home/user/.m2/repository/org/codehaus/woodstox/stax2-api/3.1.4/stax2-api-3.1.4.jar:/home/user/.m2/repository/com/fasterxml/woodstox/woodstox-core/5.0.3/woodstox-core-5.0.3.jar:/home/user/.m2/repository/dnsjava/dnsjava/2.1.7/dnsjava-2.1.7.jar:/home/user/.m2/repository/org/apache/hadoop/hadoop-hdfs/3.2.0/hadoop-hdfs-3.2.0-tests.jar:/home/user/.m2/repository/org/eclipse/jetty/jetty-util-ajax/9.3.24.v20180605/jetty-util-ajax-9.3.24.v20180605.jar:/home/user/.m2/repository/commons-daemon/commons-daemon/1.0.13/commons-daemon-1.0.13.jar:/home/user/.m2/repository/io/netty/netty/3.10.5.Final/netty-3.10.5.Final.jar:/home/user/.m2/repository/io/netty/netty-all/4.0.52.Final/netty-all-4.0.52.Final.jar:/home/user/.m2/repository/org/fusesource/leveldbjni/leveldbjni-all/1.8/leveldbjni-all-1.8.jar:"/>
    <property name="sun.cpu.endian" value="little"/>
    <property name="user.home" value="/home/user"/>
    <property name="user.language" value="en"/>
    <property name="java.specification.vendor" value="Oracle Corporation"/>
    <property name="java.home" value="/usr/lib/jvm/java-1.8-openjdk/jre"/>
    <property name="java.security.krb5.conf" value="/workdir/hadoop-ozone/integration-test/target/test-classes/krb5.conf"/>
    <property name="basedir" value="/workdir/hadoop-ozone/integration-test"/>
    <property name="file.separator" value="/"/>
    <property name="line.separator" value="&#10;"/>
    <property name="java.vm.specification.vendor" value="Oracle Corporation"/>
    <property name="java.specification.name" value="Java Platform API Specification"/>
    <property name="java.awt.graphicsenv" value="sun.awt.X11GraphicsEnvironment"/>
    <property name="surefire.real.class.path" value="/workdir/hadoop-ozone/integration-test/target/surefire/surefirebooter1715923355353409211.jar"/>
    <property name="hadoop.log.dir" value="/workdir/hadoop-ozone/integration-test/target/log"/>
    <property name="sun.boot.class.path" value="/usr/lib/jvm/java-1.8-openjdk/jre/lib/resources.jar:/usr/lib/jvm/java-1.8-openjdk/jre/lib/rt.jar:/usr/lib/jvm/java-1.8-openjdk/jre/lib/sunrsasign.jar:/usr/lib/jvm/java-1.8-openjdk/jre/lib/jsse.jar:/usr/lib/jvm/java-1.8-openjdk/jre/lib/jce.jar:/usr/lib/jvm/java-1.8-openjdk/jre/lib/charsets.jar:/usr/lib/jvm/java-1.8-openjdk/jre/lib/jfr.jar:/usr/lib/jvm/java-1.8-openjdk/jre/classes"/>
    <property name="sun.management.compiler" value="HotSpot 64-Bit Tiered Compilers"/>
    <property name="java.runtime.version" value="1.8.0_212-b04"/>
    <property name="java.net.preferIPv4Stack" value="true"/>
    <property name="user.name" value="jenkins1000"/>
    <property name="path.separator" value=":"/>
    <property name="java.security.egd" value="file:///dev/urandom"/>
    <property name="os.version" value="3.10.0-957.12.2.el7.x86_64"/>
    <property name="java.endorsed.dirs" value="/usr/lib/jvm/java-1.8-openjdk/jre/lib/endorsed"/>
    <property name="java.runtime.name" value="OpenJDK Runtime Environment"/>
    <property name="file.encoding" value="UTF-8"/>
    <property name="java.vm.name" value="OpenJDK 64-Bit Server VM"/>
    <property name="test.build.webapps" value=""/>
    <property name="localRepository" value="/home/user/.m2/repository"/>
    <property name="java.vendor.url.bug" value="https://icedtea.classpath.org/bugzilla"/>
    <property name="java.io.tmpdir" value="/tmp"/>
    <property name="require.test.libhadoop" value=""/>
    <property name="java.version" value="1.8.0_212"/>
    <property name="user.dir" value="/workdir/hadoop-ozone/integration-test"/>
    <property name="os.arch" value="amd64"/>
    <property name="java.vm.specification.name" value="Java Virtual Machine Specification"/>
    <property name="test.build.classes" value="/workdir/hadoop-ozone/integration-test/target/test-classes"/>
    <property name="java.awt.printerjob" value="sun.print.PSPrinterJob"/>
    <property name="sun.os.patch.level" value="unknown"/>
    <property name="hadoop.tmp.dir" value="/workdir/hadoop-ozone/integration-test/target/tmp"/>
    <property name="java.library.path" value="/usr/lib/jvm/java-1.8-openjdk/jre/lib/amd64/server:/usr/lib/jvm/java-1.8-openjdk/jre/lib/amd64:/usr/lib/jvm/java-1.8-openjdk/jre/../lib/amd64:/workdir/hadoop-ozone/integration-test/target/native/target/usr/local/lib:/workdir/hadoop-ozone/integration-test/../../hadoop-common-project/hadoop-common/target/native/target/usr/local/lib:/usr/java/packages/lib/amd64:/usr/lib64:/lib64:/lib:/usr/lib"/>
    <property name="java.vm.info" value="mixed mode"/>
    <property name="java.vendor" value="IcedTea"/>
    <property name="java.vm.version" value="25.212-b04"/>
    <property name="java.ext.dirs" value="/usr/lib/jvm/java-1.8-openjdk/jre/lib/ext:/usr/java/packages/lib/ext"/>
    <property name="sun.io.unicode.encoding" value="UnicodeLittle"/>
    <property name="java.class.version" value="52.0"/>
  </properties>
  <testcase name="test2DatanodesFailure" classname="org.apache.hadoop.ozone.client.rpc.TestBlockOutputStreamWithFailures" time="105.973"/>
  <testcase name="testDatanodeFailureWithPreAllocation" classname="org.apache.hadoop.ozone.client.rpc.TestBlockOutputStreamWithFailures" time="226.985"/>
  <testcase name="testDatanodeFailureWithSingleNodeRatis" classname="org.apache.hadoop.ozone.client.rpc.TestBlockOutputStreamWithFailures" time="225.152"/>
  <testcase name="testWatchForCommitWithSingleNodeRatis" classname="org.apache.hadoop.ozone.client.rpc.TestBlockOutputStreamWithFailures" time="35.588"/>
  <testcase name="testWatchForCommitDatanodeFailure" classname="org.apache.hadoop.ozone.client.rpc.TestBlockOutputStreamWithFailures" time="40.678"/>
  <testcase name="testFailureWithPrimeSizedData" classname="org.apache.hadoop.ozone.client.rpc.TestBlockOutputStreamWithFailures" time="41.826">
    <failure message="expected:&lt;68&gt; but was:&lt;70&gt;" type="java.lang.AssertionError"><![CDATA[java.lang.AssertionError: expected:<68> but was:<70>
	at org.junit.Assert.fail(Assert.java:88)
	at org.junit.Assert.failNotEquals(Assert.java:743)
	at org.junit.Assert.assertEquals(Assert.java:118)
	at org.junit.Assert.assertEquals(Assert.java:555)
	at org.junit.Assert.assertEquals(Assert.java:542)
	at org.apache.hadoop.ozone.client.rpc.TestBlockOutputStreamWithFailures.testFailureWithPrimeSizedData(TestBlockOutputStreamWithFailures.java:605)
	at sun.reflect.NativeMethodAccessorImpl.invoke0(Native Method)
	at sun.reflect.NativeMethodAccessorImpl.invoke(NativeMethodAccessorImpl.java:62)
	at sun.reflect.DelegatingMethodAccessorImpl.invoke(DelegatingMethodAccessorImpl.java:43)
	at java.lang.reflect.Method.invoke(Method.java:498)
	at org.junit.runners.model.FrameworkMethod$1.runReflectiveCall(FrameworkMethod.java:47)
	at org.junit.internal.runners.model.ReflectiveCallable.run(ReflectiveCallable.java:12)
	at org.junit.runners.model.FrameworkMethod.invokeExplosively(FrameworkMethod.java:44)
	at org.junit.internal.runners.statements.InvokeMethod.evaluate(InvokeMethod.java:17)
	at org.junit.internal.runners.statements.RunBefores.evaluate(RunBefores.java:26)
	at org.junit.internal.runners.statements.RunAfters.evaluate(RunAfters.java:27)
	at org.junit.runners.ParentRunner.runLeaf(ParentRunner.java:271)
	at org.junit.runners.BlockJUnit4ClassRunner.runChild(BlockJUnit4ClassRunner.java:70)
	at org.junit.runners.BlockJUnit4ClassRunner.runChild(BlockJUnit4ClassRunner.java:50)
	at org.junit.runners.ParentRunner$3.run(ParentRunner.java:238)
	at org.junit.runners.ParentRunner$1.schedule(ParentRunner.java:63)
	at org.junit.runners.ParentRunner.runChildren(ParentRunner.java:236)
	at org.junit.runners.ParentRunner.access$000(ParentRunner.java:53)
	at org.junit.runners.ParentRunner$2.evaluate(ParentRunner.java:229)
	at org.junit.runners.ParentRunner.run(ParentRunner.java:309)
	at org.apache.maven.surefire.junit4.JUnit4Provider.execute(JUnit4Provider.java:365)
	at org.apache.maven.surefire.junit4.JUnit4Provider.executeWithRerun(JUnit4Provider.java:273)
	at org.apache.maven.surefire.junit4.JUnit4Provider.executeTestSet(JUnit4Provider.java:238)
	at org.apache.maven.surefire.junit4.JUnit4Provider.invoke(JUnit4Provider.java:159)
	at org.apache.maven.surefire.booter.ForkedBooter.invokeProviderInSameClassLoader(ForkedBooter.java:384)
	at org.apache.maven.surefire.booter.ForkedBooter.runSuitesInProcess(ForkedBooter.java:345)
	at org.apache.maven.surefire.booter.ForkedBooter.execute(ForkedBooter.java:126)
	at org.apache.maven.surefire.booter.ForkedBooter.main(ForkedBooter.java:418)
]]></failure>
    <system-out><![CDATA[2019-08-30 23:35:38,246 [main] WARN  server.ServerUtils (ServerUtils.java:getScmDbDir(145)) - ozone.scm.db.dirs is not configured. We recommend adding this setting. Falling back to ozone.metadata.dirs instead.
2019-08-30 23:35:38,269 [main] WARN  server.ServerUtils (ServerUtils.java:getScmDbDir(145)) - ozone.scm.db.dirs is not configured. We recommend adding this setting. Falling back to ozone.metadata.dirs instead.
2019-08-30 23:35:38,270 [main] WARN  server.ServerUtils (ServerUtils.java:getScmDbDir(145)) - ozone.scm.db.dirs is not configured. We recommend adding this setting. Falling back to ozone.metadata.dirs instead.
2019-08-30 23:35:38,270 [main] INFO  db.DBStoreBuilder (DBStoreBuilder.java:addTable(110)) - using custom profile for table: deletedBlocks
2019-08-30 23:35:38,271 [main] INFO  db.DBStoreBuilder (DBStoreBuilder.java:processTables(161)) - Using default column profile:DBProfile.DISK for Table:deletedBlocks
2019-08-30 23:35:38,271 [main] INFO  db.DBStoreBuilder (DBStoreBuilder.java:addTable(110)) - using custom profile for table: validCerts
2019-08-30 23:35:38,271 [main] INFO  db.DBStoreBuilder (DBStoreBuilder.java:processTables(161)) - Using default column profile:DBProfile.DISK for Table:validCerts
2019-08-30 23:35:38,271 [main] INFO  db.DBStoreBuilder (DBStoreBuilder.java:addTable(110)) - using custom profile for table: revokedCerts
2019-08-30 23:35:38,272 [main] INFO  db.DBStoreBuilder (DBStoreBuilder.java:processTables(161)) - Using default column profile:DBProfile.DISK for Table:revokedCerts
2019-08-30 23:35:38,272 [main] INFO  db.DBStoreBuilder (DBStoreBuilder.java:addTable(110)) - using custom profile for table: default
2019-08-30 23:35:38,272 [main] INFO  db.DBStoreBuilder (DBStoreBuilder.java:processTables(167)) - Using default column profile:DBProfile.DISK for Table:default
2019-08-30 23:35:38,272 [main] INFO  db.DBStoreBuilder (DBStoreBuilder.java:getDbProfile(198)) - Using default options. DBProfile.DISK
2019-08-30 23:35:38,665 [main] INFO  net.NodeSchemaLoader (NodeSchemaLoader.java:loadSchemaFromFile(125)) - Loading file from sun.misc.CompoundEnumeration@66713605
2019-08-30 23:35:38,666 [main] INFO  net.NodeSchemaLoader (NodeSchemaLoader.java:loadSchema(171)) - Loading network topology layer schema file
2019-08-30 23:35:38,672 [main] INFO  node.SCMNodeManager (SCMNodeManager.java:<init>(114)) - Entering startup safe mode.
2019-08-30 23:35:38,673 [main] INFO  algorithms.ContainerPlacementPolicyFactory (ContainerPlacementPolicyFactory.java:getPolicy(55)) - Create container placement policy of type org.apache.hadoop.hdds.scm.container.placement.algorithms.SCMContainerPlacementRandom
2019-08-30 23:35:38,674 [main] WARN  server.ServerUtils (ServerUtils.java:getScmDbDir(145)) - ozone.scm.db.dirs is not configured. We recommend adding this setting. Falling back to ozone.metadata.dirs instead.
2019-08-30 23:35:38,826 [main] INFO  pipeline.SCMPipelineManager (SCMPipelineManager.java:initializePipelineState(126)) - No pipeline exists in current db
2019-08-30 23:35:38,826 [main] WARN  server.ServerUtils (ServerUtils.java:getScmDbDir(145)) - ozone.scm.db.dirs is not configured. We recommend adding this setting. Falling back to ozone.metadata.dirs instead.
2019-08-30 23:35:38,987 [main] WARN  events.EventQueue (EventQueue.java:fireEvent(183)) - No event handler registered for event TypedEvent{payloadType=SafeModeStatus, name='SafeModeStatus'}
2019-08-30 23:35:38,988 [main] INFO  ipc.CallQueueManager (CallQueueManager.java:<init>(84)) - Using callQueue: class java.util.concurrent.LinkedBlockingQueue, queueCapacity: 2000, scheduler: class org.apache.hadoop.ipc.DefaultRpcScheduler, ipcBackoff: false.
2019-08-30 23:35:38,989 [Socket Reader #1 for port 35251] INFO  ipc.Server (Server.java:run(1074)) - Starting Socket Reader #1 for port 35251
2019-08-30 23:35:38,991 [main] INFO  ipc.CallQueueManager (CallQueueManager.java:<init>(84)) - Using callQueue: class java.util.concurrent.LinkedBlockingQueue, queueCapacity: 2000, scheduler: class org.apache.hadoop.ipc.DefaultRpcScheduler, ipcBackoff: false.
2019-08-30 23:35:38,992 [Socket Reader #1 for port 45819] INFO  ipc.Server (Server.java:run(1074)) - Starting Socket Reader #1 for port 45819
2019-08-30 23:35:38,994 [main] INFO  ipc.CallQueueManager (CallQueueManager.java:<init>(84)) - Using callQueue: class java.util.concurrent.LinkedBlockingQueue, queueCapacity: 2000, scheduler: class org.apache.hadoop.ipc.DefaultRpcScheduler, ipcBackoff: false.
2019-08-30 23:35:38,995 [Socket Reader #1 for port 34432] INFO  ipc.Server (Server.java:run(1074)) - Starting Socket Reader #1 for port 34432
2019-08-30 23:35:38,998 [main] INFO  hdfs.DFSUtil (DFSUtil.java:httpServerTemplateForNNAndJN(1641)) - Starting Web-server for scm at: http://0.0.0.0:0
2019-08-30 23:35:39,002 [main] INFO  server.AuthenticationFilter (AuthenticationFilter.java:constructSecretProvider(240)) - Unable to initialize FileSignerSecretProvider, falling back to use random secrets.
2019-08-30 23:35:39,003 [main] WARN  http.HttpRequestLog (HttpRequestLog.java:getRequestLog(97)) - Jetty request log can only be enabled using Log4j
2019-08-30 23:35:39,005 [main] INFO  http.HttpServer2 (HttpServer2.java:addGlobalFilter(975)) - Added global filter 'safety' (class=org.apache.hadoop.http.HttpServer2$QuotingInputFilter)
2019-08-30 23:35:39,006 [main] INFO  http.HttpServer2 (HttpServer2.java:addFilter(948)) - Added filter static_user_filter (class=org.apache.hadoop.http.lib.StaticUserWebFilter$StaticUserFilter) to context scm
2019-08-30 23:35:39,006 [main] INFO  http.HttpServer2 (HttpServer2.java:addFilter(958)) - Added filter static_user_filter (class=org.apache.hadoop.http.lib.StaticUserWebFilter$StaticUserFilter) to context static
2019-08-30 23:35:39,007 [main] INFO  http.HttpServer2 (HttpServer2.java:addFilter(958)) - Added filter static_user_filter (class=org.apache.hadoop.http.lib.StaticUserWebFilter$StaticUserFilter) to context logs
2019-08-30 23:35:39,009 [main] INFO  server.StorageContainerManager (StorageContainerManager.java:start(759)) - StorageContainerLocationProtocol RPC server is listening at /0.0.0.0:34432
2019-08-30 23:35:39,012 [main] WARN  impl.MetricsConfig (MetricsConfig.java:loadFirst(134)) - Cannot locate configuration: tried hadoop-metrics2-storagecontainermanager.properties,hadoop-metrics2.properties
2019-08-30 23:35:39,013 [main] INFO  impl.MetricsSystemImpl (MetricsSystemImpl.java:startTimer(374)) - Scheduled Metric snapshot period at 10 second(s).
2019-08-30 23:35:39,014 [main] INFO  impl.MetricsSystemImpl (MetricsSystemImpl.java:start(191)) - StorageContainerManager metrics system started
2019-08-30 23:35:39,066 [main] WARN  impl.MetricsSystemImpl (MetricsSystemImpl.java:register(276)) - Sink prometheus already exists!
2019-08-30 23:35:39,123 [main] INFO  server.SCMClientProtocolServer (SCMClientProtocolServer.java:start(151)) - RPC server for Client  is listening at /0.0.0.0:34432
2019-08-30 23:35:39,123 [IPC Server Responder] INFO  ipc.Server (Server.java:run(1314)) - IPC Server Responder: starting
2019-08-30 23:35:39,123 [IPC Server listener on 34432] INFO  ipc.Server (Server.java:run(1153)) - IPC Server listener on 34432: starting
2019-08-30 23:35:39,127 [main] INFO  server.StorageContainerManager (StorageContainerManager.java:start(769)) - ScmBlockLocationProtocol RPC server is listening at /0.0.0.0:45819
2019-08-30 23:35:39,127 [main] INFO  server.SCMBlockProtocolServer (SCMBlockProtocolServer.java:start(146)) - RPC server for Block Protocol is listening at /0.0.0.0:45819
2019-08-30 23:35:39,128 [IPC Server Responder] INFO  ipc.Server (Server.java:run(1314)) - IPC Server Responder: starting
2019-08-30 23:35:39,128 [IPC Server listener on 45819] INFO  ipc.Server (Server.java:run(1153)) - IPC Server listener on 45819: starting
2019-08-30 23:35:39,131 [main] INFO  server.StorageContainerManager (StorageContainerManager.java:start(773)) - ScmDatanodeProtocl RPC server is listening at /0.0.0.0:35251
2019-08-30 23:35:39,131 [main] INFO  server.SCMDatanodeProtocolServer (SCMDatanodeProtocolServer.java:start(191)) - RPC server for DataNodes is listening at /0.0.0.0:35251
2019-08-30 23:35:39,132 [IPC Server Responder] INFO  ipc.Server (Server.java:run(1314)) - IPC Server Responder: starting
2019-08-30 23:35:39,132 [IPC Server listener on 35251] INFO  ipc.Server (Server.java:run(1153)) - IPC Server listener on 35251: starting
2019-08-30 23:35:39,137 [main] INFO  http.HttpServer2 (HttpServer2.java:bindListener(1191)) - Jetty bound to port 39667
2019-08-30 23:35:39,138 [main] INFO  server.Server (Server.java:doStart(351)) - jetty-9.3.24.v20180605, build timestamp: 2018-06-05T17:11:56Z, git hash: 84205aa28f11a4f31f2a3b86d1bba2cc8ab69827
2019-08-30 23:35:39,139 [main] INFO  handler.ContextHandler (ContextHandler.java:doStart(781)) - Started o.e.j.s.ServletContextHandler@53125718{/logs,file:///workdir/hadoop-ozone/integration-test/target/log,AVAILABLE}
2019-08-30 23:35:39,140 [main] INFO  handler.ContextHandler (ContextHandler.java:doStart(781)) - Started o.e.j.s.ServletContextHandler@7af327e3{/static,file:///workdir/hadoop-ozone/integration-test/target/test-classes/webapps/static,AVAILABLE}
2019-08-30 23:35:39,144 [main] INFO  handler.ContextHandler (ContextHandler.java:doStart(781)) - Started o.e.j.w.WebAppContext@4245bf68{/,file:///workdir/hadoop-ozone/integration-test/target/test-classes/webapps/scm/,AVAILABLE}{/scm}
2019-08-30 23:35:39,144 [main] INFO  server.AbstractConnector (AbstractConnector.java:doStart(278)) - Started ServerConnector@45bbc52f{HTTP/1.1,[http/1.1]}{0.0.0.0:39667}
2019-08-30 23:35:39,145 [main] INFO  server.Server (Server.java:doStart(419)) - Started @635956ms
2019-08-30 23:35:39,145 [main] WARN  impl.MetricsSystemImpl (MetricsSystemImpl.java:register(276)) - Sink prometheus already exists!
2019-08-30 23:35:39,146 [main] INFO  server.BaseHttpServer (BaseHttpServer.java:updateConnectorAddress(215)) - HTTP server of SCM is listening at http://0.0.0.0:39667
2019-08-30 23:35:39,147 [main] WARN  server.ServerUtils (ServerUtils.java:getDBPath(222)) - ozone.om.db.dirs is not configured. We recommend adding this setting. Falling back to ozone.metadata.dirs instead.
2019-08-30 23:35:39,148 [org.apache.hadoop.util.JvmPauseMonitor$Monitor@3cc9632d] INFO  util.JvmPauseMonitor (JvmPauseMonitor.java:run(188)) - Starting JVM pause monitor
2019-08-30 23:35:39,183 [main] WARN  server.ServerUtils (ServerUtils.java:getDBPath(222)) - ozone.om.db.dirs is not configured. We recommend adding this setting. Falling back to ozone.metadata.dirs instead.
2019-08-30 23:35:39,183 [main] WARN  server.ServerUtils (ServerUtils.java:getDBPath(222)) - ozone.om.db.dirs is not configured. We recommend adding this setting. Falling back to ozone.metadata.dirs instead.
2019-08-30 23:35:39,183 [main] INFO  om.OzoneManager (OzoneManager.java:setOMNodeDetails(649)) - OM Service ID is not set. Setting it to the default ID: omServiceIdDefault
2019-08-30 23:35:39,184 [main] INFO  om.OzoneManager (OzoneManager.java:setOMNodeDetails(655)) - OM Node ID is not set. Setting it to the OmStorage's OmID: 3c1dd87d-851d-4ee8-93d0-7617db2030c9
2019-08-30 23:35:39,184 [main] INFO  om.OzoneManager (OzoneManager.java:loadOMHAConfigs(606)) - Found matching OM address with OMServiceId: null, OMNodeId: null, RPC Address: localhost:0 and Ratis port: 9872
2019-08-30 23:35:39,190 [main] WARN  server.ServerUtils (ServerUtils.java:getDBPath(222)) - ozone.om.db.dirs is not configured. We recommend adding this setting. Falling back to ozone.metadata.dirs instead.
2019-08-30 23:35:39,191 [main] INFO  db.DBStoreBuilder (DBStoreBuilder.java:addTable(110)) - using custom profile for table: userTable
2019-08-30 23:35:39,191 [main] INFO  db.DBStoreBuilder (DBStoreBuilder.java:processTables(161)) - Using default column profile:DBProfile.DISK for Table:userTable
2019-08-30 23:35:39,191 [main] INFO  db.DBStoreBuilder (DBStoreBuilder.java:addTable(110)) - using custom profile for table: volumeTable
2019-08-30 23:35:39,191 [main] INFO  db.DBStoreBuilder (DBStoreBuilder.java:processTables(161)) - Using default column profile:DBProfile.DISK for Table:volumeTable
2019-08-30 23:35:39,191 [main] INFO  db.DBStoreBuilder (DBStoreBuilder.java:addTable(110)) - using custom profile for table: bucketTable
2019-08-30 23:35:39,192 [main] INFO  db.DBStoreBuilder (DBStoreBuilder.java:processTables(161)) - Using default column profile:DBProfile.DISK for Table:bucketTable
2019-08-30 23:35:39,192 [main] INFO  db.DBStoreBuilder (DBStoreBuilder.java:addTable(110)) - using custom profile for table: keyTable
2019-08-30 23:35:39,192 [main] INFO  db.DBStoreBuilder (DBStoreBuilder.java:processTables(161)) - Using default column profile:DBProfile.DISK for Table:keyTable
2019-08-30 23:35:39,192 [main] INFO  db.DBStoreBuilder (DBStoreBuilder.java:addTable(110)) - using custom profile for table: deletedTable
2019-08-30 23:35:39,192 [main] INFO  db.DBStoreBuilder (DBStoreBuilder.java:processTables(161)) - Using default column profile:DBProfile.DISK for Table:deletedTable
2019-08-30 23:35:39,192 [main] INFO  db.DBStoreBuilder (DBStoreBuilder.java:addTable(110)) - using custom profile for table: openKeyTable
2019-08-30 23:35:39,193 [main] INFO  db.DBStoreBuilder (DBStoreBuilder.java:processTables(161)) - Using default column profile:DBProfile.DISK for Table:openKeyTable
2019-08-30 23:35:39,193 [main] INFO  db.DBStoreBuilder (DBStoreBuilder.java:addTable(110)) - using custom profile for table: s3Table
2019-08-30 23:35:39,193 [main] INFO  db.DBStoreBuilder (DBStoreBuilder.java:processTables(161)) - Using default column profile:DBProfile.DISK for Table:s3Table
2019-08-30 23:35:39,193 [main] INFO  db.DBStoreBuilder (DBStoreBuilder.java:addTable(110)) - using custom profile for table: multipartInfoTable
2019-08-30 23:35:39,193 [main] INFO  db.DBStoreBuilder (DBStoreBuilder.java:processTables(161)) - Using default column profile:DBProfile.DISK for Table:multipartInfoTable
2019-08-30 23:35:39,194 [main] INFO  db.DBStoreBuilder (DBStoreBuilder.java:addTable(110)) - using custom profile for table: dTokenTable
2019-08-30 23:35:39,194 [main] INFO  db.DBStoreBuilder (DBStoreBuilder.java:processTables(161)) - Using default column profile:DBProfile.DISK for Table:dTokenTable
2019-08-30 23:35:39,194 [main] INFO  db.DBStoreBuilder (DBStoreBuilder.java:addTable(110)) - using custom profile for table: s3SecretTable
2019-08-30 23:35:39,194 [main] INFO  db.DBStoreBuilder (DBStoreBuilder.java:processTables(161)) - Using default column profile:DBProfile.DISK for Table:s3SecretTable
2019-08-30 23:35:39,194 [main] INFO  db.DBStoreBuilder (DBStoreBuilder.java:addTable(110)) - using custom profile for table: prefixTable
2019-08-30 23:35:39,194 [main] INFO  db.DBStoreBuilder (DBStoreBuilder.java:processTables(161)) - Using default column profile:DBProfile.DISK for Table:prefixTable
2019-08-30 23:35:39,195 [main] INFO  db.DBStoreBuilder (DBStoreBuilder.java:addTable(110)) - using custom profile for table: default
2019-08-30 23:35:39,195 [main] INFO  db.DBStoreBuilder (DBStoreBuilder.java:processTables(167)) - Using default column profile:DBProfile.DISK for Table:default
2019-08-30 23:35:39,195 [main] INFO  db.DBStoreBuilder (DBStoreBuilder.java:getDbProfile(198)) - Using default options. DBProfile.DISK
2019-08-30 23:35:40,198 [main] INFO  ipc.CallQueueManager (CallQueueManager.java:<init>(84)) - Using callQueue: class java.util.concurrent.LinkedBlockingQueue, queueCapacity: 2000, scheduler: class org.apache.hadoop.ipc.DefaultRpcScheduler, ipcBackoff: false.
2019-08-30 23:35:40,199 [Socket Reader #1 for port 44069] INFO  ipc.Server (Server.java:run(1074)) - Starting Socket Reader #1 for port 44069
2019-08-30 23:35:40,221 [main] INFO  om.OzoneManager (OzoneManager.java:start(1240)) - OzoneManager RPC server is listening at localhost/127.0.0.1:44069
2019-08-30 23:35:40,221 [main] INFO  impl.MetricsSystemImpl (MetricsSystemImpl.java:init(158)) - OzoneManager metrics system started (again)
2019-08-30 23:35:40,222 [IPC Server Responder] INFO  ipc.Server (Server.java:run(1314)) - IPC Server Responder: starting
2019-08-30 23:35:40,223 [IPC Server listener on 44069] INFO  ipc.Server (Server.java:run(1153)) - IPC Server listener on 44069: starting
2019-08-30 23:35:40,228 [main] INFO  hdfs.DFSUtil (DFSUtil.java:httpServerTemplateForNNAndJN(1641)) - Starting Web-server for ozoneManager at: http://0.0.0.0:0
2019-08-30 23:35:40,230 [main] INFO  server.AuthenticationFilter (AuthenticationFilter.java:constructSecretProvider(240)) - Unable to initialize FileSignerSecretProvider, falling back to use random secrets.
2019-08-30 23:35:40,231 [main] WARN  http.HttpRequestLog (HttpRequestLog.java:getRequestLog(97)) - Jetty request log can only be enabled using Log4j
2019-08-30 23:35:40,234 [main] INFO  http.HttpServer2 (HttpServer2.java:addGlobalFilter(975)) - Added global filter 'safety' (class=org.apache.hadoop.http.HttpServer2$QuotingInputFilter)
2019-08-30 23:35:40,235 [main] INFO  http.HttpServer2 (HttpServer2.java:addFilter(948)) - Added filter static_user_filter (class=org.apache.hadoop.http.lib.StaticUserWebFilter$StaticUserFilter) to context ozoneManager
2019-08-30 23:35:40,235 [main] INFO  http.HttpServer2 (HttpServer2.java:addFilter(958)) - Added filter static_user_filter (class=org.apache.hadoop.http.lib.StaticUserWebFilter$StaticUserFilter) to context logs
2019-08-30 23:35:40,235 [main] INFO  http.HttpServer2 (HttpServer2.java:addFilter(958)) - Added filter static_user_filter (class=org.apache.hadoop.http.lib.StaticUserWebFilter$StaticUserFilter) to context static
2019-08-30 23:35:40,236 [main] INFO  http.HttpServer2 (HttpServer2.java:bindListener(1191)) - Jetty bound to port 45825
2019-08-30 23:35:40,236 [main] INFO  server.Server (Server.java:doStart(351)) - jetty-9.3.24.v20180605, build timestamp: 2018-06-05T17:11:56Z, git hash: 84205aa28f11a4f31f2a3b86d1bba2cc8ab69827
2019-08-30 23:35:40,239 [main] INFO  handler.ContextHandler (ContextHandler.java:doStart(781)) - Started o.e.j.s.ServletContextHandler@36510e73{/logs,file:///workdir/hadoop-ozone/integration-test/target/log,AVAILABLE}
2019-08-30 23:35:40,240 [main] INFO  handler.ContextHandler (ContextHandler.java:doStart(781)) - Started o.e.j.s.ServletContextHandler@5d2a86c0{/static,file:///workdir/hadoop-ozone/integration-test/target/test-classes/webapps/static,AVAILABLE}
2019-08-30 23:35:40,245 [main] INFO  handler.ContextHandler (ContextHandler.java:doStart(781)) - Started o.e.j.w.WebAppContext@1304e0d7{/,file:///workdir/hadoop-ozone/integration-test/target/test-classes/webapps/ozoneManager/,AVAILABLE}{/ozoneManager}
2019-08-30 23:35:40,245 [main] INFO  server.AbstractConnector (AbstractConnector.java:doStart(278)) - Started ServerConnector@6ddc67d0{HTTP/1.1,[http/1.1]}{0.0.0.0:45825}
2019-08-30 23:35:40,246 [main] INFO  server.Server (Server.java:doStart(419)) - Started @637057ms
2019-08-30 23:35:40,247 [main] WARN  impl.MetricsSystemImpl (MetricsSystemImpl.java:register(276)) - Sink prometheus already exists!
2019-08-30 23:35:40,247 [main] INFO  server.BaseHttpServer (BaseHttpServer.java:updateConnectorAddress(215)) - HTTP server of OZONEMANAGER is listening at http://0.0.0.0:45825
2019-08-30 23:35:40,270 [main] INFO  impl.MetricsSystemImpl (MetricsSystemImpl.java:init(158)) - HddsDatanode metrics system started (again)
2019-08-30 23:35:40,273 [main] INFO  ozone.HddsDatanodeService (HddsDatanodeService.java:start(184)) - HddsDatanodeService host:pr-hdds-2065-gthbc-3516972114 ip:192.168.69.97
2019-08-30 23:35:40,280 [main] INFO  volume.HddsVolume (HddsVolume.java:<init>(176)) - Creating Volume: /workdir/hadoop-ozone/integration-test/target/test-dir/MiniOzoneClusterImpl-cd3b51ba-7d2f-4eb6-8b0c-706acb0cc0f6/datanode-0/data/containers/hdds of  storage type : DISK and capacity : 1482555576320
2019-08-30 23:35:40,280 [main] INFO  volume.VolumeSet (VolumeSet.java:initializeVolumeSet(170)) - Added Volume : /workdir/hadoop-ozone/integration-test/target/test-dir/MiniOzoneClusterImpl-cd3b51ba-7d2f-4eb6-8b0c-706acb0cc0f6/datanode-0/data/containers/hdds to VolumeSet
2019-08-30 23:35:40,281 [main] INFO  volume.ThrottledAsyncChecker (ThrottledAsyncChecker.java:schedule(140)) - Scheduling a check for org.apache.hadoop.ozone.container.common.volume.HddsVolume@5f0f70c7
2019-08-30 23:35:40,284 [main] INFO  volume.HddsVolumeChecker (HddsVolumeChecker.java:checkAllVolumes(203)) - Scheduled health check for volume org.apache.hadoop.ozone.container.common.volume.HddsVolume@5f0f70c7
2019-08-30 23:35:40,301 [main] INFO  impl.RaftServerProxy (ConfUtils.java:logGet(43)) - raft.rpc.type = GRPC (default)
2019-08-30 23:35:40,302 [main] INFO  grpc.GrpcFactory (GrpcFactory.java:checkPooledByteBufAllocatorUseCacheForAllThreads(45)) - PERFORMANCE WARNING: useCacheForAllThreads is true that may cause Netty to create a lot garbage objects and, as a result, trigger GC.
	It is recommended to disable useCacheForAllThreads by setting -Dorg.apache.ratis.thirdparty.io.netty.allocator.useCacheForAllThreads=false in command line.
2019-08-30 23:35:40,302 [main] INFO  grpc.GrpcConfigKeys$Server (ConfUtils.java:logGet(43)) - raft.grpc.server.port = 0 (default)
2019-08-30 23:35:40,302 [main] INFO  server.GrpcService (ConfUtils.java:logGet(43)) - raft.grpc.message.size.max = 33570816 (custom)
2019-08-30 23:35:40,303 [main] INFO  server.RaftServerConfigKeys (ConfUtils.java:logGet(43)) - raft.server.log.appender.buffer.byte-limit = 33554432 (custom)
2019-08-30 23:35:40,303 [main] INFO  server.GrpcService (ConfUtils.java:logGet(43)) - raft.grpc.flow.control.window = 1MB (=1048576) (default)
2019-08-30 23:35:40,303 [main] INFO  server.RaftServerConfigKeys (ConfUtils.java:logGet(43)) - raft.server.rpc.request.timeout = 3000ms (default)
2019-08-30 23:35:40,304 [main] INFO  server.RaftServerConfigKeys (ConfUtils.java:logGet(43)) - raft.server.storage.dir = [/workdir/hadoop-ozone/integration-test/target/test-dir/MiniOzoneClusterImpl-cd3b51ba-7d2f-4eb6-8b0c-706acb0cc0f6/datanode-0/data/ratis] (custom)
2019-08-30 23:35:40,305 [main] INFO  hdfs.DFSUtil (DFSUtil.java:httpServerTemplateForNNAndJN(1641)) - Starting Web-server for hddsDatanode at: http://0.0.0.0:0
2019-08-30 23:35:40,307 [main] INFO  server.AuthenticationFilter (AuthenticationFilter.java:constructSecretProvider(240)) - Unable to initialize FileSignerSecretProvider, falling back to use random secrets.
2019-08-30 23:35:40,307 [main] WARN  http.HttpRequestLog (HttpRequestLog.java:getRequestLog(97)) - Jetty request log can only be enabled using Log4j
2019-08-30 23:35:40,309 [main] INFO  http.HttpServer2 (HttpServer2.java:addGlobalFilter(975)) - Added global filter 'safety' (class=org.apache.hadoop.http.HttpServer2$QuotingInputFilter)
2019-08-30 23:35:40,309 [main] INFO  http.HttpServer2 (HttpServer2.java:addFilter(948)) - Added filter static_user_filter (class=org.apache.hadoop.http.lib.StaticUserWebFilter$StaticUserFilter) to context hddsDatanode
2019-08-30 23:35:40,309 [main] INFO  http.HttpServer2 (HttpServer2.java:addFilter(958)) - Added filter static_user_filter (class=org.apache.hadoop.http.lib.StaticUserWebFilter$StaticUserFilter) to context logs
2019-08-30 23:35:40,310 [main] INFO  http.HttpServer2 (HttpServer2.java:addFilter(958)) - Added filter static_user_filter (class=org.apache.hadoop.http.lib.StaticUserWebFilter$StaticUserFilter) to context static
2019-08-30 23:35:40,310 [main] INFO  http.HttpServer2 (HttpServer2.java:bindListener(1191)) - Jetty bound to port 41963
2019-08-30 23:35:40,310 [main] INFO  server.Server (Server.java:doStart(351)) - jetty-9.3.24.v20180605, build timestamp: 2018-06-05T17:11:56Z, git hash: 84205aa28f11a4f31f2a3b86d1bba2cc8ab69827
2019-08-30 23:35:40,312 [main] INFO  handler.ContextHandler (ContextHandler.java:doStart(781)) - Started o.e.j.s.ServletContextHandler@569348e1{/logs,file:///workdir/hadoop-ozone/integration-test/target/log,AVAILABLE}
2019-08-30 23:35:40,313 [main] INFO  handler.ContextHandler (ContextHandler.java:doStart(781)) - Started o.e.j.s.ServletContextHandler@407b8435{/static,jar:file:/home/user/.m2/repository/org/apache/hadoop/hadoop-hdds-container-service/0.5.0-SNAPSHOT/hadoop-hdds-container-service-0.5.0-SNAPSHOT.jar!/webapps/static,AVAILABLE}
2019-08-30 23:35:40,341 [main] INFO  handler.ContextHandler (ContextHandler.java:doStart(781)) - Started o.e.j.w.WebAppContext@1ec88aa1{/,file:///tmp/jetty-0.0.0.0-41963-hddsDatanode-_-any-1892737637442083919.dir/webapp/,AVAILABLE}{/hddsDatanode}
2019-08-30 23:35:40,341 [main] INFO  server.AbstractConnector (AbstractConnector.java:doStart(278)) - Started ServerConnector@3e6748ae{HTTP/1.1,[http/1.1]}{0.0.0.0:41963}
2019-08-30 23:35:40,341 [main] INFO  server.Server (Server.java:doStart(419)) - Started @637152ms
2019-08-30 23:35:40,342 [main] WARN  impl.MetricsSystemImpl (MetricsSystemImpl.java:register(276)) - Sink prometheus already exists!
2019-08-30 23:35:40,343 [main] INFO  server.BaseHttpServer (BaseHttpServer.java:updateConnectorAddress(215)) - HTTP server of HDDSDATANODE is listening at http://0.0.0.0:41963
2019-08-30 23:35:40,343 [main] INFO  impl.MetricsSystemImpl (MetricsSystemImpl.java:init(158)) - HddsDatanode metrics system started (again)
2019-08-30 23:35:40,346 [main] INFO  ozone.HddsDatanodeService (HddsDatanodeService.java:start(184)) - HddsDatanodeService host:pr-hdds-2065-gthbc-3516972114 ip:192.168.69.97
2019-08-30 23:35:40,346 [org.apache.hadoop.util.JvmPauseMonitor$Monitor@4edab9dd] INFO  util.JvmPauseMonitor (JvmPauseMonitor.java:run(188)) - Starting JVM pause monitor
2019-08-30 23:35:40,348 [Datanode State Machine Thread - 0] INFO  datanode.InitDatanodeState (InitDatanodeState.java:persistContainerDatanodeDetails(140)) - DatanodeDetails is persisted to /workdir/hadoop-ozone/integration-test/target/test-dir/MiniOzoneClusterImpl-cd3b51ba-7d2f-4eb6-8b0c-706acb0cc0f6/datanode-0/meta/datanode.id
2019-08-30 23:35:40,352 [main] INFO  volume.HddsVolume (HddsVolume.java:<init>(176)) - Creating Volume: /workdir/hadoop-ozone/integration-test/target/test-dir/MiniOzoneClusterImpl-cd3b51ba-7d2f-4eb6-8b0c-706acb0cc0f6/datanode-1/data/containers/hdds of  storage type : DISK and capacity : 1482555576320
2019-08-30 23:35:40,352 [main] INFO  volume.VolumeSet (VolumeSet.java:initializeVolumeSet(170)) - Added Volume : /workdir/hadoop-ozone/integration-test/target/test-dir/MiniOzoneClusterImpl-cd3b51ba-7d2f-4eb6-8b0c-706acb0cc0f6/datanode-1/data/containers/hdds to VolumeSet
2019-08-30 23:35:40,352 [main] INFO  volume.ThrottledAsyncChecker (ThrottledAsyncChecker.java:schedule(140)) - Scheduling a check for org.apache.hadoop.ozone.container.common.volume.HddsVolume@54247647
2019-08-30 23:35:40,353 [main] INFO  volume.HddsVolumeChecker (HddsVolumeChecker.java:checkAllVolumes(203)) - Scheduled health check for volume org.apache.hadoop.ozone.container.common.volume.HddsVolume@54247647
2019-08-30 23:35:40,366 [main] INFO  impl.RaftServerProxy (ConfUtils.java:logGet(43)) - raft.rpc.type = GRPC (default)
2019-08-30 23:35:40,366 [main] INFO  grpc.GrpcFactory (GrpcFactory.java:checkPooledByteBufAllocatorUseCacheForAllThreads(45)) - PERFORMANCE WARNING: useCacheForAllThreads is true that may cause Netty to create a lot garbage objects and, as a result, trigger GC.
	It is recommended to disable useCacheForAllThreads by setting -Dorg.apache.ratis.thirdparty.io.netty.allocator.useCacheForAllThreads=false in command line.
2019-08-30 23:35:40,366 [main] INFO  grpc.GrpcConfigKeys$Server (ConfUtils.java:logGet(43)) - raft.grpc.server.port = 0 (default)
2019-08-30 23:35:40,367 [main] INFO  server.GrpcService (ConfUtils.java:logGet(43)) - raft.grpc.message.size.max = 33570816 (custom)
2019-08-30 23:35:40,367 [main] INFO  server.RaftServerConfigKeys (ConfUtils.java:logGet(43)) - raft.server.log.appender.buffer.byte-limit = 33554432 (custom)
2019-08-30 23:35:40,367 [main] INFO  server.GrpcService (ConfUtils.java:logGet(43)) - raft.grpc.flow.control.window = 1MB (=1048576) (default)
2019-08-30 23:35:40,367 [main] INFO  server.RaftServerConfigKeys (ConfUtils.java:logGet(43)) - raft.server.rpc.request.timeout = 3000ms (default)
2019-08-30 23:35:40,368 [main] INFO  server.RaftServerConfigKeys (ConfUtils.java:logGet(43)) - raft.server.storage.dir = [/workdir/hadoop-ozone/integration-test/target/test-dir/MiniOzoneClusterImpl-cd3b51ba-7d2f-4eb6-8b0c-706acb0cc0f6/datanode-1/data/ratis] (custom)
2019-08-30 23:35:40,369 [main] INFO  hdfs.DFSUtil (DFSUtil.java:httpServerTemplateForNNAndJN(1641)) - Starting Web-server for hddsDatanode at: http://0.0.0.0:0
2019-08-30 23:35:40,370 [main] INFO  server.AuthenticationFilter (AuthenticationFilter.java:constructSecretProvider(240)) - Unable to initialize FileSignerSecretProvider, falling back to use random secrets.
2019-08-30 23:35:40,370 [main] WARN  http.HttpRequestLog (HttpRequestLog.java:getRequestLog(97)) - Jetty request log can only be enabled using Log4j
2019-08-30 23:35:40,372 [main] INFO  http.HttpServer2 (HttpServer2.java:addGlobalFilter(975)) - Added global filter 'safety' (class=org.apache.hadoop.http.HttpServer2$QuotingInputFilter)
2019-08-30 23:35:40,372 [main] INFO  http.HttpServer2 (HttpServer2.java:addFilter(948)) - Added filter static_user_filter (class=org.apache.hadoop.http.lib.StaticUserWebFilter$StaticUserFilter) to context hddsDatanode
2019-08-30 23:35:40,372 [main] INFO  http.HttpServer2 (HttpServer2.java:addFilter(958)) - Added filter static_user_filter (class=org.apache.hadoop.http.lib.StaticUserWebFilter$StaticUserFilter) to context static
2019-08-30 23:35:40,372 [main] INFO  http.HttpServer2 (HttpServer2.java:addFilter(958)) - Added filter static_user_filter (class=org.apache.hadoop.http.lib.StaticUserWebFilter$StaticUserFilter) to context logs
2019-08-30 23:35:40,373 [main] INFO  http.HttpServer2 (HttpServer2.java:bindListener(1191)) - Jetty bound to port 42375
2019-08-30 23:35:40,373 [main] INFO  server.Server (Server.java:doStart(351)) - jetty-9.3.24.v20180605, build timestamp: 2018-06-05T17:11:56Z, git hash: 84205aa28f11a4f31f2a3b86d1bba2cc8ab69827
2019-08-30 23:35:40,375 [main] INFO  handler.ContextHandler (ContextHandler.java:doStart(781)) - Started o.e.j.s.ServletContextHandler@23ad2d17{/logs,file:///workdir/hadoop-ozone/integration-test/target/log,AVAILABLE}
2019-08-30 23:35:40,375 [main] INFO  handler.ContextHandler (ContextHandler.java:doStart(781)) - Started o.e.j.s.ServletContextHandler@25f0c5e7{/static,jar:file:/home/user/.m2/repository/org/apache/hadoop/hadoop-hdds-container-service/0.5.0-SNAPSHOT/hadoop-hdds-container-service-0.5.0-SNAPSHOT.jar!/webapps/static,AVAILABLE}
2019-08-30 23:35:40,402 [main] INFO  handler.ContextHandler (ContextHandler.java:doStart(781)) - Started o.e.j.w.WebAppContext@71b97eeb{/,file:///tmp/jetty-0.0.0.0-42375-hddsDatanode-_-any-2914708888069855526.dir/webapp/,AVAILABLE}{/hddsDatanode}
2019-08-30 23:35:40,402 [main] INFO  server.AbstractConnector (AbstractConnector.java:doStart(278)) - Started ServerConnector@2776fd8f{HTTP/1.1,[http/1.1]}{0.0.0.0:42375}
2019-08-30 23:35:40,403 [main] INFO  server.Server (Server.java:doStart(419)) - Started @637213ms
2019-08-30 23:35:40,404 [main] WARN  impl.MetricsSystemImpl (MetricsSystemImpl.java:register(276)) - Sink prometheus already exists!
2019-08-30 23:35:40,405 [main] INFO  server.BaseHttpServer (BaseHttpServer.java:updateConnectorAddress(215)) - HTTP server of HDDSDATANODE is listening at http://0.0.0.0:42375
2019-08-30 23:35:40,405 [main] INFO  impl.MetricsSystemImpl (MetricsSystemImpl.java:init(158)) - HddsDatanode metrics system started (again)
2019-08-30 23:35:40,408 [org.apache.hadoop.util.JvmPauseMonitor$Monitor@1accf2cc] INFO  util.JvmPauseMonitor (JvmPauseMonitor.java:run(188)) - Starting JVM pause monitor
2019-08-30 23:35:40,408 [main] INFO  ozone.HddsDatanodeService (HddsDatanodeService.java:start(184)) - HddsDatanodeService host:pr-hdds-2065-gthbc-3516972114 ip:192.168.69.97
2019-08-30 23:35:40,409 [Datanode State Machine Thread - 0] INFO  datanode.InitDatanodeState (InitDatanodeState.java:persistContainerDatanodeDetails(140)) - DatanodeDetails is persisted to /workdir/hadoop-ozone/integration-test/target/test-dir/MiniOzoneClusterImpl-cd3b51ba-7d2f-4eb6-8b0c-706acb0cc0f6/datanode-1/meta/datanode.id
2019-08-30 23:35:40,415 [main] INFO  volume.HddsVolume (HddsVolume.java:<init>(176)) - Creating Volume: /workdir/hadoop-ozone/integration-test/target/test-dir/MiniOzoneClusterImpl-cd3b51ba-7d2f-4eb6-8b0c-706acb0cc0f6/datanode-2/data/containers/hdds of  storage type : DISK and capacity : 1482555576320
2019-08-30 23:35:40,415 [main] INFO  volume.VolumeSet (VolumeSet.java:initializeVolumeSet(170)) - Added Volume : /workdir/hadoop-ozone/integration-test/target/test-dir/MiniOzoneClusterImpl-cd3b51ba-7d2f-4eb6-8b0c-706acb0cc0f6/datanode-2/data/containers/hdds to VolumeSet
2019-08-30 23:35:40,416 [main] INFO  volume.ThrottledAsyncChecker (ThrottledAsyncChecker.java:schedule(140)) - Scheduling a check for org.apache.hadoop.ozone.container.common.volume.HddsVolume@6afbe6a1
2019-08-30 23:35:40,416 [main] INFO  volume.HddsVolumeChecker (HddsVolumeChecker.java:checkAllVolumes(203)) - Scheduled health check for volume org.apache.hadoop.ozone.container.common.volume.HddsVolume@6afbe6a1
2019-08-30 23:35:40,434 [main] INFO  impl.RaftServerProxy (ConfUtils.java:logGet(43)) - raft.rpc.type = GRPC (default)
2019-08-30 23:35:40,434 [main] INFO  grpc.GrpcFactory (GrpcFactory.java:checkPooledByteBufAllocatorUseCacheForAllThreads(45)) - PERFORMANCE WARNING: useCacheForAllThreads is true that may cause Netty to create a lot garbage objects and, as a result, trigger GC.
	It is recommended to disable useCacheForAllThreads by setting -Dorg.apache.ratis.thirdparty.io.netty.allocator.useCacheForAllThreads=false in command line.
2019-08-30 23:35:40,434 [main] INFO  grpc.GrpcConfigKeys$Server (ConfUtils.java:logGet(43)) - raft.grpc.server.port = 0 (default)
2019-08-30 23:35:40,435 [main] INFO  server.GrpcService (ConfUtils.java:logGet(43)) - raft.grpc.message.size.max = 33570816 (custom)
2019-08-30 23:35:40,435 [main] INFO  server.RaftServerConfigKeys (ConfUtils.java:logGet(43)) - raft.server.log.appender.buffer.byte-limit = 33554432 (custom)
2019-08-30 23:35:40,435 [main] INFO  server.GrpcService (ConfUtils.java:logGet(43)) - raft.grpc.flow.control.window = 1MB (=1048576) (default)
2019-08-30 23:35:40,435 [main] INFO  server.RaftServerConfigKeys (ConfUtils.java:logGet(43)) - raft.server.rpc.request.timeout = 3000ms (default)
2019-08-30 23:35:40,436 [main] INFO  server.RaftServerConfigKeys (ConfUtils.java:logGet(43)) - raft.server.storage.dir = [/workdir/hadoop-ozone/integration-test/target/test-dir/MiniOzoneClusterImpl-cd3b51ba-7d2f-4eb6-8b0c-706acb0cc0f6/datanode-2/data/ratis] (custom)
2019-08-30 23:35:40,437 [main] INFO  hdfs.DFSUtil (DFSUtil.java:httpServerTemplateForNNAndJN(1641)) - Starting Web-server for hddsDatanode at: http://0.0.0.0:0
2019-08-30 23:35:40,438 [main] INFO  server.AuthenticationFilter (AuthenticationFilter.java:constructSecretProvider(240)) - Unable to initialize FileSignerSecretProvider, falling back to use random secrets.
2019-08-30 23:35:40,438 [main] WARN  http.HttpRequestLog (HttpRequestLog.java:getRequestLog(97)) - Jetty request log can only be enabled using Log4j
2019-08-30 23:35:40,440 [main] INFO  http.HttpServer2 (HttpServer2.java:addGlobalFilter(975)) - Added global filter 'safety' (class=org.apache.hadoop.http.HttpServer2$QuotingInputFilter)
2019-08-30 23:35:40,440 [main] INFO  http.HttpServer2 (HttpServer2.java:addFilter(948)) - Added filter static_user_filter (class=org.apache.hadoop.http.lib.StaticUserWebFilter$StaticUserFilter) to context hddsDatanode
2019-08-30 23:35:40,440 [main] INFO  http.HttpServer2 (HttpServer2.java:addFilter(958)) - Added filter static_user_filter (class=org.apache.hadoop.http.lib.StaticUserWebFilter$StaticUserFilter) to context logs
2019-08-30 23:35:40,440 [main] INFO  http.HttpServer2 (HttpServer2.java:addFilter(958)) - Added filter static_user_filter (class=org.apache.hadoop.http.lib.StaticUserWebFilter$StaticUserFilter) to context static
2019-08-30 23:35:40,441 [main] INFO  http.HttpServer2 (HttpServer2.java:bindListener(1191)) - Jetty bound to port 32791
2019-08-30 23:35:40,441 [main] INFO  server.Server (Server.java:doStart(351)) - jetty-9.3.24.v20180605, build timestamp: 2018-06-05T17:11:56Z, git hash: 84205aa28f11a4f31f2a3b86d1bba2cc8ab69827
2019-08-30 23:35:40,443 [main] INFO  handler.ContextHandler (ContextHandler.java:doStart(781)) - Started o.e.j.s.ServletContextHandler@17fbfb02{/logs,file:///workdir/hadoop-ozone/integration-test/target/log,AVAILABLE}
2019-08-30 23:35:40,443 [main] INFO  handler.ContextHandler (ContextHandler.java:doStart(781)) - Started o.e.j.s.ServletContextHandler@6f315b08{/static,jar:file:/home/user/.m2/repository/org/apache/hadoop/hadoop-hdds-container-service/0.5.0-SNAPSHOT/hadoop-hdds-container-service-0.5.0-SNAPSHOT.jar!/webapps/static,AVAILABLE}
2019-08-30 23:35:40,470 [main] INFO  handler.ContextHandler (ContextHandler.java:doStart(781)) - Started o.e.j.w.WebAppContext@7b5021d1{/,file:///tmp/jetty-0.0.0.0-32791-hddsDatanode-_-any-3509655024010306270.dir/webapp/,AVAILABLE}{/hddsDatanode}
2019-08-30 23:35:40,470 [main] INFO  server.AbstractConnector (AbstractConnector.java:doStart(278)) - Started ServerConnector@6befbb12{HTTP/1.1,[http/1.1]}{0.0.0.0:32791}
2019-08-30 23:35:40,471 [main] INFO  server.Server (Server.java:doStart(419)) - Started @637282ms
2019-08-30 23:35:40,471 [main] WARN  impl.MetricsSystemImpl (MetricsSystemImpl.java:register(276)) - Sink prometheus already exists!
2019-08-30 23:35:40,472 [main] INFO  server.BaseHttpServer (BaseHttpServer.java:updateConnectorAddress(215)) - HTTP server of HDDSDATANODE is listening at http://0.0.0.0:32791
2019-08-30 23:35:40,472 [main] INFO  impl.MetricsSystemImpl (MetricsSystemImpl.java:init(158)) - HddsDatanode metrics system started (again)
2019-08-30 23:35:40,476 [main] INFO  ozone.HddsDatanodeService (HddsDatanodeService.java:start(184)) - HddsDatanodeService host:pr-hdds-2065-gthbc-3516972114 ip:192.168.69.97
2019-08-30 23:35:40,476 [org.apache.hadoop.util.JvmPauseMonitor$Monitor@1a63c220] INFO  util.JvmPauseMonitor (JvmPauseMonitor.java:run(188)) - Starting JVM pause monitor
2019-08-30 23:35:40,478 [Datanode State Machine Thread - 0] INFO  datanode.InitDatanodeState (InitDatanodeState.java:persistContainerDatanodeDetails(140)) - DatanodeDetails is persisted to /workdir/hadoop-ozone/integration-test/target/test-dir/MiniOzoneClusterImpl-cd3b51ba-7d2f-4eb6-8b0c-706acb0cc0f6/datanode-2/meta/datanode.id
2019-08-30 23:35:40,482 [main] INFO  volume.HddsVolume (HddsVolume.java:<init>(176)) - Creating Volume: /workdir/hadoop-ozone/integration-test/target/test-dir/MiniOzoneClusterImpl-cd3b51ba-7d2f-4eb6-8b0c-706acb0cc0f6/datanode-3/data/containers/hdds of  storage type : DISK and capacity : 1482555576320
2019-08-30 23:35:40,482 [main] INFO  volume.VolumeSet (VolumeSet.java:initializeVolumeSet(170)) - Added Volume : /workdir/hadoop-ozone/integration-test/target/test-dir/MiniOzoneClusterImpl-cd3b51ba-7d2f-4eb6-8b0c-706acb0cc0f6/datanode-3/data/containers/hdds to VolumeSet
2019-08-30 23:35:40,483 [main] INFO  volume.ThrottledAsyncChecker (ThrottledAsyncChecker.java:schedule(140)) - Scheduling a check for org.apache.hadoop.ozone.container.common.volume.HddsVolume@11826398
2019-08-30 23:35:40,483 [main] INFO  volume.HddsVolumeChecker (HddsVolumeChecker.java:checkAllVolumes(203)) - Scheduled health check for volume org.apache.hadoop.ozone.container.common.volume.HddsVolume@11826398
2019-08-30 23:35:40,497 [main] INFO  impl.RaftServerProxy (ConfUtils.java:logGet(43)) - raft.rpc.type = GRPC (default)
2019-08-30 23:35:40,497 [main] INFO  grpc.GrpcFactory (GrpcFactory.java:checkPooledByteBufAllocatorUseCacheForAllThreads(45)) - PERFORMANCE WARNING: useCacheForAllThreads is true that may cause Netty to create a lot garbage objects and, as a result, trigger GC.
	It is recommended to disable useCacheForAllThreads by setting -Dorg.apache.ratis.thirdparty.io.netty.allocator.useCacheForAllThreads=false in command line.
2019-08-30 23:35:40,497 [main] INFO  grpc.GrpcConfigKeys$Server (ConfUtils.java:logGet(43)) - raft.grpc.server.port = 0 (default)
2019-08-30 23:35:40,497 [main] INFO  server.GrpcService (ConfUtils.java:logGet(43)) - raft.grpc.message.size.max = 33570816 (custom)
2019-08-30 23:35:40,498 [main] INFO  server.RaftServerConfigKeys (ConfUtils.java:logGet(43)) - raft.server.log.appender.buffer.byte-limit = 33554432 (custom)
2019-08-30 23:35:40,498 [main] INFO  server.GrpcService (ConfUtils.java:logGet(43)) - raft.grpc.flow.control.window = 1MB (=1048576) (default)
2019-08-30 23:35:40,498 [main] INFO  server.RaftServerConfigKeys (ConfUtils.java:logGet(43)) - raft.server.rpc.request.timeout = 3000ms (default)
2019-08-30 23:35:40,498 [main] INFO  server.RaftServerConfigKeys (ConfUtils.java:logGet(43)) - raft.server.storage.dir = [/workdir/hadoop-ozone/integration-test/target/test-dir/MiniOzoneClusterImpl-cd3b51ba-7d2f-4eb6-8b0c-706acb0cc0f6/datanode-3/data/ratis] (custom)
2019-08-30 23:35:40,500 [main] INFO  hdfs.DFSUtil (DFSUtil.java:httpServerTemplateForNNAndJN(1641)) - Starting Web-server for hddsDatanode at: http://0.0.0.0:0
2019-08-30 23:35:40,501 [main] INFO  server.AuthenticationFilter (AuthenticationFilter.java:constructSecretProvider(240)) - Unable to initialize FileSignerSecretProvider, falling back to use random secrets.
2019-08-30 23:35:40,501 [main] WARN  http.HttpRequestLog (HttpRequestLog.java:getRequestLog(97)) - Jetty request log can only be enabled using Log4j
2019-08-30 23:35:40,503 [main] INFO  http.HttpServer2 (HttpServer2.java:addGlobalFilter(975)) - Added global filter 'safety' (class=org.apache.hadoop.http.HttpServer2$QuotingInputFilter)
2019-08-30 23:35:40,504 [main] INFO  http.HttpServer2 (HttpServer2.java:addFilter(948)) - Added filter static_user_filter (class=org.apache.hadoop.http.lib.StaticUserWebFilter$StaticUserFilter) to context hddsDatanode
2019-08-30 23:35:40,504 [main] INFO  http.HttpServer2 (HttpServer2.java:addFilter(958)) - Added filter static_user_filter (class=org.apache.hadoop.http.lib.StaticUserWebFilter$StaticUserFilter) to context static
2019-08-30 23:35:40,504 [main] INFO  http.HttpServer2 (HttpServer2.java:addFilter(958)) - Added filter static_user_filter (class=org.apache.hadoop.http.lib.StaticUserWebFilter$StaticUserFilter) to context logs
2019-08-30 23:35:40,504 [main] INFO  http.HttpServer2 (HttpServer2.java:bindListener(1191)) - Jetty bound to port 42295
2019-08-30 23:35:40,505 [main] INFO  server.Server (Server.java:doStart(351)) - jetty-9.3.24.v20180605, build timestamp: 2018-06-05T17:11:56Z, git hash: 84205aa28f11a4f31f2a3b86d1bba2cc8ab69827
2019-08-30 23:35:40,506 [main] INFO  handler.ContextHandler (ContextHandler.java:doStart(781)) - Started o.e.j.s.ServletContextHandler@29bd85db{/logs,file:///workdir/hadoop-ozone/integration-test/target/log,AVAILABLE}
2019-08-30 23:35:40,507 [main] INFO  handler.ContextHandler (ContextHandler.java:doStart(781)) - Started o.e.j.s.ServletContextHandler@5c234920{/static,jar:file:/home/user/.m2/repository/org/apache/hadoop/hadoop-hdds-container-service/0.5.0-SNAPSHOT/hadoop-hdds-container-service-0.5.0-SNAPSHOT.jar!/webapps/static,AVAILABLE}
2019-08-30 23:35:40,534 [main] INFO  handler.ContextHandler (ContextHandler.java:doStart(781)) - Started o.e.j.w.WebAppContext@2ad7bd26{/,file:///tmp/jetty-0.0.0.0-42295-hddsDatanode-_-any-2005854029525925855.dir/webapp/,AVAILABLE}{/hddsDatanode}
2019-08-30 23:35:40,534 [main] INFO  server.AbstractConnector (AbstractConnector.java:doStart(278)) - Started ServerConnector@3cc3f13e{HTTP/1.1,[http/1.1]}{0.0.0.0:42295}
2019-08-30 23:35:40,534 [main] INFO  server.Server (Server.java:doStart(419)) - Started @637345ms
2019-08-30 23:35:40,536 [main] WARN  impl.MetricsSystemImpl (MetricsSystemImpl.java:register(276)) - Sink prometheus already exists!
2019-08-30 23:35:40,537 [main] INFO  server.BaseHttpServer (BaseHttpServer.java:updateConnectorAddress(215)) - HTTP server of HDDSDATANODE is listening at http://0.0.0.0:42295
2019-08-30 23:35:40,537 [main] INFO  impl.MetricsSystemImpl (MetricsSystemImpl.java:init(158)) - HddsDatanode metrics system started (again)
2019-08-30 23:35:40,540 [main] INFO  ozone.HddsDatanodeService (HddsDatanodeService.java:start(184)) - HddsDatanodeService host:pr-hdds-2065-gthbc-3516972114 ip:192.168.69.97
2019-08-30 23:35:40,540 [org.apache.hadoop.util.JvmPauseMonitor$Monitor@7e9d331b] INFO  util.JvmPauseMonitor (JvmPauseMonitor.java:run(188)) - Starting JVM pause monitor
2019-08-30 23:35:40,541 [Datanode State Machine Thread - 0] INFO  datanode.InitDatanodeState (InitDatanodeState.java:persistContainerDatanodeDetails(140)) - DatanodeDetails is persisted to /workdir/hadoop-ozone/integration-test/target/test-dir/MiniOzoneClusterImpl-cd3b51ba-7d2f-4eb6-8b0c-706acb0cc0f6/datanode-3/meta/datanode.id
2019-08-30 23:35:40,545 [main] INFO  volume.HddsVolume (HddsVolume.java:<init>(176)) - Creating Volume: /workdir/hadoop-ozone/integration-test/target/test-dir/MiniOzoneClusterImpl-cd3b51ba-7d2f-4eb6-8b0c-706acb0cc0f6/datanode-4/data/containers/hdds of  storage type : DISK and capacity : 1482555576320
2019-08-30 23:35:40,545 [main] INFO  volume.VolumeSet (VolumeSet.java:initializeVolumeSet(170)) - Added Volume : /workdir/hadoop-ozone/integration-test/target/test-dir/MiniOzoneClusterImpl-cd3b51ba-7d2f-4eb6-8b0c-706acb0cc0f6/datanode-4/data/containers/hdds to VolumeSet
2019-08-30 23:35:40,546 [main] INFO  volume.ThrottledAsyncChecker (ThrottledAsyncChecker.java:schedule(140)) - Scheduling a check for org.apache.hadoop.ozone.container.common.volume.HddsVolume@3af236d0
2019-08-30 23:35:40,546 [main] INFO  volume.HddsVolumeChecker (HddsVolumeChecker.java:checkAllVolumes(203)) - Scheduled health check for volume org.apache.hadoop.ozone.container.common.volume.HddsVolume@3af236d0
2019-08-30 23:35:40,559 [main] INFO  impl.RaftServerProxy (ConfUtils.java:logGet(43)) - raft.rpc.type = GRPC (default)
2019-08-30 23:35:40,560 [main] INFO  grpc.GrpcFactory (GrpcFactory.java:checkPooledByteBufAllocatorUseCacheForAllThreads(45)) - PERFORMANCE WARNING: useCacheForAllThreads is true that may cause Netty to create a lot garbage objects and, as a result, trigger GC.
	It is recommended to disable useCacheForAllThreads by setting -Dorg.apache.ratis.thirdparty.io.netty.allocator.useCacheForAllThreads=false in command line.
2019-08-30 23:35:40,560 [main] INFO  grpc.GrpcConfigKeys$Server (ConfUtils.java:logGet(43)) - raft.grpc.server.port = 0 (default)
2019-08-30 23:35:40,560 [main] INFO  server.GrpcService (ConfUtils.java:logGet(43)) - raft.grpc.message.size.max = 33570816 (custom)
2019-08-30 23:35:40,560 [main] INFO  server.RaftServerConfigKeys (ConfUtils.java:logGet(43)) - raft.server.log.appender.buffer.byte-limit = 33554432 (custom)
2019-08-30 23:35:40,560 [main] INFO  server.GrpcService (ConfUtils.java:logGet(43)) - raft.grpc.flow.control.window = 1MB (=1048576) (default)
2019-08-30 23:35:40,561 [main] INFO  server.RaftServerConfigKeys (ConfUtils.java:logGet(43)) - raft.server.rpc.request.timeout = 3000ms (default)
2019-08-30 23:35:40,561 [main] INFO  server.RaftServerConfigKeys (ConfUtils.java:logGet(43)) - raft.server.storage.dir = [/workdir/hadoop-ozone/integration-test/target/test-dir/MiniOzoneClusterImpl-cd3b51ba-7d2f-4eb6-8b0c-706acb0cc0f6/datanode-4/data/ratis] (custom)
2019-08-30 23:35:40,562 [main] INFO  hdfs.DFSUtil (DFSUtil.java:httpServerTemplateForNNAndJN(1641)) - Starting Web-server for hddsDatanode at: http://0.0.0.0:0
2019-08-30 23:35:40,563 [main] INFO  server.AuthenticationFilter (AuthenticationFilter.java:constructSecretProvider(240)) - Unable to initialize FileSignerSecretProvider, falling back to use random secrets.
2019-08-30 23:35:40,564 [main] WARN  http.HttpRequestLog (HttpRequestLog.java:getRequestLog(97)) - Jetty request log can only be enabled using Log4j
2019-08-30 23:35:40,565 [main] INFO  http.HttpServer2 (HttpServer2.java:addGlobalFilter(975)) - Added global filter 'safety' (class=org.apache.hadoop.http.HttpServer2$QuotingInputFilter)
2019-08-30 23:35:40,566 [main] INFO  http.HttpServer2 (HttpServer2.java:addFilter(948)) - Added filter static_user_filter (class=org.apache.hadoop.http.lib.StaticUserWebFilter$StaticUserFilter) to context hddsDatanode
2019-08-30 23:35:40,566 [main] INFO  http.HttpServer2 (HttpServer2.java:addFilter(958)) - Added filter static_user_filter (class=org.apache.hadoop.http.lib.StaticUserWebFilter$StaticUserFilter) to context logs
2019-08-30 23:35:40,566 [main] INFO  http.HttpServer2 (HttpServer2.java:addFilter(958)) - Added filter static_user_filter (class=org.apache.hadoop.http.lib.StaticUserWebFilter$StaticUserFilter) to context static
2019-08-30 23:35:40,567 [main] INFO  http.HttpServer2 (HttpServer2.java:bindListener(1191)) - Jetty bound to port 42815
2019-08-30 23:35:40,567 [main] INFO  server.Server (Server.java:doStart(351)) - jetty-9.3.24.v20180605, build timestamp: 2018-06-05T17:11:56Z, git hash: 84205aa28f11a4f31f2a3b86d1bba2cc8ab69827
2019-08-30 23:35:40,568 [main] INFO  handler.ContextHandler (ContextHandler.java:doStart(781)) - Started o.e.j.s.ServletContextHandler@13ef7fa1{/logs,file:///workdir/hadoop-ozone/integration-test/target/log,AVAILABLE}
2019-08-30 23:35:40,568 [main] INFO  handler.ContextHandler (ContextHandler.java:doStart(781)) - Started o.e.j.s.ServletContextHandler@54489296{/static,jar:file:/home/user/.m2/repository/org/apache/hadoop/hadoop-hdds-container-service/0.5.0-SNAPSHOT/hadoop-hdds-container-service-0.5.0-SNAPSHOT.jar!/webapps/static,AVAILABLE}
2019-08-30 23:35:40,595 [main] INFO  handler.ContextHandler (ContextHandler.java:doStart(781)) - Started o.e.j.w.WebAppContext@21dea711{/,file:///tmp/jetty-0.0.0.0-42815-hddsDatanode-_-any-6860602738068608886.dir/webapp/,AVAILABLE}{/hddsDatanode}
2019-08-30 23:35:40,596 [main] INFO  server.AbstractConnector (AbstractConnector.java:doStart(278)) - Started ServerConnector@7772d266{HTTP/1.1,[http/1.1]}{0.0.0.0:42815}
2019-08-30 23:35:40,596 [main] INFO  server.Server (Server.java:doStart(419)) - Started @637407ms
2019-08-30 23:35:40,597 [main] WARN  impl.MetricsSystemImpl (MetricsSystemImpl.java:register(276)) - Sink prometheus already exists!
2019-08-30 23:35:40,598 [main] INFO  server.BaseHttpServer (BaseHttpServer.java:updateConnectorAddress(215)) - HTTP server of HDDSDATANODE is listening at http://0.0.0.0:42815
2019-08-30 23:35:40,598 [main] INFO  impl.MetricsSystemImpl (MetricsSystemImpl.java:init(158)) - HddsDatanode metrics system started (again)
2019-08-30 23:35:40,601 [org.apache.hadoop.util.JvmPauseMonitor$Monitor@7a13ed32] INFO  util.JvmPauseMonitor (JvmPauseMonitor.java:run(188)) - Starting JVM pause monitor
2019-08-30 23:35:40,602 [main] INFO  ozone.HddsDatanodeService (HddsDatanodeService.java:start(184)) - HddsDatanodeService host:pr-hdds-2065-gthbc-3516972114 ip:192.168.69.97
2019-08-30 23:35:40,603 [Datanode State Machine Thread - 0] INFO  datanode.InitDatanodeState (InitDatanodeState.java:persistContainerDatanodeDetails(140)) - DatanodeDetails is persisted to /workdir/hadoop-ozone/integration-test/target/test-dir/MiniOzoneClusterImpl-cd3b51ba-7d2f-4eb6-8b0c-706acb0cc0f6/datanode-4/meta/datanode.id
2019-08-30 23:35:40,613 [main] INFO  volume.HddsVolume (HddsVolume.java:<init>(176)) - Creating Volume: /workdir/hadoop-ozone/integration-test/target/test-dir/MiniOzoneClusterImpl-cd3b51ba-7d2f-4eb6-8b0c-706acb0cc0f6/datanode-5/data/containers/hdds of  storage type : DISK and capacity : 1482555576320
2019-08-30 23:35:40,613 [main] INFO  volume.VolumeSet (VolumeSet.java:initializeVolumeSet(170)) - Added Volume : /workdir/hadoop-ozone/integration-test/target/test-dir/MiniOzoneClusterImpl-cd3b51ba-7d2f-4eb6-8b0c-706acb0cc0f6/datanode-5/data/containers/hdds to VolumeSet
2019-08-30 23:35:40,613 [main] INFO  volume.ThrottledAsyncChecker (ThrottledAsyncChecker.java:schedule(140)) - Scheduling a check for org.apache.hadoop.ozone.container.common.volume.HddsVolume@591f6f83
2019-08-30 23:35:40,614 [main] INFO  volume.HddsVolumeChecker (HddsVolumeChecker.java:checkAllVolumes(203)) - Scheduled health check for volume org.apache.hadoop.ozone.container.common.volume.HddsVolume@591f6f83
2019-08-30 23:35:40,627 [main] INFO  impl.RaftServerProxy (ConfUtils.java:logGet(43)) - raft.rpc.type = GRPC (default)
2019-08-30 23:35:40,628 [main] INFO  grpc.GrpcFactory (GrpcFactory.java:checkPooledByteBufAllocatorUseCacheForAllThreads(45)) - PERFORMANCE WARNING: useCacheForAllThreads is true that may cause Netty to create a lot garbage objects and, as a result, trigger GC.
	It is recommended to disable useCacheForAllThreads by setting -Dorg.apache.ratis.thirdparty.io.netty.allocator.useCacheForAllThreads=false in command line.
2019-08-30 23:35:40,628 [main] INFO  grpc.GrpcConfigKeys$Server (ConfUtils.java:logGet(43)) - raft.grpc.server.port = 0 (default)
2019-08-30 23:35:40,628 [main] INFO  server.GrpcService (ConfUtils.java:logGet(43)) - raft.grpc.message.size.max = 33570816 (custom)
2019-08-30 23:35:40,628 [main] INFO  server.RaftServerConfigKeys (ConfUtils.java:logGet(43)) - raft.server.log.appender.buffer.byte-limit = 33554432 (custom)
2019-08-30 23:35:40,628 [main] INFO  server.GrpcService (ConfUtils.java:logGet(43)) - raft.grpc.flow.control.window = 1MB (=1048576) (default)
2019-08-30 23:35:40,629 [main] INFO  server.RaftServerConfigKeys (ConfUtils.java:logGet(43)) - raft.server.rpc.request.timeout = 3000ms (default)
2019-08-30 23:35:40,629 [main] INFO  server.RaftServerConfigKeys (ConfUtils.java:logGet(43)) - raft.server.storage.dir = [/workdir/hadoop-ozone/integration-test/target/test-dir/MiniOzoneClusterImpl-cd3b51ba-7d2f-4eb6-8b0c-706acb0cc0f6/datanode-5/data/ratis] (custom)
2019-08-30 23:35:40,630 [main] INFO  hdfs.DFSUtil (DFSUtil.java:httpServerTemplateForNNAndJN(1641)) - Starting Web-server for hddsDatanode at: http://0.0.0.0:0
2019-08-30 23:35:40,631 [main] INFO  server.AuthenticationFilter (AuthenticationFilter.java:constructSecretProvider(240)) - Unable to initialize FileSignerSecretProvider, falling back to use random secrets.
2019-08-30 23:35:40,632 [main] WARN  http.HttpRequestLog (HttpRequestLog.java:getRequestLog(97)) - Jetty request log can only be enabled using Log4j
2019-08-30 23:35:40,634 [main] INFO  http.HttpServer2 (HttpServer2.java:addGlobalFilter(975)) - Added global filter 'safety' (class=org.apache.hadoop.http.HttpServer2$QuotingInputFilter)
2019-08-30 23:35:40,635 [main] INFO  http.HttpServer2 (HttpServer2.java:addFilter(948)) - Added filter static_user_filter (class=org.apache.hadoop.http.lib.StaticUserWebFilter$StaticUserFilter) to context hddsDatanode
2019-08-30 23:35:40,635 [main] INFO  http.HttpServer2 (HttpServer2.java:addFilter(958)) - Added filter static_user_filter (class=org.apache.hadoop.http.lib.StaticUserWebFilter$StaticUserFilter) to context logs
2019-08-30 23:35:40,636 [main] INFO  http.HttpServer2 (HttpServer2.java:addFilter(958)) - Added filter static_user_filter (class=org.apache.hadoop.http.lib.StaticUserWebFilter$StaticUserFilter) to context static
2019-08-30 23:35:40,637 [main] INFO  http.HttpServer2 (HttpServer2.java:bindListener(1191)) - Jetty bound to port 37463
2019-08-30 23:35:40,637 [main] INFO  server.Server (Server.java:doStart(351)) - jetty-9.3.24.v20180605, build timestamp: 2018-06-05T17:11:56Z, git hash: 84205aa28f11a4f31f2a3b86d1bba2cc8ab69827
2019-08-30 23:35:40,639 [main] INFO  handler.ContextHandler (ContextHandler.java:doStart(781)) - Started o.e.j.s.ServletContextHandler@727986ad{/logs,file:///workdir/hadoop-ozone/integration-test/target/log,AVAILABLE}
2019-08-30 23:35:40,640 [main] INFO  handler.ContextHandler (ContextHandler.java:doStart(781)) - Started o.e.j.s.ServletContextHandler@6b25ef1c{/static,jar:file:/home/user/.m2/repository/org/apache/hadoop/hadoop-hdds-container-service/0.5.0-SNAPSHOT/hadoop-hdds-container-service-0.5.0-SNAPSHOT.jar!/webapps/static,AVAILABLE}
2019-08-30 23:35:40,684 [main] INFO  handler.ContextHandler (ContextHandler.java:doStart(781)) - Started o.e.j.w.WebAppContext@34d9df9f{/,file:///tmp/jetty-0.0.0.0-37463-hddsDatanode-_-any-1711598013001415748.dir/webapp/,AVAILABLE}{/hddsDatanode}
2019-08-30 23:35:40,684 [main] INFO  server.AbstractConnector (AbstractConnector.java:doStart(278)) - Started ServerConnector@35c8be21{HTTP/1.1,[http/1.1]}{0.0.0.0:37463}
2019-08-30 23:35:40,686 [main] INFO  server.Server (Server.java:doStart(419)) - Started @637497ms
2019-08-30 23:35:40,686 [main] WARN  impl.MetricsSystemImpl (MetricsSystemImpl.java:register(276)) - Sink prometheus already exists!
2019-08-30 23:35:40,687 [main] INFO  server.BaseHttpServer (BaseHttpServer.java:updateConnectorAddress(215)) - HTTP server of HDDSDATANODE is listening at http://0.0.0.0:37463
2019-08-30 23:35:40,687 [main] INFO  impl.MetricsSystemImpl (MetricsSystemImpl.java:init(158)) - HddsDatanode metrics system started (again)
2019-08-30 23:35:40,692 [org.apache.hadoop.util.JvmPauseMonitor$Monitor@1aa9f9f5] INFO  util.JvmPauseMonitor (JvmPauseMonitor.java:run(188)) - Starting JVM pause monitor
2019-08-30 23:35:40,692 [main] INFO  ozone.HddsDatanodeService (HddsDatanodeService.java:start(184)) - HddsDatanodeService host:pr-hdds-2065-gthbc-3516972114 ip:192.168.69.97
2019-08-30 23:35:40,694 [Datanode State Machine Thread - 0] INFO  datanode.InitDatanodeState (InitDatanodeState.java:persistContainerDatanodeDetails(140)) - DatanodeDetails is persisted to /workdir/hadoop-ozone/integration-test/target/test-dir/MiniOzoneClusterImpl-cd3b51ba-7d2f-4eb6-8b0c-706acb0cc0f6/datanode-5/meta/datanode.id
2019-08-30 23:35:40,699 [main] INFO  volume.HddsVolume (HddsVolume.java:<init>(176)) - Creating Volume: /workdir/hadoop-ozone/integration-test/target/test-dir/MiniOzoneClusterImpl-cd3b51ba-7d2f-4eb6-8b0c-706acb0cc0f6/datanode-6/data/containers/hdds of  storage type : DISK and capacity : 1482555576320
2019-08-30 23:35:40,700 [main] INFO  volume.VolumeSet (VolumeSet.java:initializeVolumeSet(170)) - Added Volume : /workdir/hadoop-ozone/integration-test/target/test-dir/MiniOzoneClusterImpl-cd3b51ba-7d2f-4eb6-8b0c-706acb0cc0f6/datanode-6/data/containers/hdds to VolumeSet
2019-08-30 23:35:40,700 [main] INFO  volume.ThrottledAsyncChecker (ThrottledAsyncChecker.java:schedule(140)) - Scheduling a check for org.apache.hadoop.ozone.container.common.volume.HddsVolume@5abf6a99
2019-08-30 23:35:40,700 [main] INFO  volume.HddsVolumeChecker (HddsVolumeChecker.java:checkAllVolumes(203)) - Scheduled health check for volume org.apache.hadoop.ozone.container.common.volume.HddsVolume@5abf6a99
2019-08-30 23:35:40,716 [main] INFO  impl.RaftServerProxy (ConfUtils.java:logGet(43)) - raft.rpc.type = GRPC (default)
2019-08-30 23:35:40,716 [main] INFO  grpc.GrpcFactory (GrpcFactory.java:checkPooledByteBufAllocatorUseCacheForAllThreads(45)) - PERFORMANCE WARNING: useCacheForAllThreads is true that may cause Netty to create a lot garbage objects and, as a result, trigger GC.
	It is recommended to disable useCacheForAllThreads by setting -Dorg.apache.ratis.thirdparty.io.netty.allocator.useCacheForAllThreads=false in command line.
2019-08-30 23:35:40,716 [main] INFO  grpc.GrpcConfigKeys$Server (ConfUtils.java:logGet(43)) - raft.grpc.server.port = 0 (default)
2019-08-30 23:35:40,717 [main] INFO  server.GrpcService (ConfUtils.java:logGet(43)) - raft.grpc.message.size.max = 33570816 (custom)
2019-08-30 23:35:40,717 [main] INFO  server.RaftServerConfigKeys (ConfUtils.java:logGet(43)) - raft.server.log.appender.buffer.byte-limit = 33554432 (custom)
2019-08-30 23:35:40,717 [main] INFO  server.GrpcService (ConfUtils.java:logGet(43)) - raft.grpc.flow.control.window = 1MB (=1048576) (default)
2019-08-30 23:35:40,717 [main] INFO  server.RaftServerConfigKeys (ConfUtils.java:logGet(43)) - raft.server.rpc.request.timeout = 3000ms (default)
2019-08-30 23:35:40,718 [main] INFO  server.RaftServerConfigKeys (ConfUtils.java:logGet(43)) - raft.server.storage.dir = [/workdir/hadoop-ozone/integration-test/target/test-dir/MiniOzoneClusterImpl-cd3b51ba-7d2f-4eb6-8b0c-706acb0cc0f6/datanode-6/data/ratis] (custom)
2019-08-30 23:35:40,719 [main] INFO  hdfs.DFSUtil (DFSUtil.java:httpServerTemplateForNNAndJN(1641)) - Starting Web-server for hddsDatanode at: http://0.0.0.0:0
2019-08-30 23:35:40,720 [main] INFO  server.AuthenticationFilter (AuthenticationFilter.java:constructSecretProvider(240)) - Unable to initialize FileSignerSecretProvider, falling back to use random secrets.
2019-08-30 23:35:40,720 [main] WARN  http.HttpRequestLog (HttpRequestLog.java:getRequestLog(97)) - Jetty request log can only be enabled using Log4j
2019-08-30 23:35:40,721 [main] INFO  http.HttpServer2 (HttpServer2.java:addGlobalFilter(975)) - Added global filter 'safety' (class=org.apache.hadoop.http.HttpServer2$QuotingInputFilter)
2019-08-30 23:35:40,722 [main] INFO  http.HttpServer2 (HttpServer2.java:addFilter(948)) - Added filter static_user_filter (class=org.apache.hadoop.http.lib.StaticUserWebFilter$StaticUserFilter) to context hddsDatanode
2019-08-30 23:35:40,722 [main] INFO  http.HttpServer2 (HttpServer2.java:addFilter(958)) - Added filter static_user_filter (class=org.apache.hadoop.http.lib.StaticUserWebFilter$StaticUserFilter) to context logs
2019-08-30 23:35:40,722 [main] INFO  http.HttpServer2 (HttpServer2.java:addFilter(958)) - Added filter static_user_filter (class=org.apache.hadoop.http.lib.StaticUserWebFilter$StaticUserFilter) to context static
2019-08-30 23:35:40,723 [main] INFO  http.HttpServer2 (HttpServer2.java:bindListener(1191)) - Jetty bound to port 46047
2019-08-30 23:35:40,723 [main] INFO  server.Server (Server.java:doStart(351)) - jetty-9.3.24.v20180605, build timestamp: 2018-06-05T17:11:56Z, git hash: 84205aa28f11a4f31f2a3b86d1bba2cc8ab69827
2019-08-30 23:35:40,724 [main] INFO  handler.ContextHandler (ContextHandler.java:doStart(781)) - Started o.e.j.s.ServletContextHandler@383cdd4d{/logs,file:///workdir/hadoop-ozone/integration-test/target/log,AVAILABLE}
2019-08-30 23:35:40,725 [main] INFO  handler.ContextHandler (ContextHandler.java:doStart(781)) - Started o.e.j.s.ServletContextHandler@48ccbb32{/static,jar:file:/home/user/.m2/repository/org/apache/hadoop/hadoop-hdds-container-service/0.5.0-SNAPSHOT/hadoop-hdds-container-service-0.5.0-SNAPSHOT.jar!/webapps/static,AVAILABLE}
2019-08-30 23:35:40,751 [main] INFO  handler.ContextHandler (ContextHandler.java:doStart(781)) - Started o.e.j.w.WebAppContext@5d66ae3a{/,file:///tmp/jetty-0.0.0.0-46047-hddsDatanode-_-any-4486906807913151070.dir/webapp/,AVAILABLE}{/hddsDatanode}
2019-08-30 23:35:40,752 [main] INFO  server.AbstractConnector (AbstractConnector.java:doStart(278)) - Started ServerConnector@50f4b83d{HTTP/1.1,[http/1.1]}{0.0.0.0:46047}
2019-08-30 23:35:40,752 [main] INFO  server.Server (Server.java:doStart(419)) - Started @637563ms
2019-08-30 23:35:40,753 [main] WARN  impl.MetricsSystemImpl (MetricsSystemImpl.java:register(276)) - Sink prometheus already exists!
2019-08-30 23:35:40,754 [main] INFO  server.BaseHttpServer (BaseHttpServer.java:updateConnectorAddress(215)) - HTTP server of HDDSDATANODE is listening at http://0.0.0.0:46047
2019-08-30 23:35:40,754 [main] INFO  ozone.MiniOzoneClusterImpl (MiniOzoneClusterImpl.java:lambda$waitForClusterToBeReady$0(140)) - Waiting for cluster to be ready. Got 0 of 7 DN Heartbeats.
2019-08-30 23:35:40,755 [org.apache.hadoop.util.JvmPauseMonitor$Monitor@3dbe772] INFO  util.JvmPauseMonitor (JvmPauseMonitor.java:run(188)) - Starting JVM pause monitor
2019-08-30 23:35:40,757 [Datanode State Machine Thread - 0] INFO  datanode.InitDatanodeState (InitDatanodeState.java:persistContainerDatanodeDetails(140)) - DatanodeDetails is persisted to /workdir/hadoop-ozone/integration-test/target/test-dir/MiniOzoneClusterImpl-cd3b51ba-7d2f-4eb6-8b0c-706acb0cc0f6/datanode-6/meta/datanode.id
2019-08-30 23:35:41,754 [main] INFO  ozone.MiniOzoneClusterImpl (MiniOzoneClusterImpl.java:lambda$waitForClusterToBeReady$0(140)) - Waiting for cluster to be ready. Got 0 of 7 DN Heartbeats.
2019-08-30 23:35:42,382 [Datanode State Machine Thread - 0] INFO  ozoneimpl.OzoneContainer (OzoneContainer.java:start(201)) - Attempting to start container services.
2019-08-30 23:35:42,382 [Datanode State Machine Thread - 0] INFO  ozoneimpl.OzoneContainer (OzoneContainer.java:startContainerScrub(175)) - Background container scrubber has been disabled by hdds.containerscrub.enabled
2019-08-30 23:35:42,382 [Datanode State Machine Thread - 0] INFO  ratis.XceiverServerRatis (XceiverServerRatis.java:start(393)) - Starting XceiverServerRatis 89444f21-ffd5-4031-8cd3-eb65eafa98e5 at port 0
2019-08-30 23:35:42,389 [Datanode State Machine Thread - 0] INFO  impl.RaftServerProxy (RaftServerProxy.java:lambda$start$3(299)) - 89444f21-ffd5-4031-8cd3-eb65eafa98e5: start RPC server
2019-08-30 23:35:42,390 [Datanode State Machine Thread - 0] INFO  server.GrpcService (GrpcService.java:startImpl(149)) - 89444f21-ffd5-4031-8cd3-eb65eafa98e5: GrpcService started, listening on 0.0.0.0/0.0.0.0:43550
2019-08-30 23:35:42,390 [Datanode State Machine Thread - 0] INFO  ratis.XceiverServerRatis (XceiverServerRatis.java:start(403)) - XceiverServerRatis 89444f21-ffd5-4031-8cd3-eb65eafa98e5 is started using port 43550
2019-08-30 23:35:42,391 [Datanode State Machine Thread - 0] INFO  server.XceiverServerGrpc (XceiverServerGrpc.java:start(163)) - XceiverServerGrpc 89444f21-ffd5-4031-8cd3-eb65eafa98e5 is started using port 37860
2019-08-30 23:35:42,429 [Datanode State Machine Thread - 0] INFO  ozoneimpl.OzoneContainer (OzoneContainer.java:start(201)) - Attempting to start container services.
2019-08-30 23:35:42,430 [Datanode State Machine Thread - 0] INFO  ozoneimpl.OzoneContainer (OzoneContainer.java:startContainerScrub(175)) - Background container scrubber has been disabled by hdds.containerscrub.enabled
2019-08-30 23:35:42,430 [Datanode State Machine Thread - 0] INFO  ratis.XceiverServerRatis (XceiverServerRatis.java:start(393)) - Starting XceiverServerRatis 55d75777-35f1-49de-95e2-8c28089e6f45 at port 0
2019-08-30 23:35:42,437 [Datanode State Machine Thread - 0] INFO  impl.RaftServerProxy (RaftServerProxy.java:lambda$start$3(299)) - 55d75777-35f1-49de-95e2-8c28089e6f45: start RPC server
2019-08-30 23:35:42,437 [Datanode State Machine Thread - 0] INFO  server.GrpcService (GrpcService.java:startImpl(149)) - 55d75777-35f1-49de-95e2-8c28089e6f45: GrpcService started, listening on 0.0.0.0/0.0.0.0:36493
2019-08-30 23:35:42,438 [Datanode State Machine Thread - 0] INFO  ratis.XceiverServerRatis (XceiverServerRatis.java:start(403)) - XceiverServerRatis 55d75777-35f1-49de-95e2-8c28089e6f45 is started using port 36493
2019-08-30 23:35:42,439 [Datanode State Machine Thread - 0] INFO  server.XceiverServerGrpc (XceiverServerGrpc.java:start(163)) - XceiverServerGrpc 55d75777-35f1-49de-95e2-8c28089e6f45 is started using port 40850
2019-08-30 23:35:42,491 [Datanode State Machine Thread - 0] INFO  ozoneimpl.OzoneContainer (OzoneContainer.java:start(201)) - Attempting to start container services.
2019-08-30 23:35:42,492 [Datanode State Machine Thread - 0] INFO  ozoneimpl.OzoneContainer (OzoneContainer.java:startContainerScrub(175)) - Background container scrubber has been disabled by hdds.containerscrub.enabled
2019-08-30 23:35:42,492 [Datanode State Machine Thread - 0] INFO  ratis.XceiverServerRatis (XceiverServerRatis.java:start(393)) - Starting XceiverServerRatis e0931955-60a1-44c7-91ab-d64f736178cd at port 0
2019-08-30 23:35:42,499 [Datanode State Machine Thread - 0] INFO  impl.RaftServerProxy (RaftServerProxy.java:lambda$start$3(299)) - e0931955-60a1-44c7-91ab-d64f736178cd: start RPC server
2019-08-30 23:35:42,500 [Datanode State Machine Thread - 0] INFO  server.GrpcService (GrpcService.java:startImpl(149)) - e0931955-60a1-44c7-91ab-d64f736178cd: GrpcService started, listening on 0.0.0.0/0.0.0.0:35323
2019-08-30 23:35:42,500 [Datanode State Machine Thread - 0] INFO  ratis.XceiverServerRatis (XceiverServerRatis.java:start(403)) - XceiverServerRatis e0931955-60a1-44c7-91ab-d64f736178cd is started using port 35323
2019-08-30 23:35:42,510 [Datanode State Machine Thread - 0] INFO  server.XceiverServerGrpc (XceiverServerGrpc.java:start(163)) - XceiverServerGrpc e0931955-60a1-44c7-91ab-d64f736178cd is started using port 42051
2019-08-30 23:35:42,554 [Datanode State Machine Thread - 0] INFO  ozoneimpl.OzoneContainer (OzoneContainer.java:start(201)) - Attempting to start container services.
2019-08-30 23:35:42,554 [Datanode State Machine Thread - 0] INFO  ozoneimpl.OzoneContainer (OzoneContainer.java:startContainerScrub(175)) - Background container scrubber has been disabled by hdds.containerscrub.enabled
2019-08-30 23:35:42,554 [Datanode State Machine Thread - 0] INFO  ratis.XceiverServerRatis (XceiverServerRatis.java:start(393)) - Starting XceiverServerRatis 02cc4af1-34eb-47d4-9c65-d28f0498788e at port 0
2019-08-30 23:35:42,561 [Datanode State Machine Thread - 0] INFO  impl.RaftServerProxy (RaftServerProxy.java:lambda$start$3(299)) - 02cc4af1-34eb-47d4-9c65-d28f0498788e: start RPC server
2019-08-30 23:35:42,562 [Datanode State Machine Thread - 0] INFO  server.GrpcService (GrpcService.java:startImpl(149)) - 02cc4af1-34eb-47d4-9c65-d28f0498788e: GrpcService started, listening on 0.0.0.0/0.0.0.0:39805
2019-08-30 23:35:42,562 [Datanode State Machine Thread - 0] INFO  ratis.XceiverServerRatis (XceiverServerRatis.java:start(403)) - XceiverServerRatis 02cc4af1-34eb-47d4-9c65-d28f0498788e is started using port 39805
2019-08-30 23:35:42,563 [Datanode State Machine Thread - 0] INFO  server.XceiverServerGrpc (XceiverServerGrpc.java:start(163)) - XceiverServerGrpc 02cc4af1-34eb-47d4-9c65-d28f0498788e is started using port 34929
2019-08-30 23:35:42,626 [Datanode State Machine Thread - 0] INFO  ozoneimpl.OzoneContainer (OzoneContainer.java:start(201)) - Attempting to start container services.
2019-08-30 23:35:42,626 [Datanode State Machine Thread - 0] INFO  ozoneimpl.OzoneContainer (OzoneContainer.java:startContainerScrub(175)) - Background container scrubber has been disabled by hdds.containerscrub.enabled
2019-08-30 23:35:42,626 [Datanode State Machine Thread - 0] INFO  ratis.XceiverServerRatis (XceiverServerRatis.java:start(393)) - Starting XceiverServerRatis a6088532-a578-4bbc-a6cd-6ebdc471c4f0 at port 0
2019-08-30 23:35:42,633 [Datanode State Machine Thread - 0] INFO  impl.RaftServerProxy (RaftServerProxy.java:lambda$start$3(299)) - a6088532-a578-4bbc-a6cd-6ebdc471c4f0: start RPC server
2019-08-30 23:35:42,636 [Datanode State Machine Thread - 0] INFO  server.GrpcService (GrpcService.java:startImpl(149)) - a6088532-a578-4bbc-a6cd-6ebdc471c4f0: GrpcService started, listening on 0.0.0.0/0.0.0.0:40753
2019-08-30 23:35:42,636 [Datanode State Machine Thread - 0] INFO  ratis.XceiverServerRatis (XceiverServerRatis.java:start(403)) - XceiverServerRatis a6088532-a578-4bbc-a6cd-6ebdc471c4f0 is started using port 40753
2019-08-30 23:35:42,638 [Datanode State Machine Thread - 0] INFO  server.XceiverServerGrpc (XceiverServerGrpc.java:start(163)) - XceiverServerGrpc a6088532-a578-4bbc-a6cd-6ebdc471c4f0 is started using port 33985
2019-08-30 23:35:42,709 [Datanode State Machine Thread - 0] INFO  ozoneimpl.OzoneContainer (OzoneContainer.java:start(201)) - Attempting to start container services.
2019-08-30 23:35:42,709 [Datanode State Machine Thread - 0] INFO  ozoneimpl.OzoneContainer (OzoneContainer.java:startContainerScrub(175)) - Background container scrubber has been disabled by hdds.containerscrub.enabled
2019-08-30 23:35:42,709 [Datanode State Machine Thread - 0] INFO  ratis.XceiverServerRatis (XceiverServerRatis.java:start(393)) - Starting XceiverServerRatis d95ceee6-2e09-4cc8-a399-92fb5d246ede at port 0
2019-08-30 23:35:42,716 [Datanode State Machine Thread - 0] INFO  impl.RaftServerProxy (RaftServerProxy.java:lambda$start$3(299)) - d95ceee6-2e09-4cc8-a399-92fb5d246ede: start RPC server
2019-08-30 23:35:42,727 [Datanode State Machine Thread - 0] INFO  server.GrpcService (GrpcService.java:startImpl(149)) - d95ceee6-2e09-4cc8-a399-92fb5d246ede: GrpcService started, listening on 0.0.0.0/0.0.0.0:35799
2019-08-30 23:35:42,728 [Datanode State Machine Thread - 0] INFO  ratis.XceiverServerRatis (XceiverServerRatis.java:start(403)) - XceiverServerRatis d95ceee6-2e09-4cc8-a399-92fb5d246ede is started using port 35799
2019-08-30 23:35:42,728 [Datanode State Machine Thread - 0] INFO  server.XceiverServerGrpc (XceiverServerGrpc.java:start(163)) - XceiverServerGrpc d95ceee6-2e09-4cc8-a399-92fb5d246ede is started using port 39593
2019-08-30 23:35:42,755 [main] INFO  ozone.MiniOzoneClusterImpl (MiniOzoneClusterImpl.java:lambda$waitForClusterToBeReady$0(140)) - Waiting for cluster to be ready. Got 0 of 7 DN Heartbeats.
2019-08-30 23:35:42,774 [Datanode State Machine Thread - 0] INFO  ozoneimpl.OzoneContainer (OzoneContainer.java:start(201)) - Attempting to start container services.
2019-08-30 23:35:42,774 [Datanode State Machine Thread - 0] INFO  ozoneimpl.OzoneContainer (OzoneContainer.java:startContainerScrub(175)) - Background container scrubber has been disabled by hdds.containerscrub.enabled
2019-08-30 23:35:42,774 [Datanode State Machine Thread - 0] INFO  ratis.XceiverServerRatis (XceiverServerRatis.java:start(393)) - Starting XceiverServerRatis a9b4b662-87dc-4b3f-b4fd-4a422c327ff5 at port 0
2019-08-30 23:35:42,780 [Datanode State Machine Thread - 0] INFO  impl.RaftServerProxy (RaftServerProxy.java:lambda$start$3(299)) - a9b4b662-87dc-4b3f-b4fd-4a422c327ff5: start RPC server
2019-08-30 23:35:42,781 [Datanode State Machine Thread - 0] INFO  server.GrpcService (GrpcService.java:startImpl(149)) - a9b4b662-87dc-4b3f-b4fd-4a422c327ff5: GrpcService started, listening on 0.0.0.0/0.0.0.0:39703
2019-08-30 23:35:42,781 [Datanode State Machine Thread - 0] INFO  ratis.XceiverServerRatis (XceiverServerRatis.java:start(403)) - XceiverServerRatis a9b4b662-87dc-4b3f-b4fd-4a422c327ff5 is started using port 39703
2019-08-30 23:35:42,782 [Datanode State Machine Thread - 0] INFO  server.XceiverServerGrpc (XceiverServerGrpc.java:start(163)) - XceiverServerGrpc a9b4b662-87dc-4b3f-b4fd-4a422c327ff5 is started using port 35373
2019-08-30 23:35:43,756 [main] INFO  ozone.MiniOzoneClusterImpl (MiniOzoneClusterImpl.java:lambda$waitForClusterToBeReady$0(140)) - Waiting for cluster to be ready. Got 0 of 7 DN Heartbeats.
2019-08-30 23:35:44,352 [IPC Server handler 0 on 35251] INFO  net.NetworkTopology (NetworkTopologyImpl.java:add(110)) - Added a new node: /default-rack/89444f21-ffd5-4031-8cd3-eb65eafa98e5
2019-08-30 23:35:44,354 [IPC Server handler 0 on 35251] INFO  node.SCMNodeManager (SCMNodeManager.java:register(266)) - Registered Data node : 89444f21-ffd5-4031-8cd3-eb65eafa98e5{ip: 192.168.69.97, host: pr-hdds-2065-gthbc-3516972114, networkLocation: /default-rack, certSerialId: null}
2019-08-30 23:35:44,355 [EventQueue-NodeRegistrationContainerReportForDataNodeSafeModeRule] INFO  safemode.SCMSafeModeManager (DataNodeSafeModeRule.java:process(71)) - SCM in safe mode. 1 DataNodes registered, 1 required.
2019-08-30 23:35:44,357 [EventQueue-NodeRegistrationContainerReportForDataNodeSafeModeRule] INFO  safemode.SCMSafeModeManager (SCMSafeModeManager.java:validateSafeModeExitRules(177)) - ScmSafeModeManager, all rules are successfully validated
2019-08-30 23:35:44,357 [EventQueue-NodeRegistrationContainerReportForDataNodeSafeModeRule] INFO  safemode.SCMSafeModeManager (SCMSafeModeManager.java:exitSafeMode(193)) - SCM exiting safe mode.
2019-08-30 23:35:44,365 [grpc-default-executor-7] INFO  impl.RaftServerProxy (RaftServerProxy.java:addNew(89)) - 89444f21-ffd5-4031-8cd3-eb65eafa98e5: addNew group-FCD2B4CF2A7C:[89444f21-ffd5-4031-8cd3-eb65eafa98e5:192.168.69.97:43550] returns group-FCD2B4CF2A7C:java.util.concurrent.CompletableFuture@34cbd3c[Not completed]
2019-08-30 23:35:44,366 [pool-499-thread-1] INFO  impl.RaftServerImpl (RaftServerImpl.java:<init>(93)) - 89444f21-ffd5-4031-8cd3-eb65eafa98e5: new RaftServerImpl for group-FCD2B4CF2A7C:[89444f21-ffd5-4031-8cd3-eb65eafa98e5:192.168.69.97:43550] with ContainerStateMachine:uninitialized
2019-08-30 23:35:44,367 [pool-499-thread-1] INFO  server.RaftServerConfigKeys (ConfUtils.java:logGet(43)) - raft.server.rpc.timeout.min = 5s (custom)
2019-08-30 23:35:44,367 [pool-499-thread-1] INFO  server.RaftServerConfigKeys (ConfUtils.java:logGet(43)) - raft.server.rpc.timeout.max = 5200ms (custom)
2019-08-30 23:35:44,367 [pool-499-thread-1] INFO  server.RaftServerConfigKeys (ConfUtils.java:logGet(43)) - raft.server.rpcslowness.timeout = 120s (custom)
2019-08-30 23:35:44,367 [pool-499-thread-1] INFO  server.RaftServerConfigKeys (ConfUtils.java:logGet(43)) - raft.server.sleep.deviation.threshold = 300 (default)
2019-08-30 23:35:44,367 [pool-499-thread-1] INFO  server.RaftServerConfigKeys (ConfUtils.java:logGet(43)) - raft.server.log.appender.install.snapshot.enabled = false (custom)
2019-08-30 23:35:44,367 [pool-499-thread-1] INFO  impl.RaftServerImpl (ServerState.java:<init>(105)) - 89444f21-ffd5-4031-8cd3-eb65eafa98e5:group-FCD2B4CF2A7C ConfigurationManager, init=-1: [89444f21-ffd5-4031-8cd3-eb65eafa98e5:192.168.69.97:43550], old=null, confs=<EMPTY_MAP>
2019-08-30 23:35:44,368 [pool-499-thread-1] INFO  server.RaftServerConfigKeys (ConfUtils.java:logGet(43)) - raft.server.storage.dir = [/workdir/hadoop-ozone/integration-test/target/test-dir/MiniOzoneClusterImpl-cd3b51ba-7d2f-4eb6-8b0c-706acb0cc0f6/datanode-0/data/ratis] (custom)
2019-08-30 23:35:44,368 [pool-499-thread-1] INFO  storage.RaftStorageDirectory (RaftStorageDirectory.java:analyzeStorage(246)) - The storage directory /workdir/hadoop-ozone/integration-test/target/test-dir/MiniOzoneClusterImpl-cd3b51ba-7d2f-4eb6-8b0c-706acb0cc0f6/datanode-0/data/ratis/bfc811b4-b9f8-49d7-ac6c-fcd2b4cf2a7c does not exist. Creating ...
2019-08-30 23:35:44,384 [pool-499-thread-1] INFO  storage.RaftStorageDirectory (RaftStorageDirectory.java:tryLock(328)) - Lock on /workdir/hadoop-ozone/integration-test/target/test-dir/MiniOzoneClusterImpl-cd3b51ba-7d2f-4eb6-8b0c-706acb0cc0f6/datanode-0/data/ratis/bfc811b4-b9f8-49d7-ac6c-fcd2b4cf2a7c/in_use.lock acquired by nodename 17040@pr-hdds-2065-gthbc-3516972114
2019-08-30 23:35:44,407 [pool-499-thread-1] INFO  storage.RaftStorage (RaftStorage.java:format(72)) - Storage directory /workdir/hadoop-ozone/integration-test/target/test-dir/MiniOzoneClusterImpl-cd3b51ba-7d2f-4eb6-8b0c-706acb0cc0f6/datanode-0/data/ratis/bfc811b4-b9f8-49d7-ac6c-fcd2b4cf2a7c has been successfully formatted.
2019-08-30 23:35:44,407 [pool-499-thread-1] INFO  ratis.ContainerStateMachine (ContainerStateMachine.java:loadSnapshot(227)) - group-FCD2B4CF2A7C: The snapshot info is null. Setting the last applied indexto:(t:0, i:~)
2019-08-30 23:35:44,408 [pool-499-thread-1] INFO  server.RaftServerConfigKeys (ConfUtils.java:logGet(43)) - raft.server.leader.election.timeout = 120s (custom)
2019-08-30 23:35:44,408 [pool-499-thread-1] INFO  server.RaftServerConfigKeys (ConfUtils.java:logGet(43)) - raft.server.log.use.memory = false (default)
2019-08-30 23:35:44,408 [pool-499-thread-1] INFO  server.RaftServerConfigKeys (ConfUtils.java:logGet(43)) - raft.server.log.purge.gap = 1000000 (custom)
2019-08-30 23:35:44,408 [pool-499-thread-1] INFO  server.RaftServerConfigKeys (ConfUtils.java:logGet(43)) - raft.server.log.appender.buffer.byte-limit = 33554432 (custom)
2019-08-30 23:35:44,408 [pool-499-thread-1] INFO  server.RaftServerConfigKeys (ConfUtils.java:logGet(43)) - raft.server.log.segment.size.max = 1048576 (custom)
2019-08-30 23:35:44,408 [pool-499-thread-1] INFO  server.RaftServerConfigKeys (ConfUtils.java:logGet(43)) - raft.server.log.segment.cache.num.max = 2 (custom)
2019-08-30 23:35:44,409 [pool-499-thread-1] INFO  segmented.SegmentedRaftLogWorker (SegmentedRaftLogWorker.java:<init>(172)) - new 89444f21-ffd5-4031-8cd3-eb65eafa98e5-SegmentedRaftLogWorker:Storage Directory /workdir/hadoop-ozone/integration-test/target/test-dir/MiniOzoneClusterImpl-cd3b51ba-7d2f-4eb6-8b0c-706acb0cc0f6/datanode-0/data/ratis/bfc811b4-b9f8-49d7-ac6c-fcd2b4cf2a7c for RaftStorage:Storage Directory /workdir/hadoop-ozone/integration-test/target/test-dir/MiniOzoneClusterImpl-cd3b51ba-7d2f-4eb6-8b0c-706acb0cc0f6/datanode-0/data/ratis/bfc811b4-b9f8-49d7-ac6c-fcd2b4cf2a7c
2019-08-30 23:35:44,409 [pool-499-thread-1] INFO  server.RaftServerConfigKeys (ConfUtils.java:logGet(43)) - raft.server.log.queue.byte-limit = 2147483647 (custom)
2019-08-30 23:35:44,409 [IPC Server handler 1 on 35251] INFO  net.NetworkTopology (NetworkTopologyImpl.java:add(110)) - Added a new node: /default-rack/55d75777-35f1-49de-95e2-8c28089e6f45
2019-08-30 23:35:44,409 [pool-499-thread-1] INFO  server.RaftServerConfigKeys (ConfUtils.java:logGet(43)) - raft.server.log.queue.element-limit = 1024 (custom)
2019-08-30 23:35:44,409 [IPC Server handler 1 on 35251] INFO  node.SCMNodeManager (SCMNodeManager.java:register(266)) - Registered Data node : 55d75777-35f1-49de-95e2-8c28089e6f45{ip: 192.168.69.97, host: pr-hdds-2065-gthbc-3516972114, networkLocation: /default-rack, certSerialId: null}
2019-08-30 23:35:44,409 [pool-499-thread-1] INFO  server.RaftServerConfigKeys (ConfUtils.java:logGet(43)) - raft.server.log.segment.size.max = 1048576 (custom)
2019-08-30 23:35:44,410 [pool-499-thread-1] INFO  server.RaftServerConfigKeys (ConfUtils.java:logGet(43)) - raft.server.log.preallocated.size = 16384 (custom)
2019-08-30 23:35:44,410 [pool-499-thread-1] INFO  server.RaftServerConfigKeys (ConfUtils.java:logGet(43)) - raft.server.log.write.buffer.size = 33554432 (custom)
2019-08-30 23:35:44,410 [pool-499-thread-1] INFO  server.RaftServerConfigKeys (ConfUtils.java:logGet(43)) - raft.server.log.force.sync.num = 128 (default)
2019-08-30 23:35:44,410 [pool-499-thread-1] INFO  server.RaftServerConfigKeys (ConfUtils.java:logGet(43)) - raft.server.log.statemachine.data.sync = true (default)
2019-08-30 23:35:44,410 [pool-499-thread-1] INFO  server.RaftServerConfigKeys (ConfUtils.java:logGet(43)) - raft.server.log.statemachine.data.sync.timeout = 10s (default)
2019-08-30 23:35:44,410 [pool-499-thread-1] INFO  server.RaftServerConfigKeys (ConfUtils.java:logGet(43)) - raft.server.log.statemachine.data.sync.timeout.retry = -1 (default)
2019-08-30 23:35:44,411 [pool-499-thread-1] INFO  server.RaftServerConfigKeys (ConfUtils.java:logGet(43)) - raft.server.log.statemachine.data.caching.enabled = true (custom)
2019-08-30 23:35:44,411 [pool-499-thread-1] INFO  segmented.SegmentedRaftLogWorker (SegmentedRaftLogWorker.java:lambda$new$0(132)) - 89444f21-ffd5-4031-8cd3-eb65eafa98e5-SegmentedRaftLogWorker:Storage Directory /workdir/hadoop-ozone/integration-test/target/test-dir/MiniOzoneClusterImpl-cd3b51ba-7d2f-4eb6-8b0c-706acb0cc0f6/datanode-0/data/ratis/bfc811b4-b9f8-49d7-ac6c-fcd2b4cf2a7c: flushIndex: setUnconditionally 0 -> -1
2019-08-30 23:35:44,412 [pool-499-thread-1] INFO  server.RaftServerConfigKeys (ConfUtils.java:logGet(43)) - raft.server.snapshot.auto.trigger.enabled = true (custom)
2019-08-30 23:35:44,412 [pool-499-thread-1] INFO  server.RaftServerConfigKeys (ConfUtils.java:logGet(43)) - raft.server.snapshot.auto.trigger.threshold = 10000 (custom)
2019-08-30 23:35:44,412 [pool-499-thread-1] INFO  server.RaftServerConfigKeys (ConfUtils.java:logGet(43)) - raft.server.retrycache.expirytime = 600000ms (custom)
2019-08-30 23:35:44,412 [pool-499-thread-1] INFO  impl.RaftServerImpl (RaftServerImpl.java:start(180)) - 89444f21-ffd5-4031-8cd3-eb65eafa98e5: start group-FCD2B4CF2A7C
2019-08-30 23:35:44,412 [pool-499-thread-1] INFO  impl.RaftServerImpl (RaftServerImpl.java:setRole(171)) - 89444f21-ffd5-4031-8cd3-eb65eafa98e5:group-FCD2B4CF2A7C changes role from null to FOLLOWER at term 0 for startAsFollower
2019-08-30 23:35:44,412 [pool-499-thread-1] INFO  impl.RoleInfo (RoleInfo.java:updateAndGet(143)) - 89444f21-ffd5-4031-8cd3-eb65eafa98e5: start FollowerState
2019-08-30 23:35:44,413 [pool-499-thread-1] INFO  util.JmxRegister (JmxRegister.java:tryRegister(44)) - Successfully registered JMX Bean with object name Ratis:service=RaftServer,group=group-FCD2B4CF2A7C,id=89444f21-ffd5-4031-8cd3-eb65eafa98e5
2019-08-30 23:35:44,416 [RatisPipelineUtilsThread] INFO  pipeline.PipelineStateManager (PipelineStateManager.java:addPipeline(56)) - Created pipeline Pipeline[ Id: bfc811b4-b9f8-49d7-ac6c-fcd2b4cf2a7c, Nodes: 89444f21-ffd5-4031-8cd3-eb65eafa98e5{ip: 192.168.69.97, host: pr-hdds-2065-gthbc-3516972114, networkLocation: /default-rack, certSerialId: null}, Type:RATIS, Factor:ONE, State:OPEN]
2019-08-30 23:35:44,423 [grpc-default-executor-7] INFO  impl.RaftServerProxy (RaftServerProxy.java:addNew(89)) - 55d75777-35f1-49de-95e2-8c28089e6f45: addNew group-C91B7B439C1A:[55d75777-35f1-49de-95e2-8c28089e6f45:192.168.69.97:36493] returns group-C91B7B439C1A:java.util.concurrent.CompletableFuture@715081a3[Not completed]
2019-08-30 23:35:44,424 [pool-509-thread-1] INFO  impl.RaftServerImpl (RaftServerImpl.java:<init>(93)) - 55d75777-35f1-49de-95e2-8c28089e6f45: new RaftServerImpl for group-C91B7B439C1A:[55d75777-35f1-49de-95e2-8c28089e6f45:192.168.69.97:36493] with ContainerStateMachine:uninitialized
2019-08-30 23:35:44,424 [pool-509-thread-1] INFO  server.RaftServerConfigKeys (ConfUtils.java:logGet(43)) - raft.server.rpc.timeout.min = 5s (custom)
2019-08-30 23:35:44,424 [pool-509-thread-1] INFO  server.RaftServerConfigKeys (ConfUtils.java:logGet(43)) - raft.server.rpc.timeout.max = 5200ms (custom)
2019-08-30 23:35:44,424 [pool-509-thread-1] INFO  server.RaftServerConfigKeys (ConfUtils.java:logGet(43)) - raft.server.rpcslowness.timeout = 120s (custom)
2019-08-30 23:35:44,424 [pool-509-thread-1] INFO  server.RaftServerConfigKeys (ConfUtils.java:logGet(43)) - raft.server.sleep.deviation.threshold = 300 (default)
2019-08-30 23:35:44,425 [pool-509-thread-1] INFO  server.RaftServerConfigKeys (ConfUtils.java:logGet(43)) - raft.server.log.appender.install.snapshot.enabled = false (custom)
2019-08-30 23:35:44,425 [pool-509-thread-1] INFO  impl.RaftServerImpl (ServerState.java:<init>(105)) - 55d75777-35f1-49de-95e2-8c28089e6f45:group-C91B7B439C1A ConfigurationManager, init=-1: [55d75777-35f1-49de-95e2-8c28089e6f45:192.168.69.97:36493], old=null, confs=<EMPTY_MAP>
2019-08-30 23:35:44,425 [pool-509-thread-1] INFO  server.RaftServerConfigKeys (ConfUtils.java:logGet(43)) - raft.server.storage.dir = [/workdir/hadoop-ozone/integration-test/target/test-dir/MiniOzoneClusterImpl-cd3b51ba-7d2f-4eb6-8b0c-706acb0cc0f6/datanode-1/data/ratis] (custom)
2019-08-30 23:35:44,425 [pool-509-thread-1] INFO  storage.RaftStorageDirectory (RaftStorageDirectory.java:analyzeStorage(246)) - The storage directory /workdir/hadoop-ozone/integration-test/target/test-dir/MiniOzoneClusterImpl-cd3b51ba-7d2f-4eb6-8b0c-706acb0cc0f6/datanode-1/data/ratis/640614c4-51dd-46a6-9dd5-c91b7b439c1a does not exist. Creating ...
2019-08-30 23:35:44,449 [pool-509-thread-1] INFO  storage.RaftStorageDirectory (RaftStorageDirectory.java:tryLock(328)) - Lock on /workdir/hadoop-ozone/integration-test/target/test-dir/MiniOzoneClusterImpl-cd3b51ba-7d2f-4eb6-8b0c-706acb0cc0f6/datanode-1/data/ratis/640614c4-51dd-46a6-9dd5-c91b7b439c1a/in_use.lock acquired by nodename 17040@pr-hdds-2065-gthbc-3516972114
2019-08-30 23:35:44,476 [IPC Server handler 3 on 35251] INFO  net.NetworkTopology (NetworkTopologyImpl.java:add(110)) - Added a new node: /default-rack/e0931955-60a1-44c7-91ab-d64f736178cd
2019-08-30 23:35:44,476 [IPC Server handler 3 on 35251] INFO  node.SCMNodeManager (SCMNodeManager.java:register(266)) - Registered Data node : e0931955-60a1-44c7-91ab-d64f736178cd{ip: 192.168.69.97, host: pr-hdds-2065-gthbc-3516972114, networkLocation: /default-rack, certSerialId: null}
2019-08-30 23:35:44,533 [pool-509-thread-1] INFO  storage.RaftStorage (RaftStorage.java:format(72)) - Storage directory /workdir/hadoop-ozone/integration-test/target/test-dir/MiniOzoneClusterImpl-cd3b51ba-7d2f-4eb6-8b0c-706acb0cc0f6/datanode-1/data/ratis/640614c4-51dd-46a6-9dd5-c91b7b439c1a has been successfully formatted.
2019-08-30 23:35:44,533 [pool-509-thread-1] INFO  ratis.ContainerStateMachine (ContainerStateMachine.java:loadSnapshot(227)) - group-C91B7B439C1A: The snapshot info is null. Setting the last applied indexto:(t:0, i:~)
2019-08-30 23:35:44,534 [pool-509-thread-1] INFO  server.RaftServerConfigKeys (ConfUtils.java:logGet(43)) - raft.server.leader.election.timeout = 120s (custom)
2019-08-30 23:35:44,534 [pool-509-thread-1] INFO  server.RaftServerConfigKeys (ConfUtils.java:logGet(43)) - raft.server.log.use.memory = false (default)
2019-08-30 23:35:44,534 [pool-509-thread-1] INFO  server.RaftServerConfigKeys (ConfUtils.java:logGet(43)) - raft.server.log.purge.gap = 1000000 (custom)
2019-08-30 23:35:44,534 [pool-509-thread-1] INFO  server.RaftServerConfigKeys (ConfUtils.java:logGet(43)) - raft.server.log.appender.buffer.byte-limit = 33554432 (custom)
2019-08-30 23:35:44,534 [pool-509-thread-1] INFO  server.RaftServerConfigKeys (ConfUtils.java:logGet(43)) - raft.server.log.segment.size.max = 1048576 (custom)
2019-08-30 23:35:44,534 [pool-509-thread-1] INFO  server.RaftServerConfigKeys (ConfUtils.java:logGet(43)) - raft.server.log.segment.cache.num.max = 2 (custom)
2019-08-30 23:35:44,535 [pool-509-thread-1] INFO  segmented.SegmentedRaftLogWorker (SegmentedRaftLogWorker.java:<init>(172)) - new 55d75777-35f1-49de-95e2-8c28089e6f45-SegmentedRaftLogWorker:Storage Directory /workdir/hadoop-ozone/integration-test/target/test-dir/MiniOzoneClusterImpl-cd3b51ba-7d2f-4eb6-8b0c-706acb0cc0f6/datanode-1/data/ratis/640614c4-51dd-46a6-9dd5-c91b7b439c1a for RaftStorage:Storage Directory /workdir/hadoop-ozone/integration-test/target/test-dir/MiniOzoneClusterImpl-cd3b51ba-7d2f-4eb6-8b0c-706acb0cc0f6/datanode-1/data/ratis/640614c4-51dd-46a6-9dd5-c91b7b439c1a
2019-08-30 23:35:44,535 [pool-509-thread-1] INFO  server.RaftServerConfigKeys (ConfUtils.java:logGet(43)) - raft.server.log.queue.byte-limit = 2147483647 (custom)
2019-08-30 23:35:44,535 [pool-509-thread-1] INFO  server.RaftServerConfigKeys (ConfUtils.java:logGet(43)) - raft.server.log.queue.element-limit = 1024 (custom)
2019-08-30 23:35:44,535 [pool-509-thread-1] INFO  server.RaftServerConfigKeys (ConfUtils.java:logGet(43)) - raft.server.log.segment.size.max = 1048576 (custom)
2019-08-30 23:35:44,535 [pool-509-thread-1] INFO  server.RaftServerConfigKeys (ConfUtils.java:logGet(43)) - raft.server.log.preallocated.size = 16384 (custom)
2019-08-30 23:35:44,535 [pool-509-thread-1] INFO  server.RaftServerConfigKeys (ConfUtils.java:logGet(43)) - raft.server.log.write.buffer.size = 33554432 (custom)
2019-08-30 23:35:44,536 [pool-509-thread-1] INFO  server.RaftServerConfigKeys (ConfUtils.java:logGet(43)) - raft.server.log.force.sync.num = 128 (default)
2019-08-30 23:35:44,536 [pool-509-thread-1] INFO  server.RaftServerConfigKeys (ConfUtils.java:logGet(43)) - raft.server.log.statemachine.data.sync = true (default)
2019-08-30 23:35:44,536 [pool-509-thread-1] INFO  server.RaftServerConfigKeys (ConfUtils.java:logGet(43)) - raft.server.log.statemachine.data.sync.timeout = 10s (default)
2019-08-30 23:35:44,536 [pool-509-thread-1] INFO  server.RaftServerConfigKeys (ConfUtils.java:logGet(43)) - raft.server.log.statemachine.data.sync.timeout.retry = -1 (default)
2019-08-30 23:35:44,536 [pool-509-thread-1] INFO  server.RaftServerConfigKeys (ConfUtils.java:logGet(43)) - raft.server.log.statemachine.data.caching.enabled = true (custom)
2019-08-30 23:35:44,537 [pool-509-thread-1] INFO  segmented.SegmentedRaftLogWorker (SegmentedRaftLogWorker.java:lambda$new$0(132)) - 55d75777-35f1-49de-95e2-8c28089e6f45-SegmentedRaftLogWorker:Storage Directory /workdir/hadoop-ozone/integration-test/target/test-dir/MiniOzoneClusterImpl-cd3b51ba-7d2f-4eb6-8b0c-706acb0cc0f6/datanode-1/data/ratis/640614c4-51dd-46a6-9dd5-c91b7b439c1a: flushIndex: setUnconditionally 0 -> -1
2019-08-30 23:35:44,537 [pool-509-thread-1] INFO  server.RaftServerConfigKeys (ConfUtils.java:logGet(43)) - raft.server.snapshot.auto.trigger.enabled = true (custom)
2019-08-30 23:35:44,537 [pool-509-thread-1] INFO  server.RaftServerConfigKeys (ConfUtils.java:logGet(43)) - raft.server.snapshot.auto.trigger.threshold = 10000 (custom)
2019-08-30 23:35:44,537 [pool-509-thread-1] INFO  server.RaftServerConfigKeys (ConfUtils.java:logGet(43)) - raft.server.retrycache.expirytime = 600000ms (custom)
2019-08-30 23:35:44,538 [pool-509-thread-1] INFO  impl.RaftServerImpl (RaftServerImpl.java:start(180)) - 55d75777-35f1-49de-95e2-8c28089e6f45: start group-C91B7B439C1A
2019-08-30 23:35:44,538 [pool-509-thread-1] INFO  impl.RaftServerImpl (RaftServerImpl.java:setRole(171)) - 55d75777-35f1-49de-95e2-8c28089e6f45:group-C91B7B439C1A changes role from null to FOLLOWER at term 0 for startAsFollower
2019-08-30 23:35:44,538 [pool-509-thread-1] INFO  impl.RoleInfo (RoleInfo.java:updateAndGet(143)) - 55d75777-35f1-49de-95e2-8c28089e6f45: start FollowerState
2019-08-30 23:35:44,538 [pool-509-thread-1] INFO  util.JmxRegister (JmxRegister.java:tryRegister(44)) - Successfully registered JMX Bean with object name Ratis:service=RaftServer,group=group-C91B7B439C1A,id=55d75777-35f1-49de-95e2-8c28089e6f45
2019-08-30 23:35:44,540 [IPC Server handler 4 on 35251] INFO  net.NetworkTopology (NetworkTopologyImpl.java:add(110)) - Added a new node: /default-rack/02cc4af1-34eb-47d4-9c65-d28f0498788e
2019-08-30 23:35:44,540 [RatisPipelineUtilsThread] INFO  pipeline.PipelineStateManager (PipelineStateManager.java:addPipeline(56)) - Created pipeline Pipeline[ Id: 640614c4-51dd-46a6-9dd5-c91b7b439c1a, Nodes: 55d75777-35f1-49de-95e2-8c28089e6f45{ip: 192.168.69.97, host: pr-hdds-2065-gthbc-3516972114, networkLocation: /default-rack, certSerialId: null}, Type:RATIS, Factor:ONE, State:OPEN]
2019-08-30 23:35:44,540 [IPC Server handler 4 on 35251] INFO  node.SCMNodeManager (SCMNodeManager.java:register(266)) - Registered Data node : 02cc4af1-34eb-47d4-9c65-d28f0498788e{ip: 192.168.69.97, host: pr-hdds-2065-gthbc-3516972114, networkLocation: /default-rack, certSerialId: null}
2019-08-30 23:35:44,548 [grpc-default-executor-7] INFO  impl.RaftServerProxy (RaftServerProxy.java:addNew(89)) - e0931955-60a1-44c7-91ab-d64f736178cd: addNew group-99243C9EFD84:[e0931955-60a1-44c7-91ab-d64f736178cd:192.168.69.97:35323] returns group-99243C9EFD84:java.util.concurrent.CompletableFuture@177cf48f[Not completed]
2019-08-30 23:35:44,549 [pool-519-thread-1] INFO  impl.RaftServerImpl (RaftServerImpl.java:<init>(93)) - e0931955-60a1-44c7-91ab-d64f736178cd: new RaftServerImpl for group-99243C9EFD84:[e0931955-60a1-44c7-91ab-d64f736178cd:192.168.69.97:35323] with ContainerStateMachine:uninitialized
2019-08-30 23:35:44,549 [pool-519-thread-1] INFO  server.RaftServerConfigKeys (ConfUtils.java:logGet(43)) - raft.server.rpc.timeout.min = 5s (custom)
2019-08-30 23:35:44,549 [pool-519-thread-1] INFO  server.RaftServerConfigKeys (ConfUtils.java:logGet(43)) - raft.server.rpc.timeout.max = 5200ms (custom)
2019-08-30 23:35:44,549 [pool-519-thread-1] INFO  server.RaftServerConfigKeys (ConfUtils.java:logGet(43)) - raft.server.rpcslowness.timeout = 120s (custom)
2019-08-30 23:35:44,550 [pool-519-thread-1] INFO  server.RaftServerConfigKeys (ConfUtils.java:logGet(43)) - raft.server.sleep.deviation.threshold = 300 (default)
2019-08-30 23:35:44,550 [pool-519-thread-1] INFO  server.RaftServerConfigKeys (ConfUtils.java:logGet(43)) - raft.server.log.appender.install.snapshot.enabled = false (custom)
2019-08-30 23:35:44,550 [pool-519-thread-1] INFO  impl.RaftServerImpl (ServerState.java:<init>(105)) - e0931955-60a1-44c7-91ab-d64f736178cd:group-99243C9EFD84 ConfigurationManager, init=-1: [e0931955-60a1-44c7-91ab-d64f736178cd:192.168.69.97:35323], old=null, confs=<EMPTY_MAP>
2019-08-30 23:35:44,550 [pool-519-thread-1] INFO  server.RaftServerConfigKeys (ConfUtils.java:logGet(43)) - raft.server.storage.dir = [/workdir/hadoop-ozone/integration-test/target/test-dir/MiniOzoneClusterImpl-cd3b51ba-7d2f-4eb6-8b0c-706acb0cc0f6/datanode-2/data/ratis] (custom)
2019-08-30 23:35:44,550 [pool-519-thread-1] INFO  storage.RaftStorageDirectory (RaftStorageDirectory.java:analyzeStorage(246)) - The storage directory /workdir/hadoop-ozone/integration-test/target/test-dir/MiniOzoneClusterImpl-cd3b51ba-7d2f-4eb6-8b0c-706acb0cc0f6/datanode-2/data/ratis/78aaeec3-122d-4b5a-8f97-99243c9efd84 does not exist. Creating ...
2019-08-30 23:35:44,567 [pool-519-thread-1] INFO  storage.RaftStorageDirectory (RaftStorageDirectory.java:tryLock(328)) - Lock on /workdir/hadoop-ozone/integration-test/target/test-dir/MiniOzoneClusterImpl-cd3b51ba-7d2f-4eb6-8b0c-706acb0cc0f6/datanode-2/data/ratis/78aaeec3-122d-4b5a-8f97-99243c9efd84/in_use.lock acquired by nodename 17040@pr-hdds-2065-gthbc-3516972114
2019-08-30 23:35:44,584 [pool-519-thread-1] INFO  storage.RaftStorage (RaftStorage.java:format(72)) - Storage directory /workdir/hadoop-ozone/integration-test/target/test-dir/MiniOzoneClusterImpl-cd3b51ba-7d2f-4eb6-8b0c-706acb0cc0f6/datanode-2/data/ratis/78aaeec3-122d-4b5a-8f97-99243c9efd84 has been successfully formatted.
2019-08-30 23:35:44,584 [pool-519-thread-1] INFO  ratis.ContainerStateMachine (ContainerStateMachine.java:loadSnapshot(227)) - group-99243C9EFD84: The snapshot info is null. Setting the last applied indexto:(t:0, i:~)
2019-08-30 23:35:44,584 [pool-519-thread-1] INFO  server.RaftServerConfigKeys (ConfUtils.java:logGet(43)) - raft.server.leader.election.timeout = 120s (custom)
2019-08-30 23:35:44,584 [pool-519-thread-1] INFO  server.RaftServerConfigKeys (ConfUtils.java:logGet(43)) - raft.server.log.use.memory = false (default)
2019-08-30 23:35:44,585 [pool-519-thread-1] INFO  server.RaftServerConfigKeys (ConfUtils.java:logGet(43)) - raft.server.log.purge.gap = 1000000 (custom)
2019-08-30 23:35:44,585 [pool-519-thread-1] INFO  server.RaftServerConfigKeys (ConfUtils.java:logGet(43)) - raft.server.log.appender.buffer.byte-limit = 33554432 (custom)
2019-08-30 23:35:44,585 [pool-519-thread-1] INFO  server.RaftServerConfigKeys (ConfUtils.java:logGet(43)) - raft.server.log.segment.size.max = 1048576 (custom)
2019-08-30 23:35:44,585 [pool-519-thread-1] INFO  server.RaftServerConfigKeys (ConfUtils.java:logGet(43)) - raft.server.log.segment.cache.num.max = 2 (custom)
2019-08-30 23:35:44,585 [pool-519-thread-1] INFO  segmented.SegmentedRaftLogWorker (SegmentedRaftLogWorker.java:<init>(172)) - new e0931955-60a1-44c7-91ab-d64f736178cd-SegmentedRaftLogWorker:Storage Directory /workdir/hadoop-ozone/integration-test/target/test-dir/MiniOzoneClusterImpl-cd3b51ba-7d2f-4eb6-8b0c-706acb0cc0f6/datanode-2/data/ratis/78aaeec3-122d-4b5a-8f97-99243c9efd84 for RaftStorage:Storage Directory /workdir/hadoop-ozone/integration-test/target/test-dir/MiniOzoneClusterImpl-cd3b51ba-7d2f-4eb6-8b0c-706acb0cc0f6/datanode-2/data/ratis/78aaeec3-122d-4b5a-8f97-99243c9efd84
2019-08-30 23:35:44,585 [pool-519-thread-1] INFO  server.RaftServerConfigKeys (ConfUtils.java:logGet(43)) - raft.server.log.queue.byte-limit = 2147483647 (custom)
2019-08-30 23:35:44,585 [pool-519-thread-1] INFO  server.RaftServerConfigKeys (ConfUtils.java:logGet(43)) - raft.server.log.queue.element-limit = 1024 (custom)
2019-08-30 23:35:44,586 [pool-519-thread-1] INFO  server.RaftServerConfigKeys (ConfUtils.java:logGet(43)) - raft.server.log.segment.size.max = 1048576 (custom)
2019-08-30 23:35:44,586 [pool-519-thread-1] INFO  server.RaftServerConfigKeys (ConfUtils.java:logGet(43)) - raft.server.log.preallocated.size = 16384 (custom)
2019-08-30 23:35:44,586 [pool-519-thread-1] INFO  server.RaftServerConfigKeys (ConfUtils.java:logGet(43)) - raft.server.log.write.buffer.size = 33554432 (custom)
2019-08-30 23:35:44,586 [pool-519-thread-1] INFO  server.RaftServerConfigKeys (ConfUtils.java:logGet(43)) - raft.server.log.force.sync.num = 128 (default)
2019-08-30 23:35:44,586 [pool-519-thread-1] INFO  server.RaftServerConfigKeys (ConfUtils.java:logGet(43)) - raft.server.log.statemachine.data.sync = true (default)
2019-08-30 23:35:44,587 [pool-519-thread-1] INFO  server.RaftServerConfigKeys (ConfUtils.java:logGet(43)) - raft.server.log.statemachine.data.sync.timeout = 10s (default)
2019-08-30 23:35:44,587 [pool-519-thread-1] INFO  server.RaftServerConfigKeys (ConfUtils.java:logGet(43)) - raft.server.log.statemachine.data.sync.timeout.retry = -1 (default)
2019-08-30 23:35:44,587 [pool-519-thread-1] INFO  server.RaftServerConfigKeys (ConfUtils.java:logGet(43)) - raft.server.log.statemachine.data.caching.enabled = true (custom)
2019-08-30 23:35:44,587 [pool-519-thread-1] INFO  segmented.SegmentedRaftLogWorker (SegmentedRaftLogWorker.java:lambda$new$0(132)) - e0931955-60a1-44c7-91ab-d64f736178cd-SegmentedRaftLogWorker:Storage Directory /workdir/hadoop-ozone/integration-test/target/test-dir/MiniOzoneClusterImpl-cd3b51ba-7d2f-4eb6-8b0c-706acb0cc0f6/datanode-2/data/ratis/78aaeec3-122d-4b5a-8f97-99243c9efd84: flushIndex: setUnconditionally 0 -> -1
2019-08-30 23:35:44,588 [pool-519-thread-1] INFO  server.RaftServerConfigKeys (ConfUtils.java:logGet(43)) - raft.server.snapshot.auto.trigger.enabled = true (custom)
2019-08-30 23:35:44,588 [pool-519-thread-1] INFO  server.RaftServerConfigKeys (ConfUtils.java:logGet(43)) - raft.server.snapshot.auto.trigger.threshold = 10000 (custom)
2019-08-30 23:35:44,588 [pool-519-thread-1] INFO  server.RaftServerConfigKeys (ConfUtils.java:logGet(43)) - raft.server.retrycache.expirytime = 600000ms (custom)
2019-08-30 23:35:44,588 [pool-519-thread-1] INFO  impl.RaftServerImpl (RaftServerImpl.java:start(180)) - e0931955-60a1-44c7-91ab-d64f736178cd: start group-99243C9EFD84
2019-08-30 23:35:44,588 [pool-519-thread-1] INFO  impl.RaftServerImpl (RaftServerImpl.java:setRole(171)) - e0931955-60a1-44c7-91ab-d64f736178cd:group-99243C9EFD84 changes role from null to FOLLOWER at term 0 for startAsFollower
2019-08-30 23:35:44,588 [pool-519-thread-1] INFO  impl.RoleInfo (RoleInfo.java:updateAndGet(143)) - e0931955-60a1-44c7-91ab-d64f736178cd: start FollowerState
2019-08-30 23:35:44,589 [pool-519-thread-1] INFO  util.JmxRegister (JmxRegister.java:tryRegister(44)) - Successfully registered JMX Bean with object name Ratis:service=RaftServer,group=group-99243C9EFD84,id=e0931955-60a1-44c7-91ab-d64f736178cd
2019-08-30 23:35:44,591 [RatisPipelineUtilsThread] INFO  pipeline.PipelineStateManager (PipelineStateManager.java:addPipeline(56)) - Created pipeline Pipeline[ Id: 78aaeec3-122d-4b5a-8f97-99243c9efd84, Nodes: e0931955-60a1-44c7-91ab-d64f736178cd{ip: 192.168.69.97, host: pr-hdds-2065-gthbc-3516972114, networkLocation: /default-rack, certSerialId: null}, Type:RATIS, Factor:ONE, State:OPEN]
2019-08-30 23:35:44,605 [grpc-default-executor-7] INFO  impl.RaftServerProxy (RaftServerProxy.java:addNew(89)) - 02cc4af1-34eb-47d4-9c65-d28f0498788e: addNew group-7DD5A480017C:[02cc4af1-34eb-47d4-9c65-d28f0498788e:192.168.69.97:39805] returns group-7DD5A480017C:java.util.concurrent.CompletableFuture@3ed23ddc[Not completed]
2019-08-30 23:35:44,606 [IPC Server handler 6 on 35251] INFO  net.NetworkTopology (NetworkTopologyImpl.java:add(110)) - Added a new node: /default-rack/a6088532-a578-4bbc-a6cd-6ebdc471c4f0
2019-08-30 23:35:44,606 [pool-529-thread-1] INFO  impl.RaftServerImpl (RaftServerImpl.java:<init>(93)) - 02cc4af1-34eb-47d4-9c65-d28f0498788e: new RaftServerImpl for group-7DD5A480017C:[02cc4af1-34eb-47d4-9c65-d28f0498788e:192.168.69.97:39805] with ContainerStateMachine:uninitialized
2019-08-30 23:35:44,606 [IPC Server handler 6 on 35251] INFO  node.SCMNodeManager (SCMNodeManager.java:register(266)) - Registered Data node : a6088532-a578-4bbc-a6cd-6ebdc471c4f0{ip: 192.168.69.97, host: pr-hdds-2065-gthbc-3516972114, networkLocation: /default-rack, certSerialId: null}
2019-08-30 23:35:44,606 [pool-529-thread-1] INFO  server.RaftServerConfigKeys (ConfUtils.java:logGet(43)) - raft.server.rpc.timeout.min = 5s (custom)
2019-08-30 23:35:44,606 [pool-529-thread-1] INFO  server.RaftServerConfigKeys (ConfUtils.java:logGet(43)) - raft.server.rpc.timeout.max = 5200ms (custom)
2019-08-30 23:35:44,606 [pool-529-thread-1] INFO  server.RaftServerConfigKeys (ConfUtils.java:logGet(43)) - raft.server.rpcslowness.timeout = 120s (custom)
2019-08-30 23:35:44,607 [pool-529-thread-1] INFO  server.RaftServerConfigKeys (ConfUtils.java:logGet(43)) - raft.server.sleep.deviation.threshold = 300 (default)
2019-08-30 23:35:44,607 [pool-529-thread-1] INFO  server.RaftServerConfigKeys (ConfUtils.java:logGet(43)) - raft.server.log.appender.install.snapshot.enabled = false (custom)
2019-08-30 23:35:44,607 [pool-529-thread-1] INFO  impl.RaftServerImpl (ServerState.java:<init>(105)) - 02cc4af1-34eb-47d4-9c65-d28f0498788e:group-7DD5A480017C ConfigurationManager, init=-1: [02cc4af1-34eb-47d4-9c65-d28f0498788e:192.168.69.97:39805], old=null, confs=<EMPTY_MAP>
2019-08-30 23:35:44,607 [pool-529-thread-1] INFO  server.RaftServerConfigKeys (ConfUtils.java:logGet(43)) - raft.server.storage.dir = [/workdir/hadoop-ozone/integration-test/target/test-dir/MiniOzoneClusterImpl-cd3b51ba-7d2f-4eb6-8b0c-706acb0cc0f6/datanode-3/data/ratis] (custom)
2019-08-30 23:35:44,607 [pool-529-thread-1] INFO  storage.RaftStorageDirectory (RaftStorageDirectory.java:analyzeStorage(246)) - The storage directory /workdir/hadoop-ozone/integration-test/target/test-dir/MiniOzoneClusterImpl-cd3b51ba-7d2f-4eb6-8b0c-706acb0cc0f6/datanode-3/data/ratis/2aa39128-0274-4130-923a-7dd5a480017c does not exist. Creating ...
2019-08-30 23:35:44,626 [pool-529-thread-1] INFO  storage.RaftStorageDirectory (RaftStorageDirectory.java:tryLock(328)) - Lock on /workdir/hadoop-ozone/integration-test/target/test-dir/MiniOzoneClusterImpl-cd3b51ba-7d2f-4eb6-8b0c-706acb0cc0f6/datanode-3/data/ratis/2aa39128-0274-4130-923a-7dd5a480017c/in_use.lock acquired by nodename 17040@pr-hdds-2065-gthbc-3516972114
2019-08-30 23:35:44,652 [pool-529-thread-1] INFO  storage.RaftStorage (RaftStorage.java:format(72)) - Storage directory /workdir/hadoop-ozone/integration-test/target/test-dir/MiniOzoneClusterImpl-cd3b51ba-7d2f-4eb6-8b0c-706acb0cc0f6/datanode-3/data/ratis/2aa39128-0274-4130-923a-7dd5a480017c has been successfully formatted.
2019-08-30 23:35:44,652 [pool-529-thread-1] INFO  ratis.ContainerStateMachine (ContainerStateMachine.java:loadSnapshot(227)) - group-7DD5A480017C: The snapshot info is null. Setting the last applied indexto:(t:0, i:~)
2019-08-30 23:35:44,652 [pool-529-thread-1] INFO  server.RaftServerConfigKeys (ConfUtils.java:logGet(43)) - raft.server.leader.election.timeout = 120s (custom)
2019-08-30 23:35:44,652 [pool-529-thread-1] INFO  server.RaftServerConfigKeys (ConfUtils.java:logGet(43)) - raft.server.log.use.memory = false (default)
2019-08-30 23:35:44,653 [pool-529-thread-1] INFO  server.RaftServerConfigKeys (ConfUtils.java:logGet(43)) - raft.server.log.purge.gap = 1000000 (custom)
2019-08-30 23:35:44,653 [pool-529-thread-1] INFO  server.RaftServerConfigKeys (ConfUtils.java:logGet(43)) - raft.server.log.appender.buffer.byte-limit = 33554432 (custom)
2019-08-30 23:35:44,653 [pool-529-thread-1] INFO  server.RaftServerConfigKeys (ConfUtils.java:logGet(43)) - raft.server.log.segment.size.max = 1048576 (custom)
2019-08-30 23:35:44,653 [pool-529-thread-1] INFO  server.RaftServerConfigKeys (ConfUtils.java:logGet(43)) - raft.server.log.segment.cache.num.max = 2 (custom)
2019-08-30 23:35:44,653 [pool-529-thread-1] INFO  segmented.SegmentedRaftLogWorker (SegmentedRaftLogWorker.java:<init>(172)) - new 02cc4af1-34eb-47d4-9c65-d28f0498788e-SegmentedRaftLogWorker:Storage Directory /workdir/hadoop-ozone/integration-test/target/test-dir/MiniOzoneClusterImpl-cd3b51ba-7d2f-4eb6-8b0c-706acb0cc0f6/datanode-3/data/ratis/2aa39128-0274-4130-923a-7dd5a480017c for RaftStorage:Storage Directory /workdir/hadoop-ozone/integration-test/target/test-dir/MiniOzoneClusterImpl-cd3b51ba-7d2f-4eb6-8b0c-706acb0cc0f6/datanode-3/data/ratis/2aa39128-0274-4130-923a-7dd5a480017c
2019-08-30 23:35:44,653 [pool-529-thread-1] INFO  server.RaftServerConfigKeys (ConfUtils.java:logGet(43)) - raft.server.log.queue.byte-limit = 2147483647 (custom)
2019-08-30 23:35:44,653 [pool-529-thread-1] INFO  server.RaftServerConfigKeys (ConfUtils.java:logGet(43)) - raft.server.log.queue.element-limit = 1024 (custom)
2019-08-30 23:35:44,654 [pool-529-thread-1] INFO  server.RaftServerConfigKeys (ConfUtils.java:logGet(43)) - raft.server.log.segment.size.max = 1048576 (custom)
2019-08-30 23:35:44,654 [pool-529-thread-1] INFO  server.RaftServerConfigKeys (ConfUtils.java:logGet(43)) - raft.server.log.preallocated.size = 16384 (custom)
2019-08-30 23:35:44,654 [pool-529-thread-1] INFO  server.RaftServerConfigKeys (ConfUtils.java:logGet(43)) - raft.server.log.write.buffer.size = 33554432 (custom)
2019-08-30 23:35:44,654 [pool-529-thread-1] INFO  server.RaftServerConfigKeys (ConfUtils.java:logGet(43)) - raft.server.log.force.sync.num = 128 (default)
2019-08-30 23:35:44,654 [pool-529-thread-1] INFO  server.RaftServerConfigKeys (ConfUtils.java:logGet(43)) - raft.server.log.statemachine.data.sync = true (default)
2019-08-30 23:35:44,654 [pool-529-thread-1] INFO  server.RaftServerConfigKeys (ConfUtils.java:logGet(43)) - raft.server.log.statemachine.data.sync.timeout = 10s (default)
2019-08-30 23:35:44,654 [pool-529-thread-1] INFO  server.RaftServerConfigKeys (ConfUtils.java:logGet(43)) - raft.server.log.statemachine.data.sync.timeout.retry = -1 (default)
2019-08-30 23:35:44,655 [pool-529-thread-1] INFO  server.RaftServerConfigKeys (ConfUtils.java:logGet(43)) - raft.server.log.statemachine.data.caching.enabled = true (custom)
2019-08-30 23:35:44,655 [pool-529-thread-1] INFO  segmented.SegmentedRaftLogWorker (SegmentedRaftLogWorker.java:lambda$new$0(132)) - 02cc4af1-34eb-47d4-9c65-d28f0498788e-SegmentedRaftLogWorker:Storage Directory /workdir/hadoop-ozone/integration-test/target/test-dir/MiniOzoneClusterImpl-cd3b51ba-7d2f-4eb6-8b0c-706acb0cc0f6/datanode-3/data/ratis/2aa39128-0274-4130-923a-7dd5a480017c: flushIndex: setUnconditionally 0 -> -1
2019-08-30 23:35:44,655 [pool-529-thread-1] INFO  server.RaftServerConfigKeys (ConfUtils.java:logGet(43)) - raft.server.snapshot.auto.trigger.enabled = true (custom)
2019-08-30 23:35:44,655 [pool-529-thread-1] INFO  server.RaftServerConfigKeys (ConfUtils.java:logGet(43)) - raft.server.snapshot.auto.trigger.threshold = 10000 (custom)
2019-08-30 23:35:44,656 [pool-529-thread-1] INFO  server.RaftServerConfigKeys (ConfUtils.java:logGet(43)) - raft.server.retrycache.expirytime = 600000ms (custom)
2019-08-30 23:35:44,656 [pool-529-thread-1] INFO  impl.RaftServerImpl (RaftServerImpl.java:start(180)) - 02cc4af1-34eb-47d4-9c65-d28f0498788e: start group-7DD5A480017C
2019-08-30 23:35:44,656 [pool-529-thread-1] INFO  impl.RaftServerImpl (RaftServerImpl.java:setRole(171)) - 02cc4af1-34eb-47d4-9c65-d28f0498788e:group-7DD5A480017C changes role from null to FOLLOWER at term 0 for startAsFollower
2019-08-30 23:35:44,656 [pool-529-thread-1] INFO  impl.RoleInfo (RoleInfo.java:updateAndGet(143)) - 02cc4af1-34eb-47d4-9c65-d28f0498788e: start FollowerState
2019-08-30 23:35:44,656 [pool-529-thread-1] INFO  util.JmxRegister (JmxRegister.java:tryRegister(44)) - Successfully registered JMX Bean with object name Ratis:service=RaftServer,group=group-7DD5A480017C,id=02cc4af1-34eb-47d4-9c65-d28f0498788e
2019-08-30 23:35:44,658 [RatisPipelineUtilsThread] INFO  pipeline.PipelineStateManager (PipelineStateManager.java:addPipeline(56)) - Created pipeline Pipeline[ Id: 2aa39128-0274-4130-923a-7dd5a480017c, Nodes: 02cc4af1-34eb-47d4-9c65-d28f0498788e{ip: 192.168.69.97, host: pr-hdds-2065-gthbc-3516972114, networkLocation: /default-rack, certSerialId: null}, Type:RATIS, Factor:ONE, State:OPEN]
2019-08-30 23:35:44,666 [grpc-default-executor-7] INFO  impl.RaftServerProxy (RaftServerProxy.java:addNew(89)) - a6088532-a578-4bbc-a6cd-6ebdc471c4f0: addNew group-2446EA19187E:[a6088532-a578-4bbc-a6cd-6ebdc471c4f0:192.168.69.97:40753] returns group-2446EA19187E:java.util.concurrent.CompletableFuture@42eac5cf[Not completed]
2019-08-30 23:35:44,667 [pool-539-thread-1] INFO  impl.RaftServerImpl (RaftServerImpl.java:<init>(93)) - a6088532-a578-4bbc-a6cd-6ebdc471c4f0: new RaftServerImpl for group-2446EA19187E:[a6088532-a578-4bbc-a6cd-6ebdc471c4f0:192.168.69.97:40753] with ContainerStateMachine:uninitialized
2019-08-30 23:35:44,667 [pool-539-thread-1] INFO  server.RaftServerConfigKeys (ConfUtils.java:logGet(43)) - raft.server.rpc.timeout.min = 5s (custom)
2019-08-30 23:35:44,667 [pool-539-thread-1] INFO  server.RaftServerConfigKeys (ConfUtils.java:logGet(43)) - raft.server.rpc.timeout.max = 5200ms (custom)
2019-08-30 23:35:44,668 [pool-539-thread-1] INFO  server.RaftServerConfigKeys (ConfUtils.java:logGet(43)) - raft.server.rpcslowness.timeout = 120s (custom)
2019-08-30 23:35:44,668 [pool-539-thread-1] INFO  server.RaftServerConfigKeys (ConfUtils.java:logGet(43)) - raft.server.sleep.deviation.threshold = 300 (default)
2019-08-30 23:35:44,668 [pool-539-thread-1] INFO  server.RaftServerConfigKeys (ConfUtils.java:logGet(43)) - raft.server.log.appender.install.snapshot.enabled = false (custom)
2019-08-30 23:35:44,668 [pool-539-thread-1] INFO  impl.RaftServerImpl (ServerState.java:<init>(105)) - a6088532-a578-4bbc-a6cd-6ebdc471c4f0:group-2446EA19187E ConfigurationManager, init=-1: [a6088532-a578-4bbc-a6cd-6ebdc471c4f0:192.168.69.97:40753], old=null, confs=<EMPTY_MAP>
2019-08-30 23:35:44,668 [pool-539-thread-1] INFO  server.RaftServerConfigKeys (ConfUtils.java:logGet(43)) - raft.server.storage.dir = [/workdir/hadoop-ozone/integration-test/target/test-dir/MiniOzoneClusterImpl-cd3b51ba-7d2f-4eb6-8b0c-706acb0cc0f6/datanode-4/data/ratis] (custom)
2019-08-30 23:35:44,668 [pool-539-thread-1] INFO  storage.RaftStorageDirectory (RaftStorageDirectory.java:analyzeStorage(246)) - The storage directory /workdir/hadoop-ozone/integration-test/target/test-dir/MiniOzoneClusterImpl-cd3b51ba-7d2f-4eb6-8b0c-706acb0cc0f6/datanode-4/data/ratis/390ce9b5-cfeb-4860-beec-2446ea19187e does not exist. Creating ...
2019-08-30 23:35:44,686 [pool-539-thread-1] INFO  storage.RaftStorageDirectory (RaftStorageDirectory.java:tryLock(328)) - Lock on /workdir/hadoop-ozone/integration-test/target/test-dir/MiniOzoneClusterImpl-cd3b51ba-7d2f-4eb6-8b0c-706acb0cc0f6/datanode-4/data/ratis/390ce9b5-cfeb-4860-beec-2446ea19187e/in_use.lock acquired by nodename 17040@pr-hdds-2065-gthbc-3516972114
2019-08-30 23:35:44,694 [IPC Server handler 5 on 35251] INFO  net.NetworkTopology (NetworkTopologyImpl.java:add(110)) - Added a new node: /default-rack/d95ceee6-2e09-4cc8-a399-92fb5d246ede
2019-08-30 23:35:44,694 [IPC Server handler 5 on 35251] INFO  node.SCMNodeManager (SCMNodeManager.java:register(266)) - Registered Data node : d95ceee6-2e09-4cc8-a399-92fb5d246ede{ip: 192.168.69.97, host: pr-hdds-2065-gthbc-3516972114, networkLocation: /default-rack, certSerialId: null}
2019-08-30 23:35:44,703 [pool-539-thread-1] INFO  storage.RaftStorage (RaftStorage.java:format(72)) - Storage directory /workdir/hadoop-ozone/integration-test/target/test-dir/MiniOzoneClusterImpl-cd3b51ba-7d2f-4eb6-8b0c-706acb0cc0f6/datanode-4/data/ratis/390ce9b5-cfeb-4860-beec-2446ea19187e has been successfully formatted.
2019-08-30 23:35:44,703 [pool-539-thread-1] INFO  ratis.ContainerStateMachine (ContainerStateMachine.java:loadSnapshot(227)) - group-2446EA19187E: The snapshot info is null. Setting the last applied indexto:(t:0, i:~)
2019-08-30 23:35:44,703 [pool-539-thread-1] INFO  server.RaftServerConfigKeys (ConfUtils.java:logGet(43)) - raft.server.leader.election.timeout = 120s (custom)
2019-08-30 23:35:44,703 [pool-539-thread-1] INFO  server.RaftServerConfigKeys (ConfUtils.java:logGet(43)) - raft.server.log.use.memory = false (default)
2019-08-30 23:35:44,703 [pool-539-thread-1] INFO  server.RaftServerConfigKeys (ConfUtils.java:logGet(43)) - raft.server.log.purge.gap = 1000000 (custom)
2019-08-30 23:35:44,704 [pool-539-thread-1] INFO  server.RaftServerConfigKeys (ConfUtils.java:logGet(43)) - raft.server.log.appender.buffer.byte-limit = 33554432 (custom)
2019-08-30 23:35:44,704 [pool-539-thread-1] INFO  server.RaftServerConfigKeys (ConfUtils.java:logGet(43)) - raft.server.log.segment.size.max = 1048576 (custom)
2019-08-30 23:35:44,704 [pool-539-thread-1] INFO  server.RaftServerConfigKeys (ConfUtils.java:logGet(43)) - raft.server.log.segment.cache.num.max = 2 (custom)
2019-08-30 23:35:44,704 [pool-539-thread-1] INFO  segmented.SegmentedRaftLogWorker (SegmentedRaftLogWorker.java:<init>(172)) - new a6088532-a578-4bbc-a6cd-6ebdc471c4f0-SegmentedRaftLogWorker:Storage Directory /workdir/hadoop-ozone/integration-test/target/test-dir/MiniOzoneClusterImpl-cd3b51ba-7d2f-4eb6-8b0c-706acb0cc0f6/datanode-4/data/ratis/390ce9b5-cfeb-4860-beec-2446ea19187e for RaftStorage:Storage Directory /workdir/hadoop-ozone/integration-test/target/test-dir/MiniOzoneClusterImpl-cd3b51ba-7d2f-4eb6-8b0c-706acb0cc0f6/datanode-4/data/ratis/390ce9b5-cfeb-4860-beec-2446ea19187e
2019-08-30 23:35:44,704 [pool-539-thread-1] INFO  server.RaftServerConfigKeys (ConfUtils.java:logGet(43)) - raft.server.log.queue.byte-limit = 2147483647 (custom)
2019-08-30 23:35:44,704 [pool-539-thread-1] INFO  server.RaftServerConfigKeys (ConfUtils.java:logGet(43)) - raft.server.log.queue.element-limit = 1024 (custom)
2019-08-30 23:35:44,705 [pool-539-thread-1] INFO  server.RaftServerConfigKeys (ConfUtils.java:logGet(43)) - raft.server.log.segment.size.max = 1048576 (custom)
2019-08-30 23:35:44,705 [pool-539-thread-1] INFO  server.RaftServerConfigKeys (ConfUtils.java:logGet(43)) - raft.server.log.preallocated.size = 16384 (custom)
2019-08-30 23:35:44,705 [pool-539-thread-1] INFO  server.RaftServerConfigKeys (ConfUtils.java:logGet(43)) - raft.server.log.write.buffer.size = 33554432 (custom)
2019-08-30 23:35:44,705 [pool-539-thread-1] INFO  server.RaftServerConfigKeys (ConfUtils.java:logGet(43)) - raft.server.log.force.sync.num = 128 (default)
2019-08-30 23:35:44,705 [pool-539-thread-1] INFO  server.RaftServerConfigKeys (ConfUtils.java:logGet(43)) - raft.server.log.statemachine.data.sync = true (default)
2019-08-30 23:35:44,705 [pool-539-thread-1] INFO  server.RaftServerConfigKeys (ConfUtils.java:logGet(43)) - raft.server.log.statemachine.data.sync.timeout = 10s (default)
2019-08-30 23:35:44,705 [pool-539-thread-1] INFO  server.RaftServerConfigKeys (ConfUtils.java:logGet(43)) - raft.server.log.statemachine.data.sync.timeout.retry = -1 (default)
2019-08-30 23:35:44,706 [pool-539-thread-1] INFO  server.RaftServerConfigKeys (ConfUtils.java:logGet(43)) - raft.server.log.statemachine.data.caching.enabled = true (custom)
2019-08-30 23:35:44,706 [pool-539-thread-1] INFO  segmented.SegmentedRaftLogWorker (SegmentedRaftLogWorker.java:lambda$new$0(132)) - a6088532-a578-4bbc-a6cd-6ebdc471c4f0-SegmentedRaftLogWorker:Storage Directory /workdir/hadoop-ozone/integration-test/target/test-dir/MiniOzoneClusterImpl-cd3b51ba-7d2f-4eb6-8b0c-706acb0cc0f6/datanode-4/data/ratis/390ce9b5-cfeb-4860-beec-2446ea19187e: flushIndex: setUnconditionally 0 -> -1
2019-08-30 23:35:44,706 [pool-539-thread-1] INFO  server.RaftServerConfigKeys (ConfUtils.java:logGet(43)) - raft.server.snapshot.auto.trigger.enabled = true (custom)
2019-08-30 23:35:44,706 [pool-539-thread-1] INFO  server.RaftServerConfigKeys (ConfUtils.java:logGet(43)) - raft.server.snapshot.auto.trigger.threshold = 10000 (custom)
2019-08-30 23:35:44,706 [pool-539-thread-1] INFO  server.RaftServerConfigKeys (ConfUtils.java:logGet(43)) - raft.server.retrycache.expirytime = 600000ms (custom)
2019-08-30 23:35:44,707 [pool-539-thread-1] INFO  impl.RaftServerImpl (RaftServerImpl.java:start(180)) - a6088532-a578-4bbc-a6cd-6ebdc471c4f0: start group-2446EA19187E
2019-08-30 23:35:44,707 [pool-539-thread-1] INFO  impl.RaftServerImpl (RaftServerImpl.java:setRole(171)) - a6088532-a578-4bbc-a6cd-6ebdc471c4f0:group-2446EA19187E changes role from null to FOLLOWER at term 0 for startAsFollower
2019-08-30 23:35:44,707 [pool-539-thread-1] INFO  impl.RoleInfo (RoleInfo.java:updateAndGet(143)) - a6088532-a578-4bbc-a6cd-6ebdc471c4f0: start FollowerState
2019-08-30 23:35:44,707 [pool-539-thread-1] INFO  util.JmxRegister (JmxRegister.java:tryRegister(44)) - Successfully registered JMX Bean with object name Ratis:service=RaftServer,group=group-2446EA19187E,id=a6088532-a578-4bbc-a6cd-6ebdc471c4f0
2019-08-30 23:35:44,709 [RatisPipelineUtilsThread] INFO  pipeline.PipelineStateManager (PipelineStateManager.java:addPipeline(56)) - Created pipeline Pipeline[ Id: 390ce9b5-cfeb-4860-beec-2446ea19187e, Nodes: a6088532-a578-4bbc-a6cd-6ebdc471c4f0{ip: 192.168.69.97, host: pr-hdds-2065-gthbc-3516972114, networkLocation: /default-rack, certSerialId: null}, Type:RATIS, Factor:ONE, State:OPEN]
2019-08-30 23:35:44,716 [grpc-default-executor-7] INFO  impl.RaftServerProxy (RaftServerProxy.java:addNew(89)) - d95ceee6-2e09-4cc8-a399-92fb5d246ede: addNew group-ABE8DAE4E60C:[d95ceee6-2e09-4cc8-a399-92fb5d246ede:192.168.69.97:35799] returns group-ABE8DAE4E60C:java.util.concurrent.CompletableFuture@3f9d4d3[Not completed]
2019-08-30 23:35:44,717 [pool-549-thread-1] INFO  impl.RaftServerImpl (RaftServerImpl.java:<init>(93)) - d95ceee6-2e09-4cc8-a399-92fb5d246ede: new RaftServerImpl for group-ABE8DAE4E60C:[d95ceee6-2e09-4cc8-a399-92fb5d246ede:192.168.69.97:35799] with ContainerStateMachine:uninitialized
2019-08-30 23:35:44,717 [pool-549-thread-1] INFO  server.RaftServerConfigKeys (ConfUtils.java:logGet(43)) - raft.server.rpc.timeout.min = 5s (custom)
2019-08-30 23:35:44,718 [pool-549-thread-1] INFO  server.RaftServerConfigKeys (ConfUtils.java:logGet(43)) - raft.server.rpc.timeout.max = 5200ms (custom)
2019-08-30 23:35:44,718 [pool-549-thread-1] INFO  server.RaftServerConfigKeys (ConfUtils.java:logGet(43)) - raft.server.rpcslowness.timeout = 120s (custom)
2019-08-30 23:35:44,718 [pool-549-thread-1] INFO  server.RaftServerConfigKeys (ConfUtils.java:logGet(43)) - raft.server.sleep.deviation.threshold = 300 (default)
2019-08-30 23:35:44,718 [pool-549-thread-1] INFO  server.RaftServerConfigKeys (ConfUtils.java:logGet(43)) - raft.server.log.appender.install.snapshot.enabled = false (custom)
2019-08-30 23:35:44,718 [pool-549-thread-1] INFO  impl.RaftServerImpl (ServerState.java:<init>(105)) - d95ceee6-2e09-4cc8-a399-92fb5d246ede:group-ABE8DAE4E60C ConfigurationManager, init=-1: [d95ceee6-2e09-4cc8-a399-92fb5d246ede:192.168.69.97:35799], old=null, confs=<EMPTY_MAP>
2019-08-30 23:35:44,718 [pool-549-thread-1] INFO  server.RaftServerConfigKeys (ConfUtils.java:logGet(43)) - raft.server.storage.dir = [/workdir/hadoop-ozone/integration-test/target/test-dir/MiniOzoneClusterImpl-cd3b51ba-7d2f-4eb6-8b0c-706acb0cc0f6/datanode-5/data/ratis] (custom)
2019-08-30 23:35:44,719 [pool-549-thread-1] INFO  storage.RaftStorageDirectory (RaftStorageDirectory.java:analyzeStorage(246)) - The storage directory /workdir/hadoop-ozone/integration-test/target/test-dir/MiniOzoneClusterImpl-cd3b51ba-7d2f-4eb6-8b0c-706acb0cc0f6/datanode-5/data/ratis/9ff4fe06-be16-44c9-a9f1-abe8dae4e60c does not exist. Creating ...
2019-08-30 23:35:44,737 [pool-549-thread-1] INFO  storage.RaftStorageDirectory (RaftStorageDirectory.java:tryLock(328)) - Lock on /workdir/hadoop-ozone/integration-test/target/test-dir/MiniOzoneClusterImpl-cd3b51ba-7d2f-4eb6-8b0c-706acb0cc0f6/datanode-5/data/ratis/9ff4fe06-be16-44c9-a9f1-abe8dae4e60c/in_use.lock acquired by nodename 17040@pr-hdds-2065-gthbc-3516972114
2019-08-30 23:35:44,754 [pool-549-thread-1] INFO  storage.RaftStorage (RaftStorage.java:format(72)) - Storage directory /workdir/hadoop-ozone/integration-test/target/test-dir/MiniOzoneClusterImpl-cd3b51ba-7d2f-4eb6-8b0c-706acb0cc0f6/datanode-5/data/ratis/9ff4fe06-be16-44c9-a9f1-abe8dae4e60c has been successfully formatted.
2019-08-30 23:35:44,754 [pool-549-thread-1] INFO  ratis.ContainerStateMachine (ContainerStateMachine.java:loadSnapshot(227)) - group-ABE8DAE4E60C: The snapshot info is null. Setting the last applied indexto:(t:0, i:~)
2019-08-30 23:35:44,754 [pool-549-thread-1] INFO  server.RaftServerConfigKeys (ConfUtils.java:logGet(43)) - raft.server.leader.election.timeout = 120s (custom)
2019-08-30 23:35:44,754 [pool-549-thread-1] INFO  server.RaftServerConfigKeys (ConfUtils.java:logGet(43)) - raft.server.log.use.memory = false (default)
2019-08-30 23:35:44,755 [pool-549-thread-1] INFO  server.RaftServerConfigKeys (ConfUtils.java:logGet(43)) - raft.server.log.purge.gap = 1000000 (custom)
2019-08-30 23:35:44,755 [pool-549-thread-1] INFO  server.RaftServerConfigKeys (ConfUtils.java:logGet(43)) - raft.server.log.appender.buffer.byte-limit = 33554432 (custom)
2019-08-30 23:35:44,755 [pool-549-thread-1] INFO  server.RaftServerConfigKeys (ConfUtils.java:logGet(43)) - raft.server.log.segment.size.max = 1048576 (custom)
2019-08-30 23:35:44,755 [pool-549-thread-1] INFO  server.RaftServerConfigKeys (ConfUtils.java:logGet(43)) - raft.server.log.segment.cache.num.max = 2 (custom)
2019-08-30 23:35:44,755 [pool-549-thread-1] INFO  segmented.SegmentedRaftLogWorker (SegmentedRaftLogWorker.java:<init>(172)) - new d95ceee6-2e09-4cc8-a399-92fb5d246ede-SegmentedRaftLogWorker:Storage Directory /workdir/hadoop-ozone/integration-test/target/test-dir/MiniOzoneClusterImpl-cd3b51ba-7d2f-4eb6-8b0c-706acb0cc0f6/datanode-5/data/ratis/9ff4fe06-be16-44c9-a9f1-abe8dae4e60c for RaftStorage:Storage Directory /workdir/hadoop-ozone/integration-test/target/test-dir/MiniOzoneClusterImpl-cd3b51ba-7d2f-4eb6-8b0c-706acb0cc0f6/datanode-5/data/ratis/9ff4fe06-be16-44c9-a9f1-abe8dae4e60c
2019-08-30 23:35:44,756 [pool-549-thread-1] INFO  server.RaftServerConfigKeys (ConfUtils.java:logGet(43)) - raft.server.log.queue.byte-limit = 2147483647 (custom)
2019-08-30 23:35:44,756 [pool-549-thread-1] INFO  server.RaftServerConfigKeys (ConfUtils.java:logGet(43)) - raft.server.log.queue.element-limit = 1024 (custom)
2019-08-30 23:35:44,756 [pool-549-thread-1] INFO  server.RaftServerConfigKeys (ConfUtils.java:logGet(43)) - raft.server.log.segment.size.max = 1048576 (custom)
2019-08-30 23:35:44,756 [main] INFO  ozone.MiniOzoneClusterImpl (MiniOzoneClusterImpl.java:lambda$waitForClusterToBeReady$0(140)) - Waiting for cluster to be ready. Got 6 of 7 DN Heartbeats.
2019-08-30 23:35:44,756 [pool-549-thread-1] INFO  server.RaftServerConfigKeys (ConfUtils.java:logGet(43)) - raft.server.log.preallocated.size = 16384 (custom)
2019-08-30 23:35:44,757 [pool-549-thread-1] INFO  server.RaftServerConfigKeys (ConfUtils.java:logGet(43)) - raft.server.log.write.buffer.size = 33554432 (custom)
2019-08-30 23:35:44,757 [pool-549-thread-1] INFO  server.RaftServerConfigKeys (ConfUtils.java:logGet(43)) - raft.server.log.force.sync.num = 128 (default)
2019-08-30 23:35:44,757 [pool-549-thread-1] INFO  server.RaftServerConfigKeys (ConfUtils.java:logGet(43)) - raft.server.log.statemachine.data.sync = true (default)
2019-08-30 23:35:44,758 [pool-549-thread-1] INFO  server.RaftServerConfigKeys (ConfUtils.java:logGet(43)) - raft.server.log.statemachine.data.sync.timeout = 10s (default)
2019-08-30 23:35:44,758 [pool-549-thread-1] INFO  server.RaftServerConfigKeys (ConfUtils.java:logGet(43)) - raft.server.log.statemachine.data.sync.timeout.retry = -1 (default)
2019-08-30 23:35:44,758 [pool-549-thread-1] INFO  server.RaftServerConfigKeys (ConfUtils.java:logGet(43)) - raft.server.log.statemachine.data.caching.enabled = true (custom)
2019-08-30 23:35:44,759 [pool-549-thread-1] INFO  segmented.SegmentedRaftLogWorker (SegmentedRaftLogWorker.java:lambda$new$0(132)) - d95ceee6-2e09-4cc8-a399-92fb5d246ede-SegmentedRaftLogWorker:Storage Directory /workdir/hadoop-ozone/integration-test/target/test-dir/MiniOzoneClusterImpl-cd3b51ba-7d2f-4eb6-8b0c-706acb0cc0f6/datanode-5/data/ratis/9ff4fe06-be16-44c9-a9f1-abe8dae4e60c: flushIndex: setUnconditionally 0 -> -1
2019-08-30 23:35:44,759 [pool-549-thread-1] INFO  server.RaftServerConfigKeys (ConfUtils.java:logGet(43)) - raft.server.snapshot.auto.trigger.enabled = true (custom)
2019-08-30 23:35:44,759 [pool-549-thread-1] INFO  server.RaftServerConfigKeys (ConfUtils.java:logGet(43)) - raft.server.snapshot.auto.trigger.threshold = 10000 (custom)
2019-08-30 23:35:44,759 [pool-549-thread-1] INFO  server.RaftServerConfigKeys (ConfUtils.java:logGet(43)) - raft.server.retrycache.expirytime = 600000ms (custom)
2019-08-30 23:35:44,760 [pool-549-thread-1] INFO  impl.RaftServerImpl (RaftServerImpl.java:start(180)) - d95ceee6-2e09-4cc8-a399-92fb5d246ede: start group-ABE8DAE4E60C
2019-08-30 23:35:44,760 [pool-549-thread-1] INFO  impl.RaftServerImpl (RaftServerImpl.java:setRole(171)) - d95ceee6-2e09-4cc8-a399-92fb5d246ede:group-ABE8DAE4E60C changes role from null to FOLLOWER at term 0 for startAsFollower
2019-08-30 23:35:44,760 [IPC Server handler 8 on 35251] INFO  net.NetworkTopology (NetworkTopologyImpl.java:add(110)) - Added a new node: /default-rack/a9b4b662-87dc-4b3f-b4fd-4a422c327ff5
2019-08-30 23:35:44,761 [IPC Server handler 8 on 35251] INFO  node.SCMNodeManager (SCMNodeManager.java:register(266)) - Registered Data node : a9b4b662-87dc-4b3f-b4fd-4a422c327ff5{ip: 192.168.69.97, host: pr-hdds-2065-gthbc-3516972114, networkLocation: /default-rack, certSerialId: null}
2019-08-30 23:35:44,760 [pool-549-thread-1] INFO  impl.RoleInfo (RoleInfo.java:updateAndGet(143)) - d95ceee6-2e09-4cc8-a399-92fb5d246ede: start FollowerState
2019-08-30 23:35:44,762 [pool-549-thread-1] INFO  util.JmxRegister (JmxRegister.java:tryRegister(44)) - Successfully registered JMX Bean with object name Ratis:service=RaftServer,group=group-ABE8DAE4E60C,id=d95ceee6-2e09-4cc8-a399-92fb5d246ede
2019-08-30 23:35:44,766 [RatisPipelineUtilsThread] INFO  pipeline.PipelineStateManager (PipelineStateManager.java:addPipeline(56)) - Created pipeline Pipeline[ Id: 9ff4fe06-be16-44c9-a9f1-abe8dae4e60c, Nodes: d95ceee6-2e09-4cc8-a399-92fb5d246ede{ip: 192.168.69.97, host: pr-hdds-2065-gthbc-3516972114, networkLocation: /default-rack, certSerialId: null}, Type:RATIS, Factor:ONE, State:OPEN]
2019-08-30 23:35:44,785 [grpc-default-executor-7] INFO  impl.RaftServerProxy (RaftServerProxy.java:addNew(89)) - a9b4b662-87dc-4b3f-b4fd-4a422c327ff5: addNew group-B7DCE81F5ABE:[a9b4b662-87dc-4b3f-b4fd-4a422c327ff5:192.168.69.97:39703] returns group-B7DCE81F5ABE:java.util.concurrent.CompletableFuture@30160094[Not completed]
2019-08-30 23:35:44,786 [pool-559-thread-1] INFO  impl.RaftServerImpl (RaftServerImpl.java:<init>(93)) - a9b4b662-87dc-4b3f-b4fd-4a422c327ff5: new RaftServerImpl for group-B7DCE81F5ABE:[a9b4b662-87dc-4b3f-b4fd-4a422c327ff5:192.168.69.97:39703] with ContainerStateMachine:uninitialized
2019-08-30 23:35:44,786 [pool-559-thread-1] INFO  server.RaftServerConfigKeys (ConfUtils.java:logGet(43)) - raft.server.rpc.timeout.min = 5s (custom)
2019-08-30 23:35:44,787 [pool-559-thread-1] INFO  server.RaftServerConfigKeys (ConfUtils.java:logGet(43)) - raft.server.rpc.timeout.max = 5200ms (custom)
2019-08-30 23:35:44,787 [pool-559-thread-1] INFO  server.RaftServerConfigKeys (ConfUtils.java:logGet(43)) - raft.server.rpcslowness.timeout = 120s (custom)
2019-08-30 23:35:44,787 [pool-559-thread-1] INFO  server.RaftServerConfigKeys (ConfUtils.java:logGet(43)) - raft.server.sleep.deviation.threshold = 300 (default)
2019-08-30 23:35:44,787 [pool-559-thread-1] INFO  server.RaftServerConfigKeys (ConfUtils.java:logGet(43)) - raft.server.log.appender.install.snapshot.enabled = false (custom)
2019-08-30 23:35:44,787 [pool-559-thread-1] INFO  impl.RaftServerImpl (ServerState.java:<init>(105)) - a9b4b662-87dc-4b3f-b4fd-4a422c327ff5:group-B7DCE81F5ABE ConfigurationManager, init=-1: [a9b4b662-87dc-4b3f-b4fd-4a422c327ff5:192.168.69.97:39703], old=null, confs=<EMPTY_MAP>
2019-08-30 23:35:44,787 [pool-559-thread-1] INFO  server.RaftServerConfigKeys (ConfUtils.java:logGet(43)) - raft.server.storage.dir = [/workdir/hadoop-ozone/integration-test/target/test-dir/MiniOzoneClusterImpl-cd3b51ba-7d2f-4eb6-8b0c-706acb0cc0f6/datanode-6/data/ratis] (custom)
2019-08-30 23:35:44,787 [pool-559-thread-1] INFO  storage.RaftStorageDirectory (RaftStorageDirectory.java:analyzeStorage(246)) - The storage directory /workdir/hadoop-ozone/integration-test/target/test-dir/MiniOzoneClusterImpl-cd3b51ba-7d2f-4eb6-8b0c-706acb0cc0f6/datanode-6/data/ratis/0fdbbca7-12b1-415b-8907-b7dce81f5abe does not exist. Creating ...
2019-08-30 23:35:44,812 [pool-559-thread-1] INFO  storage.RaftStorageDirectory (RaftStorageDirectory.java:tryLock(328)) - Lock on /workdir/hadoop-ozone/integration-test/target/test-dir/MiniOzoneClusterImpl-cd3b51ba-7d2f-4eb6-8b0c-706acb0cc0f6/datanode-6/data/ratis/0fdbbca7-12b1-415b-8907-b7dce81f5abe/in_use.lock acquired by nodename 17040@pr-hdds-2065-gthbc-3516972114
2019-08-30 23:35:44,838 [pool-559-thread-1] INFO  storage.RaftStorage (RaftStorage.java:format(72)) - Storage directory /workdir/hadoop-ozone/integration-test/target/test-dir/MiniOzoneClusterImpl-cd3b51ba-7d2f-4eb6-8b0c-706acb0cc0f6/datanode-6/data/ratis/0fdbbca7-12b1-415b-8907-b7dce81f5abe has been successfully formatted.
2019-08-30 23:35:44,838 [pool-559-thread-1] INFO  ratis.ContainerStateMachine (ContainerStateMachine.java:loadSnapshot(227)) - group-B7DCE81F5ABE: The snapshot info is null. Setting the last applied indexto:(t:0, i:~)
2019-08-30 23:35:44,838 [pool-559-thread-1] INFO  server.RaftServerConfigKeys (ConfUtils.java:logGet(43)) - raft.server.leader.election.timeout = 120s (custom)
2019-08-30 23:35:44,839 [pool-559-thread-1] INFO  server.RaftServerConfigKeys (ConfUtils.java:logGet(43)) - raft.server.log.use.memory = false (default)
2019-08-30 23:35:44,839 [pool-559-thread-1] INFO  server.RaftServerConfigKeys (ConfUtils.java:logGet(43)) - raft.server.log.purge.gap = 1000000 (custom)
2019-08-30 23:35:44,839 [pool-559-thread-1] INFO  server.RaftServerConfigKeys (ConfUtils.java:logGet(43)) - raft.server.log.appender.buffer.byte-limit = 33554432 (custom)
2019-08-30 23:35:44,839 [pool-559-thread-1] INFO  server.RaftServerConfigKeys (ConfUtils.java:logGet(43)) - raft.server.log.segment.size.max = 1048576 (custom)
2019-08-30 23:35:44,839 [pool-559-thread-1] INFO  server.RaftServerConfigKeys (ConfUtils.java:logGet(43)) - raft.server.log.segment.cache.num.max = 2 (custom)
2019-08-30 23:35:44,839 [pool-559-thread-1] INFO  segmented.SegmentedRaftLogWorker (SegmentedRaftLogWorker.java:<init>(172)) - new a9b4b662-87dc-4b3f-b4fd-4a422c327ff5-SegmentedRaftLogWorker:Storage Directory /workdir/hadoop-ozone/integration-test/target/test-dir/MiniOzoneClusterImpl-cd3b51ba-7d2f-4eb6-8b0c-706acb0cc0f6/datanode-6/data/ratis/0fdbbca7-12b1-415b-8907-b7dce81f5abe for RaftStorage:Storage Directory /workdir/hadoop-ozone/integration-test/target/test-dir/MiniOzoneClusterImpl-cd3b51ba-7d2f-4eb6-8b0c-706acb0cc0f6/datanode-6/data/ratis/0fdbbca7-12b1-415b-8907-b7dce81f5abe
2019-08-30 23:35:44,839 [pool-559-thread-1] INFO  server.RaftServerConfigKeys (ConfUtils.java:logGet(43)) - raft.server.log.queue.byte-limit = 2147483647 (custom)
2019-08-30 23:35:44,840 [pool-559-thread-1] INFO  server.RaftServerConfigKeys (ConfUtils.java:logGet(43)) - raft.server.log.queue.element-limit = 1024 (custom)
2019-08-30 23:35:44,840 [pool-559-thread-1] INFO  server.RaftServerConfigKeys (ConfUtils.java:logGet(43)) - raft.server.log.segment.size.max = 1048576 (custom)
2019-08-30 23:35:44,840 [pool-559-thread-1] INFO  server.RaftServerConfigKeys (ConfUtils.java:logGet(43)) - raft.server.log.preallocated.size = 16384 (custom)
2019-08-30 23:35:44,840 [pool-559-thread-1] INFO  server.RaftServerConfigKeys (ConfUtils.java:logGet(43)) - raft.server.log.write.buffer.size = 33554432 (custom)
2019-08-30 23:35:44,840 [pool-559-thread-1] INFO  server.RaftServerConfigKeys (ConfUtils.java:logGet(43)) - raft.server.log.force.sync.num = 128 (default)
2019-08-30 23:35:44,840 [pool-559-thread-1] INFO  server.RaftServerConfigKeys (ConfUtils.java:logGet(43)) - raft.server.log.statemachine.data.sync = true (default)
2019-08-30 23:35:44,841 [pool-559-thread-1] INFO  server.RaftServerConfigKeys (ConfUtils.java:logGet(43)) - raft.server.log.statemachine.data.sync.timeout = 10s (default)
2019-08-30 23:35:44,841 [pool-559-thread-1] INFO  server.RaftServerConfigKeys (ConfUtils.java:logGet(43)) - raft.server.log.statemachine.data.sync.timeout.retry = -1 (default)
2019-08-30 23:35:44,841 [pool-559-thread-1] INFO  server.RaftServerConfigKeys (ConfUtils.java:logGet(43)) - raft.server.log.statemachine.data.caching.enabled = true (custom)
2019-08-30 23:35:44,841 [pool-559-thread-1] INFO  segmented.SegmentedRaftLogWorker (SegmentedRaftLogWorker.java:lambda$new$0(132)) - a9b4b662-87dc-4b3f-b4fd-4a422c327ff5-SegmentedRaftLogWorker:Storage Directory /workdir/hadoop-ozone/integration-test/target/test-dir/MiniOzoneClusterImpl-cd3b51ba-7d2f-4eb6-8b0c-706acb0cc0f6/datanode-6/data/ratis/0fdbbca7-12b1-415b-8907-b7dce81f5abe: flushIndex: setUnconditionally 0 -> -1
2019-08-30 23:35:44,842 [pool-559-thread-1] INFO  server.RaftServerConfigKeys (ConfUtils.java:logGet(43)) - raft.server.snapshot.auto.trigger.enabled = true (custom)
2019-08-30 23:35:44,842 [pool-559-thread-1] INFO  server.RaftServerConfigKeys (ConfUtils.java:logGet(43)) - raft.server.snapshot.auto.trigger.threshold = 10000 (custom)
2019-08-30 23:35:44,842 [pool-559-thread-1] INFO  server.RaftServerConfigKeys (ConfUtils.java:logGet(43)) - raft.server.retrycache.expirytime = 600000ms (custom)
2019-08-30 23:35:44,842 [pool-559-thread-1] INFO  impl.RaftServerImpl (RaftServerImpl.java:start(180)) - a9b4b662-87dc-4b3f-b4fd-4a422c327ff5: start group-B7DCE81F5ABE
2019-08-30 23:35:44,842 [pool-559-thread-1] INFO  impl.RaftServerImpl (RaftServerImpl.java:setRole(171)) - a9b4b662-87dc-4b3f-b4fd-4a422c327ff5:group-B7DCE81F5ABE changes role from null to FOLLOWER at term 0 for startAsFollower
2019-08-30 23:35:44,843 [pool-559-thread-1] INFO  impl.RoleInfo (RoleInfo.java:updateAndGet(143)) - a9b4b662-87dc-4b3f-b4fd-4a422c327ff5: start FollowerState
2019-08-30 23:35:44,843 [pool-559-thread-1] INFO  util.JmxRegister (JmxRegister.java:tryRegister(44)) - Successfully registered JMX Bean with object name Ratis:service=RaftServer,group=group-B7DCE81F5ABE,id=a9b4b662-87dc-4b3f-b4fd-4a422c327ff5
2019-08-30 23:35:44,846 [RatisPipelineUtilsThread] INFO  pipeline.PipelineStateManager (PipelineStateManager.java:addPipeline(56)) - Created pipeline Pipeline[ Id: 0fdbbca7-12b1-415b-8907-b7dce81f5abe, Nodes: a9b4b662-87dc-4b3f-b4fd-4a422c327ff5{ip: 192.168.69.97, host: pr-hdds-2065-gthbc-3516972114, networkLocation: /default-rack, certSerialId: null}, Type:RATIS, Factor:ONE, State:OPEN]
2019-08-30 23:35:44,856 [grpc-default-executor-12] INFO  impl.RaftServerProxy (RaftServerProxy.java:addNew(89)) - 89444f21-ffd5-4031-8cd3-eb65eafa98e5: addNew group-F6CCC1769731:[e0931955-60a1-44c7-91ab-d64f736178cd:192.168.69.97:35323, d95ceee6-2e09-4cc8-a399-92fb5d246ede:192.168.69.97:35799, 89444f21-ffd5-4031-8cd3-eb65eafa98e5:192.168.69.97:43550] returns group-F6CCC1769731:java.util.concurrent.CompletableFuture@2d4c4e71[Not completed]
2019-08-30 23:35:44,856 [grpc-default-executor-13] INFO  impl.RaftServerProxy (RaftServerProxy.java:addNew(89)) - d95ceee6-2e09-4cc8-a399-92fb5d246ede: addNew group-F6CCC1769731:[e0931955-60a1-44c7-91ab-d64f736178cd:192.168.69.97:35323, d95ceee6-2e09-4cc8-a399-92fb5d246ede:192.168.69.97:35799, 89444f21-ffd5-4031-8cd3-eb65eafa98e5:192.168.69.97:43550] returns group-F6CCC1769731:java.util.concurrent.CompletableFuture@165e9516[Not completed]
2019-08-30 23:35:44,857 [grpc-default-executor-7] INFO  impl.RaftServerProxy (RaftServerProxy.java:addNew(89)) - e0931955-60a1-44c7-91ab-d64f736178cd: addNew group-F6CCC1769731:[e0931955-60a1-44c7-91ab-d64f736178cd:192.168.69.97:35323, d95ceee6-2e09-4cc8-a399-92fb5d246ede:192.168.69.97:35799, 89444f21-ffd5-4031-8cd3-eb65eafa98e5:192.168.69.97:43550] returns group-F6CCC1769731:java.util.concurrent.CompletableFuture@2719103a[Not completed]
2019-08-30 23:35:44,858 [pool-499-thread-1] INFO  impl.RaftServerImpl (RaftServerImpl.java:<init>(93)) - 89444f21-ffd5-4031-8cd3-eb65eafa98e5: new RaftServerImpl for group-F6CCC1769731:[e0931955-60a1-44c7-91ab-d64f736178cd:192.168.69.97:35323, d95ceee6-2e09-4cc8-a399-92fb5d246ede:192.168.69.97:35799, 89444f21-ffd5-4031-8cd3-eb65eafa98e5:192.168.69.97:43550] with ContainerStateMachine:uninitialized
2019-08-30 23:35:44,858 [pool-499-thread-1] INFO  server.RaftServerConfigKeys (ConfUtils.java:logGet(43)) - raft.server.rpc.timeout.min = 5s (custom)
2019-08-30 23:35:44,858 [pool-499-thread-1] INFO  server.RaftServerConfigKeys (ConfUtils.java:logGet(43)) - raft.server.rpc.timeout.max = 5200ms (custom)
2019-08-30 23:35:44,858 [pool-549-thread-1] INFO  impl.RaftServerImpl (RaftServerImpl.java:<init>(93)) - d95ceee6-2e09-4cc8-a399-92fb5d246ede: new RaftServerImpl for group-F6CCC1769731:[e0931955-60a1-44c7-91ab-d64f736178cd:192.168.69.97:35323, d95ceee6-2e09-4cc8-a399-92fb5d246ede:192.168.69.97:35799, 89444f21-ffd5-4031-8cd3-eb65eafa98e5:192.168.69.97:43550] with ContainerStateMachine:uninitialized
2019-08-30 23:35:44,859 [pool-499-thread-1] INFO  server.RaftServerConfigKeys (ConfUtils.java:logGet(43)) - raft.server.rpcslowness.timeout = 120s (custom)
2019-08-30 23:35:44,859 [pool-519-thread-1] INFO  impl.RaftServerImpl (RaftServerImpl.java:<init>(93)) - e0931955-60a1-44c7-91ab-d64f736178cd: new RaftServerImpl for group-F6CCC1769731:[e0931955-60a1-44c7-91ab-d64f736178cd:192.168.69.97:35323, d95ceee6-2e09-4cc8-a399-92fb5d246ede:192.168.69.97:35799, 89444f21-ffd5-4031-8cd3-eb65eafa98e5:192.168.69.97:43550] with ContainerStateMachine:uninitialized
2019-08-30 23:35:44,859 [pool-549-thread-1] INFO  server.RaftServerConfigKeys (ConfUtils.java:logGet(43)) - raft.server.rpc.timeout.min = 5s (custom)
2019-08-30 23:35:44,859 [pool-519-thread-1] INFO  server.RaftServerConfigKeys (ConfUtils.java:logGet(43)) - raft.server.rpc.timeout.min = 5s (custom)
2019-08-30 23:35:44,859 [pool-499-thread-1] INFO  server.RaftServerConfigKeys (ConfUtils.java:logGet(43)) - raft.server.sleep.deviation.threshold = 300 (default)
2019-08-30 23:35:44,859 [pool-519-thread-1] INFO  server.RaftServerConfigKeys (ConfUtils.java:logGet(43)) - raft.server.rpc.timeout.max = 5200ms (custom)
2019-08-30 23:35:44,860 [pool-519-thread-1] INFO  server.RaftServerConfigKeys (ConfUtils.java:logGet(43)) - raft.server.rpcslowness.timeout = 120s (custom)
2019-08-30 23:35:44,859 [pool-549-thread-1] INFO  server.RaftServerConfigKeys (ConfUtils.java:logGet(43)) - raft.server.rpc.timeout.max = 5200ms (custom)
2019-08-30 23:35:44,860 [pool-519-thread-1] INFO  server.RaftServerConfigKeys (ConfUtils.java:logGet(43)) - raft.server.sleep.deviation.threshold = 300 (default)
2019-08-30 23:35:44,860 [pool-519-thread-1] INFO  server.RaftServerConfigKeys (ConfUtils.java:logGet(43)) - raft.server.log.appender.install.snapshot.enabled = false (custom)
2019-08-30 23:35:44,860 [pool-499-thread-1] INFO  server.RaftServerConfigKeys (ConfUtils.java:logGet(43)) - raft.server.log.appender.install.snapshot.enabled = false (custom)
2019-08-30 23:35:44,860 [pool-519-thread-1] INFO  impl.RaftServerImpl (ServerState.java:<init>(105)) - e0931955-60a1-44c7-91ab-d64f736178cd:group-F6CCC1769731 ConfigurationManager, init=-1: [e0931955-60a1-44c7-91ab-d64f736178cd:192.168.69.97:35323, d95ceee6-2e09-4cc8-a399-92fb5d246ede:192.168.69.97:35799, 89444f21-ffd5-4031-8cd3-eb65eafa98e5:192.168.69.97:43550], old=null, confs=<EMPTY_MAP>
2019-08-30 23:35:44,860 [pool-549-thread-1] INFO  server.RaftServerConfigKeys (ConfUtils.java:logGet(43)) - raft.server.rpcslowness.timeout = 120s (custom)
2019-08-30 23:35:44,860 [pool-519-thread-1] INFO  server.RaftServerConfigKeys (ConfUtils.java:logGet(43)) - raft.server.storage.dir = [/workdir/hadoop-ozone/integration-test/target/test-dir/MiniOzoneClusterImpl-cd3b51ba-7d2f-4eb6-8b0c-706acb0cc0f6/datanode-2/data/ratis] (custom)
2019-08-30 23:35:44,860 [pool-499-thread-1] INFO  impl.RaftServerImpl (ServerState.java:<init>(105)) - 89444f21-ffd5-4031-8cd3-eb65eafa98e5:group-F6CCC1769731 ConfigurationManager, init=-1: [e0931955-60a1-44c7-91ab-d64f736178cd:192.168.69.97:35323, d95ceee6-2e09-4cc8-a399-92fb5d246ede:192.168.69.97:35799, 89444f21-ffd5-4031-8cd3-eb65eafa98e5:192.168.69.97:43550], old=null, confs=<EMPTY_MAP>
2019-08-30 23:35:44,861 [pool-549-thread-1] INFO  server.RaftServerConfigKeys (ConfUtils.java:logGet(43)) - raft.server.sleep.deviation.threshold = 300 (default)
2019-08-30 23:35:44,861 [pool-499-thread-1] INFO  server.RaftServerConfigKeys (ConfUtils.java:logGet(43)) - raft.server.storage.dir = [/workdir/hadoop-ozone/integration-test/target/test-dir/MiniOzoneClusterImpl-cd3b51ba-7d2f-4eb6-8b0c-706acb0cc0f6/datanode-0/data/ratis] (custom)
2019-08-30 23:35:44,861 [pool-519-thread-1] INFO  storage.RaftStorageDirectory (RaftStorageDirectory.java:analyzeStorage(246)) - The storage directory /workdir/hadoop-ozone/integration-test/target/test-dir/MiniOzoneClusterImpl-cd3b51ba-7d2f-4eb6-8b0c-706acb0cc0f6/datanode-2/data/ratis/a441d245-1fb3-489b-836d-f6ccc1769731 does not exist. Creating ...
2019-08-30 23:35:44,861 [pool-549-thread-1] INFO  server.RaftServerConfigKeys (ConfUtils.java:logGet(43)) - raft.server.log.appender.install.snapshot.enabled = false (custom)
2019-08-30 23:35:44,861 [pool-499-thread-1] INFO  storage.RaftStorageDirectory (RaftStorageDirectory.java:analyzeStorage(246)) - The storage directory /workdir/hadoop-ozone/integration-test/target/test-dir/MiniOzoneClusterImpl-cd3b51ba-7d2f-4eb6-8b0c-706acb0cc0f6/datanode-0/data/ratis/a441d245-1fb3-489b-836d-f6ccc1769731 does not exist. Creating ...
2019-08-30 23:35:44,861 [pool-549-thread-1] INFO  impl.RaftServerImpl (ServerState.java:<init>(105)) - d95ceee6-2e09-4cc8-a399-92fb5d246ede:group-F6CCC1769731 ConfigurationManager, init=-1: [e0931955-60a1-44c7-91ab-d64f736178cd:192.168.69.97:35323, d95ceee6-2e09-4cc8-a399-92fb5d246ede:192.168.69.97:35799, 89444f21-ffd5-4031-8cd3-eb65eafa98e5:192.168.69.97:43550], old=null, confs=<EMPTY_MAP>
2019-08-30 23:35:44,862 [pool-549-thread-1] INFO  server.RaftServerConfigKeys (ConfUtils.java:logGet(43)) - raft.server.storage.dir = [/workdir/hadoop-ozone/integration-test/target/test-dir/MiniOzoneClusterImpl-cd3b51ba-7d2f-4eb6-8b0c-706acb0cc0f6/datanode-5/data/ratis] (custom)
2019-08-30 23:35:44,862 [pool-549-thread-1] INFO  storage.RaftStorageDirectory (RaftStorageDirectory.java:analyzeStorage(246)) - The storage directory /workdir/hadoop-ozone/integration-test/target/test-dir/MiniOzoneClusterImpl-cd3b51ba-7d2f-4eb6-8b0c-706acb0cc0f6/datanode-5/data/ratis/a441d245-1fb3-489b-836d-f6ccc1769731 does not exist. Creating ...
2019-08-30 23:35:44,880 [pool-549-thread-1] INFO  storage.RaftStorageDirectory (RaftStorageDirectory.java:tryLock(328)) - Lock on /workdir/hadoop-ozone/integration-test/target/test-dir/MiniOzoneClusterImpl-cd3b51ba-7d2f-4eb6-8b0c-706acb0cc0f6/datanode-5/data/ratis/a441d245-1fb3-489b-836d-f6ccc1769731/in_use.lock acquired by nodename 17040@pr-hdds-2065-gthbc-3516972114
2019-08-30 23:35:44,880 [pool-519-thread-1] INFO  storage.RaftStorageDirectory (RaftStorageDirectory.java:tryLock(328)) - Lock on /workdir/hadoop-ozone/integration-test/target/test-dir/MiniOzoneClusterImpl-cd3b51ba-7d2f-4eb6-8b0c-706acb0cc0f6/datanode-2/data/ratis/a441d245-1fb3-489b-836d-f6ccc1769731/in_use.lock acquired by nodename 17040@pr-hdds-2065-gthbc-3516972114
2019-08-30 23:35:44,880 [pool-499-thread-1] INFO  storage.RaftStorageDirectory (RaftStorageDirectory.java:tryLock(328)) - Lock on /workdir/hadoop-ozone/integration-test/target/test-dir/MiniOzoneClusterImpl-cd3b51ba-7d2f-4eb6-8b0c-706acb0cc0f6/datanode-0/data/ratis/a441d245-1fb3-489b-836d-f6ccc1769731/in_use.lock acquired by nodename 17040@pr-hdds-2065-gthbc-3516972114
2019-08-30 23:35:44,898 [pool-519-thread-1] INFO  storage.RaftStorage (RaftStorage.java:format(72)) - Storage directory /workdir/hadoop-ozone/integration-test/target/test-dir/MiniOzoneClusterImpl-cd3b51ba-7d2f-4eb6-8b0c-706acb0cc0f6/datanode-2/data/ratis/a441d245-1fb3-489b-836d-f6ccc1769731 has been successfully formatted.
2019-08-30 23:35:44,898 [pool-499-thread-1] INFO  storage.RaftStorage (RaftStorage.java:format(72)) - Storage directory /workdir/hadoop-ozone/integration-test/target/test-dir/MiniOzoneClusterImpl-cd3b51ba-7d2f-4eb6-8b0c-706acb0cc0f6/datanode-0/data/ratis/a441d245-1fb3-489b-836d-f6ccc1769731 has been successfully formatted.
2019-08-30 23:35:44,898 [pool-549-thread-1] INFO  storage.RaftStorage (RaftStorage.java:format(72)) - Storage directory /workdir/hadoop-ozone/integration-test/target/test-dir/MiniOzoneClusterImpl-cd3b51ba-7d2f-4eb6-8b0c-706acb0cc0f6/datanode-5/data/ratis/a441d245-1fb3-489b-836d-f6ccc1769731 has been successfully formatted.
2019-08-30 23:35:44,898 [pool-499-thread-1] INFO  ratis.ContainerStateMachine (ContainerStateMachine.java:loadSnapshot(227)) - group-F6CCC1769731: The snapshot info is null. Setting the last applied indexto:(t:0, i:~)
2019-08-30 23:35:44,898 [pool-519-thread-1] INFO  ratis.ContainerStateMachine (ContainerStateMachine.java:loadSnapshot(227)) - group-F6CCC1769731: The snapshot info is null. Setting the last applied indexto:(t:0, i:~)
2019-08-30 23:35:44,899 [pool-499-thread-1] INFO  server.RaftServerConfigKeys (ConfUtils.java:logGet(43)) - raft.server.leader.election.timeout = 120s (custom)
2019-08-30 23:35:44,899 [pool-549-thread-1] INFO  ratis.ContainerStateMachine (ContainerStateMachine.java:loadSnapshot(227)) - group-F6CCC1769731: The snapshot info is null. Setting the last applied indexto:(t:0, i:~)
2019-08-30 23:35:44,899 [pool-499-thread-1] INFO  server.RaftServerConfigKeys (ConfUtils.java:logGet(43)) - raft.server.log.use.memory = false (default)
2019-08-30 23:35:44,899 [pool-519-thread-1] INFO  server.RaftServerConfigKeys (ConfUtils.java:logGet(43)) - raft.server.leader.election.timeout = 120s (custom)
2019-08-30 23:35:44,899 [pool-499-thread-1] INFO  server.RaftServerConfigKeys (ConfUtils.java:logGet(43)) - raft.server.log.purge.gap = 1000000 (custom)
2019-08-30 23:35:44,899 [pool-549-thread-1] INFO  server.RaftServerConfigKeys (ConfUtils.java:logGet(43)) - raft.server.leader.election.timeout = 120s (custom)
2019-08-30 23:35:44,900 [pool-499-thread-1] INFO  server.RaftServerConfigKeys (ConfUtils.java:logGet(43)) - raft.server.log.appender.buffer.byte-limit = 33554432 (custom)
2019-08-30 23:35:44,899 [pool-519-thread-1] INFO  server.RaftServerConfigKeys (ConfUtils.java:logGet(43)) - raft.server.log.use.memory = false (default)
2019-08-30 23:35:44,900 [pool-499-thread-1] INFO  server.RaftServerConfigKeys (ConfUtils.java:logGet(43)) - raft.server.log.segment.size.max = 1048576 (custom)
2019-08-30 23:35:44,900 [pool-549-thread-1] INFO  server.RaftServerConfigKeys (ConfUtils.java:logGet(43)) - raft.server.log.use.memory = false (default)
2019-08-30 23:35:44,900 [pool-499-thread-1] INFO  server.RaftServerConfigKeys (ConfUtils.java:logGet(43)) - raft.server.log.segment.cache.num.max = 2 (custom)
2019-08-30 23:35:44,900 [pool-519-thread-1] INFO  server.RaftServerConfigKeys (ConfUtils.java:logGet(43)) - raft.server.log.purge.gap = 1000000 (custom)
2019-08-30 23:35:44,900 [pool-499-thread-1] INFO  segmented.SegmentedRaftLogWorker (SegmentedRaftLogWorker.java:<init>(172)) - new 89444f21-ffd5-4031-8cd3-eb65eafa98e5-SegmentedRaftLogWorker:Storage Directory /workdir/hadoop-ozone/integration-test/target/test-dir/MiniOzoneClusterImpl-cd3b51ba-7d2f-4eb6-8b0c-706acb0cc0f6/datanode-0/data/ratis/a441d245-1fb3-489b-836d-f6ccc1769731 for RaftStorage:Storage Directory /workdir/hadoop-ozone/integration-test/target/test-dir/MiniOzoneClusterImpl-cd3b51ba-7d2f-4eb6-8b0c-706acb0cc0f6/datanode-0/data/ratis/a441d245-1fb3-489b-836d-f6ccc1769731
2019-08-30 23:35:44,900 [pool-549-thread-1] INFO  server.RaftServerConfigKeys (ConfUtils.java:logGet(43)) - raft.server.log.purge.gap = 1000000 (custom)
2019-08-30 23:35:44,901 [pool-499-thread-1] INFO  server.RaftServerConfigKeys (ConfUtils.java:logGet(43)) - raft.server.log.queue.byte-limit = 2147483647 (custom)
2019-08-30 23:35:44,901 [pool-499-thread-1] INFO  server.RaftServerConfigKeys (ConfUtils.java:logGet(43)) - raft.server.log.queue.element-limit = 1024 (custom)
2019-08-30 23:35:44,901 [pool-519-thread-1] INFO  server.RaftServerConfigKeys (ConfUtils.java:logGet(43)) - raft.server.log.appender.buffer.byte-limit = 33554432 (custom)
2019-08-30 23:35:44,901 [pool-499-thread-1] INFO  server.RaftServerConfigKeys (ConfUtils.java:logGet(43)) - raft.server.log.segment.size.max = 1048576 (custom)
2019-08-30 23:35:44,901 [pool-549-thread-1] INFO  server.RaftServerConfigKeys (ConfUtils.java:logGet(43)) - raft.server.log.appender.buffer.byte-limit = 33554432 (custom)
2019-08-30 23:35:44,902 [pool-499-thread-1] INFO  server.RaftServerConfigKeys (ConfUtils.java:logGet(43)) - raft.server.log.preallocated.size = 16384 (custom)
2019-08-30 23:35:44,902 [pool-499-thread-1] INFO  server.RaftServerConfigKeys (ConfUtils.java:logGet(43)) - raft.server.log.write.buffer.size = 33554432 (custom)
2019-08-30 23:35:44,901 [pool-519-thread-1] INFO  server.RaftServerConfigKeys (ConfUtils.java:logGet(43)) - raft.server.log.segment.size.max = 1048576 (custom)
2019-08-30 23:35:44,902 [pool-499-thread-1] INFO  server.RaftServerConfigKeys (ConfUtils.java:logGet(43)) - raft.server.log.force.sync.num = 128 (default)
2019-08-30 23:35:44,902 [pool-499-thread-1] INFO  server.RaftServerConfigKeys (ConfUtils.java:logGet(43)) - raft.server.log.statemachine.data.sync = true (default)
2019-08-30 23:35:44,902 [pool-549-thread-1] INFO  server.RaftServerConfigKeys (ConfUtils.java:logGet(43)) - raft.server.log.segment.size.max = 1048576 (custom)
2019-08-30 23:35:44,902 [pool-499-thread-1] INFO  server.RaftServerConfigKeys (ConfUtils.java:logGet(43)) - raft.server.log.statemachine.data.sync.timeout = 10s (default)
2019-08-30 23:35:44,903 [pool-499-thread-1] INFO  server.RaftServerConfigKeys (ConfUtils.java:logGet(43)) - raft.server.log.statemachine.data.sync.timeout.retry = -1 (default)
2019-08-30 23:35:44,902 [pool-519-thread-1] INFO  server.RaftServerConfigKeys (ConfUtils.java:logGet(43)) - raft.server.log.segment.cache.num.max = 2 (custom)
2019-08-30 23:35:44,903 [pool-499-thread-1] INFO  server.RaftServerConfigKeys (ConfUtils.java:logGet(43)) - raft.server.log.statemachine.data.caching.enabled = true (custom)
2019-08-30 23:35:44,903 [pool-549-thread-1] INFO  server.RaftServerConfigKeys (ConfUtils.java:logGet(43)) - raft.server.log.segment.cache.num.max = 2 (custom)
2019-08-30 23:35:44,903 [pool-499-thread-1] INFO  segmented.SegmentedRaftLogWorker (SegmentedRaftLogWorker.java:lambda$new$0(132)) - 89444f21-ffd5-4031-8cd3-eb65eafa98e5-SegmentedRaftLogWorker:Storage Directory /workdir/hadoop-ozone/integration-test/target/test-dir/MiniOzoneClusterImpl-cd3b51ba-7d2f-4eb6-8b0c-706acb0cc0f6/datanode-0/data/ratis/a441d245-1fb3-489b-836d-f6ccc1769731: flushIndex: setUnconditionally 0 -> -1
2019-08-30 23:35:44,903 [pool-519-thread-1] INFO  segmented.SegmentedRaftLogWorker (SegmentedRaftLogWorker.java:<init>(172)) - new e0931955-60a1-44c7-91ab-d64f736178cd-SegmentedRaftLogWorker:Storage Directory /workdir/hadoop-ozone/integration-test/target/test-dir/MiniOzoneClusterImpl-cd3b51ba-7d2f-4eb6-8b0c-706acb0cc0f6/datanode-2/data/ratis/a441d245-1fb3-489b-836d-f6ccc1769731 for RaftStorage:Storage Directory /workdir/hadoop-ozone/integration-test/target/test-dir/MiniOzoneClusterImpl-cd3b51ba-7d2f-4eb6-8b0c-706acb0cc0f6/datanode-2/data/ratis/a441d245-1fb3-489b-836d-f6ccc1769731
2019-08-30 23:35:44,903 [pool-549-thread-1] INFO  segmented.SegmentedRaftLogWorker (SegmentedRaftLogWorker.java:<init>(172)) - new d95ceee6-2e09-4cc8-a399-92fb5d246ede-SegmentedRaftLogWorker:Storage Directory /workdir/hadoop-ozone/integration-test/target/test-dir/MiniOzoneClusterImpl-cd3b51ba-7d2f-4eb6-8b0c-706acb0cc0f6/datanode-5/data/ratis/a441d245-1fb3-489b-836d-f6ccc1769731 for RaftStorage:Storage Directory /workdir/hadoop-ozone/integration-test/target/test-dir/MiniOzoneClusterImpl-cd3b51ba-7d2f-4eb6-8b0c-706acb0cc0f6/datanode-5/data/ratis/a441d245-1fb3-489b-836d-f6ccc1769731
2019-08-30 23:35:44,904 [pool-499-thread-1] INFO  server.RaftServerConfigKeys (ConfUtils.java:logGet(43)) - raft.server.snapshot.auto.trigger.enabled = true (custom)
2019-08-30 23:35:44,904 [pool-519-thread-1] INFO  server.RaftServerConfigKeys (ConfUtils.java:logGet(43)) - raft.server.log.queue.byte-limit = 2147483647 (custom)
2019-08-30 23:35:44,904 [pool-499-thread-1] INFO  server.RaftServerConfigKeys (ConfUtils.java:logGet(43)) - raft.server.snapshot.auto.trigger.threshold = 10000 (custom)
2019-08-30 23:35:44,904 [pool-549-thread-1] INFO  server.RaftServerConfigKeys (ConfUtils.java:logGet(43)) - raft.server.log.queue.byte-limit = 2147483647 (custom)
2019-08-30 23:35:44,904 [pool-499-thread-1] INFO  server.RaftServerConfigKeys (ConfUtils.java:logGet(43)) - raft.server.retrycache.expirytime = 600000ms (custom)
2019-08-30 23:35:44,904 [pool-519-thread-1] INFO  server.RaftServerConfigKeys (ConfUtils.java:logGet(43)) - raft.server.log.queue.element-limit = 1024 (custom)
2019-08-30 23:35:44,905 [pool-499-thread-1] INFO  impl.RaftServerImpl (RaftServerImpl.java:start(180)) - 89444f21-ffd5-4031-8cd3-eb65eafa98e5: start group-F6CCC1769731
2019-08-30 23:35:44,905 [pool-549-thread-1] INFO  server.RaftServerConfigKeys (ConfUtils.java:logGet(43)) - raft.server.log.queue.element-limit = 1024 (custom)
2019-08-30 23:35:44,905 [pool-499-thread-1] INFO  impl.RaftServerImpl (RaftServerImpl.java:setRole(171)) - 89444f21-ffd5-4031-8cd3-eb65eafa98e5:group-F6CCC1769731 changes role from null to FOLLOWER at term 0 for startAsFollower
2019-08-30 23:35:44,905 [pool-519-thread-1] INFO  server.RaftServerConfigKeys (ConfUtils.java:logGet(43)) - raft.server.log.segment.size.max = 1048576 (custom)
2019-08-30 23:35:44,905 [pool-499-thread-1] INFO  impl.RoleInfo (RoleInfo.java:updateAndGet(143)) - 89444f21-ffd5-4031-8cd3-eb65eafa98e5: start FollowerState
2019-08-30 23:35:44,905 [pool-549-thread-1] INFO  server.RaftServerConfigKeys (ConfUtils.java:logGet(43)) - raft.server.log.segment.size.max = 1048576 (custom)
2019-08-30 23:35:44,905 [pool-519-thread-1] INFO  server.RaftServerConfigKeys (ConfUtils.java:logGet(43)) - raft.server.log.preallocated.size = 16384 (custom)
2019-08-30 23:35:44,906 [pool-549-thread-1] INFO  server.RaftServerConfigKeys (ConfUtils.java:logGet(43)) - raft.server.log.preallocated.size = 16384 (custom)
2019-08-30 23:35:44,906 [pool-519-thread-1] INFO  server.RaftServerConfigKeys (ConfUtils.java:logGet(43)) - raft.server.log.write.buffer.size = 33554432 (custom)
2019-08-30 23:35:44,906 [pool-499-thread-1] INFO  util.JmxRegister (JmxRegister.java:tryRegister(44)) - Successfully registered JMX Bean with object name Ratis:service=RaftServer,group=group-F6CCC1769731,id=89444f21-ffd5-4031-8cd3-eb65eafa98e5
2019-08-30 23:35:44,906 [pool-519-thread-1] INFO  server.RaftServerConfigKeys (ConfUtils.java:logGet(43)) - raft.server.log.force.sync.num = 128 (default)
2019-08-30 23:35:44,906 [pool-549-thread-1] INFO  server.RaftServerConfigKeys (ConfUtils.java:logGet(43)) - raft.server.log.write.buffer.size = 33554432 (custom)
2019-08-30 23:35:44,907 [pool-519-thread-1] INFO  server.RaftServerConfigKeys (ConfUtils.java:logGet(43)) - raft.server.log.statemachine.data.sync = true (default)
2019-08-30 23:35:44,907 [pool-549-thread-1] INFO  server.RaftServerConfigKeys (ConfUtils.java:logGet(43)) - raft.server.log.force.sync.num = 128 (default)
2019-08-30 23:35:44,907 [pool-519-thread-1] INFO  server.RaftServerConfigKeys (ConfUtils.java:logGet(43)) - raft.server.log.statemachine.data.sync.timeout = 10s (default)
2019-08-30 23:35:44,907 [pool-549-thread-1] INFO  server.RaftServerConfigKeys (ConfUtils.java:logGet(43)) - raft.server.log.statemachine.data.sync = true (default)
2019-08-30 23:35:44,907 [pool-519-thread-1] INFO  server.RaftServerConfigKeys (ConfUtils.java:logGet(43)) - raft.server.log.statemachine.data.sync.timeout.retry = -1 (default)
2019-08-30 23:35:44,907 [pool-549-thread-1] INFO  server.RaftServerConfigKeys (ConfUtils.java:logGet(43)) - raft.server.log.statemachine.data.sync.timeout = 10s (default)
2019-08-30 23:35:44,908 [pool-519-thread-1] INFO  server.RaftServerConfigKeys (ConfUtils.java:logGet(43)) - raft.server.log.statemachine.data.caching.enabled = true (custom)
2019-08-30 23:35:44,908 [pool-549-thread-1] INFO  server.RaftServerConfigKeys (ConfUtils.java:logGet(43)) - raft.server.log.statemachine.data.sync.timeout.retry = -1 (default)
2019-08-30 23:35:44,908 [pool-549-thread-1] INFO  server.RaftServerConfigKeys (ConfUtils.java:logGet(43)) - raft.server.log.statemachine.data.caching.enabled = true (custom)
2019-08-30 23:35:44,908 [pool-519-thread-1] INFO  segmented.SegmentedRaftLogWorker (SegmentedRaftLogWorker.java:lambda$new$0(132)) - e0931955-60a1-44c7-91ab-d64f736178cd-SegmentedRaftLogWorker:Storage Directory /workdir/hadoop-ozone/integration-test/target/test-dir/MiniOzoneClusterImpl-cd3b51ba-7d2f-4eb6-8b0c-706acb0cc0f6/datanode-2/data/ratis/a441d245-1fb3-489b-836d-f6ccc1769731: flushIndex: setUnconditionally 0 -> -1
2019-08-30 23:35:44,908 [pool-549-thread-1] INFO  segmented.SegmentedRaftLogWorker (SegmentedRaftLogWorker.java:lambda$new$0(132)) - d95ceee6-2e09-4cc8-a399-92fb5d246ede-SegmentedRaftLogWorker:Storage Directory /workdir/hadoop-ozone/integration-test/target/test-dir/MiniOzoneClusterImpl-cd3b51ba-7d2f-4eb6-8b0c-706acb0cc0f6/datanode-5/data/ratis/a441d245-1fb3-489b-836d-f6ccc1769731: flushIndex: setUnconditionally 0 -> -1
2019-08-30 23:35:44,909 [pool-519-thread-1] INFO  server.RaftServerConfigKeys (ConfUtils.java:logGet(43)) - raft.server.snapshot.auto.trigger.enabled = true (custom)
2019-08-30 23:35:44,909 [pool-519-thread-1] INFO  server.RaftServerConfigKeys (ConfUtils.java:logGet(43)) - raft.server.snapshot.auto.trigger.threshold = 10000 (custom)
2019-08-30 23:35:44,909 [pool-549-thread-1] INFO  server.RaftServerConfigKeys (ConfUtils.java:logGet(43)) - raft.server.snapshot.auto.trigger.enabled = true (custom)
2019-08-30 23:35:44,909 [pool-519-thread-1] INFO  server.RaftServerConfigKeys (ConfUtils.java:logGet(43)) - raft.server.retrycache.expirytime = 600000ms (custom)
2019-08-30 23:35:44,909 [pool-549-thread-1] INFO  server.RaftServerConfigKeys (ConfUtils.java:logGet(43)) - raft.server.snapshot.auto.trigger.threshold = 10000 (custom)
2019-08-30 23:35:44,909 [pool-519-thread-1] INFO  impl.RaftServerImpl (RaftServerImpl.java:start(180)) - e0931955-60a1-44c7-91ab-d64f736178cd: start group-F6CCC1769731
2019-08-30 23:35:44,909 [pool-549-thread-1] INFO  server.RaftServerConfigKeys (ConfUtils.java:logGet(43)) - raft.server.retrycache.expirytime = 600000ms (custom)
2019-08-30 23:35:44,909 [pool-519-thread-1] INFO  impl.RaftServerImpl (RaftServerImpl.java:setRole(171)) - e0931955-60a1-44c7-91ab-d64f736178cd:group-F6CCC1769731 changes role from null to FOLLOWER at term 0 for startAsFollower
2019-08-30 23:35:44,910 [pool-549-thread-1] INFO  impl.RaftServerImpl (RaftServerImpl.java:start(180)) - d95ceee6-2e09-4cc8-a399-92fb5d246ede: start group-F6CCC1769731
2019-08-30 23:35:44,910 [pool-519-thread-1] INFO  impl.RoleInfo (RoleInfo.java:updateAndGet(143)) - e0931955-60a1-44c7-91ab-d64f736178cd: start FollowerState
2019-08-30 23:35:44,910 [pool-549-thread-1] INFO  impl.RaftServerImpl (RaftServerImpl.java:setRole(171)) - d95ceee6-2e09-4cc8-a399-92fb5d246ede:group-F6CCC1769731 changes role from null to FOLLOWER at term 0 for startAsFollower
2019-08-30 23:35:44,910 [pool-549-thread-1] INFO  impl.RoleInfo (RoleInfo.java:updateAndGet(143)) - d95ceee6-2e09-4cc8-a399-92fb5d246ede: start FollowerState
2019-08-30 23:35:44,910 [pool-519-thread-1] INFO  util.JmxRegister (JmxRegister.java:tryRegister(44)) - Successfully registered JMX Bean with object name Ratis:service=RaftServer,group=group-F6CCC1769731,id=e0931955-60a1-44c7-91ab-d64f736178cd
2019-08-30 23:35:44,911 [pool-549-thread-1] INFO  util.JmxRegister (JmxRegister.java:tryRegister(44)) - Successfully registered JMX Bean with object name Ratis:service=RaftServer,group=group-F6CCC1769731,id=d95ceee6-2e09-4cc8-a399-92fb5d246ede
2019-08-30 23:35:44,914 [RatisPipelineUtilsThread] INFO  pipeline.PipelineStateManager (PipelineStateManager.java:addPipeline(56)) - Created pipeline Pipeline[ Id: a441d245-1fb3-489b-836d-f6ccc1769731, Nodes: d95ceee6-2e09-4cc8-a399-92fb5d246ede{ip: 192.168.69.97, host: pr-hdds-2065-gthbc-3516972114, networkLocation: /default-rack, certSerialId: null}89444f21-ffd5-4031-8cd3-eb65eafa98e5{ip: 192.168.69.97, host: pr-hdds-2065-gthbc-3516972114, networkLocation: /default-rack, certSerialId: null}e0931955-60a1-44c7-91ab-d64f736178cd{ip: 192.168.69.97, host: pr-hdds-2065-gthbc-3516972114, networkLocation: /default-rack, certSerialId: null}, Type:RATIS, Factor:THREE, State:OPEN]
2019-08-30 23:35:44,932 [grpc-default-executor-7] INFO  impl.RaftServerProxy (RaftServerProxy.java:addNew(89)) - 55d75777-35f1-49de-95e2-8c28089e6f45: addNew group-36ED93E169FC:[02cc4af1-34eb-47d4-9c65-d28f0498788e:192.168.69.97:39805, 55d75777-35f1-49de-95e2-8c28089e6f45:192.168.69.97:36493, a9b4b662-87dc-4b3f-b4fd-4a422c327ff5:192.168.69.97:39703] returns group-36ED93E169FC:java.util.concurrent.CompletableFuture@1498f296[Not completed]
2019-08-30 23:35:44,932 [grpc-default-executor-13] INFO  impl.RaftServerProxy (RaftServerProxy.java:addNew(89)) - a9b4b662-87dc-4b3f-b4fd-4a422c327ff5: addNew group-36ED93E169FC:[02cc4af1-34eb-47d4-9c65-d28f0498788e:192.168.69.97:39805, 55d75777-35f1-49de-95e2-8c28089e6f45:192.168.69.97:36493, a9b4b662-87dc-4b3f-b4fd-4a422c327ff5:192.168.69.97:39703] returns group-36ED93E169FC:java.util.concurrent.CompletableFuture@6b32a744[Not completed]
2019-08-30 23:35:44,932 [grpc-default-executor-12] INFO  impl.RaftServerProxy (RaftServerProxy.java:addNew(89)) - 02cc4af1-34eb-47d4-9c65-d28f0498788e: addNew group-36ED93E169FC:[02cc4af1-34eb-47d4-9c65-d28f0498788e:192.168.69.97:39805, 55d75777-35f1-49de-95e2-8c28089e6f45:192.168.69.97:36493, a9b4b662-87dc-4b3f-b4fd-4a422c327ff5:192.168.69.97:39703] returns group-36ED93E169FC:java.util.concurrent.CompletableFuture@3453b72[Not completed]
2019-08-30 23:35:44,934 [pool-559-thread-1] INFO  impl.RaftServerImpl (RaftServerImpl.java:<init>(93)) - a9b4b662-87dc-4b3f-b4fd-4a422c327ff5: new RaftServerImpl for group-36ED93E169FC:[02cc4af1-34eb-47d4-9c65-d28f0498788e:192.168.69.97:39805, 55d75777-35f1-49de-95e2-8c28089e6f45:192.168.69.97:36493, a9b4b662-87dc-4b3f-b4fd-4a422c327ff5:192.168.69.97:39703] with ContainerStateMachine:uninitialized
2019-08-30 23:35:44,934 [pool-559-thread-1] INFO  server.RaftServerConfigKeys (ConfUtils.java:logGet(43)) - raft.server.rpc.timeout.min = 5s (custom)
2019-08-30 23:35:44,934 [pool-559-thread-1] INFO  server.RaftServerConfigKeys (ConfUtils.java:logGet(43)) - raft.server.rpc.timeout.max = 5200ms (custom)
2019-08-30 23:35:44,934 [pool-559-thread-1] INFO  server.RaftServerConfigKeys (ConfUtils.java:logGet(43)) - raft.server.rpcslowness.timeout = 120s (custom)
2019-08-30 23:35:44,934 [pool-559-thread-1] INFO  server.RaftServerConfigKeys (ConfUtils.java:logGet(43)) - raft.server.sleep.deviation.threshold = 300 (default)
2019-08-30 23:35:44,934 [pool-509-thread-1] INFO  impl.RaftServerImpl (RaftServerImpl.java:<init>(93)) - 55d75777-35f1-49de-95e2-8c28089e6f45: new RaftServerImpl for group-36ED93E169FC:[02cc4af1-34eb-47d4-9c65-d28f0498788e:192.168.69.97:39805, 55d75777-35f1-49de-95e2-8c28089e6f45:192.168.69.97:36493, a9b4b662-87dc-4b3f-b4fd-4a422c327ff5:192.168.69.97:39703] with ContainerStateMachine:uninitialized
2019-08-30 23:35:44,934 [pool-559-thread-1] INFO  server.RaftServerConfigKeys (ConfUtils.java:logGet(43)) - raft.server.log.appender.install.snapshot.enabled = false (custom)
2019-08-30 23:35:44,935 [pool-509-thread-1] INFO  server.RaftServerConfigKeys (ConfUtils.java:logGet(43)) - raft.server.rpc.timeout.min = 5s (custom)
2019-08-30 23:35:44,935 [pool-559-thread-1] INFO  impl.RaftServerImpl (ServerState.java:<init>(105)) - a9b4b662-87dc-4b3f-b4fd-4a422c327ff5:group-36ED93E169FC ConfigurationManager, init=-1: [02cc4af1-34eb-47d4-9c65-d28f0498788e:192.168.69.97:39805, 55d75777-35f1-49de-95e2-8c28089e6f45:192.168.69.97:36493, a9b4b662-87dc-4b3f-b4fd-4a422c327ff5:192.168.69.97:39703], old=null, confs=<EMPTY_MAP>
2019-08-30 23:35:44,935 [pool-509-thread-1] INFO  server.RaftServerConfigKeys (ConfUtils.java:logGet(43)) - raft.server.rpc.timeout.max = 5200ms (custom)
2019-08-30 23:35:44,935 [pool-529-thread-1] INFO  impl.RaftServerImpl (RaftServerImpl.java:<init>(93)) - 02cc4af1-34eb-47d4-9c65-d28f0498788e: new RaftServerImpl for group-36ED93E169FC:[02cc4af1-34eb-47d4-9c65-d28f0498788e:192.168.69.97:39805, 55d75777-35f1-49de-95e2-8c28089e6f45:192.168.69.97:36493, a9b4b662-87dc-4b3f-b4fd-4a422c327ff5:192.168.69.97:39703] with ContainerStateMachine:uninitialized
2019-08-30 23:35:44,935 [pool-509-thread-1] INFO  server.RaftServerConfigKeys (ConfUtils.java:logGet(43)) - raft.server.rpcslowness.timeout = 120s (custom)
2019-08-30 23:35:44,935 [pool-559-thread-1] INFO  server.RaftServerConfigKeys (ConfUtils.java:logGet(43)) - raft.server.storage.dir = [/workdir/hadoop-ozone/integration-test/target/test-dir/MiniOzoneClusterImpl-cd3b51ba-7d2f-4eb6-8b0c-706acb0cc0f6/datanode-6/data/ratis] (custom)
2019-08-30 23:35:44,935 [pool-509-thread-1] INFO  server.RaftServerConfigKeys (ConfUtils.java:logGet(43)) - raft.server.sleep.deviation.threshold = 300 (default)
2019-08-30 23:35:44,935 [pool-529-thread-1] INFO  server.RaftServerConfigKeys (ConfUtils.java:logGet(43)) - raft.server.rpc.timeout.min = 5s (custom)
2019-08-30 23:35:44,936 [pool-559-thread-1] INFO  storage.RaftStorageDirectory (RaftStorageDirectory.java:analyzeStorage(246)) - The storage directory /workdir/hadoop-ozone/integration-test/target/test-dir/MiniOzoneClusterImpl-cd3b51ba-7d2f-4eb6-8b0c-706acb0cc0f6/datanode-6/data/ratis/cd1623e2-c6f2-4c34-806c-36ed93e169fc does not exist. Creating ...
2019-08-30 23:35:44,936 [pool-509-thread-1] INFO  server.RaftServerConfigKeys (ConfUtils.java:logGet(43)) - raft.server.log.appender.install.snapshot.enabled = false (custom)
2019-08-30 23:35:44,936 [pool-529-thread-1] INFO  server.RaftServerConfigKeys (ConfUtils.java:logGet(43)) - raft.server.rpc.timeout.max = 5200ms (custom)
2019-08-30 23:35:44,936 [pool-509-thread-1] INFO  impl.RaftServerImpl (ServerState.java:<init>(105)) - 55d75777-35f1-49de-95e2-8c28089e6f45:group-36ED93E169FC ConfigurationManager, init=-1: [02cc4af1-34eb-47d4-9c65-d28f0498788e:192.168.69.97:39805, 55d75777-35f1-49de-95e2-8c28089e6f45:192.168.69.97:36493, a9b4b662-87dc-4b3f-b4fd-4a422c327ff5:192.168.69.97:39703], old=null, confs=<EMPTY_MAP>
2019-08-30 23:35:44,936 [pool-529-thread-1] INFO  server.RaftServerConfigKeys (ConfUtils.java:logGet(43)) - raft.server.rpcslowness.timeout = 120s (custom)
2019-08-30 23:35:44,937 [pool-509-thread-1] INFO  server.RaftServerConfigKeys (ConfUtils.java:logGet(43)) - raft.server.storage.dir = [/workdir/hadoop-ozone/integration-test/target/test-dir/MiniOzoneClusterImpl-cd3b51ba-7d2f-4eb6-8b0c-706acb0cc0f6/datanode-1/data/ratis] (custom)
2019-08-30 23:35:44,937 [pool-529-thread-1] INFO  server.RaftServerConfigKeys (ConfUtils.java:logGet(43)) - raft.server.sleep.deviation.threshold = 300 (default)
2019-08-30 23:35:44,937 [pool-529-thread-1] INFO  server.RaftServerConfigKeys (ConfUtils.java:logGet(43)) - raft.server.log.appender.install.snapshot.enabled = false (custom)
2019-08-30 23:35:44,937 [pool-529-thread-1] INFO  impl.RaftServerImpl (ServerState.java:<init>(105)) - 02cc4af1-34eb-47d4-9c65-d28f0498788e:group-36ED93E169FC ConfigurationManager, init=-1: [02cc4af1-34eb-47d4-9c65-d28f0498788e:192.168.69.97:39805, 55d75777-35f1-49de-95e2-8c28089e6f45:192.168.69.97:36493, a9b4b662-87dc-4b3f-b4fd-4a422c327ff5:192.168.69.97:39703], old=null, confs=<EMPTY_MAP>
2019-08-30 23:35:44,937 [pool-509-thread-1] INFO  storage.RaftStorageDirectory (RaftStorageDirectory.java:analyzeStorage(246)) - The storage directory /workdir/hadoop-ozone/integration-test/target/test-dir/MiniOzoneClusterImpl-cd3b51ba-7d2f-4eb6-8b0c-706acb0cc0f6/datanode-1/data/ratis/cd1623e2-c6f2-4c34-806c-36ed93e169fc does not exist. Creating ...
2019-08-30 23:35:44,937 [pool-529-thread-1] INFO  server.RaftServerConfigKeys (ConfUtils.java:logGet(43)) - raft.server.storage.dir = [/workdir/hadoop-ozone/integration-test/target/test-dir/MiniOzoneClusterImpl-cd3b51ba-7d2f-4eb6-8b0c-706acb0cc0f6/datanode-3/data/ratis] (custom)
2019-08-30 23:35:44,938 [pool-529-thread-1] INFO  storage.RaftStorageDirectory (RaftStorageDirectory.java:analyzeStorage(246)) - The storage directory /workdir/hadoop-ozone/integration-test/target/test-dir/MiniOzoneClusterImpl-cd3b51ba-7d2f-4eb6-8b0c-706acb0cc0f6/datanode-3/data/ratis/cd1623e2-c6f2-4c34-806c-36ed93e169fc does not exist. Creating ...
2019-08-30 23:35:44,957 [pool-509-thread-1] INFO  storage.RaftStorageDirectory (RaftStorageDirectory.java:tryLock(328)) - Lock on /workdir/hadoop-ozone/integration-test/target/test-dir/MiniOzoneClusterImpl-cd3b51ba-7d2f-4eb6-8b0c-706acb0cc0f6/datanode-1/data/ratis/cd1623e2-c6f2-4c34-806c-36ed93e169fc/in_use.lock acquired by nodename 17040@pr-hdds-2065-gthbc-3516972114
2019-08-30 23:35:44,957 [pool-559-thread-1] INFO  storage.RaftStorageDirectory (RaftStorageDirectory.java:tryLock(328)) - Lock on /workdir/hadoop-ozone/integration-test/target/test-dir/MiniOzoneClusterImpl-cd3b51ba-7d2f-4eb6-8b0c-706acb0cc0f6/datanode-6/data/ratis/cd1623e2-c6f2-4c34-806c-36ed93e169fc/in_use.lock acquired by nodename 17040@pr-hdds-2065-gthbc-3516972114
2019-08-30 23:35:44,957 [pool-529-thread-1] INFO  storage.RaftStorageDirectory (RaftStorageDirectory.java:tryLock(328)) - Lock on /workdir/hadoop-ozone/integration-test/target/test-dir/MiniOzoneClusterImpl-cd3b51ba-7d2f-4eb6-8b0c-706acb0cc0f6/datanode-3/data/ratis/cd1623e2-c6f2-4c34-806c-36ed93e169fc/in_use.lock acquired by nodename 17040@pr-hdds-2065-gthbc-3516972114
2019-08-30 23:35:44,983 [pool-509-thread-1] INFO  storage.RaftStorage (RaftStorage.java:format(72)) - Storage directory /workdir/hadoop-ozone/integration-test/target/test-dir/MiniOzoneClusterImpl-cd3b51ba-7d2f-4eb6-8b0c-706acb0cc0f6/datanode-1/data/ratis/cd1623e2-c6f2-4c34-806c-36ed93e169fc has been successfully formatted.
2019-08-30 23:35:44,983 [pool-559-thread-1] INFO  storage.RaftStorage (RaftStorage.java:format(72)) - Storage directory /workdir/hadoop-ozone/integration-test/target/test-dir/MiniOzoneClusterImpl-cd3b51ba-7d2f-4eb6-8b0c-706acb0cc0f6/datanode-6/data/ratis/cd1623e2-c6f2-4c34-806c-36ed93e169fc has been successfully formatted.
2019-08-30 23:35:44,983 [pool-529-thread-1] INFO  storage.RaftStorage (RaftStorage.java:format(72)) - Storage directory /workdir/hadoop-ozone/integration-test/target/test-dir/MiniOzoneClusterImpl-cd3b51ba-7d2f-4eb6-8b0c-706acb0cc0f6/datanode-3/data/ratis/cd1623e2-c6f2-4c34-806c-36ed93e169fc has been successfully formatted.
2019-08-30 23:35:44,983 [pool-559-thread-1] INFO  ratis.ContainerStateMachine (ContainerStateMachine.java:loadSnapshot(227)) - group-36ED93E169FC: The snapshot info is null. Setting the last applied indexto:(t:0, i:~)
2019-08-30 23:35:44,984 [pool-529-thread-1] INFO  ratis.ContainerStateMachine (ContainerStateMachine.java:loadSnapshot(227)) - group-36ED93E169FC: The snapshot info is null. Setting the last applied indexto:(t:0, i:~)
2019-08-30 23:35:44,983 [pool-509-thread-1] INFO  ratis.ContainerStateMachine (ContainerStateMachine.java:loadSnapshot(227)) - group-36ED93E169FC: The snapshot info is null. Setting the last applied indexto:(t:0, i:~)
2019-08-30 23:35:44,984 [pool-529-thread-1] INFO  server.RaftServerConfigKeys (ConfUtils.java:logGet(43)) - raft.server.leader.election.timeout = 120s (custom)
2019-08-30 23:35:44,984 [pool-529-thread-1] INFO  server.RaftServerConfigKeys (ConfUtils.java:logGet(43)) - raft.server.log.use.memory = false (default)
2019-08-30 23:35:44,984 [pool-559-thread-1] INFO  server.RaftServerConfigKeys (ConfUtils.java:logGet(43)) - raft.server.leader.election.timeout = 120s (custom)
2019-08-30 23:35:44,984 [pool-529-thread-1] INFO  server.RaftServerConfigKeys (ConfUtils.java:logGet(43)) - raft.server.log.purge.gap = 1000000 (custom)
2019-08-30 23:35:44,984 [pool-509-thread-1] INFO  server.RaftServerConfigKeys (ConfUtils.java:logGet(43)) - raft.server.leader.election.timeout = 120s (custom)
2019-08-30 23:35:44,985 [pool-529-thread-1] INFO  server.RaftServerConfigKeys (ConfUtils.java:logGet(43)) - raft.server.log.appender.buffer.byte-limit = 33554432 (custom)
2019-08-30 23:35:44,984 [pool-559-thread-1] INFO  server.RaftServerConfigKeys (ConfUtils.java:logGet(43)) - raft.server.log.use.memory = false (default)
2019-08-30 23:35:44,985 [pool-529-thread-1] INFO  server.RaftServerConfigKeys (ConfUtils.java:logGet(43)) - raft.server.log.segment.size.max = 1048576 (custom)
2019-08-30 23:35:44,985 [pool-509-thread-1] INFO  server.RaftServerConfigKeys (ConfUtils.java:logGet(43)) - raft.server.log.use.memory = false (default)
2019-08-30 23:35:44,985 [pool-529-thread-1] INFO  server.RaftServerConfigKeys (ConfUtils.java:logGet(43)) - raft.server.log.segment.cache.num.max = 2 (custom)
2019-08-30 23:35:44,985 [pool-559-thread-1] INFO  server.RaftServerConfigKeys (ConfUtils.java:logGet(43)) - raft.server.log.purge.gap = 1000000 (custom)
2019-08-30 23:35:44,986 [pool-529-thread-1] INFO  segmented.SegmentedRaftLogWorker (SegmentedRaftLogWorker.java:<init>(172)) - new 02cc4af1-34eb-47d4-9c65-d28f0498788e-SegmentedRaftLogWorker:Storage Directory /workdir/hadoop-ozone/integration-test/target/test-dir/MiniOzoneClusterImpl-cd3b51ba-7d2f-4eb6-8b0c-706acb0cc0f6/datanode-3/data/ratis/cd1623e2-c6f2-4c34-806c-36ed93e169fc for RaftStorage:Storage Directory /workdir/hadoop-ozone/integration-test/target/test-dir/MiniOzoneClusterImpl-cd3b51ba-7d2f-4eb6-8b0c-706acb0cc0f6/datanode-3/data/ratis/cd1623e2-c6f2-4c34-806c-36ed93e169fc
2019-08-30 23:35:44,985 [pool-509-thread-1] INFO  server.RaftServerConfigKeys (ConfUtils.java:logGet(43)) - raft.server.log.purge.gap = 1000000 (custom)
2019-08-30 23:35:44,986 [pool-529-thread-1] INFO  server.RaftServerConfigKeys (ConfUtils.java:logGet(43)) - raft.server.log.queue.byte-limit = 2147483647 (custom)
2019-08-30 23:35:44,986 [pool-529-thread-1] INFO  server.RaftServerConfigKeys (ConfUtils.java:logGet(43)) - raft.server.log.queue.element-limit = 1024 (custom)
2019-08-30 23:35:44,986 [pool-559-thread-1] INFO  server.RaftServerConfigKeys (ConfUtils.java:logGet(43)) - raft.server.log.appender.buffer.byte-limit = 33554432 (custom)
2019-08-30 23:35:44,987 [pool-529-thread-1] INFO  server.RaftServerConfigKeys (ConfUtils.java:logGet(43)) - raft.server.log.segment.size.max = 1048576 (custom)
2019-08-30 23:35:44,986 [pool-509-thread-1] INFO  server.RaftServerConfigKeys (ConfUtils.java:logGet(43)) - raft.server.log.appender.buffer.byte-limit = 33554432 (custom)
2019-08-30 23:35:44,987 [pool-529-thread-1] INFO  server.RaftServerConfigKeys (ConfUtils.java:logGet(43)) - raft.server.log.preallocated.size = 16384 (custom)
2019-08-30 23:35:44,987 [pool-559-thread-1] INFO  server.RaftServerConfigKeys (ConfUtils.java:logGet(43)) - raft.server.log.segment.size.max = 1048576 (custom)
2019-08-30 23:35:44,987 [pool-529-thread-1] INFO  server.RaftServerConfigKeys (ConfUtils.java:logGet(43)) - raft.server.log.write.buffer.size = 33554432 (custom)
2019-08-30 23:35:44,987 [pool-509-thread-1] INFO  server.RaftServerConfigKeys (ConfUtils.java:logGet(43)) - raft.server.log.segment.size.max = 1048576 (custom)
2019-08-30 23:35:44,988 [pool-529-thread-1] INFO  server.RaftServerConfigKeys (ConfUtils.java:logGet(43)) - raft.server.log.force.sync.num = 128 (default)
2019-08-30 23:35:44,987 [pool-559-thread-1] INFO  server.RaftServerConfigKeys (ConfUtils.java:logGet(43)) - raft.server.log.segment.cache.num.max = 2 (custom)
2019-08-30 23:35:44,988 [pool-529-thread-1] INFO  server.RaftServerConfigKeys (ConfUtils.java:logGet(43)) - raft.server.log.statemachine.data.sync = true (default)
2019-08-30 23:35:44,988 [pool-509-thread-1] INFO  server.RaftServerConfigKeys (ConfUtils.java:logGet(43)) - raft.server.log.segment.cache.num.max = 2 (custom)
2019-08-30 23:35:44,988 [pool-529-thread-1] INFO  server.RaftServerConfigKeys (ConfUtils.java:logGet(43)) - raft.server.log.statemachine.data.sync.timeout = 10s (default)
2019-08-30 23:35:44,988 [pool-559-thread-1] INFO  segmented.SegmentedRaftLogWorker (SegmentedRaftLogWorker.java:<init>(172)) - new a9b4b662-87dc-4b3f-b4fd-4a422c327ff5-SegmentedRaftLogWorker:Storage Directory /workdir/hadoop-ozone/integration-test/target/test-dir/MiniOzoneClusterImpl-cd3b51ba-7d2f-4eb6-8b0c-706acb0cc0f6/datanode-6/data/ratis/cd1623e2-c6f2-4c34-806c-36ed93e169fc for RaftStorage:Storage Directory /workdir/hadoop-ozone/integration-test/target/test-dir/MiniOzoneClusterImpl-cd3b51ba-7d2f-4eb6-8b0c-706acb0cc0f6/datanode-6/data/ratis/cd1623e2-c6f2-4c34-806c-36ed93e169fc
2019-08-30 23:35:44,989 [pool-529-thread-1] INFO  server.RaftServerConfigKeys (ConfUtils.java:logGet(43)) - raft.server.log.statemachine.data.sync.timeout.retry = -1 (default)
2019-08-30 23:35:44,988 [pool-509-thread-1] INFO  segmented.SegmentedRaftLogWorker (SegmentedRaftLogWorker.java:<init>(172)) - new 55d75777-35f1-49de-95e2-8c28089e6f45-SegmentedRaftLogWorker:Storage Directory /workdir/hadoop-ozone/integration-test/target/test-dir/MiniOzoneClusterImpl-cd3b51ba-7d2f-4eb6-8b0c-706acb0cc0f6/datanode-1/data/ratis/cd1623e2-c6f2-4c34-806c-36ed93e169fc for RaftStorage:Storage Directory /workdir/hadoop-ozone/integration-test/target/test-dir/MiniOzoneClusterImpl-cd3b51ba-7d2f-4eb6-8b0c-706acb0cc0f6/datanode-1/data/ratis/cd1623e2-c6f2-4c34-806c-36ed93e169fc
2019-08-30 23:35:44,989 [pool-529-thread-1] INFO  server.RaftServerConfigKeys (ConfUtils.java:logGet(43)) - raft.server.log.statemachine.data.caching.enabled = true (custom)
2019-08-30 23:35:44,989 [pool-559-thread-1] INFO  server.RaftServerConfigKeys (ConfUtils.java:logGet(43)) - raft.server.log.queue.byte-limit = 2147483647 (custom)
2019-08-30 23:35:44,989 [pool-529-thread-1] INFO  segmented.SegmentedRaftLogWorker (SegmentedRaftLogWorker.java:lambda$new$0(132)) - 02cc4af1-34eb-47d4-9c65-d28f0498788e-SegmentedRaftLogWorker:Storage Directory /workdir/hadoop-ozone/integration-test/target/test-dir/MiniOzoneClusterImpl-cd3b51ba-7d2f-4eb6-8b0c-706acb0cc0f6/datanode-3/data/ratis/cd1623e2-c6f2-4c34-806c-36ed93e169fc: flushIndex: setUnconditionally 0 -> -1
2019-08-30 23:35:44,989 [pool-509-thread-1] INFO  server.RaftServerConfigKeys (ConfUtils.java:logGet(43)) - raft.server.log.queue.byte-limit = 2147483647 (custom)
2019-08-30 23:35:44,989 [pool-559-thread-1] INFO  server.RaftServerConfigKeys (ConfUtils.java:logGet(43)) - raft.server.log.queue.element-limit = 1024 (custom)
2019-08-30 23:35:44,990 [pool-529-thread-1] INFO  server.RaftServerConfigKeys (ConfUtils.java:logGet(43)) - raft.server.snapshot.auto.trigger.enabled = true (custom)
2019-08-30 23:35:44,990 [pool-509-thread-1] INFO  server.RaftServerConfigKeys (ConfUtils.java:logGet(43)) - raft.server.log.queue.element-limit = 1024 (custom)
2019-08-30 23:35:44,990 [pool-529-thread-1] INFO  server.RaftServerConfigKeys (ConfUtils.java:logGet(43)) - raft.server.snapshot.auto.trigger.threshold = 10000 (custom)
2019-08-30 23:35:44,990 [pool-559-thread-1] INFO  server.RaftServerConfigKeys (ConfUtils.java:logGet(43)) - raft.server.log.segment.size.max = 1048576 (custom)
2019-08-30 23:35:44,990 [pool-529-thread-1] INFO  server.RaftServerConfigKeys (ConfUtils.java:logGet(43)) - raft.server.retrycache.expirytime = 600000ms (custom)
2019-08-30 23:35:44,990 [pool-509-thread-1] INFO  server.RaftServerConfigKeys (ConfUtils.java:logGet(43)) - raft.server.log.segment.size.max = 1048576 (custom)
2019-08-30 23:35:44,991 [pool-529-thread-1] INFO  impl.RaftServerImpl (RaftServerImpl.java:start(180)) - 02cc4af1-34eb-47d4-9c65-d28f0498788e: start group-36ED93E169FC
2019-08-30 23:35:44,991 [pool-529-thread-1] INFO  impl.RaftServerImpl (RaftServerImpl.java:setRole(171)) - 02cc4af1-34eb-47d4-9c65-d28f0498788e:group-36ED93E169FC changes role from null to FOLLOWER at term 0 for startAsFollower
2019-08-30 23:35:44,991 [pool-559-thread-1] INFO  server.RaftServerConfigKeys (ConfUtils.java:logGet(43)) - raft.server.log.preallocated.size = 16384 (custom)
2019-08-30 23:35:44,991 [pool-529-thread-1] INFO  impl.RoleInfo (RoleInfo.java:updateAndGet(143)) - 02cc4af1-34eb-47d4-9c65-d28f0498788e: start FollowerState
2019-08-30 23:35:44,991 [pool-509-thread-1] INFO  server.RaftServerConfigKeys (ConfUtils.java:logGet(43)) - raft.server.log.preallocated.size = 16384 (custom)
2019-08-30 23:35:44,992 [pool-559-thread-1] INFO  server.RaftServerConfigKeys (ConfUtils.java:logGet(43)) - raft.server.log.write.buffer.size = 33554432 (custom)
2019-08-30 23:35:44,992 [pool-509-thread-1] INFO  server.RaftServerConfigKeys (ConfUtils.java:logGet(43)) - raft.server.log.write.buffer.size = 33554432 (custom)
2019-08-30 23:35:44,992 [pool-529-thread-1] INFO  util.JmxRegister (JmxRegister.java:tryRegister(44)) - Successfully registered JMX Bean with object name Ratis:service=RaftServer,group=group-36ED93E169FC,id=02cc4af1-34eb-47d4-9c65-d28f0498788e
2019-08-30 23:35:44,992 [pool-559-thread-1] INFO  server.RaftServerConfigKeys (ConfUtils.java:logGet(43)) - raft.server.log.force.sync.num = 128 (default)
2019-08-30 23:35:44,992 [pool-509-thread-1] INFO  server.RaftServerConfigKeys (ConfUtils.java:logGet(43)) - raft.server.log.force.sync.num = 128 (default)
2019-08-30 23:35:44,992 [pool-559-thread-1] INFO  server.RaftServerConfigKeys (ConfUtils.java:logGet(43)) - raft.server.log.statemachine.data.sync = true (default)
2019-08-30 23:35:44,993 [pool-509-thread-1] INFO  server.RaftServerConfigKeys (ConfUtils.java:logGet(43)) - raft.server.log.statemachine.data.sync = true (default)
2019-08-30 23:35:44,993 [pool-559-thread-1] INFO  server.RaftServerConfigKeys (ConfUtils.java:logGet(43)) - raft.server.log.statemachine.data.sync.timeout = 10s (default)
2019-08-30 23:35:44,993 [pool-509-thread-1] INFO  server.RaftServerConfigKeys (ConfUtils.java:logGet(43)) - raft.server.log.statemachine.data.sync.timeout = 10s (default)
2019-08-30 23:35:44,993 [pool-559-thread-1] INFO  server.RaftServerConfigKeys (ConfUtils.java:logGet(43)) - raft.server.log.statemachine.data.sync.timeout.retry = -1 (default)
2019-08-30 23:35:44,993 [pool-509-thread-1] INFO  server.RaftServerConfigKeys (ConfUtils.java:logGet(43)) - raft.server.log.statemachine.data.sync.timeout.retry = -1 (default)
2019-08-30 23:35:44,994 [pool-559-thread-1] INFO  server.RaftServerConfigKeys (ConfUtils.java:logGet(43)) - raft.server.log.statemachine.data.caching.enabled = true (custom)
2019-08-30 23:35:44,994 [pool-509-thread-1] INFO  server.RaftServerConfigKeys (ConfUtils.java:logGet(43)) - raft.server.log.statemachine.data.caching.enabled = true (custom)
2019-08-30 23:35:44,994 [pool-559-thread-1] INFO  segmented.SegmentedRaftLogWorker (SegmentedRaftLogWorker.java:lambda$new$0(132)) - a9b4b662-87dc-4b3f-b4fd-4a422c327ff5-SegmentedRaftLogWorker:Storage Directory /workdir/hadoop-ozone/integration-test/target/test-dir/MiniOzoneClusterImpl-cd3b51ba-7d2f-4eb6-8b0c-706acb0cc0f6/datanode-6/data/ratis/cd1623e2-c6f2-4c34-806c-36ed93e169fc: flushIndex: setUnconditionally 0 -> -1
2019-08-30 23:35:44,994 [pool-509-thread-1] INFO  segmented.SegmentedRaftLogWorker (SegmentedRaftLogWorker.java:lambda$new$0(132)) - 55d75777-35f1-49de-95e2-8c28089e6f45-SegmentedRaftLogWorker:Storage Directory /workdir/hadoop-ozone/integration-test/target/test-dir/MiniOzoneClusterImpl-cd3b51ba-7d2f-4eb6-8b0c-706acb0cc0f6/datanode-1/data/ratis/cd1623e2-c6f2-4c34-806c-36ed93e169fc: flushIndex: setUnconditionally 0 -> -1
2019-08-30 23:35:44,994 [pool-559-thread-1] INFO  server.RaftServerConfigKeys (ConfUtils.java:logGet(43)) - raft.server.snapshot.auto.trigger.enabled = true (custom)
2019-08-30 23:35:44,995 [pool-559-thread-1] INFO  server.RaftServerConfigKeys (ConfUtils.java:logGet(43)) - raft.server.snapshot.auto.trigger.threshold = 10000 (custom)
2019-08-30 23:35:44,995 [pool-509-thread-1] INFO  server.RaftServerConfigKeys (ConfUtils.java:logGet(43)) - raft.server.snapshot.auto.trigger.enabled = true (custom)
2019-08-30 23:35:44,995 [pool-559-thread-1] INFO  server.RaftServerConfigKeys (ConfUtils.java:logGet(43)) - raft.server.retrycache.expirytime = 600000ms (custom)
2019-08-30 23:35:44,995 [pool-509-thread-1] INFO  server.RaftServerConfigKeys (ConfUtils.java:logGet(43)) - raft.server.snapshot.auto.trigger.threshold = 10000 (custom)
2019-08-30 23:35:44,995 [pool-559-thread-1] INFO  impl.RaftServerImpl (RaftServerImpl.java:start(180)) - a9b4b662-87dc-4b3f-b4fd-4a422c327ff5: start group-36ED93E169FC
2019-08-30 23:35:44,995 [pool-509-thread-1] INFO  server.RaftServerConfigKeys (ConfUtils.java:logGet(43)) - raft.server.retrycache.expirytime = 600000ms (custom)
2019-08-30 23:35:44,995 [pool-559-thread-1] INFO  impl.RaftServerImpl (RaftServerImpl.java:setRole(171)) - a9b4b662-87dc-4b3f-b4fd-4a422c327ff5:group-36ED93E169FC changes role from null to FOLLOWER at term 0 for startAsFollower
2019-08-30 23:35:44,996 [pool-509-thread-1] INFO  impl.RaftServerImpl (RaftServerImpl.java:start(180)) - 55d75777-35f1-49de-95e2-8c28089e6f45: start group-36ED93E169FC
2019-08-30 23:35:44,996 [pool-559-thread-1] INFO  impl.RoleInfo (RoleInfo.java:updateAndGet(143)) - a9b4b662-87dc-4b3f-b4fd-4a422c327ff5: start FollowerState
2019-08-30 23:35:44,996 [pool-509-thread-1] INFO  impl.RaftServerImpl (RaftServerImpl.java:setRole(171)) - 55d75777-35f1-49de-95e2-8c28089e6f45:group-36ED93E169FC changes role from null to FOLLOWER at term 0 for startAsFollower
2019-08-30 23:35:44,996 [pool-509-thread-1] INFO  impl.RoleInfo (RoleInfo.java:updateAndGet(143)) - 55d75777-35f1-49de-95e2-8c28089e6f45: start FollowerState
2019-08-30 23:35:44,996 [pool-559-thread-1] INFO  util.JmxRegister (JmxRegister.java:tryRegister(44)) - Successfully registered JMX Bean with object name Ratis:service=RaftServer,group=group-36ED93E169FC,id=a9b4b662-87dc-4b3f-b4fd-4a422c327ff5
2019-08-30 23:35:44,997 [pool-509-thread-1] INFO  util.JmxRegister (JmxRegister.java:tryRegister(44)) - Successfully registered JMX Bean with object name Ratis:service=RaftServer,group=group-36ED93E169FC,id=55d75777-35f1-49de-95e2-8c28089e6f45
2019-08-30 23:35:45,000 [RatisPipelineUtilsThread] INFO  pipeline.PipelineStateManager (PipelineStateManager.java:addPipeline(56)) - Created pipeline Pipeline[ Id: cd1623e2-c6f2-4c34-806c-36ed93e169fc, Nodes: a9b4b662-87dc-4b3f-b4fd-4a422c327ff5{ip: 192.168.69.97, host: pr-hdds-2065-gthbc-3516972114, networkLocation: /default-rack, certSerialId: null}55d75777-35f1-49de-95e2-8c28089e6f45{ip: 192.168.69.97, host: pr-hdds-2065-gthbc-3516972114, networkLocation: /default-rack, certSerialId: null}02cc4af1-34eb-47d4-9c65-d28f0498788e{ip: 192.168.69.97, host: pr-hdds-2065-gthbc-3516972114, networkLocation: /default-rack, certSerialId: null}, Type:RATIS, Factor:THREE, State:OPEN]
2019-08-30 23:35:45,757 [main] INFO  ozone.MiniOzoneClusterImpl (MiniOzoneClusterImpl.java:lambda$waitForClusterToBeReady$0(140)) - Cluster is ready. Got 7 of 7 DN Heartbeats.
2019-08-30 23:35:45,815 [main] INFO  rpc.RpcClient (RpcClient.java:createVolume(293)) - Creating Volume: testblockoutputstream, with jenkins1000 as owner.
2019-08-30 23:35:45,831 [main] INFO  rpc.RpcClient (RpcClient.java:createBucket(432)) - Creating Bucket: testblockoutputstream/testblockoutputstream, with Versioning false and Storage Type set to DISK and Encryption set to false 
2019-08-30 23:35:45,860 [grpc-default-executor-12] INFO  client.GrpcClientProtocolClient (GrpcClientProtocolClient.java:onNext(255)) - client-D84392396D2C->d95ceee6-2e09-4cc8-a399-92fb5d246ede: receive RaftClientReply:client-D84392396D2C->d95ceee6-2e09-4cc8-a399-92fb5d246ede@group-F6CCC1769731, cid=215, FAILED org.apache.ratis.protocol.NotLeaderException: Server d95ceee6-2e09-4cc8-a399-92fb5d246ede is not the leader (null). Request must be sent to leader., logIndex=0, commits[d95ceee6-2e09-4cc8-a399-92fb5d246ede:c-1]
2019-08-30 23:35:46,874 [grpc-default-executor-13] INFO  client.GrpcClientProtocolClient (GrpcClientProtocolClient.java:onNext(255)) - client-D84392396D2C->89444f21-ffd5-4031-8cd3-eb65eafa98e5: receive RaftClientReply:client-D84392396D2C->89444f21-ffd5-4031-8cd3-eb65eafa98e5@group-F6CCC1769731, cid=215, FAILED org.apache.ratis.protocol.NotLeaderException: Server 89444f21-ffd5-4031-8cd3-eb65eafa98e5 is not the leader (null). Request must be sent to leader., logIndex=0, commits[89444f21-ffd5-4031-8cd3-eb65eafa98e5:c-1]
2019-08-30 23:35:47,359 [Thread-4034] INFO  container.ReplicationManager (ReplicationManager.java:start(162)) - Starting Replication Monitor Thread.
2019-08-30 23:35:47,363 [ReplicationMonitor] INFO  container.ReplicationManager (ReplicationManager.java:run(225)) - Replication Monitor Thread took 0 milliseconds for processing 1 containers.
2019-08-30 23:35:47,884 [grpc-default-executor-13] INFO  client.GrpcClientProtocolClient (GrpcClientProtocolClient.java:onNext(255)) - client-D84392396D2C->d95ceee6-2e09-4cc8-a399-92fb5d246ede: receive RaftClientReply:client-D84392396D2C->d95ceee6-2e09-4cc8-a399-92fb5d246ede@group-F6CCC1769731, cid=215, FAILED org.apache.ratis.protocol.NotLeaderException: Server d95ceee6-2e09-4cc8-a399-92fb5d246ede is not the leader (null). Request must be sent to leader., logIndex=0, commits[d95ceee6-2e09-4cc8-a399-92fb5d246ede:c-1]
2019-08-30 23:35:48,895 [grpc-default-executor-13] INFO  client.GrpcClientProtocolClient (GrpcClientProtocolClient.java:onNext(255)) - client-D84392396D2C->e0931955-60a1-44c7-91ab-d64f736178cd: receive RaftClientReply:client-D84392396D2C->e0931955-60a1-44c7-91ab-d64f736178cd@group-F6CCC1769731, cid=215, FAILED org.apache.ratis.protocol.NotLeaderException: Server e0931955-60a1-44c7-91ab-d64f736178cd is not the leader (null). Request must be sent to leader., logIndex=0, commits[e0931955-60a1-44c7-91ab-d64f736178cd:c-1]
2019-08-30 23:35:49,491 [Thread-4036] INFO  impl.FollowerState (FollowerState.java:run(106)) - 89444f21-ffd5-4031-8cd3-eb65eafa98e5:group-FCD2B4CF2A7C changes to CANDIDATE, lastRpcTime:5078, electionTimeout:5078ms
2019-08-30 23:35:49,491 [Thread-4036] INFO  impl.RoleInfo (RoleInfo.java:shutdownFollowerState(121)) - 89444f21-ffd5-4031-8cd3-eb65eafa98e5: shutdown FollowerState
2019-08-30 23:35:49,492 [Thread-4036] INFO  impl.RaftServerImpl (RaftServerImpl.java:setRole(171)) - 89444f21-ffd5-4031-8cd3-eb65eafa98e5:group-FCD2B4CF2A7C changes role from FOLLOWER to CANDIDATE at term 0 for changeToCandidate
2019-08-30 23:35:49,492 [Thread-4036] INFO  impl.RoleInfo (RoleInfo.java:updateAndGet(143)) - 89444f21-ffd5-4031-8cd3-eb65eafa98e5: start LeaderElection
2019-08-30 23:35:49,521 [89444f21-ffd5-4031-8cd3-eb65eafa98e5:group-FCD2B4CF2A7C:LeaderElection82] INFO  impl.LeaderElection (LeaderElection.java:askForVotes(181)) - 89444f21-ffd5-4031-8cd3-eb65eafa98e5:group-FCD2B4CF2A7C:LeaderElection82: begin an election at term 1 for -1: [89444f21-ffd5-4031-8cd3-eb65eafa98e5:192.168.69.97:43550], old=null
2019-08-30 23:35:49,521 [89444f21-ffd5-4031-8cd3-eb65eafa98e5:group-FCD2B4CF2A7C:LeaderElection82] INFO  impl.RoleInfo (RoleInfo.java:shutdownLeaderElection(134)) - 89444f21-ffd5-4031-8cd3-eb65eafa98e5: shutdown LeaderElection
2019-08-30 23:35:49,521 [89444f21-ffd5-4031-8cd3-eb65eafa98e5:group-FCD2B4CF2A7C:LeaderElection82] INFO  impl.RaftServerImpl (RaftServerImpl.java:setRole(171)) - 89444f21-ffd5-4031-8cd3-eb65eafa98e5:group-FCD2B4CF2A7C changes role from CANDIDATE to LEADER at term 1 for changeToLeader
2019-08-30 23:35:49,521 [89444f21-ffd5-4031-8cd3-eb65eafa98e5:group-FCD2B4CF2A7C:LeaderElection82] INFO  impl.RaftServerImpl (ServerState.java:setLeader(263)) - 89444f21-ffd5-4031-8cd3-eb65eafa98e5:group-FCD2B4CF2A7C change Leader from null to 89444f21-ffd5-4031-8cd3-eb65eafa98e5 at term 1 for becomeLeader, leader elected after 5113ms
2019-08-30 23:35:49,522 [89444f21-ffd5-4031-8cd3-eb65eafa98e5:group-FCD2B4CF2A7C:LeaderElection82] INFO  server.RaftServerConfigKeys (ConfUtils.java:logGet(43)) - raft.server.staging.catchup.gap = 1000 (default)
2019-08-30 23:35:49,522 [89444f21-ffd5-4031-8cd3-eb65eafa98e5:group-FCD2B4CF2A7C:LeaderElection82] INFO  server.RaftServerConfigKeys (ConfUtils.java:logGet(43)) - raft.server.rpc.sleep.time = 25ms (default)
2019-08-30 23:35:49,522 [89444f21-ffd5-4031-8cd3-eb65eafa98e5:group-FCD2B4CF2A7C:LeaderElection82] INFO  server.RaftServerConfigKeys (ConfUtils.java:logGet(43)) - raft.server.write.element-limit = 4096 (default)
2019-08-30 23:35:49,522 [89444f21-ffd5-4031-8cd3-eb65eafa98e5:group-FCD2B4CF2A7C:LeaderElection82] INFO  server.RaftServerConfigKeys (ConfUtils.java:logGet(43)) - raft.server.watch.timeout = 10s (default)
2019-08-30 23:35:49,522 [89444f21-ffd5-4031-8cd3-eb65eafa98e5:group-FCD2B4CF2A7C:LeaderElection82] INFO  server.RaftServerConfigKeys (ConfUtils.java:logGet(43)) - raft.server.watch.timeout.denomination = 1s (default)
2019-08-30 23:35:49,523 [89444f21-ffd5-4031-8cd3-eb65eafa98e5:group-FCD2B4CF2A7C:LeaderElection82] INFO  server.RaftServerConfigKeys (ConfUtils.java:logGet(43)) - raft.server.watch.element-limit = 65536 (default)
2019-08-30 23:35:49,523 [89444f21-ffd5-4031-8cd3-eb65eafa98e5:group-FCD2B4CF2A7C:LeaderElection82] INFO  impl.RoleInfo (RoleInfo.java:updateAndGet(143)) - 89444f21-ffd5-4031-8cd3-eb65eafa98e5: start LeaderState
2019-08-30 23:35:49,523 [89444f21-ffd5-4031-8cd3-eb65eafa98e5:group-FCD2B4CF2A7C:LeaderElection82] INFO  segmented.SegmentedRaftLogWorker (SegmentedRaftLogWorker.java:startLogSegment(380)) - 89444f21-ffd5-4031-8cd3-eb65eafa98e5-SegmentedRaftLogWorker:Storage Directory /workdir/hadoop-ozone/integration-test/target/test-dir/MiniOzoneClusterImpl-cd3b51ba-7d2f-4eb6-8b0c-706acb0cc0f6/datanode-0/data/ratis/bfc811b4-b9f8-49d7-ac6c-fcd2b4cf2a7c: Starting segment from index:0
2019-08-30 23:35:49,524 [89444f21-ffd5-4031-8cd3-eb65eafa98e5:group-FCD2B4CF2A7C:LeaderElection82] INFO  impl.RaftServerImpl (ServerState.java:setRaftConf(361)) - 89444f21-ffd5-4031-8cd3-eb65eafa98e5:group-FCD2B4CF2A7C set configuration 0: [89444f21-ffd5-4031-8cd3-eb65eafa98e5:192.168.69.97:43550], old=null at 0
2019-08-30 23:35:49,591 [89444f21-ffd5-4031-8cd3-eb65eafa98e5-SegmentedRaftLogWorker:Storage Directory /workdir/hadoop-ozone/integration-test/target/test-dir/MiniOzoneClusterImpl-cd3b51ba-7d2f-4eb6-8b0c-706acb0cc0f6/datanode-0/data/ratis/bfc811b4-b9f8-49d7-ac6c-fcd2b4cf2a7c] INFO  segmented.SegmentedRaftLogWorker (SegmentedRaftLogWorker.java:execute(569)) - 89444f21-ffd5-4031-8cd3-eb65eafa98e5-SegmentedRaftLogWorker:Storage Directory /workdir/hadoop-ozone/integration-test/target/test-dir/MiniOzoneClusterImpl-cd3b51ba-7d2f-4eb6-8b0c-706acb0cc0f6/datanode-0/data/ratis/bfc811b4-b9f8-49d7-ac6c-fcd2b4cf2a7c: created new log segment /workdir/hadoop-ozone/integration-test/target/test-dir/MiniOzoneClusterImpl-cd3b51ba-7d2f-4eb6-8b0c-706acb0cc0f6/datanode-0/data/ratis/bfc811b4-b9f8-49d7-ac6c-fcd2b4cf2a7c/current/log_inprogress_0
2019-08-30 23:35:49,686 [Thread-4039] INFO  impl.FollowerState (FollowerState.java:run(106)) - 55d75777-35f1-49de-95e2-8c28089e6f45:group-C91B7B439C1A changes to CANDIDATE, lastRpcTime:5148, electionTimeout:5148ms
2019-08-30 23:35:49,687 [Thread-4039] INFO  impl.RoleInfo (RoleInfo.java:shutdownFollowerState(121)) - 55d75777-35f1-49de-95e2-8c28089e6f45: shutdown FollowerState
2019-08-30 23:35:49,687 [Thread-4039] INFO  impl.RaftServerImpl (RaftServerImpl.java:setRole(171)) - 55d75777-35f1-49de-95e2-8c28089e6f45:group-C91B7B439C1A changes role from FOLLOWER to CANDIDATE at term 0 for changeToCandidate
2019-08-30 23:35:49,687 [Thread-4039] INFO  impl.RoleInfo (RoleInfo.java:updateAndGet(143)) - 55d75777-35f1-49de-95e2-8c28089e6f45: start LeaderElection
2019-08-30 23:35:49,720 [55d75777-35f1-49de-95e2-8c28089e6f45:group-C91B7B439C1A:LeaderElection83] INFO  impl.LeaderElection (LeaderElection.java:askForVotes(181)) - 55d75777-35f1-49de-95e2-8c28089e6f45:group-C91B7B439C1A:LeaderElection83: begin an election at term 1 for -1: [55d75777-35f1-49de-95e2-8c28089e6f45:192.168.69.97:36493], old=null
2019-08-30 23:35:49,720 [55d75777-35f1-49de-95e2-8c28089e6f45:group-C91B7B439C1A:LeaderElection83] INFO  impl.RoleInfo (RoleInfo.java:shutdownLeaderElection(134)) - 55d75777-35f1-49de-95e2-8c28089e6f45: shutdown LeaderElection
2019-08-30 23:35:49,720 [55d75777-35f1-49de-95e2-8c28089e6f45:group-C91B7B439C1A:LeaderElection83] INFO  impl.RaftServerImpl (RaftServerImpl.java:setRole(171)) - 55d75777-35f1-49de-95e2-8c28089e6f45:group-C91B7B439C1A changes role from CANDIDATE to LEADER at term 1 for changeToLeader
2019-08-30 23:35:49,721 [55d75777-35f1-49de-95e2-8c28089e6f45:group-C91B7B439C1A:LeaderElection83] INFO  impl.RaftServerImpl (ServerState.java:setLeader(263)) - 55d75777-35f1-49de-95e2-8c28089e6f45:group-C91B7B439C1A change Leader from null to 55d75777-35f1-49de-95e2-8c28089e6f45 at term 1 for becomeLeader, leader elected after 5187ms
2019-08-30 23:35:49,721 [55d75777-35f1-49de-95e2-8c28089e6f45:group-C91B7B439C1A:LeaderElection83] INFO  server.RaftServerConfigKeys (ConfUtils.java:logGet(43)) - raft.server.staging.catchup.gap = 1000 (default)
2019-08-30 23:35:49,721 [55d75777-35f1-49de-95e2-8c28089e6f45:group-C91B7B439C1A:LeaderElection83] INFO  server.RaftServerConfigKeys (ConfUtils.java:logGet(43)) - raft.server.rpc.sleep.time = 25ms (default)
2019-08-30 23:35:49,721 [55d75777-35f1-49de-95e2-8c28089e6f45:group-C91B7B439C1A:LeaderElection83] INFO  server.RaftServerConfigKeys (ConfUtils.java:logGet(43)) - raft.server.write.element-limit = 4096 (default)
2019-08-30 23:35:49,721 [55d75777-35f1-49de-95e2-8c28089e6f45:group-C91B7B439C1A:LeaderElection83] INFO  server.RaftServerConfigKeys (ConfUtils.java:logGet(43)) - raft.server.watch.timeout = 10s (default)
2019-08-30 23:35:49,722 [55d75777-35f1-49de-95e2-8c28089e6f45:group-C91B7B439C1A:LeaderElection83] INFO  server.RaftServerConfigKeys (ConfUtils.java:logGet(43)) - raft.server.watch.timeout.denomination = 1s (default)
2019-08-30 23:35:49,722 [55d75777-35f1-49de-95e2-8c28089e6f45:group-C91B7B439C1A:LeaderElection83] INFO  server.RaftServerConfigKeys (ConfUtils.java:logGet(43)) - raft.server.watch.element-limit = 65536 (default)
2019-08-30 23:35:49,722 [55d75777-35f1-49de-95e2-8c28089e6f45:group-C91B7B439C1A:LeaderElection83] INFO  impl.RoleInfo (RoleInfo.java:updateAndGet(143)) - 55d75777-35f1-49de-95e2-8c28089e6f45: start LeaderState
2019-08-30 23:35:49,722 [55d75777-35f1-49de-95e2-8c28089e6f45:group-C91B7B439C1A:LeaderElection83] INFO  segmented.SegmentedRaftLogWorker (SegmentedRaftLogWorker.java:startLogSegment(380)) - 55d75777-35f1-49de-95e2-8c28089e6f45-SegmentedRaftLogWorker:Storage Directory /workdir/hadoop-ozone/integration-test/target/test-dir/MiniOzoneClusterImpl-cd3b51ba-7d2f-4eb6-8b0c-706acb0cc0f6/datanode-1/data/ratis/640614c4-51dd-46a6-9dd5-c91b7b439c1a: Starting segment from index:0
2019-08-30 23:35:49,723 [55d75777-35f1-49de-95e2-8c28089e6f45:group-C91B7B439C1A:LeaderElection83] INFO  impl.RaftServerImpl (ServerState.java:setRaftConf(361)) - 55d75777-35f1-49de-95e2-8c28089e6f45:group-C91B7B439C1A set configuration 0: [55d75777-35f1-49de-95e2-8c28089e6f45:192.168.69.97:36493], old=null at 0
2019-08-30 23:35:49,733 [Thread-4042] INFO  impl.FollowerState (FollowerState.java:run(106)) - e0931955-60a1-44c7-91ab-d64f736178cd:group-99243C9EFD84 changes to CANDIDATE, lastRpcTime:5144, electionTimeout:5144ms
2019-08-30 23:35:49,733 [Thread-4042] INFO  impl.RoleInfo (RoleInfo.java:shutdownFollowerState(121)) - e0931955-60a1-44c7-91ab-d64f736178cd: shutdown FollowerState
2019-08-30 23:35:49,733 [Thread-4042] INFO  impl.RaftServerImpl (RaftServerImpl.java:setRole(171)) - e0931955-60a1-44c7-91ab-d64f736178cd:group-99243C9EFD84 changes role from FOLLOWER to CANDIDATE at term 0 for changeToCandidate
2019-08-30 23:35:49,733 [Thread-4042] INFO  impl.RoleInfo (RoleInfo.java:updateAndGet(143)) - e0931955-60a1-44c7-91ab-d64f736178cd: start LeaderElection
2019-08-30 23:35:49,764 [Thread-4045] INFO  impl.FollowerState (FollowerState.java:run(106)) - 02cc4af1-34eb-47d4-9c65-d28f0498788e:group-7DD5A480017C changes to CANDIDATE, lastRpcTime:5107, electionTimeout:5089ms
2019-08-30 23:35:49,769 [Thread-4045] INFO  impl.RoleInfo (RoleInfo.java:shutdownFollowerState(121)) - 02cc4af1-34eb-47d4-9c65-d28f0498788e: shutdown FollowerState
2019-08-30 23:35:49,769 [Thread-4045] INFO  impl.RaftServerImpl (RaftServerImpl.java:setRole(171)) - 02cc4af1-34eb-47d4-9c65-d28f0498788e:group-7DD5A480017C changes role from FOLLOWER to CANDIDATE at term 0 for changeToCandidate
2019-08-30 23:35:49,769 [Thread-4045] INFO  impl.RoleInfo (RoleInfo.java:updateAndGet(143)) - 02cc4af1-34eb-47d4-9c65-d28f0498788e: start LeaderElection
2019-08-30 23:35:49,797 [55d75777-35f1-49de-95e2-8c28089e6f45-SegmentedRaftLogWorker:Storage Directory /workdir/hadoop-ozone/integration-test/target/test-dir/MiniOzoneClusterImpl-cd3b51ba-7d2f-4eb6-8b0c-706acb0cc0f6/datanode-1/data/ratis/640614c4-51dd-46a6-9dd5-c91b7b439c1a] INFO  segmented.SegmentedRaftLogWorker (SegmentedRaftLogWorker.java:execute(569)) - 55d75777-35f1-49de-95e2-8c28089e6f45-SegmentedRaftLogWorker:Storage Directory /workdir/hadoop-ozone/integration-test/target/test-dir/MiniOzoneClusterImpl-cd3b51ba-7d2f-4eb6-8b0c-706acb0cc0f6/datanode-1/data/ratis/640614c4-51dd-46a6-9dd5-c91b7b439c1a: created new log segment /workdir/hadoop-ozone/integration-test/target/test-dir/MiniOzoneClusterImpl-cd3b51ba-7d2f-4eb6-8b0c-706acb0cc0f6/datanode-1/data/ratis/640614c4-51dd-46a6-9dd5-c91b7b439c1a/current/log_inprogress_0
2019-08-30 23:35:49,797 [02cc4af1-34eb-47d4-9c65-d28f0498788e:group-7DD5A480017C:LeaderElection85] INFO  impl.LeaderElection (LeaderElection.java:askForVotes(181)) - 02cc4af1-34eb-47d4-9c65-d28f0498788e:group-7DD5A480017C:LeaderElection85: begin an election at term 1 for -1: [02cc4af1-34eb-47d4-9c65-d28f0498788e:192.168.69.97:39805], old=null
2019-08-30 23:35:49,797 [e0931955-60a1-44c7-91ab-d64f736178cd:group-99243C9EFD84:LeaderElection84] INFO  impl.LeaderElection (LeaderElection.java:askForVotes(181)) - e0931955-60a1-44c7-91ab-d64f736178cd:group-99243C9EFD84:LeaderElection84: begin an election at term 1 for -1: [e0931955-60a1-44c7-91ab-d64f736178cd:192.168.69.97:35323], old=null
2019-08-30 23:35:49,797 [02cc4af1-34eb-47d4-9c65-d28f0498788e:group-7DD5A480017C:LeaderElection85] INFO  impl.RoleInfo (RoleInfo.java:shutdownLeaderElection(134)) - 02cc4af1-34eb-47d4-9c65-d28f0498788e: shutdown LeaderElection
2019-08-30 23:35:49,797 [e0931955-60a1-44c7-91ab-d64f736178cd:group-99243C9EFD84:LeaderElection84] INFO  impl.RoleInfo (RoleInfo.java:shutdownLeaderElection(134)) - e0931955-60a1-44c7-91ab-d64f736178cd: shutdown LeaderElection
2019-08-30 23:35:49,797 [02cc4af1-34eb-47d4-9c65-d28f0498788e:group-7DD5A480017C:LeaderElection85] INFO  impl.RaftServerImpl (RaftServerImpl.java:setRole(171)) - 02cc4af1-34eb-47d4-9c65-d28f0498788e:group-7DD5A480017C changes role from CANDIDATE to LEADER at term 1 for changeToLeader
2019-08-30 23:35:49,798 [e0931955-60a1-44c7-91ab-d64f736178cd:group-99243C9EFD84:LeaderElection84] INFO  impl.RaftServerImpl (RaftServerImpl.java:setRole(171)) - e0931955-60a1-44c7-91ab-d64f736178cd:group-99243C9EFD84 changes role from CANDIDATE to LEADER at term 1 for changeToLeader
2019-08-30 23:35:49,798 [e0931955-60a1-44c7-91ab-d64f736178cd:group-99243C9EFD84:LeaderElection84] INFO  impl.RaftServerImpl (ServerState.java:setLeader(263)) - e0931955-60a1-44c7-91ab-d64f736178cd:group-99243C9EFD84 change Leader from null to e0931955-60a1-44c7-91ab-d64f736178cd at term 1 for becomeLeader, leader elected after 5213ms
2019-08-30 23:35:49,798 [02cc4af1-34eb-47d4-9c65-d28f0498788e:group-7DD5A480017C:LeaderElection85] INFO  impl.RaftServerImpl (ServerState.java:setLeader(263)) - 02cc4af1-34eb-47d4-9c65-d28f0498788e:group-7DD5A480017C change Leader from null to 02cc4af1-34eb-47d4-9c65-d28f0498788e at term 1 for becomeLeader, leader elected after 5145ms
2019-08-30 23:35:49,798 [02cc4af1-34eb-47d4-9c65-d28f0498788e:group-7DD5A480017C:LeaderElection85] INFO  server.RaftServerConfigKeys (ConfUtils.java:logGet(43)) - raft.server.staging.catchup.gap = 1000 (default)
2019-08-30 23:35:49,798 [e0931955-60a1-44c7-91ab-d64f736178cd:group-99243C9EFD84:LeaderElection84] INFO  server.RaftServerConfigKeys (ConfUtils.java:logGet(43)) - raft.server.staging.catchup.gap = 1000 (default)
2019-08-30 23:35:49,798 [02cc4af1-34eb-47d4-9c65-d28f0498788e:group-7DD5A480017C:LeaderElection85] INFO  server.RaftServerConfigKeys (ConfUtils.java:logGet(43)) - raft.server.rpc.sleep.time = 25ms (default)
2019-08-30 23:35:49,799 [e0931955-60a1-44c7-91ab-d64f736178cd:group-99243C9EFD84:LeaderElection84] INFO  server.RaftServerConfigKeys (ConfUtils.java:logGet(43)) - raft.server.rpc.sleep.time = 25ms (default)
2019-08-30 23:35:49,799 [02cc4af1-34eb-47d4-9c65-d28f0498788e:group-7DD5A480017C:LeaderElection85] INFO  server.RaftServerConfigKeys (ConfUtils.java:logGet(43)) - raft.server.write.element-limit = 4096 (default)
2019-08-30 23:35:49,799 [e0931955-60a1-44c7-91ab-d64f736178cd:group-99243C9EFD84:LeaderElection84] INFO  server.RaftServerConfigKeys (ConfUtils.java:logGet(43)) - raft.server.write.element-limit = 4096 (default)
2019-08-30 23:35:49,799 [02cc4af1-34eb-47d4-9c65-d28f0498788e:group-7DD5A480017C:LeaderElection85] INFO  server.RaftServerConfigKeys (ConfUtils.java:logGet(43)) - raft.server.watch.timeout = 10s (default)
2019-08-30 23:35:49,799 [e0931955-60a1-44c7-91ab-d64f736178cd:group-99243C9EFD84:LeaderElection84] INFO  server.RaftServerConfigKeys (ConfUtils.java:logGet(43)) - raft.server.watch.timeout = 10s (default)
2019-08-30 23:35:49,799 [02cc4af1-34eb-47d4-9c65-d28f0498788e:group-7DD5A480017C:LeaderElection85] INFO  server.RaftServerConfigKeys (ConfUtils.java:logGet(43)) - raft.server.watch.timeout.denomination = 1s (default)
2019-08-30 23:35:49,800 [02cc4af1-34eb-47d4-9c65-d28f0498788e:group-7DD5A480017C:LeaderElection85] INFO  server.RaftServerConfigKeys (ConfUtils.java:logGet(43)) - raft.server.watch.element-limit = 65536 (default)
2019-08-30 23:35:49,800 [e0931955-60a1-44c7-91ab-d64f736178cd:group-99243C9EFD84:LeaderElection84] INFO  server.RaftServerConfigKeys (ConfUtils.java:logGet(43)) - raft.server.watch.timeout.denomination = 1s (default)
2019-08-30 23:35:49,800 [02cc4af1-34eb-47d4-9c65-d28f0498788e:group-7DD5A480017C:LeaderElection85] INFO  impl.RoleInfo (RoleInfo.java:updateAndGet(143)) - 02cc4af1-34eb-47d4-9c65-d28f0498788e: start LeaderState
2019-08-30 23:35:49,800 [e0931955-60a1-44c7-91ab-d64f736178cd:group-99243C9EFD84:LeaderElection84] INFO  server.RaftServerConfigKeys (ConfUtils.java:logGet(43)) - raft.server.watch.element-limit = 65536 (default)
2019-08-30 23:35:49,800 [02cc4af1-34eb-47d4-9c65-d28f0498788e:group-7DD5A480017C:LeaderElection85] INFO  segmented.SegmentedRaftLogWorker (SegmentedRaftLogWorker.java:startLogSegment(380)) - 02cc4af1-34eb-47d4-9c65-d28f0498788e-SegmentedRaftLogWorker:Storage Directory /workdir/hadoop-ozone/integration-test/target/test-dir/MiniOzoneClusterImpl-cd3b51ba-7d2f-4eb6-8b0c-706acb0cc0f6/datanode-3/data/ratis/2aa39128-0274-4130-923a-7dd5a480017c: Starting segment from index:0
2019-08-30 23:35:49,800 [e0931955-60a1-44c7-91ab-d64f736178cd:group-99243C9EFD84:LeaderElection84] INFO  impl.RoleInfo (RoleInfo.java:updateAndGet(143)) - e0931955-60a1-44c7-91ab-d64f736178cd: start LeaderState
2019-08-30 23:35:49,801 [02cc4af1-34eb-47d4-9c65-d28f0498788e:group-7DD5A480017C:LeaderElection85] INFO  impl.RaftServerImpl (ServerState.java:setRaftConf(361)) - 02cc4af1-34eb-47d4-9c65-d28f0498788e:group-7DD5A480017C set configuration 0: [02cc4af1-34eb-47d4-9c65-d28f0498788e:192.168.69.97:39805], old=null at 0
2019-08-30 23:35:49,801 [e0931955-60a1-44c7-91ab-d64f736178cd:group-99243C9EFD84:LeaderElection84] INFO  segmented.SegmentedRaftLogWorker (SegmentedRaftLogWorker.java:startLogSegment(380)) - e0931955-60a1-44c7-91ab-d64f736178cd-SegmentedRaftLogWorker:Storage Directory /workdir/hadoop-ozone/integration-test/target/test-dir/MiniOzoneClusterImpl-cd3b51ba-7d2f-4eb6-8b0c-706acb0cc0f6/datanode-2/data/ratis/78aaeec3-122d-4b5a-8f97-99243c9efd84: Starting segment from index:0
2019-08-30 23:35:49,802 [e0931955-60a1-44c7-91ab-d64f736178cd:group-99243C9EFD84:LeaderElection84] INFO  impl.RaftServerImpl (ServerState.java:setRaftConf(361)) - e0931955-60a1-44c7-91ab-d64f736178cd:group-99243C9EFD84 set configuration 0: [e0931955-60a1-44c7-91ab-d64f736178cd:192.168.69.97:35323], old=null at 0
2019-08-30 23:35:49,803 [Thread-4048] INFO  impl.FollowerState (FollowerState.java:run(106)) - a6088532-a578-4bbc-a6cd-6ebdc471c4f0:group-2446EA19187E changes to CANDIDATE, lastRpcTime:5096, electionTimeout:5096ms
2019-08-30 23:35:49,804 [Thread-4048] INFO  impl.RoleInfo (RoleInfo.java:shutdownFollowerState(121)) - a6088532-a578-4bbc-a6cd-6ebdc471c4f0: shutdown FollowerState
2019-08-30 23:35:49,804 [Thread-4048] INFO  impl.RaftServerImpl (RaftServerImpl.java:setRole(171)) - a6088532-a578-4bbc-a6cd-6ebdc471c4f0:group-2446EA19187E changes role from FOLLOWER to CANDIDATE at term 0 for changeToCandidate
2019-08-30 23:35:49,804 [Thread-4048] INFO  impl.RoleInfo (RoleInfo.java:updateAndGet(143)) - a6088532-a578-4bbc-a6cd-6ebdc471c4f0: start LeaderElection
2019-08-30 23:35:49,844 [Thread-4051] INFO  impl.FollowerState (FollowerState.java:run(106)) - d95ceee6-2e09-4cc8-a399-92fb5d246ede:group-ABE8DAE4E60C changes to CANDIDATE, lastRpcTime:5083, electionTimeout:5050ms
2019-08-30 23:35:49,844 [Thread-4051] INFO  impl.RoleInfo (RoleInfo.java:shutdownFollowerState(121)) - d95ceee6-2e09-4cc8-a399-92fb5d246ede: shutdown FollowerState
2019-08-30 23:35:49,849 [Thread-4051] INFO  impl.RaftServerImpl (RaftServerImpl.java:setRole(171)) - d95ceee6-2e09-4cc8-a399-92fb5d246ede:group-ABE8DAE4E60C changes role from FOLLOWER to CANDIDATE at term 0 for changeToCandidate
2019-08-30 23:35:49,849 [Thread-4051] INFO  impl.RoleInfo (RoleInfo.java:updateAndGet(143)) - d95ceee6-2e09-4cc8-a399-92fb5d246ede: start LeaderElection
2019-08-30 23:35:49,865 [e0931955-60a1-44c7-91ab-d64f736178cd-SegmentedRaftLogWorker:Storage Directory /workdir/hadoop-ozone/integration-test/target/test-dir/MiniOzoneClusterImpl-cd3b51ba-7d2f-4eb6-8b0c-706acb0cc0f6/datanode-2/data/ratis/78aaeec3-122d-4b5a-8f97-99243c9efd84] INFO  segmented.SegmentedRaftLogWorker (SegmentedRaftLogWorker.java:execute(569)) - e0931955-60a1-44c7-91ab-d64f736178cd-SegmentedRaftLogWorker:Storage Directory /workdir/hadoop-ozone/integration-test/target/test-dir/MiniOzoneClusterImpl-cd3b51ba-7d2f-4eb6-8b0c-706acb0cc0f6/datanode-2/data/ratis/78aaeec3-122d-4b5a-8f97-99243c9efd84: created new log segment /workdir/hadoop-ozone/integration-test/target/test-dir/MiniOzoneClusterImpl-cd3b51ba-7d2f-4eb6-8b0c-706acb0cc0f6/datanode-2/data/ratis/78aaeec3-122d-4b5a-8f97-99243c9efd84/current/log_inprogress_0
2019-08-30 23:35:49,865 [02cc4af1-34eb-47d4-9c65-d28f0498788e-SegmentedRaftLogWorker:Storage Directory /workdir/hadoop-ozone/integration-test/target/test-dir/MiniOzoneClusterImpl-cd3b51ba-7d2f-4eb6-8b0c-706acb0cc0f6/datanode-3/data/ratis/2aa39128-0274-4130-923a-7dd5a480017c] INFO  segmented.SegmentedRaftLogWorker (SegmentedRaftLogWorker.java:execute(569)) - 02cc4af1-34eb-47d4-9c65-d28f0498788e-SegmentedRaftLogWorker:Storage Directory /workdir/hadoop-ozone/integration-test/target/test-dir/MiniOzoneClusterImpl-cd3b51ba-7d2f-4eb6-8b0c-706acb0cc0f6/datanode-3/data/ratis/2aa39128-0274-4130-923a-7dd5a480017c: created new log segment /workdir/hadoop-ozone/integration-test/target/test-dir/MiniOzoneClusterImpl-cd3b51ba-7d2f-4eb6-8b0c-706acb0cc0f6/datanode-3/data/ratis/2aa39128-0274-4130-923a-7dd5a480017c/current/log_inprogress_0
2019-08-30 23:35:49,865 [a6088532-a578-4bbc-a6cd-6ebdc471c4f0:group-2446EA19187E:LeaderElection86] INFO  impl.LeaderElection (LeaderElection.java:askForVotes(181)) - a6088532-a578-4bbc-a6cd-6ebdc471c4f0:group-2446EA19187E:LeaderElection86: begin an election at term 1 for -1: [a6088532-a578-4bbc-a6cd-6ebdc471c4f0:192.168.69.97:40753], old=null
2019-08-30 23:35:49,866 [a6088532-a578-4bbc-a6cd-6ebdc471c4f0:group-2446EA19187E:LeaderElection86] INFO  impl.RoleInfo (RoleInfo.java:shutdownLeaderElection(134)) - a6088532-a578-4bbc-a6cd-6ebdc471c4f0: shutdown LeaderElection
2019-08-30 23:35:49,866 [a6088532-a578-4bbc-a6cd-6ebdc471c4f0:group-2446EA19187E:LeaderElection86] INFO  impl.RaftServerImpl (RaftServerImpl.java:setRole(171)) - a6088532-a578-4bbc-a6cd-6ebdc471c4f0:group-2446EA19187E changes role from CANDIDATE to LEADER at term 1 for changeToLeader
2019-08-30 23:35:49,866 [a6088532-a578-4bbc-a6cd-6ebdc471c4f0:group-2446EA19187E:LeaderElection86] INFO  impl.RaftServerImpl (ServerState.java:setLeader(263)) - a6088532-a578-4bbc-a6cd-6ebdc471c4f0:group-2446EA19187E change Leader from null to a6088532-a578-4bbc-a6cd-6ebdc471c4f0 at term 1 for becomeLeader, leader elected after 5162ms
2019-08-30 23:35:49,866 [a6088532-a578-4bbc-a6cd-6ebdc471c4f0:group-2446EA19187E:LeaderElection86] INFO  server.RaftServerConfigKeys (ConfUtils.java:logGet(43)) - raft.server.staging.catchup.gap = 1000 (default)
2019-08-30 23:35:49,866 [a6088532-a578-4bbc-a6cd-6ebdc471c4f0:group-2446EA19187E:LeaderElection86] INFO  server.RaftServerConfigKeys (ConfUtils.java:logGet(43)) - raft.server.rpc.sleep.time = 25ms (default)
2019-08-30 23:35:49,866 [a6088532-a578-4bbc-a6cd-6ebdc471c4f0:group-2446EA19187E:LeaderElection86] INFO  server.RaftServerConfigKeys (ConfUtils.java:logGet(43)) - raft.server.write.element-limit = 4096 (default)
2019-08-30 23:35:49,866 [a6088532-a578-4bbc-a6cd-6ebdc471c4f0:group-2446EA19187E:LeaderElection86] INFO  server.RaftServerConfigKeys (ConfUtils.java:logGet(43)) - raft.server.watch.timeout = 10s (default)
2019-08-30 23:35:49,867 [a6088532-a578-4bbc-a6cd-6ebdc471c4f0:group-2446EA19187E:LeaderElection86] INFO  server.RaftServerConfigKeys (ConfUtils.java:logGet(43)) - raft.server.watch.timeout.denomination = 1s (default)
2019-08-30 23:35:49,867 [a6088532-a578-4bbc-a6cd-6ebdc471c4f0:group-2446EA19187E:LeaderElection86] INFO  server.RaftServerConfigKeys (ConfUtils.java:logGet(43)) - raft.server.watch.element-limit = 65536 (default)
2019-08-30 23:35:49,867 [a6088532-a578-4bbc-a6cd-6ebdc471c4f0:group-2446EA19187E:LeaderElection86] INFO  impl.RoleInfo (RoleInfo.java:updateAndGet(143)) - a6088532-a578-4bbc-a6cd-6ebdc471c4f0: start LeaderState
2019-08-30 23:35:49,867 [a6088532-a578-4bbc-a6cd-6ebdc471c4f0:group-2446EA19187E:LeaderElection86] INFO  segmented.SegmentedRaftLogWorker (SegmentedRaftLogWorker.java:startLogSegment(380)) - a6088532-a578-4bbc-a6cd-6ebdc471c4f0-SegmentedRaftLogWorker:Storage Directory /workdir/hadoop-ozone/integration-test/target/test-dir/MiniOzoneClusterImpl-cd3b51ba-7d2f-4eb6-8b0c-706acb0cc0f6/datanode-4/data/ratis/390ce9b5-cfeb-4860-beec-2446ea19187e: Starting segment from index:0
2019-08-30 23:35:49,867 [a6088532-a578-4bbc-a6cd-6ebdc471c4f0:group-2446EA19187E:LeaderElection86] INFO  impl.RaftServerImpl (ServerState.java:setRaftConf(361)) - a6088532-a578-4bbc-a6cd-6ebdc471c4f0:group-2446EA19187E set configuration 0: [a6088532-a578-4bbc-a6cd-6ebdc471c4f0:192.168.69.97:40753], old=null at 0
2019-08-30 23:35:49,874 [Thread-4054] INFO  impl.FollowerState (FollowerState.java:run(106)) - a9b4b662-87dc-4b3f-b4fd-4a422c327ff5:group-B7DCE81F5ABE changes to CANDIDATE, lastRpcTime:5031, electionTimeout:5031ms
2019-08-30 23:35:49,874 [Thread-4054] INFO  impl.RoleInfo (RoleInfo.java:shutdownFollowerState(121)) - a9b4b662-87dc-4b3f-b4fd-4a422c327ff5: shutdown FollowerState
2019-08-30 23:35:49,874 [Thread-4054] INFO  impl.RaftServerImpl (RaftServerImpl.java:setRole(171)) - a9b4b662-87dc-4b3f-b4fd-4a422c327ff5:group-B7DCE81F5ABE changes role from FOLLOWER to CANDIDATE at term 0 for changeToCandidate
2019-08-30 23:35:49,874 [Thread-4054] INFO  impl.RoleInfo (RoleInfo.java:updateAndGet(143)) - a9b4b662-87dc-4b3f-b4fd-4a422c327ff5: start LeaderElection
2019-08-30 23:35:49,903 [d95ceee6-2e09-4cc8-a399-92fb5d246ede:group-ABE8DAE4E60C:LeaderElection87] INFO  impl.LeaderElection (LeaderElection.java:askForVotes(181)) - d95ceee6-2e09-4cc8-a399-92fb5d246ede:group-ABE8DAE4E60C:LeaderElection87: begin an election at term 1 for -1: [d95ceee6-2e09-4cc8-a399-92fb5d246ede:192.168.69.97:35799], old=null
2019-08-30 23:35:49,908 [d95ceee6-2e09-4cc8-a399-92fb5d246ede:group-ABE8DAE4E60C:LeaderElection87] INFO  impl.RoleInfo (RoleInfo.java:shutdownLeaderElection(134)) - d95ceee6-2e09-4cc8-a399-92fb5d246ede: shutdown LeaderElection
2019-08-30 23:35:49,908 [d95ceee6-2e09-4cc8-a399-92fb5d246ede:group-ABE8DAE4E60C:LeaderElection87] INFO  impl.RaftServerImpl (RaftServerImpl.java:setRole(171)) - d95ceee6-2e09-4cc8-a399-92fb5d246ede:group-ABE8DAE4E60C changes role from CANDIDATE to LEADER at term 1 for changeToLeader
2019-08-30 23:35:49,908 [d95ceee6-2e09-4cc8-a399-92fb5d246ede:group-ABE8DAE4E60C:LeaderElection87] INFO  impl.RaftServerImpl (ServerState.java:setLeader(263)) - d95ceee6-2e09-4cc8-a399-92fb5d246ede:group-ABE8DAE4E60C change Leader from null to d95ceee6-2e09-4cc8-a399-92fb5d246ede at term 1 for becomeLeader, leader elected after 5153ms
2019-08-30 23:35:49,908 [d95ceee6-2e09-4cc8-a399-92fb5d246ede:group-ABE8DAE4E60C:LeaderElection87] INFO  server.RaftServerConfigKeys (ConfUtils.java:logGet(43)) - raft.server.staging.catchup.gap = 1000 (default)
2019-08-30 23:35:49,908 [d95ceee6-2e09-4cc8-a399-92fb5d246ede:group-ABE8DAE4E60C:LeaderElection87] INFO  server.RaftServerConfigKeys (ConfUtils.java:logGet(43)) - raft.server.rpc.sleep.time = 25ms (default)
2019-08-30 23:35:49,908 [d95ceee6-2e09-4cc8-a399-92fb5d246ede:group-ABE8DAE4E60C:LeaderElection87] INFO  server.RaftServerConfigKeys (ConfUtils.java:logGet(43)) - raft.server.write.element-limit = 4096 (default)
2019-08-30 23:35:49,909 [d95ceee6-2e09-4cc8-a399-92fb5d246ede:group-ABE8DAE4E60C:LeaderElection87] INFO  server.RaftServerConfigKeys (ConfUtils.java:logGet(43)) - raft.server.watch.timeout = 10s (default)
2019-08-30 23:35:49,909 [d95ceee6-2e09-4cc8-a399-92fb5d246ede:group-ABE8DAE4E60C:LeaderElection87] INFO  server.RaftServerConfigKeys (ConfUtils.java:logGet(43)) - raft.server.watch.timeout.denomination = 1s (default)
2019-08-30 23:35:49,909 [d95ceee6-2e09-4cc8-a399-92fb5d246ede:group-ABE8DAE4E60C:LeaderElection87] INFO  server.RaftServerConfigKeys (ConfUtils.java:logGet(43)) - raft.server.watch.element-limit = 65536 (default)
2019-08-30 23:35:49,909 [d95ceee6-2e09-4cc8-a399-92fb5d246ede:group-ABE8DAE4E60C:LeaderElection87] INFO  impl.RoleInfo (RoleInfo.java:updateAndGet(143)) - d95ceee6-2e09-4cc8-a399-92fb5d246ede: start LeaderState
2019-08-30 23:35:49,910 [d95ceee6-2e09-4cc8-a399-92fb5d246ede:group-ABE8DAE4E60C:LeaderElection87] INFO  segmented.SegmentedRaftLogWorker (SegmentedRaftLogWorker.java:startLogSegment(380)) - d95ceee6-2e09-4cc8-a399-92fb5d246ede-SegmentedRaftLogWorker:Storage Directory /workdir/hadoop-ozone/integration-test/target/test-dir/MiniOzoneClusterImpl-cd3b51ba-7d2f-4eb6-8b0c-706acb0cc0f6/datanode-5/data/ratis/9ff4fe06-be16-44c9-a9f1-abe8dae4e60c: Starting segment from index:0
2019-08-30 23:35:49,910 [d95ceee6-2e09-4cc8-a399-92fb5d246ede:group-ABE8DAE4E60C:LeaderElection87] INFO  impl.RaftServerImpl (ServerState.java:setRaftConf(361)) - d95ceee6-2e09-4cc8-a399-92fb5d246ede:group-ABE8DAE4E60C set configuration 0: [d95ceee6-2e09-4cc8-a399-92fb5d246ede:192.168.69.97:35799], old=null at 0
2019-08-30 23:35:49,913 [grpc-default-executor-13] INFO  client.GrpcClientProtocolClient (GrpcClientProtocolClient.java:onNext(255)) - client-D84392396D2C->89444f21-ffd5-4031-8cd3-eb65eafa98e5: receive RaftClientReply:client-D84392396D2C->89444f21-ffd5-4031-8cd3-eb65eafa98e5@group-F6CCC1769731, cid=215, FAILED org.apache.ratis.protocol.NotLeaderException: Server 89444f21-ffd5-4031-8cd3-eb65eafa98e5 is not the leader (null). Request must be sent to leader., logIndex=0, commits[89444f21-ffd5-4031-8cd3-eb65eafa98e5:c-1]
2019-08-30 23:35:49,918 [a6088532-a578-4bbc-a6cd-6ebdc471c4f0-SegmentedRaftLogWorker:Storage Directory /workdir/hadoop-ozone/integration-test/target/test-dir/MiniOzoneClusterImpl-cd3b51ba-7d2f-4eb6-8b0c-706acb0cc0f6/datanode-4/data/ratis/390ce9b5-cfeb-4860-beec-2446ea19187e] INFO  segmented.SegmentedRaftLogWorker (SegmentedRaftLogWorker.java:execute(569)) - a6088532-a578-4bbc-a6cd-6ebdc471c4f0-SegmentedRaftLogWorker:Storage Directory /workdir/hadoop-ozone/integration-test/target/test-dir/MiniOzoneClusterImpl-cd3b51ba-7d2f-4eb6-8b0c-706acb0cc0f6/datanode-4/data/ratis/390ce9b5-cfeb-4860-beec-2446ea19187e: created new log segment /workdir/hadoop-ozone/integration-test/target/test-dir/MiniOzoneClusterImpl-cd3b51ba-7d2f-4eb6-8b0c-706acb0cc0f6/datanode-4/data/ratis/390ce9b5-cfeb-4860-beec-2446ea19187e/current/log_inprogress_0
2019-08-30 23:35:49,921 [Thread-4057] INFO  impl.FollowerState (FollowerState.java:run(106)) - 89444f21-ffd5-4031-8cd3-eb65eafa98e5:group-F6CCC1769731 changes to CANDIDATE, lastRpcTime:5015, electionTimeout:5015ms
2019-08-30 23:35:49,921 [Thread-4057] INFO  impl.RoleInfo (RoleInfo.java:shutdownFollowerState(121)) - 89444f21-ffd5-4031-8cd3-eb65eafa98e5: shutdown FollowerState
2019-08-30 23:35:49,921 [Thread-4057] INFO  impl.RaftServerImpl (RaftServerImpl.java:setRole(171)) - 89444f21-ffd5-4031-8cd3-eb65eafa98e5:group-F6CCC1769731 changes role from FOLLOWER to CANDIDATE at term 0 for changeToCandidate
2019-08-30 23:35:49,921 [Thread-4057] INFO  impl.RoleInfo (RoleInfo.java:updateAndGet(143)) - 89444f21-ffd5-4031-8cd3-eb65eafa98e5: start LeaderElection
2019-08-30 23:35:49,949 [Thread-4062] INFO  impl.FollowerState (FollowerState.java:run(106)) - d95ceee6-2e09-4cc8-a399-92fb5d246ede:group-F6CCC1769731 changes to CANDIDATE, lastRpcTime:5038, electionTimeout:5026ms
2019-08-30 23:35:49,951 [Thread-4062] INFO  impl.RoleInfo (RoleInfo.java:shutdownFollowerState(121)) - d95ceee6-2e09-4cc8-a399-92fb5d246ede: shutdown FollowerState
2019-08-30 23:35:49,951 [Thread-4062] INFO  impl.RaftServerImpl (RaftServerImpl.java:setRole(171)) - d95ceee6-2e09-4cc8-a399-92fb5d246ede:group-F6CCC1769731 changes role from FOLLOWER to CANDIDATE at term 0 for changeToCandidate
2019-08-30 23:35:49,951 [Thread-4062] INFO  impl.RoleInfo (RoleInfo.java:updateAndGet(143)) - d95ceee6-2e09-4cc8-a399-92fb5d246ede: start LeaderElection
2019-08-30 23:35:49,955 [Thread-4061] INFO  impl.FollowerState (FollowerState.java:run(106)) - e0931955-60a1-44c7-91ab-d64f736178cd:group-F6CCC1769731 changes to CANDIDATE, lastRpcTime:5045, electionTimeout:5044ms
2019-08-30 23:35:49,955 [Thread-4061] INFO  impl.RoleInfo (RoleInfo.java:shutdownFollowerState(121)) - e0931955-60a1-44c7-91ab-d64f736178cd: shutdown FollowerState
2019-08-30 23:35:49,955 [Thread-4061] INFO  impl.RaftServerImpl (RaftServerImpl.java:setRole(171)) - e0931955-60a1-44c7-91ab-d64f736178cd:group-F6CCC1769731 changes role from FOLLOWER to CANDIDATE at term 0 for changeToCandidate
2019-08-30 23:35:49,955 [a9b4b662-87dc-4b3f-b4fd-4a422c327ff5:group-B7DCE81F5ABE:LeaderElection88] INFO  impl.LeaderElection (LeaderElection.java:askForVotes(181)) - a9b4b662-87dc-4b3f-b4fd-4a422c327ff5:group-B7DCE81F5ABE:LeaderElection88: begin an election at term 1 for -1: [a9b4b662-87dc-4b3f-b4fd-4a422c327ff5:192.168.69.97:39703], old=null
2019-08-30 23:35:49,955 [Thread-4061] INFO  impl.RoleInfo (RoleInfo.java:updateAndGet(143)) - e0931955-60a1-44c7-91ab-d64f736178cd: start LeaderElection
2019-08-30 23:35:49,956 [a9b4b662-87dc-4b3f-b4fd-4a422c327ff5:group-B7DCE81F5ABE:LeaderElection88] INFO  impl.RoleInfo (RoleInfo.java:shutdownLeaderElection(134)) - a9b4b662-87dc-4b3f-b4fd-4a422c327ff5: shutdown LeaderElection
2019-08-30 23:35:49,957 [a9b4b662-87dc-4b3f-b4fd-4a422c327ff5:group-B7DCE81F5ABE:LeaderElection88] INFO  impl.RaftServerImpl (RaftServerImpl.java:setRole(171)) - a9b4b662-87dc-4b3f-b4fd-4a422c327ff5:group-B7DCE81F5ABE changes role from CANDIDATE to LEADER at term 1 for changeToLeader
2019-08-30 23:35:49,958 [a9b4b662-87dc-4b3f-b4fd-4a422c327ff5:group-B7DCE81F5ABE:LeaderElection88] INFO  impl.RaftServerImpl (ServerState.java:setLeader(263)) - a9b4b662-87dc-4b3f-b4fd-4a422c327ff5:group-B7DCE81F5ABE change Leader from null to a9b4b662-87dc-4b3f-b4fd-4a422c327ff5 at term 1 for becomeLeader, leader elected after 5119ms
2019-08-30 23:35:49,960 [a9b4b662-87dc-4b3f-b4fd-4a422c327ff5:group-B7DCE81F5ABE:LeaderElection88] INFO  server.RaftServerConfigKeys (ConfUtils.java:logGet(43)) - raft.server.staging.catchup.gap = 1000 (default)
2019-08-30 23:35:49,960 [a9b4b662-87dc-4b3f-b4fd-4a422c327ff5:group-B7DCE81F5ABE:LeaderElection88] INFO  server.RaftServerConfigKeys (ConfUtils.java:logGet(43)) - raft.server.rpc.sleep.time = 25ms (default)
2019-08-30 23:35:49,960 [a9b4b662-87dc-4b3f-b4fd-4a422c327ff5:group-B7DCE81F5ABE:LeaderElection88] INFO  server.RaftServerConfigKeys (ConfUtils.java:logGet(43)) - raft.server.write.element-limit = 4096 (default)
2019-08-30 23:35:49,960 [a9b4b662-87dc-4b3f-b4fd-4a422c327ff5:group-B7DCE81F5ABE:LeaderElection88] INFO  server.RaftServerConfigKeys (ConfUtils.java:logGet(43)) - raft.server.watch.timeout = 10s (default)
2019-08-30 23:35:49,960 [a9b4b662-87dc-4b3f-b4fd-4a422c327ff5:group-B7DCE81F5ABE:LeaderElection88] INFO  server.RaftServerConfigKeys (ConfUtils.java:logGet(43)) - raft.server.watch.timeout.denomination = 1s (default)
2019-08-30 23:35:49,960 [a9b4b662-87dc-4b3f-b4fd-4a422c327ff5:group-B7DCE81F5ABE:LeaderElection88] INFO  server.RaftServerConfigKeys (ConfUtils.java:logGet(43)) - raft.server.watch.element-limit = 65536 (default)
2019-08-30 23:35:49,961 [a9b4b662-87dc-4b3f-b4fd-4a422c327ff5:group-B7DCE81F5ABE:LeaderElection88] INFO  impl.RoleInfo (RoleInfo.java:updateAndGet(143)) - a9b4b662-87dc-4b3f-b4fd-4a422c327ff5: start LeaderState
2019-08-30 23:35:49,961 [a9b4b662-87dc-4b3f-b4fd-4a422c327ff5:group-B7DCE81F5ABE:LeaderElection88] INFO  segmented.SegmentedRaftLogWorker (SegmentedRaftLogWorker.java:startLogSegment(380)) - a9b4b662-87dc-4b3f-b4fd-4a422c327ff5-SegmentedRaftLogWorker:Storage Directory /workdir/hadoop-ozone/integration-test/target/test-dir/MiniOzoneClusterImpl-cd3b51ba-7d2f-4eb6-8b0c-706acb0cc0f6/datanode-6/data/ratis/0fdbbca7-12b1-415b-8907-b7dce81f5abe: Starting segment from index:0
2019-08-30 23:35:49,961 [a9b4b662-87dc-4b3f-b4fd-4a422c327ff5:group-B7DCE81F5ABE:LeaderElection88] INFO  impl.RaftServerImpl (ServerState.java:setRaftConf(361)) - a9b4b662-87dc-4b3f-b4fd-4a422c327ff5:group-B7DCE81F5ABE set configuration 0: [a9b4b662-87dc-4b3f-b4fd-4a422c327ff5:192.168.69.97:39703], old=null at 0
2019-08-30 23:35:49,988 [d95ceee6-2e09-4cc8-a399-92fb5d246ede-SegmentedRaftLogWorker:Storage Directory /workdir/hadoop-ozone/integration-test/target/test-dir/MiniOzoneClusterImpl-cd3b51ba-7d2f-4eb6-8b0c-706acb0cc0f6/datanode-5/data/ratis/9ff4fe06-be16-44c9-a9f1-abe8dae4e60c] INFO  segmented.SegmentedRaftLogWorker (SegmentedRaftLogWorker.java:execute(569)) - d95ceee6-2e09-4cc8-a399-92fb5d246ede-SegmentedRaftLogWorker:Storage Directory /workdir/hadoop-ozone/integration-test/target/test-dir/MiniOzoneClusterImpl-cd3b51ba-7d2f-4eb6-8b0c-706acb0cc0f6/datanode-5/data/ratis/9ff4fe06-be16-44c9-a9f1-abe8dae4e60c: created new log segment /workdir/hadoop-ozone/integration-test/target/test-dir/MiniOzoneClusterImpl-cd3b51ba-7d2f-4eb6-8b0c-706acb0cc0f6/datanode-5/data/ratis/9ff4fe06-be16-44c9-a9f1-abe8dae4e60c/current/log_inprogress_0
2019-08-30 23:35:49,988 [d95ceee6-2e09-4cc8-a399-92fb5d246ede:group-F6CCC1769731:LeaderElection90] INFO  impl.LeaderElection (LeaderElection.java:askForVotes(181)) - d95ceee6-2e09-4cc8-a399-92fb5d246ede:group-F6CCC1769731:LeaderElection90: begin an election at term 1 for -1: [e0931955-60a1-44c7-91ab-d64f736178cd:192.168.69.97:35323, d95ceee6-2e09-4cc8-a399-92fb5d246ede:192.168.69.97:35799, 89444f21-ffd5-4031-8cd3-eb65eafa98e5:192.168.69.97:43550], old=null
2019-08-30 23:35:49,988 [e0931955-60a1-44c7-91ab-d64f736178cd:group-F6CCC1769731:LeaderElection91] INFO  impl.LeaderElection (LeaderElection.java:askForVotes(181)) - e0931955-60a1-44c7-91ab-d64f736178cd:group-F6CCC1769731:LeaderElection91: begin an election at term 1 for -1: [e0931955-60a1-44c7-91ab-d64f736178cd:192.168.69.97:35323, d95ceee6-2e09-4cc8-a399-92fb5d246ede:192.168.69.97:35799, 89444f21-ffd5-4031-8cd3-eb65eafa98e5:192.168.69.97:43550], old=null
2019-08-30 23:35:49,988 [89444f21-ffd5-4031-8cd3-eb65eafa98e5:group-F6CCC1769731:LeaderElection89] INFO  impl.LeaderElection (LeaderElection.java:askForVotes(181)) - 89444f21-ffd5-4031-8cd3-eb65eafa98e5:group-F6CCC1769731:LeaderElection89: begin an election at term 1 for -1: [e0931955-60a1-44c7-91ab-d64f736178cd:192.168.69.97:35323, d95ceee6-2e09-4cc8-a399-92fb5d246ede:192.168.69.97:35799, 89444f21-ffd5-4031-8cd3-eb65eafa98e5:192.168.69.97:43550], old=null
2019-08-30 23:35:49,994 [89444f21-ffd5-4031-8cd3-eb65eafa98e5:group-F6CCC1769731:LeaderElection89] INFO  impl.LeaderElection (LeaderElection.java:logAndReturn(56)) - 89444f21-ffd5-4031-8cd3-eb65eafa98e5:group-F6CCC1769731:LeaderElection89: Election REJECTED; received 2 response(s) [89444f21-ffd5-4031-8cd3-eb65eafa98e5<-e0931955-60a1-44c7-91ab-d64f736178cd#0:FAIL-t1, 89444f21-ffd5-4031-8cd3-eb65eafa98e5<-d95ceee6-2e09-4cc8-a399-92fb5d246ede#0:FAIL-t1] and 0 exception(s); 89444f21-ffd5-4031-8cd3-eb65eafa98e5:t1, leader=null, voted=89444f21-ffd5-4031-8cd3-eb65eafa98e5, raftlog=89444f21-ffd5-4031-8cd3-eb65eafa98e5-SegmentedRaftLog:OPENED:c-1,f-1,i0, conf=-1: [e0931955-60a1-44c7-91ab-d64f736178cd:192.168.69.97:35323, d95ceee6-2e09-4cc8-a399-92fb5d246ede:192.168.69.97:35799, 89444f21-ffd5-4031-8cd3-eb65eafa98e5:192.168.69.97:43550], old=null
2019-08-30 23:35:49,994 [89444f21-ffd5-4031-8cd3-eb65eafa98e5:group-F6CCC1769731:LeaderElection89] INFO  impl.RaftServerImpl (RaftServerImpl.java:setRole(171)) - 89444f21-ffd5-4031-8cd3-eb65eafa98e5:group-F6CCC1769731 changes role from CANDIDATE to FOLLOWER at term 1 for DISCOVERED_A_NEW_TERM
2019-08-30 23:35:49,994 [89444f21-ffd5-4031-8cd3-eb65eafa98e5:group-F6CCC1769731:LeaderElection89] INFO  impl.RoleInfo (RoleInfo.java:shutdownLeaderElection(134)) - 89444f21-ffd5-4031-8cd3-eb65eafa98e5: shutdown LeaderElection
2019-08-30 23:35:49,995 [89444f21-ffd5-4031-8cd3-eb65eafa98e5:group-F6CCC1769731:LeaderElection89] INFO  impl.RoleInfo (RoleInfo.java:updateAndGet(143)) - 89444f21-ffd5-4031-8cd3-eb65eafa98e5: start FollowerState
2019-08-30 23:35:49,995 [e0931955-60a1-44c7-91ab-d64f736178cd:group-F6CCC1769731:LeaderElection91] INFO  impl.LeaderElection (LeaderElection.java:logAndReturn(56)) - e0931955-60a1-44c7-91ab-d64f736178cd:group-F6CCC1769731:LeaderElection91: Election REJECTED; received 2 response(s) [e0931955-60a1-44c7-91ab-d64f736178cd<-d95ceee6-2e09-4cc8-a399-92fb5d246ede#0:FAIL-t1, e0931955-60a1-44c7-91ab-d64f736178cd<-89444f21-ffd5-4031-8cd3-eb65eafa98e5#0:FAIL-t1] and 0 exception(s); e0931955-60a1-44c7-91ab-d64f736178cd:t1, leader=null, voted=e0931955-60a1-44c7-91ab-d64f736178cd, raftlog=e0931955-60a1-44c7-91ab-d64f736178cd-SegmentedRaftLog:OPENED:c-1,f-1,i0, conf=-1: [e0931955-60a1-44c7-91ab-d64f736178cd:192.168.69.97:35323, d95ceee6-2e09-4cc8-a399-92fb5d246ede:192.168.69.97:35799, 89444f21-ffd5-4031-8cd3-eb65eafa98e5:192.168.69.97:43550], old=null
2019-08-30 23:35:49,995 [e0931955-60a1-44c7-91ab-d64f736178cd:group-F6CCC1769731:LeaderElection91] INFO  impl.RaftServerImpl (RaftServerImpl.java:setRole(171)) - e0931955-60a1-44c7-91ab-d64f736178cd:group-F6CCC1769731 changes role from CANDIDATE to FOLLOWER at term 1 for DISCOVERED_A_NEW_TERM
2019-08-30 23:35:49,995 [e0931955-60a1-44c7-91ab-d64f736178cd:group-F6CCC1769731:LeaderElection91] INFO  impl.RoleInfo (RoleInfo.java:shutdownLeaderElection(134)) - e0931955-60a1-44c7-91ab-d64f736178cd: shutdown LeaderElection
2019-08-30 23:35:49,995 [d95ceee6-2e09-4cc8-a399-92fb5d246ede:group-F6CCC1769731:LeaderElection90] INFO  impl.LeaderElection (LeaderElection.java:logAndReturn(56)) - d95ceee6-2e09-4cc8-a399-92fb5d246ede:group-F6CCC1769731:LeaderElection90: Election REJECTED; received 2 response(s) [d95ceee6-2e09-4cc8-a399-92fb5d246ede<-e0931955-60a1-44c7-91ab-d64f736178cd#0:FAIL-t1, d95ceee6-2e09-4cc8-a399-92fb5d246ede<-89444f21-ffd5-4031-8cd3-eb65eafa98e5#0:FAIL-t1] and 0 exception(s); d95ceee6-2e09-4cc8-a399-92fb5d246ede:t1, leader=null, voted=d95ceee6-2e09-4cc8-a399-92fb5d246ede, raftlog=d95ceee6-2e09-4cc8-a399-92fb5d246ede-SegmentedRaftLog:OPENED:c-1,f-1,i0, conf=-1: [e0931955-60a1-44c7-91ab-d64f736178cd:192.168.69.97:35323, d95ceee6-2e09-4cc8-a399-92fb5d246ede:192.168.69.97:35799, 89444f21-ffd5-4031-8cd3-eb65eafa98e5:192.168.69.97:43550], old=null
2019-08-30 23:35:49,995 [e0931955-60a1-44c7-91ab-d64f736178cd:group-F6CCC1769731:LeaderElection91] INFO  impl.RoleInfo (RoleInfo.java:updateAndGet(143)) - e0931955-60a1-44c7-91ab-d64f736178cd: start FollowerState
2019-08-30 23:35:49,995 [d95ceee6-2e09-4cc8-a399-92fb5d246ede:group-F6CCC1769731:LeaderElection90] INFO  impl.RaftServerImpl (RaftServerImpl.java:setRole(171)) - d95ceee6-2e09-4cc8-a399-92fb5d246ede:group-F6CCC1769731 changes role from CANDIDATE to FOLLOWER at term 1 for DISCOVERED_A_NEW_TERM
2019-08-30 23:35:49,996 [d95ceee6-2e09-4cc8-a399-92fb5d246ede:group-F6CCC1769731:LeaderElection90] INFO  impl.RoleInfo (RoleInfo.java:shutdownLeaderElection(134)) - d95ceee6-2e09-4cc8-a399-92fb5d246ede: shutdown LeaderElection
2019-08-30 23:35:49,996 [d95ceee6-2e09-4cc8-a399-92fb5d246ede:group-F6CCC1769731:LeaderElection90] INFO  impl.RoleInfo (RoleInfo.java:updateAndGet(143)) - d95ceee6-2e09-4cc8-a399-92fb5d246ede: start FollowerState
2019-08-30 23:35:50,031 [a9b4b662-87dc-4b3f-b4fd-4a422c327ff5-SegmentedRaftLogWorker:Storage Directory /workdir/hadoop-ozone/integration-test/target/test-dir/MiniOzoneClusterImpl-cd3b51ba-7d2f-4eb6-8b0c-706acb0cc0f6/datanode-6/data/ratis/0fdbbca7-12b1-415b-8907-b7dce81f5abe] INFO  segmented.SegmentedRaftLogWorker (SegmentedRaftLogWorker.java:execute(569)) - a9b4b662-87dc-4b3f-b4fd-4a422c327ff5-SegmentedRaftLogWorker:Storage Directory /workdir/hadoop-ozone/integration-test/target/test-dir/MiniOzoneClusterImpl-cd3b51ba-7d2f-4eb6-8b0c-706acb0cc0f6/datanode-6/data/ratis/0fdbbca7-12b1-415b-8907-b7dce81f5abe: created new log segment /workdir/hadoop-ozone/integration-test/target/test-dir/MiniOzoneClusterImpl-cd3b51ba-7d2f-4eb6-8b0c-706acb0cc0f6/datanode-6/data/ratis/0fdbbca7-12b1-415b-8907-b7dce81f5abe/current/log_inprogress_0
2019-08-30 23:35:50,055 [Thread-4066] INFO  impl.FollowerState (FollowerState.java:run(106)) - 02cc4af1-34eb-47d4-9c65-d28f0498788e:group-36ED93E169FC changes to CANDIDATE, lastRpcTime:5063, electionTimeout:5063ms
2019-08-30 23:35:50,055 [Thread-4066] INFO  impl.RoleInfo (RoleInfo.java:shutdownFollowerState(121)) - 02cc4af1-34eb-47d4-9c65-d28f0498788e: shutdown FollowerState
2019-08-30 23:35:50,055 [Thread-4066] INFO  impl.RaftServerImpl (RaftServerImpl.java:setRole(171)) - 02cc4af1-34eb-47d4-9c65-d28f0498788e:group-36ED93E169FC changes role from FOLLOWER to CANDIDATE at term 0 for changeToCandidate
2019-08-30 23:35:50,055 [Thread-4066] INFO  impl.RoleInfo (RoleInfo.java:updateAndGet(143)) - 02cc4af1-34eb-47d4-9c65-d28f0498788e: start LeaderElection
2019-08-30 23:35:50,098 [02cc4af1-34eb-47d4-9c65-d28f0498788e:group-36ED93E169FC:LeaderElection92] INFO  impl.LeaderElection (LeaderElection.java:askForVotes(181)) - 02cc4af1-34eb-47d4-9c65-d28f0498788e:group-36ED93E169FC:LeaderElection92: begin an election at term 1 for -1: [02cc4af1-34eb-47d4-9c65-d28f0498788e:192.168.69.97:39805, 55d75777-35f1-49de-95e2-8c28089e6f45:192.168.69.97:36493, a9b4b662-87dc-4b3f-b4fd-4a422c327ff5:192.168.69.97:39703], old=null
2019-08-30 23:35:50,104 [grpc-default-executor-7] INFO  impl.RaftServerImpl (RaftServerImpl.java:setRole(171)) - 55d75777-35f1-49de-95e2-8c28089e6f45:group-36ED93E169FC changes role from FOLLOWER to FOLLOWER at term 1 for recognizeCandidate:02cc4af1-34eb-47d4-9c65-d28f0498788e
2019-08-30 23:35:50,104 [grpc-default-executor-11] INFO  impl.RaftServerImpl (RaftServerImpl.java:setRole(171)) - a9b4b662-87dc-4b3f-b4fd-4a422c327ff5:group-36ED93E169FC changes role from FOLLOWER to FOLLOWER at term 1 for recognizeCandidate:02cc4af1-34eb-47d4-9c65-d28f0498788e
2019-08-30 23:35:50,105 [grpc-default-executor-7] INFO  impl.RoleInfo (RoleInfo.java:shutdownFollowerState(121)) - 55d75777-35f1-49de-95e2-8c28089e6f45: shutdown FollowerState
2019-08-30 23:35:50,105 [grpc-default-executor-11] INFO  impl.RoleInfo (RoleInfo.java:shutdownFollowerState(121)) - a9b4b662-87dc-4b3f-b4fd-4a422c327ff5: shutdown FollowerState
2019-08-30 23:35:50,105 [Thread-4071] INFO  impl.FollowerState (FollowerState.java:run(114)) - 55d75777-35f1-49de-95e2-8c28089e6f45: FollowerState was interrupted: java.lang.InterruptedException: sleep interrupted
2019-08-30 23:35:50,105 [Thread-4070] INFO  impl.FollowerState (FollowerState.java:run(114)) - a9b4b662-87dc-4b3f-b4fd-4a422c327ff5: FollowerState was interrupted: java.lang.InterruptedException: sleep interrupted
2019-08-30 23:35:50,105 [grpc-default-executor-7] INFO  impl.RoleInfo (RoleInfo.java:updateAndGet(143)) - 55d75777-35f1-49de-95e2-8c28089e6f45: start FollowerState
2019-08-30 23:35:50,105 [grpc-default-executor-11] INFO  impl.RoleInfo (RoleInfo.java:updateAndGet(143)) - a9b4b662-87dc-4b3f-b4fd-4a422c327ff5: start FollowerState
2019-08-30 23:35:50,132 [02cc4af1-34eb-47d4-9c65-d28f0498788e:group-36ED93E169FC:LeaderElection92] INFO  impl.LeaderElection (LeaderElection.java:logAndReturn(56)) - 02cc4af1-34eb-47d4-9c65-d28f0498788e:group-36ED93E169FC:LeaderElection92: Election PASSED; received 1 response(s) [02cc4af1-34eb-47d4-9c65-d28f0498788e<-55d75777-35f1-49de-95e2-8c28089e6f45#0:OK-t1] and 0 exception(s); 02cc4af1-34eb-47d4-9c65-d28f0498788e:t1, leader=null, voted=02cc4af1-34eb-47d4-9c65-d28f0498788e, raftlog=02cc4af1-34eb-47d4-9c65-d28f0498788e-SegmentedRaftLog:OPENED:c-1,f-1,i0, conf=-1: [02cc4af1-34eb-47d4-9c65-d28f0498788e:192.168.69.97:39805, 55d75777-35f1-49de-95e2-8c28089e6f45:192.168.69.97:36493, a9b4b662-87dc-4b3f-b4fd-4a422c327ff5:192.168.69.97:39703], old=null
2019-08-30 23:35:50,133 [02cc4af1-34eb-47d4-9c65-d28f0498788e:group-36ED93E169FC:LeaderElection92] INFO  impl.RoleInfo (RoleInfo.java:shutdownLeaderElection(134)) - 02cc4af1-34eb-47d4-9c65-d28f0498788e: shutdown LeaderElection
2019-08-30 23:35:50,133 [02cc4af1-34eb-47d4-9c65-d28f0498788e:group-36ED93E169FC:LeaderElection92] INFO  impl.RaftServerImpl (RaftServerImpl.java:setRole(171)) - 02cc4af1-34eb-47d4-9c65-d28f0498788e:group-36ED93E169FC changes role from CANDIDATE to LEADER at term 1 for changeToLeader
2019-08-30 23:35:50,133 [02cc4af1-34eb-47d4-9c65-d28f0498788e:group-36ED93E169FC:LeaderElection92] INFO  impl.RaftServerImpl (ServerState.java:setLeader(263)) - 02cc4af1-34eb-47d4-9c65-d28f0498788e:group-36ED93E169FC change Leader from null to 02cc4af1-34eb-47d4-9c65-d28f0498788e at term 1 for becomeLeader, leader elected after 5149ms
2019-08-30 23:35:50,133 [02cc4af1-34eb-47d4-9c65-d28f0498788e:group-36ED93E169FC:LeaderElection92] INFO  server.RaftServerConfigKeys (ConfUtils.java:logGet(43)) - raft.server.staging.catchup.gap = 1000 (default)
2019-08-30 23:35:50,133 [02cc4af1-34eb-47d4-9c65-d28f0498788e:group-36ED93E169FC:LeaderElection92] INFO  server.RaftServerConfigKeys (ConfUtils.java:logGet(43)) - raft.server.rpc.sleep.time = 25ms (default)
2019-08-30 23:35:50,133 [02cc4af1-34eb-47d4-9c65-d28f0498788e:group-36ED93E169FC:LeaderElection92] INFO  server.RaftServerConfigKeys (ConfUtils.java:logGet(43)) - raft.server.write.element-limit = 4096 (default)
2019-08-30 23:35:50,134 [02cc4af1-34eb-47d4-9c65-d28f0498788e:group-36ED93E169FC:LeaderElection92] INFO  server.RaftServerConfigKeys (ConfUtils.java:logGet(43)) - raft.server.watch.timeout = 10s (default)
2019-08-30 23:35:50,134 [02cc4af1-34eb-47d4-9c65-d28f0498788e:group-36ED93E169FC:LeaderElection92] INFO  server.RaftServerConfigKeys (ConfUtils.java:logGet(43)) - raft.server.watch.timeout.denomination = 1s (default)
2019-08-30 23:35:50,134 [02cc4af1-34eb-47d4-9c65-d28f0498788e:group-36ED93E169FC:LeaderElection92] INFO  server.RaftServerConfigKeys (ConfUtils.java:logGet(43)) - raft.server.watch.element-limit = 65536 (default)
2019-08-30 23:35:50,134 [02cc4af1-34eb-47d4-9c65-d28f0498788e:group-36ED93E169FC:LeaderElection92] INFO  server.RaftServerConfigKeys (ConfUtils.java:logGet(43)) - raft.server.log.appender.snapshot.chunk.size.max = 16MB (=16777216) (default)
2019-08-30 23:35:50,134 [02cc4af1-34eb-47d4-9c65-d28f0498788e:group-36ED93E169FC:LeaderElection92] INFO  server.RaftServerConfigKeys (ConfUtils.java:logGet(43)) - raft.server.log.appender.buffer.byte-limit = 33554432 (custom)
2019-08-30 23:35:50,135 [02cc4af1-34eb-47d4-9c65-d28f0498788e:group-36ED93E169FC:LeaderElection92] INFO  server.RaftServerConfigKeys (ConfUtils.java:logGet(43)) - raft.server.log.appender.buffer.element-limit = 1 (custom)
2019-08-30 23:35:50,135 [02cc4af1-34eb-47d4-9c65-d28f0498788e:group-36ED93E169FC:LeaderElection92] INFO  grpc.GrpcConfigKeys$Server (ConfUtils.java:logGet(43)) - raft.grpc.server.leader.outstanding.appends.max = 128 (default)
2019-08-30 23:35:50,135 [02cc4af1-34eb-47d4-9c65-d28f0498788e:group-36ED93E169FC:LeaderElection92] INFO  server.RaftServerConfigKeys (ConfUtils.java:logGet(43)) - raft.server.rpc.request.timeout = 3000ms (default)
2019-08-30 23:35:50,135 [02cc4af1-34eb-47d4-9c65-d28f0498788e:group-36ED93E169FC:LeaderElection92] INFO  server.RaftServerConfigKeys (ConfUtils.java:logGet(43)) - raft.server.log.appender.install.snapshot.enabled = false (custom)
2019-08-30 23:35:50,135 [02cc4af1-34eb-47d4-9c65-d28f0498788e:group-36ED93E169FC:LeaderElection92] INFO  server.RaftServerConfigKeys (ConfUtils.java:logGet(43)) - raft.server.log.appender.snapshot.chunk.size.max = 16MB (=16777216) (default)
2019-08-30 23:35:50,135 [02cc4af1-34eb-47d4-9c65-d28f0498788e:group-36ED93E169FC:LeaderElection92] INFO  server.RaftServerConfigKeys (ConfUtils.java:logGet(43)) - raft.server.log.appender.buffer.byte-limit = 33554432 (custom)
2019-08-30 23:35:50,136 [02cc4af1-34eb-47d4-9c65-d28f0498788e:group-36ED93E169FC:LeaderElection92] INFO  server.RaftServerConfigKeys (ConfUtils.java:logGet(43)) - raft.server.log.appender.buffer.element-limit = 1 (custom)
2019-08-30 23:35:50,136 [02cc4af1-34eb-47d4-9c65-d28f0498788e:group-36ED93E169FC:LeaderElection92] INFO  grpc.GrpcConfigKeys$Server (ConfUtils.java:logGet(43)) - raft.grpc.server.leader.outstanding.appends.max = 128 (default)
2019-08-30 23:35:50,136 [02cc4af1-34eb-47d4-9c65-d28f0498788e:group-36ED93E169FC:LeaderElection92] INFO  server.RaftServerConfigKeys (ConfUtils.java:logGet(43)) - raft.server.rpc.request.timeout = 3000ms (default)
2019-08-30 23:35:50,136 [02cc4af1-34eb-47d4-9c65-d28f0498788e:group-36ED93E169FC:LeaderElection92] INFO  server.RaftServerConfigKeys (ConfUtils.java:logGet(43)) - raft.server.log.appender.install.snapshot.enabled = false (custom)
2019-08-30 23:35:50,136 [02cc4af1-34eb-47d4-9c65-d28f0498788e:group-36ED93E169FC:LeaderElection92] INFO  impl.RoleInfo (RoleInfo.java:updateAndGet(143)) - 02cc4af1-34eb-47d4-9c65-d28f0498788e: start LeaderState
2019-08-30 23:35:50,137 [02cc4af1-34eb-47d4-9c65-d28f0498788e:group-36ED93E169FC:LeaderElection92] INFO  segmented.SegmentedRaftLogWorker (SegmentedRaftLogWorker.java:startLogSegment(380)) - 02cc4af1-34eb-47d4-9c65-d28f0498788e-SegmentedRaftLogWorker:Storage Directory /workdir/hadoop-ozone/integration-test/target/test-dir/MiniOzoneClusterImpl-cd3b51ba-7d2f-4eb6-8b0c-706acb0cc0f6/datanode-3/data/ratis/cd1623e2-c6f2-4c34-806c-36ed93e169fc: Starting segment from index:0
2019-08-30 23:35:50,137 [02cc4af1-34eb-47d4-9c65-d28f0498788e:group-36ED93E169FC:LeaderElection92] INFO  impl.RaftServerImpl (ServerState.java:setRaftConf(361)) - 02cc4af1-34eb-47d4-9c65-d28f0498788e:group-36ED93E169FC set configuration 0: [02cc4af1-34eb-47d4-9c65-d28f0498788e:192.168.69.97:39805, 55d75777-35f1-49de-95e2-8c28089e6f45:192.168.69.97:36493, a9b4b662-87dc-4b3f-b4fd-4a422c327ff5:192.168.69.97:39703], old=null at 0
2019-08-30 23:35:50,177 [grpc-default-executor-11] INFO  impl.RaftServerImpl (ServerState.java:setLeader(263)) - 55d75777-35f1-49de-95e2-8c28089e6f45:group-36ED93E169FC change Leader from null to 02cc4af1-34eb-47d4-9c65-d28f0498788e at term 1 for appendEntries, leader elected after 5192ms
2019-08-30 23:35:50,180 [grpc-default-executor-7] INFO  impl.RaftServerImpl (ServerState.java:setLeader(263)) - a9b4b662-87dc-4b3f-b4fd-4a422c327ff5:group-36ED93E169FC change Leader from null to 02cc4af1-34eb-47d4-9c65-d28f0498788e at term 1 for appendEntries, leader elected after 5196ms
2019-08-30 23:35:50,182 [grpc-default-executor-11] INFO  impl.RaftServerImpl (ServerState.java:setRaftConf(361)) - 55d75777-35f1-49de-95e2-8c28089e6f45:group-36ED93E169FC set configuration 0: [02cc4af1-34eb-47d4-9c65-d28f0498788e:192.168.69.97:39805, 55d75777-35f1-49de-95e2-8c28089e6f45:192.168.69.97:36493, a9b4b662-87dc-4b3f-b4fd-4a422c327ff5:192.168.69.97:39703], old=null at 0
2019-08-30 23:35:50,182 [grpc-default-executor-7] INFO  impl.RaftServerImpl (ServerState.java:setRaftConf(361)) - a9b4b662-87dc-4b3f-b4fd-4a422c327ff5:group-36ED93E169FC set configuration 0: [02cc4af1-34eb-47d4-9c65-d28f0498788e:192.168.69.97:39805, 55d75777-35f1-49de-95e2-8c28089e6f45:192.168.69.97:36493, a9b4b662-87dc-4b3f-b4fd-4a422c327ff5:192.168.69.97:39703], old=null at 0
2019-08-30 23:35:50,182 [grpc-default-executor-11] INFO  segmented.SegmentedRaftLogWorker (SegmentedRaftLogWorker.java:startLogSegment(380)) - 55d75777-35f1-49de-95e2-8c28089e6f45-SegmentedRaftLogWorker:Storage Directory /workdir/hadoop-ozone/integration-test/target/test-dir/MiniOzoneClusterImpl-cd3b51ba-7d2f-4eb6-8b0c-706acb0cc0f6/datanode-1/data/ratis/cd1623e2-c6f2-4c34-806c-36ed93e169fc: Starting segment from index:0
2019-08-30 23:35:50,182 [grpc-default-executor-7] INFO  segmented.SegmentedRaftLogWorker (SegmentedRaftLogWorker.java:startLogSegment(380)) - a9b4b662-87dc-4b3f-b4fd-4a422c327ff5-SegmentedRaftLogWorker:Storage Directory /workdir/hadoop-ozone/integration-test/target/test-dir/MiniOzoneClusterImpl-cd3b51ba-7d2f-4eb6-8b0c-706acb0cc0f6/datanode-6/data/ratis/cd1623e2-c6f2-4c34-806c-36ed93e169fc: Starting segment from index:0
2019-08-30 23:35:50,199 [02cc4af1-34eb-47d4-9c65-d28f0498788e-SegmentedRaftLogWorker:Storage Directory /workdir/hadoop-ozone/integration-test/target/test-dir/MiniOzoneClusterImpl-cd3b51ba-7d2f-4eb6-8b0c-706acb0cc0f6/datanode-3/data/ratis/cd1623e2-c6f2-4c34-806c-36ed93e169fc] INFO  segmented.SegmentedRaftLogWorker (SegmentedRaftLogWorker.java:execute(569)) - 02cc4af1-34eb-47d4-9c65-d28f0498788e-SegmentedRaftLogWorker:Storage Directory /workdir/hadoop-ozone/integration-test/target/test-dir/MiniOzoneClusterImpl-cd3b51ba-7d2f-4eb6-8b0c-706acb0cc0f6/datanode-3/data/ratis/cd1623e2-c6f2-4c34-806c-36ed93e169fc: created new log segment /workdir/hadoop-ozone/integration-test/target/test-dir/MiniOzoneClusterImpl-cd3b51ba-7d2f-4eb6-8b0c-706acb0cc0f6/datanode-3/data/ratis/cd1623e2-c6f2-4c34-806c-36ed93e169fc/current/log_inprogress_0
2019-08-30 23:35:50,258 [55d75777-35f1-49de-95e2-8c28089e6f45-SegmentedRaftLogWorker:Storage Directory /workdir/hadoop-ozone/integration-test/target/test-dir/MiniOzoneClusterImpl-cd3b51ba-7d2f-4eb6-8b0c-706acb0cc0f6/datanode-1/data/ratis/cd1623e2-c6f2-4c34-806c-36ed93e169fc] INFO  segmented.SegmentedRaftLogWorker (SegmentedRaftLogWorker.java:execute(569)) - 55d75777-35f1-49de-95e2-8c28089e6f45-SegmentedRaftLogWorker:Storage Directory /workdir/hadoop-ozone/integration-test/target/test-dir/MiniOzoneClusterImpl-cd3b51ba-7d2f-4eb6-8b0c-706acb0cc0f6/datanode-1/data/ratis/cd1623e2-c6f2-4c34-806c-36ed93e169fc: created new log segment /workdir/hadoop-ozone/integration-test/target/test-dir/MiniOzoneClusterImpl-cd3b51ba-7d2f-4eb6-8b0c-706acb0cc0f6/datanode-1/data/ratis/cd1623e2-c6f2-4c34-806c-36ed93e169fc/current/log_inprogress_0
2019-08-30 23:35:50,258 [a9b4b662-87dc-4b3f-b4fd-4a422c327ff5-SegmentedRaftLogWorker:Storage Directory /workdir/hadoop-ozone/integration-test/target/test-dir/MiniOzoneClusterImpl-cd3b51ba-7d2f-4eb6-8b0c-706acb0cc0f6/datanode-6/data/ratis/cd1623e2-c6f2-4c34-806c-36ed93e169fc] INFO  segmented.SegmentedRaftLogWorker (SegmentedRaftLogWorker.java:execute(569)) - a9b4b662-87dc-4b3f-b4fd-4a422c327ff5-SegmentedRaftLogWorker:Storage Directory /workdir/hadoop-ozone/integration-test/target/test-dir/MiniOzoneClusterImpl-cd3b51ba-7d2f-4eb6-8b0c-706acb0cc0f6/datanode-6/data/ratis/cd1623e2-c6f2-4c34-806c-36ed93e169fc: created new log segment /workdir/hadoop-ozone/integration-test/target/test-dir/MiniOzoneClusterImpl-cd3b51ba-7d2f-4eb6-8b0c-706acb0cc0f6/datanode-6/data/ratis/cd1623e2-c6f2-4c34-806c-36ed93e169fc/current/log_inprogress_0
2019-08-30 23:35:50,927 [grpc-default-executor-7] INFO  client.GrpcClientProtocolClient (GrpcClientProtocolClient.java:onNext(255)) - client-D84392396D2C->d95ceee6-2e09-4cc8-a399-92fb5d246ede: receive RaftClientReply:client-D84392396D2C->d95ceee6-2e09-4cc8-a399-92fb5d246ede@group-F6CCC1769731, cid=215, FAILED org.apache.ratis.protocol.NotLeaderException: Server d95ceee6-2e09-4cc8-a399-92fb5d246ede is not the leader (null). Request must be sent to leader., logIndex=0, commits[d95ceee6-2e09-4cc8-a399-92fb5d246ede:c-1]
2019-08-30 23:35:51,936 [grpc-default-executor-7] INFO  client.GrpcClientProtocolClient (GrpcClientProtocolClient.java:onNext(255)) - client-D84392396D2C->89444f21-ffd5-4031-8cd3-eb65eafa98e5: receive RaftClientReply:client-D84392396D2C->89444f21-ffd5-4031-8cd3-eb65eafa98e5@group-F6CCC1769731, cid=215, FAILED org.apache.ratis.protocol.NotLeaderException: Server 89444f21-ffd5-4031-8cd3-eb65eafa98e5 is not the leader (null). Request must be sent to leader., logIndex=0, commits[89444f21-ffd5-4031-8cd3-eb65eafa98e5:c-1]
2019-08-30 23:35:52,946 [grpc-default-executor-11] INFO  client.GrpcClientProtocolClient (GrpcClientProtocolClient.java:onNext(255)) - client-D84392396D2C->d95ceee6-2e09-4cc8-a399-92fb5d246ede: receive RaftClientReply:client-D84392396D2C->d95ceee6-2e09-4cc8-a399-92fb5d246ede@group-F6CCC1769731, cid=215, FAILED org.apache.ratis.protocol.NotLeaderException: Server d95ceee6-2e09-4cc8-a399-92fb5d246ede is not the leader (null). Request must be sent to leader., logIndex=0, commits[d95ceee6-2e09-4cc8-a399-92fb5d246ede:c-1]
2019-08-30 23:35:53,959 [grpc-default-executor-11] INFO  client.GrpcClientProtocolClient (GrpcClientProtocolClient.java:onNext(255)) - client-D84392396D2C->89444f21-ffd5-4031-8cd3-eb65eafa98e5: receive RaftClientReply:client-D84392396D2C->89444f21-ffd5-4031-8cd3-eb65eafa98e5@group-F6CCC1769731, cid=215, FAILED org.apache.ratis.protocol.NotLeaderException: Server 89444f21-ffd5-4031-8cd3-eb65eafa98e5 is not the leader (null). Request must be sent to leader., logIndex=0, commits[89444f21-ffd5-4031-8cd3-eb65eafa98e5:c-1]
2019-08-30 23:35:54,969 [grpc-default-executor-11] INFO  client.GrpcClientProtocolClient (GrpcClientProtocolClient.java:onNext(255)) - client-D84392396D2C->d95ceee6-2e09-4cc8-a399-92fb5d246ede: receive RaftClientReply:client-D84392396D2C->d95ceee6-2e09-4cc8-a399-92fb5d246ede@group-F6CCC1769731, cid=215, FAILED org.apache.ratis.protocol.NotLeaderException: Server d95ceee6-2e09-4cc8-a399-92fb5d246ede is not the leader (null). Request must be sent to leader., logIndex=0, commits[d95ceee6-2e09-4cc8-a399-92fb5d246ede:c-1]
2019-08-30 23:35:55,005 [Thread-4117] INFO  impl.FollowerState (FollowerState.java:run(106)) - e0931955-60a1-44c7-91ab-d64f736178cd:group-F6CCC1769731 changes to CANDIDATE, lastRpcTime:5009, electionTimeout:5009ms
2019-08-30 23:35:55,005 [Thread-4117] INFO  impl.RoleInfo (RoleInfo.java:shutdownFollowerState(121)) - e0931955-60a1-44c7-91ab-d64f736178cd: shutdown FollowerState
2019-08-30 23:35:55,005 [Thread-4117] INFO  impl.RaftServerImpl (RaftServerImpl.java:setRole(171)) - e0931955-60a1-44c7-91ab-d64f736178cd:group-F6CCC1769731 changes role from FOLLOWER to CANDIDATE at term 1 for changeToCandidate
2019-08-30 23:35:55,006 [Thread-4117] INFO  impl.RoleInfo (RoleInfo.java:updateAndGet(143)) - e0931955-60a1-44c7-91ab-d64f736178cd: start LeaderElection
2019-08-30 23:35:55,034 [e0931955-60a1-44c7-91ab-d64f736178cd:group-F6CCC1769731:LeaderElection93] INFO  impl.LeaderElection (LeaderElection.java:askForVotes(181)) - e0931955-60a1-44c7-91ab-d64f736178cd:group-F6CCC1769731:LeaderElection93: begin an election at term 2 for -1: [e0931955-60a1-44c7-91ab-d64f736178cd:192.168.69.97:35323, d95ceee6-2e09-4cc8-a399-92fb5d246ede:192.168.69.97:35799, 89444f21-ffd5-4031-8cd3-eb65eafa98e5:192.168.69.97:43550], old=null
2019-08-30 23:35:55,036 [grpc-default-executor-7] INFO  impl.RaftServerImpl (RaftServerImpl.java:setRole(171)) - d95ceee6-2e09-4cc8-a399-92fb5d246ede:group-F6CCC1769731 changes role from FOLLOWER to FOLLOWER at term 2 for recognizeCandidate:e0931955-60a1-44c7-91ab-d64f736178cd
2019-08-30 23:35:55,036 [grpc-default-executor-11] INFO  impl.RaftServerImpl (RaftServerImpl.java:setRole(171)) - 89444f21-ffd5-4031-8cd3-eb65eafa98e5:group-F6CCC1769731 changes role from FOLLOWER to FOLLOWER at term 2 for recognizeCandidate:e0931955-60a1-44c7-91ab-d64f736178cd
2019-08-30 23:35:55,037 [grpc-default-executor-7] INFO  impl.RoleInfo (RoleInfo.java:shutdownFollowerState(121)) - d95ceee6-2e09-4cc8-a399-92fb5d246ede: shutdown FollowerState
2019-08-30 23:35:55,037 [grpc-default-executor-11] INFO  impl.RoleInfo (RoleInfo.java:shutdownFollowerState(121)) - 89444f21-ffd5-4031-8cd3-eb65eafa98e5: shutdown FollowerState
2019-08-30 23:35:55,037 [grpc-default-executor-7] INFO  impl.RoleInfo (RoleInfo.java:updateAndGet(143)) - d95ceee6-2e09-4cc8-a399-92fb5d246ede: start FollowerState
2019-08-30 23:35:55,037 [grpc-default-executor-11] INFO  impl.RoleInfo (RoleInfo.java:updateAndGet(143)) - 89444f21-ffd5-4031-8cd3-eb65eafa98e5: start FollowerState
2019-08-30 23:35:55,037 [Thread-4118] INFO  impl.FollowerState (FollowerState.java:run(114)) - d95ceee6-2e09-4cc8-a399-92fb5d246ede: FollowerState was interrupted: java.lang.InterruptedException: sleep interrupted
2019-08-30 23:35:55,037 [Thread-4116] INFO  impl.FollowerState (FollowerState.java:run(114)) - 89444f21-ffd5-4031-8cd3-eb65eafa98e5: FollowerState was interrupted: java.lang.InterruptedException: sleep interrupted
2019-08-30 23:35:55,060 [e0931955-60a1-44c7-91ab-d64f736178cd:group-F6CCC1769731:LeaderElection93] INFO  impl.LeaderElection (LeaderElection.java:logAndReturn(56)) - e0931955-60a1-44c7-91ab-d64f736178cd:group-F6CCC1769731:LeaderElection93: Election PASSED; received 1 response(s) [e0931955-60a1-44c7-91ab-d64f736178cd<-89444f21-ffd5-4031-8cd3-eb65eafa98e5#0:OK-t2] and 0 exception(s); e0931955-60a1-44c7-91ab-d64f736178cd:t2, leader=null, voted=e0931955-60a1-44c7-91ab-d64f736178cd, raftlog=e0931955-60a1-44c7-91ab-d64f736178cd-SegmentedRaftLog:OPENED:c-1,f-1,i0, conf=-1: [e0931955-60a1-44c7-91ab-d64f736178cd:192.168.69.97:35323, d95ceee6-2e09-4cc8-a399-92fb5d246ede:192.168.69.97:35799, 89444f21-ffd5-4031-8cd3-eb65eafa98e5:192.168.69.97:43550], old=null
2019-08-30 23:35:55,060 [e0931955-60a1-44c7-91ab-d64f736178cd:group-F6CCC1769731:LeaderElection93] INFO  impl.RoleInfo (RoleInfo.java:shutdownLeaderElection(134)) - e0931955-60a1-44c7-91ab-d64f736178cd: shutdown LeaderElection
2019-08-30 23:35:55,060 [e0931955-60a1-44c7-91ab-d64f736178cd:group-F6CCC1769731:LeaderElection93] INFO  impl.RaftServerImpl (RaftServerImpl.java:setRole(171)) - e0931955-60a1-44c7-91ab-d64f736178cd:group-F6CCC1769731 changes role from CANDIDATE to LEADER at term 2 for changeToLeader
2019-08-30 23:35:55,060 [e0931955-60a1-44c7-91ab-d64f736178cd:group-F6CCC1769731:LeaderElection93] INFO  impl.RaftServerImpl (ServerState.java:setLeader(263)) - e0931955-60a1-44c7-91ab-d64f736178cd:group-F6CCC1769731 change Leader from null to e0931955-60a1-44c7-91ab-d64f736178cd at term 2 for becomeLeader, leader elected after 10161ms
2019-08-30 23:35:55,061 [e0931955-60a1-44c7-91ab-d64f736178cd:group-F6CCC1769731:LeaderElection93] INFO  server.RaftServerConfigKeys (ConfUtils.java:logGet(43)) - raft.server.staging.catchup.gap = 1000 (default)
2019-08-30 23:35:55,061 [e0931955-60a1-44c7-91ab-d64f736178cd:group-F6CCC1769731:LeaderElection93] INFO  server.RaftServerConfigKeys (ConfUtils.java:logGet(43)) - raft.server.rpc.sleep.time = 25ms (default)
2019-08-30 23:35:55,061 [e0931955-60a1-44c7-91ab-d64f736178cd:group-F6CCC1769731:LeaderElection93] INFO  server.RaftServerConfigKeys (ConfUtils.java:logGet(43)) - raft.server.write.element-limit = 4096 (default)
2019-08-30 23:35:55,061 [e0931955-60a1-44c7-91ab-d64f736178cd:group-F6CCC1769731:LeaderElection93] INFO  server.RaftServerConfigKeys (ConfUtils.java:logGet(43)) - raft.server.watch.timeout = 10s (default)
2019-08-30 23:35:55,061 [e0931955-60a1-44c7-91ab-d64f736178cd:group-F6CCC1769731:LeaderElection93] INFO  server.RaftServerConfigKeys (ConfUtils.java:logGet(43)) - raft.server.watch.timeout.denomination = 1s (default)
2019-08-30 23:35:55,062 [e0931955-60a1-44c7-91ab-d64f736178cd:group-F6CCC1769731:LeaderElection93] INFO  server.RaftServerConfigKeys (ConfUtils.java:logGet(43)) - raft.server.watch.element-limit = 65536 (default)
2019-08-30 23:35:55,062 [e0931955-60a1-44c7-91ab-d64f736178cd:group-F6CCC1769731:LeaderElection93] INFO  server.RaftServerConfigKeys (ConfUtils.java:logGet(43)) - raft.server.log.appender.snapshot.chunk.size.max = 16MB (=16777216) (default)
2019-08-30 23:35:55,062 [e0931955-60a1-44c7-91ab-d64f736178cd:group-F6CCC1769731:LeaderElection93] INFO  server.RaftServerConfigKeys (ConfUtils.java:logGet(43)) - raft.server.log.appender.buffer.byte-limit = 33554432 (custom)
2019-08-30 23:35:55,063 [e0931955-60a1-44c7-91ab-d64f736178cd:group-F6CCC1769731:LeaderElection93] INFO  server.RaftServerConfigKeys (ConfUtils.java:logGet(43)) - raft.server.log.appender.buffer.element-limit = 1 (custom)
2019-08-30 23:35:55,063 [e0931955-60a1-44c7-91ab-d64f736178cd:group-F6CCC1769731:LeaderElection93] INFO  grpc.GrpcConfigKeys$Server (ConfUtils.java:logGet(43)) - raft.grpc.server.leader.outstanding.appends.max = 128 (default)
2019-08-30 23:35:55,063 [e0931955-60a1-44c7-91ab-d64f736178cd:group-F6CCC1769731:LeaderElection93] INFO  server.RaftServerConfigKeys (ConfUtils.java:logGet(43)) - raft.server.rpc.request.timeout = 3000ms (default)
2019-08-30 23:35:55,063 [e0931955-60a1-44c7-91ab-d64f736178cd:group-F6CCC1769731:LeaderElection93] INFO  server.RaftServerConfigKeys (ConfUtils.java:logGet(43)) - raft.server.log.appender.install.snapshot.enabled = false (custom)
2019-08-30 23:35:55,063 [e0931955-60a1-44c7-91ab-d64f736178cd:group-F6CCC1769731:LeaderElection93] INFO  server.RaftServerConfigKeys (ConfUtils.java:logGet(43)) - raft.server.log.appender.snapshot.chunk.size.max = 16MB (=16777216) (default)
2019-08-30 23:35:55,064 [e0931955-60a1-44c7-91ab-d64f736178cd:group-F6CCC1769731:LeaderElection93] INFO  server.RaftServerConfigKeys (ConfUtils.java:logGet(43)) - raft.server.log.appender.buffer.byte-limit = 33554432 (custom)
2019-08-30 23:35:55,064 [e0931955-60a1-44c7-91ab-d64f736178cd:group-F6CCC1769731:LeaderElection93] INFO  server.RaftServerConfigKeys (ConfUtils.java:logGet(43)) - raft.server.log.appender.buffer.element-limit = 1 (custom)
2019-08-30 23:35:55,064 [e0931955-60a1-44c7-91ab-d64f736178cd:group-F6CCC1769731:LeaderElection93] INFO  grpc.GrpcConfigKeys$Server (ConfUtils.java:logGet(43)) - raft.grpc.server.leader.outstanding.appends.max = 128 (default)
2019-08-30 23:35:55,064 [e0931955-60a1-44c7-91ab-d64f736178cd:group-F6CCC1769731:LeaderElection93] INFO  server.RaftServerConfigKeys (ConfUtils.java:logGet(43)) - raft.server.rpc.request.timeout = 3000ms (default)
2019-08-30 23:35:55,064 [e0931955-60a1-44c7-91ab-d64f736178cd:group-F6CCC1769731:LeaderElection93] INFO  server.RaftServerConfigKeys (ConfUtils.java:logGet(43)) - raft.server.log.appender.install.snapshot.enabled = false (custom)
2019-08-30 23:35:55,065 [e0931955-60a1-44c7-91ab-d64f736178cd:group-F6CCC1769731:LeaderElection93] INFO  impl.RoleInfo (RoleInfo.java:updateAndGet(143)) - e0931955-60a1-44c7-91ab-d64f736178cd: start LeaderState
2019-08-30 23:35:55,065 [e0931955-60a1-44c7-91ab-d64f736178cd:group-F6CCC1769731:LeaderElection93] INFO  segmented.SegmentedRaftLogWorker (SegmentedRaftLogWorker.java:startLogSegment(380)) - e0931955-60a1-44c7-91ab-d64f736178cd-SegmentedRaftLogWorker:Storage Directory /workdir/hadoop-ozone/integration-test/target/test-dir/MiniOzoneClusterImpl-cd3b51ba-7d2f-4eb6-8b0c-706acb0cc0f6/datanode-2/data/ratis/a441d245-1fb3-489b-836d-f6ccc1769731: Starting segment from index:0
2019-08-30 23:35:55,066 [e0931955-60a1-44c7-91ab-d64f736178cd:group-F6CCC1769731:LeaderElection93] INFO  impl.RaftServerImpl (ServerState.java:setRaftConf(361)) - e0931955-60a1-44c7-91ab-d64f736178cd:group-F6CCC1769731 set configuration 0: [e0931955-60a1-44c7-91ab-d64f736178cd:192.168.69.97:35323, d95ceee6-2e09-4cc8-a399-92fb5d246ede:192.168.69.97:35799, 89444f21-ffd5-4031-8cd3-eb65eafa98e5:192.168.69.97:43550], old=null at 0
2019-08-30 23:35:55,068 [grpc-default-executor-11] INFO  impl.RaftServerImpl (ServerState.java:setLeader(263)) - d95ceee6-2e09-4cc8-a399-92fb5d246ede:group-F6CCC1769731 change Leader from null to e0931955-60a1-44c7-91ab-d64f736178cd at term 2 for appendEntries, leader elected after 10168ms
2019-08-30 23:35:55,068 [grpc-default-executor-7] INFO  impl.RaftServerImpl (ServerState.java:setLeader(263)) - 89444f21-ffd5-4031-8cd3-eb65eafa98e5:group-F6CCC1769731 change Leader from null to e0931955-60a1-44c7-91ab-d64f736178cd at term 2 for appendEntries, leader elected after 10169ms
2019-08-30 23:35:55,070 [grpc-default-executor-7] INFO  impl.RaftServerImpl (ServerState.java:setRaftConf(361)) - d95ceee6-2e09-4cc8-a399-92fb5d246ede:group-F6CCC1769731 set configuration 0: [e0931955-60a1-44c7-91ab-d64f736178cd:192.168.69.97:35323, d95ceee6-2e09-4cc8-a399-92fb5d246ede:192.168.69.97:35799, 89444f21-ffd5-4031-8cd3-eb65eafa98e5:192.168.69.97:43550], old=null at 0
2019-08-30 23:35:55,071 [grpc-default-executor-11] INFO  impl.RaftServerImpl (ServerState.java:setRaftConf(361)) - 89444f21-ffd5-4031-8cd3-eb65eafa98e5:group-F6CCC1769731 set configuration 0: [e0931955-60a1-44c7-91ab-d64f736178cd:192.168.69.97:35323, d95ceee6-2e09-4cc8-a399-92fb5d246ede:192.168.69.97:35799, 89444f21-ffd5-4031-8cd3-eb65eafa98e5:192.168.69.97:43550], old=null at 0
2019-08-30 23:35:55,071 [grpc-default-executor-7] INFO  segmented.SegmentedRaftLogWorker (SegmentedRaftLogWorker.java:startLogSegment(380)) - d95ceee6-2e09-4cc8-a399-92fb5d246ede-SegmentedRaftLogWorker:Storage Directory /workdir/hadoop-ozone/integration-test/target/test-dir/MiniOzoneClusterImpl-cd3b51ba-7d2f-4eb6-8b0c-706acb0cc0f6/datanode-5/data/ratis/a441d245-1fb3-489b-836d-f6ccc1769731: Starting segment from index:0
2019-08-30 23:35:55,071 [grpc-default-executor-11] INFO  segmented.SegmentedRaftLogWorker (SegmentedRaftLogWorker.java:startLogSegment(380)) - 89444f21-ffd5-4031-8cd3-eb65eafa98e5-SegmentedRaftLogWorker:Storage Directory /workdir/hadoop-ozone/integration-test/target/test-dir/MiniOzoneClusterImpl-cd3b51ba-7d2f-4eb6-8b0c-706acb0cc0f6/datanode-0/data/ratis/a441d245-1fb3-489b-836d-f6ccc1769731: Starting segment from index:0
2019-08-30 23:35:55,117 [e0931955-60a1-44c7-91ab-d64f736178cd-SegmentedRaftLogWorker:Storage Directory /workdir/hadoop-ozone/integration-test/target/test-dir/MiniOzoneClusterImpl-cd3b51ba-7d2f-4eb6-8b0c-706acb0cc0f6/datanode-2/data/ratis/a441d245-1fb3-489b-836d-f6ccc1769731] INFO  segmented.SegmentedRaftLogWorker (SegmentedRaftLogWorker.java:execute(569)) - e0931955-60a1-44c7-91ab-d64f736178cd-SegmentedRaftLogWorker:Storage Directory /workdir/hadoop-ozone/integration-test/target/test-dir/MiniOzoneClusterImpl-cd3b51ba-7d2f-4eb6-8b0c-706acb0cc0f6/datanode-2/data/ratis/a441d245-1fb3-489b-836d-f6ccc1769731: created new log segment /workdir/hadoop-ozone/integration-test/target/test-dir/MiniOzoneClusterImpl-cd3b51ba-7d2f-4eb6-8b0c-706acb0cc0f6/datanode-2/data/ratis/a441d245-1fb3-489b-836d-f6ccc1769731/current/log_inprogress_0
2019-08-30 23:35:55,133 [d95ceee6-2e09-4cc8-a399-92fb5d246ede-SegmentedRaftLogWorker:Storage Directory /workdir/hadoop-ozone/integration-test/target/test-dir/MiniOzoneClusterImpl-cd3b51ba-7d2f-4eb6-8b0c-706acb0cc0f6/datanode-5/data/ratis/a441d245-1fb3-489b-836d-f6ccc1769731] INFO  segmented.SegmentedRaftLogWorker (SegmentedRaftLogWorker.java:execute(569)) - d95ceee6-2e09-4cc8-a399-92fb5d246ede-SegmentedRaftLogWorker:Storage Directory /workdir/hadoop-ozone/integration-test/target/test-dir/MiniOzoneClusterImpl-cd3b51ba-7d2f-4eb6-8b0c-706acb0cc0f6/datanode-5/data/ratis/a441d245-1fb3-489b-836d-f6ccc1769731: created new log segment /workdir/hadoop-ozone/integration-test/target/test-dir/MiniOzoneClusterImpl-cd3b51ba-7d2f-4eb6-8b0c-706acb0cc0f6/datanode-5/data/ratis/a441d245-1fb3-489b-836d-f6ccc1769731/current/log_inprogress_0
2019-08-30 23:35:55,133 [89444f21-ffd5-4031-8cd3-eb65eafa98e5-SegmentedRaftLogWorker:Storage Directory /workdir/hadoop-ozone/integration-test/target/test-dir/MiniOzoneClusterImpl-cd3b51ba-7d2f-4eb6-8b0c-706acb0cc0f6/datanode-0/data/ratis/a441d245-1fb3-489b-836d-f6ccc1769731] INFO  segmented.SegmentedRaftLogWorker (SegmentedRaftLogWorker.java:execute(569)) - 89444f21-ffd5-4031-8cd3-eb65eafa98e5-SegmentedRaftLogWorker:Storage Directory /workdir/hadoop-ozone/integration-test/target/test-dir/MiniOzoneClusterImpl-cd3b51ba-7d2f-4eb6-8b0c-706acb0cc0f6/datanode-0/data/ratis/a441d245-1fb3-489b-836d-f6ccc1769731: created new log segment /workdir/hadoop-ozone/integration-test/target/test-dir/MiniOzoneClusterImpl-cd3b51ba-7d2f-4eb6-8b0c-706acb0cc0f6/datanode-0/data/ratis/a441d245-1fb3-489b-836d-f6ccc1769731/current/log_inprogress_0
2019-08-30 23:35:56,230 [grpc-default-executor-7] INFO  client.GrpcClientProtocolClient (GrpcClientProtocolClient.java:onNext(255)) - client-D84392396D2C->e0931955-60a1-44c7-91ab-d64f736178cd: receive RaftClientReply:client-D84392396D2C->e0931955-60a1-44c7-91ab-d64f736178cd@group-F6CCC1769731, cid=215, SUCCESS, logIndex=1, commits[e0931955-60a1-44c7-91ab-d64f736178cd:c1, d95ceee6-2e09-4cc8-a399-92fb5d246ede:c0, 89444f21-ffd5-4031-8cd3-eb65eafa98e5:c0]
2019-08-30 23:35:56,252 [grpc-default-executor-12] INFO  client.GrpcClientProtocolClient (GrpcClientProtocolClient.java:onNext(255)) - client-D84392396D2C->e0931955-60a1-44c7-91ab-d64f736178cd: receive RaftClientReply:client-D84392396D2C->e0931955-60a1-44c7-91ab-d64f736178cd@group-F6CCC1769731, cid=216, SUCCESS, logIndex=3, commits[e0931955-60a1-44c7-91ab-d64f736178cd:c3, d95ceee6-2e09-4cc8-a399-92fb5d246ede:c2, 89444f21-ffd5-4031-8cd3-eb65eafa98e5:c2]
2019-08-30 23:35:56,373 [grpc-default-executor-12] INFO  client.GrpcClientProtocolClient (GrpcClientProtocolClient.java:onNext(255)) - client-D84392396D2C->e0931955-60a1-44c7-91ab-d64f736178cd: receive RaftClientReply:client-D84392396D2C->e0931955-60a1-44c7-91ab-d64f736178cd@group-F6CCC1769731, cid=217, SUCCESS, logIndex=4, commits[e0931955-60a1-44c7-91ab-d64f736178cd:c6, d95ceee6-2e09-4cc8-a399-92fb5d246ede:c3, 89444f21-ffd5-4031-8cd3-eb65eafa98e5:c3]
2019-08-30 23:35:57,377 [main] WARN  scm.XceiverClientRatis (XceiverClientRatis.java:watchForCommit(262)) - 3 way commit failed on pipeline Pipeline[ Id: a441d245-1fb3-489b-836d-f6ccc1769731, Nodes: d95ceee6-2e09-4cc8-a399-92fb5d246ede{ip: 192.168.69.97, host: pr-hdds-2065-gthbc-3516972114, networkLocation: /default-rack, certSerialId: null}89444f21-ffd5-4031-8cd3-eb65eafa98e5{ip: 192.168.69.97, host: pr-hdds-2065-gthbc-3516972114, networkLocation: /default-rack, certSerialId: null}e0931955-60a1-44c7-91ab-d64f736178cd{ip: 192.168.69.97, host: pr-hdds-2065-gthbc-3516972114, networkLocation: /default-rack, certSerialId: null}, Type:RATIS, Factor:THREE, State:OPEN]
java.util.concurrent.TimeoutException
	at java.util.concurrent.CompletableFuture.timedGet(CompletableFuture.java:1771)
	at java.util.concurrent.CompletableFuture.get(CompletableFuture.java:1915)
	at org.apache.hadoop.hdds.scm.XceiverClientRatis.watchForCommit(XceiverClientRatis.java:259)
	at org.apache.hadoop.hdds.scm.storage.CommitWatcher.watchForCommit(CommitWatcher.java:194)
	at org.apache.hadoop.hdds.scm.storage.CommitWatcher.watchOnLastIndex(CommitWatcher.java:157)
	at org.apache.hadoop.hdds.scm.storage.BlockOutputStream.watchForCommit(BlockOutputStream.java:347)
	at org.apache.hadoop.hdds.scm.storage.BlockOutputStream.handleFlush(BlockOutputStream.java:479)
	at org.apache.hadoop.hdds.scm.storage.BlockOutputStream.flush(BlockOutputStream.java:428)
	at org.apache.hadoop.ozone.client.io.BlockOutputStreamEntry.flush(BlockOutputStreamEntry.java:136)
	at org.apache.hadoop.ozone.client.io.KeyOutputStream.handleFlushOrClose(KeyOutputStream.java:442)
	at org.apache.hadoop.ozone.client.io.KeyOutputStream.flush(KeyOutputStream.java:396)
	at org.apache.hadoop.ozone.client.io.OzoneOutputStream.flush(OzoneOutputStream.java:54)
	at org.apache.hadoop.ozone.client.rpc.TestBlockOutputStreamWithFailures.testFailureWithPrimeSizedData(TestBlockOutputStreamWithFailures.java:599)
	at sun.reflect.NativeMethodAccessorImpl.invoke0(Native Method)
	at sun.reflect.NativeMethodAccessorImpl.invoke(NativeMethodAccessorImpl.java:62)
	at sun.reflect.DelegatingMethodAccessorImpl.invoke(DelegatingMethodAccessorImpl.java:43)
	at java.lang.reflect.Method.invoke(Method.java:498)
	at org.junit.runners.model.FrameworkMethod$1.runReflectiveCall(FrameworkMethod.java:47)
	at org.junit.internal.runners.model.ReflectiveCallable.run(ReflectiveCallable.java:12)
	at org.junit.runners.model.FrameworkMethod.invokeExplosively(FrameworkMethod.java:44)
	at org.junit.internal.runners.statements.InvokeMethod.evaluate(InvokeMethod.java:17)
	at org.junit.internal.runners.statements.RunBefores.evaluate(RunBefores.java:26)
	at org.junit.internal.runners.statements.RunAfters.evaluate(RunAfters.java:27)
	at org.junit.runners.ParentRunner.runLeaf(ParentRunner.java:271)
	at org.junit.runners.BlockJUnit4ClassRunner.runChild(BlockJUnit4ClassRunner.java:70)
	at org.junit.runners.BlockJUnit4ClassRunner.runChild(BlockJUnit4ClassRunner.java:50)
	at org.junit.runners.ParentRunner$3.run(ParentRunner.java:238)
	at org.junit.runners.ParentRunner$1.schedule(ParentRunner.java:63)
	at org.junit.runners.ParentRunner.runChildren(ParentRunner.java:236)
	at org.junit.runners.ParentRunner.access$000(ParentRunner.java:53)
	at org.junit.runners.ParentRunner$2.evaluate(ParentRunner.java:229)
	at org.junit.runners.ParentRunner.run(ParentRunner.java:309)
	at org.apache.maven.surefire.junit4.JUnit4Provider.execute(JUnit4Provider.java:365)
	at org.apache.maven.surefire.junit4.JUnit4Provider.executeWithRerun(JUnit4Provider.java:273)
	at org.apache.maven.surefire.junit4.JUnit4Provider.executeTestSet(JUnit4Provider.java:238)
	at org.apache.maven.surefire.junit4.JUnit4Provider.invoke(JUnit4Provider.java:159)
	at org.apache.maven.surefire.booter.ForkedBooter.invokeProviderInSameClassLoader(ForkedBooter.java:384)
	at org.apache.maven.surefire.booter.ForkedBooter.runSuitesInProcess(ForkedBooter.java:345)
	at org.apache.maven.surefire.booter.ForkedBooter.execute(ForkedBooter.java:126)
	at org.apache.maven.surefire.booter.ForkedBooter.main(ForkedBooter.java:418)
2019-08-30 23:35:58,378 [main] WARN  storage.CommitWatcher (CommitWatcher.java:watchForCommit(203)) - watchForCommit failed for index 4
java.util.concurrent.TimeoutException
	at java.util.concurrent.CompletableFuture.timedGet(CompletableFuture.java:1771)
	at java.util.concurrent.CompletableFuture.get(CompletableFuture.java:1915)
	at org.apache.hadoop.hdds.scm.XceiverClientRatis.watchForCommit(XceiverClientRatis.java:268)
	at org.apache.hadoop.hdds.scm.storage.CommitWatcher.watchForCommit(CommitWatcher.java:194)
	at org.apache.hadoop.hdds.scm.storage.CommitWatcher.watchOnLastIndex(CommitWatcher.java:157)
	at org.apache.hadoop.hdds.scm.storage.BlockOutputStream.watchForCommit(BlockOutputStream.java:347)
	at org.apache.hadoop.hdds.scm.storage.BlockOutputStream.handleFlush(BlockOutputStream.java:479)
	at org.apache.hadoop.hdds.scm.storage.BlockOutputStream.flush(BlockOutputStream.java:428)
	at org.apache.hadoop.ozone.client.io.BlockOutputStreamEntry.flush(BlockOutputStreamEntry.java:136)
	at org.apache.hadoop.ozone.client.io.KeyOutputStream.handleFlushOrClose(KeyOutputStream.java:442)
	at org.apache.hadoop.ozone.client.io.KeyOutputStream.flush(KeyOutputStream.java:396)
	at org.apache.hadoop.ozone.client.io.OzoneOutputStream.flush(OzoneOutputStream.java:54)
	at org.apache.hadoop.ozone.client.rpc.TestBlockOutputStreamWithFailures.testFailureWithPrimeSizedData(TestBlockOutputStreamWithFailures.java:599)
	at sun.reflect.NativeMethodAccessorImpl.invoke0(Native Method)
	at sun.reflect.NativeMethodAccessorImpl.invoke(NativeMethodAccessorImpl.java:62)
	at sun.reflect.DelegatingMethodAccessorImpl.invoke(DelegatingMethodAccessorImpl.java:43)
	at java.lang.reflect.Method.invoke(Method.java:498)
	at org.junit.runners.model.FrameworkMethod$1.runReflectiveCall(FrameworkMethod.java:47)
	at org.junit.internal.runners.model.ReflectiveCallable.run(ReflectiveCallable.java:12)
	at org.junit.runners.model.FrameworkMethod.invokeExplosively(FrameworkMethod.java:44)
	at org.junit.internal.runners.statements.InvokeMethod.evaluate(InvokeMethod.java:17)
	at org.junit.internal.runners.statements.RunBefores.evaluate(RunBefores.java:26)
	at org.junit.internal.runners.statements.RunAfters.evaluate(RunAfters.java:27)
	at org.junit.runners.ParentRunner.runLeaf(ParentRunner.java:271)
	at org.junit.runners.BlockJUnit4ClassRunner.runChild(BlockJUnit4ClassRunner.java:70)
	at org.junit.runners.BlockJUnit4ClassRunner.runChild(BlockJUnit4ClassRunner.java:50)
	at org.junit.runners.ParentRunner$3.run(ParentRunner.java:238)
	at org.junit.runners.ParentRunner$1.schedule(ParentRunner.java:63)
	at org.junit.runners.ParentRunner.runChildren(ParentRunner.java:236)
	at org.junit.runners.ParentRunner.access$000(ParentRunner.java:53)
	at org.junit.runners.ParentRunner$2.evaluate(ParentRunner.java:229)
	at org.junit.runners.ParentRunner.run(ParentRunner.java:309)
	at org.apache.maven.surefire.junit4.JUnit4Provider.execute(JUnit4Provider.java:365)
	at org.apache.maven.surefire.junit4.JUnit4Provider.executeWithRerun(JUnit4Provider.java:273)
	at org.apache.maven.surefire.junit4.JUnit4Provider.executeTestSet(JUnit4Provider.java:238)
	at org.apache.maven.surefire.junit4.JUnit4Provider.invoke(JUnit4Provider.java:159)
	at org.apache.maven.surefire.booter.ForkedBooter.invokeProviderInSameClassLoader(ForkedBooter.java:384)
	at org.apache.maven.surefire.booter.ForkedBooter.runSuitesInProcess(ForkedBooter.java:345)
	at org.apache.maven.surefire.booter.ForkedBooter.execute(ForkedBooter.java:126)
	at org.apache.maven.surefire.booter.ForkedBooter.main(ForkedBooter.java:418)
2019-08-30 23:35:58,380 [main] WARN  io.KeyOutputStream (KeyOutputStream.java:handleException(276)) - Encountered exception java.io.IOException: Unexpected Storage Container Exception: java.io.IOException: Unexpected Storage Container Exception: java.util.concurrent.TimeoutException on the pipeline Pipeline[ Id: a441d245-1fb3-489b-836d-f6ccc1769731, Nodes: d95ceee6-2e09-4cc8-a399-92fb5d246ede{ip: 192.168.69.97, host: pr-hdds-2065-gthbc-3516972114, networkLocation: /default-rack, certSerialId: null}89444f21-ffd5-4031-8cd3-eb65eafa98e5{ip: 192.168.69.97, host: pr-hdds-2065-gthbc-3516972114, networkLocation: /default-rack, certSerialId: null}e0931955-60a1-44c7-91ab-d64f736178cd{ip: 192.168.69.97, host: pr-hdds-2065-gthbc-3516972114, networkLocation: /default-rack, certSerialId: null}, Type:RATIS, Factor:THREE, State:OPEN]. The last committed block length is 0, uncommitted data length is 167 retry count 0
2019-08-30 23:35:58,436 [grpc-default-executor-12] INFO  client.GrpcClientProtocolClient (GrpcClientProtocolClient.java:onNext(255)) - client-43966AD88F36->a9b4b662-87dc-4b3f-b4fd-4a422c327ff5: receive RaftClientReply:client-43966AD88F36->a9b4b662-87dc-4b3f-b4fd-4a422c327ff5@group-36ED93E169FC, cid=220, FAILED org.apache.ratis.protocol.NotLeaderException: Server a9b4b662-87dc-4b3f-b4fd-4a422c327ff5 is not the leader (02cc4af1-34eb-47d4-9c65-d28f0498788e:192.168.69.97:39805). Request must be sent to leader., logIndex=0, commits[a9b4b662-87dc-4b3f-b4fd-4a422c327ff5:c0, 02cc4af1-34eb-47d4-9c65-d28f0498788e:c0, 55d75777-35f1-49de-95e2-8c28089e6f45:c0]
2019-08-30 23:35:59,324 [grpc-default-executor-12] INFO  client.GrpcClientProtocolClient (GrpcClientProtocolClient.java:onNext(255)) - client-43966AD88F36->02cc4af1-34eb-47d4-9c65-d28f0498788e: receive RaftClientReply:client-43966AD88F36->02cc4af1-34eb-47d4-9c65-d28f0498788e@group-36ED93E169FC, cid=220, SUCCESS, logIndex=1, commits[02cc4af1-34eb-47d4-9c65-d28f0498788e:c1, 55d75777-35f1-49de-95e2-8c28089e6f45:c0, a9b4b662-87dc-4b3f-b4fd-4a422c327ff5:c0]
2019-08-30 23:35:59,380 [grpc-default-executor-11] INFO  client.GrpcClientProtocolClient (GrpcClientProtocolClient.java:onNext(255)) - client-43966AD88F36->02cc4af1-34eb-47d4-9c65-d28f0498788e: receive RaftClientReply:client-43966AD88F36->02cc4af1-34eb-47d4-9c65-d28f0498788e@group-36ED93E169FC, cid=221, SUCCESS, logIndex=3, commits[02cc4af1-34eb-47d4-9c65-d28f0498788e:c4, 55d75777-35f1-49de-95e2-8c28089e6f45:c2, a9b4b662-87dc-4b3f-b4fd-4a422c327ff5:c2]
2019-08-30 23:35:59,460 [grpc-default-executor-12] INFO  client.GrpcClientProtocolClient (GrpcClientProtocolClient.java:onNext(255)) - client-D84392396D2C->e0931955-60a1-44c7-91ab-d64f736178cd: receive RaftClientReply:client-D84392396D2C->e0931955-60a1-44c7-91ab-d64f736178cd@group-F6CCC1769731, cid=219, SUCCESS, logIndex=0, commits[e0931955-60a1-44c7-91ab-d64f736178cd:c6, d95ceee6-2e09-4cc8-a399-92fb5d246ede:c6, 89444f21-ffd5-4031-8cd3-eb65eafa98e5:c6]
2019-08-30 23:35:59,460 [grpc-default-executor-12] INFO  client.GrpcClientProtocolClient (GrpcClientProtocolClient.java:onNext(255)) - client-D84392396D2C->e0931955-60a1-44c7-91ab-d64f736178cd: receive RaftClientReply:client-D84392396D2C->e0931955-60a1-44c7-91ab-d64f736178cd@group-F6CCC1769731, cid=218, SUCCESS, logIndex=0, commits[e0931955-60a1-44c7-91ab-d64f736178cd:c6, d95ceee6-2e09-4cc8-a399-92fb5d246ede:c6, 89444f21-ffd5-4031-8cd3-eb65eafa98e5:c6]
2019-08-30 23:35:59,566 [grpc-default-executor-12] INFO  client.GrpcClientProtocolClient (GrpcClientProtocolClient.java:onNext(255)) - client-43966AD88F36->02cc4af1-34eb-47d4-9c65-d28f0498788e: receive RaftClientReply:client-43966AD88F36->02cc4af1-34eb-47d4-9c65-d28f0498788e@group-36ED93E169FC, cid=222, SUCCESS, logIndex=4, commits[02cc4af1-34eb-47d4-9c65-d28f0498788e:c6, 55d75777-35f1-49de-95e2-8c28089e6f45:c4, a9b4b662-87dc-4b3f-b4fd-4a422c327ff5:c4]
2019-08-30 23:35:59,567 [main] INFO  ozone.MiniOzoneClusterImpl (MiniOzoneClusterImpl.java:shutdown(307)) - Shutting down the Mini Ozone Cluster
2019-08-30 23:35:59,567 [main] INFO  ozone.MiniOzoneClusterImpl (MiniOzoneClusterImpl.java:stop(322)) - Stopping the Mini Ozone Cluster
2019-08-30 23:35:59,568 [main] INFO  ozone.MiniOzoneClusterImpl (MiniOzoneClusterImpl.java:stop(324)) - Stopping the OzoneManager
2019-08-30 23:35:59,568 [main] INFO  ipc.Server (Server.java:stop(3082)) - Stopping server on 44069
2019-08-30 23:35:59,582 [main] INFO  ratis.OzoneManagerDoubleBuffer (OzoneManagerDoubleBuffer.java:stop(248)) - Stopping OMDoubleBuffer flush thread
2019-08-30 23:35:59,582 [IPC Server Responder] INFO  ipc.Server (Server.java:run(1319)) - Stopping IPC Server Responder
2019-08-30 23:35:59,582 [OMDoubleBufferFlushThread] INFO  ratis.OzoneManagerDoubleBuffer (OzoneManagerDoubleBuffer.java:flushTransactions(191)) - OMDoubleBuffer flush thread OMDoubleBufferFlushThread is interrupted and will exit. OMDoubleBufferFlushThread
2019-08-30 23:35:59,582 [IPC Server listener on 44069] INFO  ipc.Server (Server.java:run(1185)) - Stopping IPC Server listener on 44069
2019-08-30 23:35:59,595 [main] INFO  utils.BackgroundService (BackgroundService.java:shutdown(148)) - Shutting down service KeyDeletingService
2019-08-30 23:35:59,598 [main] INFO  handler.ContextHandler (ContextHandler.java:doStop(910)) - Stopped o.e.j.w.WebAppContext@1304e0d7{/,null,UNAVAILABLE}{/ozoneManager}
2019-08-30 23:35:59,599 [main] INFO  server.AbstractConnector (AbstractConnector.java:doStop(318)) - Stopped ServerConnector@6ddc67d0{HTTP/1.1,[http/1.1]}{0.0.0.0:0}
2019-08-30 23:35:59,600 [main] INFO  handler.ContextHandler (ContextHandler.java:doStop(910)) - Stopped o.e.j.s.ServletContextHandler@5d2a86c0{/static,file:///workdir/hadoop-ozone/integration-test/target/test-classes/webapps/static,UNAVAILABLE}
2019-08-30 23:35:59,600 [main] INFO  handler.ContextHandler (ContextHandler.java:doStop(910)) - Stopped o.e.j.s.ServletContextHandler@36510e73{/logs,file:///workdir/hadoop-ozone/integration-test/target/log,UNAVAILABLE}
2019-08-30 23:35:59,603 [main] INFO  ozone.MiniOzoneClusterImpl (MiniOzoneClusterImpl.java:stop(330)) - Shutting the HddsDatanodes
2019-08-30 23:35:59,606 [Datanode State Machine Thread - 0] INFO  statemachine.DatanodeStateMachine (DatanodeStateMachine.java:lambda$startDaemon$0(350)) - Ozone container server started.
2019-08-30 23:35:59,752 [Datanode State Machine Thread - 0] INFO  statemachine.DatanodeStateMachine (DatanodeStateMachine.java:lambda$startDaemon$0(350)) - Ozone container server started.
2019-08-30 23:36:03,653 [EventQueue-StaleNodeForStaleNodeHandler] INFO  node.StaleNodeHandler (StaleNodeHandler.java:onMessage(58)) - Datanode a6088532-a578-4bbc-a6cd-6ebdc471c4f0{ip: 192.168.69.97, host: pr-hdds-2065-gthbc-3516972114, networkLocation: /default-rack, certSerialId: null} moved to stale state. Finalizing its pipelines [PipelineID=390ce9b5-cfeb-4860-beec-2446ea19187e]
2019-08-30 23:36:03,653 [EventQueue-StaleNodeForStaleNodeHandler] INFO  pipeline.SCMPipelineManager (SCMPipelineManager.java:finalizeAndDestroyPipeline(309)) - destroying pipeline:Pipeline[ Id: 390ce9b5-cfeb-4860-beec-2446ea19187e, Nodes: a6088532-a578-4bbc-a6cd-6ebdc471c4f0{ip: 192.168.69.97, host: pr-hdds-2065-gthbc-3516972114, networkLocation: /default-rack, certSerialId: null}, Type:RATIS, Factor:ONE, State:OPEN]
2019-08-30 23:36:03,653 [EventQueue-StaleNodeForStaleNodeHandler] INFO  pipeline.PipelineStateManager (PipelineStateManager.java:finalizePipeline(123)) - Pipeline Pipeline[ Id: 390ce9b5-cfeb-4860-beec-2446ea19187e, Nodes: a6088532-a578-4bbc-a6cd-6ebdc471c4f0{ip: 192.168.69.97, host: pr-hdds-2065-gthbc-3516972114, networkLocation: /default-rack, certSerialId: null}, Type:RATIS, Factor:ONE, State:CLOSED] moved to CLOSED state
2019-08-30 23:36:03,853 [EventQueue-StaleNodeForStaleNodeHandler] INFO  node.StaleNodeHandler (StaleNodeHandler.java:onMessage(58)) - Datanode 55d75777-35f1-49de-95e2-8c28089e6f45{ip: 192.168.69.97, host: pr-hdds-2065-gthbc-3516972114, networkLocation: /default-rack, certSerialId: null} moved to stale state. Finalizing its pipelines [PipelineID=640614c4-51dd-46a6-9dd5-c91b7b439c1a, PipelineID=cd1623e2-c6f2-4c34-806c-36ed93e169fc]
2019-08-30 23:36:03,853 [EventQueue-StaleNodeForStaleNodeHandler] INFO  pipeline.SCMPipelineManager (SCMPipelineManager.java:finalizeAndDestroyPipeline(309)) - destroying pipeline:Pipeline[ Id: 640614c4-51dd-46a6-9dd5-c91b7b439c1a, Nodes: 55d75777-35f1-49de-95e2-8c28089e6f45{ip: 192.168.69.97, host: pr-hdds-2065-gthbc-3516972114, networkLocation: /default-rack, certSerialId: null}, Type:RATIS, Factor:ONE, State:OPEN]
2019-08-30 23:36:03,853 [EventQueue-StaleNodeForStaleNodeHandler] INFO  pipeline.PipelineStateManager (PipelineStateManager.java:finalizePipeline(123)) - Pipeline Pipeline[ Id: 640614c4-51dd-46a6-9dd5-c91b7b439c1a, Nodes: 55d75777-35f1-49de-95e2-8c28089e6f45{ip: 192.168.69.97, host: pr-hdds-2065-gthbc-3516972114, networkLocation: /default-rack, certSerialId: null}, Type:RATIS, Factor:ONE, State:CLOSED] moved to CLOSED state
2019-08-30 23:36:03,854 [EventQueue-StaleNodeForStaleNodeHandler] INFO  pipeline.SCMPipelineManager (SCMPipelineManager.java:finalizeAndDestroyPipeline(309)) - destroying pipeline:Pipeline[ Id: cd1623e2-c6f2-4c34-806c-36ed93e169fc, Nodes: a9b4b662-87dc-4b3f-b4fd-4a422c327ff5{ip: 192.168.69.97, host: pr-hdds-2065-gthbc-3516972114, networkLocation: /default-rack, certSerialId: null}55d75777-35f1-49de-95e2-8c28089e6f45{ip: 192.168.69.97, host: pr-hdds-2065-gthbc-3516972114, networkLocation: /default-rack, certSerialId: null}02cc4af1-34eb-47d4-9c65-d28f0498788e{ip: 192.168.69.97, host: pr-hdds-2065-gthbc-3516972114, networkLocation: /default-rack, certSerialId: null}, Type:RATIS, Factor:THREE, State:OPEN]
2019-08-30 23:36:03,854 [EventQueue-StaleNodeForStaleNodeHandler] INFO  pipeline.PipelineStateManager (PipelineStateManager.java:finalizePipeline(123)) - Pipeline Pipeline[ Id: cd1623e2-c6f2-4c34-806c-36ed93e169fc, Nodes: a9b4b662-87dc-4b3f-b4fd-4a422c327ff5{ip: 192.168.69.97, host: pr-hdds-2065-gthbc-3516972114, networkLocation: /default-rack, certSerialId: null}55d75777-35f1-49de-95e2-8c28089e6f45{ip: 192.168.69.97, host: pr-hdds-2065-gthbc-3516972114, networkLocation: /default-rack, certSerialId: null}02cc4af1-34eb-47d4-9c65-d28f0498788e{ip: 192.168.69.97, host: pr-hdds-2065-gthbc-3516972114, networkLocation: /default-rack, certSerialId: null}, Type:RATIS, Factor:THREE, State:CLOSED] moved to CLOSED state
2019-08-30 23:36:03,855 [EventQueue-CloseContainerForCloseContainerEventHandler] INFO  container.CloseContainerEventHandler (CloseContainerEventHandler.java:onMessage(61)) - Close container Event triggered for container : #2
2019-08-30 23:36:04,604 [ForkJoinPool.commonPool-worker-0] INFO  ozoneimpl.OzoneContainer (OzoneContainer.java:stop(215)) - Attempting to stop container services.
2019-08-30 23:36:04,604 [main] INFO  ozoneimpl.OzoneContainer (OzoneContainer.java:stop(215)) - Attempting to stop container services.
2019-08-30 23:36:04,604 [ForkJoinPool.commonPool-worker-0] INFO  impl.RaftServerProxy (RaftServerProxy.java:lambda$close$4(314)) - 55d75777-35f1-49de-95e2-8c28089e6f45: close
2019-08-30 23:36:04,605 [main] INFO  impl.RaftServerProxy (RaftServerProxy.java:lambda$close$4(314)) - a6088532-a578-4bbc-a6cd-6ebdc471c4f0: close
2019-08-30 23:36:04,605 [ForkJoinPool.commonPool-worker-0] INFO  impl.RaftServerImpl (RaftServerImpl.java:lambda$shutdown$3(245)) - 55d75777-35f1-49de-95e2-8c28089e6f45: shutdown group-C91B7B439C1A
2019-08-30 23:36:04,605 [main] INFO  impl.RaftServerImpl (RaftServerImpl.java:lambda$shutdown$3(245)) - a6088532-a578-4bbc-a6cd-6ebdc471c4f0: shutdown group-2446EA19187E
2019-08-30 23:36:04,606 [ForkJoinPool.commonPool-worker-0] INFO  util.JmxRegister (JmxRegister.java:unregister(73)) - Successfully un-registered JMX Bean with object name Ratis:service=RaftServer,group=group-C91B7B439C1A,id=55d75777-35f1-49de-95e2-8c28089e6f45
2019-08-30 23:36:04,606 [main] INFO  util.JmxRegister (JmxRegister.java:unregister(73)) - Successfully un-registered JMX Bean with object name Ratis:service=RaftServer,group=group-2446EA19187E,id=a6088532-a578-4bbc-a6cd-6ebdc471c4f0
2019-08-30 23:36:04,606 [ForkJoinPool.commonPool-worker-0] INFO  impl.RoleInfo (RoleInfo.java:shutdownLeaderState(104)) - 55d75777-35f1-49de-95e2-8c28089e6f45: shutdown LeaderState
2019-08-30 23:36:04,607 [main] INFO  impl.RoleInfo (RoleInfo.java:shutdownLeaderState(104)) - a6088532-a578-4bbc-a6cd-6ebdc471c4f0: shutdown LeaderState
2019-08-30 23:36:04,607 [ForkJoinPool.commonPool-worker-0] INFO  impl.PendingRequests (PendingRequests.java:sendNotLeaderResponses(202)) - 55d75777-35f1-49de-95e2-8c28089e6f45-PendingRequests: sendNotLeaderResponses
2019-08-30 23:36:04,608 [main] INFO  impl.PendingRequests (PendingRequests.java:sendNotLeaderResponses(202)) - a6088532-a578-4bbc-a6cd-6ebdc471c4f0-PendingRequests: sendNotLeaderResponses
2019-08-30 23:36:04,608 [ForkJoinPool.commonPool-worker-0] INFO  impl.StateMachineUpdater (StateMachineUpdater.java:stopAndJoin(115)) - StateMachineUpdater:55d75777-35f1-49de-95e2-8c28089e6f45:group-C91B7B439C1A: set stopIndex = 0
2019-08-30 23:36:04,608 [main] INFO  impl.StateMachineUpdater (StateMachineUpdater.java:stopAndJoin(115)) - StateMachineUpdater:a6088532-a578-4bbc-a6cd-6ebdc471c4f0:group-2446EA19187E: set stopIndex = 0
2019-08-30 23:36:04,609 [ForkJoinPool.commonPool-worker-0] INFO  impl.RaftServerImpl (ServerState.java:close(394)) - 55d75777-35f1-49de-95e2-8c28089e6f45:group-C91B7B439C1A closes. The last applied log index is 0
2019-08-30 23:36:04,609 [main] INFO  impl.RaftServerImpl (ServerState.java:close(394)) - a6088532-a578-4bbc-a6cd-6ebdc471c4f0:group-2446EA19187E closes. The last applied log index is 0
2019-08-30 23:36:04,610 [55d75777-35f1-49de-95e2-8c28089e6f45-SegmentedRaftLogWorker:Storage Directory /workdir/hadoop-ozone/integration-test/target/test-dir/MiniOzoneClusterImpl-cd3b51ba-7d2f-4eb6-8b0c-706acb0cc0f6/datanode-1/data/ratis/640614c4-51dd-46a6-9dd5-c91b7b439c1a] INFO  segmented.SegmentedRaftLogWorker (SegmentedRaftLogWorker.java:run(313)) - 55d75777-35f1-49de-95e2-8c28089e6f45-SegmentedRaftLogWorker:Storage Directory /workdir/hadoop-ozone/integration-test/target/test-dir/MiniOzoneClusterImpl-cd3b51ba-7d2f-4eb6-8b0c-706acb0cc0f6/datanode-1/data/ratis/640614c4-51dd-46a6-9dd5-c91b7b439c1a was interrupted, exiting. There are 0 tasks remaining in the queue.
2019-08-30 23:36:04,610 [a6088532-a578-4bbc-a6cd-6ebdc471c4f0-SegmentedRaftLogWorker:Storage Directory /workdir/hadoop-ozone/integration-test/target/test-dir/MiniOzoneClusterImpl-cd3b51ba-7d2f-4eb6-8b0c-706acb0cc0f6/datanode-4/data/ratis/390ce9b5-cfeb-4860-beec-2446ea19187e] INFO  segmented.SegmentedRaftLogWorker (SegmentedRaftLogWorker.java:run(313)) - a6088532-a578-4bbc-a6cd-6ebdc471c4f0-SegmentedRaftLogWorker:Storage Directory /workdir/hadoop-ozone/integration-test/target/test-dir/MiniOzoneClusterImpl-cd3b51ba-7d2f-4eb6-8b0c-706acb0cc0f6/datanode-4/data/ratis/390ce9b5-cfeb-4860-beec-2446ea19187e was interrupted, exiting. There are 0 tasks remaining in the queue.
2019-08-30 23:36:04,615 [ForkJoinPool.commonPool-worker-0] INFO  segmented.SegmentedRaftLogWorker (SegmentedRaftLogWorker.java:close(228)) - 55d75777-35f1-49de-95e2-8c28089e6f45-SegmentedRaftLogWorker:Storage Directory /workdir/hadoop-ozone/integration-test/target/test-dir/MiniOzoneClusterImpl-cd3b51ba-7d2f-4eb6-8b0c-706acb0cc0f6/datanode-1/data/ratis/640614c4-51dd-46a6-9dd5-c91b7b439c1a close()
2019-08-30 23:36:04,615 [main] INFO  segmented.SegmentedRaftLogWorker (SegmentedRaftLogWorker.java:close(228)) - a6088532-a578-4bbc-a6cd-6ebdc471c4f0-SegmentedRaftLogWorker:Storage Directory /workdir/hadoop-ozone/integration-test/target/test-dir/MiniOzoneClusterImpl-cd3b51ba-7d2f-4eb6-8b0c-706acb0cc0f6/datanode-4/data/ratis/390ce9b5-cfeb-4860-beec-2446ea19187e close()
2019-08-30 23:36:04,619 [ForkJoinPool.commonPool-worker-0] INFO  impl.RaftServerImpl (RaftServerImpl.java:lambda$shutdown$3(245)) - 55d75777-35f1-49de-95e2-8c28089e6f45: shutdown group-36ED93E169FC
2019-08-30 23:36:04,622 [main] INFO  server.GrpcService (GrpcService.java:closeImpl(155)) - a6088532-a578-4bbc-a6cd-6ebdc471c4f0: shutdown server with port 40753 now
2019-08-30 23:36:04,622 [ForkJoinPool.commonPool-worker-0] INFO  util.JmxRegister (JmxRegister.java:unregister(73)) - Successfully un-registered JMX Bean with object name Ratis:service=RaftServer,group=group-36ED93E169FC,id=55d75777-35f1-49de-95e2-8c28089e6f45
2019-08-30 23:36:04,624 [main] INFO  server.GrpcService (GrpcService.java:closeImpl(163)) - a6088532-a578-4bbc-a6cd-6ebdc471c4f0: shutdown server with port 40753 successfully
2019-08-30 23:36:04,624 [ForkJoinPool.commonPool-worker-0] INFO  impl.RoleInfo (RoleInfo.java:shutdownFollowerState(121)) - 55d75777-35f1-49de-95e2-8c28089e6f45: shutdown FollowerState
2019-08-30 23:36:04,625 [ForkJoinPool.commonPool-worker-0] INFO  impl.StateMachineUpdater (StateMachineUpdater.java:stopAndJoin(115)) - StateMachineUpdater:55d75777-35f1-49de-95e2-8c28089e6f45:group-36ED93E169FC: set stopIndex = 6
2019-08-30 23:36:04,625 [StateMachineUpdater:55d75777-35f1-49de-95e2-8c28089e6f45:group-36ED93E169FC] INFO  ratis.ContainerStateMachine (ContainerStateMachine.java:takeSnapshot(284)) - group-36ED93E169FC: Taking a snapshot at:(t:1, i:4) file /workdir/hadoop-ozone/integration-test/target/test-dir/MiniOzoneClusterImpl-cd3b51ba-7d2f-4eb6-8b0c-706acb0cc0f6/datanode-1/data/ratis/cd1623e2-c6f2-4c34-806c-36ed93e169fc/sm/snapshot.1_4
2019-08-30 23:36:04,625 [Thread-4122] INFO  impl.FollowerState (FollowerState.java:run(114)) - 55d75777-35f1-49de-95e2-8c28089e6f45: FollowerState was interrupted: java.lang.InterruptedException: sleep interrupted
2019-08-30 23:36:04,627 [refreshUsed-/workdir/hadoop-ozone/integration-test/target/test-dir/MiniOzoneClusterImpl-cd3b51ba-7d2f-4eb6-8b0c-706acb0cc0f6/datanode-4/data/containers] WARN  fs.CachingGetSpaceUsed (CachingGetSpaceUsed.java:run(183)) - Thread Interrupted waiting to refresh disk information: sleep interrupted
2019-08-30 23:36:04,645 [main] INFO  utils.BackgroundService (BackgroundService.java:shutdown(148)) - Shutting down service BlockDeletingService
2019-08-30 23:36:04,651 [main] INFO  statemachine.DatanodeStateMachine (DatanodeStateMachine.java:stopDaemon(395)) - Ozone container server stopped.
2019-08-30 23:36:04,652 [main] INFO  handler.ContextHandler (ContextHandler.java:doStop(910)) - Stopped o.e.j.w.WebAppContext@21dea711{/,null,UNAVAILABLE}{/hddsDatanode}
2019-08-30 23:36:04,652 [main] INFO  server.AbstractConnector (AbstractConnector.java:doStop(318)) - Stopped ServerConnector@7772d266{HTTP/1.1,[http/1.1]}{0.0.0.0:0}
2019-08-30 23:36:04,653 [main] INFO  handler.ContextHandler (ContextHandler.java:doStop(910)) - Stopped o.e.j.s.ServletContextHandler@54489296{/static,jar:file:/home/user/.m2/repository/org/apache/hadoop/hadoop-hdds-container-service/0.5.0-SNAPSHOT/hadoop-hdds-container-service-0.5.0-SNAPSHOT.jar!/webapps/static,UNAVAILABLE}
2019-08-30 23:36:04,653 [main] INFO  handler.ContextHandler (ContextHandler.java:doStop(910)) - Stopped o.e.j.s.ServletContextHandler@13ef7fa1{/logs,file:///workdir/hadoop-ozone/integration-test/target/log,UNAVAILABLE}
2019-08-30 23:36:04,657 [StateMachineUpdater:55d75777-35f1-49de-95e2-8c28089e6f45:group-36ED93E169FC] INFO  ratis.ContainerStateMachine (ContainerStateMachine.java:takeSnapshot(295)) - group-36ED93E169FC: Finished taking a snapshot at:(t:1, i:4) file:/workdir/hadoop-ozone/integration-test/target/test-dir/MiniOzoneClusterImpl-cd3b51ba-7d2f-4eb6-8b0c-706acb0cc0f6/datanode-1/data/ratis/cd1623e2-c6f2-4c34-806c-36ed93e169fc/sm/snapshot.1_4 time:32
2019-08-30 23:36:04,657 [StateMachineUpdater:55d75777-35f1-49de-95e2-8c28089e6f45:group-36ED93E169FC] INFO  impl.StateMachineUpdater (StateMachineUpdater.java:takeSnapshot(242)) - StateMachineUpdater:55d75777-35f1-49de-95e2-8c28089e6f45:group-36ED93E169FC: Took a snapshot at index 4
2019-08-30 23:36:04,657 [StateMachineUpdater:55d75777-35f1-49de-95e2-8c28089e6f45:group-36ED93E169FC] INFO  impl.StateMachineUpdater (StateMachineUpdater.java:lambda$new$0(80)) - StateMachineUpdater:55d75777-35f1-49de-95e2-8c28089e6f45:group-36ED93E169FC: snapshotIndex: updateIncreasingly -1 -> 4
2019-08-30 23:36:04,658 [ForkJoinPool.commonPool-worker-0] INFO  impl.RaftServerImpl (ServerState.java:close(394)) - 55d75777-35f1-49de-95e2-8c28089e6f45:group-36ED93E169FC closes. The last applied log index is 6
2019-08-30 23:36:04,658 [55d75777-35f1-49de-95e2-8c28089e6f45-SegmentedRaftLogWorker:Storage Directory /workdir/hadoop-ozone/integration-test/target/test-dir/MiniOzoneClusterImpl-cd3b51ba-7d2f-4eb6-8b0c-706acb0cc0f6/datanode-1/data/ratis/cd1623e2-c6f2-4c34-806c-36ed93e169fc] INFO  segmented.SegmentedRaftLogWorker (SegmentedRaftLogWorker.java:run(313)) - 55d75777-35f1-49de-95e2-8c28089e6f45-SegmentedRaftLogWorker:Storage Directory /workdir/hadoop-ozone/integration-test/target/test-dir/MiniOzoneClusterImpl-cd3b51ba-7d2f-4eb6-8b0c-706acb0cc0f6/datanode-1/data/ratis/cd1623e2-c6f2-4c34-806c-36ed93e169fc was interrupted, exiting. There are 0 tasks remaining in the queue.
2019-08-30 23:36:04,660 [ForkJoinPool.commonPool-worker-0] INFO  segmented.SegmentedRaftLogWorker (SegmentedRaftLogWorker.java:close(228)) - 55d75777-35f1-49de-95e2-8c28089e6f45-SegmentedRaftLogWorker:Storage Directory /workdir/hadoop-ozone/integration-test/target/test-dir/MiniOzoneClusterImpl-cd3b51ba-7d2f-4eb6-8b0c-706acb0cc0f6/datanode-1/data/ratis/cd1623e2-c6f2-4c34-806c-36ed93e169fc close()
2019-08-30 23:36:04,664 [ForkJoinPool.commonPool-worker-0] INFO  server.GrpcService (GrpcService.java:closeImpl(155)) - 55d75777-35f1-49de-95e2-8c28089e6f45: shutdown server with port 36493 now
2019-08-30 23:36:04,667 [grpc-default-executor-12] WARN  server.GrpcServerProtocolService (LogUtils.java:warn(134)) - 55d75777-35f1-49de-95e2-8c28089e6f45: appendEntries onError: org.apache.ratis.thirdparty.io.grpc.StatusRuntimeException: CANCELLED: cancelled before receiving half close
2019-08-30 23:36:04,667 [ForkJoinPool.commonPool-worker-0] INFO  server.GrpcService (GrpcService.java:closeImpl(163)) - 55d75777-35f1-49de-95e2-8c28089e6f45: shutdown server with port 36493 successfully
2019-08-30 23:36:04,667 [grpc-default-executor-12] WARN  server.GrpcLogAppender (LogUtils.java:warn(134)) - 02cc4af1-34eb-47d4-9c65-d28f0498788e->55d75777-35f1-49de-95e2-8c28089e6f45: Failed appendEntries: org.apache.ratis.thirdparty.io.grpc.StatusRuntimeException: CANCELLED: HTTP/2 error code: CANCEL
Received Rst Stream
2019-08-30 23:36:04,668 [grpc-default-executor-12] INFO  impl.FollowerInfo (FollowerInfo.java:lambda$new$0(50)) - 02cc4af1-34eb-47d4-9c65-d28f0498788e->55d75777-35f1-49de-95e2-8c28089e6f45: nextIndex: updateUnconditionally 7 -> 6
2019-08-30 23:36:04,669 [refreshUsed-/workdir/hadoop-ozone/integration-test/target/test-dir/MiniOzoneClusterImpl-cd3b51ba-7d2f-4eb6-8b0c-706acb0cc0f6/datanode-1/data/containers] WARN  fs.CachingGetSpaceUsed (CachingGetSpaceUsed.java:run(183)) - Thread Interrupted waiting to refresh disk information: sleep interrupted
2019-08-30 23:36:04,685 [ForkJoinPool.commonPool-worker-0] INFO  utils.BackgroundService (BackgroundService.java:shutdown(148)) - Shutting down service BlockDeletingService
2019-08-30 23:36:04,690 [ForkJoinPool.commonPool-worker-0] INFO  statemachine.DatanodeStateMachine (DatanodeStateMachine.java:stopDaemon(395)) - Ozone container server stopped.
2019-08-30 23:36:04,696 [ForkJoinPool.commonPool-worker-0] INFO  handler.ContextHandler (ContextHandler.java:doStop(910)) - Stopped o.e.j.w.WebAppContext@71b97eeb{/,null,UNAVAILABLE}{/hddsDatanode}
2019-08-30 23:36:04,696 [ForkJoinPool.commonPool-worker-0] INFO  server.AbstractConnector (AbstractConnector.java:doStop(318)) - Stopped ServerConnector@2776fd8f{HTTP/1.1,[http/1.1]}{0.0.0.0:0}
2019-08-30 23:36:04,698 [ForkJoinPool.commonPool-worker-0] INFO  handler.ContextHandler (ContextHandler.java:doStop(910)) - Stopped o.e.j.s.ServletContextHandler@25f0c5e7{/static,jar:file:/home/user/.m2/repository/org/apache/hadoop/hadoop-hdds-container-service/0.5.0-SNAPSHOT/hadoop-hdds-container-service-0.5.0-SNAPSHOT.jar!/webapps/static,UNAVAILABLE}
2019-08-30 23:36:04,700 [ForkJoinPool.commonPool-worker-0] INFO  handler.ContextHandler (ContextHandler.java:doStop(910)) - Stopped o.e.j.s.ServletContextHandler@23ad2d17{/logs,file:///workdir/hadoop-ozone/integration-test/target/log,UNAVAILABLE}
2019-08-30 23:36:04,752 [Datanode State Machine Thread - 0] INFO  statemachine.DatanodeStateMachine (DatanodeStateMachine.java:lambda$startDaemon$0(350)) - Ozone container server started.
2019-08-30 23:36:05,220 [Datanode State Machine Thread - 0] INFO  statemachine.DatanodeStateMachine (DatanodeStateMachine.java:lambda$startDaemon$0(350)) - Ozone container server started.
2019-08-30 23:36:06,907 [grpc-default-executor-7] WARN  server.GrpcLogAppender (LogUtils.java:warn(134)) - 02cc4af1-34eb-47d4-9c65-d28f0498788e->55d75777-35f1-49de-95e2-8c28089e6f45: Failed appendEntries: org.apache.ratis.thirdparty.io.grpc.StatusRuntimeException: UNAVAILABLE: io exception
2019-08-30 23:36:06,908 [grpc-default-executor-7] INFO  impl.FollowerInfo (FollowerInfo.java:lambda$new$0(50)) - 02cc4af1-34eb-47d4-9c65-d28f0498788e->55d75777-35f1-49de-95e2-8c28089e6f45: nextIndex: updateUnconditionally 6 -> 5
2019-08-30 23:36:08,759 [EventQueue-StaleNodeForStaleNodeHandler] INFO  node.StaleNodeHandler (StaleNodeHandler.java:onMessage(58)) - Datanode 02cc4af1-34eb-47d4-9c65-d28f0498788e{ip: 192.168.69.97, host: pr-hdds-2065-gthbc-3516972114, networkLocation: /default-rack, certSerialId: null} moved to stale state. Finalizing its pipelines [PipelineID=2aa39128-0274-4130-923a-7dd5a480017c, PipelineID=cd1623e2-c6f2-4c34-806c-36ed93e169fc]
2019-08-30 23:36:08,760 [EventQueue-StaleNodeForStaleNodeHandler] INFO  pipeline.SCMPipelineManager (SCMPipelineManager.java:finalizeAndDestroyPipeline(309)) - destroying pipeline:Pipeline[ Id: 2aa39128-0274-4130-923a-7dd5a480017c, Nodes: 02cc4af1-34eb-47d4-9c65-d28f0498788e{ip: 192.168.69.97, host: pr-hdds-2065-gthbc-3516972114, networkLocation: /default-rack, certSerialId: null}, Type:RATIS, Factor:ONE, State:OPEN]
2019-08-30 23:36:08,760 [EventQueue-StaleNodeForStaleNodeHandler] INFO  pipeline.PipelineStateManager (PipelineStateManager.java:finalizePipeline(123)) - Pipeline Pipeline[ Id: 2aa39128-0274-4130-923a-7dd5a480017c, Nodes: 02cc4af1-34eb-47d4-9c65-d28f0498788e{ip: 192.168.69.97, host: pr-hdds-2065-gthbc-3516972114, networkLocation: /default-rack, certSerialId: null}, Type:RATIS, Factor:ONE, State:CLOSED] moved to CLOSED state
2019-08-30 23:36:08,760 [EventQueue-StaleNodeForStaleNodeHandler] INFO  pipeline.SCMPipelineManager (SCMPipelineManager.java:finalizeAndDestroyPipeline(309)) - destroying pipeline:Pipeline[ Id: cd1623e2-c6f2-4c34-806c-36ed93e169fc, Nodes: a9b4b662-87dc-4b3f-b4fd-4a422c327ff5{ip: 192.168.69.97, host: pr-hdds-2065-gthbc-3516972114, networkLocation: /default-rack, certSerialId: null}55d75777-35f1-49de-95e2-8c28089e6f45{ip: 192.168.69.97, host: pr-hdds-2065-gthbc-3516972114, networkLocation: /default-rack, certSerialId: null}02cc4af1-34eb-47d4-9c65-d28f0498788e{ip: 192.168.69.97, host: pr-hdds-2065-gthbc-3516972114, networkLocation: /default-rack, certSerialId: null}, Type:RATIS, Factor:THREE, State:CLOSED]
2019-08-30 23:36:09,260 [EventQueue-StaleNodeForStaleNodeHandler] INFO  node.StaleNodeHandler (StaleNodeHandler.java:onMessage(58)) - Datanode e0931955-60a1-44c7-91ab-d64f736178cd{ip: 192.168.69.97, host: pr-hdds-2065-gthbc-3516972114, networkLocation: /default-rack, certSerialId: null} moved to stale state. Finalizing its pipelines [PipelineID=78aaeec3-122d-4b5a-8f97-99243c9efd84, PipelineID=a441d245-1fb3-489b-836d-f6ccc1769731]
2019-08-30 23:36:09,260 [EventQueue-StaleNodeForStaleNodeHandler] INFO  pipeline.SCMPipelineManager (SCMPipelineManager.java:finalizeAndDestroyPipeline(309)) - destroying pipeline:Pipeline[ Id: 78aaeec3-122d-4b5a-8f97-99243c9efd84, Nodes: e0931955-60a1-44c7-91ab-d64f736178cd{ip: 192.168.69.97, host: pr-hdds-2065-gthbc-3516972114, networkLocation: /default-rack, certSerialId: null}, Type:RATIS, Factor:ONE, State:OPEN]
2019-08-30 23:36:09,261 [EventQueue-StaleNodeForStaleNodeHandler] INFO  pipeline.PipelineStateManager (PipelineStateManager.java:finalizePipeline(123)) - Pipeline Pipeline[ Id: 78aaeec3-122d-4b5a-8f97-99243c9efd84, Nodes: e0931955-60a1-44c7-91ab-d64f736178cd{ip: 192.168.69.97, host: pr-hdds-2065-gthbc-3516972114, networkLocation: /default-rack, certSerialId: null}, Type:RATIS, Factor:ONE, State:CLOSED] moved to CLOSED state
2019-08-30 23:36:09,261 [EventQueue-StaleNodeForStaleNodeHandler] INFO  pipeline.SCMPipelineManager (SCMPipelineManager.java:finalizeAndDestroyPipeline(309)) - destroying pipeline:Pipeline[ Id: a441d245-1fb3-489b-836d-f6ccc1769731, Nodes: d95ceee6-2e09-4cc8-a399-92fb5d246ede{ip: 192.168.69.97, host: pr-hdds-2065-gthbc-3516972114, networkLocation: /default-rack, certSerialId: null}89444f21-ffd5-4031-8cd3-eb65eafa98e5{ip: 192.168.69.97, host: pr-hdds-2065-gthbc-3516972114, networkLocation: /default-rack, certSerialId: null}e0931955-60a1-44c7-91ab-d64f736178cd{ip: 192.168.69.97, host: pr-hdds-2065-gthbc-3516972114, networkLocation: /default-rack, certSerialId: null}, Type:RATIS, Factor:THREE, State:OPEN]
2019-08-30 23:36:09,261 [EventQueue-StaleNodeForStaleNodeHandler] INFO  pipeline.PipelineStateManager (PipelineStateManager.java:finalizePipeline(123)) - Pipeline Pipeline[ Id: a441d245-1fb3-489b-836d-f6ccc1769731, Nodes: d95ceee6-2e09-4cc8-a399-92fb5d246ede{ip: 192.168.69.97, host: pr-hdds-2065-gthbc-3516972114, networkLocation: /default-rack, certSerialId: null}89444f21-ffd5-4031-8cd3-eb65eafa98e5{ip: 192.168.69.97, host: pr-hdds-2065-gthbc-3516972114, networkLocation: /default-rack, certSerialId: null}e0931955-60a1-44c7-91ab-d64f736178cd{ip: 192.168.69.97, host: pr-hdds-2065-gthbc-3516972114, networkLocation: /default-rack, certSerialId: null}, Type:RATIS, Factor:THREE, State:CLOSED] moved to CLOSED state
2019-08-30 23:36:09,262 [EventQueue-CloseContainerForCloseContainerEventHandler] INFO  container.CloseContainerEventHandler (CloseContainerEventHandler.java:onMessage(61)) - Close container Event triggered for container : #1
2019-08-30 23:36:09,408 [grpc-default-executor-7] WARN  server.GrpcLogAppender (LogUtils.java:warn(134)) - 02cc4af1-34eb-47d4-9c65-d28f0498788e->55d75777-35f1-49de-95e2-8c28089e6f45: Failed appendEntries: org.apache.ratis.thirdparty.io.grpc.StatusRuntimeException: UNAVAILABLE: io exception
2019-08-30 23:36:09,409 [grpc-default-executor-7] INFO  impl.FollowerInfo (FollowerInfo.java:lambda$new$0(50)) - 02cc4af1-34eb-47d4-9c65-d28f0498788e->55d75777-35f1-49de-95e2-8c28089e6f45: nextIndex: updateUnconditionally 5 -> 4
2019-08-30 23:36:09,655 [main] INFO  ozoneimpl.OzoneContainer (OzoneContainer.java:stop(215)) - Attempting to stop container services.
2019-08-30 23:36:09,656 [main] INFO  impl.RaftServerProxy (RaftServerProxy.java:lambda$close$4(314)) - 02cc4af1-34eb-47d4-9c65-d28f0498788e: close
2019-08-30 23:36:09,656 [main] INFO  impl.RaftServerImpl (RaftServerImpl.java:lambda$shutdown$3(245)) - 02cc4af1-34eb-47d4-9c65-d28f0498788e: shutdown group-7DD5A480017C
2019-08-30 23:36:09,657 [main] INFO  util.JmxRegister (JmxRegister.java:unregister(73)) - Successfully un-registered JMX Bean with object name Ratis:service=RaftServer,group=group-7DD5A480017C,id=02cc4af1-34eb-47d4-9c65-d28f0498788e
2019-08-30 23:36:09,657 [main] INFO  impl.RoleInfo (RoleInfo.java:shutdownLeaderState(104)) - 02cc4af1-34eb-47d4-9c65-d28f0498788e: shutdown LeaderState
2019-08-30 23:36:09,658 [main] INFO  impl.PendingRequests (PendingRequests.java:sendNotLeaderResponses(202)) - 02cc4af1-34eb-47d4-9c65-d28f0498788e-PendingRequests: sendNotLeaderResponses
2019-08-30 23:36:09,659 [main] INFO  impl.StateMachineUpdater (StateMachineUpdater.java:stopAndJoin(115)) - StateMachineUpdater:02cc4af1-34eb-47d4-9c65-d28f0498788e:group-7DD5A480017C: set stopIndex = 0
2019-08-30 23:36:09,659 [main] INFO  impl.RaftServerImpl (ServerState.java:close(394)) - 02cc4af1-34eb-47d4-9c65-d28f0498788e:group-7DD5A480017C closes. The last applied log index is 0
2019-08-30 23:36:09,660 [02cc4af1-34eb-47d4-9c65-d28f0498788e-SegmentedRaftLogWorker:Storage Directory /workdir/hadoop-ozone/integration-test/target/test-dir/MiniOzoneClusterImpl-cd3b51ba-7d2f-4eb6-8b0c-706acb0cc0f6/datanode-3/data/ratis/2aa39128-0274-4130-923a-7dd5a480017c] INFO  segmented.SegmentedRaftLogWorker (SegmentedRaftLogWorker.java:run(313)) - 02cc4af1-34eb-47d4-9c65-d28f0498788e-SegmentedRaftLogWorker:Storage Directory /workdir/hadoop-ozone/integration-test/target/test-dir/MiniOzoneClusterImpl-cd3b51ba-7d2f-4eb6-8b0c-706acb0cc0f6/datanode-3/data/ratis/2aa39128-0274-4130-923a-7dd5a480017c was interrupted, exiting. There are 0 tasks remaining in the queue.
2019-08-30 23:36:09,663 [main] INFO  segmented.SegmentedRaftLogWorker (SegmentedRaftLogWorker.java:close(228)) - 02cc4af1-34eb-47d4-9c65-d28f0498788e-SegmentedRaftLogWorker:Storage Directory /workdir/hadoop-ozone/integration-test/target/test-dir/MiniOzoneClusterImpl-cd3b51ba-7d2f-4eb6-8b0c-706acb0cc0f6/datanode-3/data/ratis/2aa39128-0274-4130-923a-7dd5a480017c close()
2019-08-30 23:36:09,667 [main] INFO  impl.RaftServerImpl (RaftServerImpl.java:lambda$shutdown$3(245)) - 02cc4af1-34eb-47d4-9c65-d28f0498788e: shutdown group-36ED93E169FC
2019-08-30 23:36:09,668 [main] INFO  util.JmxRegister (JmxRegister.java:unregister(73)) - Successfully un-registered JMX Bean with object name Ratis:service=RaftServer,group=group-36ED93E169FC,id=02cc4af1-34eb-47d4-9c65-d28f0498788e
2019-08-30 23:36:09,668 [main] INFO  impl.RoleInfo (RoleInfo.java:shutdownLeaderState(104)) - 02cc4af1-34eb-47d4-9c65-d28f0498788e: shutdown LeaderState
2019-08-30 23:36:09,672 [main] INFO  impl.PendingRequests (PendingRequests.java:sendNotLeaderResponses(202)) - 02cc4af1-34eb-47d4-9c65-d28f0498788e-PendingRequests: sendNotLeaderResponses
2019-08-30 23:36:09,672 [org.apache.ratis.server.impl.LogAppender$AppenderDaemon$$Lambda$618/1814587843@284cc25a] WARN  server.GrpcLogAppender (GrpcLogAppender.java:mayWait(143)) - GrpcLogAppender(02cc4af1-34eb-47d4-9c65-d28f0498788e->a9b4b662-87dc-4b3f-b4fd-4a422c327ff5): Wait interrupted by java.lang.InterruptedException
2019-08-30 23:36:09,672 [org.apache.ratis.server.impl.LogAppender$AppenderDaemon$$Lambda$618/1814587843@6d4e4197] WARN  server.GrpcLogAppender (GrpcLogAppender.java:mayWait(143)) - GrpcLogAppender(02cc4af1-34eb-47d4-9c65-d28f0498788e->55d75777-35f1-49de-95e2-8c28089e6f45): Wait interrupted by java.lang.InterruptedException
2019-08-30 23:36:09,678 [main] INFO  impl.StateMachineUpdater (StateMachineUpdater.java:stopAndJoin(115)) - StateMachineUpdater:02cc4af1-34eb-47d4-9c65-d28f0498788e:group-36ED93E169FC: set stopIndex = 6
2019-08-30 23:36:09,679 [grpc-default-executor-11] INFO  server.GrpcServerProtocolService (GrpcServerProtocolService.java:onCompleted(104)) - a9b4b662-87dc-4b3f-b4fd-4a422c327ff5: appendEntries completed
2019-08-30 23:36:09,679 [StateMachineUpdater:02cc4af1-34eb-47d4-9c65-d28f0498788e:group-36ED93E169FC] INFO  ratis.ContainerStateMachine (ContainerStateMachine.java:takeSnapshot(284)) - group-36ED93E169FC: Taking a snapshot at:(t:1, i:6) file /workdir/hadoop-ozone/integration-test/target/test-dir/MiniOzoneClusterImpl-cd3b51ba-7d2f-4eb6-8b0c-706acb0cc0f6/datanode-3/data/ratis/cd1623e2-c6f2-4c34-806c-36ed93e169fc/sm/snapshot.1_6
2019-08-30 23:36:09,679 [grpc-default-executor-11] INFO  server.GrpcLogAppender (GrpcLogAppender.java:onCompleted(292)) - 02cc4af1-34eb-47d4-9c65-d28f0498788e->a9b4b662-87dc-4b3f-b4fd-4a422c327ff5: follower responses appendEntries COMPLETED
2019-08-30 23:36:09,680 [grpc-default-executor-11] INFO  impl.FollowerInfo (FollowerInfo.java:lambda$new$0(50)) - 02cc4af1-34eb-47d4-9c65-d28f0498788e->a9b4b662-87dc-4b3f-b4fd-4a422c327ff5: nextIndex: updateUnconditionally 7 -> 6
2019-08-30 23:36:09,696 [StateMachineUpdater:02cc4af1-34eb-47d4-9c65-d28f0498788e:group-36ED93E169FC] INFO  ratis.ContainerStateMachine (ContainerStateMachine.java:takeSnapshot(295)) - group-36ED93E169FC: Finished taking a snapshot at:(t:1, i:6) file:/workdir/hadoop-ozone/integration-test/target/test-dir/MiniOzoneClusterImpl-cd3b51ba-7d2f-4eb6-8b0c-706acb0cc0f6/datanode-3/data/ratis/cd1623e2-c6f2-4c34-806c-36ed93e169fc/sm/snapshot.1_6 time:18
2019-08-30 23:36:09,697 [StateMachineUpdater:02cc4af1-34eb-47d4-9c65-d28f0498788e:group-36ED93E169FC] INFO  impl.StateMachineUpdater (StateMachineUpdater.java:takeSnapshot(242)) - StateMachineUpdater:02cc4af1-34eb-47d4-9c65-d28f0498788e:group-36ED93E169FC: Took a snapshot at index 6
2019-08-30 23:36:09,697 [StateMachineUpdater:02cc4af1-34eb-47d4-9c65-d28f0498788e:group-36ED93E169FC] INFO  impl.StateMachineUpdater (StateMachineUpdater.java:lambda$new$0(80)) - StateMachineUpdater:02cc4af1-34eb-47d4-9c65-d28f0498788e:group-36ED93E169FC: snapshotIndex: updateIncreasingly -1 -> 6
2019-08-30 23:36:09,697 [main] INFO  impl.RaftServerImpl (ServerState.java:close(394)) - 02cc4af1-34eb-47d4-9c65-d28f0498788e:group-36ED93E169FC closes. The last applied log index is 6
2019-08-30 23:36:09,698 [02cc4af1-34eb-47d4-9c65-d28f0498788e-SegmentedRaftLogWorker:Storage Directory /workdir/hadoop-ozone/integration-test/target/test-dir/MiniOzoneClusterImpl-cd3b51ba-7d2f-4eb6-8b0c-706acb0cc0f6/datanode-3/data/ratis/cd1623e2-c6f2-4c34-806c-36ed93e169fc] INFO  segmented.SegmentedRaftLogWorker (SegmentedRaftLogWorker.java:run(313)) - 02cc4af1-34eb-47d4-9c65-d28f0498788e-SegmentedRaftLogWorker:Storage Directory /workdir/hadoop-ozone/integration-test/target/test-dir/MiniOzoneClusterImpl-cd3b51ba-7d2f-4eb6-8b0c-706acb0cc0f6/datanode-3/data/ratis/cd1623e2-c6f2-4c34-806c-36ed93e169fc was interrupted, exiting. There are 0 tasks remaining in the queue.
2019-08-30 23:36:09,700 [main] INFO  segmented.SegmentedRaftLogWorker (SegmentedRaftLogWorker.java:close(228)) - 02cc4af1-34eb-47d4-9c65-d28f0498788e-SegmentedRaftLogWorker:Storage Directory /workdir/hadoop-ozone/integration-test/target/test-dir/MiniOzoneClusterImpl-cd3b51ba-7d2f-4eb6-8b0c-706acb0cc0f6/datanode-3/data/ratis/cd1623e2-c6f2-4c34-806c-36ed93e169fc close()
2019-08-30 23:36:09,704 [main] INFO  server.GrpcService (GrpcService.java:closeImpl(155)) - 02cc4af1-34eb-47d4-9c65-d28f0498788e: shutdown server with port 39805 now
2019-08-30 23:36:09,704 [ForkJoinPool.commonPool-worker-0] INFO  ozoneimpl.OzoneContainer (OzoneContainer.java:stop(215)) - Attempting to stop container services.
2019-08-30 23:36:09,705 [ForkJoinPool.commonPool-worker-0] INFO  impl.RaftServerProxy (RaftServerProxy.java:lambda$close$4(314)) - e0931955-60a1-44c7-91ab-d64f736178cd: close
2019-08-30 23:36:09,705 [main] INFO  server.GrpcService (GrpcService.java:closeImpl(163)) - 02cc4af1-34eb-47d4-9c65-d28f0498788e: shutdown server with port 39805 successfully
2019-08-30 23:36:09,705 [ForkJoinPool.commonPool-worker-0] INFO  impl.RaftServerImpl (RaftServerImpl.java:lambda$shutdown$3(245)) - e0931955-60a1-44c7-91ab-d64f736178cd: shutdown group-99243C9EFD84
2019-08-30 23:36:09,706 [ForkJoinPool.commonPool-worker-0] INFO  util.JmxRegister (JmxRegister.java:unregister(73)) - Successfully un-registered JMX Bean with object name Ratis:service=RaftServer,group=group-99243C9EFD84,id=e0931955-60a1-44c7-91ab-d64f736178cd
2019-08-30 23:36:09,706 [ForkJoinPool.commonPool-worker-0] INFO  impl.RoleInfo (RoleInfo.java:shutdownLeaderState(104)) - e0931955-60a1-44c7-91ab-d64f736178cd: shutdown LeaderState
2019-08-30 23:36:09,706 [ForkJoinPool.commonPool-worker-0] INFO  impl.PendingRequests (PendingRequests.java:sendNotLeaderResponses(202)) - e0931955-60a1-44c7-91ab-d64f736178cd-PendingRequests: sendNotLeaderResponses
2019-08-30 23:36:09,707 [ForkJoinPool.commonPool-worker-0] INFO  impl.StateMachineUpdater (StateMachineUpdater.java:stopAndJoin(115)) - StateMachineUpdater:e0931955-60a1-44c7-91ab-d64f736178cd:group-99243C9EFD84: set stopIndex = 0
2019-08-30 23:36:09,707 [ForkJoinPool.commonPool-worker-0] INFO  impl.RaftServerImpl (ServerState.java:close(394)) - e0931955-60a1-44c7-91ab-d64f736178cd:group-99243C9EFD84 closes. The last applied log index is 0
2019-08-30 23:36:09,708 [e0931955-60a1-44c7-91ab-d64f736178cd-SegmentedRaftLogWorker:Storage Directory /workdir/hadoop-ozone/integration-test/target/test-dir/MiniOzoneClusterImpl-cd3b51ba-7d2f-4eb6-8b0c-706acb0cc0f6/datanode-2/data/ratis/78aaeec3-122d-4b5a-8f97-99243c9efd84] INFO  segmented.SegmentedRaftLogWorker (SegmentedRaftLogWorker.java:run(313)) - e0931955-60a1-44c7-91ab-d64f736178cd-SegmentedRaftLogWorker:Storage Directory /workdir/hadoop-ozone/integration-test/target/test-dir/MiniOzoneClusterImpl-cd3b51ba-7d2f-4eb6-8b0c-706acb0cc0f6/datanode-2/data/ratis/78aaeec3-122d-4b5a-8f97-99243c9efd84 was interrupted, exiting. There are 0 tasks remaining in the queue.
2019-08-30 23:36:09,711 [ForkJoinPool.commonPool-worker-0] INFO  segmented.SegmentedRaftLogWorker (SegmentedRaftLogWorker.java:close(228)) - e0931955-60a1-44c7-91ab-d64f736178cd-SegmentedRaftLogWorker:Storage Directory /workdir/hadoop-ozone/integration-test/target/test-dir/MiniOzoneClusterImpl-cd3b51ba-7d2f-4eb6-8b0c-706acb0cc0f6/datanode-2/data/ratis/78aaeec3-122d-4b5a-8f97-99243c9efd84 close()
2019-08-30 23:36:09,711 [refreshUsed-/workdir/hadoop-ozone/integration-test/target/test-dir/MiniOzoneClusterImpl-cd3b51ba-7d2f-4eb6-8b0c-706acb0cc0f6/datanode-3/data/containers] WARN  fs.CachingGetSpaceUsed (CachingGetSpaceUsed.java:run(183)) - Thread Interrupted waiting to refresh disk information: sleep interrupted
2019-08-30 23:36:09,715 [ForkJoinPool.commonPool-worker-0] INFO  impl.RaftServerImpl (RaftServerImpl.java:lambda$shutdown$3(245)) - e0931955-60a1-44c7-91ab-d64f736178cd: shutdown group-F6CCC1769731
2019-08-30 23:36:09,715 [ForkJoinPool.commonPool-worker-0] INFO  util.JmxRegister (JmxRegister.java:unregister(73)) - Successfully un-registered JMX Bean with object name Ratis:service=RaftServer,group=group-F6CCC1769731,id=e0931955-60a1-44c7-91ab-d64f736178cd
2019-08-30 23:36:09,716 [ForkJoinPool.commonPool-worker-0] INFO  impl.RoleInfo (RoleInfo.java:shutdownLeaderState(104)) - e0931955-60a1-44c7-91ab-d64f736178cd: shutdown LeaderState
2019-08-30 23:36:09,720 [ForkJoinPool.commonPool-worker-0] INFO  impl.PendingRequests (PendingRequests.java:sendNotLeaderResponses(202)) - e0931955-60a1-44c7-91ab-d64f736178cd-PendingRequests: sendNotLeaderResponses
2019-08-30 23:36:09,720 [org.apache.ratis.server.impl.LogAppender$AppenderDaemon$$Lambda$618/1814587843@63336ca9] WARN  server.GrpcLogAppender (GrpcLogAppender.java:mayWait(143)) - GrpcLogAppender(e0931955-60a1-44c7-91ab-d64f736178cd->d95ceee6-2e09-4cc8-a399-92fb5d246ede): Wait interrupted by java.lang.InterruptedException
2019-08-30 23:36:09,720 [org.apache.ratis.server.impl.LogAppender$AppenderDaemon$$Lambda$618/1814587843@2631eeab] WARN  server.GrpcLogAppender (GrpcLogAppender.java:mayWait(143)) - GrpcLogAppender(e0931955-60a1-44c7-91ab-d64f736178cd->89444f21-ffd5-4031-8cd3-eb65eafa98e5): Wait interrupted by java.lang.InterruptedException
2019-08-30 23:36:09,724 [StateMachineUpdater:e0931955-60a1-44c7-91ab-d64f736178cd:group-F6CCC1769731] INFO  ratis.ContainerStateMachine (ContainerStateMachine.java:takeSnapshot(284)) - group-F6CCC1769731: Taking a snapshot at:(t:2, i:6) file /workdir/hadoop-ozone/integration-test/target/test-dir/MiniOzoneClusterImpl-cd3b51ba-7d2f-4eb6-8b0c-706acb0cc0f6/datanode-2/data/ratis/a441d245-1fb3-489b-836d-f6ccc1769731/sm/snapshot.2_6
2019-08-30 23:36:09,724 [ForkJoinPool.commonPool-worker-0] INFO  impl.StateMachineUpdater (StateMachineUpdater.java:stopAndJoin(115)) - StateMachineUpdater:e0931955-60a1-44c7-91ab-d64f736178cd:group-F6CCC1769731: set stopIndex = 6
2019-08-30 23:36:09,725 [grpc-default-executor-7] INFO  server.GrpcServerProtocolService (GrpcServerProtocolService.java:onCompleted(104)) - 89444f21-ffd5-4031-8cd3-eb65eafa98e5: appendEntries completed
2019-08-30 23:36:09,724 [grpc-default-executor-11] INFO  server.GrpcServerProtocolService (GrpcServerProtocolService.java:onCompleted(104)) - d95ceee6-2e09-4cc8-a399-92fb5d246ede: appendEntries completed
2019-08-30 23:36:09,725 [grpc-default-executor-7] INFO  server.GrpcLogAppender (GrpcLogAppender.java:onCompleted(292)) - e0931955-60a1-44c7-91ab-d64f736178cd->89444f21-ffd5-4031-8cd3-eb65eafa98e5: follower responses appendEntries COMPLETED
2019-08-30 23:36:09,726 [grpc-default-executor-7] INFO  impl.FollowerInfo (FollowerInfo.java:lambda$new$0(50)) - e0931955-60a1-44c7-91ab-d64f736178cd->89444f21-ffd5-4031-8cd3-eb65eafa98e5: nextIndex: updateUnconditionally 7 -> 6
2019-08-30 23:36:09,726 [grpc-default-executor-7] INFO  server.GrpcLogAppender (GrpcLogAppender.java:onCompleted(292)) - e0931955-60a1-44c7-91ab-d64f736178cd->d95ceee6-2e09-4cc8-a399-92fb5d246ede: follower responses appendEntries COMPLETED
2019-08-30 23:36:09,727 [grpc-default-executor-7] INFO  impl.FollowerInfo (FollowerInfo.java:lambda$new$0(50)) - e0931955-60a1-44c7-91ab-d64f736178cd->d95ceee6-2e09-4cc8-a399-92fb5d246ede: nextIndex: updateUnconditionally 7 -> 6
2019-08-30 23:36:09,741 [main] INFO  utils.BackgroundService (BackgroundService.java:shutdown(148)) - Shutting down service BlockDeletingService
2019-08-30 23:36:09,745 [StateMachineUpdater:e0931955-60a1-44c7-91ab-d64f736178cd:group-F6CCC1769731] INFO  ratis.ContainerStateMachine (ContainerStateMachine.java:takeSnapshot(295)) - group-F6CCC1769731: Finished taking a snapshot at:(t:2, i:6) file:/workdir/hadoop-ozone/integration-test/target/test-dir/MiniOzoneClusterImpl-cd3b51ba-7d2f-4eb6-8b0c-706acb0cc0f6/datanode-2/data/ratis/a441d245-1fb3-489b-836d-f6ccc1769731/sm/snapshot.2_6 time:20
2019-08-30 23:36:09,745 [StateMachineUpdater:e0931955-60a1-44c7-91ab-d64f736178cd:group-F6CCC1769731] INFO  impl.StateMachineUpdater (StateMachineUpdater.java:takeSnapshot(242)) - StateMachineUpdater:e0931955-60a1-44c7-91ab-d64f736178cd:group-F6CCC1769731: Took a snapshot at index 6
2019-08-30 23:36:09,746 [main] INFO  statemachine.DatanodeStateMachine (DatanodeStateMachine.java:stopDaemon(395)) - Ozone container server stopped.
2019-08-30 23:36:09,746 [StateMachineUpdater:e0931955-60a1-44c7-91ab-d64f736178cd:group-F6CCC1769731] INFO  impl.StateMachineUpdater (StateMachineUpdater.java:lambda$new$0(80)) - StateMachineUpdater:e0931955-60a1-44c7-91ab-d64f736178cd:group-F6CCC1769731: snapshotIndex: updateIncreasingly -1 -> 6
2019-08-30 23:36:09,747 [ForkJoinPool.commonPool-worker-0] INFO  impl.RaftServerImpl (ServerState.java:close(394)) - e0931955-60a1-44c7-91ab-d64f736178cd:group-F6CCC1769731 closes. The last applied log index is 6
2019-08-30 23:36:09,747 [e0931955-60a1-44c7-91ab-d64f736178cd-SegmentedRaftLogWorker:Storage Directory /workdir/hadoop-ozone/integration-test/target/test-dir/MiniOzoneClusterImpl-cd3b51ba-7d2f-4eb6-8b0c-706acb0cc0f6/datanode-2/data/ratis/a441d245-1fb3-489b-836d-f6ccc1769731] INFO  segmented.SegmentedRaftLogWorker (SegmentedRaftLogWorker.java:run(313)) - e0931955-60a1-44c7-91ab-d64f736178cd-SegmentedRaftLogWorker:Storage Directory /workdir/hadoop-ozone/integration-test/target/test-dir/MiniOzoneClusterImpl-cd3b51ba-7d2f-4eb6-8b0c-706acb0cc0f6/datanode-2/data/ratis/a441d245-1fb3-489b-836d-f6ccc1769731 was interrupted, exiting. There are 0 tasks remaining in the queue.
2019-08-30 23:36:09,747 [main] INFO  handler.ContextHandler (ContextHandler.java:doStop(910)) - Stopped o.e.j.w.WebAppContext@2ad7bd26{/,null,UNAVAILABLE}{/hddsDatanode}
2019-08-30 23:36:09,749 [ForkJoinPool.commonPool-worker-0] INFO  segmented.SegmentedRaftLogWorker (SegmentedRaftLogWorker.java:close(228)) - e0931955-60a1-44c7-91ab-d64f736178cd-SegmentedRaftLogWorker:Storage Directory /workdir/hadoop-ozone/integration-test/target/test-dir/MiniOzoneClusterImpl-cd3b51ba-7d2f-4eb6-8b0c-706acb0cc0f6/datanode-2/data/ratis/a441d245-1fb3-489b-836d-f6ccc1769731 close()
2019-08-30 23:36:09,760 [ForkJoinPool.commonPool-worker-0] INFO  server.GrpcService (GrpcService.java:closeImpl(155)) - e0931955-60a1-44c7-91ab-d64f736178cd: shutdown server with port 35323 now
2019-08-30 23:36:09,760 [main] INFO  server.AbstractConnector (AbstractConnector.java:doStop(318)) - Stopped ServerConnector@3cc3f13e{HTTP/1.1,[http/1.1]}{0.0.0.0:0}
2019-08-30 23:36:09,760 [main] INFO  handler.ContextHandler (ContextHandler.java:doStop(910)) - Stopped o.e.j.s.ServletContextHandler@5c234920{/static,jar:file:/home/user/.m2/repository/org/apache/hadoop/hadoop-hdds-container-service/0.5.0-SNAPSHOT/hadoop-hdds-container-service-0.5.0-SNAPSHOT.jar!/webapps/static,UNAVAILABLE}
2019-08-30 23:36:09,761 [grpc-default-executor-13] WARN  client.GrpcClientProtocolService (LogUtils.java:warn(134)) - 4-UnorderedRequestStreamObserver4: onError: org.apache.ratis.thirdparty.io.grpc.StatusRuntimeException: CANCELLED: cancelled before receiving half close
2019-08-30 23:36:09,761 [ForkJoinPool.commonPool-worker-0] INFO  server.GrpcService (GrpcService.java:closeImpl(163)) - e0931955-60a1-44c7-91ab-d64f736178cd: shutdown server with port 35323 successfully
2019-08-30 23:36:09,760 [grpc-default-executor-11] WARN  client.GrpcClientProtocolService (LogUtils.java:warn(134)) - 3-UnorderedRequestStreamObserver3: onError: org.apache.ratis.thirdparty.io.grpc.StatusRuntimeException: CANCELLED: cancelled before receiving half close
2019-08-30 23:36:09,761 [main] INFO  handler.ContextHandler (ContextHandler.java:doStop(910)) - Stopped o.e.j.s.ServletContextHandler@29bd85db{/logs,file:///workdir/hadoop-ozone/integration-test/target/log,UNAVAILABLE}
2019-08-30 23:36:09,768 [refreshUsed-/workdir/hadoop-ozone/integration-test/target/test-dir/MiniOzoneClusterImpl-cd3b51ba-7d2f-4eb6-8b0c-706acb0cc0f6/datanode-2/data/containers] WARN  fs.CachingGetSpaceUsed (CachingGetSpaceUsed.java:run(183)) - Thread Interrupted waiting to refresh disk information: sleep interrupted
2019-08-30 23:36:09,774 [Datanode State Machine Thread - 0] INFO  statemachine.DatanodeStateMachine (DatanodeStateMachine.java:lambda$startDaemon$0(350)) - Ozone container server started.
2019-08-30 23:36:09,783 [ForkJoinPool.commonPool-worker-0] INFO  utils.BackgroundService (BackgroundService.java:shutdown(148)) - Shutting down service BlockDeletingService
2019-08-30 23:36:09,792 [ForkJoinPool.commonPool-worker-0] INFO  statemachine.DatanodeStateMachine (DatanodeStateMachine.java:stopDaemon(395)) - Ozone container server stopped.
2019-08-30 23:36:09,797 [ForkJoinPool.commonPool-worker-0] INFO  handler.ContextHandler (ContextHandler.java:doStop(910)) - Stopped o.e.j.w.WebAppContext@7b5021d1{/,null,UNAVAILABLE}{/hddsDatanode}
2019-08-30 23:36:09,798 [ForkJoinPool.commonPool-worker-0] INFO  server.AbstractConnector (AbstractConnector.java:doStop(318)) - Stopped ServerConnector@6befbb12{HTTP/1.1,[http/1.1]}{0.0.0.0:0}
2019-08-30 23:36:09,799 [ForkJoinPool.commonPool-worker-0] INFO  handler.ContextHandler (ContextHandler.java:doStop(910)) - Stopped o.e.j.s.ServletContextHandler@6f315b08{/static,jar:file:/home/user/.m2/repository/org/apache/hadoop/hadoop-hdds-container-service/0.5.0-SNAPSHOT/hadoop-hdds-container-service-0.5.0-SNAPSHOT.jar!/webapps/static,UNAVAILABLE}
2019-08-30 23:36:09,800 [ForkJoinPool.commonPool-worker-0] INFO  handler.ContextHandler (ContextHandler.java:doStop(910)) - Stopped o.e.j.s.ServletContextHandler@17fbfb02{/logs,file:///workdir/hadoop-ozone/integration-test/target/log,UNAVAILABLE}
2019-08-30 23:36:10,222 [Datanode State Machine Thread - 0] INFO  statemachine.DatanodeStateMachine (DatanodeStateMachine.java:lambda$startDaemon$0(350)) - Ozone container server started.
2019-08-30 23:36:13,869 [EventQueue-StaleNodeForStaleNodeHandler] INFO  node.StaleNodeHandler (StaleNodeHandler.java:onMessage(58)) - Datanode a9b4b662-87dc-4b3f-b4fd-4a422c327ff5{ip: 192.168.69.97, host: pr-hdds-2065-gthbc-3516972114, networkLocation: /default-rack, certSerialId: null} moved to stale state. Finalizing its pipelines [PipelineID=0fdbbca7-12b1-415b-8907-b7dce81f5abe, PipelineID=cd1623e2-c6f2-4c34-806c-36ed93e169fc]
2019-08-30 23:36:13,869 [EventQueue-StaleNodeForStaleNodeHandler] INFO  pipeline.SCMPipelineManager (SCMPipelineManager.java:finalizeAndDestroyPipeline(309)) - destroying pipeline:Pipeline[ Id: 0fdbbca7-12b1-415b-8907-b7dce81f5abe, Nodes: a9b4b662-87dc-4b3f-b4fd-4a422c327ff5{ip: 192.168.69.97, host: pr-hdds-2065-gthbc-3516972114, networkLocation: /default-rack, certSerialId: null}, Type:RATIS, Factor:ONE, State:OPEN]
2019-08-30 23:36:13,869 [EventQueue-StaleNodeForStaleNodeHandler] INFO  pipeline.PipelineStateManager (PipelineStateManager.java:finalizePipeline(123)) - Pipeline Pipeline[ Id: 0fdbbca7-12b1-415b-8907-b7dce81f5abe, Nodes: a9b4b662-87dc-4b3f-b4fd-4a422c327ff5{ip: 192.168.69.97, host: pr-hdds-2065-gthbc-3516972114, networkLocation: /default-rack, certSerialId: null}, Type:RATIS, Factor:ONE, State:CLOSED] moved to CLOSED state
2019-08-30 23:36:13,870 [EventQueue-StaleNodeForStaleNodeHandler] INFO  pipeline.SCMPipelineManager (SCMPipelineManager.java:finalizeAndDestroyPipeline(309)) - destroying pipeline:Pipeline[ Id: cd1623e2-c6f2-4c34-806c-36ed93e169fc, Nodes: a9b4b662-87dc-4b3f-b4fd-4a422c327ff5{ip: 192.168.69.97, host: pr-hdds-2065-gthbc-3516972114, networkLocation: /default-rack, certSerialId: null}55d75777-35f1-49de-95e2-8c28089e6f45{ip: 192.168.69.97, host: pr-hdds-2065-gthbc-3516972114, networkLocation: /default-rack, certSerialId: null}02cc4af1-34eb-47d4-9c65-d28f0498788e{ip: 192.168.69.97, host: pr-hdds-2065-gthbc-3516972114, networkLocation: /default-rack, certSerialId: null}, Type:RATIS, Factor:THREE, State:CLOSED]
2019-08-30 23:36:14,270 [EventQueue-StaleNodeForStaleNodeHandler] INFO  node.StaleNodeHandler (StaleNodeHandler.java:onMessage(58)) - Datanode 89444f21-ffd5-4031-8cd3-eb65eafa98e5{ip: 192.168.69.97, host: pr-hdds-2065-gthbc-3516972114, networkLocation: /default-rack, certSerialId: null} moved to stale state. Finalizing its pipelines [PipelineID=a441d245-1fb3-489b-836d-f6ccc1769731, PipelineID=bfc811b4-b9f8-49d7-ac6c-fcd2b4cf2a7c]
2019-08-30 23:36:14,270 [EventQueue-StaleNodeForStaleNodeHandler] INFO  pipeline.SCMPipelineManager (SCMPipelineManager.java:finalizeAndDestroyPipeline(309)) - destroying pipeline:Pipeline[ Id: a441d245-1fb3-489b-836d-f6ccc1769731, Nodes: d95ceee6-2e09-4cc8-a399-92fb5d246ede{ip: 192.168.69.97, host: pr-hdds-2065-gthbc-3516972114, networkLocation: /default-rack, certSerialId: null}89444f21-ffd5-4031-8cd3-eb65eafa98e5{ip: 192.168.69.97, host: pr-hdds-2065-gthbc-3516972114, networkLocation: /default-rack, certSerialId: null}e0931955-60a1-44c7-91ab-d64f736178cd{ip: 192.168.69.97, host: pr-hdds-2065-gthbc-3516972114, networkLocation: /default-rack, certSerialId: null}, Type:RATIS, Factor:THREE, State:CLOSED]
2019-08-30 23:36:14,270 [EventQueue-StaleNodeForStaleNodeHandler] INFO  pipeline.SCMPipelineManager (SCMPipelineManager.java:finalizeAndDestroyPipeline(309)) - destroying pipeline:Pipeline[ Id: bfc811b4-b9f8-49d7-ac6c-fcd2b4cf2a7c, Nodes: 89444f21-ffd5-4031-8cd3-eb65eafa98e5{ip: 192.168.69.97, host: pr-hdds-2065-gthbc-3516972114, networkLocation: /default-rack, certSerialId: null}, Type:RATIS, Factor:ONE, State:OPEN]
2019-08-30 23:36:14,271 [EventQueue-StaleNodeForStaleNodeHandler] INFO  pipeline.PipelineStateManager (PipelineStateManager.java:finalizePipeline(123)) - Pipeline Pipeline[ Id: bfc811b4-b9f8-49d7-ac6c-fcd2b4cf2a7c, Nodes: 89444f21-ffd5-4031-8cd3-eb65eafa98e5{ip: 192.168.69.97, host: pr-hdds-2065-gthbc-3516972114, networkLocation: /default-rack, certSerialId: null}, Type:RATIS, Factor:ONE, State:CLOSED] moved to CLOSED state
2019-08-30 23:36:14,764 [main] INFO  ozoneimpl.OzoneContainer (OzoneContainer.java:stop(215)) - Attempting to stop container services.
2019-08-30 23:36:14,765 [main] INFO  impl.RaftServerProxy (RaftServerProxy.java:lambda$close$4(314)) - a9b4b662-87dc-4b3f-b4fd-4a422c327ff5: close
2019-08-30 23:36:14,766 [main] INFO  impl.RaftServerImpl (RaftServerImpl.java:lambda$shutdown$3(245)) - a9b4b662-87dc-4b3f-b4fd-4a422c327ff5: shutdown group-B7DCE81F5ABE
2019-08-30 23:36:14,766 [main] INFO  util.JmxRegister (JmxRegister.java:unregister(73)) - Successfully un-registered JMX Bean with object name Ratis:service=RaftServer,group=group-B7DCE81F5ABE,id=a9b4b662-87dc-4b3f-b4fd-4a422c327ff5
2019-08-30 23:36:14,767 [main] INFO  impl.RoleInfo (RoleInfo.java:shutdownLeaderState(104)) - a9b4b662-87dc-4b3f-b4fd-4a422c327ff5: shutdown LeaderState
2019-08-30 23:36:14,767 [main] INFO  impl.PendingRequests (PendingRequests.java:sendNotLeaderResponses(202)) - a9b4b662-87dc-4b3f-b4fd-4a422c327ff5-PendingRequests: sendNotLeaderResponses
2019-08-30 23:36:14,768 [main] INFO  impl.StateMachineUpdater (StateMachineUpdater.java:stopAndJoin(115)) - StateMachineUpdater:a9b4b662-87dc-4b3f-b4fd-4a422c327ff5:group-B7DCE81F5ABE: set stopIndex = 0
2019-08-30 23:36:14,768 [main] INFO  impl.RaftServerImpl (ServerState.java:close(394)) - a9b4b662-87dc-4b3f-b4fd-4a422c327ff5:group-B7DCE81F5ABE closes. The last applied log index is 0
2019-08-30 23:36:14,769 [a9b4b662-87dc-4b3f-b4fd-4a422c327ff5-SegmentedRaftLogWorker:Storage Directory /workdir/hadoop-ozone/integration-test/target/test-dir/MiniOzoneClusterImpl-cd3b51ba-7d2f-4eb6-8b0c-706acb0cc0f6/datanode-6/data/ratis/0fdbbca7-12b1-415b-8907-b7dce81f5abe] INFO  segmented.SegmentedRaftLogWorker (SegmentedRaftLogWorker.java:run(313)) - a9b4b662-87dc-4b3f-b4fd-4a422c327ff5-SegmentedRaftLogWorker:Storage Directory /workdir/hadoop-ozone/integration-test/target/test-dir/MiniOzoneClusterImpl-cd3b51ba-7d2f-4eb6-8b0c-706acb0cc0f6/datanode-6/data/ratis/0fdbbca7-12b1-415b-8907-b7dce81f5abe was interrupted, exiting. There are 0 tasks remaining in the queue.
2019-08-30 23:36:14,771 [main] INFO  segmented.SegmentedRaftLogWorker (SegmentedRaftLogWorker.java:close(228)) - a9b4b662-87dc-4b3f-b4fd-4a422c327ff5-SegmentedRaftLogWorker:Storage Directory /workdir/hadoop-ozone/integration-test/target/test-dir/MiniOzoneClusterImpl-cd3b51ba-7d2f-4eb6-8b0c-706acb0cc0f6/datanode-6/data/ratis/0fdbbca7-12b1-415b-8907-b7dce81f5abe close()
2019-08-30 23:36:14,773 [main] INFO  impl.RaftServerImpl (RaftServerImpl.java:lambda$shutdown$3(245)) - a9b4b662-87dc-4b3f-b4fd-4a422c327ff5: shutdown group-36ED93E169FC
2019-08-30 23:36:14,774 [main] INFO  util.JmxRegister (JmxRegister.java:unregister(73)) - Successfully un-registered JMX Bean with object name Ratis:service=RaftServer,group=group-36ED93E169FC,id=a9b4b662-87dc-4b3f-b4fd-4a422c327ff5
2019-08-30 23:36:14,774 [main] INFO  impl.RoleInfo (RoleInfo.java:shutdownFollowerState(121)) - a9b4b662-87dc-4b3f-b4fd-4a422c327ff5: shutdown FollowerState
2019-08-30 23:36:14,775 [main] INFO  impl.StateMachineUpdater (StateMachineUpdater.java:stopAndJoin(115)) - StateMachineUpdater:a9b4b662-87dc-4b3f-b4fd-4a422c327ff5:group-36ED93E169FC: set stopIndex = 6
2019-08-30 23:36:14,775 [StateMachineUpdater:a9b4b662-87dc-4b3f-b4fd-4a422c327ff5:group-36ED93E169FC] INFO  ratis.ContainerStateMachine (ContainerStateMachine.java:takeSnapshot(284)) - group-36ED93E169FC: Taking a snapshot at:(t:1, i:4) file /workdir/hadoop-ozone/integration-test/target/test-dir/MiniOzoneClusterImpl-cd3b51ba-7d2f-4eb6-8b0c-706acb0cc0f6/datanode-6/data/ratis/cd1623e2-c6f2-4c34-806c-36ed93e169fc/sm/snapshot.1_4
2019-08-30 23:36:14,775 [Thread-4123] INFO  impl.FollowerState (FollowerState.java:run(114)) - a9b4b662-87dc-4b3f-b4fd-4a422c327ff5: FollowerState was interrupted: java.lang.InterruptedException: sleep interrupted
2019-08-30 23:36:14,803 [ForkJoinPool.commonPool-worker-0] INFO  ozoneimpl.OzoneContainer (OzoneContainer.java:stop(215)) - Attempting to stop container services.
2019-08-30 23:36:14,804 [ForkJoinPool.commonPool-worker-0] INFO  impl.RaftServerProxy (RaftServerProxy.java:lambda$close$4(314)) - 89444f21-ffd5-4031-8cd3-eb65eafa98e5: close
2019-08-30 23:36:14,804 [ForkJoinPool.commonPool-worker-0] INFO  impl.RaftServerImpl (RaftServerImpl.java:lambda$shutdown$3(245)) - 89444f21-ffd5-4031-8cd3-eb65eafa98e5: shutdown group-F6CCC1769731
2019-08-30 23:36:14,804 [ForkJoinPool.commonPool-worker-0] INFO  util.JmxRegister (JmxRegister.java:unregister(73)) - Successfully un-registered JMX Bean with object name Ratis:service=RaftServer,group=group-F6CCC1769731,id=89444f21-ffd5-4031-8cd3-eb65eafa98e5
2019-08-30 23:36:14,805 [ForkJoinPool.commonPool-worker-0] INFO  impl.RoleInfo (RoleInfo.java:shutdownFollowerState(121)) - 89444f21-ffd5-4031-8cd3-eb65eafa98e5: shutdown FollowerState
2019-08-30 23:36:14,805 [ForkJoinPool.commonPool-worker-0] INFO  impl.StateMachineUpdater (StateMachineUpdater.java:stopAndJoin(115)) - StateMachineUpdater:89444f21-ffd5-4031-8cd3-eb65eafa98e5:group-F6CCC1769731: set stopIndex = 6
2019-08-30 23:36:14,805 [Thread-4154] INFO  impl.FollowerState (FollowerState.java:run(114)) - 89444f21-ffd5-4031-8cd3-eb65eafa98e5: FollowerState was interrupted: java.lang.InterruptedException: sleep interrupted
2019-08-30 23:36:14,805 [StateMachineUpdater:89444f21-ffd5-4031-8cd3-eb65eafa98e5:group-F6CCC1769731] INFO  ratis.ContainerStateMachine (ContainerStateMachine.java:takeSnapshot(284)) - group-F6CCC1769731: Taking a snapshot at:(t:2, i:6) file /workdir/hadoop-ozone/integration-test/target/test-dir/MiniOzoneClusterImpl-cd3b51ba-7d2f-4eb6-8b0c-706acb0cc0f6/datanode-0/data/ratis/a441d245-1fb3-489b-836d-f6ccc1769731/sm/snapshot.2_6
2019-08-30 23:36:14,814 [StateMachineUpdater:a9b4b662-87dc-4b3f-b4fd-4a422c327ff5:group-36ED93E169FC] INFO  ratis.ContainerStateMachine (ContainerStateMachine.java:takeSnapshot(295)) - group-36ED93E169FC: Finished taking a snapshot at:(t:1, i:4) file:/workdir/hadoop-ozone/integration-test/target/test-dir/MiniOzoneClusterImpl-cd3b51ba-7d2f-4eb6-8b0c-706acb0cc0f6/datanode-6/data/ratis/cd1623e2-c6f2-4c34-806c-36ed93e169fc/sm/snapshot.1_4 time:39
2019-08-30 23:36:14,814 [StateMachineUpdater:a9b4b662-87dc-4b3f-b4fd-4a422c327ff5:group-36ED93E169FC] INFO  impl.StateMachineUpdater (StateMachineUpdater.java:takeSnapshot(242)) - StateMachineUpdater:a9b4b662-87dc-4b3f-b4fd-4a422c327ff5:group-36ED93E169FC: Took a snapshot at index 4
2019-08-30 23:36:14,814 [StateMachineUpdater:a9b4b662-87dc-4b3f-b4fd-4a422c327ff5:group-36ED93E169FC] INFO  impl.StateMachineUpdater (StateMachineUpdater.java:lambda$new$0(80)) - StateMachineUpdater:a9b4b662-87dc-4b3f-b4fd-4a422c327ff5:group-36ED93E169FC: snapshotIndex: updateIncreasingly -1 -> 4
2019-08-30 23:36:14,815 [main] INFO  impl.RaftServerImpl (ServerState.java:close(394)) - a9b4b662-87dc-4b3f-b4fd-4a422c327ff5:group-36ED93E169FC closes. The last applied log index is 6
2019-08-30 23:36:14,815 [a9b4b662-87dc-4b3f-b4fd-4a422c327ff5-SegmentedRaftLogWorker:Storage Directory /workdir/hadoop-ozone/integration-test/target/test-dir/MiniOzoneClusterImpl-cd3b51ba-7d2f-4eb6-8b0c-706acb0cc0f6/datanode-6/data/ratis/cd1623e2-c6f2-4c34-806c-36ed93e169fc] INFO  segmented.SegmentedRaftLogWorker (SegmentedRaftLogWorker.java:run(313)) - a9b4b662-87dc-4b3f-b4fd-4a422c327ff5-SegmentedRaftLogWorker:Storage Directory /workdir/hadoop-ozone/integration-test/target/test-dir/MiniOzoneClusterImpl-cd3b51ba-7d2f-4eb6-8b0c-706acb0cc0f6/datanode-6/data/ratis/cd1623e2-c6f2-4c34-806c-36ed93e169fc was interrupted, exiting. There are 0 tasks remaining in the queue.
2019-08-30 23:36:14,817 [main] INFO  segmented.SegmentedRaftLogWorker (SegmentedRaftLogWorker.java:close(228)) - a9b4b662-87dc-4b3f-b4fd-4a422c327ff5-SegmentedRaftLogWorker:Storage Directory /workdir/hadoop-ozone/integration-test/target/test-dir/MiniOzoneClusterImpl-cd3b51ba-7d2f-4eb6-8b0c-706acb0cc0f6/datanode-6/data/ratis/cd1623e2-c6f2-4c34-806c-36ed93e169fc close()
2019-08-30 23:36:14,819 [main] INFO  server.GrpcService (GrpcService.java:closeImpl(155)) - a9b4b662-87dc-4b3f-b4fd-4a422c327ff5: shutdown server with port 39703 now
2019-08-30 23:36:14,819 [main] INFO  server.GrpcService (GrpcService.java:closeImpl(163)) - a9b4b662-87dc-4b3f-b4fd-4a422c327ff5: shutdown server with port 39703 successfully
2019-08-30 23:36:14,829 [refreshUsed-/workdir/hadoop-ozone/integration-test/target/test-dir/MiniOzoneClusterImpl-cd3b51ba-7d2f-4eb6-8b0c-706acb0cc0f6/datanode-6/data/containers] WARN  fs.CachingGetSpaceUsed (CachingGetSpaceUsed.java:run(183)) - Thread Interrupted waiting to refresh disk information: sleep interrupted
2019-08-30 23:36:14,829 [StateMachineUpdater:89444f21-ffd5-4031-8cd3-eb65eafa98e5:group-F6CCC1769731] INFO  ratis.ContainerStateMachine (ContainerStateMachine.java:takeSnapshot(295)) - group-F6CCC1769731: Finished taking a snapshot at:(t:2, i:6) file:/workdir/hadoop-ozone/integration-test/target/test-dir/MiniOzoneClusterImpl-cd3b51ba-7d2f-4eb6-8b0c-706acb0cc0f6/datanode-0/data/ratis/a441d245-1fb3-489b-836d-f6ccc1769731/sm/snapshot.2_6 time:24
2019-08-30 23:36:14,830 [StateMachineUpdater:89444f21-ffd5-4031-8cd3-eb65eafa98e5:group-F6CCC1769731] INFO  impl.StateMachineUpdater (StateMachineUpdater.java:takeSnapshot(242)) - StateMachineUpdater:89444f21-ffd5-4031-8cd3-eb65eafa98e5:group-F6CCC1769731: Took a snapshot at index 6
2019-08-30 23:36:14,830 [StateMachineUpdater:89444f21-ffd5-4031-8cd3-eb65eafa98e5:group-F6CCC1769731] INFO  impl.StateMachineUpdater (StateMachineUpdater.java:lambda$new$0(80)) - StateMachineUpdater:89444f21-ffd5-4031-8cd3-eb65eafa98e5:group-F6CCC1769731: snapshotIndex: updateIncreasingly -1 -> 6
2019-08-30 23:36:14,830 [ForkJoinPool.commonPool-worker-0] INFO  impl.RaftServerImpl (ServerState.java:close(394)) - 89444f21-ffd5-4031-8cd3-eb65eafa98e5:group-F6CCC1769731 closes. The last applied log index is 6
2019-08-30 23:36:14,831 [89444f21-ffd5-4031-8cd3-eb65eafa98e5-SegmentedRaftLogWorker:Storage Directory /workdir/hadoop-ozone/integration-test/target/test-dir/MiniOzoneClusterImpl-cd3b51ba-7d2f-4eb6-8b0c-706acb0cc0f6/datanode-0/data/ratis/a441d245-1fb3-489b-836d-f6ccc1769731] INFO  segmented.SegmentedRaftLogWorker (SegmentedRaftLogWorker.java:run(313)) - 89444f21-ffd5-4031-8cd3-eb65eafa98e5-SegmentedRaftLogWorker:Storage Directory /workdir/hadoop-ozone/integration-test/target/test-dir/MiniOzoneClusterImpl-cd3b51ba-7d2f-4eb6-8b0c-706acb0cc0f6/datanode-0/data/ratis/a441d245-1fb3-489b-836d-f6ccc1769731 was interrupted, exiting. There are 0 tasks remaining in the queue.
2019-08-30 23:36:14,832 [ForkJoinPool.commonPool-worker-0] INFO  segmented.SegmentedRaftLogWorker (SegmentedRaftLogWorker.java:close(228)) - 89444f21-ffd5-4031-8cd3-eb65eafa98e5-SegmentedRaftLogWorker:Storage Directory /workdir/hadoop-ozone/integration-test/target/test-dir/MiniOzoneClusterImpl-cd3b51ba-7d2f-4eb6-8b0c-706acb0cc0f6/datanode-0/data/ratis/a441d245-1fb3-489b-836d-f6ccc1769731 close()
2019-08-30 23:36:14,839 [ForkJoinPool.commonPool-worker-0] INFO  impl.RaftServerImpl (RaftServerImpl.java:lambda$shutdown$3(245)) - 89444f21-ffd5-4031-8cd3-eb65eafa98e5: shutdown group-FCD2B4CF2A7C
2019-08-30 23:36:14,839 [ForkJoinPool.commonPool-worker-0] INFO  util.JmxRegister (JmxRegister.java:unregister(73)) - Successfully un-registered JMX Bean with object name Ratis:service=RaftServer,group=group-FCD2B4CF2A7C,id=89444f21-ffd5-4031-8cd3-eb65eafa98e5
2019-08-30 23:36:14,839 [ForkJoinPool.commonPool-worker-0] INFO  impl.RoleInfo (RoleInfo.java:shutdownLeaderState(104)) - 89444f21-ffd5-4031-8cd3-eb65eafa98e5: shutdown LeaderState
2019-08-30 23:36:14,840 [ForkJoinPool.commonPool-worker-0] INFO  impl.PendingRequests (PendingRequests.java:sendNotLeaderResponses(202)) - 89444f21-ffd5-4031-8cd3-eb65eafa98e5-PendingRequests: sendNotLeaderResponses
2019-08-30 23:36:14,840 [ForkJoinPool.commonPool-worker-0] INFO  impl.StateMachineUpdater (StateMachineUpdater.java:stopAndJoin(115)) - StateMachineUpdater:89444f21-ffd5-4031-8cd3-eb65eafa98e5:group-FCD2B4CF2A7C: set stopIndex = 0
2019-08-30 23:36:14,840 [ForkJoinPool.commonPool-worker-0] INFO  impl.RaftServerImpl (ServerState.java:close(394)) - 89444f21-ffd5-4031-8cd3-eb65eafa98e5:group-FCD2B4CF2A7C closes. The last applied log index is 0
2019-08-30 23:36:14,841 [89444f21-ffd5-4031-8cd3-eb65eafa98e5-SegmentedRaftLogWorker:Storage Directory /workdir/hadoop-ozone/integration-test/target/test-dir/MiniOzoneClusterImpl-cd3b51ba-7d2f-4eb6-8b0c-706acb0cc0f6/datanode-0/data/ratis/bfc811b4-b9f8-49d7-ac6c-fcd2b4cf2a7c] INFO  segmented.SegmentedRaftLogWorker (SegmentedRaftLogWorker.java:run(313)) - 89444f21-ffd5-4031-8cd3-eb65eafa98e5-SegmentedRaftLogWorker:Storage Directory /workdir/hadoop-ozone/integration-test/target/test-dir/MiniOzoneClusterImpl-cd3b51ba-7d2f-4eb6-8b0c-706acb0cc0f6/datanode-0/data/ratis/bfc811b4-b9f8-49d7-ac6c-fcd2b4cf2a7c was interrupted, exiting. There are 0 tasks remaining in the queue.
2019-08-30 23:36:14,841 [ForkJoinPool.commonPool-worker-0] INFO  segmented.SegmentedRaftLogWorker (SegmentedRaftLogWorker.java:close(228)) - 89444f21-ffd5-4031-8cd3-eb65eafa98e5-SegmentedRaftLogWorker:Storage Directory /workdir/hadoop-ozone/integration-test/target/test-dir/MiniOzoneClusterImpl-cd3b51ba-7d2f-4eb6-8b0c-706acb0cc0f6/datanode-0/data/ratis/bfc811b4-b9f8-49d7-ac6c-fcd2b4cf2a7c close()
2019-08-30 23:36:14,842 [ForkJoinPool.commonPool-worker-0] INFO  server.GrpcService (GrpcService.java:closeImpl(155)) - 89444f21-ffd5-4031-8cd3-eb65eafa98e5: shutdown server with port 43550 now
2019-08-30 23:36:14,842 [ForkJoinPool.commonPool-worker-0] INFO  server.GrpcService (GrpcService.java:closeImpl(163)) - 89444f21-ffd5-4031-8cd3-eb65eafa98e5: shutdown server with port 43550 successfully
2019-08-30 23:36:14,848 [refreshUsed-/workdir/hadoop-ozone/integration-test/target/test-dir/MiniOzoneClusterImpl-cd3b51ba-7d2f-4eb6-8b0c-706acb0cc0f6/datanode-0/data/containers] WARN  fs.CachingGetSpaceUsed (CachingGetSpaceUsed.java:run(183)) - Thread Interrupted waiting to refresh disk information: sleep interrupted
2019-08-30 23:36:14,854 [main] INFO  utils.BackgroundService (BackgroundService.java:shutdown(148)) - Shutting down service BlockDeletingService
2019-08-30 23:36:14,858 [main] INFO  statemachine.DatanodeStateMachine (DatanodeStateMachine.java:stopDaemon(395)) - Ozone container server stopped.
2019-08-30 23:36:14,859 [main] INFO  handler.ContextHandler (ContextHandler.java:doStop(910)) - Stopped o.e.j.w.WebAppContext@5d66ae3a{/,null,UNAVAILABLE}{/hddsDatanode}
2019-08-30 23:36:14,860 [main] INFO  server.AbstractConnector (AbstractConnector.java:doStop(318)) - Stopped ServerConnector@50f4b83d{HTTP/1.1,[http/1.1]}{0.0.0.0:0}
2019-08-30 23:36:14,860 [main] INFO  handler.ContextHandler (ContextHandler.java:doStop(910)) - Stopped o.e.j.s.ServletContextHandler@48ccbb32{/static,jar:file:/home/user/.m2/repository/org/apache/hadoop/hadoop-hdds-container-service/0.5.0-SNAPSHOT/hadoop-hdds-container-service-0.5.0-SNAPSHOT.jar!/webapps/static,UNAVAILABLE}
2019-08-30 23:36:14,861 [main] INFO  handler.ContextHandler (ContextHandler.java:doStop(910)) - Stopped o.e.j.s.ServletContextHandler@383cdd4d{/logs,file:///workdir/hadoop-ozone/integration-test/target/log,UNAVAILABLE}
2019-08-30 23:36:14,869 [ForkJoinPool.commonPool-worker-0] INFO  utils.BackgroundService (BackgroundService.java:shutdown(148)) - Shutting down service BlockDeletingService
2019-08-30 23:36:14,876 [ForkJoinPool.commonPool-worker-0] INFO  statemachine.DatanodeStateMachine (DatanodeStateMachine.java:stopDaemon(395)) - Ozone container server stopped.
2019-08-30 23:36:14,883 [ForkJoinPool.commonPool-worker-0] INFO  handler.ContextHandler (ContextHandler.java:doStop(910)) - Stopped o.e.j.w.WebAppContext@1ec88aa1{/,null,UNAVAILABLE}{/hddsDatanode}
2019-08-30 23:36:14,883 [ForkJoinPool.commonPool-worker-0] INFO  server.AbstractConnector (AbstractConnector.java:doStop(318)) - Stopped ServerConnector@3e6748ae{HTTP/1.1,[http/1.1]}{0.0.0.0:0}
2019-08-30 23:36:14,885 [ForkJoinPool.commonPool-worker-0] INFO  handler.ContextHandler (ContextHandler.java:doStop(910)) - Stopped o.e.j.s.ServletContextHandler@407b8435{/static,jar:file:/home/user/.m2/repository/org/apache/hadoop/hadoop-hdds-container-service/0.5.0-SNAPSHOT/hadoop-hdds-container-service-0.5.0-SNAPSHOT.jar!/webapps/static,UNAVAILABLE}
2019-08-30 23:36:14,887 [ForkJoinPool.commonPool-worker-0] INFO  handler.ContextHandler (ContextHandler.java:doStop(910)) - Stopped o.e.j.s.ServletContextHandler@569348e1{/logs,file:///workdir/hadoop-ozone/integration-test/target/log,UNAVAILABLE}
2019-08-30 23:36:15,244 [Datanode State Machine Thread - 0] INFO  statemachine.DatanodeStateMachine (DatanodeStateMachine.java:lambda$startDaemon$0(350)) - Ozone container server started.
2019-08-30 23:36:15,504 [Thread-4153] INFO  impl.FollowerState (FollowerState.java:run(106)) - d95ceee6-2e09-4cc8-a399-92fb5d246ede:group-F6CCC1769731 changes to CANDIDATE, lastRpcTime:6223, electionTimeout:5182ms
2019-08-30 23:36:15,505 [Thread-4153] INFO  impl.RoleInfo (RoleInfo.java:shutdownFollowerState(121)) - d95ceee6-2e09-4cc8-a399-92fb5d246ede: shutdown FollowerState
2019-08-30 23:36:15,505 [Thread-4153] INFO  impl.RaftServerImpl (RaftServerImpl.java:setRole(171)) - d95ceee6-2e09-4cc8-a399-92fb5d246ede:group-F6CCC1769731 changes role from FOLLOWER to CANDIDATE at term 2 for changeToCandidate
2019-08-30 23:36:15,505 [Thread-4153] INFO  impl.RoleInfo (RoleInfo.java:updateAndGet(143)) - d95ceee6-2e09-4cc8-a399-92fb5d246ede: start LeaderElection
2019-08-30 23:36:15,508 [d95ceee6-2e09-4cc8-a399-92fb5d246ede:group-F6CCC1769731:LeaderElection94] INFO  impl.RaftServerImpl (ServerState.java:setLeader(263)) - d95ceee6-2e09-4cc8-a399-92fb5d246ede:group-F6CCC1769731 change Leader from e0931955-60a1-44c7-91ab-d64f736178cd to null at term 2 for initElection
2019-08-30 23:36:15,535 [d95ceee6-2e09-4cc8-a399-92fb5d246ede:group-F6CCC1769731:LeaderElection94] INFO  impl.LeaderElection (LeaderElection.java:askForVotes(181)) - d95ceee6-2e09-4cc8-a399-92fb5d246ede:group-F6CCC1769731:LeaderElection94: begin an election at term 3 for 0: [e0931955-60a1-44c7-91ab-d64f736178cd:192.168.69.97:35323, d95ceee6-2e09-4cc8-a399-92fb5d246ede:192.168.69.97:35799, 89444f21-ffd5-4031-8cd3-eb65eafa98e5:192.168.69.97:43550], old=null
2019-08-30 23:36:15,537 [d95ceee6-2e09-4cc8-a399-92fb5d246ede:group-F6CCC1769731:LeaderElection94] INFO  impl.LeaderElection (LogUtils.java:infoOrTrace(149)) - d95ceee6-2e09-4cc8-a399-92fb5d246ede:group-F6CCC1769731:LeaderElection94 got exception when requesting votes: {}
java.util.concurrent.ExecutionException: org.apache.ratis.thirdparty.io.grpc.StatusRuntimeException: UNAVAILABLE: io exception
	at java.util.concurrent.FutureTask.report(FutureTask.java:122)
	at java.util.concurrent.FutureTask.get(FutureTask.java:192)
	at org.apache.ratis.server.impl.LeaderElection.waitForResults(LeaderElection.java:262)
	at org.apache.ratis.server.impl.LeaderElection.askForVotes(LeaderElection.java:200)
	at org.apache.ratis.server.impl.LeaderElection.run(LeaderElection.java:130)
	at java.lang.Thread.run(Thread.java:748)
Caused by: org.apache.ratis.thirdparty.io.grpc.StatusRuntimeException: UNAVAILABLE: io exception
	at org.apache.ratis.thirdparty.io.grpc.stub.ClientCalls.toStatusRuntimeException(ClientCalls.java:233)
	at org.apache.ratis.thirdparty.io.grpc.stub.ClientCalls.getUnchecked(ClientCalls.java:214)
	at org.apache.ratis.thirdparty.io.grpc.stub.ClientCalls.blockingUnaryCall(ClientCalls.java:139)
	at org.apache.ratis.proto.grpc.RaftServerProtocolServiceGrpc$RaftServerProtocolServiceBlockingStub.requestVote(RaftServerProtocolServiceGrpc.java:265)
	at org.apache.ratis.grpc.server.GrpcServerProtocolClient.requestVote(GrpcServerProtocolClient.java:83)
	at org.apache.ratis.grpc.server.GrpcService.requestVote(GrpcService.java:195)
	at org.apache.ratis.server.impl.LeaderElection.lambda$submitRequests$1(LeaderElection.java:237)
	at java.util.concurrent.FutureTask.run(FutureTask.java:266)
	at java.util.concurrent.Executors$RunnableAdapter.call(Executors.java:511)
	at java.util.concurrent.FutureTask.run(FutureTask.java:266)
	at java.util.concurrent.ThreadPoolExecutor.runWorker(ThreadPoolExecutor.java:1149)
	at java.util.concurrent.ThreadPoolExecutor$Worker.run(ThreadPoolExecutor.java:624)
	... 1 more
Caused by: org.apache.ratis.thirdparty.io.netty.channel.AbstractChannel$AnnotatedConnectException: Connection refused: /192.168.69.97:35323
	at sun.nio.ch.SocketChannelImpl.checkConnect(Native Method)
	at sun.nio.ch.SocketChannelImpl.finishConnect(SocketChannelImpl.java:717)
	at org.apache.ratis.thirdparty.io.netty.channel.socket.nio.NioSocketChannel.doFinishConnect(NioSocketChannel.java:327)
	at org.apache.ratis.thirdparty.io.netty.channel.nio.AbstractNioChannel$AbstractNioUnsafe.finishConnect(AbstractNioChannel.java:340)
	at org.apache.ratis.thirdparty.io.netty.channel.nio.NioEventLoop.processSelectedKey(NioEventLoop.java:632)
	at org.apache.ratis.thirdparty.io.netty.channel.nio.NioEventLoop.processSelectedKeysOptimized(NioEventLoop.java:579)
	at org.apache.ratis.thirdparty.io.netty.channel.nio.NioEventLoop.processSelectedKeys(NioEventLoop.java:496)
	at org.apache.ratis.thirdparty.io.netty.channel.nio.NioEventLoop.run(NioEventLoop.java:458)
	at org.apache.ratis.thirdparty.io.netty.util.concurrent.SingleThreadEventExecutor$5.run(SingleThreadEventExecutor.java:897)
	at org.apache.ratis.thirdparty.io.netty.util.concurrent.FastThreadLocalRunnable.run(FastThreadLocalRunnable.java:30)
	... 1 more
Caused by: java.net.ConnectException: Connection refused
	... 11 more
2019-08-30 23:36:15,539 [d95ceee6-2e09-4cc8-a399-92fb5d246ede:group-F6CCC1769731:LeaderElection94] INFO  impl.LeaderElection (LogUtils.java:infoOrTrace(149)) - d95ceee6-2e09-4cc8-a399-92fb5d246ede:group-F6CCC1769731:LeaderElection94 got exception when requesting votes: {}
java.util.concurrent.ExecutionException: org.apache.ratis.thirdparty.io.grpc.StatusRuntimeException: UNAVAILABLE: io exception
	at java.util.concurrent.FutureTask.report(FutureTask.java:122)
	at java.util.concurrent.FutureTask.get(FutureTask.java:192)
	at org.apache.ratis.server.impl.LeaderElection.waitForResults(LeaderElection.java:262)
	at org.apache.ratis.server.impl.LeaderElection.askForVotes(LeaderElection.java:200)
	at org.apache.ratis.server.impl.LeaderElection.run(LeaderElection.java:130)
	at java.lang.Thread.run(Thread.java:748)
Caused by: org.apache.ratis.thirdparty.io.grpc.StatusRuntimeException: UNAVAILABLE: io exception
	at org.apache.ratis.thirdparty.io.grpc.stub.ClientCalls.toStatusRuntimeException(ClientCalls.java:233)
	at org.apache.ratis.thirdparty.io.grpc.stub.ClientCalls.getUnchecked(ClientCalls.java:214)
	at org.apache.ratis.thirdparty.io.grpc.stub.ClientCalls.blockingUnaryCall(ClientCalls.java:139)
	at org.apache.ratis.proto.grpc.RaftServerProtocolServiceGrpc$RaftServerProtocolServiceBlockingStub.requestVote(RaftServerProtocolServiceGrpc.java:265)
	at org.apache.ratis.grpc.server.GrpcServerProtocolClient.requestVote(GrpcServerProtocolClient.java:83)
	at org.apache.ratis.grpc.server.GrpcService.requestVote(GrpcService.java:195)
	at org.apache.ratis.server.impl.LeaderElection.lambda$submitRequests$1(LeaderElection.java:237)
	at java.util.concurrent.FutureTask.run(FutureTask.java:266)
	at java.util.concurrent.Executors$RunnableAdapter.call(Executors.java:511)
	at java.util.concurrent.FutureTask.run(FutureTask.java:266)
	at java.util.concurrent.ThreadPoolExecutor.runWorker(ThreadPoolExecutor.java:1149)
	at java.util.concurrent.ThreadPoolExecutor$Worker.run(ThreadPoolExecutor.java:624)
	... 1 more
Caused by: org.apache.ratis.thirdparty.io.netty.channel.AbstractChannel$AnnotatedConnectException: Connection refused: /192.168.69.97:43550
	at sun.nio.ch.SocketChannelImpl.checkConnect(Native Method)
	at sun.nio.ch.SocketChannelImpl.finishConnect(SocketChannelImpl.java:717)
	at org.apache.ratis.thirdparty.io.netty.channel.socket.nio.NioSocketChannel.doFinishConnect(NioSocketChannel.java:327)
	at org.apache.ratis.thirdparty.io.netty.channel.nio.AbstractNioChannel$AbstractNioUnsafe.finishConnect(AbstractNioChannel.java:340)
	at org.apache.ratis.thirdparty.io.netty.channel.nio.NioEventLoop.processSelectedKey(NioEventLoop.java:632)
	at org.apache.ratis.thirdparty.io.netty.channel.nio.NioEventLoop.processSelectedKeysOptimized(NioEventLoop.java:579)
	at org.apache.ratis.thirdparty.io.netty.channel.nio.NioEventLoop.processSelectedKeys(NioEventLoop.java:496)
	at org.apache.ratis.thirdparty.io.netty.channel.nio.NioEventLoop.run(NioEventLoop.java:458)
	at org.apache.ratis.thirdparty.io.netty.util.concurrent.SingleThreadEventExecutor$5.run(SingleThreadEventExecutor.java:897)
	at org.apache.ratis.thirdparty.io.netty.util.concurrent.FastThreadLocalRunnable.run(FastThreadLocalRunnable.java:30)
	... 1 more
Caused by: java.net.ConnectException: Connection refused
	... 11 more
2019-08-30 23:36:15,540 [d95ceee6-2e09-4cc8-a399-92fb5d246ede:group-F6CCC1769731:LeaderElection94] INFO  impl.LeaderElection (LeaderElection.java:logAndReturn(56)) - d95ceee6-2e09-4cc8-a399-92fb5d246ede:group-F6CCC1769731:LeaderElection94: Election REJECTED; received 0 response(s) [] and 2 exception(s); d95ceee6-2e09-4cc8-a399-92fb5d246ede:t3, leader=null, voted=d95ceee6-2e09-4cc8-a399-92fb5d246ede, raftlog=d95ceee6-2e09-4cc8-a399-92fb5d246ede-SegmentedRaftLog:OPENED:c6,f6,i6, conf=0: [e0931955-60a1-44c7-91ab-d64f736178cd:192.168.69.97:35323, d95ceee6-2e09-4cc8-a399-92fb5d246ede:192.168.69.97:35799, 89444f21-ffd5-4031-8cd3-eb65eafa98e5:192.168.69.97:43550], old=null
2019-08-30 23:36:15,540 [d95ceee6-2e09-4cc8-a399-92fb5d246ede:group-F6CCC1769731:LeaderElection94] INFO  impl.LeaderElection (LogUtils.java:infoOrTrace(149)) -   Exception 0: {}
java.util.concurrent.ExecutionException: org.apache.ratis.thirdparty.io.grpc.StatusRuntimeException: UNAVAILABLE: io exception
	at java.util.concurrent.FutureTask.report(FutureTask.java:122)
	at java.util.concurrent.FutureTask.get(FutureTask.java:192)
	at org.apache.ratis.server.impl.LeaderElection.waitForResults(LeaderElection.java:262)
	at org.apache.ratis.server.impl.LeaderElection.askForVotes(LeaderElection.java:200)
	at org.apache.ratis.server.impl.LeaderElection.run(LeaderElection.java:130)
	at java.lang.Thread.run(Thread.java:748)
Caused by: org.apache.ratis.thirdparty.io.grpc.StatusRuntimeException: UNAVAILABLE: io exception
	at org.apache.ratis.thirdparty.io.grpc.stub.ClientCalls.toStatusRuntimeException(ClientCalls.java:233)
	at org.apache.ratis.thirdparty.io.grpc.stub.ClientCalls.getUnchecked(ClientCalls.java:214)
	at org.apache.ratis.thirdparty.io.grpc.stub.ClientCalls.blockingUnaryCall(ClientCalls.java:139)
	at org.apache.ratis.proto.grpc.RaftServerProtocolServiceGrpc$RaftServerProtocolServiceBlockingStub.requestVote(RaftServerProtocolServiceGrpc.java:265)
	at org.apache.ratis.grpc.server.GrpcServerProtocolClient.requestVote(GrpcServerProtocolClient.java:83)
	at org.apache.ratis.grpc.server.GrpcService.requestVote(GrpcService.java:195)
	at org.apache.ratis.server.impl.LeaderElection.lambda$submitRequests$1(LeaderElection.java:237)
	at java.util.concurrent.FutureTask.run(FutureTask.java:266)
	at java.util.concurrent.Executors$RunnableAdapter.call(Executors.java:511)
	at java.util.concurrent.FutureTask.run(FutureTask.java:266)
	at java.util.concurrent.ThreadPoolExecutor.runWorker(ThreadPoolExecutor.java:1149)
	at java.util.concurrent.ThreadPoolExecutor$Worker.run(ThreadPoolExecutor.java:624)
	... 1 more
Caused by: org.apache.ratis.thirdparty.io.netty.channel.AbstractChannel$AnnotatedConnectException: Connection refused: /192.168.69.97:35323
	at sun.nio.ch.SocketChannelImpl.checkConnect(Native Method)
	at sun.nio.ch.SocketChannelImpl.finishConnect(SocketChannelImpl.java:717)
	at org.apache.ratis.thirdparty.io.netty.channel.socket.nio.NioSocketChannel.doFinishConnect(NioSocketChannel.java:327)
	at org.apache.ratis.thirdparty.io.netty.channel.nio.AbstractNioChannel$AbstractNioUnsafe.finishConnect(AbstractNioChannel.java:340)
	at org.apache.ratis.thirdparty.io.netty.channel.nio.NioEventLoop.processSelectedKey(NioEventLoop.java:632)
	at org.apache.ratis.thirdparty.io.netty.channel.nio.NioEventLoop.processSelectedKeysOptimized(NioEventLoop.java:579)
	at org.apache.ratis.thirdparty.io.netty.channel.nio.NioEventLoop.processSelectedKeys(NioEventLoop.java:496)
	at org.apache.ratis.thirdparty.io.netty.channel.nio.NioEventLoop.run(NioEventLoop.java:458)
	at org.apache.ratis.thirdparty.io.netty.util.concurrent.SingleThreadEventExecutor$5.run(SingleThreadEventExecutor.java:897)
	at org.apache.ratis.thirdparty.io.netty.util.concurrent.FastThreadLocalRunnable.run(FastThreadLocalRunnable.java:30)
	... 1 more
Caused by: java.net.ConnectException: Connection refused
	... 11 more
2019-08-30 23:36:15,541 [d95ceee6-2e09-4cc8-a399-92fb5d246ede:group-F6CCC1769731:LeaderElection94] INFO  impl.LeaderElection (LogUtils.java:infoOrTrace(149)) -   Exception 1: {}
java.util.concurrent.ExecutionException: org.apache.ratis.thirdparty.io.grpc.StatusRuntimeException: UNAVAILABLE: io exception
	at java.util.concurrent.FutureTask.report(FutureTask.java:122)
	at java.util.concurrent.FutureTask.get(FutureTask.java:192)
	at org.apache.ratis.server.impl.LeaderElection.waitForResults(LeaderElection.java:262)
	at org.apache.ratis.server.impl.LeaderElection.askForVotes(LeaderElection.java:200)
	at org.apache.ratis.server.impl.LeaderElection.run(LeaderElection.java:130)
	at java.lang.Thread.run(Thread.java:748)
Caused by: org.apache.ratis.thirdparty.io.grpc.StatusRuntimeException: UNAVAILABLE: io exception
	at org.apache.ratis.thirdparty.io.grpc.stub.ClientCalls.toStatusRuntimeException(ClientCalls.java:233)
	at org.apache.ratis.thirdparty.io.grpc.stub.ClientCalls.getUnchecked(ClientCalls.java:214)
	at org.apache.ratis.thirdparty.io.grpc.stub.ClientCalls.blockingUnaryCall(ClientCalls.java:139)
	at org.apache.ratis.proto.grpc.RaftServerProtocolServiceGrpc$RaftServerProtocolServiceBlockingStub.requestVote(RaftServerProtocolServiceGrpc.java:265)
	at org.apache.ratis.grpc.server.GrpcServerProtocolClient.requestVote(GrpcServerProtocolClient.java:83)
	at org.apache.ratis.grpc.server.GrpcService.requestVote(GrpcService.java:195)
	at org.apache.ratis.server.impl.LeaderElection.lambda$submitRequests$1(LeaderElection.java:237)
	at java.util.concurrent.FutureTask.run(FutureTask.java:266)
	at java.util.concurrent.Executors$RunnableAdapter.call(Executors.java:511)
	at java.util.concurrent.FutureTask.run(FutureTask.java:266)
	at java.util.concurrent.ThreadPoolExecutor.runWorker(ThreadPoolExecutor.java:1149)
	at java.util.concurrent.ThreadPoolExecutor$Worker.run(ThreadPoolExecutor.java:624)
	... 1 more
Caused by: org.apache.ratis.thirdparty.io.netty.channel.AbstractChannel$AnnotatedConnectException: Connection refused: /192.168.69.97:43550
	at sun.nio.ch.SocketChannelImpl.checkConnect(Native Method)
	at sun.nio.ch.SocketChannelImpl.finishConnect(SocketChannelImpl.java:717)
	at org.apache.ratis.thirdparty.io.netty.channel.socket.nio.NioSocketChannel.doFinishConnect(NioSocketChannel.java:327)
	at org.apache.ratis.thirdparty.io.netty.channel.nio.AbstractNioChannel$AbstractNioUnsafe.finishConnect(AbstractNioChannel.java:340)
	at org.apache.ratis.thirdparty.io.netty.channel.nio.NioEventLoop.processSelectedKey(NioEventLoop.java:632)
	at org.apache.ratis.thirdparty.io.netty.channel.nio.NioEventLoop.processSelectedKeysOptimized(NioEventLoop.java:579)
	at org.apache.ratis.thirdparty.io.netty.channel.nio.NioEventLoop.processSelectedKeys(NioEventLoop.java:496)
	at org.apache.ratis.thirdparty.io.netty.channel.nio.NioEventLoop.run(NioEventLoop.java:458)
	at org.apache.ratis.thirdparty.io.netty.util.concurrent.SingleThreadEventExecutor$5.run(SingleThreadEventExecutor.java:897)
	at org.apache.ratis.thirdparty.io.netty.util.concurrent.FastThreadLocalRunnable.run(FastThreadLocalRunnable.java:30)
	... 1 more
Caused by: java.net.ConnectException: Connection refused
	... 11 more
2019-08-30 23:36:15,541 [d95ceee6-2e09-4cc8-a399-92fb5d246ede:group-F6CCC1769731:LeaderElection94] INFO  impl.RaftServerImpl (RaftServerImpl.java:setRole(171)) - d95ceee6-2e09-4cc8-a399-92fb5d246ede:group-F6CCC1769731 changes role from CANDIDATE to FOLLOWER at term 3 for DISCOVERED_A_NEW_TERM
2019-08-30 23:36:15,541 [d95ceee6-2e09-4cc8-a399-92fb5d246ede:group-F6CCC1769731:LeaderElection94] INFO  impl.RoleInfo (RoleInfo.java:shutdownLeaderElection(134)) - d95ceee6-2e09-4cc8-a399-92fb5d246ede: shutdown LeaderElection
2019-08-30 23:36:15,541 [d95ceee6-2e09-4cc8-a399-92fb5d246ede:group-F6CCC1769731:LeaderElection94] INFO  impl.RoleInfo (RoleInfo.java:updateAndGet(143)) - d95ceee6-2e09-4cc8-a399-92fb5d246ede: start FollowerState
2019-08-30 23:36:19,279 [EventQueue-StaleNodeForStaleNodeHandler] INFO  node.StaleNodeHandler (StaleNodeHandler.java:onMessage(58)) - Datanode d95ceee6-2e09-4cc8-a399-92fb5d246ede{ip: 192.168.69.97, host: pr-hdds-2065-gthbc-3516972114, networkLocation: /default-rack, certSerialId: null} moved to stale state. Finalizing its pipelines [PipelineID=a441d245-1fb3-489b-836d-f6ccc1769731, PipelineID=9ff4fe06-be16-44c9-a9f1-abe8dae4e60c]
2019-08-30 23:36:19,279 [EventQueue-StaleNodeForStaleNodeHandler] INFO  pipeline.SCMPipelineManager (SCMPipelineManager.java:finalizeAndDestroyPipeline(309)) - destroying pipeline:Pipeline[ Id: a441d245-1fb3-489b-836d-f6ccc1769731, Nodes: d95ceee6-2e09-4cc8-a399-92fb5d246ede{ip: 192.168.69.97, host: pr-hdds-2065-gthbc-3516972114, networkLocation: /default-rack, certSerialId: null}89444f21-ffd5-4031-8cd3-eb65eafa98e5{ip: 192.168.69.97, host: pr-hdds-2065-gthbc-3516972114, networkLocation: /default-rack, certSerialId: null}e0931955-60a1-44c7-91ab-d64f736178cd{ip: 192.168.69.97, host: pr-hdds-2065-gthbc-3516972114, networkLocation: /default-rack, certSerialId: null}, Type:RATIS, Factor:THREE, State:CLOSED]
2019-08-30 23:36:19,279 [EventQueue-StaleNodeForStaleNodeHandler] INFO  pipeline.SCMPipelineManager (SCMPipelineManager.java:finalizeAndDestroyPipeline(309)) - destroying pipeline:Pipeline[ Id: 9ff4fe06-be16-44c9-a9f1-abe8dae4e60c, Nodes: d95ceee6-2e09-4cc8-a399-92fb5d246ede{ip: 192.168.69.97, host: pr-hdds-2065-gthbc-3516972114, networkLocation: /default-rack, certSerialId: null}, Type:RATIS, Factor:ONE, State:OPEN]
2019-08-30 23:36:19,280 [EventQueue-StaleNodeForStaleNodeHandler] INFO  pipeline.PipelineStateManager (PipelineStateManager.java:finalizePipeline(123)) - Pipeline Pipeline[ Id: 9ff4fe06-be16-44c9-a9f1-abe8dae4e60c, Nodes: d95ceee6-2e09-4cc8-a399-92fb5d246ede{ip: 192.168.69.97, host: pr-hdds-2065-gthbc-3516972114, networkLocation: /default-rack, certSerialId: null}, Type:RATIS, Factor:ONE, State:CLOSED] moved to CLOSED state
2019-08-30 23:36:19,863 [main] INFO  ozoneimpl.OzoneContainer (OzoneContainer.java:stop(215)) - Attempting to stop container services.
2019-08-30 23:36:19,864 [main] INFO  impl.RaftServerProxy (RaftServerProxy.java:lambda$close$4(314)) - d95ceee6-2e09-4cc8-a399-92fb5d246ede: close
2019-08-30 23:36:19,865 [main] INFO  impl.RaftServerImpl (RaftServerImpl.java:lambda$shutdown$3(245)) - d95ceee6-2e09-4cc8-a399-92fb5d246ede: shutdown group-F6CCC1769731
2019-08-30 23:36:19,865 [main] INFO  util.JmxRegister (JmxRegister.java:unregister(73)) - Successfully un-registered JMX Bean with object name Ratis:service=RaftServer,group=group-F6CCC1769731,id=d95ceee6-2e09-4cc8-a399-92fb5d246ede
2019-08-30 23:36:19,866 [main] INFO  impl.RoleInfo (RoleInfo.java:shutdownFollowerState(121)) - d95ceee6-2e09-4cc8-a399-92fb5d246ede: shutdown FollowerState
2019-08-30 23:36:19,866 [main] INFO  impl.StateMachineUpdater (StateMachineUpdater.java:stopAndJoin(115)) - StateMachineUpdater:d95ceee6-2e09-4cc8-a399-92fb5d246ede:group-F6CCC1769731: set stopIndex = 6
2019-08-30 23:36:19,867 [StateMachineUpdater:d95ceee6-2e09-4cc8-a399-92fb5d246ede:group-F6CCC1769731] INFO  ratis.ContainerStateMachine (ContainerStateMachine.java:takeSnapshot(284)) - group-F6CCC1769731: Taking a snapshot at:(t:2, i:6) file /workdir/hadoop-ozone/integration-test/target/test-dir/MiniOzoneClusterImpl-cd3b51ba-7d2f-4eb6-8b0c-706acb0cc0f6/datanode-5/data/ratis/a441d245-1fb3-489b-836d-f6ccc1769731/sm/snapshot.2_6
2019-08-30 23:36:19,867 [Thread-4256] INFO  impl.FollowerState (FollowerState.java:run(114)) - d95ceee6-2e09-4cc8-a399-92fb5d246ede: FollowerState was interrupted: java.lang.InterruptedException: sleep interrupted
2019-08-30 23:36:19,909 [StateMachineUpdater:d95ceee6-2e09-4cc8-a399-92fb5d246ede:group-F6CCC1769731] INFO  ratis.ContainerStateMachine (ContainerStateMachine.java:takeSnapshot(295)) - group-F6CCC1769731: Finished taking a snapshot at:(t:2, i:6) file:/workdir/hadoop-ozone/integration-test/target/test-dir/MiniOzoneClusterImpl-cd3b51ba-7d2f-4eb6-8b0c-706acb0cc0f6/datanode-5/data/ratis/a441d245-1fb3-489b-836d-f6ccc1769731/sm/snapshot.2_6 time:42
2019-08-30 23:36:19,909 [StateMachineUpdater:d95ceee6-2e09-4cc8-a399-92fb5d246ede:group-F6CCC1769731] INFO  impl.StateMachineUpdater (StateMachineUpdater.java:takeSnapshot(242)) - StateMachineUpdater:d95ceee6-2e09-4cc8-a399-92fb5d246ede:group-F6CCC1769731: Took a snapshot at index 6
2019-08-30 23:36:19,909 [StateMachineUpdater:d95ceee6-2e09-4cc8-a399-92fb5d246ede:group-F6CCC1769731] INFO  impl.StateMachineUpdater (StateMachineUpdater.java:lambda$new$0(80)) - StateMachineUpdater:d95ceee6-2e09-4cc8-a399-92fb5d246ede:group-F6CCC1769731: snapshotIndex: updateIncreasingly -1 -> 6
2019-08-30 23:36:19,910 [main] INFO  impl.RaftServerImpl (ServerState.java:close(394)) - d95ceee6-2e09-4cc8-a399-92fb5d246ede:group-F6CCC1769731 closes. The last applied log index is 6
2019-08-30 23:36:19,910 [d95ceee6-2e09-4cc8-a399-92fb5d246ede-SegmentedRaftLogWorker:Storage Directory /workdir/hadoop-ozone/integration-test/target/test-dir/MiniOzoneClusterImpl-cd3b51ba-7d2f-4eb6-8b0c-706acb0cc0f6/datanode-5/data/ratis/a441d245-1fb3-489b-836d-f6ccc1769731] INFO  segmented.SegmentedRaftLogWorker (SegmentedRaftLogWorker.java:run(313)) - d95ceee6-2e09-4cc8-a399-92fb5d246ede-SegmentedRaftLogWorker:Storage Directory /workdir/hadoop-ozone/integration-test/target/test-dir/MiniOzoneClusterImpl-cd3b51ba-7d2f-4eb6-8b0c-706acb0cc0f6/datanode-5/data/ratis/a441d245-1fb3-489b-836d-f6ccc1769731 was interrupted, exiting. There are 0 tasks remaining in the queue.
2019-08-30 23:36:19,911 [main] INFO  segmented.SegmentedRaftLogWorker (SegmentedRaftLogWorker.java:close(228)) - d95ceee6-2e09-4cc8-a399-92fb5d246ede-SegmentedRaftLogWorker:Storage Directory /workdir/hadoop-ozone/integration-test/target/test-dir/MiniOzoneClusterImpl-cd3b51ba-7d2f-4eb6-8b0c-706acb0cc0f6/datanode-5/data/ratis/a441d245-1fb3-489b-836d-f6ccc1769731 close()
2019-08-30 23:36:19,911 [main] INFO  impl.RaftServerImpl (RaftServerImpl.java:lambda$shutdown$3(245)) - d95ceee6-2e09-4cc8-a399-92fb5d246ede: shutdown group-ABE8DAE4E60C
2019-08-30 23:36:19,911 [main] INFO  util.JmxRegister (JmxRegister.java:unregister(73)) - Successfully un-registered JMX Bean with object name Ratis:service=RaftServer,group=group-ABE8DAE4E60C,id=d95ceee6-2e09-4cc8-a399-92fb5d246ede
2019-08-30 23:36:19,912 [main] INFO  impl.RoleInfo (RoleInfo.java:shutdownLeaderState(104)) - d95ceee6-2e09-4cc8-a399-92fb5d246ede: shutdown LeaderState
2019-08-30 23:36:19,912 [main] INFO  impl.PendingRequests (PendingRequests.java:sendNotLeaderResponses(202)) - d95ceee6-2e09-4cc8-a399-92fb5d246ede-PendingRequests: sendNotLeaderResponses
2019-08-30 23:36:19,913 [main] INFO  impl.StateMachineUpdater (StateMachineUpdater.java:stopAndJoin(115)) - StateMachineUpdater:d95ceee6-2e09-4cc8-a399-92fb5d246ede:group-ABE8DAE4E60C: set stopIndex = 0
2019-08-30 23:36:19,913 [main] INFO  impl.RaftServerImpl (ServerState.java:close(394)) - d95ceee6-2e09-4cc8-a399-92fb5d246ede:group-ABE8DAE4E60C closes. The last applied log index is 0
2019-08-30 23:36:19,914 [d95ceee6-2e09-4cc8-a399-92fb5d246ede-SegmentedRaftLogWorker:Storage Directory /workdir/hadoop-ozone/integration-test/target/test-dir/MiniOzoneClusterImpl-cd3b51ba-7d2f-4eb6-8b0c-706acb0cc0f6/datanode-5/data/ratis/9ff4fe06-be16-44c9-a9f1-abe8dae4e60c] INFO  segmented.SegmentedRaftLogWorker (SegmentedRaftLogWorker.java:run(313)) - d95ceee6-2e09-4cc8-a399-92fb5d246ede-SegmentedRaftLogWorker:Storage Directory /workdir/hadoop-ozone/integration-test/target/test-dir/MiniOzoneClusterImpl-cd3b51ba-7d2f-4eb6-8b0c-706acb0cc0f6/datanode-5/data/ratis/9ff4fe06-be16-44c9-a9f1-abe8dae4e60c was interrupted, exiting. There are 0 tasks remaining in the queue.
2019-08-30 23:36:19,914 [main] INFO  segmented.SegmentedRaftLogWorker (SegmentedRaftLogWorker.java:close(228)) - d95ceee6-2e09-4cc8-a399-92fb5d246ede-SegmentedRaftLogWorker:Storage Directory /workdir/hadoop-ozone/integration-test/target/test-dir/MiniOzoneClusterImpl-cd3b51ba-7d2f-4eb6-8b0c-706acb0cc0f6/datanode-5/data/ratis/9ff4fe06-be16-44c9-a9f1-abe8dae4e60c close()
2019-08-30 23:36:19,914 [main] INFO  server.GrpcService (GrpcService.java:closeImpl(155)) - d95ceee6-2e09-4cc8-a399-92fb5d246ede: shutdown server with port 35799 now
2019-08-30 23:36:19,915 [main] INFO  server.GrpcService (GrpcService.java:closeImpl(163)) - d95ceee6-2e09-4cc8-a399-92fb5d246ede: shutdown server with port 35799 successfully
2019-08-30 23:36:19,917 [refreshUsed-/workdir/hadoop-ozone/integration-test/target/test-dir/MiniOzoneClusterImpl-cd3b51ba-7d2f-4eb6-8b0c-706acb0cc0f6/datanode-5/data/containers] WARN  fs.CachingGetSpaceUsed (CachingGetSpaceUsed.java:run(183)) - Thread Interrupted waiting to refresh disk information: sleep interrupted
2019-08-30 23:36:19,935 [main] INFO  utils.BackgroundService (BackgroundService.java:shutdown(148)) - Shutting down service BlockDeletingService
2019-08-30 23:36:19,937 [main] INFO  statemachine.DatanodeStateMachine (DatanodeStateMachine.java:stopDaemon(395)) - Ozone container server stopped.
2019-08-30 23:36:19,938 [main] INFO  handler.ContextHandler (ContextHandler.java:doStop(910)) - Stopped o.e.j.w.WebAppContext@34d9df9f{/,null,UNAVAILABLE}{/hddsDatanode}
2019-08-30 23:36:19,939 [main] INFO  server.AbstractConnector (AbstractConnector.java:doStop(318)) - Stopped ServerConnector@35c8be21{HTTP/1.1,[http/1.1]}{0.0.0.0:0}
2019-08-30 23:36:19,940 [main] INFO  handler.ContextHandler (ContextHandler.java:doStop(910)) - Stopped o.e.j.s.ServletContextHandler@6b25ef1c{/static,jar:file:/home/user/.m2/repository/org/apache/hadoop/hadoop-hdds-container-service/0.5.0-SNAPSHOT/hadoop-hdds-container-service-0.5.0-SNAPSHOT.jar!/webapps/static,UNAVAILABLE}
2019-08-30 23:36:19,940 [main] INFO  handler.ContextHandler (ContextHandler.java:doStop(910)) - Stopped o.e.j.s.ServletContextHandler@727986ad{/logs,file:///workdir/hadoop-ozone/integration-test/target/log,UNAVAILABLE}
2019-08-30 23:36:19,941 [main] INFO  ozone.MiniOzoneClusterImpl (MiniOzoneClusterImpl.java:stop(339)) - Stopping the StorageContainerManager
2019-08-30 23:36:19,942 [main] INFO  server.StorageContainerManager (StorageContainerManager.java:stop(797)) - Stopping Replication Manager Service.
2019-08-30 23:36:19,942 [main] INFO  container.ReplicationManager (ReplicationManager.java:stop(203)) - Stopping Replication Monitor Thread.
2019-08-30 23:36:19,942 [main] INFO  server.StorageContainerManager (StorageContainerManager.java:stop(804)) - Stopping Lease Manager of the command watchers
2019-08-30 23:36:19,942 [main] INFO  server.StorageContainerManager (StorageContainerManager.java:stop(811)) - Stopping datanode service RPC server
2019-08-30 23:36:19,942 [main] INFO  server.SCMDatanodeProtocolServer (SCMDatanodeProtocolServer.java:stop(367)) - Stopping the RPC server for DataNodes
2019-08-30 23:36:19,943 [main] INFO  ipc.Server (Server.java:stop(3082)) - Stopping server on 35251
2019-08-30 23:36:19,946 [IPC Server listener on 35251] INFO  ipc.Server (Server.java:run(1185)) - Stopping IPC Server listener on 35251
2019-08-30 23:36:19,947 [IPC Server Responder] INFO  ipc.Server (Server.java:run(1319)) - Stopping IPC Server Responder
2019-08-30 23:36:19,979 [SCM Heartbeat Processing Thread - 0] WARN  node.NodeStateManager (NodeStateManager.java:scheduleNextHealthCheck(646)) - Current Thread is interrupted, shutting down HB processing thread for Node Manager.
2019-08-30 23:36:19,980 [main] INFO  server.StorageContainerManager (StorageContainerManager.java:stop(819)) - Stopping block service RPC server
2019-08-30 23:36:19,980 [main] INFO  server.SCMBlockProtocolServer (SCMBlockProtocolServer.java:stop(155)) - Stopping the RPC server for Block Protocol
2019-08-30 23:36:19,980 [main] INFO  ipc.Server (Server.java:stop(3082)) - Stopping server on 45819
2019-08-30 23:36:19,982 [IPC Server listener on 45819] INFO  ipc.Server (Server.java:run(1185)) - Stopping IPC Server listener on 45819
2019-08-30 23:36:19,985 [main] INFO  server.StorageContainerManager (StorageContainerManager.java:stop(826)) - Stopping the StorageContainerLocationProtocol RPC server
2019-08-30 23:36:19,986 [IPC Server Responder] INFO  ipc.Server (Server.java:run(1319)) - Stopping IPC Server Responder
2019-08-30 23:36:19,986 [main] INFO  server.SCMClientProtocolServer (SCMClientProtocolServer.java:stop(159)) - Stopping the RPC server for Client Protocol
2019-08-30 23:36:19,987 [main] INFO  ipc.Server (Server.java:stop(3082)) - Stopping server on 34432
2019-08-30 23:36:19,990 [IPC Server listener on 34432] INFO  ipc.Server (Server.java:run(1185)) - Stopping IPC Server listener on 34432
2019-08-30 23:36:19,990 [main] INFO  server.StorageContainerManager (StorageContainerManager.java:stop(833)) - Stopping Storage Container Manager HTTP server.
2019-08-30 23:36:19,990 [IPC Server Responder] INFO  ipc.Server (Server.java:run(1319)) - Stopping IPC Server Responder
2019-08-30 23:36:19,991 [main] INFO  handler.ContextHandler (ContextHandler.java:doStop(910)) - Stopped o.e.j.w.WebAppContext@4245bf68{/,null,UNAVAILABLE}{/scm}
2019-08-30 23:36:19,992 [main] INFO  server.AbstractConnector (AbstractConnector.java:doStop(318)) - Stopped ServerConnector@45bbc52f{HTTP/1.1,[http/1.1]}{0.0.0.0:0}
2019-08-30 23:36:19,992 [main] INFO  handler.ContextHandler (ContextHandler.java:doStop(910)) - Stopped o.e.j.s.ServletContextHandler@7af327e3{/static,file:///workdir/hadoop-ozone/integration-test/target/test-classes/webapps/static,UNAVAILABLE}
2019-08-30 23:36:19,993 [main] INFO  handler.ContextHandler (ContextHandler.java:doStop(910)) - Stopped o.e.j.s.ServletContextHandler@53125718{/logs,file:///workdir/hadoop-ozone/integration-test/target/log,UNAVAILABLE}
2019-08-30 23:36:19,994 [main] INFO  server.StorageContainerManager (StorageContainerManager.java:stop(844)) - Stopping Block Manager Service.
2019-08-30 23:36:19,994 [main] INFO  utils.BackgroundService (BackgroundService.java:shutdown(148)) - Shutting down service SCMBlockDeletingService
2019-08-30 23:36:19,994 [main] INFO  utils.BackgroundService (BackgroundService.java:shutdown(148)) - Shutting down service SCMBlockDeletingService
2019-08-30 23:36:19,995 [main] INFO  server.StorageContainerManager (StorageContainerManager.java:stop(866)) - Stopping SCM Event Queue.
2019-08-30 23:36:19,999 [main] INFO  impl.MetricsSystemImpl (MetricsSystemImpl.java:stop(210)) - Stopping HddsDatanode metrics system...
2019-08-30 23:36:20,009 [main] INFO  impl.MetricsSystemImpl (MetricsSystemImpl.java:stop(216)) - HddsDatanode metrics system stopped.
]]></system-out>
    <system-err><![CDATA[Aug 30, 2019 11:35:59 PM org.apache.ratis.thirdparty.io.grpc.internal.ManagedChannelOrphanWrapper$ManagedChannelReference cleanQueue
SEVERE: *~*~*~ Channel ManagedChannelImpl{logId=3143, target=192.168.69.97:39454} was not shutdown properly!!! ~*~*~*
    Make sure to call shutdown()/shutdownNow() and wait until awaitTermination() returns true.
java.lang.RuntimeException: ManagedChannel allocation site
	at org.apache.ratis.thirdparty.io.grpc.internal.ManagedChannelOrphanWrapper$ManagedChannelReference.<init>(ManagedChannelOrphanWrapper.java:103)
	at org.apache.ratis.thirdparty.io.grpc.internal.ManagedChannelOrphanWrapper.<init>(ManagedChannelOrphanWrapper.java:53)
	at org.apache.ratis.thirdparty.io.grpc.internal.ManagedChannelOrphanWrapper.<init>(ManagedChannelOrphanWrapper.java:44)
	at org.apache.ratis.thirdparty.io.grpc.internal.AbstractManagedChannelImplBuilder.build(AbstractManagedChannelImplBuilder.java:411)
	at org.apache.ratis.grpc.client.GrpcClientProtocolClient.<init>(GrpcClientProtocolClient.java:119)
	at org.apache.ratis.grpc.client.GrpcClientRpc.lambda$new$0(GrpcClientRpc.java:55)
	at org.apache.ratis.util.PeerProxyMap$PeerAndProxy.lambda$getProxy$0(PeerProxyMap.java:61)
	at org.apache.ratis.util.LifeCycle.startAndTransition(LifeCycle.java:202)
	at org.apache.ratis.util.PeerProxyMap$PeerAndProxy.getProxy(PeerProxyMap.java:60)
	at org.apache.ratis.util.PeerProxyMap.getProxy(PeerProxyMap.java:107)
	at org.apache.ratis.grpc.client.GrpcClientRpc.sendRequestAsync(GrpcClientRpc.java:66)
	at org.apache.ratis.client.impl.OrderedAsync.sendRequest(OrderedAsync.java:208)
	at org.apache.ratis.client.impl.OrderedAsync.sendRequestWithRetry(OrderedAsync.java:169)
	at org.apache.ratis.util.SlidingWindow$Client.sendOrDelayRequest(SlidingWindow.java:278)
	at org.apache.ratis.util.SlidingWindow$Client.retry(SlidingWindow.java:294)
	at org.apache.ratis.client.impl.OrderedAsync.lambda$scheduleWithTimeout$7(OrderedAsync.java:195)
	at org.apache.ratis.util.TimeoutScheduler.lambda$onTimeout$0(TimeoutScheduler.java:85)
	at org.apache.ratis.util.TimeoutScheduler.lambda$onTimeout$1(TimeoutScheduler.java:104)
	at org.apache.ratis.util.LogUtils.runAndLog(LogUtils.java:50)
	at org.apache.ratis.util.LogUtils$1.run(LogUtils.java:91)
	at java.util.concurrent.Executors$RunnableAdapter.call(Executors.java:511)
	at java.util.concurrent.FutureTask.run(FutureTask.java:266)
	at java.util.concurrent.ScheduledThreadPoolExecutor$ScheduledFutureTask.access$201(ScheduledThreadPoolExecutor.java:180)
	at java.util.concurrent.ScheduledThreadPoolExecutor$ScheduledFutureTask.run(ScheduledThreadPoolExecutor.java:293)
	at java.util.concurrent.ThreadPoolExecutor.runWorker(ThreadPoolExecutor.java:1149)
	at java.util.concurrent.ThreadPoolExecutor$Worker.run(ThreadPoolExecutor.java:624)
	at java.lang.Thread.run(Thread.java:748)

Aug 30, 2019 11:35:59 PM org.apache.ratis.thirdparty.io.grpc.internal.ManagedChannelOrphanWrapper$ManagedChannelReference cleanQueue
SEVERE: *~*~*~ Channel ManagedChannelImpl{logId=3202, target=192.168.69.97:40737} was not shutdown properly!!! ~*~*~*
    Make sure to call shutdown()/shutdownNow() and wait until awaitTermination() returns true.
java.lang.RuntimeException: ManagedChannel allocation site
	at org.apache.ratis.thirdparty.io.grpc.internal.ManagedChannelOrphanWrapper$ManagedChannelReference.<init>(ManagedChannelOrphanWrapper.java:103)
	at org.apache.ratis.thirdparty.io.grpc.internal.ManagedChannelOrphanWrapper.<init>(ManagedChannelOrphanWrapper.java:53)
	at org.apache.ratis.thirdparty.io.grpc.internal.ManagedChannelOrphanWrapper.<init>(ManagedChannelOrphanWrapper.java:44)
	at org.apache.ratis.thirdparty.io.grpc.internal.AbstractManagedChannelImplBuilder.build(AbstractManagedChannelImplBuilder.java:411)
	at org.apache.hadoop.hdds.scm.XceiverClientGrpc.connectToDatanode(XceiverClientGrpc.java:175)
	at org.apache.hadoop.hdds.scm.XceiverClientGrpc.reconnect(XceiverClientGrpc.java:423)
	at org.apache.hadoop.hdds.scm.XceiverClientGrpc.sendCommandAsync(XceiverClientGrpc.java:372)
	at org.apache.hadoop.hdds.scm.XceiverClientGrpc.sendCommandWithRetry(XceiverClientGrpc.java:285)
	at org.apache.hadoop.hdds.scm.XceiverClientGrpc.sendCommandWithTraceIDAndRetry(XceiverClientGrpc.java:251)
	at org.apache.hadoop.hdds.scm.XceiverClientGrpc.sendCommand(XceiverClientGrpc.java:234)
	at org.apache.hadoop.hdds.scm.storage.ContainerProtocolCalls.readChunk(ContainerProtocolCalls.java:245)
	at org.apache.hadoop.hdds.scm.storage.ChunkInputStream.readChunk(ChunkInputStream.java:335)
	at org.apache.hadoop.hdds.scm.storage.ChunkInputStream.readChunkFromContainer(ChunkInputStream.java:307)
	at org.apache.hadoop.hdds.scm.storage.ChunkInputStream.prepareRead(ChunkInputStream.java:259)
	at org.apache.hadoop.hdds.scm.storage.ChunkInputStream.read(ChunkInputStream.java:144)
	at org.apache.hadoop.hdds.scm.storage.BlockInputStream.read(BlockInputStream.java:239)
	at org.apache.hadoop.ozone.client.io.KeyInputStream.read(KeyInputStream.java:171)
	at org.apache.hadoop.ozone.client.io.OzoneInputStream.read(OzoneInputStream.java:47)
	at java.io.InputStream.read(InputStream.java:101)
	at org.apache.hadoop.ozone.container.ContainerTestHelper.validateData(ContainerTestHelper.java:714)
	at org.apache.hadoop.ozone.client.rpc.TestBlockOutputStreamWithFailures.validateData(TestBlockOutputStreamWithFailures.java:1216)
	at org.apache.hadoop.ozone.client.rpc.TestBlockOutputStreamWithFailures.testWatchForCommitDatanodeFailure(TestBlockOutputStreamWithFailures.java:393)
	at sun.reflect.NativeMethodAccessorImpl.invoke0(Native Method)
	at sun.reflect.NativeMethodAccessorImpl.invoke(NativeMethodAccessorImpl.java:62)
	at sun.reflect.DelegatingMethodAccessorImpl.invoke(DelegatingMethodAccessorImpl.java:43)
	at java.lang.reflect.Method.invoke(Method.java:498)
	at org.junit.runners.model.FrameworkMethod$1.runReflectiveCall(FrameworkMethod.java:47)
	at org.junit.internal.runners.model.ReflectiveCallable.run(ReflectiveCallable.java:12)
	at org.junit.runners.model.FrameworkMethod.invokeExplosively(FrameworkMethod.java:44)
	at org.junit.internal.runners.statements.InvokeMethod.evaluate(InvokeMethod.java:17)
	at org.junit.internal.runners.statements.RunBefores.evaluate(RunBefores.java:26)
	at org.junit.internal.runners.statements.RunAfters.evaluate(RunAfters.java:27)
	at org.junit.runners.ParentRunner.runLeaf(ParentRunner.java:271)
	at org.junit.runners.BlockJUnit4ClassRunner.runChild(BlockJUnit4ClassRunner.java:70)
	at org.junit.runners.BlockJUnit4ClassRunner.runChild(BlockJUnit4ClassRunner.java:50)
	at org.junit.runners.ParentRunner$3.run(ParentRunner.java:238)
	at org.junit.runners.ParentRunner$1.schedule(ParentRunner.java:63)
	at org.junit.runners.ParentRunner.runChildren(ParentRunner.java:236)
	at org.junit.runners.ParentRunner.access$000(ParentRunner.java:53)
	at org.junit.runners.ParentRunner$2.evaluate(ParentRunner.java:229)
	at org.junit.runners.ParentRunner.run(ParentRunner.java:309)
	at org.apache.maven.surefire.junit4.JUnit4Provider.execute(JUnit4Provider.java:365)
	at org.apache.maven.surefire.junit4.JUnit4Provider.executeWithRerun(JUnit4Provider.java:273)
	at org.apache.maven.surefire.junit4.JUnit4Provider.executeTestSet(JUnit4Provider.java:238)
	at org.apache.maven.surefire.junit4.JUnit4Provider.invoke(JUnit4Provider.java:159)
	at org.apache.maven.surefire.booter.ForkedBooter.invokeProviderInSameClassLoader(ForkedBooter.java:384)
	at org.apache.maven.surefire.booter.ForkedBooter.runSuitesInProcess(ForkedBooter.java:345)
	at org.apache.maven.surefire.booter.ForkedBooter.execute(ForkedBooter.java:126)
	at org.apache.maven.surefire.booter.ForkedBooter.main(ForkedBooter.java:418)

Aug 30, 2019 11:35:59 PM org.apache.ratis.thirdparty.io.grpc.internal.ManagedChannelOrphanWrapper$ManagedChannelReference cleanQueue
SEVERE: *~*~*~ Channel ManagedChannelImpl{logId=2688, target=192.168.69.97:44044} was not shutdown properly!!! ~*~*~*
    Make sure to call shutdown()/shutdownNow() and wait until awaitTermination() returns true.
java.lang.RuntimeException: ManagedChannel allocation site
	at org.apache.ratis.thirdparty.io.grpc.internal.ManagedChannelOrphanWrapper$ManagedChannelReference.<init>(ManagedChannelOrphanWrapper.java:103)
	at org.apache.ratis.thirdparty.io.grpc.internal.ManagedChannelOrphanWrapper.<init>(ManagedChannelOrphanWrapper.java:53)
	at org.apache.ratis.thirdparty.io.grpc.internal.ManagedChannelOrphanWrapper.<init>(ManagedChannelOrphanWrapper.java:44)
	at org.apache.ratis.thirdparty.io.grpc.internal.AbstractManagedChannelImplBuilder.build(AbstractManagedChannelImplBuilder.java:411)
	at org.apache.ratis.grpc.client.GrpcClientProtocolClient.<init>(GrpcClientProtocolClient.java:119)
	at org.apache.ratis.grpc.client.GrpcClientRpc.lambda$new$0(GrpcClientRpc.java:55)
	at org.apache.ratis.util.PeerProxyMap$PeerAndProxy.lambda$getProxy$0(PeerProxyMap.java:61)
	at org.apache.ratis.util.LifeCycle.startAndTransition(LifeCycle.java:202)
	at org.apache.ratis.util.PeerProxyMap$PeerAndProxy.getProxy(PeerProxyMap.java:60)
	at org.apache.ratis.util.PeerProxyMap.getProxy(PeerProxyMap.java:107)
	at org.apache.ratis.grpc.client.GrpcClientRpc.sendRequestAsync(GrpcClientRpc.java:66)
	at org.apache.ratis.client.impl.OrderedAsync.sendRequest(OrderedAsync.java:208)
	at org.apache.ratis.client.impl.OrderedAsync.sendRequestWithRetry(OrderedAsync.java:169)
	at org.apache.ratis.util.SlidingWindow$Client.sendOrDelayRequest(SlidingWindow.java:278)
	at org.apache.ratis.util.SlidingWindow$Client.submitNewRequest(SlidingWindow.java:257)
	at org.apache.ratis.client.impl.OrderedAsync.send(OrderedAsync.java:155)
	at org.apache.ratis.client.impl.RaftClientImpl.sendAsync(RaftClientImpl.java:145)
	at org.apache.ratis.client.impl.RaftClientImpl.sendAsync(RaftClientImpl.java:125)
	at org.apache.hadoop.hdds.scm.XceiverClientRatis.sendRequestAsync(XceiverClientRatis.java:224)
	at org.apache.hadoop.hdds.scm.XceiverClientRatis.sendCommandAsync(XceiverClientRatis.java:302)
	at org.apache.hadoop.hdds.scm.storage.ContainerProtocolCalls.writeChunkAsync(ContainerProtocolCalls.java:310)
	at org.apache.hadoop.hdds.scm.storage.BlockOutputStream.writeChunkToContainer(BlockOutputStream.java:601)
	at org.apache.hadoop.hdds.scm.storage.BlockOutputStream.writeChunk(BlockOutputStream.java:459)
	at org.apache.hadoop.hdds.scm.storage.BlockOutputStream.writeOnRetry(BlockOutputStream.java:285)
	at org.apache.hadoop.ozone.client.io.BlockOutputStreamEntry.writeOnRetry(BlockOutputStreamEntry.java:200)
	at org.apache.hadoop.ozone.client.io.KeyOutputStream.handleWrite(KeyOutputStream.java:209)
	at org.apache.hadoop.ozone.client.io.KeyOutputStream.handleRetry(KeyOutputStream.java:376)
	at org.apache.hadoop.ozone.client.io.KeyOutputStream.handleException(KeyOutputStream.java:325)
	at org.apache.hadoop.ozone.client.io.KeyOutputStream.handleFlushOrClose(KeyOutputStream.java:448)
	at org.apache.hadoop.ozone.client.io.KeyOutputStream.handleWrite(KeyOutputStream.java:235)
	at org.apache.hadoop.ozone.client.io.KeyOutputStream.write(KeyOutputStream.java:193)
	at org.apache.hadoop.ozone.client.io.OzoneOutputStream.write(OzoneOutputStream.java:49)
	at java.io.OutputStream.write(OutputStream.java:75)
	at org.apache.hadoop.ozone.client.rpc.TestBlockOutputStreamWithFailures.testDatanodeFailureWithSingleNodeRatis(TestBlockOutputStreamWithFailures.java:1021)
	at sun.reflect.NativeMethodAccessorImpl.invoke0(Native Method)
	at sun.reflect.NativeMethodAccessorImpl.invoke(NativeMethodAccessorImpl.java:62)
	at sun.reflect.DelegatingMethodAccessorImpl.invoke(DelegatingMethodAccessorImpl.java:43)
	at java.lang.reflect.Method.invoke(Method.java:498)
	at org.junit.runners.model.FrameworkMethod$1.runReflectiveCall(FrameworkMethod.java:47)
	at org.junit.internal.runners.model.ReflectiveCallable.run(ReflectiveCallable.java:12)
	at org.junit.runners.model.FrameworkMethod.invokeExplosively(FrameworkMethod.java:44)
	at org.junit.internal.runners.statements.InvokeMethod.evaluate(InvokeMethod.java:17)
	at org.junit.internal.runners.statements.RunBefores.evaluate(RunBefores.java:26)
	at org.junit.internal.runners.statements.RunAfters.evaluate(RunAfters.java:27)
	at org.junit.runners.ParentRunner.runLeaf(ParentRunner.java:271)
	at org.junit.runners.BlockJUnit4ClassRunner.runChild(BlockJUnit4ClassRunner.java:70)
	at org.junit.runners.BlockJUnit4ClassRunner.runChild(BlockJUnit4ClassRunner.java:50)
	at org.junit.runners.ParentRunner$3.run(ParentRunner.java:238)
	at org.junit.runners.ParentRunner$1.schedule(ParentRunner.java:63)
	at org.junit.runners.ParentRunner.runChildren(ParentRunner.java:236)
	at org.junit.runners.ParentRunner.access$000(ParentRunner.java:53)
	at org.junit.runners.ParentRunner$2.evaluate(ParentRunner.java:229)
	at org.junit.runners.ParentRunner.run(ParentRunner.java:309)
	at org.apache.maven.surefire.junit4.JUnit4Provider.execute(JUnit4Provider.java:365)
	at org.apache.maven.surefire.junit4.JUnit4Provider.executeWithRerun(JUnit4Provider.java:273)
	at org.apache.maven.surefire.junit4.JUnit4Provider.executeTestSet(JUnit4Provider.java:238)
	at org.apache.maven.surefire.junit4.JUnit4Provider.invoke(JUnit4Provider.java:159)
	at org.apache.maven.surefire.booter.ForkedBooter.invokeProviderInSameClassLoader(ForkedBooter.java:384)
	at org.apache.maven.surefire.booter.ForkedBooter.runSuitesInProcess(ForkedBooter.java:345)
	at org.apache.maven.surefire.booter.ForkedBooter.execute(ForkedBooter.java:126)
	at org.apache.maven.surefire.booter.ForkedBooter.main(ForkedBooter.java:418)

Aug 30, 2019 11:35:59 PM org.apache.ratis.thirdparty.io.grpc.internal.ManagedChannelOrphanWrapper$ManagedChannelReference cleanQueue
SEVERE: *~*~*~ Channel ManagedChannelImpl{logId=2719, target=192.168.69.97:33720} was not shutdown properly!!! ~*~*~*
    Make sure to call shutdown()/shutdownNow() and wait until awaitTermination() returns true.
java.lang.RuntimeException: ManagedChannel allocation site
	at org.apache.ratis.thirdparty.io.grpc.internal.ManagedChannelOrphanWrapper$ManagedChannelReference.<init>(ManagedChannelOrphanWrapper.java:103)
	at org.apache.ratis.thirdparty.io.grpc.internal.ManagedChannelOrphanWrapper.<init>(ManagedChannelOrphanWrapper.java:53)
	at org.apache.ratis.thirdparty.io.grpc.internal.ManagedChannelOrphanWrapper.<init>(ManagedChannelOrphanWrapper.java:44)
	at org.apache.ratis.thirdparty.io.grpc.internal.AbstractManagedChannelImplBuilder.build(AbstractManagedChannelImplBuilder.java:411)
	at org.apache.hadoop.hdds.scm.XceiverClientGrpc.connectToDatanode(XceiverClientGrpc.java:175)
	at org.apache.hadoop.hdds.scm.XceiverClientGrpc.reconnect(XceiverClientGrpc.java:423)
	at org.apache.hadoop.hdds.scm.XceiverClientGrpc.sendCommandAsync(XceiverClientGrpc.java:372)
	at org.apache.hadoop.hdds.scm.XceiverClientGrpc.sendCommandWithRetry(XceiverClientGrpc.java:285)
	at org.apache.hadoop.hdds.scm.XceiverClientGrpc.sendCommandWithTraceIDAndRetry(XceiverClientGrpc.java:251)
	at org.apache.hadoop.hdds.scm.XceiverClientGrpc.sendCommand(XceiverClientGrpc.java:234)
	at org.apache.hadoop.hdds.scm.storage.ContainerProtocolCalls.getBlock(ContainerProtocolCalls.java:118)
	at org.apache.hadoop.hdds.scm.storage.BlockInputStream.getChunkInfos(BlockInputStream.java:167)
	at org.apache.hadoop.hdds.scm.storage.BlockInputStream.initialize(BlockInputStream.java:118)
	at org.apache.hadoop.hdds.scm.storage.BlockInputStream.read(BlockInputStream.java:222)
	at org.apache.hadoop.ozone.client.io.KeyInputStream.read(KeyInputStream.java:171)
	at org.apache.hadoop.ozone.client.io.OzoneInputStream.read(OzoneInputStream.java:47)
	at java.io.InputStream.read(InputStream.java:101)
	at org.apache.hadoop.ozone.container.ContainerTestHelper.validateData(ContainerTestHelper.java:714)
	at org.apache.hadoop.ozone.client.rpc.TestBlockOutputStreamWithFailures.validateData(TestBlockOutputStreamWithFailures.java:1216)
	at org.apache.hadoop.ozone.client.rpc.TestBlockOutputStreamWithFailures.testDatanodeFailureWithSingleNodeRatis(TestBlockOutputStreamWithFailures.java:1058)
	at sun.reflect.NativeMethodAccessorImpl.invoke0(Native Method)
	at sun.reflect.NativeMethodAccessorImpl.invoke(NativeMethodAccessorImpl.java:62)
	at sun.reflect.DelegatingMethodAccessorImpl.invoke(DelegatingMethodAccessorImpl.java:43)
	at java.lang.reflect.Method.invoke(Method.java:498)
	at org.junit.runners.model.FrameworkMethod$1.runReflectiveCall(FrameworkMethod.java:47)
	at org.junit.internal.runners.model.ReflectiveCallable.run(ReflectiveCallable.java:12)
	at org.junit.runners.model.FrameworkMethod.invokeExplosively(FrameworkMethod.java:44)
	at org.junit.internal.runners.statements.InvokeMethod.evaluate(InvokeMethod.java:17)
	at org.junit.internal.runners.statements.RunBefores.evaluate(RunBefores.java:26)
	at org.junit.internal.runners.statements.RunAfters.evaluate(RunAfters.java:27)
	at org.junit.runners.ParentRunner.runLeaf(ParentRunner.java:271)
	at org.junit.runners.BlockJUnit4ClassRunner.runChild(BlockJUnit4ClassRunner.java:70)
	at org.junit.runners.BlockJUnit4ClassRunner.runChild(BlockJUnit4ClassRunner.java:50)
	at org.junit.runners.ParentRunner$3.run(ParentRunner.java:238)
	at org.junit.runners.ParentRunner$1.schedule(ParentRunner.java:63)
	at org.junit.runners.ParentRunner.runChildren(ParentRunner.java:236)
	at org.junit.runners.ParentRunner.access$000(ParentRunner.java:53)
	at org.junit.runners.ParentRunner$2.evaluate(ParentRunner.java:229)
	at org.junit.runners.ParentRunner.run(ParentRunner.java:309)
	at org.apache.maven.surefire.junit4.JUnit4Provider.execute(JUnit4Provider.java:365)
	at org.apache.maven.surefire.junit4.JUnit4Provider.executeWithRerun(JUnit4Provider.java:273)
	at org.apache.maven.surefire.junit4.JUnit4Provider.executeTestSet(JUnit4Provider.java:238)
	at org.apache.maven.surefire.junit4.JUnit4Provider.invoke(JUnit4Provider.java:159)
	at org.apache.maven.surefire.booter.ForkedBooter.invokeProviderInSameClassLoader(ForkedBooter.java:384)
	at org.apache.maven.surefire.booter.ForkedBooter.runSuitesInProcess(ForkedBooter.java:345)
	at org.apache.maven.surefire.booter.ForkedBooter.execute(ForkedBooter.java:126)
	at org.apache.maven.surefire.booter.ForkedBooter.main(ForkedBooter.java:418)

Aug 30, 2019 11:35:59 PM org.apache.ratis.thirdparty.io.grpc.internal.ManagedChannelOrphanWrapper$ManagedChannelReference cleanQueue
SEVERE: *~*~*~ Channel ManagedChannelImpl{logId=3183, target=192.168.69.97:38383} was not shutdown properly!!! ~*~*~*
    Make sure to call shutdown()/shutdownNow() and wait until awaitTermination() returns true.
java.lang.RuntimeException: ManagedChannel allocation site
	at org.apache.ratis.thirdparty.io.grpc.internal.ManagedChannelOrphanWrapper$ManagedChannelReference.<init>(ManagedChannelOrphanWrapper.java:103)
	at org.apache.ratis.thirdparty.io.grpc.internal.ManagedChannelOrphanWrapper.<init>(ManagedChannelOrphanWrapper.java:53)
	at org.apache.ratis.thirdparty.io.grpc.internal.ManagedChannelOrphanWrapper.<init>(ManagedChannelOrphanWrapper.java:44)
	at org.apache.ratis.thirdparty.io.grpc.internal.AbstractManagedChannelImplBuilder.build(AbstractManagedChannelImplBuilder.java:411)
	at org.apache.hadoop.hdds.scm.XceiverClientGrpc.connectToDatanode(XceiverClientGrpc.java:175)
	at org.apache.hadoop.hdds.scm.XceiverClientGrpc.reconnect(XceiverClientGrpc.java:423)
	at org.apache.hadoop.hdds.scm.XceiverClientGrpc.sendCommandAsync(XceiverClientGrpc.java:372)
	at org.apache.hadoop.hdds.scm.XceiverClientGrpc.sendCommandWithRetry(XceiverClientGrpc.java:285)
	at org.apache.hadoop.hdds.scm.XceiverClientGrpc.sendCommandWithTraceIDAndRetry(XceiverClientGrpc.java:251)
	at org.apache.hadoop.hdds.scm.XceiverClientGrpc.sendCommand(XceiverClientGrpc.java:234)
	at org.apache.hadoop.hdds.scm.storage.ContainerProtocolCalls.getBlock(ContainerProtocolCalls.java:118)
	at org.apache.hadoop.hdds.scm.storage.BlockInputStream.getChunkInfos(BlockInputStream.java:167)
	at org.apache.hadoop.hdds.scm.storage.BlockInputStream.initialize(BlockInputStream.java:118)
	at org.apache.hadoop.hdds.scm.storage.BlockInputStream.read(BlockInputStream.java:222)
	at org.apache.hadoop.ozone.client.io.KeyInputStream.read(KeyInputStream.java:171)
	at org.apache.hadoop.ozone.client.io.OzoneInputStream.read(OzoneInputStream.java:47)
	at java.io.InputStream.read(InputStream.java:101)
	at org.apache.hadoop.ozone.container.ContainerTestHelper.validateData(ContainerTestHelper.java:714)
	at org.apache.hadoop.ozone.client.rpc.TestBlockOutputStreamWithFailures.validateData(TestBlockOutputStreamWithFailures.java:1216)
	at org.apache.hadoop.ozone.client.rpc.TestBlockOutputStreamWithFailures.testWatchForCommitDatanodeFailure(TestBlockOutputStreamWithFailures.java:393)
	at sun.reflect.NativeMethodAccessorImpl.invoke0(Native Method)
	at sun.reflect.NativeMethodAccessorImpl.invoke(NativeMethodAccessorImpl.java:62)
	at sun.reflect.DelegatingMethodAccessorImpl.invoke(DelegatingMethodAccessorImpl.java:43)
	at java.lang.reflect.Method.invoke(Method.java:498)
	at org.junit.runners.model.FrameworkMethod$1.runReflectiveCall(FrameworkMethod.java:47)
	at org.junit.internal.runners.model.ReflectiveCallable.run(ReflectiveCallable.java:12)
	at org.junit.runners.model.FrameworkMethod.invokeExplosively(FrameworkMethod.java:44)
	at org.junit.internal.runners.statements.InvokeMethod.evaluate(InvokeMethod.java:17)
	at org.junit.internal.runners.statements.RunBefores.evaluate(RunBefores.java:26)
	at org.junit.internal.runners.statements.RunAfters.evaluate(RunAfters.java:27)
	at org.junit.runners.ParentRunner.runLeaf(ParentRunner.java:271)
	at org.junit.runners.BlockJUnit4ClassRunner.runChild(BlockJUnit4ClassRunner.java:70)
	at org.junit.runners.BlockJUnit4ClassRunner.runChild(BlockJUnit4ClassRunner.java:50)
	at org.junit.runners.ParentRunner$3.run(ParentRunner.java:238)
	at org.junit.runners.ParentRunner$1.schedule(ParentRunner.java:63)
	at org.junit.runners.ParentRunner.runChildren(ParentRunner.java:236)
	at org.junit.runners.ParentRunner.access$000(ParentRunner.java:53)
	at org.junit.runners.ParentRunner$2.evaluate(ParentRunner.java:229)
	at org.junit.runners.ParentRunner.run(ParentRunner.java:309)
	at org.apache.maven.surefire.junit4.JUnit4Provider.execute(JUnit4Provider.java:365)
	at org.apache.maven.surefire.junit4.JUnit4Provider.executeWithRerun(JUnit4Provider.java:273)
	at org.apache.maven.surefire.junit4.JUnit4Provider.executeTestSet(JUnit4Provider.java:238)
	at org.apache.maven.surefire.junit4.JUnit4Provider.invoke(JUnit4Provider.java:159)
	at org.apache.maven.surefire.booter.ForkedBooter.invokeProviderInSameClassLoader(ForkedBooter.java:384)
	at org.apache.maven.surefire.booter.ForkedBooter.runSuitesInProcess(ForkedBooter.java:345)
	at org.apache.maven.surefire.booter.ForkedBooter.execute(ForkedBooter.java:126)
	at org.apache.maven.surefire.booter.ForkedBooter.main(ForkedBooter.java:418)

Aug 30, 2019 11:35:59 PM org.apache.ratis.thirdparty.io.grpc.internal.ManagedChannelOrphanWrapper$ManagedChannelReference cleanQueue
SEVERE: *~*~*~ Channel ManagedChannelImpl{logId=3178, target=192.168.69.97:37197} was not shutdown properly!!! ~*~*~*
    Make sure to call shutdown()/shutdownNow() and wait until awaitTermination() returns true.
java.lang.RuntimeException: ManagedChannel allocation site
	at org.apache.ratis.thirdparty.io.grpc.internal.ManagedChannelOrphanWrapper$ManagedChannelReference.<init>(ManagedChannelOrphanWrapper.java:103)
	at org.apache.ratis.thirdparty.io.grpc.internal.ManagedChannelOrphanWrapper.<init>(ManagedChannelOrphanWrapper.java:53)
	at org.apache.ratis.thirdparty.io.grpc.internal.ManagedChannelOrphanWrapper.<init>(ManagedChannelOrphanWrapper.java:44)
	at org.apache.ratis.thirdparty.io.grpc.internal.AbstractManagedChannelImplBuilder.build(AbstractManagedChannelImplBuilder.java:411)
	at org.apache.ratis.grpc.client.GrpcClientProtocolClient.<init>(GrpcClientProtocolClient.java:119)
	at org.apache.ratis.grpc.client.GrpcClientRpc.lambda$new$0(GrpcClientRpc.java:55)
	at org.apache.ratis.util.PeerProxyMap$PeerAndProxy.lambda$getProxy$0(PeerProxyMap.java:61)
	at org.apache.ratis.util.LifeCycle.startAndTransition(LifeCycle.java:202)
	at org.apache.ratis.util.PeerProxyMap$PeerAndProxy.getProxy(PeerProxyMap.java:60)
	at org.apache.ratis.util.PeerProxyMap.getProxy(PeerProxyMap.java:107)
	at org.apache.ratis.grpc.client.GrpcClientRpc.sendRequestAsync(GrpcClientRpc.java:66)
	at org.apache.ratis.client.impl.OrderedAsync.sendRequest(OrderedAsync.java:208)
	at org.apache.ratis.client.impl.OrderedAsync.sendRequestWithRetry(OrderedAsync.java:169)
	at org.apache.ratis.util.SlidingWindow$Client.sendOrDelayRequest(SlidingWindow.java:278)
	at org.apache.ratis.util.SlidingWindow$Client.retry(SlidingWindow.java:294)
	at org.apache.ratis.client.impl.OrderedAsync.lambda$scheduleWithTimeout$7(OrderedAsync.java:195)
	at org.apache.ratis.util.TimeoutScheduler.lambda$onTimeout$0(TimeoutScheduler.java:85)
	at org.apache.ratis.util.TimeoutScheduler.lambda$onTimeout$1(TimeoutScheduler.java:104)
	at org.apache.ratis.util.LogUtils.runAndLog(LogUtils.java:50)
	at org.apache.ratis.util.LogUtils$1.run(LogUtils.java:91)
	at java.util.concurrent.Executors$RunnableAdapter.call(Executors.java:511)
	at java.util.concurrent.FutureTask.run(FutureTask.java:266)
	at java.util.concurrent.ScheduledThreadPoolExecutor$ScheduledFutureTask.access$201(ScheduledThreadPoolExecutor.java:180)
	at java.util.concurrent.ScheduledThreadPoolExecutor$ScheduledFutureTask.run(ScheduledThreadPoolExecutor.java:293)
	at java.util.concurrent.ThreadPoolExecutor.runWorker(ThreadPoolExecutor.java:1149)
	at java.util.concurrent.ThreadPoolExecutor$Worker.run(ThreadPoolExecutor.java:624)
	at java.lang.Thread.run(Thread.java:748)

Aug 30, 2019 11:35:59 PM org.apache.ratis.thirdparty.io.grpc.internal.ManagedChannelOrphanWrapper$ManagedChannelReference cleanQueue
SEVERE: *~*~*~ Channel ManagedChannelImpl{logId=2714, target=192.168.69.97:34138} was not shutdown properly!!! ~*~*~*
    Make sure to call shutdown()/shutdownNow() and wait until awaitTermination() returns true.
java.lang.RuntimeException: ManagedChannel allocation site
	at org.apache.ratis.thirdparty.io.grpc.internal.ManagedChannelOrphanWrapper$ManagedChannelReference.<init>(ManagedChannelOrphanWrapper.java:103)
	at org.apache.ratis.thirdparty.io.grpc.internal.ManagedChannelOrphanWrapper.<init>(ManagedChannelOrphanWrapper.java:53)
	at org.apache.ratis.thirdparty.io.grpc.internal.ManagedChannelOrphanWrapper.<init>(ManagedChannelOrphanWrapper.java:44)
	at org.apache.ratis.thirdparty.io.grpc.internal.AbstractManagedChannelImplBuilder.build(AbstractManagedChannelImplBuilder.java:411)
	at org.apache.hadoop.hdds.scm.XceiverClientGrpc.connectToDatanode(XceiverClientGrpc.java:175)
	at org.apache.hadoop.hdds.scm.XceiverClientGrpc.reconnect(XceiverClientGrpc.java:423)
	at org.apache.hadoop.hdds.scm.XceiverClientGrpc.sendCommandAsync(XceiverClientGrpc.java:372)
	at org.apache.hadoop.hdds.scm.XceiverClientGrpc.sendCommandWithRetry(XceiverClientGrpc.java:285)
	at org.apache.hadoop.hdds.scm.XceiverClientGrpc.sendCommandWithTraceIDAndRetry(XceiverClientGrpc.java:251)
	at org.apache.hadoop.hdds.scm.XceiverClientGrpc.sendCommand(XceiverClientGrpc.java:234)
	at org.apache.hadoop.hdds.scm.storage.ContainerProtocolCalls.getBlock(ContainerProtocolCalls.java:118)
	at org.apache.hadoop.hdds.scm.storage.BlockInputStream.getChunkInfos(BlockInputStream.java:167)
	at org.apache.hadoop.hdds.scm.storage.BlockInputStream.initialize(BlockInputStream.java:118)
	at org.apache.hadoop.hdds.scm.storage.BlockInputStream.read(BlockInputStream.java:222)
	at org.apache.hadoop.ozone.client.io.KeyInputStream.read(KeyInputStream.java:171)
	at org.apache.hadoop.ozone.client.io.OzoneInputStream.read(OzoneInputStream.java:47)
	at java.io.InputStream.read(InputStream.java:101)
	at org.apache.hadoop.ozone.container.ContainerTestHelper.validateData(ContainerTestHelper.java:714)
	at org.apache.hadoop.ozone.client.rpc.TestBlockOutputStreamWithFailures.validateData(TestBlockOutputStreamWithFailures.java:1216)
	at org.apache.hadoop.ozone.client.rpc.TestBlockOutputStreamWithFailures.testDatanodeFailureWithSingleNodeRatis(TestBlockOutputStreamWithFailures.java:1058)
	at sun.reflect.NativeMethodAccessorImpl.invoke0(Native Method)
	at sun.reflect.NativeMethodAccessorImpl.invoke(NativeMethodAccessorImpl.java:62)
	at sun.reflect.DelegatingMethodAccessorImpl.invoke(DelegatingMethodAccessorImpl.java:43)
	at java.lang.reflect.Method.invoke(Method.java:498)
	at org.junit.runners.model.FrameworkMethod$1.runReflectiveCall(FrameworkMethod.java:47)
	at org.junit.internal.runners.model.ReflectiveCallable.run(ReflectiveCallable.java:12)
	at org.junit.runners.model.FrameworkMethod.invokeExplosively(FrameworkMethod.java:44)
	at org.junit.internal.runners.statements.InvokeMethod.evaluate(InvokeMethod.java:17)
	at org.junit.internal.runners.statements.RunBefores.evaluate(RunBefores.java:26)
	at org.junit.internal.runners.statements.RunAfters.evaluate(RunAfters.java:27)
	at org.junit.runners.ParentRunner.runLeaf(ParentRunner.java:271)
	at org.junit.runners.BlockJUnit4ClassRunner.runChild(BlockJUnit4ClassRunner.java:70)
	at org.junit.runners.BlockJUnit4ClassRunner.runChild(BlockJUnit4ClassRunner.java:50)
	at org.junit.runners.ParentRunner$3.run(ParentRunner.java:238)
	at org.junit.runners.ParentRunner$1.schedule(ParentRunner.java:63)
	at org.junit.runners.ParentRunner.runChildren(ParentRunner.java:236)
	at org.junit.runners.ParentRunner.access$000(ParentRunner.java:53)
	at org.junit.runners.ParentRunner$2.evaluate(ParentRunner.java:229)
	at org.junit.runners.ParentRunner.run(ParentRunner.java:309)
	at org.apache.maven.surefire.junit4.JUnit4Provider.execute(JUnit4Provider.java:365)
	at org.apache.maven.surefire.junit4.JUnit4Provider.executeWithRerun(JUnit4Provider.java:273)
	at org.apache.maven.surefire.junit4.JUnit4Provider.executeTestSet(JUnit4Provider.java:238)
	at org.apache.maven.surefire.junit4.JUnit4Provider.invoke(JUnit4Provider.java:159)
	at org.apache.maven.surefire.booter.ForkedBooter.invokeProviderInSameClassLoader(ForkedBooter.java:384)
	at org.apache.maven.surefire.booter.ForkedBooter.runSuitesInProcess(ForkedBooter.java:345)
	at org.apache.maven.surefire.booter.ForkedBooter.execute(ForkedBooter.java:126)
	at org.apache.maven.surefire.booter.ForkedBooter.main(ForkedBooter.java:418)

Aug 30, 2019 11:35:59 PM org.apache.ratis.thirdparty.io.grpc.internal.ManagedChannelOrphanWrapper$ManagedChannelReference cleanQueue
SEVERE: *~*~*~ Channel ManagedChannelImpl{logId=2907, target=192.168.69.97:39506} was not shutdown properly!!! ~*~*~*
    Make sure to call shutdown()/shutdownNow() and wait until awaitTermination() returns true.
java.lang.RuntimeException: ManagedChannel allocation site
	at org.apache.ratis.thirdparty.io.grpc.internal.ManagedChannelOrphanWrapper$ManagedChannelReference.<init>(ManagedChannelOrphanWrapper.java:103)
	at org.apache.ratis.thirdparty.io.grpc.internal.ManagedChannelOrphanWrapper.<init>(ManagedChannelOrphanWrapper.java:53)
	at org.apache.ratis.thirdparty.io.grpc.internal.ManagedChannelOrphanWrapper.<init>(ManagedChannelOrphanWrapper.java:44)
	at org.apache.ratis.thirdparty.io.grpc.internal.AbstractManagedChannelImplBuilder.build(AbstractManagedChannelImplBuilder.java:411)
	at org.apache.ratis.grpc.client.GrpcClientProtocolClient.<init>(GrpcClientProtocolClient.java:119)
	at org.apache.ratis.grpc.client.GrpcClientRpc.lambda$new$0(GrpcClientRpc.java:55)
	at org.apache.ratis.util.PeerProxyMap$PeerAndProxy.lambda$getProxy$0(PeerProxyMap.java:61)
	at org.apache.ratis.util.LifeCycle.startAndTransition(LifeCycle.java:202)
	at org.apache.ratis.util.PeerProxyMap$PeerAndProxy.getProxy(PeerProxyMap.java:60)
	at org.apache.ratis.util.PeerProxyMap.getProxy(PeerProxyMap.java:107)
	at org.apache.ratis.grpc.client.GrpcClientRpc.sendRequestAsync(GrpcClientRpc.java:66)
	at org.apache.ratis.client.impl.OrderedAsync.sendRequest(OrderedAsync.java:208)
	at org.apache.ratis.client.impl.OrderedAsync.sendRequestWithRetry(OrderedAsync.java:169)
	at org.apache.ratis.util.SlidingWindow$Client.sendOrDelayRequest(SlidingWindow.java:278)
	at org.apache.ratis.util.SlidingWindow$Client.retry(SlidingWindow.java:294)
	at org.apache.ratis.client.impl.OrderedAsync.lambda$scheduleWithTimeout$7(OrderedAsync.java:195)
	at org.apache.ratis.util.TimeoutScheduler.lambda$onTimeout$0(TimeoutScheduler.java:85)
	at org.apache.ratis.util.TimeoutScheduler.lambda$onTimeout$1(TimeoutScheduler.java:104)
	at org.apache.ratis.util.LogUtils.runAndLog(LogUtils.java:50)
	at org.apache.ratis.util.LogUtils$1.run(LogUtils.java:91)
	at java.util.concurrent.Executors$RunnableAdapter.call(Executors.java:511)
	at java.util.concurrent.FutureTask.run(FutureTask.java:266)
	at java.util.concurrent.ScheduledThreadPoolExecutor$ScheduledFutureTask.access$201(ScheduledThreadPoolExecutor.java:180)
	at java.util.concurrent.ScheduledThreadPoolExecutor$ScheduledFutureTask.run(ScheduledThreadPoolExecutor.java:293)
	at java.util.concurrent.ThreadPoolExecutor.runWorker(ThreadPoolExecutor.java:1149)
	at java.util.concurrent.ThreadPoolExecutor$Worker.run(ThreadPoolExecutor.java:624)
	at java.lang.Thread.run(Thread.java:748)

Aug 30, 2019 11:35:59 PM org.apache.ratis.thirdparty.io.grpc.internal.ManagedChannelOrphanWrapper$ManagedChannelReference cleanQueue
SEVERE: *~*~*~ Channel ManagedChannelImpl{logId=2922, target=192.168.69.97:33109} was not shutdown properly!!! ~*~*~*
    Make sure to call shutdown()/shutdownNow() and wait until awaitTermination() returns true.
java.lang.RuntimeException: ManagedChannel allocation site
	at org.apache.ratis.thirdparty.io.grpc.internal.ManagedChannelOrphanWrapper$ManagedChannelReference.<init>(ManagedChannelOrphanWrapper.java:103)
	at org.apache.ratis.thirdparty.io.grpc.internal.ManagedChannelOrphanWrapper.<init>(ManagedChannelOrphanWrapper.java:53)
	at org.apache.ratis.thirdparty.io.grpc.internal.ManagedChannelOrphanWrapper.<init>(ManagedChannelOrphanWrapper.java:44)
	at org.apache.ratis.thirdparty.io.grpc.internal.AbstractManagedChannelImplBuilder.build(AbstractManagedChannelImplBuilder.java:411)
	at org.apache.hadoop.hdds.scm.XceiverClientGrpc.connectToDatanode(XceiverClientGrpc.java:175)
	at org.apache.hadoop.hdds.scm.XceiverClientGrpc.reconnect(XceiverClientGrpc.java:423)
	at org.apache.hadoop.hdds.scm.XceiverClientGrpc.sendCommandAsync(XceiverClientGrpc.java:372)
	at org.apache.hadoop.hdds.scm.XceiverClientGrpc.sendCommandWithRetry(XceiverClientGrpc.java:285)
	at org.apache.hadoop.hdds.scm.XceiverClientGrpc.sendCommandWithTraceIDAndRetry(XceiverClientGrpc.java:251)
	at org.apache.hadoop.hdds.scm.XceiverClientGrpc.sendCommand(XceiverClientGrpc.java:234)
	at org.apache.hadoop.hdds.scm.storage.ContainerProtocolCalls.getBlock(ContainerProtocolCalls.java:118)
	at org.apache.hadoop.hdds.scm.storage.BlockInputStream.getChunkInfos(BlockInputStream.java:167)
	at org.apache.hadoop.hdds.scm.storage.BlockInputStream.initialize(BlockInputStream.java:118)
	at org.apache.hadoop.hdds.scm.storage.BlockInputStream.read(BlockInputStream.java:222)
	at org.apache.hadoop.ozone.client.io.KeyInputStream.read(KeyInputStream.java:171)
	at org.apache.hadoop.ozone.client.io.OzoneInputStream.read(OzoneInputStream.java:47)
	at java.io.InputStream.read(InputStream.java:101)
	at org.apache.hadoop.ozone.container.ContainerTestHelper.validateData(ContainerTestHelper.java:714)
	at org.apache.hadoop.ozone.client.rpc.TestBlockOutputStreamWithFailures.validateData(TestBlockOutputStreamWithFailures.java:1216)
	at org.apache.hadoop.ozone.client.rpc.TestBlockOutputStreamWithFailures.testWatchForCommitWithSingleNodeRatis(TestBlockOutputStreamWithFailures.java:918)
	at sun.reflect.NativeMethodAccessorImpl.invoke0(Native Method)
	at sun.reflect.NativeMethodAccessorImpl.invoke(NativeMethodAccessorImpl.java:62)
	at sun.reflect.DelegatingMethodAccessorImpl.invoke(DelegatingMethodAccessorImpl.java:43)
	at java.lang.reflect.Method.invoke(Method.java:498)
	at org.junit.runners.model.FrameworkMethod$1.runReflectiveCall(FrameworkMethod.java:47)
	at org.junit.internal.runners.model.ReflectiveCallable.run(ReflectiveCallable.java:12)
	at org.junit.runners.model.FrameworkMethod.invokeExplosively(FrameworkMethod.java:44)
	at org.junit.internal.runners.statements.InvokeMethod.evaluate(InvokeMethod.java:17)
	at org.junit.internal.runners.statements.RunBefores.evaluate(RunBefores.java:26)
	at org.junit.internal.runners.statements.RunAfters.evaluate(RunAfters.java:27)
	at org.junit.runners.ParentRunner.runLeaf(ParentRunner.java:271)
	at org.junit.runners.BlockJUnit4ClassRunner.runChild(BlockJUnit4ClassRunner.java:70)
	at org.junit.runners.BlockJUnit4ClassRunner.runChild(BlockJUnit4ClassRunner.java:50)
	at org.junit.runners.ParentRunner$3.run(ParentRunner.java:238)
	at org.junit.runners.ParentRunner$1.schedule(ParentRunner.java:63)
	at org.junit.runners.ParentRunner.runChildren(ParentRunner.java:236)
	at org.junit.runners.ParentRunner.access$000(ParentRunner.java:53)
	at org.junit.runners.ParentRunner$2.evaluate(ParentRunner.java:229)
	at org.junit.runners.ParentRunner.run(ParentRunner.java:309)
	at org.apache.maven.surefire.junit4.JUnit4Provider.execute(JUnit4Provider.java:365)
	at org.apache.maven.surefire.junit4.JUnit4Provider.executeWithRerun(JUnit4Provider.java:273)
	at org.apache.maven.surefire.junit4.JUnit4Provider.executeTestSet(JUnit4Provider.java:238)
	at org.apache.maven.surefire.junit4.JUnit4Provider.invoke(JUnit4Provider.java:159)
	at org.apache.maven.surefire.booter.ForkedBooter.invokeProviderInSameClassLoader(ForkedBooter.java:384)
	at org.apache.maven.surefire.booter.ForkedBooter.runSuitesInProcess(ForkedBooter.java:345)
	at org.apache.maven.surefire.booter.ForkedBooter.execute(ForkedBooter.java:126)
	at org.apache.maven.surefire.booter.ForkedBooter.main(ForkedBooter.java:418)

Aug 30, 2019 11:35:59 PM org.apache.ratis.thirdparty.io.grpc.internal.ManagedChannelOrphanWrapper$ManagedChannelReference cleanQueue
SEVERE: *~*~*~ Channel ManagedChannelImpl{logId=3192, target=192.168.69.97:40040} was not shutdown properly!!! ~*~*~*
    Make sure to call shutdown()/shutdownNow() and wait until awaitTermination() returns true.
java.lang.RuntimeException: ManagedChannel allocation site
	at org.apache.ratis.thirdparty.io.grpc.internal.ManagedChannelOrphanWrapper$ManagedChannelReference.<init>(ManagedChannelOrphanWrapper.java:103)
	at org.apache.ratis.thirdparty.io.grpc.internal.ManagedChannelOrphanWrapper.<init>(ManagedChannelOrphanWrapper.java:53)
	at org.apache.ratis.thirdparty.io.grpc.internal.ManagedChannelOrphanWrapper.<init>(ManagedChannelOrphanWrapper.java:44)
	at org.apache.ratis.thirdparty.io.grpc.internal.AbstractManagedChannelImplBuilder.build(AbstractManagedChannelImplBuilder.java:411)
	at org.apache.hadoop.hdds.scm.XceiverClientGrpc.connectToDatanode(XceiverClientGrpc.java:175)
	at org.apache.hadoop.hdds.scm.XceiverClientGrpc.reconnect(XceiverClientGrpc.java:423)
	at org.apache.hadoop.hdds.scm.XceiverClientGrpc.sendCommandAsync(XceiverClientGrpc.java:372)
	at org.apache.hadoop.hdds.scm.XceiverClientGrpc.sendCommandWithRetry(XceiverClientGrpc.java:285)
	at org.apache.hadoop.hdds.scm.XceiverClientGrpc.sendCommandWithTraceIDAndRetry(XceiverClientGrpc.java:251)
	at org.apache.hadoop.hdds.scm.XceiverClientGrpc.sendCommand(XceiverClientGrpc.java:234)
	at org.apache.hadoop.hdds.scm.storage.ContainerProtocolCalls.readChunk(ContainerProtocolCalls.java:245)
	at org.apache.hadoop.hdds.scm.storage.ChunkInputStream.readChunk(ChunkInputStream.java:335)
	at org.apache.hadoop.hdds.scm.storage.ChunkInputStream.readChunkFromContainer(ChunkInputStream.java:307)
	at org.apache.hadoop.hdds.scm.storage.ChunkInputStream.prepareRead(ChunkInputStream.java:259)
	at org.apache.hadoop.hdds.scm.storage.ChunkInputStream.read(ChunkInputStream.java:144)
	at org.apache.hadoop.hdds.scm.storage.BlockInputStream.read(BlockInputStream.java:239)
	at org.apache.hadoop.ozone.client.io.KeyInputStream.read(KeyInputStream.java:171)
	at org.apache.hadoop.ozone.client.io.OzoneInputStream.read(OzoneInputStream.java:47)
	at java.io.InputStream.read(InputStream.java:101)
	at org.apache.hadoop.ozone.container.ContainerTestHelper.validateData(ContainerTestHelper.java:714)
	at org.apache.hadoop.ozone.client.rpc.TestBlockOutputStreamWithFailures.validateData(TestBlockOutputStreamWithFailures.java:1216)
	at org.apache.hadoop.ozone.client.rpc.TestBlockOutputStreamWithFailures.testWatchForCommitDatanodeFailure(TestBlockOutputStreamWithFailures.java:393)
	at sun.reflect.NativeMethodAccessorImpl.invoke0(Native Method)
	at sun.reflect.NativeMethodAccessorImpl.invoke(NativeMethodAccessorImpl.java:62)
	at sun.reflect.DelegatingMethodAccessorImpl.invoke(DelegatingMethodAccessorImpl.java:43)
	at java.lang.reflect.Method.invoke(Method.java:498)
	at org.junit.runners.model.FrameworkMethod$1.runReflectiveCall(FrameworkMethod.java:47)
	at org.junit.internal.runners.model.ReflectiveCallable.run(ReflectiveCallable.java:12)
	at org.junit.runners.model.FrameworkMethod.invokeExplosively(FrameworkMethod.java:44)
	at org.junit.internal.runners.statements.InvokeMethod.evaluate(InvokeMethod.java:17)
	at org.junit.internal.runners.statements.RunBefores.evaluate(RunBefores.java:26)
	at org.junit.internal.runners.statements.RunAfters.evaluate(RunAfters.java:27)
	at org.junit.runners.ParentRunner.runLeaf(ParentRunner.java:271)
	at org.junit.runners.BlockJUnit4ClassRunner.runChild(BlockJUnit4ClassRunner.java:70)
	at org.junit.runners.BlockJUnit4ClassRunner.runChild(BlockJUnit4ClassRunner.java:50)
	at org.junit.runners.ParentRunner$3.run(ParentRunner.java:238)
	at org.junit.runners.ParentRunner$1.schedule(ParentRunner.java:63)
	at org.junit.runners.ParentRunner.runChildren(ParentRunner.java:236)
	at org.junit.runners.ParentRunner.access$000(ParentRunner.java:53)
	at org.junit.runners.ParentRunner$2.evaluate(ParentRunner.java:229)
	at org.junit.runners.ParentRunner.run(ParentRunner.java:309)
	at org.apache.maven.surefire.junit4.JUnit4Provider.execute(JUnit4Provider.java:365)
	at org.apache.maven.surefire.junit4.JUnit4Provider.executeWithRerun(JUnit4Provider.java:273)
	at org.apache.maven.surefire.junit4.JUnit4Provider.executeTestSet(JUnit4Provider.java:238)
	at org.apache.maven.surefire.junit4.JUnit4Provider.invoke(JUnit4Provider.java:159)
	at org.apache.maven.surefire.booter.ForkedBooter.invokeProviderInSameClassLoader(ForkedBooter.java:384)
	at org.apache.maven.surefire.booter.ForkedBooter.runSuitesInProcess(ForkedBooter.java:345)
	at org.apache.maven.surefire.booter.ForkedBooter.execute(ForkedBooter.java:126)
	at org.apache.maven.surefire.booter.ForkedBooter.main(ForkedBooter.java:418)

Aug 30, 2019 11:35:59 PM org.apache.ratis.thirdparty.io.grpc.internal.ManagedChannelOrphanWrapper$ManagedChannelReference cleanQueue
SEVERE: *~*~*~ Channel ManagedChannelImpl{logId=2912, target=192.168.69.97:37849} was not shutdown properly!!! ~*~*~*
    Make sure to call shutdown()/shutdownNow() and wait until awaitTermination() returns true.
java.lang.RuntimeException: ManagedChannel allocation site
	at org.apache.ratis.thirdparty.io.grpc.internal.ManagedChannelOrphanWrapper$ManagedChannelReference.<init>(ManagedChannelOrphanWrapper.java:103)
	at org.apache.ratis.thirdparty.io.grpc.internal.ManagedChannelOrphanWrapper.<init>(ManagedChannelOrphanWrapper.java:53)
	at org.apache.ratis.thirdparty.io.grpc.internal.ManagedChannelOrphanWrapper.<init>(ManagedChannelOrphanWrapper.java:44)
	at org.apache.ratis.thirdparty.io.grpc.internal.AbstractManagedChannelImplBuilder.build(AbstractManagedChannelImplBuilder.java:411)
	at org.apache.ratis.grpc.client.GrpcClientProtocolClient.<init>(GrpcClientProtocolClient.java:119)
	at org.apache.ratis.grpc.client.GrpcClientRpc.lambda$new$0(GrpcClientRpc.java:55)
	at org.apache.ratis.util.PeerProxyMap$PeerAndProxy.lambda$getProxy$0(PeerProxyMap.java:61)
	at org.apache.ratis.util.LifeCycle.startAndTransition(LifeCycle.java:202)
	at org.apache.ratis.util.PeerProxyMap$PeerAndProxy.getProxy(PeerProxyMap.java:60)
	at org.apache.ratis.util.PeerProxyMap.getProxy(PeerProxyMap.java:107)
	at org.apache.ratis.grpc.client.GrpcClientRpc.sendRequestAsync(GrpcClientRpc.java:66)
	at org.apache.ratis.client.impl.OrderedAsync.sendRequest(OrderedAsync.java:208)
	at org.apache.ratis.client.impl.OrderedAsync.sendRequestWithRetry(OrderedAsync.java:169)
	at org.apache.ratis.util.SlidingWindow$Client.sendOrDelayRequest(SlidingWindow.java:278)
	at org.apache.ratis.util.SlidingWindow$Client.submitNewRequest(SlidingWindow.java:257)
	at org.apache.ratis.client.impl.OrderedAsync.send(OrderedAsync.java:155)
	at org.apache.ratis.client.impl.RaftClientImpl.sendAsync(RaftClientImpl.java:145)
	at org.apache.ratis.client.impl.RaftClientImpl.sendAsync(RaftClientImpl.java:125)
	at org.apache.hadoop.hdds.scm.XceiverClientRatis.sendRequestAsync(XceiverClientRatis.java:224)
	at org.apache.hadoop.hdds.scm.XceiverClientRatis.sendCommandAsync(XceiverClientRatis.java:302)
	at org.apache.hadoop.hdds.scm.storage.ContainerProtocolCalls.writeChunkAsync(ContainerProtocolCalls.java:310)
	at org.apache.hadoop.hdds.scm.storage.BlockOutputStream.writeChunkToContainer(BlockOutputStream.java:601)
	at org.apache.hadoop.hdds.scm.storage.BlockOutputStream.writeChunk(BlockOutputStream.java:459)
	at org.apache.hadoop.hdds.scm.storage.BlockOutputStream.writeOnRetry(BlockOutputStream.java:285)
	at org.apache.hadoop.ozone.client.io.BlockOutputStreamEntry.writeOnRetry(BlockOutputStreamEntry.java:200)
	at org.apache.hadoop.ozone.client.io.KeyOutputStream.handleWrite(KeyOutputStream.java:209)
	at org.apache.hadoop.ozone.client.io.KeyOutputStream.handleRetry(KeyOutputStream.java:376)
	at org.apache.hadoop.ozone.client.io.KeyOutputStream.handleException(KeyOutputStream.java:325)
	at org.apache.hadoop.ozone.client.io.KeyOutputStream.handleFlushOrClose(KeyOutputStream.java:448)
	at org.apache.hadoop.ozone.client.io.KeyOutputStream.handleWrite(KeyOutputStream.java:235)
	at org.apache.hadoop.ozone.client.io.KeyOutputStream.write(KeyOutputStream.java:193)
	at org.apache.hadoop.ozone.client.io.OzoneOutputStream.write(OzoneOutputStream.java:49)
	at java.io.OutputStream.write(OutputStream.java:75)
	at org.apache.hadoop.ozone.client.rpc.TestBlockOutputStreamWithFailures.testWatchForCommitWithSingleNodeRatis(TestBlockOutputStreamWithFailures.java:885)
	at sun.reflect.NativeMethodAccessorImpl.invoke0(Native Method)
	at sun.reflect.NativeMethodAccessorImpl.invoke(NativeMethodAccessorImpl.java:62)
	at sun.reflect.DelegatingMethodAccessorImpl.invoke(DelegatingMethodAccessorImpl.java:43)
	at java.lang.reflect.Method.invoke(Method.java:498)
	at org.junit.runners.model.FrameworkMethod$1.runReflectiveCall(FrameworkMethod.java:47)
	at org.junit.internal.runners.model.ReflectiveCallable.run(ReflectiveCallable.java:12)
	at org.junit.runners.model.FrameworkMethod.invokeExplosively(FrameworkMethod.java:44)
	at org.junit.internal.runners.statements.InvokeMethod.evaluate(InvokeMethod.java:17)
	at org.junit.internal.runners.statements.RunBefores.evaluate(RunBefores.java:26)
	at org.junit.internal.runners.statements.RunAfters.evaluate(RunAfters.java:27)
	at org.junit.runners.ParentRunner.runLeaf(ParentRunner.java:271)
	at org.junit.runners.BlockJUnit4ClassRunner.runChild(BlockJUnit4ClassRunner.java:70)
	at org.junit.runners.BlockJUnit4ClassRunner.runChild(BlockJUnit4ClassRunner.java:50)
	at org.junit.runners.ParentRunner$3.run(ParentRunner.java:238)
	at org.junit.runners.ParentRunner$1.schedule(ParentRunner.java:63)
	at org.junit.runners.ParentRunner.runChildren(ParentRunner.java:236)
	at org.junit.runners.ParentRunner.access$000(ParentRunner.java:53)
	at org.junit.runners.ParentRunner$2.evaluate(ParentRunner.java:229)
	at org.junit.runners.ParentRunner.run(ParentRunner.java:309)
	at org.apache.maven.surefire.junit4.JUnit4Provider.execute(JUnit4Provider.java:365)
	at org.apache.maven.surefire.junit4.JUnit4Provider.executeWithRerun(JUnit4Provider.java:273)
	at org.apache.maven.surefire.junit4.JUnit4Provider.executeTestSet(JUnit4Provider.java:238)
	at org.apache.maven.surefire.junit4.JUnit4Provider.invoke(JUnit4Provider.java:159)
	at org.apache.maven.surefire.booter.ForkedBooter.invokeProviderInSameClassLoader(ForkedBooter.java:384)
	at org.apache.maven.surefire.booter.ForkedBooter.runSuitesInProcess(ForkedBooter.java:345)
	at org.apache.maven.surefire.booter.ForkedBooter.execute(ForkedBooter.java:126)
	at org.apache.maven.surefire.booter.ForkedBooter.main(ForkedBooter.java:418)

Aug 30, 2019 11:35:59 PM org.apache.ratis.thirdparty.io.grpc.internal.ManagedChannelOrphanWrapper$ManagedChannelReference cleanQueue
SEVERE: *~*~*~ Channel ManagedChannelImpl{logId=3197, target=192.168.69.97:38725} was not shutdown properly!!! ~*~*~*
    Make sure to call shutdown()/shutdownNow() and wait until awaitTermination() returns true.
java.lang.RuntimeException: ManagedChannel allocation site
	at org.apache.ratis.thirdparty.io.grpc.internal.ManagedChannelOrphanWrapper$ManagedChannelReference.<init>(ManagedChannelOrphanWrapper.java:103)
	at org.apache.ratis.thirdparty.io.grpc.internal.ManagedChannelOrphanWrapper.<init>(ManagedChannelOrphanWrapper.java:53)
	at org.apache.ratis.thirdparty.io.grpc.internal.ManagedChannelOrphanWrapper.<init>(ManagedChannelOrphanWrapper.java:44)
	at org.apache.ratis.thirdparty.io.grpc.internal.AbstractManagedChannelImplBuilder.build(AbstractManagedChannelImplBuilder.java:411)
	at org.apache.hadoop.hdds.scm.XceiverClientGrpc.connectToDatanode(XceiverClientGrpc.java:175)
	at org.apache.hadoop.hdds.scm.XceiverClientGrpc.reconnect(XceiverClientGrpc.java:423)
	at org.apache.hadoop.hdds.scm.XceiverClientGrpc.sendCommandAsync(XceiverClientGrpc.java:372)
	at org.apache.hadoop.hdds.scm.XceiverClientGrpc.sendCommandWithRetry(XceiverClientGrpc.java:285)
	at org.apache.hadoop.hdds.scm.XceiverClientGrpc.sendCommandWithTraceIDAndRetry(XceiverClientGrpc.java:251)
	at org.apache.hadoop.hdds.scm.XceiverClientGrpc.sendCommand(XceiverClientGrpc.java:234)
	at org.apache.hadoop.hdds.scm.storage.ContainerProtocolCalls.getBlock(ContainerProtocolCalls.java:118)
	at org.apache.hadoop.hdds.scm.storage.BlockInputStream.getChunkInfos(BlockInputStream.java:167)
	at org.apache.hadoop.hdds.scm.storage.BlockInputStream.initialize(BlockInputStream.java:118)
	at org.apache.hadoop.hdds.scm.storage.BlockInputStream.read(BlockInputStream.java:222)
	at org.apache.hadoop.ozone.client.io.KeyInputStream.read(KeyInputStream.java:171)
	at org.apache.hadoop.ozone.client.io.OzoneInputStream.read(OzoneInputStream.java:47)
	at java.io.InputStream.read(InputStream.java:101)
	at org.apache.hadoop.ozone.container.ContainerTestHelper.validateData(ContainerTestHelper.java:714)
	at org.apache.hadoop.ozone.client.rpc.TestBlockOutputStreamWithFailures.validateData(TestBlockOutputStreamWithFailures.java:1216)
	at org.apache.hadoop.ozone.client.rpc.TestBlockOutputStreamWithFailures.testWatchForCommitDatanodeFailure(TestBlockOutputStreamWithFailures.java:393)
	at sun.reflect.NativeMethodAccessorImpl.invoke0(Native Method)
	at sun.reflect.NativeMethodAccessorImpl.invoke(NativeMethodAccessorImpl.java:62)
	at sun.reflect.DelegatingMethodAccessorImpl.invoke(DelegatingMethodAccessorImpl.java:43)
	at java.lang.reflect.Method.invoke(Method.java:498)
	at org.junit.runners.model.FrameworkMethod$1.runReflectiveCall(FrameworkMethod.java:47)
	at org.junit.internal.runners.model.ReflectiveCallable.run(ReflectiveCallable.java:12)
	at org.junit.runners.model.FrameworkMethod.invokeExplosively(FrameworkMethod.java:44)
	at org.junit.internal.runners.statements.InvokeMethod.evaluate(InvokeMethod.java:17)
	at org.junit.internal.runners.statements.RunBefores.evaluate(RunBefores.java:26)
	at org.junit.internal.runners.statements.RunAfters.evaluate(RunAfters.java:27)
	at org.junit.runners.ParentRunner.runLeaf(ParentRunner.java:271)
	at org.junit.runners.BlockJUnit4ClassRunner.runChild(BlockJUnit4ClassRunner.java:70)
	at org.junit.runners.BlockJUnit4ClassRunner.runChild(BlockJUnit4ClassRunner.java:50)
	at org.junit.runners.ParentRunner$3.run(ParentRunner.java:238)
	at org.junit.runners.ParentRunner$1.schedule(ParentRunner.java:63)
	at org.junit.runners.ParentRunner.runChildren(ParentRunner.java:236)
	at org.junit.runners.ParentRunner.access$000(ParentRunner.java:53)
	at org.junit.runners.ParentRunner$2.evaluate(ParentRunner.java:229)
	at org.junit.runners.ParentRunner.run(ParentRunner.java:309)
	at org.apache.maven.surefire.junit4.JUnit4Provider.execute(JUnit4Provider.java:365)
	at org.apache.maven.surefire.junit4.JUnit4Provider.executeWithRerun(JUnit4Provider.java:273)
	at org.apache.maven.surefire.junit4.JUnit4Provider.executeTestSet(JUnit4Provider.java:238)
	at org.apache.maven.surefire.junit4.JUnit4Provider.invoke(JUnit4Provider.java:159)
	at org.apache.maven.surefire.booter.ForkedBooter.invokeProviderInSameClassLoader(ForkedBooter.java:384)
	at org.apache.maven.surefire.booter.ForkedBooter.runSuitesInProcess(ForkedBooter.java:345)
	at org.apache.maven.surefire.booter.ForkedBooter.execute(ForkedBooter.java:126)
	at org.apache.maven.surefire.booter.ForkedBooter.main(ForkedBooter.java:418)

Aug 30, 2019 11:35:59 PM org.apache.ratis.thirdparty.io.grpc.internal.ManagedChannelOrphanWrapper$ManagedChannelReference cleanQueue
SEVERE: *~*~*~ Channel ManagedChannelImpl{logId=3187, target=192.168.69.97:45862} was not shutdown properly!!! ~*~*~*
    Make sure to call shutdown()/shutdownNow() and wait until awaitTermination() returns true.
java.lang.RuntimeException: ManagedChannel allocation site
	at org.apache.ratis.thirdparty.io.grpc.internal.ManagedChannelOrphanWrapper$ManagedChannelReference.<init>(ManagedChannelOrphanWrapper.java:103)
	at org.apache.ratis.thirdparty.io.grpc.internal.ManagedChannelOrphanWrapper.<init>(ManagedChannelOrphanWrapper.java:53)
	at org.apache.ratis.thirdparty.io.grpc.internal.ManagedChannelOrphanWrapper.<init>(ManagedChannelOrphanWrapper.java:44)
	at org.apache.ratis.thirdparty.io.grpc.internal.AbstractManagedChannelImplBuilder.build(AbstractManagedChannelImplBuilder.java:411)
	at org.apache.hadoop.hdds.scm.XceiverClientGrpc.connectToDatanode(XceiverClientGrpc.java:175)
	at org.apache.hadoop.hdds.scm.XceiverClientGrpc.reconnect(XceiverClientGrpc.java:423)
	at org.apache.hadoop.hdds.scm.XceiverClientGrpc.sendCommandAsync(XceiverClientGrpc.java:372)
	at org.apache.hadoop.hdds.scm.XceiverClientGrpc.sendCommandWithRetry(XceiverClientGrpc.java:285)
	at org.apache.hadoop.hdds.scm.XceiverClientGrpc.sendCommandWithTraceIDAndRetry(XceiverClientGrpc.java:251)
	at org.apache.hadoop.hdds.scm.XceiverClientGrpc.sendCommand(XceiverClientGrpc.java:234)
	at org.apache.hadoop.hdds.scm.storage.ContainerProtocolCalls.getBlock(ContainerProtocolCalls.java:118)
	at org.apache.hadoop.hdds.scm.storage.BlockInputStream.getChunkInfos(BlockInputStream.java:167)
	at org.apache.hadoop.hdds.scm.storage.BlockInputStream.initialize(BlockInputStream.java:118)
	at org.apache.hadoop.hdds.scm.storage.BlockInputStream.read(BlockInputStream.java:222)
	at org.apache.hadoop.ozone.client.io.KeyInputStream.read(KeyInputStream.java:171)
	at org.apache.hadoop.ozone.client.io.OzoneInputStream.read(OzoneInputStream.java:47)
	at java.io.InputStream.read(InputStream.java:101)
	at org.apache.hadoop.ozone.container.ContainerTestHelper.validateData(ContainerTestHelper.java:714)
	at org.apache.hadoop.ozone.client.rpc.TestBlockOutputStreamWithFailures.validateData(TestBlockOutputStreamWithFailures.java:1216)
	at org.apache.hadoop.ozone.client.rpc.TestBlockOutputStreamWithFailures.testWatchForCommitDatanodeFailure(TestBlockOutputStreamWithFailures.java:393)
	at sun.reflect.NativeMethodAccessorImpl.invoke0(Native Method)
	at sun.reflect.NativeMethodAccessorImpl.invoke(NativeMethodAccessorImpl.java:62)
	at sun.reflect.DelegatingMethodAccessorImpl.invoke(DelegatingMethodAccessorImpl.java:43)
	at java.lang.reflect.Method.invoke(Method.java:498)
	at org.junit.runners.model.FrameworkMethod$1.runReflectiveCall(FrameworkMethod.java:47)
	at org.junit.internal.runners.model.ReflectiveCallable.run(ReflectiveCallable.java:12)
	at org.junit.runners.model.FrameworkMethod.invokeExplosively(FrameworkMethod.java:44)
	at org.junit.internal.runners.statements.InvokeMethod.evaluate(InvokeMethod.java:17)
	at org.junit.internal.runners.statements.RunBefores.evaluate(RunBefores.java:26)
	at org.junit.internal.runners.statements.RunAfters.evaluate(RunAfters.java:27)
	at org.junit.runners.ParentRunner.runLeaf(ParentRunner.java:271)
	at org.junit.runners.BlockJUnit4ClassRunner.runChild(BlockJUnit4ClassRunner.java:70)
	at org.junit.runners.BlockJUnit4ClassRunner.runChild(BlockJUnit4ClassRunner.java:50)
	at org.junit.runners.ParentRunner$3.run(ParentRunner.java:238)
	at org.junit.runners.ParentRunner$1.schedule(ParentRunner.java:63)
	at org.junit.runners.ParentRunner.runChildren(ParentRunner.java:236)
	at org.junit.runners.ParentRunner.access$000(ParentRunner.java:53)
	at org.junit.runners.ParentRunner$2.evaluate(ParentRunner.java:229)
	at org.junit.runners.ParentRunner.run(ParentRunner.java:309)
	at org.apache.maven.surefire.junit4.JUnit4Provider.execute(JUnit4Provider.java:365)
	at org.apache.maven.surefire.junit4.JUnit4Provider.executeWithRerun(JUnit4Provider.java:273)
	at org.apache.maven.surefire.junit4.JUnit4Provider.executeTestSet(JUnit4Provider.java:238)
	at org.apache.maven.surefire.junit4.JUnit4Provider.invoke(JUnit4Provider.java:159)
	at org.apache.maven.surefire.booter.ForkedBooter.invokeProviderInSameClassLoader(ForkedBooter.java:384)
	at org.apache.maven.surefire.booter.ForkedBooter.runSuitesInProcess(ForkedBooter.java:345)
	at org.apache.maven.surefire.booter.ForkedBooter.execute(ForkedBooter.java:126)
	at org.apache.maven.surefire.booter.ForkedBooter.main(ForkedBooter.java:418)

Aug 30, 2019 11:35:59 PM org.apache.ratis.thirdparty.io.grpc.internal.ManagedChannelOrphanWrapper$ManagedChannelReference cleanQueue
SEVERE: *~*~*~ Channel ManagedChannelImpl{logId=2917, target=192.168.69.97:44596} was not shutdown properly!!! ~*~*~*
    Make sure to call shutdown()/shutdownNow() and wait until awaitTermination() returns true.
java.lang.RuntimeException: ManagedChannel allocation site
	at org.apache.ratis.thirdparty.io.grpc.internal.ManagedChannelOrphanWrapper$ManagedChannelReference.<init>(ManagedChannelOrphanWrapper.java:103)
	at org.apache.ratis.thirdparty.io.grpc.internal.ManagedChannelOrphanWrapper.<init>(ManagedChannelOrphanWrapper.java:53)
	at org.apache.ratis.thirdparty.io.grpc.internal.ManagedChannelOrphanWrapper.<init>(ManagedChannelOrphanWrapper.java:44)
	at org.apache.ratis.thirdparty.io.grpc.internal.AbstractManagedChannelImplBuilder.build(AbstractManagedChannelImplBuilder.java:411)
	at org.apache.hadoop.hdds.scm.XceiverClientGrpc.connectToDatanode(XceiverClientGrpc.java:175)
	at org.apache.hadoop.hdds.scm.XceiverClientGrpc.reconnect(XceiverClientGrpc.java:423)
	at org.apache.hadoop.hdds.scm.XceiverClientGrpc.sendCommandAsync(XceiverClientGrpc.java:372)
	at org.apache.hadoop.hdds.scm.XceiverClientGrpc.sendCommandWithRetry(XceiverClientGrpc.java:285)
	at org.apache.hadoop.hdds.scm.XceiverClientGrpc.sendCommandWithTraceIDAndRetry(XceiverClientGrpc.java:251)
	at org.apache.hadoop.hdds.scm.XceiverClientGrpc.sendCommand(XceiverClientGrpc.java:234)
	at org.apache.hadoop.hdds.scm.storage.ContainerProtocolCalls.getBlock(ContainerProtocolCalls.java:118)
	at org.apache.hadoop.hdds.scm.storage.BlockInputStream.getChunkInfos(BlockInputStream.java:167)
	at org.apache.hadoop.hdds.scm.storage.BlockInputStream.initialize(BlockInputStream.java:118)
	at org.apache.hadoop.hdds.scm.storage.BlockInputStream.read(BlockInputStream.java:222)
	at org.apache.hadoop.ozone.client.io.KeyInputStream.read(KeyInputStream.java:171)
	at org.apache.hadoop.ozone.client.io.OzoneInputStream.read(OzoneInputStream.java:47)
	at java.io.InputStream.read(InputStream.java:101)
	at org.apache.hadoop.ozone.container.ContainerTestHelper.validateData(ContainerTestHelper.java:714)
	at org.apache.hadoop.ozone.client.rpc.TestBlockOutputStreamWithFailures.validateData(TestBlockOutputStreamWithFailures.java:1216)
	at org.apache.hadoop.ozone.client.rpc.TestBlockOutputStreamWithFailures.testWatchForCommitWithSingleNodeRatis(TestBlockOutputStreamWithFailures.java:918)
	at sun.reflect.NativeMethodAccessorImpl.invoke0(Native Method)
	at sun.reflect.NativeMethodAccessorImpl.invoke(NativeMethodAccessorImpl.java:62)
	at sun.reflect.DelegatingMethodAccessorImpl.invoke(DelegatingMethodAccessorImpl.java:43)
	at java.lang.reflect.Method.invoke(Method.java:498)
	at org.junit.runners.model.FrameworkMethod$1.runReflectiveCall(FrameworkMethod.java:47)
	at org.junit.internal.runners.model.ReflectiveCallable.run(ReflectiveCallable.java:12)
	at org.junit.runners.model.FrameworkMethod.invokeExplosively(FrameworkMethod.java:44)
	at org.junit.internal.runners.statements.InvokeMethod.evaluate(InvokeMethod.java:17)
	at org.junit.internal.runners.statements.RunBefores.evaluate(RunBefores.java:26)
	at org.junit.internal.runners.statements.RunAfters.evaluate(RunAfters.java:27)
	at org.junit.runners.ParentRunner.runLeaf(ParentRunner.java:271)
	at org.junit.runners.BlockJUnit4ClassRunner.runChild(BlockJUnit4ClassRunner.java:70)
	at org.junit.runners.BlockJUnit4ClassRunner.runChild(BlockJUnit4ClassRunner.java:50)
	at org.junit.runners.ParentRunner$3.run(ParentRunner.java:238)
	at org.junit.runners.ParentRunner$1.schedule(ParentRunner.java:63)
	at org.junit.runners.ParentRunner.runChildren(ParentRunner.java:236)
	at org.junit.runners.ParentRunner.access$000(ParentRunner.java:53)
	at org.junit.runners.ParentRunner$2.evaluate(ParentRunner.java:229)
	at org.junit.runners.ParentRunner.run(ParentRunner.java:309)
	at org.apache.maven.surefire.junit4.JUnit4Provider.execute(JUnit4Provider.java:365)
	at org.apache.maven.surefire.junit4.JUnit4Provider.executeWithRerun(JUnit4Provider.java:273)
	at org.apache.maven.surefire.junit4.JUnit4Provider.executeTestSet(JUnit4Provider.java:238)
	at org.apache.maven.surefire.junit4.JUnit4Provider.invoke(JUnit4Provider.java:159)
	at org.apache.maven.surefire.booter.ForkedBooter.invokeProviderInSameClassLoader(ForkedBooter.java:384)
	at org.apache.maven.surefire.booter.ForkedBooter.runSuitesInProcess(ForkedBooter.java:345)
	at org.apache.maven.surefire.booter.ForkedBooter.execute(ForkedBooter.java:126)
	at org.apache.maven.surefire.booter.ForkedBooter.main(ForkedBooter.java:418)

]]></system-err>
  </testcase>
  <testcase name="testWatchForCommitWithCloseContainerException" classname="org.apache.hadoop.ozone.client.rpc.TestBlockOutputStreamWithFailures" time="41.524"/>
  <testcase name="testExceptionDuringClose" classname="org.apache.hadoop.ozone.client.rpc.TestBlockOutputStreamWithFailures" time="36.257"/>
</testsuite>