<?xml version="1.0" encoding="UTF-8"?>
<testsuite xmlns:xsi="http://www.w3.org/2001/XMLSchema-instance" xsi:noNamespaceSchemaLocation="https://maven.apache.org/surefire/maven-surefire-plugin/xsd/surefire-test-report.xsd" name="org.apache.hadoop.ozone.freon.TestRandomKeyGenerator" time="136.958" tests="6" errors="1" skipped="0" failures="0">
  <properties>
    <property name="awt.toolkit" value="sun.awt.X11.XToolkit"/>
    <property name="file.encoding.pkg" value="sun.io"/>
    <property name="java.specification.version" value="1.8"/>
    <property name="sun.cpu.isalist" value=""/>
    <property name="sun.jnu.encoding" value="UTF-8"/>
    <property name="java.class.path" value="/workdir/hadoop-ozone/tools/target/test-classes:/workdir/hadoop-ozone/tools/target/classes:/home/user/.m2/repository/org/apache/hadoop/hadoop-ozone-ozone-manager/0.5.0-SNAPSHOT/hadoop-ozone-ozone-manager-0.5.0-SNAPSHOT.jar:/home/user/.m2/repository/org/apache/hadoop/hadoop-hdds-docs/0.5.0-SNAPSHOT/hadoop-hdds-docs-0.5.0-SNAPSHOT.jar:/home/user/.m2/repository/org/bouncycastle/bcprov-jdk15on/1.60/bcprov-jdk15on-1.60.jar:/home/user/.m2/repository/org/apache/hadoop/hadoop-ozone-common/0.5.0-SNAPSHOT/hadoop-ozone-common-0.5.0-SNAPSHOT.jar:/home/user/.m2/repository/org/apache/commons/commons-compress/1.4.1/commons-compress-1.4.1.jar:/home/user/.m2/repository/org/tukaani/xz/1.0/xz-1.0.jar:/home/user/.m2/repository/org/apache/hadoop/hadoop-hdfs-client/3.2.0/hadoop-hdfs-client-3.2.0.jar:/home/user/.m2/repository/com/fasterxml/jackson/core/jackson-annotations/2.9.5/jackson-annotations-2.9.5.jar:/home/user/.m2/repository/org/apache/hadoop/hadoop-hdds-common/0.5.0-SNAPSHOT/hadoop-hdds-common-0.5.0-SNAPSHOT.jar:/home/user/.m2/repository/org/apache/hadoop/hadoop-hdds-config/0.5.0-SNAPSHOT/hadoop-hdds-config-0.5.0-SNAPSHOT.jar:/home/user/.m2/repository/javax/annotation/javax.annotation-api/1.2/javax.annotation-api-1.2.jar:/home/user/.m2/repository/org/apache/ratis/ratis-server/0.4.0-2337318-SNAPSHOT/ratis-server-0.4.0-2337318-SNAPSHOT.jar:/home/user/.m2/repository/org/apache/ratis/ratis-thirdparty-misc/0.2.0/ratis-thirdparty-misc-0.2.0.jar:/home/user/.m2/repository/org/apache/ratis/ratis-proto/0.4.0-2337318-SNAPSHOT/ratis-proto-0.4.0-2337318-SNAPSHOT.jar:/home/user/.m2/repository/org/apache/ratis/ratis-common/0.4.0-2337318-SNAPSHOT/ratis-common-0.4.0-2337318-SNAPSHOT.jar:/home/user/.m2/repository/org/apache/ratis/ratis-client/0.4.0-2337318-SNAPSHOT/ratis-client-0.4.0-2337318-SNAPSHOT.jar:/home/user/.m2/repository/org/apache/ratis/ratis-metrics/0.4.0-2337318-SNAPSHOT/ratis-metrics-0.4.0-2337318-SNAPSHOT.jar:/home/user/.m2/repository/org/apache/ratis/ratis-netty/0.4.0-2337318-SNAPSHOT/ratis-netty-0.4.0-2337318-SNAPSHOT.jar:/home/user/.m2/repository/org/apache/ratis/ratis-grpc/0.4.0-2337318-SNAPSHOT/ratis-grpc-0.4.0-2337318-SNAPSHOT.jar:/home/user/.m2/repository/org/rocksdb/rocksdbjni/6.0.1/rocksdbjni-6.0.1.jar:/home/user/.m2/repository/org/apache/logging/log4j/log4j-api/2.11.0/log4j-api-2.11.0.jar:/home/user/.m2/repository/org/apache/logging/log4j/log4j-core/2.11.0/log4j-core-2.11.0.jar:/home/user/.m2/repository/com/lmax/disruptor/3.4.2/disruptor-3.4.2.jar:/home/user/.m2/repository/org/apache/commons/commons-pool2/2.6.0/commons-pool2-2.6.0.jar:/home/user/.m2/repository/org/bouncycastle/bcpkix-jdk15on/1.60/bcpkix-jdk15on-1.60.jar:/home/user/.m2/repository/commons-validator/commons-validator/1.6/commons-validator-1.6.jar:/home/user/.m2/repository/commons-digester/commons-digester/1.8.1/commons-digester-1.8.1.jar:/home/user/.m2/repository/io/jaegertracing/jaeger-client/0.33.1/jaeger-client-0.33.1.jar:/home/user/.m2/repository/io/jaegertracing/jaeger-thrift/0.33.1/jaeger-thrift-0.33.1.jar:/home/user/.m2/repository/org/apache/thrift/libthrift/0.11.0/libthrift-0.11.0.jar:/home/user/.m2/repository/com/squareup/okhttp3/okhttp/3.9.0/okhttp-3.9.0.jar:/home/user/.m2/repository/com/squareup/okio/okio/1.13.0/okio-1.13.0.jar:/home/user/.m2/repository/io/jaegertracing/jaeger-core/0.33.1/jaeger-core-0.33.1.jar:/home/user/.m2/repository/io/jaegertracing/jaeger-tracerresolver/0.33.1/jaeger-tracerresolver-0.33.1.jar:/home/user/.m2/repository/io/opentracing/contrib/opentracing-tracerresolver/0.1.5/opentracing-tracerresolver-0.1.5.jar:/home/user/.m2/repository/io/opentracing/opentracing-util/0.31.0/opentracing-util-0.31.0.jar:/home/user/.m2/repository/io/opentracing/opentracing-api/0.31.0/opentracing-api-0.31.0.jar:/home/user/.m2/repository/io/opentracing/opentracing-noop/0.31.0/opentracing-noop-0.31.0.jar:/home/user/.m2/repository/org/yaml/snakeyaml/1.16/snakeyaml-1.16.jar:/home/user/.m2/repository/org/apache/hadoop/hadoop-hdds-container-service/0.5.0-SNAPSHOT/hadoop-hdds-container-service-0.5.0-SNAPSHOT.jar:/home/user/.m2/repository/org/apache/hadoop/hadoop-hdds-client/0.5.0-SNAPSHOT/hadoop-hdds-client-0.5.0-SNAPSHOT.jar:/home/user/.m2/repository/org/apache/hadoop/hadoop-hdds-tools/0.5.0-SNAPSHOT/hadoop-hdds-tools-0.5.0-SNAPSHOT.jar:/home/user/.m2/repository/org/xerial/sqlite-jdbc/3.25.2/sqlite-jdbc-3.25.2.jar:/home/user/.m2/repository/org/apache/hadoop/hadoop-hdds-server-scm/0.5.0-SNAPSHOT/hadoop-hdds-server-scm-0.5.0-SNAPSHOT.jar:/home/user/.m2/repository/org/hamcrest/hamcrest-all/1.3/hamcrest-all-1.3.jar:/home/user/.m2/repository/info/picocli/picocli/3.9.6/picocli-3.9.6.jar:/home/user/.m2/repository/com/google/protobuf/protobuf-java/2.5.0/protobuf-java-2.5.0.jar:/home/user/.m2/repository/com/google/guava/guava/11.0.2/guava-11.0.2.jar:/home/user/.m2/repository/org/apache/hadoop/hadoop-ozone-client/0.5.0-SNAPSHOT/hadoop-ozone-client-0.5.0-SNAPSHOT.jar:/workdir/hadoop-ozone/ozonefs/target/classes:/home/user/.m2/repository/org/apache/hadoop/hadoop-hdds-server-framework/0.5.0-SNAPSHOT/hadoop-hdds-server-framework-0.5.0-SNAPSHOT.jar:/home/user/.m2/repository/org/apache/hadoop/hadoop-common/3.2.0/hadoop-common-3.2.0.jar:/home/user/.m2/repository/org/apache/hadoop/hadoop-annotations/3.2.0/hadoop-annotations-3.2.0.jar:/usr/lib/jvm/java-1.8-openjdk/jre/../lib/tools.jar:/home/user/.m2/repository/commons-cli/commons-cli/1.2/commons-cli-1.2.jar:/home/user/.m2/repository/org/apache/commons/commons-math3/3.1.1/commons-math3-3.1.1.jar:/home/user/.m2/repository/org/apache/httpcomponents/httpclient/4.5.2/httpclient-4.5.2.jar:/home/user/.m2/repository/org/apache/httpcomponents/httpcore/4.4.4/httpcore-4.4.4.jar:/home/user/.m2/repository/commons-codec/commons-codec/1.11/commons-codec-1.11.jar:/home/user/.m2/repository/commons-io/commons-io/2.5/commons-io-2.5.jar:/home/user/.m2/repository/commons-net/commons-net/3.6/commons-net-3.6.jar:/home/user/.m2/repository/commons-collections/commons-collections/3.2.2/commons-collections-3.2.2.jar:/home/user/.m2/repository/javax/servlet/javax.servlet-api/3.1.0/javax.servlet-api-3.1.0.jar:/home/user/.m2/repository/org/eclipse/jetty/jetty-server/9.3.24.v20180605/jetty-server-9.3.24.v20180605.jar:/home/user/.m2/repository/org/eclipse/jetty/jetty-http/9.3.24.v20180605/jetty-http-9.3.24.v20180605.jar:/home/user/.m2/repository/org/eclipse/jetty/jetty-io/9.3.24.v20180605/jetty-io-9.3.24.v20180605.jar:/home/user/.m2/repository/org/eclipse/jetty/jetty-util/9.3.24.v20180605/jetty-util-9.3.24.v20180605.jar:/home/user/.m2/repository/org/eclipse/jetty/jetty-servlet/9.3.24.v20180605/jetty-servlet-9.3.24.v20180605.jar:/home/user/.m2/repository/org/eclipse/jetty/jetty-security/9.3.24.v20180605/jetty-security-9.3.24.v20180605.jar:/home/user/.m2/repository/org/eclipse/jetty/jetty-webapp/9.3.24.v20180605/jetty-webapp-9.3.24.v20180605.jar:/home/user/.m2/repository/org/eclipse/jetty/jetty-xml/9.3.24.v20180605/jetty-xml-9.3.24.v20180605.jar:/home/user/.m2/repository/javax/servlet/jsp/jsp-api/2.1/jsp-api-2.1.jar:/home/user/.m2/repository/com/sun/jersey/jersey-core/1.19/jersey-core-1.19.jar:/home/user/.m2/repository/javax/ws/rs/jsr311-api/1.1.1/jsr311-api-1.1.1.jar:/home/user/.m2/repository/com/sun/jersey/jersey-servlet/1.19/jersey-servlet-1.19.jar:/home/user/.m2/repository/com/sun/jersey/jersey-json/1.19/jersey-json-1.19.jar:/home/user/.m2/repository/org/codehaus/jettison/jettison/1.1/jettison-1.1.jar:/home/user/.m2/repository/com/sun/xml/bind/jaxb-impl/2.3.0.1/jaxb-impl-2.3.0.1.jar:/home/user/.m2/repository/org/codehaus/jackson/jackson-core-asl/1.9.13/jackson-core-asl-1.9.13.jar:/home/user/.m2/repository/org/codehaus/jackson/jackson-mapper-asl/1.9.13/jackson-mapper-asl-1.9.13.jar:/home/user/.m2/repository/org/codehaus/jackson/jackson-jaxrs/1.9.13/jackson-jaxrs-1.9.13.jar:/home/user/.m2/repository/org/codehaus/jackson/jackson-xc/1.9.13/jackson-xc-1.9.13.jar:/home/user/.m2/repository/com/sun/jersey/jersey-server/1.19/jersey-server-1.19.jar:/home/user/.m2/repository/commons-logging/commons-logging/1.1.3/commons-logging-1.1.3.jar:/home/user/.m2/repository/log4j/log4j/1.2.17/log4j-1.2.17.jar:/home/user/.m2/repository/commons-beanutils/commons-beanutils/1.9.3/commons-beanutils-1.9.3.jar:/home/user/.m2/repository/org/apache/commons/commons-configuration2/2.1.1/commons-configuration2-2.1.1.jar:/home/user/.m2/repository/org/apache/commons/commons-lang3/3.7/commons-lang3-3.7.jar:/home/user/.m2/repository/org/apache/commons/commons-text/1.4/commons-text-1.4.jar:/home/user/.m2/repository/org/slf4j/slf4j-api/1.7.25/slf4j-api-1.7.25.jar:/home/user/.m2/repository/org/slf4j/slf4j-log4j12/1.7.25/slf4j-log4j12-1.7.25.jar:/home/user/.m2/repository/org/apache/avro/avro/1.7.7/avro-1.7.7.jar:/home/user/.m2/repository/com/thoughtworks/paranamer/paranamer/2.3/paranamer-2.3.jar:/home/user/.m2/repository/org/xerial/snappy/snappy-java/1.0.5/snappy-java-1.0.5.jar:/home/user/.m2/repository/com/google/re2j/re2j/1.1/re2j-1.1.jar:/home/user/.m2/repository/com/google/code/gson/gson/2.2.4/gson-2.2.4.jar:/home/user/.m2/repository/org/apache/hadoop/hadoop-auth/3.2.0/hadoop-auth-3.2.0.jar:/home/user/.m2/repository/com/nimbusds/nimbus-jose-jwt/4.41.1/nimbus-jose-jwt-4.41.1.jar:/home/user/.m2/repository/com/github/stephenc/jcip/jcip-annotations/1.0-1/jcip-annotations-1.0-1.jar:/home/user/.m2/repository/net/minidev/json-smart/2.3/json-smart-2.3.jar:/home/user/.m2/repository/net/minidev/accessors-smart/1.2/accessors-smart-1.2.jar:/home/user/.m2/repository/org/apache/curator/curator-framework/2.12.0/curator-framework-2.12.0.jar:/home/user/.m2/repository/com/jcraft/jsch/0.1.54/jsch-0.1.54.jar:/home/user/.m2/repository/org/apache/curator/curator-client/2.12.0/curator-client-2.12.0.jar:/home/user/.m2/repository/org/apache/curator/curator-recipes/2.12.0/curator-recipes-2.12.0.jar:/home/user/.m2/repository/com/google/code/findbugs/jsr305/3.0.0/jsr305-3.0.0.jar:/home/user/.m2/repository/org/apache/htrace/htrace-core4/4.1.0-incubating/htrace-core4-4.1.0-incubating.jar:/home/user/.m2/repository/org/apache/zookeeper/zookeeper/3.4.13/zookeeper-3.4.13.jar:/home/user/.m2/repository/org/apache/yetus/audience-annotations/0.5.0/audience-annotations-0.5.0.jar:/home/user/.m2/repository/org/apache/kerby/kerb-simplekdc/1.0.1/kerb-simplekdc-1.0.1.jar:/home/user/.m2/repository/org/apache/kerby/kerb-client/1.0.1/kerb-client-1.0.1.jar:/home/user/.m2/repository/org/apache/kerby/kerby-config/1.0.1/kerby-config-1.0.1.jar:/home/user/.m2/repository/org/apache/kerby/kerb-core/1.0.1/kerb-core-1.0.1.jar:/home/user/.m2/repository/org/apache/kerby/kerby-pkix/1.0.1/kerby-pkix-1.0.1.jar:/home/user/.m2/repository/org/apache/kerby/kerby-asn1/1.0.1/kerby-asn1-1.0.1.jar:/home/user/.m2/repository/org/apache/kerby/kerby-util/1.0.1/kerby-util-1.0.1.jar:/home/user/.m2/repository/org/apache/kerby/kerb-common/1.0.1/kerb-common-1.0.1.jar:/home/user/.m2/repository/org/apache/kerby/kerb-crypto/1.0.1/kerb-crypto-1.0.1.jar:/home/user/.m2/repository/org/apache/kerby/kerb-util/1.0.1/kerb-util-1.0.1.jar:/home/user/.m2/repository/org/apache/kerby/token-provider/1.0.1/token-provider-1.0.1.jar:/home/user/.m2/repository/org/apache/kerby/kerb-admin/1.0.1/kerb-admin-1.0.1.jar:/home/user/.m2/repository/org/apache/kerby/kerb-server/1.0.1/kerb-server-1.0.1.jar:/home/user/.m2/repository/org/apache/kerby/kerb-identity/1.0.1/kerb-identity-1.0.1.jar:/home/user/.m2/repository/org/apache/kerby/kerby-xdr/1.0.1/kerby-xdr-1.0.1.jar:/home/user/.m2/repository/com/fasterxml/jackson/core/jackson-databind/2.9.5/jackson-databind-2.9.5.jar:/home/user/.m2/repository/com/fasterxml/jackson/core/jackson-core/2.9.5/jackson-core-2.9.5.jar:/home/user/.m2/repository/org/codehaus/woodstox/stax2-api/3.1.4/stax2-api-3.1.4.jar:/home/user/.m2/repository/com/fasterxml/woodstox/woodstox-core/5.0.3/woodstox-core-5.0.3.jar:/home/user/.m2/repository/dnsjava/dnsjava/2.1.7/dnsjava-2.1.7.jar:/home/user/.m2/repository/org/apache/hadoop/hadoop-hdfs/3.2.0/hadoop-hdfs-3.2.0.jar:/home/user/.m2/repository/org/eclipse/jetty/jetty-util-ajax/9.3.24.v20180605/jetty-util-ajax-9.3.24.v20180605.jar:/home/user/.m2/repository/commons-daemon/commons-daemon/1.0.13/commons-daemon-1.0.13.jar:/home/user/.m2/repository/io/netty/netty/3.10.5.Final/netty-3.10.5.Final.jar:/home/user/.m2/repository/io/netty/netty-all/4.0.52.Final/netty-all-4.0.52.Final.jar:/home/user/.m2/repository/org/fusesource/leveldbjni/leveldbjni-all/1.8/leveldbjni-all-1.8.jar:/home/user/.m2/repository/com/sun/xml/bind/jaxb-core/2.3.0.1/jaxb-core-2.3.0.1.jar:/home/user/.m2/repository/javax/xml/bind/jaxb-api/2.3.0/jaxb-api-2.3.0.jar:/home/user/.m2/repository/javax/activation/activation/1.1.1/activation-1.1.1.jar:/home/user/.m2/repository/io/dropwizard/metrics/metrics-core/3.2.4/metrics-core-3.2.4.jar:/home/user/.m2/repository/org/openjdk/jmh/jmh-core/1.19/jmh-core-1.19.jar:/home/user/.m2/repository/net/sf/jopt-simple/jopt-simple/4.6/jopt-simple-4.6.jar:/home/user/.m2/repository/org/openjdk/jmh/jmh-generator-annprocess/1.19/jmh-generator-annprocess-1.19.jar:/home/user/.m2/repository/com/google/code/findbugs/findbugs/3.0.1/findbugs-3.0.1.jar:/home/user/.m2/repository/net/jcip/jcip-annotations/1.0/jcip-annotations-1.0.jar:/home/user/.m2/repository/com/google/code/findbugs/bcel-findbugs/6.0/bcel-findbugs-6.0.jar:/home/user/.m2/repository/com/google/code/findbugs/jFormatString/2.0.1/jFormatString-2.0.1.jar:/home/user/.m2/repository/dom4j/dom4j/1.6.1/dom4j-1.6.1.jar:/home/user/.m2/repository/xml-apis/xml-apis/1.0.b2/xml-apis-1.0.b2.jar:/home/user/.m2/repository/org/ow2/asm/asm-debug-all/5.0.2/asm-debug-all-5.0.2.jar:/home/user/.m2/repository/org/ow2/asm/asm-commons/5.0.2/asm-commons-5.0.2.jar:/home/user/.m2/repository/org/ow2/asm/asm-tree/5.0.2/asm-tree-5.0.2.jar:/home/user/.m2/repository/org/ow2/asm/asm/5.0.4/asm-5.0.4.jar:/home/user/.m2/repository/commons-lang/commons-lang/2.6/commons-lang-2.6.jar:/home/user/.m2/repository/com/apple/AppleJavaExtensions/1.4/AppleJavaExtensions-1.4.jar:/home/user/.m2/repository/jaxen/jaxen/1.1.6/jaxen-1.1.6.jar:/home/user/.m2/repository/junit/junit/4.11/junit-4.11.jar:/home/user/.m2/repository/org/hamcrest/hamcrest-core/1.3/hamcrest-core-1.3.jar:/home/user/.m2/repository/org/apache/hadoop/hadoop-common/3.2.0/hadoop-common-3.2.0-tests.jar:/workdir/hadoop-ozone/integration-test/target/test-classes:/home/user/.m2/repository/org/apache/hadoop/hadoop-ozone-objectstore-service/0.5.0-SNAPSHOT/hadoop-ozone-objectstore-service-0.5.0-SNAPSHOT.jar:/home/user/.m2/repository/org/apache/hadoop/hadoop-ozone-s3gateway/0.5.0-SNAPSHOT/hadoop-ozone-s3gateway-0.5.0-SNAPSHOT.jar:/home/user/.m2/repository/org/jboss/weld/servlet/weld-servlet/2.4.7.Final/weld-servlet-2.4.7.Final.jar:/home/user/.m2/repository/org/glassfish/jersey/containers/jersey-container-servlet-core/2.27/jersey-container-servlet-core-2.27.jar:/home/user/.m2/repository/org/glassfish/hk2/external/javax.inject/2.5.0-b42/javax.inject-2.5.0-b42.jar:/home/user/.m2/repository/org/glassfish/jersey/core/jersey-common/2.27/jersey-common-2.27.jar:/home/user/.m2/repository/org/glassfish/hk2/osgi-resource-locator/1.0.1/osgi-resource-locator-1.0.1.jar:/home/user/.m2/repository/javax/ws/rs/javax.ws.rs-api/2.1/javax.ws.rs-api-2.1.jar:/home/user/.m2/repository/org/glassfish/jersey/ext/cdi/jersey-cdi1x/2.27/jersey-cdi1x-2.27.jar:/home/user/.m2/repository/org/glassfish/jersey/inject/jersey-hk2/2.27/jersey-hk2-2.27.jar:/home/user/.m2/repository/org/glassfish/hk2/hk2-locator/2.5.0-b42/hk2-locator-2.5.0-b42.jar:/home/user/.m2/repository/org/javassist/javassist/3.22.0-CR2/javassist-3.22.0-CR2.jar:/home/user/.m2/repository/org/glassfish/hk2/hk2-api/2.5.0/hk2-api-2.5.0.jar:/home/user/.m2/repository/org/glassfish/hk2/external/jakarta.inject/2.5.0/jakarta.inject-2.5.0.jar:/home/user/.m2/repository/org/glassfish/hk2/hk2-utils/2.5.0/hk2-utils-2.5.0.jar:/home/user/.m2/repository/jakarta/annotation/jakarta.annotation-api/1.3.4/jakarta.annotation-api-1.3.4.jar:/home/user/.m2/repository/org/glassfish/hk2/external/aopalliance-repackaged/2.5.0/aopalliance-repackaged-2.5.0.jar:/home/user/.m2/repository/com/fasterxml/jackson/dataformat/jackson-dataformat-xml/2.9.0/jackson-dataformat-xml-2.9.0.jar:/home/user/.m2/repository/com/fasterxml/jackson/module/jackson-module-jaxb-annotations/2.9.5/jackson-module-jaxb-annotations-2.9.5.jar:/home/user/.m2/repository/javax/enterprise/cdi-api/1.2/cdi-api-1.2.jar:/home/user/.m2/repository/javax/el/javax.el-api/3.0.0/javax.el-api-3.0.0.jar:/home/user/.m2/repository/javax/interceptor/javax.interceptor-api/1.2/javax.interceptor-api-1.2.jar:/home/user/.m2/repository/javax/inject/javax.inject/1/javax.inject-1.jar:/home/user/.m2/repository/org/apache/hadoop/hadoop-ozone-csi/0.5.0-SNAPSHOT/hadoop-ozone-csi-0.5.0-SNAPSHOT.jar:/home/user/.m2/repository/com/google/protobuf/protobuf-java-util/3.5.1/protobuf-java-util-3.5.1.jar:/home/user/.m2/repository/io/grpc/grpc-netty/1.17.1/grpc-netty-1.17.1.jar:/home/user/.m2/repository/io/grpc/grpc-core/1.17.1/grpc-core-1.17.1.jar:/home/user/.m2/repository/io/grpc/grpc-context/1.17.1/grpc-context-1.17.1.jar:/home/user/.m2/repository/com/google/errorprone/error_prone_annotations/2.2.0/error_prone_annotations-2.2.0.jar:/home/user/.m2/repository/org/codehaus/mojo/animal-sniffer-annotations/1.17/animal-sniffer-annotations-1.17.jar:/home/user/.m2/repository/io/opencensus/opencensus-api/0.17.0/opencensus-api-0.17.0.jar:/home/user/.m2/repository/io/opencensus/opencensus-contrib-grpc-metrics/0.17.0/opencensus-contrib-grpc-metrics-0.17.0.jar:/home/user/.m2/repository/io/netty/netty-codec-http2/4.1.30.Final/netty-codec-http2-4.1.30.Final.jar:/home/user/.m2/repository/io/netty/netty-codec-http/4.1.30.Final/netty-codec-http-4.1.30.Final.jar:/home/user/.m2/repository/io/netty/netty-codec/4.1.30.Final/netty-codec-4.1.30.Final.jar:/home/user/.m2/repository/io/netty/netty-handler/4.1.30.Final/netty-handler-4.1.30.Final.jar:/home/user/.m2/repository/io/netty/netty-handler-proxy/4.1.30.Final/netty-handler-proxy-4.1.30.Final.jar:/home/user/.m2/repository/io/netty/netty-codec-socks/4.1.30.Final/netty-codec-socks-4.1.30.Final.jar:/home/user/.m2/repository/io/netty/netty-transport-native-epoll/4.1.30.Final/netty-transport-native-epoll-4.1.30.Final.jar:/home/user/.m2/repository/io/netty/netty-common/4.1.30.Final/netty-common-4.1.30.Final.jar:/home/user/.m2/repository/io/netty/netty-buffer/4.1.30.Final/netty-buffer-4.1.30.Final.jar:/home/user/.m2/repository/io/netty/netty-transport/4.1.30.Final/netty-transport-4.1.30.Final.jar:/home/user/.m2/repository/io/netty/netty-resolver/4.1.30.Final/netty-resolver-4.1.30.Final.jar:/home/user/.m2/repository/io/netty/netty-transport-native-unix-common/4.1.30.Final/netty-transport-native-unix-common-4.1.30.Final.jar:/home/user/.m2/repository/io/grpc/grpc-protobuf/1.17.1/grpc-protobuf-1.17.1.jar:/home/user/.m2/repository/com/google/api/grpc/proto-google-common-protos/1.0.0/proto-google-common-protos-1.0.0.jar:/home/user/.m2/repository/io/grpc/grpc-protobuf-lite/1.17.1/grpc-protobuf-lite-1.17.1.jar:/home/user/.m2/repository/io/grpc/grpc-stub/1.17.1/grpc-stub-1.17.1.jar:/home/user/.m2/repository/org/apache/hadoop/hadoop-ozone-recon/0.5.0-SNAPSHOT/hadoop-ozone-recon-0.5.0-SNAPSHOT.jar:/home/user/.m2/repository/org/apache/hadoop/hadoop-ozone-reconcodegen/0.5.0-SNAPSHOT/hadoop-ozone-reconcodegen-0.5.0-SNAPSHOT.jar:/home/user/.m2/repository/com/google/inject/extensions/guice-multibindings/4.0/guice-multibindings-4.0.jar:/home/user/.m2/repository/com/google/inject/guice/4.0/guice-4.0.jar:/home/user/.m2/repository/aopalliance/aopalliance/1.0/aopalliance-1.0.jar:/home/user/.m2/repository/com/google/inject/extensions/guice-servlet/4.0/guice-servlet-4.0.jar:/home/user/.m2/repository/org/glassfish/jersey/containers/jersey-container-servlet/2.27/jersey-container-servlet-2.27.jar:/home/user/.m2/repository/org/glassfish/hk2/guice-bridge/2.5.0/guice-bridge-2.5.0.jar:/home/user/.m2/repository/org/glassfish/jersey/core/jersey-server/2.27/jersey-server-2.27.jar:/home/user/.m2/repository/org/glassfish/jersey/core/jersey-client/2.27/jersey-client-2.27.jar:/home/user/.m2/repository/org/glassfish/jersey/media/jersey-media-jaxb/2.27/jersey-media-jaxb-2.27.jar:/home/user/.m2/repository/javax/validation/validation-api/1.1.0.Final/validation-api-1.1.0.Final.jar:/home/user/.m2/repository/org/glassfish/jersey/media/jersey-media-json-jackson/2.27/jersey-media-json-jackson-2.27.jar:/home/user/.m2/repository/org/glassfish/jersey/ext/jersey-entity-filtering/2.27/jersey-entity-filtering-2.27.jar:/home/user/.m2/repository/com/google/inject/extensions/guice-assistedinject/4.0/guice-assistedinject-4.0.jar:/home/user/.m2/repository/org/jooq/jooq/3.11.10/jooq-3.11.10.jar:/home/user/.m2/repository/org/jooq/jooq-meta/3.11.10/jooq-meta-3.11.10.jar:/home/user/.m2/repository/org/jooq/jooq-codegen/3.11.10/jooq-codegen-3.11.10.jar:/home/user/.m2/repository/com/jolbox/bonecp/0.8.0.RELEASE/bonecp-0.8.0.RELEASE.jar:/home/user/.m2/repository/org/springframework/spring-jdbc/5.1.3.RELEASE/spring-jdbc-5.1.3.RELEASE.jar:/home/user/.m2/repository/org/springframework/spring-beans/5.1.3.RELEASE/spring-beans-5.1.3.RELEASE.jar:/home/user/.m2/repository/org/springframework/spring-core/5.1.3.RELEASE/spring-core-5.1.3.RELEASE.jar:/home/user/.m2/repository/org/springframework/spring-jcl/5.1.3.RELEASE/spring-jcl-5.1.3.RELEASE.jar:/home/user/.m2/repository/org/springframework/spring-tx/5.1.3.RELEASE/spring-tx-5.1.3.RELEASE.jar:/home/user/.m2/repository/org/mockito/mockito-core/2.15.0/mockito-core-2.15.0.jar:/home/user/.m2/repository/net/bytebuddy/byte-buddy/1.7.9/byte-buddy-1.7.9.jar:/home/user/.m2/repository/net/bytebuddy/byte-buddy-agent/1.7.9/byte-buddy-agent-1.7.9.jar:/home/user/.m2/repository/org/objenesis/objenesis/1.0/objenesis-1.0.jar:"/>
    <property name="java.vm.vendor" value="IcedTea"/>
    <property name="sun.arch.data.model" value="64"/>
    <property name="test.build.dir" value="/workdir/hadoop-ozone/tools/target/test-dir"/>
    <property name="test.cache.data" value=""/>
    <property name="java.vendor.url" value="https://icedtea.classpath.org"/>
    <property name="user.timezone" value=""/>
    <property name="java.vm.specification.version" value="1.8"/>
    <property name="os.name" value="Linux"/>
    <property name="test.build.data" value="/workdir/hadoop-ozone/tools/target/test-dir"/>
    <property name="user.country" value="US"/>
    <property name="sun.java.launcher" value="SUN_STANDARD"/>
    <property name="sun.boot.library.path" value="/usr/lib/jvm/java-1.8-openjdk/jre/lib/amd64"/>
    <property name="sun.java.command" value="/workdir/hadoop-ozone/tools/target/surefire/surefirebooter8962444475357081382.jar /workdir/hadoop-ozone/tools/target/surefire 2019-08-20T09-54-47_339-jvmRun1 surefire4151529388250810887tmp surefire_1155678990263921532790tmp"/>
    <property name="surefire.test.class.path" value="/workdir/hadoop-ozone/tools/target/test-classes:/workdir/hadoop-ozone/tools/target/classes:/home/user/.m2/repository/org/apache/hadoop/hadoop-ozone-ozone-manager/0.5.0-SNAPSHOT/hadoop-ozone-ozone-manager-0.5.0-SNAPSHOT.jar:/home/user/.m2/repository/org/apache/hadoop/hadoop-hdds-docs/0.5.0-SNAPSHOT/hadoop-hdds-docs-0.5.0-SNAPSHOT.jar:/home/user/.m2/repository/org/bouncycastle/bcprov-jdk15on/1.60/bcprov-jdk15on-1.60.jar:/home/user/.m2/repository/org/apache/hadoop/hadoop-ozone-common/0.5.0-SNAPSHOT/hadoop-ozone-common-0.5.0-SNAPSHOT.jar:/home/user/.m2/repository/org/apache/commons/commons-compress/1.4.1/commons-compress-1.4.1.jar:/home/user/.m2/repository/org/tukaani/xz/1.0/xz-1.0.jar:/home/user/.m2/repository/org/apache/hadoop/hadoop-hdfs-client/3.2.0/hadoop-hdfs-client-3.2.0.jar:/home/user/.m2/repository/com/fasterxml/jackson/core/jackson-annotations/2.9.5/jackson-annotations-2.9.5.jar:/home/user/.m2/repository/org/apache/hadoop/hadoop-hdds-common/0.5.0-SNAPSHOT/hadoop-hdds-common-0.5.0-SNAPSHOT.jar:/home/user/.m2/repository/org/apache/hadoop/hadoop-hdds-config/0.5.0-SNAPSHOT/hadoop-hdds-config-0.5.0-SNAPSHOT.jar:/home/user/.m2/repository/javax/annotation/javax.annotation-api/1.2/javax.annotation-api-1.2.jar:/home/user/.m2/repository/org/apache/ratis/ratis-server/0.4.0-2337318-SNAPSHOT/ratis-server-0.4.0-2337318-SNAPSHOT.jar:/home/user/.m2/repository/org/apache/ratis/ratis-thirdparty-misc/0.2.0/ratis-thirdparty-misc-0.2.0.jar:/home/user/.m2/repository/org/apache/ratis/ratis-proto/0.4.0-2337318-SNAPSHOT/ratis-proto-0.4.0-2337318-SNAPSHOT.jar:/home/user/.m2/repository/org/apache/ratis/ratis-common/0.4.0-2337318-SNAPSHOT/ratis-common-0.4.0-2337318-SNAPSHOT.jar:/home/user/.m2/repository/org/apache/ratis/ratis-client/0.4.0-2337318-SNAPSHOT/ratis-client-0.4.0-2337318-SNAPSHOT.jar:/home/user/.m2/repository/org/apache/ratis/ratis-metrics/0.4.0-2337318-SNAPSHOT/ratis-metrics-0.4.0-2337318-SNAPSHOT.jar:/home/user/.m2/repository/org/apache/ratis/ratis-netty/0.4.0-2337318-SNAPSHOT/ratis-netty-0.4.0-2337318-SNAPSHOT.jar:/home/user/.m2/repository/org/apache/ratis/ratis-grpc/0.4.0-2337318-SNAPSHOT/ratis-grpc-0.4.0-2337318-SNAPSHOT.jar:/home/user/.m2/repository/org/rocksdb/rocksdbjni/6.0.1/rocksdbjni-6.0.1.jar:/home/user/.m2/repository/org/apache/logging/log4j/log4j-api/2.11.0/log4j-api-2.11.0.jar:/home/user/.m2/repository/org/apache/logging/log4j/log4j-core/2.11.0/log4j-core-2.11.0.jar:/home/user/.m2/repository/com/lmax/disruptor/3.4.2/disruptor-3.4.2.jar:/home/user/.m2/repository/org/apache/commons/commons-pool2/2.6.0/commons-pool2-2.6.0.jar:/home/user/.m2/repository/org/bouncycastle/bcpkix-jdk15on/1.60/bcpkix-jdk15on-1.60.jar:/home/user/.m2/repository/commons-validator/commons-validator/1.6/commons-validator-1.6.jar:/home/user/.m2/repository/commons-digester/commons-digester/1.8.1/commons-digester-1.8.1.jar:/home/user/.m2/repository/io/jaegertracing/jaeger-client/0.33.1/jaeger-client-0.33.1.jar:/home/user/.m2/repository/io/jaegertracing/jaeger-thrift/0.33.1/jaeger-thrift-0.33.1.jar:/home/user/.m2/repository/org/apache/thrift/libthrift/0.11.0/libthrift-0.11.0.jar:/home/user/.m2/repository/com/squareup/okhttp3/okhttp/3.9.0/okhttp-3.9.0.jar:/home/user/.m2/repository/com/squareup/okio/okio/1.13.0/okio-1.13.0.jar:/home/user/.m2/repository/io/jaegertracing/jaeger-core/0.33.1/jaeger-core-0.33.1.jar:/home/user/.m2/repository/io/jaegertracing/jaeger-tracerresolver/0.33.1/jaeger-tracerresolver-0.33.1.jar:/home/user/.m2/repository/io/opentracing/contrib/opentracing-tracerresolver/0.1.5/opentracing-tracerresolver-0.1.5.jar:/home/user/.m2/repository/io/opentracing/opentracing-util/0.31.0/opentracing-util-0.31.0.jar:/home/user/.m2/repository/io/opentracing/opentracing-api/0.31.0/opentracing-api-0.31.0.jar:/home/user/.m2/repository/io/opentracing/opentracing-noop/0.31.0/opentracing-noop-0.31.0.jar:/home/user/.m2/repository/org/yaml/snakeyaml/1.16/snakeyaml-1.16.jar:/home/user/.m2/repository/org/apache/hadoop/hadoop-hdds-container-service/0.5.0-SNAPSHOT/hadoop-hdds-container-service-0.5.0-SNAPSHOT.jar:/home/user/.m2/repository/org/apache/hadoop/hadoop-hdds-client/0.5.0-SNAPSHOT/hadoop-hdds-client-0.5.0-SNAPSHOT.jar:/home/user/.m2/repository/org/apache/hadoop/hadoop-hdds-tools/0.5.0-SNAPSHOT/hadoop-hdds-tools-0.5.0-SNAPSHOT.jar:/home/user/.m2/repository/org/xerial/sqlite-jdbc/3.25.2/sqlite-jdbc-3.25.2.jar:/home/user/.m2/repository/org/apache/hadoop/hadoop-hdds-server-scm/0.5.0-SNAPSHOT/hadoop-hdds-server-scm-0.5.0-SNAPSHOT.jar:/home/user/.m2/repository/org/hamcrest/hamcrest-all/1.3/hamcrest-all-1.3.jar:/home/user/.m2/repository/info/picocli/picocli/3.9.6/picocli-3.9.6.jar:/home/user/.m2/repository/com/google/protobuf/protobuf-java/2.5.0/protobuf-java-2.5.0.jar:/home/user/.m2/repository/com/google/guava/guava/11.0.2/guava-11.0.2.jar:/home/user/.m2/repository/org/apache/hadoop/hadoop-ozone-client/0.5.0-SNAPSHOT/hadoop-ozone-client-0.5.0-SNAPSHOT.jar:/workdir/hadoop-ozone/ozonefs/target/classes:/home/user/.m2/repository/org/apache/hadoop/hadoop-hdds-server-framework/0.5.0-SNAPSHOT/hadoop-hdds-server-framework-0.5.0-SNAPSHOT.jar:/home/user/.m2/repository/org/apache/hadoop/hadoop-common/3.2.0/hadoop-common-3.2.0.jar:/home/user/.m2/repository/org/apache/hadoop/hadoop-annotations/3.2.0/hadoop-annotations-3.2.0.jar:/usr/lib/jvm/java-1.8-openjdk/jre/../lib/tools.jar:/home/user/.m2/repository/commons-cli/commons-cli/1.2/commons-cli-1.2.jar:/home/user/.m2/repository/org/apache/commons/commons-math3/3.1.1/commons-math3-3.1.1.jar:/home/user/.m2/repository/org/apache/httpcomponents/httpclient/4.5.2/httpclient-4.5.2.jar:/home/user/.m2/repository/org/apache/httpcomponents/httpcore/4.4.4/httpcore-4.4.4.jar:/home/user/.m2/repository/commons-codec/commons-codec/1.11/commons-codec-1.11.jar:/home/user/.m2/repository/commons-io/commons-io/2.5/commons-io-2.5.jar:/home/user/.m2/repository/commons-net/commons-net/3.6/commons-net-3.6.jar:/home/user/.m2/repository/commons-collections/commons-collections/3.2.2/commons-collections-3.2.2.jar:/home/user/.m2/repository/javax/servlet/javax.servlet-api/3.1.0/javax.servlet-api-3.1.0.jar:/home/user/.m2/repository/org/eclipse/jetty/jetty-server/9.3.24.v20180605/jetty-server-9.3.24.v20180605.jar:/home/user/.m2/repository/org/eclipse/jetty/jetty-http/9.3.24.v20180605/jetty-http-9.3.24.v20180605.jar:/home/user/.m2/repository/org/eclipse/jetty/jetty-io/9.3.24.v20180605/jetty-io-9.3.24.v20180605.jar:/home/user/.m2/repository/org/eclipse/jetty/jetty-util/9.3.24.v20180605/jetty-util-9.3.24.v20180605.jar:/home/user/.m2/repository/org/eclipse/jetty/jetty-servlet/9.3.24.v20180605/jetty-servlet-9.3.24.v20180605.jar:/home/user/.m2/repository/org/eclipse/jetty/jetty-security/9.3.24.v20180605/jetty-security-9.3.24.v20180605.jar:/home/user/.m2/repository/org/eclipse/jetty/jetty-webapp/9.3.24.v20180605/jetty-webapp-9.3.24.v20180605.jar:/home/user/.m2/repository/org/eclipse/jetty/jetty-xml/9.3.24.v20180605/jetty-xml-9.3.24.v20180605.jar:/home/user/.m2/repository/javax/servlet/jsp/jsp-api/2.1/jsp-api-2.1.jar:/home/user/.m2/repository/com/sun/jersey/jersey-core/1.19/jersey-core-1.19.jar:/home/user/.m2/repository/javax/ws/rs/jsr311-api/1.1.1/jsr311-api-1.1.1.jar:/home/user/.m2/repository/com/sun/jersey/jersey-servlet/1.19/jersey-servlet-1.19.jar:/home/user/.m2/repository/com/sun/jersey/jersey-json/1.19/jersey-json-1.19.jar:/home/user/.m2/repository/org/codehaus/jettison/jettison/1.1/jettison-1.1.jar:/home/user/.m2/repository/com/sun/xml/bind/jaxb-impl/2.3.0.1/jaxb-impl-2.3.0.1.jar:/home/user/.m2/repository/org/codehaus/jackson/jackson-core-asl/1.9.13/jackson-core-asl-1.9.13.jar:/home/user/.m2/repository/org/codehaus/jackson/jackson-mapper-asl/1.9.13/jackson-mapper-asl-1.9.13.jar:/home/user/.m2/repository/org/codehaus/jackson/jackson-jaxrs/1.9.13/jackson-jaxrs-1.9.13.jar:/home/user/.m2/repository/org/codehaus/jackson/jackson-xc/1.9.13/jackson-xc-1.9.13.jar:/home/user/.m2/repository/com/sun/jersey/jersey-server/1.19/jersey-server-1.19.jar:/home/user/.m2/repository/commons-logging/commons-logging/1.1.3/commons-logging-1.1.3.jar:/home/user/.m2/repository/log4j/log4j/1.2.17/log4j-1.2.17.jar:/home/user/.m2/repository/commons-beanutils/commons-beanutils/1.9.3/commons-beanutils-1.9.3.jar:/home/user/.m2/repository/org/apache/commons/commons-configuration2/2.1.1/commons-configuration2-2.1.1.jar:/home/user/.m2/repository/org/apache/commons/commons-lang3/3.7/commons-lang3-3.7.jar:/home/user/.m2/repository/org/apache/commons/commons-text/1.4/commons-text-1.4.jar:/home/user/.m2/repository/org/slf4j/slf4j-api/1.7.25/slf4j-api-1.7.25.jar:/home/user/.m2/repository/org/slf4j/slf4j-log4j12/1.7.25/slf4j-log4j12-1.7.25.jar:/home/user/.m2/repository/org/apache/avro/avro/1.7.7/avro-1.7.7.jar:/home/user/.m2/repository/com/thoughtworks/paranamer/paranamer/2.3/paranamer-2.3.jar:/home/user/.m2/repository/org/xerial/snappy/snappy-java/1.0.5/snappy-java-1.0.5.jar:/home/user/.m2/repository/com/google/re2j/re2j/1.1/re2j-1.1.jar:/home/user/.m2/repository/com/google/code/gson/gson/2.2.4/gson-2.2.4.jar:/home/user/.m2/repository/org/apache/hadoop/hadoop-auth/3.2.0/hadoop-auth-3.2.0.jar:/home/user/.m2/repository/com/nimbusds/nimbus-jose-jwt/4.41.1/nimbus-jose-jwt-4.41.1.jar:/home/user/.m2/repository/com/github/stephenc/jcip/jcip-annotations/1.0-1/jcip-annotations-1.0-1.jar:/home/user/.m2/repository/net/minidev/json-smart/2.3/json-smart-2.3.jar:/home/user/.m2/repository/net/minidev/accessors-smart/1.2/accessors-smart-1.2.jar:/home/user/.m2/repository/org/apache/curator/curator-framework/2.12.0/curator-framework-2.12.0.jar:/home/user/.m2/repository/com/jcraft/jsch/0.1.54/jsch-0.1.54.jar:/home/user/.m2/repository/org/apache/curator/curator-client/2.12.0/curator-client-2.12.0.jar:/home/user/.m2/repository/org/apache/curator/curator-recipes/2.12.0/curator-recipes-2.12.0.jar:/home/user/.m2/repository/com/google/code/findbugs/jsr305/3.0.0/jsr305-3.0.0.jar:/home/user/.m2/repository/org/apache/htrace/htrace-core4/4.1.0-incubating/htrace-core4-4.1.0-incubating.jar:/home/user/.m2/repository/org/apache/zookeeper/zookeeper/3.4.13/zookeeper-3.4.13.jar:/home/user/.m2/repository/org/apache/yetus/audience-annotations/0.5.0/audience-annotations-0.5.0.jar:/home/user/.m2/repository/org/apache/kerby/kerb-simplekdc/1.0.1/kerb-simplekdc-1.0.1.jar:/home/user/.m2/repository/org/apache/kerby/kerb-client/1.0.1/kerb-client-1.0.1.jar:/home/user/.m2/repository/org/apache/kerby/kerby-config/1.0.1/kerby-config-1.0.1.jar:/home/user/.m2/repository/org/apache/kerby/kerb-core/1.0.1/kerb-core-1.0.1.jar:/home/user/.m2/repository/org/apache/kerby/kerby-pkix/1.0.1/kerby-pkix-1.0.1.jar:/home/user/.m2/repository/org/apache/kerby/kerby-asn1/1.0.1/kerby-asn1-1.0.1.jar:/home/user/.m2/repository/org/apache/kerby/kerby-util/1.0.1/kerby-util-1.0.1.jar:/home/user/.m2/repository/org/apache/kerby/kerb-common/1.0.1/kerb-common-1.0.1.jar:/home/user/.m2/repository/org/apache/kerby/kerb-crypto/1.0.1/kerb-crypto-1.0.1.jar:/home/user/.m2/repository/org/apache/kerby/kerb-util/1.0.1/kerb-util-1.0.1.jar:/home/user/.m2/repository/org/apache/kerby/token-provider/1.0.1/token-provider-1.0.1.jar:/home/user/.m2/repository/org/apache/kerby/kerb-admin/1.0.1/kerb-admin-1.0.1.jar:/home/user/.m2/repository/org/apache/kerby/kerb-server/1.0.1/kerb-server-1.0.1.jar:/home/user/.m2/repository/org/apache/kerby/kerb-identity/1.0.1/kerb-identity-1.0.1.jar:/home/user/.m2/repository/org/apache/kerby/kerby-xdr/1.0.1/kerby-xdr-1.0.1.jar:/home/user/.m2/repository/com/fasterxml/jackson/core/jackson-databind/2.9.5/jackson-databind-2.9.5.jar:/home/user/.m2/repository/com/fasterxml/jackson/core/jackson-core/2.9.5/jackson-core-2.9.5.jar:/home/user/.m2/repository/org/codehaus/woodstox/stax2-api/3.1.4/stax2-api-3.1.4.jar:/home/user/.m2/repository/com/fasterxml/woodstox/woodstox-core/5.0.3/woodstox-core-5.0.3.jar:/home/user/.m2/repository/dnsjava/dnsjava/2.1.7/dnsjava-2.1.7.jar:/home/user/.m2/repository/org/apache/hadoop/hadoop-hdfs/3.2.0/hadoop-hdfs-3.2.0.jar:/home/user/.m2/repository/org/eclipse/jetty/jetty-util-ajax/9.3.24.v20180605/jetty-util-ajax-9.3.24.v20180605.jar:/home/user/.m2/repository/commons-daemon/commons-daemon/1.0.13/commons-daemon-1.0.13.jar:/home/user/.m2/repository/io/netty/netty/3.10.5.Final/netty-3.10.5.Final.jar:/home/user/.m2/repository/io/netty/netty-all/4.0.52.Final/netty-all-4.0.52.Final.jar:/home/user/.m2/repository/org/fusesource/leveldbjni/leveldbjni-all/1.8/leveldbjni-all-1.8.jar:/home/user/.m2/repository/com/sun/xml/bind/jaxb-core/2.3.0.1/jaxb-core-2.3.0.1.jar:/home/user/.m2/repository/javax/xml/bind/jaxb-api/2.3.0/jaxb-api-2.3.0.jar:/home/user/.m2/repository/javax/activation/activation/1.1.1/activation-1.1.1.jar:/home/user/.m2/repository/io/dropwizard/metrics/metrics-core/3.2.4/metrics-core-3.2.4.jar:/home/user/.m2/repository/org/openjdk/jmh/jmh-core/1.19/jmh-core-1.19.jar:/home/user/.m2/repository/net/sf/jopt-simple/jopt-simple/4.6/jopt-simple-4.6.jar:/home/user/.m2/repository/org/openjdk/jmh/jmh-generator-annprocess/1.19/jmh-generator-annprocess-1.19.jar:/home/user/.m2/repository/com/google/code/findbugs/findbugs/3.0.1/findbugs-3.0.1.jar:/home/user/.m2/repository/net/jcip/jcip-annotations/1.0/jcip-annotations-1.0.jar:/home/user/.m2/repository/com/google/code/findbugs/bcel-findbugs/6.0/bcel-findbugs-6.0.jar:/home/user/.m2/repository/com/google/code/findbugs/jFormatString/2.0.1/jFormatString-2.0.1.jar:/home/user/.m2/repository/dom4j/dom4j/1.6.1/dom4j-1.6.1.jar:/home/user/.m2/repository/xml-apis/xml-apis/1.0.b2/xml-apis-1.0.b2.jar:/home/user/.m2/repository/org/ow2/asm/asm-debug-all/5.0.2/asm-debug-all-5.0.2.jar:/home/user/.m2/repository/org/ow2/asm/asm-commons/5.0.2/asm-commons-5.0.2.jar:/home/user/.m2/repository/org/ow2/asm/asm-tree/5.0.2/asm-tree-5.0.2.jar:/home/user/.m2/repository/org/ow2/asm/asm/5.0.4/asm-5.0.4.jar:/home/user/.m2/repository/commons-lang/commons-lang/2.6/commons-lang-2.6.jar:/home/user/.m2/repository/com/apple/AppleJavaExtensions/1.4/AppleJavaExtensions-1.4.jar:/home/user/.m2/repository/jaxen/jaxen/1.1.6/jaxen-1.1.6.jar:/home/user/.m2/repository/junit/junit/4.11/junit-4.11.jar:/home/user/.m2/repository/org/hamcrest/hamcrest-core/1.3/hamcrest-core-1.3.jar:/home/user/.m2/repository/org/apache/hadoop/hadoop-common/3.2.0/hadoop-common-3.2.0-tests.jar:/workdir/hadoop-ozone/integration-test/target/test-classes:/home/user/.m2/repository/org/apache/hadoop/hadoop-ozone-objectstore-service/0.5.0-SNAPSHOT/hadoop-ozone-objectstore-service-0.5.0-SNAPSHOT.jar:/home/user/.m2/repository/org/apache/hadoop/hadoop-ozone-s3gateway/0.5.0-SNAPSHOT/hadoop-ozone-s3gateway-0.5.0-SNAPSHOT.jar:/home/user/.m2/repository/org/jboss/weld/servlet/weld-servlet/2.4.7.Final/weld-servlet-2.4.7.Final.jar:/home/user/.m2/repository/org/glassfish/jersey/containers/jersey-container-servlet-core/2.27/jersey-container-servlet-core-2.27.jar:/home/user/.m2/repository/org/glassfish/hk2/external/javax.inject/2.5.0-b42/javax.inject-2.5.0-b42.jar:/home/user/.m2/repository/org/glassfish/jersey/core/jersey-common/2.27/jersey-common-2.27.jar:/home/user/.m2/repository/org/glassfish/hk2/osgi-resource-locator/1.0.1/osgi-resource-locator-1.0.1.jar:/home/user/.m2/repository/javax/ws/rs/javax.ws.rs-api/2.1/javax.ws.rs-api-2.1.jar:/home/user/.m2/repository/org/glassfish/jersey/ext/cdi/jersey-cdi1x/2.27/jersey-cdi1x-2.27.jar:/home/user/.m2/repository/org/glassfish/jersey/inject/jersey-hk2/2.27/jersey-hk2-2.27.jar:/home/user/.m2/repository/org/glassfish/hk2/hk2-locator/2.5.0-b42/hk2-locator-2.5.0-b42.jar:/home/user/.m2/repository/org/javassist/javassist/3.22.0-CR2/javassist-3.22.0-CR2.jar:/home/user/.m2/repository/org/glassfish/hk2/hk2-api/2.5.0/hk2-api-2.5.0.jar:/home/user/.m2/repository/org/glassfish/hk2/external/jakarta.inject/2.5.0/jakarta.inject-2.5.0.jar:/home/user/.m2/repository/org/glassfish/hk2/hk2-utils/2.5.0/hk2-utils-2.5.0.jar:/home/user/.m2/repository/jakarta/annotation/jakarta.annotation-api/1.3.4/jakarta.annotation-api-1.3.4.jar:/home/user/.m2/repository/org/glassfish/hk2/external/aopalliance-repackaged/2.5.0/aopalliance-repackaged-2.5.0.jar:/home/user/.m2/repository/com/fasterxml/jackson/dataformat/jackson-dataformat-xml/2.9.0/jackson-dataformat-xml-2.9.0.jar:/home/user/.m2/repository/com/fasterxml/jackson/module/jackson-module-jaxb-annotations/2.9.5/jackson-module-jaxb-annotations-2.9.5.jar:/home/user/.m2/repository/javax/enterprise/cdi-api/1.2/cdi-api-1.2.jar:/home/user/.m2/repository/javax/el/javax.el-api/3.0.0/javax.el-api-3.0.0.jar:/home/user/.m2/repository/javax/interceptor/javax.interceptor-api/1.2/javax.interceptor-api-1.2.jar:/home/user/.m2/repository/javax/inject/javax.inject/1/javax.inject-1.jar:/home/user/.m2/repository/org/apache/hadoop/hadoop-ozone-csi/0.5.0-SNAPSHOT/hadoop-ozone-csi-0.5.0-SNAPSHOT.jar:/home/user/.m2/repository/com/google/protobuf/protobuf-java-util/3.5.1/protobuf-java-util-3.5.1.jar:/home/user/.m2/repository/io/grpc/grpc-netty/1.17.1/grpc-netty-1.17.1.jar:/home/user/.m2/repository/io/grpc/grpc-core/1.17.1/grpc-core-1.17.1.jar:/home/user/.m2/repository/io/grpc/grpc-context/1.17.1/grpc-context-1.17.1.jar:/home/user/.m2/repository/com/google/errorprone/error_prone_annotations/2.2.0/error_prone_annotations-2.2.0.jar:/home/user/.m2/repository/org/codehaus/mojo/animal-sniffer-annotations/1.17/animal-sniffer-annotations-1.17.jar:/home/user/.m2/repository/io/opencensus/opencensus-api/0.17.0/opencensus-api-0.17.0.jar:/home/user/.m2/repository/io/opencensus/opencensus-contrib-grpc-metrics/0.17.0/opencensus-contrib-grpc-metrics-0.17.0.jar:/home/user/.m2/repository/io/netty/netty-codec-http2/4.1.30.Final/netty-codec-http2-4.1.30.Final.jar:/home/user/.m2/repository/io/netty/netty-codec-http/4.1.30.Final/netty-codec-http-4.1.30.Final.jar:/home/user/.m2/repository/io/netty/netty-codec/4.1.30.Final/netty-codec-4.1.30.Final.jar:/home/user/.m2/repository/io/netty/netty-handler/4.1.30.Final/netty-handler-4.1.30.Final.jar:/home/user/.m2/repository/io/netty/netty-handler-proxy/4.1.30.Final/netty-handler-proxy-4.1.30.Final.jar:/home/user/.m2/repository/io/netty/netty-codec-socks/4.1.30.Final/netty-codec-socks-4.1.30.Final.jar:/home/user/.m2/repository/io/netty/netty-transport-native-epoll/4.1.30.Final/netty-transport-native-epoll-4.1.30.Final.jar:/home/user/.m2/repository/io/netty/netty-common/4.1.30.Final/netty-common-4.1.30.Final.jar:/home/user/.m2/repository/io/netty/netty-buffer/4.1.30.Final/netty-buffer-4.1.30.Final.jar:/home/user/.m2/repository/io/netty/netty-transport/4.1.30.Final/netty-transport-4.1.30.Final.jar:/home/user/.m2/repository/io/netty/netty-resolver/4.1.30.Final/netty-resolver-4.1.30.Final.jar:/home/user/.m2/repository/io/netty/netty-transport-native-unix-common/4.1.30.Final/netty-transport-native-unix-common-4.1.30.Final.jar:/home/user/.m2/repository/io/grpc/grpc-protobuf/1.17.1/grpc-protobuf-1.17.1.jar:/home/user/.m2/repository/com/google/api/grpc/proto-google-common-protos/1.0.0/proto-google-common-protos-1.0.0.jar:/home/user/.m2/repository/io/grpc/grpc-protobuf-lite/1.17.1/grpc-protobuf-lite-1.17.1.jar:/home/user/.m2/repository/io/grpc/grpc-stub/1.17.1/grpc-stub-1.17.1.jar:/home/user/.m2/repository/org/apache/hadoop/hadoop-ozone-recon/0.5.0-SNAPSHOT/hadoop-ozone-recon-0.5.0-SNAPSHOT.jar:/home/user/.m2/repository/org/apache/hadoop/hadoop-ozone-reconcodegen/0.5.0-SNAPSHOT/hadoop-ozone-reconcodegen-0.5.0-SNAPSHOT.jar:/home/user/.m2/repository/com/google/inject/extensions/guice-multibindings/4.0/guice-multibindings-4.0.jar:/home/user/.m2/repository/com/google/inject/guice/4.0/guice-4.0.jar:/home/user/.m2/repository/aopalliance/aopalliance/1.0/aopalliance-1.0.jar:/home/user/.m2/repository/com/google/inject/extensions/guice-servlet/4.0/guice-servlet-4.0.jar:/home/user/.m2/repository/org/glassfish/jersey/containers/jersey-container-servlet/2.27/jersey-container-servlet-2.27.jar:/home/user/.m2/repository/org/glassfish/hk2/guice-bridge/2.5.0/guice-bridge-2.5.0.jar:/home/user/.m2/repository/org/glassfish/jersey/core/jersey-server/2.27/jersey-server-2.27.jar:/home/user/.m2/repository/org/glassfish/jersey/core/jersey-client/2.27/jersey-client-2.27.jar:/home/user/.m2/repository/org/glassfish/jersey/media/jersey-media-jaxb/2.27/jersey-media-jaxb-2.27.jar:/home/user/.m2/repository/javax/validation/validation-api/1.1.0.Final/validation-api-1.1.0.Final.jar:/home/user/.m2/repository/org/glassfish/jersey/media/jersey-media-json-jackson/2.27/jersey-media-json-jackson-2.27.jar:/home/user/.m2/repository/org/glassfish/jersey/ext/jersey-entity-filtering/2.27/jersey-entity-filtering-2.27.jar:/home/user/.m2/repository/com/google/inject/extensions/guice-assistedinject/4.0/guice-assistedinject-4.0.jar:/home/user/.m2/repository/org/jooq/jooq/3.11.10/jooq-3.11.10.jar:/home/user/.m2/repository/org/jooq/jooq-meta/3.11.10/jooq-meta-3.11.10.jar:/home/user/.m2/repository/org/jooq/jooq-codegen/3.11.10/jooq-codegen-3.11.10.jar:/home/user/.m2/repository/com/jolbox/bonecp/0.8.0.RELEASE/bonecp-0.8.0.RELEASE.jar:/home/user/.m2/repository/org/springframework/spring-jdbc/5.1.3.RELEASE/spring-jdbc-5.1.3.RELEASE.jar:/home/user/.m2/repository/org/springframework/spring-beans/5.1.3.RELEASE/spring-beans-5.1.3.RELEASE.jar:/home/user/.m2/repository/org/springframework/spring-core/5.1.3.RELEASE/spring-core-5.1.3.RELEASE.jar:/home/user/.m2/repository/org/springframework/spring-jcl/5.1.3.RELEASE/spring-jcl-5.1.3.RELEASE.jar:/home/user/.m2/repository/org/springframework/spring-tx/5.1.3.RELEASE/spring-tx-5.1.3.RELEASE.jar:/home/user/.m2/repository/org/mockito/mockito-core/2.15.0/mockito-core-2.15.0.jar:/home/user/.m2/repository/net/bytebuddy/byte-buddy/1.7.9/byte-buddy-1.7.9.jar:/home/user/.m2/repository/net/bytebuddy/byte-buddy-agent/1.7.9/byte-buddy-agent-1.7.9.jar:/home/user/.m2/repository/org/objenesis/objenesis/1.0/objenesis-1.0.jar:"/>
    <property name="sun.cpu.endian" value="little"/>
    <property name="user.home" value="/home/user"/>
    <property name="user.language" value="en"/>
    <property name="java.specification.vendor" value="Oracle Corporation"/>
    <property name="java.home" value="/usr/lib/jvm/java-1.8-openjdk/jre"/>
    <property name="java.security.krb5.conf" value="/workdir/hadoop-ozone/tools/target/test-classes/krb5.conf"/>
    <property name="basedir" value="/workdir/hadoop-ozone/tools"/>
    <property name="file.separator" value="/"/>
    <property name="line.separator" value="&#10;"/>
    <property name="java.vm.specification.vendor" value="Oracle Corporation"/>
    <property name="java.specification.name" value="Java Platform API Specification"/>
    <property name="java.awt.graphicsenv" value="sun.awt.X11GraphicsEnvironment"/>
    <property name="surefire.real.class.path" value="/workdir/hadoop-ozone/tools/target/surefire/surefirebooter8962444475357081382.jar"/>
    <property name="hadoop.log.dir" value="/workdir/hadoop-ozone/tools/target/log"/>
    <property name="sun.boot.class.path" value="/usr/lib/jvm/java-1.8-openjdk/jre/lib/resources.jar:/usr/lib/jvm/java-1.8-openjdk/jre/lib/rt.jar:/usr/lib/jvm/java-1.8-openjdk/jre/lib/sunrsasign.jar:/usr/lib/jvm/java-1.8-openjdk/jre/lib/jsse.jar:/usr/lib/jvm/java-1.8-openjdk/jre/lib/jce.jar:/usr/lib/jvm/java-1.8-openjdk/jre/lib/charsets.jar:/usr/lib/jvm/java-1.8-openjdk/jre/lib/jfr.jar:/usr/lib/jvm/java-1.8-openjdk/jre/classes"/>
    <property name="sun.management.compiler" value="HotSpot 64-Bit Tiered Compilers"/>
    <property name="java.runtime.version" value="1.8.0_212-b04"/>
    <property name="java.net.preferIPv4Stack" value="true"/>
    <property name="user.name" value="jenkins1000"/>
    <property name="path.separator" value=":"/>
    <property name="java.security.egd" value="file:///dev/urandom"/>
    <property name="os.version" value="3.10.0-957.12.2.el7.x86_64"/>
    <property name="java.endorsed.dirs" value="/usr/lib/jvm/java-1.8-openjdk/jre/lib/endorsed"/>
    <property name="java.runtime.name" value="OpenJDK Runtime Environment"/>
    <property name="file.encoding" value="UTF-8"/>
    <property name="java.vm.name" value="OpenJDK 64-Bit Server VM"/>
    <property name="test.build.webapps" value=""/>
    <property name="localRepository" value="/home/user/.m2/repository"/>
    <property name="java.vendor.url.bug" value="https://icedtea.classpath.org/bugzilla"/>
    <property name="java.io.tmpdir" value="/tmp"/>
    <property name="require.test.libhadoop" value=""/>
    <property name="java.version" value="1.8.0_212"/>
    <property name="user.dir" value="/workdir/hadoop-ozone/tools"/>
    <property name="os.arch" value="amd64"/>
    <property name="java.vm.specification.name" value="Java Virtual Machine Specification"/>
    <property name="test.build.classes" value="/workdir/hadoop-ozone/tools/target/test-classes"/>
    <property name="java.awt.printerjob" value="sun.print.PSPrinterJob"/>
    <property name="sun.os.patch.level" value="unknown"/>
    <property name="hadoop.tmp.dir" value="/workdir/hadoop-ozone/tools/target/tmp"/>
    <property name="java.library.path" value="/usr/lib/jvm/java-1.8-openjdk/jre/lib/amd64/server:/usr/lib/jvm/java-1.8-openjdk/jre/lib/amd64:/usr/lib/jvm/java-1.8-openjdk/jre/../lib/amd64:/workdir/hadoop-ozone/tools/target/native/target/usr/local/lib:/workdir/hadoop-ozone/tools/../../hadoop-common-project/hadoop-common/target/native/target/usr/local/lib:/usr/java/packages/lib/amd64:/usr/lib64:/lib64:/lib:/usr/lib"/>
    <property name="java.vm.info" value="mixed mode"/>
    <property name="java.vendor" value="IcedTea"/>
    <property name="java.vm.version" value="25.212-b04"/>
    <property name="java.ext.dirs" value="/usr/lib/jvm/java-1.8-openjdk/jre/lib/ext:/usr/java/packages/lib/ext"/>
    <property name="sun.io.unicode.encoding" value="UnicodeLittle"/>
    <property name="java.class.version" value="52.0"/>
  </properties>
  <testcase name="ratisTest3" classname="org.apache.hadoop.ozone.freon.TestRandomKeyGenerator" time="10.363"/>
  <testcase name="testThreadPoolSize" classname="org.apache.hadoop.ozone.freon.TestRandomKeyGenerator" time="5.035"/>
  <testcase name="defaultTest" classname="org.apache.hadoop.ozone.freon.TestRandomKeyGenerator" time="5.031"/>
  <testcase name="bigFileThan2GB" classname="org.apache.hadoop.ozone.freon.TestRandomKeyGenerator" time="77.862">
    <error message="Allocated 0 blocks. Requested 1 blocks" type="INTERNAL_ERROR org.apache.hadoop.ozone.om.exceptions.OMException">INTERNAL_ERROR org.apache.hadoop.ozone.om.exceptions.OMException: Allocated 0 blocks. Requested 1 blocks
	at org.apache.hadoop.ozone.om.protocolPB.OzoneManagerProtocolClientSideTranslatorPB.handleError(OzoneManagerProtocolClientSideTranslatorPB.java:725)
	at org.apache.hadoop.ozone.om.protocolPB.OzoneManagerProtocolClientSideTranslatorPB.allocateBlock(OzoneManagerProtocolClientSideTranslatorPB.java:757)
	at org.apache.hadoop.ozone.client.io.BlockOutputStreamEntryPool.allocateNewBlock(BlockOutputStreamEntryPool.java:248)
	at org.apache.hadoop.ozone.client.io.BlockOutputStreamEntryPool.allocateBlockIfNeeded(BlockOutputStreamEntryPool.java:296)
	at org.apache.hadoop.ozone.client.io.KeyOutputStream.handleWrite(KeyOutputStream.java:201)
	at org.apache.hadoop.ozone.client.io.KeyOutputStream.handleRetry(KeyOutputStream.java:376)
	at org.apache.hadoop.ozone.client.io.KeyOutputStream.handleException(KeyOutputStream.java:325)
	at org.apache.hadoop.ozone.client.io.KeyOutputStream.handleWrite(KeyOutputStream.java:231)
	at org.apache.hadoop.ozone.client.io.KeyOutputStream.write(KeyOutputStream.java:193)
	at org.apache.hadoop.ozone.client.io.OzoneOutputStream.write(OzoneOutputStream.java:49)
	at org.apache.hadoop.ozone.freon.RandomKeyGenerator.createKey(RandomKeyGenerator.java:699)
	at org.apache.hadoop.ozone.freon.RandomKeyGenerator.access$1100(RandomKeyGenerator.java:87)
	at org.apache.hadoop.ozone.freon.RandomKeyGenerator$ObjectCreator.run(RandomKeyGenerator.java:606)
	at java.util.concurrent.Executors$RunnableAdapter.call(Executors.java:511)
	at java.util.concurrent.FutureTask.run(FutureTask.java:266)
	at java.util.concurrent.ThreadPoolExecutor.runWorker(ThreadPoolExecutor.java:1149)
	at java.util.concurrent.ThreadPoolExecutor$Worker.run(ThreadPoolExecutor.java:624)
	at java.lang.Thread.run(Thread.java:748)
</error>
    <system-out><![CDATA[2019-08-20 11:35:26,302 INFO  freon.RandomKeyGenerator (RandomKeyGenerator.java:call(275)) - Number of Threads: 1
2019-08-20 11:35:26,303 INFO  freon.RandomKeyGenerator (RandomKeyGenerator.java:call(280)) - Number of Volumes: 1.
2019-08-20 11:35:26,303 INFO  freon.RandomKeyGenerator (RandomKeyGenerator.java:call(281)) - Number of Buckets per Volume: 1.
2019-08-20 11:35:26,303 INFO  freon.RandomKeyGenerator (RandomKeyGenerator.java:call(282)) - Number of Keys per Bucket: 1.
2019-08-20 11:35:26,303 INFO  freon.RandomKeyGenerator (RandomKeyGenerator.java:call(283)) - Key size: 2147483657 bytes
2019-08-20 11:35:26,303 INFO  freon.RandomKeyGenerator (RandomKeyGenerator.java:call(284)) - Buffer size: 4096 bytes
2019-08-20 11:35:26,304 INFO  rpc.RpcClient (RpcClient.java:createVolume(293)) - Creating Volume: vol-0-98312, with jenkins1000 as owner.
2019-08-20 11:35:26,305 INFO  freon.RandomKeyGenerator (RandomKeyGenerator.java:call(298)) - Data validation is enabled.
2019-08-20 11:35:26,305 INFO  freon.RandomKeyGenerator (RandomKeyGenerator.java:call(304)) - Starting progress bar Thread.

 0.00% |█                                                                                                    |  0/1 Time: 0:00:002019-08-20 11:35:26,312 INFO  rpc.RpcClient (RpcClient.java:createBucket(430)) - Creating Bucket: vol-0-98312/bucket-0-28661, with Versioning false and Storage Type set to DISK and Encryption set to false 
2019-08-20 11:35:26,415 INFO  client.GrpcClientProtocolClient (GrpcClientProtocolClient.java:onNext(255)) - client-FC58CAF12498->8b17640a-2548-4323-bd97-ba3488877b23: receive RaftClientReply:client-FC58CAF12498->8b17640a-2548-4323-bd97-ba3488877b23@group-3F41E8AD953A, cid=600, FAILED org.apache.ratis.protocol.NotLeaderException: Server 8b17640a-2548-4323-bd97-ba3488877b23 is not the leader (aeb608e6-131f-44e0-aa35-97c12a2f72a3:192.168.5.133:33548). Request must be sent to leader., logIndex=0, commits[8b17640a-2548-4323-bd97-ba3488877b23:c700, b6a0d396-0e26-402b-ac58-4f0615a4fad6:c700, aeb608e6-131f-44e0-aa35-97c12a2f72a3:c700]
2019-08-20 11:35:26,460 INFO  client.GrpcClientProtocolClient (GrpcClientProtocolClient.java:onNext(255)) - client-FC58CAF12498->aeb608e6-131f-44e0-aa35-97c12a2f72a3: receive RaftClientReply:client-FC58CAF12498->aeb608e6-131f-44e0-aa35-97c12a2f72a3@group-3F41E8AD953A, cid=600, SUCCESS, logIndex=701, commits[aeb608e6-131f-44e0-aa35-97c12a2f72a3:c701, b6a0d396-0e26-402b-ac58-4f0615a4fad6:c700, 8b17640a-2548-4323-bd97-ba3488877b23:c700]
2019-08-20 11:35:26,483 INFO  client.GrpcClientProtocolClient (GrpcClientProtocolClient.java:onNext(255)) - client-FC58CAF12498->aeb608e6-131f-44e0-aa35-97c12a2f72a3: receive RaftClientReply:client-FC58CAF12498->aeb608e6-131f-44e0-aa35-97c12a2f72a3@group-3F41E8AD953A, cid=601, SUCCESS, logIndex=703, commits[aeb608e6-131f-44e0-aa35-97c12a2f72a3:c703, b6a0d396-0e26-402b-ac58-4f0615a4fad6:c702, 8b17640a-2548-4323-bd97-ba3488877b23:c702]
2019-08-20 11:35:26,494 INFO  client.GrpcClientProtocolClient (GrpcClientProtocolClient.java:onNext(255)) - client-FC58CAF12498->aeb608e6-131f-44e0-aa35-97c12a2f72a3: receive RaftClientReply:client-FC58CAF12498->aeb608e6-131f-44e0-aa35-97c12a2f72a3@group-3F41E8AD953A, cid=602, SUCCESS, logIndex=704, commits[aeb608e6-131f-44e0-aa35-97c12a2f72a3:c705, b6a0d396-0e26-402b-ac58-4f0615a4fad6:c702, 8b17640a-2548-4323-bd97-ba3488877b23:c702]
2019-08-20 11:35:26,494 INFO  client.GrpcClientProtocolClient (GrpcClientProtocolClient.java:onNext(255)) - client-FC58CAF12498->aeb608e6-131f-44e0-aa35-97c12a2f72a3: receive RaftClientReply:client-FC58CAF12498->aeb608e6-131f-44e0-aa35-97c12a2f72a3@group-3F41E8AD953A, cid=603, SUCCESS, logIndex=705, commits[aeb608e6-131f-44e0-aa35-97c12a2f72a3:c706, b6a0d396-0e26-402b-ac58-4f0615a4fad6:c703, 8b17640a-2548-4323-bd97-ba3488877b23:c702]
2019-08-20 11:35:26,506 INFO  client.GrpcClientProtocolClient (GrpcClientProtocolClient.java:onNext(255)) - client-FC58CAF12498->aeb608e6-131f-44e0-aa35-97c12a2f72a3: receive RaftClientReply:client-FC58CAF12498->aeb608e6-131f-44e0-aa35-97c12a2f72a3@group-3F41E8AD953A, cid=604, SUCCESS, logIndex=0, commits[aeb608e6-131f-44e0-aa35-97c12a2f72a3:c706, b6a0d396-0e26-402b-ac58-4f0615a4fad6:c703, 8b17640a-2548-4323-bd97-ba3488877b23:c703]
2019-08-20 11:35:26,532 INFO  client.GrpcClientProtocolClient (GrpcClientProtocolClient.java:onNext(255)) - client-FC58CAF12498->aeb608e6-131f-44e0-aa35-97c12a2f72a3: receive RaftClientReply:client-FC58CAF12498->aeb608e6-131f-44e0-aa35-97c12a2f72a3@group-3F41E8AD953A, cid=605, SUCCESS, logIndex=709, commits[aeb608e6-131f-44e0-aa35-97c12a2f72a3:c710, b6a0d396-0e26-402b-ac58-4f0615a4fad6:c708, 8b17640a-2548-4323-bd97-ba3488877b23:c708]
2019-08-20 11:35:26,532 INFO  client.GrpcClientProtocolClient (GrpcClientProtocolClient.java:onNext(255)) - client-FC58CAF12498->aeb608e6-131f-44e0-aa35-97c12a2f72a3: receive RaftClientReply:client-FC58CAF12498->aeb608e6-131f-44e0-aa35-97c12a2f72a3@group-3F41E8AD953A, cid=606, SUCCESS, logIndex=710, commits[aeb608e6-131f-44e0-aa35-97c12a2f72a3:c710, b6a0d396-0e26-402b-ac58-4f0615a4fad6:c708, 8b17640a-2548-4323-bd97-ba3488877b23:c708]
2019-08-20 11:35:26,560 INFO  client.GrpcClientProtocolClient (GrpcClientProtocolClient.java:onNext(255)) - client-FC58CAF12498->aeb608e6-131f-44e0-aa35-97c12a2f72a3: receive RaftClientReply:client-FC58CAF12498->aeb608e6-131f-44e0-aa35-97c12a2f72a3@group-3F41E8AD953A, cid=607, SUCCESS, logIndex=713, commits[aeb608e6-131f-44e0-aa35-97c12a2f72a3:c714, b6a0d396-0e26-402b-ac58-4f0615a4fad6:c710, 8b17640a-2548-4323-bd97-ba3488877b23:c710]
2019-08-20 11:35:26,560 INFO  client.GrpcClientProtocolClient (GrpcClientProtocolClient.java:onNext(255)) - client-FC58CAF12498->aeb608e6-131f-44e0-aa35-97c12a2f72a3: receive RaftClientReply:client-FC58CAF12498->aeb608e6-131f-44e0-aa35-97c12a2f72a3@group-3F41E8AD953A, cid=608, SUCCESS, logIndex=714, commits[aeb608e6-131f-44e0-aa35-97c12a2f72a3:c714, b6a0d396-0e26-402b-ac58-4f0615a4fad6:c710, 8b17640a-2548-4323-bd97-ba3488877b23:c710]
2019-08-20 11:35:26,573 INFO  client.GrpcClientProtocolClient (GrpcClientProtocolClient.java:onNext(255)) - client-FC58CAF12498->aeb608e6-131f-44e0-aa35-97c12a2f72a3: receive RaftClientReply:client-FC58CAF12498->aeb608e6-131f-44e0-aa35-97c12a2f72a3@group-3F41E8AD953A, cid=609, SUCCESS, logIndex=0, commits[aeb608e6-131f-44e0-aa35-97c12a2f72a3:c716, b6a0d396-0e26-402b-ac58-4f0615a4fad6:c714, 8b17640a-2548-4323-bd97-ba3488877b23:c714]
2019-08-20 11:35:26,598 INFO  client.GrpcClientProtocolClient (GrpcClientProtocolClient.java:onNext(255)) - client-FC58CAF12498->aeb608e6-131f-44e0-aa35-97c12a2f72a3: receive RaftClientReply:client-FC58CAF12498->aeb608e6-131f-44e0-aa35-97c12a2f72a3@group-3F41E8AD953A, cid=610, SUCCESS, logIndex=717, commits[aeb608e6-131f-44e0-aa35-97c12a2f72a3:c718, b6a0d396-0e26-402b-ac58-4f0615a4fad6:c716, 8b17640a-2548-4323-bd97-ba3488877b23:c716]
2019-08-20 11:35:26,598 INFO  client.GrpcClientProtocolClient (GrpcClientProtocolClient.java:onNext(255)) - client-FC58CAF12498->aeb608e6-131f-44e0-aa35-97c12a2f72a3: receive RaftClientReply:client-FC58CAF12498->aeb608e6-131f-44e0-aa35-97c12a2f72a3@group-3F41E8AD953A, cid=611, SUCCESS, logIndex=718, commits[aeb608e6-131f-44e0-aa35-97c12a2f72a3:c720, b6a0d396-0e26-402b-ac58-4f0615a4fad6:c716, 8b17640a-2548-4323-bd97-ba3488877b23:c716]
2019-08-20 11:35:26,599 INFO  client.GrpcClientProtocolClient (GrpcClientProtocolClient.java:onNext(255)) - client-FC58CAF12498->aeb608e6-131f-44e0-aa35-97c12a2f72a3: receive RaftClientReply:client-FC58CAF12498->aeb608e6-131f-44e0-aa35-97c12a2f72a3@group-3F41E8AD953A, cid=612, SUCCESS, logIndex=719, commits[aeb608e6-131f-44e0-aa35-97c12a2f72a3:c720, b6a0d396-0e26-402b-ac58-4f0615a4fad6:c716, 8b17640a-2548-4323-bd97-ba3488877b23:c716]
2019-08-20 11:35:26,599 INFO  client.GrpcClientProtocolClient (GrpcClientProtocolClient.java:onNext(255)) - client-FC58CAF12498->aeb608e6-131f-44e0-aa35-97c12a2f72a3: receive RaftClientReply:client-FC58CAF12498->aeb608e6-131f-44e0-aa35-97c12a2f72a3@group-3F41E8AD953A, cid=613, SUCCESS, logIndex=720, commits[aeb608e6-131f-44e0-aa35-97c12a2f72a3:c720, b6a0d396-0e26-402b-ac58-4f0615a4fad6:c716, 8b17640a-2548-4323-bd97-ba3488877b23:c716]
2019-08-20 11:35:26,608 INFO  client.GrpcClientProtocolClient (GrpcClientProtocolClient.java:onNext(255)) - client-FC58CAF12498->aeb608e6-131f-44e0-aa35-97c12a2f72a3: receive RaftClientReply:client-FC58CAF12498->aeb608e6-131f-44e0-aa35-97c12a2f72a3@group-3F41E8AD953A, cid=614, SUCCESS, logIndex=0, commits[aeb608e6-131f-44e0-aa35-97c12a2f72a3:c721, b6a0d396-0e26-402b-ac58-4f0615a4fad6:c718, 8b17640a-2548-4323-bd97-ba3488877b23:c718]
2019-08-20 11:35:26,628 INFO  client.GrpcClientProtocolClient (GrpcClientProtocolClient.java:onNext(255)) - client-FC58CAF12498->aeb608e6-131f-44e0-aa35-97c12a2f72a3: receive RaftClientReply:client-FC58CAF12498->aeb608e6-131f-44e0-aa35-97c12a2f72a3@group-3F41E8AD953A, cid=615, SUCCESS, logIndex=725, commits[aeb608e6-131f-44e0-aa35-97c12a2f72a3:c726, b6a0d396-0e26-402b-ac58-4f0615a4fad6:c724, 8b17640a-2548-4323-bd97-ba3488877b23:c724]
2019-08-20 11:35:26,629 INFO  client.GrpcClientProtocolClient (GrpcClientProtocolClient.java:onNext(255)) - client-FC58CAF12498->aeb608e6-131f-44e0-aa35-97c12a2f72a3: receive RaftClientReply:client-FC58CAF12498->aeb608e6-131f-44e0-aa35-97c12a2f72a3@group-3F41E8AD953A, cid=616, SUCCESS, logIndex=726, commits[aeb608e6-131f-44e0-aa35-97c12a2f72a3:c726, b6a0d396-0e26-402b-ac58-4f0615a4fad6:c724, 8b17640a-2548-4323-bd97-ba3488877b23:c724]
2019-08-20 11:35:26,931 INFO  client.GrpcClientProtocolClient (GrpcClientProtocolClient.java:onNext(255)) - client-FC58CAF12498->aeb608e6-131f-44e0-aa35-97c12a2f72a3: receive RaftClientReply:client-FC58CAF12498->aeb608e6-131f-44e0-aa35-97c12a2f72a3@group-3F41E8AD953A, cid=617, SUCCESS, logIndex=729, commits[aeb608e6-131f-44e0-aa35-97c12a2f72a3:c730, b6a0d396-0e26-402b-ac58-4f0615a4fad6:c728, 8b17640a-2548-4323-bd97-ba3488877b23:c728]
2019-08-20 11:35:26,932 INFO  client.GrpcClientProtocolClient (GrpcClientProtocolClient.java:onNext(255)) - client-FC58CAF12498->aeb608e6-131f-44e0-aa35-97c12a2f72a3: receive RaftClientReply:client-FC58CAF12498->aeb608e6-131f-44e0-aa35-97c12a2f72a3@group-3F41E8AD953A, cid=618, SUCCESS, logIndex=730, commits[aeb608e6-131f-44e0-aa35-97c12a2f72a3:c730, b6a0d396-0e26-402b-ac58-4f0615a4fad6:c728, 8b17640a-2548-4323-bd97-ba3488877b23:c728]
2019-08-20 11:35:26,943 INFO  client.GrpcClientProtocolClient (GrpcClientProtocolClient.java:onNext(255)) - client-FC58CAF12498->aeb608e6-131f-44e0-aa35-97c12a2f72a3: receive RaftClientReply:client-FC58CAF12498->aeb608e6-131f-44e0-aa35-97c12a2f72a3@group-3F41E8AD953A, cid=619, SUCCESS, logIndex=0, commits[aeb608e6-131f-44e0-aa35-97c12a2f72a3:c731, b6a0d396-0e26-402b-ac58-4f0615a4fad6:c730, 8b17640a-2548-4323-bd97-ba3488877b23:c730]
2019-08-20 11:35:26,969 INFO  client.GrpcClientProtocolClient (GrpcClientProtocolClient.java:onNext(255)) - client-FC58CAF12498->aeb608e6-131f-44e0-aa35-97c12a2f72a3: receive RaftClientReply:client-FC58CAF12498->aeb608e6-131f-44e0-aa35-97c12a2f72a3@group-3F41E8AD953A, cid=620, SUCCESS, logIndex=733, commits[aeb608e6-131f-44e0-aa35-97c12a2f72a3:c734, b6a0d396-0e26-402b-ac58-4f0615a4fad6:c732, 8b17640a-2548-4323-bd97-ba3488877b23:c732]
2019-08-20 11:35:26,970 INFO  client.GrpcClientProtocolClient (GrpcClientProtocolClient.java:onNext(255)) - client-FC58CAF12498->aeb608e6-131f-44e0-aa35-97c12a2f72a3: receive RaftClientReply:client-FC58CAF12498->aeb608e6-131f-44e0-aa35-97c12a2f72a3@group-3F41E8AD953A, cid=621, SUCCESS, logIndex=734, commits[aeb608e6-131f-44e0-aa35-97c12a2f72a3:c735, b6a0d396-0e26-402b-ac58-4f0615a4fad6:c732, 8b17640a-2548-4323-bd97-ba3488877b23:c732]
2019-08-20 11:35:26,971 INFO  client.GrpcClientProtocolClient (GrpcClientProtocolClient.java:onNext(255)) - client-FC58CAF12498->aeb608e6-131f-44e0-aa35-97c12a2f72a3: receive RaftClientReply:client-FC58CAF12498->aeb608e6-131f-44e0-aa35-97c12a2f72a3@group-3F41E8AD953A, cid=622, SUCCESS, logIndex=735, commits[aeb608e6-131f-44e0-aa35-97c12a2f72a3:c736, b6a0d396-0e26-402b-ac58-4f0615a4fad6:c732, 8b17640a-2548-4323-bd97-ba3488877b23:c732]
2019-08-20 11:35:26,972 INFO  client.GrpcClientProtocolClient (GrpcClientProtocolClient.java:onNext(255)) - client-FC58CAF12498->aeb608e6-131f-44e0-aa35-97c12a2f72a3: receive RaftClientReply:client-FC58CAF12498->aeb608e6-131f-44e0-aa35-97c12a2f72a3@group-3F41E8AD953A, cid=623, SUCCESS, logIndex=736, commits[aeb608e6-131f-44e0-aa35-97c12a2f72a3:c737, b6a0d396-0e26-402b-ac58-4f0615a4fad6:c732, 8b17640a-2548-4323-bd97-ba3488877b23:c733]
2019-08-20 11:35:26,973 INFO  client.GrpcClientProtocolClient (GrpcClientProtocolClient.java:onNext(255)) - client-FC58CAF12498->aeb608e6-131f-44e0-aa35-97c12a2f72a3: receive RaftClientReply:client-FC58CAF12498->aeb608e6-131f-44e0-aa35-97c12a2f72a3@group-3F41E8AD953A, cid=624, SUCCESS, logIndex=0, commits[aeb608e6-131f-44e0-aa35-97c12a2f72a3:c739, b6a0d396-0e26-402b-ac58-4f0615a4fad6:c735, 8b17640a-2548-4323-bd97-ba3488877b23:c736]
2019-08-20 11:35:27,000 INFO  client.GrpcClientProtocolClient (GrpcClientProtocolClient.java:onNext(255)) - client-FC58CAF12498->aeb608e6-131f-44e0-aa35-97c12a2f72a3: receive RaftClientReply:client-FC58CAF12498->aeb608e6-131f-44e0-aa35-97c12a2f72a3@group-3F41E8AD953A, cid=625, SUCCESS, logIndex=741, commits[aeb608e6-131f-44e0-aa35-97c12a2f72a3:c742, b6a0d396-0e26-402b-ac58-4f0615a4fad6:c740, 8b17640a-2548-4323-bd97-ba3488877b23:c740]
2019-08-20 11:35:27,001 INFO  client.GrpcClientProtocolClient (GrpcClientProtocolClient.java:onNext(255)) - client-FC58CAF12498->aeb608e6-131f-44e0-aa35-97c12a2f72a3: receive RaftClientReply:client-FC58CAF12498->aeb608e6-131f-44e0-aa35-97c12a2f72a3@group-3F41E8AD953A, cid=626, SUCCESS, logIndex=742, commits[aeb608e6-131f-44e0-aa35-97c12a2f72a3:c742, b6a0d396-0e26-402b-ac58-4f0615a4fad6:c740, 8b17640a-2548-4323-bd97-ba3488877b23:c740]
2019-08-20 11:35:27,029 INFO  client.GrpcClientProtocolClient (GrpcClientProtocolClient.java:onNext(255)) - client-FC58CAF12498->aeb608e6-131f-44e0-aa35-97c12a2f72a3: receive RaftClientReply:client-FC58CAF12498->aeb608e6-131f-44e0-aa35-97c12a2f72a3@group-3F41E8AD953A, cid=627, SUCCESS, logIndex=745, commits[aeb608e6-131f-44e0-aa35-97c12a2f72a3:c746, b6a0d396-0e26-402b-ac58-4f0615a4fad6:c742, 8b17640a-2548-4323-bd97-ba3488877b23:c742]
2019-08-20 11:35:27,030 INFO  client.GrpcClientProtocolClient (GrpcClientProtocolClient.java:onNext(255)) - client-FC58CAF12498->aeb608e6-131f-44e0-aa35-97c12a2f72a3: receive RaftClientReply:client-FC58CAF12498->aeb608e6-131f-44e0-aa35-97c12a2f72a3@group-3F41E8AD953A, cid=628, SUCCESS, logIndex=746, commits[aeb608e6-131f-44e0-aa35-97c12a2f72a3:c746, b6a0d396-0e26-402b-ac58-4f0615a4fad6:c742, 8b17640a-2548-4323-bd97-ba3488877b23:c742]
2019-08-20 11:35:27,041 INFO  client.GrpcClientProtocolClient (GrpcClientProtocolClient.java:onNext(255)) - client-FC58CAF12498->aeb608e6-131f-44e0-aa35-97c12a2f72a3: receive RaftClientReply:client-FC58CAF12498->aeb608e6-131f-44e0-aa35-97c12a2f72a3@group-3F41E8AD953A, cid=629, SUCCESS, logIndex=0, commits[aeb608e6-131f-44e0-aa35-97c12a2f72a3:c747, b6a0d396-0e26-402b-ac58-4f0615a4fad6:c746, 8b17640a-2548-4323-bd97-ba3488877b23:c746]
2019-08-20 11:35:27,068 INFO  client.GrpcClientProtocolClient (GrpcClientProtocolClient.java:onNext(255)) - client-FC58CAF12498->aeb608e6-131f-44e0-aa35-97c12a2f72a3: receive RaftClientReply:client-FC58CAF12498->aeb608e6-131f-44e0-aa35-97c12a2f72a3@group-3F41E8AD953A, cid=630, SUCCESS, logIndex=749, commits[aeb608e6-131f-44e0-aa35-97c12a2f72a3:c750, b6a0d396-0e26-402b-ac58-4f0615a4fad6:c748, 8b17640a-2548-4323-bd97-ba3488877b23:c748]
2019-08-20 11:35:27,068 INFO  client.GrpcClientProtocolClient (GrpcClientProtocolClient.java:onNext(255)) - client-FC58CAF12498->aeb608e6-131f-44e0-aa35-97c12a2f72a3: receive RaftClientReply:client-FC58CAF12498->aeb608e6-131f-44e0-aa35-97c12a2f72a3@group-3F41E8AD953A, cid=631, SUCCESS, logIndex=750, commits[aeb608e6-131f-44e0-aa35-97c12a2f72a3:c752, b6a0d396-0e26-402b-ac58-4f0615a4fad6:c748, 8b17640a-2548-4323-bd97-ba3488877b23:c748]
2019-08-20 11:35:27,069 INFO  client.GrpcClientProtocolClient (GrpcClientProtocolClient.java:onNext(255)) - client-FC58CAF12498->aeb608e6-131f-44e0-aa35-97c12a2f72a3: receive RaftClientReply:client-FC58CAF12498->aeb608e6-131f-44e0-aa35-97c12a2f72a3@group-3F41E8AD953A, cid=632, SUCCESS, logIndex=751, commits[aeb608e6-131f-44e0-aa35-97c12a2f72a3:c752, b6a0d396-0e26-402b-ac58-4f0615a4fad6:c748, 8b17640a-2548-4323-bd97-ba3488877b23:c748]
2019-08-20 11:35:27,069 INFO  client.GrpcClientProtocolClient (GrpcClientProtocolClient.java:onNext(255)) - client-FC58CAF12498->aeb608e6-131f-44e0-aa35-97c12a2f72a3: receive RaftClientReply:client-FC58CAF12498->aeb608e6-131f-44e0-aa35-97c12a2f72a3@group-3F41E8AD953A, cid=633, SUCCESS, logIndex=752, commits[aeb608e6-131f-44e0-aa35-97c12a2f72a3:c752, b6a0d396-0e26-402b-ac58-4f0615a4fad6:c748, 8b17640a-2548-4323-bd97-ba3488877b23:c748]
2019-08-20 11:35:27,071 INFO  client.GrpcClientProtocolClient (GrpcClientProtocolClient.java:onNext(255)) - client-FC58CAF12498->aeb608e6-131f-44e0-aa35-97c12a2f72a3: receive RaftClientReply:client-FC58CAF12498->aeb608e6-131f-44e0-aa35-97c12a2f72a3@group-3F41E8AD953A, cid=634, SUCCESS, logIndex=0, commits[aeb608e6-131f-44e0-aa35-97c12a2f72a3:c755, b6a0d396-0e26-402b-ac58-4f0615a4fad6:c752, 8b17640a-2548-4323-bd97-ba3488877b23:c752]
2019-08-20 11:35:27,095 INFO  client.GrpcClientProtocolClient (GrpcClientProtocolClient.java:onNext(255)) - client-FC58CAF12498->aeb608e6-131f-44e0-aa35-97c12a2f72a3: receive RaftClientReply:client-FC58CAF12498->aeb608e6-131f-44e0-aa35-97c12a2f72a3@group-3F41E8AD953A, cid=635, SUCCESS, logIndex=756, commits[aeb608e6-131f-44e0-aa35-97c12a2f72a3:c757, b6a0d396-0e26-402b-ac58-4f0615a4fad6:c755, 8b17640a-2548-4323-bd97-ba3488877b23:c755]
2019-08-20 11:35:27,096 INFO  client.GrpcClientProtocolClient (GrpcClientProtocolClient.java:onNext(255)) - client-FC58CAF12498->aeb608e6-131f-44e0-aa35-97c12a2f72a3: receive RaftClientReply:client-FC58CAF12498->aeb608e6-131f-44e0-aa35-97c12a2f72a3@group-3F41E8AD953A, cid=636, SUCCESS, logIndex=757, commits[aeb608e6-131f-44e0-aa35-97c12a2f72a3:c757, b6a0d396-0e26-402b-ac58-4f0615a4fad6:c755, 8b17640a-2548-4323-bd97-ba3488877b23:c755]
2019-08-20 11:35:27,112 INFO  client.GrpcClientProtocolClient (GrpcClientProtocolClient.java:onNext(255)) - client-FC58CAF12498->aeb608e6-131f-44e0-aa35-97c12a2f72a3: receive RaftClientReply:client-FC58CAF12498->aeb608e6-131f-44e0-aa35-97c12a2f72a3@group-3F41E8AD953A, cid=637, SUCCESS, logIndex=760, commits[aeb608e6-131f-44e0-aa35-97c12a2f72a3:c761, b6a0d396-0e26-402b-ac58-4f0615a4fad6:c757, 8b17640a-2548-4323-bd97-ba3488877b23:c757]
2019-08-20 11:35:27,113 INFO  client.GrpcClientProtocolClient (GrpcClientProtocolClient.java:onNext(255)) - client-FC58CAF12498->aeb608e6-131f-44e0-aa35-97c12a2f72a3: receive RaftClientReply:client-FC58CAF12498->aeb608e6-131f-44e0-aa35-97c12a2f72a3@group-3F41E8AD953A, cid=638, SUCCESS, logIndex=761, commits[aeb608e6-131f-44e0-aa35-97c12a2f72a3:c761, b6a0d396-0e26-402b-ac58-4f0615a4fad6:c757, 8b17640a-2548-4323-bd97-ba3488877b23:c757]
2019-08-20 11:35:27,123 INFO  client.GrpcClientProtocolClient (GrpcClientProtocolClient.java:onNext(255)) - client-FC58CAF12498->aeb608e6-131f-44e0-aa35-97c12a2f72a3: receive RaftClientReply:client-FC58CAF12498->aeb608e6-131f-44e0-aa35-97c12a2f72a3@group-3F41E8AD953A, cid=639, SUCCESS, logIndex=0, commits[aeb608e6-131f-44e0-aa35-97c12a2f72a3:c762, b6a0d396-0e26-402b-ac58-4f0615a4fad6:c761, 8b17640a-2548-4323-bd97-ba3488877b23:c761]
2019-08-20 11:35:27,144 INFO  client.GrpcClientProtocolClient (GrpcClientProtocolClient.java:onNext(255)) - client-FC58CAF12498->aeb608e6-131f-44e0-aa35-97c12a2f72a3: receive RaftClientReply:client-FC58CAF12498->aeb608e6-131f-44e0-aa35-97c12a2f72a3@group-3F41E8AD953A, cid=640, SUCCESS, logIndex=764, commits[aeb608e6-131f-44e0-aa35-97c12a2f72a3:c764, b6a0d396-0e26-402b-ac58-4f0615a4fad6:c763, 8b17640a-2548-4323-bd97-ba3488877b23:c763]
2019-08-20 11:35:27,145 INFO  client.GrpcClientProtocolClient (GrpcClientProtocolClient.java:onNext(255)) - client-FC58CAF12498->aeb608e6-131f-44e0-aa35-97c12a2f72a3: receive RaftClientReply:client-FC58CAF12498->aeb608e6-131f-44e0-aa35-97c12a2f72a3@group-3F41E8AD953A, cid=641, SUCCESS, logIndex=765, commits[aeb608e6-131f-44e0-aa35-97c12a2f72a3:c767, b6a0d396-0e26-402b-ac58-4f0615a4fad6:c763, 8b17640a-2548-4323-bd97-ba3488877b23:c763]
2019-08-20 11:35:27,146 INFO  client.GrpcClientProtocolClient (GrpcClientProtocolClient.java:onNext(255)) - client-FC58CAF12498->aeb608e6-131f-44e0-aa35-97c12a2f72a3: receive RaftClientReply:client-FC58CAF12498->aeb608e6-131f-44e0-aa35-97c12a2f72a3@group-3F41E8AD953A, cid=642, SUCCESS, logIndex=766, commits[aeb608e6-131f-44e0-aa35-97c12a2f72a3:c767, b6a0d396-0e26-402b-ac58-4f0615a4fad6:c763, 8b17640a-2548-4323-bd97-ba3488877b23:c763]
2019-08-20 11:35:27,146 INFO  client.GrpcClientProtocolClient (GrpcClientProtocolClient.java:onNext(255)) - client-FC58CAF12498->aeb608e6-131f-44e0-aa35-97c12a2f72a3: receive RaftClientReply:client-FC58CAF12498->aeb608e6-131f-44e0-aa35-97c12a2f72a3@group-3F41E8AD953A, cid=643, SUCCESS, logIndex=767, commits[aeb608e6-131f-44e0-aa35-97c12a2f72a3:c767, b6a0d396-0e26-402b-ac58-4f0615a4fad6:c763, 8b17640a-2548-4323-bd97-ba3488877b23:c763]
2019-08-20 11:35:27,147 INFO  client.GrpcClientProtocolClient (GrpcClientProtocolClient.java:onNext(255)) - client-FC58CAF12498->aeb608e6-131f-44e0-aa35-97c12a2f72a3: receive RaftClientReply:client-FC58CAF12498->aeb608e6-131f-44e0-aa35-97c12a2f72a3@group-3F41E8AD953A, cid=644, SUCCESS, logIndex=0, commits[aeb608e6-131f-44e0-aa35-97c12a2f72a3:c771, b6a0d396-0e26-402b-ac58-4f0615a4fad6:c766, 8b17640a-2548-4323-bd97-ba3488877b23:c767]
2019-08-20 11:35:27,167 INFO  client.GrpcClientProtocolClient (GrpcClientProtocolClient.java:onNext(255)) - client-FC58CAF12498->aeb608e6-131f-44e0-aa35-97c12a2f72a3: receive RaftClientReply:client-FC58CAF12498->aeb608e6-131f-44e0-aa35-97c12a2f72a3@group-3F41E8AD953A, cid=645, SUCCESS, logIndex=772, commits[aeb608e6-131f-44e0-aa35-97c12a2f72a3:c773, b6a0d396-0e26-402b-ac58-4f0615a4fad6:c771, 8b17640a-2548-4323-bd97-ba3488877b23:c771]
2019-08-20 11:35:27,167 INFO  client.GrpcClientProtocolClient (GrpcClientProtocolClient.java:onNext(255)) - client-FC58CAF12498->aeb608e6-131f-44e0-aa35-97c12a2f72a3: receive RaftClientReply:client-FC58CAF12498->aeb608e6-131f-44e0-aa35-97c12a2f72a3@group-3F41E8AD953A, cid=646, SUCCESS, logIndex=773, commits[aeb608e6-131f-44e0-aa35-97c12a2f72a3:c773, b6a0d396-0e26-402b-ac58-4f0615a4fad6:c771, 8b17640a-2548-4323-bd97-ba3488877b23:c771]
2019-08-20 11:35:27,182 INFO  client.GrpcClientProtocolClient (GrpcClientProtocolClient.java:onNext(255)) - client-FC58CAF12498->aeb608e6-131f-44e0-aa35-97c12a2f72a3: receive RaftClientReply:client-FC58CAF12498->aeb608e6-131f-44e0-aa35-97c12a2f72a3@group-3F41E8AD953A, cid=647, SUCCESS, logIndex=776, commits[aeb608e6-131f-44e0-aa35-97c12a2f72a3:c777, b6a0d396-0e26-402b-ac58-4f0615a4fad6:c773, 8b17640a-2548-4323-bd97-ba3488877b23:c773]
2019-08-20 11:35:27,183 INFO  client.GrpcClientProtocolClient (GrpcClientProtocolClient.java:onNext(255)) - client-FC58CAF12498->aeb608e6-131f-44e0-aa35-97c12a2f72a3: receive RaftClientReply:client-FC58CAF12498->aeb608e6-131f-44e0-aa35-97c12a2f72a3@group-3F41E8AD953A, cid=648, SUCCESS, logIndex=777, commits[aeb608e6-131f-44e0-aa35-97c12a2f72a3:c777, b6a0d396-0e26-402b-ac58-4f0615a4fad6:c773, 8b17640a-2548-4323-bd97-ba3488877b23:c773]
2019-08-20 11:35:27,205 INFO  client.GrpcClientProtocolClient (GrpcClientProtocolClient.java:onNext(255)) - client-FC58CAF12498->aeb608e6-131f-44e0-aa35-97c12a2f72a3: receive RaftClientReply:client-FC58CAF12498->aeb608e6-131f-44e0-aa35-97c12a2f72a3@group-3F41E8AD953A, cid=649, SUCCESS, logIndex=0, commits[aeb608e6-131f-44e0-aa35-97c12a2f72a3:c778, b6a0d396-0e26-402b-ac58-4f0615a4fad6:c777, 8b17640a-2548-4323-bd97-ba3488877b23:c777]
2019-08-20 11:35:27,228 INFO  client.GrpcClientProtocolClient (GrpcClientProtocolClient.java:onNext(255)) - client-FC58CAF12498->aeb608e6-131f-44e0-aa35-97c12a2f72a3: receive RaftClientReply:client-FC58CAF12498->aeb608e6-131f-44e0-aa35-97c12a2f72a3@group-3F41E8AD953A, cid=650, SUCCESS, logIndex=780, commits[aeb608e6-131f-44e0-aa35-97c12a2f72a3:c782, b6a0d396-0e26-402b-ac58-4f0615a4fad6:c779, 8b17640a-2548-4323-bd97-ba3488877b23:c779]
2019-08-20 11:35:27,229 INFO  client.GrpcClientProtocolClient (GrpcClientProtocolClient.java:onNext(255)) - client-FC58CAF12498->aeb608e6-131f-44e0-aa35-97c12a2f72a3: receive RaftClientReply:client-FC58CAF12498->aeb608e6-131f-44e0-aa35-97c12a2f72a3@group-3F41E8AD953A, cid=651, SUCCESS, logIndex=781, commits[aeb608e6-131f-44e0-aa35-97c12a2f72a3:c783, b6a0d396-0e26-402b-ac58-4f0615a4fad6:c779, 8b17640a-2548-4323-bd97-ba3488877b23:c779]
2019-08-20 11:35:27,229 INFO  client.GrpcClientProtocolClient (GrpcClientProtocolClient.java:onNext(255)) - client-FC58CAF12498->aeb608e6-131f-44e0-aa35-97c12a2f72a3: receive RaftClientReply:client-FC58CAF12498->aeb608e6-131f-44e0-aa35-97c12a2f72a3@group-3F41E8AD953A, cid=652, SUCCESS, logIndex=782, commits[aeb608e6-131f-44e0-aa35-97c12a2f72a3:c784, b6a0d396-0e26-402b-ac58-4f0615a4fad6:c779, 8b17640a-2548-4323-bd97-ba3488877b23:c781]
2019-08-20 11:35:27,230 INFO  client.GrpcClientProtocolClient (GrpcClientProtocolClient.java:onNext(255)) - client-FC58CAF12498->aeb608e6-131f-44e0-aa35-97c12a2f72a3: receive RaftClientReply:client-FC58CAF12498->aeb608e6-131f-44e0-aa35-97c12a2f72a3@group-3F41E8AD953A, cid=653, SUCCESS, logIndex=783, commits[aeb608e6-131f-44e0-aa35-97c12a2f72a3:c784, b6a0d396-0e26-402b-ac58-4f0615a4fad6:c780, 8b17640a-2548-4323-bd97-ba3488877b23:c781]
2019-08-20 11:35:27,231 INFO  client.GrpcClientProtocolClient (GrpcClientProtocolClient.java:onNext(255)) - client-FC58CAF12498->aeb608e6-131f-44e0-aa35-97c12a2f72a3: receive RaftClientReply:client-FC58CAF12498->aeb608e6-131f-44e0-aa35-97c12a2f72a3@group-3F41E8AD953A, cid=654, SUCCESS, logIndex=0, commits[aeb608e6-131f-44e0-aa35-97c12a2f72a3:c787, b6a0d396-0e26-402b-ac58-4f0615a4fad6:c783, 8b17640a-2548-4323-bd97-ba3488877b23:c783]
2019-08-20 11:35:27,253 INFO  client.GrpcClientProtocolClient (GrpcClientProtocolClient.java:onNext(255)) - client-FC58CAF12498->aeb608e6-131f-44e0-aa35-97c12a2f72a3: receive RaftClientReply:client-FC58CAF12498->aeb608e6-131f-44e0-aa35-97c12a2f72a3@group-3F41E8AD953A, cid=655, SUCCESS, logIndex=788, commits[aeb608e6-131f-44e0-aa35-97c12a2f72a3:c789, b6a0d396-0e26-402b-ac58-4f0615a4fad6:c787, 8b17640a-2548-4323-bd97-ba3488877b23:c787]
2019-08-20 11:35:27,254 INFO  client.GrpcClientProtocolClient (GrpcClientProtocolClient.java:onNext(255)) - client-FC58CAF12498->aeb608e6-131f-44e0-aa35-97c12a2f72a3: receive RaftClientReply:client-FC58CAF12498->aeb608e6-131f-44e0-aa35-97c12a2f72a3@group-3F41E8AD953A, cid=656, SUCCESS, logIndex=789, commits[aeb608e6-131f-44e0-aa35-97c12a2f72a3:c789, b6a0d396-0e26-402b-ac58-4f0615a4fad6:c787, 8b17640a-2548-4323-bd97-ba3488877b23:c787]
2019-08-20 11:35:27,288 INFO  client.GrpcClientProtocolClient (GrpcClientProtocolClient.java:onNext(255)) - client-FC58CAF12498->aeb608e6-131f-44e0-aa35-97c12a2f72a3: receive RaftClientReply:client-FC58CAF12498->aeb608e6-131f-44e0-aa35-97c12a2f72a3@group-3F41E8AD953A, cid=657, SUCCESS, logIndex=792, commits[aeb608e6-131f-44e0-aa35-97c12a2f72a3:c793, b6a0d396-0e26-402b-ac58-4f0615a4fad6:c789, 8b17640a-2548-4323-bd97-ba3488877b23:c789]
2019-08-20 11:35:27,289 INFO  client.GrpcClientProtocolClient (GrpcClientProtocolClient.java:onNext(255)) - client-FC58CAF12498->aeb608e6-131f-44e0-aa35-97c12a2f72a3: receive RaftClientReply:client-FC58CAF12498->aeb608e6-131f-44e0-aa35-97c12a2f72a3@group-3F41E8AD953A, cid=658, SUCCESS, logIndex=793, commits[aeb608e6-131f-44e0-aa35-97c12a2f72a3:c793, b6a0d396-0e26-402b-ac58-4f0615a4fad6:c789, 8b17640a-2548-4323-bd97-ba3488877b23:c789]
2019-08-20 11:35:27,299 INFO  client.GrpcClientProtocolClient (GrpcClientProtocolClient.java:onNext(255)) - client-FC58CAF12498->aeb608e6-131f-44e0-aa35-97c12a2f72a3: receive RaftClientReply:client-FC58CAF12498->aeb608e6-131f-44e0-aa35-97c12a2f72a3@group-3F41E8AD953A, cid=659, SUCCESS, logIndex=0, commits[aeb608e6-131f-44e0-aa35-97c12a2f72a3:c794, b6a0d396-0e26-402b-ac58-4f0615a4fad6:c793, 8b17640a-2548-4323-bd97-ba3488877b23:c793]
 0.00% |█                                                                                                    |  0/1 Time: 0:00:012019-08-20 11:35:27,322 INFO  client.GrpcClientProtocolClient (GrpcClientProtocolClient.java:onNext(255)) - client-FC58CAF12498->aeb608e6-131f-44e0-aa35-97c12a2f72a3: receive RaftClientReply:client-FC58CAF12498->aeb608e6-131f-44e0-aa35-97c12a2f72a3@group-3F41E8AD953A, cid=660, SUCCESS, logIndex=796, commits[aeb608e6-131f-44e0-aa35-97c12a2f72a3:c797, b6a0d396-0e26-402b-ac58-4f0615a4fad6:c793, 8b17640a-2548-4323-bd97-ba3488877b23:c795]
2019-08-20 11:35:27,323 INFO  client.GrpcClientProtocolClient (GrpcClientProtocolClient.java:onNext(255)) - client-FC58CAF12498->aeb608e6-131f-44e0-aa35-97c12a2f72a3: receive RaftClientReply:client-FC58CAF12498->aeb608e6-131f-44e0-aa35-97c12a2f72a3@group-3F41E8AD953A, cid=661, SUCCESS, logIndex=797, commits[aeb608e6-131f-44e0-aa35-97c12a2f72a3:c799, b6a0d396-0e26-402b-ac58-4f0615a4fad6:c795, 8b17640a-2548-4323-bd97-ba3488877b23:c795]
2019-08-20 11:35:27,323 INFO  client.GrpcClientProtocolClient (GrpcClientProtocolClient.java:onNext(255)) - client-FC58CAF12498->aeb608e6-131f-44e0-aa35-97c12a2f72a3: receive RaftClientReply:client-FC58CAF12498->aeb608e6-131f-44e0-aa35-97c12a2f72a3@group-3F41E8AD953A, cid=662, SUCCESS, logIndex=798, commits[aeb608e6-131f-44e0-aa35-97c12a2f72a3:c799, b6a0d396-0e26-402b-ac58-4f0615a4fad6:c795, 8b17640a-2548-4323-bd97-ba3488877b23:c795]
2019-08-20 11:35:27,324 INFO  client.GrpcClientProtocolClient (GrpcClientProtocolClient.java:onNext(255)) - client-FC58CAF12498->aeb608e6-131f-44e0-aa35-97c12a2f72a3: receive RaftClientReply:client-FC58CAF12498->aeb608e6-131f-44e0-aa35-97c12a2f72a3@group-3F41E8AD953A, cid=663, SUCCESS, logIndex=799, commits[aeb608e6-131f-44e0-aa35-97c12a2f72a3:c799, b6a0d396-0e26-402b-ac58-4f0615a4fad6:c795, 8b17640a-2548-4323-bd97-ba3488877b23:c795]
2019-08-20 11:35:27,334 INFO  client.GrpcClientProtocolClient (GrpcClientProtocolClient.java:onNext(255)) - client-FC58CAF12498->aeb608e6-131f-44e0-aa35-97c12a2f72a3: receive RaftClientReply:client-FC58CAF12498->aeb608e6-131f-44e0-aa35-97c12a2f72a3@group-3F41E8AD953A, cid=664, SUCCESS, logIndex=0, commits[aeb608e6-131f-44e0-aa35-97c12a2f72a3:c800, b6a0d396-0e26-402b-ac58-4f0615a4fad6:c797, 8b17640a-2548-4323-bd97-ba3488877b23:c797]
2019-08-20 11:35:27,358 INFO  client.GrpcClientProtocolClient (GrpcClientProtocolClient.java:onNext(255)) - client-FC58CAF12498->aeb608e6-131f-44e0-aa35-97c12a2f72a3: receive RaftClientReply:client-FC58CAF12498->aeb608e6-131f-44e0-aa35-97c12a2f72a3@group-3F41E8AD953A, cid=665, SUCCESS, logIndex=804, commits[aeb608e6-131f-44e0-aa35-97c12a2f72a3:c805, b6a0d396-0e26-402b-ac58-4f0615a4fad6:c803, 8b17640a-2548-4323-bd97-ba3488877b23:c803]
2019-08-20 11:35:27,358 INFO  client.GrpcClientProtocolClient (GrpcClientProtocolClient.java:onNext(255)) - client-FC58CAF12498->aeb608e6-131f-44e0-aa35-97c12a2f72a3: receive RaftClientReply:client-FC58CAF12498->aeb608e6-131f-44e0-aa35-97c12a2f72a3@group-3F41E8AD953A, cid=666, SUCCESS, logIndex=805, commits[aeb608e6-131f-44e0-aa35-97c12a2f72a3:c805, b6a0d396-0e26-402b-ac58-4f0615a4fad6:c803, 8b17640a-2548-4323-bd97-ba3488877b23:c803]
2019-08-20 11:35:27,389 INFO  client.GrpcClientProtocolClient (GrpcClientProtocolClient.java:onNext(255)) - client-FC58CAF12498->aeb608e6-131f-44e0-aa35-97c12a2f72a3: receive RaftClientReply:client-FC58CAF12498->aeb608e6-131f-44e0-aa35-97c12a2f72a3@group-3F41E8AD953A, cid=667, SUCCESS, logIndex=808, commits[aeb608e6-131f-44e0-aa35-97c12a2f72a3:c809, b6a0d396-0e26-402b-ac58-4f0615a4fad6:c805, 8b17640a-2548-4323-bd97-ba3488877b23:c805]
2019-08-20 11:35:27,390 INFO  client.GrpcClientProtocolClient (GrpcClientProtocolClient.java:onNext(255)) - client-FC58CAF12498->aeb608e6-131f-44e0-aa35-97c12a2f72a3: receive RaftClientReply:client-FC58CAF12498->aeb608e6-131f-44e0-aa35-97c12a2f72a3@group-3F41E8AD953A, cid=668, SUCCESS, logIndex=809, commits[aeb608e6-131f-44e0-aa35-97c12a2f72a3:c809, b6a0d396-0e26-402b-ac58-4f0615a4fad6:c805, 8b17640a-2548-4323-bd97-ba3488877b23:c805]
2019-08-20 11:35:27,401 INFO  client.GrpcClientProtocolClient (GrpcClientProtocolClient.java:onNext(255)) - client-FC58CAF12498->aeb608e6-131f-44e0-aa35-97c12a2f72a3: receive RaftClientReply:client-FC58CAF12498->aeb608e6-131f-44e0-aa35-97c12a2f72a3@group-3F41E8AD953A, cid=669, SUCCESS, logIndex=0, commits[aeb608e6-131f-44e0-aa35-97c12a2f72a3:c811, b6a0d396-0e26-402b-ac58-4f0615a4fad6:c809, 8b17640a-2548-4323-bd97-ba3488877b23:c809]
2019-08-20 11:35:27,426 INFO  client.GrpcClientProtocolClient (GrpcClientProtocolClient.java:onNext(255)) - client-FC58CAF12498->aeb608e6-131f-44e0-aa35-97c12a2f72a3: receive RaftClientReply:client-FC58CAF12498->aeb608e6-131f-44e0-aa35-97c12a2f72a3@group-3F41E8AD953A, cid=670, SUCCESS, logIndex=812, commits[aeb608e6-131f-44e0-aa35-97c12a2f72a3:c813, b6a0d396-0e26-402b-ac58-4f0615a4fad6:c811, 8b17640a-2548-4323-bd97-ba3488877b23:c811]
2019-08-20 11:35:27,427 INFO  client.GrpcClientProtocolClient (GrpcClientProtocolClient.java:onNext(255)) - client-FC58CAF12498->aeb608e6-131f-44e0-aa35-97c12a2f72a3: receive RaftClientReply:client-FC58CAF12498->aeb608e6-131f-44e0-aa35-97c12a2f72a3@group-3F41E8AD953A, cid=671, SUCCESS, logIndex=813, commits[aeb608e6-131f-44e0-aa35-97c12a2f72a3:c813, b6a0d396-0e26-402b-ac58-4f0615a4fad6:c811, 8b17640a-2548-4323-bd97-ba3488877b23:c811]
2019-08-20 11:35:27,428 INFO  client.GrpcClientProtocolClient (GrpcClientProtocolClient.java:onNext(255)) - client-FC58CAF12498->aeb608e6-131f-44e0-aa35-97c12a2f72a3: receive RaftClientReply:client-FC58CAF12498->aeb608e6-131f-44e0-aa35-97c12a2f72a3@group-3F41E8AD953A, cid=672, SUCCESS, logIndex=814, commits[aeb608e6-131f-44e0-aa35-97c12a2f72a3:c815, b6a0d396-0e26-402b-ac58-4f0615a4fad6:c811, 8b17640a-2548-4323-bd97-ba3488877b23:c811]
2019-08-20 11:35:27,428 INFO  client.GrpcClientProtocolClient (GrpcClientProtocolClient.java:onNext(255)) - client-FC58CAF12498->aeb608e6-131f-44e0-aa35-97c12a2f72a3: receive RaftClientReply:client-FC58CAF12498->aeb608e6-131f-44e0-aa35-97c12a2f72a3@group-3F41E8AD953A, cid=673, SUCCESS, logIndex=815, commits[aeb608e6-131f-44e0-aa35-97c12a2f72a3:c815, b6a0d396-0e26-402b-ac58-4f0615a4fad6:c811, 8b17640a-2548-4323-bd97-ba3488877b23:c811]
2019-08-20 11:35:27,430 INFO  client.GrpcClientProtocolClient (GrpcClientProtocolClient.java:onNext(255)) - client-FC58CAF12498->aeb608e6-131f-44e0-aa35-97c12a2f72a3: receive RaftClientReply:client-FC58CAF12498->aeb608e6-131f-44e0-aa35-97c12a2f72a3@group-3F41E8AD953A, cid=674, SUCCESS, logIndex=0, commits[aeb608e6-131f-44e0-aa35-97c12a2f72a3:c817, b6a0d396-0e26-402b-ac58-4f0615a4fad6:c813, 8b17640a-2548-4323-bd97-ba3488877b23:c813]
2019-08-20 11:35:27,460 INFO  client.GrpcClientProtocolClient (GrpcClientProtocolClient.java:onNext(255)) - client-FC58CAF12498->aeb608e6-131f-44e0-aa35-97c12a2f72a3: receive RaftClientReply:client-FC58CAF12498->aeb608e6-131f-44e0-aa35-97c12a2f72a3@group-3F41E8AD953A, cid=675, SUCCESS, logIndex=820, commits[aeb608e6-131f-44e0-aa35-97c12a2f72a3:c821, b6a0d396-0e26-402b-ac58-4f0615a4fad6:c819, 8b17640a-2548-4323-bd97-ba3488877b23:c819]
2019-08-20 11:35:27,460 INFO  client.GrpcClientProtocolClient (GrpcClientProtocolClient.java:onNext(255)) - client-FC58CAF12498->aeb608e6-131f-44e0-aa35-97c12a2f72a3: receive RaftClientReply:client-FC58CAF12498->aeb608e6-131f-44e0-aa35-97c12a2f72a3@group-3F41E8AD953A, cid=676, SUCCESS, logIndex=821, commits[aeb608e6-131f-44e0-aa35-97c12a2f72a3:c821, b6a0d396-0e26-402b-ac58-4f0615a4fad6:c819, 8b17640a-2548-4323-bd97-ba3488877b23:c819]
2019-08-20 11:35:27,484 INFO  client.GrpcClientProtocolClient (GrpcClientProtocolClient.java:onNext(255)) - client-FC58CAF12498->aeb608e6-131f-44e0-aa35-97c12a2f72a3: receive RaftClientReply:client-FC58CAF12498->aeb608e6-131f-44e0-aa35-97c12a2f72a3@group-3F41E8AD953A, cid=677, SUCCESS, logIndex=824, commits[aeb608e6-131f-44e0-aa35-97c12a2f72a3:c824, b6a0d396-0e26-402b-ac58-4f0615a4fad6:c823, 8b17640a-2548-4323-bd97-ba3488877b23:c823]
2019-08-20 11:35:27,485 INFO  client.GrpcClientProtocolClient (GrpcClientProtocolClient.java:onNext(255)) - client-FC58CAF12498->aeb608e6-131f-44e0-aa35-97c12a2f72a3: receive RaftClientReply:client-FC58CAF12498->aeb608e6-131f-44e0-aa35-97c12a2f72a3@group-3F41E8AD953A, cid=678, SUCCESS, logIndex=825, commits[aeb608e6-131f-44e0-aa35-97c12a2f72a3:c825, b6a0d396-0e26-402b-ac58-4f0615a4fad6:c823, 8b17640a-2548-4323-bd97-ba3488877b23:c823]
2019-08-20 11:35:27,497 INFO  client.GrpcClientProtocolClient (GrpcClientProtocolClient.java:onNext(255)) - client-FC58CAF12498->aeb608e6-131f-44e0-aa35-97c12a2f72a3: receive RaftClientReply:client-FC58CAF12498->aeb608e6-131f-44e0-aa35-97c12a2f72a3@group-3F41E8AD953A, cid=679, SUCCESS, logIndex=0, commits[aeb608e6-131f-44e0-aa35-97c12a2f72a3:c827, b6a0d396-0e26-402b-ac58-4f0615a4fad6:c825, 8b17640a-2548-4323-bd97-ba3488877b23:c825]
2019-08-20 11:35:27,520 INFO  client.GrpcClientProtocolClient (GrpcClientProtocolClient.java:onNext(255)) - client-FC58CAF12498->aeb608e6-131f-44e0-aa35-97c12a2f72a3: receive RaftClientReply:client-FC58CAF12498->aeb608e6-131f-44e0-aa35-97c12a2f72a3@group-3F41E8AD953A, cid=680, SUCCESS, logIndex=828, commits[aeb608e6-131f-44e0-aa35-97c12a2f72a3:c829, b6a0d396-0e26-402b-ac58-4f0615a4fad6:c827, 8b17640a-2548-4323-bd97-ba3488877b23:c827]
2019-08-20 11:35:27,521 INFO  client.GrpcClientProtocolClient (GrpcClientProtocolClient.java:onNext(255)) - client-FC58CAF12498->aeb608e6-131f-44e0-aa35-97c12a2f72a3: receive RaftClientReply:client-FC58CAF12498->aeb608e6-131f-44e0-aa35-97c12a2f72a3@group-3F41E8AD953A, cid=681, SUCCESS, logIndex=829, commits[aeb608e6-131f-44e0-aa35-97c12a2f72a3:c829, b6a0d396-0e26-402b-ac58-4f0615a4fad6:c827, 8b17640a-2548-4323-bd97-ba3488877b23:c827]
2019-08-20 11:35:27,530 INFO  client.GrpcClientProtocolClient (GrpcClientProtocolClient.java:onNext(255)) - client-FC58CAF12498->aeb608e6-131f-44e0-aa35-97c12a2f72a3: receive RaftClientReply:client-FC58CAF12498->aeb608e6-131f-44e0-aa35-97c12a2f72a3@group-3F41E8AD953A, cid=682, SUCCESS, logIndex=830, commits[aeb608e6-131f-44e0-aa35-97c12a2f72a3:c831, b6a0d396-0e26-402b-ac58-4f0615a4fad6:c827, 8b17640a-2548-4323-bd97-ba3488877b23:c827]
2019-08-20 11:35:27,531 INFO  client.GrpcClientProtocolClient (GrpcClientProtocolClient.java:onNext(255)) - client-FC58CAF12498->aeb608e6-131f-44e0-aa35-97c12a2f72a3: receive RaftClientReply:client-FC58CAF12498->aeb608e6-131f-44e0-aa35-97c12a2f72a3@group-3F41E8AD953A, cid=683, SUCCESS, logIndex=831, commits[aeb608e6-131f-44e0-aa35-97c12a2f72a3:c831, b6a0d396-0e26-402b-ac58-4f0615a4fad6:c827, 8b17640a-2548-4323-bd97-ba3488877b23:c827]
2019-08-20 11:35:27,533 INFO  client.GrpcClientProtocolClient (GrpcClientProtocolClient.java:onNext(255)) - client-FC58CAF12498->aeb608e6-131f-44e0-aa35-97c12a2f72a3: receive RaftClientReply:client-FC58CAF12498->aeb608e6-131f-44e0-aa35-97c12a2f72a3@group-3F41E8AD953A, cid=684, SUCCESS, logIndex=0, commits[aeb608e6-131f-44e0-aa35-97c12a2f72a3:c833, b6a0d396-0e26-402b-ac58-4f0615a4fad6:c829, 8b17640a-2548-4323-bd97-ba3488877b23:c829]
2019-08-20 11:35:27,560 INFO  client.GrpcClientProtocolClient (GrpcClientProtocolClient.java:onNext(255)) - client-FC58CAF12498->aeb608e6-131f-44e0-aa35-97c12a2f72a3: receive RaftClientReply:client-FC58CAF12498->aeb608e6-131f-44e0-aa35-97c12a2f72a3@group-3F41E8AD953A, cid=685, SUCCESS, logIndex=836, commits[aeb608e6-131f-44e0-aa35-97c12a2f72a3:c837, b6a0d396-0e26-402b-ac58-4f0615a4fad6:c833, 8b17640a-2548-4323-bd97-ba3488877b23:c833]
2019-08-20 11:35:27,560 INFO  client.GrpcClientProtocolClient (GrpcClientProtocolClient.java:onNext(255)) - client-FC58CAF12498->aeb608e6-131f-44e0-aa35-97c12a2f72a3: receive RaftClientReply:client-FC58CAF12498->aeb608e6-131f-44e0-aa35-97c12a2f72a3@group-3F41E8AD953A, cid=686, SUCCESS, logIndex=837, commits[aeb608e6-131f-44e0-aa35-97c12a2f72a3:c837, b6a0d396-0e26-402b-ac58-4f0615a4fad6:c833, 8b17640a-2548-4323-bd97-ba3488877b23:c833]
2019-08-20 11:35:27,585 INFO  client.GrpcClientProtocolClient (GrpcClientProtocolClient.java:onNext(255)) - client-FC58CAF12498->aeb608e6-131f-44e0-aa35-97c12a2f72a3: receive RaftClientReply:client-FC58CAF12498->aeb608e6-131f-44e0-aa35-97c12a2f72a3@group-3F41E8AD953A, cid=687, SUCCESS, logIndex=840, commits[aeb608e6-131f-44e0-aa35-97c12a2f72a3:c841, b6a0d396-0e26-402b-ac58-4f0615a4fad6:c837, 8b17640a-2548-4323-bd97-ba3488877b23:c837]
2019-08-20 11:35:27,586 INFO  client.GrpcClientProtocolClient (GrpcClientProtocolClient.java:onNext(255)) - client-FC58CAF12498->aeb608e6-131f-44e0-aa35-97c12a2f72a3: receive RaftClientReply:client-FC58CAF12498->aeb608e6-131f-44e0-aa35-97c12a2f72a3@group-3F41E8AD953A, cid=688, SUCCESS, logIndex=841, commits[aeb608e6-131f-44e0-aa35-97c12a2f72a3:c841, b6a0d396-0e26-402b-ac58-4f0615a4fad6:c837, 8b17640a-2548-4323-bd97-ba3488877b23:c837]
2019-08-20 11:35:27,597 INFO  client.GrpcClientProtocolClient (GrpcClientProtocolClient.java:onNext(255)) - client-FC58CAF12498->aeb608e6-131f-44e0-aa35-97c12a2f72a3: receive RaftClientReply:client-FC58CAF12498->aeb608e6-131f-44e0-aa35-97c12a2f72a3@group-3F41E8AD953A, cid=689, SUCCESS, logIndex=0, commits[aeb608e6-131f-44e0-aa35-97c12a2f72a3:c842, b6a0d396-0e26-402b-ac58-4f0615a4fad6:c841, 8b17640a-2548-4323-bd97-ba3488877b23:c841]
2019-08-20 11:35:27,621 INFO  client.GrpcClientProtocolClient (GrpcClientProtocolClient.java:onNext(255)) - client-FC58CAF12498->aeb608e6-131f-44e0-aa35-97c12a2f72a3: receive RaftClientReply:client-FC58CAF12498->aeb608e6-131f-44e0-aa35-97c12a2f72a3@group-3F41E8AD953A, cid=690, SUCCESS, logIndex=844, commits[aeb608e6-131f-44e0-aa35-97c12a2f72a3:c846, b6a0d396-0e26-402b-ac58-4f0615a4fad6:c843, 8b17640a-2548-4323-bd97-ba3488877b23:c843]
2019-08-20 11:35:27,622 INFO  client.GrpcClientProtocolClient (GrpcClientProtocolClient.java:onNext(255)) - client-FC58CAF12498->aeb608e6-131f-44e0-aa35-97c12a2f72a3: receive RaftClientReply:client-FC58CAF12498->aeb608e6-131f-44e0-aa35-97c12a2f72a3@group-3F41E8AD953A, cid=691, SUCCESS, logIndex=845, commits[aeb608e6-131f-44e0-aa35-97c12a2f72a3:c847, b6a0d396-0e26-402b-ac58-4f0615a4fad6:c843, 8b17640a-2548-4323-bd97-ba3488877b23:c843]
2019-08-20 11:35:27,622 INFO  client.GrpcClientProtocolClient (GrpcClientProtocolClient.java:onNext(255)) - client-FC58CAF12498->aeb608e6-131f-44e0-aa35-97c12a2f72a3: receive RaftClientReply:client-FC58CAF12498->aeb608e6-131f-44e0-aa35-97c12a2f72a3@group-3F41E8AD953A, cid=692, SUCCESS, logIndex=846, commits[aeb608e6-131f-44e0-aa35-97c12a2f72a3:c847, b6a0d396-0e26-402b-ac58-4f0615a4fad6:c843, 8b17640a-2548-4323-bd97-ba3488877b23:c843]
2019-08-20 11:35:27,622 INFO  client.GrpcClientProtocolClient (GrpcClientProtocolClient.java:onNext(255)) - client-FC58CAF12498->aeb608e6-131f-44e0-aa35-97c12a2f72a3: receive RaftClientReply:client-FC58CAF12498->aeb608e6-131f-44e0-aa35-97c12a2f72a3@group-3F41E8AD953A, cid=693, SUCCESS, logIndex=847, commits[aeb608e6-131f-44e0-aa35-97c12a2f72a3:c847, b6a0d396-0e26-402b-ac58-4f0615a4fad6:c843, 8b17640a-2548-4323-bd97-ba3488877b23:c843]
2019-08-20 11:35:27,624 INFO  client.GrpcClientProtocolClient (GrpcClientProtocolClient.java:onNext(255)) - client-FC58CAF12498->aeb608e6-131f-44e0-aa35-97c12a2f72a3: receive RaftClientReply:client-FC58CAF12498->aeb608e6-131f-44e0-aa35-97c12a2f72a3@group-3F41E8AD953A, cid=694, SUCCESS, logIndex=0, commits[aeb608e6-131f-44e0-aa35-97c12a2f72a3:c850, b6a0d396-0e26-402b-ac58-4f0615a4fad6:c846, 8b17640a-2548-4323-bd97-ba3488877b23:c846]
2019-08-20 11:35:27,645 INFO  client.GrpcClientProtocolClient (GrpcClientProtocolClient.java:onNext(255)) - client-FC58CAF12498->aeb608e6-131f-44e0-aa35-97c12a2f72a3: receive RaftClientReply:client-FC58CAF12498->aeb608e6-131f-44e0-aa35-97c12a2f72a3@group-3F41E8AD953A, cid=695, SUCCESS, logIndex=852, commits[aeb608e6-131f-44e0-aa35-97c12a2f72a3:c853, b6a0d396-0e26-402b-ac58-4f0615a4fad6:c851, 8b17640a-2548-4323-bd97-ba3488877b23:c851]
2019-08-20 11:35:27,645 INFO  client.GrpcClientProtocolClient (GrpcClientProtocolClient.java:onNext(255)) - client-FC58CAF12498->aeb608e6-131f-44e0-aa35-97c12a2f72a3: receive RaftClientReply:client-FC58CAF12498->aeb608e6-131f-44e0-aa35-97c12a2f72a3@group-3F41E8AD953A, cid=696, SUCCESS, logIndex=853, commits[aeb608e6-131f-44e0-aa35-97c12a2f72a3:c853, b6a0d396-0e26-402b-ac58-4f0615a4fad6:c851, 8b17640a-2548-4323-bd97-ba3488877b23:c851]
2019-08-20 11:35:27,669 INFO  client.GrpcClientProtocolClient (GrpcClientProtocolClient.java:onNext(255)) - client-FC58CAF12498->aeb608e6-131f-44e0-aa35-97c12a2f72a3: receive RaftClientReply:client-FC58CAF12498->aeb608e6-131f-44e0-aa35-97c12a2f72a3@group-3F41E8AD953A, cid=697, SUCCESS, logIndex=856, commits[aeb608e6-131f-44e0-aa35-97c12a2f72a3:c857, b6a0d396-0e26-402b-ac58-4f0615a4fad6:c853, 8b17640a-2548-4323-bd97-ba3488877b23:c853]
2019-08-20 11:35:27,669 INFO  client.GrpcClientProtocolClient (GrpcClientProtocolClient.java:onNext(255)) - client-FC58CAF12498->aeb608e6-131f-44e0-aa35-97c12a2f72a3: receive RaftClientReply:client-FC58CAF12498->aeb608e6-131f-44e0-aa35-97c12a2f72a3@group-3F41E8AD953A, cid=698, SUCCESS, logIndex=857, commits[aeb608e6-131f-44e0-aa35-97c12a2f72a3:c857, b6a0d396-0e26-402b-ac58-4f0615a4fad6:c853, 8b17640a-2548-4323-bd97-ba3488877b23:c853]
2019-08-20 11:35:27,671 INFO  client.GrpcClientProtocolClient (GrpcClientProtocolClient.java:onNext(255)) - client-FC58CAF12498->aeb608e6-131f-44e0-aa35-97c12a2f72a3: receive RaftClientReply:client-FC58CAF12498->aeb608e6-131f-44e0-aa35-97c12a2f72a3@group-3F41E8AD953A, cid=699, SUCCESS, logIndex=0, commits[aeb608e6-131f-44e0-aa35-97c12a2f72a3:c859, b6a0d396-0e26-402b-ac58-4f0615a4fad6:c857, 8b17640a-2548-4323-bd97-ba3488877b23:c857]
2019-08-20 11:35:27,692 INFO  client.GrpcClientProtocolClient (GrpcClientProtocolClient.java:onNext(255)) - client-FC58CAF12498->aeb608e6-131f-44e0-aa35-97c12a2f72a3: receive RaftClientReply:client-FC58CAF12498->aeb608e6-131f-44e0-aa35-97c12a2f72a3@group-3F41E8AD953A, cid=700, SUCCESS, logIndex=860, commits[aeb608e6-131f-44e0-aa35-97c12a2f72a3:c861, b6a0d396-0e26-402b-ac58-4f0615a4fad6:c859, 8b17640a-2548-4323-bd97-ba3488877b23:c859]
2019-08-20 11:35:27,693 INFO  client.GrpcClientProtocolClient (GrpcClientProtocolClient.java:onNext(255)) - client-FC58CAF12498->aeb608e6-131f-44e0-aa35-97c12a2f72a3: receive RaftClientReply:client-FC58CAF12498->aeb608e6-131f-44e0-aa35-97c12a2f72a3@group-3F41E8AD953A, cid=701, SUCCESS, logIndex=861, commits[aeb608e6-131f-44e0-aa35-97c12a2f72a3:c861, b6a0d396-0e26-402b-ac58-4f0615a4fad6:c859, 8b17640a-2548-4323-bd97-ba3488877b23:c859]
2019-08-20 11:35:27,693 INFO  client.GrpcClientProtocolClient (GrpcClientProtocolClient.java:onNext(255)) - client-FC58CAF12498->aeb608e6-131f-44e0-aa35-97c12a2f72a3: receive RaftClientReply:client-FC58CAF12498->aeb608e6-131f-44e0-aa35-97c12a2f72a3@group-3F41E8AD953A, cid=702, SUCCESS, logIndex=862, commits[aeb608e6-131f-44e0-aa35-97c12a2f72a3:c863, b6a0d396-0e26-402b-ac58-4f0615a4fad6:c859, 8b17640a-2548-4323-bd97-ba3488877b23:c859]
2019-08-20 11:35:27,694 INFO  client.GrpcClientProtocolClient (GrpcClientProtocolClient.java:onNext(255)) - client-FC58CAF12498->aeb608e6-131f-44e0-aa35-97c12a2f72a3: receive RaftClientReply:client-FC58CAF12498->aeb608e6-131f-44e0-aa35-97c12a2f72a3@group-3F41E8AD953A, cid=703, SUCCESS, logIndex=863, commits[aeb608e6-131f-44e0-aa35-97c12a2f72a3:c863, b6a0d396-0e26-402b-ac58-4f0615a4fad6:c859, 8b17640a-2548-4323-bd97-ba3488877b23:c859]
2019-08-20 11:35:27,696 INFO  client.GrpcClientProtocolClient (GrpcClientProtocolClient.java:onNext(255)) - client-FC58CAF12498->aeb608e6-131f-44e0-aa35-97c12a2f72a3: receive RaftClientReply:client-FC58CAF12498->aeb608e6-131f-44e0-aa35-97c12a2f72a3@group-3F41E8AD953A, cid=704, SUCCESS, logIndex=0, commits[aeb608e6-131f-44e0-aa35-97c12a2f72a3:c866, b6a0d396-0e26-402b-ac58-4f0615a4fad6:c863, 8b17640a-2548-4323-bd97-ba3488877b23:c861]
2019-08-20 11:35:27,721 INFO  client.GrpcClientProtocolClient (GrpcClientProtocolClient.java:onNext(255)) - client-FC58CAF12498->aeb608e6-131f-44e0-aa35-97c12a2f72a3: receive RaftClientReply:client-FC58CAF12498->aeb608e6-131f-44e0-aa35-97c12a2f72a3@group-3F41E8AD953A, cid=705, SUCCESS, logIndex=868, commits[aeb608e6-131f-44e0-aa35-97c12a2f72a3:c869, b6a0d396-0e26-402b-ac58-4f0615a4fad6:c867, 8b17640a-2548-4323-bd97-ba3488877b23:c867]
2019-08-20 11:35:27,722 INFO  client.GrpcClientProtocolClient (GrpcClientProtocolClient.java:onNext(255)) - client-FC58CAF12498->aeb608e6-131f-44e0-aa35-97c12a2f72a3: receive RaftClientReply:client-FC58CAF12498->aeb608e6-131f-44e0-aa35-97c12a2f72a3@group-3F41E8AD953A, cid=706, SUCCESS, logIndex=869, commits[aeb608e6-131f-44e0-aa35-97c12a2f72a3:c869, b6a0d396-0e26-402b-ac58-4f0615a4fad6:c867, 8b17640a-2548-4323-bd97-ba3488877b23:c867]
2019-08-20 11:35:27,748 INFO  client.GrpcClientProtocolClient (GrpcClientProtocolClient.java:onNext(255)) - client-FC58CAF12498->aeb608e6-131f-44e0-aa35-97c12a2f72a3: receive RaftClientReply:client-FC58CAF12498->aeb608e6-131f-44e0-aa35-97c12a2f72a3@group-3F41E8AD953A, cid=707, SUCCESS, logIndex=872, commits[aeb608e6-131f-44e0-aa35-97c12a2f72a3:c873, b6a0d396-0e26-402b-ac58-4f0615a4fad6:c869, 8b17640a-2548-4323-bd97-ba3488877b23:c869]
2019-08-20 11:35:27,748 INFO  client.GrpcClientProtocolClient (GrpcClientProtocolClient.java:onNext(255)) - client-FC58CAF12498->aeb608e6-131f-44e0-aa35-97c12a2f72a3: receive RaftClientReply:client-FC58CAF12498->aeb608e6-131f-44e0-aa35-97c12a2f72a3@group-3F41E8AD953A, cid=708, SUCCESS, logIndex=873, commits[aeb608e6-131f-44e0-aa35-97c12a2f72a3:c873, b6a0d396-0e26-402b-ac58-4f0615a4fad6:c869, 8b17640a-2548-4323-bd97-ba3488877b23:c869]
2019-08-20 11:35:27,759 INFO  client.GrpcClientProtocolClient (GrpcClientProtocolClient.java:onNext(255)) - client-FC58CAF12498->aeb608e6-131f-44e0-aa35-97c12a2f72a3: receive RaftClientReply:client-FC58CAF12498->aeb608e6-131f-44e0-aa35-97c12a2f72a3@group-3F41E8AD953A, cid=709, SUCCESS, logIndex=0, commits[aeb608e6-131f-44e0-aa35-97c12a2f72a3:c874, b6a0d396-0e26-402b-ac58-4f0615a4fad6:c873, 8b17640a-2548-4323-bd97-ba3488877b23:c873]
2019-08-20 11:35:27,783 INFO  client.GrpcClientProtocolClient (GrpcClientProtocolClient.java:onNext(255)) - client-FC58CAF12498->aeb608e6-131f-44e0-aa35-97c12a2f72a3: receive RaftClientReply:client-FC58CAF12498->aeb608e6-131f-44e0-aa35-97c12a2f72a3@group-3F41E8AD953A, cid=710, SUCCESS, logIndex=876, commits[aeb608e6-131f-44e0-aa35-97c12a2f72a3:c877, b6a0d396-0e26-402b-ac58-4f0615a4fad6:c875, 8b17640a-2548-4323-bd97-ba3488877b23:c875]
2019-08-20 11:35:27,784 INFO  client.GrpcClientProtocolClient (GrpcClientProtocolClient.java:onNext(255)) - client-FC58CAF12498->aeb608e6-131f-44e0-aa35-97c12a2f72a3: receive RaftClientReply:client-FC58CAF12498->aeb608e6-131f-44e0-aa35-97c12a2f72a3@group-3F41E8AD953A, cid=711, SUCCESS, logIndex=877, commits[aeb608e6-131f-44e0-aa35-97c12a2f72a3:c879, b6a0d396-0e26-402b-ac58-4f0615a4fad6:c875, 8b17640a-2548-4323-bd97-ba3488877b23:c875]
2019-08-20 11:35:27,784 INFO  client.GrpcClientProtocolClient (GrpcClientProtocolClient.java:onNext(255)) - client-FC58CAF12498->aeb608e6-131f-44e0-aa35-97c12a2f72a3: receive RaftClientReply:client-FC58CAF12498->aeb608e6-131f-44e0-aa35-97c12a2f72a3@group-3F41E8AD953A, cid=712, SUCCESS, logIndex=878, commits[aeb608e6-131f-44e0-aa35-97c12a2f72a3:c879, b6a0d396-0e26-402b-ac58-4f0615a4fad6:c875, 8b17640a-2548-4323-bd97-ba3488877b23:c875]
2019-08-20 11:35:27,784 INFO  client.GrpcClientProtocolClient (GrpcClientProtocolClient.java:onNext(255)) - client-FC58CAF12498->aeb608e6-131f-44e0-aa35-97c12a2f72a3: receive RaftClientReply:client-FC58CAF12498->aeb608e6-131f-44e0-aa35-97c12a2f72a3@group-3F41E8AD953A, cid=713, SUCCESS, logIndex=879, commits[aeb608e6-131f-44e0-aa35-97c12a2f72a3:c879, b6a0d396-0e26-402b-ac58-4f0615a4fad6:c875, 8b17640a-2548-4323-bd97-ba3488877b23:c875]
2019-08-20 11:35:27,786 INFO  client.GrpcClientProtocolClient (GrpcClientProtocolClient.java:onNext(255)) - client-FC58CAF12498->aeb608e6-131f-44e0-aa35-97c12a2f72a3: receive RaftClientReply:client-FC58CAF12498->aeb608e6-131f-44e0-aa35-97c12a2f72a3@group-3F41E8AD953A, cid=714, SUCCESS, logIndex=0, commits[aeb608e6-131f-44e0-aa35-97c12a2f72a3:c883, b6a0d396-0e26-402b-ac58-4f0615a4fad6:c879, 8b17640a-2548-4323-bd97-ba3488877b23:c879]
2019-08-20 11:35:27,808 INFO  client.GrpcClientProtocolClient (GrpcClientProtocolClient.java:onNext(255)) - client-FC58CAF12498->aeb608e6-131f-44e0-aa35-97c12a2f72a3: receive RaftClientReply:client-FC58CAF12498->aeb608e6-131f-44e0-aa35-97c12a2f72a3@group-3F41E8AD953A, cid=715, SUCCESS, logIndex=884, commits[aeb608e6-131f-44e0-aa35-97c12a2f72a3:c885, b6a0d396-0e26-402b-ac58-4f0615a4fad6:c883, 8b17640a-2548-4323-bd97-ba3488877b23:c883]
2019-08-20 11:35:27,809 INFO  client.GrpcClientProtocolClient (GrpcClientProtocolClient.java:onNext(255)) - client-FC58CAF12498->aeb608e6-131f-44e0-aa35-97c12a2f72a3: receive RaftClientReply:client-FC58CAF12498->aeb608e6-131f-44e0-aa35-97c12a2f72a3@group-3F41E8AD953A, cid=716, SUCCESS, logIndex=885, commits[aeb608e6-131f-44e0-aa35-97c12a2f72a3:c885, b6a0d396-0e26-402b-ac58-4f0615a4fad6:c883, 8b17640a-2548-4323-bd97-ba3488877b23:c883]
2019-08-20 11:35:27,835 INFO  client.GrpcClientProtocolClient (GrpcClientProtocolClient.java:onNext(255)) - client-FC58CAF12498->aeb608e6-131f-44e0-aa35-97c12a2f72a3: receive RaftClientReply:client-FC58CAF12498->aeb608e6-131f-44e0-aa35-97c12a2f72a3@group-3F41E8AD953A, cid=717, SUCCESS, logIndex=888, commits[aeb608e6-131f-44e0-aa35-97c12a2f72a3:c889, b6a0d396-0e26-402b-ac58-4f0615a4fad6:c885, 8b17640a-2548-4323-bd97-ba3488877b23:c885]
2019-08-20 11:35:27,835 INFO  client.GrpcClientProtocolClient (GrpcClientProtocolClient.java:onNext(255)) - client-FC58CAF12498->aeb608e6-131f-44e0-aa35-97c12a2f72a3: receive RaftClientReply:client-FC58CAF12498->aeb608e6-131f-44e0-aa35-97c12a2f72a3@group-3F41E8AD953A, cid=718, SUCCESS, logIndex=889, commits[aeb608e6-131f-44e0-aa35-97c12a2f72a3:c889, b6a0d396-0e26-402b-ac58-4f0615a4fad6:c885, 8b17640a-2548-4323-bd97-ba3488877b23:c885]
2019-08-20 11:35:27,846 INFO  client.GrpcClientProtocolClient (GrpcClientProtocolClient.java:onNext(255)) - client-FC58CAF12498->aeb608e6-131f-44e0-aa35-97c12a2f72a3: receive RaftClientReply:client-FC58CAF12498->aeb608e6-131f-44e0-aa35-97c12a2f72a3@group-3F41E8AD953A, cid=719, SUCCESS, logIndex=0, commits[aeb608e6-131f-44e0-aa35-97c12a2f72a3:c889, b6a0d396-0e26-402b-ac58-4f0615a4fad6:c889, 8b17640a-2548-4323-bd97-ba3488877b23:c889]
2019-08-20 11:35:27,987 INFO  client.GrpcClientProtocolClient (GrpcClientProtocolClient.java:onNext(255)) - client-FC58CAF12498->aeb608e6-131f-44e0-aa35-97c12a2f72a3: receive RaftClientReply:client-FC58CAF12498->aeb608e6-131f-44e0-aa35-97c12a2f72a3@group-3F41E8AD953A, cid=720, SUCCESS, logIndex=892, commits[aeb608e6-131f-44e0-aa35-97c12a2f72a3:c892, b6a0d396-0e26-402b-ac58-4f0615a4fad6:c889, 8b17640a-2548-4323-bd97-ba3488877b23:c891]
2019-08-20 11:35:27,988 INFO  client.GrpcClientProtocolClient (GrpcClientProtocolClient.java:onNext(255)) - client-FC58CAF12498->aeb608e6-131f-44e0-aa35-97c12a2f72a3: receive RaftClientReply:client-FC58CAF12498->aeb608e6-131f-44e0-aa35-97c12a2f72a3@group-3F41E8AD953A, cid=721, SUCCESS, logIndex=893, commits[aeb608e6-131f-44e0-aa35-97c12a2f72a3:c893, b6a0d396-0e26-402b-ac58-4f0615a4fad6:c891, 8b17640a-2548-4323-bd97-ba3488877b23:c891]
2019-08-20 11:35:27,999 INFO  client.GrpcClientProtocolClient (GrpcClientProtocolClient.java:onNext(255)) - client-FC58CAF12498->aeb608e6-131f-44e0-aa35-97c12a2f72a3: receive RaftClientReply:client-FC58CAF12498->aeb608e6-131f-44e0-aa35-97c12a2f72a3@group-3F41E8AD953A, cid=722, SUCCESS, logIndex=894, commits[aeb608e6-131f-44e0-aa35-97c12a2f72a3:c895, b6a0d396-0e26-402b-ac58-4f0615a4fad6:c891, 8b17640a-2548-4323-bd97-ba3488877b23:c891]
2019-08-20 11:35:28,000 INFO  client.GrpcClientProtocolClient (GrpcClientProtocolClient.java:onNext(255)) - client-FC58CAF12498->aeb608e6-131f-44e0-aa35-97c12a2f72a3: receive RaftClientReply:client-FC58CAF12498->aeb608e6-131f-44e0-aa35-97c12a2f72a3@group-3F41E8AD953A, cid=723, SUCCESS, logIndex=895, commits[aeb608e6-131f-44e0-aa35-97c12a2f72a3:c896, b6a0d396-0e26-402b-ac58-4f0615a4fad6:c891, 8b17640a-2548-4323-bd97-ba3488877b23:c893]
2019-08-20 11:35:28,002 INFO  client.GrpcClientProtocolClient (GrpcClientProtocolClient.java:onNext(255)) - client-FC58CAF12498->aeb608e6-131f-44e0-aa35-97c12a2f72a3: receive RaftClientReply:client-FC58CAF12498->aeb608e6-131f-44e0-aa35-97c12a2f72a3@group-3F41E8AD953A, cid=724, SUCCESS, logIndex=0, commits[aeb608e6-131f-44e0-aa35-97c12a2f72a3:c897, b6a0d396-0e26-402b-ac58-4f0615a4fad6:c893, 8b17640a-2548-4323-bd97-ba3488877b23:c893]
2019-08-20 11:35:28,026 INFO  client.GrpcClientProtocolClient (GrpcClientProtocolClient.java:onNext(255)) - client-FC58CAF12498->aeb608e6-131f-44e0-aa35-97c12a2f72a3: receive RaftClientReply:client-FC58CAF12498->aeb608e6-131f-44e0-aa35-97c12a2f72a3@group-3F41E8AD953A, cid=725, SUCCESS, logIndex=900, commits[aeb608e6-131f-44e0-aa35-97c12a2f72a3:c901, b6a0d396-0e26-402b-ac58-4f0615a4fad6:c899, 8b17640a-2548-4323-bd97-ba3488877b23:c899]
2019-08-20 11:35:28,027 INFO  client.GrpcClientProtocolClient (GrpcClientProtocolClient.java:onNext(255)) - client-FC58CAF12498->aeb608e6-131f-44e0-aa35-97c12a2f72a3: receive RaftClientReply:client-FC58CAF12498->aeb608e6-131f-44e0-aa35-97c12a2f72a3@group-3F41E8AD953A, cid=726, SUCCESS, logIndex=901, commits[aeb608e6-131f-44e0-aa35-97c12a2f72a3:c901, b6a0d396-0e26-402b-ac58-4f0615a4fad6:c899, 8b17640a-2548-4323-bd97-ba3488877b23:c899]
2019-08-20 11:35:28,053 INFO  client.GrpcClientProtocolClient (GrpcClientProtocolClient.java:onNext(255)) - client-FC58CAF12498->aeb608e6-131f-44e0-aa35-97c12a2f72a3: receive RaftClientReply:client-FC58CAF12498->aeb608e6-131f-44e0-aa35-97c12a2f72a3@group-3F41E8AD953A, cid=727, SUCCESS, logIndex=904, commits[aeb608e6-131f-44e0-aa35-97c12a2f72a3:c905, b6a0d396-0e26-402b-ac58-4f0615a4fad6:c901, 8b17640a-2548-4323-bd97-ba3488877b23:c901]
2019-08-20 11:35:28,054 INFO  client.GrpcClientProtocolClient (GrpcClientProtocolClient.java:onNext(255)) - client-FC58CAF12498->aeb608e6-131f-44e0-aa35-97c12a2f72a3: receive RaftClientReply:client-FC58CAF12498->aeb608e6-131f-44e0-aa35-97c12a2f72a3@group-3F41E8AD953A, cid=728, SUCCESS, logIndex=905, commits[aeb608e6-131f-44e0-aa35-97c12a2f72a3:c905, b6a0d396-0e26-402b-ac58-4f0615a4fad6:c901, 8b17640a-2548-4323-bd97-ba3488877b23:c901]
2019-08-20 11:35:28,066 INFO  client.GrpcClientProtocolClient (GrpcClientProtocolClient.java:onNext(255)) - client-FC58CAF12498->aeb608e6-131f-44e0-aa35-97c12a2f72a3: receive RaftClientReply:client-FC58CAF12498->aeb608e6-131f-44e0-aa35-97c12a2f72a3@group-3F41E8AD953A, cid=729, SUCCESS, logIndex=0, commits[aeb608e6-131f-44e0-aa35-97c12a2f72a3:c907, b6a0d396-0e26-402b-ac58-4f0615a4fad6:c905, 8b17640a-2548-4323-bd97-ba3488877b23:c905]
2019-08-20 11:35:28,092 INFO  client.GrpcClientProtocolClient (GrpcClientProtocolClient.java:onNext(255)) - client-FC58CAF12498->aeb608e6-131f-44e0-aa35-97c12a2f72a3: receive RaftClientReply:client-FC58CAF12498->aeb608e6-131f-44e0-aa35-97c12a2f72a3@group-3F41E8AD953A, cid=730, SUCCESS, logIndex=908, commits[aeb608e6-131f-44e0-aa35-97c12a2f72a3:c908, b6a0d396-0e26-402b-ac58-4f0615a4fad6:c907, 8b17640a-2548-4323-bd97-ba3488877b23:c907]
2019-08-20 11:35:28,093 INFO  client.GrpcClientProtocolClient (GrpcClientProtocolClient.java:onNext(255)) - client-FC58CAF12498->aeb608e6-131f-44e0-aa35-97c12a2f72a3: receive RaftClientReply:client-FC58CAF12498->aeb608e6-131f-44e0-aa35-97c12a2f72a3@group-3F41E8AD953A, cid=731, SUCCESS, logIndex=909, commits[aeb608e6-131f-44e0-aa35-97c12a2f72a3:c911, b6a0d396-0e26-402b-ac58-4f0615a4fad6:c907, 8b17640a-2548-4323-bd97-ba3488877b23:c907]
2019-08-20 11:35:28,094 INFO  client.GrpcClientProtocolClient (GrpcClientProtocolClient.java:onNext(255)) - client-FC58CAF12498->aeb608e6-131f-44e0-aa35-97c12a2f72a3: receive RaftClientReply:client-FC58CAF12498->aeb608e6-131f-44e0-aa35-97c12a2f72a3@group-3F41E8AD953A, cid=732, SUCCESS, logIndex=910, commits[aeb608e6-131f-44e0-aa35-97c12a2f72a3:c911, b6a0d396-0e26-402b-ac58-4f0615a4fad6:c907, 8b17640a-2548-4323-bd97-ba3488877b23:c907]
2019-08-20 11:35:28,094 INFO  client.GrpcClientProtocolClient (GrpcClientProtocolClient.java:onNext(255)) - client-FC58CAF12498->aeb608e6-131f-44e0-aa35-97c12a2f72a3: receive RaftClientReply:client-FC58CAF12498->aeb608e6-131f-44e0-aa35-97c12a2f72a3@group-3F41E8AD953A, cid=733, SUCCESS, logIndex=911, commits[aeb608e6-131f-44e0-aa35-97c12a2f72a3:c911, b6a0d396-0e26-402b-ac58-4f0615a4fad6:c907, 8b17640a-2548-4323-bd97-ba3488877b23:c907]
2019-08-20 11:35:28,096 INFO  client.GrpcClientProtocolClient (GrpcClientProtocolClient.java:onNext(255)) - client-FC58CAF12498->aeb608e6-131f-44e0-aa35-97c12a2f72a3: receive RaftClientReply:client-FC58CAF12498->aeb608e6-131f-44e0-aa35-97c12a2f72a3@group-3F41E8AD953A, cid=734, SUCCESS, logIndex=0, commits[aeb608e6-131f-44e0-aa35-97c12a2f72a3:c915, b6a0d396-0e26-402b-ac58-4f0615a4fad6:c911, 8b17640a-2548-4323-bd97-ba3488877b23:c911]
2019-08-20 11:35:28,119 INFO  client.GrpcClientProtocolClient (GrpcClientProtocolClient.java:onNext(255)) - client-FC58CAF12498->aeb608e6-131f-44e0-aa35-97c12a2f72a3: receive RaftClientReply:client-FC58CAF12498->aeb608e6-131f-44e0-aa35-97c12a2f72a3@group-3F41E8AD953A, cid=735, SUCCESS, logIndex=916, commits[aeb608e6-131f-44e0-aa35-97c12a2f72a3:c917, b6a0d396-0e26-402b-ac58-4f0615a4fad6:c915, 8b17640a-2548-4323-bd97-ba3488877b23:c915]
2019-08-20 11:35:28,119 INFO  client.GrpcClientProtocolClient (GrpcClientProtocolClient.java:onNext(255)) - client-FC58CAF12498->aeb608e6-131f-44e0-aa35-97c12a2f72a3: receive RaftClientReply:client-FC58CAF12498->aeb608e6-131f-44e0-aa35-97c12a2f72a3@group-3F41E8AD953A, cid=736, SUCCESS, logIndex=917, commits[aeb608e6-131f-44e0-aa35-97c12a2f72a3:c917, b6a0d396-0e26-402b-ac58-4f0615a4fad6:c915, 8b17640a-2548-4323-bd97-ba3488877b23:c915]
2019-08-20 11:35:28,149 INFO  client.GrpcClientProtocolClient (GrpcClientProtocolClient.java:onNext(255)) - client-FC58CAF12498->aeb608e6-131f-44e0-aa35-97c12a2f72a3: receive RaftClientReply:client-FC58CAF12498->aeb608e6-131f-44e0-aa35-97c12a2f72a3@group-3F41E8AD953A, cid=737, SUCCESS, logIndex=920, commits[aeb608e6-131f-44e0-aa35-97c12a2f72a3:c921, b6a0d396-0e26-402b-ac58-4f0615a4fad6:c917, 8b17640a-2548-4323-bd97-ba3488877b23:c917]
2019-08-20 11:35:28,149 INFO  client.GrpcClientProtocolClient (GrpcClientProtocolClient.java:onNext(255)) - client-FC58CAF12498->aeb608e6-131f-44e0-aa35-97c12a2f72a3: receive RaftClientReply:client-FC58CAF12498->aeb608e6-131f-44e0-aa35-97c12a2f72a3@group-3F41E8AD953A, cid=738, SUCCESS, logIndex=921, commits[aeb608e6-131f-44e0-aa35-97c12a2f72a3:c921, b6a0d396-0e26-402b-ac58-4f0615a4fad6:c917, 8b17640a-2548-4323-bd97-ba3488877b23:c917]
2019-08-20 11:35:28,160 INFO  client.GrpcClientProtocolClient (GrpcClientProtocolClient.java:onNext(255)) - client-FC58CAF12498->aeb608e6-131f-44e0-aa35-97c12a2f72a3: receive RaftClientReply:client-FC58CAF12498->aeb608e6-131f-44e0-aa35-97c12a2f72a3@group-3F41E8AD953A, cid=739, SUCCESS, logIndex=0, commits[aeb608e6-131f-44e0-aa35-97c12a2f72a3:c922, b6a0d396-0e26-402b-ac58-4f0615a4fad6:c921, 8b17640a-2548-4323-bd97-ba3488877b23:c921]
2019-08-20 11:35:28,180 INFO  client.GrpcClientProtocolClient (GrpcClientProtocolClient.java:onNext(255)) - client-FC58CAF12498->aeb608e6-131f-44e0-aa35-97c12a2f72a3: receive RaftClientReply:client-FC58CAF12498->aeb608e6-131f-44e0-aa35-97c12a2f72a3@group-3F41E8AD953A, cid=740, SUCCESS, logIndex=924, commits[aeb608e6-131f-44e0-aa35-97c12a2f72a3:c926, b6a0d396-0e26-402b-ac58-4f0615a4fad6:c923, 8b17640a-2548-4323-bd97-ba3488877b23:c923]
2019-08-20 11:35:28,180 INFO  client.GrpcClientProtocolClient (GrpcClientProtocolClient.java:onNext(255)) - client-FC58CAF12498->aeb608e6-131f-44e0-aa35-97c12a2f72a3: receive RaftClientReply:client-FC58CAF12498->aeb608e6-131f-44e0-aa35-97c12a2f72a3@group-3F41E8AD953A, cid=741, SUCCESS, logIndex=925, commits[aeb608e6-131f-44e0-aa35-97c12a2f72a3:c927, b6a0d396-0e26-402b-ac58-4f0615a4fad6:c923, 8b17640a-2548-4323-bd97-ba3488877b23:c923]
2019-08-20 11:35:28,181 INFO  client.GrpcClientProtocolClient (GrpcClientProtocolClient.java:onNext(255)) - client-FC58CAF12498->aeb608e6-131f-44e0-aa35-97c12a2f72a3: receive RaftClientReply:client-FC58CAF12498->aeb608e6-131f-44e0-aa35-97c12a2f72a3@group-3F41E8AD953A, cid=742, SUCCESS, logIndex=926, commits[aeb608e6-131f-44e0-aa35-97c12a2f72a3:c927, b6a0d396-0e26-402b-ac58-4f0615a4fad6:c923, 8b17640a-2548-4323-bd97-ba3488877b23:c923]
2019-08-20 11:35:28,181 INFO  client.GrpcClientProtocolClient (GrpcClientProtocolClient.java:onNext(255)) - client-FC58CAF12498->aeb608e6-131f-44e0-aa35-97c12a2f72a3: receive RaftClientReply:client-FC58CAF12498->aeb608e6-131f-44e0-aa35-97c12a2f72a3@group-3F41E8AD953A, cid=743, SUCCESS, logIndex=927, commits[aeb608e6-131f-44e0-aa35-97c12a2f72a3:c928, b6a0d396-0e26-402b-ac58-4f0615a4fad6:c923, 8b17640a-2548-4323-bd97-ba3488877b23:c924]
2019-08-20 11:35:28,183 INFO  client.GrpcClientProtocolClient (GrpcClientProtocolClient.java:onNext(255)) - client-FC58CAF12498->aeb608e6-131f-44e0-aa35-97c12a2f72a3: receive RaftClientReply:client-FC58CAF12498->aeb608e6-131f-44e0-aa35-97c12a2f72a3@group-3F41E8AD953A, cid=744, SUCCESS, logIndex=0, commits[aeb608e6-131f-44e0-aa35-97c12a2f72a3:c931, b6a0d396-0e26-402b-ac58-4f0615a4fad6:c925, 8b17640a-2548-4323-bd97-ba3488877b23:c927]
2019-08-20 11:35:28,204 INFO  client.GrpcClientProtocolClient (GrpcClientProtocolClient.java:onNext(255)) - client-FC58CAF12498->aeb608e6-131f-44e0-aa35-97c12a2f72a3: receive RaftClientReply:client-FC58CAF12498->aeb608e6-131f-44e0-aa35-97c12a2f72a3@group-3F41E8AD953A, cid=745, SUCCESS, logIndex=932, commits[aeb608e6-131f-44e0-aa35-97c12a2f72a3:c933, b6a0d396-0e26-402b-ac58-4f0615a4fad6:c931, 8b17640a-2548-4323-bd97-ba3488877b23:c931]
2019-08-20 11:35:28,204 INFO  client.GrpcClientProtocolClient (GrpcClientProtocolClient.java:onNext(255)) - client-FC58CAF12498->aeb608e6-131f-44e0-aa35-97c12a2f72a3: receive RaftClientReply:client-FC58CAF12498->aeb608e6-131f-44e0-aa35-97c12a2f72a3@group-3F41E8AD953A, cid=746, SUCCESS, logIndex=933, commits[aeb608e6-131f-44e0-aa35-97c12a2f72a3:c933, b6a0d396-0e26-402b-ac58-4f0615a4fad6:c931, 8b17640a-2548-4323-bd97-ba3488877b23:c931]
2019-08-20 11:35:28,227 INFO  client.GrpcClientProtocolClient (GrpcClientProtocolClient.java:onNext(255)) - client-FC58CAF12498->aeb608e6-131f-44e0-aa35-97c12a2f72a3: receive RaftClientReply:client-FC58CAF12498->aeb608e6-131f-44e0-aa35-97c12a2f72a3@group-3F41E8AD953A, cid=747, SUCCESS, logIndex=936, commits[aeb608e6-131f-44e0-aa35-97c12a2f72a3:c937, b6a0d396-0e26-402b-ac58-4f0615a4fad6:c933, 8b17640a-2548-4323-bd97-ba3488877b23:c933]
2019-08-20 11:35:28,228 INFO  client.GrpcClientProtocolClient (GrpcClientProtocolClient.java:onNext(255)) - client-FC58CAF12498->aeb608e6-131f-44e0-aa35-97c12a2f72a3: receive RaftClientReply:client-FC58CAF12498->aeb608e6-131f-44e0-aa35-97c12a2f72a3@group-3F41E8AD953A, cid=748, SUCCESS, logIndex=937, commits[aeb608e6-131f-44e0-aa35-97c12a2f72a3:c937, b6a0d396-0e26-402b-ac58-4f0615a4fad6:c933, 8b17640a-2548-4323-bd97-ba3488877b23:c933]
2019-08-20 11:35:28,239 INFO  client.GrpcClientProtocolClient (GrpcClientProtocolClient.java:onNext(255)) - client-FC58CAF12498->aeb608e6-131f-44e0-aa35-97c12a2f72a3: receive RaftClientReply:client-FC58CAF12498->aeb608e6-131f-44e0-aa35-97c12a2f72a3@group-3F41E8AD953A, cid=749, SUCCESS, logIndex=0, commits[aeb608e6-131f-44e0-aa35-97c12a2f72a3:c939, b6a0d396-0e26-402b-ac58-4f0615a4fad6:c937, 8b17640a-2548-4323-bd97-ba3488877b23:c937]
2019-08-20 11:35:28,260 INFO  client.GrpcClientProtocolClient (GrpcClientProtocolClient.java:onNext(255)) - client-FC58CAF12498->aeb608e6-131f-44e0-aa35-97c12a2f72a3: receive RaftClientReply:client-FC58CAF12498->aeb608e6-131f-44e0-aa35-97c12a2f72a3@group-3F41E8AD953A, cid=750, SUCCESS, logIndex=940, commits[aeb608e6-131f-44e0-aa35-97c12a2f72a3:c941, b6a0d396-0e26-402b-ac58-4f0615a4fad6:c939, 8b17640a-2548-4323-bd97-ba3488877b23:c939]
2019-08-20 11:35:28,261 INFO  client.GrpcClientProtocolClient (GrpcClientProtocolClient.java:onNext(255)) - client-FC58CAF12498->aeb608e6-131f-44e0-aa35-97c12a2f72a3: receive RaftClientReply:client-FC58CAF12498->aeb608e6-131f-44e0-aa35-97c12a2f72a3@group-3F41E8AD953A, cid=751, SUCCESS, logIndex=941, commits[aeb608e6-131f-44e0-aa35-97c12a2f72a3:c941, b6a0d396-0e26-402b-ac58-4f0615a4fad6:c939, 8b17640a-2548-4323-bd97-ba3488877b23:c939]
2019-08-20 11:35:28,262 INFO  client.GrpcClientProtocolClient (GrpcClientProtocolClient.java:onNext(255)) - client-FC58CAF12498->aeb608e6-131f-44e0-aa35-97c12a2f72a3: receive RaftClientReply:client-FC58CAF12498->aeb608e6-131f-44e0-aa35-97c12a2f72a3@group-3F41E8AD953A, cid=752, SUCCESS, logIndex=942, commits[aeb608e6-131f-44e0-aa35-97c12a2f72a3:c943, b6a0d396-0e26-402b-ac58-4f0615a4fad6:c939, 8b17640a-2548-4323-bd97-ba3488877b23:c939]
2019-08-20 11:35:28,262 INFO  client.GrpcClientProtocolClient (GrpcClientProtocolClient.java:onNext(255)) - client-FC58CAF12498->aeb608e6-131f-44e0-aa35-97c12a2f72a3: receive RaftClientReply:client-FC58CAF12498->aeb608e6-131f-44e0-aa35-97c12a2f72a3@group-3F41E8AD953A, cid=753, SUCCESS, logIndex=943, commits[aeb608e6-131f-44e0-aa35-97c12a2f72a3:c944, b6a0d396-0e26-402b-ac58-4f0615a4fad6:c940, 8b17640a-2548-4323-bd97-ba3488877b23:c939]
2019-08-20 11:35:28,264 INFO  client.GrpcClientProtocolClient (GrpcClientProtocolClient.java:onNext(255)) - client-FC58CAF12498->aeb608e6-131f-44e0-aa35-97c12a2f72a3: receive RaftClientReply:client-FC58CAF12498->aeb608e6-131f-44e0-aa35-97c12a2f72a3@group-3F41E8AD953A, cid=754, SUCCESS, logIndex=0, commits[aeb608e6-131f-44e0-aa35-97c12a2f72a3:c945, b6a0d396-0e26-402b-ac58-4f0615a4fad6:c943, 8b17640a-2548-4323-bd97-ba3488877b23:c941]
2019-08-20 11:35:28,284 INFO  client.GrpcClientProtocolClient (GrpcClientProtocolClient.java:onNext(255)) - client-FC58CAF12498->aeb608e6-131f-44e0-aa35-97c12a2f72a3: receive RaftClientReply:client-FC58CAF12498->aeb608e6-131f-44e0-aa35-97c12a2f72a3@group-3F41E8AD953A, cid=755, SUCCESS, logIndex=948, commits[aeb608e6-131f-44e0-aa35-97c12a2f72a3:c949, b6a0d396-0e26-402b-ac58-4f0615a4fad6:c947, 8b17640a-2548-4323-bd97-ba3488877b23:c947]
2019-08-20 11:35:28,285 INFO  client.GrpcClientProtocolClient (GrpcClientProtocolClient.java:onNext(255)) - client-FC58CAF12498->aeb608e6-131f-44e0-aa35-97c12a2f72a3: receive RaftClientReply:client-FC58CAF12498->aeb608e6-131f-44e0-aa35-97c12a2f72a3@group-3F41E8AD953A, cid=756, SUCCESS, logIndex=949, commits[aeb608e6-131f-44e0-aa35-97c12a2f72a3:c949, b6a0d396-0e26-402b-ac58-4f0615a4fad6:c947, 8b17640a-2548-4323-bd97-ba3488877b23:c947]
2019-08-20 11:35:28,298 INFO  client.GrpcClientProtocolClient (GrpcClientProtocolClient.java:onNext(255)) - client-FC58CAF12498->aeb608e6-131f-44e0-aa35-97c12a2f72a3: receive RaftClientReply:client-FC58CAF12498->aeb608e6-131f-44e0-aa35-97c12a2f72a3@group-3F41E8AD953A, cid=757, SUCCESS, logIndex=952, commits[aeb608e6-131f-44e0-aa35-97c12a2f72a3:c953, b6a0d396-0e26-402b-ac58-4f0615a4fad6:c949, 8b17640a-2548-4323-bd97-ba3488877b23:c949]
2019-08-20 11:35:28,298 INFO  client.GrpcClientProtocolClient (GrpcClientProtocolClient.java:onNext(255)) - client-FC58CAF12498->aeb608e6-131f-44e0-aa35-97c12a2f72a3: receive RaftClientReply:client-FC58CAF12498->aeb608e6-131f-44e0-aa35-97c12a2f72a3@group-3F41E8AD953A, cid=758, SUCCESS, logIndex=953, commits[aeb608e6-131f-44e0-aa35-97c12a2f72a3:c953, b6a0d396-0e26-402b-ac58-4f0615a4fad6:c949, 8b17640a-2548-4323-bd97-ba3488877b23:c949]
 0.00% |█                                                                                                    |  0/1 Time: 0:00:022019-08-20 11:35:28,318 INFO  client.GrpcClientProtocolClient (GrpcClientProtocolClient.java:onNext(255)) - client-FC58CAF12498->aeb608e6-131f-44e0-aa35-97c12a2f72a3: receive RaftClientReply:client-FC58CAF12498->aeb608e6-131f-44e0-aa35-97c12a2f72a3@group-3F41E8AD953A, cid=759, SUCCESS, logIndex=0, commits[aeb608e6-131f-44e0-aa35-97c12a2f72a3:c954, b6a0d396-0e26-402b-ac58-4f0615a4fad6:c953, 8b17640a-2548-4323-bd97-ba3488877b23:c953]
2019-08-20 11:35:28,339 INFO  client.GrpcClientProtocolClient (GrpcClientProtocolClient.java:onNext(255)) - client-FC58CAF12498->aeb608e6-131f-44e0-aa35-97c12a2f72a3: receive RaftClientReply:client-FC58CAF12498->aeb608e6-131f-44e0-aa35-97c12a2f72a3@group-3F41E8AD953A, cid=760, SUCCESS, logIndex=956, commits[aeb608e6-131f-44e0-aa35-97c12a2f72a3:c957, b6a0d396-0e26-402b-ac58-4f0615a4fad6:c955, 8b17640a-2548-4323-bd97-ba3488877b23:c955]
2019-08-20 11:35:28,340 INFO  client.GrpcClientProtocolClient (GrpcClientProtocolClient.java:onNext(255)) - client-FC58CAF12498->aeb608e6-131f-44e0-aa35-97c12a2f72a3: receive RaftClientReply:client-FC58CAF12498->aeb608e6-131f-44e0-aa35-97c12a2f72a3@group-3F41E8AD953A, cid=761, SUCCESS, logIndex=957, commits[aeb608e6-131f-44e0-aa35-97c12a2f72a3:c957, b6a0d396-0e26-402b-ac58-4f0615a4fad6:c955, 8b17640a-2548-4323-bd97-ba3488877b23:c955]
2019-08-20 11:35:28,340 INFO  client.GrpcClientProtocolClient (GrpcClientProtocolClient.java:onNext(255)) - client-FC58CAF12498->aeb608e6-131f-44e0-aa35-97c12a2f72a3: receive RaftClientReply:client-FC58CAF12498->aeb608e6-131f-44e0-aa35-97c12a2f72a3@group-3F41E8AD953A, cid=762, SUCCESS, logIndex=958, commits[aeb608e6-131f-44e0-aa35-97c12a2f72a3:c958, b6a0d396-0e26-402b-ac58-4f0615a4fad6:c955, 8b17640a-2548-4323-bd97-ba3488877b23:c955]
2019-08-20 11:35:28,341 INFO  client.GrpcClientProtocolClient (GrpcClientProtocolClient.java:onNext(255)) - client-FC58CAF12498->aeb608e6-131f-44e0-aa35-97c12a2f72a3: receive RaftClientReply:client-FC58CAF12498->aeb608e6-131f-44e0-aa35-97c12a2f72a3@group-3F41E8AD953A, cid=763, SUCCESS, logIndex=959, commits[aeb608e6-131f-44e0-aa35-97c12a2f72a3:c959, b6a0d396-0e26-402b-ac58-4f0615a4fad6:c955, 8b17640a-2548-4323-bd97-ba3488877b23:c955]
2019-08-20 11:35:28,342 INFO  client.GrpcClientProtocolClient (GrpcClientProtocolClient.java:onNext(255)) - client-FC58CAF12498->aeb608e6-131f-44e0-aa35-97c12a2f72a3: receive RaftClientReply:client-FC58CAF12498->aeb608e6-131f-44e0-aa35-97c12a2f72a3@group-3F41E8AD953A, cid=764, SUCCESS, logIndex=0, commits[aeb608e6-131f-44e0-aa35-97c12a2f72a3:c962, b6a0d396-0e26-402b-ac58-4f0615a4fad6:c958, 8b17640a-2548-4323-bd97-ba3488877b23:c958]
2019-08-20 11:35:28,363 INFO  client.GrpcClientProtocolClient (GrpcClientProtocolClient.java:onNext(255)) - client-FC58CAF12498->aeb608e6-131f-44e0-aa35-97c12a2f72a3: receive RaftClientReply:client-FC58CAF12498->aeb608e6-131f-44e0-aa35-97c12a2f72a3@group-3F41E8AD953A, cid=765, SUCCESS, logIndex=964, commits[aeb608e6-131f-44e0-aa35-97c12a2f72a3:c965, b6a0d396-0e26-402b-ac58-4f0615a4fad6:c963, 8b17640a-2548-4323-bd97-ba3488877b23:c963]
2019-08-20 11:35:28,363 INFO  client.GrpcClientProtocolClient (GrpcClientProtocolClient.java:onNext(255)) - client-FC58CAF12498->aeb608e6-131f-44e0-aa35-97c12a2f72a3: receive RaftClientReply:client-FC58CAF12498->aeb608e6-131f-44e0-aa35-97c12a2f72a3@group-3F41E8AD953A, cid=766, SUCCESS, logIndex=965, commits[aeb608e6-131f-44e0-aa35-97c12a2f72a3:c965, b6a0d396-0e26-402b-ac58-4f0615a4fad6:c963, 8b17640a-2548-4323-bd97-ba3488877b23:c963]
2019-08-20 11:35:28,384 INFO  client.GrpcClientProtocolClient (GrpcClientProtocolClient.java:onNext(255)) - client-FC58CAF12498->aeb608e6-131f-44e0-aa35-97c12a2f72a3: receive RaftClientReply:client-FC58CAF12498->aeb608e6-131f-44e0-aa35-97c12a2f72a3@group-3F41E8AD953A, cid=767, SUCCESS, logIndex=968, commits[aeb608e6-131f-44e0-aa35-97c12a2f72a3:c968, b6a0d396-0e26-402b-ac58-4f0615a4fad6:c965, 8b17640a-2548-4323-bd97-ba3488877b23:c965]
2019-08-20 11:35:28,384 INFO  client.GrpcClientProtocolClient (GrpcClientProtocolClient.java:onNext(255)) - client-FC58CAF12498->aeb608e6-131f-44e0-aa35-97c12a2f72a3: receive RaftClientReply:client-FC58CAF12498->aeb608e6-131f-44e0-aa35-97c12a2f72a3@group-3F41E8AD953A, cid=768, SUCCESS, logIndex=969, commits[aeb608e6-131f-44e0-aa35-97c12a2f72a3:c969, b6a0d396-0e26-402b-ac58-4f0615a4fad6:c965, 8b17640a-2548-4323-bd97-ba3488877b23:c965]
2019-08-20 11:35:28,389 INFO  client.GrpcClientProtocolClient (GrpcClientProtocolClient.java:onNext(255)) - client-FC58CAF12498->aeb608e6-131f-44e0-aa35-97c12a2f72a3: receive RaftClientReply:client-FC58CAF12498->aeb608e6-131f-44e0-aa35-97c12a2f72a3@group-3F41E8AD953A, cid=769, SUCCESS, logIndex=0, commits[aeb608e6-131f-44e0-aa35-97c12a2f72a3:c971, b6a0d396-0e26-402b-ac58-4f0615a4fad6:c969, 8b17640a-2548-4323-bd97-ba3488877b23:c969]
2019-08-20 11:35:28,414 INFO  client.GrpcClientProtocolClient (GrpcClientProtocolClient.java:onNext(255)) - client-FC58CAF12498->aeb608e6-131f-44e0-aa35-97c12a2f72a3: receive RaftClientReply:client-FC58CAF12498->aeb608e6-131f-44e0-aa35-97c12a2f72a3@group-3F41E8AD953A, cid=770, SUCCESS, logIndex=972, commits[aeb608e6-131f-44e0-aa35-97c12a2f72a3:c973, b6a0d396-0e26-402b-ac58-4f0615a4fad6:c971, 8b17640a-2548-4323-bd97-ba3488877b23:c971]
2019-08-20 11:35:28,415 INFO  client.GrpcClientProtocolClient (GrpcClientProtocolClient.java:onNext(255)) - client-FC58CAF12498->aeb608e6-131f-44e0-aa35-97c12a2f72a3: receive RaftClientReply:client-FC58CAF12498->aeb608e6-131f-44e0-aa35-97c12a2f72a3@group-3F41E8AD953A, cid=771, SUCCESS, logIndex=973, commits[aeb608e6-131f-44e0-aa35-97c12a2f72a3:c975, b6a0d396-0e26-402b-ac58-4f0615a4fad6:c971, 8b17640a-2548-4323-bd97-ba3488877b23:c971]
2019-08-20 11:35:28,415 INFO  client.GrpcClientProtocolClient (GrpcClientProtocolClient.java:onNext(255)) - client-FC58CAF12498->aeb608e6-131f-44e0-aa35-97c12a2f72a3: receive RaftClientReply:client-FC58CAF12498->aeb608e6-131f-44e0-aa35-97c12a2f72a3@group-3F41E8AD953A, cid=772, SUCCESS, logIndex=974, commits[aeb608e6-131f-44e0-aa35-97c12a2f72a3:c975, b6a0d396-0e26-402b-ac58-4f0615a4fad6:c972, 8b17640a-2548-4323-bd97-ba3488877b23:c971]
2019-08-20 11:35:28,416 INFO  client.GrpcClientProtocolClient (GrpcClientProtocolClient.java:onNext(255)) - client-FC58CAF12498->aeb608e6-131f-44e0-aa35-97c12a2f72a3: receive RaftClientReply:client-FC58CAF12498->aeb608e6-131f-44e0-aa35-97c12a2f72a3@group-3F41E8AD953A, cid=773, SUCCESS, logIndex=975, commits[aeb608e6-131f-44e0-aa35-97c12a2f72a3:c976, b6a0d396-0e26-402b-ac58-4f0615a4fad6:c972, 8b17640a-2548-4323-bd97-ba3488877b23:c971]
2019-08-20 11:35:28,427 INFO  client.GrpcClientProtocolClient (GrpcClientProtocolClient.java:onNext(255)) - client-FC58CAF12498->aeb608e6-131f-44e0-aa35-97c12a2f72a3: receive RaftClientReply:client-FC58CAF12498->aeb608e6-131f-44e0-aa35-97c12a2f72a3@group-3F41E8AD953A, cid=774, SUCCESS, logIndex=0, commits[aeb608e6-131f-44e0-aa35-97c12a2f72a3:c978, b6a0d396-0e26-402b-ac58-4f0615a4fad6:c974, 8b17640a-2548-4323-bd97-ba3488877b23:c973]
2019-08-20 11:35:28,446 INFO  client.GrpcClientProtocolClient (GrpcClientProtocolClient.java:onNext(255)) - client-FC58CAF12498->aeb608e6-131f-44e0-aa35-97c12a2f72a3: receive RaftClientReply:client-FC58CAF12498->aeb608e6-131f-44e0-aa35-97c12a2f72a3@group-3F41E8AD953A, cid=775, SUCCESS, logIndex=980, commits[aeb608e6-131f-44e0-aa35-97c12a2f72a3:c981, b6a0d396-0e26-402b-ac58-4f0615a4fad6:c979, 8b17640a-2548-4323-bd97-ba3488877b23:c979]
2019-08-20 11:35:28,447 INFO  client.GrpcClientProtocolClient (GrpcClientProtocolClient.java:onNext(255)) - client-FC58CAF12498->aeb608e6-131f-44e0-aa35-97c12a2f72a3: receive RaftClientReply:client-FC58CAF12498->aeb608e6-131f-44e0-aa35-97c12a2f72a3@group-3F41E8AD953A, cid=776, SUCCESS, logIndex=981, commits[aeb608e6-131f-44e0-aa35-97c12a2f72a3:c981, b6a0d396-0e26-402b-ac58-4f0615a4fad6:c979, 8b17640a-2548-4323-bd97-ba3488877b23:c979]
2019-08-20 11:35:28,466 INFO  client.GrpcClientProtocolClient (GrpcClientProtocolClient.java:onNext(255)) - client-FC58CAF12498->aeb608e6-131f-44e0-aa35-97c12a2f72a3: receive RaftClientReply:client-FC58CAF12498->aeb608e6-131f-44e0-aa35-97c12a2f72a3@group-3F41E8AD953A, cid=777, SUCCESS, logIndex=984, commits[aeb608e6-131f-44e0-aa35-97c12a2f72a3:c985, b6a0d396-0e26-402b-ac58-4f0615a4fad6:c983, 8b17640a-2548-4323-bd97-ba3488877b23:c983]
2019-08-20 11:35:28,467 INFO  client.GrpcClientProtocolClient (GrpcClientProtocolClient.java:onNext(255)) - client-FC58CAF12498->aeb608e6-131f-44e0-aa35-97c12a2f72a3: receive RaftClientReply:client-FC58CAF12498->aeb608e6-131f-44e0-aa35-97c12a2f72a3@group-3F41E8AD953A, cid=778, SUCCESS, logIndex=985, commits[aeb608e6-131f-44e0-aa35-97c12a2f72a3:c985, b6a0d396-0e26-402b-ac58-4f0615a4fad6:c983, 8b17640a-2548-4323-bd97-ba3488877b23:c983]
2019-08-20 11:35:28,485 INFO  client.GrpcClientProtocolClient (GrpcClientProtocolClient.java:onNext(255)) - client-FC58CAF12498->aeb608e6-131f-44e0-aa35-97c12a2f72a3: receive RaftClientReply:client-FC58CAF12498->aeb608e6-131f-44e0-aa35-97c12a2f72a3@group-3F41E8AD953A, cid=779, SUCCESS, logIndex=0, commits[aeb608e6-131f-44e0-aa35-97c12a2f72a3:c986, b6a0d396-0e26-402b-ac58-4f0615a4fad6:c985, 8b17640a-2548-4323-bd97-ba3488877b23:c985]
2019-08-20 11:35:28,507 INFO  client.GrpcClientProtocolClient (GrpcClientProtocolClient.java:onNext(255)) - client-FC58CAF12498->aeb608e6-131f-44e0-aa35-97c12a2f72a3: receive RaftClientReply:client-FC58CAF12498->aeb608e6-131f-44e0-aa35-97c12a2f72a3@group-3F41E8AD953A, cid=780, SUCCESS, logIndex=988, commits[aeb608e6-131f-44e0-aa35-97c12a2f72a3:c989, b6a0d396-0e26-402b-ac58-4f0615a4fad6:c987, 8b17640a-2548-4323-bd97-ba3488877b23:c987]
2019-08-20 11:35:28,508 INFO  client.GrpcClientProtocolClient (GrpcClientProtocolClient.java:onNext(255)) - client-FC58CAF12498->aeb608e6-131f-44e0-aa35-97c12a2f72a3: receive RaftClientReply:client-FC58CAF12498->aeb608e6-131f-44e0-aa35-97c12a2f72a3@group-3F41E8AD953A, cid=781, SUCCESS, logIndex=989, commits[aeb608e6-131f-44e0-aa35-97c12a2f72a3:c989, b6a0d396-0e26-402b-ac58-4f0615a4fad6:c987, 8b17640a-2548-4323-bd97-ba3488877b23:c987]
2019-08-20 11:35:28,508 INFO  client.GrpcClientProtocolClient (GrpcClientProtocolClient.java:onNext(255)) - client-FC58CAF12498->aeb608e6-131f-44e0-aa35-97c12a2f72a3: receive RaftClientReply:client-FC58CAF12498->aeb608e6-131f-44e0-aa35-97c12a2f72a3@group-3F41E8AD953A, cid=782, SUCCESS, logIndex=990, commits[aeb608e6-131f-44e0-aa35-97c12a2f72a3:c991, b6a0d396-0e26-402b-ac58-4f0615a4fad6:c987, 8b17640a-2548-4323-bd97-ba3488877b23:c987]
2019-08-20 11:35:28,509 INFO  client.GrpcClientProtocolClient (GrpcClientProtocolClient.java:onNext(255)) - client-FC58CAF12498->aeb608e6-131f-44e0-aa35-97c12a2f72a3: receive RaftClientReply:client-FC58CAF12498->aeb608e6-131f-44e0-aa35-97c12a2f72a3@group-3F41E8AD953A, cid=783, SUCCESS, logIndex=991, commits[aeb608e6-131f-44e0-aa35-97c12a2f72a3:c991, b6a0d396-0e26-402b-ac58-4f0615a4fad6:c987, 8b17640a-2548-4323-bd97-ba3488877b23:c987]
2019-08-20 11:35:28,510 INFO  client.GrpcClientProtocolClient (GrpcClientProtocolClient.java:onNext(255)) - client-FC58CAF12498->aeb608e6-131f-44e0-aa35-97c12a2f72a3: receive RaftClientReply:client-FC58CAF12498->aeb608e6-131f-44e0-aa35-97c12a2f72a3@group-3F41E8AD953A, cid=784, SUCCESS, logIndex=0, commits[aeb608e6-131f-44e0-aa35-97c12a2f72a3:c995, b6a0d396-0e26-402b-ac58-4f0615a4fad6:c991, 8b17640a-2548-4323-bd97-ba3488877b23:c990]
2019-08-20 11:35:28,532 INFO  client.GrpcClientProtocolClient (GrpcClientProtocolClient.java:onNext(255)) - client-FC58CAF12498->aeb608e6-131f-44e0-aa35-97c12a2f72a3: receive RaftClientReply:client-FC58CAF12498->aeb608e6-131f-44e0-aa35-97c12a2f72a3@group-3F41E8AD953A, cid=785, SUCCESS, logIndex=996, commits[aeb608e6-131f-44e0-aa35-97c12a2f72a3:c997, b6a0d396-0e26-402b-ac58-4f0615a4fad6:c995, 8b17640a-2548-4323-bd97-ba3488877b23:c995]
2019-08-20 11:35:28,533 INFO  client.GrpcClientProtocolClient (GrpcClientProtocolClient.java:onNext(255)) - client-FC58CAF12498->aeb608e6-131f-44e0-aa35-97c12a2f72a3: receive RaftClientReply:client-FC58CAF12498->aeb608e6-131f-44e0-aa35-97c12a2f72a3@group-3F41E8AD953A, cid=786, SUCCESS, logIndex=997, commits[aeb608e6-131f-44e0-aa35-97c12a2f72a3:c997, b6a0d396-0e26-402b-ac58-4f0615a4fad6:c995, 8b17640a-2548-4323-bd97-ba3488877b23:c995]
2019-08-20 11:35:28,554 INFO  client.GrpcClientProtocolClient (GrpcClientProtocolClient.java:onNext(255)) - client-FC58CAF12498->aeb608e6-131f-44e0-aa35-97c12a2f72a3: receive RaftClientReply:client-FC58CAF12498->aeb608e6-131f-44e0-aa35-97c12a2f72a3@group-3F41E8AD953A, cid=787, SUCCESS, logIndex=1000, commits[aeb608e6-131f-44e0-aa35-97c12a2f72a3:c1001, b6a0d396-0e26-402b-ac58-4f0615a4fad6:c999, 8b17640a-2548-4323-bd97-ba3488877b23:c999]
2019-08-20 11:35:28,555 INFO  client.GrpcClientProtocolClient (GrpcClientProtocolClient.java:onNext(255)) - client-FC58CAF12498->aeb608e6-131f-44e0-aa35-97c12a2f72a3: receive RaftClientReply:client-FC58CAF12498->aeb608e6-131f-44e0-aa35-97c12a2f72a3@group-3F41E8AD953A, cid=788, SUCCESS, logIndex=1001, commits[aeb608e6-131f-44e0-aa35-97c12a2f72a3:c1001, b6a0d396-0e26-402b-ac58-4f0615a4fad6:c999, 8b17640a-2548-4323-bd97-ba3488877b23:c999]
2019-08-20 11:35:28,567 INFO  client.GrpcClientProtocolClient (GrpcClientProtocolClient.java:onNext(255)) - client-FC58CAF12498->aeb608e6-131f-44e0-aa35-97c12a2f72a3: receive RaftClientReply:client-FC58CAF12498->aeb608e6-131f-44e0-aa35-97c12a2f72a3@group-3F41E8AD953A, cid=789, SUCCESS, logIndex=0, commits[aeb608e6-131f-44e0-aa35-97c12a2f72a3:c1003, b6a0d396-0e26-402b-ac58-4f0615a4fad6:c1001, 8b17640a-2548-4323-bd97-ba3488877b23:c1001]
2019-08-20 11:35:28,589 INFO  client.GrpcClientProtocolClient (GrpcClientProtocolClient.java:onNext(255)) - client-FC58CAF12498->aeb608e6-131f-44e0-aa35-97c12a2f72a3: receive RaftClientReply:client-FC58CAF12498->aeb608e6-131f-44e0-aa35-97c12a2f72a3@group-3F41E8AD953A, cid=790, SUCCESS, logIndex=1004, commits[aeb608e6-131f-44e0-aa35-97c12a2f72a3:c1005, b6a0d396-0e26-402b-ac58-4f0615a4fad6:c1003, 8b17640a-2548-4323-bd97-ba3488877b23:c1003]
2019-08-20 11:35:28,590 INFO  client.GrpcClientProtocolClient (GrpcClientProtocolClient.java:onNext(255)) - client-FC58CAF12498->aeb608e6-131f-44e0-aa35-97c12a2f72a3: receive RaftClientReply:client-FC58CAF12498->aeb608e6-131f-44e0-aa35-97c12a2f72a3@group-3F41E8AD953A, cid=791, SUCCESS, logIndex=1005, commits[aeb608e6-131f-44e0-aa35-97c12a2f72a3:c1005, b6a0d396-0e26-402b-ac58-4f0615a4fad6:c1003, 8b17640a-2548-4323-bd97-ba3488877b23:c1003]
2019-08-20 11:35:28,590 INFO  client.GrpcClientProtocolClient (GrpcClientProtocolClient.java:onNext(255)) - client-FC58CAF12498->aeb608e6-131f-44e0-aa35-97c12a2f72a3: receive RaftClientReply:client-FC58CAF12498->aeb608e6-131f-44e0-aa35-97c12a2f72a3@group-3F41E8AD953A, cid=792, SUCCESS, logIndex=1006, commits[aeb608e6-131f-44e0-aa35-97c12a2f72a3:c1007, b6a0d396-0e26-402b-ac58-4f0615a4fad6:c1003, 8b17640a-2548-4323-bd97-ba3488877b23:c1003]
2019-08-20 11:35:28,590 INFO  client.GrpcClientProtocolClient (GrpcClientProtocolClient.java:onNext(255)) - client-FC58CAF12498->aeb608e6-131f-44e0-aa35-97c12a2f72a3: receive RaftClientReply:client-FC58CAF12498->aeb608e6-131f-44e0-aa35-97c12a2f72a3@group-3F41E8AD953A, cid=793, SUCCESS, logIndex=1007, commits[aeb608e6-131f-44e0-aa35-97c12a2f72a3:c1007, b6a0d396-0e26-402b-ac58-4f0615a4fad6:c1003, 8b17640a-2548-4323-bd97-ba3488877b23:c1003]
2019-08-20 11:35:28,592 INFO  client.GrpcClientProtocolClient (GrpcClientProtocolClient.java:onNext(255)) - client-FC58CAF12498->aeb608e6-131f-44e0-aa35-97c12a2f72a3: receive RaftClientReply:client-FC58CAF12498->aeb608e6-131f-44e0-aa35-97c12a2f72a3@group-3F41E8AD953A, cid=794, SUCCESS, logIndex=0, commits[aeb608e6-131f-44e0-aa35-97c12a2f72a3:c1009, b6a0d396-0e26-402b-ac58-4f0615a4fad6:c1005, 8b17640a-2548-4323-bd97-ba3488877b23:c1005]
2019-08-20 11:35:28,612 INFO  client.GrpcClientProtocolClient (GrpcClientProtocolClient.java:onNext(255)) - client-FC58CAF12498->aeb608e6-131f-44e0-aa35-97c12a2f72a3: receive RaftClientReply:client-FC58CAF12498->aeb608e6-131f-44e0-aa35-97c12a2f72a3@group-3F41E8AD953A, cid=795, SUCCESS, logIndex=1012, commits[aeb608e6-131f-44e0-aa35-97c12a2f72a3:c1013, b6a0d396-0e26-402b-ac58-4f0615a4fad6:c1011, 8b17640a-2548-4323-bd97-ba3488877b23:c1011]
2019-08-20 11:35:28,613 INFO  client.GrpcClientProtocolClient (GrpcClientProtocolClient.java:onNext(255)) - client-FC58CAF12498->aeb608e6-131f-44e0-aa35-97c12a2f72a3: receive RaftClientReply:client-FC58CAF12498->aeb608e6-131f-44e0-aa35-97c12a2f72a3@group-3F41E8AD953A, cid=796, SUCCESS, logIndex=1013, commits[aeb608e6-131f-44e0-aa35-97c12a2f72a3:c1013, b6a0d396-0e26-402b-ac58-4f0615a4fad6:c1011, 8b17640a-2548-4323-bd97-ba3488877b23:c1011]
2019-08-20 11:35:28,638 INFO  client.GrpcClientProtocolClient (GrpcClientProtocolClient.java:onNext(255)) - client-FC58CAF12498->aeb608e6-131f-44e0-aa35-97c12a2f72a3: receive RaftClientReply:client-FC58CAF12498->aeb608e6-131f-44e0-aa35-97c12a2f72a3@group-3F41E8AD953A, cid=797, SUCCESS, logIndex=1016, commits[aeb608e6-131f-44e0-aa35-97c12a2f72a3:c1017, b6a0d396-0e26-402b-ac58-4f0615a4fad6:c1013, 8b17640a-2548-4323-bd97-ba3488877b23:c1013]
2019-08-20 11:35:28,639 INFO  client.GrpcClientProtocolClient (GrpcClientProtocolClient.java:onNext(255)) - client-FC58CAF12498->aeb608e6-131f-44e0-aa35-97c12a2f72a3: receive RaftClientReply:client-FC58CAF12498->aeb608e6-131f-44e0-aa35-97c12a2f72a3@group-3F41E8AD953A, cid=798, SUCCESS, logIndex=1017, commits[aeb608e6-131f-44e0-aa35-97c12a2f72a3:c1017, b6a0d396-0e26-402b-ac58-4f0615a4fad6:c1013, 8b17640a-2548-4323-bd97-ba3488877b23:c1013]
2019-08-20 11:35:28,641 INFO  client.GrpcClientProtocolClient (GrpcClientProtocolClient.java:onNext(255)) - client-FC58CAF12498->aeb608e6-131f-44e0-aa35-97c12a2f72a3: receive RaftClientReply:client-FC58CAF12498->aeb608e6-131f-44e0-aa35-97c12a2f72a3@group-3F41E8AD953A, cid=799, SUCCESS, logIndex=0, commits[aeb608e6-131f-44e0-aa35-97c12a2f72a3:c1018, b6a0d396-0e26-402b-ac58-4f0615a4fad6:c1017, 8b17640a-2548-4323-bd97-ba3488877b23:c1017]
2019-08-20 11:35:28,662 INFO  client.GrpcClientProtocolClient (GrpcClientProtocolClient.java:onNext(255)) - client-FC58CAF12498->aeb608e6-131f-44e0-aa35-97c12a2f72a3: receive RaftClientReply:client-FC58CAF12498->aeb608e6-131f-44e0-aa35-97c12a2f72a3@group-3F41E8AD953A, cid=800, SUCCESS, logIndex=1020, commits[aeb608e6-131f-44e0-aa35-97c12a2f72a3:c1022, b6a0d396-0e26-402b-ac58-4f0615a4fad6:c1019, 8b17640a-2548-4323-bd97-ba3488877b23:c1019]
2019-08-20 11:35:28,663 INFO  client.GrpcClientProtocolClient (GrpcClientProtocolClient.java:onNext(255)) - client-FC58CAF12498->aeb608e6-131f-44e0-aa35-97c12a2f72a3: receive RaftClientReply:client-FC58CAF12498->aeb608e6-131f-44e0-aa35-97c12a2f72a3@group-3F41E8AD953A, cid=801, SUCCESS, logIndex=1021, commits[aeb608e6-131f-44e0-aa35-97c12a2f72a3:c1023, b6a0d396-0e26-402b-ac58-4f0615a4fad6:c1019, 8b17640a-2548-4323-bd97-ba3488877b23:c1019]
2019-08-20 11:35:28,663 INFO  client.GrpcClientProtocolClient (GrpcClientProtocolClient.java:onNext(255)) - client-FC58CAF12498->aeb608e6-131f-44e0-aa35-97c12a2f72a3: receive RaftClientReply:client-FC58CAF12498->aeb608e6-131f-44e0-aa35-97c12a2f72a3@group-3F41E8AD953A, cid=802, SUCCESS, logIndex=1022, commits[aeb608e6-131f-44e0-aa35-97c12a2f72a3:c1023, b6a0d396-0e26-402b-ac58-4f0615a4fad6:c1019, 8b17640a-2548-4323-bd97-ba3488877b23:c1019]
2019-08-20 11:35:28,663 INFO  client.GrpcClientProtocolClient (GrpcClientProtocolClient.java:onNext(255)) - client-FC58CAF12498->aeb608e6-131f-44e0-aa35-97c12a2f72a3: receive RaftClientReply:client-FC58CAF12498->aeb608e6-131f-44e0-aa35-97c12a2f72a3@group-3F41E8AD953A, cid=803, SUCCESS, logIndex=1023, commits[aeb608e6-131f-44e0-aa35-97c12a2f72a3:c1023, b6a0d396-0e26-402b-ac58-4f0615a4fad6:c1019, 8b17640a-2548-4323-bd97-ba3488877b23:c1019]
2019-08-20 11:35:28,666 INFO  client.GrpcClientProtocolClient (GrpcClientProtocolClient.java:onNext(255)) - client-FC58CAF12498->aeb608e6-131f-44e0-aa35-97c12a2f72a3: receive RaftClientReply:client-FC58CAF12498->aeb608e6-131f-44e0-aa35-97c12a2f72a3@group-3F41E8AD953A, cid=804, SUCCESS, logIndex=0, commits[aeb608e6-131f-44e0-aa35-97c12a2f72a3:c1024, b6a0d396-0e26-402b-ac58-4f0615a4fad6:c1021, 8b17640a-2548-4323-bd97-ba3488877b23:c1021]
2019-08-20 11:35:28,686 INFO  client.GrpcClientProtocolClient (GrpcClientProtocolClient.java:onNext(255)) - client-FC58CAF12498->aeb608e6-131f-44e0-aa35-97c12a2f72a3: receive RaftClientReply:client-FC58CAF12498->aeb608e6-131f-44e0-aa35-97c12a2f72a3@group-3F41E8AD953A, cid=805, SUCCESS, logIndex=1028, commits[aeb608e6-131f-44e0-aa35-97c12a2f72a3:c1029, b6a0d396-0e26-402b-ac58-4f0615a4fad6:c1027, 8b17640a-2548-4323-bd97-ba3488877b23:c1027]
2019-08-20 11:35:28,687 INFO  client.GrpcClientProtocolClient (GrpcClientProtocolClient.java:onNext(255)) - client-FC58CAF12498->aeb608e6-131f-44e0-aa35-97c12a2f72a3: receive RaftClientReply:client-FC58CAF12498->aeb608e6-131f-44e0-aa35-97c12a2f72a3@group-3F41E8AD953A, cid=806, SUCCESS, logIndex=1029, commits[aeb608e6-131f-44e0-aa35-97c12a2f72a3:c1029, b6a0d396-0e26-402b-ac58-4f0615a4fad6:c1027, 8b17640a-2548-4323-bd97-ba3488877b23:c1027]
2019-08-20 11:35:28,703 INFO  client.GrpcClientProtocolClient (GrpcClientProtocolClient.java:onNext(255)) - client-FC58CAF12498->aeb608e6-131f-44e0-aa35-97c12a2f72a3: receive RaftClientReply:client-FC58CAF12498->aeb608e6-131f-44e0-aa35-97c12a2f72a3@group-3F41E8AD953A, cid=807, SUCCESS, logIndex=1032, commits[aeb608e6-131f-44e0-aa35-97c12a2f72a3:c1033, b6a0d396-0e26-402b-ac58-4f0615a4fad6:c1029, 8b17640a-2548-4323-bd97-ba3488877b23:c1029]
2019-08-20 11:35:28,703 INFO  client.GrpcClientProtocolClient (GrpcClientProtocolClient.java:onNext(255)) - client-FC58CAF12498->aeb608e6-131f-44e0-aa35-97c12a2f72a3: receive RaftClientReply:client-FC58CAF12498->aeb608e6-131f-44e0-aa35-97c12a2f72a3@group-3F41E8AD953A, cid=808, SUCCESS, logIndex=1033, commits[aeb608e6-131f-44e0-aa35-97c12a2f72a3:c1033, b6a0d396-0e26-402b-ac58-4f0615a4fad6:c1029, 8b17640a-2548-4323-bd97-ba3488877b23:c1029]
2019-08-20 11:35:28,707 INFO  client.GrpcClientProtocolClient (GrpcClientProtocolClient.java:onNext(255)) - client-FC58CAF12498->aeb608e6-131f-44e0-aa35-97c12a2f72a3: receive RaftClientReply:client-FC58CAF12498->aeb608e6-131f-44e0-aa35-97c12a2f72a3@group-3F41E8AD953A, cid=809, SUCCESS, logIndex=0, commits[aeb608e6-131f-44e0-aa35-97c12a2f72a3:c1035, b6a0d396-0e26-402b-ac58-4f0615a4fad6:c1033, 8b17640a-2548-4323-bd97-ba3488877b23:c1033]
2019-08-20 11:35:28,731 INFO  client.GrpcClientProtocolClient (GrpcClientProtocolClient.java:onNext(255)) - client-FC58CAF12498->aeb608e6-131f-44e0-aa35-97c12a2f72a3: receive RaftClientReply:client-FC58CAF12498->aeb608e6-131f-44e0-aa35-97c12a2f72a3@group-3F41E8AD953A, cid=810, SUCCESS, logIndex=1036, commits[aeb608e6-131f-44e0-aa35-97c12a2f72a3:c1037, b6a0d396-0e26-402b-ac58-4f0615a4fad6:c1035, 8b17640a-2548-4323-bd97-ba3488877b23:c1035]
2019-08-20 11:35:28,732 INFO  client.GrpcClientProtocolClient (GrpcClientProtocolClient.java:onNext(255)) - client-FC58CAF12498->aeb608e6-131f-44e0-aa35-97c12a2f72a3: receive RaftClientReply:client-FC58CAF12498->aeb608e6-131f-44e0-aa35-97c12a2f72a3@group-3F41E8AD953A, cid=811, SUCCESS, logIndex=1037, commits[aeb608e6-131f-44e0-aa35-97c12a2f72a3:c1037, b6a0d396-0e26-402b-ac58-4f0615a4fad6:c1035, 8b17640a-2548-4323-bd97-ba3488877b23:c1035]
2019-08-20 11:35:28,732 INFO  client.GrpcClientProtocolClient (GrpcClientProtocolClient.java:onNext(255)) - client-FC58CAF12498->aeb608e6-131f-44e0-aa35-97c12a2f72a3: receive RaftClientReply:client-FC58CAF12498->aeb608e6-131f-44e0-aa35-97c12a2f72a3@group-3F41E8AD953A, cid=812, SUCCESS, logIndex=1038, commits[aeb608e6-131f-44e0-aa35-97c12a2f72a3:c1039, b6a0d396-0e26-402b-ac58-4f0615a4fad6:c1035, 8b17640a-2548-4323-bd97-ba3488877b23:c1035]
2019-08-20 11:35:28,733 INFO  client.GrpcClientProtocolClient (GrpcClientProtocolClient.java:onNext(255)) - client-FC58CAF12498->aeb608e6-131f-44e0-aa35-97c12a2f72a3: receive RaftClientReply:client-FC58CAF12498->aeb608e6-131f-44e0-aa35-97c12a2f72a3@group-3F41E8AD953A, cid=813, SUCCESS, logIndex=1039, commits[aeb608e6-131f-44e0-aa35-97c12a2f72a3:c1039, b6a0d396-0e26-402b-ac58-4f0615a4fad6:c1035, 8b17640a-2548-4323-bd97-ba3488877b23:c1035]
2019-08-20 11:35:28,734 INFO  client.GrpcClientProtocolClient (GrpcClientProtocolClient.java:onNext(255)) - client-FC58CAF12498->aeb608e6-131f-44e0-aa35-97c12a2f72a3: receive RaftClientReply:client-FC58CAF12498->aeb608e6-131f-44e0-aa35-97c12a2f72a3@group-3F41E8AD953A, cid=814, SUCCESS, logIndex=0, commits[aeb608e6-131f-44e0-aa35-97c12a2f72a3:c1042, b6a0d396-0e26-402b-ac58-4f0615a4fad6:c1039, 8b17640a-2548-4323-bd97-ba3488877b23:c1037]
2019-08-20 11:35:28,756 INFO  client.GrpcClientProtocolClient (GrpcClientProtocolClient.java:onNext(255)) - client-FC58CAF12498->aeb608e6-131f-44e0-aa35-97c12a2f72a3: receive RaftClientReply:client-FC58CAF12498->aeb608e6-131f-44e0-aa35-97c12a2f72a3@group-3F41E8AD953A, cid=815, SUCCESS, logIndex=1043, commits[aeb608e6-131f-44e0-aa35-97c12a2f72a3:c1044, b6a0d396-0e26-402b-ac58-4f0615a4fad6:c1042, 8b17640a-2548-4323-bd97-ba3488877b23:c1042]
2019-08-20 11:35:28,757 INFO  client.GrpcClientProtocolClient (GrpcClientProtocolClient.java:onNext(255)) - client-FC58CAF12498->aeb608e6-131f-44e0-aa35-97c12a2f72a3: receive RaftClientReply:client-FC58CAF12498->aeb608e6-131f-44e0-aa35-97c12a2f72a3@group-3F41E8AD953A, cid=816, SUCCESS, logIndex=1044, commits[aeb608e6-131f-44e0-aa35-97c12a2f72a3:c1044, b6a0d396-0e26-402b-ac58-4f0615a4fad6:c1042, 8b17640a-2548-4323-bd97-ba3488877b23:c1042]
2019-08-20 11:35:28,770 INFO  client.GrpcClientProtocolClient (GrpcClientProtocolClient.java:onNext(255)) - client-FC58CAF12498->aeb608e6-131f-44e0-aa35-97c12a2f72a3: receive RaftClientReply:client-FC58CAF12498->aeb608e6-131f-44e0-aa35-97c12a2f72a3@group-3F41E8AD953A, cid=817, SUCCESS, logIndex=1047, commits[aeb608e6-131f-44e0-aa35-97c12a2f72a3:c1048, b6a0d396-0e26-402b-ac58-4f0615a4fad6:c1044, 8b17640a-2548-4323-bd97-ba3488877b23:c1044]
2019-08-20 11:35:28,770 INFO  client.GrpcClientProtocolClient (GrpcClientProtocolClient.java:onNext(255)) - client-FC58CAF12498->aeb608e6-131f-44e0-aa35-97c12a2f72a3: receive RaftClientReply:client-FC58CAF12498->aeb608e6-131f-44e0-aa35-97c12a2f72a3@group-3F41E8AD953A, cid=818, SUCCESS, logIndex=1048, commits[aeb608e6-131f-44e0-aa35-97c12a2f72a3:c1048, b6a0d396-0e26-402b-ac58-4f0615a4fad6:c1044, 8b17640a-2548-4323-bd97-ba3488877b23:c1044]
2019-08-20 11:35:28,781 INFO  client.GrpcClientProtocolClient (GrpcClientProtocolClient.java:onNext(255)) - client-FC58CAF12498->aeb608e6-131f-44e0-aa35-97c12a2f72a3: receive RaftClientReply:client-FC58CAF12498->aeb608e6-131f-44e0-aa35-97c12a2f72a3@group-3F41E8AD953A, cid=819, SUCCESS, logIndex=0, commits[aeb608e6-131f-44e0-aa35-97c12a2f72a3:c1049, b6a0d396-0e26-402b-ac58-4f0615a4fad6:c1048, 8b17640a-2548-4323-bd97-ba3488877b23:c1048]
2019-08-20 11:35:28,804 INFO  client.GrpcClientProtocolClient (GrpcClientProtocolClient.java:onNext(255)) - client-FC58CAF12498->aeb608e6-131f-44e0-aa35-97c12a2f72a3: receive RaftClientReply:client-FC58CAF12498->aeb608e6-131f-44e0-aa35-97c12a2f72a3@group-3F41E8AD953A, cid=820, SUCCESS, logIndex=1051, commits[aeb608e6-131f-44e0-aa35-97c12a2f72a3:c1053, b6a0d396-0e26-402b-ac58-4f0615a4fad6:c1050, 8b17640a-2548-4323-bd97-ba3488877b23:c1050]
2019-08-20 11:35:28,804 INFO  client.GrpcClientProtocolClient (GrpcClientProtocolClient.java:onNext(255)) - client-FC58CAF12498->aeb608e6-131f-44e0-aa35-97c12a2f72a3: receive RaftClientReply:client-FC58CAF12498->aeb608e6-131f-44e0-aa35-97c12a2f72a3@group-3F41E8AD953A, cid=821, SUCCESS, logIndex=1052, commits[aeb608e6-131f-44e0-aa35-97c12a2f72a3:c1054, b6a0d396-0e26-402b-ac58-4f0615a4fad6:c1050, 8b17640a-2548-4323-bd97-ba3488877b23:c1050]
2019-08-20 11:35:28,804 INFO  client.GrpcClientProtocolClient (GrpcClientProtocolClient.java:onNext(255)) - client-FC58CAF12498->aeb608e6-131f-44e0-aa35-97c12a2f72a3: receive RaftClientReply:client-FC58CAF12498->aeb608e6-131f-44e0-aa35-97c12a2f72a3@group-3F41E8AD953A, cid=822, SUCCESS, logIndex=1053, commits[aeb608e6-131f-44e0-aa35-97c12a2f72a3:c1054, b6a0d396-0e26-402b-ac58-4f0615a4fad6:c1050, 8b17640a-2548-4323-bd97-ba3488877b23:c1050]
2019-08-20 11:35:28,805 INFO  client.GrpcClientProtocolClient (GrpcClientProtocolClient.java:onNext(255)) - client-FC58CAF12498->aeb608e6-131f-44e0-aa35-97c12a2f72a3: receive RaftClientReply:client-FC58CAF12498->aeb608e6-131f-44e0-aa35-97c12a2f72a3@group-3F41E8AD953A, cid=823, SUCCESS, logIndex=1054, commits[aeb608e6-131f-44e0-aa35-97c12a2f72a3:c1054, b6a0d396-0e26-402b-ac58-4f0615a4fad6:c1050, 8b17640a-2548-4323-bd97-ba3488877b23:c1050]
2019-08-20 11:35:28,815 INFO  client.GrpcClientProtocolClient (GrpcClientProtocolClient.java:onNext(255)) - client-FC58CAF12498->aeb608e6-131f-44e0-aa35-97c12a2f72a3: receive RaftClientReply:client-FC58CAF12498->aeb608e6-131f-44e0-aa35-97c12a2f72a3@group-3F41E8AD953A, cid=824, SUCCESS, logIndex=0, commits[aeb608e6-131f-44e0-aa35-97c12a2f72a3:c1055, b6a0d396-0e26-402b-ac58-4f0615a4fad6:c1053, 8b17640a-2548-4323-bd97-ba3488877b23:c1053]
2019-08-20 11:35:28,836 INFO  client.GrpcClientProtocolClient (GrpcClientProtocolClient.java:onNext(255)) - client-FC58CAF12498->aeb608e6-131f-44e0-aa35-97c12a2f72a3: receive RaftClientReply:client-FC58CAF12498->aeb608e6-131f-44e0-aa35-97c12a2f72a3@group-3F41E8AD953A, cid=825, SUCCESS, logIndex=1058, commits[aeb608e6-131f-44e0-aa35-97c12a2f72a3:c1059, b6a0d396-0e26-402b-ac58-4f0615a4fad6:c1057, 8b17640a-2548-4323-bd97-ba3488877b23:c1057]
2019-08-20 11:35:28,837 INFO  client.GrpcClientProtocolClient (GrpcClientProtocolClient.java:onNext(255)) - client-FC58CAF12498->aeb608e6-131f-44e0-aa35-97c12a2f72a3: receive RaftClientReply:client-FC58CAF12498->aeb608e6-131f-44e0-aa35-97c12a2f72a3@group-3F41E8AD953A, cid=826, SUCCESS, logIndex=1059, commits[aeb608e6-131f-44e0-aa35-97c12a2f72a3:c1059, b6a0d396-0e26-402b-ac58-4f0615a4fad6:c1057, 8b17640a-2548-4323-bd97-ba3488877b23:c1057]
2019-08-20 11:35:28,851 INFO  client.GrpcClientProtocolClient (GrpcClientProtocolClient.java:onNext(255)) - client-FC58CAF12498->aeb608e6-131f-44e0-aa35-97c12a2f72a3: receive RaftClientReply:client-FC58CAF12498->aeb608e6-131f-44e0-aa35-97c12a2f72a3@group-3F41E8AD953A, cid=827, SUCCESS, logIndex=1062, commits[aeb608e6-131f-44e0-aa35-97c12a2f72a3:c1063, b6a0d396-0e26-402b-ac58-4f0615a4fad6:c1059, 8b17640a-2548-4323-bd97-ba3488877b23:c1059]
2019-08-20 11:35:29,083 INFO  client.GrpcClientProtocolClient (GrpcClientProtocolClient.java:onNext(255)) - client-FC58CAF12498->aeb608e6-131f-44e0-aa35-97c12a2f72a3: receive RaftClientReply:client-FC58CAF12498->aeb608e6-131f-44e0-aa35-97c12a2f72a3@group-3F41E8AD953A, cid=828, SUCCESS, logIndex=1063, commits[aeb608e6-131f-44e0-aa35-97c12a2f72a3:c1063, b6a0d396-0e26-402b-ac58-4f0615a4fad6:c1059, 8b17640a-2548-4323-bd97-ba3488877b23:c1059]
2019-08-20 11:35:29,085 INFO  client.GrpcClientProtocolClient (GrpcClientProtocolClient.java:onNext(255)) - client-FC58CAF12498->aeb608e6-131f-44e0-aa35-97c12a2f72a3: receive RaftClientReply:client-FC58CAF12498->aeb608e6-131f-44e0-aa35-97c12a2f72a3@group-3F41E8AD953A, cid=829, SUCCESS, logIndex=0, commits[aeb608e6-131f-44e0-aa35-97c12a2f72a3:c1064, b6a0d396-0e26-402b-ac58-4f0615a4fad6:c1063, 8b17640a-2548-4323-bd97-ba3488877b23:c1063]
2019-08-20 11:35:29,110 INFO  client.GrpcClientProtocolClient (GrpcClientProtocolClient.java:onNext(255)) - client-FC58CAF12498->aeb608e6-131f-44e0-aa35-97c12a2f72a3: receive RaftClientReply:client-FC58CAF12498->aeb608e6-131f-44e0-aa35-97c12a2f72a3@group-3F41E8AD953A, cid=830, SUCCESS, logIndex=1066, commits[aeb608e6-131f-44e0-aa35-97c12a2f72a3:c1067, b6a0d396-0e26-402b-ac58-4f0615a4fad6:c1064, 8b17640a-2548-4323-bd97-ba3488877b23:c1064]
2019-08-20 11:35:29,111 INFO  client.GrpcClientProtocolClient (GrpcClientProtocolClient.java:onNext(255)) - client-FC58CAF12498->aeb608e6-131f-44e0-aa35-97c12a2f72a3: receive RaftClientReply:client-FC58CAF12498->aeb608e6-131f-44e0-aa35-97c12a2f72a3@group-3F41E8AD953A, cid=831, SUCCESS, logIndex=1067, commits[aeb608e6-131f-44e0-aa35-97c12a2f72a3:c1067, b6a0d396-0e26-402b-ac58-4f0615a4fad6:c1064, 8b17640a-2548-4323-bd97-ba3488877b23:c1064]
2019-08-20 11:35:29,112 INFO  client.GrpcClientProtocolClient (GrpcClientProtocolClient.java:onNext(255)) - client-FC58CAF12498->aeb608e6-131f-44e0-aa35-97c12a2f72a3: receive RaftClientReply:client-FC58CAF12498->aeb608e6-131f-44e0-aa35-97c12a2f72a3@group-3F41E8AD953A, cid=832, SUCCESS, logIndex=1068, commits[aeb608e6-131f-44e0-aa35-97c12a2f72a3:c1069, b6a0d396-0e26-402b-ac58-4f0615a4fad6:c1065, 8b17640a-2548-4323-bd97-ba3488877b23:c1064]
2019-08-20 11:35:29,112 INFO  client.GrpcClientProtocolClient (GrpcClientProtocolClient.java:onNext(255)) - client-FC58CAF12498->aeb608e6-131f-44e0-aa35-97c12a2f72a3: receive RaftClientReply:client-FC58CAF12498->aeb608e6-131f-44e0-aa35-97c12a2f72a3@group-3F41E8AD953A, cid=833, SUCCESS, logIndex=1069, commits[aeb608e6-131f-44e0-aa35-97c12a2f72a3:c1069, b6a0d396-0e26-402b-ac58-4f0615a4fad6:c1065, 8b17640a-2548-4323-bd97-ba3488877b23:c1065]
2019-08-20 11:35:29,114 INFO  client.GrpcClientProtocolClient (GrpcClientProtocolClient.java:onNext(255)) - client-FC58CAF12498->aeb608e6-131f-44e0-aa35-97c12a2f72a3: receive RaftClientReply:client-FC58CAF12498->aeb608e6-131f-44e0-aa35-97c12a2f72a3@group-3F41E8AD953A, cid=834, SUCCESS, logIndex=0, commits[aeb608e6-131f-44e0-aa35-97c12a2f72a3:c1073, b6a0d396-0e26-402b-ac58-4f0615a4fad6:c1069, 8b17640a-2548-4323-bd97-ba3488877b23:c1069]
2019-08-20 11:35:29,137 INFO  client.GrpcClientProtocolClient (GrpcClientProtocolClient.java:onNext(255)) - client-FC58CAF12498->aeb608e6-131f-44e0-aa35-97c12a2f72a3: receive RaftClientReply:client-FC58CAF12498->aeb608e6-131f-44e0-aa35-97c12a2f72a3@group-3F41E8AD953A, cid=835, SUCCESS, logIndex=1074, commits[aeb608e6-131f-44e0-aa35-97c12a2f72a3:c1075, b6a0d396-0e26-402b-ac58-4f0615a4fad6:c1073, 8b17640a-2548-4323-bd97-ba3488877b23:c1073]
2019-08-20 11:35:29,138 INFO  client.GrpcClientProtocolClient (GrpcClientProtocolClient.java:onNext(255)) - client-FC58CAF12498->aeb608e6-131f-44e0-aa35-97c12a2f72a3: receive RaftClientReply:client-FC58CAF12498->aeb608e6-131f-44e0-aa35-97c12a2f72a3@group-3F41E8AD953A, cid=836, SUCCESS, logIndex=1075, commits[aeb608e6-131f-44e0-aa35-97c12a2f72a3:c1075, b6a0d396-0e26-402b-ac58-4f0615a4fad6:c1073, 8b17640a-2548-4323-bd97-ba3488877b23:c1073]
2019-08-20 11:35:29,164 INFO  client.GrpcClientProtocolClient (GrpcClientProtocolClient.java:onNext(255)) - client-FC58CAF12498->aeb608e6-131f-44e0-aa35-97c12a2f72a3: receive RaftClientReply:client-FC58CAF12498->aeb608e6-131f-44e0-aa35-97c12a2f72a3@group-3F41E8AD953A, cid=837, SUCCESS, logIndex=1078, commits[aeb608e6-131f-44e0-aa35-97c12a2f72a3:c1079, b6a0d396-0e26-402b-ac58-4f0615a4fad6:c1075, 8b17640a-2548-4323-bd97-ba3488877b23:c1075]
2019-08-20 11:35:29,164 INFO  client.GrpcClientProtocolClient (GrpcClientProtocolClient.java:onNext(255)) - client-FC58CAF12498->aeb608e6-131f-44e0-aa35-97c12a2f72a3: receive RaftClientReply:client-FC58CAF12498->aeb608e6-131f-44e0-aa35-97c12a2f72a3@group-3F41E8AD953A, cid=838, SUCCESS, logIndex=1079, commits[aeb608e6-131f-44e0-aa35-97c12a2f72a3:c1079, b6a0d396-0e26-402b-ac58-4f0615a4fad6:c1075, 8b17640a-2548-4323-bd97-ba3488877b23:c1075]
2019-08-20 11:35:29,166 INFO  client.GrpcClientProtocolClient (GrpcClientProtocolClient.java:onNext(255)) - client-FC58CAF12498->aeb608e6-131f-44e0-aa35-97c12a2f72a3: receive RaftClientReply:client-FC58CAF12498->aeb608e6-131f-44e0-aa35-97c12a2f72a3@group-3F41E8AD953A, cid=839, SUCCESS, logIndex=0, commits[aeb608e6-131f-44e0-aa35-97c12a2f72a3:c1081, b6a0d396-0e26-402b-ac58-4f0615a4fad6:c1079, 8b17640a-2548-4323-bd97-ba3488877b23:c1079]
2019-08-20 11:35:29,188 INFO  client.GrpcClientProtocolClient (GrpcClientProtocolClient.java:onNext(255)) - client-FC58CAF12498->aeb608e6-131f-44e0-aa35-97c12a2f72a3: receive RaftClientReply:client-FC58CAF12498->aeb608e6-131f-44e0-aa35-97c12a2f72a3@group-3F41E8AD953A, cid=840, SUCCESS, logIndex=1082, commits[aeb608e6-131f-44e0-aa35-97c12a2f72a3:c1082, b6a0d396-0e26-402b-ac58-4f0615a4fad6:c1081, 8b17640a-2548-4323-bd97-ba3488877b23:c1081]
2019-08-20 11:35:29,188 INFO  client.GrpcClientProtocolClient (GrpcClientProtocolClient.java:onNext(255)) - client-FC58CAF12498->aeb608e6-131f-44e0-aa35-97c12a2f72a3: receive RaftClientReply:client-FC58CAF12498->aeb608e6-131f-44e0-aa35-97c12a2f72a3@group-3F41E8AD953A, cid=841, SUCCESS, logIndex=1083, commits[aeb608e6-131f-44e0-aa35-97c12a2f72a3:c1084, b6a0d396-0e26-402b-ac58-4f0615a4fad6:c1081, 8b17640a-2548-4323-bd97-ba3488877b23:c1081]
2019-08-20 11:35:29,190 INFO  client.GrpcClientProtocolClient (GrpcClientProtocolClient.java:onNext(255)) - client-FC58CAF12498->aeb608e6-131f-44e0-aa35-97c12a2f72a3: receive RaftClientReply:client-FC58CAF12498->aeb608e6-131f-44e0-aa35-97c12a2f72a3@group-3F41E8AD953A, cid=842, SUCCESS, logIndex=1084, commits[aeb608e6-131f-44e0-aa35-97c12a2f72a3:c1084, b6a0d396-0e26-402b-ac58-4f0615a4fad6:c1081, 8b17640a-2548-4323-bd97-ba3488877b23:c1081]
2019-08-20 11:35:29,191 INFO  client.GrpcClientProtocolClient (GrpcClientProtocolClient.java:onNext(255)) - client-FC58CAF12498->aeb608e6-131f-44e0-aa35-97c12a2f72a3: receive RaftClientReply:client-FC58CAF12498->aeb608e6-131f-44e0-aa35-97c12a2f72a3@group-3F41E8AD953A, cid=843, SUCCESS, logIndex=1085, commits[aeb608e6-131f-44e0-aa35-97c12a2f72a3:c1085, b6a0d396-0e26-402b-ac58-4f0615a4fad6:c1081, 8b17640a-2548-4323-bd97-ba3488877b23:c1081]
2019-08-20 11:35:29,192 INFO  client.GrpcClientProtocolClient (GrpcClientProtocolClient.java:onNext(255)) - client-FC58CAF12498->aeb608e6-131f-44e0-aa35-97c12a2f72a3: receive RaftClientReply:client-FC58CAF12498->aeb608e6-131f-44e0-aa35-97c12a2f72a3@group-3F41E8AD953A, cid=844, SUCCESS, logIndex=0, commits[aeb608e6-131f-44e0-aa35-97c12a2f72a3:c1089, b6a0d396-0e26-402b-ac58-4f0615a4fad6:c1085, 8b17640a-2548-4323-bd97-ba3488877b23:c1084]
2019-08-20 11:35:29,217 INFO  client.GrpcClientProtocolClient (GrpcClientProtocolClient.java:onNext(255)) - client-FC58CAF12498->aeb608e6-131f-44e0-aa35-97c12a2f72a3: receive RaftClientReply:client-FC58CAF12498->aeb608e6-131f-44e0-aa35-97c12a2f72a3@group-3F41E8AD953A, cid=845, SUCCESS, logIndex=1090, commits[aeb608e6-131f-44e0-aa35-97c12a2f72a3:c1091, b6a0d396-0e26-402b-ac58-4f0615a4fad6:c1089, 8b17640a-2548-4323-bd97-ba3488877b23:c1089]
2019-08-20 11:35:29,217 INFO  client.GrpcClientProtocolClient (GrpcClientProtocolClient.java:onNext(255)) - client-FC58CAF12498->aeb608e6-131f-44e0-aa35-97c12a2f72a3: receive RaftClientReply:client-FC58CAF12498->aeb608e6-131f-44e0-aa35-97c12a2f72a3@group-3F41E8AD953A, cid=846, SUCCESS, logIndex=1091, commits[aeb608e6-131f-44e0-aa35-97c12a2f72a3:c1091, b6a0d396-0e26-402b-ac58-4f0615a4fad6:c1089, 8b17640a-2548-4323-bd97-ba3488877b23:c1089]
2019-08-20 11:35:29,241 INFO  client.GrpcClientProtocolClient (GrpcClientProtocolClient.java:onNext(255)) - client-FC58CAF12498->aeb608e6-131f-44e0-aa35-97c12a2f72a3: receive RaftClientReply:client-FC58CAF12498->aeb608e6-131f-44e0-aa35-97c12a2f72a3@group-3F41E8AD953A, cid=847, SUCCESS, logIndex=1094, commits[aeb608e6-131f-44e0-aa35-97c12a2f72a3:c1095, b6a0d396-0e26-402b-ac58-4f0615a4fad6:c1091, 8b17640a-2548-4323-bd97-ba3488877b23:c1091]
2019-08-20 11:35:29,241 INFO  client.GrpcClientProtocolClient (GrpcClientProtocolClient.java:onNext(255)) - client-FC58CAF12498->aeb608e6-131f-44e0-aa35-97c12a2f72a3: receive RaftClientReply:client-FC58CAF12498->aeb608e6-131f-44e0-aa35-97c12a2f72a3@group-3F41E8AD953A, cid=848, SUCCESS, logIndex=1095, commits[aeb608e6-131f-44e0-aa35-97c12a2f72a3:c1095, b6a0d396-0e26-402b-ac58-4f0615a4fad6:c1091, 8b17640a-2548-4323-bd97-ba3488877b23:c1091]
2019-08-20 11:35:29,243 INFO  client.GrpcClientProtocolClient (GrpcClientProtocolClient.java:onNext(255)) - client-FC58CAF12498->aeb608e6-131f-44e0-aa35-97c12a2f72a3: receive RaftClientReply:client-FC58CAF12498->aeb608e6-131f-44e0-aa35-97c12a2f72a3@group-3F41E8AD953A, cid=849, SUCCESS, logIndex=0, commits[aeb608e6-131f-44e0-aa35-97c12a2f72a3:c1097, b6a0d396-0e26-402b-ac58-4f0615a4fad6:c1095, 8b17640a-2548-4323-bd97-ba3488877b23:c1095]
2019-08-20 11:35:29,263 INFO  client.GrpcClientProtocolClient (GrpcClientProtocolClient.java:onNext(255)) - client-FC58CAF12498->aeb608e6-131f-44e0-aa35-97c12a2f72a3: receive RaftClientReply:client-FC58CAF12498->aeb608e6-131f-44e0-aa35-97c12a2f72a3@group-3F41E8AD953A, cid=850, SUCCESS, logIndex=1098, commits[aeb608e6-131f-44e0-aa35-97c12a2f72a3:c1099, b6a0d396-0e26-402b-ac58-4f0615a4fad6:c1097, 8b17640a-2548-4323-bd97-ba3488877b23:c1097]
2019-08-20 11:35:29,263 INFO  client.GrpcClientProtocolClient (GrpcClientProtocolClient.java:onNext(255)) - client-FC58CAF12498->aeb608e6-131f-44e0-aa35-97c12a2f72a3: receive RaftClientReply:client-FC58CAF12498->aeb608e6-131f-44e0-aa35-97c12a2f72a3@group-3F41E8AD953A, cid=851, SUCCESS, logIndex=1099, commits[aeb608e6-131f-44e0-aa35-97c12a2f72a3:c1099, b6a0d396-0e26-402b-ac58-4f0615a4fad6:c1097, 8b17640a-2548-4323-bd97-ba3488877b23:c1097]
2019-08-20 11:35:29,264 INFO  client.GrpcClientProtocolClient (GrpcClientProtocolClient.java:onNext(255)) - client-FC58CAF12498->aeb608e6-131f-44e0-aa35-97c12a2f72a3: receive RaftClientReply:client-FC58CAF12498->aeb608e6-131f-44e0-aa35-97c12a2f72a3@group-3F41E8AD953A, cid=852, SUCCESS, logIndex=1100, commits[aeb608e6-131f-44e0-aa35-97c12a2f72a3:c1101, b6a0d396-0e26-402b-ac58-4f0615a4fad6:c1097, 8b17640a-2548-4323-bd97-ba3488877b23:c1097]
2019-08-20 11:35:29,265 INFO  client.GrpcClientProtocolClient (GrpcClientProtocolClient.java:onNext(255)) - client-FC58CAF12498->aeb608e6-131f-44e0-aa35-97c12a2f72a3: receive RaftClientReply:client-FC58CAF12498->aeb608e6-131f-44e0-aa35-97c12a2f72a3@group-3F41E8AD953A, cid=853, SUCCESS, logIndex=1101, commits[aeb608e6-131f-44e0-aa35-97c12a2f72a3:c1102, b6a0d396-0e26-402b-ac58-4f0615a4fad6:c1098, 8b17640a-2548-4323-bd97-ba3488877b23:c1097]
2019-08-20 11:35:29,266 INFO  client.GrpcClientProtocolClient (GrpcClientProtocolClient.java:onNext(255)) - client-FC58CAF12498->aeb608e6-131f-44e0-aa35-97c12a2f72a3: receive RaftClientReply:client-FC58CAF12498->aeb608e6-131f-44e0-aa35-97c12a2f72a3@group-3F41E8AD953A, cid=854, SUCCESS, logIndex=0, commits[aeb608e6-131f-44e0-aa35-97c12a2f72a3:c1103, b6a0d396-0e26-402b-ac58-4f0615a4fad6:c1099, 8b17640a-2548-4323-bd97-ba3488877b23:c1099]
2019-08-20 11:35:29,287 INFO  client.GrpcClientProtocolClient (GrpcClientProtocolClient.java:onNext(255)) - client-FC58CAF12498->aeb608e6-131f-44e0-aa35-97c12a2f72a3: receive RaftClientReply:client-FC58CAF12498->aeb608e6-131f-44e0-aa35-97c12a2f72a3@group-3F41E8AD953A, cid=855, SUCCESS, logIndex=1106, commits[aeb608e6-131f-44e0-aa35-97c12a2f72a3:c1107, b6a0d396-0e26-402b-ac58-4f0615a4fad6:c1101, 8b17640a-2548-4323-bd97-ba3488877b23:c1105]
2019-08-20 11:35:29,287 INFO  client.GrpcClientProtocolClient (GrpcClientProtocolClient.java:onNext(255)) - client-FC58CAF12498->aeb608e6-131f-44e0-aa35-97c12a2f72a3: receive RaftClientReply:client-FC58CAF12498->aeb608e6-131f-44e0-aa35-97c12a2f72a3@group-3F41E8AD953A, cid=856, SUCCESS, logIndex=1107, commits[aeb608e6-131f-44e0-aa35-97c12a2f72a3:c1107, b6a0d396-0e26-402b-ac58-4f0615a4fad6:c1105, 8b17640a-2548-4323-bd97-ba3488877b23:c1105]
2019-08-20 11:35:29,306 INFO  client.GrpcClientProtocolClient (GrpcClientProtocolClient.java:onNext(255)) - client-FC58CAF12498->aeb608e6-131f-44e0-aa35-97c12a2f72a3: receive RaftClientReply:client-FC58CAF12498->aeb608e6-131f-44e0-aa35-97c12a2f72a3@group-3F41E8AD953A, cid=857, SUCCESS, logIndex=1110, commits[aeb608e6-131f-44e0-aa35-97c12a2f72a3:c1111, b6a0d396-0e26-402b-ac58-4f0615a4fad6:c1109, 8b17640a-2548-4323-bd97-ba3488877b23:c1109]
2019-08-20 11:35:29,307 INFO  client.GrpcClientProtocolClient (GrpcClientProtocolClient.java:onNext(255)) - client-FC58CAF12498->aeb608e6-131f-44e0-aa35-97c12a2f72a3: receive RaftClientReply:client-FC58CAF12498->aeb608e6-131f-44e0-aa35-97c12a2f72a3@group-3F41E8AD953A, cid=858, SUCCESS, logIndex=1111, commits[aeb608e6-131f-44e0-aa35-97c12a2f72a3:c1111, b6a0d396-0e26-402b-ac58-4f0615a4fad6:c1109, 8b17640a-2548-4323-bd97-ba3488877b23:c1109]
 0.00% |█                                                                                                    |  0/1 Time: 0:00:032019-08-20 11:35:29,318 INFO  client.GrpcClientProtocolClient (GrpcClientProtocolClient.java:onNext(255)) - client-FC58CAF12498->aeb608e6-131f-44e0-aa35-97c12a2f72a3: receive RaftClientReply:client-FC58CAF12498->aeb608e6-131f-44e0-aa35-97c12a2f72a3@group-3F41E8AD953A, cid=859, SUCCESS, logIndex=0, commits[aeb608e6-131f-44e0-aa35-97c12a2f72a3:c1113, b6a0d396-0e26-402b-ac58-4f0615a4fad6:c1111, 8b17640a-2548-4323-bd97-ba3488877b23:c1111]
2019-08-20 11:35:29,338 INFO  client.GrpcClientProtocolClient (GrpcClientProtocolClient.java:onNext(255)) - client-FC58CAF12498->aeb608e6-131f-44e0-aa35-97c12a2f72a3: receive RaftClientReply:client-FC58CAF12498->aeb608e6-131f-44e0-aa35-97c12a2f72a3@group-3F41E8AD953A, cid=860, SUCCESS, logIndex=1114, commits[aeb608e6-131f-44e0-aa35-97c12a2f72a3:c1115, b6a0d396-0e26-402b-ac58-4f0615a4fad6:c1113, 8b17640a-2548-4323-bd97-ba3488877b23:c1113]
2019-08-20 11:35:29,338 INFO  client.GrpcClientProtocolClient (GrpcClientProtocolClient.java:onNext(255)) - client-FC58CAF12498->aeb608e6-131f-44e0-aa35-97c12a2f72a3: receive RaftClientReply:client-FC58CAF12498->aeb608e6-131f-44e0-aa35-97c12a2f72a3@group-3F41E8AD953A, cid=861, SUCCESS, logIndex=1115, commits[aeb608e6-131f-44e0-aa35-97c12a2f72a3:c1117, b6a0d396-0e26-402b-ac58-4f0615a4fad6:c1113, 8b17640a-2548-4323-bd97-ba3488877b23:c1113]
2019-08-20 11:35:29,339 INFO  client.GrpcClientProtocolClient (GrpcClientProtocolClient.java:onNext(255)) - client-FC58CAF12498->aeb608e6-131f-44e0-aa35-97c12a2f72a3: receive RaftClientReply:client-FC58CAF12498->aeb608e6-131f-44e0-aa35-97c12a2f72a3@group-3F41E8AD953A, cid=862, SUCCESS, logIndex=1116, commits[aeb608e6-131f-44e0-aa35-97c12a2f72a3:c1117, b6a0d396-0e26-402b-ac58-4f0615a4fad6:c1113, 8b17640a-2548-4323-bd97-ba3488877b23:c1113]
2019-08-20 11:35:29,339 INFO  client.GrpcClientProtocolClient (GrpcClientProtocolClient.java:onNext(255)) - client-FC58CAF12498->aeb608e6-131f-44e0-aa35-97c12a2f72a3: receive RaftClientReply:client-FC58CAF12498->aeb608e6-131f-44e0-aa35-97c12a2f72a3@group-3F41E8AD953A, cid=863, SUCCESS, logIndex=1117, commits[aeb608e6-131f-44e0-aa35-97c12a2f72a3:c1117, b6a0d396-0e26-402b-ac58-4f0615a4fad6:c1113, 8b17640a-2548-4323-bd97-ba3488877b23:c1113]
2019-08-20 11:35:29,340 INFO  client.GrpcClientProtocolClient (GrpcClientProtocolClient.java:onNext(255)) - client-FC58CAF12498->aeb608e6-131f-44e0-aa35-97c12a2f72a3: receive RaftClientReply:client-FC58CAF12498->aeb608e6-131f-44e0-aa35-97c12a2f72a3@group-3F41E8AD953A, cid=864, SUCCESS, logIndex=0, commits[aeb608e6-131f-44e0-aa35-97c12a2f72a3:c1119, b6a0d396-0e26-402b-ac58-4f0615a4fad6:c1115, 8b17640a-2548-4323-bd97-ba3488877b23:c1115]
2019-08-20 11:35:29,360 INFO  client.GrpcClientProtocolClient (GrpcClientProtocolClient.java:onNext(255)) - client-FC58CAF12498->aeb608e6-131f-44e0-aa35-97c12a2f72a3: receive RaftClientReply:client-FC58CAF12498->aeb608e6-131f-44e0-aa35-97c12a2f72a3@group-3F41E8AD953A, cid=865, SUCCESS, logIndex=1121, commits[aeb608e6-131f-44e0-aa35-97c12a2f72a3:c1122, b6a0d396-0e26-402b-ac58-4f0615a4fad6:c1120, 8b17640a-2548-4323-bd97-ba3488877b23:c1120]
2019-08-20 11:35:29,360 INFO  client.GrpcClientProtocolClient (GrpcClientProtocolClient.java:onNext(255)) - client-FC58CAF12498->aeb608e6-131f-44e0-aa35-97c12a2f72a3: receive RaftClientReply:client-FC58CAF12498->aeb608e6-131f-44e0-aa35-97c12a2f72a3@group-3F41E8AD953A, cid=866, SUCCESS, logIndex=1122, commits[aeb608e6-131f-44e0-aa35-97c12a2f72a3:c1122, b6a0d396-0e26-402b-ac58-4f0615a4fad6:c1120, 8b17640a-2548-4323-bd97-ba3488877b23:c1120]
2019-08-20 11:35:29,393 INFO  client.GrpcClientProtocolClient (GrpcClientProtocolClient.java:onNext(255)) - client-FC58CAF12498->aeb608e6-131f-44e0-aa35-97c12a2f72a3: receive RaftClientReply:client-FC58CAF12498->aeb608e6-131f-44e0-aa35-97c12a2f72a3@group-3F41E8AD953A, cid=867, SUCCESS, logIndex=1125, commits[aeb608e6-131f-44e0-aa35-97c12a2f72a3:c1125, b6a0d396-0e26-402b-ac58-4f0615a4fad6:c1122, 8b17640a-2548-4323-bd97-ba3488877b23:c1122]
2019-08-20 11:35:29,394 INFO  client.GrpcClientProtocolClient (GrpcClientProtocolClient.java:onNext(255)) - client-FC58CAF12498->aeb608e6-131f-44e0-aa35-97c12a2f72a3: receive RaftClientReply:client-FC58CAF12498->aeb608e6-131f-44e0-aa35-97c12a2f72a3@group-3F41E8AD953A, cid=868, SUCCESS, logIndex=1126, commits[aeb608e6-131f-44e0-aa35-97c12a2f72a3:c1126, b6a0d396-0e26-402b-ac58-4f0615a4fad6:c1122, 8b17640a-2548-4323-bd97-ba3488877b23:c1122]
2019-08-20 11:35:29,419 INFO  client.GrpcClientProtocolClient (GrpcClientProtocolClient.java:onNext(255)) - client-FC58CAF12498->aeb608e6-131f-44e0-aa35-97c12a2f72a3: receive RaftClientReply:client-FC58CAF12498->aeb608e6-131f-44e0-aa35-97c12a2f72a3@group-3F41E8AD953A, cid=869, SUCCESS, logIndex=0, commits[aeb608e6-131f-44e0-aa35-97c12a2f72a3:c1128, b6a0d396-0e26-402b-ac58-4f0615a4fad6:c1126, 8b17640a-2548-4323-bd97-ba3488877b23:c1126]
2019-08-20 11:35:29,441 INFO  client.GrpcClientProtocolClient (GrpcClientProtocolClient.java:onNext(255)) - client-FC58CAF12498->aeb608e6-131f-44e0-aa35-97c12a2f72a3: receive RaftClientReply:client-FC58CAF12498->aeb608e6-131f-44e0-aa35-97c12a2f72a3@group-3F41E8AD953A, cid=870, SUCCESS, logIndex=1129, commits[aeb608e6-131f-44e0-aa35-97c12a2f72a3:c1131, b6a0d396-0e26-402b-ac58-4f0615a4fad6:c1128, 8b17640a-2548-4323-bd97-ba3488877b23:c1128]
2019-08-20 11:35:29,442 INFO  client.GrpcClientProtocolClient (GrpcClientProtocolClient.java:onNext(255)) - client-FC58CAF12498->aeb608e6-131f-44e0-aa35-97c12a2f72a3: receive RaftClientReply:client-FC58CAF12498->aeb608e6-131f-44e0-aa35-97c12a2f72a3@group-3F41E8AD953A, cid=871, SUCCESS, logIndex=1130, commits[aeb608e6-131f-44e0-aa35-97c12a2f72a3:c1132, b6a0d396-0e26-402b-ac58-4f0615a4fad6:c1128, 8b17640a-2548-4323-bd97-ba3488877b23:c1128]
2019-08-20 11:35:29,443 INFO  client.GrpcClientProtocolClient (GrpcClientProtocolClient.java:onNext(255)) - client-FC58CAF12498->aeb608e6-131f-44e0-aa35-97c12a2f72a3: receive RaftClientReply:client-FC58CAF12498->aeb608e6-131f-44e0-aa35-97c12a2f72a3@group-3F41E8AD953A, cid=872, SUCCESS, logIndex=1131, commits[aeb608e6-131f-44e0-aa35-97c12a2f72a3:c1132, b6a0d396-0e26-402b-ac58-4f0615a4fad6:c1128, 8b17640a-2548-4323-bd97-ba3488877b23:c1128]
2019-08-20 11:35:29,443 INFO  client.GrpcClientProtocolClient (GrpcClientProtocolClient.java:onNext(255)) - client-FC58CAF12498->aeb608e6-131f-44e0-aa35-97c12a2f72a3: receive RaftClientReply:client-FC58CAF12498->aeb608e6-131f-44e0-aa35-97c12a2f72a3@group-3F41E8AD953A, cid=873, SUCCESS, logIndex=1132, commits[aeb608e6-131f-44e0-aa35-97c12a2f72a3:c1132, b6a0d396-0e26-402b-ac58-4f0615a4fad6:c1128, 8b17640a-2548-4323-bd97-ba3488877b23:c1128]
2019-08-20 11:35:29,445 INFO  client.GrpcClientProtocolClient (GrpcClientProtocolClient.java:onNext(255)) - client-FC58CAF12498->aeb608e6-131f-44e0-aa35-97c12a2f72a3: receive RaftClientReply:client-FC58CAF12498->aeb608e6-131f-44e0-aa35-97c12a2f72a3@group-3F41E8AD953A, cid=874, SUCCESS, logIndex=0, commits[aeb608e6-131f-44e0-aa35-97c12a2f72a3:c1136, b6a0d396-0e26-402b-ac58-4f0615a4fad6:c1130, 8b17640a-2548-4323-bd97-ba3488877b23:c1132]
2019-08-20 11:35:29,467 INFO  client.GrpcClientProtocolClient (GrpcClientProtocolClient.java:onNext(255)) - client-FC58CAF12498->aeb608e6-131f-44e0-aa35-97c12a2f72a3: receive RaftClientReply:client-FC58CAF12498->aeb608e6-131f-44e0-aa35-97c12a2f72a3@group-3F41E8AD953A, cid=875, SUCCESS, logIndex=1137, commits[aeb608e6-131f-44e0-aa35-97c12a2f72a3:c1138, b6a0d396-0e26-402b-ac58-4f0615a4fad6:c1136, 8b17640a-2548-4323-bd97-ba3488877b23:c1136]
2019-08-20 11:35:29,467 INFO  client.GrpcClientProtocolClient (GrpcClientProtocolClient.java:onNext(255)) - client-FC58CAF12498->aeb608e6-131f-44e0-aa35-97c12a2f72a3: receive RaftClientReply:client-FC58CAF12498->aeb608e6-131f-44e0-aa35-97c12a2f72a3@group-3F41E8AD953A, cid=876, SUCCESS, logIndex=1138, commits[aeb608e6-131f-44e0-aa35-97c12a2f72a3:c1138, b6a0d396-0e26-402b-ac58-4f0615a4fad6:c1136, 8b17640a-2548-4323-bd97-ba3488877b23:c1136]
2019-08-20 11:35:29,495 INFO  client.GrpcClientProtocolClient (GrpcClientProtocolClient.java:onNext(255)) - client-FC58CAF12498->aeb608e6-131f-44e0-aa35-97c12a2f72a3: receive RaftClientReply:client-FC58CAF12498->aeb608e6-131f-44e0-aa35-97c12a2f72a3@group-3F41E8AD953A, cid=877, SUCCESS, logIndex=1141, commits[aeb608e6-131f-44e0-aa35-97c12a2f72a3:c1142, b6a0d396-0e26-402b-ac58-4f0615a4fad6:c1138, 8b17640a-2548-4323-bd97-ba3488877b23:c1138]
2019-08-20 11:35:29,495 INFO  client.GrpcClientProtocolClient (GrpcClientProtocolClient.java:onNext(255)) - client-FC58CAF12498->aeb608e6-131f-44e0-aa35-97c12a2f72a3: receive RaftClientReply:client-FC58CAF12498->aeb608e6-131f-44e0-aa35-97c12a2f72a3@group-3F41E8AD953A, cid=878, SUCCESS, logIndex=1142, commits[aeb608e6-131f-44e0-aa35-97c12a2f72a3:c1142, b6a0d396-0e26-402b-ac58-4f0615a4fad6:c1138, 8b17640a-2548-4323-bd97-ba3488877b23:c1138]
2019-08-20 11:35:29,508 INFO  client.GrpcClientProtocolClient (GrpcClientProtocolClient.java:onNext(255)) - client-FC58CAF12498->aeb608e6-131f-44e0-aa35-97c12a2f72a3: receive RaftClientReply:client-FC58CAF12498->aeb608e6-131f-44e0-aa35-97c12a2f72a3@group-3F41E8AD953A, cid=879, SUCCESS, logIndex=0, commits[aeb608e6-131f-44e0-aa35-97c12a2f72a3:c1144, b6a0d396-0e26-402b-ac58-4f0615a4fad6:c1142, 8b17640a-2548-4323-bd97-ba3488877b23:c1142]
2019-08-20 11:35:29,532 INFO  client.GrpcClientProtocolClient (GrpcClientProtocolClient.java:onNext(255)) - client-FC58CAF12498->aeb608e6-131f-44e0-aa35-97c12a2f72a3: receive RaftClientReply:client-FC58CAF12498->aeb608e6-131f-44e0-aa35-97c12a2f72a3@group-3F41E8AD953A, cid=880, SUCCESS, logIndex=1145, commits[aeb608e6-131f-44e0-aa35-97c12a2f72a3:c1146, b6a0d396-0e26-402b-ac58-4f0615a4fad6:c1144, 8b17640a-2548-4323-bd97-ba3488877b23:c1144]
2019-08-20 11:35:29,533 INFO  client.GrpcClientProtocolClient (GrpcClientProtocolClient.java:onNext(255)) - client-FC58CAF12498->aeb608e6-131f-44e0-aa35-97c12a2f72a3: receive RaftClientReply:client-FC58CAF12498->aeb608e6-131f-44e0-aa35-97c12a2f72a3@group-3F41E8AD953A, cid=881, SUCCESS, logIndex=1146, commits[aeb608e6-131f-44e0-aa35-97c12a2f72a3:c1146, b6a0d396-0e26-402b-ac58-4f0615a4fad6:c1144, 8b17640a-2548-4323-bd97-ba3488877b23:c1144]
2019-08-20 11:35:29,542 INFO  client.GrpcClientProtocolClient (GrpcClientProtocolClient.java:onNext(255)) - client-FC58CAF12498->aeb608e6-131f-44e0-aa35-97c12a2f72a3: receive RaftClientReply:client-FC58CAF12498->aeb608e6-131f-44e0-aa35-97c12a2f72a3@group-3F41E8AD953A, cid=882, SUCCESS, logIndex=1147, commits[aeb608e6-131f-44e0-aa35-97c12a2f72a3:c1148, b6a0d396-0e26-402b-ac58-4f0615a4fad6:c1144, 8b17640a-2548-4323-bd97-ba3488877b23:c1144]
2019-08-20 11:35:29,544 INFO  client.GrpcClientProtocolClient (GrpcClientProtocolClient.java:onNext(255)) - client-FC58CAF12498->aeb608e6-131f-44e0-aa35-97c12a2f72a3: receive RaftClientReply:client-FC58CAF12498->aeb608e6-131f-44e0-aa35-97c12a2f72a3@group-3F41E8AD953A, cid=883, SUCCESS, logIndex=1148, commits[aeb608e6-131f-44e0-aa35-97c12a2f72a3:c1149, b6a0d396-0e26-402b-ac58-4f0615a4fad6:c1145, 8b17640a-2548-4323-bd97-ba3488877b23:c1144]
2019-08-20 11:35:29,545 INFO  client.GrpcClientProtocolClient (GrpcClientProtocolClient.java:onNext(255)) - client-FC58CAF12498->aeb608e6-131f-44e0-aa35-97c12a2f72a3: receive RaftClientReply:client-FC58CAF12498->aeb608e6-131f-44e0-aa35-97c12a2f72a3@group-3F41E8AD953A, cid=884, SUCCESS, logIndex=0, commits[aeb608e6-131f-44e0-aa35-97c12a2f72a3:c1152, b6a0d396-0e26-402b-ac58-4f0615a4fad6:c1148, 8b17640a-2548-4323-bd97-ba3488877b23:c1148]
2019-08-20 11:35:29,560 INFO  client.GrpcClientProtocolClient (GrpcClientProtocolClient.java:onNext(255)) - client-FC58CAF12498->aeb608e6-131f-44e0-aa35-97c12a2f72a3: receive RaftClientReply:client-FC58CAF12498->aeb608e6-131f-44e0-aa35-97c12a2f72a3@group-3F41E8AD953A, cid=885, SUCCESS, logIndex=1153, commits[aeb608e6-131f-44e0-aa35-97c12a2f72a3:c1154, b6a0d396-0e26-402b-ac58-4f0615a4fad6:c1152, 8b17640a-2548-4323-bd97-ba3488877b23:c1152]
2019-08-20 11:35:29,560 INFO  client.GrpcClientProtocolClient (GrpcClientProtocolClient.java:onNext(255)) - client-FC58CAF12498->aeb608e6-131f-44e0-aa35-97c12a2f72a3: receive RaftClientReply:client-FC58CAF12498->aeb608e6-131f-44e0-aa35-97c12a2f72a3@group-3F41E8AD953A, cid=886, SUCCESS, logIndex=1154, commits[aeb608e6-131f-44e0-aa35-97c12a2f72a3:c1154, b6a0d396-0e26-402b-ac58-4f0615a4fad6:c1152, 8b17640a-2548-4323-bd97-ba3488877b23:c1152]
2019-08-20 11:35:29,582 INFO  client.GrpcClientProtocolClient (GrpcClientProtocolClient.java:onNext(255)) - client-FC58CAF12498->aeb608e6-131f-44e0-aa35-97c12a2f72a3: receive RaftClientReply:client-FC58CAF12498->aeb608e6-131f-44e0-aa35-97c12a2f72a3@group-3F41E8AD953A, cid=887, SUCCESS, logIndex=1157, commits[aeb608e6-131f-44e0-aa35-97c12a2f72a3:c1158, b6a0d396-0e26-402b-ac58-4f0615a4fad6:c1154, 8b17640a-2548-4323-bd97-ba3488877b23:c1154]
2019-08-20 11:35:29,583 INFO  client.GrpcClientProtocolClient (GrpcClientProtocolClient.java:onNext(255)) - client-FC58CAF12498->aeb608e6-131f-44e0-aa35-97c12a2f72a3: receive RaftClientReply:client-FC58CAF12498->aeb608e6-131f-44e0-aa35-97c12a2f72a3@group-3F41E8AD953A, cid=888, SUCCESS, logIndex=1158, commits[aeb608e6-131f-44e0-aa35-97c12a2f72a3:c1158, b6a0d396-0e26-402b-ac58-4f0615a4fad6:c1154, 8b17640a-2548-4323-bd97-ba3488877b23:c1154]
2019-08-20 11:35:29,593 INFO  client.GrpcClientProtocolClient (GrpcClientProtocolClient.java:onNext(255)) - client-FC58CAF12498->aeb608e6-131f-44e0-aa35-97c12a2f72a3: receive RaftClientReply:client-FC58CAF12498->aeb608e6-131f-44e0-aa35-97c12a2f72a3@group-3F41E8AD953A, cid=889, SUCCESS, logIndex=0, commits[aeb608e6-131f-44e0-aa35-97c12a2f72a3:c1160, b6a0d396-0e26-402b-ac58-4f0615a4fad6:c1158, 8b17640a-2548-4323-bd97-ba3488877b23:c1158]
2019-08-20 11:35:29,619 INFO  client.GrpcClientProtocolClient (GrpcClientProtocolClient.java:onNext(255)) - client-FC58CAF12498->aeb608e6-131f-44e0-aa35-97c12a2f72a3: receive RaftClientReply:client-FC58CAF12498->aeb608e6-131f-44e0-aa35-97c12a2f72a3@group-3F41E8AD953A, cid=890, SUCCESS, logIndex=1161, commits[aeb608e6-131f-44e0-aa35-97c12a2f72a3:c1163, b6a0d396-0e26-402b-ac58-4f0615a4fad6:c1160, 8b17640a-2548-4323-bd97-ba3488877b23:c1160]
2019-08-20 11:35:29,620 INFO  client.GrpcClientProtocolClient (GrpcClientProtocolClient.java:onNext(255)) - client-FC58CAF12498->aeb608e6-131f-44e0-aa35-97c12a2f72a3: receive RaftClientReply:client-FC58CAF12498->aeb608e6-131f-44e0-aa35-97c12a2f72a3@group-3F41E8AD953A, cid=891, SUCCESS, logIndex=1162, commits[aeb608e6-131f-44e0-aa35-97c12a2f72a3:c1163, b6a0d396-0e26-402b-ac58-4f0615a4fad6:c1160, 8b17640a-2548-4323-bd97-ba3488877b23:c1160]
2019-08-20 11:35:29,620 INFO  client.GrpcClientProtocolClient (GrpcClientProtocolClient.java:onNext(255)) - client-FC58CAF12498->aeb608e6-131f-44e0-aa35-97c12a2f72a3: receive RaftClientReply:client-FC58CAF12498->aeb608e6-131f-44e0-aa35-97c12a2f72a3@group-3F41E8AD953A, cid=892, SUCCESS, logIndex=1163, commits[aeb608e6-131f-44e0-aa35-97c12a2f72a3:c1164, b6a0d396-0e26-402b-ac58-4f0615a4fad6:c1160, 8b17640a-2548-4323-bd97-ba3488877b23:c1160]
2019-08-20 11:35:29,621 INFO  client.GrpcClientProtocolClient (GrpcClientProtocolClient.java:onNext(255)) - client-FC58CAF12498->aeb608e6-131f-44e0-aa35-97c12a2f72a3: receive RaftClientReply:client-FC58CAF12498->aeb608e6-131f-44e0-aa35-97c12a2f72a3@group-3F41E8AD953A, cid=893, SUCCESS, logIndex=1164, commits[aeb608e6-131f-44e0-aa35-97c12a2f72a3:c1164, b6a0d396-0e26-402b-ac58-4f0615a4fad6:c1160, 8b17640a-2548-4323-bd97-ba3488877b23:c1160]
2019-08-20 11:35:30,051 INFO  client.GrpcClientProtocolClient (GrpcClientProtocolClient.java:onNext(255)) - client-FC58CAF12498->aeb608e6-131f-44e0-aa35-97c12a2f72a3: receive RaftClientReply:client-FC58CAF12498->aeb608e6-131f-44e0-aa35-97c12a2f72a3@group-3F41E8AD953A, cid=894, SUCCESS, logIndex=0, commits[aeb608e6-131f-44e0-aa35-97c12a2f72a3:c1166, b6a0d396-0e26-402b-ac58-4f0615a4fad6:c1163, 8b17640a-2548-4323-bd97-ba3488877b23:c1163]
2019-08-20 11:35:30,080 INFO  client.GrpcClientProtocolClient (GrpcClientProtocolClient.java:onNext(255)) - client-FC58CAF12498->aeb608e6-131f-44e0-aa35-97c12a2f72a3: receive RaftClientReply:client-FC58CAF12498->aeb608e6-131f-44e0-aa35-97c12a2f72a3@group-3F41E8AD953A, cid=895, SUCCESS, logIndex=1168, commits[aeb608e6-131f-44e0-aa35-97c12a2f72a3:c1169, b6a0d396-0e26-402b-ac58-4f0615a4fad6:c1167, 8b17640a-2548-4323-bd97-ba3488877b23:c1167]
2019-08-20 11:35:30,081 INFO  client.GrpcClientProtocolClient (GrpcClientProtocolClient.java:onNext(255)) - client-FC58CAF12498->aeb608e6-131f-44e0-aa35-97c12a2f72a3: receive RaftClientReply:client-FC58CAF12498->aeb608e6-131f-44e0-aa35-97c12a2f72a3@group-3F41E8AD953A, cid=896, SUCCESS, logIndex=1169, commits[aeb608e6-131f-44e0-aa35-97c12a2f72a3:c1169, b6a0d396-0e26-402b-ac58-4f0615a4fad6:c1167, 8b17640a-2548-4323-bd97-ba3488877b23:c1167]
2019-08-20 11:35:30,107 INFO  client.GrpcClientProtocolClient (GrpcClientProtocolClient.java:onNext(255)) - client-FC58CAF12498->aeb608e6-131f-44e0-aa35-97c12a2f72a3: receive RaftClientReply:client-FC58CAF12498->aeb608e6-131f-44e0-aa35-97c12a2f72a3@group-3F41E8AD953A, cid=897, SUCCESS, logIndex=1172, commits[aeb608e6-131f-44e0-aa35-97c12a2f72a3:c1173, b6a0d396-0e26-402b-ac58-4f0615a4fad6:c1169, 8b17640a-2548-4323-bd97-ba3488877b23:c1168]
2019-08-20 11:35:30,108 INFO  client.GrpcClientProtocolClient (GrpcClientProtocolClient.java:onNext(255)) - client-FC58CAF12498->aeb608e6-131f-44e0-aa35-97c12a2f72a3: receive RaftClientReply:client-FC58CAF12498->aeb608e6-131f-44e0-aa35-97c12a2f72a3@group-3F41E8AD953A, cid=898, SUCCESS, logIndex=1173, commits[aeb608e6-131f-44e0-aa35-97c12a2f72a3:c1173, b6a0d396-0e26-402b-ac58-4f0615a4fad6:c1169, 8b17640a-2548-4323-bd97-ba3488877b23:c1169]
2019-08-20 11:35:30,111 INFO  client.GrpcClientProtocolClient (GrpcClientProtocolClient.java:onNext(255)) - client-FC58CAF12498->aeb608e6-131f-44e0-aa35-97c12a2f72a3: receive RaftClientReply:client-FC58CAF12498->aeb608e6-131f-44e0-aa35-97c12a2f72a3@group-3F41E8AD953A, cid=899, SUCCESS, logIndex=0, commits[aeb608e6-131f-44e0-aa35-97c12a2f72a3:c1175, b6a0d396-0e26-402b-ac58-4f0615a4fad6:c1173, 8b17640a-2548-4323-bd97-ba3488877b23:c1173]
 0.00% |█                                                                                                    |  0/1 Time: 0:00:042019-08-20 11:35:30,323 INFO  client.GrpcClientProtocolClient (GrpcClientProtocolClient.java:onNext(255)) - client-FC58CAF12498->aeb608e6-131f-44e0-aa35-97c12a2f72a3: receive RaftClientReply:client-FC58CAF12498->aeb608e6-131f-44e0-aa35-97c12a2f72a3@group-3F41E8AD953A, cid=900, SUCCESS, logIndex=1176, commits[aeb608e6-131f-44e0-aa35-97c12a2f72a3:c1177, b6a0d396-0e26-402b-ac58-4f0615a4fad6:c1173, 8b17640a-2548-4323-bd97-ba3488877b23:c1175]
2019-08-20 11:35:30,324 INFO  client.GrpcClientProtocolClient (GrpcClientProtocolClient.java:onNext(255)) - client-FC58CAF12498->aeb608e6-131f-44e0-aa35-97c12a2f72a3: receive RaftClientReply:client-FC58CAF12498->aeb608e6-131f-44e0-aa35-97c12a2f72a3@group-3F41E8AD953A, cid=901, SUCCESS, logIndex=1177, commits[aeb608e6-131f-44e0-aa35-97c12a2f72a3:c1177, b6a0d396-0e26-402b-ac58-4f0615a4fad6:c1173, 8b17640a-2548-4323-bd97-ba3488877b23:c1175]
2019-08-20 11:35:30,337 INFO  client.GrpcClientProtocolClient (GrpcClientProtocolClient.java:onNext(255)) - client-FC58CAF12498->aeb608e6-131f-44e0-aa35-97c12a2f72a3: receive RaftClientReply:client-FC58CAF12498->aeb608e6-131f-44e0-aa35-97c12a2f72a3@group-3F41E8AD953A, cid=902, SUCCESS, logIndex=1178, commits[aeb608e6-131f-44e0-aa35-97c12a2f72a3:c1181, b6a0d396-0e26-402b-ac58-4f0615a4fad6:c1177, 8b17640a-2548-4323-bd97-ba3488877b23:c1175]
2019-08-20 11:35:30,337 INFO  client.GrpcClientProtocolClient (GrpcClientProtocolClient.java:onNext(255)) - client-FC58CAF12498->aeb608e6-131f-44e0-aa35-97c12a2f72a3: receive RaftClientReply:client-FC58CAF12498->aeb608e6-131f-44e0-aa35-97c12a2f72a3@group-3F41E8AD953A, cid=903, SUCCESS, logIndex=1179, commits[aeb608e6-131f-44e0-aa35-97c12a2f72a3:c1181, b6a0d396-0e26-402b-ac58-4f0615a4fad6:c1177, 8b17640a-2548-4323-bd97-ba3488877b23:c1177]
2019-08-20 11:35:30,362 INFO  client.GrpcClientProtocolClient (GrpcClientProtocolClient.java:onNext(255)) - client-FC58CAF12498->aeb608e6-131f-44e0-aa35-97c12a2f72a3: receive RaftClientReply:client-FC58CAF12498->aeb608e6-131f-44e0-aa35-97c12a2f72a3@group-3F41E8AD953A, cid=904, SUCCESS, logIndex=1184, commits[aeb608e6-131f-44e0-aa35-97c12a2f72a3:c1185, b6a0d396-0e26-402b-ac58-4f0615a4fad6:c1181, 8b17640a-2548-4323-bd97-ba3488877b23:c1179]
2019-08-20 11:35:30,362 INFO  client.GrpcClientProtocolClient (GrpcClientProtocolClient.java:onNext(255)) - client-FC58CAF12498->aeb608e6-131f-44e0-aa35-97c12a2f72a3: receive RaftClientReply:client-FC58CAF12498->aeb608e6-131f-44e0-aa35-97c12a2f72a3@group-3F41E8AD953A, cid=905, SUCCESS, logIndex=1185, commits[aeb608e6-131f-44e0-aa35-97c12a2f72a3:c1185, b6a0d396-0e26-402b-ac58-4f0615a4fad6:c1181, 8b17640a-2548-4323-bd97-ba3488877b23:c1181]
2019-08-20 11:35:30,384 INFO  client.GrpcClientProtocolClient (GrpcClientProtocolClient.java:onNext(255)) - client-FC58CAF12498->aeb608e6-131f-44e0-aa35-97c12a2f72a3: receive RaftClientReply:client-FC58CAF12498->aeb608e6-131f-44e0-aa35-97c12a2f72a3@group-3F41E8AD953A, cid=906, SUCCESS, logIndex=1188, commits[aeb608e6-131f-44e0-aa35-97c12a2f72a3:c1189, b6a0d396-0e26-402b-ac58-4f0615a4fad6:c1187, 8b17640a-2548-4323-bd97-ba3488877b23:c1187]
2019-08-20 11:35:30,384 INFO  client.GrpcClientProtocolClient (GrpcClientProtocolClient.java:onNext(255)) - client-FC58CAF12498->aeb608e6-131f-44e0-aa35-97c12a2f72a3: receive RaftClientReply:client-FC58CAF12498->aeb608e6-131f-44e0-aa35-97c12a2f72a3@group-3F41E8AD953A, cid=907, SUCCESS, logIndex=1189, commits[aeb608e6-131f-44e0-aa35-97c12a2f72a3:c1189, b6a0d396-0e26-402b-ac58-4f0615a4fad6:c1187, 8b17640a-2548-4323-bd97-ba3488877b23:c1187]
2019-08-20 11:35:30,396 INFO  client.GrpcClientProtocolClient (GrpcClientProtocolClient.java:onNext(255)) - client-FC58CAF12498->aeb608e6-131f-44e0-aa35-97c12a2f72a3: receive RaftClientReply:client-FC58CAF12498->aeb608e6-131f-44e0-aa35-97c12a2f72a3@group-3F41E8AD953A, cid=908, SUCCESS, logIndex=0, commits[aeb608e6-131f-44e0-aa35-97c12a2f72a3:c1191, b6a0d396-0e26-402b-ac58-4f0615a4fad6:c1189, 8b17640a-2548-4323-bd97-ba3488877b23:c1189]
2019-08-20 11:35:30,418 INFO  client.GrpcClientProtocolClient (GrpcClientProtocolClient.java:onNext(255)) - client-FC58CAF12498->aeb608e6-131f-44e0-aa35-97c12a2f72a3: receive RaftClientReply:client-FC58CAF12498->aeb608e6-131f-44e0-aa35-97c12a2f72a3@group-3F41E8AD953A, cid=909, SUCCESS, logIndex=1192, commits[aeb608e6-131f-44e0-aa35-97c12a2f72a3:c1193, b6a0d396-0e26-402b-ac58-4f0615a4fad6:c1191, 8b17640a-2548-4323-bd97-ba3488877b23:c1191]
2019-08-20 11:35:30,418 INFO  client.GrpcClientProtocolClient (GrpcClientProtocolClient.java:onNext(255)) - client-FC58CAF12498->aeb608e6-131f-44e0-aa35-97c12a2f72a3: receive RaftClientReply:client-FC58CAF12498->aeb608e6-131f-44e0-aa35-97c12a2f72a3@group-3F41E8AD953A, cid=910, SUCCESS, logIndex=1193, commits[aeb608e6-131f-44e0-aa35-97c12a2f72a3:c1193, b6a0d396-0e26-402b-ac58-4f0615a4fad6:c1191, 8b17640a-2548-4323-bd97-ba3488877b23:c1191]
2019-08-20 11:35:30,419 INFO  client.GrpcClientProtocolClient (GrpcClientProtocolClient.java:onNext(255)) - client-FC58CAF12498->aeb608e6-131f-44e0-aa35-97c12a2f72a3: receive RaftClientReply:client-FC58CAF12498->aeb608e6-131f-44e0-aa35-97c12a2f72a3@group-3F41E8AD953A, cid=911, SUCCESS, logIndex=1194, commits[aeb608e6-131f-44e0-aa35-97c12a2f72a3:c1195, b6a0d396-0e26-402b-ac58-4f0615a4fad6:c1191, 8b17640a-2548-4323-bd97-ba3488877b23:c1191]
2019-08-20 11:35:30,419 INFO  client.GrpcClientProtocolClient (GrpcClientProtocolClient.java:onNext(255)) - client-FC58CAF12498->aeb608e6-131f-44e0-aa35-97c12a2f72a3: receive RaftClientReply:client-FC58CAF12498->aeb608e6-131f-44e0-aa35-97c12a2f72a3@group-3F41E8AD953A, cid=912, SUCCESS, logIndex=1195, commits[aeb608e6-131f-44e0-aa35-97c12a2f72a3:c1195, b6a0d396-0e26-402b-ac58-4f0615a4fad6:c1192, 8b17640a-2548-4323-bd97-ba3488877b23:c1191]
2019-08-20 11:35:30,421 INFO  client.GrpcClientProtocolClient (GrpcClientProtocolClient.java:onNext(255)) - client-FC58CAF12498->aeb608e6-131f-44e0-aa35-97c12a2f72a3: receive RaftClientReply:client-FC58CAF12498->aeb608e6-131f-44e0-aa35-97c12a2f72a3@group-3F41E8AD953A, cid=913, SUCCESS, logIndex=0, commits[aeb608e6-131f-44e0-aa35-97c12a2f72a3:c1197, b6a0d396-0e26-402b-ac58-4f0615a4fad6:c1193, 8b17640a-2548-4323-bd97-ba3488877b23:c1193]
2019-08-20 11:35:30,442 INFO  client.GrpcClientProtocolClient (GrpcClientProtocolClient.java:onNext(255)) - client-FC58CAF12498->aeb608e6-131f-44e0-aa35-97c12a2f72a3: receive RaftClientReply:client-FC58CAF12498->aeb608e6-131f-44e0-aa35-97c12a2f72a3@group-3F41E8AD953A, cid=914, SUCCESS, logIndex=1200, commits[aeb608e6-131f-44e0-aa35-97c12a2f72a3:c1201, b6a0d396-0e26-402b-ac58-4f0615a4fad6:c1199, 8b17640a-2548-4323-bd97-ba3488877b23:c1199]
2019-08-20 11:35:30,442 INFO  client.GrpcClientProtocolClient (GrpcClientProtocolClient.java:onNext(255)) - client-FC58CAF12498->aeb608e6-131f-44e0-aa35-97c12a2f72a3: receive RaftClientReply:client-FC58CAF12498->aeb608e6-131f-44e0-aa35-97c12a2f72a3@group-3F41E8AD953A, cid=915, SUCCESS, logIndex=1201, commits[aeb608e6-131f-44e0-aa35-97c12a2f72a3:c1201, b6a0d396-0e26-402b-ac58-4f0615a4fad6:c1199, 8b17640a-2548-4323-bd97-ba3488877b23:c1199]
2019-08-20 11:35:30,456 INFO  client.GrpcClientProtocolClient (GrpcClientProtocolClient.java:onNext(255)) - client-FC58CAF12498->aeb608e6-131f-44e0-aa35-97c12a2f72a3: receive RaftClientReply:client-FC58CAF12498->aeb608e6-131f-44e0-aa35-97c12a2f72a3@group-3F41E8AD953A, cid=916, SUCCESS, logIndex=1204, commits[aeb608e6-131f-44e0-aa35-97c12a2f72a3:c1205, b6a0d396-0e26-402b-ac58-4f0615a4fad6:c1201, 8b17640a-2548-4323-bd97-ba3488877b23:c1201]
2019-08-20 11:35:30,457 INFO  client.GrpcClientProtocolClient (GrpcClientProtocolClient.java:onNext(255)) - client-FC58CAF12498->aeb608e6-131f-44e0-aa35-97c12a2f72a3: receive RaftClientReply:client-FC58CAF12498->aeb608e6-131f-44e0-aa35-97c12a2f72a3@group-3F41E8AD953A, cid=917, SUCCESS, logIndex=1205, commits[aeb608e6-131f-44e0-aa35-97c12a2f72a3:c1205, b6a0d396-0e26-402b-ac58-4f0615a4fad6:c1201, 8b17640a-2548-4323-bd97-ba3488877b23:c1201]
2019-08-20 11:35:30,459 INFO  client.GrpcClientProtocolClient (GrpcClientProtocolClient.java:onNext(255)) - client-FC58CAF12498->aeb608e6-131f-44e0-aa35-97c12a2f72a3: receive RaftClientReply:client-FC58CAF12498->aeb608e6-131f-44e0-aa35-97c12a2f72a3@group-3F41E8AD953A, cid=918, SUCCESS, logIndex=0, commits[aeb608e6-131f-44e0-aa35-97c12a2f72a3:c1206, b6a0d396-0e26-402b-ac58-4f0615a4fad6:c1205, 8b17640a-2548-4323-bd97-ba3488877b23:c1205]
2019-08-20 11:35:30,484 INFO  client.GrpcClientProtocolClient (GrpcClientProtocolClient.java:onNext(255)) - client-FC58CAF12498->aeb608e6-131f-44e0-aa35-97c12a2f72a3: receive RaftClientReply:client-FC58CAF12498->aeb608e6-131f-44e0-aa35-97c12a2f72a3@group-3F41E8AD953A, cid=919, SUCCESS, logIndex=1208, commits[aeb608e6-131f-44e0-aa35-97c12a2f72a3:c1209, b6a0d396-0e26-402b-ac58-4f0615a4fad6:c1206, 8b17640a-2548-4323-bd97-ba3488877b23:c1206]
2019-08-20 11:35:30,484 INFO  client.GrpcClientProtocolClient (GrpcClientProtocolClient.java:onNext(255)) - client-FC58CAF12498->aeb608e6-131f-44e0-aa35-97c12a2f72a3: receive RaftClientReply:client-FC58CAF12498->aeb608e6-131f-44e0-aa35-97c12a2f72a3@group-3F41E8AD953A, cid=920, SUCCESS, logIndex=1209, commits[aeb608e6-131f-44e0-aa35-97c12a2f72a3:c1211, b6a0d396-0e26-402b-ac58-4f0615a4fad6:c1207, 8b17640a-2548-4323-bd97-ba3488877b23:c1206]
2019-08-20 11:35:30,484 INFO  client.GrpcClientProtocolClient (GrpcClientProtocolClient.java:onNext(255)) - client-FC58CAF12498->aeb608e6-131f-44e0-aa35-97c12a2f72a3: receive RaftClientReply:client-FC58CAF12498->aeb608e6-131f-44e0-aa35-97c12a2f72a3@group-3F41E8AD953A, cid=921, SUCCESS, logIndex=1210, commits[aeb608e6-131f-44e0-aa35-97c12a2f72a3:c1211, b6a0d396-0e26-402b-ac58-4f0615a4fad6:c1207, 8b17640a-2548-4323-bd97-ba3488877b23:c1207]
2019-08-20 11:35:30,485 INFO  client.GrpcClientProtocolClient (GrpcClientProtocolClient.java:onNext(255)) - client-FC58CAF12498->aeb608e6-131f-44e0-aa35-97c12a2f72a3: receive RaftClientReply:client-FC58CAF12498->aeb608e6-131f-44e0-aa35-97c12a2f72a3@group-3F41E8AD953A, cid=922, SUCCESS, logIndex=1211, commits[aeb608e6-131f-44e0-aa35-97c12a2f72a3:c1211, b6a0d396-0e26-402b-ac58-4f0615a4fad6:c1207, 8b17640a-2548-4323-bd97-ba3488877b23:c1207]
2019-08-20 11:35:30,494 INFO  client.GrpcClientProtocolClient (GrpcClientProtocolClient.java:onNext(255)) - client-FC58CAF12498->aeb608e6-131f-44e0-aa35-97c12a2f72a3: receive RaftClientReply:client-FC58CAF12498->aeb608e6-131f-44e0-aa35-97c12a2f72a3@group-3F41E8AD953A, cid=923, SUCCESS, logIndex=0, commits[aeb608e6-131f-44e0-aa35-97c12a2f72a3:c1213, b6a0d396-0e26-402b-ac58-4f0615a4fad6:c1209, 8b17640a-2548-4323-bd97-ba3488877b23:c1209]
2019-08-20 11:35:30,512 INFO  client.GrpcClientProtocolClient (GrpcClientProtocolClient.java:onNext(255)) - client-FC58CAF12498->aeb608e6-131f-44e0-aa35-97c12a2f72a3: receive RaftClientReply:client-FC58CAF12498->aeb608e6-131f-44e0-aa35-97c12a2f72a3@group-3F41E8AD953A, cid=924, SUCCESS, logIndex=1215, commits[aeb608e6-131f-44e0-aa35-97c12a2f72a3:c1216, b6a0d396-0e26-402b-ac58-4f0615a4fad6:c1214, 8b17640a-2548-4323-bd97-ba3488877b23:c1214]
2019-08-20 11:35:30,513 INFO  client.GrpcClientProtocolClient (GrpcClientProtocolClient.java:onNext(255)) - client-FC58CAF12498->aeb608e6-131f-44e0-aa35-97c12a2f72a3: receive RaftClientReply:client-FC58CAF12498->aeb608e6-131f-44e0-aa35-97c12a2f72a3@group-3F41E8AD953A, cid=925, SUCCESS, logIndex=1216, commits[aeb608e6-131f-44e0-aa35-97c12a2f72a3:c1216, b6a0d396-0e26-402b-ac58-4f0615a4fad6:c1214, 8b17640a-2548-4323-bd97-ba3488877b23:c1214]
2019-08-20 11:35:30,533 INFO  client.GrpcClientProtocolClient (GrpcClientProtocolClient.java:onNext(255)) - client-FC58CAF12498->aeb608e6-131f-44e0-aa35-97c12a2f72a3: receive RaftClientReply:client-FC58CAF12498->aeb608e6-131f-44e0-aa35-97c12a2f72a3@group-3F41E8AD953A, cid=926, SUCCESS, logIndex=1219, commits[aeb608e6-131f-44e0-aa35-97c12a2f72a3:c1220, b6a0d396-0e26-402b-ac58-4f0615a4fad6:c1216, 8b17640a-2548-4323-bd97-ba3488877b23:c1215]
2019-08-20 11:35:30,533 INFO  client.GrpcClientProtocolClient (GrpcClientProtocolClient.java:onNext(255)) - client-FC58CAF12498->aeb608e6-131f-44e0-aa35-97c12a2f72a3: receive RaftClientReply:client-FC58CAF12498->aeb608e6-131f-44e0-aa35-97c12a2f72a3@group-3F41E8AD953A, cid=927, SUCCESS, logIndex=1220, commits[aeb608e6-131f-44e0-aa35-97c12a2f72a3:c1220, b6a0d396-0e26-402b-ac58-4f0615a4fad6:c1216, 8b17640a-2548-4323-bd97-ba3488877b23:c1216]
2019-08-20 11:35:30,535 INFO  client.GrpcClientProtocolClient (GrpcClientProtocolClient.java:onNext(255)) - client-FC58CAF12498->aeb608e6-131f-44e0-aa35-97c12a2f72a3: receive RaftClientReply:client-FC58CAF12498->aeb608e6-131f-44e0-aa35-97c12a2f72a3@group-3F41E8AD953A, cid=928, SUCCESS, logIndex=0, commits[aeb608e6-131f-44e0-aa35-97c12a2f72a3:c1221, b6a0d396-0e26-402b-ac58-4f0615a4fad6:c1220, 8b17640a-2548-4323-bd97-ba3488877b23:c1220]
2019-08-20 11:35:30,561 INFO  client.GrpcClientProtocolClient (GrpcClientProtocolClient.java:onNext(255)) - client-FC58CAF12498->aeb608e6-131f-44e0-aa35-97c12a2f72a3: receive RaftClientReply:client-FC58CAF12498->aeb608e6-131f-44e0-aa35-97c12a2f72a3@group-3F41E8AD953A, cid=929, SUCCESS, logIndex=1223, commits[aeb608e6-131f-44e0-aa35-97c12a2f72a3:c1225, b6a0d396-0e26-402b-ac58-4f0615a4fad6:c1222, 8b17640a-2548-4323-bd97-ba3488877b23:c1222]
2019-08-20 11:35:30,562 INFO  client.GrpcClientProtocolClient (GrpcClientProtocolClient.java:onNext(255)) - client-FC58CAF12498->aeb608e6-131f-44e0-aa35-97c12a2f72a3: receive RaftClientReply:client-FC58CAF12498->aeb608e6-131f-44e0-aa35-97c12a2f72a3@group-3F41E8AD953A, cid=930, SUCCESS, logIndex=1224, commits[aeb608e6-131f-44e0-aa35-97c12a2f72a3:c1226, b6a0d396-0e26-402b-ac58-4f0615a4fad6:c1222, 8b17640a-2548-4323-bd97-ba3488877b23:c1222]
2019-08-20 11:35:30,562 INFO  client.GrpcClientProtocolClient (GrpcClientProtocolClient.java:onNext(255)) - client-FC58CAF12498->aeb608e6-131f-44e0-aa35-97c12a2f72a3: receive RaftClientReply:client-FC58CAF12498->aeb608e6-131f-44e0-aa35-97c12a2f72a3@group-3F41E8AD953A, cid=931, SUCCESS, logIndex=1225, commits[aeb608e6-131f-44e0-aa35-97c12a2f72a3:c1226, b6a0d396-0e26-402b-ac58-4f0615a4fad6:c1222, 8b17640a-2548-4323-bd97-ba3488877b23:c1222]
2019-08-20 11:35:30,563 INFO  client.GrpcClientProtocolClient (GrpcClientProtocolClient.java:onNext(255)) - client-FC58CAF12498->aeb608e6-131f-44e0-aa35-97c12a2f72a3: receive RaftClientReply:client-FC58CAF12498->aeb608e6-131f-44e0-aa35-97c12a2f72a3@group-3F41E8AD953A, cid=932, SUCCESS, logIndex=1226, commits[aeb608e6-131f-44e0-aa35-97c12a2f72a3:c1226, b6a0d396-0e26-402b-ac58-4f0615a4fad6:c1222, 8b17640a-2548-4323-bd97-ba3488877b23:c1222]
2019-08-20 11:35:30,564 INFO  client.GrpcClientProtocolClient (GrpcClientProtocolClient.java:onNext(255)) - client-FC58CAF12498->aeb608e6-131f-44e0-aa35-97c12a2f72a3: receive RaftClientReply:client-FC58CAF12498->aeb608e6-131f-44e0-aa35-97c12a2f72a3@group-3F41E8AD953A, cid=933, SUCCESS, logIndex=0, commits[aeb608e6-131f-44e0-aa35-97c12a2f72a3:c1230, b6a0d396-0e26-402b-ac58-4f0615a4fad6:c1226, 8b17640a-2548-4323-bd97-ba3488877b23:c1226]
2019-08-20 11:35:30,583 INFO  client.GrpcClientProtocolClient (GrpcClientProtocolClient.java:onNext(255)) - client-FC58CAF12498->aeb608e6-131f-44e0-aa35-97c12a2f72a3: receive RaftClientReply:client-FC58CAF12498->aeb608e6-131f-44e0-aa35-97c12a2f72a3@group-3F41E8AD953A, cid=934, SUCCESS, logIndex=1231, commits[aeb608e6-131f-44e0-aa35-97c12a2f72a3:c1232, b6a0d396-0e26-402b-ac58-4f0615a4fad6:c1230, 8b17640a-2548-4323-bd97-ba3488877b23:c1230]
2019-08-20 11:35:30,584 INFO  client.GrpcClientProtocolClient (GrpcClientProtocolClient.java:onNext(255)) - client-FC58CAF12498->aeb608e6-131f-44e0-aa35-97c12a2f72a3: receive RaftClientReply:client-FC58CAF12498->aeb608e6-131f-44e0-aa35-97c12a2f72a3@group-3F41E8AD953A, cid=935, SUCCESS, logIndex=1232, commits[aeb608e6-131f-44e0-aa35-97c12a2f72a3:c1232, b6a0d396-0e26-402b-ac58-4f0615a4fad6:c1230, 8b17640a-2548-4323-bd97-ba3488877b23:c1230]
2019-08-20 11:35:30,597 INFO  client.GrpcClientProtocolClient (GrpcClientProtocolClient.java:onNext(255)) - client-FC58CAF12498->aeb608e6-131f-44e0-aa35-97c12a2f72a3: receive RaftClientReply:client-FC58CAF12498->aeb608e6-131f-44e0-aa35-97c12a2f72a3@group-3F41E8AD953A, cid=936, SUCCESS, logIndex=1235, commits[aeb608e6-131f-44e0-aa35-97c12a2f72a3:c1236, b6a0d396-0e26-402b-ac58-4f0615a4fad6:c1232, 8b17640a-2548-4323-bd97-ba3488877b23:c1232]
2019-08-20 11:35:30,598 INFO  client.GrpcClientProtocolClient (GrpcClientProtocolClient.java:onNext(255)) - client-FC58CAF12498->aeb608e6-131f-44e0-aa35-97c12a2f72a3: receive RaftClientReply:client-FC58CAF12498->aeb608e6-131f-44e0-aa35-97c12a2f72a3@group-3F41E8AD953A, cid=937, SUCCESS, logIndex=1236, commits[aeb608e6-131f-44e0-aa35-97c12a2f72a3:c1236, b6a0d396-0e26-402b-ac58-4f0615a4fad6:c1232, 8b17640a-2548-4323-bd97-ba3488877b23:c1232]
2019-08-20 11:35:30,610 INFO  client.GrpcClientProtocolClient (GrpcClientProtocolClient.java:onNext(255)) - client-FC58CAF12498->aeb608e6-131f-44e0-aa35-97c12a2f72a3: receive RaftClientReply:client-FC58CAF12498->aeb608e6-131f-44e0-aa35-97c12a2f72a3@group-3F41E8AD953A, cid=938, SUCCESS, logIndex=0, commits[aeb608e6-131f-44e0-aa35-97c12a2f72a3:c1238, b6a0d396-0e26-402b-ac58-4f0615a4fad6:c1236, 8b17640a-2548-4323-bd97-ba3488877b23:c1236]
2019-08-20 11:35:30,629 INFO  client.GrpcClientProtocolClient (GrpcClientProtocolClient.java:onNext(255)) - client-FC58CAF12498->aeb608e6-131f-44e0-aa35-97c12a2f72a3: receive RaftClientReply:client-FC58CAF12498->aeb608e6-131f-44e0-aa35-97c12a2f72a3@group-3F41E8AD953A, cid=939, SUCCESS, logIndex=1239, commits[aeb608e6-131f-44e0-aa35-97c12a2f72a3:c1240, b6a0d396-0e26-402b-ac58-4f0615a4fad6:c1238, 8b17640a-2548-4323-bd97-ba3488877b23:c1238]
2019-08-20 11:35:30,629 INFO  client.GrpcClientProtocolClient (GrpcClientProtocolClient.java:onNext(255)) - client-FC58CAF12498->aeb608e6-131f-44e0-aa35-97c12a2f72a3: receive RaftClientReply:client-FC58CAF12498->aeb608e6-131f-44e0-aa35-97c12a2f72a3@group-3F41E8AD953A, cid=940, SUCCESS, logIndex=1240, commits[aeb608e6-131f-44e0-aa35-97c12a2f72a3:c1241, b6a0d396-0e26-402b-ac58-4f0615a4fad6:c1238, 8b17640a-2548-4323-bd97-ba3488877b23:c1238]
2019-08-20 11:35:30,630 INFO  client.GrpcClientProtocolClient (GrpcClientProtocolClient.java:onNext(255)) - client-FC58CAF12498->aeb608e6-131f-44e0-aa35-97c12a2f72a3: receive RaftClientReply:client-FC58CAF12498->aeb608e6-131f-44e0-aa35-97c12a2f72a3@group-3F41E8AD953A, cid=941, SUCCESS, logIndex=1241, commits[aeb608e6-131f-44e0-aa35-97c12a2f72a3:c1242, b6a0d396-0e26-402b-ac58-4f0615a4fad6:c1238, 8b17640a-2548-4323-bd97-ba3488877b23:c1238]
2019-08-20 11:35:30,630 INFO  client.GrpcClientProtocolClient (GrpcClientProtocolClient.java:onNext(255)) - client-FC58CAF12498->aeb608e6-131f-44e0-aa35-97c12a2f72a3: receive RaftClientReply:client-FC58CAF12498->aeb608e6-131f-44e0-aa35-97c12a2f72a3@group-3F41E8AD953A, cid=942, SUCCESS, logIndex=1242, commits[aeb608e6-131f-44e0-aa35-97c12a2f72a3:c1242, b6a0d396-0e26-402b-ac58-4f0615a4fad6:c1238, 8b17640a-2548-4323-bd97-ba3488877b23:c1238]
2019-08-20 11:35:30,643 INFO  client.GrpcClientProtocolClient (GrpcClientProtocolClient.java:onNext(255)) - client-FC58CAF12498->aeb608e6-131f-44e0-aa35-97c12a2f72a3: receive RaftClientReply:client-FC58CAF12498->aeb608e6-131f-44e0-aa35-97c12a2f72a3@group-3F41E8AD953A, cid=943, SUCCESS, logIndex=0, commits[aeb608e6-131f-44e0-aa35-97c12a2f72a3:c1244, b6a0d396-0e26-402b-ac58-4f0615a4fad6:c1240, 8b17640a-2548-4323-bd97-ba3488877b23:c1240]
2019-08-20 11:35:30,656 INFO  client.GrpcClientProtocolClient (GrpcClientProtocolClient.java:onNext(255)) - client-FC58CAF12498->aeb608e6-131f-44e0-aa35-97c12a2f72a3: receive RaftClientReply:client-FC58CAF12498->aeb608e6-131f-44e0-aa35-97c12a2f72a3@group-3F41E8AD953A, cid=944, SUCCESS, logIndex=1247, commits[aeb608e6-131f-44e0-aa35-97c12a2f72a3:c1248, b6a0d396-0e26-402b-ac58-4f0615a4fad6:c1244, 8b17640a-2548-4323-bd97-ba3488877b23:c1244]
2019-08-20 11:35:30,656 INFO  client.GrpcClientProtocolClient (GrpcClientProtocolClient.java:onNext(255)) - client-FC58CAF12498->aeb608e6-131f-44e0-aa35-97c12a2f72a3: receive RaftClientReply:client-FC58CAF12498->aeb608e6-131f-44e0-aa35-97c12a2f72a3@group-3F41E8AD953A, cid=945, SUCCESS, logIndex=1248, commits[aeb608e6-131f-44e0-aa35-97c12a2f72a3:c1248, b6a0d396-0e26-402b-ac58-4f0615a4fad6:c1244, 8b17640a-2548-4323-bd97-ba3488877b23:c1244]
2019-08-20 11:35:30,682 INFO  client.GrpcClientProtocolClient (GrpcClientProtocolClient.java:onNext(255)) - client-FC58CAF12498->aeb608e6-131f-44e0-aa35-97c12a2f72a3: receive RaftClientReply:client-FC58CAF12498->aeb608e6-131f-44e0-aa35-97c12a2f72a3@group-3F41E8AD953A, cid=946, SUCCESS, logIndex=1251, commits[aeb608e6-131f-44e0-aa35-97c12a2f72a3:c1252, b6a0d396-0e26-402b-ac58-4f0615a4fad6:c1248, 8b17640a-2548-4323-bd97-ba3488877b23:c1248]
2019-08-20 11:35:30,682 INFO  client.GrpcClientProtocolClient (GrpcClientProtocolClient.java:onNext(255)) - client-FC58CAF12498->aeb608e6-131f-44e0-aa35-97c12a2f72a3: receive RaftClientReply:client-FC58CAF12498->aeb608e6-131f-44e0-aa35-97c12a2f72a3@group-3F41E8AD953A, cid=947, SUCCESS, logIndex=1252, commits[aeb608e6-131f-44e0-aa35-97c12a2f72a3:c1252, b6a0d396-0e26-402b-ac58-4f0615a4fad6:c1248, 8b17640a-2548-4323-bd97-ba3488877b23:c1248]
2019-08-20 11:35:30,695 INFO  client.GrpcClientProtocolClient (GrpcClientProtocolClient.java:onNext(255)) - client-FC58CAF12498->aeb608e6-131f-44e0-aa35-97c12a2f72a3: receive RaftClientReply:client-FC58CAF12498->aeb608e6-131f-44e0-aa35-97c12a2f72a3@group-3F41E8AD953A, cid=948, SUCCESS, logIndex=0, commits[aeb608e6-131f-44e0-aa35-97c12a2f72a3:c1254, b6a0d396-0e26-402b-ac58-4f0615a4fad6:c1252, 8b17640a-2548-4323-bd97-ba3488877b23:c1252]
2019-08-20 11:35:30,715 INFO  client.GrpcClientProtocolClient (GrpcClientProtocolClient.java:onNext(255)) - client-FC58CAF12498->aeb608e6-131f-44e0-aa35-97c12a2f72a3: receive RaftClientReply:client-FC58CAF12498->aeb608e6-131f-44e0-aa35-97c12a2f72a3@group-3F41E8AD953A, cid=949, SUCCESS, logIndex=1255, commits[aeb608e6-131f-44e0-aa35-97c12a2f72a3:c1256, b6a0d396-0e26-402b-ac58-4f0615a4fad6:c1254, 8b17640a-2548-4323-bd97-ba3488877b23:c1254]
2019-08-20 11:35:30,716 INFO  client.GrpcClientProtocolClient (GrpcClientProtocolClient.java:onNext(255)) - client-FC58CAF12498->aeb608e6-131f-44e0-aa35-97c12a2f72a3: receive RaftClientReply:client-FC58CAF12498->aeb608e6-131f-44e0-aa35-97c12a2f72a3@group-3F41E8AD953A, cid=950, SUCCESS, logIndex=1256, commits[aeb608e6-131f-44e0-aa35-97c12a2f72a3:c1258, b6a0d396-0e26-402b-ac58-4f0615a4fad6:c1254, 8b17640a-2548-4323-bd97-ba3488877b23:c1254]
2019-08-20 11:35:30,717 INFO  client.GrpcClientProtocolClient (GrpcClientProtocolClient.java:onNext(255)) - client-FC58CAF12498->aeb608e6-131f-44e0-aa35-97c12a2f72a3: receive RaftClientReply:client-FC58CAF12498->aeb608e6-131f-44e0-aa35-97c12a2f72a3@group-3F41E8AD953A, cid=951, SUCCESS, logIndex=1257, commits[aeb608e6-131f-44e0-aa35-97c12a2f72a3:c1258, b6a0d396-0e26-402b-ac58-4f0615a4fad6:c1254, 8b17640a-2548-4323-bd97-ba3488877b23:c1254]
2019-08-20 11:35:30,717 INFO  client.GrpcClientProtocolClient (GrpcClientProtocolClient.java:onNext(255)) - client-FC58CAF12498->aeb608e6-131f-44e0-aa35-97c12a2f72a3: receive RaftClientReply:client-FC58CAF12498->aeb608e6-131f-44e0-aa35-97c12a2f72a3@group-3F41E8AD953A, cid=952, SUCCESS, logIndex=1258, commits[aeb608e6-131f-44e0-aa35-97c12a2f72a3:c1258, b6a0d396-0e26-402b-ac58-4f0615a4fad6:c1254, 8b17640a-2548-4323-bd97-ba3488877b23:c1254]
2019-08-20 11:35:30,718 INFO  client.GrpcClientProtocolClient (GrpcClientProtocolClient.java:onNext(255)) - client-FC58CAF12498->aeb608e6-131f-44e0-aa35-97c12a2f72a3: receive RaftClientReply:client-FC58CAF12498->aeb608e6-131f-44e0-aa35-97c12a2f72a3@group-3F41E8AD953A, cid=953, SUCCESS, logIndex=0, commits[aeb608e6-131f-44e0-aa35-97c12a2f72a3:c1261, b6a0d396-0e26-402b-ac58-4f0615a4fad6:c1258, 8b17640a-2548-4323-bd97-ba3488877b23:c1258]
2019-08-20 11:35:30,740 INFO  client.GrpcClientProtocolClient (GrpcClientProtocolClient.java:onNext(255)) - client-FC58CAF12498->aeb608e6-131f-44e0-aa35-97c12a2f72a3: receive RaftClientReply:client-FC58CAF12498->aeb608e6-131f-44e0-aa35-97c12a2f72a3@group-3F41E8AD953A, cid=954, SUCCESS, logIndex=1262, commits[aeb608e6-131f-44e0-aa35-97c12a2f72a3:c1263, b6a0d396-0e26-402b-ac58-4f0615a4fad6:c1261, 8b17640a-2548-4323-bd97-ba3488877b23:c1261]
2019-08-20 11:35:30,741 INFO  client.GrpcClientProtocolClient (GrpcClientProtocolClient.java:onNext(255)) - client-FC58CAF12498->aeb608e6-131f-44e0-aa35-97c12a2f72a3: receive RaftClientReply:client-FC58CAF12498->aeb608e6-131f-44e0-aa35-97c12a2f72a3@group-3F41E8AD953A, cid=955, SUCCESS, logIndex=1263, commits[aeb608e6-131f-44e0-aa35-97c12a2f72a3:c1263, b6a0d396-0e26-402b-ac58-4f0615a4fad6:c1261, 8b17640a-2548-4323-bd97-ba3488877b23:c1261]
2019-08-20 11:35:30,754 INFO  client.GrpcClientProtocolClient (GrpcClientProtocolClient.java:onNext(255)) - client-FC58CAF12498->aeb608e6-131f-44e0-aa35-97c12a2f72a3: receive RaftClientReply:client-FC58CAF12498->aeb608e6-131f-44e0-aa35-97c12a2f72a3@group-3F41E8AD953A, cid=956, SUCCESS, logIndex=1266, commits[aeb608e6-131f-44e0-aa35-97c12a2f72a3:c1267, b6a0d396-0e26-402b-ac58-4f0615a4fad6:c1263, 8b17640a-2548-4323-bd97-ba3488877b23:c1263]
2019-08-20 11:35:30,754 INFO  client.GrpcClientProtocolClient (GrpcClientProtocolClient.java:onNext(255)) - client-FC58CAF12498->aeb608e6-131f-44e0-aa35-97c12a2f72a3: receive RaftClientReply:client-FC58CAF12498->aeb608e6-131f-44e0-aa35-97c12a2f72a3@group-3F41E8AD953A, cid=957, SUCCESS, logIndex=1267, commits[aeb608e6-131f-44e0-aa35-97c12a2f72a3:c1267, b6a0d396-0e26-402b-ac58-4f0615a4fad6:c1263, 8b17640a-2548-4323-bd97-ba3488877b23:c1263]
2019-08-20 11:35:30,757 INFO  client.GrpcClientProtocolClient (GrpcClientProtocolClient.java:onNext(255)) - client-FC58CAF12498->aeb608e6-131f-44e0-aa35-97c12a2f72a3: receive RaftClientReply:client-FC58CAF12498->aeb608e6-131f-44e0-aa35-97c12a2f72a3@group-3F41E8AD953A, cid=958, SUCCESS, logIndex=0, commits[aeb608e6-131f-44e0-aa35-97c12a2f72a3:c1269, b6a0d396-0e26-402b-ac58-4f0615a4fad6:c1267, 8b17640a-2548-4323-bd97-ba3488877b23:c1267]
2019-08-20 11:35:30,777 INFO  client.GrpcClientProtocolClient (GrpcClientProtocolClient.java:onNext(255)) - client-FC58CAF12498->aeb608e6-131f-44e0-aa35-97c12a2f72a3: receive RaftClientReply:client-FC58CAF12498->aeb608e6-131f-44e0-aa35-97c12a2f72a3@group-3F41E8AD953A, cid=959, SUCCESS, logIndex=1270, commits[aeb608e6-131f-44e0-aa35-97c12a2f72a3:c1271, b6a0d396-0e26-402b-ac58-4f0615a4fad6:c1269, 8b17640a-2548-4323-bd97-ba3488877b23:c1269]
2019-08-20 11:35:30,777 INFO  client.GrpcClientProtocolClient (GrpcClientProtocolClient.java:onNext(255)) - client-FC58CAF12498->aeb608e6-131f-44e0-aa35-97c12a2f72a3: receive RaftClientReply:client-FC58CAF12498->aeb608e6-131f-44e0-aa35-97c12a2f72a3@group-3F41E8AD953A, cid=960, SUCCESS, logIndex=1271, commits[aeb608e6-131f-44e0-aa35-97c12a2f72a3:c1271, b6a0d396-0e26-402b-ac58-4f0615a4fad6:c1269, 8b17640a-2548-4323-bd97-ba3488877b23:c1269]
2019-08-20 11:35:30,778 INFO  client.GrpcClientProtocolClient (GrpcClientProtocolClient.java:onNext(255)) - client-FC58CAF12498->aeb608e6-131f-44e0-aa35-97c12a2f72a3: receive RaftClientReply:client-FC58CAF12498->aeb608e6-131f-44e0-aa35-97c12a2f72a3@group-3F41E8AD953A, cid=961, SUCCESS, logIndex=1272, commits[aeb608e6-131f-44e0-aa35-97c12a2f72a3:c1273, b6a0d396-0e26-402b-ac58-4f0615a4fad6:c1269, 8b17640a-2548-4323-bd97-ba3488877b23:c1269]
2019-08-20 11:35:30,778 INFO  client.GrpcClientProtocolClient (GrpcClientProtocolClient.java:onNext(255)) - client-FC58CAF12498->aeb608e6-131f-44e0-aa35-97c12a2f72a3: receive RaftClientReply:client-FC58CAF12498->aeb608e6-131f-44e0-aa35-97c12a2f72a3@group-3F41E8AD953A, cid=962, SUCCESS, logIndex=1273, commits[aeb608e6-131f-44e0-aa35-97c12a2f72a3:c1273, b6a0d396-0e26-402b-ac58-4f0615a4fad6:c1269, 8b17640a-2548-4323-bd97-ba3488877b23:c1269]
2019-08-20 11:35:30,780 INFO  client.GrpcClientProtocolClient (GrpcClientProtocolClient.java:onNext(255)) - client-FC58CAF12498->aeb608e6-131f-44e0-aa35-97c12a2f72a3: receive RaftClientReply:client-FC58CAF12498->aeb608e6-131f-44e0-aa35-97c12a2f72a3@group-3F41E8AD953A, cid=963, SUCCESS, logIndex=0, commits[aeb608e6-131f-44e0-aa35-97c12a2f72a3:c1275, b6a0d396-0e26-402b-ac58-4f0615a4fad6:c1271, 8b17640a-2548-4323-bd97-ba3488877b23:c1271]
2019-08-20 11:35:30,799 INFO  client.GrpcClientProtocolClient (GrpcClientProtocolClient.java:onNext(255)) - client-FC58CAF12498->aeb608e6-131f-44e0-aa35-97c12a2f72a3: receive RaftClientReply:client-FC58CAF12498->aeb608e6-131f-44e0-aa35-97c12a2f72a3@group-3F41E8AD953A, cid=964, SUCCESS, logIndex=1278, commits[aeb608e6-131f-44e0-aa35-97c12a2f72a3:c1279, b6a0d396-0e26-402b-ac58-4f0615a4fad6:c1277, 8b17640a-2548-4323-bd97-ba3488877b23:c1277]
2019-08-20 11:35:30,800 INFO  client.GrpcClientProtocolClient (GrpcClientProtocolClient.java:onNext(255)) - client-FC58CAF12498->aeb608e6-131f-44e0-aa35-97c12a2f72a3: receive RaftClientReply:client-FC58CAF12498->aeb608e6-131f-44e0-aa35-97c12a2f72a3@group-3F41E8AD953A, cid=965, SUCCESS, logIndex=1279, commits[aeb608e6-131f-44e0-aa35-97c12a2f72a3:c1279, b6a0d396-0e26-402b-ac58-4f0615a4fad6:c1277, 8b17640a-2548-4323-bd97-ba3488877b23:c1277]
2019-08-20 11:35:30,813 INFO  client.GrpcClientProtocolClient (GrpcClientProtocolClient.java:onNext(255)) - client-FC58CAF12498->aeb608e6-131f-44e0-aa35-97c12a2f72a3: receive RaftClientReply:client-FC58CAF12498->aeb608e6-131f-44e0-aa35-97c12a2f72a3@group-3F41E8AD953A, cid=966, SUCCESS, logIndex=1282, commits[aeb608e6-131f-44e0-aa35-97c12a2f72a3:c1283, b6a0d396-0e26-402b-ac58-4f0615a4fad6:c1279, 8b17640a-2548-4323-bd97-ba3488877b23:c1278]
2019-08-20 11:35:30,813 INFO  client.GrpcClientProtocolClient (GrpcClientProtocolClient.java:onNext(255)) - client-FC58CAF12498->aeb608e6-131f-44e0-aa35-97c12a2f72a3: receive RaftClientReply:client-FC58CAF12498->aeb608e6-131f-44e0-aa35-97c12a2f72a3@group-3F41E8AD953A, cid=967, SUCCESS, logIndex=1283, commits[aeb608e6-131f-44e0-aa35-97c12a2f72a3:c1283, b6a0d396-0e26-402b-ac58-4f0615a4fad6:c1279, 8b17640a-2548-4323-bd97-ba3488877b23:c1279]
2019-08-20 11:35:30,816 INFO  client.GrpcClientProtocolClient (GrpcClientProtocolClient.java:onNext(255)) - client-FC58CAF12498->aeb608e6-131f-44e0-aa35-97c12a2f72a3: receive RaftClientReply:client-FC58CAF12498->aeb608e6-131f-44e0-aa35-97c12a2f72a3@group-3F41E8AD953A, cid=968, SUCCESS, logIndex=0, commits[aeb608e6-131f-44e0-aa35-97c12a2f72a3:c1285, b6a0d396-0e26-402b-ac58-4f0615a4fad6:c1283, 8b17640a-2548-4323-bd97-ba3488877b23:c1283]
2019-08-20 11:35:30,835 INFO  client.GrpcClientProtocolClient (GrpcClientProtocolClient.java:onNext(255)) - client-FC58CAF12498->aeb608e6-131f-44e0-aa35-97c12a2f72a3: receive RaftClientReply:client-FC58CAF12498->aeb608e6-131f-44e0-aa35-97c12a2f72a3@group-3F41E8AD953A, cid=969, SUCCESS, logIndex=1286, commits[aeb608e6-131f-44e0-aa35-97c12a2f72a3:c1287, b6a0d396-0e26-402b-ac58-4f0615a4fad6:c1285, 8b17640a-2548-4323-bd97-ba3488877b23:c1285]
2019-08-20 11:35:30,836 INFO  client.GrpcClientProtocolClient (GrpcClientProtocolClient.java:onNext(255)) - client-FC58CAF12498->aeb608e6-131f-44e0-aa35-97c12a2f72a3: receive RaftClientReply:client-FC58CAF12498->aeb608e6-131f-44e0-aa35-97c12a2f72a3@group-3F41E8AD953A, cid=970, SUCCESS, logIndex=1287, commits[aeb608e6-131f-44e0-aa35-97c12a2f72a3:c1287, b6a0d396-0e26-402b-ac58-4f0615a4fad6:c1285, 8b17640a-2548-4323-bd97-ba3488877b23:c1285]
2019-08-20 11:35:30,837 INFO  client.GrpcClientProtocolClient (GrpcClientProtocolClient.java:onNext(255)) - client-FC58CAF12498->aeb608e6-131f-44e0-aa35-97c12a2f72a3: receive RaftClientReply:client-FC58CAF12498->aeb608e6-131f-44e0-aa35-97c12a2f72a3@group-3F41E8AD953A, cid=971, SUCCESS, logIndex=1288, commits[aeb608e6-131f-44e0-aa35-97c12a2f72a3:c1289, b6a0d396-0e26-402b-ac58-4f0615a4fad6:c1285, 8b17640a-2548-4323-bd97-ba3488877b23:c1285]
2019-08-20 11:35:30,837 INFO  client.GrpcClientProtocolClient (GrpcClientProtocolClient.java:onNext(255)) - client-FC58CAF12498->aeb608e6-131f-44e0-aa35-97c12a2f72a3: receive RaftClientReply:client-FC58CAF12498->aeb608e6-131f-44e0-aa35-97c12a2f72a3@group-3F41E8AD953A, cid=972, SUCCESS, logIndex=1289, commits[aeb608e6-131f-44e0-aa35-97c12a2f72a3:c1289, b6a0d396-0e26-402b-ac58-4f0615a4fad6:c1285, 8b17640a-2548-4323-bd97-ba3488877b23:c1285]
2019-08-20 11:35:30,838 INFO  client.GrpcClientProtocolClient (GrpcClientProtocolClient.java:onNext(255)) - client-FC58CAF12498->aeb608e6-131f-44e0-aa35-97c12a2f72a3: receive RaftClientReply:client-FC58CAF12498->aeb608e6-131f-44e0-aa35-97c12a2f72a3@group-3F41E8AD953A, cid=973, SUCCESS, logIndex=0, commits[aeb608e6-131f-44e0-aa35-97c12a2f72a3:c1291, b6a0d396-0e26-402b-ac58-4f0615a4fad6:c1287, 8b17640a-2548-4323-bd97-ba3488877b23:c1287]
2019-08-20 11:35:30,997 INFO  client.GrpcClientProtocolClient (GrpcClientProtocolClient.java:onNext(255)) - client-FC58CAF12498->aeb608e6-131f-44e0-aa35-97c12a2f72a3: receive RaftClientReply:client-FC58CAF12498->aeb608e6-131f-44e0-aa35-97c12a2f72a3@group-3F41E8AD953A, cid=974, SUCCESS, logIndex=1294, commits[aeb608e6-131f-44e0-aa35-97c12a2f72a3:c1295, b6a0d396-0e26-402b-ac58-4f0615a4fad6:c1293, 8b17640a-2548-4323-bd97-ba3488877b23:c1293]
2019-08-20 11:35:30,998 INFO  client.GrpcClientProtocolClient (GrpcClientProtocolClient.java:onNext(255)) - client-FC58CAF12498->aeb608e6-131f-44e0-aa35-97c12a2f72a3: receive RaftClientReply:client-FC58CAF12498->aeb608e6-131f-44e0-aa35-97c12a2f72a3@group-3F41E8AD953A, cid=975, SUCCESS, logIndex=1295, commits[aeb608e6-131f-44e0-aa35-97c12a2f72a3:c1295, b6a0d396-0e26-402b-ac58-4f0615a4fad6:c1293, 8b17640a-2548-4323-bd97-ba3488877b23:c1293]
2019-08-20 11:35:31,028 INFO  client.GrpcClientProtocolClient (GrpcClientProtocolClient.java:onNext(255)) - client-FC58CAF12498->aeb608e6-131f-44e0-aa35-97c12a2f72a3: receive RaftClientReply:client-FC58CAF12498->aeb608e6-131f-44e0-aa35-97c12a2f72a3@group-3F41E8AD953A, cid=976, SUCCESS, logIndex=1298, commits[aeb608e6-131f-44e0-aa35-97c12a2f72a3:c1299, b6a0d396-0e26-402b-ac58-4f0615a4fad6:c1295, 8b17640a-2548-4323-bd97-ba3488877b23:c1295]
2019-08-20 11:35:31,029 INFO  client.GrpcClientProtocolClient (GrpcClientProtocolClient.java:onNext(255)) - client-FC58CAF12498->aeb608e6-131f-44e0-aa35-97c12a2f72a3: receive RaftClientReply:client-FC58CAF12498->aeb608e6-131f-44e0-aa35-97c12a2f72a3@group-3F41E8AD953A, cid=977, SUCCESS, logIndex=1299, commits[aeb608e6-131f-44e0-aa35-97c12a2f72a3:c1299, b6a0d396-0e26-402b-ac58-4f0615a4fad6:c1295, 8b17640a-2548-4323-bd97-ba3488877b23:c1295]
2019-08-20 11:35:31,040 INFO  client.GrpcClientProtocolClient (GrpcClientProtocolClient.java:onNext(255)) - client-FC58CAF12498->aeb608e6-131f-44e0-aa35-97c12a2f72a3: receive RaftClientReply:client-FC58CAF12498->aeb608e6-131f-44e0-aa35-97c12a2f72a3@group-3F41E8AD953A, cid=978, SUCCESS, logIndex=0, commits[aeb608e6-131f-44e0-aa35-97c12a2f72a3:c1300, b6a0d396-0e26-402b-ac58-4f0615a4fad6:c1299, 8b17640a-2548-4323-bd97-ba3488877b23:c1299]
2019-08-20 11:35:31,055 INFO  client.GrpcClientProtocolClient (GrpcClientProtocolClient.java:onNext(255)) - client-FC58CAF12498->aeb608e6-131f-44e0-aa35-97c12a2f72a3: receive RaftClientReply:client-FC58CAF12498->aeb608e6-131f-44e0-aa35-97c12a2f72a3@group-3F41E8AD953A, cid=979, SUCCESS, logIndex=1302, commits[aeb608e6-131f-44e0-aa35-97c12a2f72a3:c1303, b6a0d396-0e26-402b-ac58-4f0615a4fad6:c1299, 8b17640a-2548-4323-bd97-ba3488877b23:c1301]
2019-08-20 11:35:31,056 INFO  client.GrpcClientProtocolClient (GrpcClientProtocolClient.java:onNext(255)) - client-FC58CAF12498->aeb608e6-131f-44e0-aa35-97c12a2f72a3: receive RaftClientReply:client-FC58CAF12498->aeb608e6-131f-44e0-aa35-97c12a2f72a3@group-3F41E8AD953A, cid=980, SUCCESS, logIndex=1303, commits[aeb608e6-131f-44e0-aa35-97c12a2f72a3:c1303, b6a0d396-0e26-402b-ac58-4f0615a4fad6:c1299, 8b17640a-2548-4323-bd97-ba3488877b23:c1301]
2019-08-20 11:35:31,056 INFO  client.GrpcClientProtocolClient (GrpcClientProtocolClient.java:onNext(255)) - client-FC58CAF12498->aeb608e6-131f-44e0-aa35-97c12a2f72a3: receive RaftClientReply:client-FC58CAF12498->aeb608e6-131f-44e0-aa35-97c12a2f72a3@group-3F41E8AD953A, cid=981, SUCCESS, logIndex=1304, commits[aeb608e6-131f-44e0-aa35-97c12a2f72a3:c1304, b6a0d396-0e26-402b-ac58-4f0615a4fad6:c1299, 8b17640a-2548-4323-bd97-ba3488877b23:c1301]
2019-08-20 11:35:31,057 INFO  client.GrpcClientProtocolClient (GrpcClientProtocolClient.java:onNext(255)) - client-FC58CAF12498->aeb608e6-131f-44e0-aa35-97c12a2f72a3: receive RaftClientReply:client-FC58CAF12498->aeb608e6-131f-44e0-aa35-97c12a2f72a3@group-3F41E8AD953A, cid=982, SUCCESS, logIndex=1305, commits[aeb608e6-131f-44e0-aa35-97c12a2f72a3:c1305, b6a0d396-0e26-402b-ac58-4f0615a4fad6:c1299, 8b17640a-2548-4323-bd97-ba3488877b23:c1301]
2019-08-20 11:35:31,058 INFO  client.GrpcClientProtocolClient (GrpcClientProtocolClient.java:onNext(255)) - client-FC58CAF12498->aeb608e6-131f-44e0-aa35-97c12a2f72a3: receive RaftClientReply:client-FC58CAF12498->aeb608e6-131f-44e0-aa35-97c12a2f72a3@group-3F41E8AD953A, cid=983, SUCCESS, logIndex=0, commits[aeb608e6-131f-44e0-aa35-97c12a2f72a3:c1307, b6a0d396-0e26-402b-ac58-4f0615a4fad6:c1303, 8b17640a-2548-4323-bd97-ba3488877b23:c1303]
2019-08-20 11:35:31,078 INFO  client.GrpcClientProtocolClient (GrpcClientProtocolClient.java:onNext(255)) - client-FC58CAF12498->aeb608e6-131f-44e0-aa35-97c12a2f72a3: receive RaftClientReply:client-FC58CAF12498->aeb608e6-131f-44e0-aa35-97c12a2f72a3@group-3F41E8AD953A, cid=984, SUCCESS, logIndex=1310, commits[aeb608e6-131f-44e0-aa35-97c12a2f72a3:c1311, b6a0d396-0e26-402b-ac58-4f0615a4fad6:c1309, 8b17640a-2548-4323-bd97-ba3488877b23:c1309]
2019-08-20 11:35:31,079 INFO  client.GrpcClientProtocolClient (GrpcClientProtocolClient.java:onNext(255)) - client-FC58CAF12498->aeb608e6-131f-44e0-aa35-97c12a2f72a3: receive RaftClientReply:client-FC58CAF12498->aeb608e6-131f-44e0-aa35-97c12a2f72a3@group-3F41E8AD953A, cid=985, SUCCESS, logIndex=1311, commits[aeb608e6-131f-44e0-aa35-97c12a2f72a3:c1311, b6a0d396-0e26-402b-ac58-4f0615a4fad6:c1309, 8b17640a-2548-4323-bd97-ba3488877b23:c1309]
2019-08-20 11:35:31,091 INFO  client.GrpcClientProtocolClient (GrpcClientProtocolClient.java:onNext(255)) - client-FC58CAF12498->aeb608e6-131f-44e0-aa35-97c12a2f72a3: receive RaftClientReply:client-FC58CAF12498->aeb608e6-131f-44e0-aa35-97c12a2f72a3@group-3F41E8AD953A, cid=986, SUCCESS, logIndex=1314, commits[aeb608e6-131f-44e0-aa35-97c12a2f72a3:c1315, b6a0d396-0e26-402b-ac58-4f0615a4fad6:c1310, 8b17640a-2548-4323-bd97-ba3488877b23:c1311]
2019-08-20 11:35:31,092 INFO  client.GrpcClientProtocolClient (GrpcClientProtocolClient.java:onNext(255)) - client-FC58CAF12498->aeb608e6-131f-44e0-aa35-97c12a2f72a3: receive RaftClientReply:client-FC58CAF12498->aeb608e6-131f-44e0-aa35-97c12a2f72a3@group-3F41E8AD953A, cid=987, SUCCESS, logIndex=1315, commits[aeb608e6-131f-44e0-aa35-97c12a2f72a3:c1315, b6a0d396-0e26-402b-ac58-4f0615a4fad6:c1311, 8b17640a-2548-4323-bd97-ba3488877b23:c1311]
2019-08-20 11:35:31,095 INFO  client.GrpcClientProtocolClient (GrpcClientProtocolClient.java:onNext(255)) - client-FC58CAF12498->aeb608e6-131f-44e0-aa35-97c12a2f72a3: receive RaftClientReply:client-FC58CAF12498->aeb608e6-131f-44e0-aa35-97c12a2f72a3@group-3F41E8AD953A, cid=988, SUCCESS, logIndex=0, commits[aeb608e6-131f-44e0-aa35-97c12a2f72a3:c1317, b6a0d396-0e26-402b-ac58-4f0615a4fad6:c1315, 8b17640a-2548-4323-bd97-ba3488877b23:c1315]
2019-08-20 11:35:31,116 INFO  client.GrpcClientProtocolClient (GrpcClientProtocolClient.java:onNext(255)) - client-FC58CAF12498->aeb608e6-131f-44e0-aa35-97c12a2f72a3: receive RaftClientReply:client-FC58CAF12498->aeb608e6-131f-44e0-aa35-97c12a2f72a3@group-3F41E8AD953A, cid=989, SUCCESS, logIndex=1318, commits[aeb608e6-131f-44e0-aa35-97c12a2f72a3:c1320, b6a0d396-0e26-402b-ac58-4f0615a4fad6:c1317, 8b17640a-2548-4323-bd97-ba3488877b23:c1317]
2019-08-20 11:35:31,117 INFO  client.GrpcClientProtocolClient (GrpcClientProtocolClient.java:onNext(255)) - client-FC58CAF12498->aeb608e6-131f-44e0-aa35-97c12a2f72a3: receive RaftClientReply:client-FC58CAF12498->aeb608e6-131f-44e0-aa35-97c12a2f72a3@group-3F41E8AD953A, cid=990, SUCCESS, logIndex=1319, commits[aeb608e6-131f-44e0-aa35-97c12a2f72a3:c1321, b6a0d396-0e26-402b-ac58-4f0615a4fad6:c1317, 8b17640a-2548-4323-bd97-ba3488877b23:c1317]
2019-08-20 11:35:31,117 INFO  client.GrpcClientProtocolClient (GrpcClientProtocolClient.java:onNext(255)) - client-FC58CAF12498->aeb608e6-131f-44e0-aa35-97c12a2f72a3: receive RaftClientReply:client-FC58CAF12498->aeb608e6-131f-44e0-aa35-97c12a2f72a3@group-3F41E8AD953A, cid=991, SUCCESS, logIndex=1320, commits[aeb608e6-131f-44e0-aa35-97c12a2f72a3:c1321, b6a0d396-0e26-402b-ac58-4f0615a4fad6:c1317, 8b17640a-2548-4323-bd97-ba3488877b23:c1317]
2019-08-20 11:35:31,118 INFO  client.GrpcClientProtocolClient (GrpcClientProtocolClient.java:onNext(255)) - client-FC58CAF12498->aeb608e6-131f-44e0-aa35-97c12a2f72a3: receive RaftClientReply:client-FC58CAF12498->aeb608e6-131f-44e0-aa35-97c12a2f72a3@group-3F41E8AD953A, cid=992, SUCCESS, logIndex=1321, commits[aeb608e6-131f-44e0-aa35-97c12a2f72a3:c1321, b6a0d396-0e26-402b-ac58-4f0615a4fad6:c1317, 8b17640a-2548-4323-bd97-ba3488877b23:c1317]
2019-08-20 11:35:31,130 INFO  client.GrpcClientProtocolClient (GrpcClientProtocolClient.java:onNext(255)) - client-FC58CAF12498->aeb608e6-131f-44e0-aa35-97c12a2f72a3: receive RaftClientReply:client-FC58CAF12498->aeb608e6-131f-44e0-aa35-97c12a2f72a3@group-3F41E8AD953A, cid=993, SUCCESS, logIndex=0, commits[aeb608e6-131f-44e0-aa35-97c12a2f72a3:c1323, b6a0d396-0e26-402b-ac58-4f0615a4fad6:c1319, 8b17640a-2548-4323-bd97-ba3488877b23:c1319]
2019-08-20 11:35:31,150 INFO  client.GrpcClientProtocolClient (GrpcClientProtocolClient.java:onNext(255)) - client-FC58CAF12498->aeb608e6-131f-44e0-aa35-97c12a2f72a3: receive RaftClientReply:client-FC58CAF12498->aeb608e6-131f-44e0-aa35-97c12a2f72a3@group-3F41E8AD953A, cid=994, SUCCESS, logIndex=1326, commits[aeb608e6-131f-44e0-aa35-97c12a2f72a3:c1327, b6a0d396-0e26-402b-ac58-4f0615a4fad6:c1325, 8b17640a-2548-4323-bd97-ba3488877b23:c1325]
2019-08-20 11:35:31,150 INFO  client.GrpcClientProtocolClient (GrpcClientProtocolClient.java:onNext(255)) - client-FC58CAF12498->aeb608e6-131f-44e0-aa35-97c12a2f72a3: receive RaftClientReply:client-FC58CAF12498->aeb608e6-131f-44e0-aa35-97c12a2f72a3@group-3F41E8AD953A, cid=995, SUCCESS, logIndex=1327, commits[aeb608e6-131f-44e0-aa35-97c12a2f72a3:c1327, b6a0d396-0e26-402b-ac58-4f0615a4fad6:c1325, 8b17640a-2548-4323-bd97-ba3488877b23:c1325]
2019-08-20 11:35:31,163 INFO  client.GrpcClientProtocolClient (GrpcClientProtocolClient.java:onNext(255)) - client-FC58CAF12498->aeb608e6-131f-44e0-aa35-97c12a2f72a3: receive RaftClientReply:client-FC58CAF12498->aeb608e6-131f-44e0-aa35-97c12a2f72a3@group-3F41E8AD953A, cid=996, SUCCESS, logIndex=1330, commits[aeb608e6-131f-44e0-aa35-97c12a2f72a3:c1331, b6a0d396-0e26-402b-ac58-4f0615a4fad6:c1327, 8b17640a-2548-4323-bd97-ba3488877b23:c1327]
2019-08-20 11:35:31,164 INFO  client.GrpcClientProtocolClient (GrpcClientProtocolClient.java:onNext(255)) - client-FC58CAF12498->aeb608e6-131f-44e0-aa35-97c12a2f72a3: receive RaftClientReply:client-FC58CAF12498->aeb608e6-131f-44e0-aa35-97c12a2f72a3@group-3F41E8AD953A, cid=997, SUCCESS, logIndex=1331, commits[aeb608e6-131f-44e0-aa35-97c12a2f72a3:c1331, b6a0d396-0e26-402b-ac58-4f0615a4fad6:c1327, 8b17640a-2548-4323-bd97-ba3488877b23:c1327]
2019-08-20 11:35:31,176 INFO  client.GrpcClientProtocolClient (GrpcClientProtocolClient.java:onNext(255)) - client-FC58CAF12498->aeb608e6-131f-44e0-aa35-97c12a2f72a3: receive RaftClientReply:client-FC58CAF12498->aeb608e6-131f-44e0-aa35-97c12a2f72a3@group-3F41E8AD953A, cid=998, SUCCESS, logIndex=0, commits[aeb608e6-131f-44e0-aa35-97c12a2f72a3:c1333, b6a0d396-0e26-402b-ac58-4f0615a4fad6:c1331, 8b17640a-2548-4323-bd97-ba3488877b23:c1331]
2019-08-20 11:35:31,195 INFO  client.GrpcClientProtocolClient (GrpcClientProtocolClient.java:onNext(255)) - client-FC58CAF12498->aeb608e6-131f-44e0-aa35-97c12a2f72a3: receive RaftClientReply:client-FC58CAF12498->aeb608e6-131f-44e0-aa35-97c12a2f72a3@group-3F41E8AD953A, cid=999, SUCCESS, logIndex=1334, commits[aeb608e6-131f-44e0-aa35-97c12a2f72a3:c1335, b6a0d396-0e26-402b-ac58-4f0615a4fad6:c1333, 8b17640a-2548-4323-bd97-ba3488877b23:c1333]
2019-08-20 11:35:31,196 INFO  client.GrpcClientProtocolClient (GrpcClientProtocolClient.java:onNext(255)) - client-FC58CAF12498->aeb608e6-131f-44e0-aa35-97c12a2f72a3: receive RaftClientReply:client-FC58CAF12498->aeb608e6-131f-44e0-aa35-97c12a2f72a3@group-3F41E8AD953A, cid=1000, SUCCESS, logIndex=1335, commits[aeb608e6-131f-44e0-aa35-97c12a2f72a3:c1337, b6a0d396-0e26-402b-ac58-4f0615a4fad6:c1333, 8b17640a-2548-4323-bd97-ba3488877b23:c1333]
2019-08-20 11:35:31,196 INFO  client.GrpcClientProtocolClient (GrpcClientProtocolClient.java:onNext(255)) - client-FC58CAF12498->aeb608e6-131f-44e0-aa35-97c12a2f72a3: receive RaftClientReply:client-FC58CAF12498->aeb608e6-131f-44e0-aa35-97c12a2f72a3@group-3F41E8AD953A, cid=1001, SUCCESS, logIndex=1336, commits[aeb608e6-131f-44e0-aa35-97c12a2f72a3:c1337, b6a0d396-0e26-402b-ac58-4f0615a4fad6:c1333, 8b17640a-2548-4323-bd97-ba3488877b23:c1333]
2019-08-20 11:35:31,197 INFO  client.GrpcClientProtocolClient (GrpcClientProtocolClient.java:onNext(255)) - client-FC58CAF12498->aeb608e6-131f-44e0-aa35-97c12a2f72a3: receive RaftClientReply:client-FC58CAF12498->aeb608e6-131f-44e0-aa35-97c12a2f72a3@group-3F41E8AD953A, cid=1002, SUCCESS, logIndex=1337, commits[aeb608e6-131f-44e0-aa35-97c12a2f72a3:c1337, b6a0d396-0e26-402b-ac58-4f0615a4fad6:c1333, 8b17640a-2548-4323-bd97-ba3488877b23:c1333]
2019-08-20 11:35:31,198 INFO  client.GrpcClientProtocolClient (GrpcClientProtocolClient.java:onNext(255)) - client-FC58CAF12498->aeb608e6-131f-44e0-aa35-97c12a2f72a3: receive RaftClientReply:client-FC58CAF12498->aeb608e6-131f-44e0-aa35-97c12a2f72a3@group-3F41E8AD953A, cid=1003, SUCCESS, logIndex=0, commits[aeb608e6-131f-44e0-aa35-97c12a2f72a3:c1340, b6a0d396-0e26-402b-ac58-4f0615a4fad6:c1337, 8b17640a-2548-4323-bd97-ba3488877b23:c1335]
2019-08-20 11:35:31,217 INFO  client.GrpcClientProtocolClient (GrpcClientProtocolClient.java:onNext(255)) - client-FC58CAF12498->aeb608e6-131f-44e0-aa35-97c12a2f72a3: receive RaftClientReply:client-FC58CAF12498->aeb608e6-131f-44e0-aa35-97c12a2f72a3@group-3F41E8AD953A, cid=1004, SUCCESS, logIndex=1341, commits[aeb608e6-131f-44e0-aa35-97c12a2f72a3:c1342, b6a0d396-0e26-402b-ac58-4f0615a4fad6:c1340, 8b17640a-2548-4323-bd97-ba3488877b23:c1340]
2019-08-20 11:35:31,217 INFO  client.GrpcClientProtocolClient (GrpcClientProtocolClient.java:onNext(255)) - client-FC58CAF12498->aeb608e6-131f-44e0-aa35-97c12a2f72a3: receive RaftClientReply:client-FC58CAF12498->aeb608e6-131f-44e0-aa35-97c12a2f72a3@group-3F41E8AD953A, cid=1005, SUCCESS, logIndex=1342, commits[aeb608e6-131f-44e0-aa35-97c12a2f72a3:c1342, b6a0d396-0e26-402b-ac58-4f0615a4fad6:c1340, 8b17640a-2548-4323-bd97-ba3488877b23:c1340]
2019-08-20 11:35:31,230 INFO  client.GrpcClientProtocolClient (GrpcClientProtocolClient.java:onNext(255)) - client-FC58CAF12498->aeb608e6-131f-44e0-aa35-97c12a2f72a3: receive RaftClientReply:client-FC58CAF12498->aeb608e6-131f-44e0-aa35-97c12a2f72a3@group-3F41E8AD953A, cid=1006, SUCCESS, logIndex=1345, commits[aeb608e6-131f-44e0-aa35-97c12a2f72a3:c1346, b6a0d396-0e26-402b-ac58-4f0615a4fad6:c1342, 8b17640a-2548-4323-bd97-ba3488877b23:c1342]
2019-08-20 11:35:31,231 INFO  client.GrpcClientProtocolClient (GrpcClientProtocolClient.java:onNext(255)) - client-FC58CAF12498->aeb608e6-131f-44e0-aa35-97c12a2f72a3: receive RaftClientReply:client-FC58CAF12498->aeb608e6-131f-44e0-aa35-97c12a2f72a3@group-3F41E8AD953A, cid=1007, SUCCESS, logIndex=1346, commits[aeb608e6-131f-44e0-aa35-97c12a2f72a3:c1346, b6a0d396-0e26-402b-ac58-4f0615a4fad6:c1342, 8b17640a-2548-4323-bd97-ba3488877b23:c1342]
2019-08-20 11:35:31,234 INFO  client.GrpcClientProtocolClient (GrpcClientProtocolClient.java:onNext(255)) - client-FC58CAF12498->aeb608e6-131f-44e0-aa35-97c12a2f72a3: receive RaftClientReply:client-FC58CAF12498->aeb608e6-131f-44e0-aa35-97c12a2f72a3@group-3F41E8AD953A, cid=1008, SUCCESS, logIndex=0, commits[aeb608e6-131f-44e0-aa35-97c12a2f72a3:c1348, b6a0d396-0e26-402b-ac58-4f0615a4fad6:c1346, 8b17640a-2548-4323-bd97-ba3488877b23:c1346]
2019-08-20 11:35:31,254 INFO  client.GrpcClientProtocolClient (GrpcClientProtocolClient.java:onNext(255)) - client-FC58CAF12498->aeb608e6-131f-44e0-aa35-97c12a2f72a3: receive RaftClientReply:client-FC58CAF12498->aeb608e6-131f-44e0-aa35-97c12a2f72a3@group-3F41E8AD953A, cid=1009, SUCCESS, logIndex=1349, commits[aeb608e6-131f-44e0-aa35-97c12a2f72a3:c1350, b6a0d396-0e26-402b-ac58-4f0615a4fad6:c1348, 8b17640a-2548-4323-bd97-ba3488877b23:c1348]
2019-08-20 11:35:31,255 INFO  client.GrpcClientProtocolClient (GrpcClientProtocolClient.java:onNext(255)) - client-FC58CAF12498->aeb608e6-131f-44e0-aa35-97c12a2f72a3: receive RaftClientReply:client-FC58CAF12498->aeb608e6-131f-44e0-aa35-97c12a2f72a3@group-3F41E8AD953A, cid=1010, SUCCESS, logIndex=1350, commits[aeb608e6-131f-44e0-aa35-97c12a2f72a3:c1352, b6a0d396-0e26-402b-ac58-4f0615a4fad6:c1348, 8b17640a-2548-4323-bd97-ba3488877b23:c1348]
2019-08-20 11:35:31,255 INFO  client.GrpcClientProtocolClient (GrpcClientProtocolClient.java:onNext(255)) - client-FC58CAF12498->aeb608e6-131f-44e0-aa35-97c12a2f72a3: receive RaftClientReply:client-FC58CAF12498->aeb608e6-131f-44e0-aa35-97c12a2f72a3@group-3F41E8AD953A, cid=1011, SUCCESS, logIndex=1351, commits[aeb608e6-131f-44e0-aa35-97c12a2f72a3:c1352, b6a0d396-0e26-402b-ac58-4f0615a4fad6:c1348, 8b17640a-2548-4323-bd97-ba3488877b23:c1348]
2019-08-20 11:35:31,255 INFO  client.GrpcClientProtocolClient (GrpcClientProtocolClient.java:onNext(255)) - client-FC58CAF12498->aeb608e6-131f-44e0-aa35-97c12a2f72a3: receive RaftClientReply:client-FC58CAF12498->aeb608e6-131f-44e0-aa35-97c12a2f72a3@group-3F41E8AD953A, cid=1012, SUCCESS, logIndex=1352, commits[aeb608e6-131f-44e0-aa35-97c12a2f72a3:c1352, b6a0d396-0e26-402b-ac58-4f0615a4fad6:c1348, 8b17640a-2548-4323-bd97-ba3488877b23:c1348]
2019-08-20 11:35:31,265 INFO  client.GrpcClientProtocolClient (GrpcClientProtocolClient.java:onNext(255)) - client-FC58CAF12498->aeb608e6-131f-44e0-aa35-97c12a2f72a3: receive RaftClientReply:client-FC58CAF12498->aeb608e6-131f-44e0-aa35-97c12a2f72a3@group-3F41E8AD953A, cid=1013, SUCCESS, logIndex=0, commits[aeb608e6-131f-44e0-aa35-97c12a2f72a3:c1355, b6a0d396-0e26-402b-ac58-4f0615a4fad6:c1352, 8b17640a-2548-4323-bd97-ba3488877b23:c1350]
2019-08-20 11:35:31,287 INFO  client.GrpcClientProtocolClient (GrpcClientProtocolClient.java:onNext(255)) - client-FC58CAF12498->aeb608e6-131f-44e0-aa35-97c12a2f72a3: receive RaftClientReply:client-FC58CAF12498->aeb608e6-131f-44e0-aa35-97c12a2f72a3@group-3F41E8AD953A, cid=1014, SUCCESS, logIndex=1356, commits[aeb608e6-131f-44e0-aa35-97c12a2f72a3:c1357, b6a0d396-0e26-402b-ac58-4f0615a4fad6:c1355, 8b17640a-2548-4323-bd97-ba3488877b23:c1355]
2019-08-20 11:35:31,287 INFO  client.GrpcClientProtocolClient (GrpcClientProtocolClient.java:onNext(255)) - client-FC58CAF12498->aeb608e6-131f-44e0-aa35-97c12a2f72a3: receive RaftClientReply:client-FC58CAF12498->aeb608e6-131f-44e0-aa35-97c12a2f72a3@group-3F41E8AD953A, cid=1015, SUCCESS, logIndex=1357, commits[aeb608e6-131f-44e0-aa35-97c12a2f72a3:c1357, b6a0d396-0e26-402b-ac58-4f0615a4fad6:c1355, 8b17640a-2548-4323-bd97-ba3488877b23:c1355]
2019-08-20 11:35:31,310 INFO  client.GrpcClientProtocolClient (GrpcClientProtocolClient.java:onNext(255)) - client-FC58CAF12498->aeb608e6-131f-44e0-aa35-97c12a2f72a3: receive RaftClientReply:client-FC58CAF12498->aeb608e6-131f-44e0-aa35-97c12a2f72a3@group-3F41E8AD953A, cid=1016, SUCCESS, logIndex=1360, commits[aeb608e6-131f-44e0-aa35-97c12a2f72a3:c1361, b6a0d396-0e26-402b-ac58-4f0615a4fad6:c1358, 8b17640a-2548-4323-bd97-ba3488877b23:c1357]
2019-08-20 11:35:31,310 INFO  client.GrpcClientProtocolClient (GrpcClientProtocolClient.java:onNext(255)) - client-FC58CAF12498->aeb608e6-131f-44e0-aa35-97c12a2f72a3: receive RaftClientReply:client-FC58CAF12498->aeb608e6-131f-44e0-aa35-97c12a2f72a3@group-3F41E8AD953A, cid=1017, SUCCESS, logIndex=1361, commits[aeb608e6-131f-44e0-aa35-97c12a2f72a3:c1361, b6a0d396-0e26-402b-ac58-4f0615a4fad6:c1358, 8b17640a-2548-4323-bd97-ba3488877b23:c1358]
 0.00% |█                                                                                                    |  0/1 Time: 0:00:052019-08-20 11:35:31,323 INFO  client.GrpcClientProtocolClient (GrpcClientProtocolClient.java:onNext(255)) - client-FC58CAF12498->aeb608e6-131f-44e0-aa35-97c12a2f72a3: receive RaftClientReply:client-FC58CAF12498->aeb608e6-131f-44e0-aa35-97c12a2f72a3@group-3F41E8AD953A, cid=1018, SUCCESS, logIndex=0, commits[aeb608e6-131f-44e0-aa35-97c12a2f72a3:c1363, b6a0d396-0e26-402b-ac58-4f0615a4fad6:c1361, 8b17640a-2548-4323-bd97-ba3488877b23:c1361]
2019-08-20 11:35:31,344 INFO  client.GrpcClientProtocolClient (GrpcClientProtocolClient.java:onNext(255)) - client-FC58CAF12498->aeb608e6-131f-44e0-aa35-97c12a2f72a3: receive RaftClientReply:client-FC58CAF12498->aeb608e6-131f-44e0-aa35-97c12a2f72a3@group-3F41E8AD953A, cid=1019, SUCCESS, logIndex=1364, commits[aeb608e6-131f-44e0-aa35-97c12a2f72a3:c1365, b6a0d396-0e26-402b-ac58-4f0615a4fad6:c1363, 8b17640a-2548-4323-bd97-ba3488877b23:c1363]
2019-08-20 11:35:31,345 INFO  client.GrpcClientProtocolClient (GrpcClientProtocolClient.java:onNext(255)) - client-FC58CAF12498->aeb608e6-131f-44e0-aa35-97c12a2f72a3: receive RaftClientReply:client-FC58CAF12498->aeb608e6-131f-44e0-aa35-97c12a2f72a3@group-3F41E8AD953A, cid=1020, SUCCESS, logIndex=1365, commits[aeb608e6-131f-44e0-aa35-97c12a2f72a3:c1367, b6a0d396-0e26-402b-ac58-4f0615a4fad6:c1363, 8b17640a-2548-4323-bd97-ba3488877b23:c1363]
2019-08-20 11:35:31,345 INFO  client.GrpcClientProtocolClient (GrpcClientProtocolClient.java:onNext(255)) - client-FC58CAF12498->aeb608e6-131f-44e0-aa35-97c12a2f72a3: receive RaftClientReply:client-FC58CAF12498->aeb608e6-131f-44e0-aa35-97c12a2f72a3@group-3F41E8AD953A, cid=1021, SUCCESS, logIndex=1366, commits[aeb608e6-131f-44e0-aa35-97c12a2f72a3:c1367, b6a0d396-0e26-402b-ac58-4f0615a4fad6:c1363, 8b17640a-2548-4323-bd97-ba3488877b23:c1363]
2019-08-20 11:35:31,346 INFO  client.GrpcClientProtocolClient (GrpcClientProtocolClient.java:onNext(255)) - client-FC58CAF12498->aeb608e6-131f-44e0-aa35-97c12a2f72a3: receive RaftClientReply:client-FC58CAF12498->aeb608e6-131f-44e0-aa35-97c12a2f72a3@group-3F41E8AD953A, cid=1022, SUCCESS, logIndex=1367, commits[aeb608e6-131f-44e0-aa35-97c12a2f72a3:c1367, b6a0d396-0e26-402b-ac58-4f0615a4fad6:c1363, 8b17640a-2548-4323-bd97-ba3488877b23:c1363]
2019-08-20 11:35:31,347 INFO  client.GrpcClientProtocolClient (GrpcClientProtocolClient.java:onNext(255)) - client-FC58CAF12498->aeb608e6-131f-44e0-aa35-97c12a2f72a3: receive RaftClientReply:client-FC58CAF12498->aeb608e6-131f-44e0-aa35-97c12a2f72a3@group-3F41E8AD953A, cid=1023, SUCCESS, logIndex=0, commits[aeb608e6-131f-44e0-aa35-97c12a2f72a3:c1370, b6a0d396-0e26-402b-ac58-4f0615a4fad6:c1365, 8b17640a-2548-4323-bd97-ba3488877b23:c1367]
2019-08-20 11:35:31,367 INFO  client.GrpcClientProtocolClient (GrpcClientProtocolClient.java:onNext(255)) - client-FC58CAF12498->aeb608e6-131f-44e0-aa35-97c12a2f72a3: receive RaftClientReply:client-FC58CAF12498->aeb608e6-131f-44e0-aa35-97c12a2f72a3@group-3F41E8AD953A, cid=1024, SUCCESS, logIndex=1371, commits[aeb608e6-131f-44e0-aa35-97c12a2f72a3:c1371, b6a0d396-0e26-402b-ac58-4f0615a4fad6:c1370, 8b17640a-2548-4323-bd97-ba3488877b23:c1370]
2019-08-20 11:35:31,367 INFO  client.GrpcClientProtocolClient (GrpcClientProtocolClient.java:onNext(255)) - client-FC58CAF12498->aeb608e6-131f-44e0-aa35-97c12a2f72a3: receive RaftClientReply:client-FC58CAF12498->aeb608e6-131f-44e0-aa35-97c12a2f72a3@group-3F41E8AD953A, cid=1025, SUCCESS, logIndex=1372, commits[aeb608e6-131f-44e0-aa35-97c12a2f72a3:c1372, b6a0d396-0e26-402b-ac58-4f0615a4fad6:c1370, 8b17640a-2548-4323-bd97-ba3488877b23:c1370]
2019-08-20 11:35:31,380 INFO  client.GrpcClientProtocolClient (GrpcClientProtocolClient.java:onNext(255)) - client-FC58CAF12498->aeb608e6-131f-44e0-aa35-97c12a2f72a3: receive RaftClientReply:client-FC58CAF12498->aeb608e6-131f-44e0-aa35-97c12a2f72a3@group-3F41E8AD953A, cid=1026, SUCCESS, logIndex=1375, commits[aeb608e6-131f-44e0-aa35-97c12a2f72a3:c1376, b6a0d396-0e26-402b-ac58-4f0615a4fad6:c1372, 8b17640a-2548-4323-bd97-ba3488877b23:c1372]
2019-08-20 11:35:31,381 INFO  client.GrpcClientProtocolClient (GrpcClientProtocolClient.java:onNext(255)) - client-FC58CAF12498->aeb608e6-131f-44e0-aa35-97c12a2f72a3: receive RaftClientReply:client-FC58CAF12498->aeb608e6-131f-44e0-aa35-97c12a2f72a3@group-3F41E8AD953A, cid=1027, SUCCESS, logIndex=1376, commits[aeb608e6-131f-44e0-aa35-97c12a2f72a3:c1376, b6a0d396-0e26-402b-ac58-4f0615a4fad6:c1372, 8b17640a-2548-4323-bd97-ba3488877b23:c1372]
2019-08-20 11:35:31,392 INFO  client.GrpcClientProtocolClient (GrpcClientProtocolClient.java:onNext(255)) - client-FC58CAF12498->aeb608e6-131f-44e0-aa35-97c12a2f72a3: receive RaftClientReply:client-FC58CAF12498->aeb608e6-131f-44e0-aa35-97c12a2f72a3@group-3F41E8AD953A, cid=1028, SUCCESS, logIndex=0, commits[aeb608e6-131f-44e0-aa35-97c12a2f72a3:c1377, b6a0d396-0e26-402b-ac58-4f0615a4fad6:c1376, 8b17640a-2548-4323-bd97-ba3488877b23:c1376]
2019-08-20 11:35:31,413 INFO  client.GrpcClientProtocolClient (GrpcClientProtocolClient.java:onNext(255)) - client-FC58CAF12498->aeb608e6-131f-44e0-aa35-97c12a2f72a3: receive RaftClientReply:client-FC58CAF12498->aeb608e6-131f-44e0-aa35-97c12a2f72a3@group-3F41E8AD953A, cid=1029, SUCCESS, logIndex=1379, commits[aeb608e6-131f-44e0-aa35-97c12a2f72a3:c1380, b6a0d396-0e26-402b-ac58-4f0615a4fad6:c1378, 8b17640a-2548-4323-bd97-ba3488877b23:c1378]
2019-08-20 11:35:31,413 INFO  client.GrpcClientProtocolClient (GrpcClientProtocolClient.java:onNext(255)) - client-FC58CAF12498->aeb608e6-131f-44e0-aa35-97c12a2f72a3: receive RaftClientReply:client-FC58CAF12498->aeb608e6-131f-44e0-aa35-97c12a2f72a3@group-3F41E8AD953A, cid=1030, SUCCESS, logIndex=1380, commits[aeb608e6-131f-44e0-aa35-97c12a2f72a3:c1380, b6a0d396-0e26-402b-ac58-4f0615a4fad6:c1378, 8b17640a-2548-4323-bd97-ba3488877b23:c1378]
2019-08-20 11:35:31,414 INFO  client.GrpcClientProtocolClient (GrpcClientProtocolClient.java:onNext(255)) - client-FC58CAF12498->aeb608e6-131f-44e0-aa35-97c12a2f72a3: receive RaftClientReply:client-FC58CAF12498->aeb608e6-131f-44e0-aa35-97c12a2f72a3@group-3F41E8AD953A, cid=1031, SUCCESS, logIndex=1381, commits[aeb608e6-131f-44e0-aa35-97c12a2f72a3:c1382, b6a0d396-0e26-402b-ac58-4f0615a4fad6:c1378, 8b17640a-2548-4323-bd97-ba3488877b23:c1378]
2019-08-20 11:35:31,414 INFO  client.GrpcClientProtocolClient (GrpcClientProtocolClient.java:onNext(255)) - client-FC58CAF12498->aeb608e6-131f-44e0-aa35-97c12a2f72a3: receive RaftClientReply:client-FC58CAF12498->aeb608e6-131f-44e0-aa35-97c12a2f72a3@group-3F41E8AD953A, cid=1032, SUCCESS, logIndex=1382, commits[aeb608e6-131f-44e0-aa35-97c12a2f72a3:c1382, b6a0d396-0e26-402b-ac58-4f0615a4fad6:c1378, 8b17640a-2548-4323-bd97-ba3488877b23:c1378]
2019-08-20 11:35:31,415 INFO  client.GrpcClientProtocolClient (GrpcClientProtocolClient.java:onNext(255)) - client-FC58CAF12498->aeb608e6-131f-44e0-aa35-97c12a2f72a3: receive RaftClientReply:client-FC58CAF12498->aeb608e6-131f-44e0-aa35-97c12a2f72a3@group-3F41E8AD953A, cid=1033, SUCCESS, logIndex=0, commits[aeb608e6-131f-44e0-aa35-97c12a2f72a3:c1384, b6a0d396-0e26-402b-ac58-4f0615a4fad6:c1380, 8b17640a-2548-4323-bd97-ba3488877b23:c1380]
2019-08-20 11:35:31,435 INFO  client.GrpcClientProtocolClient (GrpcClientProtocolClient.java:onNext(255)) - client-FC58CAF12498->aeb608e6-131f-44e0-aa35-97c12a2f72a3: receive RaftClientReply:client-FC58CAF12498->aeb608e6-131f-44e0-aa35-97c12a2f72a3@group-3F41E8AD953A, cid=1034, SUCCESS, logIndex=1387, commits[aeb608e6-131f-44e0-aa35-97c12a2f72a3:c1388, b6a0d396-0e26-402b-ac58-4f0615a4fad6:c1386, 8b17640a-2548-4323-bd97-ba3488877b23:c1386]
2019-08-20 11:35:31,435 INFO  client.GrpcClientProtocolClient (GrpcClientProtocolClient.java:onNext(255)) - client-FC58CAF12498->aeb608e6-131f-44e0-aa35-97c12a2f72a3: receive RaftClientReply:client-FC58CAF12498->aeb608e6-131f-44e0-aa35-97c12a2f72a3@group-3F41E8AD953A, cid=1035, SUCCESS, logIndex=1388, commits[aeb608e6-131f-44e0-aa35-97c12a2f72a3:c1388, b6a0d396-0e26-402b-ac58-4f0615a4fad6:c1386, 8b17640a-2548-4323-bd97-ba3488877b23:c1386]
2019-08-20 11:35:31,448 INFO  client.GrpcClientProtocolClient (GrpcClientProtocolClient.java:onNext(255)) - client-FC58CAF12498->aeb608e6-131f-44e0-aa35-97c12a2f72a3: receive RaftClientReply:client-FC58CAF12498->aeb608e6-131f-44e0-aa35-97c12a2f72a3@group-3F41E8AD953A, cid=1036, SUCCESS, logIndex=1391, commits[aeb608e6-131f-44e0-aa35-97c12a2f72a3:c1392, b6a0d396-0e26-402b-ac58-4f0615a4fad6:c1388, 8b17640a-2548-4323-bd97-ba3488877b23:c1388]
2019-08-20 11:35:31,449 INFO  client.GrpcClientProtocolClient (GrpcClientProtocolClient.java:onNext(255)) - client-FC58CAF12498->aeb608e6-131f-44e0-aa35-97c12a2f72a3: receive RaftClientReply:client-FC58CAF12498->aeb608e6-131f-44e0-aa35-97c12a2f72a3@group-3F41E8AD953A, cid=1037, SUCCESS, logIndex=1392, commits[aeb608e6-131f-44e0-aa35-97c12a2f72a3:c1392, b6a0d396-0e26-402b-ac58-4f0615a4fad6:c1388, 8b17640a-2548-4323-bd97-ba3488877b23:c1388]
2019-08-20 11:35:31,461 INFO  client.GrpcClientProtocolClient (GrpcClientProtocolClient.java:onNext(255)) - client-FC58CAF12498->aeb608e6-131f-44e0-aa35-97c12a2f72a3: receive RaftClientReply:client-FC58CAF12498->aeb608e6-131f-44e0-aa35-97c12a2f72a3@group-3F41E8AD953A, cid=1038, SUCCESS, logIndex=0, commits[aeb608e6-131f-44e0-aa35-97c12a2f72a3:c1394, b6a0d396-0e26-402b-ac58-4f0615a4fad6:c1392, 8b17640a-2548-4323-bd97-ba3488877b23:c1392]
2019-08-20 11:35:31,480 INFO  client.GrpcClientProtocolClient (GrpcClientProtocolClient.java:onNext(255)) - client-FC58CAF12498->aeb608e6-131f-44e0-aa35-97c12a2f72a3: receive RaftClientReply:client-FC58CAF12498->aeb608e6-131f-44e0-aa35-97c12a2f72a3@group-3F41E8AD953A, cid=1039, SUCCESS, logIndex=1395, commits[aeb608e6-131f-44e0-aa35-97c12a2f72a3:c1396, b6a0d396-0e26-402b-ac58-4f0615a4fad6:c1394, 8b17640a-2548-4323-bd97-ba3488877b23:c1394]
2019-08-20 11:35:31,481 INFO  client.GrpcClientProtocolClient (GrpcClientProtocolClient.java:onNext(255)) - client-FC58CAF12498->aeb608e6-131f-44e0-aa35-97c12a2f72a3: receive RaftClientReply:client-FC58CAF12498->aeb608e6-131f-44e0-aa35-97c12a2f72a3@group-3F41E8AD953A, cid=1040, SUCCESS, logIndex=1396, commits[aeb608e6-131f-44e0-aa35-97c12a2f72a3:c1396, b6a0d396-0e26-402b-ac58-4f0615a4fad6:c1394, 8b17640a-2548-4323-bd97-ba3488877b23:c1394]
2019-08-20 11:35:31,481 INFO  client.GrpcClientProtocolClient (GrpcClientProtocolClient.java:onNext(255)) - client-FC58CAF12498->aeb608e6-131f-44e0-aa35-97c12a2f72a3: receive RaftClientReply:client-FC58CAF12498->aeb608e6-131f-44e0-aa35-97c12a2f72a3@group-3F41E8AD953A, cid=1041, SUCCESS, logIndex=1397, commits[aeb608e6-131f-44e0-aa35-97c12a2f72a3:c1398, b6a0d396-0e26-402b-ac58-4f0615a4fad6:c1394, 8b17640a-2548-4323-bd97-ba3488877b23:c1394]
2019-08-20 11:35:31,482 INFO  client.GrpcClientProtocolClient (GrpcClientProtocolClient.java:onNext(255)) - client-FC58CAF12498->aeb608e6-131f-44e0-aa35-97c12a2f72a3: receive RaftClientReply:client-FC58CAF12498->aeb608e6-131f-44e0-aa35-97c12a2f72a3@group-3F41E8AD953A, cid=1042, SUCCESS, logIndex=1398, commits[aeb608e6-131f-44e0-aa35-97c12a2f72a3:c1398, b6a0d396-0e26-402b-ac58-4f0615a4fad6:c1394, 8b17640a-2548-4323-bd97-ba3488877b23:c1394]
2019-08-20 11:35:31,484 INFO  client.GrpcClientProtocolClient (GrpcClientProtocolClient.java:onNext(255)) - client-FC58CAF12498->aeb608e6-131f-44e0-aa35-97c12a2f72a3: receive RaftClientReply:client-FC58CAF12498->aeb608e6-131f-44e0-aa35-97c12a2f72a3@group-3F41E8AD953A, cid=1043, SUCCESS, logIndex=0, commits[aeb608e6-131f-44e0-aa35-97c12a2f72a3:c1401, b6a0d396-0e26-402b-ac58-4f0615a4fad6:c1397, 8b17640a-2548-4323-bd97-ba3488877b23:c1396]
2019-08-20 11:35:31,495 INFO  client.GrpcClientProtocolClient (GrpcClientProtocolClient.java:onNext(255)) - client-FC58CAF12498->aeb608e6-131f-44e0-aa35-97c12a2f72a3: receive RaftClientReply:client-FC58CAF12498->aeb608e6-131f-44e0-aa35-97c12a2f72a3@group-3F41E8AD953A, cid=1044, SUCCESS, logIndex=1403, commits[aeb608e6-131f-44e0-aa35-97c12a2f72a3:c1404, b6a0d396-0e26-402b-ac58-4f0615a4fad6:c1402, 8b17640a-2548-4323-bd97-ba3488877b23:c1398]
2019-08-20 11:35:31,495 INFO  client.GrpcClientProtocolClient (GrpcClientProtocolClient.java:onNext(255)) - client-FC58CAF12498->aeb608e6-131f-44e0-aa35-97c12a2f72a3: receive RaftClientReply:client-FC58CAF12498->aeb608e6-131f-44e0-aa35-97c12a2f72a3@group-3F41E8AD953A, cid=1045, SUCCESS, logIndex=1404, commits[aeb608e6-131f-44e0-aa35-97c12a2f72a3:c1404, b6a0d396-0e26-402b-ac58-4f0615a4fad6:c1402, 8b17640a-2548-4323-bd97-ba3488877b23:c1402]
2019-08-20 11:35:31,513 INFO  client.GrpcClientProtocolClient (GrpcClientProtocolClient.java:onNext(255)) - client-FC58CAF12498->aeb608e6-131f-44e0-aa35-97c12a2f72a3: receive RaftClientReply:client-FC58CAF12498->aeb608e6-131f-44e0-aa35-97c12a2f72a3@group-3F41E8AD953A, cid=1046, SUCCESS, logIndex=1407, commits[aeb608e6-131f-44e0-aa35-97c12a2f72a3:c1408, b6a0d396-0e26-402b-ac58-4f0615a4fad6:c1406, 8b17640a-2548-4323-bd97-ba3488877b23:c1406]
2019-08-20 11:35:31,514 INFO  client.GrpcClientProtocolClient (GrpcClientProtocolClient.java:onNext(255)) - client-FC58CAF12498->aeb608e6-131f-44e0-aa35-97c12a2f72a3: receive RaftClientReply:client-FC58CAF12498->aeb608e6-131f-44e0-aa35-97c12a2f72a3@group-3F41E8AD953A, cid=1047, SUCCESS, logIndex=1408, commits[aeb608e6-131f-44e0-aa35-97c12a2f72a3:c1408, b6a0d396-0e26-402b-ac58-4f0615a4fad6:c1406, 8b17640a-2548-4323-bd97-ba3488877b23:c1406]
2019-08-20 11:35:31,658 INFO  client.GrpcClientProtocolClient (GrpcClientProtocolClient.java:onNext(255)) - client-FC58CAF12498->aeb608e6-131f-44e0-aa35-97c12a2f72a3: receive RaftClientReply:client-FC58CAF12498->aeb608e6-131f-44e0-aa35-97c12a2f72a3@group-3F41E8AD953A, cid=1048, SUCCESS, logIndex=0, commits[aeb608e6-131f-44e0-aa35-97c12a2f72a3:c1410, b6a0d396-0e26-402b-ac58-4f0615a4fad6:c1408, 8b17640a-2548-4323-bd97-ba3488877b23:c1408]
2019-08-20 11:35:31,681 INFO  client.GrpcClientProtocolClient (GrpcClientProtocolClient.java:onNext(255)) - client-FC58CAF12498->aeb608e6-131f-44e0-aa35-97c12a2f72a3: receive RaftClientReply:client-FC58CAF12498->aeb608e6-131f-44e0-aa35-97c12a2f72a3@group-3F41E8AD953A, cid=1049, SUCCESS, logIndex=1411, commits[aeb608e6-131f-44e0-aa35-97c12a2f72a3:c1412, b6a0d396-0e26-402b-ac58-4f0615a4fad6:c1410, 8b17640a-2548-4323-bd97-ba3488877b23:c1410]
2019-08-20 11:35:31,682 INFO  client.GrpcClientProtocolClient (GrpcClientProtocolClient.java:onNext(255)) - client-FC58CAF12498->aeb608e6-131f-44e0-aa35-97c12a2f72a3: receive RaftClientReply:client-FC58CAF12498->aeb608e6-131f-44e0-aa35-97c12a2f72a3@group-3F41E8AD953A, cid=1050, SUCCESS, logIndex=1412, commits[aeb608e6-131f-44e0-aa35-97c12a2f72a3:c1413, b6a0d396-0e26-402b-ac58-4f0615a4fad6:c1410, 8b17640a-2548-4323-bd97-ba3488877b23:c1410]
2019-08-20 11:35:31,682 INFO  client.GrpcClientProtocolClient (GrpcClientProtocolClient.java:onNext(255)) - client-FC58CAF12498->aeb608e6-131f-44e0-aa35-97c12a2f72a3: receive RaftClientReply:client-FC58CAF12498->aeb608e6-131f-44e0-aa35-97c12a2f72a3@group-3F41E8AD953A, cid=1051, SUCCESS, logIndex=1413, commits[aeb608e6-131f-44e0-aa35-97c12a2f72a3:c1414, b6a0d396-0e26-402b-ac58-4f0615a4fad6:c1410, 8b17640a-2548-4323-bd97-ba3488877b23:c1410]
2019-08-20 11:35:31,683 INFO  client.GrpcClientProtocolClient (GrpcClientProtocolClient.java:onNext(255)) - client-FC58CAF12498->aeb608e6-131f-44e0-aa35-97c12a2f72a3: receive RaftClientReply:client-FC58CAF12498->aeb608e6-131f-44e0-aa35-97c12a2f72a3@group-3F41E8AD953A, cid=1052, SUCCESS, logIndex=1414, commits[aeb608e6-131f-44e0-aa35-97c12a2f72a3:c1414, b6a0d396-0e26-402b-ac58-4f0615a4fad6:c1410, 8b17640a-2548-4323-bd97-ba3488877b23:c1410]
2019-08-20 11:35:31,684 INFO  client.GrpcClientProtocolClient (GrpcClientProtocolClient.java:onNext(255)) - client-FC58CAF12498->aeb608e6-131f-44e0-aa35-97c12a2f72a3: receive RaftClientReply:client-FC58CAF12498->aeb608e6-131f-44e0-aa35-97c12a2f72a3@group-3F41E8AD953A, cid=1053, SUCCESS, logIndex=0, commits[aeb608e6-131f-44e0-aa35-97c12a2f72a3:c1417, b6a0d396-0e26-402b-ac58-4f0615a4fad6:c1412, 8b17640a-2548-4323-bd97-ba3488877b23:c1413]
2019-08-20 11:35:31,704 INFO  client.GrpcClientProtocolClient (GrpcClientProtocolClient.java:onNext(255)) - client-FC58CAF12498->aeb608e6-131f-44e0-aa35-97c12a2f72a3: receive RaftClientReply:client-FC58CAF12498->aeb608e6-131f-44e0-aa35-97c12a2f72a3@group-3F41E8AD953A, cid=1054, SUCCESS, logIndex=1419, commits[aeb608e6-131f-44e0-aa35-97c12a2f72a3:c1420, b6a0d396-0e26-402b-ac58-4f0615a4fad6:c1418, 8b17640a-2548-4323-bd97-ba3488877b23:c1418]
2019-08-20 11:35:31,704 INFO  client.GrpcClientProtocolClient (GrpcClientProtocolClient.java:onNext(255)) - client-FC58CAF12498->aeb608e6-131f-44e0-aa35-97c12a2f72a3: receive RaftClientReply:client-FC58CAF12498->aeb608e6-131f-44e0-aa35-97c12a2f72a3@group-3F41E8AD953A, cid=1055, SUCCESS, logIndex=1420, commits[aeb608e6-131f-44e0-aa35-97c12a2f72a3:c1420, b6a0d396-0e26-402b-ac58-4f0615a4fad6:c1418, 8b17640a-2548-4323-bd97-ba3488877b23:c1418]
2019-08-20 11:35:31,717 INFO  client.GrpcClientProtocolClient (GrpcClientProtocolClient.java:onNext(255)) - client-FC58CAF12498->aeb608e6-131f-44e0-aa35-97c12a2f72a3: receive RaftClientReply:client-FC58CAF12498->aeb608e6-131f-44e0-aa35-97c12a2f72a3@group-3F41E8AD953A, cid=1056, SUCCESS, logIndex=1423, commits[aeb608e6-131f-44e0-aa35-97c12a2f72a3:c1424, b6a0d396-0e26-402b-ac58-4f0615a4fad6:c1420, 8b17640a-2548-4323-bd97-ba3488877b23:c1420]
2019-08-20 11:35:31,717 INFO  client.GrpcClientProtocolClient (GrpcClientProtocolClient.java:onNext(255)) - client-FC58CAF12498->aeb608e6-131f-44e0-aa35-97c12a2f72a3: receive RaftClientReply:client-FC58CAF12498->aeb608e6-131f-44e0-aa35-97c12a2f72a3@group-3F41E8AD953A, cid=1057, SUCCESS, logIndex=1424, commits[aeb608e6-131f-44e0-aa35-97c12a2f72a3:c1424, b6a0d396-0e26-402b-ac58-4f0615a4fad6:c1420, 8b17640a-2548-4323-bd97-ba3488877b23:c1420]
2019-08-20 11:35:31,729 INFO  client.GrpcClientProtocolClient (GrpcClientProtocolClient.java:onNext(255)) - client-FC58CAF12498->aeb608e6-131f-44e0-aa35-97c12a2f72a3: receive RaftClientReply:client-FC58CAF12498->aeb608e6-131f-44e0-aa35-97c12a2f72a3@group-3F41E8AD953A, cid=1058, SUCCESS, logIndex=0, commits[aeb608e6-131f-44e0-aa35-97c12a2f72a3:c1425, b6a0d396-0e26-402b-ac58-4f0615a4fad6:c1424, 8b17640a-2548-4323-bd97-ba3488877b23:c1424]
2019-08-20 11:35:31,749 INFO  client.GrpcClientProtocolClient (GrpcClientProtocolClient.java:onNext(255)) - client-FC58CAF12498->aeb608e6-131f-44e0-aa35-97c12a2f72a3: receive RaftClientReply:client-FC58CAF12498->aeb608e6-131f-44e0-aa35-97c12a2f72a3@group-3F41E8AD953A, cid=1059, SUCCESS, logIndex=1427, commits[aeb608e6-131f-44e0-aa35-97c12a2f72a3:c1428, b6a0d396-0e26-402b-ac58-4f0615a4fad6:c1426, 8b17640a-2548-4323-bd97-ba3488877b23:c1426]
2019-08-20 11:35:31,750 INFO  client.GrpcClientProtocolClient (GrpcClientProtocolClient.java:onNext(255)) - client-FC58CAF12498->aeb608e6-131f-44e0-aa35-97c12a2f72a3: receive RaftClientReply:client-FC58CAF12498->aeb608e6-131f-44e0-aa35-97c12a2f72a3@group-3F41E8AD953A, cid=1060, SUCCESS, logIndex=1428, commits[aeb608e6-131f-44e0-aa35-97c12a2f72a3:c1428, b6a0d396-0e26-402b-ac58-4f0615a4fad6:c1426, 8b17640a-2548-4323-bd97-ba3488877b23:c1426]
2019-08-20 11:35:31,750 INFO  client.GrpcClientProtocolClient (GrpcClientProtocolClient.java:onNext(255)) - client-FC58CAF12498->aeb608e6-131f-44e0-aa35-97c12a2f72a3: receive RaftClientReply:client-FC58CAF12498->aeb608e6-131f-44e0-aa35-97c12a2f72a3@group-3F41E8AD953A, cid=1061, SUCCESS, logIndex=1429, commits[aeb608e6-131f-44e0-aa35-97c12a2f72a3:c1430, b6a0d396-0e26-402b-ac58-4f0615a4fad6:c1426, 8b17640a-2548-4323-bd97-ba3488877b23:c1426]
2019-08-20 11:35:31,751 INFO  client.GrpcClientProtocolClient (GrpcClientProtocolClient.java:onNext(255)) - client-FC58CAF12498->aeb608e6-131f-44e0-aa35-97c12a2f72a3: receive RaftClientReply:client-FC58CAF12498->aeb608e6-131f-44e0-aa35-97c12a2f72a3@group-3F41E8AD953A, cid=1062, SUCCESS, logIndex=1430, commits[aeb608e6-131f-44e0-aa35-97c12a2f72a3:c1430, b6a0d396-0e26-402b-ac58-4f0615a4fad6:c1426, 8b17640a-2548-4323-bd97-ba3488877b23:c1426]
2019-08-20 11:35:31,752 INFO  client.GrpcClientProtocolClient (GrpcClientProtocolClient.java:onNext(255)) - client-FC58CAF12498->aeb608e6-131f-44e0-aa35-97c12a2f72a3: receive RaftClientReply:client-FC58CAF12498->aeb608e6-131f-44e0-aa35-97c12a2f72a3@group-3F41E8AD953A, cid=1063, SUCCESS, logIndex=0, commits[aeb608e6-131f-44e0-aa35-97c12a2f72a3:c1432, b6a0d396-0e26-402b-ac58-4f0615a4fad6:c1428, 8b17640a-2548-4323-bd97-ba3488877b23:c1428]
2019-08-20 11:35:31,772 INFO  client.GrpcClientProtocolClient (GrpcClientProtocolClient.java:onNext(255)) - client-FC58CAF12498->aeb608e6-131f-44e0-aa35-97c12a2f72a3: receive RaftClientReply:client-FC58CAF12498->aeb608e6-131f-44e0-aa35-97c12a2f72a3@group-3F41E8AD953A, cid=1064, SUCCESS, logIndex=1435, commits[aeb608e6-131f-44e0-aa35-97c12a2f72a3:c1436, b6a0d396-0e26-402b-ac58-4f0615a4fad6:c1434, 8b17640a-2548-4323-bd97-ba3488877b23:c1434]
2019-08-20 11:35:31,772 INFO  client.GrpcClientProtocolClient (GrpcClientProtocolClient.java:onNext(255)) - client-FC58CAF12498->aeb608e6-131f-44e0-aa35-97c12a2f72a3: receive RaftClientReply:client-FC58CAF12498->aeb608e6-131f-44e0-aa35-97c12a2f72a3@group-3F41E8AD953A, cid=1065, SUCCESS, logIndex=1436, commits[aeb608e6-131f-44e0-aa35-97c12a2f72a3:c1436, b6a0d396-0e26-402b-ac58-4f0615a4fad6:c1434, 8b17640a-2548-4323-bd97-ba3488877b23:c1434]
2019-08-20 11:35:31,785 INFO  client.GrpcClientProtocolClient (GrpcClientProtocolClient.java:onNext(255)) - client-FC58CAF12498->aeb608e6-131f-44e0-aa35-97c12a2f72a3: receive RaftClientReply:client-FC58CAF12498->aeb608e6-131f-44e0-aa35-97c12a2f72a3@group-3F41E8AD953A, cid=1066, SUCCESS, logIndex=1439, commits[aeb608e6-131f-44e0-aa35-97c12a2f72a3:c1440, b6a0d396-0e26-402b-ac58-4f0615a4fad6:c1436, 8b17640a-2548-4323-bd97-ba3488877b23:c1436]
2019-08-20 11:35:31,786 INFO  client.GrpcClientProtocolClient (GrpcClientProtocolClient.java:onNext(255)) - client-FC58CAF12498->aeb608e6-131f-44e0-aa35-97c12a2f72a3: receive RaftClientReply:client-FC58CAF12498->aeb608e6-131f-44e0-aa35-97c12a2f72a3@group-3F41E8AD953A, cid=1067, SUCCESS, logIndex=1440, commits[aeb608e6-131f-44e0-aa35-97c12a2f72a3:c1440, b6a0d396-0e26-402b-ac58-4f0615a4fad6:c1436, 8b17640a-2548-4323-bd97-ba3488877b23:c1436]
2019-08-20 11:35:31,812 INFO  client.GrpcClientProtocolClient (GrpcClientProtocolClient.java:onNext(255)) - client-FC58CAF12498->aeb608e6-131f-44e0-aa35-97c12a2f72a3: receive RaftClientReply:client-FC58CAF12498->aeb608e6-131f-44e0-aa35-97c12a2f72a3@group-3F41E8AD953A, cid=1068, SUCCESS, logIndex=0, commits[aeb608e6-131f-44e0-aa35-97c12a2f72a3:c1442, b6a0d396-0e26-402b-ac58-4f0615a4fad6:c1440, 8b17640a-2548-4323-bd97-ba3488877b23:c1440]
2019-08-20 11:35:31,833 INFO  client.GrpcClientProtocolClient (GrpcClientProtocolClient.java:onNext(255)) - client-FC58CAF12498->aeb608e6-131f-44e0-aa35-97c12a2f72a3: receive RaftClientReply:client-FC58CAF12498->aeb608e6-131f-44e0-aa35-97c12a2f72a3@group-3F41E8AD953A, cid=1069, SUCCESS, logIndex=1443, commits[aeb608e6-131f-44e0-aa35-97c12a2f72a3:c1444, b6a0d396-0e26-402b-ac58-4f0615a4fad6:c1442, 8b17640a-2548-4323-bd97-ba3488877b23:c1442]
2019-08-20 11:35:31,834 INFO  client.GrpcClientProtocolClient (GrpcClientProtocolClient.java:onNext(255)) - client-FC58CAF12498->aeb608e6-131f-44e0-aa35-97c12a2f72a3: receive RaftClientReply:client-FC58CAF12498->aeb608e6-131f-44e0-aa35-97c12a2f72a3@group-3F41E8AD953A, cid=1070, SUCCESS, logIndex=1444, commits[aeb608e6-131f-44e0-aa35-97c12a2f72a3:c1444, b6a0d396-0e26-402b-ac58-4f0615a4fad6:c1442, 8b17640a-2548-4323-bd97-ba3488877b23:c1442]
2019-08-20 11:35:31,845 INFO  client.GrpcClientProtocolClient (GrpcClientProtocolClient.java:onNext(255)) - client-FC58CAF12498->aeb608e6-131f-44e0-aa35-97c12a2f72a3: receive RaftClientReply:client-FC58CAF12498->aeb608e6-131f-44e0-aa35-97c12a2f72a3@group-3F41E8AD953A, cid=1071, SUCCESS, logIndex=1445, commits[aeb608e6-131f-44e0-aa35-97c12a2f72a3:c1446, b6a0d396-0e26-402b-ac58-4f0615a4fad6:c1442, 8b17640a-2548-4323-bd97-ba3488877b23:c1442]
2019-08-20 11:35:31,845 INFO  client.GrpcClientProtocolClient (GrpcClientProtocolClient.java:onNext(255)) - client-FC58CAF12498->aeb608e6-131f-44e0-aa35-97c12a2f72a3: receive RaftClientReply:client-FC58CAF12498->aeb608e6-131f-44e0-aa35-97c12a2f72a3@group-3F41E8AD953A, cid=1072, SUCCESS, logIndex=1446, commits[aeb608e6-131f-44e0-aa35-97c12a2f72a3:c1447, b6a0d396-0e26-402b-ac58-4f0615a4fad6:c1443, 8b17640a-2548-4323-bd97-ba3488877b23:c1442]
2019-08-20 11:35:31,847 INFO  client.GrpcClientProtocolClient (GrpcClientProtocolClient.java:onNext(255)) - client-FC58CAF12498->aeb608e6-131f-44e0-aa35-97c12a2f72a3: receive RaftClientReply:client-FC58CAF12498->aeb608e6-131f-44e0-aa35-97c12a2f72a3@group-3F41E8AD953A, cid=1073, SUCCESS, logIndex=0, commits[aeb608e6-131f-44e0-aa35-97c12a2f72a3:c1450, b6a0d396-0e26-402b-ac58-4f0615a4fad6:c1446, 8b17640a-2548-4323-bd97-ba3488877b23:c1444]
2019-08-20 11:35:31,868 INFO  client.GrpcClientProtocolClient (GrpcClientProtocolClient.java:onNext(255)) - client-FC58CAF12498->aeb608e6-131f-44e0-aa35-97c12a2f72a3: receive RaftClientReply:client-FC58CAF12498->aeb608e6-131f-44e0-aa35-97c12a2f72a3@group-3F41E8AD953A, cid=1074, SUCCESS, logIndex=1451, commits[aeb608e6-131f-44e0-aa35-97c12a2f72a3:c1452, b6a0d396-0e26-402b-ac58-4f0615a4fad6:c1450, 8b17640a-2548-4323-bd97-ba3488877b23:c1450]
2019-08-20 11:35:31,869 INFO  client.GrpcClientProtocolClient (GrpcClientProtocolClient.java:onNext(255)) - client-FC58CAF12498->aeb608e6-131f-44e0-aa35-97c12a2f72a3: receive RaftClientReply:client-FC58CAF12498->aeb608e6-131f-44e0-aa35-97c12a2f72a3@group-3F41E8AD953A, cid=1075, SUCCESS, logIndex=1452, commits[aeb608e6-131f-44e0-aa35-97c12a2f72a3:c1452, b6a0d396-0e26-402b-ac58-4f0615a4fad6:c1450, 8b17640a-2548-4323-bd97-ba3488877b23:c1450]
2019-08-20 11:35:31,881 INFO  client.GrpcClientProtocolClient (GrpcClientProtocolClient.java:onNext(255)) - client-FC58CAF12498->aeb608e6-131f-44e0-aa35-97c12a2f72a3: receive RaftClientReply:client-FC58CAF12498->aeb608e6-131f-44e0-aa35-97c12a2f72a3@group-3F41E8AD953A, cid=1076, SUCCESS, logIndex=1455, commits[aeb608e6-131f-44e0-aa35-97c12a2f72a3:c1456, b6a0d396-0e26-402b-ac58-4f0615a4fad6:c1452, 8b17640a-2548-4323-bd97-ba3488877b23:c1452]
2019-08-20 11:35:31,882 INFO  client.GrpcClientProtocolClient (GrpcClientProtocolClient.java:onNext(255)) - client-FC58CAF12498->aeb608e6-131f-44e0-aa35-97c12a2f72a3: receive RaftClientReply:client-FC58CAF12498->aeb608e6-131f-44e0-aa35-97c12a2f72a3@group-3F41E8AD953A, cid=1077, SUCCESS, logIndex=1456, commits[aeb608e6-131f-44e0-aa35-97c12a2f72a3:c1456, b6a0d396-0e26-402b-ac58-4f0615a4fad6:c1452, 8b17640a-2548-4323-bd97-ba3488877b23:c1452]
2019-08-20 11:35:31,906 INFO  client.GrpcClientProtocolClient (GrpcClientProtocolClient.java:onNext(255)) - client-FC58CAF12498->aeb608e6-131f-44e0-aa35-97c12a2f72a3: receive RaftClientReply:client-FC58CAF12498->aeb608e6-131f-44e0-aa35-97c12a2f72a3@group-3F41E8AD953A, cid=1078, SUCCESS, logIndex=0, commits[aeb608e6-131f-44e0-aa35-97c12a2f72a3:c1458, b6a0d396-0e26-402b-ac58-4f0615a4fad6:c1456, 8b17640a-2548-4323-bd97-ba3488877b23:c1456]
2019-08-20 11:35:31,928 INFO  client.GrpcClientProtocolClient (GrpcClientProtocolClient.java:onNext(255)) - client-FC58CAF12498->aeb608e6-131f-44e0-aa35-97c12a2f72a3: receive RaftClientReply:client-FC58CAF12498->aeb608e6-131f-44e0-aa35-97c12a2f72a3@group-3F41E8AD953A, cid=1079, SUCCESS, logIndex=1459, commits[aeb608e6-131f-44e0-aa35-97c12a2f72a3:c1460, b6a0d396-0e26-402b-ac58-4f0615a4fad6:c1458, 8b17640a-2548-4323-bd97-ba3488877b23:c1458]
2019-08-20 11:35:31,928 INFO  client.GrpcClientProtocolClient (GrpcClientProtocolClient.java:onNext(255)) - client-FC58CAF12498->aeb608e6-131f-44e0-aa35-97c12a2f72a3: receive RaftClientReply:client-FC58CAF12498->aeb608e6-131f-44e0-aa35-97c12a2f72a3@group-3F41E8AD953A, cid=1080, SUCCESS, logIndex=1460, commits[aeb608e6-131f-44e0-aa35-97c12a2f72a3:c1461, b6a0d396-0e26-402b-ac58-4f0615a4fad6:c1458, 8b17640a-2548-4323-bd97-ba3488877b23:c1458]
2019-08-20 11:35:31,928 INFO  client.GrpcClientProtocolClient (GrpcClientProtocolClient.java:onNext(255)) - client-FC58CAF12498->aeb608e6-131f-44e0-aa35-97c12a2f72a3: receive RaftClientReply:client-FC58CAF12498->aeb608e6-131f-44e0-aa35-97c12a2f72a3@group-3F41E8AD953A, cid=1081, SUCCESS, logIndex=1461, commits[aeb608e6-131f-44e0-aa35-97c12a2f72a3:c1462, b6a0d396-0e26-402b-ac58-4f0615a4fad6:c1458, 8b17640a-2548-4323-bd97-ba3488877b23:c1458]
2019-08-20 11:35:31,929 INFO  client.GrpcClientProtocolClient (GrpcClientProtocolClient.java:onNext(255)) - client-FC58CAF12498->aeb608e6-131f-44e0-aa35-97c12a2f72a3: receive RaftClientReply:client-FC58CAF12498->aeb608e6-131f-44e0-aa35-97c12a2f72a3@group-3F41E8AD953A, cid=1082, SUCCESS, logIndex=1462, commits[aeb608e6-131f-44e0-aa35-97c12a2f72a3:c1462, b6a0d396-0e26-402b-ac58-4f0615a4fad6:c1458, 8b17640a-2548-4323-bd97-ba3488877b23:c1458]
2019-08-20 11:35:31,930 INFO  client.GrpcClientProtocolClient (GrpcClientProtocolClient.java:onNext(255)) - client-FC58CAF12498->aeb608e6-131f-44e0-aa35-97c12a2f72a3: receive RaftClientReply:client-FC58CAF12498->aeb608e6-131f-44e0-aa35-97c12a2f72a3@group-3F41E8AD953A, cid=1083, SUCCESS, logIndex=0, commits[aeb608e6-131f-44e0-aa35-97c12a2f72a3:c1466, b6a0d396-0e26-402b-ac58-4f0615a4fad6:c1462, 8b17640a-2548-4323-bd97-ba3488877b23:c1460]
2019-08-20 11:35:31,951 INFO  client.GrpcClientProtocolClient (GrpcClientProtocolClient.java:onNext(255)) - client-FC58CAF12498->aeb608e6-131f-44e0-aa35-97c12a2f72a3: receive RaftClientReply:client-FC58CAF12498->aeb608e6-131f-44e0-aa35-97c12a2f72a3@group-3F41E8AD953A, cid=1084, SUCCESS, logIndex=1467, commits[aeb608e6-131f-44e0-aa35-97c12a2f72a3:c1468, b6a0d396-0e26-402b-ac58-4f0615a4fad6:c1466, 8b17640a-2548-4323-bd97-ba3488877b23:c1466]
2019-08-20 11:35:31,952 INFO  client.GrpcClientProtocolClient (GrpcClientProtocolClient.java:onNext(255)) - client-FC58CAF12498->aeb608e6-131f-44e0-aa35-97c12a2f72a3: receive RaftClientReply:client-FC58CAF12498->aeb608e6-131f-44e0-aa35-97c12a2f72a3@group-3F41E8AD953A, cid=1085, SUCCESS, logIndex=1468, commits[aeb608e6-131f-44e0-aa35-97c12a2f72a3:c1468, b6a0d396-0e26-402b-ac58-4f0615a4fad6:c1466, 8b17640a-2548-4323-bd97-ba3488877b23:c1466]
2019-08-20 11:35:31,967 INFO  client.GrpcClientProtocolClient (GrpcClientProtocolClient.java:onNext(255)) - client-FC58CAF12498->aeb608e6-131f-44e0-aa35-97c12a2f72a3: receive RaftClientReply:client-FC58CAF12498->aeb608e6-131f-44e0-aa35-97c12a2f72a3@group-3F41E8AD953A, cid=1086, SUCCESS, logIndex=1471, commits[aeb608e6-131f-44e0-aa35-97c12a2f72a3:c1472, b6a0d396-0e26-402b-ac58-4f0615a4fad6:c1468, 8b17640a-2548-4323-bd97-ba3488877b23:c1468]
2019-08-20 11:35:31,967 INFO  client.GrpcClientProtocolClient (GrpcClientProtocolClient.java:onNext(255)) - client-FC58CAF12498->aeb608e6-131f-44e0-aa35-97c12a2f72a3: receive RaftClientReply:client-FC58CAF12498->aeb608e6-131f-44e0-aa35-97c12a2f72a3@group-3F41E8AD953A, cid=1087, SUCCESS, logIndex=1472, commits[aeb608e6-131f-44e0-aa35-97c12a2f72a3:c1472, b6a0d396-0e26-402b-ac58-4f0615a4fad6:c1468, 8b17640a-2548-4323-bd97-ba3488877b23:c1468]
2019-08-20 11:35:31,979 INFO  client.GrpcClientProtocolClient (GrpcClientProtocolClient.java:onNext(255)) - client-FC58CAF12498->aeb608e6-131f-44e0-aa35-97c12a2f72a3: receive RaftClientReply:client-FC58CAF12498->aeb608e6-131f-44e0-aa35-97c12a2f72a3@group-3F41E8AD953A, cid=1088, SUCCESS, logIndex=0, commits[aeb608e6-131f-44e0-aa35-97c12a2f72a3:c1473, b6a0d396-0e26-402b-ac58-4f0615a4fad6:c1472, 8b17640a-2548-4323-bd97-ba3488877b23:c1472]
2019-08-20 11:35:31,997 INFO  client.GrpcClientProtocolClient (GrpcClientProtocolClient.java:onNext(255)) - client-FC58CAF12498->aeb608e6-131f-44e0-aa35-97c12a2f72a3: receive RaftClientReply:client-FC58CAF12498->aeb608e6-131f-44e0-aa35-97c12a2f72a3@group-3F41E8AD953A, cid=1089, SUCCESS, logIndex=1475, commits[aeb608e6-131f-44e0-aa35-97c12a2f72a3:c1476, b6a0d396-0e26-402b-ac58-4f0615a4fad6:c1474, 8b17640a-2548-4323-bd97-ba3488877b23:c1474]
2019-08-20 11:35:31,998 INFO  client.GrpcClientProtocolClient (GrpcClientProtocolClient.java:onNext(255)) - client-FC58CAF12498->aeb608e6-131f-44e0-aa35-97c12a2f72a3: receive RaftClientReply:client-FC58CAF12498->aeb608e6-131f-44e0-aa35-97c12a2f72a3@group-3F41E8AD953A, cid=1090, SUCCESS, logIndex=1476, commits[aeb608e6-131f-44e0-aa35-97c12a2f72a3:c1478, b6a0d396-0e26-402b-ac58-4f0615a4fad6:c1474, 8b17640a-2548-4323-bd97-ba3488877b23:c1474]
2019-08-20 11:35:31,998 INFO  client.GrpcClientProtocolClient (GrpcClientProtocolClient.java:onNext(255)) - client-FC58CAF12498->aeb608e6-131f-44e0-aa35-97c12a2f72a3: receive RaftClientReply:client-FC58CAF12498->aeb608e6-131f-44e0-aa35-97c12a2f72a3@group-3F41E8AD953A, cid=1091, SUCCESS, logIndex=1477, commits[aeb608e6-131f-44e0-aa35-97c12a2f72a3:c1478, b6a0d396-0e26-402b-ac58-4f0615a4fad6:c1474, 8b17640a-2548-4323-bd97-ba3488877b23:c1474]
2019-08-20 11:35:31,998 INFO  client.GrpcClientProtocolClient (GrpcClientProtocolClient.java:onNext(255)) - client-FC58CAF12498->aeb608e6-131f-44e0-aa35-97c12a2f72a3: receive RaftClientReply:client-FC58CAF12498->aeb608e6-131f-44e0-aa35-97c12a2f72a3@group-3F41E8AD953A, cid=1092, SUCCESS, logIndex=1478, commits[aeb608e6-131f-44e0-aa35-97c12a2f72a3:c1478, b6a0d396-0e26-402b-ac58-4f0615a4fad6:c1474, 8b17640a-2548-4323-bd97-ba3488877b23:c1474]
2019-08-20 11:35:32,000 INFO  client.GrpcClientProtocolClient (GrpcClientProtocolClient.java:onNext(255)) - client-FC58CAF12498->aeb608e6-131f-44e0-aa35-97c12a2f72a3: receive RaftClientReply:client-FC58CAF12498->aeb608e6-131f-44e0-aa35-97c12a2f72a3@group-3F41E8AD953A, cid=1093, SUCCESS, logIndex=0, commits[aeb608e6-131f-44e0-aa35-97c12a2f72a3:c1481, b6a0d396-0e26-402b-ac58-4f0615a4fad6:c1478, 8b17640a-2548-4323-bd97-ba3488877b23:c1476]
2019-08-20 11:35:32,018 INFO  client.GrpcClientProtocolClient (GrpcClientProtocolClient.java:onNext(255)) - client-FC58CAF12498->aeb608e6-131f-44e0-aa35-97c12a2f72a3: receive RaftClientReply:client-FC58CAF12498->aeb608e6-131f-44e0-aa35-97c12a2f72a3@group-3F41E8AD953A, cid=1094, SUCCESS, logIndex=1483, commits[aeb608e6-131f-44e0-aa35-97c12a2f72a3:c1484, b6a0d396-0e26-402b-ac58-4f0615a4fad6:c1482, 8b17640a-2548-4323-bd97-ba3488877b23:c1482]
2019-08-20 11:35:32,019 INFO  client.GrpcClientProtocolClient (GrpcClientProtocolClient.java:onNext(255)) - client-FC58CAF12498->aeb608e6-131f-44e0-aa35-97c12a2f72a3: receive RaftClientReply:client-FC58CAF12498->aeb608e6-131f-44e0-aa35-97c12a2f72a3@group-3F41E8AD953A, cid=1095, SUCCESS, logIndex=1484, commits[aeb608e6-131f-44e0-aa35-97c12a2f72a3:c1484, b6a0d396-0e26-402b-ac58-4f0615a4fad6:c1482, 8b17640a-2548-4323-bd97-ba3488877b23:c1482]
2019-08-20 11:35:32,030 INFO  client.GrpcClientProtocolClient (GrpcClientProtocolClient.java:onNext(255)) - client-FC58CAF12498->aeb608e6-131f-44e0-aa35-97c12a2f72a3: receive RaftClientReply:client-FC58CAF12498->aeb608e6-131f-44e0-aa35-97c12a2f72a3@group-3F41E8AD953A, cid=1096, SUCCESS, logIndex=1487, commits[aeb608e6-131f-44e0-aa35-97c12a2f72a3:c1488, b6a0d396-0e26-402b-ac58-4f0615a4fad6:c1484, 8b17640a-2548-4323-bd97-ba3488877b23:c1484]
2019-08-20 11:35:32,031 INFO  client.GrpcClientProtocolClient (GrpcClientProtocolClient.java:onNext(255)) - client-FC58CAF12498->aeb608e6-131f-44e0-aa35-97c12a2f72a3: receive RaftClientReply:client-FC58CAF12498->aeb608e6-131f-44e0-aa35-97c12a2f72a3@group-3F41E8AD953A, cid=1097, SUCCESS, logIndex=1488, commits[aeb608e6-131f-44e0-aa35-97c12a2f72a3:c1488, b6a0d396-0e26-402b-ac58-4f0615a4fad6:c1484, 8b17640a-2548-4323-bd97-ba3488877b23:c1484]
2019-08-20 11:35:32,032 INFO  client.GrpcClientProtocolClient (GrpcClientProtocolClient.java:onNext(255)) - client-FC58CAF12498->aeb608e6-131f-44e0-aa35-97c12a2f72a3: receive RaftClientReply:client-FC58CAF12498->aeb608e6-131f-44e0-aa35-97c12a2f72a3@group-3F41E8AD953A, cid=1098, SUCCESS, logIndex=0, commits[aeb608e6-131f-44e0-aa35-97c12a2f72a3:c1489, b6a0d396-0e26-402b-ac58-4f0615a4fad6:c1488, 8b17640a-2548-4323-bd97-ba3488877b23:c1488]
2019-08-20 11:35:32,061 INFO  client.GrpcClientProtocolClient (GrpcClientProtocolClient.java:onNext(255)) - client-FC58CAF12498->aeb608e6-131f-44e0-aa35-97c12a2f72a3: receive RaftClientReply:client-FC58CAF12498->aeb608e6-131f-44e0-aa35-97c12a2f72a3@group-3F41E8AD953A, cid=1099, SUCCESS, logIndex=1491, commits[aeb608e6-131f-44e0-aa35-97c12a2f72a3:c1492, b6a0d396-0e26-402b-ac58-4f0615a4fad6:c1490, 8b17640a-2548-4323-bd97-ba3488877b23:c1490]
2019-08-20 11:35:32,061 INFO  client.GrpcClientProtocolClient (GrpcClientProtocolClient.java:onNext(255)) - client-FC58CAF12498->aeb608e6-131f-44e0-aa35-97c12a2f72a3: receive RaftClientReply:client-FC58CAF12498->aeb608e6-131f-44e0-aa35-97c12a2f72a3@group-3F41E8AD953A, cid=1100, SUCCESS, logIndex=1492, commits[aeb608e6-131f-44e0-aa35-97c12a2f72a3:c1493, b6a0d396-0e26-402b-ac58-4f0615a4fad6:c1490, 8b17640a-2548-4323-bd97-ba3488877b23:c1490]
2019-08-20 11:35:32,062 INFO  client.GrpcClientProtocolClient (GrpcClientProtocolClient.java:onNext(255)) - client-FC58CAF12498->aeb608e6-131f-44e0-aa35-97c12a2f72a3: receive RaftClientReply:client-FC58CAF12498->aeb608e6-131f-44e0-aa35-97c12a2f72a3@group-3F41E8AD953A, cid=1101, SUCCESS, logIndex=1493, commits[aeb608e6-131f-44e0-aa35-97c12a2f72a3:c1494, b6a0d396-0e26-402b-ac58-4f0615a4fad6:c1490, 8b17640a-2548-4323-bd97-ba3488877b23:c1490]
2019-08-20 11:35:32,062 INFO  client.GrpcClientProtocolClient (GrpcClientProtocolClient.java:onNext(255)) - client-FC58CAF12498->aeb608e6-131f-44e0-aa35-97c12a2f72a3: receive RaftClientReply:client-FC58CAF12498->aeb608e6-131f-44e0-aa35-97c12a2f72a3@group-3F41E8AD953A, cid=1102, SUCCESS, logIndex=1494, commits[aeb608e6-131f-44e0-aa35-97c12a2f72a3:c1494, b6a0d396-0e26-402b-ac58-4f0615a4fad6:c1490, 8b17640a-2548-4323-bd97-ba3488877b23:c1490]
2019-08-20 11:35:32,063 INFO  client.GrpcClientProtocolClient (GrpcClientProtocolClient.java:onNext(255)) - client-FC58CAF12498->aeb608e6-131f-44e0-aa35-97c12a2f72a3: receive RaftClientReply:client-FC58CAF12498->aeb608e6-131f-44e0-aa35-97c12a2f72a3@group-3F41E8AD953A, cid=1103, SUCCESS, logIndex=0, commits[aeb608e6-131f-44e0-aa35-97c12a2f72a3:c1497, b6a0d396-0e26-402b-ac58-4f0615a4fad6:c1492, 8b17640a-2548-4323-bd97-ba3488877b23:c1493]
2019-08-20 11:35:32,083 INFO  client.GrpcClientProtocolClient (GrpcClientProtocolClient.java:onNext(255)) - client-FC58CAF12498->aeb608e6-131f-44e0-aa35-97c12a2f72a3: receive RaftClientReply:client-FC58CAF12498->aeb608e6-131f-44e0-aa35-97c12a2f72a3@group-3F41E8AD953A, cid=1104, SUCCESS, logIndex=1499, commits[aeb608e6-131f-44e0-aa35-97c12a2f72a3:c1500, b6a0d396-0e26-402b-ac58-4f0615a4fad6:c1498, 8b17640a-2548-4323-bd97-ba3488877b23:c1498]
2019-08-20 11:35:32,083 INFO  client.GrpcClientProtocolClient (GrpcClientProtocolClient.java:onNext(255)) - client-FC58CAF12498->aeb608e6-131f-44e0-aa35-97c12a2f72a3: receive RaftClientReply:client-FC58CAF12498->aeb608e6-131f-44e0-aa35-97c12a2f72a3@group-3F41E8AD953A, cid=1105, SUCCESS, logIndex=1500, commits[aeb608e6-131f-44e0-aa35-97c12a2f72a3:c1500, b6a0d396-0e26-402b-ac58-4f0615a4fad6:c1498, 8b17640a-2548-4323-bd97-ba3488877b23:c1498]
2019-08-20 11:35:32,096 INFO  client.GrpcClientProtocolClient (GrpcClientProtocolClient.java:onNext(255)) - client-FC58CAF12498->aeb608e6-131f-44e0-aa35-97c12a2f72a3: receive RaftClientReply:client-FC58CAF12498->aeb608e6-131f-44e0-aa35-97c12a2f72a3@group-3F41E8AD953A, cid=1106, SUCCESS, logIndex=1503, commits[aeb608e6-131f-44e0-aa35-97c12a2f72a3:c1504, b6a0d396-0e26-402b-ac58-4f0615a4fad6:c1500, 8b17640a-2548-4323-bd97-ba3488877b23:c1500]
2019-08-20 11:35:32,097 INFO  client.GrpcClientProtocolClient (GrpcClientProtocolClient.java:onNext(255)) - client-FC58CAF12498->aeb608e6-131f-44e0-aa35-97c12a2f72a3: receive RaftClientReply:client-FC58CAF12498->aeb608e6-131f-44e0-aa35-97c12a2f72a3@group-3F41E8AD953A, cid=1107, SUCCESS, logIndex=1504, commits[aeb608e6-131f-44e0-aa35-97c12a2f72a3:c1504, b6a0d396-0e26-402b-ac58-4f0615a4fad6:c1500, 8b17640a-2548-4323-bd97-ba3488877b23:c1500]
2019-08-20 11:35:32,099 INFO  client.GrpcClientProtocolClient (GrpcClientProtocolClient.java:onNext(255)) - client-FC58CAF12498->aeb608e6-131f-44e0-aa35-97c12a2f72a3: receive RaftClientReply:client-FC58CAF12498->aeb608e6-131f-44e0-aa35-97c12a2f72a3@group-3F41E8AD953A, cid=1108, SUCCESS, logIndex=0, commits[aeb608e6-131f-44e0-aa35-97c12a2f72a3:c1505, b6a0d396-0e26-402b-ac58-4f0615a4fad6:c1504, 8b17640a-2548-4323-bd97-ba3488877b23:c1504]
2019-08-20 11:35:32,118 INFO  client.GrpcClientProtocolClient (GrpcClientProtocolClient.java:onNext(255)) - client-FC58CAF12498->aeb608e6-131f-44e0-aa35-97c12a2f72a3: receive RaftClientReply:client-FC58CAF12498->aeb608e6-131f-44e0-aa35-97c12a2f72a3@group-3F41E8AD953A, cid=1109, SUCCESS, logIndex=1507, commits[aeb608e6-131f-44e0-aa35-97c12a2f72a3:c1508, b6a0d396-0e26-402b-ac58-4f0615a4fad6:c1506, 8b17640a-2548-4323-bd97-ba3488877b23:c1506]
2019-08-20 11:35:32,119 INFO  client.GrpcClientProtocolClient (GrpcClientProtocolClient.java:onNext(255)) - client-FC58CAF12498->aeb608e6-131f-44e0-aa35-97c12a2f72a3: receive RaftClientReply:client-FC58CAF12498->aeb608e6-131f-44e0-aa35-97c12a2f72a3@group-3F41E8AD953A, cid=1110, SUCCESS, logIndex=1508, commits[aeb608e6-131f-44e0-aa35-97c12a2f72a3:c1508, b6a0d396-0e26-402b-ac58-4f0615a4fad6:c1506, 8b17640a-2548-4323-bd97-ba3488877b23:c1506]
2019-08-20 11:35:32,119 INFO  client.GrpcClientProtocolClient (GrpcClientProtocolClient.java:onNext(255)) - client-FC58CAF12498->aeb608e6-131f-44e0-aa35-97c12a2f72a3: receive RaftClientReply:client-FC58CAF12498->aeb608e6-131f-44e0-aa35-97c12a2f72a3@group-3F41E8AD953A, cid=1111, SUCCESS, logIndex=1509, commits[aeb608e6-131f-44e0-aa35-97c12a2f72a3:c1510, b6a0d396-0e26-402b-ac58-4f0615a4fad6:c1506, 8b17640a-2548-4323-bd97-ba3488877b23:c1506]
2019-08-20 11:35:32,120 INFO  client.GrpcClientProtocolClient (GrpcClientProtocolClient.java:onNext(255)) - client-FC58CAF12498->aeb608e6-131f-44e0-aa35-97c12a2f72a3: receive RaftClientReply:client-FC58CAF12498->aeb608e6-131f-44e0-aa35-97c12a2f72a3@group-3F41E8AD953A, cid=1112, SUCCESS, logIndex=1510, commits[aeb608e6-131f-44e0-aa35-97c12a2f72a3:c1510, b6a0d396-0e26-402b-ac58-4f0615a4fad6:c1506, 8b17640a-2548-4323-bd97-ba3488877b23:c1506]
2019-08-20 11:35:32,121 INFO  client.GrpcClientProtocolClient (GrpcClientProtocolClient.java:onNext(255)) - client-FC58CAF12498->aeb608e6-131f-44e0-aa35-97c12a2f72a3: receive RaftClientReply:client-FC58CAF12498->aeb608e6-131f-44e0-aa35-97c12a2f72a3@group-3F41E8AD953A, cid=1113, SUCCESS, logIndex=0, commits[aeb608e6-131f-44e0-aa35-97c12a2f72a3:c1512, b6a0d396-0e26-402b-ac58-4f0615a4fad6:c1508, 8b17640a-2548-4323-bd97-ba3488877b23:c1508]
2019-08-20 11:35:32,141 INFO  client.GrpcClientProtocolClient (GrpcClientProtocolClient.java:onNext(255)) - client-FC58CAF12498->aeb608e6-131f-44e0-aa35-97c12a2f72a3: receive RaftClientReply:client-FC58CAF12498->aeb608e6-131f-44e0-aa35-97c12a2f72a3@group-3F41E8AD953A, cid=1114, SUCCESS, logIndex=1515, commits[aeb608e6-131f-44e0-aa35-97c12a2f72a3:c1516, b6a0d396-0e26-402b-ac58-4f0615a4fad6:c1514, 8b17640a-2548-4323-bd97-ba3488877b23:c1514]
2019-08-20 11:35:32,141 INFO  client.GrpcClientProtocolClient (GrpcClientProtocolClient.java:onNext(255)) - client-FC58CAF12498->aeb608e6-131f-44e0-aa35-97c12a2f72a3: receive RaftClientReply:client-FC58CAF12498->aeb608e6-131f-44e0-aa35-97c12a2f72a3@group-3F41E8AD953A, cid=1115, SUCCESS, logIndex=1516, commits[aeb608e6-131f-44e0-aa35-97c12a2f72a3:c1516, b6a0d396-0e26-402b-ac58-4f0615a4fad6:c1514, 8b17640a-2548-4323-bd97-ba3488877b23:c1514]
2019-08-20 11:35:32,154 INFO  client.GrpcClientProtocolClient (GrpcClientProtocolClient.java:onNext(255)) - client-FC58CAF12498->aeb608e6-131f-44e0-aa35-97c12a2f72a3: receive RaftClientReply:client-FC58CAF12498->aeb608e6-131f-44e0-aa35-97c12a2f72a3@group-3F41E8AD953A, cid=1116, SUCCESS, logIndex=1519, commits[aeb608e6-131f-44e0-aa35-97c12a2f72a3:c1519, b6a0d396-0e26-402b-ac58-4f0615a4fad6:c1516, 8b17640a-2548-4323-bd97-ba3488877b23:c1516]
2019-08-20 11:35:32,155 INFO  client.GrpcClientProtocolClient (GrpcClientProtocolClient.java:onNext(255)) - client-FC58CAF12498->aeb608e6-131f-44e0-aa35-97c12a2f72a3: receive RaftClientReply:client-FC58CAF12498->aeb608e6-131f-44e0-aa35-97c12a2f72a3@group-3F41E8AD953A, cid=1117, SUCCESS, logIndex=1520, commits[aeb608e6-131f-44e0-aa35-97c12a2f72a3:c1520, b6a0d396-0e26-402b-ac58-4f0615a4fad6:c1516, 8b17640a-2548-4323-bd97-ba3488877b23:c1516]
2019-08-20 11:35:32,167 INFO  client.GrpcClientProtocolClient (GrpcClientProtocolClient.java:onNext(255)) - client-FC58CAF12498->aeb608e6-131f-44e0-aa35-97c12a2f72a3: receive RaftClientReply:client-FC58CAF12498->aeb608e6-131f-44e0-aa35-97c12a2f72a3@group-3F41E8AD953A, cid=1118, SUCCESS, logIndex=0, commits[aeb608e6-131f-44e0-aa35-97c12a2f72a3:c1522, b6a0d396-0e26-402b-ac58-4f0615a4fad6:c1520, 8b17640a-2548-4323-bd97-ba3488877b23:c1520]
2019-08-20 11:35:32,293 INFO  client.GrpcClientProtocolClient (GrpcClientProtocolClient.java:onNext(255)) - client-FC58CAF12498->aeb608e6-131f-44e0-aa35-97c12a2f72a3: receive RaftClientReply:client-FC58CAF12498->aeb608e6-131f-44e0-aa35-97c12a2f72a3@group-3F41E8AD953A, cid=1119, SUCCESS, logIndex=1523, commits[aeb608e6-131f-44e0-aa35-97c12a2f72a3:c1524, b6a0d396-0e26-402b-ac58-4f0615a4fad6:c1522, 8b17640a-2548-4323-bd97-ba3488877b23:c1522]
2019-08-20 11:35:32,294 INFO  client.GrpcClientProtocolClient (GrpcClientProtocolClient.java:onNext(255)) - client-FC58CAF12498->aeb608e6-131f-44e0-aa35-97c12a2f72a3: receive RaftClientReply:client-FC58CAF12498->aeb608e6-131f-44e0-aa35-97c12a2f72a3@group-3F41E8AD953A, cid=1120, SUCCESS, logIndex=1524, commits[aeb608e6-131f-44e0-aa35-97c12a2f72a3:c1524, b6a0d396-0e26-402b-ac58-4f0615a4fad6:c1522, 8b17640a-2548-4323-bd97-ba3488877b23:c1522]
2019-08-20 11:35:32,305 INFO  client.GrpcClientProtocolClient (GrpcClientProtocolClient.java:onNext(255)) - client-FC58CAF12498->aeb608e6-131f-44e0-aa35-97c12a2f72a3: receive RaftClientReply:client-FC58CAF12498->aeb608e6-131f-44e0-aa35-97c12a2f72a3@group-3F41E8AD953A, cid=1121, SUCCESS, logIndex=1525, commits[aeb608e6-131f-44e0-aa35-97c12a2f72a3:c1526, b6a0d396-0e26-402b-ac58-4f0615a4fad6:c1522, 8b17640a-2548-4323-bd97-ba3488877b23:c1522]
2019-08-20 11:35:32,305 INFO  client.GrpcClientProtocolClient (GrpcClientProtocolClient.java:onNext(255)) - client-FC58CAF12498->aeb608e6-131f-44e0-aa35-97c12a2f72a3: receive RaftClientReply:client-FC58CAF12498->aeb608e6-131f-44e0-aa35-97c12a2f72a3@group-3F41E8AD953A, cid=1122, SUCCESS, logIndex=1526, commits[aeb608e6-131f-44e0-aa35-97c12a2f72a3:c1528, b6a0d396-0e26-402b-ac58-4f0615a4fad6:c1524, 8b17640a-2548-4323-bd97-ba3488877b23:c1524]
 0.00% |█                                                                                                    |  0/1 Time: 0:00:062019-08-20 11:35:32,331 INFO  client.GrpcClientProtocolClient (GrpcClientProtocolClient.java:onNext(255)) - client-FC58CAF12498->aeb608e6-131f-44e0-aa35-97c12a2f72a3: receive RaftClientReply:client-FC58CAF12498->aeb608e6-131f-44e0-aa35-97c12a2f72a3@group-3F41E8AD953A, cid=1123, SUCCESS, logIndex=1531, commits[aeb608e6-131f-44e0-aa35-97c12a2f72a3:c1532, b6a0d396-0e26-402b-ac58-4f0615a4fad6:c1530, 8b17640a-2548-4323-bd97-ba3488877b23:c1530]
2019-08-20 11:35:32,331 INFO  client.GrpcClientProtocolClient (GrpcClientProtocolClient.java:onNext(255)) - client-FC58CAF12498->aeb608e6-131f-44e0-aa35-97c12a2f72a3: receive RaftClientReply:client-FC58CAF12498->aeb608e6-131f-44e0-aa35-97c12a2f72a3@group-3F41E8AD953A, cid=1124, SUCCESS, logIndex=1532, commits[aeb608e6-131f-44e0-aa35-97c12a2f72a3:c1532, b6a0d396-0e26-402b-ac58-4f0615a4fad6:c1530, 8b17640a-2548-4323-bd97-ba3488877b23:c1530]
2019-08-20 11:35:32,355 INFO  client.GrpcClientProtocolClient (GrpcClientProtocolClient.java:onNext(255)) - client-FC58CAF12498->aeb608e6-131f-44e0-aa35-97c12a2f72a3: receive RaftClientReply:client-FC58CAF12498->aeb608e6-131f-44e0-aa35-97c12a2f72a3@group-3F41E8AD953A, cid=1125, SUCCESS, logIndex=1535, commits[aeb608e6-131f-44e0-aa35-97c12a2f72a3:c1535, b6a0d396-0e26-402b-ac58-4f0615a4fad6:c1532, 8b17640a-2548-4323-bd97-ba3488877b23:c1532]
2019-08-20 11:35:32,356 INFO  client.GrpcClientProtocolClient (GrpcClientProtocolClient.java:onNext(255)) - client-FC58CAF12498->aeb608e6-131f-44e0-aa35-97c12a2f72a3: receive RaftClientReply:client-FC58CAF12498->aeb608e6-131f-44e0-aa35-97c12a2f72a3@group-3F41E8AD953A, cid=1126, SUCCESS, logIndex=1536, commits[aeb608e6-131f-44e0-aa35-97c12a2f72a3:c1536, b6a0d396-0e26-402b-ac58-4f0615a4fad6:c1532, 8b17640a-2548-4323-bd97-ba3488877b23:c1532]
2019-08-20 11:35:32,358 INFO  client.GrpcClientProtocolClient (GrpcClientProtocolClient.java:onNext(255)) - client-FC58CAF12498->aeb608e6-131f-44e0-aa35-97c12a2f72a3: receive RaftClientReply:client-FC58CAF12498->aeb608e6-131f-44e0-aa35-97c12a2f72a3@group-3F41E8AD953A, cid=1127, SUCCESS, logIndex=0, commits[aeb608e6-131f-44e0-aa35-97c12a2f72a3:c1538, b6a0d396-0e26-402b-ac58-4f0615a4fad6:c1536, 8b17640a-2548-4323-bd97-ba3488877b23:c1536]
2019-08-20 11:35:32,381 INFO  client.GrpcClientProtocolClient (GrpcClientProtocolClient.java:onNext(255)) - client-FC58CAF12498->aeb608e6-131f-44e0-aa35-97c12a2f72a3: receive RaftClientReply:client-FC58CAF12498->aeb608e6-131f-44e0-aa35-97c12a2f72a3@group-3F41E8AD953A, cid=1128, SUCCESS, logIndex=1539, commits[aeb608e6-131f-44e0-aa35-97c12a2f72a3:c1541, b6a0d396-0e26-402b-ac58-4f0615a4fad6:c1538, 8b17640a-2548-4323-bd97-ba3488877b23:c1538]
2019-08-20 11:35:32,381 INFO  client.GrpcClientProtocolClient (GrpcClientProtocolClient.java:onNext(255)) - client-FC58CAF12498->aeb608e6-131f-44e0-aa35-97c12a2f72a3: receive RaftClientReply:client-FC58CAF12498->aeb608e6-131f-44e0-aa35-97c12a2f72a3@group-3F41E8AD953A, cid=1129, SUCCESS, logIndex=1540, commits[aeb608e6-131f-44e0-aa35-97c12a2f72a3:c1542, b6a0d396-0e26-402b-ac58-4f0615a4fad6:c1538, 8b17640a-2548-4323-bd97-ba3488877b23:c1538]
2019-08-20 11:35:32,382 INFO  client.GrpcClientProtocolClient (GrpcClientProtocolClient.java:onNext(255)) - client-FC58CAF12498->aeb608e6-131f-44e0-aa35-97c12a2f72a3: receive RaftClientReply:client-FC58CAF12498->aeb608e6-131f-44e0-aa35-97c12a2f72a3@group-3F41E8AD953A, cid=1130, SUCCESS, logIndex=1541, commits[aeb608e6-131f-44e0-aa35-97c12a2f72a3:c1542, b6a0d396-0e26-402b-ac58-4f0615a4fad6:c1538, 8b17640a-2548-4323-bd97-ba3488877b23:c1538]
2019-08-20 11:35:32,382 INFO  client.GrpcClientProtocolClient (GrpcClientProtocolClient.java:onNext(255)) - client-FC58CAF12498->aeb608e6-131f-44e0-aa35-97c12a2f72a3: receive RaftClientReply:client-FC58CAF12498->aeb608e6-131f-44e0-aa35-97c12a2f72a3@group-3F41E8AD953A, cid=1131, SUCCESS, logIndex=1542, commits[aeb608e6-131f-44e0-aa35-97c12a2f72a3:c1542, b6a0d396-0e26-402b-ac58-4f0615a4fad6:c1538, 8b17640a-2548-4323-bd97-ba3488877b23:c1538]
2019-08-20 11:35:32,384 INFO  client.GrpcClientProtocolClient (GrpcClientProtocolClient.java:onNext(255)) - client-FC58CAF12498->aeb608e6-131f-44e0-aa35-97c12a2f72a3: receive RaftClientReply:client-FC58CAF12498->aeb608e6-131f-44e0-aa35-97c12a2f72a3@group-3F41E8AD953A, cid=1132, SUCCESS, logIndex=0, commits[aeb608e6-131f-44e0-aa35-97c12a2f72a3:c1546, b6a0d396-0e26-402b-ac58-4f0615a4fad6:c1540, 8b17640a-2548-4323-bd97-ba3488877b23:c1542]
2019-08-20 11:35:32,404 INFO  client.GrpcClientProtocolClient (GrpcClientProtocolClient.java:onNext(255)) - client-FC58CAF12498->aeb608e6-131f-44e0-aa35-97c12a2f72a3: receive RaftClientReply:client-FC58CAF12498->aeb608e6-131f-44e0-aa35-97c12a2f72a3@group-3F41E8AD953A, cid=1133, SUCCESS, logIndex=1547, commits[aeb608e6-131f-44e0-aa35-97c12a2f72a3:c1548, b6a0d396-0e26-402b-ac58-4f0615a4fad6:c1546, 8b17640a-2548-4323-bd97-ba3488877b23:c1546]
2019-08-20 11:35:32,405 INFO  client.GrpcClientProtocolClient (GrpcClientProtocolClient.java:onNext(255)) - client-FC58CAF12498->aeb608e6-131f-44e0-aa35-97c12a2f72a3: receive RaftClientReply:client-FC58CAF12498->aeb608e6-131f-44e0-aa35-97c12a2f72a3@group-3F41E8AD953A, cid=1134, SUCCESS, logIndex=1548, commits[aeb608e6-131f-44e0-aa35-97c12a2f72a3:c1548, b6a0d396-0e26-402b-ac58-4f0615a4fad6:c1546, 8b17640a-2548-4323-bd97-ba3488877b23:c1546]
2019-08-20 11:35:32,418 INFO  client.GrpcClientProtocolClient (GrpcClientProtocolClient.java:onNext(255)) - client-FC58CAF12498->aeb608e6-131f-44e0-aa35-97c12a2f72a3: receive RaftClientReply:client-FC58CAF12498->aeb608e6-131f-44e0-aa35-97c12a2f72a3@group-3F41E8AD953A, cid=1135, SUCCESS, logIndex=1551, commits[aeb608e6-131f-44e0-aa35-97c12a2f72a3:c1552, b6a0d396-0e26-402b-ac58-4f0615a4fad6:c1548, 8b17640a-2548-4323-bd97-ba3488877b23:c1548]
2019-08-20 11:35:32,418 INFO  client.GrpcClientProtocolClient (GrpcClientProtocolClient.java:onNext(255)) - client-FC58CAF12498->aeb608e6-131f-44e0-aa35-97c12a2f72a3: receive RaftClientReply:client-FC58CAF12498->aeb608e6-131f-44e0-aa35-97c12a2f72a3@group-3F41E8AD953A, cid=1136, SUCCESS, logIndex=1552, commits[aeb608e6-131f-44e0-aa35-97c12a2f72a3:c1552, b6a0d396-0e26-402b-ac58-4f0615a4fad6:c1548, 8b17640a-2548-4323-bd97-ba3488877b23:c1548]
2019-08-20 11:35:32,431 INFO  client.GrpcClientProtocolClient (GrpcClientProtocolClient.java:onNext(255)) - client-FC58CAF12498->aeb608e6-131f-44e0-aa35-97c12a2f72a3: receive RaftClientReply:client-FC58CAF12498->aeb608e6-131f-44e0-aa35-97c12a2f72a3@group-3F41E8AD953A, cid=1137, SUCCESS, logIndex=0, commits[aeb608e6-131f-44e0-aa35-97c12a2f72a3:c1554, b6a0d396-0e26-402b-ac58-4f0615a4fad6:c1552, 8b17640a-2548-4323-bd97-ba3488877b23:c1552]
2019-08-20 11:35:32,451 INFO  client.GrpcClientProtocolClient (GrpcClientProtocolClient.java:onNext(255)) - client-FC58CAF12498->aeb608e6-131f-44e0-aa35-97c12a2f72a3: receive RaftClientReply:client-FC58CAF12498->aeb608e6-131f-44e0-aa35-97c12a2f72a3@group-3F41E8AD953A, cid=1138, SUCCESS, logIndex=1555, commits[aeb608e6-131f-44e0-aa35-97c12a2f72a3:c1556, b6a0d396-0e26-402b-ac58-4f0615a4fad6:c1554, 8b17640a-2548-4323-bd97-ba3488877b23:c1554]
2019-08-20 11:35:32,452 INFO  client.GrpcClientProtocolClient (GrpcClientProtocolClient.java:onNext(255)) - client-FC58CAF12498->aeb608e6-131f-44e0-aa35-97c12a2f72a3: receive RaftClientReply:client-FC58CAF12498->aeb608e6-131f-44e0-aa35-97c12a2f72a3@group-3F41E8AD953A, cid=1139, SUCCESS, logIndex=1556, commits[aeb608e6-131f-44e0-aa35-97c12a2f72a3:c1556, b6a0d396-0e26-402b-ac58-4f0615a4fad6:c1554, 8b17640a-2548-4323-bd97-ba3488877b23:c1554]
2019-08-20 11:35:32,453 INFO  client.GrpcClientProtocolClient (GrpcClientProtocolClient.java:onNext(255)) - client-FC58CAF12498->aeb608e6-131f-44e0-aa35-97c12a2f72a3: receive RaftClientReply:client-FC58CAF12498->aeb608e6-131f-44e0-aa35-97c12a2f72a3@group-3F41E8AD953A, cid=1140, SUCCESS, logIndex=1557, commits[aeb608e6-131f-44e0-aa35-97c12a2f72a3:c1558, b6a0d396-0e26-402b-ac58-4f0615a4fad6:c1554, 8b17640a-2548-4323-bd97-ba3488877b23:c1554]
2019-08-20 11:35:32,453 INFO  client.GrpcClientProtocolClient (GrpcClientProtocolClient.java:onNext(255)) - client-FC58CAF12498->aeb608e6-131f-44e0-aa35-97c12a2f72a3: receive RaftClientReply:client-FC58CAF12498->aeb608e6-131f-44e0-aa35-97c12a2f72a3@group-3F41E8AD953A, cid=1141, SUCCESS, logIndex=1558, commits[aeb608e6-131f-44e0-aa35-97c12a2f72a3:c1558, b6a0d396-0e26-402b-ac58-4f0615a4fad6:c1554, 8b17640a-2548-4323-bd97-ba3488877b23:c1554]
2019-08-20 11:35:32,455 INFO  client.GrpcClientProtocolClient (GrpcClientProtocolClient.java:onNext(255)) - client-FC58CAF12498->aeb608e6-131f-44e0-aa35-97c12a2f72a3: receive RaftClientReply:client-FC58CAF12498->aeb608e6-131f-44e0-aa35-97c12a2f72a3@group-3F41E8AD953A, cid=1142, SUCCESS, logIndex=0, commits[aeb608e6-131f-44e0-aa35-97c12a2f72a3:c1560, b6a0d396-0e26-402b-ac58-4f0615a4fad6:c1556, 8b17640a-2548-4323-bd97-ba3488877b23:c1556]
2019-08-20 11:35:32,474 INFO  client.GrpcClientProtocolClient (GrpcClientProtocolClient.java:onNext(255)) - client-FC58CAF12498->aeb608e6-131f-44e0-aa35-97c12a2f72a3: receive RaftClientReply:client-FC58CAF12498->aeb608e6-131f-44e0-aa35-97c12a2f72a3@group-3F41E8AD953A, cid=1143, SUCCESS, logIndex=1563, commits[aeb608e6-131f-44e0-aa35-97c12a2f72a3:c1564, b6a0d396-0e26-402b-ac58-4f0615a4fad6:c1562, 8b17640a-2548-4323-bd97-ba3488877b23:c1562]
2019-08-20 11:35:32,475 INFO  client.GrpcClientProtocolClient (GrpcClientProtocolClient.java:onNext(255)) - client-FC58CAF12498->aeb608e6-131f-44e0-aa35-97c12a2f72a3: receive RaftClientReply:client-FC58CAF12498->aeb608e6-131f-44e0-aa35-97c12a2f72a3@group-3F41E8AD953A, cid=1144, SUCCESS, logIndex=1564, commits[aeb608e6-131f-44e0-aa35-97c12a2f72a3:c1564, b6a0d396-0e26-402b-ac58-4f0615a4fad6:c1562, 8b17640a-2548-4323-bd97-ba3488877b23:c1562]
2019-08-20 11:35:32,487 INFO  client.GrpcClientProtocolClient (GrpcClientProtocolClient.java:onNext(255)) - client-FC58CAF12498->aeb608e6-131f-44e0-aa35-97c12a2f72a3: receive RaftClientReply:client-FC58CAF12498->aeb608e6-131f-44e0-aa35-97c12a2f72a3@group-3F41E8AD953A, cid=1145, SUCCESS, logIndex=1566, commits[aeb608e6-131f-44e0-aa35-97c12a2f72a3:c1567, b6a0d396-0e26-402b-ac58-4f0615a4fad6:c1564, 8b17640a-2548-4323-bd97-ba3488877b23:c1564]
2019-08-20 11:35:32,488 INFO  client.GrpcClientProtocolClient (GrpcClientProtocolClient.java:onNext(255)) - client-FC58CAF12498->aeb608e6-131f-44e0-aa35-97c12a2f72a3: receive RaftClientReply:client-FC58CAF12498->aeb608e6-131f-44e0-aa35-97c12a2f72a3@group-3F41E8AD953A, cid=1146, SUCCESS, logIndex=1567, commits[aeb608e6-131f-44e0-aa35-97c12a2f72a3:c1567, b6a0d396-0e26-402b-ac58-4f0615a4fad6:c1564, 8b17640a-2548-4323-bd97-ba3488877b23:c1564]
2019-08-20 11:35:32,500 INFO  client.GrpcClientProtocolClient (GrpcClientProtocolClient.java:onNext(255)) - client-FC58CAF12498->aeb608e6-131f-44e0-aa35-97c12a2f72a3: receive RaftClientReply:client-FC58CAF12498->aeb608e6-131f-44e0-aa35-97c12a2f72a3@group-3F41E8AD953A, cid=1147, SUCCESS, logIndex=0, commits[aeb608e6-131f-44e0-aa35-97c12a2f72a3:c1568, b6a0d396-0e26-402b-ac58-4f0615a4fad6:c1567, 8b17640a-2548-4323-bd97-ba3488877b23:c1567]
2019-08-20 11:35:32,518 INFO  client.GrpcClientProtocolClient (GrpcClientProtocolClient.java:onNext(255)) - client-FC58CAF12498->aeb608e6-131f-44e0-aa35-97c12a2f72a3: receive RaftClientReply:client-FC58CAF12498->aeb608e6-131f-44e0-aa35-97c12a2f72a3@group-3F41E8AD953A, cid=1148, SUCCESS, logIndex=1570, commits[aeb608e6-131f-44e0-aa35-97c12a2f72a3:c1571, b6a0d396-0e26-402b-ac58-4f0615a4fad6:c1569, 8b17640a-2548-4323-bd97-ba3488877b23:c1569]
2019-08-20 11:35:32,519 INFO  client.GrpcClientProtocolClient (GrpcClientProtocolClient.java:onNext(255)) - client-FC58CAF12498->aeb608e6-131f-44e0-aa35-97c12a2f72a3: receive RaftClientReply:client-FC58CAF12498->aeb608e6-131f-44e0-aa35-97c12a2f72a3@group-3F41E8AD953A, cid=1149, SUCCESS, logIndex=1571, commits[aeb608e6-131f-44e0-aa35-97c12a2f72a3:c1571, b6a0d396-0e26-402b-ac58-4f0615a4fad6:c1569, 8b17640a-2548-4323-bd97-ba3488877b23:c1569]
2019-08-20 11:35:32,528 INFO  client.GrpcClientProtocolClient (GrpcClientProtocolClient.java:onNext(255)) - client-FC58CAF12498->aeb608e6-131f-44e0-aa35-97c12a2f72a3: receive RaftClientReply:client-FC58CAF12498->aeb608e6-131f-44e0-aa35-97c12a2f72a3@group-3F41E8AD953A, cid=1150, SUCCESS, logIndex=1572, commits[aeb608e6-131f-44e0-aa35-97c12a2f72a3:c1573, b6a0d396-0e26-402b-ac58-4f0615a4fad6:c1569, 8b17640a-2548-4323-bd97-ba3488877b23:c1569]
2019-08-20 11:35:32,529 INFO  client.GrpcClientProtocolClient (GrpcClientProtocolClient.java:onNext(255)) - client-FC58CAF12498->aeb608e6-131f-44e0-aa35-97c12a2f72a3: receive RaftClientReply:client-FC58CAF12498->aeb608e6-131f-44e0-aa35-97c12a2f72a3@group-3F41E8AD953A, cid=1151, SUCCESS, logIndex=1573, commits[aeb608e6-131f-44e0-aa35-97c12a2f72a3:c1573, b6a0d396-0e26-402b-ac58-4f0615a4fad6:c1569, 8b17640a-2548-4323-bd97-ba3488877b23:c1569]
2019-08-20 11:35:32,530 INFO  client.GrpcClientProtocolClient (GrpcClientProtocolClient.java:onNext(255)) - client-FC58CAF12498->aeb608e6-131f-44e0-aa35-97c12a2f72a3: receive RaftClientReply:client-FC58CAF12498->aeb608e6-131f-44e0-aa35-97c12a2f72a3@group-3F41E8AD953A, cid=1152, SUCCESS, logIndex=0, commits[aeb608e6-131f-44e0-aa35-97c12a2f72a3:c1575, b6a0d396-0e26-402b-ac58-4f0615a4fad6:c1571, 8b17640a-2548-4323-bd97-ba3488877b23:c1571]
2019-08-20 11:35:32,548 INFO  client.GrpcClientProtocolClient (GrpcClientProtocolClient.java:onNext(255)) - client-FC58CAF12498->aeb608e6-131f-44e0-aa35-97c12a2f72a3: receive RaftClientReply:client-FC58CAF12498->aeb608e6-131f-44e0-aa35-97c12a2f72a3@group-3F41E8AD953A, cid=1153, SUCCESS, logIndex=1578, commits[aeb608e6-131f-44e0-aa35-97c12a2f72a3:c1579, b6a0d396-0e26-402b-ac58-4f0615a4fad6:c1577, 8b17640a-2548-4323-bd97-ba3488877b23:c1577]
2019-08-20 11:35:32,548 INFO  client.GrpcClientProtocolClient (GrpcClientProtocolClient.java:onNext(255)) - client-FC58CAF12498->aeb608e6-131f-44e0-aa35-97c12a2f72a3: receive RaftClientReply:client-FC58CAF12498->aeb608e6-131f-44e0-aa35-97c12a2f72a3@group-3F41E8AD953A, cid=1154, SUCCESS, logIndex=1579, commits[aeb608e6-131f-44e0-aa35-97c12a2f72a3:c1579, b6a0d396-0e26-402b-ac58-4f0615a4fad6:c1577, 8b17640a-2548-4323-bd97-ba3488877b23:c1577]
2019-08-20 11:35:32,570 INFO  client.GrpcClientProtocolClient (GrpcClientProtocolClient.java:onNext(255)) - client-FC58CAF12498->aeb608e6-131f-44e0-aa35-97c12a2f72a3: receive RaftClientReply:client-FC58CAF12498->aeb608e6-131f-44e0-aa35-97c12a2f72a3@group-3F41E8AD953A, cid=1155, SUCCESS, logIndex=1582, commits[aeb608e6-131f-44e0-aa35-97c12a2f72a3:c1583, b6a0d396-0e26-402b-ac58-4f0615a4fad6:c1579, 8b17640a-2548-4323-bd97-ba3488877b23:c1579]
2019-08-20 11:35:32,570 INFO  client.GrpcClientProtocolClient (GrpcClientProtocolClient.java:onNext(255)) - client-FC58CAF12498->aeb608e6-131f-44e0-aa35-97c12a2f72a3: receive RaftClientReply:client-FC58CAF12498->aeb608e6-131f-44e0-aa35-97c12a2f72a3@group-3F41E8AD953A, cid=1156, SUCCESS, logIndex=1583, commits[aeb608e6-131f-44e0-aa35-97c12a2f72a3:c1583, b6a0d396-0e26-402b-ac58-4f0615a4fad6:c1579, 8b17640a-2548-4323-bd97-ba3488877b23:c1579]
2019-08-20 11:35:32,582 INFO  client.GrpcClientProtocolClient (GrpcClientProtocolClient.java:onNext(255)) - client-FC58CAF12498->aeb608e6-131f-44e0-aa35-97c12a2f72a3: receive RaftClientReply:client-FC58CAF12498->aeb608e6-131f-44e0-aa35-97c12a2f72a3@group-3F41E8AD953A, cid=1157, SUCCESS, logIndex=0, commits[aeb608e6-131f-44e0-aa35-97c12a2f72a3:c1585, b6a0d396-0e26-402b-ac58-4f0615a4fad6:c1583, 8b17640a-2548-4323-bd97-ba3488877b23:c1583]
2019-08-20 11:35:32,601 INFO  client.GrpcClientProtocolClient (GrpcClientProtocolClient.java:onNext(255)) - client-FC58CAF12498->aeb608e6-131f-44e0-aa35-97c12a2f72a3: receive RaftClientReply:client-FC58CAF12498->aeb608e6-131f-44e0-aa35-97c12a2f72a3@group-3F41E8AD953A, cid=1158, SUCCESS, logIndex=1586, commits[aeb608e6-131f-44e0-aa35-97c12a2f72a3:c1587, b6a0d396-0e26-402b-ac58-4f0615a4fad6:c1585, 8b17640a-2548-4323-bd97-ba3488877b23:c1585]
2019-08-20 11:35:32,602 INFO  client.GrpcClientProtocolClient (GrpcClientProtocolClient.java:onNext(255)) - client-FC58CAF12498->aeb608e6-131f-44e0-aa35-97c12a2f72a3: receive RaftClientReply:client-FC58CAF12498->aeb608e6-131f-44e0-aa35-97c12a2f72a3@group-3F41E8AD953A, cid=1159, SUCCESS, logIndex=1587, commits[aeb608e6-131f-44e0-aa35-97c12a2f72a3:c1587, b6a0d396-0e26-402b-ac58-4f0615a4fad6:c1585, 8b17640a-2548-4323-bd97-ba3488877b23:c1585]
2019-08-20 11:35:32,602 INFO  client.GrpcClientProtocolClient (GrpcClientProtocolClient.java:onNext(255)) - client-FC58CAF12498->aeb608e6-131f-44e0-aa35-97c12a2f72a3: receive RaftClientReply:client-FC58CAF12498->aeb608e6-131f-44e0-aa35-97c12a2f72a3@group-3F41E8AD953A, cid=1160, SUCCESS, logIndex=1588, commits[aeb608e6-131f-44e0-aa35-97c12a2f72a3:c1589, b6a0d396-0e26-402b-ac58-4f0615a4fad6:c1585, 8b17640a-2548-4323-bd97-ba3488877b23:c1585]
2019-08-20 11:35:32,603 INFO  client.GrpcClientProtocolClient (GrpcClientProtocolClient.java:onNext(255)) - client-FC58CAF12498->aeb608e6-131f-44e0-aa35-97c12a2f72a3: receive RaftClientReply:client-FC58CAF12498->aeb608e6-131f-44e0-aa35-97c12a2f72a3@group-3F41E8AD953A, cid=1161, SUCCESS, logIndex=1589, commits[aeb608e6-131f-44e0-aa35-97c12a2f72a3:c1589, b6a0d396-0e26-402b-ac58-4f0615a4fad6:c1585, 8b17640a-2548-4323-bd97-ba3488877b23:c1585]
2019-08-20 11:35:32,605 INFO  client.GrpcClientProtocolClient (GrpcClientProtocolClient.java:onNext(255)) - client-FC58CAF12498->aeb608e6-131f-44e0-aa35-97c12a2f72a3: receive RaftClientReply:client-FC58CAF12498->aeb608e6-131f-44e0-aa35-97c12a2f72a3@group-3F41E8AD953A, cid=1162, SUCCESS, logIndex=0, commits[aeb608e6-131f-44e0-aa35-97c12a2f72a3:c1593, b6a0d396-0e26-402b-ac58-4f0615a4fad6:c1589, 8b17640a-2548-4323-bd97-ba3488877b23:c1587]
2019-08-20 11:35:32,625 INFO  client.GrpcClientProtocolClient (GrpcClientProtocolClient.java:onNext(255)) - client-FC58CAF12498->aeb608e6-131f-44e0-aa35-97c12a2f72a3: receive RaftClientReply:client-FC58CAF12498->aeb608e6-131f-44e0-aa35-97c12a2f72a3@group-3F41E8AD953A, cid=1163, SUCCESS, logIndex=1594, commits[aeb608e6-131f-44e0-aa35-97c12a2f72a3:c1595, b6a0d396-0e26-402b-ac58-4f0615a4fad6:c1593, 8b17640a-2548-4323-bd97-ba3488877b23:c1593]
2019-08-20 11:35:32,625 INFO  client.GrpcClientProtocolClient (GrpcClientProtocolClient.java:onNext(255)) - client-FC58CAF12498->aeb608e6-131f-44e0-aa35-97c12a2f72a3: receive RaftClientReply:client-FC58CAF12498->aeb608e6-131f-44e0-aa35-97c12a2f72a3@group-3F41E8AD953A, cid=1164, SUCCESS, logIndex=1595, commits[aeb608e6-131f-44e0-aa35-97c12a2f72a3:c1595, b6a0d396-0e26-402b-ac58-4f0615a4fad6:c1593, 8b17640a-2548-4323-bd97-ba3488877b23:c1593]
2019-08-20 11:35:32,639 INFO  client.GrpcClientProtocolClient (GrpcClientProtocolClient.java:onNext(255)) - client-FC58CAF12498->aeb608e6-131f-44e0-aa35-97c12a2f72a3: receive RaftClientReply:client-FC58CAF12498->aeb608e6-131f-44e0-aa35-97c12a2f72a3@group-3F41E8AD953A, cid=1165, SUCCESS, logIndex=1598, commits[aeb608e6-131f-44e0-aa35-97c12a2f72a3:c1598, b6a0d396-0e26-402b-ac58-4f0615a4fad6:c1595, 8b17640a-2548-4323-bd97-ba3488877b23:c1595]
2019-08-20 11:35:32,639 INFO  client.GrpcClientProtocolClient (GrpcClientProtocolClient.java:onNext(255)) - client-FC58CAF12498->aeb608e6-131f-44e0-aa35-97c12a2f72a3: receive RaftClientReply:client-FC58CAF12498->aeb608e6-131f-44e0-aa35-97c12a2f72a3@group-3F41E8AD953A, cid=1166, SUCCESS, logIndex=1599, commits[aeb608e6-131f-44e0-aa35-97c12a2f72a3:c1599, b6a0d396-0e26-402b-ac58-4f0615a4fad6:c1595, 8b17640a-2548-4323-bd97-ba3488877b23:c1595]
2019-08-20 11:35:32,652 INFO  client.GrpcClientProtocolClient (GrpcClientProtocolClient.java:onNext(255)) - client-FC58CAF12498->aeb608e6-131f-44e0-aa35-97c12a2f72a3: receive RaftClientReply:client-FC58CAF12498->aeb608e6-131f-44e0-aa35-97c12a2f72a3@group-3F41E8AD953A, cid=1167, SUCCESS, logIndex=0, commits[aeb608e6-131f-44e0-aa35-97c12a2f72a3:c1601, b6a0d396-0e26-402b-ac58-4f0615a4fad6:c1599, 8b17640a-2548-4323-bd97-ba3488877b23:c1599]
2019-08-20 11:35:32,672 INFO  client.GrpcClientProtocolClient (GrpcClientProtocolClient.java:onNext(255)) - client-FC58CAF12498->aeb608e6-131f-44e0-aa35-97c12a2f72a3: receive RaftClientReply:client-FC58CAF12498->aeb608e6-131f-44e0-aa35-97c12a2f72a3@group-3F41E8AD953A, cid=1168, SUCCESS, logIndex=1602, commits[aeb608e6-131f-44e0-aa35-97c12a2f72a3:c1603, b6a0d396-0e26-402b-ac58-4f0615a4fad6:c1601, 8b17640a-2548-4323-bd97-ba3488877b23:c1601]
2019-08-20 11:35:32,673 INFO  client.GrpcClientProtocolClient (GrpcClientProtocolClient.java:onNext(255)) - client-FC58CAF12498->aeb608e6-131f-44e0-aa35-97c12a2f72a3: receive RaftClientReply:client-FC58CAF12498->aeb608e6-131f-44e0-aa35-97c12a2f72a3@group-3F41E8AD953A, cid=1169, SUCCESS, logIndex=1603, commits[aeb608e6-131f-44e0-aa35-97c12a2f72a3:c1603, b6a0d396-0e26-402b-ac58-4f0615a4fad6:c1601, 8b17640a-2548-4323-bd97-ba3488877b23:c1601]
2019-08-20 11:35:32,674 INFO  client.GrpcClientProtocolClient (GrpcClientProtocolClient.java:onNext(255)) - client-FC58CAF12498->aeb608e6-131f-44e0-aa35-97c12a2f72a3: receive RaftClientReply:client-FC58CAF12498->aeb608e6-131f-44e0-aa35-97c12a2f72a3@group-3F41E8AD953A, cid=1170, SUCCESS, logIndex=1604, commits[aeb608e6-131f-44e0-aa35-97c12a2f72a3:c1605, b6a0d396-0e26-402b-ac58-4f0615a4fad6:c1601, 8b17640a-2548-4323-bd97-ba3488877b23:c1601]
2019-08-20 11:35:32,674 INFO  client.GrpcClientProtocolClient (GrpcClientProtocolClient.java:onNext(255)) - client-FC58CAF12498->aeb608e6-131f-44e0-aa35-97c12a2f72a3: receive RaftClientReply:client-FC58CAF12498->aeb608e6-131f-44e0-aa35-97c12a2f72a3@group-3F41E8AD953A, cid=1171, SUCCESS, logIndex=1605, commits[aeb608e6-131f-44e0-aa35-97c12a2f72a3:c1605, b6a0d396-0e26-402b-ac58-4f0615a4fad6:c1601, 8b17640a-2548-4323-bd97-ba3488877b23:c1601]
2019-08-20 11:35:32,675 INFO  client.GrpcClientProtocolClient (GrpcClientProtocolClient.java:onNext(255)) - client-FC58CAF12498->aeb608e6-131f-44e0-aa35-97c12a2f72a3: receive RaftClientReply:client-FC58CAF12498->aeb608e6-131f-44e0-aa35-97c12a2f72a3@group-3F41E8AD953A, cid=1172, SUCCESS, logIndex=0, commits[aeb608e6-131f-44e0-aa35-97c12a2f72a3:c1607, b6a0d396-0e26-402b-ac58-4f0615a4fad6:c1603, 8b17640a-2548-4323-bd97-ba3488877b23:c1603]
2019-08-20 11:35:32,694 INFO  client.GrpcClientProtocolClient (GrpcClientProtocolClient.java:onNext(255)) - client-FC58CAF12498->aeb608e6-131f-44e0-aa35-97c12a2f72a3: receive RaftClientReply:client-FC58CAF12498->aeb608e6-131f-44e0-aa35-97c12a2f72a3@group-3F41E8AD953A, cid=1173, SUCCESS, logIndex=1610, commits[aeb608e6-131f-44e0-aa35-97c12a2f72a3:c1611, b6a0d396-0e26-402b-ac58-4f0615a4fad6:c1609, 8b17640a-2548-4323-bd97-ba3488877b23:c1609]
2019-08-20 11:35:32,695 INFO  client.GrpcClientProtocolClient (GrpcClientProtocolClient.java:onNext(255)) - client-FC58CAF12498->aeb608e6-131f-44e0-aa35-97c12a2f72a3: receive RaftClientReply:client-FC58CAF12498->aeb608e6-131f-44e0-aa35-97c12a2f72a3@group-3F41E8AD953A, cid=1174, SUCCESS, logIndex=1611, commits[aeb608e6-131f-44e0-aa35-97c12a2f72a3:c1611, b6a0d396-0e26-402b-ac58-4f0615a4fad6:c1609, 8b17640a-2548-4323-bd97-ba3488877b23:c1609]
2019-08-20 11:35:32,708 INFO  client.GrpcClientProtocolClient (GrpcClientProtocolClient.java:onNext(255)) - client-FC58CAF12498->aeb608e6-131f-44e0-aa35-97c12a2f72a3: receive RaftClientReply:client-FC58CAF12498->aeb608e6-131f-44e0-aa35-97c12a2f72a3@group-3F41E8AD953A, cid=1175, SUCCESS, logIndex=1614, commits[aeb608e6-131f-44e0-aa35-97c12a2f72a3:c1615, b6a0d396-0e26-402b-ac58-4f0615a4fad6:c1611, 8b17640a-2548-4323-bd97-ba3488877b23:c1611]
2019-08-20 11:35:32,708 INFO  client.GrpcClientProtocolClient (GrpcClientProtocolClient.java:onNext(255)) - client-FC58CAF12498->aeb608e6-131f-44e0-aa35-97c12a2f72a3: receive RaftClientReply:client-FC58CAF12498->aeb608e6-131f-44e0-aa35-97c12a2f72a3@group-3F41E8AD953A, cid=1176, SUCCESS, logIndex=1615, commits[aeb608e6-131f-44e0-aa35-97c12a2f72a3:c1615, b6a0d396-0e26-402b-ac58-4f0615a4fad6:c1611, 8b17640a-2548-4323-bd97-ba3488877b23:c1611]
2019-08-20 11:35:32,720 INFO  client.GrpcClientProtocolClient (GrpcClientProtocolClient.java:onNext(255)) - client-FC58CAF12498->aeb608e6-131f-44e0-aa35-97c12a2f72a3: receive RaftClientReply:client-FC58CAF12498->aeb608e6-131f-44e0-aa35-97c12a2f72a3@group-3F41E8AD953A, cid=1177, SUCCESS, logIndex=0, commits[aeb608e6-131f-44e0-aa35-97c12a2f72a3:c1616, b6a0d396-0e26-402b-ac58-4f0615a4fad6:c1615, 8b17640a-2548-4323-bd97-ba3488877b23:c1615]
2019-08-20 11:35:32,742 INFO  client.GrpcClientProtocolClient (GrpcClientProtocolClient.java:onNext(255)) - client-FC58CAF12498->aeb608e6-131f-44e0-aa35-97c12a2f72a3: receive RaftClientReply:client-FC58CAF12498->aeb608e6-131f-44e0-aa35-97c12a2f72a3@group-3F41E8AD953A, cid=1178, SUCCESS, logIndex=1618, commits[aeb608e6-131f-44e0-aa35-97c12a2f72a3:c1620, b6a0d396-0e26-402b-ac58-4f0615a4fad6:c1617, 8b17640a-2548-4323-bd97-ba3488877b23:c1617]
2019-08-20 11:35:32,743 INFO  client.GrpcClientProtocolClient (GrpcClientProtocolClient.java:onNext(255)) - client-FC58CAF12498->aeb608e6-131f-44e0-aa35-97c12a2f72a3: receive RaftClientReply:client-FC58CAF12498->aeb608e6-131f-44e0-aa35-97c12a2f72a3@group-3F41E8AD953A, cid=1179, SUCCESS, logIndex=1619, commits[aeb608e6-131f-44e0-aa35-97c12a2f72a3:c1621, b6a0d396-0e26-402b-ac58-4f0615a4fad6:c1617, 8b17640a-2548-4323-bd97-ba3488877b23:c1617]
2019-08-20 11:35:32,743 INFO  client.GrpcClientProtocolClient (GrpcClientProtocolClient.java:onNext(255)) - client-FC58CAF12498->aeb608e6-131f-44e0-aa35-97c12a2f72a3: receive RaftClientReply:client-FC58CAF12498->aeb608e6-131f-44e0-aa35-97c12a2f72a3@group-3F41E8AD953A, cid=1180, SUCCESS, logIndex=1620, commits[aeb608e6-131f-44e0-aa35-97c12a2f72a3:c1621, b6a0d396-0e26-402b-ac58-4f0615a4fad6:c1617, 8b17640a-2548-4323-bd97-ba3488877b23:c1617]
2019-08-20 11:35:32,743 INFO  client.GrpcClientProtocolClient (GrpcClientProtocolClient.java:onNext(255)) - client-FC58CAF12498->aeb608e6-131f-44e0-aa35-97c12a2f72a3: receive RaftClientReply:client-FC58CAF12498->aeb608e6-131f-44e0-aa35-97c12a2f72a3@group-3F41E8AD953A, cid=1181, SUCCESS, logIndex=1621, commits[aeb608e6-131f-44e0-aa35-97c12a2f72a3:c1621, b6a0d396-0e26-402b-ac58-4f0615a4fad6:c1617, 8b17640a-2548-4323-bd97-ba3488877b23:c1617]
2019-08-20 11:35:32,755 INFO  client.GrpcClientProtocolClient (GrpcClientProtocolClient.java:onNext(255)) - client-FC58CAF12498->aeb608e6-131f-44e0-aa35-97c12a2f72a3: receive RaftClientReply:client-FC58CAF12498->aeb608e6-131f-44e0-aa35-97c12a2f72a3@group-3F41E8AD953A, cid=1182, SUCCESS, logIndex=0, commits[aeb608e6-131f-44e0-aa35-97c12a2f72a3:c1623, b6a0d396-0e26-402b-ac58-4f0615a4fad6:c1619, 8b17640a-2548-4323-bd97-ba3488877b23:c1619]
2019-08-20 11:35:32,773 INFO  client.GrpcClientProtocolClient (GrpcClientProtocolClient.java:onNext(255)) - client-FC58CAF12498->aeb608e6-131f-44e0-aa35-97c12a2f72a3: receive RaftClientReply:client-FC58CAF12498->aeb608e6-131f-44e0-aa35-97c12a2f72a3@group-3F41E8AD953A, cid=1183, SUCCESS, logIndex=1626, commits[aeb608e6-131f-44e0-aa35-97c12a2f72a3:c1627, b6a0d396-0e26-402b-ac58-4f0615a4fad6:c1625, 8b17640a-2548-4323-bd97-ba3488877b23:c1625]
2019-08-20 11:35:32,774 INFO  client.GrpcClientProtocolClient (GrpcClientProtocolClient.java:onNext(255)) - client-FC58CAF12498->aeb608e6-131f-44e0-aa35-97c12a2f72a3: receive RaftClientReply:client-FC58CAF12498->aeb608e6-131f-44e0-aa35-97c12a2f72a3@group-3F41E8AD953A, cid=1184, SUCCESS, logIndex=1627, commits[aeb608e6-131f-44e0-aa35-97c12a2f72a3:c1627, b6a0d396-0e26-402b-ac58-4f0615a4fad6:c1625, 8b17640a-2548-4323-bd97-ba3488877b23:c1625]
2019-08-20 11:35:32,791 INFO  client.GrpcClientProtocolClient (GrpcClientProtocolClient.java:onNext(255)) - client-FC58CAF12498->aeb608e6-131f-44e0-aa35-97c12a2f72a3: receive RaftClientReply:client-FC58CAF12498->aeb608e6-131f-44e0-aa35-97c12a2f72a3@group-3F41E8AD953A, cid=1185, SUCCESS, logIndex=1630, commits[aeb608e6-131f-44e0-aa35-97c12a2f72a3:c1631, b6a0d396-0e26-402b-ac58-4f0615a4fad6:c1629, 8b17640a-2548-4323-bd97-ba3488877b23:c1629]
2019-08-20 11:35:32,791 INFO  client.GrpcClientProtocolClient (GrpcClientProtocolClient.java:onNext(255)) - client-FC58CAF12498->aeb608e6-131f-44e0-aa35-97c12a2f72a3: receive RaftClientReply:client-FC58CAF12498->aeb608e6-131f-44e0-aa35-97c12a2f72a3@group-3F41E8AD953A, cid=1186, SUCCESS, logIndex=1631, commits[aeb608e6-131f-44e0-aa35-97c12a2f72a3:c1631, b6a0d396-0e26-402b-ac58-4f0615a4fad6:c1629, 8b17640a-2548-4323-bd97-ba3488877b23:c1629]
2019-08-20 11:35:32,793 INFO  client.GrpcClientProtocolClient (GrpcClientProtocolClient.java:onNext(255)) - client-FC58CAF12498->aeb608e6-131f-44e0-aa35-97c12a2f72a3: receive RaftClientReply:client-FC58CAF12498->aeb608e6-131f-44e0-aa35-97c12a2f72a3@group-3F41E8AD953A, cid=1187, SUCCESS, logIndex=0, commits[aeb608e6-131f-44e0-aa35-97c12a2f72a3:c1632, b6a0d396-0e26-402b-ac58-4f0615a4fad6:c1631, 8b17640a-2548-4323-bd97-ba3488877b23:c1631]
2019-08-20 11:35:32,812 INFO  client.GrpcClientProtocolClient (GrpcClientProtocolClient.java:onNext(255)) - client-FC58CAF12498->aeb608e6-131f-44e0-aa35-97c12a2f72a3: receive RaftClientReply:client-FC58CAF12498->aeb608e6-131f-44e0-aa35-97c12a2f72a3@group-3F41E8AD953A, cid=1188, SUCCESS, logIndex=1634, commits[aeb608e6-131f-44e0-aa35-97c12a2f72a3:c1637, b6a0d396-0e26-402b-ac58-4f0615a4fad6:c1633, 8b17640a-2548-4323-bd97-ba3488877b23:c1633]
2019-08-20 11:35:32,812 INFO  client.GrpcClientProtocolClient (GrpcClientProtocolClient.java:onNext(255)) - client-FC58CAF12498->aeb608e6-131f-44e0-aa35-97c12a2f72a3: receive RaftClientReply:client-FC58CAF12498->aeb608e6-131f-44e0-aa35-97c12a2f72a3@group-3F41E8AD953A, cid=1189, SUCCESS, logIndex=1635, commits[aeb608e6-131f-44e0-aa35-97c12a2f72a3:c1637, b6a0d396-0e26-402b-ac58-4f0615a4fad6:c1633, 8b17640a-2548-4323-bd97-ba3488877b23:c1633]
2019-08-20 11:35:32,812 INFO  client.GrpcClientProtocolClient (GrpcClientProtocolClient.java:onNext(255)) - client-FC58CAF12498->aeb608e6-131f-44e0-aa35-97c12a2f72a3: receive RaftClientReply:client-FC58CAF12498->aeb608e6-131f-44e0-aa35-97c12a2f72a3@group-3F41E8AD953A, cid=1190, SUCCESS, logIndex=1636, commits[aeb608e6-131f-44e0-aa35-97c12a2f72a3:c1637, b6a0d396-0e26-402b-ac58-4f0615a4fad6:c1633, 8b17640a-2548-4323-bd97-ba3488877b23:c1633]
2019-08-20 11:35:32,813 INFO  client.GrpcClientProtocolClient (GrpcClientProtocolClient.java:onNext(255)) - client-FC58CAF12498->aeb608e6-131f-44e0-aa35-97c12a2f72a3: receive RaftClientReply:client-FC58CAF12498->aeb608e6-131f-44e0-aa35-97c12a2f72a3@group-3F41E8AD953A, cid=1191, SUCCESS, logIndex=1637, commits[aeb608e6-131f-44e0-aa35-97c12a2f72a3:c1637, b6a0d396-0e26-402b-ac58-4f0615a4fad6:c1633, 8b17640a-2548-4323-bd97-ba3488877b23:c1633]
2019-08-20 11:35:32,829 INFO  client.GrpcClientProtocolClient (GrpcClientProtocolClient.java:onNext(255)) - client-FC58CAF12498->aeb608e6-131f-44e0-aa35-97c12a2f72a3: receive RaftClientReply:client-FC58CAF12498->aeb608e6-131f-44e0-aa35-97c12a2f72a3@group-3F41E8AD953A, cid=1192, SUCCESS, logIndex=0, commits[aeb608e6-131f-44e0-aa35-97c12a2f72a3:c1638, b6a0d396-0e26-402b-ac58-4f0615a4fad6:c1635, 8b17640a-2548-4323-bd97-ba3488877b23:c1635]
2019-08-20 11:35:32,940 INFO  client.GrpcClientProtocolClient (GrpcClientProtocolClient.java:onNext(255)) - client-FC58CAF12498->aeb608e6-131f-44e0-aa35-97c12a2f72a3: receive RaftClientReply:client-FC58CAF12498->aeb608e6-131f-44e0-aa35-97c12a2f72a3@group-3F41E8AD953A, cid=1193, SUCCESS, logIndex=1642, commits[aeb608e6-131f-44e0-aa35-97c12a2f72a3:c1643, b6a0d396-0e26-402b-ac58-4f0615a4fad6:c1641, 8b17640a-2548-4323-bd97-ba3488877b23:c1641]
2019-08-20 11:35:32,941 INFO  client.GrpcClientProtocolClient (GrpcClientProtocolClient.java:onNext(255)) - client-FC58CAF12498->aeb608e6-131f-44e0-aa35-97c12a2f72a3: receive RaftClientReply:client-FC58CAF12498->aeb608e6-131f-44e0-aa35-97c12a2f72a3@group-3F41E8AD953A, cid=1194, SUCCESS, logIndex=1643, commits[aeb608e6-131f-44e0-aa35-97c12a2f72a3:c1643, b6a0d396-0e26-402b-ac58-4f0615a4fad6:c1641, 8b17640a-2548-4323-bd97-ba3488877b23:c1641]
2019-08-20 11:35:32,953 INFO  client.GrpcClientProtocolClient (GrpcClientProtocolClient.java:onNext(255)) - client-FC58CAF12498->aeb608e6-131f-44e0-aa35-97c12a2f72a3: receive RaftClientReply:client-FC58CAF12498->aeb608e6-131f-44e0-aa35-97c12a2f72a3@group-3F41E8AD953A, cid=1195, SUCCESS, logIndex=1646, commits[aeb608e6-131f-44e0-aa35-97c12a2f72a3:c1647, b6a0d396-0e26-402b-ac58-4f0615a4fad6:c1643, 8b17640a-2548-4323-bd97-ba3488877b23:c1643]
2019-08-20 11:35:32,954 INFO  client.GrpcClientProtocolClient (GrpcClientProtocolClient.java:onNext(255)) - client-FC58CAF12498->aeb608e6-131f-44e0-aa35-97c12a2f72a3: receive RaftClientReply:client-FC58CAF12498->aeb608e6-131f-44e0-aa35-97c12a2f72a3@group-3F41E8AD953A, cid=1196, SUCCESS, logIndex=1647, commits[aeb608e6-131f-44e0-aa35-97c12a2f72a3:c1647, b6a0d396-0e26-402b-ac58-4f0615a4fad6:c1643, 8b17640a-2548-4323-bd97-ba3488877b23:c1643]
2019-08-20 11:35:32,966 INFO  client.GrpcClientProtocolClient (GrpcClientProtocolClient.java:onNext(255)) - client-FC58CAF12498->aeb608e6-131f-44e0-aa35-97c12a2f72a3: receive RaftClientReply:client-FC58CAF12498->aeb608e6-131f-44e0-aa35-97c12a2f72a3@group-3F41E8AD953A, cid=1197, SUCCESS, logIndex=0, commits[aeb608e6-131f-44e0-aa35-97c12a2f72a3:c1649, b6a0d396-0e26-402b-ac58-4f0615a4fad6:c1647, 8b17640a-2548-4323-bd97-ba3488877b23:c1647]
2019-08-20 11:35:32,985 INFO  client.GrpcClientProtocolClient (GrpcClientProtocolClient.java:onNext(255)) - client-FC58CAF12498->aeb608e6-131f-44e0-aa35-97c12a2f72a3: receive RaftClientReply:client-FC58CAF12498->aeb608e6-131f-44e0-aa35-97c12a2f72a3@group-3F41E8AD953A, cid=1198, SUCCESS, logIndex=1650, commits[aeb608e6-131f-44e0-aa35-97c12a2f72a3:c1651, b6a0d396-0e26-402b-ac58-4f0615a4fad6:c1649, 8b17640a-2548-4323-bd97-ba3488877b23:c1649]
2019-08-20 11:35:32,985 INFO  client.GrpcClientProtocolClient (GrpcClientProtocolClient.java:onNext(255)) - client-FC58CAF12498->aeb608e6-131f-44e0-aa35-97c12a2f72a3: receive RaftClientReply:client-FC58CAF12498->aeb608e6-131f-44e0-aa35-97c12a2f72a3@group-3F41E8AD953A, cid=1199, SUCCESS, logIndex=1651, commits[aeb608e6-131f-44e0-aa35-97c12a2f72a3:c1651, b6a0d396-0e26-402b-ac58-4f0615a4fad6:c1649, 8b17640a-2548-4323-bd97-ba3488877b23:c1649]
2019-08-20 11:35:32,986 INFO  client.GrpcClientProtocolClient (GrpcClientProtocolClient.java:onNext(255)) - client-FC58CAF12498->aeb608e6-131f-44e0-aa35-97c12a2f72a3: receive RaftClientReply:client-FC58CAF12498->aeb608e6-131f-44e0-aa35-97c12a2f72a3@group-3F41E8AD953A, cid=1200, SUCCESS, logIndex=1652, commits[aeb608e6-131f-44e0-aa35-97c12a2f72a3:c1653, b6a0d396-0e26-402b-ac58-4f0615a4fad6:c1649, 8b17640a-2548-4323-bd97-ba3488877b23:c1649]
2019-08-20 11:35:32,987 INFO  client.GrpcClientProtocolClient (GrpcClientProtocolClient.java:onNext(255)) - client-FC58CAF12498->aeb608e6-131f-44e0-aa35-97c12a2f72a3: receive RaftClientReply:client-FC58CAF12498->aeb608e6-131f-44e0-aa35-97c12a2f72a3@group-3F41E8AD953A, cid=1201, SUCCESS, logIndex=1653, commits[aeb608e6-131f-44e0-aa35-97c12a2f72a3:c1653, b6a0d396-0e26-402b-ac58-4f0615a4fad6:c1649, 8b17640a-2548-4323-bd97-ba3488877b23:c1649]
2019-08-20 11:35:32,988 INFO  client.GrpcClientProtocolClient (GrpcClientProtocolClient.java:onNext(255)) - client-FC58CAF12498->aeb608e6-131f-44e0-aa35-97c12a2f72a3: receive RaftClientReply:client-FC58CAF12498->aeb608e6-131f-44e0-aa35-97c12a2f72a3@group-3F41E8AD953A, cid=1202, SUCCESS, logIndex=0, commits[aeb608e6-131f-44e0-aa35-97c12a2f72a3:c1655, b6a0d396-0e26-402b-ac58-4f0615a4fad6:c1651, 8b17640a-2548-4323-bd97-ba3488877b23:c1651]
2019-08-20 11:35:33,006 INFO  client.GrpcClientProtocolClient (GrpcClientProtocolClient.java:onNext(255)) - client-FC58CAF12498->aeb608e6-131f-44e0-aa35-97c12a2f72a3: receive RaftClientReply:client-FC58CAF12498->aeb608e6-131f-44e0-aa35-97c12a2f72a3@group-3F41E8AD953A, cid=1203, SUCCESS, logIndex=1658, commits[aeb608e6-131f-44e0-aa35-97c12a2f72a3:c1659, b6a0d396-0e26-402b-ac58-4f0615a4fad6:c1657, 8b17640a-2548-4323-bd97-ba3488877b23:c1657]
2019-08-20 11:35:33,006 INFO  client.GrpcClientProtocolClient (GrpcClientProtocolClient.java:onNext(255)) - client-FC58CAF12498->aeb608e6-131f-44e0-aa35-97c12a2f72a3: receive RaftClientReply:client-FC58CAF12498->aeb608e6-131f-44e0-aa35-97c12a2f72a3@group-3F41E8AD953A, cid=1204, SUCCESS, logIndex=1659, commits[aeb608e6-131f-44e0-aa35-97c12a2f72a3:c1659, b6a0d396-0e26-402b-ac58-4f0615a4fad6:c1657, 8b17640a-2548-4323-bd97-ba3488877b23:c1657]
2019-08-20 11:35:33,019 INFO  client.GrpcClientProtocolClient (GrpcClientProtocolClient.java:onNext(255)) - client-FC58CAF12498->aeb608e6-131f-44e0-aa35-97c12a2f72a3: receive RaftClientReply:client-FC58CAF12498->aeb608e6-131f-44e0-aa35-97c12a2f72a3@group-3F41E8AD953A, cid=1205, SUCCESS, logIndex=1662, commits[aeb608e6-131f-44e0-aa35-97c12a2f72a3:c1663, b6a0d396-0e26-402b-ac58-4f0615a4fad6:c1659, 8b17640a-2548-4323-bd97-ba3488877b23:c1659]
2019-08-20 11:35:33,020 INFO  client.GrpcClientProtocolClient (GrpcClientProtocolClient.java:onNext(255)) - client-FC58CAF12498->aeb608e6-131f-44e0-aa35-97c12a2f72a3: receive RaftClientReply:client-FC58CAF12498->aeb608e6-131f-44e0-aa35-97c12a2f72a3@group-3F41E8AD953A, cid=1206, SUCCESS, logIndex=1663, commits[aeb608e6-131f-44e0-aa35-97c12a2f72a3:c1663, b6a0d396-0e26-402b-ac58-4f0615a4fad6:c1659, 8b17640a-2548-4323-bd97-ba3488877b23:c1659]
2019-08-20 11:35:33,031 INFO  client.GrpcClientProtocolClient (GrpcClientProtocolClient.java:onNext(255)) - client-FC58CAF12498->aeb608e6-131f-44e0-aa35-97c12a2f72a3: receive RaftClientReply:client-FC58CAF12498->aeb608e6-131f-44e0-aa35-97c12a2f72a3@group-3F41E8AD953A, cid=1207, SUCCESS, logIndex=0, commits[aeb608e6-131f-44e0-aa35-97c12a2f72a3:c1664, b6a0d396-0e26-402b-ac58-4f0615a4fad6:c1663, 8b17640a-2548-4323-bd97-ba3488877b23:c1663]
2019-08-20 11:35:33,049 INFO  client.GrpcClientProtocolClient (GrpcClientProtocolClient.java:onNext(255)) - client-FC58CAF12498->aeb608e6-131f-44e0-aa35-97c12a2f72a3: receive RaftClientReply:client-FC58CAF12498->aeb608e6-131f-44e0-aa35-97c12a2f72a3@group-3F41E8AD953A, cid=1208, SUCCESS, logIndex=1666, commits[aeb608e6-131f-44e0-aa35-97c12a2f72a3:c1667, b6a0d396-0e26-402b-ac58-4f0615a4fad6:c1665, 8b17640a-2548-4323-bd97-ba3488877b23:c1665]
2019-08-20 11:35:33,049 INFO  client.GrpcClientProtocolClient (GrpcClientProtocolClient.java:onNext(255)) - client-FC58CAF12498->aeb608e6-131f-44e0-aa35-97c12a2f72a3: receive RaftClientReply:client-FC58CAF12498->aeb608e6-131f-44e0-aa35-97c12a2f72a3@group-3F41E8AD953A, cid=1209, SUCCESS, logIndex=1667, commits[aeb608e6-131f-44e0-aa35-97c12a2f72a3:c1667, b6a0d396-0e26-402b-ac58-4f0615a4fad6:c1665, 8b17640a-2548-4323-bd97-ba3488877b23:c1665]
2019-08-20 11:35:33,050 INFO  client.GrpcClientProtocolClient (GrpcClientProtocolClient.java:onNext(255)) - client-FC58CAF12498->aeb608e6-131f-44e0-aa35-97c12a2f72a3: receive RaftClientReply:client-FC58CAF12498->aeb608e6-131f-44e0-aa35-97c12a2f72a3@group-3F41E8AD953A, cid=1210, SUCCESS, logIndex=1668, commits[aeb608e6-131f-44e0-aa35-97c12a2f72a3:c1669, b6a0d396-0e26-402b-ac58-4f0615a4fad6:c1665, 8b17640a-2548-4323-bd97-ba3488877b23:c1665]
2019-08-20 11:35:33,050 INFO  client.GrpcClientProtocolClient (GrpcClientProtocolClient.java:onNext(255)) - client-FC58CAF12498->aeb608e6-131f-44e0-aa35-97c12a2f72a3: receive RaftClientReply:client-FC58CAF12498->aeb608e6-131f-44e0-aa35-97c12a2f72a3@group-3F41E8AD953A, cid=1211, SUCCESS, logIndex=1669, commits[aeb608e6-131f-44e0-aa35-97c12a2f72a3:c1669, b6a0d396-0e26-402b-ac58-4f0615a4fad6:c1665, 8b17640a-2548-4323-bd97-ba3488877b23:c1665]
2019-08-20 11:35:33,051 INFO  client.GrpcClientProtocolClient (GrpcClientProtocolClient.java:onNext(255)) - client-FC58CAF12498->aeb608e6-131f-44e0-aa35-97c12a2f72a3: receive RaftClientReply:client-FC58CAF12498->aeb608e6-131f-44e0-aa35-97c12a2f72a3@group-3F41E8AD953A, cid=1212, SUCCESS, logIndex=0, commits[aeb608e6-131f-44e0-aa35-97c12a2f72a3:c1671, b6a0d396-0e26-402b-ac58-4f0615a4fad6:c1667, 8b17640a-2548-4323-bd97-ba3488877b23:c1667]
2019-08-20 11:35:33,075 INFO  client.GrpcClientProtocolClient (GrpcClientProtocolClient.java:onNext(255)) - client-FC58CAF12498->aeb608e6-131f-44e0-aa35-97c12a2f72a3: receive RaftClientReply:client-FC58CAF12498->aeb608e6-131f-44e0-aa35-97c12a2f72a3@group-3F41E8AD953A, cid=1213, SUCCESS, logIndex=1674, commits[aeb608e6-131f-44e0-aa35-97c12a2f72a3:c1675, b6a0d396-0e26-402b-ac58-4f0615a4fad6:c1673, 8b17640a-2548-4323-bd97-ba3488877b23:c1673]
2019-08-20 11:35:33,076 INFO  client.GrpcClientProtocolClient (GrpcClientProtocolClient.java:onNext(255)) - client-FC58CAF12498->aeb608e6-131f-44e0-aa35-97c12a2f72a3: receive RaftClientReply:client-FC58CAF12498->aeb608e6-131f-44e0-aa35-97c12a2f72a3@group-3F41E8AD953A, cid=1214, SUCCESS, logIndex=1675, commits[aeb608e6-131f-44e0-aa35-97c12a2f72a3:c1675, b6a0d396-0e26-402b-ac58-4f0615a4fad6:c1673, 8b17640a-2548-4323-bd97-ba3488877b23:c1673]
2019-08-20 11:35:33,089 INFO  client.GrpcClientProtocolClient (GrpcClientProtocolClient.java:onNext(255)) - client-FC58CAF12498->aeb608e6-131f-44e0-aa35-97c12a2f72a3: receive RaftClientReply:client-FC58CAF12498->aeb608e6-131f-44e0-aa35-97c12a2f72a3@group-3F41E8AD953A, cid=1215, SUCCESS, logIndex=1678, commits[aeb608e6-131f-44e0-aa35-97c12a2f72a3:c1679, b6a0d396-0e26-402b-ac58-4f0615a4fad6:c1675, 8b17640a-2548-4323-bd97-ba3488877b23:c1675]
2019-08-20 11:35:33,089 INFO  client.GrpcClientProtocolClient (GrpcClientProtocolClient.java:onNext(255)) - client-FC58CAF12498->aeb608e6-131f-44e0-aa35-97c12a2f72a3: receive RaftClientReply:client-FC58CAF12498->aeb608e6-131f-44e0-aa35-97c12a2f72a3@group-3F41E8AD953A, cid=1216, SUCCESS, logIndex=1679, commits[aeb608e6-131f-44e0-aa35-97c12a2f72a3:c1679, b6a0d396-0e26-402b-ac58-4f0615a4fad6:c1675, 8b17640a-2548-4323-bd97-ba3488877b23:c1675]
2019-08-20 11:35:33,102 INFO  client.GrpcClientProtocolClient (GrpcClientProtocolClient.java:onNext(255)) - client-FC58CAF12498->aeb608e6-131f-44e0-aa35-97c12a2f72a3: receive RaftClientReply:client-FC58CAF12498->aeb608e6-131f-44e0-aa35-97c12a2f72a3@group-3F41E8AD953A, cid=1217, SUCCESS, logIndex=0, commits[aeb608e6-131f-44e0-aa35-97c12a2f72a3:c1681, b6a0d396-0e26-402b-ac58-4f0615a4fad6:c1679, 8b17640a-2548-4323-bd97-ba3488877b23:c1679]
2019-08-20 11:35:33,123 INFO  client.GrpcClientProtocolClient (GrpcClientProtocolClient.java:onNext(255)) - client-FC58CAF12498->aeb608e6-131f-44e0-aa35-97c12a2f72a3: receive RaftClientReply:client-FC58CAF12498->aeb608e6-131f-44e0-aa35-97c12a2f72a3@group-3F41E8AD953A, cid=1218, SUCCESS, logIndex=1682, commits[aeb608e6-131f-44e0-aa35-97c12a2f72a3:c1685, b6a0d396-0e26-402b-ac58-4f0615a4fad6:c1681, 8b17640a-2548-4323-bd97-ba3488877b23:c1681]
2019-08-20 11:35:33,124 INFO  client.GrpcClientProtocolClient (GrpcClientProtocolClient.java:onNext(255)) - client-FC58CAF12498->aeb608e6-131f-44e0-aa35-97c12a2f72a3: receive RaftClientReply:client-FC58CAF12498->aeb608e6-131f-44e0-aa35-97c12a2f72a3@group-3F41E8AD953A, cid=1219, SUCCESS, logIndex=1683, commits[aeb608e6-131f-44e0-aa35-97c12a2f72a3:c1685, b6a0d396-0e26-402b-ac58-4f0615a4fad6:c1681, 8b17640a-2548-4323-bd97-ba3488877b23:c1681]
2019-08-20 11:35:33,125 INFO  client.GrpcClientProtocolClient (GrpcClientProtocolClient.java:onNext(255)) - client-FC58CAF12498->aeb608e6-131f-44e0-aa35-97c12a2f72a3: receive RaftClientReply:client-FC58CAF12498->aeb608e6-131f-44e0-aa35-97c12a2f72a3@group-3F41E8AD953A, cid=1220, SUCCESS, logIndex=1684, commits[aeb608e6-131f-44e0-aa35-97c12a2f72a3:c1685, b6a0d396-0e26-402b-ac58-4f0615a4fad6:c1681, 8b17640a-2548-4323-bd97-ba3488877b23:c1681]
2019-08-20 11:35:33,125 INFO  client.GrpcClientProtocolClient (GrpcClientProtocolClient.java:onNext(255)) - client-FC58CAF12498->aeb608e6-131f-44e0-aa35-97c12a2f72a3: receive RaftClientReply:client-FC58CAF12498->aeb608e6-131f-44e0-aa35-97c12a2f72a3@group-3F41E8AD953A, cid=1221, SUCCESS, logIndex=1685, commits[aeb608e6-131f-44e0-aa35-97c12a2f72a3:c1685, b6a0d396-0e26-402b-ac58-4f0615a4fad6:c1681, 8b17640a-2548-4323-bd97-ba3488877b23:c1681]
2019-08-20 11:35:33,126 INFO  client.GrpcClientProtocolClient (GrpcClientProtocolClient.java:onNext(255)) - client-FC58CAF12498->aeb608e6-131f-44e0-aa35-97c12a2f72a3: receive RaftClientReply:client-FC58CAF12498->aeb608e6-131f-44e0-aa35-97c12a2f72a3@group-3F41E8AD953A, cid=1222, SUCCESS, logIndex=0, commits[aeb608e6-131f-44e0-aa35-97c12a2f72a3:c1689, b6a0d396-0e26-402b-ac58-4f0615a4fad6:c1685, 8b17640a-2548-4323-bd97-ba3488877b23:c1685]
2019-08-20 11:35:33,144 INFO  client.GrpcClientProtocolClient (GrpcClientProtocolClient.java:onNext(255)) - client-FC58CAF12498->aeb608e6-131f-44e0-aa35-97c12a2f72a3: receive RaftClientReply:client-FC58CAF12498->aeb608e6-131f-44e0-aa35-97c12a2f72a3@group-3F41E8AD953A, cid=1223, SUCCESS, logIndex=1690, commits[aeb608e6-131f-44e0-aa35-97c12a2f72a3:c1691, b6a0d396-0e26-402b-ac58-4f0615a4fad6:c1689, 8b17640a-2548-4323-bd97-ba3488877b23:c1689]
2019-08-20 11:35:33,145 INFO  client.GrpcClientProtocolClient (GrpcClientProtocolClient.java:onNext(255)) - client-FC58CAF12498->aeb608e6-131f-44e0-aa35-97c12a2f72a3: receive RaftClientReply:client-FC58CAF12498->aeb608e6-131f-44e0-aa35-97c12a2f72a3@group-3F41E8AD953A, cid=1224, SUCCESS, logIndex=1691, commits[aeb608e6-131f-44e0-aa35-97c12a2f72a3:c1691, b6a0d396-0e26-402b-ac58-4f0615a4fad6:c1689, 8b17640a-2548-4323-bd97-ba3488877b23:c1689]
2019-08-20 11:35:33,160 INFO  client.GrpcClientProtocolClient (GrpcClientProtocolClient.java:onNext(255)) - client-FC58CAF12498->aeb608e6-131f-44e0-aa35-97c12a2f72a3: receive RaftClientReply:client-FC58CAF12498->aeb608e6-131f-44e0-aa35-97c12a2f72a3@group-3F41E8AD953A, cid=1225, SUCCESS, logIndex=1694, commits[aeb608e6-131f-44e0-aa35-97c12a2f72a3:c1694, b6a0d396-0e26-402b-ac58-4f0615a4fad6:c1691, 8b17640a-2548-4323-bd97-ba3488877b23:c1691]
2019-08-20 11:35:33,160 INFO  client.GrpcClientProtocolClient (GrpcClientProtocolClient.java:onNext(255)) - client-FC58CAF12498->aeb608e6-131f-44e0-aa35-97c12a2f72a3: receive RaftClientReply:client-FC58CAF12498->aeb608e6-131f-44e0-aa35-97c12a2f72a3@group-3F41E8AD953A, cid=1226, SUCCESS, logIndex=1695, commits[aeb608e6-131f-44e0-aa35-97c12a2f72a3:c1695, b6a0d396-0e26-402b-ac58-4f0615a4fad6:c1691, 8b17640a-2548-4323-bd97-ba3488877b23:c1691]
2019-08-20 11:35:33,173 INFO  client.GrpcClientProtocolClient (GrpcClientProtocolClient.java:onNext(255)) - client-FC58CAF12498->aeb608e6-131f-44e0-aa35-97c12a2f72a3: receive RaftClientReply:client-FC58CAF12498->aeb608e6-131f-44e0-aa35-97c12a2f72a3@group-3F41E8AD953A, cid=1227, SUCCESS, logIndex=0, commits[aeb608e6-131f-44e0-aa35-97c12a2f72a3:c1697, b6a0d396-0e26-402b-ac58-4f0615a4fad6:c1695, 8b17640a-2548-4323-bd97-ba3488877b23:c1695]
2019-08-20 11:35:33,192 INFO  client.GrpcClientProtocolClient (GrpcClientProtocolClient.java:onNext(255)) - client-FC58CAF12498->aeb608e6-131f-44e0-aa35-97c12a2f72a3: receive RaftClientReply:client-FC58CAF12498->aeb608e6-131f-44e0-aa35-97c12a2f72a3@group-3F41E8AD953A, cid=1228, SUCCESS, logIndex=1698, commits[aeb608e6-131f-44e0-aa35-97c12a2f72a3:c1699, b6a0d396-0e26-402b-ac58-4f0615a4fad6:c1697, 8b17640a-2548-4323-bd97-ba3488877b23:c1697]
2019-08-20 11:35:33,193 INFO  client.GrpcClientProtocolClient (GrpcClientProtocolClient.java:onNext(255)) - client-FC58CAF12498->aeb608e6-131f-44e0-aa35-97c12a2f72a3: receive RaftClientReply:client-FC58CAF12498->aeb608e6-131f-44e0-aa35-97c12a2f72a3@group-3F41E8AD953A, cid=1229, SUCCESS, logIndex=1699, commits[aeb608e6-131f-44e0-aa35-97c12a2f72a3:c1699, b6a0d396-0e26-402b-ac58-4f0615a4fad6:c1697, 8b17640a-2548-4323-bd97-ba3488877b23:c1697]
2019-08-20 11:35:33,193 INFO  client.GrpcClientProtocolClient (GrpcClientProtocolClient.java:onNext(255)) - client-FC58CAF12498->aeb608e6-131f-44e0-aa35-97c12a2f72a3: receive RaftClientReply:client-FC58CAF12498->aeb608e6-131f-44e0-aa35-97c12a2f72a3@group-3F41E8AD953A, cid=1230, SUCCESS, logIndex=1700, commits[aeb608e6-131f-44e0-aa35-97c12a2f72a3:c1701, b6a0d396-0e26-402b-ac58-4f0615a4fad6:c1697, 8b17640a-2548-4323-bd97-ba3488877b23:c1697]
2019-08-20 11:35:33,193 INFO  client.GrpcClientProtocolClient (GrpcClientProtocolClient.java:onNext(255)) - client-FC58CAF12498->aeb608e6-131f-44e0-aa35-97c12a2f72a3: receive RaftClientReply:client-FC58CAF12498->aeb608e6-131f-44e0-aa35-97c12a2f72a3@group-3F41E8AD953A, cid=1231, SUCCESS, logIndex=1701, commits[aeb608e6-131f-44e0-aa35-97c12a2f72a3:c1701, b6a0d396-0e26-402b-ac58-4f0615a4fad6:c1697, 8b17640a-2548-4323-bd97-ba3488877b23:c1697]
2019-08-20 11:35:33,196 INFO  client.GrpcClientProtocolClient (GrpcClientProtocolClient.java:onNext(255)) - client-FC58CAF12498->aeb608e6-131f-44e0-aa35-97c12a2f72a3: receive RaftClientReply:client-FC58CAF12498->aeb608e6-131f-44e0-aa35-97c12a2f72a3@group-3F41E8AD953A, cid=1232, SUCCESS, logIndex=0, commits[aeb608e6-131f-44e0-aa35-97c12a2f72a3:c1704, b6a0d396-0e26-402b-ac58-4f0615a4fad6:c1700, 8b17640a-2548-4323-bd97-ba3488877b23:c1699]
2019-08-20 11:35:33,214 INFO  client.GrpcClientProtocolClient (GrpcClientProtocolClient.java:onNext(255)) - client-FC58CAF12498->aeb608e6-131f-44e0-aa35-97c12a2f72a3: receive RaftClientReply:client-FC58CAF12498->aeb608e6-131f-44e0-aa35-97c12a2f72a3@group-3F41E8AD953A, cid=1233, SUCCESS, logIndex=1706, commits[aeb608e6-131f-44e0-aa35-97c12a2f72a3:c1707, b6a0d396-0e26-402b-ac58-4f0615a4fad6:c1705, 8b17640a-2548-4323-bd97-ba3488877b23:c1705]
2019-08-20 11:35:33,215 INFO  client.GrpcClientProtocolClient (GrpcClientProtocolClient.java:onNext(255)) - client-FC58CAF12498->aeb608e6-131f-44e0-aa35-97c12a2f72a3: receive RaftClientReply:client-FC58CAF12498->aeb608e6-131f-44e0-aa35-97c12a2f72a3@group-3F41E8AD953A, cid=1234, SUCCESS, logIndex=1707, commits[aeb608e6-131f-44e0-aa35-97c12a2f72a3:c1707, b6a0d396-0e26-402b-ac58-4f0615a4fad6:c1705, 8b17640a-2548-4323-bd97-ba3488877b23:c1705]
2019-08-20 11:35:33,229 INFO  client.GrpcClientProtocolClient (GrpcClientProtocolClient.java:onNext(255)) - client-FC58CAF12498->aeb608e6-131f-44e0-aa35-97c12a2f72a3: receive RaftClientReply:client-FC58CAF12498->aeb608e6-131f-44e0-aa35-97c12a2f72a3@group-3F41E8AD953A, cid=1235, SUCCESS, logIndex=1710, commits[aeb608e6-131f-44e0-aa35-97c12a2f72a3:c1711, b6a0d396-0e26-402b-ac58-4f0615a4fad6:c1707, 8b17640a-2548-4323-bd97-ba3488877b23:c1707]
2019-08-20 11:35:33,230 INFO  client.GrpcClientProtocolClient (GrpcClientProtocolClient.java:onNext(255)) - client-FC58CAF12498->aeb608e6-131f-44e0-aa35-97c12a2f72a3: receive RaftClientReply:client-FC58CAF12498->aeb608e6-131f-44e0-aa35-97c12a2f72a3@group-3F41E8AD953A, cid=1236, SUCCESS, logIndex=1711, commits[aeb608e6-131f-44e0-aa35-97c12a2f72a3:c1711, b6a0d396-0e26-402b-ac58-4f0615a4fad6:c1707, 8b17640a-2548-4323-bd97-ba3488877b23:c1707]
2019-08-20 11:35:33,242 INFO  client.GrpcClientProtocolClient (GrpcClientProtocolClient.java:onNext(255)) - client-FC58CAF12498->aeb608e6-131f-44e0-aa35-97c12a2f72a3: receive RaftClientReply:client-FC58CAF12498->aeb608e6-131f-44e0-aa35-97c12a2f72a3@group-3F41E8AD953A, cid=1237, SUCCESS, logIndex=0, commits[aeb608e6-131f-44e0-aa35-97c12a2f72a3:c1713, b6a0d396-0e26-402b-ac58-4f0615a4fad6:c1711, 8b17640a-2548-4323-bd97-ba3488877b23:c1711]
2019-08-20 11:35:33,282 INFO  client.GrpcClientProtocolClient (GrpcClientProtocolClient.java:onNext(255)) - client-FC58CAF12498->aeb608e6-131f-44e0-aa35-97c12a2f72a3: receive RaftClientReply:client-FC58CAF12498->aeb608e6-131f-44e0-aa35-97c12a2f72a3@group-3F41E8AD953A, cid=1238, SUCCESS, logIndex=1714, commits[aeb608e6-131f-44e0-aa35-97c12a2f72a3:c1717, b6a0d396-0e26-402b-ac58-4f0615a4fad6:c1713, 8b17640a-2548-4323-bd97-ba3488877b23:c1713]
2019-08-20 11:35:33,284 INFO  client.GrpcClientProtocolClient (GrpcClientProtocolClient.java:onNext(255)) - client-FC58CAF12498->aeb608e6-131f-44e0-aa35-97c12a2f72a3: receive RaftClientReply:client-FC58CAF12498->aeb608e6-131f-44e0-aa35-97c12a2f72a3@group-3F41E8AD953A, cid=1239, SUCCESS, logIndex=1715, commits[aeb608e6-131f-44e0-aa35-97c12a2f72a3:c1717, b6a0d396-0e26-402b-ac58-4f0615a4fad6:c1713, 8b17640a-2548-4323-bd97-ba3488877b23:c1713]
2019-08-20 11:35:33,284 INFO  client.GrpcClientProtocolClient (GrpcClientProtocolClient.java:onNext(255)) - client-FC58CAF12498->aeb608e6-131f-44e0-aa35-97c12a2f72a3: receive RaftClientReply:client-FC58CAF12498->aeb608e6-131f-44e0-aa35-97c12a2f72a3@group-3F41E8AD953A, cid=1240, SUCCESS, logIndex=1716, commits[aeb608e6-131f-44e0-aa35-97c12a2f72a3:c1717, b6a0d396-0e26-402b-ac58-4f0615a4fad6:c1713, 8b17640a-2548-4323-bd97-ba3488877b23:c1713]
2019-08-20 11:35:33,284 INFO  client.GrpcClientProtocolClient (GrpcClientProtocolClient.java:onNext(255)) - client-FC58CAF12498->aeb608e6-131f-44e0-aa35-97c12a2f72a3: receive RaftClientReply:client-FC58CAF12498->aeb608e6-131f-44e0-aa35-97c12a2f72a3@group-3F41E8AD953A, cid=1241, SUCCESS, logIndex=1717, commits[aeb608e6-131f-44e0-aa35-97c12a2f72a3:c1717, b6a0d396-0e26-402b-ac58-4f0615a4fad6:c1713, 8b17640a-2548-4323-bd97-ba3488877b23:c1713]
2019-08-20 11:35:33,292 INFO  client.GrpcClientProtocolClient (GrpcClientProtocolClient.java:onNext(255)) - client-FC58CAF12498->aeb608e6-131f-44e0-aa35-97c12a2f72a3: receive RaftClientReply:client-FC58CAF12498->aeb608e6-131f-44e0-aa35-97c12a2f72a3@group-3F41E8AD953A, cid=1242, SUCCESS, logIndex=0, commits[aeb608e6-131f-44e0-aa35-97c12a2f72a3:c1718, b6a0d396-0e26-402b-ac58-4f0615a4fad6:c1717, 8b17640a-2548-4323-bd97-ba3488877b23:c1717]
2019-08-20 11:35:33,311 INFO  client.GrpcClientProtocolClient (GrpcClientProtocolClient.java:onNext(255)) - client-FC58CAF12498->aeb608e6-131f-44e0-aa35-97c12a2f72a3: receive RaftClientReply:client-FC58CAF12498->aeb608e6-131f-44e0-aa35-97c12a2f72a3@group-3F41E8AD953A, cid=1243, SUCCESS, logIndex=1720, commits[aeb608e6-131f-44e0-aa35-97c12a2f72a3:c1721, b6a0d396-0e26-402b-ac58-4f0615a4fad6:c1719, 8b17640a-2548-4323-bd97-ba3488877b23:c1719]
2019-08-20 11:35:33,311 INFO  client.GrpcClientProtocolClient (GrpcClientProtocolClient.java:onNext(255)) - client-FC58CAF12498->aeb608e6-131f-44e0-aa35-97c12a2f72a3: receive RaftClientReply:client-FC58CAF12498->aeb608e6-131f-44e0-aa35-97c12a2f72a3@group-3F41E8AD953A, cid=1244, SUCCESS, logIndex=1721, commits[aeb608e6-131f-44e0-aa35-97c12a2f72a3:c1721, b6a0d396-0e26-402b-ac58-4f0615a4fad6:c1719, 8b17640a-2548-4323-bd97-ba3488877b23:c1719]
 0.00% |█                                                                                                    |  0/1 Time: 0:00:072019-08-20 11:35:33,323 INFO  client.GrpcClientProtocolClient (GrpcClientProtocolClient.java:onNext(255)) - client-FC58CAF12498->aeb608e6-131f-44e0-aa35-97c12a2f72a3: receive RaftClientReply:client-FC58CAF12498->aeb608e6-131f-44e0-aa35-97c12a2f72a3@group-3F41E8AD953A, cid=1245, SUCCESS, logIndex=1724, commits[aeb608e6-131f-44e0-aa35-97c12a2f72a3:c1725, b6a0d396-0e26-402b-ac58-4f0615a4fad6:c1721, 8b17640a-2548-4323-bd97-ba3488877b23:c1721]
2019-08-20 11:35:33,323 INFO  client.GrpcClientProtocolClient (GrpcClientProtocolClient.java:onNext(255)) - client-FC58CAF12498->aeb608e6-131f-44e0-aa35-97c12a2f72a3: receive RaftClientReply:client-FC58CAF12498->aeb608e6-131f-44e0-aa35-97c12a2f72a3@group-3F41E8AD953A, cid=1246, SUCCESS, logIndex=1725, commits[aeb608e6-131f-44e0-aa35-97c12a2f72a3:c1725, b6a0d396-0e26-402b-ac58-4f0615a4fad6:c1721, 8b17640a-2548-4323-bd97-ba3488877b23:c1721]
2019-08-20 11:35:33,334 INFO  client.GrpcClientProtocolClient (GrpcClientProtocolClient.java:onNext(255)) - client-FC58CAF12498->aeb608e6-131f-44e0-aa35-97c12a2f72a3: receive RaftClientReply:client-FC58CAF12498->aeb608e6-131f-44e0-aa35-97c12a2f72a3@group-3F41E8AD953A, cid=1247, SUCCESS, logIndex=0, commits[aeb608e6-131f-44e0-aa35-97c12a2f72a3:c1727, b6a0d396-0e26-402b-ac58-4f0615a4fad6:c1725, 8b17640a-2548-4323-bd97-ba3488877b23:c1725]
2019-08-20 11:35:33,374 INFO  client.GrpcClientProtocolClient (GrpcClientProtocolClient.java:onNext(255)) - client-FC58CAF12498->aeb608e6-131f-44e0-aa35-97c12a2f72a3: receive RaftClientReply:client-FC58CAF12498->aeb608e6-131f-44e0-aa35-97c12a2f72a3@group-3F41E8AD953A, cid=1248, SUCCESS, logIndex=1728, commits[aeb608e6-131f-44e0-aa35-97c12a2f72a3:c1729, b6a0d396-0e26-402b-ac58-4f0615a4fad6:c1727, 8b17640a-2548-4323-bd97-ba3488877b23:c1727]
2019-08-20 11:35:33,374 INFO  client.GrpcClientProtocolClient (GrpcClientProtocolClient.java:onNext(255)) - client-FC58CAF12498->aeb608e6-131f-44e0-aa35-97c12a2f72a3: receive RaftClientReply:client-FC58CAF12498->aeb608e6-131f-44e0-aa35-97c12a2f72a3@group-3F41E8AD953A, cid=1249, SUCCESS, logIndex=1729, commits[aeb608e6-131f-44e0-aa35-97c12a2f72a3:c1731, b6a0d396-0e26-402b-ac58-4f0615a4fad6:c1727, 8b17640a-2548-4323-bd97-ba3488877b23:c1727]
2019-08-20 11:35:33,374 INFO  client.GrpcClientProtocolClient (GrpcClientProtocolClient.java:onNext(255)) - client-FC58CAF12498->aeb608e6-131f-44e0-aa35-97c12a2f72a3: receive RaftClientReply:client-FC58CAF12498->aeb608e6-131f-44e0-aa35-97c12a2f72a3@group-3F41E8AD953A, cid=1250, SUCCESS, logIndex=1730, commits[aeb608e6-131f-44e0-aa35-97c12a2f72a3:c1731, b6a0d396-0e26-402b-ac58-4f0615a4fad6:c1727, 8b17640a-2548-4323-bd97-ba3488877b23:c1727]
2019-08-20 11:35:33,374 INFO  client.GrpcClientProtocolClient (GrpcClientProtocolClient.java:onNext(255)) - client-FC58CAF12498->aeb608e6-131f-44e0-aa35-97c12a2f72a3: receive RaftClientReply:client-FC58CAF12498->aeb608e6-131f-44e0-aa35-97c12a2f72a3@group-3F41E8AD953A, cid=1251, SUCCESS, logIndex=1731, commits[aeb608e6-131f-44e0-aa35-97c12a2f72a3:c1731, b6a0d396-0e26-402b-ac58-4f0615a4fad6:c1727, 8b17640a-2548-4323-bd97-ba3488877b23:c1727]
2019-08-20 11:35:33,375 INFO  client.GrpcClientProtocolClient (GrpcClientProtocolClient.java:onNext(255)) - client-FC58CAF12498->aeb608e6-131f-44e0-aa35-97c12a2f72a3: receive RaftClientReply:client-FC58CAF12498->aeb608e6-131f-44e0-aa35-97c12a2f72a3@group-3F41E8AD953A, cid=1252, SUCCESS, logIndex=0, commits[aeb608e6-131f-44e0-aa35-97c12a2f72a3:c1733, b6a0d396-0e26-402b-ac58-4f0615a4fad6:c1729, 8b17640a-2548-4323-bd97-ba3488877b23:c1729]
2019-08-20 11:35:33,394 INFO  client.GrpcClientProtocolClient (GrpcClientProtocolClient.java:onNext(255)) - client-FC58CAF12498->aeb608e6-131f-44e0-aa35-97c12a2f72a3: receive RaftClientReply:client-FC58CAF12498->aeb608e6-131f-44e0-aa35-97c12a2f72a3@group-3F41E8AD953A, cid=1253, SUCCESS, logIndex=1736, commits[aeb608e6-131f-44e0-aa35-97c12a2f72a3:c1737, b6a0d396-0e26-402b-ac58-4f0615a4fad6:c1735, 8b17640a-2548-4323-bd97-ba3488877b23:c1735]
2019-08-20 11:35:33,394 INFO  client.GrpcClientProtocolClient (GrpcClientProtocolClient.java:onNext(255)) - client-FC58CAF12498->aeb608e6-131f-44e0-aa35-97c12a2f72a3: receive RaftClientReply:client-FC58CAF12498->aeb608e6-131f-44e0-aa35-97c12a2f72a3@group-3F41E8AD953A, cid=1254, SUCCESS, logIndex=1737, commits[aeb608e6-131f-44e0-aa35-97c12a2f72a3:c1737, b6a0d396-0e26-402b-ac58-4f0615a4fad6:c1735, 8b17640a-2548-4323-bd97-ba3488877b23:c1735]
2019-08-20 11:35:33,407 INFO  client.GrpcClientProtocolClient (GrpcClientProtocolClient.java:onNext(255)) - client-FC58CAF12498->aeb608e6-131f-44e0-aa35-97c12a2f72a3: receive RaftClientReply:client-FC58CAF12498->aeb608e6-131f-44e0-aa35-97c12a2f72a3@group-3F41E8AD953A, cid=1255, SUCCESS, logIndex=1740, commits[aeb608e6-131f-44e0-aa35-97c12a2f72a3:c1741, b6a0d396-0e26-402b-ac58-4f0615a4fad6:c1737, 8b17640a-2548-4323-bd97-ba3488877b23:c1737]
2019-08-20 11:35:33,407 INFO  client.GrpcClientProtocolClient (GrpcClientProtocolClient.java:onNext(255)) - client-FC58CAF12498->aeb608e6-131f-44e0-aa35-97c12a2f72a3: receive RaftClientReply:client-FC58CAF12498->aeb608e6-131f-44e0-aa35-97c12a2f72a3@group-3F41E8AD953A, cid=1256, SUCCESS, logIndex=1741, commits[aeb608e6-131f-44e0-aa35-97c12a2f72a3:c1741, b6a0d396-0e26-402b-ac58-4f0615a4fad6:c1737, 8b17640a-2548-4323-bd97-ba3488877b23:c1737]
2019-08-20 11:35:33,420 INFO  client.GrpcClientProtocolClient (GrpcClientProtocolClient.java:onNext(255)) - client-FC58CAF12498->aeb608e6-131f-44e0-aa35-97c12a2f72a3: receive RaftClientReply:client-FC58CAF12498->aeb608e6-131f-44e0-aa35-97c12a2f72a3@group-3F41E8AD953A, cid=1257, SUCCESS, logIndex=0, commits[aeb608e6-131f-44e0-aa35-97c12a2f72a3:c1743, b6a0d396-0e26-402b-ac58-4f0615a4fad6:c1741, 8b17640a-2548-4323-bd97-ba3488877b23:c1741]
2019-08-20 11:35:33,449 INFO  client.GrpcClientProtocolClient (GrpcClientProtocolClient.java:onNext(255)) - client-FC58CAF12498->aeb608e6-131f-44e0-aa35-97c12a2f72a3: receive RaftClientReply:client-FC58CAF12498->aeb608e6-131f-44e0-aa35-97c12a2f72a3@group-3F41E8AD953A, cid=1258, SUCCESS, logIndex=1744, commits[aeb608e6-131f-44e0-aa35-97c12a2f72a3:c1745, b6a0d396-0e26-402b-ac58-4f0615a4fad6:c1743, 8b17640a-2548-4323-bd97-ba3488877b23:c1743]
2019-08-20 11:35:33,449 INFO  client.GrpcClientProtocolClient (GrpcClientProtocolClient.java:onNext(255)) - client-FC58CAF12498->aeb608e6-131f-44e0-aa35-97c12a2f72a3: receive RaftClientReply:client-FC58CAF12498->aeb608e6-131f-44e0-aa35-97c12a2f72a3@group-3F41E8AD953A, cid=1259, SUCCESS, logIndex=1745, commits[aeb608e6-131f-44e0-aa35-97c12a2f72a3:c1747, b6a0d396-0e26-402b-ac58-4f0615a4fad6:c1743, 8b17640a-2548-4323-bd97-ba3488877b23:c1743]
2019-08-20 11:35:33,450 INFO  client.GrpcClientProtocolClient (GrpcClientProtocolClient.java:onNext(255)) - client-FC58CAF12498->aeb608e6-131f-44e0-aa35-97c12a2f72a3: receive RaftClientReply:client-FC58CAF12498->aeb608e6-131f-44e0-aa35-97c12a2f72a3@group-3F41E8AD953A, cid=1260, SUCCESS, logIndex=1746, commits[aeb608e6-131f-44e0-aa35-97c12a2f72a3:c1747, b6a0d396-0e26-402b-ac58-4f0615a4fad6:c1743, 8b17640a-2548-4323-bd97-ba3488877b23:c1743]
2019-08-20 11:35:33,450 INFO  client.GrpcClientProtocolClient (GrpcClientProtocolClient.java:onNext(255)) - client-FC58CAF12498->aeb608e6-131f-44e0-aa35-97c12a2f72a3: receive RaftClientReply:client-FC58CAF12498->aeb608e6-131f-44e0-aa35-97c12a2f72a3@group-3F41E8AD953A, cid=1261, SUCCESS, logIndex=1747, commits[aeb608e6-131f-44e0-aa35-97c12a2f72a3:c1747, b6a0d396-0e26-402b-ac58-4f0615a4fad6:c1743, 8b17640a-2548-4323-bd97-ba3488877b23:c1743]
2019-08-20 11:35:33,451 INFO  client.GrpcClientProtocolClient (GrpcClientProtocolClient.java:onNext(255)) - client-FC58CAF12498->aeb608e6-131f-44e0-aa35-97c12a2f72a3: receive RaftClientReply:client-FC58CAF12498->aeb608e6-131f-44e0-aa35-97c12a2f72a3@group-3F41E8AD953A, cid=1262, SUCCESS, logIndex=0, commits[aeb608e6-131f-44e0-aa35-97c12a2f72a3:c1749, b6a0d396-0e26-402b-ac58-4f0615a4fad6:c1745, 8b17640a-2548-4323-bd97-ba3488877b23:c1745]
2019-08-20 11:35:33,468 INFO  client.GrpcClientProtocolClient (GrpcClientProtocolClient.java:onNext(255)) - client-FC58CAF12498->aeb608e6-131f-44e0-aa35-97c12a2f72a3: receive RaftClientReply:client-FC58CAF12498->aeb608e6-131f-44e0-aa35-97c12a2f72a3@group-3F41E8AD953A, cid=1263, SUCCESS, logIndex=1752, commits[aeb608e6-131f-44e0-aa35-97c12a2f72a3:c1753, b6a0d396-0e26-402b-ac58-4f0615a4fad6:c1751, 8b17640a-2548-4323-bd97-ba3488877b23:c1751]
2019-08-20 11:35:33,469 INFO  client.GrpcClientProtocolClient (GrpcClientProtocolClient.java:onNext(255)) - client-FC58CAF12498->aeb608e6-131f-44e0-aa35-97c12a2f72a3: receive RaftClientReply:client-FC58CAF12498->aeb608e6-131f-44e0-aa35-97c12a2f72a3@group-3F41E8AD953A, cid=1264, SUCCESS, logIndex=1753, commits[aeb608e6-131f-44e0-aa35-97c12a2f72a3:c1753, b6a0d396-0e26-402b-ac58-4f0615a4fad6:c1751, 8b17640a-2548-4323-bd97-ba3488877b23:c1751]
2019-08-20 11:35:33,577 INFO  client.GrpcClientProtocolClient (GrpcClientProtocolClient.java:onNext(255)) - client-FC58CAF12498->aeb608e6-131f-44e0-aa35-97c12a2f72a3: receive RaftClientReply:client-FC58CAF12498->aeb608e6-131f-44e0-aa35-97c12a2f72a3@group-3F41E8AD953A, cid=1265, SUCCESS, logIndex=1756, commits[aeb608e6-131f-44e0-aa35-97c12a2f72a3:c1757, b6a0d396-0e26-402b-ac58-4f0615a4fad6:c1753, 8b17640a-2548-4323-bd97-ba3488877b23:c1753]
2019-08-20 11:35:33,578 INFO  client.GrpcClientProtocolClient (GrpcClientProtocolClient.java:onNext(255)) - client-FC58CAF12498->aeb608e6-131f-44e0-aa35-97c12a2f72a3: receive RaftClientReply:client-FC58CAF12498->aeb608e6-131f-44e0-aa35-97c12a2f72a3@group-3F41E8AD953A, cid=1266, SUCCESS, logIndex=1757, commits[aeb608e6-131f-44e0-aa35-97c12a2f72a3:c1757, b6a0d396-0e26-402b-ac58-4f0615a4fad6:c1754, 8b17640a-2548-4323-bd97-ba3488877b23:c1753]
2019-08-20 11:35:33,580 INFO  client.GrpcClientProtocolClient (GrpcClientProtocolClient.java:onNext(255)) - client-FC58CAF12498->aeb608e6-131f-44e0-aa35-97c12a2f72a3: receive RaftClientReply:client-FC58CAF12498->aeb608e6-131f-44e0-aa35-97c12a2f72a3@group-3F41E8AD953A, cid=1267, SUCCESS, logIndex=0, commits[aeb608e6-131f-44e0-aa35-97c12a2f72a3:c1759, b6a0d396-0e26-402b-ac58-4f0615a4fad6:c1757, 8b17640a-2548-4323-bd97-ba3488877b23:c1757]
2019-08-20 11:35:33,643 INFO  client.GrpcClientProtocolClient (GrpcClientProtocolClient.java:onNext(255)) - client-FC58CAF12498->aeb608e6-131f-44e0-aa35-97c12a2f72a3: receive RaftClientReply:client-FC58CAF12498->aeb608e6-131f-44e0-aa35-97c12a2f72a3@group-3F41E8AD953A, cid=1268, SUCCESS, logIndex=1760, commits[aeb608e6-131f-44e0-aa35-97c12a2f72a3:c1761, b6a0d396-0e26-402b-ac58-4f0615a4fad6:c1759, 8b17640a-2548-4323-bd97-ba3488877b23:c1759]
2019-08-20 11:35:33,644 INFO  client.GrpcClientProtocolClient (GrpcClientProtocolClient.java:onNext(255)) - client-FC58CAF12498->aeb608e6-131f-44e0-aa35-97c12a2f72a3: receive RaftClientReply:client-FC58CAF12498->aeb608e6-131f-44e0-aa35-97c12a2f72a3@group-3F41E8AD953A, cid=1269, SUCCESS, logIndex=1761, commits[aeb608e6-131f-44e0-aa35-97c12a2f72a3:c1763, b6a0d396-0e26-402b-ac58-4f0615a4fad6:c1759, 8b17640a-2548-4323-bd97-ba3488877b23:c1759]
2019-08-20 11:35:33,644 INFO  client.GrpcClientProtocolClient (GrpcClientProtocolClient.java:onNext(255)) - client-FC58CAF12498->aeb608e6-131f-44e0-aa35-97c12a2f72a3: receive RaftClientReply:client-FC58CAF12498->aeb608e6-131f-44e0-aa35-97c12a2f72a3@group-3F41E8AD953A, cid=1270, SUCCESS, logIndex=1762, commits[aeb608e6-131f-44e0-aa35-97c12a2f72a3:c1763, b6a0d396-0e26-402b-ac58-4f0615a4fad6:c1759, 8b17640a-2548-4323-bd97-ba3488877b23:c1759]
2019-08-20 11:35:33,645 INFO  client.GrpcClientProtocolClient (GrpcClientProtocolClient.java:onNext(255)) - client-FC58CAF12498->aeb608e6-131f-44e0-aa35-97c12a2f72a3: receive RaftClientReply:client-FC58CAF12498->aeb608e6-131f-44e0-aa35-97c12a2f72a3@group-3F41E8AD953A, cid=1271, SUCCESS, logIndex=1763, commits[aeb608e6-131f-44e0-aa35-97c12a2f72a3:c1763, b6a0d396-0e26-402b-ac58-4f0615a4fad6:c1759, 8b17640a-2548-4323-bd97-ba3488877b23:c1759]
2019-08-20 11:35:33,646 INFO  client.GrpcClientProtocolClient (GrpcClientProtocolClient.java:onNext(255)) - client-FC58CAF12498->aeb608e6-131f-44e0-aa35-97c12a2f72a3: receive RaftClientReply:client-FC58CAF12498->aeb608e6-131f-44e0-aa35-97c12a2f72a3@group-3F41E8AD953A, cid=1272, SUCCESS, logIndex=0, commits[aeb608e6-131f-44e0-aa35-97c12a2f72a3:c1765, b6a0d396-0e26-402b-ac58-4f0615a4fad6:c1761, 8b17640a-2548-4323-bd97-ba3488877b23:c1761]
2019-08-20 11:35:33,657 INFO  client.GrpcClientProtocolClient (GrpcClientProtocolClient.java:onNext(255)) - client-FC58CAF12498->aeb608e6-131f-44e0-aa35-97c12a2f72a3: receive RaftClientReply:client-FC58CAF12498->aeb608e6-131f-44e0-aa35-97c12a2f72a3@group-3F41E8AD953A, cid=1273, SUCCESS, logIndex=1768, commits[aeb608e6-131f-44e0-aa35-97c12a2f72a3:c1769, b6a0d396-0e26-402b-ac58-4f0615a4fad6:c1767, 8b17640a-2548-4323-bd97-ba3488877b23:c1767]
2019-08-20 11:35:33,658 INFO  client.GrpcClientProtocolClient (GrpcClientProtocolClient.java:onNext(255)) - client-FC58CAF12498->aeb608e6-131f-44e0-aa35-97c12a2f72a3: receive RaftClientReply:client-FC58CAF12498->aeb608e6-131f-44e0-aa35-97c12a2f72a3@group-3F41E8AD953A, cid=1274, SUCCESS, logIndex=1769, commits[aeb608e6-131f-44e0-aa35-97c12a2f72a3:c1769, b6a0d396-0e26-402b-ac58-4f0615a4fad6:c1767, 8b17640a-2548-4323-bd97-ba3488877b23:c1767]
2019-08-20 11:35:33,669 INFO  client.GrpcClientProtocolClient (GrpcClientProtocolClient.java:onNext(255)) - client-FC58CAF12498->aeb608e6-131f-44e0-aa35-97c12a2f72a3: receive RaftClientReply:client-FC58CAF12498->aeb608e6-131f-44e0-aa35-97c12a2f72a3@group-3F41E8AD953A, cid=1275, SUCCESS, logIndex=1772, commits[aeb608e6-131f-44e0-aa35-97c12a2f72a3:c1773, b6a0d396-0e26-402b-ac58-4f0615a4fad6:c1769, 8b17640a-2548-4323-bd97-ba3488877b23:c1769]
2019-08-20 11:35:33,669 INFO  client.GrpcClientProtocolClient (GrpcClientProtocolClient.java:onNext(255)) - client-FC58CAF12498->aeb608e6-131f-44e0-aa35-97c12a2f72a3: receive RaftClientReply:client-FC58CAF12498->aeb608e6-131f-44e0-aa35-97c12a2f72a3@group-3F41E8AD953A, cid=1276, SUCCESS, logIndex=1773, commits[aeb608e6-131f-44e0-aa35-97c12a2f72a3:c1773, b6a0d396-0e26-402b-ac58-4f0615a4fad6:c1769, 8b17640a-2548-4323-bd97-ba3488877b23:c1769]
2019-08-20 11:35:33,681 INFO  client.GrpcClientProtocolClient (GrpcClientProtocolClient.java:onNext(255)) - client-FC58CAF12498->aeb608e6-131f-44e0-aa35-97c12a2f72a3: receive RaftClientReply:client-FC58CAF12498->aeb608e6-131f-44e0-aa35-97c12a2f72a3@group-3F41E8AD953A, cid=1277, SUCCESS, logIndex=0, commits[aeb608e6-131f-44e0-aa35-97c12a2f72a3:c1775, b6a0d396-0e26-402b-ac58-4f0615a4fad6:c1773, 8b17640a-2548-4323-bd97-ba3488877b23:c1773]
2019-08-20 11:35:33,708 INFO  client.GrpcClientProtocolClient (GrpcClientProtocolClient.java:onNext(255)) - client-FC58CAF12498->aeb608e6-131f-44e0-aa35-97c12a2f72a3: receive RaftClientReply:client-FC58CAF12498->aeb608e6-131f-44e0-aa35-97c12a2f72a3@group-3F41E8AD953A, cid=1278, SUCCESS, logIndex=1776, commits[aeb608e6-131f-44e0-aa35-97c12a2f72a3:c1777, b6a0d396-0e26-402b-ac58-4f0615a4fad6:c1775, 8b17640a-2548-4323-bd97-ba3488877b23:c1775]
2019-08-20 11:35:33,708 INFO  client.GrpcClientProtocolClient (GrpcClientProtocolClient.java:onNext(255)) - client-FC58CAF12498->aeb608e6-131f-44e0-aa35-97c12a2f72a3: receive RaftClientReply:client-FC58CAF12498->aeb608e6-131f-44e0-aa35-97c12a2f72a3@group-3F41E8AD953A, cid=1279, SUCCESS, logIndex=1777, commits[aeb608e6-131f-44e0-aa35-97c12a2f72a3:c1777, b6a0d396-0e26-402b-ac58-4f0615a4fad6:c1775, 8b17640a-2548-4323-bd97-ba3488877b23:c1775]
2019-08-20 11:35:33,709 INFO  client.GrpcClientProtocolClient (GrpcClientProtocolClient.java:onNext(255)) - client-FC58CAF12498->aeb608e6-131f-44e0-aa35-97c12a2f72a3: receive RaftClientReply:client-FC58CAF12498->aeb608e6-131f-44e0-aa35-97c12a2f72a3@group-3F41E8AD953A, cid=1280, SUCCESS, logIndex=1778, commits[aeb608e6-131f-44e0-aa35-97c12a2f72a3:c1778, b6a0d396-0e26-402b-ac58-4f0615a4fad6:c1775, 8b17640a-2548-4323-bd97-ba3488877b23:c1775]
2019-08-20 11:35:33,710 INFO  client.GrpcClientProtocolClient (GrpcClientProtocolClient.java:onNext(255)) - client-FC58CAF12498->aeb608e6-131f-44e0-aa35-97c12a2f72a3: receive RaftClientReply:client-FC58CAF12498->aeb608e6-131f-44e0-aa35-97c12a2f72a3@group-3F41E8AD953A, cid=1281, SUCCESS, logIndex=1779, commits[aeb608e6-131f-44e0-aa35-97c12a2f72a3:c1779, b6a0d396-0e26-402b-ac58-4f0615a4fad6:c1775, 8b17640a-2548-4323-bd97-ba3488877b23:c1775]
2019-08-20 11:35:33,711 INFO  client.GrpcClientProtocolClient (GrpcClientProtocolClient.java:onNext(255)) - client-FC58CAF12498->aeb608e6-131f-44e0-aa35-97c12a2f72a3: receive RaftClientReply:client-FC58CAF12498->aeb608e6-131f-44e0-aa35-97c12a2f72a3@group-3F41E8AD953A, cid=1282, SUCCESS, logIndex=0, commits[aeb608e6-131f-44e0-aa35-97c12a2f72a3:c1781, b6a0d396-0e26-402b-ac58-4f0615a4fad6:c1777, 8b17640a-2548-4323-bd97-ba3488877b23:c1777]
2019-08-20 11:35:33,728 INFO  client.GrpcClientProtocolClient (GrpcClientProtocolClient.java:onNext(255)) - client-FC58CAF12498->aeb608e6-131f-44e0-aa35-97c12a2f72a3: receive RaftClientReply:client-FC58CAF12498->aeb608e6-131f-44e0-aa35-97c12a2f72a3@group-3F41E8AD953A, cid=1283, SUCCESS, logIndex=1784, commits[aeb608e6-131f-44e0-aa35-97c12a2f72a3:c1785, b6a0d396-0e26-402b-ac58-4f0615a4fad6:c1783, 8b17640a-2548-4323-bd97-ba3488877b23:c1783]
2019-08-20 11:35:33,728 INFO  client.GrpcClientProtocolClient (GrpcClientProtocolClient.java:onNext(255)) - client-FC58CAF12498->aeb608e6-131f-44e0-aa35-97c12a2f72a3: receive RaftClientReply:client-FC58CAF12498->aeb608e6-131f-44e0-aa35-97c12a2f72a3@group-3F41E8AD953A, cid=1284, SUCCESS, logIndex=1785, commits[aeb608e6-131f-44e0-aa35-97c12a2f72a3:c1785, b6a0d396-0e26-402b-ac58-4f0615a4fad6:c1783, 8b17640a-2548-4323-bd97-ba3488877b23:c1783]
2019-08-20 11:35:33,738 INFO  client.GrpcClientProtocolClient (GrpcClientProtocolClient.java:onNext(255)) - client-FC58CAF12498->aeb608e6-131f-44e0-aa35-97c12a2f72a3: receive RaftClientReply:client-FC58CAF12498->aeb608e6-131f-44e0-aa35-97c12a2f72a3@group-3F41E8AD953A, cid=1285, SUCCESS, logIndex=1788, commits[aeb608e6-131f-44e0-aa35-97c12a2f72a3:c1789, b6a0d396-0e26-402b-ac58-4f0615a4fad6:c1785, 8b17640a-2548-4323-bd97-ba3488877b23:c1787]
2019-08-20 11:35:33,738 INFO  client.GrpcClientProtocolClient (GrpcClientProtocolClient.java:onNext(255)) - client-FC58CAF12498->aeb608e6-131f-44e0-aa35-97c12a2f72a3: receive RaftClientReply:client-FC58CAF12498->aeb608e6-131f-44e0-aa35-97c12a2f72a3@group-3F41E8AD953A, cid=1286, SUCCESS, logIndex=1789, commits[aeb608e6-131f-44e0-aa35-97c12a2f72a3:c1789, b6a0d396-0e26-402b-ac58-4f0615a4fad6:c1787, 8b17640a-2548-4323-bd97-ba3488877b23:c1787]
2019-08-20 11:35:33,739 INFO  client.GrpcClientProtocolClient (GrpcClientProtocolClient.java:onNext(255)) - client-FC58CAF12498->aeb608e6-131f-44e0-aa35-97c12a2f72a3: receive RaftClientReply:client-FC58CAF12498->aeb608e6-131f-44e0-aa35-97c12a2f72a3@group-3F41E8AD953A, cid=1287, SUCCESS, logIndex=0, commits[aeb608e6-131f-44e0-aa35-97c12a2f72a3:c1789, b6a0d396-0e26-402b-ac58-4f0615a4fad6:c1789, 8b17640a-2548-4323-bd97-ba3488877b23:c1789]
2019-08-20 11:35:33,764 INFO  client.GrpcClientProtocolClient (GrpcClientProtocolClient.java:onNext(255)) - client-FC58CAF12498->aeb608e6-131f-44e0-aa35-97c12a2f72a3: receive RaftClientReply:client-FC58CAF12498->aeb608e6-131f-44e0-aa35-97c12a2f72a3@group-3F41E8AD953A, cid=1288, SUCCESS, logIndex=1792, commits[aeb608e6-131f-44e0-aa35-97c12a2f72a3:c1793, b6a0d396-0e26-402b-ac58-4f0615a4fad6:c1791, 8b17640a-2548-4323-bd97-ba3488877b23:c1791]
2019-08-20 11:35:33,765 INFO  client.GrpcClientProtocolClient (GrpcClientProtocolClient.java:onNext(255)) - client-FC58CAF12498->aeb608e6-131f-44e0-aa35-97c12a2f72a3: receive RaftClientReply:client-FC58CAF12498->aeb608e6-131f-44e0-aa35-97c12a2f72a3@group-3F41E8AD953A, cid=1289, SUCCESS, logIndex=1793, commits[aeb608e6-131f-44e0-aa35-97c12a2f72a3:c1795, b6a0d396-0e26-402b-ac58-4f0615a4fad6:c1791, 8b17640a-2548-4323-bd97-ba3488877b23:c1791]
2019-08-20 11:35:33,765 INFO  client.GrpcClientProtocolClient (GrpcClientProtocolClient.java:onNext(255)) - client-FC58CAF12498->aeb608e6-131f-44e0-aa35-97c12a2f72a3: receive RaftClientReply:client-FC58CAF12498->aeb608e6-131f-44e0-aa35-97c12a2f72a3@group-3F41E8AD953A, cid=1290, SUCCESS, logIndex=1794, commits[aeb608e6-131f-44e0-aa35-97c12a2f72a3:c1795, b6a0d396-0e26-402b-ac58-4f0615a4fad6:c1791, 8b17640a-2548-4323-bd97-ba3488877b23:c1791]
2019-08-20 11:35:33,765 INFO  client.GrpcClientProtocolClient (GrpcClientProtocolClient.java:onNext(255)) - client-FC58CAF12498->aeb608e6-131f-44e0-aa35-97c12a2f72a3: receive RaftClientReply:client-FC58CAF12498->aeb608e6-131f-44e0-aa35-97c12a2f72a3@group-3F41E8AD953A, cid=1291, SUCCESS, logIndex=1795, commits[aeb608e6-131f-44e0-aa35-97c12a2f72a3:c1795, b6a0d396-0e26-402b-ac58-4f0615a4fad6:c1791, 8b17640a-2548-4323-bd97-ba3488877b23:c1791]
2019-08-20 11:35:33,766 INFO  client.GrpcClientProtocolClient (GrpcClientProtocolClient.java:onNext(255)) - client-FC58CAF12498->aeb608e6-131f-44e0-aa35-97c12a2f72a3: receive RaftClientReply:client-FC58CAF12498->aeb608e6-131f-44e0-aa35-97c12a2f72a3@group-3F41E8AD953A, cid=1292, SUCCESS, logIndex=0, commits[aeb608e6-131f-44e0-aa35-97c12a2f72a3:c1797, b6a0d396-0e26-402b-ac58-4f0615a4fad6:c1793, 8b17640a-2548-4323-bd97-ba3488877b23:c1793]
2019-08-20 11:35:33,782 INFO  client.GrpcClientProtocolClient (GrpcClientProtocolClient.java:onNext(255)) - client-FC58CAF12498->aeb608e6-131f-44e0-aa35-97c12a2f72a3: receive RaftClientReply:client-FC58CAF12498->aeb608e6-131f-44e0-aa35-97c12a2f72a3@group-3F41E8AD953A, cid=1293, SUCCESS, logIndex=1800, commits[aeb608e6-131f-44e0-aa35-97c12a2f72a3:c1801, b6a0d396-0e26-402b-ac58-4f0615a4fad6:c1799, 8b17640a-2548-4323-bd97-ba3488877b23:c1799]
2019-08-20 11:35:33,783 INFO  client.GrpcClientProtocolClient (GrpcClientProtocolClient.java:onNext(255)) - client-FC58CAF12498->aeb608e6-131f-44e0-aa35-97c12a2f72a3: receive RaftClientReply:client-FC58CAF12498->aeb608e6-131f-44e0-aa35-97c12a2f72a3@group-3F41E8AD953A, cid=1294, SUCCESS, logIndex=1801, commits[aeb608e6-131f-44e0-aa35-97c12a2f72a3:c1801, b6a0d396-0e26-402b-ac58-4f0615a4fad6:c1799, 8b17640a-2548-4323-bd97-ba3488877b23:c1799]
2019-08-20 11:35:33,791 INFO  client.GrpcClientProtocolClient (GrpcClientProtocolClient.java:onNext(255)) - client-FC58CAF12498->aeb608e6-131f-44e0-aa35-97c12a2f72a3: receive RaftClientReply:client-FC58CAF12498->aeb608e6-131f-44e0-aa35-97c12a2f72a3@group-3F41E8AD953A, cid=1295, SUCCESS, logIndex=1804, commits[aeb608e6-131f-44e0-aa35-97c12a2f72a3:c1805, b6a0d396-0e26-402b-ac58-4f0615a4fad6:c1803, 8b17640a-2548-4323-bd97-ba3488877b23:c1801]
2019-08-20 11:35:33,792 INFO  client.GrpcClientProtocolClient (GrpcClientProtocolClient.java:onNext(255)) - client-FC58CAF12498->aeb608e6-131f-44e0-aa35-97c12a2f72a3: receive RaftClientReply:client-FC58CAF12498->aeb608e6-131f-44e0-aa35-97c12a2f72a3@group-3F41E8AD953A, cid=1296, SUCCESS, logIndex=1805, commits[aeb608e6-131f-44e0-aa35-97c12a2f72a3:c1805, b6a0d396-0e26-402b-ac58-4f0615a4fad6:c1803, 8b17640a-2548-4323-bd97-ba3488877b23:c1801]
2019-08-20 11:35:33,797 INFO  client.GrpcClientProtocolClient (GrpcClientProtocolClient.java:onNext(255)) - client-FC58CAF12498->aeb608e6-131f-44e0-aa35-97c12a2f72a3: receive RaftClientReply:client-FC58CAF12498->aeb608e6-131f-44e0-aa35-97c12a2f72a3@group-3F41E8AD953A, cid=1297, SUCCESS, logIndex=0, commits[aeb608e6-131f-44e0-aa35-97c12a2f72a3:c1807, b6a0d396-0e26-402b-ac58-4f0615a4fad6:c1805, 8b17640a-2548-4323-bd97-ba3488877b23:c1805]
2019-08-20 11:35:33,822 INFO  client.GrpcClientProtocolClient (GrpcClientProtocolClient.java:onNext(255)) - client-FC58CAF12498->aeb608e6-131f-44e0-aa35-97c12a2f72a3: receive RaftClientReply:client-FC58CAF12498->aeb608e6-131f-44e0-aa35-97c12a2f72a3@group-3F41E8AD953A, cid=1298, SUCCESS, logIndex=1808, commits[aeb608e6-131f-44e0-aa35-97c12a2f72a3:c1810, b6a0d396-0e26-402b-ac58-4f0615a4fad6:c1807, 8b17640a-2548-4323-bd97-ba3488877b23:c1807]
2019-08-20 11:35:33,822 INFO  client.GrpcClientProtocolClient (GrpcClientProtocolClient.java:onNext(255)) - client-FC58CAF12498->aeb608e6-131f-44e0-aa35-97c12a2f72a3: receive RaftClientReply:client-FC58CAF12498->aeb608e6-131f-44e0-aa35-97c12a2f72a3@group-3F41E8AD953A, cid=1299, SUCCESS, logIndex=1809, commits[aeb608e6-131f-44e0-aa35-97c12a2f72a3:c1811, b6a0d396-0e26-402b-ac58-4f0615a4fad6:c1807, 8b17640a-2548-4323-bd97-ba3488877b23:c1807]
2019-08-20 11:35:33,823 INFO  client.GrpcClientProtocolClient (GrpcClientProtocolClient.java:onNext(255)) - client-FC58CAF12498->aeb608e6-131f-44e0-aa35-97c12a2f72a3: receive RaftClientReply:client-FC58CAF12498->aeb608e6-131f-44e0-aa35-97c12a2f72a3@group-3F41E8AD953A, cid=1300, SUCCESS, logIndex=1810, commits[aeb608e6-131f-44e0-aa35-97c12a2f72a3:c1811, b6a0d396-0e26-402b-ac58-4f0615a4fad6:c1807, 8b17640a-2548-4323-bd97-ba3488877b23:c1807]
2019-08-20 11:35:33,823 INFO  client.GrpcClientProtocolClient (GrpcClientProtocolClient.java:onNext(255)) - client-FC58CAF12498->aeb608e6-131f-44e0-aa35-97c12a2f72a3: receive RaftClientReply:client-FC58CAF12498->aeb608e6-131f-44e0-aa35-97c12a2f72a3@group-3F41E8AD953A, cid=1301, SUCCESS, logIndex=1811, commits[aeb608e6-131f-44e0-aa35-97c12a2f72a3:c1811, b6a0d396-0e26-402b-ac58-4f0615a4fad6:c1807, 8b17640a-2548-4323-bd97-ba3488877b23:c1807]
2019-08-20 11:35:33,827 INFO  client.GrpcClientProtocolClient (GrpcClientProtocolClient.java:onNext(255)) - client-FC58CAF12498->aeb608e6-131f-44e0-aa35-97c12a2f72a3: receive RaftClientReply:client-FC58CAF12498->aeb608e6-131f-44e0-aa35-97c12a2f72a3@group-3F41E8AD953A, cid=1302, SUCCESS, logIndex=0, commits[aeb608e6-131f-44e0-aa35-97c12a2f72a3:c1815, b6a0d396-0e26-402b-ac58-4f0615a4fad6:c1809, 8b17640a-2548-4323-bd97-ba3488877b23:c1811]
2019-08-20 11:35:33,848 INFO  client.GrpcClientProtocolClient (GrpcClientProtocolClient.java:onNext(255)) - client-FC58CAF12498->aeb608e6-131f-44e0-aa35-97c12a2f72a3: receive RaftClientReply:client-FC58CAF12498->aeb608e6-131f-44e0-aa35-97c12a2f72a3@group-3F41E8AD953A, cid=1303, SUCCESS, logIndex=1816, commits[aeb608e6-131f-44e0-aa35-97c12a2f72a3:c1817, b6a0d396-0e26-402b-ac58-4f0615a4fad6:c1815, 8b17640a-2548-4323-bd97-ba3488877b23:c1815]
2019-08-20 11:35:33,848 INFO  client.GrpcClientProtocolClient (GrpcClientProtocolClient.java:onNext(255)) - client-FC58CAF12498->aeb608e6-131f-44e0-aa35-97c12a2f72a3: receive RaftClientReply:client-FC58CAF12498->aeb608e6-131f-44e0-aa35-97c12a2f72a3@group-3F41E8AD953A, cid=1304, SUCCESS, logIndex=1817, commits[aeb608e6-131f-44e0-aa35-97c12a2f72a3:c1817, b6a0d396-0e26-402b-ac58-4f0615a4fad6:c1815, 8b17640a-2548-4323-bd97-ba3488877b23:c1815]
2019-08-20 11:35:33,861 INFO  client.GrpcClientProtocolClient (GrpcClientProtocolClient.java:onNext(255)) - client-FC58CAF12498->aeb608e6-131f-44e0-aa35-97c12a2f72a3: receive RaftClientReply:client-FC58CAF12498->aeb608e6-131f-44e0-aa35-97c12a2f72a3@group-3F41E8AD953A, cid=1305, SUCCESS, logIndex=1820, commits[aeb608e6-131f-44e0-aa35-97c12a2f72a3:c1821, b6a0d396-0e26-402b-ac58-4f0615a4fad6:c1817, 8b17640a-2548-4323-bd97-ba3488877b23:c1817]
2019-08-20 11:35:33,861 INFO  client.GrpcClientProtocolClient (GrpcClientProtocolClient.java:onNext(255)) - client-FC58CAF12498->aeb608e6-131f-44e0-aa35-97c12a2f72a3: receive RaftClientReply:client-FC58CAF12498->aeb608e6-131f-44e0-aa35-97c12a2f72a3@group-3F41E8AD953A, cid=1306, SUCCESS, logIndex=1821, commits[aeb608e6-131f-44e0-aa35-97c12a2f72a3:c1821, b6a0d396-0e26-402b-ac58-4f0615a4fad6:c1817, 8b17640a-2548-4323-bd97-ba3488877b23:c1817]
2019-08-20 11:35:33,875 INFO  client.GrpcClientProtocolClient (GrpcClientProtocolClient.java:onNext(255)) - client-FC58CAF12498->aeb608e6-131f-44e0-aa35-97c12a2f72a3: receive RaftClientReply:client-FC58CAF12498->aeb608e6-131f-44e0-aa35-97c12a2f72a3@group-3F41E8AD953A, cid=1307, SUCCESS, logIndex=0, commits[aeb608e6-131f-44e0-aa35-97c12a2f72a3:c1821, b6a0d396-0e26-402b-ac58-4f0615a4fad6:c1821, 8b17640a-2548-4323-bd97-ba3488877b23:c1821]
2019-08-20 11:35:33,899 INFO  client.GrpcClientProtocolClient (GrpcClientProtocolClient.java:onNext(255)) - client-FC58CAF12498->aeb608e6-131f-44e0-aa35-97c12a2f72a3: receive RaftClientReply:client-FC58CAF12498->aeb608e6-131f-44e0-aa35-97c12a2f72a3@group-3F41E8AD953A, cid=1308, SUCCESS, logIndex=1824, commits[aeb608e6-131f-44e0-aa35-97c12a2f72a3:c1825, b6a0d396-0e26-402b-ac58-4f0615a4fad6:c1823, 8b17640a-2548-4323-bd97-ba3488877b23:c1823]
2019-08-20 11:35:33,900 INFO  client.GrpcClientProtocolClient (GrpcClientProtocolClient.java:onNext(255)) - client-FC58CAF12498->aeb608e6-131f-44e0-aa35-97c12a2f72a3: receive RaftClientReply:client-FC58CAF12498->aeb608e6-131f-44e0-aa35-97c12a2f72a3@group-3F41E8AD953A, cid=1309, SUCCESS, logIndex=1825, commits[aeb608e6-131f-44e0-aa35-97c12a2f72a3:c1825, b6a0d396-0e26-402b-ac58-4f0615a4fad6:c1823, 8b17640a-2548-4323-bd97-ba3488877b23:c1823]
2019-08-20 11:35:33,900 INFO  client.GrpcClientProtocolClient (GrpcClientProtocolClient.java:onNext(255)) - client-FC58CAF12498->aeb608e6-131f-44e0-aa35-97c12a2f72a3: receive RaftClientReply:client-FC58CAF12498->aeb608e6-131f-44e0-aa35-97c12a2f72a3@group-3F41E8AD953A, cid=1310, SUCCESS, logIndex=1826, commits[aeb608e6-131f-44e0-aa35-97c12a2f72a3:c1826, b6a0d396-0e26-402b-ac58-4f0615a4fad6:c1823, 8b17640a-2548-4323-bd97-ba3488877b23:c1823]
2019-08-20 11:35:33,900 INFO  client.GrpcClientProtocolClient (GrpcClientProtocolClient.java:onNext(255)) - client-FC58CAF12498->aeb608e6-131f-44e0-aa35-97c12a2f72a3: receive RaftClientReply:client-FC58CAF12498->aeb608e6-131f-44e0-aa35-97c12a2f72a3@group-3F41E8AD953A, cid=1311, SUCCESS, logIndex=1827, commits[aeb608e6-131f-44e0-aa35-97c12a2f72a3:c1827, b6a0d396-0e26-402b-ac58-4f0615a4fad6:c1823, 8b17640a-2548-4323-bd97-ba3488877b23:c1823]
2019-08-20 11:35:33,902 INFO  client.GrpcClientProtocolClient (GrpcClientProtocolClient.java:onNext(255)) - client-FC58CAF12498->aeb608e6-131f-44e0-aa35-97c12a2f72a3: receive RaftClientReply:client-FC58CAF12498->aeb608e6-131f-44e0-aa35-97c12a2f72a3@group-3F41E8AD953A, cid=1312, SUCCESS, logIndex=0, commits[aeb608e6-131f-44e0-aa35-97c12a2f72a3:c1829, b6a0d396-0e26-402b-ac58-4f0615a4fad6:c1825, 8b17640a-2548-4323-bd97-ba3488877b23:c1825]
2019-08-20 11:35:33,920 INFO  client.GrpcClientProtocolClient (GrpcClientProtocolClient.java:onNext(255)) - client-FC58CAF12498->aeb608e6-131f-44e0-aa35-97c12a2f72a3: receive RaftClientReply:client-FC58CAF12498->aeb608e6-131f-44e0-aa35-97c12a2f72a3@group-3F41E8AD953A, cid=1313, SUCCESS, logIndex=1832, commits[aeb608e6-131f-44e0-aa35-97c12a2f72a3:c1833, b6a0d396-0e26-402b-ac58-4f0615a4fad6:c1831, 8b17640a-2548-4323-bd97-ba3488877b23:c1831]
2019-08-20 11:35:33,921 INFO  client.GrpcClientProtocolClient (GrpcClientProtocolClient.java:onNext(255)) - client-FC58CAF12498->aeb608e6-131f-44e0-aa35-97c12a2f72a3: receive RaftClientReply:client-FC58CAF12498->aeb608e6-131f-44e0-aa35-97c12a2f72a3@group-3F41E8AD953A, cid=1314, SUCCESS, logIndex=1833, commits[aeb608e6-131f-44e0-aa35-97c12a2f72a3:c1833, b6a0d396-0e26-402b-ac58-4f0615a4fad6:c1831, 8b17640a-2548-4323-bd97-ba3488877b23:c1831]
2019-08-20 11:35:33,934 INFO  client.GrpcClientProtocolClient (GrpcClientProtocolClient.java:onNext(255)) - client-FC58CAF12498->aeb608e6-131f-44e0-aa35-97c12a2f72a3: receive RaftClientReply:client-FC58CAF12498->aeb608e6-131f-44e0-aa35-97c12a2f72a3@group-3F41E8AD953A, cid=1315, SUCCESS, logIndex=1836, commits[aeb608e6-131f-44e0-aa35-97c12a2f72a3:c1837, b6a0d396-0e26-402b-ac58-4f0615a4fad6:c1833, 8b17640a-2548-4323-bd97-ba3488877b23:c1833]
2019-08-20 11:35:33,934 INFO  client.GrpcClientProtocolClient (GrpcClientProtocolClient.java:onNext(255)) - client-FC58CAF12498->aeb608e6-131f-44e0-aa35-97c12a2f72a3: receive RaftClientReply:client-FC58CAF12498->aeb608e6-131f-44e0-aa35-97c12a2f72a3@group-3F41E8AD953A, cid=1316, SUCCESS, logIndex=1837, commits[aeb608e6-131f-44e0-aa35-97c12a2f72a3:c1837, b6a0d396-0e26-402b-ac58-4f0615a4fad6:c1833, 8b17640a-2548-4323-bd97-ba3488877b23:c1833]
2019-08-20 11:35:33,945 INFO  client.GrpcClientProtocolClient (GrpcClientProtocolClient.java:onNext(255)) - client-FC58CAF12498->aeb608e6-131f-44e0-aa35-97c12a2f72a3: receive RaftClientReply:client-FC58CAF12498->aeb608e6-131f-44e0-aa35-97c12a2f72a3@group-3F41E8AD953A, cid=1317, SUCCESS, logIndex=0, commits[aeb608e6-131f-44e0-aa35-97c12a2f72a3:c1838, b6a0d396-0e26-402b-ac58-4f0615a4fad6:c1837, 8b17640a-2548-4323-bd97-ba3488877b23:c1837]
2019-08-20 11:35:33,970 INFO  client.GrpcClientProtocolClient (GrpcClientProtocolClient.java:onNext(255)) - client-FC58CAF12498->aeb608e6-131f-44e0-aa35-97c12a2f72a3: receive RaftClientReply:client-FC58CAF12498->aeb608e6-131f-44e0-aa35-97c12a2f72a3@group-3F41E8AD953A, cid=1318, SUCCESS, logIndex=1840, commits[aeb608e6-131f-44e0-aa35-97c12a2f72a3:c1841, b6a0d396-0e26-402b-ac58-4f0615a4fad6:c1839, 8b17640a-2548-4323-bd97-ba3488877b23:c1839]
2019-08-20 11:35:33,971 INFO  client.GrpcClientProtocolClient (GrpcClientProtocolClient.java:onNext(255)) - client-FC58CAF12498->aeb608e6-131f-44e0-aa35-97c12a2f72a3: receive RaftClientReply:client-FC58CAF12498->aeb608e6-131f-44e0-aa35-97c12a2f72a3@group-3F41E8AD953A, cid=1319, SUCCESS, logIndex=1841, commits[aeb608e6-131f-44e0-aa35-97c12a2f72a3:c1843, b6a0d396-0e26-402b-ac58-4f0615a4fad6:c1839, 8b17640a-2548-4323-bd97-ba3488877b23:c1839]
2019-08-20 11:35:33,971 INFO  client.GrpcClientProtocolClient (GrpcClientProtocolClient.java:onNext(255)) - client-FC58CAF12498->aeb608e6-131f-44e0-aa35-97c12a2f72a3: receive RaftClientReply:client-FC58CAF12498->aeb608e6-131f-44e0-aa35-97c12a2f72a3@group-3F41E8AD953A, cid=1320, SUCCESS, logIndex=1842, commits[aeb608e6-131f-44e0-aa35-97c12a2f72a3:c1843, b6a0d396-0e26-402b-ac58-4f0615a4fad6:c1839, 8b17640a-2548-4323-bd97-ba3488877b23:c1839]
2019-08-20 11:35:33,971 INFO  client.GrpcClientProtocolClient (GrpcClientProtocolClient.java:onNext(255)) - client-FC58CAF12498->aeb608e6-131f-44e0-aa35-97c12a2f72a3: receive RaftClientReply:client-FC58CAF12498->aeb608e6-131f-44e0-aa35-97c12a2f72a3@group-3F41E8AD953A, cid=1321, SUCCESS, logIndex=1843, commits[aeb608e6-131f-44e0-aa35-97c12a2f72a3:c1843, b6a0d396-0e26-402b-ac58-4f0615a4fad6:c1839, 8b17640a-2548-4323-bd97-ba3488877b23:c1839]
2019-08-20 11:35:33,972 INFO  client.GrpcClientProtocolClient (GrpcClientProtocolClient.java:onNext(255)) - client-FC58CAF12498->aeb608e6-131f-44e0-aa35-97c12a2f72a3: receive RaftClientReply:client-FC58CAF12498->aeb608e6-131f-44e0-aa35-97c12a2f72a3@group-3F41E8AD953A, cid=1322, SUCCESS, logIndex=0, commits[aeb608e6-131f-44e0-aa35-97c12a2f72a3:c1845, b6a0d396-0e26-402b-ac58-4f0615a4fad6:c1841, 8b17640a-2548-4323-bd97-ba3488877b23:c1841]
2019-08-20 11:35:33,991 INFO  client.GrpcClientProtocolClient (GrpcClientProtocolClient.java:onNext(255)) - client-FC58CAF12498->aeb608e6-131f-44e0-aa35-97c12a2f72a3: receive RaftClientReply:client-FC58CAF12498->aeb608e6-131f-44e0-aa35-97c12a2f72a3@group-3F41E8AD953A, cid=1323, SUCCESS, logIndex=1848, commits[aeb608e6-131f-44e0-aa35-97c12a2f72a3:c1849, b6a0d396-0e26-402b-ac58-4f0615a4fad6:c1847, 8b17640a-2548-4323-bd97-ba3488877b23:c1847]
2019-08-20 11:35:33,991 INFO  client.GrpcClientProtocolClient (GrpcClientProtocolClient.java:onNext(255)) - client-FC58CAF12498->aeb608e6-131f-44e0-aa35-97c12a2f72a3: receive RaftClientReply:client-FC58CAF12498->aeb608e6-131f-44e0-aa35-97c12a2f72a3@group-3F41E8AD953A, cid=1324, SUCCESS, logIndex=1849, commits[aeb608e6-131f-44e0-aa35-97c12a2f72a3:c1849, b6a0d396-0e26-402b-ac58-4f0615a4fad6:c1847, 8b17640a-2548-4323-bd97-ba3488877b23:c1847]
2019-08-20 11:35:34,005 INFO  client.GrpcClientProtocolClient (GrpcClientProtocolClient.java:onNext(255)) - client-FC58CAF12498->aeb608e6-131f-44e0-aa35-97c12a2f72a3: receive RaftClientReply:client-FC58CAF12498->aeb608e6-131f-44e0-aa35-97c12a2f72a3@group-3F41E8AD953A, cid=1325, SUCCESS, logIndex=1852, commits[aeb608e6-131f-44e0-aa35-97c12a2f72a3:c1853, b6a0d396-0e26-402b-ac58-4f0615a4fad6:c1849, 8b17640a-2548-4323-bd97-ba3488877b23:c1849]
2019-08-20 11:35:34,006 INFO  client.GrpcClientProtocolClient (GrpcClientProtocolClient.java:onNext(255)) - client-FC58CAF12498->aeb608e6-131f-44e0-aa35-97c12a2f72a3: receive RaftClientReply:client-FC58CAF12498->aeb608e6-131f-44e0-aa35-97c12a2f72a3@group-3F41E8AD953A, cid=1326, SUCCESS, logIndex=1853, commits[aeb608e6-131f-44e0-aa35-97c12a2f72a3:c1853, b6a0d396-0e26-402b-ac58-4f0615a4fad6:c1849, 8b17640a-2548-4323-bd97-ba3488877b23:c1849]
2019-08-20 11:35:34,018 INFO  client.GrpcClientProtocolClient (GrpcClientProtocolClient.java:onNext(255)) - client-FC58CAF12498->aeb608e6-131f-44e0-aa35-97c12a2f72a3: receive RaftClientReply:client-FC58CAF12498->aeb608e6-131f-44e0-aa35-97c12a2f72a3@group-3F41E8AD953A, cid=1327, SUCCESS, logIndex=0, commits[aeb608e6-131f-44e0-aa35-97c12a2f72a3:c1854, b6a0d396-0e26-402b-ac58-4f0615a4fad6:c1853, 8b17640a-2548-4323-bd97-ba3488877b23:c1853]
2019-08-20 11:35:34,042 INFO  client.GrpcClientProtocolClient (GrpcClientProtocolClient.java:onNext(255)) - client-FC58CAF12498->aeb608e6-131f-44e0-aa35-97c12a2f72a3: receive RaftClientReply:client-FC58CAF12498->aeb608e6-131f-44e0-aa35-97c12a2f72a3@group-3F41E8AD953A, cid=1328, SUCCESS, logIndex=1856, commits[aeb608e6-131f-44e0-aa35-97c12a2f72a3:c1858, b6a0d396-0e26-402b-ac58-4f0615a4fad6:c1855, 8b17640a-2548-4323-bd97-ba3488877b23:c1855]
2019-08-20 11:35:34,043 INFO  client.GrpcClientProtocolClient (GrpcClientProtocolClient.java:onNext(255)) - client-FC58CAF12498->aeb608e6-131f-44e0-aa35-97c12a2f72a3: receive RaftClientReply:client-FC58CAF12498->aeb608e6-131f-44e0-aa35-97c12a2f72a3@group-3F41E8AD953A, cid=1329, SUCCESS, logIndex=1857, commits[aeb608e6-131f-44e0-aa35-97c12a2f72a3:c1859, b6a0d396-0e26-402b-ac58-4f0615a4fad6:c1855, 8b17640a-2548-4323-bd97-ba3488877b23:c1855]
2019-08-20 11:35:34,043 INFO  client.GrpcClientProtocolClient (GrpcClientProtocolClient.java:onNext(255)) - client-FC58CAF12498->aeb608e6-131f-44e0-aa35-97c12a2f72a3: receive RaftClientReply:client-FC58CAF12498->aeb608e6-131f-44e0-aa35-97c12a2f72a3@group-3F41E8AD953A, cid=1330, SUCCESS, logIndex=1858, commits[aeb608e6-131f-44e0-aa35-97c12a2f72a3:c1859, b6a0d396-0e26-402b-ac58-4f0615a4fad6:c1855, 8b17640a-2548-4323-bd97-ba3488877b23:c1855]
2019-08-20 11:35:34,043 INFO  client.GrpcClientProtocolClient (GrpcClientProtocolClient.java:onNext(255)) - client-FC58CAF12498->aeb608e6-131f-44e0-aa35-97c12a2f72a3: receive RaftClientReply:client-FC58CAF12498->aeb608e6-131f-44e0-aa35-97c12a2f72a3@group-3F41E8AD953A, cid=1331, SUCCESS, logIndex=1859, commits[aeb608e6-131f-44e0-aa35-97c12a2f72a3:c1859, b6a0d396-0e26-402b-ac58-4f0615a4fad6:c1855, 8b17640a-2548-4323-bd97-ba3488877b23:c1855]
2019-08-20 11:35:34,057 INFO  client.GrpcClientProtocolClient (GrpcClientProtocolClient.java:onNext(255)) - client-FC58CAF12498->aeb608e6-131f-44e0-aa35-97c12a2f72a3: receive RaftClientReply:client-FC58CAF12498->aeb608e6-131f-44e0-aa35-97c12a2f72a3@group-3F41E8AD953A, cid=1332, SUCCESS, logIndex=0, commits[aeb608e6-131f-44e0-aa35-97c12a2f72a3:c1863, b6a0d396-0e26-402b-ac58-4f0615a4fad6:c1857, 8b17640a-2548-4323-bd97-ba3488877b23:c1859]
2019-08-20 11:35:34,165 INFO  client.GrpcClientProtocolClient (GrpcClientProtocolClient.java:onNext(255)) - client-FC58CAF12498->aeb608e6-131f-44e0-aa35-97c12a2f72a3: receive RaftClientReply:client-FC58CAF12498->aeb608e6-131f-44e0-aa35-97c12a2f72a3@group-3F41E8AD953A, cid=1333, SUCCESS, logIndex=1864, commits[aeb608e6-131f-44e0-aa35-97c12a2f72a3:c1865, b6a0d396-0e26-402b-ac58-4f0615a4fad6:c1863, 8b17640a-2548-4323-bd97-ba3488877b23:c1863]
2019-08-20 11:35:34,165 INFO  client.GrpcClientProtocolClient (GrpcClientProtocolClient.java:onNext(255)) - client-FC58CAF12498->aeb608e6-131f-44e0-aa35-97c12a2f72a3: receive RaftClientReply:client-FC58CAF12498->aeb608e6-131f-44e0-aa35-97c12a2f72a3@group-3F41E8AD953A, cid=1334, SUCCESS, logIndex=1865, commits[aeb608e6-131f-44e0-aa35-97c12a2f72a3:c1865, b6a0d396-0e26-402b-ac58-4f0615a4fad6:c1863, 8b17640a-2548-4323-bd97-ba3488877b23:c1863]
2019-08-20 11:35:34,178 INFO  client.GrpcClientProtocolClient (GrpcClientProtocolClient.java:onNext(255)) - client-FC58CAF12498->aeb608e6-131f-44e0-aa35-97c12a2f72a3: receive RaftClientReply:client-FC58CAF12498->aeb608e6-131f-44e0-aa35-97c12a2f72a3@group-3F41E8AD953A, cid=1335, SUCCESS, logIndex=1868, commits[aeb608e6-131f-44e0-aa35-97c12a2f72a3:c1868, b6a0d396-0e26-402b-ac58-4f0615a4fad6:c1865, 8b17640a-2548-4323-bd97-ba3488877b23:c1865]
2019-08-20 11:35:34,178 INFO  client.GrpcClientProtocolClient (GrpcClientProtocolClient.java:onNext(255)) - client-FC58CAF12498->aeb608e6-131f-44e0-aa35-97c12a2f72a3: receive RaftClientReply:client-FC58CAF12498->aeb608e6-131f-44e0-aa35-97c12a2f72a3@group-3F41E8AD953A, cid=1336, SUCCESS, logIndex=1869, commits[aeb608e6-131f-44e0-aa35-97c12a2f72a3:c1869, b6a0d396-0e26-402b-ac58-4f0615a4fad6:c1865, 8b17640a-2548-4323-bd97-ba3488877b23:c1865]
2019-08-20 11:35:34,192 INFO  client.GrpcClientProtocolClient (GrpcClientProtocolClient.java:onNext(255)) - client-FC58CAF12498->aeb608e6-131f-44e0-aa35-97c12a2f72a3: receive RaftClientReply:client-FC58CAF12498->aeb608e6-131f-44e0-aa35-97c12a2f72a3@group-3F41E8AD953A, cid=1337, SUCCESS, logIndex=0, commits[aeb608e6-131f-44e0-aa35-97c12a2f72a3:c1871, b6a0d396-0e26-402b-ac58-4f0615a4fad6:c1869, 8b17640a-2548-4323-bd97-ba3488877b23:c1869]
2019-08-20 11:35:34,218 INFO  client.GrpcClientProtocolClient (GrpcClientProtocolClient.java:onNext(255)) - client-FC58CAF12498->aeb608e6-131f-44e0-aa35-97c12a2f72a3: receive RaftClientReply:client-FC58CAF12498->aeb608e6-131f-44e0-aa35-97c12a2f72a3@group-3F41E8AD953A, cid=1338, SUCCESS, logIndex=1872, commits[aeb608e6-131f-44e0-aa35-97c12a2f72a3:c1873, b6a0d396-0e26-402b-ac58-4f0615a4fad6:c1871, 8b17640a-2548-4323-bd97-ba3488877b23:c1871]
2019-08-20 11:35:34,219 INFO  client.GrpcClientProtocolClient (GrpcClientProtocolClient.java:onNext(255)) - client-FC58CAF12498->aeb608e6-131f-44e0-aa35-97c12a2f72a3: receive RaftClientReply:client-FC58CAF12498->aeb608e6-131f-44e0-aa35-97c12a2f72a3@group-3F41E8AD953A, cid=1339, SUCCESS, logIndex=1873, commits[aeb608e6-131f-44e0-aa35-97c12a2f72a3:c1873, b6a0d396-0e26-402b-ac58-4f0615a4fad6:c1871, 8b17640a-2548-4323-bd97-ba3488877b23:c1871]
2019-08-20 11:35:34,219 INFO  client.GrpcClientProtocolClient (GrpcClientProtocolClient.java:onNext(255)) - client-FC58CAF12498->aeb608e6-131f-44e0-aa35-97c12a2f72a3: receive RaftClientReply:client-FC58CAF12498->aeb608e6-131f-44e0-aa35-97c12a2f72a3@group-3F41E8AD953A, cid=1340, SUCCESS, logIndex=1874, commits[aeb608e6-131f-44e0-aa35-97c12a2f72a3:c1874, b6a0d396-0e26-402b-ac58-4f0615a4fad6:c1871, 8b17640a-2548-4323-bd97-ba3488877b23:c1871]
2019-08-20 11:35:34,220 INFO  client.GrpcClientProtocolClient (GrpcClientProtocolClient.java:onNext(255)) - client-FC58CAF12498->aeb608e6-131f-44e0-aa35-97c12a2f72a3: receive RaftClientReply:client-FC58CAF12498->aeb608e6-131f-44e0-aa35-97c12a2f72a3@group-3F41E8AD953A, cid=1341, SUCCESS, logIndex=1875, commits[aeb608e6-131f-44e0-aa35-97c12a2f72a3:c1875, b6a0d396-0e26-402b-ac58-4f0615a4fad6:c1871, 8b17640a-2548-4323-bd97-ba3488877b23:c1871]
2019-08-20 11:35:34,220 INFO  client.GrpcClientProtocolClient (GrpcClientProtocolClient.java:onNext(255)) - client-FC58CAF12498->aeb608e6-131f-44e0-aa35-97c12a2f72a3: receive RaftClientReply:client-FC58CAF12498->aeb608e6-131f-44e0-aa35-97c12a2f72a3@group-3F41E8AD953A, cid=1342, SUCCESS, logIndex=0, commits[aeb608e6-131f-44e0-aa35-97c12a2f72a3:c1877, b6a0d396-0e26-402b-ac58-4f0615a4fad6:c1873, 8b17640a-2548-4323-bd97-ba3488877b23:c1873]
2019-08-20 11:35:34,240 INFO  client.GrpcClientProtocolClient (GrpcClientProtocolClient.java:onNext(255)) - client-FC58CAF12498->aeb608e6-131f-44e0-aa35-97c12a2f72a3: receive RaftClientReply:client-FC58CAF12498->aeb608e6-131f-44e0-aa35-97c12a2f72a3@group-3F41E8AD953A, cid=1343, SUCCESS, logIndex=1880, commits[aeb608e6-131f-44e0-aa35-97c12a2f72a3:c1881, b6a0d396-0e26-402b-ac58-4f0615a4fad6:c1879, 8b17640a-2548-4323-bd97-ba3488877b23:c1879]
2019-08-20 11:35:34,240 INFO  client.GrpcClientProtocolClient (GrpcClientProtocolClient.java:onNext(255)) - client-FC58CAF12498->aeb608e6-131f-44e0-aa35-97c12a2f72a3: receive RaftClientReply:client-FC58CAF12498->aeb608e6-131f-44e0-aa35-97c12a2f72a3@group-3F41E8AD953A, cid=1344, SUCCESS, logIndex=1881, commits[aeb608e6-131f-44e0-aa35-97c12a2f72a3:c1881, b6a0d396-0e26-402b-ac58-4f0615a4fad6:c1879, 8b17640a-2548-4323-bd97-ba3488877b23:c1879]
2019-08-20 11:35:34,254 INFO  client.GrpcClientProtocolClient (GrpcClientProtocolClient.java:onNext(255)) - client-FC58CAF12498->aeb608e6-131f-44e0-aa35-97c12a2f72a3: receive RaftClientReply:client-FC58CAF12498->aeb608e6-131f-44e0-aa35-97c12a2f72a3@group-3F41E8AD953A, cid=1345, SUCCESS, logIndex=1884, commits[aeb608e6-131f-44e0-aa35-97c12a2f72a3:c1885, b6a0d396-0e26-402b-ac58-4f0615a4fad6:c1881, 8b17640a-2548-4323-bd97-ba3488877b23:c1881]
2019-08-20 11:35:34,254 INFO  client.GrpcClientProtocolClient (GrpcClientProtocolClient.java:onNext(255)) - client-FC58CAF12498->aeb608e6-131f-44e0-aa35-97c12a2f72a3: receive RaftClientReply:client-FC58CAF12498->aeb608e6-131f-44e0-aa35-97c12a2f72a3@group-3F41E8AD953A, cid=1346, SUCCESS, logIndex=1885, commits[aeb608e6-131f-44e0-aa35-97c12a2f72a3:c1885, b6a0d396-0e26-402b-ac58-4f0615a4fad6:c1881, 8b17640a-2548-4323-bd97-ba3488877b23:c1881]
2019-08-20 11:35:34,268 INFO  client.GrpcClientProtocolClient (GrpcClientProtocolClient.java:onNext(255)) - client-FC58CAF12498->aeb608e6-131f-44e0-aa35-97c12a2f72a3: receive RaftClientReply:client-FC58CAF12498->aeb608e6-131f-44e0-aa35-97c12a2f72a3@group-3F41E8AD953A, cid=1347, SUCCESS, logIndex=0, commits[aeb608e6-131f-44e0-aa35-97c12a2f72a3:c1887, b6a0d396-0e26-402b-ac58-4f0615a4fad6:c1885, 8b17640a-2548-4323-bd97-ba3488877b23:c1885]
2019-08-20 11:35:34,297 INFO  client.GrpcClientProtocolClient (GrpcClientProtocolClient.java:onNext(255)) - client-FC58CAF12498->aeb608e6-131f-44e0-aa35-97c12a2f72a3: receive RaftClientReply:client-FC58CAF12498->aeb608e6-131f-44e0-aa35-97c12a2f72a3@group-3F41E8AD953A, cid=1348, SUCCESS, logIndex=1888, commits[aeb608e6-131f-44e0-aa35-97c12a2f72a3:c1889, b6a0d396-0e26-402b-ac58-4f0615a4fad6:c1887, 8b17640a-2548-4323-bd97-ba3488877b23:c1887]
2019-08-20 11:35:34,298 INFO  client.GrpcClientProtocolClient (GrpcClientProtocolClient.java:onNext(255)) - client-FC58CAF12498->aeb608e6-131f-44e0-aa35-97c12a2f72a3: receive RaftClientReply:client-FC58CAF12498->aeb608e6-131f-44e0-aa35-97c12a2f72a3@group-3F41E8AD953A, cid=1349, SUCCESS, logIndex=1889, commits[aeb608e6-131f-44e0-aa35-97c12a2f72a3:c1889, b6a0d396-0e26-402b-ac58-4f0615a4fad6:c1887, 8b17640a-2548-4323-bd97-ba3488877b23:c1887]
2019-08-20 11:35:34,308 INFO  client.GrpcClientProtocolClient (GrpcClientProtocolClient.java:onNext(255)) - client-FC58CAF12498->aeb608e6-131f-44e0-aa35-97c12a2f72a3: receive RaftClientReply:client-FC58CAF12498->aeb608e6-131f-44e0-aa35-97c12a2f72a3@group-3F41E8AD953A, cid=1350, SUCCESS, logIndex=1890, commits[aeb608e6-131f-44e0-aa35-97c12a2f72a3:c1891, b6a0d396-0e26-402b-ac58-4f0615a4fad6:c1887, 8b17640a-2548-4323-bd97-ba3488877b23:c1887]
2019-08-20 11:35:34,308 INFO  client.GrpcClientProtocolClient (GrpcClientProtocolClient.java:onNext(255)) - client-FC58CAF12498->aeb608e6-131f-44e0-aa35-97c12a2f72a3: receive RaftClientReply:client-FC58CAF12498->aeb608e6-131f-44e0-aa35-97c12a2f72a3@group-3F41E8AD953A, cid=1351, SUCCESS, logIndex=1891, commits[aeb608e6-131f-44e0-aa35-97c12a2f72a3:c1891, b6a0d396-0e26-402b-ac58-4f0615a4fad6:c1887, 8b17640a-2548-4323-bd97-ba3488877b23:c1887]
2019-08-20 11:35:34,310 INFO  client.GrpcClientProtocolClient (GrpcClientProtocolClient.java:onNext(255)) - client-FC58CAF12498->aeb608e6-131f-44e0-aa35-97c12a2f72a3: receive RaftClientReply:client-FC58CAF12498->aeb608e6-131f-44e0-aa35-97c12a2f72a3@group-3F41E8AD953A, cid=1352, SUCCESS, logIndex=0, commits[aeb608e6-131f-44e0-aa35-97c12a2f72a3:c1893, b6a0d396-0e26-402b-ac58-4f0615a4fad6:c1889, 8b17640a-2548-4323-bd97-ba3488877b23:c1889]
 0.00% |█                                                                                                    |  0/1 Time: 0:00:082019-08-20 11:35:34,325 INFO  client.GrpcClientProtocolClient (GrpcClientProtocolClient.java:onNext(255)) - client-FC58CAF12498->aeb608e6-131f-44e0-aa35-97c12a2f72a3: receive RaftClientReply:client-FC58CAF12498->aeb608e6-131f-44e0-aa35-97c12a2f72a3@group-3F41E8AD953A, cid=1353, SUCCESS, logIndex=1896, commits[aeb608e6-131f-44e0-aa35-97c12a2f72a3:c1897, b6a0d396-0e26-402b-ac58-4f0615a4fad6:c1891, 8b17640a-2548-4323-bd97-ba3488877b23:c1893]
2019-08-20 11:35:34,325 INFO  client.GrpcClientProtocolClient (GrpcClientProtocolClient.java:onNext(255)) - client-FC58CAF12498->aeb608e6-131f-44e0-aa35-97c12a2f72a3: receive RaftClientReply:client-FC58CAF12498->aeb608e6-131f-44e0-aa35-97c12a2f72a3@group-3F41E8AD953A, cid=1354, SUCCESS, logIndex=1897, commits[aeb608e6-131f-44e0-aa35-97c12a2f72a3:c1897, b6a0d396-0e26-402b-ac58-4f0615a4fad6:c1893, 8b17640a-2548-4323-bd97-ba3488877b23:c1893]
2019-08-20 11:35:34,341 INFO  client.GrpcClientProtocolClient (GrpcClientProtocolClient.java:onNext(255)) - client-FC58CAF12498->aeb608e6-131f-44e0-aa35-97c12a2f72a3: receive RaftClientReply:client-FC58CAF12498->aeb608e6-131f-44e0-aa35-97c12a2f72a3@group-3F41E8AD953A, cid=1355, SUCCESS, logIndex=1899, commits[aeb608e6-131f-44e0-aa35-97c12a2f72a3:c1900, b6a0d396-0e26-402b-ac58-4f0615a4fad6:c1898, 8b17640a-2548-4323-bd97-ba3488877b23:c1898]
2019-08-20 11:35:34,342 INFO  client.GrpcClientProtocolClient (GrpcClientProtocolClient.java:onNext(255)) - client-FC58CAF12498->aeb608e6-131f-44e0-aa35-97c12a2f72a3: receive RaftClientReply:client-FC58CAF12498->aeb608e6-131f-44e0-aa35-97c12a2f72a3@group-3F41E8AD953A, cid=1356, SUCCESS, logIndex=1900, commits[aeb608e6-131f-44e0-aa35-97c12a2f72a3:c1900, b6a0d396-0e26-402b-ac58-4f0615a4fad6:c1898, 8b17640a-2548-4323-bd97-ba3488877b23:c1898]
2019-08-20 11:35:34,354 INFO  client.GrpcClientProtocolClient (GrpcClientProtocolClient.java:onNext(255)) - client-FC58CAF12498->aeb608e6-131f-44e0-aa35-97c12a2f72a3: receive RaftClientReply:client-FC58CAF12498->aeb608e6-131f-44e0-aa35-97c12a2f72a3@group-3F41E8AD953A, cid=1357, SUCCESS, logIndex=0, commits[aeb608e6-131f-44e0-aa35-97c12a2f72a3:c1902, b6a0d396-0e26-402b-ac58-4f0615a4fad6:c1900, 8b17640a-2548-4323-bd97-ba3488877b23:c1900]
2019-08-20 11:35:34,379 INFO  client.GrpcClientProtocolClient (GrpcClientProtocolClient.java:onNext(255)) - client-FC58CAF12498->aeb608e6-131f-44e0-aa35-97c12a2f72a3: receive RaftClientReply:client-FC58CAF12498->aeb608e6-131f-44e0-aa35-97c12a2f72a3@group-3F41E8AD953A, cid=1358, SUCCESS, logIndex=1903, commits[aeb608e6-131f-44e0-aa35-97c12a2f72a3:c1904, b6a0d396-0e26-402b-ac58-4f0615a4fad6:c1902, 8b17640a-2548-4323-bd97-ba3488877b23:c1902]
2019-08-20 11:35:34,380 INFO  client.GrpcClientProtocolClient (GrpcClientProtocolClient.java:onNext(255)) - client-FC58CAF12498->aeb608e6-131f-44e0-aa35-97c12a2f72a3: receive RaftClientReply:client-FC58CAF12498->aeb608e6-131f-44e0-aa35-97c12a2f72a3@group-3F41E8AD953A, cid=1359, SUCCESS, logIndex=1904, commits[aeb608e6-131f-44e0-aa35-97c12a2f72a3:c1906, b6a0d396-0e26-402b-ac58-4f0615a4fad6:c1902, 8b17640a-2548-4323-bd97-ba3488877b23:c1902]
2019-08-20 11:35:34,380 INFO  client.GrpcClientProtocolClient (GrpcClientProtocolClient.java:onNext(255)) - client-FC58CAF12498->aeb608e6-131f-44e0-aa35-97c12a2f72a3: receive RaftClientReply:client-FC58CAF12498->aeb608e6-131f-44e0-aa35-97c12a2f72a3@group-3F41E8AD953A, cid=1360, SUCCESS, logIndex=1905, commits[aeb608e6-131f-44e0-aa35-97c12a2f72a3:c1906, b6a0d396-0e26-402b-ac58-4f0615a4fad6:c1902, 8b17640a-2548-4323-bd97-ba3488877b23:c1902]
2019-08-20 11:35:34,381 INFO  client.GrpcClientProtocolClient (GrpcClientProtocolClient.java:onNext(255)) - client-FC58CAF12498->aeb608e6-131f-44e0-aa35-97c12a2f72a3: receive RaftClientReply:client-FC58CAF12498->aeb608e6-131f-44e0-aa35-97c12a2f72a3@group-3F41E8AD953A, cid=1361, SUCCESS, logIndex=1906, commits[aeb608e6-131f-44e0-aa35-97c12a2f72a3:c1906, b6a0d396-0e26-402b-ac58-4f0615a4fad6:c1902, 8b17640a-2548-4323-bd97-ba3488877b23:c1902]
2019-08-20 11:35:34,394 INFO  client.GrpcClientProtocolClient (GrpcClientProtocolClient.java:onNext(255)) - client-FC58CAF12498->aeb608e6-131f-44e0-aa35-97c12a2f72a3: receive RaftClientReply:client-FC58CAF12498->aeb608e6-131f-44e0-aa35-97c12a2f72a3@group-3F41E8AD953A, cid=1362, SUCCESS, logIndex=0, commits[aeb608e6-131f-44e0-aa35-97c12a2f72a3:c1909, b6a0d396-0e26-402b-ac58-4f0615a4fad6:c1904, 8b17640a-2548-4323-bd97-ba3488877b23:c1906]
2019-08-20 11:35:34,406 INFO  client.GrpcClientProtocolClient (GrpcClientProtocolClient.java:onNext(255)) - client-FC58CAF12498->aeb608e6-131f-44e0-aa35-97c12a2f72a3: receive RaftClientReply:client-FC58CAF12498->aeb608e6-131f-44e0-aa35-97c12a2f72a3@group-3F41E8AD953A, cid=1363, SUCCESS, logIndex=1911, commits[aeb608e6-131f-44e0-aa35-97c12a2f72a3:c1912, b6a0d396-0e26-402b-ac58-4f0615a4fad6:c1910, 8b17640a-2548-4323-bd97-ba3488877b23:c1910]
2019-08-20 11:35:34,406 INFO  client.GrpcClientProtocolClient (GrpcClientProtocolClient.java:onNext(255)) - client-FC58CAF12498->aeb608e6-131f-44e0-aa35-97c12a2f72a3: receive RaftClientReply:client-FC58CAF12498->aeb608e6-131f-44e0-aa35-97c12a2f72a3@group-3F41E8AD953A, cid=1364, SUCCESS, logIndex=1912, commits[aeb608e6-131f-44e0-aa35-97c12a2f72a3:c1912, b6a0d396-0e26-402b-ac58-4f0615a4fad6:c1910, 8b17640a-2548-4323-bd97-ba3488877b23:c1910]
2019-08-20 11:35:34,428 INFO  client.GrpcClientProtocolClient (GrpcClientProtocolClient.java:onNext(255)) - client-FC58CAF12498->aeb608e6-131f-44e0-aa35-97c12a2f72a3: receive RaftClientReply:client-FC58CAF12498->aeb608e6-131f-44e0-aa35-97c12a2f72a3@group-3F41E8AD953A, cid=1365, SUCCESS, logIndex=1915, commits[aeb608e6-131f-44e0-aa35-97c12a2f72a3:c1916, b6a0d396-0e26-402b-ac58-4f0615a4fad6:c1912, 8b17640a-2548-4323-bd97-ba3488877b23:c1913]
2019-08-20 11:35:34,428 INFO  client.GrpcClientProtocolClient (GrpcClientProtocolClient.java:onNext(255)) - client-FC58CAF12498->aeb608e6-131f-44e0-aa35-97c12a2f72a3: receive RaftClientReply:client-FC58CAF12498->aeb608e6-131f-44e0-aa35-97c12a2f72a3@group-3F41E8AD953A, cid=1366, SUCCESS, logIndex=1916, commits[aeb608e6-131f-44e0-aa35-97c12a2f72a3:c1916, b6a0d396-0e26-402b-ac58-4f0615a4fad6:c1912, 8b17640a-2548-4323-bd97-ba3488877b23:c1913]
2019-08-20 11:35:34,431 INFO  client.GrpcClientProtocolClient (GrpcClientProtocolClient.java:onNext(255)) - client-FC58CAF12498->aeb608e6-131f-44e0-aa35-97c12a2f72a3: receive RaftClientReply:client-FC58CAF12498->aeb608e6-131f-44e0-aa35-97c12a2f72a3@group-3F41E8AD953A, cid=1367, SUCCESS, logIndex=0, commits[aeb608e6-131f-44e0-aa35-97c12a2f72a3:c1918, b6a0d396-0e26-402b-ac58-4f0615a4fad6:c1916, 8b17640a-2548-4323-bd97-ba3488877b23:c1916]
2019-08-20 11:35:34,460 INFO  client.GrpcClientProtocolClient (GrpcClientProtocolClient.java:onNext(255)) - client-FC58CAF12498->aeb608e6-131f-44e0-aa35-97c12a2f72a3: receive RaftClientReply:client-FC58CAF12498->aeb608e6-131f-44e0-aa35-97c12a2f72a3@group-3F41E8AD953A, cid=1368, SUCCESS, logIndex=1919, commits[aeb608e6-131f-44e0-aa35-97c12a2f72a3:c1920, b6a0d396-0e26-402b-ac58-4f0615a4fad6:c1918, 8b17640a-2548-4323-bd97-ba3488877b23:c1918]
2019-08-20 11:35:34,460 INFO  client.GrpcClientProtocolClient (GrpcClientProtocolClient.java:onNext(255)) - client-FC58CAF12498->aeb608e6-131f-44e0-aa35-97c12a2f72a3: receive RaftClientReply:client-FC58CAF12498->aeb608e6-131f-44e0-aa35-97c12a2f72a3@group-3F41E8AD953A, cid=1369, SUCCESS, logIndex=1920, commits[aeb608e6-131f-44e0-aa35-97c12a2f72a3:c1920, b6a0d396-0e26-402b-ac58-4f0615a4fad6:c1918, 8b17640a-2548-4323-bd97-ba3488877b23:c1918]
2019-08-20 11:35:34,461 INFO  client.GrpcClientProtocolClient (GrpcClientProtocolClient.java:onNext(255)) - client-FC58CAF12498->aeb608e6-131f-44e0-aa35-97c12a2f72a3: receive RaftClientReply:client-FC58CAF12498->aeb608e6-131f-44e0-aa35-97c12a2f72a3@group-3F41E8AD953A, cid=1370, SUCCESS, logIndex=1921, commits[aeb608e6-131f-44e0-aa35-97c12a2f72a3:c1922, b6a0d396-0e26-402b-ac58-4f0615a4fad6:c1918, 8b17640a-2548-4323-bd97-ba3488877b23:c1918]
2019-08-20 11:35:34,461 INFO  client.GrpcClientProtocolClient (GrpcClientProtocolClient.java:onNext(255)) - client-FC58CAF12498->aeb608e6-131f-44e0-aa35-97c12a2f72a3: receive RaftClientReply:client-FC58CAF12498->aeb608e6-131f-44e0-aa35-97c12a2f72a3@group-3F41E8AD953A, cid=1371, SUCCESS, logIndex=1922, commits[aeb608e6-131f-44e0-aa35-97c12a2f72a3:c1922, b6a0d396-0e26-402b-ac58-4f0615a4fad6:c1918, 8b17640a-2548-4323-bd97-ba3488877b23:c1918]
2019-08-20 11:35:34,462 INFO  client.GrpcClientProtocolClient (GrpcClientProtocolClient.java:onNext(255)) - client-FC58CAF12498->aeb608e6-131f-44e0-aa35-97c12a2f72a3: receive RaftClientReply:client-FC58CAF12498->aeb608e6-131f-44e0-aa35-97c12a2f72a3@group-3F41E8AD953A, cid=1372, SUCCESS, logIndex=0, commits[aeb608e6-131f-44e0-aa35-97c12a2f72a3:c1924, b6a0d396-0e26-402b-ac58-4f0615a4fad6:c1920, 8b17640a-2548-4323-bd97-ba3488877b23:c1920]
2019-08-20 11:35:34,481 INFO  client.GrpcClientProtocolClient (GrpcClientProtocolClient.java:onNext(255)) - client-FC58CAF12498->aeb608e6-131f-44e0-aa35-97c12a2f72a3: receive RaftClientReply:client-FC58CAF12498->aeb608e6-131f-44e0-aa35-97c12a2f72a3@group-3F41E8AD953A, cid=1373, SUCCESS, logIndex=1927, commits[aeb608e6-131f-44e0-aa35-97c12a2f72a3:c1928, b6a0d396-0e26-402b-ac58-4f0615a4fad6:c1926, 8b17640a-2548-4323-bd97-ba3488877b23:c1926]
2019-08-20 11:35:34,481 INFO  client.GrpcClientProtocolClient (GrpcClientProtocolClient.java:onNext(255)) - client-FC58CAF12498->aeb608e6-131f-44e0-aa35-97c12a2f72a3: receive RaftClientReply:client-FC58CAF12498->aeb608e6-131f-44e0-aa35-97c12a2f72a3@group-3F41E8AD953A, cid=1374, SUCCESS, logIndex=1928, commits[aeb608e6-131f-44e0-aa35-97c12a2f72a3:c1928, b6a0d396-0e26-402b-ac58-4f0615a4fad6:c1926, 8b17640a-2548-4323-bd97-ba3488877b23:c1926]
2019-08-20 11:35:34,495 INFO  client.GrpcClientProtocolClient (GrpcClientProtocolClient.java:onNext(255)) - client-FC58CAF12498->aeb608e6-131f-44e0-aa35-97c12a2f72a3: receive RaftClientReply:client-FC58CAF12498->aeb608e6-131f-44e0-aa35-97c12a2f72a3@group-3F41E8AD953A, cid=1375, SUCCESS, logIndex=1931, commits[aeb608e6-131f-44e0-aa35-97c12a2f72a3:c1932, b6a0d396-0e26-402b-ac58-4f0615a4fad6:c1928, 8b17640a-2548-4323-bd97-ba3488877b23:c1928]
2019-08-20 11:35:34,495 INFO  client.GrpcClientProtocolClient (GrpcClientProtocolClient.java:onNext(255)) - client-FC58CAF12498->aeb608e6-131f-44e0-aa35-97c12a2f72a3: receive RaftClientReply:client-FC58CAF12498->aeb608e6-131f-44e0-aa35-97c12a2f72a3@group-3F41E8AD953A, cid=1376, SUCCESS, logIndex=1932, commits[aeb608e6-131f-44e0-aa35-97c12a2f72a3:c1932, b6a0d396-0e26-402b-ac58-4f0615a4fad6:c1928, 8b17640a-2548-4323-bd97-ba3488877b23:c1928]
2019-08-20 11:35:34,509 INFO  client.GrpcClientProtocolClient (GrpcClientProtocolClient.java:onNext(255)) - client-FC58CAF12498->aeb608e6-131f-44e0-aa35-97c12a2f72a3: receive RaftClientReply:client-FC58CAF12498->aeb608e6-131f-44e0-aa35-97c12a2f72a3@group-3F41E8AD953A, cid=1377, SUCCESS, logIndex=0, commits[aeb608e6-131f-44e0-aa35-97c12a2f72a3:c1934, b6a0d396-0e26-402b-ac58-4f0615a4fad6:c1932, 8b17640a-2548-4323-bd97-ba3488877b23:c1932]
2019-08-20 11:35:34,535 INFO  client.GrpcClientProtocolClient (GrpcClientProtocolClient.java:onNext(255)) - client-FC58CAF12498->aeb608e6-131f-44e0-aa35-97c12a2f72a3: receive RaftClientReply:client-FC58CAF12498->aeb608e6-131f-44e0-aa35-97c12a2f72a3@group-3F41E8AD953A, cid=1378, SUCCESS, logIndex=1935, commits[aeb608e6-131f-44e0-aa35-97c12a2f72a3:c1936, b6a0d396-0e26-402b-ac58-4f0615a4fad6:c1934, 8b17640a-2548-4323-bd97-ba3488877b23:c1934]
2019-08-20 11:35:34,535 INFO  client.GrpcClientProtocolClient (GrpcClientProtocolClient.java:onNext(255)) - client-FC58CAF12498->aeb608e6-131f-44e0-aa35-97c12a2f72a3: receive RaftClientReply:client-FC58CAF12498->aeb608e6-131f-44e0-aa35-97c12a2f72a3@group-3F41E8AD953A, cid=1379, SUCCESS, logIndex=1936, commits[aeb608e6-131f-44e0-aa35-97c12a2f72a3:c1938, b6a0d396-0e26-402b-ac58-4f0615a4fad6:c1934, 8b17640a-2548-4323-bd97-ba3488877b23:c1934]
2019-08-20 11:35:34,536 INFO  client.GrpcClientProtocolClient (GrpcClientProtocolClient.java:onNext(255)) - client-FC58CAF12498->aeb608e6-131f-44e0-aa35-97c12a2f72a3: receive RaftClientReply:client-FC58CAF12498->aeb608e6-131f-44e0-aa35-97c12a2f72a3@group-3F41E8AD953A, cid=1380, SUCCESS, logIndex=1937, commits[aeb608e6-131f-44e0-aa35-97c12a2f72a3:c1938, b6a0d396-0e26-402b-ac58-4f0615a4fad6:c1934, 8b17640a-2548-4323-bd97-ba3488877b23:c1934]
2019-08-20 11:35:34,536 INFO  client.GrpcClientProtocolClient (GrpcClientProtocolClient.java:onNext(255)) - client-FC58CAF12498->aeb608e6-131f-44e0-aa35-97c12a2f72a3: receive RaftClientReply:client-FC58CAF12498->aeb608e6-131f-44e0-aa35-97c12a2f72a3@group-3F41E8AD953A, cid=1381, SUCCESS, logIndex=1938, commits[aeb608e6-131f-44e0-aa35-97c12a2f72a3:c1939, b6a0d396-0e26-402b-ac58-4f0615a4fad6:c1934, 8b17640a-2548-4323-bd97-ba3488877b23:c1935]
2019-08-20 11:35:34,537 INFO  client.GrpcClientProtocolClient (GrpcClientProtocolClient.java:onNext(255)) - client-FC58CAF12498->aeb608e6-131f-44e0-aa35-97c12a2f72a3: receive RaftClientReply:client-FC58CAF12498->aeb608e6-131f-44e0-aa35-97c12a2f72a3@group-3F41E8AD953A, cid=1382, SUCCESS, logIndex=0, commits[aeb608e6-131f-44e0-aa35-97c12a2f72a3:c1940, b6a0d396-0e26-402b-ac58-4f0615a4fad6:c1936, 8b17640a-2548-4323-bd97-ba3488877b23:c1936]
2019-08-20 11:35:34,555 INFO  client.GrpcClientProtocolClient (GrpcClientProtocolClient.java:onNext(255)) - client-FC58CAF12498->aeb608e6-131f-44e0-aa35-97c12a2f72a3: receive RaftClientReply:client-FC58CAF12498->aeb608e6-131f-44e0-aa35-97c12a2f72a3@group-3F41E8AD953A, cid=1383, SUCCESS, logIndex=1942, commits[aeb608e6-131f-44e0-aa35-97c12a2f72a3:c1943, b6a0d396-0e26-402b-ac58-4f0615a4fad6:c1941, 8b17640a-2548-4323-bd97-ba3488877b23:c1941]
2019-08-20 11:35:34,555 INFO  client.GrpcClientProtocolClient (GrpcClientProtocolClient.java:onNext(255)) - client-FC58CAF12498->aeb608e6-131f-44e0-aa35-97c12a2f72a3: receive RaftClientReply:client-FC58CAF12498->aeb608e6-131f-44e0-aa35-97c12a2f72a3@group-3F41E8AD953A, cid=1384, SUCCESS, logIndex=1943, commits[aeb608e6-131f-44e0-aa35-97c12a2f72a3:c1943, b6a0d396-0e26-402b-ac58-4f0615a4fad6:c1941, 8b17640a-2548-4323-bd97-ba3488877b23:c1941]
2019-08-20 11:35:34,569 INFO  client.GrpcClientProtocolClient (GrpcClientProtocolClient.java:onNext(255)) - client-FC58CAF12498->aeb608e6-131f-44e0-aa35-97c12a2f72a3: receive RaftClientReply:client-FC58CAF12498->aeb608e6-131f-44e0-aa35-97c12a2f72a3@group-3F41E8AD953A, cid=1385, SUCCESS, logIndex=1946, commits[aeb608e6-131f-44e0-aa35-97c12a2f72a3:c1947, b6a0d396-0e26-402b-ac58-4f0615a4fad6:c1943, 8b17640a-2548-4323-bd97-ba3488877b23:c1943]
2019-08-20 11:35:34,569 INFO  client.GrpcClientProtocolClient (GrpcClientProtocolClient.java:onNext(255)) - client-FC58CAF12498->aeb608e6-131f-44e0-aa35-97c12a2f72a3: receive RaftClientReply:client-FC58CAF12498->aeb608e6-131f-44e0-aa35-97c12a2f72a3@group-3F41E8AD953A, cid=1386, SUCCESS, logIndex=1947, commits[aeb608e6-131f-44e0-aa35-97c12a2f72a3:c1947, b6a0d396-0e26-402b-ac58-4f0615a4fad6:c1943, 8b17640a-2548-4323-bd97-ba3488877b23:c1943]
2019-08-20 11:35:34,583 INFO  client.GrpcClientProtocolClient (GrpcClientProtocolClient.java:onNext(255)) - client-FC58CAF12498->aeb608e6-131f-44e0-aa35-97c12a2f72a3: receive RaftClientReply:client-FC58CAF12498->aeb608e6-131f-44e0-aa35-97c12a2f72a3@group-3F41E8AD953A, cid=1387, SUCCESS, logIndex=0, commits[aeb608e6-131f-44e0-aa35-97c12a2f72a3:c1949, b6a0d396-0e26-402b-ac58-4f0615a4fad6:c1947, 8b17640a-2548-4323-bd97-ba3488877b23:c1947]
2019-08-20 11:35:34,609 INFO  client.GrpcClientProtocolClient (GrpcClientProtocolClient.java:onNext(255)) - client-FC58CAF12498->aeb608e6-131f-44e0-aa35-97c12a2f72a3: receive RaftClientReply:client-FC58CAF12498->aeb608e6-131f-44e0-aa35-97c12a2f72a3@group-3F41E8AD953A, cid=1388, SUCCESS, logIndex=1950, commits[aeb608e6-131f-44e0-aa35-97c12a2f72a3:c1952, b6a0d396-0e26-402b-ac58-4f0615a4fad6:c1949, 8b17640a-2548-4323-bd97-ba3488877b23:c1949]
2019-08-20 11:35:34,610 INFO  client.GrpcClientProtocolClient (GrpcClientProtocolClient.java:onNext(255)) - client-FC58CAF12498->aeb608e6-131f-44e0-aa35-97c12a2f72a3: receive RaftClientReply:client-FC58CAF12498->aeb608e6-131f-44e0-aa35-97c12a2f72a3@group-3F41E8AD953A, cid=1389, SUCCESS, logIndex=1951, commits[aeb608e6-131f-44e0-aa35-97c12a2f72a3:c1953, b6a0d396-0e26-402b-ac58-4f0615a4fad6:c1949, 8b17640a-2548-4323-bd97-ba3488877b23:c1949]
2019-08-20 11:35:34,610 INFO  client.GrpcClientProtocolClient (GrpcClientProtocolClient.java:onNext(255)) - client-FC58CAF12498->aeb608e6-131f-44e0-aa35-97c12a2f72a3: receive RaftClientReply:client-FC58CAF12498->aeb608e6-131f-44e0-aa35-97c12a2f72a3@group-3F41E8AD953A, cid=1390, SUCCESS, logIndex=1952, commits[aeb608e6-131f-44e0-aa35-97c12a2f72a3:c1953, b6a0d396-0e26-402b-ac58-4f0615a4fad6:c1949, 8b17640a-2548-4323-bd97-ba3488877b23:c1949]
2019-08-20 11:35:34,611 INFO  client.GrpcClientProtocolClient (GrpcClientProtocolClient.java:onNext(255)) - client-FC58CAF12498->aeb608e6-131f-44e0-aa35-97c12a2f72a3: receive RaftClientReply:client-FC58CAF12498->aeb608e6-131f-44e0-aa35-97c12a2f72a3@group-3F41E8AD953A, cid=1391, SUCCESS, logIndex=1953, commits[aeb608e6-131f-44e0-aa35-97c12a2f72a3:c1953, b6a0d396-0e26-402b-ac58-4f0615a4fad6:c1949, 8b17640a-2548-4323-bd97-ba3488877b23:c1949]
2019-08-20 11:35:34,614 INFO  client.GrpcClientProtocolClient (GrpcClientProtocolClient.java:onNext(255)) - client-FC58CAF12498->aeb608e6-131f-44e0-aa35-97c12a2f72a3: receive RaftClientReply:client-FC58CAF12498->aeb608e6-131f-44e0-aa35-97c12a2f72a3@group-3F41E8AD953A, cid=1392, SUCCESS, logIndex=0, commits[aeb608e6-131f-44e0-aa35-97c12a2f72a3:c1957, b6a0d396-0e26-402b-ac58-4f0615a4fad6:c1951, 8b17640a-2548-4323-bd97-ba3488877b23:c1953]
2019-08-20 11:35:34,634 INFO  client.GrpcClientProtocolClient (GrpcClientProtocolClient.java:onNext(255)) - client-FC58CAF12498->aeb608e6-131f-44e0-aa35-97c12a2f72a3: receive RaftClientReply:client-FC58CAF12498->aeb608e6-131f-44e0-aa35-97c12a2f72a3@group-3F41E8AD953A, cid=1393, SUCCESS, logIndex=1958, commits[aeb608e6-131f-44e0-aa35-97c12a2f72a3:c1959, b6a0d396-0e26-402b-ac58-4f0615a4fad6:c1957, 8b17640a-2548-4323-bd97-ba3488877b23:c1957]
2019-08-20 11:35:34,635 INFO  client.GrpcClientProtocolClient (GrpcClientProtocolClient.java:onNext(255)) - client-FC58CAF12498->aeb608e6-131f-44e0-aa35-97c12a2f72a3: receive RaftClientReply:client-FC58CAF12498->aeb608e6-131f-44e0-aa35-97c12a2f72a3@group-3F41E8AD953A, cid=1394, SUCCESS, logIndex=1959, commits[aeb608e6-131f-44e0-aa35-97c12a2f72a3:c1959, b6a0d396-0e26-402b-ac58-4f0615a4fad6:c1957, 8b17640a-2548-4323-bd97-ba3488877b23:c1957]
2019-08-20 11:35:34,649 INFO  client.GrpcClientProtocolClient (GrpcClientProtocolClient.java:onNext(255)) - client-FC58CAF12498->aeb608e6-131f-44e0-aa35-97c12a2f72a3: receive RaftClientReply:client-FC58CAF12498->aeb608e6-131f-44e0-aa35-97c12a2f72a3@group-3F41E8AD953A, cid=1395, SUCCESS, logIndex=1962, commits[aeb608e6-131f-44e0-aa35-97c12a2f72a3:c1963, b6a0d396-0e26-402b-ac58-4f0615a4fad6:c1959, 8b17640a-2548-4323-bd97-ba3488877b23:c1959]
2019-08-20 11:35:34,650 INFO  client.GrpcClientProtocolClient (GrpcClientProtocolClient.java:onNext(255)) - client-FC58CAF12498->aeb608e6-131f-44e0-aa35-97c12a2f72a3: receive RaftClientReply:client-FC58CAF12498->aeb608e6-131f-44e0-aa35-97c12a2f72a3@group-3F41E8AD953A, cid=1396, SUCCESS, logIndex=1963, commits[aeb608e6-131f-44e0-aa35-97c12a2f72a3:c1963, b6a0d396-0e26-402b-ac58-4f0615a4fad6:c1959, 8b17640a-2548-4323-bd97-ba3488877b23:c1959]
2019-08-20 11:35:34,665 INFO  client.GrpcClientProtocolClient (GrpcClientProtocolClient.java:onNext(255)) - client-FC58CAF12498->aeb608e6-131f-44e0-aa35-97c12a2f72a3: receive RaftClientReply:client-FC58CAF12498->aeb608e6-131f-44e0-aa35-97c12a2f72a3@group-3F41E8AD953A, cid=1397, SUCCESS, logIndex=0, commits[aeb608e6-131f-44e0-aa35-97c12a2f72a3:c1965, b6a0d396-0e26-402b-ac58-4f0615a4fad6:c1963, 8b17640a-2548-4323-bd97-ba3488877b23:c1963]
2019-08-20 11:35:34,694 INFO  client.GrpcClientProtocolClient (GrpcClientProtocolClient.java:onNext(255)) - client-FC58CAF12498->aeb608e6-131f-44e0-aa35-97c12a2f72a3: receive RaftClientReply:client-FC58CAF12498->aeb608e6-131f-44e0-aa35-97c12a2f72a3@group-3F41E8AD953A, cid=1398, SUCCESS, logIndex=1966, commits[aeb608e6-131f-44e0-aa35-97c12a2f72a3:c1967, b6a0d396-0e26-402b-ac58-4f0615a4fad6:c1965, 8b17640a-2548-4323-bd97-ba3488877b23:c1965]
2019-08-20 11:35:34,695 INFO  client.GrpcClientProtocolClient (GrpcClientProtocolClient.java:onNext(255)) - client-FC58CAF12498->aeb608e6-131f-44e0-aa35-97c12a2f72a3: receive RaftClientReply:client-FC58CAF12498->aeb608e6-131f-44e0-aa35-97c12a2f72a3@group-3F41E8AD953A, cid=1399, SUCCESS, logIndex=1967, commits[aeb608e6-131f-44e0-aa35-97c12a2f72a3:c1967, b6a0d396-0e26-402b-ac58-4f0615a4fad6:c1965, 8b17640a-2548-4323-bd97-ba3488877b23:c1965]
2019-08-20 11:35:34,695 INFO  client.GrpcClientProtocolClient (GrpcClientProtocolClient.java:onNext(255)) - client-FC58CAF12498->aeb608e6-131f-44e0-aa35-97c12a2f72a3: receive RaftClientReply:client-FC58CAF12498->aeb608e6-131f-44e0-aa35-97c12a2f72a3@group-3F41E8AD953A, cid=1400, SUCCESS, logIndex=1968, commits[aeb608e6-131f-44e0-aa35-97c12a2f72a3:c1969, b6a0d396-0e26-402b-ac58-4f0615a4fad6:c1965, 8b17640a-2548-4323-bd97-ba3488877b23:c1965]
2019-08-20 11:35:34,798 INFO  client.GrpcClientProtocolClient (GrpcClientProtocolClient.java:onNext(255)) - client-FC58CAF12498->aeb608e6-131f-44e0-aa35-97c12a2f72a3: receive RaftClientReply:client-FC58CAF12498->aeb608e6-131f-44e0-aa35-97c12a2f72a3@group-3F41E8AD953A, cid=1401, SUCCESS, logIndex=1969, commits[aeb608e6-131f-44e0-aa35-97c12a2f72a3:c1969, b6a0d396-0e26-402b-ac58-4f0615a4fad6:c1965, 8b17640a-2548-4323-bd97-ba3488877b23:c1965]
2019-08-20 11:35:34,799 INFO  client.GrpcClientProtocolClient (GrpcClientProtocolClient.java:onNext(255)) - client-FC58CAF12498->aeb608e6-131f-44e0-aa35-97c12a2f72a3: receive RaftClientReply:client-FC58CAF12498->aeb608e6-131f-44e0-aa35-97c12a2f72a3@group-3F41E8AD953A, cid=1402, SUCCESS, logIndex=0, commits[aeb608e6-131f-44e0-aa35-97c12a2f72a3:c1971, b6a0d396-0e26-402b-ac58-4f0615a4fad6:c1967, 8b17640a-2548-4323-bd97-ba3488877b23:c1967]
 0.00% |█                                                                                                    |  0/1 Time: 0:00:09 0.00% |█                                                                                                    |  0/1 Time: 0:00:102019-08-20 11:35:37,209 INFO  client.GrpcClientProtocolClient (GrpcClientProtocolClient.java:onNext(255)) - client-FC58CAF12498->aeb608e6-131f-44e0-aa35-97c12a2f72a3: receive RaftClientReply:client-FC58CAF12498->aeb608e6-131f-44e0-aa35-97c12a2f72a3@group-3F41E8AD953A, cid=1403, SUCCESS, logIndex=1974, commits[aeb608e6-131f-44e0-aa35-97c12a2f72a3:c1975, b6a0d396-0e26-402b-ac58-4f0615a4fad6:c1973, 8b17640a-2548-4323-bd97-ba3488877b23:c1969]
2019-08-20 11:35:37,210 INFO  client.GrpcClientProtocolClient (GrpcClientProtocolClient.java:onNext(255)) - client-FC58CAF12498->aeb608e6-131f-44e0-aa35-97c12a2f72a3: receive RaftClientReply:client-FC58CAF12498->aeb608e6-131f-44e0-aa35-97c12a2f72a3@group-3F41E8AD953A, cid=1404, SUCCESS, logIndex=1975, commits[aeb608e6-131f-44e0-aa35-97c12a2f72a3:c1975, b6a0d396-0e26-402b-ac58-4f0615a4fad6:c1973, 8b17640a-2548-4323-bd97-ba3488877b23:c1973]
2019-08-20 11:35:37,236 INFO  client.GrpcClientProtocolClient (GrpcClientProtocolClient.java:onNext(255)) - client-FC58CAF12498->aeb608e6-131f-44e0-aa35-97c12a2f72a3: receive RaftClientReply:client-FC58CAF12498->aeb608e6-131f-44e0-aa35-97c12a2f72a3@group-3F41E8AD953A, cid=1405, SUCCESS, logIndex=1978, commits[aeb608e6-131f-44e0-aa35-97c12a2f72a3:c1979, b6a0d396-0e26-402b-ac58-4f0615a4fad6:c1975, 8b17640a-2548-4323-bd97-ba3488877b23:c1975]
2019-08-20 11:35:37,236 INFO  client.GrpcClientProtocolClient (GrpcClientProtocolClient.java:onNext(255)) - client-FC58CAF12498->aeb608e6-131f-44e0-aa35-97c12a2f72a3: receive RaftClientReply:client-FC58CAF12498->aeb608e6-131f-44e0-aa35-97c12a2f72a3@group-3F41E8AD953A, cid=1406, SUCCESS, logIndex=1979, commits[aeb608e6-131f-44e0-aa35-97c12a2f72a3:c1979, b6a0d396-0e26-402b-ac58-4f0615a4fad6:c1975, 8b17640a-2548-4323-bd97-ba3488877b23:c1975]
2019-08-20 11:35:37,252 INFO  client.GrpcClientProtocolClient (GrpcClientProtocolClient.java:onNext(255)) - client-FC58CAF12498->aeb608e6-131f-44e0-aa35-97c12a2f72a3: receive RaftClientReply:client-FC58CAF12498->aeb608e6-131f-44e0-aa35-97c12a2f72a3@group-3F41E8AD953A, cid=1407, SUCCESS, logIndex=0, commits[aeb608e6-131f-44e0-aa35-97c12a2f72a3:c1980, b6a0d396-0e26-402b-ac58-4f0615a4fad6:c1979, 8b17640a-2548-4323-bd97-ba3488877b23:c1979]
2019-08-20 11:35:37,288 INFO  client.GrpcClientProtocolClient (GrpcClientProtocolClient.java:onNext(255)) - client-FC58CAF12498->aeb608e6-131f-44e0-aa35-97c12a2f72a3: receive RaftClientReply:client-FC58CAF12498->aeb608e6-131f-44e0-aa35-97c12a2f72a3@group-3F41E8AD953A, cid=1408, SUCCESS, logIndex=1982, commits[aeb608e6-131f-44e0-aa35-97c12a2f72a3:c1982, b6a0d396-0e26-402b-ac58-4f0615a4fad6:c1981, 8b17640a-2548-4323-bd97-ba3488877b23:c1981]
2019-08-20 11:35:37,290 INFO  client.GrpcClientProtocolClient (GrpcClientProtocolClient.java:onNext(255)) - client-FC58CAF12498->aeb608e6-131f-44e0-aa35-97c12a2f72a3: receive RaftClientReply:client-FC58CAF12498->aeb608e6-131f-44e0-aa35-97c12a2f72a3@group-3F41E8AD953A, cid=1409, SUCCESS, logIndex=1983, commits[aeb608e6-131f-44e0-aa35-97c12a2f72a3:c1985, b6a0d396-0e26-402b-ac58-4f0615a4fad6:c1981, 8b17640a-2548-4323-bd97-ba3488877b23:c1982]
2019-08-20 11:35:37,290 INFO  client.GrpcClientProtocolClient (GrpcClientProtocolClient.java:onNext(255)) - client-FC58CAF12498->aeb608e6-131f-44e0-aa35-97c12a2f72a3: receive RaftClientReply:client-FC58CAF12498->aeb608e6-131f-44e0-aa35-97c12a2f72a3@group-3F41E8AD953A, cid=1410, SUCCESS, logIndex=1984, commits[aeb608e6-131f-44e0-aa35-97c12a2f72a3:c1986, b6a0d396-0e26-402b-ac58-4f0615a4fad6:c1981, 8b17640a-2548-4323-bd97-ba3488877b23:c1982]
2019-08-20 11:35:37,291 INFO  client.GrpcClientProtocolClient (GrpcClientProtocolClient.java:onNext(255)) - client-FC58CAF12498->aeb608e6-131f-44e0-aa35-97c12a2f72a3: receive RaftClientReply:client-FC58CAF12498->aeb608e6-131f-44e0-aa35-97c12a2f72a3@group-3F41E8AD953A, cid=1411, SUCCESS, logIndex=1985, commits[aeb608e6-131f-44e0-aa35-97c12a2f72a3:c1986, b6a0d396-0e26-402b-ac58-4f0615a4fad6:c1982, 8b17640a-2548-4323-bd97-ba3488877b23:c1982]
2019-08-20 11:35:37,292 INFO  client.GrpcClientProtocolClient (GrpcClientProtocolClient.java:onNext(255)) - client-FC58CAF12498->aeb608e6-131f-44e0-aa35-97c12a2f72a3: receive RaftClientReply:client-FC58CAF12498->aeb608e6-131f-44e0-aa35-97c12a2f72a3@group-3F41E8AD953A, cid=1412, SUCCESS, logIndex=0, commits[aeb608e6-131f-44e0-aa35-97c12a2f72a3:c1987, b6a0d396-0e26-402b-ac58-4f0615a4fad6:c1985, 8b17640a-2548-4323-bd97-ba3488877b23:c1985]
2019-08-20 11:35:37,315 INFO  client.GrpcClientProtocolClient (GrpcClientProtocolClient.java:onNext(255)) - client-FC58CAF12498->aeb608e6-131f-44e0-aa35-97c12a2f72a3: receive RaftClientReply:client-FC58CAF12498->aeb608e6-131f-44e0-aa35-97c12a2f72a3@group-3F41E8AD953A, cid=1413, SUCCESS, logIndex=1990, commits[aeb608e6-131f-44e0-aa35-97c12a2f72a3:c1990, b6a0d396-0e26-402b-ac58-4f0615a4fad6:c1986, 8b17640a-2548-4323-bd97-ba3488877b23:c1989]
2019-08-20 11:35:37,315 INFO  client.GrpcClientProtocolClient (GrpcClientProtocolClient.java:onNext(255)) - client-FC58CAF12498->aeb608e6-131f-44e0-aa35-97c12a2f72a3: receive RaftClientReply:client-FC58CAF12498->aeb608e6-131f-44e0-aa35-97c12a2f72a3@group-3F41E8AD953A, cid=1414, SUCCESS, logIndex=1991, commits[aeb608e6-131f-44e0-aa35-97c12a2f72a3:c1991, b6a0d396-0e26-402b-ac58-4f0615a4fad6:c1989, 8b17640a-2548-4323-bd97-ba3488877b23:c1989]
 0.00% |█                                                                                                    |  0/1 Time: 0:00:112019-08-20 11:35:37,342 INFO  client.GrpcClientProtocolClient (GrpcClientProtocolClient.java:onNext(255)) - client-FC58CAF12498->aeb608e6-131f-44e0-aa35-97c12a2f72a3: receive RaftClientReply:client-FC58CAF12498->aeb608e6-131f-44e0-aa35-97c12a2f72a3@group-3F41E8AD953A, cid=1415, SUCCESS, logIndex=1994, commits[aeb608e6-131f-44e0-aa35-97c12a2f72a3:c1995, b6a0d396-0e26-402b-ac58-4f0615a4fad6:c1991, 8b17640a-2548-4323-bd97-ba3488877b23:c1991]
2019-08-20 11:35:37,342 INFO  client.GrpcClientProtocolClient (GrpcClientProtocolClient.java:onNext(255)) - client-FC58CAF12498->aeb608e6-131f-44e0-aa35-97c12a2f72a3: receive RaftClientReply:client-FC58CAF12498->aeb608e6-131f-44e0-aa35-97c12a2f72a3@group-3F41E8AD953A, cid=1416, SUCCESS, logIndex=1995, commits[aeb608e6-131f-44e0-aa35-97c12a2f72a3:c1995, b6a0d396-0e26-402b-ac58-4f0615a4fad6:c1991, 8b17640a-2548-4323-bd97-ba3488877b23:c1991]
2019-08-20 11:35:37,355 INFO  client.GrpcClientProtocolClient (GrpcClientProtocolClient.java:onNext(255)) - client-FC58CAF12498->aeb608e6-131f-44e0-aa35-97c12a2f72a3: receive RaftClientReply:client-FC58CAF12498->aeb608e6-131f-44e0-aa35-97c12a2f72a3@group-3F41E8AD953A, cid=1417, SUCCESS, logIndex=0, commits[aeb608e6-131f-44e0-aa35-97c12a2f72a3:c1996, b6a0d396-0e26-402b-ac58-4f0615a4fad6:c1995, 8b17640a-2548-4323-bd97-ba3488877b23:c1995]
2019-08-20 11:35:37,387 INFO  client.GrpcClientProtocolClient (GrpcClientProtocolClient.java:onNext(255)) - client-FC58CAF12498->aeb608e6-131f-44e0-aa35-97c12a2f72a3: receive RaftClientReply:client-FC58CAF12498->aeb608e6-131f-44e0-aa35-97c12a2f72a3@group-3F41E8AD953A, cid=1418, SUCCESS, logIndex=1998, commits[aeb608e6-131f-44e0-aa35-97c12a2f72a3:c1999, b6a0d396-0e26-402b-ac58-4f0615a4fad6:c1997, 8b17640a-2548-4323-bd97-ba3488877b23:c1997]
2019-08-20 11:35:37,388 INFO  client.GrpcClientProtocolClient (GrpcClientProtocolClient.java:onNext(255)) - client-FC58CAF12498->aeb608e6-131f-44e0-aa35-97c12a2f72a3: receive RaftClientReply:client-FC58CAF12498->aeb608e6-131f-44e0-aa35-97c12a2f72a3@group-3F41E8AD953A, cid=1419, SUCCESS, logIndex=1999, commits[aeb608e6-131f-44e0-aa35-97c12a2f72a3:c2001, b6a0d396-0e26-402b-ac58-4f0615a4fad6:c1997, 8b17640a-2548-4323-bd97-ba3488877b23:c1997]
2019-08-20 11:35:37,388 INFO  client.GrpcClientProtocolClient (GrpcClientProtocolClient.java:onNext(255)) - client-FC58CAF12498->aeb608e6-131f-44e0-aa35-97c12a2f72a3: receive RaftClientReply:client-FC58CAF12498->aeb608e6-131f-44e0-aa35-97c12a2f72a3@group-3F41E8AD953A, cid=1420, SUCCESS, logIndex=2000, commits[aeb608e6-131f-44e0-aa35-97c12a2f72a3:c2001, b6a0d396-0e26-402b-ac58-4f0615a4fad6:c1997, 8b17640a-2548-4323-bd97-ba3488877b23:c1997]
2019-08-20 11:35:37,389 INFO  client.GrpcClientProtocolClient (GrpcClientProtocolClient.java:onNext(255)) - client-FC58CAF12498->aeb608e6-131f-44e0-aa35-97c12a2f72a3: receive RaftClientReply:client-FC58CAF12498->aeb608e6-131f-44e0-aa35-97c12a2f72a3@group-3F41E8AD953A, cid=1421, SUCCESS, logIndex=2001, commits[aeb608e6-131f-44e0-aa35-97c12a2f72a3:c2001, b6a0d396-0e26-402b-ac58-4f0615a4fad6:c1997, 8b17640a-2548-4323-bd97-ba3488877b23:c1997]
2019-08-20 11:35:37,390 INFO  client.GrpcClientProtocolClient (GrpcClientProtocolClient.java:onNext(255)) - client-FC58CAF12498->aeb608e6-131f-44e0-aa35-97c12a2f72a3: receive RaftClientReply:client-FC58CAF12498->aeb608e6-131f-44e0-aa35-97c12a2f72a3@group-3F41E8AD953A, cid=1422, SUCCESS, logIndex=0, commits[aeb608e6-131f-44e0-aa35-97c12a2f72a3:c2003, b6a0d396-0e26-402b-ac58-4f0615a4fad6:c1999, 8b17640a-2548-4323-bd97-ba3488877b23:c1999]
2019-08-20 11:35:37,414 INFO  client.GrpcClientProtocolClient (GrpcClientProtocolClient.java:onNext(255)) - client-FC58CAF12498->aeb608e6-131f-44e0-aa35-97c12a2f72a3: receive RaftClientReply:client-FC58CAF12498->aeb608e6-131f-44e0-aa35-97c12a2f72a3@group-3F41E8AD953A, cid=1423, SUCCESS, logIndex=2005, commits[aeb608e6-131f-44e0-aa35-97c12a2f72a3:c2006, b6a0d396-0e26-402b-ac58-4f0615a4fad6:c2004, 8b17640a-2548-4323-bd97-ba3488877b23:c2004]
2019-08-20 11:35:37,415 INFO  client.GrpcClientProtocolClient (GrpcClientProtocolClient.java:onNext(255)) - client-FC58CAF12498->aeb608e6-131f-44e0-aa35-97c12a2f72a3: receive RaftClientReply:client-FC58CAF12498->aeb608e6-131f-44e0-aa35-97c12a2f72a3@group-3F41E8AD953A, cid=1424, SUCCESS, logIndex=2006, commits[aeb608e6-131f-44e0-aa35-97c12a2f72a3:c2006, b6a0d396-0e26-402b-ac58-4f0615a4fad6:c2004, 8b17640a-2548-4323-bd97-ba3488877b23:c2004]
2019-08-20 11:35:37,440 INFO  client.GrpcClientProtocolClient (GrpcClientProtocolClient.java:onNext(255)) - client-FC58CAF12498->aeb608e6-131f-44e0-aa35-97c12a2f72a3: receive RaftClientReply:client-FC58CAF12498->aeb608e6-131f-44e0-aa35-97c12a2f72a3@group-3F41E8AD953A, cid=1425, SUCCESS, logIndex=2009, commits[aeb608e6-131f-44e0-aa35-97c12a2f72a3:c2010, b6a0d396-0e26-402b-ac58-4f0615a4fad6:c2006, 8b17640a-2548-4323-bd97-ba3488877b23:c2006]
2019-08-20 11:35:37,440 INFO  client.GrpcClientProtocolClient (GrpcClientProtocolClient.java:onNext(255)) - client-FC58CAF12498->aeb608e6-131f-44e0-aa35-97c12a2f72a3: receive RaftClientReply:client-FC58CAF12498->aeb608e6-131f-44e0-aa35-97c12a2f72a3@group-3F41E8AD953A, cid=1426, SUCCESS, logIndex=2010, commits[aeb608e6-131f-44e0-aa35-97c12a2f72a3:c2010, b6a0d396-0e26-402b-ac58-4f0615a4fad6:c2006, 8b17640a-2548-4323-bd97-ba3488877b23:c2006]
2019-08-20 11:35:37,453 INFO  client.GrpcClientProtocolClient (GrpcClientProtocolClient.java:onNext(255)) - client-FC58CAF12498->aeb608e6-131f-44e0-aa35-97c12a2f72a3: receive RaftClientReply:client-FC58CAF12498->aeb608e6-131f-44e0-aa35-97c12a2f72a3@group-3F41E8AD953A, cid=1427, SUCCESS, logIndex=0, commits[aeb608e6-131f-44e0-aa35-97c12a2f72a3:c2011, b6a0d396-0e26-402b-ac58-4f0615a4fad6:c2010, 8b17640a-2548-4323-bd97-ba3488877b23:c2010]
2019-08-20 11:35:37,500 INFO  client.GrpcClientProtocolClient (GrpcClientProtocolClient.java:onNext(255)) - client-FC58CAF12498->aeb608e6-131f-44e0-aa35-97c12a2f72a3: receive RaftClientReply:client-FC58CAF12498->aeb608e6-131f-44e0-aa35-97c12a2f72a3@group-3F41E8AD953A, cid=1428, SUCCESS, logIndex=2013, commits[aeb608e6-131f-44e0-aa35-97c12a2f72a3:c2014, b6a0d396-0e26-402b-ac58-4f0615a4fad6:c2012, 8b17640a-2548-4323-bd97-ba3488877b23:c2012]
2019-08-20 11:35:37,501 INFO  client.GrpcClientProtocolClient (GrpcClientProtocolClient.java:onNext(255)) - client-FC58CAF12498->aeb608e6-131f-44e0-aa35-97c12a2f72a3: receive RaftClientReply:client-FC58CAF12498->aeb608e6-131f-44e0-aa35-97c12a2f72a3@group-3F41E8AD953A, cid=1429, SUCCESS, logIndex=2014, commits[aeb608e6-131f-44e0-aa35-97c12a2f72a3:c2016, b6a0d396-0e26-402b-ac58-4f0615a4fad6:c2012, 8b17640a-2548-4323-bd97-ba3488877b23:c2012]
2019-08-20 11:35:37,502 INFO  client.GrpcClientProtocolClient (GrpcClientProtocolClient.java:onNext(255)) - client-FC58CAF12498->aeb608e6-131f-44e0-aa35-97c12a2f72a3: receive RaftClientReply:client-FC58CAF12498->aeb608e6-131f-44e0-aa35-97c12a2f72a3@group-3F41E8AD953A, cid=1430, SUCCESS, logIndex=2015, commits[aeb608e6-131f-44e0-aa35-97c12a2f72a3:c2016, b6a0d396-0e26-402b-ac58-4f0615a4fad6:c2012, 8b17640a-2548-4323-bd97-ba3488877b23:c2012]
2019-08-20 11:35:37,502 INFO  client.GrpcClientProtocolClient (GrpcClientProtocolClient.java:onNext(255)) - client-FC58CAF12498->aeb608e6-131f-44e0-aa35-97c12a2f72a3: receive RaftClientReply:client-FC58CAF12498->aeb608e6-131f-44e0-aa35-97c12a2f72a3@group-3F41E8AD953A, cid=1431, SUCCESS, logIndex=2016, commits[aeb608e6-131f-44e0-aa35-97c12a2f72a3:c2016, b6a0d396-0e26-402b-ac58-4f0615a4fad6:c2012, 8b17640a-2548-4323-bd97-ba3488877b23:c2012]
2019-08-20 11:35:37,503 INFO  client.GrpcClientProtocolClient (GrpcClientProtocolClient.java:onNext(255)) - client-FC58CAF12498->aeb608e6-131f-44e0-aa35-97c12a2f72a3: receive RaftClientReply:client-FC58CAF12498->aeb608e6-131f-44e0-aa35-97c12a2f72a3@group-3F41E8AD953A, cid=1432, SUCCESS, logIndex=0, commits[aeb608e6-131f-44e0-aa35-97c12a2f72a3:c2019, b6a0d396-0e26-402b-ac58-4f0615a4fad6:c2016, 8b17640a-2548-4323-bd97-ba3488877b23:c2016]
2019-08-20 11:35:37,525 INFO  client.GrpcClientProtocolClient (GrpcClientProtocolClient.java:onNext(255)) - client-FC58CAF12498->aeb608e6-131f-44e0-aa35-97c12a2f72a3: receive RaftClientReply:client-FC58CAF12498->aeb608e6-131f-44e0-aa35-97c12a2f72a3@group-3F41E8AD953A, cid=1433, SUCCESS, logIndex=2020, commits[aeb608e6-131f-44e0-aa35-97c12a2f72a3:c2021, b6a0d396-0e26-402b-ac58-4f0615a4fad6:c2019, 8b17640a-2548-4323-bd97-ba3488877b23:c2019]
2019-08-20 11:35:37,526 INFO  client.GrpcClientProtocolClient (GrpcClientProtocolClient.java:onNext(255)) - client-FC58CAF12498->aeb608e6-131f-44e0-aa35-97c12a2f72a3: receive RaftClientReply:client-FC58CAF12498->aeb608e6-131f-44e0-aa35-97c12a2f72a3@group-3F41E8AD953A, cid=1434, SUCCESS, logIndex=2021, commits[aeb608e6-131f-44e0-aa35-97c12a2f72a3:c2021, b6a0d396-0e26-402b-ac58-4f0615a4fad6:c2019, 8b17640a-2548-4323-bd97-ba3488877b23:c2019]
2019-08-20 11:35:37,539 INFO  client.GrpcClientProtocolClient (GrpcClientProtocolClient.java:onNext(255)) - client-FC58CAF12498->aeb608e6-131f-44e0-aa35-97c12a2f72a3: receive RaftClientReply:client-FC58CAF12498->aeb608e6-131f-44e0-aa35-97c12a2f72a3@group-3F41E8AD953A, cid=1435, SUCCESS, logIndex=2024, commits[aeb608e6-131f-44e0-aa35-97c12a2f72a3:c2025, b6a0d396-0e26-402b-ac58-4f0615a4fad6:c2021, 8b17640a-2548-4323-bd97-ba3488877b23:c2021]
2019-08-20 11:35:37,540 INFO  client.GrpcClientProtocolClient (GrpcClientProtocolClient.java:onNext(255)) - client-FC58CAF12498->aeb608e6-131f-44e0-aa35-97c12a2f72a3: receive RaftClientReply:client-FC58CAF12498->aeb608e6-131f-44e0-aa35-97c12a2f72a3@group-3F41E8AD953A, cid=1436, SUCCESS, logIndex=2025, commits[aeb608e6-131f-44e0-aa35-97c12a2f72a3:c2025, b6a0d396-0e26-402b-ac58-4f0615a4fad6:c2021, 8b17640a-2548-4323-bd97-ba3488877b23:c2021]
2019-08-20 11:35:37,551 INFO  client.GrpcClientProtocolClient (GrpcClientProtocolClient.java:onNext(255)) - client-FC58CAF12498->aeb608e6-131f-44e0-aa35-97c12a2f72a3: receive RaftClientReply:client-FC58CAF12498->aeb608e6-131f-44e0-aa35-97c12a2f72a3@group-3F41E8AD953A, cid=1437, SUCCESS, logIndex=0, commits[aeb608e6-131f-44e0-aa35-97c12a2f72a3:c2026, b6a0d396-0e26-402b-ac58-4f0615a4fad6:c2025, 8b17640a-2548-4323-bd97-ba3488877b23:c2025]
2019-08-20 11:35:37,587 INFO  client.GrpcClientProtocolClient (GrpcClientProtocolClient.java:onNext(255)) - client-FC58CAF12498->aeb608e6-131f-44e0-aa35-97c12a2f72a3: receive RaftClientReply:client-FC58CAF12498->aeb608e6-131f-44e0-aa35-97c12a2f72a3@group-3F41E8AD953A, cid=1438, SUCCESS, logIndex=2028, commits[aeb608e6-131f-44e0-aa35-97c12a2f72a3:c2028, b6a0d396-0e26-402b-ac58-4f0615a4fad6:c2025, 8b17640a-2548-4323-bd97-ba3488877b23:c2027]
2019-08-20 11:35:37,588 INFO  client.GrpcClientProtocolClient (GrpcClientProtocolClient.java:onNext(255)) - client-FC58CAF12498->aeb608e6-131f-44e0-aa35-97c12a2f72a3: receive RaftClientReply:client-FC58CAF12498->aeb608e6-131f-44e0-aa35-97c12a2f72a3@group-3F41E8AD953A, cid=1439, SUCCESS, logIndex=2029, commits[aeb608e6-131f-44e0-aa35-97c12a2f72a3:c2029, b6a0d396-0e26-402b-ac58-4f0615a4fad6:c2027, 8b17640a-2548-4323-bd97-ba3488877b23:c2027]
2019-08-20 11:35:37,588 INFO  client.GrpcClientProtocolClient (GrpcClientProtocolClient.java:onNext(255)) - client-FC58CAF12498->aeb608e6-131f-44e0-aa35-97c12a2f72a3: receive RaftClientReply:client-FC58CAF12498->aeb608e6-131f-44e0-aa35-97c12a2f72a3@group-3F41E8AD953A, cid=1440, SUCCESS, logIndex=2030, commits[aeb608e6-131f-44e0-aa35-97c12a2f72a3:c2031, b6a0d396-0e26-402b-ac58-4f0615a4fad6:c2027, 8b17640a-2548-4323-bd97-ba3488877b23:c2027]
2019-08-20 11:35:37,589 INFO  client.GrpcClientProtocolClient (GrpcClientProtocolClient.java:onNext(255)) - client-FC58CAF12498->aeb608e6-131f-44e0-aa35-97c12a2f72a3: receive RaftClientReply:client-FC58CAF12498->aeb608e6-131f-44e0-aa35-97c12a2f72a3@group-3F41E8AD953A, cid=1441, SUCCESS, logIndex=2031, commits[aeb608e6-131f-44e0-aa35-97c12a2f72a3:c2031, b6a0d396-0e26-402b-ac58-4f0615a4fad6:c2027, 8b17640a-2548-4323-bd97-ba3488877b23:c2027]
2019-08-20 11:35:37,591 INFO  client.GrpcClientProtocolClient (GrpcClientProtocolClient.java:onNext(255)) - client-FC58CAF12498->aeb608e6-131f-44e0-aa35-97c12a2f72a3: receive RaftClientReply:client-FC58CAF12498->aeb608e6-131f-44e0-aa35-97c12a2f72a3@group-3F41E8AD953A, cid=1442, SUCCESS, logIndex=0, commits[aeb608e6-131f-44e0-aa35-97c12a2f72a3:c2035, b6a0d396-0e26-402b-ac58-4f0615a4fad6:c2029, 8b17640a-2548-4323-bd97-ba3488877b23:c2031]
2019-08-20 11:35:37,614 INFO  client.GrpcClientProtocolClient (GrpcClientProtocolClient.java:onNext(255)) - client-FC58CAF12498->aeb608e6-131f-44e0-aa35-97c12a2f72a3: receive RaftClientReply:client-FC58CAF12498->aeb608e6-131f-44e0-aa35-97c12a2f72a3@group-3F41E8AD953A, cid=1443, SUCCESS, logIndex=2036, commits[aeb608e6-131f-44e0-aa35-97c12a2f72a3:c2036, b6a0d396-0e26-402b-ac58-4f0615a4fad6:c2031, 8b17640a-2548-4323-bd97-ba3488877b23:c2035]
2019-08-20 11:35:37,614 INFO  client.GrpcClientProtocolClient (GrpcClientProtocolClient.java:onNext(255)) - client-FC58CAF12498->aeb608e6-131f-44e0-aa35-97c12a2f72a3: receive RaftClientReply:client-FC58CAF12498->aeb608e6-131f-44e0-aa35-97c12a2f72a3@group-3F41E8AD953A, cid=1444, SUCCESS, logIndex=2037, commits[aeb608e6-131f-44e0-aa35-97c12a2f72a3:c2037, b6a0d396-0e26-402b-ac58-4f0615a4fad6:c2035, 8b17640a-2548-4323-bd97-ba3488877b23:c2035]
2019-08-20 11:35:37,639 INFO  client.GrpcClientProtocolClient (GrpcClientProtocolClient.java:onNext(255)) - client-FC58CAF12498->aeb608e6-131f-44e0-aa35-97c12a2f72a3: receive RaftClientReply:client-FC58CAF12498->aeb608e6-131f-44e0-aa35-97c12a2f72a3@group-3F41E8AD953A, cid=1445, SUCCESS, logIndex=2040, commits[aeb608e6-131f-44e0-aa35-97c12a2f72a3:c2041, b6a0d396-0e26-402b-ac58-4f0615a4fad6:c2037, 8b17640a-2548-4323-bd97-ba3488877b23:c2037]
2019-08-20 11:35:37,640 INFO  client.GrpcClientProtocolClient (GrpcClientProtocolClient.java:onNext(255)) - client-FC58CAF12498->aeb608e6-131f-44e0-aa35-97c12a2f72a3: receive RaftClientReply:client-FC58CAF12498->aeb608e6-131f-44e0-aa35-97c12a2f72a3@group-3F41E8AD953A, cid=1446, SUCCESS, logIndex=2041, commits[aeb608e6-131f-44e0-aa35-97c12a2f72a3:c2041, b6a0d396-0e26-402b-ac58-4f0615a4fad6:c2037, 8b17640a-2548-4323-bd97-ba3488877b23:c2037]
2019-08-20 11:35:37,653 INFO  client.GrpcClientProtocolClient (GrpcClientProtocolClient.java:onNext(255)) - client-FC58CAF12498->aeb608e6-131f-44e0-aa35-97c12a2f72a3: receive RaftClientReply:client-FC58CAF12498->aeb608e6-131f-44e0-aa35-97c12a2f72a3@group-3F41E8AD953A, cid=1447, SUCCESS, logIndex=0, commits[aeb608e6-131f-44e0-aa35-97c12a2f72a3:c2042, b6a0d396-0e26-402b-ac58-4f0615a4fad6:c2041, 8b17640a-2548-4323-bd97-ba3488877b23:c2041]
2019-08-20 11:35:37,692 INFO  client.GrpcClientProtocolClient (GrpcClientProtocolClient.java:onNext(255)) - client-FC58CAF12498->aeb608e6-131f-44e0-aa35-97c12a2f72a3: receive RaftClientReply:client-FC58CAF12498->aeb608e6-131f-44e0-aa35-97c12a2f72a3@group-3F41E8AD953A, cid=1448, SUCCESS, logIndex=2044, commits[aeb608e6-131f-44e0-aa35-97c12a2f72a3:c2045, b6a0d396-0e26-402b-ac58-4f0615a4fad6:c2043, 8b17640a-2548-4323-bd97-ba3488877b23:c2043]
2019-08-20 11:35:37,693 INFO  client.GrpcClientProtocolClient (GrpcClientProtocolClient.java:onNext(255)) - client-FC58CAF12498->aeb608e6-131f-44e0-aa35-97c12a2f72a3: receive RaftClientReply:client-FC58CAF12498->aeb608e6-131f-44e0-aa35-97c12a2f72a3@group-3F41E8AD953A, cid=1449, SUCCESS, logIndex=2045, commits[aeb608e6-131f-44e0-aa35-97c12a2f72a3:c2047, b6a0d396-0e26-402b-ac58-4f0615a4fad6:c2043, 8b17640a-2548-4323-bd97-ba3488877b23:c2043]
2019-08-20 11:35:37,694 INFO  client.GrpcClientProtocolClient (GrpcClientProtocolClient.java:onNext(255)) - client-FC58CAF12498->aeb608e6-131f-44e0-aa35-97c12a2f72a3: receive RaftClientReply:client-FC58CAF12498->aeb608e6-131f-44e0-aa35-97c12a2f72a3@group-3F41E8AD953A, cid=1450, SUCCESS, logIndex=2046, commits[aeb608e6-131f-44e0-aa35-97c12a2f72a3:c2047, b6a0d396-0e26-402b-ac58-4f0615a4fad6:c2043, 8b17640a-2548-4323-bd97-ba3488877b23:c2043]
2019-08-20 11:35:37,695 INFO  client.GrpcClientProtocolClient (GrpcClientProtocolClient.java:onNext(255)) - client-FC58CAF12498->aeb608e6-131f-44e0-aa35-97c12a2f72a3: receive RaftClientReply:client-FC58CAF12498->aeb608e6-131f-44e0-aa35-97c12a2f72a3@group-3F41E8AD953A, cid=1451, SUCCESS, logIndex=2047, commits[aeb608e6-131f-44e0-aa35-97c12a2f72a3:c2047, b6a0d396-0e26-402b-ac58-4f0615a4fad6:c2043, 8b17640a-2548-4323-bd97-ba3488877b23:c2043]
2019-08-20 11:35:37,697 INFO  client.GrpcClientProtocolClient (GrpcClientProtocolClient.java:onNext(255)) - client-FC58CAF12498->aeb608e6-131f-44e0-aa35-97c12a2f72a3: receive RaftClientReply:client-FC58CAF12498->aeb608e6-131f-44e0-aa35-97c12a2f72a3@group-3F41E8AD953A, cid=1452, SUCCESS, logIndex=0, commits[aeb608e6-131f-44e0-aa35-97c12a2f72a3:c2050, b6a0d396-0e26-402b-ac58-4f0615a4fad6:c2047, 8b17640a-2548-4323-bd97-ba3488877b23:c2047]
2019-08-20 11:35:37,719 INFO  client.GrpcClientProtocolClient (GrpcClientProtocolClient.java:onNext(255)) - client-FC58CAF12498->aeb608e6-131f-44e0-aa35-97c12a2f72a3: receive RaftClientReply:client-FC58CAF12498->aeb608e6-131f-44e0-aa35-97c12a2f72a3@group-3F41E8AD953A, cid=1453, SUCCESS, logIndex=2051, commits[aeb608e6-131f-44e0-aa35-97c12a2f72a3:c2052, b6a0d396-0e26-402b-ac58-4f0615a4fad6:c2047, 8b17640a-2548-4323-bd97-ba3488877b23:c2050]
2019-08-20 11:35:37,720 INFO  client.GrpcClientProtocolClient (GrpcClientProtocolClient.java:onNext(255)) - client-FC58CAF12498->aeb608e6-131f-44e0-aa35-97c12a2f72a3: receive RaftClientReply:client-FC58CAF12498->aeb608e6-131f-44e0-aa35-97c12a2f72a3@group-3F41E8AD953A, cid=1454, SUCCESS, logIndex=2052, commits[aeb608e6-131f-44e0-aa35-97c12a2f72a3:c2052, b6a0d396-0e26-402b-ac58-4f0615a4fad6:c2050, 8b17640a-2548-4323-bd97-ba3488877b23:c2050]
2019-08-20 11:35:37,754 INFO  client.GrpcClientProtocolClient (GrpcClientProtocolClient.java:onNext(255)) - client-FC58CAF12498->aeb608e6-131f-44e0-aa35-97c12a2f72a3: receive RaftClientReply:client-FC58CAF12498->aeb608e6-131f-44e0-aa35-97c12a2f72a3@group-3F41E8AD953A, cid=1455, SUCCESS, logIndex=2055, commits[aeb608e6-131f-44e0-aa35-97c12a2f72a3:c2056, b6a0d396-0e26-402b-ac58-4f0615a4fad6:c2052, 8b17640a-2548-4323-bd97-ba3488877b23:c2052]
2019-08-20 11:35:37,755 INFO  client.GrpcClientProtocolClient (GrpcClientProtocolClient.java:onNext(255)) - client-FC58CAF12498->aeb608e6-131f-44e0-aa35-97c12a2f72a3: receive RaftClientReply:client-FC58CAF12498->aeb608e6-131f-44e0-aa35-97c12a2f72a3@group-3F41E8AD953A, cid=1456, SUCCESS, logIndex=2056, commits[aeb608e6-131f-44e0-aa35-97c12a2f72a3:c2056, b6a0d396-0e26-402b-ac58-4f0615a4fad6:c2052, 8b17640a-2548-4323-bd97-ba3488877b23:c2052]
2019-08-20 11:35:37,765 INFO  client.GrpcClientProtocolClient (GrpcClientProtocolClient.java:onNext(255)) - client-FC58CAF12498->aeb608e6-131f-44e0-aa35-97c12a2f72a3: receive RaftClientReply:client-FC58CAF12498->aeb608e6-131f-44e0-aa35-97c12a2f72a3@group-3F41E8AD953A, cid=1457, SUCCESS, logIndex=0, commits[aeb608e6-131f-44e0-aa35-97c12a2f72a3:c2057, b6a0d396-0e26-402b-ac58-4f0615a4fad6:c2056, 8b17640a-2548-4323-bd97-ba3488877b23:c2056]
2019-08-20 11:35:37,805 INFO  client.GrpcClientProtocolClient (GrpcClientProtocolClient.java:onNext(255)) - client-FC58CAF12498->aeb608e6-131f-44e0-aa35-97c12a2f72a3: receive RaftClientReply:client-FC58CAF12498->aeb608e6-131f-44e0-aa35-97c12a2f72a3@group-3F41E8AD953A, cid=1458, SUCCESS, logIndex=2059, commits[aeb608e6-131f-44e0-aa35-97c12a2f72a3:c2060, b6a0d396-0e26-402b-ac58-4f0615a4fad6:c2058, 8b17640a-2548-4323-bd97-ba3488877b23:c2058]
2019-08-20 11:35:37,806 INFO  client.GrpcClientProtocolClient (GrpcClientProtocolClient.java:onNext(255)) - client-FC58CAF12498->aeb608e6-131f-44e0-aa35-97c12a2f72a3: receive RaftClientReply:client-FC58CAF12498->aeb608e6-131f-44e0-aa35-97c12a2f72a3@group-3F41E8AD953A, cid=1459, SUCCESS, logIndex=2060, commits[aeb608e6-131f-44e0-aa35-97c12a2f72a3:c2062, b6a0d396-0e26-402b-ac58-4f0615a4fad6:c2058, 8b17640a-2548-4323-bd97-ba3488877b23:c2058]
2019-08-20 11:35:37,806 INFO  client.GrpcClientProtocolClient (GrpcClientProtocolClient.java:onNext(255)) - client-FC58CAF12498->aeb608e6-131f-44e0-aa35-97c12a2f72a3: receive RaftClientReply:client-FC58CAF12498->aeb608e6-131f-44e0-aa35-97c12a2f72a3@group-3F41E8AD953A, cid=1460, SUCCESS, logIndex=2061, commits[aeb608e6-131f-44e0-aa35-97c12a2f72a3:c2062, b6a0d396-0e26-402b-ac58-4f0615a4fad6:c2058, 8b17640a-2548-4323-bd97-ba3488877b23:c2058]
2019-08-20 11:35:37,807 INFO  client.GrpcClientProtocolClient (GrpcClientProtocolClient.java:onNext(255)) - client-FC58CAF12498->aeb608e6-131f-44e0-aa35-97c12a2f72a3: receive RaftClientReply:client-FC58CAF12498->aeb608e6-131f-44e0-aa35-97c12a2f72a3@group-3F41E8AD953A, cid=1461, SUCCESS, logIndex=2062, commits[aeb608e6-131f-44e0-aa35-97c12a2f72a3:c2062, b6a0d396-0e26-402b-ac58-4f0615a4fad6:c2058, 8b17640a-2548-4323-bd97-ba3488877b23:c2058]
2019-08-20 11:35:37,817 INFO  client.GrpcClientProtocolClient (GrpcClientProtocolClient.java:onNext(255)) - client-FC58CAF12498->aeb608e6-131f-44e0-aa35-97c12a2f72a3: receive RaftClientReply:client-FC58CAF12498->aeb608e6-131f-44e0-aa35-97c12a2f72a3@group-3F41E8AD953A, cid=1462, SUCCESS, logIndex=0, commits[aeb608e6-131f-44e0-aa35-97c12a2f72a3:c2064, b6a0d396-0e26-402b-ac58-4f0615a4fad6:c2060, 8b17640a-2548-4323-bd97-ba3488877b23:c2060]
2019-08-20 11:35:37,841 INFO  client.GrpcClientProtocolClient (GrpcClientProtocolClient.java:onNext(255)) - client-FC58CAF12498->aeb608e6-131f-44e0-aa35-97c12a2f72a3: receive RaftClientReply:client-FC58CAF12498->aeb608e6-131f-44e0-aa35-97c12a2f72a3@group-3F41E8AD953A, cid=1463, SUCCESS, logIndex=2066, commits[aeb608e6-131f-44e0-aa35-97c12a2f72a3:c2067, b6a0d396-0e26-402b-ac58-4f0615a4fad6:c2065, 8b17640a-2548-4323-bd97-ba3488877b23:c2065]
2019-08-20 11:35:37,842 INFO  client.GrpcClientProtocolClient (GrpcClientProtocolClient.java:onNext(255)) - client-FC58CAF12498->aeb608e6-131f-44e0-aa35-97c12a2f72a3: receive RaftClientReply:client-FC58CAF12498->aeb608e6-131f-44e0-aa35-97c12a2f72a3@group-3F41E8AD953A, cid=1464, SUCCESS, logIndex=2067, commits[aeb608e6-131f-44e0-aa35-97c12a2f72a3:c2067, b6a0d396-0e26-402b-ac58-4f0615a4fad6:c2065, 8b17640a-2548-4323-bd97-ba3488877b23:c2065]
2019-08-20 11:35:37,867 INFO  client.GrpcClientProtocolClient (GrpcClientProtocolClient.java:onNext(255)) - client-FC58CAF12498->aeb608e6-131f-44e0-aa35-97c12a2f72a3: receive RaftClientReply:client-FC58CAF12498->aeb608e6-131f-44e0-aa35-97c12a2f72a3@group-3F41E8AD953A, cid=1465, SUCCESS, logIndex=2070, commits[aeb608e6-131f-44e0-aa35-97c12a2f72a3:c2071, b6a0d396-0e26-402b-ac58-4f0615a4fad6:c2067, 8b17640a-2548-4323-bd97-ba3488877b23:c2067]
2019-08-20 11:35:37,867 INFO  client.GrpcClientProtocolClient (GrpcClientProtocolClient.java:onNext(255)) - client-FC58CAF12498->aeb608e6-131f-44e0-aa35-97c12a2f72a3: receive RaftClientReply:client-FC58CAF12498->aeb608e6-131f-44e0-aa35-97c12a2f72a3@group-3F41E8AD953A, cid=1466, SUCCESS, logIndex=2071, commits[aeb608e6-131f-44e0-aa35-97c12a2f72a3:c2071, b6a0d396-0e26-402b-ac58-4f0615a4fad6:c2067, 8b17640a-2548-4323-bd97-ba3488877b23:c2067]
2019-08-20 11:35:37,880 INFO  client.GrpcClientProtocolClient (GrpcClientProtocolClient.java:onNext(255)) - client-FC58CAF12498->aeb608e6-131f-44e0-aa35-97c12a2f72a3: receive RaftClientReply:client-FC58CAF12498->aeb608e6-131f-44e0-aa35-97c12a2f72a3@group-3F41E8AD953A, cid=1467, SUCCESS, logIndex=0, commits[aeb608e6-131f-44e0-aa35-97c12a2f72a3:c2073, b6a0d396-0e26-402b-ac58-4f0615a4fad6:c2071, 8b17640a-2548-4323-bd97-ba3488877b23:c2071]
2019-08-20 11:35:37,916 INFO  client.GrpcClientProtocolClient (GrpcClientProtocolClient.java:onNext(255)) - client-FC58CAF12498->aeb608e6-131f-44e0-aa35-97c12a2f72a3: receive RaftClientReply:client-FC58CAF12498->aeb608e6-131f-44e0-aa35-97c12a2f72a3@group-3F41E8AD953A, cid=1468, SUCCESS, logIndex=2074, commits[aeb608e6-131f-44e0-aa35-97c12a2f72a3:c2077, b6a0d396-0e26-402b-ac58-4f0615a4fad6:c2073, 8b17640a-2548-4323-bd97-ba3488877b23:c2073]
2019-08-20 11:35:37,917 INFO  client.GrpcClientProtocolClient (GrpcClientProtocolClient.java:onNext(255)) - client-FC58CAF12498->aeb608e6-131f-44e0-aa35-97c12a2f72a3: receive RaftClientReply:client-FC58CAF12498->aeb608e6-131f-44e0-aa35-97c12a2f72a3@group-3F41E8AD953A, cid=1469, SUCCESS, logIndex=2075, commits[aeb608e6-131f-44e0-aa35-97c12a2f72a3:c2077, b6a0d396-0e26-402b-ac58-4f0615a4fad6:c2073, 8b17640a-2548-4323-bd97-ba3488877b23:c2073]
2019-08-20 11:35:37,917 INFO  client.GrpcClientProtocolClient (GrpcClientProtocolClient.java:onNext(255)) - client-FC58CAF12498->aeb608e6-131f-44e0-aa35-97c12a2f72a3: receive RaftClientReply:client-FC58CAF12498->aeb608e6-131f-44e0-aa35-97c12a2f72a3@group-3F41E8AD953A, cid=1470, SUCCESS, logIndex=2076, commits[aeb608e6-131f-44e0-aa35-97c12a2f72a3:c2077, b6a0d396-0e26-402b-ac58-4f0615a4fad6:c2073, 8b17640a-2548-4323-bd97-ba3488877b23:c2073]
2019-08-20 11:35:37,918 INFO  client.GrpcClientProtocolClient (GrpcClientProtocolClient.java:onNext(255)) - client-FC58CAF12498->aeb608e6-131f-44e0-aa35-97c12a2f72a3: receive RaftClientReply:client-FC58CAF12498->aeb608e6-131f-44e0-aa35-97c12a2f72a3@group-3F41E8AD953A, cid=1471, SUCCESS, logIndex=2077, commits[aeb608e6-131f-44e0-aa35-97c12a2f72a3:c2077, b6a0d396-0e26-402b-ac58-4f0615a4fad6:c2073, 8b17640a-2548-4323-bd97-ba3488877b23:c2073]
2019-08-20 11:35:37,928 INFO  client.GrpcClientProtocolClient (GrpcClientProtocolClient.java:onNext(255)) - client-FC58CAF12498->aeb608e6-131f-44e0-aa35-97c12a2f72a3: receive RaftClientReply:client-FC58CAF12498->aeb608e6-131f-44e0-aa35-97c12a2f72a3@group-3F41E8AD953A, cid=1472, SUCCESS, logIndex=0, commits[aeb608e6-131f-44e0-aa35-97c12a2f72a3:c2078, b6a0d396-0e26-402b-ac58-4f0615a4fad6:c2076, 8b17640a-2548-4323-bd97-ba3488877b23:c2076]
2019-08-20 11:35:38,080 INFO  client.GrpcClientProtocolClient (GrpcClientProtocolClient.java:onNext(255)) - client-FC58CAF12498->aeb608e6-131f-44e0-aa35-97c12a2f72a3: receive RaftClientReply:client-FC58CAF12498->aeb608e6-131f-44e0-aa35-97c12a2f72a3@group-3F41E8AD953A, cid=1473, SUCCESS, logIndex=2081, commits[aeb608e6-131f-44e0-aa35-97c12a2f72a3:c2082, b6a0d396-0e26-402b-ac58-4f0615a4fad6:c2080, 8b17640a-2548-4323-bd97-ba3488877b23:c2080]
2019-08-20 11:35:38,081 INFO  client.GrpcClientProtocolClient (GrpcClientProtocolClient.java:onNext(255)) - client-FC58CAF12498->aeb608e6-131f-44e0-aa35-97c12a2f72a3: receive RaftClientReply:client-FC58CAF12498->aeb608e6-131f-44e0-aa35-97c12a2f72a3@group-3F41E8AD953A, cid=1474, SUCCESS, logIndex=2082, commits[aeb608e6-131f-44e0-aa35-97c12a2f72a3:c2082, b6a0d396-0e26-402b-ac58-4f0615a4fad6:c2080, 8b17640a-2548-4323-bd97-ba3488877b23:c2080]
2019-08-20 11:35:38,105 INFO  client.GrpcClientProtocolClient (GrpcClientProtocolClient.java:onNext(255)) - client-FC58CAF12498->aeb608e6-131f-44e0-aa35-97c12a2f72a3: receive RaftClientReply:client-FC58CAF12498->aeb608e6-131f-44e0-aa35-97c12a2f72a3@group-3F41E8AD953A, cid=1475, SUCCESS, logIndex=2085, commits[aeb608e6-131f-44e0-aa35-97c12a2f72a3:c2086, b6a0d396-0e26-402b-ac58-4f0615a4fad6:c2082, 8b17640a-2548-4323-bd97-ba3488877b23:c2082]
2019-08-20 11:35:38,105 INFO  client.GrpcClientProtocolClient (GrpcClientProtocolClient.java:onNext(255)) - client-FC58CAF12498->aeb608e6-131f-44e0-aa35-97c12a2f72a3: receive RaftClientReply:client-FC58CAF12498->aeb608e6-131f-44e0-aa35-97c12a2f72a3@group-3F41E8AD953A, cid=1476, SUCCESS, logIndex=2086, commits[aeb608e6-131f-44e0-aa35-97c12a2f72a3:c2086, b6a0d396-0e26-402b-ac58-4f0615a4fad6:c2082, 8b17640a-2548-4323-bd97-ba3488877b23:c2082]
2019-08-20 11:35:38,108 INFO  client.GrpcClientProtocolClient (GrpcClientProtocolClient.java:onNext(255)) - client-FC58CAF12498->aeb608e6-131f-44e0-aa35-97c12a2f72a3: receive RaftClientReply:client-FC58CAF12498->aeb608e6-131f-44e0-aa35-97c12a2f72a3@group-3F41E8AD953A, cid=1477, SUCCESS, logIndex=0, commits[aeb608e6-131f-44e0-aa35-97c12a2f72a3:c2088, b6a0d396-0e26-402b-ac58-4f0615a4fad6:c2086, 8b17640a-2548-4323-bd97-ba3488877b23:c2086]
2019-08-20 11:35:38,141 INFO  client.GrpcClientProtocolClient (GrpcClientProtocolClient.java:onNext(255)) - client-FC58CAF12498->aeb608e6-131f-44e0-aa35-97c12a2f72a3: receive RaftClientReply:client-FC58CAF12498->aeb608e6-131f-44e0-aa35-97c12a2f72a3@group-3F41E8AD953A, cid=1478, SUCCESS, logIndex=2089, commits[aeb608e6-131f-44e0-aa35-97c12a2f72a3:c2090, b6a0d396-0e26-402b-ac58-4f0615a4fad6:c2088, 8b17640a-2548-4323-bd97-ba3488877b23:c2088]
2019-08-20 11:35:38,141 INFO  client.GrpcClientProtocolClient (GrpcClientProtocolClient.java:onNext(255)) - client-FC58CAF12498->aeb608e6-131f-44e0-aa35-97c12a2f72a3: receive RaftClientReply:client-FC58CAF12498->aeb608e6-131f-44e0-aa35-97c12a2f72a3@group-3F41E8AD953A, cid=1479, SUCCESS, logIndex=2090, commits[aeb608e6-131f-44e0-aa35-97c12a2f72a3:c2092, b6a0d396-0e26-402b-ac58-4f0615a4fad6:c2088, 8b17640a-2548-4323-bd97-ba3488877b23:c2088]
2019-08-20 11:35:38,142 INFO  client.GrpcClientProtocolClient (GrpcClientProtocolClient.java:onNext(255)) - client-FC58CAF12498->aeb608e6-131f-44e0-aa35-97c12a2f72a3: receive RaftClientReply:client-FC58CAF12498->aeb608e6-131f-44e0-aa35-97c12a2f72a3@group-3F41E8AD953A, cid=1480, SUCCESS, logIndex=2091, commits[aeb608e6-131f-44e0-aa35-97c12a2f72a3:c2092, b6a0d396-0e26-402b-ac58-4f0615a4fad6:c2088, 8b17640a-2548-4323-bd97-ba3488877b23:c2088]
2019-08-20 11:35:38,143 INFO  client.GrpcClientProtocolClient (GrpcClientProtocolClient.java:onNext(255)) - client-FC58CAF12498->aeb608e6-131f-44e0-aa35-97c12a2f72a3: receive RaftClientReply:client-FC58CAF12498->aeb608e6-131f-44e0-aa35-97c12a2f72a3@group-3F41E8AD953A, cid=1481, SUCCESS, logIndex=2092, commits[aeb608e6-131f-44e0-aa35-97c12a2f72a3:c2094, b6a0d396-0e26-402b-ac58-4f0615a4fad6:c2088, 8b17640a-2548-4323-bd97-ba3488877b23:c2090]
2019-08-20 11:35:38,144 INFO  client.GrpcClientProtocolClient (GrpcClientProtocolClient.java:onNext(255)) - client-FC58CAF12498->aeb608e6-131f-44e0-aa35-97c12a2f72a3: receive RaftClientReply:client-FC58CAF12498->aeb608e6-131f-44e0-aa35-97c12a2f72a3@group-3F41E8AD953A, cid=1482, SUCCESS, logIndex=0, commits[aeb608e6-131f-44e0-aa35-97c12a2f72a3:c2095, b6a0d396-0e26-402b-ac58-4f0615a4fad6:c2091, 8b17640a-2548-4323-bd97-ba3488877b23:c2090]
2019-08-20 11:35:38,165 INFO  client.GrpcClientProtocolClient (GrpcClientProtocolClient.java:onNext(255)) - client-FC58CAF12498->aeb608e6-131f-44e0-aa35-97c12a2f72a3: receive RaftClientReply:client-FC58CAF12498->aeb608e6-131f-44e0-aa35-97c12a2f72a3@group-3F41E8AD953A, cid=1483, SUCCESS, logIndex=2097, commits[aeb608e6-131f-44e0-aa35-97c12a2f72a3:c2098, b6a0d396-0e26-402b-ac58-4f0615a4fad6:c2096, 8b17640a-2548-4323-bd97-ba3488877b23:c2096]
2019-08-20 11:35:38,166 INFO  client.GrpcClientProtocolClient (GrpcClientProtocolClient.java:onNext(255)) - client-FC58CAF12498->aeb608e6-131f-44e0-aa35-97c12a2f72a3: receive RaftClientReply:client-FC58CAF12498->aeb608e6-131f-44e0-aa35-97c12a2f72a3@group-3F41E8AD953A, cid=1484, SUCCESS, logIndex=2098, commits[aeb608e6-131f-44e0-aa35-97c12a2f72a3:c2098, b6a0d396-0e26-402b-ac58-4f0615a4fad6:c2096, 8b17640a-2548-4323-bd97-ba3488877b23:c2096]
2019-08-20 11:35:38,180 INFO  client.GrpcClientProtocolClient (GrpcClientProtocolClient.java:onNext(255)) - client-FC58CAF12498->aeb608e6-131f-44e0-aa35-97c12a2f72a3: receive RaftClientReply:client-FC58CAF12498->aeb608e6-131f-44e0-aa35-97c12a2f72a3@group-3F41E8AD953A, cid=1485, SUCCESS, logIndex=2101, commits[aeb608e6-131f-44e0-aa35-97c12a2f72a3:c2102, b6a0d396-0e26-402b-ac58-4f0615a4fad6:c2098, 8b17640a-2548-4323-bd97-ba3488877b23:c2098]
2019-08-20 11:35:38,180 INFO  client.GrpcClientProtocolClient (GrpcClientProtocolClient.java:onNext(255)) - client-FC58CAF12498->aeb608e6-131f-44e0-aa35-97c12a2f72a3: receive RaftClientReply:client-FC58CAF12498->aeb608e6-131f-44e0-aa35-97c12a2f72a3@group-3F41E8AD953A, cid=1486, SUCCESS, logIndex=2102, commits[aeb608e6-131f-44e0-aa35-97c12a2f72a3:c2102, b6a0d396-0e26-402b-ac58-4f0615a4fad6:c2098, 8b17640a-2548-4323-bd97-ba3488877b23:c2098]
2019-08-20 11:35:38,195 INFO  client.GrpcClientProtocolClient (GrpcClientProtocolClient.java:onNext(255)) - client-FC58CAF12498->aeb608e6-131f-44e0-aa35-97c12a2f72a3: receive RaftClientReply:client-FC58CAF12498->aeb608e6-131f-44e0-aa35-97c12a2f72a3@group-3F41E8AD953A, cid=1487, SUCCESS, logIndex=0, commits[aeb608e6-131f-44e0-aa35-97c12a2f72a3:c2104, b6a0d396-0e26-402b-ac58-4f0615a4fad6:c2102, 8b17640a-2548-4323-bd97-ba3488877b23:c2102]
2019-08-20 11:35:38,227 INFO  client.GrpcClientProtocolClient (GrpcClientProtocolClient.java:onNext(255)) - client-FC58CAF12498->aeb608e6-131f-44e0-aa35-97c12a2f72a3: receive RaftClientReply:client-FC58CAF12498->aeb608e6-131f-44e0-aa35-97c12a2f72a3@group-3F41E8AD953A, cid=1488, SUCCESS, logIndex=2105, commits[aeb608e6-131f-44e0-aa35-97c12a2f72a3:c2108, b6a0d396-0e26-402b-ac58-4f0615a4fad6:c2104, 8b17640a-2548-4323-bd97-ba3488877b23:c2104]
2019-08-20 11:35:38,228 INFO  client.GrpcClientProtocolClient (GrpcClientProtocolClient.java:onNext(255)) - client-FC58CAF12498->aeb608e6-131f-44e0-aa35-97c12a2f72a3: receive RaftClientReply:client-FC58CAF12498->aeb608e6-131f-44e0-aa35-97c12a2f72a3@group-3F41E8AD953A, cid=1489, SUCCESS, logIndex=2106, commits[aeb608e6-131f-44e0-aa35-97c12a2f72a3:c2108, b6a0d396-0e26-402b-ac58-4f0615a4fad6:c2104, 8b17640a-2548-4323-bd97-ba3488877b23:c2104]
2019-08-20 11:35:38,228 INFO  client.GrpcClientProtocolClient (GrpcClientProtocolClient.java:onNext(255)) - client-FC58CAF12498->aeb608e6-131f-44e0-aa35-97c12a2f72a3: receive RaftClientReply:client-FC58CAF12498->aeb608e6-131f-44e0-aa35-97c12a2f72a3@group-3F41E8AD953A, cid=1490, SUCCESS, logIndex=2107, commits[aeb608e6-131f-44e0-aa35-97c12a2f72a3:c2108, b6a0d396-0e26-402b-ac58-4f0615a4fad6:c2104, 8b17640a-2548-4323-bd97-ba3488877b23:c2104]
2019-08-20 11:35:38,229 INFO  client.GrpcClientProtocolClient (GrpcClientProtocolClient.java:onNext(255)) - client-FC58CAF12498->aeb608e6-131f-44e0-aa35-97c12a2f72a3: receive RaftClientReply:client-FC58CAF12498->aeb608e6-131f-44e0-aa35-97c12a2f72a3@group-3F41E8AD953A, cid=1491, SUCCESS, logIndex=2108, commits[aeb608e6-131f-44e0-aa35-97c12a2f72a3:c2108, b6a0d396-0e26-402b-ac58-4f0615a4fad6:c2104, 8b17640a-2548-4323-bd97-ba3488877b23:c2104]
2019-08-20 11:35:38,238 INFO  client.GrpcClientProtocolClient (GrpcClientProtocolClient.java:onNext(255)) - client-FC58CAF12498->aeb608e6-131f-44e0-aa35-97c12a2f72a3: receive RaftClientReply:client-FC58CAF12498->aeb608e6-131f-44e0-aa35-97c12a2f72a3@group-3F41E8AD953A, cid=1492, SUCCESS, logIndex=0, commits[aeb608e6-131f-44e0-aa35-97c12a2f72a3:c2109, b6a0d396-0e26-402b-ac58-4f0615a4fad6:c2106, 8b17640a-2548-4323-bd97-ba3488877b23:c2106]
2019-08-20 11:35:38,260 INFO  client.GrpcClientProtocolClient (GrpcClientProtocolClient.java:onNext(255)) - client-FC58CAF12498->aeb608e6-131f-44e0-aa35-97c12a2f72a3: receive RaftClientReply:client-FC58CAF12498->aeb608e6-131f-44e0-aa35-97c12a2f72a3@group-3F41E8AD953A, cid=1493, SUCCESS, logIndex=2112, commits[aeb608e6-131f-44e0-aa35-97c12a2f72a3:c2113, b6a0d396-0e26-402b-ac58-4f0615a4fad6:c2111, 8b17640a-2548-4323-bd97-ba3488877b23:c2111]
2019-08-20 11:35:38,260 INFO  client.GrpcClientProtocolClient (GrpcClientProtocolClient.java:onNext(255)) - client-FC58CAF12498->aeb608e6-131f-44e0-aa35-97c12a2f72a3: receive RaftClientReply:client-FC58CAF12498->aeb608e6-131f-44e0-aa35-97c12a2f72a3@group-3F41E8AD953A, cid=1494, SUCCESS, logIndex=2113, commits[aeb608e6-131f-44e0-aa35-97c12a2f72a3:c2113, b6a0d396-0e26-402b-ac58-4f0615a4fad6:c2111, 8b17640a-2548-4323-bd97-ba3488877b23:c2111]
2019-08-20 11:35:38,283 INFO  client.GrpcClientProtocolClient (GrpcClientProtocolClient.java:onNext(255)) - client-FC58CAF12498->aeb608e6-131f-44e0-aa35-97c12a2f72a3: receive RaftClientReply:client-FC58CAF12498->aeb608e6-131f-44e0-aa35-97c12a2f72a3@group-3F41E8AD953A, cid=1495, SUCCESS, logIndex=2116, commits[aeb608e6-131f-44e0-aa35-97c12a2f72a3:c2117, b6a0d396-0e26-402b-ac58-4f0615a4fad6:c2113, 8b17640a-2548-4323-bd97-ba3488877b23:c2113]
2019-08-20 11:35:38,284 INFO  client.GrpcClientProtocolClient (GrpcClientProtocolClient.java:onNext(255)) - client-FC58CAF12498->aeb608e6-131f-44e0-aa35-97c12a2f72a3: receive RaftClientReply:client-FC58CAF12498->aeb608e6-131f-44e0-aa35-97c12a2f72a3@group-3F41E8AD953A, cid=1496, SUCCESS, logIndex=2117, commits[aeb608e6-131f-44e0-aa35-97c12a2f72a3:c2117, b6a0d396-0e26-402b-ac58-4f0615a4fad6:c2113, 8b17640a-2548-4323-bd97-ba3488877b23:c2113]
2019-08-20 11:35:38,300 INFO  client.GrpcClientProtocolClient (GrpcClientProtocolClient.java:onNext(255)) - client-FC58CAF12498->aeb608e6-131f-44e0-aa35-97c12a2f72a3: receive RaftClientReply:client-FC58CAF12498->aeb608e6-131f-44e0-aa35-97c12a2f72a3@group-3F41E8AD953A, cid=1497, SUCCESS, logIndex=0, commits[aeb608e6-131f-44e0-aa35-97c12a2f72a3:c2119, b6a0d396-0e26-402b-ac58-4f0615a4fad6:c2117, 8b17640a-2548-4323-bd97-ba3488877b23:c2117]
 0.00% |█                                                                                                    |  0/1 Time: 0:00:122019-08-20 11:35:38,332 INFO  client.GrpcClientProtocolClient (GrpcClientProtocolClient.java:onNext(255)) - client-FC58CAF12498->aeb608e6-131f-44e0-aa35-97c12a2f72a3: receive RaftClientReply:client-FC58CAF12498->aeb608e6-131f-44e0-aa35-97c12a2f72a3@group-3F41E8AD953A, cid=1498, SUCCESS, logIndex=2120, commits[aeb608e6-131f-44e0-aa35-97c12a2f72a3:c2123, b6a0d396-0e26-402b-ac58-4f0615a4fad6:c2119, 8b17640a-2548-4323-bd97-ba3488877b23:c2119]
2019-08-20 11:35:38,332 INFO  client.GrpcClientProtocolClient (GrpcClientProtocolClient.java:onNext(255)) - client-FC58CAF12498->aeb608e6-131f-44e0-aa35-97c12a2f72a3: receive RaftClientReply:client-FC58CAF12498->aeb608e6-131f-44e0-aa35-97c12a2f72a3@group-3F41E8AD953A, cid=1499, SUCCESS, logIndex=2121, commits[aeb608e6-131f-44e0-aa35-97c12a2f72a3:c2123, b6a0d396-0e26-402b-ac58-4f0615a4fad6:c2119, 8b17640a-2548-4323-bd97-ba3488877b23:c2119]
2019-08-20 11:35:38,332 INFO  client.GrpcClientProtocolClient (GrpcClientProtocolClient.java:onNext(255)) - client-FC58CAF12498->aeb608e6-131f-44e0-aa35-97c12a2f72a3: receive RaftClientReply:client-FC58CAF12498->aeb608e6-131f-44e0-aa35-97c12a2f72a3@group-3F41E8AD953A, cid=1500, SUCCESS, logIndex=2122, commits[aeb608e6-131f-44e0-aa35-97c12a2f72a3:c2123, b6a0d396-0e26-402b-ac58-4f0615a4fad6:c2119, 8b17640a-2548-4323-bd97-ba3488877b23:c2119]
2019-08-20 11:35:38,333 INFO  client.GrpcClientProtocolClient (GrpcClientProtocolClient.java:onNext(255)) - client-FC58CAF12498->aeb608e6-131f-44e0-aa35-97c12a2f72a3: receive RaftClientReply:client-FC58CAF12498->aeb608e6-131f-44e0-aa35-97c12a2f72a3@group-3F41E8AD953A, cid=1501, SUCCESS, logIndex=2123, commits[aeb608e6-131f-44e0-aa35-97c12a2f72a3:c2123, b6a0d396-0e26-402b-ac58-4f0615a4fad6:c2119, 8b17640a-2548-4323-bd97-ba3488877b23:c2119]
2019-08-20 11:35:38,343 INFO  client.GrpcClientProtocolClient (GrpcClientProtocolClient.java:onNext(255)) - client-FC58CAF12498->aeb608e6-131f-44e0-aa35-97c12a2f72a3: receive RaftClientReply:client-FC58CAF12498->aeb608e6-131f-44e0-aa35-97c12a2f72a3@group-3F41E8AD953A, cid=1502, SUCCESS, logIndex=0, commits[aeb608e6-131f-44e0-aa35-97c12a2f72a3:c2124, b6a0d396-0e26-402b-ac58-4f0615a4fad6:c2121, 8b17640a-2548-4323-bd97-ba3488877b23:c2121]
2019-08-20 11:35:38,366 INFO  client.GrpcClientProtocolClient (GrpcClientProtocolClient.java:onNext(255)) - client-FC58CAF12498->aeb608e6-131f-44e0-aa35-97c12a2f72a3: receive RaftClientReply:client-FC58CAF12498->aeb608e6-131f-44e0-aa35-97c12a2f72a3@group-3F41E8AD953A, cid=1503, SUCCESS, logIndex=2128, commits[aeb608e6-131f-44e0-aa35-97c12a2f72a3:c2129, b6a0d396-0e26-402b-ac58-4f0615a4fad6:c2127, 8b17640a-2548-4323-bd97-ba3488877b23:c2127]
2019-08-20 11:35:38,367 INFO  client.GrpcClientProtocolClient (GrpcClientProtocolClient.java:onNext(255)) - client-FC58CAF12498->aeb608e6-131f-44e0-aa35-97c12a2f72a3: receive RaftClientReply:client-FC58CAF12498->aeb608e6-131f-44e0-aa35-97c12a2f72a3@group-3F41E8AD953A, cid=1504, SUCCESS, logIndex=2129, commits[aeb608e6-131f-44e0-aa35-97c12a2f72a3:c2129, b6a0d396-0e26-402b-ac58-4f0615a4fad6:c2127, 8b17640a-2548-4323-bd97-ba3488877b23:c2127]
2019-08-20 11:35:38,380 INFO  client.GrpcClientProtocolClient (GrpcClientProtocolClient.java:onNext(255)) - client-FC58CAF12498->aeb608e6-131f-44e0-aa35-97c12a2f72a3: receive RaftClientReply:client-FC58CAF12498->aeb608e6-131f-44e0-aa35-97c12a2f72a3@group-3F41E8AD953A, cid=1505, SUCCESS, logIndex=2132, commits[aeb608e6-131f-44e0-aa35-97c12a2f72a3:c2133, b6a0d396-0e26-402b-ac58-4f0615a4fad6:c2129, 8b17640a-2548-4323-bd97-ba3488877b23:c2129]
2019-08-20 11:35:38,380 INFO  client.GrpcClientProtocolClient (GrpcClientProtocolClient.java:onNext(255)) - client-FC58CAF12498->aeb608e6-131f-44e0-aa35-97c12a2f72a3: receive RaftClientReply:client-FC58CAF12498->aeb608e6-131f-44e0-aa35-97c12a2f72a3@group-3F41E8AD953A, cid=1506, SUCCESS, logIndex=2133, commits[aeb608e6-131f-44e0-aa35-97c12a2f72a3:c2133, b6a0d396-0e26-402b-ac58-4f0615a4fad6:c2129, 8b17640a-2548-4323-bd97-ba3488877b23:c2129]
2019-08-20 11:35:38,383 INFO  client.GrpcClientProtocolClient (GrpcClientProtocolClient.java:onNext(255)) - client-FC58CAF12498->aeb608e6-131f-44e0-aa35-97c12a2f72a3: receive RaftClientReply:client-FC58CAF12498->aeb608e6-131f-44e0-aa35-97c12a2f72a3@group-3F41E8AD953A, cid=1507, SUCCESS, logIndex=0, commits[aeb608e6-131f-44e0-aa35-97c12a2f72a3:c2134, b6a0d396-0e26-402b-ac58-4f0615a4fad6:c2133, 8b17640a-2548-4323-bd97-ba3488877b23:c2133]
2019-08-20 11:35:38,415 INFO  client.GrpcClientProtocolClient (GrpcClientProtocolClient.java:onNext(255)) - client-FC58CAF12498->aeb608e6-131f-44e0-aa35-97c12a2f72a3: receive RaftClientReply:client-FC58CAF12498->aeb608e6-131f-44e0-aa35-97c12a2f72a3@group-3F41E8AD953A, cid=1508, SUCCESS, logIndex=2136, commits[aeb608e6-131f-44e0-aa35-97c12a2f72a3:c2137, b6a0d396-0e26-402b-ac58-4f0615a4fad6:c2135, 8b17640a-2548-4323-bd97-ba3488877b23:c2135]
2019-08-20 11:35:38,416 INFO  client.GrpcClientProtocolClient (GrpcClientProtocolClient.java:onNext(255)) - client-FC58CAF12498->aeb608e6-131f-44e0-aa35-97c12a2f72a3: receive RaftClientReply:client-FC58CAF12498->aeb608e6-131f-44e0-aa35-97c12a2f72a3@group-3F41E8AD953A, cid=1509, SUCCESS, logIndex=2137, commits[aeb608e6-131f-44e0-aa35-97c12a2f72a3:c2139, b6a0d396-0e26-402b-ac58-4f0615a4fad6:c2135, 8b17640a-2548-4323-bd97-ba3488877b23:c2135]
2019-08-20 11:35:38,416 INFO  client.GrpcClientProtocolClient (GrpcClientProtocolClient.java:onNext(255)) - client-FC58CAF12498->aeb608e6-131f-44e0-aa35-97c12a2f72a3: receive RaftClientReply:client-FC58CAF12498->aeb608e6-131f-44e0-aa35-97c12a2f72a3@group-3F41E8AD953A, cid=1510, SUCCESS, logIndex=2138, commits[aeb608e6-131f-44e0-aa35-97c12a2f72a3:c2139, b6a0d396-0e26-402b-ac58-4f0615a4fad6:c2135, 8b17640a-2548-4323-bd97-ba3488877b23:c2135]
2019-08-20 11:35:38,417 INFO  client.GrpcClientProtocolClient (GrpcClientProtocolClient.java:onNext(255)) - client-FC58CAF12498->aeb608e6-131f-44e0-aa35-97c12a2f72a3: receive RaftClientReply:client-FC58CAF12498->aeb608e6-131f-44e0-aa35-97c12a2f72a3@group-3F41E8AD953A, cid=1511, SUCCESS, logIndex=2139, commits[aeb608e6-131f-44e0-aa35-97c12a2f72a3:c2140, b6a0d396-0e26-402b-ac58-4f0615a4fad6:c2136, 8b17640a-2548-4323-bd97-ba3488877b23:c2135]
2019-08-20 11:35:38,418 INFO  client.GrpcClientProtocolClient (GrpcClientProtocolClient.java:onNext(255)) - client-FC58CAF12498->aeb608e6-131f-44e0-aa35-97c12a2f72a3: receive RaftClientReply:client-FC58CAF12498->aeb608e6-131f-44e0-aa35-97c12a2f72a3@group-3F41E8AD953A, cid=1512, SUCCESS, logIndex=0, commits[aeb608e6-131f-44e0-aa35-97c12a2f72a3:c2142, b6a0d396-0e26-402b-ac58-4f0615a4fad6:c2139, 8b17640a-2548-4323-bd97-ba3488877b23:c2137]
2019-08-20 11:35:38,430 INFO  client.GrpcClientProtocolClient (GrpcClientProtocolClient.java:onNext(255)) - client-FC58CAF12498->aeb608e6-131f-44e0-aa35-97c12a2f72a3: receive RaftClientReply:client-FC58CAF12498->aeb608e6-131f-44e0-aa35-97c12a2f72a3@group-3F41E8AD953A, cid=1513, SUCCESS, logIndex=2143, commits[aeb608e6-131f-44e0-aa35-97c12a2f72a3:c2144, b6a0d396-0e26-402b-ac58-4f0615a4fad6:c2142, 8b17640a-2548-4323-bd97-ba3488877b23:c2139]
2019-08-20 11:35:38,430 INFO  client.GrpcClientProtocolClient (GrpcClientProtocolClient.java:onNext(255)) - client-FC58CAF12498->aeb608e6-131f-44e0-aa35-97c12a2f72a3: receive RaftClientReply:client-FC58CAF12498->aeb608e6-131f-44e0-aa35-97c12a2f72a3@group-3F41E8AD953A, cid=1514, SUCCESS, logIndex=2144, commits[aeb608e6-131f-44e0-aa35-97c12a2f72a3:c2144, b6a0d396-0e26-402b-ac58-4f0615a4fad6:c2142, 8b17640a-2548-4323-bd97-ba3488877b23:c2142]
2019-08-20 11:35:38,450 INFO  client.GrpcClientProtocolClient (GrpcClientProtocolClient.java:onNext(255)) - client-FC58CAF12498->aeb608e6-131f-44e0-aa35-97c12a2f72a3: receive RaftClientReply:client-FC58CAF12498->aeb608e6-131f-44e0-aa35-97c12a2f72a3@group-3F41E8AD953A, cid=1515, SUCCESS, logIndex=2147, commits[aeb608e6-131f-44e0-aa35-97c12a2f72a3:c2148, b6a0d396-0e26-402b-ac58-4f0615a4fad6:c2146, 8b17640a-2548-4323-bd97-ba3488877b23:c2146]
2019-08-20 11:35:38,451 INFO  client.GrpcClientProtocolClient (GrpcClientProtocolClient.java:onNext(255)) - client-FC58CAF12498->aeb608e6-131f-44e0-aa35-97c12a2f72a3: receive RaftClientReply:client-FC58CAF12498->aeb608e6-131f-44e0-aa35-97c12a2f72a3@group-3F41E8AD953A, cid=1516, SUCCESS, logIndex=2148, commits[aeb608e6-131f-44e0-aa35-97c12a2f72a3:c2148, b6a0d396-0e26-402b-ac58-4f0615a4fad6:c2146, 8b17640a-2548-4323-bd97-ba3488877b23:c2146]
2019-08-20 11:35:38,462 INFO  client.GrpcClientProtocolClient (GrpcClientProtocolClient.java:onNext(255)) - client-FC58CAF12498->aeb608e6-131f-44e0-aa35-97c12a2f72a3: receive RaftClientReply:client-FC58CAF12498->aeb608e6-131f-44e0-aa35-97c12a2f72a3@group-3F41E8AD953A, cid=1517, SUCCESS, logIndex=0, commits[aeb608e6-131f-44e0-aa35-97c12a2f72a3:c2149, b6a0d396-0e26-402b-ac58-4f0615a4fad6:c2148, 8b17640a-2548-4323-bd97-ba3488877b23:c2148]
2019-08-20 11:35:38,489 INFO  client.GrpcClientProtocolClient (GrpcClientProtocolClient.java:onNext(255)) - client-FC58CAF12498->aeb608e6-131f-44e0-aa35-97c12a2f72a3: receive RaftClientReply:client-FC58CAF12498->aeb608e6-131f-44e0-aa35-97c12a2f72a3@group-3F41E8AD953A, cid=1518, SUCCESS, logIndex=2151, commits[aeb608e6-131f-44e0-aa35-97c12a2f72a3:c2151, b6a0d396-0e26-402b-ac58-4f0615a4fad6:c2150, 8b17640a-2548-4323-bd97-ba3488877b23:c2150]
2019-08-20 11:35:38,489 INFO  client.GrpcClientProtocolClient (GrpcClientProtocolClient.java:onNext(255)) - client-FC58CAF12498->aeb608e6-131f-44e0-aa35-97c12a2f72a3: receive RaftClientReply:client-FC58CAF12498->aeb608e6-131f-44e0-aa35-97c12a2f72a3@group-3F41E8AD953A, cid=1519, SUCCESS, logIndex=2152, commits[aeb608e6-131f-44e0-aa35-97c12a2f72a3:c2152, b6a0d396-0e26-402b-ac58-4f0615a4fad6:c2150, 8b17640a-2548-4323-bd97-ba3488877b23:c2150]
2019-08-20 11:35:38,490 INFO  client.GrpcClientProtocolClient (GrpcClientProtocolClient.java:onNext(255)) - client-FC58CAF12498->aeb608e6-131f-44e0-aa35-97c12a2f72a3: receive RaftClientReply:client-FC58CAF12498->aeb608e6-131f-44e0-aa35-97c12a2f72a3@group-3F41E8AD953A, cid=1520, SUCCESS, logIndex=2153, commits[aeb608e6-131f-44e0-aa35-97c12a2f72a3:c2154, b6a0d396-0e26-402b-ac58-4f0615a4fad6:c2150, 8b17640a-2548-4323-bd97-ba3488877b23:c2150]
2019-08-20 11:35:38,490 INFO  client.GrpcClientProtocolClient (GrpcClientProtocolClient.java:onNext(255)) - client-FC58CAF12498->aeb608e6-131f-44e0-aa35-97c12a2f72a3: receive RaftClientReply:client-FC58CAF12498->aeb608e6-131f-44e0-aa35-97c12a2f72a3@group-3F41E8AD953A, cid=1521, SUCCESS, logIndex=2154, commits[aeb608e6-131f-44e0-aa35-97c12a2f72a3:c2154, b6a0d396-0e26-402b-ac58-4f0615a4fad6:c2150, 8b17640a-2548-4323-bd97-ba3488877b23:c2150]
2019-08-20 11:35:38,503 INFO  client.GrpcClientProtocolClient (GrpcClientProtocolClient.java:onNext(255)) - client-FC58CAF12498->aeb608e6-131f-44e0-aa35-97c12a2f72a3: receive RaftClientReply:client-FC58CAF12498->aeb608e6-131f-44e0-aa35-97c12a2f72a3@group-3F41E8AD953A, cid=1522, SUCCESS, logIndex=0, commits[aeb608e6-131f-44e0-aa35-97c12a2f72a3:c2158, b6a0d396-0e26-402b-ac58-4f0615a4fad6:c2154, 8b17640a-2548-4323-bd97-ba3488877b23:c2152]
2019-08-20 11:35:38,532 INFO  client.GrpcClientProtocolClient (GrpcClientProtocolClient.java:onNext(255)) - client-FC58CAF12498->aeb608e6-131f-44e0-aa35-97c12a2f72a3: receive RaftClientReply:client-FC58CAF12498->aeb608e6-131f-44e0-aa35-97c12a2f72a3@group-3F41E8AD953A, cid=1523, SUCCESS, logIndex=2159, commits[aeb608e6-131f-44e0-aa35-97c12a2f72a3:c2160, b6a0d396-0e26-402b-ac58-4f0615a4fad6:c2158, 8b17640a-2548-4323-bd97-ba3488877b23:c2158]
2019-08-20 11:35:38,532 INFO  client.GrpcClientProtocolClient (GrpcClientProtocolClient.java:onNext(255)) - client-FC58CAF12498->aeb608e6-131f-44e0-aa35-97c12a2f72a3: receive RaftClientReply:client-FC58CAF12498->aeb608e6-131f-44e0-aa35-97c12a2f72a3@group-3F41E8AD953A, cid=1524, SUCCESS, logIndex=2160, commits[aeb608e6-131f-44e0-aa35-97c12a2f72a3:c2160, b6a0d396-0e26-402b-ac58-4f0615a4fad6:c2158, 8b17640a-2548-4323-bd97-ba3488877b23:c2158]
2019-08-20 11:35:38,554 INFO  client.GrpcClientProtocolClient (GrpcClientProtocolClient.java:onNext(255)) - client-FC58CAF12498->aeb608e6-131f-44e0-aa35-97c12a2f72a3: receive RaftClientReply:client-FC58CAF12498->aeb608e6-131f-44e0-aa35-97c12a2f72a3@group-3F41E8AD953A, cid=1525, SUCCESS, logIndex=2163, commits[aeb608e6-131f-44e0-aa35-97c12a2f72a3:c2163, b6a0d396-0e26-402b-ac58-4f0615a4fad6:c2161, 8b17640a-2548-4323-bd97-ba3488877b23:c2161]
2019-08-20 11:35:38,554 INFO  client.GrpcClientProtocolClient (GrpcClientProtocolClient.java:onNext(255)) - client-FC58CAF12498->aeb608e6-131f-44e0-aa35-97c12a2f72a3: receive RaftClientReply:client-FC58CAF12498->aeb608e6-131f-44e0-aa35-97c12a2f72a3@group-3F41E8AD953A, cid=1526, SUCCESS, logIndex=2164, commits[aeb608e6-131f-44e0-aa35-97c12a2f72a3:c2164, b6a0d396-0e26-402b-ac58-4f0615a4fad6:c2161, 8b17640a-2548-4323-bd97-ba3488877b23:c2161]
2019-08-20 11:35:38,580 INFO  client.GrpcClientProtocolClient (GrpcClientProtocolClient.java:onNext(255)) - client-FC58CAF12498->aeb608e6-131f-44e0-aa35-97c12a2f72a3: receive RaftClientReply:client-FC58CAF12498->aeb608e6-131f-44e0-aa35-97c12a2f72a3@group-3F41E8AD953A, cid=1527, SUCCESS, logIndex=0, commits[aeb608e6-131f-44e0-aa35-97c12a2f72a3:c2166, b6a0d396-0e26-402b-ac58-4f0615a4fad6:c2164, 8b17640a-2548-4323-bd97-ba3488877b23:c2164]
2019-08-20 11:35:38,610 INFO  client.GrpcClientProtocolClient (GrpcClientProtocolClient.java:onNext(255)) - client-FC58CAF12498->aeb608e6-131f-44e0-aa35-97c12a2f72a3: receive RaftClientReply:client-FC58CAF12498->aeb608e6-131f-44e0-aa35-97c12a2f72a3@group-3F41E8AD953A, cid=1528, SUCCESS, logIndex=2167, commits[aeb608e6-131f-44e0-aa35-97c12a2f72a3:c2168, b6a0d396-0e26-402b-ac58-4f0615a4fad6:c2166, 8b17640a-2548-4323-bd97-ba3488877b23:c2166]
2019-08-20 11:35:38,610 INFO  client.GrpcClientProtocolClient (GrpcClientProtocolClient.java:onNext(255)) - client-FC58CAF12498->aeb608e6-131f-44e0-aa35-97c12a2f72a3: receive RaftClientReply:client-FC58CAF12498->aeb608e6-131f-44e0-aa35-97c12a2f72a3@group-3F41E8AD953A, cid=1529, SUCCESS, logIndex=2168, commits[aeb608e6-131f-44e0-aa35-97c12a2f72a3:c2170, b6a0d396-0e26-402b-ac58-4f0615a4fad6:c2166, 8b17640a-2548-4323-bd97-ba3488877b23:c2166]
2019-08-20 11:35:38,611 INFO  client.GrpcClientProtocolClient (GrpcClientProtocolClient.java:onNext(255)) - client-FC58CAF12498->aeb608e6-131f-44e0-aa35-97c12a2f72a3: receive RaftClientReply:client-FC58CAF12498->aeb608e6-131f-44e0-aa35-97c12a2f72a3@group-3F41E8AD953A, cid=1530, SUCCESS, logIndex=2169, commits[aeb608e6-131f-44e0-aa35-97c12a2f72a3:c2170, b6a0d396-0e26-402b-ac58-4f0615a4fad6:c2166, 8b17640a-2548-4323-bd97-ba3488877b23:c2166]
2019-08-20 11:35:38,611 INFO  client.GrpcClientProtocolClient (GrpcClientProtocolClient.java:onNext(255)) - client-FC58CAF12498->aeb608e6-131f-44e0-aa35-97c12a2f72a3: receive RaftClientReply:client-FC58CAF12498->aeb608e6-131f-44e0-aa35-97c12a2f72a3@group-3F41E8AD953A, cid=1531, SUCCESS, logIndex=2170, commits[aeb608e6-131f-44e0-aa35-97c12a2f72a3:c2170, b6a0d396-0e26-402b-ac58-4f0615a4fad6:c2166, 8b17640a-2548-4323-bd97-ba3488877b23:c2166]
2019-08-20 11:35:38,632 INFO  client.GrpcClientProtocolClient (GrpcClientProtocolClient.java:onNext(255)) - client-FC58CAF12498->aeb608e6-131f-44e0-aa35-97c12a2f72a3: receive RaftClientReply:client-FC58CAF12498->aeb608e6-131f-44e0-aa35-97c12a2f72a3@group-3F41E8AD953A, cid=1532, SUCCESS, logIndex=0, commits[aeb608e6-131f-44e0-aa35-97c12a2f72a3:c2174, b6a0d396-0e26-402b-ac58-4f0615a4fad6:c2168, 8b17640a-2548-4323-bd97-ba3488877b23:c2170]
2019-08-20 11:35:38,652 INFO  client.GrpcClientProtocolClient (GrpcClientProtocolClient.java:onNext(255)) - client-FC58CAF12498->aeb608e6-131f-44e0-aa35-97c12a2f72a3: receive RaftClientReply:client-FC58CAF12498->aeb608e6-131f-44e0-aa35-97c12a2f72a3@group-3F41E8AD953A, cid=1533, SUCCESS, logIndex=2175, commits[aeb608e6-131f-44e0-aa35-97c12a2f72a3:c2176, b6a0d396-0e26-402b-ac58-4f0615a4fad6:c2174, 8b17640a-2548-4323-bd97-ba3488877b23:c2174]
2019-08-20 11:35:38,653 INFO  client.GrpcClientProtocolClient (GrpcClientProtocolClient.java:onNext(255)) - client-FC58CAF12498->aeb608e6-131f-44e0-aa35-97c12a2f72a3: receive RaftClientReply:client-FC58CAF12498->aeb608e6-131f-44e0-aa35-97c12a2f72a3@group-3F41E8AD953A, cid=1534, SUCCESS, logIndex=2176, commits[aeb608e6-131f-44e0-aa35-97c12a2f72a3:c2176, b6a0d396-0e26-402b-ac58-4f0615a4fad6:c2174, 8b17640a-2548-4323-bd97-ba3488877b23:c2174]
2019-08-20 11:35:38,666 INFO  client.GrpcClientProtocolClient (GrpcClientProtocolClient.java:onNext(255)) - client-FC58CAF12498->aeb608e6-131f-44e0-aa35-97c12a2f72a3: receive RaftClientReply:client-FC58CAF12498->aeb608e6-131f-44e0-aa35-97c12a2f72a3@group-3F41E8AD953A, cid=1535, SUCCESS, logIndex=2179, commits[aeb608e6-131f-44e0-aa35-97c12a2f72a3:c2180, b6a0d396-0e26-402b-ac58-4f0615a4fad6:c2176, 8b17640a-2548-4323-bd97-ba3488877b23:c2175]
2019-08-20 11:35:38,667 INFO  client.GrpcClientProtocolClient (GrpcClientProtocolClient.java:onNext(255)) - client-FC58CAF12498->aeb608e6-131f-44e0-aa35-97c12a2f72a3: receive RaftClientReply:client-FC58CAF12498->aeb608e6-131f-44e0-aa35-97c12a2f72a3@group-3F41E8AD953A, cid=1536, SUCCESS, logIndex=2180, commits[aeb608e6-131f-44e0-aa35-97c12a2f72a3:c2180, b6a0d396-0e26-402b-ac58-4f0615a4fad6:c2176, 8b17640a-2548-4323-bd97-ba3488877b23:c2176]
2019-08-20 11:35:38,668 INFO  client.GrpcClientProtocolClient (GrpcClientProtocolClient.java:onNext(255)) - client-FC58CAF12498->aeb608e6-131f-44e0-aa35-97c12a2f72a3: receive RaftClientReply:client-FC58CAF12498->aeb608e6-131f-44e0-aa35-97c12a2f72a3@group-3F41E8AD953A, cid=1537, SUCCESS, logIndex=0, commits[aeb608e6-131f-44e0-aa35-97c12a2f72a3:c2182, b6a0d396-0e26-402b-ac58-4f0615a4fad6:c2180, 8b17640a-2548-4323-bd97-ba3488877b23:c2180]
2019-08-20 11:35:38,698 INFO  client.GrpcClientProtocolClient (GrpcClientProtocolClient.java:onNext(255)) - client-FC58CAF12498->aeb608e6-131f-44e0-aa35-97c12a2f72a3: receive RaftClientReply:client-FC58CAF12498->aeb608e6-131f-44e0-aa35-97c12a2f72a3@group-3F41E8AD953A, cid=1538, SUCCESS, logIndex=2183, commits[aeb608e6-131f-44e0-aa35-97c12a2f72a3:c2184, b6a0d396-0e26-402b-ac58-4f0615a4fad6:c2182, 8b17640a-2548-4323-bd97-ba3488877b23:c2182]
2019-08-20 11:35:38,699 INFO  client.GrpcClientProtocolClient (GrpcClientProtocolClient.java:onNext(255)) - client-FC58CAF12498->aeb608e6-131f-44e0-aa35-97c12a2f72a3: receive RaftClientReply:client-FC58CAF12498->aeb608e6-131f-44e0-aa35-97c12a2f72a3@group-3F41E8AD953A, cid=1539, SUCCESS, logIndex=2184, commits[aeb608e6-131f-44e0-aa35-97c12a2f72a3:c2184, b6a0d396-0e26-402b-ac58-4f0615a4fad6:c2182, 8b17640a-2548-4323-bd97-ba3488877b23:c2182]
2019-08-20 11:35:38,849 INFO  client.GrpcClientProtocolClient (GrpcClientProtocolClient.java:onNext(255)) - client-FC58CAF12498->aeb608e6-131f-44e0-aa35-97c12a2f72a3: receive RaftClientReply:client-FC58CAF12498->aeb608e6-131f-44e0-aa35-97c12a2f72a3@group-3F41E8AD953A, cid=1540, SUCCESS, logIndex=2185, commits[aeb608e6-131f-44e0-aa35-97c12a2f72a3:c2186, b6a0d396-0e26-402b-ac58-4f0615a4fad6:c2182, 8b17640a-2548-4323-bd97-ba3488877b23:c2182]
2019-08-20 11:35:38,850 INFO  client.GrpcClientProtocolClient (GrpcClientProtocolClient.java:onNext(255)) - client-FC58CAF12498->aeb608e6-131f-44e0-aa35-97c12a2f72a3: receive RaftClientReply:client-FC58CAF12498->aeb608e6-131f-44e0-aa35-97c12a2f72a3@group-3F41E8AD953A, cid=1541, SUCCESS, logIndex=2186, commits[aeb608e6-131f-44e0-aa35-97c12a2f72a3:c2188, b6a0d396-0e26-402b-ac58-4f0615a4fad6:c2183, 8b17640a-2548-4323-bd97-ba3488877b23:c2184]
2019-08-20 11:35:38,851 INFO  client.GrpcClientProtocolClient (GrpcClientProtocolClient.java:onNext(255)) - client-FC58CAF12498->aeb608e6-131f-44e0-aa35-97c12a2f72a3: receive RaftClientReply:client-FC58CAF12498->aeb608e6-131f-44e0-aa35-97c12a2f72a3@group-3F41E8AD953A, cid=1542, SUCCESS, logIndex=0, commits[aeb608e6-131f-44e0-aa35-97c12a2f72a3:c2188, b6a0d396-0e26-402b-ac58-4f0615a4fad6:c2184, 8b17640a-2548-4323-bd97-ba3488877b23:c2184]
2019-08-20 11:35:38,875 INFO  client.GrpcClientProtocolClient (GrpcClientProtocolClient.java:onNext(255)) - client-FC58CAF12498->aeb608e6-131f-44e0-aa35-97c12a2f72a3: receive RaftClientReply:client-FC58CAF12498->aeb608e6-131f-44e0-aa35-97c12a2f72a3@group-3F41E8AD953A, cid=1543, SUCCESS, logIndex=2191, commits[aeb608e6-131f-44e0-aa35-97c12a2f72a3:c2192, b6a0d396-0e26-402b-ac58-4f0615a4fad6:c2188, 8b17640a-2548-4323-bd97-ba3488877b23:c2188]
2019-08-20 11:35:38,876 INFO  client.GrpcClientProtocolClient (GrpcClientProtocolClient.java:onNext(255)) - client-FC58CAF12498->aeb608e6-131f-44e0-aa35-97c12a2f72a3: receive RaftClientReply:client-FC58CAF12498->aeb608e6-131f-44e0-aa35-97c12a2f72a3@group-3F41E8AD953A, cid=1544, SUCCESS, logIndex=2192, commits[aeb608e6-131f-44e0-aa35-97c12a2f72a3:c2192, b6a0d396-0e26-402b-ac58-4f0615a4fad6:c2188, 8b17640a-2548-4323-bd97-ba3488877b23:c2188]
2019-08-20 11:35:38,901 INFO  client.GrpcClientProtocolClient (GrpcClientProtocolClient.java:onNext(255)) - client-FC58CAF12498->aeb608e6-131f-44e0-aa35-97c12a2f72a3: receive RaftClientReply:client-FC58CAF12498->aeb608e6-131f-44e0-aa35-97c12a2f72a3@group-3F41E8AD953A, cid=1545, SUCCESS, logIndex=2195, commits[aeb608e6-131f-44e0-aa35-97c12a2f72a3:c2196, b6a0d396-0e26-402b-ac58-4f0615a4fad6:c2192, 8b17640a-2548-4323-bd97-ba3488877b23:c2192]
2019-08-20 11:35:38,901 INFO  client.GrpcClientProtocolClient (GrpcClientProtocolClient.java:onNext(255)) - client-FC58CAF12498->aeb608e6-131f-44e0-aa35-97c12a2f72a3: receive RaftClientReply:client-FC58CAF12498->aeb608e6-131f-44e0-aa35-97c12a2f72a3@group-3F41E8AD953A, cid=1546, SUCCESS, logIndex=2196, commits[aeb608e6-131f-44e0-aa35-97c12a2f72a3:c2196, b6a0d396-0e26-402b-ac58-4f0615a4fad6:c2192, 8b17640a-2548-4323-bd97-ba3488877b23:c2192]
2019-08-20 11:35:38,912 INFO  client.GrpcClientProtocolClient (GrpcClientProtocolClient.java:onNext(255)) - client-FC58CAF12498->aeb608e6-131f-44e0-aa35-97c12a2f72a3: receive RaftClientReply:client-FC58CAF12498->aeb608e6-131f-44e0-aa35-97c12a2f72a3@group-3F41E8AD953A, cid=1547, SUCCESS, logIndex=0, commits[aeb608e6-131f-44e0-aa35-97c12a2f72a3:c2197, b6a0d396-0e26-402b-ac58-4f0615a4fad6:c2196, 8b17640a-2548-4323-bd97-ba3488877b23:c2196]
2019-08-20 11:35:38,947 INFO  client.GrpcClientProtocolClient (GrpcClientProtocolClient.java:onNext(255)) - client-FC58CAF12498->aeb608e6-131f-44e0-aa35-97c12a2f72a3: receive RaftClientReply:client-FC58CAF12498->aeb608e6-131f-44e0-aa35-97c12a2f72a3@group-3F41E8AD953A, cid=1548, SUCCESS, logIndex=2199, commits[aeb608e6-131f-44e0-aa35-97c12a2f72a3:c2200, b6a0d396-0e26-402b-ac58-4f0615a4fad6:c2198, 8b17640a-2548-4323-bd97-ba3488877b23:c2198]
2019-08-20 11:35:38,948 INFO  client.GrpcClientProtocolClient (GrpcClientProtocolClient.java:onNext(255)) - client-FC58CAF12498->aeb608e6-131f-44e0-aa35-97c12a2f72a3: receive RaftClientReply:client-FC58CAF12498->aeb608e6-131f-44e0-aa35-97c12a2f72a3@group-3F41E8AD953A, cid=1549, SUCCESS, logIndex=2200, commits[aeb608e6-131f-44e0-aa35-97c12a2f72a3:c2201, b6a0d396-0e26-402b-ac58-4f0615a4fad6:c2198, 8b17640a-2548-4323-bd97-ba3488877b23:c2198]
2019-08-20 11:35:38,948 INFO  client.GrpcClientProtocolClient (GrpcClientProtocolClient.java:onNext(255)) - client-FC58CAF12498->aeb608e6-131f-44e0-aa35-97c12a2f72a3: receive RaftClientReply:client-FC58CAF12498->aeb608e6-131f-44e0-aa35-97c12a2f72a3@group-3F41E8AD953A, cid=1550, SUCCESS, logIndex=2201, commits[aeb608e6-131f-44e0-aa35-97c12a2f72a3:c2202, b6a0d396-0e26-402b-ac58-4f0615a4fad6:c2198, 8b17640a-2548-4323-bd97-ba3488877b23:c2198]
2019-08-20 11:35:38,949 INFO  client.GrpcClientProtocolClient (GrpcClientProtocolClient.java:onNext(255)) - client-FC58CAF12498->aeb608e6-131f-44e0-aa35-97c12a2f72a3: receive RaftClientReply:client-FC58CAF12498->aeb608e6-131f-44e0-aa35-97c12a2f72a3@group-3F41E8AD953A, cid=1551, SUCCESS, logIndex=2202, commits[aeb608e6-131f-44e0-aa35-97c12a2f72a3:c2203, b6a0d396-0e26-402b-ac58-4f0615a4fad6:c2198, 8b17640a-2548-4323-bd97-ba3488877b23:c2199]
2019-08-20 11:35:38,962 INFO  client.GrpcClientProtocolClient (GrpcClientProtocolClient.java:onNext(255)) - client-FC58CAF12498->aeb608e6-131f-44e0-aa35-97c12a2f72a3: receive RaftClientReply:client-FC58CAF12498->aeb608e6-131f-44e0-aa35-97c12a2f72a3@group-3F41E8AD953A, cid=1552, SUCCESS, logIndex=0, commits[aeb608e6-131f-44e0-aa35-97c12a2f72a3:c2204, b6a0d396-0e26-402b-ac58-4f0615a4fad6:c2200, 8b17640a-2548-4323-bd97-ba3488877b23:c2200]
2019-08-20 11:35:38,983 INFO  client.GrpcClientProtocolClient (GrpcClientProtocolClient.java:onNext(255)) - client-FC58CAF12498->aeb608e6-131f-44e0-aa35-97c12a2f72a3: receive RaftClientReply:client-FC58CAF12498->aeb608e6-131f-44e0-aa35-97c12a2f72a3@group-3F41E8AD953A, cid=1553, SUCCESS, logIndex=2207, commits[aeb608e6-131f-44e0-aa35-97c12a2f72a3:c2208, b6a0d396-0e26-402b-ac58-4f0615a4fad6:c2206, 8b17640a-2548-4323-bd97-ba3488877b23:c2206]
2019-08-20 11:35:38,984 INFO  client.GrpcClientProtocolClient (GrpcClientProtocolClient.java:onNext(255)) - client-FC58CAF12498->aeb608e6-131f-44e0-aa35-97c12a2f72a3: receive RaftClientReply:client-FC58CAF12498->aeb608e6-131f-44e0-aa35-97c12a2f72a3@group-3F41E8AD953A, cid=1554, SUCCESS, logIndex=2208, commits[aeb608e6-131f-44e0-aa35-97c12a2f72a3:c2208, b6a0d396-0e26-402b-ac58-4f0615a4fad6:c2206, 8b17640a-2548-4323-bd97-ba3488877b23:c2206]
2019-08-20 11:35:39,008 INFO  client.GrpcClientProtocolClient (GrpcClientProtocolClient.java:onNext(255)) - client-FC58CAF12498->aeb608e6-131f-44e0-aa35-97c12a2f72a3: receive RaftClientReply:client-FC58CAF12498->aeb608e6-131f-44e0-aa35-97c12a2f72a3@group-3F41E8AD953A, cid=1555, SUCCESS, logIndex=2211, commits[aeb608e6-131f-44e0-aa35-97c12a2f72a3:c2212, b6a0d396-0e26-402b-ac58-4f0615a4fad6:c2208, 8b17640a-2548-4323-bd97-ba3488877b23:c2208]
2019-08-20 11:35:39,009 INFO  client.GrpcClientProtocolClient (GrpcClientProtocolClient.java:onNext(255)) - client-FC58CAF12498->aeb608e6-131f-44e0-aa35-97c12a2f72a3: receive RaftClientReply:client-FC58CAF12498->aeb608e6-131f-44e0-aa35-97c12a2f72a3@group-3F41E8AD953A, cid=1556, SUCCESS, logIndex=2212, commits[aeb608e6-131f-44e0-aa35-97c12a2f72a3:c2212, b6a0d396-0e26-402b-ac58-4f0615a4fad6:c2208, 8b17640a-2548-4323-bd97-ba3488877b23:c2208]
2019-08-20 11:35:39,013 INFO  client.GrpcClientProtocolClient (GrpcClientProtocolClient.java:onNext(255)) - client-FC58CAF12498->aeb608e6-131f-44e0-aa35-97c12a2f72a3: receive RaftClientReply:client-FC58CAF12498->aeb608e6-131f-44e0-aa35-97c12a2f72a3@group-3F41E8AD953A, cid=1557, SUCCESS, logIndex=0, commits[aeb608e6-131f-44e0-aa35-97c12a2f72a3:c2214, b6a0d396-0e26-402b-ac58-4f0615a4fad6:c2212, 8b17640a-2548-4323-bd97-ba3488877b23:c2212]
2019-08-20 11:35:39,042 INFO  client.GrpcClientProtocolClient (GrpcClientProtocolClient.java:onNext(255)) - client-FC58CAF12498->aeb608e6-131f-44e0-aa35-97c12a2f72a3: receive RaftClientReply:client-FC58CAF12498->aeb608e6-131f-44e0-aa35-97c12a2f72a3@group-3F41E8AD953A, cid=1558, SUCCESS, logIndex=2215, commits[aeb608e6-131f-44e0-aa35-97c12a2f72a3:c2216, b6a0d396-0e26-402b-ac58-4f0615a4fad6:c2214, 8b17640a-2548-4323-bd97-ba3488877b23:c2214]
2019-08-20 11:35:39,043 INFO  client.GrpcClientProtocolClient (GrpcClientProtocolClient.java:onNext(255)) - client-FC58CAF12498->aeb608e6-131f-44e0-aa35-97c12a2f72a3: receive RaftClientReply:client-FC58CAF12498->aeb608e6-131f-44e0-aa35-97c12a2f72a3@group-3F41E8AD953A, cid=1559, SUCCESS, logIndex=2216, commits[aeb608e6-131f-44e0-aa35-97c12a2f72a3:c2216, b6a0d396-0e26-402b-ac58-4f0615a4fad6:c2214, 8b17640a-2548-4323-bd97-ba3488877b23:c2214]
2019-08-20 11:35:39,052 INFO  client.GrpcClientProtocolClient (GrpcClientProtocolClient.java:onNext(255)) - client-FC58CAF12498->aeb608e6-131f-44e0-aa35-97c12a2f72a3: receive RaftClientReply:client-FC58CAF12498->aeb608e6-131f-44e0-aa35-97c12a2f72a3@group-3F41E8AD953A, cid=1560, SUCCESS, logIndex=2217, commits[aeb608e6-131f-44e0-aa35-97c12a2f72a3:c2218, b6a0d396-0e26-402b-ac58-4f0615a4fad6:c2214, 8b17640a-2548-4323-bd97-ba3488877b23:c2214]
2019-08-20 11:35:39,052 INFO  client.GrpcClientProtocolClient (GrpcClientProtocolClient.java:onNext(255)) - client-FC58CAF12498->aeb608e6-131f-44e0-aa35-97c12a2f72a3: receive RaftClientReply:client-FC58CAF12498->aeb608e6-131f-44e0-aa35-97c12a2f72a3@group-3F41E8AD953A, cid=1561, SUCCESS, logIndex=2218, commits[aeb608e6-131f-44e0-aa35-97c12a2f72a3:c2218, b6a0d396-0e26-402b-ac58-4f0615a4fad6:c2214, 8b17640a-2548-4323-bd97-ba3488877b23:c2214]
2019-08-20 11:35:39,054 INFO  client.GrpcClientProtocolClient (GrpcClientProtocolClient.java:onNext(255)) - client-FC58CAF12498->aeb608e6-131f-44e0-aa35-97c12a2f72a3: receive RaftClientReply:client-FC58CAF12498->aeb608e6-131f-44e0-aa35-97c12a2f72a3@group-3F41E8AD953A, cid=1562, SUCCESS, logIndex=0, commits[aeb608e6-131f-44e0-aa35-97c12a2f72a3:c2220, b6a0d396-0e26-402b-ac58-4f0615a4fad6:c2216, 8b17640a-2548-4323-bd97-ba3488877b23:c2216]
2019-08-20 11:35:39,080 INFO  client.GrpcClientProtocolClient (GrpcClientProtocolClient.java:onNext(255)) - client-FC58CAF12498->aeb608e6-131f-44e0-aa35-97c12a2f72a3: receive RaftClientReply:client-FC58CAF12498->aeb608e6-131f-44e0-aa35-97c12a2f72a3@group-3F41E8AD953A, cid=1563, SUCCESS, logIndex=2223, commits[aeb608e6-131f-44e0-aa35-97c12a2f72a3:c2224, b6a0d396-0e26-402b-ac58-4f0615a4fad6:c2222, 8b17640a-2548-4323-bd97-ba3488877b23:c2222]
2019-08-20 11:35:39,080 INFO  client.GrpcClientProtocolClient (GrpcClientProtocolClient.java:onNext(255)) - client-FC58CAF12498->aeb608e6-131f-44e0-aa35-97c12a2f72a3: receive RaftClientReply:client-FC58CAF12498->aeb608e6-131f-44e0-aa35-97c12a2f72a3@group-3F41E8AD953A, cid=1564, SUCCESS, logIndex=2224, commits[aeb608e6-131f-44e0-aa35-97c12a2f72a3:c2224, b6a0d396-0e26-402b-ac58-4f0615a4fad6:c2222, 8b17640a-2548-4323-bd97-ba3488877b23:c2222]
2019-08-20 11:35:39,104 INFO  client.GrpcClientProtocolClient (GrpcClientProtocolClient.java:onNext(255)) - client-FC58CAF12498->aeb608e6-131f-44e0-aa35-97c12a2f72a3: receive RaftClientReply:client-FC58CAF12498->aeb608e6-131f-44e0-aa35-97c12a2f72a3@group-3F41E8AD953A, cid=1565, SUCCESS, logIndex=2227, commits[aeb608e6-131f-44e0-aa35-97c12a2f72a3:c2228, b6a0d396-0e26-402b-ac58-4f0615a4fad6:c2224, 8b17640a-2548-4323-bd97-ba3488877b23:c2224]
2019-08-20 11:35:39,104 INFO  client.GrpcClientProtocolClient (GrpcClientProtocolClient.java:onNext(255)) - client-FC58CAF12498->aeb608e6-131f-44e0-aa35-97c12a2f72a3: receive RaftClientReply:client-FC58CAF12498->aeb608e6-131f-44e0-aa35-97c12a2f72a3@group-3F41E8AD953A, cid=1566, SUCCESS, logIndex=2228, commits[aeb608e6-131f-44e0-aa35-97c12a2f72a3:c2228, b6a0d396-0e26-402b-ac58-4f0615a4fad6:c2224, 8b17640a-2548-4323-bd97-ba3488877b23:c2224]
2019-08-20 11:35:39,129 INFO  client.GrpcClientProtocolClient (GrpcClientProtocolClient.java:onNext(255)) - client-FC58CAF12498->aeb608e6-131f-44e0-aa35-97c12a2f72a3: receive RaftClientReply:client-FC58CAF12498->aeb608e6-131f-44e0-aa35-97c12a2f72a3@group-3F41E8AD953A, cid=1567, SUCCESS, logIndex=0, commits[aeb608e6-131f-44e0-aa35-97c12a2f72a3:c2229, b6a0d396-0e26-402b-ac58-4f0615a4fad6:c2228, 8b17640a-2548-4323-bd97-ba3488877b23:c2228]
2019-08-20 11:35:39,172 INFO  client.GrpcClientProtocolClient (GrpcClientProtocolClient.java:onNext(255)) - client-FC58CAF12498->aeb608e6-131f-44e0-aa35-97c12a2f72a3: receive RaftClientReply:client-FC58CAF12498->aeb608e6-131f-44e0-aa35-97c12a2f72a3@group-3F41E8AD953A, cid=1568, SUCCESS, logIndex=2231, commits[aeb608e6-131f-44e0-aa35-97c12a2f72a3:c2234, b6a0d396-0e26-402b-ac58-4f0615a4fad6:c2230, 8b17640a-2548-4323-bd97-ba3488877b23:c2230]
2019-08-20 11:35:39,173 INFO  client.GrpcClientProtocolClient (GrpcClientProtocolClient.java:onNext(255)) - client-FC58CAF12498->aeb608e6-131f-44e0-aa35-97c12a2f72a3: receive RaftClientReply:client-FC58CAF12498->aeb608e6-131f-44e0-aa35-97c12a2f72a3@group-3F41E8AD953A, cid=1569, SUCCESS, logIndex=2232, commits[aeb608e6-131f-44e0-aa35-97c12a2f72a3:c2234, b6a0d396-0e26-402b-ac58-4f0615a4fad6:c2230, 8b17640a-2548-4323-bd97-ba3488877b23:c2230]
2019-08-20 11:35:39,173 INFO  client.GrpcClientProtocolClient (GrpcClientProtocolClient.java:onNext(255)) - client-FC58CAF12498->aeb608e6-131f-44e0-aa35-97c12a2f72a3: receive RaftClientReply:client-FC58CAF12498->aeb608e6-131f-44e0-aa35-97c12a2f72a3@group-3F41E8AD953A, cid=1570, SUCCESS, logIndex=2233, commits[aeb608e6-131f-44e0-aa35-97c12a2f72a3:c2234, b6a0d396-0e26-402b-ac58-4f0615a4fad6:c2230, 8b17640a-2548-4323-bd97-ba3488877b23:c2230]
2019-08-20 11:35:39,174 INFO  client.GrpcClientProtocolClient (GrpcClientProtocolClient.java:onNext(255)) - client-FC58CAF12498->aeb608e6-131f-44e0-aa35-97c12a2f72a3: receive RaftClientReply:client-FC58CAF12498->aeb608e6-131f-44e0-aa35-97c12a2f72a3@group-3F41E8AD953A, cid=1571, SUCCESS, logIndex=2234, commits[aeb608e6-131f-44e0-aa35-97c12a2f72a3:c2234, b6a0d396-0e26-402b-ac58-4f0615a4fad6:c2230, 8b17640a-2548-4323-bd97-ba3488877b23:c2230]
2019-08-20 11:35:39,184 INFO  client.GrpcClientProtocolClient (GrpcClientProtocolClient.java:onNext(255)) - client-FC58CAF12498->aeb608e6-131f-44e0-aa35-97c12a2f72a3: receive RaftClientReply:client-FC58CAF12498->aeb608e6-131f-44e0-aa35-97c12a2f72a3@group-3F41E8AD953A, cid=1572, SUCCESS, logIndex=0, commits[aeb608e6-131f-44e0-aa35-97c12a2f72a3:c2235, b6a0d396-0e26-402b-ac58-4f0615a4fad6:c2234, 8b17640a-2548-4323-bd97-ba3488877b23:c2234]
2019-08-20 11:35:39,198 INFO  client.GrpcClientProtocolClient (GrpcClientProtocolClient.java:onNext(255)) - client-FC58CAF12498->aeb608e6-131f-44e0-aa35-97c12a2f72a3: receive RaftClientReply:client-FC58CAF12498->aeb608e6-131f-44e0-aa35-97c12a2f72a3@group-3F41E8AD953A, cid=1573, SUCCESS, logIndex=2237, commits[aeb608e6-131f-44e0-aa35-97c12a2f72a3:c2238, b6a0d396-0e26-402b-ac58-4f0615a4fad6:c2235, 8b17640a-2548-4323-bd97-ba3488877b23:c2235]
2019-08-20 11:35:39,199 INFO  client.GrpcClientProtocolClient (GrpcClientProtocolClient.java:onNext(255)) - client-FC58CAF12498->aeb608e6-131f-44e0-aa35-97c12a2f72a3: receive RaftClientReply:client-FC58CAF12498->aeb608e6-131f-44e0-aa35-97c12a2f72a3@group-3F41E8AD953A, cid=1574, SUCCESS, logIndex=2238, commits[aeb608e6-131f-44e0-aa35-97c12a2f72a3:c2238, b6a0d396-0e26-402b-ac58-4f0615a4fad6:c2235, 8b17640a-2548-4323-bd97-ba3488877b23:c2235]
2019-08-20 11:35:39,213 INFO  client.GrpcClientProtocolClient (GrpcClientProtocolClient.java:onNext(255)) - client-FC58CAF12498->aeb608e6-131f-44e0-aa35-97c12a2f72a3: receive RaftClientReply:client-FC58CAF12498->aeb608e6-131f-44e0-aa35-97c12a2f72a3@group-3F41E8AD953A, cid=1575, SUCCESS, logIndex=2241, commits[aeb608e6-131f-44e0-aa35-97c12a2f72a3:c2241, b6a0d396-0e26-402b-ac58-4f0615a4fad6:c2238, 8b17640a-2548-4323-bd97-ba3488877b23:c2238]
2019-08-20 11:35:39,214 INFO  client.GrpcClientProtocolClient (GrpcClientProtocolClient.java:onNext(255)) - client-FC58CAF12498->aeb608e6-131f-44e0-aa35-97c12a2f72a3: receive RaftClientReply:client-FC58CAF12498->aeb608e6-131f-44e0-aa35-97c12a2f72a3@group-3F41E8AD953A, cid=1576, SUCCESS, logIndex=2242, commits[aeb608e6-131f-44e0-aa35-97c12a2f72a3:c2242, b6a0d396-0e26-402b-ac58-4f0615a4fad6:c2238, 8b17640a-2548-4323-bd97-ba3488877b23:c2238]
2019-08-20 11:35:39,228 INFO  client.GrpcClientProtocolClient (GrpcClientProtocolClient.java:onNext(255)) - client-FC58CAF12498->aeb608e6-131f-44e0-aa35-97c12a2f72a3: receive RaftClientReply:client-FC58CAF12498->aeb608e6-131f-44e0-aa35-97c12a2f72a3@group-3F41E8AD953A, cid=1577, SUCCESS, logIndex=0, commits[aeb608e6-131f-44e0-aa35-97c12a2f72a3:c2243, b6a0d396-0e26-402b-ac58-4f0615a4fad6:c2242, 8b17640a-2548-4323-bd97-ba3488877b23:c2242]
2019-08-20 11:35:39,262 INFO  client.GrpcClientProtocolClient (GrpcClientProtocolClient.java:onNext(255)) - client-FC58CAF12498->aeb608e6-131f-44e0-aa35-97c12a2f72a3: receive RaftClientReply:client-FC58CAF12498->aeb608e6-131f-44e0-aa35-97c12a2f72a3@group-3F41E8AD953A, cid=1578, SUCCESS, logIndex=2245, commits[aeb608e6-131f-44e0-aa35-97c12a2f72a3:c2246, b6a0d396-0e26-402b-ac58-4f0615a4fad6:c2244, 8b17640a-2548-4323-bd97-ba3488877b23:c2244]
2019-08-20 11:35:39,263 INFO  client.GrpcClientProtocolClient (GrpcClientProtocolClient.java:onNext(255)) - client-FC58CAF12498->aeb608e6-131f-44e0-aa35-97c12a2f72a3: receive RaftClientReply:client-FC58CAF12498->aeb608e6-131f-44e0-aa35-97c12a2f72a3@group-3F41E8AD953A, cid=1579, SUCCESS, logIndex=2246, commits[aeb608e6-131f-44e0-aa35-97c12a2f72a3:c2247, b6a0d396-0e26-402b-ac58-4f0615a4fad6:c2244, 8b17640a-2548-4323-bd97-ba3488877b23:c2244]
2019-08-20 11:35:39,263 INFO  client.GrpcClientProtocolClient (GrpcClientProtocolClient.java:onNext(255)) - client-FC58CAF12498->aeb608e6-131f-44e0-aa35-97c12a2f72a3: receive RaftClientReply:client-FC58CAF12498->aeb608e6-131f-44e0-aa35-97c12a2f72a3@group-3F41E8AD953A, cid=1580, SUCCESS, logIndex=2247, commits[aeb608e6-131f-44e0-aa35-97c12a2f72a3:c2248, b6a0d396-0e26-402b-ac58-4f0615a4fad6:c2244, 8b17640a-2548-4323-bd97-ba3488877b23:c2244]
2019-08-20 11:35:39,264 INFO  client.GrpcClientProtocolClient (GrpcClientProtocolClient.java:onNext(255)) - client-FC58CAF12498->aeb608e6-131f-44e0-aa35-97c12a2f72a3: receive RaftClientReply:client-FC58CAF12498->aeb608e6-131f-44e0-aa35-97c12a2f72a3@group-3F41E8AD953A, cid=1581, SUCCESS, logIndex=2248, commits[aeb608e6-131f-44e0-aa35-97c12a2f72a3:c2249, b6a0d396-0e26-402b-ac58-4f0615a4fad6:c2244, 8b17640a-2548-4323-bd97-ba3488877b23:c2246]
2019-08-20 11:35:39,273 INFO  client.GrpcClientProtocolClient (GrpcClientProtocolClient.java:onNext(255)) - client-FC58CAF12498->aeb608e6-131f-44e0-aa35-97c12a2f72a3: receive RaftClientReply:client-FC58CAF12498->aeb608e6-131f-44e0-aa35-97c12a2f72a3@group-3F41E8AD953A, cid=1582, SUCCESS, logIndex=0, commits[aeb608e6-131f-44e0-aa35-97c12a2f72a3:c2250, b6a0d396-0e26-402b-ac58-4f0615a4fad6:c2246, 8b17640a-2548-4323-bd97-ba3488877b23:c2246]
2019-08-20 11:35:39,286 INFO  client.GrpcClientProtocolClient (GrpcClientProtocolClient.java:onNext(255)) - client-FC58CAF12498->aeb608e6-131f-44e0-aa35-97c12a2f72a3: receive RaftClientReply:client-FC58CAF12498->aeb608e6-131f-44e0-aa35-97c12a2f72a3@group-3F41E8AD953A, cid=1583, SUCCESS, logIndex=2253, commits[aeb608e6-131f-44e0-aa35-97c12a2f72a3:c2254, b6a0d396-0e26-402b-ac58-4f0615a4fad6:c2248, 8b17640a-2548-4323-bd97-ba3488877b23:c2250]
2019-08-20 11:35:39,286 INFO  client.GrpcClientProtocolClient (GrpcClientProtocolClient.java:onNext(255)) - client-FC58CAF12498->aeb608e6-131f-44e0-aa35-97c12a2f72a3: receive RaftClientReply:client-FC58CAF12498->aeb608e6-131f-44e0-aa35-97c12a2f72a3@group-3F41E8AD953A, cid=1584, SUCCESS, logIndex=2254, commits[aeb608e6-131f-44e0-aa35-97c12a2f72a3:c2254, b6a0d396-0e26-402b-ac58-4f0615a4fad6:c2248, 8b17640a-2548-4323-bd97-ba3488877b23:c2250]
2019-08-20 11:35:39,304 INFO  client.GrpcClientProtocolClient (GrpcClientProtocolClient.java:onNext(255)) - client-FC58CAF12498->aeb608e6-131f-44e0-aa35-97c12a2f72a3: receive RaftClientReply:client-FC58CAF12498->aeb608e6-131f-44e0-aa35-97c12a2f72a3@group-3F41E8AD953A, cid=1585, SUCCESS, logIndex=2257, commits[aeb608e6-131f-44e0-aa35-97c12a2f72a3:c2258, b6a0d396-0e26-402b-ac58-4f0615a4fad6:c2256, 8b17640a-2548-4323-bd97-ba3488877b23:c2256]
2019-08-20 11:35:39,304 INFO  client.GrpcClientProtocolClient (GrpcClientProtocolClient.java:onNext(255)) - client-FC58CAF12498->aeb608e6-131f-44e0-aa35-97c12a2f72a3: receive RaftClientReply:client-FC58CAF12498->aeb608e6-131f-44e0-aa35-97c12a2f72a3@group-3F41E8AD953A, cid=1586, SUCCESS, logIndex=2258, commits[aeb608e6-131f-44e0-aa35-97c12a2f72a3:c2258, b6a0d396-0e26-402b-ac58-4f0615a4fad6:c2256, 8b17640a-2548-4323-bd97-ba3488877b23:c2256]
2019-08-20 11:35:39,315 INFO  client.GrpcClientProtocolClient (GrpcClientProtocolClient.java:onNext(255)) - client-FC58CAF12498->aeb608e6-131f-44e0-aa35-97c12a2f72a3: receive RaftClientReply:client-FC58CAF12498->aeb608e6-131f-44e0-aa35-97c12a2f72a3@group-3F41E8AD953A, cid=1587, SUCCESS, logIndex=0, commits[aeb608e6-131f-44e0-aa35-97c12a2f72a3:c2260, b6a0d396-0e26-402b-ac58-4f0615a4fad6:c2258, 8b17640a-2548-4323-bd97-ba3488877b23:c2258]
 0.00% |█                                                                                                    |  0/1 Time: 0:00:132019-08-20 11:35:39,339 INFO  client.GrpcClientProtocolClient (GrpcClientProtocolClient.java:onNext(255)) - client-FC58CAF12498->aeb608e6-131f-44e0-aa35-97c12a2f72a3: receive RaftClientReply:client-FC58CAF12498->aeb608e6-131f-44e0-aa35-97c12a2f72a3@group-3F41E8AD953A, cid=1588, SUCCESS, logIndex=2261, commits[aeb608e6-131f-44e0-aa35-97c12a2f72a3:c2262, b6a0d396-0e26-402b-ac58-4f0615a4fad6:c2260, 8b17640a-2548-4323-bd97-ba3488877b23:c2258]
2019-08-20 11:35:39,339 INFO  client.GrpcClientProtocolClient (GrpcClientProtocolClient.java:onNext(255)) - client-FC58CAF12498->aeb608e6-131f-44e0-aa35-97c12a2f72a3: receive RaftClientReply:client-FC58CAF12498->aeb608e6-131f-44e0-aa35-97c12a2f72a3@group-3F41E8AD953A, cid=1589, SUCCESS, logIndex=2262, commits[aeb608e6-131f-44e0-aa35-97c12a2f72a3:c2262, b6a0d396-0e26-402b-ac58-4f0615a4fad6:c2260, 8b17640a-2548-4323-bd97-ba3488877b23:c2258]
2019-08-20 11:35:39,340 INFO  client.GrpcClientProtocolClient (GrpcClientProtocolClient.java:onNext(255)) - client-FC58CAF12498->aeb608e6-131f-44e0-aa35-97c12a2f72a3: receive RaftClientReply:client-FC58CAF12498->aeb608e6-131f-44e0-aa35-97c12a2f72a3@group-3F41E8AD953A, cid=1590, SUCCESS, logIndex=2263, commits[aeb608e6-131f-44e0-aa35-97c12a2f72a3:c2264, b6a0d396-0e26-402b-ac58-4f0615a4fad6:c2260, 8b17640a-2548-4323-bd97-ba3488877b23:c2258]
2019-08-20 11:35:39,340 INFO  client.GrpcClientProtocolClient (GrpcClientProtocolClient.java:onNext(255)) - client-FC58CAF12498->aeb608e6-131f-44e0-aa35-97c12a2f72a3: receive RaftClientReply:client-FC58CAF12498->aeb608e6-131f-44e0-aa35-97c12a2f72a3@group-3F41E8AD953A, cid=1591, SUCCESS, logIndex=2264, commits[aeb608e6-131f-44e0-aa35-97c12a2f72a3:c2264, b6a0d396-0e26-402b-ac58-4f0615a4fad6:c2260, 8b17640a-2548-4323-bd97-ba3488877b23:c2260]
2019-08-20 11:35:39,352 INFO  client.GrpcClientProtocolClient (GrpcClientProtocolClient.java:onNext(255)) - client-FC58CAF12498->aeb608e6-131f-44e0-aa35-97c12a2f72a3: receive RaftClientReply:client-FC58CAF12498->aeb608e6-131f-44e0-aa35-97c12a2f72a3@group-3F41E8AD953A, cid=1592, SUCCESS, logIndex=0, commits[aeb608e6-131f-44e0-aa35-97c12a2f72a3:c2266, b6a0d396-0e26-402b-ac58-4f0615a4fad6:c2262, 8b17640a-2548-4323-bd97-ba3488877b23:c2264]
2019-08-20 11:35:39,366 INFO  client.GrpcClientProtocolClient (GrpcClientProtocolClient.java:onNext(255)) - client-FC58CAF12498->aeb608e6-131f-44e0-aa35-97c12a2f72a3: receive RaftClientReply:client-FC58CAF12498->aeb608e6-131f-44e0-aa35-97c12a2f72a3@group-3F41E8AD953A, cid=1593, SUCCESS, logIndex=2268, commits[aeb608e6-131f-44e0-aa35-97c12a2f72a3:c2269, b6a0d396-0e26-402b-ac58-4f0615a4fad6:c2267, 8b17640a-2548-4323-bd97-ba3488877b23:c2267]
2019-08-20 11:35:39,366 INFO  client.GrpcClientProtocolClient (GrpcClientProtocolClient.java:onNext(255)) - client-FC58CAF12498->aeb608e6-131f-44e0-aa35-97c12a2f72a3: receive RaftClientReply:client-FC58CAF12498->aeb608e6-131f-44e0-aa35-97c12a2f72a3@group-3F41E8AD953A, cid=1594, SUCCESS, logIndex=2269, commits[aeb608e6-131f-44e0-aa35-97c12a2f72a3:c2269, b6a0d396-0e26-402b-ac58-4f0615a4fad6:c2267, 8b17640a-2548-4323-bd97-ba3488877b23:c2267]
2019-08-20 11:35:39,381 INFO  client.GrpcClientProtocolClient (GrpcClientProtocolClient.java:onNext(255)) - client-FC58CAF12498->aeb608e6-131f-44e0-aa35-97c12a2f72a3: receive RaftClientReply:client-FC58CAF12498->aeb608e6-131f-44e0-aa35-97c12a2f72a3@group-3F41E8AD953A, cid=1595, SUCCESS, logIndex=2272, commits[aeb608e6-131f-44e0-aa35-97c12a2f72a3:c2273, b6a0d396-0e26-402b-ac58-4f0615a4fad6:c2269, 8b17640a-2548-4323-bd97-ba3488877b23:c2269]
2019-08-20 11:35:39,381 INFO  client.GrpcClientProtocolClient (GrpcClientProtocolClient.java:onNext(255)) - client-FC58CAF12498->aeb608e6-131f-44e0-aa35-97c12a2f72a3: receive RaftClientReply:client-FC58CAF12498->aeb608e6-131f-44e0-aa35-97c12a2f72a3@group-3F41E8AD953A, cid=1596, SUCCESS, logIndex=2273, commits[aeb608e6-131f-44e0-aa35-97c12a2f72a3:c2273, b6a0d396-0e26-402b-ac58-4f0615a4fad6:c2269, 8b17640a-2548-4323-bd97-ba3488877b23:c2269]
2019-08-20 11:35:39,395 INFO  client.GrpcClientProtocolClient (GrpcClientProtocolClient.java:onNext(255)) - client-FC58CAF12498->aeb608e6-131f-44e0-aa35-97c12a2f72a3: receive RaftClientReply:client-FC58CAF12498->aeb608e6-131f-44e0-aa35-97c12a2f72a3@group-3F41E8AD953A, cid=1597, SUCCESS, logIndex=0, commits[aeb608e6-131f-44e0-aa35-97c12a2f72a3:c2275, b6a0d396-0e26-402b-ac58-4f0615a4fad6:c2273, 8b17640a-2548-4323-bd97-ba3488877b23:c2273]
2019-08-20 11:35:39,425 INFO  client.GrpcClientProtocolClient (GrpcClientProtocolClient.java:onNext(255)) - client-FC58CAF12498->aeb608e6-131f-44e0-aa35-97c12a2f72a3: receive RaftClientReply:client-FC58CAF12498->aeb608e6-131f-44e0-aa35-97c12a2f72a3@group-3F41E8AD953A, cid=1598, SUCCESS, logIndex=2276, commits[aeb608e6-131f-44e0-aa35-97c12a2f72a3:c2277, b6a0d396-0e26-402b-ac58-4f0615a4fad6:c2275, 8b17640a-2548-4323-bd97-ba3488877b23:c2275]
2019-08-20 11:35:39,425 INFO  client.GrpcClientProtocolClient (GrpcClientProtocolClient.java:onNext(255)) - client-FC58CAF12498->aeb608e6-131f-44e0-aa35-97c12a2f72a3: receive RaftClientReply:client-FC58CAF12498->aeb608e6-131f-44e0-aa35-97c12a2f72a3@group-3F41E8AD953A, cid=1599, SUCCESS, logIndex=2277, commits[aeb608e6-131f-44e0-aa35-97c12a2f72a3:c2277, b6a0d396-0e26-402b-ac58-4f0615a4fad6:c2275, 8b17640a-2548-4323-bd97-ba3488877b23:c2275]
2019-08-20 11:35:39,435 INFO  client.GrpcClientProtocolClient (GrpcClientProtocolClient.java:onNext(255)) - client-FC58CAF12498->aeb608e6-131f-44e0-aa35-97c12a2f72a3: receive RaftClientReply:client-FC58CAF12498->aeb608e6-131f-44e0-aa35-97c12a2f72a3@group-3F41E8AD953A, cid=1600, SUCCESS, logIndex=2278, commits[aeb608e6-131f-44e0-aa35-97c12a2f72a3:c2279, b6a0d396-0e26-402b-ac58-4f0615a4fad6:c2275, 8b17640a-2548-4323-bd97-ba3488877b23:c2275]
2019-08-20 11:35:39,435 INFO  client.GrpcClientProtocolClient (GrpcClientProtocolClient.java:onNext(255)) - client-FC58CAF12498->aeb608e6-131f-44e0-aa35-97c12a2f72a3: receive RaftClientReply:client-FC58CAF12498->aeb608e6-131f-44e0-aa35-97c12a2f72a3@group-3F41E8AD953A, cid=1601, SUCCESS, logIndex=2279, commits[aeb608e6-131f-44e0-aa35-97c12a2f72a3:c2279, b6a0d396-0e26-402b-ac58-4f0615a4fad6:c2275, 8b17640a-2548-4323-bd97-ba3488877b23:c2275]
2019-08-20 11:35:39,438 INFO  client.GrpcClientProtocolClient (GrpcClientProtocolClient.java:onNext(255)) - client-FC58CAF12498->aeb608e6-131f-44e0-aa35-97c12a2f72a3: receive RaftClientReply:client-FC58CAF12498->aeb608e6-131f-44e0-aa35-97c12a2f72a3@group-3F41E8AD953A, cid=1602, SUCCESS, logIndex=0, commits[aeb608e6-131f-44e0-aa35-97c12a2f72a3:c2281, b6a0d396-0e26-402b-ac58-4f0615a4fad6:c2277, 8b17640a-2548-4323-bd97-ba3488877b23:c2277]
2019-08-20 11:35:39,451 INFO  client.GrpcClientProtocolClient (GrpcClientProtocolClient.java:onNext(255)) - client-FC58CAF12498->aeb608e6-131f-44e0-aa35-97c12a2f72a3: receive RaftClientReply:client-FC58CAF12498->aeb608e6-131f-44e0-aa35-97c12a2f72a3@group-3F41E8AD953A, cid=1603, SUCCESS, logIndex=2283, commits[aeb608e6-131f-44e0-aa35-97c12a2f72a3:c2284, b6a0d396-0e26-402b-ac58-4f0615a4fad6:c2279, 8b17640a-2548-4323-bd97-ba3488877b23:c2281]
2019-08-20 11:35:39,451 INFO  client.GrpcClientProtocolClient (GrpcClientProtocolClient.java:onNext(255)) - client-FC58CAF12498->aeb608e6-131f-44e0-aa35-97c12a2f72a3: receive RaftClientReply:client-FC58CAF12498->aeb608e6-131f-44e0-aa35-97c12a2f72a3@group-3F41E8AD953A, cid=1604, SUCCESS, logIndex=2284, commits[aeb608e6-131f-44e0-aa35-97c12a2f72a3:c2284, b6a0d396-0e26-402b-ac58-4f0615a4fad6:c2281, 8b17640a-2548-4323-bd97-ba3488877b23:c2281]
2019-08-20 11:35:39,477 INFO  client.GrpcClientProtocolClient (GrpcClientProtocolClient.java:onNext(255)) - client-FC58CAF12498->aeb608e6-131f-44e0-aa35-97c12a2f72a3: receive RaftClientReply:client-FC58CAF12498->aeb608e6-131f-44e0-aa35-97c12a2f72a3@group-3F41E8AD953A, cid=1605, SUCCESS, logIndex=2286, commits[aeb608e6-131f-44e0-aa35-97c12a2f72a3:c2287, b6a0d396-0e26-402b-ac58-4f0615a4fad6:c2284, 8b17640a-2548-4323-bd97-ba3488877b23:c2284]
2019-08-20 11:35:39,477 INFO  client.GrpcClientProtocolClient (GrpcClientProtocolClient.java:onNext(255)) - client-FC58CAF12498->aeb608e6-131f-44e0-aa35-97c12a2f72a3: receive RaftClientReply:client-FC58CAF12498->aeb608e6-131f-44e0-aa35-97c12a2f72a3@group-3F41E8AD953A, cid=1606, SUCCESS, logIndex=2287, commits[aeb608e6-131f-44e0-aa35-97c12a2f72a3:c2287, b6a0d396-0e26-402b-ac58-4f0615a4fad6:c2284, 8b17640a-2548-4323-bd97-ba3488877b23:c2284]
2019-08-20 11:35:39,490 INFO  client.GrpcClientProtocolClient (GrpcClientProtocolClient.java:onNext(255)) - client-FC58CAF12498->aeb608e6-131f-44e0-aa35-97c12a2f72a3: receive RaftClientReply:client-FC58CAF12498->aeb608e6-131f-44e0-aa35-97c12a2f72a3@group-3F41E8AD953A, cid=1607, SUCCESS, logIndex=0, commits[aeb608e6-131f-44e0-aa35-97c12a2f72a3:c2289, b6a0d396-0e26-402b-ac58-4f0615a4fad6:c2287, 8b17640a-2548-4323-bd97-ba3488877b23:c2287]
2019-08-20 11:35:39,639 INFO  client.GrpcClientProtocolClient (GrpcClientProtocolClient.java:onNext(255)) - client-FC58CAF12498->aeb608e6-131f-44e0-aa35-97c12a2f72a3: receive RaftClientReply:client-FC58CAF12498->aeb608e6-131f-44e0-aa35-97c12a2f72a3@group-3F41E8AD953A, cid=1608, SUCCESS, logIndex=2290, commits[aeb608e6-131f-44e0-aa35-97c12a2f72a3:c2291, b6a0d396-0e26-402b-ac58-4f0615a4fad6:c2289, 8b17640a-2548-4323-bd97-ba3488877b23:c2289]
2019-08-20 11:35:39,639 INFO  client.GrpcClientProtocolClient (GrpcClientProtocolClient.java:onNext(255)) - client-FC58CAF12498->aeb608e6-131f-44e0-aa35-97c12a2f72a3: receive RaftClientReply:client-FC58CAF12498->aeb608e6-131f-44e0-aa35-97c12a2f72a3@group-3F41E8AD953A, cid=1609, SUCCESS, logIndex=2291, commits[aeb608e6-131f-44e0-aa35-97c12a2f72a3:c2291, b6a0d396-0e26-402b-ac58-4f0615a4fad6:c2289, 8b17640a-2548-4323-bd97-ba3488877b23:c2289]
2019-08-20 11:35:39,650 INFO  client.GrpcClientProtocolClient (GrpcClientProtocolClient.java:onNext(255)) - client-FC58CAF12498->aeb608e6-131f-44e0-aa35-97c12a2f72a3: receive RaftClientReply:client-FC58CAF12498->aeb608e6-131f-44e0-aa35-97c12a2f72a3@group-3F41E8AD953A, cid=1610, SUCCESS, logIndex=2292, commits[aeb608e6-131f-44e0-aa35-97c12a2f72a3:c2294, b6a0d396-0e26-402b-ac58-4f0615a4fad6:c2289, 8b17640a-2548-4323-bd97-ba3488877b23:c2290]
2019-08-20 11:35:39,651 INFO  client.GrpcClientProtocolClient (GrpcClientProtocolClient.java:onNext(255)) - client-FC58CAF12498->aeb608e6-131f-44e0-aa35-97c12a2f72a3: receive RaftClientReply:client-FC58CAF12498->aeb608e6-131f-44e0-aa35-97c12a2f72a3@group-3F41E8AD953A, cid=1611, SUCCESS, logIndex=2293, commits[aeb608e6-131f-44e0-aa35-97c12a2f72a3:c2294, b6a0d396-0e26-402b-ac58-4f0615a4fad6:c2290, 8b17640a-2548-4323-bd97-ba3488877b23:c2290]
2019-08-20 11:35:39,652 INFO  client.GrpcClientProtocolClient (GrpcClientProtocolClient.java:onNext(255)) - client-FC58CAF12498->aeb608e6-131f-44e0-aa35-97c12a2f72a3: receive RaftClientReply:client-FC58CAF12498->aeb608e6-131f-44e0-aa35-97c12a2f72a3@group-3F41E8AD953A, cid=1612, SUCCESS, logIndex=0, commits[aeb608e6-131f-44e0-aa35-97c12a2f72a3:c2296, b6a0d396-0e26-402b-ac58-4f0615a4fad6:c2292, 8b17640a-2548-4323-bd97-ba3488877b23:c2292]
2019-08-20 11:35:39,674 INFO  client.GrpcClientProtocolClient (GrpcClientProtocolClient.java:onNext(255)) - client-FC58CAF12498->aeb608e6-131f-44e0-aa35-97c12a2f72a3: receive RaftClientReply:client-FC58CAF12498->aeb608e6-131f-44e0-aa35-97c12a2f72a3@group-3F41E8AD953A, cid=1613, SUCCESS, logIndex=2298, commits[aeb608e6-131f-44e0-aa35-97c12a2f72a3:c2299, b6a0d396-0e26-402b-ac58-4f0615a4fad6:c2297, 8b17640a-2548-4323-bd97-ba3488877b23:c2297]
2019-08-20 11:35:39,674 INFO  client.GrpcClientProtocolClient (GrpcClientProtocolClient.java:onNext(255)) - client-FC58CAF12498->aeb608e6-131f-44e0-aa35-97c12a2f72a3: receive RaftClientReply:client-FC58CAF12498->aeb608e6-131f-44e0-aa35-97c12a2f72a3@group-3F41E8AD953A, cid=1614, SUCCESS, logIndex=2299, commits[aeb608e6-131f-44e0-aa35-97c12a2f72a3:c2299, b6a0d396-0e26-402b-ac58-4f0615a4fad6:c2297, 8b17640a-2548-4323-bd97-ba3488877b23:c2297]
2019-08-20 11:35:39,698 INFO  client.GrpcClientProtocolClient (GrpcClientProtocolClient.java:onNext(255)) - client-FC58CAF12498->aeb608e6-131f-44e0-aa35-97c12a2f72a3: receive RaftClientReply:client-FC58CAF12498->aeb608e6-131f-44e0-aa35-97c12a2f72a3@group-3F41E8AD953A, cid=1615, SUCCESS, logIndex=2302, commits[aeb608e6-131f-44e0-aa35-97c12a2f72a3:c2303, b6a0d396-0e26-402b-ac58-4f0615a4fad6:c2299, 8b17640a-2548-4323-bd97-ba3488877b23:c2299]
2019-08-20 11:35:39,699 INFO  client.GrpcClientProtocolClient (GrpcClientProtocolClient.java:onNext(255)) - client-FC58CAF12498->aeb608e6-131f-44e0-aa35-97c12a2f72a3: receive RaftClientReply:client-FC58CAF12498->aeb608e6-131f-44e0-aa35-97c12a2f72a3@group-3F41E8AD953A, cid=1616, SUCCESS, logIndex=2303, commits[aeb608e6-131f-44e0-aa35-97c12a2f72a3:c2303, b6a0d396-0e26-402b-ac58-4f0615a4fad6:c2299, 8b17640a-2548-4323-bd97-ba3488877b23:c2299]
2019-08-20 11:35:39,712 INFO  client.GrpcClientProtocolClient (GrpcClientProtocolClient.java:onNext(255)) - client-FC58CAF12498->aeb608e6-131f-44e0-aa35-97c12a2f72a3: receive RaftClientReply:client-FC58CAF12498->aeb608e6-131f-44e0-aa35-97c12a2f72a3@group-3F41E8AD953A, cid=1617, SUCCESS, logIndex=0, commits[aeb608e6-131f-44e0-aa35-97c12a2f72a3:c2304, b6a0d396-0e26-402b-ac58-4f0615a4fad6:c2303, 8b17640a-2548-4323-bd97-ba3488877b23:c2303]
2019-08-20 11:35:39,745 INFO  client.GrpcClientProtocolClient (GrpcClientProtocolClient.java:onNext(255)) - client-FC58CAF12498->aeb608e6-131f-44e0-aa35-97c12a2f72a3: receive RaftClientReply:client-FC58CAF12498->aeb608e6-131f-44e0-aa35-97c12a2f72a3@group-3F41E8AD953A, cid=1618, SUCCESS, logIndex=2306, commits[aeb608e6-131f-44e0-aa35-97c12a2f72a3:c2307, b6a0d396-0e26-402b-ac58-4f0615a4fad6:c2305, 8b17640a-2548-4323-bd97-ba3488877b23:c2305]
2019-08-20 11:35:39,746 INFO  client.GrpcClientProtocolClient (GrpcClientProtocolClient.java:onNext(255)) - client-FC58CAF12498->aeb608e6-131f-44e0-aa35-97c12a2f72a3: receive RaftClientReply:client-FC58CAF12498->aeb608e6-131f-44e0-aa35-97c12a2f72a3@group-3F41E8AD953A, cid=1619, SUCCESS, logIndex=2307, commits[aeb608e6-131f-44e0-aa35-97c12a2f72a3:c2307, b6a0d396-0e26-402b-ac58-4f0615a4fad6:c2305, 8b17640a-2548-4323-bd97-ba3488877b23:c2305]
2019-08-20 11:35:39,746 INFO  client.GrpcClientProtocolClient (GrpcClientProtocolClient.java:onNext(255)) - client-FC58CAF12498->aeb608e6-131f-44e0-aa35-97c12a2f72a3: receive RaftClientReply:client-FC58CAF12498->aeb608e6-131f-44e0-aa35-97c12a2f72a3@group-3F41E8AD953A, cid=1620, SUCCESS, logIndex=2308, commits[aeb608e6-131f-44e0-aa35-97c12a2f72a3:c2309, b6a0d396-0e26-402b-ac58-4f0615a4fad6:c2305, 8b17640a-2548-4323-bd97-ba3488877b23:c2305]
2019-08-20 11:35:39,747 INFO  client.GrpcClientProtocolClient (GrpcClientProtocolClient.java:onNext(255)) - client-FC58CAF12498->aeb608e6-131f-44e0-aa35-97c12a2f72a3: receive RaftClientReply:client-FC58CAF12498->aeb608e6-131f-44e0-aa35-97c12a2f72a3@group-3F41E8AD953A, cid=1621, SUCCESS, logIndex=2309, commits[aeb608e6-131f-44e0-aa35-97c12a2f72a3:c2309, b6a0d396-0e26-402b-ac58-4f0615a4fad6:c2305, 8b17640a-2548-4323-bd97-ba3488877b23:c2305]
2019-08-20 11:35:39,760 INFO  client.GrpcClientProtocolClient (GrpcClientProtocolClient.java:onNext(255)) - client-FC58CAF12498->aeb608e6-131f-44e0-aa35-97c12a2f72a3: receive RaftClientReply:client-FC58CAF12498->aeb608e6-131f-44e0-aa35-97c12a2f72a3@group-3F41E8AD953A, cid=1622, SUCCESS, logIndex=0, commits[aeb608e6-131f-44e0-aa35-97c12a2f72a3:c2311, b6a0d396-0e26-402b-ac58-4f0615a4fad6:c2307, 8b17640a-2548-4323-bd97-ba3488877b23:c2307]
2019-08-20 11:35:39,781 INFO  client.GrpcClientProtocolClient (GrpcClientProtocolClient.java:onNext(255)) - client-FC58CAF12498->aeb608e6-131f-44e0-aa35-97c12a2f72a3: receive RaftClientReply:client-FC58CAF12498->aeb608e6-131f-44e0-aa35-97c12a2f72a3@group-3F41E8AD953A, cid=1623, SUCCESS, logIndex=2314, commits[aeb608e6-131f-44e0-aa35-97c12a2f72a3:c2315, b6a0d396-0e26-402b-ac58-4f0615a4fad6:c2313, 8b17640a-2548-4323-bd97-ba3488877b23:c2313]
2019-08-20 11:35:39,781 INFO  client.GrpcClientProtocolClient (GrpcClientProtocolClient.java:onNext(255)) - client-FC58CAF12498->aeb608e6-131f-44e0-aa35-97c12a2f72a3: receive RaftClientReply:client-FC58CAF12498->aeb608e6-131f-44e0-aa35-97c12a2f72a3@group-3F41E8AD953A, cid=1624, SUCCESS, logIndex=2315, commits[aeb608e6-131f-44e0-aa35-97c12a2f72a3:c2315, b6a0d396-0e26-402b-ac58-4f0615a4fad6:c2313, 8b17640a-2548-4323-bd97-ba3488877b23:c2313]
2019-08-20 11:35:39,805 INFO  client.GrpcClientProtocolClient (GrpcClientProtocolClient.java:onNext(255)) - client-FC58CAF12498->aeb608e6-131f-44e0-aa35-97c12a2f72a3: receive RaftClientReply:client-FC58CAF12498->aeb608e6-131f-44e0-aa35-97c12a2f72a3@group-3F41E8AD953A, cid=1625, SUCCESS, logIndex=2318, commits[aeb608e6-131f-44e0-aa35-97c12a2f72a3:c2319, b6a0d396-0e26-402b-ac58-4f0615a4fad6:c2315, 8b17640a-2548-4323-bd97-ba3488877b23:c2315]
2019-08-20 11:35:39,806 INFO  client.GrpcClientProtocolClient (GrpcClientProtocolClient.java:onNext(255)) - client-FC58CAF12498->aeb608e6-131f-44e0-aa35-97c12a2f72a3: receive RaftClientReply:client-FC58CAF12498->aeb608e6-131f-44e0-aa35-97c12a2f72a3@group-3F41E8AD953A, cid=1626, SUCCESS, logIndex=2319, commits[aeb608e6-131f-44e0-aa35-97c12a2f72a3:c2319, b6a0d396-0e26-402b-ac58-4f0615a4fad6:c2315, 8b17640a-2548-4323-bd97-ba3488877b23:c2315]
2019-08-20 11:35:39,816 INFO  client.GrpcClientProtocolClient (GrpcClientProtocolClient.java:onNext(255)) - client-FC58CAF12498->aeb608e6-131f-44e0-aa35-97c12a2f72a3: receive RaftClientReply:client-FC58CAF12498->aeb608e6-131f-44e0-aa35-97c12a2f72a3@group-3F41E8AD953A, cid=1627, SUCCESS, logIndex=0, commits[aeb608e6-131f-44e0-aa35-97c12a2f72a3:c2320, b6a0d396-0e26-402b-ac58-4f0615a4fad6:c2319, 8b17640a-2548-4323-bd97-ba3488877b23:c2319]
2019-08-20 11:35:39,847 INFO  client.GrpcClientProtocolClient (GrpcClientProtocolClient.java:onNext(255)) - client-FC58CAF12498->aeb608e6-131f-44e0-aa35-97c12a2f72a3: receive RaftClientReply:client-FC58CAF12498->aeb608e6-131f-44e0-aa35-97c12a2f72a3@group-3F41E8AD953A, cid=1628, SUCCESS, logIndex=2322, commits[aeb608e6-131f-44e0-aa35-97c12a2f72a3:c2323, b6a0d396-0e26-402b-ac58-4f0615a4fad6:c2321, 8b17640a-2548-4323-bd97-ba3488877b23:c2321]
2019-08-20 11:35:39,847 INFO  client.GrpcClientProtocolClient (GrpcClientProtocolClient.java:onNext(255)) - client-FC58CAF12498->aeb608e6-131f-44e0-aa35-97c12a2f72a3: receive RaftClientReply:client-FC58CAF12498->aeb608e6-131f-44e0-aa35-97c12a2f72a3@group-3F41E8AD953A, cid=1629, SUCCESS, logIndex=2323, commits[aeb608e6-131f-44e0-aa35-97c12a2f72a3:c2323, b6a0d396-0e26-402b-ac58-4f0615a4fad6:c2321, 8b17640a-2548-4323-bd97-ba3488877b23:c2321]
2019-08-20 11:35:39,856 INFO  client.GrpcClientProtocolClient (GrpcClientProtocolClient.java:onNext(255)) - client-FC58CAF12498->aeb608e6-131f-44e0-aa35-97c12a2f72a3: receive RaftClientReply:client-FC58CAF12498->aeb608e6-131f-44e0-aa35-97c12a2f72a3@group-3F41E8AD953A, cid=1630, SUCCESS, logIndex=2324, commits[aeb608e6-131f-44e0-aa35-97c12a2f72a3:c2324, b6a0d396-0e26-402b-ac58-4f0615a4fad6:c2321, 8b17640a-2548-4323-bd97-ba3488877b23:c2321]
2019-08-20 11:35:39,856 INFO  client.GrpcClientProtocolClient (GrpcClientProtocolClient.java:onNext(255)) - client-FC58CAF12498->aeb608e6-131f-44e0-aa35-97c12a2f72a3: receive RaftClientReply:client-FC58CAF12498->aeb608e6-131f-44e0-aa35-97c12a2f72a3@group-3F41E8AD953A, cid=1631, SUCCESS, logIndex=2325, commits[aeb608e6-131f-44e0-aa35-97c12a2f72a3:c2325, b6a0d396-0e26-402b-ac58-4f0615a4fad6:c2321, 8b17640a-2548-4323-bd97-ba3488877b23:c2321]
2019-08-20 11:35:39,859 INFO  client.GrpcClientProtocolClient (GrpcClientProtocolClient.java:onNext(255)) - client-FC58CAF12498->aeb608e6-131f-44e0-aa35-97c12a2f72a3: receive RaftClientReply:client-FC58CAF12498->aeb608e6-131f-44e0-aa35-97c12a2f72a3@group-3F41E8AD953A, cid=1632, SUCCESS, logIndex=0, commits[aeb608e6-131f-44e0-aa35-97c12a2f72a3:c2327, b6a0d396-0e26-402b-ac58-4f0615a4fad6:c2323, 8b17640a-2548-4323-bd97-ba3488877b23:c2323]
2019-08-20 11:35:39,880 INFO  client.GrpcClientProtocolClient (GrpcClientProtocolClient.java:onNext(255)) - client-FC58CAF12498->aeb608e6-131f-44e0-aa35-97c12a2f72a3: receive RaftClientReply:client-FC58CAF12498->aeb608e6-131f-44e0-aa35-97c12a2f72a3@group-3F41E8AD953A, cid=1633, SUCCESS, logIndex=2330, commits[aeb608e6-131f-44e0-aa35-97c12a2f72a3:c2331, b6a0d396-0e26-402b-ac58-4f0615a4fad6:c2329, 8b17640a-2548-4323-bd97-ba3488877b23:c2329]
2019-08-20 11:35:39,881 INFO  client.GrpcClientProtocolClient (GrpcClientProtocolClient.java:onNext(255)) - client-FC58CAF12498->aeb608e6-131f-44e0-aa35-97c12a2f72a3: receive RaftClientReply:client-FC58CAF12498->aeb608e6-131f-44e0-aa35-97c12a2f72a3@group-3F41E8AD953A, cid=1634, SUCCESS, logIndex=2331, commits[aeb608e6-131f-44e0-aa35-97c12a2f72a3:c2331, b6a0d396-0e26-402b-ac58-4f0615a4fad6:c2329, 8b17640a-2548-4323-bd97-ba3488877b23:c2329]
2019-08-20 11:35:39,903 INFO  client.GrpcClientProtocolClient (GrpcClientProtocolClient.java:onNext(255)) - client-FC58CAF12498->aeb608e6-131f-44e0-aa35-97c12a2f72a3: receive RaftClientReply:client-FC58CAF12498->aeb608e6-131f-44e0-aa35-97c12a2f72a3@group-3F41E8AD953A, cid=1635, SUCCESS, logIndex=2334, commits[aeb608e6-131f-44e0-aa35-97c12a2f72a3:c2334, b6a0d396-0e26-402b-ac58-4f0615a4fad6:c2331, 8b17640a-2548-4323-bd97-ba3488877b23:c2331]
2019-08-20 11:35:39,904 INFO  client.GrpcClientProtocolClient (GrpcClientProtocolClient.java:onNext(255)) - client-FC58CAF12498->aeb608e6-131f-44e0-aa35-97c12a2f72a3: receive RaftClientReply:client-FC58CAF12498->aeb608e6-131f-44e0-aa35-97c12a2f72a3@group-3F41E8AD953A, cid=1636, SUCCESS, logIndex=2335, commits[aeb608e6-131f-44e0-aa35-97c12a2f72a3:c2335, b6a0d396-0e26-402b-ac58-4f0615a4fad6:c2331, 8b17640a-2548-4323-bd97-ba3488877b23:c2331]
2019-08-20 11:35:39,907 INFO  client.GrpcClientProtocolClient (GrpcClientProtocolClient.java:onNext(255)) - client-FC58CAF12498->aeb608e6-131f-44e0-aa35-97c12a2f72a3: receive RaftClientReply:client-FC58CAF12498->aeb608e6-131f-44e0-aa35-97c12a2f72a3@group-3F41E8AD953A, cid=1637, SUCCESS, logIndex=0, commits[aeb608e6-131f-44e0-aa35-97c12a2f72a3:c2336, b6a0d396-0e26-402b-ac58-4f0615a4fad6:c2335, 8b17640a-2548-4323-bd97-ba3488877b23:c2335]
2019-08-20 11:35:39,937 INFO  client.GrpcClientProtocolClient (GrpcClientProtocolClient.java:onNext(255)) - client-FC58CAF12498->aeb608e6-131f-44e0-aa35-97c12a2f72a3: receive RaftClientReply:client-FC58CAF12498->aeb608e6-131f-44e0-aa35-97c12a2f72a3@group-3F41E8AD953A, cid=1638, SUCCESS, logIndex=2338, commits[aeb608e6-131f-44e0-aa35-97c12a2f72a3:c2339, b6a0d396-0e26-402b-ac58-4f0615a4fad6:c2337, 8b17640a-2548-4323-bd97-ba3488877b23:c2337]
2019-08-20 11:35:39,937 INFO  client.GrpcClientProtocolClient (GrpcClientProtocolClient.java:onNext(255)) - client-FC58CAF12498->aeb608e6-131f-44e0-aa35-97c12a2f72a3: receive RaftClientReply:client-FC58CAF12498->aeb608e6-131f-44e0-aa35-97c12a2f72a3@group-3F41E8AD953A, cid=1639, SUCCESS, logIndex=2339, commits[aeb608e6-131f-44e0-aa35-97c12a2f72a3:c2339, b6a0d396-0e26-402b-ac58-4f0615a4fad6:c2337, 8b17640a-2548-4323-bd97-ba3488877b23:c2337]
2019-08-20 11:35:39,947 INFO  client.GrpcClientProtocolClient (GrpcClientProtocolClient.java:onNext(255)) - client-FC58CAF12498->aeb608e6-131f-44e0-aa35-97c12a2f72a3: receive RaftClientReply:client-FC58CAF12498->aeb608e6-131f-44e0-aa35-97c12a2f72a3@group-3F41E8AD953A, cid=1640, SUCCESS, logIndex=2340, commits[aeb608e6-131f-44e0-aa35-97c12a2f72a3:c2341, b6a0d396-0e26-402b-ac58-4f0615a4fad6:c2337, 8b17640a-2548-4323-bd97-ba3488877b23:c2337]
2019-08-20 11:35:39,948 INFO  client.GrpcClientProtocolClient (GrpcClientProtocolClient.java:onNext(255)) - client-FC58CAF12498->aeb608e6-131f-44e0-aa35-97c12a2f72a3: receive RaftClientReply:client-FC58CAF12498->aeb608e6-131f-44e0-aa35-97c12a2f72a3@group-3F41E8AD953A, cid=1641, SUCCESS, logIndex=2341, commits[aeb608e6-131f-44e0-aa35-97c12a2f72a3:c2341, b6a0d396-0e26-402b-ac58-4f0615a4fad6:c2337, 8b17640a-2548-4323-bd97-ba3488877b23:c2337]
2019-08-20 11:35:39,950 INFO  client.GrpcClientProtocolClient (GrpcClientProtocolClient.java:onNext(255)) - client-FC58CAF12498->aeb608e6-131f-44e0-aa35-97c12a2f72a3: receive RaftClientReply:client-FC58CAF12498->aeb608e6-131f-44e0-aa35-97c12a2f72a3@group-3F41E8AD953A, cid=1642, SUCCESS, logIndex=0, commits[aeb608e6-131f-44e0-aa35-97c12a2f72a3:c2343, b6a0d396-0e26-402b-ac58-4f0615a4fad6:c2339, 8b17640a-2548-4323-bd97-ba3488877b23:c2339]
2019-08-20 11:35:39,964 INFO  client.GrpcClientProtocolClient (GrpcClientProtocolClient.java:onNext(255)) - client-FC58CAF12498->aeb608e6-131f-44e0-aa35-97c12a2f72a3: receive RaftClientReply:client-FC58CAF12498->aeb608e6-131f-44e0-aa35-97c12a2f72a3@group-3F41E8AD953A, cid=1643, SUCCESS, logIndex=2346, commits[aeb608e6-131f-44e0-aa35-97c12a2f72a3:c2347, b6a0d396-0e26-402b-ac58-4f0615a4fad6:c2343, 8b17640a-2548-4323-bd97-ba3488877b23:c2343]
2019-08-20 11:35:39,965 INFO  client.GrpcClientProtocolClient (GrpcClientProtocolClient.java:onNext(255)) - client-FC58CAF12498->aeb608e6-131f-44e0-aa35-97c12a2f72a3: receive RaftClientReply:client-FC58CAF12498->aeb608e6-131f-44e0-aa35-97c12a2f72a3@group-3F41E8AD953A, cid=1644, SUCCESS, logIndex=2347, commits[aeb608e6-131f-44e0-aa35-97c12a2f72a3:c2347, b6a0d396-0e26-402b-ac58-4f0615a4fad6:c2343, 8b17640a-2548-4323-bd97-ba3488877b23:c2343]
2019-08-20 11:35:39,979 INFO  client.GrpcClientProtocolClient (GrpcClientProtocolClient.java:onNext(255)) - client-FC58CAF12498->aeb608e6-131f-44e0-aa35-97c12a2f72a3: receive RaftClientReply:client-FC58CAF12498->aeb608e6-131f-44e0-aa35-97c12a2f72a3@group-3F41E8AD953A, cid=1645, SUCCESS, logIndex=2349, commits[aeb608e6-131f-44e0-aa35-97c12a2f72a3:c2350, b6a0d396-0e26-402b-ac58-4f0615a4fad6:c2347, 8b17640a-2548-4323-bd97-ba3488877b23:c2347]
2019-08-20 11:35:39,980 INFO  client.GrpcClientProtocolClient (GrpcClientProtocolClient.java:onNext(255)) - client-FC58CAF12498->aeb608e6-131f-44e0-aa35-97c12a2f72a3: receive RaftClientReply:client-FC58CAF12498->aeb608e6-131f-44e0-aa35-97c12a2f72a3@group-3F41E8AD953A, cid=1646, SUCCESS, logIndex=2350, commits[aeb608e6-131f-44e0-aa35-97c12a2f72a3:c2350, b6a0d396-0e26-402b-ac58-4f0615a4fad6:c2347, 8b17640a-2548-4323-bd97-ba3488877b23:c2347]
2019-08-20 11:35:40,004 INFO  client.GrpcClientProtocolClient (GrpcClientProtocolClient.java:onNext(255)) - client-FC58CAF12498->aeb608e6-131f-44e0-aa35-97c12a2f72a3: receive RaftClientReply:client-FC58CAF12498->aeb608e6-131f-44e0-aa35-97c12a2f72a3@group-3F41E8AD953A, cid=1647, SUCCESS, logIndex=0, commits[aeb608e6-131f-44e0-aa35-97c12a2f72a3:c2352, b6a0d396-0e26-402b-ac58-4f0615a4fad6:c2350, 8b17640a-2548-4323-bd97-ba3488877b23:c2350]
2019-08-20 11:35:40,038 INFO  client.GrpcClientProtocolClient (GrpcClientProtocolClient.java:onNext(255)) - client-FC58CAF12498->aeb608e6-131f-44e0-aa35-97c12a2f72a3: receive RaftClientReply:client-FC58CAF12498->aeb608e6-131f-44e0-aa35-97c12a2f72a3@group-3F41E8AD953A, cid=1648, SUCCESS, logIndex=2353, commits[aeb608e6-131f-44e0-aa35-97c12a2f72a3:c2354, b6a0d396-0e26-402b-ac58-4f0615a4fad6:c2352, 8b17640a-2548-4323-bd97-ba3488877b23:c2352]
2019-08-20 11:35:40,039 INFO  client.GrpcClientProtocolClient (GrpcClientProtocolClient.java:onNext(255)) - client-FC58CAF12498->aeb608e6-131f-44e0-aa35-97c12a2f72a3: receive RaftClientReply:client-FC58CAF12498->aeb608e6-131f-44e0-aa35-97c12a2f72a3@group-3F41E8AD953A, cid=1649, SUCCESS, logIndex=2354, commits[aeb608e6-131f-44e0-aa35-97c12a2f72a3:c2356, b6a0d396-0e26-402b-ac58-4f0615a4fad6:c2352, 8b17640a-2548-4323-bd97-ba3488877b23:c2352]
2019-08-20 11:35:40,039 INFO  client.GrpcClientProtocolClient (GrpcClientProtocolClient.java:onNext(255)) - client-FC58CAF12498->aeb608e6-131f-44e0-aa35-97c12a2f72a3: receive RaftClientReply:client-FC58CAF12498->aeb608e6-131f-44e0-aa35-97c12a2f72a3@group-3F41E8AD953A, cid=1650, SUCCESS, logIndex=2355, commits[aeb608e6-131f-44e0-aa35-97c12a2f72a3:c2356, b6a0d396-0e26-402b-ac58-4f0615a4fad6:c2352, 8b17640a-2548-4323-bd97-ba3488877b23:c2352]
2019-08-20 11:35:40,040 INFO  client.GrpcClientProtocolClient (GrpcClientProtocolClient.java:onNext(255)) - client-FC58CAF12498->aeb608e6-131f-44e0-aa35-97c12a2f72a3: receive RaftClientReply:client-FC58CAF12498->aeb608e6-131f-44e0-aa35-97c12a2f72a3@group-3F41E8AD953A, cid=1651, SUCCESS, logIndex=2356, commits[aeb608e6-131f-44e0-aa35-97c12a2f72a3:c2357, b6a0d396-0e26-402b-ac58-4f0615a4fad6:c2353, 8b17640a-2548-4323-bd97-ba3488877b23:c2353]
2019-08-20 11:35:40,041 INFO  client.GrpcClientProtocolClient (GrpcClientProtocolClient.java:onNext(255)) - client-FC58CAF12498->aeb608e6-131f-44e0-aa35-97c12a2f72a3: receive RaftClientReply:client-FC58CAF12498->aeb608e6-131f-44e0-aa35-97c12a2f72a3@group-3F41E8AD953A, cid=1652, SUCCESS, logIndex=0, commits[aeb608e6-131f-44e0-aa35-97c12a2f72a3:c2358, b6a0d396-0e26-402b-ac58-4f0615a4fad6:c2356, 8b17640a-2548-4323-bd97-ba3488877b23:c2354]
2019-08-20 11:35:40,063 INFO  client.GrpcClientProtocolClient (GrpcClientProtocolClient.java:onNext(255)) - client-FC58CAF12498->aeb608e6-131f-44e0-aa35-97c12a2f72a3: receive RaftClientReply:client-FC58CAF12498->aeb608e6-131f-44e0-aa35-97c12a2f72a3@group-3F41E8AD953A, cid=1653, SUCCESS, logIndex=2361, commits[aeb608e6-131f-44e0-aa35-97c12a2f72a3:c2362, b6a0d396-0e26-402b-ac58-4f0615a4fad6:c2358, 8b17640a-2548-4323-bd97-ba3488877b23:c2358]
2019-08-20 11:35:40,064 INFO  client.GrpcClientProtocolClient (GrpcClientProtocolClient.java:onNext(255)) - client-FC58CAF12498->aeb608e6-131f-44e0-aa35-97c12a2f72a3: receive RaftClientReply:client-FC58CAF12498->aeb608e6-131f-44e0-aa35-97c12a2f72a3@group-3F41E8AD953A, cid=1654, SUCCESS, logIndex=2362, commits[aeb608e6-131f-44e0-aa35-97c12a2f72a3:c2362, b6a0d396-0e26-402b-ac58-4f0615a4fad6:c2358, 8b17640a-2548-4323-bd97-ba3488877b23:c2358]
2019-08-20 11:35:40,076 INFO  client.GrpcClientProtocolClient (GrpcClientProtocolClient.java:onNext(255)) - client-FC58CAF12498->aeb608e6-131f-44e0-aa35-97c12a2f72a3: receive RaftClientReply:client-FC58CAF12498->aeb608e6-131f-44e0-aa35-97c12a2f72a3@group-3F41E8AD953A, cid=1655, SUCCESS, logIndex=2365, commits[aeb608e6-131f-44e0-aa35-97c12a2f72a3:c2366, b6a0d396-0e26-402b-ac58-4f0615a4fad6:c2362, 8b17640a-2548-4323-bd97-ba3488877b23:c2362]
2019-08-20 11:35:40,077 INFO  client.GrpcClientProtocolClient (GrpcClientProtocolClient.java:onNext(255)) - client-FC58CAF12498->aeb608e6-131f-44e0-aa35-97c12a2f72a3: receive RaftClientReply:client-FC58CAF12498->aeb608e6-131f-44e0-aa35-97c12a2f72a3@group-3F41E8AD953A, cid=1656, SUCCESS, logIndex=2366, commits[aeb608e6-131f-44e0-aa35-97c12a2f72a3:c2366, b6a0d396-0e26-402b-ac58-4f0615a4fad6:c2362, 8b17640a-2548-4323-bd97-ba3488877b23:c2362]
2019-08-20 11:35:40,080 INFO  client.GrpcClientProtocolClient (GrpcClientProtocolClient.java:onNext(255)) - client-FC58CAF12498->aeb608e6-131f-44e0-aa35-97c12a2f72a3: receive RaftClientReply:client-FC58CAF12498->aeb608e6-131f-44e0-aa35-97c12a2f72a3@group-3F41E8AD953A, cid=1657, SUCCESS, logIndex=0, commits[aeb608e6-131f-44e0-aa35-97c12a2f72a3:c2368, b6a0d396-0e26-402b-ac58-4f0615a4fad6:c2366, 8b17640a-2548-4323-bd97-ba3488877b23:c2366]
2019-08-20 11:35:40,108 INFO  client.GrpcClientProtocolClient (GrpcClientProtocolClient.java:onNext(255)) - client-FC58CAF12498->aeb608e6-131f-44e0-aa35-97c12a2f72a3: receive RaftClientReply:client-FC58CAF12498->aeb608e6-131f-44e0-aa35-97c12a2f72a3@group-3F41E8AD953A, cid=1658, SUCCESS, logIndex=2369, commits[aeb608e6-131f-44e0-aa35-97c12a2f72a3:c2370, b6a0d396-0e26-402b-ac58-4f0615a4fad6:c2368, 8b17640a-2548-4323-bd97-ba3488877b23:c2368]
2019-08-20 11:35:40,109 INFO  client.GrpcClientProtocolClient (GrpcClientProtocolClient.java:onNext(255)) - client-FC58CAF12498->aeb608e6-131f-44e0-aa35-97c12a2f72a3: receive RaftClientReply:client-FC58CAF12498->aeb608e6-131f-44e0-aa35-97c12a2f72a3@group-3F41E8AD953A, cid=1659, SUCCESS, logIndex=2370, commits[aeb608e6-131f-44e0-aa35-97c12a2f72a3:c2372, b6a0d396-0e26-402b-ac58-4f0615a4fad6:c2368, 8b17640a-2548-4323-bd97-ba3488877b23:c2368]
2019-08-20 11:35:40,109 INFO  client.GrpcClientProtocolClient (GrpcClientProtocolClient.java:onNext(255)) - client-FC58CAF12498->aeb608e6-131f-44e0-aa35-97c12a2f72a3: receive RaftClientReply:client-FC58CAF12498->aeb608e6-131f-44e0-aa35-97c12a2f72a3@group-3F41E8AD953A, cid=1660, SUCCESS, logIndex=2371, commits[aeb608e6-131f-44e0-aa35-97c12a2f72a3:c2372, b6a0d396-0e26-402b-ac58-4f0615a4fad6:c2368, 8b17640a-2548-4323-bd97-ba3488877b23:c2368]
2019-08-20 11:35:40,109 INFO  client.GrpcClientProtocolClient (GrpcClientProtocolClient.java:onNext(255)) - client-FC58CAF12498->aeb608e6-131f-44e0-aa35-97c12a2f72a3: receive RaftClientReply:client-FC58CAF12498->aeb608e6-131f-44e0-aa35-97c12a2f72a3@group-3F41E8AD953A, cid=1661, SUCCESS, logIndex=2372, commits[aeb608e6-131f-44e0-aa35-97c12a2f72a3:c2372, b6a0d396-0e26-402b-ac58-4f0615a4fad6:c2368, 8b17640a-2548-4323-bd97-ba3488877b23:c2368]
2019-08-20 11:35:40,112 INFO  client.GrpcClientProtocolClient (GrpcClientProtocolClient.java:onNext(255)) - client-FC58CAF12498->aeb608e6-131f-44e0-aa35-97c12a2f72a3: receive RaftClientReply:client-FC58CAF12498->aeb608e6-131f-44e0-aa35-97c12a2f72a3@group-3F41E8AD953A, cid=1662, SUCCESS, logIndex=0, commits[aeb608e6-131f-44e0-aa35-97c12a2f72a3:c2374, b6a0d396-0e26-402b-ac58-4f0615a4fad6:c2370, 8b17640a-2548-4323-bd97-ba3488877b23:c2370]
2019-08-20 11:35:40,134 INFO  client.GrpcClientProtocolClient (GrpcClientProtocolClient.java:onNext(255)) - client-FC58CAF12498->aeb608e6-131f-44e0-aa35-97c12a2f72a3: receive RaftClientReply:client-FC58CAF12498->aeb608e6-131f-44e0-aa35-97c12a2f72a3@group-3F41E8AD953A, cid=1663, SUCCESS, logIndex=2376, commits[aeb608e6-131f-44e0-aa35-97c12a2f72a3:c2377, b6a0d396-0e26-402b-ac58-4f0615a4fad6:c2375, 8b17640a-2548-4323-bd97-ba3488877b23:c2375]
2019-08-20 11:35:40,135 INFO  client.GrpcClientProtocolClient (GrpcClientProtocolClient.java:onNext(255)) - client-FC58CAF12498->aeb608e6-131f-44e0-aa35-97c12a2f72a3: receive RaftClientReply:client-FC58CAF12498->aeb608e6-131f-44e0-aa35-97c12a2f72a3@group-3F41E8AD953A, cid=1664, SUCCESS, logIndex=2377, commits[aeb608e6-131f-44e0-aa35-97c12a2f72a3:c2377, b6a0d396-0e26-402b-ac58-4f0615a4fad6:c2375, 8b17640a-2548-4323-bd97-ba3488877b23:c2375]
2019-08-20 11:35:40,148 INFO  client.GrpcClientProtocolClient (GrpcClientProtocolClient.java:onNext(255)) - client-FC58CAF12498->aeb608e6-131f-44e0-aa35-97c12a2f72a3: receive RaftClientReply:client-FC58CAF12498->aeb608e6-131f-44e0-aa35-97c12a2f72a3@group-3F41E8AD953A, cid=1665, SUCCESS, logIndex=2380, commits[aeb608e6-131f-44e0-aa35-97c12a2f72a3:c2381, b6a0d396-0e26-402b-ac58-4f0615a4fad6:c2377, 8b17640a-2548-4323-bd97-ba3488877b23:c2377]
2019-08-20 11:35:40,149 INFO  client.GrpcClientProtocolClient (GrpcClientProtocolClient.java:onNext(255)) - client-FC58CAF12498->aeb608e6-131f-44e0-aa35-97c12a2f72a3: receive RaftClientReply:client-FC58CAF12498->aeb608e6-131f-44e0-aa35-97c12a2f72a3@group-3F41E8AD953A, cid=1666, SUCCESS, logIndex=2381, commits[aeb608e6-131f-44e0-aa35-97c12a2f72a3:c2381, b6a0d396-0e26-402b-ac58-4f0615a4fad6:c2377, 8b17640a-2548-4323-bd97-ba3488877b23:c2377]
2019-08-20 11:35:40,164 INFO  client.GrpcClientProtocolClient (GrpcClientProtocolClient.java:onNext(255)) - client-FC58CAF12498->aeb608e6-131f-44e0-aa35-97c12a2f72a3: receive RaftClientReply:client-FC58CAF12498->aeb608e6-131f-44e0-aa35-97c12a2f72a3@group-3F41E8AD953A, cid=1667, SUCCESS, logIndex=0, commits[aeb608e6-131f-44e0-aa35-97c12a2f72a3:c2382, b6a0d396-0e26-402b-ac58-4f0615a4fad6:c2381, 8b17640a-2548-4323-bd97-ba3488877b23:c2381]
2019-08-20 11:35:40,192 INFO  client.GrpcClientProtocolClient (GrpcClientProtocolClient.java:onNext(255)) - client-FC58CAF12498->aeb608e6-131f-44e0-aa35-97c12a2f72a3: receive RaftClientReply:client-FC58CAF12498->aeb608e6-131f-44e0-aa35-97c12a2f72a3@group-3F41E8AD953A, cid=1668, SUCCESS, logIndex=2384, commits[aeb608e6-131f-44e0-aa35-97c12a2f72a3:c2385, b6a0d396-0e26-402b-ac58-4f0615a4fad6:c2383, 8b17640a-2548-4323-bd97-ba3488877b23:c2383]
2019-08-20 11:35:40,193 INFO  client.GrpcClientProtocolClient (GrpcClientProtocolClient.java:onNext(255)) - client-FC58CAF12498->aeb608e6-131f-44e0-aa35-97c12a2f72a3: receive RaftClientReply:client-FC58CAF12498->aeb608e6-131f-44e0-aa35-97c12a2f72a3@group-3F41E8AD953A, cid=1669, SUCCESS, logIndex=2385, commits[aeb608e6-131f-44e0-aa35-97c12a2f72a3:c2385, b6a0d396-0e26-402b-ac58-4f0615a4fad6:c2383, 8b17640a-2548-4323-bd97-ba3488877b23:c2383]
2019-08-20 11:35:40,193 INFO  client.GrpcClientProtocolClient (GrpcClientProtocolClient.java:onNext(255)) - client-FC58CAF12498->aeb608e6-131f-44e0-aa35-97c12a2f72a3: receive RaftClientReply:client-FC58CAF12498->aeb608e6-131f-44e0-aa35-97c12a2f72a3@group-3F41E8AD953A, cid=1670, SUCCESS, logIndex=2386, commits[aeb608e6-131f-44e0-aa35-97c12a2f72a3:c2387, b6a0d396-0e26-402b-ac58-4f0615a4fad6:c2383, 8b17640a-2548-4323-bd97-ba3488877b23:c2383]
2019-08-20 11:35:40,193 INFO  client.GrpcClientProtocolClient (GrpcClientProtocolClient.java:onNext(255)) - client-FC58CAF12498->aeb608e6-131f-44e0-aa35-97c12a2f72a3: receive RaftClientReply:client-FC58CAF12498->aeb608e6-131f-44e0-aa35-97c12a2f72a3@group-3F41E8AD953A, cid=1671, SUCCESS, logIndex=2387, commits[aeb608e6-131f-44e0-aa35-97c12a2f72a3:c2387, b6a0d396-0e26-402b-ac58-4f0615a4fad6:c2383, 8b17640a-2548-4323-bd97-ba3488877b23:c2383]
2019-08-20 11:35:40,197 INFO  client.GrpcClientProtocolClient (GrpcClientProtocolClient.java:onNext(255)) - client-FC58CAF12498->aeb608e6-131f-44e0-aa35-97c12a2f72a3: receive RaftClientReply:client-FC58CAF12498->aeb608e6-131f-44e0-aa35-97c12a2f72a3@group-3F41E8AD953A, cid=1672, SUCCESS, logIndex=0, commits[aeb608e6-131f-44e0-aa35-97c12a2f72a3:c2391, b6a0d396-0e26-402b-ac58-4f0615a4fad6:c2385, 8b17640a-2548-4323-bd97-ba3488877b23:c2387]
2019-08-20 11:35:40,217 INFO  client.GrpcClientProtocolClient (GrpcClientProtocolClient.java:onNext(255)) - client-FC58CAF12498->aeb608e6-131f-44e0-aa35-97c12a2f72a3: receive RaftClientReply:client-FC58CAF12498->aeb608e6-131f-44e0-aa35-97c12a2f72a3@group-3F41E8AD953A, cid=1673, SUCCESS, logIndex=2392, commits[aeb608e6-131f-44e0-aa35-97c12a2f72a3:c2393, b6a0d396-0e26-402b-ac58-4f0615a4fad6:c2391, 8b17640a-2548-4323-bd97-ba3488877b23:c2391]
2019-08-20 11:35:40,217 INFO  client.GrpcClientProtocolClient (GrpcClientProtocolClient.java:onNext(255)) - client-FC58CAF12498->aeb608e6-131f-44e0-aa35-97c12a2f72a3: receive RaftClientReply:client-FC58CAF12498->aeb608e6-131f-44e0-aa35-97c12a2f72a3@group-3F41E8AD953A, cid=1674, SUCCESS, logIndex=2393, commits[aeb608e6-131f-44e0-aa35-97c12a2f72a3:c2393, b6a0d396-0e26-402b-ac58-4f0615a4fad6:c2391, 8b17640a-2548-4323-bd97-ba3488877b23:c2391]
2019-08-20 11:35:40,243 INFO  client.GrpcClientProtocolClient (GrpcClientProtocolClient.java:onNext(255)) - client-FC58CAF12498->aeb608e6-131f-44e0-aa35-97c12a2f72a3: receive RaftClientReply:client-FC58CAF12498->aeb608e6-131f-44e0-aa35-97c12a2f72a3@group-3F41E8AD953A, cid=1675, SUCCESS, logIndex=2396, commits[aeb608e6-131f-44e0-aa35-97c12a2f72a3:c2397, b6a0d396-0e26-402b-ac58-4f0615a4fad6:c2393, 8b17640a-2548-4323-bd97-ba3488877b23:c2393]
2019-08-20 11:35:40,243 INFO  client.GrpcClientProtocolClient (GrpcClientProtocolClient.java:onNext(255)) - client-FC58CAF12498->aeb608e6-131f-44e0-aa35-97c12a2f72a3: receive RaftClientReply:client-FC58CAF12498->aeb608e6-131f-44e0-aa35-97c12a2f72a3@group-3F41E8AD953A, cid=1676, SUCCESS, logIndex=2397, commits[aeb608e6-131f-44e0-aa35-97c12a2f72a3:c2397, b6a0d396-0e26-402b-ac58-4f0615a4fad6:c2393, 8b17640a-2548-4323-bd97-ba3488877b23:c2393]
2019-08-20 11:35:40,257 INFO  client.GrpcClientProtocolClient (GrpcClientProtocolClient.java:onNext(255)) - client-FC58CAF12498->aeb608e6-131f-44e0-aa35-97c12a2f72a3: receive RaftClientReply:client-FC58CAF12498->aeb608e6-131f-44e0-aa35-97c12a2f72a3@group-3F41E8AD953A, cid=1677, SUCCESS, logIndex=0, commits[aeb608e6-131f-44e0-aa35-97c12a2f72a3:c2399, b6a0d396-0e26-402b-ac58-4f0615a4fad6:c2397, 8b17640a-2548-4323-bd97-ba3488877b23:c2397]
 0.00% |█                                                                                                    |  0/1 Time: 0:00:142019-08-20 11:35:40,387 INFO  client.GrpcClientProtocolClient (GrpcClientProtocolClient.java:onNext(255)) - client-FC58CAF12498->aeb608e6-131f-44e0-aa35-97c12a2f72a3: receive RaftClientReply:client-FC58CAF12498->aeb608e6-131f-44e0-aa35-97c12a2f72a3@group-3F41E8AD953A, cid=1678, SUCCESS, logIndex=2400, commits[aeb608e6-131f-44e0-aa35-97c12a2f72a3:c2401, b6a0d396-0e26-402b-ac58-4f0615a4fad6:c2399, 8b17640a-2548-4323-bd97-ba3488877b23:c2399]
2019-08-20 11:35:40,388 INFO  client.GrpcClientProtocolClient (GrpcClientProtocolClient.java:onNext(255)) - client-FC58CAF12498->aeb608e6-131f-44e0-aa35-97c12a2f72a3: receive RaftClientReply:client-FC58CAF12498->aeb608e6-131f-44e0-aa35-97c12a2f72a3@group-3F41E8AD953A, cid=1679, SUCCESS, logIndex=2401, commits[aeb608e6-131f-44e0-aa35-97c12a2f72a3:c2403, b6a0d396-0e26-402b-ac58-4f0615a4fad6:c2399, 8b17640a-2548-4323-bd97-ba3488877b23:c2399]
2019-08-20 11:35:40,388 INFO  client.GrpcClientProtocolClient (GrpcClientProtocolClient.java:onNext(255)) - client-FC58CAF12498->aeb608e6-131f-44e0-aa35-97c12a2f72a3: receive RaftClientReply:client-FC58CAF12498->aeb608e6-131f-44e0-aa35-97c12a2f72a3@group-3F41E8AD953A, cid=1680, SUCCESS, logIndex=2402, commits[aeb608e6-131f-44e0-aa35-97c12a2f72a3:c2403, b6a0d396-0e26-402b-ac58-4f0615a4fad6:c2399, 8b17640a-2548-4323-bd97-ba3488877b23:c2399]
2019-08-20 11:35:40,388 INFO  client.GrpcClientProtocolClient (GrpcClientProtocolClient.java:onNext(255)) - client-FC58CAF12498->aeb608e6-131f-44e0-aa35-97c12a2f72a3: receive RaftClientReply:client-FC58CAF12498->aeb608e6-131f-44e0-aa35-97c12a2f72a3@group-3F41E8AD953A, cid=1681, SUCCESS, logIndex=2403, commits[aeb608e6-131f-44e0-aa35-97c12a2f72a3:c2403, b6a0d396-0e26-402b-ac58-4f0615a4fad6:c2399, 8b17640a-2548-4323-bd97-ba3488877b23:c2399]
2019-08-20 11:35:40,401 INFO  client.GrpcClientProtocolClient (GrpcClientProtocolClient.java:onNext(255)) - client-FC58CAF12498->aeb608e6-131f-44e0-aa35-97c12a2f72a3: receive RaftClientReply:client-FC58CAF12498->aeb608e6-131f-44e0-aa35-97c12a2f72a3@group-3F41E8AD953A, cid=1682, SUCCESS, logIndex=0, commits[aeb608e6-131f-44e0-aa35-97c12a2f72a3:c2404, b6a0d396-0e26-402b-ac58-4f0615a4fad6:c2401, 8b17640a-2548-4323-bd97-ba3488877b23:c2401]
2019-08-20 11:35:40,422 INFO  client.GrpcClientProtocolClient (GrpcClientProtocolClient.java:onNext(255)) - client-FC58CAF12498->aeb608e6-131f-44e0-aa35-97c12a2f72a3: receive RaftClientReply:client-FC58CAF12498->aeb608e6-131f-44e0-aa35-97c12a2f72a3@group-3F41E8AD953A, cid=1683, SUCCESS, logIndex=2408, commits[aeb608e6-131f-44e0-aa35-97c12a2f72a3:c2409, b6a0d396-0e26-402b-ac58-4f0615a4fad6:c2407, 8b17640a-2548-4323-bd97-ba3488877b23:c2407]
2019-08-20 11:35:40,422 INFO  client.GrpcClientProtocolClient (GrpcClientProtocolClient.java:onNext(255)) - client-FC58CAF12498->aeb608e6-131f-44e0-aa35-97c12a2f72a3: receive RaftClientReply:client-FC58CAF12498->aeb608e6-131f-44e0-aa35-97c12a2f72a3@group-3F41E8AD953A, cid=1684, SUCCESS, logIndex=2409, commits[aeb608e6-131f-44e0-aa35-97c12a2f72a3:c2409, b6a0d396-0e26-402b-ac58-4f0615a4fad6:c2407, 8b17640a-2548-4323-bd97-ba3488877b23:c2407]
2019-08-20 11:35:40,437 INFO  client.GrpcClientProtocolClient (GrpcClientProtocolClient.java:onNext(255)) - client-FC58CAF12498->aeb608e6-131f-44e0-aa35-97c12a2f72a3: receive RaftClientReply:client-FC58CAF12498->aeb608e6-131f-44e0-aa35-97c12a2f72a3@group-3F41E8AD953A, cid=1685, SUCCESS, logIndex=2412, commits[aeb608e6-131f-44e0-aa35-97c12a2f72a3:c2412, b6a0d396-0e26-402b-ac58-4f0615a4fad6:c2409, 8b17640a-2548-4323-bd97-ba3488877b23:c2409]
2019-08-20 11:35:40,437 INFO  client.GrpcClientProtocolClient (GrpcClientProtocolClient.java:onNext(255)) - client-FC58CAF12498->aeb608e6-131f-44e0-aa35-97c12a2f72a3: receive RaftClientReply:client-FC58CAF12498->aeb608e6-131f-44e0-aa35-97c12a2f72a3@group-3F41E8AD953A, cid=1686, SUCCESS, logIndex=2413, commits[aeb608e6-131f-44e0-aa35-97c12a2f72a3:c2413, b6a0d396-0e26-402b-ac58-4f0615a4fad6:c2409, 8b17640a-2548-4323-bd97-ba3488877b23:c2409]
2019-08-20 11:35:40,452 INFO  client.GrpcClientProtocolClient (GrpcClientProtocolClient.java:onNext(255)) - client-FC58CAF12498->aeb608e6-131f-44e0-aa35-97c12a2f72a3: receive RaftClientReply:client-FC58CAF12498->aeb608e6-131f-44e0-aa35-97c12a2f72a3@group-3F41E8AD953A, cid=1687, SUCCESS, logIndex=0, commits[aeb608e6-131f-44e0-aa35-97c12a2f72a3:c2415, b6a0d396-0e26-402b-ac58-4f0615a4fad6:c2413, 8b17640a-2548-4323-bd97-ba3488877b23:c2413]
2019-08-20 11:35:40,481 INFO  client.GrpcClientProtocolClient (GrpcClientProtocolClient.java:onNext(255)) - client-FC58CAF12498->aeb608e6-131f-44e0-aa35-97c12a2f72a3: receive RaftClientReply:client-FC58CAF12498->aeb608e6-131f-44e0-aa35-97c12a2f72a3@group-3F41E8AD953A, cid=1688, SUCCESS, logIndex=2416, commits[aeb608e6-131f-44e0-aa35-97c12a2f72a3:c2417, b6a0d396-0e26-402b-ac58-4f0615a4fad6:c2415, 8b17640a-2548-4323-bd97-ba3488877b23:c2415]
2019-08-20 11:35:40,482 INFO  client.GrpcClientProtocolClient (GrpcClientProtocolClient.java:onNext(255)) - client-FC58CAF12498->aeb608e6-131f-44e0-aa35-97c12a2f72a3: receive RaftClientReply:client-FC58CAF12498->aeb608e6-131f-44e0-aa35-97c12a2f72a3@group-3F41E8AD953A, cid=1689, SUCCESS, logIndex=2417, commits[aeb608e6-131f-44e0-aa35-97c12a2f72a3:c2419, b6a0d396-0e26-402b-ac58-4f0615a4fad6:c2415, 8b17640a-2548-4323-bd97-ba3488877b23:c2415]
2019-08-20 11:35:40,482 INFO  client.GrpcClientProtocolClient (GrpcClientProtocolClient.java:onNext(255)) - client-FC58CAF12498->aeb608e6-131f-44e0-aa35-97c12a2f72a3: receive RaftClientReply:client-FC58CAF12498->aeb608e6-131f-44e0-aa35-97c12a2f72a3@group-3F41E8AD953A, cid=1690, SUCCESS, logIndex=2418, commits[aeb608e6-131f-44e0-aa35-97c12a2f72a3:c2419, b6a0d396-0e26-402b-ac58-4f0615a4fad6:c2415, 8b17640a-2548-4323-bd97-ba3488877b23:c2415]
2019-08-20 11:35:40,482 INFO  client.GrpcClientProtocolClient (GrpcClientProtocolClient.java:onNext(255)) - client-FC58CAF12498->aeb608e6-131f-44e0-aa35-97c12a2f72a3: receive RaftClientReply:client-FC58CAF12498->aeb608e6-131f-44e0-aa35-97c12a2f72a3@group-3F41E8AD953A, cid=1691, SUCCESS, logIndex=2419, commits[aeb608e6-131f-44e0-aa35-97c12a2f72a3:c2419, b6a0d396-0e26-402b-ac58-4f0615a4fad6:c2415, 8b17640a-2548-4323-bd97-ba3488877b23:c2415]
2019-08-20 11:35:40,497 INFO  client.GrpcClientProtocolClient (GrpcClientProtocolClient.java:onNext(255)) - client-FC58CAF12498->aeb608e6-131f-44e0-aa35-97c12a2f72a3: receive RaftClientReply:client-FC58CAF12498->aeb608e6-131f-44e0-aa35-97c12a2f72a3@group-3F41E8AD953A, cid=1692, SUCCESS, logIndex=0, commits[aeb608e6-131f-44e0-aa35-97c12a2f72a3:c2422, b6a0d396-0e26-402b-ac58-4f0615a4fad6:c2417, 8b17640a-2548-4323-bd97-ba3488877b23:c2419]
2019-08-20 11:35:40,519 INFO  client.GrpcClientProtocolClient (GrpcClientProtocolClient.java:onNext(255)) - client-FC58CAF12498->aeb608e6-131f-44e0-aa35-97c12a2f72a3: receive RaftClientReply:client-FC58CAF12498->aeb608e6-131f-44e0-aa35-97c12a2f72a3@group-3F41E8AD953A, cid=1693, SUCCESS, logIndex=2423, commits[aeb608e6-131f-44e0-aa35-97c12a2f72a3:c2424, b6a0d396-0e26-402b-ac58-4f0615a4fad6:c2419, 8b17640a-2548-4323-bd97-ba3488877b23:c2422]
2019-08-20 11:35:40,519 INFO  client.GrpcClientProtocolClient (GrpcClientProtocolClient.java:onNext(255)) - client-FC58CAF12498->aeb608e6-131f-44e0-aa35-97c12a2f72a3: receive RaftClientReply:client-FC58CAF12498->aeb608e6-131f-44e0-aa35-97c12a2f72a3@group-3F41E8AD953A, cid=1694, SUCCESS, logIndex=2424, commits[aeb608e6-131f-44e0-aa35-97c12a2f72a3:c2424, b6a0d396-0e26-402b-ac58-4f0615a4fad6:c2422, 8b17640a-2548-4323-bd97-ba3488877b23:c2422]
2019-08-20 11:35:40,532 INFO  client.GrpcClientProtocolClient (GrpcClientProtocolClient.java:onNext(255)) - client-FC58CAF12498->aeb608e6-131f-44e0-aa35-97c12a2f72a3: receive RaftClientReply:client-FC58CAF12498->aeb608e6-131f-44e0-aa35-97c12a2f72a3@group-3F41E8AD953A, cid=1695, SUCCESS, logIndex=2427, commits[aeb608e6-131f-44e0-aa35-97c12a2f72a3:c2428, b6a0d396-0e26-402b-ac58-4f0615a4fad6:c2424, 8b17640a-2548-4323-bd97-ba3488877b23:c2424]
2019-08-20 11:35:40,532 INFO  client.GrpcClientProtocolClient (GrpcClientProtocolClient.java:onNext(255)) - client-FC58CAF12498->aeb608e6-131f-44e0-aa35-97c12a2f72a3: receive RaftClientReply:client-FC58CAF12498->aeb608e6-131f-44e0-aa35-97c12a2f72a3@group-3F41E8AD953A, cid=1696, SUCCESS, logIndex=2428, commits[aeb608e6-131f-44e0-aa35-97c12a2f72a3:c2428, b6a0d396-0e26-402b-ac58-4f0615a4fad6:c2424, 8b17640a-2548-4323-bd97-ba3488877b23:c2424]
2019-08-20 11:35:40,544 INFO  client.GrpcClientProtocolClient (GrpcClientProtocolClient.java:onNext(255)) - client-FC58CAF12498->aeb608e6-131f-44e0-aa35-97c12a2f72a3: receive RaftClientReply:client-FC58CAF12498->aeb608e6-131f-44e0-aa35-97c12a2f72a3@group-3F41E8AD953A, cid=1697, SUCCESS, logIndex=0, commits[aeb608e6-131f-44e0-aa35-97c12a2f72a3:c2428, b6a0d396-0e26-402b-ac58-4f0615a4fad6:c2428, 8b17640a-2548-4323-bd97-ba3488877b23:c2428]
2019-08-20 11:35:40,572 INFO  client.GrpcClientProtocolClient (GrpcClientProtocolClient.java:onNext(255)) - client-FC58CAF12498->aeb608e6-131f-44e0-aa35-97c12a2f72a3: receive RaftClientReply:client-FC58CAF12498->aeb608e6-131f-44e0-aa35-97c12a2f72a3@group-3F41E8AD953A, cid=1698, SUCCESS, logIndex=2431, commits[aeb608e6-131f-44e0-aa35-97c12a2f72a3:c2432, b6a0d396-0e26-402b-ac58-4f0615a4fad6:c2430, 8b17640a-2548-4323-bd97-ba3488877b23:c2430]
2019-08-20 11:35:40,573 INFO  client.GrpcClientProtocolClient (GrpcClientProtocolClient.java:onNext(255)) - client-FC58CAF12498->aeb608e6-131f-44e0-aa35-97c12a2f72a3: receive RaftClientReply:client-FC58CAF12498->aeb608e6-131f-44e0-aa35-97c12a2f72a3@group-3F41E8AD953A, cid=1699, SUCCESS, logIndex=2432, commits[aeb608e6-131f-44e0-aa35-97c12a2f72a3:c2433, b6a0d396-0e26-402b-ac58-4f0615a4fad6:c2430, 8b17640a-2548-4323-bd97-ba3488877b23:c2430]
2019-08-20 11:35:40,573 INFO  client.GrpcClientProtocolClient (GrpcClientProtocolClient.java:onNext(255)) - client-FC58CAF12498->aeb608e6-131f-44e0-aa35-97c12a2f72a3: receive RaftClientReply:client-FC58CAF12498->aeb608e6-131f-44e0-aa35-97c12a2f72a3@group-3F41E8AD953A, cid=1700, SUCCESS, logIndex=2433, commits[aeb608e6-131f-44e0-aa35-97c12a2f72a3:c2434, b6a0d396-0e26-402b-ac58-4f0615a4fad6:c2430, 8b17640a-2548-4323-bd97-ba3488877b23:c2430]
2019-08-20 11:35:40,573 INFO  client.GrpcClientProtocolClient (GrpcClientProtocolClient.java:onNext(255)) - client-FC58CAF12498->aeb608e6-131f-44e0-aa35-97c12a2f72a3: receive RaftClientReply:client-FC58CAF12498->aeb608e6-131f-44e0-aa35-97c12a2f72a3@group-3F41E8AD953A, cid=1701, SUCCESS, logIndex=2434, commits[aeb608e6-131f-44e0-aa35-97c12a2f72a3:c2434, b6a0d396-0e26-402b-ac58-4f0615a4fad6:c2430, 8b17640a-2548-4323-bd97-ba3488877b23:c2430]
2019-08-20 11:35:40,574 INFO  client.GrpcClientProtocolClient (GrpcClientProtocolClient.java:onNext(255)) - client-FC58CAF12498->aeb608e6-131f-44e0-aa35-97c12a2f72a3: receive RaftClientReply:client-FC58CAF12498->aeb608e6-131f-44e0-aa35-97c12a2f72a3@group-3F41E8AD953A, cid=1702, SUCCESS, logIndex=0, commits[aeb608e6-131f-44e0-aa35-97c12a2f72a3:c2436, b6a0d396-0e26-402b-ac58-4f0615a4fad6:c2432, 8b17640a-2548-4323-bd97-ba3488877b23:c2432]
2019-08-20 11:35:40,594 INFO  client.GrpcClientProtocolClient (GrpcClientProtocolClient.java:onNext(255)) - client-FC58CAF12498->aeb608e6-131f-44e0-aa35-97c12a2f72a3: receive RaftClientReply:client-FC58CAF12498->aeb608e6-131f-44e0-aa35-97c12a2f72a3@group-3F41E8AD953A, cid=1703, SUCCESS, logIndex=2439, commits[aeb608e6-131f-44e0-aa35-97c12a2f72a3:c2440, b6a0d396-0e26-402b-ac58-4f0615a4fad6:c2438, 8b17640a-2548-4323-bd97-ba3488877b23:c2438]
2019-08-20 11:35:40,595 INFO  client.GrpcClientProtocolClient (GrpcClientProtocolClient.java:onNext(255)) - client-FC58CAF12498->aeb608e6-131f-44e0-aa35-97c12a2f72a3: receive RaftClientReply:client-FC58CAF12498->aeb608e6-131f-44e0-aa35-97c12a2f72a3@group-3F41E8AD953A, cid=1704, SUCCESS, logIndex=2440, commits[aeb608e6-131f-44e0-aa35-97c12a2f72a3:c2440, b6a0d396-0e26-402b-ac58-4f0615a4fad6:c2438, 8b17640a-2548-4323-bd97-ba3488877b23:c2438]
2019-08-20 11:35:40,609 INFO  client.GrpcClientProtocolClient (GrpcClientProtocolClient.java:onNext(255)) - client-FC58CAF12498->aeb608e6-131f-44e0-aa35-97c12a2f72a3: receive RaftClientReply:client-FC58CAF12498->aeb608e6-131f-44e0-aa35-97c12a2f72a3@group-3F41E8AD953A, cid=1705, SUCCESS, logIndex=2443, commits[aeb608e6-131f-44e0-aa35-97c12a2f72a3:c2444, b6a0d396-0e26-402b-ac58-4f0615a4fad6:c2440, 8b17640a-2548-4323-bd97-ba3488877b23:c2440]
2019-08-20 11:35:40,610 INFO  client.GrpcClientProtocolClient (GrpcClientProtocolClient.java:onNext(255)) - client-FC58CAF12498->aeb608e6-131f-44e0-aa35-97c12a2f72a3: receive RaftClientReply:client-FC58CAF12498->aeb608e6-131f-44e0-aa35-97c12a2f72a3@group-3F41E8AD953A, cid=1706, SUCCESS, logIndex=2444, commits[aeb608e6-131f-44e0-aa35-97c12a2f72a3:c2444, b6a0d396-0e26-402b-ac58-4f0615a4fad6:c2440, 8b17640a-2548-4323-bd97-ba3488877b23:c2440]
2019-08-20 11:35:40,621 INFO  client.GrpcClientProtocolClient (GrpcClientProtocolClient.java:onNext(255)) - client-FC58CAF12498->aeb608e6-131f-44e0-aa35-97c12a2f72a3: receive RaftClientReply:client-FC58CAF12498->aeb608e6-131f-44e0-aa35-97c12a2f72a3@group-3F41E8AD953A, cid=1707, SUCCESS, logIndex=0, commits[aeb608e6-131f-44e0-aa35-97c12a2f72a3:c2445, b6a0d396-0e26-402b-ac58-4f0615a4fad6:c2444, 8b17640a-2548-4323-bd97-ba3488877b23:c2444]
2019-08-20 11:35:40,647 INFO  client.GrpcClientProtocolClient (GrpcClientProtocolClient.java:onNext(255)) - client-FC58CAF12498->aeb608e6-131f-44e0-aa35-97c12a2f72a3: receive RaftClientReply:client-FC58CAF12498->aeb608e6-131f-44e0-aa35-97c12a2f72a3@group-3F41E8AD953A, cid=1708, SUCCESS, logIndex=2447, commits[aeb608e6-131f-44e0-aa35-97c12a2f72a3:c2448, b6a0d396-0e26-402b-ac58-4f0615a4fad6:c2446, 8b17640a-2548-4323-bd97-ba3488877b23:c2446]
2019-08-20 11:35:40,648 INFO  client.GrpcClientProtocolClient (GrpcClientProtocolClient.java:onNext(255)) - client-FC58CAF12498->aeb608e6-131f-44e0-aa35-97c12a2f72a3: receive RaftClientReply:client-FC58CAF12498->aeb608e6-131f-44e0-aa35-97c12a2f72a3@group-3F41E8AD953A, cid=1709, SUCCESS, logIndex=2448, commits[aeb608e6-131f-44e0-aa35-97c12a2f72a3:c2448, b6a0d396-0e26-402b-ac58-4f0615a4fad6:c2446, 8b17640a-2548-4323-bd97-ba3488877b23:c2446]
2019-08-20 11:35:40,648 INFO  client.GrpcClientProtocolClient (GrpcClientProtocolClient.java:onNext(255)) - client-FC58CAF12498->aeb608e6-131f-44e0-aa35-97c12a2f72a3: receive RaftClientReply:client-FC58CAF12498->aeb608e6-131f-44e0-aa35-97c12a2f72a3@group-3F41E8AD953A, cid=1710, SUCCESS, logIndex=2449, commits[aeb608e6-131f-44e0-aa35-97c12a2f72a3:c2450, b6a0d396-0e26-402b-ac58-4f0615a4fad6:c2446, 8b17640a-2548-4323-bd97-ba3488877b23:c2446]
2019-08-20 11:35:40,649 INFO  client.GrpcClientProtocolClient (GrpcClientProtocolClient.java:onNext(255)) - client-FC58CAF12498->aeb608e6-131f-44e0-aa35-97c12a2f72a3: receive RaftClientReply:client-FC58CAF12498->aeb608e6-131f-44e0-aa35-97c12a2f72a3@group-3F41E8AD953A, cid=1711, SUCCESS, logIndex=2450, commits[aeb608e6-131f-44e0-aa35-97c12a2f72a3:c2450, b6a0d396-0e26-402b-ac58-4f0615a4fad6:c2446, 8b17640a-2548-4323-bd97-ba3488877b23:c2446]
2019-08-20 11:35:40,651 INFO  client.GrpcClientProtocolClient (GrpcClientProtocolClient.java:onNext(255)) - client-FC58CAF12498->aeb608e6-131f-44e0-aa35-97c12a2f72a3: receive RaftClientReply:client-FC58CAF12498->aeb608e6-131f-44e0-aa35-97c12a2f72a3@group-3F41E8AD953A, cid=1712, SUCCESS, logIndex=0, commits[aeb608e6-131f-44e0-aa35-97c12a2f72a3:c2452, b6a0d396-0e26-402b-ac58-4f0615a4fad6:c2448, 8b17640a-2548-4323-bd97-ba3488877b23:c2448]
2019-08-20 11:35:40,672 INFO  client.GrpcClientProtocolClient (GrpcClientProtocolClient.java:onNext(255)) - client-FC58CAF12498->aeb608e6-131f-44e0-aa35-97c12a2f72a3: receive RaftClientReply:client-FC58CAF12498->aeb608e6-131f-44e0-aa35-97c12a2f72a3@group-3F41E8AD953A, cid=1713, SUCCESS, logIndex=2455, commits[aeb608e6-131f-44e0-aa35-97c12a2f72a3:c2456, b6a0d396-0e26-402b-ac58-4f0615a4fad6:c2454, 8b17640a-2548-4323-bd97-ba3488877b23:c2454]
2019-08-20 11:35:40,672 INFO  client.GrpcClientProtocolClient (GrpcClientProtocolClient.java:onNext(255)) - client-FC58CAF12498->aeb608e6-131f-44e0-aa35-97c12a2f72a3: receive RaftClientReply:client-FC58CAF12498->aeb608e6-131f-44e0-aa35-97c12a2f72a3@group-3F41E8AD953A, cid=1714, SUCCESS, logIndex=2456, commits[aeb608e6-131f-44e0-aa35-97c12a2f72a3:c2456, b6a0d396-0e26-402b-ac58-4f0615a4fad6:c2454, 8b17640a-2548-4323-bd97-ba3488877b23:c2454]
2019-08-20 11:35:40,684 INFO  client.GrpcClientProtocolClient (GrpcClientProtocolClient.java:onNext(255)) - client-FC58CAF12498->aeb608e6-131f-44e0-aa35-97c12a2f72a3: receive RaftClientReply:client-FC58CAF12498->aeb608e6-131f-44e0-aa35-97c12a2f72a3@group-3F41E8AD953A, cid=1715, SUCCESS, logIndex=2459, commits[aeb608e6-131f-44e0-aa35-97c12a2f72a3:c2460, b6a0d396-0e26-402b-ac58-4f0615a4fad6:c2456, 8b17640a-2548-4323-bd97-ba3488877b23:c2456]
2019-08-20 11:35:40,684 INFO  client.GrpcClientProtocolClient (GrpcClientProtocolClient.java:onNext(255)) - client-FC58CAF12498->aeb608e6-131f-44e0-aa35-97c12a2f72a3: receive RaftClientReply:client-FC58CAF12498->aeb608e6-131f-44e0-aa35-97c12a2f72a3@group-3F41E8AD953A, cid=1716, SUCCESS, logIndex=2460, commits[aeb608e6-131f-44e0-aa35-97c12a2f72a3:c2460, b6a0d396-0e26-402b-ac58-4f0615a4fad6:c2456, 8b17640a-2548-4323-bd97-ba3488877b23:c2456]
2019-08-20 11:35:40,707 INFO  client.GrpcClientProtocolClient (GrpcClientProtocolClient.java:onNext(255)) - client-FC58CAF12498->aeb608e6-131f-44e0-aa35-97c12a2f72a3: receive RaftClientReply:client-FC58CAF12498->aeb608e6-131f-44e0-aa35-97c12a2f72a3@group-3F41E8AD953A, cid=1717, SUCCESS, logIndex=0, commits[aeb608e6-131f-44e0-aa35-97c12a2f72a3:c2462, b6a0d396-0e26-402b-ac58-4f0615a4fad6:c2460, 8b17640a-2548-4323-bd97-ba3488877b23:c2460]
2019-08-20 11:35:40,740 INFO  client.GrpcClientProtocolClient (GrpcClientProtocolClient.java:onNext(255)) - client-FC58CAF12498->aeb608e6-131f-44e0-aa35-97c12a2f72a3: receive RaftClientReply:client-FC58CAF12498->aeb608e6-131f-44e0-aa35-97c12a2f72a3@group-3F41E8AD953A, cid=1718, SUCCESS, logIndex=2463, commits[aeb608e6-131f-44e0-aa35-97c12a2f72a3:c2464, b6a0d396-0e26-402b-ac58-4f0615a4fad6:c2462, 8b17640a-2548-4323-bd97-ba3488877b23:c2462]
2019-08-20 11:35:40,741 INFO  client.GrpcClientProtocolClient (GrpcClientProtocolClient.java:onNext(255)) - client-FC58CAF12498->aeb608e6-131f-44e0-aa35-97c12a2f72a3: receive RaftClientReply:client-FC58CAF12498->aeb608e6-131f-44e0-aa35-97c12a2f72a3@group-3F41E8AD953A, cid=1719, SUCCESS, logIndex=2464, commits[aeb608e6-131f-44e0-aa35-97c12a2f72a3:c2466, b6a0d396-0e26-402b-ac58-4f0615a4fad6:c2462, 8b17640a-2548-4323-bd97-ba3488877b23:c2462]
2019-08-20 11:35:40,741 INFO  client.GrpcClientProtocolClient (GrpcClientProtocolClient.java:onNext(255)) - client-FC58CAF12498->aeb608e6-131f-44e0-aa35-97c12a2f72a3: receive RaftClientReply:client-FC58CAF12498->aeb608e6-131f-44e0-aa35-97c12a2f72a3@group-3F41E8AD953A, cid=1720, SUCCESS, logIndex=2465, commits[aeb608e6-131f-44e0-aa35-97c12a2f72a3:c2466, b6a0d396-0e26-402b-ac58-4f0615a4fad6:c2462, 8b17640a-2548-4323-bd97-ba3488877b23:c2462]
2019-08-20 11:35:40,741 INFO  client.GrpcClientProtocolClient (GrpcClientProtocolClient.java:onNext(255)) - client-FC58CAF12498->aeb608e6-131f-44e0-aa35-97c12a2f72a3: receive RaftClientReply:client-FC58CAF12498->aeb608e6-131f-44e0-aa35-97c12a2f72a3@group-3F41E8AD953A, cid=1721, SUCCESS, logIndex=2466, commits[aeb608e6-131f-44e0-aa35-97c12a2f72a3:c2466, b6a0d396-0e26-402b-ac58-4f0615a4fad6:c2462, 8b17640a-2548-4323-bd97-ba3488877b23:c2462]
2019-08-20 11:35:40,743 INFO  client.GrpcClientProtocolClient (GrpcClientProtocolClient.java:onNext(255)) - client-FC58CAF12498->aeb608e6-131f-44e0-aa35-97c12a2f72a3: receive RaftClientReply:client-FC58CAF12498->aeb608e6-131f-44e0-aa35-97c12a2f72a3@group-3F41E8AD953A, cid=1722, SUCCESS, logIndex=0, commits[aeb608e6-131f-44e0-aa35-97c12a2f72a3:c2467, b6a0d396-0e26-402b-ac58-4f0615a4fad6:c2464, 8b17640a-2548-4323-bd97-ba3488877b23:c2464]
2019-08-20 11:35:40,768 INFO  client.GrpcClientProtocolClient (GrpcClientProtocolClient.java:onNext(255)) - client-FC58CAF12498->aeb608e6-131f-44e0-aa35-97c12a2f72a3: receive RaftClientReply:client-FC58CAF12498->aeb608e6-131f-44e0-aa35-97c12a2f72a3@group-3F41E8AD953A, cid=1723, SUCCESS, logIndex=2471, commits[aeb608e6-131f-44e0-aa35-97c12a2f72a3:c2472, b6a0d396-0e26-402b-ac58-4f0615a4fad6:c2467, 8b17640a-2548-4323-bd97-ba3488877b23:c2467]
2019-08-20 11:35:40,768 INFO  client.GrpcClientProtocolClient (GrpcClientProtocolClient.java:onNext(255)) - client-FC58CAF12498->aeb608e6-131f-44e0-aa35-97c12a2f72a3: receive RaftClientReply:client-FC58CAF12498->aeb608e6-131f-44e0-aa35-97c12a2f72a3@group-3F41E8AD953A, cid=1724, SUCCESS, logIndex=2472, commits[aeb608e6-131f-44e0-aa35-97c12a2f72a3:c2472, b6a0d396-0e26-402b-ac58-4f0615a4fad6:c2467, 8b17640a-2548-4323-bd97-ba3488877b23:c2467]
2019-08-20 11:35:40,783 INFO  client.GrpcClientProtocolClient (GrpcClientProtocolClient.java:onNext(255)) - client-FC58CAF12498->aeb608e6-131f-44e0-aa35-97c12a2f72a3: receive RaftClientReply:client-FC58CAF12498->aeb608e6-131f-44e0-aa35-97c12a2f72a3@group-3F41E8AD953A, cid=1725, SUCCESS, logIndex=2475, commits[aeb608e6-131f-44e0-aa35-97c12a2f72a3:c2476, b6a0d396-0e26-402b-ac58-4f0615a4fad6:c2472, 8b17640a-2548-4323-bd97-ba3488877b23:c2472]
2019-08-20 11:35:40,783 INFO  client.GrpcClientProtocolClient (GrpcClientProtocolClient.java:onNext(255)) - client-FC58CAF12498->aeb608e6-131f-44e0-aa35-97c12a2f72a3: receive RaftClientReply:client-FC58CAF12498->aeb608e6-131f-44e0-aa35-97c12a2f72a3@group-3F41E8AD953A, cid=1726, SUCCESS, logIndex=2476, commits[aeb608e6-131f-44e0-aa35-97c12a2f72a3:c2476, b6a0d396-0e26-402b-ac58-4f0615a4fad6:c2472, 8b17640a-2548-4323-bd97-ba3488877b23:c2472]
2019-08-20 11:35:40,796 INFO  client.GrpcClientProtocolClient (GrpcClientProtocolClient.java:onNext(255)) - client-FC58CAF12498->aeb608e6-131f-44e0-aa35-97c12a2f72a3: receive RaftClientReply:client-FC58CAF12498->aeb608e6-131f-44e0-aa35-97c12a2f72a3@group-3F41E8AD953A, cid=1727, SUCCESS, logIndex=0, commits[aeb608e6-131f-44e0-aa35-97c12a2f72a3:c2478, b6a0d396-0e26-402b-ac58-4f0615a4fad6:c2476, 8b17640a-2548-4323-bd97-ba3488877b23:c2476]
2019-08-20 11:35:40,827 INFO  client.GrpcClientProtocolClient (GrpcClientProtocolClient.java:onNext(255)) - client-FC58CAF12498->aeb608e6-131f-44e0-aa35-97c12a2f72a3: receive RaftClientReply:client-FC58CAF12498->aeb608e6-131f-44e0-aa35-97c12a2f72a3@group-3F41E8AD953A, cid=1728, SUCCESS, logIndex=2479, commits[aeb608e6-131f-44e0-aa35-97c12a2f72a3:c2480, b6a0d396-0e26-402b-ac58-4f0615a4fad6:c2478, 8b17640a-2548-4323-bd97-ba3488877b23:c2478]
2019-08-20 11:35:40,827 INFO  client.GrpcClientProtocolClient (GrpcClientProtocolClient.java:onNext(255)) - client-FC58CAF12498->aeb608e6-131f-44e0-aa35-97c12a2f72a3: receive RaftClientReply:client-FC58CAF12498->aeb608e6-131f-44e0-aa35-97c12a2f72a3@group-3F41E8AD953A, cid=1729, SUCCESS, logIndex=2480, commits[aeb608e6-131f-44e0-aa35-97c12a2f72a3:c2480, b6a0d396-0e26-402b-ac58-4f0615a4fad6:c2478, 8b17640a-2548-4323-bd97-ba3488877b23:c2478]
2019-08-20 11:35:40,837 INFO  client.GrpcClientProtocolClient (GrpcClientProtocolClient.java:onNext(255)) - client-FC58CAF12498->aeb608e6-131f-44e0-aa35-97c12a2f72a3: receive RaftClientReply:client-FC58CAF12498->aeb608e6-131f-44e0-aa35-97c12a2f72a3@group-3F41E8AD953A, cid=1730, SUCCESS, logIndex=2481, commits[aeb608e6-131f-44e0-aa35-97c12a2f72a3:c2482, b6a0d396-0e26-402b-ac58-4f0615a4fad6:c2478, 8b17640a-2548-4323-bd97-ba3488877b23:c2478]
2019-08-20 11:35:40,837 INFO  client.GrpcClientProtocolClient (GrpcClientProtocolClient.java:onNext(255)) - client-FC58CAF12498->aeb608e6-131f-44e0-aa35-97c12a2f72a3: receive RaftClientReply:client-FC58CAF12498->aeb608e6-131f-44e0-aa35-97c12a2f72a3@group-3F41E8AD953A, cid=1731, SUCCESS, logIndex=2482, commits[aeb608e6-131f-44e0-aa35-97c12a2f72a3:c2482, b6a0d396-0e26-402b-ac58-4f0615a4fad6:c2478, 8b17640a-2548-4323-bd97-ba3488877b23:c2478]
2019-08-20 11:35:40,839 INFO  client.GrpcClientProtocolClient (GrpcClientProtocolClient.java:onNext(255)) - client-FC58CAF12498->aeb608e6-131f-44e0-aa35-97c12a2f72a3: receive RaftClientReply:client-FC58CAF12498->aeb608e6-131f-44e0-aa35-97c12a2f72a3@group-3F41E8AD953A, cid=1732, SUCCESS, logIndex=0, commits[aeb608e6-131f-44e0-aa35-97c12a2f72a3:c2486, b6a0d396-0e26-402b-ac58-4f0615a4fad6:c2480, 8b17640a-2548-4323-bd97-ba3488877b23:c2480]
2019-08-20 11:35:40,859 INFO  client.GrpcClientProtocolClient (GrpcClientProtocolClient.java:onNext(255)) - client-FC58CAF12498->aeb608e6-131f-44e0-aa35-97c12a2f72a3: receive RaftClientReply:client-FC58CAF12498->aeb608e6-131f-44e0-aa35-97c12a2f72a3@group-3F41E8AD953A, cid=1733, SUCCESS, logIndex=2487, commits[aeb608e6-131f-44e0-aa35-97c12a2f72a3:c2487, b6a0d396-0e26-402b-ac58-4f0615a4fad6:c2486, 8b17640a-2548-4323-bd97-ba3488877b23:c2486]
2019-08-20 11:35:40,859 INFO  client.GrpcClientProtocolClient (GrpcClientProtocolClient.java:onNext(255)) - client-FC58CAF12498->aeb608e6-131f-44e0-aa35-97c12a2f72a3: receive RaftClientReply:client-FC58CAF12498->aeb608e6-131f-44e0-aa35-97c12a2f72a3@group-3F41E8AD953A, cid=1734, SUCCESS, logIndex=2488, commits[aeb608e6-131f-44e0-aa35-97c12a2f72a3:c2488, b6a0d396-0e26-402b-ac58-4f0615a4fad6:c2486, 8b17640a-2548-4323-bd97-ba3488877b23:c2486]
2019-08-20 11:35:40,874 INFO  client.GrpcClientProtocolClient (GrpcClientProtocolClient.java:onNext(255)) - client-FC58CAF12498->aeb608e6-131f-44e0-aa35-97c12a2f72a3: receive RaftClientReply:client-FC58CAF12498->aeb608e6-131f-44e0-aa35-97c12a2f72a3@group-3F41E8AD953A, cid=1735, SUCCESS, logIndex=2491, commits[aeb608e6-131f-44e0-aa35-97c12a2f72a3:c2492, b6a0d396-0e26-402b-ac58-4f0615a4fad6:c2488, 8b17640a-2548-4323-bd97-ba3488877b23:c2488]
2019-08-20 11:35:40,874 INFO  client.GrpcClientProtocolClient (GrpcClientProtocolClient.java:onNext(255)) - client-FC58CAF12498->aeb608e6-131f-44e0-aa35-97c12a2f72a3: receive RaftClientReply:client-FC58CAF12498->aeb608e6-131f-44e0-aa35-97c12a2f72a3@group-3F41E8AD953A, cid=1736, SUCCESS, logIndex=2492, commits[aeb608e6-131f-44e0-aa35-97c12a2f72a3:c2492, b6a0d396-0e26-402b-ac58-4f0615a4fad6:c2488, 8b17640a-2548-4323-bd97-ba3488877b23:c2488]
2019-08-20 11:35:40,884 INFO  client.GrpcClientProtocolClient (GrpcClientProtocolClient.java:onNext(255)) - client-FC58CAF12498->aeb608e6-131f-44e0-aa35-97c12a2f72a3: receive RaftClientReply:client-FC58CAF12498->aeb608e6-131f-44e0-aa35-97c12a2f72a3@group-3F41E8AD953A, cid=1737, SUCCESS, logIndex=0, commits[aeb608e6-131f-44e0-aa35-97c12a2f72a3:c2493, b6a0d396-0e26-402b-ac58-4f0615a4fad6:c2492, 8b17640a-2548-4323-bd97-ba3488877b23:c2492]
2019-08-20 11:35:40,912 INFO  client.GrpcClientProtocolClient (GrpcClientProtocolClient.java:onNext(255)) - client-FC58CAF12498->aeb608e6-131f-44e0-aa35-97c12a2f72a3: receive RaftClientReply:client-FC58CAF12498->aeb608e6-131f-44e0-aa35-97c12a2f72a3@group-3F41E8AD953A, cid=1738, SUCCESS, logIndex=2495, commits[aeb608e6-131f-44e0-aa35-97c12a2f72a3:c2496, b6a0d396-0e26-402b-ac58-4f0615a4fad6:c2494, 8b17640a-2548-4323-bd97-ba3488877b23:c2494]
2019-08-20 11:35:40,913 INFO  client.GrpcClientProtocolClient (GrpcClientProtocolClient.java:onNext(255)) - client-FC58CAF12498->aeb608e6-131f-44e0-aa35-97c12a2f72a3: receive RaftClientReply:client-FC58CAF12498->aeb608e6-131f-44e0-aa35-97c12a2f72a3@group-3F41E8AD953A, cid=1739, SUCCESS, logIndex=2496, commits[aeb608e6-131f-44e0-aa35-97c12a2f72a3:c2498, b6a0d396-0e26-402b-ac58-4f0615a4fad6:c2494, 8b17640a-2548-4323-bd97-ba3488877b23:c2494]
2019-08-20 11:35:40,913 INFO  client.GrpcClientProtocolClient (GrpcClientProtocolClient.java:onNext(255)) - client-FC58CAF12498->aeb608e6-131f-44e0-aa35-97c12a2f72a3: receive RaftClientReply:client-FC58CAF12498->aeb608e6-131f-44e0-aa35-97c12a2f72a3@group-3F41E8AD953A, cid=1740, SUCCESS, logIndex=2497, commits[aeb608e6-131f-44e0-aa35-97c12a2f72a3:c2498, b6a0d396-0e26-402b-ac58-4f0615a4fad6:c2494, 8b17640a-2548-4323-bd97-ba3488877b23:c2494]
2019-08-20 11:35:40,914 INFO  client.GrpcClientProtocolClient (GrpcClientProtocolClient.java:onNext(255)) - client-FC58CAF12498->aeb608e6-131f-44e0-aa35-97c12a2f72a3: receive RaftClientReply:client-FC58CAF12498->aeb608e6-131f-44e0-aa35-97c12a2f72a3@group-3F41E8AD953A, cid=1741, SUCCESS, logIndex=2498, commits[aeb608e6-131f-44e0-aa35-97c12a2f72a3:c2499, b6a0d396-0e26-402b-ac58-4f0615a4fad6:c2494, 8b17640a-2548-4323-bd97-ba3488877b23:c2495]
2019-08-20 11:35:40,916 INFO  client.GrpcClientProtocolClient (GrpcClientProtocolClient.java:onNext(255)) - client-FC58CAF12498->aeb608e6-131f-44e0-aa35-97c12a2f72a3: receive RaftClientReply:client-FC58CAF12498->aeb608e6-131f-44e0-aa35-97c12a2f72a3@group-3F41E8AD953A, cid=1742, SUCCESS, logIndex=0, commits[aeb608e6-131f-44e0-aa35-97c12a2f72a3:c2500, b6a0d396-0e26-402b-ac58-4f0615a4fad6:c2496, 8b17640a-2548-4323-bd97-ba3488877b23:c2496]
2019-08-20 11:35:40,929 INFO  client.GrpcClientProtocolClient (GrpcClientProtocolClient.java:onNext(255)) - client-FC58CAF12498->aeb608e6-131f-44e0-aa35-97c12a2f72a3: receive RaftClientReply:client-FC58CAF12498->aeb608e6-131f-44e0-aa35-97c12a2f72a3@group-3F41E8AD953A, cid=1743, SUCCESS, logIndex=2503, commits[aeb608e6-131f-44e0-aa35-97c12a2f72a3:c2504, b6a0d396-0e26-402b-ac58-4f0615a4fad6:c2498, 8b17640a-2548-4323-bd97-ba3488877b23:c2500]
2019-08-20 11:35:40,930 INFO  client.GrpcClientProtocolClient (GrpcClientProtocolClient.java:onNext(255)) - client-FC58CAF12498->aeb608e6-131f-44e0-aa35-97c12a2f72a3: receive RaftClientReply:client-FC58CAF12498->aeb608e6-131f-44e0-aa35-97c12a2f72a3@group-3F41E8AD953A, cid=1744, SUCCESS, logIndex=2504, commits[aeb608e6-131f-44e0-aa35-97c12a2f72a3:c2504, b6a0d396-0e26-402b-ac58-4f0615a4fad6:c2500, 8b17640a-2548-4323-bd97-ba3488877b23:c2500]
2019-08-20 11:35:40,944 INFO  client.GrpcClientProtocolClient (GrpcClientProtocolClient.java:onNext(255)) - client-FC58CAF12498->aeb608e6-131f-44e0-aa35-97c12a2f72a3: receive RaftClientReply:client-FC58CAF12498->aeb608e6-131f-44e0-aa35-97c12a2f72a3@group-3F41E8AD953A, cid=1745, SUCCESS, logIndex=2506, commits[aeb608e6-131f-44e0-aa35-97c12a2f72a3:c2507, b6a0d396-0e26-402b-ac58-4f0615a4fad6:c2504, 8b17640a-2548-4323-bd97-ba3488877b23:c2504]
2019-08-20 11:35:40,944 INFO  client.GrpcClientProtocolClient (GrpcClientProtocolClient.java:onNext(255)) - client-FC58CAF12498->aeb608e6-131f-44e0-aa35-97c12a2f72a3: receive RaftClientReply:client-FC58CAF12498->aeb608e6-131f-44e0-aa35-97c12a2f72a3@group-3F41E8AD953A, cid=1746, SUCCESS, logIndex=2507, commits[aeb608e6-131f-44e0-aa35-97c12a2f72a3:c2507, b6a0d396-0e26-402b-ac58-4f0615a4fad6:c2504, 8b17640a-2548-4323-bd97-ba3488877b23:c2504]
2019-08-20 11:35:40,974 INFO  client.GrpcClientProtocolClient (GrpcClientProtocolClient.java:onNext(255)) - client-FC58CAF12498->aeb608e6-131f-44e0-aa35-97c12a2f72a3: receive RaftClientReply:client-FC58CAF12498->aeb608e6-131f-44e0-aa35-97c12a2f72a3@group-3F41E8AD953A, cid=1747, SUCCESS, logIndex=0, commits[aeb608e6-131f-44e0-aa35-97c12a2f72a3:c2509, b6a0d396-0e26-402b-ac58-4f0615a4fad6:c2507, 8b17640a-2548-4323-bd97-ba3488877b23:c2507]
2019-08-20 11:35:41,143 INFO  client.GrpcClientProtocolClient (GrpcClientProtocolClient.java:onNext(255)) - client-FC58CAF12498->aeb608e6-131f-44e0-aa35-97c12a2f72a3: receive RaftClientReply:client-FC58CAF12498->aeb608e6-131f-44e0-aa35-97c12a2f72a3@group-3F41E8AD953A, cid=1748, SUCCESS, logIndex=2510, commits[aeb608e6-131f-44e0-aa35-97c12a2f72a3:c2511, b6a0d396-0e26-402b-ac58-4f0615a4fad6:c2509, 8b17640a-2548-4323-bd97-ba3488877b23:c2509]
2019-08-20 11:35:41,143 INFO  client.GrpcClientProtocolClient (GrpcClientProtocolClient.java:onNext(255)) - client-FC58CAF12498->aeb608e6-131f-44e0-aa35-97c12a2f72a3: receive RaftClientReply:client-FC58CAF12498->aeb608e6-131f-44e0-aa35-97c12a2f72a3@group-3F41E8AD953A, cid=1749, SUCCESS, logIndex=2511, commits[aeb608e6-131f-44e0-aa35-97c12a2f72a3:c2513, b6a0d396-0e26-402b-ac58-4f0615a4fad6:c2509, 8b17640a-2548-4323-bd97-ba3488877b23:c2509]
2019-08-20 11:35:41,144 INFO  client.GrpcClientProtocolClient (GrpcClientProtocolClient.java:onNext(255)) - client-FC58CAF12498->aeb608e6-131f-44e0-aa35-97c12a2f72a3: receive RaftClientReply:client-FC58CAF12498->aeb608e6-131f-44e0-aa35-97c12a2f72a3@group-3F41E8AD953A, cid=1750, SUCCESS, logIndex=2512, commits[aeb608e6-131f-44e0-aa35-97c12a2f72a3:c2513, b6a0d396-0e26-402b-ac58-4f0615a4fad6:c2509, 8b17640a-2548-4323-bd97-ba3488877b23:c2509]
2019-08-20 11:35:41,144 INFO  client.GrpcClientProtocolClient (GrpcClientProtocolClient.java:onNext(255)) - client-FC58CAF12498->aeb608e6-131f-44e0-aa35-97c12a2f72a3: receive RaftClientReply:client-FC58CAF12498->aeb608e6-131f-44e0-aa35-97c12a2f72a3@group-3F41E8AD953A, cid=1751, SUCCESS, logIndex=2513, commits[aeb608e6-131f-44e0-aa35-97c12a2f72a3:c2513, b6a0d396-0e26-402b-ac58-4f0615a4fad6:c2509, 8b17640a-2548-4323-bd97-ba3488877b23:c2509]
2019-08-20 11:35:41,166 INFO  client.GrpcClientProtocolClient (GrpcClientProtocolClient.java:onNext(255)) - client-FC58CAF12498->aeb608e6-131f-44e0-aa35-97c12a2f72a3: receive RaftClientReply:client-FC58CAF12498->aeb608e6-131f-44e0-aa35-97c12a2f72a3@group-3F41E8AD953A, cid=1752, SUCCESS, logIndex=0, commits[aeb608e6-131f-44e0-aa35-97c12a2f72a3:c2514, b6a0d396-0e26-402b-ac58-4f0615a4fad6:c2511, 8b17640a-2548-4323-bd97-ba3488877b23:c2511]
2019-08-20 11:35:41,189 INFO  client.GrpcClientProtocolClient (GrpcClientProtocolClient.java:onNext(255)) - client-FC58CAF12498->aeb608e6-131f-44e0-aa35-97c12a2f72a3: receive RaftClientReply:client-FC58CAF12498->aeb608e6-131f-44e0-aa35-97c12a2f72a3@group-3F41E8AD953A, cid=1753, SUCCESS, logIndex=2518, commits[aeb608e6-131f-44e0-aa35-97c12a2f72a3:c2519, b6a0d396-0e26-402b-ac58-4f0615a4fad6:c2517, 8b17640a-2548-4323-bd97-ba3488877b23:c2517]
2019-08-20 11:35:41,190 INFO  client.GrpcClientProtocolClient (GrpcClientProtocolClient.java:onNext(255)) - client-FC58CAF12498->aeb608e6-131f-44e0-aa35-97c12a2f72a3: receive RaftClientReply:client-FC58CAF12498->aeb608e6-131f-44e0-aa35-97c12a2f72a3@group-3F41E8AD953A, cid=1754, SUCCESS, logIndex=2519, commits[aeb608e6-131f-44e0-aa35-97c12a2f72a3:c2519, b6a0d396-0e26-402b-ac58-4f0615a4fad6:c2517, 8b17640a-2548-4323-bd97-ba3488877b23:c2517]
2019-08-20 11:35:41,213 INFO  client.GrpcClientProtocolClient (GrpcClientProtocolClient.java:onNext(255)) - client-FC58CAF12498->aeb608e6-131f-44e0-aa35-97c12a2f72a3: receive RaftClientReply:client-FC58CAF12498->aeb608e6-131f-44e0-aa35-97c12a2f72a3@group-3F41E8AD953A, cid=1755, SUCCESS, logIndex=2522, commits[aeb608e6-131f-44e0-aa35-97c12a2f72a3:c2522, b6a0d396-0e26-402b-ac58-4f0615a4fad6:c2518, 8b17640a-2548-4323-bd97-ba3488877b23:c2519]
2019-08-20 11:35:41,214 INFO  client.GrpcClientProtocolClient (GrpcClientProtocolClient.java:onNext(255)) - client-FC58CAF12498->aeb608e6-131f-44e0-aa35-97c12a2f72a3: receive RaftClientReply:client-FC58CAF12498->aeb608e6-131f-44e0-aa35-97c12a2f72a3@group-3F41E8AD953A, cid=1756, SUCCESS, logIndex=2523, commits[aeb608e6-131f-44e0-aa35-97c12a2f72a3:c2523, b6a0d396-0e26-402b-ac58-4f0615a4fad6:c2519, 8b17640a-2548-4323-bd97-ba3488877b23:c2519]
2019-08-20 11:35:41,228 INFO  client.GrpcClientProtocolClient (GrpcClientProtocolClient.java:onNext(255)) - client-FC58CAF12498->aeb608e6-131f-44e0-aa35-97c12a2f72a3: receive RaftClientReply:client-FC58CAF12498->aeb608e6-131f-44e0-aa35-97c12a2f72a3@group-3F41E8AD953A, cid=1757, SUCCESS, logIndex=0, commits[aeb608e6-131f-44e0-aa35-97c12a2f72a3:c2525, b6a0d396-0e26-402b-ac58-4f0615a4fad6:c2523, 8b17640a-2548-4323-bd97-ba3488877b23:c2523]
2019-08-20 11:35:41,260 INFO  client.GrpcClientProtocolClient (GrpcClientProtocolClient.java:onNext(255)) - client-FC58CAF12498->aeb608e6-131f-44e0-aa35-97c12a2f72a3: receive RaftClientReply:client-FC58CAF12498->aeb608e6-131f-44e0-aa35-97c12a2f72a3@group-3F41E8AD953A, cid=1758, SUCCESS, logIndex=2526, commits[aeb608e6-131f-44e0-aa35-97c12a2f72a3:c2527, b6a0d396-0e26-402b-ac58-4f0615a4fad6:c2525, 8b17640a-2548-4323-bd97-ba3488877b23:c2525]
2019-08-20 11:35:41,261 INFO  client.GrpcClientProtocolClient (GrpcClientProtocolClient.java:onNext(255)) - client-FC58CAF12498->aeb608e6-131f-44e0-aa35-97c12a2f72a3: receive RaftClientReply:client-FC58CAF12498->aeb608e6-131f-44e0-aa35-97c12a2f72a3@group-3F41E8AD953A, cid=1759, SUCCESS, logIndex=2527, commits[aeb608e6-131f-44e0-aa35-97c12a2f72a3:c2529, b6a0d396-0e26-402b-ac58-4f0615a4fad6:c2525, 8b17640a-2548-4323-bd97-ba3488877b23:c2525]
2019-08-20 11:35:41,261 INFO  client.GrpcClientProtocolClient (GrpcClientProtocolClient.java:onNext(255)) - client-FC58CAF12498->aeb608e6-131f-44e0-aa35-97c12a2f72a3: receive RaftClientReply:client-FC58CAF12498->aeb608e6-131f-44e0-aa35-97c12a2f72a3@group-3F41E8AD953A, cid=1760, SUCCESS, logIndex=2528, commits[aeb608e6-131f-44e0-aa35-97c12a2f72a3:c2529, b6a0d396-0e26-402b-ac58-4f0615a4fad6:c2525, 8b17640a-2548-4323-bd97-ba3488877b23:c2525]
2019-08-20 11:35:41,261 INFO  client.GrpcClientProtocolClient (GrpcClientProtocolClient.java:onNext(255)) - client-FC58CAF12498->aeb608e6-131f-44e0-aa35-97c12a2f72a3: receive RaftClientReply:client-FC58CAF12498->aeb608e6-131f-44e0-aa35-97c12a2f72a3@group-3F41E8AD953A, cid=1761, SUCCESS, logIndex=2529, commits[aeb608e6-131f-44e0-aa35-97c12a2f72a3:c2529, b6a0d396-0e26-402b-ac58-4f0615a4fad6:c2525, 8b17640a-2548-4323-bd97-ba3488877b23:c2525]
2019-08-20 11:35:41,284 INFO  client.GrpcClientProtocolClient (GrpcClientProtocolClient.java:onNext(255)) - client-FC58CAF12498->aeb608e6-131f-44e0-aa35-97c12a2f72a3: receive RaftClientReply:client-FC58CAF12498->aeb608e6-131f-44e0-aa35-97c12a2f72a3@group-3F41E8AD953A, cid=1762, SUCCESS, logIndex=0, commits[aeb608e6-131f-44e0-aa35-97c12a2f72a3:c2532, b6a0d396-0e26-402b-ac58-4f0615a4fad6:c2527, 8b17640a-2548-4323-bd97-ba3488877b23:c2529]
2019-08-20 11:35:41,304 INFO  client.GrpcClientProtocolClient (GrpcClientProtocolClient.java:onNext(255)) - client-FC58CAF12498->aeb608e6-131f-44e0-aa35-97c12a2f72a3: receive RaftClientReply:client-FC58CAF12498->aeb608e6-131f-44e0-aa35-97c12a2f72a3@group-3F41E8AD953A, cid=1763, SUCCESS, logIndex=2533, commits[aeb608e6-131f-44e0-aa35-97c12a2f72a3:c2534, b6a0d396-0e26-402b-ac58-4f0615a4fad6:c2532, 8b17640a-2548-4323-bd97-ba3488877b23:c2532]
2019-08-20 11:35:41,305 INFO  client.GrpcClientProtocolClient (GrpcClientProtocolClient.java:onNext(255)) - client-FC58CAF12498->aeb608e6-131f-44e0-aa35-97c12a2f72a3: receive RaftClientReply:client-FC58CAF12498->aeb608e6-131f-44e0-aa35-97c12a2f72a3@group-3F41E8AD953A, cid=1764, SUCCESS, logIndex=2534, commits[aeb608e6-131f-44e0-aa35-97c12a2f72a3:c2534, b6a0d396-0e26-402b-ac58-4f0615a4fad6:c2532, 8b17640a-2548-4323-bd97-ba3488877b23:c2532]
2019-08-20 11:35:41,320 INFO  client.GrpcClientProtocolClient (GrpcClientProtocolClient.java:onNext(255)) - client-FC58CAF12498->aeb608e6-131f-44e0-aa35-97c12a2f72a3: receive RaftClientReply:client-FC58CAF12498->aeb608e6-131f-44e0-aa35-97c12a2f72a3@group-3F41E8AD953A, cid=1765, SUCCESS, logIndex=2537, commits[aeb608e6-131f-44e0-aa35-97c12a2f72a3:c2538, b6a0d396-0e26-402b-ac58-4f0615a4fad6:c2534, 8b17640a-2548-4323-bd97-ba3488877b23:c2534]
2019-08-20 11:35:41,320 INFO  client.GrpcClientProtocolClient (GrpcClientProtocolClient.java:onNext(255)) - client-FC58CAF12498->aeb608e6-131f-44e0-aa35-97c12a2f72a3: receive RaftClientReply:client-FC58CAF12498->aeb608e6-131f-44e0-aa35-97c12a2f72a3@group-3F41E8AD953A, cid=1766, SUCCESS, logIndex=2538, commits[aeb608e6-131f-44e0-aa35-97c12a2f72a3:c2538, b6a0d396-0e26-402b-ac58-4f0615a4fad6:c2534, 8b17640a-2548-4323-bd97-ba3488877b23:c2534]
2019-08-20 11:35:41,333 INFO  client.GrpcClientProtocolClient (GrpcClientProtocolClient.java:onNext(255)) - client-FC58CAF12498->aeb608e6-131f-44e0-aa35-97c12a2f72a3: receive RaftClientReply:client-FC58CAF12498->aeb608e6-131f-44e0-aa35-97c12a2f72a3@group-3F41E8AD953A, cid=1767, SUCCESS, logIndex=0, commits[aeb608e6-131f-44e0-aa35-97c12a2f72a3:c2539, b6a0d396-0e26-402b-ac58-4f0615a4fad6:c2538, 8b17640a-2548-4323-bd97-ba3488877b23:c2538]
2019-08-20 11:35:41,364 INFO  client.GrpcClientProtocolClient (GrpcClientProtocolClient.java:onNext(255)) - client-FC58CAF12498->aeb608e6-131f-44e0-aa35-97c12a2f72a3: receive RaftClientReply:client-FC58CAF12498->aeb608e6-131f-44e0-aa35-97c12a2f72a3@group-3F41E8AD953A, cid=1768, SUCCESS, logIndex=2541, commits[aeb608e6-131f-44e0-aa35-97c12a2f72a3:c2543, b6a0d396-0e26-402b-ac58-4f0615a4fad6:c2540, 8b17640a-2548-4323-bd97-ba3488877b23:c2540]
2019-08-20 11:35:41,364 INFO  client.GrpcClientProtocolClient (GrpcClientProtocolClient.java:onNext(255)) - client-FC58CAF12498->aeb608e6-131f-44e0-aa35-97c12a2f72a3: receive RaftClientReply:client-FC58CAF12498->aeb608e6-131f-44e0-aa35-97c12a2f72a3@group-3F41E8AD953A, cid=1769, SUCCESS, logIndex=2542, commits[aeb608e6-131f-44e0-aa35-97c12a2f72a3:c2544, b6a0d396-0e26-402b-ac58-4f0615a4fad6:c2540, 8b17640a-2548-4323-bd97-ba3488877b23:c2540]
2019-08-20 11:35:41,365 INFO  client.GrpcClientProtocolClient (GrpcClientProtocolClient.java:onNext(255)) - client-FC58CAF12498->aeb608e6-131f-44e0-aa35-97c12a2f72a3: receive RaftClientReply:client-FC58CAF12498->aeb608e6-131f-44e0-aa35-97c12a2f72a3@group-3F41E8AD953A, cid=1770, SUCCESS, logIndex=2543, commits[aeb608e6-131f-44e0-aa35-97c12a2f72a3:c2544, b6a0d396-0e26-402b-ac58-4f0615a4fad6:c2540, 8b17640a-2548-4323-bd97-ba3488877b23:c2540]
2019-08-20 11:35:41,365 INFO  client.GrpcClientProtocolClient (GrpcClientProtocolClient.java:onNext(255)) - client-FC58CAF12498->aeb608e6-131f-44e0-aa35-97c12a2f72a3: receive RaftClientReply:client-FC58CAF12498->aeb608e6-131f-44e0-aa35-97c12a2f72a3@group-3F41E8AD953A, cid=1771, SUCCESS, logIndex=2544, commits[aeb608e6-131f-44e0-aa35-97c12a2f72a3:c2544, b6a0d396-0e26-402b-ac58-4f0615a4fad6:c2540, 8b17640a-2548-4323-bd97-ba3488877b23:c2540]
2019-08-20 11:35:41,373 INFO  client.GrpcClientProtocolClient (GrpcClientProtocolClient.java:onNext(255)) - client-FC58CAF12498->aeb608e6-131f-44e0-aa35-97c12a2f72a3: receive RaftClientReply:client-FC58CAF12498->aeb608e6-131f-44e0-aa35-97c12a2f72a3@group-3F41E8AD953A, cid=1772, SUCCESS, logIndex=0, commits[aeb608e6-131f-44e0-aa35-97c12a2f72a3:c2544, b6a0d396-0e26-402b-ac58-4f0615a4fad6:c2542, 8b17640a-2548-4323-bd97-ba3488877b23:c2542]
 0.00% |█                                                                                                    |  0/1 Time: 0:00:152019-08-20 11:35:41,391 INFO  client.GrpcClientProtocolClient (GrpcClientProtocolClient.java:onNext(255)) - client-FC58CAF12498->aeb608e6-131f-44e0-aa35-97c12a2f72a3: receive RaftClientReply:client-FC58CAF12498->aeb608e6-131f-44e0-aa35-97c12a2f72a3@group-3F41E8AD953A, cid=1773, SUCCESS, logIndex=2549, commits[aeb608e6-131f-44e0-aa35-97c12a2f72a3:c2550, b6a0d396-0e26-402b-ac58-4f0615a4fad6:c2548, 8b17640a-2548-4323-bd97-ba3488877b23:c2548]
2019-08-20 11:35:41,391 INFO  client.GrpcClientProtocolClient (GrpcClientProtocolClient.java:onNext(255)) - client-FC58CAF12498->aeb608e6-131f-44e0-aa35-97c12a2f72a3: receive RaftClientReply:client-FC58CAF12498->aeb608e6-131f-44e0-aa35-97c12a2f72a3@group-3F41E8AD953A, cid=1774, SUCCESS, logIndex=2550, commits[aeb608e6-131f-44e0-aa35-97c12a2f72a3:c2550, b6a0d396-0e26-402b-ac58-4f0615a4fad6:c2548, 8b17640a-2548-4323-bd97-ba3488877b23:c2548]
2019-08-20 11:35:41,404 INFO  client.GrpcClientProtocolClient (GrpcClientProtocolClient.java:onNext(255)) - client-FC58CAF12498->aeb608e6-131f-44e0-aa35-97c12a2f72a3: receive RaftClientReply:client-FC58CAF12498->aeb608e6-131f-44e0-aa35-97c12a2f72a3@group-3F41E8AD953A, cid=1775, SUCCESS, logIndex=2553, commits[aeb608e6-131f-44e0-aa35-97c12a2f72a3:c2553, b6a0d396-0e26-402b-ac58-4f0615a4fad6:c2550, 8b17640a-2548-4323-bd97-ba3488877b23:c2550]
2019-08-20 11:35:41,404 INFO  client.GrpcClientProtocolClient (GrpcClientProtocolClient.java:onNext(255)) - client-FC58CAF12498->aeb608e6-131f-44e0-aa35-97c12a2f72a3: receive RaftClientReply:client-FC58CAF12498->aeb608e6-131f-44e0-aa35-97c12a2f72a3@group-3F41E8AD953A, cid=1776, SUCCESS, logIndex=2554, commits[aeb608e6-131f-44e0-aa35-97c12a2f72a3:c2554, b6a0d396-0e26-402b-ac58-4f0615a4fad6:c2550, 8b17640a-2548-4323-bd97-ba3488877b23:c2550]
2019-08-20 11:35:41,425 INFO  client.GrpcClientProtocolClient (GrpcClientProtocolClient.java:onNext(255)) - client-FC58CAF12498->aeb608e6-131f-44e0-aa35-97c12a2f72a3: receive RaftClientReply:client-FC58CAF12498->aeb608e6-131f-44e0-aa35-97c12a2f72a3@group-3F41E8AD953A, cid=1777, SUCCESS, logIndex=0, commits[aeb608e6-131f-44e0-aa35-97c12a2f72a3:c2555, b6a0d396-0e26-402b-ac58-4f0615a4fad6:c2554, 8b17640a-2548-4323-bd97-ba3488877b23:c2554]
2019-08-20 11:35:41,455 INFO  client.GrpcClientProtocolClient (GrpcClientProtocolClient.java:onNext(255)) - client-FC58CAF12498->aeb608e6-131f-44e0-aa35-97c12a2f72a3: receive RaftClientReply:client-FC58CAF12498->aeb608e6-131f-44e0-aa35-97c12a2f72a3@group-3F41E8AD953A, cid=1778, SUCCESS, logIndex=2557, commits[aeb608e6-131f-44e0-aa35-97c12a2f72a3:c2558, b6a0d396-0e26-402b-ac58-4f0615a4fad6:c2556, 8b17640a-2548-4323-bd97-ba3488877b23:c2556]
2019-08-20 11:35:41,455 INFO  client.GrpcClientProtocolClient (GrpcClientProtocolClient.java:onNext(255)) - client-FC58CAF12498->aeb608e6-131f-44e0-aa35-97c12a2f72a3: receive RaftClientReply:client-FC58CAF12498->aeb608e6-131f-44e0-aa35-97c12a2f72a3@group-3F41E8AD953A, cid=1779, SUCCESS, logIndex=2558, commits[aeb608e6-131f-44e0-aa35-97c12a2f72a3:c2559, b6a0d396-0e26-402b-ac58-4f0615a4fad6:c2556, 8b17640a-2548-4323-bd97-ba3488877b23:c2556]
2019-08-20 11:35:41,455 INFO  client.GrpcClientProtocolClient (GrpcClientProtocolClient.java:onNext(255)) - client-FC58CAF12498->aeb608e6-131f-44e0-aa35-97c12a2f72a3: receive RaftClientReply:client-FC58CAF12498->aeb608e6-131f-44e0-aa35-97c12a2f72a3@group-3F41E8AD953A, cid=1780, SUCCESS, logIndex=2559, commits[aeb608e6-131f-44e0-aa35-97c12a2f72a3:c2560, b6a0d396-0e26-402b-ac58-4f0615a4fad6:c2556, 8b17640a-2548-4323-bd97-ba3488877b23:c2556]
2019-08-20 11:35:41,455 INFO  client.GrpcClientProtocolClient (GrpcClientProtocolClient.java:onNext(255)) - client-FC58CAF12498->aeb608e6-131f-44e0-aa35-97c12a2f72a3: receive RaftClientReply:client-FC58CAF12498->aeb608e6-131f-44e0-aa35-97c12a2f72a3@group-3F41E8AD953A, cid=1781, SUCCESS, logIndex=2560, commits[aeb608e6-131f-44e0-aa35-97c12a2f72a3:c2560, b6a0d396-0e26-402b-ac58-4f0615a4fad6:c2556, 8b17640a-2548-4323-bd97-ba3488877b23:c2556]
2019-08-20 11:35:41,468 INFO  client.GrpcClientProtocolClient (GrpcClientProtocolClient.java:onNext(255)) - client-FC58CAF12498->aeb608e6-131f-44e0-aa35-97c12a2f72a3: receive RaftClientReply:client-FC58CAF12498->aeb608e6-131f-44e0-aa35-97c12a2f72a3@group-3F41E8AD953A, cid=1782, SUCCESS, logIndex=0, commits[aeb608e6-131f-44e0-aa35-97c12a2f72a3:c2563, b6a0d396-0e26-402b-ac58-4f0615a4fad6:c2559, 8b17640a-2548-4323-bd97-ba3488877b23:c2558]
2019-08-20 11:35:41,487 INFO  client.GrpcClientProtocolClient (GrpcClientProtocolClient.java:onNext(255)) - client-FC58CAF12498->aeb608e6-131f-44e0-aa35-97c12a2f72a3: receive RaftClientReply:client-FC58CAF12498->aeb608e6-131f-44e0-aa35-97c12a2f72a3@group-3F41E8AD953A, cid=1783, SUCCESS, logIndex=2565, commits[aeb608e6-131f-44e0-aa35-97c12a2f72a3:c2566, b6a0d396-0e26-402b-ac58-4f0615a4fad6:c2564, 8b17640a-2548-4323-bd97-ba3488877b23:c2564]
2019-08-20 11:35:41,488 INFO  client.GrpcClientProtocolClient (GrpcClientProtocolClient.java:onNext(255)) - client-FC58CAF12498->aeb608e6-131f-44e0-aa35-97c12a2f72a3: receive RaftClientReply:client-FC58CAF12498->aeb608e6-131f-44e0-aa35-97c12a2f72a3@group-3F41E8AD953A, cid=1784, SUCCESS, logIndex=2566, commits[aeb608e6-131f-44e0-aa35-97c12a2f72a3:c2566, b6a0d396-0e26-402b-ac58-4f0615a4fad6:c2564, 8b17640a-2548-4323-bd97-ba3488877b23:c2564]
2019-08-20 11:35:41,502 INFO  client.GrpcClientProtocolClient (GrpcClientProtocolClient.java:onNext(255)) - client-FC58CAF12498->aeb608e6-131f-44e0-aa35-97c12a2f72a3: receive RaftClientReply:client-FC58CAF12498->aeb608e6-131f-44e0-aa35-97c12a2f72a3@group-3F41E8AD953A, cid=1785, SUCCESS, logIndex=2569, commits[aeb608e6-131f-44e0-aa35-97c12a2f72a3:c2569, b6a0d396-0e26-402b-ac58-4f0615a4fad6:c2566, 8b17640a-2548-4323-bd97-ba3488877b23:c2566]
2019-08-20 11:35:41,503 INFO  client.GrpcClientProtocolClient (GrpcClientProtocolClient.java:onNext(255)) - client-FC58CAF12498->aeb608e6-131f-44e0-aa35-97c12a2f72a3: receive RaftClientReply:client-FC58CAF12498->aeb608e6-131f-44e0-aa35-97c12a2f72a3@group-3F41E8AD953A, cid=1786, SUCCESS, logIndex=2570, commits[aeb608e6-131f-44e0-aa35-97c12a2f72a3:c2570, b6a0d396-0e26-402b-ac58-4f0615a4fad6:c2566, 8b17640a-2548-4323-bd97-ba3488877b23:c2566]
2019-08-20 11:35:41,517 INFO  client.GrpcClientProtocolClient (GrpcClientProtocolClient.java:onNext(255)) - client-FC58CAF12498->aeb608e6-131f-44e0-aa35-97c12a2f72a3: receive RaftClientReply:client-FC58CAF12498->aeb608e6-131f-44e0-aa35-97c12a2f72a3@group-3F41E8AD953A, cid=1787, SUCCESS, logIndex=0, commits[aeb608e6-131f-44e0-aa35-97c12a2f72a3:c2572, b6a0d396-0e26-402b-ac58-4f0615a4fad6:c2570, 8b17640a-2548-4323-bd97-ba3488877b23:c2570]
2019-08-20 11:35:41,545 INFO  client.GrpcClientProtocolClient (GrpcClientProtocolClient.java:onNext(255)) - client-FC58CAF12498->aeb608e6-131f-44e0-aa35-97c12a2f72a3: receive RaftClientReply:client-FC58CAF12498->aeb608e6-131f-44e0-aa35-97c12a2f72a3@group-3F41E8AD953A, cid=1788, SUCCESS, logIndex=2573, commits[aeb608e6-131f-44e0-aa35-97c12a2f72a3:c2574, b6a0d396-0e26-402b-ac58-4f0615a4fad6:c2572, 8b17640a-2548-4323-bd97-ba3488877b23:c2572]
2019-08-20 11:35:41,546 INFO  client.GrpcClientProtocolClient (GrpcClientProtocolClient.java:onNext(255)) - client-FC58CAF12498->aeb608e6-131f-44e0-aa35-97c12a2f72a3: receive RaftClientReply:client-FC58CAF12498->aeb608e6-131f-44e0-aa35-97c12a2f72a3@group-3F41E8AD953A, cid=1789, SUCCESS, logIndex=2574, commits[aeb608e6-131f-44e0-aa35-97c12a2f72a3:c2576, b6a0d396-0e26-402b-ac58-4f0615a4fad6:c2572, 8b17640a-2548-4323-bd97-ba3488877b23:c2572]
2019-08-20 11:35:41,547 INFO  client.GrpcClientProtocolClient (GrpcClientProtocolClient.java:onNext(255)) - client-FC58CAF12498->aeb608e6-131f-44e0-aa35-97c12a2f72a3: receive RaftClientReply:client-FC58CAF12498->aeb608e6-131f-44e0-aa35-97c12a2f72a3@group-3F41E8AD953A, cid=1790, SUCCESS, logIndex=2575, commits[aeb608e6-131f-44e0-aa35-97c12a2f72a3:c2576, b6a0d396-0e26-402b-ac58-4f0615a4fad6:c2572, 8b17640a-2548-4323-bd97-ba3488877b23:c2572]
2019-08-20 11:35:41,547 INFO  client.GrpcClientProtocolClient (GrpcClientProtocolClient.java:onNext(255)) - client-FC58CAF12498->aeb608e6-131f-44e0-aa35-97c12a2f72a3: receive RaftClientReply:client-FC58CAF12498->aeb608e6-131f-44e0-aa35-97c12a2f72a3@group-3F41E8AD953A, cid=1791, SUCCESS, logIndex=2576, commits[aeb608e6-131f-44e0-aa35-97c12a2f72a3:c2576, b6a0d396-0e26-402b-ac58-4f0615a4fad6:c2572, 8b17640a-2548-4323-bd97-ba3488877b23:c2572]
2019-08-20 11:35:41,559 INFO  client.GrpcClientProtocolClient (GrpcClientProtocolClient.java:onNext(255)) - client-FC58CAF12498->aeb608e6-131f-44e0-aa35-97c12a2f72a3: receive RaftClientReply:client-FC58CAF12498->aeb608e6-131f-44e0-aa35-97c12a2f72a3@group-3F41E8AD953A, cid=1792, SUCCESS, logIndex=0, commits[aeb608e6-131f-44e0-aa35-97c12a2f72a3:c2578, b6a0d396-0e26-402b-ac58-4f0615a4fad6:c2574, 8b17640a-2548-4323-bd97-ba3488877b23:c2574]
2019-08-20 11:35:41,579 INFO  client.GrpcClientProtocolClient (GrpcClientProtocolClient.java:onNext(255)) - client-FC58CAF12498->aeb608e6-131f-44e0-aa35-97c12a2f72a3: receive RaftClientReply:client-FC58CAF12498->aeb608e6-131f-44e0-aa35-97c12a2f72a3@group-3F41E8AD953A, cid=1793, SUCCESS, logIndex=2581, commits[aeb608e6-131f-44e0-aa35-97c12a2f72a3:c2582, b6a0d396-0e26-402b-ac58-4f0615a4fad6:c2580, 8b17640a-2548-4323-bd97-ba3488877b23:c2580]
2019-08-20 11:35:41,579 INFO  client.GrpcClientProtocolClient (GrpcClientProtocolClient.java:onNext(255)) - client-FC58CAF12498->aeb608e6-131f-44e0-aa35-97c12a2f72a3: receive RaftClientReply:client-FC58CAF12498->aeb608e6-131f-44e0-aa35-97c12a2f72a3@group-3F41E8AD953A, cid=1794, SUCCESS, logIndex=2582, commits[aeb608e6-131f-44e0-aa35-97c12a2f72a3:c2582, b6a0d396-0e26-402b-ac58-4f0615a4fad6:c2580, 8b17640a-2548-4323-bd97-ba3488877b23:c2580]
2019-08-20 11:35:41,605 INFO  client.GrpcClientProtocolClient (GrpcClientProtocolClient.java:onNext(255)) - client-FC58CAF12498->aeb608e6-131f-44e0-aa35-97c12a2f72a3: receive RaftClientReply:client-FC58CAF12498->aeb608e6-131f-44e0-aa35-97c12a2f72a3@group-3F41E8AD953A, cid=1795, SUCCESS, logIndex=2585, commits[aeb608e6-131f-44e0-aa35-97c12a2f72a3:c2586, b6a0d396-0e26-402b-ac58-4f0615a4fad6:c2582, 8b17640a-2548-4323-bd97-ba3488877b23:c2582]
2019-08-20 11:35:41,605 INFO  client.GrpcClientProtocolClient (GrpcClientProtocolClient.java:onNext(255)) - client-FC58CAF12498->aeb608e6-131f-44e0-aa35-97c12a2f72a3: receive RaftClientReply:client-FC58CAF12498->aeb608e6-131f-44e0-aa35-97c12a2f72a3@group-3F41E8AD953A, cid=1796, SUCCESS, logIndex=2586, commits[aeb608e6-131f-44e0-aa35-97c12a2f72a3:c2586, b6a0d396-0e26-402b-ac58-4f0615a4fad6:c2582, 8b17640a-2548-4323-bd97-ba3488877b23:c2582]
2019-08-20 11:35:41,619 INFO  client.GrpcClientProtocolClient (GrpcClientProtocolClient.java:onNext(255)) - client-FC58CAF12498->aeb608e6-131f-44e0-aa35-97c12a2f72a3: receive RaftClientReply:client-FC58CAF12498->aeb608e6-131f-44e0-aa35-97c12a2f72a3@group-3F41E8AD953A, cid=1797, SUCCESS, logIndex=0, commits[aeb608e6-131f-44e0-aa35-97c12a2f72a3:c2587, b6a0d396-0e26-402b-ac58-4f0615a4fad6:c2586, 8b17640a-2548-4323-bd97-ba3488877b23:c2586]
2019-08-20 11:35:41,648 INFO  client.GrpcClientProtocolClient (GrpcClientProtocolClient.java:onNext(255)) - client-FC58CAF12498->aeb608e6-131f-44e0-aa35-97c12a2f72a3: receive RaftClientReply:client-FC58CAF12498->aeb608e6-131f-44e0-aa35-97c12a2f72a3@group-3F41E8AD953A, cid=1798, SUCCESS, logIndex=2589, commits[aeb608e6-131f-44e0-aa35-97c12a2f72a3:c2591, b6a0d396-0e26-402b-ac58-4f0615a4fad6:c2588, 8b17640a-2548-4323-bd97-ba3488877b23:c2588]
2019-08-20 11:35:41,648 INFO  client.GrpcClientProtocolClient (GrpcClientProtocolClient.java:onNext(255)) - client-FC58CAF12498->aeb608e6-131f-44e0-aa35-97c12a2f72a3: receive RaftClientReply:client-FC58CAF12498->aeb608e6-131f-44e0-aa35-97c12a2f72a3@group-3F41E8AD953A, cid=1799, SUCCESS, logIndex=2590, commits[aeb608e6-131f-44e0-aa35-97c12a2f72a3:c2592, b6a0d396-0e26-402b-ac58-4f0615a4fad6:c2588, 8b17640a-2548-4323-bd97-ba3488877b23:c2588]
2019-08-20 11:35:41,649 INFO  client.GrpcClientProtocolClient (GrpcClientProtocolClient.java:onNext(255)) - client-FC58CAF12498->aeb608e6-131f-44e0-aa35-97c12a2f72a3: receive RaftClientReply:client-FC58CAF12498->aeb608e6-131f-44e0-aa35-97c12a2f72a3@group-3F41E8AD953A, cid=1800, SUCCESS, logIndex=2591, commits[aeb608e6-131f-44e0-aa35-97c12a2f72a3:c2592, b6a0d396-0e26-402b-ac58-4f0615a4fad6:c2588, 8b17640a-2548-4323-bd97-ba3488877b23:c2588]
2019-08-20 11:35:41,649 INFO  client.GrpcClientProtocolClient (GrpcClientProtocolClient.java:onNext(255)) - client-FC58CAF12498->aeb608e6-131f-44e0-aa35-97c12a2f72a3: receive RaftClientReply:client-FC58CAF12498->aeb608e6-131f-44e0-aa35-97c12a2f72a3@group-3F41E8AD953A, cid=1801, SUCCESS, logIndex=2592, commits[aeb608e6-131f-44e0-aa35-97c12a2f72a3:c2592, b6a0d396-0e26-402b-ac58-4f0615a4fad6:c2588, 8b17640a-2548-4323-bd97-ba3488877b23:c2588]
2019-08-20 11:35:41,672 INFO  client.GrpcClientProtocolClient (GrpcClientProtocolClient.java:onNext(255)) - client-FC58CAF12498->aeb608e6-131f-44e0-aa35-97c12a2f72a3: receive RaftClientReply:client-FC58CAF12498->aeb608e6-131f-44e0-aa35-97c12a2f72a3@group-3F41E8AD953A, cid=1802, SUCCESS, logIndex=0, commits[aeb608e6-131f-44e0-aa35-97c12a2f72a3:c2593, b6a0d396-0e26-402b-ac58-4f0615a4fad6:c2590, 8b17640a-2548-4323-bd97-ba3488877b23:c2590]
2019-08-20 11:35:41,694 INFO  client.GrpcClientProtocolClient (GrpcClientProtocolClient.java:onNext(255)) - client-FC58CAF12498->aeb608e6-131f-44e0-aa35-97c12a2f72a3: receive RaftClientReply:client-FC58CAF12498->aeb608e6-131f-44e0-aa35-97c12a2f72a3@group-3F41E8AD953A, cid=1803, SUCCESS, logIndex=2597, commits[aeb608e6-131f-44e0-aa35-97c12a2f72a3:c2598, b6a0d396-0e26-402b-ac58-4f0615a4fad6:c2596, 8b17640a-2548-4323-bd97-ba3488877b23:c2596]
2019-08-20 11:35:41,694 INFO  client.GrpcClientProtocolClient (GrpcClientProtocolClient.java:onNext(255)) - client-FC58CAF12498->aeb608e6-131f-44e0-aa35-97c12a2f72a3: receive RaftClientReply:client-FC58CAF12498->aeb608e6-131f-44e0-aa35-97c12a2f72a3@group-3F41E8AD953A, cid=1804, SUCCESS, logIndex=2598, commits[aeb608e6-131f-44e0-aa35-97c12a2f72a3:c2598, b6a0d396-0e26-402b-ac58-4f0615a4fad6:c2596, 8b17640a-2548-4323-bd97-ba3488877b23:c2596]
2019-08-20 11:35:41,715 INFO  client.GrpcClientProtocolClient (GrpcClientProtocolClient.java:onNext(255)) - client-FC58CAF12498->aeb608e6-131f-44e0-aa35-97c12a2f72a3: receive RaftClientReply:client-FC58CAF12498->aeb608e6-131f-44e0-aa35-97c12a2f72a3@group-3F41E8AD953A, cid=1805, SUCCESS, logIndex=2601, commits[aeb608e6-131f-44e0-aa35-97c12a2f72a3:c2602, b6a0d396-0e26-402b-ac58-4f0615a4fad6:c2598, 8b17640a-2548-4323-bd97-ba3488877b23:c2598]
2019-08-20 11:35:41,716 INFO  client.GrpcClientProtocolClient (GrpcClientProtocolClient.java:onNext(255)) - client-FC58CAF12498->aeb608e6-131f-44e0-aa35-97c12a2f72a3: receive RaftClientReply:client-FC58CAF12498->aeb608e6-131f-44e0-aa35-97c12a2f72a3@group-3F41E8AD953A, cid=1806, SUCCESS, logIndex=2602, commits[aeb608e6-131f-44e0-aa35-97c12a2f72a3:c2602, b6a0d396-0e26-402b-ac58-4f0615a4fad6:c2598, 8b17640a-2548-4323-bd97-ba3488877b23:c2598]
2019-08-20 11:35:41,717 INFO  client.GrpcClientProtocolClient (GrpcClientProtocolClient.java:onNext(255)) - client-FC58CAF12498->aeb608e6-131f-44e0-aa35-97c12a2f72a3: receive RaftClientReply:client-FC58CAF12498->aeb608e6-131f-44e0-aa35-97c12a2f72a3@group-3F41E8AD953A, cid=1807, SUCCESS, logIndex=0, commits[aeb608e6-131f-44e0-aa35-97c12a2f72a3:c2603, b6a0d396-0e26-402b-ac58-4f0615a4fad6:c2602, 8b17640a-2548-4323-bd97-ba3488877b23:c2602]
2019-08-20 11:35:41,750 INFO  client.GrpcClientProtocolClient (GrpcClientProtocolClient.java:onNext(255)) - client-FC58CAF12498->aeb608e6-131f-44e0-aa35-97c12a2f72a3: receive RaftClientReply:client-FC58CAF12498->aeb608e6-131f-44e0-aa35-97c12a2f72a3@group-3F41E8AD953A, cid=1808, SUCCESS, logIndex=2605, commits[aeb608e6-131f-44e0-aa35-97c12a2f72a3:c2606, b6a0d396-0e26-402b-ac58-4f0615a4fad6:c2604, 8b17640a-2548-4323-bd97-ba3488877b23:c2604]
2019-08-20 11:35:41,750 INFO  client.GrpcClientProtocolClient (GrpcClientProtocolClient.java:onNext(255)) - client-FC58CAF12498->aeb608e6-131f-44e0-aa35-97c12a2f72a3: receive RaftClientReply:client-FC58CAF12498->aeb608e6-131f-44e0-aa35-97c12a2f72a3@group-3F41E8AD953A, cid=1809, SUCCESS, logIndex=2606, commits[aeb608e6-131f-44e0-aa35-97c12a2f72a3:c2606, b6a0d396-0e26-402b-ac58-4f0615a4fad6:c2604, 8b17640a-2548-4323-bd97-ba3488877b23:c2604]
2019-08-20 11:35:41,759 INFO  client.GrpcClientProtocolClient (GrpcClientProtocolClient.java:onNext(255)) - client-FC58CAF12498->aeb608e6-131f-44e0-aa35-97c12a2f72a3: receive RaftClientReply:client-FC58CAF12498->aeb608e6-131f-44e0-aa35-97c12a2f72a3@group-3F41E8AD953A, cid=1810, SUCCESS, logIndex=2607, commits[aeb608e6-131f-44e0-aa35-97c12a2f72a3:c2608, b6a0d396-0e26-402b-ac58-4f0615a4fad6:c2604, 8b17640a-2548-4323-bd97-ba3488877b23:c2604]
2019-08-20 11:35:41,759 INFO  client.GrpcClientProtocolClient (GrpcClientProtocolClient.java:onNext(255)) - client-FC58CAF12498->aeb608e6-131f-44e0-aa35-97c12a2f72a3: receive RaftClientReply:client-FC58CAF12498->aeb608e6-131f-44e0-aa35-97c12a2f72a3@group-3F41E8AD953A, cid=1811, SUCCESS, logIndex=2608, commits[aeb608e6-131f-44e0-aa35-97c12a2f72a3:c2608, b6a0d396-0e26-402b-ac58-4f0615a4fad6:c2604, 8b17640a-2548-4323-bd97-ba3488877b23:c2604]
2019-08-20 11:35:41,774 INFO  client.GrpcClientProtocolClient (GrpcClientProtocolClient.java:onNext(255)) - client-FC58CAF12498->aeb608e6-131f-44e0-aa35-97c12a2f72a3: receive RaftClientReply:client-FC58CAF12498->aeb608e6-131f-44e0-aa35-97c12a2f72a3@group-3F41E8AD953A, cid=1812, SUCCESS, logIndex=0, commits[aeb608e6-131f-44e0-aa35-97c12a2f72a3:c2611, b6a0d396-0e26-402b-ac58-4f0615a4fad6:c2606, 8b17640a-2548-4323-bd97-ba3488877b23:c2606]
2019-08-20 11:35:41,795 INFO  client.GrpcClientProtocolClient (GrpcClientProtocolClient.java:onNext(255)) - client-FC58CAF12498->aeb608e6-131f-44e0-aa35-97c12a2f72a3: receive RaftClientReply:client-FC58CAF12498->aeb608e6-131f-44e0-aa35-97c12a2f72a3@group-3F41E8AD953A, cid=1813, SUCCESS, logIndex=2613, commits[aeb608e6-131f-44e0-aa35-97c12a2f72a3:c2614, b6a0d396-0e26-402b-ac58-4f0615a4fad6:c2612, 8b17640a-2548-4323-bd97-ba3488877b23:c2612]
2019-08-20 11:35:41,795 INFO  client.GrpcClientProtocolClient (GrpcClientProtocolClient.java:onNext(255)) - client-FC58CAF12498->aeb608e6-131f-44e0-aa35-97c12a2f72a3: receive RaftClientReply:client-FC58CAF12498->aeb608e6-131f-44e0-aa35-97c12a2f72a3@group-3F41E8AD953A, cid=1814, SUCCESS, logIndex=2614, commits[aeb608e6-131f-44e0-aa35-97c12a2f72a3:c2614, b6a0d396-0e26-402b-ac58-4f0615a4fad6:c2612, 8b17640a-2548-4323-bd97-ba3488877b23:c2612]
2019-08-20 11:35:41,822 INFO  client.GrpcClientProtocolClient (GrpcClientProtocolClient.java:onNext(255)) - client-FC58CAF12498->aeb608e6-131f-44e0-aa35-97c12a2f72a3: receive RaftClientReply:client-FC58CAF12498->aeb608e6-131f-44e0-aa35-97c12a2f72a3@group-3F41E8AD953A, cid=1815, SUCCESS, logIndex=2617, commits[aeb608e6-131f-44e0-aa35-97c12a2f72a3:c2618, b6a0d396-0e26-402b-ac58-4f0615a4fad6:c2614, 8b17640a-2548-4323-bd97-ba3488877b23:c2614]
2019-08-20 11:35:41,822 INFO  client.GrpcClientProtocolClient (GrpcClientProtocolClient.java:onNext(255)) - client-FC58CAF12498->aeb608e6-131f-44e0-aa35-97c12a2f72a3: receive RaftClientReply:client-FC58CAF12498->aeb608e6-131f-44e0-aa35-97c12a2f72a3@group-3F41E8AD953A, cid=1816, SUCCESS, logIndex=2618, commits[aeb608e6-131f-44e0-aa35-97c12a2f72a3:c2618, b6a0d396-0e26-402b-ac58-4f0615a4fad6:c2614, 8b17640a-2548-4323-bd97-ba3488877b23:c2614]
2019-08-20 11:35:41,834 INFO  client.GrpcClientProtocolClient (GrpcClientProtocolClient.java:onNext(255)) - client-FC58CAF12498->aeb608e6-131f-44e0-aa35-97c12a2f72a3: receive RaftClientReply:client-FC58CAF12498->aeb608e6-131f-44e0-aa35-97c12a2f72a3@group-3F41E8AD953A, cid=1817, SUCCESS, logIndex=0, commits[aeb608e6-131f-44e0-aa35-97c12a2f72a3:c2618, b6a0d396-0e26-402b-ac58-4f0615a4fad6:c2618, 8b17640a-2548-4323-bd97-ba3488877b23:c2618]
2019-08-20 11:35:41,984 INFO  client.GrpcClientProtocolClient (GrpcClientProtocolClient.java:onNext(255)) - client-FC58CAF12498->aeb608e6-131f-44e0-aa35-97c12a2f72a3: receive RaftClientReply:client-FC58CAF12498->aeb608e6-131f-44e0-aa35-97c12a2f72a3@group-3F41E8AD953A, cid=1818, SUCCESS, logIndex=2621, commits[aeb608e6-131f-44e0-aa35-97c12a2f72a3:c2622, b6a0d396-0e26-402b-ac58-4f0615a4fad6:c2620, 8b17640a-2548-4323-bd97-ba3488877b23:c2620]
2019-08-20 11:35:41,985 INFO  client.GrpcClientProtocolClient (GrpcClientProtocolClient.java:onNext(255)) - client-FC58CAF12498->aeb608e6-131f-44e0-aa35-97c12a2f72a3: receive RaftClientReply:client-FC58CAF12498->aeb608e6-131f-44e0-aa35-97c12a2f72a3@group-3F41E8AD953A, cid=1819, SUCCESS, logIndex=2622, commits[aeb608e6-131f-44e0-aa35-97c12a2f72a3:c2624, b6a0d396-0e26-402b-ac58-4f0615a4fad6:c2620, 8b17640a-2548-4323-bd97-ba3488877b23:c2620]
2019-08-20 11:35:41,985 INFO  client.GrpcClientProtocolClient (GrpcClientProtocolClient.java:onNext(255)) - client-FC58CAF12498->aeb608e6-131f-44e0-aa35-97c12a2f72a3: receive RaftClientReply:client-FC58CAF12498->aeb608e6-131f-44e0-aa35-97c12a2f72a3@group-3F41E8AD953A, cid=1820, SUCCESS, logIndex=2623, commits[aeb608e6-131f-44e0-aa35-97c12a2f72a3:c2624, b6a0d396-0e26-402b-ac58-4f0615a4fad6:c2620, 8b17640a-2548-4323-bd97-ba3488877b23:c2620]
2019-08-20 11:35:41,986 INFO  client.GrpcClientProtocolClient (GrpcClientProtocolClient.java:onNext(255)) - client-FC58CAF12498->aeb608e6-131f-44e0-aa35-97c12a2f72a3: receive RaftClientReply:client-FC58CAF12498->aeb608e6-131f-44e0-aa35-97c12a2f72a3@group-3F41E8AD953A, cid=1821, SUCCESS, logIndex=2624, commits[aeb608e6-131f-44e0-aa35-97c12a2f72a3:c2624, b6a0d396-0e26-402b-ac58-4f0615a4fad6:c2620, 8b17640a-2548-4323-bd97-ba3488877b23:c2620]
2019-08-20 11:35:41,998 INFO  client.GrpcClientProtocolClient (GrpcClientProtocolClient.java:onNext(255)) - client-FC58CAF12498->aeb608e6-131f-44e0-aa35-97c12a2f72a3: receive RaftClientReply:client-FC58CAF12498->aeb608e6-131f-44e0-aa35-97c12a2f72a3@group-3F41E8AD953A, cid=1822, SUCCESS, logIndex=0, commits[aeb608e6-131f-44e0-aa35-97c12a2f72a3:c2628, b6a0d396-0e26-402b-ac58-4f0615a4fad6:c2623, 8b17640a-2548-4323-bd97-ba3488877b23:c2624]
2019-08-20 11:35:42,019 INFO  client.GrpcClientProtocolClient (GrpcClientProtocolClient.java:onNext(255)) - client-FC58CAF12498->aeb608e6-131f-44e0-aa35-97c12a2f72a3: receive RaftClientReply:client-FC58CAF12498->aeb608e6-131f-44e0-aa35-97c12a2f72a3@group-3F41E8AD953A, cid=1823, SUCCESS, logIndex=2629, commits[aeb608e6-131f-44e0-aa35-97c12a2f72a3:c2630, b6a0d396-0e26-402b-ac58-4f0615a4fad6:c2628, 8b17640a-2548-4323-bd97-ba3488877b23:c2628]
2019-08-20 11:35:42,020 INFO  client.GrpcClientProtocolClient (GrpcClientProtocolClient.java:onNext(255)) - client-FC58CAF12498->aeb608e6-131f-44e0-aa35-97c12a2f72a3: receive RaftClientReply:client-FC58CAF12498->aeb608e6-131f-44e0-aa35-97c12a2f72a3@group-3F41E8AD953A, cid=1824, SUCCESS, logIndex=2630, commits[aeb608e6-131f-44e0-aa35-97c12a2f72a3:c2630, b6a0d396-0e26-402b-ac58-4f0615a4fad6:c2628, 8b17640a-2548-4323-bd97-ba3488877b23:c2628]
2019-08-20 11:35:42,034 INFO  client.GrpcClientProtocolClient (GrpcClientProtocolClient.java:onNext(255)) - client-FC58CAF12498->aeb608e6-131f-44e0-aa35-97c12a2f72a3: receive RaftClientReply:client-FC58CAF12498->aeb608e6-131f-44e0-aa35-97c12a2f72a3@group-3F41E8AD953A, cid=1825, SUCCESS, logIndex=2633, commits[aeb608e6-131f-44e0-aa35-97c12a2f72a3:c2634, b6a0d396-0e26-402b-ac58-4f0615a4fad6:c2630, 8b17640a-2548-4323-bd97-ba3488877b23:c2630]
2019-08-20 11:35:42,034 INFO  client.GrpcClientProtocolClient (GrpcClientProtocolClient.java:onNext(255)) - client-FC58CAF12498->aeb608e6-131f-44e0-aa35-97c12a2f72a3: receive RaftClientReply:client-FC58CAF12498->aeb608e6-131f-44e0-aa35-97c12a2f72a3@group-3F41E8AD953A, cid=1826, SUCCESS, logIndex=2634, commits[aeb608e6-131f-44e0-aa35-97c12a2f72a3:c2634, b6a0d396-0e26-402b-ac58-4f0615a4fad6:c2630, 8b17640a-2548-4323-bd97-ba3488877b23:c2630]
2019-08-20 11:35:42,037 INFO  client.GrpcClientProtocolClient (GrpcClientProtocolClient.java:onNext(255)) - client-FC58CAF12498->aeb608e6-131f-44e0-aa35-97c12a2f72a3: receive RaftClientReply:client-FC58CAF12498->aeb608e6-131f-44e0-aa35-97c12a2f72a3@group-3F41E8AD953A, cid=1827, SUCCESS, logIndex=0, commits[aeb608e6-131f-44e0-aa35-97c12a2f72a3:c2635, b6a0d396-0e26-402b-ac58-4f0615a4fad6:c2634, 8b17640a-2548-4323-bd97-ba3488877b23:c2634]
2019-08-20 11:35:42,068 INFO  client.GrpcClientProtocolClient (GrpcClientProtocolClient.java:onNext(255)) - client-FC58CAF12498->aeb608e6-131f-44e0-aa35-97c12a2f72a3: receive RaftClientReply:client-FC58CAF12498->aeb608e6-131f-44e0-aa35-97c12a2f72a3@group-3F41E8AD953A, cid=1828, SUCCESS, logIndex=2637, commits[aeb608e6-131f-44e0-aa35-97c12a2f72a3:c2638, b6a0d396-0e26-402b-ac58-4f0615a4fad6:c2636, 8b17640a-2548-4323-bd97-ba3488877b23:c2636]
2019-08-20 11:35:42,069 INFO  client.GrpcClientProtocolClient (GrpcClientProtocolClient.java:onNext(255)) - client-FC58CAF12498->aeb608e6-131f-44e0-aa35-97c12a2f72a3: receive RaftClientReply:client-FC58CAF12498->aeb608e6-131f-44e0-aa35-97c12a2f72a3@group-3F41E8AD953A, cid=1829, SUCCESS, logIndex=2638, commits[aeb608e6-131f-44e0-aa35-97c12a2f72a3:c2639, b6a0d396-0e26-402b-ac58-4f0615a4fad6:c2636, 8b17640a-2548-4323-bd97-ba3488877b23:c2636]
2019-08-20 11:35:42,069 INFO  client.GrpcClientProtocolClient (GrpcClientProtocolClient.java:onNext(255)) - client-FC58CAF12498->aeb608e6-131f-44e0-aa35-97c12a2f72a3: receive RaftClientReply:client-FC58CAF12498->aeb608e6-131f-44e0-aa35-97c12a2f72a3@group-3F41E8AD953A, cid=1830, SUCCESS, logIndex=2639, commits[aeb608e6-131f-44e0-aa35-97c12a2f72a3:c2640, b6a0d396-0e26-402b-ac58-4f0615a4fad6:c2636, 8b17640a-2548-4323-bd97-ba3488877b23:c2636]
2019-08-20 11:35:42,070 INFO  client.GrpcClientProtocolClient (GrpcClientProtocolClient.java:onNext(255)) - client-FC58CAF12498->aeb608e6-131f-44e0-aa35-97c12a2f72a3: receive RaftClientReply:client-FC58CAF12498->aeb608e6-131f-44e0-aa35-97c12a2f72a3@group-3F41E8AD953A, cid=1831, SUCCESS, logIndex=2640, commits[aeb608e6-131f-44e0-aa35-97c12a2f72a3:c2640, b6a0d396-0e26-402b-ac58-4f0615a4fad6:c2636, 8b17640a-2548-4323-bd97-ba3488877b23:c2636]
2019-08-20 11:35:42,082 INFO  client.GrpcClientProtocolClient (GrpcClientProtocolClient.java:onNext(255)) - client-FC58CAF12498->aeb608e6-131f-44e0-aa35-97c12a2f72a3: receive RaftClientReply:client-FC58CAF12498->aeb608e6-131f-44e0-aa35-97c12a2f72a3@group-3F41E8AD953A, cid=1832, SUCCESS, logIndex=0, commits[aeb608e6-131f-44e0-aa35-97c12a2f72a3:c2642, b6a0d396-0e26-402b-ac58-4f0615a4fad6:c2638, 8b17640a-2548-4323-bd97-ba3488877b23:c2638]
2019-08-20 11:35:42,103 INFO  client.GrpcClientProtocolClient (GrpcClientProtocolClient.java:onNext(255)) - client-FC58CAF12498->aeb608e6-131f-44e0-aa35-97c12a2f72a3: receive RaftClientReply:client-FC58CAF12498->aeb608e6-131f-44e0-aa35-97c12a2f72a3@group-3F41E8AD953A, cid=1833, SUCCESS, logIndex=2645, commits[aeb608e6-131f-44e0-aa35-97c12a2f72a3:c2646, b6a0d396-0e26-402b-ac58-4f0615a4fad6:c2644, 8b17640a-2548-4323-bd97-ba3488877b23:c2644]
2019-08-20 11:35:42,103 INFO  client.GrpcClientProtocolClient (GrpcClientProtocolClient.java:onNext(255)) - client-FC58CAF12498->aeb608e6-131f-44e0-aa35-97c12a2f72a3: receive RaftClientReply:client-FC58CAF12498->aeb608e6-131f-44e0-aa35-97c12a2f72a3@group-3F41E8AD953A, cid=1834, SUCCESS, logIndex=2646, commits[aeb608e6-131f-44e0-aa35-97c12a2f72a3:c2646, b6a0d396-0e26-402b-ac58-4f0615a4fad6:c2644, 8b17640a-2548-4323-bd97-ba3488877b23:c2644]
2019-08-20 11:35:42,128 INFO  client.GrpcClientProtocolClient (GrpcClientProtocolClient.java:onNext(255)) - client-FC58CAF12498->aeb608e6-131f-44e0-aa35-97c12a2f72a3: receive RaftClientReply:client-FC58CAF12498->aeb608e6-131f-44e0-aa35-97c12a2f72a3@group-3F41E8AD953A, cid=1835, SUCCESS, logIndex=2649, commits[aeb608e6-131f-44e0-aa35-97c12a2f72a3:c2649, b6a0d396-0e26-402b-ac58-4f0615a4fad6:c2646, 8b17640a-2548-4323-bd97-ba3488877b23:c2646]
2019-08-20 11:35:42,128 INFO  client.GrpcClientProtocolClient (GrpcClientProtocolClient.java:onNext(255)) - client-FC58CAF12498->aeb608e6-131f-44e0-aa35-97c12a2f72a3: receive RaftClientReply:client-FC58CAF12498->aeb608e6-131f-44e0-aa35-97c12a2f72a3@group-3F41E8AD953A, cid=1836, SUCCESS, logIndex=2650, commits[aeb608e6-131f-44e0-aa35-97c12a2f72a3:c2650, b6a0d396-0e26-402b-ac58-4f0615a4fad6:c2646, 8b17640a-2548-4323-bd97-ba3488877b23:c2646]
2019-08-20 11:35:42,151 INFO  client.GrpcClientProtocolClient (GrpcClientProtocolClient.java:onNext(255)) - client-FC58CAF12498->aeb608e6-131f-44e0-aa35-97c12a2f72a3: receive RaftClientReply:client-FC58CAF12498->aeb608e6-131f-44e0-aa35-97c12a2f72a3@group-3F41E8AD953A, cid=1837, SUCCESS, logIndex=0, commits[aeb608e6-131f-44e0-aa35-97c12a2f72a3:c2652, b6a0d396-0e26-402b-ac58-4f0615a4fad6:c2650, 8b17640a-2548-4323-bd97-ba3488877b23:c2650]
2019-08-20 11:35:42,180 INFO  client.GrpcClientProtocolClient (GrpcClientProtocolClient.java:onNext(255)) - client-FC58CAF12498->aeb608e6-131f-44e0-aa35-97c12a2f72a3: receive RaftClientReply:client-FC58CAF12498->aeb608e6-131f-44e0-aa35-97c12a2f72a3@group-3F41E8AD953A, cid=1838, SUCCESS, logIndex=2653, commits[aeb608e6-131f-44e0-aa35-97c12a2f72a3:c2654, b6a0d396-0e26-402b-ac58-4f0615a4fad6:c2652, 8b17640a-2548-4323-bd97-ba3488877b23:c2652]
2019-08-20 11:35:42,181 INFO  client.GrpcClientProtocolClient (GrpcClientProtocolClient.java:onNext(255)) - client-FC58CAF12498->aeb608e6-131f-44e0-aa35-97c12a2f72a3: receive RaftClientReply:client-FC58CAF12498->aeb608e6-131f-44e0-aa35-97c12a2f72a3@group-3F41E8AD953A, cid=1839, SUCCESS, logIndex=2654, commits[aeb608e6-131f-44e0-aa35-97c12a2f72a3:c2654, b6a0d396-0e26-402b-ac58-4f0615a4fad6:c2652, 8b17640a-2548-4323-bd97-ba3488877b23:c2652]
2019-08-20 11:35:42,190 INFO  client.GrpcClientProtocolClient (GrpcClientProtocolClient.java:onNext(255)) - client-FC58CAF12498->aeb608e6-131f-44e0-aa35-97c12a2f72a3: receive RaftClientReply:client-FC58CAF12498->aeb608e6-131f-44e0-aa35-97c12a2f72a3@group-3F41E8AD953A, cid=1840, SUCCESS, logIndex=2655, commits[aeb608e6-131f-44e0-aa35-97c12a2f72a3:c2656, b6a0d396-0e26-402b-ac58-4f0615a4fad6:c2652, 8b17640a-2548-4323-bd97-ba3488877b23:c2652]
2019-08-20 11:35:42,191 INFO  client.GrpcClientProtocolClient (GrpcClientProtocolClient.java:onNext(255)) - client-FC58CAF12498->aeb608e6-131f-44e0-aa35-97c12a2f72a3: receive RaftClientReply:client-FC58CAF12498->aeb608e6-131f-44e0-aa35-97c12a2f72a3@group-3F41E8AD953A, cid=1841, SUCCESS, logIndex=2656, commits[aeb608e6-131f-44e0-aa35-97c12a2f72a3:c2656, b6a0d396-0e26-402b-ac58-4f0615a4fad6:c2652, 8b17640a-2548-4323-bd97-ba3488877b23:c2652]
2019-08-20 11:35:42,193 INFO  client.GrpcClientProtocolClient (GrpcClientProtocolClient.java:onNext(255)) - client-FC58CAF12498->aeb608e6-131f-44e0-aa35-97c12a2f72a3: receive RaftClientReply:client-FC58CAF12498->aeb608e6-131f-44e0-aa35-97c12a2f72a3@group-3F41E8AD953A, cid=1842, SUCCESS, logIndex=0, commits[aeb608e6-131f-44e0-aa35-97c12a2f72a3:c2658, b6a0d396-0e26-402b-ac58-4f0615a4fad6:c2654, 8b17640a-2548-4323-bd97-ba3488877b23:c2654]
2019-08-20 11:35:42,207 INFO  client.GrpcClientProtocolClient (GrpcClientProtocolClient.java:onNext(255)) - client-FC58CAF12498->aeb608e6-131f-44e0-aa35-97c12a2f72a3: receive RaftClientReply:client-FC58CAF12498->aeb608e6-131f-44e0-aa35-97c12a2f72a3@group-3F41E8AD953A, cid=1843, SUCCESS, logIndex=2661, commits[aeb608e6-131f-44e0-aa35-97c12a2f72a3:c2662, b6a0d396-0e26-402b-ac58-4f0615a4fad6:c2658, 8b17640a-2548-4323-bd97-ba3488877b23:c2658]
2019-08-20 11:35:42,208 INFO  client.GrpcClientProtocolClient (GrpcClientProtocolClient.java:onNext(255)) - client-FC58CAF12498->aeb608e6-131f-44e0-aa35-97c12a2f72a3: receive RaftClientReply:client-FC58CAF12498->aeb608e6-131f-44e0-aa35-97c12a2f72a3@group-3F41E8AD953A, cid=1844, SUCCESS, logIndex=2662, commits[aeb608e6-131f-44e0-aa35-97c12a2f72a3:c2662, b6a0d396-0e26-402b-ac58-4f0615a4fad6:c2658, 8b17640a-2548-4323-bd97-ba3488877b23:c2658]
2019-08-20 11:35:42,230 INFO  client.GrpcClientProtocolClient (GrpcClientProtocolClient.java:onNext(255)) - client-FC58CAF12498->aeb608e6-131f-44e0-aa35-97c12a2f72a3: receive RaftClientReply:client-FC58CAF12498->aeb608e6-131f-44e0-aa35-97c12a2f72a3@group-3F41E8AD953A, cid=1845, SUCCESS, logIndex=2665, commits[aeb608e6-131f-44e0-aa35-97c12a2f72a3:c2666, b6a0d396-0e26-402b-ac58-4f0615a4fad6:c2664, 8b17640a-2548-4323-bd97-ba3488877b23:c2664]
2019-08-20 11:35:42,231 INFO  client.GrpcClientProtocolClient (GrpcClientProtocolClient.java:onNext(255)) - client-FC58CAF12498->aeb608e6-131f-44e0-aa35-97c12a2f72a3: receive RaftClientReply:client-FC58CAF12498->aeb608e6-131f-44e0-aa35-97c12a2f72a3@group-3F41E8AD953A, cid=1846, SUCCESS, logIndex=2666, commits[aeb608e6-131f-44e0-aa35-97c12a2f72a3:c2666, b6a0d396-0e26-402b-ac58-4f0615a4fad6:c2664, 8b17640a-2548-4323-bd97-ba3488877b23:c2664]
2019-08-20 11:35:42,244 INFO  client.GrpcClientProtocolClient (GrpcClientProtocolClient.java:onNext(255)) - client-FC58CAF12498->aeb608e6-131f-44e0-aa35-97c12a2f72a3: receive RaftClientReply:client-FC58CAF12498->aeb608e6-131f-44e0-aa35-97c12a2f72a3@group-3F41E8AD953A, cid=1847, SUCCESS, logIndex=0, commits[aeb608e6-131f-44e0-aa35-97c12a2f72a3:c2668, b6a0d396-0e26-402b-ac58-4f0615a4fad6:c2666, 8b17640a-2548-4323-bd97-ba3488877b23:c2666]
2019-08-20 11:35:42,270 INFO  client.GrpcClientProtocolClient (GrpcClientProtocolClient.java:onNext(255)) - client-FC58CAF12498->aeb608e6-131f-44e0-aa35-97c12a2f72a3: receive RaftClientReply:client-FC58CAF12498->aeb608e6-131f-44e0-aa35-97c12a2f72a3@group-3F41E8AD953A, cid=1848, SUCCESS, logIndex=2669, commits[aeb608e6-131f-44e0-aa35-97c12a2f72a3:c2670, b6a0d396-0e26-402b-ac58-4f0615a4fad6:c2668, 8b17640a-2548-4323-bd97-ba3488877b23:c2668]
2019-08-20 11:35:42,271 INFO  client.GrpcClientProtocolClient (GrpcClientProtocolClient.java:onNext(255)) - client-FC58CAF12498->aeb608e6-131f-44e0-aa35-97c12a2f72a3: receive RaftClientReply:client-FC58CAF12498->aeb608e6-131f-44e0-aa35-97c12a2f72a3@group-3F41E8AD953A, cid=1849, SUCCESS, logIndex=2670, commits[aeb608e6-131f-44e0-aa35-97c12a2f72a3:c2670, b6a0d396-0e26-402b-ac58-4f0615a4fad6:c2668, 8b17640a-2548-4323-bd97-ba3488877b23:c2668]
2019-08-20 11:35:42,272 INFO  client.GrpcClientProtocolClient (GrpcClientProtocolClient.java:onNext(255)) - client-FC58CAF12498->aeb608e6-131f-44e0-aa35-97c12a2f72a3: receive RaftClientReply:client-FC58CAF12498->aeb608e6-131f-44e0-aa35-97c12a2f72a3@group-3F41E8AD953A, cid=1850, SUCCESS, logIndex=2671, commits[aeb608e6-131f-44e0-aa35-97c12a2f72a3:c2672, b6a0d396-0e26-402b-ac58-4f0615a4fad6:c2668, 8b17640a-2548-4323-bd97-ba3488877b23:c2668]
2019-08-20 11:35:42,272 INFO  client.GrpcClientProtocolClient (GrpcClientProtocolClient.java:onNext(255)) - client-FC58CAF12498->aeb608e6-131f-44e0-aa35-97c12a2f72a3: receive RaftClientReply:client-FC58CAF12498->aeb608e6-131f-44e0-aa35-97c12a2f72a3@group-3F41E8AD953A, cid=1851, SUCCESS, logIndex=2672, commits[aeb608e6-131f-44e0-aa35-97c12a2f72a3:c2672, b6a0d396-0e26-402b-ac58-4f0615a4fad6:c2668, 8b17640a-2548-4323-bd97-ba3488877b23:c2668]
2019-08-20 11:35:42,285 INFO  client.GrpcClientProtocolClient (GrpcClientProtocolClient.java:onNext(255)) - client-FC58CAF12498->aeb608e6-131f-44e0-aa35-97c12a2f72a3: receive RaftClientReply:client-FC58CAF12498->aeb608e6-131f-44e0-aa35-97c12a2f72a3@group-3F41E8AD953A, cid=1852, SUCCESS, logIndex=0, commits[aeb608e6-131f-44e0-aa35-97c12a2f72a3:c2674, b6a0d396-0e26-402b-ac58-4f0615a4fad6:c2670, 8b17640a-2548-4323-bd97-ba3488877b23:c2670]
2019-08-20 11:35:42,304 INFO  client.GrpcClientProtocolClient (GrpcClientProtocolClient.java:onNext(255)) - client-FC58CAF12498->aeb608e6-131f-44e0-aa35-97c12a2f72a3: receive RaftClientReply:client-FC58CAF12498->aeb608e6-131f-44e0-aa35-97c12a2f72a3@group-3F41E8AD953A, cid=1853, SUCCESS, logIndex=2677, commits[aeb608e6-131f-44e0-aa35-97c12a2f72a3:c2678, b6a0d396-0e26-402b-ac58-4f0615a4fad6:c2676, 8b17640a-2548-4323-bd97-ba3488877b23:c2676]
2019-08-20 11:35:42,304 INFO  client.GrpcClientProtocolClient (GrpcClientProtocolClient.java:onNext(255)) - client-FC58CAF12498->aeb608e6-131f-44e0-aa35-97c12a2f72a3: receive RaftClientReply:client-FC58CAF12498->aeb608e6-131f-44e0-aa35-97c12a2f72a3@group-3F41E8AD953A, cid=1854, SUCCESS, logIndex=2678, commits[aeb608e6-131f-44e0-aa35-97c12a2f72a3:c2678, b6a0d396-0e26-402b-ac58-4f0615a4fad6:c2676, 8b17640a-2548-4323-bd97-ba3488877b23:c2676]
2019-08-20 11:35:42,319 INFO  client.GrpcClientProtocolClient (GrpcClientProtocolClient.java:onNext(255)) - client-FC58CAF12498->aeb608e6-131f-44e0-aa35-97c12a2f72a3: receive RaftClientReply:client-FC58CAF12498->aeb608e6-131f-44e0-aa35-97c12a2f72a3@group-3F41E8AD953A, cid=1855, SUCCESS, logIndex=2681, commits[aeb608e6-131f-44e0-aa35-97c12a2f72a3:c2682, b6a0d396-0e26-402b-ac58-4f0615a4fad6:c2678, 8b17640a-2548-4323-bd97-ba3488877b23:c2678]
2019-08-20 11:35:42,319 INFO  client.GrpcClientProtocolClient (GrpcClientProtocolClient.java:onNext(255)) - client-FC58CAF12498->aeb608e6-131f-44e0-aa35-97c12a2f72a3: receive RaftClientReply:client-FC58CAF12498->aeb608e6-131f-44e0-aa35-97c12a2f72a3@group-3F41E8AD953A, cid=1856, SUCCESS, logIndex=2682, commits[aeb608e6-131f-44e0-aa35-97c12a2f72a3:c2682, b6a0d396-0e26-402b-ac58-4f0615a4fad6:c2678, 8b17640a-2548-4323-bd97-ba3488877b23:c2678]
2019-08-20 11:35:42,333 INFO  client.GrpcClientProtocolClient (GrpcClientProtocolClient.java:onNext(255)) - client-FC58CAF12498->aeb608e6-131f-44e0-aa35-97c12a2f72a3: receive RaftClientReply:client-FC58CAF12498->aeb608e6-131f-44e0-aa35-97c12a2f72a3@group-3F41E8AD953A, cid=1857, SUCCESS, logIndex=0, commits[aeb608e6-131f-44e0-aa35-97c12a2f72a3:c2684, b6a0d396-0e26-402b-ac58-4f0615a4fad6:c2682, 8b17640a-2548-4323-bd97-ba3488877b23:c2682]
2019-08-20 11:35:42,363 INFO  client.GrpcClientProtocolClient (GrpcClientProtocolClient.java:onNext(255)) - client-FC58CAF12498->aeb608e6-131f-44e0-aa35-97c12a2f72a3: receive RaftClientReply:client-FC58CAF12498->aeb608e6-131f-44e0-aa35-97c12a2f72a3@group-3F41E8AD953A, cid=1858, SUCCESS, logIndex=2685, commits[aeb608e6-131f-44e0-aa35-97c12a2f72a3:c2686, b6a0d396-0e26-402b-ac58-4f0615a4fad6:c2684, 8b17640a-2548-4323-bd97-ba3488877b23:c2684]
2019-08-20 11:35:42,363 INFO  client.GrpcClientProtocolClient (GrpcClientProtocolClient.java:onNext(255)) - client-FC58CAF12498->aeb608e6-131f-44e0-aa35-97c12a2f72a3: receive RaftClientReply:client-FC58CAF12498->aeb608e6-131f-44e0-aa35-97c12a2f72a3@group-3F41E8AD953A, cid=1859, SUCCESS, logIndex=2686, commits[aeb608e6-131f-44e0-aa35-97c12a2f72a3:c2686, b6a0d396-0e26-402b-ac58-4f0615a4fad6:c2684, 8b17640a-2548-4323-bd97-ba3488877b23:c2684]
2019-08-20 11:35:42,364 INFO  client.GrpcClientProtocolClient (GrpcClientProtocolClient.java:onNext(255)) - client-FC58CAF12498->aeb608e6-131f-44e0-aa35-97c12a2f72a3: receive RaftClientReply:client-FC58CAF12498->aeb608e6-131f-44e0-aa35-97c12a2f72a3@group-3F41E8AD953A, cid=1860, SUCCESS, logIndex=2687, commits[aeb608e6-131f-44e0-aa35-97c12a2f72a3:c2688, b6a0d396-0e26-402b-ac58-4f0615a4fad6:c2684, 8b17640a-2548-4323-bd97-ba3488877b23:c2684]
2019-08-20 11:35:42,364 INFO  client.GrpcClientProtocolClient (GrpcClientProtocolClient.java:onNext(255)) - client-FC58CAF12498->aeb608e6-131f-44e0-aa35-97c12a2f72a3: receive RaftClientReply:client-FC58CAF12498->aeb608e6-131f-44e0-aa35-97c12a2f72a3@group-3F41E8AD953A, cid=1861, SUCCESS, logIndex=2688, commits[aeb608e6-131f-44e0-aa35-97c12a2f72a3:c2688, b6a0d396-0e26-402b-ac58-4f0615a4fad6:c2684, 8b17640a-2548-4323-bd97-ba3488877b23:c2684]
 0.00% |█                                                                                                    |  0/1 Time: 0:00:162019-08-20 11:35:42,376 INFO  client.GrpcClientProtocolClient (GrpcClientProtocolClient.java:onNext(255)) - client-FC58CAF12498->aeb608e6-131f-44e0-aa35-97c12a2f72a3: receive RaftClientReply:client-FC58CAF12498->aeb608e6-131f-44e0-aa35-97c12a2f72a3@group-3F41E8AD953A, cid=1862, SUCCESS, logIndex=0, commits[aeb608e6-131f-44e0-aa35-97c12a2f72a3:c2690, b6a0d396-0e26-402b-ac58-4f0615a4fad6:c2686, 8b17640a-2548-4323-bd97-ba3488877b23:c2686]
2019-08-20 11:35:42,395 INFO  client.GrpcClientProtocolClient (GrpcClientProtocolClient.java:onNext(255)) - client-FC58CAF12498->aeb608e6-131f-44e0-aa35-97c12a2f72a3: receive RaftClientReply:client-FC58CAF12498->aeb608e6-131f-44e0-aa35-97c12a2f72a3@group-3F41E8AD953A, cid=1863, SUCCESS, logIndex=2692, commits[aeb608e6-131f-44e0-aa35-97c12a2f72a3:c2693, b6a0d396-0e26-402b-ac58-4f0615a4fad6:c2691, 8b17640a-2548-4323-bd97-ba3488877b23:c2691]
2019-08-20 11:35:42,396 INFO  client.GrpcClientProtocolClient (GrpcClientProtocolClient.java:onNext(255)) - client-FC58CAF12498->aeb608e6-131f-44e0-aa35-97c12a2f72a3: receive RaftClientReply:client-FC58CAF12498->aeb608e6-131f-44e0-aa35-97c12a2f72a3@group-3F41E8AD953A, cid=1864, SUCCESS, logIndex=2693, commits[aeb608e6-131f-44e0-aa35-97c12a2f72a3:c2693, b6a0d396-0e26-402b-ac58-4f0615a4fad6:c2691, 8b17640a-2548-4323-bd97-ba3488877b23:c2691]
2019-08-20 11:35:42,420 INFO  client.GrpcClientProtocolClient (GrpcClientProtocolClient.java:onNext(255)) - client-FC58CAF12498->aeb608e6-131f-44e0-aa35-97c12a2f72a3: receive RaftClientReply:client-FC58CAF12498->aeb608e6-131f-44e0-aa35-97c12a2f72a3@group-3F41E8AD953A, cid=1865, SUCCESS, logIndex=2696, commits[aeb608e6-131f-44e0-aa35-97c12a2f72a3:c2697, b6a0d396-0e26-402b-ac58-4f0615a4fad6:c2693, 8b17640a-2548-4323-bd97-ba3488877b23:c2693]
2019-08-20 11:35:42,420 INFO  client.GrpcClientProtocolClient (GrpcClientProtocolClient.java:onNext(255)) - client-FC58CAF12498->aeb608e6-131f-44e0-aa35-97c12a2f72a3: receive RaftClientReply:client-FC58CAF12498->aeb608e6-131f-44e0-aa35-97c12a2f72a3@group-3F41E8AD953A, cid=1866, SUCCESS, logIndex=2697, commits[aeb608e6-131f-44e0-aa35-97c12a2f72a3:c2697, b6a0d396-0e26-402b-ac58-4f0615a4fad6:c2693, 8b17640a-2548-4323-bd97-ba3488877b23:c2693]
2019-08-20 11:35:42,422 INFO  client.GrpcClientProtocolClient (GrpcClientProtocolClient.java:onNext(255)) - client-FC58CAF12498->aeb608e6-131f-44e0-aa35-97c12a2f72a3: receive RaftClientReply:client-FC58CAF12498->aeb608e6-131f-44e0-aa35-97c12a2f72a3@group-3F41E8AD953A, cid=1867, SUCCESS, logIndex=0, commits[aeb608e6-131f-44e0-aa35-97c12a2f72a3:c2698, b6a0d396-0e26-402b-ac58-4f0615a4fad6:c2697, 8b17640a-2548-4323-bd97-ba3488877b23:c2697]
2019-08-20 11:35:42,447 INFO  client.GrpcClientProtocolClient (GrpcClientProtocolClient.java:onNext(255)) - client-FC58CAF12498->aeb608e6-131f-44e0-aa35-97c12a2f72a3: receive RaftClientReply:client-FC58CAF12498->aeb608e6-131f-44e0-aa35-97c12a2f72a3@group-3F41E8AD953A, cid=1868, SUCCESS, logIndex=2700, commits[aeb608e6-131f-44e0-aa35-97c12a2f72a3:c2701, b6a0d396-0e26-402b-ac58-4f0615a4fad6:c2699, 8b17640a-2548-4323-bd97-ba3488877b23:c2699]
2019-08-20 11:35:42,447 INFO  client.GrpcClientProtocolClient (GrpcClientProtocolClient.java:onNext(255)) - client-FC58CAF12498->aeb608e6-131f-44e0-aa35-97c12a2f72a3: receive RaftClientReply:client-FC58CAF12498->aeb608e6-131f-44e0-aa35-97c12a2f72a3@group-3F41E8AD953A, cid=1869, SUCCESS, logIndex=2701, commits[aeb608e6-131f-44e0-aa35-97c12a2f72a3:c2701, b6a0d396-0e26-402b-ac58-4f0615a4fad6:c2699, 8b17640a-2548-4323-bd97-ba3488877b23:c2699]
2019-08-20 11:35:42,458 INFO  client.GrpcClientProtocolClient (GrpcClientProtocolClient.java:onNext(255)) - client-FC58CAF12498->aeb608e6-131f-44e0-aa35-97c12a2f72a3: receive RaftClientReply:client-FC58CAF12498->aeb608e6-131f-44e0-aa35-97c12a2f72a3@group-3F41E8AD953A, cid=1870, SUCCESS, logIndex=2702, commits[aeb608e6-131f-44e0-aa35-97c12a2f72a3:c2703, b6a0d396-0e26-402b-ac58-4f0615a4fad6:c2699, 8b17640a-2548-4323-bd97-ba3488877b23:c2699]
2019-08-20 11:35:42,458 INFO  client.GrpcClientProtocolClient (GrpcClientProtocolClient.java:onNext(255)) - client-FC58CAF12498->aeb608e6-131f-44e0-aa35-97c12a2f72a3: receive RaftClientReply:client-FC58CAF12498->aeb608e6-131f-44e0-aa35-97c12a2f72a3@group-3F41E8AD953A, cid=1871, SUCCESS, logIndex=2703, commits[aeb608e6-131f-44e0-aa35-97c12a2f72a3:c2703, b6a0d396-0e26-402b-ac58-4f0615a4fad6:c2699, 8b17640a-2548-4323-bd97-ba3488877b23:c2699]
2019-08-20 11:35:42,470 INFO  client.GrpcClientProtocolClient (GrpcClientProtocolClient.java:onNext(255)) - client-FC58CAF12498->aeb608e6-131f-44e0-aa35-97c12a2f72a3: receive RaftClientReply:client-FC58CAF12498->aeb608e6-131f-44e0-aa35-97c12a2f72a3@group-3F41E8AD953A, cid=1872, SUCCESS, logIndex=0, commits[aeb608e6-131f-44e0-aa35-97c12a2f72a3:c2705, b6a0d396-0e26-402b-ac58-4f0615a4fad6:c2701, 8b17640a-2548-4323-bd97-ba3488877b23:c2701]
2019-08-20 11:35:42,490 INFO  client.GrpcClientProtocolClient (GrpcClientProtocolClient.java:onNext(255)) - client-FC58CAF12498->aeb608e6-131f-44e0-aa35-97c12a2f72a3: receive RaftClientReply:client-FC58CAF12498->aeb608e6-131f-44e0-aa35-97c12a2f72a3@group-3F41E8AD953A, cid=1873, SUCCESS, logIndex=2708, commits[aeb608e6-131f-44e0-aa35-97c12a2f72a3:c2709, b6a0d396-0e26-402b-ac58-4f0615a4fad6:c2705, 8b17640a-2548-4323-bd97-ba3488877b23:c2703]
2019-08-20 11:35:42,490 INFO  client.GrpcClientProtocolClient (GrpcClientProtocolClient.java:onNext(255)) - client-FC58CAF12498->aeb608e6-131f-44e0-aa35-97c12a2f72a3: receive RaftClientReply:client-FC58CAF12498->aeb608e6-131f-44e0-aa35-97c12a2f72a3@group-3F41E8AD953A, cid=1874, SUCCESS, logIndex=2709, commits[aeb608e6-131f-44e0-aa35-97c12a2f72a3:c2709, b6a0d396-0e26-402b-ac58-4f0615a4fad6:c2705, 8b17640a-2548-4323-bd97-ba3488877b23:c2705]
2019-08-20 11:35:42,516 INFO  client.GrpcClientProtocolClient (GrpcClientProtocolClient.java:onNext(255)) - client-FC58CAF12498->aeb608e6-131f-44e0-aa35-97c12a2f72a3: receive RaftClientReply:client-FC58CAF12498->aeb608e6-131f-44e0-aa35-97c12a2f72a3@group-3F41E8AD953A, cid=1875, SUCCESS, logIndex=2712, commits[aeb608e6-131f-44e0-aa35-97c12a2f72a3:c2713, b6a0d396-0e26-402b-ac58-4f0615a4fad6:c2711, 8b17640a-2548-4323-bd97-ba3488877b23:c2711]
2019-08-20 11:35:42,517 INFO  client.GrpcClientProtocolClient (GrpcClientProtocolClient.java:onNext(255)) - client-FC58CAF12498->aeb608e6-131f-44e0-aa35-97c12a2f72a3: receive RaftClientReply:client-FC58CAF12498->aeb608e6-131f-44e0-aa35-97c12a2f72a3@group-3F41E8AD953A, cid=1876, SUCCESS, logIndex=2713, commits[aeb608e6-131f-44e0-aa35-97c12a2f72a3:c2713, b6a0d396-0e26-402b-ac58-4f0615a4fad6:c2711, 8b17640a-2548-4323-bd97-ba3488877b23:c2711]
2019-08-20 11:35:42,531 INFO  client.GrpcClientProtocolClient (GrpcClientProtocolClient.java:onNext(255)) - client-FC58CAF12498->aeb608e6-131f-44e0-aa35-97c12a2f72a3: receive RaftClientReply:client-FC58CAF12498->aeb608e6-131f-44e0-aa35-97c12a2f72a3@group-3F41E8AD953A, cid=1877, SUCCESS, logIndex=0, commits[aeb608e6-131f-44e0-aa35-97c12a2f72a3:c2715, b6a0d396-0e26-402b-ac58-4f0615a4fad6:c2713, 8b17640a-2548-4323-bd97-ba3488877b23:c2713]
2019-08-20 11:35:42,556 INFO  client.GrpcClientProtocolClient (GrpcClientProtocolClient.java:onNext(255)) - client-FC58CAF12498->aeb608e6-131f-44e0-aa35-97c12a2f72a3: receive RaftClientReply:client-FC58CAF12498->aeb608e6-131f-44e0-aa35-97c12a2f72a3@group-3F41E8AD953A, cid=1878, SUCCESS, logIndex=2716, commits[aeb608e6-131f-44e0-aa35-97c12a2f72a3:c2717, b6a0d396-0e26-402b-ac58-4f0615a4fad6:c2715, 8b17640a-2548-4323-bd97-ba3488877b23:c2715]
2019-08-20 11:35:42,557 INFO  client.GrpcClientProtocolClient (GrpcClientProtocolClient.java:onNext(255)) - client-FC58CAF12498->aeb608e6-131f-44e0-aa35-97c12a2f72a3: receive RaftClientReply:client-FC58CAF12498->aeb608e6-131f-44e0-aa35-97c12a2f72a3@group-3F41E8AD953A, cid=1879, SUCCESS, logIndex=2717, commits[aeb608e6-131f-44e0-aa35-97c12a2f72a3:c2717, b6a0d396-0e26-402b-ac58-4f0615a4fad6:c2715, 8b17640a-2548-4323-bd97-ba3488877b23:c2715]
2019-08-20 11:35:42,557 INFO  client.GrpcClientProtocolClient (GrpcClientProtocolClient.java:onNext(255)) - client-FC58CAF12498->aeb608e6-131f-44e0-aa35-97c12a2f72a3: receive RaftClientReply:client-FC58CAF12498->aeb608e6-131f-44e0-aa35-97c12a2f72a3@group-3F41E8AD953A, cid=1880, SUCCESS, logIndex=2718, commits[aeb608e6-131f-44e0-aa35-97c12a2f72a3:c2719, b6a0d396-0e26-402b-ac58-4f0615a4fad6:c2715, 8b17640a-2548-4323-bd97-ba3488877b23:c2715]
2019-08-20 11:35:42,557 INFO  client.GrpcClientProtocolClient (GrpcClientProtocolClient.java:onNext(255)) - client-FC58CAF12498->aeb608e6-131f-44e0-aa35-97c12a2f72a3: receive RaftClientReply:client-FC58CAF12498->aeb608e6-131f-44e0-aa35-97c12a2f72a3@group-3F41E8AD953A, cid=1881, SUCCESS, logIndex=2719, commits[aeb608e6-131f-44e0-aa35-97c12a2f72a3:c2719, b6a0d396-0e26-402b-ac58-4f0615a4fad6:c2715, 8b17640a-2548-4323-bd97-ba3488877b23:c2715]
2019-08-20 11:35:42,571 INFO  client.GrpcClientProtocolClient (GrpcClientProtocolClient.java:onNext(255)) - client-FC58CAF12498->aeb608e6-131f-44e0-aa35-97c12a2f72a3: receive RaftClientReply:client-FC58CAF12498->aeb608e6-131f-44e0-aa35-97c12a2f72a3@group-3F41E8AD953A, cid=1882, SUCCESS, logIndex=0, commits[aeb608e6-131f-44e0-aa35-97c12a2f72a3:c2721, b6a0d396-0e26-402b-ac58-4f0615a4fad6:c2717, 8b17640a-2548-4323-bd97-ba3488877b23:c2717]
2019-08-20 11:35:42,589 INFO  client.GrpcClientProtocolClient (GrpcClientProtocolClient.java:onNext(255)) - client-FC58CAF12498->aeb608e6-131f-44e0-aa35-97c12a2f72a3: receive RaftClientReply:client-FC58CAF12498->aeb608e6-131f-44e0-aa35-97c12a2f72a3@group-3F41E8AD953A, cid=1883, SUCCESS, logIndex=2724, commits[aeb608e6-131f-44e0-aa35-97c12a2f72a3:c2725, b6a0d396-0e26-402b-ac58-4f0615a4fad6:c2723, 8b17640a-2548-4323-bd97-ba3488877b23:c2723]
2019-08-20 11:35:42,590 INFO  client.GrpcClientProtocolClient (GrpcClientProtocolClient.java:onNext(255)) - client-FC58CAF12498->aeb608e6-131f-44e0-aa35-97c12a2f72a3: receive RaftClientReply:client-FC58CAF12498->aeb608e6-131f-44e0-aa35-97c12a2f72a3@group-3F41E8AD953A, cid=1884, SUCCESS, logIndex=2725, commits[aeb608e6-131f-44e0-aa35-97c12a2f72a3:c2725, b6a0d396-0e26-402b-ac58-4f0615a4fad6:c2723, 8b17640a-2548-4323-bd97-ba3488877b23:c2723]
2019-08-20 11:35:42,604 INFO  client.GrpcClientProtocolClient (GrpcClientProtocolClient.java:onNext(255)) - client-FC58CAF12498->aeb608e6-131f-44e0-aa35-97c12a2f72a3: receive RaftClientReply:client-FC58CAF12498->aeb608e6-131f-44e0-aa35-97c12a2f72a3@group-3F41E8AD953A, cid=1885, SUCCESS, logIndex=2728, commits[aeb608e6-131f-44e0-aa35-97c12a2f72a3:c2729, b6a0d396-0e26-402b-ac58-4f0615a4fad6:c2725, 8b17640a-2548-4323-bd97-ba3488877b23:c2725]
2019-08-20 11:35:42,604 INFO  client.GrpcClientProtocolClient (GrpcClientProtocolClient.java:onNext(255)) - client-FC58CAF12498->aeb608e6-131f-44e0-aa35-97c12a2f72a3: receive RaftClientReply:client-FC58CAF12498->aeb608e6-131f-44e0-aa35-97c12a2f72a3@group-3F41E8AD953A, cid=1886, SUCCESS, logIndex=2729, commits[aeb608e6-131f-44e0-aa35-97c12a2f72a3:c2729, b6a0d396-0e26-402b-ac58-4f0615a4fad6:c2725, 8b17640a-2548-4323-bd97-ba3488877b23:c2725]
2019-08-20 11:35:42,618 INFO  client.GrpcClientProtocolClient (GrpcClientProtocolClient.java:onNext(255)) - client-FC58CAF12498->aeb608e6-131f-44e0-aa35-97c12a2f72a3: receive RaftClientReply:client-FC58CAF12498->aeb608e6-131f-44e0-aa35-97c12a2f72a3@group-3F41E8AD953A, cid=1887, SUCCESS, logIndex=0, commits[aeb608e6-131f-44e0-aa35-97c12a2f72a3:c2731, b6a0d396-0e26-402b-ac58-4f0615a4fad6:c2729, 8b17640a-2548-4323-bd97-ba3488877b23:c2729]
2019-08-20 11:35:42,643 INFO  client.GrpcClientProtocolClient (GrpcClientProtocolClient.java:onNext(255)) - client-FC58CAF12498->aeb608e6-131f-44e0-aa35-97c12a2f72a3: receive RaftClientReply:client-FC58CAF12498->aeb608e6-131f-44e0-aa35-97c12a2f72a3@group-3F41E8AD953A, cid=1888, SUCCESS, logIndex=2732, commits[aeb608e6-131f-44e0-aa35-97c12a2f72a3:c2733, b6a0d396-0e26-402b-ac58-4f0615a4fad6:c2731, 8b17640a-2548-4323-bd97-ba3488877b23:c2731]
2019-08-20 11:35:42,644 INFO  client.GrpcClientProtocolClient (GrpcClientProtocolClient.java:onNext(255)) - client-FC58CAF12498->aeb608e6-131f-44e0-aa35-97c12a2f72a3: receive RaftClientReply:client-FC58CAF12498->aeb608e6-131f-44e0-aa35-97c12a2f72a3@group-3F41E8AD953A, cid=1889, SUCCESS, logIndex=2733, commits[aeb608e6-131f-44e0-aa35-97c12a2f72a3:c2733, b6a0d396-0e26-402b-ac58-4f0615a4fad6:c2731, 8b17640a-2548-4323-bd97-ba3488877b23:c2731]
2019-08-20 11:35:42,646 INFO  client.GrpcClientProtocolClient (GrpcClientProtocolClient.java:onNext(255)) - client-FC58CAF12498->aeb608e6-131f-44e0-aa35-97c12a2f72a3: receive RaftClientReply:client-FC58CAF12498->aeb608e6-131f-44e0-aa35-97c12a2f72a3@group-3F41E8AD953A, cid=1890, SUCCESS, logIndex=2734, commits[aeb608e6-131f-44e0-aa35-97c12a2f72a3:c2735, b6a0d396-0e26-402b-ac58-4f0615a4fad6:c2731, 8b17640a-2548-4323-bd97-ba3488877b23:c2731]
2019-08-20 11:35:42,646 INFO  client.GrpcClientProtocolClient (GrpcClientProtocolClient.java:onNext(255)) - client-FC58CAF12498->aeb608e6-131f-44e0-aa35-97c12a2f72a3: receive RaftClientReply:client-FC58CAF12498->aeb608e6-131f-44e0-aa35-97c12a2f72a3@group-3F41E8AD953A, cid=1891, SUCCESS, logIndex=2735, commits[aeb608e6-131f-44e0-aa35-97c12a2f72a3:c2735, b6a0d396-0e26-402b-ac58-4f0615a4fad6:c2731, 8b17640a-2548-4323-bd97-ba3488877b23:c2731]
2019-08-20 11:35:42,657 INFO  client.GrpcClientProtocolClient (GrpcClientProtocolClient.java:onNext(255)) - client-FC58CAF12498->aeb608e6-131f-44e0-aa35-97c12a2f72a3: receive RaftClientReply:client-FC58CAF12498->aeb608e6-131f-44e0-aa35-97c12a2f72a3@group-3F41E8AD953A, cid=1892, SUCCESS, logIndex=0, commits[aeb608e6-131f-44e0-aa35-97c12a2f72a3:c2737, b6a0d396-0e26-402b-ac58-4f0615a4fad6:c2733, 8b17640a-2548-4323-bd97-ba3488877b23:c2733]
2019-08-20 11:35:42,676 INFO  client.GrpcClientProtocolClient (GrpcClientProtocolClient.java:onNext(255)) - client-FC58CAF12498->aeb608e6-131f-44e0-aa35-97c12a2f72a3: receive RaftClientReply:client-FC58CAF12498->aeb608e6-131f-44e0-aa35-97c12a2f72a3@group-3F41E8AD953A, cid=1893, SUCCESS, logIndex=2740, commits[aeb608e6-131f-44e0-aa35-97c12a2f72a3:c2741, b6a0d396-0e26-402b-ac58-4f0615a4fad6:c2739, 8b17640a-2548-4323-bd97-ba3488877b23:c2739]
2019-08-20 11:35:42,677 INFO  client.GrpcClientProtocolClient (GrpcClientProtocolClient.java:onNext(255)) - client-FC58CAF12498->aeb608e6-131f-44e0-aa35-97c12a2f72a3: receive RaftClientReply:client-FC58CAF12498->aeb608e6-131f-44e0-aa35-97c12a2f72a3@group-3F41E8AD953A, cid=1894, SUCCESS, logIndex=2741, commits[aeb608e6-131f-44e0-aa35-97c12a2f72a3:c2741, b6a0d396-0e26-402b-ac58-4f0615a4fad6:c2739, 8b17640a-2548-4323-bd97-ba3488877b23:c2739]
2019-08-20 11:35:42,813 INFO  client.GrpcClientProtocolClient (GrpcClientProtocolClient.java:onNext(255)) - client-FC58CAF12498->aeb608e6-131f-44e0-aa35-97c12a2f72a3: receive RaftClientReply:client-FC58CAF12498->aeb608e6-131f-44e0-aa35-97c12a2f72a3@group-3F41E8AD953A, cid=1895, SUCCESS, logIndex=2744, commits[aeb608e6-131f-44e0-aa35-97c12a2f72a3:c2745, b6a0d396-0e26-402b-ac58-4f0615a4fad6:c2741, 8b17640a-2548-4323-bd97-ba3488877b23:c2741]
2019-08-20 11:35:42,813 INFO  client.GrpcClientProtocolClient (GrpcClientProtocolClient.java:onNext(255)) - client-FC58CAF12498->aeb608e6-131f-44e0-aa35-97c12a2f72a3: receive RaftClientReply:client-FC58CAF12498->aeb608e6-131f-44e0-aa35-97c12a2f72a3@group-3F41E8AD953A, cid=1896, SUCCESS, logIndex=2745, commits[aeb608e6-131f-44e0-aa35-97c12a2f72a3:c2745, b6a0d396-0e26-402b-ac58-4f0615a4fad6:c2741, 8b17640a-2548-4323-bd97-ba3488877b23:c2741]
2019-08-20 11:35:42,824 INFO  client.GrpcClientProtocolClient (GrpcClientProtocolClient.java:onNext(255)) - client-FC58CAF12498->aeb608e6-131f-44e0-aa35-97c12a2f72a3: receive RaftClientReply:client-FC58CAF12498->aeb608e6-131f-44e0-aa35-97c12a2f72a3@group-3F41E8AD953A, cid=1897, SUCCESS, logIndex=0, commits[aeb608e6-131f-44e0-aa35-97c12a2f72a3:c2746, b6a0d396-0e26-402b-ac58-4f0615a4fad6:c2745, 8b17640a-2548-4323-bd97-ba3488877b23:c2745]
2019-08-20 11:35:42,853 INFO  client.GrpcClientProtocolClient (GrpcClientProtocolClient.java:onNext(255)) - client-FC58CAF12498->aeb608e6-131f-44e0-aa35-97c12a2f72a3: receive RaftClientReply:client-FC58CAF12498->aeb608e6-131f-44e0-aa35-97c12a2f72a3@group-3F41E8AD953A, cid=1898, SUCCESS, logIndex=2748, commits[aeb608e6-131f-44e0-aa35-97c12a2f72a3:c2749, b6a0d396-0e26-402b-ac58-4f0615a4fad6:c2747, 8b17640a-2548-4323-bd97-ba3488877b23:c2747]
2019-08-20 11:35:42,854 INFO  client.GrpcClientProtocolClient (GrpcClientProtocolClient.java:onNext(255)) - client-FC58CAF12498->aeb608e6-131f-44e0-aa35-97c12a2f72a3: receive RaftClientReply:client-FC58CAF12498->aeb608e6-131f-44e0-aa35-97c12a2f72a3@group-3F41E8AD953A, cid=1899, SUCCESS, logIndex=2749, commits[aeb608e6-131f-44e0-aa35-97c12a2f72a3:c2750, b6a0d396-0e26-402b-ac58-4f0615a4fad6:c2747, 8b17640a-2548-4323-bd97-ba3488877b23:c2747]
2019-08-20 11:35:42,855 INFO  client.GrpcClientProtocolClient (GrpcClientProtocolClient.java:onNext(255)) - client-FC58CAF12498->aeb608e6-131f-44e0-aa35-97c12a2f72a3: receive RaftClientReply:client-FC58CAF12498->aeb608e6-131f-44e0-aa35-97c12a2f72a3@group-3F41E8AD953A, cid=1900, SUCCESS, logIndex=2750, commits[aeb608e6-131f-44e0-aa35-97c12a2f72a3:c2751, b6a0d396-0e26-402b-ac58-4f0615a4fad6:c2747, 8b17640a-2548-4323-bd97-ba3488877b23:c2747]
2019-08-20 11:35:42,856 INFO  client.GrpcClientProtocolClient (GrpcClientProtocolClient.java:onNext(255)) - client-FC58CAF12498->aeb608e6-131f-44e0-aa35-97c12a2f72a3: receive RaftClientReply:client-FC58CAF12498->aeb608e6-131f-44e0-aa35-97c12a2f72a3@group-3F41E8AD953A, cid=1901, SUCCESS, logIndex=2751, commits[aeb608e6-131f-44e0-aa35-97c12a2f72a3:c2751, b6a0d396-0e26-402b-ac58-4f0615a4fad6:c2747, 8b17640a-2548-4323-bd97-ba3488877b23:c2747]
2019-08-20 11:35:42,857 INFO  client.GrpcClientProtocolClient (GrpcClientProtocolClient.java:onNext(255)) - client-FC58CAF12498->aeb608e6-131f-44e0-aa35-97c12a2f72a3: receive RaftClientReply:client-FC58CAF12498->aeb608e6-131f-44e0-aa35-97c12a2f72a3@group-3F41E8AD953A, cid=1902, SUCCESS, logIndex=0, commits[aeb608e6-131f-44e0-aa35-97c12a2f72a3:c2755, b6a0d396-0e26-402b-ac58-4f0615a4fad6:c2749, 8b17640a-2548-4323-bd97-ba3488877b23:c2751]
2019-08-20 11:35:42,882 INFO  client.GrpcClientProtocolClient (GrpcClientProtocolClient.java:onNext(255)) - client-FC58CAF12498->aeb608e6-131f-44e0-aa35-97c12a2f72a3: receive RaftClientReply:client-FC58CAF12498->aeb608e6-131f-44e0-aa35-97c12a2f72a3@group-3F41E8AD953A, cid=1903, SUCCESS, logIndex=2756, commits[aeb608e6-131f-44e0-aa35-97c12a2f72a3:c2757, b6a0d396-0e26-402b-ac58-4f0615a4fad6:c2751, 8b17640a-2548-4323-bd97-ba3488877b23:c2755]
2019-08-20 11:35:42,882 INFO  client.GrpcClientProtocolClient (GrpcClientProtocolClient.java:onNext(255)) - client-FC58CAF12498->aeb608e6-131f-44e0-aa35-97c12a2f72a3: receive RaftClientReply:client-FC58CAF12498->aeb608e6-131f-44e0-aa35-97c12a2f72a3@group-3F41E8AD953A, cid=1904, SUCCESS, logIndex=2757, commits[aeb608e6-131f-44e0-aa35-97c12a2f72a3:c2757, b6a0d396-0e26-402b-ac58-4f0615a4fad6:c2755, 8b17640a-2548-4323-bd97-ba3488877b23:c2755]
2019-08-20 11:35:42,895 INFO  client.GrpcClientProtocolClient (GrpcClientProtocolClient.java:onNext(255)) - client-FC58CAF12498->aeb608e6-131f-44e0-aa35-97c12a2f72a3: receive RaftClientReply:client-FC58CAF12498->aeb608e6-131f-44e0-aa35-97c12a2f72a3@group-3F41E8AD953A, cid=1905, SUCCESS, logIndex=2760, commits[aeb608e6-131f-44e0-aa35-97c12a2f72a3:c2761, b6a0d396-0e26-402b-ac58-4f0615a4fad6:c2757, 8b17640a-2548-4323-bd97-ba3488877b23:c2757]
2019-08-20 11:35:42,896 INFO  client.GrpcClientProtocolClient (GrpcClientProtocolClient.java:onNext(255)) - client-FC58CAF12498->aeb608e6-131f-44e0-aa35-97c12a2f72a3: receive RaftClientReply:client-FC58CAF12498->aeb608e6-131f-44e0-aa35-97c12a2f72a3@group-3F41E8AD953A, cid=1906, SUCCESS, logIndex=2761, commits[aeb608e6-131f-44e0-aa35-97c12a2f72a3:c2761, b6a0d396-0e26-402b-ac58-4f0615a4fad6:c2757, 8b17640a-2548-4323-bd97-ba3488877b23:c2757]
2019-08-20 11:35:42,910 INFO  client.GrpcClientProtocolClient (GrpcClientProtocolClient.java:onNext(255)) - client-FC58CAF12498->aeb608e6-131f-44e0-aa35-97c12a2f72a3: receive RaftClientReply:client-FC58CAF12498->aeb608e6-131f-44e0-aa35-97c12a2f72a3@group-3F41E8AD953A, cid=1907, SUCCESS, logIndex=0, commits[aeb608e6-131f-44e0-aa35-97c12a2f72a3:c2763, b6a0d396-0e26-402b-ac58-4f0615a4fad6:c2761, 8b17640a-2548-4323-bd97-ba3488877b23:c2761]
2019-08-20 11:35:42,939 INFO  client.GrpcClientProtocolClient (GrpcClientProtocolClient.java:onNext(255)) - client-FC58CAF12498->aeb608e6-131f-44e0-aa35-97c12a2f72a3: receive RaftClientReply:client-FC58CAF12498->aeb608e6-131f-44e0-aa35-97c12a2f72a3@group-3F41E8AD953A, cid=1908, SUCCESS, logIndex=2764, commits[aeb608e6-131f-44e0-aa35-97c12a2f72a3:c2765, b6a0d396-0e26-402b-ac58-4f0615a4fad6:c2763, 8b17640a-2548-4323-bd97-ba3488877b23:c2763]
2019-08-20 11:35:42,939 INFO  client.GrpcClientProtocolClient (GrpcClientProtocolClient.java:onNext(255)) - client-FC58CAF12498->aeb608e6-131f-44e0-aa35-97c12a2f72a3: receive RaftClientReply:client-FC58CAF12498->aeb608e6-131f-44e0-aa35-97c12a2f72a3@group-3F41E8AD953A, cid=1909, SUCCESS, logIndex=2765, commits[aeb608e6-131f-44e0-aa35-97c12a2f72a3:c2765, b6a0d396-0e26-402b-ac58-4f0615a4fad6:c2763, 8b17640a-2548-4323-bd97-ba3488877b23:c2763]
2019-08-20 11:35:42,939 INFO  client.GrpcClientProtocolClient (GrpcClientProtocolClient.java:onNext(255)) - client-FC58CAF12498->aeb608e6-131f-44e0-aa35-97c12a2f72a3: receive RaftClientReply:client-FC58CAF12498->aeb608e6-131f-44e0-aa35-97c12a2f72a3@group-3F41E8AD953A, cid=1910, SUCCESS, logIndex=2766, commits[aeb608e6-131f-44e0-aa35-97c12a2f72a3:c2767, b6a0d396-0e26-402b-ac58-4f0615a4fad6:c2763, 8b17640a-2548-4323-bd97-ba3488877b23:c2763]
2019-08-20 11:35:42,940 INFO  client.GrpcClientProtocolClient (GrpcClientProtocolClient.java:onNext(255)) - client-FC58CAF12498->aeb608e6-131f-44e0-aa35-97c12a2f72a3: receive RaftClientReply:client-FC58CAF12498->aeb608e6-131f-44e0-aa35-97c12a2f72a3@group-3F41E8AD953A, cid=1911, SUCCESS, logIndex=2767, commits[aeb608e6-131f-44e0-aa35-97c12a2f72a3:c2767, b6a0d396-0e26-402b-ac58-4f0615a4fad6:c2763, 8b17640a-2548-4323-bd97-ba3488877b23:c2763]
2019-08-20 11:35:42,954 INFO  client.GrpcClientProtocolClient (GrpcClientProtocolClient.java:onNext(255)) - client-FC58CAF12498->aeb608e6-131f-44e0-aa35-97c12a2f72a3: receive RaftClientReply:client-FC58CAF12498->aeb608e6-131f-44e0-aa35-97c12a2f72a3@group-3F41E8AD953A, cid=1912, SUCCESS, logIndex=0, commits[aeb608e6-131f-44e0-aa35-97c12a2f72a3:c2769, b6a0d396-0e26-402b-ac58-4f0615a4fad6:c2765, 8b17640a-2548-4323-bd97-ba3488877b23:c2765]
2019-08-20 11:35:42,976 INFO  client.GrpcClientProtocolClient (GrpcClientProtocolClient.java:onNext(255)) - client-FC58CAF12498->aeb608e6-131f-44e0-aa35-97c12a2f72a3: receive RaftClientReply:client-FC58CAF12498->aeb608e6-131f-44e0-aa35-97c12a2f72a3@group-3F41E8AD953A, cid=1913, SUCCESS, logIndex=2772, commits[aeb608e6-131f-44e0-aa35-97c12a2f72a3:c2773, b6a0d396-0e26-402b-ac58-4f0615a4fad6:c2771, 8b17640a-2548-4323-bd97-ba3488877b23:c2771]
2019-08-20 11:35:42,977 INFO  client.GrpcClientProtocolClient (GrpcClientProtocolClient.java:onNext(255)) - client-FC58CAF12498->aeb608e6-131f-44e0-aa35-97c12a2f72a3: receive RaftClientReply:client-FC58CAF12498->aeb608e6-131f-44e0-aa35-97c12a2f72a3@group-3F41E8AD953A, cid=1914, SUCCESS, logIndex=2773, commits[aeb608e6-131f-44e0-aa35-97c12a2f72a3:c2773, b6a0d396-0e26-402b-ac58-4f0615a4fad6:c2771, 8b17640a-2548-4323-bd97-ba3488877b23:c2771]
2019-08-20 11:35:43,000 INFO  client.GrpcClientProtocolClient (GrpcClientProtocolClient.java:onNext(255)) - client-FC58CAF12498->aeb608e6-131f-44e0-aa35-97c12a2f72a3: receive RaftClientReply:client-FC58CAF12498->aeb608e6-131f-44e0-aa35-97c12a2f72a3@group-3F41E8AD953A, cid=1915, SUCCESS, logIndex=2776, commits[aeb608e6-131f-44e0-aa35-97c12a2f72a3:c2776, b6a0d396-0e26-402b-ac58-4f0615a4fad6:c2773, 8b17640a-2548-4323-bd97-ba3488877b23:c2773]
2019-08-20 11:35:43,001 INFO  client.GrpcClientProtocolClient (GrpcClientProtocolClient.java:onNext(255)) - client-FC58CAF12498->aeb608e6-131f-44e0-aa35-97c12a2f72a3: receive RaftClientReply:client-FC58CAF12498->aeb608e6-131f-44e0-aa35-97c12a2f72a3@group-3F41E8AD953A, cid=1916, SUCCESS, logIndex=2777, commits[aeb608e6-131f-44e0-aa35-97c12a2f72a3:c2777, b6a0d396-0e26-402b-ac58-4f0615a4fad6:c2773, 8b17640a-2548-4323-bd97-ba3488877b23:c2773]
2019-08-20 11:35:43,024 INFO  client.GrpcClientProtocolClient (GrpcClientProtocolClient.java:onNext(255)) - client-FC58CAF12498->aeb608e6-131f-44e0-aa35-97c12a2f72a3: receive RaftClientReply:client-FC58CAF12498->aeb608e6-131f-44e0-aa35-97c12a2f72a3@group-3F41E8AD953A, cid=1917, SUCCESS, logIndex=0, commits[aeb608e6-131f-44e0-aa35-97c12a2f72a3:c2779, b6a0d396-0e26-402b-ac58-4f0615a4fad6:c2777, 8b17640a-2548-4323-bd97-ba3488877b23:c2777]
2019-08-20 11:35:43,054 INFO  client.GrpcClientProtocolClient (GrpcClientProtocolClient.java:onNext(255)) - client-FC58CAF12498->aeb608e6-131f-44e0-aa35-97c12a2f72a3: receive RaftClientReply:client-FC58CAF12498->aeb608e6-131f-44e0-aa35-97c12a2f72a3@group-3F41E8AD953A, cid=1918, SUCCESS, logIndex=2780, commits[aeb608e6-131f-44e0-aa35-97c12a2f72a3:c2783, b6a0d396-0e26-402b-ac58-4f0615a4fad6:c2779, 8b17640a-2548-4323-bd97-ba3488877b23:c2779]
2019-08-20 11:35:43,054 INFO  client.GrpcClientProtocolClient (GrpcClientProtocolClient.java:onNext(255)) - client-FC58CAF12498->aeb608e6-131f-44e0-aa35-97c12a2f72a3: receive RaftClientReply:client-FC58CAF12498->aeb608e6-131f-44e0-aa35-97c12a2f72a3@group-3F41E8AD953A, cid=1919, SUCCESS, logIndex=2781, commits[aeb608e6-131f-44e0-aa35-97c12a2f72a3:c2783, b6a0d396-0e26-402b-ac58-4f0615a4fad6:c2779, 8b17640a-2548-4323-bd97-ba3488877b23:c2779]
2019-08-20 11:35:43,055 INFO  client.GrpcClientProtocolClient (GrpcClientProtocolClient.java:onNext(255)) - client-FC58CAF12498->aeb608e6-131f-44e0-aa35-97c12a2f72a3: receive RaftClientReply:client-FC58CAF12498->aeb608e6-131f-44e0-aa35-97c12a2f72a3@group-3F41E8AD953A, cid=1920, SUCCESS, logIndex=2782, commits[aeb608e6-131f-44e0-aa35-97c12a2f72a3:c2783, b6a0d396-0e26-402b-ac58-4f0615a4fad6:c2779, 8b17640a-2548-4323-bd97-ba3488877b23:c2779]
2019-08-20 11:35:43,055 INFO  client.GrpcClientProtocolClient (GrpcClientProtocolClient.java:onNext(255)) - client-FC58CAF12498->aeb608e6-131f-44e0-aa35-97c12a2f72a3: receive RaftClientReply:client-FC58CAF12498->aeb608e6-131f-44e0-aa35-97c12a2f72a3@group-3F41E8AD953A, cid=1921, SUCCESS, logIndex=2783, commits[aeb608e6-131f-44e0-aa35-97c12a2f72a3:c2783, b6a0d396-0e26-402b-ac58-4f0615a4fad6:c2779, 8b17640a-2548-4323-bd97-ba3488877b23:c2779]
2019-08-20 11:35:43,073 INFO  client.GrpcClientProtocolClient (GrpcClientProtocolClient.java:onNext(255)) - client-FC58CAF12498->aeb608e6-131f-44e0-aa35-97c12a2f72a3: receive RaftClientReply:client-FC58CAF12498->aeb608e6-131f-44e0-aa35-97c12a2f72a3@group-3F41E8AD953A, cid=1922, SUCCESS, logIndex=0, commits[aeb608e6-131f-44e0-aa35-97c12a2f72a3:c2784, b6a0d396-0e26-402b-ac58-4f0615a4fad6:c2781, 8b17640a-2548-4323-bd97-ba3488877b23:c2781]
2019-08-20 11:35:43,097 INFO  client.GrpcClientProtocolClient (GrpcClientProtocolClient.java:onNext(255)) - client-FC58CAF12498->aeb608e6-131f-44e0-aa35-97c12a2f72a3: receive RaftClientReply:client-FC58CAF12498->aeb608e6-131f-44e0-aa35-97c12a2f72a3@group-3F41E8AD953A, cid=1923, SUCCESS, logIndex=2788, commits[aeb608e6-131f-44e0-aa35-97c12a2f72a3:c2789, b6a0d396-0e26-402b-ac58-4f0615a4fad6:c2784, 8b17640a-2548-4323-bd97-ba3488877b23:c2783]
2019-08-20 11:35:43,098 INFO  client.GrpcClientProtocolClient (GrpcClientProtocolClient.java:onNext(255)) - client-FC58CAF12498->aeb608e6-131f-44e0-aa35-97c12a2f72a3: receive RaftClientReply:client-FC58CAF12498->aeb608e6-131f-44e0-aa35-97c12a2f72a3@group-3F41E8AD953A, cid=1924, SUCCESS, logIndex=2789, commits[aeb608e6-131f-44e0-aa35-97c12a2f72a3:c2789, b6a0d396-0e26-402b-ac58-4f0615a4fad6:c2784, 8b17640a-2548-4323-bd97-ba3488877b23:c2784]
2019-08-20 11:35:43,119 INFO  client.GrpcClientProtocolClient (GrpcClientProtocolClient.java:onNext(255)) - client-FC58CAF12498->aeb608e6-131f-44e0-aa35-97c12a2f72a3: receive RaftClientReply:client-FC58CAF12498->aeb608e6-131f-44e0-aa35-97c12a2f72a3@group-3F41E8AD953A, cid=1925, SUCCESS, logIndex=2791, commits[aeb608e6-131f-44e0-aa35-97c12a2f72a3:c2792, b6a0d396-0e26-402b-ac58-4f0615a4fad6:c2790, 8b17640a-2548-4323-bd97-ba3488877b23:c2790]
2019-08-20 11:35:43,120 INFO  client.GrpcClientProtocolClient (GrpcClientProtocolClient.java:onNext(255)) - client-FC58CAF12498->aeb608e6-131f-44e0-aa35-97c12a2f72a3: receive RaftClientReply:client-FC58CAF12498->aeb608e6-131f-44e0-aa35-97c12a2f72a3@group-3F41E8AD953A, cid=1926, SUCCESS, logIndex=2792, commits[aeb608e6-131f-44e0-aa35-97c12a2f72a3:c2792, b6a0d396-0e26-402b-ac58-4f0615a4fad6:c2790, 8b17640a-2548-4323-bd97-ba3488877b23:c2790]
2019-08-20 11:35:43,132 INFO  client.GrpcClientProtocolClient (GrpcClientProtocolClient.java:onNext(255)) - client-FC58CAF12498->aeb608e6-131f-44e0-aa35-97c12a2f72a3: receive RaftClientReply:client-FC58CAF12498->aeb608e6-131f-44e0-aa35-97c12a2f72a3@group-3F41E8AD953A, cid=1927, SUCCESS, logIndex=0, commits[aeb608e6-131f-44e0-aa35-97c12a2f72a3:c2793, b6a0d396-0e26-402b-ac58-4f0615a4fad6:c2792, 8b17640a-2548-4323-bd97-ba3488877b23:c2792]
2019-08-20 11:35:43,164 INFO  client.GrpcClientProtocolClient (GrpcClientProtocolClient.java:onNext(255)) - client-FC58CAF12498->aeb608e6-131f-44e0-aa35-97c12a2f72a3: receive RaftClientReply:client-FC58CAF12498->aeb608e6-131f-44e0-aa35-97c12a2f72a3@group-3F41E8AD953A, cid=1928, SUCCESS, logIndex=2795, commits[aeb608e6-131f-44e0-aa35-97c12a2f72a3:c2796, b6a0d396-0e26-402b-ac58-4f0615a4fad6:c2792, 8b17640a-2548-4323-bd97-ba3488877b23:c2794]
2019-08-20 11:35:43,164 INFO  client.GrpcClientProtocolClient (GrpcClientProtocolClient.java:onNext(255)) - client-FC58CAF12498->aeb608e6-131f-44e0-aa35-97c12a2f72a3: receive RaftClientReply:client-FC58CAF12498->aeb608e6-131f-44e0-aa35-97c12a2f72a3@group-3F41E8AD953A, cid=1929, SUCCESS, logIndex=2796, commits[aeb608e6-131f-44e0-aa35-97c12a2f72a3:c2796, b6a0d396-0e26-402b-ac58-4f0615a4fad6:c2794, 8b17640a-2548-4323-bd97-ba3488877b23:c2794]
2019-08-20 11:35:43,165 INFO  client.GrpcClientProtocolClient (GrpcClientProtocolClient.java:onNext(255)) - client-FC58CAF12498->aeb608e6-131f-44e0-aa35-97c12a2f72a3: receive RaftClientReply:client-FC58CAF12498->aeb608e6-131f-44e0-aa35-97c12a2f72a3@group-3F41E8AD953A, cid=1930, SUCCESS, logIndex=2797, commits[aeb608e6-131f-44e0-aa35-97c12a2f72a3:c2798, b6a0d396-0e26-402b-ac58-4f0615a4fad6:c2794, 8b17640a-2548-4323-bd97-ba3488877b23:c2794]
2019-08-20 11:35:43,166 INFO  client.GrpcClientProtocolClient (GrpcClientProtocolClient.java:onNext(255)) - client-FC58CAF12498->aeb608e6-131f-44e0-aa35-97c12a2f72a3: receive RaftClientReply:client-FC58CAF12498->aeb608e6-131f-44e0-aa35-97c12a2f72a3@group-3F41E8AD953A, cid=1931, SUCCESS, logIndex=2798, commits[aeb608e6-131f-44e0-aa35-97c12a2f72a3:c2798, b6a0d396-0e26-402b-ac58-4f0615a4fad6:c2794, 8b17640a-2548-4323-bd97-ba3488877b23:c2794]
2019-08-20 11:35:43,178 INFO  client.GrpcClientProtocolClient (GrpcClientProtocolClient.java:onNext(255)) - client-FC58CAF12498->aeb608e6-131f-44e0-aa35-97c12a2f72a3: receive RaftClientReply:client-FC58CAF12498->aeb608e6-131f-44e0-aa35-97c12a2f72a3@group-3F41E8AD953A, cid=1932, SUCCESS, logIndex=0, commits[aeb608e6-131f-44e0-aa35-97c12a2f72a3:c2800, b6a0d396-0e26-402b-ac58-4f0615a4fad6:c2796, 8b17640a-2548-4323-bd97-ba3488877b23:c2796]
2019-08-20 11:35:43,199 INFO  client.GrpcClientProtocolClient (GrpcClientProtocolClient.java:onNext(255)) - client-FC58CAF12498->aeb608e6-131f-44e0-aa35-97c12a2f72a3: receive RaftClientReply:client-FC58CAF12498->aeb608e6-131f-44e0-aa35-97c12a2f72a3@group-3F41E8AD953A, cid=1933, SUCCESS, logIndex=2803, commits[aeb608e6-131f-44e0-aa35-97c12a2f72a3:c2804, b6a0d396-0e26-402b-ac58-4f0615a4fad6:c2802, 8b17640a-2548-4323-bd97-ba3488877b23:c2802]
2019-08-20 11:35:43,199 INFO  client.GrpcClientProtocolClient (GrpcClientProtocolClient.java:onNext(255)) - client-FC58CAF12498->aeb608e6-131f-44e0-aa35-97c12a2f72a3: receive RaftClientReply:client-FC58CAF12498->aeb608e6-131f-44e0-aa35-97c12a2f72a3@group-3F41E8AD953A, cid=1934, SUCCESS, logIndex=2804, commits[aeb608e6-131f-44e0-aa35-97c12a2f72a3:c2804, b6a0d396-0e26-402b-ac58-4f0615a4fad6:c2802, 8b17640a-2548-4323-bd97-ba3488877b23:c2802]
2019-08-20 11:35:43,226 INFO  client.GrpcClientProtocolClient (GrpcClientProtocolClient.java:onNext(255)) - client-FC58CAF12498->aeb608e6-131f-44e0-aa35-97c12a2f72a3: receive RaftClientReply:client-FC58CAF12498->aeb608e6-131f-44e0-aa35-97c12a2f72a3@group-3F41E8AD953A, cid=1935, SUCCESS, logIndex=2807, commits[aeb608e6-131f-44e0-aa35-97c12a2f72a3:c2807, b6a0d396-0e26-402b-ac58-4f0615a4fad6:c2804, 8b17640a-2548-4323-bd97-ba3488877b23:c2804]
2019-08-20 11:35:43,226 INFO  client.GrpcClientProtocolClient (GrpcClientProtocolClient.java:onNext(255)) - client-FC58CAF12498->aeb608e6-131f-44e0-aa35-97c12a2f72a3: receive RaftClientReply:client-FC58CAF12498->aeb608e6-131f-44e0-aa35-97c12a2f72a3@group-3F41E8AD953A, cid=1936, SUCCESS, logIndex=2808, commits[aeb608e6-131f-44e0-aa35-97c12a2f72a3:c2808, b6a0d396-0e26-402b-ac58-4f0615a4fad6:c2804, 8b17640a-2548-4323-bd97-ba3488877b23:c2804]
2019-08-20 11:35:43,249 INFO  client.GrpcClientProtocolClient (GrpcClientProtocolClient.java:onNext(255)) - client-FC58CAF12498->aeb608e6-131f-44e0-aa35-97c12a2f72a3: receive RaftClientReply:client-FC58CAF12498->aeb608e6-131f-44e0-aa35-97c12a2f72a3@group-3F41E8AD953A, cid=1937, SUCCESS, logIndex=0, commits[aeb608e6-131f-44e0-aa35-97c12a2f72a3:c2810, b6a0d396-0e26-402b-ac58-4f0615a4fad6:c2808, 8b17640a-2548-4323-bd97-ba3488877b23:c2808]
2019-08-20 11:35:43,281 INFO  client.GrpcClientProtocolClient (GrpcClientProtocolClient.java:onNext(255)) - client-FC58CAF12498->aeb608e6-131f-44e0-aa35-97c12a2f72a3: receive RaftClientReply:client-FC58CAF12498->aeb608e6-131f-44e0-aa35-97c12a2f72a3@group-3F41E8AD953A, cid=1938, SUCCESS, logIndex=2811, commits[aeb608e6-131f-44e0-aa35-97c12a2f72a3:c2812, b6a0d396-0e26-402b-ac58-4f0615a4fad6:c2810, 8b17640a-2548-4323-bd97-ba3488877b23:c2810]
2019-08-20 11:35:43,281 INFO  client.GrpcClientProtocolClient (GrpcClientProtocolClient.java:onNext(255)) - client-FC58CAF12498->aeb608e6-131f-44e0-aa35-97c12a2f72a3: receive RaftClientReply:client-FC58CAF12498->aeb608e6-131f-44e0-aa35-97c12a2f72a3@group-3F41E8AD953A, cid=1939, SUCCESS, logIndex=2812, commits[aeb608e6-131f-44e0-aa35-97c12a2f72a3:c2812, b6a0d396-0e26-402b-ac58-4f0615a4fad6:c2810, 8b17640a-2548-4323-bd97-ba3488877b23:c2810]
2019-08-20 11:35:43,290 INFO  client.GrpcClientProtocolClient (GrpcClientProtocolClient.java:onNext(255)) - client-FC58CAF12498->aeb608e6-131f-44e0-aa35-97c12a2f72a3: receive RaftClientReply:client-FC58CAF12498->aeb608e6-131f-44e0-aa35-97c12a2f72a3@group-3F41E8AD953A, cid=1940, SUCCESS, logIndex=2813, commits[aeb608e6-131f-44e0-aa35-97c12a2f72a3:c2814, b6a0d396-0e26-402b-ac58-4f0615a4fad6:c2810, 8b17640a-2548-4323-bd97-ba3488877b23:c2810]
2019-08-20 11:35:43,290 INFO  client.GrpcClientProtocolClient (GrpcClientProtocolClient.java:onNext(255)) - client-FC58CAF12498->aeb608e6-131f-44e0-aa35-97c12a2f72a3: receive RaftClientReply:client-FC58CAF12498->aeb608e6-131f-44e0-aa35-97c12a2f72a3@group-3F41E8AD953A, cid=1941, SUCCESS, logIndex=2814, commits[aeb608e6-131f-44e0-aa35-97c12a2f72a3:c2814, b6a0d396-0e26-402b-ac58-4f0615a4fad6:c2810, 8b17640a-2548-4323-bd97-ba3488877b23:c2810]
2019-08-20 11:35:43,292 INFO  client.GrpcClientProtocolClient (GrpcClientProtocolClient.java:onNext(255)) - client-FC58CAF12498->aeb608e6-131f-44e0-aa35-97c12a2f72a3: receive RaftClientReply:client-FC58CAF12498->aeb608e6-131f-44e0-aa35-97c12a2f72a3@group-3F41E8AD953A, cid=1942, SUCCESS, logIndex=0, commits[aeb608e6-131f-44e0-aa35-97c12a2f72a3:c2816, b6a0d396-0e26-402b-ac58-4f0615a4fad6:c2812, 8b17640a-2548-4323-bd97-ba3488877b23:c2812]
2019-08-20 11:35:43,307 INFO  client.GrpcClientProtocolClient (GrpcClientProtocolClient.java:onNext(255)) - client-FC58CAF12498->aeb608e6-131f-44e0-aa35-97c12a2f72a3: receive RaftClientReply:client-FC58CAF12498->aeb608e6-131f-44e0-aa35-97c12a2f72a3@group-3F41E8AD953A, cid=1943, SUCCESS, logIndex=2819, commits[aeb608e6-131f-44e0-aa35-97c12a2f72a3:c2820, b6a0d396-0e26-402b-ac58-4f0615a4fad6:c2816, 8b17640a-2548-4323-bd97-ba3488877b23:c2816]
2019-08-20 11:35:43,307 INFO  client.GrpcClientProtocolClient (GrpcClientProtocolClient.java:onNext(255)) - client-FC58CAF12498->aeb608e6-131f-44e0-aa35-97c12a2f72a3: receive RaftClientReply:client-FC58CAF12498->aeb608e6-131f-44e0-aa35-97c12a2f72a3@group-3F41E8AD953A, cid=1944, SUCCESS, logIndex=2820, commits[aeb608e6-131f-44e0-aa35-97c12a2f72a3:c2820, b6a0d396-0e26-402b-ac58-4f0615a4fad6:c2816, 8b17640a-2548-4323-bd97-ba3488877b23:c2816]
2019-08-20 11:35:43,333 INFO  client.GrpcClientProtocolClient (GrpcClientProtocolClient.java:onNext(255)) - client-FC58CAF12498->aeb608e6-131f-44e0-aa35-97c12a2f72a3: receive RaftClientReply:client-FC58CAF12498->aeb608e6-131f-44e0-aa35-97c12a2f72a3@group-3F41E8AD953A, cid=1945, SUCCESS, logIndex=2823, commits[aeb608e6-131f-44e0-aa35-97c12a2f72a3:c2824, b6a0d396-0e26-402b-ac58-4f0615a4fad6:c2820, 8b17640a-2548-4323-bd97-ba3488877b23:c2820]
2019-08-20 11:35:43,333 INFO  client.GrpcClientProtocolClient (GrpcClientProtocolClient.java:onNext(255)) - client-FC58CAF12498->aeb608e6-131f-44e0-aa35-97c12a2f72a3: receive RaftClientReply:client-FC58CAF12498->aeb608e6-131f-44e0-aa35-97c12a2f72a3@group-3F41E8AD953A, cid=1946, SUCCESS, logIndex=2824, commits[aeb608e6-131f-44e0-aa35-97c12a2f72a3:c2824, b6a0d396-0e26-402b-ac58-4f0615a4fad6:c2820, 8b17640a-2548-4323-bd97-ba3488877b23:c2820]
2019-08-20 11:35:43,341 INFO  client.GrpcClientProtocolClient (GrpcClientProtocolClient.java:onNext(255)) - client-FC58CAF12498->aeb608e6-131f-44e0-aa35-97c12a2f72a3: receive RaftClientReply:client-FC58CAF12498->aeb608e6-131f-44e0-aa35-97c12a2f72a3@group-3F41E8AD953A, cid=1947, SUCCESS, logIndex=0, commits[aeb608e6-131f-44e0-aa35-97c12a2f72a3:c2826, b6a0d396-0e26-402b-ac58-4f0615a4fad6:c2824, 8b17640a-2548-4323-bd97-ba3488877b23:c2824]
2019-08-20 11:35:43,371 INFO  client.GrpcClientProtocolClient (GrpcClientProtocolClient.java:onNext(255)) - client-FC58CAF12498->aeb608e6-131f-44e0-aa35-97c12a2f72a3: receive RaftClientReply:client-FC58CAF12498->aeb608e6-131f-44e0-aa35-97c12a2f72a3@group-3F41E8AD953A, cid=1948, SUCCESS, logIndex=2827, commits[aeb608e6-131f-44e0-aa35-97c12a2f72a3:c2828, b6a0d396-0e26-402b-ac58-4f0615a4fad6:c2826, 8b17640a-2548-4323-bd97-ba3488877b23:c2826]
2019-08-20 11:35:43,372 INFO  client.GrpcClientProtocolClient (GrpcClientProtocolClient.java:onNext(255)) - client-FC58CAF12498->aeb608e6-131f-44e0-aa35-97c12a2f72a3: receive RaftClientReply:client-FC58CAF12498->aeb608e6-131f-44e0-aa35-97c12a2f72a3@group-3F41E8AD953A, cid=1949, SUCCESS, logIndex=2828, commits[aeb608e6-131f-44e0-aa35-97c12a2f72a3:c2830, b6a0d396-0e26-402b-ac58-4f0615a4fad6:c2826, 8b17640a-2548-4323-bd97-ba3488877b23:c2826]
2019-08-20 11:35:43,372 INFO  client.GrpcClientProtocolClient (GrpcClientProtocolClient.java:onNext(255)) - client-FC58CAF12498->aeb608e6-131f-44e0-aa35-97c12a2f72a3: receive RaftClientReply:client-FC58CAF12498->aeb608e6-131f-44e0-aa35-97c12a2f72a3@group-3F41E8AD953A, cid=1950, SUCCESS, logIndex=2829, commits[aeb608e6-131f-44e0-aa35-97c12a2f72a3:c2830, b6a0d396-0e26-402b-ac58-4f0615a4fad6:c2826, 8b17640a-2548-4323-bd97-ba3488877b23:c2826]
2019-08-20 11:35:43,372 INFO  client.GrpcClientProtocolClient (GrpcClientProtocolClient.java:onNext(255)) - client-FC58CAF12498->aeb608e6-131f-44e0-aa35-97c12a2f72a3: receive RaftClientReply:client-FC58CAF12498->aeb608e6-131f-44e0-aa35-97c12a2f72a3@group-3F41E8AD953A, cid=1951, SUCCESS, logIndex=2830, commits[aeb608e6-131f-44e0-aa35-97c12a2f72a3:c2830, b6a0d396-0e26-402b-ac58-4f0615a4fad6:c2826, 8b17640a-2548-4323-bd97-ba3488877b23:c2826]
2019-08-20 11:35:43,374 INFO  client.GrpcClientProtocolClient (GrpcClientProtocolClient.java:onNext(255)) - client-FC58CAF12498->aeb608e6-131f-44e0-aa35-97c12a2f72a3: receive RaftClientReply:client-FC58CAF12498->aeb608e6-131f-44e0-aa35-97c12a2f72a3@group-3F41E8AD953A, cid=1952, SUCCESS, logIndex=0, commits[aeb608e6-131f-44e0-aa35-97c12a2f72a3:c2831, b6a0d396-0e26-402b-ac58-4f0615a4fad6:c2828, 8b17640a-2548-4323-bd97-ba3488877b23:c2828]
 0.00% |█                                                                                                    |  0/1 Time: 0:00:172019-08-20 11:35:43,387 INFO  client.GrpcClientProtocolClient (GrpcClientProtocolClient.java:onNext(255)) - client-FC58CAF12498->aeb608e6-131f-44e0-aa35-97c12a2f72a3: receive RaftClientReply:client-FC58CAF12498->aeb608e6-131f-44e0-aa35-97c12a2f72a3@group-3F41E8AD953A, cid=1953, SUCCESS, logIndex=2835, commits[aeb608e6-131f-44e0-aa35-97c12a2f72a3:c2836, b6a0d396-0e26-402b-ac58-4f0615a4fad6:c2830, 8b17640a-2548-4323-bd97-ba3488877b23:c2831]
2019-08-20 11:35:43,387 INFO  client.GrpcClientProtocolClient (GrpcClientProtocolClient.java:onNext(255)) - client-FC58CAF12498->aeb608e6-131f-44e0-aa35-97c12a2f72a3: receive RaftClientReply:client-FC58CAF12498->aeb608e6-131f-44e0-aa35-97c12a2f72a3@group-3F41E8AD953A, cid=1954, SUCCESS, logIndex=2836, commits[aeb608e6-131f-44e0-aa35-97c12a2f72a3:c2836, b6a0d396-0e26-402b-ac58-4f0615a4fad6:c2831, 8b17640a-2548-4323-bd97-ba3488877b23:c2831]
2019-08-20 11:35:43,410 INFO  client.GrpcClientProtocolClient (GrpcClientProtocolClient.java:onNext(255)) - client-FC58CAF12498->aeb608e6-131f-44e0-aa35-97c12a2f72a3: receive RaftClientReply:client-FC58CAF12498->aeb608e6-131f-44e0-aa35-97c12a2f72a3@group-3F41E8AD953A, cid=1955, SUCCESS, logIndex=2839, commits[aeb608e6-131f-44e0-aa35-97c12a2f72a3:c2840, b6a0d396-0e26-402b-ac58-4f0615a4fad6:c2838, 8b17640a-2548-4323-bd97-ba3488877b23:c2838]
2019-08-20 11:35:43,410 INFO  client.GrpcClientProtocolClient (GrpcClientProtocolClient.java:onNext(255)) - client-FC58CAF12498->aeb608e6-131f-44e0-aa35-97c12a2f72a3: receive RaftClientReply:client-FC58CAF12498->aeb608e6-131f-44e0-aa35-97c12a2f72a3@group-3F41E8AD953A, cid=1956, SUCCESS, logIndex=2840, commits[aeb608e6-131f-44e0-aa35-97c12a2f72a3:c2840, b6a0d396-0e26-402b-ac58-4f0615a4fad6:c2838, 8b17640a-2548-4323-bd97-ba3488877b23:c2838]
2019-08-20 11:35:43,423 INFO  client.GrpcClientProtocolClient (GrpcClientProtocolClient.java:onNext(255)) - client-FC58CAF12498->aeb608e6-131f-44e0-aa35-97c12a2f72a3: receive RaftClientReply:client-FC58CAF12498->aeb608e6-131f-44e0-aa35-97c12a2f72a3@group-3F41E8AD953A, cid=1957, SUCCESS, logIndex=0, commits[aeb608e6-131f-44e0-aa35-97c12a2f72a3:c2841, b6a0d396-0e26-402b-ac58-4f0615a4fad6:c2840, 8b17640a-2548-4323-bd97-ba3488877b23:c2840]
2019-08-20 11:35:43,453 INFO  client.GrpcClientProtocolClient (GrpcClientProtocolClient.java:onNext(255)) - client-FC58CAF12498->aeb608e6-131f-44e0-aa35-97c12a2f72a3: receive RaftClientReply:client-FC58CAF12498->aeb608e6-131f-44e0-aa35-97c12a2f72a3@group-3F41E8AD953A, cid=1958, SUCCESS, logIndex=2843, commits[aeb608e6-131f-44e0-aa35-97c12a2f72a3:c2844, b6a0d396-0e26-402b-ac58-4f0615a4fad6:c2842, 8b17640a-2548-4323-bd97-ba3488877b23:c2842]
2019-08-20 11:35:43,454 INFO  client.GrpcClientProtocolClient (GrpcClientProtocolClient.java:onNext(255)) - client-FC58CAF12498->aeb608e6-131f-44e0-aa35-97c12a2f72a3: receive RaftClientReply:client-FC58CAF12498->aeb608e6-131f-44e0-aa35-97c12a2f72a3@group-3F41E8AD953A, cid=1959, SUCCESS, logIndex=2844, commits[aeb608e6-131f-44e0-aa35-97c12a2f72a3:c2846, b6a0d396-0e26-402b-ac58-4f0615a4fad6:c2842, 8b17640a-2548-4323-bd97-ba3488877b23:c2842]
2019-08-20 11:35:43,454 INFO  client.GrpcClientProtocolClient (GrpcClientProtocolClient.java:onNext(255)) - client-FC58CAF12498->aeb608e6-131f-44e0-aa35-97c12a2f72a3: receive RaftClientReply:client-FC58CAF12498->aeb608e6-131f-44e0-aa35-97c12a2f72a3@group-3F41E8AD953A, cid=1960, SUCCESS, logIndex=2845, commits[aeb608e6-131f-44e0-aa35-97c12a2f72a3:c2846, b6a0d396-0e26-402b-ac58-4f0615a4fad6:c2842, 8b17640a-2548-4323-bd97-ba3488877b23:c2842]
2019-08-20 11:35:43,455 INFO  client.GrpcClientProtocolClient (GrpcClientProtocolClient.java:onNext(255)) - client-FC58CAF12498->aeb608e6-131f-44e0-aa35-97c12a2f72a3: receive RaftClientReply:client-FC58CAF12498->aeb608e6-131f-44e0-aa35-97c12a2f72a3@group-3F41E8AD953A, cid=1961, SUCCESS, logIndex=2846, commits[aeb608e6-131f-44e0-aa35-97c12a2f72a3:c2846, b6a0d396-0e26-402b-ac58-4f0615a4fad6:c2842, 8b17640a-2548-4323-bd97-ba3488877b23:c2842]
2019-08-20 11:35:43,456 INFO  client.GrpcClientProtocolClient (GrpcClientProtocolClient.java:onNext(255)) - client-FC58CAF12498->aeb608e6-131f-44e0-aa35-97c12a2f72a3: receive RaftClientReply:client-FC58CAF12498->aeb608e6-131f-44e0-aa35-97c12a2f72a3@group-3F41E8AD953A, cid=1962, SUCCESS, logIndex=0, commits[aeb608e6-131f-44e0-aa35-97c12a2f72a3:c2847, b6a0d396-0e26-402b-ac58-4f0615a4fad6:c2844, 8b17640a-2548-4323-bd97-ba3488877b23:c2844]
2019-08-20 11:35:43,469 INFO  client.GrpcClientProtocolClient (GrpcClientProtocolClient.java:onNext(255)) - client-FC58CAF12498->aeb608e6-131f-44e0-aa35-97c12a2f72a3: receive RaftClientReply:client-FC58CAF12498->aeb608e6-131f-44e0-aa35-97c12a2f72a3@group-3F41E8AD953A, cid=1963, SUCCESS, logIndex=2850, commits[aeb608e6-131f-44e0-aa35-97c12a2f72a3:c2851, b6a0d396-0e26-402b-ac58-4f0615a4fad6:c2848, 8b17640a-2548-4323-bd97-ba3488877b23:c2848]
2019-08-20 11:35:43,469 INFO  client.GrpcClientProtocolClient (GrpcClientProtocolClient.java:onNext(255)) - client-FC58CAF12498->aeb608e6-131f-44e0-aa35-97c12a2f72a3: receive RaftClientReply:client-FC58CAF12498->aeb608e6-131f-44e0-aa35-97c12a2f72a3@group-3F41E8AD953A, cid=1964, SUCCESS, logIndex=2851, commits[aeb608e6-131f-44e0-aa35-97c12a2f72a3:c2851, b6a0d396-0e26-402b-ac58-4f0615a4fad6:c2848, 8b17640a-2548-4323-bd97-ba3488877b23:c2848]
2019-08-20 11:35:43,484 INFO  client.GrpcClientProtocolClient (GrpcClientProtocolClient.java:onNext(255)) - client-FC58CAF12498->aeb608e6-131f-44e0-aa35-97c12a2f72a3: receive RaftClientReply:client-FC58CAF12498->aeb608e6-131f-44e0-aa35-97c12a2f72a3@group-3F41E8AD953A, cid=1965, SUCCESS, logIndex=2854, commits[aeb608e6-131f-44e0-aa35-97c12a2f72a3:c2855, b6a0d396-0e26-402b-ac58-4f0615a4fad6:c2851, 8b17640a-2548-4323-bd97-ba3488877b23:c2851]
2019-08-20 11:35:43,484 INFO  client.GrpcClientProtocolClient (GrpcClientProtocolClient.java:onNext(255)) - client-FC58CAF12498->aeb608e6-131f-44e0-aa35-97c12a2f72a3: receive RaftClientReply:client-FC58CAF12498->aeb608e6-131f-44e0-aa35-97c12a2f72a3@group-3F41E8AD953A, cid=1966, SUCCESS, logIndex=2855, commits[aeb608e6-131f-44e0-aa35-97c12a2f72a3:c2855, b6a0d396-0e26-402b-ac58-4f0615a4fad6:c2851, 8b17640a-2548-4323-bd97-ba3488877b23:c2851]
2019-08-20 11:35:43,498 INFO  client.GrpcClientProtocolClient (GrpcClientProtocolClient.java:onNext(255)) - client-FC58CAF12498->aeb608e6-131f-44e0-aa35-97c12a2f72a3: receive RaftClientReply:client-FC58CAF12498->aeb608e6-131f-44e0-aa35-97c12a2f72a3@group-3F41E8AD953A, cid=1967, SUCCESS, logIndex=0, commits[aeb608e6-131f-44e0-aa35-97c12a2f72a3:c2857, b6a0d396-0e26-402b-ac58-4f0615a4fad6:c2855, 8b17640a-2548-4323-bd97-ba3488877b23:c2855]
2019-08-20 11:35:43,526 INFO  client.GrpcClientProtocolClient (GrpcClientProtocolClient.java:onNext(255)) - client-FC58CAF12498->aeb608e6-131f-44e0-aa35-97c12a2f72a3: receive RaftClientReply:client-FC58CAF12498->aeb608e6-131f-44e0-aa35-97c12a2f72a3@group-3F41E8AD953A, cid=1968, SUCCESS, logIndex=2858, commits[aeb608e6-131f-44e0-aa35-97c12a2f72a3:c2859, b6a0d396-0e26-402b-ac58-4f0615a4fad6:c2857, 8b17640a-2548-4323-bd97-ba3488877b23:c2857]
2019-08-20 11:35:43,526 INFO  client.GrpcClientProtocolClient (GrpcClientProtocolClient.java:onNext(255)) - client-FC58CAF12498->aeb608e6-131f-44e0-aa35-97c12a2f72a3: receive RaftClientReply:client-FC58CAF12498->aeb608e6-131f-44e0-aa35-97c12a2f72a3@group-3F41E8AD953A, cid=1969, SUCCESS, logIndex=2859, commits[aeb608e6-131f-44e0-aa35-97c12a2f72a3:c2859, b6a0d396-0e26-402b-ac58-4f0615a4fad6:c2857, 8b17640a-2548-4323-bd97-ba3488877b23:c2857]
2019-08-20 11:35:43,529 INFO  client.GrpcClientProtocolClient (GrpcClientProtocolClient.java:onNext(255)) - client-FC58CAF12498->aeb608e6-131f-44e0-aa35-97c12a2f72a3: receive RaftClientReply:client-FC58CAF12498->aeb608e6-131f-44e0-aa35-97c12a2f72a3@group-3F41E8AD953A, cid=1970, SUCCESS, logIndex=2860, commits[aeb608e6-131f-44e0-aa35-97c12a2f72a3:c2861, b6a0d396-0e26-402b-ac58-4f0615a4fad6:c2857, 8b17640a-2548-4323-bd97-ba3488877b23:c2857]
2019-08-20 11:35:43,529 INFO  client.GrpcClientProtocolClient (GrpcClientProtocolClient.java:onNext(255)) - client-FC58CAF12498->aeb608e6-131f-44e0-aa35-97c12a2f72a3: receive RaftClientReply:client-FC58CAF12498->aeb608e6-131f-44e0-aa35-97c12a2f72a3@group-3F41E8AD953A, cid=1971, SUCCESS, logIndex=2861, commits[aeb608e6-131f-44e0-aa35-97c12a2f72a3:c2861, b6a0d396-0e26-402b-ac58-4f0615a4fad6:c2857, 8b17640a-2548-4323-bd97-ba3488877b23:c2857]
2019-08-20 11:35:43,540 INFO  client.GrpcClientProtocolClient (GrpcClientProtocolClient.java:onNext(255)) - client-FC58CAF12498->aeb608e6-131f-44e0-aa35-97c12a2f72a3: receive RaftClientReply:client-FC58CAF12498->aeb608e6-131f-44e0-aa35-97c12a2f72a3@group-3F41E8AD953A, cid=1972, SUCCESS, logIndex=0, commits[aeb608e6-131f-44e0-aa35-97c12a2f72a3:c2863, b6a0d396-0e26-402b-ac58-4f0615a4fad6:c2859, 8b17640a-2548-4323-bd97-ba3488877b23:c2859]
2019-08-20 11:35:43,564 INFO  client.GrpcClientProtocolClient (GrpcClientProtocolClient.java:onNext(255)) - client-FC58CAF12498->aeb608e6-131f-44e0-aa35-97c12a2f72a3: receive RaftClientReply:client-FC58CAF12498->aeb608e6-131f-44e0-aa35-97c12a2f72a3@group-3F41E8AD953A, cid=1973, SUCCESS, logIndex=2866, commits[aeb608e6-131f-44e0-aa35-97c12a2f72a3:c2867, b6a0d396-0e26-402b-ac58-4f0615a4fad6:c2865, 8b17640a-2548-4323-bd97-ba3488877b23:c2865]
2019-08-20 11:35:43,565 INFO  client.GrpcClientProtocolClient (GrpcClientProtocolClient.java:onNext(255)) - client-FC58CAF12498->aeb608e6-131f-44e0-aa35-97c12a2f72a3: receive RaftClientReply:client-FC58CAF12498->aeb608e6-131f-44e0-aa35-97c12a2f72a3@group-3F41E8AD953A, cid=1974, SUCCESS, logIndex=2867, commits[aeb608e6-131f-44e0-aa35-97c12a2f72a3:c2867, b6a0d396-0e26-402b-ac58-4f0615a4fad6:c2865, 8b17640a-2548-4323-bd97-ba3488877b23:c2865]
2019-08-20 11:35:43,577 INFO  client.GrpcClientProtocolClient (GrpcClientProtocolClient.java:onNext(255)) - client-FC58CAF12498->aeb608e6-131f-44e0-aa35-97c12a2f72a3: receive RaftClientReply:client-FC58CAF12498->aeb608e6-131f-44e0-aa35-97c12a2f72a3@group-3F41E8AD953A, cid=1975, SUCCESS, logIndex=2870, commits[aeb608e6-131f-44e0-aa35-97c12a2f72a3:c2871, b6a0d396-0e26-402b-ac58-4f0615a4fad6:c2867, 8b17640a-2548-4323-bd97-ba3488877b23:c2867]
2019-08-20 11:35:43,577 INFO  client.GrpcClientProtocolClient (GrpcClientProtocolClient.java:onNext(255)) - client-FC58CAF12498->aeb608e6-131f-44e0-aa35-97c12a2f72a3: receive RaftClientReply:client-FC58CAF12498->aeb608e6-131f-44e0-aa35-97c12a2f72a3@group-3F41E8AD953A, cid=1976, SUCCESS, logIndex=2871, commits[aeb608e6-131f-44e0-aa35-97c12a2f72a3:c2871, b6a0d396-0e26-402b-ac58-4f0615a4fad6:c2867, 8b17640a-2548-4323-bd97-ba3488877b23:c2867]
2019-08-20 11:35:43,579 INFO  client.GrpcClientProtocolClient (GrpcClientProtocolClient.java:onNext(255)) - client-FC58CAF12498->aeb608e6-131f-44e0-aa35-97c12a2f72a3: receive RaftClientReply:client-FC58CAF12498->aeb608e6-131f-44e0-aa35-97c12a2f72a3@group-3F41E8AD953A, cid=1977, SUCCESS, logIndex=0, commits[aeb608e6-131f-44e0-aa35-97c12a2f72a3:c2873, b6a0d396-0e26-402b-ac58-4f0615a4fad6:c2871, 8b17640a-2548-4323-bd97-ba3488877b23:c2871]
2019-08-20 11:35:43,774 INFO  client.GrpcClientProtocolClient (GrpcClientProtocolClient.java:onNext(255)) - client-FC58CAF12498->aeb608e6-131f-44e0-aa35-97c12a2f72a3: receive RaftClientReply:client-FC58CAF12498->aeb608e6-131f-44e0-aa35-97c12a2f72a3@group-3F41E8AD953A, cid=1978, SUCCESS, logIndex=2874, commits[aeb608e6-131f-44e0-aa35-97c12a2f72a3:c2877, b6a0d396-0e26-402b-ac58-4f0615a4fad6:c2873, 8b17640a-2548-4323-bd97-ba3488877b23:c2873]
2019-08-20 11:35:43,774 INFO  client.GrpcClientProtocolClient (GrpcClientProtocolClient.java:onNext(255)) - client-FC58CAF12498->aeb608e6-131f-44e0-aa35-97c12a2f72a3: receive RaftClientReply:client-FC58CAF12498->aeb608e6-131f-44e0-aa35-97c12a2f72a3@group-3F41E8AD953A, cid=1979, SUCCESS, logIndex=2875, commits[aeb608e6-131f-44e0-aa35-97c12a2f72a3:c2877, b6a0d396-0e26-402b-ac58-4f0615a4fad6:c2873, 8b17640a-2548-4323-bd97-ba3488877b23:c2873]
2019-08-20 11:35:43,775 INFO  client.GrpcClientProtocolClient (GrpcClientProtocolClient.java:onNext(255)) - client-FC58CAF12498->aeb608e6-131f-44e0-aa35-97c12a2f72a3: receive RaftClientReply:client-FC58CAF12498->aeb608e6-131f-44e0-aa35-97c12a2f72a3@group-3F41E8AD953A, cid=1980, SUCCESS, logIndex=2876, commits[aeb608e6-131f-44e0-aa35-97c12a2f72a3:c2877, b6a0d396-0e26-402b-ac58-4f0615a4fad6:c2873, 8b17640a-2548-4323-bd97-ba3488877b23:c2873]
2019-08-20 11:35:43,775 INFO  client.GrpcClientProtocolClient (GrpcClientProtocolClient.java:onNext(255)) - client-FC58CAF12498->aeb608e6-131f-44e0-aa35-97c12a2f72a3: receive RaftClientReply:client-FC58CAF12498->aeb608e6-131f-44e0-aa35-97c12a2f72a3@group-3F41E8AD953A, cid=1981, SUCCESS, logIndex=2877, commits[aeb608e6-131f-44e0-aa35-97c12a2f72a3:c2877, b6a0d396-0e26-402b-ac58-4f0615a4fad6:c2873, 8b17640a-2548-4323-bd97-ba3488877b23:c2873]
2019-08-20 11:35:43,784 INFO  client.GrpcClientProtocolClient (GrpcClientProtocolClient.java:onNext(255)) - client-FC58CAF12498->aeb608e6-131f-44e0-aa35-97c12a2f72a3: receive RaftClientReply:client-FC58CAF12498->aeb608e6-131f-44e0-aa35-97c12a2f72a3@group-3F41E8AD953A, cid=1982, SUCCESS, logIndex=0, commits[aeb608e6-131f-44e0-aa35-97c12a2f72a3:c2878, b6a0d396-0e26-402b-ac58-4f0615a4fad6:c2875, 8b17640a-2548-4323-bd97-ba3488877b23:c2875]
2019-08-20 11:35:43,797 INFO  client.GrpcClientProtocolClient (GrpcClientProtocolClient.java:onNext(255)) - client-FC58CAF12498->aeb608e6-131f-44e0-aa35-97c12a2f72a3: receive RaftClientReply:client-FC58CAF12498->aeb608e6-131f-44e0-aa35-97c12a2f72a3@group-3F41E8AD953A, cid=1983, SUCCESS, logIndex=2882, commits[aeb608e6-131f-44e0-aa35-97c12a2f72a3:c2883, b6a0d396-0e26-402b-ac58-4f0615a4fad6:c2877, 8b17640a-2548-4323-bd97-ba3488877b23:c2878]
2019-08-20 11:35:43,797 INFO  client.GrpcClientProtocolClient (GrpcClientProtocolClient.java:onNext(255)) - client-FC58CAF12498->aeb608e6-131f-44e0-aa35-97c12a2f72a3: receive RaftClientReply:client-FC58CAF12498->aeb608e6-131f-44e0-aa35-97c12a2f72a3@group-3F41E8AD953A, cid=1984, SUCCESS, logIndex=2883, commits[aeb608e6-131f-44e0-aa35-97c12a2f72a3:c2883, b6a0d396-0e26-402b-ac58-4f0615a4fad6:c2878, 8b17640a-2548-4323-bd97-ba3488877b23:c2878]
2019-08-20 11:35:43,824 INFO  client.GrpcClientProtocolClient (GrpcClientProtocolClient.java:onNext(255)) - client-FC58CAF12498->aeb608e6-131f-44e0-aa35-97c12a2f72a3: receive RaftClientReply:client-FC58CAF12498->aeb608e6-131f-44e0-aa35-97c12a2f72a3@group-3F41E8AD953A, cid=1985, SUCCESS, logIndex=2886, commits[aeb608e6-131f-44e0-aa35-97c12a2f72a3:c2886, b6a0d396-0e26-402b-ac58-4f0615a4fad6:c2884, 8b17640a-2548-4323-bd97-ba3488877b23:c2884]
2019-08-20 11:35:43,825 INFO  client.GrpcClientProtocolClient (GrpcClientProtocolClient.java:onNext(255)) - client-FC58CAF12498->aeb608e6-131f-44e0-aa35-97c12a2f72a3: receive RaftClientReply:client-FC58CAF12498->aeb608e6-131f-44e0-aa35-97c12a2f72a3@group-3F41E8AD953A, cid=1986, SUCCESS, logIndex=2887, commits[aeb608e6-131f-44e0-aa35-97c12a2f72a3:c2887, b6a0d396-0e26-402b-ac58-4f0615a4fad6:c2884, 8b17640a-2548-4323-bd97-ba3488877b23:c2884]
2019-08-20 11:35:43,841 INFO  client.GrpcClientProtocolClient (GrpcClientProtocolClient.java:onNext(255)) - client-FC58CAF12498->aeb608e6-131f-44e0-aa35-97c12a2f72a3: receive RaftClientReply:client-FC58CAF12498->aeb608e6-131f-44e0-aa35-97c12a2f72a3@group-3F41E8AD953A, cid=1987, SUCCESS, logIndex=0, commits[aeb608e6-131f-44e0-aa35-97c12a2f72a3:c2889, b6a0d396-0e26-402b-ac58-4f0615a4fad6:c2887, 8b17640a-2548-4323-bd97-ba3488877b23:c2887]
2019-08-20 11:35:43,869 INFO  client.GrpcClientProtocolClient (GrpcClientProtocolClient.java:onNext(255)) - client-FC58CAF12498->aeb608e6-131f-44e0-aa35-97c12a2f72a3: receive RaftClientReply:client-FC58CAF12498->aeb608e6-131f-44e0-aa35-97c12a2f72a3@group-3F41E8AD953A, cid=1988, SUCCESS, logIndex=2890, commits[aeb608e6-131f-44e0-aa35-97c12a2f72a3:c2893, b6a0d396-0e26-402b-ac58-4f0615a4fad6:c2889, 8b17640a-2548-4323-bd97-ba3488877b23:c2889]
2019-08-20 11:35:43,869 INFO  client.GrpcClientProtocolClient (GrpcClientProtocolClient.java:onNext(255)) - client-FC58CAF12498->aeb608e6-131f-44e0-aa35-97c12a2f72a3: receive RaftClientReply:client-FC58CAF12498->aeb608e6-131f-44e0-aa35-97c12a2f72a3@group-3F41E8AD953A, cid=1989, SUCCESS, logIndex=2891, commits[aeb608e6-131f-44e0-aa35-97c12a2f72a3:c2893, b6a0d396-0e26-402b-ac58-4f0615a4fad6:c2889, 8b17640a-2548-4323-bd97-ba3488877b23:c2889]
2019-08-20 11:35:43,869 INFO  client.GrpcClientProtocolClient (GrpcClientProtocolClient.java:onNext(255)) - client-FC58CAF12498->aeb608e6-131f-44e0-aa35-97c12a2f72a3: receive RaftClientReply:client-FC58CAF12498->aeb608e6-131f-44e0-aa35-97c12a2f72a3@group-3F41E8AD953A, cid=1990, SUCCESS, logIndex=2892, commits[aeb608e6-131f-44e0-aa35-97c12a2f72a3:c2893, b6a0d396-0e26-402b-ac58-4f0615a4fad6:c2889, 8b17640a-2548-4323-bd97-ba3488877b23:c2889]
2019-08-20 11:35:43,869 INFO  client.GrpcClientProtocolClient (GrpcClientProtocolClient.java:onNext(255)) - client-FC58CAF12498->aeb608e6-131f-44e0-aa35-97c12a2f72a3: receive RaftClientReply:client-FC58CAF12498->aeb608e6-131f-44e0-aa35-97c12a2f72a3@group-3F41E8AD953A, cid=1991, SUCCESS, logIndex=2893, commits[aeb608e6-131f-44e0-aa35-97c12a2f72a3:c2893, b6a0d396-0e26-402b-ac58-4f0615a4fad6:c2889, 8b17640a-2548-4323-bd97-ba3488877b23:c2889]
2019-08-20 11:35:43,883 INFO  client.GrpcClientProtocolClient (GrpcClientProtocolClient.java:onNext(255)) - client-FC58CAF12498->aeb608e6-131f-44e0-aa35-97c12a2f72a3: receive RaftClientReply:client-FC58CAF12498->aeb608e6-131f-44e0-aa35-97c12a2f72a3@group-3F41E8AD953A, cid=1992, SUCCESS, logIndex=0, commits[aeb608e6-131f-44e0-aa35-97c12a2f72a3:c2895, b6a0d396-0e26-402b-ac58-4f0615a4fad6:c2892, 8b17640a-2548-4323-bd97-ba3488877b23:c2891]
2019-08-20 11:35:43,902 INFO  client.GrpcClientProtocolClient (GrpcClientProtocolClient.java:onNext(255)) - client-FC58CAF12498->aeb608e6-131f-44e0-aa35-97c12a2f72a3: receive RaftClientReply:client-FC58CAF12498->aeb608e6-131f-44e0-aa35-97c12a2f72a3@group-3F41E8AD953A, cid=1993, SUCCESS, logIndex=2898, commits[aeb608e6-131f-44e0-aa35-97c12a2f72a3:c2899, b6a0d396-0e26-402b-ac58-4f0615a4fad6:c2897, 8b17640a-2548-4323-bd97-ba3488877b23:c2897]
2019-08-20 11:35:43,903 INFO  client.GrpcClientProtocolClient (GrpcClientProtocolClient.java:onNext(255)) - client-FC58CAF12498->aeb608e6-131f-44e0-aa35-97c12a2f72a3: receive RaftClientReply:client-FC58CAF12498->aeb608e6-131f-44e0-aa35-97c12a2f72a3@group-3F41E8AD953A, cid=1994, SUCCESS, logIndex=2899, commits[aeb608e6-131f-44e0-aa35-97c12a2f72a3:c2899, b6a0d396-0e26-402b-ac58-4f0615a4fad6:c2897, 8b17640a-2548-4323-bd97-ba3488877b23:c2897]
2019-08-20 11:35:43,917 INFO  client.GrpcClientProtocolClient (GrpcClientProtocolClient.java:onNext(255)) - client-FC58CAF12498->aeb608e6-131f-44e0-aa35-97c12a2f72a3: receive RaftClientReply:client-FC58CAF12498->aeb608e6-131f-44e0-aa35-97c12a2f72a3@group-3F41E8AD953A, cid=1995, SUCCESS, logIndex=2902, commits[aeb608e6-131f-44e0-aa35-97c12a2f72a3:c2903, b6a0d396-0e26-402b-ac58-4f0615a4fad6:c2899, 8b17640a-2548-4323-bd97-ba3488877b23:c2899]
2019-08-20 11:35:43,917 INFO  client.GrpcClientProtocolClient (GrpcClientProtocolClient.java:onNext(255)) - client-FC58CAF12498->aeb608e6-131f-44e0-aa35-97c12a2f72a3: receive RaftClientReply:client-FC58CAF12498->aeb608e6-131f-44e0-aa35-97c12a2f72a3@group-3F41E8AD953A, cid=1996, SUCCESS, logIndex=2903, commits[aeb608e6-131f-44e0-aa35-97c12a2f72a3:c2903, b6a0d396-0e26-402b-ac58-4f0615a4fad6:c2899, 8b17640a-2548-4323-bd97-ba3488877b23:c2899]
2019-08-20 11:35:43,929 INFO  client.GrpcClientProtocolClient (GrpcClientProtocolClient.java:onNext(255)) - client-FC58CAF12498->aeb608e6-131f-44e0-aa35-97c12a2f72a3: receive RaftClientReply:client-FC58CAF12498->aeb608e6-131f-44e0-aa35-97c12a2f72a3@group-3F41E8AD953A, cid=1997, SUCCESS, logIndex=0, commits[aeb608e6-131f-44e0-aa35-97c12a2f72a3:c2904, b6a0d396-0e26-402b-ac58-4f0615a4fad6:c2903, 8b17640a-2548-4323-bd97-ba3488877b23:c2903]
2019-08-20 11:35:43,958 INFO  client.GrpcClientProtocolClient (GrpcClientProtocolClient.java:onNext(255)) - client-FC58CAF12498->aeb608e6-131f-44e0-aa35-97c12a2f72a3: receive RaftClientReply:client-FC58CAF12498->aeb608e6-131f-44e0-aa35-97c12a2f72a3@group-3F41E8AD953A, cid=1998, SUCCESS, logIndex=2906, commits[aeb608e6-131f-44e0-aa35-97c12a2f72a3:c2909, b6a0d396-0e26-402b-ac58-4f0615a4fad6:c2905, 8b17640a-2548-4323-bd97-ba3488877b23:c2905]
2019-08-20 11:35:43,959 INFO  client.GrpcClientProtocolClient (GrpcClientProtocolClient.java:onNext(255)) - client-FC58CAF12498->aeb608e6-131f-44e0-aa35-97c12a2f72a3: receive RaftClientReply:client-FC58CAF12498->aeb608e6-131f-44e0-aa35-97c12a2f72a3@group-3F41E8AD953A, cid=1999, SUCCESS, logIndex=2907, commits[aeb608e6-131f-44e0-aa35-97c12a2f72a3:c2909, b6a0d396-0e26-402b-ac58-4f0615a4fad6:c2905, 8b17640a-2548-4323-bd97-ba3488877b23:c2905]
2019-08-20 11:35:43,959 INFO  client.GrpcClientProtocolClient (GrpcClientProtocolClient.java:onNext(255)) - client-FC58CAF12498->aeb608e6-131f-44e0-aa35-97c12a2f72a3: receive RaftClientReply:client-FC58CAF12498->aeb608e6-131f-44e0-aa35-97c12a2f72a3@group-3F41E8AD953A, cid=2000, SUCCESS, logIndex=2908, commits[aeb608e6-131f-44e0-aa35-97c12a2f72a3:c2909, b6a0d396-0e26-402b-ac58-4f0615a4fad6:c2905, 8b17640a-2548-4323-bd97-ba3488877b23:c2905]
2019-08-20 11:35:43,959 INFO  client.GrpcClientProtocolClient (GrpcClientProtocolClient.java:onNext(255)) - client-FC58CAF12498->aeb608e6-131f-44e0-aa35-97c12a2f72a3: receive RaftClientReply:client-FC58CAF12498->aeb608e6-131f-44e0-aa35-97c12a2f72a3@group-3F41E8AD953A, cid=2001, SUCCESS, logIndex=2909, commits[aeb608e6-131f-44e0-aa35-97c12a2f72a3:c2909, b6a0d396-0e26-402b-ac58-4f0615a4fad6:c2905, 8b17640a-2548-4323-bd97-ba3488877b23:c2905]
2019-08-20 11:35:43,970 INFO  client.GrpcClientProtocolClient (GrpcClientProtocolClient.java:onNext(255)) - client-FC58CAF12498->aeb608e6-131f-44e0-aa35-97c12a2f72a3: receive RaftClientReply:client-FC58CAF12498->aeb608e6-131f-44e0-aa35-97c12a2f72a3@group-3F41E8AD953A, cid=2002, SUCCESS, logIndex=0, commits[aeb608e6-131f-44e0-aa35-97c12a2f72a3:c2910, b6a0d396-0e26-402b-ac58-4f0615a4fad6:c2907, 8b17640a-2548-4323-bd97-ba3488877b23:c2907]
2019-08-20 11:35:43,988 INFO  client.GrpcClientProtocolClient (GrpcClientProtocolClient.java:onNext(255)) - client-FC58CAF12498->aeb608e6-131f-44e0-aa35-97c12a2f72a3: receive RaftClientReply:client-FC58CAF12498->aeb608e6-131f-44e0-aa35-97c12a2f72a3@group-3F41E8AD953A, cid=2003, SUCCESS, logIndex=2914, commits[aeb608e6-131f-44e0-aa35-97c12a2f72a3:c2915, b6a0d396-0e26-402b-ac58-4f0615a4fad6:c2913, 8b17640a-2548-4323-bd97-ba3488877b23:c2913]
2019-08-20 11:35:43,989 INFO  client.GrpcClientProtocolClient (GrpcClientProtocolClient.java:onNext(255)) - client-FC58CAF12498->aeb608e6-131f-44e0-aa35-97c12a2f72a3: receive RaftClientReply:client-FC58CAF12498->aeb608e6-131f-44e0-aa35-97c12a2f72a3@group-3F41E8AD953A, cid=2004, SUCCESS, logIndex=2915, commits[aeb608e6-131f-44e0-aa35-97c12a2f72a3:c2915, b6a0d396-0e26-402b-ac58-4f0615a4fad6:c2913, 8b17640a-2548-4323-bd97-ba3488877b23:c2913]
2019-08-20 11:35:44,003 INFO  client.GrpcClientProtocolClient (GrpcClientProtocolClient.java:onNext(255)) - client-FC58CAF12498->aeb608e6-131f-44e0-aa35-97c12a2f72a3: receive RaftClientReply:client-FC58CAF12498->aeb608e6-131f-44e0-aa35-97c12a2f72a3@group-3F41E8AD953A, cid=2005, SUCCESS, logIndex=2918, commits[aeb608e6-131f-44e0-aa35-97c12a2f72a3:c2919, b6a0d396-0e26-402b-ac58-4f0615a4fad6:c2915, 8b17640a-2548-4323-bd97-ba3488877b23:c2915]
2019-08-20 11:35:44,003 INFO  client.GrpcClientProtocolClient (GrpcClientProtocolClient.java:onNext(255)) - client-FC58CAF12498->aeb608e6-131f-44e0-aa35-97c12a2f72a3: receive RaftClientReply:client-FC58CAF12498->aeb608e6-131f-44e0-aa35-97c12a2f72a3@group-3F41E8AD953A, cid=2006, SUCCESS, logIndex=2919, commits[aeb608e6-131f-44e0-aa35-97c12a2f72a3:c2919, b6a0d396-0e26-402b-ac58-4f0615a4fad6:c2915, 8b17640a-2548-4323-bd97-ba3488877b23:c2915]
2019-08-20 11:35:44,027 INFO  client.GrpcClientProtocolClient (GrpcClientProtocolClient.java:onNext(255)) - client-FC58CAF12498->aeb608e6-131f-44e0-aa35-97c12a2f72a3: receive RaftClientReply:client-FC58CAF12498->aeb608e6-131f-44e0-aa35-97c12a2f72a3@group-3F41E8AD953A, cid=2007, SUCCESS, logIndex=0, commits[aeb608e6-131f-44e0-aa35-97c12a2f72a3:c2920, b6a0d396-0e26-402b-ac58-4f0615a4fad6:c2919, 8b17640a-2548-4323-bd97-ba3488877b23:c2919]
2019-08-20 11:35:44,051 INFO  client.GrpcClientProtocolClient (GrpcClientProtocolClient.java:onNext(255)) - client-FC58CAF12498->aeb608e6-131f-44e0-aa35-97c12a2f72a3: receive RaftClientReply:client-FC58CAF12498->aeb608e6-131f-44e0-aa35-97c12a2f72a3@group-3F41E8AD953A, cid=2008, SUCCESS, logIndex=2922, commits[aeb608e6-131f-44e0-aa35-97c12a2f72a3:c2923, b6a0d396-0e26-402b-ac58-4f0615a4fad6:c2921, 8b17640a-2548-4323-bd97-ba3488877b23:c2921]
2019-08-20 11:35:44,051 INFO  client.GrpcClientProtocolClient (GrpcClientProtocolClient.java:onNext(255)) - client-FC58CAF12498->aeb608e6-131f-44e0-aa35-97c12a2f72a3: receive RaftClientReply:client-FC58CAF12498->aeb608e6-131f-44e0-aa35-97c12a2f72a3@group-3F41E8AD953A, cid=2009, SUCCESS, logIndex=2923, commits[aeb608e6-131f-44e0-aa35-97c12a2f72a3:c2925, b6a0d396-0e26-402b-ac58-4f0615a4fad6:c2921, 8b17640a-2548-4323-bd97-ba3488877b23:c2921]
2019-08-20 11:35:44,052 INFO  client.GrpcClientProtocolClient (GrpcClientProtocolClient.java:onNext(255)) - client-FC58CAF12498->aeb608e6-131f-44e0-aa35-97c12a2f72a3: receive RaftClientReply:client-FC58CAF12498->aeb608e6-131f-44e0-aa35-97c12a2f72a3@group-3F41E8AD953A, cid=2010, SUCCESS, logIndex=2924, commits[aeb608e6-131f-44e0-aa35-97c12a2f72a3:c2925, b6a0d396-0e26-402b-ac58-4f0615a4fad6:c2921, 8b17640a-2548-4323-bd97-ba3488877b23:c2921]
2019-08-20 11:35:44,052 INFO  client.GrpcClientProtocolClient (GrpcClientProtocolClient.java:onNext(255)) - client-FC58CAF12498->aeb608e6-131f-44e0-aa35-97c12a2f72a3: receive RaftClientReply:client-FC58CAF12498->aeb608e6-131f-44e0-aa35-97c12a2f72a3@group-3F41E8AD953A, cid=2011, SUCCESS, logIndex=2925, commits[aeb608e6-131f-44e0-aa35-97c12a2f72a3:c2925, b6a0d396-0e26-402b-ac58-4f0615a4fad6:c2921, 8b17640a-2548-4323-bd97-ba3488877b23:c2921]
2019-08-20 11:35:44,061 INFO  client.GrpcClientProtocolClient (GrpcClientProtocolClient.java:onNext(255)) - client-FC58CAF12498->aeb608e6-131f-44e0-aa35-97c12a2f72a3: receive RaftClientReply:client-FC58CAF12498->aeb608e6-131f-44e0-aa35-97c12a2f72a3@group-3F41E8AD953A, cid=2012, SUCCESS, logIndex=0, commits[aeb608e6-131f-44e0-aa35-97c12a2f72a3:c2926, b6a0d396-0e26-402b-ac58-4f0615a4fad6:c2923, 8b17640a-2548-4323-bd97-ba3488877b23:c2923]
2019-08-20 11:35:44,072 INFO  client.GrpcClientProtocolClient (GrpcClientProtocolClient.java:onNext(255)) - client-FC58CAF12498->aeb608e6-131f-44e0-aa35-97c12a2f72a3: receive RaftClientReply:client-FC58CAF12498->aeb608e6-131f-44e0-aa35-97c12a2f72a3@group-3F41E8AD953A, cid=2013, SUCCESS, logIndex=2929, commits[aeb608e6-131f-44e0-aa35-97c12a2f72a3:c2930, b6a0d396-0e26-402b-ac58-4f0615a4fad6:c2925, 8b17640a-2548-4323-bd97-ba3488877b23:c2926]
2019-08-20 11:35:44,072 INFO  client.GrpcClientProtocolClient (GrpcClientProtocolClient.java:onNext(255)) - client-FC58CAF12498->aeb608e6-131f-44e0-aa35-97c12a2f72a3: receive RaftClientReply:client-FC58CAF12498->aeb608e6-131f-44e0-aa35-97c12a2f72a3@group-3F41E8AD953A, cid=2014, SUCCESS, logIndex=2930, commits[aeb608e6-131f-44e0-aa35-97c12a2f72a3:c2930, b6a0d396-0e26-402b-ac58-4f0615a4fad6:c2925, 8b17640a-2548-4323-bd97-ba3488877b23:c2926]
2019-08-20 11:35:44,098 INFO  client.GrpcClientProtocolClient (GrpcClientProtocolClient.java:onNext(255)) - client-FC58CAF12498->aeb608e6-131f-44e0-aa35-97c12a2f72a3: receive RaftClientReply:client-FC58CAF12498->aeb608e6-131f-44e0-aa35-97c12a2f72a3@group-3F41E8AD953A, cid=2015, SUCCESS, logIndex=2932, commits[aeb608e6-131f-44e0-aa35-97c12a2f72a3:c2933, b6a0d396-0e26-402b-ac58-4f0615a4fad6:c2930, 8b17640a-2548-4323-bd97-ba3488877b23:c2930]
2019-08-20 11:35:44,098 INFO  client.GrpcClientProtocolClient (GrpcClientProtocolClient.java:onNext(255)) - client-FC58CAF12498->aeb608e6-131f-44e0-aa35-97c12a2f72a3: receive RaftClientReply:client-FC58CAF12498->aeb608e6-131f-44e0-aa35-97c12a2f72a3@group-3F41E8AD953A, cid=2016, SUCCESS, logIndex=2933, commits[aeb608e6-131f-44e0-aa35-97c12a2f72a3:c2933, b6a0d396-0e26-402b-ac58-4f0615a4fad6:c2930, 8b17640a-2548-4323-bd97-ba3488877b23:c2930]
2019-08-20 11:35:44,109 INFO  client.GrpcClientProtocolClient (GrpcClientProtocolClient.java:onNext(255)) - client-FC58CAF12498->aeb608e6-131f-44e0-aa35-97c12a2f72a3: receive RaftClientReply:client-FC58CAF12498->aeb608e6-131f-44e0-aa35-97c12a2f72a3@group-3F41E8AD953A, cid=2017, SUCCESS, logIndex=0, commits[aeb608e6-131f-44e0-aa35-97c12a2f72a3:c2933, b6a0d396-0e26-402b-ac58-4f0615a4fad6:c2933, 8b17640a-2548-4323-bd97-ba3488877b23:c2933]
2019-08-20 11:35:44,129 INFO  client.GrpcClientProtocolClient (GrpcClientProtocolClient.java:onNext(255)) - client-FC58CAF12498->aeb608e6-131f-44e0-aa35-97c12a2f72a3: receive RaftClientReply:client-FC58CAF12498->aeb608e6-131f-44e0-aa35-97c12a2f72a3@group-3F41E8AD953A, cid=2018, SUCCESS, logIndex=2936, commits[aeb608e6-131f-44e0-aa35-97c12a2f72a3:c2937, b6a0d396-0e26-402b-ac58-4f0615a4fad6:c2935, 8b17640a-2548-4323-bd97-ba3488877b23:c2935]
2019-08-20 11:35:44,130 INFO  client.GrpcClientProtocolClient (GrpcClientProtocolClient.java:onNext(255)) - client-FC58CAF12498->aeb608e6-131f-44e0-aa35-97c12a2f72a3: receive RaftClientReply:client-FC58CAF12498->aeb608e6-131f-44e0-aa35-97c12a2f72a3@group-3F41E8AD953A, cid=2019, SUCCESS, logIndex=2937, commits[aeb608e6-131f-44e0-aa35-97c12a2f72a3:c2939, b6a0d396-0e26-402b-ac58-4f0615a4fad6:c2935, 8b17640a-2548-4323-bd97-ba3488877b23:c2935]
2019-08-20 11:35:44,130 INFO  client.GrpcClientProtocolClient (GrpcClientProtocolClient.java:onNext(255)) - client-FC58CAF12498->aeb608e6-131f-44e0-aa35-97c12a2f72a3: receive RaftClientReply:client-FC58CAF12498->aeb608e6-131f-44e0-aa35-97c12a2f72a3@group-3F41E8AD953A, cid=2020, SUCCESS, logIndex=2938, commits[aeb608e6-131f-44e0-aa35-97c12a2f72a3:c2939, b6a0d396-0e26-402b-ac58-4f0615a4fad6:c2935, 8b17640a-2548-4323-bd97-ba3488877b23:c2935]
2019-08-20 11:35:44,130 INFO  client.GrpcClientProtocolClient (GrpcClientProtocolClient.java:onNext(255)) - client-FC58CAF12498->aeb608e6-131f-44e0-aa35-97c12a2f72a3: receive RaftClientReply:client-FC58CAF12498->aeb608e6-131f-44e0-aa35-97c12a2f72a3@group-3F41E8AD953A, cid=2021, SUCCESS, logIndex=2939, commits[aeb608e6-131f-44e0-aa35-97c12a2f72a3:c2939, b6a0d396-0e26-402b-ac58-4f0615a4fad6:c2935, 8b17640a-2548-4323-bd97-ba3488877b23:c2935]
2019-08-20 11:35:44,144 INFO  client.GrpcClientProtocolClient (GrpcClientProtocolClient.java:onNext(255)) - client-FC58CAF12498->aeb608e6-131f-44e0-aa35-97c12a2f72a3: receive RaftClientReply:client-FC58CAF12498->aeb608e6-131f-44e0-aa35-97c12a2f72a3@group-3F41E8AD953A, cid=2022, SUCCESS, logIndex=0, commits[aeb608e6-131f-44e0-aa35-97c12a2f72a3:c2941, b6a0d396-0e26-402b-ac58-4f0615a4fad6:c2937, 8b17640a-2548-4323-bd97-ba3488877b23:c2937]
2019-08-20 11:35:44,163 INFO  client.GrpcClientProtocolClient (GrpcClientProtocolClient.java:onNext(255)) - client-FC58CAF12498->aeb608e6-131f-44e0-aa35-97c12a2f72a3: receive RaftClientReply:client-FC58CAF12498->aeb608e6-131f-44e0-aa35-97c12a2f72a3@group-3F41E8AD953A, cid=2023, SUCCESS, logIndex=2944, commits[aeb608e6-131f-44e0-aa35-97c12a2f72a3:c2945, b6a0d396-0e26-402b-ac58-4f0615a4fad6:c2943, 8b17640a-2548-4323-bd97-ba3488877b23:c2943]
2019-08-20 11:35:44,163 INFO  client.GrpcClientProtocolClient (GrpcClientProtocolClient.java:onNext(255)) - client-FC58CAF12498->aeb608e6-131f-44e0-aa35-97c12a2f72a3: receive RaftClientReply:client-FC58CAF12498->aeb608e6-131f-44e0-aa35-97c12a2f72a3@group-3F41E8AD953A, cid=2024, SUCCESS, logIndex=2945, commits[aeb608e6-131f-44e0-aa35-97c12a2f72a3:c2945, b6a0d396-0e26-402b-ac58-4f0615a4fad6:c2943, 8b17640a-2548-4323-bd97-ba3488877b23:c2943]
2019-08-20 11:35:44,187 INFO  client.GrpcClientProtocolClient (GrpcClientProtocolClient.java:onNext(255)) - client-FC58CAF12498->aeb608e6-131f-44e0-aa35-97c12a2f72a3: receive RaftClientReply:client-FC58CAF12498->aeb608e6-131f-44e0-aa35-97c12a2f72a3@group-3F41E8AD953A, cid=2025, SUCCESS, logIndex=2948, commits[aeb608e6-131f-44e0-aa35-97c12a2f72a3:c2948, b6a0d396-0e26-402b-ac58-4f0615a4fad6:c2945, 8b17640a-2548-4323-bd97-ba3488877b23:c2945]
2019-08-20 11:35:44,188 INFO  client.GrpcClientProtocolClient (GrpcClientProtocolClient.java:onNext(255)) - client-FC58CAF12498->aeb608e6-131f-44e0-aa35-97c12a2f72a3: receive RaftClientReply:client-FC58CAF12498->aeb608e6-131f-44e0-aa35-97c12a2f72a3@group-3F41E8AD953A, cid=2026, SUCCESS, logIndex=2949, commits[aeb608e6-131f-44e0-aa35-97c12a2f72a3:c2949, b6a0d396-0e26-402b-ac58-4f0615a4fad6:c2945, 8b17640a-2548-4323-bd97-ba3488877b23:c2945]
2019-08-20 11:35:44,213 INFO  client.GrpcClientProtocolClient (GrpcClientProtocolClient.java:onNext(255)) - client-FC58CAF12498->aeb608e6-131f-44e0-aa35-97c12a2f72a3: receive RaftClientReply:client-FC58CAF12498->aeb608e6-131f-44e0-aa35-97c12a2f72a3@group-3F41E8AD953A, cid=2027, SUCCESS, logIndex=0, commits[aeb608e6-131f-44e0-aa35-97c12a2f72a3:c2951, b6a0d396-0e26-402b-ac58-4f0615a4fad6:c2949, 8b17640a-2548-4323-bd97-ba3488877b23:c2949]
2019-08-20 11:35:44,242 INFO  client.GrpcClientProtocolClient (GrpcClientProtocolClient.java:onNext(255)) - client-FC58CAF12498->aeb608e6-131f-44e0-aa35-97c12a2f72a3: receive RaftClientReply:client-FC58CAF12498->aeb608e6-131f-44e0-aa35-97c12a2f72a3@group-3F41E8AD953A, cid=2028, SUCCESS, logIndex=2952, commits[aeb608e6-131f-44e0-aa35-97c12a2f72a3:c2953, b6a0d396-0e26-402b-ac58-4f0615a4fad6:c2951, 8b17640a-2548-4323-bd97-ba3488877b23:c2951]
2019-08-20 11:35:44,242 INFO  client.GrpcClientProtocolClient (GrpcClientProtocolClient.java:onNext(255)) - client-FC58CAF12498->aeb608e6-131f-44e0-aa35-97c12a2f72a3: receive RaftClientReply:client-FC58CAF12498->aeb608e6-131f-44e0-aa35-97c12a2f72a3@group-3F41E8AD953A, cid=2029, SUCCESS, logIndex=2953, commits[aeb608e6-131f-44e0-aa35-97c12a2f72a3:c2953, b6a0d396-0e26-402b-ac58-4f0615a4fad6:c2951, 8b17640a-2548-4323-bd97-ba3488877b23:c2951]
2019-08-20 11:35:44,251 INFO  client.GrpcClientProtocolClient (GrpcClientProtocolClient.java:onNext(255)) - client-FC58CAF12498->aeb608e6-131f-44e0-aa35-97c12a2f72a3: receive RaftClientReply:client-FC58CAF12498->aeb608e6-131f-44e0-aa35-97c12a2f72a3@group-3F41E8AD953A, cid=2030, SUCCESS, logIndex=2954, commits[aeb608e6-131f-44e0-aa35-97c12a2f72a3:c2955, b6a0d396-0e26-402b-ac58-4f0615a4fad6:c2951, 8b17640a-2548-4323-bd97-ba3488877b23:c2951]
2019-08-20 11:35:44,251 INFO  client.GrpcClientProtocolClient (GrpcClientProtocolClient.java:onNext(255)) - client-FC58CAF12498->aeb608e6-131f-44e0-aa35-97c12a2f72a3: receive RaftClientReply:client-FC58CAF12498->aeb608e6-131f-44e0-aa35-97c12a2f72a3@group-3F41E8AD953A, cid=2031, SUCCESS, logIndex=2955, commits[aeb608e6-131f-44e0-aa35-97c12a2f72a3:c2955, b6a0d396-0e26-402b-ac58-4f0615a4fad6:c2951, 8b17640a-2548-4323-bd97-ba3488877b23:c2951]
2019-08-20 11:35:44,265 INFO  client.GrpcClientProtocolClient (GrpcClientProtocolClient.java:onNext(255)) - client-FC58CAF12498->aeb608e6-131f-44e0-aa35-97c12a2f72a3: receive RaftClientReply:client-FC58CAF12498->aeb608e6-131f-44e0-aa35-97c12a2f72a3@group-3F41E8AD953A, cid=2032, SUCCESS, logIndex=0, commits[aeb608e6-131f-44e0-aa35-97c12a2f72a3:c2958, b6a0d396-0e26-402b-ac58-4f0615a4fad6:c2953, 8b17640a-2548-4323-bd97-ba3488877b23:c2953]
2019-08-20 11:35:44,284 INFO  client.GrpcClientProtocolClient (GrpcClientProtocolClient.java:onNext(255)) - client-FC58CAF12498->aeb608e6-131f-44e0-aa35-97c12a2f72a3: receive RaftClientReply:client-FC58CAF12498->aeb608e6-131f-44e0-aa35-97c12a2f72a3@group-3F41E8AD953A, cid=2033, SUCCESS, logIndex=2960, commits[aeb608e6-131f-44e0-aa35-97c12a2f72a3:c2961, b6a0d396-0e26-402b-ac58-4f0615a4fad6:c2959, 8b17640a-2548-4323-bd97-ba3488877b23:c2959]
2019-08-20 11:35:44,284 INFO  client.GrpcClientProtocolClient (GrpcClientProtocolClient.java:onNext(255)) - client-FC58CAF12498->aeb608e6-131f-44e0-aa35-97c12a2f72a3: receive RaftClientReply:client-FC58CAF12498->aeb608e6-131f-44e0-aa35-97c12a2f72a3@group-3F41E8AD953A, cid=2034, SUCCESS, logIndex=2961, commits[aeb608e6-131f-44e0-aa35-97c12a2f72a3:c2961, b6a0d396-0e26-402b-ac58-4f0615a4fad6:c2959, 8b17640a-2548-4323-bd97-ba3488877b23:c2959]
2019-08-20 11:35:44,297 INFO  client.GrpcClientProtocolClient (GrpcClientProtocolClient.java:onNext(255)) - client-FC58CAF12498->aeb608e6-131f-44e0-aa35-97c12a2f72a3: receive RaftClientReply:client-FC58CAF12498->aeb608e6-131f-44e0-aa35-97c12a2f72a3@group-3F41E8AD953A, cid=2035, SUCCESS, logIndex=2964, commits[aeb608e6-131f-44e0-aa35-97c12a2f72a3:c2965, b6a0d396-0e26-402b-ac58-4f0615a4fad6:c2961, 8b17640a-2548-4323-bd97-ba3488877b23:c2961]
2019-08-20 11:35:44,298 INFO  client.GrpcClientProtocolClient (GrpcClientProtocolClient.java:onNext(255)) - client-FC58CAF12498->aeb608e6-131f-44e0-aa35-97c12a2f72a3: receive RaftClientReply:client-FC58CAF12498->aeb608e6-131f-44e0-aa35-97c12a2f72a3@group-3F41E8AD953A, cid=2036, SUCCESS, logIndex=2965, commits[aeb608e6-131f-44e0-aa35-97c12a2f72a3:c2965, b6a0d396-0e26-402b-ac58-4f0615a4fad6:c2961, 8b17640a-2548-4323-bd97-ba3488877b23:c2961]
2019-08-20 11:35:44,332 INFO  client.GrpcClientProtocolClient (GrpcClientProtocolClient.java:onNext(255)) - client-FC58CAF12498->aeb608e6-131f-44e0-aa35-97c12a2f72a3: receive RaftClientReply:client-FC58CAF12498->aeb608e6-131f-44e0-aa35-97c12a2f72a3@group-3F41E8AD953A, cid=2037, SUCCESS, logIndex=0, commits[aeb608e6-131f-44e0-aa35-97c12a2f72a3:c2967, b6a0d396-0e26-402b-ac58-4f0615a4fad6:c2965, 8b17640a-2548-4323-bd97-ba3488877b23:c2965]
2019-08-20 11:35:44,359 INFO  client.GrpcClientProtocolClient (GrpcClientProtocolClient.java:onNext(255)) - client-FC58CAF12498->aeb608e6-131f-44e0-aa35-97c12a2f72a3: receive RaftClientReply:client-FC58CAF12498->aeb608e6-131f-44e0-aa35-97c12a2f72a3@group-3F41E8AD953A, cid=2038, SUCCESS, logIndex=2968, commits[aeb608e6-131f-44e0-aa35-97c12a2f72a3:c2969, b6a0d396-0e26-402b-ac58-4f0615a4fad6:c2967, 8b17640a-2548-4323-bd97-ba3488877b23:c2967]
2019-08-20 11:35:44,360 INFO  client.GrpcClientProtocolClient (GrpcClientProtocolClient.java:onNext(255)) - client-FC58CAF12498->aeb608e6-131f-44e0-aa35-97c12a2f72a3: receive RaftClientReply:client-FC58CAF12498->aeb608e6-131f-44e0-aa35-97c12a2f72a3@group-3F41E8AD953A, cid=2039, SUCCESS, logIndex=2969, commits[aeb608e6-131f-44e0-aa35-97c12a2f72a3:c2970, b6a0d396-0e26-402b-ac58-4f0615a4fad6:c2967, 8b17640a-2548-4323-bd97-ba3488877b23:c2967]
2019-08-20 11:35:44,360 INFO  client.GrpcClientProtocolClient (GrpcClientProtocolClient.java:onNext(255)) - client-FC58CAF12498->aeb608e6-131f-44e0-aa35-97c12a2f72a3: receive RaftClientReply:client-FC58CAF12498->aeb608e6-131f-44e0-aa35-97c12a2f72a3@group-3F41E8AD953A, cid=2040, SUCCESS, logIndex=2970, commits[aeb608e6-131f-44e0-aa35-97c12a2f72a3:c2971, b6a0d396-0e26-402b-ac58-4f0615a4fad6:c2967, 8b17640a-2548-4323-bd97-ba3488877b23:c2967]
2019-08-20 11:35:44,360 INFO  client.GrpcClientProtocolClient (GrpcClientProtocolClient.java:onNext(255)) - client-FC58CAF12498->aeb608e6-131f-44e0-aa35-97c12a2f72a3: receive RaftClientReply:client-FC58CAF12498->aeb608e6-131f-44e0-aa35-97c12a2f72a3@group-3F41E8AD953A, cid=2041, SUCCESS, logIndex=2971, commits[aeb608e6-131f-44e0-aa35-97c12a2f72a3:c2971, b6a0d396-0e26-402b-ac58-4f0615a4fad6:c2967, 8b17640a-2548-4323-bd97-ba3488877b23:c2967]
2019-08-20 11:35:44,362 INFO  client.GrpcClientProtocolClient (GrpcClientProtocolClient.java:onNext(255)) - client-FC58CAF12498->aeb608e6-131f-44e0-aa35-97c12a2f72a3: receive RaftClientReply:client-FC58CAF12498->aeb608e6-131f-44e0-aa35-97c12a2f72a3@group-3F41E8AD953A, cid=2042, SUCCESS, logIndex=0, commits[aeb608e6-131f-44e0-aa35-97c12a2f72a3:c2974, b6a0d396-0e26-402b-ac58-4f0615a4fad6:c2970, 8b17640a-2548-4323-bd97-ba3488877b23:c2969]
 0.00% |█                                                                                                    |  0/1 Time: 0:00:182019-08-20 11:35:44,386 INFO  client.GrpcClientProtocolClient (GrpcClientProtocolClient.java:onNext(255)) - client-FC58CAF12498->aeb608e6-131f-44e0-aa35-97c12a2f72a3: receive RaftClientReply:client-FC58CAF12498->aeb608e6-131f-44e0-aa35-97c12a2f72a3@group-3F41E8AD953A, cid=2043, SUCCESS, logIndex=2976, commits[aeb608e6-131f-44e0-aa35-97c12a2f72a3:c2977, b6a0d396-0e26-402b-ac58-4f0615a4fad6:c2974, 8b17640a-2548-4323-bd97-ba3488877b23:c2971]
2019-08-20 11:35:44,387 INFO  client.GrpcClientProtocolClient (GrpcClientProtocolClient.java:onNext(255)) - client-FC58CAF12498->aeb608e6-131f-44e0-aa35-97c12a2f72a3: receive RaftClientReply:client-FC58CAF12498->aeb608e6-131f-44e0-aa35-97c12a2f72a3@group-3F41E8AD953A, cid=2044, SUCCESS, logIndex=2977, commits[aeb608e6-131f-44e0-aa35-97c12a2f72a3:c2977, b6a0d396-0e26-402b-ac58-4f0615a4fad6:c2974, 8b17640a-2548-4323-bd97-ba3488877b23:c2974]
2019-08-20 11:35:44,408 INFO  client.GrpcClientProtocolClient (GrpcClientProtocolClient.java:onNext(255)) - client-FC58CAF12498->aeb608e6-131f-44e0-aa35-97c12a2f72a3: receive RaftClientReply:client-FC58CAF12498->aeb608e6-131f-44e0-aa35-97c12a2f72a3@group-3F41E8AD953A, cid=2045, SUCCESS, logIndex=2980, commits[aeb608e6-131f-44e0-aa35-97c12a2f72a3:c2981, b6a0d396-0e26-402b-ac58-4f0615a4fad6:c2977, 8b17640a-2548-4323-bd97-ba3488877b23:c2977]
2019-08-20 11:35:44,409 INFO  client.GrpcClientProtocolClient (GrpcClientProtocolClient.java:onNext(255)) - client-FC58CAF12498->aeb608e6-131f-44e0-aa35-97c12a2f72a3: receive RaftClientReply:client-FC58CAF12498->aeb608e6-131f-44e0-aa35-97c12a2f72a3@group-3F41E8AD953A, cid=2046, SUCCESS, logIndex=2981, commits[aeb608e6-131f-44e0-aa35-97c12a2f72a3:c2981, b6a0d396-0e26-402b-ac58-4f0615a4fad6:c2977, 8b17640a-2548-4323-bd97-ba3488877b23:c2977]
2019-08-20 11:35:44,423 INFO  client.GrpcClientProtocolClient (GrpcClientProtocolClient.java:onNext(255)) - client-FC58CAF12498->aeb608e6-131f-44e0-aa35-97c12a2f72a3: receive RaftClientReply:client-FC58CAF12498->aeb608e6-131f-44e0-aa35-97c12a2f72a3@group-3F41E8AD953A, cid=2047, SUCCESS, logIndex=0, commits[aeb608e6-131f-44e0-aa35-97c12a2f72a3:c2983, b6a0d396-0e26-402b-ac58-4f0615a4fad6:c2981, 8b17640a-2548-4323-bd97-ba3488877b23:c2981]
2019-08-20 11:35:44,450 INFO  client.GrpcClientProtocolClient (GrpcClientProtocolClient.java:onNext(255)) - client-FC58CAF12498->aeb608e6-131f-44e0-aa35-97c12a2f72a3: receive RaftClientReply:client-FC58CAF12498->aeb608e6-131f-44e0-aa35-97c12a2f72a3@group-3F41E8AD953A, cid=2048, SUCCESS, logIndex=2984, commits[aeb608e6-131f-44e0-aa35-97c12a2f72a3:c2985, b6a0d396-0e26-402b-ac58-4f0615a4fad6:c2983, 8b17640a-2548-4323-bd97-ba3488877b23:c2983]
2019-08-20 11:35:44,451 INFO  client.GrpcClientProtocolClient (GrpcClientProtocolClient.java:onNext(255)) - client-FC58CAF12498->aeb608e6-131f-44e0-aa35-97c12a2f72a3: receive RaftClientReply:client-FC58CAF12498->aeb608e6-131f-44e0-aa35-97c12a2f72a3@group-3F41E8AD953A, cid=2049, SUCCESS, logIndex=2985, commits[aeb608e6-131f-44e0-aa35-97c12a2f72a3:c2985, b6a0d396-0e26-402b-ac58-4f0615a4fad6:c2983, 8b17640a-2548-4323-bd97-ba3488877b23:c2983]
2019-08-20 11:35:44,451 INFO  client.GrpcClientProtocolClient (GrpcClientProtocolClient.java:onNext(255)) - client-FC58CAF12498->aeb608e6-131f-44e0-aa35-97c12a2f72a3: receive RaftClientReply:client-FC58CAF12498->aeb608e6-131f-44e0-aa35-97c12a2f72a3@group-3F41E8AD953A, cid=2050, SUCCESS, logIndex=2986, commits[aeb608e6-131f-44e0-aa35-97c12a2f72a3:c2986, b6a0d396-0e26-402b-ac58-4f0615a4fad6:c2983, 8b17640a-2548-4323-bd97-ba3488877b23:c2983]
2019-08-20 11:35:44,452 INFO  client.GrpcClientProtocolClient (GrpcClientProtocolClient.java:onNext(255)) - client-FC58CAF12498->aeb608e6-131f-44e0-aa35-97c12a2f72a3: receive RaftClientReply:client-FC58CAF12498->aeb608e6-131f-44e0-aa35-97c12a2f72a3@group-3F41E8AD953A, cid=2051, SUCCESS, logIndex=2987, commits[aeb608e6-131f-44e0-aa35-97c12a2f72a3:c2987, b6a0d396-0e26-402b-ac58-4f0615a4fad6:c2983, 8b17640a-2548-4323-bd97-ba3488877b23:c2983]
2019-08-20 11:35:44,454 INFO  client.GrpcClientProtocolClient (GrpcClientProtocolClient.java:onNext(255)) - client-FC58CAF12498->aeb608e6-131f-44e0-aa35-97c12a2f72a3: receive RaftClientReply:client-FC58CAF12498->aeb608e6-131f-44e0-aa35-97c12a2f72a3@group-3F41E8AD953A, cid=2052, SUCCESS, logIndex=0, commits[aeb608e6-131f-44e0-aa35-97c12a2f72a3:c2989, b6a0d396-0e26-402b-ac58-4f0615a4fad6:c2985, 8b17640a-2548-4323-bd97-ba3488877b23:c2985]
2019-08-20 11:35:44,468 INFO  client.GrpcClientProtocolClient (GrpcClientProtocolClient.java:onNext(255)) - client-FC58CAF12498->aeb608e6-131f-44e0-aa35-97c12a2f72a3: receive RaftClientReply:client-FC58CAF12498->aeb608e6-131f-44e0-aa35-97c12a2f72a3@group-3F41E8AD953A, cid=2053, SUCCESS, logIndex=2992, commits[aeb608e6-131f-44e0-aa35-97c12a2f72a3:c2993, b6a0d396-0e26-402b-ac58-4f0615a4fad6:c2987, 8b17640a-2548-4323-bd97-ba3488877b23:c2989]
2019-08-20 11:35:44,469 INFO  client.GrpcClientProtocolClient (GrpcClientProtocolClient.java:onNext(255)) - client-FC58CAF12498->aeb608e6-131f-44e0-aa35-97c12a2f72a3: receive RaftClientReply:client-FC58CAF12498->aeb608e6-131f-44e0-aa35-97c12a2f72a3@group-3F41E8AD953A, cid=2054, SUCCESS, logIndex=2993, commits[aeb608e6-131f-44e0-aa35-97c12a2f72a3:c2993, b6a0d396-0e26-402b-ac58-4f0615a4fad6:c2989, 8b17640a-2548-4323-bd97-ba3488877b23:c2989]
2019-08-20 11:35:44,483 INFO  client.GrpcClientProtocolClient (GrpcClientProtocolClient.java:onNext(255)) - client-FC58CAF12498->aeb608e6-131f-44e0-aa35-97c12a2f72a3: receive RaftClientReply:client-FC58CAF12498->aeb608e6-131f-44e0-aa35-97c12a2f72a3@group-3F41E8AD953A, cid=2055, SUCCESS, logIndex=2995, commits[aeb608e6-131f-44e0-aa35-97c12a2f72a3:c2996, b6a0d396-0e26-402b-ac58-4f0615a4fad6:c2993, 8b17640a-2548-4323-bd97-ba3488877b23:c2993]
2019-08-20 11:35:44,483 INFO  client.GrpcClientProtocolClient (GrpcClientProtocolClient.java:onNext(255)) - client-FC58CAF12498->aeb608e6-131f-44e0-aa35-97c12a2f72a3: receive RaftClientReply:client-FC58CAF12498->aeb608e6-131f-44e0-aa35-97c12a2f72a3@group-3F41E8AD953A, cid=2056, SUCCESS, logIndex=2996, commits[aeb608e6-131f-44e0-aa35-97c12a2f72a3:c2996, b6a0d396-0e26-402b-ac58-4f0615a4fad6:c2993, 8b17640a-2548-4323-bd97-ba3488877b23:c2993]
2019-08-20 11:35:44,497 INFO  client.GrpcClientProtocolClient (GrpcClientProtocolClient.java:onNext(255)) - client-FC58CAF12498->aeb608e6-131f-44e0-aa35-97c12a2f72a3: receive RaftClientReply:client-FC58CAF12498->aeb608e6-131f-44e0-aa35-97c12a2f72a3@group-3F41E8AD953A, cid=2057, SUCCESS, logIndex=0, commits[aeb608e6-131f-44e0-aa35-97c12a2f72a3:c2998, b6a0d396-0e26-402b-ac58-4f0615a4fad6:c2996, 8b17640a-2548-4323-bd97-ba3488877b23:c2996]
2019-08-20 11:35:44,532 INFO  client.GrpcClientProtocolClient (GrpcClientProtocolClient.java:onNext(255)) - client-FC58CAF12498->aeb608e6-131f-44e0-aa35-97c12a2f72a3: receive RaftClientReply:client-FC58CAF12498->aeb608e6-131f-44e0-aa35-97c12a2f72a3@group-3F41E8AD953A, cid=2058, SUCCESS, logIndex=2999, commits[aeb608e6-131f-44e0-aa35-97c12a2f72a3:c3002, b6a0d396-0e26-402b-ac58-4f0615a4fad6:c2998, 8b17640a-2548-4323-bd97-ba3488877b23:c2998]
2019-08-20 11:35:44,533 INFO  client.GrpcClientProtocolClient (GrpcClientProtocolClient.java:onNext(255)) - client-FC58CAF12498->aeb608e6-131f-44e0-aa35-97c12a2f72a3: receive RaftClientReply:client-FC58CAF12498->aeb608e6-131f-44e0-aa35-97c12a2f72a3@group-3F41E8AD953A, cid=2059, SUCCESS, logIndex=3000, commits[aeb608e6-131f-44e0-aa35-97c12a2f72a3:c3002, b6a0d396-0e26-402b-ac58-4f0615a4fad6:c2998, 8b17640a-2548-4323-bd97-ba3488877b23:c2998]
2019-08-20 11:35:44,533 INFO  client.GrpcClientProtocolClient (GrpcClientProtocolClient.java:onNext(255)) - client-FC58CAF12498->aeb608e6-131f-44e0-aa35-97c12a2f72a3: receive RaftClientReply:client-FC58CAF12498->aeb608e6-131f-44e0-aa35-97c12a2f72a3@group-3F41E8AD953A, cid=2060, SUCCESS, logIndex=3001, commits[aeb608e6-131f-44e0-aa35-97c12a2f72a3:c3002, b6a0d396-0e26-402b-ac58-4f0615a4fad6:c2998, 8b17640a-2548-4323-bd97-ba3488877b23:c2998]
2019-08-20 11:35:44,533 INFO  client.GrpcClientProtocolClient (GrpcClientProtocolClient.java:onNext(255)) - client-FC58CAF12498->aeb608e6-131f-44e0-aa35-97c12a2f72a3: receive RaftClientReply:client-FC58CAF12498->aeb608e6-131f-44e0-aa35-97c12a2f72a3@group-3F41E8AD953A, cid=2061, SUCCESS, logIndex=3002, commits[aeb608e6-131f-44e0-aa35-97c12a2f72a3:c3002, b6a0d396-0e26-402b-ac58-4f0615a4fad6:c2998, 8b17640a-2548-4323-bd97-ba3488877b23:c2998]
2019-08-20 11:35:44,536 INFO  client.GrpcClientProtocolClient (GrpcClientProtocolClient.java:onNext(255)) - client-FC58CAF12498->aeb608e6-131f-44e0-aa35-97c12a2f72a3: receive RaftClientReply:client-FC58CAF12498->aeb608e6-131f-44e0-aa35-97c12a2f72a3@group-3F41E8AD953A, cid=2062, SUCCESS, logIndex=0, commits[aeb608e6-131f-44e0-aa35-97c12a2f72a3:c3004, b6a0d396-0e26-402b-ac58-4f0615a4fad6:c3001, 8b17640a-2548-4323-bd97-ba3488877b23:c3001]
2019-08-20 11:35:44,554 INFO  client.GrpcClientProtocolClient (GrpcClientProtocolClient.java:onNext(255)) - client-FC58CAF12498->aeb608e6-131f-44e0-aa35-97c12a2f72a3: receive RaftClientReply:client-FC58CAF12498->aeb608e6-131f-44e0-aa35-97c12a2f72a3@group-3F41E8AD953A, cid=2063, SUCCESS, logIndex=3006, commits[aeb608e6-131f-44e0-aa35-97c12a2f72a3:c3007, b6a0d396-0e26-402b-ac58-4f0615a4fad6:c3005, 8b17640a-2548-4323-bd97-ba3488877b23:c3005]
2019-08-20 11:35:44,554 INFO  client.GrpcClientProtocolClient (GrpcClientProtocolClient.java:onNext(255)) - client-FC58CAF12498->aeb608e6-131f-44e0-aa35-97c12a2f72a3: receive RaftClientReply:client-FC58CAF12498->aeb608e6-131f-44e0-aa35-97c12a2f72a3@group-3F41E8AD953A, cid=2064, SUCCESS, logIndex=3007, commits[aeb608e6-131f-44e0-aa35-97c12a2f72a3:c3007, b6a0d396-0e26-402b-ac58-4f0615a4fad6:c3005, 8b17640a-2548-4323-bd97-ba3488877b23:c3005]
2019-08-20 11:35:45,210 INFO  client.GrpcClientProtocolClient (GrpcClientProtocolClient.java:onNext(255)) - client-FC58CAF12498->aeb608e6-131f-44e0-aa35-97c12a2f72a3: receive RaftClientReply:client-FC58CAF12498->aeb608e6-131f-44e0-aa35-97c12a2f72a3@group-3F41E8AD953A, cid=2065, SUCCESS, logIndex=3010, commits[aeb608e6-131f-44e0-aa35-97c12a2f72a3:c3010, b6a0d396-0e26-402b-ac58-4f0615a4fad6:c3008, 8b17640a-2548-4323-bd97-ba3488877b23:c3008]
2019-08-20 11:35:45,211 INFO  client.GrpcClientProtocolClient (GrpcClientProtocolClient.java:onNext(255)) - client-FC58CAF12498->aeb608e6-131f-44e0-aa35-97c12a2f72a3: receive RaftClientReply:client-FC58CAF12498->aeb608e6-131f-44e0-aa35-97c12a2f72a3@group-3F41E8AD953A, cid=2066, SUCCESS, logIndex=3011, commits[aeb608e6-131f-44e0-aa35-97c12a2f72a3:c3011, b6a0d396-0e26-402b-ac58-4f0615a4fad6:c3008, 8b17640a-2548-4323-bd97-ba3488877b23:c3008]
2019-08-20 11:35:45,224 INFO  client.GrpcClientProtocolClient (GrpcClientProtocolClient.java:onNext(255)) - client-FC58CAF12498->aeb608e6-131f-44e0-aa35-97c12a2f72a3: receive RaftClientReply:client-FC58CAF12498->aeb608e6-131f-44e0-aa35-97c12a2f72a3@group-3F41E8AD953A, cid=2067, SUCCESS, logIndex=0, commits[aeb608e6-131f-44e0-aa35-97c12a2f72a3:c3013, b6a0d396-0e26-402b-ac58-4f0615a4fad6:c3011, 8b17640a-2548-4323-bd97-ba3488877b23:c3011]
2019-08-20 11:35:45,260 INFO  client.GrpcClientProtocolClient (GrpcClientProtocolClient.java:onNext(255)) - client-FC58CAF12498->aeb608e6-131f-44e0-aa35-97c12a2f72a3: receive RaftClientReply:client-FC58CAF12498->aeb608e6-131f-44e0-aa35-97c12a2f72a3@group-3F41E8AD953A, cid=2068, SUCCESS, logIndex=3014, commits[aeb608e6-131f-44e0-aa35-97c12a2f72a3:c3017, b6a0d396-0e26-402b-ac58-4f0615a4fad6:c3013, 8b17640a-2548-4323-bd97-ba3488877b23:c3013]
2019-08-20 11:35:45,260 INFO  client.GrpcClientProtocolClient (GrpcClientProtocolClient.java:onNext(255)) - client-FC58CAF12498->aeb608e6-131f-44e0-aa35-97c12a2f72a3: receive RaftClientReply:client-FC58CAF12498->aeb608e6-131f-44e0-aa35-97c12a2f72a3@group-3F41E8AD953A, cid=2069, SUCCESS, logIndex=3015, commits[aeb608e6-131f-44e0-aa35-97c12a2f72a3:c3017, b6a0d396-0e26-402b-ac58-4f0615a4fad6:c3013, 8b17640a-2548-4323-bd97-ba3488877b23:c3013]
2019-08-20 11:35:45,261 INFO  client.GrpcClientProtocolClient (GrpcClientProtocolClient.java:onNext(255)) - client-FC58CAF12498->aeb608e6-131f-44e0-aa35-97c12a2f72a3: receive RaftClientReply:client-FC58CAF12498->aeb608e6-131f-44e0-aa35-97c12a2f72a3@group-3F41E8AD953A, cid=2070, SUCCESS, logIndex=3016, commits[aeb608e6-131f-44e0-aa35-97c12a2f72a3:c3017, b6a0d396-0e26-402b-ac58-4f0615a4fad6:c3013, 8b17640a-2548-4323-bd97-ba3488877b23:c3013]
2019-08-20 11:35:45,261 INFO  client.GrpcClientProtocolClient (GrpcClientProtocolClient.java:onNext(255)) - client-FC58CAF12498->aeb608e6-131f-44e0-aa35-97c12a2f72a3: receive RaftClientReply:client-FC58CAF12498->aeb608e6-131f-44e0-aa35-97c12a2f72a3@group-3F41E8AD953A, cid=2071, SUCCESS, logIndex=3017, commits[aeb608e6-131f-44e0-aa35-97c12a2f72a3:c3017, b6a0d396-0e26-402b-ac58-4f0615a4fad6:c3013, 8b17640a-2548-4323-bd97-ba3488877b23:c3013]
2019-08-20 11:35:45,280 INFO  client.GrpcClientProtocolClient (GrpcClientProtocolClient.java:onNext(255)) - client-FC58CAF12498->aeb608e6-131f-44e0-aa35-97c12a2f72a3: receive RaftClientReply:client-FC58CAF12498->aeb608e6-131f-44e0-aa35-97c12a2f72a3@group-3F41E8AD953A, cid=2072, SUCCESS, logIndex=0, commits[aeb608e6-131f-44e0-aa35-97c12a2f72a3:c3018, b6a0d396-0e26-402b-ac58-4f0615a4fad6:c3017, 8b17640a-2548-4323-bd97-ba3488877b23:c3017]
2019-08-20 11:35:45,300 INFO  client.GrpcClientProtocolClient (GrpcClientProtocolClient.java:onNext(255)) - client-FC58CAF12498->aeb608e6-131f-44e0-aa35-97c12a2f72a3: receive RaftClientReply:client-FC58CAF12498->aeb608e6-131f-44e0-aa35-97c12a2f72a3@group-3F41E8AD953A, cid=2073, SUCCESS, logIndex=3020, commits[aeb608e6-131f-44e0-aa35-97c12a2f72a3:c3021, b6a0d396-0e26-402b-ac58-4f0615a4fad6:c3019, 8b17640a-2548-4323-bd97-ba3488877b23:c3019]
2019-08-20 11:35:45,300 INFO  client.GrpcClientProtocolClient (GrpcClientProtocolClient.java:onNext(255)) - client-FC58CAF12498->aeb608e6-131f-44e0-aa35-97c12a2f72a3: receive RaftClientReply:client-FC58CAF12498->aeb608e6-131f-44e0-aa35-97c12a2f72a3@group-3F41E8AD953A, cid=2074, SUCCESS, logIndex=3021, commits[aeb608e6-131f-44e0-aa35-97c12a2f72a3:c3021, b6a0d396-0e26-402b-ac58-4f0615a4fad6:c3019, 8b17640a-2548-4323-bd97-ba3488877b23:c3019]
2019-08-20 11:35:45,315 INFO  client.GrpcClientProtocolClient (GrpcClientProtocolClient.java:onNext(255)) - client-FC58CAF12498->aeb608e6-131f-44e0-aa35-97c12a2f72a3: receive RaftClientReply:client-FC58CAF12498->aeb608e6-131f-44e0-aa35-97c12a2f72a3@group-3F41E8AD953A, cid=2075, SUCCESS, logIndex=3024, commits[aeb608e6-131f-44e0-aa35-97c12a2f72a3:c3024, b6a0d396-0e26-402b-ac58-4f0615a4fad6:c3021, 8b17640a-2548-4323-bd97-ba3488877b23:c3021]
2019-08-20 11:35:45,316 INFO  client.GrpcClientProtocolClient (GrpcClientProtocolClient.java:onNext(255)) - client-FC58CAF12498->aeb608e6-131f-44e0-aa35-97c12a2f72a3: receive RaftClientReply:client-FC58CAF12498->aeb608e6-131f-44e0-aa35-97c12a2f72a3@group-3F41E8AD953A, cid=2076, SUCCESS, logIndex=3025, commits[aeb608e6-131f-44e0-aa35-97c12a2f72a3:c3025, b6a0d396-0e26-402b-ac58-4f0615a4fad6:c3021, 8b17640a-2548-4323-bd97-ba3488877b23:c3021]
2019-08-20 11:35:45,339 INFO  client.GrpcClientProtocolClient (GrpcClientProtocolClient.java:onNext(255)) - client-FC58CAF12498->aeb608e6-131f-44e0-aa35-97c12a2f72a3: receive RaftClientReply:client-FC58CAF12498->aeb608e6-131f-44e0-aa35-97c12a2f72a3@group-3F41E8AD953A, cid=2077, SUCCESS, logIndex=0, commits[aeb608e6-131f-44e0-aa35-97c12a2f72a3:c3027, b6a0d396-0e26-402b-ac58-4f0615a4fad6:c3025, 8b17640a-2548-4323-bd97-ba3488877b23:c3025]
2019-08-20 11:35:45,376 INFO  client.GrpcClientProtocolClient (GrpcClientProtocolClient.java:onNext(255)) - client-FC58CAF12498->aeb608e6-131f-44e0-aa35-97c12a2f72a3: receive RaftClientReply:client-FC58CAF12498->aeb608e6-131f-44e0-aa35-97c12a2f72a3@group-3F41E8AD953A, cid=2078, SUCCESS, logIndex=3028, commits[aeb608e6-131f-44e0-aa35-97c12a2f72a3:c3030, b6a0d396-0e26-402b-ac58-4f0615a4fad6:c3027, 8b17640a-2548-4323-bd97-ba3488877b23:c3027]
 0.00% |█                                                                                                    |  0/1 Time: 0:00:192019-08-20 11:35:45,376 INFO  client.GrpcClientProtocolClient (GrpcClientProtocolClient.java:onNext(255)) - client-FC58CAF12498->aeb608e6-131f-44e0-aa35-97c12a2f72a3: receive RaftClientReply:client-FC58CAF12498->aeb608e6-131f-44e0-aa35-97c12a2f72a3@group-3F41E8AD953A, cid=2079, SUCCESS, logIndex=3029, commits[aeb608e6-131f-44e0-aa35-97c12a2f72a3:c3031, b6a0d396-0e26-402b-ac58-4f0615a4fad6:c3027, 8b17640a-2548-4323-bd97-ba3488877b23:c3027]
2019-08-20 11:35:45,377 INFO  client.GrpcClientProtocolClient (GrpcClientProtocolClient.java:onNext(255)) - client-FC58CAF12498->aeb608e6-131f-44e0-aa35-97c12a2f72a3: receive RaftClientReply:client-FC58CAF12498->aeb608e6-131f-44e0-aa35-97c12a2f72a3@group-3F41E8AD953A, cid=2080, SUCCESS, logIndex=3030, commits[aeb608e6-131f-44e0-aa35-97c12a2f72a3:c3031, b6a0d396-0e26-402b-ac58-4f0615a4fad6:c3027, 8b17640a-2548-4323-bd97-ba3488877b23:c3027]
2019-08-20 11:35:45,377 INFO  client.GrpcClientProtocolClient (GrpcClientProtocolClient.java:onNext(255)) - client-FC58CAF12498->aeb608e6-131f-44e0-aa35-97c12a2f72a3: receive RaftClientReply:client-FC58CAF12498->aeb608e6-131f-44e0-aa35-97c12a2f72a3@group-3F41E8AD953A, cid=2081, SUCCESS, logIndex=3031, commits[aeb608e6-131f-44e0-aa35-97c12a2f72a3:c3031, b6a0d396-0e26-402b-ac58-4f0615a4fad6:c3027, 8b17640a-2548-4323-bd97-ba3488877b23:c3027]
2019-08-20 11:35:45,390 INFO  client.GrpcClientProtocolClient (GrpcClientProtocolClient.java:onNext(255)) - client-FC58CAF12498->aeb608e6-131f-44e0-aa35-97c12a2f72a3: receive RaftClientReply:client-FC58CAF12498->aeb608e6-131f-44e0-aa35-97c12a2f72a3@group-3F41E8AD953A, cid=2082, SUCCESS, logIndex=0, commits[aeb608e6-131f-44e0-aa35-97c12a2f72a3:c3035, b6a0d396-0e26-402b-ac58-4f0615a4fad6:c3029, 8b17640a-2548-4323-bd97-ba3488877b23:c3031]
2019-08-20 11:35:45,407 INFO  client.GrpcClientProtocolClient (GrpcClientProtocolClient.java:onNext(255)) - client-FC58CAF12498->aeb608e6-131f-44e0-aa35-97c12a2f72a3: receive RaftClientReply:client-FC58CAF12498->aeb608e6-131f-44e0-aa35-97c12a2f72a3@group-3F41E8AD953A, cid=2083, SUCCESS, logIndex=3036, commits[aeb608e6-131f-44e0-aa35-97c12a2f72a3:c3037, b6a0d396-0e26-402b-ac58-4f0615a4fad6:c3035, 8b17640a-2548-4323-bd97-ba3488877b23:c3035]
2019-08-20 11:35:45,408 INFO  client.GrpcClientProtocolClient (GrpcClientProtocolClient.java:onNext(255)) - client-FC58CAF12498->aeb608e6-131f-44e0-aa35-97c12a2f72a3: receive RaftClientReply:client-FC58CAF12498->aeb608e6-131f-44e0-aa35-97c12a2f72a3@group-3F41E8AD953A, cid=2084, SUCCESS, logIndex=3037, commits[aeb608e6-131f-44e0-aa35-97c12a2f72a3:c3037, b6a0d396-0e26-402b-ac58-4f0615a4fad6:c3035, 8b17640a-2548-4323-bd97-ba3488877b23:c3035]
2019-08-20 11:35:45,421 INFO  client.GrpcClientProtocolClient (GrpcClientProtocolClient.java:onNext(255)) - client-FC58CAF12498->aeb608e6-131f-44e0-aa35-97c12a2f72a3: receive RaftClientReply:client-FC58CAF12498->aeb608e6-131f-44e0-aa35-97c12a2f72a3@group-3F41E8AD953A, cid=2085, SUCCESS, logIndex=3040, commits[aeb608e6-131f-44e0-aa35-97c12a2f72a3:c3041, b6a0d396-0e26-402b-ac58-4f0615a4fad6:c3037, 8b17640a-2548-4323-bd97-ba3488877b23:c3037]
2019-08-20 11:35:45,421 INFO  client.GrpcClientProtocolClient (GrpcClientProtocolClient.java:onNext(255)) - client-FC58CAF12498->aeb608e6-131f-44e0-aa35-97c12a2f72a3: receive RaftClientReply:client-FC58CAF12498->aeb608e6-131f-44e0-aa35-97c12a2f72a3@group-3F41E8AD953A, cid=2086, SUCCESS, logIndex=3041, commits[aeb608e6-131f-44e0-aa35-97c12a2f72a3:c3041, b6a0d396-0e26-402b-ac58-4f0615a4fad6:c3037, 8b17640a-2548-4323-bd97-ba3488877b23:c3037]
2019-08-20 11:35:45,433 INFO  client.GrpcClientProtocolClient (GrpcClientProtocolClient.java:onNext(255)) - client-FC58CAF12498->aeb608e6-131f-44e0-aa35-97c12a2f72a3: receive RaftClientReply:client-FC58CAF12498->aeb608e6-131f-44e0-aa35-97c12a2f72a3@group-3F41E8AD953A, cid=2087, SUCCESS, logIndex=0, commits[aeb608e6-131f-44e0-aa35-97c12a2f72a3:c3043, b6a0d396-0e26-402b-ac58-4f0615a4fad6:c3041, 8b17640a-2548-4323-bd97-ba3488877b23:c3041]
2019-08-20 11:35:45,461 INFO  client.GrpcClientProtocolClient (GrpcClientProtocolClient.java:onNext(255)) - client-FC58CAF12498->aeb608e6-131f-44e0-aa35-97c12a2f72a3: receive RaftClientReply:client-FC58CAF12498->aeb608e6-131f-44e0-aa35-97c12a2f72a3@group-3F41E8AD953A, cid=2088, SUCCESS, logIndex=3044, commits[aeb608e6-131f-44e0-aa35-97c12a2f72a3:c3046, b6a0d396-0e26-402b-ac58-4f0615a4fad6:c3043, 8b17640a-2548-4323-bd97-ba3488877b23:c3043]
2019-08-20 11:35:45,461 INFO  client.GrpcClientProtocolClient (GrpcClientProtocolClient.java:onNext(255)) - client-FC58CAF12498->aeb608e6-131f-44e0-aa35-97c12a2f72a3: receive RaftClientReply:client-FC58CAF12498->aeb608e6-131f-44e0-aa35-97c12a2f72a3@group-3F41E8AD953A, cid=2089, SUCCESS, logIndex=3045, commits[aeb608e6-131f-44e0-aa35-97c12a2f72a3:c3047, b6a0d396-0e26-402b-ac58-4f0615a4fad6:c3043, 8b17640a-2548-4323-bd97-ba3488877b23:c3043]
2019-08-20 11:35:45,461 INFO  client.GrpcClientProtocolClient (GrpcClientProtocolClient.java:onNext(255)) - client-FC58CAF12498->aeb608e6-131f-44e0-aa35-97c12a2f72a3: receive RaftClientReply:client-FC58CAF12498->aeb608e6-131f-44e0-aa35-97c12a2f72a3@group-3F41E8AD953A, cid=2090, SUCCESS, logIndex=3046, commits[aeb608e6-131f-44e0-aa35-97c12a2f72a3:c3047, b6a0d396-0e26-402b-ac58-4f0615a4fad6:c3043, 8b17640a-2548-4323-bd97-ba3488877b23:c3043]
2019-08-20 11:35:45,462 INFO  client.GrpcClientProtocolClient (GrpcClientProtocolClient.java:onNext(255)) - client-FC58CAF12498->aeb608e6-131f-44e0-aa35-97c12a2f72a3: receive RaftClientReply:client-FC58CAF12498->aeb608e6-131f-44e0-aa35-97c12a2f72a3@group-3F41E8AD953A, cid=2091, SUCCESS, logIndex=3047, commits[aeb608e6-131f-44e0-aa35-97c12a2f72a3:c3047, b6a0d396-0e26-402b-ac58-4f0615a4fad6:c3043, 8b17640a-2548-4323-bd97-ba3488877b23:c3043]
2019-08-20 11:35:45,463 INFO  client.GrpcClientProtocolClient (GrpcClientProtocolClient.java:onNext(255)) - client-FC58CAF12498->aeb608e6-131f-44e0-aa35-97c12a2f72a3: receive RaftClientReply:client-FC58CAF12498->aeb608e6-131f-44e0-aa35-97c12a2f72a3@group-3F41E8AD953A, cid=2092, SUCCESS, logIndex=0, commits[aeb608e6-131f-44e0-aa35-97c12a2f72a3:c3048, b6a0d396-0e26-402b-ac58-4f0615a4fad6:c3045, 8b17640a-2548-4323-bd97-ba3488877b23:c3045]
2019-08-20 11:35:45,489 INFO  client.GrpcClientProtocolClient (GrpcClientProtocolClient.java:onNext(255)) - client-FC58CAF12498->aeb608e6-131f-44e0-aa35-97c12a2f72a3: receive RaftClientReply:client-FC58CAF12498->aeb608e6-131f-44e0-aa35-97c12a2f72a3@group-3F41E8AD953A, cid=2093, SUCCESS, logIndex=3052, commits[aeb608e6-131f-44e0-aa35-97c12a2f72a3:c3053, b6a0d396-0e26-402b-ac58-4f0615a4fad6:c3051, 8b17640a-2548-4323-bd97-ba3488877b23:c3051]
2019-08-20 11:35:45,490 INFO  client.GrpcClientProtocolClient (GrpcClientProtocolClient.java:onNext(255)) - client-FC58CAF12498->aeb608e6-131f-44e0-aa35-97c12a2f72a3: receive RaftClientReply:client-FC58CAF12498->aeb608e6-131f-44e0-aa35-97c12a2f72a3@group-3F41E8AD953A, cid=2094, SUCCESS, logIndex=3053, commits[aeb608e6-131f-44e0-aa35-97c12a2f72a3:c3053, b6a0d396-0e26-402b-ac58-4f0615a4fad6:c3051, 8b17640a-2548-4323-bd97-ba3488877b23:c3051]
2019-08-20 11:35:45,504 INFO  client.GrpcClientProtocolClient (GrpcClientProtocolClient.java:onNext(255)) - client-FC58CAF12498->aeb608e6-131f-44e0-aa35-97c12a2f72a3: receive RaftClientReply:client-FC58CAF12498->aeb608e6-131f-44e0-aa35-97c12a2f72a3@group-3F41E8AD953A, cid=2095, SUCCESS, logIndex=3056, commits[aeb608e6-131f-44e0-aa35-97c12a2f72a3:c3057, b6a0d396-0e26-402b-ac58-4f0615a4fad6:c3053, 8b17640a-2548-4323-bd97-ba3488877b23:c3053]
2019-08-20 11:35:45,505 INFO  client.GrpcClientProtocolClient (GrpcClientProtocolClient.java:onNext(255)) - client-FC58CAF12498->aeb608e6-131f-44e0-aa35-97c12a2f72a3: receive RaftClientReply:client-FC58CAF12498->aeb608e6-131f-44e0-aa35-97c12a2f72a3@group-3F41E8AD953A, cid=2096, SUCCESS, logIndex=3057, commits[aeb608e6-131f-44e0-aa35-97c12a2f72a3:c3057, b6a0d396-0e26-402b-ac58-4f0615a4fad6:c3053, 8b17640a-2548-4323-bd97-ba3488877b23:c3053]
2019-08-20 11:35:45,522 INFO  client.GrpcClientProtocolClient (GrpcClientProtocolClient.java:onNext(255)) - client-FC58CAF12498->aeb608e6-131f-44e0-aa35-97c12a2f72a3: receive RaftClientReply:client-FC58CAF12498->aeb608e6-131f-44e0-aa35-97c12a2f72a3@group-3F41E8AD953A, cid=2097, SUCCESS, logIndex=0, commits[aeb608e6-131f-44e0-aa35-97c12a2f72a3:c3058, b6a0d396-0e26-402b-ac58-4f0615a4fad6:c3057, 8b17640a-2548-4323-bd97-ba3488877b23:c3057]
2019-08-20 11:35:45,550 INFO  client.GrpcClientProtocolClient (GrpcClientProtocolClient.java:onNext(255)) - client-FC58CAF12498->aeb608e6-131f-44e0-aa35-97c12a2f72a3: receive RaftClientReply:client-FC58CAF12498->aeb608e6-131f-44e0-aa35-97c12a2f72a3@group-3F41E8AD953A, cid=2098, SUCCESS, logIndex=3060, commits[aeb608e6-131f-44e0-aa35-97c12a2f72a3:c3062, b6a0d396-0e26-402b-ac58-4f0615a4fad6:c3059, 8b17640a-2548-4323-bd97-ba3488877b23:c3059]
2019-08-20 11:35:45,550 INFO  client.GrpcClientProtocolClient (GrpcClientProtocolClient.java:onNext(255)) - client-FC58CAF12498->aeb608e6-131f-44e0-aa35-97c12a2f72a3: receive RaftClientReply:client-FC58CAF12498->aeb608e6-131f-44e0-aa35-97c12a2f72a3@group-3F41E8AD953A, cid=2099, SUCCESS, logIndex=3061, commits[aeb608e6-131f-44e0-aa35-97c12a2f72a3:c3063, b6a0d396-0e26-402b-ac58-4f0615a4fad6:c3059, 8b17640a-2548-4323-bd97-ba3488877b23:c3059]
2019-08-20 11:35:45,550 INFO  client.GrpcClientProtocolClient (GrpcClientProtocolClient.java:onNext(255)) - client-FC58CAF12498->aeb608e6-131f-44e0-aa35-97c12a2f72a3: receive RaftClientReply:client-FC58CAF12498->aeb608e6-131f-44e0-aa35-97c12a2f72a3@group-3F41E8AD953A, cid=2100, SUCCESS, logIndex=3062, commits[aeb608e6-131f-44e0-aa35-97c12a2f72a3:c3063, b6a0d396-0e26-402b-ac58-4f0615a4fad6:c3059, 8b17640a-2548-4323-bd97-ba3488877b23:c3059]
2019-08-20 11:35:45,550 INFO  client.GrpcClientProtocolClient (GrpcClientProtocolClient.java:onNext(255)) - client-FC58CAF12498->aeb608e6-131f-44e0-aa35-97c12a2f72a3: receive RaftClientReply:client-FC58CAF12498->aeb608e6-131f-44e0-aa35-97c12a2f72a3@group-3F41E8AD953A, cid=2101, SUCCESS, logIndex=3063, commits[aeb608e6-131f-44e0-aa35-97c12a2f72a3:c3063, b6a0d396-0e26-402b-ac58-4f0615a4fad6:c3059, 8b17640a-2548-4323-bd97-ba3488877b23:c3059]
2019-08-20 11:35:45,564 INFO  client.GrpcClientProtocolClient (GrpcClientProtocolClient.java:onNext(255)) - client-FC58CAF12498->aeb608e6-131f-44e0-aa35-97c12a2f72a3: receive RaftClientReply:client-FC58CAF12498->aeb608e6-131f-44e0-aa35-97c12a2f72a3@group-3F41E8AD953A, cid=2102, SUCCESS, logIndex=0, commits[aeb608e6-131f-44e0-aa35-97c12a2f72a3:c3067, b6a0d396-0e26-402b-ac58-4f0615a4fad6:c3062, 8b17640a-2548-4323-bd97-ba3488877b23:c3063]
2019-08-20 11:35:45,584 INFO  client.GrpcClientProtocolClient (GrpcClientProtocolClient.java:onNext(255)) - client-FC58CAF12498->aeb608e6-131f-44e0-aa35-97c12a2f72a3: receive RaftClientReply:client-FC58CAF12498->aeb608e6-131f-44e0-aa35-97c12a2f72a3@group-3F41E8AD953A, cid=2103, SUCCESS, logIndex=3068, commits[aeb608e6-131f-44e0-aa35-97c12a2f72a3:c3069, b6a0d396-0e26-402b-ac58-4f0615a4fad6:c3067, 8b17640a-2548-4323-bd97-ba3488877b23:c3067]
2019-08-20 11:35:45,585 INFO  client.GrpcClientProtocolClient (GrpcClientProtocolClient.java:onNext(255)) - client-FC58CAF12498->aeb608e6-131f-44e0-aa35-97c12a2f72a3: receive RaftClientReply:client-FC58CAF12498->aeb608e6-131f-44e0-aa35-97c12a2f72a3@group-3F41E8AD953A, cid=2104, SUCCESS, logIndex=3069, commits[aeb608e6-131f-44e0-aa35-97c12a2f72a3:c3069, b6a0d396-0e26-402b-ac58-4f0615a4fad6:c3067, 8b17640a-2548-4323-bd97-ba3488877b23:c3067]
2019-08-20 11:35:45,610 INFO  client.GrpcClientProtocolClient (GrpcClientProtocolClient.java:onNext(255)) - client-FC58CAF12498->aeb608e6-131f-44e0-aa35-97c12a2f72a3: receive RaftClientReply:client-FC58CAF12498->aeb608e6-131f-44e0-aa35-97c12a2f72a3@group-3F41E8AD953A, cid=2105, SUCCESS, logIndex=3072, commits[aeb608e6-131f-44e0-aa35-97c12a2f72a3:c3073, b6a0d396-0e26-402b-ac58-4f0615a4fad6:c3069, 8b17640a-2548-4323-bd97-ba3488877b23:c3069]
2019-08-20 11:35:45,610 INFO  client.GrpcClientProtocolClient (GrpcClientProtocolClient.java:onNext(255)) - client-FC58CAF12498->aeb608e6-131f-44e0-aa35-97c12a2f72a3: receive RaftClientReply:client-FC58CAF12498->aeb608e6-131f-44e0-aa35-97c12a2f72a3@group-3F41E8AD953A, cid=2106, SUCCESS, logIndex=3073, commits[aeb608e6-131f-44e0-aa35-97c12a2f72a3:c3073, b6a0d396-0e26-402b-ac58-4f0615a4fad6:c3069, 8b17640a-2548-4323-bd97-ba3488877b23:c3069]
2019-08-20 11:35:45,635 INFO  client.GrpcClientProtocolClient (GrpcClientProtocolClient.java:onNext(255)) - client-FC58CAF12498->aeb608e6-131f-44e0-aa35-97c12a2f72a3: receive RaftClientReply:client-FC58CAF12498->aeb608e6-131f-44e0-aa35-97c12a2f72a3@group-3F41E8AD953A, cid=2107, SUCCESS, logIndex=0, commits[aeb608e6-131f-44e0-aa35-97c12a2f72a3:c3075, b6a0d396-0e26-402b-ac58-4f0615a4fad6:c3073, 8b17640a-2548-4323-bd97-ba3488877b23:c3073]
2019-08-20 11:35:45,662 INFO  client.GrpcClientProtocolClient (GrpcClientProtocolClient.java:onNext(255)) - client-FC58CAF12498->aeb608e6-131f-44e0-aa35-97c12a2f72a3: receive RaftClientReply:client-FC58CAF12498->aeb608e6-131f-44e0-aa35-97c12a2f72a3@group-3F41E8AD953A, cid=2108, SUCCESS, logIndex=3076, commits[aeb608e6-131f-44e0-aa35-97c12a2f72a3:c3077, b6a0d396-0e26-402b-ac58-4f0615a4fad6:c3075, 8b17640a-2548-4323-bd97-ba3488877b23:c3075]
2019-08-20 11:35:45,663 INFO  client.GrpcClientProtocolClient (GrpcClientProtocolClient.java:onNext(255)) - client-FC58CAF12498->aeb608e6-131f-44e0-aa35-97c12a2f72a3: receive RaftClientReply:client-FC58CAF12498->aeb608e6-131f-44e0-aa35-97c12a2f72a3@group-3F41E8AD953A, cid=2109, SUCCESS, logIndex=3077, commits[aeb608e6-131f-44e0-aa35-97c12a2f72a3:c3077, b6a0d396-0e26-402b-ac58-4f0615a4fad6:c3075, 8b17640a-2548-4323-bd97-ba3488877b23:c3075]
2019-08-20 11:35:45,675 INFO  client.GrpcClientProtocolClient (GrpcClientProtocolClient.java:onNext(255)) - client-FC58CAF12498->aeb608e6-131f-44e0-aa35-97c12a2f72a3: receive RaftClientReply:client-FC58CAF12498->aeb608e6-131f-44e0-aa35-97c12a2f72a3@group-3F41E8AD953A, cid=2110, SUCCESS, logIndex=3078, commits[aeb608e6-131f-44e0-aa35-97c12a2f72a3:c3079, b6a0d396-0e26-402b-ac58-4f0615a4fad6:c3075, 8b17640a-2548-4323-bd97-ba3488877b23:c3075]
2019-08-20 11:35:45,675 INFO  client.GrpcClientProtocolClient (GrpcClientProtocolClient.java:onNext(255)) - client-FC58CAF12498->aeb608e6-131f-44e0-aa35-97c12a2f72a3: receive RaftClientReply:client-FC58CAF12498->aeb608e6-131f-44e0-aa35-97c12a2f72a3@group-3F41E8AD953A, cid=2111, SUCCESS, logIndex=3079, commits[aeb608e6-131f-44e0-aa35-97c12a2f72a3:c3079, b6a0d396-0e26-402b-ac58-4f0615a4fad6:c3075, 8b17640a-2548-4323-bd97-ba3488877b23:c3075]
2019-08-20 11:35:45,694 INFO  client.GrpcClientProtocolClient (GrpcClientProtocolClient.java:onNext(255)) - client-FC58CAF12498->aeb608e6-131f-44e0-aa35-97c12a2f72a3: receive RaftClientReply:client-FC58CAF12498->aeb608e6-131f-44e0-aa35-97c12a2f72a3@group-3F41E8AD953A, cid=2112, SUCCESS, logIndex=0, commits[aeb608e6-131f-44e0-aa35-97c12a2f72a3:c3081, b6a0d396-0e26-402b-ac58-4f0615a4fad6:c3077, 8b17640a-2548-4323-bd97-ba3488877b23:c3077]
2019-08-20 11:35:45,713 INFO  client.GrpcClientProtocolClient (GrpcClientProtocolClient.java:onNext(255)) - client-FC58CAF12498->aeb608e6-131f-44e0-aa35-97c12a2f72a3: receive RaftClientReply:client-FC58CAF12498->aeb608e6-131f-44e0-aa35-97c12a2f72a3@group-3F41E8AD953A, cid=2113, SUCCESS, logIndex=3084, commits[aeb608e6-131f-44e0-aa35-97c12a2f72a3:c3085, b6a0d396-0e26-402b-ac58-4f0615a4fad6:c3083, 8b17640a-2548-4323-bd97-ba3488877b23:c3083]
2019-08-20 11:35:45,713 INFO  client.GrpcClientProtocolClient (GrpcClientProtocolClient.java:onNext(255)) - client-FC58CAF12498->aeb608e6-131f-44e0-aa35-97c12a2f72a3: receive RaftClientReply:client-FC58CAF12498->aeb608e6-131f-44e0-aa35-97c12a2f72a3@group-3F41E8AD953A, cid=2114, SUCCESS, logIndex=3085, commits[aeb608e6-131f-44e0-aa35-97c12a2f72a3:c3085, b6a0d396-0e26-402b-ac58-4f0615a4fad6:c3083, 8b17640a-2548-4323-bd97-ba3488877b23:c3083]
2019-08-20 11:35:45,728 INFO  client.GrpcClientProtocolClient (GrpcClientProtocolClient.java:onNext(255)) - client-FC58CAF12498->aeb608e6-131f-44e0-aa35-97c12a2f72a3: receive RaftClientReply:client-FC58CAF12498->aeb608e6-131f-44e0-aa35-97c12a2f72a3@group-3F41E8AD953A, cid=2115, SUCCESS, logIndex=3088, commits[aeb608e6-131f-44e0-aa35-97c12a2f72a3:c3089, b6a0d396-0e26-402b-ac58-4f0615a4fad6:c3085, 8b17640a-2548-4323-bd97-ba3488877b23:c3085]
2019-08-20 11:35:45,729 INFO  client.GrpcClientProtocolClient (GrpcClientProtocolClient.java:onNext(255)) - client-FC58CAF12498->aeb608e6-131f-44e0-aa35-97c12a2f72a3: receive RaftClientReply:client-FC58CAF12498->aeb608e6-131f-44e0-aa35-97c12a2f72a3@group-3F41E8AD953A, cid=2116, SUCCESS, logIndex=3089, commits[aeb608e6-131f-44e0-aa35-97c12a2f72a3:c3089, b6a0d396-0e26-402b-ac58-4f0615a4fad6:c3085, 8b17640a-2548-4323-bd97-ba3488877b23:c3085]
2019-08-20 11:35:45,750 INFO  client.GrpcClientProtocolClient (GrpcClientProtocolClient.java:onNext(255)) - client-FC58CAF12498->aeb608e6-131f-44e0-aa35-97c12a2f72a3: receive RaftClientReply:client-FC58CAF12498->aeb608e6-131f-44e0-aa35-97c12a2f72a3@group-3F41E8AD953A, cid=2117, SUCCESS, logIndex=0, commits[aeb608e6-131f-44e0-aa35-97c12a2f72a3:c3091, b6a0d396-0e26-402b-ac58-4f0615a4fad6:c3089, 8b17640a-2548-4323-bd97-ba3488877b23:c3089]
2019-08-20 11:35:45,777 INFO  client.GrpcClientProtocolClient (GrpcClientProtocolClient.java:onNext(255)) - client-FC58CAF12498->aeb608e6-131f-44e0-aa35-97c12a2f72a3: receive RaftClientReply:client-FC58CAF12498->aeb608e6-131f-44e0-aa35-97c12a2f72a3@group-3F41E8AD953A, cid=2118, SUCCESS, logIndex=3092, commits[aeb608e6-131f-44e0-aa35-97c12a2f72a3:c3093, b6a0d396-0e26-402b-ac58-4f0615a4fad6:c3091, 8b17640a-2548-4323-bd97-ba3488877b23:c3091]
2019-08-20 11:35:45,777 INFO  client.GrpcClientProtocolClient (GrpcClientProtocolClient.java:onNext(255)) - client-FC58CAF12498->aeb608e6-131f-44e0-aa35-97c12a2f72a3: receive RaftClientReply:client-FC58CAF12498->aeb608e6-131f-44e0-aa35-97c12a2f72a3@group-3F41E8AD953A, cid=2119, SUCCESS, logIndex=3093, commits[aeb608e6-131f-44e0-aa35-97c12a2f72a3:c3095, b6a0d396-0e26-402b-ac58-4f0615a4fad6:c3091, 8b17640a-2548-4323-bd97-ba3488877b23:c3091]
2019-08-20 11:35:45,778 INFO  client.GrpcClientProtocolClient (GrpcClientProtocolClient.java:onNext(255)) - client-FC58CAF12498->aeb608e6-131f-44e0-aa35-97c12a2f72a3: receive RaftClientReply:client-FC58CAF12498->aeb608e6-131f-44e0-aa35-97c12a2f72a3@group-3F41E8AD953A, cid=2120, SUCCESS, logIndex=3094, commits[aeb608e6-131f-44e0-aa35-97c12a2f72a3:c3095, b6a0d396-0e26-402b-ac58-4f0615a4fad6:c3091, 8b17640a-2548-4323-bd97-ba3488877b23:c3091]
2019-08-20 11:35:45,778 INFO  client.GrpcClientProtocolClient (GrpcClientProtocolClient.java:onNext(255)) - client-FC58CAF12498->aeb608e6-131f-44e0-aa35-97c12a2f72a3: receive RaftClientReply:client-FC58CAF12498->aeb608e6-131f-44e0-aa35-97c12a2f72a3@group-3F41E8AD953A, cid=2121, SUCCESS, logIndex=3095, commits[aeb608e6-131f-44e0-aa35-97c12a2f72a3:c3095, b6a0d396-0e26-402b-ac58-4f0615a4fad6:c3091, 8b17640a-2548-4323-bd97-ba3488877b23:c3091]
2019-08-20 11:35:45,791 INFO  client.GrpcClientProtocolClient (GrpcClientProtocolClient.java:onNext(255)) - client-FC58CAF12498->aeb608e6-131f-44e0-aa35-97c12a2f72a3: receive RaftClientReply:client-FC58CAF12498->aeb608e6-131f-44e0-aa35-97c12a2f72a3@group-3F41E8AD953A, cid=2122, SUCCESS, logIndex=0, commits[aeb608e6-131f-44e0-aa35-97c12a2f72a3:c3099, b6a0d396-0e26-402b-ac58-4f0615a4fad6:c3093, 8b17640a-2548-4323-bd97-ba3488877b23:c3095]
2019-08-20 11:35:45,811 INFO  client.GrpcClientProtocolClient (GrpcClientProtocolClient.java:onNext(255)) - client-FC58CAF12498->aeb608e6-131f-44e0-aa35-97c12a2f72a3: receive RaftClientReply:client-FC58CAF12498->aeb608e6-131f-44e0-aa35-97c12a2f72a3@group-3F41E8AD953A, cid=2123, SUCCESS, logIndex=3100, commits[aeb608e6-131f-44e0-aa35-97c12a2f72a3:c3101, b6a0d396-0e26-402b-ac58-4f0615a4fad6:c3099, 8b17640a-2548-4323-bd97-ba3488877b23:c3099]
2019-08-20 11:35:45,811 INFO  client.GrpcClientProtocolClient (GrpcClientProtocolClient.java:onNext(255)) - client-FC58CAF12498->aeb608e6-131f-44e0-aa35-97c12a2f72a3: receive RaftClientReply:client-FC58CAF12498->aeb608e6-131f-44e0-aa35-97c12a2f72a3@group-3F41E8AD953A, cid=2124, SUCCESS, logIndex=3101, commits[aeb608e6-131f-44e0-aa35-97c12a2f72a3:c3101, b6a0d396-0e26-402b-ac58-4f0615a4fad6:c3099, 8b17640a-2548-4323-bd97-ba3488877b23:c3099]
2019-08-20 11:35:45,838 INFO  client.GrpcClientProtocolClient (GrpcClientProtocolClient.java:onNext(255)) - client-FC58CAF12498->aeb608e6-131f-44e0-aa35-97c12a2f72a3: receive RaftClientReply:client-FC58CAF12498->aeb608e6-131f-44e0-aa35-97c12a2f72a3@group-3F41E8AD953A, cid=2125, SUCCESS, logIndex=3104, commits[aeb608e6-131f-44e0-aa35-97c12a2f72a3:c3105, b6a0d396-0e26-402b-ac58-4f0615a4fad6:c3101, 8b17640a-2548-4323-bd97-ba3488877b23:c3101]
2019-08-20 11:35:45,838 INFO  client.GrpcClientProtocolClient (GrpcClientProtocolClient.java:onNext(255)) - client-FC58CAF12498->aeb608e6-131f-44e0-aa35-97c12a2f72a3: receive RaftClientReply:client-FC58CAF12498->aeb608e6-131f-44e0-aa35-97c12a2f72a3@group-3F41E8AD953A, cid=2126, SUCCESS, logIndex=3105, commits[aeb608e6-131f-44e0-aa35-97c12a2f72a3:c3105, b6a0d396-0e26-402b-ac58-4f0615a4fad6:c3101, 8b17640a-2548-4323-bd97-ba3488877b23:c3101]
2019-08-20 11:35:45,864 INFO  client.GrpcClientProtocolClient (GrpcClientProtocolClient.java:onNext(255)) - client-FC58CAF12498->aeb608e6-131f-44e0-aa35-97c12a2f72a3: receive RaftClientReply:client-FC58CAF12498->aeb608e6-131f-44e0-aa35-97c12a2f72a3@group-3F41E8AD953A, cid=2127, SUCCESS, logIndex=0, commits[aeb608e6-131f-44e0-aa35-97c12a2f72a3:c3107, b6a0d396-0e26-402b-ac58-4f0615a4fad6:c3105, 8b17640a-2548-4323-bd97-ba3488877b23:c3105]
2019-08-20 11:35:45,892 INFO  client.GrpcClientProtocolClient (GrpcClientProtocolClient.java:onNext(255)) - client-FC58CAF12498->aeb608e6-131f-44e0-aa35-97c12a2f72a3: receive RaftClientReply:client-FC58CAF12498->aeb608e6-131f-44e0-aa35-97c12a2f72a3@group-3F41E8AD953A, cid=2128, SUCCESS, logIndex=3108, commits[aeb608e6-131f-44e0-aa35-97c12a2f72a3:c3109, b6a0d396-0e26-402b-ac58-4f0615a4fad6:c3107, 8b17640a-2548-4323-bd97-ba3488877b23:c3107]
2019-08-20 11:35:45,892 INFO  client.GrpcClientProtocolClient (GrpcClientProtocolClient.java:onNext(255)) - client-FC58CAF12498->aeb608e6-131f-44e0-aa35-97c12a2f72a3: receive RaftClientReply:client-FC58CAF12498->aeb608e6-131f-44e0-aa35-97c12a2f72a3@group-3F41E8AD953A, cid=2129, SUCCESS, logIndex=3109, commits[aeb608e6-131f-44e0-aa35-97c12a2f72a3:c3111, b6a0d396-0e26-402b-ac58-4f0615a4fad6:c3107, 8b17640a-2548-4323-bd97-ba3488877b23:c3107]
2019-08-20 11:35:45,893 INFO  client.GrpcClientProtocolClient (GrpcClientProtocolClient.java:onNext(255)) - client-FC58CAF12498->aeb608e6-131f-44e0-aa35-97c12a2f72a3: receive RaftClientReply:client-FC58CAF12498->aeb608e6-131f-44e0-aa35-97c12a2f72a3@group-3F41E8AD953A, cid=2130, SUCCESS, logIndex=3110, commits[aeb608e6-131f-44e0-aa35-97c12a2f72a3:c3111, b6a0d396-0e26-402b-ac58-4f0615a4fad6:c3107, 8b17640a-2548-4323-bd97-ba3488877b23:c3107]
2019-08-20 11:35:45,893 INFO  client.GrpcClientProtocolClient (GrpcClientProtocolClient.java:onNext(255)) - client-FC58CAF12498->aeb608e6-131f-44e0-aa35-97c12a2f72a3: receive RaftClientReply:client-FC58CAF12498->aeb608e6-131f-44e0-aa35-97c12a2f72a3@group-3F41E8AD953A, cid=2131, SUCCESS, logIndex=3111, commits[aeb608e6-131f-44e0-aa35-97c12a2f72a3:c3111, b6a0d396-0e26-402b-ac58-4f0615a4fad6:c3107, 8b17640a-2548-4323-bd97-ba3488877b23:c3107]
2019-08-20 11:35:45,917 INFO  client.GrpcClientProtocolClient (GrpcClientProtocolClient.java:onNext(255)) - client-FC58CAF12498->aeb608e6-131f-44e0-aa35-97c12a2f72a3: receive RaftClientReply:client-FC58CAF12498->aeb608e6-131f-44e0-aa35-97c12a2f72a3@group-3F41E8AD953A, cid=2132, SUCCESS, logIndex=0, commits[aeb608e6-131f-44e0-aa35-97c12a2f72a3:c3113, b6a0d396-0e26-402b-ac58-4f0615a4fad6:c3109, 8b17640a-2548-4323-bd97-ba3488877b23:c3109]
2019-08-20 11:35:45,935 INFO  client.GrpcClientProtocolClient (GrpcClientProtocolClient.java:onNext(255)) - client-FC58CAF12498->aeb608e6-131f-44e0-aa35-97c12a2f72a3: receive RaftClientReply:client-FC58CAF12498->aeb608e6-131f-44e0-aa35-97c12a2f72a3@group-3F41E8AD953A, cid=2133, SUCCESS, logIndex=3115, commits[aeb608e6-131f-44e0-aa35-97c12a2f72a3:c3116, b6a0d396-0e26-402b-ac58-4f0615a4fad6:c3114, 8b17640a-2548-4323-bd97-ba3488877b23:c3114]
2019-08-20 11:35:45,935 INFO  client.GrpcClientProtocolClient (GrpcClientProtocolClient.java:onNext(255)) - client-FC58CAF12498->aeb608e6-131f-44e0-aa35-97c12a2f72a3: receive RaftClientReply:client-FC58CAF12498->aeb608e6-131f-44e0-aa35-97c12a2f72a3@group-3F41E8AD953A, cid=2134, SUCCESS, logIndex=3116, commits[aeb608e6-131f-44e0-aa35-97c12a2f72a3:c3116, b6a0d396-0e26-402b-ac58-4f0615a4fad6:c3114, 8b17640a-2548-4323-bd97-ba3488877b23:c3114]
2019-08-20 11:35:45,956 INFO  client.GrpcClientProtocolClient (GrpcClientProtocolClient.java:onNext(255)) - client-FC58CAF12498->aeb608e6-131f-44e0-aa35-97c12a2f72a3: receive RaftClientReply:client-FC58CAF12498->aeb608e6-131f-44e0-aa35-97c12a2f72a3@group-3F41E8AD953A, cid=2135, SUCCESS, logIndex=3119, commits[aeb608e6-131f-44e0-aa35-97c12a2f72a3:c3120, b6a0d396-0e26-402b-ac58-4f0615a4fad6:c3116, 8b17640a-2548-4323-bd97-ba3488877b23:c3116]
2019-08-20 11:35:45,956 INFO  client.GrpcClientProtocolClient (GrpcClientProtocolClient.java:onNext(255)) - client-FC58CAF12498->aeb608e6-131f-44e0-aa35-97c12a2f72a3: receive RaftClientReply:client-FC58CAF12498->aeb608e6-131f-44e0-aa35-97c12a2f72a3@group-3F41E8AD953A, cid=2136, SUCCESS, logIndex=3120, commits[aeb608e6-131f-44e0-aa35-97c12a2f72a3:c3120, b6a0d396-0e26-402b-ac58-4f0615a4fad6:c3116, 8b17640a-2548-4323-bd97-ba3488877b23:c3116]
2019-08-20 11:35:45,961 INFO  client.GrpcClientProtocolClient (GrpcClientProtocolClient.java:onNext(255)) - client-FC58CAF12498->aeb608e6-131f-44e0-aa35-97c12a2f72a3: receive RaftClientReply:client-FC58CAF12498->aeb608e6-131f-44e0-aa35-97c12a2f72a3@group-3F41E8AD953A, cid=2137, SUCCESS, logIndex=0, commits[aeb608e6-131f-44e0-aa35-97c12a2f72a3:c3122, b6a0d396-0e26-402b-ac58-4f0615a4fad6:c3120, 8b17640a-2548-4323-bd97-ba3488877b23:c3120]
2019-08-20 11:35:45,977 INFO  client.GrpcClientProtocolClient (GrpcClientProtocolClient.java:onNext(255)) - client-FC58CAF12498->aeb608e6-131f-44e0-aa35-97c12a2f72a3: receive RaftClientReply:client-FC58CAF12498->aeb608e6-131f-44e0-aa35-97c12a2f72a3@group-3F41E8AD953A, cid=2138, SUCCESS, logIndex=3123, commits[aeb608e6-131f-44e0-aa35-97c12a2f72a3:c3124, b6a0d396-0e26-402b-ac58-4f0615a4fad6:c3122, 8b17640a-2548-4323-bd97-ba3488877b23:c3120]
2019-08-20 11:35:45,978 INFO  client.GrpcClientProtocolClient (GrpcClientProtocolClient.java:onNext(255)) - client-FC58CAF12498->aeb608e6-131f-44e0-aa35-97c12a2f72a3: receive RaftClientReply:client-FC58CAF12498->aeb608e6-131f-44e0-aa35-97c12a2f72a3@group-3F41E8AD953A, cid=2139, SUCCESS, logIndex=3124, commits[aeb608e6-131f-44e0-aa35-97c12a2f72a3:c3124, b6a0d396-0e26-402b-ac58-4f0615a4fad6:c3122, 8b17640a-2548-4323-bd97-ba3488877b23:c3120]
2019-08-20 11:35:45,998 INFO  client.GrpcClientProtocolClient (GrpcClientProtocolClient.java:onNext(255)) - client-FC58CAF12498->aeb608e6-131f-44e0-aa35-97c12a2f72a3: receive RaftClientReply:client-FC58CAF12498->aeb608e6-131f-44e0-aa35-97c12a2f72a3@group-3F41E8AD953A, cid=2140, SUCCESS, logIndex=3125, commits[aeb608e6-131f-44e0-aa35-97c12a2f72a3:c3125, b6a0d396-0e26-402b-ac58-4f0615a4fad6:c3122, 8b17640a-2548-4323-bd97-ba3488877b23:c3122]
2019-08-20 11:35:45,998 INFO  client.GrpcClientProtocolClient (GrpcClientProtocolClient.java:onNext(255)) - client-FC58CAF12498->aeb608e6-131f-44e0-aa35-97c12a2f72a3: receive RaftClientReply:client-FC58CAF12498->aeb608e6-131f-44e0-aa35-97c12a2f72a3@group-3F41E8AD953A, cid=2141, SUCCESS, logIndex=3126, commits[aeb608e6-131f-44e0-aa35-97c12a2f72a3:c3126, b6a0d396-0e26-402b-ac58-4f0615a4fad6:c3122, 8b17640a-2548-4323-bd97-ba3488877b23:c3122]
2019-08-20 11:35:46,013 INFO  client.GrpcClientProtocolClient (GrpcClientProtocolClient.java:onNext(255)) - client-FC58CAF12498->aeb608e6-131f-44e0-aa35-97c12a2f72a3: receive RaftClientReply:client-FC58CAF12498->aeb608e6-131f-44e0-aa35-97c12a2f72a3@group-3F41E8AD953A, cid=2142, SUCCESS, logIndex=0, commits[aeb608e6-131f-44e0-aa35-97c12a2f72a3:c3128, b6a0d396-0e26-402b-ac58-4f0615a4fad6:c3124, 8b17640a-2548-4323-bd97-ba3488877b23:c3124]
2019-08-20 11:35:46,025 INFO  client.GrpcClientProtocolClient (GrpcClientProtocolClient.java:onNext(255)) - client-FC58CAF12498->aeb608e6-131f-44e0-aa35-97c12a2f72a3: receive RaftClientReply:client-FC58CAF12498->aeb608e6-131f-44e0-aa35-97c12a2f72a3@group-3F41E8AD953A, cid=2143, SUCCESS, logIndex=3131, commits[aeb608e6-131f-44e0-aa35-97c12a2f72a3:c3132, b6a0d396-0e26-402b-ac58-4f0615a4fad6:c3130, 8b17640a-2548-4323-bd97-ba3488877b23:c3126]
2019-08-20 11:35:46,026 INFO  client.GrpcClientProtocolClient (GrpcClientProtocolClient.java:onNext(255)) - client-FC58CAF12498->aeb608e6-131f-44e0-aa35-97c12a2f72a3: receive RaftClientReply:client-FC58CAF12498->aeb608e6-131f-44e0-aa35-97c12a2f72a3@group-3F41E8AD953A, cid=2144, SUCCESS, logIndex=3132, commits[aeb608e6-131f-44e0-aa35-97c12a2f72a3:c3132, b6a0d396-0e26-402b-ac58-4f0615a4fad6:c3130, 8b17640a-2548-4323-bd97-ba3488877b23:c3126]
2019-08-20 11:35:46,039 INFO  client.GrpcClientProtocolClient (GrpcClientProtocolClient.java:onNext(255)) - client-FC58CAF12498->aeb608e6-131f-44e0-aa35-97c12a2f72a3: receive RaftClientReply:client-FC58CAF12498->aeb608e6-131f-44e0-aa35-97c12a2f72a3@group-3F41E8AD953A, cid=2145, SUCCESS, logIndex=3135, commits[aeb608e6-131f-44e0-aa35-97c12a2f72a3:c3136, b6a0d396-0e26-402b-ac58-4f0615a4fad6:c3131, 8b17640a-2548-4323-bd97-ba3488877b23:c3132]
2019-08-20 11:35:46,039 INFO  client.GrpcClientProtocolClient (GrpcClientProtocolClient.java:onNext(255)) - client-FC58CAF12498->aeb608e6-131f-44e0-aa35-97c12a2f72a3: receive RaftClientReply:client-FC58CAF12498->aeb608e6-131f-44e0-aa35-97c12a2f72a3@group-3F41E8AD953A, cid=2146, SUCCESS, logIndex=3136, commits[aeb608e6-131f-44e0-aa35-97c12a2f72a3:c3136, b6a0d396-0e26-402b-ac58-4f0615a4fad6:c3132, 8b17640a-2548-4323-bd97-ba3488877b23:c3132]
2019-08-20 11:35:46,049 INFO  client.GrpcClientProtocolClient (GrpcClientProtocolClient.java:onNext(255)) - client-FC58CAF12498->aeb608e6-131f-44e0-aa35-97c12a2f72a3: receive RaftClientReply:client-FC58CAF12498->aeb608e6-131f-44e0-aa35-97c12a2f72a3@group-3F41E8AD953A, cid=2147, SUCCESS, logIndex=0, commits[aeb608e6-131f-44e0-aa35-97c12a2f72a3:c3137, b6a0d396-0e26-402b-ac58-4f0615a4fad6:c3136, 8b17640a-2548-4323-bd97-ba3488877b23:c3136]
2019-08-20 11:35:46,155 INFO  client.GrpcClientProtocolClient (GrpcClientProtocolClient.java:onNext(255)) - client-FC58CAF12498->aeb608e6-131f-44e0-aa35-97c12a2f72a3: receive RaftClientReply:client-FC58CAF12498->aeb608e6-131f-44e0-aa35-97c12a2f72a3@group-3F41E8AD953A, cid=2148, SUCCESS, logIndex=3138, commits[aeb608e6-131f-44e0-aa35-97c12a2f72a3:c3139, b6a0d396-0e26-402b-ac58-4f0615a4fad6:c3137, 8b17640a-2548-4323-bd97-ba3488877b23:c3137]
2019-08-20 11:35:46,156 INFO  client.GrpcClientProtocolClient (GrpcClientProtocolClient.java:onNext(255)) - client-FC58CAF12498->aeb608e6-131f-44e0-aa35-97c12a2f72a3: receive RaftClientReply:client-FC58CAF12498->aeb608e6-131f-44e0-aa35-97c12a2f72a3@group-3F41E8AD953A, cid=2149, SUCCESS, logIndex=3139, commits[aeb608e6-131f-44e0-aa35-97c12a2f72a3:c3140, b6a0d396-0e26-402b-ac58-4f0615a4fad6:c3137, 8b17640a-2548-4323-bd97-ba3488877b23:c3137]
2019-08-20 11:35:46,156 INFO  client.GrpcClientProtocolClient (GrpcClientProtocolClient.java:onNext(255)) - client-FC58CAF12498->aeb608e6-131f-44e0-aa35-97c12a2f72a3: receive RaftClientReply:client-FC58CAF12498->aeb608e6-131f-44e0-aa35-97c12a2f72a3@group-3F41E8AD953A, cid=2150, SUCCESS, logIndex=3140, commits[aeb608e6-131f-44e0-aa35-97c12a2f72a3:c3141, b6a0d396-0e26-402b-ac58-4f0615a4fad6:c3137, 8b17640a-2548-4323-bd97-ba3488877b23:c3137]
2019-08-20 11:35:46,156 INFO  client.GrpcClientProtocolClient (GrpcClientProtocolClient.java:onNext(255)) - client-FC58CAF12498->aeb608e6-131f-44e0-aa35-97c12a2f72a3: receive RaftClientReply:client-FC58CAF12498->aeb608e6-131f-44e0-aa35-97c12a2f72a3@group-3F41E8AD953A, cid=2151, SUCCESS, logIndex=3141, commits[aeb608e6-131f-44e0-aa35-97c12a2f72a3:c3141, b6a0d396-0e26-402b-ac58-4f0615a4fad6:c3137, 8b17640a-2548-4323-bd97-ba3488877b23:c3137]
2019-08-20 11:35:46,167 INFO  client.GrpcClientProtocolClient (GrpcClientProtocolClient.java:onNext(255)) - client-FC58CAF12498->aeb608e6-131f-44e0-aa35-97c12a2f72a3: receive RaftClientReply:client-FC58CAF12498->aeb608e6-131f-44e0-aa35-97c12a2f72a3@group-3F41E8AD953A, cid=2152, SUCCESS, logIndex=0, commits[aeb608e6-131f-44e0-aa35-97c12a2f72a3:c3143, b6a0d396-0e26-402b-ac58-4f0615a4fad6:c3139, 8b17640a-2548-4323-bd97-ba3488877b23:c3139]
2019-08-20 11:35:46,188 INFO  client.GrpcClientProtocolClient (GrpcClientProtocolClient.java:onNext(255)) - client-FC58CAF12498->aeb608e6-131f-44e0-aa35-97c12a2f72a3: receive RaftClientReply:client-FC58CAF12498->aeb608e6-131f-44e0-aa35-97c12a2f72a3@group-3F41E8AD953A, cid=2153, SUCCESS, logIndex=3146, commits[aeb608e6-131f-44e0-aa35-97c12a2f72a3:c3147, b6a0d396-0e26-402b-ac58-4f0615a4fad6:c3145, 8b17640a-2548-4323-bd97-ba3488877b23:c3145]
2019-08-20 11:35:46,188 INFO  client.GrpcClientProtocolClient (GrpcClientProtocolClient.java:onNext(255)) - client-FC58CAF12498->aeb608e6-131f-44e0-aa35-97c12a2f72a3: receive RaftClientReply:client-FC58CAF12498->aeb608e6-131f-44e0-aa35-97c12a2f72a3@group-3F41E8AD953A, cid=2154, SUCCESS, logIndex=3147, commits[aeb608e6-131f-44e0-aa35-97c12a2f72a3:c3147, b6a0d396-0e26-402b-ac58-4f0615a4fad6:c3145, 8b17640a-2548-4323-bd97-ba3488877b23:c3145]
2019-08-20 11:35:46,203 INFO  client.GrpcClientProtocolClient (GrpcClientProtocolClient.java:onNext(255)) - client-FC58CAF12498->aeb608e6-131f-44e0-aa35-97c12a2f72a3: receive RaftClientReply:client-FC58CAF12498->aeb608e6-131f-44e0-aa35-97c12a2f72a3@group-3F41E8AD953A, cid=2155, SUCCESS, logIndex=3150, commits[aeb608e6-131f-44e0-aa35-97c12a2f72a3:c3150, b6a0d396-0e26-402b-ac58-4f0615a4fad6:c3147, 8b17640a-2548-4323-bd97-ba3488877b23:c3147]
2019-08-20 11:35:46,203 INFO  client.GrpcClientProtocolClient (GrpcClientProtocolClient.java:onNext(255)) - client-FC58CAF12498->aeb608e6-131f-44e0-aa35-97c12a2f72a3: receive RaftClientReply:client-FC58CAF12498->aeb608e6-131f-44e0-aa35-97c12a2f72a3@group-3F41E8AD953A, cid=2156, SUCCESS, logIndex=3151, commits[aeb608e6-131f-44e0-aa35-97c12a2f72a3:c3151, b6a0d396-0e26-402b-ac58-4f0615a4fad6:c3147, 8b17640a-2548-4323-bd97-ba3488877b23:c3147]
2019-08-20 11:35:46,229 INFO  client.GrpcClientProtocolClient (GrpcClientProtocolClient.java:onNext(255)) - client-FC58CAF12498->aeb608e6-131f-44e0-aa35-97c12a2f72a3: receive RaftClientReply:client-FC58CAF12498->aeb608e6-131f-44e0-aa35-97c12a2f72a3@group-3F41E8AD953A, cid=2157, SUCCESS, logIndex=0, commits[aeb608e6-131f-44e0-aa35-97c12a2f72a3:c3153, b6a0d396-0e26-402b-ac58-4f0615a4fad6:c3151, 8b17640a-2548-4323-bd97-ba3488877b23:c3151]
2019-08-20 11:35:46,252 INFO  client.GrpcClientProtocolClient (GrpcClientProtocolClient.java:onNext(255)) - client-FC58CAF12498->aeb608e6-131f-44e0-aa35-97c12a2f72a3: receive RaftClientReply:client-FC58CAF12498->aeb608e6-131f-44e0-aa35-97c12a2f72a3@group-3F41E8AD953A, cid=2158, SUCCESS, logIndex=3154, commits[aeb608e6-131f-44e0-aa35-97c12a2f72a3:c3156, b6a0d396-0e26-402b-ac58-4f0615a4fad6:c3153, 8b17640a-2548-4323-bd97-ba3488877b23:c3153]
2019-08-20 11:35:46,253 INFO  client.GrpcClientProtocolClient (GrpcClientProtocolClient.java:onNext(255)) - client-FC58CAF12498->aeb608e6-131f-44e0-aa35-97c12a2f72a3: receive RaftClientReply:client-FC58CAF12498->aeb608e6-131f-44e0-aa35-97c12a2f72a3@group-3F41E8AD953A, cid=2159, SUCCESS, logIndex=3155, commits[aeb608e6-131f-44e0-aa35-97c12a2f72a3:c3157, b6a0d396-0e26-402b-ac58-4f0615a4fad6:c3153, 8b17640a-2548-4323-bd97-ba3488877b23:c3153]
2019-08-20 11:35:46,253 INFO  client.GrpcClientProtocolClient (GrpcClientProtocolClient.java:onNext(255)) - client-FC58CAF12498->aeb608e6-131f-44e0-aa35-97c12a2f72a3: receive RaftClientReply:client-FC58CAF12498->aeb608e6-131f-44e0-aa35-97c12a2f72a3@group-3F41E8AD953A, cid=2160, SUCCESS, logIndex=3156, commits[aeb608e6-131f-44e0-aa35-97c12a2f72a3:c3157, b6a0d396-0e26-402b-ac58-4f0615a4fad6:c3153, 8b17640a-2548-4323-bd97-ba3488877b23:c3153]
2019-08-20 11:35:46,253 INFO  client.GrpcClientProtocolClient (GrpcClientProtocolClient.java:onNext(255)) - client-FC58CAF12498->aeb608e6-131f-44e0-aa35-97c12a2f72a3: receive RaftClientReply:client-FC58CAF12498->aeb608e6-131f-44e0-aa35-97c12a2f72a3@group-3F41E8AD953A, cid=2161, SUCCESS, logIndex=3157, commits[aeb608e6-131f-44e0-aa35-97c12a2f72a3:c3157, b6a0d396-0e26-402b-ac58-4f0615a4fad6:c3153, 8b17640a-2548-4323-bd97-ba3488877b23:c3153]
2019-08-20 11:35:46,256 INFO  client.GrpcClientProtocolClient (GrpcClientProtocolClient.java:onNext(255)) - client-FC58CAF12498->aeb608e6-131f-44e0-aa35-97c12a2f72a3: receive RaftClientReply:client-FC58CAF12498->aeb608e6-131f-44e0-aa35-97c12a2f72a3@group-3F41E8AD953A, cid=2162, SUCCESS, logIndex=0, commits[aeb608e6-131f-44e0-aa35-97c12a2f72a3:c3158, b6a0d396-0e26-402b-ac58-4f0615a4fad6:c3155, 8b17640a-2548-4323-bd97-ba3488877b23:c3155]
2019-08-20 11:35:46,268 INFO  client.GrpcClientProtocolClient (GrpcClientProtocolClient.java:onNext(255)) - client-FC58CAF12498->aeb608e6-131f-44e0-aa35-97c12a2f72a3: receive RaftClientReply:client-FC58CAF12498->aeb608e6-131f-44e0-aa35-97c12a2f72a3@group-3F41E8AD953A, cid=2163, SUCCESS, logIndex=3162, commits[aeb608e6-131f-44e0-aa35-97c12a2f72a3:c3163, b6a0d396-0e26-402b-ac58-4f0615a4fad6:c3157, 8b17640a-2548-4323-bd97-ba3488877b23:c3158]
2019-08-20 11:35:46,268 INFO  client.GrpcClientProtocolClient (GrpcClientProtocolClient.java:onNext(255)) - client-FC58CAF12498->aeb608e6-131f-44e0-aa35-97c12a2f72a3: receive RaftClientReply:client-FC58CAF12498->aeb608e6-131f-44e0-aa35-97c12a2f72a3@group-3F41E8AD953A, cid=2164, SUCCESS, logIndex=3163, commits[aeb608e6-131f-44e0-aa35-97c12a2f72a3:c3163, b6a0d396-0e26-402b-ac58-4f0615a4fad6:c3158, 8b17640a-2548-4323-bd97-ba3488877b23:c3158]
2019-08-20 11:35:46,283 INFO  client.GrpcClientProtocolClient (GrpcClientProtocolClient.java:onNext(255)) - client-FC58CAF12498->aeb608e6-131f-44e0-aa35-97c12a2f72a3: receive RaftClientReply:client-FC58CAF12498->aeb608e6-131f-44e0-aa35-97c12a2f72a3@group-3F41E8AD953A, cid=2165, SUCCESS, logIndex=3166, commits[aeb608e6-131f-44e0-aa35-97c12a2f72a3:c3166, b6a0d396-0e26-402b-ac58-4f0615a4fad6:c3163, 8b17640a-2548-4323-bd97-ba3488877b23:c3163]
2019-08-20 11:35:46,284 INFO  client.GrpcClientProtocolClient (GrpcClientProtocolClient.java:onNext(255)) - client-FC58CAF12498->aeb608e6-131f-44e0-aa35-97c12a2f72a3: receive RaftClientReply:client-FC58CAF12498->aeb608e6-131f-44e0-aa35-97c12a2f72a3@group-3F41E8AD953A, cid=2166, SUCCESS, logIndex=3167, commits[aeb608e6-131f-44e0-aa35-97c12a2f72a3:c3167, b6a0d396-0e26-402b-ac58-4f0615a4fad6:c3163, 8b17640a-2548-4323-bd97-ba3488877b23:c3163]
2019-08-20 11:35:46,300 INFO  client.GrpcClientProtocolClient (GrpcClientProtocolClient.java:onNext(255)) - client-FC58CAF12498->aeb608e6-131f-44e0-aa35-97c12a2f72a3: receive RaftClientReply:client-FC58CAF12498->aeb608e6-131f-44e0-aa35-97c12a2f72a3@group-3F41E8AD953A, cid=2167, SUCCESS, logIndex=0, commits[aeb608e6-131f-44e0-aa35-97c12a2f72a3:c3169, b6a0d396-0e26-402b-ac58-4f0615a4fad6:c3167, 8b17640a-2548-4323-bd97-ba3488877b23:c3167]
2019-08-20 11:35:46,331 INFO  client.GrpcClientProtocolClient (GrpcClientProtocolClient.java:onNext(255)) - client-FC58CAF12498->aeb608e6-131f-44e0-aa35-97c12a2f72a3: receive RaftClientReply:client-FC58CAF12498->aeb608e6-131f-44e0-aa35-97c12a2f72a3@group-3F41E8AD953A, cid=2168, SUCCESS, logIndex=3170, commits[aeb608e6-131f-44e0-aa35-97c12a2f72a3:c3171, b6a0d396-0e26-402b-ac58-4f0615a4fad6:c3167, 8b17640a-2548-4323-bd97-ba3488877b23:c3169]
2019-08-20 11:35:46,331 INFO  client.GrpcClientProtocolClient (GrpcClientProtocolClient.java:onNext(255)) - client-FC58CAF12498->aeb608e6-131f-44e0-aa35-97c12a2f72a3: receive RaftClientReply:client-FC58CAF12498->aeb608e6-131f-44e0-aa35-97c12a2f72a3@group-3F41E8AD953A, cid=2169, SUCCESS, logIndex=3171, commits[aeb608e6-131f-44e0-aa35-97c12a2f72a3:c3173, b6a0d396-0e26-402b-ac58-4f0615a4fad6:c3169, 8b17640a-2548-4323-bd97-ba3488877b23:c3169]
2019-08-20 11:35:46,331 INFO  client.GrpcClientProtocolClient (GrpcClientProtocolClient.java:onNext(255)) - client-FC58CAF12498->aeb608e6-131f-44e0-aa35-97c12a2f72a3: receive RaftClientReply:client-FC58CAF12498->aeb608e6-131f-44e0-aa35-97c12a2f72a3@group-3F41E8AD953A, cid=2170, SUCCESS, logIndex=3172, commits[aeb608e6-131f-44e0-aa35-97c12a2f72a3:c3173, b6a0d396-0e26-402b-ac58-4f0615a4fad6:c3169, 8b17640a-2548-4323-bd97-ba3488877b23:c3169]
2019-08-20 11:35:46,332 INFO  client.GrpcClientProtocolClient (GrpcClientProtocolClient.java:onNext(255)) - client-FC58CAF12498->aeb608e6-131f-44e0-aa35-97c12a2f72a3: receive RaftClientReply:client-FC58CAF12498->aeb608e6-131f-44e0-aa35-97c12a2f72a3@group-3F41E8AD953A, cid=2171, SUCCESS, logIndex=3173, commits[aeb608e6-131f-44e0-aa35-97c12a2f72a3:c3173, b6a0d396-0e26-402b-ac58-4f0615a4fad6:c3169, 8b17640a-2548-4323-bd97-ba3488877b23:c3169]
2019-08-20 11:35:46,345 INFO  client.GrpcClientProtocolClient (GrpcClientProtocolClient.java:onNext(255)) - client-FC58CAF12498->aeb608e6-131f-44e0-aa35-97c12a2f72a3: receive RaftClientReply:client-FC58CAF12498->aeb608e6-131f-44e0-aa35-97c12a2f72a3@group-3F41E8AD953A, cid=2172, SUCCESS, logIndex=0, commits[aeb608e6-131f-44e0-aa35-97c12a2f72a3:c3174, b6a0d396-0e26-402b-ac58-4f0615a4fad6:c3171, 8b17640a-2548-4323-bd97-ba3488877b23:c3171]
2019-08-20 11:35:46,370 INFO  client.GrpcClientProtocolClient (GrpcClientProtocolClient.java:onNext(255)) - client-FC58CAF12498->aeb608e6-131f-44e0-aa35-97c12a2f72a3: receive RaftClientReply:client-FC58CAF12498->aeb608e6-131f-44e0-aa35-97c12a2f72a3@group-3F41E8AD953A, cid=2173, SUCCESS, logIndex=3178, commits[aeb608e6-131f-44e0-aa35-97c12a2f72a3:c3179, b6a0d396-0e26-402b-ac58-4f0615a4fad6:c3173, 8b17640a-2548-4323-bd97-ba3488877b23:c3175]
2019-08-20 11:35:46,370 INFO  client.GrpcClientProtocolClient (GrpcClientProtocolClient.java:onNext(255)) - client-FC58CAF12498->aeb608e6-131f-44e0-aa35-97c12a2f72a3: receive RaftClientReply:client-FC58CAF12498->aeb608e6-131f-44e0-aa35-97c12a2f72a3@group-3F41E8AD953A, cid=2174, SUCCESS, logIndex=3179, commits[aeb608e6-131f-44e0-aa35-97c12a2f72a3:c3179, b6a0d396-0e26-402b-ac58-4f0615a4fad6:c3175, 8b17640a-2548-4323-bd97-ba3488877b23:c3175]
 0.00% |█                                                                                                    |  0/1 Time: 0:00:202019-08-20 11:35:46,397 INFO  client.GrpcClientProtocolClient (GrpcClientProtocolClient.java:onNext(255)) - client-FC58CAF12498->aeb608e6-131f-44e0-aa35-97c12a2f72a3: receive RaftClientReply:client-FC58CAF12498->aeb608e6-131f-44e0-aa35-97c12a2f72a3@group-3F41E8AD953A, cid=2175, SUCCESS, logIndex=3182, commits[aeb608e6-131f-44e0-aa35-97c12a2f72a3:c3182, b6a0d396-0e26-402b-ac58-4f0615a4fad6:c3179, 8b17640a-2548-4323-bd97-ba3488877b23:c3179]
2019-08-20 11:35:46,397 INFO  client.GrpcClientProtocolClient (GrpcClientProtocolClient.java:onNext(255)) - client-FC58CAF12498->aeb608e6-131f-44e0-aa35-97c12a2f72a3: receive RaftClientReply:client-FC58CAF12498->aeb608e6-131f-44e0-aa35-97c12a2f72a3@group-3F41E8AD953A, cid=2176, SUCCESS, logIndex=3183, commits[aeb608e6-131f-44e0-aa35-97c12a2f72a3:c3183, b6a0d396-0e26-402b-ac58-4f0615a4fad6:c3179, 8b17640a-2548-4323-bd97-ba3488877b23:c3179]
2019-08-20 11:35:46,421 INFO  client.GrpcClientProtocolClient (GrpcClientProtocolClient.java:onNext(255)) - client-FC58CAF12498->aeb608e6-131f-44e0-aa35-97c12a2f72a3: receive RaftClientReply:client-FC58CAF12498->aeb608e6-131f-44e0-aa35-97c12a2f72a3@group-3F41E8AD953A, cid=2177, SUCCESS, logIndex=0, commits[aeb608e6-131f-44e0-aa35-97c12a2f72a3:c3185, b6a0d396-0e26-402b-ac58-4f0615a4fad6:c3183, 8b17640a-2548-4323-bd97-ba3488877b23:c3183]
2019-08-20 11:35:46,451 INFO  client.GrpcClientProtocolClient (GrpcClientProtocolClient.java:onNext(255)) - client-FC58CAF12498->aeb608e6-131f-44e0-aa35-97c12a2f72a3: receive RaftClientReply:client-FC58CAF12498->aeb608e6-131f-44e0-aa35-97c12a2f72a3@group-3F41E8AD953A, cid=2178, SUCCESS, logIndex=3186, commits[aeb608e6-131f-44e0-aa35-97c12a2f72a3:c3187, b6a0d396-0e26-402b-ac58-4f0615a4fad6:c3185, 8b17640a-2548-4323-bd97-ba3488877b23:c3185]
2019-08-20 11:35:46,451 INFO  client.GrpcClientProtocolClient (GrpcClientProtocolClient.java:onNext(255)) - client-FC58CAF12498->aeb608e6-131f-44e0-aa35-97c12a2f72a3: receive RaftClientReply:client-FC58CAF12498->aeb608e6-131f-44e0-aa35-97c12a2f72a3@group-3F41E8AD953A, cid=2179, SUCCESS, logIndex=3187, commits[aeb608e6-131f-44e0-aa35-97c12a2f72a3:c3187, b6a0d396-0e26-402b-ac58-4f0615a4fad6:c3185, 8b17640a-2548-4323-bd97-ba3488877b23:c3185]
2019-08-20 11:35:46,464 INFO  client.GrpcClientProtocolClient (GrpcClientProtocolClient.java:onNext(255)) - client-FC58CAF12498->aeb608e6-131f-44e0-aa35-97c12a2f72a3: receive RaftClientReply:client-FC58CAF12498->aeb608e6-131f-44e0-aa35-97c12a2f72a3@group-3F41E8AD953A, cid=2180, SUCCESS, logIndex=3188, commits[aeb608e6-131f-44e0-aa35-97c12a2f72a3:c3189, b6a0d396-0e26-402b-ac58-4f0615a4fad6:c3185, 8b17640a-2548-4323-bd97-ba3488877b23:c3185]
2019-08-20 11:35:46,464 INFO  client.GrpcClientProtocolClient (GrpcClientProtocolClient.java:onNext(255)) - client-FC58CAF12498->aeb608e6-131f-44e0-aa35-97c12a2f72a3: receive RaftClientReply:client-FC58CAF12498->aeb608e6-131f-44e0-aa35-97c12a2f72a3@group-3F41E8AD953A, cid=2181, SUCCESS, logIndex=3189, commits[aeb608e6-131f-44e0-aa35-97c12a2f72a3:c3189, b6a0d396-0e26-402b-ac58-4f0615a4fad6:c3185, 8b17640a-2548-4323-bd97-ba3488877b23:c3185]
2019-08-20 11:35:46,467 INFO  client.GrpcClientProtocolClient (GrpcClientProtocolClient.java:onNext(255)) - client-FC58CAF12498->aeb608e6-131f-44e0-aa35-97c12a2f72a3: receive RaftClientReply:client-FC58CAF12498->aeb608e6-131f-44e0-aa35-97c12a2f72a3@group-3F41E8AD953A, cid=2182, SUCCESS, logIndex=0, commits[aeb608e6-131f-44e0-aa35-97c12a2f72a3:c3191, b6a0d396-0e26-402b-ac58-4f0615a4fad6:c3187, 8b17640a-2548-4323-bd97-ba3488877b23:c3187]
2019-08-20 11:35:46,479 INFO  client.GrpcClientProtocolClient (GrpcClientProtocolClient.java:onNext(255)) - client-FC58CAF12498->aeb608e6-131f-44e0-aa35-97c12a2f72a3: receive RaftClientReply:client-FC58CAF12498->aeb608e6-131f-44e0-aa35-97c12a2f72a3@group-3F41E8AD953A, cid=2183, SUCCESS, logIndex=3194, commits[aeb608e6-131f-44e0-aa35-97c12a2f72a3:c3195, b6a0d396-0e26-402b-ac58-4f0615a4fad6:c3191, 8b17640a-2548-4323-bd97-ba3488877b23:c3191]
2019-08-20 11:35:46,479 INFO  client.GrpcClientProtocolClient (GrpcClientProtocolClient.java:onNext(255)) - client-FC58CAF12498->aeb608e6-131f-44e0-aa35-97c12a2f72a3: receive RaftClientReply:client-FC58CAF12498->aeb608e6-131f-44e0-aa35-97c12a2f72a3@group-3F41E8AD953A, cid=2184, SUCCESS, logIndex=3195, commits[aeb608e6-131f-44e0-aa35-97c12a2f72a3:c3195, b6a0d396-0e26-402b-ac58-4f0615a4fad6:c3191, 8b17640a-2548-4323-bd97-ba3488877b23:c3191]
2019-08-20 11:35:46,503 INFO  client.GrpcClientProtocolClient (GrpcClientProtocolClient.java:onNext(255)) - client-FC58CAF12498->aeb608e6-131f-44e0-aa35-97c12a2f72a3: receive RaftClientReply:client-FC58CAF12498->aeb608e6-131f-44e0-aa35-97c12a2f72a3@group-3F41E8AD953A, cid=2185, SUCCESS, logIndex=3197, commits[aeb608e6-131f-44e0-aa35-97c12a2f72a3:c3198, b6a0d396-0e26-402b-ac58-4f0615a4fad6:c3196, 8b17640a-2548-4323-bd97-ba3488877b23:c3196]
2019-08-20 11:35:46,503 INFO  client.GrpcClientProtocolClient (GrpcClientProtocolClient.java:onNext(255)) - client-FC58CAF12498->aeb608e6-131f-44e0-aa35-97c12a2f72a3: receive RaftClientReply:client-FC58CAF12498->aeb608e6-131f-44e0-aa35-97c12a2f72a3@group-3F41E8AD953A, cid=2186, SUCCESS, logIndex=3198, commits[aeb608e6-131f-44e0-aa35-97c12a2f72a3:c3198, b6a0d396-0e26-402b-ac58-4f0615a4fad6:c3196, 8b17640a-2548-4323-bd97-ba3488877b23:c3196]
2019-08-20 11:35:46,515 INFO  client.GrpcClientProtocolClient (GrpcClientProtocolClient.java:onNext(255)) - client-FC58CAF12498->aeb608e6-131f-44e0-aa35-97c12a2f72a3: receive RaftClientReply:client-FC58CAF12498->aeb608e6-131f-44e0-aa35-97c12a2f72a3@group-3F41E8AD953A, cid=2187, SUCCESS, logIndex=0, commits[aeb608e6-131f-44e0-aa35-97c12a2f72a3:c3199, b6a0d396-0e26-402b-ac58-4f0615a4fad6:c3198, 8b17640a-2548-4323-bd97-ba3488877b23:c3198]
2019-08-20 11:35:46,549 INFO  client.GrpcClientProtocolClient (GrpcClientProtocolClient.java:onNext(255)) - client-FC58CAF12498->aeb608e6-131f-44e0-aa35-97c12a2f72a3: receive RaftClientReply:client-FC58CAF12498->aeb608e6-131f-44e0-aa35-97c12a2f72a3@group-3F41E8AD953A, cid=2188, SUCCESS, logIndex=3200, commits[aeb608e6-131f-44e0-aa35-97c12a2f72a3:c3203, b6a0d396-0e26-402b-ac58-4f0615a4fad6:c3199, 8b17640a-2548-4323-bd97-ba3488877b23:c3199]
2019-08-20 11:35:46,550 INFO  client.GrpcClientProtocolClient (GrpcClientProtocolClient.java:onNext(255)) - client-FC58CAF12498->aeb608e6-131f-44e0-aa35-97c12a2f72a3: receive RaftClientReply:client-FC58CAF12498->aeb608e6-131f-44e0-aa35-97c12a2f72a3@group-3F41E8AD953A, cid=2189, SUCCESS, logIndex=3201, commits[aeb608e6-131f-44e0-aa35-97c12a2f72a3:c3203, b6a0d396-0e26-402b-ac58-4f0615a4fad6:c3199, 8b17640a-2548-4323-bd97-ba3488877b23:c3199]
2019-08-20 11:35:46,550 INFO  client.GrpcClientProtocolClient (GrpcClientProtocolClient.java:onNext(255)) - client-FC58CAF12498->aeb608e6-131f-44e0-aa35-97c12a2f72a3: receive RaftClientReply:client-FC58CAF12498->aeb608e6-131f-44e0-aa35-97c12a2f72a3@group-3F41E8AD953A, cid=2190, SUCCESS, logIndex=3202, commits[aeb608e6-131f-44e0-aa35-97c12a2f72a3:c3203, b6a0d396-0e26-402b-ac58-4f0615a4fad6:c3199, 8b17640a-2548-4323-bd97-ba3488877b23:c3199]
2019-08-20 11:35:46,551 INFO  client.GrpcClientProtocolClient (GrpcClientProtocolClient.java:onNext(255)) - client-FC58CAF12498->aeb608e6-131f-44e0-aa35-97c12a2f72a3: receive RaftClientReply:client-FC58CAF12498->aeb608e6-131f-44e0-aa35-97c12a2f72a3@group-3F41E8AD953A, cid=2191, SUCCESS, logIndex=3203, commits[aeb608e6-131f-44e0-aa35-97c12a2f72a3:c3203, b6a0d396-0e26-402b-ac58-4f0615a4fad6:c3199, 8b17640a-2548-4323-bd97-ba3488877b23:c3199]
2019-08-20 11:35:46,576 INFO  client.GrpcClientProtocolClient (GrpcClientProtocolClient.java:onNext(255)) - client-FC58CAF12498->aeb608e6-131f-44e0-aa35-97c12a2f72a3: receive RaftClientReply:client-FC58CAF12498->aeb608e6-131f-44e0-aa35-97c12a2f72a3@group-3F41E8AD953A, cid=2192, SUCCESS, logIndex=0, commits[aeb608e6-131f-44e0-aa35-97c12a2f72a3:c3204, b6a0d396-0e26-402b-ac58-4f0615a4fad6:c3202, 8b17640a-2548-4323-bd97-ba3488877b23:c3203]
2019-08-20 11:35:46,598 INFO  client.GrpcClientProtocolClient (GrpcClientProtocolClient.java:onNext(255)) - client-FC58CAF12498->aeb608e6-131f-44e0-aa35-97c12a2f72a3: receive RaftClientReply:client-FC58CAF12498->aeb608e6-131f-44e0-aa35-97c12a2f72a3@group-3F41E8AD953A, cid=2193, SUCCESS, logIndex=3207, commits[aeb608e6-131f-44e0-aa35-97c12a2f72a3:c3208, b6a0d396-0e26-402b-ac58-4f0615a4fad6:c3206, 8b17640a-2548-4323-bd97-ba3488877b23:c3206]
2019-08-20 11:35:46,598 INFO  client.GrpcClientProtocolClient (GrpcClientProtocolClient.java:onNext(255)) - client-FC58CAF12498->aeb608e6-131f-44e0-aa35-97c12a2f72a3: receive RaftClientReply:client-FC58CAF12498->aeb608e6-131f-44e0-aa35-97c12a2f72a3@group-3F41E8AD953A, cid=2194, SUCCESS, logIndex=3208, commits[aeb608e6-131f-44e0-aa35-97c12a2f72a3:c3208, b6a0d396-0e26-402b-ac58-4f0615a4fad6:c3206, 8b17640a-2548-4323-bd97-ba3488877b23:c3206]
2019-08-20 11:35:46,625 INFO  client.GrpcClientProtocolClient (GrpcClientProtocolClient.java:onNext(255)) - client-FC58CAF12498->aeb608e6-131f-44e0-aa35-97c12a2f72a3: receive RaftClientReply:client-FC58CAF12498->aeb608e6-131f-44e0-aa35-97c12a2f72a3@group-3F41E8AD953A, cid=2195, SUCCESS, logIndex=3211, commits[aeb608e6-131f-44e0-aa35-97c12a2f72a3:c3212, b6a0d396-0e26-402b-ac58-4f0615a4fad6:c3208, 8b17640a-2548-4323-bd97-ba3488877b23:c3208]
2019-08-20 11:35:46,626 INFO  client.GrpcClientProtocolClient (GrpcClientProtocolClient.java:onNext(255)) - client-FC58CAF12498->aeb608e6-131f-44e0-aa35-97c12a2f72a3: receive RaftClientReply:client-FC58CAF12498->aeb608e6-131f-44e0-aa35-97c12a2f72a3@group-3F41E8AD953A, cid=2196, SUCCESS, logIndex=3212, commits[aeb608e6-131f-44e0-aa35-97c12a2f72a3:c3212, b6a0d396-0e26-402b-ac58-4f0615a4fad6:c3208, 8b17640a-2548-4323-bd97-ba3488877b23:c3208]
2019-08-20 11:35:46,652 INFO  client.GrpcClientProtocolClient (GrpcClientProtocolClient.java:onNext(255)) - client-FC58CAF12498->aeb608e6-131f-44e0-aa35-97c12a2f72a3: receive RaftClientReply:client-FC58CAF12498->aeb608e6-131f-44e0-aa35-97c12a2f72a3@group-3F41E8AD953A, cid=2197, SUCCESS, logIndex=0, commits[aeb608e6-131f-44e0-aa35-97c12a2f72a3:c3214, b6a0d396-0e26-402b-ac58-4f0615a4fad6:c3212, 8b17640a-2548-4323-bd97-ba3488877b23:c3212]
2019-08-20 11:35:46,686 INFO  client.GrpcClientProtocolClient (GrpcClientProtocolClient.java:onNext(255)) - client-FC58CAF12498->aeb608e6-131f-44e0-aa35-97c12a2f72a3: receive RaftClientReply:client-FC58CAF12498->aeb608e6-131f-44e0-aa35-97c12a2f72a3@group-3F41E8AD953A, cid=2198, SUCCESS, logIndex=3215, commits[aeb608e6-131f-44e0-aa35-97c12a2f72a3:c3216, b6a0d396-0e26-402b-ac58-4f0615a4fad6:c3214, 8b17640a-2548-4323-bd97-ba3488877b23:c3214]
2019-08-20 11:35:46,686 INFO  client.GrpcClientProtocolClient (GrpcClientProtocolClient.java:onNext(255)) - client-FC58CAF12498->aeb608e6-131f-44e0-aa35-97c12a2f72a3: receive RaftClientReply:client-FC58CAF12498->aeb608e6-131f-44e0-aa35-97c12a2f72a3@group-3F41E8AD953A, cid=2199, SUCCESS, logIndex=3216, commits[aeb608e6-131f-44e0-aa35-97c12a2f72a3:c3216, b6a0d396-0e26-402b-ac58-4f0615a4fad6:c3214, 8b17640a-2548-4323-bd97-ba3488877b23:c3214]
2019-08-20 11:35:46,696 INFO  client.GrpcClientProtocolClient (GrpcClientProtocolClient.java:onNext(255)) - client-FC58CAF12498->aeb608e6-131f-44e0-aa35-97c12a2f72a3: receive RaftClientReply:client-FC58CAF12498->aeb608e6-131f-44e0-aa35-97c12a2f72a3@group-3F41E8AD953A, cid=2200, SUCCESS, logIndex=3217, commits[aeb608e6-131f-44e0-aa35-97c12a2f72a3:c3218, b6a0d396-0e26-402b-ac58-4f0615a4fad6:c3214, 8b17640a-2548-4323-bd97-ba3488877b23:c3214]
2019-08-20 11:35:46,696 INFO  client.GrpcClientProtocolClient (GrpcClientProtocolClient.java:onNext(255)) - client-FC58CAF12498->aeb608e6-131f-44e0-aa35-97c12a2f72a3: receive RaftClientReply:client-FC58CAF12498->aeb608e6-131f-44e0-aa35-97c12a2f72a3@group-3F41E8AD953A, cid=2201, SUCCESS, logIndex=3218, commits[aeb608e6-131f-44e0-aa35-97c12a2f72a3:c3218, b6a0d396-0e26-402b-ac58-4f0615a4fad6:c3214, 8b17640a-2548-4323-bd97-ba3488877b23:c3214]
2019-08-20 11:35:46,709 INFO  client.GrpcClientProtocolClient (GrpcClientProtocolClient.java:onNext(255)) - client-FC58CAF12498->aeb608e6-131f-44e0-aa35-97c12a2f72a3: receive RaftClientReply:client-FC58CAF12498->aeb608e6-131f-44e0-aa35-97c12a2f72a3@group-3F41E8AD953A, cid=2202, SUCCESS, logIndex=0, commits[aeb608e6-131f-44e0-aa35-97c12a2f72a3:c3219, b6a0d396-0e26-402b-ac58-4f0615a4fad6:c3216, 8b17640a-2548-4323-bd97-ba3488877b23:c3216]
2019-08-20 11:35:46,729 INFO  client.GrpcClientProtocolClient (GrpcClientProtocolClient.java:onNext(255)) - client-FC58CAF12498->aeb608e6-131f-44e0-aa35-97c12a2f72a3: receive RaftClientReply:client-FC58CAF12498->aeb608e6-131f-44e0-aa35-97c12a2f72a3@group-3F41E8AD953A, cid=2203, SUCCESS, logIndex=3222, commits[aeb608e6-131f-44e0-aa35-97c12a2f72a3:c3223, b6a0d396-0e26-402b-ac58-4f0615a4fad6:c3221, 8b17640a-2548-4323-bd97-ba3488877b23:c3221]
2019-08-20 11:35:46,730 INFO  client.GrpcClientProtocolClient (GrpcClientProtocolClient.java:onNext(255)) - client-FC58CAF12498->aeb608e6-131f-44e0-aa35-97c12a2f72a3: receive RaftClientReply:client-FC58CAF12498->aeb608e6-131f-44e0-aa35-97c12a2f72a3@group-3F41E8AD953A, cid=2204, SUCCESS, logIndex=3223, commits[aeb608e6-131f-44e0-aa35-97c12a2f72a3:c3223, b6a0d396-0e26-402b-ac58-4f0615a4fad6:c3221, 8b17640a-2548-4323-bd97-ba3488877b23:c3221]
2019-08-20 11:35:46,749 INFO  client.GrpcClientProtocolClient (GrpcClientProtocolClient.java:onNext(255)) - client-FC58CAF12498->aeb608e6-131f-44e0-aa35-97c12a2f72a3: receive RaftClientReply:client-FC58CAF12498->aeb608e6-131f-44e0-aa35-97c12a2f72a3@group-3F41E8AD953A, cid=2205, SUCCESS, logIndex=3226, commits[aeb608e6-131f-44e0-aa35-97c12a2f72a3:c3226, b6a0d396-0e26-402b-ac58-4f0615a4fad6:c3223, 8b17640a-2548-4323-bd97-ba3488877b23:c3223]
2019-08-20 11:35:46,750 INFO  client.GrpcClientProtocolClient (GrpcClientProtocolClient.java:onNext(255)) - client-FC58CAF12498->aeb608e6-131f-44e0-aa35-97c12a2f72a3: receive RaftClientReply:client-FC58CAF12498->aeb608e6-131f-44e0-aa35-97c12a2f72a3@group-3F41E8AD953A, cid=2206, SUCCESS, logIndex=3227, commits[aeb608e6-131f-44e0-aa35-97c12a2f72a3:c3227, b6a0d396-0e26-402b-ac58-4f0615a4fad6:c3223, 8b17640a-2548-4323-bd97-ba3488877b23:c3223]
2019-08-20 11:35:46,767 INFO  client.GrpcClientProtocolClient (GrpcClientProtocolClient.java:onNext(255)) - client-FC58CAF12498->aeb608e6-131f-44e0-aa35-97c12a2f72a3: receive RaftClientReply:client-FC58CAF12498->aeb608e6-131f-44e0-aa35-97c12a2f72a3@group-3F41E8AD953A, cid=2207, SUCCESS, logIndex=0, commits[aeb608e6-131f-44e0-aa35-97c12a2f72a3:c3229, b6a0d396-0e26-402b-ac58-4f0615a4fad6:c3227, 8b17640a-2548-4323-bd97-ba3488877b23:c3227]
2019-08-20 11:35:46,813 INFO  client.GrpcClientProtocolClient (GrpcClientProtocolClient.java:onNext(255)) - client-FC58CAF12498->aeb608e6-131f-44e0-aa35-97c12a2f72a3: receive RaftClientReply:client-FC58CAF12498->aeb608e6-131f-44e0-aa35-97c12a2f72a3@group-3F41E8AD953A, cid=2208, SUCCESS, logIndex=3230, commits[aeb608e6-131f-44e0-aa35-97c12a2f72a3:c3232, b6a0d396-0e26-402b-ac58-4f0615a4fad6:c3229, 8b17640a-2548-4323-bd97-ba3488877b23:c3229]
2019-08-20 11:35:46,814 INFO  client.GrpcClientProtocolClient (GrpcClientProtocolClient.java:onNext(255)) - client-FC58CAF12498->aeb608e6-131f-44e0-aa35-97c12a2f72a3: receive RaftClientReply:client-FC58CAF12498->aeb608e6-131f-44e0-aa35-97c12a2f72a3@group-3F41E8AD953A, cid=2209, SUCCESS, logIndex=3231, commits[aeb608e6-131f-44e0-aa35-97c12a2f72a3:c3232, b6a0d396-0e26-402b-ac58-4f0615a4fad6:c3229, 8b17640a-2548-4323-bd97-ba3488877b23:c3229]
2019-08-20 11:35:46,814 INFO  client.GrpcClientProtocolClient (GrpcClientProtocolClient.java:onNext(255)) - client-FC58CAF12498->aeb608e6-131f-44e0-aa35-97c12a2f72a3: receive RaftClientReply:client-FC58CAF12498->aeb608e6-131f-44e0-aa35-97c12a2f72a3@group-3F41E8AD953A, cid=2210, SUCCESS, logIndex=3232, commits[aeb608e6-131f-44e0-aa35-97c12a2f72a3:c3232, b6a0d396-0e26-402b-ac58-4f0615a4fad6:c3229, 8b17640a-2548-4323-bd97-ba3488877b23:c3229]
2019-08-20 11:35:46,815 INFO  client.GrpcClientProtocolClient (GrpcClientProtocolClient.java:onNext(255)) - client-FC58CAF12498->aeb608e6-131f-44e0-aa35-97c12a2f72a3: receive RaftClientReply:client-FC58CAF12498->aeb608e6-131f-44e0-aa35-97c12a2f72a3@group-3F41E8AD953A, cid=2211, SUCCESS, logIndex=3233, commits[aeb608e6-131f-44e0-aa35-97c12a2f72a3:c3233, b6a0d396-0e26-402b-ac58-4f0615a4fad6:c3229, 8b17640a-2548-4323-bd97-ba3488877b23:c3229]
2019-08-20 11:35:46,840 INFO  client.GrpcClientProtocolClient (GrpcClientProtocolClient.java:onNext(255)) - client-FC58CAF12498->aeb608e6-131f-44e0-aa35-97c12a2f72a3: receive RaftClientReply:client-FC58CAF12498->aeb608e6-131f-44e0-aa35-97c12a2f72a3@group-3F41E8AD953A, cid=2212, SUCCESS, logIndex=0, commits[aeb608e6-131f-44e0-aa35-97c12a2f72a3:c3236, b6a0d396-0e26-402b-ac58-4f0615a4fad6:c3232, 8b17640a-2548-4323-bd97-ba3488877b23:c3231]
2019-08-20 11:35:46,860 INFO  client.GrpcClientProtocolClient (GrpcClientProtocolClient.java:onNext(255)) - client-FC58CAF12498->aeb608e6-131f-44e0-aa35-97c12a2f72a3: receive RaftClientReply:client-FC58CAF12498->aeb608e6-131f-44e0-aa35-97c12a2f72a3@group-3F41E8AD953A, cid=2213, SUCCESS, logIndex=3238, commits[aeb608e6-131f-44e0-aa35-97c12a2f72a3:c3239, b6a0d396-0e26-402b-ac58-4f0615a4fad6:c3237, 8b17640a-2548-4323-bd97-ba3488877b23:c3237]
2019-08-20 11:35:46,861 INFO  client.GrpcClientProtocolClient (GrpcClientProtocolClient.java:onNext(255)) - client-FC58CAF12498->aeb608e6-131f-44e0-aa35-97c12a2f72a3: receive RaftClientReply:client-FC58CAF12498->aeb608e6-131f-44e0-aa35-97c12a2f72a3@group-3F41E8AD953A, cid=2214, SUCCESS, logIndex=3239, commits[aeb608e6-131f-44e0-aa35-97c12a2f72a3:c3239, b6a0d396-0e26-402b-ac58-4f0615a4fad6:c3237, 8b17640a-2548-4323-bd97-ba3488877b23:c3237]
2019-08-20 11:35:46,888 INFO  client.GrpcClientProtocolClient (GrpcClientProtocolClient.java:onNext(255)) - client-FC58CAF12498->aeb608e6-131f-44e0-aa35-97c12a2f72a3: receive RaftClientReply:client-FC58CAF12498->aeb608e6-131f-44e0-aa35-97c12a2f72a3@group-3F41E8AD953A, cid=2215, SUCCESS, logIndex=3242, commits[aeb608e6-131f-44e0-aa35-97c12a2f72a3:c3243, b6a0d396-0e26-402b-ac58-4f0615a4fad6:c3239, 8b17640a-2548-4323-bd97-ba3488877b23:c3239]
2019-08-20 11:35:46,889 INFO  client.GrpcClientProtocolClient (GrpcClientProtocolClient.java:onNext(255)) - client-FC58CAF12498->aeb608e6-131f-44e0-aa35-97c12a2f72a3: receive RaftClientReply:client-FC58CAF12498->aeb608e6-131f-44e0-aa35-97c12a2f72a3@group-3F41E8AD953A, cid=2216, SUCCESS, logIndex=3243, commits[aeb608e6-131f-44e0-aa35-97c12a2f72a3:c3243, b6a0d396-0e26-402b-ac58-4f0615a4fad6:c3239, 8b17640a-2548-4323-bd97-ba3488877b23:c3239]
2019-08-20 11:35:46,914 INFO  client.GrpcClientProtocolClient (GrpcClientProtocolClient.java:onNext(255)) - client-FC58CAF12498->aeb608e6-131f-44e0-aa35-97c12a2f72a3: receive RaftClientReply:client-FC58CAF12498->aeb608e6-131f-44e0-aa35-97c12a2f72a3@group-3F41E8AD953A, cid=2217, SUCCESS, logIndex=0, commits[aeb608e6-131f-44e0-aa35-97c12a2f72a3:c3245, b6a0d396-0e26-402b-ac58-4f0615a4fad6:c3243, 8b17640a-2548-4323-bd97-ba3488877b23:c3243]
2019-08-20 11:35:46,949 INFO  client.GrpcClientProtocolClient (GrpcClientProtocolClient.java:onNext(255)) - client-FC58CAF12498->aeb608e6-131f-44e0-aa35-97c12a2f72a3: receive RaftClientReply:client-FC58CAF12498->aeb608e6-131f-44e0-aa35-97c12a2f72a3@group-3F41E8AD953A, cid=2218, SUCCESS, logIndex=3246, commits[aeb608e6-131f-44e0-aa35-97c12a2f72a3:c3247, b6a0d396-0e26-402b-ac58-4f0615a4fad6:c3245, 8b17640a-2548-4323-bd97-ba3488877b23:c3245]
2019-08-20 11:35:46,949 INFO  client.GrpcClientProtocolClient (GrpcClientProtocolClient.java:onNext(255)) - client-FC58CAF12498->aeb608e6-131f-44e0-aa35-97c12a2f72a3: receive RaftClientReply:client-FC58CAF12498->aeb608e6-131f-44e0-aa35-97c12a2f72a3@group-3F41E8AD953A, cid=2219, SUCCESS, logIndex=3247, commits[aeb608e6-131f-44e0-aa35-97c12a2f72a3:c3247, b6a0d396-0e26-402b-ac58-4f0615a4fad6:c3245, 8b17640a-2548-4323-bd97-ba3488877b23:c3245]
2019-08-20 11:35:46,960 INFO  client.GrpcClientProtocolClient (GrpcClientProtocolClient.java:onNext(255)) - client-FC58CAF12498->aeb608e6-131f-44e0-aa35-97c12a2f72a3: receive RaftClientReply:client-FC58CAF12498->aeb608e6-131f-44e0-aa35-97c12a2f72a3@group-3F41E8AD953A, cid=2220, SUCCESS, logIndex=3248, commits[aeb608e6-131f-44e0-aa35-97c12a2f72a3:c3249, b6a0d396-0e26-402b-ac58-4f0615a4fad6:c3245, 8b17640a-2548-4323-bd97-ba3488877b23:c3245]
2019-08-20 11:35:46,961 INFO  client.GrpcClientProtocolClient (GrpcClientProtocolClient.java:onNext(255)) - client-FC58CAF12498->aeb608e6-131f-44e0-aa35-97c12a2f72a3: receive RaftClientReply:client-FC58CAF12498->aeb608e6-131f-44e0-aa35-97c12a2f72a3@group-3F41E8AD953A, cid=2221, SUCCESS, logIndex=3249, commits[aeb608e6-131f-44e0-aa35-97c12a2f72a3:c3249, b6a0d396-0e26-402b-ac58-4f0615a4fad6:c3245, 8b17640a-2548-4323-bd97-ba3488877b23:c3245]
2019-08-20 11:35:46,969 INFO  client.GrpcClientProtocolClient (GrpcClientProtocolClient.java:onNext(255)) - client-FC58CAF12498->aeb608e6-131f-44e0-aa35-97c12a2f72a3: receive RaftClientReply:client-FC58CAF12498->aeb608e6-131f-44e0-aa35-97c12a2f72a3@group-3F41E8AD953A, cid=2222, SUCCESS, logIndex=0, commits[aeb608e6-131f-44e0-aa35-97c12a2f72a3:c3250, b6a0d396-0e26-402b-ac58-4f0615a4fad6:c3247, 8b17640a-2548-4323-bd97-ba3488877b23:c3247]
2019-08-20 11:35:46,988 INFO  client.GrpcClientProtocolClient (GrpcClientProtocolClient.java:onNext(255)) - client-FC58CAF12498->aeb608e6-131f-44e0-aa35-97c12a2f72a3: receive RaftClientReply:client-FC58CAF12498->aeb608e6-131f-44e0-aa35-97c12a2f72a3@group-3F41E8AD953A, cid=2223, SUCCESS, logIndex=3253, commits[aeb608e6-131f-44e0-aa35-97c12a2f72a3:c3253, b6a0d396-0e26-402b-ac58-4f0615a4fad6:c3252, 8b17640a-2548-4323-bd97-ba3488877b23:c3252]
2019-08-20 11:35:46,989 INFO  client.GrpcClientProtocolClient (GrpcClientProtocolClient.java:onNext(255)) - client-FC58CAF12498->aeb608e6-131f-44e0-aa35-97c12a2f72a3: receive RaftClientReply:client-FC58CAF12498->aeb608e6-131f-44e0-aa35-97c12a2f72a3@group-3F41E8AD953A, cid=2224, SUCCESS, logIndex=3254, commits[aeb608e6-131f-44e0-aa35-97c12a2f72a3:c3254, b6a0d396-0e26-402b-ac58-4f0615a4fad6:c3252, 8b17640a-2548-4323-bd97-ba3488877b23:c3252]
2019-08-20 11:35:47,013 INFO  client.GrpcClientProtocolClient (GrpcClientProtocolClient.java:onNext(255)) - client-FC58CAF12498->aeb608e6-131f-44e0-aa35-97c12a2f72a3: receive RaftClientReply:client-FC58CAF12498->aeb608e6-131f-44e0-aa35-97c12a2f72a3@group-3F41E8AD953A, cid=2225, SUCCESS, logIndex=3257, commits[aeb608e6-131f-44e0-aa35-97c12a2f72a3:c3257, b6a0d396-0e26-402b-ac58-4f0615a4fad6:c3254, 8b17640a-2548-4323-bd97-ba3488877b23:c3254]
2019-08-20 11:35:47,014 INFO  client.GrpcClientProtocolClient (GrpcClientProtocolClient.java:onNext(255)) - client-FC58CAF12498->aeb608e6-131f-44e0-aa35-97c12a2f72a3: receive RaftClientReply:client-FC58CAF12498->aeb608e6-131f-44e0-aa35-97c12a2f72a3@group-3F41E8AD953A, cid=2226, SUCCESS, logIndex=3258, commits[aeb608e6-131f-44e0-aa35-97c12a2f72a3:c3258, b6a0d396-0e26-402b-ac58-4f0615a4fad6:c3254, 8b17640a-2548-4323-bd97-ba3488877b23:c3254]
2019-08-20 11:35:47,030 INFO  client.GrpcClientProtocolClient (GrpcClientProtocolClient.java:onNext(255)) - client-FC58CAF12498->aeb608e6-131f-44e0-aa35-97c12a2f72a3: receive RaftClientReply:client-FC58CAF12498->aeb608e6-131f-44e0-aa35-97c12a2f72a3@group-3F41E8AD953A, cid=2227, SUCCESS, logIndex=0, commits[aeb608e6-131f-44e0-aa35-97c12a2f72a3:c3260, b6a0d396-0e26-402b-ac58-4f0615a4fad6:c3258, 8b17640a-2548-4323-bd97-ba3488877b23:c3258]
2019-08-20 11:35:47,062 INFO  client.GrpcClientProtocolClient (GrpcClientProtocolClient.java:onNext(255)) - client-FC58CAF12498->aeb608e6-131f-44e0-aa35-97c12a2f72a3: receive RaftClientReply:client-FC58CAF12498->aeb608e6-131f-44e0-aa35-97c12a2f72a3@group-3F41E8AD953A, cid=2228, SUCCESS, logIndex=3261, commits[aeb608e6-131f-44e0-aa35-97c12a2f72a3:c3261, b6a0d396-0e26-402b-ac58-4f0615a4fad6:c3258, 8b17640a-2548-4323-bd97-ba3488877b23:c3260]
2019-08-20 11:35:47,062 INFO  client.GrpcClientProtocolClient (GrpcClientProtocolClient.java:onNext(255)) - client-FC58CAF12498->aeb608e6-131f-44e0-aa35-97c12a2f72a3: receive RaftClientReply:client-FC58CAF12498->aeb608e6-131f-44e0-aa35-97c12a2f72a3@group-3F41E8AD953A, cid=2229, SUCCESS, logIndex=3262, commits[aeb608e6-131f-44e0-aa35-97c12a2f72a3:c3264, b6a0d396-0e26-402b-ac58-4f0615a4fad6:c3260, 8b17640a-2548-4323-bd97-ba3488877b23:c3260]
2019-08-20 11:35:47,062 INFO  client.GrpcClientProtocolClient (GrpcClientProtocolClient.java:onNext(255)) - client-FC58CAF12498->aeb608e6-131f-44e0-aa35-97c12a2f72a3: receive RaftClientReply:client-FC58CAF12498->aeb608e6-131f-44e0-aa35-97c12a2f72a3@group-3F41E8AD953A, cid=2230, SUCCESS, logIndex=3263, commits[aeb608e6-131f-44e0-aa35-97c12a2f72a3:c3264, b6a0d396-0e26-402b-ac58-4f0615a4fad6:c3260, 8b17640a-2548-4323-bd97-ba3488877b23:c3260]
2019-08-20 11:35:47,063 INFO  client.GrpcClientProtocolClient (GrpcClientProtocolClient.java:onNext(255)) - client-FC58CAF12498->aeb608e6-131f-44e0-aa35-97c12a2f72a3: receive RaftClientReply:client-FC58CAF12498->aeb608e6-131f-44e0-aa35-97c12a2f72a3@group-3F41E8AD953A, cid=2231, SUCCESS, logIndex=3264, commits[aeb608e6-131f-44e0-aa35-97c12a2f72a3:c3264, b6a0d396-0e26-402b-ac58-4f0615a4fad6:c3260, 8b17640a-2548-4323-bd97-ba3488877b23:c3260]
2019-08-20 11:35:47,084 INFO  client.GrpcClientProtocolClient (GrpcClientProtocolClient.java:onNext(255)) - client-FC58CAF12498->aeb608e6-131f-44e0-aa35-97c12a2f72a3: receive RaftClientReply:client-FC58CAF12498->aeb608e6-131f-44e0-aa35-97c12a2f72a3@group-3F41E8AD953A, cid=2232, SUCCESS, logIndex=0, commits[aeb608e6-131f-44e0-aa35-97c12a2f72a3:c3266, b6a0d396-0e26-402b-ac58-4f0615a4fad6:c3262, 8b17640a-2548-4323-bd97-ba3488877b23:c3262]
2019-08-20 11:35:47,111 INFO  client.GrpcClientProtocolClient (GrpcClientProtocolClient.java:onNext(255)) - client-FC58CAF12498->aeb608e6-131f-44e0-aa35-97c12a2f72a3: receive RaftClientReply:client-FC58CAF12498->aeb608e6-131f-44e0-aa35-97c12a2f72a3@group-3F41E8AD953A, cid=2233, SUCCESS, logIndex=3268, commits[aeb608e6-131f-44e0-aa35-97c12a2f72a3:c3269, b6a0d396-0e26-402b-ac58-4f0615a4fad6:c3267, 8b17640a-2548-4323-bd97-ba3488877b23:c3267]
2019-08-20 11:35:47,111 INFO  client.GrpcClientProtocolClient (GrpcClientProtocolClient.java:onNext(255)) - client-FC58CAF12498->aeb608e6-131f-44e0-aa35-97c12a2f72a3: receive RaftClientReply:client-FC58CAF12498->aeb608e6-131f-44e0-aa35-97c12a2f72a3@group-3F41E8AD953A, cid=2234, SUCCESS, logIndex=3269, commits[aeb608e6-131f-44e0-aa35-97c12a2f72a3:c3269, b6a0d396-0e26-402b-ac58-4f0615a4fad6:c3267, 8b17640a-2548-4323-bd97-ba3488877b23:c3267]
2019-08-20 11:35:47,126 INFO  client.GrpcClientProtocolClient (GrpcClientProtocolClient.java:onNext(255)) - client-FC58CAF12498->aeb608e6-131f-44e0-aa35-97c12a2f72a3: receive RaftClientReply:client-FC58CAF12498->aeb608e6-131f-44e0-aa35-97c12a2f72a3@group-3F41E8AD953A, cid=2235, SUCCESS, logIndex=3272, commits[aeb608e6-131f-44e0-aa35-97c12a2f72a3:c3273, b6a0d396-0e26-402b-ac58-4f0615a4fad6:c3269, 8b17640a-2548-4323-bd97-ba3488877b23:c3269]
2019-08-20 11:35:47,126 INFO  client.GrpcClientProtocolClient (GrpcClientProtocolClient.java:onNext(255)) - client-FC58CAF12498->aeb608e6-131f-44e0-aa35-97c12a2f72a3: receive RaftClientReply:client-FC58CAF12498->aeb608e6-131f-44e0-aa35-97c12a2f72a3@group-3F41E8AD953A, cid=2236, SUCCESS, logIndex=3273, commits[aeb608e6-131f-44e0-aa35-97c12a2f72a3:c3273, b6a0d396-0e26-402b-ac58-4f0615a4fad6:c3269, 8b17640a-2548-4323-bd97-ba3488877b23:c3269]
2019-08-20 11:35:47,151 INFO  client.GrpcClientProtocolClient (GrpcClientProtocolClient.java:onNext(255)) - client-FC58CAF12498->aeb608e6-131f-44e0-aa35-97c12a2f72a3: receive RaftClientReply:client-FC58CAF12498->aeb608e6-131f-44e0-aa35-97c12a2f72a3@group-3F41E8AD953A, cid=2237, SUCCESS, logIndex=0, commits[aeb608e6-131f-44e0-aa35-97c12a2f72a3:c3275, b6a0d396-0e26-402b-ac58-4f0615a4fad6:c3273, 8b17640a-2548-4323-bd97-ba3488877b23:c3273]
2019-08-20 11:35:47,324 INFO  client.GrpcClientProtocolClient (GrpcClientProtocolClient.java:onNext(255)) - client-FC58CAF12498->aeb608e6-131f-44e0-aa35-97c12a2f72a3: receive RaftClientReply:client-FC58CAF12498->aeb608e6-131f-44e0-aa35-97c12a2f72a3@group-3F41E8AD953A, cid=2238, SUCCESS, logIndex=3276, commits[aeb608e6-131f-44e0-aa35-97c12a2f72a3:c3278, b6a0d396-0e26-402b-ac58-4f0615a4fad6:c3275, 8b17640a-2548-4323-bd97-ba3488877b23:c3275]
2019-08-20 11:35:47,325 INFO  client.GrpcClientProtocolClient (GrpcClientProtocolClient.java:onNext(255)) - client-FC58CAF12498->aeb608e6-131f-44e0-aa35-97c12a2f72a3: receive RaftClientReply:client-FC58CAF12498->aeb608e6-131f-44e0-aa35-97c12a2f72a3@group-3F41E8AD953A, cid=2239, SUCCESS, logIndex=3277, commits[aeb608e6-131f-44e0-aa35-97c12a2f72a3:c3278, b6a0d396-0e26-402b-ac58-4f0615a4fad6:c3275, 8b17640a-2548-4323-bd97-ba3488877b23:c3275]
2019-08-20 11:35:47,325 INFO  client.GrpcClientProtocolClient (GrpcClientProtocolClient.java:onNext(255)) - client-FC58CAF12498->aeb608e6-131f-44e0-aa35-97c12a2f72a3: receive RaftClientReply:client-FC58CAF12498->aeb608e6-131f-44e0-aa35-97c12a2f72a3@group-3F41E8AD953A, cid=2240, SUCCESS, logIndex=3278, commits[aeb608e6-131f-44e0-aa35-97c12a2f72a3:c3279, b6a0d396-0e26-402b-ac58-4f0615a4fad6:c3275, 8b17640a-2548-4323-bd97-ba3488877b23:c3275]
2019-08-20 11:35:47,326 INFO  client.GrpcClientProtocolClient (GrpcClientProtocolClient.java:onNext(255)) - client-FC58CAF12498->aeb608e6-131f-44e0-aa35-97c12a2f72a3: receive RaftClientReply:client-FC58CAF12498->aeb608e6-131f-44e0-aa35-97c12a2f72a3@group-3F41E8AD953A, cid=2241, SUCCESS, logIndex=3279, commits[aeb608e6-131f-44e0-aa35-97c12a2f72a3:c3279, b6a0d396-0e26-402b-ac58-4f0615a4fad6:c3275, 8b17640a-2548-4323-bd97-ba3488877b23:c3275]
2019-08-20 11:35:47,345 INFO  client.GrpcClientProtocolClient (GrpcClientProtocolClient.java:onNext(255)) - client-FC58CAF12498->aeb608e6-131f-44e0-aa35-97c12a2f72a3: receive RaftClientReply:client-FC58CAF12498->aeb608e6-131f-44e0-aa35-97c12a2f72a3@group-3F41E8AD953A, cid=2242, SUCCESS, logIndex=0, commits[aeb608e6-131f-44e0-aa35-97c12a2f72a3:c3281, b6a0d396-0e26-402b-ac58-4f0615a4fad6:c3278, 8b17640a-2548-4323-bd97-ba3488877b23:c3278]
2019-08-20 11:35:47,369 INFO  client.GrpcClientProtocolClient (GrpcClientProtocolClient.java:onNext(255)) - client-FC58CAF12498->aeb608e6-131f-44e0-aa35-97c12a2f72a3: receive RaftClientReply:client-FC58CAF12498->aeb608e6-131f-44e0-aa35-97c12a2f72a3@group-3F41E8AD953A, cid=2243, SUCCESS, logIndex=3284, commits[aeb608e6-131f-44e0-aa35-97c12a2f72a3:c3285, b6a0d396-0e26-402b-ac58-4f0615a4fad6:c3279, 8b17640a-2548-4323-bd97-ba3488877b23:c3283]
2019-08-20 11:35:47,369 INFO  client.GrpcClientProtocolClient (GrpcClientProtocolClient.java:onNext(255)) - client-FC58CAF12498->aeb608e6-131f-44e0-aa35-97c12a2f72a3: receive RaftClientReply:client-FC58CAF12498->aeb608e6-131f-44e0-aa35-97c12a2f72a3@group-3F41E8AD953A, cid=2244, SUCCESS, logIndex=3285, commits[aeb608e6-131f-44e0-aa35-97c12a2f72a3:c3285, b6a0d396-0e26-402b-ac58-4f0615a4fad6:c3283, 8b17640a-2548-4323-bd97-ba3488877b23:c3283]
 0.00% |█                                                                                                    |  0/1 Time: 0:00:212019-08-20 11:35:47,383 INFO  client.GrpcClientProtocolClient (GrpcClientProtocolClient.java:onNext(255)) - client-FC58CAF12498->aeb608e6-131f-44e0-aa35-97c12a2f72a3: receive RaftClientReply:client-FC58CAF12498->aeb608e6-131f-44e0-aa35-97c12a2f72a3@group-3F41E8AD953A, cid=2245, SUCCESS, logIndex=3288, commits[aeb608e6-131f-44e0-aa35-97c12a2f72a3:c3289, b6a0d396-0e26-402b-ac58-4f0615a4fad6:c3285, 8b17640a-2548-4323-bd97-ba3488877b23:c3285]
2019-08-20 11:35:47,383 INFO  client.GrpcClientProtocolClient (GrpcClientProtocolClient.java:onNext(255)) - client-FC58CAF12498->aeb608e6-131f-44e0-aa35-97c12a2f72a3: receive RaftClientReply:client-FC58CAF12498->aeb608e6-131f-44e0-aa35-97c12a2f72a3@group-3F41E8AD953A, cid=2246, SUCCESS, logIndex=3289, commits[aeb608e6-131f-44e0-aa35-97c12a2f72a3:c3289, b6a0d396-0e26-402b-ac58-4f0615a4fad6:c3285, 8b17640a-2548-4323-bd97-ba3488877b23:c3285]
2019-08-20 11:35:47,396 INFO  client.GrpcClientProtocolClient (GrpcClientProtocolClient.java:onNext(255)) - client-FC58CAF12498->aeb608e6-131f-44e0-aa35-97c12a2f72a3: receive RaftClientReply:client-FC58CAF12498->aeb608e6-131f-44e0-aa35-97c12a2f72a3@group-3F41E8AD953A, cid=2247, SUCCESS, logIndex=0, commits[aeb608e6-131f-44e0-aa35-97c12a2f72a3:c3290, b6a0d396-0e26-402b-ac58-4f0615a4fad6:c3289, 8b17640a-2548-4323-bd97-ba3488877b23:c3289]
2019-08-20 11:35:47,425 INFO  client.GrpcClientProtocolClient (GrpcClientProtocolClient.java:onNext(255)) - client-FC58CAF12498->aeb608e6-131f-44e0-aa35-97c12a2f72a3: receive RaftClientReply:client-FC58CAF12498->aeb608e6-131f-44e0-aa35-97c12a2f72a3@group-3F41E8AD953A, cid=2248, SUCCESS, logIndex=3292, commits[aeb608e6-131f-44e0-aa35-97c12a2f72a3:c3293, b6a0d396-0e26-402b-ac58-4f0615a4fad6:c3291, 8b17640a-2548-4323-bd97-ba3488877b23:c3290]
2019-08-20 11:35:47,425 INFO  client.GrpcClientProtocolClient (GrpcClientProtocolClient.java:onNext(255)) - client-FC58CAF12498->aeb608e6-131f-44e0-aa35-97c12a2f72a3: receive RaftClientReply:client-FC58CAF12498->aeb608e6-131f-44e0-aa35-97c12a2f72a3@group-3F41E8AD953A, cid=2249, SUCCESS, logIndex=3293, commits[aeb608e6-131f-44e0-aa35-97c12a2f72a3:c3293, b6a0d396-0e26-402b-ac58-4f0615a4fad6:c3291, 8b17640a-2548-4323-bd97-ba3488877b23:c3290]
2019-08-20 11:35:47,435 INFO  client.GrpcClientProtocolClient (GrpcClientProtocolClient.java:onNext(255)) - client-FC58CAF12498->aeb608e6-131f-44e0-aa35-97c12a2f72a3: receive RaftClientReply:client-FC58CAF12498->aeb608e6-131f-44e0-aa35-97c12a2f72a3@group-3F41E8AD953A, cid=2250, SUCCESS, logIndex=3294, commits[aeb608e6-131f-44e0-aa35-97c12a2f72a3:c3295, b6a0d396-0e26-402b-ac58-4f0615a4fad6:c3291, 8b17640a-2548-4323-bd97-ba3488877b23:c3290]
2019-08-20 11:35:47,435 INFO  client.GrpcClientProtocolClient (GrpcClientProtocolClient.java:onNext(255)) - client-FC58CAF12498->aeb608e6-131f-44e0-aa35-97c12a2f72a3: receive RaftClientReply:client-FC58CAF12498->aeb608e6-131f-44e0-aa35-97c12a2f72a3@group-3F41E8AD953A, cid=2251, SUCCESS, logIndex=3295, commits[aeb608e6-131f-44e0-aa35-97c12a2f72a3:c3295, b6a0d396-0e26-402b-ac58-4f0615a4fad6:c3291, 8b17640a-2548-4323-bd97-ba3488877b23:c3290]
2019-08-20 11:35:47,450 INFO  client.GrpcClientProtocolClient (GrpcClientProtocolClient.java:onNext(255)) - client-FC58CAF12498->aeb608e6-131f-44e0-aa35-97c12a2f72a3: receive RaftClientReply:client-FC58CAF12498->aeb608e6-131f-44e0-aa35-97c12a2f72a3@group-3F41E8AD953A, cid=2252, SUCCESS, logIndex=0, commits[aeb608e6-131f-44e0-aa35-97c12a2f72a3:c3296, b6a0d396-0e26-402b-ac58-4f0615a4fad6:c3293, 8b17640a-2548-4323-bd97-ba3488877b23:c3293]
2019-08-20 11:35:47,462 INFO  client.GrpcClientProtocolClient (GrpcClientProtocolClient.java:onNext(255)) - client-FC58CAF12498->aeb608e6-131f-44e0-aa35-97c12a2f72a3: receive RaftClientReply:client-FC58CAF12498->aeb608e6-131f-44e0-aa35-97c12a2f72a3@group-3F41E8AD953A, cid=2253, SUCCESS, logIndex=3299, commits[aeb608e6-131f-44e0-aa35-97c12a2f72a3:c3300, b6a0d396-0e26-402b-ac58-4f0615a4fad6:c3295, 8b17640a-2548-4323-bd97-ba3488877b23:c3297]
2019-08-20 11:35:47,462 INFO  client.GrpcClientProtocolClient (GrpcClientProtocolClient.java:onNext(255)) - client-FC58CAF12498->aeb608e6-131f-44e0-aa35-97c12a2f72a3: receive RaftClientReply:client-FC58CAF12498->aeb608e6-131f-44e0-aa35-97c12a2f72a3@group-3F41E8AD953A, cid=2254, SUCCESS, logIndex=3300, commits[aeb608e6-131f-44e0-aa35-97c12a2f72a3:c3300, b6a0d396-0e26-402b-ac58-4f0615a4fad6:c3297, 8b17640a-2548-4323-bd97-ba3488877b23:c3297]
2019-08-20 11:35:47,485 INFO  client.GrpcClientProtocolClient (GrpcClientProtocolClient.java:onNext(255)) - client-FC58CAF12498->aeb608e6-131f-44e0-aa35-97c12a2f72a3: receive RaftClientReply:client-FC58CAF12498->aeb608e6-131f-44e0-aa35-97c12a2f72a3@group-3F41E8AD953A, cid=2255, SUCCESS, logIndex=3303, commits[aeb608e6-131f-44e0-aa35-97c12a2f72a3:c3304, b6a0d396-0e26-402b-ac58-4f0615a4fad6:c3300, 8b17640a-2548-4323-bd97-ba3488877b23:c3300]
2019-08-20 11:35:47,485 INFO  client.GrpcClientProtocolClient (GrpcClientProtocolClient.java:onNext(255)) - client-FC58CAF12498->aeb608e6-131f-44e0-aa35-97c12a2f72a3: receive RaftClientReply:client-FC58CAF12498->aeb608e6-131f-44e0-aa35-97c12a2f72a3@group-3F41E8AD953A, cid=2256, SUCCESS, logIndex=3304, commits[aeb608e6-131f-44e0-aa35-97c12a2f72a3:c3304, b6a0d396-0e26-402b-ac58-4f0615a4fad6:c3300, 8b17640a-2548-4323-bd97-ba3488877b23:c3300]
2019-08-20 11:35:47,496 INFO  client.GrpcClientProtocolClient (GrpcClientProtocolClient.java:onNext(255)) - client-FC58CAF12498->aeb608e6-131f-44e0-aa35-97c12a2f72a3: receive RaftClientReply:client-FC58CAF12498->aeb608e6-131f-44e0-aa35-97c12a2f72a3@group-3F41E8AD953A, cid=2257, SUCCESS, logIndex=0, commits[aeb608e6-131f-44e0-aa35-97c12a2f72a3:c3305, b6a0d396-0e26-402b-ac58-4f0615a4fad6:c3304, 8b17640a-2548-4323-bd97-ba3488877b23:c3304]
2019-08-20 11:35:47,523 INFO  client.GrpcClientProtocolClient (GrpcClientProtocolClient.java:onNext(255)) - client-FC58CAF12498->aeb608e6-131f-44e0-aa35-97c12a2f72a3: receive RaftClientReply:client-FC58CAF12498->aeb608e6-131f-44e0-aa35-97c12a2f72a3@group-3F41E8AD953A, cid=2258, SUCCESS, logIndex=3307, commits[aeb608e6-131f-44e0-aa35-97c12a2f72a3:c3309, b6a0d396-0e26-402b-ac58-4f0615a4fad6:c3306, 8b17640a-2548-4323-bd97-ba3488877b23:c3306]
2019-08-20 11:35:47,523 INFO  client.GrpcClientProtocolClient (GrpcClientProtocolClient.java:onNext(255)) - client-FC58CAF12498->aeb608e6-131f-44e0-aa35-97c12a2f72a3: receive RaftClientReply:client-FC58CAF12498->aeb608e6-131f-44e0-aa35-97c12a2f72a3@group-3F41E8AD953A, cid=2259, SUCCESS, logIndex=3308, commits[aeb608e6-131f-44e0-aa35-97c12a2f72a3:c3310, b6a0d396-0e26-402b-ac58-4f0615a4fad6:c3306, 8b17640a-2548-4323-bd97-ba3488877b23:c3306]
2019-08-20 11:35:47,523 INFO  client.GrpcClientProtocolClient (GrpcClientProtocolClient.java:onNext(255)) - client-FC58CAF12498->aeb608e6-131f-44e0-aa35-97c12a2f72a3: receive RaftClientReply:client-FC58CAF12498->aeb608e6-131f-44e0-aa35-97c12a2f72a3@group-3F41E8AD953A, cid=2260, SUCCESS, logIndex=3309, commits[aeb608e6-131f-44e0-aa35-97c12a2f72a3:c3310, b6a0d396-0e26-402b-ac58-4f0615a4fad6:c3306, 8b17640a-2548-4323-bd97-ba3488877b23:c3306]
2019-08-20 11:35:47,524 INFO  client.GrpcClientProtocolClient (GrpcClientProtocolClient.java:onNext(255)) - client-FC58CAF12498->aeb608e6-131f-44e0-aa35-97c12a2f72a3: receive RaftClientReply:client-FC58CAF12498->aeb608e6-131f-44e0-aa35-97c12a2f72a3@group-3F41E8AD953A, cid=2261, SUCCESS, logIndex=3310, commits[aeb608e6-131f-44e0-aa35-97c12a2f72a3:c3310, b6a0d396-0e26-402b-ac58-4f0615a4fad6:c3306, 8b17640a-2548-4323-bd97-ba3488877b23:c3306]
2019-08-20 11:35:47,537 INFO  client.GrpcClientProtocolClient (GrpcClientProtocolClient.java:onNext(255)) - client-FC58CAF12498->aeb608e6-131f-44e0-aa35-97c12a2f72a3: receive RaftClientReply:client-FC58CAF12498->aeb608e6-131f-44e0-aa35-97c12a2f72a3@group-3F41E8AD953A, cid=2262, SUCCESS, logIndex=0, commits[aeb608e6-131f-44e0-aa35-97c12a2f72a3:c3312, b6a0d396-0e26-402b-ac58-4f0615a4fad6:c3308, 8b17640a-2548-4323-bd97-ba3488877b23:c3308]
2019-08-20 11:35:47,557 INFO  client.GrpcClientProtocolClient (GrpcClientProtocolClient.java:onNext(255)) - client-FC58CAF12498->aeb608e6-131f-44e0-aa35-97c12a2f72a3: receive RaftClientReply:client-FC58CAF12498->aeb608e6-131f-44e0-aa35-97c12a2f72a3@group-3F41E8AD953A, cid=2263, SUCCESS, logIndex=3315, commits[aeb608e6-131f-44e0-aa35-97c12a2f72a3:c3316, b6a0d396-0e26-402b-ac58-4f0615a4fad6:c3314, 8b17640a-2548-4323-bd97-ba3488877b23:c3314]
2019-08-20 11:35:47,557 INFO  client.GrpcClientProtocolClient (GrpcClientProtocolClient.java:onNext(255)) - client-FC58CAF12498->aeb608e6-131f-44e0-aa35-97c12a2f72a3: receive RaftClientReply:client-FC58CAF12498->aeb608e6-131f-44e0-aa35-97c12a2f72a3@group-3F41E8AD953A, cid=2264, SUCCESS, logIndex=3316, commits[aeb608e6-131f-44e0-aa35-97c12a2f72a3:c3316, b6a0d396-0e26-402b-ac58-4f0615a4fad6:c3314, 8b17640a-2548-4323-bd97-ba3488877b23:c3314]
2019-08-20 11:35:47,583 INFO  client.GrpcClientProtocolClient (GrpcClientProtocolClient.java:onNext(255)) - client-FC58CAF12498->aeb608e6-131f-44e0-aa35-97c12a2f72a3: receive RaftClientReply:client-FC58CAF12498->aeb608e6-131f-44e0-aa35-97c12a2f72a3@group-3F41E8AD953A, cid=2265, SUCCESS, logIndex=3319, commits[aeb608e6-131f-44e0-aa35-97c12a2f72a3:c3319, b6a0d396-0e26-402b-ac58-4f0615a4fad6:c3316, 8b17640a-2548-4323-bd97-ba3488877b23:c3316]
2019-08-20 11:35:47,584 INFO  client.GrpcClientProtocolClient (GrpcClientProtocolClient.java:onNext(255)) - client-FC58CAF12498->aeb608e6-131f-44e0-aa35-97c12a2f72a3: receive RaftClientReply:client-FC58CAF12498->aeb608e6-131f-44e0-aa35-97c12a2f72a3@group-3F41E8AD953A, cid=2266, SUCCESS, logIndex=3320, commits[aeb608e6-131f-44e0-aa35-97c12a2f72a3:c3320, b6a0d396-0e26-402b-ac58-4f0615a4fad6:c3316, 8b17640a-2548-4323-bd97-ba3488877b23:c3316]
2019-08-20 11:35:47,609 INFO  client.GrpcClientProtocolClient (GrpcClientProtocolClient.java:onNext(255)) - client-FC58CAF12498->aeb608e6-131f-44e0-aa35-97c12a2f72a3: receive RaftClientReply:client-FC58CAF12498->aeb608e6-131f-44e0-aa35-97c12a2f72a3@group-3F41E8AD953A, cid=2267, SUCCESS, logIndex=0, commits[aeb608e6-131f-44e0-aa35-97c12a2f72a3:c3322, b6a0d396-0e26-402b-ac58-4f0615a4fad6:c3320, 8b17640a-2548-4323-bd97-ba3488877b23:c3320]
2019-08-20 11:35:47,638 INFO  client.GrpcClientProtocolClient (GrpcClientProtocolClient.java:onNext(255)) - client-FC58CAF12498->aeb608e6-131f-44e0-aa35-97c12a2f72a3: receive RaftClientReply:client-FC58CAF12498->aeb608e6-131f-44e0-aa35-97c12a2f72a3@group-3F41E8AD953A, cid=2268, SUCCESS, logIndex=3323, commits[aeb608e6-131f-44e0-aa35-97c12a2f72a3:c3325, b6a0d396-0e26-402b-ac58-4f0615a4fad6:c3322, 8b17640a-2548-4323-bd97-ba3488877b23:c3322]
2019-08-20 11:35:47,639 INFO  client.GrpcClientProtocolClient (GrpcClientProtocolClient.java:onNext(255)) - client-FC58CAF12498->aeb608e6-131f-44e0-aa35-97c12a2f72a3: receive RaftClientReply:client-FC58CAF12498->aeb608e6-131f-44e0-aa35-97c12a2f72a3@group-3F41E8AD953A, cid=2269, SUCCESS, logIndex=3324, commits[aeb608e6-131f-44e0-aa35-97c12a2f72a3:c3326, b6a0d396-0e26-402b-ac58-4f0615a4fad6:c3322, 8b17640a-2548-4323-bd97-ba3488877b23:c3322]
2019-08-20 11:35:47,639 INFO  client.GrpcClientProtocolClient (GrpcClientProtocolClient.java:onNext(255)) - client-FC58CAF12498->aeb608e6-131f-44e0-aa35-97c12a2f72a3: receive RaftClientReply:client-FC58CAF12498->aeb608e6-131f-44e0-aa35-97c12a2f72a3@group-3F41E8AD953A, cid=2270, SUCCESS, logIndex=3325, commits[aeb608e6-131f-44e0-aa35-97c12a2f72a3:c3326, b6a0d396-0e26-402b-ac58-4f0615a4fad6:c3322, 8b17640a-2548-4323-bd97-ba3488877b23:c3322]
2019-08-20 11:35:47,639 INFO  client.GrpcClientProtocolClient (GrpcClientProtocolClient.java:onNext(255)) - client-FC58CAF12498->aeb608e6-131f-44e0-aa35-97c12a2f72a3: receive RaftClientReply:client-FC58CAF12498->aeb608e6-131f-44e0-aa35-97c12a2f72a3@group-3F41E8AD953A, cid=2271, SUCCESS, logIndex=3326, commits[aeb608e6-131f-44e0-aa35-97c12a2f72a3:c3326, b6a0d396-0e26-402b-ac58-4f0615a4fad6:c3322, 8b17640a-2548-4323-bd97-ba3488877b23:c3322]
2019-08-20 11:35:47,650 INFO  client.GrpcClientProtocolClient (GrpcClientProtocolClient.java:onNext(255)) - client-FC58CAF12498->aeb608e6-131f-44e0-aa35-97c12a2f72a3: receive RaftClientReply:client-FC58CAF12498->aeb608e6-131f-44e0-aa35-97c12a2f72a3@group-3F41E8AD953A, cid=2272, SUCCESS, logIndex=0, commits[aeb608e6-131f-44e0-aa35-97c12a2f72a3:c3326, b6a0d396-0e26-402b-ac58-4f0615a4fad6:c3324, 8b17640a-2548-4323-bd97-ba3488877b23:c3324]
2019-08-20 11:35:47,676 INFO  client.GrpcClientProtocolClient (GrpcClientProtocolClient.java:onNext(255)) - client-FC58CAF12498->aeb608e6-131f-44e0-aa35-97c12a2f72a3: receive RaftClientReply:client-FC58CAF12498->aeb608e6-131f-44e0-aa35-97c12a2f72a3@group-3F41E8AD953A, cid=2273, SUCCESS, logIndex=3331, commits[aeb608e6-131f-44e0-aa35-97c12a2f72a3:c3332, b6a0d396-0e26-402b-ac58-4f0615a4fad6:c3327, 8b17640a-2548-4323-bd97-ba3488877b23:c3327]
2019-08-20 11:35:47,677 INFO  client.GrpcClientProtocolClient (GrpcClientProtocolClient.java:onNext(255)) - client-FC58CAF12498->aeb608e6-131f-44e0-aa35-97c12a2f72a3: receive RaftClientReply:client-FC58CAF12498->aeb608e6-131f-44e0-aa35-97c12a2f72a3@group-3F41E8AD953A, cid=2274, SUCCESS, logIndex=3332, commits[aeb608e6-131f-44e0-aa35-97c12a2f72a3:c3332, b6a0d396-0e26-402b-ac58-4f0615a4fad6:c3327, 8b17640a-2548-4323-bd97-ba3488877b23:c3327]
2019-08-20 11:35:47,692 INFO  client.GrpcClientProtocolClient (GrpcClientProtocolClient.java:onNext(255)) - client-FC58CAF12498->aeb608e6-131f-44e0-aa35-97c12a2f72a3: receive RaftClientReply:client-FC58CAF12498->aeb608e6-131f-44e0-aa35-97c12a2f72a3@group-3F41E8AD953A, cid=2275, SUCCESS, logIndex=3335, commits[aeb608e6-131f-44e0-aa35-97c12a2f72a3:c3335, b6a0d396-0e26-402b-ac58-4f0615a4fad6:c3332, 8b17640a-2548-4323-bd97-ba3488877b23:c3332]
2019-08-20 11:35:47,692 INFO  client.GrpcClientProtocolClient (GrpcClientProtocolClient.java:onNext(255)) - client-FC58CAF12498->aeb608e6-131f-44e0-aa35-97c12a2f72a3: receive RaftClientReply:client-FC58CAF12498->aeb608e6-131f-44e0-aa35-97c12a2f72a3@group-3F41E8AD953A, cid=2276, SUCCESS, logIndex=3336, commits[aeb608e6-131f-44e0-aa35-97c12a2f72a3:c3336, b6a0d396-0e26-402b-ac58-4f0615a4fad6:c3332, 8b17640a-2548-4323-bd97-ba3488877b23:c3332]
2019-08-20 11:35:47,713 INFO  client.GrpcClientProtocolClient (GrpcClientProtocolClient.java:onNext(255)) - client-FC58CAF12498->aeb608e6-131f-44e0-aa35-97c12a2f72a3: receive RaftClientReply:client-FC58CAF12498->aeb608e6-131f-44e0-aa35-97c12a2f72a3@group-3F41E8AD953A, cid=2277, SUCCESS, logIndex=0, commits[aeb608e6-131f-44e0-aa35-97c12a2f72a3:c3338, b6a0d396-0e26-402b-ac58-4f0615a4fad6:c3336, 8b17640a-2548-4323-bd97-ba3488877b23:c3336]
2019-08-20 11:35:47,746 INFO  client.GrpcClientProtocolClient (GrpcClientProtocolClient.java:onNext(255)) - client-FC58CAF12498->aeb608e6-131f-44e0-aa35-97c12a2f72a3: receive RaftClientReply:client-FC58CAF12498->aeb608e6-131f-44e0-aa35-97c12a2f72a3@group-3F41E8AD953A, cid=2278, SUCCESS, logIndex=3339, commits[aeb608e6-131f-44e0-aa35-97c12a2f72a3:c3340, b6a0d396-0e26-402b-ac58-4f0615a4fad6:c3336, 8b17640a-2548-4323-bd97-ba3488877b23:c3338]
2019-08-20 11:35:47,747 INFO  client.GrpcClientProtocolClient (GrpcClientProtocolClient.java:onNext(255)) - client-FC58CAF12498->aeb608e6-131f-44e0-aa35-97c12a2f72a3: receive RaftClientReply:client-FC58CAF12498->aeb608e6-131f-44e0-aa35-97c12a2f72a3@group-3F41E8AD953A, cid=2279, SUCCESS, logIndex=3340, commits[aeb608e6-131f-44e0-aa35-97c12a2f72a3:c3340, b6a0d396-0e26-402b-ac58-4f0615a4fad6:c3336, 8b17640a-2548-4323-bd97-ba3488877b23:c3338]
2019-08-20 11:35:47,757 INFO  client.GrpcClientProtocolClient (GrpcClientProtocolClient.java:onNext(255)) - client-FC58CAF12498->aeb608e6-131f-44e0-aa35-97c12a2f72a3: receive RaftClientReply:client-FC58CAF12498->aeb608e6-131f-44e0-aa35-97c12a2f72a3@group-3F41E8AD953A, cid=2280, SUCCESS, logIndex=3341, commits[aeb608e6-131f-44e0-aa35-97c12a2f72a3:c3342, b6a0d396-0e26-402b-ac58-4f0615a4fad6:c3338, 8b17640a-2548-4323-bd97-ba3488877b23:c3338]
2019-08-20 11:35:47,757 INFO  client.GrpcClientProtocolClient (GrpcClientProtocolClient.java:onNext(255)) - client-FC58CAF12498->aeb608e6-131f-44e0-aa35-97c12a2f72a3: receive RaftClientReply:client-FC58CAF12498->aeb608e6-131f-44e0-aa35-97c12a2f72a3@group-3F41E8AD953A, cid=2281, SUCCESS, logIndex=3342, commits[aeb608e6-131f-44e0-aa35-97c12a2f72a3:c3342, b6a0d396-0e26-402b-ac58-4f0615a4fad6:c3338, 8b17640a-2548-4323-bd97-ba3488877b23:c3338]
2019-08-20 11:35:47,769 INFO  client.GrpcClientProtocolClient (GrpcClientProtocolClient.java:onNext(255)) - client-FC58CAF12498->aeb608e6-131f-44e0-aa35-97c12a2f72a3: receive RaftClientReply:client-FC58CAF12498->aeb608e6-131f-44e0-aa35-97c12a2f72a3@group-3F41E8AD953A, cid=2282, SUCCESS, logIndex=0, commits[aeb608e6-131f-44e0-aa35-97c12a2f72a3:c3344, b6a0d396-0e26-402b-ac58-4f0615a4fad6:c3340, 8b17640a-2548-4323-bd97-ba3488877b23:c3340]
2019-08-20 11:35:47,789 INFO  client.GrpcClientProtocolClient (GrpcClientProtocolClient.java:onNext(255)) - client-FC58CAF12498->aeb608e6-131f-44e0-aa35-97c12a2f72a3: receive RaftClientReply:client-FC58CAF12498->aeb608e6-131f-44e0-aa35-97c12a2f72a3@group-3F41E8AD953A, cid=2283, SUCCESS, logIndex=3347, commits[aeb608e6-131f-44e0-aa35-97c12a2f72a3:c3348, b6a0d396-0e26-402b-ac58-4f0615a4fad6:c3346, 8b17640a-2548-4323-bd97-ba3488877b23:c3346]
2019-08-20 11:35:47,790 INFO  client.GrpcClientProtocolClient (GrpcClientProtocolClient.java:onNext(255)) - client-FC58CAF12498->aeb608e6-131f-44e0-aa35-97c12a2f72a3: receive RaftClientReply:client-FC58CAF12498->aeb608e6-131f-44e0-aa35-97c12a2f72a3@group-3F41E8AD953A, cid=2284, SUCCESS, logIndex=3348, commits[aeb608e6-131f-44e0-aa35-97c12a2f72a3:c3348, b6a0d396-0e26-402b-ac58-4f0615a4fad6:c3346, 8b17640a-2548-4323-bd97-ba3488877b23:c3346]
2019-08-20 11:35:47,804 INFO  client.GrpcClientProtocolClient (GrpcClientProtocolClient.java:onNext(255)) - client-FC58CAF12498->aeb608e6-131f-44e0-aa35-97c12a2f72a3: receive RaftClientReply:client-FC58CAF12498->aeb608e6-131f-44e0-aa35-97c12a2f72a3@group-3F41E8AD953A, cid=2285, SUCCESS, logIndex=3351, commits[aeb608e6-131f-44e0-aa35-97c12a2f72a3:c3352, b6a0d396-0e26-402b-ac58-4f0615a4fad6:c3348, 8b17640a-2548-4323-bd97-ba3488877b23:c3348]
2019-08-20 11:35:47,804 INFO  client.GrpcClientProtocolClient (GrpcClientProtocolClient.java:onNext(255)) - client-FC58CAF12498->aeb608e6-131f-44e0-aa35-97c12a2f72a3: receive RaftClientReply:client-FC58CAF12498->aeb608e6-131f-44e0-aa35-97c12a2f72a3@group-3F41E8AD953A, cid=2286, SUCCESS, logIndex=3352, commits[aeb608e6-131f-44e0-aa35-97c12a2f72a3:c3352, b6a0d396-0e26-402b-ac58-4f0615a4fad6:c3348, 8b17640a-2548-4323-bd97-ba3488877b23:c3348]
2019-08-20 11:35:47,818 INFO  client.GrpcClientProtocolClient (GrpcClientProtocolClient.java:onNext(255)) - client-FC58CAF12498->aeb608e6-131f-44e0-aa35-97c12a2f72a3: receive RaftClientReply:client-FC58CAF12498->aeb608e6-131f-44e0-aa35-97c12a2f72a3@group-3F41E8AD953A, cid=2287, SUCCESS, logIndex=0, commits[aeb608e6-131f-44e0-aa35-97c12a2f72a3:c3354, b6a0d396-0e26-402b-ac58-4f0615a4fad6:c3352, 8b17640a-2548-4323-bd97-ba3488877b23:c3352]
2019-08-20 11:35:47,845 INFO  client.GrpcClientProtocolClient (GrpcClientProtocolClient.java:onNext(255)) - client-FC58CAF12498->aeb608e6-131f-44e0-aa35-97c12a2f72a3: receive RaftClientReply:client-FC58CAF12498->aeb608e6-131f-44e0-aa35-97c12a2f72a3@group-3F41E8AD953A, cid=2288, SUCCESS, logIndex=3355, commits[aeb608e6-131f-44e0-aa35-97c12a2f72a3:c3357, b6a0d396-0e26-402b-ac58-4f0615a4fad6:c3354, 8b17640a-2548-4323-bd97-ba3488877b23:c3354]
2019-08-20 11:35:47,845 INFO  client.GrpcClientProtocolClient (GrpcClientProtocolClient.java:onNext(255)) - client-FC58CAF12498->aeb608e6-131f-44e0-aa35-97c12a2f72a3: receive RaftClientReply:client-FC58CAF12498->aeb608e6-131f-44e0-aa35-97c12a2f72a3@group-3F41E8AD953A, cid=2289, SUCCESS, logIndex=3356, commits[aeb608e6-131f-44e0-aa35-97c12a2f72a3:c3358, b6a0d396-0e26-402b-ac58-4f0615a4fad6:c3354, 8b17640a-2548-4323-bd97-ba3488877b23:c3354]
2019-08-20 11:35:47,845 INFO  client.GrpcClientProtocolClient (GrpcClientProtocolClient.java:onNext(255)) - client-FC58CAF12498->aeb608e6-131f-44e0-aa35-97c12a2f72a3: receive RaftClientReply:client-FC58CAF12498->aeb608e6-131f-44e0-aa35-97c12a2f72a3@group-3F41E8AD953A, cid=2290, SUCCESS, logIndex=3357, commits[aeb608e6-131f-44e0-aa35-97c12a2f72a3:c3358, b6a0d396-0e26-402b-ac58-4f0615a4fad6:c3354, 8b17640a-2548-4323-bd97-ba3488877b23:c3354]
2019-08-20 11:35:47,846 INFO  client.GrpcClientProtocolClient (GrpcClientProtocolClient.java:onNext(255)) - client-FC58CAF12498->aeb608e6-131f-44e0-aa35-97c12a2f72a3: receive RaftClientReply:client-FC58CAF12498->aeb608e6-131f-44e0-aa35-97c12a2f72a3@group-3F41E8AD953A, cid=2291, SUCCESS, logIndex=3358, commits[aeb608e6-131f-44e0-aa35-97c12a2f72a3:c3358, b6a0d396-0e26-402b-ac58-4f0615a4fad6:c3354, 8b17640a-2548-4323-bd97-ba3488877b23:c3354]
2019-08-20 11:35:47,861 INFO  client.GrpcClientProtocolClient (GrpcClientProtocolClient.java:onNext(255)) - client-FC58CAF12498->aeb608e6-131f-44e0-aa35-97c12a2f72a3: receive RaftClientReply:client-FC58CAF12498->aeb608e6-131f-44e0-aa35-97c12a2f72a3@group-3F41E8AD953A, cid=2292, SUCCESS, logIndex=0, commits[aeb608e6-131f-44e0-aa35-97c12a2f72a3:c3361, b6a0d396-0e26-402b-ac58-4f0615a4fad6:c3356, 8b17640a-2548-4323-bd97-ba3488877b23:c3357]
2019-08-20 11:35:47,883 INFO  client.GrpcClientProtocolClient (GrpcClientProtocolClient.java:onNext(255)) - client-FC58CAF12498->aeb608e6-131f-44e0-aa35-97c12a2f72a3: receive RaftClientReply:client-FC58CAF12498->aeb608e6-131f-44e0-aa35-97c12a2f72a3@group-3F41E8AD953A, cid=2293, SUCCESS, logIndex=3363, commits[aeb608e6-131f-44e0-aa35-97c12a2f72a3:c3364, b6a0d396-0e26-402b-ac58-4f0615a4fad6:c3362, 8b17640a-2548-4323-bd97-ba3488877b23:c3362]
2019-08-20 11:35:47,885 INFO  client.GrpcClientProtocolClient (GrpcClientProtocolClient.java:onNext(255)) - client-FC58CAF12498->aeb608e6-131f-44e0-aa35-97c12a2f72a3: receive RaftClientReply:client-FC58CAF12498->aeb608e6-131f-44e0-aa35-97c12a2f72a3@group-3F41E8AD953A, cid=2294, SUCCESS, logIndex=3364, commits[aeb608e6-131f-44e0-aa35-97c12a2f72a3:c3364, b6a0d396-0e26-402b-ac58-4f0615a4fad6:c3362, 8b17640a-2548-4323-bd97-ba3488877b23:c3362]
2019-08-20 11:35:47,909 INFO  client.GrpcClientProtocolClient (GrpcClientProtocolClient.java:onNext(255)) - client-FC58CAF12498->aeb608e6-131f-44e0-aa35-97c12a2f72a3: receive RaftClientReply:client-FC58CAF12498->aeb608e6-131f-44e0-aa35-97c12a2f72a3@group-3F41E8AD953A, cid=2295, SUCCESS, logIndex=3367, commits[aeb608e6-131f-44e0-aa35-97c12a2f72a3:c3368, b6a0d396-0e26-402b-ac58-4f0615a4fad6:c3364, 8b17640a-2548-4323-bd97-ba3488877b23:c3364]
2019-08-20 11:35:47,909 INFO  client.GrpcClientProtocolClient (GrpcClientProtocolClient.java:onNext(255)) - client-FC58CAF12498->aeb608e6-131f-44e0-aa35-97c12a2f72a3: receive RaftClientReply:client-FC58CAF12498->aeb608e6-131f-44e0-aa35-97c12a2f72a3@group-3F41E8AD953A, cid=2296, SUCCESS, logIndex=3368, commits[aeb608e6-131f-44e0-aa35-97c12a2f72a3:c3368, b6a0d396-0e26-402b-ac58-4f0615a4fad6:c3364, 8b17640a-2548-4323-bd97-ba3488877b23:c3364]
2019-08-20 11:35:47,935 INFO  client.GrpcClientProtocolClient (GrpcClientProtocolClient.java:onNext(255)) - client-FC58CAF12498->aeb608e6-131f-44e0-aa35-97c12a2f72a3: receive RaftClientReply:client-FC58CAF12498->aeb608e6-131f-44e0-aa35-97c12a2f72a3@group-3F41E8AD953A, cid=2297, SUCCESS, logIndex=0, commits[aeb608e6-131f-44e0-aa35-97c12a2f72a3:c3370, b6a0d396-0e26-402b-ac58-4f0615a4fad6:c3368, 8b17640a-2548-4323-bd97-ba3488877b23:c3368]
2019-08-20 11:35:47,968 INFO  client.GrpcClientProtocolClient (GrpcClientProtocolClient.java:onNext(255)) - client-FC58CAF12498->aeb608e6-131f-44e0-aa35-97c12a2f72a3: receive RaftClientReply:client-FC58CAF12498->aeb608e6-131f-44e0-aa35-97c12a2f72a3@group-3F41E8AD953A, cid=2298, SUCCESS, logIndex=3371, commits[aeb608e6-131f-44e0-aa35-97c12a2f72a3:c3372, b6a0d396-0e26-402b-ac58-4f0615a4fad6:c3370, 8b17640a-2548-4323-bd97-ba3488877b23:c3370]
2019-08-20 11:35:47,968 INFO  client.GrpcClientProtocolClient (GrpcClientProtocolClient.java:onNext(255)) - client-FC58CAF12498->aeb608e6-131f-44e0-aa35-97c12a2f72a3: receive RaftClientReply:client-FC58CAF12498->aeb608e6-131f-44e0-aa35-97c12a2f72a3@group-3F41E8AD953A, cid=2299, SUCCESS, logIndex=3372, commits[aeb608e6-131f-44e0-aa35-97c12a2f72a3:c3374, b6a0d396-0e26-402b-ac58-4f0615a4fad6:c3370, 8b17640a-2548-4323-bd97-ba3488877b23:c3370]
2019-08-20 11:35:47,969 INFO  client.GrpcClientProtocolClient (GrpcClientProtocolClient.java:onNext(255)) - client-FC58CAF12498->aeb608e6-131f-44e0-aa35-97c12a2f72a3: receive RaftClientReply:client-FC58CAF12498->aeb608e6-131f-44e0-aa35-97c12a2f72a3@group-3F41E8AD953A, cid=2300, SUCCESS, logIndex=3373, commits[aeb608e6-131f-44e0-aa35-97c12a2f72a3:c3374, b6a0d396-0e26-402b-ac58-4f0615a4fad6:c3370, 8b17640a-2548-4323-bd97-ba3488877b23:c3370]
2019-08-20 11:35:47,969 INFO  client.GrpcClientProtocolClient (GrpcClientProtocolClient.java:onNext(255)) - client-FC58CAF12498->aeb608e6-131f-44e0-aa35-97c12a2f72a3: receive RaftClientReply:client-FC58CAF12498->aeb608e6-131f-44e0-aa35-97c12a2f72a3@group-3F41E8AD953A, cid=2301, SUCCESS, logIndex=3374, commits[aeb608e6-131f-44e0-aa35-97c12a2f72a3:c3374, b6a0d396-0e26-402b-ac58-4f0615a4fad6:c3370, 8b17640a-2548-4323-bd97-ba3488877b23:c3370]
2019-08-20 11:35:47,992 INFO  client.GrpcClientProtocolClient (GrpcClientProtocolClient.java:onNext(255)) - client-FC58CAF12498->aeb608e6-131f-44e0-aa35-97c12a2f72a3: receive RaftClientReply:client-FC58CAF12498->aeb608e6-131f-44e0-aa35-97c12a2f72a3@group-3F41E8AD953A, cid=2302, SUCCESS, logIndex=0, commits[aeb608e6-131f-44e0-aa35-97c12a2f72a3:c3377, b6a0d396-0e26-402b-ac58-4f0615a4fad6:c3372, 8b17640a-2548-4323-bd97-ba3488877b23:c3373]
2019-08-20 11:35:48,004 INFO  client.GrpcClientProtocolClient (GrpcClientProtocolClient.java:onNext(255)) - client-FC58CAF12498->aeb608e6-131f-44e0-aa35-97c12a2f72a3: receive RaftClientReply:client-FC58CAF12498->aeb608e6-131f-44e0-aa35-97c12a2f72a3@group-3F41E8AD953A, cid=2303, SUCCESS, logIndex=3379, commits[aeb608e6-131f-44e0-aa35-97c12a2f72a3:c3380, b6a0d396-0e26-402b-ac58-4f0615a4fad6:c3378, 8b17640a-2548-4323-bd97-ba3488877b23:c3374]
2019-08-20 11:35:48,004 INFO  client.GrpcClientProtocolClient (GrpcClientProtocolClient.java:onNext(255)) - client-FC58CAF12498->aeb608e6-131f-44e0-aa35-97c12a2f72a3: receive RaftClientReply:client-FC58CAF12498->aeb608e6-131f-44e0-aa35-97c12a2f72a3@group-3F41E8AD953A, cid=2304, SUCCESS, logIndex=3380, commits[aeb608e6-131f-44e0-aa35-97c12a2f72a3:c3380, b6a0d396-0e26-402b-ac58-4f0615a4fad6:c3378, 8b17640a-2548-4323-bd97-ba3488877b23:c3378]
2019-08-20 11:35:48,029 INFO  client.GrpcClientProtocolClient (GrpcClientProtocolClient.java:onNext(255)) - client-FC58CAF12498->aeb608e6-131f-44e0-aa35-97c12a2f72a3: receive RaftClientReply:client-FC58CAF12498->aeb608e6-131f-44e0-aa35-97c12a2f72a3@group-3F41E8AD953A, cid=2305, SUCCESS, logIndex=3383, commits[aeb608e6-131f-44e0-aa35-97c12a2f72a3:c3384, b6a0d396-0e26-402b-ac58-4f0615a4fad6:c3379, 8b17640a-2548-4323-bd97-ba3488877b23:c3380]
2019-08-20 11:35:48,029 INFO  client.GrpcClientProtocolClient (GrpcClientProtocolClient.java:onNext(255)) - client-FC58CAF12498->aeb608e6-131f-44e0-aa35-97c12a2f72a3: receive RaftClientReply:client-FC58CAF12498->aeb608e6-131f-44e0-aa35-97c12a2f72a3@group-3F41E8AD953A, cid=2306, SUCCESS, logIndex=3384, commits[aeb608e6-131f-44e0-aa35-97c12a2f72a3:c3384, b6a0d396-0e26-402b-ac58-4f0615a4fad6:c3380, 8b17640a-2548-4323-bd97-ba3488877b23:c3380]
2019-08-20 11:35:48,032 INFO  client.GrpcClientProtocolClient (GrpcClientProtocolClient.java:onNext(255)) - client-FC58CAF12498->aeb608e6-131f-44e0-aa35-97c12a2f72a3: receive RaftClientReply:client-FC58CAF12498->aeb608e6-131f-44e0-aa35-97c12a2f72a3@group-3F41E8AD953A, cid=2307, SUCCESS, logIndex=0, commits[aeb608e6-131f-44e0-aa35-97c12a2f72a3:c3385, b6a0d396-0e26-402b-ac58-4f0615a4fad6:c3384, 8b17640a-2548-4323-bd97-ba3488877b23:c3384]
2019-08-20 11:35:48,056 INFO  client.GrpcClientProtocolClient (GrpcClientProtocolClient.java:onNext(255)) - client-FC58CAF12498->aeb608e6-131f-44e0-aa35-97c12a2f72a3: receive RaftClientReply:client-FC58CAF12498->aeb608e6-131f-44e0-aa35-97c12a2f72a3@group-3F41E8AD953A, cid=2308, SUCCESS, logIndex=3386, commits[aeb608e6-131f-44e0-aa35-97c12a2f72a3:c3387, b6a0d396-0e26-402b-ac58-4f0615a4fad6:c3385, 8b17640a-2548-4323-bd97-ba3488877b23:c3385]
2019-08-20 11:35:48,056 INFO  client.GrpcClientProtocolClient (GrpcClientProtocolClient.java:onNext(255)) - client-FC58CAF12498->aeb608e6-131f-44e0-aa35-97c12a2f72a3: receive RaftClientReply:client-FC58CAF12498->aeb608e6-131f-44e0-aa35-97c12a2f72a3@group-3F41E8AD953A, cid=2309, SUCCESS, logIndex=3387, commits[aeb608e6-131f-44e0-aa35-97c12a2f72a3:c3389, b6a0d396-0e26-402b-ac58-4f0615a4fad6:c3385, 8b17640a-2548-4323-bd97-ba3488877b23:c3385]
2019-08-20 11:35:48,056 INFO  client.GrpcClientProtocolClient (GrpcClientProtocolClient.java:onNext(255)) - client-FC58CAF12498->aeb608e6-131f-44e0-aa35-97c12a2f72a3: receive RaftClientReply:client-FC58CAF12498->aeb608e6-131f-44e0-aa35-97c12a2f72a3@group-3F41E8AD953A, cid=2310, SUCCESS, logIndex=3388, commits[aeb608e6-131f-44e0-aa35-97c12a2f72a3:c3389, b6a0d396-0e26-402b-ac58-4f0615a4fad6:c3385, 8b17640a-2548-4323-bd97-ba3488877b23:c3385]
2019-08-20 11:35:48,057 INFO  client.GrpcClientProtocolClient (GrpcClientProtocolClient.java:onNext(255)) - client-FC58CAF12498->aeb608e6-131f-44e0-aa35-97c12a2f72a3: receive RaftClientReply:client-FC58CAF12498->aeb608e6-131f-44e0-aa35-97c12a2f72a3@group-3F41E8AD953A, cid=2311, SUCCESS, logIndex=3389, commits[aeb608e6-131f-44e0-aa35-97c12a2f72a3:c3390, b6a0d396-0e26-402b-ac58-4f0615a4fad6:c3386, 8b17640a-2548-4323-bd97-ba3488877b23:c3385]
2019-08-20 11:35:48,070 INFO  client.GrpcClientProtocolClient (GrpcClientProtocolClient.java:onNext(255)) - client-FC58CAF12498->aeb608e6-131f-44e0-aa35-97c12a2f72a3: receive RaftClientReply:client-FC58CAF12498->aeb608e6-131f-44e0-aa35-97c12a2f72a3@group-3F41E8AD953A, cid=2312, SUCCESS, logIndex=0, commits[aeb608e6-131f-44e0-aa35-97c12a2f72a3:c3391, b6a0d396-0e26-402b-ac58-4f0615a4fad6:c3387, 8b17640a-2548-4323-bd97-ba3488877b23:c3387]
2019-08-20 11:35:48,090 INFO  client.GrpcClientProtocolClient (GrpcClientProtocolClient.java:onNext(255)) - client-FC58CAF12498->aeb608e6-131f-44e0-aa35-97c12a2f72a3: receive RaftClientReply:client-FC58CAF12498->aeb608e6-131f-44e0-aa35-97c12a2f72a3@group-3F41E8AD953A, cid=2313, SUCCESS, logIndex=3393, commits[aeb608e6-131f-44e0-aa35-97c12a2f72a3:c3394, b6a0d396-0e26-402b-ac58-4f0615a4fad6:c3392, 8b17640a-2548-4323-bd97-ba3488877b23:c3392]
2019-08-20 11:35:48,090 INFO  client.GrpcClientProtocolClient (GrpcClientProtocolClient.java:onNext(255)) - client-FC58CAF12498->aeb608e6-131f-44e0-aa35-97c12a2f72a3: receive RaftClientReply:client-FC58CAF12498->aeb608e6-131f-44e0-aa35-97c12a2f72a3@group-3F41E8AD953A, cid=2314, SUCCESS, logIndex=3394, commits[aeb608e6-131f-44e0-aa35-97c12a2f72a3:c3394, b6a0d396-0e26-402b-ac58-4f0615a4fad6:c3392, 8b17640a-2548-4323-bd97-ba3488877b23:c3392]
2019-08-20 11:35:48,104 INFO  client.GrpcClientProtocolClient (GrpcClientProtocolClient.java:onNext(255)) - client-FC58CAF12498->aeb608e6-131f-44e0-aa35-97c12a2f72a3: receive RaftClientReply:client-FC58CAF12498->aeb608e6-131f-44e0-aa35-97c12a2f72a3@group-3F41E8AD953A, cid=2315, SUCCESS, logIndex=3397, commits[aeb608e6-131f-44e0-aa35-97c12a2f72a3:c3398, b6a0d396-0e26-402b-ac58-4f0615a4fad6:c3394, 8b17640a-2548-4323-bd97-ba3488877b23:c3394]
2019-08-20 11:35:48,104 INFO  client.GrpcClientProtocolClient (GrpcClientProtocolClient.java:onNext(255)) - client-FC58CAF12498->aeb608e6-131f-44e0-aa35-97c12a2f72a3: receive RaftClientReply:client-FC58CAF12498->aeb608e6-131f-44e0-aa35-97c12a2f72a3@group-3F41E8AD953A, cid=2316, SUCCESS, logIndex=3398, commits[aeb608e6-131f-44e0-aa35-97c12a2f72a3:c3398, b6a0d396-0e26-402b-ac58-4f0615a4fad6:c3394, 8b17640a-2548-4323-bd97-ba3488877b23:c3394]
2019-08-20 11:35:48,130 INFO  client.GrpcClientProtocolClient (GrpcClientProtocolClient.java:onNext(255)) - client-FC58CAF12498->aeb608e6-131f-44e0-aa35-97c12a2f72a3: receive RaftClientReply:client-FC58CAF12498->aeb608e6-131f-44e0-aa35-97c12a2f72a3@group-3F41E8AD953A, cid=2317, SUCCESS, logIndex=0, commits[aeb608e6-131f-44e0-aa35-97c12a2f72a3:c3400, b6a0d396-0e26-402b-ac58-4f0615a4fad6:c3398, 8b17640a-2548-4323-bd97-ba3488877b23:c3398]
2019-08-20 11:35:48,158 INFO  client.GrpcClientProtocolClient (GrpcClientProtocolClient.java:onNext(255)) - client-FC58CAF12498->aeb608e6-131f-44e0-aa35-97c12a2f72a3: receive RaftClientReply:client-FC58CAF12498->aeb608e6-131f-44e0-aa35-97c12a2f72a3@group-3F41E8AD953A, cid=2318, SUCCESS, logIndex=3401, commits[aeb608e6-131f-44e0-aa35-97c12a2f72a3:c3402, b6a0d396-0e26-402b-ac58-4f0615a4fad6:c3400, 8b17640a-2548-4323-bd97-ba3488877b23:c3400]
2019-08-20 11:35:48,159 INFO  client.GrpcClientProtocolClient (GrpcClientProtocolClient.java:onNext(255)) - client-FC58CAF12498->aeb608e6-131f-44e0-aa35-97c12a2f72a3: receive RaftClientReply:client-FC58CAF12498->aeb608e6-131f-44e0-aa35-97c12a2f72a3@group-3F41E8AD953A, cid=2319, SUCCESS, logIndex=3402, commits[aeb608e6-131f-44e0-aa35-97c12a2f72a3:c3402, b6a0d396-0e26-402b-ac58-4f0615a4fad6:c3400, 8b17640a-2548-4323-bd97-ba3488877b23:c3400]
2019-08-20 11:35:48,169 INFO  client.GrpcClientProtocolClient (GrpcClientProtocolClient.java:onNext(255)) - client-FC58CAF12498->aeb608e6-131f-44e0-aa35-97c12a2f72a3: receive RaftClientReply:client-FC58CAF12498->aeb608e6-131f-44e0-aa35-97c12a2f72a3@group-3F41E8AD953A, cid=2320, SUCCESS, logIndex=3403, commits[aeb608e6-131f-44e0-aa35-97c12a2f72a3:c3404, b6a0d396-0e26-402b-ac58-4f0615a4fad6:c3400, 8b17640a-2548-4323-bd97-ba3488877b23:c3400]
2019-08-20 11:35:48,170 INFO  client.GrpcClientProtocolClient (GrpcClientProtocolClient.java:onNext(255)) - client-FC58CAF12498->aeb608e6-131f-44e0-aa35-97c12a2f72a3: receive RaftClientReply:client-FC58CAF12498->aeb608e6-131f-44e0-aa35-97c12a2f72a3@group-3F41E8AD953A, cid=2321, SUCCESS, logIndex=3404, commits[aeb608e6-131f-44e0-aa35-97c12a2f72a3:c3404, b6a0d396-0e26-402b-ac58-4f0615a4fad6:c3400, 8b17640a-2548-4323-bd97-ba3488877b23:c3400]
2019-08-20 11:35:48,172 INFO  client.GrpcClientProtocolClient (GrpcClientProtocolClient.java:onNext(255)) - client-FC58CAF12498->aeb608e6-131f-44e0-aa35-97c12a2f72a3: receive RaftClientReply:client-FC58CAF12498->aeb608e6-131f-44e0-aa35-97c12a2f72a3@group-3F41E8AD953A, cid=2322, SUCCESS, logIndex=0, commits[aeb608e6-131f-44e0-aa35-97c12a2f72a3:c3406, b6a0d396-0e26-402b-ac58-4f0615a4fad6:c3402, 8b17640a-2548-4323-bd97-ba3488877b23:c3402]
2019-08-20 11:35:48,198 INFO  client.GrpcClientProtocolClient (GrpcClientProtocolClient.java:onNext(255)) - client-FC58CAF12498->aeb608e6-131f-44e0-aa35-97c12a2f72a3: receive RaftClientReply:client-FC58CAF12498->aeb608e6-131f-44e0-aa35-97c12a2f72a3@group-3F41E8AD953A, cid=2323, SUCCESS, logIndex=3409, commits[aeb608e6-131f-44e0-aa35-97c12a2f72a3:c3410, b6a0d396-0e26-402b-ac58-4f0615a4fad6:c3406, 8b17640a-2548-4323-bd97-ba3488877b23:c3406]
2019-08-20 11:35:48,198 INFO  client.GrpcClientProtocolClient (GrpcClientProtocolClient.java:onNext(255)) - client-FC58CAF12498->aeb608e6-131f-44e0-aa35-97c12a2f72a3: receive RaftClientReply:client-FC58CAF12498->aeb608e6-131f-44e0-aa35-97c12a2f72a3@group-3F41E8AD953A, cid=2324, SUCCESS, logIndex=3410, commits[aeb608e6-131f-44e0-aa35-97c12a2f72a3:c3410, b6a0d396-0e26-402b-ac58-4f0615a4fad6:c3406, 8b17640a-2548-4323-bd97-ba3488877b23:c3406]
2019-08-20 11:35:48,231 INFO  client.GrpcClientProtocolClient (GrpcClientProtocolClient.java:onNext(255)) - client-FC58CAF12498->aeb608e6-131f-44e0-aa35-97c12a2f72a3: receive RaftClientReply:client-FC58CAF12498->aeb608e6-131f-44e0-aa35-97c12a2f72a3@group-3F41E8AD953A, cid=2325, SUCCESS, logIndex=3413, commits[aeb608e6-131f-44e0-aa35-97c12a2f72a3:c3414, b6a0d396-0e26-402b-ac58-4f0615a4fad6:c3410, 8b17640a-2548-4323-bd97-ba3488877b23:c3410]
2019-08-20 11:35:48,231 INFO  client.GrpcClientProtocolClient (GrpcClientProtocolClient.java:onNext(255)) - client-FC58CAF12498->aeb608e6-131f-44e0-aa35-97c12a2f72a3: receive RaftClientReply:client-FC58CAF12498->aeb608e6-131f-44e0-aa35-97c12a2f72a3@group-3F41E8AD953A, cid=2326, SUCCESS, logIndex=3414, commits[aeb608e6-131f-44e0-aa35-97c12a2f72a3:c3414, b6a0d396-0e26-402b-ac58-4f0615a4fad6:c3410, 8b17640a-2548-4323-bd97-ba3488877b23:c3410]
2019-08-20 11:35:48,243 INFO  client.GrpcClientProtocolClient (GrpcClientProtocolClient.java:onNext(255)) - client-FC58CAF12498->aeb608e6-131f-44e0-aa35-97c12a2f72a3: receive RaftClientReply:client-FC58CAF12498->aeb608e6-131f-44e0-aa35-97c12a2f72a3@group-3F41E8AD953A, cid=2327, SUCCESS, logIndex=0, commits[aeb608e6-131f-44e0-aa35-97c12a2f72a3:c3414, b6a0d396-0e26-402b-ac58-4f0615a4fad6:c3414, 8b17640a-2548-4323-bd97-ba3488877b23:c3414]
 0.00% |█                                                                                                    |  0/1 Time: 0:00:222019-08-20 11:35:48,396 INFO  client.GrpcClientProtocolClient (GrpcClientProtocolClient.java:onNext(255)) - client-FC58CAF12498->aeb608e6-131f-44e0-aa35-97c12a2f72a3: receive RaftClientReply:client-FC58CAF12498->aeb608e6-131f-44e0-aa35-97c12a2f72a3@group-3F41E8AD953A, cid=2328, SUCCESS, logIndex=3417, commits[aeb608e6-131f-44e0-aa35-97c12a2f72a3:c3419, b6a0d396-0e26-402b-ac58-4f0615a4fad6:c3416, 8b17640a-2548-4323-bd97-ba3488877b23:c3416]
2019-08-20 11:35:48,397 INFO  client.GrpcClientProtocolClient (GrpcClientProtocolClient.java:onNext(255)) - client-FC58CAF12498->aeb608e6-131f-44e0-aa35-97c12a2f72a3: receive RaftClientReply:client-FC58CAF12498->aeb608e6-131f-44e0-aa35-97c12a2f72a3@group-3F41E8AD953A, cid=2329, SUCCESS, logIndex=3418, commits[aeb608e6-131f-44e0-aa35-97c12a2f72a3:c3419, b6a0d396-0e26-402b-ac58-4f0615a4fad6:c3416, 8b17640a-2548-4323-bd97-ba3488877b23:c3416]
2019-08-20 11:35:48,397 INFO  client.GrpcClientProtocolClient (GrpcClientProtocolClient.java:onNext(255)) - client-FC58CAF12498->aeb608e6-131f-44e0-aa35-97c12a2f72a3: receive RaftClientReply:client-FC58CAF12498->aeb608e6-131f-44e0-aa35-97c12a2f72a3@group-3F41E8AD953A, cid=2330, SUCCESS, logIndex=3419, commits[aeb608e6-131f-44e0-aa35-97c12a2f72a3:c3420, b6a0d396-0e26-402b-ac58-4f0615a4fad6:c3416, 8b17640a-2548-4323-bd97-ba3488877b23:c3416]
2019-08-20 11:35:48,398 INFO  client.GrpcClientProtocolClient (GrpcClientProtocolClient.java:onNext(255)) - client-FC58CAF12498->aeb608e6-131f-44e0-aa35-97c12a2f72a3: receive RaftClientReply:client-FC58CAF12498->aeb608e6-131f-44e0-aa35-97c12a2f72a3@group-3F41E8AD953A, cid=2331, SUCCESS, logIndex=3420, commits[aeb608e6-131f-44e0-aa35-97c12a2f72a3:c3420, b6a0d396-0e26-402b-ac58-4f0615a4fad6:c3416, 8b17640a-2548-4323-bd97-ba3488877b23:c3416]
2019-08-20 11:35:48,407 INFO  client.GrpcClientProtocolClient (GrpcClientProtocolClient.java:onNext(255)) - client-FC58CAF12498->aeb608e6-131f-44e0-aa35-97c12a2f72a3: receive RaftClientReply:client-FC58CAF12498->aeb608e6-131f-44e0-aa35-97c12a2f72a3@group-3F41E8AD953A, cid=2332, SUCCESS, logIndex=0, commits[aeb608e6-131f-44e0-aa35-97c12a2f72a3:c3421, b6a0d396-0e26-402b-ac58-4f0615a4fad6:c3418, 8b17640a-2548-4323-bd97-ba3488877b23:c3418]
2019-08-20 11:35:48,429 INFO  client.GrpcClientProtocolClient (GrpcClientProtocolClient.java:onNext(255)) - client-FC58CAF12498->aeb608e6-131f-44e0-aa35-97c12a2f72a3: receive RaftClientReply:client-FC58CAF12498->aeb608e6-131f-44e0-aa35-97c12a2f72a3@group-3F41E8AD953A, cid=2333, SUCCESS, logIndex=3425, commits[aeb608e6-131f-44e0-aa35-97c12a2f72a3:c3426, b6a0d396-0e26-402b-ac58-4f0615a4fad6:c3423, 8b17640a-2548-4323-bd97-ba3488877b23:c3423]
2019-08-20 11:35:48,429 INFO  client.GrpcClientProtocolClient (GrpcClientProtocolClient.java:onNext(255)) - client-FC58CAF12498->aeb608e6-131f-44e0-aa35-97c12a2f72a3: receive RaftClientReply:client-FC58CAF12498->aeb608e6-131f-44e0-aa35-97c12a2f72a3@group-3F41E8AD953A, cid=2334, SUCCESS, logIndex=3426, commits[aeb608e6-131f-44e0-aa35-97c12a2f72a3:c3426, b6a0d396-0e26-402b-ac58-4f0615a4fad6:c3423, 8b17640a-2548-4323-bd97-ba3488877b23:c3423]
2019-08-20 11:35:48,444 INFO  client.GrpcClientProtocolClient (GrpcClientProtocolClient.java:onNext(255)) - client-FC58CAF12498->aeb608e6-131f-44e0-aa35-97c12a2f72a3: receive RaftClientReply:client-FC58CAF12498->aeb608e6-131f-44e0-aa35-97c12a2f72a3@group-3F41E8AD953A, cid=2335, SUCCESS, logIndex=3429, commits[aeb608e6-131f-44e0-aa35-97c12a2f72a3:c3430, b6a0d396-0e26-402b-ac58-4f0615a4fad6:c3426, 8b17640a-2548-4323-bd97-ba3488877b23:c3426]
2019-08-20 11:35:48,444 INFO  client.GrpcClientProtocolClient (GrpcClientProtocolClient.java:onNext(255)) - client-FC58CAF12498->aeb608e6-131f-44e0-aa35-97c12a2f72a3: receive RaftClientReply:client-FC58CAF12498->aeb608e6-131f-44e0-aa35-97c12a2f72a3@group-3F41E8AD953A, cid=2336, SUCCESS, logIndex=3430, commits[aeb608e6-131f-44e0-aa35-97c12a2f72a3:c3430, b6a0d396-0e26-402b-ac58-4f0615a4fad6:c3426, 8b17640a-2548-4323-bd97-ba3488877b23:c3426]
2019-08-20 11:35:48,470 INFO  client.GrpcClientProtocolClient (GrpcClientProtocolClient.java:onNext(255)) - client-FC58CAF12498->aeb608e6-131f-44e0-aa35-97c12a2f72a3: receive RaftClientReply:client-FC58CAF12498->aeb608e6-131f-44e0-aa35-97c12a2f72a3@group-3F41E8AD953A, cid=2337, SUCCESS, logIndex=0, commits[aeb608e6-131f-44e0-aa35-97c12a2f72a3:c3432, b6a0d396-0e26-402b-ac58-4f0615a4fad6:c3430, 8b17640a-2548-4323-bd97-ba3488877b23:c3430]
2019-08-20 11:35:48,499 INFO  client.GrpcClientProtocolClient (GrpcClientProtocolClient.java:onNext(255)) - client-FC58CAF12498->aeb608e6-131f-44e0-aa35-97c12a2f72a3: receive RaftClientReply:client-FC58CAF12498->aeb608e6-131f-44e0-aa35-97c12a2f72a3@group-3F41E8AD953A, cid=2338, SUCCESS, logIndex=3433, commits[aeb608e6-131f-44e0-aa35-97c12a2f72a3:c3434, b6a0d396-0e26-402b-ac58-4f0615a4fad6:c3430, 8b17640a-2548-4323-bd97-ba3488877b23:c3432]
2019-08-20 11:35:48,499 INFO  client.GrpcClientProtocolClient (GrpcClientProtocolClient.java:onNext(255)) - client-FC58CAF12498->aeb608e6-131f-44e0-aa35-97c12a2f72a3: receive RaftClientReply:client-FC58CAF12498->aeb608e6-131f-44e0-aa35-97c12a2f72a3@group-3F41E8AD953A, cid=2339, SUCCESS, logIndex=3434, commits[aeb608e6-131f-44e0-aa35-97c12a2f72a3:c3435, b6a0d396-0e26-402b-ac58-4f0615a4fad6:c3432, 8b17640a-2548-4323-bd97-ba3488877b23:c3432]
2019-08-20 11:35:48,500 INFO  client.GrpcClientProtocolClient (GrpcClientProtocolClient.java:onNext(255)) - client-FC58CAF12498->aeb608e6-131f-44e0-aa35-97c12a2f72a3: receive RaftClientReply:client-FC58CAF12498->aeb608e6-131f-44e0-aa35-97c12a2f72a3@group-3F41E8AD953A, cid=2340, SUCCESS, logIndex=3435, commits[aeb608e6-131f-44e0-aa35-97c12a2f72a3:c3436, b6a0d396-0e26-402b-ac58-4f0615a4fad6:c3432, 8b17640a-2548-4323-bd97-ba3488877b23:c3432]
2019-08-20 11:35:48,500 INFO  client.GrpcClientProtocolClient (GrpcClientProtocolClient.java:onNext(255)) - client-FC58CAF12498->aeb608e6-131f-44e0-aa35-97c12a2f72a3: receive RaftClientReply:client-FC58CAF12498->aeb608e6-131f-44e0-aa35-97c12a2f72a3@group-3F41E8AD953A, cid=2341, SUCCESS, logIndex=3436, commits[aeb608e6-131f-44e0-aa35-97c12a2f72a3:c3436, b6a0d396-0e26-402b-ac58-4f0615a4fad6:c3432, 8b17640a-2548-4323-bd97-ba3488877b23:c3432]
2019-08-20 11:35:48,522 INFO  client.GrpcClientProtocolClient (GrpcClientProtocolClient.java:onNext(255)) - client-FC58CAF12498->aeb608e6-131f-44e0-aa35-97c12a2f72a3: receive RaftClientReply:client-FC58CAF12498->aeb608e6-131f-44e0-aa35-97c12a2f72a3@group-3F41E8AD953A, cid=2342, SUCCESS, logIndex=0, commits[aeb608e6-131f-44e0-aa35-97c12a2f72a3:c3437, b6a0d396-0e26-402b-ac58-4f0615a4fad6:c3434, 8b17640a-2548-4323-bd97-ba3488877b23:c3434]
2019-08-20 11:35:48,549 INFO  client.GrpcClientProtocolClient (GrpcClientProtocolClient.java:onNext(255)) - client-FC58CAF12498->aeb608e6-131f-44e0-aa35-97c12a2f72a3: receive RaftClientReply:client-FC58CAF12498->aeb608e6-131f-44e0-aa35-97c12a2f72a3@group-3F41E8AD953A, cid=2343, SUCCESS, logIndex=3440, commits[aeb608e6-131f-44e0-aa35-97c12a2f72a3:c3441, b6a0d396-0e26-402b-ac58-4f0615a4fad6:c3439, 8b17640a-2548-4323-bd97-ba3488877b23:c3439]
2019-08-20 11:35:48,549 INFO  client.GrpcClientProtocolClient (GrpcClientProtocolClient.java:onNext(255)) - client-FC58CAF12498->aeb608e6-131f-44e0-aa35-97c12a2f72a3: receive RaftClientReply:client-FC58CAF12498->aeb608e6-131f-44e0-aa35-97c12a2f72a3@group-3F41E8AD953A, cid=2344, SUCCESS, logIndex=3441, commits[aeb608e6-131f-44e0-aa35-97c12a2f72a3:c3441, b6a0d396-0e26-402b-ac58-4f0615a4fad6:c3439, 8b17640a-2548-4323-bd97-ba3488877b23:c3439]
2019-08-20 11:35:48,571 INFO  client.GrpcClientProtocolClient (GrpcClientProtocolClient.java:onNext(255)) - client-FC58CAF12498->aeb608e6-131f-44e0-aa35-97c12a2f72a3: receive RaftClientReply:client-FC58CAF12498->aeb608e6-131f-44e0-aa35-97c12a2f72a3@group-3F41E8AD953A, cid=2345, SUCCESS, logIndex=3444, commits[aeb608e6-131f-44e0-aa35-97c12a2f72a3:c3445, b6a0d396-0e26-402b-ac58-4f0615a4fad6:c3441, 8b17640a-2548-4323-bd97-ba3488877b23:c3441]
2019-08-20 11:35:48,572 INFO  client.GrpcClientProtocolClient (GrpcClientProtocolClient.java:onNext(255)) - client-FC58CAF12498->aeb608e6-131f-44e0-aa35-97c12a2f72a3: receive RaftClientReply:client-FC58CAF12498->aeb608e6-131f-44e0-aa35-97c12a2f72a3@group-3F41E8AD953A, cid=2346, SUCCESS, logIndex=3445, commits[aeb608e6-131f-44e0-aa35-97c12a2f72a3:c3445, b6a0d396-0e26-402b-ac58-4f0615a4fad6:c3441, 8b17640a-2548-4323-bd97-ba3488877b23:c3441]
2019-08-20 11:35:48,583 INFO  client.GrpcClientProtocolClient (GrpcClientProtocolClient.java:onNext(255)) - client-FC58CAF12498->aeb608e6-131f-44e0-aa35-97c12a2f72a3: receive RaftClientReply:client-FC58CAF12498->aeb608e6-131f-44e0-aa35-97c12a2f72a3@group-3F41E8AD953A, cid=2347, SUCCESS, logIndex=0, commits[aeb608e6-131f-44e0-aa35-97c12a2f72a3:c3446, b6a0d396-0e26-402b-ac58-4f0615a4fad6:c3445, 8b17640a-2548-4323-bd97-ba3488877b23:c3445]
2019-08-20 11:35:48,615 INFO  client.GrpcClientProtocolClient (GrpcClientProtocolClient.java:onNext(255)) - client-FC58CAF12498->aeb608e6-131f-44e0-aa35-97c12a2f72a3: receive RaftClientReply:client-FC58CAF12498->aeb608e6-131f-44e0-aa35-97c12a2f72a3@group-3F41E8AD953A, cid=2348, SUCCESS, logIndex=3448, commits[aeb608e6-131f-44e0-aa35-97c12a2f72a3:c3450, b6a0d396-0e26-402b-ac58-4f0615a4fad6:c3447, 8b17640a-2548-4323-bd97-ba3488877b23:c3447]
2019-08-20 11:35:48,616 INFO  client.GrpcClientProtocolClient (GrpcClientProtocolClient.java:onNext(255)) - client-FC58CAF12498->aeb608e6-131f-44e0-aa35-97c12a2f72a3: receive RaftClientReply:client-FC58CAF12498->aeb608e6-131f-44e0-aa35-97c12a2f72a3@group-3F41E8AD953A, cid=2349, SUCCESS, logIndex=3449, commits[aeb608e6-131f-44e0-aa35-97c12a2f72a3:c3451, b6a0d396-0e26-402b-ac58-4f0615a4fad6:c3447, 8b17640a-2548-4323-bd97-ba3488877b23:c3447]
2019-08-20 11:35:48,616 INFO  client.GrpcClientProtocolClient (GrpcClientProtocolClient.java:onNext(255)) - client-FC58CAF12498->aeb608e6-131f-44e0-aa35-97c12a2f72a3: receive RaftClientReply:client-FC58CAF12498->aeb608e6-131f-44e0-aa35-97c12a2f72a3@group-3F41E8AD953A, cid=2350, SUCCESS, logIndex=3450, commits[aeb608e6-131f-44e0-aa35-97c12a2f72a3:c3451, b6a0d396-0e26-402b-ac58-4f0615a4fad6:c3447, 8b17640a-2548-4323-bd97-ba3488877b23:c3447]
2019-08-20 11:35:48,616 INFO  client.GrpcClientProtocolClient (GrpcClientProtocolClient.java:onNext(255)) - client-FC58CAF12498->aeb608e6-131f-44e0-aa35-97c12a2f72a3: receive RaftClientReply:client-FC58CAF12498->aeb608e6-131f-44e0-aa35-97c12a2f72a3@group-3F41E8AD953A, cid=2351, SUCCESS, logIndex=3451, commits[aeb608e6-131f-44e0-aa35-97c12a2f72a3:c3451, b6a0d396-0e26-402b-ac58-4f0615a4fad6:c3447, 8b17640a-2548-4323-bd97-ba3488877b23:c3447]
2019-08-20 11:35:48,641 INFO  client.GrpcClientProtocolClient (GrpcClientProtocolClient.java:onNext(255)) - client-FC58CAF12498->aeb608e6-131f-44e0-aa35-97c12a2f72a3: receive RaftClientReply:client-FC58CAF12498->aeb608e6-131f-44e0-aa35-97c12a2f72a3@group-3F41E8AD953A, cid=2352, SUCCESS, logIndex=0, commits[aeb608e6-131f-44e0-aa35-97c12a2f72a3:c3453, b6a0d396-0e26-402b-ac58-4f0615a4fad6:c3449, 8b17640a-2548-4323-bd97-ba3488877b23:c3449]
2019-08-20 11:35:48,660 INFO  client.GrpcClientProtocolClient (GrpcClientProtocolClient.java:onNext(255)) - client-FC58CAF12498->aeb608e6-131f-44e0-aa35-97c12a2f72a3: receive RaftClientReply:client-FC58CAF12498->aeb608e6-131f-44e0-aa35-97c12a2f72a3@group-3F41E8AD953A, cid=2353, SUCCESS, logIndex=3456, commits[aeb608e6-131f-44e0-aa35-97c12a2f72a3:c3457, b6a0d396-0e26-402b-ac58-4f0615a4fad6:c3455, 8b17640a-2548-4323-bd97-ba3488877b23:c3455]
2019-08-20 11:35:48,661 INFO  client.GrpcClientProtocolClient (GrpcClientProtocolClient.java:onNext(255)) - client-FC58CAF12498->aeb608e6-131f-44e0-aa35-97c12a2f72a3: receive RaftClientReply:client-FC58CAF12498->aeb608e6-131f-44e0-aa35-97c12a2f72a3@group-3F41E8AD953A, cid=2354, SUCCESS, logIndex=3457, commits[aeb608e6-131f-44e0-aa35-97c12a2f72a3:c3457, b6a0d396-0e26-402b-ac58-4f0615a4fad6:c3455, 8b17640a-2548-4323-bd97-ba3488877b23:c3455]
2019-08-20 11:35:48,687 INFO  client.GrpcClientProtocolClient (GrpcClientProtocolClient.java:onNext(255)) - client-FC58CAF12498->aeb608e6-131f-44e0-aa35-97c12a2f72a3: receive RaftClientReply:client-FC58CAF12498->aeb608e6-131f-44e0-aa35-97c12a2f72a3@group-3F41E8AD953A, cid=2355, SUCCESS, logIndex=3460, commits[aeb608e6-131f-44e0-aa35-97c12a2f72a3:c3461, b6a0d396-0e26-402b-ac58-4f0615a4fad6:c3457, 8b17640a-2548-4323-bd97-ba3488877b23:c3457]
2019-08-20 11:35:48,687 INFO  client.GrpcClientProtocolClient (GrpcClientProtocolClient.java:onNext(255)) - client-FC58CAF12498->aeb608e6-131f-44e0-aa35-97c12a2f72a3: receive RaftClientReply:client-FC58CAF12498->aeb608e6-131f-44e0-aa35-97c12a2f72a3@group-3F41E8AD953A, cid=2356, SUCCESS, logIndex=3461, commits[aeb608e6-131f-44e0-aa35-97c12a2f72a3:c3461, b6a0d396-0e26-402b-ac58-4f0615a4fad6:c3457, 8b17640a-2548-4323-bd97-ba3488877b23:c3457]
2019-08-20 11:35:48,700 INFO  client.GrpcClientProtocolClient (GrpcClientProtocolClient.java:onNext(255)) - client-FC58CAF12498->aeb608e6-131f-44e0-aa35-97c12a2f72a3: receive RaftClientReply:client-FC58CAF12498->aeb608e6-131f-44e0-aa35-97c12a2f72a3@group-3F41E8AD953A, cid=2357, SUCCESS, logIndex=0, commits[aeb608e6-131f-44e0-aa35-97c12a2f72a3:c3462, b6a0d396-0e26-402b-ac58-4f0615a4fad6:c3461, 8b17640a-2548-4323-bd97-ba3488877b23:c3461]
2019-08-20 11:35:48,735 INFO  client.GrpcClientProtocolClient (GrpcClientProtocolClient.java:onNext(255)) - client-FC58CAF12498->aeb608e6-131f-44e0-aa35-97c12a2f72a3: receive RaftClientReply:client-FC58CAF12498->aeb608e6-131f-44e0-aa35-97c12a2f72a3@group-3F41E8AD953A, cid=2358, SUCCESS, logIndex=3463, commits[aeb608e6-131f-44e0-aa35-97c12a2f72a3:c3464, b6a0d396-0e26-402b-ac58-4f0615a4fad6:c3462, 8b17640a-2548-4323-bd97-ba3488877b23:c3462]
2019-08-20 11:35:48,736 INFO  client.GrpcClientProtocolClient (GrpcClientProtocolClient.java:onNext(255)) - client-FC58CAF12498->aeb608e6-131f-44e0-aa35-97c12a2f72a3: receive RaftClientReply:client-FC58CAF12498->aeb608e6-131f-44e0-aa35-97c12a2f72a3@group-3F41E8AD953A, cid=2359, SUCCESS, logIndex=3464, commits[aeb608e6-131f-44e0-aa35-97c12a2f72a3:c3464, b6a0d396-0e26-402b-ac58-4f0615a4fad6:c3462, 8b17640a-2548-4323-bd97-ba3488877b23:c3462]
2019-08-20 11:35:48,736 INFO  client.GrpcClientProtocolClient (GrpcClientProtocolClient.java:onNext(255)) - client-FC58CAF12498->aeb608e6-131f-44e0-aa35-97c12a2f72a3: receive RaftClientReply:client-FC58CAF12498->aeb608e6-131f-44e0-aa35-97c12a2f72a3@group-3F41E8AD953A, cid=2360, SUCCESS, logIndex=3465, commits[aeb608e6-131f-44e0-aa35-97c12a2f72a3:c3466, b6a0d396-0e26-402b-ac58-4f0615a4fad6:c3462, 8b17640a-2548-4323-bd97-ba3488877b23:c3462]
2019-08-20 11:35:48,736 INFO  client.GrpcClientProtocolClient (GrpcClientProtocolClient.java:onNext(255)) - client-FC58CAF12498->aeb608e6-131f-44e0-aa35-97c12a2f72a3: receive RaftClientReply:client-FC58CAF12498->aeb608e6-131f-44e0-aa35-97c12a2f72a3@group-3F41E8AD953A, cid=2361, SUCCESS, logIndex=3466, commits[aeb608e6-131f-44e0-aa35-97c12a2f72a3:c3466, b6a0d396-0e26-402b-ac58-4f0615a4fad6:c3462, 8b17640a-2548-4323-bd97-ba3488877b23:c3462]
2019-08-20 11:35:48,750 INFO  client.GrpcClientProtocolClient (GrpcClientProtocolClient.java:onNext(255)) - client-FC58CAF12498->aeb608e6-131f-44e0-aa35-97c12a2f72a3: receive RaftClientReply:client-FC58CAF12498->aeb608e6-131f-44e0-aa35-97c12a2f72a3@group-3F41E8AD953A, cid=2362, SUCCESS, logIndex=0, commits[aeb608e6-131f-44e0-aa35-97c12a2f72a3:c3468, b6a0d396-0e26-402b-ac58-4f0615a4fad6:c3464, 8b17640a-2548-4323-bd97-ba3488877b23:c3464]
2019-08-20 11:35:48,762 INFO  client.GrpcClientProtocolClient (GrpcClientProtocolClient.java:onNext(255)) - client-FC58CAF12498->aeb608e6-131f-44e0-aa35-97c12a2f72a3: receive RaftClientReply:client-FC58CAF12498->aeb608e6-131f-44e0-aa35-97c12a2f72a3@group-3F41E8AD953A, cid=2363, SUCCESS, logIndex=3471, commits[aeb608e6-131f-44e0-aa35-97c12a2f72a3:c3472, b6a0d396-0e26-402b-ac58-4f0615a4fad6:c3470, 8b17640a-2548-4323-bd97-ba3488877b23:c3470]
2019-08-20 11:35:48,762 INFO  client.GrpcClientProtocolClient (GrpcClientProtocolClient.java:onNext(255)) - client-FC58CAF12498->aeb608e6-131f-44e0-aa35-97c12a2f72a3: receive RaftClientReply:client-FC58CAF12498->aeb608e6-131f-44e0-aa35-97c12a2f72a3@group-3F41E8AD953A, cid=2364, SUCCESS, logIndex=3472, commits[aeb608e6-131f-44e0-aa35-97c12a2f72a3:c3472, b6a0d396-0e26-402b-ac58-4f0615a4fad6:c3470, 8b17640a-2548-4323-bd97-ba3488877b23:c3470]
2019-08-20 11:35:48,780 INFO  client.GrpcClientProtocolClient (GrpcClientProtocolClient.java:onNext(255)) - client-FC58CAF12498->aeb608e6-131f-44e0-aa35-97c12a2f72a3: receive RaftClientReply:client-FC58CAF12498->aeb608e6-131f-44e0-aa35-97c12a2f72a3@group-3F41E8AD953A, cid=2365, SUCCESS, logIndex=3475, commits[aeb608e6-131f-44e0-aa35-97c12a2f72a3:c3475, b6a0d396-0e26-402b-ac58-4f0615a4fad6:c3474, 8b17640a-2548-4323-bd97-ba3488877b23:c3474]
2019-08-20 11:35:48,781 INFO  client.GrpcClientProtocolClient (GrpcClientProtocolClient.java:onNext(255)) - client-FC58CAF12498->aeb608e6-131f-44e0-aa35-97c12a2f72a3: receive RaftClientReply:client-FC58CAF12498->aeb608e6-131f-44e0-aa35-97c12a2f72a3@group-3F41E8AD953A, cid=2366, SUCCESS, logIndex=3476, commits[aeb608e6-131f-44e0-aa35-97c12a2f72a3:c3476, b6a0d396-0e26-402b-ac58-4f0615a4fad6:c3474, 8b17640a-2548-4323-bd97-ba3488877b23:c3474]
2019-08-20 11:35:48,809 INFO  client.GrpcClientProtocolClient (GrpcClientProtocolClient.java:onNext(255)) - client-FC58CAF12498->aeb608e6-131f-44e0-aa35-97c12a2f72a3: receive RaftClientReply:client-FC58CAF12498->aeb608e6-131f-44e0-aa35-97c12a2f72a3@group-3F41E8AD953A, cid=2367, SUCCESS, logIndex=0, commits[aeb608e6-131f-44e0-aa35-97c12a2f72a3:c3478, b6a0d396-0e26-402b-ac58-4f0615a4fad6:c3476, 8b17640a-2548-4323-bd97-ba3488877b23:c3476]
2019-08-20 11:35:48,837 INFO  client.GrpcClientProtocolClient (GrpcClientProtocolClient.java:onNext(255)) - client-FC58CAF12498->aeb608e6-131f-44e0-aa35-97c12a2f72a3: receive RaftClientReply:client-FC58CAF12498->aeb608e6-131f-44e0-aa35-97c12a2f72a3@group-3F41E8AD953A, cid=2368, SUCCESS, logIndex=3479, commits[aeb608e6-131f-44e0-aa35-97c12a2f72a3:c3480, b6a0d396-0e26-402b-ac58-4f0615a4fad6:c3478, 8b17640a-2548-4323-bd97-ba3488877b23:c3478]
2019-08-20 11:35:48,838 INFO  client.GrpcClientProtocolClient (GrpcClientProtocolClient.java:onNext(255)) - client-FC58CAF12498->aeb608e6-131f-44e0-aa35-97c12a2f72a3: receive RaftClientReply:client-FC58CAF12498->aeb608e6-131f-44e0-aa35-97c12a2f72a3@group-3F41E8AD953A, cid=2369, SUCCESS, logIndex=3480, commits[aeb608e6-131f-44e0-aa35-97c12a2f72a3:c3480, b6a0d396-0e26-402b-ac58-4f0615a4fad6:c3478, 8b17640a-2548-4323-bd97-ba3488877b23:c3478]
2019-08-20 11:35:48,838 INFO  client.GrpcClientProtocolClient (GrpcClientProtocolClient.java:onNext(255)) - client-FC58CAF12498->aeb608e6-131f-44e0-aa35-97c12a2f72a3: receive RaftClientReply:client-FC58CAF12498->aeb608e6-131f-44e0-aa35-97c12a2f72a3@group-3F41E8AD953A, cid=2370, SUCCESS, logIndex=3481, commits[aeb608e6-131f-44e0-aa35-97c12a2f72a3:c3482, b6a0d396-0e26-402b-ac58-4f0615a4fad6:c3478, 8b17640a-2548-4323-bd97-ba3488877b23:c3478]
2019-08-20 11:35:48,839 INFO  client.GrpcClientProtocolClient (GrpcClientProtocolClient.java:onNext(255)) - client-FC58CAF12498->aeb608e6-131f-44e0-aa35-97c12a2f72a3: receive RaftClientReply:client-FC58CAF12498->aeb608e6-131f-44e0-aa35-97c12a2f72a3@group-3F41E8AD953A, cid=2371, SUCCESS, logIndex=3482, commits[aeb608e6-131f-44e0-aa35-97c12a2f72a3:c3482, b6a0d396-0e26-402b-ac58-4f0615a4fad6:c3478, 8b17640a-2548-4323-bd97-ba3488877b23:c3478]
2019-08-20 11:35:48,848 INFO  client.GrpcClientProtocolClient (GrpcClientProtocolClient.java:onNext(255)) - client-FC58CAF12498->aeb608e6-131f-44e0-aa35-97c12a2f72a3: receive RaftClientReply:client-FC58CAF12498->aeb608e6-131f-44e0-aa35-97c12a2f72a3@group-3F41E8AD953A, cid=2372, SUCCESS, logIndex=0, commits[aeb608e6-131f-44e0-aa35-97c12a2f72a3:c3484, b6a0d396-0e26-402b-ac58-4f0615a4fad6:c3480, 8b17640a-2548-4323-bd97-ba3488877b23:c3480]
2019-08-20 11:35:48,871 INFO  client.GrpcClientProtocolClient (GrpcClientProtocolClient.java:onNext(255)) - client-FC58CAF12498->aeb608e6-131f-44e0-aa35-97c12a2f72a3: receive RaftClientReply:client-FC58CAF12498->aeb608e6-131f-44e0-aa35-97c12a2f72a3@group-3F41E8AD953A, cid=2373, SUCCESS, logIndex=3487, commits[aeb608e6-131f-44e0-aa35-97c12a2f72a3:c3488, b6a0d396-0e26-402b-ac58-4f0615a4fad6:c3484, 8b17640a-2548-4323-bd97-ba3488877b23:c3484]
2019-08-20 11:35:48,871 INFO  client.GrpcClientProtocolClient (GrpcClientProtocolClient.java:onNext(255)) - client-FC58CAF12498->aeb608e6-131f-44e0-aa35-97c12a2f72a3: receive RaftClientReply:client-FC58CAF12498->aeb608e6-131f-44e0-aa35-97c12a2f72a3@group-3F41E8AD953A, cid=2374, SUCCESS, logIndex=3488, commits[aeb608e6-131f-44e0-aa35-97c12a2f72a3:c3488, b6a0d396-0e26-402b-ac58-4f0615a4fad6:c3484, 8b17640a-2548-4323-bd97-ba3488877b23:c3484]
2019-08-20 11:35:48,900 INFO  client.GrpcClientProtocolClient (GrpcClientProtocolClient.java:onNext(255)) - client-FC58CAF12498->aeb608e6-131f-44e0-aa35-97c12a2f72a3: receive RaftClientReply:client-FC58CAF12498->aeb608e6-131f-44e0-aa35-97c12a2f72a3@group-3F41E8AD953A, cid=2375, SUCCESS, logIndex=3491, commits[aeb608e6-131f-44e0-aa35-97c12a2f72a3:c3491, b6a0d396-0e26-402b-ac58-4f0615a4fad6:c3489, 8b17640a-2548-4323-bd97-ba3488877b23:c3489]
2019-08-20 11:35:48,900 INFO  client.GrpcClientProtocolClient (GrpcClientProtocolClient.java:onNext(255)) - client-FC58CAF12498->aeb608e6-131f-44e0-aa35-97c12a2f72a3: receive RaftClientReply:client-FC58CAF12498->aeb608e6-131f-44e0-aa35-97c12a2f72a3@group-3F41E8AD953A, cid=2376, SUCCESS, logIndex=3492, commits[aeb608e6-131f-44e0-aa35-97c12a2f72a3:c3492, b6a0d396-0e26-402b-ac58-4f0615a4fad6:c3489, 8b17640a-2548-4323-bd97-ba3488877b23:c3489]
2019-08-20 11:35:48,926 INFO  client.GrpcClientProtocolClient (GrpcClientProtocolClient.java:onNext(255)) - client-FC58CAF12498->aeb608e6-131f-44e0-aa35-97c12a2f72a3: receive RaftClientReply:client-FC58CAF12498->aeb608e6-131f-44e0-aa35-97c12a2f72a3@group-3F41E8AD953A, cid=2377, SUCCESS, logIndex=0, commits[aeb608e6-131f-44e0-aa35-97c12a2f72a3:c3494, b6a0d396-0e26-402b-ac58-4f0615a4fad6:c3492, 8b17640a-2548-4323-bd97-ba3488877b23:c3492]
2019-08-20 11:35:48,954 INFO  client.GrpcClientProtocolClient (GrpcClientProtocolClient.java:onNext(255)) - client-FC58CAF12498->aeb608e6-131f-44e0-aa35-97c12a2f72a3: receive RaftClientReply:client-FC58CAF12498->aeb608e6-131f-44e0-aa35-97c12a2f72a3@group-3F41E8AD953A, cid=2378, SUCCESS, logIndex=3495, commits[aeb608e6-131f-44e0-aa35-97c12a2f72a3:c3497, b6a0d396-0e26-402b-ac58-4f0615a4fad6:c3494, 8b17640a-2548-4323-bd97-ba3488877b23:c3494]
2019-08-20 11:35:48,955 INFO  client.GrpcClientProtocolClient (GrpcClientProtocolClient.java:onNext(255)) - client-FC58CAF12498->aeb608e6-131f-44e0-aa35-97c12a2f72a3: receive RaftClientReply:client-FC58CAF12498->aeb608e6-131f-44e0-aa35-97c12a2f72a3@group-3F41E8AD953A, cid=2379, SUCCESS, logIndex=3496, commits[aeb608e6-131f-44e0-aa35-97c12a2f72a3:c3498, b6a0d396-0e26-402b-ac58-4f0615a4fad6:c3494, 8b17640a-2548-4323-bd97-ba3488877b23:c3494]
2019-08-20 11:35:48,955 INFO  client.GrpcClientProtocolClient (GrpcClientProtocolClient.java:onNext(255)) - client-FC58CAF12498->aeb608e6-131f-44e0-aa35-97c12a2f72a3: receive RaftClientReply:client-FC58CAF12498->aeb608e6-131f-44e0-aa35-97c12a2f72a3@group-3F41E8AD953A, cid=2380, SUCCESS, logIndex=3497, commits[aeb608e6-131f-44e0-aa35-97c12a2f72a3:c3498, b6a0d396-0e26-402b-ac58-4f0615a4fad6:c3494, 8b17640a-2548-4323-bd97-ba3488877b23:c3494]
2019-08-20 11:35:48,956 INFO  client.GrpcClientProtocolClient (GrpcClientProtocolClient.java:onNext(255)) - client-FC58CAF12498->aeb608e6-131f-44e0-aa35-97c12a2f72a3: receive RaftClientReply:client-FC58CAF12498->aeb608e6-131f-44e0-aa35-97c12a2f72a3@group-3F41E8AD953A, cid=2381, SUCCESS, logIndex=3498, commits[aeb608e6-131f-44e0-aa35-97c12a2f72a3:c3498, b6a0d396-0e26-402b-ac58-4f0615a4fad6:c3494, 8b17640a-2548-4323-bd97-ba3488877b23:c3494]
2019-08-20 11:35:48,967 INFO  client.GrpcClientProtocolClient (GrpcClientProtocolClient.java:onNext(255)) - client-FC58CAF12498->aeb608e6-131f-44e0-aa35-97c12a2f72a3: receive RaftClientReply:client-FC58CAF12498->aeb608e6-131f-44e0-aa35-97c12a2f72a3@group-3F41E8AD953A, cid=2382, SUCCESS, logIndex=0, commits[aeb608e6-131f-44e0-aa35-97c12a2f72a3:c3499, b6a0d396-0e26-402b-ac58-4f0615a4fad6:c3496, 8b17640a-2548-4323-bd97-ba3488877b23:c3496]
2019-08-20 11:35:48,998 INFO  client.GrpcClientProtocolClient (GrpcClientProtocolClient.java:onNext(255)) - client-FC58CAF12498->aeb608e6-131f-44e0-aa35-97c12a2f72a3: receive RaftClientReply:client-FC58CAF12498->aeb608e6-131f-44e0-aa35-97c12a2f72a3@group-3F41E8AD953A, cid=2383, SUCCESS, logIndex=3503, commits[aeb608e6-131f-44e0-aa35-97c12a2f72a3:c3504, b6a0d396-0e26-402b-ac58-4f0615a4fad6:c3499, 8b17640a-2548-4323-bd97-ba3488877b23:c3499]
2019-08-20 11:35:48,998 INFO  client.GrpcClientProtocolClient (GrpcClientProtocolClient.java:onNext(255)) - client-FC58CAF12498->aeb608e6-131f-44e0-aa35-97c12a2f72a3: receive RaftClientReply:client-FC58CAF12498->aeb608e6-131f-44e0-aa35-97c12a2f72a3@group-3F41E8AD953A, cid=2384, SUCCESS, logIndex=3504, commits[aeb608e6-131f-44e0-aa35-97c12a2f72a3:c3504, b6a0d396-0e26-402b-ac58-4f0615a4fad6:c3499, 8b17640a-2548-4323-bd97-ba3488877b23:c3499]
2019-08-20 11:35:49,019 INFO  client.GrpcClientProtocolClient (GrpcClientProtocolClient.java:onNext(255)) - client-FC58CAF12498->aeb608e6-131f-44e0-aa35-97c12a2f72a3: receive RaftClientReply:client-FC58CAF12498->aeb608e6-131f-44e0-aa35-97c12a2f72a3@group-3F41E8AD953A, cid=2385, SUCCESS, logIndex=3507, commits[aeb608e6-131f-44e0-aa35-97c12a2f72a3:c3508, b6a0d396-0e26-402b-ac58-4f0615a4fad6:c3504, 8b17640a-2548-4323-bd97-ba3488877b23:c3504]
2019-08-20 11:35:49,020 INFO  client.GrpcClientProtocolClient (GrpcClientProtocolClient.java:onNext(255)) - client-FC58CAF12498->aeb608e6-131f-44e0-aa35-97c12a2f72a3: receive RaftClientReply:client-FC58CAF12498->aeb608e6-131f-44e0-aa35-97c12a2f72a3@group-3F41E8AD953A, cid=2386, SUCCESS, logIndex=3508, commits[aeb608e6-131f-44e0-aa35-97c12a2f72a3:c3508, b6a0d396-0e26-402b-ac58-4f0615a4fad6:c3504, 8b17640a-2548-4323-bd97-ba3488877b23:c3504]
2019-08-20 11:35:49,030 INFO  client.GrpcClientProtocolClient (GrpcClientProtocolClient.java:onNext(255)) - client-FC58CAF12498->aeb608e6-131f-44e0-aa35-97c12a2f72a3: receive RaftClientReply:client-FC58CAF12498->aeb608e6-131f-44e0-aa35-97c12a2f72a3@group-3F41E8AD953A, cid=2387, SUCCESS, logIndex=0, commits[aeb608e6-131f-44e0-aa35-97c12a2f72a3:c3508, b6a0d396-0e26-402b-ac58-4f0615a4fad6:c3508, 8b17640a-2548-4323-bd97-ba3488877b23:c3508]
2019-08-20 11:35:49,056 INFO  client.GrpcClientProtocolClient (GrpcClientProtocolClient.java:onNext(255)) - client-FC58CAF12498->aeb608e6-131f-44e0-aa35-97c12a2f72a3: receive RaftClientReply:client-FC58CAF12498->aeb608e6-131f-44e0-aa35-97c12a2f72a3@group-3F41E8AD953A, cid=2388, SUCCESS, logIndex=3510, commits[aeb608e6-131f-44e0-aa35-97c12a2f72a3:c3511, b6a0d396-0e26-402b-ac58-4f0615a4fad6:c3509, 8b17640a-2548-4323-bd97-ba3488877b23:c3509]
2019-08-20 11:35:49,056 INFO  client.GrpcClientProtocolClient (GrpcClientProtocolClient.java:onNext(255)) - client-FC58CAF12498->aeb608e6-131f-44e0-aa35-97c12a2f72a3: receive RaftClientReply:client-FC58CAF12498->aeb608e6-131f-44e0-aa35-97c12a2f72a3@group-3F41E8AD953A, cid=2389, SUCCESS, logIndex=3511, commits[aeb608e6-131f-44e0-aa35-97c12a2f72a3:c3511, b6a0d396-0e26-402b-ac58-4f0615a4fad6:c3509, 8b17640a-2548-4323-bd97-ba3488877b23:c3509]
2019-08-20 11:35:49,058 INFO  client.GrpcClientProtocolClient (GrpcClientProtocolClient.java:onNext(255)) - client-FC58CAF12498->aeb608e6-131f-44e0-aa35-97c12a2f72a3: receive RaftClientReply:client-FC58CAF12498->aeb608e6-131f-44e0-aa35-97c12a2f72a3@group-3F41E8AD953A, cid=2390, SUCCESS, logIndex=3512, commits[aeb608e6-131f-44e0-aa35-97c12a2f72a3:c3513, b6a0d396-0e26-402b-ac58-4f0615a4fad6:c3509, 8b17640a-2548-4323-bd97-ba3488877b23:c3509]
2019-08-20 11:35:49,058 INFO  client.GrpcClientProtocolClient (GrpcClientProtocolClient.java:onNext(255)) - client-FC58CAF12498->aeb608e6-131f-44e0-aa35-97c12a2f72a3: receive RaftClientReply:client-FC58CAF12498->aeb608e6-131f-44e0-aa35-97c12a2f72a3@group-3F41E8AD953A, cid=2391, SUCCESS, logIndex=3513, commits[aeb608e6-131f-44e0-aa35-97c12a2f72a3:c3513, b6a0d396-0e26-402b-ac58-4f0615a4fad6:c3509, 8b17640a-2548-4323-bd97-ba3488877b23:c3509]
2019-08-20 11:35:49,070 INFO  client.GrpcClientProtocolClient (GrpcClientProtocolClient.java:onNext(255)) - client-FC58CAF12498->aeb608e6-131f-44e0-aa35-97c12a2f72a3: receive RaftClientReply:client-FC58CAF12498->aeb608e6-131f-44e0-aa35-97c12a2f72a3@group-3F41E8AD953A, cid=2392, SUCCESS, logIndex=0, commits[aeb608e6-131f-44e0-aa35-97c12a2f72a3:c3515, b6a0d396-0e26-402b-ac58-4f0615a4fad6:c3511, 8b17640a-2548-4323-bd97-ba3488877b23:c3511]
2019-08-20 11:35:49,083 INFO  client.GrpcClientProtocolClient (GrpcClientProtocolClient.java:onNext(255)) - client-FC58CAF12498->aeb608e6-131f-44e0-aa35-97c12a2f72a3: receive RaftClientReply:client-FC58CAF12498->aeb608e6-131f-44e0-aa35-97c12a2f72a3@group-3F41E8AD953A, cid=2393, SUCCESS, logIndex=3518, commits[aeb608e6-131f-44e0-aa35-97c12a2f72a3:c3519, b6a0d396-0e26-402b-ac58-4f0615a4fad6:c3513, 8b17640a-2548-4323-bd97-ba3488877b23:c3517]
2019-08-20 11:35:49,084 INFO  client.GrpcClientProtocolClient (GrpcClientProtocolClient.java:onNext(255)) - client-FC58CAF12498->aeb608e6-131f-44e0-aa35-97c12a2f72a3: receive RaftClientReply:client-FC58CAF12498->aeb608e6-131f-44e0-aa35-97c12a2f72a3@group-3F41E8AD953A, cid=2394, SUCCESS, logIndex=3519, commits[aeb608e6-131f-44e0-aa35-97c12a2f72a3:c3519, b6a0d396-0e26-402b-ac58-4f0615a4fad6:c3517, 8b17640a-2548-4323-bd97-ba3488877b23:c3517]
2019-08-20 11:35:49,101 INFO  client.GrpcClientProtocolClient (GrpcClientProtocolClient.java:onNext(255)) - client-FC58CAF12498->aeb608e6-131f-44e0-aa35-97c12a2f72a3: receive RaftClientReply:client-FC58CAF12498->aeb608e6-131f-44e0-aa35-97c12a2f72a3@group-3F41E8AD953A, cid=2395, SUCCESS, logIndex=3522, commits[aeb608e6-131f-44e0-aa35-97c12a2f72a3:c3523, b6a0d396-0e26-402b-ac58-4f0615a4fad6:c3520, 8b17640a-2548-4323-bd97-ba3488877b23:c3520]
2019-08-20 11:35:49,101 INFO  client.GrpcClientProtocolClient (GrpcClientProtocolClient.java:onNext(255)) - client-FC58CAF12498->aeb608e6-131f-44e0-aa35-97c12a2f72a3: receive RaftClientReply:client-FC58CAF12498->aeb608e6-131f-44e0-aa35-97c12a2f72a3@group-3F41E8AD953A, cid=2396, SUCCESS, logIndex=3523, commits[aeb608e6-131f-44e0-aa35-97c12a2f72a3:c3523, b6a0d396-0e26-402b-ac58-4f0615a4fad6:c3520, 8b17640a-2548-4323-bd97-ba3488877b23:c3520]
2019-08-20 11:35:49,126 INFO  client.GrpcClientProtocolClient (GrpcClientProtocolClient.java:onNext(255)) - client-FC58CAF12498->aeb608e6-131f-44e0-aa35-97c12a2f72a3: receive RaftClientReply:client-FC58CAF12498->aeb608e6-131f-44e0-aa35-97c12a2f72a3@group-3F41E8AD953A, cid=2397, SUCCESS, logIndex=0, commits[aeb608e6-131f-44e0-aa35-97c12a2f72a3:c3525, b6a0d396-0e26-402b-ac58-4f0615a4fad6:c3523, 8b17640a-2548-4323-bd97-ba3488877b23:c3523]
2019-08-20 11:35:49,154 INFO  client.GrpcClientProtocolClient (GrpcClientProtocolClient.java:onNext(255)) - client-FC58CAF12498->aeb608e6-131f-44e0-aa35-97c12a2f72a3: receive RaftClientReply:client-FC58CAF12498->aeb608e6-131f-44e0-aa35-97c12a2f72a3@group-3F41E8AD953A, cid=2398, SUCCESS, logIndex=3526, commits[aeb608e6-131f-44e0-aa35-97c12a2f72a3:c3527, b6a0d396-0e26-402b-ac58-4f0615a4fad6:c3525, 8b17640a-2548-4323-bd97-ba3488877b23:c3525]
2019-08-20 11:35:49,154 INFO  client.GrpcClientProtocolClient (GrpcClientProtocolClient.java:onNext(255)) - client-FC58CAF12498->aeb608e6-131f-44e0-aa35-97c12a2f72a3: receive RaftClientReply:client-FC58CAF12498->aeb608e6-131f-44e0-aa35-97c12a2f72a3@group-3F41E8AD953A, cid=2399, SUCCESS, logIndex=3527, commits[aeb608e6-131f-44e0-aa35-97c12a2f72a3:c3527, b6a0d396-0e26-402b-ac58-4f0615a4fad6:c3525, 8b17640a-2548-4323-bd97-ba3488877b23:c3525]
2019-08-20 11:35:49,166 INFO  client.GrpcClientProtocolClient (GrpcClientProtocolClient.java:onNext(255)) - client-FC58CAF12498->aeb608e6-131f-44e0-aa35-97c12a2f72a3: receive RaftClientReply:client-FC58CAF12498->aeb608e6-131f-44e0-aa35-97c12a2f72a3@group-3F41E8AD953A, cid=2400, SUCCESS, logIndex=3528, commits[aeb608e6-131f-44e0-aa35-97c12a2f72a3:c3529, b6a0d396-0e26-402b-ac58-4f0615a4fad6:c3525, 8b17640a-2548-4323-bd97-ba3488877b23:c3525]
2019-08-20 11:35:49,167 INFO  client.GrpcClientProtocolClient (GrpcClientProtocolClient.java:onNext(255)) - client-FC58CAF12498->aeb608e6-131f-44e0-aa35-97c12a2f72a3: receive RaftClientReply:client-FC58CAF12498->aeb608e6-131f-44e0-aa35-97c12a2f72a3@group-3F41E8AD953A, cid=2401, SUCCESS, logIndex=3529, commits[aeb608e6-131f-44e0-aa35-97c12a2f72a3:c3529, b6a0d396-0e26-402b-ac58-4f0615a4fad6:c3525, 8b17640a-2548-4323-bd97-ba3488877b23:c3525]
2019-08-20 11:35:49,179 INFO  client.GrpcClientProtocolClient (GrpcClientProtocolClient.java:onNext(255)) - client-FC58CAF12498->aeb608e6-131f-44e0-aa35-97c12a2f72a3: receive RaftClientReply:client-FC58CAF12498->aeb608e6-131f-44e0-aa35-97c12a2f72a3@group-3F41E8AD953A, cid=2402, SUCCESS, logIndex=0, commits[aeb608e6-131f-44e0-aa35-97c12a2f72a3:c3531, b6a0d396-0e26-402b-ac58-4f0615a4fad6:c3527, 8b17640a-2548-4323-bd97-ba3488877b23:c3527]
2019-08-20 11:35:49,212 INFO  client.GrpcClientProtocolClient (GrpcClientProtocolClient.java:onNext(255)) - client-FC58CAF12498->aeb608e6-131f-44e0-aa35-97c12a2f72a3: receive RaftClientReply:client-FC58CAF12498->aeb608e6-131f-44e0-aa35-97c12a2f72a3@group-3F41E8AD953A, cid=2403, SUCCESS, logIndex=3534, commits[aeb608e6-131f-44e0-aa35-97c12a2f72a3:c3535, b6a0d396-0e26-402b-ac58-4f0615a4fad6:c3531, 8b17640a-2548-4323-bd97-ba3488877b23:c3531]
2019-08-20 11:35:49,212 INFO  client.GrpcClientProtocolClient (GrpcClientProtocolClient.java:onNext(255)) - client-FC58CAF12498->aeb608e6-131f-44e0-aa35-97c12a2f72a3: receive RaftClientReply:client-FC58CAF12498->aeb608e6-131f-44e0-aa35-97c12a2f72a3@group-3F41E8AD953A, cid=2404, SUCCESS, logIndex=3535, commits[aeb608e6-131f-44e0-aa35-97c12a2f72a3:c3535, b6a0d396-0e26-402b-ac58-4f0615a4fad6:c3531, 8b17640a-2548-4323-bd97-ba3488877b23:c3531]
2019-08-20 11:35:49,234 INFO  client.GrpcClientProtocolClient (GrpcClientProtocolClient.java:onNext(255)) - client-FC58CAF12498->aeb608e6-131f-44e0-aa35-97c12a2f72a3: receive RaftClientReply:client-FC58CAF12498->aeb608e6-131f-44e0-aa35-97c12a2f72a3@group-3F41E8AD953A, cid=2405, SUCCESS, logIndex=3538, commits[aeb608e6-131f-44e0-aa35-97c12a2f72a3:c3539, b6a0d396-0e26-402b-ac58-4f0615a4fad6:c3535, 8b17640a-2548-4323-bd97-ba3488877b23:c3535]
2019-08-20 11:35:49,235 INFO  client.GrpcClientProtocolClient (GrpcClientProtocolClient.java:onNext(255)) - client-FC58CAF12498->aeb608e6-131f-44e0-aa35-97c12a2f72a3: receive RaftClientReply:client-FC58CAF12498->aeb608e6-131f-44e0-aa35-97c12a2f72a3@group-3F41E8AD953A, cid=2406, SUCCESS, logIndex=3539, commits[aeb608e6-131f-44e0-aa35-97c12a2f72a3:c3539, b6a0d396-0e26-402b-ac58-4f0615a4fad6:c3535, 8b17640a-2548-4323-bd97-ba3488877b23:c3535]
2019-08-20 11:35:49,247 INFO  client.GrpcClientProtocolClient (GrpcClientProtocolClient.java:onNext(255)) - client-FC58CAF12498->aeb608e6-131f-44e0-aa35-97c12a2f72a3: receive RaftClientReply:client-FC58CAF12498->aeb608e6-131f-44e0-aa35-97c12a2f72a3@group-3F41E8AD953A, cid=2407, SUCCESS, logIndex=0, commits[aeb608e6-131f-44e0-aa35-97c12a2f72a3:c3539, b6a0d396-0e26-402b-ac58-4f0615a4fad6:c3539, 8b17640a-2548-4323-bd97-ba3488877b23:c3539]
2019-08-20 11:35:49,271 INFO  client.GrpcClientProtocolClient (GrpcClientProtocolClient.java:onNext(255)) - client-FC58CAF12498->aeb608e6-131f-44e0-aa35-97c12a2f72a3: receive RaftClientReply:client-FC58CAF12498->aeb608e6-131f-44e0-aa35-97c12a2f72a3@group-3F41E8AD953A, cid=2408, SUCCESS, logIndex=3542, commits[aeb608e6-131f-44e0-aa35-97c12a2f72a3:c3543, b6a0d396-0e26-402b-ac58-4f0615a4fad6:c3541, 8b17640a-2548-4323-bd97-ba3488877b23:c3541]
2019-08-20 11:35:49,271 INFO  client.GrpcClientProtocolClient (GrpcClientProtocolClient.java:onNext(255)) - client-FC58CAF12498->aeb608e6-131f-44e0-aa35-97c12a2f72a3: receive RaftClientReply:client-FC58CAF12498->aeb608e6-131f-44e0-aa35-97c12a2f72a3@group-3F41E8AD953A, cid=2409, SUCCESS, logIndex=3543, commits[aeb608e6-131f-44e0-aa35-97c12a2f72a3:c3543, b6a0d396-0e26-402b-ac58-4f0615a4fad6:c3541, 8b17640a-2548-4323-bd97-ba3488877b23:c3541]
2019-08-20 11:35:49,274 INFO  client.GrpcClientProtocolClient (GrpcClientProtocolClient.java:onNext(255)) - client-FC58CAF12498->aeb608e6-131f-44e0-aa35-97c12a2f72a3: receive RaftClientReply:client-FC58CAF12498->aeb608e6-131f-44e0-aa35-97c12a2f72a3@group-3F41E8AD953A, cid=2410, SUCCESS, logIndex=3544, commits[aeb608e6-131f-44e0-aa35-97c12a2f72a3:c3545, b6a0d396-0e26-402b-ac58-4f0615a4fad6:c3541, 8b17640a-2548-4323-bd97-ba3488877b23:c3541]
2019-08-20 11:35:49,274 INFO  client.GrpcClientProtocolClient (GrpcClientProtocolClient.java:onNext(255)) - client-FC58CAF12498->aeb608e6-131f-44e0-aa35-97c12a2f72a3: receive RaftClientReply:client-FC58CAF12498->aeb608e6-131f-44e0-aa35-97c12a2f72a3@group-3F41E8AD953A, cid=2411, SUCCESS, logIndex=3545, commits[aeb608e6-131f-44e0-aa35-97c12a2f72a3:c3545, b6a0d396-0e26-402b-ac58-4f0615a4fad6:c3541, 8b17640a-2548-4323-bd97-ba3488877b23:c3541]
2019-08-20 11:35:49,285 INFO  client.GrpcClientProtocolClient (GrpcClientProtocolClient.java:onNext(255)) - client-FC58CAF12498->aeb608e6-131f-44e0-aa35-97c12a2f72a3: receive RaftClientReply:client-FC58CAF12498->aeb608e6-131f-44e0-aa35-97c12a2f72a3@group-3F41E8AD953A, cid=2412, SUCCESS, logIndex=0, commits[aeb608e6-131f-44e0-aa35-97c12a2f72a3:c3546, b6a0d396-0e26-402b-ac58-4f0615a4fad6:c3543, 8b17640a-2548-4323-bd97-ba3488877b23:c3543]
2019-08-20 11:35:49,306 INFO  client.GrpcClientProtocolClient (GrpcClientProtocolClient.java:onNext(255)) - client-FC58CAF12498->aeb608e6-131f-44e0-aa35-97c12a2f72a3: receive RaftClientReply:client-FC58CAF12498->aeb608e6-131f-44e0-aa35-97c12a2f72a3@group-3F41E8AD953A, cid=2413, SUCCESS, logIndex=3550, commits[aeb608e6-131f-44e0-aa35-97c12a2f72a3:c3551, b6a0d396-0e26-402b-ac58-4f0615a4fad6:c3549, 8b17640a-2548-4323-bd97-ba3488877b23:c3549]
2019-08-20 11:35:49,306 INFO  client.GrpcClientProtocolClient (GrpcClientProtocolClient.java:onNext(255)) - client-FC58CAF12498->aeb608e6-131f-44e0-aa35-97c12a2f72a3: receive RaftClientReply:client-FC58CAF12498->aeb608e6-131f-44e0-aa35-97c12a2f72a3@group-3F41E8AD953A, cid=2414, SUCCESS, logIndex=3551, commits[aeb608e6-131f-44e0-aa35-97c12a2f72a3:c3551, b6a0d396-0e26-402b-ac58-4f0615a4fad6:c3549, 8b17640a-2548-4323-bd97-ba3488877b23:c3549]
2019-08-20 11:35:49,321 INFO  client.GrpcClientProtocolClient (GrpcClientProtocolClient.java:onNext(255)) - client-FC58CAF12498->aeb608e6-131f-44e0-aa35-97c12a2f72a3: receive RaftClientReply:client-FC58CAF12498->aeb608e6-131f-44e0-aa35-97c12a2f72a3@group-3F41E8AD953A, cid=2415, SUCCESS, logIndex=3554, commits[aeb608e6-131f-44e0-aa35-97c12a2f72a3:c3555, b6a0d396-0e26-402b-ac58-4f0615a4fad6:c3551, 8b17640a-2548-4323-bd97-ba3488877b23:c3551]
2019-08-20 11:35:49,321 INFO  client.GrpcClientProtocolClient (GrpcClientProtocolClient.java:onNext(255)) - client-FC58CAF12498->aeb608e6-131f-44e0-aa35-97c12a2f72a3: receive RaftClientReply:client-FC58CAF12498->aeb608e6-131f-44e0-aa35-97c12a2f72a3@group-3F41E8AD953A, cid=2416, SUCCESS, logIndex=3555, commits[aeb608e6-131f-44e0-aa35-97c12a2f72a3:c3555, b6a0d396-0e26-402b-ac58-4f0615a4fad6:c3551, 8b17640a-2548-4323-bd97-ba3488877b23:c3551]
2019-08-20 11:35:49,344 INFO  client.GrpcClientProtocolClient (GrpcClientProtocolClient.java:onNext(255)) - client-FC58CAF12498->aeb608e6-131f-44e0-aa35-97c12a2f72a3: receive RaftClientReply:client-FC58CAF12498->aeb608e6-131f-44e0-aa35-97c12a2f72a3@group-3F41E8AD953A, cid=2417, SUCCESS, logIndex=0, commits[aeb608e6-131f-44e0-aa35-97c12a2f72a3:c3557, b6a0d396-0e26-402b-ac58-4f0615a4fad6:c3555, 8b17640a-2548-4323-bd97-ba3488877b23:c3555]
 0.00% |█                                                                                                    |  0/1 Time: 0:00:232019-08-20 11:35:49,473 INFO  client.GrpcClientProtocolClient (GrpcClientProtocolClient.java:onNext(255)) - client-FC58CAF12498->aeb608e6-131f-44e0-aa35-97c12a2f72a3: receive RaftClientReply:client-FC58CAF12498->aeb608e6-131f-44e0-aa35-97c12a2f72a3@group-3F41E8AD953A, cid=2418, SUCCESS, logIndex=3558, commits[aeb608e6-131f-44e0-aa35-97c12a2f72a3:c3559, b6a0d396-0e26-402b-ac58-4f0615a4fad6:c3557, 8b17640a-2548-4323-bd97-ba3488877b23:c3555]
2019-08-20 11:35:49,473 INFO  client.GrpcClientProtocolClient (GrpcClientProtocolClient.java:onNext(255)) - client-FC58CAF12498->aeb608e6-131f-44e0-aa35-97c12a2f72a3: receive RaftClientReply:client-FC58CAF12498->aeb608e6-131f-44e0-aa35-97c12a2f72a3@group-3F41E8AD953A, cid=2419, SUCCESS, logIndex=3559, commits[aeb608e6-131f-44e0-aa35-97c12a2f72a3:c3559, b6a0d396-0e26-402b-ac58-4f0615a4fad6:c3557, 8b17640a-2548-4323-bd97-ba3488877b23:c3555]
2019-08-20 11:35:49,475 INFO  client.GrpcClientProtocolClient (GrpcClientProtocolClient.java:onNext(255)) - client-FC58CAF12498->aeb608e6-131f-44e0-aa35-97c12a2f72a3: receive RaftClientReply:client-FC58CAF12498->aeb608e6-131f-44e0-aa35-97c12a2f72a3@group-3F41E8AD953A, cid=2420, SUCCESS, logIndex=3560, commits[aeb608e6-131f-44e0-aa35-97c12a2f72a3:c3561, b6a0d396-0e26-402b-ac58-4f0615a4fad6:c3557, 8b17640a-2548-4323-bd97-ba3488877b23:c3557]
2019-08-20 11:35:49,475 INFO  client.GrpcClientProtocolClient (GrpcClientProtocolClient.java:onNext(255)) - client-FC58CAF12498->aeb608e6-131f-44e0-aa35-97c12a2f72a3: receive RaftClientReply:client-FC58CAF12498->aeb608e6-131f-44e0-aa35-97c12a2f72a3@group-3F41E8AD953A, cid=2421, SUCCESS, logIndex=3561, commits[aeb608e6-131f-44e0-aa35-97c12a2f72a3:c3561, b6a0d396-0e26-402b-ac58-4f0615a4fad6:c3557, 8b17640a-2548-4323-bd97-ba3488877b23:c3557]
2019-08-20 11:35:49,499 INFO  client.GrpcClientProtocolClient (GrpcClientProtocolClient.java:onNext(255)) - client-FC58CAF12498->aeb608e6-131f-44e0-aa35-97c12a2f72a3: receive RaftClientReply:client-FC58CAF12498->aeb608e6-131f-44e0-aa35-97c12a2f72a3@group-3F41E8AD953A, cid=2422, SUCCESS, logIndex=0, commits[aeb608e6-131f-44e0-aa35-97c12a2f72a3:c3563, b6a0d396-0e26-402b-ac58-4f0615a4fad6:c3559, 8b17640a-2548-4323-bd97-ba3488877b23:c3559]
2019-08-20 11:35:49,517 INFO  client.GrpcClientProtocolClient (GrpcClientProtocolClient.java:onNext(255)) - client-FC58CAF12498->aeb608e6-131f-44e0-aa35-97c12a2f72a3: receive RaftClientReply:client-FC58CAF12498->aeb608e6-131f-44e0-aa35-97c12a2f72a3@group-3F41E8AD953A, cid=2423, SUCCESS, logIndex=3566, commits[aeb608e6-131f-44e0-aa35-97c12a2f72a3:c3567, b6a0d396-0e26-402b-ac58-4f0615a4fad6:c3565, 8b17640a-2548-4323-bd97-ba3488877b23:c3565]
2019-08-20 11:35:49,517 INFO  client.GrpcClientProtocolClient (GrpcClientProtocolClient.java:onNext(255)) - client-FC58CAF12498->aeb608e6-131f-44e0-aa35-97c12a2f72a3: receive RaftClientReply:client-FC58CAF12498->aeb608e6-131f-44e0-aa35-97c12a2f72a3@group-3F41E8AD953A, cid=2424, SUCCESS, logIndex=3567, commits[aeb608e6-131f-44e0-aa35-97c12a2f72a3:c3567, b6a0d396-0e26-402b-ac58-4f0615a4fad6:c3565, 8b17640a-2548-4323-bd97-ba3488877b23:c3565]
2019-08-20 11:35:49,531 INFO  client.GrpcClientProtocolClient (GrpcClientProtocolClient.java:onNext(255)) - client-FC58CAF12498->aeb608e6-131f-44e0-aa35-97c12a2f72a3: receive RaftClientReply:client-FC58CAF12498->aeb608e6-131f-44e0-aa35-97c12a2f72a3@group-3F41E8AD953A, cid=2425, SUCCESS, logIndex=3570, commits[aeb608e6-131f-44e0-aa35-97c12a2f72a3:c3571, b6a0d396-0e26-402b-ac58-4f0615a4fad6:c3567, 8b17640a-2548-4323-bd97-ba3488877b23:c3567]
2019-08-20 11:35:49,532 INFO  client.GrpcClientProtocolClient (GrpcClientProtocolClient.java:onNext(255)) - client-FC58CAF12498->aeb608e6-131f-44e0-aa35-97c12a2f72a3: receive RaftClientReply:client-FC58CAF12498->aeb608e6-131f-44e0-aa35-97c12a2f72a3@group-3F41E8AD953A, cid=2426, SUCCESS, logIndex=3571, commits[aeb608e6-131f-44e0-aa35-97c12a2f72a3:c3571, b6a0d396-0e26-402b-ac58-4f0615a4fad6:c3567, 8b17640a-2548-4323-bd97-ba3488877b23:c3567]
2019-08-20 11:35:49,546 INFO  client.GrpcClientProtocolClient (GrpcClientProtocolClient.java:onNext(255)) - client-FC58CAF12498->aeb608e6-131f-44e0-aa35-97c12a2f72a3: receive RaftClientReply:client-FC58CAF12498->aeb608e6-131f-44e0-aa35-97c12a2f72a3@group-3F41E8AD953A, cid=2427, SUCCESS, logIndex=0, commits[aeb608e6-131f-44e0-aa35-97c12a2f72a3:c3573, b6a0d396-0e26-402b-ac58-4f0615a4fad6:c3571, 8b17640a-2548-4323-bd97-ba3488877b23:c3571]
2019-08-20 11:35:49,565 INFO  client.GrpcClientProtocolClient (GrpcClientProtocolClient.java:onNext(255)) - client-FC58CAF12498->aeb608e6-131f-44e0-aa35-97c12a2f72a3: receive RaftClientReply:client-FC58CAF12498->aeb608e6-131f-44e0-aa35-97c12a2f72a3@group-3F41E8AD953A, cid=2428, SUCCESS, logIndex=3574, commits[aeb608e6-131f-44e0-aa35-97c12a2f72a3:c3575, b6a0d396-0e26-402b-ac58-4f0615a4fad6:c3573, 8b17640a-2548-4323-bd97-ba3488877b23:c3573]
2019-08-20 11:35:49,565 INFO  client.GrpcClientProtocolClient (GrpcClientProtocolClient.java:onNext(255)) - client-FC58CAF12498->aeb608e6-131f-44e0-aa35-97c12a2f72a3: receive RaftClientReply:client-FC58CAF12498->aeb608e6-131f-44e0-aa35-97c12a2f72a3@group-3F41E8AD953A, cid=2429, SUCCESS, logIndex=3575, commits[aeb608e6-131f-44e0-aa35-97c12a2f72a3:c3577, b6a0d396-0e26-402b-ac58-4f0615a4fad6:c3573, 8b17640a-2548-4323-bd97-ba3488877b23:c3573]
2019-08-20 11:35:49,566 INFO  client.GrpcClientProtocolClient (GrpcClientProtocolClient.java:onNext(255)) - client-FC58CAF12498->aeb608e6-131f-44e0-aa35-97c12a2f72a3: receive RaftClientReply:client-FC58CAF12498->aeb608e6-131f-44e0-aa35-97c12a2f72a3@group-3F41E8AD953A, cid=2430, SUCCESS, logIndex=3576, commits[aeb608e6-131f-44e0-aa35-97c12a2f72a3:c3578, b6a0d396-0e26-402b-ac58-4f0615a4fad6:c3573, 8b17640a-2548-4323-bd97-ba3488877b23:c3574]
2019-08-20 11:35:49,566 INFO  client.GrpcClientProtocolClient (GrpcClientProtocolClient.java:onNext(255)) - client-FC58CAF12498->aeb608e6-131f-44e0-aa35-97c12a2f72a3: receive RaftClientReply:client-FC58CAF12498->aeb608e6-131f-44e0-aa35-97c12a2f72a3@group-3F41E8AD953A, cid=2431, SUCCESS, logIndex=3577, commits[aeb608e6-131f-44e0-aa35-97c12a2f72a3:c3578, b6a0d396-0e26-402b-ac58-4f0615a4fad6:c3573, 8b17640a-2548-4323-bd97-ba3488877b23:c3574]
2019-08-20 11:35:49,587 INFO  client.GrpcClientProtocolClient (GrpcClientProtocolClient.java:onNext(255)) - client-FC58CAF12498->aeb608e6-131f-44e0-aa35-97c12a2f72a3: receive RaftClientReply:client-FC58CAF12498->aeb608e6-131f-44e0-aa35-97c12a2f72a3@group-3F41E8AD953A, cid=2432, SUCCESS, logIndex=0, commits[aeb608e6-131f-44e0-aa35-97c12a2f72a3:c3579, b6a0d396-0e26-402b-ac58-4f0615a4fad6:c3575, 8b17640a-2548-4323-bd97-ba3488877b23:c3575]
2019-08-20 11:35:49,602 INFO  client.GrpcClientProtocolClient (GrpcClientProtocolClient.java:onNext(255)) - client-FC58CAF12498->aeb608e6-131f-44e0-aa35-97c12a2f72a3: receive RaftClientReply:client-FC58CAF12498->aeb608e6-131f-44e0-aa35-97c12a2f72a3@group-3F41E8AD953A, cid=2433, SUCCESS, logIndex=3581, commits[aeb608e6-131f-44e0-aa35-97c12a2f72a3:c3582, b6a0d396-0e26-402b-ac58-4f0615a4fad6:c3580, 8b17640a-2548-4323-bd97-ba3488877b23:c3580]
2019-08-20 11:35:49,602 INFO  client.GrpcClientProtocolClient (GrpcClientProtocolClient.java:onNext(255)) - client-FC58CAF12498->aeb608e6-131f-44e0-aa35-97c12a2f72a3: receive RaftClientReply:client-FC58CAF12498->aeb608e6-131f-44e0-aa35-97c12a2f72a3@group-3F41E8AD953A, cid=2434, SUCCESS, logIndex=3582, commits[aeb608e6-131f-44e0-aa35-97c12a2f72a3:c3582, b6a0d396-0e26-402b-ac58-4f0615a4fad6:c3580, 8b17640a-2548-4323-bd97-ba3488877b23:c3580]
2019-08-20 11:35:49,616 INFO  client.GrpcClientProtocolClient (GrpcClientProtocolClient.java:onNext(255)) - client-FC58CAF12498->aeb608e6-131f-44e0-aa35-97c12a2f72a3: receive RaftClientReply:client-FC58CAF12498->aeb608e6-131f-44e0-aa35-97c12a2f72a3@group-3F41E8AD953A, cid=2435, SUCCESS, logIndex=3585, commits[aeb608e6-131f-44e0-aa35-97c12a2f72a3:c3586, b6a0d396-0e26-402b-ac58-4f0615a4fad6:c3582, 8b17640a-2548-4323-bd97-ba3488877b23:c3582]
2019-08-20 11:35:49,617 INFO  client.GrpcClientProtocolClient (GrpcClientProtocolClient.java:onNext(255)) - client-FC58CAF12498->aeb608e6-131f-44e0-aa35-97c12a2f72a3: receive RaftClientReply:client-FC58CAF12498->aeb608e6-131f-44e0-aa35-97c12a2f72a3@group-3F41E8AD953A, cid=2436, SUCCESS, logIndex=3586, commits[aeb608e6-131f-44e0-aa35-97c12a2f72a3:c3586, b6a0d396-0e26-402b-ac58-4f0615a4fad6:c3582, 8b17640a-2548-4323-bd97-ba3488877b23:c3582]
2019-08-20 11:35:49,630 INFO  client.GrpcClientProtocolClient (GrpcClientProtocolClient.java:onNext(255)) - client-FC58CAF12498->aeb608e6-131f-44e0-aa35-97c12a2f72a3: receive RaftClientReply:client-FC58CAF12498->aeb608e6-131f-44e0-aa35-97c12a2f72a3@group-3F41E8AD953A, cid=2437, SUCCESS, logIndex=0, commits[aeb608e6-131f-44e0-aa35-97c12a2f72a3:c3588, b6a0d396-0e26-402b-ac58-4f0615a4fad6:c3586, 8b17640a-2548-4323-bd97-ba3488877b23:c3586]
2019-08-20 11:35:49,655 INFO  client.GrpcClientProtocolClient (GrpcClientProtocolClient.java:onNext(255)) - client-FC58CAF12498->aeb608e6-131f-44e0-aa35-97c12a2f72a3: receive RaftClientReply:client-FC58CAF12498->aeb608e6-131f-44e0-aa35-97c12a2f72a3@group-3F41E8AD953A, cid=2438, SUCCESS, logIndex=3589, commits[aeb608e6-131f-44e0-aa35-97c12a2f72a3:c3590, b6a0d396-0e26-402b-ac58-4f0615a4fad6:c3588, 8b17640a-2548-4323-bd97-ba3488877b23:c3588]
2019-08-20 11:35:49,655 INFO  client.GrpcClientProtocolClient (GrpcClientProtocolClient.java:onNext(255)) - client-FC58CAF12498->aeb608e6-131f-44e0-aa35-97c12a2f72a3: receive RaftClientReply:client-FC58CAF12498->aeb608e6-131f-44e0-aa35-97c12a2f72a3@group-3F41E8AD953A, cid=2439, SUCCESS, logIndex=3590, commits[aeb608e6-131f-44e0-aa35-97c12a2f72a3:c3590, b6a0d396-0e26-402b-ac58-4f0615a4fad6:c3588, 8b17640a-2548-4323-bd97-ba3488877b23:c3588]
2019-08-20 11:35:49,656 INFO  client.GrpcClientProtocolClient (GrpcClientProtocolClient.java:onNext(255)) - client-FC58CAF12498->aeb608e6-131f-44e0-aa35-97c12a2f72a3: receive RaftClientReply:client-FC58CAF12498->aeb608e6-131f-44e0-aa35-97c12a2f72a3@group-3F41E8AD953A, cid=2440, SUCCESS, logIndex=3591, commits[aeb608e6-131f-44e0-aa35-97c12a2f72a3:c3592, b6a0d396-0e26-402b-ac58-4f0615a4fad6:c3588, 8b17640a-2548-4323-bd97-ba3488877b23:c3588]
2019-08-20 11:35:49,656 INFO  client.GrpcClientProtocolClient (GrpcClientProtocolClient.java:onNext(255)) - client-FC58CAF12498->aeb608e6-131f-44e0-aa35-97c12a2f72a3: receive RaftClientReply:client-FC58CAF12498->aeb608e6-131f-44e0-aa35-97c12a2f72a3@group-3F41E8AD953A, cid=2441, SUCCESS, logIndex=3592, commits[aeb608e6-131f-44e0-aa35-97c12a2f72a3:c3592, b6a0d396-0e26-402b-ac58-4f0615a4fad6:c3588, 8b17640a-2548-4323-bd97-ba3488877b23:c3588]
2019-08-20 11:35:49,669 INFO  client.GrpcClientProtocolClient (GrpcClientProtocolClient.java:onNext(255)) - client-FC58CAF12498->aeb608e6-131f-44e0-aa35-97c12a2f72a3: receive RaftClientReply:client-FC58CAF12498->aeb608e6-131f-44e0-aa35-97c12a2f72a3@group-3F41E8AD953A, cid=2442, SUCCESS, logIndex=0, commits[aeb608e6-131f-44e0-aa35-97c12a2f72a3:c3594, b6a0d396-0e26-402b-ac58-4f0615a4fad6:c3590, 8b17640a-2548-4323-bd97-ba3488877b23:c3590]
2019-08-20 11:35:49,686 INFO  client.GrpcClientProtocolClient (GrpcClientProtocolClient.java:onNext(255)) - client-FC58CAF12498->aeb608e6-131f-44e0-aa35-97c12a2f72a3: receive RaftClientReply:client-FC58CAF12498->aeb608e6-131f-44e0-aa35-97c12a2f72a3@group-3F41E8AD953A, cid=2443, SUCCESS, logIndex=3597, commits[aeb608e6-131f-44e0-aa35-97c12a2f72a3:c3598, b6a0d396-0e26-402b-ac58-4f0615a4fad6:c3596, 8b17640a-2548-4323-bd97-ba3488877b23:c3596]
2019-08-20 11:35:49,686 INFO  client.GrpcClientProtocolClient (GrpcClientProtocolClient.java:onNext(255)) - client-FC58CAF12498->aeb608e6-131f-44e0-aa35-97c12a2f72a3: receive RaftClientReply:client-FC58CAF12498->aeb608e6-131f-44e0-aa35-97c12a2f72a3@group-3F41E8AD953A, cid=2444, SUCCESS, logIndex=3598, commits[aeb608e6-131f-44e0-aa35-97c12a2f72a3:c3598, b6a0d396-0e26-402b-ac58-4f0615a4fad6:c3596, 8b17640a-2548-4323-bd97-ba3488877b23:c3596]
2019-08-20 11:35:49,700 INFO  client.GrpcClientProtocolClient (GrpcClientProtocolClient.java:onNext(255)) - client-FC58CAF12498->aeb608e6-131f-44e0-aa35-97c12a2f72a3: receive RaftClientReply:client-FC58CAF12498->aeb608e6-131f-44e0-aa35-97c12a2f72a3@group-3F41E8AD953A, cid=2445, SUCCESS, logIndex=3601, commits[aeb608e6-131f-44e0-aa35-97c12a2f72a3:c3602, b6a0d396-0e26-402b-ac58-4f0615a4fad6:c3598, 8b17640a-2548-4323-bd97-ba3488877b23:c3598]
2019-08-20 11:35:49,701 INFO  client.GrpcClientProtocolClient (GrpcClientProtocolClient.java:onNext(255)) - client-FC58CAF12498->aeb608e6-131f-44e0-aa35-97c12a2f72a3: receive RaftClientReply:client-FC58CAF12498->aeb608e6-131f-44e0-aa35-97c12a2f72a3@group-3F41E8AD953A, cid=2446, SUCCESS, logIndex=3602, commits[aeb608e6-131f-44e0-aa35-97c12a2f72a3:c3602, b6a0d396-0e26-402b-ac58-4f0615a4fad6:c3598, 8b17640a-2548-4323-bd97-ba3488877b23:c3598]
2019-08-20 11:35:49,713 INFO  client.GrpcClientProtocolClient (GrpcClientProtocolClient.java:onNext(255)) - client-FC58CAF12498->aeb608e6-131f-44e0-aa35-97c12a2f72a3: receive RaftClientReply:client-FC58CAF12498->aeb608e6-131f-44e0-aa35-97c12a2f72a3@group-3F41E8AD953A, cid=2447, SUCCESS, logIndex=0, commits[aeb608e6-131f-44e0-aa35-97c12a2f72a3:c3604, b6a0d396-0e26-402b-ac58-4f0615a4fad6:c3602, 8b17640a-2548-4323-bd97-ba3488877b23:c3602]
2019-08-20 11:35:49,739 INFO  client.GrpcClientProtocolClient (GrpcClientProtocolClient.java:onNext(255)) - client-FC58CAF12498->aeb608e6-131f-44e0-aa35-97c12a2f72a3: receive RaftClientReply:client-FC58CAF12498->aeb608e6-131f-44e0-aa35-97c12a2f72a3@group-3F41E8AD953A, cid=2448, SUCCESS, logIndex=3605, commits[aeb608e6-131f-44e0-aa35-97c12a2f72a3:c3606, b6a0d396-0e26-402b-ac58-4f0615a4fad6:c3604, 8b17640a-2548-4323-bd97-ba3488877b23:c3604]
2019-08-20 11:35:49,739 INFO  client.GrpcClientProtocolClient (GrpcClientProtocolClient.java:onNext(255)) - client-FC58CAF12498->aeb608e6-131f-44e0-aa35-97c12a2f72a3: receive RaftClientReply:client-FC58CAF12498->aeb608e6-131f-44e0-aa35-97c12a2f72a3@group-3F41E8AD953A, cid=2449, SUCCESS, logIndex=3606, commits[aeb608e6-131f-44e0-aa35-97c12a2f72a3:c3606, b6a0d396-0e26-402b-ac58-4f0615a4fad6:c3604, 8b17640a-2548-4323-bd97-ba3488877b23:c3604]
2019-08-20 11:35:49,739 INFO  client.GrpcClientProtocolClient (GrpcClientProtocolClient.java:onNext(255)) - client-FC58CAF12498->aeb608e6-131f-44e0-aa35-97c12a2f72a3: receive RaftClientReply:client-FC58CAF12498->aeb608e6-131f-44e0-aa35-97c12a2f72a3@group-3F41E8AD953A, cid=2450, SUCCESS, logIndex=3607, commits[aeb608e6-131f-44e0-aa35-97c12a2f72a3:c3607, b6a0d396-0e26-402b-ac58-4f0615a4fad6:c3604, 8b17640a-2548-4323-bd97-ba3488877b23:c3604]
2019-08-20 11:35:49,740 INFO  client.GrpcClientProtocolClient (GrpcClientProtocolClient.java:onNext(255)) - client-FC58CAF12498->aeb608e6-131f-44e0-aa35-97c12a2f72a3: receive RaftClientReply:client-FC58CAF12498->aeb608e6-131f-44e0-aa35-97c12a2f72a3@group-3F41E8AD953A, cid=2451, SUCCESS, logIndex=3608, commits[aeb608e6-131f-44e0-aa35-97c12a2f72a3:c3608, b6a0d396-0e26-402b-ac58-4f0615a4fad6:c3604, 8b17640a-2548-4323-bd97-ba3488877b23:c3604]
2019-08-20 11:35:49,760 INFO  client.GrpcClientProtocolClient (GrpcClientProtocolClient.java:onNext(255)) - client-FC58CAF12498->aeb608e6-131f-44e0-aa35-97c12a2f72a3: receive RaftClientReply:client-FC58CAF12498->aeb608e6-131f-44e0-aa35-97c12a2f72a3@group-3F41E8AD953A, cid=2452, SUCCESS, logIndex=0, commits[aeb608e6-131f-44e0-aa35-97c12a2f72a3:c3610, b6a0d396-0e26-402b-ac58-4f0615a4fad6:c3606, 8b17640a-2548-4323-bd97-ba3488877b23:c3606]
2019-08-20 11:35:49,779 INFO  client.GrpcClientProtocolClient (GrpcClientProtocolClient.java:onNext(255)) - client-FC58CAF12498->aeb608e6-131f-44e0-aa35-97c12a2f72a3: receive RaftClientReply:client-FC58CAF12498->aeb608e6-131f-44e0-aa35-97c12a2f72a3@group-3F41E8AD953A, cid=2453, SUCCESS, logIndex=3613, commits[aeb608e6-131f-44e0-aa35-97c12a2f72a3:c3614, b6a0d396-0e26-402b-ac58-4f0615a4fad6:c3612, 8b17640a-2548-4323-bd97-ba3488877b23:c3612]
2019-08-20 11:35:49,780 INFO  client.GrpcClientProtocolClient (GrpcClientProtocolClient.java:onNext(255)) - client-FC58CAF12498->aeb608e6-131f-44e0-aa35-97c12a2f72a3: receive RaftClientReply:client-FC58CAF12498->aeb608e6-131f-44e0-aa35-97c12a2f72a3@group-3F41E8AD953A, cid=2454, SUCCESS, logIndex=3614, commits[aeb608e6-131f-44e0-aa35-97c12a2f72a3:c3614, b6a0d396-0e26-402b-ac58-4f0615a4fad6:c3612, 8b17640a-2548-4323-bd97-ba3488877b23:c3612]
2019-08-20 11:35:49,797 INFO  client.GrpcClientProtocolClient (GrpcClientProtocolClient.java:onNext(255)) - client-FC58CAF12498->aeb608e6-131f-44e0-aa35-97c12a2f72a3: receive RaftClientReply:client-FC58CAF12498->aeb608e6-131f-44e0-aa35-97c12a2f72a3@group-3F41E8AD953A, cid=2455, SUCCESS, logIndex=3617, commits[aeb608e6-131f-44e0-aa35-97c12a2f72a3:c3618, b6a0d396-0e26-402b-ac58-4f0615a4fad6:c3616, 8b17640a-2548-4323-bd97-ba3488877b23:c3616]
2019-08-20 11:35:49,797 INFO  client.GrpcClientProtocolClient (GrpcClientProtocolClient.java:onNext(255)) - client-FC58CAF12498->aeb608e6-131f-44e0-aa35-97c12a2f72a3: receive RaftClientReply:client-FC58CAF12498->aeb608e6-131f-44e0-aa35-97c12a2f72a3@group-3F41E8AD953A, cid=2456, SUCCESS, logIndex=3618, commits[aeb608e6-131f-44e0-aa35-97c12a2f72a3:c3618, b6a0d396-0e26-402b-ac58-4f0615a4fad6:c3616, 8b17640a-2548-4323-bd97-ba3488877b23:c3616]
2019-08-20 11:35:49,799 INFO  client.GrpcClientProtocolClient (GrpcClientProtocolClient.java:onNext(255)) - client-FC58CAF12498->aeb608e6-131f-44e0-aa35-97c12a2f72a3: receive RaftClientReply:client-FC58CAF12498->aeb608e6-131f-44e0-aa35-97c12a2f72a3@group-3F41E8AD953A, cid=2457, SUCCESS, logIndex=0, commits[aeb608e6-131f-44e0-aa35-97c12a2f72a3:c3619, b6a0d396-0e26-402b-ac58-4f0615a4fad6:c3618, 8b17640a-2548-4323-bd97-ba3488877b23:c3618]
2019-08-20 11:35:49,829 INFO  client.GrpcClientProtocolClient (GrpcClientProtocolClient.java:onNext(255)) - client-FC58CAF12498->aeb608e6-131f-44e0-aa35-97c12a2f72a3: receive RaftClientReply:client-FC58CAF12498->aeb608e6-131f-44e0-aa35-97c12a2f72a3@group-3F41E8AD953A, cid=2458, SUCCESS, logIndex=3621, commits[aeb608e6-131f-44e0-aa35-97c12a2f72a3:c3622, b6a0d396-0e26-402b-ac58-4f0615a4fad6:c3620, 8b17640a-2548-4323-bd97-ba3488877b23:c3620]
2019-08-20 11:35:49,830 INFO  client.GrpcClientProtocolClient (GrpcClientProtocolClient.java:onNext(255)) - client-FC58CAF12498->aeb608e6-131f-44e0-aa35-97c12a2f72a3: receive RaftClientReply:client-FC58CAF12498->aeb608e6-131f-44e0-aa35-97c12a2f72a3@group-3F41E8AD953A, cid=2459, SUCCESS, logIndex=3622, commits[aeb608e6-131f-44e0-aa35-97c12a2f72a3:c3622, b6a0d396-0e26-402b-ac58-4f0615a4fad6:c3620, 8b17640a-2548-4323-bd97-ba3488877b23:c3620]
2019-08-20 11:35:49,830 INFO  client.GrpcClientProtocolClient (GrpcClientProtocolClient.java:onNext(255)) - client-FC58CAF12498->aeb608e6-131f-44e0-aa35-97c12a2f72a3: receive RaftClientReply:client-FC58CAF12498->aeb608e6-131f-44e0-aa35-97c12a2f72a3@group-3F41E8AD953A, cid=2460, SUCCESS, logIndex=3623, commits[aeb608e6-131f-44e0-aa35-97c12a2f72a3:c3623, b6a0d396-0e26-402b-ac58-4f0615a4fad6:c3620, 8b17640a-2548-4323-bd97-ba3488877b23:c3620]
2019-08-20 11:35:49,830 INFO  client.GrpcClientProtocolClient (GrpcClientProtocolClient.java:onNext(255)) - client-FC58CAF12498->aeb608e6-131f-44e0-aa35-97c12a2f72a3: receive RaftClientReply:client-FC58CAF12498->aeb608e6-131f-44e0-aa35-97c12a2f72a3@group-3F41E8AD953A, cid=2461, SUCCESS, logIndex=3624, commits[aeb608e6-131f-44e0-aa35-97c12a2f72a3:c3624, b6a0d396-0e26-402b-ac58-4f0615a4fad6:c3620, 8b17640a-2548-4323-bd97-ba3488877b23:c3620]
2019-08-20 11:35:49,833 INFO  client.GrpcClientProtocolClient (GrpcClientProtocolClient.java:onNext(255)) - client-FC58CAF12498->aeb608e6-131f-44e0-aa35-97c12a2f72a3: receive RaftClientReply:client-FC58CAF12498->aeb608e6-131f-44e0-aa35-97c12a2f72a3@group-3F41E8AD953A, cid=2462, SUCCESS, logIndex=0, commits[aeb608e6-131f-44e0-aa35-97c12a2f72a3:c3626, b6a0d396-0e26-402b-ac58-4f0615a4fad6:c3622, 8b17640a-2548-4323-bd97-ba3488877b23:c3622]
2019-08-20 11:35:49,847 INFO  client.GrpcClientProtocolClient (GrpcClientProtocolClient.java:onNext(255)) - client-FC58CAF12498->aeb608e6-131f-44e0-aa35-97c12a2f72a3: receive RaftClientReply:client-FC58CAF12498->aeb608e6-131f-44e0-aa35-97c12a2f72a3@group-3F41E8AD953A, cid=2463, SUCCESS, logIndex=3629, commits[aeb608e6-131f-44e0-aa35-97c12a2f72a3:c3630, b6a0d396-0e26-402b-ac58-4f0615a4fad6:c3624, 8b17640a-2548-4323-bd97-ba3488877b23:c3627]
2019-08-20 11:35:49,847 INFO  client.GrpcClientProtocolClient (GrpcClientProtocolClient.java:onNext(255)) - client-FC58CAF12498->aeb608e6-131f-44e0-aa35-97c12a2f72a3: receive RaftClientReply:client-FC58CAF12498->aeb608e6-131f-44e0-aa35-97c12a2f72a3@group-3F41E8AD953A, cid=2464, SUCCESS, logIndex=3630, commits[aeb608e6-131f-44e0-aa35-97c12a2f72a3:c3630, b6a0d396-0e26-402b-ac58-4f0615a4fad6:c3627, 8b17640a-2548-4323-bd97-ba3488877b23:c3627]
2019-08-20 11:35:49,860 INFO  client.GrpcClientProtocolClient (GrpcClientProtocolClient.java:onNext(255)) - client-FC58CAF12498->aeb608e6-131f-44e0-aa35-97c12a2f72a3: receive RaftClientReply:client-FC58CAF12498->aeb608e6-131f-44e0-aa35-97c12a2f72a3@group-3F41E8AD953A, cid=2465, SUCCESS, logIndex=3632, commits[aeb608e6-131f-44e0-aa35-97c12a2f72a3:c3633, b6a0d396-0e26-402b-ac58-4f0615a4fad6:c3630, 8b17640a-2548-4323-bd97-ba3488877b23:c3630]
2019-08-20 11:35:49,861 INFO  client.GrpcClientProtocolClient (GrpcClientProtocolClient.java:onNext(255)) - client-FC58CAF12498->aeb608e6-131f-44e0-aa35-97c12a2f72a3: receive RaftClientReply:client-FC58CAF12498->aeb608e6-131f-44e0-aa35-97c12a2f72a3@group-3F41E8AD953A, cid=2466, SUCCESS, logIndex=3633, commits[aeb608e6-131f-44e0-aa35-97c12a2f72a3:c3633, b6a0d396-0e26-402b-ac58-4f0615a4fad6:c3630, 8b17640a-2548-4323-bd97-ba3488877b23:c3630]
2019-08-20 11:35:49,864 INFO  client.GrpcClientProtocolClient (GrpcClientProtocolClient.java:onNext(255)) - client-FC58CAF12498->aeb608e6-131f-44e0-aa35-97c12a2f72a3: receive RaftClientReply:client-FC58CAF12498->aeb608e6-131f-44e0-aa35-97c12a2f72a3@group-3F41E8AD953A, cid=2467, SUCCESS, logIndex=0, commits[aeb608e6-131f-44e0-aa35-97c12a2f72a3:c3635, b6a0d396-0e26-402b-ac58-4f0615a4fad6:c3633, 8b17640a-2548-4323-bd97-ba3488877b23:c3633]
2019-08-20 11:35:49,886 INFO  client.GrpcClientProtocolClient (GrpcClientProtocolClient.java:onNext(255)) - client-FC58CAF12498->aeb608e6-131f-44e0-aa35-97c12a2f72a3: receive RaftClientReply:client-FC58CAF12498->aeb608e6-131f-44e0-aa35-97c12a2f72a3@group-3F41E8AD953A, cid=2468, SUCCESS, logIndex=3636, commits[aeb608e6-131f-44e0-aa35-97c12a2f72a3:c3638, b6a0d396-0e26-402b-ac58-4f0615a4fad6:c3635, 8b17640a-2548-4323-bd97-ba3488877b23:c3635]
2019-08-20 11:35:49,886 INFO  client.GrpcClientProtocolClient (GrpcClientProtocolClient.java:onNext(255)) - client-FC58CAF12498->aeb608e6-131f-44e0-aa35-97c12a2f72a3: receive RaftClientReply:client-FC58CAF12498->aeb608e6-131f-44e0-aa35-97c12a2f72a3@group-3F41E8AD953A, cid=2469, SUCCESS, logIndex=3637, commits[aeb608e6-131f-44e0-aa35-97c12a2f72a3:c3639, b6a0d396-0e26-402b-ac58-4f0615a4fad6:c3635, 8b17640a-2548-4323-bd97-ba3488877b23:c3635]
2019-08-20 11:35:49,887 INFO  client.GrpcClientProtocolClient (GrpcClientProtocolClient.java:onNext(255)) - client-FC58CAF12498->aeb608e6-131f-44e0-aa35-97c12a2f72a3: receive RaftClientReply:client-FC58CAF12498->aeb608e6-131f-44e0-aa35-97c12a2f72a3@group-3F41E8AD953A, cid=2470, SUCCESS, logIndex=3638, commits[aeb608e6-131f-44e0-aa35-97c12a2f72a3:c3639, b6a0d396-0e26-402b-ac58-4f0615a4fad6:c3635, 8b17640a-2548-4323-bd97-ba3488877b23:c3635]
2019-08-20 11:35:49,887 INFO  client.GrpcClientProtocolClient (GrpcClientProtocolClient.java:onNext(255)) - client-FC58CAF12498->aeb608e6-131f-44e0-aa35-97c12a2f72a3: receive RaftClientReply:client-FC58CAF12498->aeb608e6-131f-44e0-aa35-97c12a2f72a3@group-3F41E8AD953A, cid=2471, SUCCESS, logIndex=3639, commits[aeb608e6-131f-44e0-aa35-97c12a2f72a3:c3639, b6a0d396-0e26-402b-ac58-4f0615a4fad6:c3635, 8b17640a-2548-4323-bd97-ba3488877b23:c3635]
2019-08-20 11:35:49,900 INFO  client.GrpcClientProtocolClient (GrpcClientProtocolClient.java:onNext(255)) - client-FC58CAF12498->aeb608e6-131f-44e0-aa35-97c12a2f72a3: receive RaftClientReply:client-FC58CAF12498->aeb608e6-131f-44e0-aa35-97c12a2f72a3@group-3F41E8AD953A, cid=2472, SUCCESS, logIndex=0, commits[aeb608e6-131f-44e0-aa35-97c12a2f72a3:c3640, b6a0d396-0e26-402b-ac58-4f0615a4fad6:c3638, 8b17640a-2548-4323-bd97-ba3488877b23:c3638]
2019-08-20 11:35:49,918 INFO  client.GrpcClientProtocolClient (GrpcClientProtocolClient.java:onNext(255)) - client-FC58CAF12498->aeb608e6-131f-44e0-aa35-97c12a2f72a3: receive RaftClientReply:client-FC58CAF12498->aeb608e6-131f-44e0-aa35-97c12a2f72a3@group-3F41E8AD953A, cid=2473, SUCCESS, logIndex=3643, commits[aeb608e6-131f-44e0-aa35-97c12a2f72a3:c3644, b6a0d396-0e26-402b-ac58-4f0615a4fad6:c3642, 8b17640a-2548-4323-bd97-ba3488877b23:c3642]
2019-08-20 11:35:49,918 INFO  client.GrpcClientProtocolClient (GrpcClientProtocolClient.java:onNext(255)) - client-FC58CAF12498->aeb608e6-131f-44e0-aa35-97c12a2f72a3: receive RaftClientReply:client-FC58CAF12498->aeb608e6-131f-44e0-aa35-97c12a2f72a3@group-3F41E8AD953A, cid=2474, SUCCESS, logIndex=3644, commits[aeb608e6-131f-44e0-aa35-97c12a2f72a3:c3644, b6a0d396-0e26-402b-ac58-4f0615a4fad6:c3642, 8b17640a-2548-4323-bd97-ba3488877b23:c3642]
2019-08-20 11:35:49,933 INFO  client.GrpcClientProtocolClient (GrpcClientProtocolClient.java:onNext(255)) - client-FC58CAF12498->aeb608e6-131f-44e0-aa35-97c12a2f72a3: receive RaftClientReply:client-FC58CAF12498->aeb608e6-131f-44e0-aa35-97c12a2f72a3@group-3F41E8AD953A, cid=2475, SUCCESS, logIndex=3647, commits[aeb608e6-131f-44e0-aa35-97c12a2f72a3:c3648, b6a0d396-0e26-402b-ac58-4f0615a4fad6:c3644, 8b17640a-2548-4323-bd97-ba3488877b23:c3644]
2019-08-20 11:35:49,933 INFO  client.GrpcClientProtocolClient (GrpcClientProtocolClient.java:onNext(255)) - client-FC58CAF12498->aeb608e6-131f-44e0-aa35-97c12a2f72a3: receive RaftClientReply:client-FC58CAF12498->aeb608e6-131f-44e0-aa35-97c12a2f72a3@group-3F41E8AD953A, cid=2476, SUCCESS, logIndex=3648, commits[aeb608e6-131f-44e0-aa35-97c12a2f72a3:c3648, b6a0d396-0e26-402b-ac58-4f0615a4fad6:c3644, 8b17640a-2548-4323-bd97-ba3488877b23:c3644]
2019-08-20 11:35:49,947 INFO  client.GrpcClientProtocolClient (GrpcClientProtocolClient.java:onNext(255)) - client-FC58CAF12498->aeb608e6-131f-44e0-aa35-97c12a2f72a3: receive RaftClientReply:client-FC58CAF12498->aeb608e6-131f-44e0-aa35-97c12a2f72a3@group-3F41E8AD953A, cid=2477, SUCCESS, logIndex=0, commits[aeb608e6-131f-44e0-aa35-97c12a2f72a3:c3650, b6a0d396-0e26-402b-ac58-4f0615a4fad6:c3648, 8b17640a-2548-4323-bd97-ba3488877b23:c3648]
2019-08-20 11:35:49,971 INFO  client.GrpcClientProtocolClient (GrpcClientProtocolClient.java:onNext(255)) - client-FC58CAF12498->aeb608e6-131f-44e0-aa35-97c12a2f72a3: receive RaftClientReply:client-FC58CAF12498->aeb608e6-131f-44e0-aa35-97c12a2f72a3@group-3F41E8AD953A, cid=2478, SUCCESS, logIndex=3651, commits[aeb608e6-131f-44e0-aa35-97c12a2f72a3:c3652, b6a0d396-0e26-402b-ac58-4f0615a4fad6:c3650, 8b17640a-2548-4323-bd97-ba3488877b23:c3650]
2019-08-20 11:35:49,971 INFO  client.GrpcClientProtocolClient (GrpcClientProtocolClient.java:onNext(255)) - client-FC58CAF12498->aeb608e6-131f-44e0-aa35-97c12a2f72a3: receive RaftClientReply:client-FC58CAF12498->aeb608e6-131f-44e0-aa35-97c12a2f72a3@group-3F41E8AD953A, cid=2479, SUCCESS, logIndex=3652, commits[aeb608e6-131f-44e0-aa35-97c12a2f72a3:c3652, b6a0d396-0e26-402b-ac58-4f0615a4fad6:c3650, 8b17640a-2548-4323-bd97-ba3488877b23:c3650]
2019-08-20 11:35:49,973 INFO  client.GrpcClientProtocolClient (GrpcClientProtocolClient.java:onNext(255)) - client-FC58CAF12498->aeb608e6-131f-44e0-aa35-97c12a2f72a3: receive RaftClientReply:client-FC58CAF12498->aeb608e6-131f-44e0-aa35-97c12a2f72a3@group-3F41E8AD953A, cid=2480, SUCCESS, logIndex=3653, commits[aeb608e6-131f-44e0-aa35-97c12a2f72a3:c3653, b6a0d396-0e26-402b-ac58-4f0615a4fad6:c3650, 8b17640a-2548-4323-bd97-ba3488877b23:c3650]
2019-08-20 11:35:49,973 INFO  client.GrpcClientProtocolClient (GrpcClientProtocolClient.java:onNext(255)) - client-FC58CAF12498->aeb608e6-131f-44e0-aa35-97c12a2f72a3: receive RaftClientReply:client-FC58CAF12498->aeb608e6-131f-44e0-aa35-97c12a2f72a3@group-3F41E8AD953A, cid=2481, SUCCESS, logIndex=3654, commits[aeb608e6-131f-44e0-aa35-97c12a2f72a3:c3654, b6a0d396-0e26-402b-ac58-4f0615a4fad6:c3650, 8b17640a-2548-4323-bd97-ba3488877b23:c3650]
2019-08-20 11:35:49,985 INFO  client.GrpcClientProtocolClient (GrpcClientProtocolClient.java:onNext(255)) - client-FC58CAF12498->aeb608e6-131f-44e0-aa35-97c12a2f72a3: receive RaftClientReply:client-FC58CAF12498->aeb608e6-131f-44e0-aa35-97c12a2f72a3@group-3F41E8AD953A, cid=2482, SUCCESS, logIndex=0, commits[aeb608e6-131f-44e0-aa35-97c12a2f72a3:c3655, b6a0d396-0e26-402b-ac58-4f0615a4fad6:c3652, 8b17640a-2548-4323-bd97-ba3488877b23:c3652]
2019-08-20 11:35:50,002 INFO  client.GrpcClientProtocolClient (GrpcClientProtocolClient.java:onNext(255)) - client-FC58CAF12498->aeb608e6-131f-44e0-aa35-97c12a2f72a3: receive RaftClientReply:client-FC58CAF12498->aeb608e6-131f-44e0-aa35-97c12a2f72a3@group-3F41E8AD953A, cid=2483, SUCCESS, logIndex=3659, commits[aeb608e6-131f-44e0-aa35-97c12a2f72a3:c3660, b6a0d396-0e26-402b-ac58-4f0615a4fad6:c3658, 8b17640a-2548-4323-bd97-ba3488877b23:c3658]
2019-08-20 11:35:50,003 INFO  client.GrpcClientProtocolClient (GrpcClientProtocolClient.java:onNext(255)) - client-FC58CAF12498->aeb608e6-131f-44e0-aa35-97c12a2f72a3: receive RaftClientReply:client-FC58CAF12498->aeb608e6-131f-44e0-aa35-97c12a2f72a3@group-3F41E8AD953A, cid=2484, SUCCESS, logIndex=3660, commits[aeb608e6-131f-44e0-aa35-97c12a2f72a3:c3660, b6a0d396-0e26-402b-ac58-4f0615a4fad6:c3658, 8b17640a-2548-4323-bd97-ba3488877b23:c3658]
2019-08-20 11:35:50,016 INFO  client.GrpcClientProtocolClient (GrpcClientProtocolClient.java:onNext(255)) - client-FC58CAF12498->aeb608e6-131f-44e0-aa35-97c12a2f72a3: receive RaftClientReply:client-FC58CAF12498->aeb608e6-131f-44e0-aa35-97c12a2f72a3@group-3F41E8AD953A, cid=2485, SUCCESS, logIndex=3663, commits[aeb608e6-131f-44e0-aa35-97c12a2f72a3:c3664, b6a0d396-0e26-402b-ac58-4f0615a4fad6:c3660, 8b17640a-2548-4323-bd97-ba3488877b23:c3660]
2019-08-20 11:35:50,017 INFO  client.GrpcClientProtocolClient (GrpcClientProtocolClient.java:onNext(255)) - client-FC58CAF12498->aeb608e6-131f-44e0-aa35-97c12a2f72a3: receive RaftClientReply:client-FC58CAF12498->aeb608e6-131f-44e0-aa35-97c12a2f72a3@group-3F41E8AD953A, cid=2486, SUCCESS, logIndex=3664, commits[aeb608e6-131f-44e0-aa35-97c12a2f72a3:c3664, b6a0d396-0e26-402b-ac58-4f0615a4fad6:c3660, 8b17640a-2548-4323-bd97-ba3488877b23:c3660]
2019-08-20 11:35:50,031 INFO  client.GrpcClientProtocolClient (GrpcClientProtocolClient.java:onNext(255)) - client-FC58CAF12498->aeb608e6-131f-44e0-aa35-97c12a2f72a3: receive RaftClientReply:client-FC58CAF12498->aeb608e6-131f-44e0-aa35-97c12a2f72a3@group-3F41E8AD953A, cid=2487, SUCCESS, logIndex=0, commits[aeb608e6-131f-44e0-aa35-97c12a2f72a3:c3666, b6a0d396-0e26-402b-ac58-4f0615a4fad6:c3664, 8b17640a-2548-4323-bd97-ba3488877b23:c3664]
2019-08-20 11:35:50,057 INFO  client.GrpcClientProtocolClient (GrpcClientProtocolClient.java:onNext(255)) - client-FC58CAF12498->aeb608e6-131f-44e0-aa35-97c12a2f72a3: receive RaftClientReply:client-FC58CAF12498->aeb608e6-131f-44e0-aa35-97c12a2f72a3@group-3F41E8AD953A, cid=2488, SUCCESS, logIndex=3667, commits[aeb608e6-131f-44e0-aa35-97c12a2f72a3:c3668, b6a0d396-0e26-402b-ac58-4f0615a4fad6:c3666, 8b17640a-2548-4323-bd97-ba3488877b23:c3666]
2019-08-20 11:35:50,057 INFO  client.GrpcClientProtocolClient (GrpcClientProtocolClient.java:onNext(255)) - client-FC58CAF12498->aeb608e6-131f-44e0-aa35-97c12a2f72a3: receive RaftClientReply:client-FC58CAF12498->aeb608e6-131f-44e0-aa35-97c12a2f72a3@group-3F41E8AD953A, cid=2489, SUCCESS, logIndex=3668, commits[aeb608e6-131f-44e0-aa35-97c12a2f72a3:c3668, b6a0d396-0e26-402b-ac58-4f0615a4fad6:c3666, 8b17640a-2548-4323-bd97-ba3488877b23:c3666]
2019-08-20 11:35:50,058 INFO  client.GrpcClientProtocolClient (GrpcClientProtocolClient.java:onNext(255)) - client-FC58CAF12498->aeb608e6-131f-44e0-aa35-97c12a2f72a3: receive RaftClientReply:client-FC58CAF12498->aeb608e6-131f-44e0-aa35-97c12a2f72a3@group-3F41E8AD953A, cid=2490, SUCCESS, logIndex=3669, commits[aeb608e6-131f-44e0-aa35-97c12a2f72a3:c3669, b6a0d396-0e26-402b-ac58-4f0615a4fad6:c3666, 8b17640a-2548-4323-bd97-ba3488877b23:c3666]
2019-08-20 11:35:50,058 INFO  client.GrpcClientProtocolClient (GrpcClientProtocolClient.java:onNext(255)) - client-FC58CAF12498->aeb608e6-131f-44e0-aa35-97c12a2f72a3: receive RaftClientReply:client-FC58CAF12498->aeb608e6-131f-44e0-aa35-97c12a2f72a3@group-3F41E8AD953A, cid=2491, SUCCESS, logIndex=3670, commits[aeb608e6-131f-44e0-aa35-97c12a2f72a3:c3670, b6a0d396-0e26-402b-ac58-4f0615a4fad6:c3666, 8b17640a-2548-4323-bd97-ba3488877b23:c3666]
2019-08-20 11:35:50,059 INFO  client.GrpcClientProtocolClient (GrpcClientProtocolClient.java:onNext(255)) - client-FC58CAF12498->aeb608e6-131f-44e0-aa35-97c12a2f72a3: receive RaftClientReply:client-FC58CAF12498->aeb608e6-131f-44e0-aa35-97c12a2f72a3@group-3F41E8AD953A, cid=2492, SUCCESS, logIndex=0, commits[aeb608e6-131f-44e0-aa35-97c12a2f72a3:c3672, b6a0d396-0e26-402b-ac58-4f0615a4fad6:c3668, 8b17640a-2548-4323-bd97-ba3488877b23:c3668]
2019-08-20 11:35:50,080 INFO  client.GrpcClientProtocolClient (GrpcClientProtocolClient.java:onNext(255)) - client-FC58CAF12498->aeb608e6-131f-44e0-aa35-97c12a2f72a3: receive RaftClientReply:client-FC58CAF12498->aeb608e6-131f-44e0-aa35-97c12a2f72a3@group-3F41E8AD953A, cid=2493, SUCCESS, logIndex=3675, commits[aeb608e6-131f-44e0-aa35-97c12a2f72a3:c3676, b6a0d396-0e26-402b-ac58-4f0615a4fad6:c3674, 8b17640a-2548-4323-bd97-ba3488877b23:c3674]
2019-08-20 11:35:50,080 INFO  client.GrpcClientProtocolClient (GrpcClientProtocolClient.java:onNext(255)) - client-FC58CAF12498->aeb608e6-131f-44e0-aa35-97c12a2f72a3: receive RaftClientReply:client-FC58CAF12498->aeb608e6-131f-44e0-aa35-97c12a2f72a3@group-3F41E8AD953A, cid=2494, SUCCESS, logIndex=3676, commits[aeb608e6-131f-44e0-aa35-97c12a2f72a3:c3676, b6a0d396-0e26-402b-ac58-4f0615a4fad6:c3674, 8b17640a-2548-4323-bd97-ba3488877b23:c3674]
2019-08-20 11:35:50,102 INFO  client.GrpcClientProtocolClient (GrpcClientProtocolClient.java:onNext(255)) - client-FC58CAF12498->aeb608e6-131f-44e0-aa35-97c12a2f72a3: receive RaftClientReply:client-FC58CAF12498->aeb608e6-131f-44e0-aa35-97c12a2f72a3@group-3F41E8AD953A, cid=2495, SUCCESS, logIndex=3679, commits[aeb608e6-131f-44e0-aa35-97c12a2f72a3:c3679, b6a0d396-0e26-402b-ac58-4f0615a4fad6:c3676, 8b17640a-2548-4323-bd97-ba3488877b23:c3676]
2019-08-20 11:35:50,102 INFO  client.GrpcClientProtocolClient (GrpcClientProtocolClient.java:onNext(255)) - client-FC58CAF12498->aeb608e6-131f-44e0-aa35-97c12a2f72a3: receive RaftClientReply:client-FC58CAF12498->aeb608e6-131f-44e0-aa35-97c12a2f72a3@group-3F41E8AD953A, cid=2496, SUCCESS, logIndex=3680, commits[aeb608e6-131f-44e0-aa35-97c12a2f72a3:c3680, b6a0d396-0e26-402b-ac58-4f0615a4fad6:c3676, 8b17640a-2548-4323-bd97-ba3488877b23:c3676]
2019-08-20 11:35:50,119 INFO  client.GrpcClientProtocolClient (GrpcClientProtocolClient.java:onNext(255)) - client-FC58CAF12498->aeb608e6-131f-44e0-aa35-97c12a2f72a3: receive RaftClientReply:client-FC58CAF12498->aeb608e6-131f-44e0-aa35-97c12a2f72a3@group-3F41E8AD953A, cid=2497, SUCCESS, logIndex=0, commits[aeb608e6-131f-44e0-aa35-97c12a2f72a3:c3682, b6a0d396-0e26-402b-ac58-4f0615a4fad6:c3680, 8b17640a-2548-4323-bd97-ba3488877b23:c3680]
2019-08-20 11:35:50,148 INFO  client.GrpcClientProtocolClient (GrpcClientProtocolClient.java:onNext(255)) - client-FC58CAF12498->aeb608e6-131f-44e0-aa35-97c12a2f72a3: receive RaftClientReply:client-FC58CAF12498->aeb608e6-131f-44e0-aa35-97c12a2f72a3@group-3F41E8AD953A, cid=2498, SUCCESS, logIndex=3683, commits[aeb608e6-131f-44e0-aa35-97c12a2f72a3:c3685, b6a0d396-0e26-402b-ac58-4f0615a4fad6:c3682, 8b17640a-2548-4323-bd97-ba3488877b23:c3682]
2019-08-20 11:35:50,148 INFO  client.GrpcClientProtocolClient (GrpcClientProtocolClient.java:onNext(255)) - client-FC58CAF12498->aeb608e6-131f-44e0-aa35-97c12a2f72a3: receive RaftClientReply:client-FC58CAF12498->aeb608e6-131f-44e0-aa35-97c12a2f72a3@group-3F41E8AD953A, cid=2499, SUCCESS, logIndex=3684, commits[aeb608e6-131f-44e0-aa35-97c12a2f72a3:c3686, b6a0d396-0e26-402b-ac58-4f0615a4fad6:c3682, 8b17640a-2548-4323-bd97-ba3488877b23:c3682]
2019-08-20 11:35:50,149 INFO  client.GrpcClientProtocolClient (GrpcClientProtocolClient.java:onNext(255)) - client-FC58CAF12498->aeb608e6-131f-44e0-aa35-97c12a2f72a3: receive RaftClientReply:client-FC58CAF12498->aeb608e6-131f-44e0-aa35-97c12a2f72a3@group-3F41E8AD953A, cid=2500, SUCCESS, logIndex=3685, commits[aeb608e6-131f-44e0-aa35-97c12a2f72a3:c3686, b6a0d396-0e26-402b-ac58-4f0615a4fad6:c3682, 8b17640a-2548-4323-bd97-ba3488877b23:c3682]
2019-08-20 11:35:50,149 INFO  client.GrpcClientProtocolClient (GrpcClientProtocolClient.java:onNext(255)) - client-FC58CAF12498->aeb608e6-131f-44e0-aa35-97c12a2f72a3: receive RaftClientReply:client-FC58CAF12498->aeb608e6-131f-44e0-aa35-97c12a2f72a3@group-3F41E8AD953A, cid=2501, SUCCESS, logIndex=3686, commits[aeb608e6-131f-44e0-aa35-97c12a2f72a3:c3686, b6a0d396-0e26-402b-ac58-4f0615a4fad6:c3682, 8b17640a-2548-4323-bd97-ba3488877b23:c3682]
2019-08-20 11:35:50,162 INFO  client.GrpcClientProtocolClient (GrpcClientProtocolClient.java:onNext(255)) - client-FC58CAF12498->aeb608e6-131f-44e0-aa35-97c12a2f72a3: receive RaftClientReply:client-FC58CAF12498->aeb608e6-131f-44e0-aa35-97c12a2f72a3@group-3F41E8AD953A, cid=2502, SUCCESS, logIndex=0, commits[aeb608e6-131f-44e0-aa35-97c12a2f72a3:c3690, b6a0d396-0e26-402b-ac58-4f0615a4fad6:c3686, 8b17640a-2548-4323-bd97-ba3488877b23:c3684]
2019-08-20 11:35:50,180 INFO  client.GrpcClientProtocolClient (GrpcClientProtocolClient.java:onNext(255)) - client-FC58CAF12498->aeb608e6-131f-44e0-aa35-97c12a2f72a3: receive RaftClientReply:client-FC58CAF12498->aeb608e6-131f-44e0-aa35-97c12a2f72a3@group-3F41E8AD953A, cid=2503, SUCCESS, logIndex=3691, commits[aeb608e6-131f-44e0-aa35-97c12a2f72a3:c3692, b6a0d396-0e26-402b-ac58-4f0615a4fad6:c3690, 8b17640a-2548-4323-bd97-ba3488877b23:c3690]
2019-08-20 11:35:50,180 INFO  client.GrpcClientProtocolClient (GrpcClientProtocolClient.java:onNext(255)) - client-FC58CAF12498->aeb608e6-131f-44e0-aa35-97c12a2f72a3: receive RaftClientReply:client-FC58CAF12498->aeb608e6-131f-44e0-aa35-97c12a2f72a3@group-3F41E8AD953A, cid=2504, SUCCESS, logIndex=3692, commits[aeb608e6-131f-44e0-aa35-97c12a2f72a3:c3692, b6a0d396-0e26-402b-ac58-4f0615a4fad6:c3690, 8b17640a-2548-4323-bd97-ba3488877b23:c3690]
2019-08-20 11:35:50,202 INFO  client.GrpcClientProtocolClient (GrpcClientProtocolClient.java:onNext(255)) - client-FC58CAF12498->aeb608e6-131f-44e0-aa35-97c12a2f72a3: receive RaftClientReply:client-FC58CAF12498->aeb608e6-131f-44e0-aa35-97c12a2f72a3@group-3F41E8AD953A, cid=2505, SUCCESS, logIndex=3695, commits[aeb608e6-131f-44e0-aa35-97c12a2f72a3:c3695, b6a0d396-0e26-402b-ac58-4f0615a4fad6:c3692, 8b17640a-2548-4323-bd97-ba3488877b23:c3692]
2019-08-20 11:35:50,203 INFO  client.GrpcClientProtocolClient (GrpcClientProtocolClient.java:onNext(255)) - client-FC58CAF12498->aeb608e6-131f-44e0-aa35-97c12a2f72a3: receive RaftClientReply:client-FC58CAF12498->aeb608e6-131f-44e0-aa35-97c12a2f72a3@group-3F41E8AD953A, cid=2506, SUCCESS, logIndex=3696, commits[aeb608e6-131f-44e0-aa35-97c12a2f72a3:c3696, b6a0d396-0e26-402b-ac58-4f0615a4fad6:c3692, 8b17640a-2548-4323-bd97-ba3488877b23:c3692]
2019-08-20 11:35:50,217 INFO  client.GrpcClientProtocolClient (GrpcClientProtocolClient.java:onNext(255)) - client-FC58CAF12498->aeb608e6-131f-44e0-aa35-97c12a2f72a3: receive RaftClientReply:client-FC58CAF12498->aeb608e6-131f-44e0-aa35-97c12a2f72a3@group-3F41E8AD953A, cid=2507, SUCCESS, logIndex=0, commits[aeb608e6-131f-44e0-aa35-97c12a2f72a3:c3698, b6a0d396-0e26-402b-ac58-4f0615a4fad6:c3696, 8b17640a-2548-4323-bd97-ba3488877b23:c3696]
2019-08-20 11:35:50,344 INFO  client.GrpcClientProtocolClient (GrpcClientProtocolClient.java:onNext(255)) - client-FC58CAF12498->aeb608e6-131f-44e0-aa35-97c12a2f72a3: receive RaftClientReply:client-FC58CAF12498->aeb608e6-131f-44e0-aa35-97c12a2f72a3@group-3F41E8AD953A, cid=2508, SUCCESS, logIndex=3699, commits[aeb608e6-131f-44e0-aa35-97c12a2f72a3:c3700, b6a0d396-0e26-402b-ac58-4f0615a4fad6:c3698, 8b17640a-2548-4323-bd97-ba3488877b23:c3698]
2019-08-20 11:35:50,345 INFO  client.GrpcClientProtocolClient (GrpcClientProtocolClient.java:onNext(255)) - client-FC58CAF12498->aeb608e6-131f-44e0-aa35-97c12a2f72a3: receive RaftClientReply:client-FC58CAF12498->aeb608e6-131f-44e0-aa35-97c12a2f72a3@group-3F41E8AD953A, cid=2509, SUCCESS, logIndex=3700, commits[aeb608e6-131f-44e0-aa35-97c12a2f72a3:c3702, b6a0d396-0e26-402b-ac58-4f0615a4fad6:c3698, 8b17640a-2548-4323-bd97-ba3488877b23:c3698]
2019-08-20 11:35:50,345 INFO  client.GrpcClientProtocolClient (GrpcClientProtocolClient.java:onNext(255)) - client-FC58CAF12498->aeb608e6-131f-44e0-aa35-97c12a2f72a3: receive RaftClientReply:client-FC58CAF12498->aeb608e6-131f-44e0-aa35-97c12a2f72a3@group-3F41E8AD953A, cid=2510, SUCCESS, logIndex=3701, commits[aeb608e6-131f-44e0-aa35-97c12a2f72a3:c3702, b6a0d396-0e26-402b-ac58-4f0615a4fad6:c3698, 8b17640a-2548-4323-bd97-ba3488877b23:c3698]
2019-08-20 11:35:50,345 INFO  client.GrpcClientProtocolClient (GrpcClientProtocolClient.java:onNext(255)) - client-FC58CAF12498->aeb608e6-131f-44e0-aa35-97c12a2f72a3: receive RaftClientReply:client-FC58CAF12498->aeb608e6-131f-44e0-aa35-97c12a2f72a3@group-3F41E8AD953A, cid=2511, SUCCESS, logIndex=3702, commits[aeb608e6-131f-44e0-aa35-97c12a2f72a3:c3702, b6a0d396-0e26-402b-ac58-4f0615a4fad6:c3698, 8b17640a-2548-4323-bd97-ba3488877b23:c3698]
2019-08-20 11:35:50,346 INFO  client.GrpcClientProtocolClient (GrpcClientProtocolClient.java:onNext(255)) - client-FC58CAF12498->aeb608e6-131f-44e0-aa35-97c12a2f72a3: receive RaftClientReply:client-FC58CAF12498->aeb608e6-131f-44e0-aa35-97c12a2f72a3@group-3F41E8AD953A, cid=2512, SUCCESS, logIndex=0, commits[aeb608e6-131f-44e0-aa35-97c12a2f72a3:c3703, b6a0d396-0e26-402b-ac58-4f0615a4fad6:c3700, 8b17640a-2548-4323-bd97-ba3488877b23:c3700]
2019-08-20 11:35:50,363 INFO  client.GrpcClientProtocolClient (GrpcClientProtocolClient.java:onNext(255)) - client-FC58CAF12498->aeb608e6-131f-44e0-aa35-97c12a2f72a3: receive RaftClientReply:client-FC58CAF12498->aeb608e6-131f-44e0-aa35-97c12a2f72a3@group-3F41E8AD953A, cid=2513, SUCCESS, logIndex=3706, commits[aeb608e6-131f-44e0-aa35-97c12a2f72a3:c3707, b6a0d396-0e26-402b-ac58-4f0615a4fad6:c3705, 8b17640a-2548-4323-bd97-ba3488877b23:c3705]
2019-08-20 11:35:50,363 INFO  client.GrpcClientProtocolClient (GrpcClientProtocolClient.java:onNext(255)) - client-FC58CAF12498->aeb608e6-131f-44e0-aa35-97c12a2f72a3: receive RaftClientReply:client-FC58CAF12498->aeb608e6-131f-44e0-aa35-97c12a2f72a3@group-3F41E8AD953A, cid=2514, SUCCESS, logIndex=3707, commits[aeb608e6-131f-44e0-aa35-97c12a2f72a3:c3707, b6a0d396-0e26-402b-ac58-4f0615a4fad6:c3705, 8b17640a-2548-4323-bd97-ba3488877b23:c3705]
2019-08-20 11:35:50,377 INFO  client.GrpcClientProtocolClient (GrpcClientProtocolClient.java:onNext(255)) - client-FC58CAF12498->aeb608e6-131f-44e0-aa35-97c12a2f72a3: receive RaftClientReply:client-FC58CAF12498->aeb608e6-131f-44e0-aa35-97c12a2f72a3@group-3F41E8AD953A, cid=2515, SUCCESS, logIndex=3710, commits[aeb608e6-131f-44e0-aa35-97c12a2f72a3:c3711, b6a0d396-0e26-402b-ac58-4f0615a4fad6:c3707, 8b17640a-2548-4323-bd97-ba3488877b23:c3707]
2019-08-20 11:35:50,378 INFO  client.GrpcClientProtocolClient (GrpcClientProtocolClient.java:onNext(255)) - client-FC58CAF12498->aeb608e6-131f-44e0-aa35-97c12a2f72a3: receive RaftClientReply:client-FC58CAF12498->aeb608e6-131f-44e0-aa35-97c12a2f72a3@group-3F41E8AD953A, cid=2516, SUCCESS, logIndex=3711, commits[aeb608e6-131f-44e0-aa35-97c12a2f72a3:c3711, b6a0d396-0e26-402b-ac58-4f0615a4fad6:c3707, 8b17640a-2548-4323-bd97-ba3488877b23:c3707]
2019-08-20 11:35:50,396 INFO  client.GrpcClientProtocolClient (GrpcClientProtocolClient.java:onNext(255)) - client-FC58CAF12498->aeb608e6-131f-44e0-aa35-97c12a2f72a3: receive RaftClientReply:client-FC58CAF12498->aeb608e6-131f-44e0-aa35-97c12a2f72a3@group-3F41E8AD953A, cid=2517, SUCCESS, logIndex=0, commits[aeb608e6-131f-44e0-aa35-97c12a2f72a3:c3712, b6a0d396-0e26-402b-ac58-4f0615a4fad6:c3711, 8b17640a-2548-4323-bd97-ba3488877b23:c3711]
2019-08-20 11:35:50,427 INFO  client.GrpcClientProtocolClient (GrpcClientProtocolClient.java:onNext(255)) - client-FC58CAF12498->aeb608e6-131f-44e0-aa35-97c12a2f72a3: receive RaftClientReply:client-FC58CAF12498->aeb608e6-131f-44e0-aa35-97c12a2f72a3@group-3F41E8AD953A, cid=2518, SUCCESS, logIndex=3714, commits[aeb608e6-131f-44e0-aa35-97c12a2f72a3:c3715, b6a0d396-0e26-402b-ac58-4f0615a4fad6:c3713, 8b17640a-2548-4323-bd97-ba3488877b23:c3713]
2019-08-20 11:35:50,428 INFO  client.GrpcClientProtocolClient (GrpcClientProtocolClient.java:onNext(255)) - client-FC58CAF12498->aeb608e6-131f-44e0-aa35-97c12a2f72a3: receive RaftClientReply:client-FC58CAF12498->aeb608e6-131f-44e0-aa35-97c12a2f72a3@group-3F41E8AD953A, cid=2519, SUCCESS, logIndex=3715, commits[aeb608e6-131f-44e0-aa35-97c12a2f72a3:c3715, b6a0d396-0e26-402b-ac58-4f0615a4fad6:c3713, 8b17640a-2548-4323-bd97-ba3488877b23:c3713]
2019-08-20 11:35:50,428 INFO  client.GrpcClientProtocolClient (GrpcClientProtocolClient.java:onNext(255)) - client-FC58CAF12498->aeb608e6-131f-44e0-aa35-97c12a2f72a3: receive RaftClientReply:client-FC58CAF12498->aeb608e6-131f-44e0-aa35-97c12a2f72a3@group-3F41E8AD953A, cid=2520, SUCCESS, logIndex=3716, commits[aeb608e6-131f-44e0-aa35-97c12a2f72a3:c3717, b6a0d396-0e26-402b-ac58-4f0615a4fad6:c3713, 8b17640a-2548-4323-bd97-ba3488877b23:c3713]
2019-08-20 11:35:50,428 INFO  client.GrpcClientProtocolClient (GrpcClientProtocolClient.java:onNext(255)) - client-FC58CAF12498->aeb608e6-131f-44e0-aa35-97c12a2f72a3: receive RaftClientReply:client-FC58CAF12498->aeb608e6-131f-44e0-aa35-97c12a2f72a3@group-3F41E8AD953A, cid=2521, SUCCESS, logIndex=3717, commits[aeb608e6-131f-44e0-aa35-97c12a2f72a3:c3717, b6a0d396-0e26-402b-ac58-4f0615a4fad6:c3713, 8b17640a-2548-4323-bd97-ba3488877b23:c3713]
2019-08-20 11:35:50,441 INFO  client.GrpcClientProtocolClient (GrpcClientProtocolClient.java:onNext(255)) - client-FC58CAF12498->aeb608e6-131f-44e0-aa35-97c12a2f72a3: receive RaftClientReply:client-FC58CAF12498->aeb608e6-131f-44e0-aa35-97c12a2f72a3@group-3F41E8AD953A, cid=2522, SUCCESS, logIndex=0, commits[aeb608e6-131f-44e0-aa35-97c12a2f72a3:c3719, b6a0d396-0e26-402b-ac58-4f0615a4fad6:c3715, 8b17640a-2548-4323-bd97-ba3488877b23:c3715]
 0.00% |█                                                                                                    |  0/1 Time: 0:00:242019-08-20 11:35:50,461 INFO  client.GrpcClientProtocolClient (GrpcClientProtocolClient.java:onNext(255)) - client-FC58CAF12498->aeb608e6-131f-44e0-aa35-97c12a2f72a3: receive RaftClientReply:client-FC58CAF12498->aeb608e6-131f-44e0-aa35-97c12a2f72a3@group-3F41E8AD953A, cid=2523, SUCCESS, logIndex=3722, commits[aeb608e6-131f-44e0-aa35-97c12a2f72a3:c3723, b6a0d396-0e26-402b-ac58-4f0615a4fad6:c3721, 8b17640a-2548-4323-bd97-ba3488877b23:c3721]
2019-08-20 11:35:50,461 INFO  client.GrpcClientProtocolClient (GrpcClientProtocolClient.java:onNext(255)) - client-FC58CAF12498->aeb608e6-131f-44e0-aa35-97c12a2f72a3: receive RaftClientReply:client-FC58CAF12498->aeb608e6-131f-44e0-aa35-97c12a2f72a3@group-3F41E8AD953A, cid=2524, SUCCESS, logIndex=3723, commits[aeb608e6-131f-44e0-aa35-97c12a2f72a3:c3723, b6a0d396-0e26-402b-ac58-4f0615a4fad6:c3721, 8b17640a-2548-4323-bd97-ba3488877b23:c3721]
2019-08-20 11:35:50,474 INFO  client.GrpcClientProtocolClient (GrpcClientProtocolClient.java:onNext(255)) - client-FC58CAF12498->aeb608e6-131f-44e0-aa35-97c12a2f72a3: receive RaftClientReply:client-FC58CAF12498->aeb608e6-131f-44e0-aa35-97c12a2f72a3@group-3F41E8AD953A, cid=2525, SUCCESS, logIndex=3726, commits[aeb608e6-131f-44e0-aa35-97c12a2f72a3:c3726, b6a0d396-0e26-402b-ac58-4f0615a4fad6:c3723, 8b17640a-2548-4323-bd97-ba3488877b23:c3723]
2019-08-20 11:35:50,474 INFO  client.GrpcClientProtocolClient (GrpcClientProtocolClient.java:onNext(255)) - client-FC58CAF12498->aeb608e6-131f-44e0-aa35-97c12a2f72a3: receive RaftClientReply:client-FC58CAF12498->aeb608e6-131f-44e0-aa35-97c12a2f72a3@group-3F41E8AD953A, cid=2526, SUCCESS, logIndex=3727, commits[aeb608e6-131f-44e0-aa35-97c12a2f72a3:c3727, b6a0d396-0e26-402b-ac58-4f0615a4fad6:c3723, 8b17640a-2548-4323-bd97-ba3488877b23:c3723]
2019-08-20 11:35:50,486 INFO  client.GrpcClientProtocolClient (GrpcClientProtocolClient.java:onNext(255)) - client-FC58CAF12498->aeb608e6-131f-44e0-aa35-97c12a2f72a3: receive RaftClientReply:client-FC58CAF12498->aeb608e6-131f-44e0-aa35-97c12a2f72a3@group-3F41E8AD953A, cid=2527, SUCCESS, logIndex=0, commits[aeb608e6-131f-44e0-aa35-97c12a2f72a3:c3729, b6a0d396-0e26-402b-ac58-4f0615a4fad6:c3727, 8b17640a-2548-4323-bd97-ba3488877b23:c3727]
2019-08-20 11:35:50,513 INFO  client.GrpcClientProtocolClient (GrpcClientProtocolClient.java:onNext(255)) - client-FC58CAF12498->aeb608e6-131f-44e0-aa35-97c12a2f72a3: receive RaftClientReply:client-FC58CAF12498->aeb608e6-131f-44e0-aa35-97c12a2f72a3@group-3F41E8AD953A, cid=2528, SUCCESS, logIndex=3730, commits[aeb608e6-131f-44e0-aa35-97c12a2f72a3:c3731, b6a0d396-0e26-402b-ac58-4f0615a4fad6:c3729, 8b17640a-2548-4323-bd97-ba3488877b23:c3729]
2019-08-20 11:35:50,513 INFO  client.GrpcClientProtocolClient (GrpcClientProtocolClient.java:onNext(255)) - client-FC58CAF12498->aeb608e6-131f-44e0-aa35-97c12a2f72a3: receive RaftClientReply:client-FC58CAF12498->aeb608e6-131f-44e0-aa35-97c12a2f72a3@group-3F41E8AD953A, cid=2529, SUCCESS, logIndex=3731, commits[aeb608e6-131f-44e0-aa35-97c12a2f72a3:c3733, b6a0d396-0e26-402b-ac58-4f0615a4fad6:c3729, 8b17640a-2548-4323-bd97-ba3488877b23:c3729]
2019-08-20 11:35:50,513 INFO  client.GrpcClientProtocolClient (GrpcClientProtocolClient.java:onNext(255)) - client-FC58CAF12498->aeb608e6-131f-44e0-aa35-97c12a2f72a3: receive RaftClientReply:client-FC58CAF12498->aeb608e6-131f-44e0-aa35-97c12a2f72a3@group-3F41E8AD953A, cid=2530, SUCCESS, logIndex=3732, commits[aeb608e6-131f-44e0-aa35-97c12a2f72a3:c3733, b6a0d396-0e26-402b-ac58-4f0615a4fad6:c3729, 8b17640a-2548-4323-bd97-ba3488877b23:c3729]
2019-08-20 11:35:50,514 INFO  client.GrpcClientProtocolClient (GrpcClientProtocolClient.java:onNext(255)) - client-FC58CAF12498->aeb608e6-131f-44e0-aa35-97c12a2f72a3: receive RaftClientReply:client-FC58CAF12498->aeb608e6-131f-44e0-aa35-97c12a2f72a3@group-3F41E8AD953A, cid=2531, SUCCESS, logIndex=3733, commits[aeb608e6-131f-44e0-aa35-97c12a2f72a3:c3733, b6a0d396-0e26-402b-ac58-4f0615a4fad6:c3729, 8b17640a-2548-4323-bd97-ba3488877b23:c3729]
2019-08-20 11:35:50,527 INFO  client.GrpcClientProtocolClient (GrpcClientProtocolClient.java:onNext(255)) - client-FC58CAF12498->aeb608e6-131f-44e0-aa35-97c12a2f72a3: receive RaftClientReply:client-FC58CAF12498->aeb608e6-131f-44e0-aa35-97c12a2f72a3@group-3F41E8AD953A, cid=2532, SUCCESS, logIndex=0, commits[aeb608e6-131f-44e0-aa35-97c12a2f72a3:c3737, b6a0d396-0e26-402b-ac58-4f0615a4fad6:c3733, 8b17640a-2548-4323-bd97-ba3488877b23:c3731]
2019-08-20 11:35:50,544 INFO  client.GrpcClientProtocolClient (GrpcClientProtocolClient.java:onNext(255)) - client-FC58CAF12498->aeb608e6-131f-44e0-aa35-97c12a2f72a3: receive RaftClientReply:client-FC58CAF12498->aeb608e6-131f-44e0-aa35-97c12a2f72a3@group-3F41E8AD953A, cid=2533, SUCCESS, logIndex=3738, commits[aeb608e6-131f-44e0-aa35-97c12a2f72a3:c3739, b6a0d396-0e26-402b-ac58-4f0615a4fad6:c3737, 8b17640a-2548-4323-bd97-ba3488877b23:c3737]
2019-08-20 11:35:50,545 INFO  client.GrpcClientProtocolClient (GrpcClientProtocolClient.java:onNext(255)) - client-FC58CAF12498->aeb608e6-131f-44e0-aa35-97c12a2f72a3: receive RaftClientReply:client-FC58CAF12498->aeb608e6-131f-44e0-aa35-97c12a2f72a3@group-3F41E8AD953A, cid=2534, SUCCESS, logIndex=3739, commits[aeb608e6-131f-44e0-aa35-97c12a2f72a3:c3739, b6a0d396-0e26-402b-ac58-4f0615a4fad6:c3737, 8b17640a-2548-4323-bd97-ba3488877b23:c3737]
2019-08-20 11:35:50,559 INFO  client.GrpcClientProtocolClient (GrpcClientProtocolClient.java:onNext(255)) - client-FC58CAF12498->aeb608e6-131f-44e0-aa35-97c12a2f72a3: receive RaftClientReply:client-FC58CAF12498->aeb608e6-131f-44e0-aa35-97c12a2f72a3@group-3F41E8AD953A, cid=2535, SUCCESS, logIndex=3742, commits[aeb608e6-131f-44e0-aa35-97c12a2f72a3:c3743, b6a0d396-0e26-402b-ac58-4f0615a4fad6:c3739, 8b17640a-2548-4323-bd97-ba3488877b23:c3739]
2019-08-20 11:35:50,559 INFO  client.GrpcClientProtocolClient (GrpcClientProtocolClient.java:onNext(255)) - client-FC58CAF12498->aeb608e6-131f-44e0-aa35-97c12a2f72a3: receive RaftClientReply:client-FC58CAF12498->aeb608e6-131f-44e0-aa35-97c12a2f72a3@group-3F41E8AD953A, cid=2536, SUCCESS, logIndex=3743, commits[aeb608e6-131f-44e0-aa35-97c12a2f72a3:c3743, b6a0d396-0e26-402b-ac58-4f0615a4fad6:c3739, 8b17640a-2548-4323-bd97-ba3488877b23:c3739]
2019-08-20 11:35:50,580 INFO  client.GrpcClientProtocolClient (GrpcClientProtocolClient.java:onNext(255)) - client-FC58CAF12498->aeb608e6-131f-44e0-aa35-97c12a2f72a3: receive RaftClientReply:client-FC58CAF12498->aeb608e6-131f-44e0-aa35-97c12a2f72a3@group-3F41E8AD953A, cid=2537, SUCCESS, logIndex=0, commits[aeb608e6-131f-44e0-aa35-97c12a2f72a3:c3744, b6a0d396-0e26-402b-ac58-4f0615a4fad6:c3743, 8b17640a-2548-4323-bd97-ba3488877b23:c3743]
2019-08-20 11:35:50,604 INFO  client.GrpcClientProtocolClient (GrpcClientProtocolClient.java:onNext(255)) - client-FC58CAF12498->aeb608e6-131f-44e0-aa35-97c12a2f72a3: receive RaftClientReply:client-FC58CAF12498->aeb608e6-131f-44e0-aa35-97c12a2f72a3@group-3F41E8AD953A, cid=2538, SUCCESS, logIndex=3746, commits[aeb608e6-131f-44e0-aa35-97c12a2f72a3:c3747, b6a0d396-0e26-402b-ac58-4f0615a4fad6:c3745, 8b17640a-2548-4323-bd97-ba3488877b23:c3745]
2019-08-20 11:35:50,604 INFO  client.GrpcClientProtocolClient (GrpcClientProtocolClient.java:onNext(255)) - client-FC58CAF12498->aeb608e6-131f-44e0-aa35-97c12a2f72a3: receive RaftClientReply:client-FC58CAF12498->aeb608e6-131f-44e0-aa35-97c12a2f72a3@group-3F41E8AD953A, cid=2539, SUCCESS, logIndex=3747, commits[aeb608e6-131f-44e0-aa35-97c12a2f72a3:c3749, b6a0d396-0e26-402b-ac58-4f0615a4fad6:c3745, 8b17640a-2548-4323-bd97-ba3488877b23:c3745]
2019-08-20 11:35:50,604 INFO  client.GrpcClientProtocolClient (GrpcClientProtocolClient.java:onNext(255)) - client-FC58CAF12498->aeb608e6-131f-44e0-aa35-97c12a2f72a3: receive RaftClientReply:client-FC58CAF12498->aeb608e6-131f-44e0-aa35-97c12a2f72a3@group-3F41E8AD953A, cid=2540, SUCCESS, logIndex=3748, commits[aeb608e6-131f-44e0-aa35-97c12a2f72a3:c3749, b6a0d396-0e26-402b-ac58-4f0615a4fad6:c3745, 8b17640a-2548-4323-bd97-ba3488877b23:c3745]
2019-08-20 11:35:50,605 INFO  client.GrpcClientProtocolClient (GrpcClientProtocolClient.java:onNext(255)) - client-FC58CAF12498->aeb608e6-131f-44e0-aa35-97c12a2f72a3: receive RaftClientReply:client-FC58CAF12498->aeb608e6-131f-44e0-aa35-97c12a2f72a3@group-3F41E8AD953A, cid=2541, SUCCESS, logIndex=3749, commits[aeb608e6-131f-44e0-aa35-97c12a2f72a3:c3749, b6a0d396-0e26-402b-ac58-4f0615a4fad6:c3745, 8b17640a-2548-4323-bd97-ba3488877b23:c3745]
2019-08-20 11:35:50,609 INFO  client.GrpcClientProtocolClient (GrpcClientProtocolClient.java:onNext(255)) - client-FC58CAF12498->aeb608e6-131f-44e0-aa35-97c12a2f72a3: receive RaftClientReply:client-FC58CAF12498->aeb608e6-131f-44e0-aa35-97c12a2f72a3@group-3F41E8AD953A, cid=2542, SUCCESS, logIndex=0, commits[aeb608e6-131f-44e0-aa35-97c12a2f72a3:c3753, b6a0d396-0e26-402b-ac58-4f0615a4fad6:c3749, 8b17640a-2548-4323-bd97-ba3488877b23:c3747]
2019-08-20 11:35:50,630 INFO  client.GrpcClientProtocolClient (GrpcClientProtocolClient.java:onNext(255)) - client-FC58CAF12498->aeb608e6-131f-44e0-aa35-97c12a2f72a3: receive RaftClientReply:client-FC58CAF12498->aeb608e6-131f-44e0-aa35-97c12a2f72a3@group-3F41E8AD953A, cid=2543, SUCCESS, logIndex=3754, commits[aeb608e6-131f-44e0-aa35-97c12a2f72a3:c3755, b6a0d396-0e26-402b-ac58-4f0615a4fad6:c3753, 8b17640a-2548-4323-bd97-ba3488877b23:c3753]
2019-08-20 11:35:50,630 INFO  client.GrpcClientProtocolClient (GrpcClientProtocolClient.java:onNext(255)) - client-FC58CAF12498->aeb608e6-131f-44e0-aa35-97c12a2f72a3: receive RaftClientReply:client-FC58CAF12498->aeb608e6-131f-44e0-aa35-97c12a2f72a3@group-3F41E8AD953A, cid=2544, SUCCESS, logIndex=3755, commits[aeb608e6-131f-44e0-aa35-97c12a2f72a3:c3755, b6a0d396-0e26-402b-ac58-4f0615a4fad6:c3753, 8b17640a-2548-4323-bd97-ba3488877b23:c3753]
2019-08-20 11:35:50,645 INFO  client.GrpcClientProtocolClient (GrpcClientProtocolClient.java:onNext(255)) - client-FC58CAF12498->aeb608e6-131f-44e0-aa35-97c12a2f72a3: receive RaftClientReply:client-FC58CAF12498->aeb608e6-131f-44e0-aa35-97c12a2f72a3@group-3F41E8AD953A, cid=2545, SUCCESS, logIndex=3758, commits[aeb608e6-131f-44e0-aa35-97c12a2f72a3:c3759, b6a0d396-0e26-402b-ac58-4f0615a4fad6:c3755, 8b17640a-2548-4323-bd97-ba3488877b23:c3755]
2019-08-20 11:35:50,645 INFO  client.GrpcClientProtocolClient (GrpcClientProtocolClient.java:onNext(255)) - client-FC58CAF12498->aeb608e6-131f-44e0-aa35-97c12a2f72a3: receive RaftClientReply:client-FC58CAF12498->aeb608e6-131f-44e0-aa35-97c12a2f72a3@group-3F41E8AD953A, cid=2546, SUCCESS, logIndex=3759, commits[aeb608e6-131f-44e0-aa35-97c12a2f72a3:c3759, b6a0d396-0e26-402b-ac58-4f0615a4fad6:c3755, 8b17640a-2548-4323-bd97-ba3488877b23:c3755]
2019-08-20 11:35:50,668 INFO  client.GrpcClientProtocolClient (GrpcClientProtocolClient.java:onNext(255)) - client-FC58CAF12498->aeb608e6-131f-44e0-aa35-97c12a2f72a3: receive RaftClientReply:client-FC58CAF12498->aeb608e6-131f-44e0-aa35-97c12a2f72a3@group-3F41E8AD953A, cid=2547, SUCCESS, logIndex=0, commits[aeb608e6-131f-44e0-aa35-97c12a2f72a3:c3761, b6a0d396-0e26-402b-ac58-4f0615a4fad6:c3759, 8b17640a-2548-4323-bd97-ba3488877b23:c3759]
2019-08-20 11:35:50,693 INFO  client.GrpcClientProtocolClient (GrpcClientProtocolClient.java:onNext(255)) - client-FC58CAF12498->aeb608e6-131f-44e0-aa35-97c12a2f72a3: receive RaftClientReply:client-FC58CAF12498->aeb608e6-131f-44e0-aa35-97c12a2f72a3@group-3F41E8AD953A, cid=2548, SUCCESS, logIndex=3762, commits[aeb608e6-131f-44e0-aa35-97c12a2f72a3:c3763, b6a0d396-0e26-402b-ac58-4f0615a4fad6:c3761, 8b17640a-2548-4323-bd97-ba3488877b23:c3761]
2019-08-20 11:35:50,693 INFO  client.GrpcClientProtocolClient (GrpcClientProtocolClient.java:onNext(255)) - client-FC58CAF12498->aeb608e6-131f-44e0-aa35-97c12a2f72a3: receive RaftClientReply:client-FC58CAF12498->aeb608e6-131f-44e0-aa35-97c12a2f72a3@group-3F41E8AD953A, cid=2549, SUCCESS, logIndex=3763, commits[aeb608e6-131f-44e0-aa35-97c12a2f72a3:c3763, b6a0d396-0e26-402b-ac58-4f0615a4fad6:c3761, 8b17640a-2548-4323-bd97-ba3488877b23:c3761]
2019-08-20 11:35:50,704 INFO  client.GrpcClientProtocolClient (GrpcClientProtocolClient.java:onNext(255)) - client-FC58CAF12498->aeb608e6-131f-44e0-aa35-97c12a2f72a3: receive RaftClientReply:client-FC58CAF12498->aeb608e6-131f-44e0-aa35-97c12a2f72a3@group-3F41E8AD953A, cid=2550, SUCCESS, logIndex=3764, commits[aeb608e6-131f-44e0-aa35-97c12a2f72a3:c3765, b6a0d396-0e26-402b-ac58-4f0615a4fad6:c3761, 8b17640a-2548-4323-bd97-ba3488877b23:c3761]
2019-08-20 11:35:50,704 INFO  client.GrpcClientProtocolClient (GrpcClientProtocolClient.java:onNext(255)) - client-FC58CAF12498->aeb608e6-131f-44e0-aa35-97c12a2f72a3: receive RaftClientReply:client-FC58CAF12498->aeb608e6-131f-44e0-aa35-97c12a2f72a3@group-3F41E8AD953A, cid=2551, SUCCESS, logIndex=3765, commits[aeb608e6-131f-44e0-aa35-97c12a2f72a3:c3765, b6a0d396-0e26-402b-ac58-4f0615a4fad6:c3761, 8b17640a-2548-4323-bd97-ba3488877b23:c3761]
2019-08-20 11:35:50,707 INFO  client.GrpcClientProtocolClient (GrpcClientProtocolClient.java:onNext(255)) - client-FC58CAF12498->aeb608e6-131f-44e0-aa35-97c12a2f72a3: receive RaftClientReply:client-FC58CAF12498->aeb608e6-131f-44e0-aa35-97c12a2f72a3@group-3F41E8AD953A, cid=2552, SUCCESS, logIndex=0, commits[aeb608e6-131f-44e0-aa35-97c12a2f72a3:c3767, b6a0d396-0e26-402b-ac58-4f0615a4fad6:c3763, 8b17640a-2548-4323-bd97-ba3488877b23:c3763]
2019-08-20 11:35:50,719 INFO  client.GrpcClientProtocolClient (GrpcClientProtocolClient.java:onNext(255)) - client-FC58CAF12498->aeb608e6-131f-44e0-aa35-97c12a2f72a3: receive RaftClientReply:client-FC58CAF12498->aeb608e6-131f-44e0-aa35-97c12a2f72a3@group-3F41E8AD953A, cid=2553, SUCCESS, logIndex=3770, commits[aeb608e6-131f-44e0-aa35-97c12a2f72a3:c3771, b6a0d396-0e26-402b-ac58-4f0615a4fad6:c3765, 8b17640a-2548-4323-bd97-ba3488877b23:c3768]
2019-08-20 11:35:50,719 INFO  client.GrpcClientProtocolClient (GrpcClientProtocolClient.java:onNext(255)) - client-FC58CAF12498->aeb608e6-131f-44e0-aa35-97c12a2f72a3: receive RaftClientReply:client-FC58CAF12498->aeb608e6-131f-44e0-aa35-97c12a2f72a3@group-3F41E8AD953A, cid=2554, SUCCESS, logIndex=3771, commits[aeb608e6-131f-44e0-aa35-97c12a2f72a3:c3771, b6a0d396-0e26-402b-ac58-4f0615a4fad6:c3768, 8b17640a-2548-4323-bd97-ba3488877b23:c3768]
2019-08-20 11:35:50,736 INFO  client.GrpcClientProtocolClient (GrpcClientProtocolClient.java:onNext(255)) - client-FC58CAF12498->aeb608e6-131f-44e0-aa35-97c12a2f72a3: receive RaftClientReply:client-FC58CAF12498->aeb608e6-131f-44e0-aa35-97c12a2f72a3@group-3F41E8AD953A, cid=2555, SUCCESS, logIndex=3774, commits[aeb608e6-131f-44e0-aa35-97c12a2f72a3:c3775, b6a0d396-0e26-402b-ac58-4f0615a4fad6:c3772, 8b17640a-2548-4323-bd97-ba3488877b23:c3773]
2019-08-20 11:35:50,736 INFO  client.GrpcClientProtocolClient (GrpcClientProtocolClient.java:onNext(255)) - client-FC58CAF12498->aeb608e6-131f-44e0-aa35-97c12a2f72a3: receive RaftClientReply:client-FC58CAF12498->aeb608e6-131f-44e0-aa35-97c12a2f72a3@group-3F41E8AD953A, cid=2556, SUCCESS, logIndex=3775, commits[aeb608e6-131f-44e0-aa35-97c12a2f72a3:c3775, b6a0d396-0e26-402b-ac58-4f0615a4fad6:c3773, 8b17640a-2548-4323-bd97-ba3488877b23:c3773]
2019-08-20 11:35:50,750 INFO  client.GrpcClientProtocolClient (GrpcClientProtocolClient.java:onNext(255)) - client-FC58CAF12498->aeb608e6-131f-44e0-aa35-97c12a2f72a3: receive RaftClientReply:client-FC58CAF12498->aeb608e6-131f-44e0-aa35-97c12a2f72a3@group-3F41E8AD953A, cid=2557, SUCCESS, logIndex=0, commits[aeb608e6-131f-44e0-aa35-97c12a2f72a3:c3777, b6a0d396-0e26-402b-ac58-4f0615a4fad6:c3775, 8b17640a-2548-4323-bd97-ba3488877b23:c3775]
2019-08-20 11:35:50,777 INFO  client.GrpcClientProtocolClient (GrpcClientProtocolClient.java:onNext(255)) - client-FC58CAF12498->aeb608e6-131f-44e0-aa35-97c12a2f72a3: receive RaftClientReply:client-FC58CAF12498->aeb608e6-131f-44e0-aa35-97c12a2f72a3@group-3F41E8AD953A, cid=2558, SUCCESS, logIndex=3778, commits[aeb608e6-131f-44e0-aa35-97c12a2f72a3:c3779, b6a0d396-0e26-402b-ac58-4f0615a4fad6:c3777, 8b17640a-2548-4323-bd97-ba3488877b23:c3777]
2019-08-20 11:35:50,778 INFO  client.GrpcClientProtocolClient (GrpcClientProtocolClient.java:onNext(255)) - client-FC58CAF12498->aeb608e6-131f-44e0-aa35-97c12a2f72a3: receive RaftClientReply:client-FC58CAF12498->aeb608e6-131f-44e0-aa35-97c12a2f72a3@group-3F41E8AD953A, cid=2559, SUCCESS, logIndex=3779, commits[aeb608e6-131f-44e0-aa35-97c12a2f72a3:c3779, b6a0d396-0e26-402b-ac58-4f0615a4fad6:c3777, 8b17640a-2548-4323-bd97-ba3488877b23:c3777]
2019-08-20 11:35:50,778 INFO  client.GrpcClientProtocolClient (GrpcClientProtocolClient.java:onNext(255)) - client-FC58CAF12498->aeb608e6-131f-44e0-aa35-97c12a2f72a3: receive RaftClientReply:client-FC58CAF12498->aeb608e6-131f-44e0-aa35-97c12a2f72a3@group-3F41E8AD953A, cid=2560, SUCCESS, logIndex=3780, commits[aeb608e6-131f-44e0-aa35-97c12a2f72a3:c3780, b6a0d396-0e26-402b-ac58-4f0615a4fad6:c3777, 8b17640a-2548-4323-bd97-ba3488877b23:c3777]
2019-08-20 11:35:50,778 INFO  client.GrpcClientProtocolClient (GrpcClientProtocolClient.java:onNext(255)) - client-FC58CAF12498->aeb608e6-131f-44e0-aa35-97c12a2f72a3: receive RaftClientReply:client-FC58CAF12498->aeb608e6-131f-44e0-aa35-97c12a2f72a3@group-3F41E8AD953A, cid=2561, SUCCESS, logIndex=3781, commits[aeb608e6-131f-44e0-aa35-97c12a2f72a3:c3781, b6a0d396-0e26-402b-ac58-4f0615a4fad6:c3777, 8b17640a-2548-4323-bd97-ba3488877b23:c3777]
2019-08-20 11:35:50,779 INFO  client.GrpcClientProtocolClient (GrpcClientProtocolClient.java:onNext(255)) - client-FC58CAF12498->aeb608e6-131f-44e0-aa35-97c12a2f72a3: receive RaftClientReply:client-FC58CAF12498->aeb608e6-131f-44e0-aa35-97c12a2f72a3@group-3F41E8AD953A, cid=2562, SUCCESS, logIndex=0, commits[aeb608e6-131f-44e0-aa35-97c12a2f72a3:c3783, b6a0d396-0e26-402b-ac58-4f0615a4fad6:c3779, 8b17640a-2548-4323-bd97-ba3488877b23:c3779]
2019-08-20 11:35:50,797 INFO  client.GrpcClientProtocolClient (GrpcClientProtocolClient.java:onNext(255)) - client-FC58CAF12498->aeb608e6-131f-44e0-aa35-97c12a2f72a3: receive RaftClientReply:client-FC58CAF12498->aeb608e6-131f-44e0-aa35-97c12a2f72a3@group-3F41E8AD953A, cid=2563, SUCCESS, logIndex=3786, commits[aeb608e6-131f-44e0-aa35-97c12a2f72a3:c3787, b6a0d396-0e26-402b-ac58-4f0615a4fad6:c3785, 8b17640a-2548-4323-bd97-ba3488877b23:c3785]
2019-08-20 11:35:50,798 INFO  client.GrpcClientProtocolClient (GrpcClientProtocolClient.java:onNext(255)) - client-FC58CAF12498->aeb608e6-131f-44e0-aa35-97c12a2f72a3: receive RaftClientReply:client-FC58CAF12498->aeb608e6-131f-44e0-aa35-97c12a2f72a3@group-3F41E8AD953A, cid=2564, SUCCESS, logIndex=3787, commits[aeb608e6-131f-44e0-aa35-97c12a2f72a3:c3787, b6a0d396-0e26-402b-ac58-4f0615a4fad6:c3785, 8b17640a-2548-4323-bd97-ba3488877b23:c3785]
2019-08-20 11:35:50,812 INFO  client.GrpcClientProtocolClient (GrpcClientProtocolClient.java:onNext(255)) - client-FC58CAF12498->aeb608e6-131f-44e0-aa35-97c12a2f72a3: receive RaftClientReply:client-FC58CAF12498->aeb608e6-131f-44e0-aa35-97c12a2f72a3@group-3F41E8AD953A, cid=2565, SUCCESS, logIndex=3790, commits[aeb608e6-131f-44e0-aa35-97c12a2f72a3:c3791, b6a0d396-0e26-402b-ac58-4f0615a4fad6:c3787, 8b17640a-2548-4323-bd97-ba3488877b23:c3787]
2019-08-20 11:35:50,812 INFO  client.GrpcClientProtocolClient (GrpcClientProtocolClient.java:onNext(255)) - client-FC58CAF12498->aeb608e6-131f-44e0-aa35-97c12a2f72a3: receive RaftClientReply:client-FC58CAF12498->aeb608e6-131f-44e0-aa35-97c12a2f72a3@group-3F41E8AD953A, cid=2566, SUCCESS, logIndex=3791, commits[aeb608e6-131f-44e0-aa35-97c12a2f72a3:c3791, b6a0d396-0e26-402b-ac58-4f0615a4fad6:c3787, 8b17640a-2548-4323-bd97-ba3488877b23:c3787]
2019-08-20 11:35:50,826 INFO  client.GrpcClientProtocolClient (GrpcClientProtocolClient.java:onNext(255)) - client-FC58CAF12498->aeb608e6-131f-44e0-aa35-97c12a2f72a3: receive RaftClientReply:client-FC58CAF12498->aeb608e6-131f-44e0-aa35-97c12a2f72a3@group-3F41E8AD953A, cid=2567, SUCCESS, logIndex=0, commits[aeb608e6-131f-44e0-aa35-97c12a2f72a3:c3793, b6a0d396-0e26-402b-ac58-4f0615a4fad6:c3791, 8b17640a-2548-4323-bd97-ba3488877b23:c3791]
2019-08-20 11:35:50,851 INFO  client.GrpcClientProtocolClient (GrpcClientProtocolClient.java:onNext(255)) - client-FC58CAF12498->aeb608e6-131f-44e0-aa35-97c12a2f72a3: receive RaftClientReply:client-FC58CAF12498->aeb608e6-131f-44e0-aa35-97c12a2f72a3@group-3F41E8AD953A, cid=2568, SUCCESS, logIndex=3794, commits[aeb608e6-131f-44e0-aa35-97c12a2f72a3:c3797, b6a0d396-0e26-402b-ac58-4f0615a4fad6:c3793, 8b17640a-2548-4323-bd97-ba3488877b23:c3793]
2019-08-20 11:35:50,851 INFO  client.GrpcClientProtocolClient (GrpcClientProtocolClient.java:onNext(255)) - client-FC58CAF12498->aeb608e6-131f-44e0-aa35-97c12a2f72a3: receive RaftClientReply:client-FC58CAF12498->aeb608e6-131f-44e0-aa35-97c12a2f72a3@group-3F41E8AD953A, cid=2569, SUCCESS, logIndex=3795, commits[aeb608e6-131f-44e0-aa35-97c12a2f72a3:c3797, b6a0d396-0e26-402b-ac58-4f0615a4fad6:c3793, 8b17640a-2548-4323-bd97-ba3488877b23:c3793]
2019-08-20 11:35:50,851 INFO  client.GrpcClientProtocolClient (GrpcClientProtocolClient.java:onNext(255)) - client-FC58CAF12498->aeb608e6-131f-44e0-aa35-97c12a2f72a3: receive RaftClientReply:client-FC58CAF12498->aeb608e6-131f-44e0-aa35-97c12a2f72a3@group-3F41E8AD953A, cid=2570, SUCCESS, logIndex=3796, commits[aeb608e6-131f-44e0-aa35-97c12a2f72a3:c3797, b6a0d396-0e26-402b-ac58-4f0615a4fad6:c3793, 8b17640a-2548-4323-bd97-ba3488877b23:c3793]
2019-08-20 11:35:50,852 INFO  client.GrpcClientProtocolClient (GrpcClientProtocolClient.java:onNext(255)) - client-FC58CAF12498->aeb608e6-131f-44e0-aa35-97c12a2f72a3: receive RaftClientReply:client-FC58CAF12498->aeb608e6-131f-44e0-aa35-97c12a2f72a3@group-3F41E8AD953A, cid=2571, SUCCESS, logIndex=3797, commits[aeb608e6-131f-44e0-aa35-97c12a2f72a3:c3797, b6a0d396-0e26-402b-ac58-4f0615a4fad6:c3793, 8b17640a-2548-4323-bd97-ba3488877b23:c3793]
2019-08-20 11:35:50,854 INFO  client.GrpcClientProtocolClient (GrpcClientProtocolClient.java:onNext(255)) - client-FC58CAF12498->aeb608e6-131f-44e0-aa35-97c12a2f72a3: receive RaftClientReply:client-FC58CAF12498->aeb608e6-131f-44e0-aa35-97c12a2f72a3@group-3F41E8AD953A, cid=2572, SUCCESS, logIndex=0, commits[aeb608e6-131f-44e0-aa35-97c12a2f72a3:c3799, b6a0d396-0e26-402b-ac58-4f0615a4fad6:c3795, 8b17640a-2548-4323-bd97-ba3488877b23:c3795]
2019-08-20 11:35:50,881 INFO  client.GrpcClientProtocolClient (GrpcClientProtocolClient.java:onNext(255)) - client-FC58CAF12498->aeb608e6-131f-44e0-aa35-97c12a2f72a3: receive RaftClientReply:client-FC58CAF12498->aeb608e6-131f-44e0-aa35-97c12a2f72a3@group-3F41E8AD953A, cid=2573, SUCCESS, logIndex=3802, commits[aeb608e6-131f-44e0-aa35-97c12a2f72a3:c3803, b6a0d396-0e26-402b-ac58-4f0615a4fad6:c3801, 8b17640a-2548-4323-bd97-ba3488877b23:c3801]
2019-08-20 11:35:50,882 INFO  client.GrpcClientProtocolClient (GrpcClientProtocolClient.java:onNext(255)) - client-FC58CAF12498->aeb608e6-131f-44e0-aa35-97c12a2f72a3: receive RaftClientReply:client-FC58CAF12498->aeb608e6-131f-44e0-aa35-97c12a2f72a3@group-3F41E8AD953A, cid=2574, SUCCESS, logIndex=3803, commits[aeb608e6-131f-44e0-aa35-97c12a2f72a3:c3803, b6a0d396-0e26-402b-ac58-4f0615a4fad6:c3801, 8b17640a-2548-4323-bd97-ba3488877b23:c3801]
2019-08-20 11:35:50,896 INFO  client.GrpcClientProtocolClient (GrpcClientProtocolClient.java:onNext(255)) - client-FC58CAF12498->aeb608e6-131f-44e0-aa35-97c12a2f72a3: receive RaftClientReply:client-FC58CAF12498->aeb608e6-131f-44e0-aa35-97c12a2f72a3@group-3F41E8AD953A, cid=2575, SUCCESS, logIndex=3806, commits[aeb608e6-131f-44e0-aa35-97c12a2f72a3:c3807, b6a0d396-0e26-402b-ac58-4f0615a4fad6:c3803, 8b17640a-2548-4323-bd97-ba3488877b23:c3803]
2019-08-20 11:35:50,897 INFO  client.GrpcClientProtocolClient (GrpcClientProtocolClient.java:onNext(255)) - client-FC58CAF12498->aeb608e6-131f-44e0-aa35-97c12a2f72a3: receive RaftClientReply:client-FC58CAF12498->aeb608e6-131f-44e0-aa35-97c12a2f72a3@group-3F41E8AD953A, cid=2576, SUCCESS, logIndex=3807, commits[aeb608e6-131f-44e0-aa35-97c12a2f72a3:c3807, b6a0d396-0e26-402b-ac58-4f0615a4fad6:c3803, 8b17640a-2548-4323-bd97-ba3488877b23:c3803]
2019-08-20 11:35:50,923 INFO  client.GrpcClientProtocolClient (GrpcClientProtocolClient.java:onNext(255)) - client-FC58CAF12498->aeb608e6-131f-44e0-aa35-97c12a2f72a3: receive RaftClientReply:client-FC58CAF12498->aeb608e6-131f-44e0-aa35-97c12a2f72a3@group-3F41E8AD953A, cid=2577, SUCCESS, logIndex=0, commits[aeb608e6-131f-44e0-aa35-97c12a2f72a3:c3809, b6a0d396-0e26-402b-ac58-4f0615a4fad6:c3807, 8b17640a-2548-4323-bd97-ba3488877b23:c3807]
2019-08-20 11:35:50,951 INFO  client.GrpcClientProtocolClient (GrpcClientProtocolClient.java:onNext(255)) - client-FC58CAF12498->aeb608e6-131f-44e0-aa35-97c12a2f72a3: receive RaftClientReply:client-FC58CAF12498->aeb608e6-131f-44e0-aa35-97c12a2f72a3@group-3F41E8AD953A, cid=2578, SUCCESS, logIndex=3810, commits[aeb608e6-131f-44e0-aa35-97c12a2f72a3:c3811, b6a0d396-0e26-402b-ac58-4f0615a4fad6:c3809, 8b17640a-2548-4323-bd97-ba3488877b23:c3809]
2019-08-20 11:35:50,951 INFO  client.GrpcClientProtocolClient (GrpcClientProtocolClient.java:onNext(255)) - client-FC58CAF12498->aeb608e6-131f-44e0-aa35-97c12a2f72a3: receive RaftClientReply:client-FC58CAF12498->aeb608e6-131f-44e0-aa35-97c12a2f72a3@group-3F41E8AD953A, cid=2579, SUCCESS, logIndex=3811, commits[aeb608e6-131f-44e0-aa35-97c12a2f72a3:c3811, b6a0d396-0e26-402b-ac58-4f0615a4fad6:c3809, 8b17640a-2548-4323-bd97-ba3488877b23:c3809]
2019-08-20 11:35:50,952 INFO  client.GrpcClientProtocolClient (GrpcClientProtocolClient.java:onNext(255)) - client-FC58CAF12498->aeb608e6-131f-44e0-aa35-97c12a2f72a3: receive RaftClientReply:client-FC58CAF12498->aeb608e6-131f-44e0-aa35-97c12a2f72a3@group-3F41E8AD953A, cid=2580, SUCCESS, logIndex=3812, commits[aeb608e6-131f-44e0-aa35-97c12a2f72a3:c3813, b6a0d396-0e26-402b-ac58-4f0615a4fad6:c3809, 8b17640a-2548-4323-bd97-ba3488877b23:c3809]
2019-08-20 11:35:50,952 INFO  client.GrpcClientProtocolClient (GrpcClientProtocolClient.java:onNext(255)) - client-FC58CAF12498->aeb608e6-131f-44e0-aa35-97c12a2f72a3: receive RaftClientReply:client-FC58CAF12498->aeb608e6-131f-44e0-aa35-97c12a2f72a3@group-3F41E8AD953A, cid=2581, SUCCESS, logIndex=3813, commits[aeb608e6-131f-44e0-aa35-97c12a2f72a3:c3813, b6a0d396-0e26-402b-ac58-4f0615a4fad6:c3809, 8b17640a-2548-4323-bd97-ba3488877b23:c3809]
2019-08-20 11:35:50,953 INFO  client.GrpcClientProtocolClient (GrpcClientProtocolClient.java:onNext(255)) - client-FC58CAF12498->aeb608e6-131f-44e0-aa35-97c12a2f72a3: receive RaftClientReply:client-FC58CAF12498->aeb608e6-131f-44e0-aa35-97c12a2f72a3@group-3F41E8AD953A, cid=2582, SUCCESS, logIndex=0, commits[aeb608e6-131f-44e0-aa35-97c12a2f72a3:c3815, b6a0d396-0e26-402b-ac58-4f0615a4fad6:c3811, 8b17640a-2548-4323-bd97-ba3488877b23:c3811]
2019-08-20 11:35:50,972 INFO  client.GrpcClientProtocolClient (GrpcClientProtocolClient.java:onNext(255)) - client-FC58CAF12498->aeb608e6-131f-44e0-aa35-97c12a2f72a3: receive RaftClientReply:client-FC58CAF12498->aeb608e6-131f-44e0-aa35-97c12a2f72a3@group-3F41E8AD953A, cid=2583, SUCCESS, logIndex=3818, commits[aeb608e6-131f-44e0-aa35-97c12a2f72a3:c3819, b6a0d396-0e26-402b-ac58-4f0615a4fad6:c3817, 8b17640a-2548-4323-bd97-ba3488877b23:c3817]
2019-08-20 11:35:50,972 INFO  client.GrpcClientProtocolClient (GrpcClientProtocolClient.java:onNext(255)) - client-FC58CAF12498->aeb608e6-131f-44e0-aa35-97c12a2f72a3: receive RaftClientReply:client-FC58CAF12498->aeb608e6-131f-44e0-aa35-97c12a2f72a3@group-3F41E8AD953A, cid=2584, SUCCESS, logIndex=3819, commits[aeb608e6-131f-44e0-aa35-97c12a2f72a3:c3819, b6a0d396-0e26-402b-ac58-4f0615a4fad6:c3817, 8b17640a-2548-4323-bd97-ba3488877b23:c3817]
2019-08-20 11:35:50,986 INFO  client.GrpcClientProtocolClient (GrpcClientProtocolClient.java:onNext(255)) - client-FC58CAF12498->aeb608e6-131f-44e0-aa35-97c12a2f72a3: receive RaftClientReply:client-FC58CAF12498->aeb608e6-131f-44e0-aa35-97c12a2f72a3@group-3F41E8AD953A, cid=2585, SUCCESS, logIndex=3822, commits[aeb608e6-131f-44e0-aa35-97c12a2f72a3:c3822, b6a0d396-0e26-402b-ac58-4f0615a4fad6:c3819, 8b17640a-2548-4323-bd97-ba3488877b23:c3819]
2019-08-20 11:35:50,986 INFO  client.GrpcClientProtocolClient (GrpcClientProtocolClient.java:onNext(255)) - client-FC58CAF12498->aeb608e6-131f-44e0-aa35-97c12a2f72a3: receive RaftClientReply:client-FC58CAF12498->aeb608e6-131f-44e0-aa35-97c12a2f72a3@group-3F41E8AD953A, cid=2586, SUCCESS, logIndex=3823, commits[aeb608e6-131f-44e0-aa35-97c12a2f72a3:c3823, b6a0d396-0e26-402b-ac58-4f0615a4fad6:c3819, 8b17640a-2548-4323-bd97-ba3488877b23:c3819]
2019-08-20 11:35:51,008 INFO  client.GrpcClientProtocolClient (GrpcClientProtocolClient.java:onNext(255)) - client-FC58CAF12498->aeb608e6-131f-44e0-aa35-97c12a2f72a3: receive RaftClientReply:client-FC58CAF12498->aeb608e6-131f-44e0-aa35-97c12a2f72a3@group-3F41E8AD953A, cid=2587, SUCCESS, logIndex=0, commits[aeb608e6-131f-44e0-aa35-97c12a2f72a3:c3825, b6a0d396-0e26-402b-ac58-4f0615a4fad6:c3823, 8b17640a-2548-4323-bd97-ba3488877b23:c3823]
2019-08-20 11:35:51,037 INFO  client.GrpcClientProtocolClient (GrpcClientProtocolClient.java:onNext(255)) - client-FC58CAF12498->aeb608e6-131f-44e0-aa35-97c12a2f72a3: receive RaftClientReply:client-FC58CAF12498->aeb608e6-131f-44e0-aa35-97c12a2f72a3@group-3F41E8AD953A, cid=2588, SUCCESS, logIndex=3826, commits[aeb608e6-131f-44e0-aa35-97c12a2f72a3:c3827, b6a0d396-0e26-402b-ac58-4f0615a4fad6:c3825, 8b17640a-2548-4323-bd97-ba3488877b23:c3825]
2019-08-20 11:35:51,038 INFO  client.GrpcClientProtocolClient (GrpcClientProtocolClient.java:onNext(255)) - client-FC58CAF12498->aeb608e6-131f-44e0-aa35-97c12a2f72a3: receive RaftClientReply:client-FC58CAF12498->aeb608e6-131f-44e0-aa35-97c12a2f72a3@group-3F41E8AD953A, cid=2589, SUCCESS, logIndex=3827, commits[aeb608e6-131f-44e0-aa35-97c12a2f72a3:c3827, b6a0d396-0e26-402b-ac58-4f0615a4fad6:c3825, 8b17640a-2548-4323-bd97-ba3488877b23:c3825]
2019-08-20 11:35:51,038 INFO  client.GrpcClientProtocolClient (GrpcClientProtocolClient.java:onNext(255)) - client-FC58CAF12498->aeb608e6-131f-44e0-aa35-97c12a2f72a3: receive RaftClientReply:client-FC58CAF12498->aeb608e6-131f-44e0-aa35-97c12a2f72a3@group-3F41E8AD953A, cid=2590, SUCCESS, logIndex=3828, commits[aeb608e6-131f-44e0-aa35-97c12a2f72a3:c3829, b6a0d396-0e26-402b-ac58-4f0615a4fad6:c3825, 8b17640a-2548-4323-bd97-ba3488877b23:c3825]
2019-08-20 11:35:51,038 INFO  client.GrpcClientProtocolClient (GrpcClientProtocolClient.java:onNext(255)) - client-FC58CAF12498->aeb608e6-131f-44e0-aa35-97c12a2f72a3: receive RaftClientReply:client-FC58CAF12498->aeb608e6-131f-44e0-aa35-97c12a2f72a3@group-3F41E8AD953A, cid=2591, SUCCESS, logIndex=3829, commits[aeb608e6-131f-44e0-aa35-97c12a2f72a3:c3829, b6a0d396-0e26-402b-ac58-4f0615a4fad6:c3825, 8b17640a-2548-4323-bd97-ba3488877b23:c3825]
2019-08-20 11:35:51,040 INFO  client.GrpcClientProtocolClient (GrpcClientProtocolClient.java:onNext(255)) - client-FC58CAF12498->aeb608e6-131f-44e0-aa35-97c12a2f72a3: receive RaftClientReply:client-FC58CAF12498->aeb608e6-131f-44e0-aa35-97c12a2f72a3@group-3F41E8AD953A, cid=2592, SUCCESS, logIndex=0, commits[aeb608e6-131f-44e0-aa35-97c12a2f72a3:c3831, b6a0d396-0e26-402b-ac58-4f0615a4fad6:c3827, 8b17640a-2548-4323-bd97-ba3488877b23:c3827]
2019-08-20 11:35:51,060 INFO  client.GrpcClientProtocolClient (GrpcClientProtocolClient.java:onNext(255)) - client-FC58CAF12498->aeb608e6-131f-44e0-aa35-97c12a2f72a3: receive RaftClientReply:client-FC58CAF12498->aeb608e6-131f-44e0-aa35-97c12a2f72a3@group-3F41E8AD953A, cid=2593, SUCCESS, logIndex=3833, commits[aeb608e6-131f-44e0-aa35-97c12a2f72a3:c3834, b6a0d396-0e26-402b-ac58-4f0615a4fad6:c3832, 8b17640a-2548-4323-bd97-ba3488877b23:c3832]
2019-08-20 11:35:51,060 INFO  client.GrpcClientProtocolClient (GrpcClientProtocolClient.java:onNext(255)) - client-FC58CAF12498->aeb608e6-131f-44e0-aa35-97c12a2f72a3: receive RaftClientReply:client-FC58CAF12498->aeb608e6-131f-44e0-aa35-97c12a2f72a3@group-3F41E8AD953A, cid=2594, SUCCESS, logIndex=3834, commits[aeb608e6-131f-44e0-aa35-97c12a2f72a3:c3834, b6a0d396-0e26-402b-ac58-4f0615a4fad6:c3832, 8b17640a-2548-4323-bd97-ba3488877b23:c3832]
2019-08-20 11:35:51,192 INFO  client.GrpcClientProtocolClient (GrpcClientProtocolClient.java:onNext(255)) - client-FC58CAF12498->aeb608e6-131f-44e0-aa35-97c12a2f72a3: receive RaftClientReply:client-FC58CAF12498->aeb608e6-131f-44e0-aa35-97c12a2f72a3@group-3F41E8AD953A, cid=2595, SUCCESS, logIndex=3837, commits[aeb608e6-131f-44e0-aa35-97c12a2f72a3:c3838, b6a0d396-0e26-402b-ac58-4f0615a4fad6:c3835, 8b17640a-2548-4323-bd97-ba3488877b23:c3835]
2019-08-20 11:35:51,192 INFO  client.GrpcClientProtocolClient (GrpcClientProtocolClient.java:onNext(255)) - client-FC58CAF12498->aeb608e6-131f-44e0-aa35-97c12a2f72a3: receive RaftClientReply:client-FC58CAF12498->aeb608e6-131f-44e0-aa35-97c12a2f72a3@group-3F41E8AD953A, cid=2596, SUCCESS, logIndex=3838, commits[aeb608e6-131f-44e0-aa35-97c12a2f72a3:c3838, b6a0d396-0e26-402b-ac58-4f0615a4fad6:c3835, 8b17640a-2548-4323-bd97-ba3488877b23:c3835]
2019-08-20 11:35:51,206 INFO  client.GrpcClientProtocolClient (GrpcClientProtocolClient.java:onNext(255)) - client-FC58CAF12498->aeb608e6-131f-44e0-aa35-97c12a2f72a3: receive RaftClientReply:client-FC58CAF12498->aeb608e6-131f-44e0-aa35-97c12a2f72a3@group-3F41E8AD953A, cid=2597, SUCCESS, logIndex=0, commits[aeb608e6-131f-44e0-aa35-97c12a2f72a3:c3839, b6a0d396-0e26-402b-ac58-4f0615a4fad6:c3838, 8b17640a-2548-4323-bd97-ba3488877b23:c3838]
2019-08-20 11:35:51,233 INFO  client.GrpcClientProtocolClient (GrpcClientProtocolClient.java:onNext(255)) - client-FC58CAF12498->aeb608e6-131f-44e0-aa35-97c12a2f72a3: receive RaftClientReply:client-FC58CAF12498->aeb608e6-131f-44e0-aa35-97c12a2f72a3@group-3F41E8AD953A, cid=2598, SUCCESS, logIndex=3840, commits[aeb608e6-131f-44e0-aa35-97c12a2f72a3:c3841, b6a0d396-0e26-402b-ac58-4f0615a4fad6:c3839, 8b17640a-2548-4323-bd97-ba3488877b23:c3839]
2019-08-20 11:35:51,233 INFO  client.GrpcClientProtocolClient (GrpcClientProtocolClient.java:onNext(255)) - client-FC58CAF12498->aeb608e6-131f-44e0-aa35-97c12a2f72a3: receive RaftClientReply:client-FC58CAF12498->aeb608e6-131f-44e0-aa35-97c12a2f72a3@group-3F41E8AD953A, cid=2599, SUCCESS, logIndex=3841, commits[aeb608e6-131f-44e0-aa35-97c12a2f72a3:c3841, b6a0d396-0e26-402b-ac58-4f0615a4fad6:c3839, 8b17640a-2548-4323-bd97-ba3488877b23:c3839]
2019-08-20 11:35:51,244 INFO  client.GrpcClientProtocolClient (GrpcClientProtocolClient.java:onNext(255)) - client-FC58CAF12498->aeb608e6-131f-44e0-aa35-97c12a2f72a3: receive RaftClientReply:client-FC58CAF12498->aeb608e6-131f-44e0-aa35-97c12a2f72a3@group-3F41E8AD953A, cid=2600, SUCCESS, logIndex=3842, commits[aeb608e6-131f-44e0-aa35-97c12a2f72a3:c3843, b6a0d396-0e26-402b-ac58-4f0615a4fad6:c3839, 8b17640a-2548-4323-bd97-ba3488877b23:c3839]
2019-08-20 11:35:51,244 INFO  client.GrpcClientProtocolClient (GrpcClientProtocolClient.java:onNext(255)) - client-FC58CAF12498->aeb608e6-131f-44e0-aa35-97c12a2f72a3: receive RaftClientReply:client-FC58CAF12498->aeb608e6-131f-44e0-aa35-97c12a2f72a3@group-3F41E8AD953A, cid=2601, SUCCESS, logIndex=3843, commits[aeb608e6-131f-44e0-aa35-97c12a2f72a3:c3843, b6a0d396-0e26-402b-ac58-4f0615a4fad6:c3839, 8b17640a-2548-4323-bd97-ba3488877b23:c3839]
2019-08-20 11:35:51,247 INFO  client.GrpcClientProtocolClient (GrpcClientProtocolClient.java:onNext(255)) - client-FC58CAF12498->aeb608e6-131f-44e0-aa35-97c12a2f72a3: receive RaftClientReply:client-FC58CAF12498->aeb608e6-131f-44e0-aa35-97c12a2f72a3@group-3F41E8AD953A, cid=2602, SUCCESS, logIndex=0, commits[aeb608e6-131f-44e0-aa35-97c12a2f72a3:c3845, b6a0d396-0e26-402b-ac58-4f0615a4fad6:c3841, 8b17640a-2548-4323-bd97-ba3488877b23:c3841]
2019-08-20 11:35:51,261 INFO  client.GrpcClientProtocolClient (GrpcClientProtocolClient.java:onNext(255)) - client-FC58CAF12498->aeb608e6-131f-44e0-aa35-97c12a2f72a3: receive RaftClientReply:client-FC58CAF12498->aeb608e6-131f-44e0-aa35-97c12a2f72a3@group-3F41E8AD953A, cid=2603, SUCCESS, logIndex=3848, commits[aeb608e6-131f-44e0-aa35-97c12a2f72a3:c3849, b6a0d396-0e26-402b-ac58-4f0615a4fad6:c3845, 8b17640a-2548-4323-bd97-ba3488877b23:c3843]
2019-08-20 11:35:51,261 INFO  client.GrpcClientProtocolClient (GrpcClientProtocolClient.java:onNext(255)) - client-FC58CAF12498->aeb608e6-131f-44e0-aa35-97c12a2f72a3: receive RaftClientReply:client-FC58CAF12498->aeb608e6-131f-44e0-aa35-97c12a2f72a3@group-3F41E8AD953A, cid=2604, SUCCESS, logIndex=3849, commits[aeb608e6-131f-44e0-aa35-97c12a2f72a3:c3849, b6a0d396-0e26-402b-ac58-4f0615a4fad6:c3845, 8b17640a-2548-4323-bd97-ba3488877b23:c3845]
2019-08-20 11:35:51,276 INFO  client.GrpcClientProtocolClient (GrpcClientProtocolClient.java:onNext(255)) - client-FC58CAF12498->aeb608e6-131f-44e0-aa35-97c12a2f72a3: receive RaftClientReply:client-FC58CAF12498->aeb608e6-131f-44e0-aa35-97c12a2f72a3@group-3F41E8AD953A, cid=2605, SUCCESS, logIndex=3851, commits[aeb608e6-131f-44e0-aa35-97c12a2f72a3:c3852, b6a0d396-0e26-402b-ac58-4f0615a4fad6:c3849, 8b17640a-2548-4323-bd97-ba3488877b23:c3849]
2019-08-20 11:35:51,276 INFO  client.GrpcClientProtocolClient (GrpcClientProtocolClient.java:onNext(255)) - client-FC58CAF12498->aeb608e6-131f-44e0-aa35-97c12a2f72a3: receive RaftClientReply:client-FC58CAF12498->aeb608e6-131f-44e0-aa35-97c12a2f72a3@group-3F41E8AD953A, cid=2606, SUCCESS, logIndex=3852, commits[aeb608e6-131f-44e0-aa35-97c12a2f72a3:c3852, b6a0d396-0e26-402b-ac58-4f0615a4fad6:c3849, 8b17640a-2548-4323-bd97-ba3488877b23:c3849]
2019-08-20 11:35:51,290 INFO  client.GrpcClientProtocolClient (GrpcClientProtocolClient.java:onNext(255)) - client-FC58CAF12498->aeb608e6-131f-44e0-aa35-97c12a2f72a3: receive RaftClientReply:client-FC58CAF12498->aeb608e6-131f-44e0-aa35-97c12a2f72a3@group-3F41E8AD953A, cid=2607, SUCCESS, logIndex=0, commits[aeb608e6-131f-44e0-aa35-97c12a2f72a3:c3854, b6a0d396-0e26-402b-ac58-4f0615a4fad6:c3852, 8b17640a-2548-4323-bd97-ba3488877b23:c3852]
2019-08-20 11:35:51,316 INFO  client.GrpcClientProtocolClient (GrpcClientProtocolClient.java:onNext(255)) - client-FC58CAF12498->aeb608e6-131f-44e0-aa35-97c12a2f72a3: receive RaftClientReply:client-FC58CAF12498->aeb608e6-131f-44e0-aa35-97c12a2f72a3@group-3F41E8AD953A, cid=2608, SUCCESS, logIndex=3855, commits[aeb608e6-131f-44e0-aa35-97c12a2f72a3:c3857, b6a0d396-0e26-402b-ac58-4f0615a4fad6:c3854, 8b17640a-2548-4323-bd97-ba3488877b23:c3854]
2019-08-20 11:35:51,316 INFO  client.GrpcClientProtocolClient (GrpcClientProtocolClient.java:onNext(255)) - client-FC58CAF12498->aeb608e6-131f-44e0-aa35-97c12a2f72a3: receive RaftClientReply:client-FC58CAF12498->aeb608e6-131f-44e0-aa35-97c12a2f72a3@group-3F41E8AD953A, cid=2609, SUCCESS, logIndex=3856, commits[aeb608e6-131f-44e0-aa35-97c12a2f72a3:c3858, b6a0d396-0e26-402b-ac58-4f0615a4fad6:c3854, 8b17640a-2548-4323-bd97-ba3488877b23:c3854]
2019-08-20 11:35:51,316 INFO  client.GrpcClientProtocolClient (GrpcClientProtocolClient.java:onNext(255)) - client-FC58CAF12498->aeb608e6-131f-44e0-aa35-97c12a2f72a3: receive RaftClientReply:client-FC58CAF12498->aeb608e6-131f-44e0-aa35-97c12a2f72a3@group-3F41E8AD953A, cid=2610, SUCCESS, logIndex=3857, commits[aeb608e6-131f-44e0-aa35-97c12a2f72a3:c3858, b6a0d396-0e26-402b-ac58-4f0615a4fad6:c3854, 8b17640a-2548-4323-bd97-ba3488877b23:c3854]
2019-08-20 11:35:51,316 INFO  client.GrpcClientProtocolClient (GrpcClientProtocolClient.java:onNext(255)) - client-FC58CAF12498->aeb608e6-131f-44e0-aa35-97c12a2f72a3: receive RaftClientReply:client-FC58CAF12498->aeb608e6-131f-44e0-aa35-97c12a2f72a3@group-3F41E8AD953A, cid=2611, SUCCESS, logIndex=3858, commits[aeb608e6-131f-44e0-aa35-97c12a2f72a3:c3858, b6a0d396-0e26-402b-ac58-4f0615a4fad6:c3854, 8b17640a-2548-4323-bd97-ba3488877b23:c3854]
2019-08-20 11:35:51,330 INFO  client.GrpcClientProtocolClient (GrpcClientProtocolClient.java:onNext(255)) - client-FC58CAF12498->aeb608e6-131f-44e0-aa35-97c12a2f72a3: receive RaftClientReply:client-FC58CAF12498->aeb608e6-131f-44e0-aa35-97c12a2f72a3@group-3F41E8AD953A, cid=2612, SUCCESS, logIndex=0, commits[aeb608e6-131f-44e0-aa35-97c12a2f72a3:c3862, b6a0d396-0e26-402b-ac58-4f0615a4fad6:c3856, 8b17640a-2548-4323-bd97-ba3488877b23:c3858]
2019-08-20 11:35:51,349 INFO  client.GrpcClientProtocolClient (GrpcClientProtocolClient.java:onNext(255)) - client-FC58CAF12498->aeb608e6-131f-44e0-aa35-97c12a2f72a3: receive RaftClientReply:client-FC58CAF12498->aeb608e6-131f-44e0-aa35-97c12a2f72a3@group-3F41E8AD953A, cid=2613, SUCCESS, logIndex=3863, commits[aeb608e6-131f-44e0-aa35-97c12a2f72a3:c3864, b6a0d396-0e26-402b-ac58-4f0615a4fad6:c3862, 8b17640a-2548-4323-bd97-ba3488877b23:c3862]
2019-08-20 11:35:51,349 INFO  client.GrpcClientProtocolClient (GrpcClientProtocolClient.java:onNext(255)) - client-FC58CAF12498->aeb608e6-131f-44e0-aa35-97c12a2f72a3: receive RaftClientReply:client-FC58CAF12498->aeb608e6-131f-44e0-aa35-97c12a2f72a3@group-3F41E8AD953A, cid=2614, SUCCESS, logIndex=3864, commits[aeb608e6-131f-44e0-aa35-97c12a2f72a3:c3864, b6a0d396-0e26-402b-ac58-4f0615a4fad6:c3862, 8b17640a-2548-4323-bd97-ba3488877b23:c3862]
2019-08-20 11:35:51,362 INFO  client.GrpcClientProtocolClient (GrpcClientProtocolClient.java:onNext(255)) - client-FC58CAF12498->aeb608e6-131f-44e0-aa35-97c12a2f72a3: receive RaftClientReply:client-FC58CAF12498->aeb608e6-131f-44e0-aa35-97c12a2f72a3@group-3F41E8AD953A, cid=2615, SUCCESS, logIndex=3867, commits[aeb608e6-131f-44e0-aa35-97c12a2f72a3:c3868, b6a0d396-0e26-402b-ac58-4f0615a4fad6:c3864, 8b17640a-2548-4323-bd97-ba3488877b23:c3864]
2019-08-20 11:35:51,362 INFO  client.GrpcClientProtocolClient (GrpcClientProtocolClient.java:onNext(255)) - client-FC58CAF12498->aeb608e6-131f-44e0-aa35-97c12a2f72a3: receive RaftClientReply:client-FC58CAF12498->aeb608e6-131f-44e0-aa35-97c12a2f72a3@group-3F41E8AD953A, cid=2616, SUCCESS, logIndex=3868, commits[aeb608e6-131f-44e0-aa35-97c12a2f72a3:c3868, b6a0d396-0e26-402b-ac58-4f0615a4fad6:c3864, 8b17640a-2548-4323-bd97-ba3488877b23:c3864]
2019-08-20 11:35:51,373 INFO  client.GrpcClientProtocolClient (GrpcClientProtocolClient.java:onNext(255)) - client-FC58CAF12498->aeb608e6-131f-44e0-aa35-97c12a2f72a3: receive RaftClientReply:client-FC58CAF12498->aeb608e6-131f-44e0-aa35-97c12a2f72a3@group-3F41E8AD953A, cid=2617, SUCCESS, logIndex=0, commits[aeb608e6-131f-44e0-aa35-97c12a2f72a3:c3870, b6a0d396-0e26-402b-ac58-4f0615a4fad6:c3868, 8b17640a-2548-4323-bd97-ba3488877b23:c3868]
2019-08-20 11:35:51,397 INFO  client.GrpcClientProtocolClient (GrpcClientProtocolClient.java:onNext(255)) - client-FC58CAF12498->aeb608e6-131f-44e0-aa35-97c12a2f72a3: receive RaftClientReply:client-FC58CAF12498->aeb608e6-131f-44e0-aa35-97c12a2f72a3@group-3F41E8AD953A, cid=2618, SUCCESS, logIndex=3871, commits[aeb608e6-131f-44e0-aa35-97c12a2f72a3:c3872, b6a0d396-0e26-402b-ac58-4f0615a4fad6:c3870, 8b17640a-2548-4323-bd97-ba3488877b23:c3870]
2019-08-20 11:35:51,398 INFO  client.GrpcClientProtocolClient (GrpcClientProtocolClient.java:onNext(255)) - client-FC58CAF12498->aeb608e6-131f-44e0-aa35-97c12a2f72a3: receive RaftClientReply:client-FC58CAF12498->aeb608e6-131f-44e0-aa35-97c12a2f72a3@group-3F41E8AD953A, cid=2619, SUCCESS, logIndex=3872, commits[aeb608e6-131f-44e0-aa35-97c12a2f72a3:c3874, b6a0d396-0e26-402b-ac58-4f0615a4fad6:c3870, 8b17640a-2548-4323-bd97-ba3488877b23:c3870]
2019-08-20 11:35:51,398 INFO  client.GrpcClientProtocolClient (GrpcClientProtocolClient.java:onNext(255)) - client-FC58CAF12498->aeb608e6-131f-44e0-aa35-97c12a2f72a3: receive RaftClientReply:client-FC58CAF12498->aeb608e6-131f-44e0-aa35-97c12a2f72a3@group-3F41E8AD953A, cid=2620, SUCCESS, logIndex=3873, commits[aeb608e6-131f-44e0-aa35-97c12a2f72a3:c3874, b6a0d396-0e26-402b-ac58-4f0615a4fad6:c3870, 8b17640a-2548-4323-bd97-ba3488877b23:c3870]
2019-08-20 11:35:51,398 INFO  client.GrpcClientProtocolClient (GrpcClientProtocolClient.java:onNext(255)) - client-FC58CAF12498->aeb608e6-131f-44e0-aa35-97c12a2f72a3: receive RaftClientReply:client-FC58CAF12498->aeb608e6-131f-44e0-aa35-97c12a2f72a3@group-3F41E8AD953A, cid=2621, SUCCESS, logIndex=3874, commits[aeb608e6-131f-44e0-aa35-97c12a2f72a3:c3874, b6a0d396-0e26-402b-ac58-4f0615a4fad6:c3870, 8b17640a-2548-4323-bd97-ba3488877b23:c3870]
2019-08-20 11:35:51,400 INFO  client.GrpcClientProtocolClient (GrpcClientProtocolClient.java:onNext(255)) - client-FC58CAF12498->aeb608e6-131f-44e0-aa35-97c12a2f72a3: receive RaftClientReply:client-FC58CAF12498->aeb608e6-131f-44e0-aa35-97c12a2f72a3@group-3F41E8AD953A, cid=2622, SUCCESS, logIndex=0, commits[aeb608e6-131f-44e0-aa35-97c12a2f72a3:c3876, b6a0d396-0e26-402b-ac58-4f0615a4fad6:c3872, 8b17640a-2548-4323-bd97-ba3488877b23:c3872]
2019-08-20 11:35:51,421 INFO  client.GrpcClientProtocolClient (GrpcClientProtocolClient.java:onNext(255)) - client-FC58CAF12498->aeb608e6-131f-44e0-aa35-97c12a2f72a3: receive RaftClientReply:client-FC58CAF12498->aeb608e6-131f-44e0-aa35-97c12a2f72a3@group-3F41E8AD953A, cid=2623, SUCCESS, logIndex=3879, commits[aeb608e6-131f-44e0-aa35-97c12a2f72a3:c3880, b6a0d396-0e26-402b-ac58-4f0615a4fad6:c3878, 8b17640a-2548-4323-bd97-ba3488877b23:c3878]
2019-08-20 11:35:51,421 INFO  client.GrpcClientProtocolClient (GrpcClientProtocolClient.java:onNext(255)) - client-FC58CAF12498->aeb608e6-131f-44e0-aa35-97c12a2f72a3: receive RaftClientReply:client-FC58CAF12498->aeb608e6-131f-44e0-aa35-97c12a2f72a3@group-3F41E8AD953A, cid=2624, SUCCESS, logIndex=3880, commits[aeb608e6-131f-44e0-aa35-97c12a2f72a3:c3880, b6a0d396-0e26-402b-ac58-4f0615a4fad6:c3878, 8b17640a-2548-4323-bd97-ba3488877b23:c3878]
2019-08-20 11:35:51,436 INFO  client.GrpcClientProtocolClient (GrpcClientProtocolClient.java:onNext(255)) - client-FC58CAF12498->aeb608e6-131f-44e0-aa35-97c12a2f72a3: receive RaftClientReply:client-FC58CAF12498->aeb608e6-131f-44e0-aa35-97c12a2f72a3@group-3F41E8AD953A, cid=2625, SUCCESS, logIndex=3883, commits[aeb608e6-131f-44e0-aa35-97c12a2f72a3:c3884, b6a0d396-0e26-402b-ac58-4f0615a4fad6:c3880, 8b17640a-2548-4323-bd97-ba3488877b23:c3880]
2019-08-20 11:35:51,436 INFO  client.GrpcClientProtocolClient (GrpcClientProtocolClient.java:onNext(255)) - client-FC58CAF12498->aeb608e6-131f-44e0-aa35-97c12a2f72a3: receive RaftClientReply:client-FC58CAF12498->aeb608e6-131f-44e0-aa35-97c12a2f72a3@group-3F41E8AD953A, cid=2626, SUCCESS, logIndex=3884, commits[aeb608e6-131f-44e0-aa35-97c12a2f72a3:c3884, b6a0d396-0e26-402b-ac58-4f0615a4fad6:c3880, 8b17640a-2548-4323-bd97-ba3488877b23:c3880]
 0.00% |█                                                                                                    |  0/1 Time: 0:00:252019-08-20 11:35:51,463 INFO  client.GrpcClientProtocolClient (GrpcClientProtocolClient.java:onNext(255)) - client-FC58CAF12498->aeb608e6-131f-44e0-aa35-97c12a2f72a3: receive RaftClientReply:client-FC58CAF12498->aeb608e6-131f-44e0-aa35-97c12a2f72a3@group-3F41E8AD953A, cid=2627, SUCCESS, logIndex=0, commits[aeb608e6-131f-44e0-aa35-97c12a2f72a3:c3886, b6a0d396-0e26-402b-ac58-4f0615a4fad6:c3884, 8b17640a-2548-4323-bd97-ba3488877b23:c3884]
2019-08-20 11:35:51,492 INFO  client.GrpcClientProtocolClient (GrpcClientProtocolClient.java:onNext(255)) - client-FC58CAF12498->aeb608e6-131f-44e0-aa35-97c12a2f72a3: receive RaftClientReply:client-FC58CAF12498->aeb608e6-131f-44e0-aa35-97c12a2f72a3@group-3F41E8AD953A, cid=2628, SUCCESS, logIndex=3887, commits[aeb608e6-131f-44e0-aa35-97c12a2f72a3:c3888, b6a0d396-0e26-402b-ac58-4f0615a4fad6:c3886, 8b17640a-2548-4323-bd97-ba3488877b23:c3886]
2019-08-20 11:35:51,493 INFO  client.GrpcClientProtocolClient (GrpcClientProtocolClient.java:onNext(255)) - client-FC58CAF12498->aeb608e6-131f-44e0-aa35-97c12a2f72a3: receive RaftClientReply:client-FC58CAF12498->aeb608e6-131f-44e0-aa35-97c12a2f72a3@group-3F41E8AD953A, cid=2629, SUCCESS, logIndex=3888, commits[aeb608e6-131f-44e0-aa35-97c12a2f72a3:c3890, b6a0d396-0e26-402b-ac58-4f0615a4fad6:c3886, 8b17640a-2548-4323-bd97-ba3488877b23:c3886]
2019-08-20 11:35:51,493 INFO  client.GrpcClientProtocolClient (GrpcClientProtocolClient.java:onNext(255)) - client-FC58CAF12498->aeb608e6-131f-44e0-aa35-97c12a2f72a3: receive RaftClientReply:client-FC58CAF12498->aeb608e6-131f-44e0-aa35-97c12a2f72a3@group-3F41E8AD953A, cid=2630, SUCCESS, logIndex=3889, commits[aeb608e6-131f-44e0-aa35-97c12a2f72a3:c3890, b6a0d396-0e26-402b-ac58-4f0615a4fad6:c3886, 8b17640a-2548-4323-bd97-ba3488877b23:c3886]
2019-08-20 11:35:51,493 INFO  client.GrpcClientProtocolClient (GrpcClientProtocolClient.java:onNext(255)) - client-FC58CAF12498->aeb608e6-131f-44e0-aa35-97c12a2f72a3: receive RaftClientReply:client-FC58CAF12498->aeb608e6-131f-44e0-aa35-97c12a2f72a3@group-3F41E8AD953A, cid=2631, SUCCESS, logIndex=3890, commits[aeb608e6-131f-44e0-aa35-97c12a2f72a3:c3890, b6a0d396-0e26-402b-ac58-4f0615a4fad6:c3886, 8b17640a-2548-4323-bd97-ba3488877b23:c3886]
2019-08-20 11:35:51,505 INFO  client.GrpcClientProtocolClient (GrpcClientProtocolClient.java:onNext(255)) - client-FC58CAF12498->aeb608e6-131f-44e0-aa35-97c12a2f72a3: receive RaftClientReply:client-FC58CAF12498->aeb608e6-131f-44e0-aa35-97c12a2f72a3@group-3F41E8AD953A, cid=2632, SUCCESS, logIndex=0, commits[aeb608e6-131f-44e0-aa35-97c12a2f72a3:c3892, b6a0d396-0e26-402b-ac58-4f0615a4fad6:c3888, 8b17640a-2548-4323-bd97-ba3488877b23:c3888]
2019-08-20 11:35:51,523 INFO  client.GrpcClientProtocolClient (GrpcClientProtocolClient.java:onNext(255)) - client-FC58CAF12498->aeb608e6-131f-44e0-aa35-97c12a2f72a3: receive RaftClientReply:client-FC58CAF12498->aeb608e6-131f-44e0-aa35-97c12a2f72a3@group-3F41E8AD953A, cid=2633, SUCCESS, logIndex=3895, commits[aeb608e6-131f-44e0-aa35-97c12a2f72a3:c3896, b6a0d396-0e26-402b-ac58-4f0615a4fad6:c3894, 8b17640a-2548-4323-bd97-ba3488877b23:c3894]
2019-08-20 11:35:51,523 INFO  client.GrpcClientProtocolClient (GrpcClientProtocolClient.java:onNext(255)) - client-FC58CAF12498->aeb608e6-131f-44e0-aa35-97c12a2f72a3: receive RaftClientReply:client-FC58CAF12498->aeb608e6-131f-44e0-aa35-97c12a2f72a3@group-3F41E8AD953A, cid=2634, SUCCESS, logIndex=3896, commits[aeb608e6-131f-44e0-aa35-97c12a2f72a3:c3896, b6a0d396-0e26-402b-ac58-4f0615a4fad6:c3894, 8b17640a-2548-4323-bd97-ba3488877b23:c3894]
2019-08-20 11:35:51,537 INFO  client.GrpcClientProtocolClient (GrpcClientProtocolClient.java:onNext(255)) - client-FC58CAF12498->aeb608e6-131f-44e0-aa35-97c12a2f72a3: receive RaftClientReply:client-FC58CAF12498->aeb608e6-131f-44e0-aa35-97c12a2f72a3@group-3F41E8AD953A, cid=2635, SUCCESS, logIndex=3899, commits[aeb608e6-131f-44e0-aa35-97c12a2f72a3:c3900, b6a0d396-0e26-402b-ac58-4f0615a4fad6:c3896, 8b17640a-2548-4323-bd97-ba3488877b23:c3896]
2019-08-20 11:35:51,538 INFO  client.GrpcClientProtocolClient (GrpcClientProtocolClient.java:onNext(255)) - client-FC58CAF12498->aeb608e6-131f-44e0-aa35-97c12a2f72a3: receive RaftClientReply:client-FC58CAF12498->aeb608e6-131f-44e0-aa35-97c12a2f72a3@group-3F41E8AD953A, cid=2636, SUCCESS, logIndex=3900, commits[aeb608e6-131f-44e0-aa35-97c12a2f72a3:c3900, b6a0d396-0e26-402b-ac58-4f0615a4fad6:c3896, 8b17640a-2548-4323-bd97-ba3488877b23:c3896]
2019-08-20 11:35:51,550 INFO  client.GrpcClientProtocolClient (GrpcClientProtocolClient.java:onNext(255)) - client-FC58CAF12498->aeb608e6-131f-44e0-aa35-97c12a2f72a3: receive RaftClientReply:client-FC58CAF12498->aeb608e6-131f-44e0-aa35-97c12a2f72a3@group-3F41E8AD953A, cid=2637, SUCCESS, logIndex=0, commits[aeb608e6-131f-44e0-aa35-97c12a2f72a3:c3902, b6a0d396-0e26-402b-ac58-4f0615a4fad6:c3900, 8b17640a-2548-4323-bd97-ba3488877b23:c3900]
2019-08-20 11:35:51,575 INFO  client.GrpcClientProtocolClient (GrpcClientProtocolClient.java:onNext(255)) - client-FC58CAF12498->aeb608e6-131f-44e0-aa35-97c12a2f72a3: receive RaftClientReply:client-FC58CAF12498->aeb608e6-131f-44e0-aa35-97c12a2f72a3@group-3F41E8AD953A, cid=2638, SUCCESS, logIndex=3903, commits[aeb608e6-131f-44e0-aa35-97c12a2f72a3:c3904, b6a0d396-0e26-402b-ac58-4f0615a4fad6:c3902, 8b17640a-2548-4323-bd97-ba3488877b23:c3902]
2019-08-20 11:35:51,576 INFO  client.GrpcClientProtocolClient (GrpcClientProtocolClient.java:onNext(255)) - client-FC58CAF12498->aeb608e6-131f-44e0-aa35-97c12a2f72a3: receive RaftClientReply:client-FC58CAF12498->aeb608e6-131f-44e0-aa35-97c12a2f72a3@group-3F41E8AD953A, cid=2639, SUCCESS, logIndex=3904, commits[aeb608e6-131f-44e0-aa35-97c12a2f72a3:c3904, b6a0d396-0e26-402b-ac58-4f0615a4fad6:c3902, 8b17640a-2548-4323-bd97-ba3488877b23:c3902]
2019-08-20 11:35:51,577 INFO  client.GrpcClientProtocolClient (GrpcClientProtocolClient.java:onNext(255)) - client-FC58CAF12498->aeb608e6-131f-44e0-aa35-97c12a2f72a3: receive RaftClientReply:client-FC58CAF12498->aeb608e6-131f-44e0-aa35-97c12a2f72a3@group-3F41E8AD953A, cid=2640, SUCCESS, logIndex=3905, commits[aeb608e6-131f-44e0-aa35-97c12a2f72a3:c3905, b6a0d396-0e26-402b-ac58-4f0615a4fad6:c3902, 8b17640a-2548-4323-bd97-ba3488877b23:c3902]
2019-08-20 11:35:51,577 INFO  client.GrpcClientProtocolClient (GrpcClientProtocolClient.java:onNext(255)) - client-FC58CAF12498->aeb608e6-131f-44e0-aa35-97c12a2f72a3: receive RaftClientReply:client-FC58CAF12498->aeb608e6-131f-44e0-aa35-97c12a2f72a3@group-3F41E8AD953A, cid=2641, SUCCESS, logIndex=3906, commits[aeb608e6-131f-44e0-aa35-97c12a2f72a3:c3906, b6a0d396-0e26-402b-ac58-4f0615a4fad6:c3902, 8b17640a-2548-4323-bd97-ba3488877b23:c3902]
2019-08-20 11:35:51,578 INFO  client.GrpcClientProtocolClient (GrpcClientProtocolClient.java:onNext(255)) - client-FC58CAF12498->aeb608e6-131f-44e0-aa35-97c12a2f72a3: receive RaftClientReply:client-FC58CAF12498->aeb608e6-131f-44e0-aa35-97c12a2f72a3@group-3F41E8AD953A, cid=2642, SUCCESS, logIndex=0, commits[aeb608e6-131f-44e0-aa35-97c12a2f72a3:c3908, b6a0d396-0e26-402b-ac58-4f0615a4fad6:c3904, 8b17640a-2548-4323-bd97-ba3488877b23:c3904]
2019-08-20 11:35:51,595 INFO  client.GrpcClientProtocolClient (GrpcClientProtocolClient.java:onNext(255)) - client-FC58CAF12498->aeb608e6-131f-44e0-aa35-97c12a2f72a3: receive RaftClientReply:client-FC58CAF12498->aeb608e6-131f-44e0-aa35-97c12a2f72a3@group-3F41E8AD953A, cid=2643, SUCCESS, logIndex=3911, commits[aeb608e6-131f-44e0-aa35-97c12a2f72a3:c3912, b6a0d396-0e26-402b-ac58-4f0615a4fad6:c3910, 8b17640a-2548-4323-bd97-ba3488877b23:c3910]
2019-08-20 11:35:51,596 INFO  client.GrpcClientProtocolClient (GrpcClientProtocolClient.java:onNext(255)) - client-FC58CAF12498->aeb608e6-131f-44e0-aa35-97c12a2f72a3: receive RaftClientReply:client-FC58CAF12498->aeb608e6-131f-44e0-aa35-97c12a2f72a3@group-3F41E8AD953A, cid=2644, SUCCESS, logIndex=3912, commits[aeb608e6-131f-44e0-aa35-97c12a2f72a3:c3912, b6a0d396-0e26-402b-ac58-4f0615a4fad6:c3910, 8b17640a-2548-4323-bd97-ba3488877b23:c3910]
2019-08-20 11:35:51,611 INFO  client.GrpcClientProtocolClient (GrpcClientProtocolClient.java:onNext(255)) - client-FC58CAF12498->aeb608e6-131f-44e0-aa35-97c12a2f72a3: receive RaftClientReply:client-FC58CAF12498->aeb608e6-131f-44e0-aa35-97c12a2f72a3@group-3F41E8AD953A, cid=2645, SUCCESS, logIndex=3915, commits[aeb608e6-131f-44e0-aa35-97c12a2f72a3:c3916, b6a0d396-0e26-402b-ac58-4f0615a4fad6:c3912, 8b17640a-2548-4323-bd97-ba3488877b23:c3913]
2019-08-20 11:35:51,611 INFO  client.GrpcClientProtocolClient (GrpcClientProtocolClient.java:onNext(255)) - client-FC58CAF12498->aeb608e6-131f-44e0-aa35-97c12a2f72a3: receive RaftClientReply:client-FC58CAF12498->aeb608e6-131f-44e0-aa35-97c12a2f72a3@group-3F41E8AD953A, cid=2646, SUCCESS, logIndex=3916, commits[aeb608e6-131f-44e0-aa35-97c12a2f72a3:c3916, b6a0d396-0e26-402b-ac58-4f0615a4fad6:c3913, 8b17640a-2548-4323-bd97-ba3488877b23:c3913]
2019-08-20 11:35:51,614 INFO  client.GrpcClientProtocolClient (GrpcClientProtocolClient.java:onNext(255)) - client-FC58CAF12498->aeb608e6-131f-44e0-aa35-97c12a2f72a3: receive RaftClientReply:client-FC58CAF12498->aeb608e6-131f-44e0-aa35-97c12a2f72a3@group-3F41E8AD953A, cid=2647, SUCCESS, logIndex=0, commits[aeb608e6-131f-44e0-aa35-97c12a2f72a3:c3917, b6a0d396-0e26-402b-ac58-4f0615a4fad6:c3916, 8b17640a-2548-4323-bd97-ba3488877b23:c3916]
2019-08-20 11:35:51,637 INFO  client.GrpcClientProtocolClient (GrpcClientProtocolClient.java:onNext(255)) - client-FC58CAF12498->aeb608e6-131f-44e0-aa35-97c12a2f72a3: receive RaftClientReply:client-FC58CAF12498->aeb608e6-131f-44e0-aa35-97c12a2f72a3@group-3F41E8AD953A, cid=2648, SUCCESS, logIndex=3919, commits[aeb608e6-131f-44e0-aa35-97c12a2f72a3:c3920, b6a0d396-0e26-402b-ac58-4f0615a4fad6:c3918, 8b17640a-2548-4323-bd97-ba3488877b23:c3918]
2019-08-20 11:35:51,638 INFO  client.GrpcClientProtocolClient (GrpcClientProtocolClient.java:onNext(255)) - client-FC58CAF12498->aeb608e6-131f-44e0-aa35-97c12a2f72a3: receive RaftClientReply:client-FC58CAF12498->aeb608e6-131f-44e0-aa35-97c12a2f72a3@group-3F41E8AD953A, cid=2649, SUCCESS, logIndex=3920, commits[aeb608e6-131f-44e0-aa35-97c12a2f72a3:c3922, b6a0d396-0e26-402b-ac58-4f0615a4fad6:c3918, 8b17640a-2548-4323-bd97-ba3488877b23:c3918]
2019-08-20 11:35:51,638 INFO  client.GrpcClientProtocolClient (GrpcClientProtocolClient.java:onNext(255)) - client-FC58CAF12498->aeb608e6-131f-44e0-aa35-97c12a2f72a3: receive RaftClientReply:client-FC58CAF12498->aeb608e6-131f-44e0-aa35-97c12a2f72a3@group-3F41E8AD953A, cid=2650, SUCCESS, logIndex=3921, commits[aeb608e6-131f-44e0-aa35-97c12a2f72a3:c3922, b6a0d396-0e26-402b-ac58-4f0615a4fad6:c3918, 8b17640a-2548-4323-bd97-ba3488877b23:c3918]
2019-08-20 11:35:51,638 INFO  client.GrpcClientProtocolClient (GrpcClientProtocolClient.java:onNext(255)) - client-FC58CAF12498->aeb608e6-131f-44e0-aa35-97c12a2f72a3: receive RaftClientReply:client-FC58CAF12498->aeb608e6-131f-44e0-aa35-97c12a2f72a3@group-3F41E8AD953A, cid=2651, SUCCESS, logIndex=3922, commits[aeb608e6-131f-44e0-aa35-97c12a2f72a3:c3922, b6a0d396-0e26-402b-ac58-4f0615a4fad6:c3918, 8b17640a-2548-4323-bd97-ba3488877b23:c3918]
2019-08-20 11:35:51,650 INFO  client.GrpcClientProtocolClient (GrpcClientProtocolClient.java:onNext(255)) - client-FC58CAF12498->aeb608e6-131f-44e0-aa35-97c12a2f72a3: receive RaftClientReply:client-FC58CAF12498->aeb608e6-131f-44e0-aa35-97c12a2f72a3@group-3F41E8AD953A, cid=2652, SUCCESS, logIndex=0, commits[aeb608e6-131f-44e0-aa35-97c12a2f72a3:c3925, b6a0d396-0e26-402b-ac58-4f0615a4fad6:c3920, 8b17640a-2548-4323-bd97-ba3488877b23:c3921]
2019-08-20 11:35:51,665 INFO  client.GrpcClientProtocolClient (GrpcClientProtocolClient.java:onNext(255)) - client-FC58CAF12498->aeb608e6-131f-44e0-aa35-97c12a2f72a3: receive RaftClientReply:client-FC58CAF12498->aeb608e6-131f-44e0-aa35-97c12a2f72a3@group-3F41E8AD953A, cid=2653, SUCCESS, logIndex=3927, commits[aeb608e6-131f-44e0-aa35-97c12a2f72a3:c3928, b6a0d396-0e26-402b-ac58-4f0615a4fad6:c3926, 8b17640a-2548-4323-bd97-ba3488877b23:c3926]
2019-08-20 11:35:51,666 INFO  client.GrpcClientProtocolClient (GrpcClientProtocolClient.java:onNext(255)) - client-FC58CAF12498->aeb608e6-131f-44e0-aa35-97c12a2f72a3: receive RaftClientReply:client-FC58CAF12498->aeb608e6-131f-44e0-aa35-97c12a2f72a3@group-3F41E8AD953A, cid=2654, SUCCESS, logIndex=3928, commits[aeb608e6-131f-44e0-aa35-97c12a2f72a3:c3928, b6a0d396-0e26-402b-ac58-4f0615a4fad6:c3926, 8b17640a-2548-4323-bd97-ba3488877b23:c3926]
2019-08-20 11:35:51,688 INFO  client.GrpcClientProtocolClient (GrpcClientProtocolClient.java:onNext(255)) - client-FC58CAF12498->aeb608e6-131f-44e0-aa35-97c12a2f72a3: receive RaftClientReply:client-FC58CAF12498->aeb608e6-131f-44e0-aa35-97c12a2f72a3@group-3F41E8AD953A, cid=2655, SUCCESS, logIndex=3931, commits[aeb608e6-131f-44e0-aa35-97c12a2f72a3:c3932, b6a0d396-0e26-402b-ac58-4f0615a4fad6:c3929, 8b17640a-2548-4323-bd97-ba3488877b23:c3929]
2019-08-20 11:35:51,688 INFO  client.GrpcClientProtocolClient (GrpcClientProtocolClient.java:onNext(255)) - client-FC58CAF12498->aeb608e6-131f-44e0-aa35-97c12a2f72a3: receive RaftClientReply:client-FC58CAF12498->aeb608e6-131f-44e0-aa35-97c12a2f72a3@group-3F41E8AD953A, cid=2656, SUCCESS, logIndex=3932, commits[aeb608e6-131f-44e0-aa35-97c12a2f72a3:c3932, b6a0d396-0e26-402b-ac58-4f0615a4fad6:c3929, 8b17640a-2548-4323-bd97-ba3488877b23:c3929]
2019-08-20 11:35:51,701 INFO  client.GrpcClientProtocolClient (GrpcClientProtocolClient.java:onNext(255)) - client-FC58CAF12498->aeb608e6-131f-44e0-aa35-97c12a2f72a3: receive RaftClientReply:client-FC58CAF12498->aeb608e6-131f-44e0-aa35-97c12a2f72a3@group-3F41E8AD953A, cid=2657, SUCCESS, logIndex=0, commits[aeb608e6-131f-44e0-aa35-97c12a2f72a3:c3934, b6a0d396-0e26-402b-ac58-4f0615a4fad6:c3932, 8b17640a-2548-4323-bd97-ba3488877b23:c3932]
2019-08-20 11:35:51,722 INFO  client.GrpcClientProtocolClient (GrpcClientProtocolClient.java:onNext(255)) - client-FC58CAF12498->aeb608e6-131f-44e0-aa35-97c12a2f72a3: receive RaftClientReply:client-FC58CAF12498->aeb608e6-131f-44e0-aa35-97c12a2f72a3@group-3F41E8AD953A, cid=2658, SUCCESS, logIndex=3935, commits[aeb608e6-131f-44e0-aa35-97c12a2f72a3:c3937, b6a0d396-0e26-402b-ac58-4f0615a4fad6:c3934, 8b17640a-2548-4323-bd97-ba3488877b23:c3934]
2019-08-20 11:35:51,722 INFO  client.GrpcClientProtocolClient (GrpcClientProtocolClient.java:onNext(255)) - client-FC58CAF12498->aeb608e6-131f-44e0-aa35-97c12a2f72a3: receive RaftClientReply:client-FC58CAF12498->aeb608e6-131f-44e0-aa35-97c12a2f72a3@group-3F41E8AD953A, cid=2659, SUCCESS, logIndex=3936, commits[aeb608e6-131f-44e0-aa35-97c12a2f72a3:c3938, b6a0d396-0e26-402b-ac58-4f0615a4fad6:c3934, 8b17640a-2548-4323-bd97-ba3488877b23:c3934]
2019-08-20 11:35:51,723 INFO  client.GrpcClientProtocolClient (GrpcClientProtocolClient.java:onNext(255)) - client-FC58CAF12498->aeb608e6-131f-44e0-aa35-97c12a2f72a3: receive RaftClientReply:client-FC58CAF12498->aeb608e6-131f-44e0-aa35-97c12a2f72a3@group-3F41E8AD953A, cid=2660, SUCCESS, logIndex=3937, commits[aeb608e6-131f-44e0-aa35-97c12a2f72a3:c3938, b6a0d396-0e26-402b-ac58-4f0615a4fad6:c3934, 8b17640a-2548-4323-bd97-ba3488877b23:c3934]
2019-08-20 11:35:51,723 INFO  client.GrpcClientProtocolClient (GrpcClientProtocolClient.java:onNext(255)) - client-FC58CAF12498->aeb608e6-131f-44e0-aa35-97c12a2f72a3: receive RaftClientReply:client-FC58CAF12498->aeb608e6-131f-44e0-aa35-97c12a2f72a3@group-3F41E8AD953A, cid=2661, SUCCESS, logIndex=3938, commits[aeb608e6-131f-44e0-aa35-97c12a2f72a3:c3938, b6a0d396-0e26-402b-ac58-4f0615a4fad6:c3934, 8b17640a-2548-4323-bd97-ba3488877b23:c3934]
2019-08-20 11:35:51,736 INFO  client.GrpcClientProtocolClient (GrpcClientProtocolClient.java:onNext(255)) - client-FC58CAF12498->aeb608e6-131f-44e0-aa35-97c12a2f72a3: receive RaftClientReply:client-FC58CAF12498->aeb608e6-131f-44e0-aa35-97c12a2f72a3@group-3F41E8AD953A, cid=2662, SUCCESS, logIndex=0, commits[aeb608e6-131f-44e0-aa35-97c12a2f72a3:c3942, b6a0d396-0e26-402b-ac58-4f0615a4fad6:c3936, 8b17640a-2548-4323-bd97-ba3488877b23:c3938]
2019-08-20 11:35:51,750 INFO  client.GrpcClientProtocolClient (GrpcClientProtocolClient.java:onNext(255)) - client-FC58CAF12498->aeb608e6-131f-44e0-aa35-97c12a2f72a3: receive RaftClientReply:client-FC58CAF12498->aeb608e6-131f-44e0-aa35-97c12a2f72a3@group-3F41E8AD953A, cid=2663, SUCCESS, logIndex=3943, commits[aeb608e6-131f-44e0-aa35-97c12a2f72a3:c3944, b6a0d396-0e26-402b-ac58-4f0615a4fad6:c3942, 8b17640a-2548-4323-bd97-ba3488877b23:c3942]
2019-08-20 11:35:51,750 INFO  client.GrpcClientProtocolClient (GrpcClientProtocolClient.java:onNext(255)) - client-FC58CAF12498->aeb608e6-131f-44e0-aa35-97c12a2f72a3: receive RaftClientReply:client-FC58CAF12498->aeb608e6-131f-44e0-aa35-97c12a2f72a3@group-3F41E8AD953A, cid=2664, SUCCESS, logIndex=3944, commits[aeb608e6-131f-44e0-aa35-97c12a2f72a3:c3944, b6a0d396-0e26-402b-ac58-4f0615a4fad6:c3942, 8b17640a-2548-4323-bd97-ba3488877b23:c3942]
2019-08-20 11:35:51,768 INFO  client.GrpcClientProtocolClient (GrpcClientProtocolClient.java:onNext(255)) - client-FC58CAF12498->aeb608e6-131f-44e0-aa35-97c12a2f72a3: receive RaftClientReply:client-FC58CAF12498->aeb608e6-131f-44e0-aa35-97c12a2f72a3@group-3F41E8AD953A, cid=2665, SUCCESS, logIndex=3947, commits[aeb608e6-131f-44e0-aa35-97c12a2f72a3:c3948, b6a0d396-0e26-402b-ac58-4f0615a4fad6:c3946, 8b17640a-2548-4323-bd97-ba3488877b23:c3946]
2019-08-20 11:35:51,769 INFO  client.GrpcClientProtocolClient (GrpcClientProtocolClient.java:onNext(255)) - client-FC58CAF12498->aeb608e6-131f-44e0-aa35-97c12a2f72a3: receive RaftClientReply:client-FC58CAF12498->aeb608e6-131f-44e0-aa35-97c12a2f72a3@group-3F41E8AD953A, cid=2666, SUCCESS, logIndex=3948, commits[aeb608e6-131f-44e0-aa35-97c12a2f72a3:c3948, b6a0d396-0e26-402b-ac58-4f0615a4fad6:c3946, 8b17640a-2548-4323-bd97-ba3488877b23:c3946]
2019-08-20 11:35:51,770 INFO  client.GrpcClientProtocolClient (GrpcClientProtocolClient.java:onNext(255)) - client-FC58CAF12498->aeb608e6-131f-44e0-aa35-97c12a2f72a3: receive RaftClientReply:client-FC58CAF12498->aeb608e6-131f-44e0-aa35-97c12a2f72a3@group-3F41E8AD953A, cid=2667, SUCCESS, logIndex=0, commits[aeb608e6-131f-44e0-aa35-97c12a2f72a3:c3950, b6a0d396-0e26-402b-ac58-4f0615a4fad6:c3948, 8b17640a-2548-4323-bd97-ba3488877b23:c3948]
2019-08-20 11:35:51,795 INFO  client.GrpcClientProtocolClient (GrpcClientProtocolClient.java:onNext(255)) - client-FC58CAF12498->aeb608e6-131f-44e0-aa35-97c12a2f72a3: receive RaftClientReply:client-FC58CAF12498->aeb608e6-131f-44e0-aa35-97c12a2f72a3@group-3F41E8AD953A, cid=2668, SUCCESS, logIndex=3951, commits[aeb608e6-131f-44e0-aa35-97c12a2f72a3:c3952, b6a0d396-0e26-402b-ac58-4f0615a4fad6:c3950, 8b17640a-2548-4323-bd97-ba3488877b23:c3950]
2019-08-20 11:35:51,795 INFO  client.GrpcClientProtocolClient (GrpcClientProtocolClient.java:onNext(255)) - client-FC58CAF12498->aeb608e6-131f-44e0-aa35-97c12a2f72a3: receive RaftClientReply:client-FC58CAF12498->aeb608e6-131f-44e0-aa35-97c12a2f72a3@group-3F41E8AD953A, cid=2669, SUCCESS, logIndex=3952, commits[aeb608e6-131f-44e0-aa35-97c12a2f72a3:c3952, b6a0d396-0e26-402b-ac58-4f0615a4fad6:c3950, 8b17640a-2548-4323-bd97-ba3488877b23:c3950]
2019-08-20 11:35:51,796 INFO  client.GrpcClientProtocolClient (GrpcClientProtocolClient.java:onNext(255)) - client-FC58CAF12498->aeb608e6-131f-44e0-aa35-97c12a2f72a3: receive RaftClientReply:client-FC58CAF12498->aeb608e6-131f-44e0-aa35-97c12a2f72a3@group-3F41E8AD953A, cid=2670, SUCCESS, logIndex=3953, commits[aeb608e6-131f-44e0-aa35-97c12a2f72a3:c3954, b6a0d396-0e26-402b-ac58-4f0615a4fad6:c3950, 8b17640a-2548-4323-bd97-ba3488877b23:c3950]
2019-08-20 11:35:51,796 INFO  client.GrpcClientProtocolClient (GrpcClientProtocolClient.java:onNext(255)) - client-FC58CAF12498->aeb608e6-131f-44e0-aa35-97c12a2f72a3: receive RaftClientReply:client-FC58CAF12498->aeb608e6-131f-44e0-aa35-97c12a2f72a3@group-3F41E8AD953A, cid=2671, SUCCESS, logIndex=3954, commits[aeb608e6-131f-44e0-aa35-97c12a2f72a3:c3954, b6a0d396-0e26-402b-ac58-4f0615a4fad6:c3950, 8b17640a-2548-4323-bd97-ba3488877b23:c3950]
2019-08-20 11:35:51,797 INFO  client.GrpcClientProtocolClient (GrpcClientProtocolClient.java:onNext(255)) - client-FC58CAF12498->aeb608e6-131f-44e0-aa35-97c12a2f72a3: receive RaftClientReply:client-FC58CAF12498->aeb608e6-131f-44e0-aa35-97c12a2f72a3@group-3F41E8AD953A, cid=2672, SUCCESS, logIndex=0, commits[aeb608e6-131f-44e0-aa35-97c12a2f72a3:c3956, b6a0d396-0e26-402b-ac58-4f0615a4fad6:c3952, 8b17640a-2548-4323-bd97-ba3488877b23:c3952]
2019-08-20 11:35:51,814 INFO  client.GrpcClientProtocolClient (GrpcClientProtocolClient.java:onNext(255)) - client-FC58CAF12498->aeb608e6-131f-44e0-aa35-97c12a2f72a3: receive RaftClientReply:client-FC58CAF12498->aeb608e6-131f-44e0-aa35-97c12a2f72a3@group-3F41E8AD953A, cid=2673, SUCCESS, logIndex=3959, commits[aeb608e6-131f-44e0-aa35-97c12a2f72a3:c3959, b6a0d396-0e26-402b-ac58-4f0615a4fad6:c3958, 8b17640a-2548-4323-bd97-ba3488877b23:c3958]
2019-08-20 11:35:51,814 INFO  client.GrpcClientProtocolClient (GrpcClientProtocolClient.java:onNext(255)) - client-FC58CAF12498->aeb608e6-131f-44e0-aa35-97c12a2f72a3: receive RaftClientReply:client-FC58CAF12498->aeb608e6-131f-44e0-aa35-97c12a2f72a3@group-3F41E8AD953A, cid=2674, SUCCESS, logIndex=3960, commits[aeb608e6-131f-44e0-aa35-97c12a2f72a3:c3960, b6a0d396-0e26-402b-ac58-4f0615a4fad6:c3958, 8b17640a-2548-4323-bd97-ba3488877b23:c3958]
2019-08-20 11:35:51,828 INFO  client.GrpcClientProtocolClient (GrpcClientProtocolClient.java:onNext(255)) - client-FC58CAF12498->aeb608e6-131f-44e0-aa35-97c12a2f72a3: receive RaftClientReply:client-FC58CAF12498->aeb608e6-131f-44e0-aa35-97c12a2f72a3@group-3F41E8AD953A, cid=2675, SUCCESS, logIndex=3963, commits[aeb608e6-131f-44e0-aa35-97c12a2f72a3:c3963, b6a0d396-0e26-402b-ac58-4f0615a4fad6:c3960, 8b17640a-2548-4323-bd97-ba3488877b23:c3960]
2019-08-20 11:35:51,829 INFO  client.GrpcClientProtocolClient (GrpcClientProtocolClient.java:onNext(255)) - client-FC58CAF12498->aeb608e6-131f-44e0-aa35-97c12a2f72a3: receive RaftClientReply:client-FC58CAF12498->aeb608e6-131f-44e0-aa35-97c12a2f72a3@group-3F41E8AD953A, cid=2676, SUCCESS, logIndex=3964, commits[aeb608e6-131f-44e0-aa35-97c12a2f72a3:c3964, b6a0d396-0e26-402b-ac58-4f0615a4fad6:c3960, 8b17640a-2548-4323-bd97-ba3488877b23:c3960]
2019-08-20 11:35:51,843 INFO  client.GrpcClientProtocolClient (GrpcClientProtocolClient.java:onNext(255)) - client-FC58CAF12498->aeb608e6-131f-44e0-aa35-97c12a2f72a3: receive RaftClientReply:client-FC58CAF12498->aeb608e6-131f-44e0-aa35-97c12a2f72a3@group-3F41E8AD953A, cid=2677, SUCCESS, logIndex=0, commits[aeb608e6-131f-44e0-aa35-97c12a2f72a3:c3966, b6a0d396-0e26-402b-ac58-4f0615a4fad6:c3964, 8b17640a-2548-4323-bd97-ba3488877b23:c3964]
2019-08-20 11:35:51,867 INFO  client.GrpcClientProtocolClient (GrpcClientProtocolClient.java:onNext(255)) - client-FC58CAF12498->aeb608e6-131f-44e0-aa35-97c12a2f72a3: receive RaftClientReply:client-FC58CAF12498->aeb608e6-131f-44e0-aa35-97c12a2f72a3@group-3F41E8AD953A, cid=2678, SUCCESS, logIndex=3967, commits[aeb608e6-131f-44e0-aa35-97c12a2f72a3:c3968, b6a0d396-0e26-402b-ac58-4f0615a4fad6:c3966, 8b17640a-2548-4323-bd97-ba3488877b23:c3966]
2019-08-20 11:35:51,867 INFO  client.GrpcClientProtocolClient (GrpcClientProtocolClient.java:onNext(255)) - client-FC58CAF12498->aeb608e6-131f-44e0-aa35-97c12a2f72a3: receive RaftClientReply:client-FC58CAF12498->aeb608e6-131f-44e0-aa35-97c12a2f72a3@group-3F41E8AD953A, cid=2679, SUCCESS, logIndex=3968, commits[aeb608e6-131f-44e0-aa35-97c12a2f72a3:c3968, b6a0d396-0e26-402b-ac58-4f0615a4fad6:c3966, 8b17640a-2548-4323-bd97-ba3488877b23:c3966]
2019-08-20 11:35:51,867 INFO  client.GrpcClientProtocolClient (GrpcClientProtocolClient.java:onNext(255)) - client-FC58CAF12498->aeb608e6-131f-44e0-aa35-97c12a2f72a3: receive RaftClientReply:client-FC58CAF12498->aeb608e6-131f-44e0-aa35-97c12a2f72a3@group-3F41E8AD953A, cid=2680, SUCCESS, logIndex=3969, commits[aeb608e6-131f-44e0-aa35-97c12a2f72a3:c3970, b6a0d396-0e26-402b-ac58-4f0615a4fad6:c3966, 8b17640a-2548-4323-bd97-ba3488877b23:c3966]
2019-08-20 11:35:51,868 INFO  client.GrpcClientProtocolClient (GrpcClientProtocolClient.java:onNext(255)) - client-FC58CAF12498->aeb608e6-131f-44e0-aa35-97c12a2f72a3: receive RaftClientReply:client-FC58CAF12498->aeb608e6-131f-44e0-aa35-97c12a2f72a3@group-3F41E8AD953A, cid=2681, SUCCESS, logIndex=3970, commits[aeb608e6-131f-44e0-aa35-97c12a2f72a3:c3970, b6a0d396-0e26-402b-ac58-4f0615a4fad6:c3966, 8b17640a-2548-4323-bd97-ba3488877b23:c3966]
2019-08-20 11:35:51,881 INFO  client.GrpcClientProtocolClient (GrpcClientProtocolClient.java:onNext(255)) - client-FC58CAF12498->aeb608e6-131f-44e0-aa35-97c12a2f72a3: receive RaftClientReply:client-FC58CAF12498->aeb608e6-131f-44e0-aa35-97c12a2f72a3@group-3F41E8AD953A, cid=2682, SUCCESS, logIndex=0, commits[aeb608e6-131f-44e0-aa35-97c12a2f72a3:c3972, b6a0d396-0e26-402b-ac58-4f0615a4fad6:c3968, 8b17640a-2548-4323-bd97-ba3488877b23:c3968]
2019-08-20 11:35:51,898 INFO  client.GrpcClientProtocolClient (GrpcClientProtocolClient.java:onNext(255)) - client-FC58CAF12498->aeb608e6-131f-44e0-aa35-97c12a2f72a3: receive RaftClientReply:client-FC58CAF12498->aeb608e6-131f-44e0-aa35-97c12a2f72a3@group-3F41E8AD953A, cid=2683, SUCCESS, logIndex=3975, commits[aeb608e6-131f-44e0-aa35-97c12a2f72a3:c3975, b6a0d396-0e26-402b-ac58-4f0615a4fad6:c3974, 8b17640a-2548-4323-bd97-ba3488877b23:c3974]
2019-08-20 11:35:52,000 INFO  client.GrpcClientProtocolClient (GrpcClientProtocolClient.java:onNext(255)) - client-FC58CAF12498->aeb608e6-131f-44e0-aa35-97c12a2f72a3: receive RaftClientReply:client-FC58CAF12498->aeb608e6-131f-44e0-aa35-97c12a2f72a3@group-3F41E8AD953A, cid=2684, SUCCESS, logIndex=3976, commits[aeb608e6-131f-44e0-aa35-97c12a2f72a3:c3976, b6a0d396-0e26-402b-ac58-4f0615a4fad6:c3974, 8b17640a-2548-4323-bd97-ba3488877b23:c3974]
2019-08-20 11:35:52,012 INFO  client.GrpcClientProtocolClient (GrpcClientProtocolClient.java:onNext(255)) - client-FC58CAF12498->aeb608e6-131f-44e0-aa35-97c12a2f72a3: receive RaftClientReply:client-FC58CAF12498->aeb608e6-131f-44e0-aa35-97c12a2f72a3@group-3F41E8AD953A, cid=2685, SUCCESS, logIndex=3979, commits[aeb608e6-131f-44e0-aa35-97c12a2f72a3:c3980, b6a0d396-0e26-402b-ac58-4f0615a4fad6:c3976, 8b17640a-2548-4323-bd97-ba3488877b23:c3978]
2019-08-20 11:35:52,013 INFO  client.GrpcClientProtocolClient (GrpcClientProtocolClient.java:onNext(255)) - client-FC58CAF12498->aeb608e6-131f-44e0-aa35-97c12a2f72a3: receive RaftClientReply:client-FC58CAF12498->aeb608e6-131f-44e0-aa35-97c12a2f72a3@group-3F41E8AD953A, cid=2686, SUCCESS, logIndex=3980, commits[aeb608e6-131f-44e0-aa35-97c12a2f72a3:c3980, b6a0d396-0e26-402b-ac58-4f0615a4fad6:c3978, 8b17640a-2548-4323-bd97-ba3488877b23:c3978]
2019-08-20 11:35:52,014 INFO  client.GrpcClientProtocolClient (GrpcClientProtocolClient.java:onNext(255)) - client-FC58CAF12498->aeb608e6-131f-44e0-aa35-97c12a2f72a3: receive RaftClientReply:client-FC58CAF12498->aeb608e6-131f-44e0-aa35-97c12a2f72a3@group-3F41E8AD953A, cid=2687, SUCCESS, logIndex=0, commits[aeb608e6-131f-44e0-aa35-97c12a2f72a3:c3981, b6a0d396-0e26-402b-ac58-4f0615a4fad6:c3980, 8b17640a-2548-4323-bd97-ba3488877b23:c3980]
2019-08-20 11:35:52,040 INFO  client.GrpcClientProtocolClient (GrpcClientProtocolClient.java:onNext(255)) - client-FC58CAF12498->aeb608e6-131f-44e0-aa35-97c12a2f72a3: receive RaftClientReply:client-FC58CAF12498->aeb608e6-131f-44e0-aa35-97c12a2f72a3@group-3F41E8AD953A, cid=2688, SUCCESS, logIndex=3983, commits[aeb608e6-131f-44e0-aa35-97c12a2f72a3:c3984, b6a0d396-0e26-402b-ac58-4f0615a4fad6:c3982, 8b17640a-2548-4323-bd97-ba3488877b23:c3982]
2019-08-20 11:35:52,040 INFO  client.GrpcClientProtocolClient (GrpcClientProtocolClient.java:onNext(255)) - client-FC58CAF12498->aeb608e6-131f-44e0-aa35-97c12a2f72a3: receive RaftClientReply:client-FC58CAF12498->aeb608e6-131f-44e0-aa35-97c12a2f72a3@group-3F41E8AD953A, cid=2689, SUCCESS, logIndex=3984, commits[aeb608e6-131f-44e0-aa35-97c12a2f72a3:c3984, b6a0d396-0e26-402b-ac58-4f0615a4fad6:c3982, 8b17640a-2548-4323-bd97-ba3488877b23:c3982]
2019-08-20 11:35:52,041 INFO  client.GrpcClientProtocolClient (GrpcClientProtocolClient.java:onNext(255)) - client-FC58CAF12498->aeb608e6-131f-44e0-aa35-97c12a2f72a3: receive RaftClientReply:client-FC58CAF12498->aeb608e6-131f-44e0-aa35-97c12a2f72a3@group-3F41E8AD953A, cid=2690, SUCCESS, logIndex=3985, commits[aeb608e6-131f-44e0-aa35-97c12a2f72a3:c3985, b6a0d396-0e26-402b-ac58-4f0615a4fad6:c3982, 8b17640a-2548-4323-bd97-ba3488877b23:c3982]
2019-08-20 11:35:52,041 INFO  client.GrpcClientProtocolClient (GrpcClientProtocolClient.java:onNext(255)) - client-FC58CAF12498->aeb608e6-131f-44e0-aa35-97c12a2f72a3: receive RaftClientReply:client-FC58CAF12498->aeb608e6-131f-44e0-aa35-97c12a2f72a3@group-3F41E8AD953A, cid=2691, SUCCESS, logIndex=3986, commits[aeb608e6-131f-44e0-aa35-97c12a2f72a3:c3986, b6a0d396-0e26-402b-ac58-4f0615a4fad6:c3982, 8b17640a-2548-4323-bd97-ba3488877b23:c3982]
2019-08-20 11:35:52,044 INFO  client.GrpcClientProtocolClient (GrpcClientProtocolClient.java:onNext(255)) - client-FC58CAF12498->aeb608e6-131f-44e0-aa35-97c12a2f72a3: receive RaftClientReply:client-FC58CAF12498->aeb608e6-131f-44e0-aa35-97c12a2f72a3@group-3F41E8AD953A, cid=2692, SUCCESS, logIndex=0, commits[aeb608e6-131f-44e0-aa35-97c12a2f72a3:c3988, b6a0d396-0e26-402b-ac58-4f0615a4fad6:c3984, 8b17640a-2548-4323-bd97-ba3488877b23:c3984]
2019-08-20 11:35:52,056 INFO  client.GrpcClientProtocolClient (GrpcClientProtocolClient.java:onNext(255)) - client-FC58CAF12498->aeb608e6-131f-44e0-aa35-97c12a2f72a3: receive RaftClientReply:client-FC58CAF12498->aeb608e6-131f-44e0-aa35-97c12a2f72a3@group-3F41E8AD953A, cid=2693, SUCCESS, logIndex=3991, commits[aeb608e6-131f-44e0-aa35-97c12a2f72a3:c3992, b6a0d396-0e26-402b-ac58-4f0615a4fad6:c3989, 8b17640a-2548-4323-bd97-ba3488877b23:c3989]
2019-08-20 11:35:52,056 INFO  client.GrpcClientProtocolClient (GrpcClientProtocolClient.java:onNext(255)) - client-FC58CAF12498->aeb608e6-131f-44e0-aa35-97c12a2f72a3: receive RaftClientReply:client-FC58CAF12498->aeb608e6-131f-44e0-aa35-97c12a2f72a3@group-3F41E8AD953A, cid=2694, SUCCESS, logIndex=3992, commits[aeb608e6-131f-44e0-aa35-97c12a2f72a3:c3992, b6a0d396-0e26-402b-ac58-4f0615a4fad6:c3989, 8b17640a-2548-4323-bd97-ba3488877b23:c3989]
2019-08-20 11:35:52,075 INFO  client.GrpcClientProtocolClient (GrpcClientProtocolClient.java:onNext(255)) - client-FC58CAF12498->aeb608e6-131f-44e0-aa35-97c12a2f72a3: receive RaftClientReply:client-FC58CAF12498->aeb608e6-131f-44e0-aa35-97c12a2f72a3@group-3F41E8AD953A, cid=2695, SUCCESS, logIndex=3995, commits[aeb608e6-131f-44e0-aa35-97c12a2f72a3:c3996, b6a0d396-0e26-402b-ac58-4f0615a4fad6:c3994, 8b17640a-2548-4323-bd97-ba3488877b23:c3994]
2019-08-20 11:35:52,076 INFO  client.GrpcClientProtocolClient (GrpcClientProtocolClient.java:onNext(255)) - client-FC58CAF12498->aeb608e6-131f-44e0-aa35-97c12a2f72a3: receive RaftClientReply:client-FC58CAF12498->aeb608e6-131f-44e0-aa35-97c12a2f72a3@group-3F41E8AD953A, cid=2696, SUCCESS, logIndex=3996, commits[aeb608e6-131f-44e0-aa35-97c12a2f72a3:c3996, b6a0d396-0e26-402b-ac58-4f0615a4fad6:c3994, 8b17640a-2548-4323-bd97-ba3488877b23:c3994]
2019-08-20 11:35:52,090 INFO  client.GrpcClientProtocolClient (GrpcClientProtocolClient.java:onNext(255)) - client-FC58CAF12498->aeb608e6-131f-44e0-aa35-97c12a2f72a3: receive RaftClientReply:client-FC58CAF12498->aeb608e6-131f-44e0-aa35-97c12a2f72a3@group-3F41E8AD953A, cid=2697, SUCCESS, logIndex=0, commits[aeb608e6-131f-44e0-aa35-97c12a2f72a3:c3998, b6a0d396-0e26-402b-ac58-4f0615a4fad6:c3996, 8b17640a-2548-4323-bd97-ba3488877b23:c3996]
2019-08-20 11:35:52,122 INFO  client.GrpcClientProtocolClient (GrpcClientProtocolClient.java:onNext(255)) - client-FC58CAF12498->aeb608e6-131f-44e0-aa35-97c12a2f72a3: receive RaftClientReply:client-FC58CAF12498->aeb608e6-131f-44e0-aa35-97c12a2f72a3@group-3F41E8AD953A, cid=2698, SUCCESS, logIndex=3999, commits[aeb608e6-131f-44e0-aa35-97c12a2f72a3:c4000, b6a0d396-0e26-402b-ac58-4f0615a4fad6:c3998, 8b17640a-2548-4323-bd97-ba3488877b23:c3998]
2019-08-20 11:35:52,122 INFO  client.GrpcClientProtocolClient (GrpcClientProtocolClient.java:onNext(255)) - client-FC58CAF12498->aeb608e6-131f-44e0-aa35-97c12a2f72a3: receive RaftClientReply:client-FC58CAF12498->aeb608e6-131f-44e0-aa35-97c12a2f72a3@group-3F41E8AD953A, cid=2699, SUCCESS, logIndex=4000, commits[aeb608e6-131f-44e0-aa35-97c12a2f72a3:c4000, b6a0d396-0e26-402b-ac58-4f0615a4fad6:c3998, 8b17640a-2548-4323-bd97-ba3488877b23:c3998]
2019-08-20 11:35:52,122 INFO  client.GrpcClientProtocolClient (GrpcClientProtocolClient.java:onNext(255)) - client-FC58CAF12498->aeb608e6-131f-44e0-aa35-97c12a2f72a3: receive RaftClientReply:client-FC58CAF12498->aeb608e6-131f-44e0-aa35-97c12a2f72a3@group-3F41E8AD953A, cid=2700, SUCCESS, logIndex=4001, commits[aeb608e6-131f-44e0-aa35-97c12a2f72a3:c4001, b6a0d396-0e26-402b-ac58-4f0615a4fad6:c3998, 8b17640a-2548-4323-bd97-ba3488877b23:c3998]
2019-08-20 11:35:52,123 INFO  client.GrpcClientProtocolClient (GrpcClientProtocolClient.java:onNext(255)) - client-FC58CAF12498->aeb608e6-131f-44e0-aa35-97c12a2f72a3: receive RaftClientReply:client-FC58CAF12498->aeb608e6-131f-44e0-aa35-97c12a2f72a3@group-3F41E8AD953A, cid=2701, SUCCESS, logIndex=4002, commits[aeb608e6-131f-44e0-aa35-97c12a2f72a3:c4002, b6a0d396-0e26-402b-ac58-4f0615a4fad6:c3998, 8b17640a-2548-4323-bd97-ba3488877b23:c3998]
2019-08-20 11:35:52,124 INFO  client.GrpcClientProtocolClient (GrpcClientProtocolClient.java:onNext(255)) - client-FC58CAF12498->aeb608e6-131f-44e0-aa35-97c12a2f72a3: receive RaftClientReply:client-FC58CAF12498->aeb608e6-131f-44e0-aa35-97c12a2f72a3@group-3F41E8AD953A, cid=2702, SUCCESS, logIndex=0, commits[aeb608e6-131f-44e0-aa35-97c12a2f72a3:c4004, b6a0d396-0e26-402b-ac58-4f0615a4fad6:c4000, 8b17640a-2548-4323-bd97-ba3488877b23:c4000]
2019-08-20 11:35:52,145 INFO  client.GrpcClientProtocolClient (GrpcClientProtocolClient.java:onNext(255)) - client-FC58CAF12498->aeb608e6-131f-44e0-aa35-97c12a2f72a3: receive RaftClientReply:client-FC58CAF12498->aeb608e6-131f-44e0-aa35-97c12a2f72a3@group-3F41E8AD953A, cid=2703, SUCCESS, logIndex=4007, commits[aeb608e6-131f-44e0-aa35-97c12a2f72a3:c4008, b6a0d396-0e26-402b-ac58-4f0615a4fad6:c4004, 8b17640a-2548-4323-bd97-ba3488877b23:c4004]
2019-08-20 11:35:52,145 INFO  client.GrpcClientProtocolClient (GrpcClientProtocolClient.java:onNext(255)) - client-FC58CAF12498->aeb608e6-131f-44e0-aa35-97c12a2f72a3: receive RaftClientReply:client-FC58CAF12498->aeb608e6-131f-44e0-aa35-97c12a2f72a3@group-3F41E8AD953A, cid=2704, SUCCESS, logIndex=4008, commits[aeb608e6-131f-44e0-aa35-97c12a2f72a3:c4008, b6a0d396-0e26-402b-ac58-4f0615a4fad6:c4004, 8b17640a-2548-4323-bd97-ba3488877b23:c4004]
2019-08-20 11:35:52,159 INFO  client.GrpcClientProtocolClient (GrpcClientProtocolClient.java:onNext(255)) - client-FC58CAF12498->aeb608e6-131f-44e0-aa35-97c12a2f72a3: receive RaftClientReply:client-FC58CAF12498->aeb608e6-131f-44e0-aa35-97c12a2f72a3@group-3F41E8AD953A, cid=2705, SUCCESS, logIndex=4011, commits[aeb608e6-131f-44e0-aa35-97c12a2f72a3:c4012, b6a0d396-0e26-402b-ac58-4f0615a4fad6:c4008, 8b17640a-2548-4323-bd97-ba3488877b23:c4008]
2019-08-20 11:35:52,160 INFO  client.GrpcClientProtocolClient (GrpcClientProtocolClient.java:onNext(255)) - client-FC58CAF12498->aeb608e6-131f-44e0-aa35-97c12a2f72a3: receive RaftClientReply:client-FC58CAF12498->aeb608e6-131f-44e0-aa35-97c12a2f72a3@group-3F41E8AD953A, cid=2706, SUCCESS, logIndex=4012, commits[aeb608e6-131f-44e0-aa35-97c12a2f72a3:c4012, b6a0d396-0e26-402b-ac58-4f0615a4fad6:c4008, 8b17640a-2548-4323-bd97-ba3488877b23:c4008]
2019-08-20 11:35:52,185 INFO  client.GrpcClientProtocolClient (GrpcClientProtocolClient.java:onNext(255)) - client-FC58CAF12498->aeb608e6-131f-44e0-aa35-97c12a2f72a3: receive RaftClientReply:client-FC58CAF12498->aeb608e6-131f-44e0-aa35-97c12a2f72a3@group-3F41E8AD953A, cid=2707, SUCCESS, logIndex=0, commits[aeb608e6-131f-44e0-aa35-97c12a2f72a3:c4014, b6a0d396-0e26-402b-ac58-4f0615a4fad6:c4012, 8b17640a-2548-4323-bd97-ba3488877b23:c4012]
2019-08-20 11:35:52,211 INFO  client.GrpcClientProtocolClient (GrpcClientProtocolClient.java:onNext(255)) - client-FC58CAF12498->aeb608e6-131f-44e0-aa35-97c12a2f72a3: receive RaftClientReply:client-FC58CAF12498->aeb608e6-131f-44e0-aa35-97c12a2f72a3@group-3F41E8AD953A, cid=2708, SUCCESS, logIndex=4015, commits[aeb608e6-131f-44e0-aa35-97c12a2f72a3:c4016, b6a0d396-0e26-402b-ac58-4f0615a4fad6:c4014, 8b17640a-2548-4323-bd97-ba3488877b23:c4014]
2019-08-20 11:35:52,211 INFO  client.GrpcClientProtocolClient (GrpcClientProtocolClient.java:onNext(255)) - client-FC58CAF12498->aeb608e6-131f-44e0-aa35-97c12a2f72a3: receive RaftClientReply:client-FC58CAF12498->aeb608e6-131f-44e0-aa35-97c12a2f72a3@group-3F41E8AD953A, cid=2709, SUCCESS, logIndex=4016, commits[aeb608e6-131f-44e0-aa35-97c12a2f72a3:c4016, b6a0d396-0e26-402b-ac58-4f0615a4fad6:c4014, 8b17640a-2548-4323-bd97-ba3488877b23:c4014]
2019-08-20 11:35:52,213 INFO  client.GrpcClientProtocolClient (GrpcClientProtocolClient.java:onNext(255)) - client-FC58CAF12498->aeb608e6-131f-44e0-aa35-97c12a2f72a3: receive RaftClientReply:client-FC58CAF12498->aeb608e6-131f-44e0-aa35-97c12a2f72a3@group-3F41E8AD953A, cid=2710, SUCCESS, logIndex=4017, commits[aeb608e6-131f-44e0-aa35-97c12a2f72a3:c4018, b6a0d396-0e26-402b-ac58-4f0615a4fad6:c4014, 8b17640a-2548-4323-bd97-ba3488877b23:c4014]
2019-08-20 11:35:52,213 INFO  client.GrpcClientProtocolClient (GrpcClientProtocolClient.java:onNext(255)) - client-FC58CAF12498->aeb608e6-131f-44e0-aa35-97c12a2f72a3: receive RaftClientReply:client-FC58CAF12498->aeb608e6-131f-44e0-aa35-97c12a2f72a3@group-3F41E8AD953A, cid=2711, SUCCESS, logIndex=4018, commits[aeb608e6-131f-44e0-aa35-97c12a2f72a3:c4018, b6a0d396-0e26-402b-ac58-4f0615a4fad6:c4014, 8b17640a-2548-4323-bd97-ba3488877b23:c4014]
2019-08-20 11:35:52,224 INFO  client.GrpcClientProtocolClient (GrpcClientProtocolClient.java:onNext(255)) - client-FC58CAF12498->aeb608e6-131f-44e0-aa35-97c12a2f72a3: receive RaftClientReply:client-FC58CAF12498->aeb608e6-131f-44e0-aa35-97c12a2f72a3@group-3F41E8AD953A, cid=2712, SUCCESS, logIndex=0, commits[aeb608e6-131f-44e0-aa35-97c12a2f72a3:c4019, b6a0d396-0e26-402b-ac58-4f0615a4fad6:c4016, 8b17640a-2548-4323-bd97-ba3488877b23:c4016]
2019-08-20 11:35:52,254 INFO  client.GrpcClientProtocolClient (GrpcClientProtocolClient.java:onNext(255)) - client-FC58CAF12498->aeb608e6-131f-44e0-aa35-97c12a2f72a3: receive RaftClientReply:client-FC58CAF12498->aeb608e6-131f-44e0-aa35-97c12a2f72a3@group-3F41E8AD953A, cid=2713, SUCCESS, logIndex=4023, commits[aeb608e6-131f-44e0-aa35-97c12a2f72a3:c4024, b6a0d396-0e26-402b-ac58-4f0615a4fad6:c4019, 8b17640a-2548-4323-bd97-ba3488877b23:c4019]
2019-08-20 11:35:52,254 INFO  client.GrpcClientProtocolClient (GrpcClientProtocolClient.java:onNext(255)) - client-FC58CAF12498->aeb608e6-131f-44e0-aa35-97c12a2f72a3: receive RaftClientReply:client-FC58CAF12498->aeb608e6-131f-44e0-aa35-97c12a2f72a3@group-3F41E8AD953A, cid=2714, SUCCESS, logIndex=4024, commits[aeb608e6-131f-44e0-aa35-97c12a2f72a3:c4024, b6a0d396-0e26-402b-ac58-4f0615a4fad6:c4019, 8b17640a-2548-4323-bd97-ba3488877b23:c4019]
2019-08-20 11:35:52,274 INFO  client.GrpcClientProtocolClient (GrpcClientProtocolClient.java:onNext(255)) - client-FC58CAF12498->aeb608e6-131f-44e0-aa35-97c12a2f72a3: receive RaftClientReply:client-FC58CAF12498->aeb608e6-131f-44e0-aa35-97c12a2f72a3@group-3F41E8AD953A, cid=2715, SUCCESS, logIndex=4027, commits[aeb608e6-131f-44e0-aa35-97c12a2f72a3:c4028, b6a0d396-0e26-402b-ac58-4f0615a4fad6:c4024, 8b17640a-2548-4323-bd97-ba3488877b23:c4024]
2019-08-20 11:35:52,275 INFO  client.GrpcClientProtocolClient (GrpcClientProtocolClient.java:onNext(255)) - client-FC58CAF12498->aeb608e6-131f-44e0-aa35-97c12a2f72a3: receive RaftClientReply:client-FC58CAF12498->aeb608e6-131f-44e0-aa35-97c12a2f72a3@group-3F41E8AD953A, cid=2716, SUCCESS, logIndex=4028, commits[aeb608e6-131f-44e0-aa35-97c12a2f72a3:c4028, b6a0d396-0e26-402b-ac58-4f0615a4fad6:c4024, 8b17640a-2548-4323-bd97-ba3488877b23:c4024]
2019-08-20 11:35:52,287 INFO  client.GrpcClientProtocolClient (GrpcClientProtocolClient.java:onNext(255)) - client-FC58CAF12498->aeb608e6-131f-44e0-aa35-97c12a2f72a3: receive RaftClientReply:client-FC58CAF12498->aeb608e6-131f-44e0-aa35-97c12a2f72a3@group-3F41E8AD953A, cid=2717, SUCCESS, logIndex=0, commits[aeb608e6-131f-44e0-aa35-97c12a2f72a3:c4030, b6a0d396-0e26-402b-ac58-4f0615a4fad6:c4028, 8b17640a-2548-4323-bd97-ba3488877b23:c4028]
2019-08-20 11:35:52,315 INFO  client.GrpcClientProtocolClient (GrpcClientProtocolClient.java:onNext(255)) - client-FC58CAF12498->aeb608e6-131f-44e0-aa35-97c12a2f72a3: receive RaftClientReply:client-FC58CAF12498->aeb608e6-131f-44e0-aa35-97c12a2f72a3@group-3F41E8AD953A, cid=2718, SUCCESS, logIndex=4031, commits[aeb608e6-131f-44e0-aa35-97c12a2f72a3:c4032, b6a0d396-0e26-402b-ac58-4f0615a4fad6:c4030, 8b17640a-2548-4323-bd97-ba3488877b23:c4030]
2019-08-20 11:35:52,316 INFO  client.GrpcClientProtocolClient (GrpcClientProtocolClient.java:onNext(255)) - client-FC58CAF12498->aeb608e6-131f-44e0-aa35-97c12a2f72a3: receive RaftClientReply:client-FC58CAF12498->aeb608e6-131f-44e0-aa35-97c12a2f72a3@group-3F41E8AD953A, cid=2719, SUCCESS, logIndex=4032, commits[aeb608e6-131f-44e0-aa35-97c12a2f72a3:c4034, b6a0d396-0e26-402b-ac58-4f0615a4fad6:c4030, 8b17640a-2548-4323-bd97-ba3488877b23:c4030]
2019-08-20 11:35:52,316 INFO  client.GrpcClientProtocolClient (GrpcClientProtocolClient.java:onNext(255)) - client-FC58CAF12498->aeb608e6-131f-44e0-aa35-97c12a2f72a3: receive RaftClientReply:client-FC58CAF12498->aeb608e6-131f-44e0-aa35-97c12a2f72a3@group-3F41E8AD953A, cid=2720, SUCCESS, logIndex=4033, commits[aeb608e6-131f-44e0-aa35-97c12a2f72a3:c4034, b6a0d396-0e26-402b-ac58-4f0615a4fad6:c4030, 8b17640a-2548-4323-bd97-ba3488877b23:c4030]
2019-08-20 11:35:52,316 INFO  client.GrpcClientProtocolClient (GrpcClientProtocolClient.java:onNext(255)) - client-FC58CAF12498->aeb608e6-131f-44e0-aa35-97c12a2f72a3: receive RaftClientReply:client-FC58CAF12498->aeb608e6-131f-44e0-aa35-97c12a2f72a3@group-3F41E8AD953A, cid=2721, SUCCESS, logIndex=4034, commits[aeb608e6-131f-44e0-aa35-97c12a2f72a3:c4034, b6a0d396-0e26-402b-ac58-4f0615a4fad6:c4030, 8b17640a-2548-4323-bd97-ba3488877b23:c4030]
2019-08-20 11:35:52,329 INFO  client.GrpcClientProtocolClient (GrpcClientProtocolClient.java:onNext(255)) - client-FC58CAF12498->aeb608e6-131f-44e0-aa35-97c12a2f72a3: receive RaftClientReply:client-FC58CAF12498->aeb608e6-131f-44e0-aa35-97c12a2f72a3@group-3F41E8AD953A, cid=2722, SUCCESS, logIndex=0, commits[aeb608e6-131f-44e0-aa35-97c12a2f72a3:c4037, b6a0d396-0e26-402b-ac58-4f0615a4fad6:c4033, 8b17640a-2548-4323-bd97-ba3488877b23:c4032]
2019-08-20 11:35:52,348 INFO  client.GrpcClientProtocolClient (GrpcClientProtocolClient.java:onNext(255)) - client-FC58CAF12498->aeb608e6-131f-44e0-aa35-97c12a2f72a3: receive RaftClientReply:client-FC58CAF12498->aeb608e6-131f-44e0-aa35-97c12a2f72a3@group-3F41E8AD953A, cid=2723, SUCCESS, logIndex=4039, commits[aeb608e6-131f-44e0-aa35-97c12a2f72a3:c4040, b6a0d396-0e26-402b-ac58-4f0615a4fad6:c4038, 8b17640a-2548-4323-bd97-ba3488877b23:c4038]
2019-08-20 11:35:52,349 INFO  client.GrpcClientProtocolClient (GrpcClientProtocolClient.java:onNext(255)) - client-FC58CAF12498->aeb608e6-131f-44e0-aa35-97c12a2f72a3: receive RaftClientReply:client-FC58CAF12498->aeb608e6-131f-44e0-aa35-97c12a2f72a3@group-3F41E8AD953A, cid=2724, SUCCESS, logIndex=4040, commits[aeb608e6-131f-44e0-aa35-97c12a2f72a3:c4040, b6a0d396-0e26-402b-ac58-4f0615a4fad6:c4038, 8b17640a-2548-4323-bd97-ba3488877b23:c4038]
2019-08-20 11:35:52,373 INFO  client.GrpcClientProtocolClient (GrpcClientProtocolClient.java:onNext(255)) - client-FC58CAF12498->aeb608e6-131f-44e0-aa35-97c12a2f72a3: receive RaftClientReply:client-FC58CAF12498->aeb608e6-131f-44e0-aa35-97c12a2f72a3@group-3F41E8AD953A, cid=2725, SUCCESS, logIndex=4043, commits[aeb608e6-131f-44e0-aa35-97c12a2f72a3:c4044, b6a0d396-0e26-402b-ac58-4f0615a4fad6:c4040, 8b17640a-2548-4323-bd97-ba3488877b23:c4040]
2019-08-20 11:35:52,373 INFO  client.GrpcClientProtocolClient (GrpcClientProtocolClient.java:onNext(255)) - client-FC58CAF12498->aeb608e6-131f-44e0-aa35-97c12a2f72a3: receive RaftClientReply:client-FC58CAF12498->aeb608e6-131f-44e0-aa35-97c12a2f72a3@group-3F41E8AD953A, cid=2726, SUCCESS, logIndex=4044, commits[aeb608e6-131f-44e0-aa35-97c12a2f72a3:c4044, b6a0d396-0e26-402b-ac58-4f0615a4fad6:c4040, 8b17640a-2548-4323-bd97-ba3488877b23:c4040]
2019-08-20 11:35:52,387 INFO  client.GrpcClientProtocolClient (GrpcClientProtocolClient.java:onNext(255)) - client-FC58CAF12498->aeb608e6-131f-44e0-aa35-97c12a2f72a3: receive RaftClientReply:client-FC58CAF12498->aeb608e6-131f-44e0-aa35-97c12a2f72a3@group-3F41E8AD953A, cid=2727, SUCCESS, logIndex=0, commits[aeb608e6-131f-44e0-aa35-97c12a2f72a3:c4045, b6a0d396-0e26-402b-ac58-4f0615a4fad6:c4044, 8b17640a-2548-4323-bd97-ba3488877b23:c4044]
2019-08-20 11:35:52,415 INFO  client.GrpcClientProtocolClient (GrpcClientProtocolClient.java:onNext(255)) - client-FC58CAF12498->aeb608e6-131f-44e0-aa35-97c12a2f72a3: receive RaftClientReply:client-FC58CAF12498->aeb608e6-131f-44e0-aa35-97c12a2f72a3@group-3F41E8AD953A, cid=2728, SUCCESS, logIndex=4047, commits[aeb608e6-131f-44e0-aa35-97c12a2f72a3:c4048, b6a0d396-0e26-402b-ac58-4f0615a4fad6:c4046, 8b17640a-2548-4323-bd97-ba3488877b23:c4046]
2019-08-20 11:35:52,415 INFO  client.GrpcClientProtocolClient (GrpcClientProtocolClient.java:onNext(255)) - client-FC58CAF12498->aeb608e6-131f-44e0-aa35-97c12a2f72a3: receive RaftClientReply:client-FC58CAF12498->aeb608e6-131f-44e0-aa35-97c12a2f72a3@group-3F41E8AD953A, cid=2729, SUCCESS, logIndex=4048, commits[aeb608e6-131f-44e0-aa35-97c12a2f72a3:c4048, b6a0d396-0e26-402b-ac58-4f0615a4fad6:c4046, 8b17640a-2548-4323-bd97-ba3488877b23:c4046]
2019-08-20 11:35:52,416 INFO  client.GrpcClientProtocolClient (GrpcClientProtocolClient.java:onNext(255)) - client-FC58CAF12498->aeb608e6-131f-44e0-aa35-97c12a2f72a3: receive RaftClientReply:client-FC58CAF12498->aeb608e6-131f-44e0-aa35-97c12a2f72a3@group-3F41E8AD953A, cid=2730, SUCCESS, logIndex=4049, commits[aeb608e6-131f-44e0-aa35-97c12a2f72a3:c4049, b6a0d396-0e26-402b-ac58-4f0615a4fad6:c4046, 8b17640a-2548-4323-bd97-ba3488877b23:c4046]
2019-08-20 11:35:52,416 INFO  client.GrpcClientProtocolClient (GrpcClientProtocolClient.java:onNext(255)) - client-FC58CAF12498->aeb608e6-131f-44e0-aa35-97c12a2f72a3: receive RaftClientReply:client-FC58CAF12498->aeb608e6-131f-44e0-aa35-97c12a2f72a3@group-3F41E8AD953A, cid=2731, SUCCESS, logIndex=4050, commits[aeb608e6-131f-44e0-aa35-97c12a2f72a3:c4050, b6a0d396-0e26-402b-ac58-4f0615a4fad6:c4046, 8b17640a-2548-4323-bd97-ba3488877b23:c4046]
2019-08-20 11:35:52,430 INFO  client.GrpcClientProtocolClient (GrpcClientProtocolClient.java:onNext(255)) - client-FC58CAF12498->aeb608e6-131f-44e0-aa35-97c12a2f72a3: receive RaftClientReply:client-FC58CAF12498->aeb608e6-131f-44e0-aa35-97c12a2f72a3@group-3F41E8AD953A, cid=2732, SUCCESS, logIndex=0, commits[aeb608e6-131f-44e0-aa35-97c12a2f72a3:c4052, b6a0d396-0e26-402b-ac58-4f0615a4fad6:c4048, 8b17640a-2548-4323-bd97-ba3488877b23:c4048]
2019-08-20 11:35:52,441 INFO  client.GrpcClientProtocolClient (GrpcClientProtocolClient.java:onNext(255)) - client-FC58CAF12498->aeb608e6-131f-44e0-aa35-97c12a2f72a3: receive RaftClientReply:client-FC58CAF12498->aeb608e6-131f-44e0-aa35-97c12a2f72a3@group-3F41E8AD953A, cid=2733, SUCCESS, logIndex=4055, commits[aeb608e6-131f-44e0-aa35-97c12a2f72a3:c4056, b6a0d396-0e26-402b-ac58-4f0615a4fad6:c4054, 8b17640a-2548-4323-bd97-ba3488877b23:c4050]
2019-08-20 11:35:52,442 INFO  client.GrpcClientProtocolClient (GrpcClientProtocolClient.java:onNext(255)) - client-FC58CAF12498->aeb608e6-131f-44e0-aa35-97c12a2f72a3: receive RaftClientReply:client-FC58CAF12498->aeb608e6-131f-44e0-aa35-97c12a2f72a3@group-3F41E8AD953A, cid=2734, SUCCESS, logIndex=4056, commits[aeb608e6-131f-44e0-aa35-97c12a2f72a3:c4056, b6a0d396-0e26-402b-ac58-4f0615a4fad6:c4054, 8b17640a-2548-4323-bd97-ba3488877b23:c4054]
 0.00% |█                                                                                                    |  0/1 Time: 0:00:262019-08-20 11:35:52,457 INFO  client.GrpcClientProtocolClient (GrpcClientProtocolClient.java:onNext(255)) - client-FC58CAF12498->aeb608e6-131f-44e0-aa35-97c12a2f72a3: receive RaftClientReply:client-FC58CAF12498->aeb608e6-131f-44e0-aa35-97c12a2f72a3@group-3F41E8AD953A, cid=2735, SUCCESS, logIndex=4059, commits[aeb608e6-131f-44e0-aa35-97c12a2f72a3:c4060, b6a0d396-0e26-402b-ac58-4f0615a4fad6:c4056, 8b17640a-2548-4323-bd97-ba3488877b23:c4057]
2019-08-20 11:35:52,457 INFO  client.GrpcClientProtocolClient (GrpcClientProtocolClient.java:onNext(255)) - client-FC58CAF12498->aeb608e6-131f-44e0-aa35-97c12a2f72a3: receive RaftClientReply:client-FC58CAF12498->aeb608e6-131f-44e0-aa35-97c12a2f72a3@group-3F41E8AD953A, cid=2736, SUCCESS, logIndex=4060, commits[aeb608e6-131f-44e0-aa35-97c12a2f72a3:c4060, b6a0d396-0e26-402b-ac58-4f0615a4fad6:c4056, 8b17640a-2548-4323-bd97-ba3488877b23:c4057]
2019-08-20 11:35:52,461 INFO  client.GrpcClientProtocolClient (GrpcClientProtocolClient.java:onNext(255)) - client-FC58CAF12498->aeb608e6-131f-44e0-aa35-97c12a2f72a3: receive RaftClientReply:client-FC58CAF12498->aeb608e6-131f-44e0-aa35-97c12a2f72a3@group-3F41E8AD953A, cid=2737, SUCCESS, logIndex=0, commits[aeb608e6-131f-44e0-aa35-97c12a2f72a3:c4061, b6a0d396-0e26-402b-ac58-4f0615a4fad6:c4060, 8b17640a-2548-4323-bd97-ba3488877b23:c4060]
2019-08-20 11:35:52,486 INFO  client.GrpcClientProtocolClient (GrpcClientProtocolClient.java:onNext(255)) - client-FC58CAF12498->aeb608e6-131f-44e0-aa35-97c12a2f72a3: receive RaftClientReply:client-FC58CAF12498->aeb608e6-131f-44e0-aa35-97c12a2f72a3@group-3F41E8AD953A, cid=2738, SUCCESS, logIndex=4062, commits[aeb608e6-131f-44e0-aa35-97c12a2f72a3:c4065, b6a0d396-0e26-402b-ac58-4f0615a4fad6:c4061, 8b17640a-2548-4323-bd97-ba3488877b23:c4060]
2019-08-20 11:35:52,486 INFO  client.GrpcClientProtocolClient (GrpcClientProtocolClient.java:onNext(255)) - client-FC58CAF12498->aeb608e6-131f-44e0-aa35-97c12a2f72a3: receive RaftClientReply:client-FC58CAF12498->aeb608e6-131f-44e0-aa35-97c12a2f72a3@group-3F41E8AD953A, cid=2739, SUCCESS, logIndex=4063, commits[aeb608e6-131f-44e0-aa35-97c12a2f72a3:c4065, b6a0d396-0e26-402b-ac58-4f0615a4fad6:c4061, 8b17640a-2548-4323-bd97-ba3488877b23:c4061]
2019-08-20 11:35:52,486 INFO  client.GrpcClientProtocolClient (GrpcClientProtocolClient.java:onNext(255)) - client-FC58CAF12498->aeb608e6-131f-44e0-aa35-97c12a2f72a3: receive RaftClientReply:client-FC58CAF12498->aeb608e6-131f-44e0-aa35-97c12a2f72a3@group-3F41E8AD953A, cid=2740, SUCCESS, logIndex=4064, commits[aeb608e6-131f-44e0-aa35-97c12a2f72a3:c4065, b6a0d396-0e26-402b-ac58-4f0615a4fad6:c4061, 8b17640a-2548-4323-bd97-ba3488877b23:c4061]
2019-08-20 11:35:52,487 INFO  client.GrpcClientProtocolClient (GrpcClientProtocolClient.java:onNext(255)) - client-FC58CAF12498->aeb608e6-131f-44e0-aa35-97c12a2f72a3: receive RaftClientReply:client-FC58CAF12498->aeb608e6-131f-44e0-aa35-97c12a2f72a3@group-3F41E8AD953A, cid=2741, SUCCESS, logIndex=4065, commits[aeb608e6-131f-44e0-aa35-97c12a2f72a3:c4065, b6a0d396-0e26-402b-ac58-4f0615a4fad6:c4061, 8b17640a-2548-4323-bd97-ba3488877b23:c4061]
2019-08-20 11:35:52,498 INFO  client.GrpcClientProtocolClient (GrpcClientProtocolClient.java:onNext(255)) - client-FC58CAF12498->aeb608e6-131f-44e0-aa35-97c12a2f72a3: receive RaftClientReply:client-FC58CAF12498->aeb608e6-131f-44e0-aa35-97c12a2f72a3@group-3F41E8AD953A, cid=2742, SUCCESS, logIndex=0, commits[aeb608e6-131f-44e0-aa35-97c12a2f72a3:c4065, b6a0d396-0e26-402b-ac58-4f0615a4fad6:c4065, 8b17640a-2548-4323-bd97-ba3488877b23:c4065]
2019-08-20 11:35:52,515 INFO  client.GrpcClientProtocolClient (GrpcClientProtocolClient.java:onNext(255)) - client-FC58CAF12498->aeb608e6-131f-44e0-aa35-97c12a2f72a3: receive RaftClientReply:client-FC58CAF12498->aeb608e6-131f-44e0-aa35-97c12a2f72a3@group-3F41E8AD953A, cid=2743, SUCCESS, logIndex=4067, commits[aeb608e6-131f-44e0-aa35-97c12a2f72a3:c4068, b6a0d396-0e26-402b-ac58-4f0615a4fad6:c4066, 8b17640a-2548-4323-bd97-ba3488877b23:c4066]
2019-08-20 11:35:52,515 INFO  client.GrpcClientProtocolClient (GrpcClientProtocolClient.java:onNext(255)) - client-FC58CAF12498->aeb608e6-131f-44e0-aa35-97c12a2f72a3: receive RaftClientReply:client-FC58CAF12498->aeb608e6-131f-44e0-aa35-97c12a2f72a3@group-3F41E8AD953A, cid=2744, SUCCESS, logIndex=4068, commits[aeb608e6-131f-44e0-aa35-97c12a2f72a3:c4068, b6a0d396-0e26-402b-ac58-4f0615a4fad6:c4066, 8b17640a-2548-4323-bd97-ba3488877b23:c4066]
2019-08-20 11:35:52,547 INFO  client.GrpcClientProtocolClient (GrpcClientProtocolClient.java:onNext(255)) - client-FC58CAF12498->aeb608e6-131f-44e0-aa35-97c12a2f72a3: receive RaftClientReply:client-FC58CAF12498->aeb608e6-131f-44e0-aa35-97c12a2f72a3@group-3F41E8AD953A, cid=2745, SUCCESS, logIndex=4071, commits[aeb608e6-131f-44e0-aa35-97c12a2f72a3:c4072, b6a0d396-0e26-402b-ac58-4f0615a4fad6:c4068, 8b17640a-2548-4323-bd97-ba3488877b23:c4068]
2019-08-20 11:35:52,548 INFO  client.GrpcClientProtocolClient (GrpcClientProtocolClient.java:onNext(255)) - client-FC58CAF12498->aeb608e6-131f-44e0-aa35-97c12a2f72a3: receive RaftClientReply:client-FC58CAF12498->aeb608e6-131f-44e0-aa35-97c12a2f72a3@group-3F41E8AD953A, cid=2746, SUCCESS, logIndex=4072, commits[aeb608e6-131f-44e0-aa35-97c12a2f72a3:c4072, b6a0d396-0e26-402b-ac58-4f0615a4fad6:c4068, 8b17640a-2548-4323-bd97-ba3488877b23:c4068]
2019-08-20 11:35:52,559 INFO  client.GrpcClientProtocolClient (GrpcClientProtocolClient.java:onNext(255)) - client-FC58CAF12498->aeb608e6-131f-44e0-aa35-97c12a2f72a3: receive RaftClientReply:client-FC58CAF12498->aeb608e6-131f-44e0-aa35-97c12a2f72a3@group-3F41E8AD953A, cid=2747, SUCCESS, logIndex=0, commits[aeb608e6-131f-44e0-aa35-97c12a2f72a3:c4073, b6a0d396-0e26-402b-ac58-4f0615a4fad6:c4072, 8b17640a-2548-4323-bd97-ba3488877b23:c4072]
2019-08-20 11:35:52,586 INFO  client.GrpcClientProtocolClient (GrpcClientProtocolClient.java:onNext(255)) - client-FC58CAF12498->aeb608e6-131f-44e0-aa35-97c12a2f72a3: receive RaftClientReply:client-FC58CAF12498->aeb608e6-131f-44e0-aa35-97c12a2f72a3@group-3F41E8AD953A, cid=2748, SUCCESS, logIndex=4075, commits[aeb608e6-131f-44e0-aa35-97c12a2f72a3:c4077, b6a0d396-0e26-402b-ac58-4f0615a4fad6:c4074, 8b17640a-2548-4323-bd97-ba3488877b23:c4074]
2019-08-20 11:35:52,587 INFO  client.GrpcClientProtocolClient (GrpcClientProtocolClient.java:onNext(255)) - client-FC58CAF12498->aeb608e6-131f-44e0-aa35-97c12a2f72a3: receive RaftClientReply:client-FC58CAF12498->aeb608e6-131f-44e0-aa35-97c12a2f72a3@group-3F41E8AD953A, cid=2749, SUCCESS, logIndex=4076, commits[aeb608e6-131f-44e0-aa35-97c12a2f72a3:c4078, b6a0d396-0e26-402b-ac58-4f0615a4fad6:c4074, 8b17640a-2548-4323-bd97-ba3488877b23:c4074]
2019-08-20 11:35:52,587 INFO  client.GrpcClientProtocolClient (GrpcClientProtocolClient.java:onNext(255)) - client-FC58CAF12498->aeb608e6-131f-44e0-aa35-97c12a2f72a3: receive RaftClientReply:client-FC58CAF12498->aeb608e6-131f-44e0-aa35-97c12a2f72a3@group-3F41E8AD953A, cid=2750, SUCCESS, logIndex=4077, commits[aeb608e6-131f-44e0-aa35-97c12a2f72a3:c4078, b6a0d396-0e26-402b-ac58-4f0615a4fad6:c4074, 8b17640a-2548-4323-bd97-ba3488877b23:c4074]
2019-08-20 11:35:52,587 INFO  client.GrpcClientProtocolClient (GrpcClientProtocolClient.java:onNext(255)) - client-FC58CAF12498->aeb608e6-131f-44e0-aa35-97c12a2f72a3: receive RaftClientReply:client-FC58CAF12498->aeb608e6-131f-44e0-aa35-97c12a2f72a3@group-3F41E8AD953A, cid=2751, SUCCESS, logIndex=4078, commits[aeb608e6-131f-44e0-aa35-97c12a2f72a3:c4078, b6a0d396-0e26-402b-ac58-4f0615a4fad6:c4074, 8b17640a-2548-4323-bd97-ba3488877b23:c4074]
2019-08-20 11:35:52,601 INFO  client.GrpcClientProtocolClient (GrpcClientProtocolClient.java:onNext(255)) - client-FC58CAF12498->aeb608e6-131f-44e0-aa35-97c12a2f72a3: receive RaftClientReply:client-FC58CAF12498->aeb608e6-131f-44e0-aa35-97c12a2f72a3@group-3F41E8AD953A, cid=2752, SUCCESS, logIndex=0, commits[aeb608e6-131f-44e0-aa35-97c12a2f72a3:c4080, b6a0d396-0e26-402b-ac58-4f0615a4fad6:c4076, 8b17640a-2548-4323-bd97-ba3488877b23:c4076]
2019-08-20 11:35:52,619 INFO  client.GrpcClientProtocolClient (GrpcClientProtocolClient.java:onNext(255)) - client-FC58CAF12498->aeb608e6-131f-44e0-aa35-97c12a2f72a3: receive RaftClientReply:client-FC58CAF12498->aeb608e6-131f-44e0-aa35-97c12a2f72a3@group-3F41E8AD953A, cid=2753, SUCCESS, logIndex=4083, commits[aeb608e6-131f-44e0-aa35-97c12a2f72a3:c4083, b6a0d396-0e26-402b-ac58-4f0615a4fad6:c4082, 8b17640a-2548-4323-bd97-ba3488877b23:c4082]
2019-08-20 11:35:52,619 INFO  client.GrpcClientProtocolClient (GrpcClientProtocolClient.java:onNext(255)) - client-FC58CAF12498->aeb608e6-131f-44e0-aa35-97c12a2f72a3: receive RaftClientReply:client-FC58CAF12498->aeb608e6-131f-44e0-aa35-97c12a2f72a3@group-3F41E8AD953A, cid=2754, SUCCESS, logIndex=4084, commits[aeb608e6-131f-44e0-aa35-97c12a2f72a3:c4084, b6a0d396-0e26-402b-ac58-4f0615a4fad6:c4082, 8b17640a-2548-4323-bd97-ba3488877b23:c4082]
2019-08-20 11:35:52,637 INFO  client.GrpcClientProtocolClient (GrpcClientProtocolClient.java:onNext(255)) - client-FC58CAF12498->aeb608e6-131f-44e0-aa35-97c12a2f72a3: receive RaftClientReply:client-FC58CAF12498->aeb608e6-131f-44e0-aa35-97c12a2f72a3@group-3F41E8AD953A, cid=2755, SUCCESS, logIndex=4087, commits[aeb608e6-131f-44e0-aa35-97c12a2f72a3:c4088, b6a0d396-0e26-402b-ac58-4f0615a4fad6:c4086, 8b17640a-2548-4323-bd97-ba3488877b23:c4086]
2019-08-20 11:35:52,637 INFO  client.GrpcClientProtocolClient (GrpcClientProtocolClient.java:onNext(255)) - client-FC58CAF12498->aeb608e6-131f-44e0-aa35-97c12a2f72a3: receive RaftClientReply:client-FC58CAF12498->aeb608e6-131f-44e0-aa35-97c12a2f72a3@group-3F41E8AD953A, cid=2756, SUCCESS, logIndex=4088, commits[aeb608e6-131f-44e0-aa35-97c12a2f72a3:c4088, b6a0d396-0e26-402b-ac58-4f0615a4fad6:c4086, 8b17640a-2548-4323-bd97-ba3488877b23:c4086]
2019-08-20 11:35:52,651 INFO  client.GrpcClientProtocolClient (GrpcClientProtocolClient.java:onNext(255)) - client-FC58CAF12498->aeb608e6-131f-44e0-aa35-97c12a2f72a3: receive RaftClientReply:client-FC58CAF12498->aeb608e6-131f-44e0-aa35-97c12a2f72a3@group-3F41E8AD953A, cid=2757, SUCCESS, logIndex=0, commits[aeb608e6-131f-44e0-aa35-97c12a2f72a3:c4090, b6a0d396-0e26-402b-ac58-4f0615a4fad6:c4088, 8b17640a-2548-4323-bd97-ba3488877b23:c4088]
2019-08-20 11:35:52,669 INFO  client.GrpcClientProtocolClient (GrpcClientProtocolClient.java:onNext(255)) - client-FC58CAF12498->aeb608e6-131f-44e0-aa35-97c12a2f72a3: receive RaftClientReply:client-FC58CAF12498->aeb608e6-131f-44e0-aa35-97c12a2f72a3@group-3F41E8AD953A, cid=2758, SUCCESS, logIndex=4091, commits[aeb608e6-131f-44e0-aa35-97c12a2f72a3:c4094, b6a0d396-0e26-402b-ac58-4f0615a4fad6:c4090, 8b17640a-2548-4323-bd97-ba3488877b23:c4088]
2019-08-20 11:35:52,670 INFO  client.GrpcClientProtocolClient (GrpcClientProtocolClient.java:onNext(255)) - client-FC58CAF12498->aeb608e6-131f-44e0-aa35-97c12a2f72a3: receive RaftClientReply:client-FC58CAF12498->aeb608e6-131f-44e0-aa35-97c12a2f72a3@group-3F41E8AD953A, cid=2759, SUCCESS, logIndex=4092, commits[aeb608e6-131f-44e0-aa35-97c12a2f72a3:c4094, b6a0d396-0e26-402b-ac58-4f0615a4fad6:c4090, 8b17640a-2548-4323-bd97-ba3488877b23:c4090]
2019-08-20 11:35:52,670 INFO  client.GrpcClientProtocolClient (GrpcClientProtocolClient.java:onNext(255)) - client-FC58CAF12498->aeb608e6-131f-44e0-aa35-97c12a2f72a3: receive RaftClientReply:client-FC58CAF12498->aeb608e6-131f-44e0-aa35-97c12a2f72a3@group-3F41E8AD953A, cid=2760, SUCCESS, logIndex=4093, commits[aeb608e6-131f-44e0-aa35-97c12a2f72a3:c4094, b6a0d396-0e26-402b-ac58-4f0615a4fad6:c4090, 8b17640a-2548-4323-bd97-ba3488877b23:c4090]
2019-08-20 11:35:52,670 INFO  client.GrpcClientProtocolClient (GrpcClientProtocolClient.java:onNext(255)) - client-FC58CAF12498->aeb608e6-131f-44e0-aa35-97c12a2f72a3: receive RaftClientReply:client-FC58CAF12498->aeb608e6-131f-44e0-aa35-97c12a2f72a3@group-3F41E8AD953A, cid=2761, SUCCESS, logIndex=4094, commits[aeb608e6-131f-44e0-aa35-97c12a2f72a3:c4094, b6a0d396-0e26-402b-ac58-4f0615a4fad6:c4090, 8b17640a-2548-4323-bd97-ba3488877b23:c4090]
2019-08-20 11:35:52,672 INFO  client.GrpcClientProtocolClient (GrpcClientProtocolClient.java:onNext(255)) - client-FC58CAF12498->aeb608e6-131f-44e0-aa35-97c12a2f72a3: receive RaftClientReply:client-FC58CAF12498->aeb608e6-131f-44e0-aa35-97c12a2f72a3@group-3F41E8AD953A, cid=2762, SUCCESS, logIndex=0, commits[aeb608e6-131f-44e0-aa35-97c12a2f72a3:c4097, b6a0d396-0e26-402b-ac58-4f0615a4fad6:c4092, 8b17640a-2548-4323-bd97-ba3488877b23:c4094]
2019-08-20 11:35:52,690 INFO  client.GrpcClientProtocolClient (GrpcClientProtocolClient.java:onNext(255)) - client-FC58CAF12498->aeb608e6-131f-44e0-aa35-97c12a2f72a3: receive RaftClientReply:client-FC58CAF12498->aeb608e6-131f-44e0-aa35-97c12a2f72a3@group-3F41E8AD953A, cid=2763, SUCCESS, logIndex=4099, commits[aeb608e6-131f-44e0-aa35-97c12a2f72a3:c4100, b6a0d396-0e26-402b-ac58-4f0615a4fad6:c4094, 8b17640a-2548-4323-bd97-ba3488877b23:c4098]
2019-08-20 11:35:52,690 INFO  client.GrpcClientProtocolClient (GrpcClientProtocolClient.java:onNext(255)) - client-FC58CAF12498->aeb608e6-131f-44e0-aa35-97c12a2f72a3: receive RaftClientReply:client-FC58CAF12498->aeb608e6-131f-44e0-aa35-97c12a2f72a3@group-3F41E8AD953A, cid=2764, SUCCESS, logIndex=4100, commits[aeb608e6-131f-44e0-aa35-97c12a2f72a3:c4100, b6a0d396-0e26-402b-ac58-4f0615a4fad6:c4094, 8b17640a-2548-4323-bd97-ba3488877b23:c4098]
2019-08-20 11:35:52,710 INFO  client.GrpcClientProtocolClient (GrpcClientProtocolClient.java:onNext(255)) - client-FC58CAF12498->aeb608e6-131f-44e0-aa35-97c12a2f72a3: receive RaftClientReply:client-FC58CAF12498->aeb608e6-131f-44e0-aa35-97c12a2f72a3@group-3F41E8AD953A, cid=2765, SUCCESS, logIndex=4103, commits[aeb608e6-131f-44e0-aa35-97c12a2f72a3:c4104, b6a0d396-0e26-402b-ac58-4f0615a4fad6:c4100, 8b17640a-2548-4323-bd97-ba3488877b23:c4100]
2019-08-20 11:35:52,710 INFO  client.GrpcClientProtocolClient (GrpcClientProtocolClient.java:onNext(255)) - client-FC58CAF12498->aeb608e6-131f-44e0-aa35-97c12a2f72a3: receive RaftClientReply:client-FC58CAF12498->aeb608e6-131f-44e0-aa35-97c12a2f72a3@group-3F41E8AD953A, cid=2766, SUCCESS, logIndex=4104, commits[aeb608e6-131f-44e0-aa35-97c12a2f72a3:c4104, b6a0d396-0e26-402b-ac58-4f0615a4fad6:c4100, 8b17640a-2548-4323-bd97-ba3488877b23:c4100]
2019-08-20 11:35:52,714 INFO  client.GrpcClientProtocolClient (GrpcClientProtocolClient.java:onNext(255)) - client-FC58CAF12498->aeb608e6-131f-44e0-aa35-97c12a2f72a3: receive RaftClientReply:client-FC58CAF12498->aeb608e6-131f-44e0-aa35-97c12a2f72a3@group-3F41E8AD953A, cid=2767, SUCCESS, logIndex=0, commits[aeb608e6-131f-44e0-aa35-97c12a2f72a3:c4106, b6a0d396-0e26-402b-ac58-4f0615a4fad6:c4104, 8b17640a-2548-4323-bd97-ba3488877b23:c4104]
2019-08-20 11:35:52,739 INFO  client.GrpcClientProtocolClient (GrpcClientProtocolClient.java:onNext(255)) - client-FC58CAF12498->aeb608e6-131f-44e0-aa35-97c12a2f72a3: receive RaftClientReply:client-FC58CAF12498->aeb608e6-131f-44e0-aa35-97c12a2f72a3@group-3F41E8AD953A, cid=2768, SUCCESS, logIndex=4107, commits[aeb608e6-131f-44e0-aa35-97c12a2f72a3:c4108, b6a0d396-0e26-402b-ac58-4f0615a4fad6:c4106, 8b17640a-2548-4323-bd97-ba3488877b23:c4106]
2019-08-20 11:35:52,743 INFO  client.GrpcClientProtocolClient (GrpcClientProtocolClient.java:onNext(255)) - client-FC58CAF12498->aeb608e6-131f-44e0-aa35-97c12a2f72a3: receive RaftClientReply:client-FC58CAF12498->aeb608e6-131f-44e0-aa35-97c12a2f72a3@group-3F41E8AD953A, cid=2769, SUCCESS, logIndex=4108, commits[aeb608e6-131f-44e0-aa35-97c12a2f72a3:c4108, b6a0d396-0e26-402b-ac58-4f0615a4fad6:c4106, 8b17640a-2548-4323-bd97-ba3488877b23:c4106]
2019-08-20 11:35:52,744 INFO  client.GrpcClientProtocolClient (GrpcClientProtocolClient.java:onNext(255)) - client-FC58CAF12498->aeb608e6-131f-44e0-aa35-97c12a2f72a3: receive RaftClientReply:client-FC58CAF12498->aeb608e6-131f-44e0-aa35-97c12a2f72a3@group-3F41E8AD953A, cid=2770, SUCCESS, logIndex=4109, commits[aeb608e6-131f-44e0-aa35-97c12a2f72a3:c4110, b6a0d396-0e26-402b-ac58-4f0615a4fad6:c4106, 8b17640a-2548-4323-bd97-ba3488877b23:c4106]
2019-08-20 11:35:52,744 INFO  client.GrpcClientProtocolClient (GrpcClientProtocolClient.java:onNext(255)) - client-FC58CAF12498->aeb608e6-131f-44e0-aa35-97c12a2f72a3: receive RaftClientReply:client-FC58CAF12498->aeb608e6-131f-44e0-aa35-97c12a2f72a3@group-3F41E8AD953A, cid=2771, SUCCESS, logIndex=4110, commits[aeb608e6-131f-44e0-aa35-97c12a2f72a3:c4110, b6a0d396-0e26-402b-ac58-4f0615a4fad6:c4106, 8b17640a-2548-4323-bd97-ba3488877b23:c4106]
2019-08-20 11:35:52,745 INFO  client.GrpcClientProtocolClient (GrpcClientProtocolClient.java:onNext(255)) - client-FC58CAF12498->aeb608e6-131f-44e0-aa35-97c12a2f72a3: receive RaftClientReply:client-FC58CAF12498->aeb608e6-131f-44e0-aa35-97c12a2f72a3@group-3F41E8AD953A, cid=2772, SUCCESS, logIndex=0, commits[aeb608e6-131f-44e0-aa35-97c12a2f72a3:c4112, b6a0d396-0e26-402b-ac58-4f0615a4fad6:c4108, 8b17640a-2548-4323-bd97-ba3488877b23:c4108]
2019-08-20 11:35:52,871 INFO  client.GrpcClientProtocolClient (GrpcClientProtocolClient.java:onNext(255)) - client-FC58CAF12498->aeb608e6-131f-44e0-aa35-97c12a2f72a3: receive RaftClientReply:client-FC58CAF12498->aeb608e6-131f-44e0-aa35-97c12a2f72a3@group-3F41E8AD953A, cid=2773, SUCCESS, logIndex=4115, commits[aeb608e6-131f-44e0-aa35-97c12a2f72a3:c4116, b6a0d396-0e26-402b-ac58-4f0615a4fad6:c4114, 8b17640a-2548-4323-bd97-ba3488877b23:c4114]
2019-08-20 11:35:52,871 INFO  client.GrpcClientProtocolClient (GrpcClientProtocolClient.java:onNext(255)) - client-FC58CAF12498->aeb608e6-131f-44e0-aa35-97c12a2f72a3: receive RaftClientReply:client-FC58CAF12498->aeb608e6-131f-44e0-aa35-97c12a2f72a3@group-3F41E8AD953A, cid=2774, SUCCESS, logIndex=4116, commits[aeb608e6-131f-44e0-aa35-97c12a2f72a3:c4116, b6a0d396-0e26-402b-ac58-4f0615a4fad6:c4114, 8b17640a-2548-4323-bd97-ba3488877b23:c4114]
2019-08-20 11:35:52,885 INFO  client.GrpcClientProtocolClient (GrpcClientProtocolClient.java:onNext(255)) - client-FC58CAF12498->aeb608e6-131f-44e0-aa35-97c12a2f72a3: receive RaftClientReply:client-FC58CAF12498->aeb608e6-131f-44e0-aa35-97c12a2f72a3@group-3F41E8AD953A, cid=2775, SUCCESS, logIndex=4119, commits[aeb608e6-131f-44e0-aa35-97c12a2f72a3:c4119, b6a0d396-0e26-402b-ac58-4f0615a4fad6:c4116, 8b17640a-2548-4323-bd97-ba3488877b23:c4116]
2019-08-20 11:35:52,885 INFO  client.GrpcClientProtocolClient (GrpcClientProtocolClient.java:onNext(255)) - client-FC58CAF12498->aeb608e6-131f-44e0-aa35-97c12a2f72a3: receive RaftClientReply:client-FC58CAF12498->aeb608e6-131f-44e0-aa35-97c12a2f72a3@group-3F41E8AD953A, cid=2776, SUCCESS, logIndex=4120, commits[aeb608e6-131f-44e0-aa35-97c12a2f72a3:c4120, b6a0d396-0e26-402b-ac58-4f0615a4fad6:c4116, 8b17640a-2548-4323-bd97-ba3488877b23:c4116]
2019-08-20 11:35:52,908 INFO  client.GrpcClientProtocolClient (GrpcClientProtocolClient.java:onNext(255)) - client-FC58CAF12498->aeb608e6-131f-44e0-aa35-97c12a2f72a3: receive RaftClientReply:client-FC58CAF12498->aeb608e6-131f-44e0-aa35-97c12a2f72a3@group-3F41E8AD953A, cid=2777, SUCCESS, logIndex=0, commits[aeb608e6-131f-44e0-aa35-97c12a2f72a3:c4122, b6a0d396-0e26-402b-ac58-4f0615a4fad6:c4120, 8b17640a-2548-4323-bd97-ba3488877b23:c4120]
2019-08-20 11:35:52,934 INFO  client.GrpcClientProtocolClient (GrpcClientProtocolClient.java:onNext(255)) - client-FC58CAF12498->aeb608e6-131f-44e0-aa35-97c12a2f72a3: receive RaftClientReply:client-FC58CAF12498->aeb608e6-131f-44e0-aa35-97c12a2f72a3@group-3F41E8AD953A, cid=2778, SUCCESS, logIndex=4123, commits[aeb608e6-131f-44e0-aa35-97c12a2f72a3:c4124, b6a0d396-0e26-402b-ac58-4f0615a4fad6:c4122, 8b17640a-2548-4323-bd97-ba3488877b23:c4122]
2019-08-20 11:35:52,935 INFO  client.GrpcClientProtocolClient (GrpcClientProtocolClient.java:onNext(255)) - client-FC58CAF12498->aeb608e6-131f-44e0-aa35-97c12a2f72a3: receive RaftClientReply:client-FC58CAF12498->aeb608e6-131f-44e0-aa35-97c12a2f72a3@group-3F41E8AD953A, cid=2779, SUCCESS, logIndex=4124, commits[aeb608e6-131f-44e0-aa35-97c12a2f72a3:c4126, b6a0d396-0e26-402b-ac58-4f0615a4fad6:c4122, 8b17640a-2548-4323-bd97-ba3488877b23:c4122]
2019-08-20 11:35:52,935 INFO  client.GrpcClientProtocolClient (GrpcClientProtocolClient.java:onNext(255)) - client-FC58CAF12498->aeb608e6-131f-44e0-aa35-97c12a2f72a3: receive RaftClientReply:client-FC58CAF12498->aeb608e6-131f-44e0-aa35-97c12a2f72a3@group-3F41E8AD953A, cid=2780, SUCCESS, logIndex=4125, commits[aeb608e6-131f-44e0-aa35-97c12a2f72a3:c4126, b6a0d396-0e26-402b-ac58-4f0615a4fad6:c4122, 8b17640a-2548-4323-bd97-ba3488877b23:c4122]
2019-08-20 11:35:52,935 INFO  client.GrpcClientProtocolClient (GrpcClientProtocolClient.java:onNext(255)) - client-FC58CAF12498->aeb608e6-131f-44e0-aa35-97c12a2f72a3: receive RaftClientReply:client-FC58CAF12498->aeb608e6-131f-44e0-aa35-97c12a2f72a3@group-3F41E8AD953A, cid=2781, SUCCESS, logIndex=4126, commits[aeb608e6-131f-44e0-aa35-97c12a2f72a3:c4126, b6a0d396-0e26-402b-ac58-4f0615a4fad6:c4122, 8b17640a-2548-4323-bd97-ba3488877b23:c4122]
2019-08-20 11:35:52,948 INFO  client.GrpcClientProtocolClient (GrpcClientProtocolClient.java:onNext(255)) - client-FC58CAF12498->aeb608e6-131f-44e0-aa35-97c12a2f72a3: receive RaftClientReply:client-FC58CAF12498->aeb608e6-131f-44e0-aa35-97c12a2f72a3@group-3F41E8AD953A, cid=2782, SUCCESS, logIndex=0, commits[aeb608e6-131f-44e0-aa35-97c12a2f72a3:c4130, b6a0d396-0e26-402b-ac58-4f0615a4fad6:c4124, 8b17640a-2548-4323-bd97-ba3488877b23:c4126]
2019-08-20 11:35:52,968 INFO  client.GrpcClientProtocolClient (GrpcClientProtocolClient.java:onNext(255)) - client-FC58CAF12498->aeb608e6-131f-44e0-aa35-97c12a2f72a3: receive RaftClientReply:client-FC58CAF12498->aeb608e6-131f-44e0-aa35-97c12a2f72a3@group-3F41E8AD953A, cid=2783, SUCCESS, logIndex=4131, commits[aeb608e6-131f-44e0-aa35-97c12a2f72a3:c4132, b6a0d396-0e26-402b-ac58-4f0615a4fad6:c4130, 8b17640a-2548-4323-bd97-ba3488877b23:c4130]
2019-08-20 11:35:52,968 INFO  client.GrpcClientProtocolClient (GrpcClientProtocolClient.java:onNext(255)) - client-FC58CAF12498->aeb608e6-131f-44e0-aa35-97c12a2f72a3: receive RaftClientReply:client-FC58CAF12498->aeb608e6-131f-44e0-aa35-97c12a2f72a3@group-3F41E8AD953A, cid=2784, SUCCESS, logIndex=4132, commits[aeb608e6-131f-44e0-aa35-97c12a2f72a3:c4132, b6a0d396-0e26-402b-ac58-4f0615a4fad6:c4130, 8b17640a-2548-4323-bd97-ba3488877b23:c4130]
2019-08-20 11:35:52,990 INFO  client.GrpcClientProtocolClient (GrpcClientProtocolClient.java:onNext(255)) - client-FC58CAF12498->aeb608e6-131f-44e0-aa35-97c12a2f72a3: receive RaftClientReply:client-FC58CAF12498->aeb608e6-131f-44e0-aa35-97c12a2f72a3@group-3F41E8AD953A, cid=2785, SUCCESS, logIndex=4135, commits[aeb608e6-131f-44e0-aa35-97c12a2f72a3:c4136, b6a0d396-0e26-402b-ac58-4f0615a4fad6:c4132, 8b17640a-2548-4323-bd97-ba3488877b23:c4132]
2019-08-20 11:35:52,990 INFO  client.GrpcClientProtocolClient (GrpcClientProtocolClient.java:onNext(255)) - client-FC58CAF12498->aeb608e6-131f-44e0-aa35-97c12a2f72a3: receive RaftClientReply:client-FC58CAF12498->aeb608e6-131f-44e0-aa35-97c12a2f72a3@group-3F41E8AD953A, cid=2786, SUCCESS, logIndex=4136, commits[aeb608e6-131f-44e0-aa35-97c12a2f72a3:c4136, b6a0d396-0e26-402b-ac58-4f0615a4fad6:c4132, 8b17640a-2548-4323-bd97-ba3488877b23:c4132]
2019-08-20 11:35:53,004 INFO  client.GrpcClientProtocolClient (GrpcClientProtocolClient.java:onNext(255)) - client-FC58CAF12498->aeb608e6-131f-44e0-aa35-97c12a2f72a3: receive RaftClientReply:client-FC58CAF12498->aeb608e6-131f-44e0-aa35-97c12a2f72a3@group-3F41E8AD953A, cid=2787, SUCCESS, logIndex=0, commits[aeb608e6-131f-44e0-aa35-97c12a2f72a3:c4138, b6a0d396-0e26-402b-ac58-4f0615a4fad6:c4136, 8b17640a-2548-4323-bd97-ba3488877b23:c4136]
2019-08-20 11:35:53,030 INFO  client.GrpcClientProtocolClient (GrpcClientProtocolClient.java:onNext(255)) - client-FC58CAF12498->aeb608e6-131f-44e0-aa35-97c12a2f72a3: receive RaftClientReply:client-FC58CAF12498->aeb608e6-131f-44e0-aa35-97c12a2f72a3@group-3F41E8AD953A, cid=2788, SUCCESS, logIndex=4139, commits[aeb608e6-131f-44e0-aa35-97c12a2f72a3:c4140, b6a0d396-0e26-402b-ac58-4f0615a4fad6:c4138, 8b17640a-2548-4323-bd97-ba3488877b23:c4138]
2019-08-20 11:35:53,031 INFO  client.GrpcClientProtocolClient (GrpcClientProtocolClient.java:onNext(255)) - client-FC58CAF12498->aeb608e6-131f-44e0-aa35-97c12a2f72a3: receive RaftClientReply:client-FC58CAF12498->aeb608e6-131f-44e0-aa35-97c12a2f72a3@group-3F41E8AD953A, cid=2789, SUCCESS, logIndex=4140, commits[aeb608e6-131f-44e0-aa35-97c12a2f72a3:c4140, b6a0d396-0e26-402b-ac58-4f0615a4fad6:c4138, 8b17640a-2548-4323-bd97-ba3488877b23:c4138]
2019-08-20 11:35:53,031 INFO  client.GrpcClientProtocolClient (GrpcClientProtocolClient.java:onNext(255)) - client-FC58CAF12498->aeb608e6-131f-44e0-aa35-97c12a2f72a3: receive RaftClientReply:client-FC58CAF12498->aeb608e6-131f-44e0-aa35-97c12a2f72a3@group-3F41E8AD953A, cid=2790, SUCCESS, logIndex=4141, commits[aeb608e6-131f-44e0-aa35-97c12a2f72a3:c4142, b6a0d396-0e26-402b-ac58-4f0615a4fad6:c4138, 8b17640a-2548-4323-bd97-ba3488877b23:c4138]
2019-08-20 11:35:53,031 INFO  client.GrpcClientProtocolClient (GrpcClientProtocolClient.java:onNext(255)) - client-FC58CAF12498->aeb608e6-131f-44e0-aa35-97c12a2f72a3: receive RaftClientReply:client-FC58CAF12498->aeb608e6-131f-44e0-aa35-97c12a2f72a3@group-3F41E8AD953A, cid=2791, SUCCESS, logIndex=4142, commits[aeb608e6-131f-44e0-aa35-97c12a2f72a3:c4142, b6a0d396-0e26-402b-ac58-4f0615a4fad6:c4138, 8b17640a-2548-4323-bd97-ba3488877b23:c4138]
2019-08-20 11:35:53,045 INFO  client.GrpcClientProtocolClient (GrpcClientProtocolClient.java:onNext(255)) - client-FC58CAF12498->aeb608e6-131f-44e0-aa35-97c12a2f72a3: receive RaftClientReply:client-FC58CAF12498->aeb608e6-131f-44e0-aa35-97c12a2f72a3@group-3F41E8AD953A, cid=2792, SUCCESS, logIndex=0, commits[aeb608e6-131f-44e0-aa35-97c12a2f72a3:c4144, b6a0d396-0e26-402b-ac58-4f0615a4fad6:c4140, 8b17640a-2548-4323-bd97-ba3488877b23:c4140]
2019-08-20 11:35:53,062 INFO  client.GrpcClientProtocolClient (GrpcClientProtocolClient.java:onNext(255)) - client-FC58CAF12498->aeb608e6-131f-44e0-aa35-97c12a2f72a3: receive RaftClientReply:client-FC58CAF12498->aeb608e6-131f-44e0-aa35-97c12a2f72a3@group-3F41E8AD953A, cid=2793, SUCCESS, logIndex=4147, commits[aeb608e6-131f-44e0-aa35-97c12a2f72a3:c4148, b6a0d396-0e26-402b-ac58-4f0615a4fad6:c4146, 8b17640a-2548-4323-bd97-ba3488877b23:c4146]
2019-08-20 11:35:53,063 INFO  client.GrpcClientProtocolClient (GrpcClientProtocolClient.java:onNext(255)) - client-FC58CAF12498->aeb608e6-131f-44e0-aa35-97c12a2f72a3: receive RaftClientReply:client-FC58CAF12498->aeb608e6-131f-44e0-aa35-97c12a2f72a3@group-3F41E8AD953A, cid=2794, SUCCESS, logIndex=4148, commits[aeb608e6-131f-44e0-aa35-97c12a2f72a3:c4148, b6a0d396-0e26-402b-ac58-4f0615a4fad6:c4146, 8b17640a-2548-4323-bd97-ba3488877b23:c4146]
2019-08-20 11:35:53,077 INFO  client.GrpcClientProtocolClient (GrpcClientProtocolClient.java:onNext(255)) - client-FC58CAF12498->aeb608e6-131f-44e0-aa35-97c12a2f72a3: receive RaftClientReply:client-FC58CAF12498->aeb608e6-131f-44e0-aa35-97c12a2f72a3@group-3F41E8AD953A, cid=2795, SUCCESS, logIndex=4151, commits[aeb608e6-131f-44e0-aa35-97c12a2f72a3:c4151, b6a0d396-0e26-402b-ac58-4f0615a4fad6:c4148, 8b17640a-2548-4323-bd97-ba3488877b23:c4148]
2019-08-20 11:35:53,077 INFO  client.GrpcClientProtocolClient (GrpcClientProtocolClient.java:onNext(255)) - client-FC58CAF12498->aeb608e6-131f-44e0-aa35-97c12a2f72a3: receive RaftClientReply:client-FC58CAF12498->aeb608e6-131f-44e0-aa35-97c12a2f72a3@group-3F41E8AD953A, cid=2796, SUCCESS, logIndex=4152, commits[aeb608e6-131f-44e0-aa35-97c12a2f72a3:c4152, b6a0d396-0e26-402b-ac58-4f0615a4fad6:c4148, 8b17640a-2548-4323-bd97-ba3488877b23:c4148]
2019-08-20 11:35:53,091 INFO  client.GrpcClientProtocolClient (GrpcClientProtocolClient.java:onNext(255)) - client-FC58CAF12498->aeb608e6-131f-44e0-aa35-97c12a2f72a3: receive RaftClientReply:client-FC58CAF12498->aeb608e6-131f-44e0-aa35-97c12a2f72a3@group-3F41E8AD953A, cid=2797, SUCCESS, logIndex=0, commits[aeb608e6-131f-44e0-aa35-97c12a2f72a3:c4154, b6a0d396-0e26-402b-ac58-4f0615a4fad6:c4152, 8b17640a-2548-4323-bd97-ba3488877b23:c4152]
2019-08-20 11:35:53,116 INFO  client.GrpcClientProtocolClient (GrpcClientProtocolClient.java:onNext(255)) - client-FC58CAF12498->aeb608e6-131f-44e0-aa35-97c12a2f72a3: receive RaftClientReply:client-FC58CAF12498->aeb608e6-131f-44e0-aa35-97c12a2f72a3@group-3F41E8AD953A, cid=2798, SUCCESS, logIndex=4155, commits[aeb608e6-131f-44e0-aa35-97c12a2f72a3:c4156, b6a0d396-0e26-402b-ac58-4f0615a4fad6:c4154, 8b17640a-2548-4323-bd97-ba3488877b23:c4154]
2019-08-20 11:35:53,116 INFO  client.GrpcClientProtocolClient (GrpcClientProtocolClient.java:onNext(255)) - client-FC58CAF12498->aeb608e6-131f-44e0-aa35-97c12a2f72a3: receive RaftClientReply:client-FC58CAF12498->aeb608e6-131f-44e0-aa35-97c12a2f72a3@group-3F41E8AD953A, cid=2799, SUCCESS, logIndex=4156, commits[aeb608e6-131f-44e0-aa35-97c12a2f72a3:c4156, b6a0d396-0e26-402b-ac58-4f0615a4fad6:c4154, 8b17640a-2548-4323-bd97-ba3488877b23:c4154]
2019-08-20 11:35:53,117 INFO  client.GrpcClientProtocolClient (GrpcClientProtocolClient.java:onNext(255)) - client-FC58CAF12498->aeb608e6-131f-44e0-aa35-97c12a2f72a3: receive RaftClientReply:client-FC58CAF12498->aeb608e6-131f-44e0-aa35-97c12a2f72a3@group-3F41E8AD953A, cid=2800, SUCCESS, logIndex=4157, commits[aeb608e6-131f-44e0-aa35-97c12a2f72a3:c4158, b6a0d396-0e26-402b-ac58-4f0615a4fad6:c4154, 8b17640a-2548-4323-bd97-ba3488877b23:c4154]
2019-08-20 11:35:53,117 INFO  client.GrpcClientProtocolClient (GrpcClientProtocolClient.java:onNext(255)) - client-FC58CAF12498->aeb608e6-131f-44e0-aa35-97c12a2f72a3: receive RaftClientReply:client-FC58CAF12498->aeb608e6-131f-44e0-aa35-97c12a2f72a3@group-3F41E8AD953A, cid=2801, SUCCESS, logIndex=4158, commits[aeb608e6-131f-44e0-aa35-97c12a2f72a3:c4158, b6a0d396-0e26-402b-ac58-4f0615a4fad6:c4154, 8b17640a-2548-4323-bd97-ba3488877b23:c4154]
2019-08-20 11:35:53,120 INFO  client.GrpcClientProtocolClient (GrpcClientProtocolClient.java:onNext(255)) - client-FC58CAF12498->aeb608e6-131f-44e0-aa35-97c12a2f72a3: receive RaftClientReply:client-FC58CAF12498->aeb608e6-131f-44e0-aa35-97c12a2f72a3@group-3F41E8AD953A, cid=2802, SUCCESS, logIndex=0, commits[aeb608e6-131f-44e0-aa35-97c12a2f72a3:c4160, b6a0d396-0e26-402b-ac58-4f0615a4fad6:c4156, 8b17640a-2548-4323-bd97-ba3488877b23:c4156]
2019-08-20 11:35:53,131 INFO  client.GrpcClientProtocolClient (GrpcClientProtocolClient.java:onNext(255)) - client-FC58CAF12498->aeb608e6-131f-44e0-aa35-97c12a2f72a3: receive RaftClientReply:client-FC58CAF12498->aeb608e6-131f-44e0-aa35-97c12a2f72a3@group-3F41E8AD953A, cid=2803, SUCCESS, logIndex=4163, commits[aeb608e6-131f-44e0-aa35-97c12a2f72a3:c4164, b6a0d396-0e26-402b-ac58-4f0615a4fad6:c4162, 8b17640a-2548-4323-bd97-ba3488877b23:c4158]
2019-08-20 11:35:53,131 INFO  client.GrpcClientProtocolClient (GrpcClientProtocolClient.java:onNext(255)) - client-FC58CAF12498->aeb608e6-131f-44e0-aa35-97c12a2f72a3: receive RaftClientReply:client-FC58CAF12498->aeb608e6-131f-44e0-aa35-97c12a2f72a3@group-3F41E8AD953A, cid=2804, SUCCESS, logIndex=4164, commits[aeb608e6-131f-44e0-aa35-97c12a2f72a3:c4164, b6a0d396-0e26-402b-ac58-4f0615a4fad6:c4162, 8b17640a-2548-4323-bd97-ba3488877b23:c4162]
2019-08-20 11:35:53,149 INFO  client.GrpcClientProtocolClient (GrpcClientProtocolClient.java:onNext(255)) - client-FC58CAF12498->aeb608e6-131f-44e0-aa35-97c12a2f72a3: receive RaftClientReply:client-FC58CAF12498->aeb608e6-131f-44e0-aa35-97c12a2f72a3@group-3F41E8AD953A, cid=2805, SUCCESS, logIndex=4167, commits[aeb608e6-131f-44e0-aa35-97c12a2f72a3:c4168, b6a0d396-0e26-402b-ac58-4f0615a4fad6:c4166, 8b17640a-2548-4323-bd97-ba3488877b23:c4166]
2019-08-20 11:35:53,149 INFO  client.GrpcClientProtocolClient (GrpcClientProtocolClient.java:onNext(255)) - client-FC58CAF12498->aeb608e6-131f-44e0-aa35-97c12a2f72a3: receive RaftClientReply:client-FC58CAF12498->aeb608e6-131f-44e0-aa35-97c12a2f72a3@group-3F41E8AD953A, cid=2806, SUCCESS, logIndex=4168, commits[aeb608e6-131f-44e0-aa35-97c12a2f72a3:c4168, b6a0d396-0e26-402b-ac58-4f0615a4fad6:c4166, 8b17640a-2548-4323-bd97-ba3488877b23:c4166]
2019-08-20 11:35:53,163 INFO  client.GrpcClientProtocolClient (GrpcClientProtocolClient.java:onNext(255)) - client-FC58CAF12498->aeb608e6-131f-44e0-aa35-97c12a2f72a3: receive RaftClientReply:client-FC58CAF12498->aeb608e6-131f-44e0-aa35-97c12a2f72a3@group-3F41E8AD953A, cid=2807, SUCCESS, logIndex=0, commits[aeb608e6-131f-44e0-aa35-97c12a2f72a3:c4170, b6a0d396-0e26-402b-ac58-4f0615a4fad6:c4168, 8b17640a-2548-4323-bd97-ba3488877b23:c4168]
2019-08-20 11:35:53,194 INFO  client.GrpcClientProtocolClient (GrpcClientProtocolClient.java:onNext(255)) - client-FC58CAF12498->aeb608e6-131f-44e0-aa35-97c12a2f72a3: receive RaftClientReply:client-FC58CAF12498->aeb608e6-131f-44e0-aa35-97c12a2f72a3@group-3F41E8AD953A, cid=2808, SUCCESS, logIndex=4171, commits[aeb608e6-131f-44e0-aa35-97c12a2f72a3:c4172, b6a0d396-0e26-402b-ac58-4f0615a4fad6:c4170, 8b17640a-2548-4323-bd97-ba3488877b23:c4170]
2019-08-20 11:35:53,194 INFO  client.GrpcClientProtocolClient (GrpcClientProtocolClient.java:onNext(255)) - client-FC58CAF12498->aeb608e6-131f-44e0-aa35-97c12a2f72a3: receive RaftClientReply:client-FC58CAF12498->aeb608e6-131f-44e0-aa35-97c12a2f72a3@group-3F41E8AD953A, cid=2809, SUCCESS, logIndex=4172, commits[aeb608e6-131f-44e0-aa35-97c12a2f72a3:c4172, b6a0d396-0e26-402b-ac58-4f0615a4fad6:c4170, 8b17640a-2548-4323-bd97-ba3488877b23:c4170]
2019-08-20 11:35:53,204 INFO  client.GrpcClientProtocolClient (GrpcClientProtocolClient.java:onNext(255)) - client-FC58CAF12498->aeb608e6-131f-44e0-aa35-97c12a2f72a3: receive RaftClientReply:client-FC58CAF12498->aeb608e6-131f-44e0-aa35-97c12a2f72a3@group-3F41E8AD953A, cid=2810, SUCCESS, logIndex=4173, commits[aeb608e6-131f-44e0-aa35-97c12a2f72a3:c4174, b6a0d396-0e26-402b-ac58-4f0615a4fad6:c4170, 8b17640a-2548-4323-bd97-ba3488877b23:c4170]
2019-08-20 11:35:53,205 INFO  client.GrpcClientProtocolClient (GrpcClientProtocolClient.java:onNext(255)) - client-FC58CAF12498->aeb608e6-131f-44e0-aa35-97c12a2f72a3: receive RaftClientReply:client-FC58CAF12498->aeb608e6-131f-44e0-aa35-97c12a2f72a3@group-3F41E8AD953A, cid=2811, SUCCESS, logIndex=4174, commits[aeb608e6-131f-44e0-aa35-97c12a2f72a3:c4174, b6a0d396-0e26-402b-ac58-4f0615a4fad6:c4170, 8b17640a-2548-4323-bd97-ba3488877b23:c4170]
2019-08-20 11:35:53,216 INFO  client.GrpcClientProtocolClient (GrpcClientProtocolClient.java:onNext(255)) - client-FC58CAF12498->aeb608e6-131f-44e0-aa35-97c12a2f72a3: receive RaftClientReply:client-FC58CAF12498->aeb608e6-131f-44e0-aa35-97c12a2f72a3@group-3F41E8AD953A, cid=2812, SUCCESS, logIndex=0, commits[aeb608e6-131f-44e0-aa35-97c12a2f72a3:c4176, b6a0d396-0e26-402b-ac58-4f0615a4fad6:c4172, 8b17640a-2548-4323-bd97-ba3488877b23:c4172]
2019-08-20 11:35:53,246 INFO  client.GrpcClientProtocolClient (GrpcClientProtocolClient.java:onNext(255)) - client-FC58CAF12498->aeb608e6-131f-44e0-aa35-97c12a2f72a3: receive RaftClientReply:client-FC58CAF12498->aeb608e6-131f-44e0-aa35-97c12a2f72a3@group-3F41E8AD953A, cid=2813, SUCCESS, logIndex=4179, commits[aeb608e6-131f-44e0-aa35-97c12a2f72a3:c4180, b6a0d396-0e26-402b-ac58-4f0615a4fad6:c4176, 8b17640a-2548-4323-bd97-ba3488877b23:c4176]
2019-08-20 11:35:53,246 INFO  client.GrpcClientProtocolClient (GrpcClientProtocolClient.java:onNext(255)) - client-FC58CAF12498->aeb608e6-131f-44e0-aa35-97c12a2f72a3: receive RaftClientReply:client-FC58CAF12498->aeb608e6-131f-44e0-aa35-97c12a2f72a3@group-3F41E8AD953A, cid=2814, SUCCESS, logIndex=4180, commits[aeb608e6-131f-44e0-aa35-97c12a2f72a3:c4180, b6a0d396-0e26-402b-ac58-4f0615a4fad6:c4176, 8b17640a-2548-4323-bd97-ba3488877b23:c4176]
2019-08-20 11:35:53,273 INFO  client.GrpcClientProtocolClient (GrpcClientProtocolClient.java:onNext(255)) - client-FC58CAF12498->aeb608e6-131f-44e0-aa35-97c12a2f72a3: receive RaftClientReply:client-FC58CAF12498->aeb608e6-131f-44e0-aa35-97c12a2f72a3@group-3F41E8AD953A, cid=2815, SUCCESS, logIndex=4183, commits[aeb608e6-131f-44e0-aa35-97c12a2f72a3:c4183, b6a0d396-0e26-402b-ac58-4f0615a4fad6:c4180, 8b17640a-2548-4323-bd97-ba3488877b23:c4180]
2019-08-20 11:35:53,274 INFO  client.GrpcClientProtocolClient (GrpcClientProtocolClient.java:onNext(255)) - client-FC58CAF12498->aeb608e6-131f-44e0-aa35-97c12a2f72a3: receive RaftClientReply:client-FC58CAF12498->aeb608e6-131f-44e0-aa35-97c12a2f72a3@group-3F41E8AD953A, cid=2816, SUCCESS, logIndex=4184, commits[aeb608e6-131f-44e0-aa35-97c12a2f72a3:c4184, b6a0d396-0e26-402b-ac58-4f0615a4fad6:c4180, 8b17640a-2548-4323-bd97-ba3488877b23:c4180]
2019-08-20 11:35:53,298 INFO  client.GrpcClientProtocolClient (GrpcClientProtocolClient.java:onNext(255)) - client-FC58CAF12498->aeb608e6-131f-44e0-aa35-97c12a2f72a3: receive RaftClientReply:client-FC58CAF12498->aeb608e6-131f-44e0-aa35-97c12a2f72a3@group-3F41E8AD953A, cid=2817, SUCCESS, logIndex=0, commits[aeb608e6-131f-44e0-aa35-97c12a2f72a3:c4186, b6a0d396-0e26-402b-ac58-4f0615a4fad6:c4184, 8b17640a-2548-4323-bd97-ba3488877b23:c4184]
2019-08-20 11:35:53,325 INFO  client.GrpcClientProtocolClient (GrpcClientProtocolClient.java:onNext(255)) - client-FC58CAF12498->aeb608e6-131f-44e0-aa35-97c12a2f72a3: receive RaftClientReply:client-FC58CAF12498->aeb608e6-131f-44e0-aa35-97c12a2f72a3@group-3F41E8AD953A, cid=2818, SUCCESS, logIndex=4187, commits[aeb608e6-131f-44e0-aa35-97c12a2f72a3:c4189, b6a0d396-0e26-402b-ac58-4f0615a4fad6:c4186, 8b17640a-2548-4323-bd97-ba3488877b23:c4186]
2019-08-20 11:35:53,326 INFO  client.GrpcClientProtocolClient (GrpcClientProtocolClient.java:onNext(255)) - client-FC58CAF12498->aeb608e6-131f-44e0-aa35-97c12a2f72a3: receive RaftClientReply:client-FC58CAF12498->aeb608e6-131f-44e0-aa35-97c12a2f72a3@group-3F41E8AD953A, cid=2819, SUCCESS, logIndex=4188, commits[aeb608e6-131f-44e0-aa35-97c12a2f72a3:c4190, b6a0d396-0e26-402b-ac58-4f0615a4fad6:c4186, 8b17640a-2548-4323-bd97-ba3488877b23:c4186]
2019-08-20 11:35:53,326 INFO  client.GrpcClientProtocolClient (GrpcClientProtocolClient.java:onNext(255)) - client-FC58CAF12498->aeb608e6-131f-44e0-aa35-97c12a2f72a3: receive RaftClientReply:client-FC58CAF12498->aeb608e6-131f-44e0-aa35-97c12a2f72a3@group-3F41E8AD953A, cid=2820, SUCCESS, logIndex=4189, commits[aeb608e6-131f-44e0-aa35-97c12a2f72a3:c4190, b6a0d396-0e26-402b-ac58-4f0615a4fad6:c4186, 8b17640a-2548-4323-bd97-ba3488877b23:c4186]
2019-08-20 11:35:53,326 INFO  client.GrpcClientProtocolClient (GrpcClientProtocolClient.java:onNext(255)) - client-FC58CAF12498->aeb608e6-131f-44e0-aa35-97c12a2f72a3: receive RaftClientReply:client-FC58CAF12498->aeb608e6-131f-44e0-aa35-97c12a2f72a3@group-3F41E8AD953A, cid=2821, SUCCESS, logIndex=4190, commits[aeb608e6-131f-44e0-aa35-97c12a2f72a3:c4190, b6a0d396-0e26-402b-ac58-4f0615a4fad6:c4186, 8b17640a-2548-4323-bd97-ba3488877b23:c4186]
2019-08-20 11:35:53,350 INFO  client.GrpcClientProtocolClient (GrpcClientProtocolClient.java:onNext(255)) - client-FC58CAF12498->aeb608e6-131f-44e0-aa35-97c12a2f72a3: receive RaftClientReply:client-FC58CAF12498->aeb608e6-131f-44e0-aa35-97c12a2f72a3@group-3F41E8AD953A, cid=2822, SUCCESS, logIndex=0, commits[aeb608e6-131f-44e0-aa35-97c12a2f72a3:c4192, b6a0d396-0e26-402b-ac58-4f0615a4fad6:c4188, 8b17640a-2548-4323-bd97-ba3488877b23:c4188]
2019-08-20 11:35:53,368 INFO  client.GrpcClientProtocolClient (GrpcClientProtocolClient.java:onNext(255)) - client-FC58CAF12498->aeb608e6-131f-44e0-aa35-97c12a2f72a3: receive RaftClientReply:client-FC58CAF12498->aeb608e6-131f-44e0-aa35-97c12a2f72a3@group-3F41E8AD953A, cid=2823, SUCCESS, logIndex=4195, commits[aeb608e6-131f-44e0-aa35-97c12a2f72a3:c4196, b6a0d396-0e26-402b-ac58-4f0615a4fad6:c4194, 8b17640a-2548-4323-bd97-ba3488877b23:c4194]
2019-08-20 11:35:53,369 INFO  client.GrpcClientProtocolClient (GrpcClientProtocolClient.java:onNext(255)) - client-FC58CAF12498->aeb608e6-131f-44e0-aa35-97c12a2f72a3: receive RaftClientReply:client-FC58CAF12498->aeb608e6-131f-44e0-aa35-97c12a2f72a3@group-3F41E8AD953A, cid=2824, SUCCESS, logIndex=4196, commits[aeb608e6-131f-44e0-aa35-97c12a2f72a3:c4196, b6a0d396-0e26-402b-ac58-4f0615a4fad6:c4194, 8b17640a-2548-4323-bd97-ba3488877b23:c4194]
2019-08-20 11:35:53,383 INFO  client.GrpcClientProtocolClient (GrpcClientProtocolClient.java:onNext(255)) - client-FC58CAF12498->aeb608e6-131f-44e0-aa35-97c12a2f72a3: receive RaftClientReply:client-FC58CAF12498->aeb608e6-131f-44e0-aa35-97c12a2f72a3@group-3F41E8AD953A, cid=2825, SUCCESS, logIndex=4199, commits[aeb608e6-131f-44e0-aa35-97c12a2f72a3:c4200, b6a0d396-0e26-402b-ac58-4f0615a4fad6:c4196, 8b17640a-2548-4323-bd97-ba3488877b23:c4196]
2019-08-20 11:35:53,383 INFO  client.GrpcClientProtocolClient (GrpcClientProtocolClient.java:onNext(255)) - client-FC58CAF12498->aeb608e6-131f-44e0-aa35-97c12a2f72a3: receive RaftClientReply:client-FC58CAF12498->aeb608e6-131f-44e0-aa35-97c12a2f72a3@group-3F41E8AD953A, cid=2826, SUCCESS, logIndex=4200, commits[aeb608e6-131f-44e0-aa35-97c12a2f72a3:c4200, b6a0d396-0e26-402b-ac58-4f0615a4fad6:c4196, 8b17640a-2548-4323-bd97-ba3488877b23:c4196]
2019-08-20 11:35:53,394 INFO  client.GrpcClientProtocolClient (GrpcClientProtocolClient.java:onNext(255)) - client-FC58CAF12498->aeb608e6-131f-44e0-aa35-97c12a2f72a3: receive RaftClientReply:client-FC58CAF12498->aeb608e6-131f-44e0-aa35-97c12a2f72a3@group-3F41E8AD953A, cid=2827, SUCCESS, logIndex=0, commits[aeb608e6-131f-44e0-aa35-97c12a2f72a3:c4201, b6a0d396-0e26-402b-ac58-4f0615a4fad6:c4200, 8b17640a-2548-4323-bd97-ba3488877b23:c4200]
2019-08-20 11:35:53,421 INFO  client.GrpcClientProtocolClient (GrpcClientProtocolClient.java:onNext(255)) - client-FC58CAF12498->aeb608e6-131f-44e0-aa35-97c12a2f72a3: receive RaftClientReply:client-FC58CAF12498->aeb608e6-131f-44e0-aa35-97c12a2f72a3@group-3F41E8AD953A, cid=2828, SUCCESS, logIndex=4203, commits[aeb608e6-131f-44e0-aa35-97c12a2f72a3:c4204, b6a0d396-0e26-402b-ac58-4f0615a4fad6:c4202, 8b17640a-2548-4323-bd97-ba3488877b23:c4202]
2019-08-20 11:35:53,421 INFO  client.GrpcClientProtocolClient (GrpcClientProtocolClient.java:onNext(255)) - client-FC58CAF12498->aeb608e6-131f-44e0-aa35-97c12a2f72a3: receive RaftClientReply:client-FC58CAF12498->aeb608e6-131f-44e0-aa35-97c12a2f72a3@group-3F41E8AD953A, cid=2829, SUCCESS, logIndex=4204, commits[aeb608e6-131f-44e0-aa35-97c12a2f72a3:c4206, b6a0d396-0e26-402b-ac58-4f0615a4fad6:c4202, 8b17640a-2548-4323-bd97-ba3488877b23:c4202]
2019-08-20 11:35:53,422 INFO  client.GrpcClientProtocolClient (GrpcClientProtocolClient.java:onNext(255)) - client-FC58CAF12498->aeb608e6-131f-44e0-aa35-97c12a2f72a3: receive RaftClientReply:client-FC58CAF12498->aeb608e6-131f-44e0-aa35-97c12a2f72a3@group-3F41E8AD953A, cid=2830, SUCCESS, logIndex=4205, commits[aeb608e6-131f-44e0-aa35-97c12a2f72a3:c4206, b6a0d396-0e26-402b-ac58-4f0615a4fad6:c4202, 8b17640a-2548-4323-bd97-ba3488877b23:c4202]
2019-08-20 11:35:53,422 INFO  client.GrpcClientProtocolClient (GrpcClientProtocolClient.java:onNext(255)) - client-FC58CAF12498->aeb608e6-131f-44e0-aa35-97c12a2f72a3: receive RaftClientReply:client-FC58CAF12498->aeb608e6-131f-44e0-aa35-97c12a2f72a3@group-3F41E8AD953A, cid=2831, SUCCESS, logIndex=4206, commits[aeb608e6-131f-44e0-aa35-97c12a2f72a3:c4206, b6a0d396-0e26-402b-ac58-4f0615a4fad6:c4202, 8b17640a-2548-4323-bd97-ba3488877b23:c4202]
2019-08-20 11:35:53,435 INFO  client.GrpcClientProtocolClient (GrpcClientProtocolClient.java:onNext(255)) - client-FC58CAF12498->aeb608e6-131f-44e0-aa35-97c12a2f72a3: receive RaftClientReply:client-FC58CAF12498->aeb608e6-131f-44e0-aa35-97c12a2f72a3@group-3F41E8AD953A, cid=2832, SUCCESS, logIndex=0, commits[aeb608e6-131f-44e0-aa35-97c12a2f72a3:c4210, b6a0d396-0e26-402b-ac58-4f0615a4fad6:c4204, 8b17640a-2548-4323-bd97-ba3488877b23:c4206]
2019-08-20 11:35:53,453 INFO  client.GrpcClientProtocolClient (GrpcClientProtocolClient.java:onNext(255)) - client-FC58CAF12498->aeb608e6-131f-44e0-aa35-97c12a2f72a3: receive RaftClientReply:client-FC58CAF12498->aeb608e6-131f-44e0-aa35-97c12a2f72a3@group-3F41E8AD953A, cid=2833, SUCCESS, logIndex=4211, commits[aeb608e6-131f-44e0-aa35-97c12a2f72a3:c4212, b6a0d396-0e26-402b-ac58-4f0615a4fad6:c4210, 8b17640a-2548-4323-bd97-ba3488877b23:c4210]
2019-08-20 11:35:53,453 INFO  client.GrpcClientProtocolClient (GrpcClientProtocolClient.java:onNext(255)) - client-FC58CAF12498->aeb608e6-131f-44e0-aa35-97c12a2f72a3: receive RaftClientReply:client-FC58CAF12498->aeb608e6-131f-44e0-aa35-97c12a2f72a3@group-3F41E8AD953A, cid=2834, SUCCESS, logIndex=4212, commits[aeb608e6-131f-44e0-aa35-97c12a2f72a3:c4212, b6a0d396-0e26-402b-ac58-4f0615a4fad6:c4210, 8b17640a-2548-4323-bd97-ba3488877b23:c4210]
 0.00% |█                                                                                                    |  0/1 Time: 0:00:272019-08-20 11:35:53,466 INFO  client.GrpcClientProtocolClient (GrpcClientProtocolClient.java:onNext(255)) - client-FC58CAF12498->aeb608e6-131f-44e0-aa35-97c12a2f72a3: receive RaftClientReply:client-FC58CAF12498->aeb608e6-131f-44e0-aa35-97c12a2f72a3@group-3F41E8AD953A, cid=2835, SUCCESS, logIndex=4215, commits[aeb608e6-131f-44e0-aa35-97c12a2f72a3:c4216, b6a0d396-0e26-402b-ac58-4f0615a4fad6:c4212, 8b17640a-2548-4323-bd97-ba3488877b23:c4212]
2019-08-20 11:35:53,466 INFO  client.GrpcClientProtocolClient (GrpcClientProtocolClient.java:onNext(255)) - client-FC58CAF12498->aeb608e6-131f-44e0-aa35-97c12a2f72a3: receive RaftClientReply:client-FC58CAF12498->aeb608e6-131f-44e0-aa35-97c12a2f72a3@group-3F41E8AD953A, cid=2836, SUCCESS, logIndex=4216, commits[aeb608e6-131f-44e0-aa35-97c12a2f72a3:c4216, b6a0d396-0e26-402b-ac58-4f0615a4fad6:c4212, 8b17640a-2548-4323-bd97-ba3488877b23:c4212]
2019-08-20 11:35:53,471 INFO  client.GrpcClientProtocolClient (GrpcClientProtocolClient.java:onNext(255)) - client-FC58CAF12498->aeb608e6-131f-44e0-aa35-97c12a2f72a3: receive RaftClientReply:client-FC58CAF12498->aeb608e6-131f-44e0-aa35-97c12a2f72a3@group-3F41E8AD953A, cid=2837, SUCCESS, logIndex=0, commits[aeb608e6-131f-44e0-aa35-97c12a2f72a3:c4217, b6a0d396-0e26-402b-ac58-4f0615a4fad6:c4216, 8b17640a-2548-4323-bd97-ba3488877b23:c4216]
2019-08-20 11:35:53,497 INFO  client.GrpcClientProtocolClient (GrpcClientProtocolClient.java:onNext(255)) - client-FC58CAF12498->aeb608e6-131f-44e0-aa35-97c12a2f72a3: receive RaftClientReply:client-FC58CAF12498->aeb608e6-131f-44e0-aa35-97c12a2f72a3@group-3F41E8AD953A, cid=2838, SUCCESS, logIndex=4219, commits[aeb608e6-131f-44e0-aa35-97c12a2f72a3:c4220, b6a0d396-0e26-402b-ac58-4f0615a4fad6:c4216, 8b17640a-2548-4323-bd97-ba3488877b23:c4218]
2019-08-20 11:35:53,498 INFO  client.GrpcClientProtocolClient (GrpcClientProtocolClient.java:onNext(255)) - client-FC58CAF12498->aeb608e6-131f-44e0-aa35-97c12a2f72a3: receive RaftClientReply:client-FC58CAF12498->aeb608e6-131f-44e0-aa35-97c12a2f72a3@group-3F41E8AD953A, cid=2839, SUCCESS, logIndex=4220, commits[aeb608e6-131f-44e0-aa35-97c12a2f72a3:c4220, b6a0d396-0e26-402b-ac58-4f0615a4fad6:c4216, 8b17640a-2548-4323-bd97-ba3488877b23:c4218]
2019-08-20 11:35:53,499 INFO  client.GrpcClientProtocolClient (GrpcClientProtocolClient.java:onNext(255)) - client-FC58CAF12498->aeb608e6-131f-44e0-aa35-97c12a2f72a3: receive RaftClientReply:client-FC58CAF12498->aeb608e6-131f-44e0-aa35-97c12a2f72a3@group-3F41E8AD953A, cid=2840, SUCCESS, logIndex=4221, commits[aeb608e6-131f-44e0-aa35-97c12a2f72a3:c4224, b6a0d396-0e26-402b-ac58-4f0615a4fad6:c4220, 8b17640a-2548-4323-bd97-ba3488877b23:c4218]
2019-08-20 11:35:53,500 INFO  client.GrpcClientProtocolClient (GrpcClientProtocolClient.java:onNext(255)) - client-FC58CAF12498->aeb608e6-131f-44e0-aa35-97c12a2f72a3: receive RaftClientReply:client-FC58CAF12498->aeb608e6-131f-44e0-aa35-97c12a2f72a3@group-3F41E8AD953A, cid=2841, SUCCESS, logIndex=4222, commits[aeb608e6-131f-44e0-aa35-97c12a2f72a3:c4224, b6a0d396-0e26-402b-ac58-4f0615a4fad6:c4220, 8b17640a-2548-4323-bd97-ba3488877b23:c4218]
2019-08-20 11:35:53,501 INFO  client.GrpcClientProtocolClient (GrpcClientProtocolClient.java:onNext(255)) - client-FC58CAF12498->aeb608e6-131f-44e0-aa35-97c12a2f72a3: receive RaftClientReply:client-FC58CAF12498->aeb608e6-131f-44e0-aa35-97c12a2f72a3@group-3F41E8AD953A, cid=2842, SUCCESS, logIndex=0, commits[aeb608e6-131f-44e0-aa35-97c12a2f72a3:c4226, b6a0d396-0e26-402b-ac58-4f0615a4fad6:c4222, 8b17640a-2548-4323-bd97-ba3488877b23:c4220]
2019-08-20 11:35:53,522 INFO  client.GrpcClientProtocolClient (GrpcClientProtocolClient.java:onNext(255)) - client-FC58CAF12498->aeb608e6-131f-44e0-aa35-97c12a2f72a3: receive RaftClientReply:client-FC58CAF12498->aeb608e6-131f-44e0-aa35-97c12a2f72a3@group-3F41E8AD953A, cid=2843, SUCCESS, logIndex=4227, commits[aeb608e6-131f-44e0-aa35-97c12a2f72a3:c4228, b6a0d396-0e26-402b-ac58-4f0615a4fad6:c4222, 8b17640a-2548-4323-bd97-ba3488877b23:c4226]
2019-08-20 11:35:53,522 INFO  client.GrpcClientProtocolClient (GrpcClientProtocolClient.java:onNext(255)) - client-FC58CAF12498->aeb608e6-131f-44e0-aa35-97c12a2f72a3: receive RaftClientReply:client-FC58CAF12498->aeb608e6-131f-44e0-aa35-97c12a2f72a3@group-3F41E8AD953A, cid=2844, SUCCESS, logIndex=4228, commits[aeb608e6-131f-44e0-aa35-97c12a2f72a3:c4228, b6a0d396-0e26-402b-ac58-4f0615a4fad6:c4226, 8b17640a-2548-4323-bd97-ba3488877b23:c4226]
2019-08-20 11:35:53,544 INFO  client.GrpcClientProtocolClient (GrpcClientProtocolClient.java:onNext(255)) - client-FC58CAF12498->aeb608e6-131f-44e0-aa35-97c12a2f72a3: receive RaftClientReply:client-FC58CAF12498->aeb608e6-131f-44e0-aa35-97c12a2f72a3@group-3F41E8AD953A, cid=2845, SUCCESS, logIndex=4231, commits[aeb608e6-131f-44e0-aa35-97c12a2f72a3:c4231, b6a0d396-0e26-402b-ac58-4f0615a4fad6:c4228, 8b17640a-2548-4323-bd97-ba3488877b23:c4228]
2019-08-20 11:35:53,544 INFO  client.GrpcClientProtocolClient (GrpcClientProtocolClient.java:onNext(255)) - client-FC58CAF12498->aeb608e6-131f-44e0-aa35-97c12a2f72a3: receive RaftClientReply:client-FC58CAF12498->aeb608e6-131f-44e0-aa35-97c12a2f72a3@group-3F41E8AD953A, cid=2846, SUCCESS, logIndex=4232, commits[aeb608e6-131f-44e0-aa35-97c12a2f72a3:c4232, b6a0d396-0e26-402b-ac58-4f0615a4fad6:c4228, 8b17640a-2548-4323-bd97-ba3488877b23:c4228]
2019-08-20 11:35:53,569 INFO  client.GrpcClientProtocolClient (GrpcClientProtocolClient.java:onNext(255)) - client-FC58CAF12498->aeb608e6-131f-44e0-aa35-97c12a2f72a3: receive RaftClientReply:client-FC58CAF12498->aeb608e6-131f-44e0-aa35-97c12a2f72a3@group-3F41E8AD953A, cid=2847, SUCCESS, logIndex=0, commits[aeb608e6-131f-44e0-aa35-97c12a2f72a3:c4234, b6a0d396-0e26-402b-ac58-4f0615a4fad6:c4232, 8b17640a-2548-4323-bd97-ba3488877b23:c4232]
2019-08-20 11:35:53,596 INFO  client.GrpcClientProtocolClient (GrpcClientProtocolClient.java:onNext(255)) - client-FC58CAF12498->aeb608e6-131f-44e0-aa35-97c12a2f72a3: receive RaftClientReply:client-FC58CAF12498->aeb608e6-131f-44e0-aa35-97c12a2f72a3@group-3F41E8AD953A, cid=2848, SUCCESS, logIndex=4235, commits[aeb608e6-131f-44e0-aa35-97c12a2f72a3:c4236, b6a0d396-0e26-402b-ac58-4f0615a4fad6:c4234, 8b17640a-2548-4323-bd97-ba3488877b23:c4234]
2019-08-20 11:35:53,596 INFO  client.GrpcClientProtocolClient (GrpcClientProtocolClient.java:onNext(255)) - client-FC58CAF12498->aeb608e6-131f-44e0-aa35-97c12a2f72a3: receive RaftClientReply:client-FC58CAF12498->aeb608e6-131f-44e0-aa35-97c12a2f72a3@group-3F41E8AD953A, cid=2849, SUCCESS, logIndex=4236, commits[aeb608e6-131f-44e0-aa35-97c12a2f72a3:c4236, b6a0d396-0e26-402b-ac58-4f0615a4fad6:c4234, 8b17640a-2548-4323-bd97-ba3488877b23:c4234]
2019-08-20 11:35:53,597 INFO  client.GrpcClientProtocolClient (GrpcClientProtocolClient.java:onNext(255)) - client-FC58CAF12498->aeb608e6-131f-44e0-aa35-97c12a2f72a3: receive RaftClientReply:client-FC58CAF12498->aeb608e6-131f-44e0-aa35-97c12a2f72a3@group-3F41E8AD953A, cid=2850, SUCCESS, logIndex=4237, commits[aeb608e6-131f-44e0-aa35-97c12a2f72a3:c4238, b6a0d396-0e26-402b-ac58-4f0615a4fad6:c4234, 8b17640a-2548-4323-bd97-ba3488877b23:c4234]
2019-08-20 11:35:53,597 INFO  client.GrpcClientProtocolClient (GrpcClientProtocolClient.java:onNext(255)) - client-FC58CAF12498->aeb608e6-131f-44e0-aa35-97c12a2f72a3: receive RaftClientReply:client-FC58CAF12498->aeb608e6-131f-44e0-aa35-97c12a2f72a3@group-3F41E8AD953A, cid=2851, SUCCESS, logIndex=4238, commits[aeb608e6-131f-44e0-aa35-97c12a2f72a3:c4238, b6a0d396-0e26-402b-ac58-4f0615a4fad6:c4234, 8b17640a-2548-4323-bd97-ba3488877b23:c4234]
2019-08-20 11:35:53,607 INFO  client.GrpcClientProtocolClient (GrpcClientProtocolClient.java:onNext(255)) - client-FC58CAF12498->aeb608e6-131f-44e0-aa35-97c12a2f72a3: receive RaftClientReply:client-FC58CAF12498->aeb608e6-131f-44e0-aa35-97c12a2f72a3@group-3F41E8AD953A, cid=2852, SUCCESS, logIndex=0, commits[aeb608e6-131f-44e0-aa35-97c12a2f72a3:c4240, b6a0d396-0e26-402b-ac58-4f0615a4fad6:c4236, 8b17640a-2548-4323-bd97-ba3488877b23:c4236]
2019-08-20 11:35:53,619 INFO  client.GrpcClientProtocolClient (GrpcClientProtocolClient.java:onNext(255)) - client-FC58CAF12498->aeb608e6-131f-44e0-aa35-97c12a2f72a3: receive RaftClientReply:client-FC58CAF12498->aeb608e6-131f-44e0-aa35-97c12a2f72a3@group-3F41E8AD953A, cid=2853, SUCCESS, logIndex=4243, commits[aeb608e6-131f-44e0-aa35-97c12a2f72a3:c4244, b6a0d396-0e26-402b-ac58-4f0615a4fad6:c4242, 8b17640a-2548-4323-bd97-ba3488877b23:c4238]
2019-08-20 11:35:53,619 INFO  client.GrpcClientProtocolClient (GrpcClientProtocolClient.java:onNext(255)) - client-FC58CAF12498->aeb608e6-131f-44e0-aa35-97c12a2f72a3: receive RaftClientReply:client-FC58CAF12498->aeb608e6-131f-44e0-aa35-97c12a2f72a3@group-3F41E8AD953A, cid=2854, SUCCESS, logIndex=4244, commits[aeb608e6-131f-44e0-aa35-97c12a2f72a3:c4244, b6a0d396-0e26-402b-ac58-4f0615a4fad6:c4242, 8b17640a-2548-4323-bd97-ba3488877b23:c4242]
2019-08-20 11:35:53,645 INFO  client.GrpcClientProtocolClient (GrpcClientProtocolClient.java:onNext(255)) - client-FC58CAF12498->aeb608e6-131f-44e0-aa35-97c12a2f72a3: receive RaftClientReply:client-FC58CAF12498->aeb608e6-131f-44e0-aa35-97c12a2f72a3@group-3F41E8AD953A, cid=2855, SUCCESS, logIndex=4247, commits[aeb608e6-131f-44e0-aa35-97c12a2f72a3:c4248, b6a0d396-0e26-402b-ac58-4f0615a4fad6:c4244, 8b17640a-2548-4323-bd97-ba3488877b23:c4245]
2019-08-20 11:35:53,646 INFO  client.GrpcClientProtocolClient (GrpcClientProtocolClient.java:onNext(255)) - client-FC58CAF12498->aeb608e6-131f-44e0-aa35-97c12a2f72a3: receive RaftClientReply:client-FC58CAF12498->aeb608e6-131f-44e0-aa35-97c12a2f72a3@group-3F41E8AD953A, cid=2856, SUCCESS, logIndex=4248, commits[aeb608e6-131f-44e0-aa35-97c12a2f72a3:c4248, b6a0d396-0e26-402b-ac58-4f0615a4fad6:c4244, 8b17640a-2548-4323-bd97-ba3488877b23:c4245]
2019-08-20 11:35:53,659 INFO  client.GrpcClientProtocolClient (GrpcClientProtocolClient.java:onNext(255)) - client-FC58CAF12498->aeb608e6-131f-44e0-aa35-97c12a2f72a3: receive RaftClientReply:client-FC58CAF12498->aeb608e6-131f-44e0-aa35-97c12a2f72a3@group-3F41E8AD953A, cid=2857, SUCCESS, logIndex=0, commits[aeb608e6-131f-44e0-aa35-97c12a2f72a3:c4249, b6a0d396-0e26-402b-ac58-4f0615a4fad6:c4248, 8b17640a-2548-4323-bd97-ba3488877b23:c4248]
2019-08-20 11:35:53,790 INFO  client.GrpcClientProtocolClient (GrpcClientProtocolClient.java:onNext(255)) - client-FC58CAF12498->aeb608e6-131f-44e0-aa35-97c12a2f72a3: receive RaftClientReply:client-FC58CAF12498->aeb608e6-131f-44e0-aa35-97c12a2f72a3@group-3F41E8AD953A, cid=2858, SUCCESS, logIndex=4250, commits[aeb608e6-131f-44e0-aa35-97c12a2f72a3:c4251, b6a0d396-0e26-402b-ac58-4f0615a4fad6:c4249, 8b17640a-2548-4323-bd97-ba3488877b23:c4249]
2019-08-20 11:35:53,790 INFO  client.GrpcClientProtocolClient (GrpcClientProtocolClient.java:onNext(255)) - client-FC58CAF12498->aeb608e6-131f-44e0-aa35-97c12a2f72a3: receive RaftClientReply:client-FC58CAF12498->aeb608e6-131f-44e0-aa35-97c12a2f72a3@group-3F41E8AD953A, cid=2859, SUCCESS, logIndex=4251, commits[aeb608e6-131f-44e0-aa35-97c12a2f72a3:c4254, b6a0d396-0e26-402b-ac58-4f0615a4fad6:c4249, 8b17640a-2548-4323-bd97-ba3488877b23:c4250]
2019-08-20 11:35:53,790 INFO  client.GrpcClientProtocolClient (GrpcClientProtocolClient.java:onNext(255)) - client-FC58CAF12498->aeb608e6-131f-44e0-aa35-97c12a2f72a3: receive RaftClientReply:client-FC58CAF12498->aeb608e6-131f-44e0-aa35-97c12a2f72a3@group-3F41E8AD953A, cid=2860, SUCCESS, logIndex=4252, commits[aeb608e6-131f-44e0-aa35-97c12a2f72a3:c4254, b6a0d396-0e26-402b-ac58-4f0615a4fad6:c4249, 8b17640a-2548-4323-bd97-ba3488877b23:c4250]
2019-08-20 11:35:53,791 INFO  client.GrpcClientProtocolClient (GrpcClientProtocolClient.java:onNext(255)) - client-FC58CAF12498->aeb608e6-131f-44e0-aa35-97c12a2f72a3: receive RaftClientReply:client-FC58CAF12498->aeb608e6-131f-44e0-aa35-97c12a2f72a3@group-3F41E8AD953A, cid=2861, SUCCESS, logIndex=4253, commits[aeb608e6-131f-44e0-aa35-97c12a2f72a3:c4254, b6a0d396-0e26-402b-ac58-4f0615a4fad6:c4249, 8b17640a-2548-4323-bd97-ba3488877b23:c4250]
2019-08-20 11:35:53,801 INFO  client.GrpcClientProtocolClient (GrpcClientProtocolClient.java:onNext(255)) - client-FC58CAF12498->aeb608e6-131f-44e0-aa35-97c12a2f72a3: receive RaftClientReply:client-FC58CAF12498->aeb608e6-131f-44e0-aa35-97c12a2f72a3@group-3F41E8AD953A, cid=2862, SUCCESS, logIndex=0, commits[aeb608e6-131f-44e0-aa35-97c12a2f72a3:c4255, b6a0d396-0e26-402b-ac58-4f0615a4fad6:c4251, 8b17640a-2548-4323-bd97-ba3488877b23:c4251]
2019-08-20 11:35:53,819 INFO  client.GrpcClientProtocolClient (GrpcClientProtocolClient.java:onNext(255)) - client-FC58CAF12498->aeb608e6-131f-44e0-aa35-97c12a2f72a3: receive RaftClientReply:client-FC58CAF12498->aeb608e6-131f-44e0-aa35-97c12a2f72a3@group-3F41E8AD953A, cid=2863, SUCCESS, logIndex=4258, commits[aeb608e6-131f-44e0-aa35-97c12a2f72a3:c4259, b6a0d396-0e26-402b-ac58-4f0615a4fad6:c4257, 8b17640a-2548-4323-bd97-ba3488877b23:c4257]
2019-08-20 11:35:53,819 INFO  client.GrpcClientProtocolClient (GrpcClientProtocolClient.java:onNext(255)) - client-FC58CAF12498->aeb608e6-131f-44e0-aa35-97c12a2f72a3: receive RaftClientReply:client-FC58CAF12498->aeb608e6-131f-44e0-aa35-97c12a2f72a3@group-3F41E8AD953A, cid=2864, SUCCESS, logIndex=4259, commits[aeb608e6-131f-44e0-aa35-97c12a2f72a3:c4259, b6a0d396-0e26-402b-ac58-4f0615a4fad6:c4257, 8b17640a-2548-4323-bd97-ba3488877b23:c4257]
2019-08-20 11:35:53,835 INFO  client.GrpcClientProtocolClient (GrpcClientProtocolClient.java:onNext(255)) - client-FC58CAF12498->aeb608e6-131f-44e0-aa35-97c12a2f72a3: receive RaftClientReply:client-FC58CAF12498->aeb608e6-131f-44e0-aa35-97c12a2f72a3@group-3F41E8AD953A, cid=2865, SUCCESS, logIndex=4262, commits[aeb608e6-131f-44e0-aa35-97c12a2f72a3:c4263, b6a0d396-0e26-402b-ac58-4f0615a4fad6:c4259, 8b17640a-2548-4323-bd97-ba3488877b23:c4260]
2019-08-20 11:35:53,835 INFO  client.GrpcClientProtocolClient (GrpcClientProtocolClient.java:onNext(255)) - client-FC58CAF12498->aeb608e6-131f-44e0-aa35-97c12a2f72a3: receive RaftClientReply:client-FC58CAF12498->aeb608e6-131f-44e0-aa35-97c12a2f72a3@group-3F41E8AD953A, cid=2866, SUCCESS, logIndex=4263, commits[aeb608e6-131f-44e0-aa35-97c12a2f72a3:c4263, b6a0d396-0e26-402b-ac58-4f0615a4fad6:c4259, 8b17640a-2548-4323-bd97-ba3488877b23:c4260]
2019-08-20 11:35:53,838 INFO  client.GrpcClientProtocolClient (GrpcClientProtocolClient.java:onNext(255)) - client-FC58CAF12498->aeb608e6-131f-44e0-aa35-97c12a2f72a3: receive RaftClientReply:client-FC58CAF12498->aeb608e6-131f-44e0-aa35-97c12a2f72a3@group-3F41E8AD953A, cid=2867, SUCCESS, logIndex=0, commits[aeb608e6-131f-44e0-aa35-97c12a2f72a3:c4264, b6a0d396-0e26-402b-ac58-4f0615a4fad6:c4263, 8b17640a-2548-4323-bd97-ba3488877b23:c4263]
2019-08-20 11:35:53,864 INFO  client.GrpcClientProtocolClient (GrpcClientProtocolClient.java:onNext(255)) - client-FC58CAF12498->aeb608e6-131f-44e0-aa35-97c12a2f72a3: receive RaftClientReply:client-FC58CAF12498->aeb608e6-131f-44e0-aa35-97c12a2f72a3@group-3F41E8AD953A, cid=2868, SUCCESS, logIndex=4266, commits[aeb608e6-131f-44e0-aa35-97c12a2f72a3:c4267, b6a0d396-0e26-402b-ac58-4f0615a4fad6:c4265, 8b17640a-2548-4323-bd97-ba3488877b23:c4265]
2019-08-20 11:35:53,865 INFO  client.GrpcClientProtocolClient (GrpcClientProtocolClient.java:onNext(255)) - client-FC58CAF12498->aeb608e6-131f-44e0-aa35-97c12a2f72a3: receive RaftClientReply:client-FC58CAF12498->aeb608e6-131f-44e0-aa35-97c12a2f72a3@group-3F41E8AD953A, cid=2869, SUCCESS, logIndex=4267, commits[aeb608e6-131f-44e0-aa35-97c12a2f72a3:c4269, b6a0d396-0e26-402b-ac58-4f0615a4fad6:c4265, 8b17640a-2548-4323-bd97-ba3488877b23:c4265]
2019-08-20 11:35:53,865 INFO  client.GrpcClientProtocolClient (GrpcClientProtocolClient.java:onNext(255)) - client-FC58CAF12498->aeb608e6-131f-44e0-aa35-97c12a2f72a3: receive RaftClientReply:client-FC58CAF12498->aeb608e6-131f-44e0-aa35-97c12a2f72a3@group-3F41E8AD953A, cid=2870, SUCCESS, logIndex=4268, commits[aeb608e6-131f-44e0-aa35-97c12a2f72a3:c4269, b6a0d396-0e26-402b-ac58-4f0615a4fad6:c4265, 8b17640a-2548-4323-bd97-ba3488877b23:c4265]
2019-08-20 11:35:53,866 INFO  client.GrpcClientProtocolClient (GrpcClientProtocolClient.java:onNext(255)) - client-FC58CAF12498->aeb608e6-131f-44e0-aa35-97c12a2f72a3: receive RaftClientReply:client-FC58CAF12498->aeb608e6-131f-44e0-aa35-97c12a2f72a3@group-3F41E8AD953A, cid=2871, SUCCESS, logIndex=4269, commits[aeb608e6-131f-44e0-aa35-97c12a2f72a3:c4270, b6a0d396-0e26-402b-ac58-4f0615a4fad6:c4266, 8b17640a-2548-4323-bd97-ba3488877b23:c4265]
2019-08-20 11:35:53,879 INFO  client.GrpcClientProtocolClient (GrpcClientProtocolClient.java:onNext(255)) - client-FC58CAF12498->aeb608e6-131f-44e0-aa35-97c12a2f72a3: receive RaftClientReply:client-FC58CAF12498->aeb608e6-131f-44e0-aa35-97c12a2f72a3@group-3F41E8AD953A, cid=2872, SUCCESS, logIndex=0, commits[aeb608e6-131f-44e0-aa35-97c12a2f72a3:c4272, b6a0d396-0e26-402b-ac58-4f0615a4fad6:c4267, 8b17640a-2548-4323-bd97-ba3488877b23:c4269]
2019-08-20 11:35:53,897 INFO  client.GrpcClientProtocolClient (GrpcClientProtocolClient.java:onNext(255)) - client-FC58CAF12498->aeb608e6-131f-44e0-aa35-97c12a2f72a3: receive RaftClientReply:client-FC58CAF12498->aeb608e6-131f-44e0-aa35-97c12a2f72a3@group-3F41E8AD953A, cid=2873, SUCCESS, logIndex=4274, commits[aeb608e6-131f-44e0-aa35-97c12a2f72a3:c4275, b6a0d396-0e26-402b-ac58-4f0615a4fad6:c4273, 8b17640a-2548-4323-bd97-ba3488877b23:c4273]
2019-08-20 11:35:53,897 INFO  client.GrpcClientProtocolClient (GrpcClientProtocolClient.java:onNext(255)) - client-FC58CAF12498->aeb608e6-131f-44e0-aa35-97c12a2f72a3: receive RaftClientReply:client-FC58CAF12498->aeb608e6-131f-44e0-aa35-97c12a2f72a3@group-3F41E8AD953A, cid=2874, SUCCESS, logIndex=4275, commits[aeb608e6-131f-44e0-aa35-97c12a2f72a3:c4275, b6a0d396-0e26-402b-ac58-4f0615a4fad6:c4273, 8b17640a-2548-4323-bd97-ba3488877b23:c4273]
2019-08-20 11:35:53,910 INFO  client.GrpcClientProtocolClient (GrpcClientProtocolClient.java:onNext(255)) - client-FC58CAF12498->aeb608e6-131f-44e0-aa35-97c12a2f72a3: receive RaftClientReply:client-FC58CAF12498->aeb608e6-131f-44e0-aa35-97c12a2f72a3@group-3F41E8AD953A, cid=2875, SUCCESS, logIndex=4278, commits[aeb608e6-131f-44e0-aa35-97c12a2f72a3:c4279, b6a0d396-0e26-402b-ac58-4f0615a4fad6:c4275, 8b17640a-2548-4323-bd97-ba3488877b23:c4275]
2019-08-20 11:35:53,911 INFO  client.GrpcClientProtocolClient (GrpcClientProtocolClient.java:onNext(255)) - client-FC58CAF12498->aeb608e6-131f-44e0-aa35-97c12a2f72a3: receive RaftClientReply:client-FC58CAF12498->aeb608e6-131f-44e0-aa35-97c12a2f72a3@group-3F41E8AD953A, cid=2876, SUCCESS, logIndex=4279, commits[aeb608e6-131f-44e0-aa35-97c12a2f72a3:c4279, b6a0d396-0e26-402b-ac58-4f0615a4fad6:c4275, 8b17640a-2548-4323-bd97-ba3488877b23:c4275]
2019-08-20 11:35:53,935 INFO  client.GrpcClientProtocolClient (GrpcClientProtocolClient.java:onNext(255)) - client-FC58CAF12498->aeb608e6-131f-44e0-aa35-97c12a2f72a3: receive RaftClientReply:client-FC58CAF12498->aeb608e6-131f-44e0-aa35-97c12a2f72a3@group-3F41E8AD953A, cid=2877, SUCCESS, logIndex=0, commits[aeb608e6-131f-44e0-aa35-97c12a2f72a3:c4281, b6a0d396-0e26-402b-ac58-4f0615a4fad6:c4279, 8b17640a-2548-4323-bd97-ba3488877b23:c4279]
2019-08-20 11:35:53,962 INFO  client.GrpcClientProtocolClient (GrpcClientProtocolClient.java:onNext(255)) - client-FC58CAF12498->aeb608e6-131f-44e0-aa35-97c12a2f72a3: receive RaftClientReply:client-FC58CAF12498->aeb608e6-131f-44e0-aa35-97c12a2f72a3@group-3F41E8AD953A, cid=2878, SUCCESS, logIndex=4282, commits[aeb608e6-131f-44e0-aa35-97c12a2f72a3:c4284, b6a0d396-0e26-402b-ac58-4f0615a4fad6:c4281, 8b17640a-2548-4323-bd97-ba3488877b23:c4281]
2019-08-20 11:35:53,962 INFO  client.GrpcClientProtocolClient (GrpcClientProtocolClient.java:onNext(255)) - client-FC58CAF12498->aeb608e6-131f-44e0-aa35-97c12a2f72a3: receive RaftClientReply:client-FC58CAF12498->aeb608e6-131f-44e0-aa35-97c12a2f72a3@group-3F41E8AD953A, cid=2879, SUCCESS, logIndex=4283, commits[aeb608e6-131f-44e0-aa35-97c12a2f72a3:c4285, b6a0d396-0e26-402b-ac58-4f0615a4fad6:c4281, 8b17640a-2548-4323-bd97-ba3488877b23:c4281]
2019-08-20 11:35:53,963 INFO  client.GrpcClientProtocolClient (GrpcClientProtocolClient.java:onNext(255)) - client-FC58CAF12498->aeb608e6-131f-44e0-aa35-97c12a2f72a3: receive RaftClientReply:client-FC58CAF12498->aeb608e6-131f-44e0-aa35-97c12a2f72a3@group-3F41E8AD953A, cid=2880, SUCCESS, logIndex=4284, commits[aeb608e6-131f-44e0-aa35-97c12a2f72a3:c4285, b6a0d396-0e26-402b-ac58-4f0615a4fad6:c4281, 8b17640a-2548-4323-bd97-ba3488877b23:c4281]
2019-08-20 11:35:53,963 INFO  client.GrpcClientProtocolClient (GrpcClientProtocolClient.java:onNext(255)) - client-FC58CAF12498->aeb608e6-131f-44e0-aa35-97c12a2f72a3: receive RaftClientReply:client-FC58CAF12498->aeb608e6-131f-44e0-aa35-97c12a2f72a3@group-3F41E8AD953A, cid=2881, SUCCESS, logIndex=4285, commits[aeb608e6-131f-44e0-aa35-97c12a2f72a3:c4285, b6a0d396-0e26-402b-ac58-4f0615a4fad6:c4281, 8b17640a-2548-4323-bd97-ba3488877b23:c4281]
2019-08-20 11:35:53,972 INFO  client.GrpcClientProtocolClient (GrpcClientProtocolClient.java:onNext(255)) - client-FC58CAF12498->aeb608e6-131f-44e0-aa35-97c12a2f72a3: receive RaftClientReply:client-FC58CAF12498->aeb608e6-131f-44e0-aa35-97c12a2f72a3@group-3F41E8AD953A, cid=2882, SUCCESS, logIndex=0, commits[aeb608e6-131f-44e0-aa35-97c12a2f72a3:c4286, b6a0d396-0e26-402b-ac58-4f0615a4fad6:c4283, 8b17640a-2548-4323-bd97-ba3488877b23:c4283]
2019-08-20 11:35:53,989 INFO  client.GrpcClientProtocolClient (GrpcClientProtocolClient.java:onNext(255)) - client-FC58CAF12498->aeb608e6-131f-44e0-aa35-97c12a2f72a3: receive RaftClientReply:client-FC58CAF12498->aeb608e6-131f-44e0-aa35-97c12a2f72a3@group-3F41E8AD953A, cid=2883, SUCCESS, logIndex=4290, commits[aeb608e6-131f-44e0-aa35-97c12a2f72a3:c4291, b6a0d396-0e26-402b-ac58-4f0615a4fad6:c4289, 8b17640a-2548-4323-bd97-ba3488877b23:c4289]
2019-08-20 11:35:53,989 INFO  client.GrpcClientProtocolClient (GrpcClientProtocolClient.java:onNext(255)) - client-FC58CAF12498->aeb608e6-131f-44e0-aa35-97c12a2f72a3: receive RaftClientReply:client-FC58CAF12498->aeb608e6-131f-44e0-aa35-97c12a2f72a3@group-3F41E8AD953A, cid=2884, SUCCESS, logIndex=4291, commits[aeb608e6-131f-44e0-aa35-97c12a2f72a3:c4291, b6a0d396-0e26-402b-ac58-4f0615a4fad6:c4289, 8b17640a-2548-4323-bd97-ba3488877b23:c4289]
2019-08-20 11:35:54,005 INFO  client.GrpcClientProtocolClient (GrpcClientProtocolClient.java:onNext(255)) - client-FC58CAF12498->aeb608e6-131f-44e0-aa35-97c12a2f72a3: receive RaftClientReply:client-FC58CAF12498->aeb608e6-131f-44e0-aa35-97c12a2f72a3@group-3F41E8AD953A, cid=2885, SUCCESS, logIndex=4294, commits[aeb608e6-131f-44e0-aa35-97c12a2f72a3:c4295, b6a0d396-0e26-402b-ac58-4f0615a4fad6:c4293, 8b17640a-2548-4323-bd97-ba3488877b23:c4293]
2019-08-20 11:35:54,005 INFO  client.GrpcClientProtocolClient (GrpcClientProtocolClient.java:onNext(255)) - client-FC58CAF12498->aeb608e6-131f-44e0-aa35-97c12a2f72a3: receive RaftClientReply:client-FC58CAF12498->aeb608e6-131f-44e0-aa35-97c12a2f72a3@group-3F41E8AD953A, cid=2886, SUCCESS, logIndex=4295, commits[aeb608e6-131f-44e0-aa35-97c12a2f72a3:c4295, b6a0d396-0e26-402b-ac58-4f0615a4fad6:c4293, 8b17640a-2548-4323-bd97-ba3488877b23:c4293]
2019-08-20 11:35:54,009 INFO  client.GrpcClientProtocolClient (GrpcClientProtocolClient.java:onNext(255)) - client-FC58CAF12498->aeb608e6-131f-44e0-aa35-97c12a2f72a3: receive RaftClientReply:client-FC58CAF12498->aeb608e6-131f-44e0-aa35-97c12a2f72a3@group-3F41E8AD953A, cid=2887, SUCCESS, logIndex=0, commits[aeb608e6-131f-44e0-aa35-97c12a2f72a3:c4297, b6a0d396-0e26-402b-ac58-4f0615a4fad6:c4295, 8b17640a-2548-4323-bd97-ba3488877b23:c4295]
2019-08-20 11:35:54,030 INFO  client.GrpcClientProtocolClient (GrpcClientProtocolClient.java:onNext(255)) - client-FC58CAF12498->aeb608e6-131f-44e0-aa35-97c12a2f72a3: receive RaftClientReply:client-FC58CAF12498->aeb608e6-131f-44e0-aa35-97c12a2f72a3@group-3F41E8AD953A, cid=2888, SUCCESS, logIndex=4298, commits[aeb608e6-131f-44e0-aa35-97c12a2f72a3:c4299, b6a0d396-0e26-402b-ac58-4f0615a4fad6:c4297, 8b17640a-2548-4323-bd97-ba3488877b23:c4297]
2019-08-20 11:35:54,030 INFO  client.GrpcClientProtocolClient (GrpcClientProtocolClient.java:onNext(255)) - client-FC58CAF12498->aeb608e6-131f-44e0-aa35-97c12a2f72a3: receive RaftClientReply:client-FC58CAF12498->aeb608e6-131f-44e0-aa35-97c12a2f72a3@group-3F41E8AD953A, cid=2889, SUCCESS, logIndex=4299, commits[aeb608e6-131f-44e0-aa35-97c12a2f72a3:c4299, b6a0d396-0e26-402b-ac58-4f0615a4fad6:c4297, 8b17640a-2548-4323-bd97-ba3488877b23:c4297]
2019-08-20 11:35:54,032 INFO  client.GrpcClientProtocolClient (GrpcClientProtocolClient.java:onNext(255)) - client-FC58CAF12498->aeb608e6-131f-44e0-aa35-97c12a2f72a3: receive RaftClientReply:client-FC58CAF12498->aeb608e6-131f-44e0-aa35-97c12a2f72a3@group-3F41E8AD953A, cid=2890, SUCCESS, logIndex=4300, commits[aeb608e6-131f-44e0-aa35-97c12a2f72a3:c4301, b6a0d396-0e26-402b-ac58-4f0615a4fad6:c4297, 8b17640a-2548-4323-bd97-ba3488877b23:c4297]
2019-08-20 11:35:54,032 INFO  client.GrpcClientProtocolClient (GrpcClientProtocolClient.java:onNext(255)) - client-FC58CAF12498->aeb608e6-131f-44e0-aa35-97c12a2f72a3: receive RaftClientReply:client-FC58CAF12498->aeb608e6-131f-44e0-aa35-97c12a2f72a3@group-3F41E8AD953A, cid=2891, SUCCESS, logIndex=4301, commits[aeb608e6-131f-44e0-aa35-97c12a2f72a3:c4301, b6a0d396-0e26-402b-ac58-4f0615a4fad6:c4297, 8b17640a-2548-4323-bd97-ba3488877b23:c4297]
2019-08-20 11:35:54,044 INFO  client.GrpcClientProtocolClient (GrpcClientProtocolClient.java:onNext(255)) - client-FC58CAF12498->aeb608e6-131f-44e0-aa35-97c12a2f72a3: receive RaftClientReply:client-FC58CAF12498->aeb608e6-131f-44e0-aa35-97c12a2f72a3@group-3F41E8AD953A, cid=2892, SUCCESS, logIndex=0, commits[aeb608e6-131f-44e0-aa35-97c12a2f72a3:c4303, b6a0d396-0e26-402b-ac58-4f0615a4fad6:c4299, 8b17640a-2548-4323-bd97-ba3488877b23:c4299]
2019-08-20 11:35:54,059 INFO  client.GrpcClientProtocolClient (GrpcClientProtocolClient.java:onNext(255)) - client-FC58CAF12498->aeb608e6-131f-44e0-aa35-97c12a2f72a3: receive RaftClientReply:client-FC58CAF12498->aeb608e6-131f-44e0-aa35-97c12a2f72a3@group-3F41E8AD953A, cid=2893, SUCCESS, logIndex=4306, commits[aeb608e6-131f-44e0-aa35-97c12a2f72a3:c4307, b6a0d396-0e26-402b-ac58-4f0615a4fad6:c4305, 8b17640a-2548-4323-bd97-ba3488877b23:c4305]
2019-08-20 11:35:54,060 INFO  client.GrpcClientProtocolClient (GrpcClientProtocolClient.java:onNext(255)) - client-FC58CAF12498->aeb608e6-131f-44e0-aa35-97c12a2f72a3: receive RaftClientReply:client-FC58CAF12498->aeb608e6-131f-44e0-aa35-97c12a2f72a3@group-3F41E8AD953A, cid=2894, SUCCESS, logIndex=4307, commits[aeb608e6-131f-44e0-aa35-97c12a2f72a3:c4307, b6a0d396-0e26-402b-ac58-4f0615a4fad6:c4305, 8b17640a-2548-4323-bd97-ba3488877b23:c4305]
2019-08-20 11:35:54,077 INFO  client.GrpcClientProtocolClient (GrpcClientProtocolClient.java:onNext(255)) - client-FC58CAF12498->aeb608e6-131f-44e0-aa35-97c12a2f72a3: receive RaftClientReply:client-FC58CAF12498->aeb608e6-131f-44e0-aa35-97c12a2f72a3@group-3F41E8AD953A, cid=2895, SUCCESS, logIndex=4310, commits[aeb608e6-131f-44e0-aa35-97c12a2f72a3:c4311, b6a0d396-0e26-402b-ac58-4f0615a4fad6:c4309, 8b17640a-2548-4323-bd97-ba3488877b23:c4309]
2019-08-20 11:35:54,078 INFO  client.GrpcClientProtocolClient (GrpcClientProtocolClient.java:onNext(255)) - client-FC58CAF12498->aeb608e6-131f-44e0-aa35-97c12a2f72a3: receive RaftClientReply:client-FC58CAF12498->aeb608e6-131f-44e0-aa35-97c12a2f72a3@group-3F41E8AD953A, cid=2896, SUCCESS, logIndex=4311, commits[aeb608e6-131f-44e0-aa35-97c12a2f72a3:c4311, b6a0d396-0e26-402b-ac58-4f0615a4fad6:c4309, 8b17640a-2548-4323-bd97-ba3488877b23:c4309]
2019-08-20 11:35:54,092 INFO  client.GrpcClientProtocolClient (GrpcClientProtocolClient.java:onNext(255)) - client-FC58CAF12498->aeb608e6-131f-44e0-aa35-97c12a2f72a3: receive RaftClientReply:client-FC58CAF12498->aeb608e6-131f-44e0-aa35-97c12a2f72a3@group-3F41E8AD953A, cid=2897, SUCCESS, logIndex=0, commits[aeb608e6-131f-44e0-aa35-97c12a2f72a3:c4313, b6a0d396-0e26-402b-ac58-4f0615a4fad6:c4311, 8b17640a-2548-4323-bd97-ba3488877b23:c4311]
2019-08-20 11:35:54,117 INFO  client.GrpcClientProtocolClient (GrpcClientProtocolClient.java:onNext(255)) - client-FC58CAF12498->aeb608e6-131f-44e0-aa35-97c12a2f72a3: receive RaftClientReply:client-FC58CAF12498->aeb608e6-131f-44e0-aa35-97c12a2f72a3@group-3F41E8AD953A, cid=2898, SUCCESS, logIndex=4314, commits[aeb608e6-131f-44e0-aa35-97c12a2f72a3:c4315, b6a0d396-0e26-402b-ac58-4f0615a4fad6:c4313, 8b17640a-2548-4323-bd97-ba3488877b23:c4313]
2019-08-20 11:35:54,118 INFO  client.GrpcClientProtocolClient (GrpcClientProtocolClient.java:onNext(255)) - client-FC58CAF12498->aeb608e6-131f-44e0-aa35-97c12a2f72a3: receive RaftClientReply:client-FC58CAF12498->aeb608e6-131f-44e0-aa35-97c12a2f72a3@group-3F41E8AD953A, cid=2899, SUCCESS, logIndex=4315, commits[aeb608e6-131f-44e0-aa35-97c12a2f72a3:c4315, b6a0d396-0e26-402b-ac58-4f0615a4fad6:c4313, 8b17640a-2548-4323-bd97-ba3488877b23:c4313]
2019-08-20 11:35:54,128 INFO  client.GrpcClientProtocolClient (GrpcClientProtocolClient.java:onNext(255)) - client-FC58CAF12498->aeb608e6-131f-44e0-aa35-97c12a2f72a3: receive RaftClientReply:client-FC58CAF12498->aeb608e6-131f-44e0-aa35-97c12a2f72a3@group-3F41E8AD953A, cid=2900, SUCCESS, logIndex=4316, commits[aeb608e6-131f-44e0-aa35-97c12a2f72a3:c4317, b6a0d396-0e26-402b-ac58-4f0615a4fad6:c4313, 8b17640a-2548-4323-bd97-ba3488877b23:c4313]
2019-08-20 11:35:54,128 INFO  client.GrpcClientProtocolClient (GrpcClientProtocolClient.java:onNext(255)) - client-FC58CAF12498->aeb608e6-131f-44e0-aa35-97c12a2f72a3: receive RaftClientReply:client-FC58CAF12498->aeb608e6-131f-44e0-aa35-97c12a2f72a3@group-3F41E8AD953A, cid=2901, SUCCESS, logIndex=4317, commits[aeb608e6-131f-44e0-aa35-97c12a2f72a3:c4317, b6a0d396-0e26-402b-ac58-4f0615a4fad6:c4313, 8b17640a-2548-4323-bd97-ba3488877b23:c4313]
2019-08-20 11:35:54,130 INFO  client.GrpcClientProtocolClient (GrpcClientProtocolClient.java:onNext(255)) - client-FC58CAF12498->aeb608e6-131f-44e0-aa35-97c12a2f72a3: receive RaftClientReply:client-FC58CAF12498->aeb608e6-131f-44e0-aa35-97c12a2f72a3@group-3F41E8AD953A, cid=2902, SUCCESS, logIndex=0, commits[aeb608e6-131f-44e0-aa35-97c12a2f72a3:c4318, b6a0d396-0e26-402b-ac58-4f0615a4fad6:c4315, 8b17640a-2548-4323-bd97-ba3488877b23:c4315]
2019-08-20 11:35:54,144 INFO  client.GrpcClientProtocolClient (GrpcClientProtocolClient.java:onNext(255)) - client-FC58CAF12498->aeb608e6-131f-44e0-aa35-97c12a2f72a3: receive RaftClientReply:client-FC58CAF12498->aeb608e6-131f-44e0-aa35-97c12a2f72a3@group-3F41E8AD953A, cid=2903, SUCCESS, logIndex=4322, commits[aeb608e6-131f-44e0-aa35-97c12a2f72a3:c4323, b6a0d396-0e26-402b-ac58-4f0615a4fad6:c4317, 8b17640a-2548-4323-bd97-ba3488877b23:c4319]
2019-08-20 11:35:54,144 INFO  client.GrpcClientProtocolClient (GrpcClientProtocolClient.java:onNext(255)) - client-FC58CAF12498->aeb608e6-131f-44e0-aa35-97c12a2f72a3: receive RaftClientReply:client-FC58CAF12498->aeb608e6-131f-44e0-aa35-97c12a2f72a3@group-3F41E8AD953A, cid=2904, SUCCESS, logIndex=4323, commits[aeb608e6-131f-44e0-aa35-97c12a2f72a3:c4323, b6a0d396-0e26-402b-ac58-4f0615a4fad6:c4319, 8b17640a-2548-4323-bd97-ba3488877b23:c4319]
2019-08-20 11:35:54,161 INFO  client.GrpcClientProtocolClient (GrpcClientProtocolClient.java:onNext(255)) - client-FC58CAF12498->aeb608e6-131f-44e0-aa35-97c12a2f72a3: receive RaftClientReply:client-FC58CAF12498->aeb608e6-131f-44e0-aa35-97c12a2f72a3@group-3F41E8AD953A, cid=2905, SUCCESS, logIndex=4326, commits[aeb608e6-131f-44e0-aa35-97c12a2f72a3:c4327, b6a0d396-0e26-402b-ac58-4f0615a4fad6:c4325, 8b17640a-2548-4323-bd97-ba3488877b23:c4325]
2019-08-20 11:35:54,162 INFO  client.GrpcClientProtocolClient (GrpcClientProtocolClient.java:onNext(255)) - client-FC58CAF12498->aeb608e6-131f-44e0-aa35-97c12a2f72a3: receive RaftClientReply:client-FC58CAF12498->aeb608e6-131f-44e0-aa35-97c12a2f72a3@group-3F41E8AD953A, cid=2906, SUCCESS, logIndex=4327, commits[aeb608e6-131f-44e0-aa35-97c12a2f72a3:c4327, b6a0d396-0e26-402b-ac58-4f0615a4fad6:c4325, 8b17640a-2548-4323-bd97-ba3488877b23:c4325]
2019-08-20 11:35:54,183 INFO  client.GrpcClientProtocolClient (GrpcClientProtocolClient.java:onNext(255)) - client-FC58CAF12498->aeb608e6-131f-44e0-aa35-97c12a2f72a3: receive RaftClientReply:client-FC58CAF12498->aeb608e6-131f-44e0-aa35-97c12a2f72a3@group-3F41E8AD953A, cid=2907, SUCCESS, logIndex=0, commits[aeb608e6-131f-44e0-aa35-97c12a2f72a3:c4329, b6a0d396-0e26-402b-ac58-4f0615a4fad6:c4327, 8b17640a-2548-4323-bd97-ba3488877b23:c4327]
2019-08-20 11:35:54,211 INFO  client.GrpcClientProtocolClient (GrpcClientProtocolClient.java:onNext(255)) - client-FC58CAF12498->aeb608e6-131f-44e0-aa35-97c12a2f72a3: receive RaftClientReply:client-FC58CAF12498->aeb608e6-131f-44e0-aa35-97c12a2f72a3@group-3F41E8AD953A, cid=2908, SUCCESS, logIndex=4330, commits[aeb608e6-131f-44e0-aa35-97c12a2f72a3:c4333, b6a0d396-0e26-402b-ac58-4f0615a4fad6:c4329, 8b17640a-2548-4323-bd97-ba3488877b23:c4329]
2019-08-20 11:35:54,212 INFO  client.GrpcClientProtocolClient (GrpcClientProtocolClient.java:onNext(255)) - client-FC58CAF12498->aeb608e6-131f-44e0-aa35-97c12a2f72a3: receive RaftClientReply:client-FC58CAF12498->aeb608e6-131f-44e0-aa35-97c12a2f72a3@group-3F41E8AD953A, cid=2909, SUCCESS, logIndex=4331, commits[aeb608e6-131f-44e0-aa35-97c12a2f72a3:c4333, b6a0d396-0e26-402b-ac58-4f0615a4fad6:c4329, 8b17640a-2548-4323-bd97-ba3488877b23:c4329]
2019-08-20 11:35:54,212 INFO  client.GrpcClientProtocolClient (GrpcClientProtocolClient.java:onNext(255)) - client-FC58CAF12498->aeb608e6-131f-44e0-aa35-97c12a2f72a3: receive RaftClientReply:client-FC58CAF12498->aeb608e6-131f-44e0-aa35-97c12a2f72a3@group-3F41E8AD953A, cid=2910, SUCCESS, logIndex=4332, commits[aeb608e6-131f-44e0-aa35-97c12a2f72a3:c4333, b6a0d396-0e26-402b-ac58-4f0615a4fad6:c4329, 8b17640a-2548-4323-bd97-ba3488877b23:c4329]
2019-08-20 11:35:54,212 INFO  client.GrpcClientProtocolClient (GrpcClientProtocolClient.java:onNext(255)) - client-FC58CAF12498->aeb608e6-131f-44e0-aa35-97c12a2f72a3: receive RaftClientReply:client-FC58CAF12498->aeb608e6-131f-44e0-aa35-97c12a2f72a3@group-3F41E8AD953A, cid=2911, SUCCESS, logIndex=4333, commits[aeb608e6-131f-44e0-aa35-97c12a2f72a3:c4333, b6a0d396-0e26-402b-ac58-4f0615a4fad6:c4329, 8b17640a-2548-4323-bd97-ba3488877b23:c4329]
2019-08-20 11:35:54,223 INFO  client.GrpcClientProtocolClient (GrpcClientProtocolClient.java:onNext(255)) - client-FC58CAF12498->aeb608e6-131f-44e0-aa35-97c12a2f72a3: receive RaftClientReply:client-FC58CAF12498->aeb608e6-131f-44e0-aa35-97c12a2f72a3@group-3F41E8AD953A, cid=2912, SUCCESS, logIndex=0, commits[aeb608e6-131f-44e0-aa35-97c12a2f72a3:c4333, b6a0d396-0e26-402b-ac58-4f0615a4fad6:c4331, 8b17640a-2548-4323-bd97-ba3488877b23:c4331]
2019-08-20 11:35:54,241 INFO  client.GrpcClientProtocolClient (GrpcClientProtocolClient.java:onNext(255)) - client-FC58CAF12498->aeb608e6-131f-44e0-aa35-97c12a2f72a3: receive RaftClientReply:client-FC58CAF12498->aeb608e6-131f-44e0-aa35-97c12a2f72a3@group-3F41E8AD953A, cid=2913, SUCCESS, logIndex=4338, commits[aeb608e6-131f-44e0-aa35-97c12a2f72a3:c4339, b6a0d396-0e26-402b-ac58-4f0615a4fad6:c4337, 8b17640a-2548-4323-bd97-ba3488877b23:c4337]
2019-08-20 11:35:54,241 INFO  client.GrpcClientProtocolClient (GrpcClientProtocolClient.java:onNext(255)) - client-FC58CAF12498->aeb608e6-131f-44e0-aa35-97c12a2f72a3: receive RaftClientReply:client-FC58CAF12498->aeb608e6-131f-44e0-aa35-97c12a2f72a3@group-3F41E8AD953A, cid=2914, SUCCESS, logIndex=4339, commits[aeb608e6-131f-44e0-aa35-97c12a2f72a3:c4339, b6a0d396-0e26-402b-ac58-4f0615a4fad6:c4337, 8b17640a-2548-4323-bd97-ba3488877b23:c4337]
2019-08-20 11:35:54,254 INFO  client.GrpcClientProtocolClient (GrpcClientProtocolClient.java:onNext(255)) - client-FC58CAF12498->aeb608e6-131f-44e0-aa35-97c12a2f72a3: receive RaftClientReply:client-FC58CAF12498->aeb608e6-131f-44e0-aa35-97c12a2f72a3@group-3F41E8AD953A, cid=2915, SUCCESS, logIndex=4342, commits[aeb608e6-131f-44e0-aa35-97c12a2f72a3:c4343, b6a0d396-0e26-402b-ac58-4f0615a4fad6:c4339, 8b17640a-2548-4323-bd97-ba3488877b23:c4339]
2019-08-20 11:35:54,254 INFO  client.GrpcClientProtocolClient (GrpcClientProtocolClient.java:onNext(255)) - client-FC58CAF12498->aeb608e6-131f-44e0-aa35-97c12a2f72a3: receive RaftClientReply:client-FC58CAF12498->aeb608e6-131f-44e0-aa35-97c12a2f72a3@group-3F41E8AD953A, cid=2916, SUCCESS, logIndex=4343, commits[aeb608e6-131f-44e0-aa35-97c12a2f72a3:c4343, b6a0d396-0e26-402b-ac58-4f0615a4fad6:c4339, 8b17640a-2548-4323-bd97-ba3488877b23:c4339]
2019-08-20 11:35:54,278 INFO  client.GrpcClientProtocolClient (GrpcClientProtocolClient.java:onNext(255)) - client-FC58CAF12498->aeb608e6-131f-44e0-aa35-97c12a2f72a3: receive RaftClientReply:client-FC58CAF12498->aeb608e6-131f-44e0-aa35-97c12a2f72a3@group-3F41E8AD953A, cid=2917, SUCCESS, logIndex=0, commits[aeb608e6-131f-44e0-aa35-97c12a2f72a3:c4344, b6a0d396-0e26-402b-ac58-4f0615a4fad6:c4343, 8b17640a-2548-4323-bd97-ba3488877b23:c4343]
2019-08-20 11:35:54,304 INFO  client.GrpcClientProtocolClient (GrpcClientProtocolClient.java:onNext(255)) - client-FC58CAF12498->aeb608e6-131f-44e0-aa35-97c12a2f72a3: receive RaftClientReply:client-FC58CAF12498->aeb608e6-131f-44e0-aa35-97c12a2f72a3@group-3F41E8AD953A, cid=2918, SUCCESS, logIndex=4346, commits[aeb608e6-131f-44e0-aa35-97c12a2f72a3:c4347, b6a0d396-0e26-402b-ac58-4f0615a4fad6:c4345, 8b17640a-2548-4323-bd97-ba3488877b23:c4345]
2019-08-20 11:35:54,304 INFO  client.GrpcClientProtocolClient (GrpcClientProtocolClient.java:onNext(255)) - client-FC58CAF12498->aeb608e6-131f-44e0-aa35-97c12a2f72a3: receive RaftClientReply:client-FC58CAF12498->aeb608e6-131f-44e0-aa35-97c12a2f72a3@group-3F41E8AD953A, cid=2919, SUCCESS, logIndex=4347, commits[aeb608e6-131f-44e0-aa35-97c12a2f72a3:c4347, b6a0d396-0e26-402b-ac58-4f0615a4fad6:c4345, 8b17640a-2548-4323-bd97-ba3488877b23:c4345]
2019-08-20 11:35:54,305 INFO  client.GrpcClientProtocolClient (GrpcClientProtocolClient.java:onNext(255)) - client-FC58CAF12498->aeb608e6-131f-44e0-aa35-97c12a2f72a3: receive RaftClientReply:client-FC58CAF12498->aeb608e6-131f-44e0-aa35-97c12a2f72a3@group-3F41E8AD953A, cid=2920, SUCCESS, logIndex=4348, commits[aeb608e6-131f-44e0-aa35-97c12a2f72a3:c4348, b6a0d396-0e26-402b-ac58-4f0615a4fad6:c4345, 8b17640a-2548-4323-bd97-ba3488877b23:c4345]
2019-08-20 11:35:54,305 INFO  client.GrpcClientProtocolClient (GrpcClientProtocolClient.java:onNext(255)) - client-FC58CAF12498->aeb608e6-131f-44e0-aa35-97c12a2f72a3: receive RaftClientReply:client-FC58CAF12498->aeb608e6-131f-44e0-aa35-97c12a2f72a3@group-3F41E8AD953A, cid=2921, SUCCESS, logIndex=4349, commits[aeb608e6-131f-44e0-aa35-97c12a2f72a3:c4349, b6a0d396-0e26-402b-ac58-4f0615a4fad6:c4345, 8b17640a-2548-4323-bd97-ba3488877b23:c4345]
2019-08-20 11:35:54,325 INFO  client.GrpcClientProtocolClient (GrpcClientProtocolClient.java:onNext(255)) - client-FC58CAF12498->aeb608e6-131f-44e0-aa35-97c12a2f72a3: receive RaftClientReply:client-FC58CAF12498->aeb608e6-131f-44e0-aa35-97c12a2f72a3@group-3F41E8AD953A, cid=2922, SUCCESS, logIndex=0, commits[aeb608e6-131f-44e0-aa35-97c12a2f72a3:c4351, b6a0d396-0e26-402b-ac58-4f0615a4fad6:c4347, 8b17640a-2548-4323-bd97-ba3488877b23:c4347]
2019-08-20 11:35:54,343 INFO  client.GrpcClientProtocolClient (GrpcClientProtocolClient.java:onNext(255)) - client-FC58CAF12498->aeb608e6-131f-44e0-aa35-97c12a2f72a3: receive RaftClientReply:client-FC58CAF12498->aeb608e6-131f-44e0-aa35-97c12a2f72a3@group-3F41E8AD953A, cid=2923, SUCCESS, logIndex=4354, commits[aeb608e6-131f-44e0-aa35-97c12a2f72a3:c4355, b6a0d396-0e26-402b-ac58-4f0615a4fad6:c4353, 8b17640a-2548-4323-bd97-ba3488877b23:c4353]
2019-08-20 11:35:54,343 INFO  client.GrpcClientProtocolClient (GrpcClientProtocolClient.java:onNext(255)) - client-FC58CAF12498->aeb608e6-131f-44e0-aa35-97c12a2f72a3: receive RaftClientReply:client-FC58CAF12498->aeb608e6-131f-44e0-aa35-97c12a2f72a3@group-3F41E8AD953A, cid=2924, SUCCESS, logIndex=4355, commits[aeb608e6-131f-44e0-aa35-97c12a2f72a3:c4355, b6a0d396-0e26-402b-ac58-4f0615a4fad6:c4353, 8b17640a-2548-4323-bd97-ba3488877b23:c4353]
2019-08-20 11:35:54,360 INFO  client.GrpcClientProtocolClient (GrpcClientProtocolClient.java:onNext(255)) - client-FC58CAF12498->aeb608e6-131f-44e0-aa35-97c12a2f72a3: receive RaftClientReply:client-FC58CAF12498->aeb608e6-131f-44e0-aa35-97c12a2f72a3@group-3F41E8AD953A, cid=2925, SUCCESS, logIndex=4358, commits[aeb608e6-131f-44e0-aa35-97c12a2f72a3:c4359, b6a0d396-0e26-402b-ac58-4f0615a4fad6:c4356, 8b17640a-2548-4323-bd97-ba3488877b23:c4356]
2019-08-20 11:35:54,360 INFO  client.GrpcClientProtocolClient (GrpcClientProtocolClient.java:onNext(255)) - client-FC58CAF12498->aeb608e6-131f-44e0-aa35-97c12a2f72a3: receive RaftClientReply:client-FC58CAF12498->aeb608e6-131f-44e0-aa35-97c12a2f72a3@group-3F41E8AD953A, cid=2926, SUCCESS, logIndex=4359, commits[aeb608e6-131f-44e0-aa35-97c12a2f72a3:c4359, b6a0d396-0e26-402b-ac58-4f0615a4fad6:c4356, 8b17640a-2548-4323-bd97-ba3488877b23:c4356]
2019-08-20 11:35:54,374 INFO  client.GrpcClientProtocolClient (GrpcClientProtocolClient.java:onNext(255)) - client-FC58CAF12498->aeb608e6-131f-44e0-aa35-97c12a2f72a3: receive RaftClientReply:client-FC58CAF12498->aeb608e6-131f-44e0-aa35-97c12a2f72a3@group-3F41E8AD953A, cid=2927, SUCCESS, logIndex=0, commits[aeb608e6-131f-44e0-aa35-97c12a2f72a3:c4361, b6a0d396-0e26-402b-ac58-4f0615a4fad6:c4359, 8b17640a-2548-4323-bd97-ba3488877b23:c4359]
2019-08-20 11:35:54,400 INFO  client.GrpcClientProtocolClient (GrpcClientProtocolClient.java:onNext(255)) - client-FC58CAF12498->aeb608e6-131f-44e0-aa35-97c12a2f72a3: receive RaftClientReply:client-FC58CAF12498->aeb608e6-131f-44e0-aa35-97c12a2f72a3@group-3F41E8AD953A, cid=2928, SUCCESS, logIndex=4362, commits[aeb608e6-131f-44e0-aa35-97c12a2f72a3:c4363, b6a0d396-0e26-402b-ac58-4f0615a4fad6:c4361, 8b17640a-2548-4323-bd97-ba3488877b23:c4361]
2019-08-20 11:35:54,401 INFO  client.GrpcClientProtocolClient (GrpcClientProtocolClient.java:onNext(255)) - client-FC58CAF12498->aeb608e6-131f-44e0-aa35-97c12a2f72a3: receive RaftClientReply:client-FC58CAF12498->aeb608e6-131f-44e0-aa35-97c12a2f72a3@group-3F41E8AD953A, cid=2929, SUCCESS, logIndex=4363, commits[aeb608e6-131f-44e0-aa35-97c12a2f72a3:c4363, b6a0d396-0e26-402b-ac58-4f0615a4fad6:c4361, 8b17640a-2548-4323-bd97-ba3488877b23:c4361]
2019-08-20 11:35:54,401 INFO  client.GrpcClientProtocolClient (GrpcClientProtocolClient.java:onNext(255)) - client-FC58CAF12498->aeb608e6-131f-44e0-aa35-97c12a2f72a3: receive RaftClientReply:client-FC58CAF12498->aeb608e6-131f-44e0-aa35-97c12a2f72a3@group-3F41E8AD953A, cid=2930, SUCCESS, logIndex=4364, commits[aeb608e6-131f-44e0-aa35-97c12a2f72a3:c4364, b6a0d396-0e26-402b-ac58-4f0615a4fad6:c4361, 8b17640a-2548-4323-bd97-ba3488877b23:c4361]
2019-08-20 11:35:54,401 INFO  client.GrpcClientProtocolClient (GrpcClientProtocolClient.java:onNext(255)) - client-FC58CAF12498->aeb608e6-131f-44e0-aa35-97c12a2f72a3: receive RaftClientReply:client-FC58CAF12498->aeb608e6-131f-44e0-aa35-97c12a2f72a3@group-3F41E8AD953A, cid=2931, SUCCESS, logIndex=4365, commits[aeb608e6-131f-44e0-aa35-97c12a2f72a3:c4365, b6a0d396-0e26-402b-ac58-4f0615a4fad6:c4361, 8b17640a-2548-4323-bd97-ba3488877b23:c4361]
2019-08-20 11:35:54,402 INFO  client.GrpcClientProtocolClient (GrpcClientProtocolClient.java:onNext(255)) - client-FC58CAF12498->aeb608e6-131f-44e0-aa35-97c12a2f72a3: receive RaftClientReply:client-FC58CAF12498->aeb608e6-131f-44e0-aa35-97c12a2f72a3@group-3F41E8AD953A, cid=2932, SUCCESS, logIndex=0, commits[aeb608e6-131f-44e0-aa35-97c12a2f72a3:c4367, b6a0d396-0e26-402b-ac58-4f0615a4fad6:c4363, 8b17640a-2548-4323-bd97-ba3488877b23:c4363]
2019-08-20 11:35:54,420 INFO  client.GrpcClientProtocolClient (GrpcClientProtocolClient.java:onNext(255)) - client-FC58CAF12498->aeb608e6-131f-44e0-aa35-97c12a2f72a3: receive RaftClientReply:client-FC58CAF12498->aeb608e6-131f-44e0-aa35-97c12a2f72a3@group-3F41E8AD953A, cid=2933, SUCCESS, logIndex=4370, commits[aeb608e6-131f-44e0-aa35-97c12a2f72a3:c4371, b6a0d396-0e26-402b-ac58-4f0615a4fad6:c4369, 8b17640a-2548-4323-bd97-ba3488877b23:c4369]
2019-08-20 11:35:54,420 INFO  client.GrpcClientProtocolClient (GrpcClientProtocolClient.java:onNext(255)) - client-FC58CAF12498->aeb608e6-131f-44e0-aa35-97c12a2f72a3: receive RaftClientReply:client-FC58CAF12498->aeb608e6-131f-44e0-aa35-97c12a2f72a3@group-3F41E8AD953A, cid=2934, SUCCESS, logIndex=4371, commits[aeb608e6-131f-44e0-aa35-97c12a2f72a3:c4371, b6a0d396-0e26-402b-ac58-4f0615a4fad6:c4369, 8b17640a-2548-4323-bd97-ba3488877b23:c4369]
2019-08-20 11:35:54,435 INFO  client.GrpcClientProtocolClient (GrpcClientProtocolClient.java:onNext(255)) - client-FC58CAF12498->aeb608e6-131f-44e0-aa35-97c12a2f72a3: receive RaftClientReply:client-FC58CAF12498->aeb608e6-131f-44e0-aa35-97c12a2f72a3@group-3F41E8AD953A, cid=2935, SUCCESS, logIndex=4374, commits[aeb608e6-131f-44e0-aa35-97c12a2f72a3:c4375, b6a0d396-0e26-402b-ac58-4f0615a4fad6:c4371, 8b17640a-2548-4323-bd97-ba3488877b23:c4371]
2019-08-20 11:35:54,435 INFO  client.GrpcClientProtocolClient (GrpcClientProtocolClient.java:onNext(255)) - client-FC58CAF12498->aeb608e6-131f-44e0-aa35-97c12a2f72a3: receive RaftClientReply:client-FC58CAF12498->aeb608e6-131f-44e0-aa35-97c12a2f72a3@group-3F41E8AD953A, cid=2936, SUCCESS, logIndex=4375, commits[aeb608e6-131f-44e0-aa35-97c12a2f72a3:c4375, b6a0d396-0e26-402b-ac58-4f0615a4fad6:c4371, 8b17640a-2548-4323-bd97-ba3488877b23:c4371]
2019-08-20 11:35:54,449 INFO  client.GrpcClientProtocolClient (GrpcClientProtocolClient.java:onNext(255)) - client-FC58CAF12498->aeb608e6-131f-44e0-aa35-97c12a2f72a3: receive RaftClientReply:client-FC58CAF12498->aeb608e6-131f-44e0-aa35-97c12a2f72a3@group-3F41E8AD953A, cid=2937, SUCCESS, logIndex=0, commits[aeb608e6-131f-44e0-aa35-97c12a2f72a3:c4377, b6a0d396-0e26-402b-ac58-4f0615a4fad6:c4375, 8b17640a-2548-4323-bd97-ba3488877b23:c4375]
 0.00% |█                                                                                                    |  0/1 Time: 0:00:282019-08-20 11:35:54,483 INFO  client.GrpcClientProtocolClient (GrpcClientProtocolClient.java:onNext(255)) - client-FC58CAF12498->aeb608e6-131f-44e0-aa35-97c12a2f72a3: receive RaftClientReply:client-FC58CAF12498->aeb608e6-131f-44e0-aa35-97c12a2f72a3@group-3F41E8AD953A, cid=2938, SUCCESS, logIndex=4378, commits[aeb608e6-131f-44e0-aa35-97c12a2f72a3:c4379, b6a0d396-0e26-402b-ac58-4f0615a4fad6:c4377, 8b17640a-2548-4323-bd97-ba3488877b23:c4377]
2019-08-20 11:35:54,484 INFO  client.GrpcClientProtocolClient (GrpcClientProtocolClient.java:onNext(255)) - client-FC58CAF12498->aeb608e6-131f-44e0-aa35-97c12a2f72a3: receive RaftClientReply:client-FC58CAF12498->aeb608e6-131f-44e0-aa35-97c12a2f72a3@group-3F41E8AD953A, cid=2939, SUCCESS, logIndex=4379, commits[aeb608e6-131f-44e0-aa35-97c12a2f72a3:c4379, b6a0d396-0e26-402b-ac58-4f0615a4fad6:c4377, 8b17640a-2548-4323-bd97-ba3488877b23:c4377]
2019-08-20 11:35:54,491 INFO  client.GrpcClientProtocolClient (GrpcClientProtocolClient.java:onNext(255)) - client-FC58CAF12498->aeb608e6-131f-44e0-aa35-97c12a2f72a3: receive RaftClientReply:client-FC58CAF12498->aeb608e6-131f-44e0-aa35-97c12a2f72a3@group-3F41E8AD953A, cid=2940, SUCCESS, logIndex=4380, commits[aeb608e6-131f-44e0-aa35-97c12a2f72a3:c4381, b6a0d396-0e26-402b-ac58-4f0615a4fad6:c4377, 8b17640a-2548-4323-bd97-ba3488877b23:c4377]
2019-08-20 11:35:54,492 INFO  client.GrpcClientProtocolClient (GrpcClientProtocolClient.java:onNext(255)) - client-FC58CAF12498->aeb608e6-131f-44e0-aa35-97c12a2f72a3: receive RaftClientReply:client-FC58CAF12498->aeb608e6-131f-44e0-aa35-97c12a2f72a3@group-3F41E8AD953A, cid=2941, SUCCESS, logIndex=4381, commits[aeb608e6-131f-44e0-aa35-97c12a2f72a3:c4381, b6a0d396-0e26-402b-ac58-4f0615a4fad6:c4377, 8b17640a-2548-4323-bd97-ba3488877b23:c4377]
2019-08-20 11:35:54,505 INFO  client.GrpcClientProtocolClient (GrpcClientProtocolClient.java:onNext(255)) - client-FC58CAF12498->aeb608e6-131f-44e0-aa35-97c12a2f72a3: receive RaftClientReply:client-FC58CAF12498->aeb608e6-131f-44e0-aa35-97c12a2f72a3@group-3F41E8AD953A, cid=2942, SUCCESS, logIndex=0, commits[aeb608e6-131f-44e0-aa35-97c12a2f72a3:c4382, b6a0d396-0e26-402b-ac58-4f0615a4fad6:c4379, 8b17640a-2548-4323-bd97-ba3488877b23:c4379]
2019-08-20 11:35:54,525 INFO  client.GrpcClientProtocolClient (GrpcClientProtocolClient.java:onNext(255)) - client-FC58CAF12498->aeb608e6-131f-44e0-aa35-97c12a2f72a3: receive RaftClientReply:client-FC58CAF12498->aeb608e6-131f-44e0-aa35-97c12a2f72a3@group-3F41E8AD953A, cid=2943, SUCCESS, logIndex=4385, commits[aeb608e6-131f-44e0-aa35-97c12a2f72a3:c4386, b6a0d396-0e26-402b-ac58-4f0615a4fad6:c4383, 8b17640a-2548-4323-bd97-ba3488877b23:c4383]
2019-08-20 11:35:54,526 INFO  client.GrpcClientProtocolClient (GrpcClientProtocolClient.java:onNext(255)) - client-FC58CAF12498->aeb608e6-131f-44e0-aa35-97c12a2f72a3: receive RaftClientReply:client-FC58CAF12498->aeb608e6-131f-44e0-aa35-97c12a2f72a3@group-3F41E8AD953A, cid=2944, SUCCESS, logIndex=4386, commits[aeb608e6-131f-44e0-aa35-97c12a2f72a3:c4386, b6a0d396-0e26-402b-ac58-4f0615a4fad6:c4383, 8b17640a-2548-4323-bd97-ba3488877b23:c4383]
2019-08-20 11:35:54,548 INFO  client.GrpcClientProtocolClient (GrpcClientProtocolClient.java:onNext(255)) - client-FC58CAF12498->aeb608e6-131f-44e0-aa35-97c12a2f72a3: receive RaftClientReply:client-FC58CAF12498->aeb608e6-131f-44e0-aa35-97c12a2f72a3@group-3F41E8AD953A, cid=2945, SUCCESS, logIndex=4389, commits[aeb608e6-131f-44e0-aa35-97c12a2f72a3:c4390, b6a0d396-0e26-402b-ac58-4f0615a4fad6:c4386, 8b17640a-2548-4323-bd97-ba3488877b23:c4386]
2019-08-20 11:35:54,549 INFO  client.GrpcClientProtocolClient (GrpcClientProtocolClient.java:onNext(255)) - client-FC58CAF12498->aeb608e6-131f-44e0-aa35-97c12a2f72a3: receive RaftClientReply:client-FC58CAF12498->aeb608e6-131f-44e0-aa35-97c12a2f72a3@group-3F41E8AD953A, cid=2946, SUCCESS, logIndex=4390, commits[aeb608e6-131f-44e0-aa35-97c12a2f72a3:c4390, b6a0d396-0e26-402b-ac58-4f0615a4fad6:c4386, 8b17640a-2548-4323-bd97-ba3488877b23:c4386]
2019-08-20 11:35:54,570 INFO  client.GrpcClientProtocolClient (GrpcClientProtocolClient.java:onNext(255)) - client-FC58CAF12498->aeb608e6-131f-44e0-aa35-97c12a2f72a3: receive RaftClientReply:client-FC58CAF12498->aeb608e6-131f-44e0-aa35-97c12a2f72a3@group-3F41E8AD953A, cid=2947, SUCCESS, logIndex=0, commits[aeb608e6-131f-44e0-aa35-97c12a2f72a3:c4392, b6a0d396-0e26-402b-ac58-4f0615a4fad6:c4390, 8b17640a-2548-4323-bd97-ba3488877b23:c4390]
2019-08-20 11:35:54,705 INFO  client.GrpcClientProtocolClient (GrpcClientProtocolClient.java:onNext(255)) - client-FC58CAF12498->aeb608e6-131f-44e0-aa35-97c12a2f72a3: receive RaftClientReply:client-FC58CAF12498->aeb608e6-131f-44e0-aa35-97c12a2f72a3@group-3F41E8AD953A, cid=2948, SUCCESS, logIndex=4393, commits[aeb608e6-131f-44e0-aa35-97c12a2f72a3:c4394, b6a0d396-0e26-402b-ac58-4f0615a4fad6:c4392, 8b17640a-2548-4323-bd97-ba3488877b23:c4392]
2019-08-20 11:35:54,705 INFO  client.GrpcClientProtocolClient (GrpcClientProtocolClient.java:onNext(255)) - client-FC58CAF12498->aeb608e6-131f-44e0-aa35-97c12a2f72a3: receive RaftClientReply:client-FC58CAF12498->aeb608e6-131f-44e0-aa35-97c12a2f72a3@group-3F41E8AD953A, cid=2949, SUCCESS, logIndex=4394, commits[aeb608e6-131f-44e0-aa35-97c12a2f72a3:c4396, b6a0d396-0e26-402b-ac58-4f0615a4fad6:c4392, 8b17640a-2548-4323-bd97-ba3488877b23:c4392]
2019-08-20 11:35:54,706 INFO  client.GrpcClientProtocolClient (GrpcClientProtocolClient.java:onNext(255)) - client-FC58CAF12498->aeb608e6-131f-44e0-aa35-97c12a2f72a3: receive RaftClientReply:client-FC58CAF12498->aeb608e6-131f-44e0-aa35-97c12a2f72a3@group-3F41E8AD953A, cid=2950, SUCCESS, logIndex=4395, commits[aeb608e6-131f-44e0-aa35-97c12a2f72a3:c4396, b6a0d396-0e26-402b-ac58-4f0615a4fad6:c4392, 8b17640a-2548-4323-bd97-ba3488877b23:c4392]
2019-08-20 11:35:54,706 INFO  client.GrpcClientProtocolClient (GrpcClientProtocolClient.java:onNext(255)) - client-FC58CAF12498->aeb608e6-131f-44e0-aa35-97c12a2f72a3: receive RaftClientReply:client-FC58CAF12498->aeb608e6-131f-44e0-aa35-97c12a2f72a3@group-3F41E8AD953A, cid=2951, SUCCESS, logIndex=4396, commits[aeb608e6-131f-44e0-aa35-97c12a2f72a3:c4396, b6a0d396-0e26-402b-ac58-4f0615a4fad6:c4392, 8b17640a-2548-4323-bd97-ba3488877b23:c4392]
2019-08-20 11:35:54,716 INFO  client.GrpcClientProtocolClient (GrpcClientProtocolClient.java:onNext(255)) - client-FC58CAF12498->aeb608e6-131f-44e0-aa35-97c12a2f72a3: receive RaftClientReply:client-FC58CAF12498->aeb608e6-131f-44e0-aa35-97c12a2f72a3@group-3F41E8AD953A, cid=2952, SUCCESS, logIndex=0, commits[aeb608e6-131f-44e0-aa35-97c12a2f72a3:c4398, b6a0d396-0e26-402b-ac58-4f0615a4fad6:c4394, 8b17640a-2548-4323-bd97-ba3488877b23:c4394]
2019-08-20 11:35:54,735 INFO  client.GrpcClientProtocolClient (GrpcClientProtocolClient.java:onNext(255)) - client-FC58CAF12498->aeb608e6-131f-44e0-aa35-97c12a2f72a3: receive RaftClientReply:client-FC58CAF12498->aeb608e6-131f-44e0-aa35-97c12a2f72a3@group-3F41E8AD953A, cid=2953, SUCCESS, logIndex=4401, commits[aeb608e6-131f-44e0-aa35-97c12a2f72a3:c4402, b6a0d396-0e26-402b-ac58-4f0615a4fad6:c4400, 8b17640a-2548-4323-bd97-ba3488877b23:c4400]
2019-08-20 11:35:54,735 INFO  client.GrpcClientProtocolClient (GrpcClientProtocolClient.java:onNext(255)) - client-FC58CAF12498->aeb608e6-131f-44e0-aa35-97c12a2f72a3: receive RaftClientReply:client-FC58CAF12498->aeb608e6-131f-44e0-aa35-97c12a2f72a3@group-3F41E8AD953A, cid=2954, SUCCESS, logIndex=4402, commits[aeb608e6-131f-44e0-aa35-97c12a2f72a3:c4402, b6a0d396-0e26-402b-ac58-4f0615a4fad6:c4400, 8b17640a-2548-4323-bd97-ba3488877b23:c4400]
2019-08-20 11:35:54,749 INFO  client.GrpcClientProtocolClient (GrpcClientProtocolClient.java:onNext(255)) - client-FC58CAF12498->aeb608e6-131f-44e0-aa35-97c12a2f72a3: receive RaftClientReply:client-FC58CAF12498->aeb608e6-131f-44e0-aa35-97c12a2f72a3@group-3F41E8AD953A, cid=2955, SUCCESS, logIndex=4405, commits[aeb608e6-131f-44e0-aa35-97c12a2f72a3:c4406, b6a0d396-0e26-402b-ac58-4f0615a4fad6:c4402, 8b17640a-2548-4323-bd97-ba3488877b23:c4402]
2019-08-20 11:35:54,750 INFO  client.GrpcClientProtocolClient (GrpcClientProtocolClient.java:onNext(255)) - client-FC58CAF12498->aeb608e6-131f-44e0-aa35-97c12a2f72a3: receive RaftClientReply:client-FC58CAF12498->aeb608e6-131f-44e0-aa35-97c12a2f72a3@group-3F41E8AD953A, cid=2956, SUCCESS, logIndex=4406, commits[aeb608e6-131f-44e0-aa35-97c12a2f72a3:c4406, b6a0d396-0e26-402b-ac58-4f0615a4fad6:c4402, 8b17640a-2548-4323-bd97-ba3488877b23:c4402]
2019-08-20 11:35:54,764 INFO  client.GrpcClientProtocolClient (GrpcClientProtocolClient.java:onNext(255)) - client-FC58CAF12498->aeb608e6-131f-44e0-aa35-97c12a2f72a3: receive RaftClientReply:client-FC58CAF12498->aeb608e6-131f-44e0-aa35-97c12a2f72a3@group-3F41E8AD953A, cid=2957, SUCCESS, logIndex=0, commits[aeb608e6-131f-44e0-aa35-97c12a2f72a3:c4408, b6a0d396-0e26-402b-ac58-4f0615a4fad6:c4406, 8b17640a-2548-4323-bd97-ba3488877b23:c4406]
2019-08-20 11:35:54,784 INFO  client.GrpcClientProtocolClient (GrpcClientProtocolClient.java:onNext(255)) - client-FC58CAF12498->aeb608e6-131f-44e0-aa35-97c12a2f72a3: receive RaftClientReply:client-FC58CAF12498->aeb608e6-131f-44e0-aa35-97c12a2f72a3@group-3F41E8AD953A, cid=2958, SUCCESS, logIndex=4409, commits[aeb608e6-131f-44e0-aa35-97c12a2f72a3:c4410, b6a0d396-0e26-402b-ac58-4f0615a4fad6:c4408, 8b17640a-2548-4323-bd97-ba3488877b23:c4406]
2019-08-20 11:35:54,785 INFO  client.GrpcClientProtocolClient (GrpcClientProtocolClient.java:onNext(255)) - client-FC58CAF12498->aeb608e6-131f-44e0-aa35-97c12a2f72a3: receive RaftClientReply:client-FC58CAF12498->aeb608e6-131f-44e0-aa35-97c12a2f72a3@group-3F41E8AD953A, cid=2959, SUCCESS, logIndex=4410, commits[aeb608e6-131f-44e0-aa35-97c12a2f72a3:c4410, b6a0d396-0e26-402b-ac58-4f0615a4fad6:c4408, 8b17640a-2548-4323-bd97-ba3488877b23:c4408]
2019-08-20 11:35:54,787 INFO  client.GrpcClientProtocolClient (GrpcClientProtocolClient.java:onNext(255)) - client-FC58CAF12498->aeb608e6-131f-44e0-aa35-97c12a2f72a3: receive RaftClientReply:client-FC58CAF12498->aeb608e6-131f-44e0-aa35-97c12a2f72a3@group-3F41E8AD953A, cid=2960, SUCCESS, logIndex=4411, commits[aeb608e6-131f-44e0-aa35-97c12a2f72a3:c4412, b6a0d396-0e26-402b-ac58-4f0615a4fad6:c4408, 8b17640a-2548-4323-bd97-ba3488877b23:c4408]
2019-08-20 11:35:54,787 INFO  client.GrpcClientProtocolClient (GrpcClientProtocolClient.java:onNext(255)) - client-FC58CAF12498->aeb608e6-131f-44e0-aa35-97c12a2f72a3: receive RaftClientReply:client-FC58CAF12498->aeb608e6-131f-44e0-aa35-97c12a2f72a3@group-3F41E8AD953A, cid=2961, SUCCESS, logIndex=4412, commits[aeb608e6-131f-44e0-aa35-97c12a2f72a3:c4412, b6a0d396-0e26-402b-ac58-4f0615a4fad6:c4408, 8b17640a-2548-4323-bd97-ba3488877b23:c4408]
2019-08-20 11:35:54,802 INFO  client.GrpcClientProtocolClient (GrpcClientProtocolClient.java:onNext(255)) - client-FC58CAF12498->aeb608e6-131f-44e0-aa35-97c12a2f72a3: receive RaftClientReply:client-FC58CAF12498->aeb608e6-131f-44e0-aa35-97c12a2f72a3@group-3F41E8AD953A, cid=2962, SUCCESS, logIndex=0, commits[aeb608e6-131f-44e0-aa35-97c12a2f72a3:c4415, b6a0d396-0e26-402b-ac58-4f0615a4fad6:c4412, 8b17640a-2548-4323-bd97-ba3488877b23:c4410]
2019-08-20 11:35:54,823 INFO  client.GrpcClientProtocolClient (GrpcClientProtocolClient.java:onNext(255)) - client-FC58CAF12498->aeb608e6-131f-44e0-aa35-97c12a2f72a3: receive RaftClientReply:client-FC58CAF12498->aeb608e6-131f-44e0-aa35-97c12a2f72a3@group-3F41E8AD953A, cid=2963, SUCCESS, logIndex=4416, commits[aeb608e6-131f-44e0-aa35-97c12a2f72a3:c4417, b6a0d396-0e26-402b-ac58-4f0615a4fad6:c4415, 8b17640a-2548-4323-bd97-ba3488877b23:c4415]
2019-08-20 11:35:54,823 INFO  client.GrpcClientProtocolClient (GrpcClientProtocolClient.java:onNext(255)) - client-FC58CAF12498->aeb608e6-131f-44e0-aa35-97c12a2f72a3: receive RaftClientReply:client-FC58CAF12498->aeb608e6-131f-44e0-aa35-97c12a2f72a3@group-3F41E8AD953A, cid=2964, SUCCESS, logIndex=4417, commits[aeb608e6-131f-44e0-aa35-97c12a2f72a3:c4417, b6a0d396-0e26-402b-ac58-4f0615a4fad6:c4415, 8b17640a-2548-4323-bd97-ba3488877b23:c4415]
2019-08-20 11:35:54,847 INFO  client.GrpcClientProtocolClient (GrpcClientProtocolClient.java:onNext(255)) - client-FC58CAF12498->aeb608e6-131f-44e0-aa35-97c12a2f72a3: receive RaftClientReply:client-FC58CAF12498->aeb608e6-131f-44e0-aa35-97c12a2f72a3@group-3F41E8AD953A, cid=2965, SUCCESS, logIndex=4420, commits[aeb608e6-131f-44e0-aa35-97c12a2f72a3:c4421, b6a0d396-0e26-402b-ac58-4f0615a4fad6:c4417, 8b17640a-2548-4323-bd97-ba3488877b23:c4417]
2019-08-20 11:35:54,847 INFO  client.GrpcClientProtocolClient (GrpcClientProtocolClient.java:onNext(255)) - client-FC58CAF12498->aeb608e6-131f-44e0-aa35-97c12a2f72a3: receive RaftClientReply:client-FC58CAF12498->aeb608e6-131f-44e0-aa35-97c12a2f72a3@group-3F41E8AD953A, cid=2966, SUCCESS, logIndex=4421, commits[aeb608e6-131f-44e0-aa35-97c12a2f72a3:c4421, b6a0d396-0e26-402b-ac58-4f0615a4fad6:c4417, 8b17640a-2548-4323-bd97-ba3488877b23:c4417]
2019-08-20 11:35:54,862 INFO  client.GrpcClientProtocolClient (GrpcClientProtocolClient.java:onNext(255)) - client-FC58CAF12498->aeb608e6-131f-44e0-aa35-97c12a2f72a3: receive RaftClientReply:client-FC58CAF12498->aeb608e6-131f-44e0-aa35-97c12a2f72a3@group-3F41E8AD953A, cid=2967, SUCCESS, logIndex=0, commits[aeb608e6-131f-44e0-aa35-97c12a2f72a3:c4423, b6a0d396-0e26-402b-ac58-4f0615a4fad6:c4421, 8b17640a-2548-4323-bd97-ba3488877b23:c4421]
2019-08-20 11:35:54,889 INFO  client.GrpcClientProtocolClient (GrpcClientProtocolClient.java:onNext(255)) - client-FC58CAF12498->aeb608e6-131f-44e0-aa35-97c12a2f72a3: receive RaftClientReply:client-FC58CAF12498->aeb608e6-131f-44e0-aa35-97c12a2f72a3@group-3F41E8AD953A, cid=2968, SUCCESS, logIndex=4424, commits[aeb608e6-131f-44e0-aa35-97c12a2f72a3:c4425, b6a0d396-0e26-402b-ac58-4f0615a4fad6:c4423, 8b17640a-2548-4323-bd97-ba3488877b23:c4423]
2019-08-20 11:35:54,889 INFO  client.GrpcClientProtocolClient (GrpcClientProtocolClient.java:onNext(255)) - client-FC58CAF12498->aeb608e6-131f-44e0-aa35-97c12a2f72a3: receive RaftClientReply:client-FC58CAF12498->aeb608e6-131f-44e0-aa35-97c12a2f72a3@group-3F41E8AD953A, cid=2969, SUCCESS, logIndex=4425, commits[aeb608e6-131f-44e0-aa35-97c12a2f72a3:c4425, b6a0d396-0e26-402b-ac58-4f0615a4fad6:c4423, 8b17640a-2548-4323-bd97-ba3488877b23:c4423]
2019-08-20 11:35:54,890 INFO  client.GrpcClientProtocolClient (GrpcClientProtocolClient.java:onNext(255)) - client-FC58CAF12498->aeb608e6-131f-44e0-aa35-97c12a2f72a3: receive RaftClientReply:client-FC58CAF12498->aeb608e6-131f-44e0-aa35-97c12a2f72a3@group-3F41E8AD953A, cid=2970, SUCCESS, logIndex=4426, commits[aeb608e6-131f-44e0-aa35-97c12a2f72a3:c4426, b6a0d396-0e26-402b-ac58-4f0615a4fad6:c4423, 8b17640a-2548-4323-bd97-ba3488877b23:c4423]
2019-08-20 11:35:54,891 INFO  client.GrpcClientProtocolClient (GrpcClientProtocolClient.java:onNext(255)) - client-FC58CAF12498->aeb608e6-131f-44e0-aa35-97c12a2f72a3: receive RaftClientReply:client-FC58CAF12498->aeb608e6-131f-44e0-aa35-97c12a2f72a3@group-3F41E8AD953A, cid=2971, SUCCESS, logIndex=4427, commits[aeb608e6-131f-44e0-aa35-97c12a2f72a3:c4427, b6a0d396-0e26-402b-ac58-4f0615a4fad6:c4423, 8b17640a-2548-4323-bd97-ba3488877b23:c4423]
2019-08-20 11:35:54,902 INFO  client.GrpcClientProtocolClient (GrpcClientProtocolClient.java:onNext(255)) - client-FC58CAF12498->aeb608e6-131f-44e0-aa35-97c12a2f72a3: receive RaftClientReply:client-FC58CAF12498->aeb608e6-131f-44e0-aa35-97c12a2f72a3@group-3F41E8AD953A, cid=2972, SUCCESS, logIndex=0, commits[aeb608e6-131f-44e0-aa35-97c12a2f72a3:c4429, b6a0d396-0e26-402b-ac58-4f0615a4fad6:c4425, 8b17640a-2548-4323-bd97-ba3488877b23:c4425]
2019-08-20 11:35:54,920 INFO  client.GrpcClientProtocolClient (GrpcClientProtocolClient.java:onNext(255)) - client-FC58CAF12498->aeb608e6-131f-44e0-aa35-97c12a2f72a3: receive RaftClientReply:client-FC58CAF12498->aeb608e6-131f-44e0-aa35-97c12a2f72a3@group-3F41E8AD953A, cid=2973, SUCCESS, logIndex=4432, commits[aeb608e6-131f-44e0-aa35-97c12a2f72a3:c4433, b6a0d396-0e26-402b-ac58-4f0615a4fad6:c4431, 8b17640a-2548-4323-bd97-ba3488877b23:c4431]
2019-08-20 11:35:54,920 INFO  client.GrpcClientProtocolClient (GrpcClientProtocolClient.java:onNext(255)) - client-FC58CAF12498->aeb608e6-131f-44e0-aa35-97c12a2f72a3: receive RaftClientReply:client-FC58CAF12498->aeb608e6-131f-44e0-aa35-97c12a2f72a3@group-3F41E8AD953A, cid=2974, SUCCESS, logIndex=4433, commits[aeb608e6-131f-44e0-aa35-97c12a2f72a3:c4433, b6a0d396-0e26-402b-ac58-4f0615a4fad6:c4431, 8b17640a-2548-4323-bd97-ba3488877b23:c4431]
2019-08-20 11:35:54,939 INFO  client.GrpcClientProtocolClient (GrpcClientProtocolClient.java:onNext(255)) - client-FC58CAF12498->aeb608e6-131f-44e0-aa35-97c12a2f72a3: receive RaftClientReply:client-FC58CAF12498->aeb608e6-131f-44e0-aa35-97c12a2f72a3@group-3F41E8AD953A, cid=2975, SUCCESS, logIndex=4436, commits[aeb608e6-131f-44e0-aa35-97c12a2f72a3:c4437, b6a0d396-0e26-402b-ac58-4f0615a4fad6:c4435, 8b17640a-2548-4323-bd97-ba3488877b23:c4435]
2019-08-20 11:35:54,939 INFO  client.GrpcClientProtocolClient (GrpcClientProtocolClient.java:onNext(255)) - client-FC58CAF12498->aeb608e6-131f-44e0-aa35-97c12a2f72a3: receive RaftClientReply:client-FC58CAF12498->aeb608e6-131f-44e0-aa35-97c12a2f72a3@group-3F41E8AD953A, cid=2976, SUCCESS, logIndex=4437, commits[aeb608e6-131f-44e0-aa35-97c12a2f72a3:c4437, b6a0d396-0e26-402b-ac58-4f0615a4fad6:c4435, 8b17640a-2548-4323-bd97-ba3488877b23:c4435]
2019-08-20 11:35:54,953 INFO  client.GrpcClientProtocolClient (GrpcClientProtocolClient.java:onNext(255)) - client-FC58CAF12498->aeb608e6-131f-44e0-aa35-97c12a2f72a3: receive RaftClientReply:client-FC58CAF12498->aeb608e6-131f-44e0-aa35-97c12a2f72a3@group-3F41E8AD953A, cid=2977, SUCCESS, logIndex=0, commits[aeb608e6-131f-44e0-aa35-97c12a2f72a3:c4439, b6a0d396-0e26-402b-ac58-4f0615a4fad6:c4437, 8b17640a-2548-4323-bd97-ba3488877b23:c4437]
2019-08-20 11:35:54,980 INFO  client.GrpcClientProtocolClient (GrpcClientProtocolClient.java:onNext(255)) - client-FC58CAF12498->aeb608e6-131f-44e0-aa35-97c12a2f72a3: receive RaftClientReply:client-FC58CAF12498->aeb608e6-131f-44e0-aa35-97c12a2f72a3@group-3F41E8AD953A, cid=2978, SUCCESS, logIndex=4440, commits[aeb608e6-131f-44e0-aa35-97c12a2f72a3:c4441, b6a0d396-0e26-402b-ac58-4f0615a4fad6:c4437, 8b17640a-2548-4323-bd97-ba3488877b23:c4439]
2019-08-20 11:35:54,980 INFO  client.GrpcClientProtocolClient (GrpcClientProtocolClient.java:onNext(255)) - client-FC58CAF12498->aeb608e6-131f-44e0-aa35-97c12a2f72a3: receive RaftClientReply:client-FC58CAF12498->aeb608e6-131f-44e0-aa35-97c12a2f72a3@group-3F41E8AD953A, cid=2979, SUCCESS, logIndex=4441, commits[aeb608e6-131f-44e0-aa35-97c12a2f72a3:c4441, b6a0d396-0e26-402b-ac58-4f0615a4fad6:c4437, 8b17640a-2548-4323-bd97-ba3488877b23:c4439]
2019-08-20 11:35:54,983 INFO  client.GrpcClientProtocolClient (GrpcClientProtocolClient.java:onNext(255)) - client-FC58CAF12498->aeb608e6-131f-44e0-aa35-97c12a2f72a3: receive RaftClientReply:client-FC58CAF12498->aeb608e6-131f-44e0-aa35-97c12a2f72a3@group-3F41E8AD953A, cid=2980, SUCCESS, logIndex=4442, commits[aeb608e6-131f-44e0-aa35-97c12a2f72a3:c4443, b6a0d396-0e26-402b-ac58-4f0615a4fad6:c4439, 8b17640a-2548-4323-bd97-ba3488877b23:c4439]
2019-08-20 11:35:54,984 INFO  client.GrpcClientProtocolClient (GrpcClientProtocolClient.java:onNext(255)) - client-FC58CAF12498->aeb608e6-131f-44e0-aa35-97c12a2f72a3: receive RaftClientReply:client-FC58CAF12498->aeb608e6-131f-44e0-aa35-97c12a2f72a3@group-3F41E8AD953A, cid=2981, SUCCESS, logIndex=4443, commits[aeb608e6-131f-44e0-aa35-97c12a2f72a3:c4443, b6a0d396-0e26-402b-ac58-4f0615a4fad6:c4439, 8b17640a-2548-4323-bd97-ba3488877b23:c4439]
2019-08-20 11:35:54,996 INFO  client.GrpcClientProtocolClient (GrpcClientProtocolClient.java:onNext(255)) - client-FC58CAF12498->aeb608e6-131f-44e0-aa35-97c12a2f72a3: receive RaftClientReply:client-FC58CAF12498->aeb608e6-131f-44e0-aa35-97c12a2f72a3@group-3F41E8AD953A, cid=2982, SUCCESS, logIndex=0, commits[aeb608e6-131f-44e0-aa35-97c12a2f72a3:c4446, b6a0d396-0e26-402b-ac58-4f0615a4fad6:c4443, 8b17640a-2548-4323-bd97-ba3488877b23:c4441]
2019-08-20 11:35:55,006 INFO  client.GrpcClientProtocolClient (GrpcClientProtocolClient.java:onNext(255)) - client-FC58CAF12498->aeb608e6-131f-44e0-aa35-97c12a2f72a3: receive RaftClientReply:client-FC58CAF12498->aeb608e6-131f-44e0-aa35-97c12a2f72a3@group-3F41E8AD953A, cid=2983, SUCCESS, logIndex=4447, commits[aeb608e6-131f-44e0-aa35-97c12a2f72a3:c4448, b6a0d396-0e26-402b-ac58-4f0615a4fad6:c4446, 8b17640a-2548-4323-bd97-ba3488877b23:c4443]
2019-08-20 11:35:55,006 INFO  client.GrpcClientProtocolClient (GrpcClientProtocolClient.java:onNext(255)) - client-FC58CAF12498->aeb608e6-131f-44e0-aa35-97c12a2f72a3: receive RaftClientReply:client-FC58CAF12498->aeb608e6-131f-44e0-aa35-97c12a2f72a3@group-3F41E8AD953A, cid=2984, SUCCESS, logIndex=4448, commits[aeb608e6-131f-44e0-aa35-97c12a2f72a3:c4448, b6a0d396-0e26-402b-ac58-4f0615a4fad6:c4446, 8b17640a-2548-4323-bd97-ba3488877b23:c4443]
2019-08-20 11:35:55,025 INFO  client.GrpcClientProtocolClient (GrpcClientProtocolClient.java:onNext(255)) - client-FC58CAF12498->aeb608e6-131f-44e0-aa35-97c12a2f72a3: receive RaftClientReply:client-FC58CAF12498->aeb608e6-131f-44e0-aa35-97c12a2f72a3@group-3F41E8AD953A, cid=2985, SUCCESS, logIndex=4451, commits[aeb608e6-131f-44e0-aa35-97c12a2f72a3:c4452, b6a0d396-0e26-402b-ac58-4f0615a4fad6:c4450, 8b17640a-2548-4323-bd97-ba3488877b23:c4450]
2019-08-20 11:35:55,026 INFO  client.GrpcClientProtocolClient (GrpcClientProtocolClient.java:onNext(255)) - client-FC58CAF12498->aeb608e6-131f-44e0-aa35-97c12a2f72a3: receive RaftClientReply:client-FC58CAF12498->aeb608e6-131f-44e0-aa35-97c12a2f72a3@group-3F41E8AD953A, cid=2986, SUCCESS, logIndex=4452, commits[aeb608e6-131f-44e0-aa35-97c12a2f72a3:c4452, b6a0d396-0e26-402b-ac58-4f0615a4fad6:c4450, 8b17640a-2548-4323-bd97-ba3488877b23:c4450]
2019-08-20 11:35:55,033 INFO  client.GrpcClientProtocolClient (GrpcClientProtocolClient.java:onNext(255)) - client-FC58CAF12498->aeb608e6-131f-44e0-aa35-97c12a2f72a3: receive RaftClientReply:client-FC58CAF12498->aeb608e6-131f-44e0-aa35-97c12a2f72a3@group-3F41E8AD953A, cid=2987, SUCCESS, logIndex=0, commits[aeb608e6-131f-44e0-aa35-97c12a2f72a3:c4453, b6a0d396-0e26-402b-ac58-4f0615a4fad6:c4452, 8b17640a-2548-4323-bd97-ba3488877b23:c4452]
2019-08-20 11:35:55,056 INFO  client.GrpcClientProtocolClient (GrpcClientProtocolClient.java:onNext(255)) - client-FC58CAF12498->aeb608e6-131f-44e0-aa35-97c12a2f72a3: receive RaftClientReply:client-FC58CAF12498->aeb608e6-131f-44e0-aa35-97c12a2f72a3@group-3F41E8AD953A, cid=2988, SUCCESS, logIndex=4455, commits[aeb608e6-131f-44e0-aa35-97c12a2f72a3:c4456, b6a0d396-0e26-402b-ac58-4f0615a4fad6:c4454, 8b17640a-2548-4323-bd97-ba3488877b23:c4454]
2019-08-20 11:35:55,056 INFO  client.GrpcClientProtocolClient (GrpcClientProtocolClient.java:onNext(255)) - client-FC58CAF12498->aeb608e6-131f-44e0-aa35-97c12a2f72a3: receive RaftClientReply:client-FC58CAF12498->aeb608e6-131f-44e0-aa35-97c12a2f72a3@group-3F41E8AD953A, cid=2989, SUCCESS, logIndex=4456, commits[aeb608e6-131f-44e0-aa35-97c12a2f72a3:c4458, b6a0d396-0e26-402b-ac58-4f0615a4fad6:c4454, 8b17640a-2548-4323-bd97-ba3488877b23:c4454]
2019-08-20 11:35:55,056 INFO  client.GrpcClientProtocolClient (GrpcClientProtocolClient.java:onNext(255)) - client-FC58CAF12498->aeb608e6-131f-44e0-aa35-97c12a2f72a3: receive RaftClientReply:client-FC58CAF12498->aeb608e6-131f-44e0-aa35-97c12a2f72a3@group-3F41E8AD953A, cid=2990, SUCCESS, logIndex=4457, commits[aeb608e6-131f-44e0-aa35-97c12a2f72a3:c4458, b6a0d396-0e26-402b-ac58-4f0615a4fad6:c4454, 8b17640a-2548-4323-bd97-ba3488877b23:c4454]
2019-08-20 11:35:55,056 INFO  client.GrpcClientProtocolClient (GrpcClientProtocolClient.java:onNext(255)) - client-FC58CAF12498->aeb608e6-131f-44e0-aa35-97c12a2f72a3: receive RaftClientReply:client-FC58CAF12498->aeb608e6-131f-44e0-aa35-97c12a2f72a3@group-3F41E8AD953A, cid=2991, SUCCESS, logIndex=4458, commits[aeb608e6-131f-44e0-aa35-97c12a2f72a3:c4458, b6a0d396-0e26-402b-ac58-4f0615a4fad6:c4454, 8b17640a-2548-4323-bd97-ba3488877b23:c4454]
2019-08-20 11:35:55,078 INFO  client.GrpcClientProtocolClient (GrpcClientProtocolClient.java:onNext(255)) - client-FC58CAF12498->aeb608e6-131f-44e0-aa35-97c12a2f72a3: receive RaftClientReply:client-FC58CAF12498->aeb608e6-131f-44e0-aa35-97c12a2f72a3@group-3F41E8AD953A, cid=2992, SUCCESS, logIndex=0, commits[aeb608e6-131f-44e0-aa35-97c12a2f72a3:c4462, b6a0d396-0e26-402b-ac58-4f0615a4fad6:c4456, 8b17640a-2548-4323-bd97-ba3488877b23:c4458]
2019-08-20 11:35:55,097 INFO  client.GrpcClientProtocolClient (GrpcClientProtocolClient.java:onNext(255)) - client-FC58CAF12498->aeb608e6-131f-44e0-aa35-97c12a2f72a3: receive RaftClientReply:client-FC58CAF12498->aeb608e6-131f-44e0-aa35-97c12a2f72a3@group-3F41E8AD953A, cid=2993, SUCCESS, logIndex=4463, commits[aeb608e6-131f-44e0-aa35-97c12a2f72a3:c4463, b6a0d396-0e26-402b-ac58-4f0615a4fad6:c4462, 8b17640a-2548-4323-bd97-ba3488877b23:c4462]
2019-08-20 11:35:55,098 INFO  client.GrpcClientProtocolClient (GrpcClientProtocolClient.java:onNext(255)) - client-FC58CAF12498->aeb608e6-131f-44e0-aa35-97c12a2f72a3: receive RaftClientReply:client-FC58CAF12498->aeb608e6-131f-44e0-aa35-97c12a2f72a3@group-3F41E8AD953A, cid=2994, SUCCESS, logIndex=4464, commits[aeb608e6-131f-44e0-aa35-97c12a2f72a3:c4464, b6a0d396-0e26-402b-ac58-4f0615a4fad6:c4462, 8b17640a-2548-4323-bd97-ba3488877b23:c4462]
2019-08-20 11:35:55,112 INFO  client.GrpcClientProtocolClient (GrpcClientProtocolClient.java:onNext(255)) - client-FC58CAF12498->aeb608e6-131f-44e0-aa35-97c12a2f72a3: receive RaftClientReply:client-FC58CAF12498->aeb608e6-131f-44e0-aa35-97c12a2f72a3@group-3F41E8AD953A, cid=2995, SUCCESS, logIndex=4467, commits[aeb608e6-131f-44e0-aa35-97c12a2f72a3:c4468, b6a0d396-0e26-402b-ac58-4f0615a4fad6:c4464, 8b17640a-2548-4323-bd97-ba3488877b23:c4464]
2019-08-20 11:35:55,112 INFO  client.GrpcClientProtocolClient (GrpcClientProtocolClient.java:onNext(255)) - client-FC58CAF12498->aeb608e6-131f-44e0-aa35-97c12a2f72a3: receive RaftClientReply:client-FC58CAF12498->aeb608e6-131f-44e0-aa35-97c12a2f72a3@group-3F41E8AD953A, cid=2996, SUCCESS, logIndex=4468, commits[aeb608e6-131f-44e0-aa35-97c12a2f72a3:c4468, b6a0d396-0e26-402b-ac58-4f0615a4fad6:c4464, 8b17640a-2548-4323-bd97-ba3488877b23:c4464]
2019-08-20 11:35:55,123 INFO  client.GrpcClientProtocolClient (GrpcClientProtocolClient.java:onNext(255)) - client-FC58CAF12498->aeb608e6-131f-44e0-aa35-97c12a2f72a3: receive RaftClientReply:client-FC58CAF12498->aeb608e6-131f-44e0-aa35-97c12a2f72a3@group-3F41E8AD953A, cid=2997, SUCCESS, logIndex=0, commits[aeb608e6-131f-44e0-aa35-97c12a2f72a3:c4469, b6a0d396-0e26-402b-ac58-4f0615a4fad6:c4468, 8b17640a-2548-4323-bd97-ba3488877b23:c4468]
2019-08-20 11:35:55,148 INFO  client.GrpcClientProtocolClient (GrpcClientProtocolClient.java:onNext(255)) - client-FC58CAF12498->aeb608e6-131f-44e0-aa35-97c12a2f72a3: receive RaftClientReply:client-FC58CAF12498->aeb608e6-131f-44e0-aa35-97c12a2f72a3@group-3F41E8AD953A, cid=2998, SUCCESS, logIndex=4471, commits[aeb608e6-131f-44e0-aa35-97c12a2f72a3:c4473, b6a0d396-0e26-402b-ac58-4f0615a4fad6:c4470, 8b17640a-2548-4323-bd97-ba3488877b23:c4470]
2019-08-20 11:35:55,149 INFO  client.GrpcClientProtocolClient (GrpcClientProtocolClient.java:onNext(255)) - client-FC58CAF12498->aeb608e6-131f-44e0-aa35-97c12a2f72a3: receive RaftClientReply:client-FC58CAF12498->aeb608e6-131f-44e0-aa35-97c12a2f72a3@group-3F41E8AD953A, cid=2999, SUCCESS, logIndex=4472, commits[aeb608e6-131f-44e0-aa35-97c12a2f72a3:c4474, b6a0d396-0e26-402b-ac58-4f0615a4fad6:c4470, 8b17640a-2548-4323-bd97-ba3488877b23:c4470]
2019-08-20 11:35:55,149 INFO  client.GrpcClientProtocolClient (GrpcClientProtocolClient.java:onNext(255)) - client-FC58CAF12498->aeb608e6-131f-44e0-aa35-97c12a2f72a3: receive RaftClientReply:client-FC58CAF12498->aeb608e6-131f-44e0-aa35-97c12a2f72a3@group-3F41E8AD953A, cid=3000, SUCCESS, logIndex=4473, commits[aeb608e6-131f-44e0-aa35-97c12a2f72a3:c4474, b6a0d396-0e26-402b-ac58-4f0615a4fad6:c4470, 8b17640a-2548-4323-bd97-ba3488877b23:c4470]
2019-08-20 11:35:55,149 INFO  client.GrpcClientProtocolClient (GrpcClientProtocolClient.java:onNext(255)) - client-FC58CAF12498->aeb608e6-131f-44e0-aa35-97c12a2f72a3: receive RaftClientReply:client-FC58CAF12498->aeb608e6-131f-44e0-aa35-97c12a2f72a3@group-3F41E8AD953A, cid=3001, SUCCESS, logIndex=4474, commits[aeb608e6-131f-44e0-aa35-97c12a2f72a3:c4474, b6a0d396-0e26-402b-ac58-4f0615a4fad6:c4470, 8b17640a-2548-4323-bd97-ba3488877b23:c4471]
2019-08-20 11:35:55,162 INFO  client.GrpcClientProtocolClient (GrpcClientProtocolClient.java:onNext(255)) - client-FC58CAF12498->aeb608e6-131f-44e0-aa35-97c12a2f72a3: receive RaftClientReply:client-FC58CAF12498->aeb608e6-131f-44e0-aa35-97c12a2f72a3@group-3F41E8AD953A, cid=3002, SUCCESS, logIndex=0, commits[aeb608e6-131f-44e0-aa35-97c12a2f72a3:c4478, b6a0d396-0e26-402b-ac58-4f0615a4fad6:c4474, 8b17640a-2548-4323-bd97-ba3488877b23:c4472]
2019-08-20 11:35:55,181 INFO  client.GrpcClientProtocolClient (GrpcClientProtocolClient.java:onNext(255)) - client-FC58CAF12498->aeb608e6-131f-44e0-aa35-97c12a2f72a3: receive RaftClientReply:client-FC58CAF12498->aeb608e6-131f-44e0-aa35-97c12a2f72a3@group-3F41E8AD953A, cid=3003, SUCCESS, logIndex=4479, commits[aeb608e6-131f-44e0-aa35-97c12a2f72a3:c4480, b6a0d396-0e26-402b-ac58-4f0615a4fad6:c4478, 8b17640a-2548-4323-bd97-ba3488877b23:c4478]
2019-08-20 11:35:55,182 INFO  client.GrpcClientProtocolClient (GrpcClientProtocolClient.java:onNext(255)) - client-FC58CAF12498->aeb608e6-131f-44e0-aa35-97c12a2f72a3: receive RaftClientReply:client-FC58CAF12498->aeb608e6-131f-44e0-aa35-97c12a2f72a3@group-3F41E8AD953A, cid=3004, SUCCESS, logIndex=4480, commits[aeb608e6-131f-44e0-aa35-97c12a2f72a3:c4480, b6a0d396-0e26-402b-ac58-4f0615a4fad6:c4478, 8b17640a-2548-4323-bd97-ba3488877b23:c4478]
2019-08-20 11:35:55,196 INFO  client.GrpcClientProtocolClient (GrpcClientProtocolClient.java:onNext(255)) - client-FC58CAF12498->aeb608e6-131f-44e0-aa35-97c12a2f72a3: receive RaftClientReply:client-FC58CAF12498->aeb608e6-131f-44e0-aa35-97c12a2f72a3@group-3F41E8AD953A, cid=3005, SUCCESS, logIndex=4483, commits[aeb608e6-131f-44e0-aa35-97c12a2f72a3:c4484, b6a0d396-0e26-402b-ac58-4f0615a4fad6:c4480, 8b17640a-2548-4323-bd97-ba3488877b23:c4480]
2019-08-20 11:35:55,196 INFO  client.GrpcClientProtocolClient (GrpcClientProtocolClient.java:onNext(255)) - client-FC58CAF12498->aeb608e6-131f-44e0-aa35-97c12a2f72a3: receive RaftClientReply:client-FC58CAF12498->aeb608e6-131f-44e0-aa35-97c12a2f72a3@group-3F41E8AD953A, cid=3006, SUCCESS, logIndex=4484, commits[aeb608e6-131f-44e0-aa35-97c12a2f72a3:c4484, b6a0d396-0e26-402b-ac58-4f0615a4fad6:c4480, 8b17640a-2548-4323-bd97-ba3488877b23:c4480]
2019-08-20 11:35:55,221 INFO  client.GrpcClientProtocolClient (GrpcClientProtocolClient.java:onNext(255)) - client-FC58CAF12498->aeb608e6-131f-44e0-aa35-97c12a2f72a3: receive RaftClientReply:client-FC58CAF12498->aeb608e6-131f-44e0-aa35-97c12a2f72a3@group-3F41E8AD953A, cid=3007, SUCCESS, logIndex=0, commits[aeb608e6-131f-44e0-aa35-97c12a2f72a3:c4486, b6a0d396-0e26-402b-ac58-4f0615a4fad6:c4484, 8b17640a-2548-4323-bd97-ba3488877b23:c4484]
2019-08-20 11:35:55,250 INFO  client.GrpcClientProtocolClient (GrpcClientProtocolClient.java:onNext(255)) - client-FC58CAF12498->aeb608e6-131f-44e0-aa35-97c12a2f72a3: receive RaftClientReply:client-FC58CAF12498->aeb608e6-131f-44e0-aa35-97c12a2f72a3@group-3F41E8AD953A, cid=3008, SUCCESS, logIndex=4487, commits[aeb608e6-131f-44e0-aa35-97c12a2f72a3:c4488, b6a0d396-0e26-402b-ac58-4f0615a4fad6:c4486, 8b17640a-2548-4323-bd97-ba3488877b23:c4486]
2019-08-20 11:35:55,250 INFO  client.GrpcClientProtocolClient (GrpcClientProtocolClient.java:onNext(255)) - client-FC58CAF12498->aeb608e6-131f-44e0-aa35-97c12a2f72a3: receive RaftClientReply:client-FC58CAF12498->aeb608e6-131f-44e0-aa35-97c12a2f72a3@group-3F41E8AD953A, cid=3009, SUCCESS, logIndex=4488, commits[aeb608e6-131f-44e0-aa35-97c12a2f72a3:c4488, b6a0d396-0e26-402b-ac58-4f0615a4fad6:c4486, 8b17640a-2548-4323-bd97-ba3488877b23:c4486]
2019-08-20 11:35:55,252 INFO  client.GrpcClientProtocolClient (GrpcClientProtocolClient.java:onNext(255)) - client-FC58CAF12498->aeb608e6-131f-44e0-aa35-97c12a2f72a3: receive RaftClientReply:client-FC58CAF12498->aeb608e6-131f-44e0-aa35-97c12a2f72a3@group-3F41E8AD953A, cid=3010, SUCCESS, logIndex=4489, commits[aeb608e6-131f-44e0-aa35-97c12a2f72a3:c4490, b6a0d396-0e26-402b-ac58-4f0615a4fad6:c4486, 8b17640a-2548-4323-bd97-ba3488877b23:c4486]
2019-08-20 11:35:55,252 INFO  client.GrpcClientProtocolClient (GrpcClientProtocolClient.java:onNext(255)) - client-FC58CAF12498->aeb608e6-131f-44e0-aa35-97c12a2f72a3: receive RaftClientReply:client-FC58CAF12498->aeb608e6-131f-44e0-aa35-97c12a2f72a3@group-3F41E8AD953A, cid=3011, SUCCESS, logIndex=4490, commits[aeb608e6-131f-44e0-aa35-97c12a2f72a3:c4490, b6a0d396-0e26-402b-ac58-4f0615a4fad6:c4486, 8b17640a-2548-4323-bd97-ba3488877b23:c4486]
2019-08-20 11:35:55,289 INFO  client.GrpcClientProtocolClient (GrpcClientProtocolClient.java:onNext(255)) - client-FC58CAF12498->aeb608e6-131f-44e0-aa35-97c12a2f72a3: receive RaftClientReply:client-FC58CAF12498->aeb608e6-131f-44e0-aa35-97c12a2f72a3@group-3F41E8AD953A, cid=3012, SUCCESS, logIndex=0, commits[aeb608e6-131f-44e0-aa35-97c12a2f72a3:c4492, b6a0d396-0e26-402b-ac58-4f0615a4fad6:c4488, 8b17640a-2548-4323-bd97-ba3488877b23:c4488]
2019-08-20 11:35:55,314 INFO  client.GrpcClientProtocolClient (GrpcClientProtocolClient.java:onNext(255)) - client-FC58CAF12498->aeb608e6-131f-44e0-aa35-97c12a2f72a3: receive RaftClientReply:client-FC58CAF12498->aeb608e6-131f-44e0-aa35-97c12a2f72a3@group-3F41E8AD953A, cid=3013, SUCCESS, logIndex=4495, commits[aeb608e6-131f-44e0-aa35-97c12a2f72a3:c4496, b6a0d396-0e26-402b-ac58-4f0615a4fad6:c4494, 8b17640a-2548-4323-bd97-ba3488877b23:c4494]
2019-08-20 11:35:55,314 INFO  client.GrpcClientProtocolClient (GrpcClientProtocolClient.java:onNext(255)) - client-FC58CAF12498->aeb608e6-131f-44e0-aa35-97c12a2f72a3: receive RaftClientReply:client-FC58CAF12498->aeb608e6-131f-44e0-aa35-97c12a2f72a3@group-3F41E8AD953A, cid=3014, SUCCESS, logIndex=4496, commits[aeb608e6-131f-44e0-aa35-97c12a2f72a3:c4496, b6a0d396-0e26-402b-ac58-4f0615a4fad6:c4494, 8b17640a-2548-4323-bd97-ba3488877b23:c4494]
2019-08-20 11:35:55,328 INFO  client.GrpcClientProtocolClient (GrpcClientProtocolClient.java:onNext(255)) - client-FC58CAF12498->aeb608e6-131f-44e0-aa35-97c12a2f72a3: receive RaftClientReply:client-FC58CAF12498->aeb608e6-131f-44e0-aa35-97c12a2f72a3@group-3F41E8AD953A, cid=3015, SUCCESS, logIndex=4499, commits[aeb608e6-131f-44e0-aa35-97c12a2f72a3:c4499, b6a0d396-0e26-402b-ac58-4f0615a4fad6:c4496, 8b17640a-2548-4323-bd97-ba3488877b23:c4496]
2019-08-20 11:35:55,328 INFO  client.GrpcClientProtocolClient (GrpcClientProtocolClient.java:onNext(255)) - client-FC58CAF12498->aeb608e6-131f-44e0-aa35-97c12a2f72a3: receive RaftClientReply:client-FC58CAF12498->aeb608e6-131f-44e0-aa35-97c12a2f72a3@group-3F41E8AD953A, cid=3016, SUCCESS, logIndex=4500, commits[aeb608e6-131f-44e0-aa35-97c12a2f72a3:c4500, b6a0d396-0e26-402b-ac58-4f0615a4fad6:c4496, 8b17640a-2548-4323-bd97-ba3488877b23:c4496]
2019-08-20 11:35:55,352 INFO  client.GrpcClientProtocolClient (GrpcClientProtocolClient.java:onNext(255)) - client-FC58CAF12498->aeb608e6-131f-44e0-aa35-97c12a2f72a3: receive RaftClientReply:client-FC58CAF12498->aeb608e6-131f-44e0-aa35-97c12a2f72a3@group-3F41E8AD953A, cid=3017, SUCCESS, logIndex=0, commits[aeb608e6-131f-44e0-aa35-97c12a2f72a3:c4502, b6a0d396-0e26-402b-ac58-4f0615a4fad6:c4500, 8b17640a-2548-4323-bd97-ba3488877b23:c4500]
2019-08-20 11:35:55,379 INFO  client.GrpcClientProtocolClient (GrpcClientProtocolClient.java:onNext(255)) - client-FC58CAF12498->aeb608e6-131f-44e0-aa35-97c12a2f72a3: receive RaftClientReply:client-FC58CAF12498->aeb608e6-131f-44e0-aa35-97c12a2f72a3@group-3F41E8AD953A, cid=3018, SUCCESS, logIndex=4503, commits[aeb608e6-131f-44e0-aa35-97c12a2f72a3:c4504, b6a0d396-0e26-402b-ac58-4f0615a4fad6:c4502, 8b17640a-2548-4323-bd97-ba3488877b23:c4502]
2019-08-20 11:35:55,380 INFO  client.GrpcClientProtocolClient (GrpcClientProtocolClient.java:onNext(255)) - client-FC58CAF12498->aeb608e6-131f-44e0-aa35-97c12a2f72a3: receive RaftClientReply:client-FC58CAF12498->aeb608e6-131f-44e0-aa35-97c12a2f72a3@group-3F41E8AD953A, cid=3019, SUCCESS, logIndex=4504, commits[aeb608e6-131f-44e0-aa35-97c12a2f72a3:c4504, b6a0d396-0e26-402b-ac58-4f0615a4fad6:c4502, 8b17640a-2548-4323-bd97-ba3488877b23:c4502]
2019-08-20 11:35:55,380 INFO  client.GrpcClientProtocolClient (GrpcClientProtocolClient.java:onNext(255)) - client-FC58CAF12498->aeb608e6-131f-44e0-aa35-97c12a2f72a3: receive RaftClientReply:client-FC58CAF12498->aeb608e6-131f-44e0-aa35-97c12a2f72a3@group-3F41E8AD953A, cid=3020, SUCCESS, logIndex=4505, commits[aeb608e6-131f-44e0-aa35-97c12a2f72a3:c4506, b6a0d396-0e26-402b-ac58-4f0615a4fad6:c4502, 8b17640a-2548-4323-bd97-ba3488877b23:c4502]
2019-08-20 11:35:55,381 INFO  client.GrpcClientProtocolClient (GrpcClientProtocolClient.java:onNext(255)) - client-FC58CAF12498->aeb608e6-131f-44e0-aa35-97c12a2f72a3: receive RaftClientReply:client-FC58CAF12498->aeb608e6-131f-44e0-aa35-97c12a2f72a3@group-3F41E8AD953A, cid=3021, SUCCESS, logIndex=4506, commits[aeb608e6-131f-44e0-aa35-97c12a2f72a3:c4506, b6a0d396-0e26-402b-ac58-4f0615a4fad6:c4502, 8b17640a-2548-4323-bd97-ba3488877b23:c4502]
2019-08-20 11:35:55,383 INFO  client.GrpcClientProtocolClient (GrpcClientProtocolClient.java:onNext(255)) - client-FC58CAF12498->aeb608e6-131f-44e0-aa35-97c12a2f72a3: receive RaftClientReply:client-FC58CAF12498->aeb608e6-131f-44e0-aa35-97c12a2f72a3@group-3F41E8AD953A, cid=3022, SUCCESS, logIndex=0, commits[aeb608e6-131f-44e0-aa35-97c12a2f72a3:c4507, b6a0d396-0e26-402b-ac58-4f0615a4fad6:c4504, 8b17640a-2548-4323-bd97-ba3488877b23:c4504]
2019-08-20 11:35:55,397 INFO  client.GrpcClientProtocolClient (GrpcClientProtocolClient.java:onNext(255)) - client-FC58CAF12498->aeb608e6-131f-44e0-aa35-97c12a2f72a3: receive RaftClientReply:client-FC58CAF12498->aeb608e6-131f-44e0-aa35-97c12a2f72a3@group-3F41E8AD953A, cid=3023, SUCCESS, logIndex=4511, commits[aeb608e6-131f-44e0-aa35-97c12a2f72a3:c4512, b6a0d396-0e26-402b-ac58-4f0615a4fad6:c4507, 8b17640a-2548-4323-bd97-ba3488877b23:c4507]
2019-08-20 11:35:55,398 INFO  client.GrpcClientProtocolClient (GrpcClientProtocolClient.java:onNext(255)) - client-FC58CAF12498->aeb608e6-131f-44e0-aa35-97c12a2f72a3: receive RaftClientReply:client-FC58CAF12498->aeb608e6-131f-44e0-aa35-97c12a2f72a3@group-3F41E8AD953A, cid=3024, SUCCESS, logIndex=4512, commits[aeb608e6-131f-44e0-aa35-97c12a2f72a3:c4512, b6a0d396-0e26-402b-ac58-4f0615a4fad6:c4507, 8b17640a-2548-4323-bd97-ba3488877b23:c4507]
2019-08-20 11:35:55,412 INFO  client.GrpcClientProtocolClient (GrpcClientProtocolClient.java:onNext(255)) - client-FC58CAF12498->aeb608e6-131f-44e0-aa35-97c12a2f72a3: receive RaftClientReply:client-FC58CAF12498->aeb608e6-131f-44e0-aa35-97c12a2f72a3@group-3F41E8AD953A, cid=3025, SUCCESS, logIndex=4515, commits[aeb608e6-131f-44e0-aa35-97c12a2f72a3:c4516, b6a0d396-0e26-402b-ac58-4f0615a4fad6:c4512, 8b17640a-2548-4323-bd97-ba3488877b23:c4512]
2019-08-20 11:35:55,413 INFO  client.GrpcClientProtocolClient (GrpcClientProtocolClient.java:onNext(255)) - client-FC58CAF12498->aeb608e6-131f-44e0-aa35-97c12a2f72a3: receive RaftClientReply:client-FC58CAF12498->aeb608e6-131f-44e0-aa35-97c12a2f72a3@group-3F41E8AD953A, cid=3026, SUCCESS, logIndex=4516, commits[aeb608e6-131f-44e0-aa35-97c12a2f72a3:c4516, b6a0d396-0e26-402b-ac58-4f0615a4fad6:c4512, 8b17640a-2548-4323-bd97-ba3488877b23:c4512]
2019-08-20 11:35:55,426 INFO  client.GrpcClientProtocolClient (GrpcClientProtocolClient.java:onNext(255)) - client-FC58CAF12498->aeb608e6-131f-44e0-aa35-97c12a2f72a3: receive RaftClientReply:client-FC58CAF12498->aeb608e6-131f-44e0-aa35-97c12a2f72a3@group-3F41E8AD953A, cid=3027, SUCCESS, logIndex=0, commits[aeb608e6-131f-44e0-aa35-97c12a2f72a3:c4518, b6a0d396-0e26-402b-ac58-4f0615a4fad6:c4516, 8b17640a-2548-4323-bd97-ba3488877b23:c4516]
2019-08-20 11:35:55,456 INFO  client.GrpcClientProtocolClient (GrpcClientProtocolClient.java:onNext(255)) - client-FC58CAF12498->aeb608e6-131f-44e0-aa35-97c12a2f72a3: receive RaftClientReply:client-FC58CAF12498->aeb608e6-131f-44e0-aa35-97c12a2f72a3@group-3F41E8AD953A, cid=3028, SUCCESS, logIndex=4519, commits[aeb608e6-131f-44e0-aa35-97c12a2f72a3:c4520, b6a0d396-0e26-402b-ac58-4f0615a4fad6:c4518, 8b17640a-2548-4323-bd97-ba3488877b23:c4518]
2019-08-20 11:35:55,457 INFO  client.GrpcClientProtocolClient (GrpcClientProtocolClient.java:onNext(255)) - client-FC58CAF12498->aeb608e6-131f-44e0-aa35-97c12a2f72a3: receive RaftClientReply:client-FC58CAF12498->aeb608e6-131f-44e0-aa35-97c12a2f72a3@group-3F41E8AD953A, cid=3029, SUCCESS, logIndex=4520, commits[aeb608e6-131f-44e0-aa35-97c12a2f72a3:c4522, b6a0d396-0e26-402b-ac58-4f0615a4fad6:c4518, 8b17640a-2548-4323-bd97-ba3488877b23:c4518]
2019-08-20 11:35:55,457 INFO  client.GrpcClientProtocolClient (GrpcClientProtocolClient.java:onNext(255)) - client-FC58CAF12498->aeb608e6-131f-44e0-aa35-97c12a2f72a3: receive RaftClientReply:client-FC58CAF12498->aeb608e6-131f-44e0-aa35-97c12a2f72a3@group-3F41E8AD953A, cid=3030, SUCCESS, logIndex=4521, commits[aeb608e6-131f-44e0-aa35-97c12a2f72a3:c4522, b6a0d396-0e26-402b-ac58-4f0615a4fad6:c4518, 8b17640a-2548-4323-bd97-ba3488877b23:c4518]
2019-08-20 11:35:55,457 INFO  client.GrpcClientProtocolClient (GrpcClientProtocolClient.java:onNext(255)) - client-FC58CAF12498->aeb608e6-131f-44e0-aa35-97c12a2f72a3: receive RaftClientReply:client-FC58CAF12498->aeb608e6-131f-44e0-aa35-97c12a2f72a3@group-3F41E8AD953A, cid=3031, SUCCESS, logIndex=4522, commits[aeb608e6-131f-44e0-aa35-97c12a2f72a3:c4522, b6a0d396-0e26-402b-ac58-4f0615a4fad6:c4518, 8b17640a-2548-4323-bd97-ba3488877b23:c4518]
 0.00% |█                                                                                                    |  0/1 Time: 0:00:292019-08-20 11:35:55,470 INFO  client.GrpcClientProtocolClient (GrpcClientProtocolClient.java:onNext(255)) - client-FC58CAF12498->aeb608e6-131f-44e0-aa35-97c12a2f72a3: receive RaftClientReply:client-FC58CAF12498->aeb608e6-131f-44e0-aa35-97c12a2f72a3@group-3F41E8AD953A, cid=3032, SUCCESS, logIndex=0, commits[aeb608e6-131f-44e0-aa35-97c12a2f72a3:c4524, b6a0d396-0e26-402b-ac58-4f0615a4fad6:c4520, 8b17640a-2548-4323-bd97-ba3488877b23:c4520]
2019-08-20 11:35:55,488 INFO  client.GrpcClientProtocolClient (GrpcClientProtocolClient.java:onNext(255)) - client-FC58CAF12498->aeb608e6-131f-44e0-aa35-97c12a2f72a3: receive RaftClientReply:client-FC58CAF12498->aeb608e6-131f-44e0-aa35-97c12a2f72a3@group-3F41E8AD953A, cid=3033, SUCCESS, logIndex=4526, commits[aeb608e6-131f-44e0-aa35-97c12a2f72a3:c4527, b6a0d396-0e26-402b-ac58-4f0615a4fad6:c4525, 8b17640a-2548-4323-bd97-ba3488877b23:c4525]
2019-08-20 11:35:55,488 INFO  client.GrpcClientProtocolClient (GrpcClientProtocolClient.java:onNext(255)) - client-FC58CAF12498->aeb608e6-131f-44e0-aa35-97c12a2f72a3: receive RaftClientReply:client-FC58CAF12498->aeb608e6-131f-44e0-aa35-97c12a2f72a3@group-3F41E8AD953A, cid=3034, SUCCESS, logIndex=4527, commits[aeb608e6-131f-44e0-aa35-97c12a2f72a3:c4527, b6a0d396-0e26-402b-ac58-4f0615a4fad6:c4525, 8b17640a-2548-4323-bd97-ba3488877b23:c4525]
2019-08-20 11:35:55,503 INFO  client.GrpcClientProtocolClient (GrpcClientProtocolClient.java:onNext(255)) - client-FC58CAF12498->aeb608e6-131f-44e0-aa35-97c12a2f72a3: receive RaftClientReply:client-FC58CAF12498->aeb608e6-131f-44e0-aa35-97c12a2f72a3@group-3F41E8AD953A, cid=3035, SUCCESS, logIndex=4530, commits[aeb608e6-131f-44e0-aa35-97c12a2f72a3:c4531, b6a0d396-0e26-402b-ac58-4f0615a4fad6:c4527, 8b17640a-2548-4323-bd97-ba3488877b23:c4527]
2019-08-20 11:35:55,503 INFO  client.GrpcClientProtocolClient (GrpcClientProtocolClient.java:onNext(255)) - client-FC58CAF12498->aeb608e6-131f-44e0-aa35-97c12a2f72a3: receive RaftClientReply:client-FC58CAF12498->aeb608e6-131f-44e0-aa35-97c12a2f72a3@group-3F41E8AD953A, cid=3036, SUCCESS, logIndex=4531, commits[aeb608e6-131f-44e0-aa35-97c12a2f72a3:c4531, b6a0d396-0e26-402b-ac58-4f0615a4fad6:c4527, 8b17640a-2548-4323-bd97-ba3488877b23:c4527]
2019-08-20 11:35:55,528 INFO  client.GrpcClientProtocolClient (GrpcClientProtocolClient.java:onNext(255)) - client-FC58CAF12498->aeb608e6-131f-44e0-aa35-97c12a2f72a3: receive RaftClientReply:client-FC58CAF12498->aeb608e6-131f-44e0-aa35-97c12a2f72a3@group-3F41E8AD953A, cid=3037, SUCCESS, logIndex=0, commits[aeb608e6-131f-44e0-aa35-97c12a2f72a3:c4533, b6a0d396-0e26-402b-ac58-4f0615a4fad6:c4531, 8b17640a-2548-4323-bd97-ba3488877b23:c4531]
2019-08-20 11:35:55,657 INFO  client.GrpcClientProtocolClient (GrpcClientProtocolClient.java:onNext(255)) - client-FC58CAF12498->aeb608e6-131f-44e0-aa35-97c12a2f72a3: receive RaftClientReply:client-FC58CAF12498->aeb608e6-131f-44e0-aa35-97c12a2f72a3@group-3F41E8AD953A, cid=3038, SUCCESS, logIndex=4534, commits[aeb608e6-131f-44e0-aa35-97c12a2f72a3:c4536, b6a0d396-0e26-402b-ac58-4f0615a4fad6:c4533, 8b17640a-2548-4323-bd97-ba3488877b23:c4533]
2019-08-20 11:35:55,657 INFO  client.GrpcClientProtocolClient (GrpcClientProtocolClient.java:onNext(255)) - client-FC58CAF12498->aeb608e6-131f-44e0-aa35-97c12a2f72a3: receive RaftClientReply:client-FC58CAF12498->aeb608e6-131f-44e0-aa35-97c12a2f72a3@group-3F41E8AD953A, cid=3039, SUCCESS, logIndex=4535, commits[aeb608e6-131f-44e0-aa35-97c12a2f72a3:c4537, b6a0d396-0e26-402b-ac58-4f0615a4fad6:c4533, 8b17640a-2548-4323-bd97-ba3488877b23:c4533]
2019-08-20 11:35:55,658 INFO  client.GrpcClientProtocolClient (GrpcClientProtocolClient.java:onNext(255)) - client-FC58CAF12498->aeb608e6-131f-44e0-aa35-97c12a2f72a3: receive RaftClientReply:client-FC58CAF12498->aeb608e6-131f-44e0-aa35-97c12a2f72a3@group-3F41E8AD953A, cid=3040, SUCCESS, logIndex=4536, commits[aeb608e6-131f-44e0-aa35-97c12a2f72a3:c4537, b6a0d396-0e26-402b-ac58-4f0615a4fad6:c4533, 8b17640a-2548-4323-bd97-ba3488877b23:c4533]
2019-08-20 11:35:55,658 INFO  client.GrpcClientProtocolClient (GrpcClientProtocolClient.java:onNext(255)) - client-FC58CAF12498->aeb608e6-131f-44e0-aa35-97c12a2f72a3: receive RaftClientReply:client-FC58CAF12498->aeb608e6-131f-44e0-aa35-97c12a2f72a3@group-3F41E8AD953A, cid=3041, SUCCESS, logIndex=4537, commits[aeb608e6-131f-44e0-aa35-97c12a2f72a3:c4537, b6a0d396-0e26-402b-ac58-4f0615a4fad6:c4533, 8b17640a-2548-4323-bd97-ba3488877b23:c4533]
2019-08-20 11:35:55,668 INFO  client.GrpcClientProtocolClient (GrpcClientProtocolClient.java:onNext(255)) - client-FC58CAF12498->aeb608e6-131f-44e0-aa35-97c12a2f72a3: receive RaftClientReply:client-FC58CAF12498->aeb608e6-131f-44e0-aa35-97c12a2f72a3@group-3F41E8AD953A, cid=3042, SUCCESS, logIndex=0, commits[aeb608e6-131f-44e0-aa35-97c12a2f72a3:c4538, b6a0d396-0e26-402b-ac58-4f0615a4fad6:c4535, 8b17640a-2548-4323-bd97-ba3488877b23:c4535]
2019-08-20 11:35:55,686 INFO  client.GrpcClientProtocolClient (GrpcClientProtocolClient.java:onNext(255)) - client-FC58CAF12498->aeb608e6-131f-44e0-aa35-97c12a2f72a3: receive RaftClientReply:client-FC58CAF12498->aeb608e6-131f-44e0-aa35-97c12a2f72a3@group-3F41E8AD953A, cid=3043, SUCCESS, logIndex=4542, commits[aeb608e6-131f-44e0-aa35-97c12a2f72a3:c4543, b6a0d396-0e26-402b-ac58-4f0615a4fad6:c4541, 8b17640a-2548-4323-bd97-ba3488877b23:c4541]
2019-08-20 11:35:55,686 INFO  client.GrpcClientProtocolClient (GrpcClientProtocolClient.java:onNext(255)) - client-FC58CAF12498->aeb608e6-131f-44e0-aa35-97c12a2f72a3: receive RaftClientReply:client-FC58CAF12498->aeb608e6-131f-44e0-aa35-97c12a2f72a3@group-3F41E8AD953A, cid=3044, SUCCESS, logIndex=4543, commits[aeb608e6-131f-44e0-aa35-97c12a2f72a3:c4543, b6a0d396-0e26-402b-ac58-4f0615a4fad6:c4541, 8b17640a-2548-4323-bd97-ba3488877b23:c4541]
2019-08-20 11:35:55,708 INFO  client.GrpcClientProtocolClient (GrpcClientProtocolClient.java:onNext(255)) - client-FC58CAF12498->aeb608e6-131f-44e0-aa35-97c12a2f72a3: receive RaftClientReply:client-FC58CAF12498->aeb608e6-131f-44e0-aa35-97c12a2f72a3@group-3F41E8AD953A, cid=3045, SUCCESS, logIndex=4546, commits[aeb608e6-131f-44e0-aa35-97c12a2f72a3:c4547, b6a0d396-0e26-402b-ac58-4f0615a4fad6:c4543, 8b17640a-2548-4323-bd97-ba3488877b23:c4543]
2019-08-20 11:35:55,708 INFO  client.GrpcClientProtocolClient (GrpcClientProtocolClient.java:onNext(255)) - client-FC58CAF12498->aeb608e6-131f-44e0-aa35-97c12a2f72a3: receive RaftClientReply:client-FC58CAF12498->aeb608e6-131f-44e0-aa35-97c12a2f72a3@group-3F41E8AD953A, cid=3046, SUCCESS, logIndex=4547, commits[aeb608e6-131f-44e0-aa35-97c12a2f72a3:c4547, b6a0d396-0e26-402b-ac58-4f0615a4fad6:c4543, 8b17640a-2548-4323-bd97-ba3488877b23:c4543]
2019-08-20 11:35:55,722 INFO  client.GrpcClientProtocolClient (GrpcClientProtocolClient.java:onNext(255)) - client-FC58CAF12498->aeb608e6-131f-44e0-aa35-97c12a2f72a3: receive RaftClientReply:client-FC58CAF12498->aeb608e6-131f-44e0-aa35-97c12a2f72a3@group-3F41E8AD953A, cid=3047, SUCCESS, logIndex=0, commits[aeb608e6-131f-44e0-aa35-97c12a2f72a3:c4549, b6a0d396-0e26-402b-ac58-4f0615a4fad6:c4547, 8b17640a-2548-4323-bd97-ba3488877b23:c4547]
2019-08-20 11:35:55,750 INFO  client.GrpcClientProtocolClient (GrpcClientProtocolClient.java:onNext(255)) - client-FC58CAF12498->aeb608e6-131f-44e0-aa35-97c12a2f72a3: receive RaftClientReply:client-FC58CAF12498->aeb608e6-131f-44e0-aa35-97c12a2f72a3@group-3F41E8AD953A, cid=3048, SUCCESS, logIndex=4550, commits[aeb608e6-131f-44e0-aa35-97c12a2f72a3:c4551, b6a0d396-0e26-402b-ac58-4f0615a4fad6:c4549, 8b17640a-2548-4323-bd97-ba3488877b23:c4549]
2019-08-20 11:35:55,751 INFO  client.GrpcClientProtocolClient (GrpcClientProtocolClient.java:onNext(255)) - client-FC58CAF12498->aeb608e6-131f-44e0-aa35-97c12a2f72a3: receive RaftClientReply:client-FC58CAF12498->aeb608e6-131f-44e0-aa35-97c12a2f72a3@group-3F41E8AD953A, cid=3049, SUCCESS, logIndex=4551, commits[aeb608e6-131f-44e0-aa35-97c12a2f72a3:c4553, b6a0d396-0e26-402b-ac58-4f0615a4fad6:c4549, 8b17640a-2548-4323-bd97-ba3488877b23:c4549]
2019-08-20 11:35:55,751 INFO  client.GrpcClientProtocolClient (GrpcClientProtocolClient.java:onNext(255)) - client-FC58CAF12498->aeb608e6-131f-44e0-aa35-97c12a2f72a3: receive RaftClientReply:client-FC58CAF12498->aeb608e6-131f-44e0-aa35-97c12a2f72a3@group-3F41E8AD953A, cid=3050, SUCCESS, logIndex=4552, commits[aeb608e6-131f-44e0-aa35-97c12a2f72a3:c4553, b6a0d396-0e26-402b-ac58-4f0615a4fad6:c4549, 8b17640a-2548-4323-bd97-ba3488877b23:c4549]
2019-08-20 11:35:55,751 INFO  client.GrpcClientProtocolClient (GrpcClientProtocolClient.java:onNext(255)) - client-FC58CAF12498->aeb608e6-131f-44e0-aa35-97c12a2f72a3: receive RaftClientReply:client-FC58CAF12498->aeb608e6-131f-44e0-aa35-97c12a2f72a3@group-3F41E8AD953A, cid=3051, SUCCESS, logIndex=4553, commits[aeb608e6-131f-44e0-aa35-97c12a2f72a3:c4553, b6a0d396-0e26-402b-ac58-4f0615a4fad6:c4549, 8b17640a-2548-4323-bd97-ba3488877b23:c4549]
2019-08-20 11:35:55,775 INFO  client.GrpcClientProtocolClient (GrpcClientProtocolClient.java:onNext(255)) - client-FC58CAF12498->aeb608e6-131f-44e0-aa35-97c12a2f72a3: receive RaftClientReply:client-FC58CAF12498->aeb608e6-131f-44e0-aa35-97c12a2f72a3@group-3F41E8AD953A, cid=3052, SUCCESS, logIndex=0, commits[aeb608e6-131f-44e0-aa35-97c12a2f72a3:c4554, b6a0d396-0e26-402b-ac58-4f0615a4fad6:c4551, 8b17640a-2548-4323-bd97-ba3488877b23:c4551]
2019-08-20 11:35:55,834 INFO  client.GrpcClientProtocolClient (GrpcClientProtocolClient.java:onNext(255)) - client-FC58CAF12498->aeb608e6-131f-44e0-aa35-97c12a2f72a3: receive RaftClientReply:client-FC58CAF12498->aeb608e6-131f-44e0-aa35-97c12a2f72a3@group-3F41E8AD953A, cid=3053, SUCCESS, logIndex=4558, commits[aeb608e6-131f-44e0-aa35-97c12a2f72a3:c4559, b6a0d396-0e26-402b-ac58-4f0615a4fad6:c4557, 8b17640a-2548-4323-bd97-ba3488877b23:c4557]
2019-08-20 11:35:55,835 INFO  client.GrpcClientProtocolClient (GrpcClientProtocolClient.java:onNext(255)) - client-FC58CAF12498->aeb608e6-131f-44e0-aa35-97c12a2f72a3: receive RaftClientReply:client-FC58CAF12498->aeb608e6-131f-44e0-aa35-97c12a2f72a3@group-3F41E8AD953A, cid=3054, SUCCESS, logIndex=4559, commits[aeb608e6-131f-44e0-aa35-97c12a2f72a3:c4559, b6a0d396-0e26-402b-ac58-4f0615a4fad6:c4557, 8b17640a-2548-4323-bd97-ba3488877b23:c4557]
2019-08-20 11:35:55,854 INFO  client.GrpcClientProtocolClient (GrpcClientProtocolClient.java:onNext(255)) - client-FC58CAF12498->aeb608e6-131f-44e0-aa35-97c12a2f72a3: receive RaftClientReply:client-FC58CAF12498->aeb608e6-131f-44e0-aa35-97c12a2f72a3@group-3F41E8AD953A, cid=3055, SUCCESS, logIndex=4562, commits[aeb608e6-131f-44e0-aa35-97c12a2f72a3:c4563, b6a0d396-0e26-402b-ac58-4f0615a4fad6:c4558, 8b17640a-2548-4323-bd97-ba3488877b23:c4559]
2019-08-20 11:35:55,854 INFO  client.GrpcClientProtocolClient (GrpcClientProtocolClient.java:onNext(255)) - client-FC58CAF12498->aeb608e6-131f-44e0-aa35-97c12a2f72a3: receive RaftClientReply:client-FC58CAF12498->aeb608e6-131f-44e0-aa35-97c12a2f72a3@group-3F41E8AD953A, cid=3056, SUCCESS, logIndex=4563, commits[aeb608e6-131f-44e0-aa35-97c12a2f72a3:c4563, b6a0d396-0e26-402b-ac58-4f0615a4fad6:c4559, 8b17640a-2548-4323-bd97-ba3488877b23:c4559]
2019-08-20 11:35:55,866 INFO  client.GrpcClientProtocolClient (GrpcClientProtocolClient.java:onNext(255)) - client-FC58CAF12498->aeb608e6-131f-44e0-aa35-97c12a2f72a3: receive RaftClientReply:client-FC58CAF12498->aeb608e6-131f-44e0-aa35-97c12a2f72a3@group-3F41E8AD953A, cid=3057, SUCCESS, logIndex=0, commits[aeb608e6-131f-44e0-aa35-97c12a2f72a3:c4564, b6a0d396-0e26-402b-ac58-4f0615a4fad6:c4563, 8b17640a-2548-4323-bd97-ba3488877b23:c4563]
2019-08-20 11:35:55,893 INFO  client.GrpcClientProtocolClient (GrpcClientProtocolClient.java:onNext(255)) - client-FC58CAF12498->aeb608e6-131f-44e0-aa35-97c12a2f72a3: receive RaftClientReply:client-FC58CAF12498->aeb608e6-131f-44e0-aa35-97c12a2f72a3@group-3F41E8AD953A, cid=3058, SUCCESS, logIndex=4565, commits[aeb608e6-131f-44e0-aa35-97c12a2f72a3:c4566, b6a0d396-0e26-402b-ac58-4f0615a4fad6:c4564, 8b17640a-2548-4323-bd97-ba3488877b23:c4564]
2019-08-20 11:35:55,893 INFO  client.GrpcClientProtocolClient (GrpcClientProtocolClient.java:onNext(255)) - client-FC58CAF12498->aeb608e6-131f-44e0-aa35-97c12a2f72a3: receive RaftClientReply:client-FC58CAF12498->aeb608e6-131f-44e0-aa35-97c12a2f72a3@group-3F41E8AD953A, cid=3059, SUCCESS, logIndex=4566, commits[aeb608e6-131f-44e0-aa35-97c12a2f72a3:c4568, b6a0d396-0e26-402b-ac58-4f0615a4fad6:c4564, 8b17640a-2548-4323-bd97-ba3488877b23:c4564]
2019-08-20 11:35:55,893 INFO  client.GrpcClientProtocolClient (GrpcClientProtocolClient.java:onNext(255)) - client-FC58CAF12498->aeb608e6-131f-44e0-aa35-97c12a2f72a3: receive RaftClientReply:client-FC58CAF12498->aeb608e6-131f-44e0-aa35-97c12a2f72a3@group-3F41E8AD953A, cid=3060, SUCCESS, logIndex=4567, commits[aeb608e6-131f-44e0-aa35-97c12a2f72a3:c4568, b6a0d396-0e26-402b-ac58-4f0615a4fad6:c4564, 8b17640a-2548-4323-bd97-ba3488877b23:c4564]
2019-08-20 11:35:55,894 INFO  client.GrpcClientProtocolClient (GrpcClientProtocolClient.java:onNext(255)) - client-FC58CAF12498->aeb608e6-131f-44e0-aa35-97c12a2f72a3: receive RaftClientReply:client-FC58CAF12498->aeb608e6-131f-44e0-aa35-97c12a2f72a3@group-3F41E8AD953A, cid=3061, SUCCESS, logIndex=4568, commits[aeb608e6-131f-44e0-aa35-97c12a2f72a3:c4568, b6a0d396-0e26-402b-ac58-4f0615a4fad6:c4564, 8b17640a-2548-4323-bd97-ba3488877b23:c4564]
2019-08-20 11:35:55,897 INFO  client.GrpcClientProtocolClient (GrpcClientProtocolClient.java:onNext(255)) - client-FC58CAF12498->aeb608e6-131f-44e0-aa35-97c12a2f72a3: receive RaftClientReply:client-FC58CAF12498->aeb608e6-131f-44e0-aa35-97c12a2f72a3@group-3F41E8AD953A, cid=3062, SUCCESS, logIndex=0, commits[aeb608e6-131f-44e0-aa35-97c12a2f72a3:c4572, b6a0d396-0e26-402b-ac58-4f0615a4fad6:c4568, 8b17640a-2548-4323-bd97-ba3488877b23:c4566]
2019-08-20 11:35:55,914 INFO  client.GrpcClientProtocolClient (GrpcClientProtocolClient.java:onNext(255)) - client-FC58CAF12498->aeb608e6-131f-44e0-aa35-97c12a2f72a3: receive RaftClientReply:client-FC58CAF12498->aeb608e6-131f-44e0-aa35-97c12a2f72a3@group-3F41E8AD953A, cid=3063, SUCCESS, logIndex=4573, commits[aeb608e6-131f-44e0-aa35-97c12a2f72a3:c4574, b6a0d396-0e26-402b-ac58-4f0615a4fad6:c4572, 8b17640a-2548-4323-bd97-ba3488877b23:c4572]
2019-08-20 11:35:55,915 INFO  client.GrpcClientProtocolClient (GrpcClientProtocolClient.java:onNext(255)) - client-FC58CAF12498->aeb608e6-131f-44e0-aa35-97c12a2f72a3: receive RaftClientReply:client-FC58CAF12498->aeb608e6-131f-44e0-aa35-97c12a2f72a3@group-3F41E8AD953A, cid=3064, SUCCESS, logIndex=4574, commits[aeb608e6-131f-44e0-aa35-97c12a2f72a3:c4574, b6a0d396-0e26-402b-ac58-4f0615a4fad6:c4572, 8b17640a-2548-4323-bd97-ba3488877b23:c4572]
2019-08-20 11:35:55,929 INFO  client.GrpcClientProtocolClient (GrpcClientProtocolClient.java:onNext(255)) - client-FC58CAF12498->aeb608e6-131f-44e0-aa35-97c12a2f72a3: receive RaftClientReply:client-FC58CAF12498->aeb608e6-131f-44e0-aa35-97c12a2f72a3@group-3F41E8AD953A, cid=3065, SUCCESS, logIndex=4577, commits[aeb608e6-131f-44e0-aa35-97c12a2f72a3:c4578, b6a0d396-0e26-402b-ac58-4f0615a4fad6:c4573, 8b17640a-2548-4323-bd97-ba3488877b23:c4574]
2019-08-20 11:35:55,929 INFO  client.GrpcClientProtocolClient (GrpcClientProtocolClient.java:onNext(255)) - client-FC58CAF12498->aeb608e6-131f-44e0-aa35-97c12a2f72a3: receive RaftClientReply:client-FC58CAF12498->aeb608e6-131f-44e0-aa35-97c12a2f72a3@group-3F41E8AD953A, cid=3066, SUCCESS, logIndex=4578, commits[aeb608e6-131f-44e0-aa35-97c12a2f72a3:c4578, b6a0d396-0e26-402b-ac58-4f0615a4fad6:c4574, 8b17640a-2548-4323-bd97-ba3488877b23:c4574]
2019-08-20 11:35:55,941 INFO  client.GrpcClientProtocolClient (GrpcClientProtocolClient.java:onNext(255)) - client-FC58CAF12498->aeb608e6-131f-44e0-aa35-97c12a2f72a3: receive RaftClientReply:client-FC58CAF12498->aeb608e6-131f-44e0-aa35-97c12a2f72a3@group-3F41E8AD953A, cid=3067, SUCCESS, logIndex=0, commits[aeb608e6-131f-44e0-aa35-97c12a2f72a3:c4579, b6a0d396-0e26-402b-ac58-4f0615a4fad6:c4578, 8b17640a-2548-4323-bd97-ba3488877b23:c4578]
2019-08-20 11:35:55,973 INFO  client.GrpcClientProtocolClient (GrpcClientProtocolClient.java:onNext(255)) - client-FC58CAF12498->aeb608e6-131f-44e0-aa35-97c12a2f72a3: receive RaftClientReply:client-FC58CAF12498->aeb608e6-131f-44e0-aa35-97c12a2f72a3@group-3F41E8AD953A, cid=3068, SUCCESS, logIndex=4580, commits[aeb608e6-131f-44e0-aa35-97c12a2f72a3:c4581, b6a0d396-0e26-402b-ac58-4f0615a4fad6:c4579, 8b17640a-2548-4323-bd97-ba3488877b23:c4579]
2019-08-20 11:35:55,973 INFO  client.GrpcClientProtocolClient (GrpcClientProtocolClient.java:onNext(255)) - client-FC58CAF12498->aeb608e6-131f-44e0-aa35-97c12a2f72a3: receive RaftClientReply:client-FC58CAF12498->aeb608e6-131f-44e0-aa35-97c12a2f72a3@group-3F41E8AD953A, cid=3069, SUCCESS, logIndex=4581, commits[aeb608e6-131f-44e0-aa35-97c12a2f72a3:c4581, b6a0d396-0e26-402b-ac58-4f0615a4fad6:c4579, 8b17640a-2548-4323-bd97-ba3488877b23:c4579]
2019-08-20 11:35:55,973 INFO  client.GrpcClientProtocolClient (GrpcClientProtocolClient.java:onNext(255)) - client-FC58CAF12498->aeb608e6-131f-44e0-aa35-97c12a2f72a3: receive RaftClientReply:client-FC58CAF12498->aeb608e6-131f-44e0-aa35-97c12a2f72a3@group-3F41E8AD953A, cid=3070, SUCCESS, logIndex=4582, commits[aeb608e6-131f-44e0-aa35-97c12a2f72a3:c4583, b6a0d396-0e26-402b-ac58-4f0615a4fad6:c4579, 8b17640a-2548-4323-bd97-ba3488877b23:c4579]
2019-08-20 11:35:55,974 INFO  client.GrpcClientProtocolClient (GrpcClientProtocolClient.java:onNext(255)) - client-FC58CAF12498->aeb608e6-131f-44e0-aa35-97c12a2f72a3: receive RaftClientReply:client-FC58CAF12498->aeb608e6-131f-44e0-aa35-97c12a2f72a3@group-3F41E8AD953A, cid=3071, SUCCESS, logIndex=4583, commits[aeb608e6-131f-44e0-aa35-97c12a2f72a3:c4583, b6a0d396-0e26-402b-ac58-4f0615a4fad6:c4579, 8b17640a-2548-4323-bd97-ba3488877b23:c4579]
2019-08-20 11:35:55,974 INFO  client.GrpcClientProtocolClient (GrpcClientProtocolClient.java:onNext(255)) - client-FC58CAF12498->aeb608e6-131f-44e0-aa35-97c12a2f72a3: receive RaftClientReply:client-FC58CAF12498->aeb608e6-131f-44e0-aa35-97c12a2f72a3@group-3F41E8AD953A, cid=3072, SUCCESS, logIndex=0, commits[aeb608e6-131f-44e0-aa35-97c12a2f72a3:c4584, b6a0d396-0e26-402b-ac58-4f0615a4fad6:c4581, 8b17640a-2548-4323-bd97-ba3488877b23:c4581]
2019-08-20 11:35:55,993 INFO  client.GrpcClientProtocolClient (GrpcClientProtocolClient.java:onNext(255)) - client-FC58CAF12498->aeb608e6-131f-44e0-aa35-97c12a2f72a3: receive RaftClientReply:client-FC58CAF12498->aeb608e6-131f-44e0-aa35-97c12a2f72a3@group-3F41E8AD953A, cid=3073, SUCCESS, logIndex=4588, commits[aeb608e6-131f-44e0-aa35-97c12a2f72a3:c4589, b6a0d396-0e26-402b-ac58-4f0615a4fad6:c4587, 8b17640a-2548-4323-bd97-ba3488877b23:c4587]
2019-08-20 11:35:55,993 INFO  client.GrpcClientProtocolClient (GrpcClientProtocolClient.java:onNext(255)) - client-FC58CAF12498->aeb608e6-131f-44e0-aa35-97c12a2f72a3: receive RaftClientReply:client-FC58CAF12498->aeb608e6-131f-44e0-aa35-97c12a2f72a3@group-3F41E8AD953A, cid=3074, SUCCESS, logIndex=4589, commits[aeb608e6-131f-44e0-aa35-97c12a2f72a3:c4589, b6a0d396-0e26-402b-ac58-4f0615a4fad6:c4587, 8b17640a-2548-4323-bd97-ba3488877b23:c4587]
2019-08-20 11:35:56,007 INFO  client.GrpcClientProtocolClient (GrpcClientProtocolClient.java:onNext(255)) - client-FC58CAF12498->aeb608e6-131f-44e0-aa35-97c12a2f72a3: receive RaftClientReply:client-FC58CAF12498->aeb608e6-131f-44e0-aa35-97c12a2f72a3@group-3F41E8AD953A, cid=3075, SUCCESS, logIndex=4592, commits[aeb608e6-131f-44e0-aa35-97c12a2f72a3:c4593, b6a0d396-0e26-402b-ac58-4f0615a4fad6:c4589, 8b17640a-2548-4323-bd97-ba3488877b23:c4589]
2019-08-20 11:35:56,007 INFO  client.GrpcClientProtocolClient (GrpcClientProtocolClient.java:onNext(255)) - client-FC58CAF12498->aeb608e6-131f-44e0-aa35-97c12a2f72a3: receive RaftClientReply:client-FC58CAF12498->aeb608e6-131f-44e0-aa35-97c12a2f72a3@group-3F41E8AD953A, cid=3076, SUCCESS, logIndex=4593, commits[aeb608e6-131f-44e0-aa35-97c12a2f72a3:c4593, b6a0d396-0e26-402b-ac58-4f0615a4fad6:c4589, 8b17640a-2548-4323-bd97-ba3488877b23:c4589]
2019-08-20 11:35:56,021 INFO  client.GrpcClientProtocolClient (GrpcClientProtocolClient.java:onNext(255)) - client-FC58CAF12498->aeb608e6-131f-44e0-aa35-97c12a2f72a3: receive RaftClientReply:client-FC58CAF12498->aeb608e6-131f-44e0-aa35-97c12a2f72a3@group-3F41E8AD953A, cid=3077, SUCCESS, logIndex=0, commits[aeb608e6-131f-44e0-aa35-97c12a2f72a3:c4595, b6a0d396-0e26-402b-ac58-4f0615a4fad6:c4593, 8b17640a-2548-4323-bd97-ba3488877b23:c4593]
2019-08-20 11:35:56,049 INFO  client.GrpcClientProtocolClient (GrpcClientProtocolClient.java:onNext(255)) - client-FC58CAF12498->aeb608e6-131f-44e0-aa35-97c12a2f72a3: receive RaftClientReply:client-FC58CAF12498->aeb608e6-131f-44e0-aa35-97c12a2f72a3@group-3F41E8AD953A, cid=3078, SUCCESS, logIndex=4596, commits[aeb608e6-131f-44e0-aa35-97c12a2f72a3:c4598, b6a0d396-0e26-402b-ac58-4f0615a4fad6:c4595, 8b17640a-2548-4323-bd97-ba3488877b23:c4595]
2019-08-20 11:35:56,050 INFO  client.GrpcClientProtocolClient (GrpcClientProtocolClient.java:onNext(255)) - client-FC58CAF12498->aeb608e6-131f-44e0-aa35-97c12a2f72a3: receive RaftClientReply:client-FC58CAF12498->aeb608e6-131f-44e0-aa35-97c12a2f72a3@group-3F41E8AD953A, cid=3079, SUCCESS, logIndex=4597, commits[aeb608e6-131f-44e0-aa35-97c12a2f72a3:c4599, b6a0d396-0e26-402b-ac58-4f0615a4fad6:c4595, 8b17640a-2548-4323-bd97-ba3488877b23:c4595]
2019-08-20 11:35:56,051 INFO  client.GrpcClientProtocolClient (GrpcClientProtocolClient.java:onNext(255)) - client-FC58CAF12498->aeb608e6-131f-44e0-aa35-97c12a2f72a3: receive RaftClientReply:client-FC58CAF12498->aeb608e6-131f-44e0-aa35-97c12a2f72a3@group-3F41E8AD953A, cid=3080, SUCCESS, logIndex=4598, commits[aeb608e6-131f-44e0-aa35-97c12a2f72a3:c4599, b6a0d396-0e26-402b-ac58-4f0615a4fad6:c4595, 8b17640a-2548-4323-bd97-ba3488877b23:c4595]
2019-08-20 11:35:56,051 INFO  client.GrpcClientProtocolClient (GrpcClientProtocolClient.java:onNext(255)) - client-FC58CAF12498->aeb608e6-131f-44e0-aa35-97c12a2f72a3: receive RaftClientReply:client-FC58CAF12498->aeb608e6-131f-44e0-aa35-97c12a2f72a3@group-3F41E8AD953A, cid=3081, SUCCESS, logIndex=4599, commits[aeb608e6-131f-44e0-aa35-97c12a2f72a3:c4599, b6a0d396-0e26-402b-ac58-4f0615a4fad6:c4595, 8b17640a-2548-4323-bd97-ba3488877b23:c4595]
2019-08-20 11:35:56,074 INFO  client.GrpcClientProtocolClient (GrpcClientProtocolClient.java:onNext(255)) - client-FC58CAF12498->aeb608e6-131f-44e0-aa35-97c12a2f72a3: receive RaftClientReply:client-FC58CAF12498->aeb608e6-131f-44e0-aa35-97c12a2f72a3@group-3F41E8AD953A, cid=3082, SUCCESS, logIndex=0, commits[aeb608e6-131f-44e0-aa35-97c12a2f72a3:c4599, b6a0d396-0e26-402b-ac58-4f0615a4fad6:c4597, 8b17640a-2548-4323-bd97-ba3488877b23:c4597]
2019-08-20 11:35:56,089 INFO  client.GrpcClientProtocolClient (GrpcClientProtocolClient.java:onNext(255)) - client-FC58CAF12498->aeb608e6-131f-44e0-aa35-97c12a2f72a3: receive RaftClientReply:client-FC58CAF12498->aeb608e6-131f-44e0-aa35-97c12a2f72a3@group-3F41E8AD953A, cid=3083, SUCCESS, logIndex=4604, commits[aeb608e6-131f-44e0-aa35-97c12a2f72a3:c4605, b6a0d396-0e26-402b-ac58-4f0615a4fad6:c4603, 8b17640a-2548-4323-bd97-ba3488877b23:c4603]
2019-08-20 11:35:56,089 INFO  client.GrpcClientProtocolClient (GrpcClientProtocolClient.java:onNext(255)) - client-FC58CAF12498->aeb608e6-131f-44e0-aa35-97c12a2f72a3: receive RaftClientReply:client-FC58CAF12498->aeb608e6-131f-44e0-aa35-97c12a2f72a3@group-3F41E8AD953A, cid=3084, SUCCESS, logIndex=4605, commits[aeb608e6-131f-44e0-aa35-97c12a2f72a3:c4605, b6a0d396-0e26-402b-ac58-4f0615a4fad6:c4603, 8b17640a-2548-4323-bd97-ba3488877b23:c4603]
2019-08-20 11:35:56,103 INFO  client.GrpcClientProtocolClient (GrpcClientProtocolClient.java:onNext(255)) - client-FC58CAF12498->aeb608e6-131f-44e0-aa35-97c12a2f72a3: receive RaftClientReply:client-FC58CAF12498->aeb608e6-131f-44e0-aa35-97c12a2f72a3@group-3F41E8AD953A, cid=3085, SUCCESS, logIndex=4608, commits[aeb608e6-131f-44e0-aa35-97c12a2f72a3:c4608, b6a0d396-0e26-402b-ac58-4f0615a4fad6:c4605, 8b17640a-2548-4323-bd97-ba3488877b23:c4605]
2019-08-20 11:35:56,103 INFO  client.GrpcClientProtocolClient (GrpcClientProtocolClient.java:onNext(255)) - client-FC58CAF12498->aeb608e6-131f-44e0-aa35-97c12a2f72a3: receive RaftClientReply:client-FC58CAF12498->aeb608e6-131f-44e0-aa35-97c12a2f72a3@group-3F41E8AD953A, cid=3086, SUCCESS, logIndex=4609, commits[aeb608e6-131f-44e0-aa35-97c12a2f72a3:c4609, b6a0d396-0e26-402b-ac58-4f0615a4fad6:c4605, 8b17640a-2548-4323-bd97-ba3488877b23:c4605]
2019-08-20 11:35:56,117 INFO  client.GrpcClientProtocolClient (GrpcClientProtocolClient.java:onNext(255)) - client-FC58CAF12498->aeb608e6-131f-44e0-aa35-97c12a2f72a3: receive RaftClientReply:client-FC58CAF12498->aeb608e6-131f-44e0-aa35-97c12a2f72a3@group-3F41E8AD953A, cid=3087, SUCCESS, logIndex=0, commits[aeb608e6-131f-44e0-aa35-97c12a2f72a3:c4611, b6a0d396-0e26-402b-ac58-4f0615a4fad6:c4609, 8b17640a-2548-4323-bd97-ba3488877b23:c4609]
2019-08-20 11:35:56,146 INFO  client.GrpcClientProtocolClient (GrpcClientProtocolClient.java:onNext(255)) - client-FC58CAF12498->aeb608e6-131f-44e0-aa35-97c12a2f72a3: receive RaftClientReply:client-FC58CAF12498->aeb608e6-131f-44e0-aa35-97c12a2f72a3@group-3F41E8AD953A, cid=3088, SUCCESS, logIndex=4612, commits[aeb608e6-131f-44e0-aa35-97c12a2f72a3:c4613, b6a0d396-0e26-402b-ac58-4f0615a4fad6:c4611, 8b17640a-2548-4323-bd97-ba3488877b23:c4611]
2019-08-20 11:35:56,147 INFO  client.GrpcClientProtocolClient (GrpcClientProtocolClient.java:onNext(255)) - client-FC58CAF12498->aeb608e6-131f-44e0-aa35-97c12a2f72a3: receive RaftClientReply:client-FC58CAF12498->aeb608e6-131f-44e0-aa35-97c12a2f72a3@group-3F41E8AD953A, cid=3089, SUCCESS, logIndex=4613, commits[aeb608e6-131f-44e0-aa35-97c12a2f72a3:c4613, b6a0d396-0e26-402b-ac58-4f0615a4fad6:c4611, 8b17640a-2548-4323-bd97-ba3488877b23:c4611]
2019-08-20 11:35:56,156 INFO  client.GrpcClientProtocolClient (GrpcClientProtocolClient.java:onNext(255)) - client-FC58CAF12498->aeb608e6-131f-44e0-aa35-97c12a2f72a3: receive RaftClientReply:client-FC58CAF12498->aeb608e6-131f-44e0-aa35-97c12a2f72a3@group-3F41E8AD953A, cid=3090, SUCCESS, logIndex=4614, commits[aeb608e6-131f-44e0-aa35-97c12a2f72a3:c4615, b6a0d396-0e26-402b-ac58-4f0615a4fad6:c4611, 8b17640a-2548-4323-bd97-ba3488877b23:c4611]
2019-08-20 11:35:56,156 INFO  client.GrpcClientProtocolClient (GrpcClientProtocolClient.java:onNext(255)) - client-FC58CAF12498->aeb608e6-131f-44e0-aa35-97c12a2f72a3: receive RaftClientReply:client-FC58CAF12498->aeb608e6-131f-44e0-aa35-97c12a2f72a3@group-3F41E8AD953A, cid=3091, SUCCESS, logIndex=4615, commits[aeb608e6-131f-44e0-aa35-97c12a2f72a3:c4615, b6a0d396-0e26-402b-ac58-4f0615a4fad6:c4611, 8b17640a-2548-4323-bd97-ba3488877b23:c4611]
2019-08-20 11:35:56,158 INFO  client.GrpcClientProtocolClient (GrpcClientProtocolClient.java:onNext(255)) - client-FC58CAF12498->aeb608e6-131f-44e0-aa35-97c12a2f72a3: receive RaftClientReply:client-FC58CAF12498->aeb608e6-131f-44e0-aa35-97c12a2f72a3@group-3F41E8AD953A, cid=3092, SUCCESS, logIndex=0, commits[aeb608e6-131f-44e0-aa35-97c12a2f72a3:c4615, b6a0d396-0e26-402b-ac58-4f0615a4fad6:c4613, 8b17640a-2548-4323-bd97-ba3488877b23:c4613]
2019-08-20 11:35:56,182 INFO  client.GrpcClientProtocolClient (GrpcClientProtocolClient.java:onNext(255)) - client-FC58CAF12498->aeb608e6-131f-44e0-aa35-97c12a2f72a3: receive RaftClientReply:client-FC58CAF12498->aeb608e6-131f-44e0-aa35-97c12a2f72a3@group-3F41E8AD953A, cid=3093, SUCCESS, logIndex=4620, commits[aeb608e6-131f-44e0-aa35-97c12a2f72a3:c4621, b6a0d396-0e26-402b-ac58-4f0615a4fad6:c4615, 8b17640a-2548-4323-bd97-ba3488877b23:c4615]
2019-08-20 11:35:56,182 INFO  client.GrpcClientProtocolClient (GrpcClientProtocolClient.java:onNext(255)) - client-FC58CAF12498->aeb608e6-131f-44e0-aa35-97c12a2f72a3: receive RaftClientReply:client-FC58CAF12498->aeb608e6-131f-44e0-aa35-97c12a2f72a3@group-3F41E8AD953A, cid=3094, SUCCESS, logIndex=4621, commits[aeb608e6-131f-44e0-aa35-97c12a2f72a3:c4621, b6a0d396-0e26-402b-ac58-4f0615a4fad6:c4615, 8b17640a-2548-4323-bd97-ba3488877b23:c4615]
2019-08-20 11:35:56,197 INFO  client.GrpcClientProtocolClient (GrpcClientProtocolClient.java:onNext(255)) - client-FC58CAF12498->aeb608e6-131f-44e0-aa35-97c12a2f72a3: receive RaftClientReply:client-FC58CAF12498->aeb608e6-131f-44e0-aa35-97c12a2f72a3@group-3F41E8AD953A, cid=3095, SUCCESS, logIndex=4624, commits[aeb608e6-131f-44e0-aa35-97c12a2f72a3:c4625, b6a0d396-0e26-402b-ac58-4f0615a4fad6:c4621, 8b17640a-2548-4323-bd97-ba3488877b23:c4621]
2019-08-20 11:35:56,197 INFO  client.GrpcClientProtocolClient (GrpcClientProtocolClient.java:onNext(255)) - client-FC58CAF12498->aeb608e6-131f-44e0-aa35-97c12a2f72a3: receive RaftClientReply:client-FC58CAF12498->aeb608e6-131f-44e0-aa35-97c12a2f72a3@group-3F41E8AD953A, cid=3096, SUCCESS, logIndex=4625, commits[aeb608e6-131f-44e0-aa35-97c12a2f72a3:c4625, b6a0d396-0e26-402b-ac58-4f0615a4fad6:c4621, 8b17640a-2548-4323-bd97-ba3488877b23:c4621]
2019-08-20 11:35:56,209 INFO  client.GrpcClientProtocolClient (GrpcClientProtocolClient.java:onNext(255)) - client-FC58CAF12498->aeb608e6-131f-44e0-aa35-97c12a2f72a3: receive RaftClientReply:client-FC58CAF12498->aeb608e6-131f-44e0-aa35-97c12a2f72a3@group-3F41E8AD953A, cid=3097, SUCCESS, logIndex=0, commits[aeb608e6-131f-44e0-aa35-97c12a2f72a3:c4626, b6a0d396-0e26-402b-ac58-4f0615a4fad6:c4625, 8b17640a-2548-4323-bd97-ba3488877b23:c4625]
2019-08-20 11:35:56,237 INFO  client.GrpcClientProtocolClient (GrpcClientProtocolClient.java:onNext(255)) - client-FC58CAF12498->aeb608e6-131f-44e0-aa35-97c12a2f72a3: receive RaftClientReply:client-FC58CAF12498->aeb608e6-131f-44e0-aa35-97c12a2f72a3@group-3F41E8AD953A, cid=3098, SUCCESS, logIndex=4628, commits[aeb608e6-131f-44e0-aa35-97c12a2f72a3:c4631, b6a0d396-0e26-402b-ac58-4f0615a4fad6:c4627, 8b17640a-2548-4323-bd97-ba3488877b23:c4627]
2019-08-20 11:35:56,238 INFO  client.GrpcClientProtocolClient (GrpcClientProtocolClient.java:onNext(255)) - client-FC58CAF12498->aeb608e6-131f-44e0-aa35-97c12a2f72a3: receive RaftClientReply:client-FC58CAF12498->aeb608e6-131f-44e0-aa35-97c12a2f72a3@group-3F41E8AD953A, cid=3099, SUCCESS, logIndex=4629, commits[aeb608e6-131f-44e0-aa35-97c12a2f72a3:c4631, b6a0d396-0e26-402b-ac58-4f0615a4fad6:c4627, 8b17640a-2548-4323-bd97-ba3488877b23:c4627]
2019-08-20 11:35:56,238 INFO  client.GrpcClientProtocolClient (GrpcClientProtocolClient.java:onNext(255)) - client-FC58CAF12498->aeb608e6-131f-44e0-aa35-97c12a2f72a3: receive RaftClientReply:client-FC58CAF12498->aeb608e6-131f-44e0-aa35-97c12a2f72a3@group-3F41E8AD953A, cid=3100, SUCCESS, logIndex=4630, commits[aeb608e6-131f-44e0-aa35-97c12a2f72a3:c4631, b6a0d396-0e26-402b-ac58-4f0615a4fad6:c4627, 8b17640a-2548-4323-bd97-ba3488877b23:c4627]
2019-08-20 11:35:56,238 INFO  client.GrpcClientProtocolClient (GrpcClientProtocolClient.java:onNext(255)) - client-FC58CAF12498->aeb608e6-131f-44e0-aa35-97c12a2f72a3: receive RaftClientReply:client-FC58CAF12498->aeb608e6-131f-44e0-aa35-97c12a2f72a3@group-3F41E8AD953A, cid=3101, SUCCESS, logIndex=4631, commits[aeb608e6-131f-44e0-aa35-97c12a2f72a3:c4631, b6a0d396-0e26-402b-ac58-4f0615a4fad6:c4627, 8b17640a-2548-4323-bd97-ba3488877b23:c4627]
2019-08-20 11:35:56,240 INFO  client.GrpcClientProtocolClient (GrpcClientProtocolClient.java:onNext(255)) - client-FC58CAF12498->aeb608e6-131f-44e0-aa35-97c12a2f72a3: receive RaftClientReply:client-FC58CAF12498->aeb608e6-131f-44e0-aa35-97c12a2f72a3@group-3F41E8AD953A, cid=3102, SUCCESS, logIndex=0, commits[aeb608e6-131f-44e0-aa35-97c12a2f72a3:c4632, b6a0d396-0e26-402b-ac58-4f0615a4fad6:c4629, 8b17640a-2548-4323-bd97-ba3488877b23:c4629]
2019-08-20 11:35:56,252 INFO  client.GrpcClientProtocolClient (GrpcClientProtocolClient.java:onNext(255)) - client-FC58CAF12498->aeb608e6-131f-44e0-aa35-97c12a2f72a3: receive RaftClientReply:client-FC58CAF12498->aeb608e6-131f-44e0-aa35-97c12a2f72a3@group-3F41E8AD953A, cid=3103, SUCCESS, logIndex=4636, commits[aeb608e6-131f-44e0-aa35-97c12a2f72a3:c4637, b6a0d396-0e26-402b-ac58-4f0615a4fad6:c4631, 8b17640a-2548-4323-bd97-ba3488877b23:c4633]
2019-08-20 11:35:56,253 INFO  client.GrpcClientProtocolClient (GrpcClientProtocolClient.java:onNext(255)) - client-FC58CAF12498->aeb608e6-131f-44e0-aa35-97c12a2f72a3: receive RaftClientReply:client-FC58CAF12498->aeb608e6-131f-44e0-aa35-97c12a2f72a3@group-3F41E8AD953A, cid=3104, SUCCESS, logIndex=4637, commits[aeb608e6-131f-44e0-aa35-97c12a2f72a3:c4637, b6a0d396-0e26-402b-ac58-4f0615a4fad6:c4631, 8b17640a-2548-4323-bd97-ba3488877b23:c4633]
2019-08-20 11:35:56,268 INFO  client.GrpcClientProtocolClient (GrpcClientProtocolClient.java:onNext(255)) - client-FC58CAF12498->aeb608e6-131f-44e0-aa35-97c12a2f72a3: receive RaftClientReply:client-FC58CAF12498->aeb608e6-131f-44e0-aa35-97c12a2f72a3@group-3F41E8AD953A, cid=3105, SUCCESS, logIndex=4640, commits[aeb608e6-131f-44e0-aa35-97c12a2f72a3:c4641, b6a0d396-0e26-402b-ac58-4f0615a4fad6:c4639, 8b17640a-2548-4323-bd97-ba3488877b23:c4639]
2019-08-20 11:35:56,269 INFO  client.GrpcClientProtocolClient (GrpcClientProtocolClient.java:onNext(255)) - client-FC58CAF12498->aeb608e6-131f-44e0-aa35-97c12a2f72a3: receive RaftClientReply:client-FC58CAF12498->aeb608e6-131f-44e0-aa35-97c12a2f72a3@group-3F41E8AD953A, cid=3106, SUCCESS, logIndex=4641, commits[aeb608e6-131f-44e0-aa35-97c12a2f72a3:c4641, b6a0d396-0e26-402b-ac58-4f0615a4fad6:c4639, 8b17640a-2548-4323-bd97-ba3488877b23:c4639]
2019-08-20 11:35:56,280 INFO  client.GrpcClientProtocolClient (GrpcClientProtocolClient.java:onNext(255)) - client-FC58CAF12498->aeb608e6-131f-44e0-aa35-97c12a2f72a3: receive RaftClientReply:client-FC58CAF12498->aeb608e6-131f-44e0-aa35-97c12a2f72a3@group-3F41E8AD953A, cid=3107, SUCCESS, logIndex=0, commits[aeb608e6-131f-44e0-aa35-97c12a2f72a3:c4643, b6a0d396-0e26-402b-ac58-4f0615a4fad6:c4641, 8b17640a-2548-4323-bd97-ba3488877b23:c4641]
2019-08-20 11:35:56,301 INFO  client.GrpcClientProtocolClient (GrpcClientProtocolClient.java:onNext(255)) - client-FC58CAF12498->aeb608e6-131f-44e0-aa35-97c12a2f72a3: receive RaftClientReply:client-FC58CAF12498->aeb608e6-131f-44e0-aa35-97c12a2f72a3@group-3F41E8AD953A, cid=3108, SUCCESS, logIndex=4644, commits[aeb608e6-131f-44e0-aa35-97c12a2f72a3:c4647, b6a0d396-0e26-402b-ac58-4f0615a4fad6:c4641, 8b17640a-2548-4323-bd97-ba3488877b23:c4643]
2019-08-20 11:35:56,301 INFO  client.GrpcClientProtocolClient (GrpcClientProtocolClient.java:onNext(255)) - client-FC58CAF12498->aeb608e6-131f-44e0-aa35-97c12a2f72a3: receive RaftClientReply:client-FC58CAF12498->aeb608e6-131f-44e0-aa35-97c12a2f72a3@group-3F41E8AD953A, cid=3109, SUCCESS, logIndex=4645, commits[aeb608e6-131f-44e0-aa35-97c12a2f72a3:c4647, b6a0d396-0e26-402b-ac58-4f0615a4fad6:c4643, 8b17640a-2548-4323-bd97-ba3488877b23:c4643]
2019-08-20 11:35:56,302 INFO  client.GrpcClientProtocolClient (GrpcClientProtocolClient.java:onNext(255)) - client-FC58CAF12498->aeb608e6-131f-44e0-aa35-97c12a2f72a3: receive RaftClientReply:client-FC58CAF12498->aeb608e6-131f-44e0-aa35-97c12a2f72a3@group-3F41E8AD953A, cid=3110, SUCCESS, logIndex=4646, commits[aeb608e6-131f-44e0-aa35-97c12a2f72a3:c4647, b6a0d396-0e26-402b-ac58-4f0615a4fad6:c4643, 8b17640a-2548-4323-bd97-ba3488877b23:c4643]
2019-08-20 11:35:56,302 INFO  client.GrpcClientProtocolClient (GrpcClientProtocolClient.java:onNext(255)) - client-FC58CAF12498->aeb608e6-131f-44e0-aa35-97c12a2f72a3: receive RaftClientReply:client-FC58CAF12498->aeb608e6-131f-44e0-aa35-97c12a2f72a3@group-3F41E8AD953A, cid=3111, SUCCESS, logIndex=4647, commits[aeb608e6-131f-44e0-aa35-97c12a2f72a3:c4647, b6a0d396-0e26-402b-ac58-4f0615a4fad6:c4643, 8b17640a-2548-4323-bd97-ba3488877b23:c4643]
2019-08-20 11:35:56,304 INFO  client.GrpcClientProtocolClient (GrpcClientProtocolClient.java:onNext(255)) - client-FC58CAF12498->aeb608e6-131f-44e0-aa35-97c12a2f72a3: receive RaftClientReply:client-FC58CAF12498->aeb608e6-131f-44e0-aa35-97c12a2f72a3@group-3F41E8AD953A, cid=3112, SUCCESS, logIndex=0, commits[aeb608e6-131f-44e0-aa35-97c12a2f72a3:c4648, b6a0d396-0e26-402b-ac58-4f0615a4fad6:c4645, 8b17640a-2548-4323-bd97-ba3488877b23:c4645]
2019-08-20 11:35:56,330 INFO  client.GrpcClientProtocolClient (GrpcClientProtocolClient.java:onNext(255)) - client-FC58CAF12498->aeb608e6-131f-44e0-aa35-97c12a2f72a3: receive RaftClientReply:client-FC58CAF12498->aeb608e6-131f-44e0-aa35-97c12a2f72a3@group-3F41E8AD953A, cid=3113, SUCCESS, logIndex=4652, commits[aeb608e6-131f-44e0-aa35-97c12a2f72a3:c4653, b6a0d396-0e26-402b-ac58-4f0615a4fad6:c4651, 8b17640a-2548-4323-bd97-ba3488877b23:c4647]
2019-08-20 11:35:56,331 INFO  client.GrpcClientProtocolClient (GrpcClientProtocolClient.java:onNext(255)) - client-FC58CAF12498->aeb608e6-131f-44e0-aa35-97c12a2f72a3: receive RaftClientReply:client-FC58CAF12498->aeb608e6-131f-44e0-aa35-97c12a2f72a3@group-3F41E8AD953A, cid=3114, SUCCESS, logIndex=4653, commits[aeb608e6-131f-44e0-aa35-97c12a2f72a3:c4653, b6a0d396-0e26-402b-ac58-4f0615a4fad6:c4651, 8b17640a-2548-4323-bd97-ba3488877b23:c4651]
2019-08-20 11:35:56,348 INFO  client.GrpcClientProtocolClient (GrpcClientProtocolClient.java:onNext(255)) - client-FC58CAF12498->aeb608e6-131f-44e0-aa35-97c12a2f72a3: receive RaftClientReply:client-FC58CAF12498->aeb608e6-131f-44e0-aa35-97c12a2f72a3@group-3F41E8AD953A, cid=3115, SUCCESS, logIndex=4655, commits[aeb608e6-131f-44e0-aa35-97c12a2f72a3:c4656, b6a0d396-0e26-402b-ac58-4f0615a4fad6:c4654, 8b17640a-2548-4323-bd97-ba3488877b23:c4654]
2019-08-20 11:35:56,348 INFO  client.GrpcClientProtocolClient (GrpcClientProtocolClient.java:onNext(255)) - client-FC58CAF12498->aeb608e6-131f-44e0-aa35-97c12a2f72a3: receive RaftClientReply:client-FC58CAF12498->aeb608e6-131f-44e0-aa35-97c12a2f72a3@group-3F41E8AD953A, cid=3116, SUCCESS, logIndex=4656, commits[aeb608e6-131f-44e0-aa35-97c12a2f72a3:c4656, b6a0d396-0e26-402b-ac58-4f0615a4fad6:c4654, 8b17640a-2548-4323-bd97-ba3488877b23:c4654]
2019-08-20 11:35:56,362 INFO  client.GrpcClientProtocolClient (GrpcClientProtocolClient.java:onNext(255)) - client-FC58CAF12498->aeb608e6-131f-44e0-aa35-97c12a2f72a3: receive RaftClientReply:client-FC58CAF12498->aeb608e6-131f-44e0-aa35-97c12a2f72a3@group-3F41E8AD953A, cid=3117, SUCCESS, logIndex=0, commits[aeb608e6-131f-44e0-aa35-97c12a2f72a3:c4658, b6a0d396-0e26-402b-ac58-4f0615a4fad6:c4656, 8b17640a-2548-4323-bd97-ba3488877b23:c4656]
2019-08-20 11:35:56,388 INFO  client.GrpcClientProtocolClient (GrpcClientProtocolClient.java:onNext(255)) - client-FC58CAF12498->aeb608e6-131f-44e0-aa35-97c12a2f72a3: receive RaftClientReply:client-FC58CAF12498->aeb608e6-131f-44e0-aa35-97c12a2f72a3@group-3F41E8AD953A, cid=3118, SUCCESS, logIndex=4659, commits[aeb608e6-131f-44e0-aa35-97c12a2f72a3:c4660, b6a0d396-0e26-402b-ac58-4f0615a4fad6:c4658, 8b17640a-2548-4323-bd97-ba3488877b23:c4658]
2019-08-20 11:35:56,389 INFO  client.GrpcClientProtocolClient (GrpcClientProtocolClient.java:onNext(255)) - client-FC58CAF12498->aeb608e6-131f-44e0-aa35-97c12a2f72a3: receive RaftClientReply:client-FC58CAF12498->aeb608e6-131f-44e0-aa35-97c12a2f72a3@group-3F41E8AD953A, cid=3119, SUCCESS, logIndex=4660, commits[aeb608e6-131f-44e0-aa35-97c12a2f72a3:c4660, b6a0d396-0e26-402b-ac58-4f0615a4fad6:c4658, 8b17640a-2548-4323-bd97-ba3488877b23:c4658]
2019-08-20 11:35:56,401 INFO  client.GrpcClientProtocolClient (GrpcClientProtocolClient.java:onNext(255)) - client-FC58CAF12498->aeb608e6-131f-44e0-aa35-97c12a2f72a3: receive RaftClientReply:client-FC58CAF12498->aeb608e6-131f-44e0-aa35-97c12a2f72a3@group-3F41E8AD953A, cid=3120, SUCCESS, logIndex=4661, commits[aeb608e6-131f-44e0-aa35-97c12a2f72a3:c4662, b6a0d396-0e26-402b-ac58-4f0615a4fad6:c4658, 8b17640a-2548-4323-bd97-ba3488877b23:c4658]
2019-08-20 11:35:56,401 INFO  client.GrpcClientProtocolClient (GrpcClientProtocolClient.java:onNext(255)) - client-FC58CAF12498->aeb608e6-131f-44e0-aa35-97c12a2f72a3: receive RaftClientReply:client-FC58CAF12498->aeb608e6-131f-44e0-aa35-97c12a2f72a3@group-3F41E8AD953A, cid=3121, SUCCESS, logIndex=4662, commits[aeb608e6-131f-44e0-aa35-97c12a2f72a3:c4662, b6a0d396-0e26-402b-ac58-4f0615a4fad6:c4658, 8b17640a-2548-4323-bd97-ba3488877b23:c4658]
2019-08-20 11:35:56,412 INFO  client.GrpcClientProtocolClient (GrpcClientProtocolClient.java:onNext(255)) - client-FC58CAF12498->aeb608e6-131f-44e0-aa35-97c12a2f72a3: receive RaftClientReply:client-FC58CAF12498->aeb608e6-131f-44e0-aa35-97c12a2f72a3@group-3F41E8AD953A, cid=3122, SUCCESS, logIndex=0, commits[aeb608e6-131f-44e0-aa35-97c12a2f72a3:c4664, b6a0d396-0e26-402b-ac58-4f0615a4fad6:c4660, 8b17640a-2548-4323-bd97-ba3488877b23:c4660]
2019-08-20 11:35:56,432 INFO  client.GrpcClientProtocolClient (GrpcClientProtocolClient.java:onNext(255)) - client-FC58CAF12498->aeb608e6-131f-44e0-aa35-97c12a2f72a3: receive RaftClientReply:client-FC58CAF12498->aeb608e6-131f-44e0-aa35-97c12a2f72a3@group-3F41E8AD953A, cid=3123, SUCCESS, logIndex=4667, commits[aeb608e6-131f-44e0-aa35-97c12a2f72a3:c4668, b6a0d396-0e26-402b-ac58-4f0615a4fad6:c4666, 8b17640a-2548-4323-bd97-ba3488877b23:c4666]
2019-08-20 11:35:56,432 INFO  client.GrpcClientProtocolClient (GrpcClientProtocolClient.java:onNext(255)) - client-FC58CAF12498->aeb608e6-131f-44e0-aa35-97c12a2f72a3: receive RaftClientReply:client-FC58CAF12498->aeb608e6-131f-44e0-aa35-97c12a2f72a3@group-3F41E8AD953A, cid=3124, SUCCESS, logIndex=4668, commits[aeb608e6-131f-44e0-aa35-97c12a2f72a3:c4668, b6a0d396-0e26-402b-ac58-4f0615a4fad6:c4666, 8b17640a-2548-4323-bd97-ba3488877b23:c4666]
2019-08-20 11:35:56,447 INFO  client.GrpcClientProtocolClient (GrpcClientProtocolClient.java:onNext(255)) - client-FC58CAF12498->aeb608e6-131f-44e0-aa35-97c12a2f72a3: receive RaftClientReply:client-FC58CAF12498->aeb608e6-131f-44e0-aa35-97c12a2f72a3@group-3F41E8AD953A, cid=3125, SUCCESS, logIndex=4671, commits[aeb608e6-131f-44e0-aa35-97c12a2f72a3:c4672, b6a0d396-0e26-402b-ac58-4f0615a4fad6:c4668, 8b17640a-2548-4323-bd97-ba3488877b23:c4668]
2019-08-20 11:35:56,447 INFO  client.GrpcClientProtocolClient (GrpcClientProtocolClient.java:onNext(255)) - client-FC58CAF12498->aeb608e6-131f-44e0-aa35-97c12a2f72a3: receive RaftClientReply:client-FC58CAF12498->aeb608e6-131f-44e0-aa35-97c12a2f72a3@group-3F41E8AD953A, cid=3126, SUCCESS, logIndex=4672, commits[aeb608e6-131f-44e0-aa35-97c12a2f72a3:c4672, b6a0d396-0e26-402b-ac58-4f0615a4fad6:c4668, 8b17640a-2548-4323-bd97-ba3488877b23:c4668]
2019-08-20 11:35:56,461 INFO  client.GrpcClientProtocolClient (GrpcClientProtocolClient.java:onNext(255)) - client-FC58CAF12498->aeb608e6-131f-44e0-aa35-97c12a2f72a3: receive RaftClientReply:client-FC58CAF12498->aeb608e6-131f-44e0-aa35-97c12a2f72a3@group-3F41E8AD953A, cid=3127, SUCCESS, logIndex=0, commits[aeb608e6-131f-44e0-aa35-97c12a2f72a3:c4674, b6a0d396-0e26-402b-ac58-4f0615a4fad6:c4672, 8b17640a-2548-4323-bd97-ba3488877b23:c4672]
 0.00% |█                                                                                                    |  0/1 Time: 0:00:302019-08-20 11:35:56,604 INFO  client.GrpcClientProtocolClient (GrpcClientProtocolClient.java:onNext(255)) - client-FC58CAF12498->aeb608e6-131f-44e0-aa35-97c12a2f72a3: receive RaftClientReply:client-FC58CAF12498->aeb608e6-131f-44e0-aa35-97c12a2f72a3@group-3F41E8AD953A, cid=3128, SUCCESS, logIndex=4675, commits[aeb608e6-131f-44e0-aa35-97c12a2f72a3:c4677, b6a0d396-0e26-402b-ac58-4f0615a4fad6:c4674, 8b17640a-2548-4323-bd97-ba3488877b23:c4674]
2019-08-20 11:35:56,605 INFO  client.GrpcClientProtocolClient (GrpcClientProtocolClient.java:onNext(255)) - client-FC58CAF12498->aeb608e6-131f-44e0-aa35-97c12a2f72a3: receive RaftClientReply:client-FC58CAF12498->aeb608e6-131f-44e0-aa35-97c12a2f72a3@group-3F41E8AD953A, cid=3129, SUCCESS, logIndex=4676, commits[aeb608e6-131f-44e0-aa35-97c12a2f72a3:c4678, b6a0d396-0e26-402b-ac58-4f0615a4fad6:c4674, 8b17640a-2548-4323-bd97-ba3488877b23:c4674]
2019-08-20 11:35:56,605 INFO  client.GrpcClientProtocolClient (GrpcClientProtocolClient.java:onNext(255)) - client-FC58CAF12498->aeb608e6-131f-44e0-aa35-97c12a2f72a3: receive RaftClientReply:client-FC58CAF12498->aeb608e6-131f-44e0-aa35-97c12a2f72a3@group-3F41E8AD953A, cid=3130, SUCCESS, logIndex=4677, commits[aeb608e6-131f-44e0-aa35-97c12a2f72a3:c4678, b6a0d396-0e26-402b-ac58-4f0615a4fad6:c4674, 8b17640a-2548-4323-bd97-ba3488877b23:c4674]
2019-08-20 11:35:56,605 INFO  client.GrpcClientProtocolClient (GrpcClientProtocolClient.java:onNext(255)) - client-FC58CAF12498->aeb608e6-131f-44e0-aa35-97c12a2f72a3: receive RaftClientReply:client-FC58CAF12498->aeb608e6-131f-44e0-aa35-97c12a2f72a3@group-3F41E8AD953A, cid=3131, SUCCESS, logIndex=4678, commits[aeb608e6-131f-44e0-aa35-97c12a2f72a3:c4678, b6a0d396-0e26-402b-ac58-4f0615a4fad6:c4674, 8b17640a-2548-4323-bd97-ba3488877b23:c4674]
2019-08-20 11:35:56,620 INFO  client.GrpcClientProtocolClient (GrpcClientProtocolClient.java:onNext(255)) - client-FC58CAF12498->aeb608e6-131f-44e0-aa35-97c12a2f72a3: receive RaftClientReply:client-FC58CAF12498->aeb608e6-131f-44e0-aa35-97c12a2f72a3@group-3F41E8AD953A, cid=3132, SUCCESS, logIndex=0, commits[aeb608e6-131f-44e0-aa35-97c12a2f72a3:c4681, b6a0d396-0e26-402b-ac58-4f0615a4fad6:c4677, 8b17640a-2548-4323-bd97-ba3488877b23:c4676]
2019-08-20 11:35:56,640 INFO  client.GrpcClientProtocolClient (GrpcClientProtocolClient.java:onNext(255)) - client-FC58CAF12498->aeb608e6-131f-44e0-aa35-97c12a2f72a3: receive RaftClientReply:client-FC58CAF12498->aeb608e6-131f-44e0-aa35-97c12a2f72a3@group-3F41E8AD953A, cid=3133, SUCCESS, logIndex=4683, commits[aeb608e6-131f-44e0-aa35-97c12a2f72a3:c4684, b6a0d396-0e26-402b-ac58-4f0615a4fad6:c4682, 8b17640a-2548-4323-bd97-ba3488877b23:c4682]
2019-08-20 11:35:56,640 INFO  client.GrpcClientProtocolClient (GrpcClientProtocolClient.java:onNext(255)) - client-FC58CAF12498->aeb608e6-131f-44e0-aa35-97c12a2f72a3: receive RaftClientReply:client-FC58CAF12498->aeb608e6-131f-44e0-aa35-97c12a2f72a3@group-3F41E8AD953A, cid=3134, SUCCESS, logIndex=4684, commits[aeb608e6-131f-44e0-aa35-97c12a2f72a3:c4684, b6a0d396-0e26-402b-ac58-4f0615a4fad6:c4682, 8b17640a-2548-4323-bd97-ba3488877b23:c4682]
2019-08-20 11:35:56,653 INFO  client.GrpcClientProtocolClient (GrpcClientProtocolClient.java:onNext(255)) - client-FC58CAF12498->aeb608e6-131f-44e0-aa35-97c12a2f72a3: receive RaftClientReply:client-FC58CAF12498->aeb608e6-131f-44e0-aa35-97c12a2f72a3@group-3F41E8AD953A, cid=3135, SUCCESS, logIndex=4687, commits[aeb608e6-131f-44e0-aa35-97c12a2f72a3:c4688, b6a0d396-0e26-402b-ac58-4f0615a4fad6:c4684, 8b17640a-2548-4323-bd97-ba3488877b23:c4684]
2019-08-20 11:35:56,654 INFO  client.GrpcClientProtocolClient (GrpcClientProtocolClient.java:onNext(255)) - client-FC58CAF12498->aeb608e6-131f-44e0-aa35-97c12a2f72a3: receive RaftClientReply:client-FC58CAF12498->aeb608e6-131f-44e0-aa35-97c12a2f72a3@group-3F41E8AD953A, cid=3136, SUCCESS, logIndex=4688, commits[aeb608e6-131f-44e0-aa35-97c12a2f72a3:c4688, b6a0d396-0e26-402b-ac58-4f0615a4fad6:c4684, 8b17640a-2548-4323-bd97-ba3488877b23:c4684]
2019-08-20 11:35:56,666 INFO  client.GrpcClientProtocolClient (GrpcClientProtocolClient.java:onNext(255)) - client-FC58CAF12498->aeb608e6-131f-44e0-aa35-97c12a2f72a3: receive RaftClientReply:client-FC58CAF12498->aeb608e6-131f-44e0-aa35-97c12a2f72a3@group-3F41E8AD953A, cid=3137, SUCCESS, logIndex=0, commits[aeb608e6-131f-44e0-aa35-97c12a2f72a3:c4689, b6a0d396-0e26-402b-ac58-4f0615a4fad6:c4688, 8b17640a-2548-4323-bd97-ba3488877b23:c4688]
2019-08-20 11:35:56,701 INFO  client.GrpcClientProtocolClient (GrpcClientProtocolClient.java:onNext(255)) - client-FC58CAF12498->aeb608e6-131f-44e0-aa35-97c12a2f72a3: receive RaftClientReply:client-FC58CAF12498->aeb608e6-131f-44e0-aa35-97c12a2f72a3@group-3F41E8AD953A, cid=3138, SUCCESS, logIndex=4691, commits[aeb608e6-131f-44e0-aa35-97c12a2f72a3:c4692, b6a0d396-0e26-402b-ac58-4f0615a4fad6:c4690, 8b17640a-2548-4323-bd97-ba3488877b23:c4690]
2019-08-20 11:35:56,702 INFO  client.GrpcClientProtocolClient (GrpcClientProtocolClient.java:onNext(255)) - client-FC58CAF12498->aeb608e6-131f-44e0-aa35-97c12a2f72a3: receive RaftClientReply:client-FC58CAF12498->aeb608e6-131f-44e0-aa35-97c12a2f72a3@group-3F41E8AD953A, cid=3139, SUCCESS, logIndex=4692, commits[aeb608e6-131f-44e0-aa35-97c12a2f72a3:c4692, b6a0d396-0e26-402b-ac58-4f0615a4fad6:c4690, 8b17640a-2548-4323-bd97-ba3488877b23:c4690]
2019-08-20 11:35:56,702 INFO  client.GrpcClientProtocolClient (GrpcClientProtocolClient.java:onNext(255)) - client-FC58CAF12498->aeb608e6-131f-44e0-aa35-97c12a2f72a3: receive RaftClientReply:client-FC58CAF12498->aeb608e6-131f-44e0-aa35-97c12a2f72a3@group-3F41E8AD953A, cid=3140, SUCCESS, logIndex=4693, commits[aeb608e6-131f-44e0-aa35-97c12a2f72a3:c4694, b6a0d396-0e26-402b-ac58-4f0615a4fad6:c4690, 8b17640a-2548-4323-bd97-ba3488877b23:c4690]
2019-08-20 11:35:56,703 INFO  client.GrpcClientProtocolClient (GrpcClientProtocolClient.java:onNext(255)) - client-FC58CAF12498->aeb608e6-131f-44e0-aa35-97c12a2f72a3: receive RaftClientReply:client-FC58CAF12498->aeb608e6-131f-44e0-aa35-97c12a2f72a3@group-3F41E8AD953A, cid=3141, SUCCESS, logIndex=4694, commits[aeb608e6-131f-44e0-aa35-97c12a2f72a3:c4694, b6a0d396-0e26-402b-ac58-4f0615a4fad6:c4690, 8b17640a-2548-4323-bd97-ba3488877b23:c4690]
2019-08-20 11:35:56,705 INFO  client.GrpcClientProtocolClient (GrpcClientProtocolClient.java:onNext(255)) - client-FC58CAF12498->aeb608e6-131f-44e0-aa35-97c12a2f72a3: receive RaftClientReply:client-FC58CAF12498->aeb608e6-131f-44e0-aa35-97c12a2f72a3@group-3F41E8AD953A, cid=3142, SUCCESS, logIndex=0, commits[aeb608e6-131f-44e0-aa35-97c12a2f72a3:c4696, b6a0d396-0e26-402b-ac58-4f0615a4fad6:c4692, 8b17640a-2548-4323-bd97-ba3488877b23:c4692]
2019-08-20 11:35:56,717 INFO  client.GrpcClientProtocolClient (GrpcClientProtocolClient.java:onNext(255)) - client-FC58CAF12498->aeb608e6-131f-44e0-aa35-97c12a2f72a3: receive RaftClientReply:client-FC58CAF12498->aeb608e6-131f-44e0-aa35-97c12a2f72a3@group-3F41E8AD953A, cid=3143, SUCCESS, logIndex=4699, commits[aeb608e6-131f-44e0-aa35-97c12a2f72a3:c4700, b6a0d396-0e26-402b-ac58-4f0615a4fad6:c4694, 8b17640a-2548-4323-bd97-ba3488877b23:c4697]
2019-08-20 11:35:56,718 INFO  client.GrpcClientProtocolClient (GrpcClientProtocolClient.java:onNext(255)) - client-FC58CAF12498->aeb608e6-131f-44e0-aa35-97c12a2f72a3: receive RaftClientReply:client-FC58CAF12498->aeb608e6-131f-44e0-aa35-97c12a2f72a3@group-3F41E8AD953A, cid=3144, SUCCESS, logIndex=4700, commits[aeb608e6-131f-44e0-aa35-97c12a2f72a3:c4700, b6a0d396-0e26-402b-ac58-4f0615a4fad6:c4694, 8b17640a-2548-4323-bd97-ba3488877b23:c4697]
2019-08-20 11:35:56,733 INFO  client.GrpcClientProtocolClient (GrpcClientProtocolClient.java:onNext(255)) - client-FC58CAF12498->aeb608e6-131f-44e0-aa35-97c12a2f72a3: receive RaftClientReply:client-FC58CAF12498->aeb608e6-131f-44e0-aa35-97c12a2f72a3@group-3F41E8AD953A, cid=3145, SUCCESS, logIndex=4703, commits[aeb608e6-131f-44e0-aa35-97c12a2f72a3:c4704, b6a0d396-0e26-402b-ac58-4f0615a4fad6:c4701, 8b17640a-2548-4323-bd97-ba3488877b23:c4701]
2019-08-20 11:35:56,733 INFO  client.GrpcClientProtocolClient (GrpcClientProtocolClient.java:onNext(255)) - client-FC58CAF12498->aeb608e6-131f-44e0-aa35-97c12a2f72a3: receive RaftClientReply:client-FC58CAF12498->aeb608e6-131f-44e0-aa35-97c12a2f72a3@group-3F41E8AD953A, cid=3146, SUCCESS, logIndex=4704, commits[aeb608e6-131f-44e0-aa35-97c12a2f72a3:c4704, b6a0d396-0e26-402b-ac58-4f0615a4fad6:c4701, 8b17640a-2548-4323-bd97-ba3488877b23:c4701]
2019-08-20 11:35:56,735 INFO  client.GrpcClientProtocolClient (GrpcClientProtocolClient.java:onNext(255)) - client-FC58CAF12498->aeb608e6-131f-44e0-aa35-97c12a2f72a3: receive RaftClientReply:client-FC58CAF12498->aeb608e6-131f-44e0-aa35-97c12a2f72a3@group-3F41E8AD953A, cid=3147, SUCCESS, logIndex=0, commits[aeb608e6-131f-44e0-aa35-97c12a2f72a3:c4705, b6a0d396-0e26-402b-ac58-4f0615a4fad6:c4704, 8b17640a-2548-4323-bd97-ba3488877b23:c4704]
2019-08-20 11:35:56,762 INFO  client.GrpcClientProtocolClient (GrpcClientProtocolClient.java:onNext(255)) - client-FC58CAF12498->aeb608e6-131f-44e0-aa35-97c12a2f72a3: receive RaftClientReply:client-FC58CAF12498->aeb608e6-131f-44e0-aa35-97c12a2f72a3@group-3F41E8AD953A, cid=3148, SUCCESS, logIndex=4706, commits[aeb608e6-131f-44e0-aa35-97c12a2f72a3:c4707, b6a0d396-0e26-402b-ac58-4f0615a4fad6:c4705, 8b17640a-2548-4323-bd97-ba3488877b23:c4705]
2019-08-20 11:35:56,763 INFO  client.GrpcClientProtocolClient (GrpcClientProtocolClient.java:onNext(255)) - client-FC58CAF12498->aeb608e6-131f-44e0-aa35-97c12a2f72a3: receive RaftClientReply:client-FC58CAF12498->aeb608e6-131f-44e0-aa35-97c12a2f72a3@group-3F41E8AD953A, cid=3149, SUCCESS, logIndex=4707, commits[aeb608e6-131f-44e0-aa35-97c12a2f72a3:c4707, b6a0d396-0e26-402b-ac58-4f0615a4fad6:c4705, 8b17640a-2548-4323-bd97-ba3488877b23:c4705]
2019-08-20 11:35:56,775 INFO  client.GrpcClientProtocolClient (GrpcClientProtocolClient.java:onNext(255)) - client-FC58CAF12498->aeb608e6-131f-44e0-aa35-97c12a2f72a3: receive RaftClientReply:client-FC58CAF12498->aeb608e6-131f-44e0-aa35-97c12a2f72a3@group-3F41E8AD953A, cid=3150, SUCCESS, logIndex=4708, commits[aeb608e6-131f-44e0-aa35-97c12a2f72a3:c4709, b6a0d396-0e26-402b-ac58-4f0615a4fad6:c4705, 8b17640a-2548-4323-bd97-ba3488877b23:c4705]
2019-08-20 11:35:56,775 INFO  client.GrpcClientProtocolClient (GrpcClientProtocolClient.java:onNext(255)) - client-FC58CAF12498->aeb608e6-131f-44e0-aa35-97c12a2f72a3: receive RaftClientReply:client-FC58CAF12498->aeb608e6-131f-44e0-aa35-97c12a2f72a3@group-3F41E8AD953A, cid=3151, SUCCESS, logIndex=4709, commits[aeb608e6-131f-44e0-aa35-97c12a2f72a3:c4709, b6a0d396-0e26-402b-ac58-4f0615a4fad6:c4705, 8b17640a-2548-4323-bd97-ba3488877b23:c4705]
2019-08-20 11:35:56,788 INFO  client.GrpcClientProtocolClient (GrpcClientProtocolClient.java:onNext(255)) - client-FC58CAF12498->aeb608e6-131f-44e0-aa35-97c12a2f72a3: receive RaftClientReply:client-FC58CAF12498->aeb608e6-131f-44e0-aa35-97c12a2f72a3@group-3F41E8AD953A, cid=3152, SUCCESS, logIndex=0, commits[aeb608e6-131f-44e0-aa35-97c12a2f72a3:c4711, b6a0d396-0e26-402b-ac58-4f0615a4fad6:c4707, 8b17640a-2548-4323-bd97-ba3488877b23:c4707]
2019-08-20 11:35:56,813 INFO  client.GrpcClientProtocolClient (GrpcClientProtocolClient.java:onNext(255)) - client-FC58CAF12498->aeb608e6-131f-44e0-aa35-97c12a2f72a3: receive RaftClientReply:client-FC58CAF12498->aeb608e6-131f-44e0-aa35-97c12a2f72a3@group-3F41E8AD953A, cid=3153, SUCCESS, logIndex=4714, commits[aeb608e6-131f-44e0-aa35-97c12a2f72a3:c4715, b6a0d396-0e26-402b-ac58-4f0615a4fad6:c4711, 8b17640a-2548-4323-bd97-ba3488877b23:c4711]
2019-08-20 11:35:56,814 INFO  client.GrpcClientProtocolClient (GrpcClientProtocolClient.java:onNext(255)) - client-FC58CAF12498->aeb608e6-131f-44e0-aa35-97c12a2f72a3: receive RaftClientReply:client-FC58CAF12498->aeb608e6-131f-44e0-aa35-97c12a2f72a3@group-3F41E8AD953A, cid=3154, SUCCESS, logIndex=4715, commits[aeb608e6-131f-44e0-aa35-97c12a2f72a3:c4715, b6a0d396-0e26-402b-ac58-4f0615a4fad6:c4711, 8b17640a-2548-4323-bd97-ba3488877b23:c4711]
2019-08-20 11:35:56,839 INFO  client.GrpcClientProtocolClient (GrpcClientProtocolClient.java:onNext(255)) - client-FC58CAF12498->aeb608e6-131f-44e0-aa35-97c12a2f72a3: receive RaftClientReply:client-FC58CAF12498->aeb608e6-131f-44e0-aa35-97c12a2f72a3@group-3F41E8AD953A, cid=3155, SUCCESS, logIndex=4718, commits[aeb608e6-131f-44e0-aa35-97c12a2f72a3:c4719, b6a0d396-0e26-402b-ac58-4f0615a4fad6:c4715, 8b17640a-2548-4323-bd97-ba3488877b23:c4715]
2019-08-20 11:35:56,839 INFO  client.GrpcClientProtocolClient (GrpcClientProtocolClient.java:onNext(255)) - client-FC58CAF12498->aeb608e6-131f-44e0-aa35-97c12a2f72a3: receive RaftClientReply:client-FC58CAF12498->aeb608e6-131f-44e0-aa35-97c12a2f72a3@group-3F41E8AD953A, cid=3156, SUCCESS, logIndex=4719, commits[aeb608e6-131f-44e0-aa35-97c12a2f72a3:c4719, b6a0d396-0e26-402b-ac58-4f0615a4fad6:c4715, 8b17640a-2548-4323-bd97-ba3488877b23:c4715]
2019-08-20 11:35:56,860 INFO  client.GrpcClientProtocolClient (GrpcClientProtocolClient.java:onNext(255)) - client-FC58CAF12498->aeb608e6-131f-44e0-aa35-97c12a2f72a3: receive RaftClientReply:client-FC58CAF12498->aeb608e6-131f-44e0-aa35-97c12a2f72a3@group-3F41E8AD953A, cid=3157, SUCCESS, logIndex=0, commits[aeb608e6-131f-44e0-aa35-97c12a2f72a3:c4721, b6a0d396-0e26-402b-ac58-4f0615a4fad6:c4719, 8b17640a-2548-4323-bd97-ba3488877b23:c4719]
2019-08-20 11:35:56,885 INFO  client.GrpcClientProtocolClient (GrpcClientProtocolClient.java:onNext(255)) - client-FC58CAF12498->aeb608e6-131f-44e0-aa35-97c12a2f72a3: receive RaftClientReply:client-FC58CAF12498->aeb608e6-131f-44e0-aa35-97c12a2f72a3@group-3F41E8AD953A, cid=3158, SUCCESS, logIndex=4722, commits[aeb608e6-131f-44e0-aa35-97c12a2f72a3:c4723, b6a0d396-0e26-402b-ac58-4f0615a4fad6:c4719, 8b17640a-2548-4323-bd97-ba3488877b23:c4721]
2019-08-20 11:35:56,885 INFO  client.GrpcClientProtocolClient (GrpcClientProtocolClient.java:onNext(255)) - client-FC58CAF12498->aeb608e6-131f-44e0-aa35-97c12a2f72a3: receive RaftClientReply:client-FC58CAF12498->aeb608e6-131f-44e0-aa35-97c12a2f72a3@group-3F41E8AD953A, cid=3159, SUCCESS, logIndex=4723, commits[aeb608e6-131f-44e0-aa35-97c12a2f72a3:c4723, b6a0d396-0e26-402b-ac58-4f0615a4fad6:c4721, 8b17640a-2548-4323-bd97-ba3488877b23:c4721]
2019-08-20 11:35:56,895 INFO  client.GrpcClientProtocolClient (GrpcClientProtocolClient.java:onNext(255)) - client-FC58CAF12498->aeb608e6-131f-44e0-aa35-97c12a2f72a3: receive RaftClientReply:client-FC58CAF12498->aeb608e6-131f-44e0-aa35-97c12a2f72a3@group-3F41E8AD953A, cid=3160, SUCCESS, logIndex=4724, commits[aeb608e6-131f-44e0-aa35-97c12a2f72a3:c4725, b6a0d396-0e26-402b-ac58-4f0615a4fad6:c4721, 8b17640a-2548-4323-bd97-ba3488877b23:c4721]
2019-08-20 11:35:56,895 INFO  client.GrpcClientProtocolClient (GrpcClientProtocolClient.java:onNext(255)) - client-FC58CAF12498->aeb608e6-131f-44e0-aa35-97c12a2f72a3: receive RaftClientReply:client-FC58CAF12498->aeb608e6-131f-44e0-aa35-97c12a2f72a3@group-3F41E8AD953A, cid=3161, SUCCESS, logIndex=4725, commits[aeb608e6-131f-44e0-aa35-97c12a2f72a3:c4725, b6a0d396-0e26-402b-ac58-4f0615a4fad6:c4721, 8b17640a-2548-4323-bd97-ba3488877b23:c4721]
2019-08-20 11:35:56,908 INFO  client.GrpcClientProtocolClient (GrpcClientProtocolClient.java:onNext(255)) - client-FC58CAF12498->aeb608e6-131f-44e0-aa35-97c12a2f72a3: receive RaftClientReply:client-FC58CAF12498->aeb608e6-131f-44e0-aa35-97c12a2f72a3@group-3F41E8AD953A, cid=3162, SUCCESS, logIndex=0, commits[aeb608e6-131f-44e0-aa35-97c12a2f72a3:c4727, b6a0d396-0e26-402b-ac58-4f0615a4fad6:c4723, 8b17640a-2548-4323-bd97-ba3488877b23:c4723]
2019-08-20 11:35:56,933 INFO  client.GrpcClientProtocolClient (GrpcClientProtocolClient.java:onNext(255)) - client-FC58CAF12498->aeb608e6-131f-44e0-aa35-97c12a2f72a3: receive RaftClientReply:client-FC58CAF12498->aeb608e6-131f-44e0-aa35-97c12a2f72a3@group-3F41E8AD953A, cid=3163, SUCCESS, logIndex=4729, commits[aeb608e6-131f-44e0-aa35-97c12a2f72a3:c4730, b6a0d396-0e26-402b-ac58-4f0615a4fad6:c4725, 8b17640a-2548-4323-bd97-ba3488877b23:c4727]
2019-08-20 11:35:56,933 INFO  client.GrpcClientProtocolClient (GrpcClientProtocolClient.java:onNext(255)) - client-FC58CAF12498->aeb608e6-131f-44e0-aa35-97c12a2f72a3: receive RaftClientReply:client-FC58CAF12498->aeb608e6-131f-44e0-aa35-97c12a2f72a3@group-3F41E8AD953A, cid=3164, SUCCESS, logIndex=4730, commits[aeb608e6-131f-44e0-aa35-97c12a2f72a3:c4730, b6a0d396-0e26-402b-ac58-4f0615a4fad6:c4727, 8b17640a-2548-4323-bd97-ba3488877b23:c4727]
2019-08-20 11:35:56,959 INFO  client.GrpcClientProtocolClient (GrpcClientProtocolClient.java:onNext(255)) - client-FC58CAF12498->aeb608e6-131f-44e0-aa35-97c12a2f72a3: receive RaftClientReply:client-FC58CAF12498->aeb608e6-131f-44e0-aa35-97c12a2f72a3@group-3F41E8AD953A, cid=3165, SUCCESS, logIndex=4732, commits[aeb608e6-131f-44e0-aa35-97c12a2f72a3:c4733, b6a0d396-0e26-402b-ac58-4f0615a4fad6:c4730, 8b17640a-2548-4323-bd97-ba3488877b23:c4730]
2019-08-20 11:35:56,959 INFO  client.GrpcClientProtocolClient (GrpcClientProtocolClient.java:onNext(255)) - client-FC58CAF12498->aeb608e6-131f-44e0-aa35-97c12a2f72a3: receive RaftClientReply:client-FC58CAF12498->aeb608e6-131f-44e0-aa35-97c12a2f72a3@group-3F41E8AD953A, cid=3166, SUCCESS, logIndex=4733, commits[aeb608e6-131f-44e0-aa35-97c12a2f72a3:c4733, b6a0d396-0e26-402b-ac58-4f0615a4fad6:c4730, 8b17640a-2548-4323-bd97-ba3488877b23:c4730]
2019-08-20 11:35:56,971 INFO  client.GrpcClientProtocolClient (GrpcClientProtocolClient.java:onNext(255)) - client-FC58CAF12498->aeb608e6-131f-44e0-aa35-97c12a2f72a3: receive RaftClientReply:client-FC58CAF12498->aeb608e6-131f-44e0-aa35-97c12a2f72a3@group-3F41E8AD953A, cid=3167, SUCCESS, logIndex=0, commits[aeb608e6-131f-44e0-aa35-97c12a2f72a3:c4735, b6a0d396-0e26-402b-ac58-4f0615a4fad6:c4733, 8b17640a-2548-4323-bd97-ba3488877b23:c4733]
2019-08-20 11:35:57,003 INFO  client.GrpcClientProtocolClient (GrpcClientProtocolClient.java:onNext(255)) - client-FC58CAF12498->aeb608e6-131f-44e0-aa35-97c12a2f72a3: receive RaftClientReply:client-FC58CAF12498->aeb608e6-131f-44e0-aa35-97c12a2f72a3@group-3F41E8AD953A, cid=3168, SUCCESS, logIndex=4736, commits[aeb608e6-131f-44e0-aa35-97c12a2f72a3:c4738, b6a0d396-0e26-402b-ac58-4f0615a4fad6:c4735, 8b17640a-2548-4323-bd97-ba3488877b23:c4735]
2019-08-20 11:35:57,003 INFO  client.GrpcClientProtocolClient (GrpcClientProtocolClient.java:onNext(255)) - client-FC58CAF12498->aeb608e6-131f-44e0-aa35-97c12a2f72a3: receive RaftClientReply:client-FC58CAF12498->aeb608e6-131f-44e0-aa35-97c12a2f72a3@group-3F41E8AD953A, cid=3169, SUCCESS, logIndex=4737, commits[aeb608e6-131f-44e0-aa35-97c12a2f72a3:c4739, b6a0d396-0e26-402b-ac58-4f0615a4fad6:c4735, 8b17640a-2548-4323-bd97-ba3488877b23:c4735]
2019-08-20 11:35:57,004 INFO  client.GrpcClientProtocolClient (GrpcClientProtocolClient.java:onNext(255)) - client-FC58CAF12498->aeb608e6-131f-44e0-aa35-97c12a2f72a3: receive RaftClientReply:client-FC58CAF12498->aeb608e6-131f-44e0-aa35-97c12a2f72a3@group-3F41E8AD953A, cid=3170, SUCCESS, logIndex=4738, commits[aeb608e6-131f-44e0-aa35-97c12a2f72a3:c4739, b6a0d396-0e26-402b-ac58-4f0615a4fad6:c4735, 8b17640a-2548-4323-bd97-ba3488877b23:c4735]
2019-08-20 11:35:57,004 INFO  client.GrpcClientProtocolClient (GrpcClientProtocolClient.java:onNext(255)) - client-FC58CAF12498->aeb608e6-131f-44e0-aa35-97c12a2f72a3: receive RaftClientReply:client-FC58CAF12498->aeb608e6-131f-44e0-aa35-97c12a2f72a3@group-3F41E8AD953A, cid=3171, SUCCESS, logIndex=4739, commits[aeb608e6-131f-44e0-aa35-97c12a2f72a3:c4739, b6a0d396-0e26-402b-ac58-4f0615a4fad6:c4735, 8b17640a-2548-4323-bd97-ba3488877b23:c4735]
2019-08-20 11:35:57,018 INFO  client.GrpcClientProtocolClient (GrpcClientProtocolClient.java:onNext(255)) - client-FC58CAF12498->aeb608e6-131f-44e0-aa35-97c12a2f72a3: receive RaftClientReply:client-FC58CAF12498->aeb608e6-131f-44e0-aa35-97c12a2f72a3@group-3F41E8AD953A, cid=3172, SUCCESS, logIndex=0, commits[aeb608e6-131f-44e0-aa35-97c12a2f72a3:c4740, b6a0d396-0e26-402b-ac58-4f0615a4fad6:c4737, 8b17640a-2548-4323-bd97-ba3488877b23:c4737]
2019-08-20 11:35:57,044 INFO  client.GrpcClientProtocolClient (GrpcClientProtocolClient.java:onNext(255)) - client-FC58CAF12498->aeb608e6-131f-44e0-aa35-97c12a2f72a3: receive RaftClientReply:client-FC58CAF12498->aeb608e6-131f-44e0-aa35-97c12a2f72a3@group-3F41E8AD953A, cid=3173, SUCCESS, logIndex=4744, commits[aeb608e6-131f-44e0-aa35-97c12a2f72a3:c4745, b6a0d396-0e26-402b-ac58-4f0615a4fad6:c4740, 8b17640a-2548-4323-bd97-ba3488877b23:c4740]
2019-08-20 11:35:57,044 INFO  client.GrpcClientProtocolClient (GrpcClientProtocolClient.java:onNext(255)) - client-FC58CAF12498->aeb608e6-131f-44e0-aa35-97c12a2f72a3: receive RaftClientReply:client-FC58CAF12498->aeb608e6-131f-44e0-aa35-97c12a2f72a3@group-3F41E8AD953A, cid=3174, SUCCESS, logIndex=4745, commits[aeb608e6-131f-44e0-aa35-97c12a2f72a3:c4745, b6a0d396-0e26-402b-ac58-4f0615a4fad6:c4740, 8b17640a-2548-4323-bd97-ba3488877b23:c4740]
2019-08-20 11:35:57,062 INFO  client.GrpcClientProtocolClient (GrpcClientProtocolClient.java:onNext(255)) - client-FC58CAF12498->aeb608e6-131f-44e0-aa35-97c12a2f72a3: receive RaftClientReply:client-FC58CAF12498->aeb608e6-131f-44e0-aa35-97c12a2f72a3@group-3F41E8AD953A, cid=3175, SUCCESS, logIndex=4748, commits[aeb608e6-131f-44e0-aa35-97c12a2f72a3:c4749, b6a0d396-0e26-402b-ac58-4f0615a4fad6:c4747, 8b17640a-2548-4323-bd97-ba3488877b23:c4745]
2019-08-20 11:35:57,063 INFO  client.GrpcClientProtocolClient (GrpcClientProtocolClient.java:onNext(255)) - client-FC58CAF12498->aeb608e6-131f-44e0-aa35-97c12a2f72a3: receive RaftClientReply:client-FC58CAF12498->aeb608e6-131f-44e0-aa35-97c12a2f72a3@group-3F41E8AD953A, cid=3176, SUCCESS, logIndex=4749, commits[aeb608e6-131f-44e0-aa35-97c12a2f72a3:c4749, b6a0d396-0e26-402b-ac58-4f0615a4fad6:c4747, 8b17640a-2548-4323-bd97-ba3488877b23:c4747]
2019-08-20 11:35:57,065 INFO  client.GrpcClientProtocolClient (GrpcClientProtocolClient.java:onNext(255)) - client-FC58CAF12498->aeb608e6-131f-44e0-aa35-97c12a2f72a3: receive RaftClientReply:client-FC58CAF12498->aeb608e6-131f-44e0-aa35-97c12a2f72a3@group-3F41E8AD953A, cid=3177, SUCCESS, logIndex=0, commits[aeb608e6-131f-44e0-aa35-97c12a2f72a3:c4750, b6a0d396-0e26-402b-ac58-4f0615a4fad6:c4749, 8b17640a-2548-4323-bd97-ba3488877b23:c4749]
2019-08-20 11:35:57,091 INFO  client.GrpcClientProtocolClient (GrpcClientProtocolClient.java:onNext(255)) - client-FC58CAF12498->aeb608e6-131f-44e0-aa35-97c12a2f72a3: receive RaftClientReply:client-FC58CAF12498->aeb608e6-131f-44e0-aa35-97c12a2f72a3@group-3F41E8AD953A, cid=3178, SUCCESS, logIndex=4752, commits[aeb608e6-131f-44e0-aa35-97c12a2f72a3:c4753, b6a0d396-0e26-402b-ac58-4f0615a4fad6:c4751, 8b17640a-2548-4323-bd97-ba3488877b23:c4751]
2019-08-20 11:35:57,091 INFO  client.GrpcClientProtocolClient (GrpcClientProtocolClient.java:onNext(255)) - client-FC58CAF12498->aeb608e6-131f-44e0-aa35-97c12a2f72a3: receive RaftClientReply:client-FC58CAF12498->aeb608e6-131f-44e0-aa35-97c12a2f72a3@group-3F41E8AD953A, cid=3179, SUCCESS, logIndex=4753, commits[aeb608e6-131f-44e0-aa35-97c12a2f72a3:c4753, b6a0d396-0e26-402b-ac58-4f0615a4fad6:c4751, 8b17640a-2548-4323-bd97-ba3488877b23:c4751]
2019-08-20 11:35:57,093 INFO  client.GrpcClientProtocolClient (GrpcClientProtocolClient.java:onNext(255)) - client-FC58CAF12498->aeb608e6-131f-44e0-aa35-97c12a2f72a3: receive RaftClientReply:client-FC58CAF12498->aeb608e6-131f-44e0-aa35-97c12a2f72a3@group-3F41E8AD953A, cid=3180, SUCCESS, logIndex=4754, commits[aeb608e6-131f-44e0-aa35-97c12a2f72a3:c4755, b6a0d396-0e26-402b-ac58-4f0615a4fad6:c4751, 8b17640a-2548-4323-bd97-ba3488877b23:c4751]
2019-08-20 11:35:57,094 INFO  client.GrpcClientProtocolClient (GrpcClientProtocolClient.java:onNext(255)) - client-FC58CAF12498->aeb608e6-131f-44e0-aa35-97c12a2f72a3: receive RaftClientReply:client-FC58CAF12498->aeb608e6-131f-44e0-aa35-97c12a2f72a3@group-3F41E8AD953A, cid=3181, SUCCESS, logIndex=4755, commits[aeb608e6-131f-44e0-aa35-97c12a2f72a3:c4755, b6a0d396-0e26-402b-ac58-4f0615a4fad6:c4751, 8b17640a-2548-4323-bd97-ba3488877b23:c4751]
2019-08-20 11:35:57,096 INFO  client.GrpcClientProtocolClient (GrpcClientProtocolClient.java:onNext(255)) - client-FC58CAF12498->aeb608e6-131f-44e0-aa35-97c12a2f72a3: receive RaftClientReply:client-FC58CAF12498->aeb608e6-131f-44e0-aa35-97c12a2f72a3@group-3F41E8AD953A, cid=3182, SUCCESS, logIndex=0, commits[aeb608e6-131f-44e0-aa35-97c12a2f72a3:c4757, b6a0d396-0e26-402b-ac58-4f0615a4fad6:c4753, 8b17640a-2548-4323-bd97-ba3488877b23:c4753]
2019-08-20 11:35:57,122 INFO  client.GrpcClientProtocolClient (GrpcClientProtocolClient.java:onNext(255)) - client-FC58CAF12498->aeb608e6-131f-44e0-aa35-97c12a2f72a3: receive RaftClientReply:client-FC58CAF12498->aeb608e6-131f-44e0-aa35-97c12a2f72a3@group-3F41E8AD953A, cid=3183, SUCCESS, logIndex=4760, commits[aeb608e6-131f-44e0-aa35-97c12a2f72a3:c4761, b6a0d396-0e26-402b-ac58-4f0615a4fad6:c4759, 8b17640a-2548-4323-bd97-ba3488877b23:c4759]
2019-08-20 11:35:57,123 INFO  client.GrpcClientProtocolClient (GrpcClientProtocolClient.java:onNext(255)) - client-FC58CAF12498->aeb608e6-131f-44e0-aa35-97c12a2f72a3: receive RaftClientReply:client-FC58CAF12498->aeb608e6-131f-44e0-aa35-97c12a2f72a3@group-3F41E8AD953A, cid=3184, SUCCESS, logIndex=4761, commits[aeb608e6-131f-44e0-aa35-97c12a2f72a3:c4761, b6a0d396-0e26-402b-ac58-4f0615a4fad6:c4759, 8b17640a-2548-4323-bd97-ba3488877b23:c4759]
2019-08-20 11:35:57,137 INFO  client.GrpcClientProtocolClient (GrpcClientProtocolClient.java:onNext(255)) - client-FC58CAF12498->aeb608e6-131f-44e0-aa35-97c12a2f72a3: receive RaftClientReply:client-FC58CAF12498->aeb608e6-131f-44e0-aa35-97c12a2f72a3@group-3F41E8AD953A, cid=3185, SUCCESS, logIndex=4764, commits[aeb608e6-131f-44e0-aa35-97c12a2f72a3:c4765, b6a0d396-0e26-402b-ac58-4f0615a4fad6:c4761, 8b17640a-2548-4323-bd97-ba3488877b23:c4761]
2019-08-20 11:35:57,137 INFO  client.GrpcClientProtocolClient (GrpcClientProtocolClient.java:onNext(255)) - client-FC58CAF12498->aeb608e6-131f-44e0-aa35-97c12a2f72a3: receive RaftClientReply:client-FC58CAF12498->aeb608e6-131f-44e0-aa35-97c12a2f72a3@group-3F41E8AD953A, cid=3186, SUCCESS, logIndex=4765, commits[aeb608e6-131f-44e0-aa35-97c12a2f72a3:c4765, b6a0d396-0e26-402b-ac58-4f0615a4fad6:c4761, 8b17640a-2548-4323-bd97-ba3488877b23:c4761]
2019-08-20 11:35:57,162 INFO  client.GrpcClientProtocolClient (GrpcClientProtocolClient.java:onNext(255)) - client-FC58CAF12498->aeb608e6-131f-44e0-aa35-97c12a2f72a3: receive RaftClientReply:client-FC58CAF12498->aeb608e6-131f-44e0-aa35-97c12a2f72a3@group-3F41E8AD953A, cid=3187, SUCCESS, logIndex=0, commits[aeb608e6-131f-44e0-aa35-97c12a2f72a3:c4767, b6a0d396-0e26-402b-ac58-4f0615a4fad6:c4765, 8b17640a-2548-4323-bd97-ba3488877b23:c4765]
2019-08-20 11:35:57,191 INFO  client.GrpcClientProtocolClient (GrpcClientProtocolClient.java:onNext(255)) - client-FC58CAF12498->aeb608e6-131f-44e0-aa35-97c12a2f72a3: receive RaftClientReply:client-FC58CAF12498->aeb608e6-131f-44e0-aa35-97c12a2f72a3@group-3F41E8AD953A, cid=3188, SUCCESS, logIndex=4768, commits[aeb608e6-131f-44e0-aa35-97c12a2f72a3:c4769, b6a0d396-0e26-402b-ac58-4f0615a4fad6:c4765, 8b17640a-2548-4323-bd97-ba3488877b23:c4767]
2019-08-20 11:35:57,191 INFO  client.GrpcClientProtocolClient (GrpcClientProtocolClient.java:onNext(255)) - client-FC58CAF12498->aeb608e6-131f-44e0-aa35-97c12a2f72a3: receive RaftClientReply:client-FC58CAF12498->aeb608e6-131f-44e0-aa35-97c12a2f72a3@group-3F41E8AD953A, cid=3189, SUCCESS, logIndex=4769, commits[aeb608e6-131f-44e0-aa35-97c12a2f72a3:c4769, b6a0d396-0e26-402b-ac58-4f0615a4fad6:c4767, 8b17640a-2548-4323-bd97-ba3488877b23:c4767]
2019-08-20 11:35:57,202 INFO  client.GrpcClientProtocolClient (GrpcClientProtocolClient.java:onNext(255)) - client-FC58CAF12498->aeb608e6-131f-44e0-aa35-97c12a2f72a3: receive RaftClientReply:client-FC58CAF12498->aeb608e6-131f-44e0-aa35-97c12a2f72a3@group-3F41E8AD953A, cid=3190, SUCCESS, logIndex=4770, commits[aeb608e6-131f-44e0-aa35-97c12a2f72a3:c4771, b6a0d396-0e26-402b-ac58-4f0615a4fad6:c4767, 8b17640a-2548-4323-bd97-ba3488877b23:c4767]
2019-08-20 11:35:57,203 INFO  client.GrpcClientProtocolClient (GrpcClientProtocolClient.java:onNext(255)) - client-FC58CAF12498->aeb608e6-131f-44e0-aa35-97c12a2f72a3: receive RaftClientReply:client-FC58CAF12498->aeb608e6-131f-44e0-aa35-97c12a2f72a3@group-3F41E8AD953A, cid=3191, SUCCESS, logIndex=4771, commits[aeb608e6-131f-44e0-aa35-97c12a2f72a3:c4771, b6a0d396-0e26-402b-ac58-4f0615a4fad6:c4767, 8b17640a-2548-4323-bd97-ba3488877b23:c4767]
2019-08-20 11:35:57,204 INFO  client.GrpcClientProtocolClient (GrpcClientProtocolClient.java:onNext(255)) - client-FC58CAF12498->aeb608e6-131f-44e0-aa35-97c12a2f72a3: receive RaftClientReply:client-FC58CAF12498->aeb608e6-131f-44e0-aa35-97c12a2f72a3@group-3F41E8AD953A, cid=3192, SUCCESS, logIndex=0, commits[aeb608e6-131f-44e0-aa35-97c12a2f72a3:c4772, b6a0d396-0e26-402b-ac58-4f0615a4fad6:c4769, 8b17640a-2548-4323-bd97-ba3488877b23:c4769]
2019-08-20 11:35:57,239 INFO  client.GrpcClientProtocolClient (GrpcClientProtocolClient.java:onNext(255)) - client-FC58CAF12498->aeb608e6-131f-44e0-aa35-97c12a2f72a3: receive RaftClientReply:client-FC58CAF12498->aeb608e6-131f-44e0-aa35-97c12a2f72a3@group-3F41E8AD953A, cid=3193, SUCCESS, logIndex=4775, commits[aeb608e6-131f-44e0-aa35-97c12a2f72a3:c4776, b6a0d396-0e26-402b-ac58-4f0615a4fad6:c4772, 8b17640a-2548-4323-bd97-ba3488877b23:c4772]
2019-08-20 11:35:57,240 INFO  client.GrpcClientProtocolClient (GrpcClientProtocolClient.java:onNext(255)) - client-FC58CAF12498->aeb608e6-131f-44e0-aa35-97c12a2f72a3: receive RaftClientReply:client-FC58CAF12498->aeb608e6-131f-44e0-aa35-97c12a2f72a3@group-3F41E8AD953A, cid=3194, SUCCESS, logIndex=4776, commits[aeb608e6-131f-44e0-aa35-97c12a2f72a3:c4776, b6a0d396-0e26-402b-ac58-4f0615a4fad6:c4772, 8b17640a-2548-4323-bd97-ba3488877b23:c4772]
2019-08-20 11:35:57,255 INFO  client.GrpcClientProtocolClient (GrpcClientProtocolClient.java:onNext(255)) - client-FC58CAF12498->aeb608e6-131f-44e0-aa35-97c12a2f72a3: receive RaftClientReply:client-FC58CAF12498->aeb608e6-131f-44e0-aa35-97c12a2f72a3@group-3F41E8AD953A, cid=3195, SUCCESS, logIndex=4779, commits[aeb608e6-131f-44e0-aa35-97c12a2f72a3:c4780, b6a0d396-0e26-402b-ac58-4f0615a4fad6:c4776, 8b17640a-2548-4323-bd97-ba3488877b23:c4776]
2019-08-20 11:35:57,255 INFO  client.GrpcClientProtocolClient (GrpcClientProtocolClient.java:onNext(255)) - client-FC58CAF12498->aeb608e6-131f-44e0-aa35-97c12a2f72a3: receive RaftClientReply:client-FC58CAF12498->aeb608e6-131f-44e0-aa35-97c12a2f72a3@group-3F41E8AD953A, cid=3196, SUCCESS, logIndex=4780, commits[aeb608e6-131f-44e0-aa35-97c12a2f72a3:c4780, b6a0d396-0e26-402b-ac58-4f0615a4fad6:c4776, 8b17640a-2548-4323-bd97-ba3488877b23:c4776]
2019-08-20 11:35:57,281 INFO  client.GrpcClientProtocolClient (GrpcClientProtocolClient.java:onNext(255)) - client-FC58CAF12498->aeb608e6-131f-44e0-aa35-97c12a2f72a3: receive RaftClientReply:client-FC58CAF12498->aeb608e6-131f-44e0-aa35-97c12a2f72a3@group-3F41E8AD953A, cid=3197, SUCCESS, logIndex=0, commits[aeb608e6-131f-44e0-aa35-97c12a2f72a3:c4782, b6a0d396-0e26-402b-ac58-4f0615a4fad6:c4780, 8b17640a-2548-4323-bd97-ba3488877b23:c4780]
2019-08-20 11:35:57,301 INFO  client.GrpcClientProtocolClient (GrpcClientProtocolClient.java:onNext(255)) - client-FC58CAF12498->aeb608e6-131f-44e0-aa35-97c12a2f72a3: receive RaftClientReply:client-FC58CAF12498->aeb608e6-131f-44e0-aa35-97c12a2f72a3@group-3F41E8AD953A, cid=3198, SUCCESS, logIndex=4783, commits[aeb608e6-131f-44e0-aa35-97c12a2f72a3:c4784, b6a0d396-0e26-402b-ac58-4f0615a4fad6:c4780, 8b17640a-2548-4323-bd97-ba3488877b23:c4782]
2019-08-20 11:35:57,301 INFO  client.GrpcClientProtocolClient (GrpcClientProtocolClient.java:onNext(255)) - client-FC58CAF12498->aeb608e6-131f-44e0-aa35-97c12a2f72a3: receive RaftClientReply:client-FC58CAF12498->aeb608e6-131f-44e0-aa35-97c12a2f72a3@group-3F41E8AD953A, cid=3199, SUCCESS, logIndex=4784, commits[aeb608e6-131f-44e0-aa35-97c12a2f72a3:c4784, b6a0d396-0e26-402b-ac58-4f0615a4fad6:c4780, 8b17640a-2548-4323-bd97-ba3488877b23:c4782]
2019-08-20 11:35:57,305 INFO  client.GrpcClientProtocolClient (GrpcClientProtocolClient.java:onNext(255)) - client-FC58CAF12498->aeb608e6-131f-44e0-aa35-97c12a2f72a3: receive RaftClientReply:client-FC58CAF12498->aeb608e6-131f-44e0-aa35-97c12a2f72a3@group-3F41E8AD953A, cid=3200, SUCCESS, logIndex=4785, commits[aeb608e6-131f-44e0-aa35-97c12a2f72a3:c4787, b6a0d396-0e26-402b-ac58-4f0615a4fad6:c4782, 8b17640a-2548-4323-bd97-ba3488877b23:c4784]
2019-08-20 11:35:57,305 INFO  client.GrpcClientProtocolClient (GrpcClientProtocolClient.java:onNext(255)) - client-FC58CAF12498->aeb608e6-131f-44e0-aa35-97c12a2f72a3: receive RaftClientReply:client-FC58CAF12498->aeb608e6-131f-44e0-aa35-97c12a2f72a3@group-3F41E8AD953A, cid=3201, SUCCESS, logIndex=4786, commits[aeb608e6-131f-44e0-aa35-97c12a2f72a3:c4788, b6a0d396-0e26-402b-ac58-4f0615a4fad6:c4782, 8b17640a-2548-4323-bd97-ba3488877b23:c4784]
2019-08-20 11:35:57,307 INFO  client.GrpcClientProtocolClient (GrpcClientProtocolClient.java:onNext(255)) - client-FC58CAF12498->aeb608e6-131f-44e0-aa35-97c12a2f72a3: receive RaftClientReply:client-FC58CAF12498->aeb608e6-131f-44e0-aa35-97c12a2f72a3@group-3F41E8AD953A, cid=3202, SUCCESS, logIndex=0, commits[aeb608e6-131f-44e0-aa35-97c12a2f72a3:c4788, b6a0d396-0e26-402b-ac58-4f0615a4fad6:c4784, 8b17640a-2548-4323-bd97-ba3488877b23:c4784]
2019-08-20 11:35:57,318 INFO  client.GrpcClientProtocolClient (GrpcClientProtocolClient.java:onNext(255)) - client-FC58CAF12498->aeb608e6-131f-44e0-aa35-97c12a2f72a3: receive RaftClientReply:client-FC58CAF12498->aeb608e6-131f-44e0-aa35-97c12a2f72a3@group-3F41E8AD953A, cid=3203, SUCCESS, logIndex=4791, commits[aeb608e6-131f-44e0-aa35-97c12a2f72a3:c4792, b6a0d396-0e26-402b-ac58-4f0615a4fad6:c4787, 8b17640a-2548-4323-bd97-ba3488877b23:c4790]
2019-08-20 11:35:57,318 INFO  client.GrpcClientProtocolClient (GrpcClientProtocolClient.java:onNext(255)) - client-FC58CAF12498->aeb608e6-131f-44e0-aa35-97c12a2f72a3: receive RaftClientReply:client-FC58CAF12498->aeb608e6-131f-44e0-aa35-97c12a2f72a3@group-3F41E8AD953A, cid=3204, SUCCESS, logIndex=4792, commits[aeb608e6-131f-44e0-aa35-97c12a2f72a3:c4792, b6a0d396-0e26-402b-ac58-4f0615a4fad6:c4787, 8b17640a-2548-4323-bd97-ba3488877b23:c4790]
2019-08-20 11:35:57,334 INFO  client.GrpcClientProtocolClient (GrpcClientProtocolClient.java:onNext(255)) - client-FC58CAF12498->aeb608e6-131f-44e0-aa35-97c12a2f72a3: receive RaftClientReply:client-FC58CAF12498->aeb608e6-131f-44e0-aa35-97c12a2f72a3@group-3F41E8AD953A, cid=3205, SUCCESS, logIndex=4795, commits[aeb608e6-131f-44e0-aa35-97c12a2f72a3:c4796, b6a0d396-0e26-402b-ac58-4f0615a4fad6:c4792, 8b17640a-2548-4323-bd97-ba3488877b23:c4792]
2019-08-20 11:35:57,334 INFO  client.GrpcClientProtocolClient (GrpcClientProtocolClient.java:onNext(255)) - client-FC58CAF12498->aeb608e6-131f-44e0-aa35-97c12a2f72a3: receive RaftClientReply:client-FC58CAF12498->aeb608e6-131f-44e0-aa35-97c12a2f72a3@group-3F41E8AD953A, cid=3206, SUCCESS, logIndex=4796, commits[aeb608e6-131f-44e0-aa35-97c12a2f72a3:c4796, b6a0d396-0e26-402b-ac58-4f0615a4fad6:c4792, 8b17640a-2548-4323-bd97-ba3488877b23:c4792]
2019-08-20 11:35:57,349 INFO  client.GrpcClientProtocolClient (GrpcClientProtocolClient.java:onNext(255)) - client-FC58CAF12498->aeb608e6-131f-44e0-aa35-97c12a2f72a3: receive RaftClientReply:client-FC58CAF12498->aeb608e6-131f-44e0-aa35-97c12a2f72a3@group-3F41E8AD953A, cid=3207, SUCCESS, logIndex=0, commits[aeb608e6-131f-44e0-aa35-97c12a2f72a3:c4798, b6a0d396-0e26-402b-ac58-4f0615a4fad6:c4796, 8b17640a-2548-4323-bd97-ba3488877b23:c4796]
2019-08-20 11:35:57,381 INFO  client.GrpcClientProtocolClient (GrpcClientProtocolClient.java:onNext(255)) - client-FC58CAF12498->aeb608e6-131f-44e0-aa35-97c12a2f72a3: receive RaftClientReply:client-FC58CAF12498->aeb608e6-131f-44e0-aa35-97c12a2f72a3@group-3F41E8AD953A, cid=3208, SUCCESS, logIndex=4799, commits[aeb608e6-131f-44e0-aa35-97c12a2f72a3:c4801, b6a0d396-0e26-402b-ac58-4f0615a4fad6:c4798, 8b17640a-2548-4323-bd97-ba3488877b23:c4798]
2019-08-20 11:35:57,382 INFO  client.GrpcClientProtocolClient (GrpcClientProtocolClient.java:onNext(255)) - client-FC58CAF12498->aeb608e6-131f-44e0-aa35-97c12a2f72a3: receive RaftClientReply:client-FC58CAF12498->aeb608e6-131f-44e0-aa35-97c12a2f72a3@group-3F41E8AD953A, cid=3209, SUCCESS, logIndex=4800, commits[aeb608e6-131f-44e0-aa35-97c12a2f72a3:c4802, b6a0d396-0e26-402b-ac58-4f0615a4fad6:c4798, 8b17640a-2548-4323-bd97-ba3488877b23:c4798]
2019-08-20 11:35:57,382 INFO  client.GrpcClientProtocolClient (GrpcClientProtocolClient.java:onNext(255)) - client-FC58CAF12498->aeb608e6-131f-44e0-aa35-97c12a2f72a3: receive RaftClientReply:client-FC58CAF12498->aeb608e6-131f-44e0-aa35-97c12a2f72a3@group-3F41E8AD953A, cid=3210, SUCCESS, logIndex=4801, commits[aeb608e6-131f-44e0-aa35-97c12a2f72a3:c4802, b6a0d396-0e26-402b-ac58-4f0615a4fad6:c4798, 8b17640a-2548-4323-bd97-ba3488877b23:c4798]
2019-08-20 11:35:57,382 INFO  client.GrpcClientProtocolClient (GrpcClientProtocolClient.java:onNext(255)) - client-FC58CAF12498->aeb608e6-131f-44e0-aa35-97c12a2f72a3: receive RaftClientReply:client-FC58CAF12498->aeb608e6-131f-44e0-aa35-97c12a2f72a3@group-3F41E8AD953A, cid=3211, SUCCESS, logIndex=4802, commits[aeb608e6-131f-44e0-aa35-97c12a2f72a3:c4802, b6a0d396-0e26-402b-ac58-4f0615a4fad6:c4798, 8b17640a-2548-4323-bd97-ba3488877b23:c4798]
2019-08-20 11:35:57,383 INFO  client.GrpcClientProtocolClient (GrpcClientProtocolClient.java:onNext(255)) - client-FC58CAF12498->aeb608e6-131f-44e0-aa35-97c12a2f72a3: receive RaftClientReply:client-FC58CAF12498->aeb608e6-131f-44e0-aa35-97c12a2f72a3@group-3F41E8AD953A, cid=3212, SUCCESS, logIndex=0, commits[aeb608e6-131f-44e0-aa35-97c12a2f72a3:c4803, b6a0d396-0e26-402b-ac58-4f0615a4fad6:c4800, 8b17640a-2548-4323-bd97-ba3488877b23:c4800]
2019-08-20 11:35:57,402 INFO  client.GrpcClientProtocolClient (GrpcClientProtocolClient.java:onNext(255)) - client-FC58CAF12498->aeb608e6-131f-44e0-aa35-97c12a2f72a3: receive RaftClientReply:client-FC58CAF12498->aeb608e6-131f-44e0-aa35-97c12a2f72a3@group-3F41E8AD953A, cid=3213, SUCCESS, logIndex=4807, commits[aeb608e6-131f-44e0-aa35-97c12a2f72a3:c4808, b6a0d396-0e26-402b-ac58-4f0615a4fad6:c4806, 8b17640a-2548-4323-bd97-ba3488877b23:c4806]
2019-08-20 11:35:57,403 INFO  client.GrpcClientProtocolClient (GrpcClientProtocolClient.java:onNext(255)) - client-FC58CAF12498->aeb608e6-131f-44e0-aa35-97c12a2f72a3: receive RaftClientReply:client-FC58CAF12498->aeb608e6-131f-44e0-aa35-97c12a2f72a3@group-3F41E8AD953A, cid=3214, SUCCESS, logIndex=4808, commits[aeb608e6-131f-44e0-aa35-97c12a2f72a3:c4808, b6a0d396-0e26-402b-ac58-4f0615a4fad6:c4806, 8b17640a-2548-4323-bd97-ba3488877b23:c4806]
2019-08-20 11:35:57,417 INFO  client.GrpcClientProtocolClient (GrpcClientProtocolClient.java:onNext(255)) - client-FC58CAF12498->aeb608e6-131f-44e0-aa35-97c12a2f72a3: receive RaftClientReply:client-FC58CAF12498->aeb608e6-131f-44e0-aa35-97c12a2f72a3@group-3F41E8AD953A, cid=3215, SUCCESS, logIndex=4811, commits[aeb608e6-131f-44e0-aa35-97c12a2f72a3:c4811, b6a0d396-0e26-402b-ac58-4f0615a4fad6:c4808, 8b17640a-2548-4323-bd97-ba3488877b23:c4808]
2019-08-20 11:35:57,417 INFO  client.GrpcClientProtocolClient (GrpcClientProtocolClient.java:onNext(255)) - client-FC58CAF12498->aeb608e6-131f-44e0-aa35-97c12a2f72a3: receive RaftClientReply:client-FC58CAF12498->aeb608e6-131f-44e0-aa35-97c12a2f72a3@group-3F41E8AD953A, cid=3216, SUCCESS, logIndex=4812, commits[aeb608e6-131f-44e0-aa35-97c12a2f72a3:c4812, b6a0d396-0e26-402b-ac58-4f0615a4fad6:c4808, 8b17640a-2548-4323-bd97-ba3488877b23:c4808]
2019-08-20 11:35:57,442 INFO  client.GrpcClientProtocolClient (GrpcClientProtocolClient.java:onNext(255)) - client-FC58CAF12498->aeb608e6-131f-44e0-aa35-97c12a2f72a3: receive RaftClientReply:client-FC58CAF12498->aeb608e6-131f-44e0-aa35-97c12a2f72a3@group-3F41E8AD953A, cid=3217, SUCCESS, logIndex=0, commits[aeb608e6-131f-44e0-aa35-97c12a2f72a3:c4814, b6a0d396-0e26-402b-ac58-4f0615a4fad6:c4812, 8b17640a-2548-4323-bd97-ba3488877b23:c4812]
 0.00% |█                                                                                                    |  0/1 Time: 0:00:312019-08-20 11:35:57,669 INFO  client.GrpcClientProtocolClient (GrpcClientProtocolClient.java:onNext(255)) - client-FC58CAF12498->aeb608e6-131f-44e0-aa35-97c12a2f72a3: receive RaftClientReply:client-FC58CAF12498->aeb608e6-131f-44e0-aa35-97c12a2f72a3@group-3F41E8AD953A, cid=3218, SUCCESS, logIndex=4815, commits[aeb608e6-131f-44e0-aa35-97c12a2f72a3:c4816, b6a0d396-0e26-402b-ac58-4f0615a4fad6:c4814, 8b17640a-2548-4323-bd97-ba3488877b23:c4814]
2019-08-20 11:35:57,669 INFO  client.GrpcClientProtocolClient (GrpcClientProtocolClient.java:onNext(255)) - client-FC58CAF12498->aeb608e6-131f-44e0-aa35-97c12a2f72a3: receive RaftClientReply:client-FC58CAF12498->aeb608e6-131f-44e0-aa35-97c12a2f72a3@group-3F41E8AD953A, cid=3219, SUCCESS, logIndex=4816, commits[aeb608e6-131f-44e0-aa35-97c12a2f72a3:c4818, b6a0d396-0e26-402b-ac58-4f0615a4fad6:c4814, 8b17640a-2548-4323-bd97-ba3488877b23:c4814]
2019-08-20 11:35:57,670 INFO  client.GrpcClientProtocolClient (GrpcClientProtocolClient.java:onNext(255)) - client-FC58CAF12498->aeb608e6-131f-44e0-aa35-97c12a2f72a3: receive RaftClientReply:client-FC58CAF12498->aeb608e6-131f-44e0-aa35-97c12a2f72a3@group-3F41E8AD953A, cid=3220, SUCCESS, logIndex=4817, commits[aeb608e6-131f-44e0-aa35-97c12a2f72a3:c4818, b6a0d396-0e26-402b-ac58-4f0615a4fad6:c4814, 8b17640a-2548-4323-bd97-ba3488877b23:c4814]
2019-08-20 11:35:57,670 INFO  client.GrpcClientProtocolClient (GrpcClientProtocolClient.java:onNext(255)) - client-FC58CAF12498->aeb608e6-131f-44e0-aa35-97c12a2f72a3: receive RaftClientReply:client-FC58CAF12498->aeb608e6-131f-44e0-aa35-97c12a2f72a3@group-3F41E8AD953A, cid=3221, SUCCESS, logIndex=4818, commits[aeb608e6-131f-44e0-aa35-97c12a2f72a3:c4818, b6a0d396-0e26-402b-ac58-4f0615a4fad6:c4814, 8b17640a-2548-4323-bd97-ba3488877b23:c4814]
2019-08-20 11:35:57,672 INFO  client.GrpcClientProtocolClient (GrpcClientProtocolClient.java:onNext(255)) - client-FC58CAF12498->aeb608e6-131f-44e0-aa35-97c12a2f72a3: receive RaftClientReply:client-FC58CAF12498->aeb608e6-131f-44e0-aa35-97c12a2f72a3@group-3F41E8AD953A, cid=3222, SUCCESS, logIndex=0, commits[aeb608e6-131f-44e0-aa35-97c12a2f72a3:c4818, b6a0d396-0e26-402b-ac58-4f0615a4fad6:c4816, 8b17640a-2548-4323-bd97-ba3488877b23:c4816]
2019-08-20 11:35:57,685 INFO  client.GrpcClientProtocolClient (GrpcClientProtocolClient.java:onNext(255)) - client-FC58CAF12498->aeb608e6-131f-44e0-aa35-97c12a2f72a3: receive RaftClientReply:client-FC58CAF12498->aeb608e6-131f-44e0-aa35-97c12a2f72a3@group-3F41E8AD953A, cid=3223, SUCCESS, logIndex=4823, commits[aeb608e6-131f-44e0-aa35-97c12a2f72a3:c4823, b6a0d396-0e26-402b-ac58-4f0615a4fad6:c4818, 8b17640a-2548-4323-bd97-ba3488877b23:c4818]
2019-08-20 11:35:57,685 INFO  client.GrpcClientProtocolClient (GrpcClientProtocolClient.java:onNext(255)) - client-FC58CAF12498->aeb608e6-131f-44e0-aa35-97c12a2f72a3: receive RaftClientReply:client-FC58CAF12498->aeb608e6-131f-44e0-aa35-97c12a2f72a3@group-3F41E8AD953A, cid=3224, SUCCESS, logIndex=4824, commits[aeb608e6-131f-44e0-aa35-97c12a2f72a3:c4824, b6a0d396-0e26-402b-ac58-4f0615a4fad6:c4818, 8b17640a-2548-4323-bd97-ba3488877b23:c4818]
2019-08-20 11:35:57,712 INFO  client.GrpcClientProtocolClient (GrpcClientProtocolClient.java:onNext(255)) - client-FC58CAF12498->aeb608e6-131f-44e0-aa35-97c12a2f72a3: receive RaftClientReply:client-FC58CAF12498->aeb608e6-131f-44e0-aa35-97c12a2f72a3@group-3F41E8AD953A, cid=3225, SUCCESS, logIndex=4827, commits[aeb608e6-131f-44e0-aa35-97c12a2f72a3:c4828, b6a0d396-0e26-402b-ac58-4f0615a4fad6:c4825, 8b17640a-2548-4323-bd97-ba3488877b23:c4825]
2019-08-20 11:35:57,712 INFO  client.GrpcClientProtocolClient (GrpcClientProtocolClient.java:onNext(255)) - client-FC58CAF12498->aeb608e6-131f-44e0-aa35-97c12a2f72a3: receive RaftClientReply:client-FC58CAF12498->aeb608e6-131f-44e0-aa35-97c12a2f72a3@group-3F41E8AD953A, cid=3226, SUCCESS, logIndex=4828, commits[aeb608e6-131f-44e0-aa35-97c12a2f72a3:c4828, b6a0d396-0e26-402b-ac58-4f0615a4fad6:c4825, 8b17640a-2548-4323-bd97-ba3488877b23:c4825]
2019-08-20 11:35:57,722 INFO  client.GrpcClientProtocolClient (GrpcClientProtocolClient.java:onNext(255)) - client-FC58CAF12498->aeb608e6-131f-44e0-aa35-97c12a2f72a3: receive RaftClientReply:client-FC58CAF12498->aeb608e6-131f-44e0-aa35-97c12a2f72a3@group-3F41E8AD953A, cid=3227, SUCCESS, logIndex=0, commits[aeb608e6-131f-44e0-aa35-97c12a2f72a3:c4830, b6a0d396-0e26-402b-ac58-4f0615a4fad6:c4828, 8b17640a-2548-4323-bd97-ba3488877b23:c4828]
2019-08-20 11:35:57,755 INFO  client.GrpcClientProtocolClient (GrpcClientProtocolClient.java:onNext(255)) - client-FC58CAF12498->aeb608e6-131f-44e0-aa35-97c12a2f72a3: receive RaftClientReply:client-FC58CAF12498->aeb608e6-131f-44e0-aa35-97c12a2f72a3@group-3F41E8AD953A, cid=3228, SUCCESS, logIndex=4831, commits[aeb608e6-131f-44e0-aa35-97c12a2f72a3:c4832, b6a0d396-0e26-402b-ac58-4f0615a4fad6:c4830, 8b17640a-2548-4323-bd97-ba3488877b23:c4830]
2019-08-20 11:35:57,755 INFO  client.GrpcClientProtocolClient (GrpcClientProtocolClient.java:onNext(255)) - client-FC58CAF12498->aeb608e6-131f-44e0-aa35-97c12a2f72a3: receive RaftClientReply:client-FC58CAF12498->aeb608e6-131f-44e0-aa35-97c12a2f72a3@group-3F41E8AD953A, cid=3229, SUCCESS, logIndex=4832, commits[aeb608e6-131f-44e0-aa35-97c12a2f72a3:c4834, b6a0d396-0e26-402b-ac58-4f0615a4fad6:c4830, 8b17640a-2548-4323-bd97-ba3488877b23:c4830]
2019-08-20 11:35:57,755 INFO  client.GrpcClientProtocolClient (GrpcClientProtocolClient.java:onNext(255)) - client-FC58CAF12498->aeb608e6-131f-44e0-aa35-97c12a2f72a3: receive RaftClientReply:client-FC58CAF12498->aeb608e6-131f-44e0-aa35-97c12a2f72a3@group-3F41E8AD953A, cid=3230, SUCCESS, logIndex=4833, commits[aeb608e6-131f-44e0-aa35-97c12a2f72a3:c4834, b6a0d396-0e26-402b-ac58-4f0615a4fad6:c4830, 8b17640a-2548-4323-bd97-ba3488877b23:c4830]
2019-08-20 11:35:57,756 INFO  client.GrpcClientProtocolClient (GrpcClientProtocolClient.java:onNext(255)) - client-FC58CAF12498->aeb608e6-131f-44e0-aa35-97c12a2f72a3: receive RaftClientReply:client-FC58CAF12498->aeb608e6-131f-44e0-aa35-97c12a2f72a3@group-3F41E8AD953A, cid=3231, SUCCESS, logIndex=4834, commits[aeb608e6-131f-44e0-aa35-97c12a2f72a3:c4834, b6a0d396-0e26-402b-ac58-4f0615a4fad6:c4830, 8b17640a-2548-4323-bd97-ba3488877b23:c4830]
2019-08-20 11:35:57,779 INFO  client.GrpcClientProtocolClient (GrpcClientProtocolClient.java:onNext(255)) - client-FC58CAF12498->aeb608e6-131f-44e0-aa35-97c12a2f72a3: receive RaftClientReply:client-FC58CAF12498->aeb608e6-131f-44e0-aa35-97c12a2f72a3@group-3F41E8AD953A, cid=3232, SUCCESS, logIndex=0, commits[aeb608e6-131f-44e0-aa35-97c12a2f72a3:c4837, b6a0d396-0e26-402b-ac58-4f0615a4fad6:c4833, 8b17640a-2548-4323-bd97-ba3488877b23:c4833]
2019-08-20 11:35:57,800 INFO  client.GrpcClientProtocolClient (GrpcClientProtocolClient.java:onNext(255)) - client-FC58CAF12498->aeb608e6-131f-44e0-aa35-97c12a2f72a3: receive RaftClientReply:client-FC58CAF12498->aeb608e6-131f-44e0-aa35-97c12a2f72a3@group-3F41E8AD953A, cid=3233, SUCCESS, logIndex=4839, commits[aeb608e6-131f-44e0-aa35-97c12a2f72a3:c4840, b6a0d396-0e26-402b-ac58-4f0615a4fad6:c4838, 8b17640a-2548-4323-bd97-ba3488877b23:c4838]
2019-08-20 11:35:57,800 INFO  client.GrpcClientProtocolClient (GrpcClientProtocolClient.java:onNext(255)) - client-FC58CAF12498->aeb608e6-131f-44e0-aa35-97c12a2f72a3: receive RaftClientReply:client-FC58CAF12498->aeb608e6-131f-44e0-aa35-97c12a2f72a3@group-3F41E8AD953A, cid=3234, SUCCESS, logIndex=4840, commits[aeb608e6-131f-44e0-aa35-97c12a2f72a3:c4840, b6a0d396-0e26-402b-ac58-4f0615a4fad6:c4838, 8b17640a-2548-4323-bd97-ba3488877b23:c4838]
2019-08-20 11:35:57,826 INFO  client.GrpcClientProtocolClient (GrpcClientProtocolClient.java:onNext(255)) - client-FC58CAF12498->aeb608e6-131f-44e0-aa35-97c12a2f72a3: receive RaftClientReply:client-FC58CAF12498->aeb608e6-131f-44e0-aa35-97c12a2f72a3@group-3F41E8AD953A, cid=3235, SUCCESS, logIndex=4843, commits[aeb608e6-131f-44e0-aa35-97c12a2f72a3:c4843, b6a0d396-0e26-402b-ac58-4f0615a4fad6:c4839, 8b17640a-2548-4323-bd97-ba3488877b23:c4840]
2019-08-20 11:35:57,826 INFO  client.GrpcClientProtocolClient (GrpcClientProtocolClient.java:onNext(255)) - client-FC58CAF12498->aeb608e6-131f-44e0-aa35-97c12a2f72a3: receive RaftClientReply:client-FC58CAF12498->aeb608e6-131f-44e0-aa35-97c12a2f72a3@group-3F41E8AD953A, cid=3236, SUCCESS, logIndex=4844, commits[aeb608e6-131f-44e0-aa35-97c12a2f72a3:c4844, b6a0d396-0e26-402b-ac58-4f0615a4fad6:c4840, 8b17640a-2548-4323-bd97-ba3488877b23:c4840]
2019-08-20 11:35:57,849 INFO  client.GrpcClientProtocolClient (GrpcClientProtocolClient.java:onNext(255)) - client-FC58CAF12498->aeb608e6-131f-44e0-aa35-97c12a2f72a3: receive RaftClientReply:client-FC58CAF12498->aeb608e6-131f-44e0-aa35-97c12a2f72a3@group-3F41E8AD953A, cid=3237, SUCCESS, logIndex=0, commits[aeb608e6-131f-44e0-aa35-97c12a2f72a3:c4846, b6a0d396-0e26-402b-ac58-4f0615a4fad6:c4844, 8b17640a-2548-4323-bd97-ba3488877b23:c4844]
2019-08-20 11:35:57,882 INFO  client.GrpcClientProtocolClient (GrpcClientProtocolClient.java:onNext(255)) - client-FC58CAF12498->aeb608e6-131f-44e0-aa35-97c12a2f72a3: receive RaftClientReply:client-FC58CAF12498->aeb608e6-131f-44e0-aa35-97c12a2f72a3@group-3F41E8AD953A, cid=3238, SUCCESS, logIndex=4847, commits[aeb608e6-131f-44e0-aa35-97c12a2f72a3:c4848, b6a0d396-0e26-402b-ac58-4f0615a4fad6:c4844, 8b17640a-2548-4323-bd97-ba3488877b23:c4846]
2019-08-20 11:35:57,882 INFO  client.GrpcClientProtocolClient (GrpcClientProtocolClient.java:onNext(255)) - client-FC58CAF12498->aeb608e6-131f-44e0-aa35-97c12a2f72a3: receive RaftClientReply:client-FC58CAF12498->aeb608e6-131f-44e0-aa35-97c12a2f72a3@group-3F41E8AD953A, cid=3239, SUCCESS, logIndex=4848, commits[aeb608e6-131f-44e0-aa35-97c12a2f72a3:c4850, b6a0d396-0e26-402b-ac58-4f0615a4fad6:c4846, 8b17640a-2548-4323-bd97-ba3488877b23:c4846]
2019-08-20 11:35:57,882 INFO  client.GrpcClientProtocolClient (GrpcClientProtocolClient.java:onNext(255)) - client-FC58CAF12498->aeb608e6-131f-44e0-aa35-97c12a2f72a3: receive RaftClientReply:client-FC58CAF12498->aeb608e6-131f-44e0-aa35-97c12a2f72a3@group-3F41E8AD953A, cid=3240, SUCCESS, logIndex=4849, commits[aeb608e6-131f-44e0-aa35-97c12a2f72a3:c4850, b6a0d396-0e26-402b-ac58-4f0615a4fad6:c4846, 8b17640a-2548-4323-bd97-ba3488877b23:c4846]
2019-08-20 11:35:57,882 INFO  client.GrpcClientProtocolClient (GrpcClientProtocolClient.java:onNext(255)) - client-FC58CAF12498->aeb608e6-131f-44e0-aa35-97c12a2f72a3: receive RaftClientReply:client-FC58CAF12498->aeb608e6-131f-44e0-aa35-97c12a2f72a3@group-3F41E8AD953A, cid=3241, SUCCESS, logIndex=4850, commits[aeb608e6-131f-44e0-aa35-97c12a2f72a3:c4850, b6a0d396-0e26-402b-ac58-4f0615a4fad6:c4846, 8b17640a-2548-4323-bd97-ba3488877b23:c4846]
2019-08-20 11:35:57,892 INFO  client.GrpcClientProtocolClient (GrpcClientProtocolClient.java:onNext(255)) - client-FC58CAF12498->aeb608e6-131f-44e0-aa35-97c12a2f72a3: receive RaftClientReply:client-FC58CAF12498->aeb608e6-131f-44e0-aa35-97c12a2f72a3@group-3F41E8AD953A, cid=3242, SUCCESS, logIndex=0, commits[aeb608e6-131f-44e0-aa35-97c12a2f72a3:c4851, b6a0d396-0e26-402b-ac58-4f0615a4fad6:c4848, 8b17640a-2548-4323-bd97-ba3488877b23:c4848]
2019-08-20 11:35:57,914 INFO  client.GrpcClientProtocolClient (GrpcClientProtocolClient.java:onNext(255)) - client-FC58CAF12498->aeb608e6-131f-44e0-aa35-97c12a2f72a3: receive RaftClientReply:client-FC58CAF12498->aeb608e6-131f-44e0-aa35-97c12a2f72a3@group-3F41E8AD953A, cid=3243, SUCCESS, logIndex=4855, commits[aeb608e6-131f-44e0-aa35-97c12a2f72a3:c4856, b6a0d396-0e26-402b-ac58-4f0615a4fad6:c4854, 8b17640a-2548-4323-bd97-ba3488877b23:c4854]
2019-08-20 11:35:57,915 INFO  client.GrpcClientProtocolClient (GrpcClientProtocolClient.java:onNext(255)) - client-FC58CAF12498->aeb608e6-131f-44e0-aa35-97c12a2f72a3: receive RaftClientReply:client-FC58CAF12498->aeb608e6-131f-44e0-aa35-97c12a2f72a3@group-3F41E8AD953A, cid=3244, SUCCESS, logIndex=4856, commits[aeb608e6-131f-44e0-aa35-97c12a2f72a3:c4856, b6a0d396-0e26-402b-ac58-4f0615a4fad6:c4854, 8b17640a-2548-4323-bd97-ba3488877b23:c4854]
2019-08-20 11:35:57,929 INFO  client.GrpcClientProtocolClient (GrpcClientProtocolClient.java:onNext(255)) - client-FC58CAF12498->aeb608e6-131f-44e0-aa35-97c12a2f72a3: receive RaftClientReply:client-FC58CAF12498->aeb608e6-131f-44e0-aa35-97c12a2f72a3@group-3F41E8AD953A, cid=3245, SUCCESS, logIndex=4859, commits[aeb608e6-131f-44e0-aa35-97c12a2f72a3:c4860, b6a0d396-0e26-402b-ac58-4f0615a4fad6:c4856, 8b17640a-2548-4323-bd97-ba3488877b23:c4856]
2019-08-20 11:35:57,929 INFO  client.GrpcClientProtocolClient (GrpcClientProtocolClient.java:onNext(255)) - client-FC58CAF12498->aeb608e6-131f-44e0-aa35-97c12a2f72a3: receive RaftClientReply:client-FC58CAF12498->aeb608e6-131f-44e0-aa35-97c12a2f72a3@group-3F41E8AD953A, cid=3246, SUCCESS, logIndex=4860, commits[aeb608e6-131f-44e0-aa35-97c12a2f72a3:c4860, b6a0d396-0e26-402b-ac58-4f0615a4fad6:c4856, 8b17640a-2548-4323-bd97-ba3488877b23:c4856]
2019-08-20 11:35:57,944 INFO  client.GrpcClientProtocolClient (GrpcClientProtocolClient.java:onNext(255)) - client-FC58CAF12498->aeb608e6-131f-44e0-aa35-97c12a2f72a3: receive RaftClientReply:client-FC58CAF12498->aeb608e6-131f-44e0-aa35-97c12a2f72a3@group-3F41E8AD953A, cid=3247, SUCCESS, logIndex=0, commits[aeb608e6-131f-44e0-aa35-97c12a2f72a3:c4861, b6a0d396-0e26-402b-ac58-4f0615a4fad6:c4860, 8b17640a-2548-4323-bd97-ba3488877b23:c4860]
2019-08-20 11:35:57,980 INFO  client.GrpcClientProtocolClient (GrpcClientProtocolClient.java:onNext(255)) - client-FC58CAF12498->aeb608e6-131f-44e0-aa35-97c12a2f72a3: receive RaftClientReply:client-FC58CAF12498->aeb608e6-131f-44e0-aa35-97c12a2f72a3@group-3F41E8AD953A, cid=3248, SUCCESS, logIndex=4863, commits[aeb608e6-131f-44e0-aa35-97c12a2f72a3:c4864, b6a0d396-0e26-402b-ac58-4f0615a4fad6:c4862, 8b17640a-2548-4323-bd97-ba3488877b23:c4862]
2019-08-20 11:35:57,981 INFO  client.GrpcClientProtocolClient (GrpcClientProtocolClient.java:onNext(255)) - client-FC58CAF12498->aeb608e6-131f-44e0-aa35-97c12a2f72a3: receive RaftClientReply:client-FC58CAF12498->aeb608e6-131f-44e0-aa35-97c12a2f72a3@group-3F41E8AD953A, cid=3249, SUCCESS, logIndex=4864, commits[aeb608e6-131f-44e0-aa35-97c12a2f72a3:c4864, b6a0d396-0e26-402b-ac58-4f0615a4fad6:c4862, 8b17640a-2548-4323-bd97-ba3488877b23:c4862]
2019-08-20 11:35:57,993 INFO  client.GrpcClientProtocolClient (GrpcClientProtocolClient.java:onNext(255)) - client-FC58CAF12498->aeb608e6-131f-44e0-aa35-97c12a2f72a3: receive RaftClientReply:client-FC58CAF12498->aeb608e6-131f-44e0-aa35-97c12a2f72a3@group-3F41E8AD953A, cid=3250, SUCCESS, logIndex=4865, commits[aeb608e6-131f-44e0-aa35-97c12a2f72a3:c4866, b6a0d396-0e26-402b-ac58-4f0615a4fad6:c4862, 8b17640a-2548-4323-bd97-ba3488877b23:c4862]
2019-08-20 11:35:57,993 INFO  client.GrpcClientProtocolClient (GrpcClientProtocolClient.java:onNext(255)) - client-FC58CAF12498->aeb608e6-131f-44e0-aa35-97c12a2f72a3: receive RaftClientReply:client-FC58CAF12498->aeb608e6-131f-44e0-aa35-97c12a2f72a3@group-3F41E8AD953A, cid=3251, SUCCESS, logIndex=4866, commits[aeb608e6-131f-44e0-aa35-97c12a2f72a3:c4866, b6a0d396-0e26-402b-ac58-4f0615a4fad6:c4862, 8b17640a-2548-4323-bd97-ba3488877b23:c4862]
2019-08-20 11:35:58,005 INFO  client.GrpcClientProtocolClient (GrpcClientProtocolClient.java:onNext(255)) - client-FC58CAF12498->aeb608e6-131f-44e0-aa35-97c12a2f72a3: receive RaftClientReply:client-FC58CAF12498->aeb608e6-131f-44e0-aa35-97c12a2f72a3@group-3F41E8AD953A, cid=3252, SUCCESS, logIndex=0, commits[aeb608e6-131f-44e0-aa35-97c12a2f72a3:c4868, b6a0d396-0e26-402b-ac58-4f0615a4fad6:c4864, 8b17640a-2548-4323-bd97-ba3488877b23:c4864]
2019-08-20 11:35:58,032 INFO  client.GrpcClientProtocolClient (GrpcClientProtocolClient.java:onNext(255)) - client-FC58CAF12498->aeb608e6-131f-44e0-aa35-97c12a2f72a3: receive RaftClientReply:client-FC58CAF12498->aeb608e6-131f-44e0-aa35-97c12a2f72a3@group-3F41E8AD953A, cid=3253, SUCCESS, logIndex=4871, commits[aeb608e6-131f-44e0-aa35-97c12a2f72a3:c4872, b6a0d396-0e26-402b-ac58-4f0615a4fad6:c4868, 8b17640a-2548-4323-bd97-ba3488877b23:c4868]
2019-08-20 11:35:58,032 INFO  client.GrpcClientProtocolClient (GrpcClientProtocolClient.java:onNext(255)) - client-FC58CAF12498->aeb608e6-131f-44e0-aa35-97c12a2f72a3: receive RaftClientReply:client-FC58CAF12498->aeb608e6-131f-44e0-aa35-97c12a2f72a3@group-3F41E8AD953A, cid=3254, SUCCESS, logIndex=4872, commits[aeb608e6-131f-44e0-aa35-97c12a2f72a3:c4872, b6a0d396-0e26-402b-ac58-4f0615a4fad6:c4868, 8b17640a-2548-4323-bd97-ba3488877b23:c4868]
2019-08-20 11:35:58,055 INFO  client.GrpcClientProtocolClient (GrpcClientProtocolClient.java:onNext(255)) - client-FC58CAF12498->aeb608e6-131f-44e0-aa35-97c12a2f72a3: receive RaftClientReply:client-FC58CAF12498->aeb608e6-131f-44e0-aa35-97c12a2f72a3@group-3F41E8AD953A, cid=3255, SUCCESS, logIndex=4875, commits[aeb608e6-131f-44e0-aa35-97c12a2f72a3:c4875, b6a0d396-0e26-402b-ac58-4f0615a4fad6:c4872, 8b17640a-2548-4323-bd97-ba3488877b23:c4872]
2019-08-20 11:35:58,055 INFO  client.GrpcClientProtocolClient (GrpcClientProtocolClient.java:onNext(255)) - client-FC58CAF12498->aeb608e6-131f-44e0-aa35-97c12a2f72a3: receive RaftClientReply:client-FC58CAF12498->aeb608e6-131f-44e0-aa35-97c12a2f72a3@group-3F41E8AD953A, cid=3256, SUCCESS, logIndex=4876, commits[aeb608e6-131f-44e0-aa35-97c12a2f72a3:c4876, b6a0d396-0e26-402b-ac58-4f0615a4fad6:c4872, 8b17640a-2548-4323-bd97-ba3488877b23:c4872]
2019-08-20 11:35:58,080 INFO  client.GrpcClientProtocolClient (GrpcClientProtocolClient.java:onNext(255)) - client-FC58CAF12498->aeb608e6-131f-44e0-aa35-97c12a2f72a3: receive RaftClientReply:client-FC58CAF12498->aeb608e6-131f-44e0-aa35-97c12a2f72a3@group-3F41E8AD953A, cid=3257, SUCCESS, logIndex=0, commits[aeb608e6-131f-44e0-aa35-97c12a2f72a3:c4878, b6a0d396-0e26-402b-ac58-4f0615a4fad6:c4876, 8b17640a-2548-4323-bd97-ba3488877b23:c4876]
2019-08-20 11:35:58,113 INFO  client.GrpcClientProtocolClient (GrpcClientProtocolClient.java:onNext(255)) - client-FC58CAF12498->aeb608e6-131f-44e0-aa35-97c12a2f72a3: receive RaftClientReply:client-FC58CAF12498->aeb608e6-131f-44e0-aa35-97c12a2f72a3@group-3F41E8AD953A, cid=3258, SUCCESS, logIndex=4879, commits[aeb608e6-131f-44e0-aa35-97c12a2f72a3:c4880, b6a0d396-0e26-402b-ac58-4f0615a4fad6:c4878, 8b17640a-2548-4323-bd97-ba3488877b23:c4878]
2019-08-20 11:35:58,113 INFO  client.GrpcClientProtocolClient (GrpcClientProtocolClient.java:onNext(255)) - client-FC58CAF12498->aeb608e6-131f-44e0-aa35-97c12a2f72a3: receive RaftClientReply:client-FC58CAF12498->aeb608e6-131f-44e0-aa35-97c12a2f72a3@group-3F41E8AD953A, cid=3259, SUCCESS, logIndex=4880, commits[aeb608e6-131f-44e0-aa35-97c12a2f72a3:c4880, b6a0d396-0e26-402b-ac58-4f0615a4fad6:c4878, 8b17640a-2548-4323-bd97-ba3488877b23:c4878]
2019-08-20 11:35:58,125 INFO  client.GrpcClientProtocolClient (GrpcClientProtocolClient.java:onNext(255)) - client-FC58CAF12498->aeb608e6-131f-44e0-aa35-97c12a2f72a3: receive RaftClientReply:client-FC58CAF12498->aeb608e6-131f-44e0-aa35-97c12a2f72a3@group-3F41E8AD953A, cid=3260, SUCCESS, logIndex=4881, commits[aeb608e6-131f-44e0-aa35-97c12a2f72a3:c4882, b6a0d396-0e26-402b-ac58-4f0615a4fad6:c4878, 8b17640a-2548-4323-bd97-ba3488877b23:c4878]
2019-08-20 11:35:58,125 INFO  client.GrpcClientProtocolClient (GrpcClientProtocolClient.java:onNext(255)) - client-FC58CAF12498->aeb608e6-131f-44e0-aa35-97c12a2f72a3: receive RaftClientReply:client-FC58CAF12498->aeb608e6-131f-44e0-aa35-97c12a2f72a3@group-3F41E8AD953A, cid=3261, SUCCESS, logIndex=4882, commits[aeb608e6-131f-44e0-aa35-97c12a2f72a3:c4882, b6a0d396-0e26-402b-ac58-4f0615a4fad6:c4878, 8b17640a-2548-4323-bd97-ba3488877b23:c4878]
2019-08-20 11:35:58,137 INFO  client.GrpcClientProtocolClient (GrpcClientProtocolClient.java:onNext(255)) - client-FC58CAF12498->aeb608e6-131f-44e0-aa35-97c12a2f72a3: receive RaftClientReply:client-FC58CAF12498->aeb608e6-131f-44e0-aa35-97c12a2f72a3@group-3F41E8AD953A, cid=3262, SUCCESS, logIndex=0, commits[aeb608e6-131f-44e0-aa35-97c12a2f72a3:c4884, b6a0d396-0e26-402b-ac58-4f0615a4fad6:c4880, 8b17640a-2548-4323-bd97-ba3488877b23:c4880]
2019-08-20 11:35:58,150 INFO  client.GrpcClientProtocolClient (GrpcClientProtocolClient.java:onNext(255)) - client-FC58CAF12498->aeb608e6-131f-44e0-aa35-97c12a2f72a3: receive RaftClientReply:client-FC58CAF12498->aeb608e6-131f-44e0-aa35-97c12a2f72a3@group-3F41E8AD953A, cid=3263, SUCCESS, logIndex=4887, commits[aeb608e6-131f-44e0-aa35-97c12a2f72a3:c4887, b6a0d396-0e26-402b-ac58-4f0615a4fad6:c4884, 8b17640a-2548-4323-bd97-ba3488877b23:c4884]
2019-08-20 11:35:58,151 INFO  client.GrpcClientProtocolClient (GrpcClientProtocolClient.java:onNext(255)) - client-FC58CAF12498->aeb608e6-131f-44e0-aa35-97c12a2f72a3: receive RaftClientReply:client-FC58CAF12498->aeb608e6-131f-44e0-aa35-97c12a2f72a3@group-3F41E8AD953A, cid=3264, SUCCESS, logIndex=4888, commits[aeb608e6-131f-44e0-aa35-97c12a2f72a3:c4888, b6a0d396-0e26-402b-ac58-4f0615a4fad6:c4884, 8b17640a-2548-4323-bd97-ba3488877b23:c4884]
2019-08-20 11:35:58,165 INFO  client.GrpcClientProtocolClient (GrpcClientProtocolClient.java:onNext(255)) - client-FC58CAF12498->aeb608e6-131f-44e0-aa35-97c12a2f72a3: receive RaftClientReply:client-FC58CAF12498->aeb608e6-131f-44e0-aa35-97c12a2f72a3@group-3F41E8AD953A, cid=3265, SUCCESS, logIndex=4891, commits[aeb608e6-131f-44e0-aa35-97c12a2f72a3:c4891, b6a0d396-0e26-402b-ac58-4f0615a4fad6:c4888, 8b17640a-2548-4323-bd97-ba3488877b23:c4888]
2019-08-20 11:35:58,166 INFO  client.GrpcClientProtocolClient (GrpcClientProtocolClient.java:onNext(255)) - client-FC58CAF12498->aeb608e6-131f-44e0-aa35-97c12a2f72a3: receive RaftClientReply:client-FC58CAF12498->aeb608e6-131f-44e0-aa35-97c12a2f72a3@group-3F41E8AD953A, cid=3266, SUCCESS, logIndex=4892, commits[aeb608e6-131f-44e0-aa35-97c12a2f72a3:c4892, b6a0d396-0e26-402b-ac58-4f0615a4fad6:c4888, 8b17640a-2548-4323-bd97-ba3488877b23:c4888]
2019-08-20 11:35:58,200 INFO  client.GrpcClientProtocolClient (GrpcClientProtocolClient.java:onNext(255)) - client-FC58CAF12498->aeb608e6-131f-44e0-aa35-97c12a2f72a3: receive RaftClientReply:client-FC58CAF12498->aeb608e6-131f-44e0-aa35-97c12a2f72a3@group-3F41E8AD953A, cid=3267, SUCCESS, logIndex=0, commits[aeb608e6-131f-44e0-aa35-97c12a2f72a3:c4894, b6a0d396-0e26-402b-ac58-4f0615a4fad6:c4892, 8b17640a-2548-4323-bd97-ba3488877b23:c4892]
2019-08-20 11:35:58,230 INFO  client.GrpcClientProtocolClient (GrpcClientProtocolClient.java:onNext(255)) - client-FC58CAF12498->aeb608e6-131f-44e0-aa35-97c12a2f72a3: receive RaftClientReply:client-FC58CAF12498->aeb608e6-131f-44e0-aa35-97c12a2f72a3@group-3F41E8AD953A, cid=3268, SUCCESS, logIndex=4895, commits[aeb608e6-131f-44e0-aa35-97c12a2f72a3:c4896, b6a0d396-0e26-402b-ac58-4f0615a4fad6:c4894, 8b17640a-2548-4323-bd97-ba3488877b23:c4894]
2019-08-20 11:35:58,230 INFO  client.GrpcClientProtocolClient (GrpcClientProtocolClient.java:onNext(255)) - client-FC58CAF12498->aeb608e6-131f-44e0-aa35-97c12a2f72a3: receive RaftClientReply:client-FC58CAF12498->aeb608e6-131f-44e0-aa35-97c12a2f72a3@group-3F41E8AD953A, cid=3269, SUCCESS, logIndex=4896, commits[aeb608e6-131f-44e0-aa35-97c12a2f72a3:c4898, b6a0d396-0e26-402b-ac58-4f0615a4fad6:c4894, 8b17640a-2548-4323-bd97-ba3488877b23:c4894]
2019-08-20 11:35:58,230 INFO  client.GrpcClientProtocolClient (GrpcClientProtocolClient.java:onNext(255)) - client-FC58CAF12498->aeb608e6-131f-44e0-aa35-97c12a2f72a3: receive RaftClientReply:client-FC58CAF12498->aeb608e6-131f-44e0-aa35-97c12a2f72a3@group-3F41E8AD953A, cid=3270, SUCCESS, logIndex=4897, commits[aeb608e6-131f-44e0-aa35-97c12a2f72a3:c4898, b6a0d396-0e26-402b-ac58-4f0615a4fad6:c4894, 8b17640a-2548-4323-bd97-ba3488877b23:c4894]
2019-08-20 11:35:58,231 INFO  client.GrpcClientProtocolClient (GrpcClientProtocolClient.java:onNext(255)) - client-FC58CAF12498->aeb608e6-131f-44e0-aa35-97c12a2f72a3: receive RaftClientReply:client-FC58CAF12498->aeb608e6-131f-44e0-aa35-97c12a2f72a3@group-3F41E8AD953A, cid=3271, SUCCESS, logIndex=4898, commits[aeb608e6-131f-44e0-aa35-97c12a2f72a3:c4898, b6a0d396-0e26-402b-ac58-4f0615a4fad6:c4894, 8b17640a-2548-4323-bd97-ba3488877b23:c4894]
2019-08-20 11:35:58,243 INFO  client.GrpcClientProtocolClient (GrpcClientProtocolClient.java:onNext(255)) - client-FC58CAF12498->aeb608e6-131f-44e0-aa35-97c12a2f72a3: receive RaftClientReply:client-FC58CAF12498->aeb608e6-131f-44e0-aa35-97c12a2f72a3@group-3F41E8AD953A, cid=3272, SUCCESS, logIndex=0, commits[aeb608e6-131f-44e0-aa35-97c12a2f72a3:c4901, b6a0d396-0e26-402b-ac58-4f0615a4fad6:c4896, 8b17640a-2548-4323-bd97-ba3488877b23:c4898]
2019-08-20 11:35:58,264 INFO  client.GrpcClientProtocolClient (GrpcClientProtocolClient.java:onNext(255)) - client-FC58CAF12498->aeb608e6-131f-44e0-aa35-97c12a2f72a3: receive RaftClientReply:client-FC58CAF12498->aeb608e6-131f-44e0-aa35-97c12a2f72a3@group-3F41E8AD953A, cid=3273, SUCCESS, logIndex=4902, commits[aeb608e6-131f-44e0-aa35-97c12a2f72a3:c4903, b6a0d396-0e26-402b-ac58-4f0615a4fad6:c4901, 8b17640a-2548-4323-bd97-ba3488877b23:c4901]
2019-08-20 11:35:58,264 INFO  client.GrpcClientProtocolClient (GrpcClientProtocolClient.java:onNext(255)) - client-FC58CAF12498->aeb608e6-131f-44e0-aa35-97c12a2f72a3: receive RaftClientReply:client-FC58CAF12498->aeb608e6-131f-44e0-aa35-97c12a2f72a3@group-3F41E8AD953A, cid=3274, SUCCESS, logIndex=4903, commits[aeb608e6-131f-44e0-aa35-97c12a2f72a3:c4903, b6a0d396-0e26-402b-ac58-4f0615a4fad6:c4901, 8b17640a-2548-4323-bd97-ba3488877b23:c4901]
2019-08-20 11:35:58,292 INFO  client.GrpcClientProtocolClient (GrpcClientProtocolClient.java:onNext(255)) - client-FC58CAF12498->aeb608e6-131f-44e0-aa35-97c12a2f72a3: receive RaftClientReply:client-FC58CAF12498->aeb608e6-131f-44e0-aa35-97c12a2f72a3@group-3F41E8AD953A, cid=3275, SUCCESS, logIndex=4906, commits[aeb608e6-131f-44e0-aa35-97c12a2f72a3:c4907, b6a0d396-0e26-402b-ac58-4f0615a4fad6:c4903, 8b17640a-2548-4323-bd97-ba3488877b23:c4903]
2019-08-20 11:35:58,292 INFO  client.GrpcClientProtocolClient (GrpcClientProtocolClient.java:onNext(255)) - client-FC58CAF12498->aeb608e6-131f-44e0-aa35-97c12a2f72a3: receive RaftClientReply:client-FC58CAF12498->aeb608e6-131f-44e0-aa35-97c12a2f72a3@group-3F41E8AD953A, cid=3276, SUCCESS, logIndex=4907, commits[aeb608e6-131f-44e0-aa35-97c12a2f72a3:c4907, b6a0d396-0e26-402b-ac58-4f0615a4fad6:c4903, 8b17640a-2548-4323-bd97-ba3488877b23:c4903]
2019-08-20 11:35:58,304 INFO  client.GrpcClientProtocolClient (GrpcClientProtocolClient.java:onNext(255)) - client-FC58CAF12498->aeb608e6-131f-44e0-aa35-97c12a2f72a3: receive RaftClientReply:client-FC58CAF12498->aeb608e6-131f-44e0-aa35-97c12a2f72a3@group-3F41E8AD953A, cid=3277, SUCCESS, logIndex=0, commits[aeb608e6-131f-44e0-aa35-97c12a2f72a3:c4908, b6a0d396-0e26-402b-ac58-4f0615a4fad6:c4907, 8b17640a-2548-4323-bd97-ba3488877b23:c4907]
2019-08-20 11:35:58,339 INFO  client.GrpcClientProtocolClient (GrpcClientProtocolClient.java:onNext(255)) - client-FC58CAF12498->aeb608e6-131f-44e0-aa35-97c12a2f72a3: receive RaftClientReply:client-FC58CAF12498->aeb608e6-131f-44e0-aa35-97c12a2f72a3@group-3F41E8AD953A, cid=3278, SUCCESS, logIndex=4910, commits[aeb608e6-131f-44e0-aa35-97c12a2f72a3:c4911, b6a0d396-0e26-402b-ac58-4f0615a4fad6:c4909, 8b17640a-2548-4323-bd97-ba3488877b23:c4909]
2019-08-20 11:35:58,339 INFO  client.GrpcClientProtocolClient (GrpcClientProtocolClient.java:onNext(255)) - client-FC58CAF12498->aeb608e6-131f-44e0-aa35-97c12a2f72a3: receive RaftClientReply:client-FC58CAF12498->aeb608e6-131f-44e0-aa35-97c12a2f72a3@group-3F41E8AD953A, cid=3279, SUCCESS, logIndex=4911, commits[aeb608e6-131f-44e0-aa35-97c12a2f72a3:c4913, b6a0d396-0e26-402b-ac58-4f0615a4fad6:c4909, 8b17640a-2548-4323-bd97-ba3488877b23:c4909]
2019-08-20 11:35:58,340 INFO  client.GrpcClientProtocolClient (GrpcClientProtocolClient.java:onNext(255)) - client-FC58CAF12498->aeb608e6-131f-44e0-aa35-97c12a2f72a3: receive RaftClientReply:client-FC58CAF12498->aeb608e6-131f-44e0-aa35-97c12a2f72a3@group-3F41E8AD953A, cid=3280, SUCCESS, logIndex=4912, commits[aeb608e6-131f-44e0-aa35-97c12a2f72a3:c4913, b6a0d396-0e26-402b-ac58-4f0615a4fad6:c4909, 8b17640a-2548-4323-bd97-ba3488877b23:c4909]
2019-08-20 11:35:58,340 INFO  client.GrpcClientProtocolClient (GrpcClientProtocolClient.java:onNext(255)) - client-FC58CAF12498->aeb608e6-131f-44e0-aa35-97c12a2f72a3: receive RaftClientReply:client-FC58CAF12498->aeb608e6-131f-44e0-aa35-97c12a2f72a3@group-3F41E8AD953A, cid=3281, SUCCESS, logIndex=4913, commits[aeb608e6-131f-44e0-aa35-97c12a2f72a3:c4913, b6a0d396-0e26-402b-ac58-4f0615a4fad6:c4909, 8b17640a-2548-4323-bd97-ba3488877b23:c4909]
2019-08-20 11:35:58,364 INFO  client.GrpcClientProtocolClient (GrpcClientProtocolClient.java:onNext(255)) - client-FC58CAF12498->aeb608e6-131f-44e0-aa35-97c12a2f72a3: receive RaftClientReply:client-FC58CAF12498->aeb608e6-131f-44e0-aa35-97c12a2f72a3@group-3F41E8AD953A, cid=3282, SUCCESS, logIndex=0, commits[aeb608e6-131f-44e0-aa35-97c12a2f72a3:c4915, b6a0d396-0e26-402b-ac58-4f0615a4fad6:c4911, 8b17640a-2548-4323-bd97-ba3488877b23:c4911]
2019-08-20 11:35:58,384 INFO  client.GrpcClientProtocolClient (GrpcClientProtocolClient.java:onNext(255)) - client-FC58CAF12498->aeb608e6-131f-44e0-aa35-97c12a2f72a3: receive RaftClientReply:client-FC58CAF12498->aeb608e6-131f-44e0-aa35-97c12a2f72a3@group-3F41E8AD953A, cid=3283, SUCCESS, logIndex=4918, commits[aeb608e6-131f-44e0-aa35-97c12a2f72a3:c4919, b6a0d396-0e26-402b-ac58-4f0615a4fad6:c4917, 8b17640a-2548-4323-bd97-ba3488877b23:c4917]
2019-08-20 11:35:58,384 INFO  client.GrpcClientProtocolClient (GrpcClientProtocolClient.java:onNext(255)) - client-FC58CAF12498->aeb608e6-131f-44e0-aa35-97c12a2f72a3: receive RaftClientReply:client-FC58CAF12498->aeb608e6-131f-44e0-aa35-97c12a2f72a3@group-3F41E8AD953A, cid=3284, SUCCESS, logIndex=4919, commits[aeb608e6-131f-44e0-aa35-97c12a2f72a3:c4919, b6a0d396-0e26-402b-ac58-4f0615a4fad6:c4917, 8b17640a-2548-4323-bd97-ba3488877b23:c4917]
2019-08-20 11:35:58,399 INFO  client.GrpcClientProtocolClient (GrpcClientProtocolClient.java:onNext(255)) - client-FC58CAF12498->aeb608e6-131f-44e0-aa35-97c12a2f72a3: receive RaftClientReply:client-FC58CAF12498->aeb608e6-131f-44e0-aa35-97c12a2f72a3@group-3F41E8AD953A, cid=3285, SUCCESS, logIndex=4922, commits[aeb608e6-131f-44e0-aa35-97c12a2f72a3:c4923, b6a0d396-0e26-402b-ac58-4f0615a4fad6:c4919, 8b17640a-2548-4323-bd97-ba3488877b23:c4919]
2019-08-20 11:35:58,399 INFO  client.GrpcClientProtocolClient (GrpcClientProtocolClient.java:onNext(255)) - client-FC58CAF12498->aeb608e6-131f-44e0-aa35-97c12a2f72a3: receive RaftClientReply:client-FC58CAF12498->aeb608e6-131f-44e0-aa35-97c12a2f72a3@group-3F41E8AD953A, cid=3286, SUCCESS, logIndex=4923, commits[aeb608e6-131f-44e0-aa35-97c12a2f72a3:c4923, b6a0d396-0e26-402b-ac58-4f0615a4fad6:c4919, 8b17640a-2548-4323-bd97-ba3488877b23:c4919]
2019-08-20 11:35:58,435 INFO  client.GrpcClientProtocolClient (GrpcClientProtocolClient.java:onNext(255)) - client-FC58CAF12498->aeb608e6-131f-44e0-aa35-97c12a2f72a3: receive RaftClientReply:client-FC58CAF12498->aeb608e6-131f-44e0-aa35-97c12a2f72a3@group-3F41E8AD953A, cid=3287, SUCCESS, logIndex=0, commits[aeb608e6-131f-44e0-aa35-97c12a2f72a3:c4925, b6a0d396-0e26-402b-ac58-4f0615a4fad6:c4923, 8b17640a-2548-4323-bd97-ba3488877b23:c4923]
2019-08-20 11:35:58,464 INFO  client.GrpcClientProtocolClient (GrpcClientProtocolClient.java:onNext(255)) - client-FC58CAF12498->aeb608e6-131f-44e0-aa35-97c12a2f72a3: receive RaftClientReply:client-FC58CAF12498->aeb608e6-131f-44e0-aa35-97c12a2f72a3@group-3F41E8AD953A, cid=3288, SUCCESS, logIndex=4926, commits[aeb608e6-131f-44e0-aa35-97c12a2f72a3:c4927, b6a0d396-0e26-402b-ac58-4f0615a4fad6:c4925, 8b17640a-2548-4323-bd97-ba3488877b23:c4925]
2019-08-20 11:35:58,465 INFO  client.GrpcClientProtocolClient (GrpcClientProtocolClient.java:onNext(255)) - client-FC58CAF12498->aeb608e6-131f-44e0-aa35-97c12a2f72a3: receive RaftClientReply:client-FC58CAF12498->aeb608e6-131f-44e0-aa35-97c12a2f72a3@group-3F41E8AD953A, cid=3289, SUCCESS, logIndex=4927, commits[aeb608e6-131f-44e0-aa35-97c12a2f72a3:c4929, b6a0d396-0e26-402b-ac58-4f0615a4fad6:c4925, 8b17640a-2548-4323-bd97-ba3488877b23:c4925]
2019-08-20 11:35:58,465 INFO  client.GrpcClientProtocolClient (GrpcClientProtocolClient.java:onNext(255)) - client-FC58CAF12498->aeb608e6-131f-44e0-aa35-97c12a2f72a3: receive RaftClientReply:client-FC58CAF12498->aeb608e6-131f-44e0-aa35-97c12a2f72a3@group-3F41E8AD953A, cid=3290, SUCCESS, logIndex=4928, commits[aeb608e6-131f-44e0-aa35-97c12a2f72a3:c4929, b6a0d396-0e26-402b-ac58-4f0615a4fad6:c4925, 8b17640a-2548-4323-bd97-ba3488877b23:c4926]
2019-08-20 11:35:58,465 INFO  client.GrpcClientProtocolClient (GrpcClientProtocolClient.java:onNext(255)) - client-FC58CAF12498->aeb608e6-131f-44e0-aa35-97c12a2f72a3: receive RaftClientReply:client-FC58CAF12498->aeb608e6-131f-44e0-aa35-97c12a2f72a3@group-3F41E8AD953A, cid=3291, SUCCESS, logIndex=4929, commits[aeb608e6-131f-44e0-aa35-97c12a2f72a3:c4930, b6a0d396-0e26-402b-ac58-4f0615a4fad6:c4925, 8b17640a-2548-4323-bd97-ba3488877b23:c4926]
2019-08-20 11:35:58,478 INFO  client.GrpcClientProtocolClient (GrpcClientProtocolClient.java:onNext(255)) - client-FC58CAF12498->aeb608e6-131f-44e0-aa35-97c12a2f72a3: receive RaftClientReply:client-FC58CAF12498->aeb608e6-131f-44e0-aa35-97c12a2f72a3@group-3F41E8AD953A, cid=3292, SUCCESS, logIndex=0, commits[aeb608e6-131f-44e0-aa35-97c12a2f72a3:c4932, b6a0d396-0e26-402b-ac58-4f0615a4fad6:c4927, 8b17640a-2548-4323-bd97-ba3488877b23:c4929]
2019-08-20 11:35:58,498 INFO  client.GrpcClientProtocolClient (GrpcClientProtocolClient.java:onNext(255)) - client-FC58CAF12498->aeb608e6-131f-44e0-aa35-97c12a2f72a3: receive RaftClientReply:client-FC58CAF12498->aeb608e6-131f-44e0-aa35-97c12a2f72a3@group-3F41E8AD953A, cid=3293, SUCCESS, logIndex=4933, commits[aeb608e6-131f-44e0-aa35-97c12a2f72a3:c4934, b6a0d396-0e26-402b-ac58-4f0615a4fad6:c4932, 8b17640a-2548-4323-bd97-ba3488877b23:c4932]
2019-08-20 11:35:58,498 INFO  client.GrpcClientProtocolClient (GrpcClientProtocolClient.java:onNext(255)) - client-FC58CAF12498->aeb608e6-131f-44e0-aa35-97c12a2f72a3: receive RaftClientReply:client-FC58CAF12498->aeb608e6-131f-44e0-aa35-97c12a2f72a3@group-3F41E8AD953A, cid=3294, SUCCESS, logIndex=4934, commits[aeb608e6-131f-44e0-aa35-97c12a2f72a3:c4934, b6a0d396-0e26-402b-ac58-4f0615a4fad6:c4932, 8b17640a-2548-4323-bd97-ba3488877b23:c4932]
2019-08-20 11:35:58,523 INFO  client.GrpcClientProtocolClient (GrpcClientProtocolClient.java:onNext(255)) - client-FC58CAF12498->aeb608e6-131f-44e0-aa35-97c12a2f72a3: receive RaftClientReply:client-FC58CAF12498->aeb608e6-131f-44e0-aa35-97c12a2f72a3@group-3F41E8AD953A, cid=3295, SUCCESS, logIndex=4937, commits[aeb608e6-131f-44e0-aa35-97c12a2f72a3:c4938, b6a0d396-0e26-402b-ac58-4f0615a4fad6:c4934, 8b17640a-2548-4323-bd97-ba3488877b23:c4934]
2019-08-20 11:35:58,524 INFO  client.GrpcClientProtocolClient (GrpcClientProtocolClient.java:onNext(255)) - client-FC58CAF12498->aeb608e6-131f-44e0-aa35-97c12a2f72a3: receive RaftClientReply:client-FC58CAF12498->aeb608e6-131f-44e0-aa35-97c12a2f72a3@group-3F41E8AD953A, cid=3296, SUCCESS, logIndex=4938, commits[aeb608e6-131f-44e0-aa35-97c12a2f72a3:c4938, b6a0d396-0e26-402b-ac58-4f0615a4fad6:c4934, 8b17640a-2548-4323-bd97-ba3488877b23:c4934]
2019-08-20 11:35:58,537 INFO  client.GrpcClientProtocolClient (GrpcClientProtocolClient.java:onNext(255)) - client-FC58CAF12498->aeb608e6-131f-44e0-aa35-97c12a2f72a3: receive RaftClientReply:client-FC58CAF12498->aeb608e6-131f-44e0-aa35-97c12a2f72a3@group-3F41E8AD953A, cid=3297, SUCCESS, logIndex=0, commits[aeb608e6-131f-44e0-aa35-97c12a2f72a3:c4940, b6a0d396-0e26-402b-ac58-4f0615a4fad6:c4938, 8b17640a-2548-4323-bd97-ba3488877b23:c4938]
2019-08-20 11:35:58,567 INFO  client.GrpcClientProtocolClient (GrpcClientProtocolClient.java:onNext(255)) - client-FC58CAF12498->aeb608e6-131f-44e0-aa35-97c12a2f72a3: receive RaftClientReply:client-FC58CAF12498->aeb608e6-131f-44e0-aa35-97c12a2f72a3@group-3F41E8AD953A, cid=3298, SUCCESS, logIndex=4941, commits[aeb608e6-131f-44e0-aa35-97c12a2f72a3:c4942, b6a0d396-0e26-402b-ac58-4f0615a4fad6:c4940, 8b17640a-2548-4323-bd97-ba3488877b23:c4940]
2019-08-20 11:35:58,567 INFO  client.GrpcClientProtocolClient (GrpcClientProtocolClient.java:onNext(255)) - client-FC58CAF12498->aeb608e6-131f-44e0-aa35-97c12a2f72a3: receive RaftClientReply:client-FC58CAF12498->aeb608e6-131f-44e0-aa35-97c12a2f72a3@group-3F41E8AD953A, cid=3299, SUCCESS, logIndex=4942, commits[aeb608e6-131f-44e0-aa35-97c12a2f72a3:c4944, b6a0d396-0e26-402b-ac58-4f0615a4fad6:c4940, 8b17640a-2548-4323-bd97-ba3488877b23:c4940]
2019-08-20 11:35:58,568 INFO  client.GrpcClientProtocolClient (GrpcClientProtocolClient.java:onNext(255)) - client-FC58CAF12498->aeb608e6-131f-44e0-aa35-97c12a2f72a3: receive RaftClientReply:client-FC58CAF12498->aeb608e6-131f-44e0-aa35-97c12a2f72a3@group-3F41E8AD953A, cid=3300, SUCCESS, logIndex=4943, commits[aeb608e6-131f-44e0-aa35-97c12a2f72a3:c4944, b6a0d396-0e26-402b-ac58-4f0615a4fad6:c4940, 8b17640a-2548-4323-bd97-ba3488877b23:c4940]
2019-08-20 11:35:58,568 INFO  client.GrpcClientProtocolClient (GrpcClientProtocolClient.java:onNext(255)) - client-FC58CAF12498->aeb608e6-131f-44e0-aa35-97c12a2f72a3: receive RaftClientReply:client-FC58CAF12498->aeb608e6-131f-44e0-aa35-97c12a2f72a3@group-3F41E8AD953A, cid=3301, SUCCESS, logIndex=4944, commits[aeb608e6-131f-44e0-aa35-97c12a2f72a3:c4944, b6a0d396-0e26-402b-ac58-4f0615a4fad6:c4940, 8b17640a-2548-4323-bd97-ba3488877b23:c4940]
2019-08-20 11:35:58,579 INFO  client.GrpcClientProtocolClient (GrpcClientProtocolClient.java:onNext(255)) - client-FC58CAF12498->aeb608e6-131f-44e0-aa35-97c12a2f72a3: receive RaftClientReply:client-FC58CAF12498->aeb608e6-131f-44e0-aa35-97c12a2f72a3@group-3F41E8AD953A, cid=3302, SUCCESS, logIndex=0, commits[aeb608e6-131f-44e0-aa35-97c12a2f72a3:c4945, b6a0d396-0e26-402b-ac58-4f0615a4fad6:c4942, 8b17640a-2548-4323-bd97-ba3488877b23:c4942]
2019-08-20 11:35:58,605 INFO  client.GrpcClientProtocolClient (GrpcClientProtocolClient.java:onNext(255)) - client-FC58CAF12498->aeb608e6-131f-44e0-aa35-97c12a2f72a3: receive RaftClientReply:client-FC58CAF12498->aeb608e6-131f-44e0-aa35-97c12a2f72a3@group-3F41E8AD953A, cid=3303, SUCCESS, logIndex=4949, commits[aeb608e6-131f-44e0-aa35-97c12a2f72a3:c4950, b6a0d396-0e26-402b-ac58-4f0615a4fad6:c4945, 8b17640a-2548-4323-bd97-ba3488877b23:c4945]
2019-08-20 11:35:58,606 INFO  client.GrpcClientProtocolClient (GrpcClientProtocolClient.java:onNext(255)) - client-FC58CAF12498->aeb608e6-131f-44e0-aa35-97c12a2f72a3: receive RaftClientReply:client-FC58CAF12498->aeb608e6-131f-44e0-aa35-97c12a2f72a3@group-3F41E8AD953A, cid=3304, SUCCESS, logIndex=4950, commits[aeb608e6-131f-44e0-aa35-97c12a2f72a3:c4950, b6a0d396-0e26-402b-ac58-4f0615a4fad6:c4945, 8b17640a-2548-4323-bd97-ba3488877b23:c4945]
2019-08-20 11:35:58,622 INFO  client.GrpcClientProtocolClient (GrpcClientProtocolClient.java:onNext(255)) - client-FC58CAF12498->aeb608e6-131f-44e0-aa35-97c12a2f72a3: receive RaftClientReply:client-FC58CAF12498->aeb608e6-131f-44e0-aa35-97c12a2f72a3@group-3F41E8AD953A, cid=3305, SUCCESS, logIndex=4953, commits[aeb608e6-131f-44e0-aa35-97c12a2f72a3:c4954, b6a0d396-0e26-402b-ac58-4f0615a4fad6:c4950, 8b17640a-2548-4323-bd97-ba3488877b23:c4950]
2019-08-20 11:35:58,622 INFO  client.GrpcClientProtocolClient (GrpcClientProtocolClient.java:onNext(255)) - client-FC58CAF12498->aeb608e6-131f-44e0-aa35-97c12a2f72a3: receive RaftClientReply:client-FC58CAF12498->aeb608e6-131f-44e0-aa35-97c12a2f72a3@group-3F41E8AD953A, cid=3306, SUCCESS, logIndex=4954, commits[aeb608e6-131f-44e0-aa35-97c12a2f72a3:c4954, b6a0d396-0e26-402b-ac58-4f0615a4fad6:c4950, 8b17640a-2548-4323-bd97-ba3488877b23:c4950]
2019-08-20 11:35:58,635 INFO  client.GrpcClientProtocolClient (GrpcClientProtocolClient.java:onNext(255)) - client-FC58CAF12498->aeb608e6-131f-44e0-aa35-97c12a2f72a3: receive RaftClientReply:client-FC58CAF12498->aeb608e6-131f-44e0-aa35-97c12a2f72a3@group-3F41E8AD953A, cid=3307, SUCCESS, logIndex=0, commits[aeb608e6-131f-44e0-aa35-97c12a2f72a3:c4956, b6a0d396-0e26-402b-ac58-4f0615a4fad6:c4954, 8b17640a-2548-4323-bd97-ba3488877b23:c4954]
 0.00% |█                                                                                                    |  0/1 Time: 0:00:322019-08-20 11:35:58,782 INFO  client.GrpcClientProtocolClient (GrpcClientProtocolClient.java:onNext(255)) - client-FC58CAF12498->aeb608e6-131f-44e0-aa35-97c12a2f72a3: receive RaftClientReply:client-FC58CAF12498->aeb608e6-131f-44e0-aa35-97c12a2f72a3@group-3F41E8AD953A, cid=3308, SUCCESS, logIndex=4957, commits[aeb608e6-131f-44e0-aa35-97c12a2f72a3:c4959, b6a0d396-0e26-402b-ac58-4f0615a4fad6:c4956, 8b17640a-2548-4323-bd97-ba3488877b23:c4956]
2019-08-20 11:35:58,782 INFO  client.GrpcClientProtocolClient (GrpcClientProtocolClient.java:onNext(255)) - client-FC58CAF12498->aeb608e6-131f-44e0-aa35-97c12a2f72a3: receive RaftClientReply:client-FC58CAF12498->aeb608e6-131f-44e0-aa35-97c12a2f72a3@group-3F41E8AD953A, cid=3309, SUCCESS, logIndex=4958, commits[aeb608e6-131f-44e0-aa35-97c12a2f72a3:c4960, b6a0d396-0e26-402b-ac58-4f0615a4fad6:c4956, 8b17640a-2548-4323-bd97-ba3488877b23:c4956]
2019-08-20 11:35:58,782 INFO  client.GrpcClientProtocolClient (GrpcClientProtocolClient.java:onNext(255)) - client-FC58CAF12498->aeb608e6-131f-44e0-aa35-97c12a2f72a3: receive RaftClientReply:client-FC58CAF12498->aeb608e6-131f-44e0-aa35-97c12a2f72a3@group-3F41E8AD953A, cid=3310, SUCCESS, logIndex=4959, commits[aeb608e6-131f-44e0-aa35-97c12a2f72a3:c4960, b6a0d396-0e26-402b-ac58-4f0615a4fad6:c4956, 8b17640a-2548-4323-bd97-ba3488877b23:c4956]
2019-08-20 11:35:58,782 INFO  client.GrpcClientProtocolClient (GrpcClientProtocolClient.java:onNext(255)) - client-FC58CAF12498->aeb608e6-131f-44e0-aa35-97c12a2f72a3: receive RaftClientReply:client-FC58CAF12498->aeb608e6-131f-44e0-aa35-97c12a2f72a3@group-3F41E8AD953A, cid=3311, SUCCESS, logIndex=4960, commits[aeb608e6-131f-44e0-aa35-97c12a2f72a3:c4960, b6a0d396-0e26-402b-ac58-4f0615a4fad6:c4956, 8b17640a-2548-4323-bd97-ba3488877b23:c4956]
2019-08-20 11:35:58,793 INFO  client.GrpcClientProtocolClient (GrpcClientProtocolClient.java:onNext(255)) - client-FC58CAF12498->aeb608e6-131f-44e0-aa35-97c12a2f72a3: receive RaftClientReply:client-FC58CAF12498->aeb608e6-131f-44e0-aa35-97c12a2f72a3@group-3F41E8AD953A, cid=3312, SUCCESS, logIndex=0, commits[aeb608e6-131f-44e0-aa35-97c12a2f72a3:c4961, b6a0d396-0e26-402b-ac58-4f0615a4fad6:c4958, 8b17640a-2548-4323-bd97-ba3488877b23:c4958]
2019-08-20 11:35:58,813 INFO  client.GrpcClientProtocolClient (GrpcClientProtocolClient.java:onNext(255)) - client-FC58CAF12498->aeb608e6-131f-44e0-aa35-97c12a2f72a3: receive RaftClientReply:client-FC58CAF12498->aeb608e6-131f-44e0-aa35-97c12a2f72a3@group-3F41E8AD953A, cid=3313, SUCCESS, logIndex=4965, commits[aeb608e6-131f-44e0-aa35-97c12a2f72a3:c4966, b6a0d396-0e26-402b-ac58-4f0615a4fad6:c4964, 8b17640a-2548-4323-bd97-ba3488877b23:c4964]
2019-08-20 11:35:58,813 INFO  client.GrpcClientProtocolClient (GrpcClientProtocolClient.java:onNext(255)) - client-FC58CAF12498->aeb608e6-131f-44e0-aa35-97c12a2f72a3: receive RaftClientReply:client-FC58CAF12498->aeb608e6-131f-44e0-aa35-97c12a2f72a3@group-3F41E8AD953A, cid=3314, SUCCESS, logIndex=4966, commits[aeb608e6-131f-44e0-aa35-97c12a2f72a3:c4966, b6a0d396-0e26-402b-ac58-4f0615a4fad6:c4964, 8b17640a-2548-4323-bd97-ba3488877b23:c4964]
2019-08-20 11:35:58,838 INFO  client.GrpcClientProtocolClient (GrpcClientProtocolClient.java:onNext(255)) - client-FC58CAF12498->aeb608e6-131f-44e0-aa35-97c12a2f72a3: receive RaftClientReply:client-FC58CAF12498->aeb608e6-131f-44e0-aa35-97c12a2f72a3@group-3F41E8AD953A, cid=3315, SUCCESS, logIndex=4969, commits[aeb608e6-131f-44e0-aa35-97c12a2f72a3:c4970, b6a0d396-0e26-402b-ac58-4f0615a4fad6:c4966, 8b17640a-2548-4323-bd97-ba3488877b23:c4966]
2019-08-20 11:35:58,838 INFO  client.GrpcClientProtocolClient (GrpcClientProtocolClient.java:onNext(255)) - client-FC58CAF12498->aeb608e6-131f-44e0-aa35-97c12a2f72a3: receive RaftClientReply:client-FC58CAF12498->aeb608e6-131f-44e0-aa35-97c12a2f72a3@group-3F41E8AD953A, cid=3316, SUCCESS, logIndex=4970, commits[aeb608e6-131f-44e0-aa35-97c12a2f72a3:c4970, b6a0d396-0e26-402b-ac58-4f0615a4fad6:c4966, 8b17640a-2548-4323-bd97-ba3488877b23:c4966]
2019-08-20 11:35:58,864 INFO  client.GrpcClientProtocolClient (GrpcClientProtocolClient.java:onNext(255)) - client-FC58CAF12498->aeb608e6-131f-44e0-aa35-97c12a2f72a3: receive RaftClientReply:client-FC58CAF12498->aeb608e6-131f-44e0-aa35-97c12a2f72a3@group-3F41E8AD953A, cid=3317, SUCCESS, logIndex=0, commits[aeb608e6-131f-44e0-aa35-97c12a2f72a3:c4972, b6a0d396-0e26-402b-ac58-4f0615a4fad6:c4970, 8b17640a-2548-4323-bd97-ba3488877b23:c4970]
2019-08-20 11:35:58,895 INFO  client.GrpcClientProtocolClient (GrpcClientProtocolClient.java:onNext(255)) - client-FC58CAF12498->aeb608e6-131f-44e0-aa35-97c12a2f72a3: receive RaftClientReply:client-FC58CAF12498->aeb608e6-131f-44e0-aa35-97c12a2f72a3@group-3F41E8AD953A, cid=3318, SUCCESS, logIndex=4973, commits[aeb608e6-131f-44e0-aa35-97c12a2f72a3:c4974, b6a0d396-0e26-402b-ac58-4f0615a4fad6:c4972, 8b17640a-2548-4323-bd97-ba3488877b23:c4972]
2019-08-20 11:35:58,895 INFO  client.GrpcClientProtocolClient (GrpcClientProtocolClient.java:onNext(255)) - client-FC58CAF12498->aeb608e6-131f-44e0-aa35-97c12a2f72a3: receive RaftClientReply:client-FC58CAF12498->aeb608e6-131f-44e0-aa35-97c12a2f72a3@group-3F41E8AD953A, cid=3319, SUCCESS, logIndex=4974, commits[aeb608e6-131f-44e0-aa35-97c12a2f72a3:c4974, b6a0d396-0e26-402b-ac58-4f0615a4fad6:c4972, 8b17640a-2548-4323-bd97-ba3488877b23:c4972]
2019-08-20 11:35:58,905 INFO  client.GrpcClientProtocolClient (GrpcClientProtocolClient.java:onNext(255)) - client-FC58CAF12498->aeb608e6-131f-44e0-aa35-97c12a2f72a3: receive RaftClientReply:client-FC58CAF12498->aeb608e6-131f-44e0-aa35-97c12a2f72a3@group-3F41E8AD953A, cid=3320, SUCCESS, logIndex=4975, commits[aeb608e6-131f-44e0-aa35-97c12a2f72a3:c4976, b6a0d396-0e26-402b-ac58-4f0615a4fad6:c4972, 8b17640a-2548-4323-bd97-ba3488877b23:c4972]
2019-08-20 11:35:58,905 INFO  client.GrpcClientProtocolClient (GrpcClientProtocolClient.java:onNext(255)) - client-FC58CAF12498->aeb608e6-131f-44e0-aa35-97c12a2f72a3: receive RaftClientReply:client-FC58CAF12498->aeb608e6-131f-44e0-aa35-97c12a2f72a3@group-3F41E8AD953A, cid=3321, SUCCESS, logIndex=4976, commits[aeb608e6-131f-44e0-aa35-97c12a2f72a3:c4976, b6a0d396-0e26-402b-ac58-4f0615a4fad6:c4972, 8b17640a-2548-4323-bd97-ba3488877b23:c4972]
2019-08-20 11:35:58,918 INFO  client.GrpcClientProtocolClient (GrpcClientProtocolClient.java:onNext(255)) - client-FC58CAF12498->aeb608e6-131f-44e0-aa35-97c12a2f72a3: receive RaftClientReply:client-FC58CAF12498->aeb608e6-131f-44e0-aa35-97c12a2f72a3@group-3F41E8AD953A, cid=3322, SUCCESS, logIndex=0, commits[aeb608e6-131f-44e0-aa35-97c12a2f72a3:c4979, b6a0d396-0e26-402b-ac58-4f0615a4fad6:c4974, 8b17640a-2548-4323-bd97-ba3488877b23:c4974]
2019-08-20 11:35:58,945 INFO  client.GrpcClientProtocolClient (GrpcClientProtocolClient.java:onNext(255)) - client-FC58CAF12498->aeb608e6-131f-44e0-aa35-97c12a2f72a3: receive RaftClientReply:client-FC58CAF12498->aeb608e6-131f-44e0-aa35-97c12a2f72a3@group-3F41E8AD953A, cid=3323, SUCCESS, logIndex=4981, commits[aeb608e6-131f-44e0-aa35-97c12a2f72a3:c4982, b6a0d396-0e26-402b-ac58-4f0615a4fad6:c4980, 8b17640a-2548-4323-bd97-ba3488877b23:c4980]
2019-08-20 11:35:58,945 INFO  client.GrpcClientProtocolClient (GrpcClientProtocolClient.java:onNext(255)) - client-FC58CAF12498->aeb608e6-131f-44e0-aa35-97c12a2f72a3: receive RaftClientReply:client-FC58CAF12498->aeb608e6-131f-44e0-aa35-97c12a2f72a3@group-3F41E8AD953A, cid=3324, SUCCESS, logIndex=4982, commits[aeb608e6-131f-44e0-aa35-97c12a2f72a3:c4982, b6a0d396-0e26-402b-ac58-4f0615a4fad6:c4980, 8b17640a-2548-4323-bd97-ba3488877b23:c4980]
2019-08-20 11:35:58,967 INFO  client.GrpcClientProtocolClient (GrpcClientProtocolClient.java:onNext(255)) - client-FC58CAF12498->aeb608e6-131f-44e0-aa35-97c12a2f72a3: receive RaftClientReply:client-FC58CAF12498->aeb608e6-131f-44e0-aa35-97c12a2f72a3@group-3F41E8AD953A, cid=3325, SUCCESS, logIndex=4985, commits[aeb608e6-131f-44e0-aa35-97c12a2f72a3:c4986, b6a0d396-0e26-402b-ac58-4f0615a4fad6:c4982, 8b17640a-2548-4323-bd97-ba3488877b23:c4982]
2019-08-20 11:35:58,968 INFO  client.GrpcClientProtocolClient (GrpcClientProtocolClient.java:onNext(255)) - client-FC58CAF12498->aeb608e6-131f-44e0-aa35-97c12a2f72a3: receive RaftClientReply:client-FC58CAF12498->aeb608e6-131f-44e0-aa35-97c12a2f72a3@group-3F41E8AD953A, cid=3326, SUCCESS, logIndex=4986, commits[aeb608e6-131f-44e0-aa35-97c12a2f72a3:c4986, b6a0d396-0e26-402b-ac58-4f0615a4fad6:c4982, 8b17640a-2548-4323-bd97-ba3488877b23:c4982]
2019-08-20 11:35:58,988 INFO  client.GrpcClientProtocolClient (GrpcClientProtocolClient.java:onNext(255)) - client-FC58CAF12498->aeb608e6-131f-44e0-aa35-97c12a2f72a3: receive RaftClientReply:client-FC58CAF12498->aeb608e6-131f-44e0-aa35-97c12a2f72a3@group-3F41E8AD953A, cid=3327, SUCCESS, logIndex=0, commits[aeb608e6-131f-44e0-aa35-97c12a2f72a3:c4988, b6a0d396-0e26-402b-ac58-4f0615a4fad6:c4986, 8b17640a-2548-4323-bd97-ba3488877b23:c4986]
2019-08-20 11:35:59,019 INFO  client.GrpcClientProtocolClient (GrpcClientProtocolClient.java:onNext(255)) - client-FC58CAF12498->aeb608e6-131f-44e0-aa35-97c12a2f72a3: receive RaftClientReply:client-FC58CAF12498->aeb608e6-131f-44e0-aa35-97c12a2f72a3@group-3F41E8AD953A, cid=3328, SUCCESS, logIndex=4989, commits[aeb608e6-131f-44e0-aa35-97c12a2f72a3:c4990, b6a0d396-0e26-402b-ac58-4f0615a4fad6:c4988, 8b17640a-2548-4323-bd97-ba3488877b23:c4988]
2019-08-20 11:35:59,019 INFO  client.GrpcClientProtocolClient (GrpcClientProtocolClient.java:onNext(255)) - client-FC58CAF12498->aeb608e6-131f-44e0-aa35-97c12a2f72a3: receive RaftClientReply:client-FC58CAF12498->aeb608e6-131f-44e0-aa35-97c12a2f72a3@group-3F41E8AD953A, cid=3329, SUCCESS, logIndex=4990, commits[aeb608e6-131f-44e0-aa35-97c12a2f72a3:c4990, b6a0d396-0e26-402b-ac58-4f0615a4fad6:c4988, 8b17640a-2548-4323-bd97-ba3488877b23:c4988]
2019-08-20 11:35:59,020 INFO  client.GrpcClientProtocolClient (GrpcClientProtocolClient.java:onNext(255)) - client-FC58CAF12498->aeb608e6-131f-44e0-aa35-97c12a2f72a3: receive RaftClientReply:client-FC58CAF12498->aeb608e6-131f-44e0-aa35-97c12a2f72a3@group-3F41E8AD953A, cid=3330, SUCCESS, logIndex=4991, commits[aeb608e6-131f-44e0-aa35-97c12a2f72a3:c4992, b6a0d396-0e26-402b-ac58-4f0615a4fad6:c4988, 8b17640a-2548-4323-bd97-ba3488877b23:c4988]
2019-08-20 11:35:59,021 INFO  client.GrpcClientProtocolClient (GrpcClientProtocolClient.java:onNext(255)) - client-FC58CAF12498->aeb608e6-131f-44e0-aa35-97c12a2f72a3: receive RaftClientReply:client-FC58CAF12498->aeb608e6-131f-44e0-aa35-97c12a2f72a3@group-3F41E8AD953A, cid=3331, SUCCESS, logIndex=4992, commits[aeb608e6-131f-44e0-aa35-97c12a2f72a3:c4992, b6a0d396-0e26-402b-ac58-4f0615a4fad6:c4988, 8b17640a-2548-4323-bd97-ba3488877b23:c4988]
2019-08-20 11:35:59,034 INFO  client.GrpcClientProtocolClient (GrpcClientProtocolClient.java:onNext(255)) - client-FC58CAF12498->aeb608e6-131f-44e0-aa35-97c12a2f72a3: receive RaftClientReply:client-FC58CAF12498->aeb608e6-131f-44e0-aa35-97c12a2f72a3@group-3F41E8AD953A, cid=3332, SUCCESS, logIndex=0, commits[aeb608e6-131f-44e0-aa35-97c12a2f72a3:c4994, b6a0d396-0e26-402b-ac58-4f0615a4fad6:c4990, 8b17640a-2548-4323-bd97-ba3488877b23:c4990]
2019-08-20 11:35:59,049 INFO  client.GrpcClientProtocolClient (GrpcClientProtocolClient.java:onNext(255)) - client-FC58CAF12498->aeb608e6-131f-44e0-aa35-97c12a2f72a3: receive RaftClientReply:client-FC58CAF12498->aeb608e6-131f-44e0-aa35-97c12a2f72a3@group-3F41E8AD953A, cid=3333, SUCCESS, logIndex=4997, commits[aeb608e6-131f-44e0-aa35-97c12a2f72a3:c4998, b6a0d396-0e26-402b-ac58-4f0615a4fad6:c4994, 8b17640a-2548-4323-bd97-ba3488877b23:c4994]
2019-08-20 11:35:59,050 INFO  client.GrpcClientProtocolClient (GrpcClientProtocolClient.java:onNext(255)) - client-FC58CAF12498->aeb608e6-131f-44e0-aa35-97c12a2f72a3: receive RaftClientReply:client-FC58CAF12498->aeb608e6-131f-44e0-aa35-97c12a2f72a3@group-3F41E8AD953A, cid=3334, SUCCESS, logIndex=4998, commits[aeb608e6-131f-44e0-aa35-97c12a2f72a3:c4998, b6a0d396-0e26-402b-ac58-4f0615a4fad6:c4994, 8b17640a-2548-4323-bd97-ba3488877b23:c4994]
2019-08-20 11:35:59,076 INFO  client.GrpcClientProtocolClient (GrpcClientProtocolClient.java:onNext(255)) - client-FC58CAF12498->aeb608e6-131f-44e0-aa35-97c12a2f72a3: receive RaftClientReply:client-FC58CAF12498->aeb608e6-131f-44e0-aa35-97c12a2f72a3@group-3F41E8AD953A, cid=3335, SUCCESS, logIndex=5001, commits[aeb608e6-131f-44e0-aa35-97c12a2f72a3:c5002, b6a0d396-0e26-402b-ac58-4f0615a4fad6:c4998, 8b17640a-2548-4323-bd97-ba3488877b23:c4998]
2019-08-20 11:35:59,077 INFO  client.GrpcClientProtocolClient (GrpcClientProtocolClient.java:onNext(255)) - client-FC58CAF12498->aeb608e6-131f-44e0-aa35-97c12a2f72a3: receive RaftClientReply:client-FC58CAF12498->aeb608e6-131f-44e0-aa35-97c12a2f72a3@group-3F41E8AD953A, cid=3336, SUCCESS, logIndex=5002, commits[aeb608e6-131f-44e0-aa35-97c12a2f72a3:c5002, b6a0d396-0e26-402b-ac58-4f0615a4fad6:c4998, 8b17640a-2548-4323-bd97-ba3488877b23:c4998]
2019-08-20 11:35:59,102 INFO  client.GrpcClientProtocolClient (GrpcClientProtocolClient.java:onNext(255)) - client-FC58CAF12498->aeb608e6-131f-44e0-aa35-97c12a2f72a3: receive RaftClientReply:client-FC58CAF12498->aeb608e6-131f-44e0-aa35-97c12a2f72a3@group-3F41E8AD953A, cid=3337, SUCCESS, logIndex=0, commits[aeb608e6-131f-44e0-aa35-97c12a2f72a3:c5003, b6a0d396-0e26-402b-ac58-4f0615a4fad6:c5002, 8b17640a-2548-4323-bd97-ba3488877b23:c5002]
2019-08-20 11:35:59,132 INFO  client.GrpcClientProtocolClient (GrpcClientProtocolClient.java:onNext(255)) - client-FC58CAF12498->aeb608e6-131f-44e0-aa35-97c12a2f72a3: receive RaftClientReply:client-FC58CAF12498->aeb608e6-131f-44e0-aa35-97c12a2f72a3@group-3F41E8AD953A, cid=3338, SUCCESS, logIndex=5005, commits[aeb608e6-131f-44e0-aa35-97c12a2f72a3:c5006, b6a0d396-0e26-402b-ac58-4f0615a4fad6:c5004, 8b17640a-2548-4323-bd97-ba3488877b23:c5004]
2019-08-20 11:35:59,133 INFO  client.GrpcClientProtocolClient (GrpcClientProtocolClient.java:onNext(255)) - client-FC58CAF12498->aeb608e6-131f-44e0-aa35-97c12a2f72a3: receive RaftClientReply:client-FC58CAF12498->aeb608e6-131f-44e0-aa35-97c12a2f72a3@group-3F41E8AD953A, cid=3339, SUCCESS, logIndex=5006, commits[aeb608e6-131f-44e0-aa35-97c12a2f72a3:c5006, b6a0d396-0e26-402b-ac58-4f0615a4fad6:c5004, 8b17640a-2548-4323-bd97-ba3488877b23:c5004]
2019-08-20 11:35:59,144 INFO  client.GrpcClientProtocolClient (GrpcClientProtocolClient.java:onNext(255)) - client-FC58CAF12498->aeb608e6-131f-44e0-aa35-97c12a2f72a3: receive RaftClientReply:client-FC58CAF12498->aeb608e6-131f-44e0-aa35-97c12a2f72a3@group-3F41E8AD953A, cid=3340, SUCCESS, logIndex=5007, commits[aeb608e6-131f-44e0-aa35-97c12a2f72a3:c5008, b6a0d396-0e26-402b-ac58-4f0615a4fad6:c5004, 8b17640a-2548-4323-bd97-ba3488877b23:c5004]
2019-08-20 11:35:59,145 INFO  client.GrpcClientProtocolClient (GrpcClientProtocolClient.java:onNext(255)) - client-FC58CAF12498->aeb608e6-131f-44e0-aa35-97c12a2f72a3: receive RaftClientReply:client-FC58CAF12498->aeb608e6-131f-44e0-aa35-97c12a2f72a3@group-3F41E8AD953A, cid=3341, SUCCESS, logIndex=5008, commits[aeb608e6-131f-44e0-aa35-97c12a2f72a3:c5008, b6a0d396-0e26-402b-ac58-4f0615a4fad6:c5004, 8b17640a-2548-4323-bd97-ba3488877b23:c5004]
2019-08-20 11:35:59,158 INFO  client.GrpcClientProtocolClient (GrpcClientProtocolClient.java:onNext(255)) - client-FC58CAF12498->aeb608e6-131f-44e0-aa35-97c12a2f72a3: receive RaftClientReply:client-FC58CAF12498->aeb608e6-131f-44e0-aa35-97c12a2f72a3@group-3F41E8AD953A, cid=3342, SUCCESS, logIndex=0, commits[aeb608e6-131f-44e0-aa35-97c12a2f72a3:c5010, b6a0d396-0e26-402b-ac58-4f0615a4fad6:c5006, 8b17640a-2548-4323-bd97-ba3488877b23:c5006]
2019-08-20 11:35:59,178 INFO  client.GrpcClientProtocolClient (GrpcClientProtocolClient.java:onNext(255)) - client-FC58CAF12498->aeb608e6-131f-44e0-aa35-97c12a2f72a3: receive RaftClientReply:client-FC58CAF12498->aeb608e6-131f-44e0-aa35-97c12a2f72a3@group-3F41E8AD953A, cid=3343, SUCCESS, logIndex=5013, commits[aeb608e6-131f-44e0-aa35-97c12a2f72a3:c5014, b6a0d396-0e26-402b-ac58-4f0615a4fad6:c5010, 8b17640a-2548-4323-bd97-ba3488877b23:c5008]
2019-08-20 11:35:59,179 INFO  client.GrpcClientProtocolClient (GrpcClientProtocolClient.java:onNext(255)) - client-FC58CAF12498->aeb608e6-131f-44e0-aa35-97c12a2f72a3: receive RaftClientReply:client-FC58CAF12498->aeb608e6-131f-44e0-aa35-97c12a2f72a3@group-3F41E8AD953A, cid=3344, SUCCESS, logIndex=5014, commits[aeb608e6-131f-44e0-aa35-97c12a2f72a3:c5014, b6a0d396-0e26-402b-ac58-4f0615a4fad6:c5010, 8b17640a-2548-4323-bd97-ba3488877b23:c5008]
2019-08-20 11:35:59,207 INFO  client.GrpcClientProtocolClient (GrpcClientProtocolClient.java:onNext(255)) - client-FC58CAF12498->aeb608e6-131f-44e0-aa35-97c12a2f72a3: receive RaftClientReply:client-FC58CAF12498->aeb608e6-131f-44e0-aa35-97c12a2f72a3@group-3F41E8AD953A, cid=3345, SUCCESS, logIndex=5017, commits[aeb608e6-131f-44e0-aa35-97c12a2f72a3:c5018, b6a0d396-0e26-402b-ac58-4f0615a4fad6:c5014, 8b17640a-2548-4323-bd97-ba3488877b23:c5014]
2019-08-20 11:35:59,208 INFO  client.GrpcClientProtocolClient (GrpcClientProtocolClient.java:onNext(255)) - client-FC58CAF12498->aeb608e6-131f-44e0-aa35-97c12a2f72a3: receive RaftClientReply:client-FC58CAF12498->aeb608e6-131f-44e0-aa35-97c12a2f72a3@group-3F41E8AD953A, cid=3346, SUCCESS, logIndex=5018, commits[aeb608e6-131f-44e0-aa35-97c12a2f72a3:c5018, b6a0d396-0e26-402b-ac58-4f0615a4fad6:c5014, 8b17640a-2548-4323-bd97-ba3488877b23:c5014]
2019-08-20 11:35:59,218 INFO  client.GrpcClientProtocolClient (GrpcClientProtocolClient.java:onNext(255)) - client-FC58CAF12498->aeb608e6-131f-44e0-aa35-97c12a2f72a3: receive RaftClientReply:client-FC58CAF12498->aeb608e6-131f-44e0-aa35-97c12a2f72a3@group-3F41E8AD953A, cid=3347, SUCCESS, logIndex=0, commits[aeb608e6-131f-44e0-aa35-97c12a2f72a3:c5019, b6a0d396-0e26-402b-ac58-4f0615a4fad6:c5018, 8b17640a-2548-4323-bd97-ba3488877b23:c5018]
2019-08-20 11:35:59,252 INFO  client.GrpcClientProtocolClient (GrpcClientProtocolClient.java:onNext(255)) - client-FC58CAF12498->aeb608e6-131f-44e0-aa35-97c12a2f72a3: receive RaftClientReply:client-FC58CAF12498->aeb608e6-131f-44e0-aa35-97c12a2f72a3@group-3F41E8AD953A, cid=3348, SUCCESS, logIndex=5020, commits[aeb608e6-131f-44e0-aa35-97c12a2f72a3:c5022, b6a0d396-0e26-402b-ac58-4f0615a4fad6:c5019, 8b17640a-2548-4323-bd97-ba3488877b23:c5019]
2019-08-20 11:35:59,253 INFO  client.GrpcClientProtocolClient (GrpcClientProtocolClient.java:onNext(255)) - client-FC58CAF12498->aeb608e6-131f-44e0-aa35-97c12a2f72a3: receive RaftClientReply:client-FC58CAF12498->aeb608e6-131f-44e0-aa35-97c12a2f72a3@group-3F41E8AD953A, cid=3349, SUCCESS, logIndex=5021, commits[aeb608e6-131f-44e0-aa35-97c12a2f72a3:c5023, b6a0d396-0e26-402b-ac58-4f0615a4fad6:c5019, 8b17640a-2548-4323-bd97-ba3488877b23:c5019]
2019-08-20 11:35:59,253 INFO  client.GrpcClientProtocolClient (GrpcClientProtocolClient.java:onNext(255)) - client-FC58CAF12498->aeb608e6-131f-44e0-aa35-97c12a2f72a3: receive RaftClientReply:client-FC58CAF12498->aeb608e6-131f-44e0-aa35-97c12a2f72a3@group-3F41E8AD953A, cid=3350, SUCCESS, logIndex=5022, commits[aeb608e6-131f-44e0-aa35-97c12a2f72a3:c5023, b6a0d396-0e26-402b-ac58-4f0615a4fad6:c5019, 8b17640a-2548-4323-bd97-ba3488877b23:c5019]
2019-08-20 11:35:59,253 INFO  client.GrpcClientProtocolClient (GrpcClientProtocolClient.java:onNext(255)) - client-FC58CAF12498->aeb608e6-131f-44e0-aa35-97c12a2f72a3: receive RaftClientReply:client-FC58CAF12498->aeb608e6-131f-44e0-aa35-97c12a2f72a3@group-3F41E8AD953A, cid=3351, SUCCESS, logIndex=5023, commits[aeb608e6-131f-44e0-aa35-97c12a2f72a3:c5023, b6a0d396-0e26-402b-ac58-4f0615a4fad6:c5019, 8b17640a-2548-4323-bd97-ba3488877b23:c5019]
2019-08-20 11:35:59,267 INFO  client.GrpcClientProtocolClient (GrpcClientProtocolClient.java:onNext(255)) - client-FC58CAF12498->aeb608e6-131f-44e0-aa35-97c12a2f72a3: receive RaftClientReply:client-FC58CAF12498->aeb608e6-131f-44e0-aa35-97c12a2f72a3@group-3F41E8AD953A, cid=3352, SUCCESS, logIndex=0, commits[aeb608e6-131f-44e0-aa35-97c12a2f72a3:c5027, b6a0d396-0e26-402b-ac58-4f0615a4fad6:c5021, 8b17640a-2548-4323-bd97-ba3488877b23:c5023]
2019-08-20 11:35:59,288 INFO  client.GrpcClientProtocolClient (GrpcClientProtocolClient.java:onNext(255)) - client-FC58CAF12498->aeb608e6-131f-44e0-aa35-97c12a2f72a3: receive RaftClientReply:client-FC58CAF12498->aeb608e6-131f-44e0-aa35-97c12a2f72a3@group-3F41E8AD953A, cid=3353, SUCCESS, logIndex=5028, commits[aeb608e6-131f-44e0-aa35-97c12a2f72a3:c5029, b6a0d396-0e26-402b-ac58-4f0615a4fad6:c5027, 8b17640a-2548-4323-bd97-ba3488877b23:c5027]
2019-08-20 11:35:59,289 INFO  client.GrpcClientProtocolClient (GrpcClientProtocolClient.java:onNext(255)) - client-FC58CAF12498->aeb608e6-131f-44e0-aa35-97c12a2f72a3: receive RaftClientReply:client-FC58CAF12498->aeb608e6-131f-44e0-aa35-97c12a2f72a3@group-3F41E8AD953A, cid=3354, SUCCESS, logIndex=5029, commits[aeb608e6-131f-44e0-aa35-97c12a2f72a3:c5029, b6a0d396-0e26-402b-ac58-4f0615a4fad6:c5027, 8b17640a-2548-4323-bd97-ba3488877b23:c5027]
2019-08-20 11:35:59,313 INFO  client.GrpcClientProtocolClient (GrpcClientProtocolClient.java:onNext(255)) - client-FC58CAF12498->aeb608e6-131f-44e0-aa35-97c12a2f72a3: receive RaftClientReply:client-FC58CAF12498->aeb608e6-131f-44e0-aa35-97c12a2f72a3@group-3F41E8AD953A, cid=3355, SUCCESS, logIndex=5032, commits[aeb608e6-131f-44e0-aa35-97c12a2f72a3:c5032, b6a0d396-0e26-402b-ac58-4f0615a4fad6:c5029, 8b17640a-2548-4323-bd97-ba3488877b23:c5029]
2019-08-20 11:35:59,314 INFO  client.GrpcClientProtocolClient (GrpcClientProtocolClient.java:onNext(255)) - client-FC58CAF12498->aeb608e6-131f-44e0-aa35-97c12a2f72a3: receive RaftClientReply:client-FC58CAF12498->aeb608e6-131f-44e0-aa35-97c12a2f72a3@group-3F41E8AD953A, cid=3356, SUCCESS, logIndex=5033, commits[aeb608e6-131f-44e0-aa35-97c12a2f72a3:c5033, b6a0d396-0e26-402b-ac58-4f0615a4fad6:c5029, 8b17640a-2548-4323-bd97-ba3488877b23:c5029]
2019-08-20 11:35:59,339 INFO  client.GrpcClientProtocolClient (GrpcClientProtocolClient.java:onNext(255)) - client-FC58CAF12498->aeb608e6-131f-44e0-aa35-97c12a2f72a3: receive RaftClientReply:client-FC58CAF12498->aeb608e6-131f-44e0-aa35-97c12a2f72a3@group-3F41E8AD953A, cid=3357, SUCCESS, logIndex=0, commits[aeb608e6-131f-44e0-aa35-97c12a2f72a3:c5035, b6a0d396-0e26-402b-ac58-4f0615a4fad6:c5033, 8b17640a-2548-4323-bd97-ba3488877b23:c5033]
2019-08-20 11:35:59,373 INFO  client.GrpcClientProtocolClient (GrpcClientProtocolClient.java:onNext(255)) - client-FC58CAF12498->aeb608e6-131f-44e0-aa35-97c12a2f72a3: receive RaftClientReply:client-FC58CAF12498->aeb608e6-131f-44e0-aa35-97c12a2f72a3@group-3F41E8AD953A, cid=3358, SUCCESS, logIndex=5036, commits[aeb608e6-131f-44e0-aa35-97c12a2f72a3:c5037, b6a0d396-0e26-402b-ac58-4f0615a4fad6:c5035, 8b17640a-2548-4323-bd97-ba3488877b23:c5035]
2019-08-20 11:35:59,373 INFO  client.GrpcClientProtocolClient (GrpcClientProtocolClient.java:onNext(255)) - client-FC58CAF12498->aeb608e6-131f-44e0-aa35-97c12a2f72a3: receive RaftClientReply:client-FC58CAF12498->aeb608e6-131f-44e0-aa35-97c12a2f72a3@group-3F41E8AD953A, cid=3359, SUCCESS, logIndex=5037, commits[aeb608e6-131f-44e0-aa35-97c12a2f72a3:c5039, b6a0d396-0e26-402b-ac58-4f0615a4fad6:c5035, 8b17640a-2548-4323-bd97-ba3488877b23:c5035]
2019-08-20 11:35:59,374 INFO  client.GrpcClientProtocolClient (GrpcClientProtocolClient.java:onNext(255)) - client-FC58CAF12498->aeb608e6-131f-44e0-aa35-97c12a2f72a3: receive RaftClientReply:client-FC58CAF12498->aeb608e6-131f-44e0-aa35-97c12a2f72a3@group-3F41E8AD953A, cid=3360, SUCCESS, logIndex=5038, commits[aeb608e6-131f-44e0-aa35-97c12a2f72a3:c5039, b6a0d396-0e26-402b-ac58-4f0615a4fad6:c5035, 8b17640a-2548-4323-bd97-ba3488877b23:c5035]
2019-08-20 11:35:59,374 INFO  client.GrpcClientProtocolClient (GrpcClientProtocolClient.java:onNext(255)) - client-FC58CAF12498->aeb608e6-131f-44e0-aa35-97c12a2f72a3: receive RaftClientReply:client-FC58CAF12498->aeb608e6-131f-44e0-aa35-97c12a2f72a3@group-3F41E8AD953A, cid=3361, SUCCESS, logIndex=5039, commits[aeb608e6-131f-44e0-aa35-97c12a2f72a3:c5039, b6a0d396-0e26-402b-ac58-4f0615a4fad6:c5035, 8b17640a-2548-4323-bd97-ba3488877b23:c5035]
2019-08-20 11:35:59,386 INFO  client.GrpcClientProtocolClient (GrpcClientProtocolClient.java:onNext(255)) - client-FC58CAF12498->aeb608e6-131f-44e0-aa35-97c12a2f72a3: receive RaftClientReply:client-FC58CAF12498->aeb608e6-131f-44e0-aa35-97c12a2f72a3@group-3F41E8AD953A, cid=3362, SUCCESS, logIndex=0, commits[aeb608e6-131f-44e0-aa35-97c12a2f72a3:c5040, b6a0d396-0e26-402b-ac58-4f0615a4fad6:c5037, 8b17640a-2548-4323-bd97-ba3488877b23:c5037]
2019-08-20 11:35:59,418 INFO  client.GrpcClientProtocolClient (GrpcClientProtocolClient.java:onNext(255)) - client-FC58CAF12498->aeb608e6-131f-44e0-aa35-97c12a2f72a3: receive RaftClientReply:client-FC58CAF12498->aeb608e6-131f-44e0-aa35-97c12a2f72a3@group-3F41E8AD953A, cid=3363, SUCCESS, logIndex=5044, commits[aeb608e6-131f-44e0-aa35-97c12a2f72a3:c5045, b6a0d396-0e26-402b-ac58-4f0615a4fad6:c5040, 8b17640a-2548-4323-bd97-ba3488877b23:c5040]
2019-08-20 11:35:59,418 INFO  client.GrpcClientProtocolClient (GrpcClientProtocolClient.java:onNext(255)) - client-FC58CAF12498->aeb608e6-131f-44e0-aa35-97c12a2f72a3: receive RaftClientReply:client-FC58CAF12498->aeb608e6-131f-44e0-aa35-97c12a2f72a3@group-3F41E8AD953A, cid=3364, SUCCESS, logIndex=5045, commits[aeb608e6-131f-44e0-aa35-97c12a2f72a3:c5045, b6a0d396-0e26-402b-ac58-4f0615a4fad6:c5040, 8b17640a-2548-4323-bd97-ba3488877b23:c5040]
2019-08-20 11:35:59,429 INFO  client.GrpcClientProtocolClient (GrpcClientProtocolClient.java:onNext(255)) - client-FC58CAF12498->aeb608e6-131f-44e0-aa35-97c12a2f72a3: receive RaftClientReply:client-FC58CAF12498->aeb608e6-131f-44e0-aa35-97c12a2f72a3@group-3F41E8AD953A, cid=3365, SUCCESS, logIndex=5048, commits[aeb608e6-131f-44e0-aa35-97c12a2f72a3:c5048, b6a0d396-0e26-402b-ac58-4f0615a4fad6:c5045, 8b17640a-2548-4323-bd97-ba3488877b23:c5045]
2019-08-20 11:35:59,430 INFO  client.GrpcClientProtocolClient (GrpcClientProtocolClient.java:onNext(255)) - client-FC58CAF12498->aeb608e6-131f-44e0-aa35-97c12a2f72a3: receive RaftClientReply:client-FC58CAF12498->aeb608e6-131f-44e0-aa35-97c12a2f72a3@group-3F41E8AD953A, cid=3366, SUCCESS, logIndex=5049, commits[aeb608e6-131f-44e0-aa35-97c12a2f72a3:c5049, b6a0d396-0e26-402b-ac58-4f0615a4fad6:c5045, 8b17640a-2548-4323-bd97-ba3488877b23:c5045]
2019-08-20 11:35:59,444 INFO  client.GrpcClientProtocolClient (GrpcClientProtocolClient.java:onNext(255)) - client-FC58CAF12498->aeb608e6-131f-44e0-aa35-97c12a2f72a3: receive RaftClientReply:client-FC58CAF12498->aeb608e6-131f-44e0-aa35-97c12a2f72a3@group-3F41E8AD953A, cid=3367, SUCCESS, logIndex=0, commits[aeb608e6-131f-44e0-aa35-97c12a2f72a3:c5051, b6a0d396-0e26-402b-ac58-4f0615a4fad6:c5049, 8b17640a-2548-4323-bd97-ba3488877b23:c5049]
2019-08-20 11:35:59,473 INFO  client.GrpcClientProtocolClient (GrpcClientProtocolClient.java:onNext(255)) - client-FC58CAF12498->aeb608e6-131f-44e0-aa35-97c12a2f72a3: receive RaftClientReply:client-FC58CAF12498->aeb608e6-131f-44e0-aa35-97c12a2f72a3@group-3F41E8AD953A, cid=3368, SUCCESS, logIndex=5052, commits[aeb608e6-131f-44e0-aa35-97c12a2f72a3:c5054, b6a0d396-0e26-402b-ac58-4f0615a4fad6:c5051, 8b17640a-2548-4323-bd97-ba3488877b23:c5051]
2019-08-20 11:35:59,473 INFO  client.GrpcClientProtocolClient (GrpcClientProtocolClient.java:onNext(255)) - client-FC58CAF12498->aeb608e6-131f-44e0-aa35-97c12a2f72a3: receive RaftClientReply:client-FC58CAF12498->aeb608e6-131f-44e0-aa35-97c12a2f72a3@group-3F41E8AD953A, cid=3369, SUCCESS, logIndex=5053, commits[aeb608e6-131f-44e0-aa35-97c12a2f72a3:c5055, b6a0d396-0e26-402b-ac58-4f0615a4fad6:c5051, 8b17640a-2548-4323-bd97-ba3488877b23:c5051]
2019-08-20 11:35:59,474 INFO  client.GrpcClientProtocolClient (GrpcClientProtocolClient.java:onNext(255)) - client-FC58CAF12498->aeb608e6-131f-44e0-aa35-97c12a2f72a3: receive RaftClientReply:client-FC58CAF12498->aeb608e6-131f-44e0-aa35-97c12a2f72a3@group-3F41E8AD953A, cid=3370, SUCCESS, logIndex=5054, commits[aeb608e6-131f-44e0-aa35-97c12a2f72a3:c5055, b6a0d396-0e26-402b-ac58-4f0615a4fad6:c5051, 8b17640a-2548-4323-bd97-ba3488877b23:c5051]
2019-08-20 11:35:59,474 INFO  client.GrpcClientProtocolClient (GrpcClientProtocolClient.java:onNext(255)) - client-FC58CAF12498->aeb608e6-131f-44e0-aa35-97c12a2f72a3: receive RaftClientReply:client-FC58CAF12498->aeb608e6-131f-44e0-aa35-97c12a2f72a3@group-3F41E8AD953A, cid=3371, SUCCESS, logIndex=5055, commits[aeb608e6-131f-44e0-aa35-97c12a2f72a3:c5055, b6a0d396-0e26-402b-ac58-4f0615a4fad6:c5051, 8b17640a-2548-4323-bd97-ba3488877b23:c5051]
2019-08-20 11:35:59,485 INFO  client.GrpcClientProtocolClient (GrpcClientProtocolClient.java:onNext(255)) - client-FC58CAF12498->aeb608e6-131f-44e0-aa35-97c12a2f72a3: receive RaftClientReply:client-FC58CAF12498->aeb608e6-131f-44e0-aa35-97c12a2f72a3@group-3F41E8AD953A, cid=3372, SUCCESS, logIndex=0, commits[aeb608e6-131f-44e0-aa35-97c12a2f72a3:c5056, b6a0d396-0e26-402b-ac58-4f0615a4fad6:c5053, 8b17640a-2548-4323-bd97-ba3488877b23:c5054]
2019-08-20 11:35:59,505 INFO  client.GrpcClientProtocolClient (GrpcClientProtocolClient.java:onNext(255)) - client-FC58CAF12498->aeb608e6-131f-44e0-aa35-97c12a2f72a3: receive RaftClientReply:client-FC58CAF12498->aeb608e6-131f-44e0-aa35-97c12a2f72a3@group-3F41E8AD953A, cid=3373, SUCCESS, logIndex=5060, commits[aeb608e6-131f-44e0-aa35-97c12a2f72a3:c5060, b6a0d396-0e26-402b-ac58-4f0615a4fad6:c5059, 8b17640a-2548-4323-bd97-ba3488877b23:c5059]
2019-08-20 11:35:59,506 INFO  client.GrpcClientProtocolClient (GrpcClientProtocolClient.java:onNext(255)) - client-FC58CAF12498->aeb608e6-131f-44e0-aa35-97c12a2f72a3: receive RaftClientReply:client-FC58CAF12498->aeb608e6-131f-44e0-aa35-97c12a2f72a3@group-3F41E8AD953A, cid=3374, SUCCESS, logIndex=5061, commits[aeb608e6-131f-44e0-aa35-97c12a2f72a3:c5061, b6a0d396-0e26-402b-ac58-4f0615a4fad6:c5059, 8b17640a-2548-4323-bd97-ba3488877b23:c5059]
2019-08-20 11:35:59,518 INFO  client.GrpcClientProtocolClient (GrpcClientProtocolClient.java:onNext(255)) - client-FC58CAF12498->aeb608e6-131f-44e0-aa35-97c12a2f72a3: receive RaftClientReply:client-FC58CAF12498->aeb608e6-131f-44e0-aa35-97c12a2f72a3@group-3F41E8AD953A, cid=3375, SUCCESS, logIndex=5064, commits[aeb608e6-131f-44e0-aa35-97c12a2f72a3:c5065, b6a0d396-0e26-402b-ac58-4f0615a4fad6:c5063, 8b17640a-2548-4323-bd97-ba3488877b23:c5061]
2019-08-20 11:35:59,519 INFO  client.GrpcClientProtocolClient (GrpcClientProtocolClient.java:onNext(255)) - client-FC58CAF12498->aeb608e6-131f-44e0-aa35-97c12a2f72a3: receive RaftClientReply:client-FC58CAF12498->aeb608e6-131f-44e0-aa35-97c12a2f72a3@group-3F41E8AD953A, cid=3376, SUCCESS, logIndex=5065, commits[aeb608e6-131f-44e0-aa35-97c12a2f72a3:c5065, b6a0d396-0e26-402b-ac58-4f0615a4fad6:c5063, 8b17640a-2548-4323-bd97-ba3488877b23:c5063]
2019-08-20 11:35:59,528 INFO  client.GrpcClientProtocolClient (GrpcClientProtocolClient.java:onNext(255)) - client-FC58CAF12498->aeb608e6-131f-44e0-aa35-97c12a2f72a3: receive RaftClientReply:client-FC58CAF12498->aeb608e6-131f-44e0-aa35-97c12a2f72a3@group-3F41E8AD953A, cid=3377, SUCCESS, logIndex=0, commits[aeb608e6-131f-44e0-aa35-97c12a2f72a3:c5066, b6a0d396-0e26-402b-ac58-4f0615a4fad6:c5065, 8b17640a-2548-4323-bd97-ba3488877b23:c5065]
2019-08-20 11:35:59,556 INFO  client.GrpcClientProtocolClient (GrpcClientProtocolClient.java:onNext(255)) - client-FC58CAF12498->aeb608e6-131f-44e0-aa35-97c12a2f72a3: receive RaftClientReply:client-FC58CAF12498->aeb608e6-131f-44e0-aa35-97c12a2f72a3@group-3F41E8AD953A, cid=3378, SUCCESS, logIndex=5067, commits[aeb608e6-131f-44e0-aa35-97c12a2f72a3:c5068, b6a0d396-0e26-402b-ac58-4f0615a4fad6:c5066, 8b17640a-2548-4323-bd97-ba3488877b23:c5066]
2019-08-20 11:35:59,556 INFO  client.GrpcClientProtocolClient (GrpcClientProtocolClient.java:onNext(255)) - client-FC58CAF12498->aeb608e6-131f-44e0-aa35-97c12a2f72a3: receive RaftClientReply:client-FC58CAF12498->aeb608e6-131f-44e0-aa35-97c12a2f72a3@group-3F41E8AD953A, cid=3379, SUCCESS, logIndex=5068, commits[aeb608e6-131f-44e0-aa35-97c12a2f72a3:c5068, b6a0d396-0e26-402b-ac58-4f0615a4fad6:c5066, 8b17640a-2548-4323-bd97-ba3488877b23:c5066]
2019-08-20 11:35:59,557 INFO  client.GrpcClientProtocolClient (GrpcClientProtocolClient.java:onNext(255)) - client-FC58CAF12498->aeb608e6-131f-44e0-aa35-97c12a2f72a3: receive RaftClientReply:client-FC58CAF12498->aeb608e6-131f-44e0-aa35-97c12a2f72a3@group-3F41E8AD953A, cid=3380, SUCCESS, logIndex=5069, commits[aeb608e6-131f-44e0-aa35-97c12a2f72a3:c5070, b6a0d396-0e26-402b-ac58-4f0615a4fad6:c5066, 8b17640a-2548-4323-bd97-ba3488877b23:c5066]
2019-08-20 11:35:59,557 INFO  client.GrpcClientProtocolClient (GrpcClientProtocolClient.java:onNext(255)) - client-FC58CAF12498->aeb608e6-131f-44e0-aa35-97c12a2f72a3: receive RaftClientReply:client-FC58CAF12498->aeb608e6-131f-44e0-aa35-97c12a2f72a3@group-3F41E8AD953A, cid=3381, SUCCESS, logIndex=5070, commits[aeb608e6-131f-44e0-aa35-97c12a2f72a3:c5070, b6a0d396-0e26-402b-ac58-4f0615a4fad6:c5066, 8b17640a-2548-4323-bd97-ba3488877b23:c5066]
2019-08-20 11:35:59,578 INFO  client.GrpcClientProtocolClient (GrpcClientProtocolClient.java:onNext(255)) - client-FC58CAF12498->aeb608e6-131f-44e0-aa35-97c12a2f72a3: receive RaftClientReply:client-FC58CAF12498->aeb608e6-131f-44e0-aa35-97c12a2f72a3@group-3F41E8AD953A, cid=3382, SUCCESS, logIndex=0, commits[aeb608e6-131f-44e0-aa35-97c12a2f72a3:c5072, b6a0d396-0e26-402b-ac58-4f0615a4fad6:c5068, 8b17640a-2548-4323-bd97-ba3488877b23:c5068]
2019-08-20 11:35:59,591 INFO  client.GrpcClientProtocolClient (GrpcClientProtocolClient.java:onNext(255)) - client-FC58CAF12498->aeb608e6-131f-44e0-aa35-97c12a2f72a3: receive RaftClientReply:client-FC58CAF12498->aeb608e6-131f-44e0-aa35-97c12a2f72a3@group-3F41E8AD953A, cid=3383, SUCCESS, logIndex=5075, commits[aeb608e6-131f-44e0-aa35-97c12a2f72a3:c5076, b6a0d396-0e26-402b-ac58-4f0615a4fad6:c5074, 8b17640a-2548-4323-bd97-ba3488877b23:c5070]
2019-08-20 11:35:59,591 INFO  client.GrpcClientProtocolClient (GrpcClientProtocolClient.java:onNext(255)) - client-FC58CAF12498->aeb608e6-131f-44e0-aa35-97c12a2f72a3: receive RaftClientReply:client-FC58CAF12498->aeb608e6-131f-44e0-aa35-97c12a2f72a3@group-3F41E8AD953A, cid=3384, SUCCESS, logIndex=5076, commits[aeb608e6-131f-44e0-aa35-97c12a2f72a3:c5076, b6a0d396-0e26-402b-ac58-4f0615a4fad6:c5074, 8b17640a-2548-4323-bd97-ba3488877b23:c5070]
2019-08-20 11:35:59,623 INFO  client.GrpcClientProtocolClient (GrpcClientProtocolClient.java:onNext(255)) - client-FC58CAF12498->aeb608e6-131f-44e0-aa35-97c12a2f72a3: receive RaftClientReply:client-FC58CAF12498->aeb608e6-131f-44e0-aa35-97c12a2f72a3@group-3F41E8AD953A, cid=3385, SUCCESS, logIndex=5079, commits[aeb608e6-131f-44e0-aa35-97c12a2f72a3:c5080, b6a0d396-0e26-402b-ac58-4f0615a4fad6:c5075, 8b17640a-2548-4323-bd97-ba3488877b23:c5076]
2019-08-20 11:35:59,623 INFO  client.GrpcClientProtocolClient (GrpcClientProtocolClient.java:onNext(255)) - client-FC58CAF12498->aeb608e6-131f-44e0-aa35-97c12a2f72a3: receive RaftClientReply:client-FC58CAF12498->aeb608e6-131f-44e0-aa35-97c12a2f72a3@group-3F41E8AD953A, cid=3386, SUCCESS, logIndex=5080, commits[aeb608e6-131f-44e0-aa35-97c12a2f72a3:c5080, b6a0d396-0e26-402b-ac58-4f0615a4fad6:c5076, 8b17640a-2548-4323-bd97-ba3488877b23:c5076]
2019-08-20 11:35:59,639 INFO  client.GrpcClientProtocolClient (GrpcClientProtocolClient.java:onNext(255)) - client-FC58CAF12498->aeb608e6-131f-44e0-aa35-97c12a2f72a3: receive RaftClientReply:client-FC58CAF12498->aeb608e6-131f-44e0-aa35-97c12a2f72a3@group-3F41E8AD953A, cid=3387, SUCCESS, logIndex=0, commits[aeb608e6-131f-44e0-aa35-97c12a2f72a3:c5082, b6a0d396-0e26-402b-ac58-4f0615a4fad6:c5080, 8b17640a-2548-4323-bd97-ba3488877b23:c5080]
2019-08-20 11:35:59,667 INFO  client.GrpcClientProtocolClient (GrpcClientProtocolClient.java:onNext(255)) - client-FC58CAF12498->aeb608e6-131f-44e0-aa35-97c12a2f72a3: receive RaftClientReply:client-FC58CAF12498->aeb608e6-131f-44e0-aa35-97c12a2f72a3@group-3F41E8AD953A, cid=3388, SUCCESS, logIndex=5083, commits[aeb608e6-131f-44e0-aa35-97c12a2f72a3:c5084, b6a0d396-0e26-402b-ac58-4f0615a4fad6:c5082, 8b17640a-2548-4323-bd97-ba3488877b23:c5082]
2019-08-20 11:35:59,667 INFO  client.GrpcClientProtocolClient (GrpcClientProtocolClient.java:onNext(255)) - client-FC58CAF12498->aeb608e6-131f-44e0-aa35-97c12a2f72a3: receive RaftClientReply:client-FC58CAF12498->aeb608e6-131f-44e0-aa35-97c12a2f72a3@group-3F41E8AD953A, cid=3389, SUCCESS, logIndex=5084, commits[aeb608e6-131f-44e0-aa35-97c12a2f72a3:c5084, b6a0d396-0e26-402b-ac58-4f0615a4fad6:c5082, 8b17640a-2548-4323-bd97-ba3488877b23:c5082]
2019-08-20 11:35:59,680 INFO  client.GrpcClientProtocolClient (GrpcClientProtocolClient.java:onNext(255)) - client-FC58CAF12498->aeb608e6-131f-44e0-aa35-97c12a2f72a3: receive RaftClientReply:client-FC58CAF12498->aeb608e6-131f-44e0-aa35-97c12a2f72a3@group-3F41E8AD953A, cid=3390, SUCCESS, logIndex=5085, commits[aeb608e6-131f-44e0-aa35-97c12a2f72a3:c5085, b6a0d396-0e26-402b-ac58-4f0615a4fad6:c5082, 8b17640a-2548-4323-bd97-ba3488877b23:c5082]
2019-08-20 11:35:59,680 INFO  client.GrpcClientProtocolClient (GrpcClientProtocolClient.java:onNext(255)) - client-FC58CAF12498->aeb608e6-131f-44e0-aa35-97c12a2f72a3: receive RaftClientReply:client-FC58CAF12498->aeb608e6-131f-44e0-aa35-97c12a2f72a3@group-3F41E8AD953A, cid=3391, SUCCESS, logIndex=5086, commits[aeb608e6-131f-44e0-aa35-97c12a2f72a3:c5086, b6a0d396-0e26-402b-ac58-4f0615a4fad6:c5082, 8b17640a-2548-4323-bd97-ba3488877b23:c5082]
2019-08-20 11:35:59,693 INFO  client.GrpcClientProtocolClient (GrpcClientProtocolClient.java:onNext(255)) - client-FC58CAF12498->aeb608e6-131f-44e0-aa35-97c12a2f72a3: receive RaftClientReply:client-FC58CAF12498->aeb608e6-131f-44e0-aa35-97c12a2f72a3@group-3F41E8AD953A, cid=3392, SUCCESS, logIndex=0, commits[aeb608e6-131f-44e0-aa35-97c12a2f72a3:c5088, b6a0d396-0e26-402b-ac58-4f0615a4fad6:c5084, 8b17640a-2548-4323-bd97-ba3488877b23:c5084]
2019-08-20 11:35:59,725 INFO  client.GrpcClientProtocolClient (GrpcClientProtocolClient.java:onNext(255)) - client-FC58CAF12498->aeb608e6-131f-44e0-aa35-97c12a2f72a3: receive RaftClientReply:client-FC58CAF12498->aeb608e6-131f-44e0-aa35-97c12a2f72a3@group-3F41E8AD953A, cid=3393, SUCCESS, logIndex=5091, commits[aeb608e6-131f-44e0-aa35-97c12a2f72a3:c5092, b6a0d396-0e26-402b-ac58-4f0615a4fad6:c5088, 8b17640a-2548-4323-bd97-ba3488877b23:c5088]
2019-08-20 11:35:59,725 INFO  client.GrpcClientProtocolClient (GrpcClientProtocolClient.java:onNext(255)) - client-FC58CAF12498->aeb608e6-131f-44e0-aa35-97c12a2f72a3: receive RaftClientReply:client-FC58CAF12498->aeb608e6-131f-44e0-aa35-97c12a2f72a3@group-3F41E8AD953A, cid=3394, SUCCESS, logIndex=5092, commits[aeb608e6-131f-44e0-aa35-97c12a2f72a3:c5092, b6a0d396-0e26-402b-ac58-4f0615a4fad6:c5088, 8b17640a-2548-4323-bd97-ba3488877b23:c5088]
2019-08-20 11:35:59,749 INFO  client.GrpcClientProtocolClient (GrpcClientProtocolClient.java:onNext(255)) - client-FC58CAF12498->aeb608e6-131f-44e0-aa35-97c12a2f72a3: receive RaftClientReply:client-FC58CAF12498->aeb608e6-131f-44e0-aa35-97c12a2f72a3@group-3F41E8AD953A, cid=3395, SUCCESS, logIndex=5095, commits[aeb608e6-131f-44e0-aa35-97c12a2f72a3:c5096, b6a0d396-0e26-402b-ac58-4f0615a4fad6:c5092, 8b17640a-2548-4323-bd97-ba3488877b23:c5092]
2019-08-20 11:35:59,750 INFO  client.GrpcClientProtocolClient (GrpcClientProtocolClient.java:onNext(255)) - client-FC58CAF12498->aeb608e6-131f-44e0-aa35-97c12a2f72a3: receive RaftClientReply:client-FC58CAF12498->aeb608e6-131f-44e0-aa35-97c12a2f72a3@group-3F41E8AD953A, cid=3396, SUCCESS, logIndex=5096, commits[aeb608e6-131f-44e0-aa35-97c12a2f72a3:c5096, b6a0d396-0e26-402b-ac58-4f0615a4fad6:c5092, 8b17640a-2548-4323-bd97-ba3488877b23:c5092]
 0.00% |█                                                                                                    |  0/1 Time: 0:00:332019-08-20 11:35:59,771 INFO  client.GrpcClientProtocolClient (GrpcClientProtocolClient.java:onNext(255)) - client-FC58CAF12498->aeb608e6-131f-44e0-aa35-97c12a2f72a3: receive RaftClientReply:client-FC58CAF12498->aeb608e6-131f-44e0-aa35-97c12a2f72a3@group-3F41E8AD953A, cid=3397, SUCCESS, logIndex=0, commits[aeb608e6-131f-44e0-aa35-97c12a2f72a3:c5098, b6a0d396-0e26-402b-ac58-4f0615a4fad6:c5096, 8b17640a-2548-4323-bd97-ba3488877b23:c5096]
2019-08-20 11:36:00,241 WARN  util.JavaUtils (JavaUtils.java:sleep(250)) - Unexpected long sleep: sleep(5176ms) actually took 5495ms which is over the threshold 300ms
2019-08-20 11:36:00,267 INFO  client.GrpcClientProtocolClient (GrpcClientProtocolClient.java:onNext(255)) - client-FC58CAF12498->aeb608e6-131f-44e0-aa35-97c12a2f72a3: receive RaftClientReply:client-FC58CAF12498->aeb608e6-131f-44e0-aa35-97c12a2f72a3@group-3F41E8AD953A, cid=3398, SUCCESS, logIndex=5099, commits[aeb608e6-131f-44e0-aa35-97c12a2f72a3:c5100, b6a0d396-0e26-402b-ac58-4f0615a4fad6:c5098, 8b17640a-2548-4323-bd97-ba3488877b23:c5098]
2019-08-20 11:36:00,267 INFO  client.GrpcClientProtocolClient (GrpcClientProtocolClient.java:onNext(255)) - client-FC58CAF12498->aeb608e6-131f-44e0-aa35-97c12a2f72a3: receive RaftClientReply:client-FC58CAF12498->aeb608e6-131f-44e0-aa35-97c12a2f72a3@group-3F41E8AD953A, cid=3399, SUCCESS, logIndex=5100, commits[aeb608e6-131f-44e0-aa35-97c12a2f72a3:c5100, b6a0d396-0e26-402b-ac58-4f0615a4fad6:c5098, 8b17640a-2548-4323-bd97-ba3488877b23:c5098]
2019-08-20 11:36:00,268 INFO  client.GrpcClientProtocolClient (GrpcClientProtocolClient.java:onNext(255)) - client-FC58CAF12498->aeb608e6-131f-44e0-aa35-97c12a2f72a3: receive RaftClientReply:client-FC58CAF12498->aeb608e6-131f-44e0-aa35-97c12a2f72a3@group-3F41E8AD953A, cid=3400, SUCCESS, logIndex=5101, commits[aeb608e6-131f-44e0-aa35-97c12a2f72a3:c5102, b6a0d396-0e26-402b-ac58-4f0615a4fad6:c5098, 8b17640a-2548-4323-bd97-ba3488877b23:c5098]
2019-08-20 11:36:00,268 INFO  client.GrpcClientProtocolClient (GrpcClientProtocolClient.java:onNext(255)) - client-FC58CAF12498->aeb608e6-131f-44e0-aa35-97c12a2f72a3: receive RaftClientReply:client-FC58CAF12498->aeb608e6-131f-44e0-aa35-97c12a2f72a3@group-3F41E8AD953A, cid=3401, SUCCESS, logIndex=5102, commits[aeb608e6-131f-44e0-aa35-97c12a2f72a3:c5102, b6a0d396-0e26-402b-ac58-4f0615a4fad6:c5098, 8b17640a-2548-4323-bd97-ba3488877b23:c5098]
2019-08-20 11:36:00,282 INFO  client.GrpcClientProtocolClient (GrpcClientProtocolClient.java:onNext(255)) - client-FC58CAF12498->aeb608e6-131f-44e0-aa35-97c12a2f72a3: receive RaftClientReply:client-FC58CAF12498->aeb608e6-131f-44e0-aa35-97c12a2f72a3@group-3F41E8AD953A, cid=3402, SUCCESS, logIndex=0, commits[aeb608e6-131f-44e0-aa35-97c12a2f72a3:c5104, b6a0d396-0e26-402b-ac58-4f0615a4fad6:c5100, 8b17640a-2548-4323-bd97-ba3488877b23:c5100]
2019-08-20 11:36:00,309 INFO  client.GrpcClientProtocolClient (GrpcClientProtocolClient.java:onNext(255)) - client-FC58CAF12498->aeb608e6-131f-44e0-aa35-97c12a2f72a3: receive RaftClientReply:client-FC58CAF12498->aeb608e6-131f-44e0-aa35-97c12a2f72a3@group-3F41E8AD953A, cid=3403, SUCCESS, logIndex=5107, commits[aeb608e6-131f-44e0-aa35-97c12a2f72a3:c5108, b6a0d396-0e26-402b-ac58-4f0615a4fad6:c5106, 8b17640a-2548-4323-bd97-ba3488877b23:c5106]
2019-08-20 11:36:00,310 INFO  client.GrpcClientProtocolClient (GrpcClientProtocolClient.java:onNext(255)) - client-FC58CAF12498->aeb608e6-131f-44e0-aa35-97c12a2f72a3: receive RaftClientReply:client-FC58CAF12498->aeb608e6-131f-44e0-aa35-97c12a2f72a3@group-3F41E8AD953A, cid=3404, SUCCESS, logIndex=5108, commits[aeb608e6-131f-44e0-aa35-97c12a2f72a3:c5108, b6a0d396-0e26-402b-ac58-4f0615a4fad6:c5106, 8b17640a-2548-4323-bd97-ba3488877b23:c5106]
2019-08-20 11:36:00,329 INFO  client.GrpcClientProtocolClient (GrpcClientProtocolClient.java:onNext(255)) - client-FC58CAF12498->aeb608e6-131f-44e0-aa35-97c12a2f72a3: receive RaftClientReply:client-FC58CAF12498->aeb608e6-131f-44e0-aa35-97c12a2f72a3@group-3F41E8AD953A, cid=3405, SUCCESS, logIndex=5111, commits[aeb608e6-131f-44e0-aa35-97c12a2f72a3:c5112, b6a0d396-0e26-402b-ac58-4f0615a4fad6:c5109, 8b17640a-2548-4323-bd97-ba3488877b23:c5109]
2019-08-20 11:36:00,329 INFO  client.GrpcClientProtocolClient (GrpcClientProtocolClient.java:onNext(255)) - client-FC58CAF12498->aeb608e6-131f-44e0-aa35-97c12a2f72a3: receive RaftClientReply:client-FC58CAF12498->aeb608e6-131f-44e0-aa35-97c12a2f72a3@group-3F41E8AD953A, cid=3406, SUCCESS, logIndex=5112, commits[aeb608e6-131f-44e0-aa35-97c12a2f72a3:c5112, b6a0d396-0e26-402b-ac58-4f0615a4fad6:c5109, 8b17640a-2548-4323-bd97-ba3488877b23:c5109]
2019-08-20 11:36:00,335 INFO  client.GrpcClientProtocolClient (GrpcClientProtocolClient.java:onNext(255)) - client-FC58CAF12498->aeb608e6-131f-44e0-aa35-97c12a2f72a3: receive RaftClientReply:client-FC58CAF12498->aeb608e6-131f-44e0-aa35-97c12a2f72a3@group-3F41E8AD953A, cid=3407, SUCCESS, logIndex=0, commits[aeb608e6-131f-44e0-aa35-97c12a2f72a3:c5113, b6a0d396-0e26-402b-ac58-4f0615a4fad6:c5112, 8b17640a-2548-4323-bd97-ba3488877b23:c5112]
2019-08-20 11:36:00,366 INFO  client.GrpcClientProtocolClient (GrpcClientProtocolClient.java:onNext(255)) - client-FC58CAF12498->aeb608e6-131f-44e0-aa35-97c12a2f72a3: receive RaftClientReply:client-FC58CAF12498->aeb608e6-131f-44e0-aa35-97c12a2f72a3@group-3F41E8AD953A, cid=3408, SUCCESS, logIndex=5115, commits[aeb608e6-131f-44e0-aa35-97c12a2f72a3:c5117, b6a0d396-0e26-402b-ac58-4f0615a4fad6:c5114, 8b17640a-2548-4323-bd97-ba3488877b23:c5114]
2019-08-20 11:36:00,367 INFO  client.GrpcClientProtocolClient (GrpcClientProtocolClient.java:onNext(255)) - client-FC58CAF12498->aeb608e6-131f-44e0-aa35-97c12a2f72a3: receive RaftClientReply:client-FC58CAF12498->aeb608e6-131f-44e0-aa35-97c12a2f72a3@group-3F41E8AD953A, cid=3409, SUCCESS, logIndex=5116, commits[aeb608e6-131f-44e0-aa35-97c12a2f72a3:c5118, b6a0d396-0e26-402b-ac58-4f0615a4fad6:c5114, 8b17640a-2548-4323-bd97-ba3488877b23:c5114]
2019-08-20 11:36:00,367 INFO  client.GrpcClientProtocolClient (GrpcClientProtocolClient.java:onNext(255)) - client-FC58CAF12498->aeb608e6-131f-44e0-aa35-97c12a2f72a3: receive RaftClientReply:client-FC58CAF12498->aeb608e6-131f-44e0-aa35-97c12a2f72a3@group-3F41E8AD953A, cid=3410, SUCCESS, logIndex=5117, commits[aeb608e6-131f-44e0-aa35-97c12a2f72a3:c5118, b6a0d396-0e26-402b-ac58-4f0615a4fad6:c5114, 8b17640a-2548-4323-bd97-ba3488877b23:c5114]
2019-08-20 11:36:00,367 INFO  client.GrpcClientProtocolClient (GrpcClientProtocolClient.java:onNext(255)) - client-FC58CAF12498->aeb608e6-131f-44e0-aa35-97c12a2f72a3: receive RaftClientReply:client-FC58CAF12498->aeb608e6-131f-44e0-aa35-97c12a2f72a3@group-3F41E8AD953A, cid=3411, SUCCESS, logIndex=5118, commits[aeb608e6-131f-44e0-aa35-97c12a2f72a3:c5118, b6a0d396-0e26-402b-ac58-4f0615a4fad6:c5114, 8b17640a-2548-4323-bd97-ba3488877b23:c5114]
2019-08-20 11:36:00,377 INFO  client.GrpcClientProtocolClient (GrpcClientProtocolClient.java:onNext(255)) - client-FC58CAF12498->aeb608e6-131f-44e0-aa35-97c12a2f72a3: receive RaftClientReply:client-FC58CAF12498->aeb608e6-131f-44e0-aa35-97c12a2f72a3@group-3F41E8AD953A, cid=3412, SUCCESS, logIndex=0, commits[aeb608e6-131f-44e0-aa35-97c12a2f72a3:c5120, b6a0d396-0e26-402b-ac58-4f0615a4fad6:c5116, 8b17640a-2548-4323-bd97-ba3488877b23:c5116]
2019-08-20 11:36:00,391 INFO  client.GrpcClientProtocolClient (GrpcClientProtocolClient.java:onNext(255)) - client-FC58CAF12498->aeb608e6-131f-44e0-aa35-97c12a2f72a3: receive RaftClientReply:client-FC58CAF12498->aeb608e6-131f-44e0-aa35-97c12a2f72a3@group-3F41E8AD953A, cid=3413, SUCCESS, logIndex=5123, commits[aeb608e6-131f-44e0-aa35-97c12a2f72a3:c5124, b6a0d396-0e26-402b-ac58-4f0615a4fad6:c5120, 8b17640a-2548-4323-bd97-ba3488877b23:c5120]
2019-08-20 11:36:00,391 INFO  client.GrpcClientProtocolClient (GrpcClientProtocolClient.java:onNext(255)) - client-FC58CAF12498->aeb608e6-131f-44e0-aa35-97c12a2f72a3: receive RaftClientReply:client-FC58CAF12498->aeb608e6-131f-44e0-aa35-97c12a2f72a3@group-3F41E8AD953A, cid=3414, SUCCESS, logIndex=5124, commits[aeb608e6-131f-44e0-aa35-97c12a2f72a3:c5124, b6a0d396-0e26-402b-ac58-4f0615a4fad6:c5120, 8b17640a-2548-4323-bd97-ba3488877b23:c5120]
2019-08-20 11:36:00,406 INFO  client.GrpcClientProtocolClient (GrpcClientProtocolClient.java:onNext(255)) - client-FC58CAF12498->aeb608e6-131f-44e0-aa35-97c12a2f72a3: receive RaftClientReply:client-FC58CAF12498->aeb608e6-131f-44e0-aa35-97c12a2f72a3@group-3F41E8AD953A, cid=3415, SUCCESS, logIndex=5127, commits[aeb608e6-131f-44e0-aa35-97c12a2f72a3:c5128, b6a0d396-0e26-402b-ac58-4f0615a4fad6:c5124, 8b17640a-2548-4323-bd97-ba3488877b23:c5124]
2019-08-20 11:36:00,407 INFO  client.GrpcClientProtocolClient (GrpcClientProtocolClient.java:onNext(255)) - client-FC58CAF12498->aeb608e6-131f-44e0-aa35-97c12a2f72a3: receive RaftClientReply:client-FC58CAF12498->aeb608e6-131f-44e0-aa35-97c12a2f72a3@group-3F41E8AD953A, cid=3416, SUCCESS, logIndex=5128, commits[aeb608e6-131f-44e0-aa35-97c12a2f72a3:c5128, b6a0d396-0e26-402b-ac58-4f0615a4fad6:c5124, 8b17640a-2548-4323-bd97-ba3488877b23:c5124]
2019-08-20 11:36:00,424 INFO  client.GrpcClientProtocolClient (GrpcClientProtocolClient.java:onNext(255)) - client-FC58CAF12498->aeb608e6-131f-44e0-aa35-97c12a2f72a3: receive RaftClientReply:client-FC58CAF12498->aeb608e6-131f-44e0-aa35-97c12a2f72a3@group-3F41E8AD953A, cid=3417, SUCCESS, logIndex=0, commits[aeb608e6-131f-44e0-aa35-97c12a2f72a3:c5129, b6a0d396-0e26-402b-ac58-4f0615a4fad6:c5128, 8b17640a-2548-4323-bd97-ba3488877b23:c5128]
2019-08-20 11:36:00,457 INFO  client.GrpcClientProtocolClient (GrpcClientProtocolClient.java:onNext(255)) - client-FC58CAF12498->aeb608e6-131f-44e0-aa35-97c12a2f72a3: receive RaftClientReply:client-FC58CAF12498->aeb608e6-131f-44e0-aa35-97c12a2f72a3@group-3F41E8AD953A, cid=3418, SUCCESS, logIndex=5131, commits[aeb608e6-131f-44e0-aa35-97c12a2f72a3:c5132, b6a0d396-0e26-402b-ac58-4f0615a4fad6:c5130, 8b17640a-2548-4323-bd97-ba3488877b23:c5130]
2019-08-20 11:36:00,458 INFO  client.GrpcClientProtocolClient (GrpcClientProtocolClient.java:onNext(255)) - client-FC58CAF12498->aeb608e6-131f-44e0-aa35-97c12a2f72a3: receive RaftClientReply:client-FC58CAF12498->aeb608e6-131f-44e0-aa35-97c12a2f72a3@group-3F41E8AD953A, cid=3419, SUCCESS, logIndex=5132, commits[aeb608e6-131f-44e0-aa35-97c12a2f72a3:c5134, b6a0d396-0e26-402b-ac58-4f0615a4fad6:c5130, 8b17640a-2548-4323-bd97-ba3488877b23:c5130]
2019-08-20 11:36:00,458 INFO  client.GrpcClientProtocolClient (GrpcClientProtocolClient.java:onNext(255)) - client-FC58CAF12498->aeb608e6-131f-44e0-aa35-97c12a2f72a3: receive RaftClientReply:client-FC58CAF12498->aeb608e6-131f-44e0-aa35-97c12a2f72a3@group-3F41E8AD953A, cid=3420, SUCCESS, logIndex=5133, commits[aeb608e6-131f-44e0-aa35-97c12a2f72a3:c5134, b6a0d396-0e26-402b-ac58-4f0615a4fad6:c5130, 8b17640a-2548-4323-bd97-ba3488877b23:c5130]
2019-08-20 11:36:00,459 INFO  client.GrpcClientProtocolClient (GrpcClientProtocolClient.java:onNext(255)) - client-FC58CAF12498->aeb608e6-131f-44e0-aa35-97c12a2f72a3: receive RaftClientReply:client-FC58CAF12498->aeb608e6-131f-44e0-aa35-97c12a2f72a3@group-3F41E8AD953A, cid=3421, SUCCESS, logIndex=5134, commits[aeb608e6-131f-44e0-aa35-97c12a2f72a3:c5134, b6a0d396-0e26-402b-ac58-4f0615a4fad6:c5130, 8b17640a-2548-4323-bd97-ba3488877b23:c5130]
2019-08-20 11:36:00,462 INFO  client.GrpcClientProtocolClient (GrpcClientProtocolClient.java:onNext(255)) - client-FC58CAF12498->aeb608e6-131f-44e0-aa35-97c12a2f72a3: receive RaftClientReply:client-FC58CAF12498->aeb608e6-131f-44e0-aa35-97c12a2f72a3@group-3F41E8AD953A, cid=3422, SUCCESS, logIndex=0, commits[aeb608e6-131f-44e0-aa35-97c12a2f72a3:c5136, b6a0d396-0e26-402b-ac58-4f0615a4fad6:c5132, 8b17640a-2548-4323-bd97-ba3488877b23:c5132]
2019-08-20 11:36:00,482 INFO  client.GrpcClientProtocolClient (GrpcClientProtocolClient.java:onNext(255)) - client-FC58CAF12498->aeb608e6-131f-44e0-aa35-97c12a2f72a3: receive RaftClientReply:client-FC58CAF12498->aeb608e6-131f-44e0-aa35-97c12a2f72a3@group-3F41E8AD953A, cid=3423, SUCCESS, logIndex=5138, commits[aeb608e6-131f-44e0-aa35-97c12a2f72a3:c5139, b6a0d396-0e26-402b-ac58-4f0615a4fad6:c5137, 8b17640a-2548-4323-bd97-ba3488877b23:c5137]
2019-08-20 11:36:00,483 INFO  client.GrpcClientProtocolClient (GrpcClientProtocolClient.java:onNext(255)) - client-FC58CAF12498->aeb608e6-131f-44e0-aa35-97c12a2f72a3: receive RaftClientReply:client-FC58CAF12498->aeb608e6-131f-44e0-aa35-97c12a2f72a3@group-3F41E8AD953A, cid=3424, SUCCESS, logIndex=5139, commits[aeb608e6-131f-44e0-aa35-97c12a2f72a3:c5139, b6a0d396-0e26-402b-ac58-4f0615a4fad6:c5137, 8b17640a-2548-4323-bd97-ba3488877b23:c5137]
2019-08-20 11:36:00,495 INFO  client.GrpcClientProtocolClient (GrpcClientProtocolClient.java:onNext(255)) - client-FC58CAF12498->aeb608e6-131f-44e0-aa35-97c12a2f72a3: receive RaftClientReply:client-FC58CAF12498->aeb608e6-131f-44e0-aa35-97c12a2f72a3@group-3F41E8AD953A, cid=3425, SUCCESS, logIndex=5142, commits[aeb608e6-131f-44e0-aa35-97c12a2f72a3:c5143, b6a0d396-0e26-402b-ac58-4f0615a4fad6:c5139, 8b17640a-2548-4323-bd97-ba3488877b23:c5140]
2019-08-20 11:36:00,496 INFO  client.GrpcClientProtocolClient (GrpcClientProtocolClient.java:onNext(255)) - client-FC58CAF12498->aeb608e6-131f-44e0-aa35-97c12a2f72a3: receive RaftClientReply:client-FC58CAF12498->aeb608e6-131f-44e0-aa35-97c12a2f72a3@group-3F41E8AD953A, cid=3426, SUCCESS, logIndex=5143, commits[aeb608e6-131f-44e0-aa35-97c12a2f72a3:c5143, b6a0d396-0e26-402b-ac58-4f0615a4fad6:c5139, 8b17640a-2548-4323-bd97-ba3488877b23:c5140]
2019-08-20 11:36:00,508 INFO  client.GrpcClientProtocolClient (GrpcClientProtocolClient.java:onNext(255)) - client-FC58CAF12498->aeb608e6-131f-44e0-aa35-97c12a2f72a3: receive RaftClientReply:client-FC58CAF12498->aeb608e6-131f-44e0-aa35-97c12a2f72a3@group-3F41E8AD953A, cid=3427, SUCCESS, logIndex=0, commits[aeb608e6-131f-44e0-aa35-97c12a2f72a3:c5144, b6a0d396-0e26-402b-ac58-4f0615a4fad6:c5143, 8b17640a-2548-4323-bd97-ba3488877b23:c5143]
2019-08-20 11:36:00,532 INFO  client.GrpcClientProtocolClient (GrpcClientProtocolClient.java:onNext(255)) - client-FC58CAF12498->aeb608e6-131f-44e0-aa35-97c12a2f72a3: receive RaftClientReply:client-FC58CAF12498->aeb608e6-131f-44e0-aa35-97c12a2f72a3@group-3F41E8AD953A, cid=3428, SUCCESS, logIndex=5146, commits[aeb608e6-131f-44e0-aa35-97c12a2f72a3:c5149, b6a0d396-0e26-402b-ac58-4f0615a4fad6:c5143, 8b17640a-2548-4323-bd97-ba3488877b23:c5145]
2019-08-20 11:36:00,532 INFO  client.GrpcClientProtocolClient (GrpcClientProtocolClient.java:onNext(255)) - client-FC58CAF12498->aeb608e6-131f-44e0-aa35-97c12a2f72a3: receive RaftClientReply:client-FC58CAF12498->aeb608e6-131f-44e0-aa35-97c12a2f72a3@group-3F41E8AD953A, cid=3429, SUCCESS, logIndex=5147, commits[aeb608e6-131f-44e0-aa35-97c12a2f72a3:c5149, b6a0d396-0e26-402b-ac58-4f0615a4fad6:c5145, 8b17640a-2548-4323-bd97-ba3488877b23:c5145]
2019-08-20 11:36:00,533 INFO  client.GrpcClientProtocolClient (GrpcClientProtocolClient.java:onNext(255)) - client-FC58CAF12498->aeb608e6-131f-44e0-aa35-97c12a2f72a3: receive RaftClientReply:client-FC58CAF12498->aeb608e6-131f-44e0-aa35-97c12a2f72a3@group-3F41E8AD953A, cid=3430, SUCCESS, logIndex=5148, commits[aeb608e6-131f-44e0-aa35-97c12a2f72a3:c5149, b6a0d396-0e26-402b-ac58-4f0615a4fad6:c5145, 8b17640a-2548-4323-bd97-ba3488877b23:c5145]
2019-08-20 11:36:00,533 INFO  client.GrpcClientProtocolClient (GrpcClientProtocolClient.java:onNext(255)) - client-FC58CAF12498->aeb608e6-131f-44e0-aa35-97c12a2f72a3: receive RaftClientReply:client-FC58CAF12498->aeb608e6-131f-44e0-aa35-97c12a2f72a3@group-3F41E8AD953A, cid=3431, SUCCESS, logIndex=5149, commits[aeb608e6-131f-44e0-aa35-97c12a2f72a3:c5149, b6a0d396-0e26-402b-ac58-4f0615a4fad6:c5145, 8b17640a-2548-4323-bd97-ba3488877b23:c5145]
2019-08-20 11:36:00,535 INFO  client.GrpcClientProtocolClient (GrpcClientProtocolClient.java:onNext(255)) - client-FC58CAF12498->aeb608e6-131f-44e0-aa35-97c12a2f72a3: receive RaftClientReply:client-FC58CAF12498->aeb608e6-131f-44e0-aa35-97c12a2f72a3@group-3F41E8AD953A, cid=3432, SUCCESS, logIndex=0, commits[aeb608e6-131f-44e0-aa35-97c12a2f72a3:c5150, b6a0d396-0e26-402b-ac58-4f0615a4fad6:c5147, 8b17640a-2548-4323-bd97-ba3488877b23:c5147]
2019-08-20 11:36:00,557 INFO  client.GrpcClientProtocolClient (GrpcClientProtocolClient.java:onNext(255)) - client-FC58CAF12498->aeb608e6-131f-44e0-aa35-97c12a2f72a3: receive RaftClientReply:client-FC58CAF12498->aeb608e6-131f-44e0-aa35-97c12a2f72a3@group-3F41E8AD953A, cid=3433, SUCCESS, logIndex=5154, commits[aeb608e6-131f-44e0-aa35-97c12a2f72a3:c5155, b6a0d396-0e26-402b-ac58-4f0615a4fad6:c5153, 8b17640a-2548-4323-bd97-ba3488877b23:c5153]
2019-08-20 11:36:00,557 INFO  client.GrpcClientProtocolClient (GrpcClientProtocolClient.java:onNext(255)) - client-FC58CAF12498->aeb608e6-131f-44e0-aa35-97c12a2f72a3: receive RaftClientReply:client-FC58CAF12498->aeb608e6-131f-44e0-aa35-97c12a2f72a3@group-3F41E8AD953A, cid=3434, SUCCESS, logIndex=5155, commits[aeb608e6-131f-44e0-aa35-97c12a2f72a3:c5155, b6a0d396-0e26-402b-ac58-4f0615a4fad6:c5153, 8b17640a-2548-4323-bd97-ba3488877b23:c5153]
2019-08-20 11:36:00,572 INFO  client.GrpcClientProtocolClient (GrpcClientProtocolClient.java:onNext(255)) - client-FC58CAF12498->aeb608e6-131f-44e0-aa35-97c12a2f72a3: receive RaftClientReply:client-FC58CAF12498->aeb608e6-131f-44e0-aa35-97c12a2f72a3@group-3F41E8AD953A, cid=3435, SUCCESS, logIndex=5158, commits[aeb608e6-131f-44e0-aa35-97c12a2f72a3:c5159, b6a0d396-0e26-402b-ac58-4f0615a4fad6:c5155, 8b17640a-2548-4323-bd97-ba3488877b23:c5155]
2019-08-20 11:36:00,572 INFO  client.GrpcClientProtocolClient (GrpcClientProtocolClient.java:onNext(255)) - client-FC58CAF12498->aeb608e6-131f-44e0-aa35-97c12a2f72a3: receive RaftClientReply:client-FC58CAF12498->aeb608e6-131f-44e0-aa35-97c12a2f72a3@group-3F41E8AD953A, cid=3436, SUCCESS, logIndex=5159, commits[aeb608e6-131f-44e0-aa35-97c12a2f72a3:c5159, b6a0d396-0e26-402b-ac58-4f0615a4fad6:c5155, 8b17640a-2548-4323-bd97-ba3488877b23:c5155]
2019-08-20 11:36:00,591 INFO  client.GrpcClientProtocolClient (GrpcClientProtocolClient.java:onNext(255)) - client-FC58CAF12498->aeb608e6-131f-44e0-aa35-97c12a2f72a3: receive RaftClientReply:client-FC58CAF12498->aeb608e6-131f-44e0-aa35-97c12a2f72a3@group-3F41E8AD953A, cid=3437, SUCCESS, logIndex=0, commits[aeb608e6-131f-44e0-aa35-97c12a2f72a3:c5161, b6a0d396-0e26-402b-ac58-4f0615a4fad6:c5159, 8b17640a-2548-4323-bd97-ba3488877b23:c5159]
2019-08-20 11:36:00,627 INFO  client.GrpcClientProtocolClient (GrpcClientProtocolClient.java:onNext(255)) - client-FC58CAF12498->aeb608e6-131f-44e0-aa35-97c12a2f72a3: receive RaftClientReply:client-FC58CAF12498->aeb608e6-131f-44e0-aa35-97c12a2f72a3@group-3F41E8AD953A, cid=3438, SUCCESS, logIndex=5162, commits[aeb608e6-131f-44e0-aa35-97c12a2f72a3:c5163, b6a0d396-0e26-402b-ac58-4f0615a4fad6:c5161, 8b17640a-2548-4323-bd97-ba3488877b23:c5161]
2019-08-20 11:36:00,627 INFO  client.GrpcClientProtocolClient (GrpcClientProtocolClient.java:onNext(255)) - client-FC58CAF12498->aeb608e6-131f-44e0-aa35-97c12a2f72a3: receive RaftClientReply:client-FC58CAF12498->aeb608e6-131f-44e0-aa35-97c12a2f72a3@group-3F41E8AD953A, cid=3439, SUCCESS, logIndex=5163, commits[aeb608e6-131f-44e0-aa35-97c12a2f72a3:c5164, b6a0d396-0e26-402b-ac58-4f0615a4fad6:c5161, 8b17640a-2548-4323-bd97-ba3488877b23:c5161]
2019-08-20 11:36:00,627 INFO  client.GrpcClientProtocolClient (GrpcClientProtocolClient.java:onNext(255)) - client-FC58CAF12498->aeb608e6-131f-44e0-aa35-97c12a2f72a3: receive RaftClientReply:client-FC58CAF12498->aeb608e6-131f-44e0-aa35-97c12a2f72a3@group-3F41E8AD953A, cid=3440, SUCCESS, logIndex=5164, commits[aeb608e6-131f-44e0-aa35-97c12a2f72a3:c5165, b6a0d396-0e26-402b-ac58-4f0615a4fad6:c5161, 8b17640a-2548-4323-bd97-ba3488877b23:c5161]
2019-08-20 11:36:00,628 INFO  client.GrpcClientProtocolClient (GrpcClientProtocolClient.java:onNext(255)) - client-FC58CAF12498->aeb608e6-131f-44e0-aa35-97c12a2f72a3: receive RaftClientReply:client-FC58CAF12498->aeb608e6-131f-44e0-aa35-97c12a2f72a3@group-3F41E8AD953A, cid=3441, SUCCESS, logIndex=5165, commits[aeb608e6-131f-44e0-aa35-97c12a2f72a3:c5165, b6a0d396-0e26-402b-ac58-4f0615a4fad6:c5161, 8b17640a-2548-4323-bd97-ba3488877b23:c5161]
2019-08-20 11:36:00,640 INFO  client.GrpcClientProtocolClient (GrpcClientProtocolClient.java:onNext(255)) - client-FC58CAF12498->aeb608e6-131f-44e0-aa35-97c12a2f72a3: receive RaftClientReply:client-FC58CAF12498->aeb608e6-131f-44e0-aa35-97c12a2f72a3@group-3F41E8AD953A, cid=3442, SUCCESS, logIndex=0, commits[aeb608e6-131f-44e0-aa35-97c12a2f72a3:c5167, b6a0d396-0e26-402b-ac58-4f0615a4fad6:c5163, 8b17640a-2548-4323-bd97-ba3488877b23:c5163]
2019-08-20 11:36:00,661 INFO  client.GrpcClientProtocolClient (GrpcClientProtocolClient.java:onNext(255)) - client-FC58CAF12498->aeb608e6-131f-44e0-aa35-97c12a2f72a3: receive RaftClientReply:client-FC58CAF12498->aeb608e6-131f-44e0-aa35-97c12a2f72a3@group-3F41E8AD953A, cid=3443, SUCCESS, logIndex=5170, commits[aeb608e6-131f-44e0-aa35-97c12a2f72a3:c5171, b6a0d396-0e26-402b-ac58-4f0615a4fad6:c5169, 8b17640a-2548-4323-bd97-ba3488877b23:c5169]
2019-08-20 11:36:00,662 INFO  client.GrpcClientProtocolClient (GrpcClientProtocolClient.java:onNext(255)) - client-FC58CAF12498->aeb608e6-131f-44e0-aa35-97c12a2f72a3: receive RaftClientReply:client-FC58CAF12498->aeb608e6-131f-44e0-aa35-97c12a2f72a3@group-3F41E8AD953A, cid=3444, SUCCESS, logIndex=5171, commits[aeb608e6-131f-44e0-aa35-97c12a2f72a3:c5171, b6a0d396-0e26-402b-ac58-4f0615a4fad6:c5169, 8b17640a-2548-4323-bd97-ba3488877b23:c5169]
2019-08-20 11:36:00,676 INFO  client.GrpcClientProtocolClient (GrpcClientProtocolClient.java:onNext(255)) - client-FC58CAF12498->aeb608e6-131f-44e0-aa35-97c12a2f72a3: receive RaftClientReply:client-FC58CAF12498->aeb608e6-131f-44e0-aa35-97c12a2f72a3@group-3F41E8AD953A, cid=3445, SUCCESS, logIndex=5174, commits[aeb608e6-131f-44e0-aa35-97c12a2f72a3:c5175, b6a0d396-0e26-402b-ac58-4f0615a4fad6:c5171, 8b17640a-2548-4323-bd97-ba3488877b23:c5171]
2019-08-20 11:36:00,676 INFO  client.GrpcClientProtocolClient (GrpcClientProtocolClient.java:onNext(255)) - client-FC58CAF12498->aeb608e6-131f-44e0-aa35-97c12a2f72a3: receive RaftClientReply:client-FC58CAF12498->aeb608e6-131f-44e0-aa35-97c12a2f72a3@group-3F41E8AD953A, cid=3446, SUCCESS, logIndex=5175, commits[aeb608e6-131f-44e0-aa35-97c12a2f72a3:c5175, b6a0d396-0e26-402b-ac58-4f0615a4fad6:c5171, 8b17640a-2548-4323-bd97-ba3488877b23:c5171]
2019-08-20 11:36:00,702 INFO  client.GrpcClientProtocolClient (GrpcClientProtocolClient.java:onNext(255)) - client-FC58CAF12498->aeb608e6-131f-44e0-aa35-97c12a2f72a3: receive RaftClientReply:client-FC58CAF12498->aeb608e6-131f-44e0-aa35-97c12a2f72a3@group-3F41E8AD953A, cid=3447, SUCCESS, logIndex=0, commits[aeb608e6-131f-44e0-aa35-97c12a2f72a3:c5177, b6a0d396-0e26-402b-ac58-4f0615a4fad6:c5175, 8b17640a-2548-4323-bd97-ba3488877b23:c5175]
2019-08-20 11:36:00,736 INFO  client.GrpcClientProtocolClient (GrpcClientProtocolClient.java:onNext(255)) - client-FC58CAF12498->aeb608e6-131f-44e0-aa35-97c12a2f72a3: receive RaftClientReply:client-FC58CAF12498->aeb608e6-131f-44e0-aa35-97c12a2f72a3@group-3F41E8AD953A, cid=3448, SUCCESS, logIndex=5178, commits[aeb608e6-131f-44e0-aa35-97c12a2f72a3:c5179, b6a0d396-0e26-402b-ac58-4f0615a4fad6:c5177, 8b17640a-2548-4323-bd97-ba3488877b23:c5177]
2019-08-20 11:36:00,737 INFO  client.GrpcClientProtocolClient (GrpcClientProtocolClient.java:onNext(255)) - client-FC58CAF12498->aeb608e6-131f-44e0-aa35-97c12a2f72a3: receive RaftClientReply:client-FC58CAF12498->aeb608e6-131f-44e0-aa35-97c12a2f72a3@group-3F41E8AD953A, cid=3449, SUCCESS, logIndex=5179, commits[aeb608e6-131f-44e0-aa35-97c12a2f72a3:c5179, b6a0d396-0e26-402b-ac58-4f0615a4fad6:c5177, 8b17640a-2548-4323-bd97-ba3488877b23:c5177]
2019-08-20 11:36:00,748 INFO  client.GrpcClientProtocolClient (GrpcClientProtocolClient.java:onNext(255)) - client-FC58CAF12498->aeb608e6-131f-44e0-aa35-97c12a2f72a3: receive RaftClientReply:client-FC58CAF12498->aeb608e6-131f-44e0-aa35-97c12a2f72a3@group-3F41E8AD953A, cid=3450, SUCCESS, logIndex=5180, commits[aeb608e6-131f-44e0-aa35-97c12a2f72a3:c5180, b6a0d396-0e26-402b-ac58-4f0615a4fad6:c5177, 8b17640a-2548-4323-bd97-ba3488877b23:c5177]
2019-08-20 11:36:00,749 INFO  client.GrpcClientProtocolClient (GrpcClientProtocolClient.java:onNext(255)) - client-FC58CAF12498->aeb608e6-131f-44e0-aa35-97c12a2f72a3: receive RaftClientReply:client-FC58CAF12498->aeb608e6-131f-44e0-aa35-97c12a2f72a3@group-3F41E8AD953A, cid=3451, SUCCESS, logIndex=5181, commits[aeb608e6-131f-44e0-aa35-97c12a2f72a3:c5181, b6a0d396-0e26-402b-ac58-4f0615a4fad6:c5177, 8b17640a-2548-4323-bd97-ba3488877b23:c5177]
 0.00% |█                                                                                                    |  0/1 Time: 0:00:342019-08-20 11:36:00,761 INFO  client.GrpcClientProtocolClient (GrpcClientProtocolClient.java:onNext(255)) - client-FC58CAF12498->aeb608e6-131f-44e0-aa35-97c12a2f72a3: receive RaftClientReply:client-FC58CAF12498->aeb608e6-131f-44e0-aa35-97c12a2f72a3@group-3F41E8AD953A, cid=3452, SUCCESS, logIndex=0, commits[aeb608e6-131f-44e0-aa35-97c12a2f72a3:c5183, b6a0d396-0e26-402b-ac58-4f0615a4fad6:c5179, 8b17640a-2548-4323-bd97-ba3488877b23:c5179]
2019-08-20 11:36:00,778 INFO  client.GrpcClientProtocolClient (GrpcClientProtocolClient.java:onNext(255)) - client-FC58CAF12498->aeb608e6-131f-44e0-aa35-97c12a2f72a3: receive RaftClientReply:client-FC58CAF12498->aeb608e6-131f-44e0-aa35-97c12a2f72a3@group-3F41E8AD953A, cid=3453, SUCCESS, logIndex=5186, commits[aeb608e6-131f-44e0-aa35-97c12a2f72a3:c5187, b6a0d396-0e26-402b-ac58-4f0615a4fad6:c5183, 8b17640a-2548-4323-bd97-ba3488877b23:c5183]
2019-08-20 11:36:00,778 INFO  client.GrpcClientProtocolClient (GrpcClientProtocolClient.java:onNext(255)) - client-FC58CAF12498->aeb608e6-131f-44e0-aa35-97c12a2f72a3: receive RaftClientReply:client-FC58CAF12498->aeb608e6-131f-44e0-aa35-97c12a2f72a3@group-3F41E8AD953A, cid=3454, SUCCESS, logIndex=5187, commits[aeb608e6-131f-44e0-aa35-97c12a2f72a3:c5187, b6a0d396-0e26-402b-ac58-4f0615a4fad6:c5183, 8b17640a-2548-4323-bd97-ba3488877b23:c5183]
2019-08-20 11:36:00,790 INFO  client.GrpcClientProtocolClient (GrpcClientProtocolClient.java:onNext(255)) - client-FC58CAF12498->aeb608e6-131f-44e0-aa35-97c12a2f72a3: receive RaftClientReply:client-FC58CAF12498->aeb608e6-131f-44e0-aa35-97c12a2f72a3@group-3F41E8AD953A, cid=3455, SUCCESS, logIndex=5190, commits[aeb608e6-131f-44e0-aa35-97c12a2f72a3:c5191, b6a0d396-0e26-402b-ac58-4f0615a4fad6:c5187, 8b17640a-2548-4323-bd97-ba3488877b23:c5187]
2019-08-20 11:36:00,790 INFO  client.GrpcClientProtocolClient (GrpcClientProtocolClient.java:onNext(255)) - client-FC58CAF12498->aeb608e6-131f-44e0-aa35-97c12a2f72a3: receive RaftClientReply:client-FC58CAF12498->aeb608e6-131f-44e0-aa35-97c12a2f72a3@group-3F41E8AD953A, cid=3456, SUCCESS, logIndex=5191, commits[aeb608e6-131f-44e0-aa35-97c12a2f72a3:c5191, b6a0d396-0e26-402b-ac58-4f0615a4fad6:c5187, 8b17640a-2548-4323-bd97-ba3488877b23:c5187]
2019-08-20 11:36:00,793 INFO  client.GrpcClientProtocolClient (GrpcClientProtocolClient.java:onNext(255)) - client-FC58CAF12498->aeb608e6-131f-44e0-aa35-97c12a2f72a3: receive RaftClientReply:client-FC58CAF12498->aeb608e6-131f-44e0-aa35-97c12a2f72a3@group-3F41E8AD953A, cid=3457, SUCCESS, logIndex=0, commits[aeb608e6-131f-44e0-aa35-97c12a2f72a3:c5192, b6a0d396-0e26-402b-ac58-4f0615a4fad6:c5191, 8b17640a-2548-4323-bd97-ba3488877b23:c5191]
2019-08-20 11:36:00,823 INFO  client.GrpcClientProtocolClient (GrpcClientProtocolClient.java:onNext(255)) - client-FC58CAF12498->aeb608e6-131f-44e0-aa35-97c12a2f72a3: receive RaftClientReply:client-FC58CAF12498->aeb608e6-131f-44e0-aa35-97c12a2f72a3@group-3F41E8AD953A, cid=3458, SUCCESS, logIndex=5193, commits[aeb608e6-131f-44e0-aa35-97c12a2f72a3:c5194, b6a0d396-0e26-402b-ac58-4f0615a4fad6:c5192, 8b17640a-2548-4323-bd97-ba3488877b23:c5192]
2019-08-20 11:36:00,824 INFO  client.GrpcClientProtocolClient (GrpcClientProtocolClient.java:onNext(255)) - client-FC58CAF12498->aeb608e6-131f-44e0-aa35-97c12a2f72a3: receive RaftClientReply:client-FC58CAF12498->aeb608e6-131f-44e0-aa35-97c12a2f72a3@group-3F41E8AD953A, cid=3459, SUCCESS, logIndex=5194, commits[aeb608e6-131f-44e0-aa35-97c12a2f72a3:c5194, b6a0d396-0e26-402b-ac58-4f0615a4fad6:c5192, 8b17640a-2548-4323-bd97-ba3488877b23:c5192]
2019-08-20 11:36:00,824 INFO  client.GrpcClientProtocolClient (GrpcClientProtocolClient.java:onNext(255)) - client-FC58CAF12498->aeb608e6-131f-44e0-aa35-97c12a2f72a3: receive RaftClientReply:client-FC58CAF12498->aeb608e6-131f-44e0-aa35-97c12a2f72a3@group-3F41E8AD953A, cid=3460, SUCCESS, logIndex=5195, commits[aeb608e6-131f-44e0-aa35-97c12a2f72a3:c5196, b6a0d396-0e26-402b-ac58-4f0615a4fad6:c5192, 8b17640a-2548-4323-bd97-ba3488877b23:c5192]
2019-08-20 11:36:00,825 INFO  client.GrpcClientProtocolClient (GrpcClientProtocolClient.java:onNext(255)) - client-FC58CAF12498->aeb608e6-131f-44e0-aa35-97c12a2f72a3: receive RaftClientReply:client-FC58CAF12498->aeb608e6-131f-44e0-aa35-97c12a2f72a3@group-3F41E8AD953A, cid=3461, SUCCESS, logIndex=5196, commits[aeb608e6-131f-44e0-aa35-97c12a2f72a3:c5196, b6a0d396-0e26-402b-ac58-4f0615a4fad6:c5192, 8b17640a-2548-4323-bd97-ba3488877b23:c5192]
2019-08-20 11:36:00,838 INFO  client.GrpcClientProtocolClient (GrpcClientProtocolClient.java:onNext(255)) - client-FC58CAF12498->aeb608e6-131f-44e0-aa35-97c12a2f72a3: receive RaftClientReply:client-FC58CAF12498->aeb608e6-131f-44e0-aa35-97c12a2f72a3@group-3F41E8AD953A, cid=3462, SUCCESS, logIndex=0, commits[aeb608e6-131f-44e0-aa35-97c12a2f72a3:c5198, b6a0d396-0e26-402b-ac58-4f0615a4fad6:c5194, 8b17640a-2548-4323-bd97-ba3488877b23:c5194]
2019-08-20 11:36:00,858 INFO  client.GrpcClientProtocolClient (GrpcClientProtocolClient.java:onNext(255)) - client-FC58CAF12498->aeb608e6-131f-44e0-aa35-97c12a2f72a3: receive RaftClientReply:client-FC58CAF12498->aeb608e6-131f-44e0-aa35-97c12a2f72a3@group-3F41E8AD953A, cid=3463, SUCCESS, logIndex=5201, commits[aeb608e6-131f-44e0-aa35-97c12a2f72a3:c5201, b6a0d396-0e26-402b-ac58-4f0615a4fad6:c5200, 8b17640a-2548-4323-bd97-ba3488877b23:c5200]
2019-08-20 11:36:00,858 INFO  client.GrpcClientProtocolClient (GrpcClientProtocolClient.java:onNext(255)) - client-FC58CAF12498->aeb608e6-131f-44e0-aa35-97c12a2f72a3: receive RaftClientReply:client-FC58CAF12498->aeb608e6-131f-44e0-aa35-97c12a2f72a3@group-3F41E8AD953A, cid=3464, SUCCESS, logIndex=5202, commits[aeb608e6-131f-44e0-aa35-97c12a2f72a3:c5202, b6a0d396-0e26-402b-ac58-4f0615a4fad6:c5200, 8b17640a-2548-4323-bd97-ba3488877b23:c5200]
2019-08-20 11:36:00,873 INFO  client.GrpcClientProtocolClient (GrpcClientProtocolClient.java:onNext(255)) - client-FC58CAF12498->aeb608e6-131f-44e0-aa35-97c12a2f72a3: receive RaftClientReply:client-FC58CAF12498->aeb608e6-131f-44e0-aa35-97c12a2f72a3@group-3F41E8AD953A, cid=3465, SUCCESS, logIndex=5205, commits[aeb608e6-131f-44e0-aa35-97c12a2f72a3:c5206, b6a0d396-0e26-402b-ac58-4f0615a4fad6:c5202, 8b17640a-2548-4323-bd97-ba3488877b23:c5202]
2019-08-20 11:36:00,873 INFO  client.GrpcClientProtocolClient (GrpcClientProtocolClient.java:onNext(255)) - client-FC58CAF12498->aeb608e6-131f-44e0-aa35-97c12a2f72a3: receive RaftClientReply:client-FC58CAF12498->aeb608e6-131f-44e0-aa35-97c12a2f72a3@group-3F41E8AD953A, cid=3466, SUCCESS, logIndex=5206, commits[aeb608e6-131f-44e0-aa35-97c12a2f72a3:c5206, b6a0d396-0e26-402b-ac58-4f0615a4fad6:c5202, 8b17640a-2548-4323-bd97-ba3488877b23:c5202]
2019-08-20 11:36:00,899 INFO  client.GrpcClientProtocolClient (GrpcClientProtocolClient.java:onNext(255)) - client-FC58CAF12498->aeb608e6-131f-44e0-aa35-97c12a2f72a3: receive RaftClientReply:client-FC58CAF12498->aeb608e6-131f-44e0-aa35-97c12a2f72a3@group-3F41E8AD953A, cid=3467, SUCCESS, logIndex=0, commits[aeb608e6-131f-44e0-aa35-97c12a2f72a3:c5208, b6a0d396-0e26-402b-ac58-4f0615a4fad6:c5206, 8b17640a-2548-4323-bd97-ba3488877b23:c5206]
2019-08-20 11:36:00,935 INFO  client.GrpcClientProtocolClient (GrpcClientProtocolClient.java:onNext(255)) - client-FC58CAF12498->aeb608e6-131f-44e0-aa35-97c12a2f72a3: receive RaftClientReply:client-FC58CAF12498->aeb608e6-131f-44e0-aa35-97c12a2f72a3@group-3F41E8AD953A, cid=3468, SUCCESS, logIndex=5209, commits[aeb608e6-131f-44e0-aa35-97c12a2f72a3:c5210, b6a0d396-0e26-402b-ac58-4f0615a4fad6:c5208, 8b17640a-2548-4323-bd97-ba3488877b23:c5208]
2019-08-20 11:36:00,936 INFO  client.GrpcClientProtocolClient (GrpcClientProtocolClient.java:onNext(255)) - client-FC58CAF12498->aeb608e6-131f-44e0-aa35-97c12a2f72a3: receive RaftClientReply:client-FC58CAF12498->aeb608e6-131f-44e0-aa35-97c12a2f72a3@group-3F41E8AD953A, cid=3469, SUCCESS, logIndex=5210, commits[aeb608e6-131f-44e0-aa35-97c12a2f72a3:c5210, b6a0d396-0e26-402b-ac58-4f0615a4fad6:c5208, 8b17640a-2548-4323-bd97-ba3488877b23:c5208]
2019-08-20 11:36:00,946 INFO  client.GrpcClientProtocolClient (GrpcClientProtocolClient.java:onNext(255)) - client-FC58CAF12498->aeb608e6-131f-44e0-aa35-97c12a2f72a3: receive RaftClientReply:client-FC58CAF12498->aeb608e6-131f-44e0-aa35-97c12a2f72a3@group-3F41E8AD953A, cid=3470, SUCCESS, logIndex=5211, commits[aeb608e6-131f-44e0-aa35-97c12a2f72a3:c5212, b6a0d396-0e26-402b-ac58-4f0615a4fad6:c5208, 8b17640a-2548-4323-bd97-ba3488877b23:c5208]
2019-08-20 11:36:00,947 INFO  client.GrpcClientProtocolClient (GrpcClientProtocolClient.java:onNext(255)) - client-FC58CAF12498->aeb608e6-131f-44e0-aa35-97c12a2f72a3: receive RaftClientReply:client-FC58CAF12498->aeb608e6-131f-44e0-aa35-97c12a2f72a3@group-3F41E8AD953A, cid=3471, SUCCESS, logIndex=5212, commits[aeb608e6-131f-44e0-aa35-97c12a2f72a3:c5212, b6a0d396-0e26-402b-ac58-4f0615a4fad6:c5208, 8b17640a-2548-4323-bd97-ba3488877b23:c5208]
2019-08-20 11:36:00,950 INFO  client.GrpcClientProtocolClient (GrpcClientProtocolClient.java:onNext(255)) - client-FC58CAF12498->aeb608e6-131f-44e0-aa35-97c12a2f72a3: receive RaftClientReply:client-FC58CAF12498->aeb608e6-131f-44e0-aa35-97c12a2f72a3@group-3F41E8AD953A, cid=3472, SUCCESS, logIndex=0, commits[aeb608e6-131f-44e0-aa35-97c12a2f72a3:c5214, b6a0d396-0e26-402b-ac58-4f0615a4fad6:c5210, 8b17640a-2548-4323-bd97-ba3488877b23:c5210]
2019-08-20 11:36:00,976 INFO  client.GrpcClientProtocolClient (GrpcClientProtocolClient.java:onNext(255)) - client-FC58CAF12498->aeb608e6-131f-44e0-aa35-97c12a2f72a3: receive RaftClientReply:client-FC58CAF12498->aeb608e6-131f-44e0-aa35-97c12a2f72a3@group-3F41E8AD953A, cid=3473, SUCCESS, logIndex=5217, commits[aeb608e6-131f-44e0-aa35-97c12a2f72a3:c5218, b6a0d396-0e26-402b-ac58-4f0615a4fad6:c5214, 8b17640a-2548-4323-bd97-ba3488877b23:c5212]
2019-08-20 11:36:00,976 INFO  client.GrpcClientProtocolClient (GrpcClientProtocolClient.java:onNext(255)) - client-FC58CAF12498->aeb608e6-131f-44e0-aa35-97c12a2f72a3: receive RaftClientReply:client-FC58CAF12498->aeb608e6-131f-44e0-aa35-97c12a2f72a3@group-3F41E8AD953A, cid=3474, SUCCESS, logIndex=5218, commits[aeb608e6-131f-44e0-aa35-97c12a2f72a3:c5218, b6a0d396-0e26-402b-ac58-4f0615a4fad6:c5214, 8b17640a-2548-4323-bd97-ba3488877b23:c5212]
2019-08-20 11:36:00,989 INFO  client.GrpcClientProtocolClient (GrpcClientProtocolClient.java:onNext(255)) - client-FC58CAF12498->aeb608e6-131f-44e0-aa35-97c12a2f72a3: receive RaftClientReply:client-FC58CAF12498->aeb608e6-131f-44e0-aa35-97c12a2f72a3@group-3F41E8AD953A, cid=3475, SUCCESS, logIndex=5221, commits[aeb608e6-131f-44e0-aa35-97c12a2f72a3:c5222, b6a0d396-0e26-402b-ac58-4f0615a4fad6:c5218, 8b17640a-2548-4323-bd97-ba3488877b23:c5220]
2019-08-20 11:36:00,990 INFO  client.GrpcClientProtocolClient (GrpcClientProtocolClient.java:onNext(255)) - client-FC58CAF12498->aeb608e6-131f-44e0-aa35-97c12a2f72a3: receive RaftClientReply:client-FC58CAF12498->aeb608e6-131f-44e0-aa35-97c12a2f72a3@group-3F41E8AD953A, cid=3476, SUCCESS, logIndex=5222, commits[aeb608e6-131f-44e0-aa35-97c12a2f72a3:c5222, b6a0d396-0e26-402b-ac58-4f0615a4fad6:c5218, 8b17640a-2548-4323-bd97-ba3488877b23:c5220]
2019-08-20 11:36:01,002 INFO  client.GrpcClientProtocolClient (GrpcClientProtocolClient.java:onNext(255)) - client-FC58CAF12498->aeb608e6-131f-44e0-aa35-97c12a2f72a3: receive RaftClientReply:client-FC58CAF12498->aeb608e6-131f-44e0-aa35-97c12a2f72a3@group-3F41E8AD953A, cid=3477, SUCCESS, logIndex=0, commits[aeb608e6-131f-44e0-aa35-97c12a2f72a3:c5223, b6a0d396-0e26-402b-ac58-4f0615a4fad6:c5222, 8b17640a-2548-4323-bd97-ba3488877b23:c5222]
2019-08-20 11:36:01,038 INFO  client.GrpcClientProtocolClient (GrpcClientProtocolClient.java:onNext(255)) - client-FC58CAF12498->aeb608e6-131f-44e0-aa35-97c12a2f72a3: receive RaftClientReply:client-FC58CAF12498->aeb608e6-131f-44e0-aa35-97c12a2f72a3@group-3F41E8AD953A, cid=3478, SUCCESS, logIndex=5225, commits[aeb608e6-131f-44e0-aa35-97c12a2f72a3:c5226, b6a0d396-0e26-402b-ac58-4f0615a4fad6:c5224, 8b17640a-2548-4323-bd97-ba3488877b23:c5224]
2019-08-20 11:36:01,038 INFO  client.GrpcClientProtocolClient (GrpcClientProtocolClient.java:onNext(255)) - client-FC58CAF12498->aeb608e6-131f-44e0-aa35-97c12a2f72a3: receive RaftClientReply:client-FC58CAF12498->aeb608e6-131f-44e0-aa35-97c12a2f72a3@group-3F41E8AD953A, cid=3479, SUCCESS, logIndex=5226, commits[aeb608e6-131f-44e0-aa35-97c12a2f72a3:c5226, b6a0d396-0e26-402b-ac58-4f0615a4fad6:c5224, 8b17640a-2548-4323-bd97-ba3488877b23:c5224]
2019-08-20 11:36:01,049 INFO  client.GrpcClientProtocolClient (GrpcClientProtocolClient.java:onNext(255)) - client-FC58CAF12498->aeb608e6-131f-44e0-aa35-97c12a2f72a3: receive RaftClientReply:client-FC58CAF12498->aeb608e6-131f-44e0-aa35-97c12a2f72a3@group-3F41E8AD953A, cid=3480, SUCCESS, logIndex=5227, commits[aeb608e6-131f-44e0-aa35-97c12a2f72a3:c5228, b6a0d396-0e26-402b-ac58-4f0615a4fad6:c5224, 8b17640a-2548-4323-bd97-ba3488877b23:c5224]
2019-08-20 11:36:01,049 INFO  client.GrpcClientProtocolClient (GrpcClientProtocolClient.java:onNext(255)) - client-FC58CAF12498->aeb608e6-131f-44e0-aa35-97c12a2f72a3: receive RaftClientReply:client-FC58CAF12498->aeb608e6-131f-44e0-aa35-97c12a2f72a3@group-3F41E8AD953A, cid=3481, SUCCESS, logIndex=5228, commits[aeb608e6-131f-44e0-aa35-97c12a2f72a3:c5228, b6a0d396-0e26-402b-ac58-4f0615a4fad6:c5224, 8b17640a-2548-4323-bd97-ba3488877b23:c5224]
2019-08-20 11:36:01,059 INFO  client.GrpcClientProtocolClient (GrpcClientProtocolClient.java:onNext(255)) - client-FC58CAF12498->aeb608e6-131f-44e0-aa35-97c12a2f72a3: receive RaftClientReply:client-FC58CAF12498->aeb608e6-131f-44e0-aa35-97c12a2f72a3@group-3F41E8AD953A, cid=3482, SUCCESS, logIndex=0, commits[aeb608e6-131f-44e0-aa35-97c12a2f72a3:c5230, b6a0d396-0e26-402b-ac58-4f0615a4fad6:c5226, 8b17640a-2548-4323-bd97-ba3488877b23:c5226]
2019-08-20 11:36:01,092 INFO  client.GrpcClientProtocolClient (GrpcClientProtocolClient.java:onNext(255)) - client-FC58CAF12498->aeb608e6-131f-44e0-aa35-97c12a2f72a3: receive RaftClientReply:client-FC58CAF12498->aeb608e6-131f-44e0-aa35-97c12a2f72a3@group-3F41E8AD953A, cid=3483, SUCCESS, logIndex=5233, commits[aeb608e6-131f-44e0-aa35-97c12a2f72a3:c5234, b6a0d396-0e26-402b-ac58-4f0615a4fad6:c5232, 8b17640a-2548-4323-bd97-ba3488877b23:c5232]
2019-08-20 11:36:01,092 INFO  client.GrpcClientProtocolClient (GrpcClientProtocolClient.java:onNext(255)) - client-FC58CAF12498->aeb608e6-131f-44e0-aa35-97c12a2f72a3: receive RaftClientReply:client-FC58CAF12498->aeb608e6-131f-44e0-aa35-97c12a2f72a3@group-3F41E8AD953A, cid=3484, SUCCESS, logIndex=5234, commits[aeb608e6-131f-44e0-aa35-97c12a2f72a3:c5234, b6a0d396-0e26-402b-ac58-4f0615a4fad6:c5232, 8b17640a-2548-4323-bd97-ba3488877b23:c5232]
2019-08-20 11:36:01,123 INFO  client.GrpcClientProtocolClient (GrpcClientProtocolClient.java:onNext(255)) - client-FC58CAF12498->aeb608e6-131f-44e0-aa35-97c12a2f72a3: receive RaftClientReply:client-FC58CAF12498->aeb608e6-131f-44e0-aa35-97c12a2f72a3@group-3F41E8AD953A, cid=3485, SUCCESS, logIndex=5237, commits[aeb608e6-131f-44e0-aa35-97c12a2f72a3:c5238, b6a0d396-0e26-402b-ac58-4f0615a4fad6:c5234, 8b17640a-2548-4323-bd97-ba3488877b23:c5234]
2019-08-20 11:36:01,124 INFO  client.GrpcClientProtocolClient (GrpcClientProtocolClient.java:onNext(255)) - client-FC58CAF12498->aeb608e6-131f-44e0-aa35-97c12a2f72a3: receive RaftClientReply:client-FC58CAF12498->aeb608e6-131f-44e0-aa35-97c12a2f72a3@group-3F41E8AD953A, cid=3486, SUCCESS, logIndex=5238, commits[aeb608e6-131f-44e0-aa35-97c12a2f72a3:c5238, b6a0d396-0e26-402b-ac58-4f0615a4fad6:c5234, 8b17640a-2548-4323-bd97-ba3488877b23:c5234]
2019-08-20 11:36:01,148 INFO  client.GrpcClientProtocolClient (GrpcClientProtocolClient.java:onNext(255)) - client-FC58CAF12498->aeb608e6-131f-44e0-aa35-97c12a2f72a3: receive RaftClientReply:client-FC58CAF12498->aeb608e6-131f-44e0-aa35-97c12a2f72a3@group-3F41E8AD953A, cid=3487, SUCCESS, logIndex=0, commits[aeb608e6-131f-44e0-aa35-97c12a2f72a3:c5240, b6a0d396-0e26-402b-ac58-4f0615a4fad6:c5238, 8b17640a-2548-4323-bd97-ba3488877b23:c5238]
2019-08-20 11:36:01,296 INFO  client.GrpcClientProtocolClient (GrpcClientProtocolClient.java:onNext(255)) - client-FC58CAF12498->aeb608e6-131f-44e0-aa35-97c12a2f72a3: receive RaftClientReply:client-FC58CAF12498->aeb608e6-131f-44e0-aa35-97c12a2f72a3@group-3F41E8AD953A, cid=3488, SUCCESS, logIndex=5241, commits[aeb608e6-131f-44e0-aa35-97c12a2f72a3:c5242, b6a0d396-0e26-402b-ac58-4f0615a4fad6:c5240, 8b17640a-2548-4323-bd97-ba3488877b23:c5240]
2019-08-20 11:36:01,296 INFO  client.GrpcClientProtocolClient (GrpcClientProtocolClient.java:onNext(255)) - client-FC58CAF12498->aeb608e6-131f-44e0-aa35-97c12a2f72a3: receive RaftClientReply:client-FC58CAF12498->aeb608e6-131f-44e0-aa35-97c12a2f72a3@group-3F41E8AD953A, cid=3489, SUCCESS, logIndex=5242, commits[aeb608e6-131f-44e0-aa35-97c12a2f72a3:c5242, b6a0d396-0e26-402b-ac58-4f0615a4fad6:c5240, 8b17640a-2548-4323-bd97-ba3488877b23:c5240]
2019-08-20 11:36:01,305 INFO  client.GrpcClientProtocolClient (GrpcClientProtocolClient.java:onNext(255)) - client-FC58CAF12498->aeb608e6-131f-44e0-aa35-97c12a2f72a3: receive RaftClientReply:client-FC58CAF12498->aeb608e6-131f-44e0-aa35-97c12a2f72a3@group-3F41E8AD953A, cid=3490, SUCCESS, logIndex=5243, commits[aeb608e6-131f-44e0-aa35-97c12a2f72a3:c5244, b6a0d396-0e26-402b-ac58-4f0615a4fad6:c5240, 8b17640a-2548-4323-bd97-ba3488877b23:c5240]
2019-08-20 11:36:01,305 INFO  client.GrpcClientProtocolClient (GrpcClientProtocolClient.java:onNext(255)) - client-FC58CAF12498->aeb608e6-131f-44e0-aa35-97c12a2f72a3: receive RaftClientReply:client-FC58CAF12498->aeb608e6-131f-44e0-aa35-97c12a2f72a3@group-3F41E8AD953A, cid=3491, SUCCESS, logIndex=5244, commits[aeb608e6-131f-44e0-aa35-97c12a2f72a3:c5244, b6a0d396-0e26-402b-ac58-4f0615a4fad6:c5240, 8b17640a-2548-4323-bd97-ba3488877b23:c5240]
2019-08-20 11:36:01,308 INFO  client.GrpcClientProtocolClient (GrpcClientProtocolClient.java:onNext(255)) - client-FC58CAF12498->aeb608e6-131f-44e0-aa35-97c12a2f72a3: receive RaftClientReply:client-FC58CAF12498->aeb608e6-131f-44e0-aa35-97c12a2f72a3@group-3F41E8AD953A, cid=3492, SUCCESS, logIndex=0, commits[aeb608e6-131f-44e0-aa35-97c12a2f72a3:c5246, b6a0d396-0e26-402b-ac58-4f0615a4fad6:c5242, 8b17640a-2548-4323-bd97-ba3488877b23:c5242]
2019-08-20 11:36:01,322 INFO  client.GrpcClientProtocolClient (GrpcClientProtocolClient.java:onNext(255)) - client-FC58CAF12498->aeb608e6-131f-44e0-aa35-97c12a2f72a3: receive RaftClientReply:client-FC58CAF12498->aeb608e6-131f-44e0-aa35-97c12a2f72a3@group-3F41E8AD953A, cid=3493, SUCCESS, logIndex=5249, commits[aeb608e6-131f-44e0-aa35-97c12a2f72a3:c5250, b6a0d396-0e26-402b-ac58-4f0615a4fad6:c5248, 8b17640a-2548-4323-bd97-ba3488877b23:c5248]
2019-08-20 11:36:01,323 INFO  client.GrpcClientProtocolClient (GrpcClientProtocolClient.java:onNext(255)) - client-FC58CAF12498->aeb608e6-131f-44e0-aa35-97c12a2f72a3: receive RaftClientReply:client-FC58CAF12498->aeb608e6-131f-44e0-aa35-97c12a2f72a3@group-3F41E8AD953A, cid=3494, SUCCESS, logIndex=5250, commits[aeb608e6-131f-44e0-aa35-97c12a2f72a3:c5250, b6a0d396-0e26-402b-ac58-4f0615a4fad6:c5248, 8b17640a-2548-4323-bd97-ba3488877b23:c5248]
2019-08-20 11:36:01,351 INFO  client.GrpcClientProtocolClient (GrpcClientProtocolClient.java:onNext(255)) - client-FC58CAF12498->aeb608e6-131f-44e0-aa35-97c12a2f72a3: receive RaftClientReply:client-FC58CAF12498->aeb608e6-131f-44e0-aa35-97c12a2f72a3@group-3F41E8AD953A, cid=3495, SUCCESS, logIndex=5253, commits[aeb608e6-131f-44e0-aa35-97c12a2f72a3:c5254, b6a0d396-0e26-402b-ac58-4f0615a4fad6:c5250, 8b17640a-2548-4323-bd97-ba3488877b23:c5249]
2019-08-20 11:36:01,351 INFO  client.GrpcClientProtocolClient (GrpcClientProtocolClient.java:onNext(255)) - client-FC58CAF12498->aeb608e6-131f-44e0-aa35-97c12a2f72a3: receive RaftClientReply:client-FC58CAF12498->aeb608e6-131f-44e0-aa35-97c12a2f72a3@group-3F41E8AD953A, cid=3496, SUCCESS, logIndex=5254, commits[aeb608e6-131f-44e0-aa35-97c12a2f72a3:c5254, b6a0d396-0e26-402b-ac58-4f0615a4fad6:c5250, 8b17640a-2548-4323-bd97-ba3488877b23:c5250]
2019-08-20 11:36:01,362 INFO  client.GrpcClientProtocolClient (GrpcClientProtocolClient.java:onNext(255)) - client-FC58CAF12498->aeb608e6-131f-44e0-aa35-97c12a2f72a3: receive RaftClientReply:client-FC58CAF12498->aeb608e6-131f-44e0-aa35-97c12a2f72a3@group-3F41E8AD953A, cid=3497, SUCCESS, logIndex=0, commits[aeb608e6-131f-44e0-aa35-97c12a2f72a3:c5255, b6a0d396-0e26-402b-ac58-4f0615a4fad6:c5254, 8b17640a-2548-4323-bd97-ba3488877b23:c5254]
2019-08-20 11:36:01,398 INFO  client.GrpcClientProtocolClient (GrpcClientProtocolClient.java:onNext(255)) - client-FC58CAF12498->aeb608e6-131f-44e0-aa35-97c12a2f72a3: receive RaftClientReply:client-FC58CAF12498->aeb608e6-131f-44e0-aa35-97c12a2f72a3@group-3F41E8AD953A, cid=3498, SUCCESS, logIndex=5256, commits[aeb608e6-131f-44e0-aa35-97c12a2f72a3:c5257, b6a0d396-0e26-402b-ac58-4f0615a4fad6:c5255, 8b17640a-2548-4323-bd97-ba3488877b23:c5255]
2019-08-20 11:36:01,399 INFO  client.GrpcClientProtocolClient (GrpcClientProtocolClient.java:onNext(255)) - client-FC58CAF12498->aeb608e6-131f-44e0-aa35-97c12a2f72a3: receive RaftClientReply:client-FC58CAF12498->aeb608e6-131f-44e0-aa35-97c12a2f72a3@group-3F41E8AD953A, cid=3499, SUCCESS, logIndex=5257, commits[aeb608e6-131f-44e0-aa35-97c12a2f72a3:c5257, b6a0d396-0e26-402b-ac58-4f0615a4fad6:c5255, 8b17640a-2548-4323-bd97-ba3488877b23:c5255]
2019-08-20 11:36:01,411 INFO  client.GrpcClientProtocolClient (GrpcClientProtocolClient.java:onNext(255)) - client-FC58CAF12498->aeb608e6-131f-44e0-aa35-97c12a2f72a3: receive RaftClientReply:client-FC58CAF12498->aeb608e6-131f-44e0-aa35-97c12a2f72a3@group-3F41E8AD953A, cid=3500, SUCCESS, logIndex=5258, commits[aeb608e6-131f-44e0-aa35-97c12a2f72a3:c5259, b6a0d396-0e26-402b-ac58-4f0615a4fad6:c5255, 8b17640a-2548-4323-bd97-ba3488877b23:c5255]
2019-08-20 11:36:01,411 INFO  client.GrpcClientProtocolClient (GrpcClientProtocolClient.java:onNext(255)) - client-FC58CAF12498->aeb608e6-131f-44e0-aa35-97c12a2f72a3: receive RaftClientReply:client-FC58CAF12498->aeb608e6-131f-44e0-aa35-97c12a2f72a3@group-3F41E8AD953A, cid=3501, SUCCESS, logIndex=5259, commits[aeb608e6-131f-44e0-aa35-97c12a2f72a3:c5259, b6a0d396-0e26-402b-ac58-4f0615a4fad6:c5255, 8b17640a-2548-4323-bd97-ba3488877b23:c5255]
2019-08-20 11:36:01,423 INFO  client.GrpcClientProtocolClient (GrpcClientProtocolClient.java:onNext(255)) - client-FC58CAF12498->aeb608e6-131f-44e0-aa35-97c12a2f72a3: receive RaftClientReply:client-FC58CAF12498->aeb608e6-131f-44e0-aa35-97c12a2f72a3@group-3F41E8AD953A, cid=3502, SUCCESS, logIndex=0, commits[aeb608e6-131f-44e0-aa35-97c12a2f72a3:c5261, b6a0d396-0e26-402b-ac58-4f0615a4fad6:c5257, 8b17640a-2548-4323-bd97-ba3488877b23:c5257]
2019-08-20 11:36:01,449 INFO  client.GrpcClientProtocolClient (GrpcClientProtocolClient.java:onNext(255)) - client-FC58CAF12498->aeb608e6-131f-44e0-aa35-97c12a2f72a3: receive RaftClientReply:client-FC58CAF12498->aeb608e6-131f-44e0-aa35-97c12a2f72a3@group-3F41E8AD953A, cid=3503, SUCCESS, logIndex=5264, commits[aeb608e6-131f-44e0-aa35-97c12a2f72a3:c5265, b6a0d396-0e26-402b-ac58-4f0615a4fad6:c5261, 8b17640a-2548-4323-bd97-ba3488877b23:c5261]
2019-08-20 11:36:01,449 INFO  client.GrpcClientProtocolClient (GrpcClientProtocolClient.java:onNext(255)) - client-FC58CAF12498->aeb608e6-131f-44e0-aa35-97c12a2f72a3: receive RaftClientReply:client-FC58CAF12498->aeb608e6-131f-44e0-aa35-97c12a2f72a3@group-3F41E8AD953A, cid=3504, SUCCESS, logIndex=5265, commits[aeb608e6-131f-44e0-aa35-97c12a2f72a3:c5265, b6a0d396-0e26-402b-ac58-4f0615a4fad6:c5261, 8b17640a-2548-4323-bd97-ba3488877b23:c5261]
2019-08-20 11:36:01,476 INFO  client.GrpcClientProtocolClient (GrpcClientProtocolClient.java:onNext(255)) - client-FC58CAF12498->aeb608e6-131f-44e0-aa35-97c12a2f72a3: receive RaftClientReply:client-FC58CAF12498->aeb608e6-131f-44e0-aa35-97c12a2f72a3@group-3F41E8AD953A, cid=3505, SUCCESS, logIndex=5268, commits[aeb608e6-131f-44e0-aa35-97c12a2f72a3:c5269, b6a0d396-0e26-402b-ac58-4f0615a4fad6:c5265, 8b17640a-2548-4323-bd97-ba3488877b23:c5265]
2019-08-20 11:36:01,477 INFO  client.GrpcClientProtocolClient (GrpcClientProtocolClient.java:onNext(255)) - client-FC58CAF12498->aeb608e6-131f-44e0-aa35-97c12a2f72a3: receive RaftClientReply:client-FC58CAF12498->aeb608e6-131f-44e0-aa35-97c12a2f72a3@group-3F41E8AD953A, cid=3506, SUCCESS, logIndex=5269, commits[aeb608e6-131f-44e0-aa35-97c12a2f72a3:c5269, b6a0d396-0e26-402b-ac58-4f0615a4fad6:c5265, 8b17640a-2548-4323-bd97-ba3488877b23:c5265]
2019-08-20 11:36:01,499 INFO  client.GrpcClientProtocolClient (GrpcClientProtocolClient.java:onNext(255)) - client-FC58CAF12498->aeb608e6-131f-44e0-aa35-97c12a2f72a3: receive RaftClientReply:client-FC58CAF12498->aeb608e6-131f-44e0-aa35-97c12a2f72a3@group-3F41E8AD953A, cid=3507, SUCCESS, logIndex=0, commits[aeb608e6-131f-44e0-aa35-97c12a2f72a3:c5271, b6a0d396-0e26-402b-ac58-4f0615a4fad6:c5269, 8b17640a-2548-4323-bd97-ba3488877b23:c5269]
2019-08-20 11:36:01,533 INFO  client.GrpcClientProtocolClient (GrpcClientProtocolClient.java:onNext(255)) - client-FC58CAF12498->aeb608e6-131f-44e0-aa35-97c12a2f72a3: receive RaftClientReply:client-FC58CAF12498->aeb608e6-131f-44e0-aa35-97c12a2f72a3@group-3F41E8AD953A, cid=3508, SUCCESS, logIndex=5272, commits[aeb608e6-131f-44e0-aa35-97c12a2f72a3:c5273, b6a0d396-0e26-402b-ac58-4f0615a4fad6:c5271, 8b17640a-2548-4323-bd97-ba3488877b23:c5271]
2019-08-20 11:36:01,534 INFO  client.GrpcClientProtocolClient (GrpcClientProtocolClient.java:onNext(255)) - client-FC58CAF12498->aeb608e6-131f-44e0-aa35-97c12a2f72a3: receive RaftClientReply:client-FC58CAF12498->aeb608e6-131f-44e0-aa35-97c12a2f72a3@group-3F41E8AD953A, cid=3509, SUCCESS, logIndex=5273, commits[aeb608e6-131f-44e0-aa35-97c12a2f72a3:c5274, b6a0d396-0e26-402b-ac58-4f0615a4fad6:c5271, 8b17640a-2548-4323-bd97-ba3488877b23:c5271]
2019-08-20 11:36:01,534 INFO  client.GrpcClientProtocolClient (GrpcClientProtocolClient.java:onNext(255)) - client-FC58CAF12498->aeb608e6-131f-44e0-aa35-97c12a2f72a3: receive RaftClientReply:client-FC58CAF12498->aeb608e6-131f-44e0-aa35-97c12a2f72a3@group-3F41E8AD953A, cid=3510, SUCCESS, logIndex=5274, commits[aeb608e6-131f-44e0-aa35-97c12a2f72a3:c5275, b6a0d396-0e26-402b-ac58-4f0615a4fad6:c5271, 8b17640a-2548-4323-bd97-ba3488877b23:c5271]
2019-08-20 11:36:01,534 INFO  client.GrpcClientProtocolClient (GrpcClientProtocolClient.java:onNext(255)) - client-FC58CAF12498->aeb608e6-131f-44e0-aa35-97c12a2f72a3: receive RaftClientReply:client-FC58CAF12498->aeb608e6-131f-44e0-aa35-97c12a2f72a3@group-3F41E8AD953A, cid=3511, SUCCESS, logIndex=5275, commits[aeb608e6-131f-44e0-aa35-97c12a2f72a3:c5275, b6a0d396-0e26-402b-ac58-4f0615a4fad6:c5271, 8b17640a-2548-4323-bd97-ba3488877b23:c5271]
2019-08-20 11:36:01,538 INFO  client.GrpcClientProtocolClient (GrpcClientProtocolClient.java:onNext(255)) - client-FC58CAF12498->aeb608e6-131f-44e0-aa35-97c12a2f72a3: receive RaftClientReply:client-FC58CAF12498->aeb608e6-131f-44e0-aa35-97c12a2f72a3@group-3F41E8AD953A, cid=3512, SUCCESS, logIndex=0, commits[aeb608e6-131f-44e0-aa35-97c12a2f72a3:c5277, b6a0d396-0e26-402b-ac58-4f0615a4fad6:c5273, 8b17640a-2548-4323-bd97-ba3488877b23:c5273]
2019-08-20 11:36:01,566 INFO  client.GrpcClientProtocolClient (GrpcClientProtocolClient.java:onNext(255)) - client-FC58CAF12498->aeb608e6-131f-44e0-aa35-97c12a2f72a3: receive RaftClientReply:client-FC58CAF12498->aeb608e6-131f-44e0-aa35-97c12a2f72a3@group-3F41E8AD953A, cid=3513, SUCCESS, logIndex=5280, commits[aeb608e6-131f-44e0-aa35-97c12a2f72a3:c5280, b6a0d396-0e26-402b-ac58-4f0615a4fad6:c5279, 8b17640a-2548-4323-bd97-ba3488877b23:c5279]
2019-08-20 11:36:01,566 INFO  client.GrpcClientProtocolClient (GrpcClientProtocolClient.java:onNext(255)) - client-FC58CAF12498->aeb608e6-131f-44e0-aa35-97c12a2f72a3: receive RaftClientReply:client-FC58CAF12498->aeb608e6-131f-44e0-aa35-97c12a2f72a3@group-3F41E8AD953A, cid=3514, SUCCESS, logIndex=5281, commits[aeb608e6-131f-44e0-aa35-97c12a2f72a3:c5281, b6a0d396-0e26-402b-ac58-4f0615a4fad6:c5279, 8b17640a-2548-4323-bd97-ba3488877b23:c5279]
2019-08-20 11:36:01,580 INFO  client.GrpcClientProtocolClient (GrpcClientProtocolClient.java:onNext(255)) - client-FC58CAF12498->aeb608e6-131f-44e0-aa35-97c12a2f72a3: receive RaftClientReply:client-FC58CAF12498->aeb608e6-131f-44e0-aa35-97c12a2f72a3@group-3F41E8AD953A, cid=3515, SUCCESS, logIndex=5284, commits[aeb608e6-131f-44e0-aa35-97c12a2f72a3:c5285, b6a0d396-0e26-402b-ac58-4f0615a4fad6:c5281, 8b17640a-2548-4323-bd97-ba3488877b23:c5280]
2019-08-20 11:36:01,580 INFO  client.GrpcClientProtocolClient (GrpcClientProtocolClient.java:onNext(255)) - client-FC58CAF12498->aeb608e6-131f-44e0-aa35-97c12a2f72a3: receive RaftClientReply:client-FC58CAF12498->aeb608e6-131f-44e0-aa35-97c12a2f72a3@group-3F41E8AD953A, cid=3516, SUCCESS, logIndex=5285, commits[aeb608e6-131f-44e0-aa35-97c12a2f72a3:c5285, b6a0d396-0e26-402b-ac58-4f0615a4fad6:c5281, 8b17640a-2548-4323-bd97-ba3488877b23:c5281]
2019-08-20 11:36:01,592 INFO  client.GrpcClientProtocolClient (GrpcClientProtocolClient.java:onNext(255)) - client-FC58CAF12498->aeb608e6-131f-44e0-aa35-97c12a2f72a3: receive RaftClientReply:client-FC58CAF12498->aeb608e6-131f-44e0-aa35-97c12a2f72a3@group-3F41E8AD953A, cid=3517, SUCCESS, logIndex=0, commits[aeb608e6-131f-44e0-aa35-97c12a2f72a3:c5286, b6a0d396-0e26-402b-ac58-4f0615a4fad6:c5285, 8b17640a-2548-4323-bd97-ba3488877b23:c5285]
2019-08-20 11:36:01,629 INFO  client.GrpcClientProtocolClient (GrpcClientProtocolClient.java:onNext(255)) - client-FC58CAF12498->aeb608e6-131f-44e0-aa35-97c12a2f72a3: receive RaftClientReply:client-FC58CAF12498->aeb608e6-131f-44e0-aa35-97c12a2f72a3@group-3F41E8AD953A, cid=3518, SUCCESS, logIndex=5287, commits[aeb608e6-131f-44e0-aa35-97c12a2f72a3:c5288, b6a0d396-0e26-402b-ac58-4f0615a4fad6:c5286, 8b17640a-2548-4323-bd97-ba3488877b23:c5285]
2019-08-20 11:36:01,629 INFO  client.GrpcClientProtocolClient (GrpcClientProtocolClient.java:onNext(255)) - client-FC58CAF12498->aeb608e6-131f-44e0-aa35-97c12a2f72a3: receive RaftClientReply:client-FC58CAF12498->aeb608e6-131f-44e0-aa35-97c12a2f72a3@group-3F41E8AD953A, cid=3519, SUCCESS, logIndex=5288, commits[aeb608e6-131f-44e0-aa35-97c12a2f72a3:c5288, b6a0d396-0e26-402b-ac58-4f0615a4fad6:c5286, 8b17640a-2548-4323-bd97-ba3488877b23:c5286]
2019-08-20 11:36:01,639 INFO  client.GrpcClientProtocolClient (GrpcClientProtocolClient.java:onNext(255)) - client-FC58CAF12498->aeb608e6-131f-44e0-aa35-97c12a2f72a3: receive RaftClientReply:client-FC58CAF12498->aeb608e6-131f-44e0-aa35-97c12a2f72a3@group-3F41E8AD953A, cid=3520, SUCCESS, logIndex=5289, commits[aeb608e6-131f-44e0-aa35-97c12a2f72a3:c5290, b6a0d396-0e26-402b-ac58-4f0615a4fad6:c5286, 8b17640a-2548-4323-bd97-ba3488877b23:c5286]
2019-08-20 11:36:01,639 INFO  client.GrpcClientProtocolClient (GrpcClientProtocolClient.java:onNext(255)) - client-FC58CAF12498->aeb608e6-131f-44e0-aa35-97c12a2f72a3: receive RaftClientReply:client-FC58CAF12498->aeb608e6-131f-44e0-aa35-97c12a2f72a3@group-3F41E8AD953A, cid=3521, SUCCESS, logIndex=5290, commits[aeb608e6-131f-44e0-aa35-97c12a2f72a3:c5290, b6a0d396-0e26-402b-ac58-4f0615a4fad6:c5286, 8b17640a-2548-4323-bd97-ba3488877b23:c5286]
2019-08-20 11:36:01,653 INFO  client.GrpcClientProtocolClient (GrpcClientProtocolClient.java:onNext(255)) - client-FC58CAF12498->aeb608e6-131f-44e0-aa35-97c12a2f72a3: receive RaftClientReply:client-FC58CAF12498->aeb608e6-131f-44e0-aa35-97c12a2f72a3@group-3F41E8AD953A, cid=3522, SUCCESS, logIndex=0, commits[aeb608e6-131f-44e0-aa35-97c12a2f72a3:c5292, b6a0d396-0e26-402b-ac58-4f0615a4fad6:c5288, 8b17640a-2548-4323-bd97-ba3488877b23:c5288]
2019-08-20 11:36:01,674 INFO  client.GrpcClientProtocolClient (GrpcClientProtocolClient.java:onNext(255)) - client-FC58CAF12498->aeb608e6-131f-44e0-aa35-97c12a2f72a3: receive RaftClientReply:client-FC58CAF12498->aeb608e6-131f-44e0-aa35-97c12a2f72a3@group-3F41E8AD953A, cid=3523, SUCCESS, logIndex=5295, commits[aeb608e6-131f-44e0-aa35-97c12a2f72a3:c5296, b6a0d396-0e26-402b-ac58-4f0615a4fad6:c5294, 8b17640a-2548-4323-bd97-ba3488877b23:c5294]
2019-08-20 11:36:01,675 INFO  client.GrpcClientProtocolClient (GrpcClientProtocolClient.java:onNext(255)) - client-FC58CAF12498->aeb608e6-131f-44e0-aa35-97c12a2f72a3: receive RaftClientReply:client-FC58CAF12498->aeb608e6-131f-44e0-aa35-97c12a2f72a3@group-3F41E8AD953A, cid=3524, SUCCESS, logIndex=5296, commits[aeb608e6-131f-44e0-aa35-97c12a2f72a3:c5296, b6a0d396-0e26-402b-ac58-4f0615a4fad6:c5294, 8b17640a-2548-4323-bd97-ba3488877b23:c5294]
2019-08-20 11:36:01,700 INFO  client.GrpcClientProtocolClient (GrpcClientProtocolClient.java:onNext(255)) - client-FC58CAF12498->aeb608e6-131f-44e0-aa35-97c12a2f72a3: receive RaftClientReply:client-FC58CAF12498->aeb608e6-131f-44e0-aa35-97c12a2f72a3@group-3F41E8AD953A, cid=3525, SUCCESS, logIndex=5299, commits[aeb608e6-131f-44e0-aa35-97c12a2f72a3:c5300, b6a0d396-0e26-402b-ac58-4f0615a4fad6:c5296, 8b17640a-2548-4323-bd97-ba3488877b23:c5296]
2019-08-20 11:36:01,701 INFO  client.GrpcClientProtocolClient (GrpcClientProtocolClient.java:onNext(255)) - client-FC58CAF12498->aeb608e6-131f-44e0-aa35-97c12a2f72a3: receive RaftClientReply:client-FC58CAF12498->aeb608e6-131f-44e0-aa35-97c12a2f72a3@group-3F41E8AD953A, cid=3526, SUCCESS, logIndex=5300, commits[aeb608e6-131f-44e0-aa35-97c12a2f72a3:c5300, b6a0d396-0e26-402b-ac58-4f0615a4fad6:c5296, 8b17640a-2548-4323-bd97-ba3488877b23:c5296]
2019-08-20 11:36:01,727 INFO  client.GrpcClientProtocolClient (GrpcClientProtocolClient.java:onNext(255)) - client-FC58CAF12498->aeb608e6-131f-44e0-aa35-97c12a2f72a3: receive RaftClientReply:client-FC58CAF12498->aeb608e6-131f-44e0-aa35-97c12a2f72a3@group-3F41E8AD953A, cid=3527, SUCCESS, logIndex=0, commits[aeb608e6-131f-44e0-aa35-97c12a2f72a3:c5302, b6a0d396-0e26-402b-ac58-4f0615a4fad6:c5300, 8b17640a-2548-4323-bd97-ba3488877b23:c5300]
 0.00% |█                                                                                                    |  0/1 Time: 0:00:352019-08-20 11:36:01,766 INFO  client.GrpcClientProtocolClient (GrpcClientProtocolClient.java:onNext(255)) - client-FC58CAF12498->aeb608e6-131f-44e0-aa35-97c12a2f72a3: receive RaftClientReply:client-FC58CAF12498->aeb608e6-131f-44e0-aa35-97c12a2f72a3@group-3F41E8AD953A, cid=3528, SUCCESS, logIndex=5303, commits[aeb608e6-131f-44e0-aa35-97c12a2f72a3:c5304, b6a0d396-0e26-402b-ac58-4f0615a4fad6:c5302, 8b17640a-2548-4323-bd97-ba3488877b23:c5302]
2019-08-20 11:36:01,767 INFO  client.GrpcClientProtocolClient (GrpcClientProtocolClient.java:onNext(255)) - client-FC58CAF12498->aeb608e6-131f-44e0-aa35-97c12a2f72a3: receive RaftClientReply:client-FC58CAF12498->aeb608e6-131f-44e0-aa35-97c12a2f72a3@group-3F41E8AD953A, cid=3529, SUCCESS, logIndex=5304, commits[aeb608e6-131f-44e0-aa35-97c12a2f72a3:c5304, b6a0d396-0e26-402b-ac58-4f0615a4fad6:c5302, 8b17640a-2548-4323-bd97-ba3488877b23:c5302]
2019-08-20 11:36:01,767 INFO  client.GrpcClientProtocolClient (GrpcClientProtocolClient.java:onNext(255)) - client-FC58CAF12498->aeb608e6-131f-44e0-aa35-97c12a2f72a3: receive RaftClientReply:client-FC58CAF12498->aeb608e6-131f-44e0-aa35-97c12a2f72a3@group-3F41E8AD953A, cid=3530, SUCCESS, logIndex=5305, commits[aeb608e6-131f-44e0-aa35-97c12a2f72a3:c5306, b6a0d396-0e26-402b-ac58-4f0615a4fad6:c5302, 8b17640a-2548-4323-bd97-ba3488877b23:c5302]
2019-08-20 11:36:01,767 INFO  client.GrpcClientProtocolClient (GrpcClientProtocolClient.java:onNext(255)) - client-FC58CAF12498->aeb608e6-131f-44e0-aa35-97c12a2f72a3: receive RaftClientReply:client-FC58CAF12498->aeb608e6-131f-44e0-aa35-97c12a2f72a3@group-3F41E8AD953A, cid=3531, SUCCESS, logIndex=5306, commits[aeb608e6-131f-44e0-aa35-97c12a2f72a3:c5306, b6a0d396-0e26-402b-ac58-4f0615a4fad6:c5302, 8b17640a-2548-4323-bd97-ba3488877b23:c5302]
2019-08-20 11:36:01,787 INFO  client.GrpcClientProtocolClient (GrpcClientProtocolClient.java:onNext(255)) - client-FC58CAF12498->aeb608e6-131f-44e0-aa35-97c12a2f72a3: receive RaftClientReply:client-FC58CAF12498->aeb608e6-131f-44e0-aa35-97c12a2f72a3@group-3F41E8AD953A, cid=3532, SUCCESS, logIndex=0, commits[aeb608e6-131f-44e0-aa35-97c12a2f72a3:c5308, b6a0d396-0e26-402b-ac58-4f0615a4fad6:c5304, 8b17640a-2548-4323-bd97-ba3488877b23:c5304]
2019-08-20 11:36:01,807 INFO  client.GrpcClientProtocolClient (GrpcClientProtocolClient.java:onNext(255)) - client-FC58CAF12498->aeb608e6-131f-44e0-aa35-97c12a2f72a3: receive RaftClientReply:client-FC58CAF12498->aeb608e6-131f-44e0-aa35-97c12a2f72a3@group-3F41E8AD953A, cid=3533, SUCCESS, logIndex=5311, commits[aeb608e6-131f-44e0-aa35-97c12a2f72a3:c5312, b6a0d396-0e26-402b-ac58-4f0615a4fad6:c5310, 8b17640a-2548-4323-bd97-ba3488877b23:c5310]
2019-08-20 11:36:01,807 INFO  client.GrpcClientProtocolClient (GrpcClientProtocolClient.java:onNext(255)) - client-FC58CAF12498->aeb608e6-131f-44e0-aa35-97c12a2f72a3: receive RaftClientReply:client-FC58CAF12498->aeb608e6-131f-44e0-aa35-97c12a2f72a3@group-3F41E8AD953A, cid=3534, SUCCESS, logIndex=5312, commits[aeb608e6-131f-44e0-aa35-97c12a2f72a3:c5312, b6a0d396-0e26-402b-ac58-4f0615a4fad6:c5310, 8b17640a-2548-4323-bd97-ba3488877b23:c5310]
2019-08-20 11:36:01,838 INFO  client.GrpcClientProtocolClient (GrpcClientProtocolClient.java:onNext(255)) - client-FC58CAF12498->aeb608e6-131f-44e0-aa35-97c12a2f72a3: receive RaftClientReply:client-FC58CAF12498->aeb608e6-131f-44e0-aa35-97c12a2f72a3@group-3F41E8AD953A, cid=3535, SUCCESS, logIndex=5315, commits[aeb608e6-131f-44e0-aa35-97c12a2f72a3:c5316, b6a0d396-0e26-402b-ac58-4f0615a4fad6:c5311, 8b17640a-2548-4323-bd97-ba3488877b23:c5312]
2019-08-20 11:36:01,838 INFO  client.GrpcClientProtocolClient (GrpcClientProtocolClient.java:onNext(255)) - client-FC58CAF12498->aeb608e6-131f-44e0-aa35-97c12a2f72a3: receive RaftClientReply:client-FC58CAF12498->aeb608e6-131f-44e0-aa35-97c12a2f72a3@group-3F41E8AD953A, cid=3536, SUCCESS, logIndex=5316, commits[aeb608e6-131f-44e0-aa35-97c12a2f72a3:c5316, b6a0d396-0e26-402b-ac58-4f0615a4fad6:c5312, 8b17640a-2548-4323-bd97-ba3488877b23:c5312]
2019-08-20 11:36:01,849 INFO  client.GrpcClientProtocolClient (GrpcClientProtocolClient.java:onNext(255)) - client-FC58CAF12498->aeb608e6-131f-44e0-aa35-97c12a2f72a3: receive RaftClientReply:client-FC58CAF12498->aeb608e6-131f-44e0-aa35-97c12a2f72a3@group-3F41E8AD953A, cid=3537, SUCCESS, logIndex=0, commits[aeb608e6-131f-44e0-aa35-97c12a2f72a3:c5317, b6a0d396-0e26-402b-ac58-4f0615a4fad6:c5316, 8b17640a-2548-4323-bd97-ba3488877b23:c5316]
2019-08-20 11:36:01,886 INFO  client.GrpcClientProtocolClient (GrpcClientProtocolClient.java:onNext(255)) - client-FC58CAF12498->aeb608e6-131f-44e0-aa35-97c12a2f72a3: receive RaftClientReply:client-FC58CAF12498->aeb608e6-131f-44e0-aa35-97c12a2f72a3@group-3F41E8AD953A, cid=3538, SUCCESS, logIndex=5318, commits[aeb608e6-131f-44e0-aa35-97c12a2f72a3:c5319, b6a0d396-0e26-402b-ac58-4f0615a4fad6:c5317, 8b17640a-2548-4323-bd97-ba3488877b23:c5317]
2019-08-20 11:36:01,886 INFO  client.GrpcClientProtocolClient (GrpcClientProtocolClient.java:onNext(255)) - client-FC58CAF12498->aeb608e6-131f-44e0-aa35-97c12a2f72a3: receive RaftClientReply:client-FC58CAF12498->aeb608e6-131f-44e0-aa35-97c12a2f72a3@group-3F41E8AD953A, cid=3539, SUCCESS, logIndex=5319, commits[aeb608e6-131f-44e0-aa35-97c12a2f72a3:c5321, b6a0d396-0e26-402b-ac58-4f0615a4fad6:c5317, 8b17640a-2548-4323-bd97-ba3488877b23:c5317]
2019-08-20 11:36:01,887 INFO  client.GrpcClientProtocolClient (GrpcClientProtocolClient.java:onNext(255)) - client-FC58CAF12498->aeb608e6-131f-44e0-aa35-97c12a2f72a3: receive RaftClientReply:client-FC58CAF12498->aeb608e6-131f-44e0-aa35-97c12a2f72a3@group-3F41E8AD953A, cid=3540, SUCCESS, logIndex=5320, commits[aeb608e6-131f-44e0-aa35-97c12a2f72a3:c5321, b6a0d396-0e26-402b-ac58-4f0615a4fad6:c5317, 8b17640a-2548-4323-bd97-ba3488877b23:c5317]
2019-08-20 11:36:01,887 INFO  client.GrpcClientProtocolClient (GrpcClientProtocolClient.java:onNext(255)) - client-FC58CAF12498->aeb608e6-131f-44e0-aa35-97c12a2f72a3: receive RaftClientReply:client-FC58CAF12498->aeb608e6-131f-44e0-aa35-97c12a2f72a3@group-3F41E8AD953A, cid=3541, SUCCESS, logIndex=5321, commits[aeb608e6-131f-44e0-aa35-97c12a2f72a3:c5321, b6a0d396-0e26-402b-ac58-4f0615a4fad6:c5317, 8b17640a-2548-4323-bd97-ba3488877b23:c5317]
2019-08-20 11:36:01,900 INFO  client.GrpcClientProtocolClient (GrpcClientProtocolClient.java:onNext(255)) - client-FC58CAF12498->aeb608e6-131f-44e0-aa35-97c12a2f72a3: receive RaftClientReply:client-FC58CAF12498->aeb608e6-131f-44e0-aa35-97c12a2f72a3@group-3F41E8AD953A, cid=3542, SUCCESS, logIndex=0, commits[aeb608e6-131f-44e0-aa35-97c12a2f72a3:c5323, b6a0d396-0e26-402b-ac58-4f0615a4fad6:c5319, 8b17640a-2548-4323-bd97-ba3488877b23:c5319]
2019-08-20 11:36:01,923 INFO  client.GrpcClientProtocolClient (GrpcClientProtocolClient.java:onNext(255)) - client-FC58CAF12498->aeb608e6-131f-44e0-aa35-97c12a2f72a3: receive RaftClientReply:client-FC58CAF12498->aeb608e6-131f-44e0-aa35-97c12a2f72a3@group-3F41E8AD953A, cid=3543, SUCCESS, logIndex=5325, commits[aeb608e6-131f-44e0-aa35-97c12a2f72a3:c5326, b6a0d396-0e26-402b-ac58-4f0615a4fad6:c5324, 8b17640a-2548-4323-bd97-ba3488877b23:c5324]
2019-08-20 11:36:01,924 INFO  client.GrpcClientProtocolClient (GrpcClientProtocolClient.java:onNext(255)) - client-FC58CAF12498->aeb608e6-131f-44e0-aa35-97c12a2f72a3: receive RaftClientReply:client-FC58CAF12498->aeb608e6-131f-44e0-aa35-97c12a2f72a3@group-3F41E8AD953A, cid=3544, SUCCESS, logIndex=5326, commits[aeb608e6-131f-44e0-aa35-97c12a2f72a3:c5326, b6a0d396-0e26-402b-ac58-4f0615a4fad6:c5324, 8b17640a-2548-4323-bd97-ba3488877b23:c5324]
 0.00% |█                                                                                                    |  0/1 Time: 0:00:36 0.00% |█                                                                                                    |  0/1 Time: 0:00:37 0.00% |█                                                                                                    |  0/1 Time: 0:00:382019-08-20 11:36:04,924 WARN  server.GrpcLogAppender (GrpcLogAppender.java:timeoutAppendRequest(200)) - GrpcLogAppender(aeb608e6-131f-44e0-aa35-97c12a2f72a3->b6a0d396-0e26-402b-ac58-4f0615a4fad6): appendEntries Timeout, request=aeb608e6-131f-44e0-aa35-97c12a2f72a3->b6a0d396-0e26-402b-ac58-4f0615a4fad6#5335-t1, previous=(t:1, i:5327), leaderCommit=5326, initializing? false, entries: size=1, first=(t:1, i:5328), METADATAENTRY(c5326)
2019-08-20 11:36:04,924 WARN  server.GrpcLogAppender (GrpcLogAppender.java:timeoutAppendRequest(200)) - GrpcLogAppender(aeb608e6-131f-44e0-aa35-97c12a2f72a3->8b17640a-2548-4323-bd97-ba3488877b23): appendEntries Timeout, request=aeb608e6-131f-44e0-aa35-97c12a2f72a3->8b17640a-2548-4323-bd97-ba3488877b23#5335-t1, previous=(t:1, i:5327), leaderCommit=5326, initializing? false, entries: size=1, first=(t:1, i:5328), METADATAENTRY(c5326)
2019-08-20 11:36:04,929 WARN  server.GrpcLogAppender (GrpcLogAppender.java:timeoutAppendRequest(200)) - GrpcLogAppender(aeb608e6-131f-44e0-aa35-97c12a2f72a3->8b17640a-2548-4323-bd97-ba3488877b23): appendEntries Timeout, request=aeb608e6-131f-44e0-aa35-97c12a2f72a3->8b17640a-2548-4323-bd97-ba3488877b23#5336-t1, previous=(t:1, i:5328), leaderCommit=5326, initializing? false, entries: size=1, first=(t:1, i:5329), STATEMACHINELOGENTRY, client-FC58CAF12498, cid=3545
2019-08-20 11:36:04,929 WARN  server.GrpcLogAppender (GrpcLogAppender.java:timeoutAppendRequest(200)) - GrpcLogAppender(aeb608e6-131f-44e0-aa35-97c12a2f72a3->b6a0d396-0e26-402b-ac58-4f0615a4fad6): appendEntries Timeout, request=aeb608e6-131f-44e0-aa35-97c12a2f72a3->b6a0d396-0e26-402b-ac58-4f0615a4fad6#5336-t1, previous=(t:1, i:5328), leaderCommit=5326, initializing? false, entries: size=1, first=(t:1, i:5329), STATEMACHINELOGENTRY, client-FC58CAF12498, cid=3545
2019-08-20 11:36:04,930 WARN  server.GrpcLogAppender (GrpcLogAppender.java:timeoutAppendRequest(200)) - GrpcLogAppender(aeb608e6-131f-44e0-aa35-97c12a2f72a3->8b17640a-2548-4323-bd97-ba3488877b23): appendEntries Timeout, request=aeb608e6-131f-44e0-aa35-97c12a2f72a3->8b17640a-2548-4323-bd97-ba3488877b23#5337-t1, previous=(t:1, i:5329), leaderCommit=5326, initializing? false, entries: size=1, first=(t:1, i:5330), STATEMACHINELOGENTRY, client-FC58CAF12498, cid=3546
2019-08-20 11:36:04,930 WARN  server.GrpcLogAppender (GrpcLogAppender.java:timeoutAppendRequest(200)) - GrpcLogAppender(aeb608e6-131f-44e0-aa35-97c12a2f72a3->b6a0d396-0e26-402b-ac58-4f0615a4fad6): appendEntries Timeout, request=aeb608e6-131f-44e0-aa35-97c12a2f72a3->b6a0d396-0e26-402b-ac58-4f0615a4fad6#5337-t1, previous=(t:1, i:5329), leaderCommit=5326, initializing? false, entries: size=1, first=(t:1, i:5330), STATEMACHINELOGENTRY, client-FC58CAF12498, cid=3546
2019-08-20 11:36:05,609 WARN  server.GrpcLogAppender (GrpcLogAppender.java:onNextImpl(250)) - org.apache.ratis.grpc.server.GrpcLogAppender$AppendLogResponseHandler@10b66839: Request not found, ignoring reply: aeb608e6-131f-44e0-aa35-97c12a2f72a3<-b6a0d396-0e26-402b-ac58-4f0615a4fad6#5335:OK,SUCCESS,nextIndex:5329,term:1,followerCommit:5327
2019-08-20 11:36:05,609 WARN  server.GrpcLogAppender (GrpcLogAppender.java:onNextImpl(250)) - org.apache.ratis.grpc.server.GrpcLogAppender$AppendLogResponseHandler@43b61fed: Request not found, ignoring reply: aeb608e6-131f-44e0-aa35-97c12a2f72a3<-8b17640a-2548-4323-bd97-ba3488877b23#5335:OK,SUCCESS,nextIndex:5329,term:1,followerCommit:5326
2019-08-20 11:36:05,609 WARN  server.GrpcLogAppender (GrpcLogAppender.java:onNextImpl(250)) - org.apache.ratis.grpc.server.GrpcLogAppender$AppendLogResponseHandler@10b66839: Request not found, ignoring reply: aeb608e6-131f-44e0-aa35-97c12a2f72a3<-b6a0d396-0e26-402b-ac58-4f0615a4fad6#5336:OK,SUCCESS,nextIndex:5330,term:1,followerCommit:5327
2019-08-20 11:36:05,609 WARN  server.GrpcLogAppender (GrpcLogAppender.java:onNextImpl(250)) - org.apache.ratis.grpc.server.GrpcLogAppender$AppendLogResponseHandler@43b61fed: Request not found, ignoring reply: aeb608e6-131f-44e0-aa35-97c12a2f72a3<-8b17640a-2548-4323-bd97-ba3488877b23#5336:OK,SUCCESS,nextIndex:5330,term:1,followerCommit:5326
2019-08-20 11:36:05,609 WARN  server.GrpcLogAppender (GrpcLogAppender.java:onNextImpl(250)) - org.apache.ratis.grpc.server.GrpcLogAppender$AppendLogResponseHandler@10b66839: Request not found, ignoring reply: aeb608e6-131f-44e0-aa35-97c12a2f72a3<-b6a0d396-0e26-402b-ac58-4f0615a4fad6#5337:OK,SUCCESS,nextIndex:5331,term:1,followerCommit:5327
2019-08-20 11:36:05,610 WARN  server.GrpcLogAppender (GrpcLogAppender.java:onNextImpl(250)) - org.apache.ratis.grpc.server.GrpcLogAppender$AppendLogResponseHandler@43b61fed: Request not found, ignoring reply: aeb608e6-131f-44e0-aa35-97c12a2f72a3<-8b17640a-2548-4323-bd97-ba3488877b23#5337:OK,SUCCESS,nextIndex:5331,term:1,followerCommit:5326
2019-08-20 11:36:05,611 INFO  client.GrpcClientProtocolClient (GrpcClientProtocolClient.java:onNext(255)) - client-FC58CAF12498->aeb608e6-131f-44e0-aa35-97c12a2f72a3: receive RaftClientReply:client-FC58CAF12498->aeb608e6-131f-44e0-aa35-97c12a2f72a3@group-3F41E8AD953A, cid=3545, SUCCESS, logIndex=5329, commits[aeb608e6-131f-44e0-aa35-97c12a2f72a3:c5330, b6a0d396-0e26-402b-ac58-4f0615a4fad6:c5327, 8b17640a-2548-4323-bd97-ba3488877b23:c5325]
2019-08-20 11:36:05,612 INFO  client.GrpcClientProtocolClient (GrpcClientProtocolClient.java:onNext(255)) - client-FC58CAF12498->aeb608e6-131f-44e0-aa35-97c12a2f72a3: receive RaftClientReply:client-FC58CAF12498->aeb608e6-131f-44e0-aa35-97c12a2f72a3@group-3F41E8AD953A, cid=3546, SUCCESS, logIndex=5330, commits[aeb608e6-131f-44e0-aa35-97c12a2f72a3:c5330, b6a0d396-0e26-402b-ac58-4f0615a4fad6:c5327, 8b17640a-2548-4323-bd97-ba3488877b23:c5325]
 0.00% |█                                                                                                    |  0/1 Time: 0:00:39 0.00% |█                                                                                                    |  0/1 Time: 0:00:40 0.00% |█                                                                                                    |  0/1 Time: 0:00:41 0.00% |█                                                                                                    |  0/1 Time: 0:00:42 0.00% |█                                                                                                    |  0/1 Time: 0:00:43 0.00% |█                                                                                                    |  0/1 Time: 0:00:442019-08-20 11:36:11,021 INFO  client.GrpcClientProtocolClient (GrpcClientProtocolClient.java:onNext(255)) - client-FC58CAF12498->8b17640a-2548-4323-bd97-ba3488877b23: receive RaftClientReply:client-FC58CAF12498->8b17640a-2548-4323-bd97-ba3488877b23@group-3F41E8AD953A, cid=3545, FAILED org.apache.ratis.protocol.NotLeaderException: Server 8b17640a-2548-4323-bd97-ba3488877b23 is not the leader (aeb608e6-131f-44e0-aa35-97c12a2f72a3:192.168.5.133:33548). Request must be sent to leader., logIndex=0, commits[8b17640a-2548-4323-bd97-ba3488877b23:c5331, b6a0d396-0e26-402b-ac58-4f0615a4fad6:c5330, aeb608e6-131f-44e0-aa35-97c12a2f72a3:c5331]
2019-08-20 11:36:11,051 INFO  client.GrpcClientProtocolClient (GrpcClientProtocolClient.java:onNext(255)) - client-FC58CAF12498->aeb608e6-131f-44e0-aa35-97c12a2f72a3: receive RaftClientReply:client-FC58CAF12498->aeb608e6-131f-44e0-aa35-97c12a2f72a3@group-3F41E8AD953A, cid=3545, SUCCESS, logIndex=5329, commits[aeb608e6-131f-44e0-aa35-97c12a2f72a3:c5330, b6a0d396-0e26-402b-ac58-4f0615a4fad6:c5327, 8b17640a-2548-4323-bd97-ba3488877b23:c5325]
2019-08-20 11:36:11,058 INFO  client.GrpcClientProtocolClient (GrpcClientProtocolClient.java:onNext(255)) - client-FC58CAF12498->aeb608e6-131f-44e0-aa35-97c12a2f72a3: receive RaftClientReply:client-FC58CAF12498->aeb608e6-131f-44e0-aa35-97c12a2f72a3@group-3F41E8AD953A, cid=3546, SUCCESS, logIndex=5330, commits[aeb608e6-131f-44e0-aa35-97c12a2f72a3:c5330, b6a0d396-0e26-402b-ac58-4f0615a4fad6:c5327, 8b17640a-2548-4323-bd97-ba3488877b23:c5325]
2019-08-20 11:36:11,065 INFO  client.GrpcClientProtocolClient (GrpcClientProtocolClient.java:onNext(255)) - client-FC58CAF12498->aeb608e6-131f-44e0-aa35-97c12a2f72a3: receive RaftClientReply:client-FC58CAF12498->aeb608e6-131f-44e0-aa35-97c12a2f72a3@group-3F41E8AD953A, cid=3547, SUCCESS, logIndex=0, commits[aeb608e6-131f-44e0-aa35-97c12a2f72a3:c5331, b6a0d396-0e26-402b-ac58-4f0615a4fad6:c5331, 8b17640a-2548-4323-bd97-ba3488877b23:c5331]
2019-08-20 11:36:11,067 INFO  client.GrpcClientProtocolClient (GrpcClientProtocolClient.java:onNext(255)) - client-FC58CAF12498->aeb608e6-131f-44e0-aa35-97c12a2f72a3: receive RaftClientReply:client-FC58CAF12498->aeb608e6-131f-44e0-aa35-97c12a2f72a3@group-3F41E8AD953A, cid=3548, SUCCESS, logIndex=0, commits[aeb608e6-131f-44e0-aa35-97c12a2f72a3:c5331, b6a0d396-0e26-402b-ac58-4f0615a4fad6:c5331, 8b17640a-2548-4323-bd97-ba3488877b23:c5331]
2019-08-20 11:36:11,106 INFO  client.GrpcClientProtocolClient (GrpcClientProtocolClient.java:onNext(255)) - client-FC58CAF12498->aeb608e6-131f-44e0-aa35-97c12a2f72a3: receive RaftClientReply:client-FC58CAF12498->aeb608e6-131f-44e0-aa35-97c12a2f72a3@group-3F41E8AD953A, cid=3549, SUCCESS, logIndex=5332, commits[aeb608e6-131f-44e0-aa35-97c12a2f72a3:c5333, b6a0d396-0e26-402b-ac58-4f0615a4fad6:c5331, 8b17640a-2548-4323-bd97-ba3488877b23:c5331]
2019-08-20 11:36:11,107 INFO  client.GrpcClientProtocolClient (GrpcClientProtocolClient.java:onNext(255)) - client-FC58CAF12498->aeb608e6-131f-44e0-aa35-97c12a2f72a3: receive RaftClientReply:client-FC58CAF12498->aeb608e6-131f-44e0-aa35-97c12a2f72a3@group-3F41E8AD953A, cid=3550, SUCCESS, logIndex=5333, commits[aeb608e6-131f-44e0-aa35-97c12a2f72a3:c5333, b6a0d396-0e26-402b-ac58-4f0615a4fad6:c5331, 8b17640a-2548-4323-bd97-ba3488877b23:c5331]
2019-08-20 11:36:11,119 INFO  client.GrpcClientProtocolClient (GrpcClientProtocolClient.java:onNext(255)) - client-FC58CAF12498->aeb608e6-131f-44e0-aa35-97c12a2f72a3: receive RaftClientReply:client-FC58CAF12498->aeb608e6-131f-44e0-aa35-97c12a2f72a3@group-3F41E8AD953A, cid=3551, SUCCESS, logIndex=5334, commits[aeb608e6-131f-44e0-aa35-97c12a2f72a3:c5335, b6a0d396-0e26-402b-ac58-4f0615a4fad6:c5331, 8b17640a-2548-4323-bd97-ba3488877b23:c5331]
2019-08-20 11:36:11,119 INFO  client.GrpcClientProtocolClient (GrpcClientProtocolClient.java:onNext(255)) - client-FC58CAF12498->aeb608e6-131f-44e0-aa35-97c12a2f72a3: receive RaftClientReply:client-FC58CAF12498->aeb608e6-131f-44e0-aa35-97c12a2f72a3@group-3F41E8AD953A, cid=3552, SUCCESS, logIndex=5335, commits[aeb608e6-131f-44e0-aa35-97c12a2f72a3:c5335, b6a0d396-0e26-402b-ac58-4f0615a4fad6:c5331, 8b17640a-2548-4323-bd97-ba3488877b23:c5331]
2019-08-20 11:36:11,131 INFO  client.GrpcClientProtocolClient (GrpcClientProtocolClient.java:onNext(255)) - client-FC58CAF12498->aeb608e6-131f-44e0-aa35-97c12a2f72a3: receive RaftClientReply:client-FC58CAF12498->aeb608e6-131f-44e0-aa35-97c12a2f72a3@group-3F41E8AD953A, cid=3553, SUCCESS, logIndex=0, commits[aeb608e6-131f-44e0-aa35-97c12a2f72a3:c5337, b6a0d396-0e26-402b-ac58-4f0615a4fad6:c5333, 8b17640a-2548-4323-bd97-ba3488877b23:c5333]
2019-08-20 11:36:11,157 INFO  client.GrpcClientProtocolClient (GrpcClientProtocolClient.java:onNext(255)) - client-FC58CAF12498->aeb608e6-131f-44e0-aa35-97c12a2f72a3: receive RaftClientReply:client-FC58CAF12498->aeb608e6-131f-44e0-aa35-97c12a2f72a3@group-3F41E8AD953A, cid=3554, SUCCESS, logIndex=5340, commits[aeb608e6-131f-44e0-aa35-97c12a2f72a3:c5340, b6a0d396-0e26-402b-ac58-4f0615a4fad6:c5337, 8b17640a-2548-4323-bd97-ba3488877b23:c5337]
2019-08-20 11:36:11,158 INFO  client.GrpcClientProtocolClient (GrpcClientProtocolClient.java:onNext(255)) - client-FC58CAF12498->aeb608e6-131f-44e0-aa35-97c12a2f72a3: receive RaftClientReply:client-FC58CAF12498->aeb608e6-131f-44e0-aa35-97c12a2f72a3@group-3F41E8AD953A, cid=3555, SUCCESS, logIndex=5341, commits[aeb608e6-131f-44e0-aa35-97c12a2f72a3:c5341, b6a0d396-0e26-402b-ac58-4f0615a4fad6:c5337, 8b17640a-2548-4323-bd97-ba3488877b23:c5337]
2019-08-20 11:36:11,183 INFO  client.GrpcClientProtocolClient (GrpcClientProtocolClient.java:onNext(255)) - client-FC58CAF12498->aeb608e6-131f-44e0-aa35-97c12a2f72a3: receive RaftClientReply:client-FC58CAF12498->aeb608e6-131f-44e0-aa35-97c12a2f72a3@group-3F41E8AD953A, cid=3556, SUCCESS, logIndex=5344, commits[aeb608e6-131f-44e0-aa35-97c12a2f72a3:c5345, b6a0d396-0e26-402b-ac58-4f0615a4fad6:c5341, 8b17640a-2548-4323-bd97-ba3488877b23:c5341]
2019-08-20 11:36:11,184 INFO  client.GrpcClientProtocolClient (GrpcClientProtocolClient.java:onNext(255)) - client-FC58CAF12498->aeb608e6-131f-44e0-aa35-97c12a2f72a3: receive RaftClientReply:client-FC58CAF12498->aeb608e6-131f-44e0-aa35-97c12a2f72a3@group-3F41E8AD953A, cid=3557, SUCCESS, logIndex=5345, commits[aeb608e6-131f-44e0-aa35-97c12a2f72a3:c5345, b6a0d396-0e26-402b-ac58-4f0615a4fad6:c5341, 8b17640a-2548-4323-bd97-ba3488877b23:c5341]
2019-08-20 11:36:11,205 INFO  client.GrpcClientProtocolClient (GrpcClientProtocolClient.java:onNext(255)) - client-FC58CAF12498->aeb608e6-131f-44e0-aa35-97c12a2f72a3: receive RaftClientReply:client-FC58CAF12498->aeb608e6-131f-44e0-aa35-97c12a2f72a3@group-3F41E8AD953A, cid=3558, SUCCESS, logIndex=0, commits[aeb608e6-131f-44e0-aa35-97c12a2f72a3:c5347, b6a0d396-0e26-402b-ac58-4f0615a4fad6:c5345, 8b17640a-2548-4323-bd97-ba3488877b23:c5345]
2019-08-20 11:36:11,240 INFO  client.GrpcClientProtocolClient (GrpcClientProtocolClient.java:onNext(255)) - client-FC58CAF12498->aeb608e6-131f-44e0-aa35-97c12a2f72a3: receive RaftClientReply:client-FC58CAF12498->aeb608e6-131f-44e0-aa35-97c12a2f72a3@group-3F41E8AD953A, cid=3559, SUCCESS, logIndex=5348, commits[aeb608e6-131f-44e0-aa35-97c12a2f72a3:c5349, b6a0d396-0e26-402b-ac58-4f0615a4fad6:c5347, 8b17640a-2548-4323-bd97-ba3488877b23:c5347]
2019-08-20 11:36:11,240 INFO  client.GrpcClientProtocolClient (GrpcClientProtocolClient.java:onNext(255)) - client-FC58CAF12498->aeb608e6-131f-44e0-aa35-97c12a2f72a3: receive RaftClientReply:client-FC58CAF12498->aeb608e6-131f-44e0-aa35-97c12a2f72a3@group-3F41E8AD953A, cid=3560, SUCCESS, logIndex=5349, commits[aeb608e6-131f-44e0-aa35-97c12a2f72a3:c5351, b6a0d396-0e26-402b-ac58-4f0615a4fad6:c5347, 8b17640a-2548-4323-bd97-ba3488877b23:c5347]
2019-08-20 11:36:11,241 INFO  client.GrpcClientProtocolClient (GrpcClientProtocolClient.java:onNext(255)) - client-FC58CAF12498->aeb608e6-131f-44e0-aa35-97c12a2f72a3: receive RaftClientReply:client-FC58CAF12498->aeb608e6-131f-44e0-aa35-97c12a2f72a3@group-3F41E8AD953A, cid=3561, SUCCESS, logIndex=5350, commits[aeb608e6-131f-44e0-aa35-97c12a2f72a3:c5351, b6a0d396-0e26-402b-ac58-4f0615a4fad6:c5347, 8b17640a-2548-4323-bd97-ba3488877b23:c5347]
2019-08-20 11:36:11,241 INFO  client.GrpcClientProtocolClient (GrpcClientProtocolClient.java:onNext(255)) - client-FC58CAF12498->aeb608e6-131f-44e0-aa35-97c12a2f72a3: receive RaftClientReply:client-FC58CAF12498->aeb608e6-131f-44e0-aa35-97c12a2f72a3@group-3F41E8AD953A, cid=3562, SUCCESS, logIndex=5351, commits[aeb608e6-131f-44e0-aa35-97c12a2f72a3:c5351, b6a0d396-0e26-402b-ac58-4f0615a4fad6:c5347, 8b17640a-2548-4323-bd97-ba3488877b23:c5347]
2019-08-20 11:36:11,245 INFO  client.GrpcClientProtocolClient (GrpcClientProtocolClient.java:onNext(255)) - client-FC58CAF12498->aeb608e6-131f-44e0-aa35-97c12a2f72a3: receive RaftClientReply:client-FC58CAF12498->aeb608e6-131f-44e0-aa35-97c12a2f72a3@group-3F41E8AD953A, cid=3563, SUCCESS, logIndex=0, commits[aeb608e6-131f-44e0-aa35-97c12a2f72a3:c5353, b6a0d396-0e26-402b-ac58-4f0615a4fad6:c5349, 8b17640a-2548-4323-bd97-ba3488877b23:c5349]
2019-08-20 11:36:11,266 INFO  client.GrpcClientProtocolClient (GrpcClientProtocolClient.java:onNext(255)) - client-FC58CAF12498->aeb608e6-131f-44e0-aa35-97c12a2f72a3: receive RaftClientReply:client-FC58CAF12498->aeb608e6-131f-44e0-aa35-97c12a2f72a3@group-3F41E8AD953A, cid=3564, SUCCESS, logIndex=5356, commits[aeb608e6-131f-44e0-aa35-97c12a2f72a3:c5357, b6a0d396-0e26-402b-ac58-4f0615a4fad6:c5355, 8b17640a-2548-4323-bd97-ba3488877b23:c5355]
2019-08-20 11:36:11,266 INFO  client.GrpcClientProtocolClient (GrpcClientProtocolClient.java:onNext(255)) - client-FC58CAF12498->aeb608e6-131f-44e0-aa35-97c12a2f72a3: receive RaftClientReply:client-FC58CAF12498->aeb608e6-131f-44e0-aa35-97c12a2f72a3@group-3F41E8AD953A, cid=3565, SUCCESS, logIndex=5357, commits[aeb608e6-131f-44e0-aa35-97c12a2f72a3:c5357, b6a0d396-0e26-402b-ac58-4f0615a4fad6:c5355, 8b17640a-2548-4323-bd97-ba3488877b23:c5355]
2019-08-20 11:36:11,287 INFO  client.GrpcClientProtocolClient (GrpcClientProtocolClient.java:onNext(255)) - client-FC58CAF12498->aeb608e6-131f-44e0-aa35-97c12a2f72a3: receive RaftClientReply:client-FC58CAF12498->aeb608e6-131f-44e0-aa35-97c12a2f72a3@group-3F41E8AD953A, cid=3566, SUCCESS, logIndex=5360, commits[aeb608e6-131f-44e0-aa35-97c12a2f72a3:c5361, b6a0d396-0e26-402b-ac58-4f0615a4fad6:c5359, 8b17640a-2548-4323-bd97-ba3488877b23:c5357]
2019-08-20 11:36:11,288 INFO  client.GrpcClientProtocolClient (GrpcClientProtocolClient.java:onNext(255)) - client-FC58CAF12498->aeb608e6-131f-44e0-aa35-97c12a2f72a3: receive RaftClientReply:client-FC58CAF12498->aeb608e6-131f-44e0-aa35-97c12a2f72a3@group-3F41E8AD953A, cid=3567, SUCCESS, logIndex=5361, commits[aeb608e6-131f-44e0-aa35-97c12a2f72a3:c5361, b6a0d396-0e26-402b-ac58-4f0615a4fad6:c5359, 8b17640a-2548-4323-bd97-ba3488877b23:c5359]
2019-08-20 11:36:11,290 INFO  client.GrpcClientProtocolClient (GrpcClientProtocolClient.java:onNext(255)) - client-FC58CAF12498->aeb608e6-131f-44e0-aa35-97c12a2f72a3: receive RaftClientReply:client-FC58CAF12498->aeb608e6-131f-44e0-aa35-97c12a2f72a3@group-3F41E8AD953A, cid=3568, SUCCESS, logIndex=0, commits[aeb608e6-131f-44e0-aa35-97c12a2f72a3:c5362, b6a0d396-0e26-402b-ac58-4f0615a4fad6:c5361, 8b17640a-2548-4323-bd97-ba3488877b23:c5361]
2019-08-20 11:36:11,322 INFO  client.GrpcClientProtocolClient (GrpcClientProtocolClient.java:onNext(255)) - client-FC58CAF12498->aeb608e6-131f-44e0-aa35-97c12a2f72a3: receive RaftClientReply:client-FC58CAF12498->aeb608e6-131f-44e0-aa35-97c12a2f72a3@group-3F41E8AD953A, cid=3569, SUCCESS, logIndex=5363, commits[aeb608e6-131f-44e0-aa35-97c12a2f72a3:c5366, b6a0d396-0e26-402b-ac58-4f0615a4fad6:c5362, 8b17640a-2548-4323-bd97-ba3488877b23:c5362]
2019-08-20 11:36:11,322 INFO  client.GrpcClientProtocolClient (GrpcClientProtocolClient.java:onNext(255)) - client-FC58CAF12498->aeb608e6-131f-44e0-aa35-97c12a2f72a3: receive RaftClientReply:client-FC58CAF12498->aeb608e6-131f-44e0-aa35-97c12a2f72a3@group-3F41E8AD953A, cid=3570, SUCCESS, logIndex=5364, commits[aeb608e6-131f-44e0-aa35-97c12a2f72a3:c5366, b6a0d396-0e26-402b-ac58-4f0615a4fad6:c5362, 8b17640a-2548-4323-bd97-ba3488877b23:c5362]
2019-08-20 11:36:11,323 INFO  client.GrpcClientProtocolClient (GrpcClientProtocolClient.java:onNext(255)) - client-FC58CAF12498->aeb608e6-131f-44e0-aa35-97c12a2f72a3: receive RaftClientReply:client-FC58CAF12498->aeb608e6-131f-44e0-aa35-97c12a2f72a3@group-3F41E8AD953A, cid=3571, SUCCESS, logIndex=5365, commits[aeb608e6-131f-44e0-aa35-97c12a2f72a3:c5366, b6a0d396-0e26-402b-ac58-4f0615a4fad6:c5362, 8b17640a-2548-4323-bd97-ba3488877b23:c5362]
2019-08-20 11:36:11,323 INFO  client.GrpcClientProtocolClient (GrpcClientProtocolClient.java:onNext(255)) - client-FC58CAF12498->aeb608e6-131f-44e0-aa35-97c12a2f72a3: receive RaftClientReply:client-FC58CAF12498->aeb608e6-131f-44e0-aa35-97c12a2f72a3@group-3F41E8AD953A, cid=3572, SUCCESS, logIndex=5366, commits[aeb608e6-131f-44e0-aa35-97c12a2f72a3:c5366, b6a0d396-0e26-402b-ac58-4f0615a4fad6:c5362, 8b17640a-2548-4323-bd97-ba3488877b23:c5362]
2019-08-20 11:36:11,328 INFO  client.GrpcClientProtocolClient (GrpcClientProtocolClient.java:onNext(255)) - client-FC58CAF12498->aeb608e6-131f-44e0-aa35-97c12a2f72a3: receive RaftClientReply:client-FC58CAF12498->aeb608e6-131f-44e0-aa35-97c12a2f72a3@group-3F41E8AD953A, cid=3573, SUCCESS, logIndex=0, commits[aeb608e6-131f-44e0-aa35-97c12a2f72a3:c5369, b6a0d396-0e26-402b-ac58-4f0615a4fad6:c5364, 8b17640a-2548-4323-bd97-ba3488877b23:c5365]
2019-08-20 11:36:11,346 INFO  client.GrpcClientProtocolClient (GrpcClientProtocolClient.java:onNext(255)) - client-FC58CAF12498->aeb608e6-131f-44e0-aa35-97c12a2f72a3: receive RaftClientReply:client-FC58CAF12498->aeb608e6-131f-44e0-aa35-97c12a2f72a3@group-3F41E8AD953A, cid=3574, SUCCESS, logIndex=5371, commits[aeb608e6-131f-44e0-aa35-97c12a2f72a3:c5372, b6a0d396-0e26-402b-ac58-4f0615a4fad6:c5370, 8b17640a-2548-4323-bd97-ba3488877b23:c5370]
2019-08-20 11:36:11,347 INFO  client.GrpcClientProtocolClient (GrpcClientProtocolClient.java:onNext(255)) - client-FC58CAF12498->aeb608e6-131f-44e0-aa35-97c12a2f72a3: receive RaftClientReply:client-FC58CAF12498->aeb608e6-131f-44e0-aa35-97c12a2f72a3@group-3F41E8AD953A, cid=3575, SUCCESS, logIndex=5372, commits[aeb608e6-131f-44e0-aa35-97c12a2f72a3:c5372, b6a0d396-0e26-402b-ac58-4f0615a4fad6:c5370, 8b17640a-2548-4323-bd97-ba3488877b23:c5370]
2019-08-20 11:36:11,447 INFO  client.GrpcClientProtocolClient (GrpcClientProtocolClient.java:onNext(255)) - client-FC58CAF12498->aeb608e6-131f-44e0-aa35-97c12a2f72a3: receive RaftClientReply:client-FC58CAF12498->aeb608e6-131f-44e0-aa35-97c12a2f72a3@group-3F41E8AD953A, cid=3576, SUCCESS, logIndex=5375, commits[aeb608e6-131f-44e0-aa35-97c12a2f72a3:c5376, b6a0d396-0e26-402b-ac58-4f0615a4fad6:c5373, 8b17640a-2548-4323-bd97-ba3488877b23:c5372]
2019-08-20 11:36:11,447 INFO  client.GrpcClientProtocolClient (GrpcClientProtocolClient.java:onNext(255)) - client-FC58CAF12498->aeb608e6-131f-44e0-aa35-97c12a2f72a3: receive RaftClientReply:client-FC58CAF12498->aeb608e6-131f-44e0-aa35-97c12a2f72a3@group-3F41E8AD953A, cid=3577, SUCCESS, logIndex=5376, commits[aeb608e6-131f-44e0-aa35-97c12a2f72a3:c5376, b6a0d396-0e26-402b-ac58-4f0615a4fad6:c5373, 8b17640a-2548-4323-bd97-ba3488877b23:c5373]
2019-08-20 11:36:11,458 INFO  client.GrpcClientProtocolClient (GrpcClientProtocolClient.java:onNext(255)) - client-FC58CAF12498->aeb608e6-131f-44e0-aa35-97c12a2f72a3: receive RaftClientReply:client-FC58CAF12498->aeb608e6-131f-44e0-aa35-97c12a2f72a3@group-3F41E8AD953A, cid=3578, SUCCESS, logIndex=0, commits[aeb608e6-131f-44e0-aa35-97c12a2f72a3:c5377, b6a0d396-0e26-402b-ac58-4f0615a4fad6:c5376, 8b17640a-2548-4323-bd97-ba3488877b23:c5376]
2019-08-20 11:36:11,493 INFO  client.GrpcClientProtocolClient (GrpcClientProtocolClient.java:onNext(255)) - client-FC58CAF12498->aeb608e6-131f-44e0-aa35-97c12a2f72a3: receive RaftClientReply:client-FC58CAF12498->aeb608e6-131f-44e0-aa35-97c12a2f72a3@group-3F41E8AD953A, cid=3579, SUCCESS, logIndex=5378, commits[aeb608e6-131f-44e0-aa35-97c12a2f72a3:c5380, b6a0d396-0e26-402b-ac58-4f0615a4fad6:c5376, 8b17640a-2548-4323-bd97-ba3488877b23:c5377]
2019-08-20 11:36:11,493 INFO  client.GrpcClientProtocolClient (GrpcClientProtocolClient.java:onNext(255)) - client-FC58CAF12498->aeb608e6-131f-44e0-aa35-97c12a2f72a3: receive RaftClientReply:client-FC58CAF12498->aeb608e6-131f-44e0-aa35-97c12a2f72a3@group-3F41E8AD953A, cid=3580, SUCCESS, logIndex=5379, commits[aeb608e6-131f-44e0-aa35-97c12a2f72a3:c5381, b6a0d396-0e26-402b-ac58-4f0615a4fad6:c5377, 8b17640a-2548-4323-bd97-ba3488877b23:c5377]
2019-08-20 11:36:11,493 INFO  client.GrpcClientProtocolClient (GrpcClientProtocolClient.java:onNext(255)) - client-FC58CAF12498->aeb608e6-131f-44e0-aa35-97c12a2f72a3: receive RaftClientReply:client-FC58CAF12498->aeb608e6-131f-44e0-aa35-97c12a2f72a3@group-3F41E8AD953A, cid=3581, SUCCESS, logIndex=5380, commits[aeb608e6-131f-44e0-aa35-97c12a2f72a3:c5381, b6a0d396-0e26-402b-ac58-4f0615a4fad6:c5377, 8b17640a-2548-4323-bd97-ba3488877b23:c5377]
2019-08-20 11:36:11,494 INFO  client.GrpcClientProtocolClient (GrpcClientProtocolClient.java:onNext(255)) - client-FC58CAF12498->aeb608e6-131f-44e0-aa35-97c12a2f72a3: receive RaftClientReply:client-FC58CAF12498->aeb608e6-131f-44e0-aa35-97c12a2f72a3@group-3F41E8AD953A, cid=3582, SUCCESS, logIndex=5381, commits[aeb608e6-131f-44e0-aa35-97c12a2f72a3:c5381, b6a0d396-0e26-402b-ac58-4f0615a4fad6:c5377, 8b17640a-2548-4323-bd97-ba3488877b23:c5377]
2019-08-20 11:36:11,518 INFO  client.GrpcClientProtocolClient (GrpcClientProtocolClient.java:onNext(255)) - client-FC58CAF12498->aeb608e6-131f-44e0-aa35-97c12a2f72a3: receive RaftClientReply:client-FC58CAF12498->aeb608e6-131f-44e0-aa35-97c12a2f72a3@group-3F41E8AD953A, cid=3583, SUCCESS, logIndex=0, commits[aeb608e6-131f-44e0-aa35-97c12a2f72a3:c5385, b6a0d396-0e26-402b-ac58-4f0615a4fad6:c5381, 8b17640a-2548-4323-bd97-ba3488877b23:c5379]
2019-08-20 11:36:11,541 INFO  client.GrpcClientProtocolClient (GrpcClientProtocolClient.java:onNext(255)) - client-FC58CAF12498->aeb608e6-131f-44e0-aa35-97c12a2f72a3: receive RaftClientReply:client-FC58CAF12498->aeb608e6-131f-44e0-aa35-97c12a2f72a3@group-3F41E8AD953A, cid=3584, SUCCESS, logIndex=5386, commits[aeb608e6-131f-44e0-aa35-97c12a2f72a3:c5387, b6a0d396-0e26-402b-ac58-4f0615a4fad6:c5385, 8b17640a-2548-4323-bd97-ba3488877b23:c5385]
2019-08-20 11:36:11,541 INFO  client.GrpcClientProtocolClient (GrpcClientProtocolClient.java:onNext(255)) - client-FC58CAF12498->aeb608e6-131f-44e0-aa35-97c12a2f72a3: receive RaftClientReply:client-FC58CAF12498->aeb608e6-131f-44e0-aa35-97c12a2f72a3@group-3F41E8AD953A, cid=3585, SUCCESS, logIndex=5387, commits[aeb608e6-131f-44e0-aa35-97c12a2f72a3:c5387, b6a0d396-0e26-402b-ac58-4f0615a4fad6:c5385, 8b17640a-2548-4323-bd97-ba3488877b23:c5385]
2019-08-20 11:36:11,567 INFO  client.GrpcClientProtocolClient (GrpcClientProtocolClient.java:onNext(255)) - client-FC58CAF12498->aeb608e6-131f-44e0-aa35-97c12a2f72a3: receive RaftClientReply:client-FC58CAF12498->aeb608e6-131f-44e0-aa35-97c12a2f72a3@group-3F41E8AD953A, cid=3586, SUCCESS, logIndex=5390, commits[aeb608e6-131f-44e0-aa35-97c12a2f72a3:c5391, b6a0d396-0e26-402b-ac58-4f0615a4fad6:c5386, 8b17640a-2548-4323-bd97-ba3488877b23:c5387]
2019-08-20 11:36:11,567 INFO  client.GrpcClientProtocolClient (GrpcClientProtocolClient.java:onNext(255)) - client-FC58CAF12498->aeb608e6-131f-44e0-aa35-97c12a2f72a3: receive RaftClientReply:client-FC58CAF12498->aeb608e6-131f-44e0-aa35-97c12a2f72a3@group-3F41E8AD953A, cid=3587, SUCCESS, logIndex=5391, commits[aeb608e6-131f-44e0-aa35-97c12a2f72a3:c5391, b6a0d396-0e26-402b-ac58-4f0615a4fad6:c5387, 8b17640a-2548-4323-bd97-ba3488877b23:c5387]
2019-08-20 11:36:11,593 INFO  client.GrpcClientProtocolClient (GrpcClientProtocolClient.java:onNext(255)) - client-FC58CAF12498->aeb608e6-131f-44e0-aa35-97c12a2f72a3: receive RaftClientReply:client-FC58CAF12498->aeb608e6-131f-44e0-aa35-97c12a2f72a3@group-3F41E8AD953A, cid=3588, SUCCESS, logIndex=0, commits[aeb608e6-131f-44e0-aa35-97c12a2f72a3:c5393, b6a0d396-0e26-402b-ac58-4f0615a4fad6:c5391, 8b17640a-2548-4323-bd97-ba3488877b23:c5391]
2019-08-20 11:36:11,630 INFO  client.GrpcClientProtocolClient (GrpcClientProtocolClient.java:onNext(255)) - client-FC58CAF12498->aeb608e6-131f-44e0-aa35-97c12a2f72a3: receive RaftClientReply:client-FC58CAF12498->aeb608e6-131f-44e0-aa35-97c12a2f72a3@group-3F41E8AD953A, cid=3589, SUCCESS, logIndex=5394, commits[aeb608e6-131f-44e0-aa35-97c12a2f72a3:c5395, b6a0d396-0e26-402b-ac58-4f0615a4fad6:c5393, 8b17640a-2548-4323-bd97-ba3488877b23:c5393]
2019-08-20 11:36:11,631 INFO  client.GrpcClientProtocolClient (GrpcClientProtocolClient.java:onNext(255)) - client-FC58CAF12498->aeb608e6-131f-44e0-aa35-97c12a2f72a3: receive RaftClientReply:client-FC58CAF12498->aeb608e6-131f-44e0-aa35-97c12a2f72a3@group-3F41E8AD953A, cid=3590, SUCCESS, logIndex=5395, commits[aeb608e6-131f-44e0-aa35-97c12a2f72a3:c5395, b6a0d396-0e26-402b-ac58-4f0615a4fad6:c5393, 8b17640a-2548-4323-bd97-ba3488877b23:c5393]
2019-08-20 11:36:11,638 INFO  client.GrpcClientProtocolClient (GrpcClientProtocolClient.java:onNext(255)) - client-FC58CAF12498->aeb608e6-131f-44e0-aa35-97c12a2f72a3: receive RaftClientReply:client-FC58CAF12498->aeb608e6-131f-44e0-aa35-97c12a2f72a3@group-3F41E8AD953A, cid=3591, SUCCESS, logIndex=5396, commits[aeb608e6-131f-44e0-aa35-97c12a2f72a3:c5397, b6a0d396-0e26-402b-ac58-4f0615a4fad6:c5393, 8b17640a-2548-4323-bd97-ba3488877b23:c5393]
2019-08-20 11:36:11,639 INFO  client.GrpcClientProtocolClient (GrpcClientProtocolClient.java:onNext(255)) - client-FC58CAF12498->aeb608e6-131f-44e0-aa35-97c12a2f72a3: receive RaftClientReply:client-FC58CAF12498->aeb608e6-131f-44e0-aa35-97c12a2f72a3@group-3F41E8AD953A, cid=3592, SUCCESS, logIndex=5397, commits[aeb608e6-131f-44e0-aa35-97c12a2f72a3:c5397, b6a0d396-0e26-402b-ac58-4f0615a4fad6:c5393, 8b17640a-2548-4323-bd97-ba3488877b23:c5393]
2019-08-20 11:36:11,659 INFO  client.GrpcClientProtocolClient (GrpcClientProtocolClient.java:onNext(255)) - client-FC58CAF12498->aeb608e6-131f-44e0-aa35-97c12a2f72a3: receive RaftClientReply:client-FC58CAF12498->aeb608e6-131f-44e0-aa35-97c12a2f72a3@group-3F41E8AD953A, cid=3593, SUCCESS, logIndex=0, commits[aeb608e6-131f-44e0-aa35-97c12a2f72a3:c5400, b6a0d396-0e26-402b-ac58-4f0615a4fad6:c5395, 8b17640a-2548-4323-bd97-ba3488877b23:c5397]
2019-08-20 11:36:11,681 INFO  client.GrpcClientProtocolClient (GrpcClientProtocolClient.java:onNext(255)) - client-FC58CAF12498->aeb608e6-131f-44e0-aa35-97c12a2f72a3: receive RaftClientReply:client-FC58CAF12498->aeb608e6-131f-44e0-aa35-97c12a2f72a3@group-3F41E8AD953A, cid=3594, SUCCESS, logIndex=5401, commits[aeb608e6-131f-44e0-aa35-97c12a2f72a3:c5402, b6a0d396-0e26-402b-ac58-4f0615a4fad6:c5400, 8b17640a-2548-4323-bd97-ba3488877b23:c5400]
2019-08-20 11:36:11,682 INFO  client.GrpcClientProtocolClient (GrpcClientProtocolClient.java:onNext(255)) - client-FC58CAF12498->aeb608e6-131f-44e0-aa35-97c12a2f72a3: receive RaftClientReply:client-FC58CAF12498->aeb608e6-131f-44e0-aa35-97c12a2f72a3@group-3F41E8AD953A, cid=3595, SUCCESS, logIndex=5402, commits[aeb608e6-131f-44e0-aa35-97c12a2f72a3:c5402, b6a0d396-0e26-402b-ac58-4f0615a4fad6:c5400, 8b17640a-2548-4323-bd97-ba3488877b23:c5400]
2019-08-20 11:36:11,695 INFO  client.GrpcClientProtocolClient (GrpcClientProtocolClient.java:onNext(255)) - client-FC58CAF12498->aeb608e6-131f-44e0-aa35-97c12a2f72a3: receive RaftClientReply:client-FC58CAF12498->aeb608e6-131f-44e0-aa35-97c12a2f72a3@group-3F41E8AD953A, cid=3596, SUCCESS, logIndex=5405, commits[aeb608e6-131f-44e0-aa35-97c12a2f72a3:c5405, b6a0d396-0e26-402b-ac58-4f0615a4fad6:c5401, 8b17640a-2548-4323-bd97-ba3488877b23:c5402]
2019-08-20 11:36:11,696 INFO  client.GrpcClientProtocolClient (GrpcClientProtocolClient.java:onNext(255)) - client-FC58CAF12498->aeb608e6-131f-44e0-aa35-97c12a2f72a3: receive RaftClientReply:client-FC58CAF12498->aeb608e6-131f-44e0-aa35-97c12a2f72a3@group-3F41E8AD953A, cid=3597, SUCCESS, logIndex=5406, commits[aeb608e6-131f-44e0-aa35-97c12a2f72a3:c5406, b6a0d396-0e26-402b-ac58-4f0615a4fad6:c5402, 8b17640a-2548-4323-bd97-ba3488877b23:c5402]
2019-08-20 11:36:11,711 INFO  client.GrpcClientProtocolClient (GrpcClientProtocolClient.java:onNext(255)) - client-FC58CAF12498->aeb608e6-131f-44e0-aa35-97c12a2f72a3: receive RaftClientReply:client-FC58CAF12498->aeb608e6-131f-44e0-aa35-97c12a2f72a3@group-3F41E8AD953A, cid=3598, SUCCESS, logIndex=0, commits[aeb608e6-131f-44e0-aa35-97c12a2f72a3:c5408, b6a0d396-0e26-402b-ac58-4f0615a4fad6:c5406, 8b17640a-2548-4323-bd97-ba3488877b23:c5406]
2019-08-20 11:36:11,749 INFO  client.GrpcClientProtocolClient (GrpcClientProtocolClient.java:onNext(255)) - client-FC58CAF12498->aeb608e6-131f-44e0-aa35-97c12a2f72a3: receive RaftClientReply:client-FC58CAF12498->aeb608e6-131f-44e0-aa35-97c12a2f72a3@group-3F41E8AD953A, cid=3599, SUCCESS, logIndex=5409, commits[aeb608e6-131f-44e0-aa35-97c12a2f72a3:c5410, b6a0d396-0e26-402b-ac58-4f0615a4fad6:c5408, 8b17640a-2548-4323-bd97-ba3488877b23:c5408]
2019-08-20 11:36:11,750 INFO  client.GrpcClientProtocolClient (GrpcClientProtocolClient.java:onNext(255)) - client-FC58CAF12498->aeb608e6-131f-44e0-aa35-97c12a2f72a3: receive RaftClientReply:client-FC58CAF12498->aeb608e6-131f-44e0-aa35-97c12a2f72a3@group-3F41E8AD953A, cid=3600, SUCCESS, logIndex=5410, commits[aeb608e6-131f-44e0-aa35-97c12a2f72a3:c5410, b6a0d396-0e26-402b-ac58-4f0615a4fad6:c5408, 8b17640a-2548-4323-bd97-ba3488877b23:c5408]
 0.00% |█                                                                                                    |  0/1 Time: 0:00:452019-08-20 11:36:11,764 INFO  client.GrpcClientProtocolClient (GrpcClientProtocolClient.java:onNext(255)) - client-FC58CAF12498->aeb608e6-131f-44e0-aa35-97c12a2f72a3: receive RaftClientReply:client-FC58CAF12498->aeb608e6-131f-44e0-aa35-97c12a2f72a3@group-3F41E8AD953A, cid=3601, SUCCESS, logIndex=5411, commits[aeb608e6-131f-44e0-aa35-97c12a2f72a3:c5412, b6a0d396-0e26-402b-ac58-4f0615a4fad6:c5408, 8b17640a-2548-4323-bd97-ba3488877b23:c5408]
2019-08-20 11:36:11,765 INFO  client.GrpcClientProtocolClient (GrpcClientProtocolClient.java:onNext(255)) - client-FC58CAF12498->aeb608e6-131f-44e0-aa35-97c12a2f72a3: receive RaftClientReply:client-FC58CAF12498->aeb608e6-131f-44e0-aa35-97c12a2f72a3@group-3F41E8AD953A, cid=3602, SUCCESS, logIndex=5412, commits[aeb608e6-131f-44e0-aa35-97c12a2f72a3:c5412, b6a0d396-0e26-402b-ac58-4f0615a4fad6:c5408, 8b17640a-2548-4323-bd97-ba3488877b23:c5408]
2019-08-20 11:36:11,775 INFO  client.GrpcClientProtocolClient (GrpcClientProtocolClient.java:onNext(255)) - client-FC58CAF12498->aeb608e6-131f-44e0-aa35-97c12a2f72a3: receive RaftClientReply:client-FC58CAF12498->aeb608e6-131f-44e0-aa35-97c12a2f72a3@group-3F41E8AD953A, cid=3603, SUCCESS, logIndex=0, commits[aeb608e6-131f-44e0-aa35-97c12a2f72a3:c5414, b6a0d396-0e26-402b-ac58-4f0615a4fad6:c5410, 8b17640a-2548-4323-bd97-ba3488877b23:c5410]
2019-08-20 11:36:11,800 INFO  client.GrpcClientProtocolClient (GrpcClientProtocolClient.java:onNext(255)) - client-FC58CAF12498->aeb608e6-131f-44e0-aa35-97c12a2f72a3: receive RaftClientReply:client-FC58CAF12498->aeb608e6-131f-44e0-aa35-97c12a2f72a3@group-3F41E8AD953A, cid=3604, SUCCESS, logIndex=5417, commits[aeb608e6-131f-44e0-aa35-97c12a2f72a3:c5418, b6a0d396-0e26-402b-ac58-4f0615a4fad6:c5414, 8b17640a-2548-4323-bd97-ba3488877b23:c5414]
2019-08-20 11:36:11,801 INFO  client.GrpcClientProtocolClient (GrpcClientProtocolClient.java:onNext(255)) - client-FC58CAF12498->aeb608e6-131f-44e0-aa35-97c12a2f72a3: receive RaftClientReply:client-FC58CAF12498->aeb608e6-131f-44e0-aa35-97c12a2f72a3@group-3F41E8AD953A, cid=3605, SUCCESS, logIndex=5418, commits[aeb608e6-131f-44e0-aa35-97c12a2f72a3:c5418, b6a0d396-0e26-402b-ac58-4f0615a4fad6:c5414, 8b17640a-2548-4323-bd97-ba3488877b23:c5414]
2019-08-20 11:36:11,835 INFO  client.GrpcClientProtocolClient (GrpcClientProtocolClient.java:onNext(255)) - client-FC58CAF12498->aeb608e6-131f-44e0-aa35-97c12a2f72a3: receive RaftClientReply:client-FC58CAF12498->aeb608e6-131f-44e0-aa35-97c12a2f72a3@group-3F41E8AD953A, cid=3606, SUCCESS, logIndex=5421, commits[aeb608e6-131f-44e0-aa35-97c12a2f72a3:c5422, b6a0d396-0e26-402b-ac58-4f0615a4fad6:c5417, 8b17640a-2548-4323-bd97-ba3488877b23:c5418]
2019-08-20 11:36:11,835 INFO  client.GrpcClientProtocolClient (GrpcClientProtocolClient.java:onNext(255)) - client-FC58CAF12498->aeb608e6-131f-44e0-aa35-97c12a2f72a3: receive RaftClientReply:client-FC58CAF12498->aeb608e6-131f-44e0-aa35-97c12a2f72a3@group-3F41E8AD953A, cid=3607, SUCCESS, logIndex=5422, commits[aeb608e6-131f-44e0-aa35-97c12a2f72a3:c5422, b6a0d396-0e26-402b-ac58-4f0615a4fad6:c5418, 8b17640a-2548-4323-bd97-ba3488877b23:c5418]
2019-08-20 11:36:11,855 INFO  client.GrpcClientProtocolClient (GrpcClientProtocolClient.java:onNext(255)) - client-FC58CAF12498->aeb608e6-131f-44e0-aa35-97c12a2f72a3: receive RaftClientReply:client-FC58CAF12498->aeb608e6-131f-44e0-aa35-97c12a2f72a3@group-3F41E8AD953A, cid=3608, SUCCESS, logIndex=0, commits[aeb608e6-131f-44e0-aa35-97c12a2f72a3:c5423, b6a0d396-0e26-402b-ac58-4f0615a4fad6:c5422, 8b17640a-2548-4323-bd97-ba3488877b23:c5422]
2019-08-20 11:36:11,900 INFO  client.GrpcClientProtocolClient (GrpcClientProtocolClient.java:onNext(255)) - client-FC58CAF12498->aeb608e6-131f-44e0-aa35-97c12a2f72a3: receive RaftClientReply:client-FC58CAF12498->aeb608e6-131f-44e0-aa35-97c12a2f72a3@group-3F41E8AD953A, cid=3609, SUCCESS, logIndex=5425, commits[aeb608e6-131f-44e0-aa35-97c12a2f72a3:c5425, b6a0d396-0e26-402b-ac58-4f0615a4fad6:c5422, 8b17640a-2548-4323-bd97-ba3488877b23:c5424]
2019-08-20 11:36:11,900 INFO  client.GrpcClientProtocolClient (GrpcClientProtocolClient.java:onNext(255)) - client-FC58CAF12498->aeb608e6-131f-44e0-aa35-97c12a2f72a3: receive RaftClientReply:client-FC58CAF12498->aeb608e6-131f-44e0-aa35-97c12a2f72a3@group-3F41E8AD953A, cid=3610, SUCCESS, logIndex=5426, commits[aeb608e6-131f-44e0-aa35-97c12a2f72a3:c5426, b6a0d396-0e26-402b-ac58-4f0615a4fad6:c5424, 8b17640a-2548-4323-bd97-ba3488877b23:c5424]
2019-08-20 11:36:11,907 INFO  client.GrpcClientProtocolClient (GrpcClientProtocolClient.java:onNext(255)) - client-FC58CAF12498->aeb608e6-131f-44e0-aa35-97c12a2f72a3: receive RaftClientReply:client-FC58CAF12498->aeb608e6-131f-44e0-aa35-97c12a2f72a3@group-3F41E8AD953A, cid=3611, SUCCESS, logIndex=5427, commits[aeb608e6-131f-44e0-aa35-97c12a2f72a3:c5428, b6a0d396-0e26-402b-ac58-4f0615a4fad6:c5424, 8b17640a-2548-4323-bd97-ba3488877b23:c5424]
2019-08-20 11:36:11,908 INFO  client.GrpcClientProtocolClient (GrpcClientProtocolClient.java:onNext(255)) - client-FC58CAF12498->aeb608e6-131f-44e0-aa35-97c12a2f72a3: receive RaftClientReply:client-FC58CAF12498->aeb608e6-131f-44e0-aa35-97c12a2f72a3@group-3F41E8AD953A, cid=3612, SUCCESS, logIndex=5428, commits[aeb608e6-131f-44e0-aa35-97c12a2f72a3:c5428, b6a0d396-0e26-402b-ac58-4f0615a4fad6:c5424, 8b17640a-2548-4323-bd97-ba3488877b23:c5424]
2019-08-20 11:36:11,914 INFO  client.GrpcClientProtocolClient (GrpcClientProtocolClient.java:onNext(255)) - client-FC58CAF12498->aeb608e6-131f-44e0-aa35-97c12a2f72a3: receive RaftClientReply:client-FC58CAF12498->aeb608e6-131f-44e0-aa35-97c12a2f72a3@group-3F41E8AD953A, cid=3613, SUCCESS, logIndex=0, commits[aeb608e6-131f-44e0-aa35-97c12a2f72a3:c5432, b6a0d396-0e26-402b-ac58-4f0615a4fad6:c5426, 8b17640a-2548-4323-bd97-ba3488877b23:c5426]
2019-08-20 11:36:11,950 INFO  client.GrpcClientProtocolClient (GrpcClientProtocolClient.java:onNext(255)) - client-FC58CAF12498->aeb608e6-131f-44e0-aa35-97c12a2f72a3: receive RaftClientReply:client-FC58CAF12498->aeb608e6-131f-44e0-aa35-97c12a2f72a3@group-3F41E8AD953A, cid=3614, SUCCESS, logIndex=5433, commits[aeb608e6-131f-44e0-aa35-97c12a2f72a3:c5434, b6a0d396-0e26-402b-ac58-4f0615a4fad6:c5432, 8b17640a-2548-4323-bd97-ba3488877b23:c5432]
2019-08-20 11:36:11,951 INFO  client.GrpcClientProtocolClient (GrpcClientProtocolClient.java:onNext(255)) - client-FC58CAF12498->aeb608e6-131f-44e0-aa35-97c12a2f72a3: receive RaftClientReply:client-FC58CAF12498->aeb608e6-131f-44e0-aa35-97c12a2f72a3@group-3F41E8AD953A, cid=3615, SUCCESS, logIndex=5434, commits[aeb608e6-131f-44e0-aa35-97c12a2f72a3:c5434, b6a0d396-0e26-402b-ac58-4f0615a4fad6:c5432, 8b17640a-2548-4323-bd97-ba3488877b23:c5432]
2019-08-20 11:36:11,978 INFO  client.GrpcClientProtocolClient (GrpcClientProtocolClient.java:onNext(255)) - client-FC58CAF12498->aeb608e6-131f-44e0-aa35-97c12a2f72a3: receive RaftClientReply:client-FC58CAF12498->aeb608e6-131f-44e0-aa35-97c12a2f72a3@group-3F41E8AD953A, cid=3616, SUCCESS, logIndex=5437, commits[aeb608e6-131f-44e0-aa35-97c12a2f72a3:c5438, b6a0d396-0e26-402b-ac58-4f0615a4fad6:c5434, 8b17640a-2548-4323-bd97-ba3488877b23:c5434]
2019-08-20 11:36:11,979 INFO  client.GrpcClientProtocolClient (GrpcClientProtocolClient.java:onNext(255)) - client-FC58CAF12498->aeb608e6-131f-44e0-aa35-97c12a2f72a3: receive RaftClientReply:client-FC58CAF12498->aeb608e6-131f-44e0-aa35-97c12a2f72a3@group-3F41E8AD953A, cid=3617, SUCCESS, logIndex=5438, commits[aeb608e6-131f-44e0-aa35-97c12a2f72a3:c5438, b6a0d396-0e26-402b-ac58-4f0615a4fad6:c5434, 8b17640a-2548-4323-bd97-ba3488877b23:c5434]
2019-08-20 11:36:11,991 INFO  client.GrpcClientProtocolClient (GrpcClientProtocolClient.java:onNext(255)) - client-FC58CAF12498->aeb608e6-131f-44e0-aa35-97c12a2f72a3: receive RaftClientReply:client-FC58CAF12498->aeb608e6-131f-44e0-aa35-97c12a2f72a3@group-3F41E8AD953A, cid=3618, SUCCESS, logIndex=0, commits[aeb608e6-131f-44e0-aa35-97c12a2f72a3:c5439, b6a0d396-0e26-402b-ac58-4f0615a4fad6:c5438, 8b17640a-2548-4323-bd97-ba3488877b23:c5438]
 0.00% |█                                                                                                    |  0/1 Time: 0:00:46 0.00% |█                                                                                                    |  0/1 Time: 0:00:47 0.00% |█                                                                                                    |  0/1 Time: 0:00:482019-08-20 11:36:15,014 WARN  server.GrpcLogAppender (GrpcLogAppender.java:timeoutAppendRequest(200)) - GrpcLogAppender(aeb608e6-131f-44e0-aa35-97c12a2f72a3->8b17640a-2548-4323-bd97-ba3488877b23): appendEntries Timeout, request=aeb608e6-131f-44e0-aa35-97c12a2f72a3->8b17640a-2548-4323-bd97-ba3488877b23#5448-t1, previous=(t:1, i:5439), leaderCommit=5439, initializing? false, entries: size=1, first=(t:1, i:5440), STATEMACHINELOGENTRY, client-FC58CAF12498, cid=3619
2019-08-20 11:36:15,014 WARN  server.GrpcLogAppender (GrpcLogAppender.java:timeoutAppendRequest(200)) - GrpcLogAppender(aeb608e6-131f-44e0-aa35-97c12a2f72a3->b6a0d396-0e26-402b-ac58-4f0615a4fad6): appendEntries Timeout, request=aeb608e6-131f-44e0-aa35-97c12a2f72a3->b6a0d396-0e26-402b-ac58-4f0615a4fad6#5449-t1, previous=(t:1, i:5439), leaderCommit=5439, initializing? false, entries: size=1, first=(t:1, i:5440), STATEMACHINELOGENTRY, client-FC58CAF12498, cid=3619
2019-08-20 11:36:15,015 WARN  server.GrpcLogAppender (GrpcLogAppender.java:timeoutAppendRequest(200)) - GrpcLogAppender(aeb608e6-131f-44e0-aa35-97c12a2f72a3->8b17640a-2548-4323-bd97-ba3488877b23): appendEntries Timeout, request=aeb608e6-131f-44e0-aa35-97c12a2f72a3->8b17640a-2548-4323-bd97-ba3488877b23#5449-t1, previous=(t:1, i:5440), leaderCommit=5439, initializing? false, entries: size=1, first=(t:1, i:5441), STATEMACHINELOGENTRY, client-FC58CAF12498, cid=3620
2019-08-20 11:36:15,015 WARN  server.GrpcLogAppender (GrpcLogAppender.java:timeoutAppendRequest(200)) - GrpcLogAppender(aeb608e6-131f-44e0-aa35-97c12a2f72a3->b6a0d396-0e26-402b-ac58-4f0615a4fad6): appendEntries Timeout, request=aeb608e6-131f-44e0-aa35-97c12a2f72a3->b6a0d396-0e26-402b-ac58-4f0615a4fad6#5450-t1, previous=(t:1, i:5440), leaderCommit=5439, initializing? false, entries: size=1, first=(t:1, i:5441), STATEMACHINELOGENTRY, client-FC58CAF12498, cid=3620
2019-08-20 11:36:15,017 WARN  server.GrpcLogAppender (GrpcLogAppender.java:timeoutAppendRequest(200)) - GrpcLogAppender(aeb608e6-131f-44e0-aa35-97c12a2f72a3->8b17640a-2548-4323-bd97-ba3488877b23): appendEntries Timeout, request=aeb608e6-131f-44e0-aa35-97c12a2f72a3->8b17640a-2548-4323-bd97-ba3488877b23#5450-t1, previous=(t:1, i:5441), leaderCommit=5439, initializing? false, entries: size=1, first=(t:1, i:5442), STATEMACHINELOGENTRY, client-FC58CAF12498, cid=3621
2019-08-20 11:36:15,017 WARN  server.GrpcLogAppender (GrpcLogAppender.java:timeoutAppendRequest(200)) - GrpcLogAppender(aeb608e6-131f-44e0-aa35-97c12a2f72a3->b6a0d396-0e26-402b-ac58-4f0615a4fad6): appendEntries Timeout, request=aeb608e6-131f-44e0-aa35-97c12a2f72a3->b6a0d396-0e26-402b-ac58-4f0615a4fad6#5451-t1, previous=(t:1, i:5441), leaderCommit=5439, initializing? false, entries: size=1, first=(t:1, i:5442), STATEMACHINELOGENTRY, client-FC58CAF12498, cid=3621
2019-08-20 11:36:15,017 WARN  server.GrpcLogAppender (GrpcLogAppender.java:timeoutAppendRequest(200)) - GrpcLogAppender(aeb608e6-131f-44e0-aa35-97c12a2f72a3->8b17640a-2548-4323-bd97-ba3488877b23): appendEntries Timeout, request=aeb608e6-131f-44e0-aa35-97c12a2f72a3->8b17640a-2548-4323-bd97-ba3488877b23#5451-t1, previous=(t:1, i:5442), leaderCommit=5439, initializing? false, entries: size=1, first=(t:1, i:5443), STATEMACHINELOGENTRY, client-FC58CAF12498, cid=3622
2019-08-20 11:36:15,017 WARN  server.GrpcLogAppender (GrpcLogAppender.java:timeoutAppendRequest(200)) - GrpcLogAppender(aeb608e6-131f-44e0-aa35-97c12a2f72a3->b6a0d396-0e26-402b-ac58-4f0615a4fad6): appendEntries Timeout, request=aeb608e6-131f-44e0-aa35-97c12a2f72a3->b6a0d396-0e26-402b-ac58-4f0615a4fad6#5452-t1, previous=(t:1, i:5442), leaderCommit=5439, initializing? false, entries: size=1, first=(t:1, i:5443), STATEMACHINELOGENTRY, client-FC58CAF12498, cid=3622
 0.00% |█                                                                                                    |  0/1 Time: 0:00:49 0.00% |█                                                                                                    |  0/1 Time: 0:00:502019-08-20 11:36:17,046 INFO  client.GrpcClientProtocolClient (GrpcClientProtocolClient.java:onNext(255)) - client-FC58CAF12498->b6a0d396-0e26-402b-ac58-4f0615a4fad6: receive RaftClientReply:client-FC58CAF12498->b6a0d396-0e26-402b-ac58-4f0615a4fad6@group-3F41E8AD953A, cid=3619, FAILED org.apache.ratis.protocol.NotLeaderException: Server b6a0d396-0e26-402b-ac58-4f0615a4fad6 is not the leader (aeb608e6-131f-44e0-aa35-97c12a2f72a3:192.168.5.133:33548). Request must be sent to leader., logIndex=0, commits[b6a0d396-0e26-402b-ac58-4f0615a4fad6:c5439, 8b17640a-2548-4323-bd97-ba3488877b23:c5438, aeb608e6-131f-44e0-aa35-97c12a2f72a3:c5439]
2019-08-20 11:36:17,169 WARN  server.GrpcLogAppender (GrpcLogAppender.java:onNextImpl(250)) - org.apache.ratis.grpc.server.GrpcLogAppender$AppendLogResponseHandler@43b61fed: Request not found, ignoring reply: aeb608e6-131f-44e0-aa35-97c12a2f72a3<-8b17640a-2548-4323-bd97-ba3488877b23#5448:OK,SUCCESS,nextIndex:5441,term:1,followerCommit:5439
2019-08-20 11:36:17,169 WARN  server.GrpcLogAppender (GrpcLogAppender.java:onNextImpl(250)) - org.apache.ratis.grpc.server.GrpcLogAppender$AppendLogResponseHandler@10b66839: Request not found, ignoring reply: aeb608e6-131f-44e0-aa35-97c12a2f72a3<-b6a0d396-0e26-402b-ac58-4f0615a4fad6#5449:OK,SUCCESS,nextIndex:5441,term:1,followerCommit:5439
2019-08-20 11:36:17,172 WARN  server.GrpcLogAppender (GrpcLogAppender.java:onNextImpl(250)) - org.apache.ratis.grpc.server.GrpcLogAppender$AppendLogResponseHandler@43b61fed: Request not found, ignoring reply: aeb608e6-131f-44e0-aa35-97c12a2f72a3<-8b17640a-2548-4323-bd97-ba3488877b23#5449:OK,SUCCESS,nextIndex:5442,term:1,followerCommit:5439
2019-08-20 11:36:17,172 WARN  server.GrpcLogAppender (GrpcLogAppender.java:onNextImpl(250)) - org.apache.ratis.grpc.server.GrpcLogAppender$AppendLogResponseHandler@10b66839: Request not found, ignoring reply: aeb608e6-131f-44e0-aa35-97c12a2f72a3<-b6a0d396-0e26-402b-ac58-4f0615a4fad6#5450:OK,SUCCESS,nextIndex:5442,term:1,followerCommit:5439
2019-08-20 11:36:17,517 WARN  server.GrpcLogAppender (GrpcLogAppender.java:timeoutAppendRequest(200)) - GrpcLogAppender(aeb608e6-131f-44e0-aa35-97c12a2f72a3->8b17640a-2548-4323-bd97-ba3488877b23): appendEntries Timeout, request=aeb608e6-131f-44e0-aa35-97c12a2f72a3->8b17640a-2548-4323-bd97-ba3488877b23#5452-t1, previous=(t:1, i:5443), leaderCommit=5439, initializing? false, entries: <empty>
2019-08-20 11:36:17,518 WARN  server.GrpcLogAppender (GrpcLogAppender.java:timeoutAppendRequest(200)) - GrpcLogAppender(aeb608e6-131f-44e0-aa35-97c12a2f72a3->b6a0d396-0e26-402b-ac58-4f0615a4fad6): appendEntries Timeout, request=aeb608e6-131f-44e0-aa35-97c12a2f72a3->b6a0d396-0e26-402b-ac58-4f0615a4fad6#5453-t1, previous=(t:1, i:5443), leaderCommit=5439, initializing? false, entries: <empty>
 0.00% |█                                                                                                    |  0/1 Time: 0:00:51 0.00% |█                                                                                                    |  0/1 Time: 0:00:52 0.00% |█                                                                                                    |  0/1 Time: 0:00:532019-08-20 11:36:20,018 WARN  server.GrpcLogAppender (GrpcLogAppender.java:timeoutAppendRequest(200)) - GrpcLogAppender(aeb608e6-131f-44e0-aa35-97c12a2f72a3->8b17640a-2548-4323-bd97-ba3488877b23): appendEntries Timeout, request=aeb608e6-131f-44e0-aa35-97c12a2f72a3->8b17640a-2548-4323-bd97-ba3488877b23#5453-t1, previous=(t:1, i:5443), leaderCommit=5439, initializing? false, entries: <empty>
2019-08-20 11:36:20,018 WARN  server.GrpcLogAppender (GrpcLogAppender.java:timeoutAppendRequest(200)) - GrpcLogAppender(aeb608e6-131f-44e0-aa35-97c12a2f72a3->b6a0d396-0e26-402b-ac58-4f0615a4fad6): appendEntries Timeout, request=aeb608e6-131f-44e0-aa35-97c12a2f72a3->b6a0d396-0e26-402b-ac58-4f0615a4fad6#5454-t1, previous=(t:1, i:5443), leaderCommit=5439, initializing? false, entries: <empty>
 0.00% |█                                                                                                    |  0/1 Time: 0:00:54 0.00% |█                                                                                                    |  0/1 Time: 0:00:552019-08-20 11:36:22,100 INFO  client.GrpcClientProtocolClient (GrpcClientProtocolClient.java:onNext(255)) - client-FC58CAF12498->8b17640a-2548-4323-bd97-ba3488877b23: receive RaftClientReply:client-FC58CAF12498->8b17640a-2548-4323-bd97-ba3488877b23@group-3F41E8AD953A, cid=3619, FAILED org.apache.ratis.protocol.NotLeaderException: Server 8b17640a-2548-4323-bd97-ba3488877b23 is not the leader (aeb608e6-131f-44e0-aa35-97c12a2f72a3:192.168.5.133:33548). Request must be sent to leader., logIndex=0, commits[8b17640a-2548-4323-bd97-ba3488877b23:c5439, b6a0d396-0e26-402b-ac58-4f0615a4fad6:c5438, aeb608e6-131f-44e0-aa35-97c12a2f72a3:c5439]
2019-08-20 11:36:22,346 WARN  server.GrpcLogAppender (GrpcLogAppender.java:onNextImpl(250)) - org.apache.ratis.grpc.server.GrpcLogAppender$AppendLogResponseHandler@43b61fed: Request not found, ignoring reply: aeb608e6-131f-44e0-aa35-97c12a2f72a3<-8b17640a-2548-4323-bd97-ba3488877b23#5450:OK,SUCCESS,nextIndex:5443,term:1,followerCommit:5439
2019-08-20 11:36:22,347 WARN  server.GrpcLogAppender (GrpcLogAppender.java:onNextImpl(250)) - org.apache.ratis.grpc.server.GrpcLogAppender$AppendLogResponseHandler@10b66839: Request not found, ignoring reply: aeb608e6-131f-44e0-aa35-97c12a2f72a3<-b6a0d396-0e26-402b-ac58-4f0615a4fad6#5451:OK,SUCCESS,nextIndex:5443,term:1,followerCommit:5439
2019-08-20 11:36:22,350 WARN  server.GrpcLogAppender (GrpcLogAppender.java:onNextImpl(250)) - org.apache.ratis.grpc.server.GrpcLogAppender$AppendLogResponseHandler@43b61fed: Request not found, ignoring reply: aeb608e6-131f-44e0-aa35-97c12a2f72a3<-8b17640a-2548-4323-bd97-ba3488877b23#5451:OK,SUCCESS,nextIndex:5444,term:1,followerCommit:5439
2019-08-20 11:36:22,351 WARN  server.GrpcLogAppender (GrpcLogAppender.java:onNextImpl(250)) - org.apache.ratis.grpc.server.GrpcLogAppender$AppendLogResponseHandler@10b66839: Request not found, ignoring reply: aeb608e6-131f-44e0-aa35-97c12a2f72a3<-b6a0d396-0e26-402b-ac58-4f0615a4fad6#5452:OK,SUCCESS,nextIndex:5444,term:1,followerCommit:5439
2019-08-20 11:36:22,351 WARN  server.GrpcLogAppender (GrpcLogAppender.java:onNextImpl(250)) - org.apache.ratis.grpc.server.GrpcLogAppender$AppendLogResponseHandler@43b61fed: Request not found, ignoring reply: aeb608e6-131f-44e0-aa35-97c12a2f72a3<-8b17640a-2548-4323-bd97-ba3488877b23#5452:OK,SUCCESS,nextIndex:5444,term:1,followerCommit:5439
2019-08-20 11:36:22,351 WARN  server.GrpcLogAppender (GrpcLogAppender.java:onNextImpl(250)) - org.apache.ratis.grpc.server.GrpcLogAppender$AppendLogResponseHandler@10b66839: Request not found, ignoring reply: aeb608e6-131f-44e0-aa35-97c12a2f72a3<-b6a0d396-0e26-402b-ac58-4f0615a4fad6#5453:OK,SUCCESS,nextIndex:5444,term:1,followerCommit:5439
2019-08-20 11:36:22,351 WARN  server.GrpcLogAppender (GrpcLogAppender.java:onNextImpl(250)) - org.apache.ratis.grpc.server.GrpcLogAppender$AppendLogResponseHandler@43b61fed: Request not found, ignoring reply: aeb608e6-131f-44e0-aa35-97c12a2f72a3<-8b17640a-2548-4323-bd97-ba3488877b23#5453:OK,SUCCESS,nextIndex:5444,term:1,followerCommit:5439
2019-08-20 11:36:22,352 WARN  server.GrpcLogAppender (GrpcLogAppender.java:onNextImpl(250)) - org.apache.ratis.grpc.server.GrpcLogAppender$AppendLogResponseHandler@10b66839: Request not found, ignoring reply: aeb608e6-131f-44e0-aa35-97c12a2f72a3<-b6a0d396-0e26-402b-ac58-4f0615a4fad6#5454:OK,SUCCESS,nextIndex:5444,term:1,followerCommit:5439
2019-08-20 11:36:22,359 INFO  client.GrpcClientProtocolClient (GrpcClientProtocolClient.java:onNext(255)) - client-FC58CAF12498->aeb608e6-131f-44e0-aa35-97c12a2f72a3: receive RaftClientReply:client-FC58CAF12498->aeb608e6-131f-44e0-aa35-97c12a2f72a3@group-3F41E8AD953A, cid=3619, SUCCESS, logIndex=5440, commits[aeb608e6-131f-44e0-aa35-97c12a2f72a3:c5443, b6a0d396-0e26-402b-ac58-4f0615a4fad6:c5439, 8b17640a-2548-4323-bd97-ba3488877b23:c5439]
2019-08-20 11:36:22,366 INFO  client.GrpcClientProtocolClient (GrpcClientProtocolClient.java:onNext(255)) - client-FC58CAF12498->aeb608e6-131f-44e0-aa35-97c12a2f72a3: receive RaftClientReply:client-FC58CAF12498->aeb608e6-131f-44e0-aa35-97c12a2f72a3@group-3F41E8AD953A, cid=3620, SUCCESS, logIndex=5441, commits[aeb608e6-131f-44e0-aa35-97c12a2f72a3:c5443, b6a0d396-0e26-402b-ac58-4f0615a4fad6:c5439, 8b17640a-2548-4323-bd97-ba3488877b23:c5439]
2019-08-20 11:36:22,370 INFO  client.GrpcClientProtocolClient (GrpcClientProtocolClient.java:onNext(255)) - client-FC58CAF12498->aeb608e6-131f-44e0-aa35-97c12a2f72a3: receive RaftClientReply:client-FC58CAF12498->aeb608e6-131f-44e0-aa35-97c12a2f72a3@group-3F41E8AD953A, cid=3621, SUCCESS, logIndex=5442, commits[aeb608e6-131f-44e0-aa35-97c12a2f72a3:c5443, b6a0d396-0e26-402b-ac58-4f0615a4fad6:c5439, 8b17640a-2548-4323-bd97-ba3488877b23:c5439]
2019-08-20 11:36:22,371 INFO  client.GrpcClientProtocolClient (GrpcClientProtocolClient.java:onNext(255)) - client-FC58CAF12498->aeb608e6-131f-44e0-aa35-97c12a2f72a3: receive RaftClientReply:client-FC58CAF12498->aeb608e6-131f-44e0-aa35-97c12a2f72a3@group-3F41E8AD953A, cid=3622, SUCCESS, logIndex=5443, commits[aeb608e6-131f-44e0-aa35-97c12a2f72a3:c5443, b6a0d396-0e26-402b-ac58-4f0615a4fad6:c5439, 8b17640a-2548-4323-bd97-ba3488877b23:c5439]
 0.00% |█                                                                                                    |  0/1 Time: 0:00:56 0.00% |█                                                                                                    |  0/1 Time: 0:00:57 0.00% |█                                                                                                    |  0/1 Time: 0:00:582019-08-20 11:36:25,352 WARN  server.GrpcLogAppender (GrpcLogAppender.java:timeoutAppendRequest(200)) - GrpcLogAppender(aeb608e6-131f-44e0-aa35-97c12a2f72a3->b6a0d396-0e26-402b-ac58-4f0615a4fad6): appendEntries Timeout, request=aeb608e6-131f-44e0-aa35-97c12a2f72a3->b6a0d396-0e26-402b-ac58-4f0615a4fad6#5457-t1, previous=(t:1, i:5443), leaderCommit=5443, initializing? false, entries: size=1, first=(t:1, i:5444), METADATAENTRY(c5443)
2019-08-20 11:36:25,352 WARN  server.GrpcLogAppender (GrpcLogAppender.java:timeoutAppendRequest(200)) - GrpcLogAppender(aeb608e6-131f-44e0-aa35-97c12a2f72a3->8b17640a-2548-4323-bd97-ba3488877b23): appendEntries Timeout, request=aeb608e6-131f-44e0-aa35-97c12a2f72a3->8b17640a-2548-4323-bd97-ba3488877b23#5456-t1, previous=(t:1, i:5443), leaderCommit=5443, initializing? false, entries: size=1, first=(t:1, i:5444), METADATAENTRY(c5443)
 0.00% |█                                                                                                    |  0/1 Time: 0:00:59 0.00% |█                                                                                                    |  0/1 Time: 0:01:002019-08-20 11:36:27,375 WARN  scm.XceiverClientRatis (XceiverClientRatis.java:watchForCommit(262)) - 3 way commit failed on pipeline Pipeline[ Id: edd4dacd-83a8-48d9-a29d-3f41e8ad953a, Nodes: 8b17640a-2548-4323-bd97-ba3488877b23{ip: 192.168.5.133, host: pr-hdds-1054s69ht-3886455778, networkLocation: /default-rack, certSerialId: null}aeb608e6-131f-44e0-aa35-97c12a2f72a3{ip: 192.168.5.133, host: pr-hdds-1054s69ht-3886455778, networkLocation: /default-rack, certSerialId: null}b6a0d396-0e26-402b-ac58-4f0615a4fad6{ip: 192.168.5.133, host: pr-hdds-1054s69ht-3886455778, networkLocation: /default-rack, certSerialId: null}, Type:RATIS, Factor:THREE, State:OPEN]
java.util.concurrent.TimeoutException
	at java.util.concurrent.CompletableFuture.timedGet(CompletableFuture.java:1771)
	at java.util.concurrent.CompletableFuture.get(CompletableFuture.java:1915)
	at org.apache.hadoop.hdds.scm.XceiverClientRatis.watchForCommit(XceiverClientRatis.java:259)
	at org.apache.hadoop.hdds.scm.storage.CommitWatcher.watchForCommit(CommitWatcher.java:194)
	at org.apache.hadoop.hdds.scm.storage.CommitWatcher.watchOnFirstIndex(CommitWatcher.java:135)
	at org.apache.hadoop.hdds.scm.storage.BlockOutputStream.watchForCommit(BlockOutputStream.java:347)
	at org.apache.hadoop.hdds.scm.storage.BlockOutputStream.handleFullBuffer(BlockOutputStream.java:324)
	at org.apache.hadoop.hdds.scm.storage.BlockOutputStream.write(BlockOutputStream.java:251)
	at org.apache.hadoop.ozone.client.io.BlockOutputStreamEntry.write(BlockOutputStreamEntry.java:129)
	at org.apache.hadoop.ozone.client.io.KeyOutputStream.handleWrite(KeyOutputStream.java:211)
	at org.apache.hadoop.ozone.client.io.KeyOutputStream.write(KeyOutputStream.java:193)
	at org.apache.hadoop.ozone.client.io.OzoneOutputStream.write(OzoneOutputStream.java:49)
	at org.apache.hadoop.ozone.freon.RandomKeyGenerator.createKey(RandomKeyGenerator.java:699)
	at org.apache.hadoop.ozone.freon.RandomKeyGenerator.access$1100(RandomKeyGenerator.java:87)
	at org.apache.hadoop.ozone.freon.RandomKeyGenerator$ObjectCreator.run(RandomKeyGenerator.java:606)
	at java.util.concurrent.Executors$RunnableAdapter.call(Executors.java:511)
	at java.util.concurrent.FutureTask.run(FutureTask.java:266)
	at java.util.concurrent.ThreadPoolExecutor.runWorker(ThreadPoolExecutor.java:1149)
	at java.util.concurrent.ThreadPoolExecutor$Worker.run(ThreadPoolExecutor.java:624)
	at java.lang.Thread.run(Thread.java:748)
 0.00% |█                                                                                                    |  0/1 Time: 0:01:012019-08-20 11:36:27,853 WARN  server.GrpcLogAppender (GrpcLogAppender.java:timeoutAppendRequest(200)) - GrpcLogAppender(aeb608e6-131f-44e0-aa35-97c12a2f72a3->8b17640a-2548-4323-bd97-ba3488877b23): appendEntries Timeout, request=aeb608e6-131f-44e0-aa35-97c12a2f72a3->8b17640a-2548-4323-bd97-ba3488877b23#5457-t1, previous=(t:1, i:5444), leaderCommit=5443, initializing? false, entries: <empty>
2019-08-20 11:36:27,853 WARN  server.GrpcLogAppender (GrpcLogAppender.java:timeoutAppendRequest(200)) - GrpcLogAppender(aeb608e6-131f-44e0-aa35-97c12a2f72a3->b6a0d396-0e26-402b-ac58-4f0615a4fad6): appendEntries Timeout, request=aeb608e6-131f-44e0-aa35-97c12a2f72a3->b6a0d396-0e26-402b-ac58-4f0615a4fad6#5458-t1, previous=(t:1, i:5444), leaderCommit=5443, initializing? false, entries: <empty>
 0.00% |█                                                                                                    |  0/1 Time: 0:01:02 0.00% |█                                                                                                    |  0/1 Time: 0:01:032019-08-20 11:36:30,353 WARN  server.GrpcLogAppender (GrpcLogAppender.java:timeoutAppendRequest(200)) - GrpcLogAppender(aeb608e6-131f-44e0-aa35-97c12a2f72a3->8b17640a-2548-4323-bd97-ba3488877b23): appendEntries Timeout, request=aeb608e6-131f-44e0-aa35-97c12a2f72a3->8b17640a-2548-4323-bd97-ba3488877b23#5458-t1, previous=(t:1, i:5444), leaderCommit=5443, initializing? false, entries: <empty>
2019-08-20 11:36:30,353 WARN  server.GrpcLogAppender (GrpcLogAppender.java:timeoutAppendRequest(200)) - GrpcLogAppender(aeb608e6-131f-44e0-aa35-97c12a2f72a3->b6a0d396-0e26-402b-ac58-4f0615a4fad6): appendEntries Timeout, request=aeb608e6-131f-44e0-aa35-97c12a2f72a3->b6a0d396-0e26-402b-ac58-4f0615a4fad6#5459-t1, previous=(t:1, i:5444), leaderCommit=5443, initializing? false, entries: <empty>
 0.00% |█                                                                                                    |  0/1 Time: 0:01:04 0.00% |█                                                                                                    |  0/1 Time: 0:01:052019-08-20 11:36:32,378 WARN  storage.CommitWatcher (CommitWatcher.java:watchForCommit(203)) - watchForCommit failed for index 5441
java.util.concurrent.TimeoutException
	at java.util.concurrent.CompletableFuture.timedGet(CompletableFuture.java:1771)
	at java.util.concurrent.CompletableFuture.get(CompletableFuture.java:1915)
	at org.apache.hadoop.hdds.scm.XceiverClientRatis.watchForCommit(XceiverClientRatis.java:268)
	at org.apache.hadoop.hdds.scm.storage.CommitWatcher.watchForCommit(CommitWatcher.java:194)
	at org.apache.hadoop.hdds.scm.storage.CommitWatcher.watchOnFirstIndex(CommitWatcher.java:135)
	at org.apache.hadoop.hdds.scm.storage.BlockOutputStream.watchForCommit(BlockOutputStream.java:347)
	at org.apache.hadoop.hdds.scm.storage.BlockOutputStream.handleFullBuffer(BlockOutputStream.java:324)
	at org.apache.hadoop.hdds.scm.storage.BlockOutputStream.write(BlockOutputStream.java:251)
	at org.apache.hadoop.ozone.client.io.BlockOutputStreamEntry.write(BlockOutputStreamEntry.java:129)
	at org.apache.hadoop.ozone.client.io.KeyOutputStream.handleWrite(KeyOutputStream.java:211)
	at org.apache.hadoop.ozone.client.io.KeyOutputStream.write(KeyOutputStream.java:193)
	at org.apache.hadoop.ozone.client.io.OzoneOutputStream.write(OzoneOutputStream.java:49)
	at org.apache.hadoop.ozone.freon.RandomKeyGenerator.createKey(RandomKeyGenerator.java:699)
	at org.apache.hadoop.ozone.freon.RandomKeyGenerator.access$1100(RandomKeyGenerator.java:87)
	at org.apache.hadoop.ozone.freon.RandomKeyGenerator$ObjectCreator.run(RandomKeyGenerator.java:606)
	at java.util.concurrent.Executors$RunnableAdapter.call(Executors.java:511)
	at java.util.concurrent.FutureTask.run(FutureTask.java:266)
	at java.util.concurrent.ThreadPoolExecutor.runWorker(ThreadPoolExecutor.java:1149)
	at java.util.concurrent.ThreadPoolExecutor$Worker.run(ThreadPoolExecutor.java:624)
	at java.lang.Thread.run(Thread.java:748)
2019-08-20 11:36:32,380 WARN  io.KeyOutputStream (KeyOutputStream.java:handleException(276)) - Encountered exception java.io.IOException: Unexpected Storage Container Exception: java.io.IOException: Unexpected Storage Container Exception: java.util.concurrent.TimeoutException on the pipeline Pipeline[ Id: edd4dacd-83a8-48d9-a29d-3f41e8ad953a, Nodes: 8b17640a-2548-4323-bd97-ba3488877b23{ip: 192.168.5.133, host: pr-hdds-1054s69ht-3886455778, networkLocation: /default-rack, certSerialId: null}aeb608e6-131f-44e0-aa35-97c12a2f72a3{ip: 192.168.5.133, host: pr-hdds-1054s69ht-3886455778, networkLocation: /default-rack, certSerialId: null}b6a0d396-0e26-402b-ac58-4f0615a4fad6{ip: 192.168.5.133, host: pr-hdds-1054s69ht-3886455778, networkLocation: /default-rack, certSerialId: null}, Type:RATIS, Factor:THREE, State:OPEN]. The last committed block length is 0, uncommitted data length is 2097152 retry count 0
2019-08-20 11:36:32,415 WARN  block.BlockManagerImpl (BlockManagerImpl.java:allocateBlock(192)) - Pipeline creation failed for type:RATIS factor:THREE. Retrying get pipelines call once.
org.apache.hadoop.hdds.scm.pipeline.InsufficientDatanodesException: Cannot create pipeline of factor 3 using 2 nodes.
	at org.apache.hadoop.hdds.scm.pipeline.RatisPipelineProvider.create(RatisPipelineProvider.java:151)
	at org.apache.hadoop.hdds.scm.pipeline.PipelineFactory.create(PipelineFactory.java:57)
	at org.apache.hadoop.hdds.scm.pipeline.SCMPipelineManager.createPipeline(SCMPipelineManager.java:149)
	at org.apache.hadoop.hdds.scm.block.BlockManagerImpl.allocateBlock(BlockManagerImpl.java:190)
	at org.apache.hadoop.hdds.scm.server.SCMBlockProtocolServer.allocateBlock(SCMBlockProtocolServer.java:175)
	at org.apache.hadoop.ozone.protocolPB.ScmBlockLocationProtocolServerSideTranslatorPB.allocateScmBlock(ScmBlockLocationProtocolServerSideTranslatorPB.java:153)
	at org.apache.hadoop.ozone.protocolPB.ScmBlockLocationProtocolServerSideTranslatorPB.send(ScmBlockLocationProtocolServerSideTranslatorPB.java:112)
	at org.apache.hadoop.hdds.protocol.proto.ScmBlockLocationProtocolProtos$ScmBlockLocationProtocolService$2.callBlockingMethod(ScmBlockLocationProtocolProtos.java:13157)
	at org.apache.hadoop.ipc.ProtobufRpcEngine$Server$ProtoBufRpcInvoker.call(ProtobufRpcEngine.java:524)
	at org.apache.hadoop.ipc.RPC$Server.call(RPC.java:1025)
	at org.apache.hadoop.ipc.Server$RpcCall.run(Server.java:876)
	at org.apache.hadoop.ipc.Server$RpcCall.run(Server.java:822)
	at java.security.AccessController.doPrivileged(Native Method)
	at javax.security.auth.Subject.doAs(Subject.java:422)
	at org.apache.hadoop.security.UserGroupInformation.doAs(UserGroupInformation.java:1730)
	at org.apache.hadoop.ipc.Server$Handler.run(Server.java:2682)
2019-08-20 11:36:32,416 INFO  block.BlockManagerImpl (BlockManagerImpl.java:allocateBlock(198)) - Could not find available pipeline of type:RATIS and factor:THREE even after retrying
2019-08-20 11:36:32,416 ERROR block.BlockManagerImpl (BlockManagerImpl.java:allocateBlock(222)) - Unable to allocate a block for the size: 4194304, type: RATIS, factor: THREE
11:36:32.420 [IPC Server handler 1 on 34585] ERROR OMAudit - user=jenkins1000 | ip=127.0.0.1 | op=ALLOCATE_BLOCK {volume=vol-0-98312, bucket=bucket-0-28661, key=key-0-05473, dataSize=0, replicationType=null, replicationFactor=null, keyLocationInfo=null, clientID=102649097507111314} | ret=FAILURE
org.apache.hadoop.hdds.scm.exceptions.SCMException: Allocated 0 blocks. Requested 1 blocks
	at org.apache.hadoop.hdds.scm.protocolPB.ScmBlockLocationProtocolClientSideTranslatorPB.handleError(ScmBlockLocationProtocolClientSideTranslatorPB.java:118) ~[hadoop-hdds-common-0.5.0-SNAPSHOT.jar:?]
	at org.apache.hadoop.hdds.scm.protocolPB.ScmBlockLocationProtocolClientSideTranslatorPB.allocateBlock(ScmBlockLocationProtocolClientSideTranslatorPB.java:156) ~[hadoop-hdds-common-0.5.0-SNAPSHOT.jar:?]
	at sun.reflect.GeneratedMethodAccessor53.invoke(Unknown Source) ~[?:?]
	at sun.reflect.DelegatingMethodAccessorImpl.invoke(DelegatingMethodAccessorImpl.java:43) ~[?:1.8.0_212]
	at java.lang.reflect.Method.invoke(Method.java:498) ~[?:1.8.0_212]
	at org.apache.hadoop.hdds.tracing.TraceAllMethod.invoke(TraceAllMethod.java:66) ~[hadoop-hdds-common-0.5.0-SNAPSHOT.jar:?]
	at com.sun.proxy.$Proxy27.allocateBlock(Unknown Source) ~[?:?]
	at org.apache.hadoop.ozone.om.KeyManagerImpl.allocateBlock(KeyManagerImpl.java:336) ~[hadoop-ozone-ozone-manager-0.5.0-SNAPSHOT.jar:?]
	at org.apache.hadoop.ozone.om.KeyManagerImpl.allocateBlock(KeyManagerImpl.java:307) ~[hadoop-ozone-ozone-manager-0.5.0-SNAPSHOT.jar:?]
	at org.apache.hadoop.ozone.om.OzoneManager.allocateBlock(OzoneManager.java:2298) [hadoop-ozone-ozone-manager-0.5.0-SNAPSHOT.jar:?]
	at org.apache.hadoop.ozone.protocolPB.OzoneManagerRequestHandler.allocateBlock(OzoneManagerRequestHandler.java:747) [hadoop-ozone-ozone-manager-0.5.0-SNAPSHOT.jar:?]
	at org.apache.hadoop.ozone.protocolPB.OzoneManagerRequestHandler.handle(OzoneManagerRequestHandler.java:244) [hadoop-ozone-ozone-manager-0.5.0-SNAPSHOT.jar:?]
	at org.apache.hadoop.ozone.protocolPB.OzoneManagerProtocolServerSideTranslatorPB.submitRequestDirectlyToOM(OzoneManagerProtocolServerSideTranslatorPB.java:200) [hadoop-ozone-ozone-manager-0.5.0-SNAPSHOT.jar:?]
	at org.apache.hadoop.ozone.protocolPB.OzoneManagerProtocolServerSideTranslatorPB.submitRequest(OzoneManagerProtocolServerSideTranslatorPB.java:118) [hadoop-ozone-ozone-manager-0.5.0-SNAPSHOT.jar:?]
	at org.apache.hadoop.ozone.protocol.proto.OzoneManagerProtocolProtos$OzoneManagerService$2.callBlockingMethod(OzoneManagerProtocolProtos.java) [hadoop-ozone-common-0.5.0-SNAPSHOT.jar:?]
	at org.apache.hadoop.ipc.ProtobufRpcEngine$Server$ProtoBufRpcInvoker.call(ProtobufRpcEngine.java:524) [hadoop-common-3.2.0.jar:?]
	at org.apache.hadoop.ipc.RPC$Server.call(RPC.java:1025) [hadoop-common-3.2.0.jar:?]
	at org.apache.hadoop.ipc.Server$RpcCall.run(Server.java:876) [hadoop-common-3.2.0.jar:?]
	at org.apache.hadoop.ipc.Server$RpcCall.run(Server.java:822) [hadoop-common-3.2.0.jar:?]
	at java.security.AccessController.doPrivileged(Native Method) [?:1.8.0_212]
	at javax.security.auth.Subject.doAs(Subject.java:422) [?:1.8.0_212]
	at org.apache.hadoop.security.UserGroupInformation.doAs(UserGroupInformation.java:1730) [hadoop-common-3.2.0.jar:?]
	at org.apache.hadoop.ipc.Server$Handler.run(Server.java:2682) [hadoop-common-3.2.0.jar:?]
2019-08-20 11:36:32,437 ERROR io.BlockOutputStreamEntryPool (BlockOutputStreamEntryPool.java:allocateBlockIfNeeded(299)) - Try to allocate more blocks for write failed, already allocated 0 blocks for this write.
INTERNAL_ERROR org.apache.hadoop.ozone.om.exceptions.OMException: Allocated 0 blocks. Requested 1 blocks
	at org.apache.hadoop.ozone.om.protocolPB.OzoneManagerProtocolClientSideTranslatorPB.handleError(OzoneManagerProtocolClientSideTranslatorPB.java:725)
	at org.apache.hadoop.ozone.om.protocolPB.OzoneManagerProtocolClientSideTranslatorPB.allocateBlock(OzoneManagerProtocolClientSideTranslatorPB.java:757)
	at org.apache.hadoop.ozone.client.io.BlockOutputStreamEntryPool.allocateNewBlock(BlockOutputStreamEntryPool.java:248)
	at org.apache.hadoop.ozone.client.io.BlockOutputStreamEntryPool.allocateBlockIfNeeded(BlockOutputStreamEntryPool.java:296)
	at org.apache.hadoop.ozone.client.io.KeyOutputStream.handleWrite(KeyOutputStream.java:201)
	at org.apache.hadoop.ozone.client.io.KeyOutputStream.handleRetry(KeyOutputStream.java:376)
	at org.apache.hadoop.ozone.client.io.KeyOutputStream.handleException(KeyOutputStream.java:325)
	at org.apache.hadoop.ozone.client.io.KeyOutputStream.handleWrite(KeyOutputStream.java:231)
	at org.apache.hadoop.ozone.client.io.KeyOutputStream.write(KeyOutputStream.java:193)
	at org.apache.hadoop.ozone.client.io.OzoneOutputStream.write(OzoneOutputStream.java:49)
	at org.apache.hadoop.ozone.freon.RandomKeyGenerator.createKey(RandomKeyGenerator.java:699)
	at org.apache.hadoop.ozone.freon.RandomKeyGenerator.access$1100(RandomKeyGenerator.java:87)
	at org.apache.hadoop.ozone.freon.RandomKeyGenerator$ObjectCreator.run(RandomKeyGenerator.java:606)
	at java.util.concurrent.Executors$RunnableAdapter.call(Executors.java:511)
	at java.util.concurrent.FutureTask.run(FutureTask.java:266)
	at java.util.concurrent.ThreadPoolExecutor.runWorker(ThreadPoolExecutor.java:1149)
	at java.util.concurrent.ThreadPoolExecutor$Worker.run(ThreadPoolExecutor.java:624)
	at java.lang.Thread.run(Thread.java:748)
2019-08-20 11:36:32,439 ERROR freon.RandomKeyGenerator (RandomKeyGenerator.java:createKey(724)) - Exception while adding key: key-0-05473 in bucket: bucket-0-28661 of volume: vol-0-98312.
INTERNAL_ERROR org.apache.hadoop.ozone.om.exceptions.OMException: Allocated 0 blocks. Requested 1 blocks
	at org.apache.hadoop.ozone.om.protocolPB.OzoneManagerProtocolClientSideTranslatorPB.handleError(OzoneManagerProtocolClientSideTranslatorPB.java:725)
	at org.apache.hadoop.ozone.om.protocolPB.OzoneManagerProtocolClientSideTranslatorPB.allocateBlock(OzoneManagerProtocolClientSideTranslatorPB.java:757)
	at org.apache.hadoop.ozone.client.io.BlockOutputStreamEntryPool.allocateNewBlock(BlockOutputStreamEntryPool.java:248)
	at org.apache.hadoop.ozone.client.io.BlockOutputStreamEntryPool.allocateBlockIfNeeded(BlockOutputStreamEntryPool.java:296)
	at org.apache.hadoop.ozone.client.io.KeyOutputStream.handleWrite(KeyOutputStream.java:201)
	at org.apache.hadoop.ozone.client.io.KeyOutputStream.handleRetry(KeyOutputStream.java:376)
	at org.apache.hadoop.ozone.client.io.KeyOutputStream.handleException(KeyOutputStream.java:325)
	at org.apache.hadoop.ozone.client.io.KeyOutputStream.handleWrite(KeyOutputStream.java:231)
	at org.apache.hadoop.ozone.client.io.KeyOutputStream.write(KeyOutputStream.java:193)
	at org.apache.hadoop.ozone.client.io.OzoneOutputStream.write(OzoneOutputStream.java:49)
	at org.apache.hadoop.ozone.freon.RandomKeyGenerator.createKey(RandomKeyGenerator.java:699)
	at org.apache.hadoop.ozone.freon.RandomKeyGenerator.access$1100(RandomKeyGenerator.java:87)
	at org.apache.hadoop.ozone.freon.RandomKeyGenerator$ObjectCreator.run(RandomKeyGenerator.java:606)
	at java.util.concurrent.Executors$RunnableAdapter.call(Executors.java:511)
	at java.util.concurrent.FutureTask.run(FutureTask.java:266)
	at java.util.concurrent.ThreadPoolExecutor.runWorker(ThreadPoolExecutor.java:1149)
	at java.util.concurrent.ThreadPoolExecutor$Worker.run(ThreadPoolExecutor.java:624)
	at java.lang.Thread.run(Thread.java:748)
2019-08-20 11:36:32,727 WARN  server.GrpcLogAppender (GrpcLogAppender.java:onNextImpl(250)) - org.apache.ratis.grpc.server.GrpcLogAppender$AppendLogResponseHandler@10b66839: Request not found, ignoring reply: aeb608e6-131f-44e0-aa35-97c12a2f72a3<-b6a0d396-0e26-402b-ac58-4f0615a4fad6#5457:OK,SUCCESS,nextIndex:5445,term:1,followerCommit:5443
2019-08-20 11:36:32,728 WARN  server.GrpcLogAppender (GrpcLogAppender.java:onNextImpl(250)) - org.apache.ratis.grpc.server.GrpcLogAppender$AppendLogResponseHandler@10b66839: Request not found, ignoring reply: aeb608e6-131f-44e0-aa35-97c12a2f72a3<-b6a0d396-0e26-402b-ac58-4f0615a4fad6#5458:OK,SUCCESS,nextIndex:5445,term:1,followerCommit:5443
2019-08-20 11:36:32,728 WARN  server.GrpcLogAppender (GrpcLogAppender.java:onNextImpl(250)) - org.apache.ratis.grpc.server.GrpcLogAppender$AppendLogResponseHandler@10b66839: Request not found, ignoring reply: aeb608e6-131f-44e0-aa35-97c12a2f72a3<-b6a0d396-0e26-402b-ac58-4f0615a4fad6#5459:OK,SUCCESS,nextIndex:5445,term:1,followerCommit:5443
2019-08-20 11:36:32,730 INFO  client.GrpcClientProtocolClient (GrpcClientProtocolClient.java:onNext(255)) - client-FC58CAF12498->aeb608e6-131f-44e0-aa35-97c12a2f72a3: receive RaftClientReply:client-FC58CAF12498->aeb608e6-131f-44e0-aa35-97c12a2f72a3@group-3F41E8AD953A, cid=3624, SUCCESS, logIndex=0, commits[aeb608e6-131f-44e0-aa35-97c12a2f72a3:c5443, b6a0d396-0e26-402b-ac58-4f0615a4fad6:c5443, 8b17640a-2548-4323-bd97-ba3488877b23:c5439]
2019-08-20 11:36:32,730 INFO  client.GrpcClientProtocolClient (GrpcClientProtocolClient.java:onNext(255)) - client-FC58CAF12498->aeb608e6-131f-44e0-aa35-97c12a2f72a3: receive RaftClientReply:client-FC58CAF12498->aeb608e6-131f-44e0-aa35-97c12a2f72a3@group-3F41E8AD953A, cid=3624, SUCCESS, logIndex=0, commits[aeb608e6-131f-44e0-aa35-97c12a2f72a3:c5443, b6a0d396-0e26-402b-ac58-4f0615a4fad6:c5443, 8b17640a-2548-4323-bd97-ba3488877b23:c5439]
2019-08-20 11:36:32,731 WARN  server.GrpcLogAppender (GrpcLogAppender.java:onNextImpl(250)) - org.apache.ratis.grpc.server.GrpcLogAppender$AppendLogResponseHandler@43b61fed: Request not found, ignoring reply: aeb608e6-131f-44e0-aa35-97c12a2f72a3<-8b17640a-2548-4323-bd97-ba3488877b23#5456:OK,SUCCESS,nextIndex:5445,term:1,followerCommit:5443
2019-08-20 11:36:32,731 WARN  server.GrpcLogAppender (GrpcLogAppender.java:onNextImpl(250)) - org.apache.ratis.grpc.server.GrpcLogAppender$AppendLogResponseHandler@43b61fed: Request not found, ignoring reply: aeb608e6-131f-44e0-aa35-97c12a2f72a3<-8b17640a-2548-4323-bd97-ba3488877b23#5457:OK,SUCCESS,nextIndex:5445,term:1,followerCommit:5443
2019-08-20 11:36:32,732 WARN  server.GrpcLogAppender (GrpcLogAppender.java:onNextImpl(250)) - org.apache.ratis.grpc.server.GrpcLogAppender$AppendLogResponseHandler@43b61fed: Request not found, ignoring reply: aeb608e6-131f-44e0-aa35-97c12a2f72a3<-8b17640a-2548-4323-bd97-ba3488877b23#5458:OK,SUCCESS,nextIndex:5445,term:1,followerCommit:5443
2019-08-20 11:36:32,732 INFO  client.GrpcClientProtocolClient (GrpcClientProtocolClient.java:onNext(255)) - client-FC58CAF12498->aeb608e6-131f-44e0-aa35-97c12a2f72a3: receive RaftClientReply:client-FC58CAF12498->aeb608e6-131f-44e0-aa35-97c12a2f72a3@group-3F41E8AD953A, cid=3623, SUCCESS, logIndex=0, commits[aeb608e6-131f-44e0-aa35-97c12a2f72a3:c5444, b6a0d396-0e26-402b-ac58-4f0615a4fad6:c5443, 8b17640a-2548-4323-bd97-ba3488877b23:c5443]
2019-08-20 11:36:32,733 INFO  client.GrpcClientProtocolClient (GrpcClientProtocolClient.java:onNext(255)) - client-FC58CAF12498->aeb608e6-131f-44e0-aa35-97c12a2f72a3: receive RaftClientReply:client-FC58CAF12498->aeb608e6-131f-44e0-aa35-97c12a2f72a3@group-3F41E8AD953A, cid=3623, SUCCESS, logIndex=0, commits[aeb608e6-131f-44e0-aa35-97c12a2f72a3:c5444, b6a0d396-0e26-402b-ac58-4f0615a4fad6:c5443, 8b17640a-2548-4323-bd97-ba3488877b23:c5443]
2019-08-20 11:36:32,733 INFO  client.GrpcClientProtocolClient (GrpcClientProtocolClient.java:onNext(255)) - client-FC58CAF12498->aeb608e6-131f-44e0-aa35-97c12a2f72a3: receive RaftClientReply:client-FC58CAF12498->aeb608e6-131f-44e0-aa35-97c12a2f72a3@group-3F41E8AD953A, cid=3623, SUCCESS, logIndex=0, commits[aeb608e6-131f-44e0-aa35-97c12a2f72a3:c5444, b6a0d396-0e26-402b-ac58-4f0615a4fad6:c5443, 8b17640a-2548-4323-bd97-ba3488877b23:c5443]
 0.00% |█                                                                                                    |  0/1 Time: 0:01:06 0.00% |█                                                                                                    |  0/1 Time: 0:01:07 0.00% |█                                                                                                    |  0/1 Time: 0:01:08 0.00% |█                                                                                                    |  0/1 Time: 0:01:09 100.00% |█████████████████████████████████████████████████████████████████████████████████████████████████████|  1/1 Time: 0:01:10
]]></system-out>
  </testcase>
  <testcase name="fileWithSizeZero" classname="org.apache.hadoop.ozone.freon.TestRandomKeyGenerator" time="5.063"/>
  <testcase name="multiThread" classname="org.apache.hadoop.ozone.freon.TestRandomKeyGenerator" time="5.037"/>
</testsuite>